core   0: 0x00001000 (0x00000297) auipc   t0, 0x0
core   0: 3 0x00001000 (0x00000297) x 5 0x00001000
core   0: 0x00001004 (0x02028593) addi    a1, t0, 32
core   0: 3 0x00001004 (0x02028593) x11 0x00001020
core   0: 0x00001008 (0xf1402573) csrr    a0, mhartid
core   0: 3 0x00001008 (0xf1402573) x10 0x00000000
core   0: 0x0000100c (0x0182a283) lw      t0, 24(t0)
core   0: 3 0x0000100c (0x0182a283) x 5 0x80000000 mem 0x00001018
core   0: 0x00001010 (0x00028067) jr      t0
core   0: 3 0x00001010 (0x00028067)
core   0: 0x80000000 (0xf14022f3) csrr    t0, mhartid
core   0: 3 0x80000000 (0xf14022f3) x 5 0x00000000
core   0: 0x80000004 (0x00000313) li      t1, 0
core   0: 3 0x80000004 (0x00000313) x 6 0x00000000
core   0: 0x80000008 (0x00628263) beq     t0, t1, pc + 4
core   0: 3 0x80000008 (0x00628263)
core   0: 0x8000000c (0x00000c17) auipc   s8, 0x0
core   0: 3 0x8000000c (0x00000c17) x24 0x8000000c
core   0: 0x80000010 (0x00cc0c13) addi    s8, s8, 12
core   0: 3 0x80000010 (0x00cc0c13) x24 0x80000018
core   0: 0x80000014 (0x000c0067) jr      s8
core   0: 3 0x80000014 (0x000c0067)
core   0: 0x80000018 (0x40000bb7) lui     s7, 0x40000
core   0: 3 0x80000018 (0x40000bb7) x23 0x40000000
core   0: 0x8000001c (0x100b8b93) addi    s7, s7, 256
core   0: 3 0x8000001c (0x100b8b93) x23 0x40000100
core   0: 0x80000020 (0x301b9073) csrw    misa, s7
core   0: 3 0x80000020 (0x301b9073) c769_misa 0x40140100
core   0: 0x80000024 (0x00015517) auipc   a0, 0x15
core   0: 3 0x80000024 (0x00015517) x10 0x80015024
core   0: 0x80000028 (0xcc050513) addi    a0, a0, -832
core   0: 3 0x80000028 (0xcc050513) x10 0x80014ce4
core   0: 0x8000002c (0x0000bb97) auipc   s7, 0xb
core   0: 3 0x8000002c (0x0000bb97) x23 0x8000b02c
core   0: 0x80000030 (0x324b8b93) addi    s7, s7, 804
core   0: 3 0x80000030 (0x324b8b93) x23 0x8000b350
core   0: 0x80000034 (0x000beb93) ori     s7, s7, 0
core   0: 3 0x80000034 (0x000beb93) x23 0x8000b350
core   0: 0x80000038 (0x305b9073) csrw    mtvec, s7
core   0: 3 0x80000038 (0x305b9073) c773_mtvec 0x8000b350
core   0: 0x8000003c (0x00000b97) auipc   s7, 0x0
core   0: 3 0x8000003c (0x00000b97) x23 0x8000003c
core   0: 0x80000040 (0x028b8b93) addi    s7, s7, 40
core   0: 3 0x80000040 (0x028b8b93) x23 0x80000064
core   0: 0x80000044 (0x341b9073) csrw    mepc, s7
core   0: 3 0x80000044 (0x341b9073) c833_mepc 0x80000064
core   0: 0x80000048 (0x00000013) nop
core   0: 3 0x80000048 (0x00000013)
core   0: 0x8000004c (0x00002bb7) lui     s7, 0x2
core   0: 3 0x8000004c (0x00002bb7) x23 0x00002000
core   0: 0x80000050 (0x800b8b93) addi    s7, s7, -2048
core   0: 3 0x80000050 (0x800b8b93) x23 0x00001800
core   0: 0x80000054 (0x300b9073) csrw    mstatus, s7
core   0: 3 0x80000054 (0x300b9073) c768_mstatus 0x00001800
core   0: 0x80000058 (0x00000b93) li      s7, 0
core   0: 3 0x80000058 (0x00000b93) x23 0x00000000
core   0: 0x8000005c (0x304b9073) csrw    mie, s7
core   0: 3 0x8000005c (0x304b9073) c772_mie 0x00000000
core   0: 0x80000060 (0x30200073) mret
core   0: 3 0x80000060 (0x30200073) c768_mstatus 0x00000080
core   0: >>>>  init
core   0: 0x80000064 (0x00e00013) li      zero, 14
core   0: 3 0x80000064 (0x00e00013)
core   0: 0x80000068 (0x800000b7) lui     ra, 0x80000
core   0: 3 0x80000068 (0x800000b7) x 1 0x80000000
core   0: 0x8000006c (0x00500113) li      sp, 5
core   0: 3 0x8000006c (0x00500113) x 2 0x00000005
core   0: 0x80000070 (0x800001b7) lui     gp, 0x80000
core   0: 3 0x80000070 (0x800001b7) x 3 0x80000000
core   0: 0x80000074 (0xbebaf237) lui     tp, 0xbebaf
core   0: 3 0x80000074 (0xbebaf237) x 4 0xbebaf000
core   0: 0x80000078 (0x28d20213) addi    tp, tp, 653
core   0: 3 0x80000078 (0x28d20213) x 4 0xbebaf28d
core   0: 0x8000007c (0x00000293) li      t0, 0
core   0: 3 0x8000007c (0x00000293) x 5 0x00000000
core   0: 0x80000080 (0x00900313) li      t1, 9
core   0: 3 0x80000080 (0x00900313) x 6 0x00000009
core   0: 0x80000084 (0x00a00393) li      t2, 10
core   0: 3 0x80000084 (0x00a00393) x 7 0x0000000a
core   0: 0x80000088 (0x80000437) lui     s0, 0x80000
core   0: 3 0x80000088 (0x80000437) x 8 0x80000000
core   0: 0x8000008c (0x00000493) li      s1, 0
core   0: 3 0x8000008c (0x00000493) x 9 0x00000000
core   0: 0x80000090 (0xfe276637) lui     a2, 0xfe276
core   0: 3 0x80000090 (0xfe276637) x12 0xfe276000
core   0: 0x80000094 (0x57c60613) addi    a2, a2, 1404
core   0: 3 0x80000094 (0x57c60613) x12 0xfe27657c
core   0: 0x80000098 (0x00000693) li      a3, 0
core   0: 3 0x80000098 (0x00000693) x13 0x00000000
core   0: 0x8000009c (0x00a00713) li      a4, 10
core   0: 3 0x8000009c (0x00a00713) x14 0x0000000a
core   0: 0x800000a0 (0x00000793) li      a5, 0
core   0: 3 0x800000a0 (0x00000793) x15 0x00000000
core   0: 0x800000a4 (0x00a00813) li      a6, 10
core   0: 3 0x800000a4 (0x00a00813) x16 0x0000000a
core   0: 0x800000a8 (0x800008b7) lui     a7, 0x80000
core   0: 3 0x800000a8 (0x800008b7) x17 0x80000000
core   0: 0x800000ac (0xa5895937) lui     s2, 0xa5895
core   0: 3 0x800000ac (0xa5895937) x18 0xa5895000
core   0: 0x800000b0 (0xa5b90913) addi    s2, s2, -1445
core   0: 3 0x800000b0 (0xa5b90913) x18 0xa5894a5b
core   0: 0x800000b4 (0x2c3dc9b7) lui     s3, 0x2c3dc
core   0: 3 0x800000b4 (0x2c3dc9b7) x19 0x2c3dc000
core   0: 0x800000b8 (0xf6898993) addi    s3, s3, -152
core   0: 3 0x800000b8 (0xf6898993) x19 0x2c3dbf68
core   0: 0x800000bc (0xf0519a37) lui     s4, 0xf0519
core   0: 3 0x800000bc (0xf0519a37) x20 0xf0519000
core   0: 0x800000c0 (0x1e0a0a13) addi    s4, s4, 480
core   0: 3 0x800000c0 (0x1e0a0a13) x20 0xf05191e0
core   0: 0x800000c4 (0x80000ab7) lui     s5, 0x80000
core   0: 3 0x800000c4 (0x80000ab7) x21 0x80000000
core   0: 0x800000c8 (0x00000b13) li      s6, 0
core   0: 3 0x800000c8 (0x00000b13) x22 0x00000000
core   0: 0x800000cc (0x8ba3ebb7) lui     s7, 0x8ba3e
core   0: 3 0x800000cc (0x8ba3ebb7) x23 0x8ba3e000
core   0: 0x800000d0 (0x827b8b93) addi    s7, s7, -2009
core   0: 3 0x800000d0 (0x827b8b93) x23 0x8ba3d827
core   0: 0x800000d4 (0xffc28c37) lui     s8, 0xffc28
core   0: 3 0x800000d4 (0xffc28c37) x24 0xffc28000
core   0: 0x800000d8 (0xe3fc0c13) addi    s8, s8, -449
core   0: 3 0x800000d8 (0xe3fc0c13) x24 0xffc27e3f
core   0: 0x800000dc (0x3e50acb7) lui     s9, 0x3e50a
core   0: 3 0x800000dc (0x3e50acb7) x25 0x3e50a000
core   0: 0x800000e0 (0xf8cc8c93) addi    s9, s9, -116
core   0: 3 0x800000e0 (0xf8cc8c93) x25 0x3e509f8c
core   0: 0x800000e4 (0x80000d37) lui     s10, 0x80000
core   0: 3 0x800000e4 (0x80000d37) x26 0x80000000
core   0: 0x800000e8 (0x00000d93) li      s11, 0
core   0: 3 0x800000e8 (0x00000d93) x27 0x00000000
core   0: 0x800000ec (0x00a00e13) li      t3, 10
core   0: 3 0x800000ec (0x00a00e13) x28 0x0000000a
core   0: 0x800000f0 (0xfe3d9eb7) lui     t4, 0xfe3d9
core   0: 3 0x800000f0 (0xfe3d9eb7) x29 0xfe3d9000
core   0: 0x800000f4 (0xe9ce8e93) addi    t4, t4, -356
core   0: 3 0x800000f4 (0xe9ce8e93) x29 0xfe3d8e9c
core   0: 0x800000f8 (0xfe2c5f37) lui     t5, 0xfe2c5
core   0: 3 0x800000f8 (0xfe2c5f37) x30 0xfe2c5000
core   0: 0x800000fc (0x45cf0f13) addi    t5, t5, 1116
core   0: 3 0x800000fc (0x45cf0f13) x30 0xfe2c545c
core   0: 0x80000100 (0xfca0dfb7) lui     t6, 0xfca0d
core   0: 3 0x80000100 (0xfca0dfb7) x31 0xfca0d000
core   0: 0x80000104 (0x1b9f8f93) addi    t6, t6, 441
core   0: 3 0x80000104 (0x1b9f8f93) x31 0xfca0d1b9
core   0: 0x80000108 (0x00011597) auipc   a1, 0x11
core   0: 3 0x80000108 (0x00011597) x11 0x80011108
core   0: 0x8000010c (0xd5c58593) addi    a1, a1, -676
core   0: 3 0x8000010c (0xd5c58593) x11 0x80010e64
core   0: 0x80000110 (0x00000413) li      s0, 0
core   0: 3 0x80000110 (0x00000413) x 8 0x00000000
core   0: 0x80000114 (0xfff00113) li      sp, -1
core   0: 3 0x80000114 (0xfff00113) x 2 0xffffffff
core   0: 0x80000118 (0xfff00193) li      gp, -1
core   0: 3 0x80000118 (0xfff00193) x 3 0xffffffff
core   0: 0x8000011c (0x00000b13) li      s6, 0
core   0: 3 0x8000011c (0x00000b13) x22 0x00000000
core   0: 0x80000120 (0x00000e93) li      t4, 0
core   0: 3 0x80000120 (0x00000e93) x29 0x00000000
core   0: 0x80000124 (0x800000b7) lui     ra, 0x80000
core   0: 3 0x80000124 (0x800000b7) x 1 0x80000000
core   0: 0x80000128 (0x1099f237) lui     tp, 0x1099f
core   0: 3 0x80000128 (0x1099f237) x 4 0x1099f000
core   0: 0x8000012c (0x3b120213) addi    tp, tp, 945
core   0: 3 0x8000012c (0x3b120213) x 4 0x1099f3b1
core   0: 0x80000130 (0x00000b93) li      s7, 0
core   0: 3 0x80000130 (0x00000b93) x23 0x00000000
core   0: 0x80000134 (0x00000a93) li      s5, 0
core   0: 3 0x80000134 (0x00000a93) x21 0x00000000
core   0: 0x80000138 (0xfff00d13) li      s10, -1
core   0: 3 0x80000138 (0xfff00d13) x26 0xffffffff
core   0: 0x8000013c (0x456a8113) addi    sp, s5, 1110
core   0: 3 0x8000013c (0x456a8113) x 2 0x00000456
core   0: 0x80000140 (0x408a8233) sub     tp, s5, s0
core   0: 3 0x80000140 (0x408a8233) x 4 0x00000000
core   0: 0x80000144 (0x41518433) sub     s0, gp, s5
core   0: 3 0x80000144 (0x41518433) x 8 0xffffffff
core   0: 0x80000148 (0x401d00b3) sub     ra, s10, ra
core   0: 3 0x80000148 (0x401d00b3) x 1 0x7fffffff
core   0: 0x8000014c (0x00000013) nop
core   0: 3 0x8000014c (0x00000013)
core   0: 0x80000150 (0x41a20eb3) sub     t4, tp, s10
core   0: 3 0x80000150 (0x41a20eb3) x29 0x00000001
core   0: 0x80000154 (0x40418bb3) sub     s7, gp, tp
core   0: 3 0x80000154 (0x40418bb3) x23 0xffffffff
core   0: 0x80000158 (0xb9cd3097) auipc   ra, 0xb9cd3
core   0: 3 0x80000158 (0xb9cd3097) x 1 0x39cd3158
core   0: 0x8000015c (0x00000013) nop
core   0: 3 0x8000015c (0x00000013)
core   0: 0x80000160 (0x00000013) nop
core   0: 3 0x80000160 (0x00000013)
core   0: 0x80000164 (0x01a40b33) add     s6, s0, s10
core   0: 3 0x80000164 (0x01a40b33) x22 0xfffffffe
core   0: 0x80000168 (0x00000013) nop
core   0: 3 0x80000168 (0x00000013)
core   0: 0x8000016c (0x32577eb7) lui     t4, 0x32577
core   0: 3 0x8000016c (0x32577eb7) x29 0x32577000
core   0: 0x80000170 (0x004a8433) add     s0, s5, tp
core   0: 3 0x80000170 (0x004a8433) x 8 0x00000000
core   0: 0x80000174 (0x00418ab3) add     s5, gp, tp
core   0: 3 0x80000174 (0x00418ab3) x21 0xffffffff
core   0: 0x80000178 (0x00000013) nop
core   0: 3 0x80000178 (0x00000013)
core   0: 0x8000017c (0x3bff3d17) auipc   s10, 0x3bff3
core   0: 3 0x8000017c (0x3bff3d17) x26 0xbbff317c
core   0: 0x80000180 (0xe4037b17) auipc   s6, 0xe4037
core   0: 3 0x80000180 (0xe4037b17) x22 0x64037180
core   0: 0x80000184 (0x228d0093) addi    ra, s10, 552
core   0: 3 0x80000184 (0x228d0093) x 1 0xbbff33a4
core   0: 0x80000188 (0x2a3a8193) addi    gp, s5, 675
core   0: 3 0x80000188 (0x2a3a8193) x 3 0x000002a2
core   0: 0x8000018c (0x3b1b0a93) addi    s5, s6, 945
core   0: 3 0x8000018c (0x3b1b0a93) x21 0x64037531
core   0: 0x80000190 (0x00000013) nop
core   0: 3 0x80000190 (0x00000013)
core   0: 0x80000194 (0xeccc4bb7) lui     s7, 0xeccc4
core   0: 3 0x80000194 (0xeccc4bb7) x23 0xeccc4000
core   0: 0x80000198 (0xfff00813) li      a6, -1
core   0: 3 0x80000198 (0xfff00813) x16 0xffffffff
core   0: 0x8000019c (0xfff00e93) li      t4, -1
core   0: 3 0x8000019c (0xfff00e93) x29 0xffffffff
core   0: 0x800001a0 (0x80000137) lui     sp, 0x80000
core   0: 3 0x800001a0 (0x80000137) x 2 0x80000000
core   0: 0x800001a4 (0x00000a93) li      s5, 0
core   0: 3 0x800001a4 (0x00000a93) x21 0x00000000
core   0: 0x800001a8 (0x1e0664b7) lui     s1, 0x1e066
core   0: 3 0x800001a8 (0x1e0664b7) x 9 0x1e066000
core   0: 0x800001ac (0x3c148493) addi    s1, s1, 961
core   0: 3 0x800001ac (0x3c148493) x 9 0x1e0663c1
core   0: 0x800001b0 (0x00000393) li      t2, 0
core   0: 3 0x800001b0 (0x00000393) x 7 0x00000000
core   0: 0x800001b4 (0x80000337) lui     t1, 0x80000
core   0: 3 0x800001b4 (0x80000337) x 6 0x80000000
core   0: 0x800001b8 (0x80000b37) lui     s6, 0x80000
core   0: 3 0x800001b8 (0x80000b37) x22 0x80000000
core   0: 0x800001bc (0x00000213) li      tp, 0
core   0: 3 0x800001bc (0x00000213) x 4 0x00000000
core   0: 0x800001c0 (0x00000413) li      s0, 0
core   0: 3 0x800001c0 (0x00000413) x 8 0x00000000
core   0: 0x800001c4 (0x406e8133) sub     sp, t4, t1
core   0: 3 0x800001c4 (0x406e8133) x 2 0x7fffffff
core   0: 0x800001c8 (0x57f8a337) lui     t1, 0x57f8a
core   0: 3 0x800001c8 (0x57f8a337) x 6 0x57f8a000
core   0: 0x800001cc (0x00000013) nop
core   0: 3 0x800001cc (0x00000013)
core   0: 0x800001d0 (0xdf401b17) auipc   s6, 0xdf401
core   0: 3 0x800001d0 (0xdf401b17) x22 0x5f4011d0
core   0: 0x800001d4 (0x01530eb3) add     t4, t1, s5
core   0: 3 0x800001d4 (0x01530eb3) x29 0x57f8a000
core   0: 0x800001d8 (0x3c648e93) addi    t4, s1, 966
core   0: 3 0x800001d8 (0x3c648e93) x29 0x1e066787
core   0: 0x800001dc (0x415803b3) sub     t2, a6, s5
core   0: 3 0x800001dc (0x415803b3) x 7 0xffffffff
core   0: 0x800001e0 (0x42898137) lui     sp, 0x42898
core   0: 3 0x800001e0 (0x42898137) x 2 0x42898000
core   0: 0x800001e4 (0x3908f817) auipc   a6, 0x3908f
core   0: 3 0x800001e4 (0x3908f817) x16 0xb908f1e4
core   0: 0x800001e8 (0x002803b3) add     t2, a6, sp
core   0: 3 0x800001e8 (0x002803b3) x 7 0xfb9271e4
core   0: 0x800001ec (0x00000013) nop
core   0: 3 0x800001ec (0x00000013)
core   0: 0x800001f0 (0x402b0ab3) sub     s5, s6, sp
core   0: 3 0x800001f0 (0x402b0ab3) x21 0x1cb691d0
core   0: 0x800001f4 (0xb949aab7) lui     s5, 0xb949a
core   0: 3 0x800001f4 (0xb949aab7) x21 0xb949a000
core   0: 0x800001f8 (0x407484b3) sub     s1, s1, t2
core   0: 3 0x800001f8 (0x407484b3) x 9 0x2273f1dd
core   0: 0x800001fc (0xc1ab5397) auipc   t2, 0xc1ab5
core   0: 3 0x800001fc (0xc1ab5397) x 7 0x41ab51fc
core   0: 0x80000200 (0x00710b33) add     s6, sp, t2
core   0: 3 0x80000200 (0x00710b33) x22 0x8434d1fc
core   0: 0x80000204 (0x20a65317) auipc   t1, 0x20a65
core   0: 3 0x80000204 (0x20a65317) x 6 0xa0a65204
core   0: 0x80000208 (0x51ea1837) lui     a6, 0x51ea1
core   0: 3 0x80000208 (0x51ea1837) x16 0x51ea1000
core   0: 0x8000020c (0x01d80433) add     s0, a6, t4
core   0: 3 0x8000020c (0x01d80433) x 8 0x6ff07787
core   0: 0x80000210 (0x4b536137) lui     sp, 0x4b536
core   0: 3 0x80000210 (0x4b536137) x 2 0x4b536000
core   0: 0x80000214 (0x8e710113) addi    sp, sp, -1817
core   0: 3 0x80000214 (0x8e710113) x 2 0x4b5358e7
core   0: 0x80000218 (0x4ee1ab37) lui     s6, 0x4ee1a
core   0: 3 0x80000218 (0x4ee1ab37) x22 0x4ee1a000
core   0: 0x8000021c (0x60cb0b13) addi    s6, s6, 1548
core   0: 3 0x8000021c (0x60cb0b13) x22 0x4ee1a60c
core   0: 0x80000220 (0xe251cfb7) lui     t6, 0xe251c
core   0: 3 0x80000220 (0xe251cfb7) x31 0xe251c000
core   0: 0x80000224 (0xa5cf8f93) addi    t6, t6, -1444
core   0: 3 0x80000224 (0xa5cf8f93) x31 0xe251ba5c
core   0: 0x80000228 (0x800009b7) lui     s3, 0x80000
core   0: 3 0x80000228 (0x800009b7) x19 0x80000000
core   0: 0x8000022c (0x3ba056b7) lui     a3, 0x3ba05
core   0: 3 0x8000022c (0x3ba056b7) x13 0x3ba05000
core   0: 0x80000230 (0xd1768693) addi    a3, a3, -745
core   0: 3 0x80000230 (0xd1768693) x13 0x3ba04d17
core   0: 0x80000234 (0x52327eb7) lui     t4, 0x52327
core   0: 3 0x80000234 (0x52327eb7) x29 0x52327000
core   0: 0x80000238 (0x747e8e93) addi    t4, t4, 1863
core   0: 3 0x80000238 (0x747e8e93) x29 0x52327747
core   0: 0x8000023c (0xd9494337) lui     t1, 0xd9494
core   0: 3 0x8000023c (0xd9494337) x 6 0xd9494000
core   0: 0x80000240 (0xecd30313) addi    t1, t1, -307
core   0: 3 0x80000240 (0xecd30313) x 6 0xd9493ecd
core   0: 0x80000244 (0xfff00413) li      s0, -1
core   0: 3 0x80000244 (0xfff00413) x 8 0xffffffff
core   0: 0x80000248 (0x00000813) li      a6, 0
core   0: 3 0x80000248 (0x00000813) x16 0x00000000
core   0: 0x8000024c (0x80000637) lui     a2, 0x80000
core   0: 3 0x8000024c (0x80000637) x12 0x80000000
core   0: 0x80000250 (0x97af8613) addi    a2, t6, -1670
core   0: 3 0x80000250 (0x97af8613) x12 0xe251b3d6
core   0: 0x80000254 (0x1b911b17) auipc   s6, 0x1b911
core   0: 3 0x80000254 (0x1b911b17) x22 0x9b911254
core   0: 0x80000258 (0x18698113) addi    sp, s3, 390
core   0: 3 0x80000258 (0x18698113) x 2 0x80000186
core   0: 0x8000025c (0x54f37337) lui     t1, 0x54f37
core   0: 3 0x8000025c (0x54f37337) x 6 0x54f37000
core   0: 0x80000260 (0x402f8313) addi    t1, t6, 1026
core   0: 3 0x80000260 (0x402f8313) x 6 0xe251be5e
core   0: 0x80000264 (0xa44a79b7) lui     s3, 0xa44a7
core   0: 3 0x80000264 (0xa44a79b7) x19 0xa44a7000
core   0: 0x80000268 (0xc54b9817) auipc   a6, 0xc54b9
core   0: 3 0x80000268 (0xc54b9817) x16 0x454b9268
core   0: 0x8000026c (0x402b09b3) sub     s3, s6, sp
core   0: 3 0x8000026c (0x402b09b3) x19 0x1b9110ce
core   0: 0x80000270 (0x00668833) add     a6, a3, t1
core   0: 3 0x80000270 (0x00668833) x16 0x1df20b75
core   0: 0x80000274 (0x3c930f93) addi    t6, t1, 969
core   0: 3 0x80000274 (0x3c930f93) x31 0xe251c227
core   0: 0x80000278 (0x9b0aa6b7) lui     a3, 0x9b0aa
core   0: 3 0x80000278 (0x9b0aa6b7) x13 0x9b0aa000
core   0: 0x8000027c (0x00000013) nop
core   0: 3 0x8000027c (0x00000013)
core   0: 0x80000280 (0x40210833) sub     a6, sp, sp
core   0: 3 0x80000280 (0x40210833) x16 0x00000000
core   0: 0x80000284 (0x1bb46437) lui     s0, 0x1bb46
core   0: 3 0x80000284 (0x1bb46437) x 8 0x1bb46000
core   0: 0x80000288 (0x00000013) nop
core   0: 3 0x80000288 (0x00000013)
core   0: 0x8000028c (0x00000013) nop
core   0: 3 0x8000028c (0x00000013)
core   0: 0x80000290 (0x567abb17) auipc   s6, 0x567ab
core   0: 3 0x80000290 (0x567abb17) x22 0xd67ab290
core   0: 0x80000294 (0xed6f66b7) lui     a3, 0xed6f6
core   0: 3 0x80000294 (0xed6f66b7) x13 0xed6f6000
core   0: 0x80000298 (0x00000013) nop
core   0: 3 0x80000298 (0x00000013)
core   0: 0x8000029c (0xc944c817) auipc   a6, 0xc944c
core   0: 3 0x8000029c (0xc944c817) x16 0x4944c29c
core   0: 0x800002a0 (0x010f8eb3) add     t4, t6, a6
core   0: 3 0x800002a0 (0x010f8eb3) x29 0x2b9684c3
core   0: 0x800002a4 (0x8a9127b7) lui     a5, 0x8a912
core   0: 3 0x800002a4 (0x8a9127b7) x15 0x8a912000
core   0: 0x800002a8 (0xc5a78793) addi    a5, a5, -934
core   0: 3 0x800002a8 (0xc5a78793) x15 0x8a911c5a
core   0: 0x800002ac (0x00000d93) li      s11, 0
core   0: 3 0x800002ac (0x00000d93) x27 0x00000000
core   0: 0x800002b0 (0x00000313) li      t1, 0
core   0: 3 0x800002b0 (0x00000313) x 6 0x00000000
core   0: 0x800002b4 (0x800006b7) lui     a3, 0x80000
core   0: 3 0x800002b4 (0x800006b7) x13 0x80000000
core   0: 0x800002b8 (0x00000093) li      ra, 0
core   0: 3 0x800002b8 (0x00000093) x 1 0x00000000
core   0: 0x800002bc (0x80000fb7) lui     t6, 0x80000
core   0: 3 0x800002bc (0x80000fb7) x31 0x80000000
core   0: 0x800002c0 (0x00000813) li      a6, 0
core   0: 3 0x800002c0 (0x00000813) x16 0x00000000
core   0: 0x800002c4 (0x80000cb7) lui     s9, 0x80000
core   0: 3 0x800002c4 (0x80000cb7) x25 0x80000000
core   0: 0x800002c8 (0x00000113) li      sp, 0
core   0: 3 0x800002c8 (0x00000113) x 2 0x00000000
core   0: 0x800002cc (0x80000937) lui     s2, 0x80000
core   0: 3 0x800002cc (0x80000937) x18 0x80000000
core   0: 0x800002d0 (0xcad78913) addi    s2, a5, -851
core   0: 3 0x800002d0 (0xcad78913) x18 0x8a911907
core   0: 0x800002d4 (0x00000013) nop
core   0: 3 0x800002d4 (0x00000013)
core   0: 0x800002d8 (0x406f8333) sub     t1, t6, t1
core   0: 3 0x800002d8 (0x406f8333) x 6 0x80000000
core   0: 0x800002dc (0x00000013) nop
core   0: 3 0x800002dc (0x00000013)
core   0: 0x800002e0 (0x01968933) add     s2, a3, s9
core   0: 3 0x800002e0 (0x01968933) x18 0x00000000
core   0: 0x800002e4 (0x00000013) nop
core   0: 3 0x800002e4 (0x00000013)
core   0: 0x800002e8 (0x40dd8833) sub     a6, s11, a3
core   0: 3 0x800002e8 (0x40dd8833) x16 0x80000000
core   0: 0x800002ec (0x40208db3) sub     s11, ra, sp
core   0: 3 0x800002ec (0x40208db3) x27 0x00000000
core   0: 0x800002f0 (0x402306b3) sub     a3, t1, sp
core   0: 3 0x800002f0 (0x402306b3) x13 0x80000000
core   0: 0x800002f4 (0x00dc8833) add     a6, s9, a3
core   0: 3 0x800002f4 (0x00dc8833) x16 0x00000000
core   0: 0x800002f8 (0x401c8333) sub     t1, s9, ra
core   0: 3 0x800002f8 (0x401c8333) x 6 0x80000000
core   0: 0x800002fc (0x7a5cb817) auipc   a6, 0x7a5cb
core   0: 3 0x800002fc (0x7a5cb817) x16 0xfa5cb2fc
core   0: 0x80000300 (0x00000013) nop
core   0: 3 0x80000300 (0x00000013)
core   0: 0x80000304 (0x00000013) nop
core   0: 3 0x80000304 (0x00000013)
core   0: 0x80000308 (0x00000013) nop
core   0: 3 0x80000308 (0x00000013)
core   0: 0x8000030c (0x54fc8313) addi    t1, s9, 1359
core   0: 3 0x8000030c (0x54fc8313) x 6 0x8000054f
core   0: 0x80000310 (0xa67d80b7) lui     ra, 0xa67d8
core   0: 3 0x80000310 (0xa67d80b7) x 1 0xa67d8000
core   0: 0x80000314 (0x80000837) lui     a6, 0x80000
core   0: 3 0x80000314 (0x80000837) x16 0x80000000
core   0: 0x80000318 (0x00000e13) li      t3, 0
core   0: 3 0x80000318 (0x00000e13) x28 0x00000000
core   0: 0x8000031c (0x7cf80bb7) lui     s7, 0x7cf80
core   0: 3 0x8000031c (0x7cf80bb7) x23 0x7cf80000
core   0: 0x80000320 (0x4fbb8b93) addi    s7, s7, 1275
core   0: 3 0x80000320 (0x4fbb8b93) x23 0x7cf804fb
core   0: 0x80000324 (0x0bec12b7) lui     t0, 0xbec1
core   0: 3 0x80000324 (0x0bec12b7) x 5 0x0bec1000
core   0: 0x80000328 (0x06e28293) addi    t0, t0, 110
core   0: 3 0x80000328 (0x06e28293) x 5 0x0bec106e
core   0: 0x8000032c (0xfff00b13) li      s6, -1
core   0: 3 0x8000032c (0xfff00b13) x22 0xffffffff
core   0: 0x80000330 (0x800000b7) lui     ra, 0x80000
core   0: 3 0x80000330 (0x800000b7) x 1 0x80000000
core   0: 0x80000334 (0x800009b7) lui     s3, 0x80000
core   0: 3 0x80000334 (0x800009b7) x19 0x80000000
core   0: 0x80000338 (0x423f47b7) lui     a5, 0x423f4
core   0: 3 0x80000338 (0x423f47b7) x15 0x423f4000
core   0: 0x8000033c (0xcd578793) addi    a5, a5, -811
core   0: 3 0x8000033c (0xcd578793) x15 0x423f3cd5
core   0: 0x80000340 (0x157c7337) lui     t1, 0x157c7
core   0: 3 0x80000340 (0x157c7337) x 6 0x157c7000
core   0: 0x80000344 (0x65130313) addi    t1, t1, 1617
core   0: 3 0x80000344 (0x65130313) x 6 0x157c7651
core   0: 0x80000348 (0x512a4db7) lui     s11, 0x512a4
core   0: 3 0x80000348 (0x512a4db7) x27 0x512a4000
core   0: 0x8000034c (0x224d8d93) addi    s11, s11, 548
core   0: 3 0x8000034c (0x224d8d93) x27 0x512a4224
core   0: 0x80000350 (0x00000013) nop
core   0: 3 0x80000350 (0x00000013)
core   0: 0x80000354 (0x417e0bb3) sub     s7, t3, s7
core   0: 3 0x80000354 (0x417e0bb3) x23 0x8307fb05
core   0: 0x80000358 (0xbdd3adb7) lui     s11, 0xbdd3a
core   0: 3 0x80000358 (0xbdd3adb7) x27 0xbdd3a000
core   0: 0x8000035c (0xc87d5297) auipc   t0, 0xc87d5
core   0: 3 0x8000035c (0xc87d5297) x 5 0x487d535c
core   0: 0x80000360 (0x00000013) nop
core   0: 3 0x80000360 (0x00000013)
core   0: 0x80000364 (0x01630e33) add     t3, t1, s6
core   0: 3 0x80000364 (0x01630e33) x28 0x157c7650
core   0: 0x80000368 (0x00000013) nop
core   0: 3 0x80000368 (0x00000013)
core   0: 0x8000036c (0x63330337) lui     t1, 0x63330
core   0: 3 0x8000036c (0x63330337) x 6 0x63330000
core   0: 0x80000370 (0x413b80b3) sub     ra, s7, s3
core   0: 3 0x80000370 (0x413b80b3) x 1 0x0307fb05
core   0: 0x80000374 (0x41be09b3) sub     s3, t3, s11
core   0: 3 0x80000374 (0x41be09b3) x19 0x57a8d650
core   0: 0x80000378 (0x40f78e33) sub     t3, a5, a5
core   0: 3 0x80000378 (0x40f78e33) x28 0x00000000
core   0: 0x8000037c (0x00000013) nop
core   0: 3 0x8000037c (0x00000013)
core   0: 0x80000380 (0x00130e33) add     t3, t1, ra
core   0: 3 0x80000380 (0x00130e33) x28 0x663afb05
core   0: 0x80000384 (0x01b289b3) add     s3, t0, s11
core   0: 3 0x80000384 (0x01b289b3) x19 0x0650f35c
core   0: 0x80000388 (0x413d82b3) sub     t0, s11, s3
core   0: 3 0x80000388 (0x413d82b3) x 5 0xb782aca4
core   0: 0x8000038c (0x01728333) add     t1, t0, s7
core   0: 3 0x8000038c (0x01728333) x 6 0x3a8aa7a9
core   0: 0x80000390 (0x17ce0293) addi    t0, t3, 380
core   0: 3 0x80000390 (0x17ce0293) x 5 0x663afc81
core   0: 0x80000394 (0x01078b33) add     s6, a5, a6
core   0: 3 0x80000394 (0x01078b33) x22 0xc23f3cd5
core   0: 0x80000398 (0xb41e0e13) addi    t3, t3, -1215
core   0: 3 0x80000398 (0xb41e0e13) x28 0x663af646
core   0: 0x8000039c (0x00000013) nop
core   0: 3 0x8000039c (0x00000013)
core   0: 0x800003a0 (0x00f989b3) add     s3, s3, a5
core   0: 3 0x800003a0 (0x00f989b3) x19 0x48903031
core   0: 0x800003a4 (0x2af4ee17) auipc   t3, 0x2af4e
core   0: 3 0x800003a4 (0x2af4ee17) x28 0xaaf4e3a4
core   0: 0x800003a8 (0x800008b7) lui     a7, 0x80000
core   0: 3 0x800003a8 (0x800008b7) x17 0x80000000
core   0: 0x800003ac (0x00000293) li      t0, 0
core   0: 3 0x800003ac (0x00000293) x 5 0x00000000
core   0: 0x800003b0 (0xfff00693) li      a3, -1
core   0: 3 0x800003b0 (0xfff00693) x13 0xffffffff
core   0: 0x800003b4 (0xfff00113) li      sp, -1
core   0: 3 0x800003b4 (0xfff00113) x 2 0xffffffff
core   0: 0x800003b8 (0xfff00d93) li      s11, -1
core   0: 3 0x800003b8 (0xfff00d93) x27 0xffffffff
core   0: 0x800003bc (0xcbc0ebb7) lui     s7, 0xcbc0e
core   0: 3 0x800003bc (0xcbc0ebb7) x23 0xcbc0e000
core   0: 0x800003c0 (0x2a0b8b93) addi    s7, s7, 672
core   0: 3 0x800003c0 (0x2a0b8b93) x23 0xcbc0e2a0
core   0: 0x800003c4 (0x80000d37) lui     s10, 0x80000
core   0: 3 0x800003c4 (0x80000d37) x26 0x80000000
core   0: 0x800003c8 (0x800007b7) lui     a5, 0x80000
core   0: 3 0x800003c8 (0x800007b7) x15 0x80000000
core   0: 0x800003cc (0x00000a93) li      s5, 0
core   0: 3 0x800003cc (0x00000a93) x21 0x00000000
core   0: 0x800003d0 (0x1b8eae37) lui     t3, 0x1b8ea
core   0: 3 0x800003d0 (0x1b8eae37) x28 0x1b8ea000
core   0: 0x800003d4 (0x037e0e13) addi    t3, t3, 55
core   0: 3 0x800003d4 (0x037e0e13) x28 0x1b8ea037
core   0: 0x800003d8 (0xac6d0893) addi    a7, s10, -1338
core   0: 3 0x800003d8 (0xac6d0893) x17 0x7ffffac6
core   0: 0x800003dc (0x00000013) nop
core   0: 3 0x800003dc (0x00000013)
core   0: 0x800003e0 (0x2ee018b7) lui     a7, 0x2ee01
core   0: 3 0x800003e0 (0x2ee018b7) x17 0x2ee01000
core   0: 0x800003e4 (0x00000013) nop
core   0: 3 0x800003e4 (0x00000013)
core   0: 0x800003e8 (0x1113ae37) lui     t3, 0x1113a
core   0: 3 0x800003e8 (0x1113ae37) x28 0x1113a000
core   0: 0x800003ec (0x00000013) nop
core   0: 3 0x800003ec (0x00000013)
core   0: 0x800003f0 (0x011b8e33) add     t3, s7, a7
core   0: 3 0x800003f0 (0x011b8e33) x28 0xfaa0f2a0
core   0: 0x800003f4 (0x4b7c0d37) lui     s10, 0x4b7c0
core   0: 3 0x800003f4 (0x4b7c0d37) x26 0x4b7c0000
core   0: 0x800003f8 (0x00000013) nop
core   0: 3 0x800003f8 (0x00000013)
core   0: 0x800003fc (0x00000013) nop
core   0: 3 0x800003fc (0x00000013)
core   0: 0x80000400 (0x00000013) nop
core   0: 3 0x80000400 (0x00000013)
core   0: 0x80000404 (0x00000013) nop
core   0: 3 0x80000404 (0x00000013)
core   0: 0x80000408 (0xce018e17) auipc   t3, 0xce018
core   0: 3 0x80000408 (0xce018e17) x28 0x4e018408
core   0: 0x8000040c (0x015102b3) add     t0, sp, s5
core   0: 3 0x8000040c (0x015102b3) x 5 0xffffffff
core   0: 0x80000410 (0xe5d79bb7) lui     s7, 0xe5d79
core   0: 3 0x80000410 (0xe5d79bb7) x23 0xe5d79000
core   0: 0x80000414 (0x00000013) nop
core   0: 3 0x80000414 (0x00000013)
core   0: 0x80000418 (0x017a8133) add     sp, s5, s7
core   0: 3 0x80000418 (0x017a8133) x 2 0xe5d79000
core   0: 0x8000041c (0xe3954797) auipc   a5, 0xe3954
core   0: 3 0x8000041c (0xe3954797) x15 0x6395441c
core   0: 0x80000420 (0xf595ca97) auipc   s5, 0xf595c
core   0: 3 0x80000420 (0xf595ca97) x21 0x7595c420
core   0: 0x80000424 (0xf4848d37) lui     s10, 0xf4848
core   0: 3 0x80000424 (0xf4848d37) x26 0xf4848000
core   0: 0x80000428 (0x5db902b7) lui     t0, 0x5db90
core   0: 3 0x80000428 (0x5db902b7) x 5 0x5db90000
core   0: 0x8000042c (0x6ce28293) addi    t0, t0, 1742
core   0: 3 0x8000042c (0x6ce28293) x 5 0x5db906ce
core   0: 0x80000430 (0x00000093) li      ra, 0
core   0: 3 0x80000430 (0x00000093) x 1 0x00000000
core   0: 0x80000434 (0x3ac251b7) lui     gp, 0x3ac25
core   0: 3 0x80000434 (0x3ac251b7) x 3 0x3ac25000
core   0: 0x80000438 (0x78e18193) addi    gp, gp, 1934
core   0: 3 0x80000438 (0x78e18193) x 3 0x3ac2578e
core   0: 0x8000043c (0x800009b7) lui     s3, 0x80000
core   0: 3 0x8000043c (0x800009b7) x19 0x80000000
core   0: 0x80000440 (0x80000937) lui     s2, 0x80000
core   0: 3 0x80000440 (0x80000937) x18 0x80000000
core   0: 0x80000444 (0x80000137) lui     sp, 0x80000
core   0: 3 0x80000444 (0x80000137) x 2 0x80000000
core   0: 0x80000448 (0x80000437) lui     s0, 0x80000
core   0: 3 0x80000448 (0x80000437) x 8 0x80000000
core   0: 0x8000044c (0x36e76337) lui     t1, 0x36e76
core   0: 3 0x8000044c (0x36e76337) x 6 0x36e76000
core   0: 0x80000450 (0x2f730313) addi    t1, t1, 759
core   0: 3 0x80000450 (0x2f730313) x 6 0x36e762f7
core   0: 0x80000454 (0x80000ab7) lui     s5, 0x80000
core   0: 3 0x80000454 (0x80000ab7) x21 0x80000000
core   0: 0x80000458 (0x800004b7) lui     s1, 0x80000
core   0: 3 0x80000458 (0x800004b7) x 9 0x80000000
core   0: 0x8000045c (0x72151a97) auipc   s5, 0x72151
core   0: 3 0x8000045c (0x72151a97) x21 0xf215145c
core   0: 0x80000460 (0x7549d197) auipc   gp, 0x7549d
core   0: 3 0x80000460 (0x7549d197) x 3 0xf549d460
core   0: 0x80000464 (0x003301b3) add     gp, t1, gp
core   0: 3 0x80000464 (0x003301b3) x 3 0x2c313757
core   0: 0x80000468 (0xa0230313) addi    t1, t1, -1534
core   0: 3 0x80000468 (0xa0230313) x 6 0x36e75cf9
core   0: 0x8000046c (0x9a4ce0b7) lui     ra, 0x9a4ce
core   0: 3 0x8000046c (0x9a4ce0b7) x 1 0x9a4ce000
core   0: 0x80000470 (0x00000013) nop
core   0: 3 0x80000470 (0x00000013)
core   0: 0x80000474 (0x00000013) nop
core   0: 3 0x80000474 (0x00000013)
core   0: 0x80000478 (0x406a8933) sub     s2, s5, t1
core   0: 3 0x80000478 (0x406a8933) x18 0xbb2db763
core   0: 0x8000047c (0x44d08293) addi    t0, ra, 1101
core   0: 3 0x8000047c (0x44d08293) x 5 0x9a4ce44d
core   0: 0x80000480 (0x83a59317) auipc   t1, 0x83a59
core   0: 3 0x80000480 (0x83a59317) x 6 0x03a59480
core   0: 0x80000484 (0x00000013) nop
core   0: 3 0x80000484 (0x00000013)
core   0: 0x80000488 (0x1c73a097) auipc   ra, 0x1c73a
core   0: 3 0x80000488 (0x1c73a097) x 1 0x9c73a488
core   0: 0x8000048c (0x412404b3) sub     s1, s0, s2
core   0: 3 0x8000048c (0x412404b3) x 9 0xc4d2489d
core   0: 0x80000490 (0x413182b3) sub     t0, gp, s3
core   0: 3 0x80000490 (0x413182b3) x 5 0xac313757
core   0: 0x80000494 (0xbd548293) addi    t0, s1, -1067
core   0: 3 0x80000494 (0xbd548293) x 5 0xc4d24472
core   0: 0x80000498 (0x005a80b3) add     ra, s5, t0
core   0: 3 0x80000498 (0x005a80b3) x 1 0xb6e758ce
core   0: 0x8000049c (0x40898133) sub     sp, s3, s0
core   0: 3 0x8000049c (0x40898133) x 2 0x00000000
core   0: 0x800004a0 (0x003302b3) add     t0, t1, gp
core   0: 3 0x800004a0 (0x003302b3) x 5 0x2fd6cbd7
core   0: 0x800004a4 (0x356e2ab7) lui     s5, 0x356e2
core   0: 3 0x800004a4 (0x356e2ab7) x21 0x356e2000
core   0: 0x800004a8 (0x7394e297) auipc   t0, 0x7394e
core   0: 3 0x800004a8 (0x7394e297) x 5 0xf394e4a8
core   0: 0x800004ac (0xce490993) addi    s3, s2, -796
core   0: 3 0x800004ac (0xce490993) x19 0xbb2db447
core   0: 0x800004b0 (0x012904b3) add     s1, s2, s2
core   0: 3 0x800004b0 (0x012904b3) x 9 0x765b6ec6
core   0: 0x800004b4 (0x01240433) add     s0, s0, s2
core   0: 3 0x800004b4 (0x01240433) x 8 0x3b2db763
core   0: 0x800004b8 (0x69198297) auipc   t0, 0x69198
core   0: 3 0x800004b8 (0x69198297) x 5 0xe91984b8
core   0: 0x800004bc (0xc8275437) lui     s0, 0xc8275
core   0: 3 0x800004bc (0xc8275437) x 8 0xc8275000
core   0: 0x800004c0 (0xd6e16497) auipc   s1, 0xd6e16
core   0: 3 0x800004c0 (0xd6e16497) x 9 0x56e164c0
core   0: 0x800004c4 (0x00000013) nop
core   0: 3 0x800004c4 (0x00000013)
core   0: 0x800004c8 (0x00290433) add     s0, s2, sp
core   0: 3 0x800004c8 (0x00290433) x 8 0xbb2db763
core   0: 0x800004cc (0x93a6c937) lui     s2, 0x93a6c
core   0: 3 0x800004cc (0x93a6c937) x18 0x93a6c000
core   0: 0x800004d0 (0x1c790913) addi    s2, s2, 455
core   0: 3 0x800004d0 (0x1c790913) x18 0x93a6c1c7
core   0: 0x800004d4 (0x00000813) li      a6, 0
core   0: 3 0x800004d4 (0x00000813) x16 0x00000000
core   0: 0x800004d8 (0xaa5a7737) lui     a4, 0xaa5a7
core   0: 3 0x800004d8 (0xaa5a7737) x14 0xaa5a7000
core   0: 0x800004dc (0xaf570713) addi    a4, a4, -1291
core   0: 3 0x800004dc (0xaf570713) x14 0xaa5a6af5
core   0: 0x800004e0 (0x508e3437) lui     s0, 0x508e3
core   0: 3 0x800004e0 (0x508e3437) x 8 0x508e3000
core   0: 0x800004e4 (0xe5540413) addi    s0, s0, -427
core   0: 3 0x800004e4 (0xe5540413) x 8 0x508e2e55
core   0: 0x800004e8 (0x800000b7) lui     ra, 0x80000
core   0: 3 0x800004e8 (0x800000b7) x 1 0x80000000
core   0: 0x800004ec (0xfff00213) li      tp, -1
core   0: 3 0x800004ec (0xfff00213) x 4 0xffffffff
core   0: 0x800004f0 (0x372beb37) lui     s6, 0x372be
core   0: 3 0x800004f0 (0x372beb37) x22 0x372be000
core   0: 0x800004f4 (0x1c4b0b13) addi    s6, s6, 452
core   0: 3 0x800004f4 (0x1c4b0b13) x22 0x372be1c4
core   0: 0x800004f8 (0x00000d13) li      s10, 0
core   0: 3 0x800004f8 (0x00000d13) x26 0x00000000
core   0: 0x800004fc (0xa87b7637) lui     a2, 0xa87b7
core   0: 3 0x800004fc (0xa87b7637) x12 0xa87b7000
core   0: 0x80000500 (0x44260613) addi    a2, a2, 1090
core   0: 3 0x80000500 (0x44260613) x12 0xa87b7442
core   0: 0x80000504 (0x74f9fab7) lui     s5, 0x74f9f
core   0: 3 0x80000504 (0x74f9fab7) x21 0x74f9f000
core   0: 0x80000508 (0x2caa8a93) addi    s5, s5, 714
core   0: 3 0x80000508 (0x2caa8a93) x21 0x74f9f2ca
core   0: 0x8000050c (0x015a8ab3) add     s5, s5, s5
core   0: 3 0x8000050c (0x015a8ab3) x21 0xe9f3e594
core   0: 0x80000510 (0x2c930d17) auipc   s10, 0x2c930
core   0: 3 0x80000510 (0x2c930d17) x26 0xac930510
core   0: 0x80000514 (0x544deab7) lui     s5, 0x544de
core   0: 3 0x80000514 (0x544deab7) x21 0x544de000
core   0: 0x80000518 (0xe5e40b13) addi    s6, s0, -418
core   0: 3 0x80000518 (0xe5e40b13) x22 0x508e2cb3
core   0: 0x8000051c (0x401a8733) sub     a4, s5, ra
core   0: 3 0x8000051c (0x401a8733) x14 0xd44de000
core   0: 0x80000520 (0xc2bc4437) lui     s0, 0xc2bc4
core   0: 3 0x80000520 (0xc2bc4437) x 8 0xc2bc4000
core   0: 0x80000524 (0xafb2b717) auipc   a4, 0xafb2b
core   0: 3 0x80000524 (0xafb2b717) x14 0x2fb2b524
core   0: 0x80000528 (0x796da637) lui     a2, 0x796da
core   0: 3 0x80000528 (0x796da637) x12 0x796da000
core   0: 0x8000052c (0x00c600b3) add     ra, a2, a2
core   0: 3 0x8000052c (0x00c600b3) x 1 0xf2db4000
core   0: 0x80000530 (0x64877217) auipc   tp, 0x64877
core   0: 3 0x80000530 (0x64877217) x 4 0xe4877530
core   0: 0x80000534 (0x14ce9437) lui     s0, 0x14ce9
core   0: 3 0x80000534 (0x14ce9437) x 8 0x14ce9000
core   0: 0x80000538 (0xe9b80613) addi    a2, a6, -357
core   0: 3 0x80000538 (0xe9b80613) x12 0xfffffe9b
core   0: 0x8000053c (0x00000013) nop
core   0: 3 0x8000053c (0x00000013)
core   0: 0x80000540 (0x19c56417) auipc   s0, 0x19c56
core   0: 3 0x80000540 (0x19c56417) x 8 0x99c56540
core   0: 0x80000544 (0x00000013) nop
core   0: 3 0x80000544 (0x00000013)
core   0: 0x80000548 (0x015700b3) add     ra, a4, s5
core   0: 3 0x80000548 (0x015700b3) x 1 0x84009524
core   0: 0x8000054c (0x008400b3) add     ra, s0, s0
core   0: 3 0x8000054c (0x008400b3) x 1 0x338aca80
core   0: 0x80000550 (0x40c90433) sub     s0, s2, a2
core   0: 3 0x80000550 (0x40c90433) x 8 0x93a6c32c
core   0: 0x80000554 (0x00000013) nop
core   0: 3 0x80000554 (0x00000013)
core   0: 0x80000558 (0x016d0433) add     s0, s10, s6
core   0: 3 0x80000558 (0x016d0433) x 8 0xfd2131c3
core   0: 0x8000055c (0x00000f93) li      t6, 0
core   0: 3 0x8000055c (0x00000f93) x31 0x00000000
core   0: 0x80000560 (0x800008b7) lui     a7, 0x80000
core   0: 3 0x80000560 (0x800008b7) x17 0x80000000
core   0: 0x80000564 (0xfff00113) li      sp, -1
core   0: 3 0x80000564 (0xfff00113) x 2 0xffffffff
core   0: 0x80000568 (0xd8aef737) lui     a4, 0xd8aef
core   0: 3 0x80000568 (0xd8aef737) x14 0xd8aef000
core   0: 0x8000056c (0xfc670713) addi    a4, a4, -58
core   0: 3 0x8000056c (0xfc670713) x14 0xd8aeefc6
core   0: 0x80000570 (0x800000b7) lui     ra, 0x80000
core   0: 3 0x80000570 (0x800000b7) x 1 0x80000000
core   0: 0x80000574 (0xc15744b7) lui     s1, 0xc1574
core   0: 3 0x80000574 (0xc15744b7) x 9 0xc1574000
core   0: 0x80000578 (0x48148493) addi    s1, s1, 1153
core   0: 3 0x80000578 (0x48148493) x 9 0xc1574481
core   0: 0x8000057c (0x80000eb7) lui     t4, 0x80000
core   0: 3 0x8000057c (0x80000eb7) x29 0x80000000
core   0: 0x80000580 (0x80000437) lui     s0, 0x80000
core   0: 3 0x80000580 (0x80000437) x 8 0x80000000
core   0: 0x80000584 (0x00000193) li      gp, 0
core   0: 3 0x80000584 (0x00000193) x 3 0x00000000
core   0: 0x80000588 (0x1eea1bb7) lui     s7, 0x1eea1
core   0: 3 0x80000588 (0x1eea1bb7) x23 0x1eea1000
core   0: 0x8000058c (0x97bb8b93) addi    s7, s7, -1669
core   0: 3 0x8000058c (0x97bb8b93) x23 0x1eea097b
core   0: 0x80000590 (0xda208413) addi    s0, ra, -606
core   0: 3 0x80000590 (0xda208413) x 8 0x7ffffda2
core   0: 0x80000594 (0x967011b7) lui     gp, 0x96701
core   0: 3 0x80000594 (0x967011b7) x 3 0x96701000
core   0: 0x80000598 (0xb9a70093) addi    ra, a4, -1126
core   0: 3 0x80000598 (0xb9a70093) x 1 0xd8aeeb60
core   0: 0x8000059c (0x00000013) nop
core   0: 3 0x8000059c (0x00000013)
core   0: 0x800005a0 (0x00000013) nop
core   0: 3 0x800005a0 (0x00000013)
core   0: 0x800005a4 (0x00000013) nop
core   0: 3 0x800005a4 (0x00000013)
core   0: 0x800005a8 (0x953d6bb7) lui     s7, 0x953d6
core   0: 3 0x800005a8 (0x953d6bb7) x23 0x953d6000
core   0: 0x800005ac (0x00948133) add     sp, s1, s1
core   0: 3 0x800005ac (0x00948133) x 2 0x82ae8902
core   0: 0x800005b0 (0x00000013) nop
core   0: 3 0x800005b0 (0x00000013)
core   0: 0x800005b4 (0x175d0bb7) lui     s7, 0x175d0
core   0: 3 0x800005b4 (0x175d0bb7) x23 0x175d0000
core   0: 0x800005b8 (0x9b5261b7) lui     gp, 0x9b526
core   0: 3 0x800005b8 (0x9b5261b7) x 3 0x9b526000
core   0: 0x800005bc (0x01f10bb3) add     s7, sp, t6
core   0: 3 0x800005bc (0x01f10bb3) x23 0x82ae8902
core   0: 0x800005c0 (0x7f6c1737) lui     a4, 0x7f6c1
core   0: 3 0x800005c0 (0x7f6c1737) x14 0x7f6c1000
core   0: 0x800005c4 (0x00000013) nop
core   0: 3 0x800005c4 (0x00000013)
core   0: 0x800005c8 (0x7fb88e93) addi    t4, a7, 2043
core   0: 3 0x800005c8 (0x7fb88e93) x29 0x800007fb
core   0: 0x800005cc (0x00000413) li      s0, 0
core   0: 3 0x800005cc (0x00000413) x 8 0x00000000
core   0: 0x800005d0 (0x70376eb7) lui     t4, 0x70376
core   0: 3 0x800005d0 (0x70376eb7) x29 0x70376000
core   0: 0x800005d4 (0x26ae8e93) addi    t4, t4, 618
core   0: 3 0x800005d4 (0x26ae8e93) x29 0x7037626a
core   0: 0x800005d8 (0x80000f37) lui     t5, 0x80000
core   0: 3 0x800005d8 (0x80000f37) x30 0x80000000
core   0: 0x800005dc (0xfff00913) li      s2, -1
core   0: 3 0x800005dc (0xfff00913) x18 0xffffffff
core   0: 0x800005e0 (0x00000693) li      a3, 0
core   0: 3 0x800005e0 (0x00000693) x13 0x00000000
core   0: 0x800005e4 (0x2e865837) lui     a6, 0x2e865
core   0: 3 0x800005e4 (0x2e865837) x16 0x2e865000
core   0: 0x800005e8 (0xfee80813) addi    a6, a6, -18
core   0: 3 0x800005e8 (0xfee80813) x16 0x2e864fee
core   0: 0x800005ec (0x545e6bb7) lui     s7, 0x545e6
core   0: 3 0x800005ec (0x545e6bb7) x23 0x545e6000
core   0: 0x800005f0 (0xb6eb8b93) addi    s7, s7, -1170
core   0: 3 0x800005f0 (0xb6eb8b93) x23 0x545e5b6e
core   0: 0x800005f4 (0xfff00213) li      tp, -1
core   0: 3 0x800005f4 (0xfff00213) x 4 0xffffffff
core   0: 0x800005f8 (0x2ec5b2b7) lui     t0, 0x2ec5b
core   0: 3 0x800005f8 (0x2ec5b2b7) x 5 0x2ec5b000
core   0: 0x800005fc (0x07128293) addi    t0, t0, 113
core   0: 3 0x800005fc (0x07128293) x 5 0x2ec5b071
core   0: 0x80000600 (0x00000093) li      ra, 0
core   0: 3 0x80000600 (0x00000093) x 1 0x00000000
core   0: 0x80000604 (0x889e8913) addi    s2, t4, -1911
core   0: 3 0x80000604 (0x889e8913) x18 0x70375af3
core   0: 0x80000608 (0x00000013) nop
core   0: 3 0x80000608 (0x00000013)
core   0: 0x8000060c (0xb07f0413) addi    s0, t5, -1273
core   0: 3 0x8000060c (0xb07f0413) x 8 0x7ffffb07
core   0: 0x80000610 (0xf7c35417) auipc   s0, 0xf7c35
core   0: 3 0x80000610 (0xf7c35417) x 8 0x77c35610
core   0: 0x80000614 (0x008f0433) add     s0, t5, s0
core   0: 3 0x80000614 (0x008f0433) x 8 0xf7c35610
core   0: 0x80000618 (0xfa4d06b7) lui     a3, 0xfa4d0
core   0: 3 0x80000618 (0xfa4d06b7) x13 0xfa4d0000
core   0: 0x8000061c (0x18b99097) auipc   ra, 0x18b99
core   0: 3 0x8000061c (0x18b99097) x 1 0x98b9961c
core   0: 0x80000620 (0x8a8b3f17) auipc   t5, 0x8a8b3
core   0: 3 0x80000620 (0x8a8b3f17) x30 0x0a8b3620
core   0: 0x80000624 (0x40d800b3) sub     ra, a6, a3
core   0: 3 0x80000624 (0x40d800b3) x 1 0x34394fee
core   0: 0x80000628 (0x00490433) add     s0, s2, tp
core   0: 3 0x80000628 (0x00490433) x 8 0x70375af2
core   0: 0x8000062c (0x405f02b3) sub     t0, t5, t0
core   0: 3 0x8000062c (0x405f02b3) x 5 0xdbc585af
core   0: 0x80000630 (0xed731217) auipc   tp, 0xed731
core   0: 3 0x80000630 (0xed731217) x 4 0x6d731630
core   0: 0x80000634 (0x004b8eb3) add     t4, s7, tp
core   0: 3 0x80000634 (0x004b8eb3) x29 0xc1d1719e
core   0: 0x80000638 (0x24680e93) addi    t4, a6, 582
core   0: 3 0x80000638 (0x24680e93) x29 0x2e865234
core   0: 0x8000063c (0x5f420b93) addi    s7, tp, 1524
core   0: 3 0x8000063c (0x5f420b93) x23 0x6d731c24
core   0: 0x80000640 (0x830750b7) lui     ra, 0x83075
core   0: 3 0x80000640 (0x830750b7) x 1 0x83075000
core   0: 0x80000644 (0x900b8093) addi    ra, s7, -1792
core   0: 3 0x80000644 (0x900b8093) x 1 0x6d731524
core   0: 0x80000648 (0x404082b3) sub     t0, ra, tp
core   0: 3 0x80000648 (0x404082b3) x 5 0xfffffef4
core   0: 0x8000064c (0x1c9f0293) addi    t0, t5, 457
core   0: 3 0x8000064c (0x1c9f0293) x 5 0x0a8b37e9
core   0: 0x80000650 (0xc3e68213) addi    tp, a3, -962
core   0: 3 0x80000650 (0xc3e68213) x 4 0xfa4cfc3e
core   0: 0x80000654 (0x004f0f33) add     t5, t5, tp
core   0: 3 0x80000654 (0x004f0f33) x30 0x04d8325e
core   0: 0x80000658 (0x00000013) nop
core   0: 3 0x80000658 (0x00000013)
core   0: 0x8000065c (0x010280b3) add     ra, t0, a6
core   0: 3 0x8000065c (0x010280b3) x 1 0x391187d7
core   0: 0x80000660 (0xee9b8213) addi    tp, s7, -279
core   0: 3 0x80000660 (0xee9b8213) x 4 0x6d731b0d
core   0: 0x80000664 (0x00000013) nop
core   0: 3 0x80000664 (0x00000013)
core   0: 0x80000668 (0x40d202b3) sub     t0, tp, a3
core   0: 3 0x80000668 (0x40d202b3) x 5 0x73261b0d
core   0: 0x8000066c (0xea0740b7) lui     ra, 0xea074
core   0: 3 0x8000066c (0xea0740b7) x 1 0xea074000
core   0: 0x80000670 (0x9e1e8813) addi    a6, t4, -1567
core   0: 3 0x80000670 (0x9e1e8813) x16 0x2e864c15
core   0: 0x80000674 (0x00468433) add     s0, a3, tp
core   0: 3 0x80000674 (0x00468433) x 8 0x67c01b0d
core   0: 0x80000678 (0x00000013) nop
core   0: 3 0x80000678 (0x00000013)
core   0: 0x8000067c (0x80000637) lui     a2, 0x80000
core   0: 3 0x8000067c (0x80000637) x12 0x80000000
core   0: 0x80000680 (0x00000093) li      ra, 0
core   0: 3 0x80000680 (0x00000093) x 1 0x00000000
core   0: 0x80000684 (0xfff00b93) li      s7, -1
core   0: 3 0x80000684 (0xfff00b93) x23 0xffffffff
core   0: 0x80000688 (0x80000837) lui     a6, 0x80000
core   0: 3 0x80000688 (0x80000837) x16 0x80000000
core   0: 0x8000068c (0x00000493) li      s1, 0
core   0: 3 0x8000068c (0x00000493) x 9 0x00000000
core   0: 0x80000690 (0xfff00a13) li      s4, -1
core   0: 3 0x80000690 (0xfff00a13) x20 0xffffffff
core   0: 0x80000694 (0xfff00113) li      sp, -1
core   0: 3 0x80000694 (0xfff00113) x 2 0xffffffff
core   0: 0x80000698 (0xfff00393) li      t2, -1
core   0: 3 0x80000698 (0xfff00393) x 7 0xffffffff
core   0: 0x8000069c (0xa3bec937) lui     s2, 0xa3bec
core   0: 3 0x8000069c (0xa3bec937) x18 0xa3bec000
core   0: 0x800006a0 (0x98090913) addi    s2, s2, -1664
core   0: 3 0x800006a0 (0x98090913) x18 0xa3beb980
core   0: 0x800006a4 (0x00000413) li      s0, 0
core   0: 3 0x800006a4 (0x00000413) x 8 0x00000000
core   0: 0x800006a8 (0xfa44a617) auipc   a2, 0xfa44a
core   0: 3 0x800006a8 (0xfa44a617) x12 0x7a44a6a8
core   0: 0x800006ac (0xcb580b93) addi    s7, a6, -843
core   0: 3 0x800006ac (0xcb580b93) x23 0x7ffffcb5
core   0: 0x800006b0 (0xb5210113) addi    sp, sp, -1198
core   0: 3 0x800006b0 (0xb5210113) x 2 0xfffffb51
core   0: 0x800006b4 (0x00000013) nop
core   0: 3 0x800006b4 (0x00000013)
core   0: 0x800006b8 (0x31880613) addi    a2, a6, 792
core   0: 3 0x800006b8 (0x31880613) x12 0x80000318
core   0: 0x800006bc (0x007083b3) add     t2, ra, t2
core   0: 3 0x800006bc (0x007083b3) x 7 0xffffffff
core   0: 0x800006c0 (0x012403b3) add     t2, s0, s2
core   0: 3 0x800006c0 (0x012403b3) x 7 0xa3beb980
core   0: 0x800006c4 (0x402084b3) sub     s1, ra, sp
core   0: 3 0x800006c4 (0x402084b3) x 9 0x000004af
core   0: 0x800006c8 (0x412a03b3) sub     t2, s4, s2
core   0: 3 0x800006c8 (0x412a03b3) x 7 0x5c41467f
core   0: 0x800006cc (0x00238933) add     s2, t2, sp
core   0: 3 0x800006cc (0x00238933) x18 0x5c4141d0
core   0: 0x800006d0 (0xa35bb937) lui     s2, 0xa35bb
core   0: 3 0x800006d0 (0xa35bb937) x18 0xa35bb000
core   0: 0x800006d4 (0x22a90a13) addi    s4, s2, 554
core   0: 3 0x800006d4 (0x22a90a13) x20 0xa35bb22a
core   0: 0x800006d8 (0x3638b417) auipc   s0, 0x3638b
core   0: 3 0x800006d8 (0x3638b417) x 8 0xb638b6d8
core   0: 0x800006dc (0x407384b3) sub     s1, t2, t2
core   0: 3 0x800006dc (0x407384b3) x 9 0x00000000
core   0: 0x800006e0 (0x19260493) addi    s1, a2, 402
core   0: 3 0x800006e0 (0x19260493) x 9 0x800004aa
core   0: 0x800006e4 (0x00000013) nop
core   0: 3 0x800006e4 (0x00000013)
core   0: 0x800006e8 (0xc759b637) lui     a2, 0xc759b
core   0: 3 0x800006e8 (0xc759b637) x12 0xc759b000
core   0: 0x800006ec (0x7e158bb7) lui     s7, 0x7e158
core   0: 3 0x800006ec (0x7e158bb7) x23 0x7e158000
core   0: 0x800006f0 (0xe82b7397) auipc   t2, 0xe82b7
core   0: 3 0x800006f0 (0xe82b7397) x 7 0x682b76f0
core   0: 0x800006f4 (0x009404b3) add     s1, s0, s1
core   0: 3 0x800006f4 (0x009404b3) x 9 0x3638bb82
core   0: 0x800006f8 (0x6fe2cbb7) lui     s7, 0x6fe2c
core   0: 3 0x800006f8 (0x6fe2cbb7) x23 0x6fe2c000
core   0: 0x800006fc (0x014b8933) add     s2, s7, s4
core   0: 3 0x800006fc (0x014b8933) x18 0x133e722a
core   0: 0x80000700 (0x1e286497) auipc   s1, 0x1e286
core   0: 3 0x80000700 (0x1e286497) x 9 0x9e286700
core   0: 0x80000704 (0x00000313) li      t1, 0
core   0: 3 0x80000704 (0x00000313) x 6 0x00000000
core   0: 0x80000708 (0x80000437) lui     s0, 0x80000
core   0: 3 0x80000708 (0x80000437) x 8 0x80000000
core   0: 0x8000070c (0x00000613) li      a2, 0
core   0: 3 0x8000070c (0x00000613) x12 0x00000000
core   0: 0x80000710 (0x80000ab7) lui     s5, 0x80000
core   0: 3 0x80000710 (0x80000ab7) x21 0x80000000
core   0: 0x80000714 (0xea1517b7) lui     a5, 0xea151
core   0: 3 0x80000714 (0xea1517b7) x15 0xea151000
core   0: 0x80000718 (0x16a78793) addi    a5, a5, 362
core   0: 3 0x80000718 (0x16a78793) x15 0xea15116a
core   0: 0x8000071c (0x800000b7) lui     ra, 0x80000
core   0: 3 0x8000071c (0x800000b7) x 1 0x80000000
core   0: 0x80000720 (0x00000293) li      t0, 0
core   0: 3 0x80000720 (0x00000293) x 5 0x00000000
core   0: 0x80000724 (0x800008b7) lui     a7, 0x80000
core   0: 3 0x80000724 (0x800008b7) x17 0x80000000
core   0: 0x80000728 (0xfff00193) li      gp, -1
core   0: 3 0x80000728 (0xfff00193) x 3 0xffffffff
core   0: 0x8000072c (0xfff00113) li      sp, -1
core   0: 3 0x8000072c (0xfff00113) x 2 0xffffffff
core   0: 0x80000730 (0x40c40433) sub     s0, s0, a2
core   0: 3 0x80000730 (0x40c40433) x 8 0x80000000
core   0: 0x80000734 (0x7a010413) addi    s0, sp, 1952
core   0: 3 0x80000734 (0x7a010413) x 8 0x0000079f
core   0: 0x80000738 (0x015407b3) add     a5, s0, s5
core   0: 3 0x80000738 (0x015407b3) x15 0x8000079f
core   0: 0x8000073c (0x00000013) nop
core   0: 3 0x8000073c (0x00000013)
core   0: 0x80000740 (0xcc0588b7) lui     a7, 0xcc058
core   0: 3 0x80000740 (0xcc0588b7) x17 0xcc058000
core   0: 0x80000744 (0x3e1e5637) lui     a2, 0x3e1e5
core   0: 3 0x80000744 (0x3e1e5637) x12 0x3e1e5000
core   0: 0x80000748 (0x005281b3) add     gp, t0, t0
core   0: 3 0x80000748 (0x005281b3) x 3 0x00000000
core   0: 0x8000074c (0x6c9a8113) addi    sp, s5, 1737
core   0: 3 0x8000074c (0x6c9a8113) x 2 0x800006c9
core   0: 0x80000750 (0xa32267b7) lui     a5, 0xa3226
core   0: 3 0x80000750 (0xa32267b7) x15 0xa3226000
core   0: 0x80000754 (0x001601b3) add     gp, a2, ra
core   0: 3 0x80000754 (0x001601b3) x 3 0xbe1e5000
core   0: 0x80000758 (0xad9a8613) addi    a2, s5, -1319
core   0: 3 0x80000758 (0xad9a8613) x12 0x7ffffad9
core   0: 0x8000075c (0x71378313) addi    t1, a5, 1811
core   0: 3 0x8000075c (0x71378313) x 6 0xa3226713
core   0: 0x80000760 (0xfd300a97) auipc   s5, 0xfd300
core   0: 3 0x80000760 (0xfd300a97) x21 0x7d300760
core   0: 0x80000764 (0x00878433) add     s0, a5, s0
core   0: 3 0x80000764 (0x00878433) x 8 0xa322679f
core   0: 0x80000768 (0x0d4e2a97) auipc   s5, 0xd4e2
core   0: 3 0x80000768 (0x0d4e2a97) x21 0x8d4e2768
core   0: 0x8000076c (0xa2388613) addi    a2, a7, -1501
core   0: 3 0x8000076c (0xa2388613) x12 0xcc057a23
core   0: 0x80000770 (0x01578333) add     t1, a5, s5
core   0: 3 0x80000770 (0x01578333) x 6 0x30708768
core   0: 0x80000774 (0xf5708313) addi    t1, ra, -169
core   0: 3 0x80000774 (0xf5708313) x 6 0x7fffff57
core   0: 0x80000778 (0x333a6897) auipc   a7, 0x333a6
core   0: 3 0x80000778 (0x333a6897) x17 0xb33a6778
core   0: 0x8000077c (0x01510133) add     sp, sp, s5
core   0: 3 0x8000077c (0x01510133) x 2 0x0d4e2e31
core   0: 0x80000780 (0x00830633) add     a2, t1, s0
core   0: 3 0x80000780 (0x00830633) x12 0x232266f6
core   0: 0x80000784 (0x40f308b3) sub     a7, t1, a5
core   0: 3 0x80000784 (0x40f308b3) x17 0xdcdd9f57
core   0: 0x80000788 (0x80000337) lui     t1, 0x80000
core   0: 3 0x80000788 (0x80000337) x 6 0x80000000
core   0: 0x8000078c (0xfff00a13) li      s4, -1
core   0: 3 0x8000078c (0xfff00a13) x20 0xffffffff
core   0: 0x80000790 (0x00000d93) li      s11, 0
core   0: 3 0x80000790 (0x00000d93) x27 0x00000000
core   0: 0x80000794 (0x3f091f37) lui     t5, 0x3f091
core   0: 3 0x80000794 (0x3f091f37) x30 0x3f091000
core   0: 0x80000798 (0x26df0f13) addi    t5, t5, 621
core   0: 3 0x80000798 (0x26df0f13) x30 0x3f09126d
core   0: 0x8000079c (0x00000113) li      sp, 0
core   0: 3 0x8000079c (0x00000113) x 2 0x00000000
core   0: 0x800007a0 (0xfff00913) li      s2, -1
core   0: 3 0x800007a0 (0xfff00913) x18 0xffffffff
core   0: 0x800007a4 (0x6e49f3b7) lui     t2, 0x6e49f
core   0: 3 0x800007a4 (0x6e49f3b7) x 7 0x6e49f000
core   0: 0x800007a8 (0x5c038393) addi    t2, t2, 1472
core   0: 3 0x800007a8 (0x5c038393) x 7 0x6e49f5c0
core   0: 0x800007ac (0x00000e13) li      t3, 0
core   0: 3 0x800007ac (0x00000e13) x28 0x00000000
core   0: 0x800007b0 (0xfff00b13) li      s6, -1
core   0: 3 0x800007b0 (0xfff00b13) x22 0xffffffff
core   0: 0x800007b4 (0xfff00f93) li      t6, -1
core   0: 3 0x800007b4 (0xfff00f93) x31 0xffffffff
core   0: 0x800007b8 (0x837c6397) auipc   t2, 0x837c6
core   0: 3 0x800007b8 (0x837c6397) x 7 0x037c67b8
core   0: 0x800007bc (0x1fef2e17) auipc   t3, 0x1fef2
core   0: 3 0x800007bc (0x1fef2e17) x28 0x9fef27bc
core   0: 0x800007c0 (0xc9161a17) auipc   s4, 0xc9161
core   0: 3 0x800007c0 (0xc9161a17) x20 0x491617c0
core   0: 0x800007c4 (0x56a76317) auipc   t1, 0x56a76
core   0: 3 0x800007c4 (0x56a76317) x 6 0xd6a767c4
core   0: 0x800007c8 (0x0bc10d93) addi    s11, sp, 188
core   0: 3 0x800007c8 (0x0bc10d93) x27 0x000000bc
core   0: 0x800007cc (0x412f8fb3) sub     t6, t6, s2
core   0: 3 0x800007cc (0x412f8fb3) x31 0x00000000
core   0: 0x800007d0 (0x014a0333) add     t1, s4, s4
core   0: 3 0x800007d0 (0x014a0333) x 6 0x922c2f80
core   0: 0x800007d4 (0x01fa0133) add     sp, s4, t6
core   0: 3 0x800007d4 (0x01fa0133) x 2 0x491617c0
core   0: 0x800007d8 (0x424eb117) auipc   sp, 0x424eb
core   0: 3 0x800007d8 (0x424eb117) x 2 0xc24eb7d8
core   0: 0x800007dc (0x465bdfb7) lui     t6, 0x465bd
core   0: 3 0x800007dc (0x465bdfb7) x31 0x465bd000
core   0: 0x800007e0 (0x00000013) nop
core   0: 3 0x800007e0 (0x00000013)
core   0: 0x800007e4 (0xbca90313) addi    t1, s2, -1078
core   0: 3 0x800007e4 (0xbca90313) x 6 0xfffffbc9
core   0: 0x800007e8 (0x023b0f13) addi    t5, s6, 35
core   0: 3 0x800007e8 (0x023b0f13) x30 0x00000022
core   0: 0x800007ec (0xb9a3ffb7) lui     t6, 0xb9a3f
core   0: 3 0x800007ec (0xb9a3ffb7) x31 0xb9a3f000
core   0: 0x800007f0 (0x00000013) nop
core   0: 3 0x800007f0 (0x00000013)
core   0: 0x800007f4 (0xde9e0393) addi    t2, t3, -535
core   0: 3 0x800007f4 (0xde9e0393) x 7 0x9fef25a5
core   0: 0x800007f8 (0x00000013) nop
core   0: 3 0x800007f8 (0x00000013)
core   0: 0x800007fc (0x406b0b33) sub     s6, s6, t1
core   0: 3 0x800007fc (0x406b0b33) x22 0x00000436
core   0: 0x80000800 (0xd8fa0a13) addi    s4, s4, -625
core   0: 3 0x80000800 (0xd8fa0a13) x20 0x4916154f
core   0: 0x80000804 (0xfff00b93) li      s7, -1
core   0: 3 0x80000804 (0xfff00b93) x23 0xffffffff
core   0: 0x80000808 (0xfff00d93) li      s11, -1
core   0: 3 0x80000808 (0xfff00d93) x27 0xffffffff
core   0: 0x8000080c (0xfff00f93) li      t6, -1
core   0: 3 0x8000080c (0xfff00f93) x31 0xffffffff
core   0: 0x80000810 (0x800002b7) lui     t0, 0x80000
core   0: 3 0x80000810 (0x800002b7) x 5 0x80000000
core   0: 0x80000814 (0x00000a93) li      s5, 0
core   0: 3 0x80000814 (0x00000a93) x21 0x00000000
core   0: 0x80000818 (0x800009b7) lui     s3, 0x80000
core   0: 3 0x80000818 (0x800009b7) x19 0x80000000
core   0: 0x8000081c (0xfff00e13) li      t3, -1
core   0: 3 0x8000081c (0xfff00e13) x28 0xffffffff
core   0: 0x80000820 (0x07841937) lui     s2, 0x7841
core   0: 3 0x80000820 (0x07841937) x18 0x07841000
core   0: 0x80000824 (0xa0490913) addi    s2, s2, -1532
core   0: 3 0x80000824 (0xa0490913) x18 0x07840a04
core   0: 0x80000828 (0x800004b7) lui     s1, 0x80000
core   0: 3 0x80000828 (0x800004b7) x 9 0x80000000
core   0: 0x8000082c (0x313a8837) lui     a6, 0x313a8
core   0: 3 0x8000082c (0x313a8837) x16 0x313a8000
core   0: 0x80000830 (0xf6180813) addi    a6, a6, -159
core   0: 3 0x80000830 (0xf6180813) x16 0x313a7f61
core   0: 0x80000834 (0x41c90db3) sub     s11, s2, t3
core   0: 3 0x80000834 (0x41c90db3) x27 0x07840a05
core   0: 0x80000838 (0x00000013) nop
core   0: 3 0x80000838 (0x00000013)
core   0: 0x8000083c (0xe5a2e837) lui     a6, 0xe5a2e
core   0: 3 0x8000083c (0xe5a2e837) x16 0xe5a2e000
core   0: 0x80000840 (0x01028833) add     a6, t0, a6
core   0: 3 0x80000840 (0x01028833) x16 0x65a2e000
core   0: 0x80000844 (0x1a6ca4b7) lui     s1, 0x1a6ca
core   0: 3 0x80000844 (0x1a6ca4b7) x 9 0x1a6ca000
core   0: 0x80000848 (0x412a8e33) sub     t3, s5, s2
core   0: 3 0x80000848 (0x412a8e33) x28 0xf87bf5fc
core   0: 0x8000084c (0x009b84b3) add     s1, s7, s1
core   0: 3 0x8000084c (0x009b84b3) x 9 0x1a6c9fff
core   0: 0x80000850 (0x01f284b3) add     s1, t0, t6
core   0: 3 0x80000850 (0x01f284b3) x 9 0x7fffffff
core   0: 0x80000854 (0xe3072917) auipc   s2, 0xe3072
core   0: 3 0x80000854 (0xe3072917) x18 0x63072854
core   0: 0x80000858 (0xc7980493) addi    s1, a6, -903
core   0: 3 0x80000858 (0xc7980493) x 9 0x65a2dc79
core   0: 0x8000085c (0x3f288fb7) lui     t6, 0x3f288
core   0: 3 0x8000085c (0x3f288fb7) x31 0x3f288000
core   0: 0x80000860 (0x01548e33) add     t3, s1, s5
core   0: 3 0x80000860 (0x01548e33) x28 0x65a2dc79
core   0: 0x80000864 (0x22280913) addi    s2, a6, 546
core   0: 3 0x80000864 (0x22280913) x18 0x65a2e222
core   0: 0x80000868 (0x00548fb3) add     t6, s1, t0
core   0: 3 0x80000868 (0x00548fb3) x31 0xe5a2dc79
core   0: 0x8000086c (0x0a7b2a97) auipc   s5, 0xa7b2
core   0: 3 0x8000086c (0x0a7b2a97) x21 0x8a7b286c
core   0: 0x80000870 (0x800001b7) lui     gp, 0x80000
core   0: 3 0x80000870 (0x800001b7) x 3 0x80000000
core   0: 0x80000874 (0x26d5a3b7) lui     t2, 0x26d5a
core   0: 3 0x80000874 (0x26d5a3b7) x 7 0x26d5a000
core   0: 0x80000878 (0x12338393) addi    t2, t2, 291
core   0: 3 0x80000878 (0x12338393) x 7 0x26d5a123
core   0: 0x8000087c (0x00000213) li      tp, 0
core   0: 3 0x8000087c (0x00000213) x 4 0x00000000
core   0: 0x80000880 (0xfff00413) li      s0, -1
core   0: 3 0x80000880 (0xfff00413) x 8 0xffffffff
core   0: 0x80000884 (0x80000637) lui     a2, 0x80000
core   0: 3 0x80000884 (0x80000637) x12 0x80000000
core   0: 0x80000888 (0x47ab2837) lui     a6, 0x47ab2
core   0: 3 0x80000888 (0x47ab2837) x16 0x47ab2000
core   0: 0x8000088c (0xcd480813) addi    a6, a6, -812
core   0: 3 0x8000088c (0xcd480813) x16 0x47ab1cd4
core   0: 0x80000890 (0x85dd68b7) lui     a7, 0x85dd6
core   0: 3 0x80000890 (0x85dd68b7) x17 0x85dd6000
core   0: 0x80000894 (0x7b388893) addi    a7, a7, 1971
core   0: 3 0x80000894 (0x7b388893) x17 0x85dd67b3
core   0: 0x80000898 (0xeb2bdd37) lui     s10, 0xeb2bd
core   0: 3 0x80000898 (0xeb2bdd37) x26 0xeb2bd000
core   0: 0x8000089c (0xc8fd0d13) addi    s10, s10, -881
core   0: 3 0x8000089c (0xc8fd0d13) x26 0xeb2bcc8f
core   0: 0x800008a0 (0x80000937) lui     s2, 0x80000
core   0: 3 0x800008a0 (0x80000937) x18 0x80000000
core   0: 0x800008a4 (0x80000db7) lui     s11, 0x80000
core   0: 3 0x800008a4 (0x80000db7) x27 0x80000000
core   0: 0x800008a8 (0x9c013417) auipc   s0, 0x9c013
core   0: 3 0x800008a8 (0x9c013417) x 8 0x1c0138a8
core   0: 0x800008ac (0xe5fab897) auipc   a7, 0xe5fab
core   0: 3 0x800008ac (0xe5fab897) x17 0x65fab8ac
core   0: 0x800008b0 (0x41040433) sub     s0, s0, a6
core   0: 3 0x800008b0 (0x41040433) x 8 0xd4561bd4
core   0: 0x800008b4 (0x122133b7) lui     t2, 0x12213
core   0: 3 0x800008b4 (0x122133b7) x 7 0x12213000
core   0: 0x800008b8 (0x1bc88893) addi    a7, a7, 444
core   0: 3 0x800008b8 (0x1bc88893) x17 0x65faba68
core   0: 0x800008bc (0x00000013) nop
core   0: 3 0x800008bc (0x00000013)
core   0: 0x800008c0 (0x00000013) nop
core   0: 3 0x800008c0 (0x00000013)
core   0: 0x800008c4 (0x010d08b3) add     a7, s10, a6
core   0: 3 0x800008c4 (0x010d08b3) x17 0x32d6e963
core   0: 0x800008c8 (0x00000013) nop
core   0: 3 0x800008c8 (0x00000013)
core   0: 0x800008cc (0x20ac1d97) auipc   s11, 0x20ac1
core   0: 3 0x800008cc (0x20ac1d97) x27 0xa0ac18cc
core   0: 0x800008d0 (0x7816d417) auipc   s0, 0x7816d
core   0: 3 0x800008d0 (0x7816d417) x 8 0xf816d8d0
core   0: 0x800008d4 (0x01a20233) add     tp, tp, s10
core   0: 3 0x800008d4 (0x01a20233) x 4 0xeb2bcc8f
core   0: 0x800008d8 (0x007d0233) add     tp, s10, t2
core   0: 3 0x800008d8 (0x007d0233) x 4 0xfd4cfc8f
core   0: 0x800008dc (0x5bd6a637) lui     a2, 0x5bd6a
core   0: 3 0x800008dc (0x5bd6a637) x12 0x5bd6a000
core   0: 0x800008e0 (0x55088613) addi    a2, a7, 1360
core   0: 3 0x800008e0 (0x55088613) x12 0x32d6eeb3
core   0: 0x800008e4 (0xb6464817) auipc   a6, 0xb6464
core   0: 3 0x800008e4 (0xb6464817) x16 0x364648e4
core   0: 0x800008e8 (0x32d2d1b7) lui     gp, 0x32d2d
core   0: 3 0x800008e8 (0x32d2d1b7) x 3 0x32d2d000
core   0: 0x800008ec (0x40390db3) sub     s11, s2, gp
core   0: 3 0x800008ec (0x40390db3) x27 0x4d2d3000
core   0: 0x800008f0 (0x4225e8b7) lui     a7, 0x4225e
core   0: 3 0x800008f0 (0x4225e8b7) x17 0x4225e000
core   0: 0x800008f4 (0x30347d97) auipc   s11, 0x30347
core   0: 3 0x800008f4 (0x30347d97) x27 0xb03478f4
core   0: 0x800008f8 (0x404908b3) sub     a7, s2, tp
core   0: 3 0x800008f8 (0x404908b3) x17 0x82b30371
core   0: 0x800008fc (0x359551b7) lui     gp, 0x35955
core   0: 3 0x800008fc (0x359551b7) x 3 0x35955000
core   0: 0x80000900 (0x404883b3) sub     t2, a7, tp
core   0: 3 0x80000900 (0x404883b3) x 7 0x856606e2
core   0: 0x80000904 (0x00420633) add     a2, tp, tp
core   0: 3 0x80000904 (0x00420633) x12 0xfa99f91e
core   0: 0x80000908 (0x01a90433) add     s0, s2, s10
core   0: 3 0x80000908 (0x01a90433) x 8 0x6b2bcc8f
core   0: 0x8000090c (0x31d3f837) lui     a6, 0x31d3f
core   0: 3 0x8000090c (0x31d3f837) x16 0x31d3f000
core   0: 0x80000910 (0x01138633) add     a2, t2, a7
core   0: 3 0x80000910 (0x01138633) x12 0x08190a53
core   0: 0x80000914 (0xcef18913) addi    s2, gp, -785
core   0: 3 0x80000914 (0xcef18913) x18 0x35954cef
core   0: 0x80000918 (0x00000013) nop
core   0: 3 0x80000918 (0x00000013)
core   0: 0x8000091c (0xc3dad217) auipc   tp, 0xc3dad
core   0: 3 0x8000091c (0xc3dad217) x 4 0x43dad91c
core   0: 0x80000920 (0xc1b71cb7) lui     s9, 0xc1b71
core   0: 3 0x80000920 (0xc1b71cb7) x25 0xc1b71000
core   0: 0x80000924 (0xebfc8c93) addi    s9, s9, -321
core   0: 3 0x80000924 (0xebfc8c93) x25 0xc1b70ebf
core   0: 0x80000928 (0xee445e37) lui     t3, 0xee445
core   0: 3 0x80000928 (0xee445e37) x28 0xee445000
core   0: 0x8000092c (0x45ce0e13) addi    t3, t3, 1116
core   0: 3 0x8000092c (0x45ce0e13) x28 0xee44545c
core   0: 0x80000930 (0xd5d0fd37) lui     s10, 0xd5d0f
core   0: 3 0x80000930 (0xd5d0fd37) x26 0xd5d0f000
core   0: 0x80000934 (0x21bd0d13) addi    s10, s10, 539
core   0: 3 0x80000934 (0x21bd0d13) x26 0xd5d0f21b
core   0: 0x80000938 (0x80000837) lui     a6, 0x80000
core   0: 3 0x80000938 (0x80000837) x16 0x80000000
core   0: 0x8000093c (0x6a55e437) lui     s0, 0x6a55e
core   0: 3 0x8000093c (0x6a55e437) x 8 0x6a55e000
core   0: 0x80000940 (0xa5940413) addi    s0, s0, -1447
core   0: 3 0x80000940 (0xa5940413) x 8 0x6a55da59
core   0: 0x80000944 (0xea695137) lui     sp, 0xea695
core   0: 3 0x80000944 (0xea695137) x 2 0xea695000
core   0: 0x80000948 (0x14c10113) addi    sp, sp, 332
core   0: 3 0x80000948 (0x14c10113) x 2 0xea69514c
core   0: 0x8000094c (0xfff00a13) li      s4, -1
core   0: 3 0x8000094c (0xfff00a13) x20 0xffffffff
core   0: 0x80000950 (0xfff00293) li      t0, -1
core   0: 3 0x80000950 (0xfff00293) x 5 0xffffffff
core   0: 0x80000954 (0x80000737) lui     a4, 0x80000
core   0: 3 0x80000954 (0x80000737) x14 0x80000000
core   0: 0x80000958 (0x80000db7) lui     s11, 0x80000
core   0: 3 0x80000958 (0x80000db7) x27 0x80000000
core   0: 0x8000095c (0x00000013) nop
core   0: 3 0x8000095c (0x00000013)
core   0: 0x80000960 (0x41c40733) sub     a4, s0, t3
core   0: 3 0x80000960 (0x41c40733) x14 0x7c1185fd
core   0: 0x80000964 (0x00000013) nop
core   0: 3 0x80000964 (0x00000013)
core   0: 0x80000968 (0x5a370a13) addi    s4, a4, 1443
core   0: 3 0x80000968 (0x5a370a13) x20 0x7c118ba0
core   0: 0x8000096c (0x04ca9d37) lui     s10, 0x4ca9
core   0: 3 0x8000096c (0x04ca9d37) x26 0x04ca9000
core   0: 0x80000970 (0x9f8b9717) auipc   a4, 0x9f8b9
core   0: 3 0x80000970 (0x9f8b9717) x14 0x1f8b9970
core   0: 0x80000974 (0x8e740c93) addi    s9, s0, -1817
core   0: 3 0x80000974 (0x8e740c93) x25 0x6a55d340
core   0: 0x80000978 (0x00000013) nop
core   0: 3 0x80000978 (0x00000013)
core   0: 0x8000097c (0x996d6117) auipc   sp, 0x996d6
core   0: 3 0x8000097c (0x996d6117) x 2 0x196d697c
core   0: 0x80000980 (0xd3170293) addi    t0, a4, -719
core   0: 3 0x80000980 (0xd3170293) x 5 0x1f8b96a1
core   0: 0x80000984 (0xc3f38a17) auipc   s4, 0xc3f38
core   0: 3 0x80000984 (0xc3f38a17) x20 0x43f38984
core   0: 0x80000988 (0x01928433) add     s0, t0, s9
core   0: 3 0x80000988 (0x01928433) x 8 0x89e169e1
core   0: 0x8000098c (0x4cfcb2b7) lui     t0, 0x4cfcb
core   0: 3 0x8000098c (0x4cfcb2b7) x 5 0x4cfcb000
core   0: 0x80000990 (0x0aa70c93) addi    s9, a4, 170
core   0: 3 0x80000990 (0x0aa70c93) x25 0x1f8b9a1a
core   0: 0x80000994 (0xb9f56437) lui     s0, 0xb9f56
core   0: 3 0x80000994 (0xb9f56437) x 8 0xb9f56000
core   0: 0x80000998 (0x81780293) addi    t0, a6, -2025
core   0: 3 0x80000998 (0x81780293) x 5 0x7ffff817
core   0: 0x8000099c (0x41a10d33) sub     s10, sp, s10
core   0: 3 0x8000099c (0x41a10d33) x26 0x14a2d97c
core   0: 0x800009a0 (0x2c016437) lui     s0, 0x2c016
core   0: 3 0x800009a0 (0x2c016437) x 8 0x2c016000
core   0: 0x800009a4 (0x00000113) li      sp, 0
core   0: 3 0x800009a4 (0x00000113) x 2 0x00000000
core   0: 0x800009a8 (0x3947c637) lui     a2, 0x3947c
core   0: 3 0x800009a8 (0x3947c637) x12 0x3947c000
core   0: 0x800009ac (0xc5460613) addi    a2, a2, -940
core   0: 3 0x800009ac (0xc5460613) x12 0x3947bc54
core   0: 0x800009b0 (0x80000337) lui     t1, 0x80000
core   0: 3 0x800009b0 (0x80000337) x 6 0x80000000
core   0: 0x800009b4 (0xf524c3b7) lui     t2, 0xf524c
core   0: 3 0x800009b4 (0xf524c3b7) x 7 0xf524c000
core   0: 0x800009b8 (0x13638393) addi    t2, t2, 310
core   0: 3 0x800009b8 (0x13638393) x 7 0xf524c136
core   0: 0x800009bc (0x80000837) lui     a6, 0x80000
core   0: 3 0x800009bc (0x80000837) x16 0x80000000
core   0: 0x800009c0 (0x80000a37) lui     s4, 0x80000
core   0: 3 0x800009c0 (0x80000a37) x20 0x80000000
core   0: 0x800009c4 (0x205714b7) lui     s1, 0x20571
core   0: 3 0x800009c4 (0x205714b7) x 9 0x20571000
core   0: 0x800009c8 (0x9fc48493) addi    s1, s1, -1540
core   0: 3 0x800009c8 (0x9fc48493) x 9 0x205709fc
core   0: 0x800009cc (0x00000e13) li      t3, 0
core   0: 3 0x800009cc (0x00000e13) x28 0x00000000
core   0: 0x800009d0 (0x80000b37) lui     s6, 0x80000
core   0: 3 0x800009d0 (0x80000b37) x22 0x80000000
core   0: 0x800009d4 (0x800000b7) lui     ra, 0x80000
core   0: 3 0x800009d4 (0x800000b7) x 1 0x80000000
core   0: 0x800009d8 (0x01c48133) add     sp, s1, t3
core   0: 3 0x800009d8 (0x01c48133) x 2 0x205709fc
core   0: 0x800009dc (0x00c60e33) add     t3, a2, a2
core   0: 3 0x800009dc (0x00c60e33) x28 0x728f78a8
core   0: 0x800009e0 (0x78f38a13) addi    s4, t2, 1935
core   0: 3 0x800009e0 (0x78f38a13) x20 0xf524c8c5
core   0: 0x800009e4 (0x01c604b3) add     s1, a2, t3
core   0: 3 0x800009e4 (0x01c604b3) x 9 0xabd734fc
core   0: 0x800009e8 (0x009e0333) add     t1, t3, s1
core   0: 3 0x800009e8 (0x009e0333) x 6 0x1e66ada4
core   0: 0x800009ec (0x03bde637) lui     a2, 0x3bde
core   0: 3 0x800009ec (0x03bde637) x12 0x03bde000
core   0: 0x800009f0 (0x002483b3) add     t2, s1, sp
core   0: 3 0x800009f0 (0x002483b3) x 7 0xcc2e3ef8
core   0: 0x800009f4 (0x41030633) sub     a2, t1, a6
core   0: 3 0x800009f4 (0x41030633) x12 0x9e66ada4
core   0: 0x800009f8 (0x803314b7) lui     s1, 0x80331
core   0: 3 0x800009f8 (0x803314b7) x 9 0x80331000
core   0: 0x800009fc (0x699cfb17) auipc   s6, 0x699cf
core   0: 3 0x800009fc (0x699cfb17) x22 0xe99cf9fc
core   0: 0x80000a00 (0x40c08b33) sub     s6, ra, a2
core   0: 3 0x80000a00 (0x40c08b33) x22 0xe199525c
core   0: 0x80000a04 (0xff65b097) auipc   ra, 0xff65b
core   0: 3 0x80000a04 (0xff65b097) x 1 0x7f65ba04
core   0: 0x80000a08 (0xbf960093) addi    ra, a2, -1031
core   0: 3 0x80000a08 (0xbf960093) x 1 0x9e66a99d
core   0: 0x80000a0c (0x8b5b74b7) lui     s1, 0x8b5b7
core   0: 3 0x80000a0c (0x8b5b74b7) x 9 0x8b5b7000
core   0: 0x80000a10 (0x62cc4e37) lui     t3, 0x62cc4
core   0: 3 0x80000a10 (0x62cc4e37) x28 0x62cc4000
core   0: 0x80000a14 (0xaa241117) auipc   sp, 0xaa241
core   0: 3 0x80000a14 (0xaa241117) x 2 0x2a241a14
core   0: 0x80000a18 (0x00000013) nop
core   0: 3 0x80000a18 (0x00000013)
core   0: 0x80000a1c (0x40c38e33) sub     t3, t2, a2
core   0: 3 0x80000a1c (0x40c38e33) x28 0x2dc79154
core   0: 0x80000a20 (0x00000013) nop
core   0: 3 0x80000a20 (0x00000013)
core   0: 0x80000a24 (0x00000013) nop
core   0: 3 0x80000a24 (0x00000013)
core   0: 0x80000a28 (0xb0d18397) auipc   t2, 0xb0d18
core   0: 3 0x80000a28 (0xb0d18397) x 7 0x30d18a28
core   0: 0x80000a2c (0x00000013) nop
core   0: 3 0x80000a2c (0x00000013)
core   0: 0x80000a30 (0x016e0b33) add     s6, t3, s6
core   0: 3 0x80000a30 (0x016e0b33) x22 0x0f60e3b0
core   0: 0x80000a34 (0x7f8ceb17) auipc   s6, 0x7f8ce
core   0: 3 0x80000a34 (0x7f8ceb17) x22 0xff8cea34
core   0: 0x80000a38 (0x40608e33) sub     t3, ra, t1
core   0: 3 0x80000a38 (0x40608e33) x28 0x7ffffbf9
core   0: 0x80000a3c (0x002b00b3) add     ra, s6, sp
core   0: 3 0x80000a3c (0x002b00b3) x 1 0x29b10448
core   0: 0x80000a40 (0x00000013) nop
core   0: 3 0x80000a40 (0x00000013)
core   0: 0x80000a44 (0x00000013) nop
core   0: 3 0x80000a44 (0x00000013)
core   0: 0x80000a48 (0x01038a33) add     s4, t2, a6
core   0: 3 0x80000a48 (0x01038a33) x20 0xb0d18a28
core   0: 0x80000a4c (0xfff00813) li      a6, -1
core   0: 3 0x80000a4c (0xfff00813) x16 0xffffffff
core   0: 0x80000a50 (0x80000737) lui     a4, 0x80000
core   0: 3 0x80000a50 (0x80000737) x14 0x80000000
core   0: 0x80000a54 (0x800002b7) lui     t0, 0x80000
core   0: 3 0x80000a54 (0x800002b7) x 5 0x80000000
core   0: 0x80000a58 (0x00000b13) li      s6, 0
core   0: 3 0x80000a58 (0x00000b13) x22 0x00000000
core   0: 0x80000a5c (0x80000637) lui     a2, 0x80000
core   0: 3 0x80000a5c (0x80000637) x12 0x80000000
core   0: 0x80000a60 (0x8b64feb7) lui     t4, 0x8b64f
core   0: 3 0x80000a60 (0x8b64feb7) x29 0x8b64f000
core   0: 0x80000a64 (0x9a7e8e93) addi    t4, t4, -1625
core   0: 3 0x80000a64 (0x9a7e8e93) x29 0x8b64e9a7
core   0: 0x80000a68 (0xfff00413) li      s0, -1
core   0: 3 0x80000a68 (0xfff00413) x 8 0xffffffff
core   0: 0x80000a6c (0xfff00693) li      a3, -1
core   0: 3 0x80000a6c (0xfff00693) x13 0xffffffff
core   0: 0x80000a70 (0x80000237) lui     tp, 0x80000
core   0: 3 0x80000a70 (0x80000237) x 4 0x80000000
core   0: 0x80000a74 (0x00000793) li      a5, 0
core   0: 3 0x80000a74 (0x00000793) x15 0x00000000
core   0: 0x80000a78 (0xa86ad837) lui     a6, 0xa86ad
core   0: 3 0x80000a78 (0xa86ad837) x16 0xa86ad000
core   0: 0x80000a7c (0x00f70eb3) add     t4, a4, a5
core   0: 3 0x80000a7c (0x00f70eb3) x29 0x80000000
core   0: 0x80000a80 (0xfa816eb7) lui     t4, 0xfa816
core   0: 3 0x80000a80 (0xfa816eb7) x29 0xfa816000
core   0: 0x80000a84 (0x21a78413) addi    s0, a5, 538
core   0: 3 0x80000a84 (0x21a78413) x 8 0x0000021a
core   0: 0x80000a88 (0x00840eb3) add     t4, s0, s0
core   0: 3 0x80000a88 (0x00840eb3) x29 0x00000434
core   0: 0x80000a8c (0xe6220b13) addi    s6, tp, -414
core   0: 3 0x80000a8c (0xe6220b13) x22 0x7ffffe62
core   0: 0x80000a90 (0x40e402b3) sub     t0, s0, a4
core   0: 3 0x80000a90 (0x40e402b3) x 5 0x8000021a
core   0: 0x80000a94 (0x1f4926b7) lui     a3, 0x1f492
core   0: 3 0x80000a94 (0x1f4926b7) x13 0x1f492000
core   0: 0x80000a98 (0x00000013) nop
core   0: 3 0x80000a98 (0x00000013)
core   0: 0x80000a9c (0x00000013) nop
core   0: 3 0x80000a9c (0x00000013)
core   0: 0x80000aa0 (0x00000013) nop
core   0: 3 0x80000aa0 (0x00000013)
core   0: 0x80000aa4 (0x00c68833) add     a6, a3, a2
core   0: 3 0x80000aa4 (0x00c68833) x16 0x9f492000
core   0: 0x80000aa8 (0x692257b7) lui     a5, 0x69225
core   0: 3 0x80000aa8 (0x692257b7) x15 0x69225000
core   0: 0x80000aac (0x00000013) nop
core   0: 3 0x80000aac (0x00000013)
core   0: 0x80000ab0 (0x00c78b33) add     s6, a5, a2
core   0: 3 0x80000ab0 (0x00c78b33) x22 0xe9225000
core   0: 0x80000ab4 (0x00c78833) add     a6, a5, a2
core   0: 3 0x80000ab4 (0x00c78833) x16 0xe9225000
core   0: 0x80000ab8 (0xd6770293) addi    t0, a4, -665
core   0: 3 0x80000ab8 (0xd6770293) x 5 0x7ffffd67
core   0: 0x80000abc (0x40c70433) sub     s0, a4, a2
core   0: 3 0x80000abc (0x40c70433) x 8 0x00000000
core   0: 0x80000ac0 (0x01020833) add     a6, tp, a6
core   0: 3 0x80000ac0 (0x01020833) x16 0x69225000
core   0: 0x80000ac4 (0x010b06b3) add     a3, s6, a6
core   0: 3 0x80000ac4 (0x010b06b3) x13 0x5244a000
core   0: 0x80000ac8 (0xc15727b7) lui     a5, 0xc1572
core   0: 3 0x80000ac8 (0xc15727b7) x15 0xc1572000
core   0: 0x80000acc (0x41de8733) sub     a4, t4, t4
core   0: 3 0x80000acc (0x41de8733) x14 0x00000000
core   0: 0x80000ad0 (0x54278b13) addi    s6, a5, 1346
core   0: 3 0x80000ad0 (0x54278b13) x22 0xc1572542
core   0: 0x80000ad4 (0x7743eb17) auipc   s6, 0x7743e
core   0: 3 0x80000ad4 (0x7743eb17) x22 0xf743ead4
core   0: 0x80000ad8 (0x99708797) auipc   a5, 0x99708
core   0: 3 0x80000ad8 (0x99708797) x15 0x19708ad8
core   0: 0x80000adc (0x00000013) nop
core   0: 3 0x80000adc (0x00000013)
core   0: 0x80000ae0 (0x00570233) add     tp, a4, t0
core   0: 3 0x80000ae0 (0x00570233) x 4 0x7ffffd67
core   0: 0x80000ae4 (0xaea2eb17) auipc   s6, 0xaea2e
core   0: 3 0x80000ae4 (0xaea2eb17) x22 0x2ea2eae4
core   0: 0x80000ae8 (0x4347e7b7) lui     a5, 0x4347e
core   0: 3 0x80000ae8 (0x4347e7b7) x15 0x4347e000
core   0: 0x80000aec (0xff078793) addi    a5, a5, -16
core   0: 3 0x80000aec (0xff078793) x15 0x4347dff0
core   0: 0x80000af0 (0x800000b7) lui     ra, 0x80000
core   0: 3 0x80000af0 (0x800000b7) x 1 0x80000000
core   0: 0x80000af4 (0xfff00913) li      s2, -1
core   0: 3 0x80000af4 (0xfff00913) x18 0xffffffff
core   0: 0x80000af8 (0xfff00713) li      a4, -1
core   0: 3 0x80000af8 (0xfff00713) x14 0xffffffff
core   0: 0x80000afc (0x50d80237) lui     tp, 0x50d80
core   0: 3 0x80000afc (0x50d80237) x 4 0x50d80000
core   0: 0x80000b00 (0xb3f20213) addi    tp, tp, -1217
core   0: 3 0x80000b00 (0xb3f20213) x 4 0x50d7fb3f
core   0: 0x80000b04 (0x00000d13) li      s10, 0
core   0: 3 0x80000b04 (0x00000d13) x26 0x00000000
core   0: 0x80000b08 (0x00000b13) li      s6, 0
core   0: 3 0x80000b08 (0x00000b13) x22 0x00000000
core   0: 0x80000b0c (0xdd3a0f37) lui     t5, 0xdd3a0
core   0: 3 0x80000b0c (0xdd3a0f37) x30 0xdd3a0000
core   0: 0x80000b10 (0x027f0f13) addi    t5, t5, 39
core   0: 3 0x80000b10 (0x027f0f13) x30 0xdd3a0027
core   0: 0x80000b14 (0x80000cb7) lui     s9, 0x80000
core   0: 3 0x80000b14 (0x80000cb7) x25 0x80000000
core   0: 0x80000b18 (0x703019b7) lui     s3, 0x70301
core   0: 3 0x80000b18 (0x703019b7) x19 0x70301000
core   0: 0x80000b1c (0x6b698993) addi    s3, s3, 1718
core   0: 3 0x80000b1c (0x6b698993) x19 0x703016b6
core   0: 0x80000b20 (0x94b4b7b7) lui     a5, 0x94b4b
core   0: 3 0x80000b20 (0x94b4b7b7) x15 0x94b4b000
core   0: 0x80000b24 (0x4bdd0213) addi    tp, s10, 1213
core   0: 3 0x80000b24 (0x4bdd0213) x 4 0x000004bd
core   0: 0x80000b28 (0x41af00b3) sub     ra, t5, s10
core   0: 3 0x80000b28 (0x41af00b3) x 1 0xdd3a0027
core   0: 0x80000b2c (0x416b09b3) sub     s3, s6, s6
core   0: 3 0x80000b2c (0x416b09b3) x19 0x00000000
core   0: 0x80000b30 (0xac6cd917) auipc   s2, 0xac6cd
core   0: 3 0x80000b30 (0xac6cd917) x18 0x2c6cdb30
core   0: 0x80000b34 (0xa07e7217) auipc   tp, 0xa07e7
core   0: 3 0x80000b34 (0xa07e7217) x 4 0x207e7b34
core   0: 0x80000b38 (0x01ac8b33) add     s6, s9, s10
core   0: 3 0x80000b38 (0x01ac8b33) x22 0x80000000
core   0: 0x80000b3c (0x013787b3) add     a5, a5, s3
core   0: 3 0x80000b3c (0x013787b3) x15 0x94b4b000
core   0: 0x80000b40 (0x5cdc5097) auipc   ra, 0x5cdc5
core   0: 3 0x80000b40 (0x5cdc5097) x 1 0xdcdc5b40
core   0: 0x80000b44 (0x35db7937) lui     s2, 0x35db7
core   0: 3 0x80000b44 (0x35db7937) x18 0x35db7000
core   0: 0x80000b48 (0x00000013) nop
core   0: 3 0x80000b48 (0x00000013)
core   0: 0x80000b4c (0x7a861097) auipc   ra, 0x7a861
core   0: 3 0x80000b4c (0x7a861097) x 1 0xfa861b4c
core   0: 0x80000b50 (0xf94d2237) lui     tp, 0xf94d2
core   0: 3 0x80000b50 (0xf94d2237) x 4 0xf94d2000
core   0: 0x80000b54 (0xabc7f9b7) lui     s3, 0xabc7f
core   0: 3 0x80000b54 (0xabc7f9b7) x19 0xabc7f000
core   0: 0x80000b58 (0x41e087b3) sub     a5, ra, t5
core   0: 3 0x80000b58 (0x41e087b3) x15 0x1d4c1b25
core   0: 0x80000b5c (0x01998f33) add     t5, s3, s9
core   0: 3 0x80000b5c (0x01998f33) x30 0x2bc7f000
core   0: 0x80000b60 (0x175bcd37) lui     s10, 0x175bc
core   0: 3 0x80000b60 (0x175bcd37) x26 0x175bc000
core   0: 0x80000b64 (0x016b0b33) add     s6, s6, s6
core   0: 3 0x80000b64 (0x016b0b33) x22 0x00000000
core   0: 0x80000b68 (0xa9eb0c93) addi    s9, s6, -1378
core   0: 3 0x80000b68 (0xa9eb0c93) x25 0xfffffa9e
core   0: 0x80000b6c (0x41908d33) sub     s10, ra, s9
core   0: 3 0x80000b6c (0x41908d33) x26 0xfa8620ae
core   0: 0x80000b70 (0x01e20cb3) add     s9, tp, t5
core   0: 3 0x80000b70 (0x01e20cb3) x25 0x25151000
core   0: 0x80000b74 (0x878dd097) auipc   ra, 0x878dd
core   0: 3 0x80000b74 (0x878dd097) x 1 0x078ddb74
core   0: 0x80000b78 (0x41298233) sub     tp, s3, s2
core   0: 3 0x80000b78 (0x41298233) x 4 0x75ec8000
core   0: 0x80000b7c (0x15cf6d17) auipc   s10, 0x15cf6
core   0: 3 0x80000b7c (0x15cf6d17) x26 0x95cf6b7c
core   0: 0x80000b80 (0x41e080b3) sub     ra, ra, t5
core   0: 3 0x80000b80 (0x41e080b3) x 1 0xdbc5eb74
core   0: 0x80000b84 (0xd85ec217) auipc   tp, 0xd85ec
core   0: 3 0x80000b84 (0xd85ec217) x 4 0x585ecb84
core   0: 0x80000b88 (0x34b78d13) addi    s10, a5, 843
core   0: 3 0x80000b88 (0x34b78d13) x26 0x1d4c1e70
core   0: 0x80000b8c (0xbdff8997) auipc   s3, 0xbdff8
core   0: 3 0x80000b8c (0xbdff8997) x19 0x3dff8b8c
core   0: 0x80000b90 (0x03f98093) addi    ra, s3, 63
core   0: 3 0x80000b90 (0x03f98093) x 1 0x3dff8bcb
core   0: 0x80000b94 (0x45a940b7) lui     ra, 0x45a94
core   0: 3 0x80000b94 (0x45a940b7) x 1 0x45a94000
core   0: 0x80000b98 (0x746b4237) lui     tp, 0x746b4
core   0: 3 0x80000b98 (0x746b4237) x 4 0x746b4000
core   0: 0x80000b9c (0x60620213) addi    tp, tp, 1542
core   0: 3 0x80000b9c (0x60620213) x 4 0x746b4606
core   0: 0x80000ba0 (0xfff00913) li      s2, -1
core   0: 3 0x80000ba0 (0xfff00913) x18 0xffffffff
core   0: 0x80000ba4 (0x80000637) lui     a2, 0x80000
core   0: 3 0x80000ba4 (0x80000637) x12 0x80000000
core   0: 0x80000ba8 (0x80000d37) lui     s10, 0x80000
core   0: 3 0x80000ba8 (0x80000d37) x26 0x80000000
core   0: 0x80000bac (0xfff00993) li      s3, -1
core   0: 3 0x80000bac (0xfff00993) x19 0xffffffff
core   0: 0x80000bb0 (0xfff00693) li      a3, -1
core   0: 3 0x80000bb0 (0xfff00693) x13 0xffffffff
core   0: 0x80000bb4 (0x80000ab7) lui     s5, 0x80000
core   0: 3 0x80000bb4 (0x80000ab7) x21 0x80000000
core   0: 0x80000bb8 (0x00000793) li      a5, 0
core   0: 3 0x80000bb8 (0x00000793) x15 0x00000000
core   0: 0x80000bbc (0x80000337) lui     t1, 0x80000
core   0: 3 0x80000bbc (0x80000337) x 6 0x80000000
core   0: 0x80000bc0 (0x6e8d8f37) lui     t5, 0x6e8d8
core   0: 3 0x80000bc0 (0x6e8d8f37) x30 0x6e8d8000
core   0: 0x80000bc4 (0xf24f0f13) addi    t5, t5, -220
core   0: 3 0x80000bc4 (0xf24f0f13) x30 0x6e8d7f24
core   0: 0x80000bc8 (0xc61ff9b7) lui     s3, 0xc61ff
core   0: 3 0x80000bc8 (0xc61ff9b7) x19 0xc61ff000
core   0: 0x80000bcc (0x75615d37) lui     s10, 0x75615
core   0: 3 0x80000bcc (0x75615d37) x26 0x75615000
core   0: 0x80000bd0 (0x01a98d33) add     s10, s3, s10
core   0: 3 0x80000bd0 (0x01a98d33) x26 0x3b814000
core   0: 0x80000bd4 (0x00d687b3) add     a5, a3, a3
core   0: 3 0x80000bd4 (0x00d687b3) x15 0xfffffffe
core   0: 0x80000bd8 (0x5ee7fd17) auipc   s10, 0x5ee7f
core   0: 3 0x80000bd8 (0x5ee7fd17) x26 0xdee7fbd8
core   0: 0x80000bdc (0x00000013) nop
core   0: 3 0x80000bdc (0x00000013)
core   0: 0x80000be0 (0x00000013) nop
core   0: 3 0x80000be0 (0x00000013)
core   0: 0x80000be4 (0x41aa8333) sub     t1, s5, s10
core   0: 3 0x80000be4 (0x41aa8333) x 6 0xa1180428
core   0: 0x80000be8 (0x00c90233) add     tp, s2, a2
core   0: 3 0x80000be8 (0x00c90233) x 4 0x7fffffff
core   0: 0x80000bec (0x00000013) nop
core   0: 3 0x80000bec (0x00000013)
core   0: 0x80000bf0 (0xee168a93) addi    s5, a3, -287
core   0: 3 0x80000bf0 (0xee168a93) x21 0xfffffee0
core   0: 0x80000bf4 (0x105cca97) auipc   s5, 0x105cc
core   0: 3 0x80000bf4 (0x105cca97) x21 0x905ccbf4
core   0: 0x80000bf8 (0x00630333) add     t1, t1, t1
core   0: 3 0x80000bf8 (0x00630333) x 6 0x42300850
core   0: 0x80000bfc (0x00000013) nop
core   0: 3 0x80000bfc (0x00000013)
core   0: 0x80000c00 (0xcb54df37) lui     t5, 0xcb54d
core   0: 3 0x80000c00 (0xcb54df37) x30 0xcb54d000
core   0: 0x80000c04 (0x006f07b3) add     a5, t5, t1
core   0: 3 0x80000c04 (0x006f07b3) x15 0x0d84d850
core   0: 0x80000c08 (0xd4d93997) auipc   s3, 0xd4d93
core   0: 3 0x80000c08 (0xd4d93997) x19 0x54d93c08
core   0: 0x80000c0c (0x41378333) sub     t1, a5, s3
core   0: 3 0x80000c0c (0x41378333) x 6 0xb8ab9c48
core   0: 0x80000c10 (0x40cd0933) sub     s2, s10, a2
core   0: 3 0x80000c10 (0x40cd0933) x18 0x5ee7fbd8
core   0: 0x80000c14 (0x72cda917) auipc   s2, 0x72cda
core   0: 3 0x80000c14 (0x72cda917) x18 0xf2cdac14
core   0: 0x80000c18 (0x865e97b7) lui     a5, 0x865e9
core   0: 3 0x80000c18 (0x865e97b7) x15 0x865e9000
core   0: 0x80000c1c (0x006a8d33) add     s10, s5, t1
core   0: 3 0x80000c1c (0x006a8d33) x26 0x4908683c
core   0: 0x80000c20 (0xdc8ab217) auipc   tp, 0xdc8ab
core   0: 3 0x80000c20 (0xdc8ab217) x 4 0x5c8abc20
core   0: 0x80000c24 (0x00000013) nop
core   0: 3 0x80000c24 (0x00000013)
core   0: 0x80000c28 (0x94d80617) auipc   a2, 0x94d80
core   0: 3 0x80000c28 (0x94d80617) x12 0x14d80c28
core   0: 0x80000c2c (0x3bf749b7) lui     s3, 0x3bf74
core   0: 3 0x80000c2c (0x3bf749b7) x19 0x3bf74000
core   0: 0x80000c30 (0x00000013) nop
core   0: 3 0x80000c30 (0x00000013)
core   0: 0x80000c34 (0xfff00d93) li      s11, -1
core   0: 3 0x80000c34 (0xfff00d93) x27 0xffffffff
core   0: 0x80000c38 (0xfff00b93) li      s7, -1
core   0: 3 0x80000c38 (0xfff00b93) x23 0xffffffff
core   0: 0x80000c3c (0x800001b7) lui     gp, 0x80000
core   0: 3 0x80000c3c (0x800001b7) x 3 0x80000000
core   0: 0x80000c40 (0xfff00813) li      a6, -1
core   0: 3 0x80000c40 (0xfff00813) x16 0xffffffff
core   0: 0x80000c44 (0x80000137) lui     sp, 0x80000
core   0: 3 0x80000c44 (0x80000137) x 2 0x80000000
core   0: 0x80000c48 (0x800002b7) lui     t0, 0x80000
core   0: 3 0x80000c48 (0x800002b7) x 5 0x80000000
core   0: 0x80000c4c (0xb7478737) lui     a4, 0xb7478
core   0: 3 0x80000c4c (0xb7478737) x14 0xb7478000
core   0: 0x80000c50 (0xbbf70713) addi    a4, a4, -1089
core   0: 3 0x80000c50 (0xbbf70713) x14 0xb7477bbf
core   0: 0x80000c54 (0x800004b7) lui     s1, 0x80000
core   0: 3 0x80000c54 (0x800004b7) x 9 0x80000000
core   0: 0x80000c58 (0xfff00213) li      tp, -1
core   0: 3 0x80000c58 (0xfff00213) x 4 0xffffffff
core   0: 0x80000c5c (0x80000e37) lui     t3, 0x80000
core   0: 3 0x80000c5c (0x80000e37) x28 0x80000000
core   0: 0x80000c60 (0x00e10833) add     a6, sp, a4
core   0: 3 0x80000c60 (0x00e10833) x16 0x37477bbf
core   0: 0x80000c64 (0xca0e21b7) lui     gp, 0xca0e2
core   0: 3 0x80000c64 (0xca0e21b7) x 3 0xca0e2000
core   0: 0x80000c68 (0x00970db3) add     s11, a4, s1
core   0: 3 0x80000c68 (0x00970db3) x27 0x37477bbf
core   0: 0x80000c6c (0x405484b3) sub     s1, s1, t0
core   0: 3 0x80000c6c (0x405484b3) x 9 0x00000000
core   0: 0x80000c70 (0x06f5c817) auipc   a6, 0x6f5c
core   0: 3 0x80000c70 (0x06f5c817) x16 0x86f5cc70
core   0: 0x80000c74 (0x0be581b7) lui     gp, 0xbe58
core   0: 3 0x80000c74 (0x0be581b7) x 3 0x0be58000
core   0: 0x80000c78 (0x405802b3) sub     t0, a6, t0
core   0: 3 0x80000c78 (0x405802b3) x 5 0x06f5cc70
core   0: 0x80000c7c (0x10c80817) auipc   a6, 0x10c80
core   0: 3 0x80000c7c (0x10c80817) x16 0x90c80c7c
core   0: 0x80000c80 (0x00000013) nop
core   0: 3 0x80000c80 (0x00000013)
core   0: 0x80000c84 (0xb506e237) lui     tp, 0xb506e
core   0: 3 0x80000c84 (0xb506e237) x 4 0xb506e000
core   0: 0x80000c88 (0x01b20e33) add     t3, tp, s11
core   0: 3 0x80000c88 (0x01b20e33) x28 0xec4e5bbf
core   0: 0x80000c8c (0x41720833) sub     a6, tp, s7
core   0: 3 0x80000c8c (0x41720833) x16 0xb506e001
core   0: 0x80000c90 (0x00410733) add     a4, sp, tp
core   0: 3 0x80000c90 (0x00410733) x14 0x3506e000
core   0: 0x80000c94 (0x01be04b3) add     s1, t3, s11
core   0: 3 0x80000c94 (0x01be04b3) x 9 0x2395d77e
core   0: 0x80000c98 (0x668b4bb7) lui     s7, 0x668b4
core   0: 3 0x80000c98 (0x668b4bb7) x23 0x668b4000
core   0: 0x80000c9c (0x7171e137) lui     sp, 0x7171e
core   0: 3 0x80000c9c (0x7171e137) x 2 0x7171e000
core   0: 0x80000ca0 (0x25748713) addi    a4, s1, 599
core   0: 3 0x80000ca0 (0x25748713) x14 0x2395d9d5
core   0: 0x80000ca4 (0xbe328493) addi    s1, t0, -1053
core   0: 3 0x80000ca4 (0xbe328493) x 9 0x06f5c853
core   0: 0x80000ca8 (0x373b5d97) auipc   s11, 0x373b5
core   0: 3 0x80000ca8 (0x373b5d97) x27 0xb73b5ca8
core   0: 0x80000cac (0x73110293) addi    t0, sp, 1841
core   0: 3 0x80000cac (0x73110293) x 5 0x7171e731
core   0: 0x80000cb0 (0xa35d0d97) auipc   s11, 0xa35d0
core   0: 3 0x80000cb0 (0xa35d0d97) x27 0x235d0cb0
core   0: 0x80000cb4 (0x01cd8233) add     tp, s11, t3
core   0: 3 0x80000cb4 (0x01cd8233) x 4 0x0fab686f
core   0: 0x80000cb8 (0xdb423717) auipc   a4, 0xdb423
core   0: 3 0x80000cb8 (0xdb423717) x14 0x5b423cb8
core   0: 0x80000cbc (0xf5ec3e17) auipc   t3, 0xf5ec3
core   0: 3 0x80000cbc (0xf5ec3e17) x28 0x75ec3cbc
core   0: 0x80000cc0 (0x00000013) nop
core   0: 3 0x80000cc0 (0x00000013)
core   0: 0x80000cc4 (0x9fbe0293) addi    t0, t3, -1541
core   0: 3 0x80000cc4 (0x9fbe0293) x 5 0x75ec36b7
core   0: 0x80000cc8 (0x00000013) nop
core   0: 3 0x80000cc8 (0x00000013)
core   0: 0x80000ccc (0x00000013) nop
core   0: 3 0x80000ccc (0x00000013)
core   0: 0x80000cd0 (0xf4c0a4b7) lui     s1, 0xf4c0a
core   0: 3 0x80000cd0 (0xf4c0a4b7) x 9 0xf4c0a000
core   0: 0x80000cd4 (0x95028293) addi    t0, t0, -1712
core   0: 3 0x80000cd4 (0x95028293) x 5 0x75ec3007
core   0: 0x80000cd8 (0xde811337) lui     t1, 0xde811
core   0: 3 0x80000cd8 (0xde811337) x 6 0xde811000
core   0: 0x80000cdc (0xfaa30313) addi    t1, t1, -86
core   0: 3 0x80000cdc (0xfaa30313) x 6 0xde810faa
core   0: 0x80000ce0 (0xfd3dab37) lui     s6, 0xfd3da
core   0: 3 0x80000ce0 (0xfd3dab37) x22 0xfd3da000
core   0: 0x80000ce4 (0xfd1b0b13) addi    s6, s6, -47
core   0: 3 0x80000ce4 (0xfd1b0b13) x22 0xfd3d9fd1
core   0: 0x80000ce8 (0xfff00693) li      a3, -1
core   0: 3 0x80000ce8 (0xfff00693) x13 0xffffffff
core   0: 0x80000cec (0x843e5d37) lui     s10, 0x843e5
core   0: 3 0x80000cec (0x843e5d37) x26 0x843e5000
core   0: 0x80000cf0 (0x7e3d0d13) addi    s10, s10, 2019
core   0: 3 0x80000cf0 (0x7e3d0d13) x26 0x843e57e3
core   0: 0x80000cf4 (0xfff00713) li      a4, -1
core   0: 3 0x80000cf4 (0xfff00713) x14 0xffffffff
core   0: 0x80000cf8 (0x00000193) li      gp, 0
core   0: 3 0x80000cf8 (0x00000193) x 3 0x00000000
core   0: 0x80000cfc (0xfff00493) li      s1, -1
core   0: 3 0x80000cfc (0xfff00493) x 9 0xffffffff
core   0: 0x80000d00 (0xfff00393) li      t2, -1
core   0: 3 0x80000d00 (0xfff00393) x 7 0xffffffff
core   0: 0x80000d04 (0xfff00a13) li      s4, -1
core   0: 3 0x80000d04 (0xfff00a13) x20 0xffffffff
core   0: 0x80000d08 (0xa1dbceb7) lui     t4, 0xa1dbc
core   0: 3 0x80000d08 (0xa1dbceb7) x29 0xa1dbc000
core   0: 0x80000d0c (0xf1ce8e93) addi    t4, t4, -228
core   0: 3 0x80000d0c (0xf1ce8e93) x29 0xa1dbbf1c
core   0: 0x80000d10 (0xe04f3a17) auipc   s4, 0xe04f3
core   0: 3 0x80000d10 (0xe04f3a17) x20 0x604f3d10
core   0: 0x80000d14 (0x01668333) add     t1, a3, s6
core   0: 3 0x80000d14 (0x01668333) x 6 0xfd3d9fd0
core   0: 0x80000d18 (0x40d70eb3) sub     t4, a4, a3
core   0: 3 0x80000d18 (0x40d70eb3) x29 0x00000000
core   0: 0x80000d1c (0x00318eb3) add     t4, gp, gp
core   0: 3 0x80000d1c (0x00318eb3) x29 0x00000000
core   0: 0x80000d20 (0x00000013) nop
core   0: 3 0x80000d20 (0x00000013)
core   0: 0x80000d24 (0x01470d33) add     s10, a4, s4
core   0: 3 0x80000d24 (0x01470d33) x26 0x604f3d0f
core   0: 0x80000d28 (0x00000013) nop
core   0: 3 0x80000d28 (0x00000013)
core   0: 0x80000d2c (0x50db3197) auipc   gp, 0x50db3
core   0: 3 0x80000d2c (0x50db3197) x 3 0xd0db3d2c
core   0: 0x80000d30 (0x993e8e93) addi    t4, t4, -1645
core   0: 3 0x80000d30 (0x993e8e93) x29 0xfffff993
core   0: 0x80000d34 (0x105d0493) addi    s1, s10, 261
core   0: 3 0x80000d34 (0x105d0493) x 9 0x604f3e14
core   0: 0x80000d38 (0x00930a33) add     s4, t1, s1
core   0: 3 0x80000d38 (0x00930a33) x20 0x5d8cdde4
core   0: 0x80000d3c (0x00db0a33) add     s4, s6, a3
core   0: 3 0x80000d3c (0x00db0a33) x20 0xfd3d9fd0
core   0: 0x80000d40 (0x0dca4d17) auipc   s10, 0xdca4
core   0: 3 0x80000d40 (0x0dca4d17) x26 0x8dca4d40
core   0: 0x80000d44 (0x00000013) nop
core   0: 3 0x80000d44 (0x00000013)
core   0: 0x80000d48 (0xce431a17) auipc   s4, 0xce431
core   0: 3 0x80000d48 (0xce431a17) x20 0x4e431d48
core   0: 0x80000d4c (0x014a0733) add     a4, s4, s4
core   0: 3 0x80000d4c (0x014a0733) x14 0x9c863a90
core   0: 0x80000d50 (0x485fdeb7) lui     t4, 0x485fd
core   0: 3 0x80000d50 (0x485fdeb7) x29 0x485fd000
core   0: 0x80000d54 (0x10859737) lui     a4, 0x10859
core   0: 3 0x80000d54 (0x10859737) x14 0x10859000
core   0: 0x80000d58 (0x406681b3) sub     gp, a3, t1
core   0: 3 0x80000d58 (0x406681b3) x 3 0x02c2602f
core   0: 0x80000d5c (0x45469237) lui     tp, 0x45469
core   0: 3 0x80000d5c (0x45469237) x 4 0x45469000
core   0: 0x80000d60 (0x8e920213) addi    tp, tp, -1815
core   0: 3 0x80000d60 (0x8e920213) x 4 0x454688e9
core   0: 0x80000d64 (0xfff00a93) li      s5, -1
core   0: 3 0x80000d64 (0xfff00a93) x21 0xffffffff
core   0: 0x80000d68 (0x80000437) lui     s0, 0x80000
core   0: 3 0x80000d68 (0x80000437) x 8 0x80000000
core   0: 0x80000d6c (0x1b808cb7) lui     s9, 0x1b808
core   0: 3 0x80000d6c (0x1b808cb7) x25 0x1b808000
core   0: 0x80000d70 (0x5f2c8c93) addi    s9, s9, 1522
core   0: 3 0x80000d70 (0x5f2c8c93) x25 0x1b8085f2
core   0: 0x80000d74 (0x391088b7) lui     a7, 0x39108
core   0: 3 0x80000d74 (0x391088b7) x17 0x39108000
core   0: 0x80000d78 (0xc3688893) addi    a7, a7, -970
core   0: 3 0x80000d78 (0xc3688893) x17 0x39107c36
core   0: 0x80000d7c (0x1b6339b7) lui     s3, 0x1b633
core   0: 3 0x80000d7c (0x1b6339b7) x19 0x1b633000
core   0: 0x80000d80 (0x3f198993) addi    s3, s3, 1009
core   0: 3 0x80000d80 (0x3f198993) x19 0x1b6333f1
core   0: 0x80000d84 (0x00000493) li      s1, 0
core   0: 3 0x80000d84 (0x00000493) x 9 0x00000000
core   0: 0x80000d88 (0x00000293) li      t0, 0
core   0: 3 0x80000d88 (0x00000293) x 5 0x00000000
core   0: 0x80000d8c (0xfff00b13) li      s6, -1
core   0: 3 0x80000d8c (0xfff00b13) x22 0xffffffff
core   0: 0x80000d90 (0x00000313) li      t1, 0
core   0: 3 0x80000d90 (0x00000313) x 6 0x00000000
core   0: 0x80000d94 (0x233a8413) addi    s0, s5, 563
core   0: 3 0x80000d94 (0x233a8413) x 8 0x00000232
core   0: 0x80000d98 (0x41930cb3) sub     s9, t1, s9
core   0: 3 0x80000d98 (0x41930cb3) x25 0xe47f7a0e
core   0: 0x80000d9c (0x408a88b3) sub     a7, s5, s0
core   0: 3 0x80000d9c (0x408a88b3) x17 0xfffffdcd
core   0: 0x80000da0 (0x512c8893) addi    a7, s9, 1298
core   0: 3 0x80000da0 (0x512c8893) x17 0xe47f7f20
core   0: 0x80000da4 (0x17920413) addi    s0, tp, 377
core   0: 3 0x80000da4 (0x17920413) x 8 0x45468a62
core   0: 0x80000da8 (0x15c4cc97) auipc   s9, 0x15c4c
core   0: 3 0x80000da8 (0x15c4cc97) x25 0x95c4cda8
core   0: 0x80000dac (0xf66b0313) addi    t1, s6, -154
core   0: 3 0x80000dac (0xf66b0313) x 6 0xffffff65
core   0: 0x80000db0 (0x13948213) addi    tp, s1, 313
core   0: 3 0x80000db0 (0x13948213) x 4 0x00000139
core   0: 0x80000db4 (0x00000013) nop
core   0: 3 0x80000db4 (0x00000013)
core   0: 0x80000db8 (0x98bf0217) auipc   tp, 0x98bf0
core   0: 3 0x80000db8 (0x98bf0217) x 4 0x18bf0db8
core   0: 0x80000dbc (0x8e530313) addi    t1, t1, -1819
core   0: 3 0x80000dbc (0x8e530313) x 6 0xfffff84a
core   0: 0x80000dc0 (0x4ea94437) lui     s0, 0x4ea94
core   0: 3 0x80000dc0 (0x4ea94437) x 8 0x4ea94000
core   0: 0x80000dc4 (0x17bed997) auipc   s3, 0x17bed
core   0: 3 0x80000dc4 (0x17bed997) x19 0x97beddc4
core   0: 0x80000dc8 (0x6afafab7) lui     s5, 0x6afaf
core   0: 3 0x80000dc8 (0x6afafab7) x21 0x6afaf000
core   0: 0x80000dcc (0x2b5a8313) addi    t1, s5, 693
core   0: 3 0x80000dcc (0x2b5a8313) x 6 0x6afaf2b5
core   0: 0x80000dd0 (0x41188333) sub     t1, a7, a7
core   0: 3 0x80000dd0 (0x41188333) x 6 0x00000000
core   0: 0x80000dd4 (0x416b02b3) sub     t0, s6, s6
core   0: 3 0x80000dd4 (0x416b02b3) x 5 0x00000000
core   0: 0x80000dd8 (0x535c5297) auipc   t0, 0x535c5
core   0: 3 0x80000dd8 (0x535c5297) x 5 0xd35c5dd8
core   0: 0x80000ddc (0x00000013) nop
core   0: 3 0x80000ddc (0x00000013)
core   0: 0x80000de0 (0x00000013) nop
core   0: 3 0x80000de0 (0x00000013)
core   0: 0x80000de4 (0x33520293) addi    t0, tp, 821
core   0: 3 0x80000de4 (0x33520293) x 5 0x18bf10ed
core   0: 0x80000de8 (0x009304b3) add     s1, t1, s1
core   0: 3 0x80000de8 (0x009304b3) x 9 0x00000000
core   0: 0x80000dec (0xab640b13) addi    s6, s0, -1354
core   0: 3 0x80000dec (0xab640b13) x22 0x4ea93ab6
core   0: 0x80000df0 (0x957a8893) addi    a7, s5, -1705
core   0: 3 0x80000df0 (0x957a8893) x17 0x6afae957
core   0: 0x80000df4 (0x41128b33) sub     s6, t0, a7
core   0: 3 0x80000df4 (0x41128b33) x22 0xadc42796
core   0: 0x80000df8 (0x00000113) li      sp, 0
core   0: 3 0x80000df8 (0x00000113) x 2 0x00000000
core   0: 0x80000dfc (0x80000637) lui     a2, 0x80000
core   0: 3 0x80000dfc (0x80000637) x12 0x80000000
core   0: 0x80000e00 (0x00000093) li      ra, 0
core   0: 3 0x80000e00 (0x00000093) x 1 0x00000000
core   0: 0x80000e04 (0xc1b4a337) lui     t1, 0xc1b4a
core   0: 3 0x80000e04 (0xc1b4a337) x 6 0xc1b4a000
core   0: 0x80000e08 (0x6dd30313) addi    t1, t1, 1757
core   0: 3 0x80000e08 (0x6dd30313) x 6 0xc1b4a6dd
core   0: 0x80000e0c (0x00000713) li      a4, 0
core   0: 3 0x80000e0c (0x00000713) x14 0x00000000
core   0: 0x80000e10 (0x00000493) li      s1, 0
core   0: 3 0x80000e10 (0x00000493) x 9 0x00000000
core   0: 0x80000e14 (0xfff00193) li      gp, -1
core   0: 3 0x80000e14 (0xfff00193) x 3 0xffffffff
core   0: 0x80000e18 (0xfff00f93) li      t6, -1
core   0: 3 0x80000e18 (0xfff00f93) x31 0xffffffff
core   0: 0x80000e1c (0x00000293) li      t0, 0
core   0: 3 0x80000e1c (0x00000293) x 5 0x00000000
core   0: 0x80000e20 (0x00000f13) li      t5, 0
core   0: 3 0x80000e20 (0x00000f13) x30 0x00000000
core   0: 0x80000e24 (0x00000013) nop
core   0: 3 0x80000e24 (0x00000013)
core   0: 0x80000e28 (0x406080b3) sub     ra, ra, t1
core   0: 3 0x80000e28 (0x406080b3) x 1 0x3e4b5923
core   0: 0x80000e2c (0x003184b3) add     s1, gp, gp
core   0: 3 0x80000e2c (0x003184b3) x 9 0xfffffffe
core   0: 0x80000e30 (0xbb970193) addi    gp, a4, -1095
core   0: 3 0x80000e30 (0xbb970193) x 3 0xfffffbb9
core   0: 0x80000e34 (0xf11df1b7) lui     gp, 0xf11df
core   0: 3 0x80000e34 (0xf11df1b7) x 3 0xf11df000
core   0: 0x80000e38 (0xda478f97) auipc   t6, 0xda478
core   0: 3 0x80000e38 (0xda478f97) x31 0x5a478e38
core   0: 0x80000e3c (0xdca77617) auipc   a2, 0xdca77
core   0: 3 0x80000e3c (0xdca77617) x12 0x5ca77e3c
core   0: 0x80000e40 (0x1d338737) lui     a4, 0x1d338
core   0: 3 0x80000e40 (0x1d338737) x14 0x1d338000
core   0: 0x80000e44 (0x77ef8313) addi    t1, t6, 1918
core   0: 3 0x80000e44 (0x77ef8313) x 6 0x5a4795b6
core   0: 0x80000e48 (0x00000013) nop
core   0: 3 0x80000e48 (0x00000013)
core   0: 0x80000e4c (0x5f408f13) addi    t5, ra, 1524
core   0: 3 0x80000e4c (0x5f408f13) x30 0x3e4b5f17
core   0: 0x80000e50 (0x41e08f33) sub     t5, ra, t5
core   0: 3 0x80000e50 (0x41e08f33) x30 0xfffffa0c
core   0: 0x80000e54 (0xe8618093) addi    ra, gp, -378
core   0: 3 0x80000e54 (0xe8618093) x 1 0xf11dee86
core   0: 0x80000e58 (0x001f8733) add     a4, t6, ra
core   0: 3 0x80000e58 (0x001f8733) x14 0x4b657cbe
core   0: 0x80000e5c (0x00ef8633) add     a2, t6, a4
core   0: 3 0x80000e5c (0x00ef8633) x12 0xa5ad0af6
core   0: 0x80000e60 (0x01f284b3) add     s1, t0, t6
core   0: 3 0x80000e60 (0x01f284b3) x 9 0x5a478e38
core   0: 0x80000e64 (0x00000013) nop
core   0: 3 0x80000e64 (0x00000013)
core   0: 0x80000e68 (0x005f01b3) add     gp, t5, t0
core   0: 3 0x80000e68 (0x005f01b3) x 3 0xfffffa0c
core   0: 0x80000e6c (0xce1f7097) auipc   ra, 0xce1f7
core   0: 3 0x80000e6c (0xce1f7097) x 1 0x4e1f7e6c
core   0: 0x80000e70 (0x40548333) sub     t1, s1, t0
core   0: 3 0x80000e70 (0x40548333) x 6 0x5a478e38
core   0: 0x80000e74 (0x40e70f33) sub     t5, a4, a4
core   0: 3 0x80000e74 (0x40e70f33) x30 0x00000000
core   0: 0x80000e78 (0x00000013) nop
core   0: 3 0x80000e78 (0x00000013)
core   0: 0x80000e7c (0xb90e9137) lui     sp, 0xb90e9
core   0: 3 0x80000e7c (0xb90e9137) x 2 0xb90e9000
core   0: 0x80000e80 (0x22708093) addi    ra, ra, 551
core   0: 3 0x80000e80 (0x22708093) x 1 0x4e1f8093
core   0: 0x80000e84 (0x00270f33) add     t5, a4, sp
core   0: 3 0x80000e84 (0x00270f33) x30 0x04740cbe
core   0: 0x80000e88 (0xbc10df37) lui     t5, 0xbc10d
core   0: 3 0x80000e88 (0xbc10df37) x30 0xbc10d000
core   0: 0x80000e8c (0xb8163d37) lui     s10, 0xb8163
core   0: 3 0x80000e8c (0xb8163d37) x26 0xb8163000
core   0: 0x80000e90 (0x8ead0d13) addi    s10, s10, -1814
core   0: 3 0x80000e90 (0x8ead0d13) x26 0xb81628ea
core   0: 0x80000e94 (0x80000637) lui     a2, 0x80000
core   0: 3 0x80000e94 (0x80000637) x12 0x80000000
core   0: 0x80000e98 (0xfff00393) li      t2, -1
core   0: 3 0x80000e98 (0xfff00393) x 7 0xffffffff
core   0: 0x80000e9c (0xfff00a13) li      s4, -1
core   0: 3 0x80000e9c (0xfff00a13) x20 0xffffffff
core   0: 0x80000ea0 (0x00000293) li      t0, 0
core   0: 3 0x80000ea0 (0x00000293) x 5 0x00000000
core   0: 0x80000ea4 (0x00000d93) li      s11, 0
core   0: 3 0x80000ea4 (0x00000d93) x27 0x00000000
core   0: 0x80000ea8 (0x00000793) li      a5, 0
core   0: 3 0x80000ea8 (0x00000793) x15 0x00000000
core   0: 0x80000eac (0xfff00113) li      sp, -1
core   0: 3 0x80000eac (0xfff00113) x 2 0xffffffff
core   0: 0x80000eb0 (0xfff00c93) li      s9, -1
core   0: 3 0x80000eb0 (0xfff00c93) x25 0xffffffff
core   0: 0x80000eb4 (0x95e0b237) lui     tp, 0x95e0b
core   0: 3 0x80000eb4 (0x95e0b237) x 4 0x95e0b000
core   0: 0x80000eb8 (0xb4620213) addi    tp, tp, -1210
core   0: 3 0x80000eb8 (0xb4620213) x 4 0x95e0ab46
core   0: 0x80000ebc (0xb6f9edb7) lui     s11, 0xb6f9e
core   0: 3 0x80000ebc (0xb6f9edb7) x27 0xb6f9e000
core   0: 0x80000ec0 (0x261a1d97) auipc   s11, 0x261a1
core   0: 3 0x80000ec0 (0x261a1d97) x27 0xa61a1ec0
core   0: 0x80000ec4 (0x002d0cb3) add     s9, s10, sp
core   0: 3 0x80000ec4 (0x002d0cb3) x25 0xb81628e9
core   0: 0x80000ec8 (0x5cb16797) auipc   a5, 0x5cb16
core   0: 3 0x80000ec8 (0x5cb16797) x15 0xdcb16ec8
core   0: 0x80000ecc (0x1b160c93) addi    s9, a2, 433
core   0: 3 0x80000ecc (0x1b160c93) x25 0x800001b1
core   0: 0x80000ed0 (0x7a931397) auipc   t2, 0x7a931
core   0: 3 0x80000ed0 (0x7a931397) x 7 0xfa931ed0
core   0: 0x80000ed4 (0x00f38a33) add     s4, t2, a5
core   0: 3 0x80000ed4 (0x00f38a33) x20 0xd7448d98
core   0: 0x80000ed8 (0xea2d0613) addi    a2, s10, -350
core   0: 3 0x80000ed8 (0xea2d0613) x12 0xb816278c
core   0: 0x80000edc (0x9c42fc97) auipc   s9, 0x9c42f
core   0: 3 0x80000edc (0x9c42fc97) x25 0x1c42fedc
core   0: 0x80000ee0 (0x00000013) nop
core   0: 3 0x80000ee0 (0x00000013)
core   0: 0x80000ee4 (0x40228a33) sub     s4, t0, sp
core   0: 3 0x80000ee4 (0x40228a33) x20 0x00000001
core   0: 0x80000ee8 (0x6f683797) auipc   a5, 0x6f683
core   0: 3 0x80000ee8 (0x6f683797) x15 0xef683ee8
core   0: 0x80000eec (0x9b586117) auipc   sp, 0x9b586
core   0: 3 0x80000eec (0x9b586117) x 2 0x1b586eec
core   0: 0x80000ef0 (0x405c8db3) sub     s11, s9, t0
core   0: 3 0x80000ef0 (0x405c8db3) x27 0x1c42fedc
core   0: 0x80000ef4 (0x00000013) nop
core   0: 3 0x80000ef4 (0x00000013)
core   0: 0x80000ef8 (0x50ec8d13) addi    s10, s9, 1294
core   0: 3 0x80000ef8 (0x50ec8d13) x26 0x1c4303ea
core   0: 0x80000efc (0x00000013) nop
core   0: 3 0x80000efc (0x00000013)
core   0: 0x80000f00 (0x1a9a2a37) lui     s4, 0x1a9a2
core   0: 3 0x80000f00 (0x1a9a2a37) x20 0x1a9a2000
core   0: 0x80000f04 (0x019a0133) add     sp, s4, s9
core   0: 3 0x80000f04 (0x019a0133) x 2 0x36dd1edc
core   0: 0x80000f08 (0x41a60a33) sub     s4, a2, s10
core   0: 3 0x80000f08 (0x41a60a33) x20 0x9bd323a2
core   0: 0x80000f0c (0x2a8b8e13) addi    t3, s7, 680
core   0: 3 0x80000f0c (0x2a8b8e13) x28 0x668b42a8
core   0: 0x80000f10 (0x00520133) add     sp, tp, t0
core   0: 3 0x80000f10 (0x00520133) x 2 0x95e0ab46
core   0: 0x80000f14 (0x40a70cb3) sub     s9, a4, a0
core   0: 3 0x80000f14 (0x40a70cb3) x25 0xcb642fda
core   0: 0x80000f18 (0x40f40733) sub     a4, s0, a5
core   0: 3 0x80000f18 (0x40f40733) x14 0x5f410118
core   0: 0x80000f1c (0x009e3233) sltu    tp, t3, s1
core   0: 3 0x80000f1c (0x009e3233) x 4 0x00000000
core   0: 0x80000f20 (0xa41c3837) lui     a6, 0xa41c3
core   0: 3 0x80000f20 (0xa41c3837) x16 0xa41c3000
core   0: 0x80000f24 (0x0110cdb3) xor     s11, ra, a7
core   0: 3 0x80000f24 (0x0110cdb3) x27 0x24e569c4
core   0: 0x80000f28 (0xe398d797) auipc   a5, 0xe398d
core   0: 3 0x80000f28 (0xe398d797) x15 0x6398df28
core   0: 0x80000f2c (0xad904717) auipc   a4, 0xad904
core   0: 3 0x80000f2c (0xad904717) x14 0x2d904f2c
core   0: 0x80000f30 (0x64522b17) auipc   s6, 0x64522
core   0: 3 0x80000f30 (0x64522b17) x22 0xe4522f30
core   0: 0x80000f34 (0x00e91493) slli    s1, s2, 14
core   0: 3 0x80000f34 (0x00e91493) x 9 0x6b050000
core   0: 0x80000f38 (0x01af5413) srli    s0, t5, 26
core   0: 3 0x80000f38 (0x01af5413) x 8 0x0000002f
core   0: 0x80000f3c (0x94073813) sltiu   a6, a4, -1728
core   0: 3 0x80000f3c (0x94073813) x16 0x00000001
core   0: 0x80000f40 (0x01c1a3b3) slt     t2, gp, t3
core   0: 3 0x80000f40 (0x01c1a3b3) x 7 0x00000001
core   0: 0x80000f44 (0x40f95313) srai    t1, s2, 15
core   0: 3 0x80000f44 (0x40f95313) x 6 0xffffe59b
core   0: 0x80000f48 (0x009482b3) add     t0, s1, s1
core   0: 3 0x80000f48 (0x009482b3) x 5 0xd60a0000
core   0: 0x80000f4c (0x405c59b3) sra     s3, s8, t0
core   0: 3 0x80000f4c (0x405c59b3) x19 0xffc27e3f
core   0: 0x80000f50 (0x00f64eb3) xor     t4, a2, a5
core   0: 3 0x80000f50 (0x00f64eb3) x29 0xdb8ef8a4
core   0: 0x80000f54 (0x00aa9d33) sll     s10, s5, a0
core   0: 3 0x80000f54 (0x00aa9d33) x26 0xafaf0000
core   0: 0x80000f58 (0x434f8313) addi    t1, t6, 1076
core   0: 3 0x80000f58 (0x434f8313) x 6 0x5a47926c
core   0: 0x80000f5c (0x7d2c8093) addi    ra, s9, 2002
core   0: 3 0x80000f5c (0x7d2c8093) x 1 0xcb6437ac
core   0: 0x80000f60 (0x012e5f33) srl     t5, t3, s2
core   0: 3 0x80000f60 (0x012e5f33) x30 0x00000668
core   0: 0x80000f64 (0x4196d913) srai    s2, a3, 25
core   0: 3 0x80000f64 (0x4196d913) x18 0xffffffff
core   0: 0x80000f68 (0x411ad633) sra     a2, s5, a7
core   0: 3 0x80000f68 (0x411ad633) x12 0x000000d5
core   0: 0x80000f6c (0x0f6f3413) sltiu   s0, t5, 246
core   0: 3 0x80000f6c (0x0f6f3413) x 8 0x00000000
core   0: 0x80000f70 (0x00d69813) slli    a6, a3, 13
core   0: 3 0x80000f70 (0x00d69813) x16 0xffffe000
core   0: 0x80000f74 (0x014a1913) slli    s2, s4, 20
core   0: 3 0x80000f74 (0x014a1913) x18 0x3a200000
core   0: 0x80000f78 (0x00583d33) sltu    s10, a6, t0
core   0: 3 0x80000f78 (0x00583d33) x26 0x00000000
core   0: 0x80000f7c (0x98145217) auipc   tp, 0x98145
core   0: 3 0x80000f7c (0x98145217) x 4 0x18145f7c
core   0: 0x80000f80 (0xe667e613) ori     a2, a5, -410
core   0: 3 0x80000f80 (0xe667e613) x12 0xffffff6e
core   0: 0x80000f84 (0xbdc92693) slti    a3, s2, -1060
core   0: 3 0x80000f84 (0xbdc92693) x13 0x00000000
core   0: 0x80000f88 (0x6477ca13) xori    s4, a5, 1607
core   0: 3 0x80000f88 (0x6477ca13) x20 0x6398d96f
core   0: 0x80000f8c (0x17d37ab7) lui     s5, 0x17d37
core   0: 3 0x80000f8c (0x17d37ab7) x21 0x17d37000
core   0: 0x80000f90 (0x05857e13) andi    t3, a0, 88
core   0: 3 0x80000f90 (0x05857e13) x28 0x00000040
core   0: 0x80000f94 (0x015792b3) sll     t0, a5, s5
core   0: 3 0x80000f94 (0x015792b3) x 5 0x6398df28
core   0: 0x80000f98 (0xe48f8e93) addi    t4, t6, -440
core   0: 3 0x80000f98 (0xe48f8e93) x29 0x5a478c80
core   0: 0x80000f9c (0x4096d733) sra     a4, a3, s1
core   0: 3 0x80000f9c (0x4096d733) x14 0x00000000
core   0: 0x80000fa0 (0x34e68f93) addi    t6, a3, 846
core   0: 3 0x80000fa0 (0x34e68f93) x31 0x0000034e
core   0: 0x80000fa4 (0x015cc3b3) xor     t2, s9, s5
core   0: 3 0x80000fa4 (0x015cc3b3) x 7 0xdcb75fda
core   0: 0x80000fa8 (0x011d5e13) srli    t3, s10, 17
core   0: 3 0x80000fa8 (0x011d5e13) x28 0x00000000
core   0: 0x80000fac (0x01022933) slt     s2, tp, a6
core   0: 3 0x80000fac (0x01022933) x18 0x00000000
core   0: 0x80000fb0 (0x405a58b3) sra     a7, s4, t0
core   0: 3 0x80000fb0 (0x405a58b3) x17 0x006398d9
core   0: 0x80000fb4 (0x014a31b3) sltu    gp, s4, s4
core   0: 3 0x80000fb4 (0x014a31b3) x 3 0x00000000
core   0: 0x80000fb8 (0x40c3deb3) sra     t4, t2, a2
core   0: 3 0x80000fb8 (0x40c3deb3) x29 0xffff72dd
core   0: 0x80000fbc (0x13e9c913) xori    s2, s3, 318
core   0: 3 0x80000fbc (0x13e9c913) x18 0xffc27f01
core   0: 0x80000fc0 (0x97f7b893) sltiu   a7, a5, -1665
core   0: 3 0x80000fc0 (0x97f7b893) x17 0x00000001
core   0: 0x80000fc4 (0x006dc833) xor     a6, s11, t1
core   0: 3 0x80000fc4 (0x006dc833) x16 0x7ea2fba8
core   0: 0x80000fc8 (0x8be354b7) lui     s1, 0x8be35
core   0: 3 0x80000fc8 (0x8be354b7) x 9 0x8be35000
core   0: 0x80000fcc (0x41afd193) srai    gp, t6, 26
core   0: 3 0x80000fcc (0x41afd193) x 3 0x00000000
core   0: 0x80000fd0 (0x006a0b33) add     s6, s4, t1
core   0: 3 0x80000fd0 (0x006a0b33) x22 0xbde06bdb
core   0: 0x80000fd4 (0x00f6cf33) xor     t5, a3, a5
core   0: 3 0x80000fd4 (0x00f6cf33) x30 0x6398df28
core   0: 0x80000fd8 (0xb4cd4813) xori    a6, s10, -1204
core   0: 3 0x80000fd8 (0xb4cd4813) x16 0xfffffb4c
core   0: 0x80000fdc (0x00245793) srli    a5, s0, 2
core   0: 3 0x80000fdc (0x00245793) x15 0x00000000
core   0: 0x80000fe0 (0x012d5413) srli    s0, s10, 18
core   0: 3 0x80000fe0 (0x012d5413) x 8 0x00000000
core   0: 0x80000fe4 (0x1a0d0d13) addi    s10, s10, 416
core   0: 3 0x80000fe4 (0x1a0d0d13) x26 0x000001a0
core   0: 0x80000fe8 (0x00000013) nop
core   0: 3 0x80000fe8 (0x00000013)
core   0: 0x80000fec (0x20ef0213) addi    tp, t5, 526
core   0: 3 0x80000fec (0x20ef0213) x 4 0x6398e136
core   0: 0x80000ff0 (0x67523a13) sltiu   s4, tp, 1653
core   0: 3 0x80000ff0 (0x67523a13) x20 0x00000000
core   0: 0x80000ff4 (0xc07b8793) addi    a5, s7, -1017
core   0: 3 0x80000ff4 (0xc07b8793) x15 0x668b3c07
core   0: 0x80000ff8 (0x00e67033) and     zero, a2, a4
core   0: 3 0x80000ff8 (0x00e67033)
core   0: 0x80000ffc (0x8c30cd13) xori    s10, ra, -1853
core   0: 3 0x80000ffc (0x8c30cd13) x26 0x349bcf6f
core   0: 0x80001000 (0x29c6ab93) slti    s7, a3, 668
core   0: 3 0x80001000 (0x29c6ab93) x23 0x00000001
core   0: 0x80001004 (0x47420d93) addi    s11, tp, 1140
core   0: 3 0x80001004 (0x47420d93) x27 0x6398e5aa
core   0: 0x80001008 (0xd7946493) ori     s1, s0, -647
core   0: 3 0x80001008 (0xd7946493) x 9 0xfffffd79
core   0: 0x8000100c (0x413c0ab3) sub     s5, s8, s3
core   0: 3 0x8000100c (0x413c0ab3) x21 0x00000000
core   0: 0x80001010 (0x0161b933) sltu    s2, gp, s6
core   0: 3 0x80001010 (0x0161b933) x18 0x00000001
core   0: 0x80001014 (0x40075693) srai    a3, a4, 0
core   0: 3 0x80001014 (0x40075693) x13 0x00000000
core   0: 0x80001018 (0x1d826013) ori     zero, tp, 472
core   0: 3 0x80001018 (0x1d826013)
core   0: 0x8000101c (0x0f4e6b13) ori     s6, t3, 244
core   0: 3 0x8000101c (0x0f4e6b13) x22 0x000000f4
core   0: 0x80001020 (0x01b38833) add     a6, t2, s11
core   0: 3 0x80001020 (0x01b38833) x16 0x40504584
core   0: 0x80001024 (0x000eb133) sltu    sp, t4, zero
core   0: 3 0x80001024 (0x000eb133) x 2 0x00000000
core   0: 0x80001028 (0x4b75ea13) ori     s4, a1, 1207
core   0: 3 0x80001028 (0x4b75ea13) x20 0x80010ef7
core   0: 0x8000102c (0x00a25d93) srli    s11, tp, 10
core   0: 3 0x8000102c (0x00a25d93) x27 0x0018e638
core   0: 0x80001030 (0xee663f13) sltiu   t5, a2, -282
core   0: 3 0x80001030 (0xee663f13) x30 0x00000000
core   0: 0x80001034 (0xb45f8813) addi    a6, t6, -1211
core   0: 3 0x80001034 (0xb45f8813) x16 0xfffffe93
core   0: 0x80001038 (0x018f5e33) srl     t3, t5, s8
core   0: 3 0x80001038 (0x018f5e33) x28 0x00000000
core   0: 0x8000103c (0xdc94f913) andi    s2, s1, -567
core   0: 3 0x8000103c (0xdc94f913) x18 0xfffffd49
core   0: 0x80001040 (0x70f7e013) ori     zero, a5, 1807
core   0: 3 0x80001040 (0x70f7e013)
core   0: 0x80001044 (0x00cdcf33) xor     t5, s11, a2
core   0: 3 0x80001044 (0x00cdcf33) x30 0xffe71956
core   0: 0x80001048 (0x00000013) nop
core   0: 3 0x80001048 (0x00000013)
core   0: 0x8000104c (0x0027bbb3) sltu    s7, a5, sp
core   0: 3 0x8000104c (0x0027bbb3) x23 0x00000000
core   0: 0x80001050 (0x059a3193) sltiu   gp, s4, 89
core   0: 3 0x80001050 (0x059a3193) x 3 0x00000000
core   0: 0x80001054 (0x230b2193) slti    gp, s6, 560
core   0: 3 0x80001054 (0x230b2193) x 3 0x00000001
core   0: 0x80001058 (0x8bb13113) sltiu   sp, sp, -1861
core   0: 3 0x80001058 (0x8bb13113) x 2 0x00000001
core   0: 0x8000105c (0x41f45333) sra     t1, s0, t6
core   0: 3 0x8000105c (0x41f45333) x 6 0x00000000
core   0: 0x80001060 (0x00f4eb33) or      s6, s1, a5
core   0: 3 0x80001060 (0x00f4eb33) x22 0xfffffd7f
core   0: 0x80001064 (0x01360033) add     zero, a2, s3
core   0: 3 0x80001064 (0x01360033)
core   0: 0x80001068 (0xa7aba013) slti    zero, s7, -1414
core   0: 3 0x80001068 (0xa7aba013)
core   0: 0x8000106c (0x8dd91117) auipc   sp, 0x8dd91
core   0: 3 0x8000106c (0x8dd91117) x 2 0x0dd9206c
core   0: 0x80001070 (0x7abff717) auipc   a4, 0x7abff
core   0: 3 0x80001070 (0x7abff717) x14 0xfac00070
core   0: 0x80001074 (0x96c2af13) slti    t5, t0, -1684
core   0: 3 0x80001074 (0x96c2af13) x30 0x00000000
core   0: 0x80001078 (0x0154d093) srli    ra, s1, 21
core   0: 3 0x80001078 (0x0154d093) x 1 0x000007ff
core   0: 0x8000107c (0x8f3f3e97) auipc   t4, 0x8f3f3
core   0: 3 0x8000107c (0x8f3f3e97) x29 0x0f3f407c
core   0: 0x80001080 (0x019d9233) sll     tp, s11, s9
core   0: 3 0x80001080 (0x019d9233) x 4 0xe0000000
core   0: 0x80001084 (0x40108833) sub     a6, ra, ra
core   0: 3 0x80001084 (0x40108833) x16 0x00000000
core   0: 0x80001088 (0x003099b3) sll     s3, ra, gp
core   0: 3 0x80001088 (0x003099b3) x19 0x00000ffe
core   0: 0x8000108c (0x564c8f13) addi    t5, s9, 1380
core   0: 3 0x8000108c (0x564c8f13) x30 0xcb64353e
core   0: 0x80001090 (0x01345913) srli    s2, s0, 19
core   0: 3 0x80001090 (0x01345913) x18 0x00000000
core   0: 0x80001094 (0x7995ed93) ori     s11, a1, 1945
core   0: 3 0x80001094 (0x7995ed93) x27 0x80010ffd
core   0: 0x80001098 (0x00f32433) slt     s0, t1, a5
core   0: 3 0x80001098 (0x00f32433) x 8 0x00000001
core   0: 0x8000109c (0x9a662813) slti    a6, a2, -1626
core   0: 3 0x8000109c (0x9a662813) x16 0x00000000
core   0: 0x800010a0 (0x01563d33) sltu    s10, a2, s5
core   0: 3 0x800010a0 (0x01563d33) x26 0x00000000
core   0: 0x800010a4 (0x9c6b2013) slti    zero, s6, -1594
core   0: 3 0x800010a4 (0x9c6b2013)
core   0: 0x800010a8 (0x00000013) nop
core   0: 3 0x800010a8 (0x00000013)
core   0: 0x800010ac (0x0196c833) xor     a6, a3, s9
core   0: 3 0x800010ac (0x0196c833) x16 0xcb642fda
core   0: 0x800010b0 (0x41c45613) srai    a2, s0, 28
core   0: 3 0x800010b0 (0x41c45613) x12 0x00000000
core   0: 0x800010b4 (0x22392d37) lui     s10, 0x22392
core   0: 3 0x800010b4 (0x22392d37) x26 0x22392000
core   0: 0x800010b8 (0x01c9d1b3) srl     gp, s3, t3
core   0: 3 0x800010b8 (0x01c9d1b3) x 3 0x00000ffe
core   0: 0x800010bc (0x5b906d93) ori     s11, zero, 1465
core   0: 3 0x800010bc (0x5b906d93) x27 0x000005b9
core   0: 0x800010c0 (0x01215bb3) srl     s7, sp, s2
core   0: 3 0x800010c0 (0x01215bb3) x23 0x0dd9206c
core   0: 0x800010c4 (0x00d2e3b3) or      t2, t0, a3
core   0: 3 0x800010c4 (0x00d2e3b3) x 7 0x6398df28
core   0: 0x800010c8 (0x00a99713) slli    a4, s3, 10
core   0: 3 0x800010c8 (0x00a99713) x14 0x003ff800
core   0: 0x800010cc (0x00000013) nop
core   0: 3 0x800010cc (0x00000013)
core   0: 0x800010d0 (0x1aeb3113) sltiu   sp, s6, 430
core   0: 3 0x800010d0 (0x1aeb3113) x 2 0x00000000
core   0: 0x800010d4 (0x01580833) add     a6, a6, s5
core   0: 3 0x800010d4 (0x01580833) x16 0xcb642fda
core   0: 0x800010d8 (0x00eefcb3) and     s9, t4, a4
core   0: 3 0x800010d8 (0x00eefcb3) x25 0x003f4000
core   0: 0x800010dc (0x00b0d413) srli    s0, ra, 11
core   0: 3 0x800010dc (0x00b0d413) x 8 0x00000000
core   0: 0x800010e0 (0xff857213) andi    tp, a0, -8
core   0: 3 0x800010e0 (0xff857213) x 4 0x80014ce0
core   0: 0x800010e4 (0x006a83b3) add     t2, s5, t1
core   0: 3 0x800010e4 (0x006a83b3) x 7 0x00000000
core   0: 0x800010e8 (0x41e3df13) srai    t5, t2, 30
core   0: 3 0x800010e8 (0x41e3df13) x30 0x00000000
core   0: 0x800010ec (0x43593e37) lui     t3, 0x43593
core   0: 3 0x800010ec (0x43593e37) x28 0x43593000
core   0: 0x800010f0 (0xc5ba2313) slti    t1, s4, -933
core   0: 3 0x800010f0 (0xc5ba2313) x 6 0x00000001
core   0: 0x800010f4 (0x41c7dbb3) sra     s7, a5, t3
core   0: 3 0x800010f4 (0x41c7dbb3) x23 0x668b3c07
core   0: 0x800010f8 (0x01789ab3) sll     s5, a7, s7
core   0: 3 0x800010f8 (0x01789ab3) x21 0x00000080
core   0: 0x800010fc (0x005e44b3) xor     s1, t3, t0
core   0: 3 0x800010fc (0x005e44b3) x 9 0x20c1ef28
core   0: 0x80001100 (0xa0ee3613) sltiu   a2, t3, -1522
core   0: 3 0x80001100 (0xa0ee3613) x12 0x00000001
core   0: 0x80001104 (0x007cfbb3) and     s7, s9, t2
core   0: 3 0x80001104 (0x007cfbb3) x23 0x00000000
core   0: 0x80001108 (0x1636f293) andi    t0, a3, 355
core   0: 3 0x80001108 (0x1636f293) x 5 0x00000000
core   0: 0x8000110c (0x410189b3) sub     s3, gp, a6
core   0: 3 0x8000110c (0x410189b3) x19 0x349be024
core   0: 0x80001110 (0x37356293) ori     t0, a0, 883
core   0: 3 0x80001110 (0x37356293) x 5 0x80014ff7
core   0: 0x80001114 (0x9259f693) andi    a3, s3, -1755
core   0: 3 0x80001114 (0x9259f693) x13 0x349be024
core   0: 0x80001118 (0x01019ab3) sll     s5, gp, a6
core   0: 3 0x80001118 (0x01019ab3) x21 0xf8000000
core   0: 0x8000111c (0x01cb5a93) srli    s5, s6, 28
core   0: 3 0x8000111c (0x01cb5a93) x21 0x0000000f
core   0: 0x80001120 (0x023ca013) slti    zero, s9, 35
core   0: 3 0x80001120 (0x023ca013)
core   0: 0x80001124 (0xb051f193) andi    gp, gp, -1275
core   0: 3 0x80001124 (0xb051f193) x 3 0x00000b04
core   0: 0x80001128 (0x00000013) nop
core   0: 3 0x80001128 (0x00000013)
core   0: 0x8000112c (0x402b8f33) sub     t5, s7, sp
core   0: 3 0x8000112c (0x402b8f33) x30 0x00000000
core   0: 0x80001130 (0x414987b3) sub     a5, s3, s4
core   0: 3 0x80001130 (0x414987b3) x15 0xb49ad12d
core   0: 0x80001134 (0x0159a0b3) slt     ra, s3, s5
core   0: 3 0x80001134 (0x0159a0b3) x 1 0x00000000
core   0: 0x80001138 (0x41aed733) sra     a4, t4, s10
core   0: 3 0x80001138 (0x41aed733) x14 0x0f3f407c
core   0: 0x8000113c (0x444d6013) ori     zero, s10, 1092
core   0: 3 0x8000113c (0x444d6013)
core   0: 0x80001140 (0x013848b3) xor     a7, a6, s3
core   0: 3 0x80001140 (0x013848b3) x17 0xffffcffe
core   0: 0x80001144 (0x00679a93) slli    s5, a5, 6
core   0: 3 0x80001144 (0x00679a93) x21 0x26b44b40
core   0: 0x80001148 (0x410202b3) sub     t0, tp, a6
core   0: 3 0x80001148 (0x410202b3) x 5 0xb49d1d06
core   0: 0x8000114c (0x00000013) nop
core   0: 3 0x8000114c (0x00000013)
core   0: 0x80001150 (0xfc948693) addi    a3, s1, -55
core   0: 3 0x80001150 (0xfc948693) x13 0x20c1eef1
core   0: 0x80001154 (0x00085013) srli    zero, a6, 0
core   0: 3 0x80001154 (0x00085013)
core   0: 0x80001158 (0x0032acb3) slt     s9, t0, gp
core   0: 3 0x80001158 (0x0032acb3) x25 0x00000001
core   0: 0x8000115c (0x00b3d313) srli    t1, t2, 11
core   0: 3 0x8000115c (0x00b3d313) x 6 0x00000000
core   0: 0x80001160 (0x7fd2c893) xori    a7, t0, 2045
core   0: 3 0x80001160 (0x7fd2c893) x17 0xb49d1afb
core   0: 0x80001164 (0x0e990913) addi    s2, s2, 233
core   0: 3 0x80001164 (0x0e990913) x18 0x000000e9
core   0: 0x80001168 (0x40678a33) sub     s4, a5, t1
core   0: 3 0x80001168 (0x40678a33) x20 0xb49ad12d
core   0: 0x8000116c (0xce2ab417) auipc   s0, 0xce2ab
core   0: 3 0x8000116c (0xce2ab417) x 8 0x4e2ac16c
core   0: 0x80001170 (0xe41b6337) lui     t1, 0xe41b6
core   0: 3 0x80001170 (0xe41b6337) x 6 0xe41b6000
core   0: 0x80001174 (0xc9827313) andi    t1, tp, -872
core   0: 3 0x80001174 (0xc9827313) x 6 0x80014c80
core   0: 0x80001178 (0x417fd893) srai    a7, t6, 23
core   0: 3 0x80001178 (0x417fd893) x17 0x00000000
core   0: 0x8000117c (0x6be86013) ori     zero, a6, 1726
core   0: 3 0x8000117c (0x6be86013)
core   0: 0x80001180 (0x01409eb3) sll     t4, ra, s4
core   0: 3 0x80001180 (0x01409eb3) x29 0x00000000
core   0: 0x80001184 (0x0dc28d93) addi    s11, t0, 220
core   0: 3 0x80001184 (0x0dc28d93) x27 0xb49d1de2
core   0: 0x80001188 (0x00000013) nop
core   0: 3 0x80001188 (0x00000013)
core   0: 0x8000118c (0x1ceb0d37) lui     s10, 0x1ceb0
core   0: 3 0x8000118c (0x1ceb0d37) x26 0x1ceb0000
core   0: 0x80001190 (0x41e45493) srai    s1, s0, 30
core   0: 3 0x80001190 (0x41e45493) x 9 0x00000001
core   0: 0x80001194 (0xe9a83013) sltiu   zero, a6, -358
core   0: 3 0x80001194 (0xe9a83013)
core   0: 0x80001198 (0x413edf33) sra     t5, t4, s3
core   0: 3 0x80001198 (0x413edf33) x30 0x00000000
core   0: 0x8000119c (0x008c67b3) or      a5, s8, s0
core   0: 3 0x8000119c (0x008c67b3) x15 0xffeaff7f
core   0: 0x800011a0 (0x40fbd913) srai    s2, s7, 15
core   0: 3 0x800011a0 (0x40fbd913) x18 0x00000000
core   0: 0x800011a4 (0x00d2ccb3) xor     s9, t0, a3
core   0: 3 0x800011a4 (0x00d2ccb3) x25 0x945cf3f7
core   0: 0x800011a8 (0x0023f233) and     tp, t2, sp
core   0: 3 0x800011a8 (0x0023f233) x 4 0x00000000
core   0: 0x800011ac (0xeabf9117) auipc   sp, 0xeabf9
core   0: 3 0x800011ac (0xeabf9117) x 2 0x6abfa1ac
core   0: 0x800011b0 (0x0011f9b3) and     s3, gp, ra
core   0: 3 0x800011b0 (0x0011f9b3) x19 0x00000000
core   0: 0x800011b4 (0x06e47793) andi    a5, s0, 110
core   0: 3 0x800011b4 (0x06e47793) x15 0x0000006c
core   0: 0x800011b8 (0xa062a093) slti    ra, t0, -1530
core   0: 3 0x800011b8 (0xa062a093) x 1 0x00000001
core   0: 0x800011bc (0x00f07bb3) and     s7, zero, a5
core   0: 3 0x800011bc (0x00f07bb3) x23 0x00000000
core   0: 0x800011c0 (0x01856333) or      t1, a0, s8
core   0: 3 0x800011c0 (0x01856333) x 6 0xffc37eff
core   0: 0x800011c4 (0x00375d13) srli    s10, a4, 3
core   0: 3 0x800011c4 (0x00375d13) x26 0x01e7e80f
core   0: 0x800011c8 (0x01c10033) add     zero, sp, t3
core   0: 3 0x800011c8 (0x01c10033)
core   0: 0x800011cc (0x01664233) xor     tp, a2, s6
core   0: 3 0x800011cc (0x01664233) x 4 0xfffffd7e
core   0: 0x800011d0 (0x01df54b3) srl     s1, t5, t4
core   0: 3 0x800011d0 (0x01df54b3) x 9 0x00000000
core   0: 0x800011d4 (0x0160a8b3) slt     a7, ra, s6
core   0: 3 0x800011d4 (0x0160a8b3) x17 0x00000000
core   0: 0x800011d8 (0x003cde13) srli    t3, s9, 3
core   0: 3 0x800011d8 (0x003cde13) x28 0x128b9e7e
core   0: 0x800011dc (0x00761f13) slli    t5, a2, 7
core   0: 3 0x800011dc (0x00761f13) x30 0x00000080
core   0: 0x800011e0 (0x54b10413) addi    s0, sp, 1355
core   0: 3 0x800011e0 (0x54b10413) x 8 0x6abfa6f7
core   0: 0x800011e4 (0x4140d033) sra     zero, ra, s4
core   0: 3 0x800011e4 (0x4140d033)
core   0: 0x800011e8 (0xda6ee413) ori     s0, t4, -602
core   0: 3 0x800011e8 (0xda6ee413) x 8 0xfffffda6
core   0: 0x800011ec (0x01cb39b3) sltu    s3, s6, t3
core   0: 3 0x800011ec (0x01cb39b3) x19 0x00000000
core   0: 0x800011f0 (0x01c55a33) srl     s4, a0, t3
core   0: 3 0x800011f0 (0x01c55a33) x20 0x00000002
core   0: 0x800011f4 (0x6b728937) lui     s2, 0x6b728
core   0: 3 0x800011f4 (0x6b728937) x18 0x6b728000
core   0: 0x800011f8 (0x01a68a33) add     s4, a3, s10
core   0: 3 0x800011f8 (0x01a68a33) x20 0x22a9d700
core   0: 0x800011fc (0x01dc4633) xor     a2, s8, t4
core   0: 3 0x800011fc (0x01dc4633) x12 0xffc27e3f
core   0: 0x80001200 (0x0069e0b3) or      ra, s3, t1
core   0: 3 0x80001200 (0x0069e0b3) x 1 0xffc37eff
core   0: 0x80001204 (0x00bc6033) or      zero, s8, a1
core   0: 3 0x80001204 (0x00bc6033)
core   0: 0x80001208 (0x00411e13) slli    t3, sp, 4
core   0: 3 0x80001208 (0x00411e13) x28 0xabfa1ac0
core   0: 0x8000120c (0xddc0b617) auipc   a2, 0xddc0b
core   0: 3 0x8000120c (0xddc0b617) x12 0x5dc0c20c
core   0: 0x80001210 (0x41d05a33) sra     s4, zero, t4
core   0: 3 0x80001210 (0x41d05a33) x20 0x00000000
core   0: 0x80001214 (0x038fec93) ori     s9, t6, 56
core   0: 3 0x80001214 (0x038fec93) x25 0x0000037e
core   0: 0x80001218 (0xd8cdebb7) lui     s7, 0xd8cde
core   0: 3 0x80001218 (0xd8cdebb7) x23 0xd8cde000
core   0: 0x8000121c (0x00000013) nop
core   0: 3 0x8000121c (0x00000013)
core   0: 0x80001220 (0x41ea5f93) srai    t6, s4, 30
core   0: 3 0x80001220 (0x41ea5f93) x31 0x00000000
core   0: 0x80001224 (0x41f25f93) srai    t6, tp, 31
core   0: 3 0x80001224 (0x41f25f93) x31 0xffffffff
core   0: 0x80001228 (0x9f85a413) slti    s0, a1, -1544
core   0: 3 0x80001228 (0x9f85a413) x 8 0x00000001
core   0: 0x8000122c (0x0167d613) srli    a2, a5, 22
core   0: 3 0x8000122c (0x0167d613) x12 0x00000000
core   0: 0x80001230 (0x00000013) nop
core   0: 3 0x80001230 (0x00000013)
core   0: 0x80001234 (0x01cd1613) slli    a2, s10, 28
core   0: 3 0x80001234 (0x01cd1613) x12 0xf0000000
core   0: 0x80001238 (0x018c5e93) srli    t4, s8, 24
core   0: 3 0x80001238 (0x018c5e93) x29 0x000000ff
core   0: 0x8000123c (0x01a3a2b3) slt     t0, t2, s10
core   0: 3 0x8000123c (0x01a3a2b3) x 5 0x00000001
core   0: 0x80001240 (0xf2f1ac93) slti    s9, gp, -209
core   0: 3 0x80001240 (0xf2f1ac93) x25 0x00000000
core   0: 0x80001244 (0x00146bb3) or      s7, s0, ra
core   0: 3 0x80001244 (0x00146bb3) x23 0xffc37eff
core   0: 0x80001248 (0xf8860b97) auipc   s7, 0xf8860
core   0: 3 0x80001248 (0xf8860b97) x23 0x78861248
core   0: 0x8000124c (0x0106b933) sltu    s2, a3, a6
core   0: 3 0x8000124c (0x0106b933) x18 0x00000001
core   0: 0x80001250 (0x00de9fb3) sll     t6, t4, a3
core   0: 3 0x80001250 (0x00de9fb3) x31 0x01fe0000
core   0: 0x80001254 (0x01423233) sltu    tp, tp, s4
core   0: 3 0x80001254 (0x01423233) x 4 0x00000000
core   0: 0x80001258 (0x40b5d213) srai    tp, a1, 11
core   0: 3 0x80001258 (0x40b5d213) x 4 0xfff00021
core   0: 0x8000125c (0x00ecd613) srli    a2, s9, 14
core   0: 3 0x8000125c (0x00ecd613) x12 0x00000000
core   0: 0x80001260 (0x0082beb7) lui     t4, 0x82b
core   0: 3 0x80001260 (0x0082beb7) x29 0x0082b000
core   0: 0x80001264 (0x006aa433) slt     s0, s5, t1
core   0: 3 0x80001264 (0x006aa433) x 8 0x00000000
core   0: 0x80001268 (0x01000d33) add     s10, zero, a6
core   0: 3 0x80001268 (0x01000d33) x26 0xcb642fda
core   0: 0x8000126c (0x419d0433) sub     s0, s10, s9
core   0: 3 0x8000126c (0x419d0433) x 8 0xcb642fda
core   0: 0x80001270 (0x65ebe217) auipc   tp, 0x65ebe
core   0: 3 0x80001270 (0x65ebe217) x 4 0xe5ebf270
core   0: 0x80001274 (0x00000013) nop
core   0: 3 0x80001274 (0x00000013)
core   0: 0x80001278 (0xde8f0913) addi    s2, t5, -536
core   0: 3 0x80001278 (0xde8f0913) x18 0xfffffe68
core   0: 0x8000127c (0x00000013) nop
core   0: 3 0x8000127c (0x00000013)
core   0: 0x80001280 (0x010f1eb3) sll     t4, t5, a6
core   0: 3 0x80001280 (0x010f1eb3) x29 0x00000000
core   0: 0x80001284 (0x824e2793) slti    a5, t3, -2012
core   0: 3 0x80001284 (0x824e2793) x15 0x00000001
core   0: 0x80001288 (0x409d50b3) sra     ra, s10, s1
core   0: 3 0x80001288 (0x409d50b3) x 1 0xcb642fda
core   0: 0x8000128c (0x40825cb3) sra     s9, tp, s0
core   0: 3 0x8000128c (0x40825cb3) x25 0xfffffff9
core   0: 0x80001290 (0x35c86293) ori     t0, a6, 860
core   0: 3 0x80001290 (0x35c86293) x 5 0xcb642fde
core   0: 0x80001294 (0x1f2c2093) slti    ra, s8, 498
core   0: 3 0x80001294 (0x1f2c2093) x 1 0x00000001
core   0: 0x80001298 (0x06dd8713) addi    a4, s11, 109
core   0: 3 0x80001298 (0x06dd8713) x14 0xb49d1e4f
core   0: 0x8000129c (0xfe3c0193) addi    gp, s8, -29
core   0: 3 0x8000129c (0xfe3c0193) x 3 0xffc27e22
core   0: 0x800012a0 (0xbf6c3017) auipc   zero, 0xbf6c3
core   0: 3 0x800012a0 (0xbf6c3017)
core   0: 0x800012a4 (0x0059b2b3) sltu    t0, s3, t0
core   0: 3 0x800012a4 (0x0059b2b3) x 5 0x00000001
core   0: 0x800012a8 (0x338a6213) ori     tp, s4, 824
core   0: 3 0x800012a8 (0x338a6213) x 4 0x00000338
core   0: 0x800012ac (0x018348b3) xor     a7, t1, s8
core   0: 3 0x800012ac (0x018348b3) x17 0x000100c0
core   0: 0x800012b0 (0x75bc4e93) xori    t4, s8, 1883
core   0: 3 0x800012b0 (0x75bc4e93) x29 0xffc27964
core   0: 0x800012b4 (0x00c4e133) or      sp, s1, a2
core   0: 3 0x800012b4 (0x00c4e133) x 2 0x00000000
core   0: 0x800012b8 (0x0071e4b3) or      s1, gp, t2
core   0: 3 0x800012b8 (0x0071e4b3) x 9 0xffc27e22
core   0: 0x800012bc (0x1f49f693) andi    a3, s3, 500
core   0: 3 0x800012bc (0x1f49f693) x13 0x00000000
core   0: 0x800012c0 (0x00509393) slli    t2, ra, 5
core   0: 3 0x800012c0 (0x00509393) x 7 0x00000020
core   0: 0x800012c4 (0x00000013) nop
core   0: 3 0x800012c4 (0x00000013)
core   0: 0x800012c8 (0x400b0033) sub     zero, s6, zero
core   0: 3 0x800012c8 (0x400b0033)
core   0: 0x800012cc (0x01f091b3) sll     gp, ra, t6
core   0: 3 0x800012cc (0x01f091b3) x 3 0x00000001
core   0: 0x800012d0 (0x40205613) srai    a2, zero, 2
core   0: 3 0x800012d0 (0x40205613) x12 0x00000000
core   0: 0x800012d4 (0x0034e8b3) or      a7, s1, gp
core   0: 3 0x800012d4 (0x0034e8b3) x17 0xffc27e23
core   0: 0x800012d8 (0x00b12233) slt     tp, sp, a1
core   0: 3 0x800012d8 (0x00b12233) x 4 0x00000000
core   0: 0x800012dc (0x4133e193) ori     gp, t2, 1043
core   0: 3 0x800012dc (0x4133e193) x 3 0x00000433
core   0: 0x800012e0 (0x41037113) andi    sp, t1, 1040
core   0: 3 0x800012e0 (0x41037113) x 2 0x00000410
core   0: 0x800012e4 (0x0122d3b3) srl     t2, t0, s2
core   0: 3 0x800012e4 (0x0122d3b3) x 7 0x00000000
core   0: 0x800012e8 (0x415bd933) sra     s2, s7, s5
core   0: 3 0x800012e8 (0x415bd933) x18 0x78861248
core   0: 0x800012ec (0x41d30f33) sub     t5, t1, t4
core   0: 3 0x800012ec (0x41d30f33) x30 0x0001059b
core   0: 0x800012f0 (0x01f4d733) srl     a4, s1, t6
core   0: 3 0x800012f0 (0x01f4d733) x14 0xffc27e22
core   0: 0x800012f4 (0xe07db393) sltiu   t2, s11, -505
core   0: 3 0x800012f4 (0xe07db393) x 7 0x00000001
core   0: 0x800012f8 (0x003e6233) or      tp, t3, gp
core   0: 3 0x800012f8 (0x003e6233) x 4 0xabfa1ef3
core   0: 0x800012fc (0x70431737) lui     a4, 0x70431
core   0: 3 0x800012fc (0x70431737) x14 0x70431000
core   0: 0x80001300 (0x004c4d33) xor     s10, s8, tp
core   0: 3 0x80001300 (0x004c4d33) x26 0x543860cc
core   0: 0x80001304 (0x009e3d33) sltu    s10, t3, s1
core   0: 3 0x80001304 (0x009e3d33) x26 0x00000001
core   0: 0x80001308 (0x01499bb3) sll     s7, s3, s4
core   0: 3 0x80001308 (0x01499bb3) x23 0x00000000
core   0: 0x8000130c (0xff047893) andi    a7, s0, -16
core   0: 3 0x8000130c (0xff047893) x17 0xcb642fd0
core   0: 0x80001310 (0x016f67b3) or      a5, t5, s6
core   0: 3 0x80001310 (0x016f67b3) x15 0xfffffdff
core   0: 0x80001314 (0x009f18b3) sll     a7, t5, s1
core   0: 3 0x80001314 (0x009f18b3) x17 0x0004166c
core   0: 0x80001318 (0x774f2b13) slti    s6, t5, 1908
core   0: 3 0x80001318 (0x774f2b13) x22 0x00000000
core   0: 0x8000131c (0x0031cfb3) xor     t6, gp, gp
core   0: 3 0x8000131c (0x0031cfb3) x31 0x00000000
core   0: 0x80001320 (0x8253c693) xori    a3, t2, -2011
core   0: 3 0x80001320 (0x8253c693) x13 0xfffff824
core   0: 0x80001324 (0x2a6994b7) lui     s1, 0x2a699
core   0: 3 0x80001324 (0x2a6994b7) x 9 0x2a699000
core   0: 0x80001328 (0xaf168ab7) lui     s5, 0xaf168
core   0: 3 0x80001328 (0xaf168ab7) x21 0xaf168000
core   0: 0x8000132c (0x01135e13) srli    t3, t1, 17
core   0: 3 0x8000132c (0x01135e13) x28 0x00007fe1
core   0: 0x80001330 (0x96d0d3b7) lui     t2, 0x96d0d
core   0: 3 0x80001330 (0x96d0d3b7) x 7 0x96d0d000
core   0: 0x80001334 (0x6040f213) andi    tp, ra, 1540
core   0: 3 0x80001334 (0x6040f213) x 4 0x00000000
core   0: 0x80001338 (0x403959b3) sra     s3, s2, gp
core   0: 3 0x80001338 (0x403959b3) x19 0x00000f10
core   0: 0x8000133c (0x409488b3) sub     a7, s1, s1
core   0: 3 0x8000133c (0x409488b3) x17 0x00000000
core   0: 0x80001340 (0xe4b8e2b7) lui     t0, 0xe4b8e
core   0: 3 0x80001340 (0xe4b8e2b7) x 5 0xe4b8e000
core   0: 0x80001344 (0x019f1233) sll     tp, t5, s9
core   0: 3 0x80001344 (0x019f1233) x 4 0x36000000
core   0: 0x80001348 (0x01d033b3) snez    t2, t4
core   0: 3 0x80001348 (0x01d033b3) x 7 0x00000001
core   0: 0x8000134c (0x01155db3) srl     s11, a0, a7
core   0: 3 0x8000134c (0x01155db3) x27 0x80014ce4
core   0: 0x80001350 (0xf727bf13) sltiu   t5, a5, -142
core   0: 3 0x80001350 (0xf727bf13) x30 0x00000001
core   0: 0x80001354 (0x41d90133) sub     sp, s2, t4
core   0: 3 0x80001354 (0x41d90133) x 2 0x78c398e4
core   0: 0x80001358 (0x00edcdb3) xor     s11, s11, a4
core   0: 3 0x80001358 (0x00edcdb3) x27 0xf0425ce4
core   0: 0x8000135c (0x7fdb4837) lui     a6, 0x7fdb4
core   0: 3 0x8000135c (0x7fdb4837) x16 0x7fdb4000
core   0: 0x80001360 (0x410bd913) srai    s2, s7, 16
core   0: 3 0x80001360 (0x410bd913) x18 0x00000000
core   0: 0x80001364 (0x00caf633) and     a2, s5, a2
core   0: 3 0x80001364 (0x00caf633) x12 0x00000000
core   0: 0x80001368 (0x006e7a33) and     s4, t3, t1
core   0: 3 0x80001368 (0x006e7a33) x20 0x00007ee1
core   0: 0x8000136c (0x018c52b3) srl     t0, s8, s8
core   0: 3 0x8000136c (0x018c52b3) x 5 0x00000001
core   0: 0x80001370 (0xa9956d13) ori     s10, a0, -1383
core   0: 3 0x80001370 (0xa9956d13) x26 0xfffffefd
core   0: 0x80001374 (0x00879933) sll     s2, a5, s0
core   0: 3 0x80001374 (0x00879933) x18 0xfc000000
core   0: 0x80001378 (0x008c38b3) sltu    a7, s8, s0
core   0: 3 0x80001378 (0x008c38b3) x17 0x00000000
core   0: 0x8000137c (0x017a9f33) sll     t5, s5, s7
core   0: 3 0x8000137c (0x017a9f33) x30 0xaf168000
core   0: 0x80001380 (0x326d0b93) addi    s7, s10, 806
core   0: 3 0x80001380 (0x326d0b93) x23 0x00000223
core   0: 0x80001384 (0x01872e33) slt     t3, a4, s8
core   0: 3 0x80001384 (0x01872e33) x28 0x00000000
core   0: 0x80001388 (0xa743ca13) xori    s4, t2, -1420
core   0: 3 0x80001388 (0xa743ca13) x20 0xfffffa75
core   0: 0x8000138c (0xaa3632b7) lui     t0, 0xaa363
core   0: 3 0x8000138c (0xaa3632b7) x 5 0xaa363000
core   0: 0x80001390 (0x0161db33) srl     s6, gp, s6
core   0: 3 0x80001390 (0x0161db33) x22 0x00000433
core   0: 0x80001394 (0x01d93cb3) sltu    s9, s2, t4
core   0: 3 0x80001394 (0x01d93cb3) x25 0x00000001
core   0: 0x80001398 (0x01dd5a93) srli    s5, s10, 29
core   0: 3 0x80001398 (0x01dd5a93) x21 0x00000007
core   0: 0x8000139c (0x00aa1313) slli    t1, s4, 10
core   0: 3 0x8000139c (0x00aa1313) x 6 0xffe9d400
core   0: 0x800013a0 (0xcf68a693) slti    a3, a7, -778
core   0: 3 0x800013a0 (0xcf68a693) x13 0x00000000
core   0: 0x800013a4 (0x00ef1c93) slli    s9, t5, 14
core   0: 3 0x800013a4 (0x00ef1c93) x25 0xa0000000
core   0: 0x800013a8 (0x40ce04b3) sub     s1, t3, a2
core   0: 3 0x800013a8 (0x40ce04b3) x 9 0x00000000
core   0: 0x800013ac (0x011a0833) add     a6, s4, a7
core   0: 3 0x800013ac (0x011a0833) x16 0xfffffa75
core   0: 0x800013b0 (0xdddcc193) xori    gp, s9, -547
core   0: 3 0x800013b0 (0xdddcc193) x 3 0x5ffffddd
core   0: 0x800013b4 (0x01f123b3) slt     t2, sp, t6
core   0: 3 0x800013b4 (0x01f123b3) x 7 0x00000000
core   0: 0x800013b8 (0x00000013) nop
core   0: 3 0x800013b8 (0x00000013)
core   0: 0x800013bc (0x34494a13) xori    s4, s2, 836
core   0: 3 0x800013bc (0x34494a13) x20 0xfc000344
core   0: 0x800013c0 (0x01a45bb3) srl     s7, s0, s10
core   0: 3 0x800013c0 (0x01a45bb3) x23 0x00000006
core   0: 0x800013c4 (0x0081aab3) slt     s5, gp, s0
core   0: 3 0x800013c4 (0x0081aab3) x21 0x00000000
core   0: 0x800013c8 (0xe2152693) slti    a3, a0, -479
core   0: 3 0x800013c8 (0xe2152693) x13 0x00000001
core   0: 0x800013cc (0x0108dd93) srli    s11, a7, 16
core   0: 3 0x800013cc (0x0108dd93) x27 0x00000000
core   0: 0x800013d0 (0x41935e33) sra     t3, t1, s9
core   0: 3 0x800013d0 (0x41935e33) x28 0xffe9d400
core   0: 0x800013d4 (0x01945c93) srli    s9, s0, 25
core   0: 3 0x800013d4 (0x01945c93) x25 0x00000065
core   0: 0x800013d8 (0xcad64d93) xori    s11, a2, -851
core   0: 3 0x800013d8 (0xcad64d93) x27 0xfffffcad
core   0: 0x800013dc (0x010f9733) sll     a4, t6, a6
core   0: 3 0x800013dc (0x010f9733) x14 0x00000000
core   0: 0x800013e0 (0x52f9cd13) xori    s10, s3, 1327
core   0: 3 0x800013e0 (0x52f9cd13) x26 0x00000a3f
core   0: 0x800013e4 (0xe08034b7) lui     s1, 0xe0803
core   0: 3 0x800013e4 (0xe08034b7) x 9 0xe0803000
core   0: 0x800013e8 (0x00f21d13) slli    s10, tp, 15
core   0: 3 0x800013e8 (0x00f21d13) x26 0x00000000
core   0: 0x800013ec (0xf4a34b13) xori    s6, t1, -182
core   0: 3 0x800013ec (0xf4a34b13) x22 0x00162b4a
core   0: 0x800013f0 (0x011fa033) slt     zero, t6, a7
core   0: 3 0x800013f0 (0x011fa033)
core   0: 0x800013f4 (0x00739e33) sll     t3, t2, t2
core   0: 3 0x800013f4 (0x00739e33) x28 0x00000000
core   0: 0x800013f8 (0x00555293) srli    t0, a0, 5
core   0: 3 0x800013f8 (0x00555293) x 5 0x04000a67
core   0: 0x800013fc (0x01ad2db3) slt     s11, s10, s10
core   0: 3 0x800013fc (0x01ad2db3) x27 0x00000000
core   0: 0x80001400 (0x001136b3) sltu    a3, sp, ra
core   0: 3 0x80001400 (0x001136b3) x13 0x00000000
core   0: 0x80001404 (0xd720b313) sltiu   t1, ra, -654
core   0: 3 0x80001404 (0xd720b313) x 6 0x00000001
core   0: 0x80001408 (0x00cdde33) srl     t3, s11, a2
core   0: 3 0x80001408 (0x00cdde33) x28 0x00000000
core   0: 0x8000140c (0x19af3413) sltiu   s0, t5, 410
core   0: 3 0x8000140c (0x19af3413) x 8 0x00000000
core   0: 0x80001410 (0x00000013) nop
core   0: 3 0x80001410 (0x00000013)
core   0: 0x80001414 (0x406957b3) sra     a5, s2, t1
core   0: 3 0x80001414 (0x406957b3) x15 0xfe000000
core   0: 0x80001418 (0x00000013) nop
core   0: 3 0x80001418 (0x00000013)
core   0: 0x8000141c (0x40d2dab3) sra     s5, t0, a3
core   0: 3 0x8000141c (0x40d2dab3) x21 0x04000a67
core   0: 0x80001420 (0xe8034097) auipc   ra, 0xe8034
core   0: 3 0x80001420 (0xe8034097) x 1 0x68035420
core   0: 0x80001424 (0x00793f33) sltu    t5, s2, t2
core   0: 3 0x80001424 (0x00793f33) x30 0x00000000
core   0: 0x80001428 (0x01bf1bb3) sll     s7, t5, s11
core   0: 3 0x80001428 (0x01bf1bb3) x23 0x00000000
core   0: 0x8000142c (0x00000013) nop
core   0: 3 0x8000142c (0x00000013)
core   0: 0x80001430 (0x01f44d33) xor     s10, s0, t6
core   0: 3 0x80001430 (0x01f44d33) x26 0x00000000
core   0: 0x80001434 (0x002441b3) xor     gp, s0, sp
core   0: 3 0x80001434 (0x002441b3) x 3 0x78c398e4
core   0: 0x80001438 (0x0198d433) srl     s0, a7, s9
core   0: 3 0x80001438 (0x0198d433) x 8 0x00000000
core   0: 0x8000143c (0x010031b3) snez    gp, a6
core   0: 3 0x8000143c (0x010031b3) x 3 0x00000001
core   0: 0x80001440 (0x41c95293) srai    t0, s2, 28
core   0: 3 0x80001440 (0x41c95293) x 5 0xffffffff
core   0: 0x80001444 (0x016280b3) add     ra, t0, s6
core   0: 3 0x80001444 (0x016280b3) x 1 0x00162b49
core   0: 0x80001448 (0x013d2d33) slt     s10, s10, s3
core   0: 3 0x80001448 (0x013d2d33) x26 0x00000001
core   0: 0x8000144c (0x012af933) and     s2, s5, s2
core   0: 3 0x8000144c (0x012af933) x18 0x04000000
core   0: 0x80001450 (0x00721013) slli    zero, tp, 7
core   0: 3 0x80001450 (0x00721013)
core   0: 0x80001454 (0x00689233) sll     tp, a7, t1
core   0: 3 0x80001454 (0x00689233) x 4 0x00000000
core   0: 0x80001458 (0xf38b2193) slti    gp, s6, -200
core   0: 3 0x80001458 (0xf38b2193) x 3 0x00000000
core   0: 0x8000145c (0x00000013) nop
core   0: 3 0x8000145c (0x00000013)
core   0: 0x80001460 (0x4022d213) srai    tp, t0, 2
core   0: 3 0x80001460 (0x4022d213) x 4 0xffffffff
core   0: 0x80001464 (0xcd320313) addi    t1, tp, -813
core   0: 3 0x80001464 (0xcd320313) x 6 0xfffffcd2
core   0: 0x80001468 (0x069d2b97) auipc   s7, 0x69d2
core   0: 3 0x80001468 (0x069d2b97) x23 0x869d3468
core   0: 0x8000146c (0x005d7233) and     tp, s10, t0
core   0: 3 0x8000146c (0x005d7233) x 4 0x00000001
core   0: 0x80001470 (0x019a3433) sltu    s0, s4, s9
core   0: 3 0x80001470 (0x019a3433) x 8 0x00000000
core   0: 0x80001474 (0x003e1d13) slli    s10, t3, 3
core   0: 3 0x80001474 (0x003e1d13) x26 0x00000000
core   0: 0x80001478 (0xfff4f493) andi    s1, s1, -1
core   0: 3 0x80001478 (0xfff4f493) x 9 0xe0803000
core   0: 0x8000147c (0xd23f0413) addi    s0, t5, -733
core   0: 3 0x8000147c (0xd23f0413) x 8 0xfffffd23
core   0: 0x80001480 (0xc52c3d13) sltiu   s10, s8, -942
core   0: 3 0x80001480 (0xc52c3d13) x26 0x00000001
core   0: 0x80001484 (0x2a628813) addi    a6, t0, 678
core   0: 3 0x80001484 (0x2a628813) x16 0x000002a5
core   0: 0x80001488 (0xecdccd13) xori    s10, s9, -307
core   0: 3 0x80001488 (0xecdccd13) x26 0xfffffea8
core   0: 0x8000148c (0x0141d1b3) srl     gp, gp, s4
core   0: 3 0x8000148c (0x0141d1b3) x 3 0x00000000
core   0: 0x80001490 (0x40f35a33) sra     s4, t1, a5
core   0: 3 0x80001490 (0x40f35a33) x20 0xfffffcd2
core   0: 0x80001494 (0x01e4cd33) xor     s10, s1, t5
core   0: 3 0x80001494 (0x01e4cd33) x26 0xe0803000
core   0: 0x80001498 (0x012ffcb3) and     s9, t6, s2
core   0: 3 0x80001498 (0x012ffcb3) x25 0x00000000
core   0: 0x8000149c (0x39dbc113) xori    sp, s7, 925
core   0: 3 0x8000149c (0x39dbc113) x 2 0x869d37f5
core   0: 0x800014a0 (0x4c506793) ori     a5, zero, 1221
core   0: 3 0x800014a0 (0x4c506793) x15 0x000004c5
core   0: 0x800014a4 (0x010937b3) sltu    a5, s2, a6
core   0: 3 0x800014a4 (0x010937b3) x15 0x00000000
core   0: 0x800014a8 (0x674cf893) andi    a7, s9, 1652
core   0: 3 0x800014a8 (0x674cf893) x17 0x00000000
core   0: 0x800014ac (0xa62fa713) slti    a4, t6, -1438
core   0: 3 0x800014ac (0xa62fa713) x14 0x00000000
core   0: 0x800014b0 (0xd28bce13) xori    t3, s7, -728
core   0: 3 0x800014b0 (0xd28bce13) x28 0x7962c940
core   0: 0x800014b4 (0x45900913) li      s2, 1113
core   0: 3 0x800014b4 (0x45900913) x18 0x00000459
core   0: 0x800014b8 (0x2d2d0e93) addi    t4, s10, 722
core   0: 3 0x800014b8 (0x2d2d0e93) x29 0xe08032d2
core   0: 0x800014bc (0x00000013) nop
core   0: 3 0x800014bc (0x00000013)
core   0: 0x800014c0 (0x00fd56b3) srl     a3, s10, a5
core   0: 3 0x800014c0 (0x00fd56b3) x13 0xe0803000
core   0: 0x800014c4 (0x01466433) or      s0, a2, s4
core   0: 3 0x800014c4 (0x01466433) x 8 0xfffffcd2
core   0: 0x800014c8 (0x01ca36b3) sltu    a3, s4, t3
core   0: 3 0x800014c8 (0x01ca36b3) x13 0x00000000
core   0: 0x800014cc (0x00d48833) add     a6, s1, a3
core   0: 3 0x800014cc (0x00d48833) x16 0xe0803000
core   0: 0x800014d0 (0xb3ccbf93) sltiu   t6, s9, -1220
core   0: 3 0x800014d0 (0xb3ccbf93) x31 0x00000001
core   0: 0x800014d4 (0x01c83633) sltu    a2, a6, t3
core   0: 3 0x800014d4 (0x01c83633) x12 0x00000000
core   0: 0x800014d8 (0x00e92133) slt     sp, s2, a4
core   0: 3 0x800014d8 (0x00e92133) x 2 0x00000000
core   0: 0x800014dc (0xec173c93) sltiu   s9, a4, -319
core   0: 3 0x800014dc (0xec173c93) x25 0x00000001
core   0: 0x800014e0 (0x40f85293) srai    t0, a6, 15
core   0: 3 0x800014e0 (0x40f85293) x 5 0xffffc100
core   0: 0x800014e4 (0x01fb0633) add     a2, s6, t6
core   0: 3 0x800014e4 (0x01fb0633) x12 0x00162b4b
core   0: 0x800014e8 (0x406981b3) sub     gp, s3, t1
core   0: 3 0x800014e8 (0x406981b3) x 3 0x0000123e
core   0: 0x800014ec (0xdd61a013) slti    zero, gp, -554
core   0: 3 0x800014ec (0xdd61a013)
core   0: 0x800014f0 (0x00315413) srli    s0, sp, 3
core   0: 3 0x800014f0 (0x00315413) x 8 0x00000000
core   0: 0x800014f4 (0x0188a6b3) slt     a3, a7, s8
core   0: 3 0x800014f4 (0x0188a6b3) x13 0x00000000
core   0: 0x800014f8 (0x00493a33) sltu    s4, s2, tp
core   0: 3 0x800014f8 (0x00493a33) x20 0x00000000
core   0: 0x800014fc (0x00242bb3) slt     s7, s0, sp
core   0: 3 0x800014fc (0x00242bb3) x23 0x00000000
core   0: 0x80001500 (0xb6720113) addi    sp, tp, -1177
core   0: 3 0x80001500 (0xb6720113) x 2 0xfffffb68
core   0: 0x80001504 (0x6366cc93) xori    s9, a3, 1590
core   0: 3 0x80001504 (0x6366cc93) x25 0x00000636
core   0: 0x80001508 (0x01ab1413) slli    s0, s6, 26
core   0: 3 0x80001508 (0x01ab1413) x 8 0x28000000
core   0: 0x8000150c (0x015216b3) sll     a3, tp, s5
core   0: 3 0x8000150c (0x015216b3) x13 0x00000080
core   0: 0x80001510 (0x7d3e2913) slti    s2, t3, 2003
core   0: 3 0x80001510 (0x7d3e2913) x18 0x00000000
core   0: 0x80001514 (0x7bc5e213) ori     tp, a1, 1980
core   0: 3 0x80001514 (0x7bc5e213) x 4 0x80010ffc
core   0: 0x80001518 (0x23256713) ori     a4, a0, 562
core   0: 3 0x80001518 (0x23256713) x14 0x80014ef6
core   0: 0x8000151c (0x40ee8e33) sub     t3, t4, a4
core   0: 3 0x8000151c (0x40ee8e33) x28 0x607ee3dc
core   0: 0x80001520 (0x5251b437) lui     s0, 0x5251b
core   0: 3 0x80001520 (0x5251b437) x 8 0x5251b000
core   0: 0x80001524 (0xc73df113) andi    sp, s11, -909
core   0: 3 0x80001524 (0xc73df113) x 2 0x00000000
core   0: 0x80001528 (0x7d21fd93) andi    s11, gp, 2002
core   0: 3 0x80001528 (0x7d21fd93) x27 0x00000212
core   0: 0x8000152c (0x019d5eb3) srl     t4, s10, s9
core   0: 3 0x8000152c (0x019d5eb3) x29 0x00000382
core   0: 0x80001530 (0x40ad0a33) sub     s4, s10, a0
core   0: 3 0x80001530 (0x40ad0a33) x20 0x607ee31c
core   0: 0x80001534 (0xd1abe813) ori     a6, s7, -742
core   0: 3 0x80001534 (0xd1abe813) x16 0xfffffd1a
core   0: 0x80001538 (0x008720b3) slt     ra, a4, s0
core   0: 3 0x80001538 (0x008720b3) x 1 0x00000001
core   0: 0x8000153c (0xb93ead93) slti    s11, t4, -1133
core   0: 3 0x8000153c (0xb93ead93) x27 0x00000000
core   0: 0x80001540 (0x0130da33) srl     s4, ra, s3
core   0: 3 0x80001540 (0x0130da33) x20 0x00000000
core   0: 0x80001544 (0xd91ec897) auipc   a7, 0xd91ec
core   0: 3 0x80001544 (0xd91ec897) x17 0x591ed544
core   0: 0x80001548 (0xa99a4793) xori    a5, s4, -1383
core   0: 3 0x80001548 (0xa99a4793) x15 0xfffffa99
core   0: 0x8000154c (0x4147df93) srai    t6, a5, 20
core   0: 3 0x8000154c (0x4147df93) x31 0xffffffff
core   0: 0x80001550 (0x00e9c3b3) xor     t2, s3, a4
core   0: 3 0x80001550 (0x00e9c3b3) x 7 0x800141e6
core   0: 0x80001554 (0x00000013) nop
core   0: 3 0x80001554 (0x00000013)
core   0: 0x80001558 (0xf91ffa97) auipc   s5, 0xf91ff
core   0: 3 0x80001558 (0xf91ffa97) x21 0x79200558
core   0: 0x8000155c (0x004eddb3) srl     s11, t4, tp
core   0: 3 0x8000155c (0x004eddb3) x27 0x00000000
core   0: 0x80001560 (0x01d05813) srli    a6, zero, 29
core   0: 3 0x80001560 (0x01d05813) x16 0x00000000
core   0: 0x80001564 (0x4fc1b793) sltiu   a5, gp, 1276
core   0: 3 0x80001564 (0x4fc1b793) x15 0x00000000
core   0: 0x80001568 (0xd376e393) ori     t2, a3, -713
core   0: 3 0x80001568 (0xd376e393) x 7 0xfffffdb7
core   0: 0x8000156c (0x41595d13) srai    s10, s2, 21
core   0: 3 0x8000156c (0x41595d13) x26 0x00000000
core   0: 0x80001570 (0x01ba5113) srli    sp, s4, 27
core   0: 3 0x80001570 (0x01ba5113) x 2 0x00000000
core   0: 0x80001574 (0xb20c8113) addi    sp, s9, -1248
core   0: 3 0x80001574 (0xb20c8113) x 2 0x00000156
core   0: 0x80001578 (0x01f326b3) slt     a3, t1, t6
core   0: 3 0x80001578 (0x01f326b3) x13 0x00000001
core   0: 0x8000157c (0xfaca2e13) slti    t3, s4, -84
core   0: 3 0x8000157c (0xfaca2e13) x28 0x00000000
core   0: 0x80001580 (0x7a6d0d13) addi    s10, s10, 1958
core   0: 3 0x80001580 (0x7a6d0d13) x26 0x000007a6
core   0: 0x80001584 (0xb56aad13) slti    s10, s5, -1194
core   0: 3 0x80001584 (0xb56aad13) x26 0x00000000
core   0: 0x80001588 (0x0142aab3) slt     s5, t0, s4
core   0: 3 0x80001588 (0x0142aab3) x21 0x00000001
core   0: 0x8000158c (0xfff00d13) li      s10, -1
core   0: 3 0x8000158c (0xfff00d13) x26 0xffffffff
core   0: 0x80001590 (0x9b47b337) lui     t1, 0x9b47b
core   0: 3 0x80001590 (0x9b47b337) x 6 0x9b47b000
core   0: 0x80001594 (0x16330313) addi    t1, t1, 355
core   0: 3 0x80001594 (0x16330313) x 6 0x9b47b163
core   0: 0x80001598 (0xfff00913) li      s2, -1
core   0: 3 0x80001598 (0xfff00913) x18 0xffffffff
core   0: 0x8000159c (0x00000f13) li      t5, 0
core   0: 3 0x8000159c (0x00000f13) x30 0x00000000
core   0: 0x800015a0 (0x80000cb7) lui     s9, 0x80000
core   0: 3 0x800015a0 (0x80000cb7) x25 0x80000000
core   0: 0x800015a4 (0xfff00d93) li      s11, -1
core   0: 3 0x800015a4 (0xfff00d93) x27 0xffffffff
core   0: 0x800015a8 (0x00000893) li      a7, 0
core   0: 3 0x800015a8 (0x00000893) x17 0x00000000
core   0: 0x800015ac (0xfff00e93) li      t4, -1
core   0: 3 0x800015ac (0xfff00e93) x29 0xffffffff
core   0: 0x800015b0 (0x80000ab7) lui     s5, 0x80000
core   0: 3 0x800015b0 (0x80000ab7) x21 0x80000000
core   0: 0x800015b4 (0x53909a37) lui     s4, 0x53909
core   0: 3 0x800015b4 (0x53909a37) x20 0x53909000
core   0: 0x800015b8 (0xb07a0a13) addi    s4, s4, -1273
core   0: 3 0x800015b8 (0xb07a0a13) x20 0x53908b07
core   0: 0x800015bc (0x015888b3) add     a7, a7, s5
core   0: 3 0x800015bc (0x015888b3) x17 0x80000000
core   0: 0x800015c0 (0x00000013) nop
core   0: 3 0x800015c0 (0x00000013)
core   0: 0x800015c4 (0x00000013) nop
core   0: 3 0x800015c4 (0x00000013)
core   0: 0x800015c8 (0x66971f17) auipc   t5, 0x66971
core   0: 3 0x800015c8 (0x66971f17) x30 0xe69725c8
core   0: 0x800015cc (0x59b0bcb7) lui     s9, 0x59b0b
core   0: 3 0x800015cc (0x59b0bcb7) x25 0x59b0b000
core   0: 0x800015d0 (0x019f0db3) add     s11, t5, s9
core   0: 3 0x800015d0 (0x019f0db3) x27 0x4047d5c8
core   0: 0x800015d4 (0x419c8cb3) sub     s9, s9, s9
core   0: 3 0x800015d4 (0x419c8cb3) x25 0x00000000
core   0: 0x800015d8 (0x01288a33) add     s4, a7, s2
core   0: 3 0x800015d8 (0x01288a33) x20 0x7fffffff
core   0: 0x800015dc (0x00000013) nop
core   0: 3 0x800015dc (0x00000013)
core   0: 0x800015e0 (0x41b90d33) sub     s10, s2, s11
core   0: 3 0x800015e0 (0x41b90d33) x26 0xbfb82a37
core   0: 0x800015e4 (0x41990a33) sub     s4, s2, s9
core   0: 3 0x800015e4 (0x41990a33) x20 0xffffffff
core   0: 0x800015e8 (0x3d988913) addi    s2, a7, 985
core   0: 3 0x800015e8 (0x3d988913) x18 0x800003d9
core   0: 0x800015ec (0x23e7f337) lui     t1, 0x23e7f
core   0: 3 0x800015ec (0x23e7f337) x 6 0x23e7f000
core   0: 0x800015f0 (0xa6c6ba37) lui     s4, 0xa6c6b
core   0: 3 0x800015f0 (0xa6c6ba37) x20 0xa6c6b000
core   0: 0x800015f4 (0x41ad0333) sub     t1, s10, s10
core   0: 3 0x800015f4 (0x41ad0333) x 6 0x00000000
core   0: 0x800015f8 (0x41990333) sub     t1, s2, s9
core   0: 3 0x800015f8 (0x41990333) x 6 0x800003d9
core   0: 0x800015fc (0x019e8333) add     t1, t4, s9
core   0: 3 0x800015fc (0x019e8333) x 6 0xffffffff
core   0: 0x80001600 (0x61046db7) lui     s11, 0x61046
core   0: 3 0x80001600 (0x61046db7) x27 0x61046000
core   0: 0x80001604 (0x406f0cb3) sub     s9, t5, t1
core   0: 3 0x80001604 (0x406f0cb3) x25 0xe69725c9
core   0: 0x80001608 (0x01988cb3) add     s9, a7, s9
core   0: 3 0x80001608 (0x01988cb3) x25 0x669725c9
core   0: 0x8000160c (0xfa1c6c97) auipc   s9, 0xfa1c6
core   0: 3 0x8000160c (0xfa1c6c97) x25 0x7a1c760c
core   0: 0x80001610 (0xc89d8313) addi    t1, s11, -887
core   0: 3 0x80001610 (0xc89d8313) x 6 0x61045c89
core   0: 0x80001614 (0x41530f33) sub     t5, t1, s5
core   0: 3 0x80001614 (0x41530f33) x30 0xe1045c89
core   0: 0x80001618 (0xb9671a17) auipc   s4, 0xb9671
core   0: 3 0x80001618 (0xb9671a17) x20 0x39672618
core   0: 0x8000161c (0x1abc8c93) addi    s9, s9, 427
core   0: 3 0x8000161c (0x1abc8c93) x25 0x7a1c77b7
core   0: 0x80001620 (0x5c2e4e13) xori    t3, t3, 1474
core   0: 3 0x80001620 (0x5c2e4e13) x28 0x000005c2
core   0: 0x80001624 (0xa4ba2393) slti    t2, s4, -1461
core   0: 3 0x80001624 (0xa4ba2393) x 7 0x00000000
core   0: 0x80001628 (0x01e15293) srli    t0, sp, 30
core   0: 3 0x80001628 (0x01e15293) x 5 0x00000000
core   0: 0x8000162c (0x46622413) slti    s0, tp, 1126
core   0: 3 0x8000162c (0x46622413) x 8 0x00000001
core   0: 0x80001630 (0x005ec0b3) xor     ra, t4, t0
core   0: 3 0x80001630 (0x005ec0b3) x 1 0xffffffff
core   0: 0x80001634 (0xcb548e13) addi    t3, s1, -843
core   0: 3 0x80001634 (0xcb548e13) x28 0xe0802cb5
core   0: 0x80001638 (0x011341b3) xor     gp, t1, a7
core   0: 3 0x80001638 (0x011341b3) x 3 0xe1045c89
core   0: 0x8000163c (0x00c29233) sll     tp, t0, a2
core   0: 3 0x8000163c (0x00c29233) x 4 0x00000000
core   0: 0x80001640 (0x0171d413) srli    s0, gp, 23
core   0: 3 0x80001640 (0x0171d413) x 8 0x000001c2
core   0: 0x80001644 (0x0103deb3) srl     t4, t2, a6
core   0: 3 0x80001644 (0x0103deb3) x29 0x00000000
core   0: 0x80001648 (0x4135dd13) srai    s10, a1, 19
core   0: 3 0x80001648 (0x4135dd13) x26 0xfffff000
core   0: 0x8000164c (0x400ddcb3) sra     s9, s11, zero
core   0: 3 0x8000164c (0x400ddcb3) x25 0x61046000
core   0: 0x80001650 (0x7c039397) auipc   t2, 0x7c039
core   0: 3 0x80001650 (0x7c039397) x 7 0xfc03a650
core   0: 0x80001654 (0x01af4e33) xor     t3, t5, s10
core   0: 3 0x80001654 (0x01af4e33) x28 0x1efbac89
core   0: 0x80001658 (0x00991b33) sll     s6, s2, s1
core   0: 3 0x80001658 (0x00991b33) x22 0x800003d9
core   0: 0x8000165c (0x01631633) sll     a2, t1, s6
core   0: 3 0x8000165c (0x01631633) x12 0x12000000
core   0: 0x80001660 (0x00753d33) sltu    s10, a0, t2
core   0: 3 0x80001660 (0x00753d33) x26 0x00000001
core   0: 0x80001664 (0x410f5b93) srai    s7, t5, 16
core   0: 3 0x80001664 (0x410f5b93) x23 0xffffe104
core   0: 0x80001668 (0x5384c9b7) lui     s3, 0x5384c
core   0: 3 0x80001668 (0x5384c9b7) x19 0x5384c000
core   0: 0x8000166c (0x0075c2b3) xor     t0, a1, t2
core   0: 3 0x8000166c (0x0075c2b3) x 5 0x7c02a834
core   0: 0x80001670 (0xb2c8f613) andi    a2, a7, -1236
core   0: 3 0x80001670 (0xb2c8f613) x12 0x80000000
core   0: 0x80001674 (0xd966b493) sltiu   s1, a3, -618
core   0: 3 0x80001674 (0xd966b493) x 9 0x00000001
core   0: 0x80001678 (0x4169d313) srai    t1, s3, 22
core   0: 3 0x80001678 (0x4169d313) x 6 0x0000014e
core   0: 0x8000167c (0x014354b3) srl     s1, t1, s4
core   0: 3 0x8000167c (0x014354b3) x 9 0x00000000
core   0: 0x80001680 (0xd01ac293) xori    t0, s5, -767
core   0: 3 0x80001680 (0xd01ac293) x 5 0x7ffffd01
core   0: 0x80001684 (0x015e5db3) srl     s11, t3, s5
core   0: 3 0x80001684 (0x015e5db3) x27 0x1efbac89
core   0: 0x80001688 (0x07afbb13) sltiu   s6, t6, 122
core   0: 3 0x80001688 (0x07afbb13) x22 0x00000000
core   0: 0x8000168c (0x000134b3) sltu    s1, sp, zero
core   0: 3 0x8000168c (0x000134b3) x 9 0x00000000
core   0: 0x80001690 (0x015fde33) srl     t3, t6, s5
core   0: 3 0x80001690 (0x015fde33) x28 0xffffffff
core   0: 0x80001694 (0xc214ef93) ori     t6, s1, -991
core   0: 3 0x80001694 (0xc214ef93) x31 0xfffffc21
core   0: 0x80001698 (0x013c9413) slli    s0, s9, 19
core   0: 3 0x80001698 (0x013c9413) x 8 0x00000000
core   0: 0x8000169c (0xfa828613) addi    a2, t0, -88
core   0: 3 0x8000169c (0xfa828613) x12 0x7ffffca9
core   0: 0x800016a0 (0x8bd08093) addi    ra, ra, -1859
core   0: 3 0x800016a0 (0x8bd08093) x 1 0xfffff8bc
core   0: 0x800016a4 (0x09bb7b93) andi    s7, s6, 155
core   0: 3 0x800016a4 (0x09bb7b93) x23 0x00000000
core   0: 0x800016a8 (0x00dcc033) xor     zero, s9, a3
core   0: 3 0x800016a8 (0x00dcc033)
core   0: 0x800016ac (0xf9f10b93) addi    s7, sp, -97
core   0: 3 0x800016ac (0xf9f10b93) x23 0x000000f5
core   0: 0x800016b0 (0x01db08b3) add     a7, s6, t4
core   0: 3 0x800016b0 (0x01db08b3) x17 0x00000000
core   0: 0x800016b4 (0x00ed3633) sltu    a2, s10, a4
core   0: 3 0x800016b4 (0x00ed3633) x12 0x00000001
core   0: 0x800016b8 (0x2f4eed13) ori     s10, t4, 756
core   0: 3 0x800016b8 (0x2f4eed13) x26 0x000002f4
core   0: 0x800016bc (0xd7e94d13) xori    s10, s2, -642
core   0: 3 0x800016bc (0xd7e94d13) x26 0x7ffffea7
core   0: 0x800016c0 (0x00000013) nop
core   0: 3 0x800016c0 (0x00000013)
core   0: 0x800016c4 (0x0124d793) srli    a5, s1, 18
core   0: 3 0x800016c4 (0x0124d793) x15 0x00000000
core   0: 0x800016c8 (0x0012ffb3) and     t6, t0, ra
core   0: 3 0x800016c8 (0x0012ffb3) x31 0x7ffff800
core   0: 0x800016cc (0xc4e48213) addi    tp, s1, -946
core   0: 3 0x800016cc (0xc4e48213) x 4 0xfffffc4e
core   0: 0x800016d0 (0x00685333) srl     t1, a6, t1
core   0: 3 0x800016d0 (0x00685333) x 6 0x00000000
core   0: 0x800016d4 (0x00585b13) srli    s6, a6, 5
core   0: 3 0x800016d4 (0x00585b13) x22 0x00000000
core   0: 0x800016d8 (0x00000013) nop
core   0: 3 0x800016d8 (0x00000013)
core   0: 0x800016dc (0x009e1d93) slli    s11, t3, 9
core   0: 3 0x800016dc (0x009e1d93) x27 0xfffffe00
core   0: 0x800016e0 (0x012ed1b3) srl     gp, t4, s2
core   0: 3 0x800016e0 (0x012ed1b3) x 3 0x00000000
core   0: 0x800016e4 (0xf957a813) slti    a6, a5, -107
core   0: 3 0x800016e4 (0xf957a813) x16 0x00000000
core   0: 0x800016e8 (0xa96be093) ori     ra, s7, -1386
core   0: 3 0x800016e8 (0xa96be093) x 1 0xfffffaf7
core   0: 0x800016ec (0x0091e733) or      a4, gp, s1
core   0: 3 0x800016ec (0x0091e733) x14 0x00000000
core   0: 0x800016f0 (0x006b4a33) xor     s4, s6, t1
core   0: 3 0x800016f0 (0x006b4a33) x20 0x00000000
core   0: 0x800016f4 (0x00000013) nop
core   0: 3 0x800016f4 (0x00000013)
core   0: 0x800016f8 (0x3d79dbb7) lui     s7, 0x3d79d
core   0: 3 0x800016f8 (0x3d79dbb7) x23 0x3d79d000
core   0: 0x800016fc (0x01699713) slli    a4, s3, 22
core   0: 3 0x800016fc (0x01699713) x14 0x00000000
core   0: 0x80001700 (0x9c5f2d93) slti    s11, t5, -1595
core   0: 3 0x80001700 (0x9c5f2d93) x27 0x00000001
core   0: 0x80001704 (0x4ded2eb7) lui     t4, 0x4ded2
core   0: 3 0x80001704 (0x4ded2eb7) x29 0x4ded2000
core   0: 0x80001708 (0x40e6dd33) sra     s10, a3, a4
core   0: 3 0x80001708 (0x40e6dd33) x26 0x00000001
core   0: 0x8000170c (0x0170dbb3) srl     s7, ra, s7
core   0: 3 0x8000170c (0x0170dbb3) x23 0xfffffaf7
core   0: 0x80001710 (0x6770a893) slti    a7, ra, 1655
core   0: 3 0x80001710 (0x6770a893) x17 0x00000001
core   0: 0x80001714 (0x01ed8f33) add     t5, s11, t5
core   0: 3 0x80001714 (0x01ed8f33) x30 0xe1045c8a
core   0: 0x80001718 (0x411a84b3) sub     s1, s5, a7
core   0: 3 0x80001718 (0x411a84b3) x 9 0x7fffffff
core   0: 0x8000171c (0x418fe6b7) lui     a3, 0x418fe
core   0: 3 0x8000171c (0x418fe6b7) x13 0x418fe000
core   0: 0x80001720 (0x9580e313) ori     t1, ra, -1704
core   0: 3 0x80001720 (0x9580e313) x 6 0xfffffbff
core   0: 0x80001724 (0xb3752613) slti    a2, a0, -1225
core   0: 3 0x80001724 (0xb3752613) x12 0x00000001
core   0: 0x80001728 (0x008da633) slt     a2, s11, s0
core   0: 3 0x80001728 (0x008da633) x12 0x00000000
core   0: 0x8000172c (0x4164d433) sra     s0, s1, s6
core   0: 3 0x8000172c (0x4164d433) x 8 0x7fffffff
core   0: 0x80001730 (0x00ea2fb3) slt     t6, s4, a4
core   0: 3 0x80001730 (0x00ea2fb3) x31 0x00000000
core   0: 0x80001734 (0x7804ec93) ori     s9, s1, 1920
core   0: 3 0x80001734 (0x7804ec93) x25 0x7fffffff
core   0: 0x80001738 (0xad453813) sltiu   a6, a0, -1324
core   0: 3 0x80001738 (0xad453813) x16 0x00000001
core   0: 0x8000173c (0x702efe93) andi    t4, t4, 1794
core   0: 3 0x8000173c (0x702efe93) x29 0x00000000
core   0: 0x80001740 (0x00185893) srli    a7, a6, 1
core   0: 3 0x80001740 (0x00185893) x17 0x00000000
core   0: 0x80001744 (0x0022f4b3) and     s1, t0, sp
core   0: 3 0x80001744 (0x0022f4b3) x 9 0x00000100
core   0: 0x80001748 (0x00b570b3) and     ra, a0, a1
core   0: 3 0x80001748 (0x00b570b3) x 1 0x80010c64
core   0: 0x8000174c (0x01552db3) slt     s11, a0, s5
core   0: 3 0x8000174c (0x01552db3) x27 0x00000000
core   0: 0x80001750 (0x00000013) nop
core   0: 3 0x80001750 (0x00000013)
core   0: 0x80001754 (0x0094d033) srl     zero, s1, s1
core   0: 3 0x80001754 (0x0094d033)
core   0: 0x80001758 (0x00555d33) srl     s10, a0, t0
core   0: 3 0x80001758 (0x00555d33) x26 0x4000a672
core   0: 0x8000175c (0x5a910417) auipc   s0, 0x5a910
core   0: 3 0x8000175c (0x5a910417) x 8 0xda91175c
core   0: 0x80001760 (0x405cd713) srai    a4, s9, 5
core   0: 3 0x80001760 (0x405cd713) x14 0x03ffffff
core   0: 0x80001764 (0xbd9be913) ori     s2, s7, -1063
core   0: 3 0x80001764 (0xbd9be913) x18 0xfffffbff
core   0: 0x80001768 (0x00028ab3) add     s5, t0, zero
core   0: 3 0x80001768 (0x00028ab3) x21 0x7ffffd01
core   0: 0x8000176c (0x99804b97) auipc   s7, 0x99804
core   0: 3 0x8000176c (0x99804b97) x23 0x1980576c
core   0: 0x80001770 (0x41345413) srai    s0, s0, 19
core   0: 3 0x80001770 (0x41345413) x 8 0xfffffb52
core   0: 0x80001774 (0x75e65897) auipc   a7, 0x75e65
core   0: 3 0x80001774 (0x75e65897) x17 0xf5e66774
core   0: 0x80001778 (0x23007993) andi    s3, zero, 560
core   0: 3 0x80001778 (0x23007993) x19 0x00000000
core   0: 0x8000177c (0x4062d7b3) sra     a5, t0, t1
core   0: 3 0x8000177c (0x4062d7b3) x15 0x00000000
core   0: 0x80001780 (0x0062a133) slt     sp, t0, t1
core   0: 3 0x80001780 (0x0062a133) x 2 0x00000000
core   0: 0x80001784 (0x99b04913) xori    s2, zero, -1637
core   0: 3 0x80001784 (0x99b04913) x18 0xfffff99b
core   0: 0x80001788 (0xd9776897) auipc   a7, 0xd9776
core   0: 3 0x80001788 (0xd9776897) x17 0x59777788
core   0: 0x8000178c (0x40c75333) sra     t1, a4, a2
core   0: 3 0x8000178c (0x40c75333) x 6 0x03ffffff
core   0: 0x80001790 (0x41f48eb3) sub     t4, s1, t6
core   0: 3 0x80001790 (0x41f48eb3) x29 0x00000100
core   0: 0x80001794 (0x011630b3) sltu    ra, a2, a7
core   0: 3 0x80001794 (0x011630b3) x 1 0x00000001
core   0: 0x80001798 (0x4aac3e93) sltiu   t4, s8, 1194
core   0: 3 0x80001798 (0x4aac3e93) x29 0x00000000
core   0: 0x8000179c (0x849e4d93) xori    s11, t3, -1975
core   0: 3 0x8000179c (0x849e4d93) x27 0x000007b6
core   0: 0x800017a0 (0x414c54b3) sra     s1, s8, s4
core   0: 3 0x800017a0 (0x414c54b3) x 9 0xffc27e3f
core   0: 0x800017a4 (0x01fd6133) or      sp, s10, t6
core   0: 3 0x800017a4 (0x01fd6133) x 2 0x4000a672
core   0: 0x800017a8 (0x01a969b3) or      s3, s2, s10
core   0: 3 0x800017a8 (0x01a969b3) x19 0xfffffffb
core   0: 0x800017ac (0xda776713) ori     a4, a4, -601
core   0: 3 0x800017ac (0xda776713) x14 0xffffffff
core   0: 0x800017b0 (0x0117ba33) sltu    s4, a5, a7
core   0: 3 0x800017b0 (0x0117ba33) x20 0x00000001
core   0: 0x800017b4 (0x01367633) and     a2, a2, s3
core   0: 3 0x800017b4 (0x01367633) x12 0x00000000
core   0: 0x800017b8 (0x1282ad13) slti    s10, t0, 296
core   0: 3 0x800017b8 (0x1282ad13) x26 0x00000000
core   0: 0x800017bc (0x72a6c413) xori    s0, a3, 1834
core   0: 3 0x800017bc (0x72a6c413) x 8 0x418fe72a
core   0: 0x800017c0 (0x00dffd33) and     s10, t6, a3
core   0: 3 0x800017c0 (0x00dffd33) x26 0x00000000
core   0: 0x800017c4 (0x72b37393) andi    t2, t1, 1835
core   0: 3 0x800017c4 (0x72b37393) x 7 0x0000072b
core   0: 0x800017c8 (0x13d93737) lui     a4, 0x13d93
core   0: 3 0x800017c8 (0x13d93737) x14 0x13d93000
core   0: 0x800017cc (0x4132df93) srai    t6, t0, 19
core   0: 3 0x800017cc (0x4132df93) x31 0x00000fff
core   0: 0x800017d0 (0x00285f13) srli    t5, a6, 2
core   0: 3 0x800017d0 (0x00285f13) x30 0x00000000
core   0: 0x800017d4 (0x015533b3) sltu    t2, a0, s5
core   0: 3 0x800017d4 (0x015533b3) x 7 0x00000000
core   0: 0x800017d8 (0x914a4797) auipc   a5, 0x914a4
core   0: 3 0x800017d8 (0x914a4797) x15 0x114a57d8
core   0: 0x800017dc (0x00b15693) srli    a3, sp, 11
core   0: 3 0x800017dc (0x00b15693) x13 0x00080014
core   0: 0x800017e0 (0x0018b7b3) sltu    a5, a7, ra
core   0: 3 0x800017e0 (0x0018b7b3) x15 0x00000000
core   0: 0x800017e4 (0x00809833) sll     a6, ra, s0
core   0: 3 0x800017e4 (0x00809833) x16 0x00000400
core   0: 0x800017e8 (0x9e260913) addi    s2, a2, -1566
core   0: 3 0x800017e8 (0x9e260913) x18 0xfffff9e2
core   0: 0x800017ec (0x18b38713) addi    a4, t2, 395
core   0: 3 0x800017ec (0x18b38713) x14 0x0000018b
core   0: 0x800017f0 (0x002a2233) slt     tp, s4, sp
core   0: 3 0x800017f0 (0x002a2233) x 4 0x00000001
core   0: 0x800017f4 (0x01fcedb3) or      s11, s9, t6
core   0: 3 0x800017f4 (0x01fcedb3) x27 0x7fffffff
core   0: 0x800017f8 (0x8a85d8b7) lui     a7, 0x8a85d
core   0: 3 0x800017f8 (0x8a85d8b7) x17 0x8a85d000
core   0: 0x800017fc (0x00000013) nop
core   0: 3 0x800017fc (0x00000013)
core   0: 0x80001800 (0x01cb0a33) add     s4, s6, t3
core   0: 3 0x80001800 (0x01cb0a33) x20 0xffffffff
core   0: 0x80001804 (0x3b752413) slti    s0, a0, 951
core   0: 3 0x80001804 (0x3b752413) x 8 0x00000001
core   0: 0x80001808 (0xff8e6917) auipc   s2, 0xff8e6
core   0: 3 0x80001808 (0xff8e6917) x18 0x7f8e7808
core   0: 0x8000180c (0xb2090413) addi    s0, s2, -1248
core   0: 3 0x8000180c (0xb2090413) x 8 0x7f8e7328
core   0: 0x80001810 (0x00000013) nop
core   0: 3 0x80001810 (0x00000013)
core   0: 0x80001814 (0x00ab59b3) srl     s3, s6, a0
core   0: 3 0x80001814 (0x00ab59b3) x19 0x00000000
core   0: 0x80001818 (0xf95d0a93) addi    s5, s10, -107
core   0: 3 0x80001818 (0xf95d0a93) x21 0xffffff95
core   0: 0x8000181c (0x7493b613) sltiu   a2, t2, 1865
core   0: 3 0x8000181c (0x7493b613) x12 0x00000001
core   0: 0x80001820 (0x59bc0293) addi    t0, s8, 1435
core   0: 3 0x80001820 (0x59bc0293) x 5 0xffc283da
core   0: 0x80001824 (0xac423a13) sltiu   s4, tp, -1340
core   0: 3 0x80001824 (0xac423a13) x20 0x00000001
core   0: 0x80001828 (0xe316ba93) sltiu   s5, a3, -463
core   0: 3 0x80001828 (0xe316ba93) x21 0x00000001
core   0: 0x8000182c (0x000761b3) or      gp, a4, zero
core   0: 3 0x8000182c (0x000761b3) x 3 0x0000018b
core   0: 0x80001830 (0x40638a33) sub     s4, t2, t1
core   0: 3 0x80001830 (0x40638a33) x20 0xfc000001
core   0: 0x80001834 (0x00000013) nop
core   0: 3 0x80001834 (0x00000013)
core   0: 0x80001838 (0x8a04a893) slti    a7, s1, -1888
core   0: 3 0x80001838 (0x8a04a893) x17 0x00000001
core   0: 0x8000183c (0x0006e133) or      sp, a3, zero
core   0: 3 0x8000183c (0x0006e133) x 2 0x00080014
core   0: 0x80001840 (0x816e8213) addi    tp, t4, -2026
core   0: 3 0x80001840 (0x816e8213) x 4 0xfffff816
core   0: 0x80001844 (0x017f82b3) add     t0, t6, s7
core   0: 3 0x80001844 (0x017f82b3) x 5 0x1980676b
core   0: 0x80001848 (0x0028ed33) or      s10, a7, sp
core   0: 3 0x80001848 (0x0028ed33) x26 0x00080015
core   0: 0x8000184c (0xe62fae93) slti    t4, t6, -414
core   0: 3 0x8000184c (0xe62fae93) x29 0x00000000
core   0: 0x80001850 (0x011e06b3) add     a3, t3, a7
core   0: 3 0x80001850 (0x011e06b3) x13 0x00000000
core   0: 0x80001854 (0xad483713) sltiu   a4, a6, -1324
core   0: 3 0x80001854 (0xad483713) x14 0x00000001
core   0: 0x80001858 (0x5dccce93) xori    t4, s9, 1500
core   0: 3 0x80001858 (0x5dccce93) x29 0x7ffffa23
core   0: 0x8000185c (0x00a49633) sll     a2, s1, a0
core   0: 3 0x8000185c (0x00a49633) x12 0xfc27e3f0
core   0: 0x80001860 (0x41a3db93) srai    s7, t2, 26
core   0: 3 0x80001860 (0x41a3db93) x23 0x00000000
core   0: 0x80001864 (0x01125193) srli    gp, tp, 17
core   0: 3 0x80001864 (0x01125193) x 3 0x00007fff
core   0: 0x80001868 (0x0153f0b3) and     ra, t2, s5
core   0: 3 0x80001868 (0x0153f0b3) x 1 0x00000000
core   0: 0x8000186c (0x018c9713) slli    a4, s9, 24
core   0: 3 0x8000186c (0x018c9713) x14 0xff000000
core   0: 0x80001870 (0x36286693) ori     a3, a6, 866
core   0: 3 0x80001870 (0x36286693) x13 0x00000762
core   0: 0x80001874 (0xc2eae413) ori     s0, s5, -978
core   0: 3 0x80001874 (0xc2eae413) x 8 0xfffffc2f
core   0: 0x80001878 (0x007fd9b3) srl     s3, t6, t2
core   0: 3 0x80001878 (0x007fd9b3) x19 0x00000fff
core   0: 0x8000187c (0xb827fb13) andi    s6, a5, -1150
core   0: 3 0x8000187c (0xb827fb13) x22 0x00000000
core   0: 0x80001880 (0x85706f13) ori     t5, zero, -1961
core   0: 3 0x80001880 (0x85706f13) x30 0xfffff857
core   0: 0x80001884 (0x404e5933) sra     s2, t3, tp
core   0: 3 0x80001884 (0x404e5933) x18 0xffffffff
core   0: 0x80001888 (0x019203b3) add     t2, tp, s9
core   0: 3 0x80001888 (0x019203b3) x 7 0x7ffff815
core   0: 0x8000188c (0x55076093) ori     ra, a4, 1360
core   0: 3 0x8000188c (0x55076093) x 1 0xff000550
core   0: 0x80001890 (0x5770a4b7) lui     s1, 0x5770a
core   0: 3 0x80001890 (0x5770a4b7) x 9 0x5770a000
core   0: 0x80001894 (0xfbef7b93) andi    s7, t5, -66
core   0: 3 0x80001894 (0xfbef7b93) x23 0xfffff816
core   0: 0x80001898 (0x751a4b93) xori    s7, s4, 1873
core   0: 3 0x80001898 (0x751a4b93) x23 0xfc000750
core   0: 0x8000189c (0x017f7133) and     sp, t5, s7
core   0: 3 0x8000189c (0x017f7133) x 2 0xfc000050
core   0: 0x800018a0 (0x41e8d813) srai    a6, a7, 30
core   0: 3 0x800018a0 (0x41e8d813) x16 0x00000000
core   0: 0x800018a4 (0x5c5e6413) ori     s0, t3, 1477
core   0: 3 0x800018a4 (0x5c5e6413) x 8 0xffffffff
core   0: 0x800018a8 (0x018840b3) xor     ra, a6, s8
core   0: 3 0x800018a8 (0x018840b3) x 1 0xffc27e3f
core   0: 0x800018ac (0x00689b13) slli    s6, a7, 6
core   0: 3 0x800018ac (0x00689b13) x22 0x00000040
core   0: 0x800018b0 (0x958d7693) andi    a3, s10, -1704
core   0: 3 0x800018b0 (0x958d7693) x13 0x00080010
core   0: 0x800018b4 (0x011ffe33) and     t3, t6, a7
core   0: 3 0x800018b4 (0x011ffe33) x28 0x00000001
core   0: 0x800018b8 (0x41425e13) srai    t3, tp, 20
core   0: 3 0x800018b8 (0x41425e13) x28 0xffffffff
core   0: 0x800018bc (0x01369293) slli    t0, a3, 19
core   0: 3 0x800018bc (0x01369293) x 5 0x00800000
core   0: 0x800018c0 (0x018e1293) slli    t0, t3, 24
core   0: 3 0x800018c0 (0x018e1293) x 5 0xff000000
core   0: 0x800018c4 (0x41d6d333) sra     t1, a3, t4
core   0: 3 0x800018c4 (0x41d6d333) x 6 0x00010002
core   0: 0x800018c8 (0xfa8e2793) slti    a5, t3, -88
core   0: 3 0x800018c8 (0xfa8e2793) x15 0x00000000
core   0: 0x800018cc (0x00000013) nop
core   0: 3 0x800018cc (0x00000013)
core   0: 0x800018d0 (0x00765293) srli    t0, a2, 7
core   0: 3 0x800018d0 (0x00765293) x 5 0x01f84fc7
core   0: 0x800018d4 (0x41e3d493) srai    s1, t2, 30
core   0: 3 0x800018d4 (0x41e3d493) x 9 0x00000001
core   0: 0x800018d8 (0x538b3e93) sltiu   t4, s6, 1336
core   0: 3 0x800018d8 (0x538b3e93) x29 0x00000001
core   0: 0x800018dc (0xd7b6dd17) auipc   s10, 0xd7b6d
core   0: 3 0x800018dc (0xd7b6dd17) x26 0x57b6e8dc
core   0: 0x800018e0 (0x00d5b4b3) sltu    s1, a1, a3
core   0: 3 0x800018e0 (0x00d5b4b3) x 9 0x00000000
core   0: 0x800018e4 (0x00e99d93) slli    s11, s3, 14
core   0: 3 0x800018e4 (0x00e99d93) x27 0x03ffc000
core   0: 0x800018e8 (0x00000013) nop
core   0: 3 0x800018e8 (0x00000013)
core   0: 0x800018ec (0xc80a0c93) addi    s9, s4, -896
core   0: 3 0x800018ec (0xc80a0c93) x25 0xfbfffc81
core   0: 0x800018f0 (0x00956433) or      s0, a0, s1
core   0: 3 0x800018f0 (0x00956433) x 8 0x80014ce4
core   0: 0x800018f4 (0x00eef6b3) and     a3, t4, a4
core   0: 3 0x800018f4 (0x00eef6b3) x13 0x00000000
core   0: 0x800018f8 (0x013b4997) auipc   s3, 0x13b4
core   0: 3 0x800018f8 (0x013b4997) x19 0x813b58f8
core   0: 0x800018fc (0x01033fb3) sltu    t6, t1, a6
core   0: 3 0x800018fc (0x01033fb3) x31 0x00000000
core   0: 0x80001900 (0x4143d393) srai    t2, t2, 20
core   0: 3 0x80001900 (0x4143d393) x 7 0x000007ff
core   0: 0x80001904 (0x00000013) nop
core   0: 3 0x80001904 (0x00000013)
core   0: 0x80001908 (0x007c1eb3) sll     t4, s8, t2
core   0: 3 0x80001908 (0x007c1eb3) x29 0x80000000
core   0: 0x8000190c (0x36318b13) addi    s6, gp, 867
core   0: 3 0x8000190c (0x36318b13) x22 0x00008362
core   0: 0x80001910 (0x0117f9b3) and     s3, a5, a7
core   0: 3 0x80001910 (0x0117f9b3) x19 0x00000000
core   0: 0x80001914 (0x01e6ebb3) or      s7, a3, t5
core   0: 3 0x80001914 (0x01e6ebb3) x23 0xfffff857
core   0: 0x80001918 (0x7908ed17) auipc   s10, 0x7908e
core   0: 3 0x80001918 (0x7908ed17) x26 0xf908f918
core   0: 0x8000191c (0x01cbc933) xor     s2, s7, t3
core   0: 3 0x8000191c (0x01cbc933) x18 0x000007a8
core   0: 0x80001920 (0xe10d7a13) andi    s4, s10, -496
core   0: 3 0x80001920 (0xe10d7a13) x20 0xf908f810
core   0: 0x80001924 (0x71de4617) auipc   a2, 0x71de4
core   0: 3 0x80001924 (0x71de4617) x12 0xf1de5924
core   0: 0x80001928 (0x41b058b3) sra     a7, zero, s11
core   0: 3 0x80001928 (0x41b058b3) x17 0x00000000
core   0: 0x8000192c (0xf5553013) sltiu   zero, a0, -171
core   0: 3 0x8000192c (0xf5553013)
core   0: 0x80001930 (0x00135933) srl     s2, t1, ra
core   0: 3 0x80001930 (0x00135933) x18 0x00000000
core   0: 0x80001934 (0x00be5493) srli    s1, t3, 11
core   0: 3 0x80001934 (0x00be5493) x 9 0x001fffff
core   0: 0x80001938 (0x00e479b3) and     s3, s0, a4
core   0: 3 0x80001938 (0x00e479b3) x19 0x80000000
core   0: 0x8000193c (0x911a4613) xori    a2, s4, -1775
core   0: 3 0x8000193c (0x911a4613) x12 0x06f70101
core   0: 0x80001940 (0x010d82b3) add     t0, s11, a6
core   0: 3 0x80001940 (0x010d82b3) x 5 0x03ffc000
core   0: 0x80001944 (0xa8a3bc93) sltiu   s9, t2, -1398
core   0: 3 0x80001944 (0xa8a3bc93) x25 0x00000001
core   0: 0x80001948 (0x1e70dab7) lui     s5, 0x1e70d
core   0: 3 0x80001948 (0x1e70dab7) x21 0x1e70d000
core   0: 0x8000194c (0x40805d33) sra     s10, zero, s0
core   0: 3 0x8000194c (0x40805d33) x26 0x00000000
core   0: 0x80001950 (0x4088d793) srai    a5, a7, 8
core   0: 3 0x80001950 (0x4088d793) x15 0x00000000
core   0: 0x80001954 (0xcdd4f413) andi    s0, s1, -803
core   0: 3 0x80001954 (0xcdd4f413) x 8 0x001ffcdd
core   0: 0x80001958 (0x002aedb3) or      s11, s5, sp
core   0: 3 0x80001958 (0x002aedb3) x27 0xfe70d050
core   0: 0x8000195c (0x000a5f33) srl     t5, s4, zero
core   0: 3 0x8000195c (0x000a5f33) x30 0xf908f810
core   0: 0x80001960 (0x010a39b3) sltu    s3, s4, a6
core   0: 3 0x80001960 (0x010a39b3) x19 0x00000000
core   0: 0x80001964 (0x0188cd33) xor     s10, a7, s8
core   0: 3 0x80001964 (0x0188cd33) x26 0xffc27e3f
core   0: 0x80001968 (0x1c4fc9b7) lui     s3, 0x1c4fc
core   0: 3 0x80001968 (0x1c4fc9b7) x19 0x1c4fc000
core   0: 0x8000196c (0x00e2c2b3) xor     t0, t0, a4
core   0: 3 0x8000196c (0x00e2c2b3) x 5 0xfcffc000
core   0: 0x80001970 (0xcef4e017) auipc   zero, 0xcef4e
core   0: 3 0x80001970 (0xcef4e017)
core   0: 0x80001974 (0xeb756a93) ori     s5, a0, -329
core   0: 3 0x80001974 (0xeb756a93) x21 0xfffffef7
core   0: 0x80001978 (0x00000013) nop
core   0: 3 0x80001978 (0x00000013)
core   0: 0x8000197c (0x0006dc93) srli    s9, a3, 0
core   0: 3 0x8000197c (0x0006dc93) x25 0x00000000
core   0: 0x80001980 (0x4027d7b3) sra     a5, a5, sp
core   0: 3 0x80001980 (0x4027d7b3) x15 0x00000000
core   0: 0x80001984 (0x00e5a8b3) slt     a7, a1, a4
core   0: 3 0x80001984 (0x00e5a8b3) x17 0x00000001
core   0: 0x80001988 (0x011d9f13) slli    t5, s11, 17
core   0: 3 0x80001988 (0x011d9f13) x30 0xa0a00000
core   0: 0x8000198c (0x2353aa93) slti    s5, t2, 565
core   0: 3 0x8000198c (0x2353aa93) x21 0x00000000
core   0: 0x80001990 (0x3a81a293) slti    t0, gp, 936
core   0: 3 0x80001990 (0x3a81a293) x 5 0x00000000
core   0: 0x80001994 (0x00000013) nop
core   0: 3 0x80001994 (0x00000013)
core   0: 0x80001998 (0x00f9d833) srl     a6, s3, a5
core   0: 3 0x80001998 (0x00f9d833) x16 0x1c4fc000
core   0: 0x8000199c (0x018aa0b3) slt     ra, s5, s8
core   0: 3 0x8000199c (0x018aa0b3) x 1 0x00000000
core   0: 0x800019a0 (0x006756b3) srl     a3, a4, t1
core   0: 3 0x800019a0 (0x006756b3) x13 0x3fc00000
core   0: 0x800019a4 (0x00af8133) add     sp, t6, a0
core   0: 3 0x800019a4 (0x00af8133) x 2 0x80014ce4
core   0: 0x800019a8 (0x43891f37) lui     t5, 0x43891
core   0: 3 0x800019a8 (0x43891f37) x30 0x43891000
core   0: 0x800019ac (0x012c27b3) slt     a5, s8, s2
core   0: 3 0x800019ac (0x012c27b3) x15 0x00000001
core   0: 0x800019b0 (0xfea63313) sltiu   t1, a2, -22
core   0: 3 0x800019b0 (0xfea63313) x 6 0x00000001
core   0: 0x800019b4 (0x30743493) sltiu   s1, s0, 775
core   0: 3 0x800019b4 (0x30743493) x 9 0x00000000
core   0: 0x800019b8 (0x0028acb3) slt     s9, a7, sp
core   0: 3 0x800019b8 (0x0028acb3) x25 0x00000000
core   0: 0x800019bc (0x01ef9a93) slli    s5, t6, 30
core   0: 3 0x800019bc (0x01ef9a93) x21 0x00000000
core   0: 0x800019c0 (0x01eb2e33) slt     t3, s6, t5
core   0: 3 0x800019c0 (0x01eb2e33) x28 0x00000001
core   0: 0x800019c4 (0x00000013) nop
core   0: 3 0x800019c4 (0x00000013)
core   0: 0x800019c8 (0x0031d193) srli    gp, gp, 3
core   0: 3 0x800019c8 (0x0031d193) x 3 0x00000fff
core   0: 0x800019cc (0x00f8ca33) xor     s4, a7, a5
core   0: 3 0x800019cc (0x00f8ca33) x20 0x00000000
core   0: 0x800019d0 (0xea15cd13) xori    s10, a1, -351
core   0: 3 0x800019d0 (0xea15cd13) x26 0x7ffef0c5
core   0: 0x800019d4 (0x0174d4b3) srl     s1, s1, s7
core   0: 3 0x800019d4 (0x0174d4b3) x 9 0x00000000
core   0: 0x800019d8 (0x00521f13) slli    t5, tp, 5
core   0: 3 0x800019d8 (0x00521f13) x30 0xffff02c0
core   0: 0x800019dc (0x013a9233) sll     tp, s5, s3
core   0: 3 0x800019dc (0x013a9233) x 4 0x00000000
core   0: 0x800019e0 (0xad8e4093) xori    ra, t3, -1320
core   0: 3 0x800019e0 (0xad8e4093) x 1 0xfffffad9
core   0: 0x800019e4 (0x0181c133) xor     sp, gp, s8
core   0: 3 0x800019e4 (0x0181c133) x 2 0xffc271c0
core   0: 0x800019e8 (0x79582997) auipc   s3, 0x79582
core   0: 3 0x800019e8 (0x79582997) x19 0xf95839e8
core   0: 0x800019ec (0x412701b3) sub     gp, a4, s2
core   0: 3 0x800019ec (0x412701b3) x 3 0xff000000
core   0: 0x800019f0 (0x2e5f6413) ori     s0, t5, 741
core   0: 3 0x800019f0 (0x2e5f6413) x 8 0xffff02e5
core   0: 0x800019f4 (0x40058233) sub     tp, a1, zero
core   0: 3 0x800019f4 (0x40058233) x 4 0x80010e64
core   0: 0x800019f8 (0x18954993) xori    s3, a0, 393
core   0: 3 0x800019f8 (0x18954993) x19 0x80014d6d
core   0: 0x800019fc (0x01442d33) slt     s10, s0, s4
core   0: 3 0x800019fc (0x01442d33) x26 0x00000001
core   0: 0x80001a00 (0x0192fd33) and     s10, t0, s9
core   0: 3 0x80001a00 (0x0192fd33) x26 0x00000000
core   0: 0x80001a04 (0x0167db93) srli    s7, a5, 22
core   0: 3 0x80001a04 (0x0167db93) x23 0x00000000
core   0: 0x80001a08 (0x00b9a433) slt     s0, s3, a1
core   0: 3 0x80001a08 (0x00b9a433) x 8 0x00000000
core   0: 0x80001a0c (0x092df393) andi    t2, s11, 146
core   0: 3 0x80001a0c (0x092df393) x 7 0x00000010
core   0: 0x80001a10 (0x011390b3) sll     ra, t2, a7
core   0: 3 0x80001a10 (0x011390b3) x 1 0x00000020
core   0: 0x80001a14 (0x01c4f333) and     t1, s1, t3
core   0: 3 0x80001a14 (0x01c4f333) x 6 0x00000000
core   0: 0x80001a18 (0x002b2733) slt     a4, s6, sp
core   0: 3 0x80001a18 (0x002b2733) x14 0x00000000
core   0: 0x80001a1c (0x7d43c813) xori    a6, t2, 2004
core   0: 3 0x80001a1c (0x7d43c813) x16 0x000007c4
core   0: 0x80001a20 (0x00913733) sltu    a4, sp, s1
core   0: 3 0x80001a20 (0x00913733) x14 0x00000000
core   0: 0x80001a24 (0x273bafb7) lui     t6, 0x273ba
core   0: 3 0x80001a24 (0x273bafb7) x31 0x273ba000
core   0: 0x80001a28 (0x00931233) sll     tp, t1, s1
core   0: 3 0x80001a28 (0x00931233) x 4 0x00000000
core   0: 0x80001a2c (0x11b92193) slti    gp, s2, 283
core   0: 3 0x80001a2c (0x11b92193) x 3 0x00000001
core   0: 0x80001a30 (0x02a93e93) sltiu   t4, s2, 42
core   0: 3 0x80001a30 (0x02a93e93) x29 0x00000001
core   0: 0x80001a34 (0x01651693) slli    a3, a0, 22
core   0: 3 0x80001a34 (0x01651693) x13 0x39000000
core   0: 0x80001a38 (0x00000013) nop
core   0: 3 0x80001a38 (0x00000013)
core   0: 0x80001a3c (0x412cd233) sra     tp, s9, s2
core   0: 3 0x80001a3c (0x412cd233) x 4 0x00000000
core   0: 0x80001a40 (0x52500197) auipc   gp, 0x52500
core   0: 3 0x80001a40 (0x52500197) x 3 0xd2501a40
core   0: 0x80001a44 (0x26742113) slti    sp, s0, 615
core   0: 3 0x80001a44 (0x26742113) x 2 0x00000001
core   0: 0x80001a48 (0x40f051b3) sra     gp, zero, a5
core   0: 3 0x80001a48 (0x40f051b3) x 3 0x00000000
core   0: 0x80001a4c (0x4186dd93) srai    s11, a3, 24
core   0: 3 0x80001a4c (0x4186dd93) x27 0x00000039
core   0: 0x80001a50 (0xf8abe1b7) lui     gp, 0xf8abe
core   0: 3 0x80001a50 (0xf8abe1b7) x 3 0xf8abe000
core   0: 0x80001a54 (0x01b4db33) srl     s6, s1, s11
core   0: 3 0x80001a54 (0x01b4db33) x22 0x00000000
core   0: 0x80001a58 (0x01063ab3) sltu    s5, a2, a6
core   0: 3 0x80001a58 (0x01063ab3) x21 0x00000000
core   0: 0x80001a5c (0x4469c613) xori    a2, s3, 1094
core   0: 3 0x80001a5c (0x4469c613) x12 0x8001492b
core   0: 0x80001a60 (0x6e564817) auipc   a6, 0x6e564
core   0: 3 0x80001a60 (0x6e564817) x16 0xee565a60
core   0: 0x80001a64 (0x89a86b93) ori     s7, a6, -1894
core   0: 3 0x80001a64 (0x89a86b93) x23 0xfffffafa
core   0: 0x80001a68 (0x00906733) or      a4, zero, s1
core   0: 3 0x80001a68 (0x00906733) x14 0x00000000
core   0: 0x80001a6c (0x002293b3) sll     t2, t0, sp
core   0: 3 0x80001a6c (0x002293b3) x 7 0x00000000
core   0: 0x80001a70 (0x009b19b3) sll     s3, s6, s1
core   0: 3 0x80001a70 (0x009b19b3) x19 0x00000000
core   0: 0x80001a74 (0x00571a93) slli    s5, a4, 5
core   0: 3 0x80001a74 (0x00571a93) x21 0x00000000
core   0: 0x80001a78 (0x00765a33) srl     s4, a2, t2
core   0: 3 0x80001a78 (0x00765a33) x20 0x8001492b
core   0: 0x80001a7c (0xd4303193) sltiu   gp, zero, -701
core   0: 3 0x80001a7c (0xd4303193) x 3 0x00000001
core   0: 0x80001a80 (0x41bb5e93) srai    t4, s6, 27
core   0: 3 0x80001a80 (0x41bb5e93) x29 0x00000000
core   0: 0x80001a84 (0x00dc1db3) sll     s11, s8, a3
core   0: 3 0x80001a84 (0x00dc1db3) x27 0xffc27e3f
core   0: 0x80001a88 (0x0005ee33) or      t3, a1, zero
core   0: 3 0x80001a88 (0x0005ee33) x28 0x80010e64
core   0: 0x80001a8c (0x4104da33) sra     s4, s1, a6
core   0: 3 0x80001a8c (0x4104da33) x20 0x00000000
core   0: 0x80001a90 (0x017c98b3) sll     a7, s9, s7
core   0: 3 0x80001a90 (0x017c98b3) x17 0x00000000
core   0: 0x80001a94 (0x01eb1433) sll     s0, s6, t5
core   0: 3 0x80001a94 (0x01eb1433) x 8 0x00000000
core   0: 0x80001a98 (0x00caeb33) or      s6, s5, a2
core   0: 3 0x80001a98 (0x00caeb33) x22 0x8001492b
core   0: 0x80001a9c (0x49d27293) andi    t0, tp, 1181
core   0: 3 0x80001a9c (0x49d27293) x 5 0x00000000
core   0: 0x80001aa0 (0x01bdf297) auipc   t0, 0x1bdf
core   0: 3 0x80001aa0 (0x01bdf297) x 5 0x81be0aa0
core   0: 0x80001aa4 (0x41395733) sra     a4, s2, s3
core   0: 3 0x80001aa4 (0x41395733) x14 0x00000000
core   0: 0x80001aa8 (0x01e4a633) slt     a2, s1, t5
core   0: 3 0x80001aa8 (0x01e4a633) x12 0x00000000
core   0: 0x80001aac (0x41800033) sub     zero, zero, s8
core   0: 3 0x80001aac (0x41800033)
core   0: 0x80001ab0 (0x6135f993) andi    s3, a1, 1555
core   0: 3 0x80001ab0 (0x6135f993) x19 0x00000600
core   0: 0x80001ab4 (0xa563c193) xori    gp, t2, -1450
core   0: 3 0x80001ab4 (0xa563c193) x 3 0xfffffa56
core   0: 0x80001ab8 (0x00000013) nop
core   0: 3 0x80001ab8 (0x00000013)
core   0: 0x80001abc (0x404c8333) sub     t1, s9, tp
core   0: 3 0x80001abc (0x404c8333) x 6 0x00000000
core   0: 0x80001ac0 (0x00f61d13) slli    s10, a2, 15
core   0: 3 0x80001ac0 (0x00f61d13) x26 0x00000000
core   0: 0x80001ac4 (0x0130b7b3) sltu    a5, ra, s3
core   0: 3 0x80001ac4 (0x0130b7b3) x15 0x00000001
core   0: 0x80001ac8 (0x01a152b3) srl     t0, sp, s10
core   0: 3 0x80001ac8 (0x01a152b3) x 5 0x00000001
core   0: 0x80001acc (0x41530ab3) sub     s5, t1, s5
core   0: 3 0x80001acc (0x41530ab3) x21 0x00000000
core   0: 0x80001ad0 (0x7764a393) slti    t2, s1, 1910
core   0: 3 0x80001ad0 (0x7764a393) x 7 0x00000001
core   0: 0x80001ad4 (0x9af63893) sltiu   a7, a2, -1617
core   0: 3 0x80001ad4 (0x9af63893) x17 0x00000001
core   0: 0x80001ad8 (0x3ef83717) auipc   a4, 0x3ef83
core   0: 3 0x80001ad8 (0x3ef83717) x14 0xbef84ad8
core   0: 0x80001adc (0x4465ee13) ori     t3, a1, 1094
core   0: 3 0x80001adc (0x4465ee13) x28 0x80010e66
core   0: 0x80001ae0 (0xa2272793) slti    a5, a4, -1502
core   0: 3 0x80001ae0 (0xa2272793) x15 0x00000001
core   0: 0x80001ae4 (0x00b91693) slli    a3, s2, 11
core   0: 3 0x80001ae4 (0x00b91693) x13 0x00000000
core   0: 0x80001ae8 (0x0129d193) srli    gp, s3, 18
core   0: 3 0x80001ae8 (0x0129d193) x 3 0x00000000
core   0: 0x80001aec (0xd7c6c417) auipc   s0, 0xd7c6c
core   0: 3 0x80001aec (0xd7c6c417) x 8 0x57c6daec
core   0: 0x80001af0 (0x00ec70b3) and     ra, s8, a4
core   0: 3 0x80001af0 (0x00ec70b3) x 1 0xbec04a18
core   0: 0x80001af4 (0x41da5433) sra     s0, s4, t4
core   0: 3 0x80001af4 (0x41da5433) x 8 0x00000000
core   0: 0x80001af8 (0x006e1d93) slli    s11, t3, 6
core   0: 3 0x80001af8 (0x006e1d93) x27 0x00439980
core   0: 0x80001afc (0xdedc7a93) andi    s5, s8, -531
core   0: 3 0x80001afc (0xdedc7a93) x21 0xffc27c2d
core   0: 0x80001b00 (0x40475393) srai    t2, a4, 4
core   0: 3 0x80001b00 (0x40475393) x 7 0xfbef84ad
core   0: 0x80001b04 (0x7d7ea313) slti    t1, t4, 2007
core   0: 3 0x80001b04 (0x7d7ea313) x 6 0x00000001
core   0: 0x80001b08 (0xc1737013) andi    zero, t1, -1001
core   0: 3 0x80001b08 (0xc1737013)
core   0: 0x80001b0c (0x5d6cc013) xori    zero, s9, 1494
core   0: 3 0x80001b0c (0x5d6cc013)
core   0: 0x80001b10 (0x00ae5e13) srli    t3, t3, 10
core   0: 3 0x80001b10 (0x00ae5e13) x28 0x00200043
core   0: 0x80001b14 (0xfe6d3793) sltiu   a5, s10, -26
core   0: 3 0x80001b14 (0xfe6d3793) x15 0x00000001
core   0: 0x80001b18 (0xd4780e93) addi    t4, a6, -697
core   0: 3 0x80001b18 (0xd4780e93) x29 0xee5657a7
core   0: 0x80001b1c (0x00ea1613) slli    a2, s4, 14
core   0: 3 0x80001b1c (0x00ea1613) x12 0x00000000
core   0: 0x80001b20 (0xb2ae6f13) ori     t5, t3, -1238
core   0: 3 0x80001b20 (0xb2ae6f13) x30 0xfffffb6b
core   0: 0x80001b24 (0x68407313) andi    t1, zero, 1668
core   0: 3 0x80001b24 (0x68407313) x 6 0x00000000
core   0: 0x80001b28 (0xa7dda217) auipc   tp, 0xa7dda
core   0: 3 0x80001b28 (0xa7dda217) x 4 0x27ddbb28
core   0: 0x80001b2c (0x01f661b3) or      gp, a2, t6
core   0: 3 0x80001b2c (0x01f661b3) x 3 0x273ba000
core   0: 0x80001b30 (0x01812433) slt     s0, sp, s8
core   0: 3 0x80001b30 (0x01812433) x 8 0x00000000
core   0: 0x80001b34 (0x8e17ab13) slti    s6, a5, -1823
core   0: 3 0x80001b34 (0x8e17ab13) x22 0x00000000
core   0: 0x80001b38 (0x01cd6033) or      zero, s10, t3
core   0: 3 0x80001b38 (0x01cd6033)
core   0: 0x80001b3c (0x04570313) addi    t1, a4, 69
core   0: 3 0x80001b3c (0x04570313) x 6 0xbef84b1d
core   0: 0x80001b40 (0x00bcb7b3) sltu    a5, s9, a1
core   0: 3 0x80001b40 (0x00bcb7b3) x15 0x00000001
core   0: 0x80001b44 (0xa1e3ca13) xori    s4, t2, -1506
core   0: 3 0x80001b44 (0xa1e3ca13) x20 0x04107eb3
core   0: 0x80001b48 (0xe7e20d93) addi    s11, tp, -386
core   0: 3 0x80001b48 (0xe7e20d93) x27 0x27ddb9a6
core   0: 0x80001b4c (0x01aadfb3) srl     t6, s5, s10
core   0: 3 0x80001b4c (0x01aadfb3) x31 0xffc27c2d
core   0: 0x80001b50 (0xf51fed93) ori     s11, t6, -175
core   0: 3 0x80001b50 (0xf51fed93) x27 0xffffff7d
core   0: 0x80001b54 (0x01451b93) slli    s7, a0, 20
core   0: 3 0x80001b54 (0x01451b93) x23 0xce400000
core   0: 0x80001b58 (0x01a25a33) srl     s4, tp, s10
core   0: 3 0x80001b58 (0x01a25a33) x20 0x27ddbb28
core   0: 0x80001b5c (0xdde23497) auipc   s1, 0xdde23
core   0: 3 0x80001b5c (0xdde23497) x 9 0x5de24b5c
core   0: 0x80001b60 (0x00ec67b3) or      a5, s8, a4
core   0: 3 0x80001b60 (0x00ec67b3) x15 0xfffa7eff
core   0: 0x80001b64 (0x2831c713) xori    a4, gp, 643
core   0: 3 0x80001b64 (0x2831c713) x14 0x273ba283
core   0: 0x80001b68 (0x0157c2b3) xor     t0, a5, s5
core   0: 3 0x80001b68 (0x0157c2b3) x 5 0x003802d2
core   0: 0x80001b6c (0x011ded33) or      s10, s11, a7
core   0: 3 0x80001b6c (0x011ded33) x26 0xffffff7d
core   0: 0x80001b70 (0x01774633) xor     a2, a4, s7
core   0: 3 0x80001b70 (0x01774633) x12 0xe97ba283
core   0: 0x80001b74 (0x403addb3) sra     s11, s5, gp
core   0: 3 0x80001b74 (0x403addb3) x27 0xffc27c2d
core   0: 0x80001b78 (0x0428c093) xori    ra, a7, 66
core   0: 3 0x80001b78 (0x0428c093) x 1 0x00000043
core   0: 0x80001b7c (0x77978c97) auipc   s9, 0x77978
core   0: 3 0x80001b7c (0x77978c97) x25 0xf7979b7c
core   0: 0x80001b80 (0xa15284b7) lui     s1, 0xa1528
core   0: 3 0x80001b80 (0xa15284b7) x 9 0xa1528000
core   0: 0x80001b84 (0x018d5f33) srl     t5, s10, s8
core   0: 3 0x80001b84 (0x018d5f33) x30 0x00000001
core   0: 0x80001b88 (0x016b30b3) sltu    ra, s6, s6
core   0: 3 0x80001b88 (0x016b30b3) x 1 0x00000000
core   0: 0x80001b8c (0x40e6de93) srai    t4, a3, 14
core   0: 3 0x80001b8c (0x40e6de93) x29 0x00000000
core   0: 0x80001b90 (0x01752eb3) slt     t4, a0, s7
core   0: 3 0x80001b90 (0x01752eb3) x29 0x00000001
core   0: 0x80001b94 (0x00f49813) slli    a6, s1, 15
core   0: 3 0x80001b94 (0x00f49813) x16 0x40000000
core   0: 0x80001b98 (0xa69ab193) sltiu   gp, s5, -1431
core   0: 3 0x80001b98 (0xa69ab193) x 3 0x00000001
core   0: 0x80001b9c (0xf8ea0e13) addi    t3, s4, -114
core   0: 3 0x80001b9c (0xf8ea0e13) x28 0x27ddbab6
core   0: 0x80001ba0 (0x406357b3) sra     a5, t1, t1
core   0: 3 0x80001ba0 (0x406357b3) x15 0xfffffffd
core   0: 0x80001ba4 (0x00a17a33) and     s4, sp, a0
core   0: 3 0x80001ba4 (0x00a17a33) x20 0x00000000
core   0: 0x80001ba8 (0xa5e12913) slti    s2, sp, -1442
core   0: 3 0x80001ba8 (0xa5e12913) x18 0x00000000
core   0: 0x80001bac (0xf5056293) ori     t0, a0, -176
core   0: 3 0x80001bac (0xf5056293) x 5 0xfffffff4
core   0: 0x80001bb0 (0x0007f3b3) and     t2, a5, zero
core   0: 3 0x80001bb0 (0x0007f3b3) x 7 0x00000000
core   0: 0x80001bb4 (0xb6e4fe37) lui     t3, 0xb6e4f
core   0: 3 0x80001bb4 (0xb6e4fe37) x28 0xb6e4f000
core   0: 0x80001bb8 (0x01dba6b3) slt     a3, s7, t4
core   0: 3 0x80001bb8 (0x01dba6b3) x13 0x00000001
core   0: 0x80001bbc (0x00c19193) slli    gp, gp, 12
core   0: 3 0x80001bbc (0x00c19193) x 3 0x00001000
core   0: 0x80001bc0 (0xfeab4113) xori    sp, s6, -22
core   0: 3 0x80001bc0 (0xfeab4113) x 2 0xffffffea
core   0: 0x80001bc4 (0x00d9e7b3) or      a5, s3, a3
core   0: 3 0x80001bc4 (0x00d9e7b3) x15 0x00000601
core   0: 0x80001bc8 (0x09280813) addi    a6, a6, 146
core   0: 3 0x80001bc8 (0x09280813) x16 0x40000092
core   0: 0x80001bcc (0x41b68033) sub     zero, a3, s11
core   0: 3 0x80001bcc (0x41b68033)
core   0: 0x80001bd0 (0x018f6f33) or      t5, t5, s8
core   0: 3 0x80001bd0 (0x018f6f33) x30 0xffc27e3f
core   0: 0x80001bd4 (0x1d118913) addi    s2, gp, 465
core   0: 3 0x80001bd4 (0x1d118913) x18 0x000011d1
core   0: 0x80001bd8 (0x016b50b3) srl     ra, s6, s6
core   0: 3 0x80001bd8 (0x016b50b3) x 1 0x00000000
core   0: 0x80001bdc (0xbc6b4e93) xori    t4, s6, -1082
core   0: 3 0x80001bdc (0xbc6b4e93) x29 0xfffffbc6
core   0: 0x80001be0 (0x6c617b13) andi    s6, sp, 1734
core   0: 3 0x80001be0 (0x6c617b13) x22 0x000006c2
core   0: 0x80001be4 (0x01fde2b3) or      t0, s11, t6
core   0: 3 0x80001be4 (0x01fde2b3) x 5 0xffc27c2d
core   0: 0x80001be8 (0xbf63c493) xori    s1, t2, -1034
core   0: 3 0x80001be8 (0xbf63c493) x 9 0xfffffbf6
core   0: 0x80001bec (0x01a35433) srl     s0, t1, s10
core   0: 3 0x80001bec (0x01a35433) x 8 0x00000005
core   0: 0x80001bf0 (0x253fc417) auipc   s0, 0x253fc
core   0: 3 0x80001bf0 (0x253fc417) x 8 0xa53fdbf0
core   0: 0x80001bf4 (0x011d8b33) add     s6, s11, a7
core   0: 3 0x80001bf4 (0x011d8b33) x22 0xffc27c2e
core   0: 0x80001bf8 (0xa7e7f7b7) lui     a5, 0xa7e7f
core   0: 3 0x80001bf8 (0xa7e7f7b7) x15 0xa7e7f000
core   0: 0x80001bfc (0x7dbfafb7) lui     t6, 0x7dbfa
core   0: 3 0x80001bfc (0x7dbfafb7) x31 0x7dbfa000
core   0: 0x80001c00 (0xb508eb93) ori     s7, a7, -1200
core   0: 3 0x80001c00 (0xb508eb93) x23 0xfffffb51
core   0: 0x80001c04 (0x012d3733) sltu    a4, s10, s2
core   0: 3 0x80001c04 (0x012d3733) x14 0x00000000
core   0: 0x80001c08 (0x402f5813) srai    a6, t5, 2
core   0: 3 0x80001c08 (0x402f5813) x16 0xfff09f8f
core   0: 0x80001c0c (0x40ec5113) srai    sp, s8, 14
core   0: 3 0x80001c0c (0x40ec5113) x 2 0xffffff09
core   0: 0x80001c10 (0x3257ca13) xori    s4, a5, 805
core   0: 3 0x80001c10 (0x3257ca13) x20 0xa7e7f325
core   0: 0x80001c14 (0xcceb8737) lui     a4, 0xcceb8
core   0: 3 0x80001c14 (0xcceb8737) x14 0xcceb8000
core   0: 0x80001c18 (0x00547bb3) and     s7, s0, t0
core   0: 3 0x80001c18 (0x00547bb3) x23 0xa5025820
core   0: 0x80001c1c (0x2a721d37) lui     s10, 0x2a721
core   0: 3 0x80001c1c (0x2a721d37) x26 0x2a721000
core   0: 0x80001c20 (0xf38ce493) ori     s1, s9, -200
core   0: 3 0x80001c20 (0xf38ce493) x 9 0xffffff7c
core   0: 0x80001c24 (0x001c9693) slli    a3, s9, 1
core   0: 3 0x80001c24 (0x001c9693) x13 0xef2f36f8
core   0: 0x80001c28 (0x00000013) nop
core   0: 3 0x80001c28 (0x00000013)
core   0: 0x80001c2c (0x411252b3) sra     t0, tp, a7
core   0: 3 0x80001c2c (0x411252b3) x 5 0x13eedd94
core   0: 0x80001c30 (0x7ef0e993) ori     s3, ra, 2031
core   0: 3 0x80001c30 (0x7ef0e993) x19 0x000007ef
core   0: 0x80001c34 (0x000bccb3) xor     s9, s7, zero
core   0: 3 0x80001c34 (0x000bccb3) x25 0xa5025820
core   0: 0x80001c38 (0x014277b3) and     a5, tp, s4
core   0: 3 0x80001c38 (0x014277b3) x15 0x27c5b320
core   0: 0x80001c3c (0xf2ca6913) ori     s2, s4, -212
core   0: 3 0x80001c3c (0xf2ca6913) x18 0xffffff2d
core   0: 0x80001c40 (0x019f2d33) slt     s10, t5, s9
core   0: 3 0x80001c40 (0x019f2d33) x26 0x00000000
core   0: 0x80001c44 (0x01c293b3) sll     t2, t0, t3
core   0: 3 0x80001c44 (0x01c293b3) x 7 0x13eedd94
core   0: 0x80001c48 (0x012f5c93) srli    s9, t5, 18
core   0: 3 0x80001c48 (0x012f5c93) x25 0x00003ff0
core   0: 0x80001c4c (0x01acbd33) sltu    s10, s9, s10
core   0: 3 0x80001c4c (0x01acbd33) x26 0x00000000
core   0: 0x80001c50 (0x45abd637) lui     a2, 0x45abd
core   0: 3 0x80001c50 (0x45abd637) x12 0x45abd000
core   0: 0x80001c54 (0x33a17837) lui     a6, 0x33a17
core   0: 3 0x80001c54 (0x33a17837) x16 0x33a17000
core   0: 0x80001c58 (0x0157d6b3) srl     a3, a5, s5
core   0: 3 0x80001c58 (0x0157d6b3) x13 0x00013e2d
core   0: 0x80001c5c (0x41655c93) srai    s9, a0, 22
core   0: 3 0x80001c5c (0x41655c93) x25 0xfffffe00
core   0: 0x80001c60 (0xe5838717) auipc   a4, 0xe5838
core   0: 3 0x80001c60 (0xe5838717) x14 0x65839c60
core   0: 0x80001c64 (0x000d99b3) sll     s3, s11, zero
core   0: 3 0x80001c64 (0x000d99b3) x19 0xffc27c2d
core   0: 0x80001c68 (0x31340f13) addi    t5, s0, 787
core   0: 3 0x80001c68 (0x31340f13) x30 0xa53fdf03
core   0: 0x80001c6c (0x00c741b3) xor     gp, a4, a2
core   0: 3 0x80001c6c (0x00c741b3) x 3 0x20284c60
core   0: 0x80001c70 (0x00fe03b3) add     t2, t3, a5
core   0: 3 0x80001c70 (0x00fe03b3) x 7 0xdeaaa320
core   0: 0x80001c74 (0x011902b3) add     t0, s2, a7
core   0: 3 0x80001c74 (0x011902b3) x 5 0xffffff2e
core   0: 0x80001c78 (0xad8bf393) andi    t2, s7, -1320
core   0: 3 0x80001c78 (0xad8bf393) x 7 0xa5025800
core   0: 0x80001c7c (0x403ff697) auipc   a3, 0x403ff
core   0: 3 0x80001c7c (0x403ff697) x13 0xc0400c7c
core   0: 0x80001c80 (0x49b66f13) ori     t5, a2, 1179
core   0: 3 0x80001c80 (0x49b66f13) x30 0x45abd49b
core   0: 0x80001c84 (0x01d79f33) sll     t5, a5, t4
core   0: 3 0x80001c84 (0x01d79f33) x30 0xf16cc800
core   0: 0x80001c88 (0x000af7b3) and     a5, s5, zero
core   0: 3 0x80001c88 (0x000af7b3) x15 0x00000000
core   0: 0x80001c8c (0xf203db37) lui     s6, 0xf203d
core   0: 3 0x80001c8c (0xf203db37) x22 0xf203d000
core   0: 0x80001c90 (0x82567e13) andi    t3, a2, -2011
core   0: 3 0x80001c90 (0x82567e13) x28 0x45abd000
core   0: 0x80001c94 (0x00ec5ab3) srl     s5, s8, a4
core   0: 3 0x80001c94 (0x00ec5ab3) x21 0xffc27e3f
core   0: 0x80001c98 (0x00a234b3) sltu    s1, tp, a0
core   0: 3 0x80001c98 (0x00a234b3) x 9 0x00000001
core   0: 0x80001c9c (0x01c2d233) srl     tp, t0, t3
core   0: 3 0x80001c9c (0x01c2d233) x 4 0xffffff2e
core   0: 0x80001ca0 (0x1abd96b7) lui     a3, 0x1abd9
core   0: 3 0x80001ca0 (0x1abd96b7) x13 0x1abd9000
core   0: 0x80001ca4 (0xfd884a13) xori    s4, a6, -40
core   0: 3 0x80001ca4 (0xfd884a13) x20 0xcc5e8fd8
core   0: 0x80001ca8 (0x00375d93) srli    s11, a4, 3
core   0: 3 0x80001ca8 (0x00375d93) x27 0x0cb0738c
core   0: 0x80001cac (0x011aadb3) slt     s11, s5, a7
core   0: 3 0x80001cac (0x011aadb3) x27 0x00000001
core   0: 0x80001cb0 (0x0064ad33) slt     s10, s1, t1
core   0: 3 0x80001cb0 (0x0064ad33) x26 0x00000000
core   0: 0x80001cb4 (0x40985093) srai    ra, a6, 9
core   0: 3 0x80001cb4 (0x40985093) x 1 0x0019d0b8
core   0: 0x80001cb8 (0x008fadb3) slt     s11, t6, s0
core   0: 3 0x80001cb8 (0x008fadb3) x27 0x00000000
core   0: 0x80001cbc (0x01e5b9b3) sltu    s3, a1, t5
core   0: 3 0x80001cbc (0x01e5b9b3) x19 0x00000001
core   0: 0x80001cc0 (0xa8ceca93) xori    s5, t4, -1396
core   0: 3 0x80001cc0 (0xa8ceca93) x21 0x0000014a
core   0: 0x80001cc4 (0x2fe23b93) sltiu   s7, tp, 766
core   0: 3 0x80001cc4 (0x2fe23b93) x23 0x00000000
core   0: 0x80001cc8 (0x15d50193) addi    gp, a0, 349
core   0: 3 0x80001cc8 (0x15d50193) x 3 0x80014e41
core   0: 0x80001ccc (0x01561d13) slli    s10, a2, 21
core   0: 3 0x80001ccc (0x01561d13) x26 0x00000000
core   0: 0x80001cd0 (0x01e9b7b3) sltu    a5, s3, t5
core   0: 3 0x80001cd0 (0x01e9b7b3) x15 0x00000001
core   0: 0x80001cd4 (0x7b16a393) slti    t2, a3, 1969
core   0: 3 0x80001cd4 (0x7b16a393) x 7 0x00000000
core   0: 0x80001cd8 (0xc2f87b93) andi    s7, a6, -977
core   0: 3 0x80001cd8 (0xc2f87b93) x23 0x33a17000
core   0: 0x80001cdc (0x5349eb93) ori     s7, s3, 1332
core   0: 3 0x80001cdc (0x5349eb93) x23 0x00000535
core   0: 0x80001ce0 (0x2cfe4a13) xori    s4, t3, 719
core   0: 3 0x80001ce0 (0x2cfe4a13) x20 0x45abd2cf
core   0: 0x80001ce4 (0x406054b3) sra     s1, zero, t1
core   0: 3 0x80001ce4 (0x406054b3) x 9 0x00000000
core   0: 0x80001ce8 (0x40228a33) sub     s4, t0, sp
core   0: 3 0x80001ce8 (0x40228a33) x20 0x00000025
core   0: 0x80001cec (0x4019d7b3) sra     a5, s3, ra
core   0: 3 0x80001cec (0x4019d7b3) x15 0x00000000
core   0: 0x80001cf0 (0x01099e13) slli    t3, s3, 16
core   0: 3 0x80001cf0 (0x01099e13) x28 0x00010000
core   0: 0x80001cf4 (0x401bd693) srai    a3, s7, 1
core   0: 3 0x80001cf4 (0x401bd693) x13 0x0000029a
core   0: 0x80001cf8 (0x474ab193) sltiu   gp, s5, 1140
core   0: 3 0x80001cf8 (0x474ab193) x 3 0x00000001
core   0: 0x80001cfc (0xb2834213) xori    tp, t1, -1240
core   0: 3 0x80001cfc (0xb2834213) x 4 0x4107b035
core   0: 0x80001d00 (0x4db90993) addi    s3, s2, 1243
core   0: 3 0x80001d00 (0x4db90993) x19 0x00000408
core   0: 0x80001d04 (0x2b475497) auipc   s1, 0x2b475
core   0: 3 0x80001d04 (0x2b475497) x 9 0xab476d04
core   0: 0x80001d08 (0x0068e8b3) or      a7, a7, t1
core   0: 3 0x80001d08 (0x0068e8b3) x17 0xbef84b1d
core   0: 0x80001d0c (0x410d5113) srai    sp, s10, 16
core   0: 3 0x80001d0c (0x410d5113) x 2 0x00000000
core   0: 0x80001d10 (0xe5ad4113) xori    sp, s10, -422
core   0: 3 0x80001d10 (0xe5ad4113) x 2 0xfffffe5a
core   0: 0x80001d14 (0x01f639b3) sltu    s3, a2, t6
core   0: 3 0x80001d14 (0x01f639b3) x19 0x00000001
core   0: 0x80001d18 (0xcd853613) sltiu   a2, a0, -808
core   0: 3 0x80001d18 (0xcd853613) x12 0x00000001
core   0: 0x80001d1c (0x00bb0b33) add     s6, s6, a1
core   0: 3 0x80001d1c (0x00bb0b33) x22 0x7204de64
core   0: 0x80001d20 (0x01b8e2b3) or      t0, a7, s11
core   0: 3 0x80001d20 (0x01b8e2b3) x 5 0xbef84b1d
core   0: 0x80001d24 (0x001ec9b3) xor     s3, t4, ra
core   0: 3 0x80001d24 (0x001ec9b3) x19 0xffe62b7e
core   0: 0x80001d28 (0x017da033) slt     zero, s11, s7
core   0: 3 0x80001d28 (0x017da033)
core   0: 0x80001d2c (0x00dfb833) sltu    a6, t6, a3
core   0: 3 0x80001d2c (0x00dfb833) x16 0x00000000
core   0: 0x80001d30 (0x01787133) and     sp, a6, s7
core   0: 3 0x80001d30 (0x01787133) x 2 0x00000000
core   0: 0x80001d34 (0xa819ff13) andi    t5, s3, -1407
core   0: 3 0x80001d34 (0xa819ff13) x30 0xffe62a00
core   0: 0x80001d38 (0x23b1ad13) slti    s10, gp, 571
core   0: 3 0x80001d38 (0x23b1ad13) x26 0x00000001
core   0: 0x80001d3c (0x40a25713) srai    a4, tp, 10
core   0: 3 0x80001d3c (0x40a25713) x14 0x001041ec
core   0: 0x80001d40 (0x058bee93) ori     t4, s7, 88
core   0: 3 0x80001d40 (0x058bee93) x29 0x0000057d
core   0: 0x80001d44 (0x40fa81b3) sub     gp, s5, a5
core   0: 3 0x80001d44 (0x40fa81b3) x 3 0x0000014a
core   0: 0x80001d48 (0x00000013) nop
core   0: 3 0x80001d48 (0x00000013)
core   0: 0x80001d4c (0x0d847f13) andi    t5, s0, 216
core   0: 3 0x80001d4c (0x0d847f13) x30 0x000000d0
core   0: 0x80001d50 (0x319e0c93) addi    s9, t3, 793
core   0: 3 0x80001d50 (0x319e0c93) x25 0x00010319
core   0: 0x80001d54 (0x0152aab3) slt     s5, t0, s5
core   0: 3 0x80001d54 (0x0152aab3) x21 0x00000001
core   0: 0x80001d58 (0xd2fd0a93) addi    s5, s10, -721
core   0: 3 0x80001d58 (0xd2fd0a93) x21 0xfffffd30
core   0: 0x80001d5c (0x011a0433) add     s0, s4, a7
core   0: 3 0x80001d5c (0x011a0433) x 8 0xbef84b42
core   0: 0x80001d60 (0x001a19b3) sll     s3, s4, ra
core   0: 3 0x80001d60 (0x001a19b3) x19 0x25000000
core   0: 0x80001d64 (0x0d9ce693) ori     a3, s9, 217
core   0: 3 0x80001d64 (0x0d9ce693) x13 0x000103d9
core   0: 0x80001d68 (0x33fa3313) sltiu   t1, s4, 831
core   0: 3 0x80001d68 (0x33fa3313) x 6 0x00000001
core   0: 0x80001d6c (0x014f32b3) sltu    t0, t5, s4
core   0: 3 0x80001d6c (0x014f32b3) x 5 0x00000000
core   0: 0x80001d70 (0x00d006b3) add     a3, zero, a3
core   0: 3 0x80001d70 (0x00d006b3) x13 0x000103d9
core   0: 0x80001d74 (0x00000013) nop
core   0: 3 0x80001d74 (0x00000013)
core   0: 0x80001d78 (0x2d09c6b7) lui     a3, 0x2d09c
core   0: 3 0x80001d78 (0x2d09c6b7) x13 0x2d09c000
core   0: 0x80001d7c (0xabf74b93) xori    s7, a4, -1345
core   0: 3 0x80001d7c (0xabf74b93) x23 0xffefbb53
core   0: 0x80001d80 (0x517fc113) xori    sp, t6, 1303
core   0: 3 0x80001d80 (0x517fc113) x 2 0x7dbfa517
core   0: 0x80001d84 (0x00d6ccb3) xor     s9, a3, a3
core   0: 3 0x80001d84 (0x00d6ccb3) x25 0x00000000
core   0: 0x80001d88 (0x01d55613) srli    a2, a0, 29
core   0: 3 0x80001d88 (0x01d55613) x12 0x00000004
core   0: 0x80001d8c (0x40050bb3) sub     s7, a0, zero
core   0: 3 0x80001d8c (0x40050bb3) x23 0x80014ce4
core   0: 0x80001d90 (0x7ac54213) xori    tp, a0, 1964
core   0: 3 0x80001d90 (0x7ac54213) x 4 0x80014b48
core   0: 0x80001d94 (0x9b104413) xori    s0, zero, -1615
core   0: 3 0x80001d94 (0x9b104413) x 8 0xfffff9b1
core   0: 0x80001d98 (0x41825733) sra     a4, tp, s8
core   0: 3 0x80001d98 (0x41825733) x14 0xffffffff
core   0: 0x80001d9c (0x40dbd113) srai    sp, s7, 13
core   0: 3 0x80001d9c (0x40dbd113) x 2 0xfffc000a
core   0: 0x80001da0 (0xf2e56493) ori     s1, a0, -210
core   0: 3 0x80001da0 (0xf2e56493) x 9 0xffffffee
core   0: 0x80001da4 (0x0128ed33) or      s10, a7, s2
core   0: 3 0x80001da4 (0x0128ed33) x26 0xffffff3d
core   0: 0x80001da8 (0x006d5333) srl     t1, s10, t1
core   0: 3 0x80001da8 (0x006d5333) x 6 0x7fffff9e
core   0: 0x80001dac (0x28742913) slti    s2, s0, 647
core   0: 3 0x80001dac (0x28742913) x18 0x00000001
core   0: 0x80001db0 (0xaeda8913) addi    s2, s5, -1299
core   0: 3 0x80001db0 (0xaeda8913) x18 0xfffff81d
core   0: 0x80001db4 (0x7d05a713) slti    a4, a1, 2000
core   0: 3 0x80001db4 (0x7d05a713) x14 0x00000001
core   0: 0x80001db8 (0x004aba33) sltu    s4, s5, tp
core   0: 3 0x80001db8 (0x004aba33) x20 0x00000000
core   0: 0x80001dbc (0x41568ab3) sub     s5, a3, s5
core   0: 3 0x80001dbc (0x41568ab3) x21 0x2d09c2d0
core   0: 0x80001dc0 (0x00d36b33) or      s6, t1, a3
core   0: 3 0x80001dc0 (0x00d36b33) x22 0x7fffff9e
core   0: 0x80001dc4 (0x00069a93) slli    s5, a3, 0
core   0: 3 0x80001dc4 (0x00069a93) x21 0x2d09c000
core   0: 0x80001dc8 (0x00fee733) or      a4, t4, a5
core   0: 3 0x80001dc8 (0x00fee733) x14 0x0000057d
core   0: 0x80001dcc (0xdd1f7437) lui     s0, 0xdd1f7
core   0: 3 0x80001dcc (0xdd1f7437) x 8 0xdd1f7000
core   0: 0x80001dd0 (0x00e92eb3) slt     t4, s2, a4
core   0: 3 0x80001dd0 (0x00e92eb3) x29 0x00000001
core   0: 0x80001dd4 (0x01105893) srli    a7, zero, 17
core   0: 3 0x80001dd4 (0x01105893) x17 0x00000000
core   0: 0x80001dd8 (0x7b727e13) andi    t3, tp, 1975
core   0: 3 0x80001dd8 (0x7b727e13) x28 0x00000300
core   0: 0x80001ddc (0x01291093) slli    ra, s2, 18
core   0: 3 0x80001ddc (0x01291093) x 1 0xe0740000
core   0: 0x80001de0 (0x01af3bb3) sltu    s7, t5, s10
core   0: 3 0x80001de0 (0x01af3bb3) x23 0x00000001
core   0: 0x80001de4 (0x00956633) or      a2, a0, s1
core   0: 3 0x80001de4 (0x00956633) x12 0xffffffee
core   0: 0x80001de8 (0x01135f33) srl     t5, t1, a7
core   0: 3 0x80001de8 (0x01135f33) x30 0x7fffff9e
core   0: 0x80001dec (0x007a5db3) srl     s11, s4, t2
core   0: 3 0x80001dec (0x007a5db3) x27 0x00000000
core   0: 0x80001df0 (0x0f298bb7) lui     s7, 0xf298
core   0: 3 0x80001df0 (0x0f298bb7) x23 0x0f298000
core   0: 0x80001df4 (0x003f1213) slli    tp, t5, 3
core   0: 3 0x80001df4 (0x003f1213) x 4 0xfffffcf0
core   0: 0x80001df8 (0x01fa1f13) slli    t5, s4, 31
core   0: 3 0x80001df8 (0x01fa1f13) x30 0x00000000
core   0: 0x80001dfc (0x406fda13) srai    s4, t6, 6
core   0: 3 0x80001dfc (0x406fda13) x20 0x01f6fe80
core   0: 0x80001e00 (0x01ad86b3) add     a3, s11, s10
core   0: 3 0x80001e00 (0x01ad86b3) x13 0xffffff3d
core   0: 0x80001e04 (0x9ff0f793) andi    a5, ra, -1537
core   0: 3 0x80001e04 (0x9ff0f793) x15 0xe0740000
core   0: 0x80001e08 (0x25e12093) slti    ra, sp, 606
core   0: 3 0x80001e08 (0x25e12093) x 1 0x00000001
core   0: 0x80001e0c (0x0092db13) srli    s6, t0, 9
core   0: 3 0x80001e0c (0x0092db13) x22 0x00000000
core   0: 0x80001e10 (0x7cba7193) andi    gp, s4, 1995
core   0: 3 0x80001e10 (0x7cba7193) x 3 0x00000680
core   0: 0x80001e14 (0x1a237293) andi    t0, t1, 418
core   0: 3 0x80001e14 (0x1a237293) x 5 0x00000182
core   0: 0x80001e18 (0x403c56b3) sra     a3, s8, gp
core   0: 3 0x80001e18 (0x403c56b3) x13 0xffc27e3f
core   0: 0x80001e1c (0x40195433) sra     s0, s2, ra
core   0: 3 0x80001e1c (0x40195433) x 8 0xfffffc0e
core   0: 0x80001e20 (0x17b44093) xori    ra, s0, 379
core   0: 3 0x80001e20 (0x17b44093) x 1 0xfffffd75
core   0: 0x80001e24 (0xeb1cba13) sltiu   s4, s9, -335
core   0: 3 0x80001e24 (0xeb1cba13) x20 0x00000001
core   0: 0x80001e28 (0x00dc4eb3) xor     t4, s8, a3
core   0: 3 0x80001e28 (0x00dc4eb3) x29 0x00000000
core   0: 0x80001e2c (0x41f2dd13) srai    s10, t0, 31
core   0: 3 0x80001e2c (0x41f2dd13) x26 0x00000000
core   0: 0x80001e30 (0x411fd633) sra     a2, t6, a7
core   0: 3 0x80001e30 (0x411fd633) x12 0x7dbfa000
core   0: 0x80001e34 (0x74928893) addi    a7, t0, 1865
core   0: 3 0x80001e34 (0x74928893) x17 0x000008cb
core   0: 0x80001e38 (0x0033e7b3) or      a5, t2, gp
core   0: 3 0x80001e38 (0x0033e7b3) x15 0x00000680
core   0: 0x80001e3c (0x488fb713) sltiu   a4, t6, 1160
core   0: 3 0x80001e3c (0x488fb713) x14 0x00000000
core   0: 0x80001e40 (0x012e1333) sll     t1, t3, s2
core   0: 3 0x80001e40 (0x012e1333) x 6 0x00000000
core   0: 0x80001e44 (0x01a51e13) slli    t3, a0, 26
core   0: 3 0x80001e44 (0x01a51e13) x28 0x90000000
core   0: 0x80001e48 (0xc55a6b93) ori     s7, s4, -939
core   0: 3 0x80001e48 (0xc55a6b93) x23 0xfffffc55
core   0: 0x80001e4c (0x00f25eb3) srl     t4, tp, a5
core   0: 3 0x80001e4c (0x00f25eb3) x29 0xfffffcf0
core   0: 0x80001e50 (0x00bf6db3) or      s11, t5, a1
core   0: 3 0x80001e50 (0x00bf6db3) x27 0x80010e64
core   0: 0x80001e54 (0x4ef06d93) ori     s11, zero, 1263
core   0: 3 0x80001e54 (0x4ef06d93) x27 0x000004ef
core   0: 0x80001e58 (0x019bdd93) srli    s11, s7, 25
core   0: 3 0x80001e58 (0x019bdd93) x27 0x0000007f
core   0: 0x80001e5c (0x00000013) nop
core   0: 3 0x80001e5c (0x00000013)
core   0: 0x80001e60 (0xf0b43793) sltiu   a5, s0, -245
core   0: 3 0x80001e60 (0xf0b43793) x15 0x00000001
core   0: 0x80001e64 (0x01c7da93) srli    s5, a5, 28
core   0: 3 0x80001e64 (0x01c7da93) x21 0x00000000
core   0: 0x80001e68 (0xbbc63893) sltiu   a7, a2, -1092
core   0: 3 0x80001e68 (0xbbc63893) x17 0x00000001
core   0: 0x80001e6c (0x404bdbb3) sra     s7, s7, tp
core   0: 3 0x80001e6c (0x404bdbb3) x23 0xffffffff
core   0: 0x80001e70 (0x96a54313) xori    t1, a0, -1686
core   0: 3 0x80001e70 (0x96a54313) x 6 0x7ffeb58e
core   0: 0x80001e74 (0x01569eb3) sll     t4, a3, s5
core   0: 3 0x80001e74 (0x01569eb3) x29 0xffc27e3f
core   0: 0x80001e78 (0x41f45313) srai    t1, s0, 31
core   0: 3 0x80001e78 (0x41f45313) x 6 0xffffffff
core   0: 0x80001e7c (0x40ca8db3) sub     s11, s5, a2
core   0: 3 0x80001e7c (0x40ca8db3) x27 0x82406000
core   0: 0x80001e80 (0x69a94793) xori    a5, s2, 1690
core   0: 3 0x80001e80 (0x69a94793) x15 0xfffffe87
core   0: 0x80001e84 (0x9b315a97) auipc   s5, 0x9b315
core   0: 3 0x80001e84 (0x9b315a97) x21 0x1b316e84
core   0: 0x80001e88 (0x407e0133) sub     sp, t3, t2
core   0: 3 0x80001e88 (0x407e0133) x 2 0x90000000
core   0: 0x80001e8c (0x00dd5013) srli    zero, s10, 13
core   0: 3 0x80001e8c (0x00dd5013)
core   0: 0x80001e90 (0x278e7613) andi    a2, t3, 632
core   0: 3 0x80001e90 (0x278e7613) x12 0x00000000
core   0: 0x80001e94 (0x01bde9b3) or      s3, s11, s11
core   0: 3 0x80001e94 (0x01bde9b3) x19 0x82406000
core   0: 0x80001e98 (0xb564c713) xori    a4, s1, -1194
core   0: 3 0x80001e98 (0xb564c713) x14 0x000004b8
core   0: 0x80001e9c (0x01dfc133) xor     sp, t6, t4
core   0: 3 0x80001e9c (0x01dfc133) x 2 0x827dde3f
core   0: 0x80001ea0 (0x0067dd33) srl     s10, a5, t1
core   0: 3 0x80001ea0 (0x0067dd33) x26 0x00000001
core   0: 0x80001ea4 (0x60cc0e13) addi    t3, s8, 1548
core   0: 3 0x80001ea4 (0x60cc0e13) x28 0xffc2844b
core   0: 0x80001ea8 (0x002afcb3) and     s9, s5, sp
core   0: 3 0x80001ea8 (0x002afcb3) x25 0x02314e04
core   0: 0x80001eac (0x00f58b33) add     s6, a1, a5
core   0: 3 0x80001eac (0x00f58b33) x22 0x80010ceb
core   0: 0x80001eb0 (0x4186d4b3) sra     s1, a3, s8
core   0: 3 0x80001eb0 (0x4186d4b3) x 9 0xffffffff
core   0: 0x80001eb4 (0x00881833) sll     a6, a6, s0
core   0: 3 0x80001eb4 (0x00881833) x16 0x00000000
core   0: 0x80001eb8 (0xb5948093) addi    ra, s1, -1191
core   0: 3 0x80001eb8 (0xb5948093) x 1 0xfffffb58
core   0: 0x80001ebc (0x01400d33) add     s10, zero, s4
core   0: 3 0x80001ebc (0x01400d33) x26 0x00000001
core   0: 0x80001ec0 (0x8845fb13) andi    s6, a1, -1916
core   0: 3 0x80001ec0 (0x8845fb13) x22 0x80010804
core   0: 0x80001ec4 (0x9094eb13) ori     s6, s1, -1783
core   0: 3 0x80001ec4 (0x9094eb13) x22 0xffffffff
core   0: 0x80001ec8 (0x01a57433) and     s0, a0, s10
core   0: 3 0x80001ec8 (0x01a57433) x 8 0x00000000
core   0: 0x80001ecc (0x40dc5c93) srai    s9, s8, 13
core   0: 3 0x80001ecc (0x40dc5c93) x25 0xfffffe13
core   0: 0x80001ed0 (0x8f29ae13) slti    t3, s3, -1806
core   0: 3 0x80001ed0 (0x8f29ae13) x28 0x00000001
core   0: 0x80001ed4 (0xa4ddea93) ori     s5, s11, -1459
core   0: 3 0x80001ed4 (0xa4ddea93) x21 0xfffffa4d
core   0: 0x80001ed8 (0x008bc633) xor     a2, s7, s0
core   0: 3 0x80001ed8 (0x008bc633) x12 0xffffffff
core   0: 0x80001edc (0x019b3833) sltu    a6, s6, s9
core   0: 3 0x80001edc (0x019b3833) x16 0x00000000
core   0: 0x80001ee0 (0x01122fb3) slt     t6, tp, a7
core   0: 3 0x80001ee0 (0x01122fb3) x31 0x00000001
core   0: 0x80001ee4 (0x4151da93) srai    s5, gp, 21
core   0: 3 0x80001ee4 (0x4151da93) x21 0x00000000
core   0: 0x80001ee8 (0x01d2af33) slt     t5, t0, t4
core   0: 3 0x80001ee8 (0x01d2af33) x30 0x00000000
core   0: 0x80001eec (0x942ef413) andi    s0, t4, -1726
core   0: 3 0x80001eec (0x942ef413) x 8 0xffc27802
core   0: 0x80001ef0 (0x419887b3) sub     a5, a7, s9
core   0: 3 0x80001ef0 (0x419887b3) x15 0x000001ee
core   0: 0x80001ef4 (0x01c9cd33) xor     s10, s3, t3
core   0: 3 0x80001ef4 (0x01c9cd33) x26 0x82406001
core   0: 0x80001ef8 (0x41cfc413) xori    s0, t6, 1052
core   0: 3 0x80001ef8 (0x41cfc413) x 8 0x0000041d
core   0: 0x80001efc (0x01d0dfb3) srl     t6, ra, t4
core   0: 3 0x80001efc (0x01d0dfb3) x31 0x00000001
core   0: 0x80001f00 (0x23a18493) addi    s1, gp, 570
core   0: 3 0x80001f00 (0x23a18493) x 9 0x000008ba
core   0: 0x80001f04 (0x75169a37) lui     s4, 0x75169
core   0: 3 0x80001f04 (0x75169a37) x20 0x75169000
core   0: 0x80001f08 (0xd6898713) addi    a4, s3, -664
core   0: 3 0x80001f08 (0xd6898713) x14 0x82405d68
core   0: 0x80001f0c (0x32982e97) auipc   t4, 0x32982
core   0: 3 0x80001f0c (0x32982e97) x29 0xb2983f0c
core   0: 0x80001f10 (0x01f45e33) srl     t3, s0, t6
core   0: 3 0x80001f10 (0x01f45e33) x28 0x0000020e
core   0: 0x80001f14 (0x017e24b3) slt     s1, t3, s7
core   0: 3 0x80001f14 (0x017e24b3) x 9 0x00000000
core   0: 0x80001f18 (0x00a09e33) sll     t3, ra, a0
core   0: 3 0x80001f18 (0x00a09e33) x28 0xffffb580
core   0: 0x80001f1c (0x00a9dbb3) srl     s7, s3, a0
core   0: 3 0x80001f1c (0x00a9dbb3) x23 0x08240600
core   0: 0x80001f20 (0x8c557b97) auipc   s7, 0x8c557
core   0: 3 0x80001f20 (0x8c557b97) x23 0x0c558f20
core   0: 0x80001f24 (0x01588e33) add     t3, a7, s5
core   0: 3 0x80001f24 (0x01588e33) x28 0x00000001
core   0: 0x80001f28 (0x896e7b93) andi    s7, t3, -1898
core   0: 3 0x80001f28 (0x896e7b93) x23 0x00000000
core   0: 0x80001f2c (0xe6bd7113) andi    sp, s10, -405
core   0: 3 0x80001f2c (0xe6bd7113) x 2 0x82406001
core   0: 0x80001f30 (0x00578db3) add     s11, a5, t0
core   0: 3 0x80001f30 (0x00578db3) x27 0x00000370
core   0: 0x80001f34 (0x402e5217) auipc   tp, 0x402e5
core   0: 3 0x80001f34 (0x402e5217) x 4 0xc02e6f34
core   0: 0x80001f38 (0x01eb1333) sll     t1, s6, t5
core   0: 3 0x80001f38 (0x01eb1333) x 6 0xffffffff
core   0: 0x80001f3c (0xb963f913) andi    s2, t2, -1130
core   0: 3 0x80001f3c (0xb963f913) x18 0x00000000
core   0: 0x80001f40 (0x404d8133) sub     sp, s11, tp
core   0: 3 0x80001f40 (0x404d8133) x 2 0x3fd1943c
core   0: 0x80001f44 (0x404a5433) sra     s0, s4, tp
core   0: 3 0x80001f44 (0x404a5433) x 8 0x00000751
core   0: 0x80001f48 (0x4193d893) srai    a7, t2, 25
core   0: 3 0x80001f48 (0x4193d893) x17 0x00000000
core   0: 0x80001f4c (0x001a01b3) add     gp, s4, ra
core   0: 3 0x80001f4c (0x001a01b3) x 3 0x75168b58
core   0: 0x80001f50 (0x0112a0b3) slt     ra, t0, a7
core   0: 3 0x80001f50 (0x0112a0b3) x 1 0x00000000
core   0: 0x80001f54 (0x01de7333) and     t1, t3, t4
core   0: 3 0x80001f54 (0x01de7333) x 6 0x00000000
core   0: 0x80001f58 (0x402e5a93) srai    s5, t3, 2
core   0: 3 0x80001f58 (0x402e5a93) x21 0x00000000
core   0: 0x80001f5c (0x29a7df37) lui     t5, 0x29a7d
core   0: 3 0x80001f5c (0x29a7df37) x30 0x29a7d000
core   0: 0x80001f60 (0x00399113) slli    sp, s3, 3
core   0: 3 0x80001f60 (0x00399113) x 2 0x12030000
core   0: 0x80001f64 (0x40745db3) sra     s11, s0, t2
core   0: 3 0x80001f64 (0x40745db3) x27 0x00000751
core   0: 0x80001f68 (0x010f1d93) slli    s11, t5, 16
core   0: 3 0x80001f68 (0x010f1d93) x27 0xd0000000
core   0: 0x80001f6c (0x00499b93) slli    s7, s3, 4
core   0: 3 0x80001f6c (0x00499b93) x23 0x24060000
core   0: 0x80001f70 (0x50844b13) xori    s6, s0, 1288
core   0: 3 0x80001f70 (0x50844b13) x22 0x00000259
core   0: 0x80001f74 (0x00cb4ab3) xor     s5, s6, a2
core   0: 3 0x80001f74 (0x00cb4ab3) x21 0xfffffda6
core   0: 0x80001f78 (0x54091e97) auipc   t4, 0x54091
core   0: 3 0x80001f78 (0x54091e97) x29 0xd4092f78
core   0: 0x80001f7c (0x40565833) sra     a6, a2, t0
core   0: 3 0x80001f7c (0x40565833) x16 0xffffffff
core   0: 0x80001f80 (0xa14cf693) andi    a3, s9, -1516
core   0: 3 0x80001f80 (0xa14cf693) x13 0xfffffa10
core   0: 0x80001f84 (0x00c90133) add     sp, s2, a2
core   0: 3 0x80001f84 (0x00c90133) x 2 0xffffffff
core   0: 0x80001f88 (0x4972eb37) lui     s6, 0x4972e
core   0: 3 0x80001f88 (0x4972eb37) x22 0x4972e000
core   0: 0x80001f8c (0x40dadd33) sra     s10, s5, a3
core   0: 3 0x80001f8c (0x40dadd33) x26 0xffffffff
core   0: 0x80001f90 (0x01684cb3) xor     s9, a6, s6
core   0: 3 0x80001f90 (0x01684cb3) x25 0xb68d1fff
core   0: 0x80001f94 (0x01269133) sll     sp, a3, s2
core   0: 3 0x80001f94 (0x01269133) x 2 0xfffffa10
core   0: 0x80001f98 (0xf81b4293) xori    t0, s6, -127
core   0: 3 0x80001f98 (0xf81b4293) x 5 0xb68d1f81
core   0: 0x80001f9c (0xcc1e8013) addi    zero, t4, -831
core   0: 3 0x80001f9c (0xcc1e8013)
core   0: 0x80001fa0 (0xfd08f713) andi    a4, a7, -48
core   0: 3 0x80001fa0 (0xfd08f713) x14 0x00000000
core   0: 0x80001fa4 (0x019f50b3) srl     ra, t5, s9
core   0: 3 0x80001fa4 (0x019f50b3) x 1 0x00000000
core   0: 0x80001fa8 (0x006d9d93) slli    s11, s11, 6
core   0: 3 0x80001fa8 (0x006d9d93) x27 0x00000000
core   0: 0x80001fac (0x8085fc93) andi    s9, a1, -2040
core   0: 3 0x80001fac (0x8085fc93) x25 0x80010800
core   0: 0x80001fb0 (0x94ab7db7) lui     s11, 0x94ab7
core   0: 3 0x80001fb0 (0x94ab7db7) x27 0x94ab7000
core   0: 0x80001fb4 (0xb48ab297) auipc   t0, 0xb48ab
core   0: 3 0x80001fb4 (0xb48ab297) x 5 0x348acfb4
core   0: 0x80001fb8 (0x00f992b3) sll     t0, s3, a5
core   0: 3 0x80001fb8 (0x00f992b3) x 5 0x18000000
core   0: 0x80001fbc (0x01b107b3) add     a5, sp, s11
core   0: 3 0x80001fbc (0x01b107b3) x15 0x94ab6a10
core   0: 0x80001fc0 (0x414e04b3) sub     s1, t3, s4
core   0: 3 0x80001fc0 (0x414e04b3) x 9 0x8ae97001
core   0: 0x80001fc4 (0x5effb193) sltiu   gp, t6, 1519
core   0: 3 0x80001fc4 (0x5effb193) x 3 0x00000001
core   0: 0x80001fc8 (0x13d6cc93) xori    s9, a3, 317
core   0: 3 0x80001fc8 (0x13d6cc93) x25 0xfffffb2d
core   0: 0x80001fcc (0x016fd013) srli    zero, t6, 22
core   0: 3 0x80001fcc (0x016fd013)
core   0: 0x80001fd0 (0xef0f4993) xori    s3, t5, -272
core   0: 3 0x80001fd0 (0xef0f4993) x19 0xd6582ef0
core   0: 0x80001fd4 (0x0155eb33) or      s6, a1, s5
core   0: 3 0x80001fd4 (0x0155eb33) x22 0xffffffe6
core   0: 0x80001fd8 (0x40ce5333) sra     t1, t3, a2
core   0: 3 0x80001fd8 (0x40ce5333) x 6 0x00000000
core   0: 0x80001fdc (0x415fde33) sra     t3, t6, s5
core   0: 3 0x80001fdc (0x415fde33) x28 0x00000000
core   0: 0x80001fe0 (0x9354dfb7) lui     t6, 0x9354d
core   0: 3 0x80001fe0 (0x9354dfb7) x31 0x9354d000
core   0: 0x80001fe4 (0x00a19213) slli    tp, gp, 10
core   0: 3 0x80001fe4 (0x00a19213) x 4 0x00000400
core   0: 0x80001fe8 (0x00000013) nop
core   0: 3 0x80001fe8 (0x00000013)
core   0: 0x80001fec (0x00e09a93) slli    s5, ra, 14
core   0: 3 0x80001fec (0x00e09a93) x21 0x00000000
core   0: 0x80001ff0 (0x4b42c013) xori    zero, t0, 1204
core   0: 3 0x80001ff0 (0x4b42c013)
core   0: 0x80001ff4 (0x400106b3) sub     a3, sp, zero
core   0: 3 0x80001ff4 (0x400106b3) x13 0xfffffa10
core   0: 0x80001ff8 (0x0fd638b7) lui     a7, 0xfd63
core   0: 3 0x80001ff8 (0x0fd638b7) x17 0x0fd63000
core   0: 0x80001ffc (0xe5eb3113) sltiu   sp, s6, -418
core   0: 3 0x80001ffc (0xe5eb3113) x 2 0x00000000
core   0: 0x80002000 (0x018a62b3) or      t0, s4, s8
core   0: 3 0x80002000 (0x018a62b3) x 5 0xffd6fe3f
core   0: 0x80002004 (0x6ab72817) auipc   a6, 0x6ab72
core   0: 3 0x80002004 (0x6ab72817) x16 0xeab74004
core   0: 0x80002008 (0x00555393) srli    t2, a0, 5
core   0: 3 0x80002008 (0x00555393) x 7 0x04000a67
core   0: 0x8000200c (0x1a5ab013) sltiu   zero, s5, 421
core   0: 3 0x8000200c (0x1a5ab013)
core   0: 0x80002010 (0xa1c14817) auipc   a6, 0xa1c14
core   0: 3 0x80002010 (0xa1c14817) x16 0x21c16010
core   0: 0x80002014 (0x01bf1c93) slli    s9, t5, 27
core   0: 3 0x80002014 (0x01bf1c93) x25 0x00000000
core   0: 0x80002018 (0x2bf0f313) andi    t1, ra, 703
core   0: 3 0x80002018 (0x2bf0f313) x 6 0x00000000
core   0: 0x8000201c (0xf751f413) andi    s0, gp, -139
core   0: 3 0x8000201c (0xf751f413) x 8 0x00000001
core   0: 0x80002020 (0x00805793) srli    a5, zero, 8
core   0: 3 0x80002020 (0x00805793) x15 0x00000000
core   0: 0x80002024 (0x8f70b993) sltiu   s3, ra, -1801
core   0: 3 0x80002024 (0x8f70b993) x19 0x00000001
core   0: 0x80002028 (0xc1298993) addi    s3, s3, -1006
core   0: 3 0x80002028 (0xc1298993) x19 0xfffffc13
core   0: 0x8000202c (0x01020cb3) add     s9, tp, a6
core   0: 3 0x8000202c (0x01020cb3) x25 0x21c16410
core   0: 0x80002030 (0x00000013) nop
core   0: 3 0x80002030 (0x00000013)
core   0: 0x80002034 (0x00d27eb3) and     t4, tp, a3
core   0: 3 0x80002034 (0x00d27eb3) x29 0x00000000
core   0: 0x80002038 (0x00178cb3) add     s9, a5, ra
core   0: 3 0x80002038 (0x00178cb3) x25 0x00000000
core   0: 0x8000203c (0x019e31b3) sltu    gp, t3, s9
core   0: 3 0x8000203c (0x019e31b3) x 3 0x00000000
core   0: 0x80002040 (0x01635413) srli    s0, t1, 22
core   0: 3 0x80002040 (0x01635413) x 8 0x00000000
core   0: 0x80002044 (0x4190de93) srai    t4, ra, 25
core   0: 3 0x80002044 (0x4190de93) x29 0x00000000
core   0: 0x80002048 (0xf4888193) addi    gp, a7, -184
core   0: 3 0x80002048 (0xf4888193) x 3 0x0fd62f48
core   0: 0x8000204c (0x005dce33) xor     t3, s11, t0
core   0: 3 0x8000204c (0x005dce33) x28 0x6b7d8e3f
core   0: 0x80002050 (0x001397b3) sll     a5, t2, ra
core   0: 3 0x80002050 (0x001397b3) x15 0x04000a67
core   0: 0x80002054 (0x0015c0b3) xor     ra, a1, ra
core   0: 3 0x80002054 (0x0015c0b3) x 1 0x80010e64
core   0: 0x80002058 (0x60eb0913) addi    s2, s6, 1550
core   0: 3 0x80002058 (0x60eb0913) x18 0x000005f4
core   0: 0x8000205c (0x410e8ab3) sub     s5, t4, a6
core   0: 3 0x8000205c (0x410e8ab3) x21 0xde3e9ff0
core   0: 0x80002060 (0x001f7cb3) and     s9, t5, ra
core   0: 3 0x80002060 (0x001f7cb3) x25 0x00010000
core   0: 0x80002064 (0x01fdf8b3) and     a7, s11, t6
core   0: 3 0x80002064 (0x01fdf8b3) x17 0x90005000
core   0: 0x80002068 (0x404f0b33) sub     s6, t5, tp
core   0: 3 0x80002068 (0x404f0b33) x22 0x29a7cc00
core   0: 0x8000206c (0x008e0b33) add     s6, t3, s0
core   0: 3 0x8000206c (0x008e0b33) x22 0x6b7d8e3f
core   0: 0x80002070 (0x006bcfb3) xor     t6, s7, t1
core   0: 3 0x80002070 (0x006bcfb3) x31 0x24060000
core   0: 0x80002074 (0x00408f33) add     t5, ra, tp
core   0: 3 0x80002074 (0x00408f33) x30 0x80011264
core   0: 0x80002078 (0x001c9233) sll     tp, s9, ra
core   0: 3 0x80002078 (0x001c9233) x 4 0x00100000
core   0: 0x8000207c (0x00477fb3) and     t6, a4, tp
core   0: 3 0x8000207c (0x00477fb3) x31 0x00000000
core   0: 0x80002080 (0x969eca13) xori    s4, t4, -1687
core   0: 3 0x80002080 (0x969eca13) x20 0xfffff969
core   0: 0x80002084 (0x006cb0b3) sltu    ra, s9, t1
core   0: 3 0x80002084 (0x006cb0b3) x 1 0x00000000
core   0: 0x80002088 (0x0078e633) or      a2, a7, t2
core   0: 3 0x80002088 (0x0078e633) x12 0x94005a67
core   0: 0x8000208c (0x00432d33) slt     s10, t1, tp
core   0: 3 0x8000208c (0x00432d33) x26 0x00000001
core   0: 0x80002090 (0x40d5de93) srai    t4, a1, 13
core   0: 3 0x80002090 (0x40d5de93) x29 0xfffc0008
core   0: 0x80002094 (0x61753293) sltiu   t0, a0, 1559
core   0: 3 0x80002094 (0x61753293) x 5 0x00000000
core   0: 0x80002098 (0x00746333) or      t1, s0, t2
core   0: 3 0x80002098 (0x00746333) x 6 0x04000a67
core   0: 0x8000209c (0xbaa52637) lui     a2, 0xbaa52
core   0: 3 0x8000209c (0xbaa52637) x12 0xbaa52000
core   0: 0x800020a0 (0x1e600913) li      s2, 486
core   0: 3 0x800020a0 (0x1e600913) x18 0x000001e6
core   0: 0x800020a4 (0xdde17093) andi    ra, sp, -546
core   0: 3 0x800020a4 (0xdde17093) x 1 0x00000000
core   0: 0x800020a8 (0xa8252913) slti    s2, a0, -1406
core   0: 3 0x800020a8 (0xa8252913) x18 0x00000001
core   0: 0x800020ac (0x40255c93) srai    s9, a0, 2
core   0: 3 0x800020ac (0x40255c93) x25 0xe0005339
core   0: 0x800020b0 (0x41e85d93) srai    s11, a6, 30
core   0: 3 0x800020b0 (0x41e85d93) x27 0x00000000
core   0: 0x800020b4 (0x00000013) nop
core   0: 3 0x800020b4 (0x00000013)
core   0: 0x800020b8 (0x0043bcb3) sltu    s9, t2, tp
core   0: 3 0x800020b8 (0x0043bcb3) x25 0x00000000
core   0: 0x800020bc (0x330b2b93) slti    s7, s6, 816
core   0: 3 0x800020bc (0x330b2b93) x23 0x00000000
core   0: 0x800020c0 (0x40a35b33) sra     s6, t1, a0
core   0: 3 0x800020c0 (0x40a35b33) x22 0x004000a6
core   0: 0x800020c4 (0xdff62413) slti    s0, a2, -513
core   0: 3 0x800020c4 (0xdff62413) x 8 0x00000001
core   0: 0x800020c8 (0x19ab3b13) sltiu   s6, s6, 410
core   0: 3 0x800020c8 (0x19ab3b13) x22 0x00000000
core   0: 0x800020cc (0x00000013) nop
core   0: 3 0x800020cc (0x00000013)
core   0: 0x800020d0 (0x017c7333) and     t1, s8, s7
core   0: 3 0x800020d0 (0x017c7333) x 6 0x00000000
core   0: 0x800020d4 (0x4c09f213) andi    tp, s3, 1216
core   0: 3 0x800020d4 (0x4c09f213) x 4 0x00000400
core   0: 0x800020d8 (0x2e62dfb7) lui     t6, 0x2e62d
core   0: 3 0x800020d8 (0x2e62dfb7) x31 0x2e62d000
core   0: 0x800020dc (0x40bf8433) sub     s0, t6, a1
core   0: 3 0x800020dc (0x40bf8433) x 8 0xae61c19c
core   0: 0x800020e0 (0x6af77b13) andi    s6, a4, 1711
core   0: 3 0x800020e0 (0x6af77b13) x22 0x00000000
core   0: 0x800020e4 (0x005bbcb3) sltu    s9, s7, t0
core   0: 3 0x800020e4 (0x005bbcb3) x25 0x00000000
core   0: 0x800020e8 (0xfdede893) ori     a7, s11, -34
core   0: 3 0x800020e8 (0xfdede893) x17 0xffffffde
core   0: 0x800020ec (0x4178d933) sra     s2, a7, s7
core   0: 3 0x800020ec (0x4178d933) x18 0xffffffde
core   0: 0x800020f0 (0x6c320313) addi    t1, tp, 1731
core   0: 3 0x800020f0 (0x6c320313) x 6 0x00000ac3
core   0: 0x800020f4 (0xe049ef17) auipc   t5, 0xe049e
core   0: 3 0x800020f4 (0xe049ef17) x30 0x604a00f4
core   0: 0x800020f8 (0x1a406b13) ori     s6, zero, 420
core   0: 3 0x800020f8 (0x1a406b13) x22 0x000001a4
core   0: 0x800020fc (0x00511193) slli    gp, sp, 5
core   0: 3 0x800020fc (0x00511193) x 3 0x00000000
core   0: 0x80002100 (0xb750f313) andi    t1, ra, -1163
core   0: 3 0x80002100 (0xb750f313) x 6 0x00000000
core   0: 0x80002104 (0x011c6cb3) or      s9, s8, a7
core   0: 3 0x80002104 (0x011c6cb3) x25 0xffffffff
core   0: 0x80002108 (0x00718b33) add     s6, gp, t2
core   0: 3 0x80002108 (0x00718b33) x22 0x04000a67
core   0: 0x8000210c (0x8d8fce93) xori    t4, t6, -1832
core   0: 3 0x8000210c (0x8d8fce93) x29 0xd19d28d8
core   0: 0x80002110 (0xd8c1ab93) slti    s7, gp, -628
core   0: 3 0x80002110 (0xd8c1ab93) x23 0x00000000
core   0: 0x80002114 (0x7fdfba93) sltiu   s5, t6, 2045
core   0: 3 0x80002114 (0x7fdfba93) x21 0x00000000
core   0: 0x80002118 (0x00d3cd93) xori    s11, t2, 13
core   0: 3 0x80002118 (0x00d3cd93) x27 0x04000a6a
core   0: 0x8000211c (0xf644c713) xori    a4, s1, -156
core   0: 3 0x8000211c (0xf644c713) x14 0x75168f65
core   0: 0x80002120 (0xa9794f13) xori    t5, s2, -1385
core   0: 3 0x80002120 (0xa9794f13) x30 0x00000549
core   0: 0x80002124 (0xef52fe93) andi    t4, t0, -267
core   0: 3 0x80002124 (0xef52fe93) x29 0x00000000
core   0: 0x80002128 (0x00c5d7b3) srl     a5, a1, a2
core   0: 3 0x80002128 (0x00c5d7b3) x15 0x80010e64
core   0: 0x8000212c (0x00bca6b3) slt     a3, s9, a1
core   0: 3 0x8000212c (0x00bca6b3) x13 0x00000000
core   0: 0x80002130 (0x00378ab3) add     s5, a5, gp
core   0: 3 0x80002130 (0x00378ab3) x21 0x80010e64
core   0: 0x80002134 (0x00f14b33) xor     s6, sp, a5
core   0: 3 0x80002134 (0x00f14b33) x22 0x80010e64
core   0: 0x80002138 (0x013de1b3) or      gp, s11, s3
core   0: 3 0x80002138 (0x013de1b3) x 3 0xfffffe7b
core   0: 0x8000213c (0x01bc9413) slli    s0, s9, 27
core   0: 3 0x8000213c (0x01bc9413) x 8 0xf8000000
core   0: 0x80002140 (0x01e70933) add     s2, a4, t5
core   0: 3 0x80002140 (0x01e70933) x18 0x751694ae
core   0: 0x80002144 (0x94f34893) xori    a7, t1, -1713
core   0: 3 0x80002144 (0x94f34893) x17 0xfffff94f
core   0: 0x80002148 (0x606bf613) andi    a2, s7, 1542
core   0: 3 0x80002148 (0x606bf613) x12 0x00000000
core   0: 0x8000214c (0x88f90813) addi    a6, s2, -1905
core   0: 3 0x8000214c (0x88f90813) x16 0x75168d3d
core   0: 0x80002150 (0x408c8b33) sub     s6, s9, s0
core   0: 3 0x80002150 (0x408c8b33) x22 0x07ffffff
core   0: 0x80002154 (0x4138d4b3) sra     s1, a7, s3
core   0: 3 0x80002154 (0x4138d4b3) x 9 0xffffffff
core   0: 0x80002158 (0x01525133) srl     sp, tp, s5
core   0: 3 0x80002158 (0x01525133) x 2 0x00000040
core   0: 0x8000215c (0x65c0c313) xori    t1, ra, 1628
core   0: 3 0x8000215c (0x65c0c313) x 6 0x0000065c
core   0: 0x80002160 (0x40025613) srai    a2, tp, 0
core   0: 3 0x80002160 (0x40025613) x12 0x00000400
core   0: 0x80002164 (0x00ffacb3) slt     s9, t6, a5
core   0: 3 0x80002164 (0x00ffacb3) x25 0x00000000
core   0: 0x80002168 (0x59a8d9b7) lui     s3, 0x59a8d
core   0: 3 0x80002168 (0x59a8d9b7) x19 0x59a8d000
core   0: 0x8000216c (0x40e78b33) sub     s6, a5, a4
core   0: 3 0x8000216c (0x40e78b33) x22 0x0aea7eff
core   0: 0x80002170 (0x41be50b3) sra     ra, t3, s11
core   0: 3 0x80002170 (0x41be50b3) x 1 0x001adf63
core   0: 0x80002174 (0x00571b33) sll     s6, a4, t0
core   0: 3 0x80002174 (0x00571b33) x22 0x75168f65
core   0: 0x80002178 (0x361a2cb7) lui     s9, 0x361a2
core   0: 3 0x80002178 (0x361a2cb7) x25 0x361a2000
core   0: 0x8000217c (0x12eeae93) slti    t4, t4, 302
core   0: 3 0x8000217c (0x12eeae93) x29 0x00000001
core   0: 0x80002180 (0x01d9bab3) sltu    s5, s3, t4
core   0: 3 0x80002180 (0x01d9bab3) x21 0x00000000
core   0: 0x80002184 (0x0093c133) xor     sp, t2, s1
core   0: 3 0x80002184 (0x0093c133) x 2 0xfbfff598
core   0: 0x80002188 (0x45fd6f93) ori     t6, s10, 1119
core   0: 3 0x80002188 (0x45fd6f93) x31 0x0000045f
core   0: 0x8000218c (0x0008eab3) or      s5, a7, zero
core   0: 3 0x8000218c (0x0008eab3) x21 0xfffff94f
core   0: 0x80002190 (0x008510b3) sll     ra, a0, s0
core   0: 3 0x80002190 (0x008510b3) x 1 0x80014ce4
core   0: 0x80002194 (0xcc582d93) slti    s11, a6, -827
core   0: 3 0x80002194 (0xcc582d93) x27 0x00000000
core   0: 0x80002198 (0x41d758b3) sra     a7, a4, t4
core   0: 3 0x80002198 (0x41d758b3) x17 0x3a8b47b2
core   0: 0x8000219c (0x36230613) addi    a2, t1, 866
core   0: 3 0x8000219c (0x36230613) x12 0x000009be
core   0: 0x800021a0 (0xc455ca93) xori    s5, a1, -955
core   0: 3 0x800021a0 (0xc455ca93) x21 0x7ffef221
core   0: 0x800021a4 (0x01089e93) slli    t4, a7, 16
core   0: 3 0x800021a4 (0x01089e93) x29 0x47b20000
core   0: 0x800021a8 (0x01b13733) sltu    a4, sp, s11
core   0: 3 0x800021a8 (0x01b13733) x14 0x00000000
core   0: 0x800021ac (0x00065a33) srl     s4, a2, zero
core   0: 3 0x800021ac (0x00065a33) x20 0x000009be
core   0: 0x800021b0 (0x01ff5213) srli    tp, t5, 31
core   0: 3 0x800021b0 (0x01ff5213) x 4 0x00000000
core   0: 0x800021b4 (0x8d9dcc93) xori    s9, s11, -1831
core   0: 3 0x800021b4 (0x8d9dcc93) x25 0xfffff8d9
core   0: 0x800021b8 (0x417c8733) sub     a4, s9, s7
core   0: 3 0x800021b8 (0x417c8733) x14 0xfffff8d9
core   0: 0x800021bc (0xe288ab13) slti    s6, a7, -472
core   0: 3 0x800021bc (0xe288ab13) x22 0x00000000
core   0: 0x800021c0 (0x005b6ab3) or      s5, s6, t0
core   0: 3 0x800021c0 (0x005b6ab3) x21 0x00000000
core   0: 0x800021c4 (0x00769d33) sll     s10, a3, t2
core   0: 3 0x800021c4 (0x00769d33) x26 0x00000000
core   0: 0x800021c8 (0x1d672c97) auipc   s9, 0x1d672
core   0: 3 0x800021c8 (0x1d672c97) x25 0x9d6741c8
core   0: 0x800021cc (0x115d6693) ori     a3, s10, 277
core   0: 3 0x800021cc (0x115d6693) x13 0x00000115
core   0: 0x800021d0 (0x0085bdb3) sltu    s11, a1, s0
core   0: 3 0x800021d0 (0x0085bdb3) x27 0x00000001
core   0: 0x800021d4 (0x002e5d13) srli    s10, t3, 2
core   0: 3 0x800021d4 (0x002e5d13) x26 0x1adf638f
core   0: 0x800021d8 (0x00336333) or      t1, t1, gp
core   0: 3 0x800021d8 (0x00336333) x 6 0xfffffe7f
core   0: 0x800021dc (0x006936b3) sltu    a3, s2, t1
core   0: 3 0x800021dc (0x006936b3) x13 0x00000001
core   0: 0x800021e0 (0xaadd0f17) auipc   t5, 0xaadd0
core   0: 3 0x800021e0 (0xaadd0f17) x30 0x2add21e0
core   0: 0x800021e4 (0x0164d493) srli    s1, s1, 22
core   0: 3 0x800021e4 (0x0164d493) x 9 0x000003ff
core   0: 0x800021e8 (0x5cc2f393) andi    t2, t0, 1484
core   0: 3 0x800021e8 (0x5cc2f393) x 7 0x00000000
core   0: 0x800021ec (0x40815eb3) sra     t4, sp, s0
core   0: 3 0x800021ec (0x40815eb3) x29 0xfbfff598
core   0: 0x800021f0 (0x671b3e17) auipc   t3, 0x671b3
core   0: 3 0x800021f0 (0x671b3e17) x28 0xe71b51f0
core   0: 0x800021f4 (0x014adf13) srli    t5, s5, 20
core   0: 3 0x800021f4 (0x014adf13) x30 0x00000000
core   0: 0x800021f8 (0x002f4cb3) xor     s9, t5, sp
core   0: 3 0x800021f8 (0x002f4cb3) x25 0xfbfff598
core   0: 0x800021fc (0x00c25813) srli    a6, tp, 12
core   0: 3 0x800021fc (0x00c25813) x16 0x00000000
core   0: 0x80002200 (0x0166d413) srli    s0, a3, 22
core   0: 3 0x80002200 (0x0166d413) x 8 0x00000000
core   0: 0x80002204 (0x019210b3) sll     ra, tp, s9
core   0: 3 0x80002204 (0x019210b3) x 1 0x00000000
core   0: 0x80002208 (0x00bdeeb3) or      t4, s11, a1
core   0: 3 0x80002208 (0x00bdeeb3) x29 0x80010e65
core   0: 0x8000220c (0x000829b3) slt     s3, a6, zero
core   0: 3 0x8000220c (0x000829b3) x19 0x00000000
core   0: 0x80002210 (0x01e302b3) add     t0, t1, t5
core   0: 3 0x80002210 (0x01e302b3) x 5 0xfffffe7f
core   0: 0x80002214 (0x7c8b5b17) auipc   s6, 0x7c8b5
core   0: 3 0x80002214 (0x7c8b5b17) x22 0xfc8b7214
core   0: 0x80002218 (0x18f82c97) auipc   s9, 0x18f82
core   0: 3 0x80002218 (0x18f82c97) x25 0x98f84218
core   0: 0x8000221c (0x0079eb33) or      s6, s3, t2
core   0: 3 0x8000221c (0x0079eb33) x22 0x00000000
core   0: 0x80002220 (0x3dd28413) addi    s0, t0, 989
core   0: 3 0x80002220 (0x3dd28413) x 8 0x0000025c
core   0: 0x80002224 (0x4f853c93) sltiu   s9, a0, 1272
core   0: 3 0x80002224 (0x4f853c93) x25 0x00000000
core   0: 0x80002228 (0x4096d133) sra     sp, a3, s1
core   0: 3 0x80002228 (0x4096d133) x 2 0x00000000
core   0: 0x8000222c (0x63268e13) addi    t3, a3, 1586
core   0: 3 0x8000222c (0x63268e13) x28 0x00000633
core   0: 0x80002230 (0x01c1aa33) slt     s4, gp, t3
core   0: 3 0x80002230 (0x01c1aa33) x20 0x00000001
core   0: 0x80002234 (0x00c76333) or      t1, a4, a2
core   0: 3 0x80002234 (0x00c76333) x 6 0xfffff9ff
core   0: 0x80002238 (0x016aa8b3) slt     a7, s5, s6
core   0: 3 0x80002238 (0x016aa8b3) x17 0x00000000
core   0: 0x8000223c (0x2ba13e13) sltiu   t3, sp, 698
core   0: 3 0x8000223c (0x2ba13e13) x28 0x00000001
core   0: 0x80002240 (0x241ef893) andi    a7, t4, 577
core   0: 3 0x80002240 (0x241ef893) x17 0x00000241
core   0: 0x80002244 (0x009f5193) srli    gp, t5, 9
core   0: 3 0x80002244 (0x009f5193) x 3 0x00000000
core   0: 0x80002248 (0x00e77733) and     a4, a4, a4
core   0: 3 0x80002248 (0x00e77733) x14 0xfffff8d9
core   0: 0x8000224c (0xbcd7e117) auipc   sp, 0xbcd7e
core   0: 3 0x8000224c (0xbcd7e117) x 2 0x3cd8024c
core   0: 0x80002250 (0x002e70b3) and     ra, t3, sp
core   0: 3 0x80002250 (0x002e70b3) x 1 0x00000000
core   0: 0x80002254 (0x01161b33) sll     s6, a2, a7
core   0: 3 0x80002254 (0x01161b33) x22 0x0000137c
core   0: 0x80002258 (0x01362e33) slt     t3, a2, s3
core   0: 3 0x80002258 (0x01362e33) x28 0x00000000
core   0: 0x8000225c (0x01baea33) or      s4, s5, s11
core   0: 3 0x8000225c (0x01baea33) x20 0x00000001
core   0: 0x80002260 (0x0086c733) xor     a4, a3, s0
core   0: 3 0x80002260 (0x0086c733) x14 0x0000025d
core   0: 0x80002264 (0x01de6eb3) or      t4, t3, t4
core   0: 3 0x80002264 (0x01de6eb3) x29 0x80010e65
core   0: 0x80002268 (0x4a9c39b7) lui     s3, 0x4a9c3
core   0: 3 0x80002268 (0x4a9c39b7) x19 0x4a9c3000
core   0: 0x8000226c (0x521ea993) slti    s3, t4, 1313
core   0: 3 0x8000226c (0x521ea993) x19 0x00000001
core   0: 0x80002270 (0x00f1b133) sltu    sp, gp, a5
core   0: 3 0x80002270 (0x00f1b133) x 2 0x00000001
core   0: 0x80002274 (0xe81ec413) xori    s0, t4, -383
core   0: 3 0x80002274 (0xe81ec413) x 8 0x7ffef0e4
core   0: 0x80002278 (0x90dd2997) auipc   s3, 0x90dd2
core   0: 3 0x80002278 (0x90dd2997) x19 0x10dd4278
core   0: 0x8000227c (0x0117ffb3) and     t6, a5, a7
core   0: 3 0x8000227c (0x0117ffb3) x31 0x00000240
core   0: 0x80002280 (0x4197dd13) srai    s10, a5, 25
core   0: 3 0x80002280 (0x4197dd13) x26 0xffffffc0
core   0: 0x80002284 (0x41805c93) srai    s9, zero, 24
core   0: 3 0x80002284 (0x41805c93) x25 0x00000000
core   0: 0x80002288 (0xa88ccf93) xori    t6, s9, -1400
core   0: 3 0x80002288 (0xa88ccf93) x31 0xfffffa88
core   0: 0x8000228c (0x009dd8b3) srl     a7, s11, s1
core   0: 3 0x8000228c (0x009dd8b3) x17 0x00000000
core   0: 0x80002290 (0xcff4a893) slti    a7, s1, -769
core   0: 3 0x80002290 (0xcff4a893) x17 0x00000000
core   0: 0x80002294 (0xab3c7b13) andi    s6, s8, -1357
core   0: 3 0x80002294 (0xab3c7b13) x22 0xffc27a33
core   0: 0x80002298 (0x00f3a033) slt     zero, t2, a5
core   0: 3 0x80002298 (0x00f3a033)
core   0: 0x8000229c (0x3fd332b7) lui     t0, 0x3fd33
core   0: 3 0x8000229c (0x3fd332b7) x 5 0x3fd33000
core   0: 0x800022a0 (0x41f25793) srai    a5, tp, 31
core   0: 3 0x800022a0 (0x41f25793) x15 0x00000000
core   0: 0x800022a4 (0x49d26fb7) lui     t6, 0x49d26
core   0: 3 0x800022a4 (0x49d26fb7) x31 0x49d26000
core   0: 0x800022a8 (0x3aeeba93) sltiu   s5, t4, 942
core   0: 3 0x800022a8 (0x3aeeba93) x21 0x00000000
core   0: 0x800022ac (0x01ca9413) slli    s0, s5, 28
core   0: 3 0x800022ac (0x01ca9413) x 8 0x00000000
core   0: 0x800022b0 (0x40865933) sra     s2, a2, s0
core   0: 3 0x800022b0 (0x40865933) x18 0x000009be
core   0: 0x800022b4 (0x00b81413) slli    s0, a6, 11
core   0: 3 0x800022b4 (0x00b81413) x 8 0x00000000
core   0: 0x800022b8 (0x01207e33) and     t3, zero, s2
core   0: 3 0x800022b8 (0x01207e33) x28 0x00000000
core   0: 0x800022bc (0x00fe5233) srl     tp, t3, a5
core   0: 3 0x800022bc (0x00fe5233) x 4 0x00000000
core   0: 0x800022c0 (0x01408ab3) add     s5, ra, s4
core   0: 3 0x800022c0 (0x01408ab3) x21 0x00000001
core   0: 0x800022c4 (0x4170d7b3) sra     a5, ra, s7
core   0: 3 0x800022c4 (0x4170d7b3) x15 0x00000000
core   0: 0x800022c8 (0x01d29d33) sll     s10, t0, t4
core   0: 3 0x800022c8 (0x01d29d33) x26 0xfa660000
core   0: 0x800022cc (0x00f29d33) sll     s10, t0, a5
core   0: 3 0x800022cc (0x00f29d33) x26 0x3fd33000
core   0: 0x800022d0 (0x40d959b3) sra     s3, s2, a3
core   0: 3 0x800022d0 (0x40d959b3) x19 0x000004df
core   0: 0x800022d4 (0x00000013) nop
core   0: 3 0x800022d4 (0x00000013)
core   0: 0x800022d8 (0x40195e33) sra     t3, s2, ra
core   0: 3 0x800022d8 (0x40195e33) x28 0x000009be
core   0: 0x800022dc (0x9094ab13) slti    s6, s1, -1783
core   0: 3 0x800022dc (0x9094ab13) x22 0x00000000
core   0: 0x800022e0 (0x00000013) nop
core   0: 3 0x800022e0 (0x00000013)
core   0: 0x800022e4 (0x5a0a7937) lui     s2, 0x5a0a7
core   0: 3 0x800022e4 (0x5a0a7937) x18 0x5a0a7000
core   0: 0x800022e8 (0x01c56233) or      tp, a0, t3
core   0: 3 0x800022e8 (0x01c56233) x 4 0x80014dfe
core   0: 0x800022ec (0x82a76a93) ori     s5, a4, -2006
core   0: 3 0x800022ec (0x82a76a93) x21 0xfffffa7f
core   0: 0x800022f0 (0x009a7db3) and     s11, s4, s1
core   0: 3 0x800022f0 (0x009a7db3) x27 0x00000001
core   0: 0x800022f4 (0x40b4d4b3) sra     s1, s1, a1
core   0: 3 0x800022f4 (0x40b4d4b3) x 9 0x0000003f
core   0: 0x800022f8 (0x1b174f13) xori    t5, a4, 433
core   0: 3 0x800022f8 (0x1b174f13) x30 0x000003ec
core   0: 0x800022fc (0x007d81b3) add     gp, s11, t2
core   0: 3 0x800022fc (0x007d81b3) x 3 0x00000001
core   0: 0x80002300 (0x00c347b3) xor     a5, t1, a2
core   0: 3 0x80002300 (0x00c347b3) x15 0xfffff041
core   0: 0x80002304 (0x01d2bab3) sltu    s5, t0, t4
core   0: 3 0x80002304 (0x01d2bab3) x21 0x00000001
core   0: 0x80002308 (0x01eb2a33) slt     s4, s6, t5
core   0: 3 0x80002308 (0x01eb2a33) x20 0x00000001
core   0: 0x8000230c (0x418f5d33) sra     s10, t5, s8
core   0: 3 0x8000230c (0x418f5d33) x26 0x00000000
core   0: 0x80002310 (0xb4870113) addi    sp, a4, -1208
core   0: 3 0x80002310 (0xb4870113) x 2 0xfffffda5
core   0: 0x80002314 (0x53482413) slti    s0, a6, 1332
core   0: 3 0x80002314 (0x53482413) x 8 0x00000001
core   0: 0x80002318 (0x8b088c93) addi    s9, a7, -1872
core   0: 3 0x80002318 (0x8b088c93) x25 0xfffff8b0
core   0: 0x8000231c (0x00264033) xor     zero, a2, sp
core   0: 3 0x8000231c (0x00264033)
core   0: 0x80002320 (0x0113f3b3) and     t2, t2, a7
core   0: 3 0x80002320 (0x0113f3b3) x 7 0x00000000
core   0: 0x80002324 (0xc6870e13) addi    t3, a4, -920
core   0: 3 0x80002324 (0xc6870e13) x28 0xfffffec5
core   0: 0x80002328 (0xc618bd97) auipc   s11, 0xc618b
core   0: 3 0x80002328 (0xc618bd97) x27 0x4618d328
core   0: 0x8000232c (0xa3882e13) slti    t3, a6, -1480
core   0: 3 0x8000232c (0xa3882e13) x28 0x00000000
core   0: 0x80002330 (0x41cc0b33) sub     s6, s8, t3
core   0: 3 0x80002330 (0x41cc0b33) x22 0xffc27e3f
core   0: 0x80002334 (0x41ec81b3) sub     gp, s9, t5
core   0: 3 0x80002334 (0x41ec81b3) x 3 0xfffff4c4
core   0: 0x80002338 (0xaf62f113) andi    sp, t0, -1290
core   0: 3 0x80002338 (0xaf62f113) x 2 0x3fd33000
core   0: 0x8000233c (0x00b9d433) srl     s0, s3, a1
core   0: 3 0x8000233c (0x00b9d433) x 8 0x0000004d
core   0: 0x80002340 (0xdfa16793) ori     a5, sp, -518
core   0: 3 0x80002340 (0xdfa16793) x15 0xfffffdfa
core   0: 0x80002344 (0x01c9d193) srli    gp, s3, 28
core   0: 3 0x80002344 (0x01c9d193) x 3 0x00000000
core   0: 0x80002348 (0x01704893) xori    a7, zero, 23
core   0: 3 0x80002348 (0x01704893) x17 0x00000017
core   0: 0x8000234c (0x78e02d17) auipc   s10, 0x78e02
core   0: 3 0x8000234c (0x78e02d17) x26 0xf8e0434c
core   0: 0x80002350 (0x01fdce13) xori    t3, s11, 31
core   0: 3 0x80002350 (0x01fdce13) x28 0x4618d337
core   0: 0x80002354 (0xdef12993) slti    s3, sp, -529
core   0: 3 0x80002354 (0xdef12993) x19 0x00000000
core   0: 0x80002358 (0x00000013) nop
core   0: 3 0x80002358 (0x00000013)
core   0: 0x8000235c (0x00a81713) slli    a4, a6, 10
core   0: 3 0x8000235c (0x00a81713) x14 0x00000000
core   0: 0x80002360 (0x402a5493) srai    s1, s4, 2
core   0: 3 0x80002360 (0x402a5493) x 9 0x00000000
core   0: 0x80002364 (0x01ec9f13) slli    t5, s9, 30
core   0: 3 0x80002364 (0x01ec9f13) x30 0x00000000
core   0: 0x80002368 (0x01d23433) sltu    s0, tp, t4
core   0: 3 0x80002368 (0x01d23433) x 8 0x00000000
core   0: 0x8000236c (0x00db3fb3) sltu    t6, s6, a3
core   0: 3 0x8000236c (0x00db3fb3) x31 0x00000000
core   0: 0x80002370 (0x68d36913) ori     s2, t1, 1677
core   0: 3 0x80002370 (0x68d36913) x18 0xffffffff
core   0: 0x80002374 (0x00a6d993) srli    s3, a3, 10
core   0: 3 0x80002374 (0x00a6d993) x19 0x00000000
core   0: 0x80002378 (0xea36f013) andi    zero, a3, -349
core   0: 3 0x80002378 (0xea36f013)
core   0: 0x8000237c (0x1fd92f93) slti    t6, s2, 509
core   0: 3 0x8000237c (0x1fd92f93) x31 0x00000001
core   0: 0x80002380 (0x015f5893) srli    a7, t5, 21
core   0: 3 0x80002380 (0x015f5893) x17 0x00000000
core   0: 0x80002384 (0x36e1ce93) xori    t4, gp, 878
core   0: 3 0x80002384 (0x36e1ce93) x29 0x0000036e
core   0: 0x80002388 (0x00c4ad33) slt     s10, s1, a2
core   0: 3 0x80002388 (0x00c4ad33) x26 0x00000001
core   0: 0x8000238c (0x017188b3) add     a7, gp, s7
core   0: 3 0x8000238c (0x017188b3) x17 0x00000000
core   0: 0x80002390 (0x91df2f13) slti    t5, t5, -1763
core   0: 3 0x80002390 (0x91df2f13) x30 0x00000000
core   0: 0x80002394 (0x00d54eb3) xor     t4, a0, a3
core   0: 3 0x80002394 (0x00d54eb3) x29 0x80014ce5
core   0: 0x80002398 (0x00000013) nop
core   0: 3 0x80002398 (0x00000013)
core   0: 0x8000239c (0xe8bc8e13) addi    t3, s9, -373
core   0: 3 0x8000239c (0xe8bc8e13) x28 0xfffff73b
core   0: 0x800023a0 (0x34f9ed93) ori     s11, s3, 847
core   0: 3 0x800023a0 (0x34f9ed93) x27 0x0000034f
core   0: 0x800023a4 (0x017052b3) srl     t0, zero, s7
core   0: 3 0x800023a4 (0x017052b3) x 5 0x00000000
core   0: 0x800023a8 (0x003afcb3) and     s9, s5, gp
core   0: 3 0x800023a8 (0x003afcb3) x25 0x00000000
core   0: 0x800023ac (0x00000013) nop
core   0: 3 0x800023ac (0x00000013)
core   0: 0x800023b0 (0x018c8ab3) add     s5, s9, s8
core   0: 3 0x800023b0 (0x018c8ab3) x21 0xffc27e3f
core   0: 0x800023b4 (0x858cbdb7) lui     s11, 0x858cb
core   0: 3 0x800023b4 (0x858cbdb7) x27 0x858cb000
core   0: 0x800023b8 (0x01551213) slli    tp, a0, 21
core   0: 3 0x800023b8 (0x01551213) x 4 0x9c800000
core   0: 0x800023bc (0xdbb4f213) andi    tp, s1, -581
core   0: 3 0x800023bc (0xdbb4f213) x 4 0x00000000
core   0: 0x800023c0 (0x00000013) nop
core   0: 3 0x800023c0 (0x00000013)
core   0: 0x800023c4 (0xa6880c93) addi    s9, a6, -1432
core   0: 3 0x800023c4 (0xa6880c93) x25 0xfffffa68
core   0: 0x800023c8 (0x00920eb3) add     t4, tp, s1
core   0: 3 0x800023c8 (0x00920eb3) x29 0x00000000
core   0: 0x800023cc (0x0085f733) and     a4, a1, s0
core   0: 3 0x800023cc (0x0085f733) x14 0x00000000
core   0: 0x800023d0 (0x28d54b13) xori    s6, a0, 653
core   0: 3 0x800023d0 (0x28d54b13) x22 0x80014e69
core   0: 0x800023d4 (0x01f30833) add     a6, t1, t6
core   0: 3 0x800023d4 (0x01f30833) x16 0xfffffa00
core   0: 0x800023d8 (0x01e6d113) srli    sp, a3, 30
core   0: 3 0x800023d8 (0x01e6d113) x 2 0x00000000
core   0: 0x800023dc (0x00ed2733) slt     a4, s10, a4
core   0: 3 0x800023dc (0x00ed2733) x14 0x00000000
core   0: 0x800023e0 (0x01ae2eb3) slt     t4, t3, s10
core   0: 3 0x800023e0 (0x01ae2eb3) x29 0x00000001
core   0: 0x800023e4 (0x3fa8b4b7) lui     s1, 0x3fa8b
core   0: 3 0x800023e4 (0x3fa8b4b7) x 9 0x3fa8b000
core   0: 0x800023e8 (0x00a27fb3) and     t6, tp, a0
core   0: 3 0x800023e8 (0x00a27fb3) x31 0x00000000
core   0: 0x800023ec (0x08f44193) xori    gp, s0, 143
core   0: 3 0x800023ec (0x08f44193) x 3 0x0000008f
core   0: 0x800023f0 (0x01f9c933) xor     s2, s3, t6
core   0: 3 0x800023f0 (0x01f9c933) x18 0x00000000
core   0: 0x800023f4 (0x001818b3) sll     a7, a6, ra
core   0: 3 0x800023f4 (0x001818b3) x17 0xfffffa00
core   0: 0x800023f8 (0xf0593a13) sltiu   s4, s2, -251
core   0: 3 0x800023f8 (0xf0593a13) x20 0x00000001
core   0: 0x800023fc (0x00e31e33) sll     t3, t1, a4
core   0: 3 0x800023fc (0x00e31e33) x28 0xfffff9ff
core   0: 0x80002400 (0x00a6a433) slt     s0, a3, a0
core   0: 3 0x80002400 (0x00a6a433) x 8 0x00000000
core   0: 0x80002404 (0xf2323137) lui     sp, 0xf2323
core   0: 3 0x80002404 (0xf2323137) x 2 0xf2323000
core   0: 0x80002408 (0x00c77db3) and     s11, a4, a2
core   0: 3 0x80002408 (0x00c77db3) x27 0x00000000
core   0: 0x8000240c (0xa1e8ce13) xori    t3, a7, -1506
core   0: 3 0x8000240c (0xa1e8ce13) x28 0x0000001e
core   0: 0x80002410 (0x49fda193) slti    gp, s11, 1183
core   0: 3 0x80002410 (0x49fda193) x 3 0x00000001
core   0: 0x80002414 (0x00d9c8b3) xor     a7, s3, a3
core   0: 3 0x80002414 (0x00d9c8b3) x17 0x00000001
core   0: 0x80002418 (0x5ccd6193) ori     gp, s10, 1484
core   0: 3 0x80002418 (0x5ccd6193) x 3 0x000005cd
core   0: 0x8000241c (0x010ae7b3) or      a5, s5, a6
core   0: 3 0x8000241c (0x010ae7b3) x15 0xfffffe3f
core   0: 0x80002420 (0x00917b33) and     s6, sp, s1
core   0: 3 0x80002420 (0x00917b33) x22 0x32203000
core   0: 0x80002424 (0x973a2613) slti    a2, s4, -1677
core   0: 3 0x80002424 (0x973a2613) x12 0x00000000
core   0: 0x80002428 (0x00cc9093) slli    ra, s9, 12
core   0: 3 0x80002428 (0x00cc9093) x 1 0xffa68000
core   0: 0x8000242c (0x00bb9793) slli    a5, s7, 11
core   0: 3 0x8000242c (0x00bb9793) x15 0x00000000
core   0: 0x80002430 (0x40fadcb3) sra     s9, s5, a5
core   0: 3 0x80002430 (0x40fadcb3) x25 0xffc27e3f
core   0: 0x80002434 (0x0142d313) srli    t1, t0, 20
core   0: 3 0x80002434 (0x0142d313) x 6 0x00000000
core   0: 0x80002438 (0x32ba6cb7) lui     s9, 0x32ba6
core   0: 3 0x80002438 (0x32ba6cb7) x25 0x32ba6000
core   0: 0x8000243c (0xc53ac913) xori    s2, s5, -941
core   0: 3 0x8000243c (0xc53ac913) x18 0x003d826c
core   0: 0x80002440 (0x01b3ae33) slt     t3, t2, s11
core   0: 3 0x80002440 (0x01b3ae33) x28 0x00000000
core   0: 0x80002444 (0xa607ee13) ori     t3, a5, -1440
core   0: 3 0x80002444 (0xa607ee13) x28 0xfffffa60
core   0: 0x80002448 (0xa5e7d937) lui     s2, 0xa5e7d
core   0: 3 0x80002448 (0xa5e7d937) x18 0xa5e7d000
core   0: 0x8000244c (0x0101a0b3) slt     ra, gp, a6
core   0: 3 0x8000244c (0x0101a0b3) x 1 0x00000000
core   0: 0x80002450 (0x01ffd393) srli    t2, t6, 31
core   0: 3 0x80002450 (0x01ffd393) x 7 0x00000000
core   0: 0x80002454 (0x40d58b33) sub     s6, a1, a3
core   0: 3 0x80002454 (0x40d58b33) x22 0x80010e63
core   0: 0x80002458 (0xd7ce6793) ori     a5, t3, -644
core   0: 3 0x80002458 (0xd7ce6793) x15 0xffffff7c
core   0: 0x8000245c (0x00005893) srli    a7, zero, 0
core   0: 3 0x8000245c (0x00005893) x17 0x00000000
core   0: 0x80002460 (0x40b90e33) sub     t3, s2, a1
core   0: 3 0x80002460 (0x40b90e33) x28 0x25e6c19c
core   0: 0x80002464 (0x23e3aa97) auipc   s5, 0x23e3a
core   0: 3 0x80002464 (0x23e3aa97) x21 0xa3e3c464
core   0: 0x80002468 (0x47c1e193) ori     gp, gp, 1148
core   0: 3 0x80002468 (0x47c1e193) x 3 0x000005fd
core   0: 0x8000246c (0x0172d413) srli    s0, t0, 23
core   0: 3 0x8000246c (0x0172d413) x 8 0x00000000
core   0: 0x80002470 (0x00000013) nop
core   0: 3 0x80002470 (0x00000013)
core   0: 0x80002474 (0xbf352193) slti    gp, a0, -1037
core   0: 3 0x80002474 (0xbf352193) x 3 0x00000001
core   0: 0x80002478 (0xc068eb37) lui     s6, 0xc068e
core   0: 3 0x80002478 (0xc068eb37) x22 0xc068e000
core   0: 0x8000247c (0x01a8a8b3) slt     a7, a7, s10
core   0: 3 0x8000247c (0x01a8a8b3) x17 0x00000001
core   0: 0x80002480 (0xd5117193) andi    gp, sp, -687
core   0: 3 0x80002480 (0xd5117193) x 3 0xf2323000
core   0: 0x80002484 (0x00289413) slli    s0, a7, 2
core   0: 3 0x80002484 (0x00289413) x 8 0x00000004
core   0: 0x80002488 (0x88272f13) slti    t5, a4, -1918
core   0: 3 0x80002488 (0x88272f13) x30 0x00000000
core   0: 0x8000248c (0x423f6ab7) lui     s5, 0x423f6
core   0: 3 0x8000248c (0x423f6ab7) x21 0x423f6000
core   0: 0x80002490 (0x01114d33) xor     s10, sp, a7
core   0: 3 0x80002490 (0x01114d33) x26 0xf2323001
core   0: 0x80002494 (0x01895f13) srli    t5, s2, 24
core   0: 3 0x80002494 (0x01895f13) x30 0x000000a5
core   0: 0x80002498 (0xda358913) addi    s2, a1, -605
core   0: 3 0x80002498 (0xda358913) x18 0x80010c07
core   0: 0x8000249c (0x20a5b113) sltiu   sp, a1, 522
core   0: 3 0x8000249c (0x20a5b113) x 2 0x00000000
core   0: 0x800024a0 (0x27fd4a93) xori    s5, s10, 639
core   0: 3 0x800024a0 (0x27fd4a93) x21 0xf232327e
core   0: 0x800024a4 (0x402e5d33) sra     s10, t3, sp
core   0: 3 0x800024a4 (0x402e5d33) x26 0x25e6c19c
core   0: 0x800024a8 (0x7e6e6d13) ori     s10, t3, 2022
core   0: 3 0x800024a8 (0x7e6e6d13) x26 0x25e6c7fe
core   0: 0x800024ac (0x02b2b217) auipc   tp, 0x2b2b
core   0: 3 0x800024ac (0x02b2b217) x 4 0x82b2d4ac
core   0: 0x800024b0 (0x419b5833) sra     a6, s6, s9
core   0: 3 0x800024b0 (0x419b5833) x16 0xc068e000
core   0: 0x800024b4 (0x009c0633) add     a2, s8, s1
core   0: 3 0x800024b4 (0x009c0633) x12 0x3f6b2e3f
core   0: 0x800024b8 (0xa89c3a93) sltiu   s5, s8, -1399
core   0: 3 0x800024b8 (0xa89c3a93) x21 0x00000001
core   0: 0x800024bc (0x40810bb3) sub     s7, sp, s0
core   0: 3 0x800024bc (0x40810bb3) x23 0xfffffffc
core   0: 0x800024c0 (0x40e65b93) srai    s7, a2, 14
core   0: 3 0x800024c0 (0x40e65b93) x23 0x0000fdac
core   0: 0x800024c4 (0x00000013) nop
core   0: 3 0x800024c4 (0x00000013)
core   0: 0x800024c8 (0x008621b3) slt     gp, a2, s0
core   0: 3 0x800024c8 (0x008621b3) x 3 0x00000000
core   0: 0x800024cc (0xe813a193) slti    gp, t2, -383
core   0: 3 0x800024cc (0xe813a193) x 3 0x00000000
core   0: 0x800024d0 (0x8b0ae293) ori     t0, s5, -1872
core   0: 3 0x800024d0 (0x8b0ae293) x 5 0xfffff8b1
core   0: 0x800024d4 (0x44d8a793) slti    a5, a7, 1101
core   0: 3 0x800024d4 (0x44d8a793) x15 0x00000001
core   0: 0x800024d8 (0xd43f0a97) auipc   s5, 0xd43f0
core   0: 3 0x800024d8 (0xd43f0a97) x21 0x543f24d8
core   0: 0x800024dc (0x15d8a493) slti    s1, a7, 349
core   0: 3 0x800024dc (0x15d8a493) x 9 0x00000001
core   0: 0x800024e0 (0x41b7dfb3) sra     t6, a5, s11
core   0: 3 0x800024e0 (0x41b7dfb3) x31 0x00000001
core   0: 0x800024e4 (0x40da8633) sub     a2, s5, a3
core   0: 3 0x800024e4 (0x40da8633) x12 0x543f24d7
core   0: 0x800024e8 (0x40318cb3) sub     s9, gp, gp
core   0: 3 0x800024e8 (0x40318cb3) x25 0x00000000
core   0: 0x800024ec (0x406f5733) sra     a4, t5, t1
core   0: 3 0x800024ec (0x406f5733) x14 0x000000a5
core   0: 0x800024f0 (0x2b9b3b93) sltiu   s7, s6, 697
core   0: 3 0x800024f0 (0x2b9b3b93) x23 0x00000000
core   0: 0x800024f4 (0x01adf2b3) and     t0, s11, s10
core   0: 3 0x800024f4 (0x01adf2b3) x 5 0x00000000
core   0: 0x800024f8 (0x010d9893) slli    a7, s11, 16
core   0: 3 0x800024f8 (0x010d9893) x17 0x00000000
core   0: 0x800024fc (0x007c9993) slli    s3, s9, 7
core   0: 3 0x800024fc (0x007c9993) x19 0x00000000
core   0: 0x80002500 (0x00751a93) slli    s5, a0, 7
core   0: 3 0x80002500 (0x00751a93) x21 0x00a67200
core   0: 0x80002504 (0x01f6d693) srli    a3, a3, 31
core   0: 3 0x80002504 (0x01f6d693) x13 0x00000000
core   0: 0x80002508 (0x01556e33) or      t3, a0, s5
core   0: 3 0x80002508 (0x01556e33) x28 0x80a77ee4
core   0: 0x8000250c (0x016e4f33) xor     t5, t3, s6
core   0: 3 0x8000250c (0x016e4f33) x30 0x40cf9ee4
core   0: 0x80002510 (0xe5d67813) andi    a6, a2, -419
core   0: 3 0x80002510 (0xe5d67813) x16 0x543f2455
core   0: 0x80002514 (0xdfc4ab13) slti    s6, s1, -516
core   0: 3 0x80002514 (0xdfc4ab13) x22 0x00000000
core   0: 0x80002518 (0x00b6ab33) slt     s6, a3, a1
core   0: 3 0x80002518 (0x00b6ab33) x22 0x00000000
core   0: 0x8000251c (0x61bba093) slti    ra, s7, 1563
core   0: 3 0x8000251c (0x61bba093) x 1 0x00000001
core   0: 0x80002520 (0x00e35833) srl     a6, t1, a4
core   0: 3 0x80002520 (0x00e35833) x16 0x00000000
core   0: 0x80002524 (0x00000013) nop
core   0: 3 0x80002524 (0x00000013)
core   0: 0x80002528 (0x012ec8b3) xor     a7, t4, s2
core   0: 3 0x80002528 (0x012ec8b3) x17 0x80010c06
core   0: 0x8000252c (0x00000013) nop
core   0: 3 0x8000252c (0x00000013)
core   0: 0x80002530 (0x0139deb3) srl     t4, s3, s3
core   0: 3 0x80002530 (0x0139deb3) x29 0x00000000
core   0: 0x80002534 (0x40758fb3) sub     t6, a1, t2
core   0: 3 0x80002534 (0x40758fb3) x31 0x80010e64
core   0: 0x80002538 (0x00db3fb3) sltu    t6, s6, a3
core   0: 3 0x80002538 (0x00db3fb3) x31 0x00000000
core   0: 0x8000253c (0x01da5ab3) srl     s5, s4, t4
core   0: 3 0x8000253c (0x01da5ab3) x21 0x00000001
core   0: 0x80002540 (0x016ab433) sltu    s0, s5, s6
core   0: 3 0x80002540 (0x016ab433) x 8 0x00000000
core   0: 0x80002544 (0x40538db3) sub     s11, t2, t0
core   0: 3 0x80002544 (0x40538db3) x27 0x00000000
core   0: 0x80002548 (0x41dc5433) sra     s0, s8, t4
core   0: 3 0x80002548 (0x41dc5433) x 8 0xffc27e3f
core   0: 0x8000254c (0x40e3d2b3) sra     t0, t2, a4
core   0: 3 0x8000254c (0x40e3d2b3) x 5 0x00000000
core   0: 0x80002550 (0x009908b3) add     a7, s2, s1
core   0: 3 0x80002550 (0x009908b3) x17 0x80010c08
core   0: 0x80002554 (0x0143d313) srli    t1, t2, 20
core   0: 3 0x80002554 (0x0143d313) x 6 0x00000000
core   0: 0x80002558 (0x00e476b3) and     a3, s0, a4
core   0: 3 0x80002558 (0x00e476b3) x13 0x00000025
core   0: 0x8000255c (0xa9ae0893) addi    a7, t3, -1382
core   0: 3 0x8000255c (0xa9ae0893) x17 0x80a7797e
core   0: 0x80002560 (0x5d3f2f93) slti    t6, t5, 1491
core   0: 3 0x80002560 (0x5d3f2f93) x31 0x00000000
core   0: 0x80002564 (0x00d2bfb3) sltu    t6, t0, a3
core   0: 3 0x80002564 (0x00d2bfb3) x31 0x00000001
core   0: 0x80002568 (0x00f65db3) srl     s11, a2, a5
core   0: 3 0x80002568 (0x00f65db3) x27 0x2a1f926b
core   0: 0x8000256c (0x0134d613) srli    a2, s1, 19
core   0: 3 0x8000256c (0x0134d613) x12 0x00000000
core   0: 0x80002570 (0x3c40ac93) slti    s9, ra, 964
core   0: 3 0x80002570 (0x3c40ac93) x25 0x00000001
core   0: 0x80002574 (0x00acf833) and     a6, s9, a0
core   0: 3 0x80002574 (0x00acf833) x16 0x00000000
core   0: 0x80002578 (0x01ca5913) srli    s2, s4, 28
core   0: 3 0x80002578 (0x01ca5913) x18 0x00000000
core   0: 0x8000257c (0x01c1ceb3) xor     t4, gp, t3
core   0: 3 0x8000257c (0x01c1ceb3) x29 0x80a77ee4
core   0: 0x80002580 (0x00060233) add     tp, a2, zero
core   0: 3 0x80002580 (0x00060233) x 4 0x00000000
core   0: 0x80002584 (0x402fd1b3) sra     gp, t6, sp
core   0: 3 0x80002584 (0x402fd1b3) x 3 0x00000001
core   0: 0x80002588 (0x00ce5db3) srl     s11, t3, a2
core   0: 3 0x80002588 (0x00ce5db3) x27 0x80a77ee4
core   0: 0x8000258c (0x00000013) nop
core   0: 3 0x8000258c (0x00000013)
core   0: 0x80002590 (0x55def493) andi    s1, t4, 1373
core   0: 3 0x80002590 (0x55def493) x 9 0x00000444
core   0: 0x80002594 (0x00ce4733) xor     a4, t3, a2
core   0: 3 0x80002594 (0x00ce4733) x14 0x80a77ee4
core   0: 0x80002598 (0x012c6033) or      zero, s8, s2
core   0: 3 0x80002598 (0x012c6033)
core   0: 0x8000259c (0x278eeb93) ori     s7, t4, 632
core   0: 3 0x8000259c (0x278eeb93) x23 0x80a77efc
core   0: 0x800025a0 (0x00c25d93) srli    s11, tp, 12
core   0: 3 0x800025a0 (0x00c25d93) x27 0x00000000
core   0: 0x800025a4 (0xd8567613) andi    a2, a2, -635
core   0: 3 0x800025a4 (0xd8567613) x12 0x00000000
core   0: 0x800025a8 (0x00f59733) sll     a4, a1, a5
core   0: 3 0x800025a8 (0x00f59733) x14 0x00021cc8
core   0: 0x800025ac (0x001977b3) and     a5, s2, ra
core   0: 3 0x800025ac (0x001977b3) x15 0x00000000
core   0: 0x800025b0 (0x018c9493) slli    s1, s9, 24
core   0: 3 0x800025b0 (0x018c9493) x 9 0x01000000
core   0: 0x800025b4 (0x60bf7c97) auipc   s9, 0x60bf7
core   0: 3 0x800025b4 (0x60bf7c97) x25 0xe0bf95b4
core   0: 0x800025b8 (0xb13e3093) sltiu   ra, t3, -1261
core   0: 3 0x800025b8 (0xb13e3093) x 1 0x00000001
core   0: 0x800025bc (0x5d612f93) slti    t6, sp, 1494
core   0: 3 0x800025bc (0x5d612f93) x31 0x00000001
core   0: 0x800025c0 (0x01262433) slt     s0, a2, s2
core   0: 3 0x800025c0 (0x01262433) x 8 0x00000000
core   0: 0x800025c4 (0x1520b1b7) lui     gp, 0x1520b
core   0: 3 0x800025c4 (0x1520b1b7) x 3 0x1520b000
core   0: 0x800025c8 (0x5b498837) lui     a6, 0x5b498
core   0: 3 0x800025c8 (0x5b498837) x16 0x5b498000
core   0: 0x800025cc (0x01da09b3) add     s3, s4, t4
core   0: 3 0x800025cc (0x01da09b3) x19 0x80a77ee5
core   0: 0x800025d0 (0x00c3ecb3) or      s9, t2, a2
core   0: 3 0x800025d0 (0x00c3ecb3) x25 0x00000000
core   0: 0x800025d4 (0x41cd0233) sub     tp, s10, t3
core   0: 3 0x800025d4 (0x41cd0233) x 4 0xa53f491a
core   0: 0x800025d8 (0x008fa9b3) slt     s3, t6, s0
core   0: 3 0x800025d8 (0x008fa9b3) x19 0x00000000
core   0: 0x800025dc (0xede92113) slti    sp, s2, -290
core   0: 3 0x800025dc (0xede92113) x 2 0x00000000
core   0: 0x800025e0 (0x000c7333) and     t1, s8, zero
core   0: 3 0x800025e0 (0x000c7333) x 6 0x00000000
core   0: 0x800025e4 (0x00745093) srli    ra, s0, 7
core   0: 3 0x800025e4 (0x00745093) x 1 0x00000000
core   0: 0x800025e8 (0x00db1a33) sll     s4, s6, a3
core   0: 3 0x800025e8 (0x00db1a33) x20 0x00000000
core   0: 0x800025ec (0x00000013) nop
core   0: 3 0x800025ec (0x00000013)
core   0: 0x800025f0 (0x01087333) and     t1, a6, a6
core   0: 3 0x800025f0 (0x01087333) x 6 0x5b498000
core   0: 0x800025f4 (0x0150aa33) slt     s4, ra, s5
core   0: 3 0x800025f4 (0x0150aa33) x20 0x00000001
core   0: 0x800025f8 (0x12e1c1b7) lui     gp, 0x12e1c
core   0: 3 0x800025f8 (0x12e1c1b7) x 3 0x12e1c000
core   0: 0x800025fc (0x3894ec93) ori     s9, s1, 905
core   0: 3 0x800025fc (0x3894ec93) x25 0x01000389
core   0: 0x80002600 (0x8b282d13) slti    s10, a6, -1870
core   0: 3 0x80002600 (0x8b282d13) x26 0x00000000
core   0: 0x80002604 (0xd6a1b713) sltiu   a4, gp, -662
core   0: 3 0x80002604 (0xd6a1b713) x14 0x00000001
core   0: 0x80002608 (0x40425093) srai    ra, tp, 4
core   0: 3 0x80002608 (0x40425093) x 1 0xfa53f491
core   0: 0x8000260c (0x40a4d793) srai    a5, s1, 10
core   0: 3 0x8000260c (0x40a4d793) x15 0x00004000
core   0: 0x80002610 (0x414f0a33) sub     s4, t5, s4
core   0: 3 0x80002610 (0x414f0a33) x20 0x40cf9ee3
core   0: 0x80002614 (0x40a0da93) srai    s5, ra, 10
core   0: 3 0x80002614 (0x40a0da93) x21 0xfffe94fd
core   0: 0x80002618 (0x0100f8b3) and     a7, ra, a6
core   0: 3 0x80002618 (0x0100f8b3) x17 0x5a418000
core   0: 0x8000261c (0xd3093f13) sltiu   t5, s2, -720
core   0: 3 0x8000261c (0xd3093f13) x30 0x00000001
core   0: 0x80002620 (0x00000013) nop
core   0: 3 0x80002620 (0x00000013)
core   0: 0x80002624 (0x6380e693) ori     a3, ra, 1592
core   0: 3 0x80002624 (0x6380e693) x13 0xfa53f6b9
core   0: 0x80002628 (0x007f8eb3) add     t4, t6, t2
core   0: 3 0x80002628 (0x007f8eb3) x29 0x00000001
core   0: 0x8000262c (0x00000013) nop
core   0: 3 0x8000262c (0x00000013)
core   0: 0x80002630 (0x01181b93) slli    s7, a6, 17
core   0: 3 0x80002630 (0x01181b93) x23 0x00000000
core   0: 0x80002634 (0x40eb8133) sub     sp, s7, a4
core   0: 3 0x80002634 (0x40eb8133) x 2 0xffffffff
core   0: 0x80002638 (0x3ce96313) ori     t1, s2, 974
core   0: 3 0x80002638 (0x3ce96313) x 6 0x000003ce
core   0: 0x8000263c (0x0196d193) srli    gp, a3, 25
core   0: 3 0x8000263c (0x0196d193) x 3 0x0000007d
core   0: 0x80002640 (0x64473c93) sltiu   s9, a4, 1604
core   0: 3 0x80002640 (0x64473c93) x25 0x00000001
core   0: 0x80002644 (0x80d513b7) lui     t2, 0x80d51
core   0: 3 0x80002644 (0x80d513b7) x 7 0x80d51000
core   0: 0x80002648 (0xf2017017) auipc   zero, 0xf2017
core   0: 3 0x80002648 (0xf2017017)
core   0: 0x8000264c (0x0ad82fb7) lui     t6, 0xad82
core   0: 3 0x8000264c (0x0ad82fb7) x31 0x0ad82000
core   0: 0x80002650 (0x015202b3) add     t0, tp, s5
core   0: 3 0x80002650 (0x015202b3) x 5 0xa53dde17
core   0: 0x80002654 (0x0149de33) srl     t3, s3, s4
core   0: 3 0x80002654 (0x0149de33) x28 0x00000000
core   0: 0x80002658 (0x011fd933) srl     s2, t6, a7
core   0: 3 0x80002658 (0x011fd933) x18 0x0ad82000
core   0: 0x8000265c (0x012e9eb3) sll     t4, t4, s2
core   0: 3 0x8000265c (0x012e9eb3) x29 0x00000001
core   0: 0x80002660 (0xde8ea213) slti    tp, t4, -536
core   0: 3 0x80002660 (0xde8ea213) x 4 0x00000000
core   0: 0x80002664 (0x00dc1693) slli    a3, s8, 13
core   0: 3 0x80002664 (0x00dc1693) x13 0x4fc7e000
core   0: 0x80002668 (0x00000013) nop
core   0: 3 0x80002668 (0x00000013)
core   0: 0x8000266c (0x0125c8b3) xor     a7, a1, s2
core   0: 3 0x8000266c (0x0125c8b3) x17 0x8ad92e64
core   0: 0x80002670 (0x41d80f33) sub     t5, a6, t4
core   0: 3 0x80002670 (0x41d80f33) x30 0x5b497fff
core   0: 0x80002674 (0xf5d54213) xori    tp, a0, -163
core   0: 3 0x80002674 (0xf5d54213) x 4 0x7ffeb3b9
core   0: 0x80002678 (0xf02c4113) xori    sp, s8, -254
core   0: 3 0x80002678 (0xf02c4113) x 2 0x003d813d
core   0: 0x8000267c (0x15f67093) andi    ra, a2, 351
core   0: 3 0x8000267c (0x15f67093) x 1 0x00000000
core   0: 0x80002680 (0x00484233) xor     tp, a6, tp
core   0: 3 0x80002680 (0x00484233) x 4 0x24b733b9
core   0: 0x80002684 (0x01067db3) and     s11, a2, a6
core   0: 3 0x80002684 (0x01067db3) x27 0x00000000
core   0: 0x80002688 (0xf85a6e93) ori     t4, s4, -123
core   0: 3 0x80002688 (0xf85a6e93) x29 0xffffffe7
core   0: 0x8000268c (0x00000013) nop
core   0: 3 0x8000268c (0x00000013)
core   0: 0x80002690 (0x907c7f13) andi    t5, s8, -1785
core   0: 3 0x80002690 (0x907c7f13) x30 0xffc27807
core   0: 0x80002694 (0x0167dd33) srl     s10, a5, s6
core   0: 3 0x80002694 (0x0167dd33) x26 0x00004000
core   0: 0x80002698 (0x40a081b3) sub     gp, ra, a0
core   0: 3 0x80002698 (0x40a081b3) x 3 0x7ffeb31c
core   0: 0x8000269c (0x40b35b33) sra     s6, t1, a1
core   0: 3 0x8000269c (0x40b35b33) x22 0x0000003c
core   0: 0x800026a0 (0x00cc9d13) slli    s10, s9, 12
core   0: 3 0x800026a0 (0x00cc9d13) x26 0x00001000
core   0: 0x800026a4 (0xa0f50093) addi    ra, a0, -1521
core   0: 3 0x800026a4 (0xa0f50093) x 1 0x800146f3
core   0: 0x800026a8 (0x01db6cb3) or      s9, s6, t4
core   0: 3 0x800026a8 (0x01db6cb3) x25 0xffffffff
core   0: 0x800026ac (0x00eddf13) srli    t5, s11, 14
core   0: 3 0x800026ac (0x00eddf13) x30 0x00000000
core   0: 0x800026b0 (0x00ae68b3) or      a7, t3, a0
core   0: 3 0x800026b0 (0x00ae68b3) x17 0x80014ce4
core   0: 0x800026b4 (0x127c4793) xori    a5, s8, 295
core   0: 3 0x800026b4 (0x127c4793) x15 0xffc27f18
core   0: 0x800026b8 (0x2227a1b7) lui     gp, 0x2227a
core   0: 3 0x800026b8 (0x2227a1b7) x 3 0x2227a000
core   0: 0x800026bc (0xc5eff813) andi    a6, t6, -930
core   0: 3 0x800026bc (0xc5eff813) x16 0x0ad82000
core   0: 0x800026c0 (0xe5dd8393) addi    t2, s11, -419
core   0: 3 0x800026c0 (0xe5dd8393) x 7 0xfffffe5d
core   0: 0x800026c4 (0x41bed033) sra     zero, t4, s11
core   0: 3 0x800026c4 (0x41bed033)
core   0: 0x800026c8 (0x0088fd33) and     s10, a7, s0
core   0: 3 0x800026c8 (0x0088fd33) x26 0x00000000
core   0: 0x800026cc (0x01f88f33) add     t5, a7, t6
core   0: 3 0x800026cc (0x01f88f33) x30 0x8ad96ce4
core   0: 0x800026d0 (0x00ce57b3) srl     a5, t3, a2
core   0: 3 0x800026d0 (0x00ce57b3) x15 0x00000000
core   0: 0x800026d4 (0x006d1893) slli    a7, s10, 6
core   0: 3 0x800026d4 (0x006d1893) x17 0x00000000
core   0: 0x800026d8 (0x01a30333) add     t1, t1, s10
core   0: 3 0x800026d8 (0x01a30333) x 6 0x000003ce
core   0: 0x800026dc (0x40595613) srai    a2, s2, 5
core   0: 3 0x800026dc (0x40595613) x12 0x0056c100
core   0: 0x800026e0 (0xe4857393) andi    t2, a0, -440
core   0: 3 0x800026e0 (0xe4857393) x 7 0x80014c40
core   0: 0x800026e4 (0x00ed37b3) sltu    a5, s10, a4
core   0: 3 0x800026e4 (0x00ed37b3) x15 0x00000001
core   0: 0x800026e8 (0x010d5f13) srli    t5, s10, 16
core   0: 3 0x800026e8 (0x010d5f13) x30 0x00000000
core   0: 0x800026ec (0x24aeb713) sltiu   a4, t4, 586
core   0: 3 0x800026ec (0x24aeb713) x14 0x00000000
core   0: 0x800026f0 (0x000f7b33) and     s6, t5, zero
core   0: 3 0x800026f0 (0x000f7b33) x22 0x00000000
core   0: 0x800026f4 (0x006f18b3) sll     a7, t5, t1
core   0: 3 0x800026f4 (0x006f18b3) x17 0x00000000
core   0: 0x800026f8 (0x40ffc493) xori    s1, t6, 1039
core   0: 3 0x800026f8 (0x40ffc493) x 9 0x0ad8240f
core   0: 0x800026fc (0x001edbb3) srl     s7, t4, ra
core   0: 3 0x800026fc (0x001edbb3) x23 0x00001fff
core   0: 0x80002700 (0x40c3d913) srai    s2, t2, 12
core   0: 3 0x80002700 (0x40c3d913) x18 0xfff80014
core   0: 0x80002704 (0x004a5933) srl     s2, s4, tp
core   0: 3 0x80002704 (0x004a5933) x18 0x00000020
core   0: 0x80002708 (0xad3cbe13) sltiu   t3, s9, -1325
core   0: 3 0x80002708 (0xad3cbe13) x28 0x00000000
core   0: 0x8000270c (0x018d5eb3) srl     t4, s10, s8
core   0: 3 0x8000270c (0x018d5eb3) x29 0x00000000
core   0: 0x80002710 (0x73fb6393) ori     t2, s6, 1855
core   0: 3 0x80002710 (0x73fb6393) x 7 0x0000073f
core   0: 0x80002714 (0x01092b33) slt     s6, s2, a6
core   0: 3 0x80002714 (0x01092b33) x22 0x00000001
core   0: 0x80002718 (0x94954293) xori    t0, a0, -1719
core   0: 3 0x80002718 (0x94954293) x 5 0x7ffeb5ad
core   0: 0x8000271c (0x62313d37) lui     s10, 0x62313
core   0: 3 0x8000271c (0x62313d37) x26 0x62313000
core   0: 0x80002720 (0x017fd613) srli    a2, t6, 23
core   0: 3 0x80002720 (0x017fd613) x12 0x00000015
core   0: 0x80002724 (0x00942fb3) slt     t6, s0, s1
core   0: 3 0x80002724 (0x00942fb3) x31 0x00000001
core   0: 0x80002728 (0x01079d13) slli    s10, a5, 16
core   0: 3 0x80002728 (0x01079d13) x26 0x00010000
core   0: 0x8000272c (0x013ada93) srli    s5, s5, 19
core   0: 3 0x8000272c (0x013ada93) x21 0x00001fff
core   0: 0x80002730 (0x013414b3) sll     s1, s0, s3
core   0: 3 0x80002730 (0x013414b3) x 9 0x00000000
core   0: 0x80002734 (0x40e886b3) sub     a3, a7, a4
core   0: 3 0x80002734 (0x40e886b3) x13 0x00000000
core   0: 0x80002738 (0x00bffe33) and     t3, t6, a1
core   0: 3 0x80002738 (0x00bffe33) x28 0x00000000
core   0: 0x8000273c (0x01a52ab3) slt     s5, a0, s10
core   0: 3 0x8000273c (0x01a52ab3) x21 0x00000001
core   0: 0x80002740 (0x00000013) nop
core   0: 3 0x80002740 (0x00000013)
core   0: 0x80002744 (0x003d8333) add     t1, s11, gp
core   0: 3 0x80002744 (0x003d8333) x 6 0x2227a000
core   0: 0x80002748 (0x0174d933) srl     s2, s1, s7
core   0: 3 0x80002748 (0x0174d933) x18 0x00000000
core   0: 0x8000274c (0xd0b3a413) slti    s0, t2, -757
core   0: 3 0x8000274c (0xd0b3a413) x 8 0x00000000
core   0: 0x80002750 (0xe757cd13) xori    s10, a5, -395
core   0: 3 0x80002750 (0xe757cd13) x26 0xfffffe74
core   0: 0x80002754 (0x00630733) add     a4, t1, t1
core   0: 3 0x80002754 (0x00630733) x14 0x444f4000
core   0: 0x80002758 (0xfcd2b713) sltiu   a4, t0, -51
core   0: 3 0x80002758 (0xfcd2b713) x14 0x00000001
core   0: 0x8000275c (0x14f30713) addi    a4, t1, 335
core   0: 3 0x8000275c (0x14f30713) x14 0x2227a14f
core   0: 0x80002760 (0x01721d13) slli    s10, tp, 23
core   0: 3 0x80002760 (0x01721d13) x26 0xdc800000
core   0: 0x80002764 (0x015fdbb3) srl     s7, t6, s5
core   0: 3 0x80002764 (0x015fdbb3) x23 0x00000000
core   0: 0x80002768 (0x00da11b3) sll     gp, s4, a3
core   0: 3 0x80002768 (0x00da11b3) x 3 0x40cf9ee3
core   0: 0x8000276c (0x00b10e33) add     t3, sp, a1
core   0: 3 0x8000276c (0x00b10e33) x28 0x803e8fa1
core   0: 0x80002770 (0x015b9413) slli    s0, s7, 21
core   0: 3 0x80002770 (0x015b9413) x 8 0x00000000
core   0: 0x80002774 (0xd80bc313) xori    t1, s7, -640
core   0: 3 0x80002774 (0xd80bc313) x 6 0xfffffd80
core   0: 0x80002778 (0x00505493) srli    s1, zero, 5
core   0: 3 0x80002778 (0x00505493) x 9 0x00000000
core   0: 0x8000277c (0x01682433) slt     s0, a6, s6
core   0: 3 0x8000277c (0x01682433) x 8 0x00000000
core   0: 0x80002780 (0x8ebac113) xori    sp, s5, -1813
core   0: 3 0x80002780 (0x8ebac113) x 2 0xfffff8ea
core   0: 0x80002784 (0x0dd4b493) sltiu   s1, s1, 221
core   0: 3 0x80002784 (0x0dd4b493) x 9 0x00000001
core   0: 0x80002788 (0xa0068493) addi    s1, a3, -1536
core   0: 3 0x80002788 (0xa0068493) x 9 0xfffffa00
core   0: 0x8000278c (0x001b82b3) add     t0, s7, ra
core   0: 3 0x8000278c (0x001b82b3) x 5 0x800146f3
core   0: 0x80002790 (0x00058d33) add     s10, a1, zero
core   0: 3 0x80002790 (0x00058d33) x26 0x80010e64
core   0: 0x80002794 (0x00b93db3) sltu    s11, s2, a1
core   0: 3 0x80002794 (0x00b93db3) x27 0x00000001
core   0: 0x80002798 (0x41a6d0b3) sra     ra, a3, s10
core   0: 3 0x80002798 (0x41a6d0b3) x 1 0x00000000
core   0: 0x8000279c (0x41f0d1b3) sra     gp, ra, t6
core   0: 3 0x8000279c (0x41f0d1b3) x 3 0x00000000
core   0: 0x800027a0 (0x00921833) sll     a6, tp, s1
core   0: 3 0x800027a0 (0x00921833) x16 0x24b733b9
core   0: 0x800027a4 (0x0002d8b3) srl     a7, t0, zero
core   0: 3 0x800027a4 (0x0002d8b3) x17 0x800146f3
core   0: 0x800027a8 (0x007263b3) or      t2, tp, t2
core   0: 3 0x800027a8 (0x007263b3) x 7 0x24b737bf
core   0: 0x800027ac (0x015cd093) srli    ra, s9, 21
core   0: 3 0x800027ac (0x015cd093) x 1 0x000007ff
core   0: 0x800027b0 (0x7b1a0a93) addi    s5, s4, 1969
core   0: 3 0x800027b0 (0x7b1a0a93) x21 0x40cfa694
core   0: 0x800027b4 (0x01758d33) add     s10, a1, s7
core   0: 3 0x800027b4 (0x01758d33) x26 0x80010e64
core   0: 0x800027b8 (0x41a55813) srai    a6, a0, 26
core   0: 3 0x800027b8 (0x41a55813) x16 0xffffffe0
core   0: 0x800027bc (0x40150433) sub     s0, a0, ra
core   0: 3 0x800027bc (0x40150433) x 8 0x800144e5
core   0: 0x800027c0 (0x1e222c93) slti    s9, tp, 482
core   0: 3 0x800027c0 (0x1e222c93) x25 0x00000000
core   0: 0x800027c4 (0xfe304e93) xori    t4, zero, -29
core   0: 3 0x800027c4 (0xfe304e93) x29 0xffffffe3
core   0: 0x800027c8 (0x008b0e33) add     t3, s6, s0
core   0: 3 0x800027c8 (0x008b0e33) x28 0x800144e6
core   0: 0x800027cc (0x8f658693) addi    a3, a1, -1802
core   0: 3 0x800027cc (0x8f658693) x13 0x8001075a
core   0: 0x800027d0 (0xe2ba2993) slti    s3, s4, -469
core   0: 3 0x800027d0 (0xe2ba2993) x19 0x00000000
core   0: 0x800027d4 (0x007869b3) or      s3, a6, t2
core   0: 3 0x800027d4 (0x007869b3) x19 0xffffffff
core   0: 0x800027d8 (0x0146d3b3) srl     t2, a3, s4
core   0: 3 0x800027d8 (0x0146d3b3) x 7 0x100020eb
core   0: 0x800027dc (0x01210233) add     tp, sp, s2
core   0: 3 0x800027dc (0x01210233) x 4 0xfffff8ea
core   0: 0x800027e0 (0x007e4233) xor     tp, t3, t2
core   0: 3 0x800027e0 (0x007e4233) x 4 0x9001640d
core   0: 0x800027e4 (0xbb262893) slti    a7, a2, -1102
core   0: 3 0x800027e4 (0xbb262893) x17 0x00000000
core   0: 0x800027e8 (0x00ae3733) sltu    a4, t3, a0
core   0: 3 0x800027e8 (0x00ae3733) x14 0x00000001
core   0: 0x800027ec (0x013149b3) xor     s3, sp, s3
core   0: 3 0x800027ec (0x013149b3) x19 0x00000715
core   0: 0x800027f0 (0x00687b33) and     s6, a6, t1
core   0: 3 0x800027f0 (0x00687b33) x22 0xfffffd80
core   0: 0x800027f4 (0x00a07cb3) and     s9, zero, a0
core   0: 3 0x800027f4 (0x00a07cb3) x25 0x00000000
core   0: 0x800027f8 (0x8df9cd13) xori    s10, s3, -1825
core   0: 3 0x800027f8 (0x8df9cd13) x26 0xffffffca
core   0: 0x800027fc (0x0ee43793) sltiu   a5, s0, 238
core   0: 3 0x800027fc (0x0ee43793) x15 0x00000000
core   0: 0x80002800 (0x405056b3) sra     a3, zero, t0
core   0: 3 0x80002800 (0x405056b3) x13 0x00000000
core   0: 0x80002804 (0x4014d913) srai    s2, s1, 1
core   0: 3 0x80002804 (0x4014d913) x18 0xfffffd00
core   0: 0x80002808 (0x019b60b3) or      ra, s6, s9
core   0: 3 0x80002808 (0x019b60b3) x 1 0xfffffd80
core   0: 0x8000280c (0x006bb233) sltu    tp, s7, t1
core   0: 3 0x8000280c (0x006bb233) x 4 0x00000001
core   0: 0x80002810 (0x01239bb3) sll     s7, t2, s2
core   0: 3 0x80002810 (0x01239bb3) x23 0x100020eb
core   0: 0x80002814 (0xfa4e6493) ori     s1, t3, -92
core   0: 3 0x80002814 (0xfa4e6493) x 9 0xffffffe6
core   0: 0x80002818 (0x009ed733) srl     a4, t4, s1
core   0: 3 0x80002818 (0x009ed733) x14 0x03ffffff
core   0: 0x8000281c (0xe5510d93) addi    s11, sp, -427
core   0: 3 0x8000281c (0xe5510d93) x27 0xfffff73f
core   0: 0x80002820 (0xe618ab13) slti    s6, a7, -415
core   0: 3 0x80002820 (0xe618ab13) x22 0x00000000
core   0: 0x80002824 (0x00e69eb3) sll     t4, a3, a4
core   0: 3 0x80002824 (0x00e69eb3) x29 0x00000000
core   0: 0x80002828 (0x40f35413) srai    s0, t1, 15
core   0: 3 0x80002828 (0x40f35413) x 8 0xffffffff
core   0: 0x8000282c (0xebc13113) sltiu   sp, sp, -324
core   0: 3 0x8000282c (0xebc13113) x 2 0x00000001
core   0: 0x80002830 (0x7e2fbb13) sltiu   s6, t6, 2018
core   0: 3 0x80002830 (0x7e2fbb13) x22 0x00000001
core   0: 0x80002834 (0x005b7433) and     s0, s6, t0
core   0: 3 0x80002834 (0x005b7433) x 8 0x00000001
core   0: 0x80002838 (0x00abb6b3) sltu    a3, s7, a0
core   0: 3 0x80002838 (0x00abb6b3) x13 0x00000001
core   0: 0x8000283c (0x402457b3) sra     a5, s0, sp
core   0: 3 0x8000283c (0x402457b3) x15 0x00000000
core   0: 0x80002840 (0x00000013) nop
core   0: 3 0x80002840 (0x00000013)
core   0: 0x80002844 (0x91dfb793) sltiu   a5, t6, -1763
core   0: 3 0x80002844 (0x91dfb793) x15 0x00000001
core   0: 0x80002848 (0x9e75cd17) auipc   s10, 0x9e75c
core   0: 3 0x80002848 (0x9e75cd17) x26 0x1e75e848
core   0: 0x8000284c (0x42200b13) li      s6, 1058
core   0: 3 0x8000284c (0x42200b13) x22 0x00000422
core   0: 0x80002850 (0x00d21333) sll     t1, tp, a3
core   0: 3 0x80002850 (0x00d21333) x 6 0x00000002
core   0: 0x80002854 (0xba1db193) sltiu   gp, s11, -1119
core   0: 3 0x80002854 (0xba1db193) x 3 0x00000001
core   0: 0x80002858 (0x00000013) nop
core   0: 3 0x80002858 (0x00000013)
core   0: 0x8000285c (0x006bc1b3) xor     gp, s7, t1
core   0: 3 0x8000285c (0x006bc1b3) x 3 0x100020e9
core   0: 0x80002860 (0xbd304313) xori    t1, zero, -1069
core   0: 3 0x80002860 (0xbd304313) x 6 0xfffffbd3
core   0: 0x80002864 (0x40465d93) srai    s11, a2, 4
core   0: 3 0x80002864 (0x40465d93) x27 0x00000001
core   0: 0x80002868 (0x995ac797) auipc   a5, 0x995ac
core   0: 3 0x80002868 (0x995ac797) x15 0x195ae868
core   0: 0x8000286c (0xd1cb8893) addi    a7, s7, -740
core   0: 3 0x8000286c (0xd1cb8893) x17 0x10001e07
core   0: 0x80002870 (0x01842233) slt     tp, s0, s8
core   0: 3 0x80002870 (0x01842233) x 4 0x00000000
core   0: 0x80002874 (0x017a9893) slli    a7, s5, 23
core   0: 3 0x80002874 (0x017a9893) x17 0x4a000000
core   0: 0x80002878 (0x7b32ff93) andi    t6, t0, 1971
core   0: 3 0x80002878 (0x7b32ff93) x31 0x000006b3
core   0: 0x8000287c (0x41a08e33) sub     t3, ra, s10
core   0: 3 0x8000287c (0x41a08e33) x28 0xe18a1538
core   0: 0x80002880 (0x00cc7b33) and     s6, s8, a2
core   0: 3 0x80002880 (0x00cc7b33) x22 0x00000015
core   0: 0x80002884 (0xf0da6913) ori     s2, s4, -243
core   0: 3 0x80002884 (0xf0da6913) x18 0xffffffef
core   0: 0x80002888 (0x0018e833) or      a6, a7, ra
core   0: 3 0x80002888 (0x0018e833) x16 0xfffffd80
core   0: 0x8000288c (0x00fc5bb3) srl     s7, s8, a5
core   0: 3 0x8000288c (0x00fc5bb3) x23 0x00ffc27e
core   0: 0x80002890 (0x00000013) nop
core   0: 3 0x80002890 (0x00000013)
core   0: 0x80002894 (0x011f5293) srli    t0, t5, 17
core   0: 3 0x80002894 (0x011f5293) x 5 0x00000000
core   0: 0x80002898 (0x41ec8833) sub     a6, s9, t5
core   0: 3 0x80002898 (0x41ec8833) x16 0x00000000
core   0: 0x8000289c (0x00474ab3) xor     s5, a4, tp
core   0: 3 0x8000289c (0x00474ab3) x21 0x03ffffff
core   0: 0x800028a0 (0x015577b3) and     a5, a0, s5
core   0: 3 0x800028a0 (0x015577b3) x15 0x00014ce4
core   0: 0x800028a4 (0x64596493) ori     s1, s2, 1605
core   0: 3 0x800028a4 (0x64596493) x 9 0xffffffef
core   0: 0x800028a8 (0x0011b233) sltu    tp, gp, ra
core   0: 3 0x800028a8 (0x0011b233) x 4 0x00000001
core   0: 0x800028ac (0x01830db3) add     s11, t1, s8
core   0: 3 0x800028ac (0x01830db3) x27 0xffc27a12
core   0: 0x800028b0 (0x00e88633) add     a2, a7, a4
core   0: 3 0x800028b0 (0x00e88633) x12 0x4dffffff
core   0: 0x800028b4 (0x40c5de93) srai    t4, a1, 12
core   0: 3 0x800028b4 (0x40c5de93) x29 0xfff80010
core   0: 0x800028b8 (0x4144d493) srai    s1, s1, 20
core   0: 3 0x800028b8 (0x4144d493) x 9 0xffffffff
core   0: 0x800028bc (0x86e37893) andi    a7, t1, -1938
core   0: 3 0x800028bc (0x86e37893) x17 0xfffff842
core   0: 0x800028c0 (0x41c35fb3) sra     t6, t1, t3
core   0: 3 0x800028c0 (0x41c35fb3) x31 0xffffffff
core   0: 0x800028c4 (0x017b1733) sll     a4, s6, s7
core   0: 3 0x800028c4 (0x017b1733) x14 0x40000000
core   0: 0x800028c8 (0x01eb5c93) srli    s9, s6, 30
core   0: 3 0x800028c8 (0x01eb5c93) x25 0x00000000
core   0: 0x800028cc (0x00d76033) or      zero, a4, a3
core   0: 3 0x800028cc (0x00d76033)
core   0: 0x800028d0 (0x01fb0433) add     s0, s6, t6
core   0: 3 0x800028d0 (0x01fb0433) x 8 0x00000014
core   0: 0x800028d4 (0x01c547b3) xor     a5, a0, t3
core   0: 3 0x800028d4 (0x01c547b3) x15 0x618b59dc
core   0: 0x800028d8 (0x2ec20313) addi    t1, tp, 748
core   0: 3 0x800028d8 (0x2ec20313) x 6 0x000002ed
core   0: 0x800028dc (0x01cb03b3) add     t2, s6, t3
core   0: 3 0x800028dc (0x01cb03b3) x 7 0xe18a154d
core   0: 0x800028e0 (0x40618033) sub     zero, gp, t1
core   0: 3 0x800028e0 (0x40618033)
core   0: 0x800028e4 (0x00569e33) sll     t3, a3, t0
core   0: 3 0x800028e4 (0x00569e33) x28 0x00000001
core   0: 0x800028e8 (0xff136613) ori     a2, t1, -15
core   0: 3 0x800028e8 (0xff136613) x12 0xfffffffd
core   0: 0x800028ec (0x002a5093) srli    ra, s4, 2
core   0: 3 0x800028ec (0x002a5093) x 1 0x1033e7b8
core   0: 0x800028f0 (0x06b66293) ori     t0, a2, 107
core   0: 3 0x800028f0 (0x06b66293) x 5 0xffffffff
core   0: 0x800028f4 (0x009ae433) or      s0, s5, s1
core   0: 3 0x800028f4 (0x009ae433) x 8 0xffffffff
core   0: 0x800028f8 (0x00346db3) or      s11, s0, gp
core   0: 3 0x800028f8 (0x00346db3) x27 0xffffffff
core   0: 0x800028fc (0x40f80433) sub     s0, a6, a5
core   0: 3 0x800028fc (0x40f80433) x 8 0x9e74a624
core   0: 0x80002900 (0x40108e33) sub     t3, ra, ra
core   0: 3 0x80002900 (0x40108e33) x28 0x00000000
core   0: 0x80002904 (0x320e4493) xori    s1, t3, 800
core   0: 3 0x80002904 (0x320e4493) x 9 0x00000320
core   0: 0x80002908 (0x4006dbb3) sra     s7, a3, zero
core   0: 3 0x80002908 (0x4006dbb3) x23 0x00000001
core   0: 0x8000290c (0x01495bb3) srl     s7, s2, s4
core   0: 3 0x8000290c (0x01495bb3) x23 0x1ffffffd
core   0: 0x80002910 (0x00b95193) srli    gp, s2, 11
core   0: 3 0x80002910 (0x00b95193) x 3 0x001fffff
core   0: 0x80002914 (0x016b9833) sll     a6, s7, s6
core   0: 3 0x80002914 (0x016b9833) x16 0xffa00000
core   0: 0x80002918 (0x4a6e4313) xori    t1, t3, 1190
core   0: 3 0x80002918 (0x4a6e4313) x 6 0x000004a6
core   0: 0x8000291c (0x016d9bb3) sll     s7, s11, s6
core   0: 3 0x8000291c (0x016d9bb3) x23 0xffe00000
core   0: 0x80002920 (0x7175fd93) andi    s11, a1, 1815
core   0: 3 0x80002920 (0x7175fd93) x27 0x00000604
core   0: 0x80002924 (0xf4dc4413) xori    s0, s8, -179
core   0: 3 0x80002924 (0xf4dc4413) x 8 0x003d8172
core   0: 0x80002928 (0x00d53cb3) sltu    s9, a0, a3
core   0: 3 0x80002928 (0x00d53cb3) x25 0x00000000
core   0: 0x8000292c (0x61c14f93) xori    t6, sp, 1564
core   0: 3 0x8000292c (0x61c14f93) x31 0x0000061d
core   0: 0x80002930 (0x019b5993) srli    s3, s6, 25
core   0: 3 0x80002930 (0x019b5993) x19 0x00000000
core   0: 0x80002934 (0x47a761b7) lui     gp, 0x47a76
core   0: 3 0x80002934 (0x47a761b7) x 3 0x47a76000
core   0: 0x80002938 (0x002bdb33) srl     s6, s7, sp
core   0: 3 0x80002938 (0x002bdb33) x22 0x7ff00000
core   0: 0x8000293c (0x26f48f13) addi    t5, s1, 623
core   0: 3 0x8000293c (0x26f48f13) x30 0x0000058f
core   0: 0x80002940 (0x40b45bb3) sra     s7, s0, a1
core   0: 3 0x80002940 (0x40b45bb3) x23 0x0003d817
core   0: 0x80002944 (0x21f64093) xori    ra, a2, 543
core   0: 3 0x80002944 (0x21f64093) x 1 0xfffffde2
core   0: 0x80002948 (0xc5323293) sltiu   t0, tp, -941
core   0: 3 0x80002948 (0xc5323293) x 5 0x00000001
core   0: 0x8000294c (0x01ccd193) srli    gp, s9, 28
core   0: 3 0x8000294c (0x01ccd193) x 3 0x00000000
core   0: 0x80002950 (0xdbee5fb7) lui     t6, 0xdbee5
core   0: 3 0x80002950 (0xdbee5fb7) x31 0xdbee5000
core   0: 0x80002954 (0xd9a2cd93) xori    s11, t0, -614
core   0: 3 0x80002954 (0xd9a2cd93) x27 0xfffffd9b
core   0: 0x80002958 (0xac93fb93) andi    s7, t2, -1335
core   0: 3 0x80002958 (0xac93fb93) x23 0xe18a1049
core   0: 0x8000295c (0x016e41b3) xor     gp, t3, s6
core   0: 3 0x8000295c (0x016e41b3) x 3 0x7ff00000
core   0: 0x80002960 (0x00b50633) add     a2, a0, a1
core   0: 3 0x80002960 (0x00b50633) x12 0x00025b48
core   0: 0x80002964 (0x01f35e13) srli    t3, t1, 31
core   0: 3 0x80002964 (0x01f35e13) x28 0x00000000
core   0: 0x80002968 (0x01ad5e93) srli    t4, s10, 26
core   0: 3 0x80002968 (0x01ad5e93) x29 0x00000007
core   0: 0x8000296c (0x2d8bc413) xori    s0, s7, 728
core   0: 3 0x8000296c (0x2d8bc413) x 8 0xe18a1291
core   0: 0x80002970 (0xf14990b7) lui     ra, 0xf1499
core   0: 3 0x80002970 (0xf14990b7) x 1 0xf1499000
core   0: 0x80002974 (0x00bae7b3) or      a5, s5, a1
core   0: 3 0x80002974 (0x00bae7b3) x15 0x83ffffff
core   0: 0x80002978 (0x0105dbb3) srl     s7, a1, a6
core   0: 3 0x80002978 (0x0105dbb3) x23 0x80010e64
core   0: 0x8000297c (0x0078b7b3) sltu    a5, a7, t2
core   0: 3 0x8000297c (0x0078b7b3) x15 0x00000000
core   0: 0x80002980 (0x00819f13) slli    t5, gp, 8
core   0: 3 0x80002980 (0x00819f13) x30 0xf0000000
core   0: 0x80002984 (0xeaba7693) andi    a3, s4, -341
core   0: 3 0x80002984 (0xeaba7693) x13 0x40cf9ea3
core   0: 0x80002988 (0x41eb8833) sub     a6, s7, t5
core   0: 3 0x80002988 (0x41eb8833) x16 0x90010e64
core   0: 0x8000298c (0x00000013) nop
core   0: 3 0x8000298c (0x00000013)
core   0: 0x80002990 (0x405c5293) srai    t0, s8, 5
core   0: 3 0x80002990 (0x405c5293) x 5 0xfffe13f1
core   0: 0x80002994 (0x404608b3) sub     a7, a2, tp
core   0: 3 0x80002994 (0x404608b3) x17 0x00025b47
core   0: 0x80002998 (0x65e23317) auipc   t1, 0x65e23
core   0: 3 0x80002998 (0x65e23317) x 6 0xe5e25998
core   0: 0x8000299c (0x2487ce93) xori    t4, a5, 584
core   0: 3 0x8000299c (0x2487ce93) x29 0x00000248
core   0: 0x800029a0 (0x00189e33) sll     t3, a7, ra
core   0: 3 0x800029a0 (0x00189e33) x28 0x00025b47
core   0: 0x800029a4 (0xcfd43313) sltiu   t1, s0, -771
core   0: 3 0x800029a4 (0xcfd43313) x 6 0x00000001
core   0: 0x800029a8 (0x41725cb3) sra     s9, tp, s7
core   0: 3 0x800029a8 (0x41725cb3) x25 0x00000000
core   0: 0x800029ac (0x417c8233) sub     tp, s9, s7
core   0: 3 0x800029ac (0x417c8233) x 4 0x7ffef19c
core   0: 0x800029b0 (0x01dc5cb3) srl     s9, s8, t4
core   0: 3 0x800029b0 (0x01dc5cb3) x25 0x00ffc27e
core   0: 0x800029b4 (0x003b8333) add     t1, s7, gp
core   0: 3 0x800029b4 (0x003b8333) x 6 0xfff10e64
core   0: 0x800029b8 (0x01a37ab3) and     s5, t1, s10
core   0: 3 0x800029b8 (0x01a37ab3) x21 0x1e710840
core   0: 0x800029bc (0x014486b3) add     a3, s1, s4
core   0: 3 0x800029bc (0x014486b3) x13 0x40cfa203
core   0: 0x800029c0 (0x2cd5ed97) auipc   s11, 0x2cd5e
core   0: 3 0x800029c0 (0x2cd5ed97) x27 0xacd609c0
core   0: 0x800029c4 (0x00ee7e33) and     t3, t3, a4
core   0: 3 0x800029c4 (0x00ee7e33) x28 0x00000000
core   0: 0x800029c8 (0x405fd1b3) sra     gp, t6, t0
core   0: 3 0x800029c8 (0x405fd1b3) x 3 0xffffedf7
core   0: 0x800029cc (0xb9064f13) xori    t5, a2, -1136
core   0: 3 0x800029cc (0xb9064f13) x30 0xfffda0d8
core   0: 0x800029d0 (0xe59c2db7) lui     s11, 0xe59c2
core   0: 3 0x800029d0 (0xe59c2db7) x27 0xe59c2000
core   0: 0x800029d4 (0x0123c1b3) xor     gp, t2, s2
core   0: 3 0x800029d4 (0x0123c1b3) x 3 0x1e75eaa2
core   0: 0x800029d8 (0x000de7b3) or      a5, s11, zero
core   0: 3 0x800029d8 (0x000de7b3) x15 0xe59c2000
core   0: 0x800029dc (0x001b07b3) add     a5, s6, ra
core   0: 3 0x800029dc (0x001b07b3) x15 0x71399000
core   0: 0x800029e0 (0x43bbe497) auipc   s1, 0x43bbe
core   0: 3 0x800029e0 (0x43bbe497) x 9 0xc3bc09e0
core   0: 0x800029e4 (0x002a9193) slli    gp, s5, 2
core   0: 3 0x800029e4 (0x002a9193) x 3 0x79c42100
core   0: 0x800029e8 (0x6b4a0113) addi    sp, s4, 1716
core   0: 3 0x800029e8 (0x6b4a0113) x 2 0x40cfa597
core   0: 0x800029ec (0x0093e233) or      tp, t2, s1
core   0: 3 0x800029ec (0x0093e233) x 4 0xe3be1ded
core   0: 0x800029f0 (0x01d66733) or      a4, a2, t4
core   0: 3 0x800029f0 (0x01d66733) x14 0x00025b48
core   0: 0x800029f4 (0x004028b3) slt     a7, zero, tp
core   0: 3 0x800029f4 (0x004028b3) x17 0x00000000
core   0: 0x800029f8 (0x9c866737) lui     a4, 0x9c866
core   0: 3 0x800029f8 (0x9c866737) x14 0x9c866000
core   0: 0x800029fc (0x00000013) nop
core   0: 3 0x800029fc (0x00000013)
core   0: 0x80002a00 (0x015ecfb3) xor     t6, t4, s5
core   0: 3 0x80002a00 (0x015ecfb3) x31 0x1e710a08
core   0: 0x80002a04 (0x4055da13) srai    s4, a1, 5
core   0: 3 0x80002a04 (0x4055da13) x20 0xfc000873
core   0: 0x80002a08 (0xd80b6413) ori     s0, s6, -640
core   0: 3 0x80002a08 (0xd80b6413) x 8 0xfffffd80
core   0: 0x80002a0c (0x006d8db3) add     s11, s11, t1
core   0: 3 0x80002a0c (0x006d8db3) x27 0xe58d2e64
core   0: 0x80002a10 (0x1ccd2d13) slti    s10, s10, 460
core   0: 3 0x80002a10 (0x1ccd2d13) x26 0x00000000
core   0: 0x80002a14 (0x61ccc337) lui     t1, 0x61ccc
core   0: 3 0x80002a14 (0x61ccc337) x 6 0x61ccc000
core   0: 0x80002a18 (0x01861e33) sll     t3, a2, s8
core   0: 3 0x80002a18 (0x01861e33) x28 0x00000000
core   0: 0x80002a1c (0x41c40ab3) sub     s5, s0, t3
core   0: 3 0x80002a1c (0x41c40ab3) x21 0xfffffd80
core   0: 0x80002a20 (0x019c9e13) slli    t3, s9, 25
core   0: 3 0x80002a20 (0x019c9e13) x28 0xfc000000
core   0: 0x80002a24 (0x3568ca97) auipc   s5, 0x3568c
core   0: 3 0x80002a24 (0x3568ca97) x21 0xb568ea24
core   0: 0x80002a28 (0x00016ab3) or      s5, sp, zero
core   0: 3 0x80002a28 (0x00016ab3) x21 0x40cfa597
core   0: 0x80002a2c (0x009e53b7) lui     t2, 0x9e5
core   0: 3 0x80002a2c (0x009e53b7) x 7 0x009e5000
core   0: 0x80002a30 (0x41ae0d33) sub     s10, t3, s10
core   0: 3 0x80002a30 (0x41ae0d33) x26 0xfc000000
core   0: 0x80002a34 (0x0182f233) and     tp, t0, s8
core   0: 3 0x80002a34 (0x0182f233) x 4 0xffc21231
core   0: 0x80002a38 (0xc5ae8d13) addi    s10, t4, -934
core   0: 3 0x80002a38 (0xc5ae8d13) x26 0xfffffea2
core   0: 0x80002a3c (0x00a8dcb3) srl     s9, a7, a0
core   0: 3 0x80002a3c (0x00a8dcb3) x25 0x00000000
core   0: 0x80002a40 (0x8543b493) sltiu   s1, t2, -1964
core   0: 3 0x80002a40 (0x8543b493) x 9 0x00000001
core   0: 0x80002a44 (0x00e69d93) slli    s11, a3, 14
core   0: 3 0x80002a44 (0x00e69d93) x27 0xe880c000
core   0: 0x80002a48 (0x005bf333) and     t1, s7, t0
core   0: 3 0x80002a48 (0x005bf333) x 6 0x80000260
core   0: 0x80002a4c (0x0025a7b3) slt     a5, a1, sp
core   0: 3 0x80002a4c (0x0025a7b3) x15 0x00000001
core   0: 0x80002a50 (0x0014c733) xor     a4, s1, ra
core   0: 3 0x80002a50 (0x0014c733) x14 0xf1499001
core   0: 0x80002a54 (0x00755813) srli    a6, a0, 7
core   0: 3 0x80002a54 (0x00755813) x16 0x01000299
core   0: 0x80002a58 (0x01f50db3) add     s11, a0, t6
core   0: 3 0x80002a58 (0x01f50db3) x27 0x9e7256ec
core   0: 0x80002a5c (0x40230133) sub     sp, t1, sp
core   0: 3 0x80002a5c (0x40230133) x 2 0x3f305cc9
core   0: 0x80002a60 (0x1170bd97) auipc   s11, 0x1170b
core   0: 3 0x80002a60 (0x1170bd97) x27 0x9170da60
core   0: 0x80002a64 (0x40f9d713) srai    a4, s3, 15
core   0: 3 0x80002a64 (0x40f9d713) x14 0x00000000
core   0: 0x80002a68 (0x015f9f33) sll     t5, t6, s5
core   0: 3 0x80002a68 (0x015f9f33) x30 0x04000000
core   0: 0x80002a6c (0x0e14fa93) andi    s5, s1, 225
core   0: 3 0x80002a6c (0x0e14fa93) x21 0x00000001
core   0: 0x80002a70 (0x00825893) srli    a7, tp, 8
core   0: 3 0x80002a70 (0x00825893) x17 0x00ffc212
core   0: 0x80002a74 (0x408901b3) sub     gp, s2, s0
core   0: 3 0x80002a74 (0x408901b3) x 3 0x0000026f
core   0: 0x80002a78 (0x409d5733) sra     a4, s10, s1
core   0: 3 0x80002a78 (0x409d5733) x14 0xffffff51
core   0: 0x80002a7c (0xe049b113) sltiu   sp, s3, -508
core   0: 3 0x80002a7c (0xe049b113) x 2 0x00000001
core   0: 0x80002a80 (0x40eb8433) sub     s0, s7, a4
core   0: 3 0x80002a80 (0x40eb8433) x 8 0x80010f13
core   0: 0x80002a84 (0x1170e213) ori     tp, ra, 279
core   0: 3 0x80002a84 (0x1170e213) x 4 0xf1499117
core   0: 0x80002a88 (0x003754b3) srl     s1, a4, gp
core   0: 3 0x80002a88 (0x003754b3) x 9 0x0001ffff
core   0: 0x80002a8c (0x00c6e4b3) or      s1, a3, a2
core   0: 3 0x80002a8c (0x00c6e4b3) x 9 0x40cffb4b
core   0: 0x80002a90 (0x018a5db3) srl     s11, s4, s8
core   0: 3 0x80002a90 (0x018a5db3) x27 0x00000001
core   0: 0x80002a94 (0x003cccb3) xor     s9, s9, gp
core   0: 3 0x80002a94 (0x003cccb3) x25 0x0000026f
core   0: 0x80002a98 (0x00c062b3) or      t0, zero, a2
core   0: 3 0x80002a98 (0x00c062b3) x 5 0x00025b48
core   0: 0x80002a9c (0x00410e33) add     t3, sp, tp
core   0: 3 0x80002a9c (0x00410e33) x28 0xf1499118
core   0: 0x80002aa0 (0x40a5dd93) srai    s11, a1, 10
core   0: 3 0x80002aa0 (0x40a5dd93) x27 0xffe00043
core   0: 0x80002aa4 (0x01b02b33) slt     s6, zero, s11
core   0: 3 0x80002aa4 (0x01b02b33) x22 0x00000000
core   0: 0x80002aa8 (0x014e9313) slli    t1, t4, 20
core   0: 3 0x80002aa8 (0x014e9313) x 6 0x24800000
core   0: 0x80002aac (0xb2b28313) addi    t1, t0, -1237
core   0: 3 0x80002aac (0xb2b28313) x 6 0x00025673
core   0: 0x80002ab0 (0x912bae93) slti    t4, s7, -1774
core   0: 3 0x80002ab0 (0x912bae93) x29 0x00000001
core   0: 0x80002ab4 (0x01e4b933) sltu    s2, s1, t5
core   0: 3 0x80002ab4 (0x01e4b933) x18 0x00000000
core   0: 0x80002ab8 (0x01f287b3) add     a5, t0, t6
core   0: 3 0x80002ab8 (0x01f287b3) x15 0x1e736550
core   0: 0x80002abc (0x00000013) nop
core   0: 3 0x80002abc (0x00000013)
core   0: 0x80002ac0 (0x1d397d13) andi    s10, s2, 467
core   0: 3 0x80002ac0 (0x1d397d13) x26 0x00000000
core   0: 0x80002ac4 (0x8cb43e93) sltiu   t4, s0, -1845
core   0: 3 0x80002ac4 (0x8cb43e93) x29 0x00000001
core   0: 0x80002ac8 (0x625c6337) lui     t1, 0x625c6
core   0: 3 0x80002ac8 (0x625c6337) x 6 0x625c6000
core   0: 0x80002acc (0x1e787293) andi    t0, a6, 487
core   0: 3 0x80002acc (0x1e787293) x 5 0x00000081
core   0: 0x80002ad0 (0xf5007c93) andi    s9, zero, -176
core   0: 3 0x80002ad0 (0xf5007c93) x25 0x00000000
core   0: 0x80002ad4 (0x98a26717) auipc   a4, 0x98a26
core   0: 3 0x80002ad4 (0x98a26717) x14 0x18a28ad4
core   0: 0x80002ad8 (0x004a28b3) slt     a7, s4, tp
core   0: 3 0x80002ad8 (0x004a28b3) x17 0x00000000
core   0: 0x80002adc (0x00000013) nop
core   0: 3 0x80002adc (0x00000013)
core   0: 0x80002ae0 (0x009504b3) add     s1, a0, s1
core   0: 3 0x80002ae0 (0x009504b3) x 9 0xc0d1482f
core   0: 0x80002ae4 (0x01138033) add     zero, t2, a7
core   0: 3 0x80002ae4 (0x01138033)
core   0: 0x80002ae8 (0x009f8d33) add     s10, t6, s1
core   0: 3 0x80002ae8 (0x009f8d33) x26 0xdf425237
core   0: 0x80002aec (0x4bb60a13) addi    s4, a2, 1211
core   0: 3 0x80002aec (0x4bb60a13) x20 0x00026003
core   0: 0x80002af0 (0x00000013) nop
core   0: 3 0x80002af0 (0x00000013)
core   0: 0x80002af4 (0x015a7db3) and     s11, s4, s5
core   0: 3 0x80002af4 (0x015a7db3) x27 0x00000001
core   0: 0x80002af8 (0x00cb9f33) sll     t5, s7, a2
core   0: 3 0x80002af8 (0x00cb9f33) x30 0x010e6400
core   0: 0x80002afc (0xef1d3db7) lui     s11, 0xef1d3
core   0: 3 0x80002afc (0xef1d3db7) x27 0xef1d3000
core   0: 0x80002b00 (0xe3897393) andi    t2, s2, -456
core   0: 3 0x80002b00 (0xe3897393) x 7 0x00000000
core   0: 0x80002b04 (0xa82414b7) lui     s1, 0xa8241
core   0: 3 0x80002b04 (0xa82414b7) x 9 0xa8241000
core   0: 0x80002b08 (0x01437bb3) and     s7, t1, s4
core   0: 3 0x80002b08 (0x01437bb3) x23 0x00006000
core   0: 0x80002b0c (0x014cb9b3) sltu    s3, s9, s4
core   0: 3 0x80002b0c (0x014cb9b3) x19 0x00000001
core   0: 0x80002b10 (0x018529b3) slt     s3, a0, s8
core   0: 3 0x80002b10 (0x018529b3) x19 0x00000001
core   0: 0x80002b14 (0x00000013) nop
core   0: 3 0x80002b14 (0x00000013)
core   0: 0x80002b18 (0xe2ee2737) lui     a4, 0xe2ee2
core   0: 3 0x80002b18 (0xe2ee2737) x14 0xe2ee2000
core   0: 0x80002b1c (0x01d978b3) and     a7, s2, t4
core   0: 3 0x80002b1c (0x01d978b3) x17 0x00000000
core   0: 0x80002b20 (0x41815db3) sra     s11, sp, s8
core   0: 3 0x80002b20 (0x41815db3) x27 0x00000000
core   0: 0x80002b24 (0xfb657e17) auipc   t3, 0xfb657
core   0: 3 0x80002b24 (0xfb657e17) x28 0x7b659b24
core   0: 0x80002b28 (0x40db5e33) sra     t3, s6, a3
core   0: 3 0x80002b28 (0x40db5e33) x28 0x00000000
core   0: 0x80002b2c (0x01951e33) sll     t3, a0, s9
core   0: 3 0x80002b2c (0x01951e33) x28 0x80014ce4
core   0: 0x80002b30 (0x60d1c793) xori    a5, gp, 1549
core   0: 3 0x80002b30 (0x60d1c793) x15 0x00000462
core   0: 0x80002b34 (0x0027eb33) or      s6, a5, sp
core   0: 3 0x80002b34 (0x0027eb33) x22 0x00000463
core   0: 0x80002b38 (0x0010d1b3) srl     gp, ra, ra
core   0: 3 0x80002b38 (0x0010d1b3) x 3 0xf1499000
core   0: 0x80002b3c (0x00000013) nop
core   0: 3 0x80002b3c (0x00000013)
core   0: 0x80002b40 (0x00f1df33) srl     t5, gp, a5
core   0: 3 0x80002b40 (0x00f1df33) x30 0x3c526400
core   0: 0x80002b44 (0xa9314013) xori    zero, sp, -1389
core   0: 3 0x80002b44 (0xa9314013)
core   0: 0x80002b48 (0x0072c233) xor     tp, t0, t2
core   0: 3 0x80002b48 (0x0072c233) x 4 0x00000081
core   0: 0x80002b4c (0x01e6e633) or      a2, a3, t5
core   0: 3 0x80002b4c (0x01e6e633) x12 0x7cdfe603
core   0: 0x80002b50 (0x00fd9293) slli    t0, s11, 15
core   0: 3 0x80002b50 (0x00fd9293) x 5 0x00000000
core   0: 0x80002b54 (0x017523b3) slt     t2, a0, s7
core   0: 3 0x80002b54 (0x017523b3) x 7 0x00000001
core   0: 0x80002b58 (0xc6aa2013) slti    zero, s4, -918
core   0: 3 0x80002b58 (0xc6aa2013)
core   0: 0x80002b5c (0x414ed013) srai    zero, t4, 20
core   0: 3 0x80002b5c (0x414ed013)
core   0: 0x80002b60 (0x0194f7b3) and     a5, s1, s9
core   0: 3 0x80002b60 (0x0194f7b3) x15 0x00000000
core   0: 0x80002b64 (0x010cd013) srli    zero, s9, 16
core   0: 3 0x80002b64 (0x010cd013)
core   0: 0x80002b68 (0x41e2d893) srai    a7, t0, 30
core   0: 3 0x80002b68 (0x41e2d893) x17 0x00000000
core   0: 0x80002b6c (0x007c17b3) sll     a5, s8, t2
core   0: 3 0x80002b6c (0x007c17b3) x15 0xff84fc7e
core   0: 0x80002b70 (0x00b773b3) and     t2, a4, a1
core   0: 3 0x80002b70 (0x00b773b3) x 7 0x80000000
core   0: 0x80002b74 (0xfbf9c393) xori    t2, s3, -65
core   0: 3 0x80002b74 (0xfbf9c393) x 7 0xffffffbe
core   0: 0x80002b78 (0x00c5d813) srli    a6, a1, 12
core   0: 3 0x80002b78 (0x00c5d813) x16 0x00080010
core   0: 0x80002b7c (0x035f7617) auipc   a2, 0x35f7
core   0: 3 0x80002b7c (0x035f7617) x12 0x835f9b7c
core   0: 0x80002b80 (0x40b457b3) sra     a5, s0, a1
core   0: 3 0x80002b80 (0x40b457b3) x15 0xf80010f1
core   0: 0x80002b84 (0x015ee733) or      a4, t4, s5
core   0: 3 0x80002b84 (0x015ee733) x14 0x00000001
core   0: 0x80002b88 (0xe9c9d6b7) lui     a3, 0xe9c9d
core   0: 3 0x80002b88 (0xe9c9d6b7) x13 0xe9c9d000
core   0: 0x80002b8c (0x40795f93) srai    t6, s2, 7
core   0: 3 0x80002b8c (0x40795f93) x31 0x00000000
core   0: 0x80002b90 (0xc9444b93) xori    s7, s0, -876
core   0: 3 0x80002b90 (0xc9444b93) x23 0x7ffef387
core   0: 0x80002b94 (0x41fbdb33) sra     s6, s7, t6
core   0: 3 0x80002b94 (0x41fbdb33) x22 0x7ffef387
core   0: 0x80002b98 (0x22deda17) auipc   s4, 0x22ded
core   0: 3 0x80002b98 (0x22deda17) x20 0xa2defb98
core   0: 0x80002b9c (0x01166733) or      a4, a2, a7
core   0: 3 0x80002b9c (0x01166733) x14 0x835f9b7c
core   0: 0x80002ba0 (0x32ae9197) auipc   gp, 0x32ae9
core   0: 3 0x80002ba0 (0x32ae9197) x 3 0xb2aebba0
core   0: 0x80002ba4 (0x41ec03b3) sub     t2, s8, t5
core   0: 3 0x80002ba4 (0x41ec03b3) x 7 0xc3701a3f
core   0: 0x80002ba8 (0x000100b3) add     ra, sp, zero
core   0: 3 0x80002ba8 (0x000100b3) x 1 0x00000001
core   0: 0x80002bac (0x41515b93) srai    s7, sp, 21
core   0: 3 0x80002bac (0x41515b93) x23 0x00000000
core   0: 0x80002bb0 (0x00bb98b3) sll     a7, s7, a1
core   0: 3 0x80002bb0 (0x00bb98b3) x17 0x00000000
core   0: 0x80002bb4 (0x40c0da13) srai    s4, ra, 12
core   0: 3 0x80002bb4 (0x40c0da13) x20 0x00000000
core   0: 0x80002bb8 (0x0168b133) sltu    sp, a7, s6
core   0: 3 0x80002bb8 (0x0168b133) x 2 0x00000001
core   0: 0x80002bbc (0x01f9ca33) xor     s4, s3, t6
core   0: 3 0x80002bbc (0x01f9ca33) x20 0x00000001
core   0: 0x80002bc0 (0x417d87b3) sub     a5, s11, s7
core   0: 3 0x80002bc0 (0x417d87b3) x15 0x00000000
core   0: 0x80002bc4 (0x9df5f313) andi    t1, a1, -1569
core   0: 3 0x80002bc4 (0x9df5f313) x 6 0x80010844
core   0: 0x80002bc8 (0x01925133) srl     sp, tp, s9
core   0: 3 0x80002bc8 (0x01925133) x 2 0x00000081
core   0: 0x80002bcc (0x0128c0b3) xor     ra, a7, s2
core   0: 3 0x80002bcc (0x0128c0b3) x 1 0x00000000
core   0: 0x80002bd0 (0x41bc0433) sub     s0, s8, s11
core   0: 3 0x80002bd0 (0x41bc0433) x 8 0xffc27e3f
core   0: 0x80002bd4 (0x00b5a1b3) slt     gp, a1, a1
core   0: 3 0x80002bd4 (0x00b5a1b3) x 3 0x00000000
core   0: 0x80002bd8 (0x122eb137) lui     sp, 0x122eb
core   0: 3 0x80002bd8 (0x122eb137) x 2 0x122eb000
core   0: 0x80002bdc (0x2c014c93) xori    s9, sp, 704
core   0: 3 0x80002bdc (0x2c014c93) x25 0x122eb2c0
core   0: 0x80002be0 (0xc4f74093) xori    ra, a4, -945
core   0: 3 0x80002be0 (0xc4f74093) x 1 0x7ca06733
core   0: 0x80002be4 (0x006d9b93) slli    s7, s11, 6
core   0: 3 0x80002be4 (0x006d9b93) x23 0x00000000
core   0: 0x80002be8 (0x940ded93) ori     s11, s11, -1728
core   0: 3 0x80002be8 (0x940ded93) x27 0xfffff940
core   0: 0x80002bec (0x407a5eb3) sra     t4, s4, t2
core   0: 3 0x80002bec (0x407a5eb3) x29 0x00000000
core   0: 0x80002bf0 (0x658e3213) sltiu   tp, t3, 1624
core   0: 3 0x80002bf0 (0x658e3213) x 4 0x00000000
core   0: 0x80002bf4 (0x01034a33) xor     s4, t1, a6
core   0: 3 0x80002bf4 (0x01034a33) x20 0x80090854
core   0: 0x80002bf8 (0x003030b3) snez    ra, gp
core   0: 3 0x80002bf8 (0x003030b3) x 1 0x00000000
core   0: 0x80002bfc (0xa66bbc93) sltiu   s9, s7, -1434
core   0: 3 0x80002bfc (0xa66bbc93) x25 0x00000001
core   0: 0x80002c00 (0x0101e2b3) or      t0, gp, a6
core   0: 3 0x80002c00 (0x0101e2b3) x 5 0x00080010
core   0: 0x80002c04 (0x41add813) srai    a6, s11, 26
core   0: 3 0x80002c04 (0x41add813) x16 0xffffffff
core   0: 0x80002c08 (0x5cece813) ori     a6, s9, 1486
core   0: 3 0x80002c08 (0x5cece813) x16 0x000005cf
core   0: 0x80002c0c (0x7c33b213) sltiu   tp, t2, 1987
core   0: 3 0x80002c0c (0x7c33b213) x 4 0x00000000
core   0: 0x80002c10 (0x7deb0813) addi    a6, s6, 2014
core   0: 3 0x80002c10 (0x7deb0813) x16 0x7ffefb65
core   0: 0x80002c14 (0x415b5813) srai    a6, s6, 21
core   0: 3 0x80002c14 (0x415b5813) x16 0x000003ff
core   0: 0x80002c18 (0x008e3ab3) sltu    s5, t3, s0
core   0: 3 0x80002c18 (0x008e3ab3) x21 0x00000001
core   0: 0x80002c1c (0x8d150c93) addi    s9, a0, -1839
core   0: 3 0x80002c1c (0x8d150c93) x25 0x800145b5
core   0: 0x80002c20 (0x9e401997) auipc   s3, 0x9e401
core   0: 3 0x80002c20 (0x9e401997) x19 0x1e403c20
core   0: 0x80002c24 (0x008b9d33) sll     s10, s7, s0
core   0: 3 0x80002c24 (0x008b9d33) x26 0x00000000
core   0: 0x80002c28 (0x01675313) srli    t1, a4, 22
core   0: 3 0x80002c28 (0x01675313) x 6 0x0000020d
core   0: 0x80002c2c (0x7cd6ad13) slti    s10, a3, 1997
core   0: 3 0x80002c2c (0x7cd6ad13) x26 0x00000001
core   0: 0x80002c30 (0x415906b3) sub     a3, s2, s5
core   0: 3 0x80002c30 (0x415906b3) x13 0xffffffff
core   0: 0x80002c34 (0x7f9f1397) auipc   t2, 0x7f9f1
core   0: 3 0x80002c34 (0x7f9f1397) x 7 0xff9f3c34
core   0: 0x80002c38 (0x01e8b833) sltu    a6, a7, t5
core   0: 3 0x80002c38 (0x01e8b833) x16 0x00000001
core   0: 0x80002c3c (0x69daa713) slti    a4, s5, 1693
core   0: 3 0x80002c3c (0x69daa713) x14 0x00000001
core   0: 0x80002c40 (0x00e6a7b3) slt     a5, a3, a4
core   0: 3 0x80002c40 (0x00e6a7b3) x15 0x00000001
core   0: 0x80002c44 (0xad6d2817) auipc   a6, 0xad6d2
core   0: 3 0x80002c44 (0xad6d2817) x16 0x2d6d4c44
core   0: 0x80002c48 (0x40755413) srai    s0, a0, 7
core   0: 3 0x80002c48 (0x40755413) x 8 0xff000299
core   0: 0x80002c4c (0xc138b213) sltiu   tp, a7, -1005
core   0: 3 0x80002c4c (0xc138b213) x 4 0x00000001
core   0: 0x80002c50 (0x407f8033) sub     zero, t6, t2
core   0: 3 0x80002c50 (0x407f8033)
core   0: 0x80002c54 (0xa5907137) lui     sp, 0xa5907
core   0: 3 0x80002c54 (0xa5907137) x 2 0xa5907000
core   0: 0x80002c58 (0xd3ef7093) andi    ra, t5, -706
core   0: 3 0x80002c58 (0xd3ef7093) x 1 0x3c526400
core   0: 0x80002c5c (0x01dddbb3) srl     s7, s11, t4
core   0: 3 0x80002c5c (0x01dddbb3) x23 0xfffff940
core   0: 0x80002c60 (0x017f9793) slli    a5, t6, 23
core   0: 3 0x80002c60 (0x017f9793) x15 0x00000000
core   0: 0x80002c64 (0x01d283b3) add     t2, t0, t4
core   0: 3 0x80002c64 (0x01d283b3) x 7 0x00080010
core   0: 0x80002c68 (0x01415fb3) srl     t6, sp, s4
core   0: 3 0x80002c68 (0x01415fb3) x31 0x00000a59
core   0: 0x80002c6c (0x00bc52b3) srl     t0, s8, a1
core   0: 3 0x80002c6c (0x00bc52b3) x 5 0x0ffc27e3
core   0: 0x80002c70 (0x00c3b133) sltu    sp, t2, a2
core   0: 3 0x80002c70 (0x00c3b133) x 2 0x00000001
core   0: 0x80002c74 (0x41d35633) sra     a2, t1, t4
core   0: 3 0x80002c74 (0x41d35633) x12 0x0000020d
core   0: 0x80002c78 (0x00c6fe33) and     t3, a3, a2
core   0: 3 0x80002c78 (0x00c6fe33) x28 0x0000020d
core   0: 0x80002c7c (0x6b8584b7) lui     s1, 0x6b858
core   0: 3 0x80002c7c (0x6b8584b7) x 9 0x6b858000
core   0: 0x80002c80 (0x0062d833) srl     a6, t0, t1
core   0: 3 0x80002c80 (0x0062d833) x16 0x00007fe1
core   0: 0x80002c84 (0x01469493) slli    s1, a3, 20
core   0: 3 0x80002c84 (0x01469493) x 9 0xfff00000
core   0: 0x80002c88 (0x00992a33) slt     s4, s2, s1
core   0: 3 0x80002c88 (0x00992a33) x20 0x00000000
core   0: 0x80002c8c (0x00000013) nop
core   0: 3 0x80002c8c (0x00000013)
core   0: 0x80002c90 (0xce84e693) ori     a3, s1, -792
core   0: 3 0x80002c90 (0xce84e693) x13 0xfffffce8
core   0: 0x80002c94 (0x01c91fb3) sll     t6, s2, t3
core   0: 3 0x80002c94 (0x01c91fb3) x31 0x00000000
core   0: 0x80002c98 (0xc6c54093) xori    ra, a0, -916
core   0: 3 0x80002c98 (0xc6c54093) x 1 0x7ffeb088
core   0: 0x80002c9c (0xb8187f13) andi    t5, a6, -1151
core   0: 3 0x80002c9c (0xb8187f13) x30 0x00007b81
core   0: 0x80002ca0 (0x00f7d4b3) srl     s1, a5, a5
core   0: 3 0x80002ca0 (0x00f7d4b3) x 9 0x00000000
core   0: 0x80002ca4 (0x41545993) srai    s3, s0, 21
core   0: 3 0x80002ca4 (0x41545993) x19 0xfffffff8
core   0: 0x80002ca8 (0x40cd0e33) sub     t3, s10, a2
core   0: 3 0x80002ca8 (0x40cd0e33) x28 0xfffffdf4
core   0: 0x80002cac (0x003494b3) sll     s1, s1, gp
core   0: 3 0x80002cac (0x003494b3) x 9 0x00000000
core   0: 0x80002cb0 (0x240cfe93) andi    t4, s9, 576
core   0: 3 0x80002cb0 (0x240cfe93) x29 0x00000000
core   0: 0x80002cb4 (0x867abd93) sltiu   s11, s5, -1945
core   0: 3 0x80002cb4 (0x867abd93) x27 0x00000001
core   0: 0x80002cb8 (0x40f93237) lui     tp, 0x40f93
core   0: 3 0x80002cb8 (0x40f93237) x 4 0x40f93000
core   0: 0x80002cbc (0x41d0dab3) sra     s5, ra, t4
core   0: 3 0x80002cbc (0x41d0dab3) x21 0x7ffeb088
core   0: 0x80002cc0 (0x004c4433) xor     s0, s8, tp
core   0: 3 0x80002cc0 (0x004c4433) x 8 0xbf3b4e3f
core   0: 0x80002cc4 (0x4001d793) srai    a5, gp, 0
core   0: 3 0x80002cc4 (0x4001d793) x15 0x00000000
core   0: 0x80002cc8 (0xad9ca993) slti    s3, s9, -1319
core   0: 3 0x80002cc8 (0xad9ca993) x19 0x00000001
core   0: 0x80002ccc (0x01f85d13) srli    s10, a6, 31
core   0: 3 0x80002ccc (0x01f85d13) x26 0x00000000
core   0: 0x80002cd0 (0xc79ed197) auipc   gp, 0xc79ed
core   0: 3 0x80002cd0 (0xc79ed197) x 3 0x479efcd0
core   0: 0x80002cd4 (0xec7cc113) xori    sp, s9, -313
core   0: 3 0x80002cd4 (0xec7cc113) x 2 0x7ffebb72
core   0: 0x80002cd8 (0x009d20b3) slt     ra, s10, s1
core   0: 3 0x80002cd8 (0x009d20b3) x 1 0x00000000
core   0: 0x80002cdc (0x01249ab3) sll     s5, s1, s2
core   0: 3 0x80002cdc (0x01249ab3) x21 0x00000000
core   0: 0x80002ce0 (0x13450617) auipc   a2, 0x13450
core   0: 3 0x80002ce0 (0x13450617) x12 0x93452ce0
core   0: 0x80002ce4 (0x4142d1b3) sra     gp, t0, s4
core   0: 3 0x80002ce4 (0x4142d1b3) x 3 0x0ffc27e3
core   0: 0x80002ce8 (0x6b657293) andi    t0, a0, 1718
core   0: 3 0x80002ce8 (0x6b657293) x 5 0x000004a4
core   0: 0x80002cec (0x400687b3) sub     a5, a3, zero
core   0: 3 0x80002cec (0x400687b3) x15 0xfffffce8
core   0: 0x80002cf0 (0x9b75ee93) ori     t4, a1, -1609
core   0: 3 0x80002cf0 (0x9b75ee93) x29 0xfffffff7
core   0: 0x80002cf4 (0x22b2eb13) ori     s6, t0, 555
core   0: 3 0x80002cf4 (0x22b2eb13) x22 0x000006af
core   0: 0x80002cf8 (0x0fed4f37) lui     t5, 0xfed4
core   0: 3 0x80002cf8 (0x0fed4f37) x30 0x0fed4000
core   0: 0x80002cfc (0x00229133) sll     sp, t0, sp
core   0: 3 0x80002cfc (0x00229133) x 2 0x12900000
core   0: 0x80002d00 (0x00701eb3) sll     t4, zero, t2
core   0: 3 0x80002d00 (0x00701eb3) x29 0x00000000
core   0: 0x80002d04 (0x00000013) nop
core   0: 3 0x80002d04 (0x00000013)
core   0: 0x80002d08 (0x00000013) nop
core   0: 3 0x80002d08 (0x00000013)
core   0: 0x80002d0c (0x01782233) slt     tp, a6, s7
core   0: 3 0x80002d0c (0x01782233) x 4 0x00000000
core   0: 0x80002d10 (0x41d5dc93) srai    s9, a1, 29
core   0: 3 0x80002d10 (0x41d5dc93) x25 0xfffffffc
core   0: 0x80002d14 (0x41a35a93) srai    s5, t1, 26
core   0: 3 0x80002d14 (0x41a35a93) x21 0x00000000
core   0: 0x80002d18 (0x01ac1f13) slli    t5, s8, 26
core   0: 3 0x80002d18 (0x01ac1f13) x30 0xfc000000
core   0: 0x80002d1c (0x38411db7) lui     s11, 0x38411
core   0: 3 0x80002d1c (0x38411db7) x27 0x38411000
core   0: 0x80002d20 (0x00715713) srli    a4, sp, 7
core   0: 3 0x80002d20 (0x00715713) x14 0x00252000
core   0: 0x80002d24 (0x01931b33) sll     s6, t1, s9
core   0: 3 0x80002d24 (0x01931b33) x22 0xd0000000
core   0: 0x80002d28 (0x4f9ecf13) xori    t5, t4, 1273
core   0: 3 0x80002d28 (0x4f9ecf13) x30 0x000004f9
core   0: 0x80002d2c (0x01ffa433) slt     s0, t6, t6
core   0: 3 0x80002d2c (0x01ffa433) x 8 0x00000000
core   0: 0x80002d30 (0x014edcb3) srl     s9, t4, s4
core   0: 3 0x80002d30 (0x014edcb3) x25 0x00000000
core   0: 0x80002d34 (0x00000013) nop
core   0: 3 0x80002d34 (0x00000013)
core   0: 0x80002d38 (0x1885b713) sltiu   a4, a1, 392
core   0: 3 0x80002d38 (0x1885b713) x14 0x00000000
core   0: 0x80002d3c (0xace08313) addi    t1, ra, -1330
core   0: 3 0x80002d3c (0xace08313) x 6 0xffffface
core   0: 0x80002d40 (0x09750093) addi    ra, a0, 151
core   0: 3 0x80002d40 (0x09750093) x 1 0x80014d7b
core   0: 0x80002d44 (0x406ed893) srai    a7, t4, 6
core   0: 3 0x80002d44 (0x406ed893) x17 0x00000000
core   0: 0x80002d48 (0x00f31cb3) sll     s9, t1, a5
core   0: 3 0x80002d48 (0x00f31cb3) x25 0xffface00
core   0: 0x80002d4c (0x7153f213) andi    tp, t2, 1813
core   0: 3 0x80002d4c (0x7153f213) x 4 0x00000010
core   0: 0x80002d50 (0x4073df93) srai    t6, t2, 7
core   0: 3 0x80002d50 (0x4073df93) x31 0x00001000
core   0: 0x80002d54 (0x403b5c93) srai    s9, s6, 3
core   0: 3 0x80002d54 (0x403b5c93) x25 0xfa000000
core   0: 0x80002d58 (0x5b8d5497) auipc   s1, 0x5b8d5
core   0: 3 0x80002d58 (0x5b8d5497) x 9 0xdb8d7d58
core   0: 0x80002d5c (0x2596adb7) lui     s11, 0x2596a
core   0: 3 0x80002d5c (0x2596adb7) x27 0x2596a000
core   0: 0x80002d60 (0x006f24b3) slt     s1, t5, t1
core   0: 3 0x80002d60 (0x006f24b3) x 9 0x00000000
core   0: 0x80002d64 (0x00000013) nop
core   0: 3 0x80002d64 (0x00000013)
core   0: 0x80002d68 (0x418281b3) sub     gp, t0, s8
core   0: 3 0x80002d68 (0x418281b3) x 3 0x003d8665
core   0: 0x80002d6c (0x017e6733) or      a4, t3, s7
core   0: 3 0x80002d6c (0x017e6733) x14 0xfffffdf4
core   0: 0x80002d70 (0x4c5e7a13) andi    s4, t3, 1221
core   0: 3 0x80002d70 (0x4c5e7a13) x20 0x000004c4
core   0: 0x80002d74 (0xa0cf8413) addi    s0, t6, -1524
core   0: 3 0x80002d74 (0xa0cf8413) x 8 0x00000a0c
core   0: 0x80002d78 (0x40a95d33) sra     s10, s2, a0
core   0: 3 0x80002d78 (0x40a95d33) x26 0x00000000
core   0: 0x80002d7c (0x40910433) sub     s0, sp, s1
core   0: 3 0x80002d7c (0x40910433) x 8 0x12900000
core   0: 0x80002d80 (0x01adfe33) and     t3, s11, s10
core   0: 3 0x80002d80 (0x01adfe33) x28 0x00000000
core   0: 0x80002d84 (0x402d54b3) sra     s1, s10, sp
core   0: 3 0x80002d84 (0x402d54b3) x 9 0x00000000
core   0: 0x80002d88 (0x8ed9ba13) sltiu   s4, s3, -1811
core   0: 3 0x80002d88 (0x8ed9ba13) x20 0x00000001
core   0: 0x80002d8c (0x5cd44713) xori    a4, s0, 1485
core   0: 3 0x80002d8c (0x5cd44713) x14 0x129005cd
core   0: 0x80002d90 (0x070ee413) ori     s0, t4, 112
core   0: 3 0x80002d90 (0x070ee413) x 8 0x00000070
core   0: 0x80002d94 (0x928b0093) addi    ra, s6, -1752
core   0: 3 0x80002d94 (0x928b0093) x 1 0xcffff928
core   0: 0x80002d98 (0x17f96313) ori     t1, s2, 383
core   0: 3 0x80002d98 (0x17f96313) x 6 0x0000017f
core   0: 0x80002d9c (0x01345c93) srli    s9, s0, 19
core   0: 3 0x80002d9c (0x01345c93) x25 0x00000000
core   0: 0x80002da0 (0x01eeaab3) slt     s5, t4, t5
core   0: 3 0x80002da0 (0x01eeaab3) x21 0x00000001
core   0: 0x80002da4 (0x01641193) slli    gp, s0, 22
core   0: 3 0x80002da4 (0x01641193) x 3 0x1c000000
core   0: 0x80002da8 (0x0131a233) slt     tp, gp, s3
core   0: 3 0x80002da8 (0x0131a233) x 4 0x00000000
core   0: 0x80002dac (0x00331393) slli    t2, t1, 3
core   0: 3 0x80002dac (0x00331393) x 7 0x00000bf8
core   0: 0x80002db0 (0x00677833) and     a6, a4, t1
core   0: 3 0x80002db0 (0x00677833) x16 0x0000014d
core   0: 0x80002db4 (0x00685833) srl     a6, a6, t1
core   0: 3 0x80002db4 (0x00685833) x16 0x00000000
core   0: 0x80002db8 (0x0045f433) and     s0, a1, tp
core   0: 3 0x80002db8 (0x0045f433) x 8 0x00000000
core   0: 0x80002dbc (0x035086b7) lui     a3, 0x3508
core   0: 3 0x80002dbc (0x035086b7) x13 0x03508000
core   0: 0x80002dc0 (0x01f09e33) sll     t3, ra, t6
core   0: 3 0x80002dc0 (0x01f09e33) x28 0xcffff928
core   0: 0x80002dc4 (0x0dc43313) sltiu   t1, s0, 220
core   0: 3 0x80002dc4 (0x0dc43313) x 6 0x00000001
core   0: 0x80002dc8 (0x0083ecb3) or      s9, t2, s0
core   0: 3 0x80002dc8 (0x0083ecb3) x25 0x00000bf8
core   0: 0x80002dcc (0x00da78b3) and     a7, s4, a3
core   0: 3 0x80002dcc (0x00da78b3) x17 0x00000000
core   0: 0x80002dd0 (0x003b4e33) xor     t3, s6, gp
core   0: 3 0x80002dd0 (0x003b4e33) x28 0xcc000000
core   0: 0x80002dd4 (0x004d1293) slli    t0, s10, 4
core   0: 3 0x80002dd4 (0x004d1293) x 5 0x00000000
core   0: 0x80002dd8 (0x0136cdb3) xor     s11, a3, s3
core   0: 3 0x80002dd8 (0x0136cdb3) x27 0x03508001
core   0: 0x80002ddc (0xa3eac213) xori    tp, s5, -1474
core   0: 3 0x80002ddc (0xa3eac213) x 4 0xfffffa3f
core   0: 0x80002de0 (0x40bc5113) srai    sp, s8, 11
core   0: 3 0x80002de0 (0x40bc5113) x 2 0xfffff84f
core   0: 0x80002de4 (0x41dcd833) sra     a6, s9, t4
core   0: 3 0x80002de4 (0x41dcd833) x16 0x00000bf8
core   0: 0x80002de8 (0x70423113) sltiu   sp, tp, 1796
core   0: 3 0x80002de8 (0x70423113) x 2 0x00000000
core   0: 0x80002dec (0xab4cad93) slti    s11, s9, -1356
core   0: 3 0x80002dec (0xab4cad93) x27 0x00000000
core   0: 0x80002df0 (0x406e5733) sra     a4, t3, t1
core   0: 3 0x80002df0 (0x406e5733) x14 0xe6000000
core   0: 0x80002df4 (0x14fced17) auipc   s10, 0x14fce
core   0: 3 0x80002df4 (0x14fced17) x26 0x94fd0df4
core   0: 0x80002df8 (0x41e8d833) sra     a6, a7, t5
core   0: 3 0x80002df8 (0x41e8d833) x16 0x00000000
core   0: 0x80002dfc (0x8a814a93) xori    s5, sp, -1880
core   0: 3 0x80002dfc (0x8a814a93) x21 0xfffff8a8
core   0: 0x80002e00 (0x7123a913) slti    s2, t2, 1810
core   0: 3 0x80002e00 (0x7123a913) x18 0x00000000
core   0: 0x80002e04 (0x00bfd933) srl     s2, t6, a1
core   0: 3 0x80002e04 (0x00bfd933) x18 0x00000100
core   0: 0x80002e08 (0x00a0c7b3) xor     a5, ra, a0
core   0: 3 0x80002e08 (0x00a0c7b3) x15 0x4ffeb5cc
core   0: 0x80002e0c (0xa53ff693) andi    a3, t6, -1453
core   0: 3 0x80002e0c (0xa53ff693) x13 0x00001000
core   0: 0x80002e10 (0x01c54b33) xor     s6, a0, t3
core   0: 3 0x80002e10 (0x01c54b33) x22 0x4c014ce4
core   0: 0x80002e14 (0x009dd7b3) srl     a5, s11, s1
core   0: 3 0x80002e14 (0x009dd7b3) x15 0x00000000
core   0: 0x80002e18 (0x00beb233) sltu    tp, t4, a1
core   0: 3 0x80002e18 (0x00beb233) x 4 0x00000001
core   0: 0x80002e1c (0x57e49817) auipc   a6, 0x57e49
core   0: 3 0x80002e1c (0x57e49817) x16 0xd7e4be1c
core   0: 0x80002e20 (0x01bb3d33) sltu    s10, s6, s11
core   0: 3 0x80002e20 (0x01bb3d33) x26 0x00000000
core   0: 0x80002e24 (0x41d28733) sub     a4, t0, t4
core   0: 3 0x80002e24 (0x41d28733) x14 0x00000000
core   0: 0x80002e28 (0x014f70b3) and     ra, t5, s4
core   0: 3 0x80002e28 (0x014f70b3) x 1 0x00000001
core   0: 0x80002e2c (0x999c6193) ori     gp, s8, -1639
core   0: 3 0x80002e2c (0x999c6193) x 3 0xffffffbf
core   0: 0x80002e30 (0x01e807b3) add     a5, a6, t5
core   0: 3 0x80002e30 (0x01e807b3) x15 0xd7e4c315
core   0: 0x80002e34 (0x40305e13) srai    t3, zero, 3
core   0: 3 0x80002e34 (0x40305e13) x28 0x00000000
core   0: 0x80002e38 (0x01fdf133) and     sp, s11, t6
core   0: 3 0x80002e38 (0x01fdf133) x 2 0x00000000
core   0: 0x80002e3c (0x004b17b3) sll     a5, s6, tp
core   0: 3 0x80002e3c (0x004b17b3) x15 0x980299c8
core   0: 0x80002e40 (0x00d0ceb3) xor     t4, ra, a3
core   0: 3 0x80002e40 (0x00d0ceb3) x29 0x00001001
core   0: 0x80002e44 (0x00000013) nop
core   0: 3 0x80002e44 (0x00000013)
core   0: 0x80002e48 (0x00806233) or      tp, zero, s0
core   0: 3 0x80002e48 (0x00806233) x 4 0x00000000
core   0: 0x80002e4c (0x0074d713) srli    a4, s1, 7
core   0: 3 0x80002e4c (0x0074d713) x14 0x00000000
core   0: 0x80002e50 (0x00d37233) and     tp, t1, a3
core   0: 3 0x80002e50 (0x00d37233) x 4 0x00000000
core   0: 0x80002e54 (0x00dfd713) srli    a4, t6, 13
core   0: 3 0x80002e54 (0x00dfd713) x14 0x00000000
core   0: 0x80002e58 (0x400d5013) srai    zero, s10, 0
core   0: 3 0x80002e58 (0x400d5013)
core   0: 0x80002e5c (0xac5d6193) ori     gp, s10, -1339
core   0: 3 0x80002e5c (0xac5d6193) x 3 0xfffffac5
core   0: 0x80002e60 (0x159680b7) lui     ra, 0x15968
core   0: 3 0x80002e60 (0x159680b7) x 1 0x15968000
core   0: 0x80002e64 (0x018303b3) add     t2, t1, s8
core   0: 3 0x80002e64 (0x018303b3) x 7 0xffc27e40
core   0: 0x80002e68 (0x00f8c0b3) xor     ra, a7, a5
core   0: 3 0x80002e68 (0x00f8c0b3) x 1 0x980299c8
core   0: 0x80002e6c (0x00000013) nop
core   0: 3 0x80002e6c (0x00000013)
core   0: 0x80002e70 (0xf9aba313) slti    t1, s7, -102
core   0: 3 0x80002e70 (0xf9aba313) x 6 0x00000001
core   0: 0x80002e74 (0xb13e6913) ori     s2, t3, -1261
core   0: 3 0x80002e74 (0xb13e6913) x18 0xfffffb13
core   0: 0x80002e78 (0x002d3eb3) sltu    t4, s10, sp
core   0: 3 0x80002e78 (0x002d3eb3) x29 0x00000000
core   0: 0x80002e7c (0x41be5433) sra     s0, t3, s11
core   0: 3 0x80002e7c (0x41be5433) x 8 0x00000000
core   0: 0x80002e80 (0x40cb0433) sub     s0, s6, a2
core   0: 3 0x80002e80 (0x40cb0433) x 8 0xb8bc2004
core   0: 0x80002e84 (0x00113cb3) sltu    s9, sp, ra
core   0: 3 0x80002e84 (0x00113cb3) x25 0x00000001
core   0: 0x80002e88 (0x3b9e2413) slti    s0, t3, 953
core   0: 3 0x80002e88 (0x3b9e2413) x 8 0x00000001
core   0: 0x80002e8c (0x00137db3) and     s11, t1, ra
core   0: 3 0x80002e8c (0x00137db3) x27 0x00000000
core   0: 0x80002e90 (0xf9d1e113) ori     sp, gp, -99
core   0: 3 0x80002e90 (0xf9d1e113) x 2 0xffffffdd
core   0: 0x80002e94 (0x404d8933) sub     s2, s11, tp
core   0: 3 0x80002e94 (0x404d8933) x18 0x00000000
core   0: 0x80002e98 (0x21f58eb7) lui     t4, 0x21f58
core   0: 3 0x80002e98 (0x21f58eb7) x29 0x21f58000
core   0: 0x80002e9c (0xe74fed13) ori     s10, t6, -396
core   0: 3 0x80002e9c (0xe74fed13) x26 0xfffffe74
core   0: 0x80002ea0 (0xbe530813) addi    a6, t1, -1051
core   0: 3 0x80002ea0 (0xbe530813) x16 0xfffffbe6
core   0: 0x80002ea4 (0x000a5ab3) srl     s5, s4, zero
core   0: 3 0x80002ea4 (0x000a5ab3) x21 0x00000001
core   0: 0x80002ea8 (0x01cd9db3) sll     s11, s11, t3
core   0: 3 0x80002ea8 (0x01cd9db3) x27 0x00000000
core   0: 0x80002eac (0x00f67333) and     t1, a2, a5
core   0: 3 0x80002eac (0x00f67333) x 6 0x900008c0
core   0: 0x80002eb0 (0x00000013) nop
core   0: 3 0x80002eb0 (0x00000013)
core   0: 0x80002eb4 (0x19b1fa93) andi    s5, gp, 411
core   0: 3 0x80002eb4 (0x19b1fa93) x21 0x00000081
core   0: 0x80002eb8 (0x00aaecb3) or      s9, s5, a0
core   0: 3 0x80002eb8 (0x00aaecb3) x25 0x80014ce5
core   0: 0x80002ebc (0x0009c333) xor     t1, s3, zero
core   0: 3 0x80002ebc (0x0009c333) x 6 0x00000001
core   0: 0x80002ec0 (0x9c7f71b7) lui     gp, 0x9c7f7
core   0: 3 0x80002ec0 (0x9c7f71b7) x 3 0x9c7f7000
core   0: 0x80002ec4 (0x411c81b3) sub     gp, s9, a7
core   0: 3 0x80002ec4 (0x411c81b3) x 3 0x80014ce5
core   0: 0x80002ec8 (0x41645033) sra     zero, s0, s6
core   0: 3 0x80002ec8 (0x41645033)
core   0: 0x80002ecc (0x0110e1b3) or      gp, ra, a7
core   0: 3 0x80002ecc (0x0110e1b3) x 3 0x980299c8
core   0: 0x80002ed0 (0x01e9fdb3) and     s11, s3, t5
core   0: 3 0x80002ed0 (0x01e9fdb3) x27 0x00000001
core   0: 0x80002ed4 (0xa81a2913) slti    s2, s4, -1407
core   0: 3 0x80002ed4 (0xa81a2913) x18 0x00000000
core   0: 0x80002ed8 (0x006a5633) srl     a2, s4, t1
core   0: 3 0x80002ed8 (0x006a5633) x12 0x00000000
core   0: 0x80002edc (0x01dbbf33) sltu    t5, s7, t4
core   0: 3 0x80002edc (0x01dbbf33) x30 0x00000000
core   0: 0x80002ee0 (0x01f5a4b3) slt     s1, a1, t6
core   0: 3 0x80002ee0 (0x01f5a4b3) x 9 0x00000001
core   0: 0x80002ee4 (0x01173333) sltu    t1, a4, a7
core   0: 3 0x80002ee4 (0x01173333) x 6 0x00000000
core   0: 0x80002ee8 (0x41ce8133) sub     sp, t4, t3
core   0: 3 0x80002ee8 (0x41ce8133) x 2 0x21f58000
core   0: 0x80002eec (0xe115be93) sltiu   t4, a1, -495
core   0: 3 0x80002eec (0xe115be93) x29 0x00000001
core   0: 0x80002ef0 (0x018ed613) srli    a2, t4, 24
core   0: 3 0x80002ef0 (0x018ed613) x12 0x00000000
core   0: 0x80002ef4 (0x41e204b3) sub     s1, tp, t5
core   0: 3 0x80002ef4 (0x41e204b3) x 9 0x00000000
core   0: 0x80002ef8 (0x733ea613) slti    a2, t4, 1843
core   0: 3 0x80002ef8 (0x733ea613) x12 0x00000001
core   0: 0x80002efc (0x00000013) nop
core   0: 3 0x80002efc (0x00000013)
core   0: 0x80002f00 (0x40d58933) sub     s2, a1, a3
core   0: 3 0x80002f00 (0x40d58933) x18 0x8000fe64
core   0: 0x80002f04 (0x00000013) nop
core   0: 3 0x80002f04 (0x00000013)
core   0: 0x80002f08 (0x40d7dbb3) sra     s7, a5, a3
core   0: 3 0x80002f08 (0x40d7dbb3) x23 0x980299c8
core   0: 0x80002f0c (0x6c02c417) auipc   s0, 0x6c02c
core   0: 3 0x80002f0c (0x6c02c417) x 8 0xec02ef0c
core   0: 0x80002f10 (0x418a8eb3) sub     t4, s5, s8
core   0: 3 0x80002f10 (0x418a8eb3) x29 0x003d8242
core   0: 0x80002f14 (0x0104a333) slt     t1, s1, a6
core   0: 3 0x80002f14 (0x0104a333) x 6 0x00000000
core   0: 0x80002f18 (0x413bd493) srai    s1, s7, 19
core   0: 3 0x80002f18 (0x413bd493) x 9 0xfffff300
core   0: 0x80002f1c (0x01b79693) slli    a3, a5, 27
core   0: 3 0x80002f1c (0x01b79693) x13 0x40000000
core   0: 0x80002f20 (0x95f78f13) addi    t5, a5, -1697
core   0: 3 0x80002f20 (0x95f78f13) x30 0x98029327
core   0: 0x80002f24 (0x003027b3) slt     a5, zero, gp
core   0: 3 0x80002f24 (0x003027b3) x15 0x00000000
core   0: 0x80002f28 (0x43e1e693) ori     a3, gp, 1086
core   0: 3 0x80002f28 (0x43e1e693) x13 0x98029dfe
core   0: 0x80002f2c (0x01b9a733) slt     a4, s3, s11
core   0: 3 0x80002f2c (0x01b9a733) x14 0x00000000
core   0: 0x80002f30 (0x4652fb93) andi    s7, t0, 1125
core   0: 3 0x80002f30 (0x4652fb93) x23 0x00000000
core   0: 0x80002f34 (0x00000013) nop
core   0: 3 0x80002f34 (0x00000013)
core   0: 0x80002f38 (0xdd9f8a13) addi    s4, t6, -551
core   0: 3 0x80002f38 (0xdd9f8a13) x20 0x00000dd9
core   0: 0x80002f3c (0x01dfa6b3) slt     a3, t6, t4
core   0: 3 0x80002f3c (0x01dfa6b3) x13 0x00000001
core   0: 0x80002f40 (0x01fb6733) or      a4, s6, t6
core   0: 3 0x80002f40 (0x01fb6733) x14 0x4c015ce4
core   0: 0x80002f44 (0x95422113) slti    sp, tp, -1708
core   0: 3 0x80002f44 (0x95422113) x 2 0x00000000
core   0: 0x80002f48 (0x38cf6213) ori     tp, t5, 908
core   0: 3 0x80002f48 (0x38cf6213) x 4 0x980293af
core   0: 0x80002f4c (0x01a976b3) and     a3, s2, s10
core   0: 3 0x80002f4c (0x01a976b3) x13 0x8000fe64
core   0: 0x80002f50 (0x00fe3cb3) sltu    s9, t3, a5
core   0: 3 0x80002f50 (0x00fe3cb3) x25 0x00000000
core   0: 0x80002f54 (0xddc9eb93) ori     s7, s3, -548
core   0: 3 0x80002f54 (0xddc9eb93) x23 0xfffffddd
core   0: 0x80002f58 (0x012eb3b3) sltu    t2, t4, s2
core   0: 3 0x80002f58 (0x012eb3b3) x 7 0x00000001
core   0: 0x80002f5c (0x01345713) srli    a4, s0, 19
core   0: 3 0x80002f5c (0x01345713) x14 0x00001d80
core   0: 0x80002f60 (0x00000013) nop
core   0: 3 0x80002f60 (0x00000013)
core   0: 0x80002f64 (0x5dc53b93) sltiu   s7, a0, 1500
core   0: 3 0x80002f64 (0x5dc53b93) x23 0x00000000
core   0: 0x80002f68 (0xf44d8993) addi    s3, s11, -188
core   0: 3 0x80002f68 (0xf44d8993) x19 0xffffff45
core   0: 0x80002f6c (0x0000be33) sltu    t3, ra, zero
core   0: 3 0x80002f6c (0x0000be33) x28 0x00000000
core   0: 0x80002f70 (0x002f1813) slli    a6, t5, 2
core   0: 3 0x80002f70 (0x002f1813) x16 0x600a4c9c
core   0: 0x80002f74 (0x7faf8a93) addi    s5, t6, 2042
core   0: 3 0x80002f74 (0x7faf8a93) x21 0x000017fa
core   0: 0x80002f78 (0xfd51bfb7) lui     t6, 0xfd51b
core   0: 3 0x80002f78 (0xfd51bfb7) x31 0xfd51b000
core   0: 0x80002f7c (0xed642893) slti    a7, s0, -298
core   0: 3 0x80002f7c (0xed642893) x17 0x00000001
core   0: 0x80002f80 (0x01f3da33) srl     s4, t2, t6
core   0: 3 0x80002f80 (0x01f3da33) x20 0x00000001
core   0: 0x80002f84 (0x510b8713) addi    a4, s7, 1296
core   0: 3 0x80002f84 (0x510b8713) x14 0x00000510
core   0: 0x80002f88 (0x01e81a33) sll     s4, a6, t5
core   0: 3 0x80002f88 (0x01e81a33) x20 0x05264e00
core   0: 0x80002f8c (0xf581ab37) lui     s6, 0xf581a
core   0: 3 0x80002f8c (0xf581ab37) x22 0xf581a000
core   0: 0x80002f90 (0x416b5bb3) sra     s7, s6, s6
core   0: 3 0x80002f90 (0x416b5bb3) x23 0xf581a000
core   0: 0x80002f94 (0x6e513613) sltiu   a2, sp, 1765
core   0: 3 0x80002f94 (0x6e513613) x12 0x00000001
core   0: 0x80002f98 (0x38fa0613) addi    a2, s4, 911
core   0: 3 0x80002f98 (0x38fa0613) x12 0x0526518f
core   0: 0x80002f9c (0x00704133) xor     sp, zero, t2
core   0: 3 0x80002f9c (0x00704133) x 2 0x00000001
core   0: 0x80002fa0 (0x01935bb3) srl     s7, t1, s9
core   0: 3 0x80002fa0 (0x01935bb3) x23 0x00000000
core   0: 0x80002fa4 (0xa4ee8393) addi    t2, t4, -1458
core   0: 3 0x80002fa4 (0xa4ee8393) x 7 0x003d7c90
core   0: 0x80002fa8 (0x00688033) add     zero, a7, t1
core   0: 3 0x80002fa8 (0x00688033)
core   0: 0x80002fac (0x7d5f0693) addi    a3, t5, 2005
core   0: 3 0x80002fac (0x7d5f0693) x13 0x98029afc
core   0: 0x80002fb0 (0x00d7feb3) and     t4, a5, a3
core   0: 3 0x80002fb0 (0x00d7feb3) x29 0x00000000
core   0: 0x80002fb4 (0xc382c013) xori    zero, t0, -968
core   0: 3 0x80002fb4 (0xc382c013)
core   0: 0x80002fb8 (0x413d5ab3) sra     s5, s10, s3
core   0: 3 0x80002fb8 (0x413d5ab3) x21 0xfffffff3
core   0: 0x80002fbc (0x005f9a33) sll     s4, t6, t0
core   0: 3 0x80002fbc (0x005f9a33) x20 0xfd51b000
core   0: 0x80002fc0 (0x01ff09b3) add     s3, t5, t6
core   0: 3 0x80002fc0 (0x01ff09b3) x19 0x95544327
core   0: 0x80002fc4 (0x4046d113) srai    sp, a3, 4
core   0: 3 0x80002fc4 (0x4046d113) x 2 0xf98029af
core   0: 0x80002fc8 (0x6f0db617) auipc   a2, 0x6f0db
core   0: 3 0x80002fc8 (0x6f0db617) x12 0xef0ddfc8
core   0: 0x80002fcc (0x2a6cc393) xori    t2, s9, 678
core   0: 3 0x80002fcc (0x2a6cc393) x 7 0x000002a6
core   0: 0x80002fd0 (0x01468733) add     a4, a3, s4
core   0: 3 0x80002fd0 (0x01468733) x14 0x95544afc
core   0: 0x80002fd4 (0x4a3c0e13) addi    t3, s8, 1187
core   0: 3 0x80002fd4 (0x4a3c0e13) x28 0xffc282e2
core   0: 0x80002fd8 (0x01a77733) and     a4, a4, s10
core   0: 3 0x80002fd8 (0x01a77733) x14 0x95544a74
core   0: 0x80002fdc (0x00689e33) sll     t3, a7, t1
core   0: 3 0x80002fdc (0x00689e33) x28 0x00000001
core   0: 0x80002fe0 (0xebb4fa13) andi    s4, s1, -325
core   0: 3 0x80002fe0 (0xebb4fa13) x20 0xfffff200
core   0: 0x80002fe4 (0x41b85213) srai    tp, a6, 27
core   0: 3 0x80002fe4 (0x41b85213) x 4 0x0000000c
core   0: 0x80002fe8 (0xc0978837) lui     a6, 0xc0978
core   0: 3 0x80002fe8 (0xc0978837) x16 0xc0978000
core   0: 0x80002fec (0x00ad1713) slli    a4, s10, 10
core   0: 3 0x80002fec (0x00ad1713) x14 0xfff9d000
core   0: 0x80002ff0 (0x01e2d013) srli    zero, t0, 30
core   0: 3 0x80002ff0 (0x01e2d013)
core   0: 0x80002ff4 (0x008fdd33) srl     s10, t6, s0
core   0: 3 0x80002ff4 (0x008fdd33) x26 0x000fd51b
core   0: 0x80002ff8 (0x7256fb93) andi    s7, a3, 1829
core   0: 3 0x80002ff8 (0x7256fb93) x23 0x00000224
core   0: 0x80002ffc (0x01791413) slli    s0, s2, 23
core   0: 3 0x80002ffc (0x01791413) x 8 0x32000000
core   0: 0x80003000 (0x418c8333) sub     t1, s9, s8
core   0: 3 0x80003000 (0x418c8333) x 6 0x003d81c1
core   0: 0x80003004 (0x2a4f6a13) ori     s4, t5, 676
core   0: 3 0x80003004 (0x2a4f6a13) x20 0x980293a7
core   0: 0x80003008 (0x3c063b13) sltiu   s6, a2, 960
core   0: 3 0x80003008 (0x3c063b13) x22 0x00000000
core   0: 0x8000300c (0x418dd813) srai    a6, s11, 24
core   0: 3 0x8000300c (0x418dd813) x16 0x00000000
core   0: 0x80003010 (0x846a6993) ori     s3, s4, -1978
core   0: 3 0x80003010 (0x846a6993) x19 0xfffffbe7
core   0: 0x80003014 (0x00000013) nop
core   0: 3 0x80003014 (0x00000013)
core   0: 0x80003018 (0x00000013) nop
core   0: 3 0x80003018 (0x00000013)
core   0: 0x8000301c (0xc6ca4b93) xori    s7, s4, -916
core   0: 3 0x8000301c (0xc6ca4b93) x23 0x67fd6fcb
core   0: 0x80003020 (0x41bbd233) sra     tp, s7, s11
core   0: 3 0x80003020 (0x41bbd233) x 4 0x33feb7e5
core   0: 0x80003024 (0x01179bb3) sll     s7, a5, a7
core   0: 3 0x80003024 (0x01179bb3) x23 0x00000000
core   0: 0x80003028 (0x602dcd93) xori    s11, s11, 1538
core   0: 3 0x80003028 (0x602dcd93) x27 0x00000603
core   0: 0x8000302c (0x6b417813) andi    a6, sp, 1716
core   0: 3 0x8000302c (0x6b417813) x16 0x000000a4
core   0: 0x80003030 (0x0172d313) srli    t1, t0, 23
core   0: 3 0x80003030 (0x0172d313) x 6 0x00000000
core   0: 0x80003034 (0x019b3133) sltu    sp, s6, s9
core   0: 3 0x80003034 (0x019b3133) x 2 0x00000000
core   0: 0x80003038 (0x00e028b3) slt     a7, zero, a4
core   0: 3 0x80003038 (0x00e028b3) x17 0x00000000
core   0: 0x8000303c (0x001c1b33) sll     s6, s8, ra
core   0: 3 0x8000303c (0x001c1b33) x22 0xc27e3f00
core   0: 0x80003040 (0x01c1dcb3) srl     s9, gp, t3
core   0: 3 0x80003040 (0x01c1dcb3) x25 0x4c014ce4
core   0: 0x80003044 (0x00785bb3) srl     s7, a6, t2
core   0: 3 0x80003044 (0x00785bb3) x23 0x00000002
core   0: 0x80003048 (0x40975d93) srai    s11, a4, 9
core   0: 3 0x80003048 (0x40975d93) x27 0xfffffce8
core   0: 0x8000304c (0x06477937) lui     s2, 0x6477
core   0: 3 0x8000304c (0x06477937) x18 0x06477000
core   0: 0x80003050 (0x00119793) slli    a5, gp, 1
core   0: 3 0x80003050 (0x00119793) x15 0x30053390
core   0: 0x80003054 (0x01f13933) sltu    s2, sp, t6
core   0: 3 0x80003054 (0x01f13933) x18 0x00000001
core   0: 0x80003058 (0xd0d8e113) ori     sp, a7, -755
core   0: 3 0x80003058 (0xd0d8e113) x 2 0xfffffd0d
core   0: 0x8000305c (0x55648813) addi    a6, s1, 1366
core   0: 3 0x8000305c (0x55648813) x16 0xfffff856
core   0: 0x80003060 (0x010d2a33) slt     s4, s10, a6
core   0: 3 0x80003060 (0x010d2a33) x20 0x00000000
core   0: 0x80003064 (0x00000013) nop
core   0: 3 0x80003064 (0x00000013)
core   0: 0x80003068 (0x018cf2b3) and     t0, s9, s8
core   0: 3 0x80003068 (0x018cf2b3) x 5 0x4c004c24
core   0: 0x8000306c (0xc0446197) auipc   gp, 0xc0446
core   0: 3 0x8000306c (0xc0446197) x 3 0x4044906c
core   0: 0x80003070 (0x0134c6b3) xor     a3, s1, s3
core   0: 3 0x80003070 (0x0134c6b3) x13 0x000008e7
core   0: 0x80003074 (0xbc73bd13) sltiu   s10, t2, -1081
core   0: 3 0x80003074 (0xbc73bd13) x26 0x00000001
core   0: 0x80003078 (0xf47604b7) lui     s1, 0xf4760
core   0: 3 0x80003078 (0xf47604b7) x 9 0xf4760000
core   0: 0x8000307c (0x00a15d33) srl     s10, sp, a0
core   0: 3 0x8000307c (0x00a15d33) x26 0x0fffffd0
core   0: 0x80003080 (0x01befb33) and     s6, t4, s11
core   0: 3 0x80003080 (0x01befb33) x22 0x00000000
core   0: 0x80003084 (0xd4b06193) ori     gp, zero, -693
core   0: 3 0x80003084 (0xd4b06193) x 3 0xfffffd4b
core   0: 0x80003088 (0x0148a8b3) slt     a7, a7, s4
core   0: 3 0x80003088 (0x0148a8b3) x17 0x00000000
core   0: 0x8000308c (0x007436b3) sltu    a3, s0, t2
core   0: 3 0x8000308c (0x007436b3) x13 0x00000000
core   0: 0x80003090 (0x01995b13) srli    s6, s2, 25
core   0: 3 0x80003090 (0x01995b13) x22 0x00000000
core   0: 0x80003094 (0x015d47b3) xor     a5, s10, s5
core   0: 3 0x80003094 (0x015d47b3) x15 0xf0000023
core   0: 0x80003098 (0x4011d733) sra     a4, gp, ra
core   0: 3 0x80003098 (0x4011d733) x14 0xfffffffd
core   0: 0x8000309c (0x403b0d33) sub     s10, s6, gp
core   0: 3 0x8000309c (0x403b0d33) x26 0x000002b5
core   0: 0x800030a0 (0x5b252213) slti    tp, a0, 1458
core   0: 3 0x800030a0 (0x5b252213) x 4 0x00000001
core   0: 0x800030a4 (0x01ae9a93) slli    s5, t4, 26
core   0: 3 0x800030a4 (0x01ae9a93) x21 0x00000000
core   0: 0x800030a8 (0x004848b3) xor     a7, a6, tp
core   0: 3 0x800030a8 (0x004848b3) x17 0xfffff857
core   0: 0x800030ac (0x00468ab3) add     s5, a3, tp
core   0: 3 0x800030ac (0x00468ab3) x21 0x00000001
core   0: 0x800030b0 (0x0048d293) srli    t0, a7, 4
core   0: 3 0x800030b0 (0x0048d293) x 5 0x0fffff85
core   0: 0x800030b4 (0x01e35013) srli    zero, t1, 30
core   0: 3 0x800030b4 (0x01e35013)
core   0: 0x800030b8 (0x01b32633) slt     a2, t1, s11
core   0: 3 0x800030b8 (0x01b32633) x12 0x00000000
core   0: 0x800030bc (0x01af3833) sltu    a6, t5, s10
core   0: 3 0x800030bc (0x01af3833) x16 0x00000000
core   0: 0x800030c0 (0x00000013) nop
core   0: 3 0x800030c0 (0x00000013)
core   0: 0x800030c4 (0xa836f093) andi    ra, a3, -1405
core   0: 3 0x800030c4 (0xa836f093) x 1 0x00000000
core   0: 0x800030c8 (0x4f072093) slti    ra, a4, 1264
core   0: 3 0x800030c8 (0x4f072093) x 1 0x00000001
core   0: 0x800030cc (0xa0f9ef13) ori     t5, s3, -1521
core   0: 3 0x800030cc (0xa0f9ef13) x30 0xfffffbef
core   0: 0x800030d0 (0xb81f8813) addi    a6, t6, -1151
core   0: 3 0x800030d0 (0xb81f8813) x16 0xfd51ab81
core   0: 0x800030d4 (0x00d7e433) or      s0, a5, a3
core   0: 3 0x800030d4 (0x00d7e433) x 8 0xf0000023
core   0: 0x800030d8 (0x5d7de693) ori     a3, s11, 1495
core   0: 3 0x800030d8 (0x5d7de693) x13 0xfffffdff
core   0: 0x800030dc (0x01dae133) or      sp, s5, t4
core   0: 3 0x800030dc (0x01dae133) x 2 0x00000001
core   0: 0x800030e0 (0x014faab3) slt     s5, t6, s4
core   0: 3 0x800030e0 (0x014faab3) x21 0x00000001
core   0: 0x800030e4 (0x016c5693) srli    a3, s8, 22
core   0: 3 0x800030e4 (0x016c5693) x13 0x000003ff
core   0: 0x800030e8 (0x00cfde93) srli    t4, t6, 12
core   0: 3 0x800030e8 (0x00cfde93) x29 0x000fd51b
core   0: 0x800030ec (0x3b7b03b7) lui     t2, 0x3b7b0
core   0: 3 0x800030ec (0x3b7b03b7) x 7 0x3b7b0000
core   0: 0x800030f0 (0x0199b4b3) sltu    s1, s3, s9
core   0: 3 0x800030f0 (0x0199b4b3) x 9 0x00000000
core   0: 0x800030f4 (0x9a376893) ori     a7, a4, -1629
core   0: 3 0x800030f4 (0x9a376893) x17 0xffffffff
core   0: 0x800030f8 (0x40cb5d33) sra     s10, s6, a2
core   0: 3 0x800030f8 (0x40cb5d33) x26 0x00000000
core   0: 0x800030fc (0xd5ebb493) sltiu   s1, s7, -674
core   0: 3 0x800030fc (0xd5ebb493) x 9 0x00000001
core   0: 0x80003100 (0x4124d713) srai    a4, s1, 18
core   0: 3 0x80003100 (0x4124d713) x14 0x00000000
core   0: 0x80003104 (0x6b900a93) li      s5, 1721
core   0: 3 0x80003104 (0x6b900a93) x21 0x000006b9
core   0: 0x80003108 (0x00b45093) srli    ra, s0, 11
core   0: 3 0x80003108 (0x00b45093) x 1 0x001e0000
core   0: 0x8000310c (0x8d677a93) andi    s5, a4, -1834
core   0: 3 0x8000310c (0x8d677a93) x21 0x00000000
core   0: 0x80003110 (0x3a19b793) sltiu   a5, s3, 929
core   0: 3 0x80003110 (0x3a19b793) x15 0x00000000
core   0: 0x80003114 (0x00b41393) slli    t2, s0, 11
core   0: 3 0x80003114 (0x00b41393) x 7 0x00011800
core   0: 0x80003118 (0x72c73713) sltiu   a4, a4, 1836
core   0: 3 0x80003118 (0x72c73713) x14 0x00000001
core   0: 0x8000311c (0x016dda13) srli    s4, s11, 22
core   0: 3 0x8000311c (0x016dda13) x20 0x000003ff
core   0: 0x80003120 (0x00108cb3) add     s9, ra, ra
core   0: 3 0x80003120 (0x00108cb3) x25 0x003c0000
core   0: 0x80003124 (0x850fcb13) xori    s6, t6, -1968
core   0: 3 0x80003124 (0x850fcb13) x22 0x02ae4850
core   0: 0x80003128 (0x0091d613) srli    a2, gp, 9
core   0: 3 0x80003128 (0x0091d613) x12 0x007ffffe
core   0: 0x8000312c (0xa47b5097) auipc   ra, 0xa47b5
core   0: 3 0x8000312c (0xa47b5097) x 1 0x247b812c
core   0: 0x80003130 (0xd1886293) ori     t0, a6, -744
core   0: 3 0x80003130 (0xd1886293) x 5 0xffffff99
core   0: 0x80003134 (0x01148fb3) add     t6, s1, a7
core   0: 3 0x80003134 (0x01148fb3) x31 0x00000000
core   0: 0x80003138 (0x8827f493) andi    s1, a5, -1918
core   0: 3 0x80003138 (0x8827f493) x 9 0x00000000
core   0: 0x8000313c (0x01be5613) srli    a2, t3, 27
core   0: 3 0x8000313c (0x01be5613) x12 0x00000000
core   0: 0x80003140 (0x237e8e13) addi    t3, t4, 567
core   0: 3 0x80003140 (0x237e8e13) x28 0x000fd752
core   0: 0x80003144 (0x01250cb3) add     s9, a0, s2
core   0: 3 0x80003144 (0x01250cb3) x25 0x80014ce5
core   0: 0x80003148 (0x00000013) nop
core   0: 3 0x80003148 (0x00000013)
core   0: 0x8000314c (0x0879b393) sltiu   t2, s3, 135
core   0: 3 0x8000314c (0x0879b393) x 7 0x00000000
core   0: 0x80003150 (0x00013833) sltu    a6, sp, zero
core   0: 3 0x80003150 (0x00013833) x16 0x00000000
core   0: 0x80003154 (0x006d9493) slli    s1, s11, 6
core   0: 3 0x80003154 (0x006d9493) x 9 0xffff3a00
core   0: 0x80003158 (0x00000013) nop
core   0: 3 0x80003158 (0x00000013)
core   0: 0x8000315c (0x01c6d113) srli    sp, a3, 28
core   0: 3 0x8000315c (0x01c6d113) x 2 0x00000000
core   0: 0x80003160 (0x01498333) add     t1, s3, s4
core   0: 3 0x80003160 (0x01498333) x 6 0xffffffe6
core   0: 0x80003164 (0xc8d26e93) ori     t4, tp, -883
core   0: 3 0x80003164 (0xc8d26e93) x29 0xfffffc8d
core   0: 0x80003168 (0x01111d13) slli    s10, sp, 17
core   0: 3 0x80003168 (0x01111d13) x26 0x00000000
core   0: 0x8000316c (0x40d30433) sub     s0, t1, a3
core   0: 3 0x8000316c (0x40d30433) x 8 0xfffffbe7
core   0: 0x80003170 (0x00089e93) slli    t4, a7, 0
core   0: 3 0x80003170 (0x00089e93) x29 0xffffffff
core   0: 0x80003174 (0x0007a133) slt     sp, a5, zero
core   0: 3 0x80003174 (0x0007a133) x 2 0x00000000
core   0: 0x80003178 (0x014b6bb3) or      s7, s6, s4
core   0: 3 0x80003178 (0x014b6bb3) x23 0x02ae4bff
core   0: 0x8000317c (0x00c2b933) sltu    s2, t0, a2
core   0: 3 0x8000317c (0x00c2b933) x18 0x00000000
core   0: 0x80003180 (0x6d473613) sltiu   a2, a4, 1748
core   0: 3 0x80003180 (0x6d473613) x12 0x00000001
core   0: 0x80003184 (0x1da11e97) auipc   t4, 0x1da11
core   0: 3 0x80003184 (0x1da11e97) x29 0x9da14184
core   0: 0x80003188 (0x0077d913) srli    s2, a5, 7
core   0: 3 0x80003188 (0x0077d913) x18 0x00000000
core   0: 0x8000318c (0x3bc54f93) xori    t6, a0, 956
core   0: 3 0x8000318c (0x3bc54f93) x31 0x80014f58
core   0: 0x80003190 (0x40ec5d33) sra     s10, s8, a4
core   0: 3 0x80003190 (0x40ec5d33) x26 0xffe13f1f
core   0: 0x80003194 (0x009d73b3) and     t2, s10, s1
core   0: 3 0x80003194 (0x009d73b3) x 7 0xffe13a00
core   0: 0x80003198 (0x00275c93) srli    s9, a4, 2
core   0: 3 0x80003198 (0x00275c93) x25 0x00000000
core   0: 0x8000319c (0x3bd0b093) sltiu   ra, ra, 957
core   0: 3 0x8000319c (0x3bd0b093) x 1 0x00000000
core   0: 0x800031a0 (0x00d88133) add     sp, a7, a3
core   0: 3 0x800031a0 (0x00d88133) x 2 0x000003fe
core   0: 0x800031a4 (0x00fa87b3) add     a5, s5, a5
core   0: 3 0x800031a4 (0x00fa87b3) x15 0x00000000
core   0: 0x800031a8 (0xef5a7913) andi    s2, s4, -267
core   0: 3 0x800031a8 (0xef5a7913) x18 0x000002f5
core   0: 0x800031ac (0xde6a5337) lui     t1, 0xde6a5
core   0: 3 0x800031ac (0xde6a5337) x 6 0xde6a5000
core   0: 0x800031b0 (0x00bbe1b3) or      gp, s7, a1
core   0: 3 0x800031b0 (0x00bbe1b3) x 3 0x82af4fff
core   0: 0x800031b4 (0x01f6b233) sltu    tp, a3, t6
core   0: 3 0x800031b4 (0x01f6b233) x 4 0x00000001
core   0: 0x800031b8 (0x014d04b3) add     s1, s10, s4
core   0: 3 0x800031b8 (0x014d04b3) x 9 0xffe1431e
core   0: 0x800031bc (0x30228b37) lui     s6, 0x30228
core   0: 3 0x800031bc (0x30228b37) x22 0x30228000
core   0: 0x800031c0 (0xcf859d97) auipc   s11, 0xcf859
core   0: 3 0x800031c0 (0xcf859d97) x27 0x4f85c1c0
core   0: 0x800031c4 (0x00fa29b3) slt     s3, s4, a5
core   0: 3 0x800031c4 (0x00fa29b3) x19 0x00000000
core   0: 0x800031c8 (0x08a90793) addi    a5, s2, 138
core   0: 3 0x800031c8 (0x08a90793) x15 0x0000037f
core   0: 0x800031cc (0x01e833b3) sltu    t2, a6, t5
core   0: 3 0x800031cc (0x01e833b3) x 7 0x00000001
core   0: 0x800031d0 (0x000a9a13) slli    s4, s5, 0
core   0: 3 0x800031d0 (0x000a9a13) x20 0x00000000
core   0: 0x800031d4 (0x00f54d33) xor     s10, a0, a5
core   0: 3 0x800031d4 (0x00f54d33) x26 0x80014f9b
core   0: 0x800031d8 (0x018304b3) add     s1, t1, s8
core   0: 3 0x800031d8 (0x018304b3) x 9 0xde2cce3f
core   0: 0x800031dc (0x012c9693) slli    a3, s9, 18
core   0: 3 0x800031dc (0x012c9693) x13 0x00000000
core   0: 0x800031e0 (0x01c15793) srli    a5, sp, 28
core   0: 3 0x800031e0 (0x01c15793) x15 0x00000000
core   0: 0x800031e4 (0x0152db93) srli    s7, t0, 21
core   0: 3 0x800031e4 (0x0152db93) x23 0x000007ff
core   0: 0x800031e8 (0x00169933) sll     s2, a3, ra
core   0: 3 0x800031e8 (0x00169933) x18 0x00000000
core   0: 0x800031ec (0x40e687b3) sub     a5, a3, a4
core   0: 3 0x800031ec (0x40e687b3) x15 0xffffffff
core   0: 0x800031f0 (0xa1e00a93) li      s5, -1506
core   0: 3 0x800031f0 (0xa1e00a93) x21 0xfffffa1e
core   0: 0x800031f4 (0x00000013) nop
core   0: 3 0x800031f4 (0x00000013)
core   0: 0x800031f8 (0x01307db3) and     s11, zero, s3
core   0: 3 0x800031f8 (0x01307db3) x27 0x00000000
core   0: 0x800031fc (0x3bb0f213) andi    tp, ra, 955
core   0: 3 0x800031fc (0x3bb0f213) x 4 0x00000000
core   0: 0x80003200 (0x0199de33) srl     t3, s3, s9
core   0: 3 0x80003200 (0x0199de33) x28 0x00000000
core   0: 0x80003204 (0x010281b3) add     gp, t0, a6
core   0: 3 0x80003204 (0x010281b3) x 3 0xffffff99
core   0: 0x80003208 (0x00a69a13) slli    s4, a3, 10
core   0: 3 0x80003208 (0x00a69a13) x20 0x00000000
core   0: 0x8000320c (0xc1ece713) ori     a4, s9, -994
core   0: 3 0x8000320c (0xc1ece713) x14 0xfffffc1e
core   0: 0x80003210 (0x019a1c93) slli    s9, s4, 25
core   0: 3 0x80003210 (0x019a1c93) x25 0x00000000
core   0: 0x80003214 (0x001d9233) sll     tp, s11, ra
core   0: 3 0x80003214 (0x001d9233) x 4 0x00000000
core   0: 0x80003218 (0x8fa42693) slti    a3, s0, -1798
core   0: 3 0x80003218 (0x8fa42693) x13 0x00000000
core   0: 0x8000321c (0x4355a4b7) lui     s1, 0x4355a
core   0: 3 0x8000321c (0x4355a4b7) x 9 0x4355a000
core   0: 0x80003220 (0x013480b3) add     ra, s1, s3
core   0: 3 0x80003220 (0x013480b3) x 1 0x4355a000
core   0: 0x80003224 (0x01605db3) srl     s11, zero, s6
core   0: 3 0x80003224 (0x01605db3) x27 0x00000000
core   0: 0x80003228 (0x40465693) srai    a3, a2, 4
core   0: 3 0x80003228 (0x40465693) x13 0x00000000
core   0: 0x8000322c (0x00bbda33) srl     s4, s7, a1
core   0: 3 0x8000322c (0x00bbda33) x20 0x0000007f
core   0: 0x80003230 (0x019e39b3) sltu    s3, t3, s9
core   0: 3 0x80003230 (0x019e39b3) x19 0x00000000
core   0: 0x80003234 (0x0927f413) andi    s0, a5, 146
core   0: 3 0x80003234 (0x0927f413) x 8 0x00000092
core   0: 0x80003238 (0x00e48b33) add     s6, s1, a4
core   0: 3 0x80003238 (0x00e48b33) x22 0x43559c1e
core   0: 0x8000323c (0x0190ea33) or      s4, ra, s9
core   0: 3 0x8000323c (0x0190ea33) x20 0x4355a000
core   0: 0x80003240 (0x01768633) add     a2, a3, s7
core   0: 3 0x80003240 (0x01768633) x12 0x000007ff
core   0: 0x80003244 (0x40cdd093) srai    ra, s11, 12
core   0: 3 0x80003244 (0x40cdd093) x 1 0x00000000
core   0: 0x80003248 (0x01076333) or      t1, a4, a6
core   0: 3 0x80003248 (0x01076333) x 6 0xfffffc1e
core   0: 0x8000324c (0x41438db3) sub     s11, t2, s4
core   0: 3 0x8000324c (0x41438db3) x27 0xbcaa6001
core   0: 0x80003250 (0x7369ed13) ori     s10, s3, 1846
core   0: 3 0x80003250 (0x7369ed13) x26 0x00000736
core   0: 0x80003254 (0x41430d33) sub     s10, t1, s4
core   0: 3 0x80003254 (0x41430d33) x26 0xbcaa5c1e
core   0: 0x80003258 (0x01e8a833) slt     a6, a7, t5
core   0: 3 0x80003258 (0x01e8a833) x16 0x00000000
core   0: 0x8000325c (0x77dbe7b7) lui     a5, 0x77dbe
core   0: 3 0x8000325c (0x77dbe7b7) x15 0x77dbe000
core   0: 0x80003260 (0x019d42b3) xor     t0, s10, s9
core   0: 3 0x80003260 (0x019d42b3) x 5 0xbcaa5c1e
core   0: 0x80003264 (0x00bd5933) srl     s2, s10, a1
core   0: 3 0x80003264 (0x00bd5933) x18 0x0bcaa5c1
core   0: 0x80003268 (0x007169b3) or      s3, sp, t2
core   0: 3 0x80003268 (0x007169b3) x19 0x000003ff
core   0: 0x8000326c (0x410bd713) srai    a4, s7, 16
core   0: 3 0x8000326c (0x410bd713) x14 0x00000000
core   0: 0x80003270 (0x6d17a693) slti    a3, a5, 1745
core   0: 3 0x80003270 (0x6d17a693) x13 0x00000000
core   0: 0x80003274 (0xce332eb7) lui     t4, 0xce332
core   0: 3 0x80003274 (0xce332eb7) x29 0xce332000
core   0: 0x80003278 (0x5379f437) lui     s0, 0x5379f
core   0: 3 0x80003278 (0x5379f437) x 8 0x5379f000
core   0: 0x8000327c (0xd9abef13) ori     t5, s7, -614
core   0: 3 0x8000327c (0xd9abef13) x30 0xffffffff
core   0: 0x80003280 (0x00e740b3) xor     ra, a4, a4
core   0: 3 0x80003280 (0x00e740b3) x 1 0x00000000
core   0: 0x80003284 (0x41c7dc93) srai    s9, a5, 28
core   0: 3 0x80003284 (0x41c7dc93) x25 0x00000007
core   0: 0x80003288 (0x00ea96b3) sll     a3, s5, a4
core   0: 3 0x80003288 (0x00ea96b3) x13 0xfffffa1e
core   0: 0x8000328c (0x00ca8eb3) add     t4, s5, a2
core   0: 3 0x8000328c (0x00ca8eb3) x29 0x0000021d
core   0: 0x80003290 (0xab002a13) slti    s4, zero, -1360
core   0: 3 0x80003290 (0xab002a13) x20 0x00000000
core   0: 0x80003294 (0xeecc2693) slti    a3, s8, -276
core   0: 3 0x80003294 (0xeecc2693) x13 0x00000001
core   0: 0x80003298 (0x00b76133) or      sp, a4, a1
core   0: 3 0x80003298 (0x00b76133) x 2 0x80010e64
core   0: 0x8000329c (0xc104ce13) xori    t3, s1, -1008
core   0: 3 0x8000329c (0xc104ce13) x28 0xbcaa5c10
core   0: 0x800032a0 (0xc4083e13) sltiu   t3, a6, -960
core   0: 3 0x800032a0 (0xc4083e13) x28 0x00000001
core   0: 0x800032a4 (0x4814c313) xori    t1, s1, 1153
core   0: 3 0x800032a4 (0x4814c313) x 6 0x4355a481
core   0: 0x800032a8 (0x0121ff33) and     t5, gp, s2
core   0: 3 0x800032a8 (0x0121ff33) x30 0x0bcaa581
core   0: 0x800032ac (0x401cd293) srai    t0, s9, 1
core   0: 3 0x800032ac (0x401cd293) x 5 0x00000003
core   0: 0x800032b0 (0x01b92633) slt     a2, s2, s11
core   0: 3 0x800032b0 (0x01b92633) x12 0x00000000
core   0: 0x800032b4 (0xd45db893) sltiu   a7, s11, -699
core   0: 3 0x800032b4 (0xd45db893) x17 0x00000001
core   0: 0x800032b8 (0x2f14b393) sltiu   t2, s1, 753
core   0: 3 0x800032b8 (0x2f14b393) x 7 0x00000000
core   0: 0x800032bc (0x00ecbb33) sltu    s6, s9, a4
core   0: 3 0x800032bc (0x00ecbb33) x22 0x00000000
core   0: 0x800032c0 (0xa39d1e17) auipc   t3, 0xa39d1
core   0: 3 0x800032c0 (0xa39d1e17) x28 0x239d42c0
core   0: 0x800032c4 (0xa279b097) auipc   ra, 0xa279b
core   0: 3 0x800032c4 (0xa279b097) x 1 0x2279e2c4
core   0: 0x800032c8 (0x017c1633) sll     a2, s8, s7
core   0: 3 0x800032c8 (0x017c1633) x12 0x80000000
core   0: 0x800032cc (0x41130ab3) sub     s5, t1, a7
core   0: 3 0x800032cc (0x41130ab3) x21 0x4355a480
core   0: 0x800032d0 (0x381c4613) xori    a2, s8, 897
core   0: 3 0x800032d0 (0x381c4613) x12 0xffc27dbe
core   0: 0x800032d4 (0x01e77f33) and     t5, a4, t5
core   0: 3 0x800032d4 (0x01e77f33) x30 0x00000000
core   0: 0x800032d8 (0x37143e13) sltiu   t3, s0, 881
core   0: 3 0x800032d8 (0x37143e13) x28 0x00000000
core   0: 0x800032dc (0x00d81e33) sll     t3, a6, a3
core   0: 3 0x800032dc (0x00d81e33) x28 0x00000000
core   0: 0x800032e0 (0x019f1433) sll     s0, t5, s9
core   0: 3 0x800032e0 (0x019f1433) x 8 0x00000000
core   0: 0x800032e4 (0x010aa1b3) slt     gp, s5, a6
core   0: 3 0x800032e4 (0x010aa1b3) x 3 0x00000000
core   0: 0x800032e8 (0x0080ccb3) xor     s9, ra, s0
core   0: 3 0x800032e8 (0x0080ccb3) x25 0x2279e2c4
core   0: 0x800032ec (0x41605ab3) sra     s5, zero, s6
core   0: 3 0x800032ec (0x41605ab3) x21 0x00000000
core   0: 0x800032f0 (0x41d10ab3) sub     s5, sp, t4
core   0: 3 0x800032f0 (0x41d10ab3) x21 0x80010c47
core   0: 0x800032f4 (0x00d606b3) add     a3, a2, a3
core   0: 3 0x800032f4 (0x00d606b3) x13 0xffc27dbf
core   0: 0x800032f8 (0x007d5bb3) srl     s7, s10, t2
core   0: 3 0x800032f8 (0x007d5bb3) x23 0xbcaa5c1e
core   0: 0x800032fc (0x017dc0b3) xor     ra, s11, s7
core   0: 3 0x800032fc (0x017dc0b3) x 1 0x00003c1f
core   0: 0x80003300 (0x960a4493) xori    s1, s4, -1696
core   0: 3 0x80003300 (0x960a4493) x 9 0xfffff960
core   0: 0x80003304 (0x403bd6b3) sra     a3, s7, gp
core   0: 3 0x80003304 (0x403bd6b3) x13 0xbcaa5c1e
core   0: 0x80003308 (0xc9ae2e93) slti    t4, t3, -870
core   0: 3 0x80003308 (0xc9ae2e93) x29 0x00000000
core   0: 0x8000330c (0x00825633) srl     a2, tp, s0
core   0: 3 0x8000330c (0x00825633) x12 0x00000000
core   0: 0x80003310 (0x4196d9b3) sra     s3, a3, s9
core   0: 3 0x80003310 (0x4196d9b3) x19 0xfbcaa5c1
core   0: 0x80003314 (0x001b0a33) add     s4, s6, ra
core   0: 3 0x80003314 (0x001b0a33) x20 0x00003c1f
core   0: 0x80003318 (0x579d7013) andi    zero, s10, 1401
core   0: 3 0x80003318 (0x579d7013)
core   0: 0x8000331c (0x016cf633) and     a2, s9, s6
core   0: 3 0x8000331c (0x016cf633) x12 0x00000000
core   0: 0x80003320 (0x00000013) nop
core   0: 3 0x80003320 (0x00000013)
core   0: 0x80003324 (0x01f99793) slli    a5, s3, 31
core   0: 3 0x80003324 (0x01f99793) x15 0x80000000
core   0: 0x80003328 (0x18006893) ori     a7, zero, 384
core   0: 3 0x80003328 (0x18006893) x17 0x00000180
core   0: 0x8000332c (0x01aed7b3) srl     a5, t4, s10
core   0: 3 0x8000332c (0x01aed7b3) x15 0x00000000
core   0: 0x80003330 (0xe98ae293) ori     t0, s5, -360
core   0: 3 0x80003330 (0xe98ae293) x 5 0xfffffedf
core   0: 0x80003334 (0x41a6da13) srai    s4, a3, 26
core   0: 3 0x80003334 (0x41a6da13) x20 0xffffffef
core   0: 0x80003338 (0xc463b293) sltiu   t0, t2, -954
core   0: 3 0x80003338 (0xc463b293) x 5 0x00000001
core   0: 0x8000333c (0x5bcf3e13) sltiu   t3, t5, 1468
core   0: 3 0x8000333c (0x5bcf3e13) x28 0x00000001
core   0: 0x80003340 (0x41b7dbb3) sra     s7, a5, s11
core   0: 3 0x80003340 (0x41b7dbb3) x23 0x00000000
core   0: 0x80003344 (0xc8dd4893) xori    a7, s10, -883
core   0: 3 0x80003344 (0xc8dd4893) x17 0x4355a093
core   0: 0x80003348 (0x003100b3) add     ra, sp, gp
core   0: 3 0x80003348 (0x003100b3) x 1 0x80010e64
core   0: 0x8000334c (0x00da71b3) and     gp, s4, a3
core   0: 3 0x8000334c (0x00da71b3) x 3 0xbcaa5c0e
core   0: 0x80003350 (0x00000013) nop
core   0: 3 0x80003350 (0x00000013)
core   0: 0x80003354 (0x65f7a893) slti    a7, a5, 1631
core   0: 3 0x80003354 (0x65f7a893) x17 0x00000001
core   0: 0x80003358 (0x01ba71b3) and     gp, s4, s11
core   0: 3 0x80003358 (0x01ba71b3) x 3 0xbcaa6001
core   0: 0x8000335c (0x00669493) slli    s1, a3, 6
core   0: 3 0x8000335c (0x00669493) x 9 0x2a970780
core   0: 0x80003360 (0x7fca60b7) lui     ra, 0x7fca6
core   0: 3 0x80003360 (0x7fca60b7) x 1 0x7fca6000
core   0: 0x80003364 (0x0116d313) srli    t1, a3, 17
core   0: 3 0x80003364 (0x0116d313) x 6 0x00005e55
core   0: 0x80003368 (0x6d07cf13) xori    t5, a5, 1744
core   0: 3 0x80003368 (0x6d07cf13) x30 0x000006d0
core   0: 0x8000336c (0x01aee133) or      sp, t4, s10
core   0: 3 0x8000336c (0x01aee133) x 2 0xbcaa5c1e
core   0: 0x80003370 (0x00f07cb3) and     s9, zero, a5
core   0: 3 0x80003370 (0x00f07cb3) x25 0x00000000
core   0: 0x80003374 (0xf2a24f97) auipc   t6, 0xf2a24
core   0: 3 0x80003374 (0xf2a24f97) x31 0x72a27374
core   0: 0x80003378 (0x40ef58b3) sra     a7, t5, a4
core   0: 3 0x80003378 (0x40ef58b3) x17 0x000006d0
core   0: 0x8000337c (0x88c69737) lui     a4, 0x88c69
core   0: 3 0x8000337c (0x88c69737) x14 0x88c69000
core   0: 0x80003380 (0x99008493) addi    s1, ra, -1648
core   0: 3 0x80003380 (0x99008493) x 9 0x7fca5990
core   0: 0x80003384 (0x01dc56b3) srl     a3, s8, t4
core   0: 3 0x80003384 (0x01dc56b3) x13 0xffc27e3f
core   0: 0x80003388 (0x73d8c813) xori    a6, a7, 1853
core   0: 3 0x80003388 (0x73d8c813) x16 0x000001ed
core   0: 0x8000338c (0x0098e833) or      a6, a7, s1
core   0: 3 0x8000338c (0x0098e833) x16 0x7fca5fd0
core   0: 0x80003390 (0x781b4393) xori    t2, s6, 1921
core   0: 3 0x80003390 (0x781b4393) x 7 0x00000781
core   0: 0x80003394 (0x01a312b3) sll     t0, t1, s10
core   0: 3 0x80003394 (0x01a312b3) x 5 0x40000000
core   0: 0x80003398 (0x01282433) slt     s0, a6, s2
core   0: 3 0x80003398 (0x01282433) x 8 0x00000000
core   0: 0x8000339c (0x5401b693) sltiu   a3, gp, 1344
core   0: 3 0x8000339c (0x5401b693) x13 0x00000000
core   0: 0x800033a0 (0xd08abb13) sltiu   s6, s5, -760
core   0: 3 0x800033a0 (0xd08abb13) x22 0x00000001
core   0: 0x800033a4 (0x00391e33) sll     t3, s2, gp
core   0: 3 0x800033a4 (0x00391e33) x28 0x17954b82
core   0: 0x800033a8 (0x8dd22837) lui     a6, 0x8dd22
core   0: 3 0x800033a8 (0x8dd22837) x16 0x8dd22000
core   0: 0x800033ac (0x017b7eb3) and     t4, s6, s7
core   0: 3 0x800033ac (0x017b7eb3) x29 0x00000000
core   0: 0x800033b0 (0x19450c93) addi    s9, a0, 404
core   0: 3 0x800033b0 (0x19450c93) x25 0x80014e78
core   0: 0x800033b4 (0x006d17b3) sll     a5, s10, t1
core   0: 3 0x800033b4 (0x006d17b3) x15 0x83c00000
core   0: 0x800033b8 (0xd65f0793) addi    a5, t5, -667
core   0: 3 0x800033b8 (0xd65f0793) x15 0x00000435
core   0: 0x800033bc (0xe0cc7393) andi    t2, s8, -500
core   0: 3 0x800033bc (0xe0cc7393) x 7 0xffc27e0c
core   0: 0x800033c0 (0x7f032413) slti    s0, t1, 2032
core   0: 3 0x800033c0 (0x7f032413) x 8 0x00000000
core   0: 0x800033c4 (0x41825813) srai    a6, tp, 24
core   0: 3 0x800033c4 (0x41825813) x16 0x00000000
core   0: 0x800033c8 (0xc316a197) auipc   gp, 0xc316a
core   0: 3 0x800033c8 (0xc316a197) x 3 0x4316d3c8
core   0: 0x800033cc (0x015c7933) and     s2, s8, s5
core   0: 3 0x800033cc (0x015c7933) x18 0x80000c07
core   0: 0x800033d0 (0x4cdb3d13) sltiu   s10, s6, 1229
core   0: 3 0x800033d0 (0x4cdb3d13) x26 0x00000001
core   0: 0x800033d4 (0x01790db3) add     s11, s2, s7
core   0: 3 0x800033d4 (0x01790db3) x27 0x80000c07
core   0: 0x800033d8 (0x0d618413) addi    s0, gp, 214
core   0: 3 0x800033d8 (0x0d618413) x 8 0x4316d49e
core   0: 0x800033dc (0x01e3b4b3) sltu    s1, t2, t5
core   0: 3 0x800033dc (0x01e3b4b3) x 9 0x00000000
core   0: 0x800033e0 (0x00c05c93) srli    s9, zero, 12
core   0: 3 0x800033e0 (0x00c05c93) x25 0x00000000
core   0: 0x800033e4 (0x001b86b3) add     a3, s7, ra
core   0: 3 0x800033e4 (0x001b86b3) x13 0x7fca6000
core   0: 0x800033e8 (0xe08c4393) xori    t2, s8, -504
core   0: 3 0x800033e8 (0xe08c4393) x 7 0x003d8037
core   0: 0x800033ec (0x008bf933) and     s2, s7, s0
core   0: 3 0x800033ec (0x008bf933) x18 0x00000000
core   0: 0x800033f0 (0x7dbc9117) auipc   sp, 0x7dbc9
core   0: 3 0x800033f0 (0x7dbc9117) x 2 0xfdbcc3f0
core   0: 0x800033f4 (0xe035e393) ori     t2, a1, -509
core   0: 3 0x800033f4 (0xe035e393) x 7 0xfffffe67
core   0: 0x800033f8 (0x011ddd33) srl     s10, s11, a7
core   0: 3 0x800033f8 (0x011ddd33) x26 0x00008000
core   0: 0x800033fc (0x005a9193) slli    gp, s5, 5
core   0: 3 0x800033fc (0x005a9193) x 3 0x002188e0
core   0: 0x80003400 (0x00000013) nop
core   0: 3 0x80003400 (0x00000013)
core   0: 0x80003404 (0x1d273f93) sltiu   t6, a4, 466
core   0: 3 0x80003404 (0x1d273f93) x31 0x00000000
core   0: 0x80003408 (0x01921633) sll     a2, tp, s9
core   0: 3 0x80003408 (0x01921633) x12 0x00000000
core   0: 0x8000340c (0x40fb8a33) sub     s4, s7, a5
core   0: 3 0x8000340c (0x40fb8a33) x20 0xfffffbcb
core   0: 0x80003410 (0x01b17cb3) and     s9, sp, s11
core   0: 3 0x80003410 (0x01b17cb3) x25 0x80000000
core   0: 0x80003414 (0x41f45b93) srai    s7, s0, 31
core   0: 3 0x80003414 (0x41f45b93) x23 0x00000000
core   0: 0x80003418 (0x54e3a497) auipc   s1, 0x54e3a
core   0: 3 0x80003418 (0x54e3a497) x 9 0xd4e3d418
core   0: 0x8000341c (0x00e96433) or      s0, s2, a4
core   0: 3 0x8000341c (0x00e96433) x 8 0x88c69000
core   0: 0x80003420 (0x01a34633) xor     a2, t1, s10
core   0: 3 0x80003420 (0x01a34633) x12 0x0000de55
core   0: 0x80003424 (0x00000013) nop
core   0: 3 0x80003424 (0x00000013)
core   0: 0x80003428 (0x00201a33) sll     s4, zero, sp
core   0: 3 0x80003428 (0x00201a33) x20 0x00000000
core   0: 0x8000342c (0x00445a33) srl     s4, s0, tp
core   0: 3 0x8000342c (0x00445a33) x20 0x88c69000
core   0: 0x80003430 (0x002162b3) or      t0, sp, sp
core   0: 3 0x80003430 (0x002162b3) x 5 0xfdbcc3f0
core   0: 0x80003434 (0x003b1e93) slli    t4, s6, 3
core   0: 3 0x80003434 (0x003b1e93) x29 0x00000008
core   0: 0x80003438 (0x43748b93) addi    s7, s1, 1079
core   0: 3 0x80003438 (0x43748b93) x23 0xd4e3d84f
core   0: 0x8000343c (0x00392db3) slt     s11, s2, gp
core   0: 3 0x8000343c (0x00392db3) x27 0x00000001
core   0: 0x80003440 (0xb6400c93) li      s9, -1180
core   0: 3 0x80003440 (0xb6400c93) x25 0xfffffb64
core   0: 0x80003444 (0xe315ba13) sltiu   s4, a1, -463
core   0: 3 0x80003444 (0xe315ba13) x20 0x00000001
core   0: 0x80003448 (0x00ae37b3) sltu    a5, t3, a0
core   0: 3 0x80003448 (0x00ae37b3) x15 0x00000001
core   0: 0x8000344c (0xe1e98393) addi    t2, s3, -482
core   0: 3 0x8000344c (0xe1e98393) x 7 0xfbcaa3df
core   0: 0x80003450 (0x01b52733) slt     a4, a0, s11
core   0: 3 0x80003450 (0x01b52733) x14 0x00000001
core   0: 0x80003454 (0x00325eb3) srl     t4, tp, gp
core   0: 3 0x80003454 (0x00325eb3) x29 0x00000000
core   0: 0x80003458 (0x1a073d93) sltiu   s11, a4, 416
core   0: 3 0x80003458 (0x1a073d93) x27 0x00000001
core   0: 0x8000345c (0x00699a13) slli    s4, s3, 6
core   0: 3 0x8000345c (0x00699a13) x20 0xf2a97040
core   0: 0x80003460 (0x1c898c93) addi    s9, s3, 456
core   0: 3 0x80003460 (0x1c898c93) x25 0xfbcaa789
core   0: 0x80003464 (0x6148a413) slti    s0, a7, 1556
core   0: 3 0x80003464 (0x6148a413) x 8 0x00000000
core   0: 0x80003468 (0x014c4833) xor     a6, s8, s4
core   0: 3 0x80003468 (0x014c4833) x16 0x0d6b0e7f
core   0: 0x8000346c (0x7329c413) xori    s0, s3, 1842
core   0: 3 0x8000346c (0x7329c413) x 8 0xfbcaa2f3
core   0: 0x80003470 (0x40465933) sra     s2, a2, tp
core   0: 3 0x80003470 (0x40465933) x18 0x0000de55
core   0: 0x80003474 (0x01f45fb3) srl     t6, s0, t6
core   0: 3 0x80003474 (0x01f45fb3) x31 0xfbcaa2f3
core   0: 0x80003478 (0xdafcf013) andi    zero, s9, -593
core   0: 3 0x80003478 (0xdafcf013)
core   0: 0x8000347c (0x00f62db3) slt     s11, a2, a5
core   0: 3 0x8000347c (0x00f62db3) x27 0x00000000
core   0: 0x80003480 (0x01b0e1b3) or      gp, ra, s11
core   0: 3 0x80003480 (0x01b0e1b3) x 3 0x7fca6000
core   0: 0x80003484 (0xc7e0f893) andi    a7, ra, -898
core   0: 3 0x80003484 (0xc7e0f893) x17 0x7fca6000
core   0: 0x80003488 (0x019002b3) add     t0, zero, s9
core   0: 3 0x80003488 (0x019002b3) x 5 0xfbcaa789
core   0: 0x8000348c (0x01500933) add     s2, zero, s5
core   0: 3 0x8000348c (0x01500933) x18 0x80010c47
core   0: 0x80003490 (0xfc143b13) sltiu   s6, s0, -63
core   0: 3 0x80003490 (0xfc143b13) x22 0x00000001
core   0: 0x80003494 (0x009ea233) slt     tp, t4, s1
core   0: 3 0x80003494 (0x009ea233) x 4 0x00000000
core   0: 0x80003498 (0x00555f13) srli    t5, a0, 5
core   0: 3 0x80003498 (0x00555f13) x30 0x04000a67
core   0: 0x8000349c (0x002dda93) srli    s5, s11, 2
core   0: 3 0x8000349c (0x002dda93) x21 0x00000000
core   0: 0x800034a0 (0x00407eb3) and     t4, zero, tp
core   0: 3 0x800034a0 (0x00407eb3) x29 0x00000000
core   0: 0x800034a4 (0x15d8f093) andi    ra, a7, 349
core   0: 3 0x800034a4 (0x15d8f093) x 1 0x00000000
core   0: 0x800034a8 (0x003f9933) sll     s2, t6, gp
core   0: 3 0x800034a8 (0x003f9933) x18 0xfbcaa2f3
core   0: 0x800034ac (0x00e0bd33) sltu    s10, ra, a4
core   0: 3 0x800034ac (0x00e0bd33) x26 0x00000001
core   0: 0x800034b0 (0x007b40b3) xor     ra, s6, t2
core   0: 3 0x800034b0 (0x007b40b3) x 1 0xfbcaa3de
core   0: 0x800034b4 (0x009fa233) slt     tp, t6, s1
core   0: 3 0x800034b4 (0x009fa233) x 4 0x00000000
core   0: 0x800034b8 (0xee087893) andi    a7, a6, -288
core   0: 3 0x800034b8 (0xee087893) x17 0x0d6b0e60
core   0: 0x800034bc (0x01954033) xor     zero, a0, s9
core   0: 3 0x800034bc (0x01954033)
core   0: 0x800034c0 (0x018df433) and     s0, s11, s8
core   0: 3 0x800034c0 (0x018df433) x 8 0x00000000
core   0: 0x800034c4 (0x01a59033) sll     zero, a1, s10
core   0: 3 0x800034c4 (0x01a59033)
core   0: 0x800034c8 (0xc1fd6e13) ori     t3, s10, -993
core   0: 3 0x800034c8 (0xc1fd6e13) x28 0xfffffc1f
core   0: 0x800034cc (0x00b8dcb3) srl     s9, a7, a1
core   0: 3 0x800034cc (0x00b8dcb3) x25 0x00d6b0e6
core   0: 0x800034d0 (0x46dc7013) andi    zero, s8, 1133
core   0: 3 0x800034d0 (0x46dc7013)
core   0: 0x800034d4 (0x7b024613) xori    a2, tp, 1968
core   0: 3 0x800034d4 (0x7b024613) x12 0x000007b0
core   0: 0x800034d8 (0x018ea733) slt     a4, t4, s8
core   0: 3 0x800034d8 (0x018ea733) x14 0x00000000
core   0: 0x800034dc (0x010a1713) slli    a4, s4, 16
core   0: 3 0x800034dc (0x010a1713) x14 0x70400000
core   0: 0x800034e0 (0xbc8ad197) auipc   gp, 0xbc8ad
core   0: 3 0x800034e0 (0xbc8ad197) x 3 0x3c8b04e0
core   0: 0x800034e4 (0x01363033) sltu    zero, a2, s3
core   0: 3 0x800034e4 (0x01363033)
core   0: 0x800034e8 (0x415d0fb3) sub     t6, s10, s5
core   0: 3 0x800034e8 (0x415d0fb3) x31 0x00000001
core   0: 0x800034ec (0x90952f97) auipc   t6, 0x90952
core   0: 3 0x800034ec (0x90952f97) x31 0x109554ec
core   0: 0x800034f0 (0x011cebb3) or      s7, s9, a7
core   0: 3 0x800034f0 (0x011cebb3) x23 0x0dffbee6
core   0: 0x800034f4 (0x40ecdf13) srai    t5, s9, 14
core   0: 3 0x800034f4 (0x40ecdf13) x30 0x0000035a
core   0: 0x800034f8 (0x00ba52b3) srl     t0, s4, a1
core   0: 3 0x800034f8 (0x00ba52b3) x 5 0x0f2a9704
core   0: 0x800034fc (0x01c28433) add     s0, t0, t3
core   0: 3 0x800034fc (0x01c28433) x 8 0x0f2a9323
core   0: 0x80003500 (0x5f5c2717) auipc   a4, 0x5f5c2
core   0: 3 0x80003500 (0x5f5c2717) x14 0xdf5c5500
core   0: 0x80003504 (0x88af4717) auipc   a4, 0x88af4
core   0: 3 0x80003504 (0x88af4717) x14 0x08af7504
core   0: 0x80003508 (0x41298e33) sub     t3, s3, s2
core   0: 3 0x80003508 (0x41298e33) x28 0x000002ce
core   0: 0x8000350c (0xe457d9b7) lui     s3, 0xe457d
core   0: 3 0x8000350c (0xe457d9b7) x19 0xe457d000
core   0: 0x80003510 (0x40bb8d33) sub     s10, s7, a1
core   0: 3 0x80003510 (0x40bb8d33) x26 0x8dfeb082
core   0: 0x80003514 (0x0024d433) srl     s0, s1, sp
core   0: 3 0x80003514 (0x0024d433) x 8 0x0000d4e3
core   0: 0x80003518 (0x00d7c2b3) xor     t0, a5, a3
core   0: 3 0x80003518 (0x00d7c2b3) x 5 0x7fca6001
core   0: 0x8000351c (0x4366b737) lui     a4, 0x4366b
core   0: 3 0x8000351c (0x4366b737) x14 0x4366b000
core   0: 0x80003520 (0x5a80aa93) slti    s5, ra, 1448
core   0: 3 0x80003520 (0x5a80aa93) x21 0x00000001
core   0: 0x80003524 (0x402c5413) srai    s0, s8, 2
core   0: 3 0x80003524 (0x402c5413) x 8 0xfff09f8f
core   0: 0x80003528 (0x01879e13) slli    t3, a5, 24
core   0: 3 0x80003528 (0x01879e13) x28 0x01000000
core   0: 0x8000352c (0x3c667493) andi    s1, a2, 966
core   0: 3 0x8000352c (0x3c667493) x 9 0x00000380
core   0: 0x80003530 (0x85571417) auipc   s0, 0x85571
core   0: 3 0x80003530 (0x85571417) x 8 0x05574530
core   0: 0x80003534 (0x5f7ec217) auipc   tp, 0x5f7ec
core   0: 3 0x80003534 (0x5f7ec217) x 4 0xdf7ef534
core   0: 0x80003538 (0x00b85213) srli    tp, a6, 11
core   0: 3 0x80003538 (0x00b85213) x 4 0x0001ad61
core   0: 0x8000353c (0x41d154b3) sra     s1, sp, t4
core   0: 3 0x8000353c (0x41d154b3) x 9 0xfdbcc3f0
core   0: 0x80003540 (0x28cf9697) auipc   a3, 0x28cf9
core   0: 3 0x80003540 (0x28cf9697) x13 0xa8cfc540
core   0: 0x80003544 (0xa2573813) sltiu   a6, a4, -1499
core   0: 3 0x80003544 (0xa2573813) x16 0x00000001
core   0: 0x80003548 (0x0a167413) andi    s0, a2, 161
core   0: 3 0x80003548 (0x0a167413) x 8 0x000000a0
core   0: 0x8000354c (0x40a809b3) sub     s3, a6, a0
core   0: 3 0x8000354c (0x40a809b3) x19 0x7ffeb31d
core   0: 0x80003550 (0x010fa2b3) slt     t0, t6, a6
core   0: 3 0x80003550 (0x010fa2b3) x 5 0x00000000
core   0: 0x80003554 (0xb7064193) xori    gp, a2, -1168
core   0: 3 0x80003554 (0xb7064193) x 3 0xfffffcc0
core   0: 0x80003558 (0x8f86fe13) andi    t3, a3, -1800
core   0: 3 0x80003558 (0x8f86fe13) x28 0xa8cfc040
core   0: 0x8000355c (0x014cc933) xor     s2, s9, s4
core   0: 3 0x8000355c (0x014cc933) x18 0xf27fc0a6
core   0: 0x80003560 (0x01ae2933) slt     s2, t3, s10
core   0: 3 0x80003560 (0x01ae2933) x18 0x00000000
core   0: 0x80003564 (0x009b49b3) xor     s3, s6, s1
core   0: 3 0x80003564 (0x009b49b3) x19 0xfdbcc3f1
core   0: 0x80003568 (0x01eddbb3) srl     s7, s11, t5
core   0: 3 0x80003568 (0x01eddbb3) x23 0x00000000
core   0: 0x8000356c (0x410787b3) sub     a5, a5, a6
core   0: 3 0x8000356c (0x410787b3) x15 0x00000000
core   0: 0x80003570 (0x006c8cb3) add     s9, s9, t1
core   0: 3 0x80003570 (0x006c8cb3) x25 0x00d70f3b
core   0: 0x80003574 (0x016afb33) and     s6, s5, s6
core   0: 3 0x80003574 (0x016afb33) x22 0x00000001
core   0: 0x80003578 (0x2d35e237) lui     tp, 0x2d35e
core   0: 3 0x80003578 (0x2d35e237) x 4 0x2d35e000
core   0: 0x8000357c (0x30a88eb7) lui     t4, 0x30a88
core   0: 3 0x8000357c (0x30a88eb7) x29 0x30a88000
core   0: 0x80003580 (0x4025de33) sra     t3, a1, sp
core   0: 3 0x80003580 (0x4025de33) x28 0xffff8001
core   0: 0x80003584 (0x000ed6b3) srl     a3, t4, zero
core   0: 3 0x80003584 (0x000ed6b3) x13 0x30a88000
core   0: 0x80003588 (0x9c984e13) xori    t3, a6, -1591
core   0: 3 0x80003588 (0x9c984e13) x28 0xfffff9c8
core   0: 0x8000358c (0x0051d233) srl     tp, gp, t0
core   0: 3 0x8000358c (0x0051d233) x 4 0xfffffcc0
core   0: 0x80003590 (0x00459d93) slli    s11, a1, 4
core   0: 3 0x80003590 (0x00459d93) x27 0x0010e640
core   0: 0x80003594 (0x00399613) slli    a2, s3, 3
core   0: 3 0x80003594 (0x00399613) x12 0xede61f88
core   0: 0x80003598 (0x1b06f3b7) lui     t2, 0x1b06f
core   0: 3 0x80003598 (0x1b06f3b7) x 7 0x1b06f000
core   0: 0x8000359c (0x007e2433) slt     s0, t3, t2
core   0: 3 0x8000359c (0x007e2433) x 8 0x00000001
core   0: 0x800035a0 (0x01caee33) or      t3, s5, t3
core   0: 3 0x800035a0 (0x01caee33) x28 0xfffff9c9
core   0: 0x800035a4 (0x7f5f8e13) addi    t3, t6, 2037
core   0: 3 0x800035a4 (0x7f5f8e13) x28 0x10955ce1
core   0: 0x800035a8 (0x01655393) srli    t2, a0, 22
core   0: 3 0x800035a8 (0x01655393) x 7 0x00000200
core   0: 0x800035ac (0x00761c93) slli    s9, a2, 7
core   0: 3 0x800035ac (0x00761c93) x25 0xf30fc400
core   0: 0x800035b0 (0x40b5dd33) sra     s10, a1, a1
core   0: 3 0x800035b0 (0x40b5dd33) x26 0xf80010e6
core   0: 0x800035b4 (0x01371113) slli    sp, a4, 19
core   0: 3 0x800035b4 (0x01371113) x 2 0x80000000
core   0: 0x800035b8 (0x41885f33) sra     t5, a6, s8
core   0: 3 0x800035b8 (0x41885f33) x30 0x00000000
core   0: 0x800035bc (0x4120d433) sra     s0, ra, s2
core   0: 3 0x800035bc (0x4120d433) x 8 0xfbcaa3de
core   0: 0x800035c0 (0x01e8bab3) sltu    s5, a7, t5
core   0: 3 0x800035c0 (0x01e8bab3) x21 0x00000000
core   0: 0x800035c4 (0x41bcd3b3) sra     t2, s9, s11
core   0: 3 0x800035c4 (0x41bcd3b3) x 7 0xf30fc400
core   0: 0x800035c8 (0x248c7a93) andi    s5, s8, 584
core   0: 3 0x800035c8 (0x248c7a93) x21 0x00000208
core   0: 0x800035cc (0x80d4bf13) sltiu   t5, s1, -2035
core   0: 3 0x800035cc (0x80d4bf13) x30 0x00000001
core   0: 0x800035d0 (0xe6674617) auipc   a2, 0xe6674
core   0: 3 0x800035d0 (0xe6674617) x12 0x666775d0
core   0: 0x800035d4 (0x41245793) srai    a5, s0, 18
core   0: 3 0x800035d4 (0x41245793) x15 0xfffffef2
core   0: 0x800035d8 (0x411c89b3) sub     s3, s9, a7
core   0: 3 0x800035d8 (0x411c89b3) x19 0xe5a4b5a0
core   0: 0x800035dc (0x7016fd13) andi    s10, a3, 1793
core   0: 3 0x800035dc (0x7016fd13) x26 0x00000000
core   0: 0x800035e0 (0x6a4a6e17) auipc   t3, 0x6a4a6
core   0: 3 0x800035e0 (0x6a4a6e17) x28 0xea4a95e0
core   0: 0x800035e4 (0x01396033) or      zero, s2, s3
core   0: 3 0x800035e4 (0x01396033)
core   0: 0x800035e8 (0x00f67f33) and     t5, a2, a5
core   0: 3 0x800035e8 (0x00f67f33) x30 0x666774d0
core   0: 0x800035ec (0xde9ee313) ori     t1, t4, -535
core   0: 3 0x800035ec (0xde9ee313) x 6 0xfffffde9
core   0: 0x800035f0 (0x01fe14b3) sll     s1, t3, t6
core   0: 3 0x800035f0 (0x01fe14b3) x 9 0xa95e0000
core   0: 0x800035f4 (0x0025e833) or      a6, a1, sp
core   0: 3 0x800035f4 (0x0025e833) x16 0x80010e64
core   0: 0x800035f8 (0x00600d33) add     s10, zero, t1
core   0: 3 0x800035f8 (0x00600d33) x26 0xfffffde9
core   0: 0x800035fc (0x60994993) xori    s3, s2, 1545
core   0: 3 0x800035fc (0x60994993) x19 0x00000609
core   0: 0x80003600 (0x01eaa633) slt     a2, s5, t5
core   0: 3 0x80003600 (0x01eaa633) x12 0x00000001
core   0: 0x80003604 (0x00ef9833) sll     a6, t6, a4
core   0: 3 0x80003604 (0x00ef9833) x16 0x109554ec
core   0: 0x80003608 (0x419ad813) srai    a6, s5, 25
core   0: 3 0x80003608 (0x419ad813) x16 0x00000000
core   0: 0x8000360c (0x40735d93) srai    s11, t1, 7
core   0: 3 0x8000360c (0x40735d93) x27 0xfffffffb
core   0: 0x80003610 (0x5b873213) sltiu   tp, a4, 1464
core   0: 3 0x80003610 (0x5b873213) x 4 0x00000000
core   0: 0x80003614 (0x01820f33) add     t5, tp, s8
core   0: 3 0x80003614 (0x01820f33) x30 0xffc27e3f
core   0: 0x80003618 (0xbc197737) lui     a4, 0xbc197
core   0: 3 0x80003618 (0xbc197737) x14 0xbc197000
core   0: 0x8000361c (0x00a516b3) sll     a3, a0, a0
core   0: 3 0x8000361c (0x00a516b3) x13 0x0014ce40
core   0: 0x80003620 (0x00870a33) add     s4, a4, s0
core   0: 3 0x80003620 (0x00870a33) x20 0xb7e413de
core   0: 0x80003624 (0x01ff3fb3) sltu    t6, t5, t6
core   0: 3 0x80003624 (0x01ff3fb3) x31 0x00000000
core   0: 0x80003628 (0x5831bd37) lui     s10, 0x5831b
core   0: 3 0x80003628 (0x5831bd37) x26 0x5831b000
core   0: 0x8000362c (0xa16db713) sltiu   a4, s11, -1514
core   0: 3 0x8000362c (0xa16db713) x14 0x00000000
core   0: 0x80003630 (0x41e15713) srai    a4, sp, 30
core   0: 3 0x80003630 (0x41e15713) x14 0xfffffffe
core   0: 0x80003634 (0xcbd1a793) slti    a5, gp, -835
core   0: 3 0x80003634 (0xcbd1a793) x15 0x00000000
core   0: 0x80003638 (0x8f502b13) slti    s6, zero, -1803
core   0: 3 0x80003638 (0x8f502b13) x22 0x00000000
core   0: 0x8000363c (0x00d4ebb3) or      s7, s1, a3
core   0: 3 0x8000363c (0x00d4ebb3) x23 0xa95ece40
core   0: 0x80003640 (0x41c85393) srai    t2, a6, 28
core   0: 3 0x80003640 (0x41c85393) x 7 0x00000000
core   0: 0x80003644 (0x01dd9bb3) sll     s7, s11, t4
core   0: 3 0x80003644 (0x01dd9bb3) x23 0xfffffffb
core   0: 0x80003648 (0xed176a17) auipc   s4, 0xed176
core   0: 3 0x80003648 (0xed176a17) x20 0x6d179648
core   0: 0x8000364c (0x00933cb3) sltu    s9, t1, s1
core   0: 3 0x8000364c (0x00933cb3) x25 0x00000000
core   0: 0x80003650 (0x4a975697) auipc   a3, 0x4a975
core   0: 3 0x80003650 (0x4a975697) x13 0xca978650
core   0: 0x80003654 (0x80847013) andi    zero, s0, -2040
core   0: 3 0x80003654 (0x80847013)
core   0: 0x80003658 (0x6cc0ff97) auipc   t6, 0x6cc0f
core   0: 3 0x80003658 (0x6cc0ff97) x31 0xecc12658
core   0: 0x8000365c (0xdd852b17) auipc   s6, 0xdd852
core   0: 3 0x8000365c (0xdd852b17) x22 0x5d85565c
core   0: 0x80003660 (0x01d1ce33) xor     t3, gp, t4
core   0: 3 0x80003660 (0x01d1ce33) x28 0xcf577cc0
core   0: 0x80003664 (0x0133f033) and     zero, t2, s3
core   0: 3 0x80003664 (0x0133f033)
core   0: 0x80003668 (0x9d483613) sltiu   a2, a6, -1580
core   0: 3 0x80003668 (0x9d483613) x12 0x00000001
core   0: 0x8000366c (0x415ed033) sra     zero, t4, s5
core   0: 3 0x8000366c (0x415ed033)
core   0: 0x80003670 (0x012818b3) sll     a7, a6, s2
core   0: 3 0x80003670 (0x012818b3) x17 0x00000000
core   0: 0x80003674 (0x9a4c2093) slti    ra, s8, -1628
core   0: 3 0x80003674 (0x9a4c2093) x 1 0x00000001
core   0: 0x80003678 (0x94c2ac93) slti    s9, t0, -1716
core   0: 3 0x80003678 (0x94c2ac93) x25 0x00000000
core   0: 0x8000367c (0x00fb43b3) xor     t2, s6, a5
core   0: 3 0x8000367c (0x00fb43b3) x 7 0x5d85565c
core   0: 0x80003680 (0xa9dc3d17) auipc   s10, 0xa9dc3
core   0: 3 0x80003680 (0xa9dc3d17) x26 0x29dc6680
core   0: 0x80003684 (0xe5c28d93) addi    s11, t0, -420
core   0: 3 0x80003684 (0xe5c28d93) x27 0xfffffe5c
core   0: 0x80003688 (0x01c2cbb3) xor     s7, t0, t3
core   0: 3 0x80003688 (0x01c2cbb3) x23 0xcf577cc0
core   0: 0x8000368c (0x005b08b3) add     a7, s6, t0
core   0: 3 0x8000368c (0x005b08b3) x17 0x5d85565c
core   0: 0x80003690 (0x00469813) slli    a6, a3, 4
core   0: 3 0x80003690 (0x00469813) x16 0xa9786500
core   0: 0x80003694 (0x014d5e93) srli    t4, s10, 20
core   0: 3 0x80003694 (0x014d5e93) x29 0x0000029d
core   0: 0x80003698 (0x94f54093) xori    ra, a0, -1713
core   0: 3 0x80003698 (0x94f54093) x 1 0x7ffeb5ab
core   0: 0x8000369c (0x006e11b3) sll     gp, t3, t1
core   0: 3 0x8000369c (0x006e11b3) x 3 0xaef98000
core   0: 0x800036a0 (0x00ab66b3) or      a3, s6, a0
core   0: 3 0x800036a0 (0x00ab66b3) x13 0xdd855efc
core   0: 0x800036a4 (0x34b6ebb7) lui     s7, 0x34b6e
core   0: 3 0x800036a4 (0x34b6ebb7) x23 0x34b6e000
core   0: 0x800036a8 (0x401208b3) sub     a7, tp, ra
core   0: 3 0x800036a8 (0x401208b3) x17 0x80014a55
core   0: 0x800036ac (0x41badb13) srai    s6, s5, 27
core   0: 3 0x800036ac (0x41badb13) x22 0x00000000
core   0: 0x800036b0 (0x0154d613) srli    a2, s1, 21
core   0: 3 0x800036b0 (0x0154d613) x12 0x0000054a
core   0: 0x800036b4 (0x010d31b3) sltu    gp, s10, a6
core   0: 3 0x800036b4 (0x010d31b3) x 3 0x00000001
core   0: 0x800036b8 (0x2faaf817) auipc   a6, 0x2faaf
core   0: 3 0x800036b8 (0x2faaf817) x16 0xafab26b8
core   0: 0x800036bc (0x00b917b3) sll     a5, s2, a1
core   0: 3 0x800036bc (0x00b917b3) x15 0x00000000
core   0: 0x800036c0 (0x5f052113) slti    sp, a0, 1520
core   0: 3 0x800036c0 (0x5f052113) x 2 0x00000001
core   0: 0x800036c4 (0x012f7733) and     a4, t5, s2
core   0: 3 0x800036c4 (0x012f7733) x14 0x00000000
core   0: 0x800036c8 (0x032b7213) andi    tp, s6, 50
core   0: 3 0x800036c8 (0x032b7213) x 4 0x00000000
core   0: 0x800036cc (0x55847193) andi    gp, s0, 1368
core   0: 3 0x800036cc (0x55847193) x 3 0x00000158
core   0: 0x800036d0 (0x40dddf93) srai    t6, s11, 13
core   0: 3 0x800036d0 (0x40dddf93) x31 0xffffffff
core   0: 0x800036d4 (0xaa8f4913) xori    s2, t5, -1368
core   0: 3 0x800036d4 (0xaa8f4913) x18 0x003d8497
core   0: 0x800036d8 (0x00000013) nop
core   0: 3 0x800036d8 (0x00000013)
core   0: 0x800036dc (0x016b9893) slli    a7, s7, 22
core   0: 3 0x800036dc (0x016b9893) x17 0x00000000
core   0: 0x800036e0 (0x00315db3) srl     s11, sp, gp
core   0: 3 0x800036e0 (0x00315db3) x27 0x00000000
core   0: 0x800036e4 (0x64c4ea13) ori     s4, s1, 1612
core   0: 3 0x800036e4 (0x64c4ea13) x20 0xa95e064c
core   0: 0x800036e8 (0x0072c333) xor     t1, t0, t2
core   0: 3 0x800036e8 (0x0072c333) x 6 0x5d85565c
core   0: 0x800036ec (0x01915d33) srl     s10, sp, s9
core   0: 3 0x800036ec (0x01915d33) x26 0x00000001
core   0: 0x800036f0 (0xf176aa13) slti    s4, a3, -233
core   0: 3 0x800036f0 (0xf176aa13) x20 0x00000001
core   0: 0x800036f4 (0x013e9413) slli    s0, t4, 19
core   0: 3 0x800036f4 (0x013e9413) x 8 0x14e80000
core   0: 0x800036f8 (0x010afdb3) and     s11, s5, a6
core   0: 3 0x800036f8 (0x010afdb3) x27 0x00000208
core   0: 0x800036fc (0x97726393) ori     t2, tp, -1673
core   0: 3 0x800036fc (0x97726393) x 7 0xfffff977
core   0: 0x80003700 (0x00c0b133) sltu    sp, ra, a2
core   0: 3 0x80003700 (0x00c0b133) x 2 0x00000000
core   0: 0x80003704 (0x01406fb3) or      t6, zero, s4
core   0: 3 0x80003704 (0x01406fb3) x31 0x00000001
core   0: 0x80003708 (0x01231913) slli    s2, t1, 18
core   0: 3 0x80003708 (0x01231913) x18 0x59700000
core   0: 0x8000370c (0x35412737) lui     a4, 0x35412
core   0: 3 0x8000370c (0x35412737) x14 0x35412000
core   0: 0x80003710 (0x08d50b93) addi    s7, a0, 141
core   0: 3 0x80003710 (0x08d50b93) x23 0x80014d71
core   0: 0x80003714 (0x722c1017) auipc   zero, 0x722c1
core   0: 3 0x80003714 (0x722c1017)
core   0: 0x80003718 (0x8b598b93) addi    s7, s3, -1867
core   0: 3 0x80003718 (0x8b598b93) x23 0xfffffebe
core   0: 0x8000371c (0x111b3293) sltiu   t0, s6, 273
core   0: 3 0x8000371c (0x111b3293) x 5 0x00000001
core   0: 0x80003720 (0x0186c7b3) xor     a5, a3, s8
core   0: 3 0x80003720 (0x0186c7b3) x15 0x224720c3
core   0: 0x80003724 (0xdc57bd13) sltiu   s10, a5, -571
core   0: 3 0x80003724 (0xdc57bd13) x26 0x00000001
core   0: 0x80003728 (0xa754b613) sltiu   a2, s1, -1419
core   0: 3 0x80003728 (0xa754b613) x12 0x00000001
core   0: 0x8000372c (0x00cf7333) and     t1, t5, a2
core   0: 3 0x8000372c (0x00cf7333) x 6 0x00000001
core   0: 0x80003730 (0x01998d33) add     s10, s3, s9
core   0: 3 0x80003730 (0x01998d33) x26 0x00000609
core   0: 0x80003734 (0x01762e33) slt     t3, a2, s7
core   0: 3 0x80003734 (0x01762e33) x28 0x00000000
core   0: 0x80003738 (0xaddca337) lui     t1, 0xaddca
core   0: 3 0x80003738 (0xaddca337) x 6 0xaddca000
core   0: 0x8000373c (0x00535eb3) srl     t4, t1, t0
core   0: 3 0x8000373c (0x00535eb3) x29 0x56ee5000
core   0: 0x80003740 (0x90067093) andi    ra, a2, -1792
core   0: 3 0x80003740 (0x90067093) x 1 0x00000000
core   0: 0x80003744 (0x01339d13) slli    s10, t2, 19
core   0: 3 0x80003744 (0x01339d13) x26 0xcbb80000
core   0: 0x80003748 (0x0109e8b3) or      a7, s3, a6
core   0: 3 0x80003748 (0x0109e8b3) x17 0xafab26b9
core   0: 0x8000374c (0x8c977f93) andi    t6, a4, -1847
core   0: 3 0x8000374c (0x8c977f93) x31 0x35412000
core   0: 0x80003750 (0x23487a93) andi    s5, a6, 564
core   0: 3 0x80003750 (0x23487a93) x21 0x00000230
core   0: 0x80003754 (0x09eba193) slti    gp, s7, 158
core   0: 3 0x80003754 (0x09eba193) x 3 0x00000001
core   0: 0x80003758 (0x0775b313) sltiu   t1, a1, 119
core   0: 3 0x80003758 (0x0775b313) x 6 0x00000000
core   0: 0x8000375c (0x9c5fa913) slti    s2, t6, -1595
core   0: 3 0x8000375c (0x9c5fa913) x18 0x00000000
core   0: 0x80003760 (0x41ffd213) srai    tp, t6, 31
core   0: 3 0x80003760 (0x41ffd213) x 4 0x00000000
core   0: 0x80003764 (0xd30fb393) sltiu   t2, t6, -720
core   0: 3 0x80003764 (0xd30fb393) x 7 0x00000001
core   0: 0x80003768 (0x0010d633) srl     a2, ra, ra
core   0: 3 0x80003768 (0x0010d633) x12 0x00000000
core   0: 0x8000376c (0x416d57b3) sra     a5, s10, s6
core   0: 3 0x8000376c (0x416d57b3) x15 0xcbb80000
core   0: 0x80003770 (0x002ad693) srli    a3, s5, 2
core   0: 3 0x80003770 (0x002ad693) x13 0x0000008c
core   0: 0x80003774 (0x594ff213) andi    tp, t6, 1428
core   0: 3 0x80003774 (0x594ff213) x 4 0x00000000
core   0: 0x80003778 (0x00000013) nop
core   0: 3 0x80003778 (0x00000013)
core   0: 0x8000377c (0x014c8db3) add     s11, s9, s4
core   0: 3 0x8000377c (0x014c8db3) x27 0x00000001
core   0: 0x80003780 (0x017abb33) sltu    s6, s5, s7
core   0: 3 0x80003780 (0x017abb33) x22 0x00000001
core   0: 0x80003784 (0x405184b3) sub     s1, gp, t0
core   0: 3 0x80003784 (0x405184b3) x 9 0x00000000
core   0: 0x80003788 (0x01cb5613) srli    a2, s6, 28
core   0: 3 0x80003788 (0x01cb5613) x12 0x00000000
core   0: 0x8000378c (0x87bf27b7) lui     a5, 0x87bf2
core   0: 3 0x8000378c (0x87bf27b7) x15 0x87bf2000
core   0: 0x80003790 (0x3baece13) xori    t3, t4, 954
core   0: 3 0x80003790 (0x3baece13) x28 0x56ee53ba
core   0: 0x80003794 (0x012507b3) add     a5, a0, s2
core   0: 3 0x80003794 (0x012507b3) x15 0x80014ce4
core   0: 0x80003798 (0x00000013) nop
core   0: 3 0x80003798 (0x00000013)
core   0: 0x8000379c (0x01cfd133) srl     sp, t6, t3
core   0: 3 0x8000379c (0x01cfd133) x 2 0x0000000d
core   0: 0x800037a0 (0x2f3f4697) auipc   a3, 0x2f3f4
core   0: 3 0x800037a0 (0x2f3f4697) x13 0xaf3f77a0
core   0: 0x800037a4 (0x4185de93) srai    t4, a1, 24
core   0: 3 0x800037a4 (0x4185de93) x29 0xffffff80
core   0: 0x800037a8 (0xfef2ed93) ori     s11, t0, -17
core   0: 3 0x800037a8 (0xfef2ed93) x27 0xffffffef
core   0: 0x800037ac (0x412a5c93) srai    s9, s4, 18
core   0: 3 0x800037ac (0x412a5c93) x25 0x00000000
core   0: 0x800037b0 (0x01203d33) snez    s10, s2
core   0: 3 0x800037b0 (0x01203d33) x26 0x00000000
core   0: 0x800037b4 (0x41a05133) sra     sp, zero, s10
core   0: 3 0x800037b4 (0x41a05133) x 2 0x00000000
core   0: 0x800037b8 (0x00161013) slli    zero, a2, 1
core   0: 3 0x800037b8 (0x00161013)
core   0: 0x800037bc (0x01789913) slli    s2, a7, 23
core   0: 3 0x800037bc (0x01789913) x18 0x5c800000
core   0: 0x800037c0 (0x0021cbb3) xor     s7, gp, sp
core   0: 3 0x800037c0 (0x0021cbb3) x23 0x00000001
core   0: 0x800037c4 (0x01189093) slli    ra, a7, 17
core   0: 3 0x800037c4 (0x01189093) x 1 0x4d720000
core   0: 0x800037c8 (0x00d0e6b3) or      a3, ra, a3
core   0: 3 0x800037c8 (0x00d0e6b3) x13 0xef7f77a0
core   0: 0x800037cc (0x01441eb3) sll     t4, s0, s4
core   0: 3 0x800037cc (0x01441eb3) x29 0x29d00000
core   0: 0x800037d0 (0xd72a2113) slti    sp, s4, -654
core   0: 3 0x800037d0 (0xd72a2113) x 2 0x00000000
core   0: 0x800037d4 (0xf5095037) lui     zero, 0xf5095
core   0: 3 0x800037d4 (0xf5095037)
core   0: 0x800037d8 (0x00000013) nop
core   0: 3 0x800037d8 (0x00000013)
core   0: 0x800037dc (0xec6e3d93) sltiu   s11, t3, -314
core   0: 3 0x800037dc (0xec6e3d93) x27 0x00000001
core   0: 0x800037e0 (0x002061b3) or      gp, zero, sp
core   0: 3 0x800037e0 (0x002061b3) x 3 0x00000000
core   0: 0x800037e4 (0x950ac497) auipc   s1, 0x950ac
core   0: 3 0x800037e4 (0x950ac497) x 9 0x150af7e4
core   0: 0x800037e8 (0x00df9293) slli    t0, t6, 13
core   0: 3 0x800037e8 (0x00df9293) x 5 0x24000000
core   0: 0x800037ec (0x00a10d33) add     s10, sp, a0
core   0: 3 0x800037ec (0x00a10d33) x26 0x80014ce4
core   0: 0x800037f0 (0x31533a93) sltiu   s5, t1, 789
core   0: 3 0x800037f0 (0x31533a93) x21 0x00000001
core   0: 0x800037f4 (0x415e56b3) sra     a3, t3, s5
core   0: 3 0x800037f4 (0x415e56b3) x13 0x2b7729dd
core   0: 0x800037f8 (0x00325313) srli    t1, tp, 3
core   0: 3 0x800037f8 (0x00325313) x 6 0x00000000
core   0: 0x800037fc (0x0111eeb3) or      t4, gp, a7
core   0: 3 0x800037fc (0x0111eeb3) x29 0xafab26b9
core   0: 0x80003800 (0x017223b3) slt     t2, tp, s7
core   0: 3 0x80003800 (0x017223b3) x 7 0x00000001
core   0: 0x80003804 (0x230d5497) auipc   s1, 0x230d5
core   0: 3 0x80003804 (0x230d5497) x 9 0xa30d8804
core   0: 0x80003808 (0x00292f33) slt     t5, s2, sp
core   0: 3 0x80003808 (0x00292f33) x30 0x00000000
core   0: 0x8000380c (0xc66fae93) slti    t4, t6, -922
core   0: 3 0x8000380c (0xc66fae93) x29 0x00000000
core   0: 0x80003810 (0x0127d393) srli    t2, a5, 18
core   0: 3 0x80003810 (0x0127d393) x 7 0x00002000
core   0: 0x80003814 (0x01f3d3b3) srl     t2, t2, t6
core   0: 3 0x80003814 (0x01f3d3b3) x 7 0x00002000
core   0: 0x80003818 (0x00bd1a13) slli    s4, s10, 11
core   0: 3 0x80003818 (0x00bd1a13) x20 0x0a672000
core   0: 0x8000381c (0x01bde7b3) or      a5, s11, s11
core   0: 3 0x8000381c (0x01bde7b3) x15 0x00000001
core   0: 0x80003820 (0x005e66b3) or      a3, t3, t0
core   0: 3 0x80003820 (0x005e66b3) x13 0x76ee53ba
core   0: 0x80003824 (0x40d70cb3) sub     s9, a4, a3
core   0: 3 0x80003824 (0x40d70cb3) x25 0xbe52cc46
core   0: 0x80003828 (0x6db16997) auipc   s3, 0x6db16
core   0: 3 0x80003828 (0x6db16997) x19 0xedb19828
core   0: 0x8000382c (0x404c53b3) sra     t2, s8, tp
core   0: 3 0x8000382c (0x404c53b3) x 7 0xffc27e3f
core   0: 0x80003830 (0xb411ea13) ori     s4, gp, -1215
core   0: 3 0x80003830 (0xb411ea13) x20 0xfffffb41
core   0: 0x80003834 (0x70912e93) slti    t4, sp, 1801
core   0: 3 0x80003834 (0x70912e93) x29 0x00000001
core   0: 0x80003838 (0x783c2813) slti    a6, s8, 1923
core   0: 3 0x80003838 (0x783c2813) x16 0x00000001
core   0: 0x8000383c (0x0049dd93) srli    s11, s3, 4
core   0: 3 0x8000383c (0x0049dd93) x27 0x0edb1982
core   0: 0x80003840 (0xf3c56d93) ori     s11, a0, -196
core   0: 3 0x80003840 (0xf3c56d93) x27 0xfffffffc
core   0: 0x80003844 (0xab4eeb93) ori     s7, t4, -1356
core   0: 3 0x80003844 (0xab4eeb93) x23 0xfffffab5
core   0: 0x80003848 (0x411ad433) sra     s0, s5, a7
core   0: 3 0x80003848 (0x411ad433) x 8 0x00000000
core   0: 0x8000384c (0x00839613) slli    a2, t2, 8
core   0: 3 0x8000384c (0x00839613) x12 0xc27e3f00
core   0: 0x80003850 (0x405d5933) sra     s2, s10, t0
core   0: 3 0x80003850 (0x405d5933) x18 0x80014ce4
core   0: 0x80003854 (0x2a5af917) auipc   s2, 0x2a5af
core   0: 3 0x80003854 (0x2a5af917) x18 0xaa5b2854
core   0: 0x80003858 (0x0176d613) srli    a2, a3, 23
core   0: 3 0x80003858 (0x0176d613) x12 0x000000ed
core   0: 0x8000385c (0x00852333) slt     t1, a0, s0
core   0: 3 0x8000385c (0x00852333) x 6 0x00000001
core   0: 0x80003860 (0x00b70ab3) add     s5, a4, a1
core   0: 3 0x80003860 (0x00b70ab3) x21 0xb5422e64
core   0: 0x80003864 (0x203bc893) xori    a7, s7, 515
core   0: 3 0x80003864 (0x203bc893) x17 0xfffff8b6
core   0: 0x80003868 (0x002d8733) add     a4, s11, sp
core   0: 3 0x80003868 (0x002d8733) x14 0xfffffffc
core   0: 0x8000386c (0x01bd6ab3) or      s5, s10, s11
core   0: 3 0x8000386c (0x01bd6ab3) x21 0xfffffffc
core   0: 0x80003870 (0xc0336a93) ori     s5, t1, -1021
core   0: 3 0x80003870 (0xc0336a93) x21 0xfffffc03
core   0: 0x80003874 (0x00000013) nop
core   0: 3 0x80003874 (0x00000013)
core   0: 0x80003878 (0x41b00e33) sub     t3, zero, s11
core   0: 3 0x80003878 (0x41b00e33) x28 0x00000004
core   0: 0x8000387c (0x4db38f13) addi    t5, t2, 1243
core   0: 3 0x8000387c (0x4db38f13) x30 0xffc2831a
core   0: 0x80003880 (0x00169493) slli    s1, a3, 1
core   0: 3 0x80003880 (0x00169493) x 9 0xeddca774
core   0: 0x80003884 (0x406a87b3) sub     a5, s5, t1
core   0: 3 0x80003884 (0x406a87b3) x15 0xfffffc02
core   0: 0x80003888 (0xb8d2bf13) sltiu   t5, t0, -1139
core   0: 3 0x80003888 (0xb8d2bf13) x30 0x00000001
core   0: 0x8000388c (0x0043eeb3) or      t4, t2, tp
core   0: 3 0x8000388c (0x0043eeb3) x29 0xffc27e3f
core   0: 0x80003890 (0x01581f33) sll     t5, a6, s5
core   0: 3 0x80003890 (0x01581f33) x30 0x00000008
core   0: 0x80003894 (0x418c5cb3) sra     s9, s8, s8
core   0: 3 0x80003894 (0x418c5cb3) x25 0xffffffff
core   0: 0x80003898 (0x10024193) xori    gp, tp, 256
core   0: 3 0x80003898 (0x10024193) x 3 0x00000100
core   0: 0x8000389c (0x00d01333) sll     t1, zero, a3
core   0: 3 0x8000389c (0x00d01333) x 6 0x00000000
core   0: 0x800038a0 (0x00241413) slli    s0, s0, 2
core   0: 3 0x800038a0 (0x00241413) x 8 0x00000000
core   0: 0x800038a4 (0x5b167e97) auipc   t4, 0x5b167
core   0: 3 0x800038a4 (0x5b167e97) x29 0xdb16a8a4
core   0: 0x800038a8 (0x00e80733) add     a4, a6, a4
core   0: 3 0x800038a8 (0x00e80733) x14 0xfffffffd
core   0: 0x800038ac (0xf58e7713) andi    a4, t3, -168
core   0: 3 0x800038ac (0xf58e7713) x14 0x00000000
core   0: 0x800038b0 (0x41e66d93) ori     s11, a2, 1054
core   0: 3 0x800038b0 (0x41e66d93) x27 0x000004ff
core   0: 0x800038b4 (0xa808a913) slti    s2, a7, -1408
core   0: 3 0x800038b4 (0xa808a913) x18 0x00000001
core   0: 0x800038b8 (0x012e9793) slli    a5, t4, 18
core   0: 3 0x800038b8 (0x012e9793) x15 0xa2900000
core   0: 0x800038bc (0x411751b3) sra     gp, a4, a7
core   0: 3 0x800038bc (0x411751b3) x 3 0x00000000
core   0: 0x800038c0 (0xcd6fc093) xori    ra, t6, -810
core   0: 3 0x800038c0 (0xcd6fc093) x 1 0xcabedcd6
core   0: 0x800038c4 (0x015a2933) slt     s2, s4, s5
core   0: 3 0x800038c4 (0x015a2933) x18 0x00000001
core   0: 0x800038c8 (0x009963b3) or      t2, s2, s1
core   0: 3 0x800038c8 (0x009963b3) x 7 0xeddca775
core   0: 0x800038cc (0x011ec433) xor     s0, t4, a7
core   0: 3 0x800038cc (0x011ec433) x 8 0x24e95012
core   0: 0x800038d0 (0x4061d433) sra     s0, gp, t1
core   0: 3 0x800038d0 (0x4061d433) x 8 0x00000000
core   0: 0x800038d4 (0xa94a0a97) auipc   s5, 0xa94a0
core   0: 3 0x800038d4 (0xa94a0a97) x21 0x294a38d4
core   0: 0x800038d8 (0x00000013) nop
core   0: 3 0x800038d8 (0x00000013)
core   0: 0x800038dc (0x0e172d13) slti    s10, a4, 225
core   0: 3 0x800038dc (0x0e172d13) x26 0x00000001
core   0: 0x800038e0 (0x3fc64713) xori    a4, a2, 1020
core   0: 3 0x800038e0 (0x3fc64713) x14 0x00000311
core   0: 0x800038e4 (0x40765fb3) sra     t6, a2, t2
core   0: 3 0x800038e4 (0x40765fb3) x31 0x00000000
core   0: 0x800038e8 (0x01070db3) add     s11, a4, a6
core   0: 3 0x800038e8 (0x01070db3) x27 0x00000312
core   0: 0x800038ec (0x01bb08b3) add     a7, s6, s11
core   0: 3 0x800038ec (0x01bb08b3) x17 0x00000313
core   0: 0x800038f0 (0x005cb7b3) sltu    a5, s9, t0
core   0: 3 0x800038f0 (0x005cb7b3) x15 0x00000000
core   0: 0x800038f4 (0x01ec06b3) add     a3, s8, t5
core   0: 3 0x800038f4 (0x01ec06b3) x13 0xffc27e47
core   0: 0x800038f8 (0xaeebfd93) andi    s11, s7, -1298
core   0: 3 0x800038f8 (0xaeebfd93) x27 0xfffffaa4
core   0: 0x800038fc (0x018a44b3) xor     s1, s4, s8
core   0: 3 0x800038fc (0x018a44b3) x 9 0x003d857e
core   0: 0x80003900 (0x00e23933) sltu    s2, tp, a4
core   0: 3 0x80003900 (0x00e23933) x18 0x00000001
core   0: 0x80003904 (0x001ac3b3) xor     t2, s5, ra
core   0: 3 0x80003904 (0x001ac3b3) x 7 0xe3f4e402
core   0: 0x80003908 (0x1de68113) addi    sp, a3, 478
core   0: 3 0x80003908 (0x1de68113) x 2 0xffc28025
core   0: 0x8000390c (0x00000013) nop
core   0: 3 0x8000390c (0x00000013)
core   0: 0x80003910 (0xdefd3f13) sltiu   t5, s10, -529
core   0: 3 0x80003910 (0xdefd3f13) x30 0x00000001
core   0: 0x80003914 (0x00ee2333) slt     t1, t3, a4
core   0: 3 0x80003914 (0x00ee2333) x 6 0x00000001
core   0: 0x80003918 (0x01db9e13) slli    t3, s7, 29
core   0: 3 0x80003918 (0x01db9e13) x28 0xa0000000
core   0: 0x8000391c (0x01c87333) and     t1, a6, t3
core   0: 3 0x8000391c (0x01c87333) x 6 0x00000000
core   0: 0x80003920 (0x9dcb7997) auipc   s3, 0x9dcb7
core   0: 3 0x80003920 (0x9dcb7997) x19 0x1dcba920
core   0: 0x80003924 (0x00dc1ab3) sll     s5, s8, a3
core   0: 3 0x80003924 (0x00dc1ab3) x21 0xe13f1f80
core   0: 0x80003928 (0x01bb3cb3) sltu    s9, s6, s11
core   0: 3 0x80003928 (0x01bb3cb3) x25 0x00000001
core   0: 0x8000392c (0x01144d33) xor     s10, s0, a7
core   0: 3 0x8000392c (0x01144d33) x26 0x00000313
core   0: 0x80003930 (0x00000013) nop
core   0: 3 0x80003930 (0x00000013)
core   0: 0x80003934 (0xc64dc193) xori    gp, s11, -924
core   0: 3 0x80003934 (0xc64dc193) x 3 0x000006c0
core   0: 0x80003938 (0x43e4fb13) andi    s6, s1, 1086
core   0: 3 0x80003938 (0x43e4fb13) x22 0x0000043e
core   0: 0x8000393c (0x0169c3b3) xor     t2, s3, s6
core   0: 3 0x8000393c (0x0169c3b3) x 7 0x1dcbad1e
core   0: 0x80003940 (0xca743137) lui     sp, 0xca743
core   0: 3 0x80003940 (0xca743137) x 2 0xca743000
core   0: 0x80003944 (0x01e4c4b3) xor     s1, s1, t5
core   0: 3 0x80003944 (0x01e4c4b3) x 9 0x003d857f
core   0: 0x80003948 (0x0193d893) srli    a7, t2, 25
core   0: 3 0x80003948 (0x0193d893) x17 0x0000000e
core   0: 0x8000394c (0x40e7d033) sra     zero, a5, a4
core   0: 3 0x8000394c (0x40e7d033)
core   0: 0x80003950 (0x019dd613) srli    a2, s11, 25
core   0: 3 0x80003950 (0x019dd613) x12 0x0000007f
core   0: 0x80003954 (0x008f9133) sll     sp, t6, s0
core   0: 3 0x80003954 (0x008f9133) x 2 0x00000000
core   0: 0x80003958 (0x9e5c1317) auipc   t1, 0x9e5c1
core   0: 3 0x80003958 (0x9e5c1317) x 6 0x1e5c4958
core   0: 0x8000395c (0x40c45293) srai    t0, s0, 12
core   0: 3 0x8000395c (0x40c45293) x 5 0x00000000
core   0: 0x80003960 (0xd6aae213) ori     tp, s5, -662
core   0: 3 0x80003960 (0xd6aae213) x 4 0xffffffea
core   0: 0x80003964 (0x00c9d493) srli    s1, s3, 12
core   0: 3 0x80003964 (0x00c9d493) x 9 0x0001dcba
core   0: 0x80003968 (0x1cd4f313) andi    t1, s1, 461
core   0: 3 0x80003968 (0x1cd4f313) x 6 0x00000088
core   0: 0x8000396c (0x28197d93) andi    s11, s2, 641
core   0: 3 0x8000396c (0x28197d93) x27 0x00000001
core   0: 0x80003970 (0x579c3f93) sltiu   t6, s8, 1401
core   0: 3 0x80003970 (0x579c3f93) x31 0x00000000
core   0: 0x80003974 (0x41dbd333) sra     t1, s7, t4
core   0: 3 0x80003974 (0x41dbd333) x 6 0xffffffab
core   0: 0x80003978 (0x41ef0cb3) sub     s9, t5, t5
core   0: 3 0x80003978 (0x41ef0cb3) x25 0x00000000
core   0: 0x8000397c (0x41ac5bb3) sra     s7, s8, s10
core   0: 3 0x8000397c (0x41ac5bb3) x23 0xfffffff8
core   0: 0x80003980 (0x00205613) srli    a2, zero, 2
core   0: 3 0x80003980 (0x00205613) x12 0x00000000
core   0: 0x80003984 (0x00565cb3) srl     s9, a2, t0
core   0: 3 0x80003984 (0x00565cb3) x25 0x00000000
core   0: 0x80003988 (0x00c13e33) sltu    t3, sp, a2
core   0: 3 0x80003988 (0x00c13e33) x28 0x00000000
core   0: 0x8000398c (0xa38f8113) addi    sp, t6, -1480
core   0: 3 0x8000398c (0xa38f8113) x 2 0xfffffa38
core   0: 0x80003990 (0x01f91693) slli    a3, s2, 31
core   0: 3 0x80003990 (0x01f91693) x13 0x80000000
core   0: 0x80003994 (0xdc300b13) li      s6, -573
core   0: 3 0x80003994 (0xdc300b13) x22 0xfffffdc3
core   0: 0x80003998 (0xae99bb93) sltiu   s7, s3, -1303
core   0: 3 0x80003998 (0xae99bb93) x23 0x00000001
core   0: 0x8000399c (0x00d92933) slt     s2, s2, a3
core   0: 3 0x8000399c (0x00d92933) x18 0x00000000
core   0: 0x800039a0 (0x018327b3) slt     a5, t1, s8
core   0: 3 0x800039a0 (0x018327b3) x15 0x00000000
core   0: 0x800039a4 (0x40ead3b3) sra     t2, s5, a4
core   0: 3 0x800039a4 (0x40ead3b3) x 7 0xfffff09f
core   0: 0x800039a8 (0x63fe7813) andi    a6, t3, 1599
core   0: 3 0x800039a8 (0x63fe7813) x16 0x00000000
core   0: 0x800039ac (0x4142d493) srai    s1, t0, 20
core   0: 3 0x800039ac (0x4142d493) x 9 0x00000000
core   0: 0x800039b0 (0x406c5833) sra     a6, s8, t1
core   0: 3 0x800039b0 (0x406c5833) x16 0xfffff84f
core   0: 0x800039b4 (0xe0b07093) andi    ra, zero, -501
core   0: 3 0x800039b4 (0xe0b07093) x 1 0x00000000
core   0: 0x800039b8 (0x7892a113) slti    sp, t0, 1929
core   0: 3 0x800039b8 (0x7892a113) x 2 0x00000001
core   0: 0x800039bc (0x013f3733) sltu    a4, t5, s3
core   0: 3 0x800039bc (0x013f3733) x14 0x00000001
core   0: 0x800039c0 (0x40e25113) srai    sp, tp, 14
core   0: 3 0x800039c0 (0x40e25113) x 2 0xffffffff
core   0: 0x800039c4 (0x40ced413) srai    s0, t4, 12
core   0: 3 0x800039c4 (0x40ced413) x 8 0xfffdb16a
core   0: 0x800039c8 (0x00919833) sll     a6, gp, s1
core   0: 3 0x800039c8 (0x00919833) x16 0x000006c0
core   0: 0x800039cc (0x5b2a8113) addi    sp, s5, 1458
core   0: 3 0x800039cc (0x5b2a8113) x 2 0xe13f2532
core   0: 0x800039d0 (0x01aec633) xor     a2, t4, s10
core   0: 3 0x800039d0 (0x01aec633) x12 0xdb16abb7
core   0: 0x800039d4 (0x00000013) nop
core   0: 3 0x800039d4 (0x00000013)
core   0: 0x800039d8 (0x5e5a8193) addi    gp, s5, 1509
core   0: 3 0x800039d8 (0x5e5a8193) x 3 0xe13f2565
core   0: 0x800039dc (0x9e71fcb7) lui     s9, 0x9e71f
core   0: 3 0x800039dc (0x9e71fcb7) x25 0x9e71f000
core   0: 0x800039e0 (0x00d61793) slli    a5, a2, 13
core   0: 3 0x800039e0 (0x00d61793) x15 0xd576e000
core   0: 0x800039e4 (0xc3aee613) ori     a2, t4, -966
core   0: 3 0x800039e4 (0xc3aee613) x12 0xfffffcbe
core   0: 0x800039e8 (0xd64b8c93) addi    s9, s7, -668
core   0: 3 0x800039e8 (0xd64b8c93) x25 0xfffffd65
core   0: 0x800039ec (0x00caab33) slt     s6, s5, a2
core   0: 3 0x800039ec (0x00caab33) x22 0x00000001
core   0: 0x800039f0 (0xd0f9fd93) andi    s11, s3, -753
core   0: 3 0x800039f0 (0xd0f9fd93) x27 0x1dcba900
core   0: 0x800039f4 (0x278b4017) auipc   zero, 0x278b4
core   0: 3 0x800039f4 (0x278b4017)
core   0: 0x800039f8 (0x008c4f33) xor     t5, s8, s0
core   0: 3 0x800039f8 (0x008c4f33) x30 0x003fcf55
core   0: 0x800039fc (0x0121d793) srli    a5, gp, 18
core   0: 3 0x800039fc (0x0121d793) x15 0x0000384f
core   0: 0x80003a00 (0x01225a13) srli    s4, tp, 18
core   0: 3 0x80003a00 (0x01225a13) x20 0x00003fff
core   0: 0x80003a04 (0xc8ace113) ori     sp, s9, -886
core   0: 3 0x80003a04 (0xc8ace113) x 2 0xfffffdef
core   0: 0x80003a08 (0x00000013) nop
core   0: 3 0x80003a08 (0x00000013)
core   0: 0x80003a0c (0x0196b633) sltu    a2, a3, s9
core   0: 3 0x80003a0c (0x0196b633) x12 0x00000001
core   0: 0x80003a10 (0x72e7bf97) auipc   t6, 0x72e7b
core   0: 3 0x80003a10 (0x72e7bf97) x31 0xf2e7ea10
core   0: 0x80003a14 (0xe2590293) addi    t0, s2, -475
core   0: 3 0x80003a14 (0xe2590293) x 5 0xfffffe25
core   0: 0x80003a18 (0xaca6b693) sltiu   a3, a3, -1334
core   0: 3 0x80003a18 (0xaca6b693) x13 0x00000001
core   0: 0x80003a1c (0x00b6e133) or      sp, a3, a1
core   0: 3 0x80003a1c (0x00b6e133) x 2 0x80010e65
core   0: 0x80003a20 (0x01c01693) slli    a3, zero, 28
core   0: 3 0x80003a20 (0x01c01693) x13 0x00000000
core   0: 0x80003a24 (0x01e5b3b3) sltu    t2, a1, t5
core   0: 3 0x80003a24 (0x01e5b3b3) x 7 0x00000000
core   0: 0x80003a28 (0x3b34ba13) sltiu   s4, s1, 947
core   0: 3 0x80003a28 (0x3b34ba13) x20 0x00000001
core   0: 0x80003a2c (0x414a00b3) sub     ra, s4, s4
core   0: 3 0x80003a2c (0x414a00b3) x 1 0x00000000
core   0: 0x80003a30 (0xba9ab713) sltiu   a4, s5, -1111
core   0: 3 0x80003a30 (0xba9ab713) x14 0x00000001
core   0: 0x80003a34 (0x56983a13) sltiu   s4, a6, 1385
core   0: 3 0x80003a34 (0x56983a13) x20 0x00000000
core   0: 0x80003a38 (0x00000013) nop
core   0: 3 0x80003a38 (0x00000013)
core   0: 0x80003a3c (0x00d8b1b3) sltu    gp, a7, a3
core   0: 3 0x80003a3c (0x00d8b1b3) x 3 0x00000000
core   0: 0x80003a40 (0x6ffd2093) slti    ra, s10, 1791
core   0: 3 0x80003a40 (0x6ffd2093) x 1 0x00000001
core   0: 0x80003a44 (0x4949b613) sltiu   a2, s3, 1172
core   0: 3 0x80003a44 (0x4949b613) x12 0x00000000
core   0: 0x80003a48 (0x41e95113) srai    sp, s2, 30
core   0: 3 0x80003a48 (0x41e95113) x 2 0x00000000
core   0: 0x80003a4c (0xa7bf0d93) addi    s11, t5, -1413
core   0: 3 0x80003a4c (0xa7bf0d93) x27 0x003fc9d0
core   0: 0x80003a50 (0x003db4b3) sltu    s1, s11, gp
core   0: 3 0x80003a50 (0x003db4b3) x 9 0x00000000
core   0: 0x80003a54 (0xcd72b713) sltiu   a4, t0, -809
core   0: 3 0x80003a54 (0xcd72b713) x14 0x00000000
core   0: 0x80003a58 (0x00ab2333) slt     t1, s6, a0
core   0: 3 0x80003a58 (0x00ab2333) x 6 0x00000000
core   0: 0x80003a5c (0x768ce893) ori     a7, s9, 1896
core   0: 3 0x80003a5c (0x768ce893) x17 0xffffff6d
core   0: 0x80003a60 (0x7f32e297) auipc   t0, 0x7f32e
core   0: 3 0x80003a60 (0x7f32e297) x 5 0xff331a60
core   0: 0x80003a64 (0x00000013) nop
core   0: 3 0x80003a64 (0x00000013)
core   0: 0x80003a68 (0xbbd96813) ori     a6, s2, -1091
core   0: 3 0x80003a68 (0xbbd96813) x16 0xfffffbbd
core   0: 0x80003a6c (0x00e8c0b3) xor     ra, a7, a4
core   0: 3 0x80003a6c (0x00e8c0b3) x 1 0xffffff6d
core   0: 0x80003a70 (0xb81c2013) slti    zero, s8, -1151
core   0: 3 0x80003a70 (0xb81c2013)
core   0: 0x80003a74 (0x00000013) nop
core   0: 3 0x80003a74 (0x00000013)
core   0: 0x80003a78 (0x41e8d793) srai    a5, a7, 30
core   0: 3 0x80003a78 (0x41e8d793) x15 0xffffffff
core   0: 0x80003a7c (0x400e8cb3) sub     s9, t4, zero
core   0: 3 0x80003a7c (0x400e8cb3) x25 0xdb16a8a4
core   0: 0x80003a80 (0x62d5c197) auipc   gp, 0x62d5c
core   0: 3 0x80003a80 (0x62d5c197) x 3 0xe2d5fa80
core   0: 0x80003a84 (0x40b55793) srai    a5, a0, 11
core   0: 3 0x80003a84 (0x40b55793) x15 0xfff00029
core   0: 0x80003a88 (0x01d63333) sltu    t1, a2, t4
core   0: 3 0x80003a88 (0x01d63333) x 6 0x00000001
core   0: 0x80003a8c (0x4d80fa13) andi    s4, ra, 1240
core   0: 3 0x80003a8c (0x4d80fa13) x20 0x00000448
core   0: 0x80003a90 (0x004fd6b3) srl     a3, t6, tp
core   0: 3 0x80003a90 (0x004fd6b3) x13 0x003cb9fa
core   0: 0x80003a94 (0x00000013) nop
core   0: 3 0x80003a94 (0x00000013)
core   0: 0x80003a98 (0x4b680b13) addi    s6, a6, 1206
core   0: 3 0x80003a98 (0x4b680b13) x22 0x00000073
core   0: 0x80003a9c (0x01a659b3) srl     s3, a2, s10
core   0: 3 0x80003a9c (0x01a659b3) x19 0x00000000
core   0: 0x80003aa0 (0x00b8adb3) slt     s11, a7, a1
core   0: 3 0x80003aa0 (0x00b8adb3) x27 0x00000000
core   0: 0x80003aa4 (0x01beef33) or      t5, t4, s11
core   0: 3 0x80003aa4 (0x01beef33) x30 0xdb16a8a4
core   0: 0x80003aa8 (0x00ad6933) or      s2, s10, a0
core   0: 3 0x80003aa8 (0x00ad6933) x18 0x80014ff7
core   0: 0x80003aac (0xfdbfff93) andi    t6, t6, -37
core   0: 3 0x80003aac (0xfdbfff93) x31 0xf2e7ea10
core   0: 0x80003ab0 (0x014ab733) sltu    a4, s5, s4
core   0: 3 0x80003ab0 (0x014ab733) x14 0x00000000
core   0: 0x80003ab4 (0x19aec2b7) lui     t0, 0x19aec
core   0: 3 0x80003ab4 (0x19aec2b7) x 5 0x19aec000
core   0: 0x80003ab8 (0x01674a33) xor     s4, a4, s6
core   0: 3 0x80003ab8 (0x01674a33) x20 0x00000073
core   0: 0x80003abc (0x00949a13) slli    s4, s1, 9
core   0: 3 0x80003abc (0x00949a13) x20 0x00000000
core   0: 0x80003ac0 (0x22c13113) sltiu   sp, sp, 556
core   0: 3 0x80003ac0 (0x22c13113) x 2 0x00000001
core   0: 0x80003ac4 (0x01b51db3) sll     s11, a0, s11
core   0: 3 0x80003ac4 (0x01b51db3) x27 0x80014ce4
core   0: 0x80003ac8 (0x051d7237) lui     tp, 0x51d7
core   0: 3 0x80003ac8 (0x051d7237) x 4 0x051d7000
core   0: 0x80003acc (0x401cdb13) srai    s6, s9, 1
core   0: 3 0x80003acc (0x401cdb13) x22 0xed8b5452
core   0: 0x80003ad0 (0x40cb8633) sub     a2, s7, a2
core   0: 3 0x80003ad0 (0x40cb8633) x12 0x00000001
core   0: 0x80003ad4 (0x934b8393) addi    t2, s7, -1740
core   0: 3 0x80003ad4 (0x934b8393) x 7 0xfffff935
core   0: 0x80003ad8 (0x002b4733) xor     a4, s6, sp
core   0: 3 0x80003ad8 (0x002b4733) x14 0xed8b5453
core   0: 0x80003adc (0x41b4d933) sra     s2, s1, s11
core   0: 3 0x80003adc (0x41b4d933) x18 0x00000000
core   0: 0x80003ae0 (0x00c997b3) sll     a5, s3, a2
core   0: 3 0x80003ae0 (0x00c997b3) x15 0x00000000
core   0: 0x80003ae4 (0xec462a17) auipc   s4, 0xec462
core   0: 3 0x80003ae4 (0xec462a17) x20 0x6c465ae4
core   0: 0x80003ae8 (0x00bf9793) slli    a5, t6, 11
core   0: 3 0x80003ae8 (0x00bf9793) x15 0x3f508000
core   0: 0x80003aec (0x4fcce693) ori     a3, s9, 1276
core   0: 3 0x80003aec (0x4fcce693) x13 0xdb16acfc
core   0: 0x80003af0 (0x01245eb3) srl     t4, s0, s2
core   0: 3 0x80003af0 (0x01245eb3) x29 0xfffdb16a
core   0: 0x80003af4 (0x653aef13) ori     t5, s5, 1619
core   0: 3 0x80003af4 (0x653aef13) x30 0xe13f1fd3
core   0: 0x80003af8 (0x4149d3b3) sra     t2, s3, s4
core   0: 3 0x80003af8 (0x4149d3b3) x 7 0x00000000
core   0: 0x80003afc (0x018b1033) sll     zero, s6, s8
core   0: 3 0x80003afc (0x018b1033)
core   0: 0x80003b00 (0xc56a2813) slti    a6, s4, -938
core   0: 3 0x80003b00 (0xc56a2813) x16 0x00000000
core   0: 0x80003b04 (0xf7bb8413) addi    s0, s7, -133
core   0: 3 0x80003b04 (0xf7bb8413) x 8 0xffffff7c
core   0: 0x80003b08 (0x018d8433) add     s0, s11, s8
core   0: 3 0x80003b08 (0x018d8433) x 8 0x7fc3cb23
core   0: 0x80003b0c (0x01f48eb3) add     t4, s1, t6
core   0: 3 0x80003b0c (0x01f48eb3) x29 0xf2e7ea10
core   0: 0x80003b10 (0x71dc2c93) slti    s9, s8, 1821
core   0: 3 0x80003b10 (0x71dc2c93) x25 0x00000001
core   0: 0x80003b14 (0x00fa9d13) slli    s10, s5, 15
core   0: 3 0x80003b14 (0x00fa9d13) x26 0x8fc00000
core   0: 0x80003b18 (0x0169a8b3) slt     a7, s3, s6
core   0: 3 0x80003b18 (0x0169a8b3) x17 0x00000000
core   0: 0x80003b1c (0x01e998b3) sll     a7, s3, t5
core   0: 3 0x80003b1c (0x01e998b3) x17 0x00000000
core   0: 0x80003b20 (0x002bdf13) srli    t5, s7, 2
core   0: 3 0x80003b20 (0x002bdf13) x30 0x00000000
core   0: 0x80003b24 (0x3dd2a093) slti    ra, t0, 989
core   0: 3 0x80003b24 (0x3dd2a093) x 1 0x00000000
core   0: 0x80003b28 (0x01e120b3) slt     ra, sp, t5
core   0: 3 0x80003b28 (0x01e120b3) x 1 0x00000000
core   0: 0x80003b2c (0x00000013) nop
core   0: 3 0x80003b2c (0x00000013)
core   0: 0x80003b30 (0x01bbd2b3) srl     t0, s7, s11
core   0: 3 0x80003b30 (0x01bbd2b3) x 5 0x00000000
core   0: 0x80003b34 (0x017b1f33) sll     t5, s6, s7
core   0: 3 0x80003b34 (0x017b1f33) x30 0xdb16a8a4
core   0: 0x80003b38 (0x00fcd0b3) srl     ra, s9, a5
core   0: 3 0x80003b38 (0x00fcd0b3) x 1 0x00000001
core   0: 0x80003b3c (0x01b04033) xor     zero, zero, s11
core   0: 3 0x80003b3c (0x01b04033)
core   0: 0x80003b40 (0x00fd13b3) sll     t2, s10, a5
core   0: 3 0x80003b40 (0x00fd13b3) x 7 0x8fc00000
core   0: 0x80003b44 (0x00000013) nop
core   0: 3 0x80003b44 (0x00000013)
core   0: 0x80003b48 (0x41fbd793) srai    a5, s7, 31
core   0: 3 0x80003b48 (0x41fbd793) x15 0x00000000
core   0: 0x80003b4c (0x407c5393) srai    t2, s8, 7
core   0: 3 0x80003b4c (0x407c5393) x 7 0xffff84fc
core   0: 0x80003b50 (0x00000013) nop
core   0: 3 0x80003b50 (0x00000013)
core   0: 0x80003b54 (0x01ed1f13) slli    t5, s10, 30
core   0: 3 0x80003b54 (0x01ed1f13) x30 0x00000000
core   0: 0x80003b58 (0x001af1b3) and     gp, s5, ra
core   0: 3 0x80003b58 (0x001af1b3) x 3 0x00000000
core   0: 0x80003b5c (0xbc5bb837) lui     a6, 0xbc5bb
core   0: 3 0x80003b5c (0xbc5bb837) x16 0xbc5bb000
core   0: 0x80003b60 (0x414d5393) srai    t2, s10, 20
core   0: 3 0x80003b60 (0x414d5393) x 7 0xfffff8fc
core   0: 0x80003b64 (0xc20dfa13) andi    s4, s11, -992
core   0: 3 0x80003b64 (0xc20dfa13) x20 0x80014c20
core   0: 0x80003b68 (0xb8ff2f13) slti    t5, t5, -1137
core   0: 3 0x80003b68 (0xb8ff2f13) x30 0x00000000
core   0: 0x80003b6c (0xafa75897) auipc   a7, 0xafa75
core   0: 3 0x80003b6c (0xafa75897) x17 0x2fa78b6c
core   0: 0x80003b70 (0x00499a93) slli    s5, s3, 4
core   0: 3 0x80003b70 (0x00499a93) x21 0x00000000
core   0: 0x80003b74 (0x0045e0b3) or      ra, a1, tp
core   0: 3 0x80003b74 (0x0045e0b3) x 1 0x851d7e64
core   0: 0x80003b78 (0x013ac4b3) xor     s1, s5, s3
core   0: 3 0x80003b78 (0x013ac4b3) x 9 0x00000000
core   0: 0x80003b7c (0x00fa51b3) srl     gp, s4, a5
core   0: 3 0x80003b7c (0x00fa51b3) x 3 0x80014c20
core   0: 0x80003b80 (0x011fb133) sltu    sp, t6, a7
core   0: 3 0x80003b80 (0x011fb133) x 2 0x00000000
core   0: 0x80003b84 (0x00000013) nop
core   0: 3 0x80003b84 (0x00000013)
core   0: 0x80003b88 (0x4134dcb3) sra     s9, s1, s3
core   0: 3 0x80003b88 (0x4134dcb3) x25 0x00000000
core   0: 0x80003b8c (0x00e674b3) and     s1, a2, a4
core   0: 3 0x80003b8c (0x00e674b3) x 9 0x00000001
core   0: 0x80003b90 (0x6df1f497) auipc   s1, 0x6df1f
core   0: 3 0x80003b90 (0x6df1f497) x 9 0xedf22b90
core   0: 0x80003b94 (0x01263d33) sltu    s10, a2, s2
core   0: 3 0x80003b94 (0x01263d33) x26 0x00000000
core   0: 0x80003b98 (0x01654033) xor     zero, a0, s6
core   0: 3 0x80003b98 (0x01654033)
core   0: 0x80003b9c (0x566b8713) addi    a4, s7, 1382
core   0: 3 0x80003b9c (0x566b8713) x14 0x00000567
core   0: 0x80003ba0 (0x0171efb3) or      t6, gp, s7
core   0: 3 0x80003ba0 (0x0171efb3) x31 0x80014c21
core   0: 0x80003ba4 (0x93787793) andi    a5, a6, -1737
core   0: 3 0x80003ba4 (0x93787793) x15 0xbc5bb000
core   0: 0x80003ba8 (0x8459bb13) sltiu   s6, s3, -1979
core   0: 3 0x80003ba8 (0x8459bb13) x22 0x00000001
core   0: 0x80003bac (0x01619cb3) sll     s9, gp, s6
core   0: 3 0x80003bac (0x01619cb3) x25 0x00029840
core   0: 0x80003bb0 (0x7aeff613) andi    a2, t6, 1966
core   0: 3 0x80003bb0 (0x7aeff613) x12 0x00000420
core   0: 0x80003bb4 (0x0156d913) srli    s2, a3, 21
core   0: 3 0x80003bb4 (0x0156d913) x18 0x000006d8
core   0: 0x80003bb8 (0x016f4433) xor     s0, t5, s6
core   0: 3 0x80003bb8 (0x016f4433) x 8 0x00000001
core   0: 0x80003bbc (0x00a21813) slli    a6, tp, 10
core   0: 3 0x80003bbc (0x00a21813) x16 0x75c00000
core   0: 0x80003bc0 (0x01a59233) sll     tp, a1, s10
core   0: 3 0x80003bc0 (0x01a59233) x 4 0x80010e64
core   0: 0x80003bc4 (0x01c95333) srl     t1, s2, t3
core   0: 3 0x80003bc4 (0x01c95333) x 6 0x000006d8
core   0: 0x80003bc8 (0x0104da33) srl     s4, s1, a6
core   0: 3 0x80003bc8 (0x0104da33) x20 0xedf22b90
core   0: 0x80003bcc (0x41a80e33) sub     t3, a6, s10
core   0: 3 0x80003bcc (0x41a80e33) x28 0x75c00000
core   0: 0x80003bd0 (0x59f58e93) addi    t4, a1, 1439
core   0: 3 0x80003bd0 (0x59f58e93) x29 0x80011403
core   0: 0x80003bd4 (0x3583a197) auipc   gp, 0x3583a
core   0: 3 0x80003bd4 (0x3583a197) x 3 0xb583dbd4
core   0: 0x80003bd8 (0xb7082a93) slti    s5, a6, -1168
core   0: 3 0x80003bd8 (0xb7082a93) x21 0x00000000
core   0: 0x80003bdc (0xf522f013) andi    zero, t0, -174
core   0: 3 0x80003bdc (0xf522f013)
core   0: 0x80003be0 (0x224aae13) slti    t3, s5, 548
core   0: 3 0x80003be0 (0x224aae13) x28 0x00000001
core   0: 0x80003be4 (0x01435a93) srli    s5, t1, 20
core   0: 3 0x80003be4 (0x01435a93) x21 0x00000000
core   0: 0x80003be8 (0x01e11333) sll     t1, sp, t5
core   0: 3 0x80003be8 (0x01e11333) x 6 0x00000000
core   0: 0x80003bec (0x00824333) xor     t1, tp, s0
core   0: 3 0x80003bec (0x00824333) x 6 0x80010e65
core   0: 0x80003bf0 (0x22eaf313) andi    t1, s5, 558
core   0: 3 0x80003bf0 (0x22eaf313) x 6 0x00000000
core   0: 0x80003bf4 (0x66a38313) addi    t1, t2, 1642
core   0: 3 0x80003bf4 (0x66a38313) x 6 0xffffff66
core   0: 0x80003bf8 (0x004b2133) slt     sp, s6, tp
core   0: 3 0x80003bf8 (0x004b2133) x 2 0x00000000
core   0: 0x80003bfc (0x01ee3a33) sltu    s4, t3, t5
core   0: 3 0x80003bfc (0x01ee3a33) x20 0x00000000
core   0: 0x80003c00 (0x0131f633) and     a2, gp, s3
core   0: 3 0x80003c00 (0x0131f633) x12 0x00000000
core   0: 0x80003c04 (0x01831cb3) sll     s9, t1, s8
core   0: 3 0x80003c04 (0x01831cb3) x25 0x00000000
core   0: 0x80003c08 (0xa237ab13) slti    s6, a5, -1501
core   0: 3 0x80003c08 (0xa237ab13) x22 0x00000001
core   0: 0x80003c0c (0x00c92633) slt     a2, s2, a2
core   0: 3 0x80003c0c (0x00c92633) x12 0x00000000
core   0: 0x80003c10 (0x00000013) nop
core   0: 3 0x80003c10 (0x00000013)
core   0: 0x80003c14 (0x4058df93) srai    t6, a7, 5
core   0: 3 0x80003c14 (0x4058df93) x31 0x017d3c5b
core   0: 0x80003c18 (0x013c5133) srl     sp, s8, s3
core   0: 3 0x80003c18 (0x013c5133) x 2 0xffc27e3f
core   0: 0x80003c1c (0x1cb66d17) auipc   s10, 0x1cb66
core   0: 3 0x80003c1c (0x1cb66d17) x26 0x9cb69c1c
core   0: 0x80003c20 (0x40b40133) sub     sp, s0, a1
core   0: 3 0x80003c20 (0x40b40133) x 2 0x7ffef19d
core   0: 0x80003c24 (0xdfbb0e93) addi    t4, s6, -517
core   0: 3 0x80003c24 (0xdfbb0e93) x29 0xfffffdfc
core   0: 0x80003c28 (0x00ddcb33) xor     s6, s11, a3
core   0: 3 0x80003c28 (0x00ddcb33) x22 0x5b17e018
core   0: 0x80003c2c (0x2aa6e893) ori     a7, a3, 682
core   0: 3 0x80003c2c (0x2aa6e893) x17 0xdb16aefe
core   0: 0x80003c30 (0x4df07713) andi    a4, zero, 1247
core   0: 3 0x80003c30 (0x4df07713) x14 0x00000000
core   0: 0x80003c34 (0x01e04cb3) xor     s9, zero, t5
core   0: 3 0x80003c34 (0x01e04cb3) x25 0x00000000
core   0: 0x80003c38 (0x002720b3) slt     ra, a4, sp
core   0: 3 0x80003c38 (0x002720b3) x 1 0x00000001
core   0: 0x80003c3c (0xb3c80313) addi    t1, a6, -1220
core   0: 3 0x80003c3c (0xb3c80313) x 6 0x75bffb3c
core   0: 0x80003c40 (0xfa07b013) sltiu   zero, a5, -96
core   0: 3 0x80003c40 (0xfa07b013)
core   0: 0x80003c44 (0x01e24eb3) xor     t4, tp, t5
core   0: 3 0x80003c44 (0x01e24eb3) x29 0x80010e64
core   0: 0x80003c48 (0x01460933) add     s2, a2, s4
core   0: 3 0x80003c48 (0x01460933) x18 0x00000000
core   0: 0x80003c4c (0x0109a033) slt     zero, s3, a6
core   0: 3 0x80003c4c (0x0109a033)
core   0: 0x80003c50 (0x01d6beb3) sltu    t4, a3, t4
core   0: 3 0x80003c50 (0x01d6beb3) x29 0x00000000
core   0: 0x80003c54 (0x0059edb3) or      s11, s3, t0
core   0: 3 0x80003c54 (0x0059edb3) x27 0x00000000
core   0: 0x80003c58 (0x009ec233) xor     tp, t4, s1
core   0: 3 0x80003c58 (0x009ec233) x 4 0xedf22b90
core   0: 0x80003c5c (0x01f63433) sltu    s0, a2, t6
core   0: 3 0x80003c5c (0x01f63433) x 8 0x00000001
core   0: 0x80003c60 (0x01b71fb3) sll     t6, a4, s11
core   0: 3 0x80003c60 (0x01b71fb3) x31 0x00000000
core   0: 0x80003c64 (0x01155793) srli    a5, a0, 17
core   0: 3 0x80003c64 (0x01155793) x15 0x00004000
core   0: 0x80003c68 (0x092fe193) ori     gp, t6, 146
core   0: 3 0x80003c68 (0x092fe193) x 3 0x00000092
core   0: 0x80003c6c (0x011e4733) xor     a4, t3, a7
core   0: 3 0x80003c6c (0x011e4733) x14 0xdb16aeff
core   0: 0x80003c70 (0x26a03793) sltiu   a5, zero, 618
core   0: 3 0x80003c70 (0x26a03793) x15 0x00000001
core   0: 0x80003c74 (0x00b11e33) sll     t3, sp, a1
core   0: 3 0x80003c74 (0x00b11e33) x28 0xffef19d0
core   0: 0x80003c78 (0x1819b4b7) lui     s1, 0x1819b
core   0: 3 0x80003c78 (0x1819b4b7) x 9 0x1819b000
core   0: 0x80003c7c (0x45bc8813) addi    a6, s9, 1115
core   0: 3 0x80003c7c (0x45bc8813) x16 0x0000045b
core   0: 0x80003c80 (0x01e67733) and     a4, a2, t5
core   0: 3 0x80003c80 (0x01e67733) x14 0x00000000
core   0: 0x80003c84 (0x013a82b3) add     t0, s5, s3
core   0: 3 0x80003c84 (0x013a82b3) x 5 0x00000000
core   0: 0x80003c88 (0x9a17b393) sltiu   t2, a5, -1631
core   0: 3 0x80003c88 (0x9a17b393) x 7 0x00000001
core   0: 0x80003c8c (0xecc7e913) ori     s2, a5, -308
core   0: 3 0x80003c8c (0xecc7e913) x18 0xfffffecd
core   0: 0x80003c90 (0x019cbfb3) sltu    t6, s9, s9
core   0: 3 0x80003c90 (0x019cbfb3) x31 0x00000000
core   0: 0x80003c94 (0x3d83b213) sltiu   tp, t2, 984
core   0: 3 0x80003c94 (0x3d83b213) x 4 0x00000001
core   0: 0x80003c98 (0x05c38d37) lui     s10, 0x5c38
core   0: 3 0x80003c98 (0x05c38d37) x26 0x05c38000
core   0: 0x80003c9c (0xa680c313) xori    t1, ra, -1432
core   0: 3 0x80003c9c (0xa680c313) x 6 0xfffffa69
core   0: 0x80003ca0 (0x00444333) xor     t1, s0, tp
core   0: 3 0x80003ca0 (0x00444333) x 6 0x00000000
core   0: 0x80003ca4 (0x865c8913) addi    s2, s9, -1947
core   0: 3 0x80003ca4 (0x865c8913) x18 0xfffff865
core   0: 0x80003ca8 (0x00afd913) srli    s2, t6, 10
core   0: 3 0x80003ca8 (0x00afd913) x18 0x00000000
core   0: 0x80003cac (0x40a55333) sra     t1, a0, a0
core   0: 3 0x80003cac (0x40a55333) x 6 0xf80014ce
core   0: 0x80003cb0 (0x30bcad13) slti    s10, s9, 779
core   0: 3 0x80003cb0 (0x30bcad13) x26 0x00000001
core   0: 0x80003cb4 (0x005bd293) srli    t0, s7, 5
core   0: 3 0x80003cb4 (0x005bd293) x 5 0x00000000
core   0: 0x80003cb8 (0x00000013) nop
core   0: 3 0x80003cb8 (0x00000013)
core   0: 0x80003cbc (0x00000e93) li      t4, 0
core   0: 3 0x80003cbc (0x00000e93) x29 0x00000000
core   0: 0x80003cc0 (0xfff00613) li      a2, -1
core   0: 3 0x80003cc0 (0xfff00613) x12 0xffffffff
core   0: 0x80003cc4 (0xde555a37) lui     s4, 0xde555
core   0: 3 0x80003cc4 (0xde555a37) x20 0xde555000
core   0: 0x80003cc8 (0x0e1a0a13) addi    s4, s4, 225
core   0: 3 0x80003cc8 (0x0e1a0a13) x20 0xde5550e1
core   0: 0x80003ccc (0xa33b98b7) lui     a7, 0xa33b9
core   0: 3 0x80003ccc (0xa33b98b7) x17 0xa33b9000
core   0: 0x80003cd0 (0x26888893) addi    a7, a7, 616
core   0: 3 0x80003cd0 (0x26888893) x17 0xa33b9268
core   0: 0x80003cd4 (0x800000b7) lui     ra, 0x80000
core   0: 3 0x80003cd4 (0x800000b7) x 1 0x80000000
core   0: 0x80003cd8 (0xfff00993) li      s3, -1
core   0: 3 0x80003cd8 (0xfff00993) x19 0xffffffff
core   0: 0x80003cdc (0x00000493) li      s1, 0
core   0: 3 0x80003cdc (0x00000493) x 9 0x00000000
core   0: 0x80003ce0 (0x3b7b7cb7) lui     s9, 0x3b7b7
core   0: 3 0x80003ce0 (0x3b7b7cb7) x25 0x3b7b7000
core   0: 0x80003ce4 (0x6cec8c93) addi    s9, s9, 1742
core   0: 3 0x80003ce4 (0x6cec8c93) x25 0x3b7b76ce
core   0: 0x80003ce8 (0xfff00d93) li      s11, -1
core   0: 3 0x80003ce8 (0xfff00d93) x27 0xffffffff
core   0: 0x80003cec (0x80000d37) lui     s10, 0x80000
core   0: 3 0x80003cec (0x80000d37) x26 0x80000000
core   0: 0x80003cf0 (0xde9d0d93) addi    s11, s10, -535
core   0: 3 0x80003cf0 (0xde9d0d93) x27 0x7ffffde9
core   0: 0x80003cf4 (0x00000013) nop
core   0: 3 0x80003cf4 (0x00000013)
core   0: 0x80003cf8 (0x01998d33) add     s10, s3, s9
core   0: 3 0x80003cf8 (0x01998d33) x26 0x3b7b76cd
core   0: 0x80003cfc (0x47111997) auipc   s3, 0x47111
core   0: 3 0x80003cfc (0x47111997) x19 0xc7114cfc
core   0: 0x80003d00 (0x41a48d33) sub     s10, s1, s10
core   0: 3 0x80003d00 (0x41a48d33) x26 0xc4848933
core   0: 0x80003d04 (0x401e80b3) sub     ra, t4, ra
core   0: 3 0x80003d04 (0x401e80b3) x 1 0x80000000
core   0: 0x80003d08 (0xdef60493) addi    s1, a2, -529
core   0: 3 0x80003d08 (0xdef60493) x 9 0xfffffdee
core   0: 0x80003d0c (0x401080b3) sub     ra, ra, ra
core   0: 3 0x80003d0c (0x401080b3) x 1 0x00000000
core   0: 0x80003d10 (0x00108cb3) add     s9, ra, ra
core   0: 3 0x80003d10 (0x00108cb3) x25 0x00000000
core   0: 0x80003d14 (0x401d0eb3) sub     t4, s10, ra
core   0: 3 0x80003d14 (0x401d0eb3) x29 0xc4848933
core   0: 0x80003d18 (0x00000013) nop
core   0: 3 0x80003d18 (0x00000013)
core   0: 0x80003d1c (0x5e548993) addi    s3, s1, 1509
core   0: 3 0x80003d1c (0x5e548993) x19 0x000003d3
core   0: 0x80003d20 (0x009d0eb3) add     t4, s10, s1
core   0: 3 0x80003d20 (0x009d0eb3) x29 0xc4848721
core   0: 0x80003d24 (0x011c8633) add     a2, s9, a7
core   0: 3 0x80003d24 (0x011c8633) x12 0xa33b9268
core   0: 0x80003d28 (0x411089b3) sub     s3, ra, a7
core   0: 3 0x80003d28 (0x411089b3) x19 0x5cc46d98
core   0: 0x80003d2c (0x00000013) nop
core   0: 3 0x80003d2c (0x00000013)
core   0: 0x80003d30 (0x1bb98d13) addi    s10, s3, 443
core   0: 3 0x80003d30 (0x1bb98d13) x26 0x5cc46f53
core   0: 0x80003d34 (0x013989b3) add     s3, s3, s3
core   0: 3 0x80003d34 (0x013989b3) x19 0xb988db30
core   0: 0x80003d38 (0x401989b3) sub     s3, s3, ra
core   0: 3 0x80003d38 (0x401989b3) x19 0xb988db30
core   0: 0x80003d3c (0x419d0cb3) sub     s9, s10, s9
core   0: 3 0x80003d3c (0x419d0cb3) x25 0x5cc46f53
core   0: 0x80003d40 (0xa3f50113) addi    sp, a0, -1473
core   0: 3 0x80003d40 (0xa3f50113) x 2 0x80014723
core   0: 0x80003d44 (0x08383613) sltiu   a2, a6, 131
core   0: 3 0x80003d44 (0x08383613) x12 0x00000000
core   0: 0x80003d48 (0x008853b3) srl     t2, a6, s0
core   0: 3 0x80003d48 (0x008853b3) x 7 0x0000022d
core   0: 0x80003d4c (0x019ded33) or      s10, s11, s9
core   0: 3 0x80003d4c (0x019ded33) x26 0x7ffffffb
core   0: 0x80003d50 (0x004e71b3) and     gp, t3, tp
core   0: 3 0x80003d50 (0x004e71b3) x 3 0x00000000
core   0: 0x80003d54 (0x01f81f33) sll     t5, a6, t6
core   0: 3 0x80003d54 (0x01f81f33) x30 0x0000045b
core   0: 0x80003d58 (0x10319f97) auipc   t6, 0x10319
core   0: 3 0x80003d58 (0x10319f97) x31 0x9031cd58
core   0: 0x80003d5c (0x749c3293) sltiu   t0, s8, 1865
core   0: 3 0x80003d5c (0x749c3293) x 5 0x00000000
core   0: 0x80003d60 (0x0163b133) sltu    sp, t2, s6
core   0: 3 0x80003d60 (0x0163b133) x 2 0x00000001
core   0: 0x80003d64 (0x0099cd33) xor     s10, s3, s1
core   0: 3 0x80003d64 (0x0099cd33) x26 0x467726de
core   0: 0x80003d68 (0x412bd733) sra     a4, s7, s2
core   0: 3 0x80003d68 (0x412bd733) x14 0x00000001
core   0: 0x80003d6c (0x00000013) nop
core   0: 3 0x80003d6c (0x00000013)
core   0: 0x80003d70 (0x66148117) auipc   sp, 0x66148
core   0: 3 0x80003d70 (0x66148117) x 2 0xe614bd70
core   0: 0x80003d74 (0x00646633) or      a2, s0, t1
core   0: 3 0x80003d74 (0x00646633) x12 0xf80014cf
core   0: 0x80003d78 (0x85af2b13) slti    s6, t5, -1958
core   0: 3 0x80003d78 (0x85af2b13) x22 0x00000000
core   0: 0x80003d7c (0x003d5633) srl     a2, s10, gp
core   0: 3 0x80003d7c (0x003d5633) x12 0x467726de
core   0: 0x80003d80 (0x01550f33) add     t5, a0, s5
core   0: 3 0x80003d80 (0x01550f33) x30 0x80014ce4
core   0: 0x80003d84 (0x01fe5193) srli    gp, t3, 31
core   0: 3 0x80003d84 (0x01fe5193) x 3 0x00000001
core   0: 0x80003d88 (0x87883993) sltiu   s3, a6, -1928
core   0: 3 0x80003d88 (0x87883993) x19 0x00000001
core   0: 0x80003d8c (0x41f25833) sra     a6, tp, t6
core   0: 3 0x80003d8c (0x41f25833) x16 0x00000000
core   0: 0x80003d90 (0xd480f1b7) lui     gp, 0xd480f
core   0: 3 0x80003d90 (0xd480f1b7) x 3 0xd480f000
core   0: 0x80003d94 (0x007c5a33) srl     s4, s8, t2
core   0: 3 0x80003d94 (0x007c5a33) x20 0x0007fe13
core   0: 0x80003d98 (0xef95ed13) ori     s10, a1, -263
core   0: 3 0x80003d98 (0xef95ed13) x26 0xfffffefd
core   0: 0x80003d9c (0x01190b33) add     s6, s2, a7
core   0: 3 0x80003d9c (0x01190b33) x22 0xa33b9268
core   0: 0x80003da0 (0x5c50acb7) lui     s9, 0x5c50a
core   0: 3 0x80003da0 (0x5c50acb7) x25 0x5c50a000
core   0: 0x80003da4 (0x01109993) slli    s3, ra, 17
core   0: 3 0x80003da4 (0x01109993) x19 0x00000000
core   0: 0x80003da8 (0x005224b3) slt     s1, tp, t0
core   0: 3 0x80003da8 (0x005224b3) x 9 0x00000000
core   0: 0x80003dac (0x41810b33) sub     s6, sp, s8
core   0: 3 0x80003dac (0x41810b33) x22 0xe6523f31
core   0: 0x80003db0 (0xce6b1437) lui     s0, 0xce6b1
core   0: 3 0x80003db0 (0xce6b1437) x 8 0xce6b1000
core   0: 0x80003db4 (0x01f71433) sll     s0, a4, t6
core   0: 3 0x80003db4 (0x01f71433) x 8 0x01000000
core   0: 0x80003db8 (0x013d00b3) add     ra, s10, s3
core   0: 3 0x80003db8 (0x013d00b3) x 1 0xfffffefd
core   0: 0x80003dbc (0x01f1b7b3) sltu    a5, gp, t6
core   0: 3 0x80003dbc (0x01f1b7b3) x15 0x00000000
core   0: 0x80003dc0 (0x00295bb3) srl     s7, s2, sp
core   0: 3 0x80003dc0 (0x00295bb3) x23 0x00000000
core   0: 0x80003dc4 (0x443ebd17) auipc   s10, 0x443eb
core   0: 3 0x80003dc4 (0x443ebd17) x26 0xc43eedc4
core   0: 0x80003dc8 (0x4041d133) sra     sp, gp, tp
core   0: 3 0x80003dc8 (0x4041d133) x 2 0xea407800
core   0: 0x80003dcc (0xbd1bc437) lui     s0, 0xbd1bc
core   0: 3 0x80003dcc (0xbd1bc437) x 8 0xbd1bc000
core   0: 0x80003dd0 (0x01f15793) srli    a5, sp, 31
core   0: 3 0x80003dd0 (0x01f15793) x15 0x00000001
core   0: 0x80003dd4 (0x00d903b3) add     t2, s2, a3
core   0: 3 0x80003dd4 (0x00d903b3) x 7 0xdb16acfc
core   0: 0x80003dd8 (0x005ebfb3) sltu    t6, t4, t0
core   0: 3 0x80003dd8 (0x005ebfb3) x31 0x00000000
core   0: 0x80003ddc (0x413c5793) srai    a5, s8, 19
core   0: 3 0x80003ddc (0x413c5793) x15 0xfffffff8
core   0: 0x80003de0 (0x40495013) srai    zero, s2, 4
core   0: 3 0x80003de0 (0x40495013)
core   0: 0x80003de4 (0x017900b3) add     ra, s2, s7
core   0: 3 0x80003de4 (0x017900b3) x 1 0x00000000
core   0: 0x80003de8 (0x015bd913) srli    s2, s7, 21
core   0: 3 0x80003de8 (0x015bd913) x18 0x00000000
core   0: 0x80003dec (0x01d220b3) slt     ra, tp, t4
core   0: 3 0x80003dec (0x01d220b3) x 1 0x00000000
core   0: 0x80003df0 (0x017074b3) and     s1, zero, s7
core   0: 3 0x80003df0 (0x017074b3) x 9 0x00000000
core   0: 0x80003df4 (0x2b064f93) xori    t6, a2, 688
core   0: 3 0x80003df4 (0x2b064f93) x31 0x4677246e
core   0: 0x80003df8 (0xb66ecd93) xori    s11, t4, -1178
core   0: 3 0x80003df8 (0xb66ecd93) x27 0x3b7b7c47
core   0: 0x80003dfc (0x01c3f833) and     a6, t2, t3
core   0: 3 0x80003dfc (0x01c3f833) x16 0xdb0608d0
core   0: 0x80003e00 (0x00fac4b3) xor     s1, s5, a5
core   0: 3 0x80003e00 (0x00fac4b3) x 9 0xfffffff8
core   0: 0x80003e04 (0xcd2f0d37) lui     s10, 0xcd2f0
core   0: 3 0x80003e04 (0xcd2f0d37) x26 0xcd2f0000
core   0: 0x80003e08 (0x28c6e413) ori     s0, a3, 652
core   0: 3 0x80003e08 (0x28c6e413) x 8 0xdb16aefc
core   0: 0x80003e0c (0xff6ca793) slti    a5, s9, -10
core   0: 3 0x80003e0c (0xff6ca793) x15 0x00000000
core   0: 0x80003e10 (0xdca53613) sltiu   a2, a0, -566
core   0: 3 0x80003e10 (0xdca53613) x12 0x00000001
core   0: 0x80003e14 (0xa043a897) auipc   a7, 0xa043a
core   0: 3 0x80003e14 (0xa043a897) x17 0x2043de14
core   0: 0x80003e18 (0x00215db3) srl     s11, sp, sp
core   0: 3 0x80003e18 (0x00215db3) x27 0xea407800
core   0: 0x80003e1c (0x3a606117) auipc   sp, 0x3a606
core   0: 3 0x80003e1c (0x3a606117) x 2 0xba609e1c
core   0: 0x80003e20 (0x014b61b3) or      gp, s6, s4
core   0: 3 0x80003e20 (0x014b61b3) x 3 0xe657ff33
core   0: 0x80003e24 (0x011f1a13) slli    s4, t5, 17
core   0: 3 0x80003e24 (0x011f1a13) x20 0x99c80000
core   0: 0x80003e28 (0x41a7dbb3) sra     s7, a5, s10
core   0: 3 0x80003e28 (0x41a7dbb3) x23 0x00000000
core   0: 0x80003e2c (0x01021a93) slli    s5, tp, 16
core   0: 3 0x80003e2c (0x01021a93) x21 0x00010000
core   0: 0x80003e30 (0x2d7c1ab7) lui     s5, 0x2d7c1
core   0: 3 0x80003e30 (0x2d7c1ab7) x21 0x2d7c1000
core   0: 0x80003e34 (0x9d6dad93) slti    s11, s11, -1578
core   0: 3 0x80003e34 (0x9d6dad93) x27 0x00000001
core   0: 0x80003e38 (0x01aed0b3) srl     ra, t4, s10
core   0: 3 0x80003e38 (0x01aed0b3) x 1 0xc4848721
core   0: 0x80003e3c (0x01416fb3) or      t6, sp, s4
core   0: 3 0x80003e3c (0x01416fb3) x31 0xbbe89e1c
core   0: 0x80003e40 (0x412fdcb3) sra     s9, t6, s2
core   0: 3 0x80003e40 (0x412fdcb3) x25 0xbbe89e1c
core   0: 0x80003e44 (0x8b8e2793) slti    a5, t3, -1864
core   0: 3 0x80003e44 (0x8b8e2793) x15 0x00000001
core   0: 0x80003e48 (0x4a613013) sltiu   zero, sp, 1190
core   0: 3 0x80003e48 (0x4a613013)
core   0: 0x80003e4c (0x01010db3) add     s11, sp, a6
core   0: 3 0x80003e4c (0x01010db3) x27 0x9566a6ec
core   0: 0x80003e50 (0x40eadcb3) sra     s9, s5, a4
core   0: 3 0x80003e50 (0x40eadcb3) x25 0x16be0800
core   0: 0x80003e54 (0x015fd833) srl     a6, t6, s5
core   0: 3 0x80003e54 (0x015fd833) x16 0xbbe89e1c
core   0: 0x80003e58 (0x40f6df33) sra     t5, a3, a5
core   0: 3 0x80003e58 (0x40f6df33) x30 0xed8b567e
core   0: 0x80003e5c (0x01384e33) xor     t3, a6, s3
core   0: 3 0x80003e5c (0x01384e33) x28 0xbbe89e1c
core   0: 0x80003e60 (0x3768fa13) andi    s4, a7, 886
core   0: 3 0x80003e60 (0x3768fa13) x20 0x00000214
core   0: 0x80003e64 (0x0018d813) srli    a6, a7, 1
core   0: 3 0x80003e64 (0x0018d813) x16 0x1021ef0a
core   0: 0x80003e68 (0x01769e93) slli    t4, a3, 23
core   0: 3 0x80003e68 (0x01769e93) x29 0x7e000000
core   0: 0x80003e6c (0x41590433) sub     s0, s2, s5
core   0: 3 0x80003e6c (0x41590433) x 8 0xd283f000
core   0: 0x80003e70 (0xd43c3497) auipc   s1, 0xd43c3
core   0: 3 0x80003e70 (0xd43c3497) x 9 0x543c6e70
core   0: 0x80003e74 (0x010e3433) sltu    s0, t3, a6
core   0: 3 0x80003e74 (0x010e3433) x 8 0x00000000
core   0: 0x80003e78 (0xde79ff13) andi    t5, s3, -537
core   0: 3 0x80003e78 (0xde79ff13) x30 0x00000000
core   0: 0x80003e7c (0x41ded133) sra     sp, t4, t4
core   0: 3 0x80003e7c (0x41ded133) x 2 0x7e000000
core   0: 0x80003e80 (0x01409393) slli    t2, ra, 20
core   0: 3 0x80003e80 (0x01409393) x 7 0x72100000
core   0: 0x80003e84 (0xa57ff413) andi    s0, t6, -1449
core   0: 3 0x80003e84 (0xa57ff413) x 8 0xbbe89a14
core   0: 0x80003e88 (0x014b1ab3) sll     s5, s6, s4
core   0: 3 0x80003e88 (0x014b1ab3) x21 0xf3100000
core   0: 0x80003e8c (0x66772313) slti    t1, a4, 1639
core   0: 3 0x80003e8c (0x66772313) x 6 0x00000001
core   0: 0x80003e90 (0x01d91b13) slli    s6, s2, 29
core   0: 3 0x80003e90 (0x01d91b13) x22 0x00000000
core   0: 0x80003e94 (0x40b88133) sub     sp, a7, a1
core   0: 3 0x80003e94 (0x40b88133) x 2 0xa042cfb0
core   0: 0x80003e98 (0x8b819e17) auipc   t3, 0x8b819
core   0: 3 0x80003e98 (0x8b819e17) x28 0x0b81ce98
core   0: 0x80003e9c (0x013fdd33) srl     s10, t6, s3
core   0: 3 0x80003e9c (0x013fdd33) x26 0xbbe89e1c
core   0: 0x80003ea0 (0xa2102113) slti    sp, zero, -1503
core   0: 3 0x80003ea0 (0xa2102113) x 2 0x00000000
core   0: 0x80003ea4 (0xca508017) auipc   zero, 0xca508
core   0: 3 0x80003ea4 (0xca508017)
core   0: 0x80003ea8 (0x84286193) ori     gp, a6, -1982
core   0: 3 0x80003ea8 (0x84286193) x 3 0xffffff4a
core   0: 0x80003eac (0x00e30933) add     s2, t1, a4
core   0: 3 0x80003eac (0x00e30933) x18 0x00000002
core   0: 0x80003eb0 (0x00faf833) and     a6, s5, a5
core   0: 3 0x80003eb0 (0x00faf833) x16 0x00000000
core   0: 0x80003eb4 (0x01ab8d33) add     s10, s7, s10
core   0: 3 0x80003eb4 (0x01ab8d33) x26 0xbbe89e1c
core   0: 0x80003eb8 (0x404b5a93) srai    s5, s6, 4
core   0: 3 0x80003eb8 (0x404b5a93) x21 0x00000000
core   0: 0x80003ebc (0x00469db3) sll     s11, a3, tp
core   0: 3 0x80003ebc (0x00469db3) x27 0xb62d59f8
core   0: 0x80003ec0 (0x41835933) sra     s2, t1, s8
core   0: 3 0x80003ec0 (0x41835933) x18 0x00000000
core   0: 0x80003ec4 (0x54247b13) andi    s6, s0, 1346
core   0: 3 0x80003ec4 (0x54247b13) x22 0x00000000
core   0: 0x80003ec8 (0x00e2ce33) xor     t3, t0, a4
core   0: 3 0x80003ec8 (0x00e2ce33) x28 0x00000001
core   0: 0x80003ecc (0x990f7793) andi    a5, t5, -1648
core   0: 3 0x80003ecc (0x990f7793) x15 0x00000000
core   0: 0x80003ed0 (0x00000013) nop
core   0: 3 0x80003ed0 (0x00000013)
core   0: 0x80003ed4 (0x9dc66893) ori     a7, a2, -1572
core   0: 3 0x80003ed4 (0x9dc66893) x17 0xfffff9dd
core   0: 0x80003ed8 (0x41008d33) sub     s10, ra, a6
core   0: 3 0x80003ed8 (0x41008d33) x26 0xc4848721
core   0: 0x80003edc (0x0b5bfdb7) lui     s11, 0xb5bf
core   0: 3 0x80003edc (0x0b5bfdb7) x27 0x0b5bf000
core   0: 0x80003ee0 (0x87333e13) sltiu   t3, t1, -1933
core   0: 3 0x80003ee0 (0x87333e13) x28 0x00000001
core   0: 0x80003ee4 (0x0ac5e193) ori     gp, a1, 172
core   0: 3 0x80003ee4 (0x0ac5e193) x 3 0x80010eec
core   0: 0x80003ee8 (0x42f4f813) andi    a6, s1, 1071
core   0: 3 0x80003ee8 (0x42f4f813) x16 0x00000420
core   0: 0x80003eec (0x3539cc93) xori    s9, s3, 851
core   0: 3 0x80003eec (0x3539cc93) x25 0x00000353
core   0: 0x80003ef0 (0xb0c22917) auipc   s2, 0xb0c22
core   0: 3 0x80003ef0 (0xb0c22917) x18 0x30c25ef0
core   0: 0x80003ef4 (0x00fb2733) slt     a4, s6, a5
core   0: 3 0x80003ef4 (0x00fb2733) x14 0x00000000
core   0: 0x80003ef8 (0x80acf813) andi    a6, s9, -2038
core   0: 3 0x80003ef8 (0x80acf813) x16 0x00000002
core   0: 0x80003efc (0x6b09f613) andi    a2, s3, 1712
core   0: 3 0x80003efc (0x6b09f613) x12 0x00000000
core   0: 0x80003f00 (0x6e206e93) ori     t4, zero, 1762
core   0: 3 0x80003f00 (0x6e206e93) x29 0x000006e2
core   0: 0x80003f04 (0xc7a42793) slti    a5, s0, -902
core   0: 3 0x80003f04 (0xc7a42793) x15 0x00000001
core   0: 0x80003f08 (0xa82f6913) ori     s2, t5, -1406
core   0: 3 0x80003f08 (0xa82f6913) x18 0xfffffa82
core   0: 0x80003f0c (0xe25ae293) ori     t0, s5, -475
core   0: 3 0x80003f0c (0xe25ae293) x 5 0xfffffe25
core   0: 0x80003f10 (0x014cad33) slt     s10, s9, s4
core   0: 3 0x80003f10 (0x014cad33) x26 0x00000000
core   0: 0x80003f14 (0x00918133) add     sp, gp, s1
core   0: 3 0x80003f14 (0x00918133) x 2 0xd43d7d5c
core   0: 0x80003f18 (0x417e0933) sub     s2, t3, s7
core   0: 3 0x80003f18 (0x417e0933) x18 0x00000001
core   0: 0x80003f1c (0x01a64eb3) xor     t4, a2, s10
core   0: 3 0x80003f1c (0x01a64eb3) x29 0x00000000
core   0: 0x80003f20 (0x41998d33) sub     s10, s3, s9
core   0: 3 0x80003f20 (0x41998d33) x26 0xfffffcad
core   0: 0x80003f24 (0x64fee193) ori     gp, t4, 1615
core   0: 3 0x80003f24 (0x64fee193) x 3 0x0000064f
core   0: 0x80003f28 (0x004f53b3) srl     t2, t5, tp
core   0: 3 0x80003f28 (0x004f53b3) x 7 0x00000000
core   0: 0x80003f2c (0x00a81f33) sll     t5, a6, a0
core   0: 3 0x80003f2c (0x00a81f33) x30 0x00000020
core   0: 0x80003f30 (0x00000013) nop
core   0: 3 0x80003f30 (0x00000013)
core   0: 0x80003f34 (0x011aff33) and     t5, s5, a7
core   0: 3 0x80003f34 (0x011aff33) x30 0x00000000
core   0: 0x80003f38 (0x00a1dc93) srli    s9, gp, 10
core   0: 3 0x80003f38 (0x00a1dc93) x25 0x00000001
core   0: 0x80003f3c (0x00000013) nop
core   0: 3 0x80003f3c (0x00000013)
core   0: 0x80003f40 (0x016c0333) add     t1, s8, s6
core   0: 3 0x80003f40 (0x016c0333) x 6 0xffc27e3f
core   0: 0x80003f44 (0x00000013) nop
core   0: 3 0x80003f44 (0x00000013)
core   0: 0x80003f48 (0x014547b3) xor     a5, a0, s4
core   0: 3 0x80003f48 (0x014547b3) x15 0x80014ef0
core   0: 0x80003f4c (0xc215e093) ori     ra, a1, -991
core   0: 3 0x80003f4c (0xc215e093) x 1 0xfffffe65
core   0: 0x80003f50 (0x0c417993) andi    s3, sp, 196
core   0: 3 0x80003f50 (0x0c417993) x19 0x00000044
core   0: 0x80003f54 (0x59fefa93) andi    s5, t4, 1439
core   0: 3 0x80003f54 (0x59fefa93) x21 0x00000000
core   0: 0x80003f58 (0xfc4b7293) andi    t0, s6, -60
core   0: 3 0x80003f58 (0xfc4b7293) x 5 0x00000000
core   0: 0x80003f5c (0x0057a433) slt     s0, a5, t0
core   0: 3 0x80003f5c (0x0057a433) x 8 0x00000001
core   0: 0x80003f60 (0x01fbe1b3) or      gp, s7, t6
core   0: 3 0x80003f60 (0x01fbe1b3) x 3 0xbbe89e1c
core   0: 0x80003f64 (0x01b01a93) slli    s5, zero, 27
core   0: 3 0x80003f64 (0x01b01a93) x21 0x00000000
core   0: 0x80003f68 (0x80a10d13) addi    s10, sp, -2038
core   0: 3 0x80003f68 (0x80a10d13) x26 0xd43d7566
core   0: 0x80003f6c (0x00885f33) srl     t5, a6, s0
core   0: 3 0x80003f6c (0x00885f33) x30 0x00000001
core   0: 0x80003f70 (0x409fd4b3) sra     s1, t6, s1
core   0: 3 0x80003f70 (0x409fd4b3) x 9 0xffffbbe8
core   0: 0x80003f74 (0x1d0d7213) andi    tp, s10, 464
core   0: 3 0x80003f74 (0x1d0d7213) x 4 0x00000140
core   0: 0x80003f78 (0x00308ab3) add     s5, ra, gp
core   0: 3 0x80003f78 (0x00308ab3) x21 0xbbe89c81
core   0: 0x80003f7c (0x01ec5793) srli    a5, s8, 30
core   0: 3 0x80003f7c (0x01ec5793) x15 0x00000003
core   0: 0x80003f80 (0x0044de13) srli    t3, s1, 4
core   0: 3 0x80003f80 (0x0044de13) x28 0x0ffffbbe
core   0: 0x80003f84 (0x018a94b3) sll     s1, s5, s8
core   0: 3 0x80003f84 (0x018a94b3) x 9 0x80000000
core   0: 0x80003f88 (0x01e08bb3) add     s7, ra, t5
core   0: 3 0x80003f88 (0x01e08bb3) x23 0xfffffe66
core   0: 0x80003f8c (0x87a97013) andi    zero, s2, -1926
core   0: 3 0x80003f8c (0x87a97013)
core   0: 0x80003f90 (0x00ef0db3) add     s11, t5, a4
core   0: 3 0x80003f90 (0x00ef0db3) x27 0x00000001
core   0: 0x80003f94 (0x00a2eab3) or      s5, t0, a0
core   0: 3 0x80003f94 (0x00a2eab3) x21 0x80014ce4
core   0: 0x80003f98 (0x00cae733) or      a4, s5, a2
core   0: 3 0x80003f98 (0x00cae733) x14 0x80014ce4
core   0: 0x80003f9c (0xb036a993) slti    s3, a3, -1277
core   0: 3 0x80003f9c (0xb036a993) x19 0x00000001
core   0: 0x80003fa0 (0x01150b33) add     s6, a0, a7
core   0: 3 0x80003fa0 (0x01150b33) x22 0x800146c1
core   0: 0x80003fa4 (0xbea8c113) xori    sp, a7, -1046
core   0: 3 0x80003fa4 (0xbea8c113) x 2 0x00000237
core   0: 0x80003fa8 (0x40a359b3) sra     s3, t1, a0
core   0: 3 0x80003fa8 (0x40a359b3) x19 0xfffc27e3
core   0: 0x80003fac (0xf146bb97) auipc   s7, 0xf146b
core   0: 3 0x80003fac (0xf146bb97) x23 0x7146efac
core   0: 0x80003fb0 (0x00f31333) sll     t1, t1, a5
core   0: 3 0x80003fb0 (0x00f31333) x 6 0xfe13f1f8
core   0: 0x80003fb4 (0x01133cb3) sltu    s9, t1, a7
core   0: 3 0x80003fb4 (0x01133cb3) x25 0x00000001
core   0: 0x80003fb8 (0x01eddd33) srl     s10, s11, t5
core   0: 3 0x80003fb8 (0x01eddd33) x26 0x00000000
core   0: 0x80003fbc (0x41cfdf93) srai    t6, t6, 28
core   0: 3 0x80003fbc (0x41cfdf93) x31 0xfffffffb
core   0: 0x80003fc0 (0x0016d9b3) srl     s3, a3, ra
core   0: 3 0x80003fc0 (0x0016d9b3) x19 0x06d8b567
core   0: 0x80003fc4 (0x0068ee33) or      t3, a7, t1
core   0: 3 0x80003fc4 (0x0068ee33) x28 0xfffff9fd
core   0: 0x80003fc8 (0x013807b3) add     a5, a6, s3
core   0: 3 0x80003fc8 (0x013807b3) x15 0x06d8b569
core   0: 0x80003fcc (0x40165813) srai    a6, a2, 1
core   0: 3 0x80003fcc (0x40165813) x16 0x00000000
core   0: 0x80003fd0 (0x0109bcb3) sltu    s9, s3, a6
core   0: 3 0x80003fd0 (0x0109bcb3) x25 0x00000000
core   0: 0x80003fd4 (0x410fd493) srai    s1, t6, 16
core   0: 3 0x80003fd4 (0x410fd493) x 9 0xffffffff
core   0: 0x80003fd8 (0xb17aeb13) ori     s6, s5, -1257
core   0: 3 0x80003fd8 (0xb17aeb13) x22 0xfffffff7
core   0: 0x80003fdc (0x413d5793) srai    a5, s10, 19
core   0: 3 0x80003fdc (0x413d5793) x15 0x00000000
core   0: 0x80003fe0 (0x4142d9b3) sra     s3, t0, s4
core   0: 3 0x80003fe0 (0x4142d9b3) x19 0x00000000
core   0: 0x80003fe4 (0xc934ceb7) lui     t4, 0xc934c
core   0: 3 0x80003fe4 (0xc934ceb7) x29 0xc934c000
core   0: 0x80003fe8 (0x3be27013) andi    zero, tp, 958
core   0: 3 0x80003fe8 (0x3be27013)
core   0: 0x80003fec (0x001cd613) srli    a2, s9, 1
core   0: 3 0x80003fec (0x001cd613) x12 0x00000000
core   0: 0x80003ff0 (0x00e6e133) or      sp, a3, a4
core   0: 3 0x80003ff0 (0x00e6e133) x 2 0xdb17ecfc
core   0: 0x80003ff4 (0xe359f913) andi    s2, s3, -459
core   0: 3 0x80003ff4 (0xe359f913) x18 0x00000000
core   0: 0x80003ff8 (0x5b2eb113) sltiu   sp, t4, 1458
core   0: 3 0x80003ff8 (0x5b2eb113) x 2 0x00000000
core   0: 0x80003ffc (0x9a7cd4b7) lui     s1, 0x9a7cd
core   0: 3 0x80003ffc (0x9a7cd4b7) x 9 0x9a7cd000
core   0: 0x80004000 (0x43f3d137) lui     sp, 0x43f3d
core   0: 3 0x80004000 (0x43f3d137) x 2 0x43f3d000
core   0: 0x80004004 (0x40de89b3) sub     s3, t4, a3
core   0: 3 0x80004004 (0x40de89b3) x19 0xee1e1304
core   0: 0x80004008 (0x534cf813) andi    a6, s9, 1332
core   0: 3 0x80004008 (0x534cf813) x16 0x00000000
core   0: 0x8000400c (0x53667993) andi    s3, a2, 1334
core   0: 3 0x8000400c (0x53667993) x19 0x00000000
core   0: 0x80004010 (0x014c3e33) sltu    t3, s8, s4
core   0: 3 0x80004010 (0x014c3e33) x28 0x00000000
core   0: 0x80004014 (0x00f72cb3) slt     s9, a4, a5
core   0: 3 0x80004014 (0x00f72cb3) x25 0x00000001
core   0: 0x80004018 (0x408bdd93) srai    s11, s7, 8
core   0: 3 0x80004018 (0x408bdd93) x27 0x007146ef
core   0: 0x8000401c (0x00535913) srli    s2, t1, 5
core   0: 3 0x8000401c (0x00535913) x18 0x07f09f8f
core   0: 0x80004020 (0x417d5b33) sra     s6, s10, s7
core   0: 3 0x80004020 (0x417d5b33) x22 0x00000000
core   0: 0x80004024 (0x01195193) srli    gp, s2, 17
core   0: 3 0x80004024 (0x01195193) x 3 0x000003f8
core   0: 0x80004028 (0x00ebb133) sltu    sp, s7, a4
core   0: 3 0x80004028 (0x00ebb133) x 2 0x00000001
core   0: 0x8000402c (0x019c6d33) or      s10, s8, s9
core   0: 3 0x8000402c (0x019c6d33) x26 0xffc27e3f
core   0: 0x80004030 (0x01d54433) xor     s0, a0, t4
core   0: 3 0x80004030 (0x01d54433) x 8 0x49358ce4
core   0: 0x80004034 (0x40dd0d33) sub     s10, s10, a3
core   0: 3 0x80004034 (0x40dd0d33) x26 0x24abd143
core   0: 0x80004038 (0x017ea133) slt     sp, t4, s7
core   0: 3 0x80004038 (0x017ea133) x 2 0x00000001
core   0: 0x8000403c (0x0146b1b3) sltu    gp, a3, s4
core   0: 3 0x8000403c (0x0146b1b3) x 3 0x00000000
core   0: 0x80004040 (0x00000013) nop
core   0: 3 0x80004040 (0x00000013)
core   0: 0x80004044 (0x0029d133) srl     sp, s3, sp
core   0: 3 0x80004044 (0x0029d133) x 2 0x00000000
core   0: 0x80004048 (0xaf91bd13) sltiu   s10, gp, -1287
core   0: 3 0x80004048 (0xaf91bd13) x26 0x00000001
core   0: 0x8000404c (0x41b454b3) sra     s1, s0, s11
core   0: 3 0x8000404c (0x41b454b3) x 9 0x0000926b
core   0: 0x80004050 (0xa788c813) xori    a6, a7, -1416
core   0: 3 0x80004050 (0xa788c813) x16 0x000003a5
core   0: 0x80004054 (0x00000013) nop
core   0: 3 0x80004054 (0x00000013)
core   0: 0x80004058 (0x08342213) slti    tp, s0, 131
core   0: 3 0x80004058 (0x08342213) x 4 0x00000000
core   0: 0x8000405c (0xae062793) slti    a5, a2, -1312
core   0: 3 0x8000405c (0xae062793) x15 0x00000000
core   0: 0x80004060 (0x41575a93) srai    s5, a4, 21
core   0: 3 0x80004060 (0x41575a93) x21 0xfffffc00
core   0: 0x80004064 (0x01e382b3) add     t0, t2, t5
core   0: 3 0x80004064 (0x01e382b3) x 5 0x00000001
core   0: 0x80004068 (0x01d33933) sltu    s2, t1, t4
core   0: 3 0x80004068 (0x01d33933) x18 0x00000000
core   0: 0x8000406c (0x9ece4913) xori    s2, t3, -1556
core   0: 3 0x8000406c (0x9ece4913) x18 0xfffff9ec
core   0: 0x80004070 (0x00a000b3) add     ra, zero, a0
core   0: 3 0x80004070 (0x00a000b3) x 1 0x80014ce4
core   0: 0x80004074 (0x0147eab3) or      s5, a5, s4
core   0: 3 0x80004074 (0x0147eab3) x21 0x00000214
core   0: 0x80004078 (0x093e8193) addi    gp, t4, 147
core   0: 3 0x80004078 (0x093e8193) x 3 0xc934c093
core   0: 0x8000407c (0x7c43e737) lui     a4, 0x7c43e
core   0: 3 0x8000407c (0x7c43e737) x14 0x7c43e000
core   0: 0x80004080 (0x667b6113) ori     sp, s6, 1639
core   0: 3 0x80004080 (0x667b6113) x 2 0x00000667
core   0: 0x80004084 (0x4067d313) srai    t1, a5, 6
core   0: 3 0x80004084 (0x4067d313) x 6 0x00000000
core   0: 0x80004088 (0x00ac61b3) or      gp, s8, a0
core   0: 3 0x80004088 (0x00ac61b3) x 3 0xffc37eff
core   0: 0x8000408c (0x01398eb3) add     t4, s3, s3
core   0: 3 0x8000408c (0x01398eb3) x29 0x00000000
core   0: 0x80004090 (0x5102ee13) ori     t3, t0, 1296
core   0: 3 0x80004090 (0x5102ee13) x28 0x00000511
core   0: 0x80004094 (0x00611f33) sll     t5, sp, t1
core   0: 3 0x80004094 (0x00611f33) x30 0x00000667
core   0: 0x80004098 (0x4196df93) srai    t6, a3, 25
core   0: 3 0x80004098 (0x4196df93) x31 0xffffffed
core   0: 0x8000409c (0x0834c717) auipc   a4, 0x834c
core   0: 3 0x8000409c (0x0834c717) x14 0x8835009c
core   0: 0x800040a0 (0xcc538113) addi    sp, t2, -827
core   0: 3 0x800040a0 (0xcc538113) x 2 0xfffffcc5
core   0: 0x800040a4 (0x43df3b13) sltiu   s6, t5, 1085
core   0: 3 0x800040a4 (0x43df3b13) x22 0x00000000
core   0: 0x800040a8 (0x01614913) xori    s2, sp, 22
core   0: 3 0x800040a8 (0x01614913) x18 0xfffffcd3
core   0: 0x800040ac (0x0076f7b3) and     a5, a3, t2
core   0: 3 0x800040ac (0x0076f7b3) x15 0x00000000
core   0: 0x800040b0 (0x41505b13) srai    s6, zero, 21
core   0: 3 0x800040b0 (0x41505b13) x22 0x00000000
core   0: 0x800040b4 (0x00fbb933) sltu    s2, s7, a5
core   0: 3 0x800040b4 (0x00fbb933) x18 0x00000000
core   0: 0x800040b8 (0xa301bd13) sltiu   s10, gp, -1488
core   0: 3 0x800040b8 (0xa301bd13) x26 0x00000001
core   0: 0x800040bc (0x01905733) srl     a4, zero, s9
core   0: 3 0x800040bc (0x01905733) x14 0x00000000
core   0: 0x800040c0 (0x911d6f13) ori     t5, s10, -1775
core   0: 3 0x800040c0 (0x911d6f13) x30 0xfffff911
core   0: 0x800040c4 (0x4126d633) sra     a2, a3, s2
core   0: 3 0x800040c4 (0x4126d633) x12 0xdb16acfc
core   0: 0x800040c8 (0x00000013) nop
core   0: 3 0x800040c8 (0x00000013)
core   0: 0x800040cc (0x016911b3) sll     gp, s2, s6
core   0: 3 0x800040cc (0x016911b3) x 3 0x00000000
core   0: 0x800040d0 (0x007434b3) sltu    s1, s0, t2
core   0: 3 0x800040d0 (0x007434b3) x 9 0x00000000
core   0: 0x800040d4 (0x401157b3) sra     a5, sp, ra
core   0: 3 0x800040d4 (0x401157b3) x15 0xffffffcc
core   0: 0x800040d8 (0x7741e113) ori     sp, gp, 1908
core   0: 3 0x800040d8 (0x7741e113) x 2 0x00000774
core   0: 0x800040dc (0x4b268813) addi    a6, a3, 1202
core   0: 3 0x800040dc (0x4b268813) x16 0xdb16b1ae
core   0: 0x800040e0 (0x0152af33) slt     t5, t0, s5
core   0: 3 0x800040e0 (0x0152af33) x30 0x00000001
core   0: 0x800040e4 (0x6af7c713) xori    a4, a5, 1711
core   0: 3 0x800040e4 (0x6af7c713) x14 0xfffff963
core   0: 0x800040e8 (0xb0357993) andi    s3, a0, -1277
core   0: 3 0x800040e8 (0xb0357993) x19 0x80014800
core   0: 0x800040ec (0x00aa6333) or      t1, s4, a0
core   0: 3 0x800040ec (0x00aa6333) x 6 0x80014ef4
core   0: 0x800040f0 (0x0180db33) srl     s6, ra, s8
core   0: 3 0x800040f0 (0x0180db33) x22 0x00000001
core   0: 0x800040f4 (0x41625393) srai    t2, tp, 22
core   0: 3 0x800040f4 (0x41625393) x 7 0x00000000
core   0: 0x800040f8 (0x47088713) addi    a4, a7, 1136
core   0: 3 0x800040f8 (0x47088713) x14 0xfffffe4d
core   0: 0x800040fc (0x00ff6233) or      tp, t5, a5
core   0: 3 0x800040fc (0x00ff6233) x 4 0xffffffcd
core   0: 0x80004100 (0xeaf4f393) andi    t2, s1, -337
core   0: 3 0x80004100 (0xeaf4f393) x 7 0x00000000
core   0: 0x80004104 (0x01d01b13) slli    s6, zero, 29
core   0: 3 0x80004104 (0x01d01b13) x22 0x00000000
core   0: 0x80004108 (0x00bff9b3) and     s3, t6, a1
core   0: 3 0x80004108 (0x00bff9b3) x19 0x80010e64
core   0: 0x8000410c (0x00981b93) slli    s7, a6, 9
core   0: 3 0x8000410c (0x00981b93) x23 0x2d635c00
core   0: 0x80004110 (0x018531b3) sltu    gp, a0, s8
core   0: 3 0x80004110 (0x018531b3) x 3 0x00000001
core   0: 0x80004114 (0x8cef8093) addi    ra, t6, -1842
core   0: 3 0x80004114 (0x8cef8093) x 1 0xfffff8bb
core   0: 0x80004118 (0x41505e33) sra     t3, zero, s5
core   0: 3 0x80004118 (0x41505e33) x28 0x00000000
core   0: 0x8000411c (0xda793293) sltiu   t0, s2, -601
core   0: 3 0x8000411c (0xda793293) x 5 0x00000001
core   0: 0x80004120 (0x00aa17b3) sll     a5, s4, a0
core   0: 3 0x80004120 (0x00aa17b3) x15 0x00002140
core   0: 0x80004124 (0x15bfa193) slti    gp, t6, 347
core   0: 3 0x80004124 (0x15bfa193) x 3 0x00000001
core   0: 0x80004128 (0x41a45613) srai    a2, s0, 26
core   0: 3 0x80004128 (0x41a45613) x12 0x00000012
core   0: 0x8000412c (0x00a44233) xor     tp, s0, a0
core   0: 3 0x8000412c (0x00a44233) x 4 0xc934c000
core   0: 0x80004130 (0x60f54313) xori    t1, a0, 1551
core   0: 3 0x80004130 (0x60f54313) x 6 0x80014aeb
core   0: 0x80004134 (0x40b40cb3) sub     s9, s0, a1
core   0: 3 0x80004134 (0x40b40cb3) x25 0xc9347e80
core   0: 0x80004138 (0x00a53f33) sltu    t5, a0, a0
core   0: 3 0x80004138 (0x00a53f33) x30 0x00000000
core   0: 0x8000413c (0x00ddfd33) and     s10, s11, a3
core   0: 3 0x8000413c (0x00ddfd33) x26 0x001004ec
core   0: 0x80004140 (0x00143fb3) sltu    t6, s0, ra
core   0: 3 0x80004140 (0x00143fb3) x31 0x00000001
core   0: 0x80004144 (0x0c57a113) slti    sp, a5, 197
core   0: 3 0x80004144 (0x0c57a113) x 2 0x00000000
core   0: 0x80004148 (0x7643c617) auipc   a2, 0x7643c
core   0: 3 0x80004148 (0x7643c617) x12 0xf6440148
core   0: 0x8000414c (0x403d5333) sra     t1, s10, gp
core   0: 3 0x8000414c (0x403d5333) x 6 0x00080276
core   0: 0x80004150 (0x00070cb3) add     s9, a4, zero
core   0: 3 0x80004150 (0x00070cb3) x25 0xfffffe4d
core   0: 0x80004154 (0x01f40833) add     a6, s0, t6
core   0: 3 0x80004154 (0x01f40833) x16 0x49358ce5
core   0: 0x80004158 (0x00fea733) slt     a4, t4, a5
core   0: 3 0x80004158 (0x00fea733) x14 0x00000001
core   0: 0x8000415c (0xd8f96d93) ori     s11, s2, -625
core   0: 3 0x8000415c (0xd8f96d93) x27 0xfffffd8f
core   0: 0x80004160 (0x28d912b7) lui     t0, 0x28d91
core   0: 3 0x80004160 (0x28d912b7) x 5 0x28d91000
core   0: 0x80004164 (0x9e1ca093) slti    ra, s9, -1567
core   0: 3 0x80004164 (0x9e1ca093) x 1 0x00000000
core   0: 0x80004168 (0x0046d7b3) srl     a5, a3, tp
core   0: 3 0x80004168 (0x0046d7b3) x15 0xdb16acfc
core   0: 0x8000416c (0x40455eb3) sra     t4, a0, tp
core   0: 3 0x8000416c (0x40455eb3) x29 0x80014ce4
core   0: 0x80004170 (0x00d82fb3) slt     t6, a6, a3
core   0: 3 0x80004170 (0x00d82fb3) x31 0x00000000
core   0: 0x80004174 (0x009a5b13) srli    s6, s4, 9
core   0: 3 0x80004174 (0x009a5b13) x22 0x00000001
core   0: 0x80004178 (0xfee27b13) andi    s6, tp, -18
core   0: 3 0x80004178 (0xfee27b13) x22 0xc934c000
core   0: 0x8000417c (0xd3aa0b93) addi    s7, s4, -710
core   0: 3 0x8000417c (0xd3aa0b93) x23 0xffffff4e
core   0: 0x80004180 (0x41bd0d33) sub     s10, s10, s11
core   0: 3 0x80004180 (0x41bd0d33) x26 0x0010075d
core   0: 0x80004184 (0xee3a7013) andi    zero, s4, -285
core   0: 3 0x80004184 (0xee3a7013)
core   0: 0x80004188 (0x416f5813) srai    a6, t5, 22
core   0: 3 0x80004188 (0x416f5813) x16 0x00000000
core   0: 0x8000418c (0x0c8d7d13) andi    s10, s10, 200
core   0: 3 0x8000418c (0x0c8d7d13) x26 0x00000048
core   0: 0x80004190 (0xc2de6637) lui     a2, 0xc2de6
core   0: 3 0x80004190 (0xc2de6637) x12 0xc2de6000
core   0: 0x80004194 (0x41d30833) sub     a6, t1, t4
core   0: 3 0x80004194 (0x41d30833) x16 0x8006b592
core   0: 0x80004198 (0x41fa0d33) sub     s10, s4, t6
core   0: 3 0x80004198 (0x41fa0d33) x26 0x00000214
core   0: 0x8000419c (0x40618ab3) sub     s5, gp, t1
core   0: 3 0x8000419c (0x40618ab3) x21 0xfff7fd8b
core   0: 0x800041a0 (0x01a7ed33) or      s10, a5, s10
core   0: 3 0x800041a0 (0x01a7ed33) x26 0xdb16aefc
core   0: 0x800041a4 (0x005822b3) slt     t0, a6, t0
core   0: 3 0x800041a4 (0x005822b3) x 5 0x00000001
core   0: 0x800041a8 (0x01357233) and     tp, a0, s3
core   0: 3 0x800041a8 (0x01357233) x 4 0x80010c64
core   0: 0x800041ac (0x001d14b3) sll     s1, s10, ra
core   0: 3 0x800041ac (0x001d14b3) x 9 0xdb16aefc
core   0: 0x800041b0 (0x01385233) srl     tp, a6, s3
core   0: 3 0x800041b0 (0x01385233) x 4 0x08006b59
core   0: 0x800041b4 (0xe7f2b817) auipc   a6, 0xe7f2b
core   0: 3 0x800041b4 (0xe7f2b817) x16 0x67f2f1b4
core   0: 0x800041b8 (0x009d5133) srl     sp, s10, s1
core   0: 3 0x800041b8 (0x009d5133) x 2 0x0000000d
core   0: 0x800041bc (0xa42ce313) ori     t1, s9, -1470
core   0: 3 0x800041bc (0xa42ce313) x 6 0xfffffe4f
core   0: 0x800041c0 (0xe6087d13) andi    s10, a6, -416
core   0: 3 0x800041c0 (0xe6087d13) x26 0x67f2f020
core   0: 0x800041c4 (0x00000013) nop
core   0: 3 0x800041c4 (0x00000013)
core   0: 0x800041c8 (0x0062f633) and     a2, t0, t1
core   0: 3 0x800041c8 (0x0062f633) x12 0x00000001
core   0: 0x800041cc (0x018bb8b3) sltu    a7, s7, s8
core   0: 3 0x800041cc (0x018bb8b3) x17 0x00000000
core   0: 0x800041d0 (0x01f16333) or      t1, sp, t6
core   0: 3 0x800041d0 (0x01f16333) x 6 0x0000000d
core   0: 0x800041d4 (0x00515793) srli    a5, sp, 5
core   0: 3 0x800041d4 (0x00515793) x15 0x00000000
core   0: 0x800041d8 (0x002582b3) add     t0, a1, sp
core   0: 3 0x800041d8 (0x002582b3) x 5 0x80010e71
core   0: 0x800041dc (0x503d6f13) ori     t5, s10, 1283
core   0: 3 0x800041dc (0x503d6f13) x30 0x67f2f523
core   0: 0x800041e0 (0x40380433) sub     s0, a6, gp
core   0: 3 0x800041e0 (0x40380433) x 8 0x67f2f1b3
core   0: 0x800041e4 (0x40d28233) sub     tp, t0, a3
core   0: 3 0x800041e4 (0x40d28233) x 4 0xa4ea6175
core   0: 0x800041e8 (0x001429b3) slt     s3, s0, ra
core   0: 3 0x800041e8 (0x001429b3) x19 0x00000000
core   0: 0x800041ec (0x00000013) nop
core   0: 3 0x800041ec (0x00000013)
core   0: 0x800041f0 (0x00b14a33) xor     s4, sp, a1
core   0: 3 0x800041f0 (0x00b14a33) x20 0x80010e69
core   0: 0x800041f4 (0x00d98fb3) add     t6, s3, a3
core   0: 3 0x800041f4 (0x00d98fb3) x31 0xdb16acfc
core   0: 0x800041f8 (0x410ede93) srai    t4, t4, 16
core   0: 3 0x800041f8 (0x410ede93) x29 0xffff8001
core   0: 0x800041fc (0xb115a993) slti    s3, a1, -1263
core   0: 3 0x800041fc (0xb115a993) x19 0x00000001
core   0: 0x80004200 (0x693e0e93) addi    t4, t3, 1683
core   0: 3 0x80004200 (0x693e0e93) x29 0x00000693
core   0: 0x80004204 (0x003ddb93) srli    s7, s11, 3
core   0: 3 0x80004204 (0x003ddb93) x23 0x1fffffb1
core   0: 0x80004208 (0x000fe0b3) or      ra, t6, zero
core   0: 3 0x80004208 (0x000fe0b3) x 1 0xdb16acfc
core   0: 0x8000420c (0x044a7a13) andi    s4, s4, 68
core   0: 3 0x8000420c (0x044a7a13) x20 0x00000040
core   0: 0x80004210 (0x00000013) nop
core   0: 3 0x80004210 (0x00000013)
core   0: 0x80004214 (0x01e23033) sltu    zero, tp, t5
core   0: 3 0x80004214 (0x01e23033)
core   0: 0x80004218 (0x0105eab3) or      s5, a1, a6
core   0: 3 0x80004218 (0x0105eab3) x21 0xe7f3fff4
core   0: 0x8000421c (0x410550b3) sra     ra, a0, a6
core   0: 3 0x8000421c (0x410550b3) x 1 0xfffff800
core   0: 0x80004220 (0x00d21733) sll     a4, tp, a3
core   0: 3 0x80004220 (0x00d21733) x14 0x50000000
core   0: 0x80004224 (0x40f95793) srai    a5, s2, 15
core   0: 3 0x80004224 (0x40f95793) x15 0x00000000
core   0: 0x80004228 (0x011a6633) or      a2, s4, a7
core   0: 3 0x80004228 (0x011a6633) x12 0x00000040
core   0: 0x8000422c (0x007962b3) or      t0, s2, t2
core   0: 3 0x8000422c (0x007962b3) x 5 0x00000000
core   0: 0x80004230 (0x01990033) add     zero, s2, s9
core   0: 3 0x80004230 (0x01990033)
core   0: 0x80004234 (0x41135f13) srai    t5, t1, 17
core   0: 3 0x80004234 (0x41135f13) x30 0x00000000
core   0: 0x80004238 (0x01f89693) slli    a3, a7, 31
core   0: 3 0x80004238 (0x01f89693) x13 0x00000000
core   0: 0x8000423c (0x00000013) nop
core   0: 3 0x8000423c (0x00000013)
core   0: 0x80004240 (0x00e921b3) slt     gp, s2, a4
core   0: 3 0x80004240 (0x00e921b3) x 3 0x00000001
core   0: 0x80004244 (0x411a54b3) sra     s1, s4, a7
core   0: 3 0x80004244 (0x411a54b3) x 9 0x00000040
core   0: 0x80004248 (0x3337a713) slti    a4, a5, 819
core   0: 3 0x80004248 (0x3337a713) x14 0x00000001
core   0: 0x8000424c (0x41b6d413) srai    s0, a3, 27
core   0: 3 0x8000424c (0x41b6d413) x 8 0x00000000
core   0: 0x80004250 (0x528297b7) lui     a5, 0x52829
core   0: 3 0x80004250 (0x528297b7) x15 0x52829000
core   0: 0x80004254 (0x23e22293) slti    t0, tp, 574
core   0: 3 0x80004254 (0x23e22293) x 5 0x00000001
core   0: 0x80004258 (0xaa3ef213) andi    tp, t4, -1373
core   0: 3 0x80004258 (0xaa3ef213) x 4 0x00000283
core   0: 0x8000425c (0x00151293) slli    t0, a0, 1
core   0: 3 0x8000425c (0x00151293) x 5 0x000299c8
core   0: 0x80004260 (0x6beef793) andi    a5, t4, 1726
core   0: 3 0x80004260 (0x6beef793) x15 0x00000692
core   0: 0x80004264 (0x87b0f293) andi    t0, ra, -1925
core   0: 3 0x80004264 (0x87b0f293) x 5 0xfffff800
core   0: 0x80004268 (0x41e4d733) sra     a4, s1, t5
core   0: 3 0x80004268 (0x41e4d733) x14 0x00000040
core   0: 0x8000426c (0xb9ade013) ori     zero, s11, -1126
core   0: 3 0x8000426c (0xb9ade013)
core   0: 0x80004270 (0xaf8b6e13) ori     t3, s6, -1288
core   0: 3 0x80004270 (0xaf8b6e13) x28 0xfffffaf8
core   0: 0x80004274 (0x01499ab3) sll     s5, s3, s4
core   0: 3 0x80004274 (0x01499ab3) x21 0x00000001
core   0: 0x80004278 (0x01092733) slt     a4, s2, a6
core   0: 3 0x80004278 (0x01092733) x14 0x00000001
core   0: 0x8000427c (0xbdc34093) xori    ra, t1, -1060
core   0: 3 0x8000427c (0xbdc34093) x 1 0xfffffbd1
core   0: 0x80004280 (0x0025da33) srl     s4, a1, sp
core   0: 3 0x80004280 (0x0025da33) x20 0x00040008
core   0: 0x80004284 (0x01bce033) or      zero, s9, s11
core   0: 3 0x80004284 (0x01bce033)
core   0: 0x80004288 (0x4168d893) srai    a7, a7, 22
core   0: 3 0x80004288 (0x4168d893) x17 0x00000000
core   0: 0x8000428c (0x15dfc313) xori    t1, t6, 349
core   0: 3 0x8000428c (0x15dfc313) x 6 0xdb16ada1
core   0: 0x80004290 (0x017fdb93) srli    s7, t6, 23
core   0: 3 0x80004290 (0x017fdb93) x23 0x000001b6
core   0: 0x80004294 (0x21790b93) addi    s7, s2, 535
core   0: 3 0x80004294 (0x21790b93) x23 0x00000217
core   0: 0x80004298 (0x559a4093) xori    ra, s4, 1369
core   0: 3 0x80004298 (0x559a4093) x 1 0x00040551
core   0: 0x8000429c (0x05c02013) slti    zero, zero, 92
core   0: 3 0x8000429c (0x05c02013)
core   0: 0x800042a0 (0x400fd1b3) sra     gp, t6, zero
core   0: 3 0x800042a0 (0x400fd1b3) x 3 0xdb16acfc
core   0: 0x800042a4 (0x70c8e397) auipc   t2, 0x70c8e
core   0: 3 0x800042a4 (0x70c8e397) x 7 0xf0c922a4
core   0: 0x800042a8 (0x418a5713) srai    a4, s4, 24
core   0: 3 0x800042a8 (0x418a5713) x14 0x00000000
core   0: 0x800042ac (0x00000013) nop
core   0: 3 0x800042ac (0x00000013)
core   0: 0x800042b0 (0x0068c1b3) xor     gp, a7, t1
core   0: 3 0x800042b0 (0x0068c1b3) x 3 0xdb16ada1
core   0: 0x800042b4 (0x0055fa33) and     s4, a1, t0
core   0: 3 0x800042b4 (0x0055fa33) x20 0x80010800
core   0: 0x800042b8 (0x08913993) sltiu   s3, sp, 137
core   0: 3 0x800042b8 (0x08913993) x19 0x00000001
core   0: 0x800042bc (0x01d6ddb3) srl     s11, a3, t4
core   0: 3 0x800042bc (0x01d6ddb3) x27 0x00000000
core   0: 0x800042c0 (0x1a700713) li      a4, 423
core   0: 3 0x800042c0 (0x1a700713) x14 0x000001a7
core   0: 0x800042c4 (0xf9627913) andi    s2, tp, -106
core   0: 3 0x800042c4 (0xf9627913) x18 0x00000282
core   0: 0x800042c8 (0x0cea2c93) slti    s9, s4, 206
core   0: 3 0x800042c8 (0x0cea2c93) x25 0x00000001
core   0: 0x800042cc (0x41f784b3) sub     s1, a5, t6
core   0: 3 0x800042cc (0x41f784b3) x 9 0x24e95996
core   0: 0x800042d0 (0x017651b3) srl     gp, a2, s7
core   0: 3 0x800042d0 (0x017651b3) x 3 0x00000000
core   0: 0x800042d4 (0x8fc02737) lui     a4, 0x8fc02
core   0: 3 0x800042d4 (0x8fc02737) x14 0x8fc02000
core   0: 0x800042d8 (0x00106133) or      sp, zero, ra
core   0: 3 0x800042d8 (0x00106133) x 2 0x00040551
core   0: 0x800042dc (0x008229b3) slt     s3, tp, s0
core   0: 3 0x800042dc (0x008229b3) x19 0x00000000
core   0: 0x800042e0 (0x00e33b33) sltu    s6, t1, a4
core   0: 3 0x800042e0 (0x00e33b33) x22 0x00000000
core   0: 0x800042e4 (0x00cdc133) xor     sp, s11, a2
core   0: 3 0x800042e4 (0x00cdc133) x 2 0x00000040
core   0: 0x800042e8 (0x00000013) nop
core   0: 3 0x800042e8 (0x00000013)
core   0: 0x800042ec (0x41055433) sra     s0, a0, a6
core   0: 3 0x800042ec (0x41055433) x 8 0xfffff800
core   0: 0x800042f0 (0x01622ab3) slt     s5, tp, s6
core   0: 3 0x800042f0 (0x01622ab3) x21 0x00000000
core   0: 0x800042f4 (0x00000013) nop
core   0: 3 0x800042f4 (0x00000013)
core   0: 0x800042f8 (0x882be713) ori     a4, s7, -1918
core   0: 3 0x800042f8 (0x882be713) x14 0xfffffa97
core   0: 0x800042fc (0x41d75a93) srai    s5, a4, 29
core   0: 3 0x800042fc (0x41d75a93) x21 0xffffffff
core   0: 0x80004300 (0x005b37b3) sltu    a5, s6, t0
core   0: 3 0x80004300 (0x005b37b3) x15 0x00000001
core   0: 0x80004304 (0xe68ea713) slti    a4, t4, -408
core   0: 3 0x80004304 (0xe68ea713) x14 0x00000000
core   0: 0x80004308 (0x01891833) sll     a6, s2, s8
core   0: 3 0x80004308 (0x01891833) x16 0x00000000
core   0: 0x8000430c (0x01f419b3) sll     s3, s0, t6
core   0: 3 0x8000430c (0x01f419b3) x19 0x00000000
core   0: 0x80004310 (0x01619813) slli    a6, gp, 22
core   0: 3 0x80004310 (0x01619813) x16 0x00000000
core   0: 0x80004314 (0x000668b3) or      a7, a2, zero
core   0: 3 0x80004314 (0x000668b3) x17 0x00000040
core   0: 0x80004318 (0x41f15e33) sra     t3, sp, t6
core   0: 3 0x80004318 (0x41f15e33) x28 0x00000000
core   0: 0x8000431c (0x01fc1bb3) sll     s7, s8, t6
core   0: 3 0x8000431c (0x01fc1bb3) x23 0xf0000000
core   0: 0x80004320 (0x4115a093) slti    ra, a1, 1041
core   0: 3 0x80004320 (0x4115a093) x 1 0x00000001
core   0: 0x80004324 (0x01c3e633) or      a2, t2, t3
core   0: 3 0x80004324 (0x01c3e633) x12 0xf0c922a4
core   0: 0x80004328 (0x018331b3) sltu    gp, t1, s8
core   0: 3 0x80004328 (0x018331b3) x 3 0x00000001
core   0: 0x8000432c (0x6b05c317) auipc   t1, 0x6b05c
core   0: 3 0x8000432c (0x6b05c317) x 6 0xeb06032c
core   0: 0x80004330 (0x00000013) nop
core   0: 3 0x80004330 (0x00000013)
core   0: 0x80004334 (0x00000013) nop
core   0: 3 0x80004334 (0x00000013)
core   0: 0x80004338 (0x32c3e813) ori     a6, t2, 812
core   0: 3 0x80004338 (0x32c3e813) x16 0xf0c923ac
core   0: 0x8000433c (0xa0ff0813) addi    a6, t5, -1521
core   0: 3 0x8000433c (0xa0ff0813) x16 0xfffffa0f
core   0: 0x80004340 (0x00029bb3) sll     s7, t0, zero
core   0: 3 0x80004340 (0x00029bb3) x23 0xfffff800
core   0: 0x80004344 (0x5cb02113) slti    sp, zero, 1483
core   0: 3 0x80004344 (0x5cb02113) x 2 0x00000001
core   0: 0x80004348 (0x01e8f933) and     s2, a7, t5
core   0: 3 0x80004348 (0x01e8f933) x18 0x00000000
core   0: 0x8000434c (0x00179633) sll     a2, a5, ra
core   0: 3 0x8000434c (0x00179633) x12 0x00000002
core   0: 0x80004350 (0x01e9da13) srli    s4, s3, 30
core   0: 3 0x80004350 (0x01e9da13) x20 0x00000000
core   0: 0x80004354 (0xedada113) slti    sp, s11, -294
core   0: 3 0x80004354 (0xedada113) x 2 0x00000000
core   0: 0x80004358 (0x4202e993) ori     s3, t0, 1056
core   0: 3 0x80004358 (0x4202e993) x19 0xfffffc20
core   0: 0x8000435c (0x0127e6b3) or      a3, a5, s2
core   0: 3 0x8000435c (0x0127e6b3) x13 0x00000001
core   0: 0x80004360 (0x58c5d437) lui     s0, 0x58c5d
core   0: 3 0x80004360 (0x58c5d437) x 8 0x58c5d000
core   0: 0x80004364 (0x01a32f33) slt     t5, t1, s10
core   0: 3 0x80004364 (0x01a32f33) x30 0x00000001
core   0: 0x80004368 (0x41c5d713) srai    a4, a1, 28
core   0: 3 0x80004368 (0x41c5d713) x14 0xfffffff8
core   0: 0x8000436c (0xf50da313) slti    t1, s11, -176
core   0: 3 0x8000436c (0xf50da313) x 6 0x00000000
core   0: 0x80004370 (0x01209713) slli    a4, ra, 18
core   0: 3 0x80004370 (0x01209713) x14 0x00040000
core   0: 0x80004374 (0x003f5d33) srl     s10, t5, gp
core   0: 3 0x80004374 (0x003f5d33) x26 0x00000000
core   0: 0x80004378 (0x012e77b3) and     a5, t3, s2
core   0: 3 0x80004378 (0x012e77b3) x15 0x00000000
core   0: 0x8000437c (0x01227e33) and     t3, tp, s2
core   0: 3 0x8000437c (0x01227e33) x28 0x00000000
core   0: 0x80004380 (0x01031cb3) sll     s9, t1, a6
core   0: 3 0x80004380 (0x01031cb3) x25 0x00000000
core   0: 0x80004384 (0x0048d093) srli    ra, a7, 4
core   0: 3 0x80004384 (0x0048d093) x 1 0x00000004
core   0: 0x80004388 (0x00695cb3) srl     s9, s2, t1
core   0: 3 0x80004388 (0x00695cb3) x25 0x00000000
core   0: 0x8000438c (0x005fd3b3) srl     t2, t6, t0
core   0: 3 0x8000438c (0x005fd3b3) x 7 0xdb16acfc
core   0: 0x80004390 (0x01e81e33) sll     t3, a6, t5
core   0: 3 0x80004390 (0x01e81e33) x28 0xfffff41e
core   0: 0x80004394 (0x01eb5733) srl     a4, s6, t5
core   0: 3 0x80004394 (0x01eb5733) x14 0x00000000
core   0: 0x80004398 (0xa9d7a693) slti    a3, a5, -1379
core   0: 3 0x80004398 (0xa9d7a693) x13 0x00000000
core   0: 0x8000439c (0xabb77a93) andi    s5, a4, -1349
core   0: 3 0x8000439c (0xabb77a93) x21 0x00000000
core   0: 0x800043a0 (0x40da87b3) sub     a5, s5, a3
core   0: 3 0x800043a0 (0x40da87b3) x15 0x00000000
core   0: 0x800043a4 (0x665c8193) addi    gp, s9, 1637
core   0: 3 0x800043a4 (0x665c8193) x 3 0x00000665
core   0: 0x800043a8 (0x00068f33) add     t5, a3, zero
core   0: 3 0x800043a8 (0x00068f33) x30 0x00000000
core   0: 0x800043ac (0x012e47b3) xor     a5, t3, s2
core   0: 3 0x800043ac (0x012e47b3) x15 0xfffff41e
core   0: 0x800043b0 (0xfac64193) xori    gp, a2, -84
core   0: 3 0x800043b0 (0xfac64193) x 3 0xffffffae
core   0: 0x800043b4 (0x01e373b3) and     t2, t1, t5
core   0: 3 0x800043b4 (0x01e373b3) x 7 0x00000000
core   0: 0x800043b8 (0x30a41417) auipc   s0, 0x30a41
core   0: 3 0x800043b8 (0x30a41417) x 8 0xb0a453b8
core   0: 0x800043bc (0xfaeee913) ori     s2, t4, -82
core   0: 3 0x800043bc (0xfaeee913) x18 0xffffffbf
core   0: 0x800043c0 (0x00000013) nop
core   0: 3 0x800043c0 (0x00000013)
core   0: 0x800043c4 (0x00000013) nop
core   0: 3 0x800043c4 (0x00000013)
core   0: 0x800043c8 (0x00da9e13) slli    t3, s5, 13
core   0: 3 0x800043c8 (0x00da9e13) x28 0x00000000
core   0: 0x800043cc (0xae5fc417) auipc   s0, 0xae5fc
core   0: 3 0x800043cc (0xae5fc417) x 8 0x2e6003cc
core   0: 0x800043d0 (0x41d65193) srai    gp, a2, 29
core   0: 3 0x800043d0 (0x41d65193) x 3 0x00000000
core   0: 0x800043d4 (0x7b00c293) xori    t0, ra, 1968
core   0: 3 0x800043d4 (0x7b00c293) x 5 0x000007b4
core   0: 0x800043d8 (0x008ab6b3) sltu    a3, s5, s0
core   0: 3 0x800043d8 (0x008ab6b3) x13 0x00000001
core   0: 0x800043dc (0x65648b93) addi    s7, s1, 1622
core   0: 3 0x800043dc (0x65648b93) x23 0x24e95fec
core   0: 0x800043e0 (0x41598ab3) sub     s5, s3, s5
core   0: 3 0x800043e0 (0x41598ab3) x21 0xfffffc20
core   0: 0x800043e4 (0x0022c233) xor     tp, t0, sp
core   0: 3 0x800043e4 (0x0022c233) x 4 0x000007b4
core   0: 0x800043e8 (0x415fd233) sra     tp, t6, s5
core   0: 3 0x800043e8 (0x415fd233) x 4 0xdb16acfc
core   0: 0x800043ec (0x41e70b33) sub     s6, a4, t5
core   0: 3 0x800043ec (0x41e70b33) x22 0x00000000
core   0: 0x800043f0 (0x0c42fcb7) lui     s9, 0xc42f
core   0: 3 0x800043f0 (0x0c42fcb7) x25 0x0c42f000
core   0: 0x800043f4 (0x002d1813) slli    a6, s10, 2
core   0: 3 0x800043f4 (0x002d1813) x16 0x00000000
core   0: 0x800043f8 (0x016007b3) add     a5, zero, s6
core   0: 3 0x800043f8 (0x016007b3) x15 0x00000000
core   0: 0x800043fc (0x00a122b3) slt     t0, sp, a0
core   0: 3 0x800043fc (0x00a122b3) x 5 0x00000000
core   0: 0x80004400 (0x6ca24993) xori    s3, tp, 1738
core   0: 3 0x80004400 (0x6ca24993) x19 0xdb16aa36
core   0: 0x80004404 (0x00000013) nop
core   0: 3 0x80004404 (0x00000013)
core   0: 0x80004408 (0x01a69333) sll     t1, a3, s10
core   0: 3 0x80004408 (0x01a69333) x 6 0x00000001
core   0: 0x8000440c (0xf6502413) slti    s0, zero, -155
core   0: 3 0x8000440c (0xf6502413) x 8 0x00000000
core   0: 0x80004410 (0x00cbed33) or      s10, s7, a2
core   0: 3 0x80004410 (0x00cbed33) x26 0x24e95fee
core   0: 0x80004414 (0x00f08133) add     sp, ra, a5
core   0: 3 0x80004414 (0x00f08133) x 2 0x00000004
core   0: 0x80004418 (0x40f5d613) srai    a2, a1, 15
core   0: 3 0x80004418 (0x40f5d613) x12 0xffff0002
core   0: 0x8000441c (0x000a5633) srl     a2, s4, zero
core   0: 3 0x8000441c (0x000a5633) x12 0x00000000
core   0: 0x80004420 (0xc4547293) andi    t0, s0, -955
core   0: 3 0x80004420 (0xc4547293) x 5 0x00000000
core   0: 0x80004424 (0x00aa8eb3) add     t4, s5, a0
core   0: 3 0x80004424 (0x00aa8eb3) x29 0x80014904
core   0: 0x80004428 (0x417b0133) sub     sp, s6, s7
core   0: 3 0x80004428 (0x417b0133) x 2 0xdb16a014
core   0: 0x8000442c (0x018f4a33) xor     s4, t5, s8
core   0: 3 0x8000442c (0x018f4a33) x20 0xffc27e3f
core   0: 0x80004430 (0x0dc86013) ori     zero, a6, 220
core   0: 3 0x80004430 (0x0dc86013)
core   0: 0x80004434 (0x41ed8833) sub     a6, s11, t5
core   0: 3 0x80004434 (0x41ed8833) x16 0x00000000
core   0: 0x80004438 (0x00725db3) srl     s11, tp, t2
core   0: 3 0x80004438 (0x00725db3) x27 0xdb16acfc
core   0: 0x8000443c (0x01378eb3) add     t4, a5, s3
core   0: 3 0x8000443c (0x01378eb3) x29 0xdb16aa36
core   0: 0x80004440 (0xbde5bf17) auipc   t5, 0xbde5b
core   0: 3 0x80004440 (0xbde5bf17) x30 0x3de5f440
core   0: 0x80004444 (0x0156aeb3) slt     t4, a3, s5
core   0: 3 0x80004444 (0x0156aeb3) x29 0x00000000
core   0: 0x80004448 (0x01fd8eb3) add     t4, s11, t6
core   0: 3 0x80004448 (0x01fd8eb3) x29 0xb62d59f8
core   0: 0x8000444c (0x01580e33) add     t3, a6, s5
core   0: 3 0x8000444c (0x01580e33) x28 0xfffffc20
core   0: 0x80004450 (0xc999f237) lui     tp, 0xc999f
core   0: 3 0x80004450 (0xc999f237) x 4 0xc999f000
core   0: 0x80004454 (0x00248433) add     s0, s1, sp
core   0: 3 0x80004454 (0x00248433) x 8 0xfffff9aa
core   0: 0x80004458 (0x018959b3) srl     s3, s2, s8
core   0: 3 0x80004458 (0x018959b3) x19 0x00000001
core   0: 0x8000445c (0x402c5813) srai    a6, s8, 2
core   0: 3 0x8000445c (0x402c5813) x16 0xfff09f8f
core   0: 0x80004460 (0x00d1d013) srli    zero, gp, 13
core   0: 3 0x80004460 (0x00d1d013)
core   0: 0x80004464 (0x00000013) nop
core   0: 3 0x80004464 (0x00000013)
core   0: 0x80004468 (0x2331e017) auipc   zero, 0x2331e
core   0: 3 0x80004468 (0x2331e017)
core   0: 0x8000446c (0x03b32313) slti    t1, t1, 59
core   0: 3 0x8000446c (0x03b32313) x 6 0x00000001
core   0: 0x80004470 (0x01960cb3) add     s9, a2, s9
core   0: 3 0x80004470 (0x01960cb3) x25 0x0c42f000
core   0: 0x80004474 (0x40c853b3) sra     t2, a6, a2
core   0: 3 0x80004474 (0x40c853b3) x 7 0xfff09f8f
core   0: 0x80004478 (0x1161cf13) xori    t5, gp, 278
core   0: 3 0x80004478 (0x1161cf13) x30 0x00000116
core   0: 0x8000447c (0x00f34b33) xor     s6, t1, a5
core   0: 3 0x8000447c (0x00f34b33) x22 0x00000001
core   0: 0x80004480 (0x9392e417) auipc   s0, 0x9392e
core   0: 3 0x80004480 (0x9392e417) x 8 0x13932480
core   0: 0x80004484 (0x00f19a93) slli    s5, gp, 15
core   0: 3 0x80004484 (0x00f19a93) x21 0x00000000
core   0: 0x80004488 (0x00b886b3) add     a3, a7, a1
core   0: 3 0x80004488 (0x00b886b3) x13 0x80010ea4
core   0: 0x8000448c (0x4009df33) sra     t5, s3, zero
core   0: 3 0x8000448c (0x4009df33) x30 0x00000001
core   0: 0x80004490 (0x01ac47b3) xor     a5, s8, s10
core   0: 3 0x80004490 (0x01ac47b3) x15 0xdb2b21d1
core   0: 0x80004494 (0x01349413) slli    s0, s1, 19
core   0: 3 0x80004494 (0x01349413) x 8 0xccb00000
core   0: 0x80004498 (0x53c06013) ori     zero, zero, 1340
core   0: 3 0x80004498 (0x53c06013)
core   0: 0x8000449c (0x01559993) slli    s3, a1, 21
core   0: 3 0x8000449c (0x01559993) x19 0xcc800000
core   0: 0x800044a0 (0xad58fd13) andi    s10, a7, -1323
core   0: 3 0x800044a0 (0xad58fd13) x26 0x00000040
core   0: 0x800044a4 (0x00fbd713) srli    a4, s7, 15
core   0: 3 0x800044a4 (0x00fbd713) x14 0x000049d2
core   0: 0x800044a8 (0xecefb137) lui     sp, 0xecefb
core   0: 3 0x800044a8 (0xecefb137) x 2 0xecefb000
core   0: 0x800044ac (0x417c5233) sra     tp, s8, s7
core   0: 3 0x800044ac (0x417c5233) x 4 0xfffffc27
core   0: 0x800044b0 (0x6d24e393) ori     t2, s1, 1746
core   0: 3 0x800044b0 (0x6d24e393) x 7 0x24e95fd6
core   0: 0x800044b4 (0x8f36e013) ori     zero, a3, -1805
core   0: 3 0x800044b4 (0x8f36e013)
core   0: 0x800044b8 (0x00787033) and     zero, a6, t2
core   0: 3 0x800044b8 (0x00787033)
core   0: 0x800044bc (0x40e3dfb3) sra     t6, t2, a4
core   0: 3 0x800044bc (0x40e3dfb3) x31 0x0000093a
core   0: 0x800044c0 (0xdbfd6e13) ori     t3, s10, -577
core   0: 3 0x800044c0 (0xdbfd6e13) x28 0xfffffdff
core   0: 0x800044c4 (0x8e4e2d93) slti    s11, t3, -1820
core   0: 3 0x800044c4 (0x8e4e2d93) x27 0x00000000
core   0: 0x800044c8 (0xa3f23717) auipc   a4, 0xa3f23
core   0: 3 0x800044c8 (0xa3f23717) x14 0x23f274c8
core   0: 0x800044cc (0x00593233) sltu    tp, s2, t0
core   0: 3 0x800044cc (0x00593233) x 4 0x00000000
core   0: 0x800044d0 (0x01d53e33) sltu    t3, a0, t4
core   0: 3 0x800044d0 (0x01d53e33) x28 0x00000001
core   0: 0x800044d4 (0x41cdd093) srai    ra, s11, 28
core   0: 3 0x800044d4 (0x41cdd093) x 1 0x00000000
core   0: 0x800044d8 (0xbe8a4f97) auipc   t6, 0xbe8a4
core   0: 3 0x800044d8 (0xbe8a4f97) x31 0x3e8a84d8
core   0: 0x800044dc (0x00ea4e33) xor     t3, s4, a4
core   0: 3 0x800044dc (0x00ea4e33) x28 0xdc300af7
core   0: 0x800044e0 (0xa1037813) andi    a6, t1, -1520
core   0: 3 0x800044e0 (0xa1037813) x16 0x00000000
core   0: 0x800044e4 (0x01c9e433) or      s0, s3, t3
core   0: 3 0x800044e4 (0x01c9e433) x 8 0xdcb00af7
core   0: 0x800044e8 (0x998a7d13) andi    s10, s4, -1640
core   0: 3 0x800044e8 (0x998a7d13) x26 0xffc27818
core   0: 0x800044ec (0x2f618c93) addi    s9, gp, 758
core   0: 3 0x800044ec (0x2f618c93) x25 0x000002f6
core   0: 0x800044f0 (0x01bfdd93) srli    s11, t6, 27
core   0: 3 0x800044f0 (0x01bfdd93) x27 0x00000007
core   0: 0x800044f4 (0xa2e31217) auipc   tp, 0xa2e31
core   0: 3 0x800044f4 (0xa2e31217) x 4 0x22e354f4
core   0: 0x800044f8 (0xc0f4e393) ori     t2, s1, -1009
core   0: 3 0x800044f8 (0xc0f4e393) x 7 0xfffffd9f
core   0: 0x800044fc (0xd314ab17) auipc   s6, 0xd314a
core   0: 3 0x800044fc (0xd314ab17) x22 0x5314e4fc
core   0: 0x80004500 (0x01f25193) srli    gp, tp, 31
core   0: 3 0x80004500 (0x01f25193) x 3 0x00000000
core   0: 0x80004504 (0x327c2413) slti    s0, s8, 807
core   0: 3 0x80004504 (0x327c2413) x 8 0x00000001
core   0: 0x80004508 (0xbab9a193) slti    gp, s3, -1109
core   0: 3 0x80004508 (0xbab9a193) x 3 0x00000001
core   0: 0x8000450c (0x367ba813) slti    a6, s7, 871
core   0: 3 0x8000450c (0x367ba813) x16 0x00000000
core   0: 0x80004510 (0x00000013) nop
core   0: 3 0x80004510 (0x00000013)
core   0: 0x80004514 (0x00c68a33) add     s4, a3, a2
core   0: 3 0x80004514 (0x00c68a33) x20 0x80010ea4
core   0: 0x80004518 (0x00000013) nop
core   0: 3 0x80004518 (0x00000013)
core   0: 0x8000451c (0xb1e7af93) slti    t6, a5, -1250
core   0: 3 0x8000451c (0xb1e7af93) x31 0x00000001
core   0: 0x80004520 (0x0123e0b3) or      ra, t2, s2
core   0: 3 0x80004520 (0x0123e0b3) x 1 0xffffffbf
core   0: 0x80004524 (0x00000013) nop
core   0: 3 0x80004524 (0x00000013)
core   0: 0x80004528 (0x017a7933) and     s2, s4, s7
core   0: 3 0x80004528 (0x017a7933) x18 0x00010ea4
core   0: 0x8000452c (0x0178f0b3) and     ra, a7, s7
core   0: 3 0x8000452c (0x0178f0b3) x 1 0x00000040
core   0: 0x80004530 (0x01e380b3) add     ra, t2, t5
core   0: 3 0x80004530 (0x01e380b3) x 1 0xfffffda0
core   0: 0x80004534 (0xaa3ac313) xori    t1, s5, -1373
core   0: 3 0x80004534 (0xaa3ac313) x 6 0xfffffaa3
core   0: 0x80004538 (0x79602993) slti    s3, zero, 1942
core   0: 3 0x80004538 (0x79602993) x19 0x00000001
core   0: 0x8000453c (0x1fbb0293) addi    t0, s6, 507
core   0: 3 0x8000453c (0x1fbb0293) x 5 0x5314e6f7
core   0: 0x80004540 (0x9be5a713) slti    a4, a1, -1602
core   0: 3 0x80004540 (0x9be5a713) x14 0x00000001
core   0: 0x80004544 (0x00000013) nop
core   0: 3 0x80004544 (0x00000013)
core   0: 0x80004548 (0x01664133) xor     sp, a2, s6
core   0: 3 0x80004548 (0x01664133) x 2 0x5314e4fc
core   0: 0x8000454c (0x01566fb3) or      t6, a2, s5
core   0: 3 0x8000454c (0x01566fb3) x31 0x00000000
core   0: 0x80004550 (0xad83a497) auipc   s1, 0xad83a
core   0: 3 0x80004550 (0xad83a497) x 9 0x2d83e550
core   0: 0x80004554 (0x002e5a33) srl     s4, t3, sp
core   0: 3 0x80004554 (0x002e5a33) x20 0x0000000d
core   0: 0x80004558 (0x3e4a0e93) addi    t4, s4, 996
core   0: 3 0x80004558 (0x3e4a0e93) x29 0x000003f1
core   0: 0x8000455c (0x4091d333) sra     t1, gp, s1
core   0: 3 0x8000455c (0x4091d333) x 6 0x00000000
core   0: 0x80004560 (0x00000013) nop
core   0: 3 0x80004560 (0x00000013)
core   0: 0x80004564 (0x00989b93) slli    s7, a7, 9
core   0: 3 0x80004564 (0x00989b93) x23 0x00008000
core   0: 0x80004568 (0x41c387b3) sub     a5, t2, t3
core   0: 3 0x80004568 (0x41c387b3) x15 0x23cff2a8
core   0: 0x8000456c (0x01ebd933) srl     s2, s7, t5
core   0: 3 0x8000456c (0x01ebd933) x18 0x00004000
core   0: 0x80004570 (0x01721a13) slli    s4, tp, 23
core   0: 3 0x80004570 (0x01721a13) x20 0x7a000000
core   0: 0x80004574 (0x41cb5a13) srai    s4, s6, 28
core   0: 3 0x80004574 (0x41cb5a13) x20 0x00000005
core   0: 0x80004578 (0x01d7d133) srl     sp, a5, t4
core   0: 3 0x80004578 (0x01d7d133) x 2 0x000011e7
core   0: 0x8000457c (0x00cff2b3) and     t0, t6, a2
core   0: 3 0x8000457c (0x00cff2b3) x 5 0x00000000
core   0: 0x80004580 (0xd55eed93) ori     s11, t4, -683
core   0: 3 0x80004580 (0xd55eed93) x27 0xfffffff5
core   0: 0x80004584 (0x79f52e13) slti    t3, a0, 1951
core   0: 3 0x80004584 (0x79f52e13) x28 0x00000001
core   0: 0x80004588 (0x00296e33) or      t3, s2, sp
core   0: 3 0x80004588 (0x00296e33) x28 0x000051e7
core   0: 0x8000458c (0x008fda33) srl     s4, t6, s0
core   0: 3 0x8000458c (0x008fda33) x20 0x00000000
core   0: 0x80004590 (0x016301b3) add     gp, t1, s6
core   0: 3 0x80004590 (0x016301b3) x 3 0x5314e4fc
core   0: 0x80004594 (0x003a7d33) and     s10, s4, gp
core   0: 3 0x80004594 (0x003a7d33) x26 0x00000000
core   0: 0x80004598 (0x52703693) sltiu   a3, zero, 1319
core   0: 3 0x80004598 (0x52703693) x13 0x00000001
core   0: 0x8000459c (0x01b66733) or      a4, a2, s11
core   0: 3 0x8000459c (0x01b66733) x14 0xfffffff5
core   0: 0x800045a0 (0x05113113) sltiu   sp, sp, 81
core   0: 3 0x800045a0 (0x05113113) x 2 0x00000000
core   0: 0x800045a4 (0x014f14b3) sll     s1, t5, s4
core   0: 3 0x800045a4 (0x014f14b3) x 9 0x00000001
core   0: 0x800045a8 (0x01675f13) srli    t5, a4, 22
core   0: 3 0x800045a8 (0x01675f13) x30 0x000003ff
core   0: 0x800045ac (0xcf874113) xori    sp, a4, -776
core   0: 3 0x800045ac (0xcf874113) x 2 0x0000030d
core   0: 0x800045b0 (0x5e0421b7) lui     gp, 0x5e042
core   0: 3 0x800045b0 (0x5e0421b7) x 3 0x5e042000
core   0: 0x800045b4 (0x400f5293) srai    t0, t5, 0
core   0: 3 0x800045b4 (0x400f5293) x 5 0x000003ff
core   0: 0x800045b8 (0x40ddd8b3) sra     a7, s11, a3
core   0: 3 0x800045b8 (0x40ddd8b3) x17 0xfffffffa
core   0: 0x800045bc (0x00d292b3) sll     t0, t0, a3
core   0: 3 0x800045bc (0x00d292b3) x 5 0x000007fe
core   0: 0x800045c0 (0x763e2713) slti    a4, t3, 1891
core   0: 3 0x800045c0 (0x763e2713) x14 0x00000000
core   0: 0x800045c4 (0x52b03e93) sltiu   t4, zero, 1323
core   0: 3 0x800045c4 (0x52b03e93) x29 0x00000001
core   0: 0x800045c8 (0x00dd6833) or      a6, s10, a3
core   0: 3 0x800045c8 (0x00dd6833) x16 0x00000001
core   0: 0x800045cc (0xca5beb13) ori     s6, s7, -859
core   0: 3 0x800045cc (0xca5beb13) x22 0xfffffca5
core   0: 0x800045d0 (0x01221913) slli    s2, tp, 18
core   0: 3 0x800045d0 (0x01221913) x18 0x53d00000
core   0: 0x800045d4 (0x00421313) slli    t1, tp, 4
core   0: 3 0x800045d4 (0x00421313) x 6 0x2e354f40
core   0: 0x800045d8 (0x003cf433) and     s0, s9, gp
core   0: 3 0x800045d8 (0x003cf433) x 8 0x00000000
core   0: 0x800045dc (0x85688b17) auipc   s6, 0x85688
core   0: 3 0x800045dc (0x85688b17) x22 0x0568c5dc
core   0: 0x800045e0 (0x018b3333) sltu    t1, s6, s8
core   0: 3 0x800045e0 (0x018b3333) x 6 0x00000001
core   0: 0x800045e4 (0x012b78b3) and     a7, s6, s2
core   0: 3 0x800045e4 (0x012b78b3) x17 0x01400000
core   0: 0x800045e8 (0x01fcd813) srli    a6, s9, 31
core   0: 3 0x800045e8 (0x01fcd813) x16 0x00000000
core   0: 0x800045ec (0x01175313) srli    t1, a4, 17
core   0: 3 0x800045ec (0x01175313) x 6 0x00000000
core   0: 0x800045f0 (0x00129d33) sll     s10, t0, ra
core   0: 3 0x800045f0 (0x00129d33) x26 0x000007fe
core   0: 0x800045f4 (0x3c276613) ori     a2, a4, 962
core   0: 3 0x800045f4 (0x3c276613) x12 0x000003c2
core   0: 0x800045f8 (0x003699b3) sll     s3, a3, gp
core   0: 3 0x800045f8 (0x003699b3) x19 0x00000001
core   0: 0x800045fc (0x00d21b33) sll     s6, tp, a3
core   0: 3 0x800045fc (0x00d21b33) x22 0x45c6a9e8
core   0: 0x80004600 (0x012ad9b3) srl     s3, s5, s2
core   0: 3 0x80004600 (0x012ad9b3) x19 0x00000000
core   0: 0x80004604 (0xa66c8793) addi    a5, s9, -1434
core   0: 3 0x80004604 (0xa66c8793) x15 0xfffffd5c
core   0: 0x80004608 (0x0199beb3) sltu    t4, s3, s9
core   0: 3 0x80004608 (0x0199beb3) x29 0x00000001
core   0: 0x8000460c (0x00b55193) srli    gp, a0, 11
core   0: 3 0x8000460c (0x00b55193) x 3 0x00100029
core   0: 0x80004610 (0x0075d113) srli    sp, a1, 7
core   0: 3 0x80004610 (0x0075d113) x 2 0x0100021c
core   0: 0x80004614 (0x007fd613) srli    a2, t6, 7
core   0: 3 0x80004614 (0x007fd613) x12 0x00000000
core   0: 0x80004618 (0xebdb2097) auipc   ra, 0xebdb2
core   0: 3 0x80004618 (0xebdb2097) x 1 0x6bdb6618
core   0: 0x8000461c (0x01255f33) srl     t5, a0, s2
core   0: 3 0x8000461c (0x01255f33) x30 0x80014ce4
core   0: 0x80004620 (0x01ac3233) sltu    tp, s8, s10
core   0: 3 0x80004620 (0x01ac3233) x 4 0x00000000
core   0: 0x80004624 (0x4198de33) sra     t3, a7, s9
core   0: 3 0x80004624 (0x4198de33) x28 0x00000005
core   0: 0x80004628 (0x40bcda93) srai    s5, s9, 11
core   0: 3 0x80004628 (0x40bcda93) x21 0x00000000
core   0: 0x8000462c (0xdb5b6197) auipc   gp, 0xdb5b6
core   0: 3 0x8000462c (0xdb5b6197) x 3 0x5b5ba62c
core   0: 0x80004630 (0xb04b3a97) auipc   s5, 0xb04b3
core   0: 3 0x80004630 (0xb04b3a97) x21 0x304b7630
core   0: 0x80004634 (0x01e51e33) sll     t3, a0, t5
core   0: 3 0x80004634 (0x01e51e33) x28 0x0014ce40
core   0: 0x80004638 (0x3304cf17) auipc   t5, 0x3304c
core   0: 3 0x80004638 (0x3304cf17) x30 0xb3050638
core   0: 0x8000463c (0x0003eab3) or      s5, t2, zero
core   0: 3 0x8000463c (0x0003eab3) x21 0xfffffd9f
core   0: 0x80004640 (0x00ddf333) and     t1, s11, a3
core   0: 3 0x80004640 (0x00ddf333) x 6 0x00000001
core   0: 0x80004644 (0x363da417) auipc   s0, 0x363da
core   0: 3 0x80004644 (0x363da417) x 8 0xb63de644
core   0: 0x80004648 (0x7b95fdb7) lui     s11, 0x7b95f
core   0: 3 0x80004648 (0x7b95fdb7) x27 0x7b95f000
core   0: 0x8000464c (0xb4987813) andi    a6, a6, -1207
core   0: 3 0x8000464c (0xb4987813) x16 0x00000000
core   0: 0x80004650 (0x2ff1e797) auipc   a5, 0x2ff1e
core   0: 3 0x80004650 (0x2ff1e797) x15 0xaff22650
core   0: 0x80004654 (0x00ad4cb3) xor     s9, s10, a0
core   0: 3 0x80004654 (0x00ad4cb3) x25 0x80014b1a
core   0: 0x80004658 (0x008fb1b3) sltu    gp, t6, s0
core   0: 3 0x80004658 (0x008fb1b3) x 3 0x00000001
core   0: 0x8000465c (0x01fe2433) slt     s0, t3, t6
core   0: 3 0x8000465c (0x01fe2433) x 8 0x00000000
core   0: 0x80004660 (0x00475b93) srli    s7, a4, 4
core   0: 3 0x80004660 (0x00475b93) x23 0x00000000
core   0: 0x80004664 (0x00d9ee33) or      t3, s3, a3
core   0: 3 0x80004664 (0x00d9ee33) x28 0x00000001
core   0: 0x80004668 (0x779d7e93) andi    t4, s10, 1913
core   0: 3 0x80004668 (0x779d7e93) x29 0x00000778
core   0: 0x8000466c (0xf8268393) addi    t2, a3, -126
core   0: 3 0x8000466c (0xf8268393) x 7 0xffffff83
core   0: 0x80004670 (0xe9884e13) xori    t3, a6, -360
core   0: 3 0x80004670 (0xe9884e13) x28 0xfffffe98
core   0: 0x80004674 (0x4047d0b3) sra     ra, a5, tp
core   0: 3 0x80004674 (0x4047d0b3) x 1 0xaff22650
core   0: 0x80004678 (0x00000013) nop
core   0: 3 0x80004678 (0x00000013)
core   0: 0x8000467c (0x40155e33) sra     t3, a0, ra
core   0: 3 0x8000467c (0x40155e33) x28 0xffff8001
core   0: 0x80004680 (0x41c48db3) sub     s11, s1, t3
core   0: 3 0x80004680 (0x41c48db3) x27 0x00008000
core   0: 0x80004684 (0x01b48833) add     a6, s1, s11
core   0: 3 0x80004684 (0x01b48833) x16 0x00008001
core   0: 0x80004688 (0x00887fb3) and     t6, a6, s0
core   0: 3 0x80004688 (0x00887fb3) x31 0x00000000
core   0: 0x8000468c (0x8a566917) auipc   s2, 0x8a566
core   0: 3 0x8000468c (0x8a566917) x18 0x0a56a68c
core   0: 0x80004690 (0x0987b993) sltiu   s3, a5, 152
core   0: 3 0x80004690 (0x0987b993) x19 0x00000000
core   0: 0x80004694 (0x01ac5f13) srli    t5, s8, 26
core   0: 3 0x80004694 (0x01ac5f13) x30 0x0000003f
core   0: 0x80004698 (0xdd438a13) addi    s4, t2, -556
core   0: 3 0x80004698 (0xdd438a13) x20 0xfffffd57
core   0: 0x8000469c (0x7fc9fe37) lui     t3, 0x7fc9f
core   0: 3 0x8000469c (0x7fc9fe37) x28 0x7fc9f000
core   0: 0x800046a0 (0x8d4ea813) slti    a6, t4, -1836
core   0: 3 0x800046a0 (0x8d4ea813) x16 0x00000000
core   0: 0x800046a4 (0x00ffdfb3) srl     t6, t6, a5
core   0: 3 0x800046a4 (0x00ffdfb3) x31 0x00000000
core   0: 0x800046a8 (0x163dbd13) sltiu   s10, s11, 355
core   0: 3 0x800046a8 (0x163dbd13) x26 0x00000000
core   0: 0x800046ac (0x000bc633) xor     a2, s7, zero
core   0: 3 0x800046ac (0x000bc633) x12 0x00000000
core   0: 0x800046b0 (0x00e228b3) slt     a7, tp, a4
core   0: 3 0x800046b0 (0x00e228b3) x17 0x00000000
core   0: 0x800046b4 (0x019f9213) slli    tp, t6, 25
core   0: 3 0x800046b4 (0x019f9213) x 4 0x00000000
core   0: 0x800046b8 (0x40420733) sub     a4, tp, tp
core   0: 3 0x800046b8 (0x40420733) x14 0x00000000
core   0: 0x800046bc (0xa6024337) lui     t1, 0xa6024
core   0: 3 0x800046bc (0xa6024337) x 6 0xa6024000
core   0: 0x800046c0 (0x014cd633) srl     a2, s9, s4
core   0: 3 0x800046c0 (0x014cd633) x12 0x00000100
core   0: 0x800046c4 (0xda31a493) slti    s1, gp, -605
core   0: 3 0x800046c4 (0xda31a493) x 9 0x00000000
core   0: 0x800046c8 (0x0033c033) xor     zero, t2, gp
core   0: 3 0x800046c8 (0x0033c033)
core   0: 0x800046cc (0x004a9333) sll     t1, s5, tp
core   0: 3 0x800046cc (0x004a9333) x 6 0xfffffd9f
core   0: 0x800046d0 (0x01e45cb3) srl     s9, s0, t5
core   0: 3 0x800046d0 (0x01e45cb3) x25 0x00000000
core   0: 0x800046d4 (0x4050dd13) srai    s10, ra, 5
core   0: 3 0x800046d4 (0x4050dd13) x26 0xfd7f9132
core   0: 0x800046d8 (0x00831793) slli    a5, t1, 8
core   0: 3 0x800046d8 (0x00831793) x15 0xfffd9f00
core   0: 0x800046dc (0x408a88b3) sub     a7, s5, s0
core   0: 3 0x800046dc (0x408a88b3) x17 0xfffffd9f
core   0: 0x800046e0 (0x013642b3) xor     t0, a2, s3
core   0: 3 0x800046e0 (0x013642b3) x 5 0x00000100
core   0: 0x800046e4 (0x96664113) xori    sp, a2, -1690
core   0: 3 0x800046e4 (0x96664113) x 2 0xfffff866
core   0: 0x800046e8 (0x412b0ab3) sub     s5, s6, s2
core   0: 3 0x800046e8 (0x412b0ab3) x21 0x3b70035c
core   0: 0x800046ec (0x124778b7) lui     a7, 0x12477
core   0: 3 0x800046ec (0x124778b7) x17 0x12477000
core   0: 0x800046f0 (0x38460337) lui     t1, 0x38460
core   0: 3 0x800046f0 (0x38460337) x 6 0x38460000
core   0: 0x800046f4 (0x0097ca33) xor     s4, a5, s1
core   0: 3 0x800046f4 (0x0097ca33) x20 0xfffd9f00
core   0: 0x800046f8 (0x770efe13) andi    t3, t4, 1904
core   0: 3 0x800046f8 (0x770efe13) x28 0x00000770
core   0: 0x800046fc (0x012b3833) sltu    a6, s6, s2
core   0: 3 0x800046fc (0x012b3833) x16 0x00000000
core   0: 0x80004700 (0xc1438993) addi    s3, t2, -1004
core   0: 3 0x80004700 (0xc1438993) x19 0xfffffb97
core   0: 0x80004704 (0x408582b3) sub     t0, a1, s0
core   0: 3 0x80004704 (0x408582b3) x 5 0x80010e64
core   0: 0x80004708 (0x0099de13) srli    t3, s3, 9
core   0: 3 0x80004708 (0x0099de13) x28 0x007ffffd
core   0: 0x8000470c (0x407ad713) srai    a4, s5, 7
core   0: 3 0x8000470c (0x407ad713) x14 0x0076e006
core   0: 0x80004710 (0x0189f3b3) and     t2, s3, s8
core   0: 3 0x80004710 (0x0189f3b3) x 7 0xffc27a17
core   0: 0x80004714 (0xae099e37) lui     t3, 0xae099
core   0: 3 0x80004714 (0xae099e37) x28 0xae099000
core   0: 0x80004718 (0x005c9e33) sll     t3, s9, t0
core   0: 3 0x80004718 (0x005c9e33) x28 0x00000000
core   0: 0x8000471c (0x4016d4b3) sra     s1, a3, ra
core   0: 3 0x8000471c (0x4016d4b3) x 9 0x00000000
core   0: 0x80004720 (0x00665713) srli    a4, a2, 6
core   0: 3 0x80004720 (0x00665713) x14 0x00000004
core   0: 0x80004724 (0x404383b3) sub     t2, t2, tp
core   0: 3 0x80004724 (0x404383b3) x 7 0xffc27a17
core   0: 0x80004728 (0x099f0b93) addi    s7, t5, 153
core   0: 3 0x80004728 (0x099f0b93) x23 0x000000d8
core   0: 0x8000472c (0x012bf233) and     tp, s7, s2
core   0: 3 0x8000472c (0x012bf233) x 4 0x00000088
core   0: 0x80004730 (0x41740333) sub     t1, s0, s7
core   0: 3 0x80004730 (0x41740333) x 6 0xffffff28
core   0: 0x80004734 (0x40bb54b3) sra     s1, s6, a1
core   0: 3 0x80004734 (0x40bb54b3) x 9 0x045c6a9e
core   0: 0x80004738 (0xda85ca17) auipc   s4, 0xda85c
core   0: 3 0x80004738 (0xda85ca17) x20 0x5a860738
core   0: 0x8000473c (0x973e2b13) slti    s6, t3, -1677
core   0: 3 0x8000473c (0x973e2b13) x22 0x00000000
core   0: 0x80004740 (0x01cb1c93) slli    s9, s6, 28
core   0: 3 0x80004740 (0x01cb1c93) x25 0x00000000
core   0: 0x80004744 (0xcbd7b813) sltiu   a6, a5, -835
core   0: 3 0x80004744 (0xcbd7b813) x16 0x00000001
core   0: 0x80004748 (0x000f4d33) xor     s10, t5, zero
core   0: 3 0x80004748 (0x000f4d33) x26 0x0000003f
core   0: 0x8000474c (0x413704b3) sub     s1, a4, s3
core   0: 3 0x8000474c (0x413704b3) x 9 0x0000046d
core   0: 0x80004750 (0x007a13b3) sll     t2, s4, t2
core   0: 3 0x80004750 (0x007a13b3) x 7 0x9c000000
core   0: 0x80004754 (0x0097b3b3) sltu    t2, a5, s1
core   0: 3 0x80004754 (0x0097b3b3) x 7 0x00000000
core   0: 0x80004758 (0x58e57d13) andi    s10, a0, 1422
core   0: 3 0x80004758 (0x58e57d13) x26 0x00000484
core   0: 0x8000475c (0x677b2793) slti    a5, s6, 1655
core   0: 3 0x8000475c (0x677b2793) x15 0x00000001
core   0: 0x80004760 (0x0085cfb3) xor     t6, a1, s0
core   0: 3 0x80004760 (0x0085cfb3) x31 0x80010e64
core   0: 0x80004764 (0x8278b093) sltiu   ra, a7, -2009
core   0: 3 0x80004764 (0x8278b093) x 1 0x00000001
core   0: 0x80004768 (0x004c7133) and     sp, s8, tp
core   0: 3 0x80004768 (0x004c7133) x 2 0x00000008
core   0: 0x8000476c (0x00000013) nop
core   0: 3 0x8000476c (0x00000013)
core   0: 0x80004770 (0xd3756b93) ori     s7, a0, -713
core   0: 3 0x80004770 (0xd3756b93) x23 0xfffffdf7
core   0: 0x80004774 (0x014a2d33) slt     s10, s4, s4
core   0: 3 0x80004774 (0x014a2d33) x26 0x00000000
core   0: 0x80004778 (0x404a5f93) srai    t6, s4, 4
core   0: 3 0x80004778 (0x404a5f93) x31 0x05a86073
core   0: 0x8000477c (0x01361293) slli    t0, a2, 19
core   0: 3 0x8000477c (0x01361293) x 5 0x08000000
core   0: 0x80004780 (0x419edfb3) sra     t6, t4, s9
core   0: 3 0x80004780 (0x419edfb3) x31 0x00000778
core   0: 0x80004784 (0x00000013) nop
core   0: 3 0x80004784 (0x00000013)
core   0: 0x80004788 (0x01fb3db3) sltu    s11, s6, t6
core   0: 3 0x80004788 (0x01fb3db3) x27 0x00000001
core   0: 0x8000478c (0xfafefc93) andi    s9, t4, -81
core   0: 3 0x8000478c (0xfafefc93) x25 0x00000728
core   0: 0x80004790 (0x69700413) li      s0, 1687
core   0: 3 0x80004790 (0x69700413) x 8 0x00000697
core   0: 0x80004794 (0x01ae12b3) sll     t0, t3, s10
core   0: 3 0x80004794 (0x01ae12b3) x 5 0x00000000
core   0: 0x80004798 (0x4a84e113) ori     sp, s1, 1192
core   0: 3 0x80004798 (0x4a84e113) x 2 0x000004ed
core   0: 0x8000479c (0x01ff3eb3) sltu    t4, t5, t6
core   0: 3 0x8000479c (0x01ff3eb3) x29 0x00000001
core   0: 0x800047a0 (0x4159d013) srai    zero, s3, 21
core   0: 3 0x800047a0 (0x4159d013)
core   0: 0x800047a4 (0x00000013) nop
core   0: 3 0x800047a4 (0x00000013)
core   0: 0x800047a8 (0xa927ef93) ori     t6, a5, -1390
core   0: 3 0x800047a8 (0xa927ef93) x31 0xfffffa93
core   0: 0x800047ac (0x00000013) nop
core   0: 3 0x800047ac (0x00000013)
core   0: 0x800047b0 (0x00000013) nop
core   0: 3 0x800047b0 (0x00000013)
core   0: 0x800047b4 (0x01ebf4b3) and     s1, s7, t5
core   0: 3 0x800047b4 (0x01ebf4b3) x 9 0x00000037
core   0: 0x800047b8 (0x8c38a113) slti    sp, a7, -1853
core   0: 3 0x800047b8 (0x8c38a113) x 2 0x00000000
core   0: 0x800047bc (0x3add7637) lui     a2, 0x3add7
core   0: 3 0x800047bc (0x3add7637) x12 0x3add7000
core   0: 0x800047c0 (0x00000013) nop
core   0: 3 0x800047c0 (0x00000013)
core   0: 0x800047c4 (0x00000013) nop
core   0: 3 0x800047c4 (0x00000013)
core   0: 0x800047c8 (0xa11ae013) ori     zero, s5, -1519
core   0: 3 0x800047c8 (0xa11ae013)
core   0: 0x800047cc (0x3baf1ab7) lui     s5, 0x3baf1
core   0: 3 0x800047cc (0x3baf1ab7) x21 0x3baf1000
core   0: 0x800047d0 (0x670cf337) lui     t1, 0x670cf
core   0: 3 0x800047d0 (0x670cf337) x 6 0x670cf000
core   0: 0x800047d4 (0xc1813693) sltiu   a3, sp, -1000
core   0: 3 0x800047d4 (0xc1813693) x13 0x00000001
core   0: 0x800047d8 (0x01d18433) add     s0, gp, t4
core   0: 3 0x800047d8 (0x01d18433) x 8 0x00000002
core   0: 0x800047dc (0x0101d733) srl     a4, gp, a6
core   0: 3 0x800047dc (0x0101d733) x14 0x00000000
core   0: 0x800047e0 (0x003aea33) or      s4, s5, gp
core   0: 3 0x800047e0 (0x003aea33) x20 0x3baf1001
core   0: 0x800047e4 (0x41d28233) sub     tp, t0, t4
core   0: 3 0x800047e4 (0x41d28233) x 4 0xffffffff
core   0: 0x800047e8 (0x010ee2b3) or      t0, t4, a6
core   0: 3 0x800047e8 (0x010ee2b3) x 5 0x00000001
core   0: 0x800047ec (0x4659cd93) xori    s11, s3, 1125
core   0: 3 0x800047ec (0x4659cd93) x27 0xfffffff2
core   0: 0x800047f0 (0x0bcc3b13) sltiu   s6, s8, 188
core   0: 3 0x800047f0 (0x0bcc3b13) x22 0x00000000
core   0: 0x800047f4 (0x40f353b3) sra     t2, t1, a5
core   0: 3 0x800047f4 (0x40f353b3) x 7 0x33867800
core   0: 0x800047f8 (0xd5616013) ori     zero, sp, -682
core   0: 3 0x800047f8 (0xd5616013)
core   0: 0x800047fc (0x414a5393) srai    t2, s4, 20
core   0: 3 0x800047fc (0x414a5393) x 7 0x000003ba
core   0: 0x80004800 (0x001ffbb3) and     s7, t6, ra
core   0: 3 0x80004800 (0x001ffbb3) x23 0x00000001
core   0: 0x80004804 (0x00901b33) sll     s6, zero, s1
core   0: 3 0x80004804 (0x00901b33) x22 0x00000000
core   0: 0x80004808 (0x01008e93) addi    t4, ra, 16
core   0: 3 0x80004808 (0x01008e93) x29 0x00000011
core   0: 0x8000480c (0xd71a8e97) auipc   t4, 0xd71a8
core   0: 3 0x8000480c (0xd71a8e97) x29 0x571ac80c
core   0: 0x80004810 (0xb46c2713) slti    a4, s8, -1210
core   0: 3 0x80004810 (0xb46c2713) x14 0x00000001
core   0: 0x80004814 (0x6756a093) slti    ra, a3, 1653
core   0: 3 0x80004814 (0x6756a093) x 1 0x00000001
core   0: 0x80004818 (0x6d1d8993) addi    s3, s11, 1745
core   0: 3 0x80004818 (0x6d1d8993) x19 0x000006c3
core   0: 0x8000481c (0x1515fd13) andi    s10, a1, 337
core   0: 3 0x8000481c (0x1515fd13) x26 0x00000040
core   0: 0x80004820 (0x6b028813) addi    a6, t0, 1712
core   0: 3 0x80004820 (0x6b028813) x16 0x000006b1
core   0: 0x80004824 (0xc7002913) slti    s2, zero, -912
core   0: 3 0x80004824 (0xc7002913) x18 0x00000000
core   0: 0x80004828 (0x400780b3) sub     ra, a5, zero
core   0: 3 0x80004828 (0x400780b3) x 1 0x00000001
core   0: 0x8000482c (0x84adce97) auipc   t4, 0x84adc
core   0: 3 0x8000482c (0x84adce97) x29 0x04ae082c
core   0: 0x80004830 (0x01d541b3) xor     gp, a0, t4
core   0: 3 0x80004830 (0x01d541b3) x 3 0x84af44c8
core   0: 0x80004834 (0x0124e0b3) or      ra, s1, s2
core   0: 3 0x80004834 (0x0124e0b3) x 1 0x00000037
core   0: 0x80004838 (0x01611a33) sll     s4, sp, s6
core   0: 3 0x80004838 (0x01611a33) x20 0x00000000
core   0: 0x8000483c (0xd9b2e913) ori     s2, t0, -613
core   0: 3 0x8000483c (0xd9b2e913) x18 0xfffffd9b
core   0: 0x80004840 (0x01a85db3) srl     s11, a6, s10
core   0: 3 0x80004840 (0x01a85db3) x27 0x000006b1
core   0: 0x80004844 (0x56f20913) addi    s2, tp, 1391
core   0: 3 0x80004844 (0x56f20913) x18 0x0000056e
core   0: 0x80004848 (0x41d4d113) srai    sp, s1, 29
core   0: 3 0x80004848 (0x41d4d113) x 2 0x00000000
core   0: 0x8000484c (0x45cc4337) lui     t1, 0x45cc4
core   0: 3 0x8000484c (0x45cc4337) x 6 0x45cc4000
core   0: 0x80004850 (0x0a750e93) addi    t4, a0, 167
core   0: 3 0x80004850 (0x0a750e93) x29 0x80014d8b
core   0: 0x80004854 (0x00d35e93) srli    t4, t1, 13
core   0: 3 0x80004854 (0x00d35e93) x29 0x00022e62
core   0: 0x80004858 (0xb9aee293) ori     t0, t4, -1126
core   0: 3 0x80004858 (0xb9aee293) x 5 0xfffffffa
core   0: 0x8000485c (0x40b3dab3) sra     s5, t2, a1
core   0: 3 0x8000485c (0x40b3dab3) x21 0x0000003b
core   0: 0x80004860 (0x3252b897) auipc   a7, 0x3252b
core   0: 3 0x80004860 (0x3252b897) x17 0xb252f860
core   0: 0x80004864 (0x01a498b3) sll     a7, s1, s10
core   0: 3 0x80004864 (0x01a498b3) x17 0x00000037
core   0: 0x80004868 (0x1923c693) xori    a3, t2, 402
core   0: 3 0x80004868 (0x1923c693) x13 0x00000228
core   0: 0x8000486c (0x00000013) nop
core   0: 3 0x8000486c (0x00000013)
core   0: 0x80004870 (0x00000013) nop
core   0: 3 0x80004870 (0x00000013)
core   0: 0x80004874 (0x00aede33) srl     t3, t4, a0
core   0: 3 0x80004874 (0x00aede33) x28 0x000022e6
core   0: 0x80004878 (0x001c1433) sll     s0, s8, ra
core   0: 3 0x80004878 (0x001c1433) x 8 0x1f800000
core   0: 0x8000487c (0x013ef2b3) and     t0, t4, s3
core   0: 3 0x8000487c (0x013ef2b3) x 5 0x00000642
core   0: 0x80004880 (0x008e5093) srli    ra, t3, 8
core   0: 3 0x80004880 (0x008e5093) x 1 0x00000022
core   0: 0x80004884 (0x00000013) nop
core   0: 3 0x80004884 (0x00000013)
core   0: 0x80004888 (0x01570233) add     tp, a4, s5
core   0: 3 0x80004888 (0x01570233) x 4 0x0000003c
core   0: 0x8000488c (0xcf0ca893) slti    a7, s9, -784
core   0: 3 0x8000488c (0xcf0ca893) x17 0x00000000
core   0: 0x80004890 (0x01103233) snez    tp, a7
core   0: 3 0x80004890 (0x01103233) x 4 0x00000000
core   0: 0x80004894 (0x4012dbb3) sra     s7, t0, ra
core   0: 3 0x80004894 (0x4012dbb3) x23 0x00000190
core   0: 0x80004898 (0x1611a813) slti    a6, gp, 353
core   0: 3 0x80004898 (0x1611a813) x16 0x00000001
core   0: 0x8000489c (0x4f1fb993) sltiu   s3, t6, 1265
core   0: 3 0x8000489c (0x4f1fb993) x19 0x00000000
core   0: 0x800048a0 (0x00569e13) slli    t3, a3, 5
core   0: 3 0x800048a0 (0x00569e13) x28 0x00004500
core   0: 0x800048a4 (0x0142df13) srli    t5, t0, 20
core   0: 3 0x800048a4 (0x0142df13) x30 0x00000000
core   0: 0x800048a8 (0x32d3b293) sltiu   t0, t2, 813
core   0: 3 0x800048a8 (0x32d3b293) x 5 0x00000000
core   0: 0x800048ac (0xa8af4413) xori    s0, t5, -1398
core   0: 3 0x800048ac (0xa8af4413) x 8 0xfffffa8a
core   0: 0x800048b0 (0x008d74b3) and     s1, s10, s0
core   0: 3 0x800048b0 (0x008d74b3) x 9 0x00000000
core   0: 0x800048b4 (0x9d03e493) ori     s1, t2, -1584
core   0: 3 0x800048b4 (0x9d03e493) x 9 0xfffffbfa
core   0: 0x800048b8 (0x14c5f993) andi    s3, a1, 332
core   0: 3 0x800048b8 (0x14c5f993) x19 0x00000044
core   0: 0x800048bc (0x00000013) nop
core   0: 3 0x800048bc (0x00000013)
core   0: 0x800048c0 (0x01d45f33) srl     t5, s0, t4
core   0: 3 0x800048c0 (0x01d45f33) x30 0x3ffffea2
core   0: 0x800048c4 (0xe5dafc93) andi    s9, s5, -419
core   0: 3 0x800048c4 (0xe5dafc93) x25 0x00000019
core   0: 0x800048c8 (0x00000013) nop
core   0: 3 0x800048c8 (0x00000013)
core   0: 0x800048cc (0x01430e33) add     t3, t1, s4
core   0: 3 0x800048cc (0x01430e33) x28 0x45cc4000
core   0: 0x800048d0 (0x01ed62b3) or      t0, s10, t5
core   0: 3 0x800048d0 (0x01ed62b3) x 5 0x3ffffee2
core   0: 0x800048d4 (0xdaf46b93) ori     s7, s0, -593
core   0: 3 0x800048d4 (0xdaf46b93) x23 0xffffffaf
core   0: 0x800048d8 (0x407c59b3) sra     s3, s8, t2
core   0: 3 0x800048d8 (0x407c59b3) x19 0xffffffff
core   0: 0x800048dc (0x004d9d33) sll     s10, s11, tp
core   0: 3 0x800048dc (0x004d9d33) x26 0x000006b1
core   0: 0x800048e0 (0x998c3a93) sltiu   s5, s8, -1640
core   0: 3 0x800048e0 (0x998c3a93) x21 0x00000001
core   0: 0x800048e4 (0x001af133) and     sp, s5, ra
core   0: 3 0x800048e4 (0x001af133) x 2 0x00000000
core   0: 0x800048e8 (0x67020693) addi    a3, tp, 1648
core   0: 3 0x800048e8 (0x67020693) x13 0x00000670
core   0: 0x800048ec (0x00701033) sll     zero, zero, t2
core   0: 3 0x800048ec (0x00701033)
core   0: 0x800048f0 (0x01101b33) sll     s6, zero, a7
core   0: 3 0x800048f0 (0x01101b33) x22 0x00000000
core   0: 0x800048f4 (0x1e777013) andi    zero, a4, 487
core   0: 3 0x800048f4 (0x1e777013)
core   0: 0x800048f8 (0x000b5813) srli    a6, s6, 0
core   0: 3 0x800048f8 (0x000b5813) x16 0x00000000
core   0: 0x800048fc (0xe1f8e993) ori     s3, a7, -481
core   0: 3 0x800048fc (0xe1f8e993) x19 0xfffffe1f
core   0: 0x80004900 (0x00b78cb3) add     s9, a5, a1
core   0: 3 0x80004900 (0x00b78cb3) x25 0x80010e65
core   0: 0x80004904 (0xf9cee4b7) lui     s1, 0xf9cee
core   0: 3 0x80004904 (0xf9cee4b7) x 9 0xf9cee000
core   0: 0x80004908 (0x01bfa033) slt     zero, t6, s11
core   0: 3 0x80004908 (0x01bfa033)
core   0: 0x8000490c (0x7912be13) sltiu   t3, t0, 1937
core   0: 3 0x8000490c (0x7912be13) x28 0x00000000
core   0: 0x80004910 (0x015311b3) sll     gp, t1, s5
core   0: 3 0x80004910 (0x015311b3) x 3 0x8b988000
core   0: 0x80004914 (0x00fb5633) srl     a2, s6, a5
core   0: 3 0x80004914 (0x00fb5633) x12 0x00000000
core   0: 0x80004918 (0x013a18b3) sll     a7, s4, s3
core   0: 3 0x80004918 (0x013a18b3) x17 0x00000000
core   0: 0x8000491c (0x0025e733) or      a4, a1, sp
core   0: 3 0x8000491c (0x0025e733) x14 0x80010e64
core   0: 0x80004920 (0x003e5b13) srli    s6, t3, 3
core   0: 3 0x80004920 (0x003e5b13) x22 0x00000000
core   0: 0x80004924 (0x01b17433) and     s0, sp, s11
core   0: 3 0x80004924 (0x01b17433) x 8 0x00000000
core   0: 0x80004928 (0x013ae633) or      a2, s5, s3
core   0: 3 0x80004928 (0x013ae633) x12 0xfffffe1f
core   0: 0x8000492c (0x00f8bdb3) sltu    s11, a7, a5
core   0: 3 0x8000492c (0x00f8bdb3) x27 0x00000001
core   0: 0x80004930 (0x0142cb33) xor     s6, t0, s4
core   0: 3 0x80004930 (0x0142cb33) x22 0x3ffffee2
core   0: 0x80004934 (0x01f65fb3) srl     t6, a2, t6
core   0: 3 0x80004934 (0x01f65fb3) x31 0x00001fff
core   0: 0x80004938 (0x01de27b3) slt     a5, t3, t4
core   0: 3 0x80004938 (0x01de27b3) x15 0x00000001
core   0: 0x8000493c (0x673e2093) slti    ra, t3, 1651
core   0: 3 0x8000493c (0x673e2093) x 1 0x00000001
core   0: 0x80004940 (0x014ac7b3) xor     a5, s5, s4
core   0: 3 0x80004940 (0x014ac7b3) x15 0x00000001
core   0: 0x80004944 (0x00e6ab33) slt     s6, a3, a4
core   0: 3 0x80004944 (0x00e6ab33) x22 0x00000000
core   0: 0x80004948 (0x00000013) nop
core   0: 3 0x80004948 (0x00000013)
core   0: 0x8000494c (0xb4b4af93) slti    t6, s1, -1205
core   0: 3 0x8000494c (0xb4b4af93) x31 0x00000001
core   0: 0x80004950 (0x20955717) auipc   a4, 0x20955
core   0: 3 0x80004950 (0x20955717) x14 0xa0959950
core   0: 0x80004954 (0x00000013) nop
core   0: 3 0x80004954 (0x00000013)
core   0: 0x80004958 (0x00691d13) slli    s10, s2, 6
core   0: 3 0x80004958 (0x00691d13) x26 0x00015b80
core   0: 0x8000495c (0x84947217) auipc   tp, 0x84947
core   0: 3 0x8000495c (0x84947217) x 4 0x0494b95c
core   0: 0x80004960 (0x2d094913) xori    s2, s2, 720
core   0: 3 0x80004960 (0x2d094913) x18 0x000007be
core   0: 0x80004964 (0x41dcde33) sra     t3, s9, t4
core   0: 3 0x80004964 (0x41dcde33) x28 0xe0004399
core   0: 0x80004968 (0x1f1a0713) addi    a4, s4, 497
core   0: 3 0x80004968 (0x1f1a0713) x14 0x000001f1
core   0: 0x8000496c (0x01dc39b3) sltu    s3, s8, t4
core   0: 3 0x8000496c (0x01dc39b3) x19 0x00000000
core   0: 0x80004970 (0x78580313) addi    t1, a6, 1925
core   0: 3 0x80004970 (0x78580313) x 6 0x00000785
core   0: 0x80004974 (0xab8baf13) slti    t5, s7, -1352
core   0: 3 0x80004974 (0xab8baf13) x30 0x00000000
core   0: 0x80004978 (0x0111f333) and     t1, gp, a7
core   0: 3 0x80004978 (0x0111f333) x 6 0x00000000
core   0: 0x8000497c (0x010d1313) slli    t1, s10, 16
core   0: 3 0x8000497c (0x010d1313) x 6 0x5b800000
core   0: 0x80004980 (0x9f4ffe93) andi    t4, t6, -1548
core   0: 3 0x80004980 (0x9f4ffe93) x29 0x00000000
core   0: 0x80004984 (0x050b6213) ori     tp, s6, 80
core   0: 3 0x80004984 (0x050b6213) x 4 0x00000050
core   0: 0x80004988 (0x01bc5813) srli    a6, s8, 27
core   0: 3 0x80004988 (0x01bc5813) x16 0x0000001f
core   0: 0x8000498c (0x40d984b3) sub     s1, s3, a3
core   0: 3 0x8000498c (0x40d984b3) x 9 0xfffff990
core   0: 0x80004990 (0x000c01b3) add     gp, s8, zero
core   0: 3 0x80004990 (0x000c01b3) x 3 0xffc27e3f
core   0: 0x80004994 (0x01705d33) srl     s10, zero, s7
core   0: 3 0x80004994 (0x01705d33) x26 0x00000000
core   0: 0x80004998 (0x416e5713) srai    a4, t3, 22
core   0: 3 0x80004998 (0x416e5713) x14 0xffffff80
core   0: 0x8000499c (0x019e6133) or      sp, t3, s9
core   0: 3 0x8000499c (0x019e6133) x 2 0xe0014ffd
core   0: 0x800049a0 (0x41200133) sub     sp, zero, s2
core   0: 3 0x800049a0 (0x41200133) x 2 0xfffff842
core   0: 0x800049a4 (0x00f046b3) xor     a3, zero, a5
core   0: 3 0x800049a4 (0x00f046b3) x13 0x00000001
core   0: 0x800049a8 (0x00dc9793) slli    a5, s9, 13
core   0: 3 0x800049a8 (0x00dc9793) x15 0x21cca000
core   0: 0x800049ac (0x01ddd333) srl     t1, s11, t4
core   0: 3 0x800049ac (0x01ddd333) x 6 0x00000001
core   0: 0x800049b0 (0xff320b17) auipc   s6, 0xff320
core   0: 3 0x800049b0 (0xff320b17) x22 0x7f3249b0
core   0: 0x800049b4 (0x00000013) nop
core   0: 3 0x800049b4 (0x00000013)
core   0: 0x800049b8 (0x3a4bbc93) sltiu   s9, s7, 932
core   0: 3 0x800049b8 (0x3a4bbc93) x25 0x00000000
core   0: 0x800049bc (0x41e2d613) srai    a2, t0, 30
core   0: 3 0x800049bc (0x41e2d613) x12 0x00000000
core   0: 0x800049c0 (0x00000013) nop
core   0: 3 0x800049c0 (0x00000013)
core   0: 0x800049c4 (0x00000013) nop
core   0: 3 0x800049c4 (0x00000013)
core   0: 0x800049c8 (0x635d7437) lui     s0, 0x635d7
core   0: 3 0x800049c8 (0x635d7437) x 8 0x635d7000
core   0: 0x800049cc (0x00bff8b3) and     a7, t6, a1
core   0: 3 0x800049cc (0x00bff8b3) x17 0x00000000
core   0: 0x800049d0 (0x00787d33) and     s10, a6, t2
core   0: 3 0x800049d0 (0x00787d33) x26 0x0000001a
core   0: 0x800049d4 (0x01738733) add     a4, t2, s7
core   0: 3 0x800049d4 (0x01738733) x14 0x00000369
core   0: 0x800049d8 (0xa48c8493) addi    s1, s9, -1464
core   0: 3 0x800049d8 (0xa48c8493) x 9 0xfffffa48
core   0: 0x800049dc (0xc1eca313) slti    t1, s9, -994
core   0: 3 0x800049dc (0xc1eca313) x 6 0x00000000
core   0: 0x800049e0 (0x00000013) nop
core   0: 3 0x800049e0 (0x00000013)
core   0: 0x800049e4 (0x00000013) nop
core   0: 3 0x800049e4 (0x00000013)
core   0: 0x800049e8 (0x00d841b3) xor     gp, a6, a3
core   0: 3 0x800049e8 (0x00d841b3) x 3 0x0000001e
core   0: 0x800049ec (0x41c35793) srai    a5, t1, 28
core   0: 3 0x800049ec (0x41c35793) x15 0x00000000
core   0: 0x800049f0 (0x00c1d093) srli    ra, gp, 12
core   0: 3 0x800049f0 (0x00c1d093) x 1 0x00000000
core   0: 0x800049f4 (0x408f5f13) srai    t5, t5, 8
core   0: 3 0x800049f4 (0x408f5f13) x30 0x00000000
core   0: 0x800049f8 (0x015d1813) slli    a6, s10, 21
core   0: 3 0x800049f8 (0x015d1813) x16 0x03400000
core   0: 0x800049fc (0x77b35317) auipc   t1, 0x77b35
core   0: 3 0x800049fc (0x77b35317) x 6 0xf7b399fc
core   0: 0x80004a00 (0x1da7b393) sltiu   t2, a5, 474
core   0: 3 0x80004a00 (0x1da7b393) x 7 0x00000001
core   0: 0x80004a04 (0x322d9c97) auipc   s9, 0x322d9
core   0: 3 0x80004a04 (0x322d9c97) x25 0xb22dda04
core   0: 0x80004a08 (0x00000013) nop
core   0: 3 0x80004a08 (0x00000013)
core   0: 0x80004a0c (0xecb56993) ori     s3, a0, -309
core   0: 3 0x80004a0c (0xecb56993) x19 0xfffffeef
core   0: 0x80004a10 (0x014e8cb3) add     s9, t4, s4
core   0: 3 0x80004a10 (0x014e8cb3) x25 0x00000000
core   0: 0x80004a14 (0xe3d06a13) ori     s4, zero, -451
core   0: 3 0x80004a14 (0xe3d06a13) x20 0xfffffe3d
core   0: 0x80004a18 (0x05e1bc97) auipc   s9, 0x5e1b
core   0: 3 0x80004a18 (0x05e1bc97) x25 0x85e1fa18
core   0: 0x80004a1c (0x002decb3) or      s9, s11, sp
core   0: 3 0x80004a1c (0x002decb3) x25 0xfffff843
core   0: 0x80004a20 (0x01435793) srli    a5, t1, 20
core   0: 3 0x80004a20 (0x01435793) x15 0x00000f7b
core   0: 0x80004a24 (0x400d0d33) sub     s10, s10, zero
core   0: 3 0x80004a24 (0x400d0d33) x26 0x0000001a
core   0: 0x80004a28 (0x00000013) nop
core   0: 3 0x80004a28 (0x00000013)
core   0: 0x80004a2c (0x01388833) add     a6, a7, s3
core   0: 3 0x80004a2c (0x01388833) x16 0xfffffeef
core   0: 0x80004a30 (0x00617db3) and     s11, sp, t1
core   0: 3 0x80004a30 (0x00617db3) x27 0xf7b39840
core   0: 0x80004a34 (0x01f5afb3) slt     t6, a1, t6
core   0: 3 0x80004a34 (0x01f5afb3) x31 0x00000001
core   0: 0x80004a38 (0x00000013) nop
core   0: 3 0x80004a38 (0x00000013)
core   0: 0x80004a3c (0x01cb1813) slli    a6, s6, 28
core   0: 3 0x80004a3c (0x01cb1813) x16 0x00000000
core   0: 0x80004a40 (0x6fddfc93) andi    s9, s11, 1789
core   0: 3 0x80004a40 (0x6fddfc93) x25 0x00000040
core   0: 0x80004a44 (0x00abd1b3) srl     gp, s7, a0
core   0: 3 0x80004a44 (0x00abd1b3) x 3 0x0ffffffa
core   0: 0x80004a48 (0x0d694413) xori    s0, s2, 214
core   0: 3 0x80004a48 (0x0d694413) x 8 0x00000768
core   0: 0x80004a4c (0x018c4cb3) xor     s9, s8, s8
core   0: 3 0x80004a4c (0x018c4cb3) x25 0x00000000
core   0: 0x80004a50 (0x0073de33) srl     t3, t2, t2
core   0: 3 0x80004a50 (0x0073de33) x28 0x00000000
core   0: 0x80004a54 (0xeca3a913) slti    s2, t2, -310
core   0: 3 0x80004a54 (0xeca3a913) x18 0x00000000
core   0: 0x80004a58 (0x6898ed13) ori     s10, a7, 1673
core   0: 3 0x80004a58 (0x6898ed13) x26 0x00000689
core   0: 0x80004a5c (0x00a72bb3) slt     s7, a4, a0
core   0: 3 0x80004a5c (0x00a72bb3) x23 0x00000000
core   0: 0x80004a60 (0x024a7113) andi    sp, s4, 36
core   0: 3 0x80004a60 (0x024a7113) x 2 0x00000024
core   0: 0x80004a64 (0x00000013) nop
core   0: 3 0x80004a64 (0x00000013)
core   0: 0x80004a68 (0x404906b3) sub     a3, s2, tp
core   0: 3 0x80004a68 (0x404906b3) x13 0xffffffb0
core   0: 0x80004a6c (0x46d4e917) auipc   s2, 0x46d4e
core   0: 3 0x80004a6c (0x46d4e917) x18 0xc6d52a6c
core   0: 0x80004a70 (0x00779e13) slli    t3, a5, 7
core   0: 3 0x80004a70 (0x00779e13) x28 0x0007bd80
core   0: 0x80004a74 (0x8a62da37) lui     s4, 0x8a62d
core   0: 3 0x80004a74 (0x8a62da37) x20 0x8a62d000
core   0: 0x80004a78 (0x0175eb33) or      s6, a1, s7
core   0: 3 0x80004a78 (0x0175eb33) x22 0x80010e64
core   0: 0x80004a7c (0x00493713) sltiu   a4, s2, 4
core   0: 3 0x80004a7c (0x00493713) x14 0x00000000
core   0: 0x80004a80 (0x05dd6c93) ori     s9, s10, 93
core   0: 3 0x80004a80 (0x05dd6c93) x25 0x000006dd
core   0: 0x80004a84 (0x0185fab3) and     s5, a1, s8
core   0: 3 0x80004a84 (0x0185fab3) x21 0x80000e24
core   0: 0x80004a88 (0x00000013) nop
core   0: 3 0x80004a88 (0x00000013)
core   0: 0x80004a8c (0x00e34b33) xor     s6, t1, a4
core   0: 3 0x80004a8c (0x00e34b33) x22 0xf7b399fc
core   0: 0x80004a90 (0x057e2797) auipc   a5, 0x57e2
core   0: 3 0x80004a90 (0x057e2797) x15 0x857e6a90
core   0: 0x80004a94 (0xe64c4493) xori    s1, s8, -412
core   0: 3 0x80004a94 (0xe64c4493) x 9 0x003d805b
core   0: 0x80004a98 (0x40595413) srai    s0, s2, 5
core   0: 3 0x80004a98 (0x40595413) x 8 0xfe36a953
core   0: 0x80004a9c (0x013e1633) sll     a2, t3, s3
core   0: 3 0x80004a9c (0x013e1633) x12 0xdec00000
core   0: 0x80004aa0 (0x51f90693) addi    a3, s2, 1311
core   0: 3 0x80004aa0 (0x51f90693) x13 0xc6d52f8b
core   0: 0x80004aa4 (0x0064acb3) slt     s9, s1, t1
core   0: 3 0x80004aa4 (0x0064acb3) x25 0x00000000
core   0: 0x80004aa8 (0x006a9cb3) sll     s9, s5, t1
core   0: 3 0x80004aa8 (0x006a9cb3) x25 0x40000000
core   0: 0x80004aac (0x00000013) nop
core   0: 3 0x80004aac (0x00000013)
core   0: 0x80004ab0 (0x13b45617) auipc   a2, 0x13b45
core   0: 3 0x80004ab0 (0x13b45617) x12 0x93b49ab0
core   0: 0x80004ab4 (0x4011d093) srai    ra, gp, 1
core   0: 3 0x80004ab4 (0x4011d093) x 1 0x07fffffd
core   0: 0x80004ab8 (0x01a754b3) srl     s1, a4, s10
core   0: 3 0x80004ab8 (0x01a754b3) x 9 0x00000000
core   0: 0x80004abc (0x005bb6b3) sltu    a3, s7, t0
core   0: 3 0x80004abc (0x005bb6b3) x13 0x00000001
core   0: 0x80004ac0 (0x00000013) nop
core   0: 3 0x80004ac0 (0x00000013)
core   0: 0x80004ac4 (0xa8f2d1b7) lui     gp, 0xa8f2d
core   0: 3 0x80004ac4 (0xa8f2d1b7) x 3 0xa8f2d000
core   0: 0x80004ac8 (0x00000013) nop
core   0: 3 0x80004ac8 (0x00000013)
core   0: 0x80004acc (0x40bc5d33) sra     s10, s8, a1
core   0: 3 0x80004acc (0x40bc5d33) x26 0xfffc27e3
core   0: 0x80004ad0 (0x008a0333) add     t1, s4, s0
core   0: 3 0x80004ad0 (0x008a0333) x 6 0x88997953
core   0: 0x80004ad4 (0x00e9d713) srli    a4, s3, 14
core   0: 3 0x80004ad4 (0x00e9d713) x14 0x0003ffff
core   0: 0x80004ad8 (0x4e8f4193) xori    gp, t5, 1256
core   0: 3 0x80004ad8 (0x4e8f4193) x 3 0x000004e8
core   0: 0x80004adc (0x41190e33) sub     t3, s2, a7
core   0: 3 0x80004adc (0x41190e33) x28 0xc6d52a6c
core   0: 0x80004ae0 (0x919dbf13) sltiu   t5, s11, -1767
core   0: 3 0x80004ae0 (0x919dbf13) x30 0x00000001
core   0: 0x80004ae4 (0x003831b7) lui     gp, 0x383
core   0: 3 0x80004ae4 (0x003831b7) x 3 0x00383000
core   0: 0x80004ae8 (0x004d7fb3) and     t6, s10, tp
core   0: 3 0x80004ae8 (0x004d7fb3) x31 0x00000040
core   0: 0x80004aec (0x0163dd33) srl     s10, t2, s6
core   0: 3 0x80004aec (0x0163dd33) x26 0x00000000
core   0: 0x80004af0 (0x4074d133) sra     sp, s1, t2
core   0: 3 0x80004af0 (0x4074d133) x 2 0x00000000
core   0: 0x80004af4 (0x403a00b3) sub     ra, s4, gp
core   0: 3 0x80004af4 (0x403a00b3) x 1 0x8a2aa000
core   0: 0x80004af8 (0x4183d293) srai    t0, t2, 24
core   0: 3 0x80004af8 (0x4183d293) x 5 0x00000000
core   0: 0x80004afc (0x7bf5a413) slti    s0, a1, 1983
core   0: 3 0x80004afc (0x7bf5a413) x 8 0x00000001
core   0: 0x80004b00 (0xd0127913) andi    s2, tp, -767
core   0: 3 0x80004b00 (0xd0127913) x18 0x00000000
core   0: 0x80004b04 (0x0070e633) or      a2, ra, t2
core   0: 3 0x80004b04 (0x0070e633) x12 0x8a2aa001
core   0: 0x80004b08 (0x5c1ef613) andi    a2, t4, 1473
core   0: 3 0x80004b08 (0x5c1ef613) x12 0x00000000
core   0: 0x80004b0c (0x401a5193) srai    gp, s4, 1
core   0: 3 0x80004b0c (0x401a5193) x 3 0xc5316800
core   0: 0x80004b10 (0x00cf1f93) slli    t6, t5, 12
core   0: 3 0x80004b10 (0x00cf1f93) x31 0x00001000
core   0: 0x80004b14 (0x00d6d413) srli    s0, a3, 13
core   0: 3 0x80004b14 (0x00d6d413) x 8 0x00000000
core   0: 0x80004b18 (0x00000013) nop
core   0: 3 0x80004b18 (0x00000013)
core   0: 0x80004b1c (0xa8486913) ori     s2, a6, -1404
core   0: 3 0x80004b1c (0xa8486913) x18 0xfffffa84
core   0: 0x80004b20 (0x01c1bd33) sltu    s10, gp, t3
core   0: 3 0x80004b20 (0x01c1bd33) x26 0x00000001
core   0: 0x80004b24 (0x01cbf7b3) and     a5, s7, t3
core   0: 3 0x80004b24 (0x01cbf7b3) x15 0x00000000
core   0: 0x80004b28 (0x01157233) and     tp, a0, a7
core   0: 3 0x80004b28 (0x01157233) x 4 0x00000000
core   0: 0x80004b2c (0x40dc5c93) srai    s9, s8, 13
core   0: 3 0x80004b2c (0x40dc5c93) x25 0xfffffe13
core   0: 0x80004b30 (0x000ed433) srl     s0, t4, zero
core   0: 3 0x80004b30 (0x000ed433) x 8 0x00000000
core   0: 0x80004b34 (0x0009de93) srli    t4, s3, 0
core   0: 3 0x80004b34 (0x0009de93) x29 0xfffffeef
core   0: 0x80004b38 (0x418389b3) sub     s3, t2, s8
core   0: 3 0x80004b38 (0x418389b3) x19 0x003d81c2
core   0: 0x80004b3c (0x01b10eb3) add     t4, sp, s11
core   0: 3 0x80004b3c (0x01b10eb3) x29 0xf7b39840
core   0: 0x80004b40 (0xbd3fbb93) sltiu   s7, t6, -1069
core   0: 3 0x80004b40 (0xbd3fbb93) x23 0x00000001
core   0: 0x80004b44 (0x01d34e33) xor     t3, t1, t4
core   0: 3 0x80004b44 (0x01d34e33) x28 0x7f2ae113
core   0: 0x80004b48 (0x00266f33) or      t5, a2, sp
core   0: 3 0x80004b48 (0x00266f33) x30 0x00000000
core   0: 0x80004b4c (0x01be51b3) srl     gp, t3, s11
core   0: 3 0x80004b4c (0x01be51b3) x 3 0x7f2ae113
core   0: 0x80004b50 (0x01c9fa33) and     s4, s3, t3
core   0: 3 0x80004b50 (0x01c9fa33) x20 0x00288102
core   0: 0x80004b54 (0x01bd5cb3) srl     s9, s10, s11
core   0: 3 0x80004b54 (0x01bd5cb3) x25 0x00000001
core   0: 0x80004b58 (0x01be1913) slli    s2, t3, 27
core   0: 3 0x80004b58 (0x01be1913) x18 0x98000000
core   0: 0x80004b5c (0xb900fd93) andi    s11, ra, -1136
core   0: 3 0x80004b5c (0xb900fd93) x27 0x8a2aa000
core   0: 0x80004b60 (0x01307f33) and     t5, zero, s3
core   0: 3 0x80004b60 (0x01307f33) x30 0x00000000
core   0: 0x80004b64 (0x00dbbdb3) sltu    s11, s7, a3
core   0: 3 0x80004b64 (0x00dbbdb3) x27 0x00000000
core   0: 0x80004b68 (0x01dae433) or      s0, s5, t4
core   0: 3 0x80004b68 (0x01dae433) x 8 0xf7b39e64
core   0: 0x80004b6c (0x01b56233) or      tp, a0, s11
core   0: 3 0x80004b6c (0x01b56233) x 4 0x80014ce4
core   0: 0x80004b70 (0x0149a433) slt     s0, s3, s4
core   0: 3 0x80004b70 (0x0149a433) x 8 0x00000000
core   0: 0x80004b74 (0x008da7b3) slt     a5, s11, s0
core   0: 3 0x80004b74 (0x008da7b3) x15 0x00000000
core   0: 0x80004b78 (0x3baf4193) xori    gp, t5, 954
core   0: 3 0x80004b78 (0x3baf4193) x 3 0x000003ba
core   0: 0x80004b7c (0xbf05b117) auipc   sp, 0xbf05b
core   0: 3 0x80004b7c (0xbf05b117) x 2 0x3f05fb7c
core   0: 0x80004b80 (0x011b5cb3) srl     s9, s6, a7
core   0: 3 0x80004b80 (0x011b5cb3) x25 0xf7b399fc
core   0: 0x80004b84 (0xcb0cf313) andi    t1, s9, -848
core   0: 3 0x80004b84 (0xcb0cf313) x 6 0xf7b398b0
core   0: 0x80004b88 (0x018f1833) sll     a6, t5, s8
core   0: 3 0x80004b88 (0x018f1833) x16 0x00000000
core   0: 0x80004b8c (0x7f68c193) xori    gp, a7, 2038
core   0: 3 0x80004b8c (0x7f68c193) x 3 0x000007f6
core   0: 0x80004b90 (0x00082fb3) slt     t6, a6, zero
core   0: 3 0x80004b90 (0x00082fb3) x31 0x00000000
core   0: 0x80004b94 (0x0124f4b3) and     s1, s1, s2
core   0: 3 0x80004b94 (0x0124f4b3) x 9 0x00000000
core   0: 0x80004b98 (0xfc418613) addi    a2, gp, -60
core   0: 3 0x80004b98 (0xfc418613) x12 0x000007ba
core   0: 0x80004b9c (0xbc209897) auipc   a7, 0xbc209
core   0: 3 0x80004b9c (0xbc209897) x17 0x3c20db9c
core   0: 0x80004ba0 (0x00225ab3) srl     s5, tp, sp
core   0: 3 0x80004ba0 (0x00225ab3) x21 0x00000008
core   0: 0x80004ba4 (0x005f9613) slli    a2, t6, 5
core   0: 3 0x80004ba4 (0x005f9613) x12 0x00000000
core   0: 0x80004ba8 (0x00ba5033) srl     zero, s4, a1
core   0: 3 0x80004ba8 (0x00ba5033)
core   0: 0x80004bac (0xb2418d93) addi    s11, gp, -1244
core   0: 3 0x80004bac (0xb2418d93) x27 0x0000031a
core   0: 0x80004bb0 (0x102eab93) slti    s7, t4, 258
core   0: 3 0x80004bb0 (0x102eab93) x23 0x00000001
core   0: 0x80004bb4 (0x00faa7b3) slt     a5, s5, a5
core   0: 3 0x80004bb4 (0x00faa7b3) x15 0x00000000
core   0: 0x80004bb8 (0x4053db93) srai    s7, t2, 5
core   0: 3 0x80004bb8 (0x4053db93) x23 0x00000000
core   0: 0x80004bbc (0x01bccdb3) xor     s11, s9, s11
core   0: 3 0x80004bbc (0x01bccdb3) x27 0xf7b39ae6
core   0: 0x80004bc0 (0x805dba13) sltiu   s4, s11, -2043
core   0: 3 0x80004bc0 (0x805dba13) x20 0x00000001
core   0: 0x80004bc4 (0x61ec2813) slti    a6, s8, 1566
core   0: 3 0x80004bc4 (0x61ec2813) x16 0x00000001
core   0: 0x80004bc8 (0x403c0e33) sub     t3, s8, gp
core   0: 3 0x80004bc8 (0x403c0e33) x28 0xffc27649
core   0: 0x80004bcc (0xe643cc93) xori    s9, t2, -412
core   0: 3 0x80004bcc (0xe643cc93) x25 0xfffffe65
core   0: 0x80004bd0 (0xd43e6997) auipc   s3, 0xd43e6
core   0: 3 0x80004bd0 (0xd43e6997) x19 0x543eabd0
core   0: 0x80004bd4 (0x40ab5713) srai    a4, s6, 10
core   0: 3 0x80004bd4 (0x40ab5713) x14 0xfffdece6
core   0: 0x80004bd8 (0x4069d133) sra     sp, s3, t1
core   0: 3 0x80004bd8 (0x4069d133) x 2 0x0000543e
core   0: 0x80004bdc (0x00a55913) srli    s2, a0, 10
core   0: 3 0x80004bdc (0x00a55913) x18 0x00200053
core   0: 0x80004be0 (0x01a038b3) snez    a7, s10
core   0: 3 0x80004be0 (0x01a038b3) x17 0x00000001
core   0: 0x80004be4 (0xecdb6b93) ori     s7, s6, -307
core   0: 3 0x80004be4 (0xecdb6b93) x23 0xfffffffd
core   0: 0x80004be8 (0xe5078093) addi    ra, a5, -432
core   0: 3 0x80004be8 (0xe5078093) x 1 0xfffffe50
core   0: 0x80004bec (0x0181adb3) slt     s11, gp, s8
core   0: 3 0x80004bec (0x0181adb3) x27 0x00000000
core   0: 0x80004bf0 (0x41f6ddb3) sra     s11, a3, t6
core   0: 3 0x80004bf0 (0x41f6ddb3) x27 0x00000001
core   0: 0x80004bf4 (0x9a380c97) auipc   s9, 0x9a380
core   0: 3 0x80004bf4 (0x9a380c97) x25 0x1a384bf4
core   0: 0x80004bf8 (0x008363b3) or      t2, t1, s0
core   0: 3 0x80004bf8 (0x008363b3) x 7 0xf7b398b0
core   0: 0x80004bfc (0x011d03b3) add     t2, s10, a7
core   0: 3 0x80004bfc (0x011d03b3) x 7 0x00000002
core   0: 0x80004c00 (0x1efbba13) sltiu   s4, s7, 495
core   0: 3 0x80004c00 (0x1efbba13) x20 0x00000000
core   0: 0x80004c04 (0x409b0db3) sub     s11, s6, s1
core   0: 3 0x80004c04 (0x409b0db3) x27 0xf7b399fc
core   0: 0x80004c08 (0xa4266813) ori     a6, a2, -1470
core   0: 3 0x80004c08 (0xa4266813) x16 0xfffffa42
core   0: 0x80004c0c (0x0116ffb3) and     t6, a3, a7
core   0: 3 0x80004c0c (0x0116ffb3) x31 0x00000001
core   0: 0x80004c10 (0x414a5893) srai    a7, s4, 20
core   0: 3 0x80004c10 (0x414a5893) x17 0x00000000
core   0: 0x80004c14 (0xad9fea37) lui     s4, 0xad9fe
core   0: 3 0x80004c14 (0xad9fea37) x20 0xad9fe000
core   0: 0x80004c18 (0x00ea94b3) sll     s1, s5, a4
core   0: 3 0x80004c18 (0x00ea94b3) x 9 0x00000200
core   0: 0x80004c1c (0x01eca4b3) slt     s1, s9, t5
core   0: 3 0x80004c1c (0x01eca4b3) x 9 0x00000000
core   0: 0x80004c20 (0x40a958b3) sra     a7, s2, a0
core   0: 3 0x80004c20 (0x40a958b3) x17 0x00020005
core   0: 0x80004c24 (0x01de8233) add     tp, t4, t4
core   0: 3 0x80004c24 (0x01de8233) x 4 0xef673080
core   0: 0x80004c28 (0x00f55433) srl     s0, a0, a5
core   0: 3 0x80004c28 (0x00f55433) x 8 0x80014ce4
core   0: 0x80004c2c (0x41495a33) sra     s4, s2, s4
core   0: 3 0x80004c2c (0x41495a33) x20 0x00200053
core   0: 0x80004c30 (0x006feb33) or      s6, t6, t1
core   0: 3 0x80004c30 (0x006feb33) x22 0xf7b398b1
core   0: 0x80004c34 (0xadd37097) auipc   ra, 0xadd37
core   0: 3 0x80004c34 (0xadd37097) x 1 0x2dd3bc34
core   0: 0x80004c38 (0x001a9933) sll     s2, s5, ra
core   0: 3 0x80004c38 (0x001a9933) x18 0x00800000
core   0: 0x80004c3c (0x0120d693) srli    a3, ra, 18
core   0: 3 0x80004c3c (0x0120d693) x13 0x00000b74
core   0: 0x80004c40 (0x015e9893) slli    a7, t4, 21
core   0: 3 0x80004c40 (0x015e9893) x17 0x08000000
core   0: 0x80004c44 (0xadad7713) andi    a4, s10, -1318
core   0: 3 0x80004c44 (0xadad7713) x14 0x00000000
core   0: 0x80004c48 (0xc40c7fb7) lui     t6, 0xc40c7
core   0: 3 0x80004c48 (0xc40c7fb7) x31 0xc40c7000
core   0: 0x80004c4c (0x2aa80c93) addi    s9, a6, 682
core   0: 3 0x80004c4c (0x2aa80c93) x25 0xfffffcec
core   0: 0x80004c50 (0x0105c733) xor     a4, a1, a6
core   0: 3 0x80004c50 (0x0105c733) x14 0x7ffef426
core   0: 0x80004c54 (0x00000013) nop
core   0: 3 0x80004c54 (0x00000013)
core   0: 0x80004c58 (0x416989b3) sub     s3, s3, s6
core   0: 3 0x80004c58 (0x416989b3) x19 0x5c8b131f
core   0: 0x80004c5c (0x01e7fdb3) and     s11, a5, t5
core   0: 3 0x80004c5c (0x01e7fdb3) x27 0x00000000
core   0: 0x80004c60 (0x01cce433) or      s0, s9, t3
core   0: 3 0x80004c60 (0x01cce433) x 8 0xfffffeed
core   0: 0x80004c64 (0x41f98733) sub     a4, s3, t6
core   0: 3 0x80004c64 (0x41f98733) x14 0x987ea31f
core   0: 0x80004c68 (0x13e4a413) slti    s0, s1, 318
core   0: 3 0x80004c68 (0x13e4a413) x 8 0x00000001
core   0: 0x80004c6c (0x40a1d913) srai    s2, gp, 10
core   0: 3 0x80004c6c (0x40a1d913) x18 0x00000001
core   0: 0x80004c70 (0x00000013) nop
core   0: 3 0x80004c70 (0x00000013)
core   0: 0x80004c74 (0x95eaf913) andi    s2, s5, -1698
core   0: 3 0x80004c74 (0x95eaf913) x18 0x00000008
core   0: 0x80004c78 (0xbd6a4493) xori    s1, s4, -1066
core   0: 3 0x80004c78 (0xbd6a4493) x 9 0xffdffb85
core   0: 0x80004c7c (0x0002dd93) srli    s11, t0, 0
core   0: 3 0x80004c7c (0x0002dd93) x27 0x00000000
core   0: 0x80004c80 (0xf65ec093) xori    ra, t4, -155
core   0: 3 0x80004c80 (0xf65ec093) x 1 0x084c6725
core   0: 0x80004c84 (0x002f4733) xor     a4, t5, sp
core   0: 3 0x80004c84 (0x002f4733) x14 0x0000543e
core   0: 0x80004c88 (0x01919933) sll     s2, gp, s9
core   0: 3 0x80004c88 (0x01919933) x18 0x007f6000
core   0: 0x80004c8c (0xdb1faa13) slti    s4, t6, -591
core   0: 3 0x80004c8c (0xdb1faa13) x20 0x00000001
core   0: 0x80004c90 (0x3198f8b7) lui     a7, 0x3198f
core   0: 3 0x80004c90 (0x3198f8b7) x17 0x3198f000
core   0: 0x80004c94 (0x2deabb13) sltiu   s6, s5, 734
core   0: 3 0x80004c94 (0x2deabb13) x22 0x00000001
core   0: 0x80004c98 (0x01d59a33) sll     s4, a1, t4
core   0: 3 0x80004c98 (0x01d59a33) x20 0x80010e64
core   0: 0x80004c9c (0x0bb28393) addi    t2, t0, 187
core   0: 3 0x80004c9c (0x0bb28393) x 7 0x000000bb
core   0: 0x80004ca0 (0x00075133) srl     sp, a4, zero
core   0: 3 0x80004ca0 (0x00075133) x 2 0x0000543e
core   0: 0x80004ca4 (0x01861e93) slli    t4, a2, 24
core   0: 3 0x80004ca4 (0x01861e93) x29 0x00000000
core   0: 0x80004ca8 (0xd3e8fe13) andi    t3, a7, -706
core   0: 3 0x80004ca8 (0xd3e8fe13) x28 0x3198f000
core   0: 0x80004cac (0xa4d117b7) lui     a5, 0xa4d11
core   0: 3 0x80004cac (0xa4d117b7) x15 0xa4d11000
core   0: 0x80004cb0 (0x5aabee13) ori     t3, s7, 1450
core   0: 3 0x80004cb0 (0x5aabee13) x28 0xffffffff
core   0: 0x80004cb4 (0x41c5d413) srai    s0, a1, 28
core   0: 3 0x80004cb4 (0x41c5d413) x 8 0xfffffff8
core   0: 0x80004cb8 (0xcbb82093) slti    ra, a6, -837
core   0: 3 0x80004cb8 (0xcbb82093) x 1 0x00000001
core   0: 0x80004cbc (0x000f4db3) xor     s11, t5, zero
core   0: 3 0x80004cbc (0x000f4db3) x27 0x00000000
core   0: 0x80004cc0 (0x00149f33) sll     t5, s1, ra
core   0: 3 0x80004cc0 (0x00149f33) x30 0xffbff70a
core   0: 0x80004cc4 (0x00a76933) or      s2, a4, a0
core   0: 3 0x80004cc4 (0x00a76933) x18 0x80015cfe
core   0: 0x80004cc8 (0xa892b417) auipc   s0, 0xa892b
core   0: 3 0x80004cc8 (0xa892b417) x 8 0x2892fcc8
core   0: 0x80004ccc (0x00e8d113) srli    sp, a7, 14
core   0: 3 0x80004ccc (0x00e8d113) x 2 0x0000c663
core   0: 0x80004cd0 (0x01b05813) srli    a6, zero, 27
core   0: 3 0x80004cd0 (0x01b05813) x16 0x00000000
core   0: 0x80004cd4 (0x534eab13) slti    s6, t4, 1332
core   0: 3 0x80004cd4 (0x534eab13) x22 0x00000001
core   0: 0x80004cd8 (0xfff6ed93) ori     s11, a3, -1
core   0: 3 0x80004cd8 (0xfff6ed93) x27 0xffffffff
core   0: 0x80004cdc (0xfef8f217) auipc   tp, 0xfef8f
core   0: 3 0x80004cdc (0xfef8f217) x 4 0x7ef93cdc
core   0: 0x80004ce0 (0x40f601b3) sub     gp, a2, a5
core   0: 3 0x80004ce0 (0x40f601b3) x 3 0x5b2ef000
core   0: 0x80004ce4 (0x01256933) or      s2, a0, s2
core   0: 3 0x80004ce4 (0x01256933) x18 0x80015cfe
core   0: 0x80004ce8 (0x40d35413) srai    s0, t1, 13
core   0: 3 0x80004ce8 (0x40d35413) x 8 0xffffbd9c
core   0: 0x80004cec (0x2ea94a13) xori    s4, s2, 746
core   0: 3 0x80004cec (0x2ea94a13) x20 0x80015e14
core   0: 0x80004cf0 (0x01ad5e33) srl     t3, s10, s10
core   0: 3 0x80004cf0 (0x01ad5e33) x28 0x00000000
core   0: 0x80004cf4 (0x01d412b3) sll     t0, s0, t4
core   0: 3 0x80004cf4 (0x01d412b3) x 5 0xffffbd9c
core   0: 0x80004cf8 (0x419d5a13) srai    s4, s10, 25
core   0: 3 0x80004cf8 (0x419d5a13) x20 0x00000000
core   0: 0x80004cfc (0x00939833) sll     a6, t2, s1
core   0: 3 0x80004cfc (0x00939833) x16 0x00001760
core   0: 0x80004d00 (0x00000013) nop
core   0: 3 0x80004d00 (0x00000013)
core   0: 0x80004d04 (0xa40c0713) addi    a4, s8, -1472
core   0: 3 0x80004d04 (0xa40c0713) x14 0xffc2787f
core   0: 0x80004d08 (0x60798d93) addi    s11, s3, 1543
core   0: 3 0x80004d08 (0x60798d93) x27 0x5c8b1926
core   0: 0x80004d0c (0x012364b3) or      s1, t1, s2
core   0: 3 0x80004d0c (0x012364b3) x 9 0xf7b3dcfe
core   0: 0x80004d10 (0xae3b7993) andi    s3, s6, -1309
core   0: 3 0x80004d10 (0xae3b7993) x19 0x00000001
core   0: 0x80004d14 (0x0173e733) or      a4, t2, s7
core   0: 3 0x80004d14 (0x0173e733) x14 0xffffffff
core   0: 0x80004d18 (0x52b50993) addi    s3, a0, 1323
core   0: 3 0x80004d18 (0x52b50993) x19 0x8001520f
core   0: 0x80004d1c (0x01f291b3) sll     gp, t0, t6
core   0: 3 0x80004d1c (0x01f291b3) x 3 0xffffbd9c
core   0: 0x80004d20 (0x01d09b93) slli    s7, ra, 29
core   0: 3 0x80004d20 (0x01d09b93) x23 0x20000000
core   0: 0x80004d24 (0x00036d33) or      s10, t1, zero
core   0: 3 0x80004d24 (0x00036d33) x26 0xf7b398b0
core   0: 0x80004d28 (0xa25b0417) auipc   s0, 0xa25b0
core   0: 3 0x80004d28 (0xa25b0417) x 8 0x225b4d28
core   0: 0x80004d2c (0x8ef2a993) slti    s3, t0, -1809
core   0: 3 0x80004d2c (0x8ef2a993) x19 0x00000001
core   0: 0x80004d30 (0x4001d813) srai    a6, gp, 0
core   0: 3 0x80004d30 (0x4001d813) x16 0xffffbd9c
core   0: 0x80004d34 (0x01730933) add     s2, t1, s7
core   0: 3 0x80004d34 (0x01730933) x18 0x17b398b0
core   0: 0x80004d38 (0xc1207013) andi    zero, zero, -1006
core   0: 3 0x80004d38 (0xc1207013)
core   0: 0x80004d3c (0x016bc033) xor     zero, s7, s6
core   0: 3 0x80004d3c (0x016bc033)
core   0: 0x80004d40 (0x40b38433) sub     s0, t2, a1
core   0: 3 0x80004d40 (0x40b38433) x 8 0x7ffef257
core   0: 0x80004d44 (0x00c694b3) sll     s1, a3, a2
core   0: 3 0x80004d44 (0x00c694b3) x 9 0x00000b74
core   0: 0x80004d48 (0x016a9d33) sll     s10, s5, s6
core   0: 3 0x80004d48 (0x016a9d33) x26 0x00000010
core   0: 0x80004d4c (0x004b5193) srli    gp, s6, 4
core   0: 3 0x80004d4c (0x004b5193) x 3 0x00000000
core   0: 0x80004d50 (0x1d4a5ab7) lui     s5, 0x1d4a5
core   0: 3 0x80004d50 (0x1d4a5ab7) x21 0x1d4a5000
core   0: 0x80004d54 (0x00df0db3) add     s11, t5, a3
core   0: 3 0x80004d54 (0x00df0db3) x27 0xffc0027e
core   0: 0x80004d58 (0x00bb9b33) sll     s6, s7, a1
core   0: 3 0x80004d58 (0x00bb9b33) x22 0x00000000
core   0: 0x80004d5c (0x00000013) nop
core   0: 3 0x80004d5c (0x00000013)
core   0: 0x80004d60 (0x01209cb3) sll     s9, ra, s2
core   0: 3 0x80004d60 (0x01209cb3) x25 0x00010000
core   0: 0x80004d64 (0x003acb33) xor     s6, s5, gp
core   0: 3 0x80004d64 (0x003acb33) x22 0x1d4a5000
core   0: 0x80004d68 (0x413256b3) sra     a3, tp, s3
core   0: 3 0x80004d68 (0x413256b3) x13 0x3f7c9e6e
core   0: 0x80004d6c (0x40b2db13) srai    s6, t0, 11
core   0: 3 0x80004d6c (0x40b2db13) x22 0xfffffff7
core   0: 0x80004d70 (0xafd6bc93) sltiu   s9, a3, -1283
core   0: 3 0x80004d70 (0xafd6bc93) x25 0x00000001
core   0: 0x80004d74 (0x46c4d097) auipc   ra, 0x46c4d
core   0: 3 0x80004d74 (0x46c4d097) x 1 0xc6c51d74
core   0: 0x80004d78 (0x0092e633) or      a2, t0, s1
core   0: 3 0x80004d78 (0x0092e633) x12 0xffffbffc
core   0: 0x80004d7c (0xfee9c613) xori    a2, s3, -18
core   0: 3 0x80004d7c (0xfee9c613) x12 0xffffffef
core   0: 0x80004d80 (0x01b286b3) add     a3, t0, s11
core   0: 3 0x80004d80 (0x01b286b3) x13 0xffbfc01a
core   0: 0x80004d84 (0x41cf5d93) srai    s11, t5, 28
core   0: 3 0x80004d84 (0x41cf5d93) x27 0xffffffff
core   0: 0x80004d88 (0x60d00813) li      a6, 1549
core   0: 3 0x80004d88 (0x60d00813) x16 0x0000060d
core   0: 0x80004d8c (0x00212033) slt     zero, sp, sp
core   0: 3 0x80004d8c (0x00212033)
core   0: 0x80004d90 (0x0129dcb3) srl     s9, s3, s2
core   0: 3 0x80004d90 (0x0129dcb3) x25 0x00000000
core   0: 0x80004d94 (0x0168f433) and     s0, a7, s6
core   0: 3 0x80004d94 (0x0168f433) x 8 0x3198f000
core   0: 0x80004d98 (0x41948733) sub     a4, s1, s9
core   0: 3 0x80004d98 (0x41948733) x14 0x00000b74
core   0: 0x80004d9c (0x01c95813) srli    a6, s2, 28
core   0: 3 0x80004d9c (0x01c95813) x16 0x00000001
core   0: 0x80004da0 (0x011d82b3) add     t0, s11, a7
core   0: 3 0x80004da0 (0x011d82b3) x 5 0x3198efff
core   0: 0x80004da4 (0x14e47713) andi    a4, s0, 334
core   0: 3 0x80004da4 (0x14e47713) x14 0x00000000
core   0: 0x80004da8 (0x001e1093) slli    ra, t3, 1
core   0: 3 0x80004da8 (0x001e1093) x 1 0x00000000
core   0: 0x80004dac (0x00cf47b3) xor     a5, t5, a2
core   0: 3 0x80004dac (0x00cf47b3) x15 0x004008e5
core   0: 0x80004db0 (0x015c1133) sll     sp, s8, s5
core   0: 3 0x80004db0 (0x015c1133) x 2 0xffc27e3f
core   0: 0x80004db4 (0x58797993) andi    s3, s2, 1415
core   0: 3 0x80004db4 (0x58797993) x19 0x00000080
core   0: 0x80004db8 (0x8539f217) auipc   tp, 0x8539f
core   0: 3 0x80004db8 (0x8539f217) x 4 0x053a3db8
core   0: 0x80004dbc (0x40b95393) srai    t2, s2, 11
core   0: 3 0x80004dbc (0x40b95393) x 7 0x0002f673
core   0: 0x80004dc0 (0xf3ae4693) xori    a3, t3, -198
core   0: 3 0x80004dc0 (0xf3ae4693) x13 0xffffff3a
core   0: 0x80004dc4 (0x40318b33) sub     s6, gp, gp
core   0: 3 0x80004dc4 (0x40318b33) x22 0x00000000
core   0: 0x80004dc8 (0x40ee2e13) slti    t3, t3, 1038
core   0: 3 0x80004dc8 (0x40ee2e13) x28 0x00000001
core   0: 0x80004dcc (0x01851a13) slli    s4, a0, 24
core   0: 3 0x80004dcc (0x01851a13) x20 0xe4000000
core   0: 0x80004dd0 (0xd874a713) slti    a4, s1, -633
core   0: 3 0x80004dd0 (0xd874a713) x14 0x00000000
core   0: 0x80004dd4 (0x2fd81d37) lui     s10, 0x2fd81
core   0: 3 0x80004dd4 (0x2fd81d37) x26 0x2fd81000
core   0: 0x80004dd8 (0x00000013) nop
core   0: 3 0x80004dd8 (0x00000013)
core   0: 0x80004ddc (0x010e4bb3) xor     s7, t3, a6
core   0: 3 0x80004ddc (0x010e4bb3) x23 0x00000000
core   0: 0x80004de0 (0x62a02a93) slti    s5, zero, 1578
core   0: 3 0x80004de0 (0x62a02a93) x21 0x00000001
core   0: 0x80004de4 (0x23c3e413) ori     s0, t2, 572
core   0: 3 0x80004de4 (0x23c3e413) x 8 0x0002f67f
core   0: 0x80004de8 (0x017f56b3) srl     a3, t5, s7
core   0: 3 0x80004de8 (0x017f56b3) x13 0xffbff70a
core   0: 0x80004dec (0x01dbd133) srl     sp, s7, t4
core   0: 3 0x80004dec (0x01dbd133) x 2 0x00000000
core   0: 0x80004df0 (0x407fd913) srai    s2, t6, 7
core   0: 3 0x80004df0 (0x407fd913) x18 0xff8818e0
core   0: 0x80004df4 (0x0194da13) srli    s4, s1, 25
core   0: 3 0x80004df4 (0x0194da13) x20 0x00000000
core   0: 0x80004df8 (0x007f5a13) srli    s4, t5, 7
core   0: 3 0x80004df8 (0x007f5a13) x20 0x01ff7fee
core   0: 0x80004dfc (0x0005a233) slt     tp, a1, zero
core   0: 3 0x80004dfc (0x0005a233) x 4 0x00000001
core   0: 0x80004e00 (0xe1be47b7) lui     a5, 0xe1be4
core   0: 3 0x80004e00 (0xe1be47b7) x15 0xe1be4000
core   0: 0x80004e04 (0x01099113) slli    sp, s3, 16
core   0: 3 0x80004e04 (0x01099113) x 2 0x00800000
core   0: 0x80004e08 (0x01826133) or      sp, tp, s8
core   0: 3 0x80004e08 (0x01826133) x 2 0xffc27e3f
core   0: 0x80004e0c (0x284a3293) sltiu   t0, s4, 644
core   0: 3 0x80004e0c (0x284a3293) x 5 0x00000000
core   0: 0x80004e10 (0xfd0a0817) auipc   a6, 0xfd0a0
core   0: 3 0x80004e10 (0xfd0a0817) x16 0x7d0a4e10
core   0: 0x80004e14 (0x002fc7b3) xor     a5, t6, sp
core   0: 3 0x80004e14 (0x002fc7b3) x15 0x3bce0e3f
core   0: 0x80004e18 (0x00a8bab3) sltu    s5, a7, a0
core   0: 3 0x80004e18 (0x00a8bab3) x21 0x00000001
core   0: 0x80004e1c (0x41fa87b3) sub     a5, s5, t6
core   0: 3 0x80004e1c (0x41fa87b3) x15 0x3bf39001
core   0: 0x80004e20 (0x01f21233) sll     tp, tp, t6
core   0: 3 0x80004e20 (0x01f21233) x 4 0x00000001
core   0: 0x80004e24 (0x01dfae33) slt     t3, t6, t4
core   0: 3 0x80004e24 (0x01dfae33) x28 0x00000001
core   0: 0x80004e28 (0x01d30cb3) add     s9, t1, t4
core   0: 3 0x80004e28 (0x01d30cb3) x25 0xf7b398b0
core   0: 0x80004e2c (0x00000013) nop
core   0: 3 0x80004e2c (0x00000013)
core   0: 0x80004e30 (0xc1e2f413) andi    s0, t0, -994
core   0: 3 0x80004e30 (0xc1e2f413) x 8 0x00000000
core   0: 0x80004e34 (0x0027e313) ori     t1, a5, 2
core   0: 3 0x80004e34 (0x0027e313) x 6 0x3bf39003
core   0: 0x80004e38 (0xdb71bf93) sltiu   t6, gp, -585
core   0: 3 0x80004e38 (0xdb71bf93) x31 0x00000001
core   0: 0x80004e3c (0x7484ac93) slti    s9, s1, 1864
core   0: 3 0x80004e3c (0x7484ac93) x25 0x00000000
core   0: 0x80004e40 (0xbaa6a697) auipc   a3, 0xbaa6a
core   0: 3 0x80004e40 (0xbaa6a697) x13 0x3aa6ee40
core   0: 0x80004e44 (0x21f83793) sltiu   a5, a6, 543
core   0: 3 0x80004e44 (0x21f83793) x15 0x00000000
core   0: 0x80004e48 (0x006c3133) sltu    sp, s8, t1
core   0: 3 0x80004e48 (0x006c3133) x 2 0x00000000
core   0: 0x80004e4c (0x00ebfb33) and     s6, s7, a4
core   0: 3 0x80004e4c (0x00ebfb33) x22 0x00000000
core   0: 0x80004e50 (0x00eecab3) xor     s5, t4, a4
core   0: 3 0x80004e50 (0x00eecab3) x21 0x00000000
core   0: 0x80004e54 (0x8b000f13) li      t5, -1872
core   0: 3 0x80004e54 (0x8b000f13) x30 0xfffff8b0
core   0: 0x80004e58 (0x01137333) and     t1, t1, a7
core   0: 3 0x80004e58 (0x01137333) x 6 0x31909000
core   0: 0x80004e5c (0x6726f313) andi    t1, a3, 1650
core   0: 3 0x80004e5c (0x6726f313) x 6 0x00000640
core   0: 0x80004e60 (0xd4aa8b97) auipc   s7, 0xd4aa8
core   0: 3 0x80004e60 (0xd4aa8b97) x23 0x54aace60
core   0: 0x80004e64 (0x00b3ad33) slt     s10, t2, a1
core   0: 3 0x80004e64 (0x00b3ad33) x26 0x00000000
core   0: 0x80004e68 (0x01fbd693) srli    a3, s7, 31
core   0: 3 0x80004e68 (0x01fbd693) x13 0x00000000
core   0: 0x80004e6c (0x01945093) srli    ra, s0, 25
core   0: 3 0x80004e6c (0x01945093) x 1 0x00000000
core   0: 0x80004e70 (0x003c66b3) or      a3, s8, gp
core   0: 3 0x80004e70 (0x003c66b3) x13 0xffc27e3f
core   0: 0x80004e74 (0x017507b3) add     a5, a0, s7
core   0: 3 0x80004e74 (0x017507b3) x15 0xd4ac1b44
core   0: 0x80004e78 (0xb5023913) sltiu   s2, tp, -1200
core   0: 3 0x80004e78 (0xb5023913) x18 0x00000001
core   0: 0x80004e7c (0x01323db3) sltu    s11, tp, s3
core   0: 3 0x80004e7c (0x01323db3) x27 0x00000001
core   0: 0x80004e80 (0x27d58413) addi    s0, a1, 637
core   0: 3 0x80004e80 (0x27d58413) x 8 0x800110e1
core   0: 0x80004e84 (0x44a6a793) slti    a5, a3, 1098
core   0: 3 0x80004e84 (0x44a6a793) x15 0x00000001
core   0: 0x80004e88 (0x00000013) nop
core   0: 3 0x80004e88 (0x00000013)
core   0: 0x80004e8c (0x01d99133) sll     sp, s3, t4
core   0: 3 0x80004e8c (0x01d99133) x 2 0x00000080
core   0: 0x80004e90 (0x0149dd33) srl     s10, s3, s4
core   0: 3 0x80004e90 (0x0149dd33) x26 0x00000000
core   0: 0x80004e94 (0x01a9d493) srli    s1, s3, 26
core   0: 3 0x80004e94 (0x01a9d493) x 9 0x00000000
core   0: 0x80004e98 (0x007b5b93) srli    s7, s6, 7
core   0: 3 0x80004e98 (0x007b5b93) x23 0x00000000
core   0: 0x80004e9c (0x011b3e33) sltu    t3, s6, a7
core   0: 3 0x80004e9c (0x011b3e33) x28 0x00000001
core   0: 0x80004ea0 (0x016246b3) xor     a3, tp, s6
core   0: 3 0x80004ea0 (0x016246b3) x13 0x00000001
core   0: 0x80004ea4 (0x40764413) xori    s0, a2, 1031
core   0: 3 0x80004ea4 (0x40764413) x 8 0xfffffbe8
core   0: 0x80004ea8 (0xe5b858b7) lui     a7, 0xe5b85
core   0: 3 0x80004ea8 (0xe5b858b7) x17 0xe5b85000
core   0: 0x80004eac (0x718ee493) ori     s1, t4, 1816
core   0: 3 0x80004eac (0x718ee493) x 9 0x00000718
core   0: 0x80004eb0 (0x0078e733) or      a4, a7, t2
core   0: 3 0x80004eb0 (0x0078e733) x14 0xe5baf673
core   0: 0x80004eb4 (0x41d5d1b3) sra     gp, a1, t4
core   0: 3 0x80004eb4 (0x41d5d1b3) x 3 0x80010e64
core   0: 0x80004eb8 (0x35480f13) addi    t5, a6, 852
core   0: 3 0x80004eb8 (0x35480f13) x30 0x7d0a5164
core   0: 0x80004ebc (0x01c6f3b3) and     t2, a3, t3
core   0: 3 0x80004ebc (0x01c6f3b3) x 7 0x00000001
core   0: 0x80004ec0 (0x412a5813) srai    a6, s4, 18
core   0: 3 0x80004ec0 (0x412a5813) x16 0x0000007f
core   0: 0x80004ec4 (0x000dd693) srli    a3, s11, 0
core   0: 3 0x80004ec4 (0x000dd693) x13 0x00000001
core   0: 0x80004ec8 (0x0563e813) ori     a6, t2, 86
core   0: 3 0x80004ec8 (0x0563e813) x16 0x00000057
core   0: 0x80004ecc (0xce5fdc97) auipc   s9, 0xce5fd
core   0: 3 0x80004ecc (0xce5fdc97) x25 0x4e601ecc
core   0: 0x80004ed0 (0x31ffc113) xori    sp, t6, 799
core   0: 3 0x80004ed0 (0x31ffc113) x 2 0x0000031e
core   0: 0x80004ed4 (0x17f0e1b7) lui     gp, 0x17f0e
core   0: 3 0x80004ed4 (0x17f0e1b7) x 3 0x17f0e000
core   0: 0x80004ed8 (0x0004f233) and     tp, s1, zero
core   0: 3 0x80004ed8 (0x0004f233) x 4 0x00000000
core   0: 0x80004edc (0x41a80db3) sub     s11, a6, s10
core   0: 3 0x80004edc (0x41a80db3) x27 0x00000057
core   0: 0x80004ee0 (0x39356b17) auipc   s6, 0x39356
core   0: 3 0x80004ee0 (0x39356b17) x22 0xb935aee0
core   0: 0x80004ee4 (0x009736b3) sltu    a3, a4, s1
core   0: 3 0x80004ee4 (0x009736b3) x13 0x00000000
core   0: 0x80004ee8 (0x00fe7833) and     a6, t3, a5
core   0: 3 0x80004ee8 (0x00fe7833) x16 0x00000001
core   0: 0x80004eec (0x00000013) nop
core   0: 3 0x80004eec (0x00000013)
core   0: 0x80004ef0 (0x946c7393) andi    t2, s8, -1722
core   0: 3 0x80004ef0 (0x946c7393) x 7 0xffc27806
core   0: 0x80004ef4 (0x00b42033) slt     zero, s0, a1
core   0: 3 0x80004ef4 (0x00b42033)
core   0: 0x80004ef8 (0xe52572b7) lui     t0, 0xe5257
core   0: 3 0x80004ef8 (0xe52572b7) x 5 0xe5257000
core   0: 0x80004efc (0x4138d433) sra     s0, a7, s3
core   0: 3 0x80004efc (0x4138d433) x 8 0xe5b85000
core   0: 0x80004f00 (0xc7d3c493) xori    s1, t2, -899
core   0: 3 0x80004f00 (0xc7d3c493) x 9 0x003d847b
core   0: 0x80004f04 (0x00f2e2b3) or      t0, t0, a5
core   0: 3 0x80004f04 (0x00f2e2b3) x 5 0xe5257001
core   0: 0x80004f08 (0x75fec637) lui     a2, 0x75fec
core   0: 3 0x80004f08 (0x75fec637) x12 0x75fec000
core   0: 0x80004f0c (0x00876733) or      a4, a4, s0
core   0: 3 0x80004f0c (0x00876733) x14 0xe5baf673
core   0: 0x80004f10 (0x00000013) nop
core   0: 3 0x80004f10 (0x00000013)
core   0: 0x80004f14 (0x00c99933) sll     s2, s3, a2
core   0: 3 0x80004f14 (0x00c99933) x18 0x00000080
core   0: 0x80004f18 (0xcfc57f93) andi    t6, a0, -772
core   0: 3 0x80004f18 (0xcfc57f93) x31 0x80014ce4
core   0: 0x80004f1c (0x01b063b3) or      t2, zero, s11
core   0: 3 0x80004f1c (0x01b063b3) x 7 0x00000057
core   0: 0x80004f20 (0x923e0313) addi    t1, t3, -1757
core   0: 3 0x80004f20 (0x923e0313) x 6 0xfffff924
core   0: 0x80004f24 (0xc199a213) slti    tp, s3, -999
core   0: 3 0x80004f24 (0xc199a213) x 4 0x00000000
core   0: 0x80004f28 (0x01a787b3) add     a5, a5, s10
core   0: 3 0x80004f28 (0x01a787b3) x15 0x00000001
core   0: 0x80004f2c (0x085f2b13) slti    s6, t5, 133
core   0: 3 0x80004f2c (0x085f2b13) x22 0x00000000
core   0: 0x80004f30 (0x00000013) nop
core   0: 3 0x80004f30 (0x00000013)
core   0: 0x80004f34 (0x009d34b3) sltu    s1, s10, s1
core   0: 3 0x80004f34 (0x009d34b3) x 9 0x00000001
core   0: 0x80004f38 (0x7b857317) auipc   t1, 0x7b857
core   0: 3 0x80004f38 (0x7b857317) x 6 0xfb85bf38
core   0: 0x80004f3c (0x011b6fb3) or      t6, s6, a7
core   0: 3 0x80004f3c (0x011b6fb3) x31 0xe5b85000
core   0: 0x80004f40 (0x00000013) nop
core   0: 3 0x80004f40 (0x00000013)
core   0: 0x80004f44 (0xc3ed4217) auipc   tp, 0xc3ed4
core   0: 3 0x80004f44 (0xc3ed4217) x 4 0x43ed8f44
core   0: 0x80004f48 (0x3d04e237) lui     tp, 0x3d04e
core   0: 3 0x80004f48 (0x3d04e237) x 4 0x3d04e000
core   0: 0x80004f4c (0xd3c4b793) sltiu   a5, s1, -708
core   0: 3 0x80004f4c (0xd3c4b793) x15 0x00000001
core   0: 0x80004f50 (0x012a6db3) or      s11, s4, s2
core   0: 3 0x80004f50 (0x012a6db3) x27 0x01ff7fee
core   0: 0x80004f54 (0xc8594193) xori    gp, s2, -891
core   0: 3 0x80004f54 (0xc8594193) x 3 0xfffffc05
core   0: 0x80004f58 (0x00759213) slli    tp, a1, 7
core   0: 3 0x80004f58 (0x00759213) x 4 0x00873200
core   0: 0x80004f5c (0x017a7ab3) and     s5, s4, s7
core   0: 3 0x80004f5c (0x017a7ab3) x21 0x00000000
core   0: 0x80004f60 (0x29a28093) addi    ra, t0, 666
core   0: 3 0x80004f60 (0x29a28093) x 1 0xe525729b
core   0: 0x80004f64 (0x406657b3) sra     a5, a2, t1
core   0: 3 0x80004f64 (0x406657b3) x15 0x00000075
core   0: 0x80004f68 (0x66666db7) lui     s11, 0x66666
core   0: 3 0x80004f68 (0x66666db7) x27 0x66666000
core   0: 0x80004f6c (0x01cd98b3) sll     a7, s11, t3
core   0: 3 0x80004f6c (0x01cd98b3) x17 0xccccc000
core   0: 0x80004f70 (0x00e3e7b3) or      a5, t2, a4
core   0: 3 0x80004f70 (0x00e3e7b3) x15 0xe5baf677
core   0: 0x80004f74 (0x00ecd3b3) srl     t2, s9, a4
core   0: 3 0x80004f74 (0x00ecd3b3) x 7 0x000009cc
core   0: 0x80004f78 (0x79a14013) xori    zero, sp, 1946
core   0: 3 0x80004f78 (0x79a14013)
core   0: 0x80004f7c (0x40d953b3) sra     t2, s2, a3
core   0: 3 0x80004f7c (0x40d953b3) x 7 0x00000080
core   0: 0x80004f80 (0x01e3f933) and     s2, t2, t5
core   0: 3 0x80004f80 (0x01e3f933) x18 0x00000000
core   0: 0x80004f84 (0x00000013) nop
core   0: 3 0x80004f84 (0x00000013)
core   0: 0x80004f88 (0x00d9b3b3) sltu    t2, s3, a3
core   0: 3 0x80004f88 (0x00d9b3b3) x 7 0x00000000
core   0: 0x80004f8c (0x00000013) nop
core   0: 3 0x80004f8c (0x00000013)
core   0: 0x80004f90 (0xb33fcd13) xori    s10, t6, -1229
core   0: 3 0x80004f90 (0xb33fcd13) x26 0x1a47ab33
core   0: 0x80004f94 (0x00ac5113) srli    sp, s8, 10
core   0: 3 0x80004f94 (0x00ac5113) x 2 0x003ff09f
core   0: 0x80004f98 (0x01c98433) add     s0, s3, t3
core   0: 3 0x80004f98 (0x01c98433) x 8 0x00000081
core   0: 0x80004f9c (0xa18c1f37) lui     t5, 0xa18c1
core   0: 3 0x80004f9c (0xa18c1f37) x30 0xa18c1000
core   0: 0x80004fa0 (0x40ba8433) sub     s0, s5, a1
core   0: 3 0x80004fa0 (0x40ba8433) x 8 0x7ffef19c
core   0: 0x80004fa4 (0x01863333) sltu    t1, a2, s8
core   0: 3 0x80004fa4 (0x01863333) x 6 0x00000001
core   0: 0x80004fa8 (0x01668eb3) add     t4, a3, s6
core   0: 3 0x80004fa8 (0x01668eb3) x29 0x00000000
core   0: 0x80004fac (0x3b2a2813) slti    a6, s4, 946
core   0: 3 0x80004fac (0x3b2a2813) x16 0x00000000
core   0: 0x80004fb0 (0x947af097) auipc   ra, 0x947af
core   0: 3 0x80004fb0 (0x947af097) x 1 0x147b3fb0
core   0: 0x80004fb4 (0x2afaab17) auipc   s6, 0x2afaa
core   0: 3 0x80004fb4 (0x2afaab17) x22 0xaafaefb4
core   0: 0x80004fb8 (0xe81a0d93) addi    s11, s4, -383
core   0: 3 0x80004fb8 (0xe81a0d93) x27 0x01ff7e6f
core   0: 0x80004fbc (0x91960193) addi    gp, a2, -1767
core   0: 3 0x80004fbc (0x91960193) x 3 0x75feb919
core   0: 0x80004fc0 (0x00000013) nop
core   0: 3 0x80004fc0 (0x00000013)
core   0: 0x80004fc4 (0x40d189b3) sub     s3, gp, a3
core   0: 3 0x80004fc4 (0x40d189b3) x19 0x75feb919
core   0: 0x80004fc8 (0x011b1e13) slli    t3, s6, 17
core   0: 3 0x80004fc8 (0x011b1e13) x28 0xdf680000
core   0: 0x80004fcc (0x00084f33) xor     t5, a6, zero
core   0: 3 0x80004fcc (0x00084f33) x30 0x00000000
core   0: 0x80004fd0 (0x00e7df13) srli    t5, a5, 14
core   0: 3 0x80004fd0 (0x00e7df13) x30 0x000396eb
core   0: 0x80004fd4 (0x29ff8d13) addi    s10, t6, 671
core   0: 3 0x80004fd4 (0x29ff8d13) x26 0xe5b8529f
core   0: 0x80004fd8 (0x0056f3b3) and     t2, a3, t0
core   0: 3 0x80004fd8 (0x0056f3b3) x 7 0x00000000
core   0: 0x80004fdc (0xf95e4793) xori    a5, t3, -107
core   0: 3 0x80004fdc (0xf95e4793) x15 0x2097ff95
core   0: 0x80004fe0 (0xc23d3113) sltiu   sp, s10, -989
core   0: 3 0x80004fe0 (0xc23d3113) x 2 0x00000001
core   0: 0x80004fe4 (0x412f5433) sra     s0, t5, s2
core   0: 3 0x80004fe4 (0x412f5433) x 8 0x000396eb
core   0: 0x80004fe8 (0xbb354b13) xori    s6, a0, -1101
core   0: 3 0x80004fe8 (0xbb354b13) x22 0x7ffeb757
core   0: 0x80004fec (0x40d8db13) srai    s6, a7, 13
core   0: 3 0x80004fec (0x40d8db13) x22 0xfffe6666
core   0: 0x80004ff0 (0x4129da33) sra     s4, s3, s2
core   0: 3 0x80004ff0 (0x4129da33) x20 0x75feb919
core   0: 0x80004ff4 (0x4e078f13) addi    t5, a5, 1248
core   0: 3 0x80004ff4 (0x4e078f13) x30 0x20980475
core   0: 0x80004ff8 (0x40c05133) sra     sp, zero, a2
core   0: 3 0x80004ff8 (0x40c05133) x 2 0x00000000
core   0: 0x80004ffc (0x00490033) add     zero, s2, tp
core   0: 3 0x80004ffc (0x00490033)
core   0: 0x80005000 (0xf380c793) xori    a5, ra, -200
core   0: 3 0x80005000 (0xf380c793) x15 0xeb84c088
core   0: 0x80005004 (0x00000013) nop
core   0: 3 0x80005004 (0x00000013)
core   0: 0x80005008 (0x01419a33) sll     s4, gp, s4
core   0: 3 0x80005008 (0x01419a33) x20 0x32000000
core   0: 0x8000500c (0x007668b3) or      a7, a2, t2
core   0: 3 0x8000500c (0x007668b3) x17 0x75fec000
core   0: 0x80005010 (0x07218293) addi    t0, gp, 114
core   0: 3 0x80005010 (0x07218293) x 5 0x75feb98b
core   0: 0x80005014 (0x01347f33) and     t5, s0, s3
core   0: 3 0x80005014 (0x01347f33) x30 0x00029009
core   0: 0x80005018 (0x01b37db3) and     s11, t1, s11
core   0: 3 0x80005018 (0x01b37db3) x27 0x00000001
core   0: 0x8000501c (0x46bcf693) andi    a3, s9, 1131
core   0: 3 0x8000501c (0x46bcf693) x13 0x00000448
core   0: 0x80005020 (0x012ad313) srli    t1, s5, 18
core   0: 3 0x80005020 (0x012ad313) x 6 0x00000000
core   0: 0x80005024 (0x01b0d433) srl     s0, ra, s11
core   0: 3 0x80005024 (0x01b0d433) x 8 0x0a3d9fd8
core   0: 0x80005028 (0x003dd993) srli    s3, s11, 3
core   0: 3 0x80005028 (0x003dd993) x19 0x00000000
core   0: 0x8000502c (0x0108a1b3) slt     gp, a7, a6
core   0: 3 0x8000502c (0x0108a1b3) x 3 0x00000000
core   0: 0x80005030 (0xf03ce793) ori     a5, s9, -253
core   0: 3 0x80005030 (0xf03ce793) x15 0xffffffcf
core   0: 0x80005034 (0xcfa65117) auipc   sp, 0xcfa65
core   0: 3 0x80005034 (0xcfa65117) x 2 0x4fa6a034
core   0: 0x80005038 (0x00e302b3) add     t0, t1, a4
core   0: 3 0x80005038 (0x00e302b3) x 5 0xe5baf673
core   0: 0x8000503c (0xedbf0b13) addi    s6, t5, -293
core   0: 3 0x8000503c (0xedbf0b13) x22 0x00028ee4
core   0: 0x80005040 (0xfdffc813) xori    a6, t6, -33
core   0: 3 0x80005040 (0xfdffc813) x16 0x1a47afdf
core   0: 0x80005044 (0x00a6f133) and     sp, a3, a0
core   0: 3 0x80005044 (0x00a6f133) x 2 0x00000440
core   0: 0x80005048 (0x419dd933) sra     s2, s11, s9
core   0: 3 0x80005048 (0x419dd933) x18 0x00000000
core   0: 0x8000504c (0xfdac4197) auipc   gp, 0xfdac4
core   0: 3 0x8000504c (0xfdac4197) x 3 0x7dac904c
core   0: 0x80005050 (0x0091d313) srli    t1, gp, 9
core   0: 3 0x80005050 (0x0091d313) x 6 0x003ed648
core   0: 0x80005054 (0x03822713) slti    a4, tp, 56
core   0: 3 0x80005054 (0x03822713) x14 0x00000000
core   0: 0x80005058 (0x405c5693) srai    a3, s8, 5
core   0: 3 0x80005058 (0x405c5693) x13 0xfffe13f1
core   0: 0x8000505c (0xa185dab7) lui     s5, 0xa185d
core   0: 3 0x8000505c (0xa185dab7) x21 0xa185d000
core   0: 0x80005060 (0x4181d193) srai    gp, gp, 24
core   0: 3 0x80005060 (0x4181d193) x 3 0x0000007d
core   0: 0x80005064 (0x00000013) nop
core   0: 3 0x80005064 (0x00000013)
core   0: 0x80005068 (0x59f14a13) xori    s4, sp, 1439
core   0: 3 0x80005068 (0x59f14a13) x20 0x000001df
core   0: 0x8000506c (0x70ecceb7) lui     t4, 0x70ecc
core   0: 3 0x8000506c (0x70ecceb7) x29 0x70ecc000
core   0: 0x80005070 (0x409a5cb3) sra     s9, s4, s1
core   0: 3 0x80005070 (0x409a5cb3) x25 0x000000ef
core   0: 0x80005074 (0x00e8c9b3) xor     s3, a7, a4
core   0: 3 0x80005074 (0x00e8c9b3) x19 0x75fec000
core   0: 0x80005078 (0x01e0df93) srli    t6, ra, 30
core   0: 3 0x80005078 (0x01e0df93) x31 0x00000000
core   0: 0x8000507c (0x4025d313) srai    t1, a1, 2
core   0: 3 0x8000507c (0x4025d313) x 6 0xe0004399
core   0: 0x80005080 (0x80ed7e93) andi    t4, s10, -2034
core   0: 3 0x80005080 (0x80ed7e93) x29 0xe5b8500e
core   0: 0x80005084 (0x6aea7613) andi    a2, s4, 1710
core   0: 3 0x80005084 (0x6aea7613) x12 0x0000008e
core   0: 0x80005088 (0x2a1ba613) slti    a2, s7, 673
core   0: 3 0x80005088 (0x2a1ba613) x12 0x00000001
core   0: 0x8000508c (0x01f4c433) xor     s0, s1, t6
core   0: 3 0x8000508c (0x01f4c433) x 8 0x00000001
core   0: 0x80005090 (0x015289b3) add     s3, t0, s5
core   0: 3 0x80005090 (0x015289b3) x19 0x8740c673
core   0: 0x80005094 (0x010833b3) sltu    t2, a6, a6
core   0: 3 0x80005094 (0x010833b3) x 7 0x00000000
core   0: 0x80005098 (0xa2eaba93) sltiu   s5, s5, -1490
core   0: 3 0x80005098 (0xa2eaba93) x21 0x00000001
core   0: 0x8000509c (0x01c914b3) sll     s1, s2, t3
core   0: 3 0x8000509c (0x01c914b3) x 9 0x00000000
core   0: 0x800050a0 (0x01c2d813) srli    a6, t0, 28
core   0: 3 0x800050a0 (0x01c2d813) x16 0x0000000e
core   0: 0x800050a4 (0x480d3d13) sltiu   s10, s10, 1152
core   0: 3 0x800050a4 (0x480d3d13) x26 0x00000000
core   0: 0x800050a8 (0x01bf37b3) sltu    a5, t5, s11
core   0: 3 0x800050a8 (0x01bf37b3) x15 0x00000000
core   0: 0x800050ac (0x01005693) srli    a3, zero, 16
core   0: 3 0x800050ac (0x01005693) x13 0x00000000
core   0: 0x800050b0 (0x01c0f733) and     a4, ra, t3
core   0: 3 0x800050b0 (0x01c0f733) x14 0x14680000
core   0: 0x800050b4 (0x004811b3) sll     gp, a6, tp
core   0: 3 0x800050b4 (0x004811b3) x 3 0x0000000e
core   0: 0x800050b8 (0xe35f6d13) ori     s10, t5, -459
core   0: 3 0x800050b8 (0xe35f6d13) x26 0xfffffe3d
core   0: 0x800050bc (0xe821e2b7) lui     t0, 0xe821e
core   0: 3 0x800050bc (0xe821e2b7) x 5 0xe821e000
core   0: 0x800050c0 (0x53bbec97) auipc   s9, 0x53bbe
core   0: 3 0x800050c0 (0x53bbec97) x25 0xd3bc30c0
core   0: 0x800050c4 (0x408bd1b3) sra     gp, s7, s0
core   0: 3 0x800050c4 (0x408bd1b3) x 3 0x00000000
core   0: 0x800050c8 (0x01a8de13) srli    t3, a7, 26
core   0: 3 0x800050c8 (0x01a8de13) x28 0x0000001d
core   0: 0x800050cc (0x00000013) nop
core   0: 3 0x800050cc (0x00000013)
core   0: 0x800050d0 (0x013570b3) and     ra, a0, s3
core   0: 3 0x800050d0 (0x013570b3) x 1 0x80004460
core   0: 0x800050d4 (0x324aa813) slti    a6, s5, 804
core   0: 3 0x800050d4 (0x324aa813) x16 0x00000001
core   0: 0x800050d8 (0x01df40b3) xor     ra, t5, t4
core   0: 3 0x800050d8 (0x01df40b3) x 1 0xe5bac007
core   0: 0x800050dc (0x01ba7033) and     zero, s4, s11
core   0: 3 0x800050dc (0x01ba7033)
core   0: 0x800050e0 (0x0015d133) srl     sp, a1, ra
core   0: 3 0x800050e0 (0x0015d133) x 2 0x0100021c
core   0: 0x800050e4 (0x75257d93) andi    s11, a0, 1874
core   0: 3 0x800050e4 (0x75257d93) x27 0x00000440
core   0: 0x800050e8 (0x01d6db33) srl     s6, a3, t4
core   0: 3 0x800050e8 (0x01d6db33) x22 0x00000000
core   0: 0x800050ec (0x41bc5db3) sra     s11, s8, s11
core   0: 3 0x800050ec (0x41bc5db3) x27 0xffc27e3f
core   0: 0x800050f0 (0x40c9d213) srai    tp, s3, 12
core   0: 3 0x800050f0 (0x40c9d213) x 4 0xfff8740c
core   0: 0x800050f4 (0x1eabab93) slti    s7, s7, 490
core   0: 3 0x800050f4 (0x1eabab93) x23 0x00000001
core   0: 0x800050f8 (0x008c9193) slli    gp, s9, 8
core   0: 3 0x800050f8 (0x008c9193) x 3 0xbc30c000
core   0: 0x800050fc (0x40b6c193) xori    gp, a3, 1035
core   0: 3 0x800050fc (0x40b6c193) x 3 0x0000040b
core   0: 0x80005100 (0x005c5433) srl     s0, s8, t0
core   0: 3 0x80005100 (0x005c5433) x 8 0xffc27e3f
core   0: 0x80005104 (0x4088dcb3) sra     s9, a7, s0
core   0: 3 0x80005104 (0x4088dcb3) x25 0x00000000
core   0: 0x80005108 (0x40ca83b3) sub     t2, s5, a2
core   0: 3 0x80005108 (0x40ca83b3) x 7 0x00000000
core   0: 0x8000510c (0x012d3d33) sltu    s10, s10, s2
core   0: 3 0x8000510c (0x012d3d33) x26 0x00000000
core   0: 0x80005110 (0xfcb42693) slti    a3, s0, -53
core   0: 3 0x80005110 (0xfcb42693) x13 0x00000001
core   0: 0x80005114 (0x40985393) srai    t2, a6, 9
core   0: 3 0x80005114 (0x40985393) x 7 0x00000000
core   0: 0x80005118 (0x00000013) nop
core   0: 3 0x80005118 (0x00000013)
core   0: 0x8000511c (0x86b67d13) andi    s10, a2, -1941
core   0: 3 0x8000511c (0x86b67d13) x26 0x00000001
core   0: 0x80005120 (0x6779d017) auipc   zero, 0x6779d
core   0: 3 0x80005120 (0x6779d017)
core   0: 0x80005124 (0xc9678793) addi    a5, a5, -874
core   0: 3 0x80005124 (0xc9678793) x15 0xfffffc96
core   0: 0x80005128 (0x67b92413) slti    s0, s2, 1659
core   0: 3 0x80005128 (0x67b92413) x 8 0x00000001
core   0: 0x8000512c (0xb4932393) slti    t2, t1, -1207
core   0: 3 0x8000512c (0xb4932393) x 7 0x00000001
core   0: 0x80005130 (0x00000013) nop
core   0: 3 0x80005130 (0x00000013)
core   0: 0x80005134 (0x0fcb73b7) lui     t2, 0xfcb7
core   0: 3 0x80005134 (0x0fcb73b7) x 7 0x0fcb7000
core   0: 0x80005138 (0x4c1f0937) lui     s2, 0x4c1f0
core   0: 3 0x80005138 (0x4c1f0937) x18 0x4c1f0000
core   0: 0x8000513c (0x4edac313) xori    t1, s5, 1261
core   0: 3 0x8000513c (0x4edac313) x 6 0x000004ec
core   0: 0x80005140 (0x000629b3) slt     s3, a2, zero
core   0: 3 0x80005140 (0x000629b3) x19 0x00000000
core   0: 0x80005144 (0x403e5eb3) sra     t4, t3, gp
core   0: 3 0x80005144 (0x403e5eb3) x29 0x00000000
core   0: 0x80005148 (0xe1c63213) sltiu   tp, a2, -484
core   0: 3 0x80005148 (0xe1c63213) x 4 0x00000001
core   0: 0x8000514c (0x00c69f93) slli    t6, a3, 12
core   0: 3 0x8000514c (0x00c69f93) x31 0x00001000
core   0: 0x80005150 (0x01c93ab3) sltu    s5, s2, t3
core   0: 3 0x80005150 (0x01c93ab3) x21 0x00000000
core   0: 0x80005154 (0x013d3bb3) sltu    s7, s10, s3
core   0: 3 0x80005154 (0x013d3bb3) x23 0x00000000
core   0: 0x80005158 (0x4165d613) srai    a2, a1, 22
core   0: 3 0x80005158 (0x4165d613) x12 0xfffffe00
core   0: 0x8000515c (0x02cc6337) lui     t1, 0x2cc6
core   0: 3 0x8000515c (0x02cc6337) x 6 0x02cc6000
core   0: 0x80005160 (0x01d998b3) sll     a7, s3, t4
core   0: 3 0x80005160 (0x01d998b3) x17 0x00000000
core   0: 0x80005164 (0xcaf97097) auipc   ra, 0xcaf97
core   0: 3 0x80005164 (0xcaf97097) x 1 0x4af9c164
core   0: 0x80005168 (0x32830717) auipc   a4, 0x32830
core   0: 3 0x80005168 (0x32830717) x14 0xb2835168
core   0: 0x8000516c (0x410e5c93) srai    s9, t3, 16
core   0: 3 0x8000516c (0x410e5c93) x25 0x00000000
core   0: 0x80005170 (0x40d05cb3) sra     s9, zero, a3
core   0: 3 0x80005170 (0x40d05cb3) x25 0x00000000
core   0: 0x80005174 (0x01e9ceb3) xor     t4, s3, t5
core   0: 3 0x80005174 (0x01e9ceb3) x29 0x00029009
core   0: 0x80005178 (0xf7f00793) li      a5, -129
core   0: 3 0x80005178 (0xf7f00793) x15 0xffffff7f
core   0: 0x8000517c (0x01e7b733) sltu    a4, a5, t5
core   0: 3 0x8000517c (0x01e7b733) x14 0x00000000
core   0: 0x80005180 (0x003061b3) or      gp, zero, gp
core   0: 3 0x80005180 (0x003061b3) x 3 0x0000040b
core   0: 0x80005184 (0xf0260013) addi    zero, a2, -254
core   0: 3 0x80005184 (0xf0260013)
core   0: 0x80005188 (0x00335093) srli    ra, t1, 3
core   0: 3 0x80005188 (0x00335093) x 1 0x00598c00
core   0: 0x8000518c (0x407453b3) sra     t2, s0, t2
core   0: 3 0x8000518c (0x407453b3) x 7 0x00000001
core   0: 0x80005190 (0x408e04b3) sub     s1, t3, s0
core   0: 3 0x80005190 (0x408e04b3) x 9 0x0000001c
core   0: 0x80005194 (0x91a74013) xori    zero, a4, -1766
core   0: 3 0x80005194 (0x91a74013)
core   0: 0x80005198 (0xa4e7a917) auipc   s2, 0xa4e7a
core   0: 3 0x80005198 (0xa4e7a917) x18 0x24e7f198
core   0: 0x8000519c (0xf8d82317) auipc   t1, 0xf8d82
core   0: 3 0x8000519c (0xf8d82317) x 6 0x78d8719c
core   0: 0x800051a0 (0x00000013) nop
core   0: 3 0x800051a0 (0x00000013)
core   0: 0x800051a4 (0x41b45f93) srai    t6, s0, 27
core   0: 3 0x800051a4 (0x41b45f93) x31 0x00000000
core   0: 0x800051a8 (0x82b71417) auipc   s0, 0x82b71
core   0: 3 0x800051a8 (0x82b71417) x 8 0x02b761a8
core   0: 0x800051ac (0x3447c813) xori    a6, a5, 836
core   0: 3 0x800051ac (0x3447c813) x16 0xfffffc3b
core   0: 0x800051b0 (0xe6f4cf93) xori    t6, s1, -401
core   0: 3 0x800051b0 (0xe6f4cf93) x31 0xfffffe73
core   0: 0x800051b4 (0x072dee93) ori     t4, s11, 114
core   0: 3 0x800051b4 (0x072dee93) x29 0xffc27e7f
core   0: 0x800051b8 (0x00941313) slli    t1, s0, 9
core   0: 3 0x800051b8 (0x00941313) x 6 0x6ec35000
core   0: 0x800051bc (0x2223ea13) ori     s4, t2, 546
core   0: 3 0x800051bc (0x2223ea13) x20 0x00000223
core   0: 0x800051c0 (0x0140f8b3) and     a7, ra, s4
core   0: 3 0x800051c0 (0x0140f8b3) x17 0x00000000
core   0: 0x800051c4 (0x7d26a913) slti    s2, a3, 2002
core   0: 3 0x800051c4 (0x7d26a913) x18 0x00000001
core   0: 0x800051c8 (0x1a3aff93) andi    t6, s5, 419
core   0: 3 0x800051c8 (0x1a3aff93) x31 0x00000000
core   0: 0x800051cc (0x01363db3) sltu    s11, a2, s3
core   0: 3 0x800051cc (0x01363db3) x27 0x00000000
core   0: 0x800051d0 (0x01e7a633) slt     a2, a5, t5
core   0: 3 0x800051d0 (0x01e7a633) x12 0x00000001
core   0: 0x800051d4 (0x01534433) xor     s0, t1, s5
core   0: 3 0x800051d4 (0x01534433) x 8 0x6ec35000
core   0: 0x800051d8 (0x00000013) nop
core   0: 3 0x800051d8 (0x00000013)
core   0: 0x800051dc (0x00000013) nop
core   0: 3 0x800051dc (0x00000013)
core   0: 0x800051e0 (0x01e677b3) and     a5, a2, t5
core   0: 3 0x800051e0 (0x01e677b3) x15 0x00000001
core   0: 0x800051e4 (0x4120dcb3) sra     s9, ra, s2
core   0: 3 0x800051e4 (0x4120dcb3) x25 0x002cc600
core   0: 0x800051e8 (0xd1fcb693) sltiu   a3, s9, -737
core   0: 3 0x800051e8 (0xd1fcb693) x13 0x00000001
core   0: 0x800051ec (0x5b8d3313) sltiu   t1, s10, 1464
core   0: 3 0x800051ec (0x5b8d3313) x 6 0x00000001
core   0: 0x800051f0 (0x005d5ab3) srl     s5, s10, t0
core   0: 3 0x800051f0 (0x005d5ab3) x21 0x00000001
core   0: 0x800051f4 (0x418a09b3) sub     s3, s4, s8
core   0: 3 0x800051f4 (0x418a09b3) x19 0x003d83e4
core   0: 0x800051f8 (0x6fbdc093) xori    ra, s11, 1787
core   0: 3 0x800051f8 (0x6fbdc093) x 1 0x000006fb
core   0: 0x800051fc (0x40c881b3) sub     gp, a7, a2
core   0: 3 0x800051fc (0x40c881b3) x 3 0xffffffff
core   0: 0x80005200 (0x0139d8b3) srl     a7, s3, s3
core   0: 3 0x80005200 (0x0139d8b3) x17 0x0003d83e
core   0: 0x80005204 (0x40ad07b3) sub     a5, s10, a0
core   0: 3 0x80005204 (0x40ad07b3) x15 0x7ffeb31d
core   0: 0x80005208 (0x01f9be33) sltu    t3, s3, t6
core   0: 3 0x80005208 (0x01f9be33) x28 0x00000000
core   0: 0x8000520c (0x49539a97) auipc   s5, 0x49539
core   0: 3 0x8000520c (0x49539a97) x21 0xc953e20c
core   0: 0x80005210 (0x1d4eed13) ori     s10, t4, 468
core   0: 3 0x80005210 (0x1d4eed13) x26 0xffc27fff
core   0: 0x80005214 (0x9bee0c93) addi    s9, t3, -1602
core   0: 3 0x80005214 (0x9bee0c93) x25 0xfffff9be
core   0: 0x80005218 (0x38cd7e13) andi    t3, s10, 908
core   0: 3 0x80005218 (0x38cd7e13) x28 0x0000038c
core   0: 0x8000521c (0xa1e52613) slti    a2, a0, -1506
core   0: 3 0x8000521c (0xa1e52613) x12 0x00000001
core   0: 0x80005220 (0x009a18b3) sll     a7, s4, s1
core   0: 3 0x80005220 (0x009a18b3) x17 0x30000000
core   0: 0x80005224 (0x8498cb13) xori    s6, a7, -1975
core   0: 3 0x80005224 (0x8498cb13) x22 0xcffff849
core   0: 0x80005228 (0x01c1d893) srli    a7, gp, 28
core   0: 3 0x80005228 (0x01c1d893) x17 0x0000000f
core   0: 0x8000522c (0x01b5dab3) srl     s5, a1, s11
core   0: 3 0x8000522c (0x01b5dab3) x21 0x80010e64
core   0: 0x80005230 (0x01f84933) xor     s2, a6, t6
core   0: 3 0x80005230 (0x01f84933) x18 0xfffffc3b
core   0: 0x80005234 (0x01fd9bb3) sll     s7, s11, t6
core   0: 3 0x80005234 (0x01fd9bb3) x23 0x00000000
core   0: 0x80005238 (0x00474d33) xor     s10, a4, tp
core   0: 3 0x80005238 (0x00474d33) x26 0x00000001
core   0: 0x8000523c (0x00d471b3) and     gp, s0, a3
core   0: 3 0x8000523c (0x00d471b3) x 3 0x00000000
core   0: 0x80005240 (0x00d14933) xor     s2, sp, a3
core   0: 3 0x80005240 (0x00d14933) x18 0x0100021d
core   0: 0x80005244 (0x40090d33) sub     s10, s2, zero
core   0: 3 0x80005244 (0x40090d33) x26 0x0100021d
core   0: 0x80005248 (0xb9d52893) slti    a7, a0, -1123
core   0: 3 0x80005248 (0xb9d52893) x17 0x00000001
core   0: 0x8000524c (0x416b8a33) sub     s4, s7, s6
core   0: 3 0x8000524c (0x416b8a33) x20 0x300007b7
core   0: 0x80005250 (0xd820e313) ori     t1, ra, -638
core   0: 3 0x80005250 (0xd820e313) x 6 0xfffffffb
core   0: 0x80005254 (0x46a76017) auipc   zero, 0x46a76
core   0: 3 0x80005254 (0x46a76017)
core   0: 0x80005258 (0xfbc43d93) sltiu   s11, s0, -68
core   0: 3 0x80005258 (0xfbc43d93) x27 0x00000001
core   0: 0x8000525c (0x8593e113) ori     sp, t2, -1959
core   0: 3 0x8000525c (0x8593e113) x 2 0xfffff859
core   0: 0x80005260 (0xd160ae93) slti    t4, ra, -746
core   0: 3 0x80005260 (0xd160ae93) x29 0x00000000
core   0: 0x80005264 (0x01a5d193) srli    gp, a1, 26
core   0: 3 0x80005264 (0x01a5d193) x 3 0x00000020
core   0: 0x80005268 (0x00b86433) or      s0, a6, a1
core   0: 3 0x80005268 (0x00b86433) x 8 0xfffffe7f
core   0: 0x8000526c (0x007e5413) srli    s0, t3, 7
core   0: 3 0x8000526c (0x007e5413) x 8 0x00000007
core   0: 0x80005270 (0xec196e93) ori     t4, s2, -319
core   0: 3 0x80005270 (0xec196e93) x29 0xfffffedd
core   0: 0x80005274 (0x8e7ef713) andi    a4, t4, -1817
core   0: 3 0x80005274 (0x8e7ef713) x14 0xfffff8c5
core   0: 0x80005278 (0xbd370637) lui     a2, 0xbd370
core   0: 3 0x80005278 (0xbd370637) x12 0xbd370000
core   0: 0x8000527c (0x414ad813) srai    a6, s5, 20
core   0: 3 0x8000527c (0x414ad813) x16 0xfffff800
core   0: 0x80005280 (0x0008ccb3) xor     s9, a7, zero
core   0: 3 0x80005280 (0x0008ccb3) x25 0x00000001
core   0: 0x80005284 (0x1fa87013) andi    zero, a6, 506
core   0: 3 0x80005284 (0x1fa87013)
core   0: 0x80005288 (0x4044db33) sra     s6, s1, tp
core   0: 3 0x80005288 (0x4044db33) x22 0x0000000e
core   0: 0x8000528c (0x7e928293) addi    t0, t0, 2025
core   0: 3 0x8000528c (0x7e928293) x 5 0xe821e7e9
core   0: 0x80005290 (0xbe7c2737) lui     a4, 0xbe7c2
core   0: 3 0x80005290 (0xbe7c2737) x14 0xbe7c2000
core   0: 0x80005294 (0x00000013) nop
core   0: 3 0x80005294 (0x00000013)
core   0: 0x80005298 (0xa3064213) xori    tp, a2, -1488
core   0: 3 0x80005298 (0xa3064213) x 4 0x42c8fa30
core   0: 0x8000529c (0x13295297) auipc   t0, 0x13295
core   0: 3 0x8000529c (0x13295297) x 5 0x9329a29c
core   0: 0x800052a0 (0xf7c46f93) ori     t6, s0, -132
core   0: 3 0x800052a0 (0xf7c46f93) x31 0xffffff7f
core   0: 0x800052a4 (0x00c05ab3) srl     s5, zero, a2
core   0: 3 0x800052a4 (0x00c05ab3) x21 0x00000000
core   0: 0x800052a8 (0xbc18e693) ori     a3, a7, -1087
core   0: 3 0x800052a8 (0xbc18e693) x13 0xfffffbc1
core   0: 0x800052ac (0x01368933) add     s2, a3, s3
core   0: 3 0x800052ac (0x01368933) x18 0x003d7fa5
core   0: 0x800052b0 (0x001eaf33) slt     t5, t4, ra
core   0: 3 0x800052b0 (0x001eaf33) x30 0x00000001
core   0: 0x800052b4 (0x01f88333) add     t1, a7, t6
core   0: 3 0x800052b4 (0x01f88333) x 6 0xffffff80
core   0: 0x800052b8 (0x3f248b17) auipc   s6, 0x3f248
core   0: 3 0x800052b8 (0x3f248b17) x22 0xbf24d2b8
core   0: 0x800052bc (0xf6240337) lui     t1, 0xf6240
core   0: 3 0x800052bc (0xf6240337) x 6 0xf6240000
core   0: 0x800052c0 (0xda09a193) slti    gp, s3, -608
core   0: 3 0x800052c0 (0xda09a193) x 3 0x00000000
core   0: 0x800052c4 (0x9f3fde37) lui     t3, 0x9f3fd
core   0: 3 0x800052c4 (0x9f3fde37) x28 0x9f3fd000
core   0: 0x800052c8 (0x17971417) auipc   s0, 0x17971
core   0: 3 0x800052c8 (0x17971417) x 8 0x979762c8
core   0: 0x800052cc (0x003831b3) sltu    gp, a6, gp
core   0: 3 0x800052cc (0x003831b3) x 3 0x00000000
core   0: 0x800052d0 (0x00000013) nop
core   0: 3 0x800052d0 (0x00000013)
core   0: 0x800052d4 (0x4555a413) slti    s0, a1, 1109
core   0: 3 0x800052d4 (0x4555a413) x 8 0x00000001
core   0: 0x800052d8 (0x0168af33) slt     t5, a7, s6
core   0: 3 0x800052d8 (0x0168af33) x30 0x00000000
core   0: 0x800052dc (0x006f9113) slli    sp, t6, 6
core   0: 3 0x800052dc (0x006f9113) x 2 0xffffdfc0
core   0: 0x800052e0 (0x4bb82013) slti    zero, a6, 1211
core   0: 3 0x800052e0 (0x4bb82013)
core   0: 0x800052e4 (0x532c7a93) andi    s5, s8, 1330
core   0: 3 0x800052e4 (0x532c7a93) x21 0x00000432
core   0: 0x800052e8 (0x012ce4b3) or      s1, s9, s2
core   0: 3 0x800052e8 (0x012ce4b3) x 9 0x003d7fa5
core   0: 0x800052ec (0xcd273d13) sltiu   s10, a4, -814
core   0: 3 0x800052ec (0xcd273d13) x26 0x00000001
core   0: 0x800052f0 (0x417a5133) sra     sp, s4, s7
core   0: 3 0x800052f0 (0x417a5133) x 2 0x300007b7
core   0: 0x800052f4 (0x40005b93) srai    s7, zero, 0
core   0: 3 0x800052f4 (0x40005b93) x23 0x00000000
core   0: 0x800052f8 (0x00000013) nop
core   0: 3 0x800052f8 (0x00000013)
core   0: 0x800052fc (0x006c6d33) or      s10, s8, t1
core   0: 3 0x800052fc (0x006c6d33) x26 0xffe67e3f
core   0: 0x80005300 (0x003cae33) slt     t3, s9, gp
core   0: 3 0x80005300 (0x003cae33) x28 0x00000000
core   0: 0x80005304 (0x00000013) nop
core   0: 3 0x80005304 (0x00000013)
core   0: 0x80005308 (0x00d3d233) srl     tp, t2, a3
core   0: 3 0x80005308 (0x00d3d233) x 4 0x00000000
core   0: 0x8000530c (0x416202b3) sub     t0, tp, s6
core   0: 3 0x8000530c (0x416202b3) x 5 0x40db2d48
core   0: 0x80005310 (0x01afd493) srli    s1, t6, 26
core   0: 3 0x80005310 (0x01afd493) x 9 0x0000003f
core   0: 0x80005314 (0x17dbcf13) xori    t5, s7, 381
core   0: 3 0x80005314 (0x17dbcf13) x30 0x0000017d
core   0: 0x80005318 (0x69d2bb93) sltiu   s7, t0, 1693
core   0: 3 0x80005318 (0x69d2bb93) x23 0x00000000
core   0: 0x8000531c (0x0111dcb3) srl     s9, gp, a7
core   0: 3 0x8000531c (0x0111dcb3) x25 0x00000000
core   0: 0x80005320 (0x41535813) srai    a6, t1, 21
core   0: 3 0x80005320 (0x41535813) x16 0xffffffb1
core   0: 0x80005324 (0xbe96f113) andi    sp, a3, -1047
core   0: 3 0x80005324 (0xbe96f113) x 2 0xfffffbc1
core   0: 0x80005328 (0xada9ea13) ori     s4, s3, -1318
core   0: 3 0x80005328 (0xada9ea13) x20 0xfffffbfe
core   0: 0x8000532c (0x00000013) nop
core   0: 3 0x8000532c (0x00000013)
core   0: 0x80005330 (0x4015d733) sra     a4, a1, ra
core   0: 3 0x80005330 (0x4015d733) x14 0xfffffff0
core   0: 0x80005334 (0x0086df13) srli    t5, a3, 8
core   0: 3 0x80005334 (0x0086df13) x30 0x00fffffb
core   0: 0x80005338 (0xae2bc337) lui     t1, 0xae2bc
core   0: 3 0x80005338 (0xae2bc337) x 6 0xae2bc000
core   0: 0x8000533c (0xdb565db7) lui     s11, 0xdb565
core   0: 3 0x8000533c (0xdb565db7) x27 0xdb565000
core   0: 0x80005340 (0x014c4733) xor     a4, s8, s4
core   0: 3 0x80005340 (0x014c4733) x14 0x003d85c1
core   0: 0x80005344 (0x00ce2eb3) slt     t4, t3, a2
core   0: 3 0x80005344 (0x00ce2eb3) x29 0x00000000
core   0: 0x80005348 (0xe3674213) xori    tp, a4, -458
core   0: 3 0x80005348 (0xe3674213) x 4 0xffc27bf7
core   0: 0x8000534c (0x001f1413) slli    s0, t5, 1
core   0: 3 0x8000534c (0x001f1413) x 8 0x01fffff6
core   0: 0x80005350 (0xa8ad2e13) slti    t3, s10, -1398
core   0: 3 0x80005350 (0xa8ad2e13) x28 0x00000001
core   0: 0x80005354 (0x01ead393) srli    t2, s5, 30
core   0: 3 0x80005354 (0x01ead393) x 7 0x00000000
core   0: 0x80005358 (0x01709693) slli    a3, ra, 23
core   0: 3 0x80005358 (0x01709693) x13 0x7d800000
core   0: 0x8000535c (0xf027a293) slti    t0, a5, -254
core   0: 3 0x8000535c (0xf027a293) x 5 0x00000000
core   0: 0x80005360 (0x403f53b3) sra     t2, t5, gp
core   0: 3 0x80005360 (0x403f53b3) x 7 0x00fffffb
core   0: 0x80005364 (0x016ef833) and     a6, t4, s6
core   0: 3 0x80005364 (0x016ef833) x16 0x00000000
core   0: 0x80005368 (0x01ae6cb3) or      s9, t3, s10
core   0: 3 0x80005368 (0x01ae6cb3) x25 0xffe67e3f
core   0: 0x8000536c (0x4052de33) sra     t3, t0, t0
core   0: 3 0x8000536c (0x4052de33) x28 0x00000000
core   0: 0x80005370 (0x01b6adb3) slt     s11, a3, s11
core   0: 3 0x80005370 (0x01b6adb3) x27 0x00000000
core   0: 0x80005374 (0xc1cc3d13) sltiu   s10, s8, -996
core   0: 3 0x80005374 (0xc1cc3d13) x26 0x00000001
core   0: 0x80005378 (0x44628413) addi    s0, t0, 1094
core   0: 3 0x80005378 (0x44628413) x 8 0x00000446
core   0: 0x8000537c (0x7d7c2a97) auipc   s5, 0x7d7c2
core   0: 3 0x8000537c (0x7d7c2a97) x21 0xfd7c737c
core   0: 0x80005380 (0xaa752a93) slti    s5, a0, -1369
core   0: 3 0x80005380 (0xaa752a93) x21 0x00000001
core   0: 0x80005384 (0x00585ab3) srl     s5, a6, t0
core   0: 3 0x80005384 (0x00585ab3) x21 0x00000000
core   0: 0x80005388 (0x004af6b3) and     a3, s5, tp
core   0: 3 0x80005388 (0x004af6b3) x13 0x00000000
core   0: 0x8000538c (0x009b5993) srli    s3, s6, 9
core   0: 3 0x8000538c (0x009b5993) x19 0x005f9269
core   0: 0x80005390 (0x01915bb3) srl     s7, sp, s9
core   0: 3 0x80005390 (0x01915bb3) x23 0x00000001
core   0: 0x80005394 (0x4016dd93) srai    s11, a3, 1
core   0: 3 0x80005394 (0x4016dd93) x27 0x00000000
core   0: 0x80005398 (0x002a1d33) sll     s10, s4, sp
core   0: 3 0x80005398 (0x002a1d33) x26 0xfffff7fc
core   0: 0x8000539c (0x00af8033) add     zero, t6, a0
core   0: 3 0x8000539c (0x00af8033)
core   0: 0x800053a0 (0x01787bb3) and     s7, a6, s7
core   0: 3 0x800053a0 (0x01787bb3) x23 0x00000000
core   0: 0x800053a4 (0x01ca03b3) add     t2, s4, t3
core   0: 3 0x800053a4 (0x01ca03b3) x 7 0xfffffbfe
core   0: 0x800053a8 (0x9e6cf893) andi    a7, s9, -1562
core   0: 3 0x800053a8 (0x9e6cf893) x17 0xffe67826
core   0: 0x800053ac (0x00000013) nop
core   0: 3 0x800053ac (0x00000013)
core   0: 0x800053b0 (0xe063ad13) slti    s10, t2, -506
core   0: 3 0x800053b0 (0xe063ad13) x26 0x00000001
core   0: 0x800053b4 (0x004bd113) srli    sp, s7, 4
core   0: 3 0x800053b4 (0x004bd113) x 2 0x00000000
core   0: 0x800053b8 (0x01099093) slli    ra, s3, 16
core   0: 3 0x800053b8 (0x01099093) x 1 0x92690000
core   0: 0x800053bc (0x0124adb3) slt     s11, s1, s2
core   0: 3 0x800053bc (0x0124adb3) x27 0x00000001
core   0: 0x800053c0 (0x41c6ddb3) sra     s11, a3, t3
core   0: 3 0x800053c0 (0x41c6ddb3) x27 0x00000000
core   0: 0x800053c4 (0x00000013) nop
core   0: 3 0x800053c4 (0x00000013)
core   0: 0x800053c8 (0x406b0033) sub     zero, s6, t1
core   0: 3 0x800053c8 (0x406b0033)
core   0: 0x800053cc (0xd6fce437) lui     s0, 0xd6fce
core   0: 3 0x800053cc (0xd6fce437) x 8 0xd6fce000
core   0: 0x800053d0 (0xe41aadb7) lui     s11, 0xe41aa
core   0: 3 0x800053d0 (0xe41aadb7) x27 0xe41aa000
core   0: 0x800053d4 (0x01944333) xor     t1, s0, s9
core   0: 3 0x800053d4 (0x01944333) x 6 0x291a9e3f
core   0: 0x800053d8 (0x60041117) auipc   sp, 0x60041
core   0: 3 0x800053d8 (0x60041117) x 2 0xe00463d8
core   0: 0x800053dc (0xaa68b617) auipc   a2, 0xaa68b
core   0: 3 0x800053dc (0xaa68b617) x12 0x2a6903dc
core   0: 0x800053e0 (0x6d3c5217) auipc   tp, 0x6d3c5
core   0: 3 0x800053e0 (0x6d3c5217) x 4 0xed3ca3e0
core   0: 0x800053e4 (0x3439e817) auipc   a6, 0x3439e
core   0: 3 0x800053e4 (0x3439e817) x16 0xb43a33e4
core   0: 0x800053e8 (0x11594313) xori    t1, s2, 277
core   0: 3 0x800053e8 (0x11594313) x 6 0x003d7eb0
core   0: 0x800053ec (0x00c34033) xor     zero, t1, a2
core   0: 3 0x800053ec (0x00c34033)
core   0: 0x800053f0 (0x446ee693) ori     a3, t4, 1094
core   0: 3 0x800053f0 (0x446ee693) x13 0x00000446
core   0: 0x800053f4 (0x01b980b3) add     ra, s3, s11
core   0: 3 0x800053f4 (0x01b980b3) x 1 0xe47a3269
core   0: 0x800053f8 (0xabc73617) auipc   a2, 0xabc73
core   0: 3 0x800053f8 (0xabc73617) x12 0x2bc783f8
core   0: 0x800053fc (0x00d44633) xor     a2, s0, a3
core   0: 3 0x800053fc (0x00d44633) x12 0xd6fce446
core   0: 0x80005400 (0x4956f193) andi    gp, a3, 1173
core   0: 3 0x80005400 (0x4956f193) x 3 0x00000404
core   0: 0x80005404 (0x33db0d13) addi    s10, s6, 829
core   0: 3 0x80005404 (0x33db0d13) x26 0xbf24d5f5
core   0: 0x80005408 (0x09940913) addi    s2, s0, 153
core   0: 3 0x80005408 (0x09940913) x18 0xd6fce099
core   0: 0x8000540c (0x01984d33) xor     s10, a6, s9
core   0: 3 0x8000540c (0x01984d33) x26 0x4bdc4ddb
core   0: 0x80005410 (0x00b203b3) add     t2, tp, a1
core   0: 3 0x80005410 (0x00b203b3) x 7 0x6d3db244
core   0: 0x80005414 (0x01d806b3) add     a3, a6, t4
core   0: 3 0x80005414 (0x01d806b3) x13 0xb43a33e4
core   0: 0x80005418 (0xefb4cc93) xori    s9, s1, -261
core   0: 3 0x80005418 (0xefb4cc93) x25 0xfffffec4
core   0: 0x8000541c (0xc6968093) addi    ra, a3, -919
core   0: 3 0x8000541c (0xc6968093) x 1 0xb43a304d
core   0: 0x80005420 (0xe1c67813) andi    a6, a2, -484
core   0: 3 0x80005420 (0xe1c67813) x16 0xd6fce404
core   0: 0x80005424 (0x41ea5d33) sra     s10, s4, t5
core   0: 3 0x80005424 (0x41ea5d33) x26 0xffffffff
core   0: 0x80005428 (0xc4385f37) lui     t5, 0xc4385
core   0: 3 0x80005428 (0xc4385f37) x30 0xc4385000
core   0: 0x8000542c (0x01439893) slli    a7, t2, 20
core   0: 3 0x8000542c (0x01439893) x17 0x24400000
core   0: 0x80005430 (0x00931d13) slli    s10, t1, 9
core   0: 3 0x80005430 (0x00931d13) x26 0x7afd6000
core   0: 0x80005434 (0x00b4efb3) or      t6, s1, a1
core   0: 3 0x80005434 (0x00b4efb3) x31 0x80010e7f
core   0: 0x80005438 (0x4c9f8d93) addi    s11, t6, 1225
core   0: 3 0x80005438 (0x4c9f8d93) x27 0x80011348
core   0: 0x8000543c (0x40ccd793) srai    a5, s9, 12
core   0: 3 0x8000543c (0x40ccd793) x15 0xffffffff
core   0: 0x80005440 (0xd5b6f613) andi    a2, a3, -677
core   0: 3 0x80005440 (0xd5b6f613) x12 0xb43a3140
core   0: 0x80005444 (0x2dcb3693) sltiu   a3, s6, 732
core   0: 3 0x80005444 (0x2dcb3693) x13 0x00000000
core   0: 0x80005448 (0x73f31717) auipc   a4, 0x73f31
core   0: 3 0x80005448 (0x73f31717) x14 0xf3f36448
core   0: 0x8000544c (0x8f8af893) andi    a7, s5, -1800
core   0: 3 0x8000544c (0x8f8af893) x17 0x00000000
core   0: 0x80005450 (0x41a35333) sra     t1, t1, s10
core   0: 3 0x80005450 (0x41a35333) x 6 0x003d7eb0
core   0: 0x80005454 (0x017e19b3) sll     s3, t3, s7
core   0: 3 0x80005454 (0x017e19b3) x19 0x00000000
core   0: 0x80005458 (0x00b6eeb3) or      t4, a3, a1
core   0: 3 0x80005458 (0x00b6eeb3) x29 0x80010e64
core   0: 0x8000545c (0x44565817) auipc   a6, 0x44565
core   0: 3 0x8000545c (0x44565817) x16 0xc456a45c
core   0: 0x80005460 (0x01af5933) srl     s2, t5, s10
core   0: 3 0x80005460 (0x01af5933) x18 0xc4385000
core   0: 0x80005464 (0x15a0f717) auipc   a4, 0x15a0f
core   0: 3 0x80005464 (0x15a0f717) x14 0x95a14464
core   0: 0x80005468 (0x01f29793) slli    a5, t0, 31
core   0: 3 0x80005468 (0x01f29793) x15 0x00000000
core   0: 0x8000546c (0x00000013) nop
core   0: 3 0x8000546c (0x00000013)
core   0: 0x80005470 (0x40058e33) sub     t3, a1, zero
core   0: 3 0x80005470 (0x40058e33) x28 0x80010e64
core   0: 0x80005474 (0xb8580893) addi    a7, a6, -1147
core   0: 3 0x80005474 (0xb8580893) x17 0xc4569fe1
core   0: 0x80005478 (0x015f2233) slt     tp, t5, s5
core   0: 3 0x80005478 (0x015f2233) x 4 0x00000001
core   0: 0x8000547c (0x40f80b33) sub     s6, a6, a5
core   0: 3 0x8000547c (0x40f80b33) x22 0xc456a45c
core   0: 0x80005480 (0x4159de13) srai    t3, s3, 21
core   0: 3 0x80005480 (0x4159de13) x28 0x00000000
core   0: 0x80005484 (0x39718e13) addi    t3, gp, 919
core   0: 3 0x80005484 (0x39718e13) x28 0x0000079b
core   0: 0x80005488 (0x4e422193) slti    gp, tp, 1252
core   0: 3 0x80005488 (0x4e422193) x 3 0x00000001
core   0: 0x8000548c (0x0083d813) srli    a6, t2, 8
core   0: 3 0x8000548c (0x0083d813) x16 0x006d3db2
core   0: 0x80005490 (0x0053d133) srl     sp, t2, t0
core   0: 3 0x80005490 (0x0053d133) x 2 0x6d3db244
core   0: 0x80005494 (0xa3d7c693) xori    a3, a5, -1475
core   0: 3 0x80005494 (0xa3d7c693) x13 0xfffffa3d
core   0: 0x80005498 (0x41235e33) sra     t3, t1, s2
core   0: 3 0x80005498 (0x41235e33) x28 0x003d7eb0
core   0: 0x8000549c (0x00e46433) or      s0, s0, a4
core   0: 3 0x8000549c (0x00e46433) x 8 0xd7fde464
core   0: 0x800054a0 (0x01810f33) add     t5, sp, s8
core   0: 3 0x800054a0 (0x01810f33) x30 0x6d003083
core   0: 0x800054a4 (0x00d5f333) and     t1, a1, a3
core   0: 3 0x800054a4 (0x00d5f333) x 6 0x80010a24
core   0: 0x800054a8 (0x40895993) srai    s3, s2, 8
core   0: 3 0x800054a8 (0x40895993) x19 0xffc43850
core   0: 0x800054ac (0xfa478f93) addi    t6, a5, -92
core   0: 3 0x800054ac (0xfa478f93) x31 0xffffffa4
core   0: 0x800054b0 (0x00da1133) sll     sp, s4, a3
core   0: 3 0x800054b0 (0x00da1133) x 2 0xc0000000
core   0: 0x800054b4 (0x00976133) or      sp, a4, s1
core   0: 3 0x800054b4 (0x00976133) x 2 0x95a1447f
core   0: 0x800054b8 (0xd0676217) auipc   tp, 0xd0676
core   0: 3 0x800054b8 (0xd0676217) x 4 0x5067b4b8
core   0: 0x800054bc (0xd0e2b293) sltiu   t0, t0, -754
core   0: 3 0x800054bc (0xd0e2b293) x 5 0x00000001
core   0: 0x800054c0 (0x00000013) nop
core   0: 3 0x800054c0 (0x00000013)
core   0: 0x800054c4 (0x0119da33) srl     s4, s3, a7
core   0: 3 0x800054c4 (0x0119da33) x20 0x7fe21c28
core   0: 0x800054c8 (0x019f5693) srli    a3, t5, 25
core   0: 3 0x800054c8 (0x019f5693) x13 0x00000036
core   0: 0x800054cc (0x41955f33) sra     t5, a0, s9
core   0: 3 0x800054cc (0x41955f33) x30 0xf80014ce
core   0: 0x800054d0 (0x0023ccb3) xor     s9, t2, sp
core   0: 3 0x800054d0 (0x0023ccb3) x25 0xf89cf63b
core   0: 0x800054d4 (0x95027d13) andi    s10, tp, -1712
core   0: 3 0x800054d4 (0x95027d13) x26 0x5067b010
core   0: 0x800054d8 (0x003e2b33) slt     s6, t3, gp
core   0: 3 0x800054d8 (0x003e2b33) x22 0x00000000
core   0: 0x800054dc (0x010dd493) srli    s1, s11, 16
core   0: 3 0x800054dc (0x010dd493) x 9 0x00008001
core   0: 0x800054e0 (0x016122b3) slt     t0, sp, s6
core   0: 3 0x800054e0 (0x016122b3) x 5 0x00000001
core   0: 0x800054e4 (0xe3656113) ori     sp, a0, -458
core   0: 3 0x800054e4 (0xe3656113) x 2 0xfffffef6
core   0: 0x800054e8 (0x0c533393) sltiu   t2, t1, 197
core   0: 3 0x800054e8 (0x0c533393) x 7 0x00000000
core   0: 0x800054ec (0xebaf7213) andi    tp, t5, -326
core   0: 3 0x800054ec (0xebaf7213) x 4 0xf800148a
core   0: 0x800054f0 (0x1dad6d13) ori     s10, s10, 474
core   0: 3 0x800054f0 (0x1dad6d13) x26 0x5067b1da
core   0: 0x800054f4 (0x01c673b3) and     t2, a2, t3
core   0: 3 0x800054f4 (0x01c673b3) x 7 0x00383000
core   0: 0x800054f8 (0x40da5d93) srai    s11, s4, 13
core   0: 3 0x800054f8 (0x40da5d93) x27 0x0003ff10
core   0: 0x800054fc (0x027a4e97) auipc   t4, 0x27a4
core   0: 3 0x800054fc (0x027a4e97) x29 0x827a94fc
core   0: 0x80005500 (0x41f357b3) sra     a5, t1, t6
core   0: 3 0x80005500 (0x41f357b3) x15 0xf80010a2
core   0: 0x80005504 (0x0137bfb3) sltu    t6, a5, s3
core   0: 3 0x80005504 (0x0137bfb3) x31 0x00000001
core   0: 0x80005508 (0xc67a4993) xori    s3, s4, -921
core   0: 3 0x80005508 (0xc67a4993) x19 0x801de04f
core   0: 0x8000550c (0x00099233) sll     tp, s3, zero
core   0: 3 0x8000550c (0x00099233) x 4 0x801de04f
core   0: 0x80005510 (0x00000013) nop
core   0: 3 0x80005510 (0x00000013)
core   0: 0x80005514 (0xe4788813) addi    a6, a7, -441
core   0: 3 0x80005514 (0xe4788813) x16 0xc4569e28
core   0: 0x80005518 (0x52e8b413) sltiu   s0, a7, 1326
core   0: 3 0x80005518 (0x52e8b413) x 8 0x00000000
core   0: 0x8000551c (0x00a5eeb3) or      t4, a1, a0
core   0: 3 0x8000551c (0x00a5eeb3) x29 0x80014ee4
core   0: 0x80005520 (0xc3efb993) sltiu   s3, t6, -962
core   0: 3 0x80005520 (0xc3efb993) x19 0x00000001
core   0: 0x80005524 (0x6ab6ab13) slti    s6, a3, 1707
core   0: 3 0x80005524 (0x6ab6ab13) x22 0x00000001
core   0: 0x80005528 (0x42956693) ori     a3, a0, 1065
core   0: 3 0x80005528 (0x42956693) x13 0x80014ced
core   0: 0x8000552c (0x8ffe6e13) ori     t3, t3, -1793
core   0: 3 0x8000552c (0x8ffe6e13) x28 0xfffffeff
core   0: 0x80005530 (0x002e63b3) or      t2, t3, sp
core   0: 3 0x80005530 (0x002e63b3) x 7 0xfffffeff
core   0: 0x80005534 (0xe64ebd93) sltiu   s11, t4, -412
core   0: 3 0x80005534 (0xe64ebd93) x27 0x00000001
core   0: 0x80005538 (0x406dd993) srai    s3, s11, 6
core   0: 3 0x80005538 (0x406dd993) x19 0x00000000
core   0: 0x8000553c (0x00059493) slli    s1, a1, 0
core   0: 3 0x8000553c (0x00059493) x 9 0x80010e64
core   0: 0x80005540 (0x545db613) sltiu   a2, s11, 1349
core   0: 3 0x80005540 (0x545db613) x12 0x00000001
core   0: 0x80005544 (0x14a08d97) auipc   s11, 0x14a08
core   0: 3 0x80005544 (0x14a08d97) x27 0x94a0d544
core   0: 0x80005548 (0x018b5393) srli    t2, s6, 24
core   0: 3 0x80005548 (0x018b5393) x 7 0x00000000
core   0: 0x8000554c (0xd2404d37) lui     s10, 0xd2404
core   0: 3 0x8000554c (0xd2404d37) x26 0xd2404000
core   0: 0x80005550 (0x013c5fb3) srl     t6, s8, s3
core   0: 3 0x80005550 (0x013c5fb3) x31 0xffc27e3f
core   0: 0x80005554 (0x40c4dbb3) sra     s7, s1, a2
core   0: 3 0x80005554 (0x40c4dbb3) x23 0xc0008732
core   0: 0x80005558 (0x01ae54b3) srl     s1, t3, s10
core   0: 3 0x80005558 (0x01ae54b3) x 9 0xfffffeff
core   0: 0x8000555c (0x01905db3) srl     s11, zero, s9
core   0: 3 0x8000555c (0x01905db3) x27 0x00000000
core   0: 0x80005560 (0x0da60493) addi    s1, a2, 218
core   0: 3 0x80005560 (0x0da60493) x 9 0x000000db
core   0: 0x80005564 (0x8bdb5837) lui     a6, 0x8bdb5
core   0: 3 0x80005564 (0x8bdb5837) x16 0x8bdb5000
core   0: 0x80005568 (0x0197b1b3) sltu    gp, a5, s9
core   0: 3 0x80005568 (0x0197b1b3) x 3 0x00000001
core   0: 0x8000556c (0x9487fa13) andi    s4, a5, -1720
core   0: 3 0x8000556c (0x9487fa13) x20 0xf8001000
core   0: 0x80005570 (0x047c1617) auipc   a2, 0x47c1
core   0: 3 0x80005570 (0x047c1617) x12 0x847c6570
core   0: 0x80005574 (0x013e2bb3) slt     s7, t3, s3
core   0: 3 0x80005574 (0x013e2bb3) x23 0x00000001
core   0: 0x80005578 (0x0037b833) sltu    a6, a5, gp
core   0: 3 0x80005578 (0x0037b833) x16 0x00000000
core   0: 0x8000557c (0x7b213013) sltiu   zero, sp, 1970
core   0: 3 0x8000557c (0x7b213013)
core   0: 0x80005580 (0x01128933) add     s2, t0, a7
core   0: 3 0x80005580 (0x01128933) x18 0xc4569fe2
core   0: 0x80005584 (0x00470133) add     sp, a4, tp
core   0: 3 0x80005584 (0x00470133) x 2 0x15bf24b3
core   0: 0x80005588 (0x5cc6ba17) auipc   s4, 0x5cc6b
core   0: 3 0x80005588 (0x5cc6ba17) x20 0xdcc70588
core   0: 0x8000558c (0x01972833) slt     a6, a4, s9
core   0: 3 0x8000558c (0x01972833) x16 0x00000001
core   0: 0x80005590 (0x40585893) srai    a7, a6, 5
core   0: 3 0x80005590 (0x40585893) x17 0x00000000
core   0: 0x80005594 (0x92687f13) andi    t5, a6, -1754
core   0: 3 0x80005594 (0x92687f13) x30 0x00000000
core   0: 0x80005598 (0x01c7af33) slt     t5, a5, t3
core   0: 3 0x80005598 (0x01c7af33) x30 0x00000001
core   0: 0x8000559c (0x00609613) slli    a2, ra, 6
core   0: 3 0x8000559c (0x00609613) x12 0x0e8c1340
core   0: 0x800055a0 (0x0676cb93) xori    s7, a3, 103
core   0: 3 0x800055a0 (0x0676cb93) x23 0x80014c8a
core   0: 0x800055a4 (0x40795313) srai    t1, s2, 7
core   0: 3 0x800055a4 (0x40795313) x 6 0xff88ad3f
core   0: 0x800055a8 (0x22e76637) lui     a2, 0x22e76
core   0: 3 0x800055a8 (0x22e76637) x12 0x22e76000
core   0: 0x800055ac (0xe66e0413) addi    s0, t3, -410
core   0: 3 0x800055ac (0xe66e0413) x 8 0xfffffd65
core   0: 0x800055b0 (0x7fdf0e93) addi    t4, t5, 2045
core   0: 3 0x800055b0 (0x7fdf0e93) x29 0x000007fe
core   0: 0x800055b4 (0x68068993) addi    s3, a3, 1664
core   0: 3 0x800055b4 (0x68068993) x19 0x8001536d
core   0: 0x800055b8 (0x014652b3) srl     t0, a2, s4
core   0: 3 0x800055b8 (0x014652b3) x 5 0x0022e760
core   0: 0x800055bc (0x48570db7) lui     s11, 0x48570
core   0: 3 0x800055bc (0x48570db7) x27 0x48570000
core   0: 0x800055c0 (0x01382233) slt     tp, a6, s3
core   0: 3 0x800055c0 (0x01382233) x 4 0x00000000
core   0: 0x800055c4 (0x7676ee13) ori     t3, a3, 1895
core   0: 3 0x800055c4 (0x7676ee13) x28 0x80014fef
core   0: 0x800055c8 (0x00ea5d93) srli    s11, s4, 14
core   0: 3 0x800055c8 (0x00ea5d93) x27 0x0003731c
core   0: 0x800055cc (0x41215393) srai    t2, sp, 18
core   0: 3 0x800055cc (0x41215393) x 7 0x0000056f
core   0: 0x800055d0 (0x010dba33) sltu    s4, s11, a6
core   0: 3 0x800055d0 (0x010dba33) x20 0x00000000
core   0: 0x800055d4 (0x00e44633) xor     a2, s0, a4
core   0: 3 0x800055d4 (0x00e44633) x12 0x6a5eb901
core   0: 0x800055d8 (0x0082ceb3) xor     t4, t0, s0
core   0: 3 0x800055d8 (0x0082ceb3) x29 0xffdd1a05
core   0: 0x800055dc (0x00eb7033) and     zero, s6, a4
core   0: 3 0x800055dc (0x00eb7033)
core   0: 0x800055e0 (0x01c0d7b3) srl     a5, ra, t3
core   0: 3 0x800055e0 (0x01c0d7b3) x15 0x00016874
core   0: 0x800055e4 (0xa1918b13) addi    s6, gp, -1511
core   0: 3 0x800055e4 (0xa1918b13) x22 0xfffffa1a
core   0: 0x800055e8 (0x00179b93) slli    s7, a5, 1
core   0: 3 0x800055e8 (0x00179b93) x23 0x0002d0e8
core   0: 0x800055ec (0x0106ecb3) or      s9, a3, a6
core   0: 3 0x800055ec (0x0106ecb3) x25 0x80014ced
core   0: 0x800055f0 (0x4022d113) srai    sp, t0, 2
core   0: 3 0x800055f0 (0x4022d113) x 2 0x0008b9d8
core   0: 0x800055f4 (0x00570ab3) add     s5, a4, t0
core   0: 3 0x800055f4 (0x00570ab3) x21 0x95c42bc4
core   0: 0x800055f8 (0xaaa5a613) slti    a2, a1, -1366
core   0: 3 0x800055f8 (0xaaa5a613) x12 0x00000001
core   0: 0x800055fc (0xa94aed13) ori     s10, s5, -1388
core   0: 3 0x800055fc (0xa94aed13) x26 0xfffffbd4
core   0: 0x80005600 (0x007783b3) add     t2, a5, t2
core   0: 3 0x80005600 (0x007783b3) x 7 0x00016de3
core   0: 0x80005604 (0x0032edb3) or      s11, t0, gp
core   0: 3 0x80005604 (0x0032edb3) x27 0x0022e761
core   0: 0x80005608 (0x00000013) nop
core   0: 3 0x80005608 (0x00000013)
core   0: 0x8000560c (0x483ff113) andi    sp, t6, 1155
core   0: 3 0x8000560c (0x483ff113) x 2 0x00000403
core   0: 0x80005610 (0x41a05b93) srai    s7, zero, 26
core   0: 3 0x80005610 (0x41a05b93) x23 0x00000000
core   0: 0x80005614 (0x00526eb3) or      t4, tp, t0
core   0: 3 0x80005614 (0x00526eb3) x29 0x0022e760
core   0: 0x80005618 (0xf3c77893) andi    a7, a4, -196
core   0: 3 0x80005618 (0xf3c77893) x17 0x95a14424
core   0: 0x8000561c (0x00000013) nop
core   0: 3 0x8000561c (0x00000013)
core   0: 0x80005620 (0x01dbfd33) and     s10, s7, t4
core   0: 3 0x80005620 (0x01dbfd33) x26 0x00000000
core   0: 0x80005624 (0x00000013) nop
core   0: 3 0x80005624 (0x00000013)
core   0: 0x80005628 (0x00d76833) or      a6, a4, a3
core   0: 3 0x80005628 (0x00d76833) x16 0x95a14ced
core   0: 0x8000562c (0x00ad5713) srli    a4, s10, 10
core   0: 3 0x8000562c (0x00ad5713) x14 0x00000000
core   0: 0x80005630 (0x01e1e7b3) or      a5, gp, t5
core   0: 3 0x80005630 (0x01e1e7b3) x15 0x00000001
core   0: 0x80005634 (0x01c7ebb3) or      s7, a5, t3
core   0: 3 0x80005634 (0x01c7ebb3) x23 0x80014fef
core   0: 0x80005638 (0x4d999437) lui     s0, 0x4d999
core   0: 3 0x80005638 (0x4d999437) x 8 0x4d999000
core   0: 0x8000563c (0x01900fb3) add     t6, zero, s9
core   0: 3 0x8000563c (0x01900fb3) x31 0x80014ced
core   0: 0x80005640 (0x40608733) sub     a4, ra, t1
core   0: 3 0x80005640 (0x40608733) x14 0xb4b1830e
core   0: 0x80005644 (0x01721713) slli    a4, tp, 23
core   0: 3 0x80005644 (0x01721713) x14 0x00000000
core   0: 0x80005648 (0x00e10333) add     t1, sp, a4
core   0: 3 0x80005648 (0x00e10333) x 6 0x00000403
core   0: 0x8000564c (0xc41c6817) auipc   a6, 0xc41c6
core   0: 3 0x8000564c (0xc41c6817) x16 0x441cb64c
core   0: 0x80005650 (0x016cfdb3) and     s11, s9, s6
core   0: 3 0x80005650 (0x016cfdb3) x27 0x80014808
core   0: 0x80005654 (0x00c16633) or      a2, sp, a2
core   0: 3 0x80005654 (0x00c16633) x12 0x00000403
core   0: 0x80005658 (0x00a55233) srl     tp, a0, a0
core   0: 3 0x80005658 (0x00a55233) x 4 0x080014ce
core   0: 0x8000565c (0xe9fe8a97) auipc   s5, 0xe9fe8
core   0: 3 0x8000565c (0xe9fe8a97) x21 0x69fed65c
core   0: 0x80005660 (0x016f1313) slli    t1, t5, 22
core   0: 3 0x80005660 (0x016f1313) x 6 0x00400000
core   0: 0x80005664 (0x00b09013) slli    zero, ra, 11
core   0: 3 0x80005664 (0x00b09013)
core   0: 0x80005668 (0x00747b33) and     s6, s0, t2
core   0: 3 0x80005668 (0x00747b33) x22 0x00010000
core   0: 0x8000566c (0xfff00793) li      a5, -1
core   0: 3 0x8000566c (0xfff00793) x15 0xffffffff
core   0: 0x80005670 (0x00000e13) li      t3, 0
core   0: 3 0x80005670 (0x00000e13) x28 0x00000000
core   0: 0x80005674 (0x537ac637) lui     a2, 0x537ac
core   0: 3 0x80005674 (0x537ac637) x12 0x537ac000
core   0: 0x80005678 (0x17660613) addi    a2, a2, 374
core   0: 3 0x80005678 (0x17660613) x12 0x537ac176
core   0: 0x8000567c (0xfff00293) li      t0, -1
core   0: 3 0x8000567c (0xfff00293) x 5 0xffffffff
core   0: 0x80005680 (0x80000b37) lui     s6, 0x80000
core   0: 3 0x80005680 (0x80000b37) x22 0x80000000
core   0: 0x80005684 (0xf7d65eb7) lui     t4, 0xf7d65
core   0: 3 0x80005684 (0xf7d65eb7) x29 0xf7d65000
core   0: 0x80005688 (0xdfee8e93) addi    t4, t4, -514
core   0: 3 0x80005688 (0xdfee8e93) x29 0xf7d64dfe
core   0: 0x8000568c (0x7831b0b7) lui     ra, 0x7831b
core   0: 3 0x8000568c (0x7831b0b7) x 1 0x7831b000
core   0: 0x80005690 (0xf6f08093) addi    ra, ra, -145
core   0: 3 0x80005690 (0xf6f08093) x 1 0x7831af6f
core   0: 0x80005694 (0xfff00193) li      gp, -1
core   0: 3 0x80005694 (0xfff00193) x 3 0xffffffff
core   0: 0x80005698 (0xd96c6237) lui     tp, 0xd96c6
core   0: 3 0x80005698 (0xd96c6237) x 4 0xd96c6000
core   0: 0x8000569c (0xb5a20213) addi    tp, tp, -1190
core   0: 3 0x8000569c (0xb5a20213) x 4 0xd96c5b5a
core   0: 0x800056a0 (0x00000693) li      a3, 0
core   0: 3 0x800056a0 (0x00000693) x13 0x00000000
core   0: 0x800056a4 (0x99350637) lui     a2, 0x99350
core   0: 3 0x800056a4 (0x99350637) x12 0x99350000
core   0: 0x800056a8 (0xb425c637) lui     a2, 0xb425c
core   0: 3 0x800056a8 (0xb425c637) x12 0xb425c000
core   0: 0x800056ac (0x177182b7) lui     t0, 0x17718
core   0: 3 0x800056ac (0x177182b7) x 5 0x17718000
core   0: 0x800056b0 (0x42bc4e17) auipc   t3, 0x42bc4
core   0: 3 0x800056b0 (0x42bc4e17) x28 0xc2bc96b0
core   0: 0x800056b4 (0x2ab92637) lui     a2, 0x2ab92
core   0: 3 0x800056b4 (0x2ab92637) x12 0x2ab92000
core   0: 0x800056b8 (0x8f8b02b7) lui     t0, 0x8f8b0
core   0: 3 0x800056b8 (0x8f8b02b7) x 5 0x8f8b0000
core   0: 0x800056bc (0x58527b17) auipc   s6, 0x58527
core   0: 3 0x800056bc (0x58527b17) x22 0xd852c6bc
core   0: 0x800056c0 (0x116b81b7) lui     gp, 0x116b8
core   0: 3 0x800056c0 (0x116b81b7) x 3 0x116b8000
core   0: 0x800056c4 (0x40db06b3) sub     a3, s6, a3
core   0: 3 0x800056c4 (0x40db06b3) x13 0xd852c6bc
core   0: 0x800056c8 (0x4aced237) lui     tp, 0x4aced
core   0: 3 0x800056c8 (0x4aced237) x 4 0x4aced000
core   0: 0x800056cc (0x00000013) nop
core   0: 3 0x800056cc (0x00000013)
core   0: 0x800056d0 (0x20bf4e97) auipc   t4, 0x20bf4
core   0: 3 0x800056d0 (0x20bf4e97) x29 0xa0bf96d0
core   0: 0x800056d4 (0x01c20b33) add     s6, tp, t3
core   0: 3 0x800056d4 (0x01c20b33) x22 0x0d8b66b0
core   0: 0x800056d8 (0x00508b33) add     s6, ra, t0
core   0: 3 0x800056d8 (0x00508b33) x22 0x07bcaf6f
core   0: 0x800056dc (0x58ae8793) addi    a5, t4, 1418
core   0: 3 0x800056dc (0x58ae8793) x15 0xa0bf9c5a
core   0: 0x800056e0 (0x40f60633) sub     a2, a2, a5
core   0: 3 0x800056e0 (0x40f60633) x12 0x89f983a6
core   0: 0x800056e4 (0x5ab0e217) auipc   tp, 0x5ab0e
core   0: 3 0x800056e4 (0x5ab0e217) x 4 0xdab136e4
core   0: 0x800056e8 (0x02808e13) addi    t3, ra, 40
core   0: 3 0x800056e8 (0x02808e13) x28 0x7831af97
core   0: 0x800056ec (0x7f720093) addi    ra, tp, 2039
core   0: 3 0x800056ec (0x7f720093) x 1 0xdab13edb
core   0: 0x800056f0 (0x48418217) auipc   tp, 0x48418
core   0: 3 0x800056f0 (0x48418217) x 4 0xc841d6f0
core   0: 0x800056f4 (0x41fabb37) lui     s6, 0x41fab
core   0: 3 0x800056f4 (0x41fabb37) x22 0x41fab000
core   0: 0x800056f8 (0x285b0e93) addi    t4, s6, 645
core   0: 3 0x800056f8 (0x285b0e93) x29 0x41fab285
core   0: 0x800056fc (0x00000013) nop
core   0: 3 0x800056fc (0x00000013)
core   0: 0x80005700 (0x00e7a733) slt     a4, a5, a4
core   0: 3 0x80005700 (0x00e7a733) x14 0x00000001
core   0: 0x80005704 (0x00738f33) add     t5, t2, t2
core   0: 3 0x80005704 (0x00738f33) x30 0x0002dbc6
core   0: 0x80005708 (0x0065d993) srli    s3, a1, 6
core   0: 3 0x80005708 (0x0065d993) x19 0x02000439
core   0: 0x8000570c (0x4050ddb3) sra     s11, ra, t0
core   0: 3 0x8000570c (0x4050ddb3) x27 0xdab13edb
core   0: 0x80005710 (0x8dc1af93) slti    t6, gp, -1828
core   0: 3 0x80005710 (0x8dc1af93) x31 0x00000000
core   0: 0x80005714 (0xc6a8dc97) auipc   s9, 0xc6a8d
core   0: 3 0x80005714 (0xc6a8dc97) x25 0x46a92714
core   0: 0x80005718 (0xed039197) auipc   gp, 0xed039
core   0: 3 0x80005718 (0xed039197) x 3 0x6d03e718
core   0: 0x8000571c (0x21a1b113) sltiu   sp, gp, 538
core   0: 3 0x8000571c (0x21a1b113) x 2 0x00000000
core   0: 0x80005720 (0x016afa33) and     s4, s5, s6
core   0: 3 0x80005720 (0x016afa33) x20 0x41fa9000
core   0: 0x80005724 (0x00d40733) add     a4, s0, a3
core   0: 3 0x80005724 (0x00d40733) x14 0x25ec56bc
core   0: 0x80005728 (0x00969693) slli    a3, a3, 9
core   0: 3 0x80005728 (0x00969693) x13 0xa58d7800
core   0: 0x8000572c (0x00a822b3) slt     t0, a6, a0
core   0: 3 0x8000572c (0x00a822b3) x 5 0x00000000
core   0: 0x80005730 (0x00bc6d33) or      s10, s8, a1
core   0: 3 0x80005730 (0x00bc6d33) x26 0xffc37e7f
core   0: 0x80005734 (0x8cffb413) sltiu   s0, t6, -1841
core   0: 3 0x80005734 (0x8cffb413) x 8 0x00000001
core   0: 0x80005738 (0x0113afb3) slt     t6, t2, a7
core   0: 3 0x80005738 (0x0113afb3) x31 0x00000000
core   0: 0x8000573c (0x5c120993) addi    s3, tp, 1473
core   0: 3 0x8000573c (0x5c120993) x19 0xc841dcb1
core   0: 0x80005740 (0xedcc6393) ori     t2, s8, -292
core   0: 3 0x80005740 (0xedcc6393) x 7 0xfffffeff
core   0: 0x80005744 (0x0084c033) xor     zero, s1, s0
core   0: 3 0x80005744 (0x0084c033)
core   0: 0x80005748 (0x00d84733) xor     a4, a6, a3
core   0: 3 0x80005748 (0x00d84733) x14 0xe191ce4c
core   0: 0x8000574c (0x32ad8d13) addi    s10, s11, 810
core   0: 3 0x8000574c (0x32ad8d13) x26 0xdab14205
core   0: 0x80005750 (0x01b65a93) srli    s5, a2, 27
core   0: 3 0x80005750 (0x01b65a93) x21 0x00000011
core   0: 0x80005754 (0x40eb0933) sub     s2, s6, a4
core   0: 3 0x80005754 (0x40eb0933) x18 0x6068e1b4
core   0: 0x80005758 (0x01443633) sltu    a2, s0, s4
core   0: 3 0x80005758 (0x01443633) x12 0x00000001
core   0: 0x8000575c (0x01713933) sltu    s2, sp, s7
core   0: 3 0x8000575c (0x01713933) x18 0x00000001
core   0: 0x80005760 (0x01156133) or      sp, a0, a7
core   0: 3 0x80005760 (0x01156133) x 2 0x95a14ce4
core   0: 0x80005764 (0x4075d213) srai    tp, a1, 7
core   0: 3 0x80005764 (0x4075d213) x 4 0xff00021c
core   0: 0x80005768 (0x004fc7b3) xor     a5, t6, tp
core   0: 3 0x80005768 (0x004fc7b3) x15 0xff00021c
core   0: 0x8000576c (0xe3121437) lui     s0, 0xe3121
core   0: 3 0x8000576c (0xe3121437) x 8 0xe3121000
core   0: 0x80005770 (0x00236433) or      s0, t1, sp
core   0: 3 0x80005770 (0x00236433) x 8 0x95e14ce4
core   0: 0x80005774 (0x41d25f33) sra     t5, tp, t4
core   0: 3 0x80005774 (0x41d25f33) x30 0xfff80010
core   0: 0x80005778 (0x7d7d0713) addi    a4, s10, 2007
core   0: 3 0x80005778 (0x7d7d0713) x14 0xdab149dc
core   0: 0x8000577c (0x019e1f13) slli    t5, t3, 25
core   0: 3 0x8000577c (0x019e1f13) x30 0x2e000000
core   0: 0x80005780 (0x014978b3) and     a7, s2, s4
core   0: 3 0x80005780 (0x014978b3) x17 0x00000000
core   0: 0x80005784 (0xe32d2b13) slti    s6, s10, -462
core   0: 3 0x80005784 (0xe32d2b13) x22 0x00000001
core   0: 0x80005788 (0x40545793) srai    a5, s0, 5
core   0: 3 0x80005788 (0x40545793) x15 0xfcaf0a67
core   0: 0x8000578c (0x408c5093) srai    ra, s8, 8
core   0: 3 0x8000578c (0x408c5093) x 1 0xffffc27e
core   0: 0x80005790 (0x00183233) sltu    tp, a6, ra
core   0: 3 0x80005790 (0x00183233) x 4 0x00000001
core   0: 0x80005794 (0xb262ee93) ori     t4, t0, -1242
core   0: 3 0x80005794 (0xb262ee93) x29 0xfffffb26
core   0: 0x80005798 (0x407a5813) srai    a6, s4, 7
core   0: 3 0x80005798 (0x407a5813) x16 0x0083f520
core   0: 0x8000579c (0x005eeab3) or      s5, t4, t0
core   0: 3 0x8000579c (0x005eeab3) x21 0xfffffb26
core   0: 0x800057a0 (0x0053a2b3) slt     t0, t2, t0
core   0: 3 0x800057a0 (0x0053a2b3) x 5 0x00000001
core   0: 0x800057a4 (0x9e97cc93) xori    s9, a5, -1559
core   0: 3 0x800057a4 (0x9e97cc93) x25 0x0350f38e
core   0: 0x800057a8 (0x41e28f33) sub     t5, t0, t5
core   0: 3 0x800057a8 (0x41e28f33) x30 0xd2000001
core   0: 0x800057ac (0x412b81b3) sub     gp, s7, s2
core   0: 3 0x800057ac (0x412b81b3) x 3 0x80014fee
core   0: 0x800057b0 (0xa3d26093) ori     ra, tp, -1475
core   0: 3 0x800057b0 (0xa3d26093) x 1 0xfffffa3d
core   0: 0x800057b4 (0x017332b3) sltu    t0, t1, s7
core   0: 3 0x800057b4 (0x017332b3) x 5 0x00000001
core   0: 0x800057b8 (0x4114d033) sra     zero, s1, a7
core   0: 3 0x800057b8 (0x4114d033)
core   0: 0x800057bc (0x01bbc433) xor     s0, s7, s11
core   0: 3 0x800057bc (0x01bbc433) x 8 0x5ab07134
core   0: 0x800057c0 (0x017e7333) and     t1, t3, s7
core   0: 3 0x800057c0 (0x017e7333) x 6 0x00010f87
core   0: 0x800057c4 (0x004a1d33) sll     s10, s4, tp
core   0: 3 0x800057c4 (0x004a1d33) x26 0x83f52000
core   0: 0x800057c8 (0x98ff8113) addi    sp, t6, -1649
core   0: 3 0x800057c8 (0x98ff8113) x 2 0xfffff98f
core   0: 0x800057cc (0x3883c793) xori    a5, t2, 904
core   0: 3 0x800057cc (0x3883c793) x15 0xfffffd77
core   0: 0x800057d0 (0x01dc42b3) xor     t0, s8, t4
core   0: 3 0x800057d0 (0x01dc42b3) x 5 0x003d8519
core   0: 0x800057d4 (0xae61aa97) auipc   s5, 0xae61a
core   0: 3 0x800057d4 (0xae61aa97) x21 0x2e61f7d4
core   0: 0x800057d8 (0x41778933) sub     s2, a5, s7
core   0: 3 0x800057d8 (0x41778933) x18 0x7ffead88
core   0: 0x800057dc (0x003fb8b3) sltu    a7, t6, gp
core   0: 3 0x800057dc (0x003fb8b3) x17 0x00000001
core   0: 0x800057e0 (0x41ffd233) sra     tp, t6, t6
core   0: 3 0x800057e0 (0x41ffd233) x 4 0x00000000
core   0: 0x800057e4 (0x5ecc3393) sltiu   t2, s8, 1516
core   0: 3 0x800057e4 (0x5ecc3393) x 7 0x00000000
core   0: 0x800057e8 (0x1e8fa413) slti    s0, t6, 488
core   0: 3 0x800057e8 (0x1e8fa413) x 8 0x00000001
core   0: 0x800057ec (0xb3cfc837) lui     a6, 0xb3cfc
core   0: 3 0x800057ec (0xb3cfc837) x16 0xb3cfc000
core   0: 0x800057f0 (0x15d357b7) lui     a5, 0x15d35
core   0: 3 0x800057f0 (0x15d357b7) x15 0x15d35000
core   0: 0x800057f4 (0x40cc5b33) sra     s6, s8, a2
core   0: 3 0x800057f4 (0x40cc5b33) x22 0xffe13f1f
core   0: 0x800057f8 (0xe703ea13) ori     s4, t2, -400
core   0: 3 0x800057f8 (0xe703ea13) x20 0xfffffe70
core   0: 0x800057fc (0x00ff84b3) add     s1, t6, a5
core   0: 3 0x800057fc (0x00ff84b3) x 9 0x15d35000
core   0: 0x80005800 (0x0b69c013) xori    zero, s3, 182
core   0: 3 0x80005800 (0x0b69c013)
core   0: 0x80005804 (0x00385cb3) srl     s9, a6, gp
core   0: 3 0x80005804 (0x00385cb3) x25 0x0002cf3f
core   0: 0x80005808 (0x01941113) slli    sp, s0, 25
core   0: 3 0x80005808 (0x01941113) x 2 0x02000000
core   0: 0x8000580c (0x8a8c0e13) addi    t3, s8, -1880
core   0: 3 0x8000580c (0x8a8c0e13) x28 0xffc276e7
core   0: 0x80005810 (0x01a65cb3) srl     s9, a2, s10
core   0: 3 0x80005810 (0x01a65cb3) x25 0x00000001
core   0: 0x80005814 (0x412e5013) srai    zero, t3, 18
core   0: 3 0x80005814 (0x412e5013)
core   0: 0x80005818 (0x005fc633) xor     a2, t6, t0
core   0: 3 0x80005818 (0x005fc633) x12 0x003d8519
core   0: 0x8000581c (0xf82eb393) sltiu   t2, t4, -126
core   0: 3 0x8000581c (0xf82eb393) x 7 0x00000001
core   0: 0x80005820 (0x0121e7b3) or      a5, gp, s2
core   0: 3 0x80005820 (0x0121e7b3) x15 0xffffefee
core   0: 0x80005824 (0x00000013) nop
core   0: 3 0x80005824 (0x00000013)
core   0: 0x80005828 (0x01c13cb3) sltu    s9, sp, t3
core   0: 3 0x80005828 (0x01c13cb3) x25 0x00000001
core   0: 0x8000582c (0x01dfe433) or      s0, t6, t4
core   0: 3 0x8000582c (0x01dfe433) x 8 0xfffffb26
core   0: 0x80005830 (0x0b68f817) auipc   a6, 0xb68f
core   0: 3 0x80005830 (0x0b68f817) x16 0x8b694830
core   0: 0x80005834 (0x018432b3) sltu    t0, s0, s8
core   0: 3 0x80005834 (0x018432b3) x 5 0x00000000
core   0: 0x80005838 (0x413f0733) sub     a4, t5, s3
core   0: 3 0x80005838 (0x413f0733) x14 0x09be2350
core   0: 0x8000583c (0x006e5233) srl     tp, t3, t1
core   0: 3 0x8000583c (0x006e5233) x 4 0x01ff84ed
core   0: 0x80005840 (0xf86eb813) sltiu   a6, t4, -122
core   0: 3 0x80005840 (0xf86eb813) x16 0x00000001
core   0: 0x80005844 (0x003f18b3) sll     a7, t5, gp
core   0: 3 0x80005844 (0x003f18b3) x17 0x00004000
core   0: 0x80005848 (0x004990b3) sll     ra, s3, tp
core   0: 3 0x80005848 (0x004990b3) x 1 0x3b962000
core   0: 0x8000584c (0xb4474417) auipc   s0, 0xb4474
core   0: 3 0x8000584c (0xb4474417) x 8 0x3447984c
core   0: 0x80005850 (0xe248a213) slti    tp, a7, -476
core   0: 3 0x80005850 (0xe248a213) x 4 0x00000000
core   0: 0x80005854 (0xc0a22813) slti    a6, tp, -1014
core   0: 3 0x80005854 (0xc0a22813) x16 0x00000000
core   0: 0x80005858 (0x01ffd893) srli    a7, t6, 31
core   0: 3 0x80005858 (0x01ffd893) x17 0x00000000
core   0: 0x8000585c (0x006e9db3) sll     s11, t4, t1
core   0: 3 0x8000585c (0x006e9db3) x27 0xfffd9300
core   0: 0x80005860 (0x216fbd13) sltiu   s10, t6, 534
core   0: 3 0x80005860 (0x216fbd13) x26 0x00000001
core   0: 0x80005864 (0x019af8b3) and     a7, s5, s9
core   0: 3 0x80005864 (0x019af8b3) x17 0x00000000
core   0: 0x80005868 (0x01099f33) sll     t5, s3, a6
core   0: 3 0x80005868 (0x01099f33) x30 0xc841dcb1
core   0: 0x8000586c (0x01a25133) srl     sp, tp, s10
core   0: 3 0x8000586c (0x01a25133) x 2 0x00000000
core   0: 0x80005870 (0x019978b3) and     a7, s2, s9
core   0: 3 0x80005870 (0x019978b3) x17 0x00000000
core   0: 0x80005874 (0x41ded013) srai    zero, t4, 29
core   0: 3 0x80005874 (0x41ded013)
core   0: 0x80005878 (0x00095c93) srli    s9, s2, 0
core   0: 3 0x80005878 (0x00095c93) x25 0x7ffead88
core   0: 0x8000587c (0x0100cd33) xor     s10, ra, a6
core   0: 3 0x8000587c (0x0100cd33) x26 0x3b962000
core   0: 0x80005880 (0x41c75ab3) sra     s5, a4, t3
core   0: 3 0x80005880 (0x41c75ab3) x21 0x00137c46
core   0: 0x80005884 (0x416fd933) sra     s2, t6, s6
core   0: 3 0x80005884 (0x416fd933) x18 0x00000000
core   0: 0x80005888 (0x00000013) nop
core   0: 3 0x80005888 (0x00000013)
core   0: 0x8000588c (0x1e835417) auipc   s0, 0x1e835
core   0: 3 0x8000588c (0x1e835417) x 8 0x9e83a88c
core   0: 0x80005890 (0x0191ef33) or      t5, gp, s9
core   0: 3 0x80005890 (0x0191ef33) x30 0xffffefee
core   0: 0x80005894 (0x01229793) slli    a5, t0, 18
core   0: 3 0x80005894 (0x01229793) x15 0x00000000
core   0: 0x80005898 (0x409a5213) srai    tp, s4, 9
core   0: 3 0x80005898 (0x409a5213) x 4 0xffffffff
core   0: 0x8000589c (0xad024213) xori    tp, tp, -1328
core   0: 3 0x8000589c (0xad024213) x 4 0x0000052f
core   0: 0x800058a0 (0x40b5de33) sra     t3, a1, a1
core   0: 3 0x800058a0 (0x40b5de33) x28 0xf80010e6
core   0: 0x800058a4 (0x01535e13) srli    t3, t1, 21
core   0: 3 0x800058a4 (0x01535e13) x28 0x00000000
core   0: 0x800058a8 (0x415cde33) sra     t3, s9, s5
core   0: 3 0x800058a8 (0x415cde33) x28 0x01fffab6
core   0: 0x800058ac (0x05fe2d13) slti    s10, t3, 95
core   0: 3 0x800058ac (0x05fe2d13) x26 0x00000000
core   0: 0x800058b0 (0x8b6ff693) andi    a3, t6, -1866
core   0: 3 0x800058b0 (0x8b6ff693) x13 0x00000000
core   0: 0x800058b4 (0x00717133) and     sp, sp, t2
core   0: 3 0x800058b4 (0x00717133) x 2 0x00000000
core   0: 0x800058b8 (0x2a4d7093) andi    ra, s10, 676
core   0: 3 0x800058b8 (0x2a4d7093) x 1 0x00000000
core   0: 0x800058bc (0x41f75e33) sra     t3, a4, t6
core   0: 3 0x800058bc (0x41f75e33) x28 0x09be2350
core   0: 0x800058c0 (0x00a91d93) slli    s11, s2, 10
core   0: 3 0x800058c0 (0x00a91d93) x27 0x00000000
core   0: 0x800058c4 (0x2057be13) sltiu   t3, a5, 517
core   0: 3 0x800058c4 (0x2057be13) x28 0x00000001
core   0: 0x800058c8 (0x011840b3) xor     ra, a6, a7
core   0: 3 0x800058c8 (0x011840b3) x 1 0x00000000
core   0: 0x800058cc (0x408a5833) sra     a6, s4, s0
core   0: 3 0x800058cc (0x408a5833) x16 0xffffffff
core   0: 0x800058d0 (0x6ee3a093) slti    ra, t2, 1774
core   0: 3 0x800058d0 (0x6ee3a093) x 1 0x00000001
core   0: 0x800058d4 (0x411bd493) srai    s1, s7, 17
core   0: 3 0x800058d4 (0x411bd493) x 9 0xffffc000
core   0: 0x800058d8 (0x00d72133) slt     sp, a4, a3
core   0: 3 0x800058d8 (0x00d72133) x 2 0x00000000
core   0: 0x800058dc (0x017ef2b3) and     t0, t4, s7
core   0: 3 0x800058dc (0x017ef2b3) x 5 0x80014b26
core   0: 0x800058e0 (0x009e3e33) sltu    t3, t3, s1
core   0: 3 0x800058e0 (0x009e3e33) x28 0x00000001
core   0: 0x800058e4 (0x41c9d413) srai    s0, s3, 28
core   0: 3 0x800058e4 (0x41c9d413) x 8 0xfffffffc
core   0: 0x800058e8 (0x417c8033) sub     zero, s9, s7
core   0: 3 0x800058e8 (0x417c8033)
core   0: 0x800058ec (0x0085fdb3) and     s11, a1, s0
core   0: 3 0x800058ec (0x0085fdb3) x27 0x80010e64
core   0: 0x800058f0 (0x014803b3) add     t2, a6, s4
core   0: 3 0x800058f0 (0x014803b3) x 7 0xfffffe6f
core   0: 0x800058f4 (0xbf873e13) sltiu   t3, a4, -1032
core   0: 3 0x800058f4 (0xbf873e13) x28 0x00000001
core   0: 0x800058f8 (0x01c2a1b3) slt     gp, t0, t3
core   0: 3 0x800058f8 (0x01c2a1b3) x 3 0x00000001
core   0: 0x800058fc (0x00000013) nop
core   0: 3 0x800058fc (0x00000013)
core   0: 0x80005900 (0x005108b3) add     a7, sp, t0
core   0: 3 0x80005900 (0x005108b3) x17 0x80014b26
core   0: 0x80005904 (0x01b61c93) slli    s9, a2, 27
core   0: 3 0x80005904 (0x01b61c93) x25 0xc8000000
core   0: 0x80005908 (0x018e7d33) and     s10, t3, s8
core   0: 3 0x80005908 (0x018e7d33) x26 0x00000001
core   0: 0x8000590c (0x27d94213) xori    tp, s2, 637
core   0: 3 0x8000590c (0x27d94213) x 4 0x0000027d
core   0: 0x80005910 (0x008fe2b3) or      t0, t6, s0
core   0: 3 0x80005910 (0x008fe2b3) x 5 0xfffffffc
core   0: 0x80005914 (0x3dc5a493) slti    s1, a1, 988
core   0: 3 0x80005914 (0x3dc5a493) x 9 0x00000001
core   0: 0x80005918 (0x005137b3) sltu    a5, sp, t0
core   0: 3 0x80005918 (0x005137b3) x15 0x00000001
core   0: 0x8000591c (0x40578d33) sub     s10, a5, t0
core   0: 3 0x8000591c (0x40578d33) x26 0x00000005
core   0: 0x80005920 (0x00000013) nop
core   0: 3 0x80005920 (0x00000013)
core   0: 0x80005924 (0x01bb81b3) add     gp, s7, s11
core   0: 3 0x80005924 (0x01bb81b3) x 3 0x00025e53
core   0: 0x80005928 (0x00fc67b3) or      a5, s8, a5
core   0: 3 0x80005928 (0x00fc67b3) x15 0xffc27e3f
core   0: 0x8000592c (0xa701fa93) andi    s5, gp, -1424
core   0: 3 0x8000592c (0xa701fa93) x21 0x00025a50
core   0: 0x80005930 (0x0134cab3) xor     s5, s1, s3
core   0: 3 0x80005930 (0x0134cab3) x21 0xc841dcb0
core   0: 0x80005934 (0x40b75993) srai    s3, a4, 11
core   0: 3 0x80005934 (0x40b75993) x19 0x000137c4
core   0: 0x80005938 (0x00667633) and     a2, a2, t1
core   0: 3 0x80005938 (0x00667633) x12 0x00010501
core   0: 0x8000593c (0xed0f2a17) auipc   s4, 0xed0f2
core   0: 3 0x8000593c (0xed0f2a17) x20 0x6d0f793c
core   0: 0x80005940 (0xbd282113) slti    sp, a6, -1070
core   0: 3 0x80005940 (0xbd282113) x 2 0x00000000
core   0: 0x80005944 (0x469d4693) xori    a3, s10, 1129
core   0: 3 0x80005944 (0x469d4693) x13 0x0000046c
core   0: 0x80005948 (0x0177b8b3) sltu    a7, a5, s7
core   0: 3 0x80005948 (0x0177b8b3) x17 0x00000000
core   0: 0x8000594c (0x407dd733) sra     a4, s11, t2
core   0: 3 0x8000594c (0x407dd733) x14 0xffff0002
core   0: 0x80005950 (0x00a0bdb3) sltu    s11, ra, a0
core   0: 3 0x80005950 (0x00a0bdb3) x27 0x00000001
core   0: 0x80005954 (0x048b4413) xori    s0, s6, 72
core   0: 3 0x80005954 (0x048b4413) x 8 0xffe13f57
core   0: 0x80005958 (0x09e86c93) ori     s9, a6, 158
core   0: 3 0x80005958 (0x09e86c93) x25 0xffffffff
core   0: 0x8000595c (0x4d19fd93) andi    s11, s3, 1233
core   0: 3 0x8000595c (0x4d19fd93) x27 0x000004c0
core   0: 0x80005960 (0x00cca733) slt     a4, s9, a2
core   0: 3 0x80005960 (0x00cca733) x14 0x00000001
core   0: 0x80005964 (0x1d456613) ori     a2, a0, 468
core   0: 3 0x80005964 (0x1d456613) x12 0x80014df4
core   0: 0x80005968 (0x5d1e0d93) addi    s11, t3, 1489
core   0: 3 0x80005968 (0x5d1e0d93) x27 0x000005d2
core   0: 0x8000596c (0x04e2ca13) xori    s4, t0, 78
core   0: 3 0x8000596c (0x04e2ca13) x20 0xffffffb2
core   0: 0x80005970 (0x00387ab3) and     s5, a6, gp
core   0: 3 0x80005970 (0x00387ab3) x21 0x00025e53
core   0: 0x80005974 (0x414884b3) sub     s1, a7, s4
core   0: 3 0x80005974 (0x414884b3) x 9 0x0000004e
core   0: 0x80005978 (0x0ef3f213) andi    tp, t2, 239
core   0: 3 0x80005978 (0x0ef3f213) x 4 0x0000006f
core   0: 0x8000597c (0x4e41c093) xori    ra, gp, 1252
core   0: 3 0x8000597c (0x4e41c093) x 1 0x00025ab7
core   0: 0x80005980 (0x00420fb3) add     t6, tp, tp
core   0: 3 0x80005980 (0x00420fb3) x31 0x000000de
core   0: 0x80005984 (0xd196ce13) xori    t3, a3, -743
core   0: 3 0x80005984 (0xd196ce13) x28 0xfffff975
core   0: 0x80005988 (0x41545293) srai    t0, s0, 21
core   0: 3 0x80005988 (0x41545293) x 5 0xffffffff
core   0: 0x8000598c (0x01ee61b3) or      gp, t3, t5
core   0: 3 0x8000598c (0x01ee61b3) x 3 0xffffffff
core   0: 0x80005990 (0x40cbdb13) srai    s6, s7, 12
core   0: 3 0x80005990 (0x40cbdb13) x22 0xfff80014
core   0: 0x80005994 (0x00000013) nop
core   0: 3 0x80005994 (0x00000013)
core   0: 0x80005998 (0x00000013) nop
core   0: 3 0x80005998 (0x00000013)
core   0: 0x8000599c (0x014b22b3) slt     t0, s6, s4
core   0: 3 0x8000599c (0x014b22b3) x 5 0x00000001
core   0: 0x800059a0 (0x0031fb33) and     s6, gp, gp
core   0: 3 0x800059a0 (0x0031fb33) x22 0xffffffff
core   0: 0x800059a4 (0x00000013) nop
core   0: 3 0x800059a4 (0x00000013)
core   0: 0x800059a8 (0x30687413) andi    s0, a6, 774
core   0: 3 0x800059a8 (0x30687413) x 8 0x00000306
core   0: 0x800059ac (0x01767733) and     a4, a2, s7
core   0: 3 0x800059ac (0x01767733) x14 0x80014de4
core   0: 0x800059b0 (0x006b5493) srli    s1, s6, 6
core   0: 3 0x800059b0 (0x006b5493) x 9 0x03ffffff
core   0: 0x800059b4 (0x40e80eb3) sub     t4, a6, a4
core   0: 3 0x800059b4 (0x40e80eb3) x29 0x7ffeb21b
core   0: 0x800059b8 (0x4022d193) srai    gp, t0, 2
core   0: 3 0x800059b8 (0x4022d193) x 3 0x00000000
core   0: 0x800059bc (0xe91bb693) sltiu   a3, s7, -367
core   0: 3 0x800059bc (0xe91bb693) x13 0x00000001
core   0: 0x800059c0 (0x0136ceb3) xor     t4, a3, s3
core   0: 3 0x800059c0 (0x0136ceb3) x29 0x000137c5
core   0: 0x800059c4 (0x3a4dc993) xori    s3, s11, 932
core   0: 3 0x800059c4 (0x3a4dc993) x19 0x00000676
core   0: 0x800059c8 (0x40d55833) sra     a6, a0, a3
core   0: 3 0x800059c8 (0x40d55833) x16 0xc000a672
core   0: 0x800059cc (0x400a0ab3) sub     s5, s4, zero
core   0: 3 0x800059cc (0x400a0ab3) x21 0xffffffb2
core   0: 0x800059d0 (0x5c63c713) xori    a4, t2, 1478
core   0: 3 0x800059d0 (0x5c63c713) x14 0xfffffba9
core   0: 0x800059d4 (0x4172df13) srai    t5, t0, 23
core   0: 3 0x800059d4 (0x4172df13) x30 0x00000000
core   0: 0x800059d8 (0x22070a13) addi    s4, a4, 544
core   0: 3 0x800059d8 (0x22070a13) x20 0xfffffdc9
core   0: 0x800059dc (0x011238b3) sltu    a7, tp, a7
core   0: 3 0x800059dc (0x011238b3) x17 0x00000000
core   0: 0x800059e0 (0xc721e197) auipc   gp, 0xc721e
core   0: 3 0x800059e0 (0xc721e197) x 3 0x472239e0
core   0: 0x800059e4 (0x01e97433) and     s0, s2, t5
core   0: 3 0x800059e4 (0x01e97433) x 8 0x00000000
core   0: 0x800059e8 (0x175ee4b7) lui     s1, 0x175ee
core   0: 3 0x800059e8 (0x175ee4b7) x 9 0x175ee000
core   0: 0x800059ec (0x01ec6db3) or      s11, s8, t5
core   0: 3 0x800059ec (0x01ec6db3) x27 0xffc27e3f
core   0: 0x800059f0 (0x700dbe13) sltiu   t3, s11, 1792
core   0: 3 0x800059f0 (0x700dbe13) x28 0x00000000
core   0: 0x800059f4 (0xc56ccc93) xori    s9, s9, -938
core   0: 3 0x800059f4 (0xc56ccc93) x25 0x000003a9
core   0: 0x800059f8 (0xb3bc4213) xori    tp, s8, -1221
core   0: 3 0x800059f8 (0xb3bc4213) x 4 0x003d8504
core   0: 0x800059fc (0x00000013) nop
core   0: 3 0x800059fc (0x00000013)
core   0: 0x80005a00 (0x00fd5333) srl     t1, s10, a5
core   0: 3 0x80005a00 (0x00fd5333) x 6 0x00000000
core   0: 0x80005a04 (0x01e69e93) slli    t4, a3, 30
core   0: 3 0x80005a04 (0x01e69e93) x29 0x40000000
core   0: 0x80005a08 (0x00d058b3) srl     a7, zero, a3
core   0: 3 0x80005a08 (0x00d058b3) x17 0x00000000
core   0: 0x80005a0c (0x2122b293) sltiu   t0, t0, 530
core   0: 3 0x80005a0c (0x2122b293) x 5 0x00000001
core   0: 0x80005a10 (0xdc3d2a13) slti    s4, s10, -573
core   0: 3 0x80005a10 (0xdc3d2a13) x20 0x00000000
core   0: 0x80005a14 (0xa1f23137) lui     sp, 0xa1f23
core   0: 3 0x80005a14 (0xa1f23137) x 2 0xa1f23000
core   0: 0x80005a18 (0x010708b3) add     a7, a4, a6
core   0: 3 0x80005a18 (0x010708b3) x17 0xc000a21b
core   0: 0x80005a1c (0x848a4693) xori    a3, s4, -1976
core   0: 3 0x80005a1c (0x848a4693) x13 0xfffff848
core   0: 0x80005a20 (0x00000013) nop
core   0: 3 0x80005a20 (0x00000013)
core   0: 0x80005a24 (0xba7a3a93) sltiu   s5, s4, -1113
core   0: 3 0x80005a24 (0xba7a3a93) x21 0x00000001
core   0: 0x80005a28 (0x0167d293) srli    t0, a5, 22
core   0: 3 0x80005a28 (0x0167d293) x 5 0x000003ff
core   0: 0x80005a2c (0x64266813) ori     a6, a2, 1602
core   0: 3 0x80005a2c (0x64266813) x16 0x80014ff6
core   0: 0x80005a30 (0x00504fb3) xor     t6, zero, t0
core   0: 3 0x80005a30 (0x00504fb3) x31 0x000003ff
core   0: 0x80005a34 (0xa02eb897) auipc   a7, 0xa02eb
core   0: 3 0x80005a34 (0xa02eb897) x17 0x202f0a34
core   0: 0x80005a38 (0x01294d33) xor     s10, s2, s2
core   0: 3 0x80005a38 (0x01294d33) x26 0x00000000
core   0: 0x80005a3c (0x410cd6b3) sra     a3, s9, a6
core   0: 3 0x80005a3c (0x410cd6b3) x13 0x00000000
core   0: 0x80005a40 (0x017b6cb3) or      s9, s6, s7
core   0: 3 0x80005a40 (0x017b6cb3) x25 0xffffffff
core   0: 0x80005a44 (0x2f540213) addi    tp, s0, 757
core   0: 3 0x80005a44 (0x2f540213) x 4 0x000002f5
core   0: 0x80005a48 (0x00e55e13) srli    t3, a0, 14
core   0: 3 0x80005a48 (0x00e55e13) x28 0x00020005
core   0: 0x80005a4c (0x0070d1b3) srl     gp, ra, t2
core   0: 3 0x80005a4c (0x0070d1b3) x 3 0x00000004
core   0: 0x80005a50 (0x95a0fc93) andi    s9, ra, -1702
core   0: 3 0x80005a50 (0x95a0fc93) x25 0x00025812
core   0: 0x80005a54 (0xfceeba93) sltiu   s5, t4, -50
core   0: 3 0x80005a54 (0xfceeba93) x21 0x00000001
core   0: 0x80005a58 (0x008ca2b3) slt     t0, s9, s0
core   0: 3 0x80005a58 (0x008ca2b3) x 5 0x00000000
core   0: 0x80005a5c (0xe5590793) addi    a5, s2, -427
core   0: 3 0x80005a5c (0xe5590793) x15 0xfffffe55
core   0: 0x80005a60 (0x01ef1e13) slli    t3, t5, 30
core   0: 3 0x80005a60 (0x01ef1e13) x28 0x00000000
core   0: 0x80005a64 (0x019843b3) xor     t2, a6, s9
core   0: 3 0x80005a64 (0x019843b3) x 7 0x800317e4
core   0: 0x80005a68 (0xdeae8293) addi    t0, t4, -534
core   0: 3 0x80005a68 (0xdeae8293) x 5 0x3ffffdea
core   0: 0x80005a6c (0xdda87197) auipc   gp, 0xdda87
core   0: 3 0x80005a6c (0xdda87197) x 3 0x5da8ca6c
core   0: 0x80005a70 (0x00c81e33) sll     t3, a6, a2
core   0: 3 0x80005a70 (0x00c81e33) x28 0xff600000
core   0: 0x80005a74 (0xf884a313) slti    t1, s1, -120
core   0: 3 0x80005a74 (0xf884a313) x 6 0x00000000
core   0: 0x80005a78 (0x010d9a33) sll     s4, s11, a6
core   0: 3 0x80005a78 (0x010d9a33) x20 0x8fc00000
core   0: 0x80005a7c (0x003b3733) sltu    a4, s6, gp
core   0: 3 0x80005a7c (0x003b3733) x14 0x00000000
core   0: 0x80005a80 (0xf5390993) addi    s3, s2, -173
core   0: 3 0x80005a80 (0xf5390993) x19 0xffffff53
core   0: 0x80005a84 (0x4a2d7313) andi    t1, s10, 1186
core   0: 3 0x80005a84 (0x4a2d7313) x 6 0x00000000
core   0: 0x80005a88 (0x01123733) sltu    a4, tp, a7
core   0: 3 0x80005a88 (0x01123733) x14 0x00000001
core   0: 0x80005a8c (0x007c9db3) sll     s11, s9, t2
core   0: 3 0x80005a8c (0x007c9db3) x27 0x00258120
core   0: 0x80005a90 (0x00a3fb33) and     s6, t2, a0
core   0: 3 0x80005a90 (0x00a3fb33) x22 0x800104e4
core   0: 0x80005a94 (0x9adf2a13) slti    s4, t5, -1619
core   0: 3 0x80005a94 (0x9adf2a13) x20 0x00000000
core   0: 0x80005a98 (0x014da0b3) slt     ra, s11, s4
core   0: 3 0x80005a98 (0x014da0b3) x 1 0x00000000
core   0: 0x80005a9c (0x6aa2f813) andi    a6, t0, 1706
core   0: 3 0x80005a9c (0x6aa2f813) x16 0x000004aa
core   0: 0x80005aa0 (0xb5a20193) addi    gp, tp, -1190
core   0: 3 0x80005aa0 (0xb5a20193) x 3 0xfffffe4f
core   0: 0x80005aa4 (0x1a48ed13) ori     s10, a7, 420
core   0: 3 0x80005aa4 (0x1a48ed13) x26 0x202f0bb4
core   0: 0x80005aa8 (0x041ca193) slti    gp, s9, 65
core   0: 3 0x80005aa8 (0x041ca193) x 3 0x00000000
core   0: 0x80005aac (0x41435233) sra     tp, t1, s4
core   0: 3 0x80005aac (0x41435233) x 4 0x00000000
core   0: 0x80005ab0 (0x00441213) slli    tp, s0, 4
core   0: 3 0x80005ab0 (0x00441213) x 4 0x00000000
core   0: 0x80005ab4 (0x003a2cb3) slt     s9, s4, gp
core   0: 3 0x80005ab4 (0x003a2cb3) x25 0x00000000
core   0: 0x80005ab8 (0x7cc82713) slti    a4, a6, 1996
core   0: 3 0x80005ab8 (0x7cc82713) x14 0x00000001
core   0: 0x80005abc (0x00a07eb3) and     t4, zero, a0
core   0: 3 0x80005abc (0x00a07eb3) x29 0x00000000
core   0: 0x80005ac0 (0xc25c6f93) ori     t6, s8, -987
core   0: 3 0x80005ac0 (0xc25c6f93) x31 0xfffffe3f
core   0: 0x80005ac4 (0xaff5ee13) ori     t3, a1, -1281
core   0: 3 0x80005ac4 (0xaff5ee13) x28 0xfffffeff
core   0: 0x80005ac8 (0x2b0dad97) auipc   s11, 0x2b0da
core   0: 3 0x80005ac8 (0x2b0dad97) x27 0xab0dfac8
core   0: 0x80005acc (0x01e11113) slli    sp, sp, 30
core   0: 3 0x80005acc (0x01e11113) x 2 0x00000000
core   0: 0x80005ad0 (0x04d20a93) addi    s5, tp, 77
core   0: 3 0x80005ad0 (0x04d20a93) x21 0x0000004d
core   0: 0x80005ad4 (0x00000013) nop
core   0: 3 0x80005ad4 (0x00000013)
core   0: 0x80005ad8 (0x12eacb93) xori    s7, s5, 302
core   0: 3 0x80005ad8 (0x12eacb93) x23 0x00000163
core   0: 0x80005adc (0x412bde93) srai    t4, s7, 18
core   0: 3 0x80005adc (0x412bde93) x29 0x00000000
core   0: 0x80005ae0 (0x0058a833) slt     a6, a7, t0
core   0: 3 0x80005ae0 (0x0058a833) x16 0x00000001
core   0: 0x80005ae4 (0x00a79913) slli    s2, a5, 10
core   0: 3 0x80005ae4 (0x00a79913) x18 0xfff95400
core   0: 0x80005ae8 (0x003042b3) xor     t0, zero, gp
core   0: 3 0x80005ae8 (0x003042b3) x 5 0x00000000
core   0: 0x80005aec (0x015a1d13) slli    s10, s4, 21
core   0: 3 0x80005aec (0x015a1d13) x26 0x00000000
core   0: 0x80005af0 (0x400b8433) sub     s0, s7, zero
core   0: 3 0x80005af0 (0x400b8433) x 8 0x00000163
core   0: 0x80005af4 (0x15717293) andi    t0, sp, 343
core   0: 3 0x80005af4 (0x15717293) x 5 0x00000000
core   0: 0x80005af8 (0x0edf2393) slti    t2, t5, 237
core   0: 3 0x80005af8 (0x0edf2393) x 7 0x00000001
core   0: 0x80005afc (0xb25e4393) xori    t2, t3, -1243
core   0: 3 0x80005afc (0xb25e4393) x 7 0x000005da
core   0: 0x80005b00 (0x4117d8b3) sra     a7, a5, a7
core   0: 3 0x80005b00 (0x4117d8b3) x17 0xffffffff
core   0: 0x80005b04 (0x001524b3) slt     s1, a0, ra
core   0: 3 0x80005b04 (0x001524b3) x 9 0x00000001
core   0: 0x80005b08 (0x002c4333) xor     t1, s8, sp
core   0: 3 0x80005b08 (0x002c4333) x 6 0xffc27e3f
core   0: 0x80005b0c (0x40cd5a93) srai    s5, s10, 12
core   0: 3 0x80005b0c (0x40cd5a93) x21 0x00000000
core   0: 0x80005b10 (0x01196cb3) or      s9, s2, a7
core   0: 3 0x80005b10 (0x01196cb3) x25 0xffffffff
core   0: 0x80005b14 (0x019e5d13) srli    s10, t3, 25
core   0: 3 0x80005b14 (0x019e5d13) x26 0x0000007f
core   0: 0x80005b18 (0xcdc73313) sltiu   t1, a4, -804
core   0: 3 0x80005b18 (0xcdc73313) x 6 0x00000001
core   0: 0x80005b1c (0x01137cb3) and     s9, t1, a7
core   0: 3 0x80005b1c (0x01137cb3) x25 0x00000001
core   0: 0x80005b20 (0x4177d993) srai    s3, a5, 23
core   0: 3 0x80005b20 (0x4177d993) x19 0xffffffff
core   0: 0x80005b24 (0x418f87b3) sub     a5, t6, s8
core   0: 3 0x80005b24 (0x418f87b3) x15 0x003d8000
core   0: 0x80005b28 (0xb24c6f13) ori     t5, s8, -1244
core   0: 3 0x80005b28 (0xb24c6f13) x30 0xffffff3f
core   0: 0x80005b2c (0x00800833) add     a6, zero, s0
core   0: 3 0x80005b2c (0x00800833) x16 0x00000163
core   0: 0x80005b30 (0xcc4b3113) sltiu   sp, s6, -828
core   0: 3 0x80005b30 (0xcc4b3113) x 2 0x00000001
core   0: 0x80005b34 (0x5ca10893) addi    a7, sp, 1482
core   0: 3 0x80005b34 (0x5ca10893) x17 0x000005cb
core   0: 0x80005b38 (0x01696b33) or      s6, s2, s6
core   0: 3 0x80005b38 (0x01696b33) x22 0xfff954e4
core   0: 0x80005b3c (0x019f2bb3) slt     s7, t5, s9
core   0: 3 0x80005b3c (0x019f2bb3) x23 0x00000001
core   0: 0x80005b40 (0x0122cdb3) xor     s11, t0, s2
core   0: 3 0x80005b40 (0x0122cdb3) x27 0xfff95400
core   0: 0x80005b44 (0x44cbb193) sltiu   gp, s7, 1100
core   0: 3 0x80005b44 (0x44cbb193) x 3 0x00000001
core   0: 0x80005b48 (0x00601db3) sll     s11, zero, t1
core   0: 3 0x80005b48 (0x00601db3) x27 0x00000000
core   0: 0x80005b4c (0x01c27d33) and     s10, tp, t3
core   0: 3 0x80005b4c (0x01c27d33) x26 0x00000000
core   0: 0x80005b50 (0x01cb4a33) xor     s4, s6, t3
core   0: 3 0x80005b50 (0x01cb4a33) x20 0x0006aa1b
core   0: 0x80005b54 (0x67612e13) slti    t3, sp, 1654
core   0: 3 0x80005b54 (0x67612e13) x28 0x00000001
core   0: 0x80005b58 (0x01841db3) sll     s11, s0, s8
core   0: 3 0x80005b58 (0x01841db3) x27 0x80000000
core   0: 0x80005b5c (0x242dad93) slti    s11, s11, 578
core   0: 3 0x80005b5c (0x242dad93) x27 0x00000001
core   0: 0x80005b60 (0x014254b3) srl     s1, tp, s4
core   0: 3 0x80005b60 (0x014254b3) x 9 0x00000000
core   0: 0x80005b64 (0x00b35693) srli    a3, t1, 11
core   0: 3 0x80005b64 (0x00b35693) x13 0x00000000
core   0: 0x80005b68 (0x01969193) slli    gp, a3, 25
core   0: 3 0x80005b68 (0x01969193) x 3 0x00000000
core   0: 0x80005b6c (0x40b4dfb3) sra     t6, s1, a1
core   0: 3 0x80005b6c (0x40b4dfb3) x31 0x00000000
core   0: 0x80005b70 (0x40435993) srai    s3, t1, 4
core   0: 3 0x80005b70 (0x40435993) x19 0x00000000
core   0: 0x80005b74 (0x8e3f8b17) auipc   s6, 0x8e3f8
core   0: 3 0x80005b74 (0x8e3f8b17) x22 0x0e3fdb74
core   0: 0x80005b78 (0x4002dab3) sra     s5, t0, zero
core   0: 3 0x80005b78 (0x4002dab3) x21 0x00000000
core   0: 0x80005b7c (0x005eabb3) slt     s7, t4, t0
core   0: 3 0x80005b7c (0x005eabb3) x23 0x00000000
core   0: 0x80005b80 (0x9b1c2a93) slti    s5, s8, -1615
core   0: 3 0x80005b80 (0x9b1c2a93) x21 0x00000001
core   0: 0x80005b84 (0x0c970197) auipc   gp, 0xc970
core   0: 3 0x80005b84 (0x0c970197) x 3 0x8c975b84
core   0: 0x80005b88 (0x004b30b3) sltu    ra, s6, tp
core   0: 3 0x80005b88 (0x004b30b3) x 1 0x00000000
core   0: 0x80005b8c (0x88c6f017) auipc   zero, 0x88c6f
core   0: 3 0x80005b8c (0x88c6f017)
core   0: 0x80005b90 (0xd62f0713) addi    a4, t5, -670
core   0: 3 0x80005b90 (0xd62f0713) x14 0xfffffca1
core   0: 0x80005b94 (0x4bdf8e13) addi    t3, t6, 1213
core   0: 3 0x80005b94 (0x4bdf8e13) x28 0x000004bd
core   0: 0x80005b98 (0x3f74f693) andi    a3, s1, 1015
core   0: 3 0x80005b98 (0x3f74f693) x13 0x00000000
core   0: 0x80005b9c (0x4021deb3) sra     t4, gp, sp
core   0: 3 0x80005b9c (0x4021deb3) x29 0xc64badc2
core   0: 0x80005ba0 (0x4bedfd93) andi    s11, s11, 1214
core   0: 3 0x80005ba0 (0x4bedfd93) x27 0x00000000
core   0: 0x80005ba4 (0x013fef33) or      t5, t6, s3
core   0: 3 0x80005ba4 (0x013fef33) x30 0x00000000
core   0: 0x80005ba8 (0xe6d52893) slti    a7, a0, -403
core   0: 3 0x80005ba8 (0xe6d52893) x17 0x00000001
core   0: 0x80005bac (0x0130f133) and     sp, ra, s3
core   0: 3 0x80005bac (0x0130f133) x 2 0x00000000
core   0: 0x80005bb0 (0x402d8f33) sub     t5, s11, sp
core   0: 3 0x80005bb0 (0x402d8f33) x30 0x00000000
core   0: 0x80005bb4 (0x0137e7b3) or      a5, a5, s3
core   0: 3 0x80005bb4 (0x0137e7b3) x15 0x003d8000
core   0: 0x80005bb8 (0x003ccdb3) xor     s11, s9, gp
core   0: 3 0x80005bb8 (0x003ccdb3) x27 0x8c975b85
core   0: 0x80005bbc (0x01bb1a93) slli    s5, s6, 27
core   0: 3 0x80005bbc (0x01bb1a93) x21 0xa0000000
core   0: 0x80005bc0 (0x406bd693) srai    a3, s7, 6
core   0: 3 0x80005bc0 (0x406bd693) x13 0x00000000
core   0: 0x80005bc4 (0x41d85e13) srai    t3, a6, 29
core   0: 3 0x80005bc4 (0x41d85e13) x28 0x00000000
core   0: 0x80005bc8 (0x01f15313) srli    t1, sp, 31
core   0: 3 0x80005bc8 (0x01f15313) x 6 0x00000000
core   0: 0x80005bcc (0x88fcc313) xori    t1, s9, -1905
core   0: 3 0x80005bcc (0x88fcc313) x 6 0xfffff88e
core   0: 0x80005bd0 (0x00000013) nop
core   0: 3 0x80005bd0 (0x00000013)
core   0: 0x80005bd4 (0x015114b3) sll     s1, sp, s5
core   0: 3 0x80005bd4 (0x015114b3) x 9 0x00000000
core   0: 0x80005bd8 (0x0160d293) srli    t0, ra, 22
core   0: 3 0x80005bd8 (0x0160d293) x 5 0x00000000
core   0: 0x80005bdc (0x0007e733) or      a4, a5, zero
core   0: 3 0x80005bdc (0x0007e733) x14 0x003d8000
core   0: 0x80005be0 (0x01055c93) srli    s9, a0, 16
core   0: 3 0x80005be0 (0x01055c93) x25 0x00008001
core   0: 0x80005be4 (0x0118cd33) xor     s10, a7, a7
core   0: 3 0x80005be4 (0x0118cd33) x26 0x00000000
core   0: 0x80005be8 (0x01c62b33) slt     s6, a2, t3
core   0: 3 0x80005be8 (0x01c62b33) x22 0x00000001
core   0: 0x80005bec (0x01359733) sll     a4, a1, s3
core   0: 3 0x80005bec (0x01359733) x14 0x80010e64
core   0: 0x80005bf0 (0x015f71b3) and     gp, t5, s5
core   0: 3 0x80005bf0 (0x015f71b3) x 3 0x00000000
core   0: 0x80005bf4 (0x01601133) sll     sp, zero, s6
core   0: 3 0x80005bf4 (0x01601133) x 2 0x00000000
core   0: 0x80005bf8 (0xd652b993) sltiu   s3, t0, -667
core   0: 3 0x80005bf8 (0xd652b993) x19 0x00000001
core   0: 0x80005bfc (0x6dc1f613) andi    a2, gp, 1756
core   0: 3 0x80005bfc (0x6dc1f613) x12 0x00000000
core   0: 0x80005c00 (0x00ad6d33) or      s10, s10, a0
core   0: 3 0x80005c00 (0x00ad6d33) x26 0x80014ce4
core   0: 0x80005c04 (0x007a8ab3) add     s5, s5, t2
core   0: 3 0x80005c04 (0x007a8ab3) x21 0xa00005da
core   0: 0x80005c08 (0x83af6f13) ori     t5, t5, -1990
core   0: 3 0x80005c08 (0x83af6f13) x30 0xfffff83a
core   0: 0x80005c0c (0x013efa33) and     s4, t4, s3
core   0: 3 0x80005c0c (0x013efa33) x20 0x00000000
core   0: 0x80005c10 (0x45038493) addi    s1, t2, 1104
core   0: 3 0x80005c10 (0x45038493) x 9 0x00000a2a
core   0: 0x80005c14 (0x40bd8433) sub     s0, s11, a1
core   0: 3 0x80005c14 (0x40bd8433) x 8 0x0c964d21
core   0: 0x80005c18 (0x4117d413) srai    s0, a5, 17
core   0: 3 0x80005c18 (0x4117d413) x 8 0x0000001e
core   0: 0x80005c1c (0x13cdc813) xori    a6, s11, 316
core   0: 3 0x80005c1c (0x13cdc813) x16 0x8c975ab9
core   0: 0x80005c20 (0x016c90b3) sll     ra, s9, s6
core   0: 3 0x80005c20 (0x016c90b3) x 1 0x00010002
core   0: 0x80005c24 (0x407f0a33) sub     s4, t5, t2
core   0: 3 0x80005c24 (0x407f0a33) x20 0xfffff260
core   0: 0x80005c28 (0x00b4ea33) or      s4, s1, a1
core   0: 3 0x80005c28 (0x00b4ea33) x20 0x80010e6e
core   0: 0x80005c2c (0x4fa9e993) ori     s3, s3, 1274
core   0: 3 0x80005c2c (0x4fa9e993) x19 0x000004fb
core   0: 0x80005c30 (0x41b68cb3) sub     s9, a3, s11
core   0: 3 0x80005c30 (0x41b68cb3) x25 0x7368a47b
core   0: 0x80005c34 (0x624d2313) slti    t1, s10, 1572
core   0: 3 0x80005c34 (0x624d2313) x 6 0x00000001
core   0: 0x80005c38 (0x01381133) sll     sp, a6, s3
core   0: 3 0x80005c38 (0x01381133) x 2 0xc8000000
core   0: 0x80005c3c (0x60f6cd97) auipc   s11, 0x60f6c
core   0: 3 0x80005c3c (0x60f6cd97) x27 0xe0f71c3c
core   0: 0x80005c40 (0x778c4a13) xori    s4, s8, 1912
core   0: 3 0x80005c40 (0x778c4a13) x20 0xffc27947
core   0: 0x80005c44 (0x41995b93) srai    s7, s2, 25
core   0: 3 0x80005c44 (0x41995b93) x23 0xffffffff
core   0: 0x80005c48 (0x0026c1b3) xor     gp, a3, sp
core   0: 3 0x80005c48 (0x0026c1b3) x 3 0xc8000000
core   0: 0x80005c4c (0xb4824293) xori    t0, tp, -1208
core   0: 3 0x80005c4c (0xb4824293) x 5 0xfffffb48
core   0: 0x80005c50 (0x00c46cb3) or      s9, s0, a2
core   0: 3 0x80005c50 (0x00c46cb3) x25 0x0000001e
core   0: 0x80005c54 (0x4111da13) srai    s4, gp, 17
core   0: 3 0x80005c54 (0x4111da13) x20 0xffffe400
core   0: 0x80005c58 (0x01fa9fb3) sll     t6, s5, t6
core   0: 3 0x80005c58 (0x01fa9fb3) x31 0xa00005da
core   0: 0x80005c5c (0x01fa83b3) add     t2, s5, t6
core   0: 3 0x80005c5c (0x01fa83b3) x 7 0x40000bb4
core   0: 0x80005c60 (0x00e01693) slli    a3, zero, 14
core   0: 3 0x80005c60 (0x00e01693) x13 0x00000000
core   0: 0x80005c64 (0x00a607b3) add     a5, a2, a0
core   0: 3 0x80005c64 (0x00a607b3) x15 0x80014ce4
core   0: 0x80005c68 (0x0161fbb3) and     s7, gp, s6
core   0: 3 0x80005c68 (0x0161fbb3) x23 0x00000000
core   0: 0x80005c6c (0x002d48b3) xor     a7, s10, sp
core   0: 3 0x80005c6c (0x002d48b3) x17 0x48014ce4
core   0: 0x80005c70 (0xb5ff7d13) andi    s10, t5, -1185
core   0: 3 0x80005c70 (0xb5ff7d13) x26 0xfffff81a
core   0: 0x80005c74 (0x0082de93) srli    t4, t0, 8
core   0: 3 0x80005c74 (0x0082de93) x29 0x00fffffb
core   0: 0x80005c78 (0x93f10b93) addi    s7, sp, -1729
core   0: 3 0x80005c78 (0x93f10b93) x23 0xc7fff93f
core   0: 0x80005c7c (0x8788d9b7) lui     s3, 0x8788d
core   0: 3 0x80005c7c (0x8788d9b7) x19 0x8788d000
core   0: 0x80005c80 (0x2d6d2497) auipc   s1, 0x2d6d2
core   0: 3 0x80005c80 (0x2d6d2497) x 9 0xad6d7c80
core   0: 0x80005c84 (0x01e2b8b3) sltu    a7, t0, t5
core   0: 3 0x80005c84 (0x01e2b8b3) x17 0x00000000
core   0: 0x80005c88 (0x00bb7033) and     zero, s6, a1
core   0: 3 0x80005c88 (0x00bb7033)
core   0: 0x80005c8c (0x7e7de113) ori     sp, s11, 2023
core   0: 3 0x80005c8c (0x7e7de113) x 2 0xe0f71fff
core   0: 0x80005c90 (0x416151b3) sra     gp, sp, s6
core   0: 3 0x80005c90 (0x416151b3) x 3 0xf07b8fff
core   0: 0x80005c94 (0x0ee78b13) addi    s6, a5, 238
core   0: 3 0x80005c94 (0x0ee78b13) x22 0x80014dd2
core   0: 0x80005c98 (0x00f0e1b3) or      gp, ra, a5
core   0: 3 0x80005c98 (0x00f0e1b3) x 3 0x80014ce6
core   0: 0x80005c9c (0x00e8b633) sltu    a2, a7, a4
core   0: 3 0x80005c9c (0x00e8b633) x12 0x00000001
core   0: 0x80005ca0 (0x009eb833) sltu    a6, t4, s1
core   0: 3 0x80005ca0 (0x009eb833) x16 0x00000001
core   0: 0x80005ca4 (0x40a8d793) srai    a5, a7, 10
core   0: 3 0x80005ca4 (0x40a8d793) x15 0x00000000
core   0: 0x80005ca8 (0x5d682097) auipc   ra, 0x5d682
core   0: 3 0x80005ca8 (0x5d682097) x 1 0xdd687ca8
core   0: 0x80005cac (0x8ed7b813) sltiu   a6, a5, -1811
core   0: 3 0x80005cac (0x8ed7b813) x16 0x00000001
core   0: 0x80005cb0 (0x005b1e93) slli    t4, s6, 5
core   0: 3 0x80005cb0 (0x005b1e93) x29 0x0029ba40
core   0: 0x80005cb4 (0x10280a93) addi    s5, a6, 258
core   0: 3 0x80005cb4 (0x10280a93) x21 0x00000103
core   0: 0x80005cb8 (0x005608b3) add     a7, a2, t0
core   0: 3 0x80005cb8 (0x005608b3) x17 0xfffffb49
core   0: 0x80005cbc (0x40bdddb3) sra     s11, s11, a1
core   0: 3 0x80005cbc (0x40bdddb3) x27 0xfe0f71c3
core   0: 0x80005cc0 (0x00000013) nop
core   0: 3 0x80005cc0 (0x00000013)
core   0: 0x80005cc4 (0x00f03eb3) snez    t4, a5
core   0: 3 0x80005cc4 (0x00f03eb3) x29 0x00000000
core   0: 0x80005cc8 (0x40dc59b3) sra     s3, s8, a3
core   0: 3 0x80005cc8 (0x40dc59b3) x19 0xffc27e3f
core   0: 0x80005ccc (0x53ef0313) addi    t1, t5, 1342
core   0: 3 0x80005ccc (0x53ef0313) x 6 0xfffffd78
core   0: 0x80005cd0 (0x4097db13) srai    s6, a5, 9
core   0: 3 0x80005cd0 (0x4097db13) x22 0x00000000
core   0: 0x80005cd4 (0x00f14233) xor     tp, sp, a5
core   0: 3 0x80005cd4 (0x00f14233) x 4 0xe0f71fff
core   0: 0x80005cd8 (0x00ef9293) slli    t0, t6, 14
core   0: 3 0x80005cd8 (0x00ef9293) x 5 0x01768000
core   0: 0x80005cdc (0x01c61e93) slli    t4, a2, 28
core   0: 3 0x80005cdc (0x01c61e93) x29 0x10000000
core   0: 0x80005ce0 (0x0088e4b3) or      s1, a7, s0
core   0: 3 0x80005ce0 (0x0088e4b3) x 9 0xfffffb5f
core   0: 0x80005ce4 (0x00fc0b33) add     s6, s8, a5
core   0: 3 0x80005ce4 (0x00fc0b33) x22 0xffc27e3f
core   0: 0x80005ce8 (0x9527ae13) slti    t3, a5, -1710
core   0: 3 0x80005ce8 (0x9527ae13) x28 0x00000000
core   0: 0x80005cec (0x40db8eb3) sub     t4, s7, a3
core   0: 3 0x80005cec (0x40db8eb3) x29 0xc7fff93f
core   0: 0x80005cf0 (0x01705e33) srl     t3, zero, s7
core   0: 3 0x80005cf0 (0x01705e33) x28 0x00000000
core   0: 0x80005cf4 (0x018121b3) slt     gp, sp, s8
core   0: 3 0x80005cf4 (0x018121b3) x 3 0x00000001
core   0: 0x80005cf8 (0x41e786b3) sub     a3, a5, t5
core   0: 3 0x80005cf8 (0x41e786b3) x13 0x000007c6
core   0: 0x80005cfc (0x4a420393) addi    t2, tp, 1188
core   0: 3 0x80005cfc (0x4a420393) x 7 0xe0f724a3
core   0: 0x80005d00 (0x84804213) xori    tp, zero, -1976
core   0: 3 0x80005d00 (0x84804213) x 4 0xfffff848
core   0: 0x80005d04 (0x01b160b3) or      ra, sp, s11
core   0: 3 0x80005d04 (0x01b160b3) x 1 0xfeff7fff
core   0: 0x80005d08 (0x00642eb3) slt     t4, s0, t1
core   0: 3 0x80005d08 (0x00642eb3) x29 0x00000000
core   0: 0x80005d0c (0x013fde33) srl     t3, t6, s3
core   0: 3 0x80005d0c (0x013fde33) x28 0x00000001
core   0: 0x80005d10 (0x00690b33) add     s6, s2, t1
core   0: 3 0x80005d10 (0x00690b33) x22 0xfff95178
core   0: 0x80005d14 (0x91ed4313) xori    t1, s10, -1762
core   0: 3 0x80005d14 (0x91ed4313) x 6 0x00000104
core   0: 0x80005d18 (0x00000013) nop
core   0: 3 0x80005d18 (0x00000013)
core   0: 0x80005d1c (0x01139193) slli    gp, t2, 17
core   0: 3 0x80005d1c (0x01139193) x 3 0x49460000
core   0: 0x80005d20 (0x00000013) nop
core   0: 3 0x80005d20 (0x00000013)
core   0: 0x80005d24 (0x00adadb3) slt     s11, s11, a0
core   0: 3 0x80005d24 (0x00adadb3) x27 0x00000000
core   0: 0x80005d28 (0x00000013) nop
core   0: 3 0x80005d28 (0x00000013)
core   0: 0x80005d2c (0x525c8493) addi    s1, s9, 1317
core   0: 3 0x80005d2c (0x525c8493) x 9 0x00000543
core   0: 0x80005d30 (0x36ea6a13) ori     s4, s4, 878
core   0: 3 0x80005d30 (0x36ea6a13) x20 0xffffe76e
core   0: 0x80005d34 (0x01a32733) slt     a4, t1, s10
core   0: 3 0x80005d34 (0x01a32733) x14 0x00000000
core   0: 0x80005d38 (0x00033cb3) sltu    s9, t1, zero
core   0: 3 0x80005d38 (0x00033cb3) x25 0x00000000
core   0: 0x80005d3c (0x01e71913) slli    s2, a4, 30
core   0: 3 0x80005d3c (0x01e71913) x18 0x00000000
core   0: 0x80005d40 (0x01883d33) sltu    s10, a6, s8
core   0: 3 0x80005d40 (0x01883d33) x26 0x00000001
core   0: 0x80005d44 (0x00a07033) and     zero, zero, a0
core   0: 3 0x80005d44 (0x00a07033)
core   0: 0x80005d48 (0x01fb23b3) slt     t2, s6, t6
core   0: 3 0x80005d48 (0x01fb23b3) x 7 0x00000000
core   0: 0x80005d4c (0x01946f33) or      t5, s0, s9
core   0: 3 0x80005d4c (0x01946f33) x30 0x0000001e
core   0: 0x80005d50 (0x40045733) sra     a4, s0, zero
core   0: 3 0x80005d50 (0x40045733) x14 0x0000001e
core   0: 0x80005d54 (0x4046dcb3) sra     s9, a3, tp
core   0: 3 0x80005d54 (0x4046dcb3) x25 0x00000007
core   0: 0x80005d58 (0xf0456c93) ori     s9, a0, -252
core   0: 3 0x80005d58 (0xf0456c93) x25 0xffffffe4
core   0: 0x80005d5c (0x016e1e33) sll     t3, t3, s6
core   0: 3 0x80005d5c (0x016e1e33) x28 0x01000000
core   0: 0x80005d60 (0x015e9413) slli    s0, t4, 21
core   0: 3 0x80005d60 (0x015e9413) x 8 0x00000000
core   0: 0x80005d64 (0x51575d17) auipc   s10, 0x51575
core   0: 3 0x80005d64 (0x51575d17) x26 0xd157ad64
core   0: 0x80005d68 (0x01a6dd93) srli    s11, a3, 26
core   0: 3 0x80005d68 (0x01a6dd93) x27 0x00000000
core   0: 0x80005d6c (0xc2253413) sltiu   s0, a0, -990
core   0: 3 0x80005d6c (0xc2253413) x 8 0x00000001
core   0: 0x80005d70 (0x400b8eb3) sub     t4, s7, zero
core   0: 3 0x80005d70 (0x400b8eb3) x29 0xc7fff93f
core   0: 0x80005d74 (0x9f256293) ori     t0, a0, -1550
core   0: 3 0x80005d74 (0x9f256293) x 5 0xfffffdf6
core   0: 0x80005d78 (0xe037a813) slti    a6, a5, -509
core   0: 3 0x80005d78 (0xe037a813) x16 0x00000000
core   0: 0x80005d7c (0x00000013) nop
core   0: 3 0x80005d7c (0x00000013)
core   0: 0x80005d80 (0x01d49e33) sll     t3, s1, t4
core   0: 3 0x80005d80 (0x01d49e33) x28 0x80000000
core   0: 0x80005d84 (0x009b66b3) or      a3, s6, s1
core   0: 3 0x80005d84 (0x009b66b3) x13 0xfff9557b
core   0: 0x80005d88 (0x013efeb3) and     t4, t4, s3
core   0: 3 0x80005d88 (0x013efeb3) x29 0xc7c2783f
core   0: 0x80005d8c (0x01989f33) sll     t5, a7, s9
core   0: 3 0x80005d8c (0x01989f33) x30 0xffffb490
core   0: 0x80005d90 (0xd7540713) addi    a4, s0, -651
core   0: 3 0x80005d90 (0xd7540713) x14 0xfffffd76
core   0: 0x80005d94 (0x0091f8b3) and     a7, gp, s1
core   0: 3 0x80005d94 (0x0091f8b3) x17 0x00000000
core   0: 0x80005d98 (0x006c1313) slli    t1, s8, 6
core   0: 3 0x80005d98 (0x006c1313) x 6 0xf09f8fc0
core   0: 0x80005d9c (0xb02b3e93) sltiu   t4, s6, -1278
core   0: 3 0x80005d9c (0xb02b3e93) x29 0x00000001
core   0: 0x80005da0 (0x414e0cb3) sub     s9, t3, s4
core   0: 3 0x80005da0 (0x414e0cb3) x25 0x80001892
core   0: 0x80005da4 (0x424be413) ori     s0, s7, 1060
core   0: 3 0x80005da4 (0x424be413) x 8 0xc7fffd3f
core   0: 0x80005da8 (0x007528b3) slt     a7, a0, t2
core   0: 3 0x80005da8 (0x007528b3) x17 0x00000001
core   0: 0x80005dac (0xce4f4b93) xori    s7, t5, -796
core   0: 3 0x80005dac (0xce4f4b93) x23 0x00004874
core   0: 0x80005db0 (0x00af9a33) sll     s4, t6, a0
core   0: 3 0x80005db0 (0x00af9a33) x20 0x00005da0
core   0: 0x80005db4 (0x0056aa33) slt     s4, a3, t0
core   0: 3 0x80005db4 (0x0056aa33) x20 0x00000001
core   0: 0x80005db8 (0xf10280b7) lui     ra, 0xf1028
core   0: 3 0x80005db8 (0xf10280b7) x 1 0xf1028000
core   0: 0x80005dbc (0x01c91393) slli    t2, s2, 28
core   0: 3 0x80005dbc (0x01c91393) x 7 0x00000000
core   0: 0x80005dc0 (0x0019ce33) xor     t3, s3, ra
core   0: 3 0x80005dc0 (0x0019ce33) x28 0x0ec0fe3f
core   0: 0x80005dc4 (0x2bdca413) slti    s0, s9, 701
core   0: 3 0x80005dc4 (0x2bdca413) x 8 0x00000001
core   0: 0x80005dc8 (0x013e8db3) add     s11, t4, s3
core   0: 3 0x80005dc8 (0x013e8db3) x27 0xffc27e40
core   0: 0x80005dcc (0xd6017613) andi    a2, sp, -672
core   0: 3 0x80005dcc (0xd6017613) x12 0xe0f71d60
core   0: 0x80005dd0 (0x0170f4b3) and     s1, ra, s7
core   0: 3 0x80005dd0 (0x0170f4b3) x 9 0x00000000
core   0: 0x80005dd4 (0x400b8733) sub     a4, s7, zero
core   0: 3 0x80005dd4 (0x400b8733) x14 0x00004874
core   0: 0x80005dd8 (0x00000013) nop
core   0: 3 0x80005dd8 (0x00000013)
core   0: 0x80005ddc (0x00d72d33) slt     s10, a4, a3
core   0: 3 0x80005ddc (0x00d72d33) x26 0x00000000
core   0: 0x80005de0 (0xda422613) slti    a2, tp, -604
core   0: 3 0x80005de0 (0xda422613) x12 0x00000001
core   0: 0x80005de4 (0x00000013) nop
core   0: 3 0x80005de4 (0x00000013)
core   0: 0x80005de8 (0x01639033) sll     zero, t2, s6
core   0: 3 0x80005de8 (0x01639033)
core   0: 0x80005dec (0x01f89e13) slli    t3, a7, 31
core   0: 3 0x80005dec (0x01f89e13) x28 0x80000000
core   0: 0x80005df0 (0x38c32113) slti    sp, t1, 908
core   0: 3 0x80005df0 (0x38c32113) x 2 0x00000001
core   0: 0x80005df4 (0x245af713) andi    a4, s5, 581
core   0: 3 0x80005df4 (0x245af713) x14 0x00000001
core   0: 0x80005df8 (0xb0a1af37) lui     t5, 0xb0a1a
core   0: 3 0x80005df8 (0xb0a1af37) x30 0xb0a1a000
core   0: 0x80005dfc (0x400f5033) sra     zero, t5, zero
core   0: 3 0x80005dfc (0x400f5033)
core   0: 0x80005e00 (0x628d0a13) addi    s4, s10, 1576
core   0: 3 0x80005e00 (0x628d0a13) x20 0x00000628
core   0: 0x80005e04 (0x00b01713) slli    a4, zero, 11
core   0: 3 0x80005e04 (0x00b01713) x14 0x00000000
core   0: 0x80005e08 (0x00a787b3) add     a5, a5, a0
core   0: 3 0x80005e08 (0x00a787b3) x15 0x80014ce4
core   0: 0x80005e0c (0x00568713) addi    a4, a3, 5
core   0: 3 0x80005e0c (0x00568713) x14 0xfff95580
core   0: 0x80005e10 (0xac970193) addi    gp, a4, -1335
core   0: 3 0x80005e10 (0xac970193) x 3 0xfff95049
core   0: 0x80005e14 (0x013c1eb3) sll     t4, s8, s3
core   0: 3 0x80005e14 (0x013c1eb3) x29 0x80000000
core   0: 0x80005e18 (0x8e4c2b37) lui     s6, 0x8e4c2
core   0: 3 0x80005e18 (0x8e4c2b37) x22 0x8e4c2000
core   0: 0x80005e1c (0x0093de13) srli    t3, t2, 9
core   0: 3 0x80005e1c (0x0093de13) x28 0x00000000
core   0: 0x80005e20 (0x44bbf393) andi    t2, s7, 1099
core   0: 3 0x80005e20 (0x44bbf393) x 7 0x00000040
core   0: 0x80005e24 (0xb6ed7893) andi    a7, s10, -1170
core   0: 3 0x80005e24 (0xb6ed7893) x17 0x00000000
core   0: 0x80005e28 (0x0a633893) sltiu   a7, t1, 166
core   0: 3 0x80005e28 (0x0a633893) x17 0x00000000
core   0: 0x80005e2c (0x00654ab3) xor     s5, a0, t1
core   0: 3 0x80005e2c (0x00654ab3) x21 0x709ec324
core   0: 0x80005e30 (0x01b8be33) sltu    t3, a7, s11
core   0: 3 0x80005e30 (0x01b8be33) x28 0x00000001
core   0: 0x80005e34 (0x002847b3) xor     a5, a6, sp
core   0: 3 0x80005e34 (0x002847b3) x15 0x00000001
core   0: 0x80005e38 (0x01f93833) sltu    a6, s2, t6
core   0: 3 0x80005e38 (0x01f93833) x16 0x00000001
core   0: 0x80005e3c (0x00c20f33) add     t5, tp, a2
core   0: 3 0x80005e3c (0x00c20f33) x30 0xfffff849
core   0: 0x80005e40 (0x01de1db3) sll     s11, t3, t4
core   0: 3 0x80005e40 (0x01de1db3) x27 0x00000001
core   0: 0x80005e44 (0x01c801b3) add     gp, a6, t3
core   0: 3 0x80005e44 (0x01c801b3) x 3 0x00000002
core   0: 0x80005e48 (0x010be033) or      zero, s7, a6
core   0: 3 0x80005e48 (0x010be033)
core   0: 0x80005e4c (0x05a1d337) lui     t1, 0x5a1d
core   0: 3 0x80005e4c (0x05a1d337) x 6 0x05a1d000
core   0: 0x80005e50 (0x412ed133) sra     sp, t4, s2
core   0: 3 0x80005e50 (0x412ed133) x 2 0x80000000
core   0: 0x80005e54 (0x402b0d33) sub     s10, s6, sp
core   0: 3 0x80005e54 (0x402b0d33) x26 0x0e4c2000
core   0: 0x80005e58 (0xef3b2393) slti    t2, s6, -269
core   0: 3 0x80005e58 (0xef3b2393) x 7 0x00000001
core   0: 0x80005e5c (0x0081aab3) slt     s5, gp, s0
core   0: 3 0x80005e5c (0x0081aab3) x21 0x00000000
core   0: 0x80005e60 (0x8dac1bb7) lui     s7, 0x8dac1
core   0: 3 0x80005e60 (0x8dac1bb7) x23 0x8dac1000
core   0: 0x80005e64 (0x009cacb3) slt     s9, s9, s1
core   0: 3 0x80005e64 (0x009cacb3) x25 0x00000001
core   0: 0x80005e68 (0x01e9f433) and     s0, s3, t5
core   0: 3 0x80005e68 (0x01e9f433) x 8 0xffc27809
core   0: 0x80005e6c (0x015e6e33) or      t3, t3, s5
core   0: 3 0x80005e6c (0x015e6e33) x28 0x00000001
core   0: 0x80005e70 (0x40fc5d13) srai    s10, s8, 15
core   0: 3 0x80005e70 (0x40fc5d13) x26 0xffffff84
core   0: 0x80005e74 (0x00000013) nop
core   0: 3 0x80005e74 (0x00000013)
core   0: 0x80005e78 (0x653ac293) xori    t0, s5, 1619
core   0: 3 0x80005e78 (0x653ac293) x 5 0x00000653
core   0: 0x80005e7c (0x00769493) slli    s1, a3, 7
core   0: 3 0x80005e7c (0x00769493) x 9 0xfcaabd80
core   0: 0x80005e80 (0xf9ad6f37) lui     t5, 0xf9ad6
core   0: 3 0x80005e80 (0xf9ad6f37) x30 0xf9ad6000
core   0: 0x80005e84 (0x00c74633) xor     a2, a4, a2
core   0: 3 0x80005e84 (0x00c74633) x12 0xfff95581
core   0: 0x80005e88 (0x008717b3) sll     a5, a4, s0
core   0: 3 0x80005e88 (0x008717b3) x15 0xf2ab0000
core   0: 0x80005e8c (0xe54dc7b7) lui     a5, 0xe54dc
core   0: 3 0x80005e8c (0xe54dc7b7) x15 0xe54dc000
core   0: 0x80005e90 (0x27d78793) addi    a5, a5, 637
core   0: 3 0x80005e90 (0x27d78793) x15 0xe54dc27d
core   0: 0x80005e94 (0xfff00913) li      s2, -1
core   0: 3 0x80005e94 (0xfff00913) x18 0xffffffff
core   0: 0x80005e98 (0x00000293) li      t0, 0
core   0: 3 0x80005e98 (0x00000293) x 5 0x00000000
core   0: 0x80005e9c (0x63d0da37) lui     s4, 0x63d0d
core   0: 3 0x80005e9c (0x63d0da37) x20 0x63d0d000
core   0: 0x80005ea0 (0x08fa0a13) addi    s4, s4, 143
core   0: 3 0x80005ea0 (0x08fa0a13) x20 0x63d0d08f
core   0: 0x80005ea4 (0x9a3744b7) lui     s1, 0x9a374
core   0: 3 0x80005ea4 (0x9a3744b7) x 9 0x9a374000
core   0: 0x80005ea8 (0x74548493) addi    s1, s1, 1861
core   0: 3 0x80005ea8 (0x74548493) x 9 0x9a374745
core   0: 0x80005eac (0x80000737) lui     a4, 0x80000
core   0: 3 0x80005eac (0x80000737) x14 0x80000000
core   0: 0x80005eb0 (0x80000837) lui     a6, 0x80000
core   0: 3 0x80005eb0 (0x80000837) x16 0x80000000
core   0: 0x80005eb4 (0x800001b7) lui     gp, 0x80000
core   0: 3 0x80005eb4 (0x800001b7) x 3 0x80000000
core   0: 0x80005eb8 (0x00000413) li      s0, 0
core   0: 3 0x80005eb8 (0x00000413) x 8 0x00000000
core   0: 0x80005ebc (0x00000d13) li      s10, 0
core   0: 3 0x80005ebc (0x00000d13) x26 0x00000000
core   0: 0x80005ec0 (0x803ff437) lui     s0, 0x803ff
core   0: 3 0x80005ec0 (0x803ff437) x 8 0x803ff000
core   0: 0x80005ec4 (0x008d01b3) add     gp, s10, s0
core   0: 3 0x80005ec4 (0x008d01b3) x 3 0x803ff000
core   0: 0x80005ec8 (0x01aa04b3) add     s1, s4, s10
core   0: 3 0x80005ec8 (0x01aa04b3) x 9 0x63d0d08f
core   0: 0x80005ecc (0xaeca02b7) lui     t0, 0xaeca0
core   0: 3 0x80005ecc (0xaeca02b7) x 5 0xaeca0000
core   0: 0x80005ed0 (0x8f0add17) auipc   s10, 0x8f0ad
core   0: 3 0x80005ed0 (0x8f0add17) x26 0x0f0b2ed0
core   0: 0x80005ed4 (0x00000013) nop
core   0: 3 0x80005ed4 (0x00000013)
core   0: 0x80005ed8 (0x00000013) nop
core   0: 3 0x80005ed8 (0x00000013)
core   0: 0x80005edc (0x00000013) nop
core   0: 3 0x80005edc (0x00000013)
core   0: 0x80005ee0 (0x36f07d37) lui     s10, 0x36f07
core   0: 3 0x80005ee0 (0x36f07d37) x26 0x36f07000
core   0: 0x80005ee4 (0x00000013) nop
core   0: 3 0x80005ee4 (0x00000013)
core   0: 0x80005ee8 (0x2e818493) addi    s1, gp, 744
core   0: 3 0x80005ee8 (0x2e818493) x 9 0x803ff2e8
core   0: 0x80005eec (0x005d0733) add     a4, s10, t0
core   0: 3 0x80005eec (0x005d0733) x14 0xe5ba7000
core   0: 0x80005ef0 (0x00000013) nop
core   0: 3 0x80005ef0 (0x00000013)
core   0: 0x80005ef4 (0x90b7e297) auipc   t0, 0x90b7e
core   0: 3 0x80005ef4 (0x90b7e297) x 5 0x10b83ef4
core   0: 0x80005ef8 (0x1e4a0413) addi    s0, s4, 484
core   0: 3 0x80005ef8 (0x1e4a0413) x 8 0x63d0d273
core   0: 0x80005efc (0x32a0c437) lui     s0, 0x32a0c
core   0: 3 0x80005efc (0x32a0c437) x 8 0x32a0c000
core   0: 0x80005f00 (0x004a2ab3) slt     s5, s4, tp
core   0: 3 0x80005f00 (0x004a2ab3) x21 0x00000000
core   0: 0x80005f04 (0xfb18f413) andi    s0, a7, -79
core   0: 3 0x80005f04 (0xfb18f413) x 8 0x00000000
core   0: 0x80005f08 (0x01855233) srl     tp, a0, s8
core   0: 3 0x80005f08 (0x01855233) x 4 0x00000001
core   0: 0x80005f0c (0x01715f13) srli    t5, sp, 23
core   0: 3 0x80005f0c (0x01715f13) x30 0x00000100
core   0: 0x80005f10 (0x014cc133) xor     sp, s9, s4
core   0: 3 0x80005f10 (0x014cc133) x 2 0x63d0d08e
core   0: 0x80005f14 (0x01139213) slli    tp, t2, 17
core   0: 3 0x80005f14 (0x01139213) x 4 0x00020000
core   0: 0x80005f18 (0x0142a8b3) slt     a7, t0, s4
core   0: 3 0x80005f18 (0x0142a8b3) x17 0x00000001
core   0: 0x80005f1c (0x018acd33) xor     s10, s5, s8
core   0: 3 0x80005f1c (0x018acd33) x26 0xffc27e3f
core   0: 0x80005f20 (0x009ff833) and     a6, t6, s1
core   0: 3 0x80005f20 (0x009ff833) x16 0x800000c8
core   0: 0x80005f24 (0x0126a2b3) slt     t0, a3, s2
core   0: 3 0x80005f24 (0x0126a2b3) x 5 0x00000001
core   0: 0x80005f28 (0xebecb917) auipc   s2, 0xebecb
core   0: 3 0x80005f28 (0xebecb917) x18 0x6bed0f28
core   0: 0x80005f2c (0x3a3fc313) xori    t1, t6, 931
core   0: 3 0x80005f2c (0x3a3fc313) x 6 0xa0000679
core   0: 0x80005f30 (0x00000013) nop
core   0: 3 0x80005f30 (0x00000013)
core   0: 0x80005f34 (0x00738e33) add     t3, t2, t2
core   0: 3 0x80005f34 (0x00738e33) x28 0x00000002
core   0: 0x80005f38 (0x40efd793) srai    a5, t6, 14
core   0: 3 0x80005f38 (0x40efd793) x15 0xfffe8000
core   0: 0x80005f3c (0x00a51493) slli    s1, a0, 10
core   0: 3 0x80005f3c (0x00a51493) x 9 0x05339000
core   0: 0x80005f40 (0x00341833) sll     a6, s0, gp
core   0: 3 0x80005f40 (0x00341833) x16 0x00000000
core   0: 0x80005f44 (0x406c5113) srai    sp, s8, 6
core   0: 3 0x80005f44 (0x406c5113) x 2 0xffff09f8
core   0: 0x80005f48 (0x76286913) ori     s2, a6, 1890
core   0: 3 0x80005f48 (0x76286913) x18 0x00000762
core   0: 0x80005f4c (0x4016d8b3) sra     a7, a3, ra
core   0: 3 0x80005f4c (0x4016d8b3) x17 0xfff9557b
core   0: 0x80005f50 (0x00b112b3) sll     t0, sp, a1
core   0: 3 0x80005f50 (0x00b112b3) x 5 0xfff09f80
core   0: 0x80005f54 (0x11512093) slti    ra, sp, 277
core   0: 3 0x80005f54 (0x11512093) x 1 0x00000001
core   0: 0x80005f58 (0x40dd5613) srai    a2, s10, 13
core   0: 3 0x80005f58 (0x40dd5613) x12 0xfffffe13
core   0: 0x80005f5c (0x481a72b7) lui     t0, 0x481a7
core   0: 3 0x80005f5c (0x481a72b7) x 5 0x481a7000
core   0: 0x80005f60 (0x0c867193) andi    gp, a2, 200
core   0: 3 0x80005f60 (0x0c867193) x 3 0x00000000
core   0: 0x80005f64 (0x00000013) nop
core   0: 3 0x80005f64 (0x00000013)
core   0: 0x80005f68 (0xaece4393) xori    t2, t3, -1300
core   0: 3 0x80005f68 (0xaece4393) x 7 0xfffffaee
core   0: 0x80005f6c (0x162ae893) ori     a7, s5, 354
core   0: 3 0x80005f6c (0x162ae893) x17 0x00000162
core   0: 0x80005f70 (0xf5c90413) addi    s0, s2, -164
core   0: 3 0x80005f70 (0xf5c90413) x 8 0x000006be
core   0: 0x80005f74 (0xc8ddc993) xori    s3, s11, -883
core   0: 3 0x80005f74 (0xc8ddc993) x19 0xfffffc8c
core   0: 0x80005f78 (0x01aedd93) srli    s11, t4, 26
core   0: 3 0x80005f78 (0x01aedd93) x27 0x00000020
core   0: 0x80005f7c (0x13e7ee13) ori     t3, a5, 318
core   0: 3 0x80005f7c (0x13e7ee13) x28 0xfffe813e
core   0: 0x80005f80 (0x40eedf93) srai    t6, t4, 14
core   0: 3 0x80005f80 (0x40eedf93) x31 0xfffe0000
core   0: 0x80005f84 (0x6b450e13) addi    t3, a0, 1716
core   0: 3 0x80005f84 (0x6b450e13) x28 0x80015398
core   0: 0x80005f88 (0x019f6133) or      sp, t5, s9
core   0: 3 0x80005f88 (0x019f6133) x 2 0x00000101
core   0: 0x80005f8c (0x013c02b3) add     t0, s8, s3
core   0: 3 0x80005f8c (0x013c02b3) x 5 0xffc27acb
core   0: 0x80005f90 (0x1633f217) auipc   tp, 0x1633f
core   0: 3 0x80005f90 (0x1633f217) x 4 0x96344f90
core   0: 0x80005f94 (0x014fe433) or      s0, t6, s4
core   0: 3 0x80005f94 (0x014fe433) x 8 0xfffed08f
core   0: 0x80005f98 (0x01171db3) sll     s11, a4, a7
core   0: 3 0x80005f98 (0x01171db3) x27 0x96e9c000
core   0: 0x80005f9c (0xbc1e0413) addi    s0, t3, -1087
core   0: 3 0x80005f9c (0xbc1e0413) x 8 0x80014f59
core   0: 0x80005fa0 (0x003f01b3) add     gp, t5, gp
core   0: 3 0x80005fa0 (0x003f01b3) x 3 0x00000100
core   0: 0x80005fa4 (0x0148d833) srl     a6, a7, s4
core   0: 3 0x80005fa4 (0x0148d833) x16 0x00000000
core   0: 0x80005fa8 (0x00c524b3) slt     s1, a0, a2
core   0: 3 0x80005fa8 (0x00c524b3) x 9 0x00000001
core   0: 0x80005fac (0x00aa6033) or      zero, s4, a0
core   0: 3 0x80005fac (0x00aa6033)
core   0: 0x80005fb0 (0x5051ca13) xori    s4, gp, 1285
core   0: 3 0x80005fb0 (0x5051ca13) x20 0x00000405
core   0: 0x80005fb4 (0x4196d6b3) sra     a3, a3, s9
core   0: 3 0x80005fb4 (0x4196d6b3) x13 0xfffcaabd
core   0: 0x80005fb8 (0xf2e0be97) auipc   t4, 0xf2e0b
core   0: 3 0x80005fb8 (0xf2e0be97) x29 0x72e10fb8
core   0: 0x80005fbc (0x6f7ab413) sltiu   s0, s5, 1783
core   0: 3 0x80005fbc (0x6f7ab413) x 8 0x00000001
core   0: 0x80005fc0 (0x019f21b3) slt     gp, t5, s9
core   0: 3 0x80005fc0 (0x019f21b3) x 3 0x00000000
core   0: 0x80005fc4 (0x01c64bb3) xor     s7, a2, t3
core   0: 3 0x80005fc4 (0x01c64bb3) x23 0x7ffead8b
core   0: 0x80005fc8 (0x01646d33) or      s10, s0, s6
core   0: 3 0x80005fc8 (0x01646d33) x26 0x8e4c2001
core   0: 0x80005fcc (0x00052b33) slt     s6, a0, zero
core   0: 3 0x80005fcc (0x00052b33) x22 0x00000001
core   0: 0x80005fd0 (0x416dda33) sra     s4, s11, s6
core   0: 3 0x80005fd0 (0x416dda33) x20 0xcb74e000
core   0: 0x80005fd4 (0x9d482493) slti    s1, a6, -1580
core   0: 3 0x80005fd4 (0x9d482493) x 9 0x00000000
core   0: 0x80005fd8 (0x40265b33) sra     s6, a2, sp
core   0: 3 0x80005fd8 (0x40265b33) x22 0xffffff09
core   0: 0x80005fdc (0x43412093) slti    ra, sp, 1076
core   0: 3 0x80005fdc (0x43412093) x 1 0x00000001
core   0: 0x80005fe0 (0x01771393) slli    t2, a4, 23
core   0: 3 0x80005fe0 (0x01771393) x 7 0x00000000
core   0: 0x80005fe4 (0x006e66b3) or      a3, t3, t1
core   0: 3 0x80005fe4 (0x006e66b3) x13 0xa00157f9
core   0: 0x80005fe8 (0x01c9bbb3) sltu    s7, s3, t3
core   0: 3 0x80005fe8 (0x01c9bbb3) x23 0x00000000
core   0: 0x80005fec (0x3ef9e437) lui     s0, 0x3ef9e
core   0: 3 0x80005fec (0x3ef9e437) x 8 0x3ef9e000
core   0: 0x80005ff0 (0x01dafab3) and     s5, s5, t4
core   0: 3 0x80005ff0 (0x01dafab3) x21 0x00000000
core   0: 0x80005ff4 (0x29d1cb13) xori    s6, gp, 669
core   0: 3 0x80005ff4 (0x29d1cb13) x22 0x0000029d
core   0: 0x80005ff8 (0x413a8ab3) sub     s5, s5, s3
core   0: 3 0x80005ff8 (0x413a8ab3) x21 0x00000374
core   0: 0x80005ffc (0x01c6e733) or      a4, a3, t3
core   0: 3 0x80005ffc (0x01c6e733) x14 0xa00157f9
core   0: 0x80006000 (0x00000013) nop
core   0: 3 0x80006000 (0x00000013)
core   0: 0x80006004 (0x388df613) andi    a2, s11, 904
core   0: 3 0x80006004 (0x388df613) x12 0x00000000
core   0: 0x80006008 (0x40f7d613) srai    a2, a5, 15
core   0: 3 0x80006008 (0x40f7d613) x12 0xfffffffd
core   0: 0x8000600c (0x01d89433) sll     s0, a7, t4
core   0: 3 0x8000600c (0x01d89433) x 8 0x62000000
core   0: 0x80006010 (0x006fbeb3) sltu    t4, t6, t1
core   0: 3 0x80006010 (0x006fbeb3) x29 0x00000000
core   0: 0x80006014 (0x01be5d33) srl     s10, t3, s11
core   0: 3 0x80006014 (0x01be5d33) x26 0x80015398
core   0: 0x80006018 (0x415f0d33) sub     s10, t5, s5
core   0: 3 0x80006018 (0x415f0d33) x26 0xfffffd8c
core   0: 0x8000601c (0x007168b3) or      a7, sp, t2
core   0: 3 0x8000601c (0x007168b3) x17 0x00000101
core   0: 0x80006020 (0x40add413) srai    s0, s11, 10
core   0: 3 0x80006020 (0x40add413) x 8 0xffe5ba70
core   0: 0x80006024 (0xaa168113) addi    sp, a3, -1375
core   0: 3 0x80006024 (0xaa168113) x 2 0xa001529a
core   0: 0x80006028 (0x86fea1b7) lui     gp, 0x86fea
core   0: 3 0x80006028 (0x86fea1b7) x 3 0x86fea000
core   0: 0x8000602c (0x00609433) sll     s0, ra, t1
core   0: 3 0x8000602c (0x00609433) x 8 0x02000000
core   0: 0x80006030 (0x00fd7133) and     sp, s10, a5
core   0: 3 0x80006030 (0x00fd7133) x 2 0xfffe8000
core   0: 0x80006034 (0x40cc5193) srai    gp, s8, 12
core   0: 3 0x80006034 (0x40cc5193) x 3 0xfffffc27
core   0: 0x80006038 (0x04e6b113) sltiu   sp, a3, 78
core   0: 3 0x80006038 (0x04e6b113) x 2 0x00000000
core   0: 0x8000603c (0x00aad493) srli    s1, s5, 10
core   0: 3 0x8000603c (0x00aad493) x 9 0x00000000
core   0: 0x80006040 (0x00000013) nop
core   0: 3 0x80006040 (0x00000013)
core   0: 0x80006044 (0xd4090e97) auipc   t4, 0xd4090
core   0: 3 0x80006044 (0xd4090e97) x29 0x54096044
core   0: 0x80006048 (0x01471193) slli    gp, a4, 20
core   0: 3 0x80006048 (0x01471193) x 3 0x7f900000
core   0: 0x8000604c (0x01706833) or      a6, zero, s7
core   0: 3 0x8000604c (0x01706833) x16 0x00000000
core   0: 0x80006050 (0x01d55333) srl     t1, a0, t4
core   0: 3 0x80006050 (0x01d55333) x 6 0x080014ce
core   0: 0x80006054 (0x01185c93) srli    s9, a6, 17
core   0: 3 0x80006054 (0x01185c93) x25 0x00000000
core   0: 0x80006058 (0x0094db13) srli    s6, s1, 9
core   0: 3 0x80006058 (0x0094db13) x22 0x00000000
core   0: 0x8000605c (0x546b0213) addi    tp, s6, 1350
core   0: 3 0x8000605c (0x546b0213) x 4 0x00000546
core   0: 0x80006060 (0x010628b3) slt     a7, a2, a6
core   0: 3 0x80006060 (0x010628b3) x17 0x00000001
core   0: 0x80006064 (0x0de02e13) slti    t3, zero, 222
core   0: 3 0x80006064 (0x0de02e13) x28 0x00000001
core   0: 0x80006068 (0x009974b3) and     s1, s2, s1
core   0: 3 0x80006068 (0x009974b3) x 9 0x00000000
core   0: 0x8000606c (0xcb66ca13) xori    s4, a3, -842
core   0: 3 0x8000606c (0xcb66ca13) x20 0x5ffeab4f
core   0: 0x80006070 (0x01d34833) xor     a6, t1, t4
core   0: 3 0x80006070 (0x01d34833) x16 0x5c09748a
core   0: 0x80006074 (0x94053e37) lui     t3, 0x94053
core   0: 3 0x80006074 (0x94053e37) x28 0x94053000
core   0: 0x80006078 (0x01570cb3) add     s9, a4, s5
core   0: 3 0x80006078 (0x01570cb3) x25 0xa0015b6d
core   0: 0x8000607c (0x01bffcb3) and     s9, t6, s11
core   0: 3 0x8000607c (0x01bffcb3) x25 0x96e80000
core   0: 0x80006080 (0x00c23433) sltu    s0, tp, a2
core   0: 3 0x80006080 (0x00c23433) x 8 0x00000001
core   0: 0x80006084 (0x009e09b3) add     s3, t3, s1
core   0: 3 0x80006084 (0x009e09b3) x19 0x94053000
core   0: 0x80006088 (0x00f36fb3) or      t6, t1, a5
core   0: 3 0x80006088 (0x00f36fb3) x31 0xfffe94ce
core   0: 0x8000608c (0x00000013) nop
core   0: 3 0x8000608c (0x00000013)
core   0: 0x80006090 (0x0186d333) srl     t1, a3, s8
core   0: 3 0x80006090 (0x0186d333) x 6 0x00000001
core   0: 0x80006094 (0x3babb613) sltiu   a2, s7, 954
core   0: 3 0x80006094 (0x3babb613) x12 0x00000001
core   0: 0x80006098 (0x01ed6bb3) or      s7, s10, t5
core   0: 3 0x80006098 (0x01ed6bb3) x23 0xfffffd8c
core   0: 0x8000609c (0x009381b3) add     gp, t2, s1
core   0: 3 0x8000609c (0x009381b3) x 3 0x00000000
core   0: 0x800060a0 (0x00d99a13) slli    s4, s3, 13
core   0: 3 0x800060a0 (0x00d99a13) x20 0xa6000000
core   0: 0x800060a4 (0x00000013) nop
core   0: 3 0x800060a4 (0x00000013)
core   0: 0x800060a8 (0x009799b3) sll     s3, a5, s1
core   0: 3 0x800060a8 (0x009799b3) x19 0xfffe8000
core   0: 0x800060ac (0x00000013) nop
core   0: 3 0x800060ac (0x00000013)
core   0: 0x800060b0 (0x68570993) addi    s3, a4, 1669
core   0: 3 0x800060b0 (0x68570993) x19 0xa0015e7e
core   0: 0x800060b4 (0x400cd113) srai    sp, s9, 0
core   0: 3 0x800060b4 (0x400cd113) x 2 0x96e80000
core   0: 0x800060b8 (0x41ac8133) sub     sp, s9, s10
core   0: 3 0x800060b8 (0x41ac8133) x 2 0x96e80274
core   0: 0x800060bc (0x00736bb3) or      s7, t1, t2
core   0: 3 0x800060bc (0x00736bb3) x23 0x00000001
core   0: 0x800060c0 (0x416bd193) srai    gp, s7, 22
core   0: 3 0x800060c0 (0x416bd193) x 3 0x00000000
core   0: 0x800060c4 (0x00c3dd33) srl     s10, t2, a2
core   0: 3 0x800060c4 (0x00c3dd33) x26 0x00000000
core   0: 0x800060c8 (0xccee3e13) sltiu   t3, t3, -818
core   0: 3 0x800060c8 (0xccee3e13) x28 0x00000001
core   0: 0x800060cc (0x44133b13) sltiu   s6, t1, 1089
core   0: 3 0x800060cc (0x44133b13) x22 0x00000001
core   0: 0x800060d0 (0xfd97ce13) xori    t3, a5, -39
core   0: 3 0x800060d0 (0xfd97ce13) x28 0x00017fd9
core   0: 0x800060d4 (0xc8367817) auipc   a6, 0xc8367
core   0: 3 0x800060d4 (0xc8367817) x16 0x4836d0d4
core   0: 0x800060d8 (0x00f59293) slli    t0, a1, 15
core   0: 3 0x800060d8 (0x00f59293) x 5 0x87320000
core   0: 0x800060dc (0x009643b3) xor     t2, a2, s1
core   0: 3 0x800060dc (0x009643b3) x 7 0x00000001
core   0: 0x800060e0 (0x40d2db13) srai    s6, t0, 13
core   0: 3 0x800060e0 (0x40d2db13) x22 0xfffc3990
core   0: 0x800060e4 (0xc99a8013) addi    zero, s5, -871
core   0: 3 0x800060e4 (0xc99a8013)
core   0: 0x800060e8 (0x0067a7b3) slt     a5, a5, t1
core   0: 3 0x800060e8 (0x0067a7b3) x15 0x00000001
core   0: 0x800060ec (0x00d580b3) add     ra, a1, a3
core   0: 3 0x800060ec (0x00d580b3) x 1 0x2002665d
core   0: 0x800060f0 (0x7caae913) ori     s2, s5, 1994
core   0: 3 0x800060f0 (0x7caae913) x18 0x000007fe
core   0: 0x800060f4 (0x408b0433) sub     s0, s6, s0
core   0: 3 0x800060f4 (0x408b0433) x 8 0xfffc398f
core   0: 0x800060f8 (0x00000013) nop
core   0: 3 0x800060f8 (0x00000013)
core   0: 0x800060fc (0x41edda33) sra     s4, s11, t5
core   0: 3 0x800060fc (0x41edda33) x20 0x96e9c000
core   0: 0x80006100 (0x002d8f33) add     t5, s11, sp
core   0: 3 0x80006100 (0x002d8f33) x30 0x2dd1c274
core   0: 0x80006104 (0x832cff93) andi    t6, s9, -1998
core   0: 3 0x80006104 (0x832cff93) x31 0x96e80000
core   0: 0x80006108 (0xf9e67d13) andi    s10, a2, -98
core   0: 3 0x80006108 (0xf9e67d13) x26 0x00000000
core   0: 0x8000610c (0x9ad9d397) auipc   t2, 0x9ad9d
core   0: 3 0x8000610c (0x9ad9d397) x 7 0x1ada310c
core   0: 0x80006110 (0x019abbb3) sltu    s7, s5, s9
core   0: 3 0x80006110 (0x019abbb3) x23 0x00000001
core   0: 0x80006114 (0x00460033) add     zero, a2, tp
core   0: 3 0x80006114 (0x00460033)
core   0: 0x80006118 (0x012708b3) add     a7, a4, s2
core   0: 3 0x80006118 (0x012708b3) x17 0xa0015ff7
core   0: 0x8000611c (0x01eef433) and     s0, t4, t5
core   0: 3 0x8000611c (0x01eef433) x 8 0x04014044
core   0: 0x80006120 (0x01231d93) slli    s11, t1, 18
core   0: 3 0x80006120 (0x01231d93) x27 0x00040000
core   0: 0x80006124 (0x4056db93) srai    s7, a3, 5
core   0: 3 0x80006124 (0x4056db93) x23 0xfd000abf
core   0: 0x80006128 (0x405fd813) srai    a6, t6, 5
core   0: 3 0x80006128 (0x405fd813) x16 0xfcb74000
core   0: 0x8000612c (0x2b10fa93) andi    s5, ra, 689
core   0: 3 0x8000612c (0x2b10fa93) x21 0x00000211
core   0: 0x80006130 (0xfc51cb93) xori    s7, gp, -59
core   0: 3 0x80006130 (0xfc51cb93) x23 0xffffffc5
core   0: 0x80006134 (0x013c5113) srli    sp, s8, 19
core   0: 3 0x80006134 (0x013c5113) x 2 0x00001ff8
core   0: 0x80006138 (0x01af5993) srli    s3, t5, 26
core   0: 3 0x80006138 (0x01af5993) x19 0x0000000b
core   0: 0x8000613c (0x7d448413) addi    s0, s1, 2004
core   0: 3 0x8000613c (0x7d448413) x 8 0x000007d4
core   0: 0x80006140 (0x41ad5993) srai    s3, s10, 26
core   0: 3 0x80006140 (0x41ad5993) x19 0x00000000
core   0: 0x80006144 (0x01c588b3) add     a7, a1, t3
core   0: 3 0x80006144 (0x01c588b3) x17 0x80028e3d
core   0: 0x80006148 (0x410c5f33) sra     t5, s8, a6
core   0: 3 0x80006148 (0x410c5f33) x30 0xffc27e3f
core   0: 0x8000614c (0x40cdd033) sra     zero, s11, a2
core   0: 3 0x8000614c (0x40cdd033)
core   0: 0x80006150 (0x4113d2b3) sra     t0, t2, a7
core   0: 3 0x80006150 (0x4113d2b3) x 5 0x00000000
core   0: 0x80006154 (0x4ea9e413) ori     s0, s3, 1258
core   0: 3 0x80006154 (0x4ea9e413) x 8 0x000004ea
core   0: 0x80006158 (0x01b21613) slli    a2, tp, 27
core   0: 3 0x80006158 (0x01b21613) x12 0x30000000
core   0: 0x8000615c (0x90208313) addi    t1, ra, -1790
core   0: 3 0x8000615c (0x90208313) x 6 0x20025f5f
core   0: 0x80006160 (0x001d1d33) sll     s10, s10, ra
core   0: 3 0x80006160 (0x001d1d33) x26 0x00000000
core   0: 0x80006164 (0x013d5cb3) srl     s9, s10, s3
core   0: 3 0x80006164 (0x013d5cb3) x25 0x00000000
core   0: 0x80006168 (0x00365433) srl     s0, a2, gp
core   0: 3 0x80006168 (0x00365433) x 8 0x30000000
core   0: 0x8000616c (0x008ebcb3) sltu    s9, t4, s0
core   0: 3 0x8000616c (0x008ebcb3) x25 0x00000000
core   0: 0x80006170 (0x01592733) slt     a4, s2, s5
core   0: 3 0x80006170 (0x01592733) x14 0x00000000
core   0: 0x80006174 (0x406889b3) sub     s3, a7, t1
core   0: 3 0x80006174 (0x406889b3) x19 0x60002ede
core   0: 0x80006178 (0x010d04b3) add     s1, s10, a6
core   0: 3 0x80006178 (0x010d04b3) x 9 0xfcb74000
core   0: 0x8000617c (0x0126a3b3) slt     t2, a3, s2
core   0: 3 0x8000617c (0x0126a3b3) x 7 0x00000001
core   0: 0x80006180 (0x00f89eb3) sll     t4, a7, a5
core   0: 3 0x80006180 (0x00f89eb3) x29 0x00051c7a
core   0: 0x80006184 (0x01789d33) sll     s10, a7, s7
core   0: 3 0x80006184 (0x01789d33) x26 0x0051c7a0
core   0: 0x80006188 (0x004d9e33) sll     t3, s11, tp
core   0: 3 0x80006188 (0x004d9e33) x28 0x01000000
core   0: 0x8000618c (0x01455413) srli    s0, a0, 20
core   0: 3 0x8000618c (0x01455413) x 8 0x00000800
core   0: 0x80006190 (0xb6152213) slti    tp, a0, -1183
core   0: 3 0x80006190 (0xb6152213) x 4 0x00000001
core   0: 0x80006194 (0x009bebb3) or      s7, s7, s1
core   0: 3 0x80006194 (0x009bebb3) x23 0xffffffc5
core   0: 0x80006198 (0x00000013) nop
core   0: 3 0x80006198 (0x00000013)
core   0: 0x8000619c (0x0025df93) srli    t6, a1, 2
core   0: 3 0x8000619c (0x0025df93) x31 0x20004399
core   0: 0x800061a0 (0x01a346b3) xor     a3, t1, s10
core   0: 3 0x800061a0 (0x01a346b3) x13 0x205398ff
core   0: 0x800061a4 (0x005a9793) slli    a5, s5, 5
core   0: 3 0x800061a4 (0x005a9793) x15 0x00004220
core   0: 0x800061a8 (0x51e4f293) andi    t0, s1, 1310
core   0: 3 0x800061a8 (0x51e4f293) x 5 0x00000000
core   0: 0x800061ac (0xa4710697) auipc   a3, 0xa4710
core   0: 3 0x800061ac (0xa4710697) x13 0x247161ac
core   0: 0x800061b0 (0x41828633) sub     a2, t0, s8
core   0: 3 0x800061b0 (0x41828633) x12 0x003d81c1
core   0: 0x800061b4 (0xedb44e97) auipc   t4, 0xedb44
core   0: 3 0x800061b4 (0xedb44e97) x29 0x6db4a1b4
core   0: 0x800061b8 (0x2b897e13) andi    t3, s2, 696
core   0: 3 0x800061b8 (0x2b897e13) x28 0x000002b8
core   0: 0x800061bc (0x9bbf7f93) andi    t6, t5, -1605
core   0: 3 0x800061bc (0x9bbf7f93) x31 0xffc2783b
core   0: 0x800061c0 (0x40ad5e13) srai    t3, s10, 10
core   0: 3 0x800061c0 (0x40ad5e13) x28 0x00001471
core   0: 0x800061c4 (0x01ac1433) sll     s0, s8, s10
core   0: 3 0x800061c4 (0x01ac1433) x 8 0xffc27e3f
core   0: 0x800061c8 (0x3a848393) addi    t2, s1, 936
core   0: 3 0x800061c8 (0x3a848393) x 7 0xfcb743a8
core   0: 0x800061cc (0x013cd9b3) srl     s3, s9, s3
core   0: 3 0x800061cc (0x013cd9b3) x19 0x00000000
core   0: 0x800061d0 (0xf3d52793) slti    a5, a0, -195
core   0: 3 0x800061d0 (0xf3d52793) x15 0x00000001
core   0: 0x800061d4 (0x007c1e33) sll     t3, s8, t2
core   0: 3 0x800061d4 (0x007c1e33) x28 0xc27e3f00
core   0: 0x800061d8 (0x0147c3b3) xor     t2, a5, s4
core   0: 3 0x800061d8 (0x0147c3b3) x 7 0x96e9c001
core   0: 0x800061dc (0x01ad67b3) or      a5, s10, s10
core   0: 3 0x800061dc (0x01ad67b3) x15 0x0051c7a0
core   0: 0x800061e0 (0x40ac5933) sra     s2, s8, a0
core   0: 3 0x800061e0 (0x40ac5933) x18 0xfffc27e3
core   0: 0x800061e4 (0x01f34633) xor     a2, t1, t6
core   0: 3 0x800061e4 (0x01f34633) x12 0xdfc02764
core   0: 0x800061e8 (0x00b79fb3) sll     t6, a5, a1
core   0: 3 0x800061e8 (0x00b79fb3) x31 0x051c7a00
core   0: 0x800061ec (0x40375db3) sra     s11, a4, gp
core   0: 3 0x800061ec (0x40375db3) x27 0x00000000
core   0: 0x800061f0 (0x018ed613) srli    a2, t4, 24
core   0: 3 0x800061f0 (0x018ed613) x12 0x0000006d
core   0: 0x800061f4 (0xcea102b7) lui     t0, 0xcea10
core   0: 3 0x800061f4 (0xcea102b7) x 5 0xcea10000
core   0: 0x800061f8 (0x008e9e13) slli    t3, t4, 8
core   0: 3 0x800061f8 (0x008e9e13) x28 0xb4a1b400
core   0: 0x800061fc (0x0075bd33) sltu    s10, a1, t2
core   0: 3 0x800061fc (0x0075bd33) x26 0x00000001
core   0: 0x80006200 (0x004e6433) or      s0, t3, tp
core   0: 3 0x80006200 (0x004e6433) x 8 0xb4a1b401
core   0: 0x80006204 (0x002e6233) or      tp, t3, sp
core   0: 3 0x80006204 (0x002e6233) x 4 0xb4a1bff8
core   0: 0x80006208 (0xe05fa313) slti    t1, t6, -507
core   0: 3 0x80006208 (0xe05fa313) x 6 0x00000000
core   0: 0x8000620c (0x00000013) nop
core   0: 3 0x8000620c (0x00000013)
core   0: 0x80006210 (0x011c66b3) or      a3, s8, a7
core   0: 3 0x80006210 (0x011c66b3) x13 0xffc2fe3f
core   0: 0x80006214 (0x013a7eb3) and     t4, s4, s3
core   0: 3 0x80006214 (0x013a7eb3) x29 0x00000000
core   0: 0x80006218 (0x68a17b93) andi    s7, sp, 1674
core   0: 3 0x80006218 (0x68a17b93) x23 0x00000688
core   0: 0x8000621c (0x41715833) sra     a6, sp, s7
core   0: 3 0x8000621c (0x41715833) x16 0x0000001f
core   0: 0x80006220 (0x00000013) nop
core   0: 3 0x80006220 (0x00000013)
core   0: 0x80006224 (0x00000013) nop
core   0: 3 0x80006224 (0x00000013)
core   0: 0x80006228 (0x00c71493) slli    s1, a4, 12
core   0: 3 0x80006228 (0x00c71493) x 9 0x00000000
core   0: 0x8000622c (0x404383b3) sub     t2, t2, tp
core   0: 3 0x8000622c (0x404383b3) x 7 0xe2480009
core   0: 0x80006230 (0x06ccbcb7) lui     s9, 0x6ccb
core   0: 3 0x80006230 (0x06ccbcb7) x25 0x06ccb000
core   0: 0x80006234 (0x40995413) srai    s0, s2, 9
core   0: 3 0x80006234 (0x40995413) x 8 0xfffffe13
core   0: 0x80006238 (0xa5ed9197) auipc   gp, 0xa5ed9
core   0: 3 0x80006238 (0xa5ed9197) x 3 0x25edf238
core   0: 0x8000623c (0xb6fec413) xori    s0, t4, -1169
core   0: 3 0x8000623c (0xb6fec413) x 8 0xfffffb6f
core   0: 0x80006240 (0x0141b1b3) sltu    gp, gp, s4
core   0: 3 0x80006240 (0x0141b1b3) x 3 0x00000001
core   0: 0x80006244 (0x41d95db3) sra     s11, s2, t4
core   0: 3 0x80006244 (0x41d95db3) x27 0xfffc27e3
core   0: 0x80006248 (0x001aefb3) or      t6, s5, ra
core   0: 3 0x80006248 (0x001aefb3) x31 0x2002665d
core   0: 0x8000624c (0x018c6133) or      sp, s8, s8
core   0: 3 0x8000624c (0x018c6133) x 2 0xffc27e3f
core   0: 0x80006250 (0x41e3d6b3) sra     a3, t2, t5
core   0: 3 0x80006250 (0x41e3d6b3) x13 0xffffffff
core   0: 0x80006254 (0x4044ddb3) sra     s11, s1, tp
core   0: 3 0x80006254 (0x4044ddb3) x27 0x00000000
core   0: 0x80006258 (0x41455db3) sra     s11, a0, s4
core   0: 3 0x80006258 (0x41455db3) x27 0x80014ce4
core   0: 0x8000625c (0x01b9bdb3) sltu    s11, s3, s11
core   0: 3 0x8000625c (0x01b9bdb3) x27 0x00000001
core   0: 0x80006260 (0x23de8693) addi    a3, t4, 573
core   0: 3 0x80006260 (0x23de8693) x13 0x0000023d
core   0: 0x80006264 (0x8f0bf613) andi    a2, s7, -1808
core   0: 3 0x80006264 (0x8f0bf613) x12 0x00000080
core   0: 0x80006268 (0x94a90197) auipc   gp, 0x94a90
core   0: 3 0x80006268 (0x94a90197) x 3 0x14a96268
core   0: 0x8000626c (0x41d701b3) sub     gp, a4, t4
core   0: 3 0x8000626c (0x41d701b3) x 3 0x00000000
core   0: 0x80006270 (0x41520a33) sub     s4, tp, s5
core   0: 3 0x80006270 (0x41520a33) x20 0xb4a1bde7
core   0: 0x80006274 (0x0051c633) xor     a2, gp, t0
core   0: 3 0x80006274 (0x0051c633) x12 0xcea10000
core   0: 0x80006278 (0x01be51b3) srl     gp, t3, s11
core   0: 3 0x80006278 (0x01be51b3) x 3 0x5a50da00
core   0: 0x8000627c (0x008072b3) and     t0, zero, s0
core   0: 3 0x8000627c (0x008072b3) x 5 0x00000000
core   0: 0x80006280 (0x003c7f33) and     t5, s8, gp
core   0: 3 0x80006280 (0x003c7f33) x30 0x5a405a00
core   0: 0x80006284 (0x01915613) srli    a2, sp, 25
core   0: 3 0x80006284 (0x01915613) x12 0x0000007f
core   0: 0x80006288 (0x01cf7433) and     s0, t5, t3
core   0: 3 0x80006288 (0x01cf7433) x 8 0x10001000
core   0: 0x8000628c (0x01a35bb3) srl     s7, t1, s10
core   0: 3 0x8000628c (0x01a35bb3) x23 0x00000000
core   0: 0x80006290 (0x006b9cb3) sll     s9, s7, t1
core   0: 3 0x80006290 (0x006b9cb3) x25 0x00000000
core   0: 0x80006294 (0x584da193) slti    gp, s11, 1412
core   0: 3 0x80006294 (0x584da193) x 3 0x00000001
core   0: 0x80006298 (0x0129d2b3) srl     t0, s3, s2
core   0: 3 0x80006298 (0x0129d2b3) x 5 0x00000000
core   0: 0x8000629c (0x00325033) srl     zero, tp, gp
core   0: 3 0x8000629c (0x00325033)
core   0: 0x800062a0 (0x00000013) nop
core   0: 3 0x800062a0 (0x00000013)
core   0: 0x800062a4 (0x00590033) add     zero, s2, t0
core   0: 3 0x800062a4 (0x00590033)
core   0: 0x800062a8 (0x018a0d33) add     s10, s4, s8
core   0: 3 0x800062a8 (0x018a0d33) x26 0xb4643c26
core   0: 0x800062ac (0x016e31b3) sltu    gp, t3, s6
core   0: 3 0x800062ac (0x016e31b3) x 3 0x00000001
core   0: 0x800062b0 (0x003bd833) srl     a6, s7, gp
core   0: 3 0x800062b0 (0x003bd833) x16 0x00000000
core   0: 0x800062b4 (0x017cd233) srl     tp, s9, s7
core   0: 3 0x800062b4 (0x017cd233) x 4 0x00000000
core   0: 0x800062b8 (0x76873097) auipc   ra, 0x76873
core   0: 3 0x800062b8 (0x76873097) x 1 0xf68792b8
core   0: 0x800062bc (0x001c01b3) add     gp, s8, ra
core   0: 3 0x800062bc (0x001c01b3) x 3 0xf64a10f7
core   0: 0x800062c0 (0x55772613) slti    a2, a4, 1367
core   0: 3 0x800062c0 (0x55772613) x12 0x00000001
core   0: 0x800062c4 (0x2cd07713) andi    a4, zero, 717
core   0: 3 0x800062c4 (0x2cd07713) x14 0x00000000
core   0: 0x800062c8 (0x01cd8db3) add     s11, s11, t3
core   0: 3 0x800062c8 (0x01cd8db3) x27 0xb4a1b401
core   0: 0x800062cc (0x8c54c497) auipc   s1, 0x8c54c
core   0: 3 0x800062cc (0x8c54c497) x 9 0x0c5522cc
core   0: 0x800062d0 (0x00c9b1b3) sltu    gp, s3, a2
core   0: 3 0x800062d0 (0x00c9b1b3) x 3 0x00000001
core   0: 0x800062d4 (0x00000013) nop
core   0: 3 0x800062d4 (0x00000013)
core   0: 0x800062d8 (0x00000013) nop
core   0: 3 0x800062d8 (0x00000013)
core   0: 0x800062dc (0x01403eb3) snez    t4, s4
core   0: 3 0x800062dc (0x01403eb3) x29 0x00000001
core   0: 0x800062e0 (0x054c7eb7) lui     t4, 0x54c7
core   0: 3 0x800062e0 (0x054c7eb7) x29 0x054c7000
core   0: 0x800062e4 (0x4044d433) sra     s0, s1, tp
core   0: 3 0x800062e4 (0x4044d433) x 8 0x0c5522cc
core   0: 0x800062e8 (0x01a6db93) srli    s7, a3, 26
core   0: 3 0x800062e8 (0x01a6db93) x23 0x00000000
core   0: 0x800062ec (0x019fe7b3) or      a5, t6, s9
core   0: 3 0x800062ec (0x019fe7b3) x15 0x2002665d
core   0: 0x800062f0 (0x40ff0833) sub     a6, t5, a5
core   0: 3 0x800062f0 (0x40ff0833) x16 0x3a3df3a3
core   0: 0x800062f4 (0x00fc5713) srli    a4, s8, 15
core   0: 3 0x800062f4 (0x00fc5713) x14 0x0001ff84
core   0: 0x800062f8 (0x018bb6b3) sltu    a3, s7, s8
core   0: 3 0x800062f8 (0x018bb6b3) x13 0x00000001
core   0: 0x800062fc (0x40e5d693) srai    a3, a1, 14
core   0: 3 0x800062fc (0x40e5d693) x13 0xfffe0004
core   0: 0x80006300 (0x4c928693) addi    a3, t0, 1225
core   0: 3 0x80006300 (0x4c928693) x13 0x000004c9
core   0: 0x80006304 (0x0037e6b3) or      a3, a5, gp
core   0: 3 0x80006304 (0x0037e6b3) x13 0x2002665d
core   0: 0x80006308 (0x4902b617) auipc   a2, 0x4902b
core   0: 3 0x80006308 (0x4902b617) x12 0xc9031308
core   0: 0x8000630c (0x0158dcb3) srl     s9, a7, s5
core   0: 3 0x8000630c (0x0158dcb3) x25 0x00004001
core   0: 0x80006310 (0x00939813) slli    a6, t2, 9
core   0: 3 0x80006310 (0x00939813) x16 0x90001200
core   0: 0x80006314 (0x01bc9ab3) sll     s5, s9, s11
core   0: 3 0x80006314 (0x01bc9ab3) x21 0x00008002
core   0: 0x80006318 (0x0095a2b3) slt     t0, a1, s1
core   0: 3 0x80006318 (0x0095a2b3) x 5 0x00000001
core   0: 0x8000631c (0x01068933) add     s2, a3, a6
core   0: 3 0x8000631c (0x01068933) x18 0xb002785d
core   0: 0x80006320 (0x1602c313) xori    t1, t0, 352
core   0: 3 0x80006320 (0x1602c313) x 6 0x00000161
core   0: 0x80006324 (0x58612893) slti    a7, sp, 1414
core   0: 3 0x80006324 (0x58612893) x17 0x00000001
core   0: 0x80006328 (0xe424bc93) sltiu   s9, s1, -446
core   0: 3 0x80006328 (0xe424bc93) x25 0x00000001
core   0: 0x8000632c (0x077a2193) slti    gp, s4, 119
core   0: 3 0x8000632c (0x077a2193) x 3 0x00000001
core   0: 0x80006330 (0x1ef20eb7) lui     t4, 0x1ef20
core   0: 3 0x80006330 (0x1ef20eb7) x29 0x1ef20000
core   0: 0x80006334 (0x0172de13) srli    t3, t0, 23
core   0: 3 0x80006334 (0x0172de13) x28 0x00000000
core   0: 0x80006338 (0x01659b93) slli    s7, a1, 22
core   0: 3 0x80006338 (0x01659b93) x23 0x99000000
core   0: 0x8000633c (0x9235bd93) sltiu   s11, a1, -1757
core   0: 3 0x8000633c (0x9235bd93) x27 0x00000001
core   0: 0x80006340 (0x01de9e93) slli    t4, t4, 29
core   0: 3 0x80006340 (0x01de9e93) x29 0x00000000
core   0: 0x80006344 (0x01c656b3) srl     a3, a2, t3
core   0: 3 0x80006344 (0x01c656b3) x13 0xc9031308
core   0: 0x80006348 (0x1f31e113) ori     sp, gp, 499
core   0: 3 0x80006348 (0x1f31e113) x 2 0x000001f3
core   0: 0x8000634c (0x00fe9493) slli    s1, t4, 15
core   0: 3 0x8000634c (0x00fe9493) x 9 0x00000000
core   0: 0x80006350 (0x01262033) slt     zero, a2, s2
core   0: 3 0x80006350 (0x01262033)
core   0: 0x80006354 (0x52814a93) xori    s5, sp, 1320
core   0: 3 0x80006354 (0x52814a93) x21 0x000004db
core   0: 0x80006358 (0x018f2ab3) slt     s5, t5, s8
core   0: 3 0x80006358 (0x018f2ab3) x21 0x00000000
core   0: 0x8000635c (0x00000013) nop
core   0: 3 0x8000635c (0x00000013)
core   0: 0x80006360 (0x400b8e33) sub     t3, s7, zero
core   0: 3 0x80006360 (0x400b8e33) x28 0x99000000
core   0: 0x80006364 (0x01f75193) srli    gp, a4, 31
core   0: 3 0x80006364 (0x01f75193) x 3 0x00000000
core   0: 0x80006368 (0xcc9e4213) xori    tp, t3, -823
core   0: 3 0x80006368 (0xcc9e4213) x 4 0x66fffcc9
core   0: 0x8000636c (0x2d359317) auipc   t1, 0x2d359
core   0: 3 0x8000636c (0x2d359317) x 6 0xad35f36c
core   0: 0x80006370 (0x40070db3) sub     s11, a4, zero
core   0: 3 0x80006370 (0x40070db3) x27 0x0001ff84
core   0: 0x80006374 (0x01c80733) add     a4, a6, t3
core   0: 3 0x80006374 (0x01c80733) x14 0x29001200
core   0: 0x80006378 (0x00000013) nop
core   0: 3 0x80006378 (0x00000013)
core   0: 0x8000637c (0x005924b3) slt     s1, s2, t0
core   0: 3 0x8000637c (0x005924b3) x 9 0x00000001
core   0: 0x80006380 (0x7e5d7693) andi    a3, s10, 2021
core   0: 3 0x80006380 (0x7e5d7693) x13 0x00000424
core   0: 0x80006384 (0x32fd7b17) auipc   s6, 0x32fd7
core   0: 3 0x80006384 (0x32fd7b17) x22 0xb2fdd384
core   0: 0x80006388 (0x006dd8b3) srl     a7, s11, t1
core   0: 3 0x80006388 (0x006dd8b3) x17 0x0000001f
core   0: 0x8000638c (0x0114bf33) sltu    t5, s1, a7
core   0: 3 0x8000638c (0x0114bf33) x30 0x00000001
core   0: 0x80006390 (0x00166233) or      tp, a2, ra
core   0: 3 0x80006390 (0x00166233) x 4 0xff8793b8
core   0: 0x80006394 (0x443e0c93) addi    s9, t3, 1091
core   0: 3 0x80006394 (0x443e0c93) x25 0x99000443
core   0: 0x80006398 (0x0995b317) auipc   t1, 0x995b
core   0: 3 0x80006398 (0x0995b317) x 6 0x89961398
core   0: 0x8000639c (0x015f8033) add     zero, t6, s5
core   0: 3 0x8000639c (0x015f8033)
core   0: 0x800063a0 (0x0143d733) srl     a4, t2, s4
core   0: 3 0x800063a0 (0x0143d733) x14 0x01c49000
core   0: 0x800063a4 (0x2d9fab37) lui     s6, 0x2d9fa
core   0: 3 0x800063a4 (0x2d9fab37) x22 0x2d9fa000
core   0: 0x800063a8 (0x2732dcb7) lui     s9, 0x2732d
core   0: 3 0x800063a8 (0x2732dcb7) x25 0x2732d000
core   0: 0x800063ac (0x0005b1b3) sltu    gp, a1, zero
core   0: 3 0x800063ac (0x0005b1b3) x 3 0x00000000
core   0: 0x800063b0 (0x06ebf693) andi    a3, s7, 110
core   0: 3 0x800063b0 (0x06ebf693) x13 0x00000000
core   0: 0x800063b4 (0xefe3a693) slti    a3, t2, -258
core   0: 3 0x800063b4 (0xefe3a693) x13 0x00000001
core   0: 0x800063b8 (0xa21a2193) slti    gp, s4, -1503
core   0: 3 0x800063b8 (0xa21a2193) x 3 0x00000001
core   0: 0x800063bc (0xbaaebb13) sltiu   s6, t4, -1110
core   0: 3 0x800063bc (0xbaaebb13) x22 0x00000001
core   0: 0x800063c0 (0x012ad993) srli    s3, s5, 18
core   0: 3 0x800063c0 (0x012ad993) x19 0x00000000
core   0: 0x800063c4 (0x59a57413) andi    s0, a0, 1434
core   0: 3 0x800063c4 (0x59a57413) x 8 0x00000480
core   0: 0x800063c8 (0x007d1a93) slli    s5, s10, 7
core   0: 3 0x800063c8 (0x007d1a93) x21 0x321e1300
core   0: 0x800063cc (0x74718d93) addi    s11, gp, 1863
core   0: 3 0x800063cc (0x74718d93) x27 0x00000748
core   0: 0x800063d0 (0x00000013) nop
core   0: 3 0x800063d0 (0x00000013)
core   0: 0x800063d4 (0xf58cad17) auipc   s10, 0xf58ca
core   0: 3 0x800063d4 (0xf58cad17) x26 0x758d03d4
core   0: 0x800063d8 (0x41e70bb3) sub     s7, a4, t5
core   0: 3 0x800063d8 (0x41e70bb3) x23 0x01c48fff
core   0: 0x800063dc (0x0095de33) srl     t3, a1, s1
core   0: 3 0x800063dc (0x0095de33) x28 0x40008732
core   0: 0x800063e0 (0x018a9813) slli    a6, s5, 24
core   0: 3 0x800063e0 (0x018a9813) x16 0x00000000
core   0: 0x800063e4 (0x010dd333) srl     t1, s11, a6
core   0: 3 0x800063e4 (0x010dd333) x 6 0x00000748
core   0: 0x800063e8 (0x0079abb3) slt     s7, s3, t2
core   0: 3 0x800063e8 (0x0079abb3) x23 0x00000000
core   0: 0x800063ec (0xc404c793) xori    a5, s1, -960
core   0: 3 0x800063ec (0xc404c793) x15 0xfffffc41
core   0: 0x800063f0 (0xb6292693) slti    a3, s2, -1182
core   0: 3 0x800063f0 (0xb6292693) x13 0x00000001
core   0: 0x800063f4 (0xef854a93) xori    s5, a0, -264
core   0: 3 0x800063f4 (0xef854a93) x21 0x7ffeb21c
core   0: 0x800063f8 (0x01d15613) srli    a2, sp, 29
core   0: 3 0x800063f8 (0x01d15613) x12 0x00000000
core   0: 0x800063fc (0x09fcca13) xori    s4, s9, 159
core   0: 3 0x800063fc (0x09fcca13) x20 0x2732d09f
core   0: 0x80006400 (0x00061f13) slli    t5, a2, 0
core   0: 3 0x80006400 (0x00061f13) x30 0x00000000
core   0: 0x80006404 (0x41255fb3) sra     t6, a0, s2
core   0: 3 0x80006404 (0x41255fb3) x31 0xfffffffc
core   0: 0x80006408 (0x00000013) nop
core   0: 3 0x80006408 (0x00000013)
core   0: 0x8000640c (0xa02ff393) andi    t2, t6, -1534
core   0: 3 0x8000640c (0xa02ff393) x 7 0xfffffa00
core   0: 0x80006410 (0x83d47b37) lui     s6, 0x83d47
core   0: 3 0x80006410 (0x83d47b37) x22 0x83d47000
core   0: 0x80006414 (0x000910b3) sll     ra, s2, zero
core   0: 3 0x80006414 (0x000910b3) x 1 0xb002785d
core   0: 0x80006418 (0xb43ece13) xori    t3, t4, -1213
core   0: 3 0x80006418 (0xb43ece13) x28 0xfffffb43
core   0: 0x8000641c (0xace0bbb7) lui     s7, 0xace0b
core   0: 3 0x8000641c (0xace0bbb7) x23 0xace0b000
core   0: 0x80006420 (0x00b3f633) and     a2, t2, a1
core   0: 3 0x80006420 (0x00b3f633) x12 0x80010a00
core   0: 0x80006424 (0x6101bb93) sltiu   s7, gp, 1552
core   0: 3 0x80006424 (0x6101bb93) x23 0x00000001
core   0: 0x80006428 (0xf5358493) addi    s1, a1, -173
core   0: 3 0x80006428 (0xf5358493) x 9 0x80010db7
core   0: 0x8000642c (0xc3094193) xori    gp, s2, -976
core   0: 3 0x8000642c (0xc3094193) x 3 0x4ffd846d
core   0: 0x80006430 (0x003703b3) add     t2, a4, gp
core   0: 3 0x80006430 (0x003703b3) x 7 0x51c2146d
core   0: 0x80006434 (0xd47a8e93) addi    t4, s5, -697
core   0: 3 0x80006434 (0xd47a8e93) x29 0x7ffeaf63
core   0: 0x80006438 (0x145f4437) lui     s0, 0x145f4
core   0: 3 0x80006438 (0x145f4437) x 8 0x145f4000
core   0: 0x8000643c (0x00000013) nop
core   0: 3 0x8000643c (0x00000013)
core   0: 0x80006440 (0x00f9f8b3) and     a7, s3, a5
core   0: 3 0x80006440 (0x00f9f8b3) x17 0x00000000
core   0: 0x80006444 (0xdb416713) ori     a4, sp, -588
core   0: 3 0x80006444 (0xdb416713) x14 0xfffffdf7
core   0: 0x80006448 (0x01a2c933) xor     s2, t0, s10
core   0: 3 0x80006448 (0x01a2c933) x18 0x758d03d5
core   0: 0x8000644c (0x777c4d93) xori    s11, s8, 1911
core   0: 3 0x8000644c (0x777c4d93) x27 0xffc27948
core   0: 0x80006450 (0x018bcb33) xor     s6, s7, s8
core   0: 3 0x80006450 (0x018bcb33) x22 0xffc27e3e
core   0: 0x80006454 (0xb5b6a813) slti    a6, a3, -1189
core   0: 3 0x80006454 (0xb5b6a813) x16 0x00000000
core   0: 0x80006458 (0x5492be93) sltiu   t4, t0, 1353
core   0: 3 0x80006458 (0x5492be93) x29 0x00000001
core   0: 0x8000645c (0x4064deb3) sra     t4, s1, t1
core   0: 3 0x8000645c (0x4064deb3) x29 0xff80010d
core   0: 0x80006460 (0x01c527b3) slt     a5, a0, t3
core   0: 3 0x80006460 (0x01c527b3) x15 0x00000001
core   0: 0x80006464 (0x01bdd993) srli    s3, s11, 27
core   0: 3 0x80006464 (0x01bdd993) x19 0x0000001f
core   0: 0x80006468 (0x00fd9f93) slli    t6, s11, 15
core   0: 3 0x80006468 (0x00fd9f93) x31 0x3ca40000
core   0: 0x8000646c (0x00d36633) or      a2, t1, a3
core   0: 3 0x8000646c (0x00d36633) x12 0x00000749
core   0: 0x80006470 (0x0062adb3) slt     s11, t0, t1
core   0: 3 0x80006470 (0x0062adb3) x27 0x00000001
core   0: 0x80006474 (0x0189f3b3) and     t2, s3, s8
core   0: 3 0x80006474 (0x0189f3b3) x 7 0x0000001f
core   0: 0x80006478 (0x0131bcb3) sltu    s9, gp, s3
core   0: 3 0x80006478 (0x0131bcb3) x25 0x00000000
core   0: 0x8000647c (0x23664a13) xori    s4, a2, 566
core   0: 3 0x8000647c (0x23664a13) x20 0x0000057f
core   0: 0x80006480 (0x010e5eb3) srl     t4, t3, a6
core   0: 3 0x80006480 (0x010e5eb3) x29 0xfffffb43
core   0: 0x80006484 (0xa4433693) sltiu   a3, t1, -1468
core   0: 3 0x80006484 (0xa4433693) x13 0x00000001
core   0: 0x80006488 (0x01f7c333) xor     t1, a5, t6
core   0: 3 0x80006488 (0x01f7c333) x 6 0x3ca40001
core   0: 0x8000648c (0x00872933) slt     s2, a4, s0
core   0: 3 0x8000648c (0x00872933) x18 0x00000001
core   0: 0x80006490 (0x0183d613) srli    a2, t2, 24
core   0: 3 0x80006490 (0x0183d613) x12 0x00000000
core   0: 0x80006494 (0x009604b3) add     s1, a2, s1
core   0: 3 0x80006494 (0x009604b3) x 9 0x80010db7
core   0: 0x80006498 (0x4030d7b3) sra     a5, ra, gp
core   0: 3 0x80006498 (0x4030d7b3) x15 0xfffd8013
core   0: 0x8000649c (0x4007dd93) srai    s11, a5, 0
core   0: 3 0x8000649c (0x4007dd93) x27 0xfffd8013
core   0: 0x800064a0 (0xaa6f4437) lui     s0, 0xaa6f4
core   0: 3 0x800064a0 (0xaa6f4437) x 8 0xaa6f4000
core   0: 0x800064a4 (0x01173cb3) sltu    s9, a4, a7
core   0: 3 0x800064a4 (0x01173cb3) x25 0x00000000
core   0: 0x800064a8 (0x003863b3) or      t2, a6, gp
core   0: 3 0x800064a8 (0x003863b3) x 7 0x4ffd846d
core   0: 0x800064ac (0xdb8e7d13) andi    s10, t3, -584
core   0: 3 0x800064ac (0xdb8e7d13) x26 0xfffff900
core   0: 0x800064b0 (0x01a8c633) xor     a2, a7, s10
core   0: 3 0x800064b0 (0x01a8c633) x12 0xfffff900
core   0: 0x800064b4 (0x405cd313) srai    t1, s9, 5
core   0: 3 0x800064b4 (0x405cd313) x 6 0x00000000
core   0: 0x800064b8 (0x405bd093) srai    ra, s7, 5
core   0: 3 0x800064b8 (0x405bd093) x 1 0x00000000
core   0: 0x800064bc (0xe9478713) addi    a4, a5, -364
core   0: 3 0x800064bc (0xe9478713) x14 0xfffd7ea7
core   0: 0x800064c0 (0x40a35833) sra     a6, t1, a0
core   0: 3 0x800064c0 (0x40a35833) x16 0x00000000
core   0: 0x800064c4 (0x005e6eb3) or      t4, t3, t0
core   0: 3 0x800064c4 (0x005e6eb3) x29 0xfffffb43
core   0: 0x800064c8 (0x014834b3) sltu    s1, a6, s4
core   0: 3 0x800064c8 (0x014834b3) x 9 0x00000001
core   0: 0x800064cc (0x40a0d133) sra     sp, ra, a0
core   0: 3 0x800064cc (0x40a0d133) x 2 0x00000000
core   0: 0x800064d0 (0x84d5bf93) sltiu   t6, a1, -1971
core   0: 3 0x800064d0 (0x84d5bf93) x31 0x00000001
core   0: 0x800064d4 (0x668987b7) lui     a5, 0x66898
core   0: 3 0x800064d4 (0x668987b7) x15 0x66898000
core   0: 0x800064d8 (0xfc855917) auipc   s2, 0xfc855
core   0: 3 0x800064d8 (0xfc855917) x18 0x7c85b4d8
core   0: 0x800064dc (0x012421b3) slt     gp, s0, s2
core   0: 3 0x800064dc (0x012421b3) x 3 0x00000001
core   0: 0x800064e0 (0x0625a993) slti    s3, a1, 98
core   0: 3 0x800064e0 (0x0625a993) x19 0x00000001
core   0: 0x800064e4 (0x13814613) xori    a2, sp, 312
core   0: 3 0x800064e4 (0x13814613) x12 0x00000138
core   0: 0x800064e8 (0x15436813) ori     a6, t1, 340
core   0: 3 0x800064e8 (0x15436813) x16 0x00000154
core   0: 0x800064ec (0x40fa5133) sra     sp, s4, a5
core   0: 3 0x800064ec (0x40fa5133) x 2 0x0000057f
core   0: 0x800064f0 (0x00421793) slli    a5, tp, 4
core   0: 3 0x800064f0 (0x00421793) x15 0xf8793b80
core   0: 0x800064f4 (0xbab56db7) lui     s11, 0xbab56
core   0: 3 0x800064f4 (0xbab56db7) x27 0xbab56000
core   0: 0x800064f8 (0x0101c133) xor     sp, gp, a6
core   0: 3 0x800064f8 (0x0101c133) x 2 0x00000155
core   0: 0x800064fc (0x01692eb3) slt     t4, s2, s6
core   0: 3 0x800064fc (0x01692eb3) x29 0x00000000
core   0: 0x80006500 (0x4142dd13) srai    s10, t0, 20
core   0: 3 0x80006500 (0x4142dd13) x26 0x00000000
core   0: 0x80006504 (0xa4e6c213) xori    tp, a3, -1458
core   0: 3 0x80006504 (0xa4e6c213) x 4 0xfffffa4f
core   0: 0x80006508 (0xa0316a93) ori     s5, sp, -1533
core   0: 3 0x80006508 (0xa0316a93) x21 0xfffffb57
core   0: 0x8000650c (0x00679013) slli    zero, a5, 6
core   0: 3 0x8000650c (0x00679013)
core   0: 0x80006510 (0x2682b713) sltiu   a4, t0, 616
core   0: 3 0x80006510 (0x2682b713) x14 0x00000001
core   0: 0x80006514 (0x00b113b3) sll     t2, sp, a1
core   0: 3 0x80006514 (0x00b113b3) x 7 0x00001550
core   0: 0x80006518 (0x01c3eb33) or      s6, t2, t3
core   0: 3 0x80006518 (0x01c3eb33) x22 0xffffff53
core   0: 0x8000651c (0xd4df4313) xori    t1, t5, -691
core   0: 3 0x8000651c (0xd4df4313) x 6 0xfffffd4d
core   0: 0x80006520 (0x00000013) nop
core   0: 3 0x80006520 (0x00000013)
core   0: 0x80006524 (0x012b0e33) add     t3, s6, s2
core   0: 3 0x80006524 (0x012b0e33) x28 0x7c85b42b
core   0: 0x80006528 (0xeadfb813) sltiu   a6, t6, -339
core   0: 3 0x80006528 (0xeadfb813) x16 0x00000001
core   0: 0x8000652c (0xe03a8093) addi    ra, s5, -509
core   0: 3 0x8000652c (0xe03a8093) x 1 0xfffff95a
core   0: 0x80006530 (0xb7494193) xori    gp, s2, -1164
core   0: 3 0x80006530 (0xb7494193) x 3 0x837a4fac
core   0: 0x80006534 (0x016d52b3) srl     t0, s10, s6
core   0: 3 0x80006534 (0x016d52b3) x 5 0x00000000
core   0: 0x80006538 (0x00cd9413) slli    s0, s11, 12
core   0: 3 0x80006538 (0x00cd9413) x 8 0x56000000
core   0: 0x8000653c (0x400e5433) sra     s0, t3, zero
core   0: 3 0x8000653c (0x400e5433) x 8 0x7c85b42b
core   0: 0x80006540 (0x01ab4f33) xor     t5, s6, s10
core   0: 3 0x80006540 (0x01ab4f33) x30 0xffffff53
core   0: 0x80006544 (0x41568333) sub     t1, a3, s5
core   0: 3 0x80006544 (0x41568333) x 6 0x000004aa
core   0: 0x80006548 (0x928f7613) andi    a2, t5, -1752
core   0: 3 0x80006548 (0x928f7613) x12 0xfffff900
core   0: 0x8000654c (0x6964e293) ori     t0, s1, 1686
core   0: 3 0x8000654c (0x6964e293) x 5 0x00000697
core   0: 0x80006550 (0x02d8a893) slti    a7, a7, 45
core   0: 3 0x80006550 (0x02d8a893) x17 0x00000001
core   0: 0x80006554 (0x41eedc93) srai    s9, t4, 30
core   0: 3 0x80006554 (0x41eedc93) x25 0x00000000
core   0: 0x80006558 (0x0152c7b3) xor     a5, t0, s5
core   0: 3 0x80006558 (0x0152c7b3) x15 0xfffffdc0
core   0: 0x8000655c (0x40bf5293) srai    t0, t5, 11
core   0: 3 0x8000655c (0x40bf5293) x 5 0xffffffff
core   0: 0x80006560 (0x40b55113) srai    sp, a0, 11
core   0: 3 0x80006560 (0x40b55113) x 2 0xfff00029
core   0: 0x80006564 (0x00933233) sltu    tp, t1, s1
core   0: 3 0x80006564 (0x00933233) x 4 0x00000000
core   0: 0x80006568 (0x009288b3) add     a7, t0, s1
core   0: 3 0x80006568 (0x009288b3) x17 0x00000000
core   0: 0x8000656c (0x41d683b3) sub     t2, a3, t4
core   0: 3 0x8000656c (0x41d683b3) x 7 0x00000001
core   0: 0x80006570 (0x00838733) add     a4, t2, s0
core   0: 3 0x80006570 (0x00838733) x14 0x7c85b42c
core   0: 0x80006574 (0x01174ab3) xor     s5, a4, a7
core   0: 3 0x80006574 (0x01174ab3) x21 0x7c85b42c
core   0: 0x80006578 (0x59133613) sltiu   a2, t1, 1425
core   0: 3 0x80006578 (0x59133613) x12 0x00000001
core   0: 0x8000657c (0x00a67eb3) and     t4, a2, a0
core   0: 3 0x8000657c (0x00a67eb3) x29 0x00000000
core   0: 0x80006580 (0x007a7f33) and     t5, s4, t2
core   0: 3 0x80006580 (0x007a7f33) x30 0x00000001
core   0: 0x80006584 (0x410009b3) sub     s3, zero, a6
core   0: 3 0x80006584 (0x410009b3) x19 0xffffffff
core   0: 0x80006588 (0x66f90113) addi    sp, s2, 1647
core   0: 3 0x80006588 (0x66f90113) x 2 0x7c85bb47
core   0: 0x8000658c (0xc87d7413) andi    s0, s10, -889
core   0: 3 0x8000658c (0xc87d7413) x 8 0x00000000
core   0: 0x80006590 (0x01dc58b3) srl     a7, s8, t4
core   0: 3 0x80006590 (0x01dc58b3) x17 0xffc27e3f
core   0: 0x80006594 (0x9ec5fe13) andi    t3, a1, -1556
core   0: 3 0x80006594 (0x9ec5fe13) x28 0x80010864
core   0: 0x80006598 (0x01b83933) sltu    s2, a6, s11
core   0: 3 0x80006598 (0x01b83933) x18 0x00000001
core   0: 0x8000659c (0xf07efe97) auipc   t4, 0xf07ef
core   0: 3 0x8000659c (0xf07efe97) x29 0x707f559c
core   0: 0x800065a0 (0x006f1a93) slli    s5, t5, 6
core   0: 3 0x800065a0 (0x006f1a93) x21 0x00000040
core   0: 0x800065a4 (0x40c904b3) sub     s1, s2, a2
core   0: 3 0x800065a4 (0x40c904b3) x 9 0x00000000
core   0: 0x800065a8 (0x41625793) srai    a5, tp, 22
core   0: 3 0x800065a8 (0x41625793) x15 0x00000000
core   0: 0x800065ac (0x0071b6b3) sltu    a3, gp, t2
core   0: 3 0x800065ac (0x0071b6b3) x13 0x00000000
core   0: 0x800065b0 (0x00031e93) slli    t4, t1, 0
core   0: 3 0x800065b0 (0x00031e93) x29 0x000004aa
core   0: 0x800065b4 (0x00000013) nop
core   0: 3 0x800065b4 (0x00000013)
core   0: 0x800065b8 (0x00643333) sltu    t1, s0, t1
core   0: 3 0x800065b8 (0x00643333) x 6 0x00000001
core   0: 0x800065bc (0x01b8df33) srl     t5, a7, s11
core   0: 3 0x800065bc (0x01b8df33) x30 0xffc27e3f
core   0: 0x800065c0 (0x4283e113) ori     sp, t2, 1064
core   0: 3 0x800065c0 (0x4283e113) x 2 0x00000429
core   0: 0x800065c4 (0xe1b3bfb7) lui     t6, 0xe1b3b
core   0: 3 0x800065c4 (0xe1b3bfb7) x31 0xe1b3b000
core   0: 0x800065c8 (0x00c16a33) or      s4, sp, a2
core   0: 3 0x800065c8 (0x00c16a33) x20 0x00000429
core   0: 0x800065cc (0x00000013) nop
core   0: 3 0x800065cc (0x00000013)
core   0: 0x800065d0 (0x00a31413) slli    s0, t1, 10
core   0: 3 0x800065d0 (0x00a31413) x 8 0x00000400
core   0: 0x800065d4 (0xafbc2c93) slti    s9, s8, -1285
core   0: 3 0x800065d4 (0xafbc2c93) x25 0x00000001
core   0: 0x800065d8 (0x409c06b3) sub     a3, s8, s1
core   0: 3 0x800065d8 (0x409c06b3) x13 0xffc27e3f
core   0: 0x800065dc (0x00000013) nop
core   0: 3 0x800065dc (0x00000013)
core   0: 0x800065e0 (0x01e7aeb3) slt     t4, a5, t5
core   0: 3 0x800065e0 (0x01e7aeb3) x29 0x00000000
core   0: 0x800065e4 (0x01d49113) slli    sp, s1, 29
core   0: 3 0x800065e4 (0x01d49113) x 2 0x00000000
core   0: 0x800065e8 (0x014b23b3) slt     t2, s6, s4
core   0: 3 0x800065e8 (0x014b23b3) x 7 0x00000001
core   0: 0x800065ec (0x00a6bcb3) sltu    s9, a3, a0
core   0: 3 0x800065ec (0x00a6bcb3) x25 0x00000000
core   0: 0x800065f0 (0x00000013) nop
core   0: 3 0x800065f0 (0x00000013)
core   0: 0x800065f4 (0x00000013) nop
core   0: 3 0x800065f4 (0x00000013)
core   0: 0x800065f8 (0x01651433) sll     s0, a0, s6
core   0: 3 0x800065f8 (0x01651433) x 8 0x67200000
core   0: 0x800065fc (0xa704fe93) andi    t4, s1, -1424
core   0: 3 0x800065fc (0xa704fe93) x29 0x00000000
core   0: 0x80006600 (0x00206233) or      tp, zero, sp
core   0: 3 0x80006600 (0x00206233) x 4 0x00000000
core   0: 0x80006604 (0x00fae133) or      sp, s5, a5
core   0: 3 0x80006604 (0x00fae133) x 2 0x00000040
core   0: 0x80006608 (0x5eeacd93) xori    s11, s5, 1518
core   0: 3 0x80006608 (0x5eeacd93) x27 0x000005ae
core   0: 0x8000660c (0x004dd993) srli    s3, s11, 4
core   0: 3 0x8000660c (0x004dd993) x19 0x0000005a
core   0: 0x80006610 (0x96f4a813) slti    a6, s1, -1681
core   0: 3 0x80006610 (0x96f4a813) x16 0x00000000
core   0: 0x80006614 (0xe019edb7) lui     s11, 0xe019e
core   0: 3 0x80006614 (0xe019edb7) x27 0xe019e000
core   0: 0x80006618 (0x41a680b3) sub     ra, a3, s10
core   0: 3 0x80006618 (0x41a680b3) x 1 0xffc27e3f
core   0: 0x8000661c (0x01f4ea33) or      s4, s1, t6
core   0: 3 0x8000661c (0x01f4ea33) x20 0xe1b3b000
core   0: 0x80006620 (0x00d8bd33) sltu    s10, a7, a3
core   0: 3 0x80006620 (0x00d8bd33) x26 0x00000000
core   0: 0x80006624 (0x008677b3) and     a5, a2, s0
core   0: 3 0x80006624 (0x008677b3) x15 0x00000000
core   0: 0x80006628 (0x34b24913) xori    s2, tp, 843
core   0: 3 0x80006628 (0x34b24913) x18 0x0000034b
core   0: 0x8000662c (0xbc927d93) andi    s11, tp, -1079
core   0: 3 0x8000662c (0xbc927d93) x27 0x00000000
core   0: 0x80006630 (0x4090df13) srai    t5, ra, 9
core   0: 3 0x80006630 (0x4090df13) x30 0xffffe13f
core   0: 0x80006634 (0xa3f3c413) xori    s0, t2, -1473
core   0: 3 0x80006634 (0xa3f3c413) x 8 0xfffffa3e
core   0: 0x80006638 (0x81a63413) sltiu   s0, a2, -2022
core   0: 3 0x80006638 (0x81a63413) x 8 0x00000001
core   0: 0x8000663c (0x024ee993) ori     s3, t4, 36
core   0: 3 0x8000663c (0x024ee993) x19 0x00000024
core   0: 0x80006640 (0x01c5f633) and     a2, a1, t3
core   0: 3 0x80006640 (0x01c5f633) x12 0x80010864
core   0: 0x80006644 (0x00000013) nop
core   0: 3 0x80006644 (0x00000013)
core   0: 0x80006648 (0x0056f633) and     a2, a3, t0
core   0: 3 0x80006648 (0x0056f633) x12 0xffc27e3f
core   0: 0x8000664c (0x00ead733) srl     a4, s5, a4
core   0: 3 0x8000664c (0x00ead733) x14 0x00000000
core   0: 0x80006650 (0x405fd733) sra     a4, t6, t0
core   0: 3 0x80006650 (0x405fd733) x14 0xffffffff
core   0: 0x80006654 (0x40c7d133) sra     sp, a5, a2
core   0: 3 0x80006654 (0x40c7d133) x 2 0x00000000
core   0: 0x80006658 (0x012fff33) and     t5, t6, s2
core   0: 3 0x80006658 (0x012fff33) x30 0x00000000
core   0: 0x8000665c (0x01134633) xor     a2, t1, a7
core   0: 3 0x8000665c (0x01134633) x12 0xffc27e3e
core   0: 0x80006660 (0x4112d493) srai    s1, t0, 17
core   0: 3 0x80006660 (0x4112d493) x 9 0xffffffff
core   0: 0x80006664 (0xc9fbba13) sltiu   s4, s7, -865
core   0: 3 0x80006664 (0xc9fbba13) x20 0x00000001
core   0: 0x80006668 (0x00000013) nop
core   0: 3 0x80006668 (0x00000013)
core   0: 0x8000666c (0x01fc94b3) sll     s1, s9, t6
core   0: 3 0x8000666c (0x01fc94b3) x 9 0x00000000
core   0: 0x80006670 (0x41bd81b3) sub     gp, s11, s11
core   0: 3 0x80006670 (0x41bd81b3) x 3 0x00000000
core   0: 0x80006674 (0x0151f4b3) and     s1, gp, s5
core   0: 3 0x80006674 (0x0151f4b3) x 9 0x00000000
core   0: 0x80006678 (0xf4460a97) auipc   s5, 0xf4460
core   0: 3 0x80006678 (0xf4460a97) x21 0x74466678
core   0: 0x8000667c (0xc66ab2b7) lui     t0, 0xc66ab
core   0: 3 0x8000667c (0xc66ab2b7) x 5 0xc66ab000
core   0: 0x80006680 (0x40078cb3) sub     s9, a5, zero
core   0: 3 0x80006680 (0x40078cb3) x25 0x00000000
core   0: 0x80006684 (0x40368a33) sub     s4, a3, gp
core   0: 3 0x80006684 (0x40368a33) x20 0xffc27e3f
core   0: 0x80006688 (0x00241713) slli    a4, s0, 2
core   0: 3 0x80006688 (0x00241713) x14 0x00000004
core   0: 0x8000668c (0x0161d4b3) srl     s1, gp, s6
core   0: 3 0x8000668c (0x0161d4b3) x 9 0x00000000
core   0: 0x80006690 (0x41e6d413) srai    s0, a3, 30
core   0: 3 0x80006690 (0x41e6d413) x 8 0xffffffff
core   0: 0x80006694 (0xc079e793) ori     a5, s3, -1017
core   0: 3 0x80006694 (0xc079e793) x15 0xfffffc27
core   0: 0x80006698 (0xd35af397) auipc   t2, 0xd35af
core   0: 3 0x80006698 (0xd35af397) x 7 0x535b5698
core   0: 0x8000669c (0x01a99e93) slli    t4, s3, 26
core   0: 3 0x8000669c (0x01a99e93) x29 0x90000000
core   0: 0x800066a0 (0xf9853897) auipc   a7, 0xf9853
core   0: 3 0x800066a0 (0xf9853897) x17 0x798596a0
core   0: 0x800066a4 (0x00000013) nop
core   0: 3 0x800066a4 (0x00000013)
core   0: 0x800066a8 (0xdbdd0393) addi    t2, s10, -579
core   0: 3 0x800066a8 (0xdbdd0393) x 7 0xfffffdbd
core   0: 0x800066ac (0x00376933) or      s2, a4, gp
core   0: 3 0x800066ac (0x00376933) x18 0x00000004
core   0: 0x800066b0 (0x455eb093) sltiu   ra, t4, 1109
core   0: 3 0x800066b0 (0x455eb093) x 1 0x00000000
core   0: 0x800066b4 (0x409c0db3) sub     s11, s8, s1
core   0: 3 0x800066b4 (0x409c0db3) x27 0xffc27e3f
core   0: 0x800066b8 (0xa0fa3793) sltiu   a5, s4, -1521
core   0: 3 0x800066b8 (0xa0fa3793) x15 0x00000001
core   0: 0x800066bc (0x40a658b3) sra     a7, a2, a0
core   0: 3 0x800066bc (0x40a658b3) x17 0xfffc27e3
core   0: 0x800066c0 (0x01241233) sll     tp, s0, s2
core   0: 3 0x800066c0 (0x01241233) x 4 0xfffffff0
core   0: 0x800066c4 (0x415c8933) sub     s2, s9, s5
core   0: 3 0x800066c4 (0x415c8933) x18 0x8bb99988
core   0: 0x800066c8 (0x25196793) ori     a5, s2, 593
core   0: 3 0x800066c8 (0x25196793) x15 0x8bb99bd9
core   0: 0x800066cc (0x329cc913) xori    s2, s9, 809
core   0: 3 0x800066cc (0x329cc913) x18 0x00000329
core   0: 0x800066d0 (0xfe8f3893) sltiu   a7, t5, -24
core   0: 3 0x800066d0 (0xfe8f3893) x17 0x00000001
core   0: 0x800066d4 (0x00001333) sll     t1, zero, zero
core   0: 3 0x800066d4 (0x00001333) x 6 0x00000000
core   0: 0x800066d8 (0x4043da33) sra     s4, t2, tp
core   0: 3 0x800066d8 (0x4043da33) x20 0xffffffff
core   0: 0x800066dc (0x018e3e33) sltu    t3, t3, s8
core   0: 3 0x800066dc (0x018e3e33) x28 0x00000001
core   0: 0x800066e0 (0x41e353b3) sra     t2, t1, t5
core   0: 3 0x800066e0 (0x41e353b3) x 7 0x00000000
core   0: 0x800066e4 (0x41d2d113) srai    sp, t0, 29
core   0: 3 0x800066e4 (0x41d2d113) x 2 0xfffffffe
core   0: 0x800066e8 (0xa1f80897) auipc   a7, 0xa1f80
core   0: 3 0x800066e8 (0xa1f80897) x17 0x21f866e8
core   0: 0x800066ec (0x015b4eb3) xor     t4, s6, s5
core   0: 3 0x800066ec (0x015b4eb3) x29 0x8bb9992b
core   0: 0x800066f0 (0x974cf793) andi    a5, s9, -1676
core   0: 3 0x800066f0 (0x974cf793) x15 0x00000000
core   0: 0x800066f4 (0x34a27ab7) lui     s5, 0x34a27
core   0: 3 0x800066f4 (0x34a27ab7) x21 0x34a27000
core   0: 0x800066f8 (0xd961c417) auipc   s0, 0xd961c
core   0: 3 0x800066f8 (0xd961c417) x 8 0x596226f8
core   0: 0x800066fc (0xc28c2c93) slti    s9, s8, -984
core   0: 3 0x800066fc (0xc28c2c93) x25 0x00000001
core   0: 0x80006700 (0xc033a893) slti    a7, t2, -1021
core   0: 3 0x80006700 (0xc033a893) x17 0x00000000
core   0: 0x80006704 (0x53d9e193) ori     gp, s3, 1341
core   0: 3 0x80006704 (0x53d9e193) x 3 0x0000053d
core   0: 0x80006708 (0x01699113) slli    sp, s3, 22
core   0: 3 0x80006708 (0x01699113) x 2 0x09000000
core   0: 0x8000670c (0x81a40213) addi    tp, s0, -2022
core   0: 3 0x8000670c (0x81a40213) x 4 0x59621f12
core   0: 0x80006710 (0x0b4cad13) slti    s10, s9, 180
core   0: 3 0x80006710 (0x0b4cad13) x26 0x00000001
core   0: 0x80006714 (0x4d0b8793) addi    a5, s7, 1232
core   0: 3 0x80006714 (0x4d0b8793) x15 0x000004d1
core   0: 0x80006718 (0x6d6fda17) auipc   s4, 0x6d6fd
core   0: 3 0x80006718 (0x6d6fda17) x20 0xed703718
core   0: 0x8000671c (0x4104d793) srai    a5, s1, 16
core   0: 3 0x8000671c (0x4104d793) x15 0x00000000
core   0: 0x80006720 (0x0110a6b3) slt     a3, ra, a7
core   0: 3 0x80006720 (0x0110a6b3) x13 0x00000000
core   0: 0x80006724 (0x017c5ab3) srl     s5, s8, s7
core   0: 3 0x80006724 (0x017c5ab3) x21 0x7fe13f1f
core   0: 0x80006728 (0xec10ef97) auipc   t6, 0xec10e
core   0: 3 0x80006728 (0xec10ef97) x31 0x6c114728
core   0: 0x8000672c (0x1cab6f93) ori     t6, s6, 458
core   0: 3 0x8000672c (0x1cab6f93) x31 0xffffffdb
core   0: 0x80006730 (0xc806ad97) auipc   s11, 0xc806a
core   0: 3 0x80006730 (0xc806ad97) x27 0x48070730
core   0: 0x80006734 (0x01ed9eb3) sll     t4, s11, t5
core   0: 3 0x80006734 (0x01ed9eb3) x29 0x48070730
core   0: 0x80006738 (0x01acd333) srl     t1, s9, s10
core   0: 3 0x80006738 (0x01acd333) x 6 0x00000000
core   0: 0x8000673c (0x01d09393) slli    t2, ra, 29
core   0: 3 0x8000673c (0x01d09393) x 7 0x00000000
core   0: 0x80006740 (0x006e2333) slt     t1, t3, t1
core   0: 3 0x80006740 (0x006e2333) x 6 0x00000000
core   0: 0x80006744 (0xd08bf137) lui     sp, 0xd08bf
core   0: 3 0x80006744 (0xd08bf137) x 2 0xd08bf000
core   0: 0x80006748 (0x41dd57b7) lui     a5, 0x41dd5
core   0: 3 0x80006748 (0x41dd57b7) x15 0x41dd5000
core   0: 0x8000674c (0x00b41893) slli    a7, s0, 11
core   0: 3 0x8000674c (0x00b41893) x17 0x1137c000
core   0: 0x80006750 (0x01564f33) xor     t5, a2, s5
core   0: 3 0x80006750 (0x01564f33) x30 0x80234121
core   0: 0x80006754 (0x000d43b3) xor     t2, s10, zero
core   0: 3 0x80006754 (0x000d43b3) x 7 0x00000001
core   0: 0x80006758 (0x01ee50b3) srl     ra, t3, t5
core   0: 3 0x80006758 (0x01ee50b3) x 1 0x00000000
core   0: 0x8000675c (0x00000013) nop
core   0: 3 0x8000675c (0x00000013)
core   0: 0x80006760 (0x005fc2b3) xor     t0, t6, t0
core   0: 3 0x80006760 (0x005fc2b3) x 5 0x39954fdb
core   0: 0x80006764 (0x011bce33) xor     t3, s7, a7
core   0: 3 0x80006764 (0x011bce33) x28 0x1137c001
core   0: 0x80006768 (0x00000013) nop
core   0: 3 0x80006768 (0x00000013)
core   0: 0x8000676c (0x00ed1933) sll     s2, s10, a4
core   0: 3 0x8000676c (0x00ed1933) x18 0x00000010
core   0: 0x80006770 (0x407658b3) sra     a7, a2, t2
core   0: 3 0x80006770 (0x407658b3) x17 0xffe13f1f
core   0: 0x80006774 (0x007e8d33) add     s10, t4, t2
core   0: 3 0x80006774 (0x007e8d33) x26 0x48070731
core   0: 0x80006778 (0x01cd12b3) sll     t0, s10, t3
core   0: 3 0x80006778 (0x01cd12b3) x 5 0x900e0e62
core   0: 0x8000677c (0x1772fb93) andi    s7, t0, 375
core   0: 3 0x8000677c (0x1772fb93) x23 0x00000062
core   0: 0x80006780 (0x01f6b433) sltu    s0, a3, t6
core   0: 3 0x80006780 (0x01f6b433) x 8 0x00000001
core   0: 0x80006784 (0x40955e13) srai    t3, a0, 9
core   0: 3 0x80006784 (0x40955e13) x28 0xffc000a6
core   0: 0x80006788 (0x01ea5433) srl     s0, s4, t5
core   0: 3 0x80006788 (0x01ea5433) x 8 0x76b81b8c
core   0: 0x8000678c (0x6dfaee13) ori     t3, s5, 1759
core   0: 3 0x8000678c (0x6dfaee13) x28 0x7fe13fdf
core   0: 0x80006790 (0x4c478493) addi    s1, a5, 1220
core   0: 3 0x80006790 (0x4c478493) x 9 0x41dd54c4
core   0: 0x80006794 (0x00000013) nop
core   0: 3 0x80006794 (0x00000013)
core   0: 0x80006798 (0x012871b3) and     gp, a6, s2
core   0: 3 0x80006798 (0x012871b3) x 3 0x00000000
core   0: 0x8000679c (0x01b3e233) or      tp, t2, s11
core   0: 3 0x8000679c (0x01b3e233) x 4 0x48070731
core   0: 0x800067a0 (0x413cd913) srai    s2, s9, 19
core   0: 3 0x800067a0 (0x413cd913) x18 0x00000000
core   0: 0x800067a4 (0x018463b3) or      t2, s0, s8
core   0: 3 0x800067a4 (0x018463b3) x 7 0xfffa7fbf
core   0: 0x800067a8 (0x9ccec737) lui     a4, 0x9ccec
core   0: 3 0x800067a8 (0x9ccec737) x14 0x9ccec000
core   0: 0x800067ac (0x62d04413) xori    s0, zero, 1581
core   0: 3 0x800067ac (0x62d04413) x 8 0x0000062d
core   0: 0x800067b0 (0x01a78ab3) add     s5, a5, s10
core   0: 3 0x800067b0 (0x01a78ab3) x21 0x89e45731
core   0: 0x800067b4 (0x002d5193) srli    gp, s10, 2
core   0: 3 0x800067b4 (0x002d5193) x 3 0x1201c1cc
core   0: 0x800067b8 (0x018c1a33) sll     s4, s8, s8
core   0: 3 0x800067b8 (0x018c1a33) x20 0x80000000
core   0: 0x800067bc (0x016bd2b3) srl     t0, s7, s6
core   0: 3 0x800067bc (0x016bd2b3) x 5 0x00000000
core   0: 0x800067c0 (0x12834693) xori    a3, t1, 296
core   0: 3 0x800067c0 (0x12834693) x13 0x00000128
core   0: 0x800067c4 (0x41a45813) srai    a6, s0, 26
core   0: 3 0x800067c4 (0x41a45813) x16 0x00000000
core   0: 0x800067c8 (0x415d0633) sub     a2, s10, s5
core   0: 3 0x800067c8 (0x415d0633) x12 0xbe22b000
core   0: 0x800067cc (0xb5874093) xori    ra, a4, -1192
core   0: 3 0x800067cc (0xb5874093) x 1 0x63313b58
core   0: 0x800067d0 (0x01b5b733) sltu    a4, a1, s11
core   0: 3 0x800067d0 (0x01b5b733) x14 0x00000000
core   0: 0x800067d4 (0x00ab1733) sll     a4, s6, a0
core   0: 3 0x800067d4 (0x00ab1733) x14 0xfffff530
core   0: 0x800067d8 (0x3680cb13) xori    s6, ra, 872
core   0: 3 0x800067d8 (0x3680cb13) x22 0x63313830
core   0: 0x800067dc (0x01e51233) sll     tp, a0, t5
core   0: 3 0x800067dc (0x01e51233) x 4 0x000299c8
core   0: 0x800067e0 (0x00000013) nop
core   0: 3 0x800067e0 (0x00000013)
core   0: 0x800067e4 (0x016d9093) slli    ra, s11, 22
core   0: 3 0x800067e4 (0x016d9093) x 1 0xcc000000
core   0: 0x800067e8 (0x007fb6b3) sltu    a3, t6, t2
core   0: 3 0x800067e8 (0x007fb6b3) x13 0x00000000
core   0: 0x800067ec (0x01e319b3) sll     s3, t1, t5
core   0: 3 0x800067ec (0x01e319b3) x19 0x00000000
core   0: 0x800067f0 (0x41390db3) sub     s11, s2, s3
core   0: 3 0x800067f0 (0x41390db3) x27 0x00000000
core   0: 0x800067f4 (0xc6130693) addi    a3, t1, -927
core   0: 3 0x800067f4 (0xc6130693) x13 0xfffffc61
core   0: 0x800067f8 (0x00ff2733) slt     a4, t5, a5
core   0: 3 0x800067f8 (0x00ff2733) x14 0x00000001
core   0: 0x800067fc (0xf7850793) addi    a5, a0, -136
core   0: 3 0x800067fc (0xf7850793) x15 0x80014c5c
core   0: 0x80006800 (0x4032d713) srai    a4, t0, 3
core   0: 3 0x80006800 (0x4032d713) x14 0x00000000
core   0: 0x80006804 (0x0006f0b3) and     ra, a3, zero
core   0: 3 0x80006804 (0x0006f0b3) x 1 0x00000000
core   0: 0x80006808 (0x40d38133) sub     sp, t2, a3
core   0: 3 0x80006808 (0x40d38133) x 2 0xfffa835e
core   0: 0x8000680c (0x4a43b937) lui     s2, 0x4a43b
core   0: 3 0x8000680c (0x4a43b937) x18 0x4a43b000
core   0: 0x80006810 (0x40848633) sub     a2, s1, s0
core   0: 3 0x80006810 (0x40848633) x12 0x41dd4e97
core   0: 0x80006814 (0x406bd193) srai    gp, s7, 6
core   0: 3 0x80006814 (0x406bd193) x 3 0x00000001
core   0: 0x80006818 (0x01db68b3) or      a7, s6, t4
core   0: 3 0x80006818 (0x01db68b3) x17 0x6b373f30
core   0: 0x8000681c (0x00000013) nop
core   0: 3 0x8000681c (0x00000013)
core   0: 0x80006820 (0x008ad193) srli    gp, s5, 8
core   0: 3 0x80006820 (0x008ad193) x 3 0x0089e457
core   0: 0x80006824 (0x6fb64793) xori    a5, a2, 1787
core   0: 3 0x80006824 (0x6fb64793) x15 0x41dd486c
core   0: 0x80006828 (0xa9d92c93) slti    s9, s2, -1379
core   0: 3 0x80006828 (0xa9d92c93) x25 0x00000000
core   0: 0x8000682c (0x0133d493) srli    s1, t2, 19
core   0: 3 0x8000682c (0x0133d493) x 9 0x00001fff
core   0: 0x80006830 (0x00585bb3) srl     s7, a6, t0
core   0: 3 0x80006830 (0x00585bb3) x23 0x00000000
core   0: 0x80006834 (0xfe790f93) addi    t6, s2, -25
core   0: 3 0x80006834 (0xfe790f93) x31 0x4a43afe7
core   0: 0x80006838 (0x011e10b3) sll     ra, t3, a7
core   0: 3 0x80006838 (0x011e10b3) x 1 0x3fdf0000
core   0: 0x8000683c (0x400382b3) sub     t0, t2, zero
core   0: 3 0x8000683c (0x400382b3) x 5 0xfffa7fbf
core   0: 0x80006840 (0x00664633) xor     a2, a2, t1
core   0: 3 0x80006840 (0x00664633) x12 0x41dd4e97
core   0: 0x80006844 (0x01f89913) slli    s2, a7, 31
core   0: 3 0x80006844 (0x01f89913) x18 0x00000000
core   0: 0x80006848 (0x00b11293) slli    t0, sp, 11
core   0: 3 0x80006848 (0x00b11293) x 5 0xd41af000
core   0: 0x8000684c (0x95ddfc93) andi    s9, s11, -1699
core   0: 3 0x8000684c (0x95ddfc93) x25 0x00000000
core   0: 0x80006850 (0xd0c74d93) xori    s11, a4, -756
core   0: 3 0x80006850 (0xd0c74d93) x27 0xfffffd0c
core   0: 0x80006854 (0x1ad3bc93) sltiu   s9, t2, 429
core   0: 3 0x80006854 (0x1ad3bc93) x25 0x00000000
core   0: 0x80006858 (0xb82dad13) slti    s10, s11, -1150
core   0: 3 0x80006858 (0xb82dad13) x26 0x00000000
core   0: 0x8000685c (0xaba3fd93) andi    s11, t2, -1350
core   0: 3 0x8000685c (0xaba3fd93) x27 0xfffa7aba
core   0: 0x80006860 (0x402188b3) sub     a7, gp, sp
core   0: 3 0x80006860 (0x402188b3) x17 0x008f60f9
core   0: 0x80006864 (0x01cfba33) sltu    s4, t6, t3
core   0: 3 0x80006864 (0x01cfba33) x20 0x00000001
core   0: 0x80006868 (0x9a26cb13) xori    s6, a3, -1630
core   0: 3 0x80006868 (0x9a26cb13) x22 0x000005c3
core   0: 0x8000686c (0x410a8ab3) sub     s5, s5, a6
core   0: 3 0x8000686c (0x410a8ab3) x21 0x89e45731
core   0: 0x80006870 (0xed966b93) ori     s7, a2, -295
core   0: 3 0x80006870 (0xed966b93) x23 0xfffffedf
core   0: 0x80006874 (0x373b2193) slti    gp, s6, 883
core   0: 3 0x80006874 (0x373b2193) x 3 0x00000000
core   0: 0x80006878 (0xedd63d93) sltiu   s11, a2, -291
core   0: 3 0x80006878 (0xedd63d93) x27 0x00000001
core   0: 0x8000687c (0x0101d793) srli    a5, gp, 16
core   0: 3 0x8000687c (0x0101d793) x15 0x00000000
core   0: 0x80006880 (0x66272d13) slti    s10, a4, 1634
core   0: 3 0x80006880 (0x66272d13) x26 0x00000001
core   0: 0x80006884 (0xe0a30793) addi    a5, t1, -502
core   0: 3 0x80006884 (0xe0a30793) x15 0xfffffe0a
core   0: 0x80006888 (0x0129d133) srl     sp, s3, s2
core   0: 3 0x80006888 (0x0129d133) x 2 0x00000000
core   0: 0x8000688c (0x41398e33) sub     t3, s3, s3
core   0: 3 0x8000688c (0x41398e33) x28 0x00000000
core   0: 0x80006890 (0x01150f33) add     t5, a0, a7
core   0: 3 0x80006890 (0x01150f33) x30 0x8090addd
core   0: 0x80006894 (0x72408893) addi    a7, ra, 1828
core   0: 3 0x80006894 (0x72408893) x17 0x3fdf0724
core   0: 0x80006898 (0x01dbe733) or      a4, s7, t4
core   0: 3 0x80006898 (0x01dbe733) x14 0xffffffff
core   0: 0x8000689c (0x859e2013) slti    zero, t3, -1959
core   0: 3 0x8000689c (0x859e2013)
core   0: 0x800068a0 (0x01ce6833) or      a6, t3, t3
core   0: 3 0x800068a0 (0x01ce6833) x16 0x00000000
core   0: 0x800068a4 (0x01a206b3) add     a3, tp, s10
core   0: 3 0x800068a4 (0x01a206b3) x13 0x000299c9
core   0: 0x800068a8 (0x41108cb3) sub     s9, ra, a7
core   0: 3 0x800068a8 (0x41108cb3) x25 0xfffff8dc
core   0: 0x800068ac (0xec276d13) ori     s10, a4, -318
core   0: 3 0x800068ac (0xec276d13) x26 0xffffffff
core   0: 0x800068b0 (0xc708c713) xori    a4, a7, -912
core   0: 3 0x800068b0 (0xc708c713) x14 0xc020fb54
core   0: 0x800068b4 (0x01abd993) srli    s3, s7, 26
core   0: 3 0x800068b4 (0x01abd993) x19 0x0000003f
core   0: 0x800068b8 (0x00cdf1b3) and     gp, s11, a2
core   0: 3 0x800068b8 (0x00cdf1b3) x 3 0x00000001
core   0: 0x800068bc (0xcf7f6893) ori     a7, t5, -777
core   0: 3 0x800068bc (0xcf7f6893) x17 0xfffffdff
core   0: 0x800068c0 (0x63434cb7) lui     s9, 0x63434
core   0: 3 0x800068c0 (0x63434cb7) x25 0x63434000
core   0: 0x800068c4 (0x0170ab33) slt     s6, ra, s7
core   0: 3 0x800068c4 (0x0170ab33) x22 0x00000000
core   0: 0x800068c8 (0x00ced133) srl     sp, t4, a2
core   0: 3 0x800068c8 (0x00ced133) x 2 0x00000090
core   0: 0x800068cc (0x71b6e097) auipc   ra, 0x71b6e
core   0: 3 0x800068cc (0x71b6e097) x 1 0xf1b748cc
core   0: 0x800068d0 (0x01c7cf33) xor     t5, a5, t3
core   0: 3 0x800068d0 (0x01c7cf33) x30 0xfffffe0a
core   0: 0x800068d4 (0x00000013) nop
core   0: 3 0x800068d4 (0x00000013)
core   0: 0x800068d8 (0x00621133) sll     sp, tp, t1
core   0: 3 0x800068d8 (0x00621133) x 2 0x000299c8
core   0: 0x800068dc (0x00000013) nop
core   0: 3 0x800068dc (0x00000013)
core   0: 0x800068e0 (0x41e15613) srai    a2, sp, 30
core   0: 3 0x800068e0 (0x41e15613) x12 0x00000000
core   0: 0x800068e4 (0x015e6b33) or      s6, t3, s5
core   0: 3 0x800068e4 (0x015e6b33) x22 0x89e45731
core   0: 0x800068e8 (0x7627b293) sltiu   t0, a5, 1890
core   0: 3 0x800068e8 (0x7627b293) x 5 0x00000000
core   0: 0x800068ec (0x78fb3493) sltiu   s1, s6, 1935
core   0: 3 0x800068ec (0x78fb3493) x 9 0x00000000
core   0: 0x800068f0 (0x00f373b3) and     t2, t1, a5
core   0: 3 0x800068f0 (0x00f373b3) x 7 0x00000000
core   0: 0x800068f4 (0x94386e37) lui     t3, 0x94386
core   0: 3 0x800068f4 (0x94386e37) x28 0x94386000
core   0: 0x800068f8 (0x003506b3) add     a3, a0, gp
core   0: 3 0x800068f8 (0x003506b3) x13 0x80014ce5
core   0: 0x800068fc (0x01fbb4b3) sltu    s1, s7, t6
core   0: 3 0x800068fc (0x01fbb4b3) x 9 0x00000000
core   0: 0x80006900 (0x01332233) slt     tp, t1, s3
core   0: 3 0x80006900 (0x01332233) x 4 0x00000001
core   0: 0x80006904 (0x00000013) nop
core   0: 3 0x80006904 (0x00000013)
core   0: 0x80006908 (0x00d35a93) srli    s5, t1, 13
core   0: 3 0x80006908 (0x00d35a93) x21 0x00000000
core   0: 0x8000690c (0x01607633) and     a2, zero, s6
core   0: 3 0x8000690c (0x01607633) x12 0x00000000
core   0: 0x80006910 (0x01291a93) slli    s5, s2, 18
core   0: 3 0x80006910 (0x01291a93) x21 0x00000000
core   0: 0x80006914 (0x0077e7b3) or      a5, a5, t2
core   0: 3 0x80006914 (0x0077e7b3) x15 0xfffffe0a
core   0: 0x80006918 (0x015726b3) slt     a3, a4, s5
core   0: 3 0x80006918 (0x015726b3) x13 0x00000001
core   0: 0x8000691c (0xa6d92013) slti    zero, s2, -1427
core   0: 3 0x8000691c (0xa6d92013)
core   0: 0x80006920 (0x0165f633) and     a2, a1, s6
core   0: 3 0x80006920 (0x0165f633) x12 0x80000620
core   0: 0x80006924 (0x00000013) nop
core   0: 3 0x80006924 (0x00000013)
core   0: 0x80006928 (0x402780b3) sub     ra, a5, sp
core   0: 3 0x80006928 (0x402780b3) x 1 0xfffd6442
core   0: 0x8000692c (0x00c1c633) xor     a2, gp, a2
core   0: 3 0x8000692c (0x00c1c633) x12 0x80000621
core   0: 0x80006930 (0x412381b3) sub     gp, t2, s2
core   0: 3 0x80006930 (0x412381b3) x 3 0x00000000
core   0: 0x80006934 (0xccb0ca93) xori    s5, ra, -821
core   0: 3 0x80006934 (0xccb0ca93) x21 0x00029889
core   0: 0x80006938 (0x1b9d7113) andi    sp, s10, 441
core   0: 3 0x80006938 (0x1b9d7113) x 2 0x000001b9
core   0: 0x8000693c (0xd4912793) slti    a5, sp, -695
core   0: 3 0x8000693c (0xd4912793) x15 0x00000000
core   0: 0x80006940 (0x419e0433) sub     s0, t3, s9
core   0: 3 0x80006940 (0x419e0433) x 8 0x30f52000
core   0: 0x80006944 (0x01cb61b3) or      gp, s6, t3
core   0: 3 0x80006944 (0x01cb61b3) x 3 0x9dfc7731
core   0: 0x80006948 (0x95a6e413) ori     s0, a3, -1702
core   0: 3 0x80006948 (0x95a6e413) x 8 0xfffff95b
core   0: 0x8000694c (0x41a35a33) sra     s4, t1, s10
core   0: 3 0x8000694c (0x41a35a33) x20 0x00000000
core   0: 0x80006950 (0x4028dd93) srai    s11, a7, 2
core   0: 3 0x80006950 (0x4028dd93) x27 0xffffff7f
core   0: 0x80006954 (0x14842693) slti    a3, s0, 328
core   0: 3 0x80006954 (0x14842693) x13 0x00000001
core   0: 0x80006958 (0xd6cdc6b7) lui     a3, 0xd6cdc
core   0: 3 0x80006958 (0xd6cdc6b7) x13 0xd6cdc000
core   0: 0x8000695c (0x41e4d313) srai    t1, s1, 30
core   0: 3 0x8000695c (0x41e4d313) x 6 0x00000000
core   0: 0x80006960 (0x00c66933) or      s2, a2, a2
core   0: 3 0x80006960 (0x00c66933) x18 0x80000621
core   0: 0x80006964 (0x0170d313) srli    t1, ra, 23
core   0: 3 0x80006964 (0x0170d313) x 6 0x000001ff
core   0: 0x80006968 (0x00000013) nop
core   0: 3 0x80006968 (0x00000013)
core   0: 0x8000696c (0x01eddd13) srli    s10, s11, 30
core   0: 3 0x8000696c (0x01eddd13) x26 0x00000003
core   0: 0x80006970 (0x4098d233) sra     tp, a7, s1
core   0: 3 0x80006970 (0x4098d233) x 4 0xfffffdff
core   0: 0x80006974 (0xafcda913) slti    s2, s11, -1284
core   0: 3 0x80006974 (0xafcda913) x18 0x00000000
core   0: 0x80006978 (0x00efa3b3) slt     t2, t6, a4
core   0: 3 0x80006978 (0x00efa3b3) x 7 0x00000000
core   0: 0x8000697c (0x31e3e393) ori     t2, t2, 798
core   0: 3 0x8000697c (0x31e3e393) x 7 0x0000031e
core   0: 0x80006980 (0x8b5c8f13) addi    t5, s9, -1867
core   0: 3 0x80006980 (0x8b5c8f13) x30 0x634338b5
core   0: 0x80006984 (0x8177be93) sltiu   t4, a5, -2025
core   0: 3 0x80006984 (0x8177be93) x29 0x00000001
core   0: 0x80006988 (0x01b1d093) srli    ra, gp, 27
core   0: 3 0x80006988 (0x01b1d093) x 1 0x00000013
core   0: 0x8000698c (0x915f9e17) auipc   t3, 0x915f9
core   0: 3 0x8000698c (0x915f9e17) x28 0x115ff98c
core   0: 0x80006990 (0x00818d33) add     s10, gp, s0
core   0: 3 0x80006990 (0x00818d33) x26 0x9dfc708c
core   0: 0x80006994 (0x09afbb13) sltiu   s6, t6, 154
core   0: 3 0x80006994 (0x09afbb13) x22 0x00000000
core   0: 0x80006998 (0x00ae14b3) sll     s1, t3, a0
core   0: 3 0x80006998 (0x00ae14b3) x 9 0x15ff98c0
core   0: 0x8000699c (0x41408333) sub     t1, ra, s4
core   0: 3 0x8000699c (0x41408333) x 6 0x00000013
core   0: 0x800069a0 (0x3f954c93) xori    s9, a0, 1017
core   0: 3 0x800069a0 (0x3f954c93) x25 0x80014f1d
core   0: 0x800069a4 (0x3ad2c013) xori    zero, t0, 941
core   0: 3 0x800069a4 (0x3ad2c013)
core   0: 0x800069a8 (0x41f25213) srai    tp, tp, 31
core   0: 3 0x800069a8 (0x41f25213) x 4 0xffffffff
core   0: 0x800069ac (0x01453fb3) sltu    t6, a0, s4
core   0: 3 0x800069ac (0x01453fb3) x31 0x00000000
core   0: 0x800069b0 (0x81e0b993) sltiu   s3, ra, -2018
core   0: 3 0x800069b0 (0x81e0b993) x19 0x00000001
core   0: 0x800069b4 (0x41365713) srai    a4, a2, 19
core   0: 3 0x800069b4 (0x41365713) x14 0xfffff000
core   0: 0x800069b8 (0x00000013) nop
core   0: 3 0x800069b8 (0x00000013)
core   0: 0x800069bc (0x10186d13) ori     s10, a6, 257
core   0: 3 0x800069bc (0x10186d13) x26 0x00000101
core   0: 0x800069c0 (0xe9bf7093) andi    ra, t5, -357
core   0: 3 0x800069c0 (0xe9bf7093) x 1 0x63433891
core   0: 0x800069c4 (0x400656b3) sra     a3, a2, zero
core   0: 3 0x800069c4 (0x400656b3) x13 0x80000621
core   0: 0x800069c8 (0x4143dfb3) sra     t6, t2, s4
core   0: 3 0x800069c8 (0x4143dfb3) x31 0x0000031e
core   0: 0x800069cc (0xc0f14813) xori    a6, sp, -1009
core   0: 3 0x800069cc (0xc0f14813) x16 0xfffffdb6
core   0: 0x800069d0 (0x0170d493) srli    s1, ra, 23
core   0: 3 0x800069d0 (0x0170d493) x 9 0x000000c6
core   0: 0x800069d4 (0x004bc433) xor     s0, s7, tp
core   0: 3 0x800069d4 (0x004bc433) x 8 0x00000120
core   0: 0x800069d8 (0x9da8c613) xori    a2, a7, -1574
core   0: 3 0x800069d8 (0x9da8c613) x12 0x00000425
core   0: 0x800069dc (0x007e04b3) add     s1, t3, t2
core   0: 3 0x800069dc (0x007e04b3) x 9 0x115ffcaa
core   0: 0x800069e0 (0x95c64437) lui     s0, 0x95c64
core   0: 3 0x800069e0 (0x95c64437) x 8 0x95c64000
core   0: 0x800069e4 (0x01fd1993) slli    s3, s10, 31
core   0: 3 0x800069e4 (0x01fd1993) x19 0x80000000
core   0: 0x800069e8 (0x018de133) or      sp, s11, s8
core   0: 3 0x800069e8 (0x018de133) x 2 0xffffff7f
core   0: 0x800069ec (0x00873eb3) sltu    t4, a4, s0
core   0: 3 0x800069ec (0x00873eb3) x29 0x00000000
core   0: 0x800069f0 (0x00529133) sll     sp, t0, t0
core   0: 3 0x800069f0 (0x00529133) x 2 0x00000000
core   0: 0x800069f4 (0x87faf437) lui     s0, 0x87faf
core   0: 3 0x800069f4 (0x87faf437) x 8 0x87faf000
core   0: 0x800069f8 (0x01513eb3) sltu    t4, sp, s5
core   0: 3 0x800069f8 (0x01513eb3) x29 0x00000001
core   0: 0x800069fc (0x002faa33) slt     s4, t6, sp
core   0: 3 0x800069fc (0x002faa33) x20 0x00000000
core   0: 0x80006a00 (0x41a48ab3) sub     s5, s1, s10
core   0: 3 0x80006a00 (0x41a48ab3) x21 0x115ffba9
core   0: 0x80006a04 (0x01e92a33) slt     s4, s2, t5
core   0: 3 0x80006a04 (0x01e92a33) x20 0x00000001
core   0: 0x80006a08 (0x016943b3) xor     t2, s2, s6
core   0: 3 0x80006a08 (0x016943b3) x 7 0x00000000
core   0: 0x80006a0c (0x012ffeb3) and     t4, t6, s2
core   0: 3 0x80006a0c (0x012ffeb3) x29 0x00000000
core   0: 0x80006a10 (0x00430e33) add     t3, t1, tp
core   0: 3 0x80006a10 (0x00430e33) x28 0x00000012
core   0: 0x80006a14 (0x00000013) nop
core   0: 3 0x80006a14 (0x00000013)
core   0: 0x80006a18 (0x01887cb3) and     s9, a6, s8
core   0: 3 0x80006a18 (0x01887cb3) x25 0xffc27c36
core   0: 0x80006a1c (0x414302b3) sub     t0, t1, s4
core   0: 3 0x80006a1c (0x414302b3) x 5 0x00000012
core   0: 0x80006a20 (0x0108d8b3) srl     a7, a7, a6
core   0: 3 0x80006a20 (0x0108d8b3) x17 0x000003ff
core   0: 0x80006a24 (0x00000013) nop
core   0: 3 0x80006a24 (0x00000013)
core   0: 0x80006a28 (0x002684b3) add     s1, a3, sp
core   0: 3 0x80006a28 (0x002684b3) x 9 0x80000621
core   0: 0x80006a2c (0x0013b233) sltu    tp, t2, ra
core   0: 3 0x80006a2c (0x0013b233) x 4 0x00000001
core   0: 0x80006a30 (0xdfac7b13) andi    s6, s8, -518
core   0: 3 0x80006a30 (0xdfac7b13) x22 0xffc27c3a
core   0: 0x80006a34 (0xb9cc4e93) xori    t4, s8, -1124
core   0: 3 0x80006a34 (0xb9cc4e93) x29 0x003d85a3
core   0: 0x80006a38 (0xc8f27a37) lui     s4, 0xc8f27
core   0: 3 0x80006a38 (0xc8f27a37) x20 0xc8f27000
core   0: 0x80006a3c (0x00e3ccb3) xor     s9, t2, a4
core   0: 3 0x80006a3c (0x00e3ccb3) x25 0xfffff000
core   0: 0x80006a40 (0x1a990793) addi    a5, s2, 425
core   0: 3 0x80006a40 (0x1a990793) x15 0x000001a9
core   0: 0x80006a44 (0x00b01433) sll     s0, zero, a1
core   0: 3 0x80006a44 (0x00b01433) x 8 0x00000000
core   0: 0x80006a48 (0x8eef0893) addi    a7, t5, -1810
core   0: 3 0x80006a48 (0x8eef0893) x17 0x634331a3
core   0: 0x80006a4c (0xb9fd3b93) sltiu   s7, s10, -1121
core   0: 3 0x80006a4c (0xb9fd3b93) x23 0x00000001
core   0: 0x80006a50 (0x40badab3) sra     s5, s5, a1
core   0: 3 0x80006a50 (0x40badab3) x21 0x0115ffba
core   0: 0x80006a54 (0xf6f0f037) lui     zero, 0xf6f0f
core   0: 3 0x80006a54 (0xf6f0f037)
core   0: 0x80006a58 (0x00e1ab33) slt     s6, gp, a4
core   0: 3 0x80006a58 (0x00e1ab33) x22 0x00000001
core   0: 0x80006a5c (0x41df88b3) sub     a7, t6, t4
core   0: 3 0x80006a5c (0x41df88b3) x17 0xffc27d7b
core   0: 0x80006a60 (0x00000013) nop
core   0: 3 0x80006a60 (0x00000013)
core   0: 0x80006a64 (0x41425c93) srai    s9, tp, 20
core   0: 3 0x80006a64 (0x41425c93) x25 0x00000000
core   0: 0x80006a68 (0x00e22a33) slt     s4, tp, a4
core   0: 3 0x80006a68 (0x00e22a33) x20 0x00000000
core   0: 0x80006a6c (0x405e84b3) sub     s1, t4, t0
core   0: 3 0x80006a6c (0x405e84b3) x 9 0x003d8591
core   0: 0x80006a70 (0xd5f8f493) andi    s1, a7, -673
core   0: 3 0x80006a70 (0xd5f8f493) x 9 0xffc27d5b
core   0: 0x80006a74 (0x011c19b3) sll     s3, s8, a7
core   0: 3 0x80006a74 (0x011c19b3) x19 0xf8000000
core   0: 0x80006a78 (0x8829a8b7) lui     a7, 0x8829a
core   0: 3 0x80006a78 (0x8829a8b7) x17 0x8829a000
core   0: 0x80006a7c (0x00d01d93) slli    s11, zero, 13
core   0: 3 0x80006a7c (0x00d01d93) x27 0x00000000
core   0: 0x80006a80 (0x7ad97e13) andi    t3, s2, 1965
core   0: 3 0x80006a80 (0x7ad97e13) x28 0x00000000
core   0: 0x80006a84 (0x01209b33) sll     s6, ra, s2
core   0: 3 0x80006a84 (0x01209b33) x22 0x63433891
core   0: 0x80006a88 (0x00b64133) xor     sp, a2, a1
core   0: 3 0x80006a88 (0x00b64133) x 2 0x80010a41
core   0: 0x80006a8c (0x480c9e17) auipc   t3, 0x480c9
core   0: 3 0x80006a8c (0x480c9e17) x28 0xc80cfa8c
core   0: 0x80006a90 (0x41b55fb3) sra     t6, a0, s11
core   0: 3 0x80006a90 (0x41b55fb3) x31 0x80014ce4
core   0: 0x80006a94 (0xf7a3ef93) ori     t6, t2, -134
core   0: 3 0x80006a94 (0xf7a3ef93) x31 0xffffff7a
core   0: 0x80006a98 (0x38a93893) sltiu   a7, s2, 906
core   0: 3 0x80006a98 (0x38a93893) x17 0x00000001
core   0: 0x80006a9c (0x00ab0fb3) add     t6, s6, a0
core   0: 3 0x80006a9c (0x00ab0fb3) x31 0xe3448575
core   0: 0x80006aa0 (0x00000013) nop
core   0: 3 0x80006aa0 (0x00000013)
core   0: 0x80006aa4 (0x01dea933) slt     s2, t4, t4
core   0: 3 0x80006aa4 (0x01dea933) x18 0x00000000
core   0: 0x80006aa8 (0xb65b00b7) lui     ra, 0xb65b0
core   0: 3 0x80006aa8 (0xb65b00b7) x 1 0xb65b0000
core   0: 0x80006aac (0x019701b3) add     gp, a4, s9
core   0: 3 0x80006aac (0x019701b3) x 3 0xfffff000
core   0: 0x80006ab0 (0x01c26633) or      a2, tp, t3
core   0: 3 0x80006ab0 (0x01c26633) x12 0xc80cfa8d
core   0: 0x80006ab4 (0x00000013) nop
core   0: 3 0x80006ab4 (0x00000013)
core   0: 0x80006ab8 (0x8f003a93) sltiu   s5, zero, -1808
core   0: 3 0x80006ab8 (0x8f003a93) x21 0x00000001
core   0: 0x80006abc (0x01265d33) srl     s10, a2, s2
core   0: 3 0x80006abc (0x01265d33) x26 0xc80cfa8d
core   0: 0x80006ac0 (0x00000013) nop
core   0: 3 0x80006ac0 (0x00000013)
core   0: 0x80006ac4 (0x01345bb3) srl     s7, s0, s3
core   0: 3 0x80006ac4 (0x01345bb3) x23 0x00000000
core   0: 0x80006ac8 (0x00f979b3) and     s3, s2, a5
core   0: 3 0x80006ac8 (0x00f979b3) x19 0x00000000
core   0: 0x80006acc (0x456f4993) xori    s3, t5, 1110
core   0: 3 0x80006acc (0x456f4993) x19 0x63433ce3
core   0: 0x80006ad0 (0x012d23b3) slt     t2, s10, s2
core   0: 3 0x80006ad0 (0x012d23b3) x 7 0x00000001
core   0: 0x80006ad4 (0x66a8a193) slti    gp, a7, 1642
core   0: 3 0x80006ad4 (0x66a8a193) x 3 0x00000001
core   0: 0x80006ad8 (0x015fae33) slt     t3, t6, s5
core   0: 3 0x80006ad8 (0x015fae33) x28 0x00000001
core   0: 0x80006adc (0x014caf33) slt     t5, s9, s4
core   0: 3 0x80006adc (0x014caf33) x30 0x00000000
core   0: 0x80006ae0 (0x0164b3b3) sltu    t2, s1, s6
core   0: 3 0x80006ae0 (0x0164b3b3) x 7 0x00000000
core   0: 0x80006ae4 (0xdec31237) lui     tp, 0xdec31
core   0: 3 0x80006ae4 (0xdec31237) x 4 0xdec31000
core   0: 0x80006ae8 (0x00d0df13) srli    t5, ra, 13
core   0: 3 0x80006ae8 (0x00d0df13) x30 0x0005b2d8
core   0: 0x80006aec (0x00000013) nop
core   0: 3 0x80006aec (0x00000013)
core   0: 0x80006af0 (0xb3f9bd13) sltiu   s10, s3, -1217
core   0: 3 0x80006af0 (0xb3f9bd13) x26 0x00000001
core   0: 0x80006af4 (0x40bf8f33) sub     t5, t6, a1
core   0: 3 0x80006af4 (0x40bf8f33) x30 0x63437711
core   0: 0x80006af8 (0x40a9cf93) xori    t6, s3, 1034
core   0: 3 0x80006af8 (0x40a9cf93) x31 0x634338e9
core   0: 0x80006afc (0x01fc8833) add     a6, s9, t6
core   0: 3 0x80006afc (0x01fc8833) x16 0x634338e9
core   0: 0x80006b00 (0x84c8fe13) andi    t3, a7, -1972
core   0: 3 0x80006b00 (0x84c8fe13) x28 0x00000000
core   0: 0x80006b04 (0xbbefa813) slti    a6, t6, -1090
core   0: 3 0x80006b04 (0xbbefa813) x16 0x00000000
core   0: 0x80006b08 (0x00df10b3) sll     ra, t5, a3
core   0: 3 0x80006b08 (0x00df10b3) x 1 0xc686ee22
core   0: 0x80006b0c (0x01a96db3) or      s11, s2, s10
core   0: 3 0x80006b0c (0x01a96db3) x27 0x00000001
core   0: 0x80006b10 (0xb95fc893) xori    a7, t6, -1131
core   0: 3 0x80006b10 (0xb95fc893) x17 0x9cbcc37c
core   0: 0x80006b14 (0x402ad433) sra     s0, s5, sp
core   0: 3 0x80006b14 (0x402ad433) x 8 0x00000000
core   0: 0x80006b18 (0x01ebb133) sltu    sp, s7, t5
core   0: 3 0x80006b18 (0x01ebb133) x 2 0x00000001
core   0: 0x80006b1c (0x014cc633) xor     a2, s9, s4
core   0: 3 0x80006b1c (0x014cc633) x12 0x00000000
core   0: 0x80006b20 (0x01829b33) sll     s6, t0, s8
core   0: 3 0x80006b20 (0x01829b33) x22 0x00000000
core   0: 0x80006b24 (0x01c74db3) xor     s11, a4, t3
core   0: 3 0x80006b24 (0x01c74db3) x27 0xfffff000
core   0: 0x80006b28 (0x6f404893) xori    a7, zero, 1780
core   0: 3 0x80006b28 (0x6f404893) x17 0x000006f4
core   0: 0x80006b2c (0x0191b233) sltu    tp, gp, s9
core   0: 3 0x80006b2c (0x0191b233) x 4 0x00000000
core   0: 0x80006b30 (0x008fb8b3) sltu    a7, t6, s0
core   0: 3 0x80006b30 (0x008fb8b3) x17 0x00000000
core   0: 0x80006b34 (0x00b196b3) sll     a3, gp, a1
core   0: 3 0x80006b34 (0x00b196b3) x13 0x00000010
core   0: 0x80006b38 (0x41370733) sub     a4, a4, s3
core   0: 3 0x80006b38 (0x41370733) x14 0x9cbcb31d
core   0: 0x80006b3c (0x79ac0b93) addi    s7, s8, 1946
core   0: 3 0x80006b3c (0x79ac0b93) x23 0xffc285d9
core   0: 0x80006b40 (0x012657b3) srl     a5, a2, s2
core   0: 3 0x80006b40 (0x012657b3) x15 0x00000000
core   0: 0x80006b44 (0xb81ab093) sltiu   ra, s5, -1151
core   0: 3 0x80006b44 (0xb81ab093) x 1 0x00000001
core   0: 0x80006b48 (0x00000013) nop
core   0: 3 0x80006b48 (0x00000013)
core   0: 0x80006b4c (0x712e3ab7) lui     s5, 0x712e3
core   0: 3 0x80006b4c (0x712e3ab7) x21 0x712e3000
core   0: 0x80006b50 (0x001be833) or      a6, s7, ra
core   0: 3 0x80006b50 (0x001be833) x16 0xffc285d9
core   0: 0x80006b54 (0xb98cac93) slti    s9, s9, -1128
core   0: 3 0x80006b54 (0xb98cac93) x25 0x00000000
core   0: 0x80006b58 (0x01d0fd33) and     s10, ra, t4
core   0: 3 0x80006b58 (0x01d0fd33) x26 0x00000001
core   0: 0x80006b5c (0x328ae3b7) lui     t2, 0x328ae
core   0: 3 0x80006b5c (0x328ae3b7) x 7 0x328ae000
core   0: 0x80006b60 (0x006ee033) or      zero, t4, t1
core   0: 3 0x80006b60 (0x006ee033)
core   0: 0x80006b64 (0x0174a7b3) slt     a5, s1, s7
core   0: 3 0x80006b64 (0x0174a7b3) x15 0x00000001
core   0: 0x80006b68 (0x00491d33) sll     s10, s2, tp
core   0: 3 0x80006b68 (0x00491d33) x26 0x00000000
core   0: 0x80006b6c (0x00c3d193) srli    gp, t2, 12
core   0: 3 0x80006b6c (0x00c3d193) x 3 0x000328ae
core   0: 0x80006b70 (0x0052ab33) slt     s6, t0, t0
core   0: 3 0x80006b70 (0x0052ab33) x22 0x00000000
core   0: 0x80006b74 (0x40d05013) srai    zero, zero, 13
core   0: 3 0x80006b74 (0x40d05013)
core   0: 0x80006b78 (0x01cdffb3) and     t6, s11, t3
core   0: 3 0x80006b78 (0x01cdffb3) x31 0x00000000
core   0: 0x80006b7c (0x45b3aa13) slti    s4, t2, 1115
core   0: 3 0x80006b7c (0x45b3aa13) x20 0x00000000
core   0: 0x80006b80 (0x01050fb3) add     t6, a0, a6
core   0: 3 0x80006b80 (0x01050fb3) x31 0x7fc3d2bd
core   0: 0x80006b84 (0xd0f9c817) auipc   a6, 0xd0f9c
core   0: 3 0x80006b84 (0xd0f9c817) x16 0x50fa2b84
core   0: 0x80006b88 (0x2a7fc393) xori    t2, t6, 679
core   0: 3 0x80006b88 (0x2a7fc393) x 7 0x7fc3d01a
core   0: 0x80006b8c (0x52088413) addi    s0, a7, 1312
core   0: 3 0x80006b8c (0x52088413) x 8 0x00000520
core   0: 0x80006b90 (0x00000013) nop
core   0: 3 0x80006b90 (0x00000013)
core   0: 0x80006b94 (0x00b66433) or      s0, a2, a1
core   0: 3 0x80006b94 (0x00b66433) x 8 0x80010e64
core   0: 0x80006b98 (0xfa9b0d13) addi    s10, s6, -87
core   0: 3 0x80006b98 (0xfa9b0d13) x26 0xffffffa9
core   0: 0x80006b9c (0x00ee0bb3) add     s7, t3, a4
core   0: 3 0x80006b9c (0x00ee0bb3) x23 0x9cbcb31d
core   0: 0x80006ba0 (0x5c698d93) addi    s11, s3, 1478
core   0: 3 0x80006ba0 (0x5c698d93) x27 0x634342a9
core   0: 0x80006ba4 (0x41d65093) srai    ra, a2, 29
core   0: 3 0x80006ba4 (0x41d65093) x 1 0x00000000
core   0: 0x80006ba8 (0x00647633) and     a2, s0, t1
core   0: 3 0x80006ba8 (0x00647633) x12 0x00000000
core   0: 0x80006bac (0x415481b3) sub     gp, s1, s5
core   0: 3 0x80006bac (0x415481b3) x 3 0x8e944d5b
core   0: 0x80006bb0 (0x40cb5433) sra     s0, s6, a2
core   0: 3 0x80006bb0 (0x40cb5433) x 8 0x00000000
core   0: 0x80006bb4 (0x60608113) addi    sp, ra, 1542
core   0: 3 0x80006bb4 (0x60608113) x 2 0x00000606
core   0: 0x80006bb8 (0x00ea9bb3) sll     s7, s5, a4
core   0: 3 0x80006bb8 (0x00ea9bb3) x23 0x00000000
core   0: 0x80006bbc (0x00a29c93) slli    s9, t0, 10
core   0: 3 0x80006bbc (0x00a29c93) x25 0x00004800
core   0: 0x80006bc0 (0xef9ff093) andi    ra, t6, -263
core   0: 3 0x80006bc0 (0xef9ff093) x 1 0x7fc3d2b9
core   0: 0x80006bc4 (0x001dca33) xor     s4, s11, ra
core   0: 3 0x80006bc4 (0x001dca33) x20 0x1c809010
core   0: 0x80006bc8 (0x004fa2b3) slt     t0, t6, tp
core   0: 3 0x80006bc8 (0x004fa2b3) x 5 0x00000000
core   0: 0x80006bcc (0x404100b3) sub     ra, sp, tp
core   0: 3 0x80006bcc (0x404100b3) x 1 0x00000606
core   0: 0x80006bd0 (0x005cafb3) slt     t6, s9, t0
core   0: 3 0x80006bd0 (0x005cafb3) x31 0x00000000
core   0: 0x80006bd4 (0x0127a433) slt     s0, a5, s2
core   0: 3 0x80006bd4 (0x0127a433) x 8 0x00000000
core   0: 0x80006bd8 (0x7cc7b437) lui     s0, 0x7cc7b
core   0: 3 0x80006bd8 (0x7cc7b437) x 8 0x7cc7b000
core   0: 0x80006bdc (0x00d1f233) and     tp, gp, a3
core   0: 3 0x80006bdc (0x00d1f233) x 4 0x00000010
core   0: 0x80006be0 (0x01b17b33) and     s6, sp, s11
core   0: 3 0x80006be0 (0x01b17b33) x22 0x00000200
core   0: 0x80006be4 (0x00e77fb3) and     t6, a4, a4
core   0: 3 0x80006be4 (0x00e77fb3) x31 0x9cbcb31d
core   0: 0x80006be8 (0x00de1893) slli    a7, t3, 13
core   0: 3 0x80006be8 (0x00de1893) x17 0x00000000
core   0: 0x80006bec (0x01fa9db3) sll     s11, s5, t6
core   0: 3 0x80006bec (0x01fa9db3) x27 0x00000000
core   0: 0x80006bf0 (0x015fbd33) sltu    s10, t6, s5
core   0: 3 0x80006bf0 (0x015fbd33) x26 0x00000000
core   0: 0x80006bf4 (0xd222c113) xori    sp, t0, -734
core   0: 3 0x80006bf4 (0xd222c113) x 2 0xfffffd22
core   0: 0x80006bf8 (0x00eb2db3) slt     s11, s6, a4
core   0: 3 0x80006bf8 (0x00eb2db3) x27 0x00000000
core   0: 0x80006bfc (0x4f6a9997) auipc   s3, 0x4f6a9
core   0: 3 0x80006bfc (0x4f6a9997) x19 0xcf6afbfc
core   0: 0x80006c00 (0x40d1de13) srai    t3, gp, 13
core   0: 3 0x80006c00 (0x40d1de13) x28 0xfffc74a2
core   0: 0x80006c04 (0x01cdfeb3) and     t4, s11, t3
core   0: 3 0x80006c04 (0x01cdfeb3) x29 0x00000000
core   0: 0x80006c08 (0x010ae733) or      a4, s5, a6
core   0: 3 0x80006c08 (0x010ae733) x14 0x71fe3b84
core   0: 0x80006c0c (0x0155dc93) srli    s9, a1, 21
core   0: 3 0x80006c0c (0x0155dc93) x25 0x00000400
core   0: 0x80006c10 (0x641f2393) slti    t2, t5, 1601
core   0: 3 0x80006c10 (0x641f2393) x 7 0x00000000
core   0: 0x80006c14 (0x00000013) nop
core   0: 3 0x80006c14 (0x00000013)
core   0: 0x80006c18 (0x001bad33) slt     s10, s7, ra
core   0: 3 0x80006c18 (0x001bad33) x26 0x00000001
core   0: 0x80006c1c (0x00000013) nop
core   0: 3 0x80006c1c (0x00000013)
core   0: 0x80006c20 (0x7a8d9917) auipc   s2, 0x7a8d9
core   0: 3 0x80006c20 (0x7a8d9917) x18 0xfa8dfc20
core   0: 0x80006c24 (0x008234b3) sltu    s1, tp, s0
core   0: 3 0x80006c24 (0x008234b3) x 9 0x00000001
core   0: 0x80006c28 (0x00000013) nop
core   0: 3 0x80006c28 (0x00000013)
core   0: 0x80006c2c (0x897ffd13) andi    s10, t6, -1897
core   0: 3 0x80006c2c (0x897ffd13) x26 0x9cbcb015
core   0: 0x80006c30 (0x00fd88b3) add     a7, s11, a5
core   0: 3 0x80006c30 (0x00fd88b3) x17 0x00000001
core   0: 0x80006c34 (0x01bf7db3) and     s11, t5, s11
core   0: 3 0x80006c34 (0x01bf7db3) x27 0x00000000
core   0: 0x80006c38 (0x041ae797) auipc   a5, 0x41ae
core   0: 3 0x80006c38 (0x041ae797) x15 0x841b4c38
core   0: 0x80006c3c (0x01fd3a33) sltu    s4, s10, t6
core   0: 3 0x80006c3c (0x01fd3a33) x20 0x00000001
core   0: 0x80006c40 (0x9d23cb93) xori    s7, t2, -1582
core   0: 3 0x80006c40 (0x9d23cb93) x23 0xfffff9d2
core   0: 0x80006c44 (0x0026d413) srli    s0, a3, 2
core   0: 3 0x80006c44 (0x0026d413) x 8 0x00000004
core   0: 0x80006c48 (0x1a1da293) slti    t0, s11, 417
core   0: 3 0x80006c48 (0x1a1da293) x 5 0x00000001
core   0: 0x80006c4c (0x00663133) sltu    sp, a2, t1
core   0: 3 0x80006c4c (0x00663133) x 2 0x00000001
core   0: 0x80006c50 (0x00b05493) srli    s1, zero, 11
core   0: 3 0x80006c50 (0x00b05493) x 9 0x00000000
core   0: 0x80006c54 (0xc45da313) slti    t1, s11, -955
core   0: 3 0x80006c54 (0xc45da313) x 6 0x00000000
core   0: 0x80006c58 (0x80f62313) slti    t1, a2, -2033
core   0: 3 0x80006c58 (0x80f62313) x 6 0x00000000
core   0: 0x80006c5c (0x3bebed93) ori     s11, s7, 958
core   0: 3 0x80006c5c (0x3bebed93) x27 0xfffffbfe
core   0: 0x80006c60 (0x6310a813) slti    a6, ra, 1585
core   0: 3 0x80006c60 (0x6310a813) x16 0x00000001
core   0: 0x80006c64 (0x40c95493) srai    s1, s2, 12
core   0: 3 0x80006c64 (0x40c95493) x 9 0xffffa8df
core   0: 0x80006c68 (0xc96bd037) lui     zero, 0xc96bd
core   0: 3 0x80006c68 (0xc96bd037)
core   0: 0x80006c6c (0x4ea9bb93) sltiu   s7, s3, 1258
core   0: 3 0x80006c6c (0x4ea9bb93) x23 0x00000000
core   0: 0x80006c70 (0x00ca5013) srli    zero, s4, 12
core   0: 3 0x80006c70 (0x00ca5013)
core   0: 0x80006c74 (0x0021acb3) slt     s9, gp, sp
core   0: 3 0x80006c74 (0x0021acb3) x25 0x00000001
core   0: 0x80006c78 (0x0032d093) srli    ra, t0, 3
core   0: 3 0x80006c78 (0x0032d093) x 1 0x00000000
core   0: 0x80006c7c (0x27c316b7) lui     a3, 0x27c31
core   0: 3 0x80006c7c (0x27c316b7) x13 0x27c31000
core   0: 0x80006c80 (0x00b9df33) srl     t5, s3, a1
core   0: 3 0x80006c80 (0x00b9df33) x30 0x0cf6afbf
core   0: 0x80006c84 (0xdfd18893) addi    a7, gp, -515
core   0: 3 0x80006c84 (0xdfd18893) x17 0x8e944b58
core   0: 0x80006c88 (0x0046bdb3) sltu    s11, a3, tp
core   0: 3 0x80006c88 (0x0046bdb3) x27 0x00000000
core   0: 0x80006c8c (0x000051b3) srl     gp, zero, zero
core   0: 3 0x80006c8c (0x000051b3) x 3 0x00000000
core   0: 0x80006c90 (0x010e4e33) xor     t3, t3, a6
core   0: 3 0x80006c90 (0x010e4e33) x28 0xfffc74a3
core   0: 0x80006c94 (0xcbfcfdb7) lui     s11, 0xcbfcf
core   0: 3 0x80006c94 (0xcbfcfdb7) x27 0xcbfcf000
core   0: 0x80006c98 (0x01105d13) srli    s10, zero, 17
core   0: 3 0x80006c98 (0x01105d13) x26 0x00000000
core   0: 0x80006c9c (0x01b64ab3) xor     s5, a2, s11
core   0: 3 0x80006c9c (0x01b64ab3) x21 0xcbfcf000
core   0: 0x80006ca0 (0x0084c733) xor     a4, s1, s0
core   0: 3 0x80006ca0 (0x0084c733) x14 0xffffa8db
core   0: 0x80006ca4 (0x59aa0293) addi    t0, s4, 1434
core   0: 3 0x80006ca4 (0x59aa0293) x 5 0x0000059b
core   0: 0x80006ca8 (0x40615013) srai    zero, sp, 6
core   0: 3 0x80006ca8 (0x40615013)
core   0: 0x80006cac (0x00b887b3) add     a5, a7, a1
core   0: 3 0x80006cac (0x00b887b3) x15 0x0e9559bc
core   0: 0x80006cb0 (0xf74bfb37) lui     s6, 0xf74bf
core   0: 3 0x80006cb0 (0xf74bfb37) x22 0xf74bf000
core   0: 0x80006cb4 (0xd6e8cf13) xori    t5, a7, -658
core   0: 3 0x80006cb4 (0xd6e8cf13) x30 0x716bb636
core   0: 0x80006cb8 (0x99ecad17) auipc   s10, 0x99eca
core   0: 3 0x80006cb8 (0x99ecad17) x26 0x19ed0cb8
core   0: 0x80006cbc (0xf78d4e13) xori    t3, s10, -136
core   0: 3 0x80006cbc (0xf78d4e13) x28 0xe612f3c0
core   0: 0x80006cc0 (0x6fe74b93) xori    s7, a4, 1790
core   0: 3 0x80006cc0 (0x6fe74b93) x23 0xffffae25
core   0: 0x80006cc4 (0xad98f117) auipc   sp, 0xad98f
core   0: 3 0x80006cc4 (0xad98f117) x 2 0x2d995cc4
core   0: 0x80006cc8 (0xfe490b93) addi    s7, s2, -28
core   0: 3 0x80006cc8 (0xfe490b93) x23 0xfa8dfc04
core   0: 0x80006ccc (0x40ecd833) sra     a6, s9, a4
core   0: 3 0x80006ccc (0x40ecd833) x16 0x00000000
core   0: 0x80006cd0 (0xbccf70b7) lui     ra, 0xbccf7
core   0: 3 0x80006cd0 (0xbccf70b7) x 1 0xbccf7000
core   0: 0x80006cd4 (0xfff00293) li      t0, -1
core   0: 3 0x80006cd4 (0xfff00293) x 5 0xffffffff
core   0: 0x80006cd8 (0x800003b7) lui     t2, 0x80000
core   0: 3 0x80006cd8 (0x800003b7) x 7 0x80000000
core   0: 0x80006cdc (0x00000313) li      t1, 0
core   0: 3 0x80006cdc (0x00000313) x 6 0x00000000
core   0: 0x80006ce0 (0x00000613) li      a2, 0
core   0: 3 0x80006ce0 (0x00000613) x12 0x00000000
core   0: 0x80006ce4 (0x00000f13) li      t5, 0
core   0: 3 0x80006ce4 (0x00000f13) x30 0x00000000
core   0: 0x80006ce8 (0xfff00993) li      s3, -1
core   0: 3 0x80006ce8 (0xfff00993) x19 0xffffffff
core   0: 0x80006cec (0x5b0edab7) lui     s5, 0x5b0ed
core   0: 3 0x80006cec (0x5b0edab7) x21 0x5b0ed000
core   0: 0x80006cf0 (0xd31a8a93) addi    s5, s5, -719
core   0: 3 0x80006cf0 (0xd31a8a93) x21 0x5b0ecd31
core   0: 0x80006cf4 (0x00000913) li      s2, 0
core   0: 3 0x80006cf4 (0x00000913) x18 0x00000000
core   0: 0x80006cf8 (0x800001b7) lui     gp, 0x80000
core   0: 3 0x80006cf8 (0x800001b7) x 3 0x80000000
core   0: 0x80006cfc (0x00000093) li      ra, 0
core   0: 3 0x80006cfc (0x00000093) x 1 0x00000000
core   0: 0x80006d00 (0x31991997) auipc   s3, 0x31991
core   0: 3 0x80006d00 (0x31991997) x19 0xb1997d00
core   0: 0x80006d04 (0x40730633) sub     a2, t1, t2
core   0: 3 0x80006d04 (0x40730633) x12 0x80000000
core   0: 0x80006d08 (0x66ad6337) lui     t1, 0x66ad6
core   0: 3 0x80006d08 (0x66ad6337) x 6 0x66ad6000
core   0: 0x80006d0c (0x9f318093) addi    ra, gp, -1549
core   0: 3 0x80006d0c (0x9f318093) x 1 0x7ffff9f3
core   0: 0x80006d10 (0x003a80b3) add     ra, s5, gp
core   0: 3 0x80006d10 (0x003a80b3) x 1 0xdb0ecd31
core   0: 0x80006d14 (0x341a8613) addi    a2, s5, 833
core   0: 3 0x80006d14 (0x341a8613) x12 0x5b0ed072
core   0: 0x80006d18 (0xe38f0913) addi    s2, t5, -456
core   0: 3 0x80006d18 (0xe38f0913) x18 0xfffffe38
core   0: 0x80006d1c (0x85f18f13) addi    t5, gp, -1953
core   0: 3 0x80006d1c (0x85f18f13) x30 0x7ffff85f
core   0: 0x80006d20 (0x01260633) add     a2, a2, s2
core   0: 3 0x80006d20 (0x01260633) x12 0x5b0eceaa
core   0: 0x80006d24 (0x01e302b3) add     t0, t1, t5
core   0: 3 0x80006d24 (0x01e302b3) x 5 0xe6ad585f
core   0: 0x80006d28 (0x00af5937) lui     s2, 0xaf5
core   0: 3 0x80006d28 (0x00af5937) x18 0x00af5000
core   0: 0x80006d2c (0x40338933) sub     s2, t2, gp
core   0: 3 0x80006d2c (0x40338933) x18 0x00000000
core   0: 0x80006d30 (0x00000013) nop
core   0: 3 0x80006d30 (0x00000013)
core   0: 0x80006d34 (0x40728933) sub     s2, t0, t2
core   0: 3 0x80006d34 (0x40728933) x18 0x66ad585f
core   0: 0x80006d38 (0x1253a937) lui     s2, 0x1253a
core   0: 3 0x80006d38 (0x1253a937) x18 0x1253a000
core   0: 0x80006d3c (0x5bc8c393) xori    t2, a7, 1468
core   0: 3 0x80006d3c (0x5bc8c393) x 7 0x8e944ee4
core   0: 0x80006d40 (0x6ecf0113) addi    sp, t5, 1772
core   0: 3 0x80006d40 (0x6ecf0113) x 2 0x7fffff4b
core   0: 0x80006d44 (0x692ccb13) xori    s6, s9, 1682
core   0: 3 0x80006d44 (0x692ccb13) x22 0x00000693
core   0: 0x80006d48 (0x00e521b7) lui     gp, 0xe52
core   0: 3 0x80006d48 (0x00e521b7) x 3 0x00e52000
core   0: 0x80006d4c (0x00000013) nop
core   0: 3 0x80006d4c (0x00000013)
core   0: 0x80006d50 (0x3512cd13) xori    s10, t0, 849
core   0: 3 0x80006d50 (0x3512cd13) x26 0xe6ad5b0e
core   0: 0x80006d54 (0x648f8793) addi    a5, t6, 1608
core   0: 3 0x80006d54 (0x648f8793) x15 0x9cbcb965
core   0: 0x80006d58 (0x6010f3b7) lui     t2, 0x6010f
core   0: 3 0x80006d58 (0x6010f3b7) x 7 0x6010f000
core   0: 0x80006d5c (0x01075613) srli    a2, a4, 16
core   0: 3 0x80006d5c (0x01075613) x12 0x0000ffff
core   0: 0x80006d60 (0x00128e33) add     t3, t0, ra
core   0: 3 0x80006d60 (0x00128e33) x28 0xc1bc2590
core   0: 0x80006d64 (0x4151e197) auipc   gp, 0x4151e
core   0: 3 0x80006d64 (0x4151e197) x 3 0xc1524d64
core   0: 0x80006d68 (0x000e0037) lui     zero, 0xe0
core   0: 3 0x80006d68 (0x000e0037)
core   0: 0x80006d6c (0x00161e33) sll     t3, a2, ra
core   0: 3 0x80006d6c (0x00161e33) x28 0xfffe0000
core   0: 0x80006d70 (0x00b3fb33) and     s6, t2, a1
core   0: 3 0x80006d70 (0x00b3fb33) x22 0x00000000
core   0: 0x80006d74 (0x00956833) or      a6, a0, s1
core   0: 3 0x80006d74 (0x00956833) x16 0xffffecff
core   0: 0x80006d78 (0x2254f313) andi    t1, s1, 549
core   0: 3 0x80006d78 (0x2254f313) x 6 0x00000005
core   0: 0x80006d7c (0x0158e4b3) or      s1, a7, s5
core   0: 3 0x80006d7c (0x0158e4b3) x 9 0xdf9ecf79
core   0: 0x80006d80 (0x01cc76b3) and     a3, s8, t3
core   0: 3 0x80006d80 (0x01cc76b3) x13 0xffc20000
core   0: 0x80006d84 (0xc7d16393) ori     t2, sp, -899
core   0: 3 0x80006d84 (0xc7d16393) x 7 0xffffff7f
core   0: 0x80006d88 (0x00085e93) srli    t4, a6, 0
core   0: 3 0x80006d88 (0x00085e93) x29 0xffffecff
core   0: 0x80006d8c (0x01819b13) slli    s6, gp, 24
core   0: 3 0x80006d8c (0x01819b13) x22 0x64000000
core   0: 0x80006d90 (0x004ee0b3) or      ra, t4, tp
core   0: 3 0x80006d90 (0x004ee0b3) x 1 0xffffecff
core   0: 0x80006d94 (0x0146c633) xor     a2, a3, s4
core   0: 3 0x80006d94 (0x0146c633) x12 0xffc20001
core   0: 0x80006d98 (0x015449b3) xor     s3, s0, s5
core   0: 3 0x80006d98 (0x015449b3) x19 0x5b0ecd35
core   0: 0x80006d9c (0x12db7f93) andi    t6, s6, 301
core   0: 3 0x80006d9c (0x12db7f93) x31 0x00000000
core   0: 0x80006da0 (0x01e6e633) or      a2, a3, t5
core   0: 3 0x80006da0 (0x01e6e633) x12 0xfffff85f
core   0: 0x80006da4 (0x32392b37) lui     s6, 0x32392
core   0: 3 0x80006da4 (0x32392b37) x22 0x32392000
core   0: 0x80006da8 (0x00267d33) and     s10, a2, sp
core   0: 3 0x80006da8 (0x00267d33) x26 0x7ffff84b
core   0: 0x80006dac (0x0175f9b3) and     s3, a1, s7
core   0: 3 0x80006dac (0x0175f9b3) x19 0x80010c04
core   0: 0x80006db0 (0x00499413) slli    s0, s3, 4
core   0: 3 0x80006db0 (0x00499413) x 8 0x0010c040
core   0: 0x80006db4 (0x017dd2b3) srl     t0, s11, s7
core   0: 3 0x80006db4 (0x017dd2b3) x 5 0x0cbfcf00
core   0: 0x80006db8 (0x01bc2617) auipc   a2, 0x1bc2
core   0: 3 0x80006db8 (0x01bc2617) x12 0x81bc8db8
core   0: 0x80006dbc (0x321a7837) lui     a6, 0x321a7
core   0: 3 0x80006dbc (0x321a7837) x16 0x321a7000
core   0: 0x80006dc0 (0x44006693) ori     a3, zero, 1088
core   0: 3 0x80006dc0 (0x44006693) x13 0x00000440
core   0: 0x80006dc4 (0x00830633) add     a2, t1, s0
core   0: 3 0x80006dc4 (0x00830633) x12 0x0010c045
core   0: 0x80006dc8 (0x40c751b3) sra     gp, a4, a2
core   0: 3 0x80006dc8 (0x40c751b3) x 3 0xfffffd46
core   0: 0x80006dcc (0x01935893) srli    a7, t1, 25
core   0: 3 0x80006dcc (0x01935893) x17 0x00000000
core   0: 0x80006dd0 (0x01555733) srl     a4, a0, s5
core   0: 3 0x80006dd0 (0x01555733) x14 0x00004000
core   0: 0x80006dd4 (0xa0582d93) slti    s11, a6, -1531
core   0: 3 0x80006dd4 (0xa0582d93) x27 0x00000000
core   0: 0x80006dd8 (0x015d4d33) xor     s10, s10, s5
core   0: 3 0x80006dd8 (0x015d4d33) x26 0x24f1357a
core   0: 0x80006ddc (0x41ce0d33) sub     s10, t3, t3
core   0: 3 0x80006ddc (0x41ce0d33) x26 0x00000000
core   0: 0x80006de0 (0x0001e297) auipc   t0, 0x1e
core   0: 3 0x80006de0 (0x0001e297) x 5 0x80024de0
core   0: 0x80006de4 (0x006480b3) add     ra, s1, t1
core   0: 3 0x80006de4 (0x006480b3) x 1 0xdf9ecf7e
core   0: 0x80006de8 (0x0da11d37) lui     s10, 0xda11
core   0: 3 0x80006de8 (0x0da11d37) x26 0x0da11000
core   0: 0x80006dec (0x00be1b13) slli    s6, t3, 11
core   0: 3 0x80006dec (0x00be1b13) x22 0xf0000000
core   0: 0x80006df0 (0x0065d893) srli    a7, a1, 6
core   0: 3 0x80006df0 (0x0065d893) x17 0x02000439
core   0: 0x80006df4 (0x00675e33) srl     t3, a4, t1
core   0: 3 0x80006df4 (0x00675e33) x28 0x00000200
core   0: 0x80006df8 (0x7b862f93) slti    t6, a2, 1976
core   0: 3 0x80006df8 (0x7b862f93) x31 0x00000000
core   0: 0x80006dfc (0x00903e33) snez    t3, s1
core   0: 3 0x80006dfc (0x00903e33) x28 0x00000001
core   0: 0x80006e00 (0x0e5a3a93) sltiu   s5, s4, 229
core   0: 3 0x80006e00 (0x0e5a3a93) x21 0x00000001
core   0: 0x80006e04 (0x409984b3) sub     s1, s3, s1
core   0: 3 0x80006e04 (0x409984b3) x 9 0xa0623c8b
core   0: 0x80006e08 (0x12affc93) andi    s9, t6, 298
core   0: 3 0x80006e08 (0x12affc93) x25 0x00000000
core   0: 0x80006e0c (0x734c2b93) slti    s7, s8, 1844
core   0: 3 0x80006e0c (0x734c2b93) x23 0x00000001
core   0: 0x80006e10 (0x00000013) nop
core   0: 3 0x80006e10 (0x00000013)
core   0: 0x80006e14 (0xdd182017) auipc   zero, 0xdd182
core   0: 3 0x80006e14 (0xdd182017)
core   0: 0x80006e18 (0x41af8e33) sub     t3, t6, s10
core   0: 3 0x80006e18 (0x41af8e33) x28 0xf25ef000
core   0: 0x80006e1c (0xef5aec93) ori     s9, s5, -267
core   0: 3 0x80006e1c (0xef5aec93) x25 0xfffffef5
core   0: 0x80006e20 (0x008a19b3) sll     s3, s4, s0
core   0: 3 0x80006e20 (0x008a19b3) x19 0x00000001
core   0: 0x80006e24 (0x01b21613) slli    a2, tp, 27
core   0: 3 0x80006e24 (0x01b21613) x12 0x80000000
core   0: 0x80006e28 (0x015e0ab3) add     s5, t3, s5
core   0: 3 0x80006e28 (0x015e0ab3) x21 0xf25ef001
core   0: 0x80006e2c (0xc5d8cb93) xori    s7, a7, -931
core   0: 3 0x80006e2c (0xc5d8cb93) x23 0xfdfff864
core   0: 0x80006e30 (0x247d6d13) ori     s10, s10, 583
core   0: 3 0x80006e30 (0x247d6d13) x26 0x0da11247
core   0: 0x80006e34 (0xf3c40a93) addi    s5, s0, -196
core   0: 3 0x80006e34 (0xf3c40a93) x21 0x0010bf7c
core   0: 0x80006e38 (0x0068d6b3) srl     a3, a7, t1
core   0: 3 0x80006e38 (0x0068d6b3) x13 0x00100021
core   0: 0x80006e3c (0x419457b3) sra     a5, s0, s9
core   0: 3 0x80006e3c (0x419457b3) x15 0x00000000
core   0: 0x80006e40 (0x0146c133) xor     sp, a3, s4
core   0: 3 0x80006e40 (0x0146c133) x 2 0x00100020
core   0: 0x80006e44 (0xff3ac993) xori    s3, s5, -13
core   0: 3 0x80006e44 (0xff3ac993) x19 0xffef408f
core   0: 0x80006e48 (0x4a11e213) ori     tp, gp, 1185
core   0: 3 0x80006e48 (0x4a11e213) x 4 0xfffffde7
core   0: 0x80006e4c (0x0122dd33) srl     s10, t0, s2
core   0: 3 0x80006e4c (0x0122dd33) x26 0x80024de0
core   0: 0x80006e50 (0x009b8b33) add     s6, s7, s1
core   0: 3 0x80006e50 (0x009b8b33) x22 0x9e6234ef
core   0: 0x80006e54 (0x01a68eb3) add     t4, a3, s10
core   0: 3 0x80006e54 (0x01a68eb3) x29 0x80124e01
core   0: 0x80006e58 (0xbffb8197) auipc   gp, 0xbffb8
core   0: 3 0x80006e58 (0xbffb8197) x 3 0x3ffbee58
core   0: 0x80006e5c (0xd8cdb337) lui     t1, 0xd8cdb
core   0: 3 0x80006e5c (0xd8cdb337) x 6 0xd8cdb000
core   0: 0x80006e60 (0x6220f7b7) lui     a5, 0x6220f
core   0: 3 0x80006e60 (0x6220f7b7) x15 0x6220f000
core   0: 0x80006e64 (0x64d22413) slti    s0, tp, 1613
core   0: 3 0x80006e64 (0x64d22413) x 8 0x00000001
core   0: 0x80006e68 (0xe79fe6b7) lui     a3, 0xe79fe
core   0: 3 0x80006e68 (0xe79fe6b7) x13 0xe79fe000
core   0: 0x80006e6c (0x010da633) slt     a2, s11, a6
core   0: 3 0x80006e6c (0x010da633) x12 0x00000001
core   0: 0x80006e70 (0x4186d393) srai    t2, a3, 24
core   0: 3 0x80006e70 (0x4186d393) x 7 0xffffffe7
core   0: 0x80006e74 (0x7f3f7613) andi    a2, t5, 2035
core   0: 3 0x80006e74 (0x7f3f7613) x12 0x00000053
core   0: 0x80006e78 (0x057e3b93) sltiu   s7, t3, 87
core   0: 3 0x80006e78 (0x057e3b93) x23 0x00000000
core   0: 0x80006e7c (0x00925493) srli    s1, tp, 9
core   0: 3 0x80006e7c (0x00925493) x 9 0x007ffffe
core   0: 0x80006e80 (0x00000013) nop
core   0: 3 0x80006e80 (0x00000013)
core   0: 0x80006e84 (0x41cb0233) sub     tp, s6, t3
core   0: 3 0x80006e84 (0x41cb0233) x 4 0xac0344ef
core   0: 0x80006e88 (0x00000013) nop
core   0: 3 0x80006e88 (0x00000013)
core   0: 0x80006e8c (0x41c2d8b3) sra     a7, t0, t3
core   0: 3 0x80006e8c (0x41c2d8b3) x17 0x80024de0
core   0: 0x80006e90 (0xe8f22897) auipc   a7, 0xe8f22
core   0: 3 0x80006e90 (0xe8f22897) x17 0x68f28e90
core   0: 0x80006e94 (0x00c004b3) add     s1, zero, a2
core   0: 3 0x80006e94 (0x00c004b3) x 9 0x00000053
core   0: 0x80006e98 (0xacac1497) auipc   s1, 0xacac1
core   0: 3 0x80006e98 (0xacac1497) x 9 0x2cac7e98
core   0: 0x80006e9c (0x007cc333) xor     t1, s9, t2
core   0: 3 0x80006e9c (0x007cc333) x 6 0x00000112
core   0: 0x80006ea0 (0xa9bb8393) addi    t2, s7, -1381
core   0: 3 0x80006ea0 (0xa9bb8393) x 7 0xfffffa9b
core   0: 0x80006ea4 (0x753ebd13) sltiu   s10, t4, 1875
core   0: 3 0x80006ea4 (0x753ebd13) x26 0x00000000
core   0: 0x80006ea8 (0x004d1093) slli    ra, s10, 4
core   0: 3 0x80006ea8 (0x004d1093) x 1 0x00000000
core   0: 0x80006eac (0x0125e0b3) or      ra, a1, s2
core   0: 3 0x80006eac (0x0125e0b3) x 1 0x9253ae64
core   0: 0x80006eb0 (0x5fdd1417) auipc   s0, 0x5fdd1
core   0: 3 0x80006eb0 (0x5fdd1417) x 8 0xdfdd7eb0
core   0: 0x80006eb4 (0x004faf33) slt     t5, t6, tp
core   0: 3 0x80006eb4 (0x004faf33) x30 0x00000000
core   0: 0x80006eb8 (0x27414993) xori    s3, sp, 628
core   0: 3 0x80006eb8 (0x27414993) x19 0x00100254
core   0: 0x80006ebc (0x00ad30b3) sltu    ra, s10, a0
core   0: 3 0x80006ebc (0x00ad30b3) x 1 0x00000001
core   0: 0x80006ec0 (0x40c08233) sub     tp, ra, a2
core   0: 3 0x80006ec0 (0x40c08233) x 4 0xffffffae
core   0: 0x80006ec4 (0x47a10393) addi    t2, sp, 1146
core   0: 3 0x80006ec4 (0x47a10393) x 7 0x0010049a
core   0: 0x80006ec8 (0x000630b3) sltu    ra, a2, zero
core   0: 3 0x80006ec8 (0x000630b3) x 1 0x00000000
core   0: 0x80006ecc (0x0c05b613) sltiu   a2, a1, 192
core   0: 3 0x80006ecc (0x0c05b613) x12 0x00000000
core   0: 0x80006ed0 (0x009f8433) add     s0, t6, s1
core   0: 3 0x80006ed0 (0x009f8433) x 8 0x2cac7e98
core   0: 0x80006ed4 (0x41c080b3) sub     ra, ra, t3
core   0: 3 0x80006ed4 (0x41c080b3) x 1 0x0da11000
core   0: 0x80006ed8 (0x41add433) sra     s0, s11, s10
core   0: 3 0x80006ed8 (0x41add433) x 8 0x00000000
core   0: 0x80006edc (0x90688113) addi    sp, a7, -1786
core   0: 3 0x80006edc (0x90688113) x 2 0x68f28796
core   0: 0x80006ee0 (0x00bbff33) and     t5, s7, a1
core   0: 3 0x80006ee0 (0x00bbff33) x30 0x00000000
core   0: 0x80006ee4 (0x012d1e93) slli    t4, s10, 18
core   0: 3 0x80006ee4 (0x012d1e93) x29 0x00000000
core   0: 0x80006ee8 (0x0002c0b3) xor     ra, t0, zero
core   0: 3 0x80006ee8 (0x0002c0b3) x 1 0x80024de0
core   0: 0x80006eec (0xad1cf713) andi    a4, s9, -1327
core   0: 3 0x80006eec (0xad1cf713) x14 0xfffffad1
core   0: 0x80006ef0 (0x4873c913) xori    s2, t2, 1159
core   0: 3 0x80006ef0 (0x4873c913) x18 0x0010001d
core   0: 0x80006ef4 (0x8aed7d13) andi    s10, s10, -1874
core   0: 3 0x80006ef4 (0x8aed7d13) x26 0x00000000
core   0: 0x80006ef8 (0x00952db3) slt     s11, a0, s1
core   0: 3 0x80006ef8 (0x00952db3) x27 0x00000001
core   0: 0x80006efc (0x3ec6b717) auipc   a4, 0x3ec6b
core   0: 3 0x80006efc (0x3ec6b717) x14 0xbec71efc
core   0: 0x80006f00 (0x0fd57893) andi    a7, a0, 253
core   0: 3 0x80006f00 (0x0fd57893) x17 0x000000e4
core   0: 0x80006f04 (0x00000013) nop
core   0: 3 0x80006f04 (0x00000013)
core   0: 0x80006f08 (0x7bf4c497) auipc   s1, 0x7bf4c
core   0: 3 0x80006f08 (0x7bf4c497) x 9 0xfbf52f08
core   0: 0x80006f0c (0x006613b3) sll     t2, a2, t1
core   0: 3 0x80006f0c (0x006613b3) x 7 0x00000000
core   0: 0x80006f10 (0x012ede13) srli    t3, t4, 18
core   0: 3 0x80006f10 (0x012ede13) x28 0x00000000
core   0: 0x80006f14 (0x018a3433) sltu    s0, s4, s8
core   0: 3 0x80006f14 (0x018a3433) x 8 0x00000001
core   0: 0x80006f18 (0x00781133) sll     sp, a6, t2
core   0: 3 0x80006f18 (0x00781133) x 2 0x321a7000
core   0: 0x80006f1c (0x22bd3b13) sltiu   s6, s10, 555
core   0: 3 0x80006f1c (0x22bd3b13) x22 0x00000001
core   0: 0x80006f20 (0x00045633) srl     a2, s0, zero
core   0: 3 0x80006f20 (0x00045633) x12 0x00000001
core   0: 0x80006f24 (0x0a608213) addi    tp, ra, 166
core   0: 3 0x80006f24 (0x0a608213) x 4 0x80024e86
core   0: 0x80006f28 (0x4177dcb3) sra     s9, a5, s7
core   0: 3 0x80006f28 (0x4177dcb3) x25 0x6220f000
core   0: 0x80006f2c (0x00030033) add     zero, t1, zero
core   0: 3 0x80006f2c (0x00030033)
core   0: 0x80006f30 (0xbabab113) sltiu   sp, s5, -1109
core   0: 3 0x80006f30 (0xbabab113) x 2 0x00000001
core   0: 0x80006f34 (0x98e00613) li      a2, -1650
core   0: 3 0x80006f34 (0x98e00613) x12 0xfffff98e
core   0: 0x80006f38 (0x405584b3) sub     s1, a1, t0
core   0: 3 0x80006f38 (0x405584b3) x 9 0xfffec084
core   0: 0x80006f3c (0x00911b33) sll     s6, sp, s1
core   0: 3 0x80006f3c (0x00911b33) x22 0x00000010
core   0: 0x80006f40 (0xfa9e0193) addi    gp, t3, -87
core   0: 3 0x80006f40 (0xfa9e0193) x 3 0xffffffa9
core   0: 0x80006f44 (0xd5082313) slti    t1, a6, -688
core   0: 3 0x80006f44 (0xd5082313) x 6 0x00000000
core   0: 0x80006f48 (0x0073c133) xor     sp, t2, t2
core   0: 3 0x80006f48 (0x0073c133) x 2 0x00000000
core   0: 0x80006f4c (0x5a8ba897) auipc   a7, 0x5a8ba
core   0: 3 0x80006f4c (0x5a8ba897) x17 0xda8c0f4c
core   0: 0x80006f50 (0x418adb93) srai    s7, s5, 24
core   0: 3 0x80006f50 (0x418adb93) x23 0x00000000
core   0: 0x80006f54 (0x403e57b3) sra     a5, t3, gp
core   0: 3 0x80006f54 (0x403e57b3) x15 0x00000000
core   0: 0x80006f58 (0x009682b3) add     t0, a3, s1
core   0: 3 0x80006f58 (0x009682b3) x 5 0xe79ea084
core   0: 0x80006f5c (0x419dda33) sra     s4, s11, s9
core   0: 3 0x80006f5c (0x419dda33) x20 0x00000001
core   0: 0x80006f60 (0x00000013) nop
core   0: 3 0x80006f60 (0x00000013)
core   0: 0x80006f64 (0x017f2b33) slt     s6, t5, s7
core   0: 3 0x80006f64 (0x017f2b33) x22 0x00000000
core   0: 0x80006f68 (0x417c5393) srai    t2, s8, 23
core   0: 3 0x80006f68 (0x417c5393) x 7 0xffffffff
core   0: 0x80006f6c (0x0082b3b3) sltu    t2, t0, s0
core   0: 3 0x80006f6c (0x0082b3b3) x 7 0x00000000
core   0: 0x80006f70 (0x41e50233) sub     tp, a0, t5
core   0: 3 0x80006f70 (0x41e50233) x 4 0x80014ce4
core   0: 0x80006f74 (0xf5b799b7) lui     s3, 0xf5b79
core   0: 3 0x80006f74 (0xf5b799b7) x19 0xf5b79000
core   0: 0x80006f78 (0x00e188b3) add     a7, gp, a4
core   0: 3 0x80006f78 (0x00e188b3) x17 0xbec71ea5
core   0: 0x80006f7c (0xd2328237) lui     tp, 0xd2328
core   0: 3 0x80006f7c (0xd2328237) x 4 0xd2328000
core   0: 0x80006f80 (0x00766fb3) or      t6, a2, t2
core   0: 3 0x80006f80 (0x00766fb3) x31 0xfffff98e
core   0: 0x80006f84 (0x97ac0293) addi    t0, s8, -1670
core   0: 3 0x80006f84 (0x97ac0293) x 5 0xffc277b9
core   0: 0x80006f88 (0x28ed4493) xori    s1, s10, 654
core   0: 3 0x80006f88 (0x28ed4493) x 9 0x0000028e
core   0: 0x80006f8c (0xf8b4a193) slti    gp, s1, -117
core   0: 3 0x80006f8c (0xf8b4a193) x 3 0x00000000
core   0: 0x80006f90 (0xff776137) lui     sp, 0xff776
core   0: 3 0x80006f90 (0xff776137) x 2 0xff776000
core   0: 0x80006f94 (0x00065193) srli    gp, a2, 0
core   0: 3 0x80006f94 (0x00065193) x 3 0xfffff98e
core   0: 0x80006f98 (0xce086713) ori     a4, a6, -800
core   0: 3 0x80006f98 (0xce086713) x14 0xfffffce0
core   0: 0x80006f9c (0x010b46b3) xor     a3, s6, a6
core   0: 3 0x80006f9c (0x010b46b3) x13 0x321a7000
core   0: 0x80006fa0 (0xd9c1ee13) ori     t3, gp, -612
core   0: 3 0x80006fa0 (0xd9c1ee13) x28 0xfffffd9e
core   0: 0x80006fa4 (0x01d31233) sll     tp, t1, t4
core   0: 3 0x80006fa4 (0x01d31233) x 4 0x00000000
core   0: 0x80006fa8 (0x40265d13) srai    s10, a2, 2
core   0: 3 0x80006fa8 (0x40265d13) x26 0xfffffe63
core   0: 0x80006fac (0x00000013) nop
core   0: 3 0x80006fac (0x00000013)
core   0: 0x80006fb0 (0x0045d893) srli    a7, a1, 4
core   0: 3 0x80006fb0 (0x0045d893) x17 0x080010e6
core   0: 0x80006fb4 (0x00982433) slt     s0, a6, s1
core   0: 3 0x80006fb4 (0x00982433) x 8 0x00000000
core   0: 0x80006fb8 (0x40e00e33) sub     t3, zero, a4
core   0: 3 0x80006fb8 (0x40e00e33) x28 0x00000320
core   0: 0x80006fbc (0x00000013) nop
core   0: 3 0x80006fbc (0x00000013)
core   0: 0x80006fc0 (0x00000013) nop
core   0: 3 0x80006fc0 (0x00000013)
core   0: 0x80006fc4 (0x1a65b493) sltiu   s1, a1, 422
core   0: 3 0x80006fc4 (0x1a65b493) x 9 0x00000000
core   0: 0x80006fc8 (0x19b9a993) slti    s3, s3, 411
core   0: 3 0x80006fc8 (0x19b9a993) x19 0x00000001
core   0: 0x80006fcc (0xb868e017) auipc   zero, 0xb868e
core   0: 3 0x80006fcc (0xb868e017)
core   0: 0x80006fd0 (0xf7522697) auipc   a3, 0xf7522
core   0: 3 0x80006fd0 (0xf7522697) x13 0x77528fd0
core   0: 0x80006fd4 (0x00fa9e33) sll     t3, s5, a5
core   0: 3 0x80006fd4 (0x00fa9e33) x28 0x0010bf7c
core   0: 0x80006fd8 (0x007128b3) slt     a7, sp, t2
core   0: 3 0x80006fd8 (0x007128b3) x17 0x00000001
core   0: 0x80006fdc (0x00355493) srli    s1, a0, 3
core   0: 3 0x80006fdc (0x00355493) x 9 0x1000299c
core   0: 0x80006fe0 (0x40a95d33) sra     s10, s2, a0
core   0: 3 0x80006fe0 (0x40a95d33) x26 0x00010001
core   0: 0x80006fe4 (0x6fd2cb93) xori    s7, t0, 1789
core   0: 3 0x80006fe4 (0x6fd2cb93) x23 0xffc27144
core   0: 0x80006fe8 (0xec268337) lui     t1, 0xec268
core   0: 3 0x80006fe8 (0xec268337) x 6 0xec268000
core   0: 0x80006fec (0x00000013) nop
core   0: 3 0x80006fec (0x00000013)
core   0: 0x80006ff0 (0x408d5a93) srai    s5, s10, 8
core   0: 3 0x80006ff0 (0x408d5a93) x21 0x00000100
core   0: 0x80006ff4 (0xfb538793) addi    a5, t2, -75
core   0: 3 0x80006ff4 (0xfb538793) x15 0xffffffb5
core   0: 0x80006ff8 (0x00000013) nop
core   0: 3 0x80006ff8 (0x00000013)
core   0: 0x80006ffc (0xf41ec313) xori    t1, t4, -191
core   0: 3 0x80006ffc (0xf41ec313) x 6 0xffffff41
core   0: 0x80007000 (0x01e1ad33) slt     s10, gp, t5
core   0: 3 0x80007000 (0x01e1ad33) x26 0x00000001
core   0: 0x80007004 (0x00000013) nop
core   0: 3 0x80007004 (0x00000013)
core   0: 0x80007008 (0x014e0133) add     sp, t3, s4
core   0: 3 0x80007008 (0x014e0133) x 2 0x0010bf7d
core   0: 0x8000700c (0x012fad33) slt     s10, t6, s2
core   0: 3 0x8000700c (0x012fad33) x26 0x00000001
core   0: 0x80007010 (0x00000013) nop
core   0: 3 0x80007010 (0x00000013)
core   0: 0x80007014 (0x6e312993) slti    s3, sp, 1763
core   0: 3 0x80007014 (0x6e312993) x19 0x00000000
core   0: 0x80007018 (0x00080eb3) add     t4, a6, zero
core   0: 3 0x80007018 (0x00080eb3) x29 0x321a7000
core   0: 0x8000701c (0x408203b3) sub     t2, tp, s0
core   0: 3 0x8000701c (0x408203b3) x 7 0x00000000
core   0: 0x80007020 (0xdc3f7b93) andi    s7, t5, -573
core   0: 3 0x80007020 (0xdc3f7b93) x23 0x00000000
core   0: 0x80007024 (0x3ad36cb7) lui     s9, 0x3ad36
core   0: 3 0x80007024 (0x3ad36cb7) x25 0x3ad36000
core   0: 0x80007028 (0x013969b3) or      s3, s2, s3
core   0: 3 0x80007028 (0x013969b3) x19 0x0010001d
core   0: 0x8000702c (0xe192bc93) sltiu   s9, t0, -487
core   0: 3 0x8000702c (0xe192bc93) x25 0x00000001
core   0: 0x80007030 (0x00e6d133) srl     sp, a3, a4
core   0: 3 0x80007030 (0x00e6d133) x 2 0x77528fd0
core   0: 0x80007034 (0x41b1d1b3) sra     gp, gp, s11
core   0: 3 0x80007034 (0x41b1d1b3) x 3 0xfffffcc7
core   0: 0x80007038 (0xd9e6e793) ori     a5, a3, -610
core   0: 3 0x80007038 (0xd9e6e793) x15 0xffffffde
core   0: 0x8000703c (0x008d91b3) sll     gp, s11, s0
core   0: 3 0x8000703c (0x008d91b3) x 3 0x00000001
core   0: 0x80007040 (0x00000013) nop
core   0: 3 0x80007040 (0x00000013)
core   0: 0x80007044 (0x01575133) srl     sp, a4, s5
core   0: 3 0x80007044 (0x01575133) x 2 0xfffffce0
core   0: 0x80007048 (0x0100d0b3) srl     ra, ra, a6
core   0: 3 0x80007048 (0x0100d0b3) x 1 0x80024de0
core   0: 0x8000704c (0x00315b13) srli    s6, sp, 3
core   0: 3 0x8000704c (0x00315b13) x22 0x1fffff9c
core   0: 0x80007050 (0x0064ffb3) and     t6, s1, t1
core   0: 3 0x80007050 (0x0064ffb3) x31 0x10002900
core   0: 0x80007054 (0xab864e13) xori    t3, a2, -1352
core   0: 3 0x80007054 (0xab864e13) x28 0x00000336
core   0: 0x80007058 (0xeb34f113) andi    sp, s1, -333
core   0: 3 0x80007058 (0xeb34f113) x 2 0x10002890
core   0: 0x8000705c (0x0141c6b3) xor     a3, gp, s4
core   0: 3 0x8000705c (0x0141c6b3) x13 0x00000000
core   0: 0x80007060 (0x00a277b3) and     a5, tp, a0
core   0: 3 0x80007060 (0x00a277b3) x15 0x00000000
core   0: 0x80007064 (0x40b38433) sub     s0, t2, a1
core   0: 3 0x80007064 (0x40b38433) x 8 0x7ffef19c
core   0: 0x80007068 (0x354aea97) auipc   s5, 0x354ae
core   0: 3 0x80007068 (0x354aea97) x21 0xb54b5068
core   0: 0x8000706c (0x3f203213) sltiu   tp, zero, 1010
core   0: 3 0x8000706c (0x3f203213) x 4 0x00000001
core   0: 0x80007070 (0x40d4dcb3) sra     s9, s1, a3
core   0: 3 0x80007070 (0x40d4dcb3) x25 0x1000299c
core   0: 0x80007074 (0x01995c93) srli    s9, s2, 25
core   0: 3 0x80007074 (0x01995c93) x25 0x00000000
core   0: 0x80007078 (0x004bef33) or      t5, s7, tp
core   0: 3 0x80007078 (0x004bef33) x30 0x00000001
core   0: 0x8000707c (0x01735a13) srli    s4, t1, 23
core   0: 3 0x8000707c (0x01735a13) x20 0x000001ff
core   0: 0x80007080 (0x333d3893) sltiu   a7, s10, 819
core   0: 3 0x80007080 (0x333d3893) x17 0x00000001
core   0: 0x80007084 (0x7d14e437) lui     s0, 0x7d14e
core   0: 3 0x80007084 (0x7d14e437) x 8 0x7d14e000
core   0: 0x80007088 (0x94eba313) slti    t1, s7, -1714
core   0: 3 0x80007088 (0x94eba313) x 6 0x00000000
core   0: 0x8000708c (0x18017813) andi    a6, sp, 384
core   0: 3 0x8000708c (0x18017813) x16 0x00000080
core   0: 0x80007090 (0x00e29333) sll     t1, t0, a4
core   0: 3 0x80007090 (0x00e29333) x 6 0xffc277b9
core   0: 0x80007094 (0x40658d33) sub     s10, a1, t1
core   0: 3 0x80007094 (0x40658d33) x26 0x803e96ab
core   0: 0x80007098 (0x859b8d13) addi    s10, s7, -1959
core   0: 3 0x80007098 (0x859b8d13) x26 0xfffff859
core   0: 0x8000709c (0x00345613) srli    a2, s0, 3
core   0: 3 0x8000709c (0x00345613) x12 0x0fa29c00
core   0: 0x800070a0 (0x73c3c293) xori    t0, t2, 1852
core   0: 3 0x800070a0 (0x73c3c293) x 5 0x0000073c
core   0: 0x800070a4 (0x403edd13) srai    s10, t4, 3
core   0: 3 0x800070a4 (0x403edd13) x26 0x06434e00
core   0: 0x800070a8 (0x12df6c93) ori     s9, t5, 301
core   0: 3 0x800070a8 (0x12df6c93) x25 0x0000012d
core   0: 0x800070ac (0x54698197) auipc   gp, 0x54698
core   0: 3 0x800070ac (0x54698197) x 3 0xd469f0ac
core   0: 0x800070b0 (0x001aaab3) slt     s5, s5, ra
core   0: 3 0x800070b0 (0x001aaab3) x21 0x00000000
core   0: 0x800070b4 (0x01c04d33) xor     s10, zero, t3
core   0: 3 0x800070b4 (0x01c04d33) x26 0x00000336
core   0: 0x800070b8 (0x40c10bb3) sub     s7, sp, a2
core   0: 3 0x800070b8 (0x40c10bb3) x23 0x005d8c90
core   0: 0x800070bc (0x01625ab3) srl     s5, tp, s6
core   0: 3 0x800070bc (0x01625ab3) x21 0x00000000
core   0: 0x800070c0 (0xde2d7393) andi    t2, s10, -542
core   0: 3 0x800070c0 (0xde2d7393) x 7 0x00000122
core   0: 0x800070c4 (0x01579bb3) sll     s7, a5, s5
core   0: 3 0x800070c4 (0x01579bb3) x23 0x00000000
core   0: 0x800070c8 (0x53218f93) addi    t6, gp, 1330
core   0: 3 0x800070c8 (0x53218f93) x31 0xd469f5de
core   0: 0x800070cc (0x412fd313) srai    t1, t6, 18
core   0: 3 0x800070cc (0x412fd313) x 6 0xfffff51a
core   0: 0x800070d0 (0x00149313) slli    t1, s1, 1
core   0: 3 0x800070d0 (0x00149313) x 6 0x20005338
core   0: 0x800070d4 (0x01d7b4b3) sltu    s1, a5, t4
core   0: 3 0x800070d4 (0x01d7b4b3) x 9 0x00000001
core   0: 0x800070d8 (0x33a0e793) ori     a5, ra, 826
core   0: 3 0x800070d8 (0x33a0e793) x15 0x80024ffa
core   0: 0x800070dc (0x8eebfb13) andi    s6, s7, -1810
core   0: 3 0x800070dc (0x8eebfb13) x22 0x00000000
core   0: 0x800070e0 (0x01dadb33) srl     s6, s5, t4
core   0: 3 0x800070e0 (0x01dadb33) x22 0x00000000
core   0: 0x800070e4 (0x8be6b617) auipc   a2, 0x8be6b
core   0: 3 0x800070e4 (0x8be6b617) x12 0x0be720e4
core   0: 0x800070e8 (0xc7054a93) xori    s5, a0, -912
core   0: 3 0x800070e8 (0xc7054a93) x21 0x7ffeb094
core   0: 0x800070ec (0x7462cf93) xori    t6, t0, 1862
core   0: 3 0x800070ec (0x7462cf93) x31 0x0000007a
core   0: 0x800070f0 (0x002929b3) slt     s3, s2, sp
core   0: 3 0x800070f0 (0x002929b3) x19 0x00000001
core   0: 0x800070f4 (0x40dbd213) srai    tp, s7, 13
core   0: 3 0x800070f4 (0x40dbd213) x 4 0x00000000
core   0: 0x800070f8 (0x401b5b13) srai    s6, s6, 1
core   0: 3 0x800070f8 (0x401b5b13) x22 0x00000000
core   0: 0x800070fc (0x0057c8b3) xor     a7, a5, t0
core   0: 3 0x800070fc (0x0057c8b3) x17 0x800248c6
core   0: 0x80007100 (0x0094b733) sltu    a4, s1, s1
core   0: 3 0x80007100 (0x0094b733) x14 0x00000000
core   0: 0x80007104 (0x0087f3b3) and     t2, a5, s0
core   0: 3 0x80007104 (0x0087f3b3) x 7 0x00004000
core   0: 0x80007108 (0x01418733) add     a4, gp, s4
core   0: 3 0x80007108 (0x01418733) x14 0xd469f2ab
core   0: 0x8000710c (0x00000013) nop
core   0: 3 0x8000710c (0x00000013)
core   0: 0x80007110 (0x01940db3) add     s11, s0, s9
core   0: 3 0x80007110 (0x01940db3) x27 0x7d14e12d
core   0: 0x80007114 (0x414ddfb3) sra     t6, s11, s4
core   0: 3 0x80007114 (0x414ddfb3) x31 0x00000000
core   0: 0x80007118 (0x00ded433) srl     s0, t4, a3
core   0: 3 0x80007118 (0x00ded433) x 8 0x321a7000
core   0: 0x8000711c (0x01e99433) sll     s0, s3, t5
core   0: 3 0x8000711c (0x01e99433) x 8 0x00000002
core   0: 0x80007120 (0xf4abca13) xori    s4, s7, -182
core   0: 3 0x80007120 (0xf4abca13) x20 0xffffff4a
core   0: 0x80007124 (0x403d51b3) sra     gp, s10, gp
core   0: 3 0x80007124 (0x403d51b3) x 3 0x00000000
core   0: 0x80007128 (0x39920193) addi    gp, tp, 921
core   0: 3 0x80007128 (0x39920193) x 3 0x00000399
core   0: 0x8000712c (0x00000013) nop
core   0: 3 0x8000712c (0x00000013)
core   0: 0x80007130 (0xa4bebbb7) lui     s7, 0xa4beb
core   0: 3 0x80007130 (0xa4bebbb7) x23 0xa4beb000
core   0: 0x80007134 (0x014d3633) sltu    a2, s10, s4
core   0: 3 0x80007134 (0x014d3633) x12 0x00000001
core   0: 0x80007138 (0x00f5d793) srli    a5, a1, 15
core   0: 3 0x80007138 (0x00f5d793) x15 0x00010002
core   0: 0x8000713c (0x01ccbfb3) sltu    t6, s9, t3
core   0: 3 0x8000713c (0x01ccbfb3) x31 0x00000001
core   0: 0x80007140 (0x01f97033) and     zero, s2, t6
core   0: 3 0x80007140 (0x01f97033)
core   0: 0x80007144 (0x40075393) srai    t2, a4, 0
core   0: 3 0x80007144 (0x40075393) x 7 0xd469f2ab
core   0: 0x80007148 (0x39747113) andi    sp, s0, 919
core   0: 3 0x80007148 (0x39747113) x 2 0x00000002
core   0: 0x8000714c (0x41e68db3) sub     s11, a3, t5
core   0: 3 0x8000714c (0x41e68db3) x27 0xffffffff
core   0: 0x80007150 (0x40e504b3) sub     s1, a0, a4
core   0: 3 0x80007150 (0x40e504b3) x 9 0xab975a39
core   0: 0x80007154 (0x2b35ae13) slti    t3, a1, 691
core   0: 3 0x80007154 (0x2b35ae13) x28 0x00000001
core   0: 0x80007158 (0x00d87e33) and     t3, a6, a3
core   0: 3 0x80007158 (0x00d87e33) x28 0x00000000
core   0: 0x8000715c (0x007d1db3) sll     s11, s10, t2
core   0: 3 0x8000715c (0x007d1db3) x27 0x0019b000
core   0: 0x80007160 (0x00000013) nop
core   0: 3 0x80007160 (0x00000013)
core   0: 0x80007164 (0x01585833) srl     a6, a6, s5
core   0: 3 0x80007164 (0x01585833) x16 0x00000000
core   0: 0x80007168 (0x00fd0333) add     t1, s10, a5
core   0: 3 0x80007168 (0x00fd0333) x 6 0x00010338
core   0: 0x8000716c (0x0189a2b3) slt     t0, s3, s8
core   0: 3 0x8000716c (0x0189a2b3) x 5 0x00000000
core   0: 0x80007170 (0xb3596193) ori     gp, s2, -1227
core   0: 3 0x80007170 (0xb3596193) x 3 0xfffffb3d
core   0: 0x80007174 (0x01e9a633) slt     a2, s3, t5
core   0: 3 0x80007174 (0x01e9a633) x12 0x00000000
core   0: 0x80007178 (0x413c5013) srai    zero, s8, 19
core   0: 3 0x80007178 (0x413c5013)
core   0: 0x8000717c (0x00a4e8b3) or      a7, s1, a0
core   0: 3 0x8000717c (0x00a4e8b3) x17 0xab975efd
core   0: 0x80007180 (0x013b91b3) sll     gp, s7, s3
core   0: 3 0x80007180 (0x013b91b3) x 3 0x497d6000
core   0: 0x80007184 (0x0158a333) slt     t1, a7, s5
core   0: 3 0x80007184 (0x0158a333) x 6 0x00000001
core   0: 0x80007188 (0x01024f33) xor     t5, tp, a6
core   0: 3 0x80007188 (0x01024f33) x30 0x00000000
core   0: 0x8000718c (0x00f48eb3) add     t4, s1, a5
core   0: 3 0x8000718c (0x00f48eb3) x29 0xab985a3b
core   0: 0x80007190 (0x000207b3) add     a5, tp, zero
core   0: 3 0x80007190 (0x000207b3) x15 0x00000000
core   0: 0x80007194 (0xefd81a17) auipc   s4, 0xefd81
core   0: 3 0x80007194 (0xefd81a17) x20 0x6fd88194
core   0: 0x80007198 (0x00000013) nop
core   0: 3 0x80007198 (0x00000013)
core   0: 0x8000719c (0x012e1113) slli    sp, t3, 18
core   0: 3 0x8000719c (0x012e1113) x 2 0x00000000
core   0: 0x800071a0 (0x40a8d213) srai    tp, a7, 10
core   0: 3 0x800071a0 (0x40a8d213) x 4 0xffeae5d7
core   0: 0x800071a4 (0xbfb9ef13) ori     t5, s3, -1029
core   0: 3 0x800071a4 (0xbfb9ef13) x30 0xfffffbfb
core   0: 0x800071a8 (0x00dba733) slt     a4, s7, a3
core   0: 3 0x800071a8 (0x00dba733) x14 0x00000001
core   0: 0x800071ac (0x001b1db3) sll     s11, s6, ra
core   0: 3 0x800071ac (0x001b1db3) x27 0x00000000
core   0: 0x800071b0 (0x668b6d93) ori     s11, s6, 1640
core   0: 3 0x800071b0 (0x668b6d93) x27 0x00000668
core   0: 0x800071b4 (0x40d28cb3) sub     s9, t0, a3
core   0: 3 0x800071b4 (0x40d28cb3) x25 0x00000000
core   0: 0x800071b8 (0x3b19a793) slti    a5, s3, 945
core   0: 3 0x800071b8 (0x3b19a793) x15 0x00000001
core   0: 0x800071bc (0x0062d793) srli    a5, t0, 6
core   0: 3 0x800071bc (0x0062d793) x15 0x00000000
core   0: 0x800071c0 (0x40930a33) sub     s4, t1, s1
core   0: 3 0x800071c0 (0x40930a33) x20 0x5468a5c8
core   0: 0x800071c4 (0x40acd413) srai    s0, s9, 10
core   0: 3 0x800071c4 (0x40acd413) x 8 0x00000000
core   0: 0x800071c8 (0x00591793) slli    a5, s2, 5
core   0: 3 0x800071c8 (0x00591793) x15 0x020003a0
core   0: 0x800071cc (0x1bfccd93) xori    s11, s9, 447
core   0: 3 0x800071cc (0x1bfccd93) x27 0x000001bf
core   0: 0x800071d0 (0x5f2ae197) auipc   gp, 0x5f2ae
core   0: 3 0x800071d0 (0x5f2ae197) x 3 0xdf2b51d0
core   0: 0x800071d4 (0x00b0fbb3) and     s7, ra, a1
core   0: 3 0x800071d4 (0x00b0fbb3) x23 0x80000c60
core   0: 0x800071d8 (0x002c1793) slli    a5, s8, 2
core   0: 3 0x800071d8 (0x002c1793) x15 0xff09f8fc
core   0: 0x800071dc (0x40d5de13) srai    t3, a1, 13
core   0: 3 0x800071dc (0x40d5de13) x28 0xfffc0008
core   0: 0x800071e0 (0x01891093) slli    ra, s2, 24
core   0: 3 0x800071e0 (0x01891093) x 1 0x1d000000
core   0: 0x800071e4 (0xde868613) addi    a2, a3, -536
core   0: 3 0x800071e4 (0xde868613) x12 0xfffffde8
core   0: 0x800071e8 (0x01d1e6b3) or      a3, gp, t4
core   0: 3 0x800071e8 (0x01d1e6b3) x13 0xffbb5bfb
core   0: 0x800071ec (0x01ed0733) add     a4, s10, t5
core   0: 3 0x800071ec (0x01ed0733) x14 0xffffff31
core   0: 0x800071f0 (0x00e217b3) sll     a5, tp, a4
core   0: 3 0x800071f0 (0x00e217b3) x15 0xcbae0000
core   0: 0x800071f4 (0xe7032e97) auipc   t4, 0xe7032
core   0: 3 0x800071f4 (0xe7032e97) x29 0x670391f4
core   0: 0x800071f8 (0x01aee233) or      tp, t4, s10
core   0: 3 0x800071f8 (0x01aee233) x 4 0x670393f6
core   0: 0x800071fc (0x416f0433) sub     s0, t5, s6
core   0: 3 0x800071fc (0x416f0433) x 8 0xfffffbfb
core   0: 0x80007200 (0xe1d73813) sltiu   a6, a4, -483
core   0: 3 0x80007200 (0xe1d73813) x16 0x00000000
core   0: 0x80007204 (0x019d0d33) add     s10, s10, s9
core   0: 3 0x80007204 (0x019d0d33) x26 0x00000336
core   0: 0x80007208 (0x514a7d93) andi    s11, s4, 1300
core   0: 3 0x80007208 (0x514a7d93) x27 0x00000500
core   0: 0x8000720c (0x6e3fa713) slti    a4, t6, 1763
core   0: 3 0x8000720c (0x6e3fa713) x14 0x00000001
core   0: 0x80007210 (0x01145f93) srli    t6, s0, 17
core   0: 3 0x80007210 (0x01145f93) x31 0x00007fff
core   0: 0x80007214 (0x014fd133) srl     sp, t6, s4
core   0: 3 0x80007214 (0x014fd133) x 2 0x0000007f
core   0: 0x80007218 (0x005bdf13) srli    t5, s7, 5
core   0: 3 0x80007218 (0x005bdf13) x30 0x04000063
core   0: 0x8000721c (0x371a6893) ori     a7, s4, 881
core   0: 3 0x8000721c (0x371a6893) x17 0x5468a7f9
core   0: 0x80007220 (0x01f2c033) xor     zero, t0, t6
core   0: 3 0x80007220 (0x01f2c033)
core   0: 0x80007224 (0x01f60b33) add     s6, a2, t6
core   0: 3 0x80007224 (0x01f60b33) x22 0x00007de7
core   0: 0x80007228 (0x34918a93) addi    s5, gp, 841
core   0: 3 0x80007228 (0x34918a93) x21 0xdf2b5519
core   0: 0x8000722c (0x017c7d33) and     s10, s8, s7
core   0: 3 0x8000722c (0x017c7d33) x26 0x80000c20
core   0: 0x80007230 (0x98bb7193) andi    gp, s6, -1653
core   0: 3 0x80007230 (0x98bb7193) x 3 0x00007983
core   0: 0x80007234 (0x410a5413) srai    s0, s4, 16
core   0: 3 0x80007234 (0x410a5413) x 8 0x00005468
core   0: 0x80007238 (0x1173a213) slti    tp, t2, 279
core   0: 3 0x80007238 (0x1173a213) x 4 0x00000001
core   0: 0x8000723c (0x0172d393) srli    t2, t0, 23
core   0: 3 0x8000723c (0x0172d393) x 7 0x00000000
core   0: 0x80007240 (0x0090c6b3) xor     a3, ra, s1
core   0: 3 0x80007240 (0x0090c6b3) x13 0xb6975a39
core   0: 0x80007244 (0x01feb6b3) sltu    a3, t4, t6
core   0: 3 0x80007244 (0x01feb6b3) x13 0x00000000
core   0: 0x80007248 (0x008a56b3) srl     a3, s4, s0
core   0: 3 0x80007248 (0x008a56b3) x13 0x005468a5
core   0: 0x8000724c (0x013ed833) srl     a6, t4, s3
core   0: 3 0x8000724c (0x013ed833) x16 0x3381c8fa
core   0: 0x80007250 (0x006ffd33) and     s10, t6, t1
core   0: 3 0x80007250 (0x006ffd33) x26 0x00000001
core   0: 0x80007254 (0x04eb1617) auipc   a2, 0x4eb1
core   0: 3 0x80007254 (0x04eb1617) x12 0x84eb8254
core   0: 0x80007258 (0x5f0a8097) auipc   ra, 0x5f0a8
core   0: 3 0x80007258 (0x5f0a8097) x 1 0xdf0af258
core   0: 0x8000725c (0x01b937b3) sltu    a5, s2, s11
core   0: 3 0x8000725c (0x01b937b3) x15 0x00000000
core   0: 0x80007260 (0x00992d33) slt     s10, s2, s1
core   0: 3 0x80007260 (0x00992d33) x26 0x00000000
core   0: 0x80007264 (0x40800933) sub     s2, zero, s0
core   0: 3 0x80007264 (0x40800933) x18 0xffffab98
core   0: 0x80007268 (0x00000013) nop
core   0: 3 0x80007268 (0x00000013)
core   0: 0x8000726c (0x41d7dbb3) sra     s7, a5, t4
core   0: 3 0x8000726c (0x41d7dbb3) x23 0x00000000
core   0: 0x80007270 (0xb2fc6993) ori     s3, s8, -1233
core   0: 3 0x80007270 (0xb2fc6993) x19 0xffffff3f
core   0: 0x80007274 (0x00f1f333) and     t1, gp, a5
core   0: 3 0x80007274 (0x00f1f333) x 6 0x00000000
core   0: 0x80007278 (0x00000013) nop
core   0: 3 0x80007278 (0x00000013)
core   0: 0x8000727c (0x40c18033) sub     zero, gp, a2
core   0: 3 0x8000727c (0x40c18033)
core   0: 0x80007280 (0x00c50733) add     a4, a0, a2
core   0: 3 0x80007280 (0x00c50733) x14 0x04eccf38
core   0: 0x80007284 (0x005cf033) and     zero, s9, t0
core   0: 3 0x80007284 (0x005cf033)
core   0: 0x80007288 (0x78fd6337) lui     t1, 0x78fd6
core   0: 3 0x80007288 (0x78fd6337) x 6 0x78fd6000
core   0: 0x8000728c (0x00000013) nop
core   0: 3 0x8000728c (0x00000013)
core   0: 0x80007290 (0x01b75333) srl     t1, a4, s11
core   0: 3 0x80007290 (0x01b75333) x 6 0x04eccf38
core   0: 0x80007294 (0x41175d13) srai    s10, a4, 17
core   0: 3 0x80007294 (0x41175d13) x26 0x00000276
core   0: 0x80007298 (0x419f86b3) sub     a3, t6, s9
core   0: 3 0x80007298 (0x419f86b3) x13 0x00007fff
core   0: 0x8000729c (0xc024c013) xori    zero, s1, -1022
core   0: 3 0x8000729c (0xc024c013)
core   0: 0x800072a0 (0x00123233) sltu    tp, tp, ra
core   0: 3 0x800072a0 (0x00123233) x 4 0x00000001
core   0: 0x800072a4 (0x41ed50b3) sra     ra, s10, t5
core   0: 3 0x800072a4 (0x41ed50b3) x 1 0x0000004e
core   0: 0x800072a8 (0x40bd5993) srai    s3, s10, 11
core   0: 3 0x800072a8 (0x40bd5993) x19 0x00000000
core   0: 0x800072ac (0x2a842393) slti    t2, s0, 680
core   0: 3 0x800072ac (0x2a842393) x 7 0x00000000
core   0: 0x800072b0 (0x00000013) nop
core   0: 3 0x800072b0 (0x00000013)
core   0: 0x800072b4 (0x8857a137) lui     sp, 0x8857a
core   0: 3 0x800072b4 (0x8857a137) x 2 0x8857a000
core   0: 0x800072b8 (0x41c90433) sub     s0, s2, t3
core   0: 3 0x800072b8 (0x41c90433) x 8 0x0003ab90
core   0: 0x800072bc (0x0017a7b3) slt     a5, a5, ra
core   0: 3 0x800072bc (0x0017a7b3) x15 0x00000001
core   0: 0x800072c0 (0x41d8d0b3) sra     ra, a7, t4
core   0: 3 0x800072c0 (0x41d8d0b3) x 1 0x00000546
core   0: 0x800072c4 (0x62560b93) addi    s7, a2, 1573
core   0: 3 0x800072c4 (0x62560b93) x23 0x84eb8879
core   0: 0x800072c8 (0x005b41b3) xor     gp, s6, t0
core   0: 3 0x800072c8 (0x005b41b3) x 3 0x00007de7
core   0: 0x800072cc (0x011360b3) or      ra, t1, a7
core   0: 3 0x800072cc (0x011360b3) x 1 0x54eceff9
core   0: 0x800072d0 (0xad2aa093) slti    ra, s5, -1326
core   0: 3 0x800072d0 (0xad2aa093) x 1 0x00000001
core   0: 0x800072d4 (0x00d31233) sll     tp, t1, a3
core   0: 3 0x800072d4 (0x00d31233) x 4 0x00000000
core   0: 0x800072d8 (0x6b956413) ori     s0, a0, 1721
core   0: 3 0x800072d8 (0x6b956413) x 8 0x80014efd
core   0: 0x800072dc (0x018d1c93) slli    s9, s10, 24
core   0: 3 0x800072dc (0x018d1c93) x25 0x76000000
core   0: 0x800072e0 (0x00067cb3) and     s9, a2, zero
core   0: 3 0x800072e0 (0x00067cb3) x25 0x00000000
core   0: 0x800072e4 (0xa4078e13) addi    t3, a5, -1472
core   0: 3 0x800072e4 (0xa4078e13) x28 0xfffffa41
core   0: 0x800072e8 (0x00abaf33) slt     t5, s7, a0
core   0: 3 0x800072e8 (0x00abaf33) x30 0x00000000
core   0: 0x800072ec (0xd956e013) ori     zero, a3, -619
core   0: 3 0x800072ec (0xd956e013)
core   0: 0x800072f0 (0x00000013) nop
core   0: 3 0x800072f0 (0x00000013)
core   0: 0x800072f4 (0x01f85db3) srl     s11, a6, t6
core   0: 3 0x800072f4 (0x01f85db3) x27 0x00000000
core   0: 0x800072f8 (0xbac68013) addi    zero, a3, -1108
core   0: 3 0x800072f8 (0xbac68013)
core   0: 0x800072fc (0xa74c8f93) addi    t6, s9, -1420
core   0: 3 0x800072fc (0xa74c8f93) x31 0xfffffa74
core   0: 0x80007300 (0x01720db3) add     s11, tp, s7
core   0: 3 0x80007300 (0x01720db3) x27 0x84eb8879
core   0: 0x80007304 (0x9c25b197) auipc   gp, 0x9c25b
core   0: 3 0x80007304 (0x9c25b197) x 3 0x1c262304
core   0: 0x80007308 (0x40a65713) srai    a4, a2, 10
core   0: 3 0x80007308 (0x40a65713) x14 0xffe13ae0
core   0: 0x8000730c (0x01baeeb3) or      t4, s5, s11
core   0: 3 0x8000730c (0x01baeeb3) x29 0xdfebdd79
core   0: 0x80007310 (0x41ec8ab3) sub     s5, s9, t5
core   0: 3 0x80007310 (0x41ec8ab3) x21 0x00000000
core   0: 0x80007314 (0x00000013) nop
core   0: 3 0x80007314 (0x00000013)
core   0: 0x80007318 (0x9b1f8313) addi    t1, t6, -1615
core   0: 3 0x80007318 (0x9b1f8313) x 6 0xfffff425
core   0: 0x8000731c (0x00a91033) sll     zero, s2, a0
core   0: 3 0x8000731c (0x00a91033)
core   0: 0x80007320 (0xf66a4693) xori    a3, s4, -154
core   0: 3 0x80007320 (0xf66a4693) x13 0xab975aae
core   0: 0x80007324 (0x23622093) slti    ra, tp, 566
core   0: 3 0x80007324 (0x23622093) x 1 0x00000001
core   0: 0x80007328 (0x002fc633) xor     a2, t6, sp
core   0: 3 0x80007328 (0x002fc633) x12 0x77a85a74
core   0: 0x8000732c (0x00cbe133) or      sp, s7, a2
core   0: 3 0x8000732c (0x00cbe133) x 2 0xf7ebda7d
core   0: 0x80007330 (0x1363c713) xori    a4, t2, 310
core   0: 3 0x80007330 (0x1363c713) x14 0x00000136
core   0: 0x80007334 (0x00005693) srli    a3, zero, 0
core   0: 3 0x80007334 (0x00005693) x13 0x00000000
core   0: 0x80007338 (0x018deeb3) or      t4, s11, s8
core   0: 3 0x80007338 (0x018deeb3) x29 0xffebfe7f
core   0: 0x8000733c (0x9ac5ea13) ori     s4, a1, -1620
core   0: 3 0x8000733c (0x9ac5ea13) x20 0xffffffec
core   0: 0x80007340 (0x40298433) sub     s0, s3, sp
core   0: 3 0x80007340 (0x40298433) x 8 0x08142583
core   0: 0x80007344 (0x00e7f133) and     sp, a5, a4
core   0: 3 0x80007344 (0x00e7f133) x 2 0x00000000
core   0: 0x80007348 (0x002befb3) or      t6, s7, sp
core   0: 3 0x80007348 (0x002befb3) x31 0x84eb8879
core   0: 0x8000734c (0x0190f6b3) and     a3, ra, s9
core   0: 3 0x8000734c (0x0190f6b3) x13 0x00000000
core   0: 0x80007350 (0xceaeb7b7) lui     a5, 0xceaeb
core   0: 3 0x80007350 (0xceaeb7b7) x15 0xceaeb000
core   0: 0x80007354 (0x003fb833) sltu    a6, t6, gp
core   0: 3 0x80007354 (0x003fb833) x16 0x00000000
core   0: 0x80007358 (0x0013cfb3) xor     t6, t2, ra
core   0: 3 0x80007358 (0x0013cfb3) x31 0x00000001
core   0: 0x8000735c (0x411fdb13) srai    s6, t6, 17
core   0: 3 0x8000735c (0x411fdb13) x22 0x00000000
core   0: 0x80007360 (0x00b09113) slli    sp, ra, 11
core   0: 3 0x80007360 (0x00b09113) x 2 0x00000800
core   0: 0x80007364 (0xaa608e13) addi    t3, ra, -1370
core   0: 3 0x80007364 (0xaa608e13) x28 0xfffffaa7
core   0: 0x80007368 (0x00000013) nop
core   0: 3 0x80007368 (0x00000013)
core   0: 0x8000736c (0x482d6013) ori     zero, s10, 1154
core   0: 3 0x8000736c (0x482d6013)
core   0: 0x80007370 (0x00e67833) and     a6, a2, a4
core   0: 3 0x80007370 (0x00e67833) x16 0x00000034
core   0: 0x80007374 (0x01d91db3) sll     s11, s2, t4
core   0: 3 0x80007374 (0x01d91db3) x27 0x00000000
core   0: 0x80007378 (0x00c1f333) and     t1, gp, a2
core   0: 3 0x80007378 (0x00c1f333) x 6 0x14200204
core   0: 0x8000737c (0x41ba5713) srai    a4, s4, 27
core   0: 3 0x8000737c (0x41ba5713) x14 0xffffffff
core   0: 0x80007380 (0x39eb8b93) addi    s7, s7, 926
core   0: 3 0x80007380 (0x39eb8b93) x23 0x84eb8c17
core   0: 0x80007384 (0x01a911b3) sll     gp, s2, s10
core   0: 3 0x80007384 (0x01a911b3) x 3 0xe6000000
core   0: 0x80007388 (0x40b800b3) sub     ra, a6, a1
core   0: 3 0x80007388 (0x40b800b3) x 1 0x7ffef1d0
core   0: 0x8000738c (0x012b9233) sll     tp, s7, s2
core   0: 3 0x8000738c (0x012b9233) x 4 0x17000000
core   0: 0x80007390 (0xf2650193) addi    gp, a0, -218
core   0: 3 0x80007390 (0xf2650193) x 3 0x80014c0a
core   0: 0x80007394 (0xebb0a113) slti    sp, ra, -325
core   0: 3 0x80007394 (0xebb0a113) x 2 0x00000000
core   0: 0x80007398 (0x01f78cb3) add     s9, a5, t6
core   0: 3 0x80007398 (0x01f78cb3) x25 0xceaeb001
core   0: 0x8000739c (0xf5beed17) auipc   s10, 0xf5bee
core   0: 3 0x8000739c (0xf5beed17) x26 0x75bf539c
core   0: 0x800073a0 (0x005e8cb3) add     s9, t4, t0
core   0: 3 0x800073a0 (0x005e8cb3) x25 0xffebfe7f
core   0: 0x800073a4 (0x06387eb7) lui     t4, 0x6387
core   0: 3 0x800073a4 (0x06387eb7) x29 0x06387000
core   0: 0x800073a8 (0x01f89993) slli    s3, a7, 31
core   0: 3 0x800073a8 (0x01f89993) x19 0x80000000
core   0: 0x800073ac (0x0018f7b3) and     a5, a7, ra
core   0: 3 0x800073ac (0x0018f7b3) x15 0x5468a1d0
core   0: 0x800073b0 (0x01b5c8b3) xor     a7, a1, s11
core   0: 3 0x800073b0 (0x01b5c8b3) x17 0x80010e64
core   0: 0x800073b4 (0x01a3a2b3) slt     t0, t2, s10
core   0: 3 0x800073b4 (0x01a3a2b3) x 5 0x00000001
core   0: 0x800073b8 (0x41685393) srai    t2, a6, 22
core   0: 3 0x800073b8 (0x41685393) x 7 0x00000000
core   0: 0x800073bc (0x754a9937) lui     s2, 0x754a9
core   0: 3 0x800073bc (0x754a9937) x18 0x754a9000
core   0: 0x800073c0 (0x00b6dcb3) srl     s9, a3, a1
core   0: 3 0x800073c0 (0x00b6dcb3) x25 0x00000000
core   0: 0x800073c4 (0x00c80d33) add     s10, a6, a2
core   0: 3 0x800073c4 (0x00c80d33) x26 0x77a85aa8
core   0: 0x800073c8 (0xeccc9a17) auipc   s4, 0xeccc9
core   0: 3 0x800073c8 (0xeccc9a17) x20 0x6ccd03c8
core   0: 0x800073cc (0x00000013) nop
core   0: 3 0x800073cc (0x00000013)
core   0: 0x800073d0 (0x44813693) sltiu   a3, sp, 1096
core   0: 3 0x800073d0 (0x44813693) x13 0x00000001
core   0: 0x800073d4 (0x41fc0a33) sub     s4, s8, t6
core   0: 3 0x800073d4 (0x41fc0a33) x20 0xffc27e3e
core   0: 0x800073d8 (0x410888b3) sub     a7, a7, a6
core   0: 3 0x800073d8 (0x410888b3) x17 0x80010e30
core   0: 0x800073dc (0x002b7833) and     a6, s6, sp
core   0: 3 0x800073dc (0x002b7833) x16 0x00000000
core   0: 0x800073e0 (0xe19609b7) lui     s3, 0xe1960
core   0: 3 0x800073e0 (0xe19609b7) x19 0xe1960000
core   0: 0x800073e4 (0x01632233) slt     tp, t1, s6
core   0: 3 0x800073e4 (0x01632233) x 4 0x00000000
core   0: 0x800073e8 (0x00c4a233) slt     tp, s1, a2
core   0: 3 0x800073e8 (0x00c4a233) x 4 0x00000001
core   0: 0x800073ec (0x5c658437) lui     s0, 0x5c658
core   0: 3 0x800073ec (0x5c658437) x 8 0x5c658000
core   0: 0x800073f0 (0x4b00f413) andi    s0, ra, 1200
core   0: 3 0x800073f0 (0x4b00f413) x 8 0x00000090
core   0: 0x800073f4 (0xe40a7b93) andi    s7, s4, -448
core   0: 3 0x800073f4 (0xe40a7b93) x23 0xffc27e00
core   0: 0x800073f8 (0xaf12fb93) andi    s7, t0, -1295
core   0: 3 0x800073f8 (0xaf12fb93) x23 0x00000001
core   0: 0x800073fc (0xe5e9f213) andi    tp, s3, -418
core   0: 3 0x800073fc (0xe5e9f213) x 4 0xe1960000
core   0: 0x80007400 (0x01e59633) sll     a2, a1, t5
core   0: 3 0x80007400 (0x01e59633) x12 0x80010e64
core   0: 0x80007404 (0x418f5d13) srai    s10, t5, 24
core   0: 3 0x80007404 (0x418f5d13) x26 0x00000000
core   0: 0x80007408 (0x41bb09b3) sub     s3, s6, s11
core   0: 3 0x80007408 (0x41bb09b3) x19 0x00000000
core   0: 0x8000740c (0x009cfb33) and     s6, s9, s1
core   0: 3 0x8000740c (0x009cfb33) x22 0x00000000
core   0: 0x80007410 (0x33c58193) addi    gp, a1, 828
core   0: 3 0x80007410 (0x33c58193) x 3 0x800111a0
core   0: 0x80007414 (0x00a24ab3) xor     s5, tp, a0
core   0: 3 0x80007414 (0x00a24ab3) x21 0x61974ce4
core   0: 0x80007418 (0x417b5433) sra     s0, s6, s7
core   0: 3 0x80007418 (0x417b5433) x 8 0x00000000
core   0: 0x8000741c (0x00e276b3) and     a3, tp, a4
core   0: 3 0x8000741c (0x00e276b3) x13 0xe1960000
core   0: 0x80007420 (0x00ec8eb3) add     t4, s9, a4
core   0: 3 0x80007420 (0x00ec8eb3) x29 0xffffffff
core   0: 0x80007424 (0x4039d113) srai    sp, s3, 3
core   0: 3 0x80007424 (0x4039d113) x 2 0x00000000
core   0: 0x80007428 (0x41fed193) srai    gp, t4, 31
core   0: 3 0x80007428 (0x41fed193) x 3 0xffffffff
core   0: 0x8000742c (0x7ecdd137) lui     sp, 0x7ecdd
core   0: 3 0x8000742c (0x7ecdd137) x 2 0x7ecdd000
core   0: 0x80007430 (0x00a91713) slli    a4, s2, 10
core   0: 3 0x80007430 (0x00a91713) x14 0x2a400000
core   0: 0x80007434 (0x00182433) slt     s0, a6, ra
core   0: 3 0x80007434 (0x00182433) x 8 0x00000001
core   0: 0x80007438 (0x401a0eb3) sub     t4, s4, ra
core   0: 3 0x80007438 (0x401a0eb3) x29 0x7fc38c6e
core   0: 0x8000743c (0x416f0333) sub     t1, t5, s6
core   0: 3 0x8000743c (0x416f0333) x 6 0x00000000
core   0: 0x80007440 (0x01b95113) srli    sp, s2, 27
core   0: 3 0x80007440 (0x01b95113) x 2 0x0000000e
core   0: 0x80007444 (0x71ac0793) addi    a5, s8, 1818
core   0: 3 0x80007444 (0x71ac0793) x15 0xffc28559
core   0: 0x80007448 (0x01a7d613) srli    a2, a5, 26
core   0: 3 0x80007448 (0x01a7d613) x12 0x0000003f
core   0: 0x8000744c (0x009a0e33) add     t3, s4, s1
core   0: 3 0x8000744c (0x009a0e33) x28 0xab59d877
core   0: 0x80007450 (0x00ec9833) sll     a6, s9, a4
core   0: 3 0x80007450 (0x00ec9833) x16 0x00000000
core   0: 0x80007454 (0x40488b33) sub     s6, a7, tp
core   0: 3 0x80007454 (0x40488b33) x22 0x9e6b0e30
core   0: 0x80007458 (0x7ac2a313) slti    t1, t0, 1964
core   0: 3 0x80007458 (0x7ac2a313) x 6 0x00000001
core   0: 0x8000745c (0x3a215217) auipc   tp, 0x3a215
core   0: 3 0x8000745c (0x3a215217) x 4 0xba21c45c
core   0: 0x80007460 (0x0ece0093) addi    ra, t3, 236
core   0: 3 0x80007460 (0x0ece0093) x 1 0xab59d963
core   0: 0x80007464 (0x476b3213) sltiu   tp, s6, 1142
core   0: 3 0x80007464 (0x476b3213) x 4 0x00000000
core   0: 0x80007468 (0x4178db13) srai    s6, a7, 23
core   0: 3 0x80007468 (0x4178db13) x22 0xffffff00
core   0: 0x8000746c (0x5d644313) xori    t1, s0, 1494
core   0: 3 0x8000746c (0x5d644313) x 6 0x000005d7
core   0: 0x80007470 (0xb18aff13) andi    t5, s5, -1256
core   0: 3 0x80007470 (0xb18aff13) x30 0x61974800
core   0: 0x80007474 (0x30f92497) auipc   s1, 0x30f92
core   0: 3 0x80007474 (0x30f92497) x 9 0xb0f99474
core   0: 0x80007478 (0x01310b33) add     s6, sp, s3
core   0: 3 0x80007478 (0x01310b33) x22 0x0000000e
core   0: 0x8000747c (0x41255833) sra     a6, a0, s2
core   0: 3 0x8000747c (0x41255833) x16 0x80014ce4
core   0: 0x80007480 (0x007886b3) add     a3, a7, t2
core   0: 3 0x80007480 (0x007886b3) x13 0x80010e30
core   0: 0x80007484 (0x01f8acb3) slt     s9, a7, t6
core   0: 3 0x80007484 (0x01f8acb3) x25 0x00000001
core   0: 0x80007488 (0x0071a1b3) slt     gp, gp, t2
core   0: 3 0x80007488 (0x0071a1b3) x 3 0x00000001
core   0: 0x8000748c (0x01bad833) srl     a6, s5, s11
core   0: 3 0x8000748c (0x01bad833) x16 0x61974ce4
core   0: 0x80007490 (0xa47d7313) andi    t1, s10, -1465
core   0: 3 0x80007490 (0xa47d7313) x 6 0x00000000
core   0: 0x80007494 (0x00000013) nop
core   0: 3 0x80007494 (0x00000013)
core   0: 0x80007498 (0x40ac0a33) sub     s4, s8, a0
core   0: 3 0x80007498 (0x40ac0a33) x20 0x7fc1315b
core   0: 0x8000749c (0x588b2693) slti    a3, s6, 1416
core   0: 3 0x8000749c (0x588b2693) x13 0x00000001
core   0: 0x800074a0 (0x003fcb33) xor     s6, t6, gp
core   0: 3 0x800074a0 (0x003fcb33) x22 0x00000000
core   0: 0x800074a4 (0x01352a33) slt     s4, a0, s3
core   0: 3 0x800074a4 (0x01352a33) x20 0x00000001
core   0: 0x800074a8 (0x41005fb3) sra     t6, zero, a6
core   0: 3 0x800074a8 (0x41005fb3) x31 0x00000000
core   0: 0x800074ac (0x6d540e97) auipc   t4, 0x6d540
core   0: 3 0x800074ac (0x6d540e97) x29 0xed5474ac
core   0: 0x800074b0 (0x0140dd13) srli    s10, ra, 20
core   0: 3 0x800074b0 (0x0140dd13) x26 0x00000ab5
core   0: 0x800074b4 (0x01467133) and     sp, a2, s4
core   0: 3 0x800074b4 (0x01467133) x 2 0x00000001
core   0: 0x800074b8 (0x00ced233) srl     tp, t4, a2
core   0: 3 0x800074b8 (0x00ced233) x 4 0x00000001
core   0: 0x800074bc (0xdad0c413) xori    s0, ra, -595
core   0: 3 0x800074bc (0xdad0c413) x 8 0x54a624ce
core   0: 0x800074c0 (0x4042df93) srai    t6, t0, 4
core   0: 3 0x800074c0 (0x4042df93) x31 0x00000000
core   0: 0x800074c4 (0x01aa87b3) add     a5, s5, s10
core   0: 3 0x800074c4 (0x01aa87b3) x15 0x61975799
core   0: 0x800074c8 (0x012407b3) add     a5, s0, s2
core   0: 3 0x800074c8 (0x012407b3) x15 0xc9f0b4ce
core   0: 0x800074cc (0x00000013) nop
core   0: 3 0x800074cc (0x00000013)
core   0: 0x800074d0 (0x61adc213) xori    tp, s11, 1562
core   0: 3 0x800074d0 (0x61adc213) x 4 0x0000061a
core   0: 0x800074d4 (0x00547f33) and     t5, s0, t0
core   0: 3 0x800074d4 (0x00547f33) x30 0x00000000
core   0: 0x800074d8 (0x78d3c413) xori    s0, t2, 1933
core   0: 3 0x800074d8 (0x78d3c413) x 8 0x0000078d
core   0: 0x800074dc (0x358e6c93) ori     s9, t3, 856
core   0: 3 0x800074dc (0x358e6c93) x25 0xab59db7f
core   0: 0x800074e0 (0x00489833) sll     a6, a7, tp
core   0: 3 0x800074e0 (0x00489833) x16 0xc0000000
core   0: 0x800074e4 (0x68d18437) lui     s0, 0x68d18
core   0: 3 0x800074e4 (0x68d18437) x 8 0x68d18000
core   0: 0x800074e8 (0x40f5d233) sra     tp, a1, a5
core   0: 3 0x800074e8 (0x40f5d233) x 4 0xfffe0004
core   0: 0x800074ec (0x18830d93) addi    s11, t1, 392
core   0: 3 0x800074ec (0x18830d93) x27 0x00000188
core   0: 0x800074f0 (0x6fe7a713) slti    a4, a5, 1790
core   0: 3 0x800074f0 (0x6fe7a713) x14 0x00000001
core   0: 0x800074f4 (0x0030c997) auipc   s3, 0x30c
core   0: 3 0x800074f4 (0x0030c997) x19 0x803134f4
core   0: 0x800074f8 (0x01f1b7b3) sltu    a5, gp, t6
core   0: 3 0x800074f8 (0x01f1b7b3) x15 0x00000000
core   0: 0x800074fc (0x4022dab3) sra     s5, t0, sp
core   0: 3 0x800074fc (0x4022dab3) x21 0x00000000
core   0: 0x80007500 (0xdf9c8713) addi    a4, s9, -519
core   0: 3 0x80007500 (0xdf9c8713) x14 0xab59d978
core   0: 0x80007504 (0x41965093) srai    ra, a2, 25
core   0: 3 0x80007504 (0x41965093) x 1 0x00000000
core   0: 0x80007508 (0x9f7a5797) auipc   a5, 0x9f7a5
core   0: 3 0x80007508 (0x9f7a5797) x15 0x1f7ac508
core   0: 0x8000750c (0x40d2d833) sra     a6, t0, a3
core   0: 3 0x8000750c (0x40d2d833) x16 0x00000000
core   0: 0x80007510 (0x87df5a97) auipc   s5, 0x87df5
core   0: 3 0x80007510 (0x87df5a97) x21 0x07dfc510
core   0: 0x80007514 (0x006b1b93) slli    s7, s6, 6
core   0: 3 0x80007514 (0x006b1b93) x23 0x00000000
core   0: 0x80007518 (0x6bae6a13) ori     s4, t3, 1722
core   0: 3 0x80007518 (0x6bae6a13) x20 0xab59deff
core   0: 0x8000751c (0x408004b3) sub     s1, zero, s0
core   0: 3 0x8000751c (0x408004b3) x 9 0x972e8000
core   0: 0x80007520 (0xd836e1b7) lui     gp, 0xd836e
core   0: 3 0x80007520 (0xd836e1b7) x 3 0xd836e000
core   0: 0x80007524 (0x006c6fb3) or      t6, s8, t1
core   0: 3 0x80007524 (0x006c6fb3) x31 0xffc27e3f
core   0: 0x80007528 (0x00f11f13) slli    t5, sp, 15
core   0: 3 0x80007528 (0x00f11f13) x30 0x00008000
core   0: 0x8000752c (0x0027d893) srli    a7, a5, 2
core   0: 3 0x8000752c (0x0027d893) x17 0x07deb142
core   0: 0x80007530 (0x000aebb3) or      s7, s5, zero
core   0: 3 0x80007530 (0x000aebb3) x23 0x07dfc510
core   0: 0x80007534 (0xe8607493) andi    s1, zero, -378
core   0: 3 0x80007534 (0xe8607493) x 9 0x00000000
core   0: 0x80007538 (0x402e5333) sra     t1, t3, sp
core   0: 3 0x80007538 (0x402e5333) x 6 0xd5acec3b
core   0: 0x8000753c (0x3d0d0b13) addi    s6, s10, 976
core   0: 3 0x8000753c (0x3d0d0b13) x22 0x00000e85
core   0: 0x80007540 (0x00565ab3) srl     s5, a2, t0
core   0: 3 0x80007540 (0x00565ab3) x21 0x0000001f
core   0: 0x80007544 (0x40b5d033) sra     zero, a1, a1
core   0: 3 0x80007544 (0x40b5d033)
core   0: 0x80007548 (0x00000013) nop
core   0: 3 0x80007548 (0x00000013)
core   0: 0x8000754c (0x403f5813) srai    a6, t5, 3
core   0: 3 0x8000754c (0x403f5813) x16 0x00001000
core   0: 0x80007550 (0x1e8b0813) addi    a6, s6, 488
core   0: 3 0x80007550 (0x1e8b0813) x16 0x0000106d
core   0: 0x80007554 (0x1ac15e97) auipc   t4, 0x1ac15
core   0: 3 0x80007554 (0x1ac15e97) x29 0x9ac1c554
core   0: 0x80007558 (0xa87b4793) xori    a5, s6, -1401
core   0: 3 0x80007558 (0xa87b4793) x15 0xfffff402
core   0: 0x8000755c (0x01a490b3) sll     ra, s1, s10
core   0: 3 0x8000755c (0x01a490b3) x 1 0x00000000
core   0: 0x80007560 (0x17cacf93) xori    t6, s5, 380
core   0: 3 0x80007560 (0x17cacf93) x31 0x00000163
core   0: 0x80007564 (0x616d4213) xori    tp, s10, 1558
core   0: 3 0x80007564 (0x616d4213) x 4 0x00000ca3
core   0: 0x80007568 (0x0117cd33) xor     s10, a5, a7
core   0: 3 0x80007568 (0x0117cd33) x26 0xf8214540
core   0: 0x8000756c (0x00000013) nop
core   0: 3 0x8000756c (0x00000013)
core   0: 0x80007570 (0x01dc0db3) add     s11, s8, t4
core   0: 3 0x80007570 (0x01dc0db3) x27 0x9a844393
core   0: 0x80007574 (0x00910033) add     zero, sp, s1
core   0: 3 0x80007574 (0x00910033)
core   0: 0x80007578 (0x00a344b3) xor     s1, t1, a0
core   0: 3 0x80007578 (0x00a344b3) x 9 0x55ada0df
core   0: 0x8000757c (0x4097dd33) sra     s10, a5, s1
core   0: 3 0x8000757c (0x4097dd33) x26 0xffffffff
core   0: 0x80007580 (0x00c979b3) and     s3, s2, a2
core   0: 3 0x80007580 (0x00c979b3) x19 0x00000000
core   0: 0x80007584 (0xad5db613) sltiu   a2, s11, -1323
core   0: 3 0x80007584 (0xad5db613) x12 0x00000001
core   0: 0x80007588 (0x0048bf33) sltu    t5, a7, tp
core   0: 3 0x80007588 (0x0048bf33) x30 0x00000000
core   0: 0x8000758c (0x3d406697) auipc   a3, 0x3d406
core   0: 3 0x8000758c (0x3d406697) x13 0xbd40d58c
core   0: 0x80007590 (0xa1188b93) addi    s7, a7, -1519
core   0: 3 0x80007590 (0xa1188b93) x23 0x07deab53
core   0: 0x80007594 (0x0010ffb3) and     t6, ra, ra
core   0: 3 0x80007594 (0x0010ffb3) x31 0x00000000
core   0: 0x80007598 (0x405ed4b3) sra     s1, t4, t0
core   0: 3 0x80007598 (0x405ed4b3) x 9 0xcd60e2aa
core   0: 0x8000759c (0xff3f47b7) lui     a5, 0xff3f4
core   0: 3 0x8000759c (0xff3f47b7) x15 0xff3f4000
core   0: 0x800075a0 (0xc5fb6b13) ori     s6, s6, -929
core   0: 3 0x800075a0 (0xc5fb6b13) x22 0xfffffedf
core   0: 0x800075a4 (0xc87fbd13) sltiu   s10, t6, -889
core   0: 3 0x800075a4 (0xc87fbd13) x26 0x00000001
core   0: 0x800075a8 (0x004a1ab3) sll     s5, s4, tp
core   0: 3 0x800075a8 (0x004a1ab3) x21 0x5acef7f8
core   0: 0x800075ac (0x412f0e33) sub     t3, t5, s2
core   0: 3 0x800075ac (0x412f0e33) x28 0x8ab57000
core   0: 0x800075b0 (0x71b57eb7) lui     t4, 0x71b57
core   0: 3 0x800075b0 (0x71b57eb7) x29 0x71b57000
core   0: 0x800075b4 (0x00b65033) srl     zero, a2, a1
core   0: 3 0x800075b4 (0x00b65033)
core   0: 0x800075b8 (0x014b3e33) sltu    t3, s6, s4
core   0: 3 0x800075b8 (0x014b3e33) x28 0x00000000
core   0: 0x800075bc (0x01d56b33) or      s6, a0, t4
core   0: 3 0x800075bc (0x01d56b33) x22 0xf1b57ce4
core   0: 0x800075c0 (0xf41a7d13) andi    s10, s4, -191
core   0: 3 0x800075c0 (0xf41a7d13) x26 0xab59de41
core   0: 0x800075c4 (0x5ff3f037) lui     zero, 0x5ff3f
core   0: 3 0x800075c4 (0x5ff3f037)
core   0: 0x800075c8 (0xef56ae37) lui     t3, 0xef56a
core   0: 3 0x800075c8 (0xef56ae37) x28 0xef56a000
core   0: 0x800075cc (0x01add693) srli    a3, s11, 26
core   0: 3 0x800075cc (0x01add693) x13 0x00000026
core   0: 0x800075d0 (0x014144b3) xor     s1, sp, s4
core   0: 3 0x800075d0 (0x014144b3) x 9 0xab59defe
core   0: 0x800075d4 (0x00191093) slli    ra, s2, 1
core   0: 3 0x800075d4 (0x00191093) x 1 0xea952000
core   0: 0x800075d8 (0xa8c6e913) ori     s2, a3, -1396
core   0: 3 0x800075d8 (0xa8c6e913) x18 0xfffffaae
core   0: 0x800075dc (0xeca36d17) auipc   s10, 0xeca36
core   0: 3 0x800075dc (0xeca36d17) x26 0x6ca3d5dc
core   0: 0x800075e0 (0x01aac7b3) xor     a5, s5, s10
core   0: 3 0x800075e0 (0x01aac7b3) x15 0x366d2224
core   0: 0x800075e4 (0x00ab0d33) add     s10, s6, a0
core   0: 3 0x800075e4 (0x00ab0d33) x26 0x71b6c9c8
core   0: 0x800075e8 (0x41df5193) srai    gp, t5, 29
core   0: 3 0x800075e8 (0x41df5193) x 3 0x00000000
core   0: 0x800075ec (0xa1207913) andi    s2, zero, -1518
core   0: 3 0x800075ec (0xa1207913) x18 0x00000000
core   0: 0x800075f0 (0x4159d393) srai    t2, s3, 21
core   0: 3 0x800075f0 (0x4159d393) x 7 0x00000000
core   0: 0x800075f4 (0x01837b33) and     s6, t1, s8
core   0: 3 0x800075f4 (0x01837b33) x22 0xd5806c3b
core   0: 0x800075f8 (0x401a00b3) sub     ra, s4, ra
core   0: 3 0x800075f8 (0x401a00b3) x 1 0xc0c4beff
core   0: 0x800075fc (0x01193233) sltu    tp, s2, a7
core   0: 3 0x800075fc (0x01193233) x 4 0x00000001
core   0: 0x80007600 (0x0118d793) srli    a5, a7, 17
core   0: 3 0x80007600 (0x0118d793) x15 0x000003ef
core   0: 0x80007604 (0x007e0d33) add     s10, t3, t2
core   0: 3 0x80007604 (0x007e0d33) x26 0xef56a000
core   0: 0x80007608 (0xfe12bc93) sltiu   s9, t0, -31
core   0: 3 0x80007608 (0xfe12bc93) x25 0x00000001
core   0: 0x8000760c (0x01521fb3) sll     t6, tp, s5
core   0: 3 0x8000760c (0x01521fb3) x31 0x01000000
core   0: 0x80007610 (0xa6c86693) ori     a3, a6, -1428
core   0: 3 0x80007610 (0xa6c86693) x13 0xfffffa6d
core   0: 0x80007614 (0x39b4ca93) xori    s5, s1, 923
core   0: 3 0x80007614 (0x39b4ca93) x21 0xab59dd65
core   0: 0x80007618 (0x013a37b3) sltu    a5, s4, s3
core   0: 3 0x80007618 (0x013a37b3) x15 0x00000000
core   0: 0x8000761c (0x001aceb3) xor     t4, s5, ra
core   0: 3 0x8000761c (0x001aceb3) x29 0x6b9d639a
core   0: 0x80007620 (0x01212cb3) slt     s9, sp, s2
core   0: 3 0x80007620 (0x01212cb3) x25 0x00000000
core   0: 0x80007624 (0x012eaa33) slt     s4, t4, s2
core   0: 3 0x80007624 (0x012eaa33) x20 0x00000000
core   0: 0x80007628 (0x01184bb3) xor     s7, a6, a7
core   0: 3 0x80007628 (0x01184bb3) x23 0x07dea12f
core   0: 0x8000762c (0x00000013) nop
core   0: 3 0x8000762c (0x00000013)
core   0: 0x80007630 (0x410ed7b3) sra     a5, t4, a6
core   0: 3 0x80007630 (0x410ed7b3) x15 0x00035ceb
core   0: 0x80007634 (0x004063b3) or      t2, zero, tp
core   0: 3 0x80007634 (0x004063b3) x 7 0x00000001
core   0: 0x80007638 (0x002c5e33) srl     t3, s8, sp
core   0: 3 0x80007638 (0x002c5e33) x28 0x7fe13f1f
core   0: 0x8000763c (0x0097e2b3) or      t0, a5, s1
core   0: 3 0x8000763c (0x0097e2b3) x 5 0xab5bdeff
core   0: 0x80007640 (0x009b8db3) add     s11, s7, s1
core   0: 3 0x80007640 (0x009b8db3) x27 0xb338802d
core   0: 0x80007644 (0x00a76433) or      s0, a4, a0
core   0: 3 0x80007644 (0x00a76433) x 8 0xab59ddfc
core   0: 0x80007648 (0xdd9a8e93) addi    t4, s5, -551
core   0: 3 0x80007648 (0xdd9a8e93) x29 0xab59db3e
core   0: 0x8000764c (0x109ec693) xori    a3, t4, 265
core   0: 3 0x8000764c (0x109ec693) x13 0xab59da37
core   0: 0x80007650 (0x72a8e113) ori     sp, a7, 1834
core   0: 3 0x80007650 (0x72a8e113) x 2 0x07deb76a
core   0: 0x80007654 (0x00b66db3) or      s11, a2, a1
core   0: 3 0x80007654 (0x00b66db3) x27 0x80010e65
core   0: 0x80007658 (0x00000013) nop
core   0: 3 0x80007658 (0x00000013)
core   0: 0x8000765c (0x00c7a1b3) slt     gp, a5, a2
core   0: 3 0x8000765c (0x00c7a1b3) x 3 0x00000000
core   0: 0x80007660 (0x0007ce33) xor     t3, a5, zero
core   0: 3 0x80007660 (0x0007ce33) x28 0x00035ceb
core   0: 0x80007664 (0x819baf13) slti    t5, s7, -2023
core   0: 3 0x80007664 (0x819baf13) x30 0x00000000
core   0: 0x80007668 (0x008f0933) add     s2, t5, s0
core   0: 3 0x80007668 (0x008f0933) x18 0xab59ddfc
core   0: 0x8000766c (0x41d10033) sub     zero, sp, t4
core   0: 3 0x8000766c (0x41d10033)
core   0: 0x80007670 (0x010f2a33) slt     s4, t5, a6
core   0: 3 0x80007670 (0x010f2a33) x20 0x00000001
core   0: 0x80007674 (0x0008d2b3) srl     t0, a7, zero
core   0: 3 0x80007674 (0x0008d2b3) x 5 0x07deb142
core   0: 0x80007678 (0xad60ed13) ori     s10, ra, -1322
core   0: 3 0x80007678 (0xad60ed13) x26 0xfffffeff
core   0: 0x8000767c (0x025e88b7) lui     a7, 0x25e8
core   0: 3 0x8000767c (0x025e88b7) x17 0x025e8000
core   0: 0x80007680 (0x00f24f37) lui     t5, 0xf24
core   0: 3 0x80007680 (0x00f24f37) x30 0x00f24000
core   0: 0x80007684 (0x00000013) nop
core   0: 3 0x80007684 (0x00000013)
core   0: 0x80007688 (0x0106f0b3) and     ra, a3, a6
core   0: 3 0x80007688 (0x0106f0b3) x 1 0x00001025
core   0: 0x8000768c (0x00dc36b3) sltu    a3, s8, a3
core   0: 3 0x8000768c (0x00dc36b3) x13 0x00000000
core   0: 0x80007690 (0x01feee33) or      t3, t4, t6
core   0: 3 0x80007690 (0x01feee33) x28 0xab59db3e
core   0: 0x80007694 (0x01a35493) srli    s1, t1, 26
core   0: 3 0x80007694 (0x01a35493) x 9 0x00000035
core   0: 0x80007698 (0x7a48f837) lui     a6, 0x7a48f
core   0: 3 0x80007698 (0x7a48f837) x16 0x7a48f000
core   0: 0x8000769c (0x19397313) andi    t1, s2, 403
core   0: 3 0x8000769c (0x19397313) x 6 0x00000190
core   0: 0x800076a0 (0xf6522113) slti    sp, tp, -155
core   0: 3 0x800076a0 (0xf6522113) x 2 0x00000000
core   0: 0x800076a4 (0x0196f2b3) and     t0, a3, s9
core   0: 3 0x800076a4 (0x0196f2b3) x 5 0x00000000
core   0: 0x800076a8 (0x38b1b713) sltiu   a4, gp, 907
core   0: 3 0x800076a8 (0x38b1b713) x14 0x00000001
core   0: 0x800076ac (0x0124b8b3) sltu    a7, s1, s2
core   0: 3 0x800076ac (0x0124b8b3) x17 0x00000001
core   0: 0x800076b0 (0x69d87b13) andi    s6, a6, 1693
core   0: 3 0x800076b0 (0x69d87b13) x22 0x00000000
core   0: 0x800076b4 (0x003313b3) sll     t2, t1, gp
core   0: 3 0x800076b4 (0x003313b3) x 7 0x00000190
core   0: 0x800076b8 (0x8cd1e017) auipc   zero, 0x8cd1e
core   0: 3 0x800076b8 (0x8cd1e017)
core   0: 0x800076bc (0x47ce6d13) ori     s10, t3, 1148
core   0: 3 0x800076bc (0x47ce6d13) x26 0xab59df7e
core   0: 0x800076c0 (0x41d35c93) srai    s9, t1, 29
core   0: 3 0x800076c0 (0x41d35c93) x25 0x00000000
core   0: 0x800076c4 (0x41747613) andi    a2, s0, 1047
core   0: 3 0x800076c4 (0x41747613) x12 0x00000414
core   0: 0x800076c8 (0x00ead793) srli    a5, s5, 14
core   0: 3 0x800076c8 (0x00ead793) x15 0x0002ad67
core   0: 0x800076cc (0x41a55833) sra     a6, a0, s10
core   0: 3 0x800076cc (0x41a55833) x16 0xfffffffe
core   0: 0x800076d0 (0x00912033) slt     zero, sp, s1
core   0: 3 0x800076d0 (0x00912033)
core   0: 0x800076d4 (0x4b957993) andi    s3, a0, 1209
core   0: 3 0x800076d4 (0x4b957993) x19 0x000004a0
core   0: 0x800076d8 (0x003b1793) slli    a5, s6, 3
core   0: 3 0x800076d8 (0x003b1793) x15 0x00000000
core   0: 0x800076dc (0xc1246b13) ori     s6, s0, -1006
core   0: 3 0x800076dc (0xc1246b13) x22 0xfffffdfe
core   0: 0x800076e0 (0x009c31b3) sltu    gp, s8, s1
core   0: 3 0x800076e0 (0x009c31b3) x 3 0x00000000
core   0: 0x800076e4 (0x00099133) sll     sp, s3, zero
core   0: 3 0x800076e4 (0x00099133) x 2 0x000004a0
core   0: 0x800076e8 (0xb2687793) andi    a5, a6, -1242
core   0: 3 0x800076e8 (0xb2687793) x15 0xfffffb26
core   0: 0x800076ec (0x00000013) nop
core   0: 3 0x800076ec (0x00000013)
core   0: 0x800076f0 (0x527c1997) auipc   s3, 0x527c1
core   0: 3 0x800076f0 (0x527c1997) x19 0xd27c86f0
core   0: 0x800076f4 (0x410e5b93) srai    s7, t3, 16
core   0: 3 0x800076f4 (0x410e5b93) x23 0xffffab59
core   0: 0x800076f8 (0x01881093) slli    ra, a6, 24
core   0: 3 0x800076f8 (0x01881093) x 1 0xfe000000
core   0: 0x800076fc (0x79a898b7) lui     a7, 0x79a89
core   0: 3 0x800076fc (0x79a898b7) x17 0x79a89000
core   0: 0x80007700 (0x40f45493) srai    s1, s0, 15
core   0: 3 0x80007700 (0x40f45493) x 9 0xffff56b3
core   0: 0x80007704 (0x012ba0b3) slt     ra, s7, s2
core   0: 3 0x80007704 (0x012ba0b3) x 1 0x00000000
core   0: 0x80007708 (0x002c1d33) sll     s10, s8, sp
core   0: 3 0x80007708 (0x002c1d33) x26 0xffc27e3f
core   0: 0x8000770c (0xe140c117) auipc   sp, 0xe140c
core   0: 3 0x8000770c (0xe140c117) x 2 0x6141370c
core   0: 0x80007710 (0xb29b19b7) lui     s3, 0xb29b1
core   0: 3 0x80007710 (0xb29b19b7) x19 0xb29b1000
core   0: 0x80007714 (0x001c5993) srli    s3, s8, 1
core   0: 3 0x80007714 (0x001c5993) x19 0x7fe13f1f
core   0: 0x80007718 (0x00f26f33) or      t5, tp, a5
core   0: 3 0x80007718 (0x00f26f33) x30 0xfffffb27
core   0: 0x8000771c (0x795a2d13) slti    s10, s4, 1941
core   0: 3 0x8000771c (0x795a2d13) x26 0x00000001
core   0: 0x80007720 (0x417dbd13) sltiu   s10, s11, 1047
core   0: 3 0x80007720 (0x417dbd13) x26 0x00000000
core   0: 0x80007724 (0xf2def913) andi    s2, t4, -211
core   0: 3 0x80007724 (0xf2def913) x18 0xab59db2c
core   0: 0x80007728 (0x40955313) srai    t1, a0, 9
core   0: 3 0x80007728 (0x40955313) x 6 0xffc000a6
core   0: 0x8000772c (0xe254f393) andi    t2, s1, -475
core   0: 3 0x8000772c (0xe254f393) x 7 0xffff5621
core   0: 0x80007730 (0x00657d33) and     s10, a0, t1
core   0: 3 0x80007730 (0x00657d33) x26 0x800000a4
core   0: 0x80007734 (0x0197c4b3) xor     s1, a5, s9
core   0: 3 0x80007734 (0x0197c4b3) x 9 0xfffffb26
core   0: 0x80007738 (0x01fe1333) sll     t1, t3, t6
core   0: 3 0x80007738 (0x01fe1333) x 6 0xab59db3e
core   0: 0x8000773c (0x01416e33) or      t3, sp, s4
core   0: 3 0x8000773c (0x01416e33) x28 0x6141370d
core   0: 0x80007740 (0xc539b213) sltiu   tp, s3, -941
core   0: 3 0x80007740 (0xc539b213) x 4 0x00000001
core   0: 0x80007744 (0x72c22293) slti    t0, tp, 1836
core   0: 3 0x80007744 (0x72c22293) x 5 0x00000001
core   0: 0x80007748 (0x00000013) nop
core   0: 3 0x80007748 (0x00000013)
core   0: 0x8000774c (0x41bd53b3) sra     t2, s10, s11
core   0: 3 0x8000774c (0x41bd53b3) x 7 0xfc000005
core   0: 0x80007750 (0xcbc30813) addi    a6, t1, -836
core   0: 3 0x80007750 (0xcbc30813) x16 0xab59d7fa
core   0: 0x80007754 (0x0053e433) or      s0, t2, t0
core   0: 3 0x80007754 (0x0053e433) x 8 0xfc000005
core   0: 0x80007758 (0x8123bd13) sltiu   s10, t2, -2030
core   0: 3 0x80007758 (0x8123bd13) x26 0x00000001
core   0: 0x8000775c (0x8bc46313) ori     t1, s0, -1860
core   0: 3 0x8000775c (0x8bc46313) x 6 0xfffff8bd
core   0: 0x80007760 (0x01257a33) and     s4, a0, s2
core   0: 3 0x80007760 (0x01257a33) x20 0x80014824
core   0: 0x80007764 (0xccf5be13) sltiu   t3, a1, -817
core   0: 3 0x80007764 (0xccf5be13) x28 0x00000001
core   0: 0x80007768 (0x008eda33) srl     s4, t4, s0
core   0: 3 0x80007768 (0x008eda33) x20 0x055aced9
core   0: 0x8000776c (0x41fadbb3) sra     s7, s5, t6
core   0: 3 0x8000776c (0x41fadbb3) x23 0xab59dd65
core   0: 0x80007770 (0x00e83433) sltu    s0, a6, a4
core   0: 3 0x80007770 (0x00e83433) x 8 0x00000000
core   0: 0x80007774 (0x02c59db7) lui     s11, 0x2c59
core   0: 3 0x80007774 (0x02c59db7) x27 0x02c59000
core   0: 0x80007778 (0x01e0beb3) sltu    t4, ra, t5
core   0: 3 0x80007778 (0x01e0beb3) x29 0x00000001
core   0: 0x8000777c (0x00c85733) srl     a4, a6, a2
core   0: 3 0x8000777c (0x00c85733) x14 0x00000ab5
core   0: 0x80007780 (0x003b4f33) xor     t5, s6, gp
core   0: 3 0x80007780 (0x003b4f33) x30 0xfffffdfe
core   0: 0x80007784 (0x0080df93) srli    t6, ra, 8
core   0: 3 0x80007784 (0x0080df93) x31 0x00000000
core   0: 0x80007788 (0x00b8deb3) srl     t4, a7, a1
core   0: 3 0x80007788 (0x00b8deb3) x29 0x079a8900
core   0: 0x8000778c (0x5dc7a1b7) lui     gp, 0x5dc7a
core   0: 3 0x8000778c (0x5dc7a1b7) x 3 0x5dc7a000
core   0: 0x80007790 (0xf0c7f013) andi    zero, a5, -244
core   0: 3 0x80007790 (0xf0c7f013)
core   0: 0x80007794 (0x41e68833) sub     a6, a3, t5
core   0: 3 0x80007794 (0x41e68833) x16 0x00000202
core   0: 0x80007798 (0x98192093) slti    ra, s2, -1663
core   0: 3 0x80007798 (0x98192093) x 1 0x00000001
core   0: 0x8000779c (0x976c6d13) ori     s10, s8, -1674
core   0: 3 0x8000779c (0x976c6d13) x26 0xffffff7f
core   0: 0x800077a0 (0x00446f33) or      t5, s0, tp
core   0: 3 0x800077a0 (0x00446f33) x30 0x00000001
core   0: 0x800077a4 (0x005431b3) sltu    gp, s0, t0
core   0: 3 0x800077a4 (0x005431b3) x 3 0x00000001
core   0: 0x800077a8 (0x01ebd133) srl     sp, s7, t5
core   0: 3 0x800077a8 (0x01ebd133) x 2 0x55aceeb2
core   0: 0x800077ac (0x5f49a237) lui     tp, 0x5f49a
core   0: 3 0x800077ac (0x5f49a237) x 4 0x5f49a000
core   0: 0x800077b0 (0xe5b9a137) lui     sp, 0xe5b9a
core   0: 3 0x800077b0 (0xe5b9a137) x 2 0xe5b9a000
core   0: 0x800077b4 (0x1e620493) addi    s1, tp, 486
core   0: 3 0x800077b4 (0x1e620493) x 9 0x5f49a1e6
core   0: 0x800077b8 (0x00489b93) slli    s7, a7, 4
core   0: 3 0x800077b8 (0x00489b93) x23 0x9a890000
core   0: 0x800077bc (0x01e4ed33) or      s10, s1, t5
core   0: 3 0x800077bc (0x01e4ed33) x26 0x5f49a1e7
core   0: 0x800077c0 (0xa0a7ea13) ori     s4, a5, -1526
core   0: 3 0x800077c0 (0xa0a7ea13) x20 0xfffffb2e
core   0: 0x800077c4 (0x00733cb3) sltu    s9, t1, t2
core   0: 3 0x800077c4 (0x00733cb3) x25 0x00000000
core   0: 0x800077c8 (0x00000013) nop
core   0: 3 0x800077c8 (0x00000013)
core   0: 0x800077cc (0x0168bdb3) sltu    s11, a7, s6
core   0: 3 0x800077cc (0x0168bdb3) x27 0x00000001
core   0: 0x800077d0 (0xee7b4813) xori    a6, s6, -281
core   0: 3 0x800077d0 (0xee7b4813) x16 0x00000319
core   0: 0x800077d4 (0x41005413) srai    s0, zero, 16
core   0: 3 0x800077d4 (0x41005413) x 8 0x00000000
core   0: 0x800077d8 (0x005b2333) slt     t1, s6, t0
core   0: 3 0x800077d8 (0x005b2333) x 6 0x00000001
core   0: 0x800077dc (0xb45eb713) sltiu   a4, t4, -1211
core   0: 3 0x800077dc (0xb45eb713) x14 0x00000001
core   0: 0x800077e0 (0x015c7d33) and     s10, s8, s5
core   0: 3 0x800077e0 (0x015c7d33) x26 0xab405c25
core   0: 0x800077e4 (0x00eabeb3) sltu    t4, s5, a4
core   0: 3 0x800077e4 (0x00eabeb3) x29 0x00000000
core   0: 0x800077e8 (0xd924ed13) ori     s10, s1, -622
core   0: 3 0x800077e8 (0xd924ed13) x26 0xfffffdf6
core   0: 0x800077ec (0x40195893) srai    a7, s2, 1
core   0: 3 0x800077ec (0x40195893) x17 0xd5aced96
core   0: 0x800077f0 (0x018b1093) slli    ra, s6, 24
core   0: 3 0x800077f0 (0x018b1093) x 1 0xfe000000
core   0: 0x800077f4 (0x41dbd9b3) sra     s3, s7, t4
core   0: 3 0x800077f4 (0x41dbd9b3) x19 0x9a890000
core   0: 0x800077f8 (0x1c770737) lui     a4, 0x1c770
core   0: 3 0x800077f8 (0x1c770737) x14 0x1c770000
core   0: 0x800077fc (0x40200f33) sub     t5, zero, sp
core   0: 3 0x800077fc (0x40200f33) x30 0x1a466000
core   0: 0x80007800 (0x00bebe33) sltu    t3, t4, a1
core   0: 3 0x80007800 (0x00bebe33) x28 0x00000001
core   0: 0x80007804 (0x4057d833) sra     a6, a5, t0
core   0: 3 0x80007804 (0x4057d833) x16 0xfffffd93
core   0: 0x80007808 (0x47bab893) sltiu   a7, s5, 1147
core   0: 3 0x80007808 (0x47bab893) x17 0x00000000
core   0: 0x8000780c (0x40afd633) sra     a2, t6, a0
core   0: 3 0x8000780c (0x40afd633) x12 0x00000000
core   0: 0x80007810 (0x41d55613) srai    a2, a0, 29
core   0: 3 0x80007810 (0x41d55613) x12 0xfffffffc
core   0: 0x80007814 (0x40c9d293) srai    t0, s3, 12
core   0: 3 0x80007814 (0x40c9d293) x 5 0xfff9a890
core   0: 0x80007818 (0x01f6d813) srli    a6, a3, 31
core   0: 3 0x80007818 (0x01f6d813) x16 0x00000000
core   0: 0x8000781c (0x01281e93) slli    t4, a6, 18
core   0: 3 0x8000781c (0x01281e93) x29 0x00000000
core   0: 0x80007820 (0x84b20417) auipc   s0, 0x84b20
core   0: 3 0x80007820 (0x84b20417) x 8 0x04b27820
core   0: 0x80007824 (0x18dc4d93) xori    s11, s8, 397
core   0: 3 0x80007824 (0x18dc4d93) x27 0xffc27fb2
core   0: 0x80007828 (0x010d9693) slli    a3, s11, 16
core   0: 3 0x80007828 (0x010d9693) x13 0x7fb20000
core   0: 0x8000782c (0x406388b3) sub     a7, t2, t1
core   0: 3 0x8000782c (0x406388b3) x17 0xfc000004
core   0: 0x80007830 (0x83c66637) lui     a2, 0x83c66
core   0: 3 0x80007830 (0x83c66637) x12 0x83c66000
core   0: 0x80007834 (0x21ab6e93) ori     t4, s6, 538
core   0: 3 0x80007834 (0x21ab6e93) x29 0xfffffffe
core   0: 0x80007838 (0x003e4d33) xor     s10, t3, gp
core   0: 3 0x80007838 (0x003e4d33) x26 0x00000000
core   0: 0x8000783c (0x05dc0493) addi    s1, s8, 93
core   0: 3 0x8000783c (0x05dc0493) x 9 0xffc27e9c
core   0: 0x80007840 (0x70e8f993) andi    s3, a7, 1806
core   0: 3 0x80007840 (0x70e8f993) x19 0x00000004
core   0: 0x80007844 (0x01000d33) add     s10, zero, a6
core   0: 3 0x80007844 (0x01000d33) x26 0x00000000
core   0: 0x80007848 (0x54a37493) andi    s1, t1, 1354
core   0: 3 0x80007848 (0x54a37493) x 9 0x00000000
core   0: 0x8000784c (0x5fc40a13) addi    s4, s0, 1532
core   0: 3 0x8000784c (0x5fc40a13) x20 0x04b27e1c
core   0: 0x80007850 (0x00742d33) slt     s10, s0, t2
core   0: 3 0x80007850 (0x00742d33) x26 0x00000000
core   0: 0x80007854 (0x01ccb9b3) sltu    s3, s9, t3
core   0: 3 0x80007854 (0x01ccb9b3) x19 0x00000001
core   0: 0x80007858 (0x018efcb3) and     s9, t4, s8
core   0: 3 0x80007858 (0x018efcb3) x25 0xffc27e3e
core   0: 0x8000785c (0x01fa9213) slli    tp, s5, 31
core   0: 3 0x8000785c (0x01fa9213) x 4 0x80000000
core   0: 0x80007860 (0x00000013) nop
core   0: 3 0x80007860 (0x00000013)
core   0: 0x80007864 (0x4f8e4013) xori    zero, t3, 1272
core   0: 3 0x80007864 (0x4f8e4013)
core   0: 0x80007868 (0x019dc4b3) xor     s1, s11, s9
core   0: 3 0x80007868 (0x019dc4b3) x 9 0x0000018c
core   0: 0x8000786c (0x409b8db3) sub     s11, s7, s1
core   0: 3 0x8000786c (0x409b8db3) x27 0x9a88fe74
core   0: 0x80007870 (0xa22c3393) sltiu   t2, s8, -1502
core   0: 3 0x80007870 (0xa22c3393) x 7 0x00000001
core   0: 0x80007874 (0x01aa3833) sltu    a6, s4, s10
core   0: 3 0x80007874 (0x01aa3833) x16 0x00000000
core   0: 0x80007878 (0x41c65733) sra     a4, a2, t3
core   0: 3 0x80007878 (0x41c65733) x14 0xc1e33000
core   0: 0x8000787c (0x43846413) ori     s0, s0, 1080
core   0: 3 0x8000787c (0x43846413) x 8 0x04b27c38
core   0: 0x80007880 (0x76b68393) addi    t2, a3, 1899
core   0: 3 0x80007880 (0x76b68393) x 7 0x7fb2076b
core   0: 0x80007884 (0x00000013) nop
core   0: 3 0x80007884 (0x00000013)
core   0: 0x80007888 (0x49873713) sltiu   a4, a4, 1176
core   0: 3 0x80007888 (0x49873713) x14 0x00000000
core   0: 0x8000788c (0x007f9933) sll     s2, t6, t2
core   0: 3 0x8000788c (0x007f9933) x18 0x00000000
core   0: 0x80007890 (0x00abe7b3) or      a5, s7, a0
core   0: 3 0x80007890 (0x00abe7b3) x15 0x9a894ce4
core   0: 0x80007894 (0x0174ad33) slt     s10, s1, s7
core   0: 3 0x80007894 (0x0174ad33) x26 0x00000000
core   0: 0x80007898 (0x21edb193) sltiu   gp, s11, 542
core   0: 3 0x80007898 (0x21edb193) x 3 0x00000000
core   0: 0x8000789c (0x91137b93) andi    s7, t1, -1775
core   0: 3 0x8000789c (0x91137b93) x23 0x00000001
core   0: 0x800078a0 (0x00000013) nop
core   0: 3 0x800078a0 (0x00000013)
core   0: 0x800078a4 (0x41f58733) sub     a4, a1, t6
core   0: 3 0x800078a4 (0x41f58733) x14 0x80010e64
core   0: 0x800078a8 (0x00046d33) or      s10, s0, zero
core   0: 3 0x800078a8 (0x00046d33) x26 0x04b27c38
core   0: 0x800078ac (0x013461b3) or      gp, s0, s3
core   0: 3 0x800078ac (0x013461b3) x 3 0x04b27c39
core   0: 0x800078b0 (0x01b51933) sll     s2, a0, s11
core   0: 3 0x800078b0 (0x01b51933) x18 0xce400000
core   0: 0x800078b4 (0x2fc28d13) addi    s10, t0, 764
core   0: 3 0x800078b4 (0x2fc28d13) x26 0xfff9ab8c
core   0: 0x800078b8 (0x00000013) nop
core   0: 3 0x800078b8 (0x00000013)
core   0: 0x800078bc (0x413f0633) sub     a2, t5, s3
core   0: 3 0x800078bc (0x413f0633) x12 0x1a465fff
core   0: 0x800078c0 (0x01641093) slli    ra, s0, 22
core   0: 3 0x800078c0 (0x01641093) x 1 0x0e000000
core   0: 0x800078c4 (0x01708433) add     s0, ra, s7
core   0: 3 0x800078c4 (0x01708433) x 8 0x0e000001
core   0: 0x800078c8 (0x01b65e33) srl     t3, a2, s11
core   0: 3 0x800078c8 (0x01b65e33) x28 0x000001a4
core   0: 0x800078cc (0xe916ab93) slti    s7, a3, -367
core   0: 3 0x800078cc (0xe916ab93) x23 0x00000000
core   0: 0x800078d0 (0x006742b3) xor     t0, a4, t1
core   0: 3 0x800078d0 (0x006742b3) x 5 0x80010e65
core   0: 0x800078d4 (0x41738ab3) sub     s5, t2, s7
core   0: 3 0x800078d4 (0x41738ab3) x21 0x7fb2076b
core   0: 0x800078d8 (0x00d6a7b7) lui     a5, 0xd6a
core   0: 3 0x800078d8 (0x00d6a7b7) x15 0x00d6a000
core   0: 0x800078dc (0xca2f38b7) lui     a7, 0xca2f3
core   0: 3 0x800078dc (0xca2f38b7) x17 0xca2f3000
core   0: 0x800078e0 (0x016eef33) or      t5, t4, s6
core   0: 3 0x800078e0 (0x016eef33) x30 0xfffffffe
core   0: 0x800078e4 (0x41da5b13) srai    s6, s4, 29
core   0: 3 0x800078e4 (0x41da5b13) x22 0x00000000
core   0: 0x800078e8 (0xfefe4f93) xori    t6, t3, -17
core   0: 3 0x800078e8 (0xfefe4f93) x31 0xfffffe4b
core   0: 0x800078ec (0x41738133) sub     sp, t2, s7
core   0: 3 0x800078ec (0x41738133) x 2 0x7fb2076b
core   0: 0x800078f0 (0x41700f33) sub     t5, zero, s7
core   0: 3 0x800078f0 (0x41700f33) x30 0x00000000
core   0: 0x800078f4 (0x00b72db3) slt     s11, a4, a1
core   0: 3 0x800078f4 (0x00b72db3) x27 0x00000000
core   0: 0x800078f8 (0xc0337a93) andi    s5, t1, -1021
core   0: 3 0x800078f8 (0xc0337a93) x21 0x00000001
core   0: 0x800078fc (0x00dd8cb3) add     s9, s11, a3
core   0: 3 0x800078fc (0x00dd8cb3) x25 0x7fb20000
core   0: 0x80007900 (0x01c73833) sltu    a6, a4, t3
core   0: 3 0x80007900 (0x01c73833) x16 0x00000000
core   0: 0x80007904 (0x0008e133) or      sp, a7, zero
core   0: 3 0x80007904 (0x0008e133) x 2 0xca2f3000
core   0: 0x80007908 (0x15e06d93) ori     s11, zero, 350
core   0: 3 0x80007908 (0x15e06d93) x27 0x0000015e
core   0: 0x8000790c (0x41a8d3b3) sra     t2, a7, s10
core   0: 3 0x8000790c (0x41a8d3b3) x 7 0xfffca2f3
core   0: 0x80007910 (0x31f94213) xori    tp, s2, 799
core   0: 3 0x80007910 (0x31f94213) x 4 0xce40031f
core   0: 0x80007914 (0xca193013) sltiu   zero, s2, -863
core   0: 3 0x80007914 (0xca193013)
core   0: 0x80007918 (0x01f5f333) and     t1, a1, t6
core   0: 3 0x80007918 (0x01f5f333) x 6 0x80010e40
core   0: 0x8000791c (0x00afbdb3) sltu    s11, t6, a0
core   0: 3 0x8000791c (0x00afbdb3) x27 0x00000000
core   0: 0x80007920 (0x57ea0d17) auipc   s10, 0x57ea0
core   0: 3 0x80007920 (0x57ea0d17) x26 0xd7ea7920
core   0: 0x80007924 (0x41645113) srai    sp, s0, 22
core   0: 3 0x80007924 (0x41645113) x 2 0x00000038
core   0: 0x80007928 (0x0564ad13) slti    s10, s1, 86
core   0: 3 0x80007928 (0x0564ad13) x26 0x00000000
core   0: 0x8000792c (0x00000013) nop
core   0: 3 0x8000792c (0x00000013)
core   0: 0x80007930 (0xc6566813) ori     a6, a2, -923
core   0: 3 0x80007930 (0xc6566813) x16 0xffffffff
core   0: 0x80007934 (0xd714cdb7) lui     s11, 0xd714c
core   0: 3 0x80007934 (0xd714cdb7) x27 0xd714c000
core   0: 0x80007938 (0x01575733) srl     a4, a4, s5
core   0: 3 0x80007938 (0x01575733) x14 0x40008732
core   0: 0x8000793c (0x416dd8b3) sra     a7, s11, s6
core   0: 3 0x8000793c (0x416dd8b3) x17 0xd714c000
core   0: 0x80007940 (0x2da98813) addi    a6, s3, 730
core   0: 3 0x80007940 (0x2da98813) x16 0x000002db
core   0: 0x80007944 (0x00f09f13) slli    t5, ra, 15
core   0: 3 0x80007944 (0x00f09f13) x30 0x00000000
core   0: 0x80007948 (0x418adf33) sra     t5, s5, s8
core   0: 3 0x80007948 (0x418adf33) x30 0x00000000
core   0: 0x8000794c (0x01f91d13) slli    s10, s2, 31
core   0: 3 0x8000794c (0x01f91d13) x26 0x00000000
core   0: 0x80007950 (0x4145d213) srai    tp, a1, 20
core   0: 3 0x80007950 (0x4145d213) x 4 0xfffff800
core   0: 0x80007954 (0xda04b493) sltiu   s1, s1, -608
core   0: 3 0x80007954 (0xda04b493) x 9 0x00000001
core   0: 0x80007958 (0x01961913) slli    s2, a2, 25
core   0: 3 0x80007958 (0x01961913) x18 0xfe000000
core   0: 0x8000795c (0x2c5ef413) andi    s0, t4, 709
core   0: 3 0x8000795c (0x2c5ef413) x 8 0x000002c4
core   0: 0x80007960 (0xaf18b417) auipc   s0, 0xaf18b
core   0: 3 0x80007960 (0xaf18b417) x 8 0x2f192960
core   0: 0x80007964 (0x41810933) sub     s2, sp, s8
core   0: 3 0x80007964 (0x41810933) x18 0x003d81f9
core   0: 0x80007968 (0xfd8d0d13) addi    s10, s10, -40
core   0: 3 0x80007968 (0xfd8d0d13) x26 0xffffffd8
core   0: 0x8000796c (0xccab0193) addi    gp, s6, -822
core   0: 3 0x8000796c (0xccab0193) x 3 0xfffffcca
core   0: 0x80007970 (0x00eb2ab3) slt     s5, s6, a4
core   0: 3 0x80007970 (0x00eb2ab3) x21 0x00000001
core   0: 0x80007974 (0x417a5e33) sra     t3, s4, s7
core   0: 3 0x80007974 (0x417a5e33) x28 0x04b27e1c
core   0: 0x80007978 (0x01036bb3) or      s7, t1, a6
core   0: 3 0x80007978 (0x01036bb3) x23 0x80010edb
core   0: 0x8000797c (0x22163213) sltiu   tp, a2, 545
core   0: 3 0x8000797c (0x22163213) x 4 0x00000000
core   0: 0x80007980 (0x00000013) nop
core   0: 3 0x80007980 (0x00000013)
core   0: 0x80007984 (0xda574f93) xori    t6, a4, -603
core   0: 3 0x80007984 (0xda574f93) x31 0xbfff7a97
core   0: 0x80007988 (0x016a5b33) srl     s6, s4, s6
core   0: 3 0x80007988 (0x016a5b33) x22 0x04b27e1c
core   0: 0x8000798c (0x4b45cab7) lui     s5, 0x4b45c
core   0: 3 0x8000798c (0x4b45cab7) x21 0x4b45c000
core   0: 0x80007990 (0x01940833) add     a6, s0, s9
core   0: 3 0x80007990 (0x01940833) x16 0xaecb2960
core   0: 0x80007994 (0x012f5e93) srli    t4, t5, 18
core   0: 3 0x80007994 (0x012f5e93) x29 0x00000000
core   0: 0x80007998 (0x00e894b3) sll     s1, a7, a4
core   0: 3 0x80007998 (0x00e894b3) x 9 0x00000000
core   0: 0x8000799c (0x00f3b333) sltu    t1, t2, a5
core   0: 3 0x8000799c (0x00f3b333) x 6 0x00000000
core   0: 0x800079a0 (0x01a736b3) sltu    a3, a4, s10
core   0: 3 0x800079a0 (0x01a736b3) x13 0x00000001
core   0: 0x800079a4 (0x00151133) sll     sp, a0, ra
core   0: 3 0x800079a4 (0x00151133) x 2 0x80014ce4
core   0: 0x800079a8 (0xa73dbe93) sltiu   t4, s11, -1421
core   0: 3 0x800079a8 (0xa73dbe93) x29 0x00000001
core   0: 0x800079ac (0x1d35c737) lui     a4, 0x1d35c
core   0: 3 0x800079ac (0x1d35c737) x14 0x1d35c000
core   0: 0x800079b0 (0x00b979b3) and     s3, s2, a1
core   0: 3 0x800079b0 (0x00b979b3) x19 0x00010060
core   0: 0x800079b4 (0x00e101b3) add     gp, sp, a4
core   0: 3 0x800079b4 (0x00e101b3) x 3 0x9d370ce4
core   0: 0x800079b8 (0x0065ba33) sltu    s4, a1, t1
core   0: 3 0x800079b8 (0x0065ba33) x20 0x00000000
core   0: 0x800079bc (0xffeb2b93) slti    s7, s6, -2
core   0: 3 0x800079bc (0xffeb2b93) x23 0x00000000
core   0: 0x800079c0 (0x01683e33) sltu    t3, a6, s6
core   0: 3 0x800079c0 (0x01683e33) x28 0x00000000
core   0: 0x800079c4 (0x015c2433) slt     s0, s8, s5
core   0: 3 0x800079c4 (0x015c2433) x 8 0x00000001
core   0: 0x800079c8 (0x41900433) sub     s0, zero, s9
core   0: 3 0x800079c8 (0x41900433) x 8 0x804e0000
core   0: 0x800079cc (0x005e9733) sll     a4, t4, t0
core   0: 3 0x800079cc (0x005e9733) x14 0x00000020
core   0: 0x800079d0 (0x004c9033) sll     zero, s9, tp
core   0: 3 0x800079d0 (0x004c9033)
core   0: 0x800079d4 (0xda924013) xori    zero, tp, -599
core   0: 3 0x800079d4 (0xda924013)
core   0: 0x800079d8 (0x008f6bb3) or      s7, t5, s0
core   0: 3 0x800079d8 (0x008f6bb3) x23 0x804e0000
core   0: 0x800079dc (0x00374eb3) xor     t4, a4, gp
core   0: 3 0x800079dc (0x00374eb3) x29 0x9d370cc4
core   0: 0x800079e0 (0x002bd0b3) srl     ra, s7, sp
core   0: 3 0x800079e0 (0x002bd0b3) x 1 0x0804e000
core   0: 0x800079e4 (0xbf7b7e13) andi    t3, s6, -1033
core   0: 3 0x800079e4 (0xbf7b7e13) x28 0x04b27a14
core   0: 0x800079e8 (0x007b4733) xor     a4, s6, t2
core   0: 3 0x800079e8 (0x007b4733) x14 0xfb4edcef
core   0: 0x800079ec (0x3f400837) lui     a6, 0x3f400
core   0: 3 0x800079ec (0x3f400837) x16 0x3f400000
core   0: 0x800079f0 (0x0148f2b3) and     t0, a7, s4
core   0: 3 0x800079f0 (0x0148f2b3) x 5 0x00000000
core   0: 0x800079f4 (0xa6aec913) xori    s2, t4, -1430
core   0: 3 0x800079f4 (0xa6aec913) x18 0x62c8f6ae
core   0: 0x800079f8 (0x72a8f437) lui     s0, 0x72a8f
core   0: 3 0x800079f8 (0x72a8f437) x 8 0x72a8f000
core   0: 0x800079fc (0x01e51193) slli    gp, a0, 30
core   0: 3 0x800079fc (0x01e51193) x 3 0x00000000
core   0: 0x80007a00 (0x000cdd33) srl     s10, s9, zero
core   0: 3 0x80007a00 (0x000cdd33) x26 0x7fb20000
core   0: 0x80007a04 (0x40fc0733) sub     a4, s8, a5
core   0: 3 0x80007a04 (0x40fc0733) x14 0xfeebde3f
core   0: 0x80007a08 (0x1ca44893) xori    a7, s0, 458
core   0: 3 0x80007a08 (0x1ca44893) x17 0x72a8f1ca
core   0: 0x80007a0c (0xb0198e13) addi    t3, s3, -1279
core   0: 3 0x80007a0c (0xb0198e13) x28 0x0000fb61
core   0: 0x80007a10 (0x010cbe33) sltu    t3, s9, a6
core   0: 3 0x80007a10 (0x010cbe33) x28 0x00000000
core   0: 0x80007a14 (0x00000013) nop
core   0: 3 0x80007a14 (0x00000013)
core   0: 0x80007a18 (0x00000013) nop
core   0: 3 0x80007a18 (0x00000013)
core   0: 0x80007a1c (0xafcf8d13) addi    s10, t6, -1284
core   0: 3 0x80007a1c (0xafcf8d13) x26 0xbfff7593
core   0: 0x80007a20 (0x0102cdb3) xor     s11, t0, a6
core   0: 3 0x80007a20 (0x0102cdb3) x27 0x3f400000
core   0: 0x80007a24 (0x9a3acc93) xori    s9, s5, -1629
core   0: 3 0x80007a24 (0x9a3acc93) x25 0xb4ba39a3
core   0: 0x80007a28 (0x00a5fe33) and     t3, a1, a0
core   0: 3 0x80007a28 (0x00a5fe33) x28 0x80010c64
core   0: 0x80007a2c (0x40705733) sra     a4, zero, t2
core   0: 3 0x80007a2c (0x40705733) x14 0x00000000
core   0: 0x80007a30 (0x005b14b3) sll     s1, s6, t0
core   0: 3 0x80007a30 (0x005b14b3) x 9 0x04b27e1c
core   0: 0x80007a34 (0x01ba02b3) add     t0, s4, s11
core   0: 3 0x80007a34 (0x01ba02b3) x 5 0x3f400000
core   0: 0x80007a38 (0x45f07113) andi    sp, zero, 1119
core   0: 3 0x80007a38 (0x45f07113) x 2 0x00000000
core   0: 0x80007a3c (0x0004f133) and     sp, s1, zero
core   0: 3 0x80007a3c (0x0004f133) x 2 0x00000000
core   0: 0x80007a40 (0xb7dfe713) ori     a4, t6, -1155
core   0: 3 0x80007a40 (0xb7dfe713) x14 0xfffffbff
core   0: 0x80007a44 (0xff29bb93) sltiu   s7, s3, -14
core   0: 3 0x80007a44 (0xff29bb93) x23 0x00000001
core   0: 0x80007a48 (0x41128cb3) sub     s9, t0, a7
core   0: 3 0x80007a48 (0x41128cb3) x25 0xcc970e36
core   0: 0x80007a4c (0x01e578b3) and     a7, a0, t5
core   0: 3 0x80007a4c (0x01e578b3) x17 0x00000000
core   0: 0x80007a50 (0x0098e233) or      tp, a7, s1
core   0: 3 0x80007a50 (0x0098e233) x 4 0x04b27e1c
core   0: 0x80007a54 (0x011b76b3) and     a3, s6, a7
core   0: 3 0x80007a54 (0x011b76b3) x13 0x00000000
core   0: 0x80007a58 (0x408e5993) srai    s3, t3, 8
core   0: 3 0x80007a58 (0x408e5993) x19 0xff80010c
core   0: 0x80007a5c (0x0082ecb3) or      s9, t0, s0
core   0: 3 0x80007a5c (0x0082ecb3) x25 0x7fe8f000
core   0: 0x80007a60 (0x002087b3) add     a5, ra, sp
core   0: 3 0x80007a60 (0x002087b3) x15 0x0804e000
core   0: 0x80007a64 (0x01295d93) srli    s11, s2, 18
core   0: 3 0x80007a64 (0x01295d93) x27 0x000018b2
core   0: 0x80007a68 (0x4a0e1397) auipc   t2, 0x4a0e1
core   0: 3 0x80007a68 (0x4a0e1397) x 7 0xca0e8a68
core   0: 0x80007a6c (0x003c1233) sll     tp, s8, gp
core   0: 3 0x80007a6c (0x003c1233) x 4 0xffc27e3f
core   0: 0x80007a70 (0x01779c93) slli    s9, a5, 23
core   0: 3 0x80007a70 (0x01779c93) x25 0x00000000
core   0: 0x80007a74 (0x013e9e13) slli    t3, t4, 19
core   0: 3 0x80007a74 (0x013e9e13) x28 0x66200000
core   0: 0x80007a78 (0x41b00333) sub     t1, zero, s11
core   0: 3 0x80007a78 (0x41b00333) x 6 0xffffe74e
core   0: 0x80007a7c (0x411f5a13) srai    s4, t5, 17
core   0: 3 0x80007a7c (0x411f5a13) x20 0x00000000
core   0: 0x80007a80 (0x01479493) slli    s1, a5, 20
core   0: 3 0x80007a80 (0x01479493) x 9 0x00000000
core   0: 0x80007a84 (0x01f86233) or      tp, a6, t6
core   0: 3 0x80007a84 (0x01f86233) x 4 0xbfff7a97
core   0: 0x80007a88 (0x380a97b7) lui     a5, 0x380a9
core   0: 3 0x80007a88 (0x380a97b7) x15 0x380a9000
core   0: 0x80007a8c (0x4097d313) srai    t1, a5, 9
core   0: 3 0x80007a8c (0x4097d313) x 6 0x001c0548
core   0: 0x80007a90 (0x044ca213) slti    tp, s9, 68
core   0: 3 0x80007a90 (0x044ca213) x 4 0x00000001
core   0: 0x80007a94 (0xd08f8113) addi    sp, t6, -760
core   0: 3 0x80007a94 (0xd08f8113) x 2 0xbfff779f
core   0: 0x80007a98 (0x012e16b3) sll     a3, t3, s2
core   0: 3 0x80007a98 (0x012e16b3) x13 0x00000000
core   0: 0x80007a9c (0x4d9ac013) xori    zero, s5, 1241
core   0: 3 0x80007a9c (0x4d9ac013)
core   0: 0x80007aa0 (0x31952913) slti    s2, a0, 793
core   0: 3 0x80007aa0 (0x31952913) x18 0x00000001
core   0: 0x80007aa4 (0x93bb6a93) ori     s5, s6, -1733
core   0: 3 0x80007aa4 (0x93bb6a93) x21 0xffffff3f
core   0: 0x80007aa8 (0xbb357113) andi    sp, a0, -1101
core   0: 3 0x80007aa8 (0xbb357113) x 2 0x800148a0
core   0: 0x80007aac (0x00f4c233) xor     tp, s1, a5
core   0: 3 0x80007aac (0x00f4c233) x 4 0x380a9000
core   0: 0x80007ab0 (0x4f666713) ori     a4, a2, 1270
core   0: 3 0x80007ab0 (0x4f666713) x14 0x1a465fff
core   0: 0x80007ab4 (0x40b202b3) sub     t0, tp, a1
core   0: 3 0x80007ab4 (0x40b202b3) x 5 0xb809819c
core   0: 0x80007ab8 (0x008907b3) add     a5, s2, s0
core   0: 3 0x80007ab8 (0x008907b3) x15 0x72a8f001
core   0: 0x80007abc (0x76cff613) andi    a2, t6, 1900
core   0: 3 0x80007abc (0x76cff613) x12 0x00000204
core   0: 0x80007ac0 (0x007c7eb3) and     t4, s8, t2
core   0: 3 0x80007ac0 (0x007c7eb3) x29 0xca020a28
core   0: 0x80007ac4 (0x01929633) sll     a2, t0, s9
core   0: 3 0x80007ac4 (0x01929633) x12 0xb809819c
core   0: 0x80007ac8 (0xd5640393) addi    t2, s0, -682
core   0: 3 0x80007ac8 (0xd5640393) x 7 0x72a8ed56
core   0: 0x80007acc (0x01581293) slli    t0, a6, 21
core   0: 3 0x80007acc (0x01581293) x 5 0x00000000
core   0: 0x80007ad0 (0x47b24f93) xori    t6, tp, 1147
core   0: 3 0x80007ad0 (0x47b24f93) x31 0x380a947b
core   0: 0x80007ad4 (0x01d43233) sltu    tp, s0, t4
core   0: 3 0x80007ad4 (0x01d43233) x 4 0x00000001
core   0: 0x80007ad8 (0x016c7a33) and     s4, s8, s6
core   0: 3 0x80007ad8 (0x016c7a33) x20 0x04827e1c
core   0: 0x80007adc (0x0186fbb3) and     s7, a3, s8
core   0: 3 0x80007adc (0x0186fbb3) x23 0x00000000
core   0: 0x80007ae0 (0x004b1bb3) sll     s7, s6, tp
core   0: 3 0x80007ae0 (0x004b1bb3) x23 0x0964fc38
core   0: 0x80007ae4 (0x86408093) addi    ra, ra, -1948
core   0: 3 0x80007ae4 (0x86408093) x 1 0x0804d864
core   0: 0x80007ae8 (0x011a91b3) sll     gp, s5, a7
core   0: 3 0x80007ae8 (0x011a91b3) x 3 0xffffff3f
core   0: 0x80007aec (0x00eeae33) slt     t3, t4, a4
core   0: 3 0x80007aec (0x00eeae33) x28 0x00000001
core   0: 0x80007af0 (0x01e77133) and     sp, a4, t5
core   0: 3 0x80007af0 (0x01e77133) x 2 0x00000000
core   0: 0x80007af4 (0xc3860493) addi    s1, a2, -968
core   0: 3 0x80007af4 (0xc3860493) x 9 0xb8097dd4
core   0: 0x80007af8 (0x01e25e93) srli    t4, tp, 30
core   0: 3 0x80007af8 (0x01e25e93) x29 0x00000000
core   0: 0x80007afc (0x1113f613) andi    a2, t2, 273
core   0: 3 0x80007afc (0x1113f613) x12 0x00000110
core   0: 0x80007b00 (0x003f03b3) add     t2, t5, gp
core   0: 3 0x80007b00 (0x003f03b3) x 7 0xffffff3f
core   0: 0x80007b04 (0x67f00693) li      a3, 1663
core   0: 3 0x80007b04 (0x67f00693) x13 0x0000067f
core   0: 0x80007b08 (0x01067db3) and     s11, a2, a6
core   0: 3 0x80007b08 (0x01067db3) x27 0x00000000
core   0: 0x80007b0c (0x011281b3) add     gp, t0, a7
core   0: 3 0x80007b0c (0x011281b3) x 3 0x00000000
core   0: 0x80007b10 (0xd90a0213) addi    tp, s4, -624
core   0: 3 0x80007b10 (0xd90a0213) x 4 0x04827bac
core   0: 0x80007b14 (0x001c61b3) or      gp, s8, ra
core   0: 3 0x80007b14 (0x001c61b3) x 3 0xffc6fe7f
core   0: 0x80007b18 (0x378de393) ori     t2, s11, 888
core   0: 3 0x80007b18 (0x378de393) x 7 0x00000378
core   0: 0x80007b1c (0xcb1f4093) xori    ra, t5, -847
core   0: 3 0x80007b1c (0xcb1f4093) x 1 0xfffffcb1
core   0: 0x80007b20 (0xbc323093) sltiu   ra, tp, -1085
core   0: 3 0x80007b20 (0xbc323093) x 1 0x00000001
core   0: 0x80007b24 (0xcf63a913) slti    s2, t2, -778
core   0: 3 0x80007b24 (0xcf63a913) x18 0x00000000
core   0: 0x80007b28 (0xf70eb613) sltiu   a2, t4, -144
core   0: 3 0x80007b28 (0xf70eb613) x12 0x00000001
core   0: 0x80007b2c (0x00b177b3) and     a5, sp, a1
core   0: 3 0x80007b2c (0x00b177b3) x15 0x00000000
core   0: 0x80007b30 (0x416dd133) sra     sp, s11, s6
core   0: 3 0x80007b30 (0x416dd133) x 2 0x00000000
core   0: 0x80007b34 (0x9bdc0813) addi    a6, s8, -1603
core   0: 3 0x80007b34 (0x9bdc0813) x16 0xffc277fc
core   0: 0x80007b38 (0x01073233) sltu    tp, a4, a6
core   0: 3 0x80007b38 (0x01073233) x 4 0x00000001
core   0: 0x80007b3c (0x007c5133) srl     sp, s8, t2
core   0: 3 0x80007b3c (0x007c5133) x 2 0x000000ff
core   0: 0x80007b40 (0x06014e13) xori    t3, sp, 96
core   0: 3 0x80007b40 (0x06014e13) x28 0x0000009f
core   0: 0x80007b44 (0x0030d213) srli    tp, ra, 3
core   0: 3 0x80007b44 (0x0030d213) x 4 0x00000000
core   0: 0x80007b48 (0x40e65cb3) sra     s9, a2, a4
core   0: 3 0x80007b48 (0x40e65cb3) x25 0x00000000
core   0: 0x80007b4c (0x418fd7b3) sra     a5, t6, s8
core   0: 3 0x80007b4c (0x418fd7b3) x15 0x00000000
core   0: 0x80007b50 (0x41efdcb3) sra     s9, t6, t5
core   0: 3 0x80007b50 (0x41efdcb3) x25 0x380a947b
core   0: 0x80007b54 (0x5679eb93) ori     s7, s3, 1383
core   0: 3 0x80007b54 (0x5679eb93) x23 0xff80056f
core   0: 0x80007b58 (0x35748b13) addi    s6, s1, 855
core   0: 3 0x80007b58 (0x35748b13) x22 0xb809812b
core   0: 0x80007b5c (0x002c07b3) add     a5, s8, sp
core   0: 3 0x80007b5c (0x002c07b3) x15 0xffc27f3e
core   0: 0x80007b60 (0x01b0e2b3) or      t0, ra, s11
core   0: 3 0x80007b60 (0x01b0e2b3) x 5 0x00000001
core   0: 0x80007b64 (0x40480233) sub     tp, a6, tp
core   0: 3 0x80007b64 (0x40480233) x 4 0xffc277fc
core   0: 0x80007b68 (0x403281b3) sub     gp, t0, gp
core   0: 3 0x80007b68 (0x403281b3) x 3 0x00390182
core   0: 0x80007b6c (0x00000013) nop
core   0: 3 0x80007b6c (0x00000013)
core   0: 0x80007b70 (0x019c7db3) and     s11, s8, s9
core   0: 3 0x80007b70 (0x019c7db3) x27 0x3802143b
core   0: 0x80007b74 (0xb854a793) slti    a5, s1, -1147
core   0: 3 0x80007b74 (0xb854a793) x15 0x00000001
core   0: 0x80007b78 (0x41095fb3) sra     t6, s2, a6
core   0: 3 0x80007b78 (0x41095fb3) x31 0x00000000
core   0: 0x80007b7c (0x00d05a33) srl     s4, zero, a3
core   0: 3 0x80007b7c (0x00d05a33) x20 0x00000000
core   0: 0x80007b80 (0x06c6c693) xori    a3, a3, 108
core   0: 3 0x80007b80 (0x06c6c693) x13 0x00000613
core   0: 0x80007b84 (0x40c35433) sra     s0, t1, a2
core   0: 3 0x80007b84 (0x40c35433) x 8 0x000e02a4
core   0: 0x80007b88 (0x01295813) srli    a6, s2, 18
core   0: 3 0x80007b88 (0x01295813) x16 0x00000000
core   0: 0x80007b8c (0x01dcc3b3) xor     t2, s9, t4
core   0: 3 0x80007b8c (0x01dcc3b3) x 7 0x380a947b
core   0: 0x80007b90 (0x0012acb3) slt     s9, t0, ra
core   0: 3 0x80007b90 (0x0012acb3) x25 0x00000000
core   0: 0x80007b94 (0x007d2433) slt     s0, s10, t2
core   0: 3 0x80007b94 (0x007d2433) x 8 0x00000001
core   0: 0x80007b98 (0x41fad293) srai    t0, s5, 31
core   0: 3 0x80007b98 (0x41fad293) x 5 0xffffffff
core   0: 0x80007b9c (0x40f25d13) srai    s10, tp, 15
core   0: 3 0x80007b9c (0x40f25d13) x26 0xffffff84
core   0: 0x80007ba0 (0xce990993) addi    s3, s2, -791
core   0: 3 0x80007ba0 (0xce990993) x19 0xfffffce9
core   0: 0x80007ba4 (0x01f91833) sll     a6, s2, t6
core   0: 3 0x80007ba4 (0x01f91833) x16 0x00000000
core   0: 0x80007ba8 (0x0127bcb3) sltu    s9, a5, s2
core   0: 3 0x80007ba8 (0x0127bcb3) x25 0x00000000
core   0: 0x80007bac (0x00000013) nop
core   0: 3 0x80007bac (0x00000013)
core   0: 0x80007bb0 (0x0106c433) xor     s0, a3, a6
core   0: 3 0x80007bb0 (0x0106c433) x 8 0x00000613
core   0: 0x80007bb4 (0x68803217) auipc   tp, 0x68803
core   0: 3 0x80007bb4 (0x68803217) x 4 0xe880abb4
core   0: 0x80007bb8 (0x00000013) nop
core   0: 3 0x80007bb8 (0x00000013)
core   0: 0x80007bbc (0x01000b33) add     s6, zero, a6
core   0: 3 0x80007bbc (0x01000b33) x22 0x00000000
core   0: 0x80007bc0 (0xf102c693) xori    a3, t0, -240
core   0: 3 0x80007bc0 (0xf102c693) x13 0x000000ef
core   0: 0x80007bc4 (0xbd92c713) xori    a4, t0, -1063
core   0: 3 0x80007bc4 (0xbd92c713) x14 0x00000426
core   0: 0x80007bc8 (0x019261b3) or      gp, tp, s9
core   0: 3 0x80007bc8 (0x019261b3) x 3 0xe880abb4
core   0: 0x80007bcc (0xd43d1c97) auipc   s9, 0xd43d1
core   0: 3 0x80007bcc (0xd43d1c97) x25 0x543d8bcc
core   0: 0x80007bd0 (0x4025da33) sra     s4, a1, sp
core   0: 3 0x80007bd0 (0x4025da33) x20 0xffffffff
core   0: 0x80007bd4 (0x40d55913) srai    s2, a0, 13
core   0: 3 0x80007bd4 (0x40d55913) x18 0xfffc000a
core   0: 0x80007bd8 (0x7f914913) xori    s2, sp, 2041
core   0: 3 0x80007bd8 (0x7f914913) x18 0x00000706
core   0: 0x80007bdc (0x01ce2e33) slt     t3, t3, t3
core   0: 3 0x80007bdc (0x01ce2e33) x28 0x00000000
core   0: 0x80007be0 (0x00000013) nop
core   0: 3 0x80007be0 (0x00000013)
core   0: 0x80007be4 (0x00934733) xor     a4, t1, s1
core   0: 3 0x80007be4 (0x00934733) x14 0xb815789c
core   0: 0x80007be8 (0x01ebcfb3) xor     t6, s7, t5
core   0: 3 0x80007be8 (0x01ebcfb3) x31 0xff80056f
core   0: 0x80007bec (0xb3faf913) andi    s2, s5, -1217
core   0: 3 0x80007bec (0xb3faf913) x18 0xfffffb3f
core   0: 0x80007bf0 (0x00923833) sltu    a6, tp, s1
core   0: 3 0x80007bf0 (0x00923833) x16 0x00000000
core   0: 0x80007bf4 (0x40fcdeb3) sra     t4, s9, a5
core   0: 3 0x80007bf4 (0x40fcdeb3) x29 0x2a1ec5e6
core   0: 0x80007bf8 (0xf2c5f913) andi    s2, a1, -212
core   0: 3 0x80007bf8 (0xf2c5f913) x18 0x80010e24
core   0: 0x80007bfc (0x7fc5ed93) ori     s11, a1, 2044
core   0: 3 0x80007bfc (0x7fc5ed93) x27 0x80010ffc
core   0: 0x80007c00 (0x009f94b3) sll     s1, t6, s1
core   0: 3 0x80007c00 (0x009f94b3) x 9 0x56f00000
core   0: 0x80007c04 (0x002032b3) snez    t0, sp
core   0: 3 0x80007c04 (0x002032b3) x 5 0x00000001
core   0: 0x80007c08 (0x0085be33) sltu    t3, a1, s0
core   0: 3 0x80007c08 (0x0085be33) x28 0x00000000
core   0: 0x80007c0c (0x80000237) lui     tp, 0x80000
core   0: 3 0x80007c0c (0x80000237) x 4 0x80000000
core   0: 0x80007c10 (0xf7494137) lui     sp, 0xf7494
core   0: 3 0x80007c10 (0xf7494137) x 2 0xf7494000
core   0: 0x80007c14 (0x1e110113) addi    sp, sp, 481
core   0: 3 0x80007c14 (0x1e110113) x 2 0xf74941e1
core   0: 0x80007c18 (0xfff00a13) li      s4, -1
core   0: 3 0x80007c18 (0xfff00a13) x20 0xffffffff
core   0: 0x80007c1c (0xfff00793) li      a5, -1
core   0: 3 0x80007c1c (0xfff00793) x15 0xffffffff
core   0: 0x80007c20 (0x00000493) li      s1, 0
core   0: 3 0x80007c20 (0x00000493) x 9 0x00000000
core   0: 0x80007c24 (0x80000937) lui     s2, 0x80000
core   0: 3 0x80007c24 (0x80000937) x18 0x80000000
core   0: 0x80007c28 (0x00000993) li      s3, 0
core   0: 3 0x80007c28 (0x00000993) x19 0x00000000
core   0: 0x80007c2c (0x800006b7) lui     a3, 0x80000
core   0: 3 0x80007c2c (0x800006b7) x13 0x80000000
core   0: 0x80007c30 (0x80000b37) lui     s6, 0x80000
core   0: 3 0x80007c30 (0x80000b37) x22 0x80000000
core   0: 0x80007c34 (0xfff00a93) li      s5, -1
core   0: 3 0x80007c34 (0xfff00a93) x21 0xffffffff
core   0: 0x80007c38 (0x00000013) nop
core   0: 3 0x80007c38 (0x00000013)
core   0: 0x80007c3c (0xdd66c697) auipc   a3, 0xdd66c
core   0: 3 0x80007c3c (0xdd66c697) x13 0x5d673c3c
core   0: 0x80007c40 (0x00000013) nop
core   0: 3 0x80007c40 (0x00000013)
core   0: 0x80007c44 (0x00fb0233) add     tp, s6, a5
core   0: 3 0x80007c44 (0x00fb0233) x 4 0x7fffffff
core   0: 0x80007c48 (0xadeec917) auipc   s2, 0xadeec
core   0: 3 0x80007c48 (0xadeec917) x18 0x2def3c48
core   0: 0x80007c4c (0x15478a13) addi    s4, a5, 340
core   0: 3 0x80007c4c (0x15478a13) x20 0x00000153
core   0: 0x80007c50 (0x40d10a33) sub     s4, sp, a3
core   0: 3 0x80007c50 (0x40d10a33) x20 0x99e205a5
core   0: 0x80007c54 (0x5dc504b7) lui     s1, 0x5dc50
core   0: 3 0x80007c54 (0x5dc504b7) x 9 0x5dc50000
core   0: 0x80007c58 (0x00d207b3) add     a5, tp, a3
core   0: 3 0x80007c58 (0x00d207b3) x15 0xdd673c3b
core   0: 0x80007c5c (0x00000013) nop
core   0: 3 0x80007c5c (0x00000013)
core   0: 0x80007c60 (0xdbde5a97) auipc   s5, 0xdbde5
core   0: 3 0x80007c60 (0xdbde5a97) x21 0x5bdecc60
core   0: 0x80007c64 (0x00000013) nop
core   0: 3 0x80007c64 (0x00000013)
core   0: 0x80007c68 (0xb0554997) auipc   s3, 0xb0554
core   0: 3 0x80007c68 (0xb0554997) x19 0x3055bc68
core   0: 0x80007c6c (0xd9278a93) addi    s5, a5, -622
core   0: 3 0x80007c6c (0xd9278a93) x21 0xdd6739cd
core   0: 0x80007c70 (0xfde90137) lui     sp, 0xfde90
core   0: 3 0x80007c70 (0xfde90137) x 2 0xfde90000
core   0: 0x80007c74 (0x46f20493) addi    s1, tp, 1135
core   0: 3 0x80007c74 (0x46f20493) x 9 0x8000046e
core   0: 0x80007c78 (0x402109b3) sub     s3, sp, sp
core   0: 3 0x80007c78 (0x402109b3) x19 0x00000000
core   0: 0x80007c7c (0x203b0493) addi    s1, s6, 515
core   0: 3 0x80007c7c (0x203b0493) x 9 0x80000203
core   0: 0x80007c80 (0x00910933) add     s2, sp, s1
core   0: 3 0x80007c80 (0x00910933) x18 0x7de90203
core   0: 0x80007c84 (0xc4826ab7) lui     s5, 0xc4826
core   0: 3 0x80007c84 (0xc4826ab7) x21 0xc4826000
core   0: 0x80007c88 (0x415a84b3) sub     s1, s5, s5
core   0: 3 0x80007c88 (0x415a84b3) x 9 0x00000000
core   0: 0x80007c8c (0xc30eb013) sltiu   zero, t4, -976
core   0: 3 0x80007c8c (0xc30eb013)
core   0: 0x80007c90 (0x3edcc493) xori    s1, s9, 1005
core   0: 3 0x80007c90 (0x3edcc493) x 9 0x543d8821
core   0: 0x80007c94 (0x41315213) srai    tp, sp, 19
core   0: 3 0x80007c94 (0x41315213) x 4 0xffffffbd
core   0: 0x80007c98 (0x00f690b3) sll     ra, a3, a5
core   0: 3 0x80007c98 (0x00f690b3) x 1 0xe0000000
core   0: 0x80007c9c (0x8f69ea13) ori     s4, s3, -1802
core   0: 3 0x80007c9c (0x8f69ea13) x20 0xfffff8f6
core   0: 0x80007ca0 (0x00f890b3) sll     ra, a7, a5
core   0: 3 0x80007ca0 (0x00f890b3) x 1 0x00000000
core   0: 0x80007ca4 (0x08647d13) andi    s10, s0, 134
core   0: 3 0x80007ca4 (0x08647d13) x26 0x00000002
core   0: 0x80007ca8 (0x39132f93) slti    t6, t1, 913
core   0: 3 0x80007ca8 (0x39132f93) x31 0x00000000
core   0: 0x80007cac (0x01233833) sltu    a6, t1, s2
core   0: 3 0x80007cac (0x01233833) x16 0x00000001
core   0: 0x80007cb0 (0x3f582193) slti    gp, a6, 1013
core   0: 3 0x80007cb0 (0x3f582193) x 3 0x00000001
core   0: 0x80007cb4 (0x41455fb3) sra     t6, a0, s4
core   0: 3 0x80007cb4 (0x41455fb3) x31 0xfffffe00
core   0: 0x80007cb8 (0x01344ab3) xor     s5, s0, s3
core   0: 3 0x80007cb8 (0x01344ab3) x21 0x00000613
core   0: 0x80007cbc (0x01888333) add     t1, a7, s8
core   0: 3 0x80007cbc (0x01888333) x 6 0xffc27e3f
core   0: 0x80007cc0 (0x00f91133) sll     sp, s2, a5
core   0: 3 0x80007cc0 (0x00f91133) x 2 0x18000000
core   0: 0x80007cc4 (0x00fe0733) add     a4, t3, a5
core   0: 3 0x80007cc4 (0x00fe0733) x14 0xdd673c3b
core   0: 0x80007cc8 (0x8c4d6137) lui     sp, 0x8c4d6
core   0: 3 0x80007cc8 (0x8c4d6137) x 2 0x8c4d6000
core   0: 0x80007ccc (0xaf614413) xori    s0, sp, -1290
core   0: 3 0x80007ccc (0xaf614413) x 8 0x73b29af6
core   0: 0x80007cd0 (0x06f62d93) slti    s11, a2, 111
core   0: 3 0x80007cd0 (0x06f62d93) x27 0x00000001
core   0: 0x80007cd4 (0x01f45013) srli    zero, s0, 31
core   0: 3 0x80007cd4 (0x01f45013)
core   0: 0x80007cd8 (0x90e2b813) sltiu   a6, t0, -1778
core   0: 3 0x80007cd8 (0x90e2b813) x16 0x00000001
core   0: 0x80007cdc (0xd6d0e897) auipc   a7, 0xd6d0e
core   0: 3 0x80007cdc (0xd6d0e897) x17 0x56d15cdc
core   0: 0x80007ce0 (0x00ff1993) slli    s3, t5, 15
core   0: 3 0x80007ce0 (0x00ff1993) x19 0x00000000
core   0: 0x80007ce4 (0xa6a4e793) ori     a5, s1, -1430
core   0: 3 0x80007ce4 (0xa6a4e793) x15 0xfffffa6b
core   0: 0x80007ce8 (0x405880b3) sub     ra, a7, t0
core   0: 3 0x80007ce8 (0x405880b3) x 1 0x56d15cdb
core   0: 0x80007cec (0x00bdd893) srli    a7, s11, 11
core   0: 3 0x80007cec (0x00bdd893) x17 0x00000000
core   0: 0x80007cf0 (0x000bca33) xor     s4, s7, zero
core   0: 3 0x80007cf0 (0x000bca33) x20 0xff80056f
core   0: 0x80007cf4 (0x00d2b633) sltu    a2, t0, a3
core   0: 3 0x80007cf4 (0x00d2b633) x12 0x00000001
core   0: 0x80007cf8 (0x00000013) nop
core   0: 3 0x80007cf8 (0x00000013)
core   0: 0x80007cfc (0x00237ab3) and     s5, t1, sp
core   0: 3 0x80007cfc (0x00237ab3) x21 0x8c406000
core   0: 0x80007d00 (0x00000013) nop
core   0: 3 0x80007d00 (0x00000013)
core   0: 0x80007d04 (0x013c5313) srli    t1, s8, 19
core   0: 3 0x80007d04 (0x013c5313) x 6 0x00001ff8
core   0: 0x80007d08 (0x01ef5293) srli    t0, t5, 30
core   0: 3 0x80007d08 (0x01ef5293) x 5 0x00000000
core   0: 0x80007d0c (0x4183d993) srai    s3, t2, 24
core   0: 3 0x80007d0c (0x4183d993) x19 0x00000038
core   0: 0x80007d10 (0x59251237) lui     tp, 0x59251
core   0: 3 0x80007d10 (0x59251237) x 4 0x59251000
core   0: 0x80007d14 (0x44c47f13) andi    t5, s0, 1100
core   0: 3 0x80007d14 (0x44c47f13) x30 0x00000044
core   0: 0x80007d18 (0x00bc9813) slli    a6, s9, 11
core   0: 3 0x80007d18 (0x00bc9813) x16 0xec5e6000
core   0: 0x80007d1c (0x01d3d893) srli    a7, t2, 29
core   0: 3 0x80007d1c (0x01d3d893) x17 0x00000001
core   0: 0x80007d20 (0x00b33093) sltiu   ra, t1, 11
core   0: 3 0x80007d20 (0x00b33093) x 1 0x00000000
core   0: 0x80007d24 (0x371c2913) slti    s2, s8, 881
core   0: 3 0x80007d24 (0x371c2913) x18 0x00000001
core   0: 0x80007d28 (0x00728d33) add     s10, t0, t2
core   0: 3 0x80007d28 (0x00728d33) x26 0x380a947b
core   0: 0x80007d2c (0x00889b13) slli    s6, a7, 8
core   0: 3 0x80007d2c (0x00889b13) x22 0x00000100
core   0: 0x80007d30 (0x0197a133) slt     sp, a5, s9
core   0: 3 0x80007d30 (0x0197a133) x 2 0x00000001
core   0: 0x80007d34 (0x41eb0d33) sub     s10, s6, t5
core   0: 3 0x80007d34 (0x41eb0d33) x26 0x000000bc
core   0: 0x80007d38 (0x00f2cd33) xor     s10, t0, a5
core   0: 3 0x80007d38 (0x00f2cd33) x26 0xfffffa6b
core   0: 0x80007d3c (0x00000013) nop
core   0: 3 0x80007d3c (0x00000013)
core   0: 0x80007d40 (0x01db5933) srl     s2, s6, t4
core   0: 3 0x80007d40 (0x01db5933) x18 0x00000004
core   0: 0x80007d44 (0x41ee5f33) sra     t5, t3, t5
core   0: 3 0x80007d44 (0x41ee5f33) x30 0x00000000
core   0: 0x80007d48 (0x41bfd693) srai    a3, t6, 27
core   0: 3 0x80007d48 (0x41bfd693) x13 0xffffffff
core   0: 0x80007d4c (0x9d587e93) andi    t4, a6, -1579
core   0: 3 0x80007d4c (0x9d587e93) x29 0xec5e6000
core   0: 0x80007d50 (0x186eed37) lui     s10, 0x186ee
core   0: 3 0x80007d50 (0x186eed37) x26 0x186ee000
core   0: 0x80007d54 (0x00ab1e93) slli    t4, s6, 10
core   0: 3 0x80007d54 (0x00ab1e93) x29 0x00040000
core   0: 0x80007d58 (0x0016b233) sltu    tp, a3, ra
core   0: 3 0x80007d58 (0x0016b233) x 4 0x00000000
core   0: 0x80007d5c (0x67e8ed37) lui     s10, 0x67e8e
core   0: 3 0x80007d5c (0x67e8ed37) x26 0x67e8e000
core   0: 0x80007d60 (0x011c7333) and     t1, s8, a7
core   0: 3 0x80007d60 (0x011c7333) x 6 0x00000001
core   0: 0x80007d64 (0x0137b3b3) sltu    t2, a5, s3
core   0: 3 0x80007d64 (0x0137b3b3) x 7 0x00000000
core   0: 0x80007d68 (0x00ee7cb3) and     s9, t3, a4
core   0: 3 0x80007d68 (0x00ee7cb3) x25 0x00000000
core   0: 0x80007d6c (0x31130193) addi    gp, t1, 785
core   0: 3 0x80007d6c (0x31130193) x 3 0x00000312
core   0: 0x80007d70 (0x01f14033) xor     zero, sp, t6
core   0: 3 0x80007d70 (0x01f14033)
core   0: 0x80007d74 (0x01ee2fb3) slt     t6, t3, t5
core   0: 3 0x80007d74 (0x01ee2fb3) x31 0x00000000
core   0: 0x80007d78 (0x01b00033) add     zero, zero, s11
core   0: 3 0x80007d78 (0x01b00033)
core   0: 0x80007d7c (0x85ad2a93) slti    s5, s10, -1958
core   0: 3 0x80007d7c (0x85ad2a93) x21 0x00000000
core   0: 0x80007d80 (0x0108c133) xor     sp, a7, a6
core   0: 3 0x80007d80 (0x0108c133) x 2 0xec5e6001
core   0: 0x80007d84 (0x009f68b3) or      a7, t5, s1
core   0: 3 0x80007d84 (0x009f68b3) x17 0x543d8821
core   0: 0x80007d88 (0x4960ff13) andi    t5, ra, 1174
core   0: 3 0x80007d88 (0x4960ff13) x30 0x00000000
core   0: 0x80007d8c (0x0007d393) srli    t2, a5, 0
core   0: 3 0x80007d8c (0x0007d393) x 7 0xfffffa6b
core   0: 0x80007d90 (0x00ef3bb3) sltu    s7, t5, a4
core   0: 3 0x80007d90 (0x00ef3bb3) x23 0x00000001
core   0: 0x80007d94 (0x016423b3) slt     t2, s0, s6
core   0: 3 0x80007d94 (0x016423b3) x 7 0x00000000
core   0: 0x80007d98 (0x01375813) srli    a6, a4, 19
core   0: 3 0x80007d98 (0x01375813) x16 0x00001bac
core   0: 0x80007d9c (0xe97fcab7) lui     s5, 0xe97fc
core   0: 3 0x80007d9c (0xe97fcab7) x21 0xe97fc000
core   0: 0x80007da0 (0x00000013) nop
core   0: 3 0x80007da0 (0x00000013)
core   0: 0x80007da4 (0x016604b3) add     s1, a2, s6
core   0: 3 0x80007da4 (0x016604b3) x 9 0x00000101
core   0: 0x80007da8 (0x40a25713) srai    a4, tp, 10
core   0: 3 0x80007da8 (0x40a25713) x14 0x00000000
core   0: 0x80007dac (0x40668cb3) sub     s9, a3, t1
core   0: 3 0x80007dac (0x40668cb3) x25 0xfffffffe
core   0: 0x80007db0 (0xd0f1f193) andi    gp, gp, -753
core   0: 3 0x80007db0 (0xd0f1f193) x 3 0x00000102
core   0: 0x80007db4 (0x01763e33) sltu    t3, a2, s7
core   0: 3 0x80007db4 (0x01763e33) x28 0x00000000
core   0: 0x80007db8 (0x003adab3) srl     s5, s5, gp
core   0: 3 0x80007db8 (0x003adab3) x21 0x3a5ff000
core   0: 0x80007dbc (0x01ba9033) sll     zero, s5, s11
core   0: 3 0x80007dbc (0x01ba9033)
core   0: 0x80007dc0 (0x01d6d433) srl     s0, a3, t4
core   0: 3 0x80007dc0 (0x01d6d433) x 8 0xffffffff
core   0: 0x80007dc4 (0x014886b3) add     a3, a7, s4
core   0: 3 0x80007dc4 (0x014886b3) x13 0x53bd8d90
core   0: 0x80007dc8 (0x00de5913) srli    s2, t3, 13
core   0: 3 0x80007dc8 (0x00de5913) x18 0x00000000
core   0: 0x80007dcc (0x019a6033) or      zero, s4, s9
core   0: 3 0x80007dcc (0x019a6033)
core   0: 0x80007dd0 (0x00000013) nop
core   0: 3 0x80007dd0 (0x00000013)
core   0: 0x80007dd4 (0x75f2e913) ori     s2, t0, 1887
core   0: 3 0x80007dd4 (0x75f2e913) x18 0x0000075f
core   0: 0x80007dd8 (0x00e50a33) add     s4, a0, a4
core   0: 3 0x80007dd8 (0x00e50a33) x20 0x80014ce4
core   0: 0x80007ddc (0x40f9d193) srai    gp, s3, 15
core   0: 3 0x80007ddc (0x40f9d193) x 3 0x00000000
core   0: 0x80007de0 (0x7f057a93) andi    s5, a0, 2032
core   0: 3 0x80007de0 (0x7f057a93) x21 0x000004e0
core   0: 0x80007de4 (0x007c9113) slli    sp, s9, 7
core   0: 3 0x80007de4 (0x007c9113) x 2 0xffffff00
core   0: 0x80007de8 (0x016b7a33) and     s4, s6, s6
core   0: 3 0x80007de8 (0x016b7a33) x20 0x00000100
core   0: 0x80007dec (0x00241f33) sll     t5, s0, sp
core   0: 3 0x80007dec (0x00241f33) x30 0xffffffff
core   0: 0x80007df0 (0x01b71993) slli    s3, a4, 27
core   0: 3 0x80007df0 (0x01b71993) x19 0x00000000
core   0: 0x80007df4 (0x00000013) nop
core   0: 3 0x80007df4 (0x00000013)
core   0: 0x80007df8 (0xe8dd4213) xori    tp, s10, -371
core   0: 3 0x80007df8 (0xe8dd4213) x 4 0x98171e8d
core   0: 0x80007dfc (0x01c89433) sll     s0, a7, t3
core   0: 3 0x80007dfc (0x01c89433) x 8 0x543d8821
core   0: 0x80007e00 (0x00249eb3) sll     t4, s1, sp
core   0: 3 0x80007e00 (0x00249eb3) x29 0x00000101
core   0: 0x80007e04 (0x00b3bb33) sltu    s6, t2, a1
core   0: 3 0x80007e04 (0x00b3bb33) x22 0x00000001
core   0: 0x80007e08 (0x00c9e4b3) or      s1, s3, a2
core   0: 3 0x80007e08 (0x00c9e4b3) x 9 0x00000001
core   0: 0x80007e0c (0x7d7fb493) sltiu   s1, t6, 2007
core   0: 3 0x80007e0c (0x7d7fb493) x 9 0x00000001
core   0: 0x80007e10 (0xbde15c97) auipc   s9, 0xbde15
core   0: 3 0x80007e10 (0xbde15c97) x25 0x3de1ce10
core   0: 0x80007e14 (0x411b5bb3) sra     s7, s6, a7
core   0: 3 0x80007e14 (0x411b5bb3) x23 0x00000000
core   0: 0x80007e18 (0x7a22eb13) ori     s6, t0, 1954
core   0: 3 0x80007e18 (0x7a22eb13) x22 0x000007a2
core   0: 0x80007e1c (0x005347b3) xor     a5, t1, t0
core   0: 3 0x80007e1c (0x005347b3) x15 0x00000001
core   0: 0x80007e20 (0x40a95813) srai    a6, s2, 10
core   0: 3 0x80007e20 (0x40a95813) x16 0x00000001
core   0: 0x80007e24 (0x00000013) nop
core   0: 3 0x80007e24 (0x00000013)
core   0: 0x80007e28 (0x2f4df997) auipc   s3, 0x2f4df
core   0: 3 0x80007e28 (0x2f4df997) x19 0xaf4e6e28
core   0: 0x80007e2c (0x419d5813) srai    a6, s10, 25
core   0: 3 0x80007e2c (0x419d5813) x16 0x00000033
core   0: 0x80007e30 (0x011531b3) sltu    gp, a0, a7
core   0: 3 0x80007e30 (0x011531b3) x 3 0x00000000
core   0: 0x80007e34 (0x0118d233) srl     tp, a7, a7
core   0: 3 0x80007e34 (0x0118d233) x 4 0x2a1ec410
core   0: 0x80007e38 (0x417d59b3) sra     s3, s10, s7
core   0: 3 0x80007e38 (0x417d59b3) x19 0x67e8e000
core   0: 0x80007e3c (0x011cb8b3) sltu    a7, s9, a7
core   0: 3 0x80007e3c (0x011cb8b3) x17 0x00000001
core   0: 0x80007e40 (0x7be22cb7) lui     s9, 0x7be22
core   0: 3 0x80007e40 (0x7be22cb7) x25 0x7be22000
core   0: 0x80007e44 (0x006650b3) srl     ra, a2, t1
core   0: 3 0x80007e44 (0x006650b3) x 1 0x00000000
core   0: 0x80007e48 (0x8105a793) slti    a5, a1, -2032
core   0: 3 0x80007e48 (0x8105a793) x15 0x00000001
core   0: 0x80007e4c (0x718e0f13) addi    t5, t3, 1816
core   0: 3 0x80007e4c (0x718e0f13) x30 0x00000718
core   0: 0x80007e50 (0x00000013) nop
core   0: 3 0x80007e50 (0x00000013)
core   0: 0x80007e54 (0x00000013) nop
core   0: 3 0x80007e54 (0x00000013)
core   0: 0x80007e58 (0x00796b33) or      s6, s2, t2
core   0: 3 0x80007e58 (0x00796b33) x22 0x0000075f
core   0: 0x80007e5c (0x01ad7b33) and     s6, s10, s10
core   0: 3 0x80007e5c (0x01ad7b33) x22 0x67e8e000
core   0: 0x80007e60 (0x4739a117) auipc   sp, 0x4739a
core   0: 3 0x80007e60 (0x4739a117) x 2 0xc73a1e60
core   0: 0x80007e64 (0x00e3d7b3) srl     a5, t2, a4
core   0: 3 0x80007e64 (0x00e3d7b3) x15 0x00000000
core   0: 0x80007e68 (0x6f27ae93) slti    t4, a5, 1778
core   0: 3 0x80007e68 (0x6f27ae93) x29 0x00000001
core   0: 0x80007e6c (0xe5f22f13) slti    t5, tp, -417
core   0: 3 0x80007e6c (0xe5f22f13) x30 0x00000000
core   0: 0x80007e70 (0x01621193) slli    gp, tp, 22
core   0: 3 0x80007e70 (0x01621193) x 3 0x04000000
core   0: 0x80007e74 (0x012c7db3) and     s11, s8, s2
core   0: 3 0x80007e74 (0x012c7db3) x27 0x0000061f
core   0: 0x80007e78 (0xe21f4493) xori    s1, t5, -479
core   0: 3 0x80007e78 (0xe21f4493) x 9 0xfffffe21
core   0: 0x80007e7c (0x00779bb3) sll     s7, a5, t2
core   0: 3 0x80007e7c (0x00779bb3) x23 0x00000000
core   0: 0x80007e80 (0x40fb5113) srai    sp, s6, 15
core   0: 3 0x80007e80 (0x40fb5113) x 2 0x0000cfd1
core   0: 0x80007e84 (0x00c64bb3) xor     s7, a2, a2
core   0: 3 0x80007e84 (0x00c64bb3) x23 0x00000000
core   0: 0x80007e88 (0x41915813) srai    a6, sp, 25
core   0: 3 0x80007e88 (0x41915813) x16 0x00000000
core   0: 0x80007e8c (0x01b59f93) slli    t6, a1, 27
core   0: 3 0x80007e8c (0x01b59f93) x31 0x20000000
core   0: 0x80007e90 (0x012fb4b3) sltu    s1, t6, s2
core   0: 3 0x80007e90 (0x012fb4b3) x 9 0x00000000
core   0: 0x80007e94 (0x01dd1433) sll     s0, s10, t4
core   0: 3 0x80007e94 (0x01dd1433) x 8 0xcfd1c000
core   0: 0x80007e98 (0x0038b433) sltu    s0, a7, gp
core   0: 3 0x80007e98 (0x0038b433) x 8 0x00000001
core   0: 0x80007e9c (0x754e71b7) lui     gp, 0x754e7
core   0: 3 0x80007e9c (0x754e71b7) x 3 0x754e7000
core   0: 0x80007ea0 (0x01d6efb3) or      t6, a3, t4
core   0: 3 0x80007ea0 (0x01d6efb3) x31 0x53bd8d91
core   0: 0x80007ea4 (0x00b78133) add     sp, a5, a1
core   0: 3 0x80007ea4 (0x00b78133) x 2 0x80010e64
core   0: 0x80007ea8 (0x0117ae33) slt     t3, a5, a7
core   0: 3 0x80007ea8 (0x0117ae33) x28 0x00000001
core   0: 0x80007eac (0xf057fc93) andi    s9, a5, -251
core   0: 3 0x80007eac (0xf057fc93) x25 0x00000000
core   0: 0x80007eb0 (0x40a056b3) sra     a3, zero, a0
core   0: 3 0x80007eb0 (0x40a056b3) x13 0x00000000
core   0: 0x80007eb4 (0x418ed293) srai    t0, t4, 24
core   0: 3 0x80007eb4 (0x418ed293) x 5 0x00000000
core   0: 0x80007eb8 (0x00000013) nop
core   0: 3 0x80007eb8 (0x00000013)
core   0: 0x80007ebc (0x00fb73b3) and     t2, s6, a5
core   0: 3 0x80007ebc (0x00fb73b3) x 7 0x00000000
core   0: 0x80007ec0 (0x01e99cb3) sll     s9, s3, t5
core   0: 3 0x80007ec0 (0x01e99cb3) x25 0x67e8e000
core   0: 0x80007ec4 (0x40ba0e33) sub     t3, s4, a1
core   0: 3 0x80007ec4 (0x40ba0e33) x28 0x7ffef29c
core   0: 0x80007ec8 (0x005aea33) or      s4, s5, t0
core   0: 3 0x80007ec8 (0x005aea33) x20 0x000004e0
core   0: 0x80007ecc (0x00000013) nop
core   0: 3 0x80007ecc (0x00000013)
core   0: 0x80007ed0 (0x01413e33) sltu    t3, sp, s4
core   0: 3 0x80007ed0 (0x01413e33) x28 0x00000000
core   0: 0x80007ed4 (0x40558db3) sub     s11, a1, t0
core   0: 3 0x80007ed4 (0x40558db3) x27 0x80010e64
core   0: 0x80007ed8 (0x00000013) nop
core   0: 3 0x80007ed8 (0x00000013)
core   0: 0x80007edc (0x00d41f93) slli    t6, s0, 13
core   0: 3 0x80007edc (0x00d41f93) x31 0x00002000
core   0: 0x80007ee0 (0x11353793) sltiu   a5, a0, 275
core   0: 3 0x80007ee0 (0x11353793) x15 0x00000000
core   0: 0x80007ee4 (0x00f45933) srl     s2, s0, a5
core   0: 3 0x80007ee4 (0x00f45933) x18 0x00000001
core   0: 0x80007ee8 (0x00000013) nop
core   0: 3 0x80007ee8 (0x00000013)
core   0: 0x80007eec (0xce402d13) slti    s10, zero, -796
core   0: 3 0x80007eec (0xce402d13) x26 0x00000000
core   0: 0x80007ef0 (0x30a4ca93) xori    s5, s1, 778
core   0: 3 0x80007ef0 (0x30a4ca93) x21 0x0000030a
core   0: 0x80007ef4 (0xc8a3ae37) lui     t3, 0xc8a3a
core   0: 3 0x80007ef4 (0xc8a3ae37) x28 0xc8a3a000
core   0: 0x80007ef8 (0x41bb82b3) sub     t0, s7, s11
core   0: 3 0x80007ef8 (0x41bb82b3) x 5 0x7ffef19c
core   0: 0x80007efc (0x00000013) nop
core   0: 3 0x80007efc (0x00000013)
core   0: 0x80007f00 (0x7b01f217) auipc   tp, 0x7b01f
core   0: 3 0x80007f00 (0x7b01f217) x 4 0xfb026f00
core   0: 0x80007f04 (0x005083b3) add     t2, ra, t0
core   0: 3 0x80007f04 (0x005083b3) x 7 0x7ffef19c
core   0: 0x80007f08 (0x0180d7b3) srl     a5, ra, s8
core   0: 3 0x80007f08 (0x0180d7b3) x15 0x00000000
core   0: 0x80007f0c (0x413d09b3) sub     s3, s10, s3
core   0: 3 0x80007f0c (0x413d09b3) x19 0x98172000
core   0: 0x80007f10 (0xb8b5b337) lui     t1, 0xb8b5b
core   0: 3 0x80007f10 (0xb8b5b337) x 6 0xb8b5b000
core   0: 0x80007f14 (0x01f6da13) srli    s4, a3, 31
core   0: 3 0x80007f14 (0x01f6da13) x20 0x00000000
core   0: 0x80007f18 (0xa8bd0d13) addi    s10, s10, -1397
core   0: 3 0x80007f18 (0xa8bd0d13) x26 0xfffffa8b
core   0: 0x80007f1c (0xf907b613) sltiu   a2, a5, -112
core   0: 3 0x80007f1c (0xf907b613) x12 0x00000001
core   0: 0x80007f20 (0x0045ebb3) or      s7, a1, tp
core   0: 3 0x80007f20 (0x0045ebb3) x23 0xfb036f64
core   0: 0x80007f24 (0x014f7ab3) and     s5, t5, s4
core   0: 3 0x80007f24 (0x014f7ab3) x21 0x00000000
core   0: 0x80007f28 (0x01c67633) and     a2, a2, t3
core   0: 3 0x80007f28 (0x01c67633) x12 0x00000000
core   0: 0x80007f2c (0x04777d13) andi    s10, a4, 71
core   0: 3 0x80007f2c (0x04777d13) x26 0x00000000
core   0: 0x80007f30 (0x01ad1ab3) sll     s5, s10, s10
core   0: 3 0x80007f30 (0x01ad1ab3) x21 0x00000000
core   0: 0x80007f34 (0xa6e10293) addi    t0, sp, -1426
core   0: 3 0x80007f34 (0xa6e10293) x 5 0x800108d2
core   0: 0x80007f38 (0x01bcdb13) srli    s6, s9, 27
core   0: 3 0x80007f38 (0x01bcdb13) x22 0x0000000c
core   0: 0x80007f3c (0x81bcc993) xori    s3, s9, -2021
core   0: 3 0x80007f3c (0x81bcc993) x19 0x9817181b
core   0: 0x80007f40 (0x00f51033) sll     zero, a0, a5
core   0: 3 0x80007f40 (0x00f51033)
core   0: 0x80007f44 (0x009f9893) slli    a7, t6, 9
core   0: 3 0x80007f44 (0x009f9893) x17 0x00400000
core   0: 0x80007f48 (0x01b72333) slt     t1, a4, s11
core   0: 3 0x80007f48 (0x01b72333) x 6 0x00000000
core   0: 0x80007f4c (0xcb26c813) xori    a6, a3, -846
core   0: 3 0x80007f4c (0xcb26c813) x16 0xfffffcb2
core   0: 0x80007f50 (0x00000013) nop
core   0: 3 0x80007f50 (0x00000013)
core   0: 0x80007f54 (0x41665333) sra     t1, a2, s6
core   0: 3 0x80007f54 (0x41665333) x 6 0x00000000
core   0: 0x80007f58 (0x41dddb33) sra     s6, s11, t4
core   0: 3 0x80007f58 (0x41dddb33) x22 0xc0008732
core   0: 0x80007f5c (0x00215b13) srli    s6, sp, 2
core   0: 3 0x80007f5c (0x00215b13) x22 0x20004399
core   0: 0x80007f60 (0x41eed333) sra     t1, t4, t5
core   0: 3 0x80007f60 (0x41eed333) x 6 0x00000001
core   0: 0x80007f64 (0x4076d413) srai    s0, a3, 7
core   0: 3 0x80007f64 (0x4076d413) x 8 0x00000000
core   0: 0x80007f68 (0x015a7bb3) and     s7, s4, s5
core   0: 3 0x80007f68 (0x015a7bb3) x23 0x00000000
core   0: 0x80007f6c (0x00eb0333) add     t1, s6, a4
core   0: 3 0x80007f6c (0x00eb0333) x 6 0x20004399
core   0: 0x80007f70 (0x01e8e0b3) or      ra, a7, t5
core   0: 3 0x80007f70 (0x01e8e0b3) x 1 0x00400000
core   0: 0x80007f74 (0x4002d313) srai    t1, t0, 0
core   0: 3 0x80007f74 (0x4002d313) x 6 0x800108d2
core   0: 0x80007f78 (0x1afb3f93) sltiu   t6, s6, 431
core   0: 3 0x80007f78 (0x1afb3f93) x31 0x00000000
core   0: 0x80007f7c (0x01899193) slli    gp, s3, 24
core   0: 3 0x80007f7c (0x01899193) x 3 0x1b000000
core   0: 0x80007f80 (0x01a1ddb3) srl     s11, gp, s10
core   0: 3 0x80007f80 (0x01a1ddb3) x27 0x1b000000
core   0: 0x80007f84 (0x0065c0b3) xor     ra, a1, t1
core   0: 3 0x80007f84 (0x0065c0b3) x 1 0x000006b6
core   0: 0x80007f88 (0x159ccd37) lui     s10, 0x159cc
core   0: 3 0x80007f88 (0x159ccd37) x26 0x159cc000
core   0: 0x80007f8c (0x3375c493) xori    s1, a1, 823
core   0: 3 0x80007f8c (0x3375c493) x 9 0x80010d53
core   0: 0x80007f90 (0x776c4813) xori    a6, s8, 1910
core   0: 3 0x80007f90 (0x776c4813) x16 0xffc27949
core   0: 0x80007f94 (0x59596813) ori     a6, s2, 1429
core   0: 3 0x80007f94 (0x59596813) x16 0x00000595
core   0: 0x80007f98 (0x0113d8b3) srl     a7, t2, a7
core   0: 3 0x80007f98 (0x0113d8b3) x17 0x7ffef19c
core   0: 0x80007f9c (0x4da83b13) sltiu   s6, a6, 1242
core   0: 3 0x80007f9c (0x4da83b13) x22 0x00000000
core   0: 0x80007fa0 (0xa5728193) addi    gp, t0, -1449
core   0: 3 0x80007fa0 (0xa5728193) x 3 0x80010329
core   0: 0x80007fa4 (0x83c9ce13) xori    t3, s3, -1988
core   0: 3 0x80007fa4 (0x83c9ce13) x28 0x67e8e027
core   0: 0x80007fa8 (0xfff00913) li      s2, -1
core   0: 3 0x80007fa8 (0xfff00913) x18 0xffffffff
core   0: 0x80007fac (0x00000f13) li      t5, 0
core   0: 3 0x80007fac (0x00000f13) x30 0x00000000
core   0: 0x80007fb0 (0xfff00693) li      a3, -1
core   0: 3 0x80007fb0 (0xfff00693) x13 0xffffffff
core   0: 0x80007fb4 (0x800007b7) lui     a5, 0x80000
core   0: 3 0x80007fb4 (0x800007b7) x15 0x80000000
core   0: 0x80007fb8 (0xfff00e13) li      t3, -1
core   0: 3 0x80007fb8 (0xfff00e13) x28 0xffffffff
core   0: 0x80007fbc (0x80000fb7) lui     t6, 0x80000
core   0: 3 0x80007fbc (0x80000fb7) x31 0x80000000
core   0: 0x80007fc0 (0x0c5042b7) lui     t0, 0xc504
core   0: 3 0x80007fc0 (0x0c5042b7) x 5 0x0c504000
core   0: 0x80007fc4 (0xb1a28293) addi    t0, t0, -1254
core   0: 3 0x80007fc4 (0xb1a28293) x 5 0x0c503b1a
core   0: 0x80007fc8 (0x00000493) li      s1, 0
core   0: 3 0x80007fc8 (0x00000493) x 9 0x00000000
core   0: 0x80007fcc (0xfff00e93) li      t4, -1
core   0: 3 0x80007fcc (0xfff00e93) x29 0xffffffff
core   0: 0x80007fd0 (0x00000a13) li      s4, 0
core   0: 3 0x80007fd0 (0x00000a13) x20 0x00000000
core   0: 0x80007fd4 (0xfbdd2917) auipc   s2, 0xfbdd2
core   0: 3 0x80007fd4 (0xfbdd2917) x18 0x7bdd9fd4
core   0: 0x80007fd8 (0x00000013) nop
core   0: 3 0x80007fd8 (0x00000013)
core   0: 0x80007fdc (0x40ff07b3) sub     a5, t5, a5
core   0: 3 0x80007fdc (0x40ff07b3) x15 0x80000000
core   0: 0x80007fe0 (0x41ca0933) sub     s2, s4, t3
core   0: 3 0x80007fe0 (0x41ca0933) x18 0x00000001
core   0: 0x80007fe4 (0x40d78fb3) sub     t6, a5, a3
core   0: 3 0x80007fe4 (0x40d78fb3) x31 0x80000001
core   0: 0x80007fe8 (0x014f8933) add     s2, t6, s4
core   0: 3 0x80007fe8 (0x014f8933) x18 0x80000001
core   0: 0x80007fec (0x40da0a33) sub     s4, s4, a3
core   0: 3 0x80007fec (0x40da0a33) x20 0x00000001
core   0: 0x80007ff0 (0x093946b7) lui     a3, 0x9394
core   0: 3 0x80007ff0 (0x093946b7) x13 0x09394000
core   0: 0x80007ff4 (0x9a8f9f37) lui     t5, 0x9a8f9
core   0: 3 0x80007ff4 (0x9a8f9f37) x30 0x9a8f9000
core   0: 0x80007ff8 (0xbb4f4297) auipc   t0, 0xbb4f4
core   0: 3 0x80007ff8 (0xbb4f4297) x 5 0x3b4fbff8
core   0: 0x80007ffc (0x69b90913) addi    s2, s2, 1691
core   0: 3 0x80007ffc (0x69b90913) x18 0x8000069c
core   0: 0x80008000 (0x409904b3) sub     s1, s2, s1
core   0: 3 0x80008000 (0x409904b3) x 9 0x8000069c
core   0: 0x80008004 (0x01c907b3) add     a5, s2, t3
core   0: 3 0x80008004 (0x01c907b3) x15 0x8000069b
core   0: 0x80008008 (0x01d78f33) add     t5, a5, t4
core   0: 3 0x80008008 (0x01d78f33) x30 0x8000069a
core   0: 0x8000800c (0x00000013) nop
core   0: 3 0x8000800c (0x00000013)
core   0: 0x80008010 (0x01cf0eb3) add     t4, t5, t3
core   0: 3 0x80008010 (0x01cf0eb3) x29 0x80000699
core   0: 0x80008014 (0x0065d4b7) lui     s1, 0x65d
core   0: 3 0x80008014 (0x0065d4b7) x 9 0x0065d000
core   0: 0x80008018 (0x00000013) nop
core   0: 3 0x80008018 (0x00000013)
core   0: 0x8000801c (0x873a97b7) lui     a5, 0x873a9
core   0: 3 0x8000801c (0x873a97b7) x15 0x873a9000
core   0: 0x80008020 (0x409284b3) sub     s1, t0, s1
core   0: 3 0x80008020 (0x409284b3) x 9 0x3ae9eff8
core   0: 0x80008024 (0xc0c68f93) addi    t6, a3, -1012
core   0: 3 0x80008024 (0xc0c68f93) x31 0x09393c0c
core   0: 0x80008028 (0x41f90933) sub     s2, s2, t6
core   0: 3 0x80008028 (0x41f90933) x18 0x76c6ca90
core   0: 0x8000802c (0x9cb48f93) addi    t6, s1, -1589
core   0: 3 0x8000802c (0x9cb48f93) x31 0x3ae9e9c3
core   0: 0x80008030 (0x40578fb3) sub     t6, a5, t0
core   0: 3 0x80008030 (0x40578fb3) x31 0x4bead008
core   0: 0x80008034 (0x415851b3) sra     gp, a6, s5
core   0: 3 0x80008034 (0x415851b3) x 3 0x00000595
core   0: 0x80008038 (0xdae6f193) andi    gp, a3, -594
core   0: 3 0x80008038 (0xdae6f193) x 3 0x09394000
core   0: 0x8000803c (0x0011f7b3) and     a5, gp, ra
core   0: 3 0x8000803c (0x0011f7b3) x15 0x00000000
core   0: 0x80008040 (0x401cde13) srai    t3, s9, 1
core   0: 3 0x80008040 (0x401cde13) x28 0x33f47000
core   0: 0x80008044 (0x417b87b3) sub     a5, s7, s7
core   0: 3 0x80008044 (0x417b87b3) x15 0x00000000
core   0: 0x80008048 (0x00000013) nop
core   0: 3 0x80008048 (0x00000013)
core   0: 0x8000804c (0x40775733) sra     a4, a4, t2
core   0: 3 0x8000804c (0x40775733) x14 0x00000000
core   0: 0x80008050 (0x00000013) nop
core   0: 3 0x80008050 (0x00000013)
core   0: 0x80008054 (0x9701f1b7) lui     gp, 0x9701f
core   0: 3 0x80008054 (0x9701f1b7) x 3 0x9701f000
core   0: 0x80008058 (0x9ce9c797) auipc   a5, 0x9ce9c
core   0: 3 0x80008058 (0x9ce9c797) x15 0x1cea4058
core   0: 0x8000805c (0x20d57393) andi    t2, a0, 525
core   0: 3 0x8000805c (0x20d57393) x 7 0x00000004
core   0: 0x80008060 (0xd2687a93) andi    s5, a6, -730
core   0: 3 0x80008060 (0xd2687a93) x21 0x00000504
core   0: 0x80008064 (0x00000013) nop
core   0: 3 0x80008064 (0x00000013)
core   0: 0x80008068 (0x01fab033) sltu    zero, s5, t6
core   0: 3 0x80008068 (0x01fab033)
core   0: 0x8000806c (0x0eadf613) andi    a2, s11, 234
core   0: 3 0x8000806c (0x0eadf613) x12 0x00000000
core   0: 0x80008070 (0x406c5b33) sra     s6, s8, t1
core   0: 3 0x80008070 (0x406c5b33) x22 0xfffffff0
core   0: 0x80008074 (0x9c1b6d13) ori     s10, s6, -1599
core   0: 3 0x80008074 (0x9c1b6d13) x26 0xfffffff1
core   0: 0x80008078 (0x002a2233) slt     tp, s4, sp
core   0: 3 0x80008078 (0x002a2233) x 4 0x00000000
core   0: 0x8000807c (0x01985a93) srli    s5, a6, 25
core   0: 3 0x8000807c (0x01985a93) x21 0x00000000
core   0: 0x80008080 (0xe751a313) slti    t1, gp, -395
core   0: 3 0x80008080 (0xe751a313) x 6 0x00000001
core   0: 0x80008084 (0x002da8b3) slt     a7, s11, sp
core   0: 3 0x80008084 (0x002da8b3) x17 0x00000000
core   0: 0x80008088 (0xa1127813) andi    a6, tp, -1519
core   0: 3 0x80008088 (0xa1127813) x16 0x00000000
core   0: 0x8000808c (0x01b04333) xor     t1, zero, s11
core   0: 3 0x8000808c (0x01b04333) x 6 0x1b000000
core   0: 0x80008090 (0x016ac033) xor     zero, s5, s6
core   0: 3 0x80008090 (0x016ac033)
core   0: 0x80008094 (0x164b2f97) auipc   t6, 0x164b2
core   0: 3 0x80008094 (0x164b2f97) x31 0x964ba094
core   0: 0x80008098 (0x00155b93) srli    s7, a0, 1
core   0: 3 0x80008098 (0x00155b93) x23 0x4000a672
core   0: 0x8000809c (0x00f03133) snez    sp, a5
core   0: 3 0x8000809c (0x00f03133) x 2 0x00000001
core   0: 0x800080a0 (0xe30aae37) lui     t3, 0xe30aa
core   0: 3 0x800080a0 (0xe30aae37) x28 0xe30aa000
core   0: 0x800080a4 (0x8dafee93) ori     t4, t6, -1830
core   0: 3 0x800080a4 (0x8dafee93) x29 0xfffff8de
core   0: 0x800080a8 (0x80618293) addi    t0, gp, -2042
core   0: 3 0x800080a8 (0x80618293) x 5 0x9701e806
core   0: 0x800080ac (0x0103d0b3) srl     ra, t2, a6
core   0: 3 0x800080ac (0x0103d0b3) x 1 0x00000004
core   0: 0x800080b0 (0x00222633) slt     a2, tp, sp
core   0: 3 0x800080b0 (0x00222633) x12 0x00000001
core   0: 0x800080b4 (0x010acb33) xor     s6, s5, a6
core   0: 3 0x800080b4 (0x010acb33) x22 0x00000000
core   0: 0x800080b8 (0x40e4d613) srai    a2, s1, 14
core   0: 3 0x800080b8 (0x40e4d613) x12 0x0000eba7
core   0: 0x800080bc (0x00deeb93) ori     s7, t4, 13
core   0: 3 0x800080bc (0x00deeb93) x23 0xfffff8df
core   0: 0x800080c0 (0x01bda4b3) slt     s1, s11, s11
core   0: 3 0x800080c0 (0x01bda4b3) x 9 0x00000000
core   0: 0x800080c4 (0x7ae0b713) sltiu   a4, ra, 1966
core   0: 3 0x800080c4 (0x7ae0b713) x14 0x00000001
core   0: 0x800080c8 (0x001721b3) slt     gp, a4, ra
core   0: 3 0x800080c8 (0x001721b3) x 3 0x00000001
core   0: 0x800080cc (0x01ba2433) slt     s0, s4, s11
core   0: 3 0x800080cc (0x01ba2433) x 8 0x00000001
core   0: 0x800080d0 (0x4008d833) sra     a6, a7, zero
core   0: 3 0x800080d0 (0x4008d833) x16 0x00000000
core   0: 0x800080d4 (0xb50ceeb7) lui     t4, 0xb50ce
core   0: 3 0x800080d4 (0xb50ceeb7) x29 0xb50ce000
core   0: 0x800080d8 (0x4081d793) srai    a5, gp, 8
core   0: 3 0x800080d8 (0x4081d793) x15 0x00000000
core   0: 0x800080dc (0x00cc4db3) xor     s11, s8, a2
core   0: 3 0x800080dc (0x00cc4db3) x27 0xffc29598
core   0: 0x800080e0 (0x00000013) nop
core   0: 3 0x800080e0 (0x00000013)
core   0: 0x800080e4 (0x00ab6cb3) or      s9, s6, a0
core   0: 3 0x800080e4 (0x00ab6cb3) x25 0x80014ce4
core   0: 0x800080e8 (0x40530633) sub     a2, t1, t0
core   0: 3 0x800080e8 (0x40530633) x12 0x83fe17fa
core   0: 0x800080ec (0x70e35137) lui     sp, 0x70e35
core   0: 3 0x800080ec (0x70e35137) x 2 0x70e35000
core   0: 0x800080f0 (0x43e768b7) lui     a7, 0x43e76
core   0: 3 0x800080f0 (0x43e768b7) x17 0x43e76000
core   0: 0x800080f4 (0x01e70eb3) add     t4, a4, t5
core   0: 3 0x800080f4 (0x01e70eb3) x29 0x8000069b
core   0: 0x800080f8 (0xba148f13) addi    t5, s1, -1119
core   0: 3 0x800080f8 (0xba148f13) x30 0xfffffba1
core   0: 0x800080fc (0x4fe00113) li      sp, 1278
core   0: 3 0x800080fc (0x4fe00113) x 2 0x000004fe
core   0: 0x80008100 (0x017867b3) or      a5, a6, s7
core   0: 3 0x80008100 (0x017867b3) x15 0xfffff8df
core   0: 0x80008104 (0x012e92b3) sll     t0, t4, s2
core   0: 3 0x80008104 (0x012e92b3) x 5 0x069b0000
core   0: 0x80008108 (0x2e20f613) andi    a2, ra, 738
core   0: 3 0x80008108 (0x2e20f613) x12 0x00000000
core   0: 0x8000810c (0x405309b3) sub     s3, t1, t0
core   0: 3 0x8000810c (0x405309b3) x19 0x14650000
core   0: 0x80008110 (0x003d8cb3) add     s9, s11, gp
core   0: 3 0x80008110 (0x003d8cb3) x25 0xffc29599
core   0: 0x80008114 (0x00441793) slli    a5, s0, 4
core   0: 3 0x80008114 (0x00441793) x15 0x00000010
core   0: 0x80008118 (0x00a55933) srl     s2, a0, a0
core   0: 3 0x80008118 (0x00a55933) x18 0x080014ce
core   0: 0x8000811c (0x00000013) nop
core   0: 3 0x8000811c (0x00000013)
core   0: 0x80008120 (0x91132a93) slti    s5, t1, -1775
core   0: 3 0x80008120 (0x91132a93) x21 0x00000000
core   0: 0x80008124 (0x9fdc2a13) slti    s4, s8, -1539
core   0: 3 0x80008124 (0x9fdc2a13) x20 0x00000001
core   0: 0x80008128 (0x004e11b3) sll     gp, t3, tp
core   0: 3 0x80008128 (0x004e11b3) x 3 0xe30aa000
core   0: 0x8000812c (0x32cff493) andi    s1, t6, 812
core   0: 3 0x8000812c (0x32cff493) x 9 0x00000004
core   0: 0x80008130 (0x00000893) li      a7, 0
core   0: 3 0x80008130 (0x00000893) x17 0x00000000
core   0: 0x80008134 (0x00000a13) li      s4, 0
core   0: 3 0x80008134 (0x00000a13) x20 0x00000000
core   0: 0x80008138 (0xb10c83b7) lui     t2, 0xb10c8
core   0: 3 0x80008138 (0xb10c83b7) x 7 0xb10c8000
core   0: 0x8000813c (0x9af38393) addi    t2, t2, -1617
core   0: 3 0x8000813c (0x9af38393) x 7 0xb10c79af
core   0: 0x80008140 (0x80000637) lui     a2, 0x80000
core   0: 3 0x80008140 (0x80000637) x12 0x80000000
core   0: 0x80008144 (0xfff00813) li      a6, -1
core   0: 3 0x80008144 (0xfff00813) x16 0xffffffff
core   0: 0x80008148 (0x00000113) li      sp, 0
core   0: 3 0x80008148 (0x00000113) x 2 0x00000000
core   0: 0x8000814c (0xfff00713) li      a4, -1
core   0: 3 0x8000814c (0xfff00713) x14 0xffffffff
core   0: 0x80008150 (0xfff00993) li      s3, -1
core   0: 3 0x80008150 (0xfff00993) x19 0xffffffff
core   0: 0x80008154 (0x0262d237) lui     tp, 0x262d
core   0: 3 0x80008154 (0x0262d237) x 4 0x0262d000
core   0: 0x80008158 (0x11120213) addi    tp, tp, 273
core   0: 3 0x80008158 (0x11120213) x 4 0x0262d111
core   0: 0x8000815c (0xfff00313) li      t1, -1
core   0: 3 0x8000815c (0xfff00313) x 6 0xffffffff
core   0: 0x80008160 (0x00000013) nop
core   0: 3 0x80008160 (0x00000013)
core   0: 0x80008164 (0x00e98133) add     sp, s3, a4
core   0: 3 0x80008164 (0x00e98133) x 2 0xfffffffe
core   0: 0x80008168 (0x85897997) auipc   s3, 0x85897
core   0: 3 0x80008168 (0x85897997) x19 0x0589f168
core   0: 0x8000816c (0xa48eb397) auipc   t2, 0xa48eb
core   0: 3 0x8000816c (0xa48eb397) x 7 0x248f316c
core   0: 0x80008170 (0x00288a33) add     s4, a7, sp
core   0: 3 0x80008170 (0x00288a33) x20 0xfffffffe
core   0: 0x80008174 (0x4b179117) auipc   sp, 0x4b179
core   0: 3 0x80008174 (0x4b179117) x 2 0xcb181174
core   0: 0x80008178 (0x006a0833) add     a6, s4, t1
core   0: 3 0x80008178 (0x006a0833) x16 0xfffffffd
core   0: 0x8000817c (0xd3eb1397) auipc   t2, 0xd3eb1
core   0: 3 0x8000817c (0xd3eb1397) x 7 0x53eb917c
core   0: 0x80008180 (0xa1a20113) addi    sp, tp, -1510
core   0: 3 0x80008180 (0xa1a20113) x 2 0x0262cb2b
core   0: 0x80008184 (0x013109b3) add     s3, sp, s3
core   0: 3 0x80008184 (0x013109b3) x19 0x07ecbc93
core   0: 0x80008188 (0x8c310113) addi    sp, sp, -1853
core   0: 3 0x80008188 (0x8c310113) x 2 0x0262c3ee
core   0: 0x8000818c (0x00e10a33) add     s4, sp, a4
core   0: 3 0x8000818c (0x00e10a33) x20 0x0262c3ed
core   0: 0x80008190 (0x88229817) auipc   a6, 0x88229
core   0: 3 0x80008190 (0x88229817) x16 0x08231190
core   0: 0x80008194 (0x406383b3) sub     t2, t2, t1
core   0: 3 0x80008194 (0x406383b3) x 7 0x53eb917d
core   0: 0x80008198 (0x411709b3) sub     s3, a4, a7
core   0: 3 0x80008198 (0x411709b3) x19 0xffffffff
core   0: 0x8000819c (0x00000013) nop
core   0: 3 0x8000819c (0x00000013)
core   0: 0x800081a0 (0x00000013) nop
core   0: 3 0x800081a0 (0x00000013)
core   0: 0x800081a4 (0xb9d72b13) slti    s6, a4, -1123
core   0: 3 0x800081a4 (0xb9d72b13) x22 0x00000000
core   0: 0x800081a8 (0xb3370813) addi    a6, a4, -1229
core   0: 3 0x800081a8 (0xb3370813) x16 0xfffffb32
core   0: 0x800081ac (0xbcf00613) li      a2, -1073
core   0: 3 0x800081ac (0xbcf00613) x12 0xfffffbcf
core   0: 0x800081b0 (0x01741713) slli    a4, s0, 23
core   0: 3 0x800081b0 (0x01741713) x14 0x00800000
core   0: 0x800081b4 (0x00e1eeb3) or      t4, gp, a4
core   0: 3 0x800081b4 (0x00e1eeb3) x29 0xe38aa000
core   0: 0x800081b8 (0x40e354b3) sra     s1, t1, a4
core   0: 3 0x800081b8 (0x40e354b3) x 9 0xffffffff
core   0: 0x800081bc (0x000d07b3) add     a5, s10, zero
core   0: 3 0x800081bc (0x000d07b3) x15 0xfffffff1
core   0: 0x800081c0 (0x89ae0093) addi    ra, t3, -1894
core   0: 3 0x800081c0 (0x89ae0093) x 1 0xe30a989a
core   0: 0x800081c4 (0x9fc20797) auipc   a5, 0x9fc20
core   0: 3 0x800081c4 (0x9fc20797) x15 0x1fc281c4
core   0: 0x800081c8 (0x403a0db3) sub     s11, s4, gp
core   0: 3 0x800081c8 (0x403a0db3) x27 0x1f5823ed
core   0: 0x800081cc (0x61fb2d13) slti    s10, s6, 1567
core   0: 3 0x800081cc (0x61fb2d13) x26 0x00000001
core   0: 0x800081d0 (0xa8b3a113) slti    sp, t2, -1397
core   0: 3 0x800081d0 (0xa8b3a113) x 2 0x00000000
core   0: 0x800081d4 (0x012f0633) add     a2, t5, s2
core   0: 3 0x800081d4 (0x012f0633) x12 0x0800106f
core   0: 0x800081d8 (0x4fad3413) sltiu   s0, s10, 1274
core   0: 3 0x800081d8 (0x4fad3413) x 8 0x00000001
core   0: 0x800081dc (0xf68c7393) andi    t2, s8, -152
core   0: 3 0x800081dc (0xf68c7393) x 7 0xffc27e28
core   0: 0x800081e0 (0x01c05313) srli    t1, zero, 28
core   0: 3 0x800081e0 (0x01c05313) x 6 0x00000000
core   0: 0x800081e4 (0x015ce833) or      a6, s9, s5
core   0: 3 0x800081e4 (0x015ce833) x16 0xffc29599
core   0: 0x800081e8 (0x008934b3) sltu    s1, s2, s0
core   0: 3 0x800081e8 (0x008934b3) x 9 0x00000000
core   0: 0x800081ec (0x007bbab3) sltu    s5, s7, t2
core   0: 3 0x800081ec (0x007bbab3) x21 0x00000000
core   0: 0x800081f0 (0x407d8333) sub     t1, s11, t2
core   0: 3 0x800081f0 (0x407d8333) x 6 0x1f95a5c5
core   0: 0x800081f4 (0x00000013) nop
core   0: 3 0x800081f4 (0x00000013)
core   0: 0x800081f8 (0x40a451b3) sra     gp, s0, a0
core   0: 3 0x800081f8 (0x40a451b3) x 3 0x00000000
core   0: 0x800081fc (0x01a449b3) xor     s3, s0, s10
core   0: 3 0x800081fc (0x01a449b3) x19 0x00000000
core   0: 0x80008200 (0x008dc733) xor     a4, s11, s0
core   0: 3 0x80008200 (0x008dc733) x14 0x1f5823ec
core   0: 0x80008204 (0x0052eab3) or      s5, t0, t0
core   0: 3 0x80008204 (0x0052eab3) x21 0x069b0000
core   0: 0x80008208 (0xb8f44e13) xori    t3, s0, -1137
core   0: 3 0x80008208 (0xb8f44e13) x28 0xfffffb8e
core   0: 0x8000820c (0x00225a93) srli    s5, tp, 2
core   0: 3 0x8000820c (0x00225a93) x21 0x0098b444
core   0: 0x80008210 (0x53fb3993) sltiu   s3, s6, 1343
core   0: 3 0x80008210 (0x53fb3993) x19 0x00000001
core   0: 0x80008214 (0x00b1dcb3) srl     s9, gp, a1
core   0: 3 0x80008214 (0x00b1dcb3) x25 0x00000000
core   0: 0x80008218 (0x043e7993) andi    s3, t3, 67
core   0: 3 0x80008218 (0x043e7993) x19 0x00000002
core   0: 0x8000821c (0x55b9c493) xori    s1, s3, 1371
core   0: 3 0x8000821c (0x55b9c493) x 9 0x00000559
core   0: 0x80008220 (0x00ff5093) srli    ra, t5, 15
core   0: 3 0x80008220 (0x00ff5093) x 1 0x0001ffff
core   0: 0x80008224 (0x7b99e413) ori     s0, s3, 1977
core   0: 3 0x80008224 (0x7b99e413) x 8 0x000007bb
core   0: 0x80008228 (0x00326733) or      a4, tp, gp
core   0: 3 0x80008228 (0x00326733) x14 0x0262d111
core   0: 0x8000822c (0x40075db3) sra     s11, a4, zero
core   0: 3 0x8000822c (0x40075db3) x27 0x0262d111
core   0: 0x80008230 (0x00c8da33) srl     s4, a7, a2
core   0: 3 0x80008230 (0x00c8da33) x20 0x00000000
core   0: 0x80008234 (0x40525193) srai    gp, tp, 5
core   0: 3 0x80008234 (0x40525193) x 3 0x00131688
core   0: 0x80008238 (0x411452b3) sra     t0, s0, a7
core   0: 3 0x80008238 (0x411452b3) x 5 0x000007bb
core   0: 0x8000823c (0x409d8933) sub     s2, s11, s1
core   0: 3 0x8000823c (0x409d8933) x18 0x0262cbb8
core   0: 0x80008240 (0x0151adb3) slt     s11, gp, s5
core   0: 3 0x80008240 (0x0151adb3) x27 0x00000001
core   0: 0x80008244 (0x01bb8db3) add     s11, s7, s11
core   0: 3 0x80008244 (0x01bb8db3) x27 0xfffff8e0
core   0: 0x80008248 (0x1db7c713) xori    a4, a5, 475
core   0: 3 0x80008248 (0x1db7c713) x14 0x1fc2801f
core   0: 0x8000824c (0x0133de13) srli    t3, t2, 19
core   0: 3 0x8000824c (0x0133de13) x28 0x00001ff8
core   0: 0x80008250 (0x41598ab3) sub     s5, s3, s5
core   0: 3 0x80008250 (0x41598ab3) x21 0xff674bbe
core   0: 0x80008254 (0x0162d793) srli    a5, t0, 22
core   0: 3 0x80008254 (0x0162d793) x15 0x00000000
core   0: 0x80008258 (0x00205833) srl     a6, zero, sp
core   0: 3 0x80008258 (0x00205833) x16 0x00000000
core   0: 0x8000825c (0x41a05493) srai    s1, zero, 26
core   0: 3 0x8000825c (0x41a05493) x 9 0x00000000
core   0: 0x80008260 (0x018d24b3) slt     s1, s10, s8
core   0: 3 0x80008260 (0x018d24b3) x 9 0x00000000
core   0: 0x80008264 (0x7c900817) auipc   a6, 0x7c900
core   0: 3 0x80008264 (0x7c900817) x16 0xfc908264
core   0: 0x80008268 (0x6d7bff93) andi    t6, s7, 1751
core   0: 3 0x80008268 (0x6d7bff93) x31 0x000000d7
core   0: 0x8000826c (0xdb477997) auipc   s3, 0xdb477
core   0: 3 0x8000826c (0xdb477997) x19 0x5b47f26c
core   0: 0x80008270 (0x663f8b13) addi    s6, t6, 1635
core   0: 3 0x80008270 (0x663f8b13) x22 0x0000073a
core   0: 0x80008274 (0x72eff793) andi    a5, t6, 1838
core   0: 3 0x80008274 (0x72eff793) x15 0x00000006
core   0: 0x80008278 (0x012ed813) srli    a6, t4, 18
core   0: 3 0x80008278 (0x012ed813) x16 0x000038e2
core   0: 0x8000827c (0x41bfd8b3) sra     a7, t6, s11
core   0: 3 0x8000827c (0x41bfd8b3) x17 0x000000d7
core   0: 0x80008280 (0x00a21833) sll     a6, tp, a0
core   0: 3 0x80008280 (0x00a21833) x16 0x262d1110
core   0: 0x80008284 (0x01bbe733) or      a4, s7, s11
core   0: 3 0x80008284 (0x01bbe733) x14 0xfffff8ff
core   0: 0x80008288 (0x01255833) srl     a6, a0, s2
core   0: 3 0x80008288 (0x01255833) x16 0x00000080
core   0: 0x8000828c (0x0d190813) addi    a6, s2, 209
core   0: 3 0x8000828c (0x0d190813) x16 0x0262cc89
core   0: 0x80008290 (0x4166d393) srai    t2, a3, 22
core   0: 3 0x80008290 (0x4166d393) x 7 0x00000024
core   0: 0x80008294 (0x8b2a2193) slti    gp, s4, -1870
core   0: 3 0x80008294 (0x8b2a2193) x 3 0x00000000
core   0: 0x80008298 (0x0026b4b3) sltu    s1, a3, sp
core   0: 3 0x80008298 (0x0026b4b3) x 9 0x00000000
core   0: 0x8000829c (0xdc4bee13) ori     t3, s7, -572
core   0: 3 0x8000829c (0xdc4bee13) x28 0xfffffddf
core   0: 0x800082a0 (0x01e47833) and     a6, s0, t5
core   0: 3 0x800082a0 (0x01e47833) x16 0x000003a1
core   0: 0x800082a4 (0x000a9333) sll     t1, s5, zero
core   0: 3 0x800082a4 (0x000a9333) x 6 0xff674bbe
core   0: 0x800082a8 (0x00b389b3) add     s3, t2, a1
core   0: 3 0x800082a8 (0x00b389b3) x19 0x80010e88
core   0: 0x800082ac (0x00044733) xor     a4, s0, zero
core   0: 3 0x800082ac (0x00044733) x14 0x000007bb
core   0: 0x800082b0 (0x01c3feb3) and     t4, t2, t3
core   0: 3 0x800082b0 (0x01c3feb3) x29 0x00000004
core   0: 0x800082b4 (0x0378c713) xori    a4, a7, 55
core   0: 3 0x800082b4 (0x0378c713) x14 0x000000e0
core   0: 0x800082b8 (0x00cecb33) xor     s6, t4, a2
core   0: 3 0x800082b8 (0x00cecb33) x22 0x0800106b
core   0: 0x800082bc (0x40070f33) sub     t5, a4, zero
core   0: 3 0x800082bc (0x40070f33) x30 0x000000e0
core   0: 0x800082c0 (0x87477b93) andi    s7, a4, -1932
core   0: 3 0x800082c0 (0x87477b93) x23 0x00000060
core   0: 0x800082c4 (0xae468d93) addi    s11, a3, -1308
core   0: 3 0x800082c4 (0xae468d93) x27 0x09393ae4
core   0: 0x800082c8 (0xffb0b413) sltiu   s0, ra, -5
core   0: 3 0x800082c8 (0xffb0b413) x 8 0x00000001
core   0: 0x800082cc (0xbb6f8a13) addi    s4, t6, -1098
core   0: 3 0x800082cc (0xbb6f8a13) x20 0xfffffc8d
core   0: 0x800082d0 (0x00000013) nop
core   0: 3 0x800082d0 (0x00000013)
core   0: 0x800082d4 (0x01c0df13) srli    t5, ra, 28
core   0: 3 0x800082d4 (0x01c0df13) x30 0x00000000
core   0: 0x800082d8 (0x00aed4b3) srl     s1, t4, a0
core   0: 3 0x800082d8 (0x00aed4b3) x 9 0x00000000
core   0: 0x800082dc (0x1f2f8917) auipc   s2, 0x1f2f8
core   0: 3 0x800082dc (0x1f2f8917) x18 0x9f3002dc
core   0: 0x800082e0 (0x9b4a8cb7) lui     s9, 0x9b4a8
core   0: 3 0x800082e0 (0x9b4a8cb7) x25 0x9b4a8000
core   0: 0x800082e4 (0x29bf02b7) lui     t0, 0x29bf0
core   0: 3 0x800082e4 (0x29bf02b7) x 5 0x29bf0000
core   0: 0x800082e8 (0xb67cab97) auipc   s7, 0xb67ca
core   0: 3 0x800082e8 (0xb67cab97) x23 0x367d22e8
core   0: 0x800082ec (0x019a0f33) add     t5, s4, s9
core   0: 3 0x800082ec (0x019a0f33) x30 0x9b4a7c8d
core   0: 0x800082f0 (0x414912b7) lui     t0, 0x41491
core   0: 3 0x800082f0 (0x414912b7) x 5 0x41491000
core   0: 0x800082f4 (0x40f381b3) sub     gp, t2, a5
core   0: 3 0x800082f4 (0x40f381b3) x 3 0x0000001e
core   0: 0x800082f8 (0x5f787013) andi    zero, a6, 1527
core   0: 3 0x800082f8 (0x5f787013)
core   0: 0x800082fc (0x00000013) nop
core   0: 3 0x800082fc (0x00000013)
core   0: 0x80008300 (0x40ad5933) sra     s2, s10, a0
core   0: 3 0x80008300 (0x40ad5933) x18 0x00000000
core   0: 0x80008304 (0x783e3113) sltiu   sp, t3, 1923
core   0: 3 0x80008304 (0x783e3113) x 2 0x00000000
core   0: 0x80008308 (0xd10ce093) ori     ra, s9, -752
core   0: 3 0x80008308 (0xd10ce093) x 1 0xfffffd10
core   0: 0x8000830c (0x01313cb3) sltu    s9, sp, s3
core   0: 3 0x8000830c (0x01313cb3) x25 0x00000001
core   0: 0x80008310 (0x77ef8d93) addi    s11, t6, 1918
core   0: 3 0x80008310 (0x77ef8d93) x27 0x00000855
core   0: 0x80008314 (0x00c92933) slt     s2, s2, a2
core   0: 3 0x80008314 (0x00c92933) x18 0x00000001
core   0: 0x80008318 (0x00112ab3) slt     s5, sp, ra
core   0: 3 0x80008318 (0x00112ab3) x21 0x00000000
core   0: 0x8000831c (0x0094e133) or      sp, s1, s1
core   0: 3 0x8000831c (0x0094e133) x 2 0x00000000
core   0: 0x80008320 (0x01059213) slli    tp, a1, 16
core   0: 3 0x80008320 (0x01059213) x 4 0x0e640000
core   0: 0x80008324 (0x2b1d3093) sltiu   ra, s10, 689
core   0: 3 0x80008324 (0x2b1d3093) x 1 0x00000001
core   0: 0x80008328 (0xdb7cc493) xori    s1, s9, -585
core   0: 3 0x80008328 (0xdb7cc493) x 9 0xfffffdb6
core   0: 0x8000832c (0x7f7d6813) ori     a6, s10, 2039
core   0: 3 0x8000832c (0x7f7d6813) x16 0x000007f7
core   0: 0x80008330 (0x95944c93) xori    s9, s0, -1703
core   0: 3 0x80008330 (0x95944c93) x25 0xfffff958
core   0: 0x80008334 (0x00d79313) slli    t1, a5, 13
core   0: 3 0x80008334 (0x00d79313) x 6 0x0000c000
core   0: 0x80008338 (0x01394db3) xor     s11, s2, s3
core   0: 3 0x80008338 (0x01394db3) x27 0x80010e89
core   0: 0x8000833c (0x15218013) addi    zero, gp, 338
core   0: 3 0x8000833c (0x15218013)
core   0: 0x80008340 (0x001dd213) srli    tp, s11, 1
core   0: 3 0x80008340 (0x001dd213) x 4 0x40008744
core   0: 0x80008344 (0x16517b13) andi    s6, sp, 357
core   0: 3 0x80008344 (0x16517b13) x22 0x00000000
core   0: 0x80008348 (0xa0d85f17) auipc   t5, 0xa0d85
core   0: 3 0x80008348 (0xa0d85f17) x30 0x20d8d348
core   0: 0x8000834c (0x00000013) nop
core   0: 3 0x8000834c (0x00000013)
core   0: 0x80008350 (0x00202e33) slt     t3, zero, sp
core   0: 3 0x80008350 (0x00202e33) x28 0x00000000
core   0: 0x80008354 (0x00c72333) slt     t1, a4, a2
core   0: 3 0x80008354 (0x00c72333) x 6 0x00000001
core   0: 0x80008358 (0x004c1a33) sll     s4, s8, tp
core   0: 3 0x80008358 (0x004c1a33) x20 0xfc27e3f0
core   0: 0x8000835c (0x0120b4b3) sltu    s1, ra, s2
core   0: 3 0x8000835c (0x0120b4b3) x 9 0x00000000
core   0: 0x80008360 (0x0168d093) srli    ra, a7, 22
core   0: 3 0x80008360 (0x0168d093) x 1 0x00000000
core   0: 0x80008364 (0x00a9fdb3) and     s11, s3, a0
core   0: 3 0x80008364 (0x00a9fdb3) x27 0x80010c80
core   0: 0x80008368 (0x018da1b3) slt     gp, s11, s8
core   0: 3 0x80008368 (0x018da1b3) x 3 0x00000001
core   0: 0x8000836c (0x875e4993) xori    s3, t3, -1931
core   0: 3 0x8000836c (0x875e4993) x19 0xfffff875
core   0: 0x80008370 (0x00000013) nop
core   0: 3 0x80008370 (0x00000013)
core   0: 0x80008374 (0xe2474713) xori    a4, a4, -476
core   0: 3 0x80008374 (0xe2474713) x14 0xfffffec4
core   0: 0x80008378 (0x0083bbb3) sltu    s7, t2, s0
core   0: 3 0x80008378 (0x0083bbb3) x23 0x00000000
core   0: 0x8000837c (0x09b46d13) ori     s10, s0, 155
core   0: 3 0x8000837c (0x09b46d13) x26 0x0000009b
core   0: 0x80008380 (0x40b4d293) srai    t0, s1, 11
core   0: 3 0x80008380 (0x40b4d293) x 5 0x00000000
core   0: 0x80008384 (0x01e26833) or      a6, tp, t5
core   0: 3 0x80008384 (0x01e26833) x16 0x60d8d74c
core   0: 0x80008388 (0x010d40b3) xor     ra, s10, a6
core   0: 3 0x80008388 (0x010d40b3) x 1 0x60d8d7d7
core   0: 0x8000838c (0xf5760993) addi    s3, a2, -169
core   0: 3 0x8000838c (0xf5760993) x19 0x08000fc6
core   0: 0x80008390 (0x41c08633) sub     a2, ra, t3
core   0: 3 0x80008390 (0x41c08633) x12 0x60d8d7d7
core   0: 0x80008394 (0x01614b33) xor     s6, sp, s6
core   0: 3 0x80008394 (0x01614b33) x22 0x00000000
core   0: 0x80008398 (0x0124ae33) slt     t3, s1, s2
core   0: 3 0x80008398 (0x0124ae33) x28 0x00000001
core   0: 0x8000839c (0x005ab733) sltu    a4, s5, t0
core   0: 3 0x8000839c (0x005ab733) x14 0x00000000
core   0: 0x800083a0 (0x1bd64e13) xori    t3, a2, 445
core   0: 3 0x800083a0 (0x1bd64e13) x28 0x60d8d66a
core   0: 0x800083a4 (0x64840413) addi    s0, s0, 1608
core   0: 3 0x800083a4 (0x64840413) x 8 0x00000649
core   0: 0x800083a8 (0x01a85733) srl     a4, a6, s10
core   0: 3 0x800083a8 (0x01a85733) x14 0x0000000c
core   0: 0x800083ac (0x40c2d2b3) sra     t0, t0, a2
core   0: 3 0x800083ac (0x40c2d2b3) x 5 0x00000000
core   0: 0x800083b0 (0x01813733) sltu    a4, sp, s8
core   0: 3 0x800083b0 (0x01813733) x14 0x00000001
core   0: 0x800083b4 (0x01cdd913) srli    s2, s11, 28
core   0: 3 0x800083b4 (0x01cdd913) x18 0x00000008
core   0: 0x800083b8 (0xfccd1697) auipc   a3, 0xfccd1
core   0: 3 0x800083b8 (0xfccd1697) x13 0x7ccd93b8
core   0: 0x800083bc (0xd13ca413) slti    s0, s9, -749
core   0: 3 0x800083bc (0xd13ca413) x 8 0x00000001
core   0: 0x800083c0 (0x1471ce93) xori    t4, gp, 327
core   0: 3 0x800083c0 (0x1471ce93) x29 0x00000146
core   0: 0x800083c4 (0x3915ce13) xori    t3, a1, 913
core   0: 3 0x800083c4 (0x3915ce13) x28 0x80010df5
core   0: 0x800083c8 (0xa8dc8f37) lui     t5, 0xa8dc8
core   0: 3 0x800083c8 (0xa8dc8f37) x30 0xa8dc8000
core   0: 0x800083cc (0x40a3dd93) srai    s11, t2, 10
core   0: 3 0x800083cc (0x40a3dd93) x27 0x00000000
core   0: 0x800083d0 (0x8fbfbf93) sltiu   t6, t6, -1797
core   0: 3 0x800083d0 (0x8fbfbf93) x31 0x00000001
core   0: 0x800083d4 (0x011c1093) slli    ra, s8, 17
core   0: 3 0x800083d4 (0x011c1093) x 1 0xfc7e0000
core   0: 0x800083d8 (0x01385db3) srl     s11, a6, s3
core   0: 3 0x800083d8 (0x01385db3) x27 0x0183635d
core   0: 0x800083dc (0xa98d3e93) sltiu   t4, s10, -1384
core   0: 3 0x800083dc (0xa98d3e93) x29 0x00000001
core   0: 0x800083e0 (0xb159f837) lui     a6, 0xb159f
core   0: 3 0x800083e0 (0xb159f837) x16 0xb159f000
core   0: 0x800083e4 (0xfda00c93) li      s9, -38
core   0: 3 0x800083e4 (0xfda00c93) x25 0xffffffda
core   0: 0x800083e8 (0x40835993) srai    s3, t1, 8
core   0: 3 0x800083e8 (0x40835993) x19 0x00000000
core   0: 0x800083ec (0x00df8233) add     tp, t6, a3
core   0: 3 0x800083ec (0x00df8233) x 4 0x7ccd93b9
core   0: 0x800083f0 (0x00865693) srli    a3, a2, 8
core   0: 3 0x800083f0 (0x00865693) x13 0x0060d8d7
core   0: 0x800083f4 (0xb0d9ad93) slti    s11, s3, -1267
core   0: 3 0x800083f4 (0xb0d9ad93) x27 0x00000000
core   0: 0x800083f8 (0x00f91893) slli    a7, s2, 15
core   0: 3 0x800083f8 (0x00f91893) x17 0x00040000
core   0: 0x800083fc (0x0182df93) srli    t6, t0, 24
core   0: 3 0x800083fc (0x0182df93) x31 0x00000000
core   0: 0x80008400 (0x00676233) or      tp, a4, t1
core   0: 3 0x80008400 (0x00676233) x 4 0x00000001
core   0: 0x80008404 (0x00a170b3) and     ra, sp, a0
core   0: 3 0x80008404 (0x00a170b3) x 1 0x00000000
core   0: 0x80008408 (0x004e4bb3) xor     s7, t3, tp
core   0: 3 0x80008408 (0x004e4bb3) x23 0x80010df4
core   0: 0x8000840c (0x7433b113) sltiu   sp, t2, 1859
core   0: 3 0x8000840c (0x7433b113) x 2 0x00000001
core   0: 0x80008410 (0x41f3db33) sra     s6, t2, t6
core   0: 3 0x80008410 (0x41f3db33) x22 0x00000024
core   0: 0x80008414 (0x24dc26b7) lui     a3, 0x24dc2
core   0: 3 0x80008414 (0x24dc26b7) x13 0x24dc2000
core   0: 0x80008418 (0x4066de93) srai    t4, a3, 6
core   0: 3 0x80008418 (0x4066de93) x29 0x00937080
core   0: 0x8000841c (0xeaa18d13) addi    s10, gp, -342
core   0: 3 0x8000841c (0xeaa18d13) x26 0xfffffeab
core   0: 0x80008420 (0x5b01e417) auipc   s0, 0x5b01e
core   0: 3 0x80008420 (0x5b01e417) x 8 0xdb026420
core   0: 0x80008424 (0x8d68ef13) ori     t5, a7, -1834
core   0: 3 0x80008424 (0x8d68ef13) x30 0xfffff8d6
core   0: 0x80008428 (0x97848117) auipc   sp, 0x97848
core   0: 3 0x80008428 (0x97848117) x 2 0x17850428
core   0: 0x8000842c (0x012f9933) sll     s2, t6, s2
core   0: 3 0x8000842c (0x012f9933) x18 0x00000000
core   0: 0x80008430 (0x01e42433) slt     s0, s0, t5
core   0: 3 0x80008430 (0x01e42433) x 8 0x00000001
core   0: 0x80008434 (0xd16dc893) xori    a7, s11, -746
core   0: 3 0x80008434 (0xd16dc893) x17 0xfffffd16
core   0: 0x80008438 (0x01b2b033) sltu    zero, t0, s11
core   0: 3 0x80008438 (0x01b2b033)
core   0: 0x8000843c (0x01d61013) slli    zero, a2, 29
core   0: 3 0x8000843c (0x01d61013)
core   0: 0x80008440 (0x8cddf3b7) lui     t2, 0x8cddf
core   0: 3 0x80008440 (0x8cddf3b7) x 7 0x8cddf000
core   0: 0x80008444 (0x01b05a93) srli    s5, zero, 27
core   0: 3 0x80008444 (0x01b05a93) x21 0x00000000
core   0: 0x80008448 (0x40a58133) sub     sp, a1, a0
core   0: 3 0x80008448 (0x40a58133) x 2 0xffffc180
core   0: 0x8000844c (0x32077693) andi    a3, a4, 800
core   0: 3 0x8000844c (0x32077693) x13 0x00000000
core   0: 0x80008450 (0x40ac0033) sub     zero, s8, a0
core   0: 3 0x80008450 (0x40ac0033)
core   0: 0x80008454 (0x00c564b3) or      s1, a0, a2
core   0: 3 0x80008454 (0x00c564b3) x 9 0xe0d9dff7
core   0: 0x80008458 (0x007f9013) slli    zero, t6, 7
core   0: 3 0x80008458 (0x007f9013)
core   0: 0x8000845c (0x01243433) sltu    s0, s0, s2
core   0: 3 0x8000845c (0x01243433) x 8 0x00000000
core   0: 0x80008460 (0x40150ab3) sub     s5, a0, ra
core   0: 3 0x80008460 (0x40150ab3) x21 0x80014ce4
core   0: 0x80008464 (0x00cf7fb3) and     t6, t5, a2
core   0: 3 0x80008464 (0x00cf7fb3) x31 0x60d8d0d6
core   0: 0x80008468 (0x59e4e893) ori     a7, s1, 1438
core   0: 3 0x80008468 (0x59e4e893) x17 0xe0d9dfff
core   0: 0x8000846c (0x00863833) sltu    a6, a2, s0
core   0: 3 0x8000846c (0x00863833) x16 0x00000000
core   0: 0x80008470 (0xa6cfc097) auipc   ra, 0xa6cfc
core   0: 3 0x80008470 (0xa6cfc097) x 1 0x26d04470
core   0: 0x80008474 (0x00a07ab3) and     s5, zero, a0
core   0: 3 0x80008474 (0x00a07ab3) x21 0x00000000
core   0: 0x80008478 (0x00aea433) slt     s0, t4, a0
core   0: 3 0x80008478 (0x00aea433) x 8 0x00000000
core   0: 0x8000847c (0x4176ddb3) sra     s11, a3, s7
core   0: 3 0x8000847c (0x4176ddb3) x27 0x00000000
core   0: 0x80008480 (0x006b1413) slli    s0, s6, 6
core   0: 3 0x80008480 (0x006b1413) x 8 0x00000900
core   0: 0x80008484 (0x01e89d93) slli    s11, a7, 30
core   0: 3 0x80008484 (0x01e89d93) x27 0xc0000000
core   0: 0x80008488 (0x147f8b13) addi    s6, t6, 327
core   0: 3 0x80008488 (0x147f8b13) x22 0x60d8d21d
core   0: 0x8000848c (0x1fe46f93) ori     t6, s0, 510
core   0: 3 0x8000848c (0x1fe46f93) x31 0x000009fe
core   0: 0x80008490 (0x01d341b3) xor     gp, t1, t4
core   0: 3 0x80008490 (0x01d341b3) x 3 0x00937081
core   0: 0x80008494 (0x1c543413) sltiu   s0, s0, 453
core   0: 3 0x80008494 (0x1c543413) x 8 0x00000000
core   0: 0x80008498 (0x259e9097) auipc   ra, 0x259e9
core   0: 3 0x80008498 (0x259e9097) x 1 0xa59f1498
core   0: 0x8000849c (0x40abdbb3) sra     s7, s7, a0
core   0: 3 0x8000849c (0x40abdbb3) x23 0xf80010df
core   0: 0x800084a0 (0x0156feb3) and     t4, a3, s5
core   0: 3 0x800084a0 (0x0156feb3) x29 0x00000000
core   0: 0x800084a4 (0x9e3c4413) xori    s0, s8, -1565
core   0: 3 0x800084a4 (0x9e3c4413) x 8 0x003d87dc
core   0: 0x800084a8 (0xd364a393) slti    t2, s1, -714
core   0: 3 0x800084a8 (0xd364a393) x 7 0x00000001
core   0: 0x800084ac (0x3ee3c737) lui     a4, 0x3ee3c
core   0: 3 0x800084ac (0x3ee3c737) x14 0x3ee3c000
core   0: 0x800084b0 (0x01c3be33) sltu    t3, t2, t3
core   0: 3 0x800084b0 (0x01c3be33) x28 0x00000001
core   0: 0x800084b4 (0x00501c93) slli    s9, zero, 5
core   0: 3 0x800084b4 (0x00501c93) x25 0x00000000
core   0: 0x800084b8 (0x41015ab3) sra     s5, sp, a6
core   0: 3 0x800084b8 (0x41015ab3) x21 0xffffc180
core   0: 0x800084bc (0x01b2e233) or      tp, t0, s11
core   0: 3 0x800084bc (0x01b2e233) x 4 0xc0000000
core   0: 0x800084c0 (0x402fddb3) sra     s11, t6, sp
core   0: 3 0x800084c0 (0x402fddb3) x27 0x000009fe
core   0: 0x800084c4 (0x35813493) sltiu   s1, sp, 856
core   0: 3 0x800084c4 (0x35813493) x 9 0x00000000
core   0: 0x800084c8 (0x012e9933) sll     s2, t4, s2
core   0: 3 0x800084c8 (0x012e9933) x18 0x00000000
core   0: 0x800084cc (0x00f98f33) add     t5, s3, a5
core   0: 3 0x800084cc (0x00f98f33) x30 0x00000006
core   0: 0x800084d0 (0x0028a2b3) slt     t0, a7, sp
core   0: 3 0x800084d0 (0x0028a2b3) x 5 0x00000001
core   0: 0x800084d4 (0x00000013) nop
core   0: 3 0x800084d4 (0x00000013)
core   0: 0x800084d8 (0x007f2db3) slt     s11, t5, t2
core   0: 3 0x800084d8 (0x007f2db3) x27 0x00000000
core   0: 0x800084dc (0x3e05f1b7) lui     gp, 0x3e05f
core   0: 3 0x800084dc (0x3e05f1b7) x 3 0x3e05f000
core   0: 0x800084e0 (0x41dfd0b3) sra     ra, t6, t4
core   0: 3 0x800084e0 (0x41dfd0b3) x 1 0x000009fe
core   0: 0x800084e4 (0x00cf1193) slli    gp, t5, 12
core   0: 3 0x800084e4 (0x00cf1193) x 3 0x00006000
core   0: 0x800084e8 (0x00da5193) srli    gp, s4, 13
core   0: 3 0x800084e8 (0x00da5193) x 3 0x0007e13f
core   0: 0x800084ec (0x9ca56313) ori     t1, a0, -1590
core   0: 3 0x800084ec (0x9ca56313) x 6 0xfffffdee
core   0: 0x800084f0 (0x7154e917) auipc   s2, 0x7154e
core   0: 3 0x800084f0 (0x7154e917) x18 0xf15564f0
core   0: 0x800084f4 (0xbcd48093) addi    ra, s1, -1075
core   0: 3 0x800084f4 (0xbcd48093) x 1 0xfffffbcd
core   0: 0x800084f8 (0x41235293) srai    t0, t1, 18
core   0: 3 0x800084f8 (0x41235293) x 5 0xffffffff
core   0: 0x800084fc (0x00cb9613) slli    a2, s7, 12
core   0: 3 0x800084fc (0x00cb9613) x12 0x010df000
core   0: 0x80008500 (0x40470233) sub     tp, a4, tp
core   0: 3 0x80008500 (0x40470233) x 4 0x7ee3c000
core   0: 0x80008504 (0x37188193) addi    gp, a7, 881
core   0: 3 0x80008504 (0x37188193) x 3 0xe0d9e370
core   0: 0x80008508 (0x89d1bd93) sltiu   s11, gp, -1891
core   0: 3 0x80008508 (0x89d1bd93) x27 0x00000001
core   0: 0x8000850c (0xc8f26a13) ori     s4, tp, -881
core   0: 3 0x8000850c (0xc8f26a13) x20 0xfffffc8f
core   0: 0x80008510 (0x0153ccb3) xor     s9, t2, s5
core   0: 3 0x80008510 (0x0153ccb3) x25 0xffffc181
core   0: 0x80008514 (0x8be9c413) xori    s0, s3, -1858
core   0: 3 0x80008514 (0x8be9c413) x 8 0xfffff8be
core   0: 0x80008518 (0x01b8beb3) sltu    t4, a7, s11
core   0: 3 0x80008518 (0x01b8beb3) x29 0x00000000
core   0: 0x8000851c (0x9ce8b693) sltiu   a3, a7, -1586
core   0: 3 0x8000851c (0x9ce8b693) x13 0x00000001
core   0: 0x80008520 (0x009e8eb3) add     t4, t4, s1
core   0: 3 0x80008520 (0x009e8eb3) x29 0x00000000
core   0: 0x80008524 (0x4c17fd13) andi    s10, a5, 1217
core   0: 3 0x80008524 (0x4c17fd13) x26 0x00000000
core   0: 0x80008528 (0xb0f84713) xori    a4, a6, -1265
core   0: 3 0x80008528 (0xb0f84713) x14 0xfffffb0f
core   0: 0x8000852c (0x01062d33) slt     s10, a2, a6
core   0: 3 0x8000852c (0x01062d33) x26 0x00000000
core   0: 0x80008530 (0x40c7d093) srai    ra, a5, 12
core   0: 3 0x80008530 (0x40c7d093) x 1 0x00000000
core   0: 0x80008534 (0x00930133) add     sp, t1, s1
core   0: 3 0x80008534 (0x00930133) x 2 0xfffffdee
core   0: 0x80008538 (0x012de933) or      s2, s11, s2
core   0: 3 0x80008538 (0x012de933) x18 0xf15564f1
core   0: 0x8000853c (0x402701b3) sub     gp, a4, sp
core   0: 3 0x8000853c (0x402701b3) x 3 0xfffffd21
core   0: 0x80008540 (0x010fde13) srli    t3, t6, 16
core   0: 3 0x80008540 (0x010fde13) x28 0x00000000
core   0: 0x80008544 (0x401e0133) sub     sp, t3, ra
core   0: 3 0x80008544 (0x401e0133) x 2 0x00000000
core   0: 0x80008548 (0x323c3893) sltiu   a7, s8, 803
core   0: 3 0x80008548 (0x323c3893) x17 0x00000000
core   0: 0x8000854c (0x0162ed33) or      s10, t0, s6
core   0: 3 0x8000854c (0x0162ed33) x26 0xffffffff
core   0: 0x80008550 (0x40618a33) sub     s4, gp, t1
core   0: 3 0x80008550 (0x40618a33) x20 0xffffff33
core   0: 0x80008554 (0x00514d33) xor     s10, sp, t0
core   0: 3 0x80008554 (0x00514d33) x26 0xffffffff
core   0: 0x80008558 (0x00ddd393) srli    t2, s11, 13
core   0: 3 0x80008558 (0x00ddd393) x 7 0x00000000
core   0: 0x8000855c (0x0046bcb3) sltu    s9, a3, tp
core   0: 3 0x8000855c (0x0046bcb3) x25 0x00000001
core   0: 0x80008560 (0x00244833) xor     a6, s0, sp
core   0: 3 0x80008560 (0x00244833) x16 0xfffff8be
core   0: 0x80008564 (0x016f5733) srl     a4, t5, s6
core   0: 3 0x80008564 (0x016f5733) x14 0x00000000
core   0: 0x80008568 (0x001eb8b3) sltu    a7, t4, ra
core   0: 3 0x80008568 (0x001eb8b3) x17 0x00000000
core   0: 0x8000856c (0x004f5d13) srli    s10, t5, 4
core   0: 3 0x8000856c (0x004f5d13) x26 0x00000000
core   0: 0x80008570 (0x01654133) xor     sp, a0, s6
core   0: 3 0x80008570 (0x01654133) x 2 0xe0d99ef9
core   0: 0x80008574 (0x01511613) slli    a2, sp, 21
core   0: 3 0x80008574 (0x01511613) x12 0xdf200000
core   0: 0x80008578 (0x41365793) srai    a5, a2, 19
core   0: 3 0x80008578 (0x41365793) x15 0xfffffbe4
core   0: 0x8000857c (0x01c7f2b3) and     t0, a5, t3
core   0: 3 0x8000857c (0x01c7f2b3) x 5 0x00000000
core   0: 0x80008580 (0x10d64e93) xori    t4, a2, 269
core   0: 3 0x80008580 (0x10d64e93) x29 0xdf20010d
core   0: 0x80008584 (0x71e53297) auipc   t0, 0x71e53
core   0: 3 0x80008584 (0x71e53297) x 5 0xf1e5b584
core   0: 0x80008588 (0x00effe33) and     t3, t6, a4
core   0: 3 0x80008588 (0x00effe33) x28 0x00000000
core   0: 0x8000858c (0xa39b2493) slti    s1, s6, -1479
core   0: 3 0x8000858c (0xa39b2493) x 9 0x00000000
core   0: 0x80008590 (0x74d3de37) lui     t3, 0x74d3d
core   0: 3 0x80008590 (0x74d3de37) x28 0x74d3d000
core   0: 0x80008594 (0x01e381b3) add     gp, t2, t5
core   0: 3 0x80008594 (0x01e381b3) x 3 0x00000006
core   0: 0x80008598 (0x515d87b7) lui     a5, 0x515d8
core   0: 3 0x80008598 (0x515d87b7) x15 0x515d8000
core   0: 0x8000859c (0x00396033) or      zero, s2, gp
core   0: 3 0x8000859c (0x00396033)
core   0: 0x800085a0 (0x012c14b3) sll     s1, s8, s2
core   0: 3 0x800085a0 (0x012c14b3) x 9 0xfc7e0000
core   0: 0x800085a4 (0x763c8d93) addi    s11, s9, 1891
core   0: 3 0x800085a4 (0x763c8d93) x27 0x00000764
core   0: 0x800085a8 (0x00c153b3) srl     t2, sp, a2
core   0: 3 0x800085a8 (0x00c153b3) x 7 0xe0d99ef9
core   0: 0x800085ac (0x00787eb3) and     t4, a6, t2
core   0: 3 0x800085ac (0x00787eb3) x29 0xe0d998b8
core   0: 0x800085b0 (0x00c92833) slt     a6, s2, a2
core   0: 3 0x800085b0 (0x00c92833) x16 0x00000000
core   0: 0x800085b4 (0x40a25793) srai    a5, tp, 10
core   0: 3 0x800085b4 (0x40a25793) x15 0x001fb8f0
core   0: 0x800085b8 (0xa6970f93) addi    t6, a4, -1431
core   0: 3 0x800085b8 (0xa6970f93) x31 0xfffffa69
core   0: 0x800085bc (0x00625933) srl     s2, tp, t1
core   0: 3 0x800085bc (0x00625933) x18 0x0001fb8f
core   0: 0x800085c0 (0x01428133) add     sp, t0, s4
core   0: 3 0x800085c0 (0x01428133) x 2 0xf1e5b4b7
core   0: 0x800085c4 (0x01a39913) slli    s2, t2, 26
core   0: 3 0x800085c4 (0x01a39913) x18 0xe4000000
core   0: 0x800085c8 (0x01edcf33) xor     t5, s11, t5
core   0: 3 0x800085c8 (0x01edcf33) x30 0x00000762
core   0: 0x800085cc (0x82846f13) ori     t5, s0, -2008
core   0: 3 0x800085cc (0x82846f13) x30 0xfffff8be
core   0: 0x800085d0 (0x94c08993) addi    s3, ra, -1716
core   0: 3 0x800085d0 (0x94c08993) x19 0xfffff94c
core   0: 0x800085d4 (0x00c2cf33) xor     t5, t0, a2
core   0: 3 0x800085d4 (0x00c2cf33) x30 0x2ec5b584
core   0: 0x800085d8 (0x00fb16b3) sll     a3, s6, a5
core   0: 3 0x800085d8 (0x00fb16b3) x13 0xd21d0000
core   0: 0x800085dc (0x4129d0b3) sra     ra, s3, s2
core   0: 3 0x800085dc (0x4129d0b3) x 1 0xfffff94c
core   0: 0x800085e0 (0x012fdb93) srli    s7, t6, 18
core   0: 3 0x800085e0 (0x012fdb93) x23 0x00003fff
core   0: 0x800085e4 (0x01867333) and     t1, a2, s8
core   0: 3 0x800085e4 (0x01867333) x 6 0xdf000000
core   0: 0x800085e8 (0x01d46ab3) or      s5, s0, t4
core   0: 3 0x800085e8 (0x01d46ab3) x21 0xfffff8be
core   0: 0x800085ec (0x017e82b3) add     t0, t4, s7
core   0: 3 0x800085ec (0x017e82b3) x 5 0xe0d9d8b7
core   0: 0x800085f0 (0x00000013) nop
core   0: 3 0x800085f0 (0x00000013)
core   0: 0x800085f4 (0x8da46d13) ori     s10, s0, -1830
core   0: 3 0x800085f4 (0x8da46d13) x26 0xfffff8fe
core   0: 0x800085f8 (0x3acafc93) andi    s9, s5, 940
core   0: 3 0x800085f8 (0x3acafc93) x25 0x000000ac
core   0: 0x800085fc (0x00d26033) or      zero, tp, a3
core   0: 3 0x800085fc (0x00d26033)
core   0: 0x80008600 (0x40fb8433) sub     s0, s7, a5
core   0: 3 0x80008600 (0x40fb8433) x 8 0xffe0870f
core   0: 0x80008604 (0x019cdfb7) lui     t6, 0x19cd
core   0: 3 0x80008604 (0x019cdfb7) x31 0x019cd000
core   0: 0x80008608 (0x019f1cb3) sll     s9, t5, s9
core   0: 3 0x80008608 (0x019f1cb3) x25 0x5b584000
core   0: 0x8000860c (0x008fa9b3) slt     s3, t6, s0
core   0: 3 0x8000860c (0x008fa9b3) x19 0x00000000
core   0: 0x80008610 (0xbc79c993) xori    s3, s3, -1081
core   0: 3 0x80008610 (0xbc79c993) x19 0xfffffbc7
core   0: 0x80008614 (0xcd2f7b93) andi    s7, t5, -814
core   0: 3 0x80008614 (0xcd2f7b93) x23 0x2ec5b480
core   0: 0x80008618 (0x01de34b3) sltu    s1, t3, t4
core   0: 3 0x80008618 (0x01de34b3) x 9 0x00000001
core   0: 0x8000861c (0x84e68093) addi    ra, a3, -1970
core   0: 3 0x8000861c (0x84e68093) x 1 0xd21cf84e
core   0: 0x80008620 (0x400c5cb3) sra     s9, s8, zero
core   0: 3 0x80008620 (0x400c5cb3) x25 0xffc27e3f
core   0: 0x80008624 (0xb0f0cd13) xori    s10, ra, -1265
core   0: 3 0x80008624 (0xb0f0cd13) x26 0x2de30341
core   0: 0x80008628 (0x00000013) nop
core   0: 3 0x80008628 (0x00000013)
core   0: 0x8000862c (0xf0643813) sltiu   a6, s0, -250
core   0: 3 0x8000862c (0xf0643813) x16 0x00000001
core   0: 0x80008630 (0x5ed76913) ori     s2, a4, 1517
core   0: 3 0x80008630 (0x5ed76913) x18 0x000005ed
core   0: 0x80008634 (0x01235e93) srli    t4, t1, 18
core   0: 3 0x80008634 (0x01235e93) x29 0x000037c0
core   0: 0x80008638 (0x4162d633) sra     a2, t0, s6
core   0: 3 0x80008638 (0x4162d633) x12 0xffffffff
core   0: 0x8000863c (0x96af6d13) ori     s10, t5, -1686
core   0: 3 0x8000863c (0x96af6d13) x26 0xfffffdee
core   0: 0x80008640 (0xff244c93) xori    s9, s0, -14
core   0: 3 0x80008640 (0xff244c93) x25 0x001f78fd
core   0: 0x80008644 (0x41eb88b3) sub     a7, s7, t5
core   0: 3 0x80008644 (0x41eb88b3) x17 0xfffffefc
core   0: 0x80008648 (0x40b3d313) srai    t1, t2, 11
core   0: 3 0x80008648 (0x40b3d313) x 6 0xfffc1b33
core   0: 0x8000864c (0x0008aab3) slt     s5, a7, zero
core   0: 3 0x8000864c (0x0008aab3) x21 0x00000001
core   0: 0x80008650 (0x01cd3033) sltu    zero, s10, t3
core   0: 3 0x80008650 (0x01cd3033)
core   0: 0x80008654 (0x013aed33) or      s10, s5, s3
core   0: 3 0x80008654 (0x013aed33) x26 0xfffffbc7
core   0: 0x80008658 (0x74784393) xori    t2, a6, 1863
core   0: 3 0x80008658 (0x74784393) x 7 0x00000746
core   0: 0x8000865c (0x416f01b3) sub     gp, t5, s6
core   0: 3 0x8000865c (0x416f01b3) x 3 0xcdece367
core   0: 0x80008660 (0x010d3433) sltu    s0, s10, a6
core   0: 3 0x80008660 (0x010d3433) x 8 0x00000000
core   0: 0x80008664 (0x01488ab3) add     s5, a7, s4
core   0: 3 0x80008664 (0x01488ab3) x21 0xfffffe2f
core   0: 0x80008668 (0x398f3313) sltiu   t1, t5, 920
core   0: 3 0x80008668 (0x398f3313) x 6 0x00000000
core   0: 0x8000866c (0x01b09e33) sll     t3, ra, s11
core   0: 3 0x8000866c (0x01b09e33) x28 0x21cf84e0
core   0: 0x80008670 (0x47328c93) addi    s9, t0, 1139
core   0: 3 0x80008670 (0x47328c93) x25 0xe0d9dd2a
core   0: 0x80008674 (0x4ed74313) xori    t1, a4, 1261
core   0: 3 0x80008674 (0x4ed74313) x 6 0x000004ed
core   0: 0x80008678 (0x9c2e4713) xori    a4, t3, -1598
core   0: 3 0x80008678 (0x9c2e4713) x14 0xde307d22
core   0: 0x8000867c (0x00000013) nop
core   0: 3 0x8000867c (0x00000013)
core   0: 0x80008680 (0x40b5d493) srai    s1, a1, 11
core   0: 3 0x80008680 (0x40b5d493) x 9 0xfff00021
core   0: 0x80008684 (0x00e1d833) srl     a6, gp, a4
core   0: 3 0x80008684 (0x00e1d833) x16 0x337b38d9
core   0: 0x80008688 (0x7dc1f837) lui     a6, 0x7dc1f
core   0: 3 0x80008688 (0x7dc1f837) x16 0x7dc1f000
core   0: 0x8000868c (0x00000013) nop
core   0: 3 0x8000868c (0x00000013)
core   0: 0x80008690 (0xbf00c193) xori    gp, ra, -1040
core   0: 3 0x80008690 (0xbf00c193) x 3 0x2de303be
core   0: 0x80008694 (0xd5433f37) lui     t5, 0xd5433
core   0: 3 0x80008694 (0xd5433f37) x30 0xd5433000
core   0: 0x80008698 (0x4533e093) ori     ra, t2, 1107
core   0: 3 0x80008698 (0x4533e093) x 1 0x00000757
core   0: 0x8000869c (0x41d70d33) sub     s10, a4, t4
core   0: 3 0x8000869c (0x41d70d33) x26 0xde304562
core   0: 0x800086a0 (0x01d61933) sll     s2, a2, t4
core   0: 3 0x800086a0 (0x01d61933) x18 0xffffffff
core   0: 0x800086a4 (0xe6782637) lui     a2, 0xe6782
core   0: 3 0x800086a4 (0xe6782637) x12 0xe6782000
core   0: 0x800086a8 (0x00493333) sltu    t1, s2, tp
core   0: 3 0x800086a8 (0x00493333) x 6 0x00000000
core   0: 0x800086ac (0xc7ee4e93) xori    t4, t3, -898
core   0: 3 0x800086ac (0xc7ee4e93) x29 0xde30789e
core   0: 0x800086b0 (0x01e3efb3) or      t6, t2, t5
core   0: 3 0x800086b0 (0x01e3efb3) x31 0xd5433746
core   0: 0x800086b4 (0x60faec93) ori     s9, s5, 1551
core   0: 3 0x800086b4 (0x60faec93) x25 0xfffffe2f
core   0: 0x800086b8 (0x410b0d33) sub     s10, s6, a6
core   0: 3 0x800086b8 (0x410b0d33) x26 0xe316e21d
core   0: 0x800086bc (0x00d723b3) slt     t2, a4, a3
core   0: 3 0x800086bc (0x00d723b3) x 7 0x00000000
core   0: 0x800086c0 (0xf2e5f313) andi    t1, a1, -210
core   0: 3 0x800086c0 (0xf2e5f313) x 6 0x80010e24
core   0: 0x800086c4 (0x01208bb3) add     s7, ra, s2
core   0: 3 0x800086c4 (0x01208bb3) x23 0x00000756
core   0: 0x800086c8 (0x01cdb8b3) sltu    a7, s11, t3
core   0: 3 0x800086c8 (0x01cdb8b3) x17 0x00000001
core   0: 0x800086cc (0xb52ec113) xori    sp, t4, -1198
core   0: 3 0x800086cc (0xb52ec113) x 2 0x21cf83cc
core   0: 0x800086d0 (0xb9167a13) andi    s4, a2, -1135
core   0: 3 0x800086d0 (0xb9167a13) x20 0xe6782000
core   0: 0x800086d4 (0xbdc56ab7) lui     s5, 0xbdc56
core   0: 3 0x800086d4 (0xbdc56ab7) x21 0xbdc56000
core   0: 0x800086d8 (0x018a08b3) add     a7, s4, s8
core   0: 3 0x800086d8 (0x018a08b3) x17 0xe63a9e3f
core   0: 0x800086dc (0x013690b3) sll     ra, a3, s3
core   0: 3 0x800086dc (0x013690b3) x 1 0x0e800000
core   0: 0x800086e0 (0xc66a2fb7) lui     t6, 0xc66a2
core   0: 3 0x800086e0 (0xc66a2fb7) x31 0xc66a2000
core   0: 0x800086e4 (0x411d5113) srai    sp, s10, 17
core   0: 3 0x800086e4 (0x411d5113) x 2 0xfffff18b
core   0: 0x800086e8 (0x74d34493) xori    s1, t1, 1869
core   0: 3 0x800086e8 (0x74d34493) x 9 0x80010969
core   0: 0x800086ec (0x0065db13) srli    s6, a1, 6
core   0: 3 0x800086ec (0x0065db13) x22 0x02000439
core   0: 0x800086f0 (0x16e9c393) xori    t2, s3, 366
core   0: 3 0x800086f0 (0x16e9c393) x 7 0xfffffaa9
core   0: 0x800086f4 (0x00cc7733) and     a4, s8, a2
core   0: 3 0x800086f4 (0x00cc7733) x14 0xe6402000
core   0: 0x800086f8 (0x0014b0b3) sltu    ra, s1, ra
core   0: 3 0x800086f8 (0x0014b0b3) x 1 0x00000000
core   0: 0x800086fc (0x40c98833) sub     a6, s3, a2
core   0: 3 0x800086fc (0x40c98833) x16 0x1987dbc7
core   0: 0x80008700 (0xd9c48b93) addi    s7, s1, -612
core   0: 3 0x80008700 (0xd9c48b93) x23 0x80010705
core   0: 0x80008704 (0xf2793193) sltiu   gp, s2, -217
core   0: 3 0x80008704 (0xf2793193) x 3 0x00000000
core   0: 0x80008708 (0x41255e93) srai    t4, a0, 18
core   0: 3 0x80008708 (0x41255e93) x29 0xffffe000
core   0: 0x8000870c (0x413e5113) srai    sp, t3, 19
core   0: 3 0x8000870c (0x413e5113) x 2 0x00000439
core   0: 0x80008710 (0x00000013) nop
core   0: 3 0x80008710 (0x00000013)
core   0: 0x80008714 (0x6cc60113) addi    sp, a2, 1740
core   0: 3 0x80008714 (0x6cc60113) x 2 0xe67826cc
core   0: 0x80008718 (0xfbe589b7) lui     s3, 0xfbe58
core   0: 3 0x80008718 (0xfbe589b7) x19 0xfbe58000
core   0: 0x8000871c (0x0124ed33) or      s10, s1, s2
core   0: 3 0x8000871c (0x0124ed33) x26 0xffffffff
core   0: 0x80008720 (0x0144ceb3) xor     t4, s1, s4
core   0: 3 0x80008720 (0x0144ceb3) x29 0x66792969
core   0: 0x80008724 (0x00f4f7b3) and     a5, s1, a5
core   0: 3 0x80008724 (0x00f4f7b3) x15 0x00010860
core   0: 0x80008728 (0x01129b33) sll     s6, t0, a7
core   0: 3 0x80008728 (0x01129b33) x22 0x80000000
core   0: 0x8000872c (0x69a74413) xori    s0, a4, 1690
core   0: 3 0x8000872c (0x69a74413) x 8 0xe640269a
core   0: 0x80008730 (0xd60d6a13) ori     s4, s10, -672
core   0: 3 0x80008730 (0xd60d6a13) x20 0xffffffff
core   0: 0x80008734 (0x7171f993) andi    s3, gp, 1815
core   0: 3 0x80008734 (0x7171f993) x19 0x00000000
core   0: 0x80008738 (0x00000013) nop
core   0: 3 0x80008738 (0x00000013)
core   0: 0x8000873c (0x01b9d913) srli    s2, s3, 27
core   0: 3 0x8000873c (0x01b9d913) x18 0x00000000
core   0: 0x80008740 (0x549c7693) andi    a3, s8, 1353
core   0: 3 0x80008740 (0x549c7693) x13 0x00000409
core   0: 0x80008744 (0xdf8b6bb7) lui     s7, 0xdf8b6
core   0: 3 0x80008744 (0xdf8b6bb7) x23 0xdf8b6000
core   0: 0x80008748 (0xa6744093) xori    ra, s0, -1433
core   0: 3 0x80008748 (0xa6744093) x 1 0x19bfdcfd
core   0: 0x8000874c (0x019adf13) srli    t5, s5, 25
core   0: 3 0x8000874c (0x019adf13) x30 0x0000005e
core   0: 0x80008750 (0xa4cf3b93) sltiu   s7, t5, -1460
core   0: 3 0x80008750 (0xa4cf3b93) x23 0x00000001
core   0: 0x80008754 (0x9b31c493) xori    s1, gp, -1613
core   0: 3 0x80008754 (0x9b31c493) x 9 0xfffff9b3
core   0: 0x80008758 (0x454f0113) addi    sp, t5, 1108
core   0: 3 0x80008758 (0x454f0113) x 2 0x000004b2
core   0: 0x8000875c (0xc3803a13) sltiu   s4, zero, -968
core   0: 3 0x8000875c (0xc3803a13) x20 0x00000001
core   0: 0x80008760 (0x5debb337) lui     t1, 0x5debb
core   0: 3 0x80008760 (0x5debb337) x 6 0x5debb000
core   0: 0x80008764 (0x561e3413) sltiu   s0, t3, 1377
core   0: 3 0x80008764 (0x561e3413) x 8 0x00000000
core   0: 0x80008768 (0x01a95f93) srli    t6, s2, 26
core   0: 3 0x80008768 (0x01a95f93) x31 0x00000000
core   0: 0x8000876c (0xdb2e8cb7) lui     s9, 0xdb2e8
core   0: 3 0x8000876c (0xdb2e8cb7) x25 0xdb2e8000
core   0: 0x80008770 (0x00e0fa33) and     s4, ra, a4
core   0: 3 0x80008770 (0x00e0fa33) x20 0x00000000
core   0: 0x80008774 (0x5269ed13) ori     s10, s3, 1318
core   0: 3 0x80008774 (0x5269ed13) x26 0x00000526
core   0: 0x80008778 (0x01ff1b93) slli    s7, t5, 31
core   0: 3 0x80008778 (0x01ff1b93) x23 0x00000000
core   0: 0x8000877c (0x40cd0eb3) sub     t4, s10, a2
core   0: 3 0x8000877c (0x40cd0eb3) x29 0x1987e526
core   0: 0x80008780 (0x00466fb3) or      t6, a2, tp
core   0: 3 0x80008780 (0x00466fb3) x31 0xfefbe000
core   0: 0x80008784 (0x8f5f2f93) slti    t6, t5, -1803
core   0: 3 0x80008784 (0x8f5f2f93) x31 0x00000000
core   0: 0x80008788 (0x4ce2b693) sltiu   a3, t0, 1230
core   0: 3 0x80008788 (0x4ce2b693) x13 0x00000000
core   0: 0x8000878c (0x00ab9193) slli    gp, s7, 10
core   0: 3 0x8000878c (0x00ab9193) x 3 0x00000000
core   0: 0x80008790 (0xe1a84113) xori    sp, a6, -486
core   0: 3 0x80008790 (0xe1a84113) x 2 0xe67825dd
core   0: 0x80008794 (0x00cc1213) slli    tp, s8, 12
core   0: 3 0x80008794 (0x00cc1213) x 4 0x27e3f000
core   0: 0x80008798 (0x2bccb293) sltiu   t0, s9, 700
core   0: 3 0x80008798 (0x2bccb293) x 5 0x00000000
core   0: 0x8000879c (0x00289a33) sll     s4, a7, sp
core   0: 3 0x8000879c (0x00289a33) x20 0xe0000000
core   0: 0x800087a0 (0x001f9913) slli    s2, t6, 1
core   0: 3 0x800087a0 (0x001f9913) x18 0x00000000
core   0: 0x800087a4 (0x0dda4d13) xori    s10, s4, 221
core   0: 3 0x800087a4 (0x0dda4d13) x26 0xe00000dd
core   0: 0x800087a8 (0x419e82b3) sub     t0, t4, s9
core   0: 3 0x800087a8 (0x419e82b3) x 5 0x3e596526
core   0: 0x800087ac (0x00809693) slli    a3, ra, 8
core   0: 3 0x800087ac (0x00809693) x13 0xbfdcfd00
core   0: 0x800087b0 (0x00a43e33) sltu    t3, s0, a0
core   0: 3 0x800087b0 (0x00a43e33) x28 0x00000001
core   0: 0x800087b4 (0x88516913) ori     s2, sp, -1915
core   0: 3 0x800087b4 (0x88516913) x18 0xfffffddd
core   0: 0x800087b8 (0x01e92cb3) slt     s9, s2, t5
core   0: 3 0x800087b8 (0x01e92cb3) x25 0x00000001
core   0: 0x800087bc (0x01e08433) add     s0, ra, t5
core   0: 3 0x800087bc (0x01e08433) x 8 0x19bfdd5b
core   0: 0x800087c0 (0xa15ff9b7) lui     s3, 0xa15ff
core   0: 3 0x800087c0 (0xa15ff9b7) x19 0xa15ff000
core   0: 0x800087c4 (0x41dcd933) sra     s2, s9, t4
core   0: 3 0x800087c4 (0x41dcd933) x18 0x00000000
core   0: 0x800087c8 (0xc7a9e013) ori     zero, s3, -902
core   0: 3 0x800087c8 (0xc7a9e013)
core   0: 0x800087cc (0x00dc3eb3) sltu    t4, s8, a3
core   0: 3 0x800087cc (0x00dc3eb3) x29 0x00000000
core   0: 0x800087d0 (0x01715093) srli    ra, sp, 23
core   0: 3 0x800087d0 (0x01715093) x 1 0x000001cc
core   0: 0x800087d4 (0x82d4b493) sltiu   s1, s1, -2003
core   0: 3 0x800087d4 (0x82d4b493) x 9 0x00000000
core   0: 0x800087d8 (0x015f38b3) sltu    a7, t5, s5
core   0: 3 0x800087d8 (0x015f38b3) x17 0x00000001
core   0: 0x800087dc (0x78dfb137) lui     sp, 0x78dfb
core   0: 3 0x800087dc (0x78dfb137) x 2 0x78dfb000
core   0: 0x800087e0 (0x00b40133) add     sp, s0, a1
core   0: 3 0x800087e0 (0x00b40133) x 2 0x99c0ebbf
core   0: 0x800087e4 (0x002b56b3) srl     a3, s6, sp
core   0: 3 0x800087e4 (0x002b56b3) x13 0x00000001
core   0: 0x800087e8 (0x00000013) nop
core   0: 3 0x800087e8 (0x00000013)
core   0: 0x800087ec (0x01b60433) add     s0, a2, s11
core   0: 3 0x800087ec (0x01b60433) x 8 0xe6782764
core   0: 0x800087f0 (0x4b128213) addi    tp, t0, 1201
core   0: 3 0x800087f0 (0x4b128213) x 4 0x3e5969d7
core   0: 0x800087f4 (0x0016bbb3) sltu    s7, a3, ra
core   0: 3 0x800087f4 (0x0016bbb3) x23 0x00000001
core   0: 0x800087f8 (0x012f1bb3) sll     s7, t5, s2
core   0: 3 0x800087f8 (0x012f1bb3) x23 0x0000005e
core   0: 0x800087fc (0x01795793) srli    a5, s2, 23
core   0: 3 0x800087fc (0x01795793) x15 0x00000000
core   0: 0x80008800 (0x015ec433) xor     s0, t4, s5
core   0: 3 0x80008800 (0x015ec433) x 8 0xbdc56000
core   0: 0x80008804 (0x68a06697) auipc   a3, 0x68a06
core   0: 3 0x80008804 (0x68a06697) x13 0xe8a0e804
core   0: 0x80008808 (0x41c9d1b3) sra     gp, s3, t3
core   0: 3 0x80008808 (0x41c9d1b3) x 3 0xd0aff800
core   0: 0x8000880c (0x003c80b3) add     ra, s9, gp
core   0: 3 0x8000880c (0x003c80b3) x 1 0xd0aff801
core   0: 0x80008810 (0x0149b833) sltu    a6, s3, s4
core   0: 3 0x80008810 (0x0149b833) x16 0x00000001
core   0: 0x80008814 (0x0112df33) srl     t5, t0, a7
core   0: 3 0x80008814 (0x0112df33) x30 0x1f2cb293
core   0: 0x80008818 (0xd9b93a93) sltiu   s5, s2, -613
core   0: 3 0x80008818 (0xd9b93a93) x21 0x00000001
core   0: 0x8000881c (0xe1f06693) ori     a3, zero, -481
core   0: 3 0x8000881c (0xe1f06693) x13 0xfffffe1f
core   0: 0x80008820 (0x43390093) addi    ra, s2, 1075
core   0: 3 0x80008820 (0x43390093) x 1 0x00000433
core   0: 0x80008824 (0x0bd99797) auipc   a5, 0xbd99
core   0: 3 0x80008824 (0x0bd99797) x15 0x8bda1824
core   0: 0x80008828 (0x150cd237) lui     tp, 0x150cd
core   0: 3 0x80008828 (0x150cd237) x 4 0x150cd000
core   0: 0x8000882c (0x59d68813) addi    a6, a3, 1437
core   0: 3 0x8000882c (0x59d68813) x16 0x000003bc
core   0: 0x80008830 (0x00899cb3) sll     s9, s3, s0
core   0: 3 0x80008830 (0x00899cb3) x25 0xa15ff000
core   0: 0x80008834 (0x411858b3) sra     a7, a6, a7
core   0: 3 0x80008834 (0x411858b3) x17 0x000001de
core   0: 0x80008838 (0x01690133) add     sp, s2, s6
core   0: 3 0x80008838 (0x01690133) x 2 0x80000000
core   0: 0x8000883c (0x01529133) sll     sp, t0, s5
core   0: 3 0x8000883c (0x01529133) x 2 0x7cb2ca4c
core   0: 0x80008840 (0x0081d993) srli    s3, gp, 8
core   0: 3 0x80008840 (0x0081d993) x19 0x00d0aff8
core   0: 0x80008844 (0x4023d193) srai    gp, t2, 2
core   0: 3 0x80008844 (0x4023d193) x 3 0xfffffeaa
core   0: 0x80008848 (0x0cb61ab7) lui     s5, 0xcb61
core   0: 3 0x80008848 (0x0cb61ab7) x21 0x0cb61000
core   0: 0x8000884c (0x007ec0b3) xor     ra, t4, t2
core   0: 3 0x8000884c (0x007ec0b3) x 1 0xfffffaa9
core   0: 0x80008850 (0x002ae333) or      t1, s5, sp
core   0: 3 0x80008850 (0x002ae333) x 6 0x7cb6da4c
core   0: 0x80008854 (0x00000013) nop
core   0: 3 0x80008854 (0x00000013)
core   0: 0x80008858 (0x00e619b3) sll     s3, a2, a4
core   0: 3 0x80008858 (0x00e619b3) x19 0xe6782000
core   0: 0x8000885c (0x013a5cb3) srl     s9, s4, s3
core   0: 3 0x8000885c (0x013a5cb3) x25 0xe0000000
core   0: 0x80008860 (0x40de0eb3) sub     t4, t3, a3
core   0: 3 0x80008860 (0x40de0eb3) x29 0x000001e2
core   0: 0x80008864 (0x46794193) xori    gp, s2, 1127
core   0: 3 0x80008864 (0x46794193) x 3 0x00000467
core   0: 0x80008868 (0x013d1e93) slli    t4, s10, 19
core   0: 3 0x80008868 (0x013d1e93) x29 0x06e80000
core   0: 0x8000886c (0xceb46f97) auipc   t6, 0xceb46
core   0: 3 0x8000886c (0xceb46f97) x31 0x4eb4e86c
core   0: 0x80008870 (0x4079d313) srai    t1, s3, 7
core   0: 3 0x80008870 (0x4079d313) x 6 0xffccf040
core   0: 0x80008874 (0x40ce5d13) srai    s10, t3, 12
core   0: 3 0x80008874 (0x40ce5d13) x26 0x00000000
core   0: 0x80008878 (0x00eb3d33) sltu    s10, s6, a4
core   0: 3 0x80008878 (0x00eb3d33) x26 0x00000001
core   0: 0x8000887c (0x01bc8fb3) add     t6, s9, s11
core   0: 3 0x8000887c (0x01bc8fb3) x31 0xe0000764
core   0: 0x80008880 (0x21410e13) addi    t3, sp, 532
core   0: 3 0x80008880 (0x21410e13) x28 0x7cb2cc60
core   0: 0x80008884 (0x94d619b7) lui     s3, 0x94d61
core   0: 3 0x80008884 (0x94d619b7) x19 0x94d61000
core   0: 0x80008888 (0xb20d0793) addi    a5, s10, -1248
core   0: 3 0x80008888 (0xb20d0793) x15 0xfffffb21
core   0: 0x8000888c (0x8d9cc997) auipc   s3, 0x8d9cc
core   0: 3 0x8000888c (0x8d9cc997) x19 0x0d9d488c
core   0: 0x80008890 (0x01d3df93) srli    t6, t2, 29
core   0: 3 0x80008890 (0x01d3df93) x31 0x00000007
core   0: 0x80008894 (0x0038b633) sltu    a2, a7, gp
core   0: 3 0x80008894 (0x0038b633) x12 0x00000001
core   0: 0x80008898 (0x410106b3) sub     a3, sp, a6
core   0: 3 0x80008898 (0x410106b3) x13 0x7cb2c690
core   0: 0x8000889c (0x28f3f8b7) lui     a7, 0x28f3f
core   0: 3 0x8000889c (0x28f3f8b7) x17 0x28f3f000
core   0: 0x800088a0 (0x43696e93) ori     t4, s2, 1078
core   0: 3 0x800088a0 (0x43696e93) x29 0x00000436
core   0: 0x800088a4 (0x415cd793) srai    a5, s9, 21
core   0: 3 0x800088a4 (0x415cd793) x15 0xffffff00
core   0: 0x800088a8 (0xdaabb893) sltiu   a7, s7, -598
core   0: 3 0x800088a8 (0xdaabb893) x17 0x00000001
core   0: 0x800088ac (0x410a8eb3) sub     t4, s5, a6
core   0: 3 0x800088ac (0x410a8eb3) x29 0x0cb60c44
core   0: 0x800088b0 (0x009dd793) srli    a5, s11, 9
core   0: 3 0x800088b0 (0x009dd793) x15 0x00000003
core   0: 0x800088b4 (0x007c29b3) slt     s3, s8, t2
core   0: 3 0x800088b4 (0x007c29b3) x19 0x00000001
core   0: 0x800088b8 (0x01d82233) slt     tp, a6, t4
core   0: 3 0x800088b8 (0x01d82233) x 4 0x00000001
core   0: 0x800088bc (0x01392fb3) slt     t6, s2, s3
core   0: 3 0x800088bc (0x01392fb3) x31 0x00000001
core   0: 0x800088c0 (0x04b61237) lui     tp, 0x4b61
core   0: 3 0x800088c0 (0x04b61237) x 4 0x04b61000
core   0: 0x800088c4 (0x008506b3) add     a3, a0, s0
core   0: 3 0x800088c4 (0x008506b3) x13 0x3dc6ace4
core   0: 0x800088c8 (0x00a998b3) sll     a7, s3, a0
core   0: 3 0x800088c8 (0x00a998b3) x17 0x00000010
core   0: 0x800088cc (0x01ad8cb3) add     s9, s11, s10
core   0: 3 0x800088cc (0x01ad8cb3) x25 0x00000765
core   0: 0x800088d0 (0x00000013) nop
core   0: 3 0x800088d0 (0x00000013)
core   0: 0x800088d4 (0x00b572b3) and     t0, a0, a1
core   0: 3 0x800088d4 (0x00b572b3) x 5 0x80010c64
core   0: 0x800088d8 (0x0027fa33) and     s4, a5, sp
core   0: 3 0x800088d8 (0x0027fa33) x20 0x00000000
core   0: 0x800088dc (0x19cb4b93) xori    s7, s6, 412
core   0: 3 0x800088dc (0x19cb4b93) x23 0x8000019c
core   0: 0x800088e0 (0xafbc4493) xori    s1, s8, -1285
core   0: 3 0x800088e0 (0xafbc4493) x 9 0x003d84c4
core   0: 0x800088e4 (0xd79b3193) sltiu   gp, s6, -647
core   0: 3 0x800088e4 (0xd79b3193) x 3 0x00000001
core   0: 0x800088e8 (0x41978933) sub     s2, a5, s9
core   0: 3 0x800088e8 (0x41978933) x18 0xfffff89e
core   0: 0x800088ec (0x41a5d1b3) sra     gp, a1, s10
core   0: 3 0x800088ec (0x41a5d1b3) x 3 0xc0008732
core   0: 0x800088f0 (0x402500b3) sub     ra, a0, sp
core   0: 3 0x800088f0 (0x402500b3) x 1 0x034e8298
core   0: 0x800088f4 (0xa6e2b813) sltiu   a6, t0, -1426
core   0: 3 0x800088f4 (0xa6e2b813) x16 0x00000001
core   0: 0x800088f8 (0x00011eb3) sll     t4, sp, zero
core   0: 3 0x800088f8 (0x00011eb3) x29 0x7cb2ca4c
core   0: 0x800088fc (0x40c1dfb3) sra     t6, gp, a2
core   0: 3 0x800088fc (0x40c1dfb3) x31 0xe0004399
core   0: 0x80008900 (0x00ce4db3) xor     s11, t3, a2
core   0: 3 0x80008900 (0x00ce4db3) x27 0x7cb2cc61
core   0: 0x80008904 (0x41900e33) sub     t3, zero, s9
core   0: 3 0x80008904 (0x41900e33) x28 0xfffff89b
core   0: 0x80008908 (0x00434833) xor     a6, t1, tp
core   0: 3 0x80008908 (0x00434833) x16 0xfb7ae040
core   0: 0x8000890c (0x0037cbb3) xor     s7, a5, gp
core   0: 3 0x8000890c (0x0037cbb3) x23 0xc0008731
core   0: 0x80008910 (0x415e5093) srai    ra, t3, 21
core   0: 3 0x80008910 (0x415e5093) x 1 0xffffffff
core   0: 0x80008914 (0xab233417) auipc   s0, 0xab233
core   0: 3 0x80008914 (0xab233417) x 8 0x2b23b914
core   0: 0x80008918 (0x00000013) nop
core   0: 3 0x80008918 (0x00000013)
core   0: 0x8000891c (0x30160193) addi    gp, a2, 769
core   0: 3 0x8000891c (0x30160193) x 3 0x00000302
core   0: 0x80008920 (0xf5e86313) ori     t1, a6, -162
core   0: 3 0x80008920 (0xf5e86313) x 6 0xffffff5e
core   0: 0x80008924 (0x4086dc93) srai    s9, a3, 8
core   0: 3 0x80008924 (0x4086dc93) x25 0x003dc6ac
core   0: 0x80008928 (0x40b70633) sub     a2, a4, a1
core   0: 3 0x80008928 (0x40b70633) x12 0x663f119c
core   0: 0x8000892c (0x41870333) sub     t1, a4, s8
core   0: 3 0x8000892c (0x41870333) x 6 0xe67da1c1
core   0: 0x80008930 (0x01609013) slli    zero, ra, 22
core   0: 3 0x80008930 (0x01609013)
core   0: 0x80008934 (0x40230833) sub     a6, t1, sp
core   0: 3 0x80008934 (0x40230833) x16 0x69cad775
core   0: 0x80008938 (0x416d8db3) sub     s11, s11, s6
core   0: 3 0x80008938 (0x416d8db3) x27 0xfcb2cc61
core   0: 0x8000893c (0x00601013) slli    zero, zero, 6
core   0: 3 0x8000893c (0x00601013)
core   0: 0x80008940 (0x00219b33) sll     s6, gp, sp
core   0: 3 0x80008940 (0x00219b33) x22 0x00302000
core   0: 0x80008944 (0x34f37913) andi    s2, t1, 847
core   0: 3 0x80008944 (0x34f37913) x18 0x00000141
core   0: 0x80008948 (0x002ed9b3) srl     s3, t4, sp
core   0: 3 0x80008948 (0x002ed9b3) x19 0x0007cb2c
core   0: 0x8000894c (0x019359b3) srl     s3, t1, s9
core   0: 3 0x8000894c (0x019359b3) x19 0x000e67da
core   0: 0x80008950 (0x001728b3) slt     a7, a4, ra
core   0: 3 0x80008950 (0x001728b3) x17 0x00000001
core   0: 0x80008954 (0xac03a693) slti    a3, t2, -1344
core   0: 3 0x80008954 (0xac03a693) x13 0x00000001
core   0: 0x80008958 (0x7cbee437) lui     s0, 0x7cbee
core   0: 3 0x80008958 (0x7cbee437) x 8 0x7cbee000
core   0: 0x8000895c (0x5af7a637) lui     a2, 0x5af7a
core   0: 3 0x8000895c (0x5af7a637) x12 0x5af7a000
core   0: 0x80008960 (0x000c9013) slli    zero, s9, 0
core   0: 3 0x80008960 (0x000c9013)
core   0: 0x80008964 (0x4046dfb3) sra     t6, a3, tp
core   0: 3 0x80008964 (0x4046dfb3) x31 0x00000001
core   0: 0x80008968 (0xe0f62193) slti    gp, a2, -497
core   0: 3 0x80008968 (0xe0f62193) x 3 0x00000000
core   0: 0x8000896c (0x001ff433) and     s0, t6, ra
core   0: 3 0x8000896c (0x001ff433) x 8 0x00000001
core   0: 0x80008970 (0xfc91f1b7) lui     gp, 0xfc91f
core   0: 3 0x80008970 (0xfc91f1b7) x 3 0xfc91f000
core   0: 0x80008974 (0x4c086813) ori     a6, a6, 1216
core   0: 3 0x80008974 (0x4c086813) x16 0x69cad7f5
core   0: 0x80008978 (0x6b9ce213) ori     tp, s9, 1721
core   0: 3 0x80008978 (0x6b9ce213) x 4 0x003dc6bd
core   0: 0x8000897c (0x0176a3b3) slt     t2, a3, s7
core   0: 3 0x8000897c (0x0176a3b3) x 7 0x00000000
core   0: 0x80008980 (0x00000013) nop
core   0: 3 0x80008980 (0x00000013)
core   0: 0x80008984 (0x4bee4137) lui     sp, 0x4bee4
core   0: 3 0x80008984 (0x4bee4137) x 2 0x4bee4000
core   0: 0x80008988 (0x41345d33) sra     s10, s0, s3
core   0: 3 0x80008988 (0x41345d33) x26 0x00000000
core   0: 0x8000898c (0x40945b33) sra     s6, s0, s1
core   0: 3 0x8000898c (0x40945b33) x22 0x00000000
core   0: 0x80008990 (0xa6a3c193) xori    gp, t2, -1430
core   0: 3 0x80008990 (0xa6a3c193) x 3 0xfffffa6a
core   0: 0x80008994 (0x2bb3ae37) lui     t3, 0x2bb3a
core   0: 3 0x80008994 (0x2bb3ae37) x28 0x2bb3a000
core   0: 0x80008998 (0x41cc8cb3) sub     s9, s9, t3
core   0: 3 0x80008998 (0x41cc8cb3) x25 0xd48a26ac
core   0: 0x8000899c (0x01a253b3) srl     t2, tp, s10
core   0: 3 0x8000899c (0x01a253b3) x 7 0x003dc6bd
core   0: 0x800089a0 (0x01c7cf33) xor     t5, a5, t3
core   0: 3 0x800089a0 (0x01c7cf33) x30 0x2bb3a003
core   0: 0x800089a4 (0x00f26333) or      t1, tp, a5
core   0: 3 0x800089a4 (0x00f26333) x 6 0x003dc6bf
core   0: 0x800089a8 (0x40d4d793) srai    a5, s1, 13
core   0: 3 0x800089a8 (0x40d4d793) x15 0x000001ec
core   0: 0x800089ac (0x8b093093) sltiu   ra, s2, -1872
core   0: 3 0x800089ac (0x8b093093) x 1 0x00000001
core   0: 0x800089b0 (0x00b0d493) srli    s1, ra, 11
core   0: 3 0x800089b0 (0x00b0d493) x 9 0x00000000
core   0: 0x800089b4 (0x017d14b3) sll     s1, s10, s7
core   0: 3 0x800089b4 (0x017d14b3) x 9 0x00000000
core   0: 0x800089b8 (0xc8d08693) addi    a3, ra, -883
core   0: 3 0x800089b8 (0xc8d08693) x13 0xfffffc8e
core   0: 0x800089bc (0x99094a17) auipc   s4, 0x99094
core   0: 3 0x800089bc (0x99094a17) x20 0x1909c9bc
core   0: 0x800089c0 (0x1c324e13) xori    t3, tp, 451
core   0: 3 0x800089c0 (0x1c324e13) x28 0x003dc77e
core   0: 0x800089c4 (0x019f6bb3) or      s7, t5, s9
core   0: 3 0x800089c4 (0x019f6bb3) x23 0xffbba6af
core   0: 0x800089c8 (0xcc2aa913) slti    s2, s5, -830
core   0: 3 0x800089c8 (0xcc2aa913) x18 0x00000000
core   0: 0x800089cc (0x00859e13) slli    t3, a1, 8
core   0: 3 0x800089cc (0x00859e13) x28 0x010e6400
core   0: 0x800089d0 (0x01ccc9b3) xor     s3, s9, t3
core   0: 3 0x800089d0 (0x01ccc9b3) x19 0xd58442ac
core   0: 0x800089d4 (0x01199313) slli    t1, s3, 17
core   0: 3 0x800089d4 (0x01199313) x 6 0x85580000
core   0: 0x800089d8 (0x00c5ee33) or      t3, a1, a2
core   0: 3 0x800089d8 (0x00c5ee33) x28 0xdaf7ae64
core   0: 0x800089dc (0x2b0e6913) ori     s2, t3, 688
core   0: 3 0x800089dc (0x2b0e6913) x18 0xdaf7aef4
core   0: 0x800089e0 (0x61444e13) xori    t3, s0, 1556
core   0: 3 0x800089e0 (0x61444e13) x28 0x00000615
core   0: 0x800089e4 (0x00e52cb3) slt     s9, a0, a4
core   0: 3 0x800089e4 (0x00e52cb3) x25 0x00000001
core   0: 0x800089e8 (0x01ae3033) sltu    zero, t3, s10
core   0: 3 0x800089e8 (0x01ae3033)
core   0: 0x800089ec (0x00322833) slt     a6, tp, gp
core   0: 3 0x800089ec (0x00322833) x16 0x00000000
core   0: 0x800089f0 (0x00e11eb3) sll     t4, sp, a4
core   0: 3 0x800089f0 (0x00e11eb3) x29 0x4bee4000
core   0: 0x800089f4 (0x00bd5e13) srli    t3, s10, 11
core   0: 3 0x800089f4 (0x00bd5e13) x28 0x00000000
core   0: 0x800089f8 (0x00000013) nop
core   0: 3 0x800089f8 (0x00000013)
core   0: 0x800089fc (0x01fa89b3) add     s3, s5, t6
core   0: 3 0x800089fc (0x01fa89b3) x19 0x0cb61001
core   0: 0x80008a00 (0x69bb8413) addi    s0, s7, 1691
core   0: 3 0x80008a00 (0x69bb8413) x 8 0xffbbad4a
core   0: 0x80008a04 (0x0169bfb3) sltu    t6, s3, s6
core   0: 3 0x80008a04 (0x0169bfb3) x31 0x00000000
core   0: 0x80008a08 (0x7e918c93) addi    s9, gp, 2025
core   0: 3 0x80008a08 (0x7e918c93) x25 0x00000253
core   0: 0x80008a0c (0x8e617193) andi    gp, sp, -1818
core   0: 3 0x80008a0c (0x8e617193) x 3 0x4bee4000
core   0: 0x80008a10 (0xb692ab93) slti    s7, t0, -1175
core   0: 3 0x80008a10 (0xb692ab93) x23 0x00000001
core   0: 0x80008a14 (0x01307d33) and     s10, zero, s3
core   0: 3 0x80008a14 (0x01307d33) x26 0x00000000
core   0: 0x80008a18 (0xc4ec4713) xori    a4, s8, -946
core   0: 3 0x80008a18 (0xc4ec4713) x14 0x003d8271
core   0: 0x80008a1c (0x017450b3) srl     ra, s0, s7
core   0: 3 0x80008a1c (0x017450b3) x 1 0x7fddd6a5
core   0: 0x80008a20 (0x00e58cb3) add     s9, a1, a4
core   0: 3 0x80008a20 (0x00e58cb3) x25 0x803e90d5
core   0: 0x80008a24 (0x0154c933) xor     s2, s1, s5
core   0: 3 0x80008a24 (0x0154c933) x18 0x0cb61000
core   0: 0x80008a28 (0x18202413) slti    s0, zero, 386
core   0: 3 0x80008a28 (0x18202413) x 8 0x00000001
core   0: 0x80008a2c (0xfd757493) andi    s1, a0, -41
core   0: 3 0x80008a2c (0xfd757493) x 9 0x80014cc4
core   0: 0x80008a30 (0x00c6cdb3) xor     s11, a3, a2
core   0: 3 0x80008a30 (0x00c6cdb3) x27 0xa5085c8e
core   0: 0x80008a34 (0x0067f633) and     a2, a5, t1
core   0: 3 0x80008a34 (0x0067f633) x12 0x00000000
core   0: 0x80008a38 (0x00669413) slli    s0, a3, 6
core   0: 3 0x80008a38 (0x00669413) x 8 0xffff2380
core   0: 0x80008a3c (0x41920633) sub     a2, tp, s9
core   0: 3 0x80008a3c (0x41920633) x12 0x7fff35e8
core   0: 0x80008a40 (0x00ba1bb3) sll     s7, s4, a1
core   0: 3 0x80008a40 (0x00ba1bb3) x23 0x909c9bc0
core   0: 0x80008a44 (0x00000013) nop
core   0: 3 0x80008a44 (0x00000013)
core   0: 0x80008a48 (0xe6b63993) sltiu   s3, a2, -405
core   0: 3 0x80008a48 (0xe6b63993) x19 0x00000001
core   0: 0x80008a4c (0xef167813) andi    a6, a2, -271
core   0: 3 0x80008a4c (0xef167813) x16 0x7fff34e0
core   0: 0x80008a50 (0x00000013) nop
core   0: 3 0x80008a50 (0x00000013)
core   0: 0x80008a54 (0x41a20833) sub     a6, tp, s10
core   0: 3 0x80008a54 (0x41a20833) x16 0x003dc6bd
core   0: 0x80008a58 (0x01a638b3) sltu    a7, a2, s10
core   0: 3 0x80008a58 (0x01a638b3) x17 0x00000000
core   0: 0x80008a5c (0x011264b3) or      s1, tp, a7
core   0: 3 0x80008a5c (0x011264b3) x 9 0x003dc6bd
core   0: 0x80008a60 (0x01c6db33) srl     s6, a3, t3
core   0: 3 0x80008a60 (0x01c6db33) x22 0xfffffc8e
core   0: 0x80008a64 (0x00fc01b3) add     gp, s8, a5
core   0: 3 0x80008a64 (0x00fc01b3) x 3 0xffc2802b
core   0: 0x80008a68 (0x4ffdc993) xori    s3, s11, 1279
core   0: 3 0x80008a68 (0x4ffdc993) x19 0xa5085871
core   0: 0x80008a6c (0x017833b3) sltu    t2, a6, s7
core   0: 3 0x80008a6c (0x017833b3) x 7 0x00000001
core   0: 0x80008a70 (0x00489c93) slli    s9, a7, 4
core   0: 3 0x80008a70 (0x00489c93) x25 0x00000000
core   0: 0x80008a74 (0x00000013) nop
core   0: 3 0x80008a74 (0x00000013)
core   0: 0x80008a78 (0x01af9993) slli    s3, t6, 26
core   0: 3 0x80008a78 (0x01af9993) x19 0x00000000
core   0: 0x80008a7c (0x44924f37) lui     t5, 0x44924
core   0: 3 0x80008a7c (0x44924f37) x30 0x44924000
core   0: 0x80008a80 (0x9acf6d93) ori     s11, t5, -1620
core   0: 3 0x80008a80 (0x9acf6d93) x27 0xfffff9ac
core   0: 0x80008a84 (0xc6d85e17) auipc   t3, 0xc6d85
core   0: 3 0x80008a84 (0xc6d85e17) x28 0x46d8da84
core   0: 0x80008a88 (0x3d90b793) sltiu   a5, ra, 985
core   0: 3 0x80008a88 (0x3d90b793) x15 0x00000000
core   0: 0x80008a8c (0xb3379737) lui     a4, 0xb3379
core   0: 3 0x80008a8c (0xb3379737) x14 0xb3379000
core   0: 0x80008a90 (0x5b040813) addi    a6, s0, 1456
core   0: 3 0x80008a90 (0x5b040813) x16 0xffff2930
core   0: 0x80008a94 (0x00da7b33) and     s6, s4, a3
core   0: 3 0x80008a94 (0x00da7b33) x22 0x1909c88c
core   0: 0x80008a98 (0x01a944b3) xor     s1, s2, s10
core   0: 3 0x80008a98 (0x01a944b3) x 9 0x0cb61000
core   0: 0x80008a9c (0xdb0abe93) sltiu   t4, s5, -592
core   0: 3 0x80008a9c (0xdb0abe93) x29 0x00000001
core   0: 0x80008aa0 (0x008fcfb3) xor     t6, t6, s0
core   0: 3 0x80008aa0 (0x008fcfb3) x31 0xffff2380
core   0: 0x80008aa4 (0xb2022713) slti    a4, tp, -1248
core   0: 3 0x80008aa4 (0xb2022713) x14 0x00000000
core   0: 0x80008aa8 (0x01e84bb3) xor     s7, a6, t5
core   0: 3 0x80008aa8 (0x01e84bb3) x23 0xbb6d6930
core   0: 0x80008aac (0x01269993) slli    s3, a3, 18
core   0: 3 0x80008aac (0x01269993) x19 0xf2380000
core   0: 0x80008ab0 (0x0044a6b3) slt     a3, s1, tp
core   0: 3 0x80008ab0 (0x0044a6b3) x13 0x00000000
core   0: 0x80008ab4 (0x81cef393) andi    t2, t4, -2020
core   0: 3 0x80008ab4 (0x81cef393) x 7 0x00000000
core   0: 0x80008ab8 (0x016dbb33) sltu    s6, s11, s6
core   0: 3 0x80008ab8 (0x016dbb33) x22 0x00000000
core   0: 0x80008abc (0x41c402b3) sub     t0, s0, t3
core   0: 3 0x80008abc (0x41c402b3) x 5 0xb92648fc
core   0: 0x80008ac0 (0xd6afc813) xori    a6, t6, -662
core   0: 3 0x80008ac0 (0xd6afc813) x16 0x0000deea
core   0: 0x80008ac4 (0x00000013) nop
core   0: 3 0x80008ac4 (0x00000013)
core   0: 0x80008ac8 (0xa3244913) xori    s2, s0, -1486
core   0: 3 0x80008ac8 (0xa3244913) x18 0x0000d9b2
core   0: 0x80008acc (0x00f17db3) and     s11, sp, a5
core   0: 3 0x80008acc (0x00f17db3) x27 0x00000000
core   0: 0x80008ad0 (0x018f17b3) sll     a5, t5, s8
core   0: 3 0x80008ad0 (0x018f17b3) x15 0x00000000
core   0: 0x80008ad4 (0xa89d8d13) addi    s10, s11, -1399
core   0: 3 0x80008ad4 (0xa89d8d13) x26 0xfffffa89
core   0: 0x80008ad8 (0xa7668c97) auipc   s9, 0xa7668
core   0: 3 0x80008ad8 (0xa7668c97) x25 0x27670ad8
core   0: 0x80008adc (0x019d1893) slli    a7, s10, 25
core   0: 3 0x80008adc (0x019d1893) x17 0x12000000
core   0: 0x80008ae0 (0x003698b3) sll     a7, a3, gp
core   0: 3 0x80008ae0 (0x003698b3) x17 0x00000000
core   0: 0x80008ae4 (0xb5b06413) ori     s0, zero, -1189
core   0: 3 0x80008ae4 (0xb5b06413) x 8 0xfffffb5b
core   0: 0x80008ae8 (0xb5d47617) auipc   a2, 0xb5d47
core   0: 3 0x80008ae8 (0xb5d47617) x12 0x35d4fae8
core   0: 0x80008aec (0x60fef613) andi    a2, t4, 1551
core   0: 3 0x80008aec (0x60fef613) x12 0x00000001
core   0: 0x80008af0 (0x401e82b3) sub     t0, t4, ra
core   0: 3 0x80008af0 (0x401e82b3) x 5 0x8022295c
core   0: 0x80008af4 (0x011bf133) and     sp, s7, a7
core   0: 3 0x80008af4 (0x011bf133) x 2 0x00000000
core   0: 0x80008af8 (0x61ebeb13) ori     s6, s7, 1566
core   0: 3 0x80008af8 (0x61ebeb13) x22 0xbb6d6f3e
core   0: 0x80008afc (0x00406933) or      s2, zero, tp
core   0: 3 0x80008afc (0x00406933) x18 0x003dc6bd
core   0: 0x80008b00 (0x016d8ab3) add     s5, s11, s6
core   0: 3 0x80008b00 (0x016d8ab3) x21 0xbb6d6f3e
core   0: 0x80008b04 (0x00071933) sll     s2, a4, zero
core   0: 3 0x80008b04 (0x00071933) x18 0x00000000
core   0: 0x80008b08 (0x0185a6b3) slt     a3, a1, s8
core   0: 3 0x80008b08 (0x0185a6b3) x13 0x00000001
core   0: 0x80008b0c (0xd7176313) ori     t1, a4, -655
core   0: 3 0x80008b0c (0xd7176313) x 6 0xfffffd71
core   0: 0x80008b10 (0x0153eeb3) or      t4, t2, s5
core   0: 3 0x80008b10 (0x0153eeb3) x29 0xbb6d6f3e
core   0: 0x80008b14 (0x7e05f437) lui     s0, 0x7e05f
core   0: 3 0x80008b14 (0x7e05f437) x 8 0x7e05f000
core   0: 0x80008b18 (0x1ae03117) auipc   sp, 0x1ae03
core   0: 3 0x80008b18 (0x1ae03117) x 2 0x9ae0bb18
core   0: 0x80008b1c (0x00f32033) slt     zero, t1, a5
core   0: 3 0x80008b1c (0x00f32033)
core   0: 0x80008b20 (0xff197113) andi    sp, s2, -15
core   0: 3 0x80008b20 (0xff197113) x 2 0x00000000
core   0: 0x80008b24 (0x81d78093) addi    ra, a5, -2019
core   0: 3 0x80008b24 (0x81d78093) x 1 0xfffff81d
core   0: 0x80008b28 (0x00000013) nop
core   0: 3 0x80008b28 (0x00000013)
core   0: 0x80008b2c (0x46626f13) ori     t5, tp, 1126
core   0: 3 0x80008b2c (0x46626f13) x30 0x003dc6ff
core   0: 0x80008b30 (0xa2788113) addi    sp, a7, -1497
core   0: 3 0x80008b30 (0xa2788113) x 2 0xfffffa27
core   0: 0x80008b34 (0x41060433) sub     s0, a2, a6
core   0: 3 0x80008b34 (0x41060433) x 8 0xffff2117
core   0: 0x80008b38 (0x0068d193) srli    gp, a7, 6
core   0: 3 0x80008b38 (0x0068d193) x 3 0x00000000
core   0: 0x80008b3c (0x007a1db3) sll     s11, s4, t2
core   0: 3 0x80008b3c (0x007a1db3) x27 0x1909c9bc
core   0: 0x80008b40 (0x00431413) slli    s0, t1, 4
core   0: 3 0x80008b40 (0x00431413) x 8 0xffffd710
core   0: 0x80008b44 (0x0166d913) srli    s2, a3, 22
core   0: 3 0x80008b44 (0x0166d913) x18 0x00000000
core   0: 0x80008b48 (0xb112f693) andi    a3, t0, -1263
core   0: 3 0x80008b48 (0xb112f693) x13 0x80222910
core   0: 0x80008b4c (0x00a7a4b3) slt     s1, a5, a0
core   0: 3 0x80008b4c (0x00a7a4b3) x 9 0x00000000
core   0: 0x80008b50 (0xb30d8913) addi    s2, s11, -1232
core   0: 3 0x80008b50 (0xb30d8913) x18 0x1909c4ec
core   0: 0x80008b54 (0x00239913) slli    s2, t2, 2
core   0: 3 0x80008b54 (0x00239913) x18 0x00000000
core   0: 0x80008b58 (0x01f11793) slli    a5, sp, 31
core   0: 3 0x80008b58 (0x01f11793) x15 0x80000000
core   0: 0x80008b5c (0xe044b113) sltiu   sp, s1, -508
core   0: 3 0x80008b5c (0xe044b113) x 2 0x00000001
core   0: 0x80008b60 (0x00dd3933) sltu    s2, s10, a3
core   0: 3 0x80008b60 (0x00dd3933) x18 0x00000000
core   0: 0x80008b64 (0x41438db3) sub     s11, t2, s4
core   0: 3 0x80008b64 (0x41438db3) x27 0xe6f63644
core   0: 0x80008b68 (0xe7d1b393) sltiu   t2, gp, -387
core   0: 3 0x80008b68 (0xe7d1b393) x 7 0x00000001
core   0: 0x80008b6c (0x01d5b233) sltu    tp, a1, t4
core   0: 3 0x80008b6c (0x01d5b233) x 4 0x00000001
core   0: 0x80008b70 (0x00b0cd33) xor     s10, ra, a1
core   0: 3 0x80008b70 (0x00b0cd33) x26 0x7ffef679
core   0: 0x80008b74 (0x00965b93) srli    s7, a2, 9
core   0: 3 0x80008b74 (0x00965b93) x23 0x00000000
core   0: 0x80008b78 (0x5a9c3c93) sltiu   s9, s8, 1449
core   0: 3 0x80008b78 (0x5a9c3c93) x25 0x00000000
core   0: 0x80008b7c (0x7c9bc093) xori    ra, s7, 1993
core   0: 3 0x80008b7c (0x7c9bc093) x 1 0x000007c9
core   0: 0x80008b80 (0x019feb33) or      s6, t6, s9
core   0: 3 0x80008b80 (0x019feb33) x22 0xffff2380
core   0: 0x80008b84 (0x018bc433) xor     s0, s7, s8
core   0: 3 0x80008b84 (0x018bc433) x 8 0xffc27e3f
core   0: 0x80008b88 (0x4182dd33) sra     s10, t0, s8
core   0: 3 0x80008b88 (0x4182dd33) x26 0xffffffff
core   0: 0x80008b8c (0x0140e033) or      zero, ra, s4
core   0: 3 0x80008b8c (0x0140e033)
core   0: 0x80008b90 (0x00000013) nop
core   0: 3 0x80008b90 (0x00000013)
core   0: 0x80008b94 (0x014419b3) sll     s3, s0, s4
core   0: 3 0x80008b94 (0x014419b3) x19 0xf0000000
core   0: 0x80008b98 (0x018ec433) xor     s0, t4, s8
core   0: 3 0x80008b98 (0x018ec433) x 8 0x44af1101
core   0: 0x80008b9c (0x0023d493) srli    s1, t2, 2
core   0: 3 0x80008b9c (0x0023d493) x 9 0x00000000
core   0: 0x80008ba0 (0x56952e13) slti    t3, a0, 1385
core   0: 3 0x80008ba0 (0x56952e13) x28 0x00000001
core   0: 0x80008ba4 (0x01b94d33) xor     s10, s2, s11
core   0: 3 0x80008ba4 (0x01b94d33) x26 0xe6f63644
core   0: 0x80008ba8 (0x01915a93) srli    s5, sp, 25
core   0: 3 0x80008ba8 (0x01915a93) x21 0x00000000
core   0: 0x80008bac (0xb35e8113) addi    sp, t4, -1227
core   0: 3 0x80008bac (0xb35e8113) x 2 0xbb6d6a73
core   0: 0x80008bb0 (0x4140d4b3) sra     s1, ra, s4
core   0: 3 0x80008bb0 (0x4140d4b3) x 9 0x00000000
core   0: 0x80008bb4 (0x40fe8ab3) sub     s5, t4, a5
core   0: 3 0x80008bb4 (0x40fe8ab3) x21 0x3b6d6f3e
core   0: 0x80008bb8 (0x01f29eb3) sll     t4, t0, t6
core   0: 3 0x80008bb8 (0x01f29eb3) x29 0x8022295c
core   0: 0x80008bbc (0x00baf9b3) and     s3, s5, a1
core   0: 3 0x80008bbc (0x00baf9b3) x19 0x00010e24
core   0: 0x80008bc0 (0x70d8e293) ori     t0, a7, 1805
core   0: 3 0x80008bc0 (0x70d8e293) x 5 0x0000070d
core   0: 0x80008bc4 (0x004f5613) srli    a2, t5, 4
core   0: 3 0x80008bc4 (0x004f5613) x12 0x0003dc6f
core   0: 0x80008bc8 (0x01fb92b3) sll     t0, s7, t6
core   0: 3 0x80008bc8 (0x01fb92b3) x 5 0x00000000
core   0: 0x80008bcc (0x00458733) add     a4, a1, tp
core   0: 3 0x80008bcc (0x00458733) x14 0x80010e65
core   0: 0x80008bd0 (0x01b95b93) srli    s7, s2, 27
core   0: 3 0x80008bd0 (0x01b95b93) x23 0x00000000
core   0: 0x80008bd4 (0x40530bb3) sub     s7, t1, t0
core   0: 3 0x80008bd4 (0x40530bb3) x23 0xfffffd71
core   0: 0x80008bd8 (0x005e7733) and     a4, t3, t0
core   0: 3 0x80008bd8 (0x005e7733) x14 0x00000000
core   0: 0x80008bdc (0x24da3493) sltiu   s1, s4, 589
core   0: 3 0x80008bdc (0x24da3493) x 9 0x00000000
core   0: 0x80008be0 (0x4807ea13) ori     s4, a5, 1152
core   0: 3 0x80008be0 (0x4807ea13) x20 0x80000480
core   0: 0x80008be4 (0x41fe53b3) sra     t2, t3, t6
core   0: 3 0x80008be4 (0x41fe53b3) x 7 0x00000001
core   0: 0x80008be8 (0xee8df613) andi    a2, s11, -280
core   0: 3 0x80008be8 (0xee8df613) x12 0xe6f63640
core   0: 0x80008bec (0x7edd0293) addi    t0, s10, 2029
core   0: 3 0x80008bec (0x7edd0293) x 5 0xe6f63e31
core   0: 0x80008bf0 (0x8ca6e217) auipc   tp, 0x8ca6e
core   0: 3 0x80008bf0 (0x8ca6e217) x 4 0x0ca76bf0
core   0: 0x80008bf4 (0x405a5c93) srai    s9, s4, 5
core   0: 3 0x80008bf4 (0x405a5c93) x25 0xfc000024
core   0: 0x80008bf8 (0xa4ec6d93) ori     s11, s8, -1458
core   0: 3 0x80008bf8 (0xa4ec6d93) x27 0xfffffe7f
core   0: 0x80008bfc (0x40345713) srai    a4, s0, 3
core   0: 3 0x80008bfc (0x40345713) x14 0x0895e220
core   0: 0x80008c00 (0x8d118b93) addi    s7, gp, -1839
core   0: 3 0x80008c00 (0x8d118b93) x23 0xfffff8d1
core   0: 0x80008c04 (0x003fd3b3) srl     t2, t6, gp
core   0: 3 0x80008c04 (0x003fd3b3) x 7 0xffff2380
core   0: 0x80008c08 (0x01a07333) and     t1, zero, s10
core   0: 3 0x80008c08 (0x01a07333) x 6 0x00000000
core   0: 0x80008c0c (0x00427a33) and     s4, tp, tp
core   0: 3 0x80008c0c (0x00427a33) x20 0x0ca76bf0
core   0: 0x80008c10 (0xf4dc3737) lui     a4, 0xf4dc3
core   0: 3 0x80008c10 (0xf4dc3737) x14 0xf4dc3000
core   0: 0x80008c14 (0x1afe0a13) addi    s4, t3, 431
core   0: 3 0x80008c14 (0x1afe0a13) x20 0x000001b0
core   0: 0x80008c18 (0x009547b3) xor     a5, a0, s1
core   0: 3 0x80008c18 (0x009547b3) x15 0x80014ce4
core   0: 0x80008c1c (0x00c75f33) srl     t5, a4, a2
core   0: 3 0x80008c1c (0x00c75f33) x30 0xf4dc3000
core   0: 0x80008c20 (0x016ab133) sltu    sp, s5, s6
core   0: 3 0x80008c20 (0x016ab133) x 2 0x00000001
core   0: 0x80008c24 (0x0f4d8f13) addi    t5, s11, 244
core   0: 3 0x80008c24 (0x0f4d8f13) x30 0xffffff73
core   0: 0x80008c28 (0x014994b3) sll     s1, s3, s4
core   0: 3 0x80008c28 (0x014994b3) x 9 0x0e240000
core   0: 0x80008c2c (0x00064033) xor     zero, a2, zero
core   0: 3 0x80008c2c (0x00064033)
core   0: 0x80008c30 (0x013919b3) sll     s3, s2, s3
core   0: 3 0x80008c30 (0x013919b3) x19 0x00000000
core   0: 0x80008c34 (0x00c181b3) add     gp, gp, a2
core   0: 3 0x80008c34 (0x00c181b3) x 3 0xe6f63640
core   0: 0x80008c38 (0x00e20fb3) add     t6, tp, a4
core   0: 3 0x80008c38 (0x00e20fb3) x31 0x01839bf0
core   0: 0x80008c3c (0x95830a93) addi    s5, t1, -1704
core   0: 3 0x80008c3c (0x95830a93) x21 0xfffff958
core   0: 0x80008c40 (0x85a05d97) auipc   s11, 0x85a05
core   0: 3 0x80008c40 (0x85a05d97) x27 0x05a0dc40
core   0: 0x80008c44 (0x924047b7) lui     a5, 0x92404
core   0: 3 0x80008c44 (0x924047b7) x15 0x92404000
core   0: 0x80008c48 (0x510c6e13) ori     t3, s8, 1296
core   0: 3 0x80008c48 (0x510c6e13) x28 0xffc27f3f
core   0: 0x80008c4c (0x00000013) nop
core   0: 3 0x80008c4c (0x00000013)
core   0: 0x80008c50 (0x4130de13) srai    t3, ra, 19
core   0: 3 0x80008c50 (0x4130de13) x28 0x00000000
core   0: 0x80008c54 (0x00e9aab3) slt     s5, s3, a4
core   0: 3 0x80008c54 (0x00e9aab3) x21 0x00000000
core   0: 0x80008c58 (0x01839133) sll     sp, t2, s8
core   0: 3 0x80008c58 (0x01839133) x 2 0x00000000
core   0: 0x80008c5c (0x002e4fb3) xor     t6, t3, sp
core   0: 3 0x80008c5c (0x002e4fb3) x31 0x00000000
core   0: 0x80008c60 (0x00c45033) srl     zero, s0, a2
core   0: 3 0x80008c60 (0x00c45033)
core   0: 0x80008c64 (0x99270b93) addi    s7, a4, -1646
core   0: 3 0x80008c64 (0x99270b93) x23 0xf4dc2992
core   0: 0x80008c68 (0x002114b3) sll     s1, sp, sp
core   0: 3 0x80008c68 (0x002114b3) x 9 0x00000000
core   0: 0x80008c6c (0xa3cae413) ori     s0, s5, -1476
core   0: 3 0x80008c6c (0xa3cae413) x 8 0xfffffa3c
core   0: 0x80008c70 (0xfff00b13) li      s6, -1
core   0: 3 0x80008c70 (0xfff00b13) x22 0xffffffff
core   0: 0x80008c74 (0x80000837) lui     a6, 0x80000
core   0: 3 0x80008c74 (0x80000837) x16 0x80000000
core   0: 0x80008c78 (0x80000db7) lui     s11, 0x80000
core   0: 3 0x80008c78 (0x80000db7) x27 0x80000000
core   0: 0x80008c7c (0x800002b7) lui     t0, 0x80000
core   0: 3 0x80008c7c (0x800002b7) x 5 0x80000000
core   0: 0x80008c80 (0xfff00f93) li      t6, -1
core   0: 3 0x80008c80 (0xfff00f93) x31 0xffffffff
core   0: 0x80008c84 (0xfff00113) li      sp, -1
core   0: 3 0x80008c84 (0xfff00113) x 2 0xffffffff
core   0: 0x80008c88 (0x7121ccb7) lui     s9, 0x7121c
core   0: 3 0x80008c88 (0x7121ccb7) x25 0x7121c000
core   0: 0x80008c8c (0xfdbc8c93) addi    s9, s9, -37
core   0: 3 0x80008c8c (0xfdbc8c93) x25 0x7121bfdb
core   0: 0x80008c90 (0x80000eb7) lui     t4, 0x80000
core   0: 3 0x80008c90 (0x80000eb7) x29 0x80000000
core   0: 0x80008c94 (0x40e81937) lui     s2, 0x40e81
core   0: 3 0x80008c94 (0x40e81937) x18 0x40e81000
core   0: 0x80008c98 (0x5a490913) addi    s2, s2, 1444
core   0: 3 0x80008c98 (0x5a490913) x18 0x40e815a4
core   0: 0x80008c9c (0x00000b93) li      s7, 0
core   0: 3 0x80008c9c (0x00000b93) x23 0x00000000
core   0: 0x80008ca0 (0x77355cb7) lui     s9, 0x77355
core   0: 3 0x80008ca0 (0x77355cb7) x25 0x77355000
core   0: 0x80008ca4 (0x4c68bdb7) lui     s11, 0x4c68b
core   0: 3 0x80008ca4 (0x4c68bdb7) x27 0x4c68b000
core   0: 0x80008ca8 (0x05c53117) auipc   sp, 0x5c53
core   0: 3 0x80008ca8 (0x05c53117) x 2 0x85c5bca8
core   0: 0x80008cac (0xaa710293) addi    t0, sp, -1369
core   0: 3 0x80008cac (0xaa710293) x 5 0x85c5b74f
core   0: 0x80008cb0 (0x417e8833) sub     a6, t4, s7
core   0: 3 0x80008cb0 (0x417e8833) x16 0x80000000
core   0: 0x80008cb4 (0x397f1c97) auipc   s9, 0x397f1
core   0: 3 0x80008cb4 (0x397f1c97) x25 0xb97f9cb4
core   0: 0x80008cb8 (0x00000013) nop
core   0: 3 0x80008cb8 (0x00000013)
core   0: 0x80008cbc (0x405b8133) sub     sp, s7, t0
core   0: 3 0x80008cbc (0x405b8133) x 2 0x7a3a48b1
core   0: 0x80008cc0 (0x1e111117) auipc   sp, 0x1e111
core   0: 3 0x80008cc0 (0x1e111117) x 2 0x9e119cc0
core   0: 0x80008cc4 (0x416d8fb3) sub     t6, s11, s6
core   0: 3 0x80008cc4 (0x416d8fb3) x31 0x4c68b001
core   0: 0x80008cc8 (0x00000013) nop
core   0: 3 0x80008cc8 (0x00000013)
core   0: 0x80008ccc (0x9de28113) addi    sp, t0, -1570
core   0: 3 0x80008ccc (0x9de28113) x 2 0x85c5b12d
core   0: 0x80008cd0 (0x00000013) nop
core   0: 3 0x80008cd0 (0x00000013)
core   0: 0x80008cd4 (0x00000013) nop
core   0: 3 0x80008cd4 (0x00000013)
core   0: 0x80008cd8 (0x0dad8813) addi    a6, s11, 218
core   0: 3 0x80008cd8 (0x0dad8813) x16 0x4c68b0da
core   0: 0x80008cdc (0x412c8eb3) sub     t4, s9, s2
core   0: 3 0x80008cdc (0x412c8eb3) x29 0x78978710
core   0: 0x80008ce0 (0x00000013) nop
core   0: 3 0x80008ce0 (0x00000013)
core   0: 0x80008ce4 (0x416f8833) sub     a6, t6, s6
core   0: 3 0x80008ce4 (0x416f8833) x16 0x4c68b002
core   0: 0x80008ce8 (0x41b80133) sub     sp, a6, s11
core   0: 3 0x80008ce8 (0x41b80133) x 2 0x00000002
core   0: 0x80008cec (0x00528b33) add     s6, t0, t0
core   0: 3 0x80008cec (0x00528b33) x22 0x0b8b6e9e
core   0: 0x80008cf0 (0x9b86d837) lui     a6, 0x9b86d
core   0: 3 0x80008cf0 (0x9b86d837) x16 0x9b86d000
core   0: 0x80008cf4 (0x41d10833) sub     a6, sp, t4
core   0: 3 0x80008cf4 (0x41d10833) x16 0x876878f2
core   0: 0x80008cf8 (0x36ee4013) xori    zero, t3, 878
core   0: 3 0x80008cf8 (0x36ee4013)
core   0: 0x80008cfc (0x00f3de13) srli    t3, t2, 15
core   0: 3 0x80008cfc (0x00f3de13) x28 0x0001fffe
core   0: 0x80008d00 (0x01274a33) xor     s4, a4, s2
core   0: 3 0x80008d00 (0x01274a33) x20 0xb43425a4
core   0: 0x80008d04 (0x40b88bb3) sub     s7, a7, a1
core   0: 3 0x80008d04 (0x40b88bb3) x23 0x7ffef19c
core   0: 0x80008d08 (0x0024f933) and     s2, s1, sp
core   0: 3 0x80008d08 (0x0024f933) x18 0x00000000
core   0: 0x80008d0c (0xcbec0293) addi    t0, s8, -834
core   0: 3 0x80008d0c (0xcbec0293) x 5 0xffc27afd
core   0: 0x80008d10 (0x41fd5693) srai    a3, s10, 31
core   0: 3 0x80008d10 (0x41fd5693) x13 0xffffffff
core   0: 0x80008d14 (0x6a4e6093) ori     ra, t3, 1700
core   0: 3 0x80008d14 (0x6a4e6093) x 1 0x0001fffe
core   0: 0x80008d18 (0x018e79b3) and     s3, t3, s8
core   0: 3 0x80008d18 (0x018e79b3) x19 0x00007e3e
core   0: 0x80008d1c (0x007464b3) or      s1, s0, t2
core   0: 3 0x80008d1c (0x007464b3) x 9 0xfffffbbc
core   0: 0x80008d20 (0x3458b193) sltiu   gp, a7, 837
core   0: 3 0x80008d20 (0x3458b193) x 3 0x00000001
core   0: 0x80008d24 (0xcad936b7) lui     a3, 0xcad93
core   0: 3 0x80008d24 (0xcad936b7) x13 0xcad93000
core   0: 0x80008d28 (0x001bd493) srli    s1, s7, 1
core   0: 3 0x80008d28 (0x001bd493) x 9 0x3fff78ce
core   0: 0x80008d2c (0x4115d3b3) sra     t2, a1, a7
core   0: 3 0x80008d2c (0x4115d3b3) x 7 0x80010e64
core   0: 0x80008d30 (0xb1b20493) addi    s1, tp, -1253
core   0: 3 0x80008d30 (0xb1b20493) x 9 0x0ca7670b
core   0: 0x80008d34 (0x005c58b3) srl     a7, s8, t0
core   0: 3 0x80008d34 (0x005c58b3) x17 0x00000007
core   0: 0x80008d38 (0xf82a0113) addi    sp, s4, -126
core   0: 3 0x80008d38 (0xf82a0113) x 2 0xb4342526
core   0: 0x80008d3c (0x41cf06b3) sub     a3, t5, t3
core   0: 3 0x80008d3c (0x41cf06b3) x13 0xfffdff75
core   0: 0x80008d40 (0x4024d813) srai    a6, s1, 2
core   0: 3 0x80008d40 (0x4024d813) x16 0x0329d9c2
core   0: 0x80008d44 (0x00000013) nop
core   0: 3 0x80008d44 (0x00000013)
core   0: 0x80008d48 (0x01887fb3) and     t6, a6, s8
core   0: 3 0x80008d48 (0x01887fb3) x31 0x03005802
core   0: 0x80008d4c (0x01a257b3) srl     a5, tp, s10
core   0: 3 0x80008d4c (0x01a257b3) x15 0x00ca76bf
core   0: 0x80008d50 (0x00d59e13) slli    t3, a1, 13
core   0: 3 0x80008d50 (0x00d59e13) x28 0x21cc8000
core   0: 0x80008d54 (0x4f0a0b13) addi    s6, s4, 1264
core   0: 3 0x80008d54 (0x4f0a0b13) x22 0xb4342a94
core   0: 0x80008d58 (0x01e306b3) add     a3, t1, t5
core   0: 3 0x80008d58 (0x01e306b3) x13 0xffffff73
core   0: 0x80008d5c (0x606c4813) xori    a6, s8, 1542
core   0: 3 0x80008d5c (0x606c4813) x16 0xffc27839
core   0: 0x80008d60 (0x01619733) sll     a4, gp, s6
core   0: 3 0x80008d60 (0x01619733) x14 0x00100000
core   0: 0x80008d64 (0x00a31f33) sll     t5, t1, a0
core   0: 3 0x80008d64 (0x00a31f33) x30 0x00000000
core   0: 0x80008d68 (0x013d56b3) srl     a3, s10, s3
core   0: 3 0x80008d68 (0x013d56b3) x13 0x00000003
core   0: 0x80008d6c (0xf0156e13) ori     t3, a0, -255
core   0: 3 0x80008d6c (0xf0156e13) x28 0xffffffe5
core   0: 0x80008d70 (0x00926e33) or      t3, tp, s1
core   0: 3 0x80008d70 (0x00926e33) x28 0x0ca76ffb
core   0: 0x80008d74 (0x0051fb33) and     s6, gp, t0
core   0: 3 0x80008d74 (0x0051fb33) x22 0x00000001
core   0: 0x80008d78 (0x0197dd33) srl     s10, a5, s9
core   0: 3 0x80008d78 (0x0197dd33) x26 0x0000000c
core   0: 0x80008d7c (0x01ee4433) xor     s0, t3, t5
core   0: 3 0x80008d7c (0x01ee4433) x 8 0x0ca76ffb
core   0: 0x80008d80 (0x703eb1b7) lui     gp, 0x703eb
core   0: 3 0x80008d80 (0x703eb1b7) x 3 0x703eb000
core   0: 0x80008d84 (0x4046d033) sra     zero, a3, tp
core   0: 3 0x80008d84 (0x4046d033)
core   0: 0x80008d88 (0x00b80333) add     t1, a6, a1
core   0: 3 0x80008d88 (0x00b80333) x 6 0x7fc3869d
core   0: 0x80008d8c (0x01ba2ab3) slt     s5, s4, s11
core   0: 3 0x80008d8c (0x01ba2ab3) x21 0x00000001
core   0: 0x80008d90 (0x40715813) srai    a6, sp, 7
core   0: 3 0x80008d90 (0x40715813) x16 0xff68684a
core   0: 0x80008d94 (0x01d09113) slli    sp, ra, 29
core   0: 3 0x80008d94 (0x01d09113) x 2 0xc0000000
core   0: 0x80008d98 (0x620f7e13) andi    t3, t5, 1568
core   0: 3 0x80008d98 (0x620f7e13) x28 0x00000000
core   0: 0x80008d9c (0x00be5db3) srl     s11, t3, a1
core   0: 3 0x80008d9c (0x00be5db3) x27 0x00000000
core   0: 0x80008da0 (0x41ad8db3) sub     s11, s11, s10
core   0: 3 0x80008da0 (0x41ad8db3) x27 0xfffffff4
core   0: 0x80008da4 (0x00f808b3) add     a7, a6, a5
core   0: 3 0x80008da4 (0x00f808b3) x17 0x0032df09
core   0: 0x80008da8 (0xb40f4693) xori    a3, t5, -1216
core   0: 3 0x80008da8 (0xb40f4693) x13 0xfffffb40
core   0: 0x80008dac (0x019b0733) add     a4, s6, s9
core   0: 3 0x80008dac (0x019b0733) x14 0xb97f9cb5
core   0: 0x80008db0 (0xceb70c93) addi    s9, a4, -789
core   0: 3 0x80008db0 (0xceb70c93) x25 0xb97f99a0
core   0: 0x80008db4 (0x01159e93) slli    t4, a1, 17
core   0: 3 0x80008db4 (0x01159e93) x29 0x1cc80000
core   0: 0x80008db8 (0x00704eb3) xor     t4, zero, t2
core   0: 3 0x80008db8 (0x00704eb3) x29 0x80010e64
core   0: 0x80008dbc (0xf58df817) auipc   a6, 0xf58df
core   0: 3 0x80008dbc (0xf58df817) x16 0x758e7dbc
core   0: 0x80008dc0 (0x01504f33) xor     t5, zero, s5
core   0: 3 0x80008dc0 (0x01504f33) x30 0x00000001
core   0: 0x80008dc4 (0xbd03ad17) auipc   s10, 0xbd03a
core   0: 3 0x80008dc4 (0xbd03ad17) x26 0x3d042dc4
core   0: 0x80008dc8 (0x6152cd13) xori    s10, t0, 1557
core   0: 3 0x80008dc8 (0x6152cd13) x26 0xffc27ce8
core   0: 0x80008dcc (0x00e55193) srli    gp, a0, 14
core   0: 3 0x80008dcc (0x00e55193) x 3 0x00020005
core   0: 0x80008dd0 (0xdb887793) andi    a5, a6, -584
core   0: 3 0x80008dd0 (0xdb887793) x15 0x758e7db8
core   0: 0x80008dd4 (0xf337b493) sltiu   s1, a5, -205
core   0: 3 0x80008dd4 (0xf337b493) x 9 0x00000001
core   0: 0x80008dd8 (0x00dc1a13) slli    s4, s8, 13
core   0: 3 0x80008dd8 (0x00dc1a13) x20 0x4fc7e000
core   0: 0x80008ddc (0x00d389b3) add     s3, t2, a3
core   0: 3 0x80008ddc (0x00d389b3) x19 0x800109a4
core   0: 0x80008de0 (0x01c4c933) xor     s2, s1, t3
core   0: 3 0x80008de0 (0x01c4c933) x18 0x00000001
core   0: 0x80008de4 (0x008d1bb3) sll     s7, s10, s0
core   0: 3 0x80008de4 (0x008d1bb3) x23 0x40000000
core   0: 0x80008de8 (0xc102fd97) auipc   s11, 0xc102f
core   0: 3 0x80008de8 (0xc102fd97) x27 0x41037de8
core   0: 0x80008dec (0x005b2133) slt     sp, s6, t0
core   0: 3 0x80008dec (0x005b2133) x 2 0x00000000
core   0: 0x80008df0 (0x01b2cdb3) xor     s11, t0, s11
core   0: 3 0x80008df0 (0x01b2cdb3) x27 0xbec10715
core   0: 0x80008df4 (0x9d538413) addi    s0, t2, -1579
core   0: 3 0x80008df4 (0x9d538413) x 8 0x80010839
core   0: 0x80008df8 (0x00000013) nop
core   0: 3 0x80008df8 (0x00000013)
core   0: 0x80008dfc (0x012cddb3) srl     s11, s9, s2
core   0: 3 0x80008dfc (0x012cddb3) x27 0x5cbfccd0
core   0: 0x80008e00 (0x00ff48b3) xor     a7, t5, a5
core   0: 3 0x80008e00 (0x00ff48b3) x17 0x758e7db9
core   0: 0x80008e04 (0xbd8f7813) andi    a6, t5, -1064
core   0: 3 0x80008e04 (0xbd8f7813) x16 0x00000000
core   0: 0x80008e08 (0x4497bb97) auipc   s7, 0x4497b
core   0: 3 0x80008e08 (0x4497bb97) x23 0xc4983e08
core   0: 0x80008e0c (0x001017b3) sll     a5, zero, ra
core   0: 3 0x80008e0c (0x001017b3) x15 0x00000000
core   0: 0x80008e10 (0x41a6dd93) srai    s11, a3, 26
core   0: 3 0x80008e10 (0x41a6dd93) x27 0xffffffff
core   0: 0x80008e14 (0x007d49b3) xor     s3, s10, t2
core   0: 3 0x80008e14 (0x007d49b3) x19 0x7fc3728c
core   0: 0x80008e18 (0x00fb4cb3) xor     s9, s6, a5
core   0: 3 0x80008e18 (0x00fb4cb3) x25 0x00000001
core   0: 0x80008e1c (0xf20e6813) ori     a6, t3, -224
core   0: 3 0x80008e1c (0xf20e6813) x16 0xffffff20
core   0: 0x80008e20 (0x05e0f317) auipc   t1, 0x5e0f
core   0: 3 0x80008e20 (0x05e0f317) x 6 0x85e17e20
core   0: 0x80008e24 (0x0100f0b3) and     ra, ra, a6
core   0: 3 0x80008e24 (0x0100f0b3) x 1 0x0001ff20
core   0: 0x80008e28 (0x40fdda93) srai    s5, s11, 15
core   0: 3 0x80008e28 (0x40fdda93) x21 0xffffffff
core   0: 0x80008e2c (0x40bad4b3) sra     s1, s5, a1
core   0: 3 0x80008e2c (0x40bad4b3) x 9 0xffffffff
core   0: 0x80008e30 (0x00000013) nop
core   0: 3 0x80008e30 (0x00000013)
core   0: 0x80008e34 (0x41cf01b3) sub     gp, t5, t3
core   0: 3 0x80008e34 (0x41cf01b3) x 3 0x00000001
core   0: 0x80008e38 (0x41748eb3) sub     t4, s1, s7
core   0: 3 0x80008e38 (0x41748eb3) x29 0x3b67c1f7
core   0: 0x80008e3c (0x00e2d3b3) srl     t2, t0, a4
core   0: 3 0x80008e3c (0x00e2d3b3) x 7 0x000007fe
core   0: 0x80008e40 (0x0149fab3) and     s5, s3, s4
core   0: 3 0x80008e40 (0x0149fab3) x21 0x4fc36000
core   0: 0x80008e44 (0x0b3e7b13) andi    s6, t3, 179
core   0: 3 0x80008e44 (0x0b3e7b13) x22 0x00000000
core   0: 0x80008e48 (0x3cf7b993) sltiu   s3, a5, 975
core   0: 3 0x80008e48 (0x3cf7b993) x19 0x00000001
core   0: 0x80008e4c (0x01426f33) or      t5, tp, s4
core   0: 3 0x80008e4c (0x01426f33) x30 0x4fe7ebf0
core   0: 0x80008e50 (0x8dc50d13) addi    s10, a0, -1828
core   0: 3 0x80008e50 (0x8dc50d13) x26 0x800145c0
core   0: 0x80008e54 (0x2946bf93) sltiu   t6, a3, 660
core   0: 3 0x80008e54 (0x2946bf93) x31 0x00000000
core   0: 0x80008e58 (0x00742233) slt     tp, s0, t2
core   0: 3 0x80008e58 (0x00742233) x 4 0x00000001
core   0: 0x80008e5c (0x0058c7b3) xor     a5, a7, t0
core   0: 3 0x80008e5c (0x0058c7b3) x15 0x8a4c0744
core   0: 0x80008e60 (0x4192d933) sra     s2, t0, s9
core   0: 3 0x80008e60 (0x4192d933) x18 0xffe13d7e
core   0: 0x80008e64 (0x894b6193) ori     gp, s6, -1900
core   0: 3 0x80008e64 (0x894b6193) x 3 0xfffff894
core   0: 0x80008e68 (0x018ac3b3) xor     t2, s5, s8
core   0: 3 0x80008e68 (0x018ac3b3) x 7 0xb0011e3f
core   0: 0x80008e6c (0x00868cb3) add     s9, a3, s0
core   0: 3 0x80008e6c (0x00868cb3) x25 0x80010379
core   0: 0x80008e70 (0x01581fb3) sll     t6, a6, s5
core   0: 3 0x80008e70 (0x01581fb3) x31 0xffffff20
core   0: 0x80008e74 (0x2794ee37) lui     t3, 0x2794e
core   0: 3 0x80008e74 (0x2794ee37) x28 0x2794e000
core   0: 0x80008e78 (0x014b8133) add     sp, s7, s4
core   0: 3 0x80008e78 (0x014b8133) x 2 0x14601e08
core   0: 0x80008e7c (0x008452b3) srl     t0, s0, s0
core   0: 3 0x80008e7c (0x008452b3) x 5 0x00000040
core   0: 0x80008e80 (0xc9fd8f13) addi    t5, s11, -865
core   0: 3 0x80008e80 (0xc9fd8f13) x30 0xfffffc9e
core   0: 0x80008e84 (0x7e164713) xori    a4, a2, 2017
core   0: 3 0x80008e84 (0x7e164713) x14 0xe6f631a1
core   0: 0x80008e88 (0x67a3cf93) xori    t6, t2, 1658
core   0: 3 0x80008e88 (0x67a3cf93) x31 0xb0011845
core   0: 0x80008e8c (0x00fb5193) srli    gp, s6, 15
core   0: 3 0x80008e8c (0x00fb5193) x 3 0x00000000
core   0: 0x80008e90 (0xe930a713) slti    a4, ra, -365
core   0: 3 0x80008e90 (0xe930a713) x14 0x00000000
core   0: 0x80008e94 (0x01475c93) srli    s9, a4, 20
core   0: 3 0x80008e94 (0x01475c93) x25 0x00000000
core   0: 0x80008e98 (0x0099c733) xor     a4, s3, s1
core   0: 3 0x80008e98 (0x0099c733) x14 0xfffffffe
core   0: 0x80008e9c (0x04292113) slti    sp, s2, 66
core   0: 3 0x80008e9c (0x04292113) x 2 0x00000001
core   0: 0x80008ea0 (0x00c99613) slli    a2, s3, 12
core   0: 3 0x80008ea0 (0x00c99613) x12 0x00001000
core   0: 0x80008ea4 (0x01da64b3) or      s1, s4, t4
core   0: 3 0x80008ea4 (0x01da64b3) x 9 0x7fe7e1f7
core   0: 0x80008ea8 (0xdde87e13) andi    t3, a6, -546
core   0: 3 0x80008ea8 (0xdde87e13) x28 0xfffffd00
core   0: 0x80008eac (0x00c052b3) srl     t0, zero, a2
core   0: 3 0x80008eac (0x00c052b3) x 5 0x00000000
core   0: 0x80008eb0 (0xd67e7817) auipc   a6, 0xd67e7
core   0: 3 0x80008eb0 (0xd67e7817) x16 0x567efeb0
core   0: 0x80008eb4 (0x009b8733) add     a4, s7, s1
core   0: 3 0x80008eb4 (0x009b8733) x14 0x44801fff
core   0: 0x80008eb8 (0xe426c413) xori    s0, a3, -446
core   0: 3 0x80008eb8 (0xe426c413) x 8 0x00000502
core   0: 0x80008ebc (0x00e46333) or      t1, s0, a4
core   0: 3 0x80008ebc (0x00e46333) x 6 0x44801fff
core   0: 0x80008ec0 (0x00799733) sll     a4, s3, t2
core   0: 3 0x80008ec0 (0x00799733) x14 0x80000000
core   0: 0x80008ec4 (0xd0a1af93) slti    t6, gp, -758
core   0: 3 0x80008ec4 (0xd0a1af93) x31 0x00000000
core   0: 0x80008ec8 (0xf3372793) slti    a5, a4, -205
core   0: 3 0x80008ec8 (0xf3372793) x15 0x00000001
core   0: 0x80008ecc (0x01e2adb3) slt     s11, t0, t5
core   0: 3 0x80008ecc (0x01e2adb3) x27 0x00000000
core   0: 0x80008ed0 (0x4ad60f93) addi    t6, a2, 1197
core   0: 3 0x80008ed0 (0x4ad60f93) x31 0x000014ad
core   0: 0x80008ed4 (0x00575f13) srli    t5, a4, 5
core   0: 3 0x80008ed4 (0x00575f13) x30 0x04000000
core   0: 0x80008ed8 (0x4037da33) sra     s4, a5, gp
core   0: 3 0x80008ed8 (0x4037da33) x20 0x00000001
core   0: 0x80008edc (0x01d20db3) add     s11, tp, t4
core   0: 3 0x80008edc (0x01d20db3) x27 0x3b67c1f8
core   0: 0x80008ee0 (0x09c8ba93) sltiu   s5, a7, 156
core   0: 3 0x80008ee0 (0x09c8ba93) x21 0x00000000
core   0: 0x80008ee4 (0x008cc7b3) xor     a5, s9, s0
core   0: 3 0x80008ee4 (0x008cc7b3) x15 0x00000502
core   0: 0x80008ee8 (0x330a7413) andi    s0, s4, 816
core   0: 3 0x80008ee8 (0x330a7413) x 8 0x00000000
core   0: 0x80008eec (0x39adf813) andi    a6, s11, 922
core   0: 3 0x80008eec (0x39adf813) x16 0x00000198
core   0: 0x80008ef0 (0xc87e9e17) auipc   t3, 0xc87e9
core   0: 3 0x80008ef0 (0xc87e9e17) x28 0x487f1ef0
core   0: 0x80008ef4 (0x05ed7d13) andi    s10, s10, 94
core   0: 3 0x80008ef4 (0x05ed7d13) x26 0x00000040
core   0: 0x80008ef8 (0xde401437) lui     s0, 0xde401
core   0: 3 0x80008ef8 (0xde401437) x 8 0xde401000
core   0: 0x80008efc (0xd8eab293) sltiu   t0, s5, -626
core   0: 3 0x80008efc (0xd8eab293) x 5 0x00000001
core   0: 0x80008f00 (0x015d24b3) slt     s1, s10, s5
core   0: 3 0x80008f00 (0x015d24b3) x 9 0x00000000
core   0: 0x80008f04 (0x80078e13) addi    t3, a5, -2048
core   0: 3 0x80008f04 (0x80078e13) x28 0xfffffd02
core   0: 0x80008f08 (0x014a67b3) or      a5, s4, s4
core   0: 3 0x80008f08 (0x014a67b3) x15 0x00000001
core   0: 0x80008f0c (0x403c0f33) sub     t5, s8, gp
core   0: 3 0x80008f0c (0x403c0f33) x30 0xffc27e3f
core   0: 0x80008f10 (0x41cf8bb3) sub     s7, t6, t3
core   0: 3 0x80008f10 (0x41cf8bb3) x23 0x000017ab
core   0: 0x80008f14 (0x402f0db3) sub     s11, t5, sp
core   0: 3 0x80008f14 (0x402f0db3) x27 0xffc27e3e
core   0: 0x80008f18 (0x75af4a93) xori    s5, t5, 1882
core   0: 3 0x80008f18 (0x75af4a93) x21 0xffc27965
core   0: 0x80008f1c (0x00b04933) xor     s2, zero, a1
core   0: 3 0x80008f1c (0x00b04933) x18 0x80010e64
core   0: 0x80008f20 (0x5a6aa193) slti    gp, s5, 1446
core   0: 3 0x80008f20 (0x5a6aa193) x 3 0x00000001
core   0: 0x80008f24 (0x15e3fc93) andi    s9, t2, 350
core   0: 3 0x80008f24 (0x15e3fc93) x25 0x0000001e
core   0: 0x80008f28 (0x977d8b93) addi    s7, s11, -1673
core   0: 3 0x80008f28 (0x977d8b93) x23 0xffc277b5
core   0: 0x80008f2c (0x41d85113) srai    sp, a6, 29
core   0: 3 0x80008f2c (0x41d85113) x 2 0x00000000
core   0: 0x80008f30 (0x40c6d613) srai    a2, a3, 12
core   0: 3 0x80008f30 (0x40c6d613) x12 0xffffffff
core   0: 0x80008f34 (0x01c8b333) sltu    t1, a7, t3
core   0: 3 0x80008f34 (0x01c8b333) x 6 0x00000001
core   0: 0x80008f38 (0x004b8633) add     a2, s7, tp
core   0: 3 0x80008f38 (0x004b8633) x12 0xffc277b6
core   0: 0x80008f3c (0x01529393) slli    t2, t0, 21
core   0: 3 0x80008f3c (0x01529393) x 7 0x00200000
core   0: 0x80008f40 (0x01c379b3) and     s3, t1, t3
core   0: 3 0x80008f40 (0x01c379b3) x19 0x00000000
core   0: 0x80008f44 (0x8ae83d13) sltiu   s10, a6, -1874
core   0: 3 0x80008f44 (0x8ae83d13) x26 0x00000001
core   0: 0x80008f48 (0xe0d68413) addi    s0, a3, -499
core   0: 3 0x80008f48 (0xe0d68413) x 8 0xfffff94d
core   0: 0x80008f4c (0x0151d493) srli    s1, gp, 21
core   0: 3 0x80008f4c (0x0151d493) x 9 0x00000000
core   0: 0x80008f50 (0x383e3637) lui     a2, 0x383e3
core   0: 3 0x80008f50 (0x383e3637) x12 0x383e3000
core   0: 0x80008f54 (0x01122733) slt     a4, tp, a7
core   0: 3 0x80008f54 (0x01122733) x14 0x00000001
core   0: 0x80008f58 (0x01eed813) srli    a6, t4, 30
core   0: 3 0x80008f58 (0x01eed813) x16 0x00000000
core   0: 0x80008f5c (0x014eceb3) xor     t4, t4, s4
core   0: 3 0x80008f5c (0x014eceb3) x29 0x3b67c1f6
core   0: 0x80008f60 (0x00000013) nop
core   0: 3 0x80008f60 (0x00000013)
core   0: 0x80008f64 (0xd512f093) andi    ra, t0, -687
core   0: 3 0x80008f64 (0xd512f093) x 1 0x00000001
core   0: 0x80008f68 (0x79422793) slti    a5, tp, 1940
core   0: 3 0x80008f68 (0x79422793) x15 0x00000001
core   0: 0x80008f6c (0x007991b3) sll     gp, s3, t2
core   0: 3 0x80008f6c (0x007991b3) x 3 0x00000000
core   0: 0x80008f70 (0x4127d833) sra     a6, a5, s2
core   0: 3 0x80008f70 (0x4127d833) x16 0x00000000
core   0: 0x80008f74 (0x0163d993) srli    s3, t2, 22
core   0: 3 0x80008f74 (0x0163d993) x19 0x00000000
core   0: 0x80008f78 (0x00645d93) srli    s11, s0, 6
core   0: 3 0x80008f78 (0x00645d93) x27 0x03ffffe5
core   0: 0x80008f7c (0x01bbfab3) and     s5, s7, s11
core   0: 3 0x80008f7c (0x01bbfab3) x21 0x03c277a5
core   0: 0x80008f80 (0x00e691b3) sll     gp, a3, a4
core   0: 3 0x80008f80 (0x00e691b3) x 3 0xfffff680
core   0: 0x80008f84 (0x0021d9b3) srl     s3, gp, sp
core   0: 3 0x80008f84 (0x0021d9b3) x19 0xfffff680
core   0: 0x80008f88 (0x00000013) nop
core   0: 3 0x80008f88 (0x00000013)
core   0: 0x80008f8c (0x0036a433) slt     s0, a3, gp
core   0: 3 0x80008f8c (0x0036a433) x 8 0x00000000
core   0: 0x80008f90 (0xd50e6b93) ori     s7, t3, -688
core   0: 3 0x80008f90 (0xd50e6b93) x23 0xfffffd52
core   0: 0x80008f94 (0x00555ab3) srl     s5, a0, t0
core   0: 3 0x80008f94 (0x00555ab3) x21 0x4000a672
core   0: 0x80008f98 (0x407a5313) srai    t1, s4, 7
core   0: 3 0x80008f98 (0x407a5313) x 6 0x00000000
core   0: 0x80008f9c (0x00163733) sltu    a4, a2, ra
core   0: 3 0x80008f9c (0x00163733) x14 0x00000000
core   0: 0x80008fa0 (0xbbb7e713) ori     a4, a5, -1093
core   0: 3 0x80008fa0 (0xbbb7e713) x14 0xfffffbbb
core   0: 0x80008fa4 (0x01fd9f93) slli    t6, s11, 31
core   0: 3 0x80008fa4 (0x01fd9f93) x31 0x80000000
core   0: 0x80008fa8 (0x0054bb33) sltu    s6, s1, t0
core   0: 3 0x80008fa8 (0x0054bb33) x22 0x00000001
core   0: 0x80008fac (0x000c1393) slli    t2, s8, 0
core   0: 3 0x80008fac (0x000c1393) x 7 0xffc27e3f
core   0: 0x80008fb0 (0x414c5a93) srai    s5, s8, 20
core   0: 3 0x80008fb0 (0x414c5a93) x21 0xfffffffc
core   0: 0x80008fb4 (0xaa6b6613) ori     a2, s6, -1370
core   0: 3 0x80008fb4 (0xaa6b6613) x12 0xfffffaa7
core   0: 0x80008fb8 (0x0082bbb3) sltu    s7, t0, s0
core   0: 3 0x80008fb8 (0x0082bbb3) x23 0x00000000
core   0: 0x80008fbc (0x00786e33) or      t3, a6, t2
core   0: 3 0x80008fbc (0x00786e33) x28 0xffc27e3f
core   0: 0x80008fc0 (0x1e392393) slti    t2, s2, 483
core   0: 3 0x80008fc0 (0x1e392393) x 7 0x00000001
core   0: 0x80008fc4 (0x404004b3) sub     s1, zero, tp
core   0: 3 0x80008fc4 (0x404004b3) x 9 0xffffffff
core   0: 0x80008fc8 (0x00a09e33) sll     t3, ra, a0
core   0: 3 0x80008fc8 (0x00a09e33) x28 0x00000010
core   0: 0x80008fcc (0x01e6d9b3) srl     s3, a3, t5
core   0: 3 0x80008fcc (0x01e6d9b3) x19 0x00000001
core   0: 0x80008fd0 (0x41cb5693) srai    a3, s6, 28
core   0: 3 0x80008fd0 (0x41cb5693) x13 0x00000000
core   0: 0x80008fd4 (0x933fb493) sltiu   s1, t6, -1741
core   0: 3 0x80008fd4 (0x933fb493) x 9 0x00000001
core   0: 0x80008fd8 (0xe5524f93) xori    t6, tp, -427
core   0: 3 0x80008fd8 (0xe5524f93) x31 0xfffffe54
core   0: 0x80008fdc (0xf4a4c693) xori    a3, s1, -182
core   0: 3 0x80008fdc (0xf4a4c693) x13 0xffffff4b
core   0: 0x80008fe0 (0x26b06613) ori     a2, zero, 619
core   0: 3 0x80008fe0 (0x26b06613) x12 0x0000026b
core   0: 0x80008fe4 (0x006f6233) or      tp, t5, t1
core   0: 3 0x80008fe4 (0x006f6233) x 4 0xffc27e3f
core   0: 0x80008fe8 (0x01dfd0b3) srl     ra, t6, t4
core   0: 3 0x80008fe8 (0x01dfd0b3) x 1 0x000003ff
core   0: 0x80008fec (0x6f49af13) slti    t5, s3, 1780
core   0: 3 0x80008fec (0x6f49af13) x30 0x00000001
core   0: 0x80008ff0 (0x69553013) sltiu   zero, a0, 1685
core   0: 3 0x80008ff0 (0x69553013)
core   0: 0x80008ff4 (0x00250933) add     s2, a0, sp
core   0: 3 0x80008ff4 (0x00250933) x18 0x80014ce4
core   0: 0x80008ff8 (0xae154bb7) lui     s7, 0xae154
core   0: 3 0x80008ff8 (0xae154bb7) x23 0xae154000
core   0: 0x80008ffc (0x016fdd33) srl     s10, t6, s6
core   0: 3 0x80008ffc (0x016fdd33) x26 0x7fffff2a
core   0: 0x80009000 (0x01e6d913) srli    s2, a3, 30
core   0: 3 0x80009000 (0x01e6d913) x18 0x00000003
core   0: 0x80009004 (0x3ebd7e93) andi    t4, s10, 1003
core   0: 3 0x80009004 (0x3ebd7e93) x29 0x0000032a
core   0: 0x80009008 (0x00299a33) sll     s4, s3, sp
core   0: 3 0x80009008 (0x00299a33) x20 0x00000001
core   0: 0x8000900c (0xcbf57093) andi    ra, a0, -833
core   0: 3 0x8000900c (0xcbf57093) x 1 0x80014ca4
core   0: 0x80009010 (0x405f5033) sra     zero, t5, t0
core   0: 3 0x80009010 (0x405f5033)
core   0: 0x80009014 (0x20386297) auipc   t0, 0x20386
core   0: 3 0x80009014 (0x20386297) x 5 0xa038f014
core   0: 0x80009018 (0xc35d8a97) auipc   s5, 0xc35d8
core   0: 3 0x80009018 (0xc35d8a97) x21 0x435e1018
core   0: 0x8000901c (0xdf95c313) xori    t1, a1, -519
core   0: 3 0x8000901c (0xdf95c313) x 6 0x7ffef39d
core   0: 0x80009020 (0x014531b3) sltu    gp, a0, s4
core   0: 3 0x80009020 (0x014531b3) x 3 0x00000000
core   0: 0x80009024 (0x09c04c93) xori    s9, zero, 156
core   0: 3 0x80009024 (0x09c04c93) x25 0x0000009c
core   0: 0x80009028 (0x01139eb3) sll     t4, t2, a7
core   0: 3 0x80009028 (0x01139eb3) x29 0x02000000
core   0: 0x8000902c (0x015511b3) sll     gp, a0, s5
core   0: 3 0x8000902c (0x015511b3) x 3 0xe4000000
core   0: 0x80009030 (0x00000013) nop
core   0: 3 0x80009030 (0x00000013)
core   0: 0x80009034 (0x014c9b33) sll     s6, s9, s4
core   0: 3 0x80009034 (0x014c9b33) x22 0x00000138
core   0: 0x80009038 (0x50e12a93) slti    s5, sp, 1294
core   0: 3 0x80009038 (0x50e12a93) x21 0x00000001
core   0: 0x8000903c (0x01d29393) slli    t2, t0, 29
core   0: 3 0x8000903c (0x01d29393) x 7 0x80000000
core   0: 0x80009040 (0xb2726293) ori     t0, tp, -1241
core   0: 3 0x80009040 (0xb2726293) x 5 0xffffff3f
core   0: 0x80009044 (0x0041e333) or      t1, gp, tp
core   0: 3 0x80009044 (0x0041e333) x 6 0xffc27e3f
core   0: 0x80009048 (0x7b327993) andi    s3, tp, 1971
core   0: 3 0x80009048 (0x7b327993) x19 0x00000633
core   0: 0x8000904c (0x51aaae17) auipc   t3, 0x51aaa
core   0: 3 0x8000904c (0x51aaae17) x28 0xd1ab304c
core   0: 0x80009050 (0xf2e10c93) addi    s9, sp, -210
core   0: 3 0x80009050 (0xf2e10c93) x25 0xffffff2e
core   0: 0x80009054 (0x00de5fb3) srl     t6, t3, a3
core   0: 3 0x80009054 (0x00de5fb3) x31 0x001a3566
core   0: 0x80009058 (0x00589613) slli    a2, a7, 5
core   0: 3 0x80009058 (0x00589613) x12 0xb1cfb720
core   0: 0x8000905c (0x40cfd713) srai    a4, t6, 12
core   0: 3 0x8000905c (0x40cfd713) x14 0x000001a3
core   0: 0x80009060 (0x98be0fb7) lui     t6, 0x98be0
core   0: 3 0x80009060 (0x98be0fb7) x31 0x98be0000
core   0: 0x80009064 (0x405981b3) sub     gp, s3, t0
core   0: 3 0x80009064 (0x405981b3) x 3 0x000006f4
core   0: 0x80009068 (0x01a43333) sltu    t1, s0, s10
core   0: 3 0x80009068 (0x01a43333) x 6 0x00000001
core   0: 0x8000906c (0x9b492c93) slti    s9, s2, -1612
core   0: 3 0x8000906c (0x9b492c93) x25 0x00000000
core   0: 0x80009070 (0x0141dd13) srli    s10, gp, 20
core   0: 3 0x80009070 (0x0141dd13) x26 0x00000000
core   0: 0x80009074 (0x019bd613) srli    a2, s7, 25
core   0: 3 0x80009074 (0x019bd613) x12 0x00000057
core   0: 0x80009078 (0x0123aab3) slt     s5, t2, s2
core   0: 3 0x80009078 (0x0123aab3) x21 0x00000001
core   0: 0x8000907c (0x2163cb13) xori    s6, t2, 534
core   0: 3 0x8000907c (0x2163cb13) x22 0x80000216
core   0: 0x80009080 (0x0132feb3) and     t4, t0, s3
core   0: 3 0x80009080 (0x0132feb3) x29 0x00000633
core   0: 0x80009084 (0x00dc5293) srli    t0, s8, 13
core   0: 3 0x80009084 (0x00dc5293) x 5 0x0007fe13
core   0: 0x80009088 (0xbd1da493) slti    s1, s11, -1071
core   0: 3 0x80009088 (0xbd1da493) x 9 0x00000000
core   0: 0x8000908c (0xf9b87193) andi    gp, a6, -101
core   0: 3 0x8000908c (0xf9b87193) x 3 0x00000000
core   0: 0x80009090 (0xf6f8ad13) slti    s10, a7, -145
core   0: 3 0x80009090 (0xf6f8ad13) x26 0x00000000
core   0: 0x80009094 (0x00744db3) xor     s11, s0, t2
core   0: 3 0x80009094 (0x00744db3) x27 0x80000000
core   0: 0x80009098 (0x9f5d5337) lui     t1, 0x9f5d5
core   0: 3 0x80009098 (0x9f5d5337) x 6 0x9f5d5000
core   0: 0x8000909c (0x01a11b33) sll     s6, sp, s10
core   0: 3 0x8000909c (0x01a11b33) x22 0x00000000
core   0: 0x800090a0 (0x00695433) srl     s0, s2, t1
core   0: 3 0x800090a0 (0x00695433) x 8 0x00000003
core   0: 0x800090a4 (0x011923b3) slt     t2, s2, a7
core   0: 3 0x800090a4 (0x011923b3) x 7 0x00000001
core   0: 0x800090a8 (0x4118d393) srai    t2, a7, 17
core   0: 3 0x800090a8 (0x4118d393) x 7 0x00003ac7
core   0: 0x800090ac (0x00f0bf33) sltu    t5, ra, a5
core   0: 3 0x800090ac (0x00f0bf33) x30 0x00000000
core   0: 0x800090b0 (0x41118833) sub     a6, gp, a7
core   0: 3 0x800090b0 (0x41118833) x16 0x8a718247
core   0: 0x800090b4 (0x091f2a13) slti    s4, t5, 145
core   0: 3 0x800090b4 (0x091f2a13) x20 0x00000001
core   0: 0x800090b8 (0x0171beb3) sltu    t4, gp, s7
core   0: 3 0x800090b8 (0x0171beb3) x29 0x00000001
core   0: 0x800090bc (0xb2ad8613) addi    a2, s11, -1238
core   0: 3 0x800090bc (0xb2ad8613) x12 0x7ffffb2a
core   0: 0x800090c0 (0x6f06ed93) ori     s11, a3, 1776
core   0: 3 0x800090c0 (0x6f06ed93) x27 0xfffffffb
core   0: 0x800090c4 (0xdcc5ca13) xori    s4, a1, -564
core   0: 3 0x800090c4 (0xdcc5ca13) x20 0x7ffef3a8
core   0: 0x800090c8 (0x01d11433) sll     s0, sp, t4
core   0: 3 0x800090c8 (0x01d11433) x 8 0x00000000
core   0: 0x800090cc (0x01123cb3) sltu    s9, tp, a7
core   0: 3 0x800090cc (0x01123cb3) x25 0x00000000
core   0: 0x800090d0 (0x01873833) sltu    a6, a4, s8
core   0: 3 0x800090d0 (0x01873833) x16 0x00000001
core   0: 0x800090d4 (0x0166a233) slt     tp, a3, s6
core   0: 3 0x800090d4 (0x0166a233) x 4 0x00000001
core   0: 0x800090d8 (0x75daf413) andi    s0, s5, 1885
core   0: 3 0x800090d8 (0x75daf413) x 8 0x00000001
core   0: 0x800090dc (0x52d40cb7) lui     s9, 0x52d40
core   0: 3 0x800090dc (0x52d40cb7) x25 0x52d40000
core   0: 0x800090e0 (0x415f89b3) sub     s3, t6, s5
core   0: 3 0x800090e0 (0x415f89b3) x19 0x98bdffff
core   0: 0x800090e4 (0x8195ed97) auipc   s11, 0x8195e
core   0: 3 0x800090e4 (0x8195ed97) x27 0x019670e4
core   0: 0x800090e8 (0x00c6c933) xor     s2, a3, a2
core   0: 3 0x800090e8 (0x00c6c933) x18 0x80000461
core   0: 0x800090ec (0x00000013) nop
core   0: 3 0x800090ec (0x00000013)
core   0: 0x800090f0 (0x00a44a33) xor     s4, s0, a0
core   0: 3 0x800090f0 (0x00a44a33) x20 0x80014ce5
core   0: 0x800090f4 (0x994de713) ori     a4, s11, -1644
core   0: 3 0x800090f4 (0x994de713) x14 0xfffff9f4
core   0: 0x800090f8 (0x0091c1b3) xor     gp, gp, s1
core   0: 3 0x800090f8 (0x0091c1b3) x 3 0x00000000
core   0: 0x800090fc (0x01715e93) srli    t4, sp, 23
core   0: 3 0x800090fc (0x01715e93) x29 0x00000000
core   0: 0x80009100 (0x6b0a7713) andi    a4, s4, 1712
core   0: 3 0x80009100 (0x6b0a7713) x14 0x000004a0
core   0: 0x80009104 (0x7817d7b7) lui     a5, 0x7817d
core   0: 3 0x80009104 (0x7817d7b7) x15 0x7817d000
core   0: 0x80009108 (0x3f878693) addi    a3, a5, 1016
core   0: 3 0x80009108 (0x3f878693) x13 0x7817d3f8
core   0: 0x8000910c (0x32d67013) andi    zero, a2, 813
core   0: 3 0x8000910c (0x32d67013)
core   0: 0x80009110 (0x406d5d33) sra     s10, s10, t1
core   0: 3 0x80009110 (0x406d5d33) x26 0x00000000
core   0: 0x80009114 (0x01b7d4b3) srl     s1, a5, s11
core   0: 3 0x80009114 (0x01b7d4b3) x 9 0x07817d00
core   0: 0x80009118 (0x00ff2033) slt     zero, t5, a5
core   0: 3 0x80009118 (0x00ff2033)
core   0: 0x8000911c (0x9636c893) xori    a7, a3, -1693
core   0: 3 0x8000911c (0x9636c893) x17 0x87e82a9b
core   0: 0x80009120 (0x01f99033) sll     zero, s3, t6
core   0: 3 0x80009120 (0x01f99033)
core   0: 0x80009124 (0x01c55113) srli    sp, a0, 28
core   0: 3 0x80009124 (0x01c55113) x 2 0x00000008
core   0: 0x80009128 (0x39690e37) lui     t3, 0x39690
core   0: 3 0x80009128 (0x39690e37) x28 0x39690000
core   0: 0x8000912c (0x4122dab3) sra     s5, t0, s2
core   0: 3 0x8000912c (0x4122dab3) x21 0x0003ff09
core   0: 0x80009130 (0x01ac2f33) slt     t5, s8, s10
core   0: 3 0x80009130 (0x01ac2f33) x30 0x00000001
core   0: 0x80009134 (0xff9c1cb7) lui     s9, 0xff9c1
core   0: 3 0x80009134 (0xff9c1cb7) x25 0xff9c1000
core   0: 0x80009138 (0x01885693) srli    a3, a6, 24
core   0: 3 0x80009138 (0x01885693) x13 0x00000000
core   0: 0x8000913c (0x0068b2b3) sltu    t0, a7, t1
core   0: 3 0x8000913c (0x0068b2b3) x 5 0x00000001
core   0: 0x80009140 (0x00038133) add     sp, t2, zero
core   0: 3 0x80009140 (0x00038133) x 2 0x00003ac7
core   0: 0x80009144 (0x00da84b3) add     s1, s5, a3
core   0: 3 0x80009144 (0x00da84b3) x 9 0x0003ff09
core   0: 0x80009148 (0x001461b3) or      gp, s0, ra
core   0: 3 0x80009148 (0x001461b3) x 3 0x80014ca5
core   0: 0x8000914c (0x00000013) nop
core   0: 3 0x8000914c (0x00000013)
core   0: 0x80009150 (0x01cb5233) srl     tp, s6, t3
core   0: 3 0x80009150 (0x01cb5233) x 4 0x00000000
core   0: 0x80009154 (0x00a99e33) sll     t3, s3, a0
core   0: 3 0x80009154 (0x00a99e33) x28 0x8bdffff0
core   0: 0x80009158 (0x011073b3) and     t2, zero, a7
core   0: 3 0x80009158 (0x011073b3) x 7 0x00000000
core   0: 0x8000915c (0x014fd7b3) srl     a5, t6, s4
core   0: 3 0x8000915c (0x014fd7b3) x15 0x04c5f000
core   0: 0x80009160 (0xb446ed13) ori     s10, a3, -1212
core   0: 3 0x80009160 (0xb446ed13) x26 0xfffffb44
core   0: 0x80009164 (0x01641013) slli    zero, s0, 22
core   0: 3 0x80009164 (0x01641013)
core   0: 0x80009168 (0x413f5f33) sra     t5, t5, s3
core   0: 3 0x80009168 (0x413f5f33) x30 0x00000000
core   0: 0x8000916c (0x41a98d33) sub     s10, s3, s10
core   0: 3 0x8000916c (0x41a98d33) x26 0x98be04bb
core   0: 0x80009170 (0x00f804b3) add     s1, a6, a5
core   0: 3 0x80009170 (0x00f804b3) x 9 0x04c5f001
core   0: 0x80009174 (0x01e99093) slli    ra, s3, 30
core   0: 3 0x80009174 (0x01e99093) x 1 0xc0000000
core   0: 0x80009178 (0x1ab2ef13) ori     t5, t0, 427
core   0: 3 0x80009178 (0x1ab2ef13) x30 0x000001ab
core   0: 0x8000917c (0x40efde33) sra     t3, t6, a4
core   0: 3 0x8000917c (0x40efde33) x28 0x98be0000
core   0: 0x80009180 (0x003398b3) sll     a7, t2, gp
core   0: 3 0x80009180 (0x003398b3) x17 0x00000000
core   0: 0x80009184 (0x7b7e2b93) slti    s7, t3, 1975
core   0: 3 0x80009184 (0x7b7e2b93) x23 0x00000001
core   0: 0x80009188 (0x8e947993) andi    s3, s0, -1815
core   0: 3 0x80009188 (0x8e947993) x19 0x00000001
core   0: 0x8000918c (0x40b35b13) srai    s6, t1, 11
core   0: 3 0x8000918c (0x40b35b13) x22 0xfff3ebaa
core   0: 0x80009190 (0x0170ce33) xor     t3, ra, s7
core   0: 3 0x80009190 (0x0170ce33) x28 0xc0000001
core   0: 0x80009194 (0xe24a0993) addi    s3, s4, -476
core   0: 3 0x80009194 (0xe24a0993) x19 0x80014b09
core   0: 0x80009198 (0x68e08493) addi    s1, ra, 1678
core   0: 3 0x80009198 (0x68e08493) x 9 0xc000068e
core   0: 0x8000919c (0x00000013) nop
core   0: 3 0x8000919c (0x00000013)
core   0: 0x800091a0 (0x41d88eb3) sub     t4, a7, t4
core   0: 3 0x800091a0 (0x41d88eb3) x29 0x00000000
core   0: 0x800091a4 (0x487ba993) slti    s3, s7, 1159
core   0: 3 0x800091a4 (0x487ba993) x19 0x00000001
core   0: 0x800091a8 (0x01358ab3) add     s5, a1, s3
core   0: 3 0x800091a8 (0x01358ab3) x21 0x80010e65
core   0: 0x800091ac (0x0177a3b3) slt     t2, a5, s7
core   0: 3 0x800091ac (0x0177a3b3) x 7 0x00000000
core   0: 0x800091b0 (0xc6dea993) slti    s3, t4, -915
core   0: 3 0x800091b0 (0xc6dea993) x19 0x00000000
core   0: 0x800091b4 (0x66b4db17) auipc   s6, 0x66b4d
core   0: 3 0x800091b4 (0x66b4db17) x22 0xe6b561b4
core   0: 0x800091b8 (0x401b54b3) sra     s1, s6, ra
core   0: 3 0x800091b8 (0x401b54b3) x 9 0xe6b561b4
core   0: 0x800091bc (0xa0193417) auipc   s0, 0xa0193
core   0: 3 0x800091bc (0xa0193417) x 8 0x2019c1bc
core   0: 0x800091c0 (0x0102b4b3) sltu    s1, t0, a6
core   0: 3 0x800091c0 (0x0102b4b3) x 9 0x00000000
core   0: 0x800091c4 (0x378ea197) auipc   gp, 0x378ea
core   0: 3 0x800091c4 (0x378ea197) x 3 0xb78f31c4
core   0: 0x800091c8 (0xe8e9e137) lui     sp, 0xe8e9e
core   0: 3 0x800091c8 (0xe8e9e137) x 2 0xe8e9e000
core   0: 0x800091cc (0x01455493) srli    s1, a0, 20
core   0: 3 0x800091cc (0x01455493) x 9 0x00000800
core   0: 0x800091d0 (0x006ff0b3) and     ra, t6, t1
core   0: 3 0x800091d0 (0x006ff0b3) x 1 0x981c0000
core   0: 0x800091d4 (0xa16be813) ori     a6, s7, -1514
core   0: 3 0x800091d4 (0xa16be813) x16 0xfffffa17
core   0: 0x800091d8 (0x009cf833) and     a6, s9, s1
core   0: 3 0x800091d8 (0x009cf833) x16 0x00000000
core   0: 0x800091dc (0x00ccfcb3) and     s9, s9, a2
core   0: 3 0x800091dc (0x00ccfcb3) x25 0x7f9c1000
core   0: 0x800091e0 (0x3c603213) sltiu   tp, zero, 966
core   0: 3 0x800091e0 (0x3c603213) x 4 0x00000001
core   0: 0x800091e4 (0xaf1e0fb7) lui     t6, 0xaf1e0
core   0: 3 0x800091e4 (0xaf1e0fb7) x31 0xaf1e0000
core   0: 0x800091e8 (0x00d1c2b3) xor     t0, gp, a3
core   0: 3 0x800091e8 (0x00d1c2b3) x 5 0xb78f31c4
core   0: 0x800091ec (0x00000013) nop
core   0: 3 0x800091ec (0x00000013)
core   0: 0x800091f0 (0x0114b6b3) sltu    a3, s1, a7
core   0: 3 0x800091f0 (0x0114b6b3) x13 0x00000000
core   0: 0x800091f4 (0x5d08fc93) andi    s9, a7, 1488
core   0: 3 0x800091f4 (0x5d08fc93) x25 0x00000000
core   0: 0x800091f8 (0x41d487b3) sub     a5, s1, t4
core   0: 3 0x800091f8 (0x41d487b3) x15 0x00000800
core   0: 0x800091fc (0x018214b3) sll     s1, tp, s8
core   0: 3 0x800091fc (0x018214b3) x 9 0x80000000
core   0: 0x80009200 (0x01e1a1b3) slt     gp, gp, t5
core   0: 3 0x80009200 (0x01e1a1b3) x 3 0x00000001
core   0: 0x80009204 (0xcae7ad93) slti    s11, a5, -850
core   0: 3 0x80009204 (0xcae7ad93) x27 0x00000000
core   0: 0x80009208 (0x40c9d393) srai    t2, s3, 12
core   0: 3 0x80009208 (0x40c9d393) x 7 0x00000000
core   0: 0x8000920c (0x416e5433) sra     s0, t3, s6
core   0: 3 0x8000920c (0x416e5433) x 8 0xfffffc00
core   0: 0x80009210 (0x00ae2bb3) slt     s7, t3, a0
core   0: 3 0x80009210 (0x00ae2bb3) x23 0x00000000
core   0: 0x80009214 (0xbdb93b93) sltiu   s7, s2, -1061
core   0: 3 0x80009214 (0xbdb93b93) x23 0x00000001
core   0: 0x80009218 (0x01d366b3) or      a3, t1, t4
core   0: 3 0x80009218 (0x01d366b3) x13 0x9f5d5000
core   0: 0x8000921c (0x8b18a793) slti    a5, a7, -1871
core   0: 3 0x8000921c (0x8b18a793) x15 0x00000000
core   0: 0x80009220 (0xbe048913) addi    s2, s1, -1056
core   0: 3 0x80009220 (0xbe048913) x18 0x7ffffbe0
core   0: 0x80009224 (0x9a2a8313) addi    t1, s5, -1630
core   0: 3 0x80009224 (0x9a2a8313) x 6 0x80010807
core   0: 0x80009228 (0x7f834893) xori    a7, t1, 2040
core   0: 3 0x80009228 (0x7f834893) x17 0x80010fff
core   0: 0x8000922c (0x009fdbb3) srl     s7, t6, s1
core   0: 3 0x8000922c (0x009fdbb3) x23 0xaf1e0000
core   0: 0x80009230 (0x41dc5b93) srai    s7, s8, 29
core   0: 3 0x80009230 (0x41dc5b93) x23 0xffffffff
core   0: 0x80009234 (0x9ed68793) addi    a5, a3, -1555
core   0: 3 0x80009234 (0x9ed68793) x15 0x9f5d49ed
core   0: 0x80009238 (0x4077d333) sra     t1, a5, t2
core   0: 3 0x80009238 (0x4077d333) x 6 0x9f5d49ed
core   0: 0x8000923c (0x95834d13) xori    s10, t1, -1704
core   0: 3 0x8000923c (0x95834d13) x26 0x60a2b0b5
core   0: 0x80009240 (0x01a49133) sll     sp, s1, s10
core   0: 3 0x80009240 (0x01a49133) x 2 0x00000000
core   0: 0x80009244 (0x01ff2b33) slt     s6, t5, t6
core   0: 3 0x80009244 (0x01ff2b33) x22 0x00000000
core   0: 0x80009248 (0x014982b3) add     t0, s3, s4
core   0: 3 0x80009248 (0x014982b3) x 5 0x80014ce5
core   0: 0x8000924c (0xa3c30193) addi    gp, t1, -1476
core   0: 3 0x8000924c (0xa3c30193) x 3 0x9f5d4429
core   0: 0x80009250 (0x014fa233) slt     tp, t6, s4
core   0: 3 0x80009250 (0x014fa233) x 4 0x00000000
core   0: 0x80009254 (0x00ec9f93) slli    t6, s9, 14
core   0: 3 0x80009254 (0x00ec9f93) x31 0x00000000
core   0: 0x80009258 (0x01d75e93) srli    t4, a4, 29
core   0: 3 0x80009258 (0x01d75e93) x29 0x00000000
core   0: 0x8000925c (0x00e95693) srli    a3, s2, 14
core   0: 3 0x8000925c (0x00e95693) x13 0x0001ffff
core   0: 0x80009260 (0x003f9f33) sll     t5, t6, gp
core   0: 3 0x80009260 (0x003f9f33) x30 0x00000000
core   0: 0x80009264 (0x01271093) slli    ra, a4, 18
core   0: 3 0x80009264 (0x01271093) x 1 0x12800000
core   0: 0x80009268 (0x00000013) nop
core   0: 3 0x80009268 (0x00000013)
core   0: 0x8000926c (0x01f74f33) xor     t5, a4, t6
core   0: 3 0x8000926c (0x01f74f33) x30 0x000004a0
core   0: 0x80009270 (0x01342bb3) slt     s7, s0, s3
core   0: 3 0x80009270 (0x01342bb3) x23 0x00000001
core   0: 0x80009274 (0xab6af637) lui     a2, 0xab6af
core   0: 3 0x80009274 (0xab6af637) x12 0xab6af000
core   0: 0x80009278 (0x001d0033) add     zero, s10, ra
core   0: 3 0x80009278 (0x001d0033)
core   0: 0x8000927c (0xbc3a2297) auipc   t0, 0xbc3a2
core   0: 3 0x8000927c (0xbc3a2297) x 5 0x3c3ab27c
core   0: 0x80009280 (0x8be0a813) slti    a6, ra, -1858
core   0: 3 0x80009280 (0x8be0a813) x16 0x00000000
core   0: 0x80009284 (0x009637b3) sltu    a5, a2, s1
core   0: 3 0x80009284 (0x009637b3) x15 0x00000000
core   0: 0x80009288 (0x01279a93) slli    s5, a5, 18
core   0: 3 0x80009288 (0x01279a93) x21 0x00000000
core   0: 0x8000928c (0x009429b3) slt     s3, s0, s1
core   0: 3 0x8000928c (0x009429b3) x19 0x00000000
core   0: 0x80009290 (0x41dbd713) srai    a4, s7, 29
core   0: 3 0x80009290 (0x41dbd713) x14 0x00000000
core   0: 0x80009294 (0x00d23a33) sltu    s4, tp, a3
core   0: 3 0x80009294 (0x00d23a33) x20 0x00000001
core   0: 0x80009298 (0xcd7a52b7) lui     t0, 0xcd7a5
core   0: 3 0x80009298 (0xcd7a52b7) x 5 0xcd7a5000
core   0: 0x8000929c (0x01b59fb3) sll     t6, a1, s11
core   0: 3 0x8000929c (0x01b59fb3) x31 0x80010e64
core   0: 0x800092a0 (0x36d93293) sltiu   t0, s2, 877
core   0: 3 0x800092a0 (0x36d93293) x 5 0x00000000
core   0: 0x800092a4 (0xcfdbbb93) sltiu   s7, s7, -771
core   0: 3 0x800092a4 (0xcfdbbb93) x23 0x00000001
core   0: 0x800092a8 (0x015ab4b3) sltu    s1, s5, s5
core   0: 3 0x800092a8 (0x015ab4b3) x 9 0x00000000
core   0: 0x800092ac (0x406a0133) sub     sp, s4, t1
core   0: 3 0x800092ac (0x406a0133) x 2 0x60a2b614
core   0: 0x800092b0 (0xb169cf93) xori    t6, s3, -1258
core   0: 3 0x800092b0 (0xb169cf93) x31 0xfffffb16
core   0: 0x800092b4 (0x018f3733) sltu    a4, t5, s8
core   0: 3 0x800092b4 (0x018f3733) x14 0x00000001
core   0: 0x800092b8 (0x63961b17) auipc   s6, 0x63961
core   0: 3 0x800092b8 (0x63961b17) x22 0xe396a2b8
core   0: 0x800092bc (0x4138d613) srai    a2, a7, 19
core   0: 3 0x800092bc (0x4138d613) x12 0xfffff000
core   0: 0x800092c0 (0x4198dd33) sra     s10, a7, s9
core   0: 3 0x800092c0 (0x4198dd33) x26 0x80010fff
core   0: 0x800092c4 (0x00000013) nop
core   0: 3 0x800092c4 (0x00000013)
core   0: 0x800092c8 (0xfff00693) li      a3, -1
core   0: 3 0x800092c8 (0xfff00693) x13 0xffffffff
core   0: 0x800092cc (0x80000fb7) lui     t6, 0x80000
core   0: 3 0x800092cc (0x80000fb7) x31 0x80000000
core   0: 0x800092d0 (0x514e3937) lui     s2, 0x514e3
core   0: 3 0x800092d0 (0x514e3937) x18 0x514e3000
core   0: 0x800092d4 (0x0f690913) addi    s2, s2, 246
core   0: 3 0x800092d4 (0x0f690913) x18 0x514e30f6
core   0: 0x800092d8 (0x00000113) li      sp, 0
core   0: 3 0x800092d8 (0x00000113) x 2 0x00000000
core   0: 0x800092dc (0x00000213) li      tp, 0
core   0: 3 0x800092dc (0x00000213) x 4 0x00000000
core   0: 0x800092e0 (0x00000b93) li      s7, 0
core   0: 3 0x800092e0 (0x00000b93) x23 0x00000000
core   0: 0x800092e4 (0xc5b0f1b7) lui     gp, 0xc5b0f
core   0: 3 0x800092e4 (0xc5b0f1b7) x 3 0xc5b0f000
core   0: 0x800092e8 (0x11c18193) addi    gp, gp, 284
core   0: 3 0x800092e8 (0x11c18193) x 3 0xc5b0f11c
core   0: 0x800092ec (0xfff00893) li      a7, -1
core   0: 3 0x800092ec (0xfff00893) x17 0xffffffff
core   0: 0x800092f0 (0x80000b37) lui     s6, 0x80000
core   0: 3 0x800092f0 (0x80000b37) x22 0x80000000
core   0: 0x800092f4 (0x8d9287b7) lui     a5, 0x8d928
core   0: 3 0x800092f4 (0x8d9287b7) x15 0x8d928000
core   0: 0x800092f8 (0xd2578793) addi    a5, a5, -731
core   0: 3 0x800092f8 (0xd2578793) x15 0x8d927d25
core   0: 0x800092fc (0x335f8213) addi    tp, t6, 821
core   0: 3 0x800092fc (0x335f8213) x 4 0x80000335
core   0: 0x80009300 (0x885a2137) lui     sp, 0x885a2
core   0: 3 0x80009300 (0x885a2137) x 2 0x885a2000
core   0: 0x80009304 (0x00000013) nop
core   0: 3 0x80009304 (0x00000013)
core   0: 0x80009308 (0x58078193) addi    gp, a5, 1408
core   0: 3 0x80009308 (0x58078193) x 3 0x8d9282a5
core   0: 0x8000930c (0x7868d6b7) lui     a3, 0x7868d
core   0: 3 0x8000930c (0x7868d6b7) x13 0x7868d000
core   0: 0x80009310 (0x00000013) nop
core   0: 3 0x80009310 (0x00000013)
core   0: 0x80009314 (0x00000013) nop
core   0: 3 0x80009314 (0x00000013)
core   0: 0x80009318 (0xd8e31217) auipc   tp, 0xd8e31
core   0: 3 0x80009318 (0xd8e31217) x 4 0x58e3a318
core   0: 0x8000931c (0xe4eca797) auipc   a5, 0xe4eca
core   0: 3 0x8000931c (0xe4eca797) x15 0x64ed331c
core   0: 0x80009320 (0x3be81237) lui     tp, 0x3be81
core   0: 3 0x80009320 (0x3be81237) x 4 0x3be81000
core   0: 0x80009324 (0x8018e237) lui     tp, 0x8018e
core   0: 3 0x80009324 (0x8018e237) x 4 0x8018e000
core   0: 0x80009328 (0x3c22f897) auipc   a7, 0x3c22f
core   0: 3 0x80009328 (0x3c22f897) x17 0xbc238328
core   0: 0x8000932c (0x6f162897) auipc   a7, 0x6f162
core   0: 3 0x8000932c (0x6f162897) x17 0xef16b32c
core   0: 0x80009330 (0x25b86fb7) lui     t6, 0x25b86
core   0: 3 0x80009330 (0x25b86fb7) x31 0x25b86000
core   0: 0x80009334 (0x5f065897) auipc   a7, 0x5f065
core   0: 3 0x80009334 (0x5f065897) x17 0xdf06e334
core   0: 0x80009338 (0x00000013) nop
core   0: 3 0x80009338 (0x00000013)
core   0: 0x8000933c (0x31e7c8b7) lui     a7, 0x31e7c
core   0: 3 0x8000933c (0x31e7c8b7) x17 0x31e7c000
core   0: 0x80009340 (0x41fb88b3) sub     a7, s7, t6
core   0: 3 0x80009340 (0x41fb88b3) x17 0xda47a000
core   0: 0x80009344 (0x61c52897) auipc   a7, 0x61c52
core   0: 3 0x80009344 (0x61c52897) x17 0xe1c5b344
core   0: 0x80009348 (0xfa587217) auipc   tp, 0xfa587
core   0: 3 0x80009348 (0xfa587217) x 4 0x7a590348
core   0: 0x8000934c (0xddf90113) addi    sp, s2, -545
core   0: 3 0x8000934c (0xddf90113) x 2 0x514e2ed5
core   0: 0x80009350 (0xec190913) addi    s2, s2, -319
core   0: 3 0x80009350 (0xec190913) x18 0x514e2fb7
core   0: 0x80009354 (0x416206b3) sub     a3, tp, s6
core   0: 3 0x80009354 (0x416206b3) x13 0xfa590348
core   0: 0x80009358 (0x4b9d7117) auipc   sp, 0x4b9d7
core   0: 3 0x80009358 (0x4b9d7117) x 2 0xcb9e0358
core   0: 0x8000935c (0x2bb10213) addi    tp, sp, 699
core   0: 3 0x8000935c (0x2bb10213) x 4 0xcb9e0613
core   0: 0x80009360 (0x01f88233) add     tp, a7, t6
core   0: 3 0x80009360 (0x01f88233) x 4 0x077e1344
core   0: 0x80009364 (0x818f66b7) lui     a3, 0x818f6
core   0: 3 0x80009364 (0x818f66b7) x13 0x818f6000
core   0: 0x80009368 (0xab97f913) andi    s2, a5, -1351
core   0: 3 0x80009368 (0xab97f913) x18 0x64ed3218
core   0: 0x8000936c (0x01419813) slli    a6, gp, 20
core   0: 3 0x8000936c (0x01419813) x16 0x2a500000
core   0: 0x80009370 (0x000adab3) srl     s5, s5, zero
core   0: 3 0x80009370 (0x000adab3) x21 0x00000000
core   0: 0x80009374 (0x016a24b3) slt     s1, s4, s6
core   0: 3 0x80009374 (0x016a24b3) x 9 0x00000000
core   0: 0x80009378 (0x40e45613) srai    a2, s0, 14
core   0: 3 0x80009378 (0x40e45613) x12 0xffffffff
core   0: 0x8000937c (0x014fbdb3) sltu    s11, t6, s4
core   0: 3 0x8000937c (0x014fbdb3) x27 0x00000000
core   0: 0x80009380 (0x009dbd33) sltu    s10, s11, s1
core   0: 3 0x80009380 (0x009dbd33) x26 0x00000000
core   0: 0x80009384 (0x01711db3) sll     s11, sp, s7
core   0: 3 0x80009384 (0x01711db3) x27 0xcb9e0358
core   0: 0x80009388 (0x40428033) sub     zero, t0, tp
core   0: 3 0x80009388 (0x40428033)
core   0: 0x8000938c (0x6e135117) auipc   sp, 0x6e135
core   0: 3 0x8000938c (0x6e135117) x 2 0xee13e38c
core   0: 0x80009390 (0x01b36233) or      tp, t1, s11
core   0: 3 0x80009390 (0x01b36233) x 4 0xdfdf4bfd
core   0: 0x80009394 (0x004a2db3) slt     s11, s4, tp
core   0: 3 0x80009394 (0x004a2db3) x27 0x00000000
core   0: 0x80009398 (0xc365e8b7) lui     a7, 0xc365e
core   0: 3 0x80009398 (0xc365e8b7) x17 0xc365e000
core   0: 0x8000939c (0x2bac2a13) slti    s4, s8, 698
core   0: 3 0x8000939c (0x2bac2a13) x20 0x00000001
core   0: 0x800093a0 (0x46a3bf93) sltiu   t6, t2, 1130
core   0: 3 0x800093a0 (0x46a3bf93) x31 0x00000001
core   0: 0x800093a4 (0x86a14d93) xori    s11, sp, -1942
core   0: 3 0x800093a4 (0x86a14d93) x27 0x11ec1be6
core   0: 0x800093a8 (0xbe066493) ori     s1, a2, -1056
core   0: 3 0x800093a8 (0xbe066493) x 9 0xffffffff
core   0: 0x800093ac (0x019d23b3) slt     t2, s10, s9
core   0: 3 0x800093ac (0x019d23b3) x 7 0x00000000
core   0: 0x800093b0 (0x012c4fb3) xor     t6, s8, s2
core   0: 3 0x800093b0 (0x012c4fb3) x31 0x9b2f4c27
core   0: 0x800093b4 (0x94643393) sltiu   t2, s0, -1722
core   0: 3 0x800093b4 (0x94643393) x 7 0x00000000
core   0: 0x800093b8 (0x01819cb3) sll     s9, gp, s8
core   0: 3 0x800093b8 (0x01819cb3) x25 0x80000000
core   0: 0x800093bc (0x40775db3) sra     s11, a4, t2
core   0: 3 0x800093bc (0x40775db3) x27 0x00000001
core   0: 0x800093c0 (0xa6394e93) xori    t4, s2, -1437
core   0: 3 0x800093c0 (0xa6394e93) x29 0x9b12c87b
core   0: 0x800093c4 (0x00cd6413) ori     s0, s10, 12
core   0: 3 0x800093c4 (0x00cd6413) x 8 0x0000000c
core   0: 0x800093c8 (0x580a0e93) addi    t4, s4, 1408
core   0: 3 0x800093c8 (0x580a0e93) x29 0x00000581
core   0: 0x800093cc (0x000106b3) add     a3, sp, zero
core   0: 3 0x800093cc (0x000106b3) x13 0xee13e38c
core   0: 0x800093d0 (0x1e802793) slti    a5, zero, 488
core   0: 3 0x800093d0 (0x1e802793) x15 0x00000001
core   0: 0x800093d4 (0x01bf9d33) sll     s10, t6, s11
core   0: 3 0x800093d4 (0x01bf9d33) x26 0x365e984e
core   0: 0x800093d8 (0x4065d633) sra     a2, a1, t1
core   0: 3 0x800093d8 (0x4065d633) x12 0xfffc0008
core   0: 0x800093dc (0x00971393) slli    t2, a4, 9
core   0: 3 0x800093dc (0x00971393) x 7 0x00000200
core   0: 0x800093e0 (0x00000013) nop
core   0: 3 0x800093e0 (0x00000013)
core   0: 0x800093e4 (0x01a1b2b3) sltu    t0, gp, s10
core   0: 3 0x800093e4 (0x01a1b2b3) x 5 0x00000000
core   0: 0x800093e8 (0x40eb5833) sra     a6, s6, a4
core   0: 3 0x800093e8 (0x40eb5833) x16 0xc0000000
core   0: 0x800093ec (0x4019d9b3) sra     s3, s3, ra
core   0: 3 0x800093ec (0x4019d9b3) x19 0x00000000
core   0: 0x800093f0 (0xe842e993) ori     s3, t0, -380
core   0: 3 0x800093f0 (0xe842e993) x19 0xfffffe84
core   0: 0x800093f4 (0x00a67033) and     zero, a2, a0
core   0: 3 0x800093f4 (0x00a67033)
core   0: 0x800093f8 (0x86cf0493) addi    s1, t5, -1940
core   0: 3 0x800093f8 (0x86cf0493) x 9 0xfffffd0c
core   0: 0x800093fc (0x40630b33) sub     s6, t1, t1
core   0: 3 0x800093fc (0x40630b33) x22 0x00000000
core   0: 0x80009400 (0xfd0f4393) xori    t2, t5, -48
core   0: 3 0x80009400 (0xfd0f4393) x 7 0xfffffb70
core   0: 0x80009404 (0x162eb193) sltiu   gp, t4, 354
core   0: 3 0x80009404 (0x162eb193) x 3 0x00000000
core   0: 0x80009408 (0x00000013) nop
core   0: 3 0x80009408 (0x00000013)
core   0: 0x8000940c (0x00aeb433) sltu    s0, t4, a0
core   0: 3 0x8000940c (0x00aeb433) x 8 0x00000001
core   0: 0x80009410 (0x170db213) sltiu   tp, s11, 368
core   0: 3 0x80009410 (0x170db213) x 4 0x00000001
core   0: 0x80009414 (0x0101dc93) srli    s9, gp, 16
core   0: 3 0x80009414 (0x0101dc93) x25 0x00000000
core   0: 0x80009418 (0x9d7c0a93) addi    s5, s8, -1577
core   0: 3 0x80009418 (0x9d7c0a93) x21 0xffc27816
core   0: 0x8000941c (0x011a12b3) sll     t0, s4, a7
core   0: 3 0x8000941c (0x011a12b3) x 5 0x00000001
core   0: 0x80009420 (0x002e5333) srl     t1, t3, sp
core   0: 3 0x80009420 (0x002e5333) x 6 0x000c0000
core   0: 0x80009424 (0x20c8e293) ori     t0, a7, 524
core   0: 3 0x80009424 (0x20c8e293) x 5 0xc365e20c
core   0: 0x80009428 (0x011643b3) xor     t2, a2, a7
core   0: 3 0x80009428 (0x011643b3) x 7 0x3c99e008
core   0: 0x8000942c (0x7ad5c693) xori    a3, a1, 1965
core   0: 3 0x8000942c (0x7ad5c693) x13 0x800109c9
core   0: 0x80009430 (0xfff00893) li      a7, -1
core   0: 3 0x80009430 (0xfff00893) x17 0xffffffff
core   0: 0x80009434 (0x80000ab7) lui     s5, 0x80000
core   0: 3 0x80009434 (0x80000ab7) x21 0x80000000
core   0: 0x80009438 (0x800009b7) lui     s3, 0x80000
core   0: 3 0x80009438 (0x800009b7) x19 0x80000000
core   0: 0x8000943c (0xfff00113) li      sp, -1
core   0: 3 0x8000943c (0xfff00113) x 2 0xffffffff
core   0: 0x80009440 (0x00000913) li      s2, 0
core   0: 3 0x80009440 (0x00000913) x18 0x00000000
core   0: 0x80009444 (0x671d6e37) lui     t3, 0x671d6
core   0: 3 0x80009444 (0x671d6e37) x28 0x671d6000
core   0: 0x80009448 (0xb9de0e13) addi    t3, t3, -1123
core   0: 3 0x80009448 (0xb9de0e13) x28 0x671d5b9d
core   0: 0x8000944c (0x00000293) li      t0, 0
core   0: 3 0x8000944c (0x00000293) x 5 0x00000000
core   0: 0x80009450 (0x00000d13) li      s10, 0
core   0: 3 0x80009450 (0x00000d13) x26 0x00000000
core   0: 0x80009454 (0x80000eb7) lui     t4, 0x80000
core   0: 3 0x80009454 (0x80000eb7) x29 0x80000000
core   0: 0x80009458 (0x800000b7) lui     ra, 0x80000
core   0: 3 0x80009458 (0x800000b7) x 1 0x80000000
core   0: 0x8000945c (0xeb387ab7) lui     s5, 0xeb387
core   0: 3 0x8000945c (0xeb387ab7) x21 0xeb387000
core   0: 0x80009460 (0x85116d17) auipc   s10, 0x85116
core   0: 3 0x80009460 (0x85116d17) x26 0x0511f460
core   0: 0x80009464 (0x00000013) nop
core   0: 3 0x80009464 (0x00000013)
core   0: 0x80009468 (0x4f908093) addi    ra, ra, 1273
core   0: 3 0x80009468 (0x4f908093) x 1 0x800004f9
core   0: 0x8000946c (0x79350e97) auipc   t4, 0x79350
core   0: 3 0x8000946c (0x79350e97) x29 0xf935946c
core   0: 0x80009470 (0xc214d297) auipc   t0, 0xc214d
core   0: 3 0x80009470 (0xc214d297) x 5 0x42156470
core   0: 0x80009474 (0x5d7c3097) auipc   ra, 0x5d7c3
core   0: 3 0x80009474 (0x5d7c3097) x 1 0xdd7cc474
core   0: 0x80009478 (0x00000013) nop
core   0: 3 0x80009478 (0x00000013)
core   0: 0x8000947c (0x69094917) auipc   s2, 0x69094
core   0: 3 0x8000947c (0x69094917) x18 0xe909d47c
core   0: 0x80009480 (0x012e09b3) add     s3, t3, s2
core   0: 3 0x80009480 (0x012e09b3) x19 0x50273019
core   0: 0x80009484 (0x9bd7da97) auipc   s5, 0x9bd7d
core   0: 3 0x80009484 (0x9bd7da97) x21 0x1bd86484
core   0: 0x80009488 (0xc8622137) lui     sp, 0xc8622
core   0: 3 0x80009488 (0xc8622137) x 2 0xc8622000
core   0: 0x8000948c (0x48bf3eb7) lui     t4, 0x48bf3
core   0: 3 0x8000948c (0x48bf3eb7) x29 0x48bf3000
core   0: 0x80009490 (0x01ae8e33) add     t3, t4, s10
core   0: 3 0x80009490 (0x01ae8e33) x28 0x4dd12460
core   0: 0x80009494 (0x00000013) nop
core   0: 3 0x80009494 (0x00000013)
core   0: 0x80009498 (0xcaaa0d17) auipc   s10, 0xcaaa0
core   0: 3 0x80009498 (0xcaaa0d17) x26 0x4aaa9498
core   0: 0x8000949c (0x01aa89b3) add     s3, s5, s10
core   0: 3 0x8000949c (0x01aa89b3) x19 0x6682f91c
core   0: 0x800094a0 (0x00000013) nop
core   0: 3 0x800094a0 (0x00000013)
core   0: 0x800094a4 (0x013a88b3) add     a7, s5, s3
core   0: 3 0x800094a4 (0x013a88b3) x17 0x825b5da0
core   0: 0x800094a8 (0xbb163eb7) lui     t4, 0xbb163
core   0: 3 0x800094a8 (0xbb163eb7) x29 0xbb163000
core   0: 0x800094ac (0x01a08933) add     s2, ra, s10
core   0: 3 0x800094ac (0x01a08933) x18 0x2827590c
core   0: 0x800094b0 (0x01a64cb3) xor     s9, a2, s10
core   0: 3 0x800094b0 (0x01a64cb3) x25 0xb5569490
core   0: 0x800094b4 (0x009c77b3) and     a5, s8, s1
core   0: 3 0x800094b4 (0x009c77b3) x15 0xffc27c0c
core   0: 0x800094b8 (0x004fcbb3) xor     s7, t6, tp
core   0: 3 0x800094b8 (0x004fcbb3) x23 0x9b2f4c26
core   0: 0x800094bc (0x01eff1b3) and     gp, t6, t5
core   0: 3 0x800094bc (0x01eff1b3) x 3 0x00000420
core   0: 0x800094c0 (0x0130cbb3) xor     s7, ra, s3
core   0: 3 0x800094c0 (0x0130cbb3) x23 0xbbfe3d68
core   0: 0x800094c4 (0x01b73233) sltu    tp, a4, s11
core   0: 3 0x800094c4 (0x01b73233) x 4 0x00000000
core   0: 0x800094c8 (0xa638e893) ori     a7, a7, -1437
core   0: 3 0x800094c8 (0xa638e893) x17 0xffffffe3
core   0: 0x800094cc (0x00f532b3) sltu    t0, a0, a5
core   0: 3 0x800094cc (0x00f532b3) x 5 0x00000001
core   0: 0x800094d0 (0x5e4c6a93) ori     s5, s8, 1508
core   0: 3 0x800094d0 (0x5e4c6a93) x21 0xffc27fff
core   0: 0x800094d4 (0x95a93e37) lui     t3, 0x95a93
core   0: 3 0x800094d4 (0x95a93e37) x28 0x95a93000
core   0: 0x800094d8 (0x404189b3) sub     s3, gp, tp
core   0: 3 0x800094d8 (0x404189b3) x19 0x00000420
core   0: 0x800094dc (0x4075a393) slti    t2, a1, 1031
core   0: 3 0x800094dc (0x4075a393) x 7 0x00000001
core   0: 0x800094e0 (0x40428633) sub     a2, t0, tp
core   0: 3 0x800094e0 (0x40428633) x12 0x00000001
core   0: 0x800094e4 (0x0115feb3) and     t4, a1, a7
core   0: 3 0x800094e4 (0x0115feb3) x29 0x80010e60
core   0: 0x800094e8 (0x400fdbb3) sra     s7, t6, zero
core   0: 3 0x800094e8 (0x400fdbb3) x23 0x9b2f4c27
core   0: 0x800094ec (0x410f5913) srai    s2, t5, 16
core   0: 3 0x800094ec (0x410f5913) x18 0x00000000
core   0: 0x800094f0 (0x987d4713) xori    a4, s10, -1657
core   0: 3 0x800094f0 (0x987d4713) x14 0xb5556d1f
core   0: 0x800094f4 (0x019c7833) and     a6, s8, s9
core   0: 3 0x800094f4 (0x019c7833) x16 0xb5421410
core   0: 0x800094f8 (0x41620f33) sub     t5, tp, s6
core   0: 3 0x800094f8 (0x41620f33) x30 0x00000000
core   0: 0x800094fc (0x00000013) nop
core   0: 3 0x800094fc (0x00000013)
core   0: 0x80009500 (0x0170cfb3) xor     t6, ra, s7
core   0: 3 0x80009500 (0x0170cfb3) x31 0x46538853
core   0: 0x80009504 (0x9f1ca997) auipc   s3, 0x9f1ca
core   0: 3 0x80009504 (0x9f1ca997) x19 0x1f1d3504
core   0: 0x80009508 (0x00a6bab3) sltu    s5, a3, a0
core   0: 3 0x80009508 (0x00a6bab3) x21 0x00000001
core   0: 0x8000950c (0x562e7bb7) lui     s7, 0x562e7
core   0: 3 0x8000950c (0x562e7bb7) x23 0x562e7000
core   0: 0x80009510 (0xd7a7e213) ori     tp, a5, -646
core   0: 3 0x80009510 (0xd7a7e213) x 4 0xfffffd7e
core   0: 0x80009514 (0x00000013) nop
core   0: 3 0x80009514 (0x00000013)
core   0: 0x80009518 (0x14c5ed13) ori     s10, a1, 332
core   0: 3 0x80009518 (0x14c5ed13) x26 0x80010f6c
core   0: 0x8000951c (0xcb88a337) lui     t1, 0xcb88a
core   0: 3 0x8000951c (0xcb88a337) x 6 0xcb88a000
core   0: 0x80009520 (0x01305233) srl     tp, zero, s3
core   0: 3 0x80009520 (0x01305233) x 4 0x00000000
core   0: 0x80009524 (0x13914713) xori    a4, sp, 313
core   0: 3 0x80009524 (0x13914713) x14 0xc8622139
core   0: 0x80009528 (0x012e1013) slli    zero, t3, 18
core   0: 3 0x80009528 (0x012e1013)
core   0: 0x8000952c (0x00c2b1b3) sltu    gp, t0, a2
core   0: 3 0x8000952c (0x00c2b1b3) x 3 0x00000000
core   0: 0x80009530 (0x00000013) nop
core   0: 3 0x80009530 (0x00000013)
core   0: 0x80009534 (0xb9134793) xori    a5, t1, -1135
core   0: 3 0x80009534 (0xb9134793) x15 0x34775b91
core   0: 0x80009538 (0x01e91a33) sll     s4, s2, t5
core   0: 3 0x80009538 (0x01e91a33) x20 0x00000000
core   0: 0x8000953c (0x017c8db3) add     s11, s9, s7
core   0: 3 0x8000953c (0x017c8db3) x27 0x0b850490
core   0: 0x80009540 (0x40235f33) sra     t5, t1, sp
core   0: 3 0x80009540 (0x40235f33) x30 0xcb88a000
core   0: 0x80009544 (0x01e58cb3) add     s9, a1, t5
core   0: 3 0x80009544 (0x01e58cb3) x25 0x4b89ae64
core   0: 0x80009548 (0x00483433) sltu    s0, a6, tp
core   0: 3 0x80009548 (0x00483433) x 8 0x00000000
core   0: 0x8000954c (0x002552b3) srl     t0, a0, sp
core   0: 3 0x8000954c (0x002552b3) x 5 0x80014ce4
core   0: 0x80009550 (0x00b98cb3) add     s9, s3, a1
core   0: 3 0x80009550 (0x00b98cb3) x25 0x9f1e4368
core   0: 0x80009554 (0x402edf93) srai    t6, t4, 2
core   0: 3 0x80009554 (0x402edf93) x31 0xe0004398
core   0: 0x80009558 (0x010febb3) or      s7, t6, a6
core   0: 3 0x80009558 (0x010febb3) x23 0xf5425798
core   0: 0x8000955c (0x40ad8cb3) sub     s9, s11, a0
core   0: 3 0x8000955c (0x40ad8cb3) x25 0x8b83b7ac
core   0: 0x80009560 (0xb5d5ad13) slti    s10, a1, -1187
core   0: 3 0x80009560 (0xb5d5ad13) x26 0x00000001
core   0: 0x80009564 (0x00635293) srli    t0, t1, 6
core   0: 3 0x80009564 (0x00635293) x 5 0x032e2280
core   0: 0x80009568 (0x00000013) nop
core   0: 3 0x80009568 (0x00000013)
core   0: 0x8000956c (0xe0eb8193) addi    gp, s7, -498
core   0: 3 0x8000956c (0xe0eb8193) x 3 0xf54255a6
core   0: 0x80009570 (0x0108a733) slt     a4, a7, a6
core   0: 3 0x80009570 (0x0108a733) x14 0x00000000
core   0: 0x80009574 (0x4064d413) srai    s0, s1, 6
core   0: 3 0x80009574 (0x4064d413) x 8 0xfffffff4
core   0: 0x80009578 (0x00fe2bb3) slt     s7, t3, a5
core   0: 3 0x80009578 (0x00fe2bb3) x23 0x00000001
core   0: 0x8000957c (0x01711e93) slli    t4, sp, 23
core   0: 3 0x8000957c (0x01711e93) x29 0x00000000
core   0: 0x80009580 (0x003a1d93) slli    s11, s4, 3
core   0: 3 0x80009580 (0x003a1d93) x27 0x00000000
core   0: 0x80009584 (0xf7722e93) slti    t4, tp, -137
core   0: 3 0x80009584 (0xf7722e93) x29 0x00000000
core   0: 0x80009588 (0x00000013) nop
core   0: 3 0x80009588 (0x00000013)
core   0: 0x8000958c (0x5d510417) auipc   s0, 0x5d510
core   0: 3 0x8000958c (0x5d510417) x 8 0xdd51958c
core   0: 0x80009590 (0x82cd1617) auipc   a2, 0x82cd1
core   0: 3 0x80009590 (0x82cd1617) x12 0x02cda590
core   0: 0x80009594 (0xe4ca0e17) auipc   t3, 0xe4ca0
core   0: 3 0x80009594 (0xe4ca0e17) x28 0x64ca9594
core   0: 0x80009598 (0x8937c297) auipc   t0, 0x8937c
core   0: 3 0x80009598 (0x8937c297) x 5 0x09385598
core   0: 0x8000959c (0x00d6c4b3) xor     s1, a3, a3
core   0: 3 0x8000959c (0x00d6c4b3) x 9 0x00000000
core   0: 0x800095a0 (0x56cf8793) addi    a5, t6, 1388
core   0: 3 0x800095a0 (0x56cf8793) x15 0xe0004904
core   0: 0x800095a4 (0xf4b77013) andi    zero, a4, -181
core   0: 3 0x800095a4 (0xf4b77013)
core   0: 0x800095a8 (0x4079da93) srai    s5, s3, 7
core   0: 3 0x800095a8 (0x4079da93) x21 0x003e3a6a
core   0: 0x800095ac (0x00049413) slli    s0, s1, 0
core   0: 3 0x800095ac (0x00049413) x 8 0x00000000
core   0: 0x800095b0 (0x01ed2fb3) slt     t6, s10, t5
core   0: 3 0x800095b0 (0x01ed2fb3) x31 0x00000000
core   0: 0x800095b4 (0x00c3da93) srli    s5, t2, 12
core   0: 3 0x800095b4 (0x00c3da93) x21 0x00000000
core   0: 0x800095b8 (0x01d73233) sltu    tp, a4, t4
core   0: 3 0x800095b8 (0x01d73233) x 4 0x00000000
core   0: 0x800095bc (0xc5542793) slti    a5, s0, -939
core   0: 3 0x800095bc (0xc5542793) x15 0x00000000
core   0: 0x800095c0 (0x423da093) slti    ra, s11, 1059
core   0: 3 0x800095c0 (0x423da093) x 1 0x00000001
core   0: 0x800095c4 (0x00a9ccb3) xor     s9, s3, a0
core   0: 3 0x800095c4 (0x00a9ccb3) x25 0x9f1c79e0
core   0: 0x800095c8 (0x01b82933) slt     s2, a6, s11
core   0: 3 0x800095c8 (0x01b82933) x18 0x00000001
core   0: 0x800095cc (0x00000013) nop
core   0: 3 0x800095cc (0x00000013)
core   0: 0x800095d0 (0x01cee933) or      s2, t4, t3
core   0: 3 0x800095d0 (0x01cee933) x18 0x64ca9594
core   0: 0x800095d4 (0x01bd4b33) xor     s6, s10, s11
core   0: 3 0x800095d4 (0x01bd4b33) x22 0x00000001
core   0: 0x800095d8 (0xcb96f313) andi    t1, a3, -839
core   0: 3 0x800095d8 (0xcb96f313) x 6 0x80010889
core   0: 0x800095dc (0x40aa0eb3) sub     t4, s4, a0
core   0: 3 0x800095dc (0x40aa0eb3) x29 0x7ffeb31c
core   0: 0x800095e0 (0x40708133) sub     sp, ra, t2
core   0: 3 0x800095e0 (0x40708133) x 2 0x00000000
core   0: 0x800095e4 (0x40e70933) sub     s2, a4, a4
core   0: 3 0x800095e4 (0x40e70933) x18 0x00000000
core   0: 0x800095e8 (0x00cdcf33) xor     t5, s11, a2
core   0: 3 0x800095e8 (0x00cdcf33) x30 0x02cda590
core   0: 0x800095ec (0x00000013) nop
core   0: 3 0x800095ec (0x00000013)
core   0: 0x800095f0 (0x0034ae33) slt     t3, s1, gp
core   0: 3 0x800095f0 (0x0034ae33) x28 0x00000000
core   0: 0x800095f4 (0x00f868b3) or      a7, a6, a5
core   0: 3 0x800095f4 (0x00f868b3) x17 0xb5421410
core   0: 0x800095f8 (0xf68e0b93) addi    s7, t3, -152
core   0: 3 0x800095f8 (0xf68e0b93) x23 0xffffff68
core   0: 0x800095fc (0x16fabf93) sltiu   t6, s5, 367
core   0: 3 0x800095fc (0x16fabf93) x31 0x00000001
core   0: 0x80009600 (0x0188ceb3) xor     t4, a7, s8
core   0: 3 0x80009600 (0x0188ceb3) x29 0x4a806a2f
core   0: 0x80009604 (0x70dbac93) slti    s9, s7, 1805
core   0: 3 0x80009604 (0x70dbac93) x25 0x00000001
core   0: 0x80009608 (0x00e95713) srli    a4, s2, 14
core   0: 3 0x80009608 (0x00e95713) x14 0x00000000
core   0: 0x8000960c (0xcb7f8b13) addi    s6, t6, -841
core   0: 3 0x8000960c (0xcb7f8b13) x22 0xfffffcb8
core   0: 0x80009610 (0x41e1d993) srai    s3, gp, 30
core   0: 3 0x80009610 (0x41e1d993) x19 0xffffffff
core   0: 0x80009614 (0x01491eb3) sll     t4, s2, s4
core   0: 3 0x80009614 (0x01491eb3) x29 0x00000000
core   0: 0x80009618 (0xb5d94393) xori    t2, s2, -1187
core   0: 3 0x80009618 (0xb5d94393) x 7 0xfffffb5d
core   0: 0x8000961c (0xbfff0813) addi    a6, t5, -1025
core   0: 3 0x8000961c (0xbfff0813) x16 0x02cda18f
core   0: 0x80009620 (0x407986b3) sub     a3, s3, t2
core   0: 3 0x80009620 (0x407986b3) x13 0x000004a2
core   0: 0x80009624 (0xb5216f93) ori     t6, sp, -1198
core   0: 3 0x80009624 (0xb5216f93) x31 0xfffffb52
core   0: 0x80009628 (0x0001d833) srl     a6, gp, zero
core   0: 3 0x80009628 (0x0001d833) x16 0xf54255a6
core   0: 0x8000962c (0x2aae3b17) auipc   s6, 0x2aae3
core   0: 3 0x8000962c (0x2aae3b17) x22 0xaaaec62c
core   0: 0x80009630 (0x0188d333) srl     t1, a7, s8
core   0: 3 0x80009630 (0x0188d333) x 6 0x00000001
core   0: 0x80009634 (0x029fba13) sltiu   s4, t6, 41
core   0: 3 0x80009634 (0x029fba13) x20 0x00000000
core   0: 0x80009638 (0x00000013) nop
core   0: 3 0x80009638 (0x00000013)
core   0: 0x8000963c (0x001ecdb3) xor     s11, t4, ra
core   0: 3 0x8000963c (0x001ecdb3) x27 0x00000001
core   0: 0x80009640 (0x018d7bb3) and     s7, s10, s8
core   0: 3 0x80009640 (0x018d7bb3) x23 0x00000001
core   0: 0x80009644 (0x00dd86b3) add     a3, s11, a3
core   0: 3 0x80009644 (0x00dd86b3) x13 0x000004a3
core   0: 0x80009648 (0x4b7c13b7) lui     t2, 0x4b7c1
core   0: 3 0x80009648 (0x4b7c13b7) x 7 0x4b7c1000
core   0: 0x8000964c (0x407381b3) sub     gp, t2, t2
core   0: 3 0x8000964c (0x407381b3) x 3 0x00000000
core   0: 0x80009650 (0x00113e33) sltu    t3, sp, ra
core   0: 3 0x80009650 (0x00113e33) x28 0x00000001
core   0: 0x80009654 (0x00000013) nop
core   0: 3 0x80009654 (0x00000013)
core   0: 0x80009658 (0x41dbdd13) srai    s10, s7, 29
core   0: 3 0x80009658 (0x41dbdd13) x26 0x00000000
core   0: 0x8000965c (0x01437833) and     a6, t1, s4
core   0: 3 0x8000965c (0x01437833) x16 0x00000000
core   0: 0x80009660 (0x00b60cb3) add     s9, a2, a1
core   0: 3 0x80009660 (0x00b60cb3) x25 0x82ceb3f4
core   0: 0x80009664 (0x84fe0c93) addi    s9, t3, -1969
core   0: 3 0x80009664 (0x84fe0c93) x25 0xfffff850
core   0: 0x80009668 (0x40c3d2b3) sra     t0, t2, a2
core   0: 3 0x80009668 (0x40c3d2b3) x 5 0x00004b7c
core   0: 0x8000966c (0x01a54233) xor     tp, a0, s10
core   0: 3 0x8000966c (0x01a54233) x 4 0x80014ce4
core   0: 0x80009670 (0x48e5f417) auipc   s0, 0x48e5f
core   0: 3 0x80009670 (0x48e5f417) x 8 0xc8e68670
core   0: 0x80009674 (0x00000013) nop
core   0: 3 0x80009674 (0x00000013)
core   0: 0x80009678 (0x4cf6eb13) ori     s6, a3, 1231
core   0: 3 0x80009678 (0x4cf6eb13) x22 0x000004ef
core   0: 0x8000967c (0x017e9e93) slli    t4, t4, 23
core   0: 3 0x8000967c (0x017e9e93) x29 0x00000000
core   0: 0x80009680 (0x9f766b13) ori     s6, a2, -1545
core   0: 3 0x80009680 (0x9f766b13) x22 0xfffffdf7
core   0: 0x80009684 (0xa7f93793) sltiu   a5, s2, -1409
core   0: 3 0x80009684 (0xa7f93793) x15 0x00000001
core   0: 0x80009688 (0x0064f933) and     s2, s1, t1
core   0: 3 0x80009688 (0x0064f933) x18 0x00000000
core   0: 0x8000968c (0xf36ca913) slti    s2, s9, -202
core   0: 3 0x8000968c (0xf36ca913) x18 0x00000001
core   0: 0x80009690 (0x41ccd793) srai    a5, s9, 28
core   0: 3 0x80009690 (0x41ccd793) x15 0xffffffff
core   0: 0x80009694 (0x000c7cb3) and     s9, s8, zero
core   0: 3 0x80009694 (0x000c7cb3) x25 0x00000000
core   0: 0x80009698 (0x213b2d13) slti    s10, s6, 531
core   0: 3 0x80009698 (0x213b2d13) x26 0x00000001
core   0: 0x8000969c (0x0037e133) or      sp, a5, gp
core   0: 3 0x8000969c (0x0037e133) x 2 0xffffffff
core   0: 0x800096a0 (0x40aa5733) sra     a4, s4, a0
core   0: 3 0x800096a0 (0x40aa5733) x14 0x00000000
core   0: 0x800096a4 (0x002e7133) and     sp, t3, sp
core   0: 3 0x800096a4 (0x002e7133) x 2 0x00000001
core   0: 0x800096a8 (0x00000013) nop
core   0: 3 0x800096a8 (0x00000013)
core   0: 0x800096ac (0x408e54b3) sra     s1, t3, s0
core   0: 3 0x800096ac (0x408e54b3) x 9 0x00000000
core   0: 0x800096b0 (0x016fb133) sltu    sp, t6, s6
core   0: 3 0x800096b0 (0x016fb133) x 2 0x00000001
core   0: 0x800096b4 (0x85406b93) ori     s7, zero, -1964
core   0: 3 0x800096b4 (0x85406b93) x23 0xfffff854
core   0: 0x800096b8 (0x45b96297) auipc   t0, 0x45b96
core   0: 3 0x800096b8 (0x45b96297) x 5 0xc5b9f6b8
core   0: 0x800096bc (0xb54ae193) ori     gp, s5, -1196
core   0: 3 0x800096bc (0xb54ae193) x 3 0xfffffb54
core   0: 0x800096c0 (0x009f5493) srli    s1, t5, 9
core   0: 3 0x800096c0 (0x009f5493) x 9 0x000166d2
core   0: 0x800096c4 (0x41710db3) sub     s11, sp, s7
core   0: 3 0x800096c4 (0x41710db3) x27 0x000007ad
core   0: 0x800096c8 (0x00b25b33) srl     s6, tp, a1
core   0: 3 0x800096c8 (0x00b25b33) x22 0x080014ce
core   0: 0x800096cc (0x01df2433) slt     s0, t5, t4
core   0: 3 0x800096cc (0x01df2433) x 8 0x00000000
core   0: 0x800096d0 (0x416f04b3) sub     s1, t5, s6
core   0: 3 0x800096d0 (0x416f04b3) x 9 0xfacd90c2
core   0: 0x800096d4 (0x0f252117) auipc   sp, 0xf252
core   0: 3 0x800096d4 (0x0f252117) x 2 0x8f25b6d4
core   0: 0x800096d8 (0x583e7893) andi    a7, t3, 1411
core   0: 3 0x800096d8 (0x583e7893) x17 0x00000001
core   0: 0x800096dc (0x016372b3) and     t0, t1, s6
core   0: 3 0x800096dc (0x016372b3) x 5 0x00000000
core   0: 0x800096e0 (0x28782713) slti    a4, a6, 647
core   0: 3 0x800096e0 (0x28782713) x14 0x00000001
core   0: 0x800096e4 (0x00e64433) xor     s0, a2, a4
core   0: 3 0x800096e4 (0x00e64433) x 8 0x02cda591
core   0: 0x800096e8 (0x00d50eb3) add     t4, a0, a3
core   0: 3 0x800096e8 (0x00d50eb3) x29 0x80015187
core   0: 0x800096ec (0x0130b8b3) sltu    a7, ra, s3
core   0: 3 0x800096ec (0x0130b8b3) x17 0x00000001
core   0: 0x800096f0 (0x01bad133) srl     sp, s5, s11
core   0: 3 0x800096f0 (0x01bad133) x 2 0x00000000
core   0: 0x800096f4 (0x018919b3) sll     s3, s2, s8
core   0: 3 0x800096f4 (0x018919b3) x19 0x80000000
core   0: 0x800096f8 (0xd6700a37) lui     s4, 0xd6700
core   0: 3 0x800096f8 (0xd6700a37) x20 0xd6700000
core   0: 0x800096fc (0x0181d933) srl     s2, gp, s8
core   0: 3 0x800096fc (0x0181d933) x18 0x00000001
core   0: 0x80009700 (0x7483ad17) auipc   s10, 0x7483a
core   0: 3 0x80009700 (0x7483ad17) x26 0xf4843700
core   0: 0x80009704 (0x00000013) nop
core   0: 3 0x80009704 (0x00000013)
core   0: 0x80009708 (0x0121d333) srl     t1, gp, s2
core   0: 3 0x80009708 (0x0121d333) x 6 0x7ffffdaa
core   0: 0x8000970c (0x91460e93) addi    t4, a2, -1772
core   0: 3 0x8000970c (0x91460e93) x29 0x02cd9ea4
core   0: 0x80009710 (0x7e9a7817) auipc   a6, 0x7e9a7
core   0: 3 0x80009710 (0x7e9a7817) x16 0xfe9b0710
core   0: 0x80009714 (0x01c18cb3) add     s9, gp, t3
core   0: 3 0x80009714 (0x01c18cb3) x25 0xfffffb55
core   0: 0x80009718 (0x004897b3) sll     a5, a7, tp
core   0: 3 0x80009718 (0x004897b3) x15 0x00000010
core   0: 0x8000971c (0x0066e6b3) or      a3, a3, t1
core   0: 3 0x8000971c (0x0066e6b3) x13 0x7ffffdab
core   0: 0x80009720 (0x4e142b93) slti    s7, s0, 1249
core   0: 3 0x80009720 (0x4e142b93) x23 0x00000000
core   0: 0x80009724 (0x40685433) sra     s0, a6, t1
core   0: 3 0x80009724 (0x40685433) x 8 0xffffa6c1
core   0: 0x80009728 (0x3d42a793) slti    a5, t0, 980
core   0: 3 0x80009728 (0x3d42a793) x15 0x00000001
core   0: 0x8000972c (0xeee8a213) slti    tp, a7, -274
core   0: 3 0x8000972c (0xeee8a213) x 4 0x00000000
core   0: 0x80009730 (0x59e59ab7) lui     s5, 0x59e59
core   0: 3 0x80009730 (0x59e59ab7) x21 0x59e59000
core   0: 0x80009734 (0xccaff093) andi    ra, t6, -822
core   0: 3 0x80009734 (0xccaff093) x 1 0xfffff842
core   0: 0x80009738 (0xbf74a913) slti    s2, s1, -1033
core   0: 3 0x80009738 (0xbf74a913) x18 0x00000001
core   0: 0x8000973c (0x00b7db33) srl     s6, a5, a1
core   0: 3 0x8000973c (0x00b7db33) x22 0x00000000
core   0: 0x80009740 (0x4115df33) sra     t5, a1, a7
core   0: 3 0x80009740 (0x4115df33) x30 0xc0008732
core   0: 0x80009744 (0x013b7633) and     a2, s6, s3
core   0: 3 0x80009744 (0x013b7633) x12 0x00000000
core   0: 0x80009748 (0x011d9a93) slli    s5, s11, 17
core   0: 3 0x80009748 (0x011d9a93) x21 0x0f5a0000
core   0: 0x8000974c (0x003b24b3) slt     s1, s6, gp
core   0: 3 0x8000974c (0x003b24b3) x 9 0x00000000
core   0: 0x80009750 (0x018d0bb3) add     s7, s10, s8
core   0: 3 0x80009750 (0x018d0bb3) x23 0xf446b53f
core   0: 0x80009754 (0x5cba0d17) auipc   s10, 0x5cba0
core   0: 3 0x80009754 (0x5cba0d17) x26 0xdcba9754
core   0: 0x80009758 (0x85a28613) addi    a2, t0, -1958
core   0: 3 0x80009758 (0x85a28613) x12 0xfffff85a
core   0: 0x8000975c (0x41ec04b3) sub     s1, s8, t5
core   0: 3 0x8000975c (0x41ec04b3) x 9 0x3fc1f70d
core   0: 0x80009760 (0x41c95a93) srai    s5, s2, 28
core   0: 3 0x80009760 (0x41c95a93) x21 0x00000000
core   0: 0x80009764 (0x01cdb333) sltu    t1, s11, t3
core   0: 3 0x80009764 (0x01cdb333) x 6 0x00000000
core   0: 0x80009768 (0x23bd9cb7) lui     s9, 0x23bd9
core   0: 3 0x80009768 (0x23bd9cb7) x25 0x23bd9000
core   0: 0x8000976c (0x01b2a3b3) slt     t2, t0, s11
core   0: 3 0x8000976c (0x01b2a3b3) x 7 0x00000001
core   0: 0x80009770 (0x01d7d693) srli    a3, a5, 29
core   0: 3 0x80009770 (0x01d7d693) x13 0x00000000
core   0: 0x80009774 (0x412c5eb3) sra     t4, s8, s2
core   0: 3 0x80009774 (0x412c5eb3) x29 0xffe13f1f
core   0: 0x80009778 (0x40b85cb3) sra     s9, a6, a1
core   0: 3 0x80009778 (0x40b85cb3) x25 0xffe9b071
core   0: 0x8000977c (0x00f68233) add     tp, a3, a5
core   0: 3 0x8000977c (0x00f68233) x 4 0x00000001
core   0: 0x80009780 (0x40ae5e93) srai    t4, t3, 10
core   0: 3 0x80009780 (0x40ae5e93) x29 0x00000000
core   0: 0x80009784 (0xca6b6913) ori     s2, s6, -858
core   0: 3 0x80009784 (0xca6b6913) x18 0xfffffca6
core   0: 0x80009788 (0x4072d193) srai    gp, t0, 7
core   0: 3 0x80009788 (0x4072d193) x 3 0x00000000
core   0: 0x8000978c (0x01af1d93) slli    s11, t5, 26
core   0: 3 0x8000978c (0x01af1d93) x27 0xc8000000
core   0: 0x80009790 (0x006df833) and     a6, s11, t1
core   0: 3 0x80009790 (0x006df833) x16 0x00000000
core   0: 0x80009794 (0x0065fd33) and     s10, a1, t1
core   0: 3 0x80009794 (0x0065fd33) x26 0x00000000
core   0: 0x80009798 (0x01905833) srl     a6, zero, s9
core   0: 3 0x80009798 (0x01905833) x16 0x00000000
core   0: 0x8000979c (0x01dd7eb3) and     t4, s10, t4
core   0: 3 0x8000979c (0x01dd7eb3) x29 0x00000000
core   0: 0x800097a0 (0x00000793) li      a5, 0
core   0: 3 0x800097a0 (0x00000793) x15 0x00000000
core   0: 0x800097a4 (0x00000293) li      t0, 0
core   0: 3 0x800097a4 (0x00000293) x 5 0x00000000
core   0: 0x800097a8 (0x4d2a0bb7) lui     s7, 0x4d2a0
core   0: 3 0x800097a8 (0x4d2a0bb7) x23 0x4d2a0000
core   0: 0x800097ac (0x2b7b8b93) addi    s7, s7, 695
core   0: 3 0x800097ac (0x2b7b8b93) x23 0x4d2a02b7
core   0: 0x800097b0 (0x6f0ec4b7) lui     s1, 0x6f0ec
core   0: 3 0x800097b0 (0x6f0ec4b7) x 9 0x6f0ec000
core   0: 0x800097b4 (0xb2f48493) addi    s1, s1, -1233
core   0: 3 0x800097b4 (0xb2f48493) x 9 0x6f0ebb2f
core   0: 0x800097b8 (0xfff00f93) li      t6, -1
core   0: 3 0x800097b8 (0xfff00f93) x31 0xffffffff
core   0: 0x800097bc (0xfff00113) li      sp, -1
core   0: 3 0x800097bc (0xfff00113) x 2 0xffffffff
core   0: 0x800097c0 (0x8531a1b7) lui     gp, 0x8531a
core   0: 3 0x800097c0 (0x8531a1b7) x 3 0x8531a000
core   0: 0x800097c4 (0x77418193) addi    gp, gp, 1908
core   0: 3 0x800097c4 (0x77418193) x 3 0x8531a774
core   0: 0x800097c8 (0x80000837) lui     a6, 0x80000
core   0: 3 0x800097c8 (0x80000837) x16 0x80000000
core   0: 0x800097cc (0x80000337) lui     t1, 0x80000
core   0: 3 0x800097cc (0x80000337) x 6 0x80000000
core   0: 0x800097d0 (0x800003b7) lui     t2, 0x80000
core   0: 3 0x800097d0 (0x800003b7) x 7 0x80000000
core   0: 0x800097d4 (0x40430793) addi    a5, t1, 1028
core   0: 3 0x800097d4 (0x40430793) x15 0x80000404
core   0: 0x800097d8 (0xf5b132b7) lui     t0, 0xf5b13
core   0: 3 0x800097d8 (0xf5b132b7) x 5 0xf5b13000
core   0: 0x800097dc (0xf7c30813) addi    a6, t1, -132
core   0: 3 0x800097dc (0xf7c30813) x16 0x7fffff7c
core   0: 0x800097e0 (0x26ef8f93) addi    t6, t6, 622
core   0: 3 0x800097e0 (0x26ef8f93) x31 0x0000026d
core   0: 0x800097e4 (0x01f30833) add     a6, t1, t6
core   0: 3 0x800097e4 (0x01f30833) x16 0x8000026d
core   0: 0x800097e8 (0x74648f93) addi    t6, s1, 1862
core   0: 3 0x800097e8 (0x74648f93) x31 0x6f0ec275
core   0: 0x800097ec (0x00228333) add     t1, t0, sp
core   0: 3 0x800097ec (0x00228333) x 6 0xf5b12fff
core   0: 0x800097f0 (0x00000013) nop
core   0: 3 0x800097f0 (0x00000013)
core   0: 0x800097f4 (0x01f30fb3) add     t6, t1, t6
core   0: 3 0x800097f4 (0x01f30fb3) x31 0x64bff274
core   0: 0x800097f8 (0x5fb1d197) auipc   gp, 0x5fb1d
core   0: 3 0x800097f8 (0x5fb1d197) x 3 0xdfb267f8
core   0: 0x800097fc (0x40618133) sub     sp, gp, t1
core   0: 3 0x800097fc (0x40618133) x 2 0xea0137f9
core   0: 0x80009800 (0x87a703b7) lui     t2, 0x87a70
core   0: 3 0x80009800 (0x87a703b7) x 7 0x87a70000
core   0: 0x80009804 (0x405182b3) sub     t0, gp, t0
core   0: 3 0x80009804 (0x405182b3) x 5 0xea0137f8
core   0: 0x80009808 (0x789d6837) lui     a6, 0x789d6
core   0: 3 0x80009808 (0x789d6837) x16 0x789d6000
core   0: 0x8000980c (0x005804b3) add     s1, a6, t0
core   0: 3 0x8000980c (0x005804b3) x 9 0x629e97f8
core   0: 0x80009810 (0x0f958b97) auipc   s7, 0xf958
core   0: 3 0x80009810 (0x0f958b97) x23 0x8f961810
core   0: 0x80009814 (0x012d0db3) add     s11, s10, s2
core   0: 3 0x80009814 (0x012d0db3) x27 0xfffffca6
core   0: 0x80009818 (0x41270d33) sub     s10, a4, s2
core   0: 3 0x80009818 (0x41270d33) x26 0x0000035b
core   0: 0x8000981c (0x3b5d3d13) sltiu   s10, s10, 949
core   0: 3 0x8000981c (0x3b5d3d13) x26 0x00000001
core   0: 0x80009820 (0xd76cb093) sltiu   ra, s9, -650
core   0: 3 0x80009820 (0xd76cb093) x 1 0x00000001
core   0: 0x80009824 (0x00e343b3) xor     t2, t1, a4
core   0: 3 0x80009824 (0x00e343b3) x 7 0xf5b12ffe
core   0: 0x80009828 (0x00bd5ab3) srl     s5, s10, a1
core   0: 3 0x80009828 (0x00bd5ab3) x21 0x00000000
core   0: 0x8000982c (0x9e116313) ori     t1, sp, -1567
core   0: 3 0x8000982c (0x9e116313) x 6 0xfffffff9
core   0: 0x80009830 (0x0119d693) srli    a3, s3, 17
core   0: 3 0x80009830 (0x0119d693) x13 0x00004000
core   0: 0x80009834 (0x0019ebb3) or      s7, s3, ra
core   0: 3 0x80009834 (0x0019ebb3) x23 0x80000001
core   0: 0x80009838 (0x013401b3) add     gp, s0, s3
core   0: 3 0x80009838 (0x013401b3) x 3 0x7fffa6c1
core   0: 0x8000983c (0x00000013) nop
core   0: 3 0x8000983c (0x00000013)
core   0: 0x80009840 (0x004f7bb3) and     s7, t5, tp
core   0: 3 0x80009840 (0x004f7bb3) x23 0x00000000
core   0: 0x80009844 (0x0017dc93) srli    s9, a5, 1
core   0: 3 0x80009844 (0x0017dc93) x25 0x40000202
core   0: 0x80009848 (0x01bd5c93) srli    s9, s10, 27
core   0: 3 0x80009848 (0x01bd5c93) x25 0x00000000
core   0: 0x8000984c (0x00e238b3) sltu    a7, tp, a4
core   0: 3 0x8000984c (0x00e238b3) x17 0x00000000
core   0: 0x80009850 (0x41c9dab3) sra     s5, s3, t3
core   0: 3 0x80009850 (0x41c9dab3) x21 0xc0000000
core   0: 0x80009854 (0x013d71b3) and     gp, s10, s3
core   0: 3 0x80009854 (0x013d71b3) x 3 0x00000000
core   0: 0x80009858 (0xc5c38897) auipc   a7, 0xc5c38
core   0: 3 0x80009858 (0xc5c38897) x17 0x45c41858
core   0: 0x8000985c (0x9e707213) andi    tp, zero, -1561
core   0: 3 0x8000985c (0x9e707213) x 4 0x00000000
core   0: 0x80009860 (0x01e55713) srli    a4, a0, 30
core   0: 3 0x80009860 (0x01e55713) x14 0x00000002
core   0: 0x80009864 (0x019029b3) slt     s3, zero, s9
core   0: 3 0x80009864 (0x019029b3) x19 0x00000000
core   0: 0x80009868 (0x40ffdd13) srai    s10, t6, 15
core   0: 3 0x80009868 (0x40ffdd13) x26 0x0000c97f
core   0: 0x8000986c (0x408054b3) sra     s1, zero, s0
core   0: 3 0x8000986c (0x408054b3) x 9 0x00000000
core   0: 0x80009870 (0x011e0e33) add     t3, t3, a7
core   0: 3 0x80009870 (0x011e0e33) x28 0x45c41859
core   0: 0x80009874 (0x012a7033) and     zero, s4, s2
core   0: 3 0x80009874 (0x012a7033)
core   0: 0x80009878 (0x00a638b3) sltu    a7, a2, a0
core   0: 3 0x80009878 (0x00a638b3) x17 0x00000000
core   0: 0x8000987c (0x60ac6793) ori     a5, s8, 1546
core   0: 3 0x8000987c (0x60ac6793) x15 0xffc27e3f
core   0: 0x80009880 (0xd4ee3f13) sltiu   t5, t3, -690
core   0: 3 0x80009880 (0xd4ee3f13) x30 0x00000001
core   0: 0x80009884 (0x8515d917) auipc   s2, 0x8515d
core   0: 3 0x80009884 (0x8515d917) x18 0x05166884
core   0: 0x80009888 (0x01dcce33) xor     t3, s9, t4
core   0: 3 0x80009888 (0x01dcce33) x28 0x00000000
core   0: 0x8000988c (0x01f35613) srli    a2, t1, 31
core   0: 3 0x8000988c (0x01f35613) x12 0x00000001
core   0: 0x80009890 (0x62b0a913) slti    s2, ra, 1579
core   0: 3 0x80009890 (0x62b0a913) x18 0x00000001
core   0: 0x80009894 (0x9b4f0393) addi    t2, t5, -1612
core   0: 3 0x80009894 (0x9b4f0393) x 7 0xfffff9b5
core   0: 0x80009898 (0x00f6ef33) or      t5, a3, a5
core   0: 3 0x80009898 (0x00f6ef33) x30 0xffc27e3f
core   0: 0x8000989c (0x00db1db3) sll     s11, s6, a3
core   0: 3 0x8000989c (0x00db1db3) x27 0x00000000
core   0: 0x800098a0 (0x005fbd33) sltu    s10, t6, t0
core   0: 3 0x800098a0 (0x005fbd33) x26 0x00000001
core   0: 0x800098a4 (0x416fdd93) srai    s11, t6, 22
core   0: 3 0x800098a4 (0x416fdd93) x27 0x00000192
core   0: 0x800098a8 (0x510bb697) auipc   a3, 0x510bb
core   0: 3 0x800098a8 (0x510bb697) x13 0xd10c48a8
core   0: 0x800098ac (0xadb8eb37) lui     s6, 0xadb8e
core   0: 3 0x800098ac (0xadb8eb37) x22 0xadb8e000
core   0: 0x800098b0 (0x01de78b3) and     a7, t3, t4
core   0: 3 0x800098b0 (0x01de78b3) x17 0x00000000
core   0: 0x800098b4 (0x40a787b3) sub     a5, a5, a0
core   0: 3 0x800098b4 (0x40a787b3) x15 0x7fc1315b
core   0: 0x800098b8 (0x4258c393) xori    t2, a7, 1061
core   0: 3 0x800098b8 (0x4258c393) x 7 0x00000425
core   0: 0x800098bc (0xbeab7913) andi    s2, s6, -1046
core   0: 3 0x800098bc (0xbeab7913) x18 0xadb8e000
core   0: 0x800098c0 (0x41f7dd13) srai    s10, a5, 31
core   0: 3 0x800098c0 (0x41f7dd13) x26 0x00000000
core   0: 0x800098c4 (0x5a978d13) addi    s10, a5, 1449
core   0: 3 0x800098c4 (0x5a978d13) x26 0x7fc13704
core   0: 0x800098c8 (0xcf958993) addi    s3, a1, -775
core   0: 3 0x800098c8 (0xcf958993) x19 0x80010b5d
core   0: 0x800098cc (0x00000013) nop
core   0: 3 0x800098cc (0x00000013)
core   0: 0x800098d0 (0x014f26b3) slt     a3, t5, s4
core   0: 3 0x800098d0 (0x014f26b3) x13 0x00000000
core   0: 0x800098d4 (0x30a77193) andi    gp, a4, 778
core   0: 3 0x800098d4 (0x30a77193) x 3 0x00000002
core   0: 0x800098d8 (0xe7eac193) xori    gp, s5, -386
core   0: 3 0x800098d8 (0xe7eac193) x 3 0x3ffffe7e
core   0: 0x800098dc (0x01659b33) sll     s6, a1, s6
core   0: 3 0x800098dc (0x01659b33) x22 0x80010e64
core   0: 0x800098e0 (0x40fb8a33) sub     s4, s7, a5
core   0: 3 0x800098e0 (0x40fb8a33) x20 0x803ecea5
core   0: 0x800098e4 (0x00529db3) sll     s11, t0, t0
core   0: 3 0x800098e4 (0x00529db3) x27 0xf8000000
core   0: 0x800098e8 (0x005e9433) sll     s0, t4, t0
core   0: 3 0x800098e8 (0x005e9433) x 8 0x00000000
core   0: 0x800098ec (0x41e6d333) sra     t1, a3, t5
core   0: 3 0x800098ec (0x41e6d333) x 6 0x00000000
core   0: 0x800098f0 (0x40105913) srai    s2, zero, 1
core   0: 3 0x800098f0 (0x40105913) x18 0x00000000
core   0: 0x800098f4 (0x000f3bb3) sltu    s7, t5, zero
core   0: 3 0x800098f4 (0x000f3bb3) x23 0x00000000
core   0: 0x800098f8 (0xc1d5c793) xori    a5, a1, -995
core   0: 3 0x800098f8 (0xc1d5c793) x15 0x7ffef279
core   0: 0x800098fc (0x00cd1833) sll     a6, s10, a2
core   0: 3 0x800098fc (0x00cd1833) x16 0xff826e08
core   0: 0x80009900 (0x6d260793) addi    a5, a2, 1746
core   0: 3 0x80009900 (0x6d260793) x15 0x000006d3
core   0: 0x80009904 (0x016d6d33) or      s10, s10, s6
core   0: 3 0x80009904 (0x016d6d33) x26 0xffc13f64
core   0: 0x80009908 (0x00000013) nop
core   0: 3 0x80009908 (0x00000013)
core   0: 0x8000990c (0x415408b3) sub     a7, s0, s5
core   0: 3 0x8000990c (0x415408b3) x17 0x40000000
core   0: 0x80009910 (0x01719133) sll     sp, gp, s7
core   0: 3 0x80009910 (0x01719133) x 2 0x3ffffe7e
core   0: 0x80009914 (0x73ea4bb7) lui     s7, 0x73ea4
core   0: 3 0x80009914 (0x73ea4bb7) x23 0x73ea4000
core   0: 0x80009918 (0xf66a2893) slti    a7, s4, -154
core   0: 3 0x80009918 (0xf66a2893) x17 0x00000001
core   0: 0x8000991c (0x01a5b0b3) sltu    ra, a1, s10
core   0: 3 0x8000991c (0x01a5b0b3) x 1 0x00000001
core   0: 0x80009920 (0x69c99d97) auipc   s11, 0x69c99
core   0: 3 0x80009920 (0x69c99d97) x27 0xe9ca2920
core   0: 0x80009924 (0x0132fcb3) and     s9, t0, s3
core   0: 3 0x80009924 (0x0132fcb3) x25 0x80010358
core   0: 0x80009928 (0x41c45393) srai    t2, s0, 28
core   0: 3 0x80009928 (0x41c45393) x 7 0x00000000
core   0: 0x8000992c (0x00000013) nop
core   0: 3 0x8000992c (0x00000013)
core   0: 0x80009930 (0x00d1b433) sltu    s0, gp, a3
core   0: 3 0x80009930 (0x00d1b433) x 8 0x00000000
core   0: 0x80009934 (0x01359f33) sll     t5, a1, s3
core   0: 3 0x80009934 (0x01359f33) x30 0x80000000
core   0: 0x80009938 (0x418a8a33) sub     s4, s5, s8
core   0: 3 0x80009938 (0x418a8a33) x20 0xc03d81c1
core   0: 0x8000993c (0x001a6eb3) or      t4, s4, ra
core   0: 3 0x8000993c (0x001a6eb3) x29 0xc03d81c1
core   0: 0x80009940 (0x191bc113) xori    sp, s7, 401
core   0: 3 0x80009940 (0x191bc113) x 2 0x73ea4191
core   0: 0x80009944 (0x00000013) nop
core   0: 3 0x80009944 (0x00000013)
core   0: 0x80009948 (0x00000013) nop
core   0: 3 0x80009948 (0x00000013)
core   0: 0x8000994c (0x288fa493) slti    s1, t6, 648
core   0: 3 0x8000994c (0x288fa493) x 9 0x00000000
core   0: 0x80009950 (0x00dbbdb3) sltu    s11, s7, a3
core   0: 3 0x80009950 (0x00dbbdb3) x27 0x00000000
core   0: 0x80009954 (0x40f68e33) sub     t3, a3, a5
core   0: 3 0x80009954 (0x40f68e33) x28 0xfffff92d
core   0: 0x80009958 (0x00d9bf33) sltu    t5, s3, a3
core   0: 3 0x80009958 (0x00d9bf33) x30 0x00000000
core   0: 0x8000995c (0x414bd9b3) sra     s3, s7, s4
core   0: 3 0x8000995c (0x414bd9b3) x19 0x39f52000
core   0: 0x80009960 (0x418edd13) srai    s10, t4, 24
core   0: 3 0x80009960 (0x418edd13) x26 0xffffffc0
core   0: 0x80009964 (0x00000013) nop
core   0: 3 0x80009964 (0x00000013)
core   0: 0x80009968 (0x40ab0e33) sub     t3, s6, a0
core   0: 3 0x80009968 (0x40ab0e33) x28 0xffffc180
core   0: 0x8000996c (0x417b5413) srai    s0, s6, 23
core   0: 3 0x8000996c (0x417b5413) x 8 0xffffff00
core   0: 0x80009970 (0x40ebdeb3) sra     t4, s7, a4
core   0: 3 0x80009970 (0x40ebdeb3) x29 0x1cfa9000
core   0: 0x80009974 (0x00ceaa33) slt     s4, t4, a2
core   0: 3 0x80009974 (0x00ceaa33) x20 0x00000000
core   0: 0x80009978 (0x411c0433) sub     s0, s8, a7
core   0: 3 0x80009978 (0x411c0433) x 8 0xffc27e3e
core   0: 0x8000997c (0x014882b3) add     t0, a7, s4
core   0: 3 0x8000997c (0x014882b3) x 5 0x00000001
core   0: 0x80009980 (0x015794b3) sll     s1, a5, s5
core   0: 3 0x80009980 (0x015794b3) x 9 0x000006d3
core   0: 0x80009984 (0x001b43b3) xor     t2, s6, ra
core   0: 3 0x80009984 (0x001b43b3) x 7 0x80010e65
core   0: 0x80009988 (0x01a93f33) sltu    t5, s2, s10
core   0: 3 0x80009988 (0x01a93f33) x30 0x00000001
core   0: 0x8000998c (0x00ec49b3) xor     s3, s8, a4
core   0: 3 0x8000998c (0x00ec49b3) x19 0xffc27e3d
core   0: 0x80009990 (0x0103c433) xor     s0, t2, a6
core   0: 3 0x80009990 (0x0103c433) x 8 0x7f83606d
core   0: 0x80009994 (0x54fe2993) slti    s3, t3, 1359
core   0: 3 0x80009994 (0x54fe2993) x19 0x00000001
core   0: 0x80009998 (0x00189133) sll     sp, a7, ra
core   0: 3 0x80009998 (0x00189133) x 2 0x00000002
core   0: 0x8000999c (0x19b20813) addi    a6, tp, 411
core   0: 3 0x8000999c (0x19b20813) x16 0x0000019b
core   0: 0x800099a0 (0x0124bd33) sltu    s10, s1, s2
core   0: 3 0x800099a0 (0x0124bd33) x26 0x00000000
core   0: 0x800099a4 (0x2463e413) ori     s0, t2, 582
core   0: 3 0x800099a4 (0x2463e413) x 8 0x80010e67
core   0: 0x800099a8 (0xfdcb3b37) lui     s6, 0xfdcb3
core   0: 3 0x800099a8 (0xfdcb3b37) x22 0xfdcb3000
core   0: 0x800099ac (0x00d33933) sltu    s2, t1, a3
core   0: 3 0x800099ac (0x00d33933) x18 0x00000000
core   0: 0x800099b0 (0x4154d493) srai    s1, s1, 21
core   0: 3 0x800099b0 (0x4154d493) x 9 0x00000000
core   0: 0x800099b4 (0x41415193) srai    gp, sp, 20
core   0: 3 0x800099b4 (0x41415193) x 3 0x00000000
core   0: 0x800099b8 (0x00000013) nop
core   0: 3 0x800099b8 (0x00000013)
core   0: 0x800099bc (0xe89f8293) addi    t0, t6, -375
core   0: 3 0x800099bc (0xe89f8293) x 5 0x64bff0fd
core   0: 0x800099c0 (0xfff00113) li      sp, -1
core   0: 3 0x800099c0 (0xfff00113) x 2 0xffffffff
core   0: 0x800099c4 (0x7e020837) lui     a6, 0x7e020
core   0: 3 0x800099c4 (0x7e020837) x16 0x7e020000
core   0: 0x800099c8 (0x08980813) addi    a6, a6, 137
core   0: 3 0x800099c8 (0x08980813) x16 0x7e020089
core   0: 0x800099cc (0xd94c4cb7) lui     s9, 0xd94c4
core   0: 3 0x800099cc (0xd94c4cb7) x25 0xd94c4000
core   0: 0x800099d0 (0xe9cc8c93) addi    s9, s9, -356
core   0: 3 0x800099d0 (0xe9cc8c93) x25 0xd94c3e9c
core   0: 0x800099d4 (0x00000693) li      a3, 0
core   0: 3 0x800099d4 (0x00000693) x13 0x00000000
core   0: 0x800099d8 (0x70087b37) lui     s6, 0x70087
core   0: 3 0x800099d8 (0x70087b37) x22 0x70087000
core   0: 0x800099dc (0x5ffb0b13) addi    s6, s6, 1535
core   0: 3 0x800099dc (0x5ffb0b13) x22 0x700875ff
core   0: 0x800099e0 (0xfff00b93) li      s7, -1
core   0: 3 0x800099e0 (0xfff00b93) x23 0xffffffff
core   0: 0x800099e4 (0xfff00793) li      a5, -1
core   0: 3 0x800099e4 (0xfff00793) x15 0xffffffff
core   0: 0x800099e8 (0x7eb56ab7) lui     s5, 0x7eb56
core   0: 3 0x800099e8 (0x7eb56ab7) x21 0x7eb56000
core   0: 0x800099ec (0x2b2a8a93) addi    s5, s5, 690
core   0: 3 0x800099ec (0x2b2a8a93) x21 0x7eb562b2
core   0: 0x800099f0 (0xfff00893) li      a7, -1
core   0: 3 0x800099f0 (0xfff00893) x17 0xffffffff
core   0: 0x800099f4 (0x00000e13) li      t3, 0
core   0: 3 0x800099f4 (0x00000e13) x28 0x00000000
core   0: 0x800099f8 (0xa6b31117) auipc   sp, 0xa6b31
core   0: 3 0x800099f8 (0xa6b31117) x 2 0x26b3a9f8
core   0: 0x800099fc (0x9925ac97) auipc   s9, 0x9925a
core   0: 3 0x800099fc (0x9925ac97) x25 0x192639fc
core   0: 0x80009a00 (0x00000013) nop
core   0: 3 0x80009a00 (0x00000013)
core   0: 0x80009a04 (0x00000013) nop
core   0: 3 0x80009a04 (0x00000013)
core   0: 0x80009a08 (0x9ed10113) addi    sp, sp, -1555
core   0: 3 0x80009a08 (0x9ed10113) x 2 0x26b3a3e5
core   0: 0x80009a0c (0x2e880e13) addi    t3, a6, 744
core   0: 3 0x80009a0c (0x2e880e13) x28 0x7e020371
core   0: 0x80009a10 (0x357e07b7) lui     a5, 0x357e0
core   0: 3 0x80009a10 (0x357e07b7) x15 0x357e0000
core   0: 0x80009a14 (0x89f68c93) addi    s9, a3, -1889
core   0: 3 0x80009a14 (0x89f68c93) x25 0xfffff89f
core   0: 0x80009a18 (0x00000013) nop
core   0: 3 0x80009a18 (0x00000013)
core   0: 0x80009a1c (0xe0978893) addi    a7, a5, -503
core   0: 3 0x80009a1c (0xe0978893) x17 0x357dfe09
core   0: 0x80009a20 (0x49368c93) addi    s9, a3, 1171
core   0: 3 0x80009a20 (0x49368c93) x25 0x00000493
core   0: 0x80009a24 (0x416787b3) sub     a5, a5, s6
core   0: 3 0x80009a24 (0x416787b3) x15 0xc5758a01
core   0: 0x80009a28 (0x419b8133) sub     sp, s7, s9
core   0: 3 0x80009a28 (0x419b8133) x 2 0xfffffb6c
core   0: 0x80009a2c (0x017c8cb3) add     s9, s9, s7
core   0: 3 0x80009a2c (0x017c8cb3) x25 0x00000492
core   0: 0x80009a30 (0x00000013) nop
core   0: 3 0x80009a30 (0x00000013)
core   0: 0x80009a34 (0xd47a3797) auipc   a5, 0xd47a3
core   0: 3 0x80009a34 (0xd47a3797) x15 0x547aca34
core   0: 0x80009a38 (0xabecc137) lui     sp, 0xabecc
core   0: 3 0x80009a38 (0xabecc137) x 2 0xabecc000
core   0: 0x80009a3c (0x01cb06b3) add     a3, s6, t3
core   0: 3 0x80009a3c (0x01cb06b3) x13 0xee0a7970
core   0: 0x80009a40 (0x40fb0bb3) sub     s7, s6, a5
core   0: 3 0x80009a40 (0x40fb0bb3) x23 0x1b8dabcb
core   0: 0x80009a44 (0x91dc8693) addi    a3, s9, -1763
core   0: 3 0x80009a44 (0x91dc8693) x13 0xfffffdaf
core   0: 0x80009a48 (0x4bdbac97) auipc   s9, 0x4bdba
core   0: 3 0x80009a48 (0x4bdbac97) x25 0xcbdc3a48
core   0: 0x80009a4c (0x402108b3) sub     a7, sp, sp
core   0: 3 0x80009a4c (0x402108b3) x17 0x00000000
core   0: 0x80009a50 (0x934746b7) lui     a3, 0x93474
core   0: 3 0x80009a50 (0x934746b7) x13 0x93474000
core   0: 0x80009a54 (0x22a80813) addi    a6, a6, 554
core   0: 3 0x80009a54 (0x22a80813) x16 0x7e0202b3
core   0: 0x80009a58 (0xad971c97) auipc   s9, 0xad971
core   0: 3 0x80009a58 (0xad971c97) x25 0x2d97aa58
core   0: 0x80009a5c (0x01c10bb3) add     s7, sp, t3
core   0: 3 0x80009a5c (0x01c10bb3) x23 0x29eec371
core   0: 0x80009a60 (0x011108b3) add     a7, sp, a7
core   0: 3 0x80009a60 (0x011108b3) x17 0xabecc000
core   0: 0x80009a64 (0x01925ab3) srl     s5, tp, s9
core   0: 3 0x80009a64 (0x01925ab3) x21 0x00000000
core   0: 0x80009a68 (0xef2ba137) lui     sp, 0xef2ba
core   0: 3 0x80009a68 (0xef2ba137) x 2 0xef2ba000
core   0: 0x80009a6c (0x01fddb93) srli    s7, s11, 31
core   0: 3 0x80009a6c (0x01fddb93) x23 0x00000000
core   0: 0x80009a70 (0x00a91eb3) sll     t4, s2, a0
core   0: 3 0x80009a70 (0x00a91eb3) x29 0x00000000
core   0: 0x80009a74 (0x4139dd33) sra     s10, s3, s3
core   0: 3 0x80009a74 (0x4139dd33) x26 0x00000000
core   0: 0x80009a78 (0x019509b3) add     s3, a0, s9
core   0: 3 0x80009a78 (0x019509b3) x19 0xad98f73c
core   0: 0x80009a7c (0xf3624793) xori    a5, tp, -202
core   0: 3 0x80009a7c (0xf3624793) x15 0xffffff36
core   0: 0x80009a80 (0x013d1433) sll     s0, s10, s3
core   0: 3 0x80009a80 (0x013d1433) x 8 0x00000000
core   0: 0x80009a84 (0x00000013) nop
core   0: 3 0x80009a84 (0x00000013)
core   0: 0x80009a88 (0x2071b9b7) lui     s3, 0x2071b
core   0: 3 0x80009a88 (0x2071b9b7) x19 0x2071b000
core   0: 0x80009a8c (0x00eb5f13) srli    t5, s6, 14
core   0: 3 0x80009a8c (0x00eb5f13) x30 0x0001c021
core   0: 0x80009a90 (0x4c5f2d93) slti    s11, t5, 1221
core   0: 3 0x80009a90 (0x4c5f2d93) x27 0x00000000
core   0: 0x80009a94 (0x3d7bff13) andi    t5, s7, 983
core   0: 3 0x80009a94 (0x3d7bff13) x30 0x00000000
core   0: 0x80009a98 (0x05e24013) xori    zero, tp, 94
core   0: 3 0x80009a98 (0x05e24013)
core   0: 0x80009a9c (0xf8d33a93) sltiu   s5, t1, -115
core   0: 3 0x80009a9c (0xf8d33a93) x21 0x00000001
core   0: 0x80009aa0 (0xf19e0f13) addi    t5, t3, -231
core   0: 3 0x80009aa0 (0xf19e0f13) x30 0x7e02028a
core   0: 0x80009aa4 (0x01f51213) slli    tp, a0, 31
core   0: 3 0x80009aa4 (0x01f51213) x 4 0x00000000
core   0: 0x80009aa8 (0x00ce36b3) sltu    a3, t3, a2
core   0: 3 0x80009aa8 (0x00ce36b3) x13 0x00000000
core   0: 0x80009aac (0x017a9013) slli    zero, s5, 23
core   0: 3 0x80009aac (0x017a9013)
core   0: 0x80009ab0 (0x00000013) nop
core   0: 3 0x80009ab0 (0x00000013)
core   0: 0x80009ab4 (0x90202413) slti    s0, zero, -1790
core   0: 3 0x80009ab4 (0x90202413) x 8 0x00000000
core   0: 0x80009ab8 (0x000b2733) slt     a4, s6, zero
core   0: 3 0x80009ab8 (0x000b2733) x14 0x00000000
core   0: 0x80009abc (0x00596233) or      tp, s2, t0
core   0: 3 0x80009abc (0x00596233) x 4 0x64bff0fd
core   0: 0x80009ac0 (0x7d3e13b7) lui     t2, 0x7d3e1
core   0: 3 0x80009ac0 (0x7d3e13b7) x 7 0x7d3e1000
core   0: 0x80009ac4 (0xc8067b13) andi    s6, a2, -896
core   0: 3 0x80009ac4 (0xc8067b13) x22 0x00000000
core   0: 0x80009ac8 (0x0162cb33) xor     s6, t0, s6
core   0: 3 0x80009ac8 (0x0162cb33) x22 0x64bff0fd
core   0: 0x80009acc (0x80056d93) ori     s11, a0, -2048
core   0: 3 0x80009acc (0x80056d93) x27 0xfffffce4
core   0: 0x80009ad0 (0x41b40733) sub     a4, s0, s11
core   0: 3 0x80009ad0 (0x41b40733) x14 0x0000031c
core   0: 0x80009ad4 (0x016bfab3) and     s5, s7, s6
core   0: 3 0x80009ad4 (0x016bfab3) x21 0x00000000
core   0: 0x80009ad8 (0x04300337) lui     t1, 0x4300
core   0: 3 0x80009ad8 (0x04300337) x 6 0x04300000
core   0: 0x80009adc (0x41585633) sra     a2, a6, s5
core   0: 3 0x80009adc (0x41585633) x12 0x7e0202b3
core   0: 0x80009ae0 (0x01ae8d33) add     s10, t4, s10
core   0: 3 0x80009ae0 (0x01ae8d33) x26 0x00000000
core   0: 0x80009ae4 (0x00d35033) srl     zero, t1, a3
core   0: 3 0x80009ae4 (0x00d35033)
core   0: 0x80009ae8 (0x6c814193) xori    gp, sp, 1736
core   0: 3 0x80009ae8 (0x6c814193) x 3 0xef2ba6c8
core   0: 0x80009aec (0x0015d393) srli    t2, a1, 1
core   0: 3 0x80009aec (0x0015d393) x 7 0x40008732
core   0: 0x80009af0 (0x39b78db7) lui     s11, 0x39b78
core   0: 3 0x80009af0 (0x39b78db7) x27 0x39b78000
core   0: 0x80009af4 (0x00889813) slli    a6, a7, 8
core   0: 3 0x80009af4 (0x00889813) x16 0xecc00000
core   0: 0x80009af8 (0xe0017813) andi    a6, sp, -512
core   0: 3 0x80009af8 (0xe0017813) x16 0xef2ba000
core   0: 0x80009afc (0x00272933) slt     s2, a4, sp
core   0: 3 0x80009afc (0x00272933) x18 0x00000000
core   0: 0x80009b00 (0x01ad2e33) slt     t3, s10, s10
core   0: 3 0x80009b00 (0x01ad2e33) x28 0x00000000
core   0: 0x80009b04 (0x00c594b3) sll     s1, a1, a2
core   0: 3 0x80009b04 (0x00c594b3) x 9 0x73200000
core   0: 0x80009b08 (0x009b5013) srli    zero, s6, 9
core   0: 3 0x80009b08 (0x009b5013)
core   0: 0x80009b0c (0x0116fab3) and     s5, a3, a7
core   0: 3 0x80009b0c (0x0116fab3) x21 0x00000000
core   0: 0x80009b10 (0x00010bb3) add     s7, sp, zero
core   0: 3 0x80009b10 (0x00010bb3) x23 0xef2ba000
core   0: 0x80009b14 (0x01eed293) srli    t0, t4, 30
core   0: 3 0x80009b14 (0x01eed293) x 5 0x00000000
core   0: 0x80009b18 (0x002e84b3) add     s1, t4, sp
core   0: 3 0x80009b18 (0x002e84b3) x 9 0xef2ba000
core   0: 0x80009b1c (0x40e8da13) srai    s4, a7, 14
core   0: 3 0x80009b1c (0x40e8da13) x20 0xfffeafb3
core   0: 0x80009b20 (0x863052b7) lui     t0, 0x86305
core   0: 3 0x80009b20 (0x863052b7) x 5 0x86305000
core   0: 0x80009b24 (0x0066d733) srl     a4, a3, t1
core   0: 3 0x80009b24 (0x0066d733) x14 0x00000000
core   0: 0x80009b28 (0x0041b933) sltu    s2, gp, tp
core   0: 3 0x80009b28 (0x0041b933) x18 0x00000000
core   0: 0x80009b2c (0x00635293) srli    t0, t1, 6
core   0: 3 0x80009b2c (0x00635293) x 5 0x0010c000
core   0: 0x80009b30 (0x57218337) lui     t1, 0x57218
core   0: 3 0x80009b30 (0x57218337) x 6 0x57218000
core   0: 0x80009b34 (0x521f4a97) auipc   s5, 0x521f4
core   0: 3 0x80009b34 (0x521f4a97) x21 0xd21fdb34
core   0: 0x80009b38 (0xa3836813) ori     a6, t1, -1480
core   0: 3 0x80009b38 (0xa3836813) x16 0xfffffa38
core   0: 0x80009b3c (0x8b709a37) lui     s4, 0x8b709
core   0: 3 0x80009b3c (0x8b709a37) x20 0x8b709000
core   0: 0x80009b40 (0x110d3a17) auipc   s4, 0x110d3
core   0: 3 0x80009b40 (0x110d3a17) x20 0x910dcb40
core   0: 0x80009b44 (0x5fa82b93) slti    s7, a6, 1530
core   0: 3 0x80009b44 (0x5fa82b93) x23 0x00000001
core   0: 0x80009b48 (0xa4c67013) andi    zero, a2, -1460
core   0: 3 0x80009b48 (0xa4c67013)
core   0: 0x80009b4c (0x00000013) nop
core   0: 3 0x80009b4c (0x00000013)
core   0: 0x80009b50 (0x00a84e33) xor     t3, a6, a0
core   0: 3 0x80009b50 (0x00a84e33) x28 0x7ffeb6dc
core   0: 0x80009b54 (0x40798e33) sub     t3, s3, t2
core   0: 3 0x80009b54 (0x40798e33) x28 0xe07128ce
core   0: 0x80009b58 (0x2ce00793) li      a5, 718
core   0: 3 0x80009b58 (0x2ce00793) x15 0x000002ce
core   0: 0x80009b5c (0x017d9db3) sll     s11, s11, s7
core   0: 3 0x80009b5c (0x017d9db3) x27 0x736f0000
core   0: 0x80009b60 (0x41d9db13) srai    s6, s3, 29
core   0: 3 0x80009b60 (0x41d9db13) x22 0x00000001
core   0: 0x80009b64 (0x00ee14b3) sll     s1, t3, a4
core   0: 3 0x80009b64 (0x00ee14b3) x 9 0xe07128ce
core   0: 0x80009b68 (0x00be1733) sll     a4, t3, a1
core   0: 3 0x80009b68 (0x00be1733) x14 0x07128ce0
core   0: 0x80009b6c (0x01b6cdb3) xor     s11, a3, s11
core   0: 3 0x80009b6c (0x01b6cdb3) x27 0x736f0000
core   0: 0x80009b70 (0x01006313) ori     t1, zero, 16
core   0: 3 0x80009b70 (0x01006313) x 6 0x00000010
core   0: 0x80009b74 (0x00df1f33) sll     t5, t5, a3
core   0: 3 0x80009b74 (0x00df1f33) x30 0x7e02028a
core   0: 0x80009b78 (0xba1fef13) ori     t5, t6, -1119
core   0: 3 0x80009b78 (0xba1fef13) x30 0xfffffbf5
core   0: 0x80009b7c (0xf3d91237) lui     tp, 0xf3d91
core   0: 3 0x80009b7c (0xf3d91237) x 4 0xf3d91000
core   0: 0x80009b80 (0xf8c74617) auipc   a2, 0xf8c74
core   0: 3 0x80009b80 (0xf8c74617) x12 0x78c7db80
core   0: 0x80009b84 (0x0180d093) srli    ra, ra, 24
core   0: 3 0x80009b84 (0x0180d093) x 1 0x00000000
core   0: 0x80009b88 (0x01a8a433) slt     s0, a7, s10
core   0: 3 0x80009b88 (0x01a8a433) x 8 0x00000001
core   0: 0x80009b8c (0x02af0d93) addi    s11, t5, 42
core   0: 3 0x80009b8c (0x02af0d93) x27 0xfffffc1f
core   0: 0x80009b90 (0x01789493) slli    s1, a7, 23
core   0: 3 0x80009b90 (0x01789493) x 9 0x00000000
core   0: 0x80009b94 (0xc13f40b7) lui     ra, 0xc13f4
core   0: 3 0x80009b94 (0xc13f40b7) x 1 0xc13f4000
core   0: 0x80009b98 (0x1af92413) slti    s0, s2, 431
core   0: 3 0x80009b98 (0x1af92413) x 8 0x00000001
core   0: 0x80009b9c (0xd5a2c193) xori    gp, t0, -678
core   0: 3 0x80009b9c (0xd5a2c193) x 3 0xffef3d5a
core   0: 0x80009ba0 (0xf73e2213) slti    tp, t3, -141
core   0: 3 0x80009ba0 (0xf73e2213) x 4 0x00000001
core   0: 0x80009ba4 (0x004ea333) slt     t1, t4, tp
core   0: 3 0x80009ba4 (0x004ea333) x 6 0x00000001
core   0: 0x80009ba8 (0x680e6637) lui     a2, 0x680e6
core   0: 3 0x80009ba8 (0x680e6637) x12 0x680e6000
core   0: 0x80009bac (0x7587bd93) sltiu   s11, a5, 1880
core   0: 3 0x80009bac (0x7587bd93) x27 0x00000001
core   0: 0x80009bb0 (0xb3ac3f13) sltiu   t5, s8, -1222
core   0: 3 0x80009bb0 (0xb3ac3f13) x30 0x00000001
core   0: 0x80009bb4 (0xd4234e13) xori    t3, t1, -702
core   0: 3 0x80009bb4 (0xd4234e13) x28 0xfffffd43
core   0: 0x80009bb8 (0x01435e33) srl     t3, t1, s4
core   0: 3 0x80009bb8 (0x01435e33) x28 0x00000001
core   0: 0x80009bbc (0x01ddba33) sltu    s4, s11, t4
core   0: 3 0x80009bbc (0x01ddba33) x20 0x00000000
core   0: 0x80009bc0 (0x00da9493) slli    s1, s5, 13
core   0: 3 0x80009bc0 (0x00da9493) x 9 0xfb668000
core   0: 0x80009bc4 (0x0181e333) or      t1, gp, s8
core   0: 3 0x80009bc4 (0x0181e333) x 6 0xffef7f7f
core   0: 0x80009bc8 (0x00000013) nop
core   0: 3 0x80009bc8 (0x00000013)
core   0: 0x80009bcc (0x00000013) nop
core   0: 3 0x80009bcc (0x00000013)
core   0: 0x80009bd0 (0x3988ca13) xori    s4, a7, 920
core   0: 3 0x80009bd0 (0x3988ca13) x20 0xabecc398
core   0: 0x80009bd4 (0x008b6a33) or      s4, s6, s0
core   0: 3 0x80009bd4 (0x008b6a33) x20 0x00000001
core   0: 0x80009bd8 (0x0122fcb3) and     s9, t0, s2
core   0: 3 0x80009bd8 (0x0122fcb3) x25 0x00000000
core   0: 0x80009bdc (0x0043d793) srli    a5, t2, 4
core   0: 3 0x80009bdc (0x0043d793) x15 0x04000873
core   0: 0x80009be0 (0x006aa8b3) slt     a7, s5, t1
core   0: 3 0x80009be0 (0x006aa8b3) x17 0x00000001
core   0: 0x80009be4 (0x57b4f393) andi    t2, s1, 1403
core   0: 3 0x80009be4 (0x57b4f393) x 7 0x00000000
core   0: 0x80009be8 (0x0094f0b3) and     ra, s1, s1
core   0: 3 0x80009be8 (0x0094f0b3) x 1 0xfb668000
core   0: 0x80009bec (0x01b5f233) and     tp, a1, s11
core   0: 3 0x80009bec (0x01b5f233) x 4 0x00000000
core   0: 0x80009bf0 (0x01791493) slli    s1, s2, 23
core   0: 3 0x80009bf0 (0x01791493) x 9 0x00000000
core   0: 0x80009bf4 (0x00e11813) slli    a6, sp, 14
core   0: 3 0x80009bf4 (0x00e11813) x16 0xe8000000
core   0: 0x80009bf8 (0x00ccb313) sltiu   t1, s9, 12
core   0: 3 0x80009bf8 (0x00ccb313) x 6 0x00000001
core   0: 0x80009bfc (0x5ac28a13) addi    s4, t0, 1452
core   0: 3 0x80009bfc (0x5ac28a13) x20 0x0010c5ac
core   0: 0x80009c00 (0x01c55e13) srli    t3, a0, 28
core   0: 3 0x80009c00 (0x01c55e13) x28 0x00000008
core   0: 0x80009c04 (0x0143d813) srli    a6, t2, 20
core   0: 3 0x80009c04 (0x0143d813) x16 0x00000000
core   0: 0x80009c08 (0x13108093) addi    ra, ra, 305
core   0: 3 0x80009c08 (0x13108093) x 1 0xfb668131
core   0: 0x80009c0c (0x4e760293) addi    t0, a2, 1255
core   0: 3 0x80009c0c (0x4e760293) x 5 0x680e64e7
core   0: 0x80009c10 (0xf73e6f13) ori     t5, t3, -141
core   0: 3 0x80009c10 (0xf73e6f13) x30 0xffffff7b
core   0: 0x80009c14 (0x003a5a93) srli    s5, s4, 3
core   0: 3 0x80009c14 (0x003a5a93) x21 0x000218b5
core   0: 0x80009c18 (0x15aa7013) andi    zero, s4, 346
core   0: 3 0x80009c18 (0x15aa7013)
core   0: 0x80009c1c (0x003fc4b3) xor     s1, t6, gp
core   0: 3 0x80009c1c (0x003fc4b3) x 9 0x9b50cf2e
core   0: 0x80009c20 (0xe4012b93) slti    s7, sp, -448
core   0: 3 0x80009c20 (0xe4012b93) x23 0x00000001
core   0: 0x80009c24 (0x01317e33) and     t3, sp, s3
core   0: 3 0x80009c24 (0x01317e33) x28 0x2021a000
core   0: 0x80009c28 (0x6ba33db7) lui     s11, 0x6ba33
core   0: 3 0x80009c28 (0x6ba33db7) x27 0x6ba33000
core   0: 0x80009c2c (0x00000013) nop
core   0: 3 0x80009c2c (0x00000013)
core   0: 0x80009c30 (0x00b54b33) xor     s6, a0, a1
core   0: 3 0x80009c30 (0x00b54b33) x22 0x00004280
core   0: 0x80009c34 (0x03c3b497) auipc   s1, 0x3c3b
core   0: 3 0x80009c34 (0x03c3b497) x 9 0x83c44c34
core   0: 0x80009c38 (0x01c65c93) srli    s9, a2, 28
core   0: 3 0x80009c38 (0x01c65c93) x25 0x00000006
core   0: 0x80009c3c (0x01a1cdb3) xor     s11, gp, s10
core   0: 3 0x80009c3c (0x01a1cdb3) x27 0xffef3d5a
core   0: 0x80009c40 (0x07cde213) ori     tp, s11, 124
core   0: 3 0x80009c40 (0x07cde213) x 4 0xffef3d7e
core   0: 0x80009c44 (0xdfdd3817) auipc   a6, 0xdfdd3
core   0: 3 0x80009c44 (0xdfdd3817) x16 0x5fddcc44
core   0: 0x80009c48 (0x01d7ef33) or      t5, a5, t4
core   0: 3 0x80009c48 (0x01d7ef33) x30 0x04000873
core   0: 0x80009c4c (0x004c7633) and     a2, s8, tp
core   0: 3 0x80009c4c (0x004c7633) x12 0xffc23c3e
core   0: 0x80009c50 (0x017f2333) slt     t1, t5, s7
core   0: 3 0x80009c50 (0x017f2333) x 6 0x00000000
core   0: 0x80009c54 (0x0067d093) srli    ra, a5, 6
core   0: 3 0x80009c54 (0x0067d093) x 1 0x00100021
core   0: 0x80009c58 (0x41548d33) sub     s10, s1, s5
core   0: 3 0x80009c58 (0x41548d33) x26 0x83c2337f
core   0: 0x80009c5c (0x0050f4b3) and     s1, ra, t0
core   0: 3 0x80009c5c (0x0050f4b3) x 9 0x00000021
core   0: 0x80009c60 (0x807e6d13) ori     s10, t3, -2041
core   0: 3 0x80009c60 (0x807e6d13) x26 0xfffff807
core   0: 0x80009c64 (0x01e76bb3) or      s7, a4, t5
core   0: 3 0x80009c64 (0x01e76bb3) x23 0x07128cf3
core   0: 0x80009c68 (0x010f3833) sltu    a6, t5, a6
core   0: 3 0x80009c68 (0x010f3833) x16 0x00000001
core   0: 0x80009c6c (0x7c1d46b7) lui     a3, 0x7c1d4
core   0: 3 0x80009c6c (0x7c1d46b7) x13 0x7c1d4000
core   0: 0x80009c70 (0x01d09313) slli    t1, ra, 29
core   0: 3 0x80009c70 (0x01d09313) x 6 0x20000000
core   0: 0x80009c74 (0x3e2c8417) auipc   s0, 0x3e2c8
core   0: 3 0x80009c74 (0x3e2c8417) x 8 0xbe2d1c74
core   0: 0x80009c78 (0x01331833) sll     a6, t1, s3
core   0: 3 0x80009c78 (0x01331833) x16 0x20000000
core   0: 0x80009c7c (0xedc9f193) andi    gp, s3, -292
core   0: 3 0x80009c7c (0xedc9f193) x 3 0x2071b000
core   0: 0x80009c80 (0x00000013) nop
core   0: 3 0x80009c80 (0x00000013)
core   0: 0x80009c84 (0x0148e7b3) or      a5, a7, s4
core   0: 3 0x80009c84 (0x0148e7b3) x15 0x0010c5ad
core   0: 0x80009c88 (0x7a807a97) auipc   s5, 0x7a807
core   0: 3 0x80009c88 (0x7a807a97) x21 0xfa810c88
core   0: 0x80009c8c (0x577cdc97) auipc   s9, 0x577cd
core   0: 3 0x80009c8c (0x577cdc97) x25 0xd77d6c8c
core   0: 0x80009c90 (0x40068f33) sub     t5, a3, zero
core   0: 3 0x80009c90 (0x40068f33) x30 0x7c1d4000
core   0: 0x80009c94 (0x413c5493) srai    s1, s8, 19
core   0: 3 0x80009c94 (0x413c5493) x 9 0xfffffff8
core   0: 0x80009c98 (0x33d3c493) xori    s1, t2, 829
core   0: 3 0x80009c98 (0x33d3c493) x 9 0x0000033d
core   0: 0x80009c9c (0x401ed233) sra     tp, t4, ra
core   0: 3 0x80009c9c (0x401ed233) x 4 0x00000000
core   0: 0x80009ca0 (0x41e28d33) sub     s10, t0, t5
core   0: 3 0x80009ca0 (0x41e28d33) x26 0xebf124e7
core   0: 0x80009ca4 (0x004ec233) xor     tp, t4, tp
core   0: 3 0x80009ca4 (0x004ec233) x 4 0x00000000
core   0: 0x80009ca8 (0x5d84db97) auipc   s7, 0x5d84d
core   0: 3 0x80009ca8 (0x5d84db97) x23 0xdd856ca8
core   0: 0x80009cac (0x26e4c093) xori    ra, s1, 622
core   0: 3 0x80009cac (0x26e4c093) x 1 0x00000153
core   0: 0x80009cb0 (0xa35aa793) slti    a5, s5, -1483
core   0: 3 0x80009cb0 (0xa35aa793) x15 0x00000001
core   0: 0x80009cb4 (0x24893713) sltiu   a4, s2, 584
core   0: 3 0x80009cb4 (0x24893713) x14 0x00000001
core   0: 0x80009cb8 (0x01ce6eb3) or      t4, t3, t3
core   0: 3 0x80009cb8 (0x01ce6eb3) x29 0x2021a000
core   0: 0x80009cbc (0x1847bd13) sltiu   s10, a5, 388
core   0: 3 0x80009cbc (0x1847bd13) x26 0x00000001
core   0: 0x80009cc0 (0x013a9fb3) sll     t6, s5, s3
core   0: 3 0x80009cc0 (0x013a9fb3) x31 0xfa810c88
core   0: 0x80009cc4 (0x41a1dcb3) sra     s9, gp, s10
core   0: 3 0x80009cc4 (0x41a1dcb3) x25 0x1038d800
core   0: 0x80009cc8 (0x41b154b3) sra     s1, sp, s11
core   0: 3 0x80009cc8 (0x41b154b3) x 9 0xfffffffb
core   0: 0x80009ccc (0x00000013) nop
core   0: 3 0x80009ccc (0x00000013)
core   0: 0x80009cd0 (0x0110ebb3) or      s7, ra, a7
core   0: 3 0x80009cd0 (0x0110ebb3) x23 0x00000153
core   0: 0x80009cd4 (0xff84b093) sltiu   ra, s1, -8
core   0: 3 0x80009cd4 (0xff84b093) x 1 0x00000000
core   0: 0x80009cd8 (0x41e9de93) srai    t4, s3, 30
core   0: 3 0x80009cd8 (0x41e9de93) x29 0x00000000
core   0: 0x80009cdc (0x00909e33) sll     t3, ra, s1
core   0: 3 0x80009cdc (0x00909e33) x28 0x00000000
core   0: 0x80009ce0 (0x3e4c09b7) lui     s3, 0x3e4c0
core   0: 3 0x80009ce0 (0x3e4c09b7) x19 0x3e4c0000
core   0: 0x80009ce4 (0x00000013) nop
core   0: 3 0x80009ce4 (0x00000013)
core   0: 0x80009ce8 (0x39e38c93) addi    s9, t2, 926
core   0: 3 0x80009ce8 (0x39e38c93) x25 0x0000039e
core   0: 0x80009cec (0x85ace893) ori     a7, s9, -1958
core   0: 3 0x80009cec (0x85ace893) x17 0xfffffbde
core   0: 0x80009cf0 (0x7b694293) xori    t0, s2, 1974
core   0: 3 0x80009cf0 (0x7b694293) x 5 0x000007b6
core   0: 0x80009cf4 (0x40fa8133) sub     sp, s5, a5
core   0: 3 0x80009cf4 (0x40fa8133) x 2 0xfa810c87
core   0: 0x80009cf8 (0x01b38233) add     tp, t2, s11
core   0: 3 0x80009cf8 (0x01b38233) x 4 0xffef3d5a
core   0: 0x80009cfc (0x41285413) srai    s0, a6, 18
core   0: 3 0x80009cfc (0x41285413) x 8 0x00000800
core   0: 0x80009d00 (0x1b9a3993) sltiu   s3, s4, 441
core   0: 3 0x80009d00 (0x1b9a3993) x19 0x00000000
core   0: 0x80009d04 (0x43538813) addi    a6, t2, 1077
core   0: 3 0x80009d04 (0x43538813) x16 0x00000435
core   0: 0x80009d08 (0x412dd113) srai    sp, s11, 18
core   0: 3 0x80009d08 (0x412dd113) x 2 0xfffffffb
core   0: 0x80009d0c (0x01c98fb3) add     t6, s3, t3
core   0: 3 0x80009d0c (0x01c98fb3) x31 0x00000000
core   0: 0x80009d10 (0x0038c0b3) xor     ra, a7, gp
core   0: 3 0x80009d10 (0x0038c0b3) x 1 0xdf8e4bde
core   0: 0x80009d14 (0x008d1bb3) sll     s7, s10, s0
core   0: 3 0x80009d14 (0x008d1bb3) x23 0x00000001
core   0: 0x80009d18 (0xdfcd2b13) slti    s6, s10, -516
core   0: 3 0x80009d18 (0xdfcd2b13) x22 0x00000000
core   0: 0x80009d1c (0xc5eeb413) sltiu   s0, t4, -930
core   0: 3 0x80009d1c (0xc5eeb413) x 8 0x00000001
core   0: 0x80009d20 (0x402d5ab3) sra     s5, s10, sp
core   0: 3 0x80009d20 (0x402d5ab3) x21 0x00000000
core   0: 0x80009d24 (0x1ecbc413) xori    s0, s7, 492
core   0: 3 0x80009d24 (0x1ecbc413) x 8 0x000001ed
core   0: 0x80009d28 (0x34dff813) andi    a6, t6, 845
core   0: 3 0x80009d28 (0x34dff813) x16 0x00000000
core   0: 0x80009d2c (0x01e6c133) xor     sp, a3, t5
core   0: 3 0x80009d2c (0x01e6c133) x 2 0x00000000
core   0: 0x80009d30 (0x00dbc233) xor     tp, s7, a3
core   0: 3 0x80009d30 (0x00dbc233) x 4 0x7c1d4001
core   0: 0x80009d34 (0x01645a93) srli    s5, s0, 22
core   0: 3 0x80009d34 (0x01645a93) x21 0x00000000
core   0: 0x80009d38 (0x0154dd13) srli    s10, s1, 21
core   0: 3 0x80009d38 (0x0154dd13) x26 0x000007ff
core   0: 0x80009d3c (0x29e76493) ori     s1, a4, 670
core   0: 3 0x80009d3c (0x29e76493) x 9 0x0000029f
core   0: 0x80009d40 (0x1cde4113) xori    sp, t3, 461
core   0: 3 0x80009d40 (0x1cde4113) x 2 0x000001cd
core   0: 0x80009d44 (0x00dc2b33) slt     s6, s8, a3
core   0: 3 0x80009d44 (0x00dc2b33) x22 0x00000001
core   0: 0x80009d48 (0x00f45e33) srl     t3, s0, a5
core   0: 3 0x80009d48 (0x00f45e33) x28 0x000000f6
core   0: 0x80009d4c (0xd2bcf093) andi    ra, s9, -725
core   0: 3 0x80009d4c (0xd2bcf093) x 1 0x0000010a
core   0: 0x80009d50 (0x00fb1893) slli    a7, s6, 15
core   0: 3 0x80009d50 (0x00fb1893) x17 0x00008000
core   0: 0x80009d54 (0x3dcefd13) andi    s10, t4, 988
core   0: 3 0x80009d54 (0x3dcefd13) x26 0x00000000
core   0: 0x80009d58 (0x00951bb3) sll     s7, a0, s1
core   0: 3 0x80009d58 (0x00951bb3) x23 0x00000000
core   0: 0x80009d5c (0x37c76297) auipc   t0, 0x37c76
core   0: 3 0x80009d5c (0x37c76297) x 5 0xb7c7fd5c
core   0: 0x80009d60 (0x70e9cfb7) lui     t6, 0x70e9c
core   0: 3 0x80009d60 (0x70e9cfb7) x31 0x70e9c000
core   0: 0x80009d64 (0x00228cb3) add     s9, t0, sp
core   0: 3 0x80009d64 (0x00228cb3) x25 0xb7c7ff29
core   0: 0x80009d68 (0xa04b8293) addi    t0, s7, -1532
core   0: 3 0x80009d68 (0xa04b8293) x 5 0xfffffa04
core   0: 0x80009d6c (0x00000013) nop
core   0: 3 0x80009d6c (0x00000013)
core   0: 0x80009d70 (0xbb4883b7) lui     t2, 0xbb488
core   0: 3 0x80009d70 (0xbb4883b7) x 7 0xbb488000
core   0: 0x80009d74 (0x40bf5913) srai    s2, t5, 11
core   0: 3 0x80009d74 (0x40bf5913) x18 0x000f83a8
core   0: 0x80009d78 (0x0002f633) and     a2, t0, zero
core   0: 3 0x80009d78 (0x0002f633) x12 0x00000000
core   0: 0x80009d7c (0x00c401b3) add     gp, s0, a2
core   0: 3 0x80009d7c (0x00c401b3) x 3 0x000001ed
core   0: 0x80009d80 (0x0066dab3) srl     s5, a3, t1
core   0: 3 0x80009d80 (0x0066dab3) x21 0x7c1d4000
core   0: 0x80009d84 (0x005d9f13) slli    t5, s11, 5
core   0: 3 0x80009d84 (0x005d9f13) x30 0xfde7ab40
core   0: 0x80009d88 (0x40ae0433) sub     s0, t3, a0
core   0: 3 0x80009d88 (0x40ae0433) x 8 0x7ffeb412
core   0: 0x80009d8c (0xcf15be13) sltiu   t3, a1, -783
core   0: 3 0x80009d8c (0xcf15be13) x28 0x00000001
core   0: 0x80009d90 (0x7482f413) andi    s0, t0, 1864
core   0: 3 0x80009d90 (0x7482f413) x 8 0x00000200
core   0: 0x80009d94 (0xb8933693) sltiu   a3, t1, -1143
core   0: 3 0x80009d94 (0xb8933693) x13 0x00000001
core   0: 0x80009d98 (0x40029617) auipc   a2, 0x40029
core   0: 3 0x80009d98 (0x40029617) x12 0xc0032d98
core   0: 0x80009d9c (0x40408433) sub     s0, ra, tp
core   0: 3 0x80009d9c (0x40408433) x 8 0x83e2c109
core   0: 0x80009da0 (0x000aa733) slt     a4, s5, zero
core   0: 3 0x80009da0 (0x000aa733) x14 0x00000000
core   0: 0x80009da4 (0x00a36333) or      t1, t1, a0
core   0: 3 0x80009da4 (0x00a36333) x 6 0xa0014ce4
core   0: 0x80009da8 (0x07690b13) addi    s6, s2, 118
core   0: 3 0x80009da8 (0x07690b13) x22 0x000f841e
core   0: 0x80009dac (0x40635ab3) sra     s5, t1, t1
core   0: 3 0x80009dac (0x40635ab3) x21 0xfa0014ce
core   0: 0x80009db0 (0x41cd8ab3) sub     s5, s11, t3
core   0: 3 0x80009db0 (0x41cd8ab3) x21 0xffef3d59
core   0: 0x80009db4 (0x413ed613) srai    a2, t4, 19
core   0: 3 0x80009db4 (0x413ed613) x12 0x00000000
core   0: 0x80009db8 (0x00d0beb3) sltu    t4, ra, a3
core   0: 3 0x80009db8 (0x00d0beb3) x29 0x00000000
core   0: 0x80009dbc (0x1628fa93) andi    s5, a7, 354
core   0: 3 0x80009dbc (0x1628fa93) x21 0x00000000
core   0: 0x80009dc0 (0x41a90cb3) sub     s9, s2, s10
core   0: 3 0x80009dc0 (0x41a90cb3) x25 0x000f83a8
core   0: 0x80009dc4 (0x2d59c993) xori    s3, s3, 725
core   0: 3 0x80009dc4 (0x2d59c993) x19 0x000002d5
core   0: 0x80009dc8 (0x41f28033) sub     zero, t0, t6
core   0: 3 0x80009dc8 (0x41f28033)
core   0: 0x80009dcc (0x00321913) slli    s2, tp, 3
core   0: 3 0x80009dcc (0x00321913) x18 0xe0ea0008
core   0: 0x80009dd0 (0x016248b3) xor     a7, tp, s6
core   0: 3 0x80009dd0 (0x016248b3) x17 0x7c12c41f
core   0: 0x80009dd4 (0x84c93613) sltiu   a2, s2, -1972
core   0: 3 0x80009dd4 (0x84c93613) x12 0x00000001
core   0: 0x80009dd8 (0x72424913) xori    s2, tp, 1828
core   0: 3 0x80009dd8 (0x72424913) x18 0x7c1d4725
core   0: 0x80009ddc (0x44640213) addi    tp, s0, 1094
core   0: 3 0x80009ddc (0x44640213) x 4 0x83e2c54f
core   0: 0x80009de0 (0xf4c18a13) addi    s4, gp, -180
core   0: 3 0x80009de0 (0xf4c18a13) x20 0x00000139
core   0: 0x80009de4 (0x008c5b13) srli    s6, s8, 8
core   0: 3 0x80009de4 (0x008c5b13) x22 0x00ffc27e
core   0: 0x80009de8 (0xb7578413) addi    s0, a5, -1163
core   0: 3 0x80009de8 (0xb7578413) x 8 0xfffffb76
core   0: 0x80009dec (0x403adf13) srai    t5, s5, 3
core   0: 3 0x80009dec (0x403adf13) x30 0x00000000
core   0: 0x80009df0 (0x004e5d33) srl     s10, t3, tp
core   0: 3 0x80009df0 (0x004e5d33) x26 0x00000000
core   0: 0x80009df4 (0xeda5c313) xori    t1, a1, -294
core   0: 3 0x80009df4 (0xeda5c313) x 6 0x7ffef0be
core   0: 0x80009df8 (0x000280b3) add     ra, t0, zero
core   0: 3 0x80009df8 (0x000280b3) x 1 0xfffffa04
core   0: 0x80009dfc (0x0054f633) and     a2, s1, t0
core   0: 3 0x80009dfc (0x0054f633) x12 0x00000204
core   0: 0x80009e00 (0x2ee33037) lui     zero, 0x2ee33
core   0: 3 0x80009e00 (0x2ee33037)
core   0: 0x80009e04 (0x006c89b3) add     s3, s9, t1
core   0: 3 0x80009e04 (0x006c89b3) x19 0x800e7466
core   0: 0x80009e08 (0x275fc193) xori    gp, t6, 629
core   0: 3 0x80009e08 (0x275fc193) x 3 0x70e9c275
core   0: 0x80009e0c (0x00cbc4b3) xor     s1, s7, a2
core   0: 3 0x80009e0c (0x00cbc4b3) x 9 0x00000204
core   0: 0x80009e10 (0x4238e213) ori     tp, a7, 1059
core   0: 3 0x80009e10 (0x4238e213) x 4 0x7c12c43f
core   0: 0x80009e14 (0x01969e13) slli    t3, a3, 25
core   0: 3 0x80009e14 (0x01969e13) x28 0x02000000
core   0: 0x80009e18 (0x006cf133) and     sp, s9, t1
core   0: 3 0x80009e18 (0x006cf133) x 2 0x000e80a8
core   0: 0x80009e1c (0x00ea2233) slt     tp, s4, a4
core   0: 3 0x80009e1c (0x00ea2233) x 4 0x00000000
core   0: 0x80009e20 (0xb3acc293) xori    t0, s9, -1222
core   0: 3 0x80009e20 (0xb3acc293) x 5 0xfff07892
core   0: 0x80009e24 (0x01e74033) xor     zero, a4, t5
core   0: 3 0x80009e24 (0x01e74033)
core   0: 0x80009e28 (0x009cccb3) xor     s9, s9, s1
core   0: 3 0x80009e28 (0x009cccb3) x25 0x000f81ac
core   0: 0x80009e2c (0x543a7f93) andi    t6, s4, 1347
core   0: 3 0x80009e2c (0x543a7f93) x31 0x00000101
core   0: 0x80009e30 (0x0045c6b3) xor     a3, a1, tp
core   0: 3 0x80009e30 (0x0045c6b3) x13 0x80010e64
core   0: 0x80009e34 (0x016ae3b3) or      t2, s5, s6
core   0: 3 0x80009e34 (0x016ae3b3) x 7 0x00ffc27e
core   0: 0x80009e38 (0x40c300b3) sub     ra, t1, a2
core   0: 3 0x80009e38 (0x40c300b3) x 1 0x7ffeeeba
core   0: 0x80009e3c (0x00c1d833) srl     a6, gp, a2
core   0: 3 0x80009e3c (0x00c1d833) x16 0x070e9c27
core   0: 0x80009e40 (0x5dd3be97) auipc   t4, 0x5dd3b
core   0: 3 0x80009e40 (0x5dd3be97) x29 0xddd44e40
core   0: 0x80009e44 (0x01b23a33) sltu    s4, tp, s11
core   0: 3 0x80009e44 (0x01b23a33) x20 0x00000001
core   0: 0x80009e48 (0x0163d313) srli    t1, t2, 22
core   0: 3 0x80009e48 (0x0163d313) x 6 0x00000003
core   0: 0x80009e4c (0x66680a13) addi    s4, a6, 1638
core   0: 3 0x80009e4c (0x66680a13) x20 0x070ea28d
core   0: 0x80009e50 (0x015aa133) slt     sp, s5, s5
core   0: 3 0x80009e50 (0x015aa133) x 2 0x00000000
core   0: 0x80009e54 (0x01e7a2b3) slt     t0, a5, t5
core   0: 3 0x80009e54 (0x01e7a2b3) x 5 0x00000000
core   0: 0x80009e58 (0x0163d713) srli    a4, t2, 22
core   0: 3 0x80009e58 (0x0163d713) x14 0x00000003
core   0: 0x80009e5c (0x93a5e313) ori     t1, a1, -1734
core   0: 3 0x80009e5c (0x93a5e313) x 6 0xffffff7e
core   0: 0x80009e60 (0x005501b3) add     gp, a0, t0
core   0: 3 0x80009e60 (0x005501b3) x 3 0x80014ce4
core   0: 0x80009e64 (0xf2238893) addi    a7, t2, -222
core   0: 3 0x80009e64 (0xf2238893) x17 0x00ffc1a0
core   0: 0x80009e68 (0x0155ccb3) xor     s9, a1, s5
core   0: 3 0x80009e68 (0x0155ccb3) x25 0x80010e64
core   0: 0x80009e6c (0xfd8a3793) sltiu   a5, s4, -40
core   0: 3 0x80009e6c (0xfd8a3793) x15 0x00000001
core   0: 0x80009e70 (0x01321193) slli    gp, tp, 19
core   0: 3 0x80009e70 (0x01321193) x 3 0x00000000
core   0: 0x80009e74 (0x33acc693) xori    a3, s9, 826
core   0: 3 0x80009e74 (0x33acc693) x13 0x80010d5e
core   0: 0x80009e78 (0xde1ca893) slti    a7, s9, -543
core   0: 3 0x80009e78 (0xde1ca893) x17 0x00000001
core   0: 0x80009e7c (0x0114dd93) srli    s11, s1, 17
core   0: 3 0x80009e7c (0x0114dd93) x27 0x00000000
core   0: 0x80009e80 (0x00cfc433) xor     s0, t6, a2
core   0: 3 0x80009e80 (0x00cfc433) x 8 0x00000305
core   0: 0x80009e84 (0x004ed213) srli    tp, t4, 4
core   0: 3 0x80009e84 (0x004ed213) x 4 0x0ddd44e4
core   0: 0x80009e88 (0x01905393) srli    t2, zero, 25
core   0: 3 0x80009e88 (0x01905393) x 7 0x00000000
core   0: 0x80009e8c (0x007662b3) or      t0, a2, t2
core   0: 3 0x80009e8c (0x007662b3) x 5 0x00000204
core   0: 0x80009e90 (0xd1932693) slti    a3, t1, -743
core   0: 3 0x80009e90 (0xd1932693) x13 0x00000000
core   0: 0x80009e94 (0x011f53b3) srl     t2, t5, a7
core   0: 3 0x80009e94 (0x011f53b3) x 7 0x00000000
core   0: 0x80009e98 (0x002d8f33) add     t5, s11, sp
core   0: 3 0x80009e98 (0x002d8f33) x30 0x00000000
core   0: 0x80009e9c (0x8b86f197) auipc   gp, 0x8b86f
core   0: 3 0x80009e9c (0x8b86f197) x 3 0x0b878e9c
core   0: 0x80009ea0 (0x00000013) nop
core   0: 3 0x80009ea0 (0x00000013)
core   0: 0x80009ea4 (0x403c57b3) sra     a5, s8, gp
core   0: 3 0x80009ea4 (0x403c57b3) x15 0xffffffff
core   0: 0x80009ea8 (0x49274413) xori    s0, a4, 1170
core   0: 3 0x80009ea8 (0x49274413) x 8 0x00000491
core   0: 0x80009eac (0x0b47ab13) slti    s6, a5, 180
core   0: 3 0x80009eac (0x0b47ab13) x22 0x00000001
core   0: 0x80009eb0 (0x7f11eb13) ori     s6, gp, 2033
core   0: 3 0x80009eb0 (0x7f11eb13) x22 0x0b878ffd
core   0: 0x80009eb4 (0x013951b3) srl     gp, s2, s3
core   0: 3 0x80009eb4 (0x013951b3) x 3 0x01f0751c
core   0: 0x80009eb8 (0x016c27b3) slt     a5, s8, s6
core   0: 3 0x80009eb8 (0x016c27b3) x15 0x00000001
core   0: 0x80009ebc (0x00da1833) sll     a6, s4, a3
core   0: 3 0x80009ebc (0x00da1833) x16 0x070ea28d
core   0: 0x80009ec0 (0x01ec0433) add     s0, s8, t5
core   0: 3 0x80009ec0 (0x01ec0433) x 8 0xffc27e3f
core   0: 0x80009ec4 (0x00147433) and     s0, s0, ra
core   0: 3 0x80009ec4 (0x00147433) x 8 0x7fc26e3a
core   0: 0x80009ec8 (0xdca6fb13) andi    s6, a3, -566
core   0: 3 0x80009ec8 (0xdca6fb13) x22 0x00000000
core   0: 0x80009ecc (0x014dd6b3) srl     a3, s11, s4
core   0: 3 0x80009ecc (0x014dd6b3) x13 0x00000000
core   0: 0x80009ed0 (0x01757833) and     a6, a0, s7
core   0: 3 0x80009ed0 (0x01757833) x16 0x00000000
core   0: 0x80009ed4 (0x40addd33) sra     s10, s11, a0
core   0: 3 0x80009ed4 (0x40addd33) x26 0x00000000
core   0: 0x80009ed8 (0x01881813) slli    a6, a6, 24
core   0: 3 0x80009ed8 (0x01881813) x16 0x00000000
core   0: 0x80009edc (0xeba90793) addi    a5, s2, -326
core   0: 3 0x80009edc (0xeba90793) x15 0x7c1d45df
core   0: 0x80009ee0 (0x01d369b3) or      s3, t1, t4
core   0: 3 0x80009ee0 (0x01d369b3) x19 0xffffff7e
core   0: 0x80009ee4 (0x410988b3) sub     a7, s3, a6
core   0: 3 0x80009ee4 (0x410988b3) x17 0xffffff7e
core   0: 0x80009ee8 (0x00000013) nop
core   0: 3 0x80009ee8 (0x00000013)
core   0: 0x80009eec (0x00d6cf33) xor     t5, a3, a3
core   0: 3 0x80009eec (0x00d6cf33) x30 0x00000000
core   0: 0x80009ef0 (0x7c11bd93) sltiu   s11, gp, 1985
core   0: 3 0x80009ef0 (0x7c11bd93) x27 0x00000000
core   0: 0x80009ef4 (0x3c09db37) lui     s6, 0x3c09d
core   0: 3 0x80009ef4 (0x3c09db37) x22 0x3c09d000
core   0: 0x80009ef8 (0x4a6bf313) andi    t1, s7, 1190
core   0: 3 0x80009ef8 (0x4a6bf313) x 6 0x00000000
core   0: 0x80009efc (0x002d6433) or      s0, s10, sp
core   0: 3 0x80009efc (0x002d6433) x 8 0x00000000
core   0: 0x80009f00 (0x01e4a3b3) slt     t2, s1, t5
core   0: 3 0x80009f00 (0x01e4a3b3) x 7 0x00000000
core   0: 0x80009f04 (0x407cd633) sra     a2, s9, t2
core   0: 3 0x80009f04 (0x407cd633) x12 0x80010e64
core   0: 0x80009f08 (0x00cf21b3) slt     gp, t5, a2
core   0: 3 0x80009f08 (0x00cf21b3) x 3 0x00000000
core   0: 0x80009f0c (0x00d9f3b3) and     t2, s3, a3
core   0: 3 0x80009f0c (0x00d9f3b3) x 7 0x00000000
core   0: 0x80009f10 (0x7293aa93) slti    s5, t2, 1833
core   0: 3 0x80009f10 (0x7293aa93) x21 0x00000001
core   0: 0x80009f14 (0x4131d313) srai    t1, gp, 19
core   0: 3 0x80009f14 (0x4131d313) x 6 0x00000000
core   0: 0x80009f18 (0x00e35033) srl     zero, t1, a4
core   0: 3 0x80009f18 (0x00e35033)
core   0: 0x80009f1c (0x5d00b913) sltiu   s2, ra, 1488
core   0: 3 0x80009f1c (0x5d00b913) x18 0x00000000
core   0: 0x80009f20 (0x00000013) nop
core   0: 3 0x80009f20 (0x00000013)
core   0: 0x80009f24 (0x87d15bb7) lui     s7, 0x87d15
core   0: 3 0x80009f24 (0x87d15bb7) x23 0x87d15000
core   0: 0x80009f28 (0xa2333113) sltiu   sp, t1, -1501
core   0: 3 0x80009f28 (0xa2333113) x 2 0x00000001
core   0: 0x80009f2c (0x40635293) srai    t0, t1, 6
core   0: 3 0x80009f2c (0x40635293) x 5 0x00000000
core   0: 0x80009f30 (0x1c8bb213) sltiu   tp, s7, 456
core   0: 3 0x80009f30 (0x1c8bb213) x 4 0x00000000
core   0: 0x80009f34 (0x418a51b3) sra     gp, s4, s8
core   0: 3 0x80009f34 (0x418a51b3) x 3 0x00000000
core   0: 0x80009f38 (0x0090c033) xor     zero, ra, s1
core   0: 3 0x80009f38 (0x0090c033)
core   0: 0x80009f3c (0x40a05d13) srai    s10, zero, 10
core   0: 3 0x80009f3c (0x40a05d13) x26 0x00000000
core   0: 0x80009f40 (0x010c7bb3) and     s7, s8, a6
core   0: 3 0x80009f40 (0x010c7bb3) x23 0x00000000
core   0: 0x80009f44 (0xdb8b8713) addi    a4, s7, -584
core   0: 3 0x80009f44 (0xdb8b8713) x14 0xfffffdb8
core   0: 0x80009f48 (0x40efd813) srai    a6, t6, 14
core   0: 3 0x80009f48 (0x40efd813) x16 0x00000000
core   0: 0x80009f4c (0x0198a3b3) slt     t2, a7, s9
core   0: 3 0x80009f4c (0x0198a3b3) x 7 0x00000000
core   0: 0x80009f50 (0x40b20eb3) sub     t4, tp, a1
core   0: 3 0x80009f50 (0x40b20eb3) x29 0x7ffef19c
core   0: 0x80009f54 (0x4040dcb3) sra     s9, ra, tp
core   0: 3 0x80009f54 (0x4040dcb3) x25 0x7ffeeeba
core   0: 0x80009f58 (0x405780b3) sub     ra, a5, t0
core   0: 3 0x80009f58 (0x405780b3) x 1 0x7c1d45df
core   0: 0x80009f5c (0x00a810b3) sll     ra, a6, a0
core   0: 3 0x80009f5c (0x00a810b3) x 1 0x00000000
core   0: 0x80009f60 (0x05833193) sltiu   gp, t1, 88
core   0: 3 0x80009f60 (0x05833193) x 3 0x00000001
core   0: 0x80009f64 (0xda587013) andi    zero, a6, -603
core   0: 3 0x80009f64 (0xda587013)
core   0: 0x80009f68 (0x014e5a93) srli    s5, t3, 20
core   0: 3 0x80009f68 (0x014e5a93) x21 0x00000020
core   0: 0x80009f6c (0x01914db3) xor     s11, sp, s9
core   0: 3 0x80009f6c (0x01914db3) x27 0x7ffeeebb
core   0: 0x80009f70 (0x2b28ea93) ori     s5, a7, 690
core   0: 3 0x80009f70 (0x2b28ea93) x21 0xfffffffe
core   0: 0x80009f74 (0x400e87b3) sub     a5, t4, zero
core   0: 3 0x80009f74 (0x400e87b3) x15 0x7ffef19c
core   0: 0x80009f78 (0x1881e493) ori     s1, gp, 392
core   0: 3 0x80009f78 (0x1881e493) x 9 0x00000189
core   0: 0x80009f7c (0x9590a113) slti    sp, ra, -1703
core   0: 3 0x80009f7c (0x9590a113) x 2 0x00000000
core   0: 0x80009f80 (0x416fda93) srai    s5, t6, 22
core   0: 3 0x80009f80 (0x416fda93) x21 0x00000000
core   0: 0x80009f84 (0xabc7bd93) sltiu   s11, a5, -1348
core   0: 3 0x80009f84 (0xabc7bd93) x27 0x00000001
core   0: 0x80009f88 (0x87086913) ori     s2, a6, -1936
core   0: 3 0x80009f88 (0x87086913) x18 0xfffff870
core   0: 0x80009f8c (0x011e89b3) add     s3, t4, a7
core   0: 3 0x80009f8c (0x011e89b3) x19 0x7ffef11a
core   0: 0x80009f90 (0x01aa3bb3) sltu    s7, s4, s10
core   0: 3 0x80009f90 (0x01aa3bb3) x23 0x00000000
core   0: 0x80009f94 (0x972b6a17) auipc   s4, 0x972b6
core   0: 3 0x80009f94 (0x972b6a17) x20 0x172bff94
core   0: 0x80009f98 (0x01fc64b3) or      s1, s8, t6
core   0: 3 0x80009f98 (0x01fc64b3) x 9 0xffc27f3f
core   0: 0x80009f9c (0x51613013) sltiu   zero, sp, 1302
core   0: 3 0x80009f9c (0x51613013)
core   0: 0x80009fa0 (0x00000013) nop
core   0: 3 0x80009fa0 (0x00000013)
core   0: 0x80009fa4 (0x40bf5f93) srai    t6, t5, 11
core   0: 3 0x80009fa4 (0x40bf5f93) x31 0x00000000
core   0: 0x80009fa8 (0x08eb6c93) ori     s9, s6, 142
core   0: 3 0x80009fa8 (0x08eb6c93) x25 0x3c09d08e
core   0: 0x80009fac (0x41eddb93) srai    s7, s11, 30
core   0: 3 0x80009fac (0x41eddb93) x23 0x00000000
core   0: 0x80009fb0 (0x00027933) and     s2, tp, zero
core   0: 3 0x80009fb0 (0x00027933) x18 0x00000000
core   0: 0x80009fb4 (0x01f53933) sltu    s2, a0, t6
core   0: 3 0x80009fb4 (0x01f53933) x18 0x00000000
core   0: 0x80009fb8 (0x00000013) nop
core   0: 3 0x80009fb8 (0x00000013)
core   0: 0x80009fbc (0x01dc1b33) sll     s6, s8, t4
core   0: 3 0x80009fbc (0x01dc1b33) x22 0xf0000000
core   0: 0x80009fc0 (0x411c5eb3) sra     t4, s8, a7
core   0: 3 0x80009fc0 (0x411c5eb3) x29 0xffffffff
core   0: 0x80009fc4 (0x892f2893) slti    a7, t5, -1902
core   0: 3 0x80009fc4 (0x892f2893) x17 0x00000000
core   0: 0x80009fc8 (0x00d02bb3) slt     s7, zero, a3
core   0: 3 0x80009fc8 (0x00d02bb3) x23 0x00000000
core   0: 0x80009fcc (0x5f513f93) sltiu   t6, sp, 1525
core   0: 3 0x80009fcc (0x5f513f93) x31 0x00000001
core   0: 0x80009fd0 (0x004c1133) sll     sp, s8, tp
core   0: 3 0x80009fd0 (0x004c1133) x 2 0xffc27e3f
core   0: 0x80009fd4 (0x4171d3b3) sra     t2, gp, s7
core   0: 3 0x80009fd4 (0x4171d3b3) x 7 0x00000001
core   0: 0x80009fd8 (0x019f5eb3) srl     t4, t5, s9
core   0: 3 0x80009fd8 (0x019f5eb3) x29 0x00000000
core   0: 0x80009fdc (0x00000013) nop
core   0: 3 0x80009fdc (0x00000013)
core   0: 0x80009fe0 (0x0109ce33) xor     t3, s3, a6
core   0: 3 0x80009fe0 (0x0109ce33) x28 0x7ffef11a
core   0: 0x80009fe4 (0xfed5cf13) xori    t5, a1, -19
core   0: 3 0x80009fe4 (0xfed5cf13) x30 0x7ffef189
core   0: 0x80009fe8 (0xeaae9b97) auipc   s7, 0xeaae9
core   0: 3 0x80009fe8 (0xeaae9b97) x23 0x6aaf2fe8
core   0: 0x80009fec (0x404c8433) sub     s0, s9, tp
core   0: 3 0x80009fec (0x404c8433) x 8 0x3c09d08e
core   0: 0x80009ff0 (0x00dd8433) add     s0, s11, a3
core   0: 3 0x80009ff0 (0x00dd8433) x 8 0x00000001
core   0: 0x80009ff4 (0xb5421337) lui     t1, 0xb5421
core   0: 3 0x80009ff4 (0xb5421337) x 6 0xb5421000
core   0: 0x80009ff8 (0xb473f813) andi    a6, t2, -1209
core   0: 3 0x80009ff8 (0xb473f813) x16 0x00000001
core   0: 0x80009ffc (0x40365613) srai    a2, a2, 3
core   0: 3 0x80009ffc (0x40365613) x12 0xf00021cc
core   0: 0x8000a000 (0x413b5eb3) sra     t4, s6, s3
core   0: 3 0x8000a000 (0x413b5eb3) x29 0xfffffffc
core   0: 0x8000a004 (0x008b4b33) xor     s6, s6, s0
core   0: 3 0x8000a004 (0x008b4b33) x22 0xf0000001
core   0: 0x8000a008 (0x010aa7b3) slt     a5, s5, a6
core   0: 3 0x8000a008 (0x010aa7b3) x15 0x00000001
core   0: 0x8000a00c (0x40445093) srai    ra, s0, 4
core   0: 3 0x8000a00c (0x40445093) x 1 0x00000000
core   0: 0x8000a010 (0x00257233) and     tp, a0, sp
core   0: 3 0x8000a010 (0x00257233) x 4 0x80004c24
core   0: 0x8000a014 (0x0f234293) xori    t0, t1, 242
core   0: 3 0x8000a014 (0x0f234293) x 5 0xb54210f2
core   0: 0x8000a018 (0x01268d33) add     s10, a3, s2
core   0: 3 0x8000a018 (0x01268d33) x26 0x00000000
core   0: 0x8000a01c (0x9944f213) andi    tp, s1, -1644
core   0: 3 0x8000a01c (0x9944f213) x 4 0xffc27914
core   0: 0x8000a020 (0x01b642b3) xor     t0, a2, s11
core   0: 3 0x8000a020 (0x01b642b3) x 5 0xf00021cd
core   0: 0x8000a024 (0x409d5013) srai    zero, s10, 9
core   0: 3 0x8000a024 (0x409d5013)
core   0: 0x8000a028 (0x00f280b3) add     ra, t0, a5
core   0: 3 0x8000a028 (0x00f280b3) x 1 0xf00021ce
core   0: 0x8000a02c (0x010d67b3) or      a5, s10, a6
core   0: 3 0x8000a02c (0x010d67b3) x15 0x00000001
core   0: 0x8000a030 (0x004f1333) sll     t1, t5, tp
core   0: 3 0x8000a030 (0x004f1333) x 6 0x18900000
core   0: 0x8000a034 (0x008b17b3) sll     a5, s6, s0
core   0: 3 0x8000a034 (0x008b17b3) x15 0xe0000002
core   0: 0x8000a038 (0x0120d113) srli    sp, ra, 18
core   0: 3 0x8000a038 (0x0120d113) x 2 0x00003c00
core   0: 0x8000a03c (0x0024b433) sltu    s0, s1, sp
core   0: 3 0x8000a03c (0x0024b433) x 8 0x00000000
core   0: 0x8000a040 (0x41da03b3) sub     t2, s4, t4
core   0: 3 0x8000a040 (0x41da03b3) x 7 0x172bff98
core   0: 0x8000a044 (0x01c23633) sltu    a2, tp, t3
core   0: 3 0x8000a044 (0x01c23633) x12 0x00000000
core   0: 0x8000a048 (0x0daa3913) sltiu   s2, s4, 218
core   0: 3 0x8000a048 (0x0daa3913) x18 0x00000000
core   0: 0x8000a04c (0x01195033) srl     zero, s2, a7
core   0: 3 0x8000a04c (0x01195033)
core   0: 0x8000a050 (0x00ab5b33) srl     s6, s6, a0
core   0: 3 0x8000a050 (0x00ab5b33) x22 0x0f000000
core   0: 0x8000a054 (0x7a9e7313) andi    t1, t3, 1961
core   0: 3 0x8000a054 (0x7a9e7313) x 6 0x00000108
core   0: 0x8000a058 (0x2118cd93) xori    s11, a7, 529
core   0: 3 0x8000a058 (0x2118cd93) x27 0x00000211
core   0: 0x8000a05c (0x015156b3) srl     a3, sp, s5
core   0: 3 0x8000a05c (0x015156b3) x13 0x00003c00
core   0: 0x8000a060 (0x679a8893) addi    a7, s5, 1657
core   0: 3 0x8000a060 (0x679a8893) x17 0x00000679
core   0: 0x8000a064 (0x0040a933) slt     s2, ra, tp
core   0: 3 0x8000a064 (0x0040a933) x18 0x00000001
core   0: 0x8000a068 (0x9c768d13) addi    s10, a3, -1593
core   0: 3 0x8000a068 (0x9c768d13) x26 0x000035c7
core   0: 0x8000a06c (0x017a20b3) slt     ra, s4, s7
core   0: 3 0x8000a06c (0x017a20b3) x 1 0x00000001
core   0: 0x8000a070 (0x00099133) sll     sp, s3, zero
core   0: 3 0x8000a070 (0x00099133) x 2 0x7ffef11a
core   0: 0x8000a074 (0x41688833) sub     a6, a7, s6
core   0: 3 0x8000a074 (0x41688833) x16 0xf1000679
core   0: 0x8000a078 (0xea243b13) sltiu   s6, s0, -350
core   0: 3 0x8000a078 (0xea243b13) x22 0x00000001
core   0: 0x8000a07c (0x019069b3) or      s3, zero, s9
core   0: 3 0x8000a07c (0x019069b3) x19 0x3c09d08e
core   0: 0x8000a080 (0x009c97b3) sll     a5, s9, s1
core   0: 3 0x8000a080 (0x009c97b3) x15 0x00000000
core   0: 0x8000a084 (0x417a5a93) srai    s5, s4, 23
core   0: 3 0x8000a084 (0x417a5a93) x21 0x0000002e
core   0: 0x8000a088 (0x5bf12e37) lui     t3, 0x5bf12
core   0: 3 0x8000a088 (0x5bf12e37) x28 0x5bf12000
core   0: 0x8000a08c (0x4134d813) srai    a6, s1, 19
core   0: 3 0x8000a08c (0x4134d813) x16 0xfffffff8
core   0: 0x8000a090 (0x00e67bb3) and     s7, a2, a4
core   0: 3 0x8000a090 (0x00e67bb3) x23 0x00000000
core   0: 0x8000a094 (0x2ef90b93) addi    s7, s2, 751
core   0: 3 0x8000a094 (0x2ef90b93) x23 0x000002f0
core   0: 0x8000a098 (0x00cf5933) srl     s2, t5, a2
core   0: 3 0x8000a098 (0x00cf5933) x18 0x7ffef189
core   0: 0x8000a09c (0x0057e833) or      a6, a5, t0
core   0: 3 0x8000a09c (0x0057e833) x16 0xf00021cd
core   0: 0x8000a0a0 (0x01e5c333) xor     t1, a1, t5
core   0: 3 0x8000a0a0 (0x01e5c333) x 6 0xffffffed
core   0: 0x8000a0a4 (0x00033133) sltu    sp, t1, zero
core   0: 3 0x8000a0a4 (0x00033133) x 2 0x00000000
core   0: 0x8000a0a8 (0x40685193) srai    gp, a6, 6
core   0: 3 0x8000a0a8 (0x40685193) x 3 0xffc00087
core   0: 0x8000a0ac (0x002e8233) add     tp, t4, sp
core   0: 3 0x8000a0ac (0x002e8233) x 4 0xfffffffc
core   0: 0x8000a0b0 (0xe4f98493) addi    s1, s3, -433
core   0: 3 0x8000a0b0 (0xe4f98493) x 9 0x3c09cedd
core   0: 0x8000a0b4 (0x00ee23b3) slt     t2, t3, a4
core   0: 3 0x8000a0b4 (0x00ee23b3) x 7 0x00000000
core   0: 0x8000a0b8 (0x6ffb8e97) auipc   t4, 0x6ffb8
core   0: 3 0x8000a0b8 (0x6ffb8e97) x29 0xeffc20b8
core   0: 0x8000a0bc (0x000eb6b3) sltu    a3, t4, zero
core   0: 3 0x8000a0bc (0x000eb6b3) x13 0x00000000
core   0: 0x8000a0c0 (0x00c6a133) slt     sp, a3, a2
core   0: 3 0x8000a0c0 (0x00c6a133) x 2 0x00000000
core   0: 0x8000a0c4 (0xedeaf337) lui     t1, 0xedeaf
core   0: 3 0x8000a0c4 (0xedeaf337) x 6 0xedeaf000
core   0: 0x8000a0c8 (0x41815233) sra     tp, sp, s8
core   0: 3 0x8000a0c8 (0x41815233) x 4 0x00000000
core   0: 0x8000a0cc (0x2c7d2193) slti    gp, s10, 711
core   0: 3 0x8000a0cc (0x2c7d2193) x 3 0x00000000
core   0: 0x8000a0d0 (0x0046f033) and     zero, a3, tp
core   0: 3 0x8000a0d0 (0x0046f033)
core   0: 0x8000a0d4 (0xc98b2313) slti    t1, s6, -872
core   0: 3 0x8000a0d4 (0xc98b2313) x 6 0x00000000
core   0: 0x8000a0d8 (0xc1996113) ori     sp, s2, -999
core   0: 3 0x8000a0d8 (0xc1996113) x 2 0xfffffd99
core   0: 0x8000a0dc (0x01f62ab3) slt     s5, a2, t6
core   0: 3 0x8000a0dc (0x01f62ab3) x21 0x00000001
core   0: 0x8000a0e0 (0x3ded0713) addi    a4, s10, 990
core   0: 3 0x8000a0e0 (0x3ded0713) x14 0x000039a5
core   0: 0x8000a0e4 (0x802c3d13) sltiu   s10, s8, -2046
core   0: 3 0x8000a0e4 (0x802c3d13) x26 0x00000001
core   0: 0x8000a0e8 (0x409fde13) srai    t3, t6, 9
core   0: 3 0x8000a0e8 (0x409fde13) x28 0x00000000
core   0: 0x8000a0ec (0xdbf76f17) auipc   t5, 0xdbf76
core   0: 3 0x8000a0ec (0xdbf76f17) x30 0x5bf800ec
core   0: 0x8000a0f0 (0x40105fb3) sra     t6, zero, ra
core   0: 3 0x8000a0f0 (0x40105fb3) x31 0x00000000
core   0: 0x8000a0f4 (0x415cd693) srai    a3, s9, 21
core   0: 3 0x8000a0f4 (0x415cd693) x13 0x000001e0
core   0: 0x8000a0f8 (0x01374b33) xor     s6, a4, s3
core   0: 3 0x8000a0f8 (0x01374b33) x22 0x3c09e92b
core   0: 0x8000a0fc (0xd9faf893) andi    a7, s5, -609
core   0: 3 0x8000a0fc (0xd9faf893) x17 0x00000001
core   0: 0x8000a100 (0x00cf09b3) add     s3, t5, a2
core   0: 3 0x8000a100 (0x00cf09b3) x19 0x5bf800ec
core   0: 0x8000a104 (0xd69818b7) lui     a7, 0xd6981
core   0: 3 0x8000a104 (0xd69818b7) x17 0xd6981000
core   0: 0x8000a108 (0x36f59337) lui     t1, 0x36f59
core   0: 3 0x8000a108 (0x36f59337) x 6 0x36f59000
core   0: 0x8000a10c (0xf0007393) andi    t2, zero, -256
core   0: 3 0x8000a10c (0xf0007393) x 7 0x00000000
core   0: 0x8000a110 (0xa18bc613) xori    a2, s7, -1512
core   0: 3 0x8000a110 (0xa18bc613) x12 0xfffff8e8
core   0: 0x8000a114 (0x57c3c097) auipc   ra, 0x57c3c
core   0: 3 0x8000a114 (0x57c3c097) x 1 0xd7c46114
core   0: 0x8000a118 (0x00594ab3) xor     s5, s2, t0
core   0: 3 0x8000a118 (0x00594ab3) x21 0x8ffed044
core   0: 0x8000a11c (0x01b96233) or      tp, s2, s11
core   0: 3 0x8000a11c (0x01b96233) x 4 0x7ffef399
core   0: 0x8000a120 (0x81942e97) auipc   t4, 0x81942
core   0: 3 0x8000a120 (0x81942e97) x29 0x0194c120
core   0: 0x8000a124 (0x00a8cbb3) xor     s7, a7, a0
core   0: 3 0x8000a124 (0x00a8cbb3) x23 0x56995ce4
core   0: 0x8000a128 (0x1b398fb7) lui     t6, 0x1b398
core   0: 3 0x8000a128 (0x1b398fb7) x31 0x1b398000
core   0: 0x8000a12c (0x0027fdb3) and     s11, a5, sp
core   0: 3 0x8000a12c (0x0027fdb3) x27 0x00000000
core   0: 0x8000a130 (0x948a1eb7) lui     t4, 0x948a1
core   0: 3 0x8000a130 (0x948a1eb7) x29 0x948a1000
core   0: 0x8000a134 (0x005024b3) slt     s1, zero, t0
core   0: 3 0x8000a134 (0x005024b3) x 9 0x00000000
core   0: 0x8000a138 (0x414003b3) sub     t2, zero, s4
core   0: 3 0x8000a138 (0x414003b3) x 7 0xe8d4006c
core   0: 0x8000a13c (0x40a0d113) srai    sp, ra, 10
core   0: 3 0x8000a13c (0x40a0d113) x 2 0xfff5f118
core   0: 0x8000a140 (0x9f91ab13) slti    s6, gp, -1543
core   0: 3 0x8000a140 (0x9f91ab13) x22 0x00000000
core   0: 0x8000a144 (0x01b293b3) sll     t2, t0, s11
core   0: 3 0x8000a144 (0x01b293b3) x 7 0xf00021cd
core   0: 0x8000a148 (0xd249ff13) andi    t5, s3, -732
core   0: 3 0x8000a148 (0xd249ff13) x30 0x5bf80024
core   0: 0x8000a14c (0xc9866493) ori     s1, a2, -872
core   0: 3 0x8000a14c (0xc9866493) x 9 0xfffffcf8
core   0: 0x8000a150 (0x11b77897) auipc   a7, 0x11b77
core   0: 3 0x8000a150 (0x11b77897) x17 0x91b81150
core   0: 0x8000a154 (0x403bd293) srai    t0, s7, 3
core   0: 3 0x8000a154 (0x403bd293) x 5 0x0ad32b9c
core   0: 0x8000a158 (0x411fd213) srai    tp, t6, 17
core   0: 3 0x8000a158 (0x411fd213) x 4 0x00000d9c
core   0: 0x8000a15c (0x01366833) or      a6, a2, s3
core   0: 3 0x8000a15c (0x01366833) x16 0xfffff8ec
core   0: 0x8000a160 (0x00b58333) add     t1, a1, a1
core   0: 3 0x8000a160 (0x00b58333) x 6 0x00021cc8
core   0: 0x8000a164 (0x01a646b3) xor     a3, a2, s10
core   0: 3 0x8000a164 (0x01a646b3) x13 0xfffff8e9
core   0: 0x8000a168 (0x3326bdb7) lui     s11, 0x3326b
core   0: 3 0x8000a168 (0x3326bdb7) x27 0x3326b000
core   0: 0x8000a16c (0x2047e9b7) lui     s3, 0x2047e
core   0: 3 0x8000a16c (0x2047e9b7) x19 0x2047e000
core   0: 0x8000a170 (0xb1be4193) xori    gp, t3, -1253
core   0: 3 0x8000a170 (0xb1be4193) x 3 0xfffffb1b
core   0: 0x8000a174 (0x8ea72193) slti    gp, a4, -1814
core   0: 3 0x8000a174 (0x8ea72193) x 3 0x00000000
core   0: 0x8000a178 (0x401d03b3) sub     t2, s10, ra
core   0: 3 0x8000a178 (0x401d03b3) x 7 0x283b9eed
core   0: 0x8000a17c (0x017f0bb3) add     s7, t5, s7
core   0: 3 0x8000a17c (0x017f0bb3) x23 0xb2915d08
core   0: 0x8000a180 (0x00be0d33) add     s10, t3, a1
core   0: 3 0x8000a180 (0x00be0d33) x26 0x80010e64
core   0: 0x8000a184 (0x00fc54b3) srl     s1, s8, a5
core   0: 3 0x8000a184 (0x00fc54b3) x 9 0xffc27e3f
core   0: 0x8000a188 (0x41b95213) srai    tp, s2, 27
core   0: 3 0x8000a188 (0x41b95213) x 4 0x0000000f
core   0: 0x8000a18c (0x00b56ab3) or      s5, a0, a1
core   0: 3 0x8000a18c (0x00b56ab3) x21 0x80014ee4
core   0: 0x8000a190 (0x01526733) or      a4, tp, s5
core   0: 3 0x8000a190 (0x01526733) x14 0x80014eef
core   0: 0x8000a194 (0x40285e13) srai    t3, a6, 2
core   0: 3 0x8000a194 (0x40285e13) x28 0xfffffe3b
core   0: 0x8000a198 (0x40e05133) sra     sp, zero, a4
core   0: 3 0x8000a198 (0x40e05133) x 2 0x00000000
core   0: 0x8000a19c (0x48fe8093) addi    ra, t4, 1167
core   0: 3 0x8000a19c (0x48fe8093) x 1 0x948a148f
core   0: 0x8000a1a0 (0x003e77b3) and     a5, t3, gp
core   0: 3 0x8000a1a0 (0x003e77b3) x15 0x00000000
core   0: 0x8000a1a4 (0x63a90097) auipc   ra, 0x63a90
core   0: 3 0x8000a1a4 (0x63a90097) x 1 0xe3a9a1a4
core   0: 0x8000a1a8 (0x40278f33) sub     t5, a5, sp
core   0: 3 0x8000a1a8 (0x40278f33) x30 0x00000000
core   0: 0x8000a1ac (0x008f3eb3) sltu    t4, t5, s0
core   0: 3 0x8000a1ac (0x008f3eb3) x29 0x00000000
core   0: 0x8000a1b0 (0x895c8a93) addi    s5, s9, -1899
core   0: 3 0x8000a1b0 (0x895c8a93) x21 0x3c09c923
core   0: 0x8000a1b4 (0x01759897) auipc   a7, 0x1759
core   0: 3 0x8000a1b4 (0x01759897) x17 0x817631b4
core   0: 0x8000a1b8 (0x003dfa33) and     s4, s11, gp
core   0: 3 0x8000a1b8 (0x003dfa33) x20 0x00000000
core   0: 0x8000a1bc (0x24c5b013) sltiu   zero, a1, 588
core   0: 3 0x8000a1bc (0x24c5b013)
core   0: 0x8000a1c0 (0x01a2d033) srl     zero, t0, s10
core   0: 3 0x8000a1c0 (0x01a2d033)
core   0: 0x8000a1c4 (0xa4314d93) xori    s11, sp, -1469
core   0: 3 0x8000a1c4 (0xa4314d93) x27 0xfffffa43
core   0: 0x8000a1c8 (0x40ed54b3) sra     s1, s10, a4
core   0: 3 0x8000a1c8 (0x40ed54b3) x 9 0xffff0002
core   0: 0x8000a1cc (0xc5894917) auipc   s2, 0xc5894
core   0: 3 0x8000a1cc (0xc5894917) x18 0x4589e1cc
core   0: 0x8000a1d0 (0x40bd54b3) sra     s1, s10, a1
core   0: 3 0x8000a1d0 (0x40bd54b3) x 9 0xf80010e6
core   0: 0x8000a1d4 (0x012b7333) and     t1, s6, s2
core   0: 3 0x8000a1d4 (0x012b7333) x 6 0x00000000
core   0: 0x8000a1d8 (0x00fe0033) add     zero, t3, a5
core   0: 3 0x8000a1d8 (0x00fe0033)
core   0: 0x8000a1dc (0x83b4c113) xori    sp, s1, -1989
core   0: 3 0x8000a1dc (0x83b4c113) x 2 0x07ffe8dd
core   0: 0x8000a1e0 (0x6baec813) xori    a6, t4, 1722
core   0: 3 0x8000a1e0 (0x6baec813) x16 0x000006ba
core   0: 0x8000a1e4 (0x29503193) sltiu   gp, zero, 661
core   0: 3 0x8000a1e4 (0x29503193) x 3 0x00000001
core   0: 0x8000a1e8 (0x0195fb33) and     s6, a1, s9
core   0: 3 0x8000a1e8 (0x0195fb33) x22 0x00010004
core   0: 0x8000a1ec (0x7446b393) sltiu   t2, a3, 1860
core   0: 3 0x8000a1ec (0x7446b393) x 7 0x00000000
core   0: 0x8000a1f0 (0x9976f493) andi    s1, a3, -1641
core   0: 3 0x8000a1f0 (0x9976f493) x 9 0xfffff881
core   0: 0x8000a1f4 (0x4add3113) sltiu   sp, s10, 1197
core   0: 3 0x8000a1f4 (0x4add3113) x 2 0x00000000
core   0: 0x8000a1f8 (0x98f33e13) sltiu   t3, t1, -1649
core   0: 3 0x8000a1f8 (0x98f33e13) x28 0x00000001
core   0: 0x8000a1fc (0x41395f13) srai    t5, s2, 19
core   0: 3 0x8000a1fc (0x41395f13) x30 0x000008b1
core   0: 0x8000a200 (0x0d750f13) addi    t5, a0, 215
core   0: 3 0x8000a200 (0x0d750f13) x30 0x80014dbb
core   0: 0x8000a204 (0x00660333) add     t1, a2, t1
core   0: 3 0x8000a204 (0x00660333) x 6 0xfffff8e8
core   0: 0x8000a208 (0x4dee68b7) lui     a7, 0x4dee6
core   0: 3 0x8000a208 (0x4dee68b7) x17 0x4dee6000
core   0: 0x8000a20c (0xd8487e37) lui     t3, 0xd8487
core   0: 3 0x8000a20c (0xd8487e37) x28 0xd8487000
core   0: 0x8000a210 (0x006db333) sltu    t1, s11, t1
core   0: 3 0x8000a210 (0x006db333) x 6 0x00000000
core   0: 0x8000a214 (0x018797b3) sll     a5, a5, s8
core   0: 3 0x8000a214 (0x018797b3) x15 0x00000000
core   0: 0x8000a218 (0xa05dbf13) sltiu   t5, s11, -1531
core   0: 3 0x8000a218 (0xa05dbf13) x30 0x00000000
core   0: 0x8000a21c (0x00000013) nop
core   0: 3 0x8000a21c (0x00000013)
core   0: 0x8000a220 (0x01fe0eb3) add     t4, t3, t6
core   0: 3 0x8000a220 (0x01fe0eb3) x29 0xf381f000
core   0: 0x8000a224 (0xc6c91a37) lui     s4, 0xc6c91
core   0: 3 0x8000a224 (0xc6c91a37) x20 0xc6c91000
core   0: 0x8000a228 (0x41e4da13) srai    s4, s1, 30
core   0: 3 0x8000a228 (0x41e4da13) x20 0xffffffff
core   0: 0x8000a22c (0x12af6917) auipc   s2, 0x12af6
core   0: 3 0x8000a22c (0x12af6917) x18 0x92b0022c
core   0: 0x8000a230 (0x19f1ef93) ori     t6, gp, 415
core   0: 3 0x8000a230 (0x19f1ef93) x31 0x0000019f
core   0: 0x8000a234 (0x01ebcfb3) xor     t6, s7, t5
core   0: 3 0x8000a234 (0x01ebcfb3) x31 0xb2915d08
core   0: 0x8000a238 (0x0164e833) or      a6, s1, s6
core   0: 3 0x8000a238 (0x0164e833) x16 0xfffff885
core   0: 0x8000a23c (0x407209b3) sub     s3, tp, t2
core   0: 3 0x8000a23c (0x407209b3) x19 0x0000000f
core   0: 0x8000a240 (0x0055a033) slt     zero, a1, t0
core   0: 3 0x8000a240 (0x0055a033)
core   0: 0x8000a244 (0x3108d337) lui     t1, 0x3108d
core   0: 3 0x8000a244 (0x3108d337) x 6 0x3108d000
core   0: 0x8000a248 (0x401f0133) sub     sp, t5, ra
core   0: 3 0x8000a248 (0x401f0133) x 2 0x1c565e5c
core   0: 0x8000a24c (0x00000013) nop
core   0: 3 0x8000a24c (0x00000013)
core   0: 0x8000a250 (0x003e37b3) sltu    a5, t3, gp
core   0: 3 0x8000a250 (0x003e37b3) x15 0x00000000
core   0: 0x8000a254 (0x001b5b33) srl     s6, s6, ra
core   0: 3 0x8000a254 (0x001b5b33) x22 0x00001000
core   0: 0x8000a258 (0x0005ca33) xor     s4, a1, zero
core   0: 3 0x8000a258 (0x0005ca33) x20 0x80010e64
core   0: 0x8000a25c (0x35f9c413) xori    s0, s3, 863
core   0: 3 0x8000a25c (0x35f9c413) x 8 0x00000350
core   0: 0x8000a260 (0x01a498b3) sll     a7, s1, s10
core   0: 3 0x8000a260 (0x01a498b3) x17 0xffff8810
core   0: 0x8000a264 (0x018198b3) sll     a7, gp, s8
core   0: 3 0x8000a264 (0x018198b3) x17 0x80000000
core   0: 0x8000a268 (0x018bddb3) srl     s11, s7, s8
core   0: 3 0x8000a268 (0x018bddb3) x27 0x00000001
core   0: 0x8000a26c (0x2f032e17) auipc   t3, 0x2f032
core   0: 3 0x8000a26c (0x2f032e17) x28 0xaf03c26c
core   0: 0x8000a270 (0x415700b3) sub     ra, a4, s5
core   0: 3 0x8000a270 (0x415700b3) x 1 0x43f785cc
core   0: 0x8000a274 (0x008f67b3) or      a5, t5, s0
core   0: 3 0x8000a274 (0x008f67b3) x15 0x00000350
core   0: 0x8000a278 (0x000de133) or      sp, s11, zero
core   0: 3 0x8000a278 (0x000de133) x 2 0x00000001
core   0: 0x8000a27c (0x01f10eb3) add     t4, sp, t6
core   0: 3 0x8000a27c (0x01f10eb3) x29 0xb2915d09
core   0: 0x8000a280 (0x41ba5bb3) sra     s7, s4, s11
core   0: 3 0x8000a280 (0x41ba5bb3) x23 0xc0008732
core   0: 0x8000a284 (0xf8d35a97) auipc   s5, 0xf8d35
core   0: 3 0x8000a284 (0xf8d35a97) x21 0x78d3f284
core   0: 0x8000a288 (0x71a4ac93) slti    s9, s1, 1818
core   0: 3 0x8000a288 (0x71a4ac93) x25 0x00000001
core   0: 0x8000a28c (0x00a35113) srli    sp, t1, 10
core   0: 3 0x8000a28c (0x00a35113) x 2 0x000c4234
core   0: 0x8000a290 (0x01649293) slli    t0, s1, 22
core   0: 3 0x8000a290 (0x01649293) x 5 0x20400000
core   0: 0x8000a294 (0x00659f13) slli    t5, a1, 6
core   0: 3 0x8000a294 (0x00659f13) x30 0x00439900
core   0: 0x8000a298 (0x00cf57b3) srl     a5, t5, a2
core   0: 3 0x8000a298 (0x00cf57b3) x15 0x00004399
core   0: 0x8000a29c (0x00dede13) srli    t3, t4, 13
core   0: 3 0x8000a29c (0x00dede13) x28 0x0005948a
core   0: 0x8000a2a0 (0x4119d913) srai    s2, s3, 17
core   0: 3 0x8000a2a0 (0x4119d913) x18 0x00000000
core   0: 0x8000a2a4 (0x4164dd33) sra     s10, s1, s6
core   0: 3 0x8000a2a4 (0x4164dd33) x26 0xfffff881
core   0: 0x8000a2a8 (0x49647413) andi    s0, s0, 1174
core   0: 3 0x8000a2a8 (0x49647413) x 8 0x00000010
core   0: 0x8000a2ac (0x01bd4fb3) xor     t6, s10, s11
core   0: 3 0x8000a2ac (0x01bd4fb3) x31 0xfffff880
core   0: 0x8000a2b0 (0xd7f46e13) ori     t3, s0, -641
core   0: 3 0x8000a2b0 (0xd7f46e13) x28 0xfffffd7f
core   0: 0x8000a2b4 (0x00ca5fb3) srl     t6, s4, a2
core   0: 3 0x8000a2b4 (0x00ca5fb3) x31 0x0080010e
core   0: 0x8000a2b8 (0x00ddb433) sltu    s0, s11, a3
core   0: 3 0x8000a2b8 (0x00ddb433) x 8 0x00000001
core   0: 0x8000a2bc (0x0191c233) xor     tp, gp, s9
core   0: 3 0x8000a2bc (0x0191c233) x 4 0x00000000
core   0: 0x8000a2c0 (0x508fcd13) xori    s10, t6, 1288
core   0: 3 0x8000a2c0 (0x508fcd13) x26 0x00800406
core   0: 0x8000a2c4 (0x0125feb3) and     t4, a1, s2
core   0: 3 0x8000a2c4 (0x0125feb3) x29 0x00000000
core   0: 0x8000a2c8 (0xcd468117) auipc   sp, 0xcd468
core   0: 3 0x8000a2c8 (0xcd468117) x 2 0x4d4722c8
core   0: 0x8000a2cc (0x9c12ec93) ori     s9, t0, -1599
core   0: 3 0x8000a2cc (0x9c12ec93) x25 0xfffff9c1
core   0: 0x8000a2d0 (0x006f1f13) slli    t5, t5, 6
core   0: 3 0x8000a2d0 (0x006f1f13) x30 0x10e64000
core   0: 0x8000a2d4 (0x05814d93) xori    s11, sp, 88
core   0: 3 0x8000a2d4 (0x05814d93) x27 0x4d472290
core   0: 0x8000a2d8 (0xb3c7f093) andi    ra, a5, -1220
core   0: 3 0x8000a2d8 (0xb3c7f093) x 1 0x00004318
core   0: 0x8000a2dc (0x01b7beb3) sltu    t4, a5, s11
core   0: 3 0x8000a2dc (0x01b7beb3) x29 0x00000001
core   0: 0x8000a2e0 (0x96d53a93) sltiu   s5, a0, -1683
core   0: 3 0x8000a2e0 (0x96d53a93) x21 0x00000001
core   0: 0x8000a2e4 (0x9dca4013) xori    zero, s4, -1572
core   0: 3 0x8000a2e4 (0x9dca4013)
core   0: 0x8000a2e8 (0x01381233) sll     tp, a6, s3
core   0: 3 0x8000a2e8 (0x01381233) x 4 0xfc428000
core   0: 0x8000a2ec (0x40190133) sub     sp, s2, ra
core   0: 3 0x8000a2ec (0x40190133) x 2 0xffffbce8
core   0: 0x8000a2f0 (0xe2216f93) ori     t6, sp, -478
core   0: 3 0x8000a2f0 (0xe2216f93) x31 0xfffffeea
core   0: 0x8000a2f4 (0x6268ee93) ori     t4, a7, 1574
core   0: 3 0x8000a2f4 (0x6268ee93) x29 0x80000626
core   0: 0x8000a2f8 (0x01e05b93) srli    s7, zero, 30
core   0: 3 0x8000a2f8 (0x01e05b93) x23 0x00000000
core   0: 0x8000a2fc (0x00286033) or      zero, a6, sp
core   0: 3 0x8000a2fc (0x00286033)
core   0: 0x8000a300 (0x01e2f9b3) and     s3, t0, t5
core   0: 3 0x8000a300 (0x01e2f9b3) x19 0x00400000
core   0: 0x8000a304 (0x00385b13) srli    s6, a6, 3
core   0: 3 0x8000a304 (0x00385b13) x22 0x1fffff10
core   0: 0x8000a308 (0x0184d193) srli    gp, s1, 24
core   0: 3 0x8000a308 (0x0184d193) x 3 0x000000ff
core   0: 0x8000a30c (0x69a6fe93) andi    t4, a3, 1690
core   0: 3 0x8000a30c (0x69a6fe93) x29 0x00000088
core   0: 0x8000a310 (0xa0a17793) andi    a5, sp, -1526
core   0: 3 0x8000a310 (0xa0a17793) x15 0xffffb808
core   0: 0x8000a314 (0xe6751a17) auipc   s4, 0xe6751
core   0: 3 0x8000a314 (0xe6751a17) x20 0x6675b314
core   0: 0x8000a318 (0x306cc413) xori    s0, s9, 774
core   0: 3 0x8000a318 (0x306cc413) x 8 0xfffffac7
core   0: 0x8000a31c (0x01549413) slli    s0, s1, 21
core   0: 3 0x8000a31c (0x01549413) x 8 0x10200000
core   0: 0x8000a320 (0x01a4f2b3) and     t0, s1, s10
core   0: 3 0x8000a320 (0x01a4f2b3) x 5 0x00800000
core   0: 0x8000a324 (0x00ca1b93) slli    s7, s4, 12
core   0: 3 0x8000a324 (0x00ca1b93) x23 0x5b314000
core   0: 0x8000a328 (0x9c818413) addi    s0, gp, -1592
core   0: 3 0x8000a328 (0x9c818413) x 8 0xfffffac7
core   0: 0x8000a32c (0x005f5ab3) srl     s5, t5, t0
core   0: 3 0x8000a32c (0x005f5ab3) x21 0x10e64000
core   0: 0x8000a330 (0x00698133) add     sp, s3, t1
core   0: 3 0x8000a330 (0x00698133) x 2 0x3148d000
core   0: 0x8000a334 (0xbd6a0113) addi    sp, s4, -1066
core   0: 3 0x8000a334 (0xbd6a0113) x 2 0x6675aeea
core   0: 0x8000a338 (0x9ff49417) auipc   s0, 0x9ff49
core   0: 3 0x8000a338 (0x9ff49417) x 8 0x1ff53338
core   0: 0x8000a33c (0x0039a6b3) slt     a3, s3, gp
core   0: 3 0x8000a33c (0x0039a6b3) x13 0x00000000
core   0: 0x8000a340 (0xec3e6793) ori     a5, t3, -317
core   0: 3 0x8000a340 (0xec3e6793) x15 0xffffffff
core   0: 0x8000a344 (0xc4ddbe17) auipc   t3, 0xc4ddb
core   0: 3 0x8000a344 (0xc4ddbe17) x28 0x44de5344
core   0: 0x8000a348 (0x00261bb3) sll     s7, a2, sp
core   0: 3 0x8000a348 (0x00261bb3) x23 0xffe3a000
core   0: 0x8000a34c (0x004eaf33) slt     t5, t4, tp
core   0: 3 0x8000a34c (0x004eaf33) x30 0x00000000
core   0: 0x8000a350 (0xa97db713) sltiu   a4, s11, -1385
core   0: 3 0x8000a350 (0xa97db713) x14 0x00000001
core   0: 0x8000a354 (0x417252b3) sra     t0, tp, s7
core   0: 3 0x8000a354 (0x417252b3) x 5 0xfc428000
core   0: 0x8000a358 (0x015041b3) xor     gp, zero, s5
core   0: 3 0x8000a358 (0x015041b3) x 3 0x10e64000
core   0: 0x8000a35c (0x00be9cb3) sll     s9, t4, a1
core   0: 3 0x8000a35c (0x00be9cb3) x25 0x00000880
core   0: 0x8000a360 (0x267c6493) ori     s1, s8, 615
core   0: 3 0x8000a360 (0x267c6493) x 9 0xffc27e7f
core   0: 0x8000a364 (0x1ce441b7) lui     gp, 0x1ce44
core   0: 3 0x8000a364 (0x1ce441b7) x 3 0x1ce44000
core   0: 0x8000a368 (0x001a5933) srl     s2, s4, ra
core   0: 3 0x8000a368 (0x001a5933) x18 0x00000066
core   0: 0x8000a36c (0x2f58d737) lui     a4, 0x2f58d
core   0: 3 0x8000a36c (0x2f58d737) x14 0x2f58d000
core   0: 0x8000a370 (0x01a0d833) srl     a6, ra, s10
core   0: 3 0x8000a370 (0x01a0d833) x16 0x0000010c
core   0: 0x8000a374 (0x00033cb3) sltu    s9, t1, zero
core   0: 3 0x8000a374 (0x00033cb3) x25 0x00000000
core   0: 0x8000a378 (0x01d327b3) slt     a5, t1, t4
core   0: 3 0x8000a378 (0x01d327b3) x15 0x00000000
core   0: 0x8000a37c (0x00feb1b3) sltu    gp, t4, a5
core   0: 3 0x8000a37c (0x00feb1b3) x 3 0x00000000
core   0: 0x8000a380 (0x1e5c6a13) ori     s4, s8, 485
core   0: 3 0x8000a380 (0x1e5c6a13) x20 0xffc27fff
core   0: 0x8000a384 (0x41f006b3) sub     a3, zero, t6
core   0: 3 0x8000a384 (0x41f006b3) x13 0x00000116
core   0: 0x8000a388 (0x541db893) sltiu   a7, s11, 1345
core   0: 3 0x8000a388 (0x541db893) x17 0x00000000
core   0: 0x8000a38c (0xc7e04c93) xori    s9, zero, -898
core   0: 3 0x8000a38c (0xc7e04c93) x25 0xfffffc7e
core   0: 0x8000a390 (0x04f7f413) andi    s0, a5, 79
core   0: 3 0x8000a390 (0x04f7f413) x 8 0x00000000
core   0: 0x8000a394 (0x00000013) nop
core   0: 3 0x8000a394 (0x00000013)
core   0: 0x8000a398 (0x00ed9313) slli    t1, s11, 14
core   0: 3 0x8000a398 (0x00ed9313) x 6 0xc8a40000
core   0: 0x8000a39c (0xc5347193) andi    gp, s0, -941
core   0: 3 0x8000a39c (0xc5347193) x 3 0x00000000
core   0: 0x8000a3a0 (0xdd30a913) slti    s2, ra, -557
core   0: 3 0x8000a3a0 (0xdd30a913) x18 0x00000000
core   0: 0x8000a3a4 (0x01944a33) xor     s4, s0, s9
core   0: 3 0x8000a3a4 (0x01944a33) x20 0xfffffc7e
core   0: 0x8000a3a8 (0x788bc793) xori    a5, s7, 1928
core   0: 3 0x8000a3a8 (0x788bc793) x15 0xffe3a788
core   0: 0x8000a3ac (0x21d327b7) lui     a5, 0x21d32
core   0: 3 0x8000a3ac (0x21d327b7) x15 0x21d32000
core   0: 0x8000a3b0 (0x60e7f093) andi    ra, a5, 1550
core   0: 3 0x8000a3b0 (0x60e7f093) x 1 0x00000000
core   0: 0x8000a3b4 (0x2d998c97) auipc   s9, 0x2d998
core   0: 3 0x8000a3b4 (0x2d998c97) x25 0xad9a23b4
core   0: 0x8000a3b8 (0x01a2e7b3) or      a5, t0, s10
core   0: 3 0x8000a3b8 (0x01a2e7b3) x15 0xfcc28406
core   0: 0x8000a3bc (0x017797b3) sll     a5, a5, s7
core   0: 3 0x8000a3bc (0x017797b3) x15 0xfcc28406
core   0: 0x8000a3c0 (0x81a19f37) lui     t5, 0x81a19
core   0: 3 0x8000a3c0 (0x81a19f37) x30 0x81a19000
core   0: 0x8000a3c4 (0x8f75bf93) sltiu   t6, a1, -1801
core   0: 3 0x8000a3c4 (0x8f75bf93) x31 0x00000001
core   0: 0x8000a3c8 (0x010bc833) xor     a6, s7, a6
core   0: 3 0x8000a3c8 (0x010bc833) x16 0xffe3a10c
core   0: 0x8000a3cc (0x9c954713) xori    a4, a0, -1591
core   0: 3 0x8000a3cc (0x9c954713) x14 0x7ffeb52d
core   0: 0x8000a3d0 (0x009a5333) srl     t1, s4, s1
core   0: 3 0x8000a3d0 (0x009a5333) x 6 0x00000001
core   0: 0x8000a3d4 (0x01ff8333) add     t1, t6, t6
core   0: 3 0x8000a3d4 (0x01ff8333) x 6 0x00000002
core   0: 0x8000a3d8 (0x00302633) slt     a2, zero, gp
core   0: 3 0x8000a3d8 (0x00302633) x12 0x00000000
core   0: 0x8000a3dc (0x74234913) xori    s2, t1, 1858
core   0: 3 0x8000a3dc (0x74234913) x18 0x00000740
core   0: 0x8000a3e0 (0x8655e913) ori     s2, a1, -1947
core   0: 3 0x8000a3e0 (0x8655e913) x18 0xfffffe65
core   0: 0x8000a3e4 (0x566ca313) slti    t1, s9, 1382
core   0: 3 0x8000a3e4 (0x566ca313) x 6 0x00000001
core   0: 0x8000a3e8 (0x017fed33) or      s10, t6, s7
core   0: 3 0x8000a3e8 (0x017fed33) x26 0xffe3a001
core   0: 0x8000a3ec (0x415cd033) sra     zero, s9, s5
core   0: 3 0x8000a3ec (0x415cd033)
core   0: 0x8000a3f0 (0x63bd3693) sltiu   a3, s10, 1595
core   0: 3 0x8000a3f0 (0x63bd3693) x13 0x00000000
core   0: 0x8000a3f4 (0x00753e33) sltu    t3, a0, t2
core   0: 3 0x8000a3f4 (0x00753e33) x28 0x00000000
core   0: 0x8000a3f8 (0x010b4333) xor     t1, s6, a6
core   0: 3 0x8000a3f8 (0x010b4333) x 6 0xe01c5e1c
core   0: 0x8000a3fc (0x80987c93) andi    s9, a6, -2039
core   0: 3 0x8000a3fc (0x80987c93) x25 0xffe3a008
core   0: 0x8000a400 (0x01c89793) slli    a5, a7, 28
core   0: 3 0x8000a400 (0x01c89793) x15 0x00000000
core   0: 0x8000a404 (0x01091433) sll     s0, s2, a6
core   0: 3 0x8000a404 (0x01091433) x 8 0xffe65000
core   0: 0x8000a408 (0x001a8933) add     s2, s5, ra
core   0: 3 0x8000a408 (0x001a8933) x18 0x10e64000
core   0: 0x8000a40c (0x01195013) srli    zero, s2, 17
core   0: 3 0x8000a40c (0x01195013)
core   0: 0x8000a410 (0xd2c13b13) sltiu   s6, sp, -724
core   0: 3 0x8000a410 (0xd2c13b13) x22 0x00000001
core   0: 0x8000a414 (0x4000d713) srai    a4, ra, 0
core   0: 3 0x8000a414 (0x4000d713) x14 0x00000000
core   0: 0x8000a418 (0x00a35433) srl     s0, t1, a0
core   0: 3 0x8000a418 (0x00a35433) x 8 0x0e01c5e1
core   0: 0x8000a41c (0x001e1d33) sll     s10, t3, ra
core   0: 3 0x8000a41c (0x001e1d33) x26 0x00000000
core   0: 0x8000a420 (0x80cf3313) sltiu   t1, t5, -2036
core   0: 3 0x8000a420 (0x80cf3313) x 6 0x00000001
core   0: 0x8000a424 (0xdf114793) xori    a5, sp, -527
core   0: 3 0x8000a424 (0xdf114793) x15 0x998a531b
core   0: 0x8000a428 (0x68f46337) lui     t1, 0x68f46
core   0: 3 0x8000a428 (0x68f46337) x 6 0x68f46000
core   0: 0x8000a42c (0x6f9e3213) sltiu   tp, t3, 1785
core   0: 3 0x8000a42c (0x6f9e3213) x 4 0x00000001
core   0: 0x8000a430 (0x254e4613) xori    a2, t3, 596
core   0: 3 0x8000a430 (0x254e4613) x12 0x00000254
core   0: 0x8000a434 (0x0f77e793) ori     a5, a5, 247
core   0: 3 0x8000a434 (0x0f77e793) x15 0x998a53ff
core   0: 0x8000a438 (0x41dd80b3) sub     ra, s11, t4
core   0: 3 0x8000a438 (0x41dd80b3) x 1 0x4d472208
core   0: 0x8000a43c (0x00143933) sltu    s2, s0, ra
core   0: 3 0x8000a43c (0x00143933) x18 0x00000001
core   0: 0x8000a440 (0x50b64613) xori    a2, a2, 1291
core   0: 3 0x8000a440 (0x50b64613) x12 0x0000075f
core   0: 0x8000a444 (0x0048da93) srli    s5, a7, 4
core   0: 3 0x8000a444 (0x0048da93) x21 0x00000000
core   0: 0x8000a448 (0x0010df33) srl     t5, ra, ra
core   0: 3 0x8000a448 (0x0010df33) x30 0x004d4722
core   0: 0x8000a44c (0xba1aed93) ori     s11, s5, -1119
core   0: 3 0x8000a44c (0xba1aed93) x27 0xfffffba1
core   0: 0x8000a450 (0xa4ef6493) ori     s1, t5, -1458
core   0: 3 0x8000a450 (0xa4ef6493) x 9 0xffffff6e
core   0: 0x8000a454 (0x20648d13) addi    s10, s1, 518
core   0: 3 0x8000a454 (0x20648d13) x26 0x00000174
core   0: 0x8000a458 (0x01d211b3) sll     gp, tp, t4
core   0: 3 0x8000a458 (0x01d211b3) x 3 0x00000100
core   0: 0x8000a45c (0x688ea713) slti    a4, t4, 1672
core   0: 3 0x8000a45c (0x688ea713) x14 0x00000001
core   0: 0x8000a460 (0x17160d93) addi    s11, a2, 369
core   0: 3 0x8000a460 (0x17160d93) x27 0x000008d0
core   0: 0x8000a464 (0xb1522913) slti    s2, tp, -1259
core   0: 3 0x8000a464 (0xb1522913) x18 0x00000000
core   0: 0x8000a468 (0x019b5333) srl     t1, s6, s9
core   0: 3 0x8000a468 (0x019b5333) x 6 0x00000000
core   0: 0x8000a46c (0x40fd5c93) srai    s9, s10, 15
core   0: 3 0x8000a46c (0x40fd5c93) x25 0x00000000
core   0: 0x8000a470 (0xefac3e93) sltiu   t4, s8, -262
core   0: 3 0x8000a470 (0xefac3e93) x29 0x00000001
core   0: 0x8000a474 (0x4169dc93) srai    s9, s3, 22
core   0: 3 0x8000a474 (0x4169dc93) x25 0x00000001
core   0: 0x8000a478 (0x683bba13) sltiu   s4, s7, 1667
core   0: 3 0x8000a478 (0x683bba13) x20 0x00000000
core   0: 0x8000a47c (0x00701613) slli    a2, zero, 7
core   0: 3 0x8000a47c (0x00701613) x12 0x00000000
core   0: 0x8000a480 (0x2b829437) lui     s0, 0x2b829
core   0: 3 0x8000a480 (0x2b829437) x 8 0x2b829000
core   0: 0x8000a484 (0xcaefd817) auipc   a6, 0xcaefd
core   0: 3 0x8000a484 (0xcaefd817) x16 0x4af07484
core   0: 0x8000a488 (0x40a08733) sub     a4, ra, a0
core   0: 3 0x8000a488 (0x40a08733) x14 0xcd45d524
core   0: 0x8000a48c (0x01330db3) add     s11, t1, s3
core   0: 3 0x8000a48c (0x01330db3) x27 0x00400000
core   0: 0x8000a490 (0x47633117) auipc   sp, 0x47633
core   0: 3 0x8000a490 (0x47633117) x 2 0xc763d490
core   0: 0x8000a494 (0x827b6193) ori     gp, s6, -2009
core   0: 3 0x8000a494 (0x827b6193) x 3 0xfffff827
core   0: 0x8000a498 (0x00000013) nop
core   0: 3 0x8000a498 (0x00000013)
core   0: 0x8000a49c (0x2f4c3413) sltiu   s0, s8, 756
core   0: 3 0x8000a49c (0x2f4c3413) x 8 0x00000000
core   0: 0x8000a4a0 (0xc45bb313) sltiu   t1, s7, -955
core   0: 3 0x8000a4a0 (0xc45bb313) x 6 0x00000001
core   0: 0x8000a4a4 (0xb7f73137) lui     sp, 0xb7f73
core   0: 3 0x8000a4a4 (0xb7f73137) x 2 0xb7f73000
core   0: 0x8000a4a8 (0x00664db3) xor     s11, a2, t1
core   0: 3 0x8000a4a8 (0x00664db3) x27 0x00000001
core   0: 0x8000a4ac (0x01865a33) srl     s4, a2, s8
core   0: 3 0x8000a4ac (0x01865a33) x20 0x00000000
core   0: 0x8000a4b0 (0x06bbb213) sltiu   tp, s7, 107
core   0: 3 0x8000a4b0 (0x06bbb213) x 4 0x00000000
core   0: 0x8000a4b4 (0x013cdb33) srl     s6, s9, s3
core   0: 3 0x8000a4b4 (0x013cdb33) x22 0x00000001
core   0: 0x8000a4b8 (0x00f661b3) or      gp, a2, a5
core   0: 3 0x8000a4b8 (0x00f661b3) x 3 0x998a53ff
core   0: 0x8000a4bc (0x5c9ffe13) andi    t3, t6, 1481
core   0: 3 0x8000a4bc (0x5c9ffe13) x28 0x00000001
core   0: 0x8000a4c0 (0x41fcd0b3) sra     ra, s9, t6
core   0: 3 0x8000a4c0 (0x41fcd0b3) x 1 0x00000000
core   0: 0x8000a4c4 (0x983c8213) addi    tp, s9, -1661
core   0: 3 0x8000a4c4 (0x983c8213) x 4 0xfffff984
core   0: 0x8000a4c8 (0x41a4d9b3) sra     s3, s1, s10
core   0: 3 0x8000a4c8 (0x41a4d9b3) x19 0xffffffff
core   0: 0x8000a4cc (0xa600a413) slti    s0, ra, -1440
core   0: 3 0x8000a4cc (0xa600a413) x 8 0x00000000
core   0: 0x8000a4d0 (0x001ae8b3) or      a7, s5, ra
core   0: 3 0x8000a4d0 (0x001ae8b3) x17 0x00000000
core   0: 0x8000a4d4 (0x895b2e17) auipc   t3, 0x895b2
core   0: 3 0x8000a4d4 (0x895b2e17) x28 0x095bc4d4
core   0: 0x8000a4d8 (0x016df0b3) and     ra, s11, s6
core   0: 3 0x8000a4d8 (0x016df0b3) x 1 0x00000001
core   0: 0x8000a4dc (0x3a2ec713) xori    a4, t4, 930
core   0: 3 0x8000a4dc (0x3a2ec713) x14 0x000003a3
core   0: 0x8000a4e0 (0x42c02293) slti    t0, zero, 1068
core   0: 3 0x8000a4e0 (0x42c02293) x 5 0x00000001
core   0: 0x8000a4e4 (0x413c56b3) sra     a3, s8, s3
core   0: 3 0x8000a4e4 (0x413c56b3) x13 0xffffffff
core   0: 0x8000a4e8 (0x00527233) and     tp, tp, t0
core   0: 3 0x8000a4e8 (0x00527233) x 4 0x00000000
core   0: 0x8000a4ec (0x0195d213) srli    tp, a1, 25
core   0: 3 0x8000a4ec (0x0195d213) x 4 0x00000040
core   0: 0x8000a4f0 (0x01c934b3) sltu    s1, s2, t3
core   0: 3 0x8000a4f0 (0x01c934b3) x 9 0x00000001
core   0: 0x8000a4f4 (0x01508033) add     zero, ra, s5
core   0: 3 0x8000a4f4 (0x01508033)
core   0: 0x8000a4f8 (0x009b9333) sll     t1, s7, s1
core   0: 3 0x8000a4f8 (0x009b9333) x 6 0xffc74000
core   0: 0x8000a4fc (0x01dbf9b3) and     s3, s7, t4
core   0: 3 0x8000a4fc (0x01dbf9b3) x19 0x00000000
core   0: 0x8000a500 (0x47ca5197) auipc   gp, 0x47ca5
core   0: 3 0x8000a500 (0x47ca5197) x 3 0xc7caf500
core   0: 0x8000a504 (0x019e11b3) sll     gp, t3, s9
core   0: 3 0x8000a504 (0x019e11b3) x 3 0x12b789a8
core   0: 0x8000a508 (0x01745893) srli    a7, s0, 23
core   0: 3 0x8000a508 (0x01745893) x17 0x00000000
core   0: 0x8000a50c (0x7ff86a93) ori     s5, a6, 2047
core   0: 3 0x8000a50c (0x7ff86a93) x21 0x4af077ff
core   0: 0x8000a510 (0x5dd9a013) slti    zero, s3, 1501
core   0: 3 0x8000a510 (0x5dd9a013)
core   0: 0x8000a514 (0x00e90233) add     tp, s2, a4
core   0: 3 0x8000a514 (0x00e90233) x 4 0x000003a3
core   0: 0x8000a518 (0x0143bb33) sltu    s6, t2, s4
core   0: 3 0x8000a518 (0x0143bb33) x22 0x00000000
core   0: 0x8000a51c (0x01268d93) addi    s11, a3, 18
core   0: 3 0x8000a51c (0x01268d93) x27 0x00000011
core   0: 0x8000a520 (0x01009e93) slli    t4, ra, 16
core   0: 3 0x8000a520 (0x01009e93) x29 0x00010000
core   0: 0x8000a524 (0xf30cc393) xori    t2, s9, -208
core   0: 3 0x8000a524 (0xf30cc393) x 7 0xffffff31
core   0: 0x8000a528 (0x018e7b33) and     s6, t3, s8
core   0: 3 0x8000a528 (0x018e7b33) x22 0x09424414
core   0: 0x8000a52c (0x01997d33) and     s10, s2, s9
core   0: 3 0x8000a52c (0x01997d33) x26 0x00000000
core   0: 0x8000a530 (0x00e274b3) and     s1, tp, a4
core   0: 3 0x8000a530 (0x00e274b3) x 9 0x000003a3
core   0: 0x8000a534 (0x001b6fb3) or      t6, s6, ra
core   0: 3 0x8000a534 (0x001b6fb3) x31 0x09424415
core   0: 0x8000a538 (0x00c41033) sll     zero, s0, a2
core   0: 3 0x8000a538 (0x00c41033)
core   0: 0x8000a53c (0x0059a4b3) slt     s1, s3, t0
core   0: 3 0x8000a53c (0x0059a4b3) x 9 0x00000001
core   0: 0x8000a540 (0x019e9f93) slli    t6, t4, 25
core   0: 3 0x8000a540 (0x019e9f93) x31 0x00000000
core   0: 0x8000a544 (0x016fa7b3) slt     a5, t6, s6
core   0: 3 0x8000a544 (0x016fa7b3) x15 0x00000001
core   0: 0x8000a548 (0x0032a9b3) slt     s3, t0, gp
core   0: 3 0x8000a548 (0x0032a9b3) x19 0x00000001
core   0: 0x8000a54c (0x008f5a93) srli    s5, t5, 8
core   0: 3 0x8000a54c (0x008f5a93) x21 0x00004d47
core   0: 0x8000a550 (0x6b958493) addi    s1, a1, 1721
core   0: 3 0x8000a550 (0x6b958493) x 9 0x8001151d
core   0: 0x8000a554 (0x00000013) nop
core   0: 3 0x8000a554 (0x00000013)
core   0: 0x8000a558 (0x009220b3) slt     ra, tp, s1
core   0: 3 0x8000a558 (0x009220b3) x 1 0x00000000
core   0: 0x8000a55c (0x4aa34d93) xori    s11, t1, 1194
core   0: 3 0x8000a55c (0x4aa34d93) x27 0xffc744aa
core   0: 0x8000a560 (0x01849d13) slli    s10, s1, 24
core   0: 3 0x8000a560 (0x01849d13) x26 0x1d000000
core   0: 0x8000a564 (0x41075033) sra     zero, a4, a6
core   0: 3 0x8000a564 (0x41075033)
core   0: 0x8000a568 (0x01ef7933) and     s2, t5, t5
core   0: 3 0x8000a568 (0x01ef7933) x18 0x004d4722
core   0: 0x8000a56c (0xe8d2e113) ori     sp, t0, -371
core   0: 3 0x8000a56c (0xe8d2e113) x 2 0xfffffe8d
core   0: 0x8000a570 (0x40f409b3) sub     s3, s0, a5
core   0: 3 0x8000a570 (0x40f409b3) x19 0xffffffff
core   0: 0x8000a574 (0x41768db3) sub     s11, a3, s7
core   0: 3 0x8000a574 (0x41768db3) x27 0x001c5fff
core   0: 0x8000a578 (0xe2156497) auipc   s1, 0xe2156
core   0: 3 0x8000a578 (0xe2156497) x 9 0x62160578
core   0: 0x8000a57c (0x060cd197) auipc   gp, 0x60cd
core   0: 3 0x8000a57c (0x060cd197) x 3 0x860d757c
core   0: 0x8000a580 (0x011eae33) slt     t3, t4, a7
core   0: 3 0x8000a580 (0x011eae33) x28 0x00000000
core   0: 0x8000a584 (0x44e0c617) auipc   a2, 0x44e0c
core   0: 3 0x8000a584 (0x44e0c617) x12 0xc4e16584
core   0: 0x8000a588 (0xf215fa13) andi    s4, a1, -223
core   0: 3 0x8000a588 (0xf215fa13) x20 0x80010e20
core   0: 0x8000a58c (0xccdc6793) ori     a5, s8, -819
core   0: 3 0x8000a58c (0xccdc6793) x15 0xfffffeff
core   0: 0x8000a590 (0x00000013) nop
core   0: 3 0x8000a590 (0x00000013)
core   0: 0x8000a594 (0x010adf13) srli    t5, s5, 16
core   0: 3 0x8000a594 (0x010adf13) x30 0x00000000
core   0: 0x8000a598 (0x406fd033) sra     zero, t6, t1
core   0: 3 0x8000a598 (0x406fd033)
core   0: 0x8000a59c (0x003753b3) srl     t2, a4, gp
core   0: 3 0x8000a59c (0x003753b3) x 7 0x00000000
core   0: 0x8000a5a0 (0xd87da013) slti    zero, s11, -633
core   0: 3 0x8000a5a0 (0xd87da013)
core   0: 0x8000a5a4 (0x41b00333) sub     t1, zero, s11
core   0: 3 0x8000a5a4 (0x41b00333) x 6 0xffe3a001
core   0: 0x8000a5a8 (0x409e8033) sub     zero, t4, s1
core   0: 3 0x8000a5a8 (0x409e8033)
core   0: 0x8000a5ac (0xb2a4c693) xori    a3, s1, -1238
core   0: 3 0x8000a5ac (0xb2a4c693) x13 0x9de9fe52
core   0: 0x8000a5b0 (0x4025dbb3) sra     s7, a1, sp
core   0: 3 0x8000a5b0 (0x4025dbb3) x23 0xfffc0008
core   0: 0x8000a5b4 (0x00561133) sll     sp, a2, t0
core   0: 3 0x8000a5b4 (0x00561133) x 2 0x89c2cb08
core   0: 0x8000a5b8 (0x9d3cb617) auipc   a2, 0x9d3cb
core   0: 3 0x8000a5b8 (0x9d3cb617) x12 0x1d3d55b8
core   0: 0x8000a5bc (0x20471c97) auipc   s9, 0x20471
core   0: 3 0x8000a5bc (0x20471c97) x25 0xa047b5bc
core   0: 0x8000a5c0 (0x66d1b137) lui     sp, 0x66d1b
core   0: 3 0x8000a5c0 (0x66d1b137) x 2 0x66d1b000
core   0: 0x8000a5c4 (0x0083c833) xor     a6, t2, s0
core   0: 3 0x8000a5c4 (0x0083c833) x16 0x00000000
core   0: 0x8000a5c8 (0x7725f113) andi    sp, a1, 1906
core   0: 3 0x8000a5c8 (0x7725f113) x 2 0x00000660
core   0: 0x8000a5cc (0x0986a113) slti    sp, a3, 152
core   0: 3 0x8000a5cc (0x0986a113) x 2 0x00000001
core   0: 0x8000a5d0 (0xd17f4437) lui     s0, 0xd17f4
core   0: 3 0x8000a5d0 (0xd17f4437) x 8 0xd17f4000
core   0: 0x8000a5d4 (0x01da5113) srli    sp, s4, 29
core   0: 3 0x8000a5d4 (0x01da5113) x 2 0x00000004
core   0: 0x8000a5d8 (0x8de30e93) addi    t4, t1, -1826
core   0: 3 0x8000a5d8 (0x8de30e93) x29 0xffe398df
core   0: 0x8000a5dc (0x00d16a33) or      s4, sp, a3
core   0: 3 0x8000a5dc (0x00d16a33) x20 0x9de9fe56
core   0: 0x8000a5e0 (0x57fe8813) addi    a6, t4, 1407
core   0: 3 0x8000a5e0 (0x57fe8813) x16 0xffe39e5e
core   0: 0x8000a5e4 (0x00cb52b3) srl     t0, s6, a2
core   0: 3 0x8000a5e4 (0x00cb52b3) x 5 0x00000009
core   0: 0x8000a5e8 (0x47424937) lui     s2, 0x47424
core   0: 3 0x8000a5e8 (0x47424937) x18 0x47424000
core   0: 0x8000a5ec (0xe609e193) ori     gp, s3, -416
core   0: 3 0x8000a5ec (0xe609e193) x 3 0xffffffff
core   0: 0x8000a5f0 (0x018c1933) sll     s2, s8, s8
core   0: 3 0x8000a5f0 (0x018c1933) x18 0x80000000
core   0: 0x8000a5f4 (0x00ca5433) srl     s0, s4, a2
core   0: 3 0x8000a5f4 (0x00ca5433) x 8 0x0000009d
core   0: 0x8000a5f8 (0x016f0b33) add     s6, t5, s6
core   0: 3 0x8000a5f8 (0x016f0b33) x22 0x09424414
core   0: 0x8000a5fc (0x015049b3) xor     s3, zero, s5
core   0: 3 0x8000a5fc (0x015049b3) x19 0x00004d47
core   0: 0x8000a600 (0x7190e693) ori     a3, ra, 1817
core   0: 3 0x8000a600 (0x7190e693) x13 0x00000719
core   0: 0x8000a604 (0xaba38a13) addi    s4, t2, -1350
core   0: 3 0x8000a604 (0xaba38a13) x20 0xfffffaba
core   0: 0x8000a608 (0x00d450b3) srl     ra, s0, a3
core   0: 3 0x8000a608 (0x00d450b3) x 1 0x00000000
core   0: 0x8000a60c (0x41d25413) srai    s0, tp, 29
core   0: 3 0x8000a60c (0x41d25413) x 8 0x00000000
core   0: 0x8000a610 (0x4f944297) auipc   t0, 0x4f944
core   0: 3 0x8000a610 (0x4f944297) x 5 0xcf94e610
core   0: 0x8000a614 (0x0120a233) slt     tp, ra, s2
core   0: 3 0x8000a614 (0x0120a233) x 4 0x00000000
core   0: 0x8000a618 (0x01374db3) xor     s11, a4, s3
core   0: 3 0x8000a618 (0x01374db3) x27 0x00004ee4
core   0: 0x8000a61c (0x4107df93) srai    t6, a5, 16
core   0: 3 0x8000a61c (0x4107df93) x31 0xffffffff
core   0: 0x8000a620 (0x00691333) sll     t1, s2, t1
core   0: 3 0x8000a620 (0x00691333) x 6 0x00000000
core   0: 0x8000a624 (0x41f1d7b3) sra     a5, gp, t6
core   0: 3 0x8000a624 (0x41f1d7b3) x15 0xffffffff
core   0: 0x8000a628 (0x65914d93) xori    s11, sp, 1625
core   0: 3 0x8000a628 (0x65914d93) x27 0x0000065d
core   0: 0x8000a62c (0x19d43193) sltiu   gp, s0, 413
core   0: 3 0x8000a62c (0x19d43193) x 3 0x00000001
core   0: 0x8000a630 (0xf5e0cb93) xori    s7, ra, -162
core   0: 3 0x8000a630 (0xf5e0cb93) x23 0xffffff5e
core   0: 0x8000a634 (0x00432433) slt     s0, t1, tp
core   0: 3 0x8000a634 (0x00432433) x 8 0x00000000
core   0: 0x8000a638 (0x005dd4b3) srl     s1, s11, t0
core   0: 3 0x8000a638 (0x005dd4b3) x 9 0x00000000
core   0: 0x8000a63c (0xff5ea813) slti    a6, t4, -11
core   0: 3 0x8000a63c (0xff5ea813) x16 0x00000001
core   0: 0x8000a640 (0x01455fb3) srl     t6, a0, s4
core   0: 3 0x8000a640 (0x01455fb3) x31 0x00000020
core   0: 0x8000a644 (0x408fd0b3) sra     ra, t6, s0
core   0: 3 0x8000a644 (0x408fd0b3) x 1 0x00000020
core   0: 0x8000a648 (0x4a5c0f13) addi    t5, s8, 1189
core   0: 3 0x8000a648 (0x4a5c0f13) x30 0xffc282e4
core   0: 0x8000a64c (0x00000493) li      s1, 0
core   0: 3 0x8000a64c (0x00000493) x 9 0x00000000
core   0: 0x8000a650 (0xfff00e93) li      t4, -1
core   0: 3 0x8000a650 (0xfff00e93) x29 0xffffffff
core   0: 0x8000a654 (0x80000237) lui     tp, 0x80000
core   0: 3 0x8000a654 (0x80000237) x 4 0x80000000
core   0: 0x8000a658 (0xed1810b7) lui     ra, 0xed181
core   0: 3 0x8000a658 (0xed1810b7) x 1 0xed181000
core   0: 0x8000a65c (0x5f008093) addi    ra, ra, 1520
core   0: 3 0x8000a65c (0x5f008093) x 1 0xed1815f0
core   0: 0x8000a660 (0x80000337) lui     t1, 0x80000
core   0: 3 0x8000a660 (0x80000337) x 6 0x80000000
core   0: 0x8000a664 (0xfff00113) li      sp, -1
core   0: 3 0x8000a664 (0xfff00113) x 2 0xffffffff
core   0: 0x8000a668 (0x00000b93) li      s7, 0
core   0: 3 0x8000a668 (0x00000b93) x23 0x00000000
core   0: 0x8000a66c (0x800008b7) lui     a7, 0x80000
core   0: 3 0x8000a66c (0x800008b7) x17 0x80000000
core   0: 0x8000a670 (0x00000a13) li      s4, 0
core   0: 3 0x8000a670 (0x00000a13) x20 0x00000000
core   0: 0x8000a674 (0x00000393) li      t2, 0
core   0: 3 0x8000a674 (0x00000393) x 7 0x00000000
core   0: 0x8000a678 (0xfc230213) addi    tp, t1, -62
core   0: 3 0x8000a678 (0xfc230213) x 4 0x7fffffc2
core   0: 0x8000a67c (0x41430133) sub     sp, t1, s4
core   0: 3 0x8000a67c (0x41430133) x 2 0x80000000
core   0: 0x8000a680 (0x007200b3) add     ra, tp, t2
core   0: 3 0x8000a680 (0x007200b3) x 1 0x7fffffc2
core   0: 0x8000a684 (0xb2b89b97) auipc   s7, 0xb2b89
core   0: 3 0x8000a684 (0xb2b89b97) x23 0x32b93684
core   0: 0x8000a688 (0x0caa0e93) addi    t4, s4, 202
core   0: 3 0x8000a688 (0x0caa0e93) x29 0x000000ca
core   0: 0x8000a68c (0x417383b3) sub     t2, t2, s7
core   0: 3 0x8000a68c (0x417383b3) x 7 0xcd46c97c
core   0: 0x8000a690 (0x6981feb7) lui     t4, 0x6981f
core   0: 3 0x8000a690 (0x6981feb7) x29 0x6981f000
core   0: 0x8000a694 (0x41d083b3) sub     t2, ra, t4
core   0: 3 0x8000a694 (0x41d083b3) x 7 0x167e0fc2
core   0: 0x8000a698 (0x1df6fbb7) lui     s7, 0x1df6f
core   0: 3 0x8000a698 (0x1df6fbb7) x23 0x1df6f000
core   0: 0x8000a69c (0xe8588e93) addi    t4, a7, -379
core   0: 3 0x8000a69c (0xe8588e93) x29 0x7ffffe85
core   0: 0x8000a6a0 (0x00000013) nop
core   0: 3 0x8000a6a0 (0x00000013)
core   0: 0x8000a6a4 (0x00638bb3) add     s7, t2, t1
core   0: 3 0x8000a6a4 (0x00638bb3) x23 0x967e0fc2
core   0: 0x8000a6a8 (0xeeca0113) addi    sp, s4, -276
core   0: 3 0x8000a6a8 (0xeeca0113) x 2 0xfffffeec
core   0: 0x8000a6ac (0x001e8a33) add     s4, t4, ra
core   0: 3 0x8000a6ac (0x001e8a33) x20 0xfffffe47
core   0: 0x8000a6b0 (0x00930133) add     sp, t1, s1
core   0: 3 0x8000a6b0 (0x00930133) x 2 0x80000000
core   0: 0x8000a6b4 (0x85eba3b7) lui     t2, 0x85eba
core   0: 3 0x8000a6b4 (0x85eba3b7) x 7 0x85eba000
core   0: 0x8000a6b8 (0xf705d117) auipc   sp, 0xf705d
core   0: 3 0x8000a6b8 (0xf705d117) x 2 0x770676b8
core   0: 0x8000a6bc (0x40410133) sub     sp, sp, tp
core   0: 3 0x8000a6bc (0x40410133) x 2 0xf70676f6
core   0: 0x8000a6c0 (0x00000013) nop
core   0: 3 0x8000a6c0 (0x00000013)
core   0: 0x8000a6c4 (0x00000013) nop
core   0: 3 0x8000a6c4 (0x00000013)
core   0: 0x8000a6c8 (0x08910213) addi    tp, sp, 137
core   0: 3 0x8000a6c8 (0x08910213) x 4 0xf706777f
core   0: 0x8000a6cc (0x40210eb3) sub     t4, sp, sp
core   0: 3 0x8000a6cc (0x40210eb3) x29 0x00000000
core   0: 0x8000a6d0 (0xa01f6eb7) lui     t4, 0xa01f6
core   0: 3 0x8000a6d0 (0xa01f6eb7) x29 0xa01f6000
core   0: 0x8000a6d4 (0x40138eb3) sub     t4, t2, ra
core   0: 3 0x8000a6d4 (0x40138eb3) x29 0x05eba03e
core   0: 0x8000a6d8 (0x011883b3) add     t2, a7, a7
core   0: 3 0x8000a6d8 (0x011883b3) x 7 0x00000000
core   0: 0x8000a6dc (0x8a0e6293) ori     t0, t3, -1888
core   0: 3 0x8000a6dc (0x8a0e6293) x 5 0xfffff8a0
core   0: 0x8000a6e0 (0x311f1f37) lui     t5, 0x311f1
core   0: 3 0x8000a6e0 (0x311f1f37) x30 0x311f1000
core   0: 0x8000a6e4 (0x012cd933) srl     s2, s9, s2
core   0: 3 0x8000a6e4 (0x012cd933) x18 0xa047b5bc
core   0: 0x8000a6e8 (0x424f6a13) ori     s4, t5, 1060
core   0: 3 0x8000a6e8 (0x424f6a13) x20 0x311f1424
core   0: 0x8000a6ec (0x41165b13) srai    s6, a2, 17
core   0: 3 0x8000a6ec (0x41165b13) x22 0x00000e9e
core   0: 0x8000a6f0 (0x0186c033) xor     zero, a3, s8
core   0: 3 0x8000a6f0 (0x0186c033)
core   0: 0x8000a6f4 (0x01c4f9b3) and     s3, s1, t3
core   0: 3 0x8000a6f4 (0x01c4f9b3) x19 0x00000000
core   0: 0x8000a6f8 (0x1fc20093) addi    ra, tp, 508
core   0: 3 0x8000a6f8 (0x1fc20093) x 1 0xf706797b
core   0: 0x8000a6fc (0x40f75033) sra     zero, a4, a5
core   0: 3 0x8000a6fc (0x40f75033)
core   0: 0x8000a700 (0x00000013) nop
core   0: 3 0x8000a700 (0x00000013)
core   0: 0x8000a704 (0x01a09fb3) sll     t6, ra, s10
core   0: 3 0x8000a704 (0x01a09fb3) x31 0xf706797b
core   0: 0x8000a708 (0x01774fb3) xor     t6, a4, s7
core   0: 3 0x8000a708 (0x01774fb3) x31 0x967e0c61
core   0: 0x8000a70c (0xa7360793) addi    a5, a2, -1421
core   0: 3 0x8000a70c (0xa7360793) x15 0x1d3d502b
core   0: 0x8000a710 (0x003bea33) or      s4, s7, gp
core   0: 3 0x8000a710 (0x003bea33) x20 0x967e0fc3
core   0: 0x8000a714 (0xa05c6193) ori     gp, s8, -1531
core   0: 3 0x8000a714 (0xa05c6193) x 3 0xfffffe3f
core   0: 0x8000a718 (0x414f5413) srai    s0, t5, 20
core   0: 3 0x8000a718 (0x414f5413) x 8 0x00000311
core   0: 0x8000a71c (0x347cad93) slti    s11, s9, 839
core   0: 3 0x8000a71c (0x347cad93) x27 0x00000001
core   0: 0x8000a720 (0x01080633) add     a2, a6, a6
core   0: 3 0x8000a720 (0x01080633) x12 0x00000002
core   0: 0x8000a724 (0x40df0e33) sub     t3, t5, a3
core   0: 3 0x8000a724 (0x40df0e33) x28 0x311f08e7
core   0: 0x8000a728 (0x00d682b3) add     t0, a3, a3
core   0: 3 0x8000a728 (0x00d682b3) x 5 0x00000e32
core   0: 0x8000a72c (0xe9402813) slti    a6, zero, -364
core   0: 3 0x8000a72c (0xe9402813) x16 0x00000000
core   0: 0x8000a730 (0x019618b3) sll     a7, a2, s9
core   0: 3 0x8000a730 (0x019618b3) x17 0x20000000
core   0: 0x8000a734 (0x315d0393) addi    t2, s10, 789
core   0: 3 0x8000a734 (0x315d0393) x 7 0x1d000315
core   0: 0x8000a738 (0xb088bb13) sltiu   s6, a7, -1272
core   0: 3 0x8000a738 (0xb088bb13) x22 0x00000001
core   0: 0x8000a73c (0x044f0613) addi    a2, t5, 68
core   0: 3 0x8000a73c (0x044f0613) x12 0x311f1044
core   0: 0x8000a740 (0x0fe4e813) ori     a6, s1, 254
core   0: 3 0x8000a740 (0x0fe4e813) x16 0x000000fe
core   0: 0x8000a744 (0x41efdb93) srai    s7, t6, 30
core   0: 3 0x8000a744 (0x41efdb93) x23 0xfffffffe
core   0: 0x8000a748 (0x78adf313) andi    t1, s11, 1930
core   0: 3 0x8000a748 (0x78adf313) x 6 0x00000000
core   0: 0x8000a74c (0x00a510b3) sll     ra, a0, a0
core   0: 3 0x8000a74c (0x00a510b3) x 1 0x0014ce40
core   0: 0x8000a750 (0xd2c0ad93) slti    s11, ra, -724
core   0: 3 0x8000a750 (0xd2c0ad93) x27 0x00000000
core   0: 0x8000a754 (0x00d71c93) slli    s9, a4, 13
core   0: 3 0x8000a754 (0x00d71c93) x25 0x00746000
core   0: 0x8000a758 (0xa568c217) auipc   tp, 0xa568c
core   0: 3 0x8000a758 (0xa568c217) x 4 0x25696758
core   0: 0x8000a75c (0x019dc7b3) xor     a5, s11, s9
core   0: 3 0x8000a75c (0x019dc7b3) x15 0x00746000
core   0: 0x8000a760 (0x41055433) sra     s0, a0, a6
core   0: 3 0x8000a760 (0x41055433) x 8 0xfffffffe
core   0: 0x8000a764 (0x01315393) srli    t2, sp, 19
core   0: 3 0x8000a764 (0x01315393) x 7 0x00001ee0
core   0: 0x8000a768 (0x01664a33) xor     s4, a2, s6
core   0: 3 0x8000a768 (0x01664a33) x20 0x311f1045
core   0: 0x8000a76c (0x0074f0b3) and     ra, s1, t2
core   0: 3 0x8000a76c (0x0074f0b3) x 1 0x00000000
core   0: 0x8000a770 (0x3b85b713) sltiu   a4, a1, 952
core   0: 3 0x8000a770 (0x3b85b713) x14 0x00000000
core   0: 0x8000a774 (0x0079f333) and     t1, s3, t2
core   0: 3 0x8000a774 (0x0079f333) x 6 0x00000000
core   0: 0x8000a778 (0x00a55a93) srli    s5, a0, 10
core   0: 3 0x8000a778 (0x00a55a93) x21 0x00200053
core   0: 0x8000a77c (0x010f9733) sll     a4, t6, a6
core   0: 3 0x8000a77c (0x010f9733) x14 0x40000000
core   0: 0x8000a780 (0x000381b3) add     gp, t2, zero
core   0: 3 0x8000a780 (0x000381b3) x 3 0x00001ee0
core   0: 0x8000a784 (0x151122b7) lui     t0, 0x15112
core   0: 3 0x8000a784 (0x151122b7) x 5 0x15112000
core   0: 0x8000a788 (0x017b8933) add     s2, s7, s7
core   0: 3 0x8000a788 (0x017b8933) x18 0xfffffffc
core   0: 0x8000a78c (0x004ace33) xor     t3, s5, tp
core   0: 3 0x8000a78c (0x004ace33) x28 0x2549670b
core   0: 0x8000a790 (0x00000013) nop
core   0: 3 0x8000a790 (0x00000013)
core   0: 0x8000a794 (0x00a53db3) sltu    s11, a0, a0
core   0: 3 0x8000a794 (0x00a53db3) x27 0x00000000
core   0: 0x8000a798 (0x00c6d193) srli    gp, a3, 12
core   0: 3 0x8000a798 (0x00c6d193) x 3 0x00000000
core   0: 0x8000a79c (0x01f35733) srl     a4, t1, t6
core   0: 3 0x8000a79c (0x01f35733) x14 0x00000000
core   0: 0x8000a7a0 (0x0078a633) slt     a2, a7, t2
core   0: 3 0x8000a7a0 (0x0078a633) x12 0x00000000
core   0: 0x8000a7a4 (0x00ab5d93) srli    s11, s6, 10
core   0: 3 0x8000a7a4 (0x00ab5d93) x27 0x00000000
core   0: 0x8000a7a8 (0x41ac5d93) srai    s11, s8, 26
core   0: 3 0x8000a7a8 (0x41ac5d93) x27 0xffffffff
core   0: 0x8000a7ac (0xcb309e17) auipc   t3, 0xcb309
core   0: 3 0x8000a7ac (0xcb309e17) x28 0x4b3137ac
core   0: 0x8000a7b0 (0x010997b3) sll     a5, s3, a6
core   0: 3 0x8000a7b0 (0x010997b3) x15 0x00000000
core   0: 0x8000a7b4 (0xeefbfc93) andi    s9, s7, -273
core   0: 3 0x8000a7b4 (0xeefbfc93) x25 0xfffffeee
core   0: 0x8000a7b8 (0x0106dd13) srli    s10, a3, 16
core   0: 3 0x8000a7b8 (0x0106dd13) x26 0x00000000
core   0: 0x8000a7bc (0x01055113) srli    sp, a0, 16
core   0: 3 0x8000a7bc (0x01055113) x 2 0x00008001
core   0: 0x8000a7c0 (0x00b83233) sltu    tp, a6, a1
core   0: 3 0x8000a7c0 (0x00b83233) x 4 0x00000001
core   0: 0x8000a7c4 (0x41685f93) srai    t6, a6, 22
core   0: 3 0x8000a7c4 (0x41685f93) x31 0x00000000
core   0: 0x8000a7c8 (0x0151beb3) sltu    t4, gp, s5
core   0: 3 0x8000a7c8 (0x0151beb3) x29 0x00000001
core   0: 0x8000a7cc (0x00000013) nop
core   0: 3 0x8000a7cc (0x00000013)
core   0: 0x8000a7d0 (0x012d3e33) sltu    t3, s10, s2
core   0: 3 0x8000a7d0 (0x012d3e33) x28 0x00000001
core   0: 0x8000a7d4 (0x001a9d93) slli    s11, s5, 1
core   0: 3 0x8000a7d4 (0x001a9d93) x27 0x004000a6
core   0: 0x8000a7d8 (0xb9751e17) auipc   t3, 0xb9751
core   0: 3 0x8000a7d8 (0xb9751e17) x28 0x3975b7d8
core   0: 0x8000a7dc (0xcc6eb2b7) lui     t0, 0xcc6eb
core   0: 3 0x8000a7dc (0xcc6eb2b7) x 5 0xcc6eb000
core   0: 0x8000a7e0 (0x01a95993) srli    s3, s2, 26
core   0: 3 0x8000a7e0 (0x01a95993) x19 0x0000003f
core   0: 0x8000a7e4 (0xeda52693) slti    a3, a0, -294
core   0: 3 0x8000a7e4 (0xeda52693) x13 0x00000001
core   0: 0x8000a7e8 (0x00000013) nop
core   0: 3 0x8000a7e8 (0x00000013)
core   0: 0x8000a7ec (0x001a9a93) slli    s5, s5, 1
core   0: 3 0x8000a7ec (0x001a9a93) x21 0x004000a6
core   0: 0x8000a7f0 (0x92e53097) auipc   ra, 0x92e53
core   0: 3 0x8000a7f0 (0x92e53097) x 1 0x12e5d7f0
core   0: 0x8000a7f4 (0x25bf0a93) addi    s5, t5, 603
core   0: 3 0x8000a7f4 (0x25bf0a93) x21 0x311f125b
core   0: 0x8000a7f8 (0x00db1733) sll     a4, s6, a3
core   0: 3 0x8000a7f8 (0x00db1733) x14 0x00000002
core   0: 0x8000a7fc (0xe18771b7) lui     gp, 0xe1877
core   0: 3 0x8000a7fc (0xe18771b7) x 3 0xe1877000
core   0: 0x8000a800 (0x008d8bb3) add     s7, s11, s0
core   0: 3 0x8000a800 (0x008d8bb3) x23 0x004000a4
core   0: 0x8000a804 (0x01989c93) slli    s9, a7, 25
core   0: 3 0x8000a804 (0x01989c93) x25 0x00000000
core   0: 0x8000a808 (0x002617b3) sll     a5, a2, sp
core   0: 3 0x8000a808 (0x002617b3) x15 0x00000000
core   0: 0x8000a80c (0x01ff8633) add     a2, t6, t6
core   0: 3 0x8000a80c (0x01ff8633) x12 0x00000000
core   0: 0x8000a810 (0xcb28a113) slti    sp, a7, -846
core   0: 3 0x8000a810 (0xcb28a113) x 2 0x00000000
core   0: 0x8000a814 (0x01e85b33) srl     s6, a6, t5
core   0: 3 0x8000a814 (0x01e85b33) x22 0x000000fe
core   0: 0x8000a818 (0x04657437) lui     s0, 0x4657
core   0: 3 0x8000a818 (0x04657437) x 8 0x04657000
core   0: 0x8000a81c (0xc119c393) xori    t2, s3, -1007
core   0: 3 0x8000a81c (0xc119c393) x 7 0xfffffc2e
core   0: 0x8000a820 (0x00d79413) slli    s0, a5, 13
core   0: 3 0x8000a820 (0x00d79413) x 8 0x00000000
core   0: 0x8000a824 (0x41865f93) srai    t6, a2, 24
core   0: 3 0x8000a824 (0x41865f93) x31 0x00000000
core   0: 0x8000a828 (0x4050d713) srai    a4, ra, 5
core   0: 3 0x8000a828 (0x4050d713) x14 0x00972ebf
core   0: 0x8000a82c (0x004e4433) xor     s0, t3, tp
core   0: 3 0x8000a82c (0x004e4433) x 8 0x3975b7d9
core   0: 0x8000a830 (0x3f70bf93) sltiu   t6, ra, 1015
core   0: 3 0x8000a830 (0x3f70bf93) x31 0x00000000
core   0: 0x8000a834 (0x01803bb3) snez    s7, s8
core   0: 3 0x8000a834 (0x01803bb3) x23 0x00000001
core   0: 0x8000a838 (0x0028ebb3) or      s7, a7, sp
core   0: 3 0x8000a838 (0x0028ebb3) x23 0x20000000
core   0: 0x8000a83c (0x578a0437) lui     s0, 0x578a0
core   0: 3 0x8000a83c (0x578a0437) x 8 0x578a0000
core   0: 0x8000a840 (0xdbef4293) xori    t0, t5, -578
core   0: 3 0x8000a840 (0xdbef4293) x 5 0xcee0edbe
core   0: 0x8000a844 (0x01e221b3) slt     gp, tp, t5
core   0: 3 0x8000a844 (0x01e221b3) x 3 0x00000001
core   0: 0x8000a848 (0x00000013) nop
core   0: 3 0x8000a848 (0x00000013)
core   0: 0x8000a84c (0x005a7fb3) and     t6, s4, t0
core   0: 3 0x8000a84c (0x005a7fb3) x31 0x00000004
core   0: 0x8000a850 (0x00cb1433) sll     s0, s6, a2
core   0: 3 0x8000a850 (0x00cb1433) x 8 0x000000fe
core   0: 0x8000a854 (0x016e90b3) sll     ra, t4, s6
core   0: 3 0x8000a854 (0x016e90b3) x 1 0x40000000
core   0: 0x8000a858 (0x41fd8333) sub     t1, s11, t6
core   0: 3 0x8000a858 (0x41fd8333) x 6 0x004000a2
core   0: 0x8000a85c (0xc9998613) addi    a2, s3, -871
core   0: 3 0x8000a85c (0xc9998613) x12 0xfffffcd8
core   0: 0x8000a860 (0x00776db3) or      s11, a4, t2
core   0: 3 0x8000a860 (0x00776db3) x27 0xfffffebf
core   0: 0x8000a864 (0x1727ed93) ori     s11, a5, 370
core   0: 3 0x8000a864 (0x1727ed93) x27 0x00000172
core   0: 0x8000a868 (0x40848e33) sub     t3, s1, s0
core   0: 3 0x8000a868 (0x40848e33) x28 0xffffff02
core   0: 0x8000a86c (0x40435e13) srai    t3, t1, 4
core   0: 3 0x8000a86c (0x40435e13) x28 0x0004000a
core   0: 0x8000a870 (0x4e64f213) andi    tp, s1, 1254
core   0: 3 0x8000a870 (0x4e64f213) x 4 0x00000000
core   0: 0x8000a874 (0x71f9a493) slti    s1, s3, 1823
core   0: 3 0x8000a874 (0x71f9a493) x 9 0x00000001
core   0: 0x8000a878 (0x00000013) nop
core   0: 3 0x8000a878 (0x00000013)
core   0: 0x8000a87c (0x3d093c93) sltiu   s9, s2, 976
core   0: 3 0x8000a87c (0x3d093c93) x25 0x00000000
core   0: 0x8000a880 (0x00000013) nop
core   0: 3 0x8000a880 (0x00000013)
core   0: 0x8000a884 (0x7ee47e37) lui     t3, 0x7ee47
core   0: 3 0x8000a884 (0x7ee47e37) x28 0x7ee47000
core   0: 0x8000a888 (0xd01d6e93) ori     t4, s10, -767
core   0: 3 0x8000a888 (0xd01d6e93) x29 0xfffffd01
core   0: 0x8000a88c (0x01ddb833) sltu    a6, s11, t4
core   0: 3 0x8000a88c (0x01ddb833) x16 0x00000001
core   0: 0x8000a890 (0x00000013) nop
core   0: 3 0x8000a890 (0x00000013)
core   0: 0x8000a894 (0x00bae133) or      sp, s5, a1
core   0: 3 0x8000a894 (0x00bae133) x 2 0xb11f1e7f
core   0: 0x8000a898 (0x00898133) add     sp, s3, s0
core   0: 3 0x8000a898 (0x00898133) x 2 0x0000013d
core   0: 0x8000a89c (0x01e99633) sll     a2, s3, t5
core   0: 3 0x8000a89c (0x01e99633) x12 0x0000003f
core   0: 0x8000a8a0 (0x00121193) slli    gp, tp, 1
core   0: 3 0x8000a8a0 (0x00121193) x 3 0x00000000
core   0: 0x8000a8a4 (0x01bbbcb3) sltu    s9, s7, s11
core   0: 3 0x8000a8a4 (0x01bbbcb3) x25 0x00000000
core   0: 0x8000a8a8 (0xac9a4413) xori    s0, s4, -1335
core   0: 3 0x8000a8a8 (0xac9a4413) x 8 0xcee0ea8c
core   0: 0x8000a8ac (0x00a738b3) sltu    a7, a4, a0
core   0: 3 0x8000a8ac (0x00a738b3) x17 0x00000001
core   0: 0x8000a8b0 (0x01728033) add     zero, t0, s7
core   0: 3 0x8000a8b0 (0x01728033)
core   0: 0x8000a8b4 (0xa8ff4f13) xori    t5, t5, -1393
core   0: 3 0x8000a8b4 (0xa8ff4f13) x30 0xcee0ea8f
core   0: 0x8000a8b8 (0x40ae87b3) sub     a5, t4, a0
core   0: 3 0x8000a8b8 (0x40ae87b3) x15 0x7ffeb01d
core   0: 0x8000a8bc (0x00a57a33) and     s4, a0, a0
core   0: 3 0x8000a8bc (0x00a57a33) x20 0x80014ce4
core   0: 0x8000a8c0 (0x01e91793) slli    a5, s2, 30
core   0: 3 0x8000a8c0 (0x01e91793) x15 0x00000000
core   0: 0x8000a8c4 (0x00012cb3) slt     s9, sp, zero
core   0: 3 0x8000a8c4 (0x00012cb3) x25 0x00000000
core   0: 0x8000a8c8 (0x2df92393) slti    t2, s2, 735
core   0: 3 0x8000a8c8 (0x2df92393) x 7 0x00000001
core   0: 0x8000a8cc (0x40ce8133) sub     sp, t4, a2
core   0: 3 0x8000a8cc (0x40ce8133) x 2 0xfffffcc2
core   0: 0x8000a8d0 (0xeecaa893) slti    a7, s5, -276
core   0: 3 0x8000a8d0 (0xeecaa893) x17 0x00000000
core   0: 0x8000a8d4 (0x011936b3) sltu    a3, s2, a7
core   0: 3 0x8000a8d4 (0x011936b3) x13 0x00000000
core   0: 0x8000a8d8 (0x5d7a4e37) lui     t3, 0x5d7a4
core   0: 3 0x8000a8d8 (0x5d7a4e37) x28 0x5d7a4000
core   0: 0x8000a8dc (0xc07aa893) slti    a7, s5, -1017
core   0: 3 0x8000a8dc (0xc07aa893) x17 0x00000000
core   0: 0x8000a8e0 (0x4150dcb3) sra     s9, ra, s5
core   0: 3 0x8000a8e0 (0x4150dcb3) x25 0x00000008
core   0: 0x8000a8e4 (0x00000013) nop
core   0: 3 0x8000a8e4 (0x00000013)
core   0: 0x8000a8e8 (0x01d36033) or      zero, t1, t4
core   0: 3 0x8000a8e8 (0x01d36033)
core   0: 0x8000a8ec (0x00000013) nop
core   0: 3 0x8000a8ec (0x00000013)
core   0: 0x8000a8f0 (0x012a48b3) xor     a7, s4, s2
core   0: 3 0x8000a8f0 (0x012a48b3) x17 0x7ffeb318
core   0: 0x8000a8f4 (0x016de633) or      a2, s11, s6
core   0: 3 0x8000a8f4 (0x016de633) x12 0x000001fe
core   0: 0x8000a8f8 (0x00b7a3b3) slt     t2, a5, a1
core   0: 3 0x8000a8f8 (0x00b7a3b3) x 7 0x00000000
core   0: 0x8000a8fc (0x01bd41b3) xor     gp, s10, s11
core   0: 3 0x8000a8fc (0x01bd41b3) x 3 0x00000172
core   0: 0x8000a900 (0x027fbfb7) lui     t6, 0x27fb
core   0: 3 0x8000a900 (0x027fbfb7) x31 0x027fb000
core   0: 0x8000a904 (0xee47ec93) ori     s9, a5, -284
core   0: 3 0x8000a904 (0xee47ec93) x25 0xfffffee4
core   0: 0x8000a908 (0x9d0bff93) andi    t6, s7, -1584
core   0: 3 0x8000a908 (0x9d0bff93) x31 0x20000000
core   0: 0x8000a90c (0x55d58d13) addi    s10, a1, 1373
core   0: 3 0x8000a90c (0x55d58d13) x26 0x800113c1
core   0: 0x8000a910 (0x00089093) slli    ra, a7, 0
core   0: 3 0x8000a910 (0x00089093) x 1 0x7ffeb318
core   0: 0x8000a914 (0x01ef6d33) or      s10, t5, t5
core   0: 3 0x8000a914 (0x01ef6d33) x26 0xcee0ea8f
core   0: 0x8000a918 (0x00000013) nop
core   0: 3 0x8000a918 (0x00000013)
core   0: 0x8000a91c (0x00d69413) slli    s0, a3, 13
core   0: 3 0x8000a91c (0x00d69413) x 8 0x00000000
core   0: 0x8000a920 (0x4009d313) srai    t1, s3, 0
core   0: 3 0x8000a920 (0x4009d313) x 6 0x0000003f
core   0: 0x8000a924 (0x00a4d813) srli    a6, s1, 10
core   0: 3 0x8000a924 (0x00a4d813) x16 0x00000000
core   0: 0x8000a928 (0x409ad813) srai    a6, s5, 9
core   0: 3 0x8000a928 (0x409ad813) x16 0x00188f89
core   0: 0x8000a92c (0x405f0433) sub     s0, t5, t0
core   0: 3 0x8000a92c (0x405f0433) x 8 0xfffffcd1
core   0: 0x8000a930 (0x00c49e93) slli    t4, s1, 12
core   0: 3 0x8000a930 (0x00c49e93) x29 0x00001000
core   0: 0x8000a934 (0x0b7db113) sltiu   sp, s11, 183
core   0: 3 0x8000a934 (0x0b7db113) x 2 0x00000000
core   0: 0x8000a938 (0x3e177013) andi    zero, a4, 993
core   0: 3 0x8000a938 (0x3e177013)
core   0: 0x8000a93c (0x00da46b3) xor     a3, s4, a3
core   0: 3 0x8000a93c (0x00da46b3) x13 0x80014ce4
core   0: 0x8000a940 (0x44130f13) addi    t5, t1, 1089
core   0: 3 0x8000a940 (0x44130f13) x30 0x00000480
core   0: 0x8000a944 (0x0055d393) srli    t2, a1, 5
core   0: 3 0x8000a944 (0x0055d393) x 7 0x04000873
core   0: 0x8000a948 (0xbfdce193) ori     gp, s9, -1027
core   0: 3 0x8000a948 (0xbfdce193) x 3 0xfffffffd
core   0: 0x8000a94c (0x57eeea93) ori     s5, t4, 1406
core   0: 3 0x8000a94c (0x57eeea93) x21 0x0000157e
core   0: 0x8000a950 (0x00ea5333) srl     t1, s4, a4
core   0: 3 0x8000a950 (0x00ea5333) x 6 0x00000001
core   0: 0x8000a954 (0x01176d33) or      s10, a4, a7
core   0: 3 0x8000a954 (0x01176d33) x26 0x7fffbfbf
core   0: 0x8000a958 (0x24d03d13) sltiu   s10, zero, 589
core   0: 3 0x8000a958 (0x24d03d13) x26 0x00000001
core   0: 0x8000a95c (0x01a106b3) add     a3, sp, s10
core   0: 3 0x8000a95c (0x01a106b3) x13 0x00000001
core   0: 0x8000a960 (0x001ecd33) xor     s10, t4, ra
core   0: 3 0x8000a960 (0x001ecd33) x26 0x7ffea318
core   0: 0x8000a964 (0x57827a93) andi    s5, tp, 1400
core   0: 3 0x8000a964 (0x57827a93) x21 0x00000000
core   0: 0x8000a968 (0x00f91db3) sll     s11, s2, a5
core   0: 3 0x8000a968 (0x00f91db3) x27 0xfffffffc
core   0: 0x8000a96c (0x01997033) and     zero, s2, s9
core   0: 3 0x8000a96c (0x01997033)
core   0: 0x8000a970 (0x0067c133) xor     sp, a5, t1
core   0: 3 0x8000a970 (0x0067c133) x 2 0x00000001
core   0: 0x8000a974 (0x00b42db3) slt     s11, s0, a1
core   0: 3 0x8000a974 (0x00b42db3) x27 0x00000000
core   0: 0x8000a978 (0x004a9f93) slli    t6, s5, 4
core   0: 3 0x8000a978 (0x004a9f93) x31 0x00000000
core   0: 0x8000a97c (0x53547b13) andi    s6, s0, 1333
core   0: 3 0x8000a97c (0x53547b13) x22 0x00000411
core   0: 0x8000a980 (0x01d9ad33) slt     s10, s3, t4
core   0: 3 0x8000a980 (0x01d9ad33) x26 0x00000001
core   0: 0x8000a984 (0x014c7d33) and     s10, s8, s4
core   0: 3 0x8000a984 (0x014c7d33) x26 0x80004c24
core   0: 0x8000a988 (0xb68f8097) auipc   ra, 0xb68f8
core   0: 3 0x8000a988 (0xb68f8097) x 1 0x36902988
core   0: 0x8000a98c (0x5e649d37) lui     s10, 0x5e649
core   0: 3 0x8000a98c (0x5e649d37) x26 0x5e649000
core   0: 0x8000a990 (0x0197c733) xor     a4, a5, s9
core   0: 3 0x8000a990 (0x0197c733) x14 0xfffffee4
core   0: 0x8000a994 (0x009bdcb3) srl     s9, s7, s1
core   0: 3 0x8000a994 (0x009bdcb3) x25 0x10000000
core   0: 0x8000a998 (0x018dacb3) slt     s9, s11, s8
core   0: 3 0x8000a998 (0x018dacb3) x25 0x00000000
core   0: 0x8000a99c (0x400c5b13) srai    s6, s8, 0
core   0: 3 0x8000a99c (0x400c5b13) x22 0xffc27e3f
core   0: 0x8000a9a0 (0x692bf493) andi    s1, s7, 1682
core   0: 3 0x8000a9a0 (0x692bf493) x 9 0x00000000
core   0: 0x8000a9a4 (0x27667d13) andi    s10, a2, 630
core   0: 3 0x8000a9a4 (0x27667d13) x26 0x00000076
core   0: 0x8000a9a8 (0x0113dfb3) srl     t6, t2, a7
core   0: 3 0x8000a9a8 (0x0113dfb3) x31 0x00000004
core   0: 0x8000a9ac (0xf340c493) xori    s1, ra, -204
core   0: 3 0x8000a9ac (0xf340c493) x 9 0xc96fd6bc
core   0: 0x8000a9b0 (0x6499b037) lui     zero, 0x6499b
core   0: 3 0x8000a9b0 (0x6499b037)
core   0: 0x8000a9b4 (0x00000013) nop
core   0: 3 0x8000a9b4 (0x00000013)
core   0: 0x8000a9b8 (0x006e63b3) or      t2, t3, t1
core   0: 3 0x8000a9b8 (0x006e63b3) x 7 0x5d7a4001
core   0: 0x8000a9bc (0x41b98633) sub     a2, s3, s11
core   0: 3 0x8000a9bc (0x41b98633) x12 0x0000003f
core   0: 0x8000a9c0 (0xd4318c93) addi    s9, gp, -701
core   0: 3 0x8000a9c0 (0xd4318c93) x25 0xfffffd40
core   0: 0x8000a9c4 (0x01d76333) or      t1, a4, t4
core   0: 3 0x8000a9c4 (0x01d76333) x 6 0xfffffee4
core   0: 0x8000a9c8 (0x01cd4133) xor     sp, s10, t3
core   0: 3 0x8000a9c8 (0x01cd4133) x 2 0x5d7a4076
core   0: 0x8000a9cc (0x003ab2b3) sltu    t0, s5, gp
core   0: 3 0x8000a9cc (0x003ab2b3) x 5 0x00000001
core   0: 0x8000a9d0 (0x4081d2b3) sra     t0, gp, s0
core   0: 3 0x8000a9d0 (0x4081d2b3) x 5 0xffffffff
core   0: 0x8000a9d4 (0x7c926613) ori     a2, tp, 1993
core   0: 3 0x8000a9d4 (0x7c926613) x12 0x000007c9
core   0: 0x8000a9d8 (0xe0c1fe93) andi    t4, gp, -500
core   0: 3 0x8000a9d8 (0xe0c1fe93) x29 0xfffffe0c
core   0: 0x8000a9dc (0x01ad7633) and     a2, s10, s10
core   0: 3 0x8000a9dc (0x01ad7633) x12 0x00000076
core   0: 0x8000a9e0 (0x01bfdf33) srl     t5, t6, s11
core   0: 3 0x8000a9e0 (0x01bfdf33) x30 0x00000004
core   0: 0x8000a9e4 (0x00011133) sll     sp, sp, zero
core   0: 3 0x8000a9e4 (0x00011133) x 2 0x5d7a4076
core   0: 0x8000a9e8 (0x00a41b33) sll     s6, s0, a0
core   0: 3 0x8000a9e8 (0x00a41b33) x22 0xffffcd10
core   0: 0x8000a9ec (0xe8766d93) ori     s11, a2, -377
core   0: 3 0x8000a9ec (0xe8766d93) x27 0xfffffef7
core   0: 0x8000a9f0 (0x01415233) srl     tp, sp, s4
core   0: 3 0x8000a9f0 (0x01415233) x 4 0x05d7a407
core   0: 0x8000a9f4 (0x019e89b3) add     s3, t4, s9
core   0: 3 0x8000a9f4 (0x019e89b3) x19 0xfffffb4c
core   0: 0x8000a9f8 (0x48737697) auipc   a3, 0x48737
core   0: 3 0x8000a9f8 (0x48737697) x13 0xc87419f8
core   0: 0x8000a9fc (0x417a5233) sra     tp, s4, s7
core   0: 3 0x8000a9fc (0x417a5233) x 4 0x80014ce4
core   0: 0x8000aa00 (0x00089813) slli    a6, a7, 0
core   0: 3 0x8000aa00 (0x00089813) x16 0x7ffeb318
core   0: 0x8000aa04 (0x402e5fb3) sra     t6, t3, sp
core   0: 3 0x8000aa04 (0x402e5fb3) x31 0x00000175
core   0: 0x8000aa08 (0x3840a913) slti    s2, ra, 900
core   0: 3 0x8000aa08 (0x3840a913) x18 0x00000000
core   0: 0x8000aa0c (0x013b9b93) slli    s7, s7, 19
core   0: 3 0x8000aa0c (0x013b9b93) x23 0x00000000
core   0: 0x8000aa10 (0x00e86333) or      t1, a6, a4
core   0: 3 0x8000aa10 (0x00e86333) x 6 0xfffffffc
core   0: 0x8000aa14 (0x00f6c3b3) xor     t2, a3, a5
core   0: 3 0x8000aa14 (0x00f6c3b3) x 7 0xc87419f8
core   0: 0x8000aa18 (0x85f1f413) andi    s0, gp, -1953
core   0: 3 0x8000aa18 (0x85f1f413) x 8 0xfffff85d
core   0: 0x8000aa1c (0x0192ddb3) srl     s11, t0, s9
core   0: 3 0x8000aa1c (0x0192ddb3) x27 0xffffffff
core   0: 0x8000aa20 (0x01f29393) slli    t2, t0, 31
core   0: 3 0x8000aa20 (0x01f29393) x 7 0x80000000
core   0: 0x8000aa24 (0x400ed013) srai    zero, t4, 0
core   0: 3 0x8000aa24 (0x400ed013)
core   0: 0x8000aa28 (0x4d26b413) sltiu   s0, a3, 1234
core   0: 3 0x8000aa28 (0x4d26b413) x 8 0x00000000
core   0: 0x8000aa2c (0x0155cbb3) xor     s7, a1, s5
core   0: 3 0x8000aa2c (0x0155cbb3) x23 0x80010e64
core   0: 0x8000aa30 (0x005294b3) sll     s1, t0, t0
core   0: 3 0x8000aa30 (0x005294b3) x 9 0x80000000
core   0: 0x8000aa34 (0x414e0b33) sub     s6, t3, s4
core   0: 3 0x8000aa34 (0x414e0b33) x22 0xdd78f31c
core   0: 0x8000aa38 (0x007dba33) sltu    s4, s11, t2
core   0: 3 0x8000aa38 (0x007dba33) x20 0x00000000
core   0: 0x8000aa3c (0x6d8a3f13) sltiu   t5, s4, 1752
core   0: 3 0x8000aa3c (0x6d8a3f13) x30 0x00000001
core   0: 0x8000aa40 (0x01421233) sll     tp, tp, s4
core   0: 3 0x8000aa40 (0x01421233) x 4 0x80014ce4
core   0: 0x8000aa44 (0x730ea113) slti    sp, t4, 1840
core   0: 3 0x8000aa44 (0x730ea113) x 2 0x00000001
core   0: 0x8000aa48 (0x01485bb3) srl     s7, a6, s4
core   0: 3 0x8000aa48 (0x01485bb3) x23 0x7ffeb318
core   0: 0x8000aa4c (0x87b8a993) slti    s3, a7, -1925
core   0: 3 0x8000aa4c (0x87b8a993) x19 0x00000000
core   0: 0x8000aa50 (0x018a6733) or      a4, s4, s8
core   0: 3 0x8000aa50 (0x018a6733) x14 0xffc27e3f
core   0: 0x8000aa54 (0x4140d633) sra     a2, ra, s4
core   0: 3 0x8000aa54 (0x4140d633) x12 0x36902988
core   0: 0x8000aa58 (0xa9cb8b13) addi    s6, s7, -1380
core   0: 3 0x8000aa58 (0xa9cb8b13) x22 0x7ffeadb4
core   0: 0x8000aa5c (0x91d18013) addi    zero, gp, -1763
core   0: 3 0x8000aa5c (0x91d18013)
core   0: 0x8000aa60 (0x7411a193) slti    gp, gp, 1857
core   0: 3 0x8000aa60 (0x7411a193) x 3 0x00000001
core   0: 0x8000aa64 (0x0100b333) sltu    t1, ra, a6
core   0: 3 0x8000aa64 (0x0100b333) x 6 0x00000001
core   0: 0x8000aa68 (0x01b22633) slt     a2, tp, s11
core   0: 3 0x8000aa68 (0x01b22633) x12 0x00000001
core   0: 0x8000aa6c (0x0006f1b3) and     gp, a3, zero
core   0: 3 0x8000aa6c (0x0006f1b3) x 3 0x00000000
core   0: 0x8000aa70 (0x0049ab33) slt     s6, s3, tp
core   0: 3 0x8000aa70 (0x0049ab33) x22 0x00000000
core   0: 0x8000aa74 (0x40e30033) sub     zero, t1, a4
core   0: 3 0x8000aa74 (0x40e30033)
core   0: 0x8000aa78 (0x41850a33) sub     s4, a0, s8
core   0: 3 0x8000aa78 (0x41850a33) x20 0x803ecea5
core   0: 0x8000aa7c (0x40195e13) srai    t3, s2, 1
core   0: 3 0x8000aa7c (0x40195e13) x28 0x00000000
core   0: 0x8000aa80 (0x4275b493) sltiu   s1, a1, 1063
core   0: 3 0x8000aa80 (0x4275b493) x 9 0x00000000
core   0: 0x8000aa84 (0x855a3793) sltiu   a5, s4, -1963
core   0: 3 0x8000aa84 (0x855a3793) x15 0x00000001
core   0: 0x8000aa88 (0xed0fe413) ori     s0, t6, -304
core   0: 3 0x8000aa88 (0xed0fe413) x 8 0xfffffff5
core   0: 0x8000aa8c (0xc67ab497) auipc   s1, 0xc67ab
core   0: 3 0x8000aa8c (0xc67ab497) x 9 0x467b5a8c
core   0: 0x8000aa90 (0x00a55713) srli    a4, a0, 10
core   0: 3 0x8000aa90 (0x00a55713) x14 0x00200053
core   0: 0x8000aa94 (0x00034f33) xor     t5, t1, zero
core   0: 3 0x8000aa94 (0x00034f33) x30 0x00000001
core   0: 0x8000aa98 (0x002fabb3) slt     s7, t6, sp
core   0: 3 0x8000aa98 (0x002fabb3) x23 0x00000000
core   0: 0x8000aa9c (0x0136acb3) slt     s9, a3, s3
core   0: 3 0x8000aa9c (0x0136acb3) x25 0x00000001
core   0: 0x8000aaa0 (0x00f7c633) xor     a2, a5, a5
core   0: 3 0x8000aaa0 (0x00f7c633) x12 0x00000000
core   0: 0x8000aaa4 (0x0091c2b3) xor     t0, gp, s1
core   0: 3 0x8000aaa4 (0x0091c2b3) x 5 0x467b5a8c
core   0: 0x8000aaa8 (0x010e2eb3) slt     t4, t3, a6
core   0: 3 0x8000aaa8 (0x010e2eb3) x29 0x00000001
core   0: 0x8000aaac (0x01278d33) add     s10, a5, s2
core   0: 3 0x8000aaac (0x01278d33) x26 0x00000001
core   0: 0x8000aab0 (0x015bfe33) and     t3, s7, s5
core   0: 3 0x8000aab0 (0x015bfe33) x28 0x00000000
core   0: 0x8000aab4 (0x9ef7a313) slti    t1, a5, -1553
core   0: 3 0x8000aab4 (0x9ef7a313) x 6 0x00000000
core   0: 0x8000aab8 (0x29a7c793) xori    a5, a5, 666
core   0: 3 0x8000aab8 (0x29a7c793) x15 0x0000029b
core   0: 0x8000aabc (0x40505c93) srai    s9, zero, 5
core   0: 3 0x8000aabc (0x40505c93) x25 0x00000000
core   0: 0x8000aac0 (0x00000013) nop
core   0: 3 0x8000aac0 (0x00000013)
core   0: 0x8000aac4 (0x0190c033) xor     zero, ra, s9
core   0: 3 0x8000aac4 (0x0190c033)
core   0: 0x8000aac8 (0x3ab17a97) auipc   s5, 0x3ab17
core   0: 3 0x8000aac8 (0x3ab17a97) x21 0xbab21ac8
core   0: 0x8000aacc (0x4136da93) srai    s5, a3, 19
core   0: 3 0x8000aacc (0x4136da93) x21 0xfffff90e
core   0: 0x8000aad0 (0x87734037) lui     zero, 0x87734
core   0: 3 0x8000aad0 (0x87734037)
core   0: 0x8000aad4 (0x01471f33) sll     t5, a4, s4
core   0: 3 0x8000aad4 (0x01471f33) x30 0x04000a60
core   0: 0x8000aad8 (0xa37c5f17) auipc   t5, 0xa37c5
core   0: 3 0x8000aad8 (0xa37c5f17) x30 0x237cfad8
core   0: 0x8000aadc (0x41900d33) sub     s10, zero, s9
core   0: 3 0x8000aadc (0x41900d33) x26 0x00000000
core   0: 0x8000aae0 (0xeb942d13) slti    s10, s0, -327
core   0: 3 0x8000aae0 (0xeb942d13) x26 0x00000000
core   0: 0x8000aae4 (0x799f4db7) lui     s11, 0x799f4
core   0: 3 0x8000aae4 (0x799f4db7) x27 0x799f4000
core   0: 0x8000aae8 (0x3516db17) auipc   s6, 0x3516d
core   0: 3 0x8000aae8 (0x3516db17) x22 0xb5177ae8
core   0: 0x8000aaec (0x40eddd93) srai    s11, s11, 14
core   0: 3 0x8000aaec (0x40eddd93) x27 0x0001e67d
core   0: 0x8000aaf0 (0x005b5193) srli    gp, s6, 5
core   0: 3 0x8000aaf0 (0x005b5193) x 3 0x05a8bbd7
core   0: 0x8000aaf4 (0x857f4213) xori    tp, t5, -1961
core   0: 3 0x8000aaf4 (0x857f4213) x 4 0xdc83028f
core   0: 0x8000aaf8 (0x9bbd2b93) slti    s7, s10, -1605
core   0: 3 0x8000aaf8 (0x9bbd2b93) x23 0x00000000
core   0: 0x8000aafc (0x01640333) add     t1, s0, s6
core   0: 3 0x8000aafc (0x01640333) x 6 0xb5177add
core   0: 0x8000ab00 (0x41f9db33) sra     s6, s3, t6
core   0: 3 0x8000ab00 (0x41f9db33) x22 0x00000000
core   0: 0x8000ab04 (0x003ed213) srli    tp, t4, 3
core   0: 3 0x8000ab04 (0x003ed213) x 4 0x00000000
core   0: 0x8000ab08 (0x00c25ab3) srl     s5, tp, a2
core   0: 3 0x8000ab08 (0x00c25ab3) x21 0x00000000
core   0: 0x8000ab0c (0x016ef8b3) and     a7, t4, s6
core   0: 3 0x8000ab0c (0x016ef8b3) x17 0x00000000
core   0: 0x8000ab10 (0x1e068b13) addi    s6, a3, 480
core   0: 3 0x8000ab10 (0x1e068b13) x22 0xc8741bd8
core   0: 0x8000ab14 (0x41e45e33) sra     t3, s0, t5
core   0: 3 0x8000ab14 (0x41e45e33) x28 0xffffffff
core   0: 0x8000ab18 (0x41780d33) sub     s10, a6, s7
core   0: 3 0x8000ab18 (0x41780d33) x26 0x7ffeb318
core   0: 0x8000ab1c (0x017df633) and     a2, s11, s7
core   0: 3 0x8000ab1c (0x017df633) x12 0x00000000
core   0: 0x8000ab20 (0x014cdf13) srli    t5, s9, 20
core   0: 3 0x8000ab20 (0x014cdf13) x30 0x00000000
core   0: 0x8000ab24 (0x00f2f133) and     sp, t0, a5
core   0: 3 0x8000ab24 (0x00f2f133) x 2 0x00000288
core   0: 0x8000ab28 (0x00ae43b3) xor     t2, t3, a0
core   0: 3 0x8000ab28 (0x00ae43b3) x 7 0x7ffeb31b
core   0: 0x8000ab2c (0x416d8fb3) sub     t6, s11, s6
core   0: 3 0x8000ab2c (0x416d8fb3) x31 0x378dcaa5
core   0: 0x8000ab30 (0x0103c933) xor     s2, t2, a6
core   0: 3 0x8000ab30 (0x0103c933) x18 0x00000003
core   0: 0x8000ab34 (0x019bb033) sltu    zero, s7, s9
core   0: 3 0x8000ab34 (0x019bb033)
core   0: 0x8000ab38 (0x008fcd33) xor     s10, t6, s0
core   0: 3 0x8000ab38 (0x008fcd33) x26 0xc8723550
core   0: 0x8000ab3c (0x67be7193) andi    gp, t3, 1659
core   0: 3 0x8000ab3c (0x67be7193) x 3 0x0000067b
core   0: 0x8000ab40 (0x00cac933) xor     s2, s5, a2
core   0: 3 0x8000ab40 (0x00cac933) x18 0x00000000
core   0: 0x8000ab44 (0x41075bb3) sra     s7, a4, a6
core   0: 3 0x8000ab44 (0x41075bb3) x23 0x00000000
core   0: 0x8000ab48 (0x00000013) nop
core   0: 3 0x8000ab48 (0x00000013)
core   0: 0x8000ab4c (0xb3e40413) addi    s0, s0, -1218
core   0: 3 0x8000ab4c (0xb3e40413) x 8 0xfffffb33
core   0: 0x8000ab50 (0x41ecd933) sra     s2, s9, t5
core   0: 3 0x8000ab50 (0x41ecd933) x18 0x00000000
core   0: 0x8000ab54 (0x008eca33) xor     s4, t4, s0
core   0: 3 0x8000ab54 (0x008eca33) x20 0xfffffb32
core   0: 0x8000ab58 (0x411d5433) sra     s0, s10, a7
core   0: 3 0x8000ab58 (0x411d5433) x 8 0xc8723550
core   0: 0x8000ab5c (0x0480b2b7) lui     t0, 0x480b
core   0: 3 0x8000ab5c (0x0480b2b7) x 5 0x0480b000
core   0: 0x8000ab60 (0x415a0433) sub     s0, s4, s5
core   0: 3 0x8000ab60 (0x415a0433) x 8 0xfffffb32
core   0: 0x8000ab64 (0x01ddd293) srli    t0, s11, 29
core   0: 3 0x8000ab64 (0x01ddd293) x 5 0x00000000
core   0: 0x8000ab68 (0x01b2fbb3) and     s7, t0, s11
core   0: 3 0x8000ab68 (0x01b2fbb3) x23 0x00000000
core   0: 0x8000ab6c (0xc4a5fe13) andi    t3, a1, -950
core   0: 3 0x8000ab6c (0xc4a5fe13) x28 0x80010c40
core   0: 0x8000ab70 (0x2c92bb13) sltiu   s6, t0, 713
core   0: 3 0x8000ab70 (0x2c92bb13) x22 0x00000001
core   0: 0x8000ab74 (0x412382b3) sub     t0, t2, s2
core   0: 3 0x8000ab74 (0x412382b3) x 5 0x7ffeb31b
core   0: 0x8000ab78 (0x00d46b33) or      s6, s0, a3
core   0: 3 0x8000ab78 (0x00d46b33) x22 0xfffffbfa
core   0: 0x8000ab7c (0xd0fde113) ori     sp, s11, -753
core   0: 3 0x8000ab7c (0xd0fde113) x 2 0xffffff7f
core   0: 0x8000ab80 (0x018c0433) add     s0, s8, s8
core   0: 3 0x8000ab80 (0x018c0433) x 8 0xff84fc7e
core   0: 0x8000ab84 (0xc0d76913) ori     s2, a4, -1011
core   0: 3 0x8000ab84 (0xc0d76913) x18 0xfffffc5f
core   0: 0x8000ab88 (0xd732e337) lui     t1, 0xd732e
core   0: 3 0x8000ab88 (0xd732e337) x 6 0xd732e000
core   0: 0x8000ab8c (0x41390fb3) sub     t6, s2, s3
core   0: 3 0x8000ab8c (0x41390fb3) x31 0xfffffc5f
core   0: 0x8000ab90 (0x4148d1b3) sra     gp, a7, s4
core   0: 3 0x8000ab90 (0x4148d1b3) x 3 0x00000000
core   0: 0x8000ab94 (0x6a564bb7) lui     s7, 0x6a564
core   0: 3 0x8000ab94 (0x6a564bb7) x23 0x6a564000
core   0: 0x8000ab98 (0x41508cb3) sub     s9, ra, s5
core   0: 3 0x8000ab98 (0x41508cb3) x25 0x36902988
core   0: 0x8000ab9c (0x00021733) sll     a4, tp, zero
core   0: 3 0x8000ab9c (0x00021733) x14 0x00000000
core   0: 0x8000aba0 (0x00db6d33) or      s10, s6, a3
core   0: 3 0x8000aba0 (0x00db6d33) x26 0xfffffbfa
core   0: 0x8000aba4 (0x2c3f6493) ori     s1, t5, 707
core   0: 3 0x8000aba4 (0x2c3f6493) x 9 0x000002c3
core   0: 0x8000aba8 (0xb8e20c93) addi    s9, tp, -1138
core   0: 3 0x8000aba8 (0xb8e20c93) x25 0xfffffb8e
core   0: 0x8000abac (0xef5eff13) andi    t5, t4, -267
core   0: 3 0x8000abac (0xef5eff13) x30 0x00000001
core   0: 0x8000abb0 (0x3d74f413) andi    s0, s1, 983
core   0: 3 0x8000abb0 (0x3d74f413) x 8 0x000002c3
core   0: 0x8000abb4 (0x00000013) nop
core   0: 3 0x8000abb4 (0x00000013)
core   0: 0x8000abb8 (0x013b0eb3) add     t4, s6, s3
core   0: 3 0x8000abb8 (0x013b0eb3) x29 0xfffffbfa
core   0: 0x8000abbc (0x00000013) nop
core   0: 3 0x8000abbc (0x00000013)
core   0: 0x8000abc0 (0x393dca13) xori    s4, s11, 915
core   0: 3 0x8000abc0 (0x393dca13) x20 0x0001e5ee
core   0: 0x8000abc4 (0x01f16d33) or      s10, sp, t6
core   0: 3 0x8000abc4 (0x01f16d33) x26 0xffffff7f
core   0: 0x8000abc8 (0x4167d2b3) sra     t0, a5, s6
core   0: 3 0x8000abc8 (0x4167d2b3) x 5 0x00000000
core   0: 0x8000abcc (0x0011cab3) xor     s5, gp, ra
core   0: 3 0x8000abcc (0x0011cab3) x21 0x36902988
core   0: 0x8000abd0 (0x002a7633) and     a2, s4, sp
core   0: 3 0x8000abd0 (0x002a7633) x12 0x0001e56e
core   0: 0x8000abd4 (0x001f4b33) xor     s6, t5, ra
core   0: 3 0x8000abd4 (0x001f4b33) x22 0x36902989
core   0: 0x8000abd8 (0x017f59b3) srl     s3, t5, s7
core   0: 3 0x8000abd8 (0x017f59b3) x19 0x00000001
core   0: 0x8000abdc (0xdf29a113) slti    sp, s3, -526
core   0: 3 0x8000abdc (0xdf29a113) x 2 0x00000000
core   0: 0x8000abe0 (0x01851f13) slli    t5, a0, 24
core   0: 3 0x8000abe0 (0x01851f13) x30 0xe4000000
core   0: 0x8000abe4 (0x495b1097) auipc   ra, 0x495b1
core   0: 3 0x8000abe4 (0x495b1097) x 1 0xc95bbbe4
core   0: 0x8000abe8 (0x2957c793) xori    a5, a5, 661
core   0: 3 0x8000abe8 (0x2957c793) x15 0x0000000e
core   0: 0x8000abec (0x00000013) nop
core   0: 3 0x8000abec (0x00000013)
core   0: 0x8000abf0 (0x008059b3) srl     s3, zero, s0
core   0: 3 0x8000abf0 (0x008059b3) x19 0x00000000
core   0: 0x8000abf4 (0x00375b33) srl     s6, a4, gp
core   0: 3 0x8000abf4 (0x00375b33) x22 0x00000000
core   0: 0x8000abf8 (0x40e40433) sub     s0, s0, a4
core   0: 3 0x8000abf8 (0x40e40433) x 8 0x000002c3
core   0: 0x8000abfc (0x40ec0e33) sub     t3, s8, a4
core   0: 3 0x8000abfc (0x40ec0e33) x28 0xffc27e3f
core   0: 0x8000ac00 (0x473d7797) auipc   a5, 0x473d7
core   0: 3 0x8000ac00 (0x473d7797) x15 0xc73e1c00
core   0: 0x8000ac04 (0x17c6b713) sltiu   a4, a3, 380
core   0: 3 0x8000ac04 (0x17c6b713) x14 0x00000000
core   0: 0x8000ac08 (0x7ec6a013) slti    zero, a3, 2028
core   0: 3 0x8000ac08 (0x7ec6a013)
core   0: 0x8000ac0c (0x006c9493) slli    s1, s9, 6
core   0: 3 0x8000ac0c (0x006c9493) x 9 0xfffee380
core   0: 0x8000ac10 (0x000c3233) sltu    tp, s8, zero
core   0: 3 0x8000ac10 (0x000c3233) x 4 0x00000000
core   0: 0x8000ac14 (0xc70ea717) auipc   a4, 0xc70ea
core   0: 3 0x8000ac14 (0xc70ea717) x14 0x470f4c14
core   0: 0x8000ac18 (0x00000013) nop
core   0: 3 0x8000ac18 (0x00000013)
core   0: 0x8000ac1c (0x41ded433) sra     s0, t4, t4
core   0: 3 0x8000ac1c (0x41ded433) x 8 0xffffffff
core   0: 0x8000ac20 (0x4079d733) sra     a4, s3, t2
core   0: 3 0x8000ac20 (0x4079d733) x14 0x00000000
core   0: 0x8000ac24 (0x00398a33) add     s4, s3, gp
core   0: 3 0x8000ac24 (0x00398a33) x20 0x00000000
core   0: 0x8000ac28 (0x3fb8f793) andi    a5, a7, 1019
core   0: 3 0x8000ac28 (0x3fb8f793) x15 0x00000000
core   0: 0x8000ac2c (0x00b67d33) and     s10, a2, a1
core   0: 3 0x8000ac2c (0x00b67d33) x26 0x00010464
core   0: 0x8000ac30 (0x0190eeb3) or      t4, ra, s9
core   0: 3 0x8000ac30 (0x0190eeb3) x29 0xfffffbee
core   0: 0x8000ac34 (0xdadaee37) lui     t3, 0xdadae
core   0: 3 0x8000ac34 (0xdadaee37) x28 0xdadae000
core   0: 0x8000ac38 (0x019343b3) xor     t2, t1, s9
core   0: 3 0x8000ac38 (0x019343b3) x 7 0x28cd1b8e
core   0: 0x8000ac3c (0xe2922093) slti    ra, tp, -471
core   0: 3 0x8000ac3c (0xe2922093) x 1 0x00000000
core   0: 0x8000ac40 (0x20744693) xori    a3, s0, 519
core   0: 3 0x8000ac40 (0x20744693) x13 0xfffffdf8
core   0: 0x8000ac44 (0x009d5313) srli    t1, s10, 9
core   0: 3 0x8000ac44 (0x009d5313) x 6 0x00000082
core   0: 0x8000ac48 (0xbfef3d17) auipc   s10, 0xbfef3
core   0: 3 0x8000ac48 (0xbfef3d17) x26 0x3fefdc48
core   0: 0x8000ac4c (0x4a893e13) sltiu   t3, s2, 1192
core   0: 3 0x8000ac4c (0x4a893e13) x28 0x00000000
core   0: 0x8000ac50 (0x0129a2b3) slt     t0, s3, s2
core   0: 3 0x8000ac50 (0x0129a2b3) x 5 0x00000000
core   0: 0x8000ac54 (0x01233d33) sltu    s10, t1, s2
core   0: 3 0x8000ac54 (0x01233d33) x26 0x00000001
core   0: 0x8000ac58 (0x0179e0b3) or      ra, s3, s7
core   0: 3 0x8000ac58 (0x0179e0b3) x 1 0x6a564000
core   0: 0x8000ac5c (0x01ebd213) srli    tp, s7, 30
core   0: 3 0x8000ac5c (0x01ebd213) x 4 0x00000001
core   0: 0x8000ac60 (0x013afdb3) and     s11, s5, s3
core   0: 3 0x8000ac60 (0x013afdb3) x27 0x00000000
core   0: 0x8000ac64 (0x4057df93) srai    t6, a5, 5
core   0: 3 0x8000ac64 (0x4057df93) x31 0x00000000
core   0: 0x8000ac68 (0x01e680b3) add     ra, a3, t5
core   0: 3 0x8000ac68 (0x01e680b3) x 1 0xe3fffdf8
core   0: 0x8000ac6c (0x08adb793) sltiu   a5, s11, 138
core   0: 3 0x8000ac6c (0x08adb793) x15 0x00000001
core   0: 0x8000ac70 (0x00e0a133) slt     sp, ra, a4
core   0: 3 0x8000ac70 (0x00e0a133) x 2 0x00000001
core   0: 0x8000ac74 (0x1b68b293) sltiu   t0, a7, 438
core   0: 3 0x8000ac74 (0x1b68b293) x 5 0x00000001
core   0: 0x8000ac78 (0x4182d933) sra     s2, t0, s8
core   0: 3 0x8000ac78 (0x4182d933) x18 0x00000000
core   0: 0x8000ac7c (0x4116d8b3) sra     a7, a3, a7
core   0: 3 0x8000ac7c (0x4116d8b3) x17 0xfffffdf8
core   0: 0x8000ac80 (0x1cab3317) auipc   t1, 0x1cab3
core   0: 3 0x8000ac80 (0x1cab3317) x 6 0x9cabdc80
core   0: 0x8000ac84 (0x7fb87a93) andi    s5, a6, 2043
core   0: 3 0x8000ac84 (0x7fb87a93) x21 0x00000318
core   0: 0x8000ac88 (0x01af2bb3) slt     s7, t5, s10
core   0: 3 0x8000ac88 (0x01af2bb3) x23 0x00000001
core   0: 0x8000ac8c (0x018fea33) or      s4, t6, s8
core   0: 3 0x8000ac8c (0x018fea33) x20 0xffc27e3f
core   0: 0x8000ac90 (0x01f1c4b3) xor     s1, gp, t6
core   0: 3 0x8000ac90 (0x01f1c4b3) x 9 0x00000000
core   0: 0x8000ac94 (0x002c74b3) and     s1, s8, sp
core   0: 3 0x8000ac94 (0x002c74b3) x 9 0x00000001
core   0: 0x8000ac98 (0x00000013) nop
core   0: 3 0x8000ac98 (0x00000013)
core   0: 0x8000ac9c (0x01ff9433) sll     s0, t6, t6
core   0: 3 0x8000ac9c (0x01ff9433) x 8 0x00000000
core   0: 0x8000aca0 (0x00379e33) sll     t3, a5, gp
core   0: 3 0x8000aca0 (0x00379e33) x28 0x00000001
core   0: 0x8000aca4 (0x00000013) nop
core   0: 3 0x8000aca4 (0x00000013)
core   0: 0x8000aca8 (0x01501093) slli    ra, zero, 21
core   0: 3 0x8000aca8 (0x01501093) x 1 0x00000000
core   0: 0x8000acac (0x013b1413) slli    s0, s6, 19
core   0: 3 0x8000acac (0x013b1413) x 8 0x00000000
core   0: 0x8000acb0 (0xc6558d93) addi    s11, a1, -923
core   0: 3 0x8000acb0 (0xc6558d93) x27 0x80010ac9
core   0: 0x8000acb4 (0x77ef0817) auipc   a6, 0x77ef0
core   0: 3 0x8000acb4 (0x77ef0817) x16 0xf7efacb4
core   0: 0x8000acb8 (0x40178eb3) sub     t4, a5, ra
core   0: 3 0x8000acb8 (0x40178eb3) x29 0x00000001
core   0: 0x8000acbc (0x41795ab3) sra     s5, s2, s7
core   0: 3 0x8000acbc (0x41795ab3) x21 0x00000000
core   0: 0x8000acc0 (0x00000013) nop
core   0: 3 0x8000acc0 (0x00000013)
core   0: 0x8000acc4 (0x40a60d33) sub     s10, a2, a0
core   0: 3 0x8000acc4 (0x40a60d33) x26 0x8000988a
core   0: 0x8000acc8 (0x0022c433) xor     s0, t0, sp
core   0: 3 0x8000acc8 (0x0022c433) x 8 0x00000000
core   0: 0x8000accc (0x40995eb3) sra     t4, s2, s1
core   0: 3 0x8000accc (0x40995eb3) x29 0x00000000
core   0: 0x8000acd0 (0x00e68033) add     zero, a3, a4
core   0: 3 0x8000acd0 (0x00e68033)
core   0: 0x8000acd4 (0x0063b7b3) sltu    a5, t2, t1
core   0: 3 0x8000acd4 (0x0063b7b3) x15 0x00000001
core   0: 0x8000acd8 (0x004961b3) or      gp, s2, tp
core   0: 3 0x8000acd8 (0x004961b3) x 3 0x00000001
core   0: 0x8000acdc (0x00976cb3) or      s9, a4, s1
core   0: 3 0x8000acdc (0x00976cb3) x25 0x00000001
core   0: 0x8000ace0 (0x4130d633) sra     a2, ra, s3
core   0: 3 0x8000ace0 (0x4130d633) x12 0x00000000
core   0: 0x8000ace4 (0x8b958e13) addi    t3, a1, -1863
core   0: 3 0x8000ace4 (0x8b958e13) x28 0x8001071d
core   0: 0x8000ace8 (0x0022bdb3) sltu    s11, t0, sp
core   0: 3 0x8000ace8 (0x0022bdb3) x27 0x00000000
core   0: 0x8000acec (0x0058d713) srli    a4, a7, 5
core   0: 3 0x8000acec (0x0058d713) x14 0x07ffffef
core   0: 0x8000acf0 (0x4f2a8413) addi    s0, s5, 1266
core   0: 3 0x8000acf0 (0x4f2a8413) x 8 0x000004f2
core   0: 0x8000acf4 (0x00a31e13) slli    t3, t1, 10
core   0: 3 0x8000acf4 (0x00a31e13) x28 0xaf720000
core   0: 0x8000acf8 (0x01d2d4b3) srl     s1, t0, t4
core   0: 3 0x8000acf8 (0x01d2d4b3) x 9 0x00000001
core   0: 0x8000acfc (0x012d0eb3) add     t4, s10, s2
core   0: 3 0x8000acfc (0x012d0eb3) x29 0x8000988a
core   0: 0x8000ad00 (0xb1530a13) addi    s4, t1, -1259
core   0: 3 0x8000ad00 (0xb1530a13) x20 0x9cabd795
core   0: 0x8000ad04 (0x40825233) sra     tp, tp, s0
core   0: 3 0x8000ad04 (0x40825233) x 4 0x00000000
core   0: 0x8000ad08 (0x00d4fdb3) and     s11, s1, a3
core   0: 3 0x8000ad08 (0x00d4fdb3) x27 0x00000000
core   0: 0x8000ad0c (0x9975c713) xori    a4, a1, -1641
core   0: 3 0x8000ad0c (0x9975c713) x14 0x7ffef7f3
core   0: 0x8000ad10 (0x90b226b7) lui     a3, 0x90b22
core   0: 3 0x8000ad10 (0x90b226b7) x13 0x90b22000
core   0: 0x8000ad14 (0x7bf1fd13) andi    s10, gp, 1983
core   0: 3 0x8000ad14 (0x7bf1fd13) x26 0x00000001
core   0: 0x8000ad18 (0x8010be13) sltiu   t3, ra, -2047
core   0: 3 0x8000ad18 (0x8010be13) x28 0x00000001
core   0: 0x8000ad1c (0x00fdf133) and     sp, s11, a5
core   0: 3 0x8000ad1c (0x00fdf133) x 2 0x00000000
core   0: 0x8000ad20 (0x00169bb3) sll     s7, a3, ra
core   0: 3 0x8000ad20 (0x00169bb3) x23 0x90b22000
core   0: 0x8000ad24 (0x01be5993) srli    s3, t3, 27
core   0: 3 0x8000ad24 (0x01be5993) x19 0x00000000
core   0: 0x8000ad28 (0x402308b3) sub     a7, t1, sp
core   0: 3 0x8000ad28 (0x402308b3) x17 0x9cabdc80
core   0: 0x8000ad2c (0x2c9b0313) addi    t1, s6, 713
core   0: 3 0x8000ad2c (0x2c9b0313) x 6 0x000002c9
core   0: 0x8000ad30 (0x4198d6b3) sra     a3, a7, s9
core   0: 3 0x8000ad30 (0x4198d6b3) x13 0xce55ee40
core   0: 0x8000ad34 (0x00201013) slli    zero, zero, 2
core   0: 3 0x8000ad34 (0x00201013)
core   0: 0x8000ad38 (0x5a0ec913) xori    s2, t4, 1440
core   0: 3 0x8000ad38 (0x5a0ec913) x18 0x80009d2a
core   0: 0x8000ad3c (0x00faebb3) or      s7, s5, a5
core   0: 3 0x8000ad3c (0x00faebb3) x23 0x00000001
core   0: 0x8000ad40 (0x015e9093) slli    ra, t4, 21
core   0: 3 0x8000ad40 (0x015e9093) x 1 0x11400000
core   0: 0x8000ad44 (0x01fdfeb3) and     t4, s11, t6
core   0: 3 0x8000ad44 (0x01fdfeb3) x29 0x00000000
core   0: 0x8000ad48 (0x14db8f93) addi    t6, s7, 333
core   0: 3 0x8000ad48 (0x14db8f93) x31 0x0000014e
core   0: 0x8000ad4c (0x01f86833) or      a6, a6, t6
core   0: 3 0x8000ad4c (0x01f86833) x16 0xf7efadfe
core   0: 0x8000ad50 (0x3b452813) slti    a6, a0, 948
core   0: 3 0x8000ad50 (0x3b452813) x16 0x00000001
core   0: 0x8000ad54 (0x013d7bb3) and     s7, s10, s3
core   0: 3 0x8000ad54 (0x013d7bb3) x23 0x00000000
core   0: 0x8000ad58 (0x00f2c3b3) xor     t2, t0, a5
core   0: 3 0x8000ad58 (0x00f2c3b3) x 7 0x00000000
core   0: 0x8000ad5c (0x00df8033) add     zero, t6, a3
core   0: 3 0x8000ad5c (0x00df8033)
core   0: 0x8000ad60 (0x007ce6b3) or      a3, s9, t2
core   0: 3 0x8000ad60 (0x007ce6b3) x13 0x00000001
core   0: 0x8000ad64 (0x01b318b3) sll     a7, t1, s11
core   0: 3 0x8000ad64 (0x01b318b3) x17 0x000002c9
core   0: 0x8000ad68 (0x8a9e4717) auipc   a4, 0x8a9e4
core   0: 3 0x8000ad68 (0x8a9e4717) x14 0x0a9eed68
core   0: 0x8000ad6c (0x00000013) nop
core   0: 3 0x8000ad6c (0x00000013)
core   0: 0x8000ad70 (0x40575e13) srai    t3, a4, 5
core   0: 3 0x8000ad70 (0x40575e13) x28 0x0054f76b
core   0: 0x8000ad74 (0x415d5b33) sra     s6, s10, s5
core   0: 3 0x8000ad74 (0x415d5b33) x22 0x00000001
core   0: 0x8000ad78 (0x6bdd3a37) lui     s4, 0x6bdd3
core   0: 3 0x8000ad78 (0x6bdd3a37) x20 0x6bdd3000
core   0: 0x8000ad7c (0x00072333) slt     t1, a4, zero
core   0: 3 0x8000ad7c (0x00072333) x 6 0x00000000
core   0: 0x8000ad80 (0x00905e13) srli    t3, zero, 9
core   0: 3 0x8000ad80 (0x00905e13) x28 0x00000000
core   0: 0x8000ad84 (0x40cf0433) sub     s0, t5, a2
core   0: 3 0x8000ad84 (0x40cf0433) x 8 0xe4000000
core   0: 0x8000ad88 (0x003ff0b3) and     ra, t6, gp
core   0: 3 0x8000ad88 (0x003ff0b3) x 1 0x00000000
core   0: 0x8000ad8c (0x01081c93) slli    s9, a6, 16
core   0: 3 0x8000ad8c (0x01081c93) x25 0x00010000
core   0: 0x8000ad90 (0xda554b93) xori    s7, a0, -603
core   0: 3 0x8000ad90 (0xda554b93) x23 0x7ffeb141
core   0: 0x8000ad94 (0x01aaf133) and     sp, s5, s10
core   0: 3 0x8000ad94 (0x01aaf133) x 2 0x00000000
core   0: 0x8000ad98 (0x00000013) nop
core   0: 3 0x8000ad98 (0x00000013)
core   0: 0x8000ad9c (0x01209913) slli    s2, ra, 18
core   0: 3 0x8000ad9c (0x01209913) x18 0x00000000
core   0: 0x8000ada0 (0x00f51893) slli    a7, a0, 15
core   0: 3 0x8000ada0 (0x00f51893) x17 0xa6720000
core   0: 0x8000ada4 (0x641f8a97) auipc   s5, 0x641f8
core   0: 3 0x8000ada4 (0x641f8a97) x21 0xe4202da4
core   0: 0x8000ada8 (0x001aa433) slt     s0, s5, ra
core   0: 3 0x8000ada8 (0x001aa433) x 8 0x00000001
core   0: 0x8000adac (0x01f09233) sll     tp, ra, t6
core   0: 3 0x8000adac (0x01f09233) x 4 0x00000000
core   0: 0x8000adb0 (0x615bfdb7) lui     s11, 0x615bf
core   0: 3 0x8000adb0 (0x615bfdb7) x27 0x615bf000
core   0: 0x8000adb4 (0x63713413) sltiu   s0, sp, 1591
core   0: 3 0x8000adb4 (0x63713413) x 8 0x00000001
core   0: 0x8000adb8 (0x00114433) xor     s0, sp, ra
core   0: 3 0x8000adb8 (0x00114433) x 8 0x00000000
core   0: 0x8000adbc (0x9a067a93) andi    s5, a2, -1632
core   0: 3 0x8000adbc (0x9a067a93) x21 0x00000000
core   0: 0x8000adc0 (0x01995b13) srli    s6, s2, 25
core   0: 3 0x8000adc0 (0x01995b13) x22 0x00000000
core   0: 0x8000adc4 (0x6a1df037) lui     zero, 0x6a1df
core   0: 3 0x8000adc4 (0x6a1df037)
core   0: 0x8000adc8 (0x51b5e713) ori     a4, a1, 1307
core   0: 3 0x8000adc8 (0x51b5e713) x14 0x80010f7f
core   0: 0x8000adcc (0x00561213) slli    tp, a2, 5
core   0: 3 0x8000adcc (0x00561213) x 4 0x00000000
core   0: 0x8000add0 (0x00000013) nop
core   0: 3 0x8000add0 (0x00000013)
core   0: 0x8000add4 (0x013903b3) add     t2, s2, s3
core   0: 3 0x8000add4 (0x013903b3) x 7 0x00000000
core   0: 0x8000add8 (0xfcb87817) auipc   a6, 0xfcb87
core   0: 3 0x8000add8 (0xfcb87817) x16 0x7cb91dd8
core   0: 0x8000addc (0x689f7093) andi    ra, t5, 1673
core   0: 3 0x8000addc (0x689f7093) x 1 0x00000000
core   0: 0x8000ade0 (0x0149f333) and     t1, s3, s4
core   0: 3 0x8000ade0 (0x0149f333) x 6 0x00000000
core   0: 0x8000ade4 (0x7a2d1817) auipc   a6, 0x7a2d1
core   0: 3 0x8000ade4 (0x7a2d1817) x16 0xfa2dbde4
core   0: 0x8000ade8 (0x6c420913) addi    s2, tp, 1732
core   0: 3 0x8000ade8 (0x6c420913) x18 0x000006c4
core   0: 0x8000adec (0x000be033) or      zero, s7, zero
core   0: 3 0x8000adec (0x000be033)
core   0: 0x8000adf0 (0x00e13133) sltu    sp, sp, a4
core   0: 3 0x8000adf0 (0x00e13133) x 2 0x00000001
core   0: 0x8000adf4 (0x40678933) sub     s2, a5, t1
core   0: 3 0x8000adf4 (0x40678933) x18 0x00000001
core   0: 0x8000adf8 (0x6f49cf13) xori    t5, s3, 1780
core   0: 3 0x8000adf8 (0x6f49cf13) x30 0x000006f4
core   0: 0x8000adfc (0x018ab833) sltu    a6, s5, s8
core   0: 3 0x8000adfc (0x018ab833) x16 0x00000001
core   0: 0x8000ae00 (0xbebc5817) auipc   a6, 0xbebc5
core   0: 3 0x8000ae00 (0xbebc5817) x16 0x3ebcfe00
core   0: 0x8000ae04 (0x1d1f4193) xori    gp, t5, 465
core   0: 3 0x8000ae04 (0x1d1f4193) x 3 0x00000725
core   0: 0x8000ae08 (0x21b4ed93) ori     s11, s1, 539
core   0: 3 0x8000ae08 (0x21b4ed93) x27 0x0000021b
core   0: 0x8000ae0c (0x41d45ab3) sra     s5, s0, t4
core   0: 3 0x8000ae0c (0x41d45ab3) x21 0x00000000
core   0: 0x8000ae10 (0x00492b33) slt     s6, s2, tp
core   0: 3 0x8000ae10 (0x00492b33) x22 0x00000000
core   0: 0x8000ae14 (0x513e7d93) andi    s11, t3, 1299
core   0: 3 0x8000ae14 (0x513e7d93) x27 0x00000000
core   0: 0x8000ae18 (0x7233f893) andi    a7, t2, 1827
core   0: 3 0x8000ae18 (0x7233f893) x17 0x00000000
core   0: 0x8000ae1c (0x00c68d33) add     s10, a3, a2
core   0: 3 0x8000ae1c (0x00c68d33) x26 0x00000001
core   0: 0x8000ae20 (0xdcf18393) addi    t2, gp, -561
core   0: 3 0x8000ae20 (0xdcf18393) x 7 0x000004f4
core   0: 0x8000ae24 (0x00000013) nop
core   0: 3 0x8000ae24 (0x00000013)
core   0: 0x8000ae28 (0x00d9ce33) xor     t3, s3, a3
core   0: 3 0x8000ae28 (0x00d9ce33) x28 0x00000001
core   0: 0x8000ae2c (0x7042fe13) andi    t3, t0, 1796
core   0: 3 0x8000ae2c (0x7042fe13) x28 0x00000000
core   0: 0x8000ae30 (0x00ea72b3) and     t0, s4, a4
core   0: 3 0x8000ae30 (0x00ea72b3) x 5 0x00010000
core   0: 0x8000ae34 (0x733e7813) andi    a6, t3, 1843
core   0: 3 0x8000ae34 (0x733e7813) x16 0x00000000
core   0: 0x8000ae38 (0x6f544393) xori    t2, s0, 1781
core   0: 3 0x8000ae38 (0x6f544393) x 7 0x000006f5
core   0: 0x8000ae3c (0x64777d13) andi    s10, a4, 1607
core   0: 3 0x8000ae3c (0x64777d13) x26 0x00000647
core   0: 0x8000ae40 (0x00cbd733) srl     a4, s7, a2
core   0: 3 0x8000ae40 (0x00cbd733) x14 0x7ffeb141
core   0: 0x8000ae44 (0x013fe2b3) or      t0, t6, s3
core   0: 3 0x8000ae44 (0x013fe2b3) x 5 0x0000014e
core   0: 0x8000ae48 (0x006324b3) slt     s1, t1, t1
core   0: 3 0x8000ae48 (0x006324b3) x 9 0x00000000
core   0: 0x8000ae4c (0x01baddb3) srl     s11, s5, s11
core   0: 3 0x8000ae4c (0x01baddb3) x27 0x00000000
core   0: 0x8000ae50 (0x24117a93) andi    s5, sp, 577
core   0: 3 0x8000ae50 (0x24117a93) x21 0x00000001
core   0: 0x8000ae54 (0x40c70433) sub     s0, a4, a2
core   0: 3 0x8000ae54 (0x40c70433) x 8 0x7ffeb141
core   0: 0x8000ae58 (0xc4192013) slti    zero, s2, -959
core   0: 3 0x8000ae58 (0xc4192013)
core   0: 0x8000ae5c (0x00e6ceb3) xor     t4, a3, a4
core   0: 3 0x8000ae5c (0x00e6ceb3) x29 0x7ffeb140
core   0: 0x8000ae60 (0x01caaa33) slt     s4, s5, t3
core   0: 3 0x8000ae60 (0x01caaa33) x20 0x00000000
core   0: 0x8000ae64 (0x522b3613) sltiu   a2, s6, 1314
core   0: 3 0x8000ae64 (0x522b3613) x12 0x00000001
core   0: 0x8000ae68 (0xd8e1f613) andi    a2, gp, -626
core   0: 3 0x8000ae68 (0xd8e1f613) x12 0x00000504
core   0: 0x8000ae6c (0x41750933) sub     s2, a0, s7
core   0: 3 0x8000ae6c (0x41750933) x18 0x00029ba3
core   0: 0x8000ae70 (0x41d953b3) sra     t2, s2, t4
core   0: 3 0x8000ae70 (0x41d953b3) x 7 0x00029ba3
core   0: 0x8000ae74 (0x5e1ab793) sltiu   a5, s5, 1505
core   0: 3 0x8000ae74 (0x5e1ab793) x15 0x00000001
core   0: 0x8000ae78 (0xfb593e13) sltiu   t3, s2, -75
core   0: 3 0x8000ae78 (0xfb593e13) x28 0x00000001
core   0: 0x8000ae7c (0x418cdf33) sra     t5, s9, s8
core   0: 3 0x8000ae7c (0x418cdf33) x30 0x00000000
core   0: 0x8000ae80 (0xb71f2713) slti    a4, t5, -1167
core   0: 3 0x8000ae80 (0xb71f2713) x14 0x00000000
core   0: 0x8000ae84 (0x41c65b33) sra     s6, a2, t3
core   0: 3 0x8000ae84 (0x41c65b33) x22 0x00000282
core   0: 0x8000ae88 (0x008ab033) sltu    zero, s5, s0
core   0: 3 0x8000ae88 (0x008ab033)
core   0: 0x8000ae8c (0x00fe2ab3) slt     s5, t3, a5
core   0: 3 0x8000ae8c (0x00fe2ab3) x21 0x00000000
core   0: 0x8000ae90 (0x01466933) or      s2, a2, s4
core   0: 3 0x8000ae90 (0x01466933) x18 0x00000504
core   0: 0x8000ae94 (0x40ad4d13) xori    s10, s10, 1034
core   0: 3 0x8000ae94 (0x40ad4d13) x26 0x0000024d
core   0: 0x8000ae98 (0x01313933) sltu    s2, sp, s3
core   0: 3 0x8000ae98 (0x01313933) x18 0x00000000
core   0: 0x8000ae9c (0xba3fc893) xori    a7, t6, -1117
core   0: 3 0x8000ae9c (0xba3fc893) x17 0xfffffaed
core   0: 0x8000aea0 (0x008216b3) sll     a3, tp, s0
core   0: 3 0x8000aea0 (0x008216b3) x13 0x00000000
core   0: 0x8000aea4 (0x0152ff33) and     t5, t0, s5
core   0: 3 0x8000aea4 (0x0152ff33) x30 0x00000000
core   0: 0x8000aea8 (0x01ac1713) slli    a4, s8, 26
core   0: 3 0x8000aea8 (0x01ac1713) x14 0xfc000000
core   0: 0x8000aeac (0xae95e217) auipc   tp, 0xae95e
core   0: 3 0x8000aeac (0xae95e217) x 4 0x2e968eac
core   0: 0x8000aeb0 (0x6a4d5497) auipc   s1, 0x6a4d5
core   0: 3 0x8000aeb0 (0x6a4d5497) x 9 0xea4dfeb0
core   0: 0x8000aeb4 (0x2bfd8b13) addi    s6, s11, 703
core   0: 3 0x8000aeb4 (0x2bfd8b13) x22 0x000002bf
core   0: 0x8000aeb8 (0x01946633) or      a2, s0, s9
core   0: 3 0x8000aeb8 (0x01946633) x12 0x7fffb141
core   0: 0x8000aebc (0x00906f33) or      t5, zero, s1
core   0: 3 0x8000aebc (0x00906f33) x30 0xea4dfeb0
core   0: 0x8000aec0 (0x31b0ef13) ori     t5, ra, 795
core   0: 3 0x8000aec0 (0x31b0ef13) x30 0x0000031b
core   0: 0x8000aec4 (0xdbc69417) auipc   s0, 0xdbc69
core   0: 3 0x8000aec4 (0xdbc69417) x 8 0x5bc73ec4
core   0: 0x8000aec8 (0xc3a32f93) slti    t6, t1, -966
core   0: 3 0x8000aec8 (0xc3a32f93) x31 0x00000000
core   0: 0x8000aecc (0x41d65e93) srai    t4, a2, 29
core   0: 3 0x8000aecc (0x41d65e93) x29 0x00000003
core   0: 0x8000aed0 (0x003d5bb3) srl     s7, s10, gp
core   0: 3 0x8000aed0 (0x003d5bb3) x23 0x00000012
core   0: 0x8000aed4 (0x86abd497) auipc   s1, 0x86abd
core   0: 3 0x8000aed4 (0x86abd497) x 9 0x06ac7ed4
core   0: 0x8000aed8 (0x015aad33) slt     s10, s5, s5
core   0: 3 0x8000aed8 (0x015aad33) x26 0x00000000
core   0: 0x8000aedc (0x7c5a2793) slti    a5, s4, 1989
core   0: 3 0x8000aedc (0x7c5a2793) x15 0x00000001
core   0: 0x8000aee0 (0x0134ed33) or      s10, s1, s3
core   0: 3 0x8000aee0 (0x0134ed33) x26 0x06ac7ed4
core   0: 0x8000aee4 (0x00956b33) or      s6, a0, s1
core   0: 3 0x8000aee4 (0x00956b33) x22 0x86ad7ef4
core   0: 0x8000aee8 (0x94f30813) addi    a6, t1, -1713
core   0: 3 0x8000aee8 (0x94f30813) x16 0xfffff94f
core   0: 0x8000aeec (0x52fe8113) addi    sp, t4, 1327
core   0: 3 0x8000aeec (0x52fe8113) x 2 0x00000532
core   0: 0x8000aef0 (0xa248fe37) lui     t3, 0xa248f
core   0: 3 0x8000aef0 (0xa248fe37) x28 0xa248f000
core   0: 0x8000aef4 (0x23e52693) slti    a3, a0, 574
core   0: 3 0x8000aef4 (0x23e52693) x13 0x00000001
core   0: 0x8000aef8 (0x00c2df93) srli    t6, t0, 12
core   0: 3 0x8000aef8 (0x00c2df93) x31 0x00000000
core   0: 0x8000aefc (0x5af3fc93) andi    s9, t2, 1455
core   0: 3 0x8000aefc (0x5af3fc93) x25 0x000001a3
core   0: 0x8000af00 (0x017f6eb3) or      t4, t5, s7
core   0: 3 0x8000af00 (0x017f6eb3) x29 0x0000031b
core   0: 0x8000af04 (0x91eba813) slti    a6, s7, -1762
core   0: 3 0x8000af04 (0x91eba813) x16 0x00000000
core   0: 0x8000af08 (0x850dae93) slti    t4, s11, -1968
core   0: 3 0x8000af08 (0x850dae93) x29 0x00000000
core   0: 0x8000af0c (0x400a0a33) sub     s4, s4, zero
core   0: 3 0x8000af0c (0x400a0a33) x20 0x00000000
core   0: 0x8000af10 (0x012d9cb3) sll     s9, s11, s2
core   0: 3 0x8000af10 (0x012d9cb3) x25 0x00000000
core   0: 0x8000af14 (0x00000013) nop
core   0: 3 0x8000af14 (0x00000013)
core   0: 0x8000af18 (0x00000013) nop
core   0: 3 0x8000af18 (0x00000013)
core   0: 0x8000af1c (0x018c79b3) and     s3, s8, s8
core   0: 3 0x8000af1c (0x018c79b3) x19 0xffc27e3f
core   0: 0x8000af20 (0x41ced113) srai    sp, t4, 28
core   0: 3 0x8000af20 (0x41ced113) x 2 0x00000000
core   0: 0x8000af24 (0x754b2637) lui     a2, 0x754b2
core   0: 3 0x8000af24 (0x754b2637) x12 0x754b2000
core   0: 0x8000af28 (0x849de613) ori     a2, s11, -1975
core   0: 3 0x8000af28 (0x849de613) x12 0xfffff849
core   0: 0x8000af2c (0x0486a993) slti    s3, a3, 72
core   0: 3 0x8000af2c (0x0486a993) x19 0x00000001
core   0: 0x8000af30 (0xd568a093) slti    ra, a7, -682
core   0: 3 0x8000af30 (0xd568a093) x 1 0x00000001
core   0: 0x8000af34 (0xcda63917) auipc   s2, 0xcda63
core   0: 3 0x8000af34 (0xcda63917) x18 0x4da6df34
core   0: 0x8000af38 (0x000af7b3) and     a5, s5, zero
core   0: 3 0x8000af38 (0x000af7b3) x15 0x00000000
core   0: 0x8000af3c (0x00d48233) add     tp, s1, a3
core   0: 3 0x8000af3c (0x00d48233) x 4 0x06ac7ed5
core   0: 0x8000af40 (0x7407b793) sltiu   a5, a5, 1856
core   0: 3 0x8000af40 (0x7407b793) x15 0x00000001
core   0: 0x8000af44 (0x9107b093) sltiu   ra, a5, -1776
core   0: 3 0x8000af44 (0x9107b093) x 1 0x00000001
core   0: 0x8000af48 (0x40675b13) srai    s6, a4, 6
core   0: 3 0x8000af48 (0x40675b13) x22 0xfff00000
core   0: 0x8000af4c (0x00b91a33) sll     s4, s2, a1
core   0: 3 0x8000af4c (0x00b91a33) x20 0xda6df340
core   0: 0x8000af50 (0xbfb43413) sltiu   s0, s0, -1029
core   0: 3 0x8000af50 (0xbfb43413) x 8 0x00000001
core   0: 0x8000af54 (0x01a39233) sll     tp, t2, s10
core   0: 3 0x8000af54 (0x01a39233) x 4 0xba300000
core   0: 0x8000af58 (0x9979ef93) ori     t6, s3, -1641
core   0: 3 0x8000af58 (0x9979ef93) x31 0xfffff997
core   0: 0x8000af5c (0x40085413) srai    s0, a6, 0
core   0: 3 0x8000af5c (0x40085413) x 8 0x00000000
core   0: 0x8000af60 (0x0073f3b3) and     t2, t2, t2
core   0: 3 0x8000af60 (0x0073f3b3) x 7 0x00029ba3
core   0: 0x8000af64 (0xf4c82393) slti    t2, a6, -180
core   0: 3 0x8000af64 (0xf4c82393) x 7 0x00000000
core   0: 0x8000af68 (0x010b0d33) add     s10, s6, a6
core   0: 3 0x8000af68 (0x010b0d33) x26 0xfff00000
core   0: 0x8000af6c (0x38308393) addi    t2, ra, 899
core   0: 3 0x8000af6c (0x38308393) x 7 0x00000384
core   0: 0x8000af70 (0x012c2bb3) slt     s7, s8, s2
core   0: 3 0x8000af70 (0x012c2bb3) x23 0x00000001
core   0: 0x8000af74 (0x00c737b3) sltu    a5, a4, a2
core   0: 3 0x8000af74 (0x00c737b3) x15 0x00000001
core   0: 0x8000af78 (0x01e471b3) and     gp, s0, t5
core   0: 3 0x8000af78 (0x01e471b3) x 3 0x00000000
core   0: 0x8000af7c (0x00000213) li      tp, 0
core   0: 3 0x8000af7c (0x00000213) x 4 0x00000000
core   0: 0x8000af80 (0x80000637) lui     a2, 0x80000
core   0: 3 0x8000af80 (0x80000637) x12 0x80000000
core   0: 0x8000af84 (0x800006b7) lui     a3, 0x80000
core   0: 3 0x8000af84 (0x800006b7) x13 0x80000000
core   0: 0x8000af88 (0x00000093) li      ra, 0
core   0: 3 0x8000af88 (0x00000093) x 1 0x00000000
core   0: 0x8000af8c (0xfeffbdb7) lui     s11, 0xfeffb
core   0: 3 0x8000af8c (0xfeffbdb7) x27 0xfeffb000
core   0: 0x8000af90 (0xd4ad8d93) addi    s11, s11, -694
core   0: 3 0x8000af90 (0xd4ad8d93) x27 0xfeffad4a
core   0: 0x8000af94 (0x80000d37) lui     s10, 0x80000
core   0: 3 0x8000af94 (0x80000d37) x26 0x80000000
core   0: 0x8000af98 (0xfff00193) li      gp, -1
core   0: 3 0x8000af98 (0xfff00193) x 3 0xffffffff
core   0: 0x8000af9c (0xfff00f13) li      t5, -1
core   0: 3 0x8000af9c (0xfff00f13) x30 0xffffffff
core   0: 0x8000afa0 (0xfff00113) li      sp, -1
core   0: 3 0x8000afa0 (0xfff00113) x 2 0xffffffff
core   0: 0x8000afa4 (0x80000eb7) lui     t4, 0x80000
core   0: 3 0x8000afa4 (0x80000eb7) x29 0x80000000
core   0: 0x8000afa8 (0xaeaf7117) auipc   sp, 0xaeaf7
core   0: 3 0x8000afa8 (0xaeaf7117) x 2 0x2eb01fa8
core   0: 0x8000afac (0x01a20f33) add     t5, tp, s10
core   0: 3 0x8000afac (0x01a20f33) x30 0x80000000
core   0: 0x8000afb0 (0x40460633) sub     a2, a2, tp
core   0: 3 0x8000afb0 (0x40460633) x12 0x80000000
core   0: 0x8000afb4 (0x003d80b3) add     ra, s11, gp
core   0: 3 0x8000afb4 (0x003d80b3) x 1 0xfeffad49
core   0: 0x8000afb8 (0x7c9c2eb7) lui     t4, 0x7c9c2
core   0: 3 0x8000afb8 (0x7c9c2eb7) x29 0x7c9c2000
core   0: 0x8000afbc (0x404186b3) sub     a3, gp, tp
core   0: 3 0x8000afbc (0x404186b3) x13 0xffffffff
core   0: 0x8000afc0 (0x1c176197) auipc   gp, 0x1c176
core   0: 3 0x8000afc0 (0x1c176197) x 3 0x9c180fc0
core   0: 0x8000afc4 (0x00408eb3) add     t4, ra, tp
core   0: 3 0x8000afc4 (0x00408eb3) x29 0xfeffad49
core   0: 0x8000afc8 (0x41ee8f33) sub     t5, t4, t5
core   0: 3 0x8000afc8 (0x41ee8f33) x30 0x7effad49
core   0: 0x8000afcc (0x41e08d33) sub     s10, ra, t5
core   0: 3 0x8000afcc (0x41e08d33) x26 0x80000000
core   0: 0x8000afd0 (0x6a390f37) lui     t5, 0x6a390
core   0: 3 0x8000afd0 (0x6a390f37) x30 0x6a390000
core   0: 0x8000afd4 (0x00310eb3) add     t4, sp, gp
core   0: 3 0x8000afd4 (0x00310eb3) x29 0xcac82f68
core   0: 0x8000afd8 (0x40118233) sub     tp, gp, ra
core   0: 3 0x8000afd8 (0x40118233) x 4 0x9d186277
core   0: 0x8000afdc (0x062d9697) auipc   a3, 0x62d9
core   0: 3 0x8000afdc (0x062d9697) x13 0x862e3fdc
core   0: 0x8000afe0 (0x77cf0113) addi    sp, t5, 1916
core   0: 3 0x8000afe0 (0x77cf0113) x 2 0x6a39077c
core   0: 0x8000afe4 (0x20c10d93) addi    s11, sp, 524
core   0: 3 0x8000afe4 (0x20c10d93) x27 0x6a390988
core   0: 0x8000afe8 (0x002200b3) add     ra, tp, sp
core   0: 3 0x8000afe8 (0x002200b3) x 1 0x075169f3
core   0: 0x8000afec (0x01b206b3) add     a3, tp, s11
core   0: 3 0x8000afec (0x01b206b3) x13 0x07516bff
core   0: 0x8000aff0 (0x00000013) nop
core   0: 3 0x8000aff0 (0x00000013)
core   0: 0x8000aff4 (0x2d133117) auipc   sp, 0x2d133
core   0: 3 0x8000aff4 (0x2d133117) x 2 0xad13dff4
core   0: 0x8000aff8 (0x0d58d6b7) lui     a3, 0xd58d
core   0: 3 0x8000aff8 (0x0d58d6b7) x13 0x0d58d000
core   0: 0x8000affc (0x41b08eb3) sub     t4, ra, s11
core   0: 3 0x8000affc (0x41b08eb3) x29 0x9d18606b
core   0: 0x8000b000 (0x88493eb7) lui     t4, 0x88493
core   0: 3 0x8000b000 (0x88493eb7) x29 0x88493000
core   0: 0x8000b004 (0x10020e93) addi    t4, tp, 256
core   0: 3 0x8000b004 (0x10020e93) x29 0x9d186377
core   0: 0x8000b008 (0x10f76e13) ori     t3, a4, 271
core   0: 3 0x8000b008 (0x10f76e13) x28 0xfc00010f
core   0: 0x8000b00c (0x007840b3) xor     ra, a6, t2
core   0: 3 0x8000b00c (0x007840b3) x 1 0x00000384
core   0: 0x8000b010 (0x010bbab3) sltu    s5, s7, a6
core   0: 3 0x8000b010 (0x010bbab3) x21 0x00000000
core   0: 0x8000b014 (0x378f5db7) lui     s11, 0x378f5
core   0: 3 0x8000b014 (0x378f5db7) x27 0x378f5000
core   0: 0x8000b018 (0x62ff2993) slti    s3, t5, 1583
core   0: 3 0x8000b018 (0x62ff2993) x19 0x00000000
core   0: 0x8000b01c (0x01929e93) slli    t4, t0, 25
core   0: 3 0x8000b01c (0x01929e93) x29 0x9c000000
core   0: 0x8000b020 (0x4014dd33) sra     s10, s1, ra
core   0: 3 0x8000b020 (0x4014dd33) x26 0x006ac7ed
core   0: 0x8000b024 (0xaa713d13) sltiu   s10, sp, -1369
core   0: 3 0x8000b024 (0xaa713d13) x26 0x00000001
core   0: 0x8000b028 (0x87a98893) addi    a7, s3, -1926
core   0: 3 0x8000b028 (0x87a98893) x17 0xfffff87a
core   0: 0x8000b02c (0x00e61db3) sll     s11, a2, a4
core   0: 3 0x8000b02c (0x00e61db3) x27 0x80000000
core   0: 0x8000b030 (0x41df5bb3) sra     s7, t5, t4
core   0: 3 0x8000b030 (0x41df5bb3) x23 0x6a390000
core   0: 0x8000b034 (0x0039ba33) sltu    s4, s3, gp
core   0: 3 0x8000b034 (0x0039ba33) x20 0x00000001
core   0: 0x8000b038 (0x00864eb3) xor     t4, a2, s0
core   0: 3 0x8000b038 (0x00864eb3) x29 0x80000000
core   0: 0x8000b03c (0xed410413) addi    s0, sp, -300
core   0: 3 0x8000b03c (0xed410413) x 8 0xad13dec8
core   0: 0x8000b040 (0x0033a933) slt     s2, t2, gp
core   0: 3 0x8000b040 (0x0033a933) x18 0x00000000
core   0: 0x8000b044 (0x4110d213) srai    tp, ra, 17
core   0: 3 0x8000b044 (0x4110d213) x 4 0x00000000
core   0: 0x8000b048 (0x5b490113) addi    sp, s2, 1460
core   0: 3 0x8000b048 (0x5b490113) x 2 0x000005b4
core   0: 0x8000b04c (0x86858b97) auipc   s7, 0x86858
core   0: 3 0x8000b04c (0x86858b97) x23 0x0686304c
core   0: 0x8000b050 (0x1a044213) xori    tp, s0, 416
core   0: 3 0x8000b050 (0x1a044213) x 4 0xad13df68
core   0: 0x8000b054 (0x019c6233) or      tp, s8, s9
core   0: 3 0x8000b054 (0x019c6233) x 4 0xffc27e3f
core   0: 0x8000b058 (0x41adb837) lui     a6, 0x41adb
core   0: 3 0x8000b058 (0x41adb837) x16 0x41adb000
core   0: 0x8000b05c (0x40cfd6b3) sra     a3, t6, a2
core   0: 3 0x8000b05c (0x40cfd6b3) x13 0xfffff997
core   0: 0x8000b060 (0x00dce133) or      sp, s9, a3
core   0: 3 0x8000b060 (0x00dce133) x 2 0xfffff997
core   0: 0x8000b064 (0x00a58f97) auipc   t6, 0xa58
core   0: 3 0x8000b064 (0x00a58f97) x31 0x80a63064
core   0: 0x8000b068 (0x01be82b3) add     t0, t4, s11
core   0: 3 0x8000b068 (0x01be82b3) x 5 0x00000000
core   0: 0x8000b06c (0xae6fa413) slti    s0, t6, -1306
core   0: 3 0x8000b06c (0xae6fa413) x 8 0x00000001
core   0: 0x8000b070 (0x01279813) slli    a6, a5, 18
core   0: 3 0x8000b070 (0x01279813) x16 0x00040000
core   0: 0x8000b074 (0x44bd8717) auipc   a4, 0x44bd8
core   0: 3 0x8000b074 (0x44bd8717) x14 0xc4be3074
core   0: 0x8000b078 (0x41708f33) sub     t5, ra, s7
core   0: 3 0x8000b078 (0x41708f33) x30 0xf979d338
core   0: 0x8000b07c (0x00fcd433) srl     s0, s9, a5
core   0: 3 0x8000b07c (0x00fcd433) x 8 0x00000000
core   0: 0x8000b080 (0x01005413) srli    s0, zero, 16
core   0: 3 0x8000b080 (0x01005413) x 8 0x00000000
core   0: 0x8000b084 (0x00cfe333) or      t1, t6, a2
core   0: 3 0x8000b084 (0x00cfe333) x 6 0x80a63064
core   0: 0x8000b088 (0x01406633) or      a2, zero, s4
core   0: 3 0x8000b088 (0x01406633) x12 0x00000001
core   0: 0x8000b08c (0x01501693) slli    a3, zero, 21
core   0: 3 0x8000b08c (0x01501693) x13 0x00000000
core   0: 0x8000b090 (0x013b2433) slt     s0, s6, s3
core   0: 3 0x8000b090 (0x013b2433) x 8 0x00000001
core   0: 0x8000b094 (0xa76de713) ori     a4, s11, -1418
core   0: 3 0x8000b094 (0xa76de713) x14 0xfffffa76
core   0: 0x8000b098 (0xd2434993) xori    s3, t1, -732
core   0: 3 0x8000b098 (0xd2434993) x19 0x7f59cd40
core   0: 0x8000b09c (0x01411713) slli    a4, sp, 20
core   0: 3 0x8000b09c (0x01411713) x14 0x99700000
core   0: 0x8000b0a0 (0x0018d333) srl     t1, a7, ra
core   0: 3 0x8000b0a0 (0x0018d333) x 6 0x0fffff87
core   0: 0x8000b0a4 (0x00d6b3b3) sltu    t2, a3, a3
core   0: 3 0x8000b0a4 (0x00d6b3b3) x 7 0x00000000
core   0: 0x8000b0a8 (0x00658e33) add     t3, a1, t1
core   0: 3 0x8000b0a8 (0x00658e33) x28 0x90010deb
core   0: 0x8000b0ac (0xd250aeb7) lui     t4, 0xd250a
core   0: 3 0x8000b0ac (0xd250aeb7) x29 0xd250a000
core   0: 0x8000b0b0 (0x0074fbb3) and     s7, s1, t2
core   0: 3 0x8000b0b0 (0x0074fbb3) x23 0x00000000
core   0: 0x8000b0b4 (0x01ac5133) srl     sp, s8, s10
core   0: 3 0x8000b0b4 (0x01ac5133) x 2 0x7fe13f1f
core   0: 0x8000b0b8 (0x0d46a293) slti    t0, a3, 212
core   0: 3 0x8000b0b8 (0x0d46a293) x 5 0x00000001
core   0: 0x8000b0bc (0x00970ab3) add     s5, a4, s1
core   0: 3 0x8000b0bc (0x00970ab3) x21 0xa01c7ed4
core   0: 0x8000b0c0 (0x01782fb3) slt     t6, a6, s7
core   0: 3 0x8000b0c0 (0x01782fb3) x31 0x00000000
core   0: 0x8000b0c4 (0x0126d613) srli    a2, a3, 18
core   0: 3 0x8000b0c4 (0x0126d613) x12 0x00000000
core   0: 0x8000b0c8 (0x0108fcb3) and     s9, a7, a6
core   0: 3 0x8000b0c8 (0x0108fcb3) x25 0x00040000
core   0: 0x8000b0cc (0x43aff613) andi    a2, t6, 1082
core   0: 3 0x8000b0cc (0x43aff613) x12 0x00000000
core   0: 0x8000b0d0 (0x00271a93) slli    s5, a4, 2
core   0: 3 0x8000b0d0 (0x00271a93) x21 0x65c00000
core   0: 0x8000b0d4 (0xd6832993) slti    s3, t1, -664
core   0: 3 0x8000b0d4 (0xd6832993) x19 0x00000000
core   0: 0x8000b0d8 (0x002adeb3) srl     t4, s5, sp
core   0: 3 0x8000b0d8 (0x002adeb3) x29 0x00000000
core   0: 0x8000b0dc (0x01aae4b3) or      s1, s5, s10
core   0: 3 0x8000b0dc (0x01aae4b3) x 9 0x65c00001
core   0: 0x8000b0e0 (0x01c9ceb3) xor     t4, s3, t3
core   0: 3 0x8000b0e0 (0x01c9ceb3) x29 0x90010deb
core   0: 0x8000b0e4 (0x01075493) srli    s1, a4, 16
core   0: 3 0x8000b0e4 (0x01075493) x 9 0x00009970
core   0: 0x8000b0e8 (0x00000013) nop
core   0: 3 0x8000b0e8 (0x00000013)
core   0: 0x8000b0ec (0x41a40b33) sub     s6, s0, s10
core   0: 3 0x8000b0ec (0x41a40b33) x22 0x00000000
core   0: 0x8000b0f0 (0x0057dcb3) srl     s9, a5, t0
core   0: 3 0x8000b0f0 (0x0057dcb3) x25 0x00000000
core   0: 0x8000b0f4 (0xa7055117) auipc   sp, 0xa7055
core   0: 3 0x8000b0f4 (0xa7055117) x 2 0x270600f4
core   0: 0x8000b0f8 (0x0193cbb3) xor     s7, t2, s9
core   0: 3 0x8000b0f8 (0x0193cbb3) x23 0x00000000
core   0: 0x8000b0fc (0x00000013) nop
core   0: 3 0x8000b0fc (0x00000013)
core   0: 0x8000b100 (0x2b887cb7) lui     s9, 0x2b887
core   0: 3 0x8000b100 (0x2b887cb7) x25 0x2b887000
core   0: 0x8000b104 (0x412a8f33) sub     t5, s5, s2
core   0: 3 0x8000b104 (0x412a8f33) x30 0x65c00000
core   0: 0x8000b108 (0x41de5f93) srai    t6, t3, 29
core   0: 3 0x8000b108 (0x41de5f93) x31 0xfffffffc
core   0: 0x8000b10c (0x000e0ab3) add     s5, t3, zero
core   0: 3 0x8000b10c (0x000e0ab3) x21 0x90010deb
core   0: 0x8000b110 (0xa88cc417) auipc   s0, 0xa88cc
core   0: 3 0x8000b110 (0xa88cc417) x 8 0x288d7110
core   0: 0x8000b114 (0x4007d333) sra     t1, a5, zero
core   0: 3 0x8000b114 (0x4007d333) x 6 0x00000001
core   0: 0x8000b118 (0xad1ca213) slti    tp, s9, -1327
core   0: 3 0x8000b118 (0xad1ca213) x 4 0x00000000
core   0: 0x8000b11c (0xc1f67113) andi    sp, a2, -993
core   0: 3 0x8000b11c (0xc1f67113) x 2 0x00000000
core   0: 0x8000b120 (0x65fe6c93) ori     s9, t3, 1631
core   0: 3 0x8000b120 (0x65fe6c93) x25 0x90010fff
core   0: 0x8000b124 (0x006894b3) sll     s1, a7, t1
core   0: 3 0x8000b124 (0x006894b3) x 9 0xfffff0f4
core   0: 0x8000b128 (0x6044b113) sltiu   sp, s1, 1540
core   0: 3 0x8000b128 (0x6044b113) x 2 0x00000000
core   0: 0x8000b12c (0x011d03b3) add     t2, s10, a7
core   0: 3 0x8000b12c (0x011d03b3) x 7 0xfffff87b
core   0: 0x8000b130 (0x0055bbb3) sltu    s7, a1, t0
core   0: 3 0x8000b130 (0x0055bbb3) x23 0x00000000
core   0: 0x8000b134 (0x01a110b3) sll     ra, sp, s10
core   0: 3 0x8000b134 (0x01a110b3) x 1 0x00000000
core   0: 0x8000b138 (0x00fdd213) srli    tp, s11, 15
core   0: 3 0x8000b138 (0x00fdd213) x 4 0x00010000
core   0: 0x8000b13c (0xaa59ae13) slti    t3, s3, -1371
core   0: 3 0x8000b13c (0xaa59ae13) x28 0x00000000
core   0: 0x8000b140 (0x41db59b3) sra     s3, s6, t4
core   0: 3 0x8000b140 (0x41db59b3) x19 0x00000000
core   0: 0x8000b144 (0x015c2833) slt     a6, s8, s5
core   0: 3 0x8000b144 (0x015c2833) x16 0x00000000
core   0: 0x8000b148 (0x00a2d193) srli    gp, t0, 10
core   0: 3 0x8000b148 (0x00a2d193) x 3 0x00000000
core   0: 0x8000b14c (0x01895d33) srl     s10, s2, s8
core   0: 3 0x8000b14c (0x01895d33) x26 0x00000000
core   0: 0x8000b150 (0x00000013) nop
core   0: 3 0x8000b150 (0x00000013)
core   0: 0x8000b154 (0x7630f793) andi    a5, ra, 1891
core   0: 3 0x8000b154 (0x7630f793) x15 0x00000000
core   0: 0x8000b158 (0x408c5013) srai    zero, s8, 8
core   0: 3 0x8000b158 (0x408c5013)
core   0: 0x8000b15c (0xf58a8413) addi    s0, s5, -168
core   0: 3 0x8000b15c (0xf58a8413) x 8 0x90010d43
core   0: 0x8000b160 (0xeebe8b13) addi    s6, t4, -277
core   0: 3 0x8000b160 (0xeebe8b13) x22 0x90010cd6
core   0: 0x8000b164 (0x4112da93) srai    s5, t0, 17
core   0: 3 0x8000b164 (0x4112da93) x21 0x00000000
core   0: 0x8000b168 (0x00b4d413) srli    s0, s1, 11
core   0: 3 0x8000b168 (0x00b4d413) x 8 0x001ffffe
core   0: 0x8000b16c (0x372ac293) xori    t0, s5, 882
core   0: 3 0x8000b16c (0x372ac293) x 5 0x00000372
core   0: 0x8000b170 (0xaec892b7) lui     t0, 0xaec89
core   0: 3 0x8000b170 (0xaec892b7) x 5 0xaec89000
core   0: 0x8000b174 (0xeae8cf97) auipc   t6, 0xeae8c
core   0: 3 0x8000b174 (0xeae8cf97) x31 0x6ae97174
core   0: 0x8000b178 (0x419ad3b3) sra     t2, s5, s9
core   0: 3 0x8000b178 (0x419ad3b3) x 7 0x00000000
core   0: 0x8000b17c (0x41470933) sub     s2, a4, s4
core   0: 3 0x8000b17c (0x41470933) x18 0x996fffff
core   0: 0x8000b180 (0xd5ee3813) sltiu   a6, t3, -674
core   0: 3 0x8000b180 (0xd5ee3813) x16 0x00000001
core   0: 0x8000b184 (0x00000013) nop
core   0: 3 0x8000b184 (0x00000013)
core   0: 0x8000b188 (0x010498b3) sll     a7, s1, a6
core   0: 3 0x8000b188 (0x010498b3) x17 0xffffe1e8
core   0: 0x8000b18c (0x44311037) lui     zero, 0x44311
core   0: 3 0x8000b18c (0x44311037)
core   0: 0x8000b190 (0x00c70333) add     t1, a4, a2
core   0: 3 0x8000b190 (0x00c70333) x 6 0x99700000
core   0: 0x8000b194 (0x1b87a193) slti    gp, a5, 440
core   0: 3 0x8000b194 (0x1b87a193) x 3 0x00000001
core   0: 0x8000b198 (0x003601b3) add     gp, a2, gp
core   0: 3 0x8000b198 (0x003601b3) x 3 0x00000001
core   0: 0x8000b19c (0xa94e6cb7) lui     s9, 0xa94e6
core   0: 3 0x8000b19c (0xa94e6cb7) x25 0xa94e6000
core   0: 0x8000b1a0 (0xfd868793) addi    a5, a3, -40
core   0: 3 0x8000b1a0 (0xfd868793) x15 0xffffffd8
core   0: 0x8000b1a4 (0x41655ab3) sra     s5, a0, s6
core   0: 3 0x8000b1a4 (0x41655ab3) x21 0xfffffe00
core   0: 0x8000b1a8 (0x00000013) nop
core   0: 3 0x8000b1a8 (0x00000013)
core   0: 0x8000b1ac (0x78d46993) ori     s3, s0, 1933
core   0: 3 0x8000b1ac (0x78d46993) x19 0x001fffff
core   0: 0x8000b1b0 (0x006e2db3) slt     s11, t3, t1
core   0: 3 0x8000b1b0 (0x006e2db3) x27 0x00000000
core   0: 0x8000b1b4 (0x413a5a33) sra     s4, s4, s3
core   0: 3 0x8000b1b4 (0x413a5a33) x20 0x00000000
core   0: 0x8000b1b8 (0x3f740013) addi    zero, s0, 1015
core   0: 3 0x8000b1b8 (0x3f740013)
core   0: 0x8000b1bc (0x5c434113) xori    sp, t1, 1476
core   0: 3 0x8000b1bc (0x5c434113) x 2 0x997005c4
core   0: 0x8000b1c0 (0x40fd5d93) srai    s11, s10, 15
core   0: 3 0x8000b1c0 (0x40fd5d93) x27 0x00000000
core   0: 0x8000b1c4 (0x017fa3b3) slt     t2, t6, s7
core   0: 3 0x8000b1c4 (0x017fa3b3) x 7 0x00000000
core   0: 0x8000b1c8 (0x01701d33) sll     s10, zero, s7
core   0: 3 0x8000b1c8 (0x01701d33) x26 0x00000000
core   0: 0x8000b1cc (0x84ed2293) slti    t0, s10, -1970
core   0: 3 0x8000b1cc (0x84ed2293) x 5 0x00000000
core   0: 0x8000b1d0 (0x001ec2b3) xor     t0, t4, ra
core   0: 3 0x8000b1d0 (0x001ec2b3) x 5 0x90010deb
core   0: 0x8000b1d4 (0xb237f193) andi    gp, a5, -1245
core   0: 3 0x8000b1d4 (0xb237f193) x 3 0xfffffb00
core   0: 0x8000b1d8 (0xb26eaa93) slti    s5, t4, -1242
core   0: 3 0x8000b1d8 (0xb26eaa93) x21 0x00000001
core   0: 0x8000b1dc (0x0098d433) srl     s0, a7, s1
core   0: 3 0x8000b1dc (0x0098d433) x 8 0x00000fff
core   0: 0x8000b1e0 (0x01e67733) and     a4, a2, t5
core   0: 3 0x8000b1e0 (0x01e67733) x14 0x00000000
core   0: 0x8000b1e4 (0x404556b3) sra     a3, a0, tp
core   0: 3 0x8000b1e4 (0x404556b3) x13 0x80014ce4
core   0: 0x8000b1e8 (0x6932c693) xori    a3, t0, 1683
core   0: 3 0x8000b1e8 (0x6932c693) x13 0x90010b78
core   0: 0x8000b1ec (0xf64ab393) sltiu   t2, s5, -156
core   0: 3 0x8000b1ec (0xf64ab393) x 7 0x00000001
core   0: 0x8000b1f0 (0x0088d813) srli    a6, a7, 8
core   0: 3 0x8000b1f0 (0x0088d813) x16 0x00ffffe1
core   0: 0x8000b1f4 (0x24faad13) slti    s10, s5, 591
core   0: 3 0x8000b1f4 (0x24faad13) x26 0x00000001
core   0: 0x8000b1f8 (0x40a380b3) sub     ra, t2, a0
core   0: 3 0x8000b1f8 (0x40a380b3) x 1 0x7ffeb31d
core   0: 0x8000b1fc (0x000f1d93) slli    s11, t5, 0
core   0: 3 0x8000b1fc (0x000f1d93) x27 0x65c00000
core   0: 0x8000b200 (0x418a8db3) sub     s11, s5, s8
core   0: 3 0x8000b200 (0x418a8db3) x27 0x003d81c2
core   0: 0x8000b204 (0x40d450b3) sra     ra, s0, a3
core   0: 3 0x8000b204 (0x40d450b3) x 1 0x00000000
core   0: 0x8000b208 (0x3320ea93) ori     s5, ra, 818
core   0: 3 0x8000b208 (0x3320ea93) x21 0x00000332
core   0: 0x8000b20c (0x40af86b3) sub     a3, t6, a0
core   0: 3 0x8000b20c (0x40af86b3) x13 0xeae82490
core   0: 0x8000b210 (0x004df9b3) and     s3, s11, tp
core   0: 3 0x8000b210 (0x004df9b3) x19 0x00010000
core   0: 0x8000b214 (0x00331e33) sll     t3, t1, gp
core   0: 3 0x8000b214 (0x00331e33) x28 0x99700000
core   0: 0x8000b218 (0x004ce2b3) or      t0, s9, tp
core   0: 3 0x8000b218 (0x004ce2b3) x 5 0xa94f6000
core   0: 0x8000b21c (0x010837b3) sltu    a5, a6, a6
core   0: 3 0x8000b21c (0x010837b3) x15 0x00000000
core   0: 0x8000b220 (0x007f5933) srl     s2, t5, t2
core   0: 3 0x8000b220 (0x007f5933) x18 0x32e00000
core   0: 0x8000b224 (0x38900f93) li      t6, 905
core   0: 3 0x8000b224 (0x38900f93) x31 0x00000389
core   0: 0x8000b228 (0x01d9dd93) srli    s11, s3, 29
core   0: 3 0x8000b228 (0x01d9dd93) x27 0x00000000
core   0: 0x8000b22c (0x015cb133) sltu    sp, s9, s5
core   0: 3 0x8000b22c (0x015cb133) x 2 0x00000000
core   0: 0x8000b230 (0x007e77b3) and     a5, t3, t2
core   0: 3 0x8000b230 (0x007e77b3) x15 0x00000000
core   0: 0x8000b234 (0x0081ca33) xor     s4, gp, s0
core   0: 3 0x8000b234 (0x0081ca33) x20 0xfffff4ff
core   0: 0x8000b238 (0x00c5aa33) slt     s4, a1, a2
core   0: 3 0x8000b238 (0x00c5aa33) x20 0x00000001
core   0: 0x8000b23c (0x01151193) slli    gp, a0, 17
core   0: 3 0x8000b23c (0x01151193) x 3 0x99c80000
core   0: 0x8000b240 (0x0008a233) slt     tp, a7, zero
core   0: 3 0x8000b240 (0x0008a233) x 4 0x00000001
core   0: 0x8000b244 (0x0035d3b3) srl     t2, a1, gp
core   0: 3 0x8000b244 (0x0035d3b3) x 7 0x80010e64
core   0: 0x8000b248 (0x007f9fb3) sll     t6, t6, t2
core   0: 3 0x8000b248 (0x007f9fb3) x31 0x00003890
core   0: 0x8000b24c (0x01332133) slt     sp, t1, s3
core   0: 3 0x8000b24c (0x01332133) x 2 0x00000001
core   0: 0x8000b250 (0x004dccb3) xor     s9, s11, tp
core   0: 3 0x8000b250 (0x004dccb3) x25 0x00000001
core   0: 0x8000b254 (0x00000013) nop
core   0: 3 0x8000b254 (0x00000013)
core   0: 0x8000b258 (0x6f583f13) sltiu   t5, a6, 1781
core   0: 3 0x8000b258 (0x6f583f13) x30 0x00000000
core   0: 0x8000b25c (0x010ba1b3) slt     gp, s7, a6
core   0: 3 0x8000b25c (0x010ba1b3) x 3 0x00000001
core   0: 0x8000b260 (0x00d668b3) or      a7, a2, a3
core   0: 3 0x8000b260 (0x00d668b3) x17 0xeae82490
core   0: 0x8000b264 (0xf99cc813) xori    a6, s9, -103
core   0: 3 0x8000b264 (0xf99cc813) x16 0xffffff98
core   0: 0x8000b268 (0x64d88193) addi    gp, a7, 1613
core   0: 3 0x8000b268 (0x64d88193) x 3 0xeae82add
core   0: 0x8000b26c (0xcf0f1cb7) lui     s9, 0xcf0f1
core   0: 3 0x8000b26c (0xcf0f1cb7) x25 0xcf0f1000
core   0: 0x8000b270 (0x52e70f13) addi    t5, a4, 1326
core   0: 3 0x8000b270 (0x52e70f13) x30 0x0000052e
core   0: 0x8000b274 (0x00801733) sll     a4, zero, s0
core   0: 3 0x8000b274 (0x00801733) x14 0x00000000
core   0: 0x8000b278 (0x00266033) or      zero, a2, sp
core   0: 3 0x8000b278 (0x00266033)
core   0: 0x8000b27c (0x40d18433) sub     s0, gp, a3
core   0: 3 0x8000b27c (0x40d18433) x 8 0x0000064d
core   0: 0x8000b280 (0x01257e33) and     t3, a0, s2
core   0: 3 0x8000b280 (0x01257e33) x28 0x00000000
core   0: 0x8000b284 (0x01131f93) slli    t6, t1, 17
core   0: 3 0x8000b284 (0x01131f93) x31 0x00000000
core   0: 0x8000b288 (0x007642b3) xor     t0, a2, t2
core   0: 3 0x8000b288 (0x007642b3) x 5 0x80010e64
core   0: 0x8000b28c (0x00278833) add     a6, a5, sp
core   0: 3 0x8000b28c (0x00278833) x16 0x00000001
core   0: 0x8000b290 (0xd07ef013) andi    zero, t4, -761
core   0: 3 0x8000b290 (0xd07ef013)
core   0: 0x8000b294 (0x00e65bb3) srl     s7, a2, a4
core   0: 3 0x8000b294 (0x00e65bb3) x23 0x00000000
core   0: 0x8000b298 (0x000df433) and     s0, s11, zero
core   0: 3 0x8000b298 (0x000df433) x 8 0x00000000
core   0: 0x8000b29c (0xe416cb93) xori    s7, a3, -447
core   0: 3 0x8000b29c (0xe416cb93) x23 0x1517dad1
core   0: 0x8000b2a0 (0x00000013) nop
core   0: 3 0x8000b2a0 (0x00000013)
core   0: 0x8000b2a4 (0xc96ac837) lui     a6, 0xc96ac
core   0: 3 0x8000b2a4 (0xc96ac837) x16 0xc96ac000
core   0: 0x8000b2a8 (0x00ec9a93) slli    s5, s9, 14
core   0: 3 0x8000b2a8 (0x00ec9a93) x21 0xc4000000
core   0: 0x8000b2ac (0x1ee7f013) andi    zero, a5, 494
core   0: 3 0x8000b2ac (0x1ee7f013)
core   0: 0x8000b2b0 (0xa2ade413) ori     s0, s11, -1494
core   0: 3 0x8000b2b0 (0xa2ade413) x 8 0xfffffa2a
core   0: 0x8000b2b4 (0xf91ab797) auipc   a5, 0xf91ab
core   0: 3 0x8000b2b4 (0xf91ab797) x15 0x791b62b4
core   0: 0x8000b2b8 (0x001c28b3) slt     a7, s8, ra
core   0: 3 0x8000b2b8 (0x001c28b3) x17 0x00000001
core   0: 0x8000b2bc (0x75b8a213) slti    tp, a7, 1883
core   0: 3 0x8000b2bc (0x75b8a213) x 4 0x00000001
core   0: 0x8000b2c0 (0x9e2ad197) auipc   gp, 0x9e2ad
core   0: 3 0x8000b2c0 (0x9e2ad197) x 3 0x1e2b82c0
core   0: 0x8000b2c4 (0x01056933) or      s2, a0, a6
core   0: 3 0x8000b2c4 (0x01056933) x18 0xc96bcce4
core   0: 0x8000b2c8 (0x00c3cbb3) xor     s7, t2, a2
core   0: 3 0x8000b2c8 (0x00c3cbb3) x23 0x80010e64
core   0: 0x8000b2cc (0x01f58833) add     a6, a1, t6
core   0: 3 0x8000b2cc (0x01f58833) x16 0x80010e64
core   0: 0x8000b2d0 (0x00481333) sll     t1, a6, tp
core   0: 3 0x8000b2d0 (0x00481333) x 6 0x00021cc8
core   0: 0x8000b2d4 (0x00211913) slli    s2, sp, 2
core   0: 3 0x8000b2d4 (0x00211913) x18 0x00000004
core   0: 0x8000b2d8 (0x4084d933) sra     s2, s1, s0
core   0: 3 0x8000b2d8 (0x4084d933) x18 0xfffffffc
core   0: 0x8000b2dc (0x01235893) srli    a7, t1, 18
core   0: 3 0x8000b2dc (0x01235893) x17 0x00000000
core   0: 0x8000b2e0 (0x0093e6b3) or      a3, t2, s1
core   0: 3 0x8000b2e0 (0x0093e6b3) x13 0xfffffef4
core   0: 0x8000b2e4 (0x002ac633) xor     a2, s5, sp
core   0: 3 0x8000b2e4 (0x002ac633) x12 0xc4000001
core   0: 0x8000b2e8 (0x00b3cb33) xor     s6, t2, a1
core   0: 3 0x8000b2e8 (0x00b3cb33) x22 0x00000000
core   0: 0x8000b2ec (0x01944cb3) xor     s9, s0, s9
core   0: 3 0x8000b2ec (0x01944cb3) x25 0x30f0ea2a
core   0: 0x8000b2f0 (0x00375013) srli    zero, a4, 3
core   0: 3 0x8000b2f0 (0x00375013)
core   0: 0x8000b2f4 (0x00769333) sll     t1, a3, t2
core   0: 3 0x8000b2f4 (0x00769333) x 6 0xffffef40
core   0: 0x8000b2f8 (0x8a30f013) andi    zero, ra, -1885
core   0: 3 0x8000b2f8 (0x8a30f013)
core   0: 0x8000b2fc (0x917d6417) auipc   s0, 0x917d6
core   0: 3 0x8000b2fc (0x917d6417) x 8 0x117e12fc
core   0: 0x8000b300 (0xc4efaf13) slti    t5, t6, -946
core   0: 3 0x8000b300 (0xc4efaf13) x30 0x00000000
core   0: 0x8000b304 (0x417ed313) srai    t1, t4, 23
core   0: 3 0x8000b304 (0x417ed313) x 6 0xffffff20
core   0: 0x8000b308 (0x01d77b33) and     s6, a4, t4
core   0: 3 0x8000b308 (0x01d77b33) x22 0x00000000
core   0: 0x8000b30c (0x407b5613) srai    a2, s6, 7
core   0: 3 0x8000b30c (0x407b5613) x12 0x00000000
core   0: 0x8000b310 (0x8b2ac113) xori    sp, s5, -1870
core   0: 3 0x8000b310 (0x8b2ac113) x 2 0x3bfff8b2
core   0: 0x8000b314 (0x41f85393) srai    t2, a6, 31
core   0: 3 0x8000b314 (0x41f85393) x 7 0xffffffff
core   0: 0x8000b318 (0x41addbb3) sra     s7, s11, s10
core   0: 3 0x8000b318 (0x41addbb3) x23 0x00000000
core   0: 0x8000b31c (0x001a74b3) and     s1, s4, ra
core   0: 3 0x8000b31c (0x001a74b3) x 9 0x00000000
core   0: 0x8000b320 (0xd1fc0793) addi    a5, s8, -737
core   0: 3 0x8000b320 (0xd1fc0793) x15 0xffc27b5e
core   0: 0x8000b324 (0x01cf2133) slt     sp, t5, t3
core   0: 3 0x8000b324 (0x01cf2133) x 2 0x00000000
core   0: 0x8000b328 (0x000c7db3) and     s11, s8, zero
core   0: 3 0x8000b328 (0x000c7db3) x27 0x00000000
core   0: 0x8000b32c (0x00000c17) auipc   s8, 0x0
core   0: 3 0x8000b32c (0x00000c17) x24 0x8000b32c
core   0: 0x8000b330 (0x00cc0c13) addi    s8, s8, 12
core   0: 3 0x8000b330 (0x00cc0c13) x24 0x8000b338
core   0: 0x8000b334 (0x000c0067) jr      s8
core   0: 3 0x8000b334 (0x000c0067)
core   0: 0x8000b338 (0x00100193) li      gp, 1
core   0: 3 0x8000b338 (0x00100193) x 3 0x00000001
core   0: 0x8000b33c (0x00000073) ecall
core   0: exception trap_machine_ecall, epc 0x8000b33c
core   0: >>>>  mtvec_handler
core   0: 0x8000b350 (0xffc50513) addi    a0, a0, -4
core   0: 3 0x8000b350 (0xffc50513) x10 0x80014ce0
core   0: 0x8000b354 (0x00b52023) sw      a1, 0(a0)
core   0: 3 0x8000b354 (0x00b52023) mem 0x80014ce0 0x80010e64
core   0: 0x8000b358 (0x000505b3) add     a1, a0, zero
core   0: 3 0x8000b358 (0x000505b3) x11 0x80014ce0
core   0: 0x8000b35c (0xf8058593) addi    a1, a1, -128
core   0: 3 0x8000b35c (0xf8058593) x11 0x80014c60
core   0: 0x8000b360 (0x0015a223) sw      ra, 4(a1)
core   0: 3 0x8000b360 (0x0015a223) mem 0x80014c64 0x00000000
core   0: 0x8000b364 (0x0025a423) sw      sp, 8(a1)
core   0: 3 0x8000b364 (0x0025a423) mem 0x80014c68 0x00000000
core   0: 0x8000b368 (0x0035a623) sw      gp, 12(a1)
core   0: 3 0x8000b368 (0x0035a623) mem 0x80014c6c 0x00000001
core   0: 0x8000b36c (0x0045a823) sw      tp, 16(a1)
core   0: 3 0x8000b36c (0x0045a823) mem 0x80014c70 0x00000001
core   0: 0x8000b370 (0x0055aa23) sw      t0, 20(a1)
core   0: 3 0x8000b370 (0x0055aa23) mem 0x80014c74 0x80010e64
core   0: 0x8000b374 (0x0065ac23) sw      t1, 24(a1)
core   0: 3 0x8000b374 (0x0065ac23) mem 0x80014c78 0xffffff20
core   0: 0x8000b378 (0x0075ae23) sw      t2, 28(a1)
core   0: 3 0x8000b378 (0x0075ae23) mem 0x80014c7c 0xffffffff
core   0: 0x8000b37c (0x0285a023) sw      s0, 32(a1)
core   0: 3 0x8000b37c (0x0285a023) mem 0x80014c80 0x117e12fc
core   0: 0x8000b380 (0x0295a223) sw      s1, 36(a1)
core   0: 3 0x8000b380 (0x0295a223) mem 0x80014c84 0x00000000
core   0: 0x8000b384 (0x02a5a423) sw      a0, 40(a1)
core   0: 3 0x8000b384 (0x02a5a423) mem 0x80014c88 0x80014ce0
core   0: 0x8000b388 (0x02b5a623) sw      a1, 44(a1)
core   0: 3 0x8000b388 (0x02b5a623) mem 0x80014c8c 0x80014c60
core   0: 0x8000b38c (0x02c5a823) sw      a2, 48(a1)
core   0: 3 0x8000b38c (0x02c5a823) mem 0x80014c90 0x00000000
core   0: 0x8000b390 (0x02d5aa23) sw      a3, 52(a1)
core   0: 3 0x8000b390 (0x02d5aa23) mem 0x80014c94 0xfffffef4
core   0: 0x8000b394 (0x02e5ac23) sw      a4, 56(a1)
core   0: 3 0x8000b394 (0x02e5ac23) mem 0x80014c98 0x00000000
core   0: 0x8000b398 (0x02f5ae23) sw      a5, 60(a1)
core   0: 3 0x8000b398 (0x02f5ae23) mem 0x80014c9c 0xffc27b5e
core   0: 0x8000b39c (0x0505a023) sw      a6, 64(a1)
core   0: 3 0x8000b39c (0x0505a023) mem 0x80014ca0 0x80010e64
core   0: 0x8000b3a0 (0x0515a223) sw      a7, 68(a1)
core   0: 3 0x8000b3a0 (0x0515a223) mem 0x80014ca4 0x00000000
core   0: 0x8000b3a4 (0x0525a423) sw      s2, 72(a1)
core   0: 3 0x8000b3a4 (0x0525a423) mem 0x80014ca8 0xfffffffc
core   0: 0x8000b3a8 (0x0535a623) sw      s3, 76(a1)
core   0: 3 0x8000b3a8 (0x0535a623) mem 0x80014cac 0x00010000
core   0: 0x8000b3ac (0x0545a823) sw      s4, 80(a1)
core   0: 3 0x8000b3ac (0x0545a823) mem 0x80014cb0 0x00000001
core   0: 0x8000b3b0 (0x0555aa23) sw      s5, 84(a1)
core   0: 3 0x8000b3b0 (0x0555aa23) mem 0x80014cb4 0xc4000000
core   0: 0x8000b3b4 (0x0565ac23) sw      s6, 88(a1)
core   0: 3 0x8000b3b4 (0x0565ac23) mem 0x80014cb8 0x00000000
core   0: 0x8000b3b8 (0x0575ae23) sw      s7, 92(a1)
core   0: 3 0x8000b3b8 (0x0575ae23) mem 0x80014cbc 0x00000000
core   0: 0x8000b3bc (0x0785a023) sw      s8, 96(a1)
core   0: 3 0x8000b3bc (0x0785a023) mem 0x80014cc0 0x8000b338
core   0: 0x8000b3c0 (0x0795a223) sw      s9, 100(a1)
core   0: 3 0x8000b3c0 (0x0795a223) mem 0x80014cc4 0x30f0ea2a
core   0: 0x8000b3c4 (0x07a5a423) sw      s10, 104(a1)
core   0: 3 0x8000b3c4 (0x07a5a423) mem 0x80014cc8 0x00000001
core   0: 0x8000b3c8 (0x07b5a623) sw      s11, 108(a1)
core   0: 3 0x8000b3c8 (0x07b5a623) mem 0x80014ccc 0x00000000
core   0: 0x8000b3cc (0x07c5a823) sw      t3, 112(a1)
core   0: 3 0x8000b3cc (0x07c5a823) mem 0x80014cd0 0x00000000
core   0: 0x8000b3d0 (0x07d5aa23) sw      t4, 116(a1)
core   0: 3 0x8000b3d0 (0x07d5aa23) mem 0x80014cd4 0x90010deb
core   0: 0x8000b3d4 (0x07e5ac23) sw      t5, 120(a1)
core   0: 3 0x8000b3d4 (0x07e5ac23) mem 0x80014cd8 0x00000000
core   0: 0x8000b3d8 (0x07f5ae23) sw      t6, 124(a1)
core   0: 3 0x8000b3d8 (0x07f5ae23) mem 0x80014cdc 0x00000000
core   0: 0x8000b3dc (0x00058533) add     a0, a1, zero
core   0: 3 0x8000b3dc (0x00058533) x10 0x80014c60
core   0: 0x8000b3e0 (0x30002bf3) csrr    s7, mstatus
core   0: 3 0x8000b3e0 (0x30002bf3) x23 0x00001800
core   0: 0x8000b3e4 (0x34202bf3) csrr    s7, mcause
core   0: 3 0x8000b3e4 (0x34202bf3) x23 0x0000000b
core   0: 0x8000b3e8 (0x01fbdb93) srli    s7, s7, 31
core   0: 3 0x8000b3e8 (0x01fbdb93) x23 0x00000000
core   0: 0x8000b3ec (0x400b9463) bnez    s7, pc + 1032
core   0: 3 0x8000b3ec (0x400b9463)
core   0: 0x8000b3f0 (0x34102bf3) csrr    s7, mepc
core   0: 3 0x8000b3f0 (0x34102bf3) x23 0x8000b33c
core   0: 0x8000b3f4 (0x34202bf3) csrr    s7, mcause
core   0: 3 0x8000b3f4 (0x34202bf3) x23 0x0000000b
core   0: 0x8000b3f8 (0x00300993) li      s3, 3
core   0: 3 0x8000b3f8 (0x00300993) x19 0x00000003
core   0: 0x8000b3fc (0x2b3b8a63) beq     s7, s3, pc + 692
core   0: 3 0x8000b3fc (0x2b3b8a63)
core   0: 0x8000b400 (0x00800993) li      s3, 8
core   0: 3 0x8000b400 (0x00800993) x19 0x00000008
core   0: 0x8000b404 (0x053b8e63) beq     s7, s3, pc + 92
core   0: 3 0x8000b404 (0x053b8e63)
core   0: 0x8000b408 (0x00900993) li      s3, 9
core   0: 3 0x8000b408 (0x00900993) x19 0x00000009
core   0: 0x8000b40c (0x053b8a63) beq     s7, s3, pc + 84
core   0: 3 0x8000b40c (0x053b8a63)
core   0: 0x8000b410 (0x00b00993) li      s3, 11
core   0: 3 0x8000b410 (0x00b00993) x19 0x0000000b
core   0: 0x8000b414 (0x053b8663) beq     s7, s3, pc + 76
core   0: 3 0x8000b414 (0x053b8663)
core   0: 0x8000b460 (0xffff5b97) auipc   s7, 0xffff5
core   0: 3 0x8000b460 (0xffff5b97) x23 0x80000460
core   0: 0x8000b464 (0xba0b8b93) addi    s7, s7, -1120
core   0: 3 0x8000b464 (0xba0b8b93) x23 0x80000000
core   0: 0x8000b468 (0x000ba023) sw      zero, 0(s7)
core   0: 3 0x8000b468 (0x000ba023) mem 0x80000000 0x00000000
core   0: 0x8000b46c (0x001ba223) sw      ra, 4(s7)
core   0: 3 0x8000b46c (0x001ba223) mem 0x80000004 0x00000000
core   0: 0x8000b470 (0x002ba423) sw      sp, 8(s7)
core   0: 3 0x8000b470 (0x002ba423) mem 0x80000008 0x00000000
core   0: 0x8000b474 (0x003ba623) sw      gp, 12(s7)
core   0: 3 0x8000b474 (0x003ba623) mem 0x8000000c 0x00000001
core   0: 0x8000b478 (0x004ba823) sw      tp, 16(s7)
core   0: 3 0x8000b478 (0x004ba823) mem 0x80000010 0x00000001
core   0: 0x8000b47c (0x005baa23) sw      t0, 20(s7)
core   0: 3 0x8000b47c (0x005baa23) mem 0x80000014 0x80010e64
core   0: 0x8000b480 (0x006bac23) sw      t1, 24(s7)
core   0: 3 0x8000b480 (0x006bac23) mem 0x80000018 0xffffff20
core   0: 0x8000b484 (0x007bae23) sw      t2, 28(s7)
core   0: 3 0x8000b484 (0x007bae23) mem 0x8000001c 0xffffffff
core   0: 0x8000b488 (0x028ba023) sw      s0, 32(s7)
core   0: 3 0x8000b488 (0x028ba023) mem 0x80000020 0x117e12fc
core   0: 0x8000b48c (0x029ba223) sw      s1, 36(s7)
core   0: 3 0x8000b48c (0x029ba223) mem 0x80000024 0x00000000
core   0: 0x8000b490 (0x02aba423) sw      a0, 40(s7)
core   0: 3 0x8000b490 (0x02aba423) mem 0x80000028 0x80014c60
core   0: 0x8000b494 (0x02bba623) sw      a1, 44(s7)
core   0: 3 0x8000b494 (0x02bba623) mem 0x8000002c 0x80014c60
core   0: 0x8000b498 (0x02cba823) sw      a2, 48(s7)
core   0: 3 0x8000b498 (0x02cba823) mem 0x80000030 0x00000000
core   0: 0x8000b49c (0x02dbaa23) sw      a3, 52(s7)
core   0: 3 0x8000b49c (0x02dbaa23) mem 0x80000034 0xfffffef4
core   0: 0x8000b4a0 (0x02ebac23) sw      a4, 56(s7)
core   0: 3 0x8000b4a0 (0x02ebac23) mem 0x80000038 0x00000000
core   0: 0x8000b4a4 (0x02fbae23) sw      a5, 60(s7)
core   0: 3 0x8000b4a4 (0x02fbae23) mem 0x8000003c 0xffc27b5e
core   0: 0x8000b4a8 (0x050ba023) sw      a6, 64(s7)
core   0: 3 0x8000b4a8 (0x050ba023) mem 0x80000040 0x80010e64
core   0: 0x8000b4ac (0x051ba223) sw      a7, 68(s7)
core   0: 3 0x8000b4ac (0x051ba223) mem 0x80000044 0x00000000
core   0: 0x8000b4b0 (0x052ba423) sw      s2, 72(s7)
core   0: 3 0x8000b4b0 (0x052ba423) mem 0x80000048 0xfffffffc
core   0: 0x8000b4b4 (0x053ba623) sw      s3, 76(s7)
core   0: 3 0x8000b4b4 (0x053ba623) mem 0x8000004c 0x0000000b
core   0: 0x8000b4b8 (0x054ba823) sw      s4, 80(s7)
core   0: 3 0x8000b4b8 (0x054ba823) mem 0x80000050 0x00000001
core   0: 0x8000b4bc (0x055baa23) sw      s5, 84(s7)
core   0: 3 0x8000b4bc (0x055baa23) mem 0x80000054 0xc4000000
core   0: 0x8000b4c0 (0x056bac23) sw      s6, 88(s7)
core   0: 3 0x8000b4c0 (0x056bac23) mem 0x80000058 0x00000000
core   0: 0x8000b4c4 (0x057bae23) sw      s7, 92(s7)
core   0: 3 0x8000b4c4 (0x057bae23) mem 0x8000005c 0x80000000
core   0: 0x8000b4c8 (0x078ba023) sw      s8, 96(s7)
core   0: 3 0x8000b4c8 (0x078ba023) mem 0x80000060 0x8000b338
core   0: 0x8000b4cc (0x079ba223) sw      s9, 100(s7)
core   0: 3 0x8000b4cc (0x079ba223) mem 0x80000064 0x30f0ea2a
core   0: 0x8000b4d0 (0x07aba423) sw      s10, 104(s7)
core   0: 3 0x8000b4d0 (0x07aba423) mem 0x80000068 0x00000001
core   0: 0x8000b4d4 (0x07bba623) sw      s11, 108(s7)
core   0: 3 0x8000b4d4 (0x07bba623) mem 0x8000006c 0x00000000
core   0: 0x8000b4d8 (0x07cba823) sw      t3, 112(s7)
core   0: 3 0x8000b4d8 (0x07cba823) mem 0x80000070 0x00000000
core   0: 0x8000b4dc (0x07dbaa23) sw      t4, 116(s7)
core   0: 3 0x8000b4dc (0x07dbaa23) mem 0x80000074 0x90010deb
core   0: 0x8000b4e0 (0x07ebac23) sw      t5, 120(s7)
core   0: 3 0x8000b4e0 (0x07ebac23) mem 0x80000078 0x00000000
core   0: 0x8000b4e4 (0x07fbae23) sw      t6, 124(s7)
core   0: 3 0x8000b4e4 (0x07fbae23) mem 0x8000007c 0x00000000
core   0: 0x8000b4e8 (0x00000c17) auipc   s8, 0x0
core   0: 3 0x8000b4e8 (0x00000c17) x24 0x8000b4e8
core   0: 0x8000b4ec (0xe58c0c13) addi    s8, s8, -424
core   0: 3 0x8000b4ec (0xe58c0c13) x24 0x8000b340
core   0: 0x8000b4f0 (0x000c0067) jr      s8
core   0: 3 0x8000b4f0 (0x000c0067)
core   0: 0x8000b340 (0x00001f17) auipc   t5, 0x1
core   0: 3 0x8000b340 (0x00001f17) x30 0x8000c340
core   0: 0x8000b344 (0xcc3f2023) sw      gp, -832(t5)
core   0: 3 0x8000b344 (0xcc3f2023) mem 0x8000c000 0x00000001
core   0: 0x8000b348 (0xff9ff06f) j       pc - 0x8
core   0: 3 0x8000b348 (0xff9ff06f)
core   0: 0x8000b340 (0x00001f17) auipc   t5, 0x1
core   0: 3 0x8000b340 (0x00001f17) x30 0x8000c340
core   0: 0x8000b344 (0xcc3f2023) sw      gp, -832(t5)
core   0: 3 0x8000b344 (0xcc3f2023) mem 0x8000c000 0x00000001
core   0: 0x8000b348 (0xff9ff06f) j       pc - 0x8
core   0: 3 0x8000b348 (0xff9ff06f)
core   0: 0x8000b340 (0x00001f17) auipc   t5, 0x1
core   0: 3 0x8000b340 (0x00001f17) x30 0x8000c340
core   0: 0x8000b344 (0xcc3f2023) sw      gp, -832(t5)
core   0: 3 0x8000b344 (0xcc3f2023) mem 0x8000c000 0x00000001
core   0: 0x8000b348 (0xff9ff06f) j       pc - 0x8
core   0: 3 0x8000b348 (0xff9ff06f)
core   0: 0x8000b340 (0x00001f17) auipc   t5, 0x1
core   0: 3 0x8000b340 (0x00001f17) x30 0x8000c340
core   0: 0x8000b344 (0xcc3f2023) sw      gp, -832(t5)
core   0: 3 0x8000b344 (0xcc3f2023) mem 0x8000c000 0x00000001
core   0: 0x8000b348 (0xff9ff06f) j       pc - 0x8
core   0: 3 0x8000b348 (0xff9ff06f)
core   0: 0x8000b340 (0x00001f17) auipc   t5, 0x1
core   0: 3 0x8000b340 (0x00001f17) x30 0x8000c340
core   0: 0x8000b344 (0xcc3f2023) sw      gp, -832(t5)
core   0: 3 0x8000b344 (0xcc3f2023) mem 0x8000c000 0x00000001
core   0: 0x8000b348 (0xff9ff06f) j       pc - 0x8
core   0: 3 0x8000b348 (0xff9ff06f)
core   0: 0x8000b340 (0x00001f17) auipc   t5, 0x1
core   0: 3 0x8000b340 (0x00001f17) x30 0x8000c340
core   0: 0x8000b344 (0xcc3f2023) sw      gp, -832(t5)
core   0: 3 0x8000b344 (0xcc3f2023) mem 0x8000c000 0x00000001
core   0: 0x8000b348 (0xff9ff06f) j       pc - 0x8
core   0: 3 0x8000b348 (0xff9ff06f)
core   0: 0x8000b340 (0x00001f17) auipc   t5, 0x1
core   0: 3 0x8000b340 (0x00001f17) x30 0x8000c340
core   0: 0x8000b344 (0xcc3f2023) sw      gp, -832(t5)
core   0: 3 0x8000b344 (0xcc3f2023) mem 0x8000c000 0x00000001
core   0: 0x8000b348 (0xff9ff06f) j       pc - 0x8
core   0: 3 0x8000b348 (0xff9ff06f)
core   0: 0x8000b340 (0x00001f17) auipc   t5, 0x1
core   0: 3 0x8000b340 (0x00001f17) x30 0x8000c340
core   0: 0x8000b344 (0xcc3f2023) sw      gp, -832(t5)
core   0: 3 0x8000b344 (0xcc3f2023) mem 0x8000c000 0x00000001
core   0: 0x8000b348 (0xff9ff06f) j       pc - 0x8
core   0: 3 0x8000b348 (0xff9ff06f)
core   0: 0x8000b340 (0x00001f17) auipc   t5, 0x1
core   0: 3 0x8000b340 (0x00001f17) x30 0x8000c340
core   0: 0x8000b344 (0xcc3f2023) sw      gp, -832(t5)
core   0: 3 0x8000b344 (0xcc3f2023) mem 0x8000c000 0x00000001
core   0: 0x8000b348 (0xff9ff06f) j       pc - 0x8
core   0: 3 0x8000b348 (0xff9ff06f)
core   0: 0x8000b340 (0x00001f17) auipc   t5, 0x1
core   0: 3 0x8000b340 (0x00001f17) x30 0x8000c340
core   0: 0x8000b344 (0xcc3f2023) sw      gp, -832(t5)
core   0: 3 0x8000b344 (0xcc3f2023) mem 0x8000c000 0x00000001
core   0: 0x8000b348 (0xff9ff06f) j       pc - 0x8
core   0: 3 0x8000b348 (0xff9ff06f)
core   0: 0x8000b340 (0x00001f17) auipc   t5, 0x1
core   0: 3 0x8000b340 (0x00001f17) x30 0x8000c340
core   0: 0x8000b344 (0xcc3f2023) sw      gp, -832(t5)
core   0: 3 0x8000b344 (0xcc3f2023) mem 0x8000c000 0x00000001
core   0: 0x8000b348 (0xff9ff06f) j       pc - 0x8
core   0: 3 0x8000b348 (0xff9ff06f)
core   0: 0x8000b340 (0x00001f17) auipc   t5, 0x1
core   0: 3 0x8000b340 (0x00001f17) x30 0x8000c340
core   0: 0x8000b344 (0xcc3f2023) sw      gp, -832(t5)
core   0: 3 0x8000b344 (0xcc3f2023) mem 0x8000c000 0x00000001
core   0: 0x8000b348 (0xff9ff06f) j       pc - 0x8
core   0: 3 0x8000b348 (0xff9ff06f)
core   0: 0x8000b340 (0x00001f17) auipc   t5, 0x1
core   0: 3 0x8000b340 (0x00001f17) x30 0x8000c340
core   0: 0x8000b344 (0xcc3f2023) sw      gp, -832(t5)
core   0: 3 0x8000b344 (0xcc3f2023) mem 0x8000c000 0x00000001
core   0: 0x8000b348 (0xff9ff06f) j       pc - 0x8
core   0: 3 0x8000b348 (0xff9ff06f)
core   0: 0x8000b340 (0x00001f17) auipc   t5, 0x1
core   0: 3 0x8000b340 (0x00001f17) x30 0x8000c340
core   0: 0x8000b344 (0xcc3f2023) sw      gp, -832(t5)
core   0: 3 0x8000b344 (0xcc3f2023) mem 0x8000c000 0x00000001
core   0: 0x8000b348 (0xff9ff06f) j       pc - 0x8
core   0: 3 0x8000b348 (0xff9ff06f)
core   0: 0x8000b340 (0x00001f17) auipc   t5, 0x1
core   0: 3 0x8000b340 (0x00001f17) x30 0x8000c340
core   0: 0x8000b344 (0xcc3f2023) sw      gp, -832(t5)
core   0: 3 0x8000b344 (0xcc3f2023) mem 0x8000c000 0x00000001
core   0: 0x8000b348 (0xff9ff06f) j       pc - 0x8
core   0: 3 0x8000b348 (0xff9ff06f)
core   0: 0x8000b340 (0x00001f17) auipc   t5, 0x1
core   0: 3 0x8000b340 (0x00001f17) x30 0x8000c340
core   0: 0x8000b344 (0xcc3f2023) sw      gp, -832(t5)
core   0: 3 0x8000b344 (0xcc3f2023) mem 0x8000c000 0x00000001
core   0: 0x8000b348 (0xff9ff06f) j       pc - 0x8
core   0: 3 0x8000b348 (0xff9ff06f)
core   0: 0x8000b340 (0x00001f17) auipc   t5, 0x1
core   0: 3 0x8000b340 (0x00001f17) x30 0x8000c340
core   0: 0x8000b344 (0xcc3f2023) sw      gp, -832(t5)
core   0: 3 0x8000b344 (0xcc3f2023) mem 0x8000c000 0x00000001
core   0: 0x8000b348 (0xff9ff06f) j       pc - 0x8
core   0: 3 0x8000b348 (0xff9ff06f)
core   0: 0x8000b340 (0x00001f17) auipc   t5, 0x1
core   0: 3 0x8000b340 (0x00001f17) x30 0x8000c340
core   0: 0x8000b344 (0xcc3f2023) sw      gp, -832(t5)
core   0: 3 0x8000b344 (0xcc3f2023) mem 0x8000c000 0x00000001
core   0: 0x8000b348 (0xff9ff06f) j       pc - 0x8
core   0: 3 0x8000b348 (0xff9ff06f)
core   0: 0x8000b340 (0x00001f17) auipc   t5, 0x1
core   0: 3 0x8000b340 (0x00001f17) x30 0x8000c340
core   0: 0x8000b344 (0xcc3f2023) sw      gp, -832(t5)
core   0: 3 0x8000b344 (0xcc3f2023) mem 0x8000c000 0x00000001
core   0: 0x8000b348 (0xff9ff06f) j       pc - 0x8
core   0: 3 0x8000b348 (0xff9ff06f)
core   0: 0x8000b340 (0x00001f17) auipc   t5, 0x1
core   0: 3 0x8000b340 (0x00001f17) x30 0x8000c340
core   0: 0x8000b344 (0xcc3f2023) sw      gp, -832(t5)
core   0: 3 0x8000b344 (0xcc3f2023) mem 0x8000c000 0x00000001
core   0: 0x8000b348 (0xff9ff06f) j       pc - 0x8
core   0: 3 0x8000b348 (0xff9ff06f)
core   0: 0x8000b340 (0x00001f17) auipc   t5, 0x1
core   0: 3 0x8000b340 (0x00001f17) x30 0x8000c340
core   0: 0x8000b344 (0xcc3f2023) sw      gp, -832(t5)
core   0: 3 0x8000b344 (0xcc3f2023) mem 0x8000c000 0x00000001
core   0: 0x8000b348 (0xff9ff06f) j       pc - 0x8
core   0: 3 0x8000b348 (0xff9ff06f)
core   0: 0x8000b340 (0x00001f17) auipc   t5, 0x1
core   0: 3 0x8000b340 (0x00001f17) x30 0x8000c340
core   0: 0x8000b344 (0xcc3f2023) sw      gp, -832(t5)
core   0: 3 0x8000b344 (0xcc3f2023) mem 0x8000c000 0x00000001
core   0: 0x8000b348 (0xff9ff06f) j       pc - 0x8
core   0: 3 0x8000b348 (0xff9ff06f)
core   0: 0x8000b340 (0x00001f17) auipc   t5, 0x1
core   0: 3 0x8000b340 (0x00001f17) x30 0x8000c340
core   0: 0x8000b344 (0xcc3f2023) sw      gp, -832(t5)
core   0: 3 0x8000b344 (0xcc3f2023) mem 0x8000c000 0x00000001
core   0: 0x8000b348 (0xff9ff06f) j       pc - 0x8
core   0: 3 0x8000b348 (0xff9ff06f)
core   0: 0x8000b340 (0x00001f17) auipc   t5, 0x1
core   0: 3 0x8000b340 (0x00001f17) x30 0x8000c340
core   0: 0x8000b344 (0xcc3f2023) sw      gp, -832(t5)
core   0: 3 0x8000b344 (0xcc3f2023) mem 0x8000c000 0x00000001
core   0: 0x8000b348 (0xff9ff06f) j       pc - 0x8
core   0: 3 0x8000b348 (0xff9ff06f)
core   0: 0x8000b340 (0x00001f17) auipc   t5, 0x1
core   0: 3 0x8000b340 (0x00001f17) x30 0x8000c340
core   0: 0x8000b344 (0xcc3f2023) sw      gp, -832(t5)
core   0: 3 0x8000b344 (0xcc3f2023) mem 0x8000c000 0x00000001
core   0: 0x8000b348 (0xff9ff06f) j       pc - 0x8
core   0: 3 0x8000b348 (0xff9ff06f)
core   0: 0x8000b340 (0x00001f17) auipc   t5, 0x1
core   0: 3 0x8000b340 (0x00001f17) x30 0x8000c340
core   0: 0x8000b344 (0xcc3f2023) sw      gp, -832(t5)
core   0: 3 0x8000b344 (0xcc3f2023) mem 0x8000c000 0x00000001
core   0: 0x8000b348 (0xff9ff06f) j       pc - 0x8
core   0: 3 0x8000b348 (0xff9ff06f)
core   0: 0x8000b340 (0x00001f17) auipc   t5, 0x1
core   0: 3 0x8000b340 (0x00001f17) x30 0x8000c340
core   0: 0x8000b344 (0xcc3f2023) sw      gp, -832(t5)
core   0: 3 0x8000b344 (0xcc3f2023) mem 0x8000c000 0x00000001
core   0: 0x8000b348 (0xff9ff06f) j       pc - 0x8
core   0: 3 0x8000b348 (0xff9ff06f)
core   0: 0x8000b340 (0x00001f17) auipc   t5, 0x1
core   0: 3 0x8000b340 (0x00001f17) x30 0x8000c340
core   0: 0x8000b344 (0xcc3f2023) sw      gp, -832(t5)
core   0: 3 0x8000b344 (0xcc3f2023) mem 0x8000c000 0x00000001
core   0: 0x8000b348 (0xff9ff06f) j       pc - 0x8
core   0: 3 0x8000b348 (0xff9ff06f)
core   0: 0x8000b340 (0x00001f17) auipc   t5, 0x1
core   0: 3 0x8000b340 (0x00001f17) x30 0x8000c340
core   0: 0x8000b344 (0xcc3f2023) sw      gp, -832(t5)
core   0: 3 0x8000b344 (0xcc3f2023) mem 0x8000c000 0x00000001
core   0: 0x8000b348 (0xff9ff06f) j       pc - 0x8
core   0: 3 0x8000b348 (0xff9ff06f)
core   0: 0x8000b340 (0x00001f17) auipc   t5, 0x1
core   0: 3 0x8000b340 (0x00001f17) x30 0x8000c340
core   0: 0x8000b344 (0xcc3f2023) sw      gp, -832(t5)
core   0: 3 0x8000b344 (0xcc3f2023) mem 0x8000c000 0x00000001
core   0: 0x8000b348 (0xff9ff06f) j       pc - 0x8
core   0: 3 0x8000b348 (0xff9ff06f)
core   0: 0x8000b340 (0x00001f17) auipc   t5, 0x1
core   0: 3 0x8000b340 (0x00001f17) x30 0x8000c340
core   0: 0x8000b344 (0xcc3f2023) sw      gp, -832(t5)
core   0: 3 0x8000b344 (0xcc3f2023) mem 0x8000c000 0x00000001
core   0: 0x8000b348 (0xff9ff06f) j       pc - 0x8
core   0: 3 0x8000b348 (0xff9ff06f)
core   0: 0x8000b340 (0x00001f17) auipc   t5, 0x1
core   0: 3 0x8000b340 (0x00001f17) x30 0x8000c340
core   0: 0x8000b344 (0xcc3f2023) sw      gp, -832(t5)
core   0: 3 0x8000b344 (0xcc3f2023) mem 0x8000c000 0x00000001
core   0: 0x8000b348 (0xff9ff06f) j       pc - 0x8
core   0: 3 0x8000b348 (0xff9ff06f)
core   0: 0x8000b340 (0x00001f17) auipc   t5, 0x1
core   0: 3 0x8000b340 (0x00001f17) x30 0x8000c340
core   0: 0x8000b344 (0xcc3f2023) sw      gp, -832(t5)
core   0: 3 0x8000b344 (0xcc3f2023) mem 0x8000c000 0x00000001
core   0: 0x8000b348 (0xff9ff06f) j       pc - 0x8
core   0: 3 0x8000b348 (0xff9ff06f)
core   0: 0x8000b340 (0x00001f17) auipc   t5, 0x1
core   0: 3 0x8000b340 (0x00001f17) x30 0x8000c340
core   0: 0x8000b344 (0xcc3f2023) sw      gp, -832(t5)
core   0: 3 0x8000b344 (0xcc3f2023) mem 0x8000c000 0x00000001
core   0: 0x8000b348 (0xff9ff06f) j       pc - 0x8
core   0: 3 0x8000b348 (0xff9ff06f)
core   0: 0x8000b340 (0x00001f17) auipc   t5, 0x1
core   0: 3 0x8000b340 (0x00001f17) x30 0x8000c340
core   0: 0x8000b344 (0xcc3f2023) sw      gp, -832(t5)
core   0: 3 0x8000b344 (0xcc3f2023) mem 0x8000c000 0x00000001
core   0: 0x8000b348 (0xff9ff06f) j       pc - 0x8
core   0: 3 0x8000b348 (0xff9ff06f)
core   0: 0x8000b340 (0x00001f17) auipc   t5, 0x1
core   0: 3 0x8000b340 (0x00001f17) x30 0x8000c340
core   0: 0x8000b344 (0xcc3f2023) sw      gp, -832(t5)
core   0: 3 0x8000b344 (0xcc3f2023) mem 0x8000c000 0x00000001
core   0: 0x8000b348 (0xff9ff06f) j       pc - 0x8
core   0: 3 0x8000b348 (0xff9ff06f)
core   0: 0x8000b340 (0x00001f17) auipc   t5, 0x1
core   0: 3 0x8000b340 (0x00001f17) x30 0x8000c340
core   0: 0x8000b344 (0xcc3f2023) sw      gp, -832(t5)
core   0: 3 0x8000b344 (0xcc3f2023) mem 0x8000c000 0x00000001
core   0: 0x8000b348 (0xff9ff06f) j       pc - 0x8
core   0: 3 0x8000b348 (0xff9ff06f)
core   0: 0x8000b340 (0x00001f17) auipc   t5, 0x1
core   0: 3 0x8000b340 (0x00001f17) x30 0x8000c340
core   0: 0x8000b344 (0xcc3f2023) sw      gp, -832(t5)
core   0: 3 0x8000b344 (0xcc3f2023) mem 0x8000c000 0x00000001
core   0: 0x8000b348 (0xff9ff06f) j       pc - 0x8
core   0: 3 0x8000b348 (0xff9ff06f)
core   0: 0x8000b340 (0x00001f17) auipc   t5, 0x1
core   0: 3 0x8000b340 (0x00001f17) x30 0x8000c340
core   0: 0x8000b344 (0xcc3f2023) sw      gp, -832(t5)
core   0: 3 0x8000b344 (0xcc3f2023) mem 0x8000c000 0x00000001
core   0: 0x8000b348 (0xff9ff06f) j       pc - 0x8
core   0: 3 0x8000b348 (0xff9ff06f)
core   0: 0x8000b340 (0x00001f17) auipc   t5, 0x1
core   0: 3 0x8000b340 (0x00001f17) x30 0x8000c340
core   0: 0x8000b344 (0xcc3f2023) sw      gp, -832(t5)
core   0: 3 0x8000b344 (0xcc3f2023) mem 0x8000c000 0x00000001
core   0: 0x8000b348 (0xff9ff06f) j       pc - 0x8
core   0: 3 0x8000b348 (0xff9ff06f)
core   0: 0x8000b340 (0x00001f17) auipc   t5, 0x1
core   0: 3 0x8000b340 (0x00001f17) x30 0x8000c340
core   0: 0x8000b344 (0xcc3f2023) sw      gp, -832(t5)
core   0: 3 0x8000b344 (0xcc3f2023) mem 0x8000c000 0x00000001
core   0: 0x8000b348 (0xff9ff06f) j       pc - 0x8
core   0: 3 0x8000b348 (0xff9ff06f)
core   0: 0x8000b340 (0x00001f17) auipc   t5, 0x1
core   0: 3 0x8000b340 (0x00001f17) x30 0x8000c340
core   0: 0x8000b344 (0xcc3f2023) sw      gp, -832(t5)
core   0: 3 0x8000b344 (0xcc3f2023) mem 0x8000c000 0x00000001
core   0: 0x8000b348 (0xff9ff06f) j       pc - 0x8
core   0: 3 0x8000b348 (0xff9ff06f)
core   0: 0x8000b340 (0x00001f17) auipc   t5, 0x1
core   0: 3 0x8000b340 (0x00001f17) x30 0x8000c340
core   0: 0x8000b344 (0xcc3f2023) sw      gp, -832(t5)
core   0: 3 0x8000b344 (0xcc3f2023) mem 0x8000c000 0x00000001
core   0: 0x8000b348 (0xff9ff06f) j       pc - 0x8
core   0: 3 0x8000b348 (0xff9ff06f)
core   0: 0x8000b340 (0x00001f17) auipc   t5, 0x1
core   0: 3 0x8000b340 (0x00001f17) x30 0x8000c340
core   0: 0x8000b344 (0xcc3f2023) sw      gp, -832(t5)
core   0: 3 0x8000b344 (0xcc3f2023) mem 0x8000c000 0x00000001
core   0: 0x8000b348 (0xff9ff06f) j       pc - 0x8
core   0: 3 0x8000b348 (0xff9ff06f)
core   0: 0x8000b340 (0x00001f17) auipc   t5, 0x1
core   0: 3 0x8000b340 (0x00001f17) x30 0x8000c340
core   0: 0x8000b344 (0xcc3f2023) sw      gp, -832(t5)
core   0: 3 0x8000b344 (0xcc3f2023) mem 0x8000c000 0x00000001
core   0: 0x8000b348 (0xff9ff06f) j       pc - 0x8
core   0: 3 0x8000b348 (0xff9ff06f)
core   0: 0x8000b340 (0x00001f17) auipc   t5, 0x1
core   0: 3 0x8000b340 (0x00001f17) x30 0x8000c340
core   0: 0x8000b344 (0xcc3f2023) sw      gp, -832(t5)
core   0: 3 0x8000b344 (0xcc3f2023) mem 0x8000c000 0x00000001
core   0: 0x8000b348 (0xff9ff06f) j       pc - 0x8
core   0: 3 0x8000b348 (0xff9ff06f)
core   0: 0x8000b340 (0x00001f17) auipc   t5, 0x1
core   0: 3 0x8000b340 (0x00001f17) x30 0x8000c340
core   0: 0x8000b344 (0xcc3f2023) sw      gp, -832(t5)
core   0: 3 0x8000b344 (0xcc3f2023) mem 0x8000c000 0x00000001
core   0: 0x8000b348 (0xff9ff06f) j       pc - 0x8
core   0: 3 0x8000b348 (0xff9ff06f)
core   0: 0x8000b340 (0x00001f17) auipc   t5, 0x1
core   0: 3 0x8000b340 (0x00001f17) x30 0x8000c340
core   0: 0x8000b344 (0xcc3f2023) sw      gp, -832(t5)
core   0: 3 0x8000b344 (0xcc3f2023) mem 0x8000c000 0x00000001
core   0: 0x8000b348 (0xff9ff06f) j       pc - 0x8
core   0: 3 0x8000b348 (0xff9ff06f)
core   0: 0x8000b340 (0x00001f17) auipc   t5, 0x1
core   0: 3 0x8000b340 (0x00001f17) x30 0x8000c340
core   0: 0x8000b344 (0xcc3f2023) sw      gp, -832(t5)
core   0: 3 0x8000b344 (0xcc3f2023) mem 0x8000c000 0x00000001
core   0: 0x8000b348 (0xff9ff06f) j       pc - 0x8
core   0: 3 0x8000b348 (0xff9ff06f)
core   0: 0x8000b340 (0x00001f17) auipc   t5, 0x1
core   0: 3 0x8000b340 (0x00001f17) x30 0x8000c340
core   0: 0x8000b344 (0xcc3f2023) sw      gp, -832(t5)
core   0: 3 0x8000b344 (0xcc3f2023) mem 0x8000c000 0x00000001
core   0: 0x8000b348 (0xff9ff06f) j       pc - 0x8
core   0: 3 0x8000b348 (0xff9ff06f)
core   0: 0x8000b340 (0x00001f17) auipc   t5, 0x1
core   0: 3 0x8000b340 (0x00001f17) x30 0x8000c340
core   0: 0x8000b344 (0xcc3f2023) sw      gp, -832(t5)
core   0: 3 0x8000b344 (0xcc3f2023) mem 0x8000c000 0x00000001
core   0: 0x8000b348 (0xff9ff06f) j       pc - 0x8
core   0: 3 0x8000b348 (0xff9ff06f)
core   0: 0x8000b340 (0x00001f17) auipc   t5, 0x1
core   0: 3 0x8000b340 (0x00001f17) x30 0x8000c340
core   0: 0x8000b344 (0xcc3f2023) sw      gp, -832(t5)
core   0: 3 0x8000b344 (0xcc3f2023) mem 0x8000c000 0x00000001
core   0: 0x8000b348 (0xff9ff06f) j       pc - 0x8
core   0: 3 0x8000b348 (0xff9ff06f)
core   0: 0x8000b340 (0x00001f17) auipc   t5, 0x1
core   0: 3 0x8000b340 (0x00001f17) x30 0x8000c340
core   0: 0x8000b344 (0xcc3f2023) sw      gp, -832(t5)
core   0: 3 0x8000b344 (0xcc3f2023) mem 0x8000c000 0x00000001
core   0: 0x8000b348 (0xff9ff06f) j       pc - 0x8
core   0: 3 0x8000b348 (0xff9ff06f)
core   0: 0x8000b340 (0x00001f17) auipc   t5, 0x1
core   0: 3 0x8000b340 (0x00001f17) x30 0x8000c340
core   0: 0x8000b344 (0xcc3f2023) sw      gp, -832(t5)
core   0: 3 0x8000b344 (0xcc3f2023) mem 0x8000c000 0x00000001
core   0: 0x8000b348 (0xff9ff06f) j       pc - 0x8
core   0: 3 0x8000b348 (0xff9ff06f)
core   0: 0x8000b340 (0x00001f17) auipc   t5, 0x1
core   0: 3 0x8000b340 (0x00001f17) x30 0x8000c340
core   0: 0x8000b344 (0xcc3f2023) sw      gp, -832(t5)
core   0: 3 0x8000b344 (0xcc3f2023) mem 0x8000c000 0x00000001
core   0: 0x8000b348 (0xff9ff06f) j       pc - 0x8
core   0: 3 0x8000b348 (0xff9ff06f)
core   0: 0x8000b340 (0x00001f17) auipc   t5, 0x1
core   0: 3 0x8000b340 (0x00001f17) x30 0x8000c340
core   0: 0x8000b344 (0xcc3f2023) sw      gp, -832(t5)
core   0: 3 0x8000b344 (0xcc3f2023) mem 0x8000c000 0x00000001
core   0: 0x8000b348 (0xff9ff06f) j       pc - 0x8
core   0: 3 0x8000b348 (0xff9ff06f)
core   0: 0x8000b340 (0x00001f17) auipc   t5, 0x1
core   0: 3 0x8000b340 (0x00001f17) x30 0x8000c340
core   0: 0x8000b344 (0xcc3f2023) sw      gp, -832(t5)
core   0: 3 0x8000b344 (0xcc3f2023) mem 0x8000c000 0x00000001
core   0: 0x8000b348 (0xff9ff06f) j       pc - 0x8
core   0: 3 0x8000b348 (0xff9ff06f)
core   0: 0x8000b340 (0x00001f17) auipc   t5, 0x1
core   0: 3 0x8000b340 (0x00001f17) x30 0x8000c340
core   0: 0x8000b344 (0xcc3f2023) sw      gp, -832(t5)
core   0: 3 0x8000b344 (0xcc3f2023) mem 0x8000c000 0x00000001
core   0: 0x8000b348 (0xff9ff06f) j       pc - 0x8
core   0: 3 0x8000b348 (0xff9ff06f)
core   0: 0x8000b340 (0x00001f17) auipc   t5, 0x1
core   0: 3 0x8000b340 (0x00001f17) x30 0x8000c340
core   0: 0x8000b344 (0xcc3f2023) sw      gp, -832(t5)
core   0: 3 0x8000b344 (0xcc3f2023) mem 0x8000c000 0x00000001
core   0: 0x8000b348 (0xff9ff06f) j       pc - 0x8
core   0: 3 0x8000b348 (0xff9ff06f)
core   0: 0x8000b340 (0x00001f17) auipc   t5, 0x1
core   0: 3 0x8000b340 (0x00001f17) x30 0x8000c340
core   0: 0x8000b344 (0xcc3f2023) sw      gp, -832(t5)
core   0: 3 0x8000b344 (0xcc3f2023) mem 0x8000c000 0x00000001
core   0: 0x8000b348 (0xff9ff06f) j       pc - 0x8
core   0: 3 0x8000b348 (0xff9ff06f)
core   0: 0x8000b340 (0x00001f17) auipc   t5, 0x1
core   0: 3 0x8000b340 (0x00001f17) x30 0x8000c340
core   0: 0x8000b344 (0xcc3f2023) sw      gp, -832(t5)
core   0: 3 0x8000b344 (0xcc3f2023) mem 0x8000c000 0x00000001
core   0: 0x8000b348 (0xff9ff06f) j       pc - 0x8
core   0: 3 0x8000b348 (0xff9ff06f)
core   0: 0x8000b340 (0x00001f17) auipc   t5, 0x1
core   0: 3 0x8000b340 (0x00001f17) x30 0x8000c340
core   0: 0x8000b344 (0xcc3f2023) sw      gp, -832(t5)
core   0: 3 0x8000b344 (0xcc3f2023) mem 0x8000c000 0x00000001
core   0: 0x8000b348 (0xff9ff06f) j       pc - 0x8
core   0: 3 0x8000b348 (0xff9ff06f)
core   0: 0x8000b340 (0x00001f17) auipc   t5, 0x1
core   0: 3 0x8000b340 (0x00001f17) x30 0x8000c340
core   0: 0x8000b344 (0xcc3f2023) sw      gp, -832(t5)
core   0: 3 0x8000b344 (0xcc3f2023) mem 0x8000c000 0x00000001
core   0: 0x8000b348 (0xff9ff06f) j       pc - 0x8
core   0: 3 0x8000b348 (0xff9ff06f)
core   0: 0x8000b340 (0x00001f17) auipc   t5, 0x1
core   0: 3 0x8000b340 (0x00001f17) x30 0x8000c340
core   0: 0x8000b344 (0xcc3f2023) sw      gp, -832(t5)
core   0: 3 0x8000b344 (0xcc3f2023) mem 0x8000c000 0x00000001
core   0: 0x8000b348 (0xff9ff06f) j       pc - 0x8
core   0: 3 0x8000b348 (0xff9ff06f)
core   0: 0x8000b340 (0x00001f17) auipc   t5, 0x1
core   0: 3 0x8000b340 (0x00001f17) x30 0x8000c340
core   0: 0x8000b344 (0xcc3f2023) sw      gp, -832(t5)
core   0: 3 0x8000b344 (0xcc3f2023) mem 0x8000c000 0x00000001
core   0: 0x8000b348 (0xff9ff06f) j       pc - 0x8
core   0: 3 0x8000b348 (0xff9ff06f)
core   0: 0x8000b340 (0x00001f17) auipc   t5, 0x1
core   0: 3 0x8000b340 (0x00001f17) x30 0x8000c340
core   0: 0x8000b344 (0xcc3f2023) sw      gp, -832(t5)
core   0: 3 0x8000b344 (0xcc3f2023) mem 0x8000c000 0x00000001
core   0: 0x8000b348 (0xff9ff06f) j       pc - 0x8
core   0: 3 0x8000b348 (0xff9ff06f)
core   0: 0x8000b340 (0x00001f17) auipc   t5, 0x1
core   0: 3 0x8000b340 (0x00001f17) x30 0x8000c340
core   0: 0x8000b344 (0xcc3f2023) sw      gp, -832(t5)
core   0: 3 0x8000b344 (0xcc3f2023) mem 0x8000c000 0x00000001
core   0: 0x8000b348 (0xff9ff06f) j       pc - 0x8
core   0: 3 0x8000b348 (0xff9ff06f)
core   0: 0x8000b340 (0x00001f17) auipc   t5, 0x1
core   0: 3 0x8000b340 (0x00001f17) x30 0x8000c340
core   0: 0x8000b344 (0xcc3f2023) sw      gp, -832(t5)
core   0: 3 0x8000b344 (0xcc3f2023) mem 0x8000c000 0x00000001
core   0: 0x8000b348 (0xff9ff06f) j       pc - 0x8
core   0: 3 0x8000b348 (0xff9ff06f)
core   0: 0x8000b340 (0x00001f17) auipc   t5, 0x1
core   0: 3 0x8000b340 (0x00001f17) x30 0x8000c340
core   0: 0x8000b344 (0xcc3f2023) sw      gp, -832(t5)
core   0: 3 0x8000b344 (0xcc3f2023) mem 0x8000c000 0x00000001
core   0: 0x8000b348 (0xff9ff06f) j       pc - 0x8
core   0: 3 0x8000b348 (0xff9ff06f)
core   0: 0x8000b340 (0x00001f17) auipc   t5, 0x1
core   0: 3 0x8000b340 (0x00001f17) x30 0x8000c340
core   0: 0x8000b344 (0xcc3f2023) sw      gp, -832(t5)
core   0: 3 0x8000b344 (0xcc3f2023) mem 0x8000c000 0x00000001
core   0: 0x8000b348 (0xff9ff06f) j       pc - 0x8
core   0: 3 0x8000b348 (0xff9ff06f)
core   0: 0x8000b340 (0x00001f17) auipc   t5, 0x1
core   0: 3 0x8000b340 (0x00001f17) x30 0x8000c340
core   0: 0x8000b344 (0xcc3f2023) sw      gp, -832(t5)
core   0: 3 0x8000b344 (0xcc3f2023) mem 0x8000c000 0x00000001
core   0: 0x8000b348 (0xff9ff06f) j       pc - 0x8
core   0: 3 0x8000b348 (0xff9ff06f)
core   0: 0x8000b340 (0x00001f17) auipc   t5, 0x1
core   0: 3 0x8000b340 (0x00001f17) x30 0x8000c340
core   0: 0x8000b344 (0xcc3f2023) sw      gp, -832(t5)
core   0: 3 0x8000b344 (0xcc3f2023) mem 0x8000c000 0x00000001
core   0: 0x8000b348 (0xff9ff06f) j       pc - 0x8
core   0: 3 0x8000b348 (0xff9ff06f)
core   0: 0x8000b340 (0x00001f17) auipc   t5, 0x1
core   0: 3 0x8000b340 (0x00001f17) x30 0x8000c340
core   0: 0x8000b344 (0xcc3f2023) sw      gp, -832(t5)
core   0: 3 0x8000b344 (0xcc3f2023) mem 0x8000c000 0x00000001
core   0: 0x8000b348 (0xff9ff06f) j       pc - 0x8
core   0: 3 0x8000b348 (0xff9ff06f)
core   0: 0x8000b340 (0x00001f17) auipc   t5, 0x1
core   0: 3 0x8000b340 (0x00001f17) x30 0x8000c340
core   0: 0x8000b344 (0xcc3f2023) sw      gp, -832(t5)
core   0: 3 0x8000b344 (0xcc3f2023) mem 0x8000c000 0x00000001
core   0: 0x8000b348 (0xff9ff06f) j       pc - 0x8
core   0: 3 0x8000b348 (0xff9ff06f)
core   0: 0x8000b340 (0x00001f17) auipc   t5, 0x1
core   0: 3 0x8000b340 (0x00001f17) x30 0x8000c340
core   0: 0x8000b344 (0xcc3f2023) sw      gp, -832(t5)
core   0: 3 0x8000b344 (0xcc3f2023) mem 0x8000c000 0x00000001
core   0: 0x8000b348 (0xff9ff06f) j       pc - 0x8
core   0: 3 0x8000b348 (0xff9ff06f)
core   0: 0x8000b340 (0x00001f17) auipc   t5, 0x1
core   0: 3 0x8000b340 (0x00001f17) x30 0x8000c340
core   0: 0x8000b344 (0xcc3f2023) sw      gp, -832(t5)
core   0: 3 0x8000b344 (0xcc3f2023) mem 0x8000c000 0x00000001
core   0: 0x8000b348 (0xff9ff06f) j       pc - 0x8
core   0: 3 0x8000b348 (0xff9ff06f)
core   0: 0x8000b340 (0x00001f17) auipc   t5, 0x1
core   0: 3 0x8000b340 (0x00001f17) x30 0x8000c340
core   0: 0x8000b344 (0xcc3f2023) sw      gp, -832(t5)
core   0: 3 0x8000b344 (0xcc3f2023) mem 0x8000c000 0x00000001
core   0: 0x8000b348 (0xff9ff06f) j       pc - 0x8
core   0: 3 0x8000b348 (0xff9ff06f)
core   0: 0x8000b340 (0x00001f17) auipc   t5, 0x1
core   0: 3 0x8000b340 (0x00001f17) x30 0x8000c340
core   0: 0x8000b344 (0xcc3f2023) sw      gp, -832(t5)
core   0: 3 0x8000b344 (0xcc3f2023) mem 0x8000c000 0x00000001
core   0: 0x8000b348 (0xff9ff06f) j       pc - 0x8
core   0: 3 0x8000b348 (0xff9ff06f)
core   0: 0x8000b340 (0x00001f17) auipc   t5, 0x1
core   0: 3 0x8000b340 (0x00001f17) x30 0x8000c340
core   0: 0x8000b344 (0xcc3f2023) sw      gp, -832(t5)
core   0: 3 0x8000b344 (0xcc3f2023) mem 0x8000c000 0x00000001
core   0: 0x8000b348 (0xff9ff06f) j       pc - 0x8
core   0: 3 0x8000b348 (0xff9ff06f)
core   0: 0x8000b340 (0x00001f17) auipc   t5, 0x1
core   0: 3 0x8000b340 (0x00001f17) x30 0x8000c340
core   0: 0x8000b344 (0xcc3f2023) sw      gp, -832(t5)
core   0: 3 0x8000b344 (0xcc3f2023) mem 0x8000c000 0x00000001
core   0: 0x8000b348 (0xff9ff06f) j       pc - 0x8
core   0: 3 0x8000b348 (0xff9ff06f)
core   0: 0x8000b340 (0x00001f17) auipc   t5, 0x1
core   0: 3 0x8000b340 (0x00001f17) x30 0x8000c340
core   0: 0x8000b344 (0xcc3f2023) sw      gp, -832(t5)
core   0: 3 0x8000b344 (0xcc3f2023) mem 0x8000c000 0x00000001
core   0: 0x8000b348 (0xff9ff06f) j       pc - 0x8
core   0: 3 0x8000b348 (0xff9ff06f)
core   0: 0x8000b340 (0x00001f17) auipc   t5, 0x1
core   0: 3 0x8000b340 (0x00001f17) x30 0x8000c340
core   0: 0x8000b344 (0xcc3f2023) sw      gp, -832(t5)
core   0: 3 0x8000b344 (0xcc3f2023) mem 0x8000c000 0x00000001
core   0: 0x8000b348 (0xff9ff06f) j       pc - 0x8
core   0: 3 0x8000b348 (0xff9ff06f)
core   0: 0x8000b340 (0x00001f17) auipc   t5, 0x1
core   0: 3 0x8000b340 (0x00001f17) x30 0x8000c340
core   0: 0x8000b344 (0xcc3f2023) sw      gp, -832(t5)
core   0: 3 0x8000b344 (0xcc3f2023) mem 0x8000c000 0x00000001
core   0: 0x8000b348 (0xff9ff06f) j       pc - 0x8
core   0: 3 0x8000b348 (0xff9ff06f)
core   0: 0x8000b340 (0x00001f17) auipc   t5, 0x1
core   0: 3 0x8000b340 (0x00001f17) x30 0x8000c340
core   0: 0x8000b344 (0xcc3f2023) sw      gp, -832(t5)
core   0: 3 0x8000b344 (0xcc3f2023) mem 0x8000c000 0x00000001
core   0: 0x8000b348 (0xff9ff06f) j       pc - 0x8
core   0: 3 0x8000b348 (0xff9ff06f)
core   0: 0x8000b340 (0x00001f17) auipc   t5, 0x1
core   0: 3 0x8000b340 (0x00001f17) x30 0x8000c340
core   0: 0x8000b344 (0xcc3f2023) sw      gp, -832(t5)
core   0: 3 0x8000b344 (0xcc3f2023) mem 0x8000c000 0x00000001
core   0: 0x8000b348 (0xff9ff06f) j       pc - 0x8
core   0: 3 0x8000b348 (0xff9ff06f)
core   0: 0x8000b340 (0x00001f17) auipc   t5, 0x1
core   0: 3 0x8000b340 (0x00001f17) x30 0x8000c340
core   0: 0x8000b344 (0xcc3f2023) sw      gp, -832(t5)
core   0: 3 0x8000b344 (0xcc3f2023) mem 0x8000c000 0x00000001
core   0: 0x8000b348 (0xff9ff06f) j       pc - 0x8
core   0: 3 0x8000b348 (0xff9ff06f)
core   0: 0x8000b340 (0x00001f17) auipc   t5, 0x1
core   0: 3 0x8000b340 (0x00001f17) x30 0x8000c340
core   0: 0x8000b344 (0xcc3f2023) sw      gp, -832(t5)
core   0: 3 0x8000b344 (0xcc3f2023) mem 0x8000c000 0x00000001
core   0: 0x8000b348 (0xff9ff06f) j       pc - 0x8
core   0: 3 0x8000b348 (0xff9ff06f)
core   0: 0x8000b340 (0x00001f17) auipc   t5, 0x1
core   0: 3 0x8000b340 (0x00001f17) x30 0x8000c340
core   0: 0x8000b344 (0xcc3f2023) sw      gp, -832(t5)
core   0: 3 0x8000b344 (0xcc3f2023) mem 0x8000c000 0x00000001
core   0: 0x8000b348 (0xff9ff06f) j       pc - 0x8
core   0: 3 0x8000b348 (0xff9ff06f)
core   0: 0x8000b340 (0x00001f17) auipc   t5, 0x1
core   0: 3 0x8000b340 (0x00001f17) x30 0x8000c340
core   0: 0x8000b344 (0xcc3f2023) sw      gp, -832(t5)
core   0: 3 0x8000b344 (0xcc3f2023) mem 0x8000c000 0x00000001
core   0: 0x8000b348 (0xff9ff06f) j       pc - 0x8
core   0: 3 0x8000b348 (0xff9ff06f)
core   0: 0x8000b340 (0x00001f17) auipc   t5, 0x1
core   0: 3 0x8000b340 (0x00001f17) x30 0x8000c340
core   0: 0x8000b344 (0xcc3f2023) sw      gp, -832(t5)
core   0: 3 0x8000b344 (0xcc3f2023) mem 0x8000c000 0x00000001
core   0: 0x8000b348 (0xff9ff06f) j       pc - 0x8
core   0: 3 0x8000b348 (0xff9ff06f)
core   0: 0x8000b340 (0x00001f17) auipc   t5, 0x1
core   0: 3 0x8000b340 (0x00001f17) x30 0x8000c340
core   0: 0x8000b344 (0xcc3f2023) sw      gp, -832(t5)
core   0: 3 0x8000b344 (0xcc3f2023) mem 0x8000c000 0x00000001
core   0: 0x8000b348 (0xff9ff06f) j       pc - 0x8
core   0: 3 0x8000b348 (0xff9ff06f)
core   0: 0x8000b340 (0x00001f17) auipc   t5, 0x1
core   0: 3 0x8000b340 (0x00001f17) x30 0x8000c340
core   0: 0x8000b344 (0xcc3f2023) sw      gp, -832(t5)
core   0: 3 0x8000b344 (0xcc3f2023) mem 0x8000c000 0x00000001
core   0: 0x8000b348 (0xff9ff06f) j       pc - 0x8
core   0: 3 0x8000b348 (0xff9ff06f)
core   0: 0x8000b340 (0x00001f17) auipc   t5, 0x1
core   0: 3 0x8000b340 (0x00001f17) x30 0x8000c340
core   0: 0x8000b344 (0xcc3f2023) sw      gp, -832(t5)
core   0: 3 0x8000b344 (0xcc3f2023) mem 0x8000c000 0x00000001
core   0: 0x8000b348 (0xff9ff06f) j       pc - 0x8
core   0: 3 0x8000b348 (0xff9ff06f)
core   0: 0x8000b340 (0x00001f17) auipc   t5, 0x1
core   0: 3 0x8000b340 (0x00001f17) x30 0x8000c340
core   0: 0x8000b344 (0xcc3f2023) sw      gp, -832(t5)
core   0: 3 0x8000b344 (0xcc3f2023) mem 0x8000c000 0x00000001
core   0: 0x8000b348 (0xff9ff06f) j       pc - 0x8
core   0: 3 0x8000b348 (0xff9ff06f)
core   0: 0x8000b340 (0x00001f17) auipc   t5, 0x1
core   0: 3 0x8000b340 (0x00001f17) x30 0x8000c340
core   0: 0x8000b344 (0xcc3f2023) sw      gp, -832(t5)
core   0: 3 0x8000b344 (0xcc3f2023) mem 0x8000c000 0x00000001
core   0: 0x8000b348 (0xff9ff06f) j       pc - 0x8
core   0: 3 0x8000b348 (0xff9ff06f)
core   0: 0x8000b340 (0x00001f17) auipc   t5, 0x1
core   0: 3 0x8000b340 (0x00001f17) x30 0x8000c340
core   0: 0x8000b344 (0xcc3f2023) sw      gp, -832(t5)
core   0: 3 0x8000b344 (0xcc3f2023) mem 0x8000c000 0x00000001
core   0: 0x8000b348 (0xff9ff06f) j       pc - 0x8
core   0: 3 0x8000b348 (0xff9ff06f)
core   0: 0x8000b340 (0x00001f17) auipc   t5, 0x1
core   0: 3 0x8000b340 (0x00001f17) x30 0x8000c340
core   0: 0x8000b344 (0xcc3f2023) sw      gp, -832(t5)
core   0: 3 0x8000b344 (0xcc3f2023) mem 0x8000c000 0x00000001
core   0: 0x8000b348 (0xff9ff06f) j       pc - 0x8
core   0: 3 0x8000b348 (0xff9ff06f)
core   0: 0x8000b340 (0x00001f17) auipc   t5, 0x1
core   0: 3 0x8000b340 (0x00001f17) x30 0x8000c340
core   0: 0x8000b344 (0xcc3f2023) sw      gp, -832(t5)
core   0: 3 0x8000b344 (0xcc3f2023) mem 0x8000c000 0x00000001
core   0: 0x8000b348 (0xff9ff06f) j       pc - 0x8
core   0: 3 0x8000b348 (0xff9ff06f)
core   0: 0x8000b340 (0x00001f17) auipc   t5, 0x1
core   0: 3 0x8000b340 (0x00001f17) x30 0x8000c340
core   0: 0x8000b344 (0xcc3f2023) sw      gp, -832(t5)
core   0: 3 0x8000b344 (0xcc3f2023) mem 0x8000c000 0x00000001
core   0: 0x8000b348 (0xff9ff06f) j       pc - 0x8
core   0: 3 0x8000b348 (0xff9ff06f)
core   0: 0x8000b340 (0x00001f17) auipc   t5, 0x1
core   0: 3 0x8000b340 (0x00001f17) x30 0x8000c340
core   0: 0x8000b344 (0xcc3f2023) sw      gp, -832(t5)
core   0: 3 0x8000b344 (0xcc3f2023) mem 0x8000c000 0x00000001
core   0: 0x8000b348 (0xff9ff06f) j       pc - 0x8
core   0: 3 0x8000b348 (0xff9ff06f)
core   0: 0x8000b340 (0x00001f17) auipc   t5, 0x1
core   0: 3 0x8000b340 (0x00001f17) x30 0x8000c340
core   0: 0x8000b344 (0xcc3f2023) sw      gp, -832(t5)
core   0: 3 0x8000b344 (0xcc3f2023) mem 0x8000c000 0x00000001
core   0: 0x8000b348 (0xff9ff06f) j       pc - 0x8
core   0: 3 0x8000b348 (0xff9ff06f)
core   0: 0x8000b340 (0x00001f17) auipc   t5, 0x1
core   0: 3 0x8000b340 (0x00001f17) x30 0x8000c340
core   0: 0x8000b344 (0xcc3f2023) sw      gp, -832(t5)
core   0: 3 0x8000b344 (0xcc3f2023) mem 0x8000c000 0x00000001
core   0: 0x8000b348 (0xff9ff06f) j       pc - 0x8
core   0: 3 0x8000b348 (0xff9ff06f)
core   0: 0x8000b340 (0x00001f17) auipc   t5, 0x1
core   0: 3 0x8000b340 (0x00001f17) x30 0x8000c340
core   0: 0x8000b344 (0xcc3f2023) sw      gp, -832(t5)
core   0: 3 0x8000b344 (0xcc3f2023) mem 0x8000c000 0x00000001
core   0: 0x8000b348 (0xff9ff06f) j       pc - 0x8
core   0: 3 0x8000b348 (0xff9ff06f)
core   0: 0x8000b340 (0x00001f17) auipc   t5, 0x1
core   0: 3 0x8000b340 (0x00001f17) x30 0x8000c340
core   0: 0x8000b344 (0xcc3f2023) sw      gp, -832(t5)
core   0: 3 0x8000b344 (0xcc3f2023) mem 0x8000c000 0x00000001
core   0: 0x8000b348 (0xff9ff06f) j       pc - 0x8
core   0: 3 0x8000b348 (0xff9ff06f)
core   0: 0x8000b340 (0x00001f17) auipc   t5, 0x1
core   0: 3 0x8000b340 (0x00001f17) x30 0x8000c340
core   0: 0x8000b344 (0xcc3f2023) sw      gp, -832(t5)
core   0: 3 0x8000b344 (0xcc3f2023) mem 0x8000c000 0x00000001
core   0: 0x8000b348 (0xff9ff06f) j       pc - 0x8
core   0: 3 0x8000b348 (0xff9ff06f)
core   0: 0x8000b340 (0x00001f17) auipc   t5, 0x1
core   0: 3 0x8000b340 (0x00001f17) x30 0x8000c340
core   0: 0x8000b344 (0xcc3f2023) sw      gp, -832(t5)
core   0: 3 0x8000b344 (0xcc3f2023) mem 0x8000c000 0x00000001
core   0: 0x8000b348 (0xff9ff06f) j       pc - 0x8
core   0: 3 0x8000b348 (0xff9ff06f)
core   0: 0x8000b340 (0x00001f17) auipc   t5, 0x1
core   0: 3 0x8000b340 (0x00001f17) x30 0x8000c340
core   0: 0x8000b344 (0xcc3f2023) sw      gp, -832(t5)
core   0: 3 0x8000b344 (0xcc3f2023) mem 0x8000c000 0x00000001
core   0: 0x8000b348 (0xff9ff06f) j       pc - 0x8
core   0: 3 0x8000b348 (0xff9ff06f)
core   0: 0x8000b340 (0x00001f17) auipc   t5, 0x1
core   0: 3 0x8000b340 (0x00001f17) x30 0x8000c340
core   0: 0x8000b344 (0xcc3f2023) sw      gp, -832(t5)
core   0: 3 0x8000b344 (0xcc3f2023) mem 0x8000c000 0x00000001
core   0: 0x8000b348 (0xff9ff06f) j       pc - 0x8
core   0: 3 0x8000b348 (0xff9ff06f)
core   0: 0x8000b340 (0x00001f17) auipc   t5, 0x1
core   0: 3 0x8000b340 (0x00001f17) x30 0x8000c340
core   0: 0x8000b344 (0xcc3f2023) sw      gp, -832(t5)
core   0: 3 0x8000b344 (0xcc3f2023) mem 0x8000c000 0x00000001
core   0: 0x8000b348 (0xff9ff06f) j       pc - 0x8
core   0: 3 0x8000b348 (0xff9ff06f)
core   0: 0x8000b340 (0x00001f17) auipc   t5, 0x1
core   0: 3 0x8000b340 (0x00001f17) x30 0x8000c340
core   0: 0x8000b344 (0xcc3f2023) sw      gp, -832(t5)
core   0: 3 0x8000b344 (0xcc3f2023) mem 0x8000c000 0x00000001
core   0: 0x8000b348 (0xff9ff06f) j       pc - 0x8
core   0: 3 0x8000b348 (0xff9ff06f)
core   0: 0x8000b340 (0x00001f17) auipc   t5, 0x1
core   0: 3 0x8000b340 (0x00001f17) x30 0x8000c340
core   0: 0x8000b344 (0xcc3f2023) sw      gp, -832(t5)
core   0: 3 0x8000b344 (0xcc3f2023) mem 0x8000c000 0x00000001
core   0: 0x8000b348 (0xff9ff06f) j       pc - 0x8
core   0: 3 0x8000b348 (0xff9ff06f)
core   0: 0x8000b340 (0x00001f17) auipc   t5, 0x1
core   0: 3 0x8000b340 (0x00001f17) x30 0x8000c340
core   0: 0x8000b344 (0xcc3f2023) sw      gp, -832(t5)
core   0: 3 0x8000b344 (0xcc3f2023) mem 0x8000c000 0x00000001
core   0: 0x8000b348 (0xff9ff06f) j       pc - 0x8
core   0: 3 0x8000b348 (0xff9ff06f)
core   0: 0x8000b340 (0x00001f17) auipc   t5, 0x1
core   0: 3 0x8000b340 (0x00001f17) x30 0x8000c340
core   0: 0x8000b344 (0xcc3f2023) sw      gp, -832(t5)
core   0: 3 0x8000b344 (0xcc3f2023) mem 0x8000c000 0x00000001
core   0: 0x8000b348 (0xff9ff06f) j       pc - 0x8
core   0: 3 0x8000b348 (0xff9ff06f)
core   0: 0x8000b340 (0x00001f17) auipc   t5, 0x1
core   0: 3 0x8000b340 (0x00001f17) x30 0x8000c340
core   0: 0x8000b344 (0xcc3f2023) sw      gp, -832(t5)
core   0: 3 0x8000b344 (0xcc3f2023) mem 0x8000c000 0x00000001
core   0: 0x8000b348 (0xff9ff06f) j       pc - 0x8
core   0: 3 0x8000b348 (0xff9ff06f)
core   0: 0x8000b340 (0x00001f17) auipc   t5, 0x1
core   0: 3 0x8000b340 (0x00001f17) x30 0x8000c340
core   0: 0x8000b344 (0xcc3f2023) sw      gp, -832(t5)
core   0: 3 0x8000b344 (0xcc3f2023) mem 0x8000c000 0x00000001
core   0: 0x8000b348 (0xff9ff06f) j       pc - 0x8
core   0: 3 0x8000b348 (0xff9ff06f)
core   0: 0x8000b340 (0x00001f17) auipc   t5, 0x1
core   0: 3 0x8000b340 (0x00001f17) x30 0x8000c340
core   0: 0x8000b344 (0xcc3f2023) sw      gp, -832(t5)
core   0: 3 0x8000b344 (0xcc3f2023) mem 0x8000c000 0x00000001
core   0: 0x8000b348 (0xff9ff06f) j       pc - 0x8
core   0: 3 0x8000b348 (0xff9ff06f)
core   0: 0x8000b340 (0x00001f17) auipc   t5, 0x1
core   0: 3 0x8000b340 (0x00001f17) x30 0x8000c340
core   0: 0x8000b344 (0xcc3f2023) sw      gp, -832(t5)
core   0: 3 0x8000b344 (0xcc3f2023) mem 0x8000c000 0x00000001
core   0: 0x8000b348 (0xff9ff06f) j       pc - 0x8
core   0: 3 0x8000b348 (0xff9ff06f)
core   0: 0x8000b340 (0x00001f17) auipc   t5, 0x1
core   0: 3 0x8000b340 (0x00001f17) x30 0x8000c340
core   0: 0x8000b344 (0xcc3f2023) sw      gp, -832(t5)
core   0: 3 0x8000b344 (0xcc3f2023) mem 0x8000c000 0x00000001
core   0: 0x8000b348 (0xff9ff06f) j       pc - 0x8
core   0: 3 0x8000b348 (0xff9ff06f)
core   0: 0x8000b340 (0x00001f17) auipc   t5, 0x1
core   0: 3 0x8000b340 (0x00001f17) x30 0x8000c340
core   0: 0x8000b344 (0xcc3f2023) sw      gp, -832(t5)
core   0: 3 0x8000b344 (0xcc3f2023) mem 0x8000c000 0x00000001
core   0: 0x8000b348 (0xff9ff06f) j       pc - 0x8
core   0: 3 0x8000b348 (0xff9ff06f)
core   0: 0x8000b340 (0x00001f17) auipc   t5, 0x1
core   0: 3 0x8000b340 (0x00001f17) x30 0x8000c340
core   0: 0x8000b344 (0xcc3f2023) sw      gp, -832(t5)
core   0: 3 0x8000b344 (0xcc3f2023) mem 0x8000c000 0x00000001
core   0: 0x8000b348 (0xff9ff06f) j       pc - 0x8
core   0: 3 0x8000b348 (0xff9ff06f)
core   0: 0x8000b340 (0x00001f17) auipc   t5, 0x1
core   0: 3 0x8000b340 (0x00001f17) x30 0x8000c340
core   0: 0x8000b344 (0xcc3f2023) sw      gp, -832(t5)
core   0: 3 0x8000b344 (0xcc3f2023) mem 0x8000c000 0x00000001
core   0: 0x8000b348 (0xff9ff06f) j       pc - 0x8
core   0: 3 0x8000b348 (0xff9ff06f)
core   0: 0x8000b340 (0x00001f17) auipc   t5, 0x1
core   0: 3 0x8000b340 (0x00001f17) x30 0x8000c340
core   0: 0x8000b344 (0xcc3f2023) sw      gp, -832(t5)
core   0: 3 0x8000b344 (0xcc3f2023) mem 0x8000c000 0x00000001
core   0: 0x8000b348 (0xff9ff06f) j       pc - 0x8
core   0: 3 0x8000b348 (0xff9ff06f)
core   0: 0x8000b340 (0x00001f17) auipc   t5, 0x1
core   0: 3 0x8000b340 (0x00001f17) x30 0x8000c340
core   0: 0x8000b344 (0xcc3f2023) sw      gp, -832(t5)
core   0: 3 0x8000b344 (0xcc3f2023) mem 0x8000c000 0x00000001
core   0: 0x8000b348 (0xff9ff06f) j       pc - 0x8
core   0: 3 0x8000b348 (0xff9ff06f)
core   0: 0x8000b340 (0x00001f17) auipc   t5, 0x1
core   0: 3 0x8000b340 (0x00001f17) x30 0x8000c340
core   0: 0x8000b344 (0xcc3f2023) sw      gp, -832(t5)
core   0: 3 0x8000b344 (0xcc3f2023) mem 0x8000c000 0x00000001
core   0: 0x8000b348 (0xff9ff06f) j       pc - 0x8
core   0: 3 0x8000b348 (0xff9ff06f)
core   0: 0x8000b340 (0x00001f17) auipc   t5, 0x1
core   0: 3 0x8000b340 (0x00001f17) x30 0x8000c340
core   0: 0x8000b344 (0xcc3f2023) sw      gp, -832(t5)
core   0: 3 0x8000b344 (0xcc3f2023) mem 0x8000c000 0x00000001
core   0: 0x8000b348 (0xff9ff06f) j       pc - 0x8
core   0: 3 0x8000b348 (0xff9ff06f)
core   0: 0x8000b340 (0x00001f17) auipc   t5, 0x1
core   0: 3 0x8000b340 (0x00001f17) x30 0x8000c340
core   0: 0x8000b344 (0xcc3f2023) sw      gp, -832(t5)
core   0: 3 0x8000b344 (0xcc3f2023) mem 0x8000c000 0x00000001
core   0: 0x8000b348 (0xff9ff06f) j       pc - 0x8
core   0: 3 0x8000b348 (0xff9ff06f)
core   0: 0x8000b340 (0x00001f17) auipc   t5, 0x1
core   0: 3 0x8000b340 (0x00001f17) x30 0x8000c340
core   0: 0x8000b344 (0xcc3f2023) sw      gp, -832(t5)
core   0: 3 0x8000b344 (0xcc3f2023) mem 0x8000c000 0x00000001
core   0: 0x8000b348 (0xff9ff06f) j       pc - 0x8
core   0: 3 0x8000b348 (0xff9ff06f)
core   0: 0x8000b340 (0x00001f17) auipc   t5, 0x1
core   0: 3 0x8000b340 (0x00001f17) x30 0x8000c340
core   0: 0x8000b344 (0xcc3f2023) sw      gp, -832(t5)
core   0: 3 0x8000b344 (0xcc3f2023) mem 0x8000c000 0x00000001
core   0: 0x8000b348 (0xff9ff06f) j       pc - 0x8
core   0: 3 0x8000b348 (0xff9ff06f)
core   0: 0x8000b340 (0x00001f17) auipc   t5, 0x1
core   0: 3 0x8000b340 (0x00001f17) x30 0x8000c340
core   0: 0x8000b344 (0xcc3f2023) sw      gp, -832(t5)
core   0: 3 0x8000b344 (0xcc3f2023) mem 0x8000c000 0x00000001
core   0: 0x8000b348 (0xff9ff06f) j       pc - 0x8
core   0: 3 0x8000b348 (0xff9ff06f)
core   0: 0x8000b340 (0x00001f17) auipc   t5, 0x1
core   0: 3 0x8000b340 (0x00001f17) x30 0x8000c340
core   0: 0x8000b344 (0xcc3f2023) sw      gp, -832(t5)
core   0: 3 0x8000b344 (0xcc3f2023) mem 0x8000c000 0x00000001
core   0: 0x8000b348 (0xff9ff06f) j       pc - 0x8
core   0: 3 0x8000b348 (0xff9ff06f)
core   0: 0x8000b340 (0x00001f17) auipc   t5, 0x1
core   0: 3 0x8000b340 (0x00001f17) x30 0x8000c340
core   0: 0x8000b344 (0xcc3f2023) sw      gp, -832(t5)
core   0: 3 0x8000b344 (0xcc3f2023) mem 0x8000c000 0x00000001
core   0: 0x8000b348 (0xff9ff06f) j       pc - 0x8
core   0: 3 0x8000b348 (0xff9ff06f)
core   0: 0x8000b340 (0x00001f17) auipc   t5, 0x1
core   0: 3 0x8000b340 (0x00001f17) x30 0x8000c340
core   0: 0x8000b344 (0xcc3f2023) sw      gp, -832(t5)
core   0: 3 0x8000b344 (0xcc3f2023) mem 0x8000c000 0x00000001
core   0: 0x8000b348 (0xff9ff06f) j       pc - 0x8
core   0: 3 0x8000b348 (0xff9ff06f)
core   0: 0x8000b340 (0x00001f17) auipc   t5, 0x1
core   0: 3 0x8000b340 (0x00001f17) x30 0x8000c340
core   0: 0x8000b344 (0xcc3f2023) sw      gp, -832(t5)
core   0: 3 0x8000b344 (0xcc3f2023) mem 0x8000c000 0x00000001
core   0: 0x8000b348 (0xff9ff06f) j       pc - 0x8
core   0: 3 0x8000b348 (0xff9ff06f)
core   0: 0x8000b340 (0x00001f17) auipc   t5, 0x1
core   0: 3 0x8000b340 (0x00001f17) x30 0x8000c340
core   0: 0x8000b344 (0xcc3f2023) sw      gp, -832(t5)
core   0: 3 0x8000b344 (0xcc3f2023) mem 0x8000c000 0x00000001
core   0: 0x8000b348 (0xff9ff06f) j       pc - 0x8
core   0: 3 0x8000b348 (0xff9ff06f)
core   0: 0x8000b340 (0x00001f17) auipc   t5, 0x1
core   0: 3 0x8000b340 (0x00001f17) x30 0x8000c340
core   0: 0x8000b344 (0xcc3f2023) sw      gp, -832(t5)
core   0: 3 0x8000b344 (0xcc3f2023) mem 0x8000c000 0x00000001
core   0: 0x8000b348 (0xff9ff06f) j       pc - 0x8
core   0: 3 0x8000b348 (0xff9ff06f)
core   0: 0x8000b340 (0x00001f17) auipc   t5, 0x1
core   0: 3 0x8000b340 (0x00001f17) x30 0x8000c340
core   0: 0x8000b344 (0xcc3f2023) sw      gp, -832(t5)
core   0: 3 0x8000b344 (0xcc3f2023) mem 0x8000c000 0x00000001
core   0: 0x8000b348 (0xff9ff06f) j       pc - 0x8
core   0: 3 0x8000b348 (0xff9ff06f)
core   0: 0x8000b340 (0x00001f17) auipc   t5, 0x1
core   0: 3 0x8000b340 (0x00001f17) x30 0x8000c340
core   0: 0x8000b344 (0xcc3f2023) sw      gp, -832(t5)
core   0: 3 0x8000b344 (0xcc3f2023) mem 0x8000c000 0x00000001
core   0: 0x8000b348 (0xff9ff06f) j       pc - 0x8
core   0: 3 0x8000b348 (0xff9ff06f)
core   0: 0x8000b340 (0x00001f17) auipc   t5, 0x1
core   0: 3 0x8000b340 (0x00001f17) x30 0x8000c340
core   0: 0x8000b344 (0xcc3f2023) sw      gp, -832(t5)
core   0: 3 0x8000b344 (0xcc3f2023) mem 0x8000c000 0x00000001
core   0: 0x8000b348 (0xff9ff06f) j       pc - 0x8
core   0: 3 0x8000b348 (0xff9ff06f)
core   0: 0x8000b340 (0x00001f17) auipc   t5, 0x1
core   0: 3 0x8000b340 (0x00001f17) x30 0x8000c340
core   0: 0x8000b344 (0xcc3f2023) sw      gp, -832(t5)
core   0: 3 0x8000b344 (0xcc3f2023) mem 0x8000c000 0x00000001
core   0: 0x8000b348 (0xff9ff06f) j       pc - 0x8
core   0: 3 0x8000b348 (0xff9ff06f)
core   0: 0x8000b340 (0x00001f17) auipc   t5, 0x1
core   0: 3 0x8000b340 (0x00001f17) x30 0x8000c340
core   0: 0x8000b344 (0xcc3f2023) sw      gp, -832(t5)
core   0: 3 0x8000b344 (0xcc3f2023) mem 0x8000c000 0x00000001
core   0: 0x8000b348 (0xff9ff06f) j       pc - 0x8
core   0: 3 0x8000b348 (0xff9ff06f)
core   0: 0x8000b340 (0x00001f17) auipc   t5, 0x1
core   0: 3 0x8000b340 (0x00001f17) x30 0x8000c340
core   0: 0x8000b344 (0xcc3f2023) sw      gp, -832(t5)
core   0: 3 0x8000b344 (0xcc3f2023) mem 0x8000c000 0x00000001
core   0: 0x8000b348 (0xff9ff06f) j       pc - 0x8
core   0: 3 0x8000b348 (0xff9ff06f)
core   0: 0x8000b340 (0x00001f17) auipc   t5, 0x1
core   0: 3 0x8000b340 (0x00001f17) x30 0x8000c340
core   0: 0x8000b344 (0xcc3f2023) sw      gp, -832(t5)
core   0: 3 0x8000b344 (0xcc3f2023) mem 0x8000c000 0x00000001
core   0: 0x8000b348 (0xff9ff06f) j       pc - 0x8
core   0: 3 0x8000b348 (0xff9ff06f)
core   0: 0x8000b340 (0x00001f17) auipc   t5, 0x1
core   0: 3 0x8000b340 (0x00001f17) x30 0x8000c340
core   0: 0x8000b344 (0xcc3f2023) sw      gp, -832(t5)
core   0: 3 0x8000b344 (0xcc3f2023) mem 0x8000c000 0x00000001
core   0: 0x8000b348 (0xff9ff06f) j       pc - 0x8
core   0: 3 0x8000b348 (0xff9ff06f)
core   0: 0x8000b340 (0x00001f17) auipc   t5, 0x1
core   0: 3 0x8000b340 (0x00001f17) x30 0x8000c340
core   0: 0x8000b344 (0xcc3f2023) sw      gp, -832(t5)
core   0: 3 0x8000b344 (0xcc3f2023) mem 0x8000c000 0x00000001
core   0: 0x8000b348 (0xff9ff06f) j       pc - 0x8
core   0: 3 0x8000b348 (0xff9ff06f)
core   0: 0x8000b340 (0x00001f17) auipc   t5, 0x1
core   0: 3 0x8000b340 (0x00001f17) x30 0x8000c340
core   0: 0x8000b344 (0xcc3f2023) sw      gp, -832(t5)
core   0: 3 0x8000b344 (0xcc3f2023) mem 0x8000c000 0x00000001
core   0: 0x8000b348 (0xff9ff06f) j       pc - 0x8
core   0: 3 0x8000b348 (0xff9ff06f)
core   0: 0x8000b340 (0x00001f17) auipc   t5, 0x1
core   0: 3 0x8000b340 (0x00001f17) x30 0x8000c340
core   0: 0x8000b344 (0xcc3f2023) sw      gp, -832(t5)
core   0: 3 0x8000b344 (0xcc3f2023) mem 0x8000c000 0x00000001
core   0: 0x8000b348 (0xff9ff06f) j       pc - 0x8
core   0: 3 0x8000b348 (0xff9ff06f)
core   0: 0x8000b340 (0x00001f17) auipc   t5, 0x1
core   0: 3 0x8000b340 (0x00001f17) x30 0x8000c340
core   0: 0x8000b344 (0xcc3f2023) sw      gp, -832(t5)
core   0: 3 0x8000b344 (0xcc3f2023) mem 0x8000c000 0x00000001
core   0: 0x8000b348 (0xff9ff06f) j       pc - 0x8
core   0: 3 0x8000b348 (0xff9ff06f)
core   0: 0x8000b340 (0x00001f17) auipc   t5, 0x1
core   0: 3 0x8000b340 (0x00001f17) x30 0x8000c340
core   0: 0x8000b344 (0xcc3f2023) sw      gp, -832(t5)
core   0: 3 0x8000b344 (0xcc3f2023) mem 0x8000c000 0x00000001
core   0: 0x8000b348 (0xff9ff06f) j       pc - 0x8
core   0: 3 0x8000b348 (0xff9ff06f)
core   0: 0x8000b340 (0x00001f17) auipc   t5, 0x1
core   0: 3 0x8000b340 (0x00001f17) x30 0x8000c340
core   0: 0x8000b344 (0xcc3f2023) sw      gp, -832(t5)
core   0: 3 0x8000b344 (0xcc3f2023) mem 0x8000c000 0x00000001
core   0: 0x8000b348 (0xff9ff06f) j       pc - 0x8
core   0: 3 0x8000b348 (0xff9ff06f)
core   0: 0x8000b340 (0x00001f17) auipc   t5, 0x1
core   0: 3 0x8000b340 (0x00001f17) x30 0x8000c340
core   0: 0x8000b344 (0xcc3f2023) sw      gp, -832(t5)
core   0: 3 0x8000b344 (0xcc3f2023) mem 0x8000c000 0x00000001
core   0: 0x8000b348 (0xff9ff06f) j       pc - 0x8
core   0: 3 0x8000b348 (0xff9ff06f)
core   0: 0x8000b340 (0x00001f17) auipc   t5, 0x1
core   0: 3 0x8000b340 (0x00001f17) x30 0x8000c340
core   0: 0x8000b344 (0xcc3f2023) sw      gp, -832(t5)
core   0: 3 0x8000b344 (0xcc3f2023) mem 0x8000c000 0x00000001
core   0: 0x8000b348 (0xff9ff06f) j       pc - 0x8
core   0: 3 0x8000b348 (0xff9ff06f)
core   0: 0x8000b340 (0x00001f17) auipc   t5, 0x1
core   0: 3 0x8000b340 (0x00001f17) x30 0x8000c340
core   0: 0x8000b344 (0xcc3f2023) sw      gp, -832(t5)
core   0: 3 0x8000b344 (0xcc3f2023) mem 0x8000c000 0x00000001
core   0: 0x8000b348 (0xff9ff06f) j       pc - 0x8
core   0: 3 0x8000b348 (0xff9ff06f)
core   0: 0x8000b340 (0x00001f17) auipc   t5, 0x1
core   0: 3 0x8000b340 (0x00001f17) x30 0x8000c340
core   0: 0x8000b344 (0xcc3f2023) sw      gp, -832(t5)
core   0: 3 0x8000b344 (0xcc3f2023) mem 0x8000c000 0x00000001
core   0: 0x8000b348 (0xff9ff06f) j       pc - 0x8
core   0: 3 0x8000b348 (0xff9ff06f)
core   0: 0x8000b340 (0x00001f17) auipc   t5, 0x1
core   0: 3 0x8000b340 (0x00001f17) x30 0x8000c340
core   0: 0x8000b344 (0xcc3f2023) sw      gp, -832(t5)
core   0: 3 0x8000b344 (0xcc3f2023) mem 0x8000c000 0x00000001
core   0: 0x8000b348 (0xff9ff06f) j       pc - 0x8
core   0: 3 0x8000b348 (0xff9ff06f)
core   0: 0x8000b340 (0x00001f17) auipc   t5, 0x1
core   0: 3 0x8000b340 (0x00001f17) x30 0x8000c340
core   0: 0x8000b344 (0xcc3f2023) sw      gp, -832(t5)
core   0: 3 0x8000b344 (0xcc3f2023) mem 0x8000c000 0x00000001
core   0: 0x8000b348 (0xff9ff06f) j       pc - 0x8
core   0: 3 0x8000b348 (0xff9ff06f)
core   0: 0x8000b340 (0x00001f17) auipc   t5, 0x1
core   0: 3 0x8000b340 (0x00001f17) x30 0x8000c340
core   0: 0x8000b344 (0xcc3f2023) sw      gp, -832(t5)
core   0: 3 0x8000b344 (0xcc3f2023) mem 0x8000c000 0x00000001
core   0: 0x8000b348 (0xff9ff06f) j       pc - 0x8
core   0: 3 0x8000b348 (0xff9ff06f)
core   0: 0x8000b340 (0x00001f17) auipc   t5, 0x1
core   0: 3 0x8000b340 (0x00001f17) x30 0x8000c340
core   0: 0x8000b344 (0xcc3f2023) sw      gp, -832(t5)
core   0: 3 0x8000b344 (0xcc3f2023) mem 0x8000c000 0x00000001
core   0: 0x8000b348 (0xff9ff06f) j       pc - 0x8
core   0: 3 0x8000b348 (0xff9ff06f)
core   0: 0x8000b340 (0x00001f17) auipc   t5, 0x1
core   0: 3 0x8000b340 (0x00001f17) x30 0x8000c340
core   0: 0x8000b344 (0xcc3f2023) sw      gp, -832(t5)
core   0: 3 0x8000b344 (0xcc3f2023) mem 0x8000c000 0x00000001
core   0: 0x8000b348 (0xff9ff06f) j       pc - 0x8
core   0: 3 0x8000b348 (0xff9ff06f)
core   0: 0x8000b340 (0x00001f17) auipc   t5, 0x1
core   0: 3 0x8000b340 (0x00001f17) x30 0x8000c340
core   0: 0x8000b344 (0xcc3f2023) sw      gp, -832(t5)
core   0: 3 0x8000b344 (0xcc3f2023) mem 0x8000c000 0x00000001
core   0: 0x8000b348 (0xff9ff06f) j       pc - 0x8
core   0: 3 0x8000b348 (0xff9ff06f)
core   0: 0x8000b340 (0x00001f17) auipc   t5, 0x1
core   0: 3 0x8000b340 (0x00001f17) x30 0x8000c340
core   0: 0x8000b344 (0xcc3f2023) sw      gp, -832(t5)
core   0: 3 0x8000b344 (0xcc3f2023) mem 0x8000c000 0x00000001
core   0: 0x8000b348 (0xff9ff06f) j       pc - 0x8
core   0: 3 0x8000b348 (0xff9ff06f)
core   0: 0x8000b340 (0x00001f17) auipc   t5, 0x1
core   0: 3 0x8000b340 (0x00001f17) x30 0x8000c340
core   0: 0x8000b344 (0xcc3f2023) sw      gp, -832(t5)
core   0: 3 0x8000b344 (0xcc3f2023) mem 0x8000c000 0x00000001
core   0: 0x8000b348 (0xff9ff06f) j       pc - 0x8
core   0: 3 0x8000b348 (0xff9ff06f)
core   0: 0x8000b340 (0x00001f17) auipc   t5, 0x1
core   0: 3 0x8000b340 (0x00001f17) x30 0x8000c340
core   0: 0x8000b344 (0xcc3f2023) sw      gp, -832(t5)
core   0: 3 0x8000b344 (0xcc3f2023) mem 0x8000c000 0x00000001
core   0: 0x8000b348 (0xff9ff06f) j       pc - 0x8
core   0: 3 0x8000b348 (0xff9ff06f)
core   0: 0x8000b340 (0x00001f17) auipc   t5, 0x1
core   0: 3 0x8000b340 (0x00001f17) x30 0x8000c340
core   0: 0x8000b344 (0xcc3f2023) sw      gp, -832(t5)
core   0: 3 0x8000b344 (0xcc3f2023) mem 0x8000c000 0x00000001
core   0: 0x8000b348 (0xff9ff06f) j       pc - 0x8
core   0: 3 0x8000b348 (0xff9ff06f)
core   0: 0x8000b340 (0x00001f17) auipc   t5, 0x1
core   0: 3 0x8000b340 (0x00001f17) x30 0x8000c340
core   0: 0x8000b344 (0xcc3f2023) sw      gp, -832(t5)
core   0: 3 0x8000b344 (0xcc3f2023) mem 0x8000c000 0x00000001
core   0: 0x8000b348 (0xff9ff06f) j       pc - 0x8
core   0: 3 0x8000b348 (0xff9ff06f)
core   0: 0x8000b340 (0x00001f17) auipc   t5, 0x1
core   0: 3 0x8000b340 (0x00001f17) x30 0x8000c340
core   0: 0x8000b344 (0xcc3f2023) sw      gp, -832(t5)
core   0: 3 0x8000b344 (0xcc3f2023) mem 0x8000c000 0x00000001
core   0: 0x8000b348 (0xff9ff06f) j       pc - 0x8
core   0: 3 0x8000b348 (0xff9ff06f)
core   0: 0x8000b340 (0x00001f17) auipc   t5, 0x1
core   0: 3 0x8000b340 (0x00001f17) x30 0x8000c340
core   0: 0x8000b344 (0xcc3f2023) sw      gp, -832(t5)
core   0: 3 0x8000b344 (0xcc3f2023) mem 0x8000c000 0x00000001
core   0: 0x8000b348 (0xff9ff06f) j       pc - 0x8
core   0: 3 0x8000b348 (0xff9ff06f)
core   0: 0x8000b340 (0x00001f17) auipc   t5, 0x1
core   0: 3 0x8000b340 (0x00001f17) x30 0x8000c340
core   0: 0x8000b344 (0xcc3f2023) sw      gp, -832(t5)
core   0: 3 0x8000b344 (0xcc3f2023) mem 0x8000c000 0x00000001
core   0: 0x8000b348 (0xff9ff06f) j       pc - 0x8
core   0: 3 0x8000b348 (0xff9ff06f)
core   0: 0x8000b340 (0x00001f17) auipc   t5, 0x1
core   0: 3 0x8000b340 (0x00001f17) x30 0x8000c340
core   0: 0x8000b344 (0xcc3f2023) sw      gp, -832(t5)
core   0: 3 0x8000b344 (0xcc3f2023) mem 0x8000c000 0x00000001
core   0: 0x8000b348 (0xff9ff06f) j       pc - 0x8
core   0: 3 0x8000b348 (0xff9ff06f)
core   0: 0x8000b340 (0x00001f17) auipc   t5, 0x1
core   0: 3 0x8000b340 (0x00001f17) x30 0x8000c340
core   0: 0x8000b344 (0xcc3f2023) sw      gp, -832(t5)
core   0: 3 0x8000b344 (0xcc3f2023) mem 0x8000c000 0x00000001
core   0: 0x8000b348 (0xff9ff06f) j       pc - 0x8
core   0: 3 0x8000b348 (0xff9ff06f)
core   0: 0x8000b340 (0x00001f17) auipc   t5, 0x1
core   0: 3 0x8000b340 (0x00001f17) x30 0x8000c340
core   0: 0x8000b344 (0xcc3f2023) sw      gp, -832(t5)
core   0: 3 0x8000b344 (0xcc3f2023) mem 0x8000c000 0x00000001
core   0: 0x8000b348 (0xff9ff06f) j       pc - 0x8
core   0: 3 0x8000b348 (0xff9ff06f)
core   0: 0x8000b340 (0x00001f17) auipc   t5, 0x1
core   0: 3 0x8000b340 (0x00001f17) x30 0x8000c340
core   0: 0x8000b344 (0xcc3f2023) sw      gp, -832(t5)
core   0: 3 0x8000b344 (0xcc3f2023) mem 0x8000c000 0x00000001
core   0: 0x8000b348 (0xff9ff06f) j       pc - 0x8
core   0: 3 0x8000b348 (0xff9ff06f)
core   0: 0x8000b340 (0x00001f17) auipc   t5, 0x1
core   0: 3 0x8000b340 (0x00001f17) x30 0x8000c340
core   0: 0x8000b344 (0xcc3f2023) sw      gp, -832(t5)
core   0: 3 0x8000b344 (0xcc3f2023) mem 0x8000c000 0x00000001
core   0: 0x8000b348 (0xff9ff06f) j       pc - 0x8
core   0: 3 0x8000b348 (0xff9ff06f)
core   0: 0x8000b340 (0x00001f17) auipc   t5, 0x1
core   0: 3 0x8000b340 (0x00001f17) x30 0x8000c340
core   0: 0x8000b344 (0xcc3f2023) sw      gp, -832(t5)
core   0: 3 0x8000b344 (0xcc3f2023) mem 0x8000c000 0x00000001
core   0: 0x8000b348 (0xff9ff06f) j       pc - 0x8
core   0: 3 0x8000b348 (0xff9ff06f)
core   0: 0x8000b340 (0x00001f17) auipc   t5, 0x1
core   0: 3 0x8000b340 (0x00001f17) x30 0x8000c340
core   0: 0x8000b344 (0xcc3f2023) sw      gp, -832(t5)
core   0: 3 0x8000b344 (0xcc3f2023) mem 0x8000c000 0x00000001
core   0: 0x8000b348 (0xff9ff06f) j       pc - 0x8
core   0: 3 0x8000b348 (0xff9ff06f)
core   0: 0x8000b340 (0x00001f17) auipc   t5, 0x1
core   0: 3 0x8000b340 (0x00001f17) x30 0x8000c340
core   0: 0x8000b344 (0xcc3f2023) sw      gp, -832(t5)
core   0: 3 0x8000b344 (0xcc3f2023) mem 0x8000c000 0x00000001
core   0: 0x8000b348 (0xff9ff06f) j       pc - 0x8
core   0: 3 0x8000b348 (0xff9ff06f)
core   0: 0x8000b340 (0x00001f17) auipc   t5, 0x1
core   0: 3 0x8000b340 (0x00001f17) x30 0x8000c340
core   0: 0x8000b344 (0xcc3f2023) sw      gp, -832(t5)
core   0: 3 0x8000b344 (0xcc3f2023) mem 0x8000c000 0x00000001
core   0: 0x8000b348 (0xff9ff06f) j       pc - 0x8
core   0: 3 0x8000b348 (0xff9ff06f)
core   0: 0x8000b340 (0x00001f17) auipc   t5, 0x1
core   0: 3 0x8000b340 (0x00001f17) x30 0x8000c340
core   0: 0x8000b344 (0xcc3f2023) sw      gp, -832(t5)
core   0: 3 0x8000b344 (0xcc3f2023) mem 0x8000c000 0x00000001
core   0: 0x8000b348 (0xff9ff06f) j       pc - 0x8
core   0: 3 0x8000b348 (0xff9ff06f)
core   0: 0x8000b340 (0x00001f17) auipc   t5, 0x1
core   0: 3 0x8000b340 (0x00001f17) x30 0x8000c340
core   0: 0x8000b344 (0xcc3f2023) sw      gp, -832(t5)
core   0: 3 0x8000b344 (0xcc3f2023) mem 0x8000c000 0x00000001
core   0: 0x8000b348 (0xff9ff06f) j       pc - 0x8
core   0: 3 0x8000b348 (0xff9ff06f)
core   0: 0x8000b340 (0x00001f17) auipc   t5, 0x1
core   0: 3 0x8000b340 (0x00001f17) x30 0x8000c340
core   0: 0x8000b344 (0xcc3f2023) sw      gp, -832(t5)
core   0: 3 0x8000b344 (0xcc3f2023) mem 0x8000c000 0x00000001
core   0: 0x8000b348 (0xff9ff06f) j       pc - 0x8
core   0: 3 0x8000b348 (0xff9ff06f)
core   0: 0x8000b340 (0x00001f17) auipc   t5, 0x1
core   0: 3 0x8000b340 (0x00001f17) x30 0x8000c340
core   0: 0x8000b344 (0xcc3f2023) sw      gp, -832(t5)
core   0: 3 0x8000b344 (0xcc3f2023) mem 0x8000c000 0x00000001
core   0: 0x8000b348 (0xff9ff06f) j       pc - 0x8
core   0: 3 0x8000b348 (0xff9ff06f)
core   0: 0x8000b340 (0x00001f17) auipc   t5, 0x1
core   0: 3 0x8000b340 (0x00001f17) x30 0x8000c340
core   0: 0x8000b344 (0xcc3f2023) sw      gp, -832(t5)
core   0: 3 0x8000b344 (0xcc3f2023) mem 0x8000c000 0x00000001
core   0: 0x8000b348 (0xff9ff06f) j       pc - 0x8
core   0: 3 0x8000b348 (0xff9ff06f)
core   0: 0x8000b340 (0x00001f17) auipc   t5, 0x1
core   0: 3 0x8000b340 (0x00001f17) x30 0x8000c340
core   0: 0x8000b344 (0xcc3f2023) sw      gp, -832(t5)
core   0: 3 0x8000b344 (0xcc3f2023) mem 0x8000c000 0x00000001
core   0: 0x8000b348 (0xff9ff06f) j       pc - 0x8
core   0: 3 0x8000b348 (0xff9ff06f)
core   0: 0x8000b340 (0x00001f17) auipc   t5, 0x1
core   0: 3 0x8000b340 (0x00001f17) x30 0x8000c340
core   0: 0x8000b344 (0xcc3f2023) sw      gp, -832(t5)
core   0: 3 0x8000b344 (0xcc3f2023) mem 0x8000c000 0x00000001
core   0: 0x8000b348 (0xff9ff06f) j       pc - 0x8
core   0: 3 0x8000b348 (0xff9ff06f)
core   0: 0x8000b340 (0x00001f17) auipc   t5, 0x1
core   0: 3 0x8000b340 (0x00001f17) x30 0x8000c340
core   0: 0x8000b344 (0xcc3f2023) sw      gp, -832(t5)
core   0: 3 0x8000b344 (0xcc3f2023) mem 0x8000c000 0x00000001
core   0: 0x8000b348 (0xff9ff06f) j       pc - 0x8
core   0: 3 0x8000b348 (0xff9ff06f)
core   0: 0x8000b340 (0x00001f17) auipc   t5, 0x1
core   0: 3 0x8000b340 (0x00001f17) x30 0x8000c340
core   0: 0x8000b344 (0xcc3f2023) sw      gp, -832(t5)
core   0: 3 0x8000b344 (0xcc3f2023) mem 0x8000c000 0x00000001
core   0: 0x8000b348 (0xff9ff06f) j       pc - 0x8
core   0: 3 0x8000b348 (0xff9ff06f)
core   0: 0x8000b340 (0x00001f17) auipc   t5, 0x1
core   0: 3 0x8000b340 (0x00001f17) x30 0x8000c340
core   0: 0x8000b344 (0xcc3f2023) sw      gp, -832(t5)
core   0: 3 0x8000b344 (0xcc3f2023) mem 0x8000c000 0x00000001
core   0: 0x8000b348 (0xff9ff06f) j       pc - 0x8
core   0: 3 0x8000b348 (0xff9ff06f)
core   0: 0x8000b340 (0x00001f17) auipc   t5, 0x1
core   0: 3 0x8000b340 (0x00001f17) x30 0x8000c340
core   0: 0x8000b344 (0xcc3f2023) sw      gp, -832(t5)
core   0: 3 0x8000b344 (0xcc3f2023) mem 0x8000c000 0x00000001
core   0: 0x8000b348 (0xff9ff06f) j       pc - 0x8
core   0: 3 0x8000b348 (0xff9ff06f)
core   0: 0x8000b340 (0x00001f17) auipc   t5, 0x1
core   0: 3 0x8000b340 (0x00001f17) x30 0x8000c340
core   0: 0x8000b344 (0xcc3f2023) sw      gp, -832(t5)
core   0: 3 0x8000b344 (0xcc3f2023) mem 0x8000c000 0x00000001
core   0: 0x8000b348 (0xff9ff06f) j       pc - 0x8
core   0: 3 0x8000b348 (0xff9ff06f)
core   0: 0x8000b340 (0x00001f17) auipc   t5, 0x1
core   0: 3 0x8000b340 (0x00001f17) x30 0x8000c340
core   0: 0x8000b344 (0xcc3f2023) sw      gp, -832(t5)
core   0: 3 0x8000b344 (0xcc3f2023) mem 0x8000c000 0x00000001
core   0: 0x8000b348 (0xff9ff06f) j       pc - 0x8
core   0: 3 0x8000b348 (0xff9ff06f)
core   0: 0x8000b340 (0x00001f17) auipc   t5, 0x1
core   0: 3 0x8000b340 (0x00001f17) x30 0x8000c340
core   0: 0x8000b344 (0xcc3f2023) sw      gp, -832(t5)
core   0: 3 0x8000b344 (0xcc3f2023) mem 0x8000c000 0x00000001
core   0: 0x8000b348 (0xff9ff06f) j       pc - 0x8
core   0: 3 0x8000b348 (0xff9ff06f)
core   0: 0x8000b340 (0x00001f17) auipc   t5, 0x1
core   0: 3 0x8000b340 (0x00001f17) x30 0x8000c340
core   0: 0x8000b344 (0xcc3f2023) sw      gp, -832(t5)
core   0: 3 0x8000b344 (0xcc3f2023) mem 0x8000c000 0x00000001
core   0: 0x8000b348 (0xff9ff06f) j       pc - 0x8
core   0: 3 0x8000b348 (0xff9ff06f)
core   0: 0x8000b340 (0x00001f17) auipc   t5, 0x1
core   0: 3 0x8000b340 (0x00001f17) x30 0x8000c340
core   0: 0x8000b344 (0xcc3f2023) sw      gp, -832(t5)
core   0: 3 0x8000b344 (0xcc3f2023) mem 0x8000c000 0x00000001
core   0: 0x8000b348 (0xff9ff06f) j       pc - 0x8
core   0: 3 0x8000b348 (0xff9ff06f)
core   0: 0x8000b340 (0x00001f17) auipc   t5, 0x1
core   0: 3 0x8000b340 (0x00001f17) x30 0x8000c340
core   0: 0x8000b344 (0xcc3f2023) sw      gp, -832(t5)
core   0: 3 0x8000b344 (0xcc3f2023) mem 0x8000c000 0x00000001
core   0: 0x8000b348 (0xff9ff06f) j       pc - 0x8
core   0: 3 0x8000b348 (0xff9ff06f)
core   0: 0x8000b340 (0x00001f17) auipc   t5, 0x1
core   0: 3 0x8000b340 (0x00001f17) x30 0x8000c340
core   0: 0x8000b344 (0xcc3f2023) sw      gp, -832(t5)
core   0: 3 0x8000b344 (0xcc3f2023) mem 0x8000c000 0x00000001
core   0: 0x8000b348 (0xff9ff06f) j       pc - 0x8
core   0: 3 0x8000b348 (0xff9ff06f)
core   0: 0x8000b340 (0x00001f17) auipc   t5, 0x1
core   0: 3 0x8000b340 (0x00001f17) x30 0x8000c340
core   0: 0x8000b344 (0xcc3f2023) sw      gp, -832(t5)
core   0: 3 0x8000b344 (0xcc3f2023) mem 0x8000c000 0x00000001
core   0: 0x8000b348 (0xff9ff06f) j       pc - 0x8
core   0: 3 0x8000b348 (0xff9ff06f)
core   0: 0x8000b340 (0x00001f17) auipc   t5, 0x1
core   0: 3 0x8000b340 (0x00001f17) x30 0x8000c340
core   0: 0x8000b344 (0xcc3f2023) sw      gp, -832(t5)
core   0: 3 0x8000b344 (0xcc3f2023) mem 0x8000c000 0x00000001
core   0: 0x8000b348 (0xff9ff06f) j       pc - 0x8
core   0: 3 0x8000b348 (0xff9ff06f)
core   0: 0x8000b340 (0x00001f17) auipc   t5, 0x1
core   0: 3 0x8000b340 (0x00001f17) x30 0x8000c340
core   0: 0x8000b344 (0xcc3f2023) sw      gp, -832(t5)
core   0: 3 0x8000b344 (0xcc3f2023) mem 0x8000c000 0x00000001
core   0: 0x8000b348 (0xff9ff06f) j       pc - 0x8
core   0: 3 0x8000b348 (0xff9ff06f)
core   0: 0x8000b340 (0x00001f17) auipc   t5, 0x1
core   0: 3 0x8000b340 (0x00001f17) x30 0x8000c340
core   0: 0x8000b344 (0xcc3f2023) sw      gp, -832(t5)
core   0: 3 0x8000b344 (0xcc3f2023) mem 0x8000c000 0x00000001
core   0: 0x8000b348 (0xff9ff06f) j       pc - 0x8
core   0: 3 0x8000b348 (0xff9ff06f)
core   0: 0x8000b340 (0x00001f17) auipc   t5, 0x1
core   0: 3 0x8000b340 (0x00001f17) x30 0x8000c340
core   0: 0x8000b344 (0xcc3f2023) sw      gp, -832(t5)
core   0: 3 0x8000b344 (0xcc3f2023) mem 0x8000c000 0x00000001
core   0: 0x8000b348 (0xff9ff06f) j       pc - 0x8
core   0: 3 0x8000b348 (0xff9ff06f)
core   0: 0x8000b340 (0x00001f17) auipc   t5, 0x1
core   0: 3 0x8000b340 (0x00001f17) x30 0x8000c340
core   0: 0x8000b344 (0xcc3f2023) sw      gp, -832(t5)
core   0: 3 0x8000b344 (0xcc3f2023) mem 0x8000c000 0x00000001
core   0: 0x8000b348 (0xff9ff06f) j       pc - 0x8
core   0: 3 0x8000b348 (0xff9ff06f)
core   0: 0x8000b340 (0x00001f17) auipc   t5, 0x1
core   0: 3 0x8000b340 (0x00001f17) x30 0x8000c340
core   0: 0x8000b344 (0xcc3f2023) sw      gp, -832(t5)
core   0: 3 0x8000b344 (0xcc3f2023) mem 0x8000c000 0x00000001
core   0: 0x8000b348 (0xff9ff06f) j       pc - 0x8
core   0: 3 0x8000b348 (0xff9ff06f)
core   0: 0x8000b340 (0x00001f17) auipc   t5, 0x1
core   0: 3 0x8000b340 (0x00001f17) x30 0x8000c340
core   0: 0x8000b344 (0xcc3f2023) sw      gp, -832(t5)
core   0: 3 0x8000b344 (0xcc3f2023) mem 0x8000c000 0x00000001
core   0: 0x8000b348 (0xff9ff06f) j       pc - 0x8
core   0: 3 0x8000b348 (0xff9ff06f)
core   0: 0x8000b340 (0x00001f17) auipc   t5, 0x1
core   0: 3 0x8000b340 (0x00001f17) x30 0x8000c340
core   0: 0x8000b344 (0xcc3f2023) sw      gp, -832(t5)
core   0: 3 0x8000b344 (0xcc3f2023) mem 0x8000c000 0x00000001
core   0: 0x8000b348 (0xff9ff06f) j       pc - 0x8
core   0: 3 0x8000b348 (0xff9ff06f)
core   0: 0x8000b340 (0x00001f17) auipc   t5, 0x1
core   0: 3 0x8000b340 (0x00001f17) x30 0x8000c340
core   0: 0x8000b344 (0xcc3f2023) sw      gp, -832(t5)
core   0: 3 0x8000b344 (0xcc3f2023) mem 0x8000c000 0x00000001
core   0: 0x8000b348 (0xff9ff06f) j       pc - 0x8
core   0: 3 0x8000b348 (0xff9ff06f)
core   0: 0x8000b340 (0x00001f17) auipc   t5, 0x1
core   0: 3 0x8000b340 (0x00001f17) x30 0x8000c340
core   0: 0x8000b344 (0xcc3f2023) sw      gp, -832(t5)
core   0: 3 0x8000b344 (0xcc3f2023) mem 0x8000c000 0x00000001
core   0: 0x8000b348 (0xff9ff06f) j       pc - 0x8
core   0: 3 0x8000b348 (0xff9ff06f)
core   0: 0x8000b340 (0x00001f17) auipc   t5, 0x1
core   0: 3 0x8000b340 (0x00001f17) x30 0x8000c340
core   0: 0x8000b344 (0xcc3f2023) sw      gp, -832(t5)
core   0: 3 0x8000b344 (0xcc3f2023) mem 0x8000c000 0x00000001
core   0: 0x8000b348 (0xff9ff06f) j       pc - 0x8
core   0: 3 0x8000b348 (0xff9ff06f)
core   0: 0x8000b340 (0x00001f17) auipc   t5, 0x1
core   0: 3 0x8000b340 (0x00001f17) x30 0x8000c340
core   0: 0x8000b344 (0xcc3f2023) sw      gp, -832(t5)
core   0: 3 0x8000b344 (0xcc3f2023) mem 0x8000c000 0x00000001
core   0: 0x8000b348 (0xff9ff06f) j       pc - 0x8
core   0: 3 0x8000b348 (0xff9ff06f)
core   0: 0x8000b340 (0x00001f17) auipc   t5, 0x1
core   0: 3 0x8000b340 (0x00001f17) x30 0x8000c340
core   0: 0x8000b344 (0xcc3f2023) sw      gp, -832(t5)
core   0: 3 0x8000b344 (0xcc3f2023) mem 0x8000c000 0x00000001
core   0: 0x8000b348 (0xff9ff06f) j       pc - 0x8
core   0: 3 0x8000b348 (0xff9ff06f)
core   0: 0x8000b340 (0x00001f17) auipc   t5, 0x1
core   0: 3 0x8000b340 (0x00001f17) x30 0x8000c340
core   0: 0x8000b344 (0xcc3f2023) sw      gp, -832(t5)
core   0: 3 0x8000b344 (0xcc3f2023) mem 0x8000c000 0x00000001
core   0: 0x8000b348 (0xff9ff06f) j       pc - 0x8
core   0: 3 0x8000b348 (0xff9ff06f)
core   0: 0x8000b340 (0x00001f17) auipc   t5, 0x1
core   0: 3 0x8000b340 (0x00001f17) x30 0x8000c340
core   0: 0x8000b344 (0xcc3f2023) sw      gp, -832(t5)
core   0: 3 0x8000b344 (0xcc3f2023) mem 0x8000c000 0x00000001
core   0: 0x8000b348 (0xff9ff06f) j       pc - 0x8
core   0: 3 0x8000b348 (0xff9ff06f)
core   0: 0x8000b340 (0x00001f17) auipc   t5, 0x1
core   0: 3 0x8000b340 (0x00001f17) x30 0x8000c340
core   0: 0x8000b344 (0xcc3f2023) sw      gp, -832(t5)
core   0: 3 0x8000b344 (0xcc3f2023) mem 0x8000c000 0x00000001
core   0: 0x8000b348 (0xff9ff06f) j       pc - 0x8
core   0: 3 0x8000b348 (0xff9ff06f)
core   0: 0x8000b340 (0x00001f17) auipc   t5, 0x1
core   0: 3 0x8000b340 (0x00001f17) x30 0x8000c340
core   0: 0x8000b344 (0xcc3f2023) sw      gp, -832(t5)
core   0: 3 0x8000b344 (0xcc3f2023) mem 0x8000c000 0x00000001
core   0: 0x8000b348 (0xff9ff06f) j       pc - 0x8
core   0: 3 0x8000b348 (0xff9ff06f)
core   0: 0x8000b340 (0x00001f17) auipc   t5, 0x1
core   0: 3 0x8000b340 (0x00001f17) x30 0x8000c340
core   0: 0x8000b344 (0xcc3f2023) sw      gp, -832(t5)
core   0: 3 0x8000b344 (0xcc3f2023) mem 0x8000c000 0x00000001
core   0: 0x8000b348 (0xff9ff06f) j       pc - 0x8
core   0: 3 0x8000b348 (0xff9ff06f)
core   0: 0x8000b340 (0x00001f17) auipc   t5, 0x1
core   0: 3 0x8000b340 (0x00001f17) x30 0x8000c340
core   0: 0x8000b344 (0xcc3f2023) sw      gp, -832(t5)
core   0: 3 0x8000b344 (0xcc3f2023) mem 0x8000c000 0x00000001
core   0: 0x8000b348 (0xff9ff06f) j       pc - 0x8
core   0: 3 0x8000b348 (0xff9ff06f)
core   0: 0x8000b340 (0x00001f17) auipc   t5, 0x1
core   0: 3 0x8000b340 (0x00001f17) x30 0x8000c340
core   0: 0x8000b344 (0xcc3f2023) sw      gp, -832(t5)
core   0: 3 0x8000b344 (0xcc3f2023) mem 0x8000c000 0x00000001
core   0: 0x8000b348 (0xff9ff06f) j       pc - 0x8
core   0: 3 0x8000b348 (0xff9ff06f)
core   0: 0x8000b340 (0x00001f17) auipc   t5, 0x1
core   0: 3 0x8000b340 (0x00001f17) x30 0x8000c340
core   0: 0x8000b344 (0xcc3f2023) sw      gp, -832(t5)
core   0: 3 0x8000b344 (0xcc3f2023) mem 0x8000c000 0x00000001
core   0: 0x8000b348 (0xff9ff06f) j       pc - 0x8
core   0: 3 0x8000b348 (0xff9ff06f)
core   0: 0x8000b340 (0x00001f17) auipc   t5, 0x1
core   0: 3 0x8000b340 (0x00001f17) x30 0x8000c340
core   0: 0x8000b344 (0xcc3f2023) sw      gp, -832(t5)
core   0: 3 0x8000b344 (0xcc3f2023) mem 0x8000c000 0x00000001
core   0: 0x8000b348 (0xff9ff06f) j       pc - 0x8
core   0: 3 0x8000b348 (0xff9ff06f)
core   0: 0x8000b340 (0x00001f17) auipc   t5, 0x1
core   0: 3 0x8000b340 (0x00001f17) x30 0x8000c340
core   0: 0x8000b344 (0xcc3f2023) sw      gp, -832(t5)
core   0: 3 0x8000b344 (0xcc3f2023) mem 0x8000c000 0x00000001
core   0: 0x8000b348 (0xff9ff06f) j       pc - 0x8
core   0: 3 0x8000b348 (0xff9ff06f)
core   0: 0x8000b340 (0x00001f17) auipc   t5, 0x1
core   0: 3 0x8000b340 (0x00001f17) x30 0x8000c340
core   0: 0x8000b344 (0xcc3f2023) sw      gp, -832(t5)
core   0: 3 0x8000b344 (0xcc3f2023) mem 0x8000c000 0x00000001
core   0: 0x8000b348 (0xff9ff06f) j       pc - 0x8
core   0: 3 0x8000b348 (0xff9ff06f)
core   0: 0x8000b340 (0x00001f17) auipc   t5, 0x1
core   0: 3 0x8000b340 (0x00001f17) x30 0x8000c340
core   0: 0x8000b344 (0xcc3f2023) sw      gp, -832(t5)
core   0: 3 0x8000b344 (0xcc3f2023) mem 0x8000c000 0x00000001
core   0: 0x8000b348 (0xff9ff06f) j       pc - 0x8
core   0: 3 0x8000b348 (0xff9ff06f)
core   0: 0x8000b340 (0x00001f17) auipc   t5, 0x1
core   0: 3 0x8000b340 (0x00001f17) x30 0x8000c340
core   0: 0x8000b344 (0xcc3f2023) sw      gp, -832(t5)
core   0: 3 0x8000b344 (0xcc3f2023) mem 0x8000c000 0x00000001
core   0: 0x8000b348 (0xff9ff06f) j       pc - 0x8
core   0: 3 0x8000b348 (0xff9ff06f)
core   0: 0x8000b340 (0x00001f17) auipc   t5, 0x1
core   0: 3 0x8000b340 (0x00001f17) x30 0x8000c340
core   0: 0x8000b344 (0xcc3f2023) sw      gp, -832(t5)
core   0: 3 0x8000b344 (0xcc3f2023) mem 0x8000c000 0x00000001
core   0: 0x8000b348 (0xff9ff06f) j       pc - 0x8
core   0: 3 0x8000b348 (0xff9ff06f)
core   0: 0x8000b340 (0x00001f17) auipc   t5, 0x1
core   0: 3 0x8000b340 (0x00001f17) x30 0x8000c340
core   0: 0x8000b344 (0xcc3f2023) sw      gp, -832(t5)
core   0: 3 0x8000b344 (0xcc3f2023) mem 0x8000c000 0x00000001
core   0: 0x8000b348 (0xff9ff06f) j       pc - 0x8
core   0: 3 0x8000b348 (0xff9ff06f)
core   0: 0x8000b340 (0x00001f17) auipc   t5, 0x1
core   0: 3 0x8000b340 (0x00001f17) x30 0x8000c340
core   0: 0x8000b344 (0xcc3f2023) sw      gp, -832(t5)
core   0: 3 0x8000b344 (0xcc3f2023) mem 0x8000c000 0x00000001
core   0: 0x8000b348 (0xff9ff06f) j       pc - 0x8
core   0: 3 0x8000b348 (0xff9ff06f)
core   0: 0x8000b340 (0x00001f17) auipc   t5, 0x1
core   0: 3 0x8000b340 (0x00001f17) x30 0x8000c340
core   0: 0x8000b344 (0xcc3f2023) sw      gp, -832(t5)
core   0: 3 0x8000b344 (0xcc3f2023) mem 0x8000c000 0x00000001
core   0: 0x8000b348 (0xff9ff06f) j       pc - 0x8
core   0: 3 0x8000b348 (0xff9ff06f)
core   0: 0x8000b340 (0x00001f17) auipc   t5, 0x1
core   0: 3 0x8000b340 (0x00001f17) x30 0x8000c340
core   0: 0x8000b344 (0xcc3f2023) sw      gp, -832(t5)
core   0: 3 0x8000b344 (0xcc3f2023) mem 0x8000c000 0x00000001
core   0: 0x8000b348 (0xff9ff06f) j       pc - 0x8
core   0: 3 0x8000b348 (0xff9ff06f)
core   0: 0x8000b340 (0x00001f17) auipc   t5, 0x1
core   0: 3 0x8000b340 (0x00001f17) x30 0x8000c340
core   0: 0x8000b344 (0xcc3f2023) sw      gp, -832(t5)
core   0: 3 0x8000b344 (0xcc3f2023) mem 0x8000c000 0x00000001
core   0: 0x8000b348 (0xff9ff06f) j       pc - 0x8
core   0: 3 0x8000b348 (0xff9ff06f)
core   0: 0x8000b340 (0x00001f17) auipc   t5, 0x1
core   0: 3 0x8000b340 (0x00001f17) x30 0x8000c340
core   0: 0x8000b344 (0xcc3f2023) sw      gp, -832(t5)
core   0: 3 0x8000b344 (0xcc3f2023) mem 0x8000c000 0x00000001
core   0: 0x8000b348 (0xff9ff06f) j       pc - 0x8
core   0: 3 0x8000b348 (0xff9ff06f)
core   0: 0x8000b340 (0x00001f17) auipc   t5, 0x1
core   0: 3 0x8000b340 (0x00001f17) x30 0x8000c340
core   0: 0x8000b344 (0xcc3f2023) sw      gp, -832(t5)
core   0: 3 0x8000b344 (0xcc3f2023) mem 0x8000c000 0x00000001
core   0: 0x8000b348 (0xff9ff06f) j       pc - 0x8
core   0: 3 0x8000b348 (0xff9ff06f)
core   0: 0x8000b340 (0x00001f17) auipc   t5, 0x1
core   0: 3 0x8000b340 (0x00001f17) x30 0x8000c340
core   0: 0x8000b344 (0xcc3f2023) sw      gp, -832(t5)
core   0: 3 0x8000b344 (0xcc3f2023) mem 0x8000c000 0x00000001
core   0: 0x8000b348 (0xff9ff06f) j       pc - 0x8
core   0: 3 0x8000b348 (0xff9ff06f)
core   0: 0x8000b340 (0x00001f17) auipc   t5, 0x1
core   0: 3 0x8000b340 (0x00001f17) x30 0x8000c340
core   0: 0x8000b344 (0xcc3f2023) sw      gp, -832(t5)
core   0: 3 0x8000b344 (0xcc3f2023) mem 0x8000c000 0x00000001
core   0: 0x8000b348 (0xff9ff06f) j       pc - 0x8
core   0: 3 0x8000b348 (0xff9ff06f)
core   0: 0x8000b340 (0x00001f17) auipc   t5, 0x1
core   0: 3 0x8000b340 (0x00001f17) x30 0x8000c340
core   0: 0x8000b344 (0xcc3f2023) sw      gp, -832(t5)
core   0: 3 0x8000b344 (0xcc3f2023) mem 0x8000c000 0x00000001
core   0: 0x8000b348 (0xff9ff06f) j       pc - 0x8
core   0: 3 0x8000b348 (0xff9ff06f)
core   0: 0x8000b340 (0x00001f17) auipc   t5, 0x1
core   0: 3 0x8000b340 (0x00001f17) x30 0x8000c340
core   0: 0x8000b344 (0xcc3f2023) sw      gp, -832(t5)
core   0: 3 0x8000b344 (0xcc3f2023) mem 0x8000c000 0x00000001
core   0: 0x8000b348 (0xff9ff06f) j       pc - 0x8
core   0: 3 0x8000b348 (0xff9ff06f)
core   0: 0x8000b340 (0x00001f17) auipc   t5, 0x1
core   0: 3 0x8000b340 (0x00001f17) x30 0x8000c340
core   0: 0x8000b344 (0xcc3f2023) sw      gp, -832(t5)
core   0: 3 0x8000b344 (0xcc3f2023) mem 0x8000c000 0x00000001
core   0: 0x8000b348 (0xff9ff06f) j       pc - 0x8
core   0: 3 0x8000b348 (0xff9ff06f)
core   0: 0x8000b340 (0x00001f17) auipc   t5, 0x1
core   0: 3 0x8000b340 (0x00001f17) x30 0x8000c340
core   0: 0x8000b344 (0xcc3f2023) sw      gp, -832(t5)
core   0: 3 0x8000b344 (0xcc3f2023) mem 0x8000c000 0x00000001
core   0: 0x8000b348 (0xff9ff06f) j       pc - 0x8
core   0: 3 0x8000b348 (0xff9ff06f)
core   0: 0x8000b340 (0x00001f17) auipc   t5, 0x1
core   0: 3 0x8000b340 (0x00001f17) x30 0x8000c340
core   0: 0x8000b344 (0xcc3f2023) sw      gp, -832(t5)
core   0: 3 0x8000b344 (0xcc3f2023) mem 0x8000c000 0x00000001
core   0: 0x8000b348 (0xff9ff06f) j       pc - 0x8
core   0: 3 0x8000b348 (0xff9ff06f)
core   0: 0x8000b340 (0x00001f17) auipc   t5, 0x1
core   0: 3 0x8000b340 (0x00001f17) x30 0x8000c340
core   0: 0x8000b344 (0xcc3f2023) sw      gp, -832(t5)
core   0: 3 0x8000b344 (0xcc3f2023) mem 0x8000c000 0x00000001
core   0: 0x8000b348 (0xff9ff06f) j       pc - 0x8
core   0: 3 0x8000b348 (0xff9ff06f)
core   0: 0x8000b340 (0x00001f17) auipc   t5, 0x1
core   0: 3 0x8000b340 (0x00001f17) x30 0x8000c340
core   0: 0x8000b344 (0xcc3f2023) sw      gp, -832(t5)
core   0: 3 0x8000b344 (0xcc3f2023) mem 0x8000c000 0x00000001
core   0: 0x8000b348 (0xff9ff06f) j       pc - 0x8
core   0: 3 0x8000b348 (0xff9ff06f)
core   0: 0x8000b340 (0x00001f17) auipc   t5, 0x1
core   0: 3 0x8000b340 (0x00001f17) x30 0x8000c340
core   0: 0x8000b344 (0xcc3f2023) sw      gp, -832(t5)
core   0: 3 0x8000b344 (0xcc3f2023) mem 0x8000c000 0x00000001
core   0: 0x8000b348 (0xff9ff06f) j       pc - 0x8
core   0: 3 0x8000b348 (0xff9ff06f)
core   0: 0x8000b340 (0x00001f17) auipc   t5, 0x1
core   0: 3 0x8000b340 (0x00001f17) x30 0x8000c340
core   0: 0x8000b344 (0xcc3f2023) sw      gp, -832(t5)
core   0: 3 0x8000b344 (0xcc3f2023) mem 0x8000c000 0x00000001
core   0: 0x8000b348 (0xff9ff06f) j       pc - 0x8
core   0: 3 0x8000b348 (0xff9ff06f)
core   0: 0x8000b340 (0x00001f17) auipc   t5, 0x1
core   0: 3 0x8000b340 (0x00001f17) x30 0x8000c340
core   0: 0x8000b344 (0xcc3f2023) sw      gp, -832(t5)
core   0: 3 0x8000b344 (0xcc3f2023) mem 0x8000c000 0x00000001
core   0: 0x8000b348 (0xff9ff06f) j       pc - 0x8
core   0: 3 0x8000b348 (0xff9ff06f)
core   0: 0x8000b340 (0x00001f17) auipc   t5, 0x1
core   0: 3 0x8000b340 (0x00001f17) x30 0x8000c340
core   0: 0x8000b344 (0xcc3f2023) sw      gp, -832(t5)
core   0: 3 0x8000b344 (0xcc3f2023) mem 0x8000c000 0x00000001
core   0: 0x8000b348 (0xff9ff06f) j       pc - 0x8
core   0: 3 0x8000b348 (0xff9ff06f)
core   0: 0x8000b340 (0x00001f17) auipc   t5, 0x1
core   0: 3 0x8000b340 (0x00001f17) x30 0x8000c340
core   0: 0x8000b344 (0xcc3f2023) sw      gp, -832(t5)
core   0: 3 0x8000b344 (0xcc3f2023) mem 0x8000c000 0x00000001
core   0: 0x8000b348 (0xff9ff06f) j       pc - 0x8
core   0: 3 0x8000b348 (0xff9ff06f)
core   0: 0x8000b340 (0x00001f17) auipc   t5, 0x1
core   0: 3 0x8000b340 (0x00001f17) x30 0x8000c340
core   0: 0x8000b344 (0xcc3f2023) sw      gp, -832(t5)
core   0: 3 0x8000b344 (0xcc3f2023) mem 0x8000c000 0x00000001
core   0: 0x8000b348 (0xff9ff06f) j       pc - 0x8
core   0: 3 0x8000b348 (0xff9ff06f)
core   0: 0x8000b340 (0x00001f17) auipc   t5, 0x1
core   0: 3 0x8000b340 (0x00001f17) x30 0x8000c340
core   0: 0x8000b344 (0xcc3f2023) sw      gp, -832(t5)
core   0: 3 0x8000b344 (0xcc3f2023) mem 0x8000c000 0x00000001
core   0: 0x8000b348 (0xff9ff06f) j       pc - 0x8
core   0: 3 0x8000b348 (0xff9ff06f)
core   0: 0x8000b340 (0x00001f17) auipc   t5, 0x1
core   0: 3 0x8000b340 (0x00001f17) x30 0x8000c340
core   0: 0x8000b344 (0xcc3f2023) sw      gp, -832(t5)
core   0: 3 0x8000b344 (0xcc3f2023) mem 0x8000c000 0x00000001
core   0: 0x8000b348 (0xff9ff06f) j       pc - 0x8
core   0: 3 0x8000b348 (0xff9ff06f)
core   0: 0x8000b340 (0x00001f17) auipc   t5, 0x1
core   0: 3 0x8000b340 (0x00001f17) x30 0x8000c340
core   0: 0x8000b344 (0xcc3f2023) sw      gp, -832(t5)
core   0: 3 0x8000b344 (0xcc3f2023) mem 0x8000c000 0x00000001
core   0: 0x8000b348 (0xff9ff06f) j       pc - 0x8
core   0: 3 0x8000b348 (0xff9ff06f)
core   0: 0x8000b340 (0x00001f17) auipc   t5, 0x1
core   0: 3 0x8000b340 (0x00001f17) x30 0x8000c340
core   0: 0x8000b344 (0xcc3f2023) sw      gp, -832(t5)
core   0: 3 0x8000b344 (0xcc3f2023) mem 0x8000c000 0x00000001
core   0: 0x8000b348 (0xff9ff06f) j       pc - 0x8
core   0: 3 0x8000b348 (0xff9ff06f)
core   0: 0x8000b340 (0x00001f17) auipc   t5, 0x1
core   0: 3 0x8000b340 (0x00001f17) x30 0x8000c340
core   0: 0x8000b344 (0xcc3f2023) sw      gp, -832(t5)
core   0: 3 0x8000b344 (0xcc3f2023) mem 0x8000c000 0x00000001
core   0: 0x8000b348 (0xff9ff06f) j       pc - 0x8
core   0: 3 0x8000b348 (0xff9ff06f)
core   0: 0x8000b340 (0x00001f17) auipc   t5, 0x1
core   0: 3 0x8000b340 (0x00001f17) x30 0x8000c340
core   0: 0x8000b344 (0xcc3f2023) sw      gp, -832(t5)
core   0: 3 0x8000b344 (0xcc3f2023) mem 0x8000c000 0x00000001
core   0: 0x8000b348 (0xff9ff06f) j       pc - 0x8
core   0: 3 0x8000b348 (0xff9ff06f)
core   0: 0x8000b340 (0x00001f17) auipc   t5, 0x1
core   0: 3 0x8000b340 (0x00001f17) x30 0x8000c340
core   0: 0x8000b344 (0xcc3f2023) sw      gp, -832(t5)
core   0: 3 0x8000b344 (0xcc3f2023) mem 0x8000c000 0x00000001
core   0: 0x8000b348 (0xff9ff06f) j       pc - 0x8
core   0: 3 0x8000b348 (0xff9ff06f)
core   0: 0x8000b340 (0x00001f17) auipc   t5, 0x1
core   0: 3 0x8000b340 (0x00001f17) x30 0x8000c340
core   0: 0x8000b344 (0xcc3f2023) sw      gp, -832(t5)
core   0: 3 0x8000b344 (0xcc3f2023) mem 0x8000c000 0x00000001
core   0: 0x8000b348 (0xff9ff06f) j       pc - 0x8
core   0: 3 0x8000b348 (0xff9ff06f)
core   0: 0x8000b340 (0x00001f17) auipc   t5, 0x1
core   0: 3 0x8000b340 (0x00001f17) x30 0x8000c340
core   0: 0x8000b344 (0xcc3f2023) sw      gp, -832(t5)
core   0: 3 0x8000b344 (0xcc3f2023) mem 0x8000c000 0x00000001
core   0: 0x8000b348 (0xff9ff06f) j       pc - 0x8
core   0: 3 0x8000b348 (0xff9ff06f)
core   0: 0x8000b340 (0x00001f17) auipc   t5, 0x1
core   0: 3 0x8000b340 (0x00001f17) x30 0x8000c340
core   0: 0x8000b344 (0xcc3f2023) sw      gp, -832(t5)
core   0: 3 0x8000b344 (0xcc3f2023) mem 0x8000c000 0x00000001
core   0: 0x8000b348 (0xff9ff06f) j       pc - 0x8
core   0: 3 0x8000b348 (0xff9ff06f)
core   0: 0x8000b340 (0x00001f17) auipc   t5, 0x1
core   0: 3 0x8000b340 (0x00001f17) x30 0x8000c340
core   0: 0x8000b344 (0xcc3f2023) sw      gp, -832(t5)
core   0: 3 0x8000b344 (0xcc3f2023) mem 0x8000c000 0x00000001
core   0: 0x8000b348 (0xff9ff06f) j       pc - 0x8
core   0: 3 0x8000b348 (0xff9ff06f)
core   0: 0x8000b340 (0x00001f17) auipc   t5, 0x1
core   0: 3 0x8000b340 (0x00001f17) x30 0x8000c340
core   0: 0x8000b344 (0xcc3f2023) sw      gp, -832(t5)
core   0: 3 0x8000b344 (0xcc3f2023) mem 0x8000c000 0x00000001
core   0: 0x8000b348 (0xff9ff06f) j       pc - 0x8
core   0: 3 0x8000b348 (0xff9ff06f)
core   0: 0x8000b340 (0x00001f17) auipc   t5, 0x1
core   0: 3 0x8000b340 (0x00001f17) x30 0x8000c340
core   0: 0x8000b344 (0xcc3f2023) sw      gp, -832(t5)
core   0: 3 0x8000b344 (0xcc3f2023) mem 0x8000c000 0x00000001
core   0: 0x8000b348 (0xff9ff06f) j       pc - 0x8
core   0: 3 0x8000b348 (0xff9ff06f)
core   0: 0x8000b340 (0x00001f17) auipc   t5, 0x1
core   0: 3 0x8000b340 (0x00001f17) x30 0x8000c340
core   0: 0x8000b344 (0xcc3f2023) sw      gp, -832(t5)
core   0: 3 0x8000b344 (0xcc3f2023) mem 0x8000c000 0x00000001
core   0: 0x8000b348 (0xff9ff06f) j       pc - 0x8
core   0: 3 0x8000b348 (0xff9ff06f)
core   0: 0x8000b340 (0x00001f17) auipc   t5, 0x1
core   0: 3 0x8000b340 (0x00001f17) x30 0x8000c340
core   0: 0x8000b344 (0xcc3f2023) sw      gp, -832(t5)
core   0: 3 0x8000b344 (0xcc3f2023) mem 0x8000c000 0x00000001
core   0: 0x8000b348 (0xff9ff06f) j       pc - 0x8
core   0: 3 0x8000b348 (0xff9ff06f)
core   0: 0x8000b340 (0x00001f17) auipc   t5, 0x1
core   0: 3 0x8000b340 (0x00001f17) x30 0x8000c340
core   0: 0x8000b344 (0xcc3f2023) sw      gp, -832(t5)
core   0: 3 0x8000b344 (0xcc3f2023) mem 0x8000c000 0x00000001
core   0: 0x8000b348 (0xff9ff06f) j       pc - 0x8
core   0: 3 0x8000b348 (0xff9ff06f)
core   0: 0x8000b340 (0x00001f17) auipc   t5, 0x1
core   0: 3 0x8000b340 (0x00001f17) x30 0x8000c340
core   0: 0x8000b344 (0xcc3f2023) sw      gp, -832(t5)
core   0: 3 0x8000b344 (0xcc3f2023) mem 0x8000c000 0x00000001
core   0: 0x8000b348 (0xff9ff06f) j       pc - 0x8
core   0: 3 0x8000b348 (0xff9ff06f)
core   0: 0x8000b340 (0x00001f17) auipc   t5, 0x1
core   0: 3 0x8000b340 (0x00001f17) x30 0x8000c340
core   0: 0x8000b344 (0xcc3f2023) sw      gp, -832(t5)
core   0: 3 0x8000b344 (0xcc3f2023) mem 0x8000c000 0x00000001
core   0: 0x8000b348 (0xff9ff06f) j       pc - 0x8
core   0: 3 0x8000b348 (0xff9ff06f)
core   0: 0x8000b340 (0x00001f17) auipc   t5, 0x1
core   0: 3 0x8000b340 (0x00001f17) x30 0x8000c340
core   0: 0x8000b344 (0xcc3f2023) sw      gp, -832(t5)
core   0: 3 0x8000b344 (0xcc3f2023) mem 0x8000c000 0x00000001
core   0: 0x8000b348 (0xff9ff06f) j       pc - 0x8
core   0: 3 0x8000b348 (0xff9ff06f)
core   0: 0x8000b340 (0x00001f17) auipc   t5, 0x1
core   0: 3 0x8000b340 (0x00001f17) x30 0x8000c340
core   0: 0x8000b344 (0xcc3f2023) sw      gp, -832(t5)
core   0: 3 0x8000b344 (0xcc3f2023) mem 0x8000c000 0x00000001
core   0: 0x8000b348 (0xff9ff06f) j       pc - 0x8
core   0: 3 0x8000b348 (0xff9ff06f)
core   0: 0x8000b340 (0x00001f17) auipc   t5, 0x1
core   0: 3 0x8000b340 (0x00001f17) x30 0x8000c340
core   0: 0x8000b344 (0xcc3f2023) sw      gp, -832(t5)
core   0: 3 0x8000b344 (0xcc3f2023) mem 0x8000c000 0x00000001
core   0: 0x8000b348 (0xff9ff06f) j       pc - 0x8
core   0: 3 0x8000b348 (0xff9ff06f)
core   0: 0x8000b340 (0x00001f17) auipc   t5, 0x1
core   0: 3 0x8000b340 (0x00001f17) x30 0x8000c340
core   0: 0x8000b344 (0xcc3f2023) sw      gp, -832(t5)
core   0: 3 0x8000b344 (0xcc3f2023) mem 0x8000c000 0x00000001
core   0: 0x8000b348 (0xff9ff06f) j       pc - 0x8
core   0: 3 0x8000b348 (0xff9ff06f)
core   0: 0x8000b340 (0x00001f17) auipc   t5, 0x1
core   0: 3 0x8000b340 (0x00001f17) x30 0x8000c340
core   0: 0x8000b344 (0xcc3f2023) sw      gp, -832(t5)
core   0: 3 0x8000b344 (0xcc3f2023) mem 0x8000c000 0x00000001
core   0: 0x8000b348 (0xff9ff06f) j       pc - 0x8
core   0: 3 0x8000b348 (0xff9ff06f)
core   0: 0x8000b340 (0x00001f17) auipc   t5, 0x1
core   0: 3 0x8000b340 (0x00001f17) x30 0x8000c340
core   0: 0x8000b344 (0xcc3f2023) sw      gp, -832(t5)
core   0: 3 0x8000b344 (0xcc3f2023) mem 0x8000c000 0x00000001
core   0: 0x8000b348 (0xff9ff06f) j       pc - 0x8
core   0: 3 0x8000b348 (0xff9ff06f)
core   0: 0x8000b340 (0x00001f17) auipc   t5, 0x1
core   0: 3 0x8000b340 (0x00001f17) x30 0x8000c340
core   0: 0x8000b344 (0xcc3f2023) sw      gp, -832(t5)
core   0: 3 0x8000b344 (0xcc3f2023) mem 0x8000c000 0x00000001
core   0: 0x8000b348 (0xff9ff06f) j       pc - 0x8
core   0: 3 0x8000b348 (0xff9ff06f)
core   0: 0x8000b340 (0x00001f17) auipc   t5, 0x1
core   0: 3 0x8000b340 (0x00001f17) x30 0x8000c340
core   0: 0x8000b344 (0xcc3f2023) sw      gp, -832(t5)
core   0: 3 0x8000b344 (0xcc3f2023) mem 0x8000c000 0x00000001
core   0: 0x8000b348 (0xff9ff06f) j       pc - 0x8
core   0: 3 0x8000b348 (0xff9ff06f)
core   0: 0x8000b340 (0x00001f17) auipc   t5, 0x1
core   0: 3 0x8000b340 (0x00001f17) x30 0x8000c340
core   0: 0x8000b344 (0xcc3f2023) sw      gp, -832(t5)
core   0: 3 0x8000b344 (0xcc3f2023) mem 0x8000c000 0x00000001
core   0: 0x8000b348 (0xff9ff06f) j       pc - 0x8
core   0: 3 0x8000b348 (0xff9ff06f)
core   0: 0x8000b340 (0x00001f17) auipc   t5, 0x1
core   0: 3 0x8000b340 (0x00001f17) x30 0x8000c340
core   0: 0x8000b344 (0xcc3f2023) sw      gp, -832(t5)
core   0: 3 0x8000b344 (0xcc3f2023) mem 0x8000c000 0x00000001
core   0: 0x8000b348 (0xff9ff06f) j       pc - 0x8
core   0: 3 0x8000b348 (0xff9ff06f)
core   0: 0x8000b340 (0x00001f17) auipc   t5, 0x1
core   0: 3 0x8000b340 (0x00001f17) x30 0x8000c340
core   0: 0x8000b344 (0xcc3f2023) sw      gp, -832(t5)
core   0: 3 0x8000b344 (0xcc3f2023) mem 0x8000c000 0x00000001
core   0: 0x8000b348 (0xff9ff06f) j       pc - 0x8
core   0: 3 0x8000b348 (0xff9ff06f)
core   0: 0x8000b340 (0x00001f17) auipc   t5, 0x1
core   0: 3 0x8000b340 (0x00001f17) x30 0x8000c340
core   0: 0x8000b344 (0xcc3f2023) sw      gp, -832(t5)
core   0: 3 0x8000b344 (0xcc3f2023) mem 0x8000c000 0x00000001
core   0: 0x8000b348 (0xff9ff06f) j       pc - 0x8
core   0: 3 0x8000b348 (0xff9ff06f)
core   0: 0x8000b340 (0x00001f17) auipc   t5, 0x1
core   0: 3 0x8000b340 (0x00001f17) x30 0x8000c340
core   0: 0x8000b344 (0xcc3f2023) sw      gp, -832(t5)
core   0: 3 0x8000b344 (0xcc3f2023) mem 0x8000c000 0x00000001
core   0: 0x8000b348 (0xff9ff06f) j       pc - 0x8
core   0: 3 0x8000b348 (0xff9ff06f)
core   0: 0x8000b340 (0x00001f17) auipc   t5, 0x1
core   0: 3 0x8000b340 (0x00001f17) x30 0x8000c340
core   0: 0x8000b344 (0xcc3f2023) sw      gp, -832(t5)
core   0: 3 0x8000b344 (0xcc3f2023) mem 0x8000c000 0x00000001
core   0: 0x8000b348 (0xff9ff06f) j       pc - 0x8
core   0: 3 0x8000b348 (0xff9ff06f)
core   0: 0x8000b340 (0x00001f17) auipc   t5, 0x1
core   0: 3 0x8000b340 (0x00001f17) x30 0x8000c340
core   0: 0x8000b344 (0xcc3f2023) sw      gp, -832(t5)
core   0: 3 0x8000b344 (0xcc3f2023) mem 0x8000c000 0x00000001
core   0: 0x8000b348 (0xff9ff06f) j       pc - 0x8
core   0: 3 0x8000b348 (0xff9ff06f)
core   0: 0x8000b340 (0x00001f17) auipc   t5, 0x1
core   0: 3 0x8000b340 (0x00001f17) x30 0x8000c340
core   0: 0x8000b344 (0xcc3f2023) sw      gp, -832(t5)
core   0: 3 0x8000b344 (0xcc3f2023) mem 0x8000c000 0x00000001
core   0: 0x8000b348 (0xff9ff06f) j       pc - 0x8
core   0: 3 0x8000b348 (0xff9ff06f)
core   0: 0x8000b340 (0x00001f17) auipc   t5, 0x1
core   0: 3 0x8000b340 (0x00001f17) x30 0x8000c340
core   0: 0x8000b344 (0xcc3f2023) sw      gp, -832(t5)
core   0: 3 0x8000b344 (0xcc3f2023) mem 0x8000c000 0x00000001
core   0: 0x8000b348 (0xff9ff06f) j       pc - 0x8
core   0: 3 0x8000b348 (0xff9ff06f)
core   0: 0x8000b340 (0x00001f17) auipc   t5, 0x1
core   0: 3 0x8000b340 (0x00001f17) x30 0x8000c340
core   0: 0x8000b344 (0xcc3f2023) sw      gp, -832(t5)
core   0: 3 0x8000b344 (0xcc3f2023) mem 0x8000c000 0x00000001
core   0: 0x8000b348 (0xff9ff06f) j       pc - 0x8
core   0: 3 0x8000b348 (0xff9ff06f)
core   0: 0x8000b340 (0x00001f17) auipc   t5, 0x1
core   0: 3 0x8000b340 (0x00001f17) x30 0x8000c340
core   0: 0x8000b344 (0xcc3f2023) sw      gp, -832(t5)
core   0: 3 0x8000b344 (0xcc3f2023) mem 0x8000c000 0x00000001
core   0: 0x8000b348 (0xff9ff06f) j       pc - 0x8
core   0: 3 0x8000b348 (0xff9ff06f)
core   0: 0x8000b340 (0x00001f17) auipc   t5, 0x1
core   0: 3 0x8000b340 (0x00001f17) x30 0x8000c340
core   0: 0x8000b344 (0xcc3f2023) sw      gp, -832(t5)
core   0: 3 0x8000b344 (0xcc3f2023) mem 0x8000c000 0x00000001
core   0: 0x8000b348 (0xff9ff06f) j       pc - 0x8
core   0: 3 0x8000b348 (0xff9ff06f)
core   0: 0x8000b340 (0x00001f17) auipc   t5, 0x1
core   0: 3 0x8000b340 (0x00001f17) x30 0x8000c340
core   0: 0x8000b344 (0xcc3f2023) sw      gp, -832(t5)
core   0: 3 0x8000b344 (0xcc3f2023) mem 0x8000c000 0x00000001
core   0: 0x8000b348 (0xff9ff06f) j       pc - 0x8
core   0: 3 0x8000b348 (0xff9ff06f)
core   0: 0x8000b340 (0x00001f17) auipc   t5, 0x1
core   0: 3 0x8000b340 (0x00001f17) x30 0x8000c340
core   0: 0x8000b344 (0xcc3f2023) sw      gp, -832(t5)
core   0: 3 0x8000b344 (0xcc3f2023) mem 0x8000c000 0x00000001
core   0: 0x8000b348 (0xff9ff06f) j       pc - 0x8
core   0: 3 0x8000b348 (0xff9ff06f)
core   0: 0x8000b340 (0x00001f17) auipc   t5, 0x1
core   0: 3 0x8000b340 (0x00001f17) x30 0x8000c340
core   0: 0x8000b344 (0xcc3f2023) sw      gp, -832(t5)
core   0: 3 0x8000b344 (0xcc3f2023) mem 0x8000c000 0x00000001
core   0: 0x8000b348 (0xff9ff06f) j       pc - 0x8
core   0: 3 0x8000b348 (0xff9ff06f)
core   0: 0x8000b340 (0x00001f17) auipc   t5, 0x1
core   0: 3 0x8000b340 (0x00001f17) x30 0x8000c340
core   0: 0x8000b344 (0xcc3f2023) sw      gp, -832(t5)
core   0: 3 0x8000b344 (0xcc3f2023) mem 0x8000c000 0x00000001
core   0: 0x8000b348 (0xff9ff06f) j       pc - 0x8
core   0: 3 0x8000b348 (0xff9ff06f)
core   0: 0x8000b340 (0x00001f17) auipc   t5, 0x1
core   0: 3 0x8000b340 (0x00001f17) x30 0x8000c340
core   0: 0x8000b344 (0xcc3f2023) sw      gp, -832(t5)
core   0: 3 0x8000b344 (0xcc3f2023) mem 0x8000c000 0x00000001
core   0: 0x8000b348 (0xff9ff06f) j       pc - 0x8
core   0: 3 0x8000b348 (0xff9ff06f)
core   0: 0x8000b340 (0x00001f17) auipc   t5, 0x1
core   0: 3 0x8000b340 (0x00001f17) x30 0x8000c340
core   0: 0x8000b344 (0xcc3f2023) sw      gp, -832(t5)
core   0: 3 0x8000b344 (0xcc3f2023) mem 0x8000c000 0x00000001
core   0: 0x8000b348 (0xff9ff06f) j       pc - 0x8
core   0: 3 0x8000b348 (0xff9ff06f)
core   0: 0x8000b340 (0x00001f17) auipc   t5, 0x1
core   0: 3 0x8000b340 (0x00001f17) x30 0x8000c340
core   0: 0x8000b344 (0xcc3f2023) sw      gp, -832(t5)
core   0: 3 0x8000b344 (0xcc3f2023) mem 0x8000c000 0x00000001
core   0: 0x8000b348 (0xff9ff06f) j       pc - 0x8
core   0: 3 0x8000b348 (0xff9ff06f)
core   0: 0x8000b340 (0x00001f17) auipc   t5, 0x1
core   0: 3 0x8000b340 (0x00001f17) x30 0x8000c340
core   0: 0x8000b344 (0xcc3f2023) sw      gp, -832(t5)
core   0: 3 0x8000b344 (0xcc3f2023) mem 0x8000c000 0x00000001
core   0: 0x8000b348 (0xff9ff06f) j       pc - 0x8
core   0: 3 0x8000b348 (0xff9ff06f)
core   0: 0x8000b340 (0x00001f17) auipc   t5, 0x1
core   0: 3 0x8000b340 (0x00001f17) x30 0x8000c340
core   0: 0x8000b344 (0xcc3f2023) sw      gp, -832(t5)
core   0: 3 0x8000b344 (0xcc3f2023) mem 0x8000c000 0x00000001
core   0: 0x8000b348 (0xff9ff06f) j       pc - 0x8
core   0: 3 0x8000b348 (0xff9ff06f)
core   0: 0x8000b340 (0x00001f17) auipc   t5, 0x1
core   0: 3 0x8000b340 (0x00001f17) x30 0x8000c340
core   0: 0x8000b344 (0xcc3f2023) sw      gp, -832(t5)
core   0: 3 0x8000b344 (0xcc3f2023) mem 0x8000c000 0x00000001
core   0: 0x8000b348 (0xff9ff06f) j       pc - 0x8
core   0: 3 0x8000b348 (0xff9ff06f)
core   0: 0x8000b340 (0x00001f17) auipc   t5, 0x1
core   0: 3 0x8000b340 (0x00001f17) x30 0x8000c340
core   0: 0x8000b344 (0xcc3f2023) sw      gp, -832(t5)
core   0: 3 0x8000b344 (0xcc3f2023) mem 0x8000c000 0x00000001
core   0: 0x8000b348 (0xff9ff06f) j       pc - 0x8
core   0: 3 0x8000b348 (0xff9ff06f)
core   0: 0x8000b340 (0x00001f17) auipc   t5, 0x1
core   0: 3 0x8000b340 (0x00001f17) x30 0x8000c340
core   0: 0x8000b344 (0xcc3f2023) sw      gp, -832(t5)
core   0: 3 0x8000b344 (0xcc3f2023) mem 0x8000c000 0x00000001
core   0: 0x8000b348 (0xff9ff06f) j       pc - 0x8
core   0: 3 0x8000b348 (0xff9ff06f)
core   0: 0x8000b340 (0x00001f17) auipc   t5, 0x1
core   0: 3 0x8000b340 (0x00001f17) x30 0x8000c340
core   0: 0x8000b344 (0xcc3f2023) sw      gp, -832(t5)
core   0: 3 0x8000b344 (0xcc3f2023) mem 0x8000c000 0x00000001
core   0: 0x8000b348 (0xff9ff06f) j       pc - 0x8
core   0: 3 0x8000b348 (0xff9ff06f)
core   0: 0x8000b340 (0x00001f17) auipc   t5, 0x1
core   0: 3 0x8000b340 (0x00001f17) x30 0x8000c340
core   0: 0x8000b344 (0xcc3f2023) sw      gp, -832(t5)
core   0: 3 0x8000b344 (0xcc3f2023) mem 0x8000c000 0x00000001
core   0: 0x8000b348 (0xff9ff06f) j       pc - 0x8
core   0: 3 0x8000b348 (0xff9ff06f)
core   0: 0x8000b340 (0x00001f17) auipc   t5, 0x1
core   0: 3 0x8000b340 (0x00001f17) x30 0x8000c340
core   0: 0x8000b344 (0xcc3f2023) sw      gp, -832(t5)
core   0: 3 0x8000b344 (0xcc3f2023) mem 0x8000c000 0x00000001
core   0: 0x8000b348 (0xff9ff06f) j       pc - 0x8
core   0: 3 0x8000b348 (0xff9ff06f)
core   0: 0x8000b340 (0x00001f17) auipc   t5, 0x1
core   0: 3 0x8000b340 (0x00001f17) x30 0x8000c340
core   0: 0x8000b344 (0xcc3f2023) sw      gp, -832(t5)
core   0: 3 0x8000b344 (0xcc3f2023) mem 0x8000c000 0x00000001
core   0: 0x8000b348 (0xff9ff06f) j       pc - 0x8
core   0: 3 0x8000b348 (0xff9ff06f)
core   0: 0x8000b340 (0x00001f17) auipc   t5, 0x1
core   0: 3 0x8000b340 (0x00001f17) x30 0x8000c340
core   0: 0x8000b344 (0xcc3f2023) sw      gp, -832(t5)
core   0: 3 0x8000b344 (0xcc3f2023) mem 0x8000c000 0x00000001
core   0: 0x8000b348 (0xff9ff06f) j       pc - 0x8
core   0: 3 0x8000b348 (0xff9ff06f)
core   0: 0x8000b340 (0x00001f17) auipc   t5, 0x1
core   0: 3 0x8000b340 (0x00001f17) x30 0x8000c340
core   0: 0x8000b344 (0xcc3f2023) sw      gp, -832(t5)
core   0: 3 0x8000b344 (0xcc3f2023) mem 0x8000c000 0x00000001
core   0: 0x8000b348 (0xff9ff06f) j       pc - 0x8
core   0: 3 0x8000b348 (0xff9ff06f)
core   0: 0x8000b340 (0x00001f17) auipc   t5, 0x1
core   0: 3 0x8000b340 (0x00001f17) x30 0x8000c340
core   0: 0x8000b344 (0xcc3f2023) sw      gp, -832(t5)
core   0: 3 0x8000b344 (0xcc3f2023) mem 0x8000c000 0x00000001
core   0: 0x8000b348 (0xff9ff06f) j       pc - 0x8
core   0: 3 0x8000b348 (0xff9ff06f)
core   0: 0x8000b340 (0x00001f17) auipc   t5, 0x1
core   0: 3 0x8000b340 (0x00001f17) x30 0x8000c340
core   0: 0x8000b344 (0xcc3f2023) sw      gp, -832(t5)
core   0: 3 0x8000b344 (0xcc3f2023) mem 0x8000c000 0x00000001
core   0: 0x8000b348 (0xff9ff06f) j       pc - 0x8
core   0: 3 0x8000b348 (0xff9ff06f)
core   0: 0x8000b340 (0x00001f17) auipc   t5, 0x1
core   0: 3 0x8000b340 (0x00001f17) x30 0x8000c340
core   0: 0x8000b344 (0xcc3f2023) sw      gp, -832(t5)
core   0: 3 0x8000b344 (0xcc3f2023) mem 0x8000c000 0x00000001
core   0: 0x8000b348 (0xff9ff06f) j       pc - 0x8
core   0: 3 0x8000b348 (0xff9ff06f)
core   0: 0x8000b340 (0x00001f17) auipc   t5, 0x1
core   0: 3 0x8000b340 (0x00001f17) x30 0x8000c340
core   0: 0x8000b344 (0xcc3f2023) sw      gp, -832(t5)
core   0: 3 0x8000b344 (0xcc3f2023) mem 0x8000c000 0x00000001
core   0: 0x8000b348 (0xff9ff06f) j       pc - 0x8
core   0: 3 0x8000b348 (0xff9ff06f)
core   0: 0x8000b340 (0x00001f17) auipc   t5, 0x1
core   0: 3 0x8000b340 (0x00001f17) x30 0x8000c340
core   0: 0x8000b344 (0xcc3f2023) sw      gp, -832(t5)
core   0: 3 0x8000b344 (0xcc3f2023) mem 0x8000c000 0x00000001
core   0: 0x8000b348 (0xff9ff06f) j       pc - 0x8
core   0: 3 0x8000b348 (0xff9ff06f)
core   0: 0x8000b340 (0x00001f17) auipc   t5, 0x1
core   0: 3 0x8000b340 (0x00001f17) x30 0x8000c340
core   0: 0x8000b344 (0xcc3f2023) sw      gp, -832(t5)
core   0: 3 0x8000b344 (0xcc3f2023) mem 0x8000c000 0x00000001
core   0: 0x8000b348 (0xff9ff06f) j       pc - 0x8
core   0: 3 0x8000b348 (0xff9ff06f)
core   0: 0x8000b340 (0x00001f17) auipc   t5, 0x1
core   0: 3 0x8000b340 (0x00001f17) x30 0x8000c340
core   0: 0x8000b344 (0xcc3f2023) sw      gp, -832(t5)
core   0: 3 0x8000b344 (0xcc3f2023) mem 0x8000c000 0x00000001
core   0: 0x8000b348 (0xff9ff06f) j       pc - 0x8
core   0: 3 0x8000b348 (0xff9ff06f)
core   0: 0x8000b340 (0x00001f17) auipc   t5, 0x1
core   0: 3 0x8000b340 (0x00001f17) x30 0x8000c340
core   0: 0x8000b344 (0xcc3f2023) sw      gp, -832(t5)
core   0: 3 0x8000b344 (0xcc3f2023) mem 0x8000c000 0x00000001
core   0: 0x8000b348 (0xff9ff06f) j       pc - 0x8
core   0: 3 0x8000b348 (0xff9ff06f)
core   0: 0x8000b340 (0x00001f17) auipc   t5, 0x1
core   0: 3 0x8000b340 (0x00001f17) x30 0x8000c340
core   0: 0x8000b344 (0xcc3f2023) sw      gp, -832(t5)
core   0: 3 0x8000b344 (0xcc3f2023) mem 0x8000c000 0x00000001
core   0: 0x8000b348 (0xff9ff06f) j       pc - 0x8
core   0: 3 0x8000b348 (0xff9ff06f)
core   0: 0x8000b340 (0x00001f17) auipc   t5, 0x1
core   0: 3 0x8000b340 (0x00001f17) x30 0x8000c340
core   0: 0x8000b344 (0xcc3f2023) sw      gp, -832(t5)
core   0: 3 0x8000b344 (0xcc3f2023) mem 0x8000c000 0x00000001
core   0: 0x8000b348 (0xff9ff06f) j       pc - 0x8
core   0: 3 0x8000b348 (0xff9ff06f)
core   0: 0x8000b340 (0x00001f17) auipc   t5, 0x1
core   0: 3 0x8000b340 (0x00001f17) x30 0x8000c340
core   0: 0x8000b344 (0xcc3f2023) sw      gp, -832(t5)
core   0: 3 0x8000b344 (0xcc3f2023) mem 0x8000c000 0x00000001
core   0: 0x8000b348 (0xff9ff06f) j       pc - 0x8
core   0: 3 0x8000b348 (0xff9ff06f)
core   0: 0x8000b340 (0x00001f17) auipc   t5, 0x1
core   0: 3 0x8000b340 (0x00001f17) x30 0x8000c340
core   0: 0x8000b344 (0xcc3f2023) sw      gp, -832(t5)
core   0: 3 0x8000b344 (0xcc3f2023) mem 0x8000c000 0x00000001
core   0: 0x8000b348 (0xff9ff06f) j       pc - 0x8
core   0: 3 0x8000b348 (0xff9ff06f)
core   0: 0x8000b340 (0x00001f17) auipc   t5, 0x1
core   0: 3 0x8000b340 (0x00001f17) x30 0x8000c340
core   0: 0x8000b344 (0xcc3f2023) sw      gp, -832(t5)
core   0: 3 0x8000b344 (0xcc3f2023) mem 0x8000c000 0x00000001
core   0: 0x8000b348 (0xff9ff06f) j       pc - 0x8
core   0: 3 0x8000b348 (0xff9ff06f)
core   0: 0x8000b340 (0x00001f17) auipc   t5, 0x1
core   0: 3 0x8000b340 (0x00001f17) x30 0x8000c340
core   0: 0x8000b344 (0xcc3f2023) sw      gp, -832(t5)
core   0: 3 0x8000b344 (0xcc3f2023) mem 0x8000c000 0x00000001
core   0: 0x8000b348 (0xff9ff06f) j       pc - 0x8
core   0: 3 0x8000b348 (0xff9ff06f)
core   0: 0x8000b340 (0x00001f17) auipc   t5, 0x1
core   0: 3 0x8000b340 (0x00001f17) x30 0x8000c340
core   0: 0x8000b344 (0xcc3f2023) sw      gp, -832(t5)
core   0: 3 0x8000b344 (0xcc3f2023) mem 0x8000c000 0x00000001
core   0: 0x8000b348 (0xff9ff06f) j       pc - 0x8
core   0: 3 0x8000b348 (0xff9ff06f)
core   0: 0x8000b340 (0x00001f17) auipc   t5, 0x1
core   0: 3 0x8000b340 (0x00001f17) x30 0x8000c340
core   0: 0x8000b344 (0xcc3f2023) sw      gp, -832(t5)
core   0: 3 0x8000b344 (0xcc3f2023) mem 0x8000c000 0x00000001
core   0: 0x8000b348 (0xff9ff06f) j       pc - 0x8
core   0: 3 0x8000b348 (0xff9ff06f)
core   0: 0x8000b340 (0x00001f17) auipc   t5, 0x1
core   0: 3 0x8000b340 (0x00001f17) x30 0x8000c340
core   0: 0x8000b344 (0xcc3f2023) sw      gp, -832(t5)
core   0: 3 0x8000b344 (0xcc3f2023) mem 0x8000c000 0x00000001
core   0: 0x8000b348 (0xff9ff06f) j       pc - 0x8
core   0: 3 0x8000b348 (0xff9ff06f)
core   0: 0x8000b340 (0x00001f17) auipc   t5, 0x1
core   0: 3 0x8000b340 (0x00001f17) x30 0x8000c340
core   0: 0x8000b344 (0xcc3f2023) sw      gp, -832(t5)
core   0: 3 0x8000b344 (0xcc3f2023) mem 0x8000c000 0x00000001
core   0: 0x8000b348 (0xff9ff06f) j       pc - 0x8
core   0: 3 0x8000b348 (0xff9ff06f)
core   0: 0x8000b340 (0x00001f17) auipc   t5, 0x1
core   0: 3 0x8000b340 (0x00001f17) x30 0x8000c340
core   0: 0x8000b344 (0xcc3f2023) sw      gp, -832(t5)
core   0: 3 0x8000b344 (0xcc3f2023) mem 0x8000c000 0x00000001
core   0: 0x8000b348 (0xff9ff06f) j       pc - 0x8
core   0: 3 0x8000b348 (0xff9ff06f)
core   0: 0x8000b340 (0x00001f17) auipc   t5, 0x1
core   0: 3 0x8000b340 (0x00001f17) x30 0x8000c340
core   0: 0x8000b344 (0xcc3f2023) sw      gp, -832(t5)
core   0: 3 0x8000b344 (0xcc3f2023) mem 0x8000c000 0x00000001
core   0: 0x8000b348 (0xff9ff06f) j       pc - 0x8
core   0: 3 0x8000b348 (0xff9ff06f)
core   0: 0x8000b340 (0x00001f17) auipc   t5, 0x1
core   0: 3 0x8000b340 (0x00001f17) x30 0x8000c340
core   0: 0x8000b344 (0xcc3f2023) sw      gp, -832(t5)
core   0: 3 0x8000b344 (0xcc3f2023) mem 0x8000c000 0x00000001
core   0: 0x8000b348 (0xff9ff06f) j       pc - 0x8
core   0: 3 0x8000b348 (0xff9ff06f)
core   0: 0x8000b340 (0x00001f17) auipc   t5, 0x1
core   0: 3 0x8000b340 (0x00001f17) x30 0x8000c340
core   0: 0x8000b344 (0xcc3f2023) sw      gp, -832(t5)
core   0: 3 0x8000b344 (0xcc3f2023) mem 0x8000c000 0x00000001
core   0: 0x8000b348 (0xff9ff06f) j       pc - 0x8
core   0: 3 0x8000b348 (0xff9ff06f)
core   0: 0x8000b340 (0x00001f17) auipc   t5, 0x1
core   0: 3 0x8000b340 (0x00001f17) x30 0x8000c340
core   0: 0x8000b344 (0xcc3f2023) sw      gp, -832(t5)
core   0: 3 0x8000b344 (0xcc3f2023) mem 0x8000c000 0x00000001
core   0: 0x8000b348 (0xff9ff06f) j       pc - 0x8
core   0: 3 0x8000b348 (0xff9ff06f)
core   0: 0x8000b340 (0x00001f17) auipc   t5, 0x1
core   0: 3 0x8000b340 (0x00001f17) x30 0x8000c340
core   0: 0x8000b344 (0xcc3f2023) sw      gp, -832(t5)
core   0: 3 0x8000b344 (0xcc3f2023) mem 0x8000c000 0x00000001
core   0: 0x8000b348 (0xff9ff06f) j       pc - 0x8
core   0: 3 0x8000b348 (0xff9ff06f)
core   0: 0x8000b340 (0x00001f17) auipc   t5, 0x1
core   0: 3 0x8000b340 (0x00001f17) x30 0x8000c340
core   0: 0x8000b344 (0xcc3f2023) sw      gp, -832(t5)
core   0: 3 0x8000b344 (0xcc3f2023) mem 0x8000c000 0x00000001
core   0: 0x8000b348 (0xff9ff06f) j       pc - 0x8
core   0: 3 0x8000b348 (0xff9ff06f)
core   0: 0x8000b340 (0x00001f17) auipc   t5, 0x1
core   0: 3 0x8000b340 (0x00001f17) x30 0x8000c340
core   0: 0x8000b344 (0xcc3f2023) sw      gp, -832(t5)
core   0: 3 0x8000b344 (0xcc3f2023) mem 0x8000c000 0x00000001
core   0: 0x8000b348 (0xff9ff06f) j       pc - 0x8
core   0: 3 0x8000b348 (0xff9ff06f)
core   0: 0x8000b340 (0x00001f17) auipc   t5, 0x1
core   0: 3 0x8000b340 (0x00001f17) x30 0x8000c340
core   0: 0x8000b344 (0xcc3f2023) sw      gp, -832(t5)
core   0: 3 0x8000b344 (0xcc3f2023) mem 0x8000c000 0x00000001
core   0: 0x8000b348 (0xff9ff06f) j       pc - 0x8
core   0: 3 0x8000b348 (0xff9ff06f)
core   0: 0x8000b340 (0x00001f17) auipc   t5, 0x1
core   0: 3 0x8000b340 (0x00001f17) x30 0x8000c340
core   0: 0x8000b344 (0xcc3f2023) sw      gp, -832(t5)
core   0: 3 0x8000b344 (0xcc3f2023) mem 0x8000c000 0x00000001
core   0: 0x8000b348 (0xff9ff06f) j       pc - 0x8
core   0: 3 0x8000b348 (0xff9ff06f)
core   0: 0x8000b340 (0x00001f17) auipc   t5, 0x1
core   0: 3 0x8000b340 (0x00001f17) x30 0x8000c340
core   0: 0x8000b344 (0xcc3f2023) sw      gp, -832(t5)
core   0: 3 0x8000b344 (0xcc3f2023) mem 0x8000c000 0x00000001
core   0: 0x8000b348 (0xff9ff06f) j       pc - 0x8
core   0: 3 0x8000b348 (0xff9ff06f)
core   0: 0x8000b340 (0x00001f17) auipc   t5, 0x1
core   0: 3 0x8000b340 (0x00001f17) x30 0x8000c340
core   0: 0x8000b344 (0xcc3f2023) sw      gp, -832(t5)
core   0: 3 0x8000b344 (0xcc3f2023) mem 0x8000c000 0x00000001
core   0: 0x8000b348 (0xff9ff06f) j       pc - 0x8
core   0: 3 0x8000b348 (0xff9ff06f)
core   0: 0x8000b340 (0x00001f17) auipc   t5, 0x1
core   0: 3 0x8000b340 (0x00001f17) x30 0x8000c340
core   0: 0x8000b344 (0xcc3f2023) sw      gp, -832(t5)
core   0: 3 0x8000b344 (0xcc3f2023) mem 0x8000c000 0x00000001
core   0: 0x8000b348 (0xff9ff06f) j       pc - 0x8
core   0: 3 0x8000b348 (0xff9ff06f)
core   0: 0x8000b340 (0x00001f17) auipc   t5, 0x1
core   0: 3 0x8000b340 (0x00001f17) x30 0x8000c340
core   0: 0x8000b344 (0xcc3f2023) sw      gp, -832(t5)
core   0: 3 0x8000b344 (0xcc3f2023) mem 0x8000c000 0x00000001
core   0: 0x8000b348 (0xff9ff06f) j       pc - 0x8
core   0: 3 0x8000b348 (0xff9ff06f)
core   0: 0x8000b340 (0x00001f17) auipc   t5, 0x1
core   0: 3 0x8000b340 (0x00001f17) x30 0x8000c340
core   0: 0x8000b344 (0xcc3f2023) sw      gp, -832(t5)
core   0: 3 0x8000b344 (0xcc3f2023) mem 0x8000c000 0x00000001
core   0: 0x8000b348 (0xff9ff06f) j       pc - 0x8
core   0: 3 0x8000b348 (0xff9ff06f)
core   0: 0x8000b340 (0x00001f17) auipc   t5, 0x1
core   0: 3 0x8000b340 (0x00001f17) x30 0x8000c340
core   0: 0x8000b344 (0xcc3f2023) sw      gp, -832(t5)
core   0: 3 0x8000b344 (0xcc3f2023) mem 0x8000c000 0x00000001
core   0: 0x8000b348 (0xff9ff06f) j       pc - 0x8
core   0: 3 0x8000b348 (0xff9ff06f)
core   0: 0x8000b340 (0x00001f17) auipc   t5, 0x1
core   0: 3 0x8000b340 (0x00001f17) x30 0x8000c340
core   0: 0x8000b344 (0xcc3f2023) sw      gp, -832(t5)
core   0: 3 0x8000b344 (0xcc3f2023) mem 0x8000c000 0x00000001
core   0: 0x8000b348 (0xff9ff06f) j       pc - 0x8
core   0: 3 0x8000b348 (0xff9ff06f)
core   0: 0x8000b340 (0x00001f17) auipc   t5, 0x1
core   0: 3 0x8000b340 (0x00001f17) x30 0x8000c340
core   0: 0x8000b344 (0xcc3f2023) sw      gp, -832(t5)
core   0: 3 0x8000b344 (0xcc3f2023) mem 0x8000c000 0x00000001
core   0: 0x8000b348 (0xff9ff06f) j       pc - 0x8
core   0: 3 0x8000b348 (0xff9ff06f)
core   0: 0x8000b340 (0x00001f17) auipc   t5, 0x1
core   0: 3 0x8000b340 (0x00001f17) x30 0x8000c340
core   0: 0x8000b344 (0xcc3f2023) sw      gp, -832(t5)
core   0: 3 0x8000b344 (0xcc3f2023) mem 0x8000c000 0x00000001
core   0: 0x8000b348 (0xff9ff06f) j       pc - 0x8
core   0: 3 0x8000b348 (0xff9ff06f)
core   0: 0x8000b340 (0x00001f17) auipc   t5, 0x1
core   0: 3 0x8000b340 (0x00001f17) x30 0x8000c340
core   0: 0x8000b344 (0xcc3f2023) sw      gp, -832(t5)
core   0: 3 0x8000b344 (0xcc3f2023) mem 0x8000c000 0x00000001
core   0: 0x8000b348 (0xff9ff06f) j       pc - 0x8
core   0: 3 0x8000b348 (0xff9ff06f)
core   0: 0x8000b340 (0x00001f17) auipc   t5, 0x1
core   0: 3 0x8000b340 (0x00001f17) x30 0x8000c340
core   0: 0x8000b344 (0xcc3f2023) sw      gp, -832(t5)
core   0: 3 0x8000b344 (0xcc3f2023) mem 0x8000c000 0x00000001
core   0: 0x8000b348 (0xff9ff06f) j       pc - 0x8
core   0: 3 0x8000b348 (0xff9ff06f)
core   0: 0x8000b340 (0x00001f17) auipc   t5, 0x1
core   0: 3 0x8000b340 (0x00001f17) x30 0x8000c340
core   0: 0x8000b344 (0xcc3f2023) sw      gp, -832(t5)
core   0: 3 0x8000b344 (0xcc3f2023) mem 0x8000c000 0x00000001
core   0: 0x8000b348 (0xff9ff06f) j       pc - 0x8
core   0: 3 0x8000b348 (0xff9ff06f)
core   0: 0x8000b340 (0x00001f17) auipc   t5, 0x1
core   0: 3 0x8000b340 (0x00001f17) x30 0x8000c340
core   0: 0x8000b344 (0xcc3f2023) sw      gp, -832(t5)
core   0: 3 0x8000b344 (0xcc3f2023) mem 0x8000c000 0x00000001
core   0: 0x8000b348 (0xff9ff06f) j       pc - 0x8
core   0: 3 0x8000b348 (0xff9ff06f)
core   0: 0x8000b340 (0x00001f17) auipc   t5, 0x1
core   0: 3 0x8000b340 (0x00001f17) x30 0x8000c340
core   0: 0x8000b344 (0xcc3f2023) sw      gp, -832(t5)
core   0: 3 0x8000b344 (0xcc3f2023) mem 0x8000c000 0x00000001
core   0: 0x8000b348 (0xff9ff06f) j       pc - 0x8
core   0: 3 0x8000b348 (0xff9ff06f)
core   0: 0x8000b340 (0x00001f17) auipc   t5, 0x1
core   0: 3 0x8000b340 (0x00001f17) x30 0x8000c340
core   0: 0x8000b344 (0xcc3f2023) sw      gp, -832(t5)
core   0: 3 0x8000b344 (0xcc3f2023) mem 0x8000c000 0x00000001
core   0: 0x8000b348 (0xff9ff06f) j       pc - 0x8
core   0: 3 0x8000b348 (0xff9ff06f)
core   0: 0x8000b340 (0x00001f17) auipc   t5, 0x1
core   0: 3 0x8000b340 (0x00001f17) x30 0x8000c340
core   0: 0x8000b344 (0xcc3f2023) sw      gp, -832(t5)
core   0: 3 0x8000b344 (0xcc3f2023) mem 0x8000c000 0x00000001
core   0: 0x8000b348 (0xff9ff06f) j       pc - 0x8
core   0: 3 0x8000b348 (0xff9ff06f)
core   0: 0x8000b340 (0x00001f17) auipc   t5, 0x1
core   0: 3 0x8000b340 (0x00001f17) x30 0x8000c340
core   0: 0x8000b344 (0xcc3f2023) sw      gp, -832(t5)
core   0: 3 0x8000b344 (0xcc3f2023) mem 0x8000c000 0x00000001
core   0: 0x8000b348 (0xff9ff06f) j       pc - 0x8
core   0: 3 0x8000b348 (0xff9ff06f)
core   0: 0x8000b340 (0x00001f17) auipc   t5, 0x1
core   0: 3 0x8000b340 (0x00001f17) x30 0x8000c340
core   0: 0x8000b344 (0xcc3f2023) sw      gp, -832(t5)
core   0: 3 0x8000b344 (0xcc3f2023) mem 0x8000c000 0x00000001
core   0: 0x8000b348 (0xff9ff06f) j       pc - 0x8
core   0: 3 0x8000b348 (0xff9ff06f)
core   0: 0x8000b340 (0x00001f17) auipc   t5, 0x1
core   0: 3 0x8000b340 (0x00001f17) x30 0x8000c340
core   0: 0x8000b344 (0xcc3f2023) sw      gp, -832(t5)
core   0: 3 0x8000b344 (0xcc3f2023) mem 0x8000c000 0x00000001
core   0: 0x8000b348 (0xff9ff06f) j       pc - 0x8
core   0: 3 0x8000b348 (0xff9ff06f)
core   0: 0x8000b340 (0x00001f17) auipc   t5, 0x1
core   0: 3 0x8000b340 (0x00001f17) x30 0x8000c340
core   0: 0x8000b344 (0xcc3f2023) sw      gp, -832(t5)
core   0: 3 0x8000b344 (0xcc3f2023) mem 0x8000c000 0x00000001
core   0: 0x8000b348 (0xff9ff06f) j       pc - 0x8
core   0: 3 0x8000b348 (0xff9ff06f)
core   0: 0x8000b340 (0x00001f17) auipc   t5, 0x1
core   0: 3 0x8000b340 (0x00001f17) x30 0x8000c340
core   0: 0x8000b344 (0xcc3f2023) sw      gp, -832(t5)
core   0: 3 0x8000b344 (0xcc3f2023) mem 0x8000c000 0x00000001
core   0: 0x8000b348 (0xff9ff06f) j       pc - 0x8
core   0: 3 0x8000b348 (0xff9ff06f)
core   0: 0x8000b340 (0x00001f17) auipc   t5, 0x1
core   0: 3 0x8000b340 (0x00001f17) x30 0x8000c340
core   0: 0x8000b344 (0xcc3f2023) sw      gp, -832(t5)
core   0: 3 0x8000b344 (0xcc3f2023) mem 0x8000c000 0x00000001
core   0: 0x8000b348 (0xff9ff06f) j       pc - 0x8
core   0: 3 0x8000b348 (0xff9ff06f)
core   0: 0x8000b340 (0x00001f17) auipc   t5, 0x1
core   0: 3 0x8000b340 (0x00001f17) x30 0x8000c340
core   0: 0x8000b344 (0xcc3f2023) sw      gp, -832(t5)
core   0: 3 0x8000b344 (0xcc3f2023) mem 0x8000c000 0x00000001
core   0: 0x8000b348 (0xff9ff06f) j       pc - 0x8
core   0: 3 0x8000b348 (0xff9ff06f)
core   0: 0x8000b340 (0x00001f17) auipc   t5, 0x1
core   0: 3 0x8000b340 (0x00001f17) x30 0x8000c340
core   0: 0x8000b344 (0xcc3f2023) sw      gp, -832(t5)
core   0: 3 0x8000b344 (0xcc3f2023) mem 0x8000c000 0x00000001
core   0: 0x8000b348 (0xff9ff06f) j       pc - 0x8
core   0: 3 0x8000b348 (0xff9ff06f)
core   0: 0x8000b340 (0x00001f17) auipc   t5, 0x1
core   0: 3 0x8000b340 (0x00001f17) x30 0x8000c340
core   0: 0x8000b344 (0xcc3f2023) sw      gp, -832(t5)
core   0: 3 0x8000b344 (0xcc3f2023) mem 0x8000c000 0x00000001
core   0: 0x8000b348 (0xff9ff06f) j       pc - 0x8
core   0: 3 0x8000b348 (0xff9ff06f)
core   0: 0x8000b340 (0x00001f17) auipc   t5, 0x1
core   0: 3 0x8000b340 (0x00001f17) x30 0x8000c340
core   0: 0x8000b344 (0xcc3f2023) sw      gp, -832(t5)
core   0: 3 0x8000b344 (0xcc3f2023) mem 0x8000c000 0x00000001
core   0: 0x8000b348 (0xff9ff06f) j       pc - 0x8
core   0: 3 0x8000b348 (0xff9ff06f)
core   0: 0x8000b340 (0x00001f17) auipc   t5, 0x1
core   0: 3 0x8000b340 (0x00001f17) x30 0x8000c340
core   0: 0x8000b344 (0xcc3f2023) sw      gp, -832(t5)
core   0: 3 0x8000b344 (0xcc3f2023) mem 0x8000c000 0x00000001
core   0: 0x8000b348 (0xff9ff06f) j       pc - 0x8
core   0: 3 0x8000b348 (0xff9ff06f)
core   0: 0x8000b340 (0x00001f17) auipc   t5, 0x1
core   0: 3 0x8000b340 (0x00001f17) x30 0x8000c340
core   0: 0x8000b344 (0xcc3f2023) sw      gp, -832(t5)
core   0: 3 0x8000b344 (0xcc3f2023) mem 0x8000c000 0x00000001
core   0: 0x8000b348 (0xff9ff06f) j       pc - 0x8
core   0: 3 0x8000b348 (0xff9ff06f)
core   0: 0x8000b340 (0x00001f17) auipc   t5, 0x1
core   0: 3 0x8000b340 (0x00001f17) x30 0x8000c340
core   0: 0x8000b344 (0xcc3f2023) sw      gp, -832(t5)
core   0: 3 0x8000b344 (0xcc3f2023) mem 0x8000c000 0x00000001
core   0: 0x8000b348 (0xff9ff06f) j       pc - 0x8
core   0: 3 0x8000b348 (0xff9ff06f)
core   0: 0x8000b340 (0x00001f17) auipc   t5, 0x1
core   0: 3 0x8000b340 (0x00001f17) x30 0x8000c340
core   0: 0x8000b344 (0xcc3f2023) sw      gp, -832(t5)
core   0: 3 0x8000b344 (0xcc3f2023) mem 0x8000c000 0x00000001
core   0: 0x8000b348 (0xff9ff06f) j       pc - 0x8
core   0: 3 0x8000b348 (0xff9ff06f)
core   0: 0x8000b340 (0x00001f17) auipc   t5, 0x1
core   0: 3 0x8000b340 (0x00001f17) x30 0x8000c340
core   0: 0x8000b344 (0xcc3f2023) sw      gp, -832(t5)
core   0: 3 0x8000b344 (0xcc3f2023) mem 0x8000c000 0x00000001
core   0: 0x8000b348 (0xff9ff06f) j       pc - 0x8
core   0: 3 0x8000b348 (0xff9ff06f)
core   0: 0x8000b340 (0x00001f17) auipc   t5, 0x1
core   0: 3 0x8000b340 (0x00001f17) x30 0x8000c340
core   0: 0x8000b344 (0xcc3f2023) sw      gp, -832(t5)
core   0: 3 0x8000b344 (0xcc3f2023) mem 0x8000c000 0x00000001
core   0: 0x8000b348 (0xff9ff06f) j       pc - 0x8
core   0: 3 0x8000b348 (0xff9ff06f)
core   0: 0x8000b340 (0x00001f17) auipc   t5, 0x1
core   0: 3 0x8000b340 (0x00001f17) x30 0x8000c340
core   0: 0x8000b344 (0xcc3f2023) sw      gp, -832(t5)
core   0: 3 0x8000b344 (0xcc3f2023) mem 0x8000c000 0x00000001
core   0: 0x8000b348 (0xff9ff06f) j       pc - 0x8
core   0: 3 0x8000b348 (0xff9ff06f)
core   0: 0x8000b340 (0x00001f17) auipc   t5, 0x1
core   0: 3 0x8000b340 (0x00001f17) x30 0x8000c340
core   0: 0x8000b344 (0xcc3f2023) sw      gp, -832(t5)
core   0: 3 0x8000b344 (0xcc3f2023) mem 0x8000c000 0x00000001
core   0: 0x8000b348 (0xff9ff06f) j       pc - 0x8
core   0: 3 0x8000b348 (0xff9ff06f)
core   0: 0x8000b340 (0x00001f17) auipc   t5, 0x1
core   0: 3 0x8000b340 (0x00001f17) x30 0x8000c340
core   0: 0x8000b344 (0xcc3f2023) sw      gp, -832(t5)
core   0: 3 0x8000b344 (0xcc3f2023) mem 0x8000c000 0x00000001
core   0: 0x8000b348 (0xff9ff06f) j       pc - 0x8
core   0: 3 0x8000b348 (0xff9ff06f)
core   0: 0x8000b340 (0x00001f17) auipc   t5, 0x1
core   0: 3 0x8000b340 (0x00001f17) x30 0x8000c340
core   0: 0x8000b344 (0xcc3f2023) sw      gp, -832(t5)
core   0: 3 0x8000b344 (0xcc3f2023) mem 0x8000c000 0x00000001
core   0: 0x8000b348 (0xff9ff06f) j       pc - 0x8
core   0: 3 0x8000b348 (0xff9ff06f)
core   0: 0x8000b340 (0x00001f17) auipc   t5, 0x1
core   0: 3 0x8000b340 (0x00001f17) x30 0x8000c340
core   0: 0x8000b344 (0xcc3f2023) sw      gp, -832(t5)
core   0: 3 0x8000b344 (0xcc3f2023) mem 0x8000c000 0x00000001
core   0: 0x8000b348 (0xff9ff06f) j       pc - 0x8
core   0: 3 0x8000b348 (0xff9ff06f)
core   0: 0x8000b340 (0x00001f17) auipc   t5, 0x1
core   0: 3 0x8000b340 (0x00001f17) x30 0x8000c340
core   0: 0x8000b344 (0xcc3f2023) sw      gp, -832(t5)
core   0: 3 0x8000b344 (0xcc3f2023) mem 0x8000c000 0x00000001
core   0: 0x8000b348 (0xff9ff06f) j       pc - 0x8
core   0: 3 0x8000b348 (0xff9ff06f)
core   0: 0x8000b340 (0x00001f17) auipc   t5, 0x1
core   0: 3 0x8000b340 (0x00001f17) x30 0x8000c340
core   0: 0x8000b344 (0xcc3f2023) sw      gp, -832(t5)
core   0: 3 0x8000b344 (0xcc3f2023) mem 0x8000c000 0x00000001
core   0: 0x8000b348 (0xff9ff06f) j       pc - 0x8
core   0: 3 0x8000b348 (0xff9ff06f)
core   0: 0x8000b340 (0x00001f17) auipc   t5, 0x1
core   0: 3 0x8000b340 (0x00001f17) x30 0x8000c340
core   0: 0x8000b344 (0xcc3f2023) sw      gp, -832(t5)
core   0: 3 0x8000b344 (0xcc3f2023) mem 0x8000c000 0x00000001
core   0: 0x8000b348 (0xff9ff06f) j       pc - 0x8
core   0: 3 0x8000b348 (0xff9ff06f)
core   0: 0x8000b340 (0x00001f17) auipc   t5, 0x1
core   0: 3 0x8000b340 (0x00001f17) x30 0x8000c340
core   0: 0x8000b344 (0xcc3f2023) sw      gp, -832(t5)
core   0: 3 0x8000b344 (0xcc3f2023) mem 0x8000c000 0x00000001
core   0: 0x8000b348 (0xff9ff06f) j       pc - 0x8
core   0: 3 0x8000b348 (0xff9ff06f)
core   0: 0x8000b340 (0x00001f17) auipc   t5, 0x1
core   0: 3 0x8000b340 (0x00001f17) x30 0x8000c340
core   0: 0x8000b344 (0xcc3f2023) sw      gp, -832(t5)
core   0: 3 0x8000b344 (0xcc3f2023) mem 0x8000c000 0x00000001
core   0: 0x8000b348 (0xff9ff06f) j       pc - 0x8
core   0: 3 0x8000b348 (0xff9ff06f)
core   0: 0x8000b340 (0x00001f17) auipc   t5, 0x1
core   0: 3 0x8000b340 (0x00001f17) x30 0x8000c340
core   0: 0x8000b344 (0xcc3f2023) sw      gp, -832(t5)
core   0: 3 0x8000b344 (0xcc3f2023) mem 0x8000c000 0x00000001
core   0: 0x8000b348 (0xff9ff06f) j       pc - 0x8
core   0: 3 0x8000b348 (0xff9ff06f)
core   0: 0x8000b340 (0x00001f17) auipc   t5, 0x1
core   0: 3 0x8000b340 (0x00001f17) x30 0x8000c340
core   0: 0x8000b344 (0xcc3f2023) sw      gp, -832(t5)
core   0: 3 0x8000b344 (0xcc3f2023) mem 0x8000c000 0x00000001
core   0: 0x8000b348 (0xff9ff06f) j       pc - 0x8
core   0: 3 0x8000b348 (0xff9ff06f)
core   0: 0x8000b340 (0x00001f17) auipc   t5, 0x1
core   0: 3 0x8000b340 (0x00001f17) x30 0x8000c340
core   0: 0x8000b344 (0xcc3f2023) sw      gp, -832(t5)
core   0: 3 0x8000b344 (0xcc3f2023) mem 0x8000c000 0x00000001
core   0: 0x8000b348 (0xff9ff06f) j       pc - 0x8
core   0: 3 0x8000b348 (0xff9ff06f)
core   0: 0x8000b340 (0x00001f17) auipc   t5, 0x1
core   0: 3 0x8000b340 (0x00001f17) x30 0x8000c340
core   0: 0x8000b344 (0xcc3f2023) sw      gp, -832(t5)
core   0: 3 0x8000b344 (0xcc3f2023) mem 0x8000c000 0x00000001
core   0: 0x8000b348 (0xff9ff06f) j       pc - 0x8
core   0: 3 0x8000b348 (0xff9ff06f)
core   0: 0x8000b340 (0x00001f17) auipc   t5, 0x1
core   0: 3 0x8000b340 (0x00001f17) x30 0x8000c340
core   0: 0x8000b344 (0xcc3f2023) sw      gp, -832(t5)
core   0: 3 0x8000b344 (0xcc3f2023) mem 0x8000c000 0x00000001
core   0: 0x8000b348 (0xff9ff06f) j       pc - 0x8
core   0: 3 0x8000b348 (0xff9ff06f)
core   0: 0x8000b340 (0x00001f17) auipc   t5, 0x1
core   0: 3 0x8000b340 (0x00001f17) x30 0x8000c340
core   0: 0x8000b344 (0xcc3f2023) sw      gp, -832(t5)
core   0: 3 0x8000b344 (0xcc3f2023) mem 0x8000c000 0x00000001
core   0: 0x8000b348 (0xff9ff06f) j       pc - 0x8
core   0: 3 0x8000b348 (0xff9ff06f)
core   0: 0x8000b340 (0x00001f17) auipc   t5, 0x1
core   0: 3 0x8000b340 (0x00001f17) x30 0x8000c340
core   0: 0x8000b344 (0xcc3f2023) sw      gp, -832(t5)
core   0: 3 0x8000b344 (0xcc3f2023) mem 0x8000c000 0x00000001
core   0: 0x8000b348 (0xff9ff06f) j       pc - 0x8
core   0: 3 0x8000b348 (0xff9ff06f)
core   0: 0x8000b340 (0x00001f17) auipc   t5, 0x1
core   0: 3 0x8000b340 (0x00001f17) x30 0x8000c340
core   0: 0x8000b344 (0xcc3f2023) sw      gp, -832(t5)
core   0: 3 0x8000b344 (0xcc3f2023) mem 0x8000c000 0x00000001
core   0: 0x8000b348 (0xff9ff06f) j       pc - 0x8
core   0: 3 0x8000b348 (0xff9ff06f)
core   0: 0x8000b340 (0x00001f17) auipc   t5, 0x1
core   0: 3 0x8000b340 (0x00001f17) x30 0x8000c340
core   0: 0x8000b344 (0xcc3f2023) sw      gp, -832(t5)
core   0: 3 0x8000b344 (0xcc3f2023) mem 0x8000c000 0x00000001
core   0: 0x8000b348 (0xff9ff06f) j       pc - 0x8
core   0: 3 0x8000b348 (0xff9ff06f)
core   0: 0x8000b340 (0x00001f17) auipc   t5, 0x1
core   0: 3 0x8000b340 (0x00001f17) x30 0x8000c340
core   0: 0x8000b344 (0xcc3f2023) sw      gp, -832(t5)
core   0: 3 0x8000b344 (0xcc3f2023) mem 0x8000c000 0x00000001
core   0: 0x8000b348 (0xff9ff06f) j       pc - 0x8
core   0: 3 0x8000b348 (0xff9ff06f)
core   0: 0x8000b340 (0x00001f17) auipc   t5, 0x1
core   0: 3 0x8000b340 (0x00001f17) x30 0x8000c340
core   0: 0x8000b344 (0xcc3f2023) sw      gp, -832(t5)
core   0: 3 0x8000b344 (0xcc3f2023) mem 0x8000c000 0x00000001
core   0: 0x8000b348 (0xff9ff06f) j       pc - 0x8
core   0: 3 0x8000b348 (0xff9ff06f)
core   0: 0x8000b340 (0x00001f17) auipc   t5, 0x1
core   0: 3 0x8000b340 (0x00001f17) x30 0x8000c340
core   0: 0x8000b344 (0xcc3f2023) sw      gp, -832(t5)
core   0: 3 0x8000b344 (0xcc3f2023) mem 0x8000c000 0x00000001
core   0: 0x8000b348 (0xff9ff06f) j       pc - 0x8
core   0: 3 0x8000b348 (0xff9ff06f)
core   0: 0x8000b340 (0x00001f17) auipc   t5, 0x1
core   0: 3 0x8000b340 (0x00001f17) x30 0x8000c340
core   0: 0x8000b344 (0xcc3f2023) sw      gp, -832(t5)
core   0: 3 0x8000b344 (0xcc3f2023) mem 0x8000c000 0x00000001
core   0: 0x8000b348 (0xff9ff06f) j       pc - 0x8
core   0: 3 0x8000b348 (0xff9ff06f)
core   0: 0x8000b340 (0x00001f17) auipc   t5, 0x1
core   0: 3 0x8000b340 (0x00001f17) x30 0x8000c340
core   0: 0x8000b344 (0xcc3f2023) sw      gp, -832(t5)
core   0: 3 0x8000b344 (0xcc3f2023) mem 0x8000c000 0x00000001
core   0: 0x8000b348 (0xff9ff06f) j       pc - 0x8
core   0: 3 0x8000b348 (0xff9ff06f)
core   0: 0x8000b340 (0x00001f17) auipc   t5, 0x1
core   0: 3 0x8000b340 (0x00001f17) x30 0x8000c340
core   0: 0x8000b344 (0xcc3f2023) sw      gp, -832(t5)
core   0: 3 0x8000b344 (0xcc3f2023) mem 0x8000c000 0x00000001
core   0: 0x8000b348 (0xff9ff06f) j       pc - 0x8
core   0: 3 0x8000b348 (0xff9ff06f)
core   0: 0x8000b340 (0x00001f17) auipc   t5, 0x1
core   0: 3 0x8000b340 (0x00001f17) x30 0x8000c340
core   0: 0x8000b344 (0xcc3f2023) sw      gp, -832(t5)
core   0: 3 0x8000b344 (0xcc3f2023) mem 0x8000c000 0x00000001
core   0: 0x8000b348 (0xff9ff06f) j       pc - 0x8
core   0: 3 0x8000b348 (0xff9ff06f)
core   0: 0x8000b340 (0x00001f17) auipc   t5, 0x1
core   0: 3 0x8000b340 (0x00001f17) x30 0x8000c340
core   0: 0x8000b344 (0xcc3f2023) sw      gp, -832(t5)
core   0: 3 0x8000b344 (0xcc3f2023) mem 0x8000c000 0x00000001
core   0: 0x8000b348 (0xff9ff06f) j       pc - 0x8
core   0: 3 0x8000b348 (0xff9ff06f)
core   0: 0x8000b340 (0x00001f17) auipc   t5, 0x1
core   0: 3 0x8000b340 (0x00001f17) x30 0x8000c340
core   0: 0x8000b344 (0xcc3f2023) sw      gp, -832(t5)
core   0: 3 0x8000b344 (0xcc3f2023) mem 0x8000c000 0x00000001
core   0: 0x8000b348 (0xff9ff06f) j       pc - 0x8
core   0: 3 0x8000b348 (0xff9ff06f)
core   0: 0x8000b340 (0x00001f17) auipc   t5, 0x1
core   0: 3 0x8000b340 (0x00001f17) x30 0x8000c340
core   0: 0x8000b344 (0xcc3f2023) sw      gp, -832(t5)
core   0: 3 0x8000b344 (0xcc3f2023) mem 0x8000c000 0x00000001
core   0: 0x8000b348 (0xff9ff06f) j       pc - 0x8
core   0: 3 0x8000b348 (0xff9ff06f)
core   0: 0x8000b340 (0x00001f17) auipc   t5, 0x1
core   0: 3 0x8000b340 (0x00001f17) x30 0x8000c340
core   0: 0x8000b344 (0xcc3f2023) sw      gp, -832(t5)
core   0: 3 0x8000b344 (0xcc3f2023) mem 0x8000c000 0x00000001
core   0: 0x8000b348 (0xff9ff06f) j       pc - 0x8
core   0: 3 0x8000b348 (0xff9ff06f)
core   0: 0x8000b340 (0x00001f17) auipc   t5, 0x1
core   0: 3 0x8000b340 (0x00001f17) x30 0x8000c340
core   0: 0x8000b344 (0xcc3f2023) sw      gp, -832(t5)
core   0: 3 0x8000b344 (0xcc3f2023) mem 0x8000c000 0x00000001
core   0: 0x8000b348 (0xff9ff06f) j       pc - 0x8
core   0: 3 0x8000b348 (0xff9ff06f)
core   0: 0x8000b340 (0x00001f17) auipc   t5, 0x1
core   0: 3 0x8000b340 (0x00001f17) x30 0x8000c340
core   0: 0x8000b344 (0xcc3f2023) sw      gp, -832(t5)
core   0: 3 0x8000b344 (0xcc3f2023) mem 0x8000c000 0x00000001
core   0: 0x8000b348 (0xff9ff06f) j       pc - 0x8
core   0: 3 0x8000b348 (0xff9ff06f)
core   0: 0x8000b340 (0x00001f17) auipc   t5, 0x1
core   0: 3 0x8000b340 (0x00001f17) x30 0x8000c340
core   0: 0x8000b344 (0xcc3f2023) sw      gp, -832(t5)
core   0: 3 0x8000b344 (0xcc3f2023) mem 0x8000c000 0x00000001
core   0: 0x8000b348 (0xff9ff06f) j       pc - 0x8
core   0: 3 0x8000b348 (0xff9ff06f)
core   0: 0x8000b340 (0x00001f17) auipc   t5, 0x1
core   0: 3 0x8000b340 (0x00001f17) x30 0x8000c340
core   0: 0x8000b344 (0xcc3f2023) sw      gp, -832(t5)
core   0: 3 0x8000b344 (0xcc3f2023) mem 0x8000c000 0x00000001
core   0: 0x8000b348 (0xff9ff06f) j       pc - 0x8
core   0: 3 0x8000b348 (0xff9ff06f)
core   0: 0x8000b340 (0x00001f17) auipc   t5, 0x1
core   0: 3 0x8000b340 (0x00001f17) x30 0x8000c340
core   0: 0x8000b344 (0xcc3f2023) sw      gp, -832(t5)
core   0: 3 0x8000b344 (0xcc3f2023) mem 0x8000c000 0x00000001
core   0: 0x8000b348 (0xff9ff06f) j       pc - 0x8
core   0: 3 0x8000b348 (0xff9ff06f)
core   0: 0x8000b340 (0x00001f17) auipc   t5, 0x1
core   0: 3 0x8000b340 (0x00001f17) x30 0x8000c340
core   0: 0x8000b344 (0xcc3f2023) sw      gp, -832(t5)
core   0: 3 0x8000b344 (0xcc3f2023) mem 0x8000c000 0x00000001
core   0: 0x8000b348 (0xff9ff06f) j       pc - 0x8
core   0: 3 0x8000b348 (0xff9ff06f)
core   0: 0x8000b340 (0x00001f17) auipc   t5, 0x1
core   0: 3 0x8000b340 (0x00001f17) x30 0x8000c340
core   0: 0x8000b344 (0xcc3f2023) sw      gp, -832(t5)
core   0: 3 0x8000b344 (0xcc3f2023) mem 0x8000c000 0x00000001
core   0: 0x8000b348 (0xff9ff06f) j       pc - 0x8
core   0: 3 0x8000b348 (0xff9ff06f)
core   0: 0x8000b340 (0x00001f17) auipc   t5, 0x1
core   0: 3 0x8000b340 (0x00001f17) x30 0x8000c340
core   0: 0x8000b344 (0xcc3f2023) sw      gp, -832(t5)
core   0: 3 0x8000b344 (0xcc3f2023) mem 0x8000c000 0x00000001
core   0: 0x8000b348 (0xff9ff06f) j       pc - 0x8
core   0: 3 0x8000b348 (0xff9ff06f)
core   0: 0x8000b340 (0x00001f17) auipc   t5, 0x1
core   0: 3 0x8000b340 (0x00001f17) x30 0x8000c340
core   0: 0x8000b344 (0xcc3f2023) sw      gp, -832(t5)
core   0: 3 0x8000b344 (0xcc3f2023) mem 0x8000c000 0x00000001
core   0: 0x8000b348 (0xff9ff06f) j       pc - 0x8
core   0: 3 0x8000b348 (0xff9ff06f)
core   0: 0x8000b340 (0x00001f17) auipc   t5, 0x1
core   0: 3 0x8000b340 (0x00001f17) x30 0x8000c340
core   0: 0x8000b344 (0xcc3f2023) sw      gp, -832(t5)
core   0: 3 0x8000b344 (0xcc3f2023) mem 0x8000c000 0x00000001
core   0: 0x8000b348 (0xff9ff06f) j       pc - 0x8
core   0: 3 0x8000b348 (0xff9ff06f)
core   0: 0x8000b340 (0x00001f17) auipc   t5, 0x1
core   0: 3 0x8000b340 (0x00001f17) x30 0x8000c340
core   0: 0x8000b344 (0xcc3f2023) sw      gp, -832(t5)
core   0: 3 0x8000b344 (0xcc3f2023) mem 0x8000c000 0x00000001
core   0: 0x8000b348 (0xff9ff06f) j       pc - 0x8
core   0: 3 0x8000b348 (0xff9ff06f)
core   0: 0x8000b340 (0x00001f17) auipc   t5, 0x1
core   0: 3 0x8000b340 (0x00001f17) x30 0x8000c340
core   0: 0x8000b344 (0xcc3f2023) sw      gp, -832(t5)
core   0: 3 0x8000b344 (0xcc3f2023) mem 0x8000c000 0x00000001
core   0: 0x8000b348 (0xff9ff06f) j       pc - 0x8
core   0: 3 0x8000b348 (0xff9ff06f)
core   0: 0x8000b340 (0x00001f17) auipc   t5, 0x1
core   0: 3 0x8000b340 (0x00001f17) x30 0x8000c340
core   0: 0x8000b344 (0xcc3f2023) sw      gp, -832(t5)
core   0: 3 0x8000b344 (0xcc3f2023) mem 0x8000c000 0x00000001
core   0: 0x8000b348 (0xff9ff06f) j       pc - 0x8
core   0: 3 0x8000b348 (0xff9ff06f)
core   0: 0x8000b340 (0x00001f17) auipc   t5, 0x1
core   0: 3 0x8000b340 (0x00001f17) x30 0x8000c340
core   0: 0x8000b344 (0xcc3f2023) sw      gp, -832(t5)
core   0: 3 0x8000b344 (0xcc3f2023) mem 0x8000c000 0x00000001
core   0: 0x8000b348 (0xff9ff06f) j       pc - 0x8
core   0: 3 0x8000b348 (0xff9ff06f)
core   0: 0x8000b340 (0x00001f17) auipc   t5, 0x1
core   0: 3 0x8000b340 (0x00001f17) x30 0x8000c340
core   0: 0x8000b344 (0xcc3f2023) sw      gp, -832(t5)
core   0: 3 0x8000b344 (0xcc3f2023) mem 0x8000c000 0x00000001
core   0: 0x8000b348 (0xff9ff06f) j       pc - 0x8
core   0: 3 0x8000b348 (0xff9ff06f)
core   0: 0x8000b340 (0x00001f17) auipc   t5, 0x1
core   0: 3 0x8000b340 (0x00001f17) x30 0x8000c340
core   0: 0x8000b344 (0xcc3f2023) sw      gp, -832(t5)
core   0: 3 0x8000b344 (0xcc3f2023) mem 0x8000c000 0x00000001
core   0: 0x8000b348 (0xff9ff06f) j       pc - 0x8
core   0: 3 0x8000b348 (0xff9ff06f)
core   0: 0x8000b340 (0x00001f17) auipc   t5, 0x1
core   0: 3 0x8000b340 (0x00001f17) x30 0x8000c340
core   0: 0x8000b344 (0xcc3f2023) sw      gp, -832(t5)
core   0: 3 0x8000b344 (0xcc3f2023) mem 0x8000c000 0x00000001
core   0: 0x8000b348 (0xff9ff06f) j       pc - 0x8
core   0: 3 0x8000b348 (0xff9ff06f)
core   0: 0x8000b340 (0x00001f17) auipc   t5, 0x1
core   0: 3 0x8000b340 (0x00001f17) x30 0x8000c340
core   0: 0x8000b344 (0xcc3f2023) sw      gp, -832(t5)
core   0: 3 0x8000b344 (0xcc3f2023) mem 0x8000c000 0x00000001
core   0: 0x8000b348 (0xff9ff06f) j       pc - 0x8
core   0: 3 0x8000b348 (0xff9ff06f)
core   0: 0x8000b340 (0x00001f17) auipc   t5, 0x1
core   0: 3 0x8000b340 (0x00001f17) x30 0x8000c340
core   0: 0x8000b344 (0xcc3f2023) sw      gp, -832(t5)
core   0: 3 0x8000b344 (0xcc3f2023) mem 0x8000c000 0x00000001
core   0: 0x8000b348 (0xff9ff06f) j       pc - 0x8
core   0: 3 0x8000b348 (0xff9ff06f)
core   0: 0x8000b340 (0x00001f17) auipc   t5, 0x1
core   0: 3 0x8000b340 (0x00001f17) x30 0x8000c340
core   0: 0x8000b344 (0xcc3f2023) sw      gp, -832(t5)
core   0: 3 0x8000b344 (0xcc3f2023) mem 0x8000c000 0x00000001
core   0: 0x8000b348 (0xff9ff06f) j       pc - 0x8
core   0: 3 0x8000b348 (0xff9ff06f)
core   0: 0x8000b340 (0x00001f17) auipc   t5, 0x1
core   0: 3 0x8000b340 (0x00001f17) x30 0x8000c340
core   0: 0x8000b344 (0xcc3f2023) sw      gp, -832(t5)
core   0: 3 0x8000b344 (0xcc3f2023) mem 0x8000c000 0x00000001
core   0: 0x8000b348 (0xff9ff06f) j       pc - 0x8
core   0: 3 0x8000b348 (0xff9ff06f)
core   0: 0x8000b340 (0x00001f17) auipc   t5, 0x1
core   0: 3 0x8000b340 (0x00001f17) x30 0x8000c340
core   0: 0x8000b344 (0xcc3f2023) sw      gp, -832(t5)
core   0: 3 0x8000b344 (0xcc3f2023) mem 0x8000c000 0x00000001
core   0: 0x8000b348 (0xff9ff06f) j       pc - 0x8
core   0: 3 0x8000b348 (0xff9ff06f)
core   0: 0x8000b340 (0x00001f17) auipc   t5, 0x1
core   0: 3 0x8000b340 (0x00001f17) x30 0x8000c340
core   0: 0x8000b344 (0xcc3f2023) sw      gp, -832(t5)
core   0: 3 0x8000b344 (0xcc3f2023) mem 0x8000c000 0x00000001
core   0: 0x8000b348 (0xff9ff06f) j       pc - 0x8
core   0: 3 0x8000b348 (0xff9ff06f)
core   0: 0x8000b340 (0x00001f17) auipc   t5, 0x1
core   0: 3 0x8000b340 (0x00001f17) x30 0x8000c340
core   0: 0x8000b344 (0xcc3f2023) sw      gp, -832(t5)
core   0: 3 0x8000b344 (0xcc3f2023) mem 0x8000c000 0x00000001
core   0: 0x8000b348 (0xff9ff06f) j       pc - 0x8
core   0: 3 0x8000b348 (0xff9ff06f)
core   0: 0x8000b340 (0x00001f17) auipc   t5, 0x1
core   0: 3 0x8000b340 (0x00001f17) x30 0x8000c340
core   0: 0x8000b344 (0xcc3f2023) sw      gp, -832(t5)
core   0: 3 0x8000b344 (0xcc3f2023) mem 0x8000c000 0x00000001
core   0: 0x8000b348 (0xff9ff06f) j       pc - 0x8
core   0: 3 0x8000b348 (0xff9ff06f)
core   0: 0x8000b340 (0x00001f17) auipc   t5, 0x1
core   0: 3 0x8000b340 (0x00001f17) x30 0x8000c340
core   0: 0x8000b344 (0xcc3f2023) sw      gp, -832(t5)
core   0: 3 0x8000b344 (0xcc3f2023) mem 0x8000c000 0x00000001
core   0: 0x8000b348 (0xff9ff06f) j       pc - 0x8
core   0: 3 0x8000b348 (0xff9ff06f)
core   0: 0x8000b340 (0x00001f17) auipc   t5, 0x1
core   0: 3 0x8000b340 (0x00001f17) x30 0x8000c340
core   0: 0x8000b344 (0xcc3f2023) sw      gp, -832(t5)
core   0: 3 0x8000b344 (0xcc3f2023) mem 0x8000c000 0x00000001
core   0: 0x8000b348 (0xff9ff06f) j       pc - 0x8
core   0: 3 0x8000b348 (0xff9ff06f)
core   0: 0x8000b340 (0x00001f17) auipc   t5, 0x1
core   0: 3 0x8000b340 (0x00001f17) x30 0x8000c340
core   0: 0x8000b344 (0xcc3f2023) sw      gp, -832(t5)
core   0: 3 0x8000b344 (0xcc3f2023) mem 0x8000c000 0x00000001
core   0: 0x8000b348 (0xff9ff06f) j       pc - 0x8
core   0: 3 0x8000b348 (0xff9ff06f)
core   0: 0x8000b340 (0x00001f17) auipc   t5, 0x1
core   0: 3 0x8000b340 (0x00001f17) x30 0x8000c340
core   0: 0x8000b344 (0xcc3f2023) sw      gp, -832(t5)
core   0: 3 0x8000b344 (0xcc3f2023) mem 0x8000c000 0x00000001
core   0: 0x8000b348 (0xff9ff06f) j       pc - 0x8
core   0: 3 0x8000b348 (0xff9ff06f)
core   0: 0x8000b340 (0x00001f17) auipc   t5, 0x1
core   0: 3 0x8000b340 (0x00001f17) x30 0x8000c340
core   0: 0x8000b344 (0xcc3f2023) sw      gp, -832(t5)
core   0: 3 0x8000b344 (0xcc3f2023) mem 0x8000c000 0x00000001
core   0: 0x8000b348 (0xff9ff06f) j       pc - 0x8
core   0: 3 0x8000b348 (0xff9ff06f)
core   0: 0x8000b340 (0x00001f17) auipc   t5, 0x1
core   0: 3 0x8000b340 (0x00001f17) x30 0x8000c340
core   0: 0x8000b344 (0xcc3f2023) sw      gp, -832(t5)
core   0: 3 0x8000b344 (0xcc3f2023) mem 0x8000c000 0x00000001
core   0: 0x8000b348 (0xff9ff06f) j       pc - 0x8
core   0: 3 0x8000b348 (0xff9ff06f)
core   0: 0x8000b340 (0x00001f17) auipc   t5, 0x1
core   0: 3 0x8000b340 (0x00001f17) x30 0x8000c340
core   0: 0x8000b344 (0xcc3f2023) sw      gp, -832(t5)
core   0: 3 0x8000b344 (0xcc3f2023) mem 0x8000c000 0x00000001
core   0: 0x8000b348 (0xff9ff06f) j       pc - 0x8
core   0: 3 0x8000b348 (0xff9ff06f)
core   0: 0x8000b340 (0x00001f17) auipc   t5, 0x1
core   0: 3 0x8000b340 (0x00001f17) x30 0x8000c340
core   0: 0x8000b344 (0xcc3f2023) sw      gp, -832(t5)
core   0: 3 0x8000b344 (0xcc3f2023) mem 0x8000c000 0x00000001
core   0: 0x8000b348 (0xff9ff06f) j       pc - 0x8
core   0: 3 0x8000b348 (0xff9ff06f)
core   0: 0x8000b340 (0x00001f17) auipc   t5, 0x1
core   0: 3 0x8000b340 (0x00001f17) x30 0x8000c340
core   0: 0x8000b344 (0xcc3f2023) sw      gp, -832(t5)
core   0: 3 0x8000b344 (0xcc3f2023) mem 0x8000c000 0x00000001
core   0: 0x8000b348 (0xff9ff06f) j       pc - 0x8
core   0: 3 0x8000b348 (0xff9ff06f)
core   0: 0x8000b340 (0x00001f17) auipc   t5, 0x1
core   0: 3 0x8000b340 (0x00001f17) x30 0x8000c340
core   0: 0x8000b344 (0xcc3f2023) sw      gp, -832(t5)
core   0: 3 0x8000b344 (0xcc3f2023) mem 0x8000c000 0x00000001
core   0: 0x8000b348 (0xff9ff06f) j       pc - 0x8
core   0: 3 0x8000b348 (0xff9ff06f)
core   0: 0x8000b340 (0x00001f17) auipc   t5, 0x1
core   0: 3 0x8000b340 (0x00001f17) x30 0x8000c340
core   0: 0x8000b344 (0xcc3f2023) sw      gp, -832(t5)
core   0: 3 0x8000b344 (0xcc3f2023) mem 0x8000c000 0x00000001
core   0: 0x8000b348 (0xff9ff06f) j       pc - 0x8
core   0: 3 0x8000b348 (0xff9ff06f)
core   0: 0x8000b340 (0x00001f17) auipc   t5, 0x1
core   0: 3 0x8000b340 (0x00001f17) x30 0x8000c340
core   0: 0x8000b344 (0xcc3f2023) sw      gp, -832(t5)
core   0: 3 0x8000b344 (0xcc3f2023) mem 0x8000c000 0x00000001
core   0: 0x8000b348 (0xff9ff06f) j       pc - 0x8
core   0: 3 0x8000b348 (0xff9ff06f)
core   0: 0x8000b340 (0x00001f17) auipc   t5, 0x1
core   0: 3 0x8000b340 (0x00001f17) x30 0x8000c340
core   0: 0x8000b344 (0xcc3f2023) sw      gp, -832(t5)
core   0: 3 0x8000b344 (0xcc3f2023) mem 0x8000c000 0x00000001
core   0: 0x8000b348 (0xff9ff06f) j       pc - 0x8
core   0: 3 0x8000b348 (0xff9ff06f)
core   0: 0x8000b340 (0x00001f17) auipc   t5, 0x1
core   0: 3 0x8000b340 (0x00001f17) x30 0x8000c340
core   0: 0x8000b344 (0xcc3f2023) sw      gp, -832(t5)
core   0: 3 0x8000b344 (0xcc3f2023) mem 0x8000c000 0x00000001
core   0: 0x8000b348 (0xff9ff06f) j       pc - 0x8
core   0: 3 0x8000b348 (0xff9ff06f)
core   0: 0x8000b340 (0x00001f17) auipc   t5, 0x1
core   0: 3 0x8000b340 (0x00001f17) x30 0x8000c340
core   0: 0x8000b344 (0xcc3f2023) sw      gp, -832(t5)
core   0: 3 0x8000b344 (0xcc3f2023) mem 0x8000c000 0x00000001
core   0: 0x8000b348 (0xff9ff06f) j       pc - 0x8
core   0: 3 0x8000b348 (0xff9ff06f)
core   0: 0x8000b340 (0x00001f17) auipc   t5, 0x1
core   0: 3 0x8000b340 (0x00001f17) x30 0x8000c340
core   0: 0x8000b344 (0xcc3f2023) sw      gp, -832(t5)
core   0: 3 0x8000b344 (0xcc3f2023) mem 0x8000c000 0x00000001
core   0: 0x8000b348 (0xff9ff06f) j       pc - 0x8
core   0: 3 0x8000b348 (0xff9ff06f)
core   0: 0x8000b340 (0x00001f17) auipc   t5, 0x1
core   0: 3 0x8000b340 (0x00001f17) x30 0x8000c340
core   0: 0x8000b344 (0xcc3f2023) sw      gp, -832(t5)
core   0: 3 0x8000b344 (0xcc3f2023) mem 0x8000c000 0x00000001
core   0: 0x8000b348 (0xff9ff06f) j       pc - 0x8
core   0: 3 0x8000b348 (0xff9ff06f)
core   0: 0x8000b340 (0x00001f17) auipc   t5, 0x1
core   0: 3 0x8000b340 (0x00001f17) x30 0x8000c340
core   0: 0x8000b344 (0xcc3f2023) sw      gp, -832(t5)
core   0: 3 0x8000b344 (0xcc3f2023) mem 0x8000c000 0x00000001
core   0: 0x8000b348 (0xff9ff06f) j       pc - 0x8
core   0: 3 0x8000b348 (0xff9ff06f)
core   0: 0x8000b340 (0x00001f17) auipc   t5, 0x1
core   0: 3 0x8000b340 (0x00001f17) x30 0x8000c340
core   0: 0x8000b344 (0xcc3f2023) sw      gp, -832(t5)
core   0: 3 0x8000b344 (0xcc3f2023) mem 0x8000c000 0x00000001
core   0: 0x8000b348 (0xff9ff06f) j       pc - 0x8
core   0: 3 0x8000b348 (0xff9ff06f)
core   0: 0x8000b340 (0x00001f17) auipc   t5, 0x1
core   0: 3 0x8000b340 (0x00001f17) x30 0x8000c340
core   0: 0x8000b344 (0xcc3f2023) sw      gp, -832(t5)
core   0: 3 0x8000b344 (0xcc3f2023) mem 0x8000c000 0x00000001
core   0: 0x8000b348 (0xff9ff06f) j       pc - 0x8
core   0: 3 0x8000b348 (0xff9ff06f)
core   0: 0x8000b340 (0x00001f17) auipc   t5, 0x1
core   0: 3 0x8000b340 (0x00001f17) x30 0x8000c340
core   0: 0x8000b344 (0xcc3f2023) sw      gp, -832(t5)
core   0: 3 0x8000b344 (0xcc3f2023) mem 0x8000c000 0x00000001
core   0: 0x8000b348 (0xff9ff06f) j       pc - 0x8
core   0: 3 0x8000b348 (0xff9ff06f)
core   0: 0x8000b340 (0x00001f17) auipc   t5, 0x1
core   0: 3 0x8000b340 (0x00001f17) x30 0x8000c340
core   0: 0x8000b344 (0xcc3f2023) sw      gp, -832(t5)
core   0: 3 0x8000b344 (0xcc3f2023) mem 0x8000c000 0x00000001
core   0: 0x8000b348 (0xff9ff06f) j       pc - 0x8
core   0: 3 0x8000b348 (0xff9ff06f)
core   0: 0x8000b340 (0x00001f17) auipc   t5, 0x1
core   0: 3 0x8000b340 (0x00001f17) x30 0x8000c340
core   0: 0x8000b344 (0xcc3f2023) sw      gp, -832(t5)
core   0: 3 0x8000b344 (0xcc3f2023) mem 0x8000c000 0x00000001
core   0: 0x8000b348 (0xff9ff06f) j       pc - 0x8
core   0: 3 0x8000b348 (0xff9ff06f)
core   0: 0x8000b340 (0x00001f17) auipc   t5, 0x1
core   0: 3 0x8000b340 (0x00001f17) x30 0x8000c340
core   0: 0x8000b344 (0xcc3f2023) sw      gp, -832(t5)
core   0: 3 0x8000b344 (0xcc3f2023) mem 0x8000c000 0x00000001
core   0: 0x8000b348 (0xff9ff06f) j       pc - 0x8
core   0: 3 0x8000b348 (0xff9ff06f)
core   0: 0x8000b340 (0x00001f17) auipc   t5, 0x1
core   0: 3 0x8000b340 (0x00001f17) x30 0x8000c340
core   0: 0x8000b344 (0xcc3f2023) sw      gp, -832(t5)
core   0: 3 0x8000b344 (0xcc3f2023) mem 0x8000c000 0x00000001
core   0: 0x8000b348 (0xff9ff06f) j       pc - 0x8
core   0: 3 0x8000b348 (0xff9ff06f)
core   0: 0x8000b340 (0x00001f17) auipc   t5, 0x1
core   0: 3 0x8000b340 (0x00001f17) x30 0x8000c340
core   0: 0x8000b344 (0xcc3f2023) sw      gp, -832(t5)
core   0: 3 0x8000b344 (0xcc3f2023) mem 0x8000c000 0x00000001
core   0: 0x8000b348 (0xff9ff06f) j       pc - 0x8
core   0: 3 0x8000b348 (0xff9ff06f)
core   0: 0x8000b340 (0x00001f17) auipc   t5, 0x1
core   0: 3 0x8000b340 (0x00001f17) x30 0x8000c340
core   0: 0x8000b344 (0xcc3f2023) sw      gp, -832(t5)
core   0: 3 0x8000b344 (0xcc3f2023) mem 0x8000c000 0x00000001
core   0: 0x8000b348 (0xff9ff06f) j       pc - 0x8
core   0: 3 0x8000b348 (0xff9ff06f)
core   0: 0x8000b340 (0x00001f17) auipc   t5, 0x1
core   0: 3 0x8000b340 (0x00001f17) x30 0x8000c340
core   0: 0x8000b344 (0xcc3f2023) sw      gp, -832(t5)
core   0: 3 0x8000b344 (0xcc3f2023) mem 0x8000c000 0x00000001
core   0: 0x8000b348 (0xff9ff06f) j       pc - 0x8
core   0: 3 0x8000b348 (0xff9ff06f)
core   0: 0x8000b340 (0x00001f17) auipc   t5, 0x1
core   0: 3 0x8000b340 (0x00001f17) x30 0x8000c340
core   0: 0x8000b344 (0xcc3f2023) sw      gp, -832(t5)
core   0: 3 0x8000b344 (0xcc3f2023) mem 0x8000c000 0x00000001
core   0: 0x8000b348 (0xff9ff06f) j       pc - 0x8
core   0: 3 0x8000b348 (0xff9ff06f)
core   0: 0x8000b340 (0x00001f17) auipc   t5, 0x1
core   0: 3 0x8000b340 (0x00001f17) x30 0x8000c340
core   0: 0x8000b344 (0xcc3f2023) sw      gp, -832(t5)
core   0: 3 0x8000b344 (0xcc3f2023) mem 0x8000c000 0x00000001
core   0: 0x8000b348 (0xff9ff06f) j       pc - 0x8
core   0: 3 0x8000b348 (0xff9ff06f)
core   0: 0x8000b340 (0x00001f17) auipc   t5, 0x1
core   0: 3 0x8000b340 (0x00001f17) x30 0x8000c340
core   0: 0x8000b344 (0xcc3f2023) sw      gp, -832(t5)
core   0: 3 0x8000b344 (0xcc3f2023) mem 0x8000c000 0x00000001
core   0: 0x8000b348 (0xff9ff06f) j       pc - 0x8
core   0: 3 0x8000b348 (0xff9ff06f)
core   0: 0x8000b340 (0x00001f17) auipc   t5, 0x1
core   0: 3 0x8000b340 (0x00001f17) x30 0x8000c340
core   0: 0x8000b344 (0xcc3f2023) sw      gp, -832(t5)
core   0: 3 0x8000b344 (0xcc3f2023) mem 0x8000c000 0x00000001
core   0: 0x8000b348 (0xff9ff06f) j       pc - 0x8
core   0: 3 0x8000b348 (0xff9ff06f)
core   0: 0x8000b340 (0x00001f17) auipc   t5, 0x1
core   0: 3 0x8000b340 (0x00001f17) x30 0x8000c340
core   0: 0x8000b344 (0xcc3f2023) sw      gp, -832(t5)
core   0: 3 0x8000b344 (0xcc3f2023) mem 0x8000c000 0x00000001
core   0: 0x8000b348 (0xff9ff06f) j       pc - 0x8
core   0: 3 0x8000b348 (0xff9ff06f)
core   0: 0x8000b340 (0x00001f17) auipc   t5, 0x1
core   0: 3 0x8000b340 (0x00001f17) x30 0x8000c340
core   0: 0x8000b344 (0xcc3f2023) sw      gp, -832(t5)
core   0: 3 0x8000b344 (0xcc3f2023) mem 0x8000c000 0x00000001
core   0: 0x8000b348 (0xff9ff06f) j       pc - 0x8
core   0: 3 0x8000b348 (0xff9ff06f)
core   0: 0x8000b340 (0x00001f17) auipc   t5, 0x1
core   0: 3 0x8000b340 (0x00001f17) x30 0x8000c340
core   0: 0x8000b344 (0xcc3f2023) sw      gp, -832(t5)
core   0: 3 0x8000b344 (0xcc3f2023) mem 0x8000c000 0x00000001
core   0: 0x8000b348 (0xff9ff06f) j       pc - 0x8
core   0: 3 0x8000b348 (0xff9ff06f)
core   0: 0x8000b340 (0x00001f17) auipc   t5, 0x1
core   0: 3 0x8000b340 (0x00001f17) x30 0x8000c340
core   0: 0x8000b344 (0xcc3f2023) sw      gp, -832(t5)
core   0: 3 0x8000b344 (0xcc3f2023) mem 0x8000c000 0x00000001
core   0: 0x8000b348 (0xff9ff06f) j       pc - 0x8
core   0: 3 0x8000b348 (0xff9ff06f)
core   0: 0x8000b340 (0x00001f17) auipc   t5, 0x1
core   0: 3 0x8000b340 (0x00001f17) x30 0x8000c340
core   0: 0x8000b344 (0xcc3f2023) sw      gp, -832(t5)
core   0: 3 0x8000b344 (0xcc3f2023) mem 0x8000c000 0x00000001
core   0: 0x8000b348 (0xff9ff06f) j       pc - 0x8
core   0: 3 0x8000b348 (0xff9ff06f)
core   0: 0x8000b340 (0x00001f17) auipc   t5, 0x1
core   0: 3 0x8000b340 (0x00001f17) x30 0x8000c340
core   0: 0x8000b344 (0xcc3f2023) sw      gp, -832(t5)
core   0: 3 0x8000b344 (0xcc3f2023) mem 0x8000c000 0x00000001
core   0: 0x8000b348 (0xff9ff06f) j       pc - 0x8
core   0: 3 0x8000b348 (0xff9ff06f)
core   0: 0x8000b340 (0x00001f17) auipc   t5, 0x1
core   0: 3 0x8000b340 (0x00001f17) x30 0x8000c340
core   0: 0x8000b344 (0xcc3f2023) sw      gp, -832(t5)
core   0: 3 0x8000b344 (0xcc3f2023) mem 0x8000c000 0x00000001
core   0: 0x8000b348 (0xff9ff06f) j       pc - 0x8
core   0: 3 0x8000b348 (0xff9ff06f)
core   0: 0x8000b340 (0x00001f17) auipc   t5, 0x1
core   0: 3 0x8000b340 (0x00001f17) x30 0x8000c340
core   0: 0x8000b344 (0xcc3f2023) sw      gp, -832(t5)
core   0: 3 0x8000b344 (0xcc3f2023) mem 0x8000c000 0x00000001
core   0: 0x8000b348 (0xff9ff06f) j       pc - 0x8
core   0: 3 0x8000b348 (0xff9ff06f)
core   0: 0x8000b340 (0x00001f17) auipc   t5, 0x1
core   0: 3 0x8000b340 (0x00001f17) x30 0x8000c340
core   0: 0x8000b344 (0xcc3f2023) sw      gp, -832(t5)
core   0: 3 0x8000b344 (0xcc3f2023) mem 0x8000c000 0x00000001
core   0: 0x8000b348 (0xff9ff06f) j       pc - 0x8
core   0: 3 0x8000b348 (0xff9ff06f)
core   0: 0x8000b340 (0x00001f17) auipc   t5, 0x1
core   0: 3 0x8000b340 (0x00001f17) x30 0x8000c340
core   0: 0x8000b344 (0xcc3f2023) sw      gp, -832(t5)
core   0: 3 0x8000b344 (0xcc3f2023) mem 0x8000c000 0x00000001
core   0: 0x8000b348 (0xff9ff06f) j       pc - 0x8
core   0: 3 0x8000b348 (0xff9ff06f)
core   0: 0x8000b340 (0x00001f17) auipc   t5, 0x1
core   0: 3 0x8000b340 (0x00001f17) x30 0x8000c340
core   0: 0x8000b344 (0xcc3f2023) sw      gp, -832(t5)
core   0: 3 0x8000b344 (0xcc3f2023) mem 0x8000c000 0x00000001
core   0: 0x8000b348 (0xff9ff06f) j       pc - 0x8
core   0: 3 0x8000b348 (0xff9ff06f)
core   0: 0x8000b340 (0x00001f17) auipc   t5, 0x1
core   0: 3 0x8000b340 (0x00001f17) x30 0x8000c340
core   0: 0x8000b344 (0xcc3f2023) sw      gp, -832(t5)
core   0: 3 0x8000b344 (0xcc3f2023) mem 0x8000c000 0x00000001
core   0: 0x8000b348 (0xff9ff06f) j       pc - 0x8
core   0: 3 0x8000b348 (0xff9ff06f)
core   0: 0x8000b340 (0x00001f17) auipc   t5, 0x1
core   0: 3 0x8000b340 (0x00001f17) x30 0x8000c340
core   0: 0x8000b344 (0xcc3f2023) sw      gp, -832(t5)
core   0: 3 0x8000b344 (0xcc3f2023) mem 0x8000c000 0x00000001
core   0: 0x8000b348 (0xff9ff06f) j       pc - 0x8
core   0: 3 0x8000b348 (0xff9ff06f)
core   0: 0x8000b340 (0x00001f17) auipc   t5, 0x1
core   0: 3 0x8000b340 (0x00001f17) x30 0x8000c340
core   0: 0x8000b344 (0xcc3f2023) sw      gp, -832(t5)
core   0: 3 0x8000b344 (0xcc3f2023) mem 0x8000c000 0x00000001
core   0: 0x8000b348 (0xff9ff06f) j       pc - 0x8
core   0: 3 0x8000b348 (0xff9ff06f)
core   0: 0x8000b340 (0x00001f17) auipc   t5, 0x1
core   0: 3 0x8000b340 (0x00001f17) x30 0x8000c340
core   0: 0x8000b344 (0xcc3f2023) sw      gp, -832(t5)
core   0: 3 0x8000b344 (0xcc3f2023) mem 0x8000c000 0x00000001
core   0: 0x8000b348 (0xff9ff06f) j       pc - 0x8
core   0: 3 0x8000b348 (0xff9ff06f)
core   0: 0x8000b340 (0x00001f17) auipc   t5, 0x1
core   0: 3 0x8000b340 (0x00001f17) x30 0x8000c340
core   0: 0x8000b344 (0xcc3f2023) sw      gp, -832(t5)
core   0: 3 0x8000b344 (0xcc3f2023) mem 0x8000c000 0x00000001
core   0: 0x8000b348 (0xff9ff06f) j       pc - 0x8
core   0: 3 0x8000b348 (0xff9ff06f)
core   0: 0x8000b340 (0x00001f17) auipc   t5, 0x1
core   0: 3 0x8000b340 (0x00001f17) x30 0x8000c340
core   0: 0x8000b344 (0xcc3f2023) sw      gp, -832(t5)
core   0: 3 0x8000b344 (0xcc3f2023) mem 0x8000c000 0x00000001
core   0: 0x8000b348 (0xff9ff06f) j       pc - 0x8
core   0: 3 0x8000b348 (0xff9ff06f)
core   0: 0x8000b340 (0x00001f17) auipc   t5, 0x1
core   0: 3 0x8000b340 (0x00001f17) x30 0x8000c340
core   0: 0x8000b344 (0xcc3f2023) sw      gp, -832(t5)
core   0: 3 0x8000b344 (0xcc3f2023) mem 0x8000c000 0x00000001
core   0: 0x8000b348 (0xff9ff06f) j       pc - 0x8
core   0: 3 0x8000b348 (0xff9ff06f)
core   0: 0x8000b340 (0x00001f17) auipc   t5, 0x1
core   0: 3 0x8000b340 (0x00001f17) x30 0x8000c340
core   0: 0x8000b344 (0xcc3f2023) sw      gp, -832(t5)
core   0: 3 0x8000b344 (0xcc3f2023) mem 0x8000c000 0x00000001
core   0: 0x8000b348 (0xff9ff06f) j       pc - 0x8
core   0: 3 0x8000b348 (0xff9ff06f)
core   0: 0x8000b340 (0x00001f17) auipc   t5, 0x1
core   0: 3 0x8000b340 (0x00001f17) x30 0x8000c340
core   0: 0x8000b344 (0xcc3f2023) sw      gp, -832(t5)
core   0: 3 0x8000b344 (0xcc3f2023) mem 0x8000c000 0x00000001
core   0: 0x8000b348 (0xff9ff06f) j       pc - 0x8
core   0: 3 0x8000b348 (0xff9ff06f)
core   0: 0x8000b340 (0x00001f17) auipc   t5, 0x1
core   0: 3 0x8000b340 (0x00001f17) x30 0x8000c340
core   0: 0x8000b344 (0xcc3f2023) sw      gp, -832(t5)
core   0: 3 0x8000b344 (0xcc3f2023) mem 0x8000c000 0x00000001
core   0: 0x8000b348 (0xff9ff06f) j       pc - 0x8
core   0: 3 0x8000b348 (0xff9ff06f)
core   0: 0x8000b340 (0x00001f17) auipc   t5, 0x1
core   0: 3 0x8000b340 (0x00001f17) x30 0x8000c340
core   0: 0x8000b344 (0xcc3f2023) sw      gp, -832(t5)
core   0: 3 0x8000b344 (0xcc3f2023) mem 0x8000c000 0x00000001
core   0: 0x8000b348 (0xff9ff06f) j       pc - 0x8
core   0: 3 0x8000b348 (0xff9ff06f)
core   0: 0x8000b340 (0x00001f17) auipc   t5, 0x1
core   0: 3 0x8000b340 (0x00001f17) x30 0x8000c340
core   0: 0x8000b344 (0xcc3f2023) sw      gp, -832(t5)
core   0: 3 0x8000b344 (0xcc3f2023) mem 0x8000c000 0x00000001
core   0: 0x8000b348 (0xff9ff06f) j       pc - 0x8
core   0: 3 0x8000b348 (0xff9ff06f)
core   0: 0x8000b340 (0x00001f17) auipc   t5, 0x1
core   0: 3 0x8000b340 (0x00001f17) x30 0x8000c340
core   0: 0x8000b344 (0xcc3f2023) sw      gp, -832(t5)
core   0: 3 0x8000b344 (0xcc3f2023) mem 0x8000c000 0x00000001
core   0: 0x8000b348 (0xff9ff06f) j       pc - 0x8
core   0: 3 0x8000b348 (0xff9ff06f)
core   0: 0x8000b340 (0x00001f17) auipc   t5, 0x1
core   0: 3 0x8000b340 (0x00001f17) x30 0x8000c340
core   0: 0x8000b344 (0xcc3f2023) sw      gp, -832(t5)
core   0: 3 0x8000b344 (0xcc3f2023) mem 0x8000c000 0x00000001
core   0: 0x8000b348 (0xff9ff06f) j       pc - 0x8
core   0: 3 0x8000b348 (0xff9ff06f)
core   0: 0x8000b340 (0x00001f17) auipc   t5, 0x1
core   0: 3 0x8000b340 (0x00001f17) x30 0x8000c340
core   0: 0x8000b344 (0xcc3f2023) sw      gp, -832(t5)
core   0: 3 0x8000b344 (0xcc3f2023) mem 0x8000c000 0x00000001
core   0: 0x8000b348 (0xff9ff06f) j       pc - 0x8
core   0: 3 0x8000b348 (0xff9ff06f)
core   0: 0x8000b340 (0x00001f17) auipc   t5, 0x1
core   0: 3 0x8000b340 (0x00001f17) x30 0x8000c340
core   0: 0x8000b344 (0xcc3f2023) sw      gp, -832(t5)
core   0: 3 0x8000b344 (0xcc3f2023) mem 0x8000c000 0x00000001
core   0: 0x8000b348 (0xff9ff06f) j       pc - 0x8
core   0: 3 0x8000b348 (0xff9ff06f)
core   0: 0x8000b340 (0x00001f17) auipc   t5, 0x1
core   0: 3 0x8000b340 (0x00001f17) x30 0x8000c340
core   0: 0x8000b344 (0xcc3f2023) sw      gp, -832(t5)
core   0: 3 0x8000b344 (0xcc3f2023) mem 0x8000c000 0x00000001
core   0: 0x8000b348 (0xff9ff06f) j       pc - 0x8
core   0: 3 0x8000b348 (0xff9ff06f)
core   0: 0x8000b340 (0x00001f17) auipc   t5, 0x1
core   0: 3 0x8000b340 (0x00001f17) x30 0x8000c340
core   0: 0x8000b344 (0xcc3f2023) sw      gp, -832(t5)
core   0: 3 0x8000b344 (0xcc3f2023) mem 0x8000c000 0x00000001
core   0: 0x8000b348 (0xff9ff06f) j       pc - 0x8
core   0: 3 0x8000b348 (0xff9ff06f)
core   0: 0x8000b340 (0x00001f17) auipc   t5, 0x1
core   0: 3 0x8000b340 (0x00001f17) x30 0x8000c340
core   0: 0x8000b344 (0xcc3f2023) sw      gp, -832(t5)
core   0: 3 0x8000b344 (0xcc3f2023) mem 0x8000c000 0x00000001
core   0: 0x8000b348 (0xff9ff06f) j       pc - 0x8
core   0: 3 0x8000b348 (0xff9ff06f)
core   0: 0x8000b340 (0x00001f17) auipc   t5, 0x1
core   0: 3 0x8000b340 (0x00001f17) x30 0x8000c340
core   0: 0x8000b344 (0xcc3f2023) sw      gp, -832(t5)
core   0: 3 0x8000b344 (0xcc3f2023) mem 0x8000c000 0x00000001
core   0: 0x8000b348 (0xff9ff06f) j       pc - 0x8
core   0: 3 0x8000b348 (0xff9ff06f)
core   0: 0x8000b340 (0x00001f17) auipc   t5, 0x1
core   0: 3 0x8000b340 (0x00001f17) x30 0x8000c340
core   0: 0x8000b344 (0xcc3f2023) sw      gp, -832(t5)
core   0: 3 0x8000b344 (0xcc3f2023) mem 0x8000c000 0x00000001
core   0: 0x8000b348 (0xff9ff06f) j       pc - 0x8
core   0: 3 0x8000b348 (0xff9ff06f)
core   0: 0x8000b340 (0x00001f17) auipc   t5, 0x1
core   0: 3 0x8000b340 (0x00001f17) x30 0x8000c340
core   0: 0x8000b344 (0xcc3f2023) sw      gp, -832(t5)
core   0: 3 0x8000b344 (0xcc3f2023) mem 0x8000c000 0x00000001
core   0: 0x8000b348 (0xff9ff06f) j       pc - 0x8
core   0: 3 0x8000b348 (0xff9ff06f)
core   0: 0x8000b340 (0x00001f17) auipc   t5, 0x1
core   0: 3 0x8000b340 (0x00001f17) x30 0x8000c340
core   0: 0x8000b344 (0xcc3f2023) sw      gp, -832(t5)
core   0: 3 0x8000b344 (0xcc3f2023) mem 0x8000c000 0x00000001
core   0: 0x8000b348 (0xff9ff06f) j       pc - 0x8
core   0: 3 0x8000b348 (0xff9ff06f)
core   0: 0x8000b340 (0x00001f17) auipc   t5, 0x1
core   0: 3 0x8000b340 (0x00001f17) x30 0x8000c340
core   0: 0x8000b344 (0xcc3f2023) sw      gp, -832(t5)
core   0: 3 0x8000b344 (0xcc3f2023) mem 0x8000c000 0x00000001
core   0: 0x8000b348 (0xff9ff06f) j       pc - 0x8
core   0: 3 0x8000b348 (0xff9ff06f)
core   0: 0x8000b340 (0x00001f17) auipc   t5, 0x1
core   0: 3 0x8000b340 (0x00001f17) x30 0x8000c340
core   0: 0x8000b344 (0xcc3f2023) sw      gp, -832(t5)
core   0: 3 0x8000b344 (0xcc3f2023) mem 0x8000c000 0x00000001
core   0: 0x8000b348 (0xff9ff06f) j       pc - 0x8
core   0: 3 0x8000b348 (0xff9ff06f)
core   0: 0x8000b340 (0x00001f17) auipc   t5, 0x1
core   0: 3 0x8000b340 (0x00001f17) x30 0x8000c340
core   0: 0x8000b344 (0xcc3f2023) sw      gp, -832(t5)
core   0: 3 0x8000b344 (0xcc3f2023) mem 0x8000c000 0x00000001
core   0: 0x8000b348 (0xff9ff06f) j       pc - 0x8
core   0: 3 0x8000b348 (0xff9ff06f)
core   0: 0x8000b340 (0x00001f17) auipc   t5, 0x1
core   0: 3 0x8000b340 (0x00001f17) x30 0x8000c340
core   0: 0x8000b344 (0xcc3f2023) sw      gp, -832(t5)
core   0: 3 0x8000b344 (0xcc3f2023) mem 0x8000c000 0x00000001
core   0: 0x8000b348 (0xff9ff06f) j       pc - 0x8
core   0: 3 0x8000b348 (0xff9ff06f)
core   0: 0x8000b340 (0x00001f17) auipc   t5, 0x1
core   0: 3 0x8000b340 (0x00001f17) x30 0x8000c340
core   0: 0x8000b344 (0xcc3f2023) sw      gp, -832(t5)
core   0: 3 0x8000b344 (0xcc3f2023) mem 0x8000c000 0x00000001
core   0: 0x8000b348 (0xff9ff06f) j       pc - 0x8
core   0: 3 0x8000b348 (0xff9ff06f)
core   0: 0x8000b340 (0x00001f17) auipc   t5, 0x1
core   0: 3 0x8000b340 (0x00001f17) x30 0x8000c340
core   0: 0x8000b344 (0xcc3f2023) sw      gp, -832(t5)
core   0: 3 0x8000b344 (0xcc3f2023) mem 0x8000c000 0x00000001
core   0: 0x8000b348 (0xff9ff06f) j       pc - 0x8
core   0: 3 0x8000b348 (0xff9ff06f)
core   0: 0x8000b340 (0x00001f17) auipc   t5, 0x1
core   0: 3 0x8000b340 (0x00001f17) x30 0x8000c340
core   0: 0x8000b344 (0xcc3f2023) sw      gp, -832(t5)
core   0: 3 0x8000b344 (0xcc3f2023) mem 0x8000c000 0x00000001
core   0: 0x8000b348 (0xff9ff06f) j       pc - 0x8
core   0: 3 0x8000b348 (0xff9ff06f)
core   0: 0x8000b340 (0x00001f17) auipc   t5, 0x1
core   0: 3 0x8000b340 (0x00001f17) x30 0x8000c340
core   0: 0x8000b344 (0xcc3f2023) sw      gp, -832(t5)
core   0: 3 0x8000b344 (0xcc3f2023) mem 0x8000c000 0x00000001
core   0: 0x8000b348 (0xff9ff06f) j       pc - 0x8
core   0: 3 0x8000b348 (0xff9ff06f)
core   0: 0x8000b340 (0x00001f17) auipc   t5, 0x1
core   0: 3 0x8000b340 (0x00001f17) x30 0x8000c340
core   0: 0x8000b344 (0xcc3f2023) sw      gp, -832(t5)
core   0: 3 0x8000b344 (0xcc3f2023) mem 0x8000c000 0x00000001
core   0: 0x8000b348 (0xff9ff06f) j       pc - 0x8
core   0: 3 0x8000b348 (0xff9ff06f)
core   0: 0x8000b340 (0x00001f17) auipc   t5, 0x1
core   0: 3 0x8000b340 (0x00001f17) x30 0x8000c340
core   0: 0x8000b344 (0xcc3f2023) sw      gp, -832(t5)
core   0: 3 0x8000b344 (0xcc3f2023) mem 0x8000c000 0x00000001
core   0: 0x8000b348 (0xff9ff06f) j       pc - 0x8
core   0: 3 0x8000b348 (0xff9ff06f)
core   0: 0x8000b340 (0x00001f17) auipc   t5, 0x1
core   0: 3 0x8000b340 (0x00001f17) x30 0x8000c340
core   0: 0x8000b344 (0xcc3f2023) sw      gp, -832(t5)
core   0: 3 0x8000b344 (0xcc3f2023) mem 0x8000c000 0x00000001
core   0: 0x8000b348 (0xff9ff06f) j       pc - 0x8
core   0: 3 0x8000b348 (0xff9ff06f)
core   0: 0x8000b340 (0x00001f17) auipc   t5, 0x1
core   0: 3 0x8000b340 (0x00001f17) x30 0x8000c340
core   0: 0x8000b344 (0xcc3f2023) sw      gp, -832(t5)
core   0: 3 0x8000b344 (0xcc3f2023) mem 0x8000c000 0x00000001
core   0: 0x8000b348 (0xff9ff06f) j       pc - 0x8
core   0: 3 0x8000b348 (0xff9ff06f)
core   0: 0x8000b340 (0x00001f17) auipc   t5, 0x1
core   0: 3 0x8000b340 (0x00001f17) x30 0x8000c340
core   0: 0x8000b344 (0xcc3f2023) sw      gp, -832(t5)
core   0: 3 0x8000b344 (0xcc3f2023) mem 0x8000c000 0x00000001
core   0: 0x8000b348 (0xff9ff06f) j       pc - 0x8
core   0: 3 0x8000b348 (0xff9ff06f)
core   0: 0x8000b340 (0x00001f17) auipc   t5, 0x1
core   0: 3 0x8000b340 (0x00001f17) x30 0x8000c340
core   0: 0x8000b344 (0xcc3f2023) sw      gp, -832(t5)
core   0: 3 0x8000b344 (0xcc3f2023) mem 0x8000c000 0x00000001
core   0: 0x8000b348 (0xff9ff06f) j       pc - 0x8
core   0: 3 0x8000b348 (0xff9ff06f)
core   0: 0x8000b340 (0x00001f17) auipc   t5, 0x1
core   0: 3 0x8000b340 (0x00001f17) x30 0x8000c340
core   0: 0x8000b344 (0xcc3f2023) sw      gp, -832(t5)
core   0: 3 0x8000b344 (0xcc3f2023) mem 0x8000c000 0x00000001
core   0: 0x8000b348 (0xff9ff06f) j       pc - 0x8
core   0: 3 0x8000b348 (0xff9ff06f)
core   0: 0x8000b340 (0x00001f17) auipc   t5, 0x1
core   0: 3 0x8000b340 (0x00001f17) x30 0x8000c340
core   0: 0x8000b344 (0xcc3f2023) sw      gp, -832(t5)
core   0: 3 0x8000b344 (0xcc3f2023) mem 0x8000c000 0x00000001
core   0: 0x8000b348 (0xff9ff06f) j       pc - 0x8
core   0: 3 0x8000b348 (0xff9ff06f)
core   0: 0x8000b340 (0x00001f17) auipc   t5, 0x1
core   0: 3 0x8000b340 (0x00001f17) x30 0x8000c340
core   0: 0x8000b344 (0xcc3f2023) sw      gp, -832(t5)
core   0: 3 0x8000b344 (0xcc3f2023) mem 0x8000c000 0x00000001
core   0: 0x8000b348 (0xff9ff06f) j       pc - 0x8
core   0: 3 0x8000b348 (0xff9ff06f)
core   0: 0x8000b340 (0x00001f17) auipc   t5, 0x1
core   0: 3 0x8000b340 (0x00001f17) x30 0x8000c340
core   0: 0x8000b344 (0xcc3f2023) sw      gp, -832(t5)
core   0: 3 0x8000b344 (0xcc3f2023) mem 0x8000c000 0x00000001
core   0: 0x8000b348 (0xff9ff06f) j       pc - 0x8
core   0: 3 0x8000b348 (0xff9ff06f)
core   0: 0x8000b340 (0x00001f17) auipc   t5, 0x1
core   0: 3 0x8000b340 (0x00001f17) x30 0x8000c340
core   0: 0x8000b344 (0xcc3f2023) sw      gp, -832(t5)
core   0: 3 0x8000b344 (0xcc3f2023) mem 0x8000c000 0x00000001
core   0: 0x8000b348 (0xff9ff06f) j       pc - 0x8
core   0: 3 0x8000b348 (0xff9ff06f)
core   0: 0x8000b340 (0x00001f17) auipc   t5, 0x1
core   0: 3 0x8000b340 (0x00001f17) x30 0x8000c340
core   0: 0x8000b344 (0xcc3f2023) sw      gp, -832(t5)
core   0: 3 0x8000b344 (0xcc3f2023) mem 0x8000c000 0x00000001
core   0: 0x8000b348 (0xff9ff06f) j       pc - 0x8
core   0: 3 0x8000b348 (0xff9ff06f)
core   0: 0x8000b340 (0x00001f17) auipc   t5, 0x1
core   0: 3 0x8000b340 (0x00001f17) x30 0x8000c340
core   0: 0x8000b344 (0xcc3f2023) sw      gp, -832(t5)
core   0: 3 0x8000b344 (0xcc3f2023) mem 0x8000c000 0x00000001
core   0: 0x8000b348 (0xff9ff06f) j       pc - 0x8
core   0: 3 0x8000b348 (0xff9ff06f)
core   0: 0x8000b340 (0x00001f17) auipc   t5, 0x1
core   0: 3 0x8000b340 (0x00001f17) x30 0x8000c340
core   0: 0x8000b344 (0xcc3f2023) sw      gp, -832(t5)
core   0: 3 0x8000b344 (0xcc3f2023) mem 0x8000c000 0x00000001
core   0: 0x8000b348 (0xff9ff06f) j       pc - 0x8
core   0: 3 0x8000b348 (0xff9ff06f)
core   0: 0x8000b340 (0x00001f17) auipc   t5, 0x1
core   0: 3 0x8000b340 (0x00001f17) x30 0x8000c340
core   0: 0x8000b344 (0xcc3f2023) sw      gp, -832(t5)
core   0: 3 0x8000b344 (0xcc3f2023) mem 0x8000c000 0x00000001
core   0: 0x8000b348 (0xff9ff06f) j       pc - 0x8
core   0: 3 0x8000b348 (0xff9ff06f)
core   0: 0x8000b340 (0x00001f17) auipc   t5, 0x1
core   0: 3 0x8000b340 (0x00001f17) x30 0x8000c340
core   0: 0x8000b344 (0xcc3f2023) sw      gp, -832(t5)
core   0: 3 0x8000b344 (0xcc3f2023) mem 0x8000c000 0x00000001
core   0: 0x8000b348 (0xff9ff06f) j       pc - 0x8
core   0: 3 0x8000b348 (0xff9ff06f)
core   0: 0x8000b340 (0x00001f17) auipc   t5, 0x1
core   0: 3 0x8000b340 (0x00001f17) x30 0x8000c340
core   0: 0x8000b344 (0xcc3f2023) sw      gp, -832(t5)
core   0: 3 0x8000b344 (0xcc3f2023) mem 0x8000c000 0x00000001
core   0: 0x8000b348 (0xff9ff06f) j       pc - 0x8
core   0: 3 0x8000b348 (0xff9ff06f)
core   0: 0x8000b340 (0x00001f17) auipc   t5, 0x1
core   0: 3 0x8000b340 (0x00001f17) x30 0x8000c340
core   0: 0x8000b344 (0xcc3f2023) sw      gp, -832(t5)
core   0: 3 0x8000b344 (0xcc3f2023) mem 0x8000c000 0x00000001
core   0: 0x8000b348 (0xff9ff06f) j       pc - 0x8
core   0: 3 0x8000b348 (0xff9ff06f)
core   0: 0x8000b340 (0x00001f17) auipc   t5, 0x1
core   0: 3 0x8000b340 (0x00001f17) x30 0x8000c340
core   0: 0x8000b344 (0xcc3f2023) sw      gp, -832(t5)
core   0: 3 0x8000b344 (0xcc3f2023) mem 0x8000c000 0x00000001
core   0: 0x8000b348 (0xff9ff06f) j       pc - 0x8
core   0: 3 0x8000b348 (0xff9ff06f)
core   0: 0x8000b340 (0x00001f17) auipc   t5, 0x1
core   0: 3 0x8000b340 (0x00001f17) x30 0x8000c340
core   0: 0x8000b344 (0xcc3f2023) sw      gp, -832(t5)
core   0: 3 0x8000b344 (0xcc3f2023) mem 0x8000c000 0x00000001
core   0: 0x8000b348 (0xff9ff06f) j       pc - 0x8
core   0: 3 0x8000b348 (0xff9ff06f)
core   0: 0x8000b340 (0x00001f17) auipc   t5, 0x1
core   0: 3 0x8000b340 (0x00001f17) x30 0x8000c340
core   0: 0x8000b344 (0xcc3f2023) sw      gp, -832(t5)
core   0: 3 0x8000b344 (0xcc3f2023) mem 0x8000c000 0x00000001
core   0: 0x8000b348 (0xff9ff06f) j       pc - 0x8
core   0: 3 0x8000b348 (0xff9ff06f)
core   0: 0x8000b340 (0x00001f17) auipc   t5, 0x1
core   0: 3 0x8000b340 (0x00001f17) x30 0x8000c340
core   0: 0x8000b344 (0xcc3f2023) sw      gp, -832(t5)
core   0: 3 0x8000b344 (0xcc3f2023) mem 0x8000c000 0x00000001
core   0: 0x8000b348 (0xff9ff06f) j       pc - 0x8
core   0: 3 0x8000b348 (0xff9ff06f)
core   0: 0x8000b340 (0x00001f17) auipc   t5, 0x1
core   0: 3 0x8000b340 (0x00001f17) x30 0x8000c340
core   0: 0x8000b344 (0xcc3f2023) sw      gp, -832(t5)
core   0: 3 0x8000b344 (0xcc3f2023) mem 0x8000c000 0x00000001
core   0: 0x8000b348 (0xff9ff06f) j       pc - 0x8
core   0: 3 0x8000b348 (0xff9ff06f)
core   0: 0x8000b340 (0x00001f17) auipc   t5, 0x1
core   0: 3 0x8000b340 (0x00001f17) x30 0x8000c340
core   0: 0x8000b344 (0xcc3f2023) sw      gp, -832(t5)
core   0: 3 0x8000b344 (0xcc3f2023) mem 0x8000c000 0x00000001
core   0: 0x8000b348 (0xff9ff06f) j       pc - 0x8
core   0: 3 0x8000b348 (0xff9ff06f)
core   0: 0x8000b340 (0x00001f17) auipc   t5, 0x1
core   0: 3 0x8000b340 (0x00001f17) x30 0x8000c340
core   0: 0x8000b344 (0xcc3f2023) sw      gp, -832(t5)
core   0: 3 0x8000b344 (0xcc3f2023) mem 0x8000c000 0x00000001
core   0: 0x8000b348 (0xff9ff06f) j       pc - 0x8
core   0: 3 0x8000b348 (0xff9ff06f)
core   0: 0x8000b340 (0x00001f17) auipc   t5, 0x1
core   0: 3 0x8000b340 (0x00001f17) x30 0x8000c340
core   0: 0x8000b344 (0xcc3f2023) sw      gp, -832(t5)
core   0: 3 0x8000b344 (0xcc3f2023) mem 0x8000c000 0x00000001
core   0: 0x8000b348 (0xff9ff06f) j       pc - 0x8
core   0: 3 0x8000b348 (0xff9ff06f)
core   0: 0x8000b340 (0x00001f17) auipc   t5, 0x1
core   0: 3 0x8000b340 (0x00001f17) x30 0x8000c340
core   0: 0x8000b344 (0xcc3f2023) sw      gp, -832(t5)
core   0: 3 0x8000b344 (0xcc3f2023) mem 0x8000c000 0x00000001
core   0: 0x8000b348 (0xff9ff06f) j       pc - 0x8
core   0: 3 0x8000b348 (0xff9ff06f)
core   0: 0x8000b340 (0x00001f17) auipc   t5, 0x1
core   0: 3 0x8000b340 (0x00001f17) x30 0x8000c340
core   0: 0x8000b344 (0xcc3f2023) sw      gp, -832(t5)
core   0: 3 0x8000b344 (0xcc3f2023) mem 0x8000c000 0x00000001
core   0: 0x8000b348 (0xff9ff06f) j       pc - 0x8
core   0: 3 0x8000b348 (0xff9ff06f)
core   0: 0x8000b340 (0x00001f17) auipc   t5, 0x1
core   0: 3 0x8000b340 (0x00001f17) x30 0x8000c340
core   0: 0x8000b344 (0xcc3f2023) sw      gp, -832(t5)
core   0: 3 0x8000b344 (0xcc3f2023) mem 0x8000c000 0x00000001
core   0: 0x8000b348 (0xff9ff06f) j       pc - 0x8
core   0: 3 0x8000b348 (0xff9ff06f)
core   0: 0x8000b340 (0x00001f17) auipc   t5, 0x1
core   0: 3 0x8000b340 (0x00001f17) x30 0x8000c340
core   0: 0x8000b344 (0xcc3f2023) sw      gp, -832(t5)
core   0: 3 0x8000b344 (0xcc3f2023) mem 0x8000c000 0x00000001
core   0: 0x8000b348 (0xff9ff06f) j       pc - 0x8
core   0: 3 0x8000b348 (0xff9ff06f)
core   0: 0x8000b340 (0x00001f17) auipc   t5, 0x1
core   0: 3 0x8000b340 (0x00001f17) x30 0x8000c340
core   0: 0x8000b344 (0xcc3f2023) sw      gp, -832(t5)
core   0: 3 0x8000b344 (0xcc3f2023) mem 0x8000c000 0x00000001
core   0: 0x8000b348 (0xff9ff06f) j       pc - 0x8
core   0: 3 0x8000b348 (0xff9ff06f)
core   0: 0x8000b340 (0x00001f17) auipc   t5, 0x1
core   0: 3 0x8000b340 (0x00001f17) x30 0x8000c340
core   0: 0x8000b344 (0xcc3f2023) sw      gp, -832(t5)
core   0: 3 0x8000b344 (0xcc3f2023) mem 0x8000c000 0x00000001
core   0: 0x8000b348 (0xff9ff06f) j       pc - 0x8
core   0: 3 0x8000b348 (0xff9ff06f)
core   0: 0x8000b340 (0x00001f17) auipc   t5, 0x1
core   0: 3 0x8000b340 (0x00001f17) x30 0x8000c340
core   0: 0x8000b344 (0xcc3f2023) sw      gp, -832(t5)
core   0: 3 0x8000b344 (0xcc3f2023) mem 0x8000c000 0x00000001
core   0: 0x8000b348 (0xff9ff06f) j       pc - 0x8
core   0: 3 0x8000b348 (0xff9ff06f)
core   0: 0x8000b340 (0x00001f17) auipc   t5, 0x1
core   0: 3 0x8000b340 (0x00001f17) x30 0x8000c340
core   0: 0x8000b344 (0xcc3f2023) sw      gp, -832(t5)
core   0: 3 0x8000b344 (0xcc3f2023) mem 0x8000c000 0x00000001
core   0: 0x8000b348 (0xff9ff06f) j       pc - 0x8
core   0: 3 0x8000b348 (0xff9ff06f)
core   0: 0x8000b340 (0x00001f17) auipc   t5, 0x1
core   0: 3 0x8000b340 (0x00001f17) x30 0x8000c340
core   0: 0x8000b344 (0xcc3f2023) sw      gp, -832(t5)
core   0: 3 0x8000b344 (0xcc3f2023) mem 0x8000c000 0x00000001
core   0: 0x8000b348 (0xff9ff06f) j       pc - 0x8
core   0: 3 0x8000b348 (0xff9ff06f)
core   0: 0x8000b340 (0x00001f17) auipc   t5, 0x1
core   0: 3 0x8000b340 (0x00001f17) x30 0x8000c340
core   0: 0x8000b344 (0xcc3f2023) sw      gp, -832(t5)
core   0: 3 0x8000b344 (0xcc3f2023) mem 0x8000c000 0x00000001
core   0: 0x8000b348 (0xff9ff06f) j       pc - 0x8
core   0: 3 0x8000b348 (0xff9ff06f)
core   0: 0x8000b340 (0x00001f17) auipc   t5, 0x1
core   0: 3 0x8000b340 (0x00001f17) x30 0x8000c340
core   0: 0x8000b344 (0xcc3f2023) sw      gp, -832(t5)
core   0: 3 0x8000b344 (0xcc3f2023) mem 0x8000c000 0x00000001
core   0: 0x8000b348 (0xff9ff06f) j       pc - 0x8
core   0: 3 0x8000b348 (0xff9ff06f)
core   0: 0x8000b340 (0x00001f17) auipc   t5, 0x1
core   0: 3 0x8000b340 (0x00001f17) x30 0x8000c340
core   0: 0x8000b344 (0xcc3f2023) sw      gp, -832(t5)
core   0: 3 0x8000b344 (0xcc3f2023) mem 0x8000c000 0x00000001
core   0: 0x8000b348 (0xff9ff06f) j       pc - 0x8
core   0: 3 0x8000b348 (0xff9ff06f)
core   0: 0x8000b340 (0x00001f17) auipc   t5, 0x1
core   0: 3 0x8000b340 (0x00001f17) x30 0x8000c340
core   0: 0x8000b344 (0xcc3f2023) sw      gp, -832(t5)
core   0: 3 0x8000b344 (0xcc3f2023) mem 0x8000c000 0x00000001
core   0: 0x8000b348 (0xff9ff06f) j       pc - 0x8
core   0: 3 0x8000b348 (0xff9ff06f)
core   0: 0x8000b340 (0x00001f17) auipc   t5, 0x1
core   0: 3 0x8000b340 (0x00001f17) x30 0x8000c340
core   0: 0x8000b344 (0xcc3f2023) sw      gp, -832(t5)
core   0: 3 0x8000b344 (0xcc3f2023) mem 0x8000c000 0x00000001
core   0: 0x8000b348 (0xff9ff06f) j       pc - 0x8
core   0: 3 0x8000b348 (0xff9ff06f)
core   0: 0x8000b340 (0x00001f17) auipc   t5, 0x1
core   0: 3 0x8000b340 (0x00001f17) x30 0x8000c340
core   0: 0x8000b344 (0xcc3f2023) sw      gp, -832(t5)
core   0: 3 0x8000b344 (0xcc3f2023) mem 0x8000c000 0x00000001
core   0: 0x8000b348 (0xff9ff06f) j       pc - 0x8
core   0: 3 0x8000b348 (0xff9ff06f)
core   0: 0x8000b340 (0x00001f17) auipc   t5, 0x1
core   0: 3 0x8000b340 (0x00001f17) x30 0x8000c340
core   0: 0x8000b344 (0xcc3f2023) sw      gp, -832(t5)
core   0: 3 0x8000b344 (0xcc3f2023) mem 0x8000c000 0x00000001
core   0: 0x8000b348 (0xff9ff06f) j       pc - 0x8
core   0: 3 0x8000b348 (0xff9ff06f)
core   0: 0x8000b340 (0x00001f17) auipc   t5, 0x1
core   0: 3 0x8000b340 (0x00001f17) x30 0x8000c340
core   0: 0x8000b344 (0xcc3f2023) sw      gp, -832(t5)
core   0: 3 0x8000b344 (0xcc3f2023) mem 0x8000c000 0x00000001
core   0: 0x8000b348 (0xff9ff06f) j       pc - 0x8
core   0: 3 0x8000b348 (0xff9ff06f)
core   0: 0x8000b340 (0x00001f17) auipc   t5, 0x1
core   0: 3 0x8000b340 (0x00001f17) x30 0x8000c340
core   0: 0x8000b344 (0xcc3f2023) sw      gp, -832(t5)
core   0: 3 0x8000b344 (0xcc3f2023) mem 0x8000c000 0x00000001
core   0: 0x8000b348 (0xff9ff06f) j       pc - 0x8
core   0: 3 0x8000b348 (0xff9ff06f)
core   0: 0x8000b340 (0x00001f17) auipc   t5, 0x1
core   0: 3 0x8000b340 (0x00001f17) x30 0x8000c340
core   0: 0x8000b344 (0xcc3f2023) sw      gp, -832(t5)
core   0: 3 0x8000b344 (0xcc3f2023) mem 0x8000c000 0x00000001
core   0: 0x8000b348 (0xff9ff06f) j       pc - 0x8
core   0: 3 0x8000b348 (0xff9ff06f)
core   0: 0x8000b340 (0x00001f17) auipc   t5, 0x1
core   0: 3 0x8000b340 (0x00001f17) x30 0x8000c340
core   0: 0x8000b344 (0xcc3f2023) sw      gp, -832(t5)
core   0: 3 0x8000b344 (0xcc3f2023) mem 0x8000c000 0x00000001
core   0: 0x8000b348 (0xff9ff06f) j       pc - 0x8
core   0: 3 0x8000b348 (0xff9ff06f)
core   0: 0x8000b340 (0x00001f17) auipc   t5, 0x1
core   0: 3 0x8000b340 (0x00001f17) x30 0x8000c340
core   0: 0x8000b344 (0xcc3f2023) sw      gp, -832(t5)
core   0: 3 0x8000b344 (0xcc3f2023) mem 0x8000c000 0x00000001
core   0: 0x8000b348 (0xff9ff06f) j       pc - 0x8
core   0: 3 0x8000b348 (0xff9ff06f)
core   0: 0x8000b340 (0x00001f17) auipc   t5, 0x1
core   0: 3 0x8000b340 (0x00001f17) x30 0x8000c340
core   0: 0x8000b344 (0xcc3f2023) sw      gp, -832(t5)
core   0: 3 0x8000b344 (0xcc3f2023) mem 0x8000c000 0x00000001
core   0: 0x8000b348 (0xff9ff06f) j       pc - 0x8
core   0: 3 0x8000b348 (0xff9ff06f)
core   0: 0x8000b340 (0x00001f17) auipc   t5, 0x1
core   0: 3 0x8000b340 (0x00001f17) x30 0x8000c340
core   0: 0x8000b344 (0xcc3f2023) sw      gp, -832(t5)
core   0: 3 0x8000b344 (0xcc3f2023) mem 0x8000c000 0x00000001
core   0: 0x8000b348 (0xff9ff06f) j       pc - 0x8
core   0: 3 0x8000b348 (0xff9ff06f)
core   0: 0x8000b340 (0x00001f17) auipc   t5, 0x1
core   0: 3 0x8000b340 (0x00001f17) x30 0x8000c340
core   0: 0x8000b344 (0xcc3f2023) sw      gp, -832(t5)
core   0: 3 0x8000b344 (0xcc3f2023) mem 0x8000c000 0x00000001
core   0: 0x8000b348 (0xff9ff06f) j       pc - 0x8
core   0: 3 0x8000b348 (0xff9ff06f)
core   0: 0x8000b340 (0x00001f17) auipc   t5, 0x1
core   0: 3 0x8000b340 (0x00001f17) x30 0x8000c340
core   0: 0x8000b344 (0xcc3f2023) sw      gp, -832(t5)
core   0: 3 0x8000b344 (0xcc3f2023) mem 0x8000c000 0x00000001
core   0: 0x8000b348 (0xff9ff06f) j       pc - 0x8
core   0: 3 0x8000b348 (0xff9ff06f)
core   0: 0x8000b340 (0x00001f17) auipc   t5, 0x1
core   0: 3 0x8000b340 (0x00001f17) x30 0x8000c340
core   0: 0x8000b344 (0xcc3f2023) sw      gp, -832(t5)
core   0: 3 0x8000b344 (0xcc3f2023) mem 0x8000c000 0x00000001
core   0: 0x8000b348 (0xff9ff06f) j       pc - 0x8
core   0: 3 0x8000b348 (0xff9ff06f)
core   0: 0x8000b340 (0x00001f17) auipc   t5, 0x1
core   0: 3 0x8000b340 (0x00001f17) x30 0x8000c340
core   0: 0x8000b344 (0xcc3f2023) sw      gp, -832(t5)
core   0: 3 0x8000b344 (0xcc3f2023) mem 0x8000c000 0x00000001
core   0: 0x8000b348 (0xff9ff06f) j       pc - 0x8
core   0: 3 0x8000b348 (0xff9ff06f)
core   0: 0x8000b340 (0x00001f17) auipc   t5, 0x1
core   0: 3 0x8000b340 (0x00001f17) x30 0x8000c340
core   0: 0x8000b344 (0xcc3f2023) sw      gp, -832(t5)
core   0: 3 0x8000b344 (0xcc3f2023) mem 0x8000c000 0x00000001
core   0: 0x8000b348 (0xff9ff06f) j       pc - 0x8
core   0: 3 0x8000b348 (0xff9ff06f)
core   0: 0x8000b340 (0x00001f17) auipc   t5, 0x1
core   0: 3 0x8000b340 (0x00001f17) x30 0x8000c340
core   0: 0x8000b344 (0xcc3f2023) sw      gp, -832(t5)
core   0: 3 0x8000b344 (0xcc3f2023) mem 0x8000c000 0x00000001
core   0: 0x8000b348 (0xff9ff06f) j       pc - 0x8
core   0: 3 0x8000b348 (0xff9ff06f)
core   0: 0x8000b340 (0x00001f17) auipc   t5, 0x1
core   0: 3 0x8000b340 (0x00001f17) x30 0x8000c340
core   0: 0x8000b344 (0xcc3f2023) sw      gp, -832(t5)
core   0: 3 0x8000b344 (0xcc3f2023) mem 0x8000c000 0x00000001
core   0: 0x8000b348 (0xff9ff06f) j       pc - 0x8
core   0: 3 0x8000b348 (0xff9ff06f)
core   0: 0x8000b340 (0x00001f17) auipc   t5, 0x1
core   0: 3 0x8000b340 (0x00001f17) x30 0x8000c340
core   0: 0x8000b344 (0xcc3f2023) sw      gp, -832(t5)
core   0: 3 0x8000b344 (0xcc3f2023) mem 0x8000c000 0x00000001
core   0: 0x8000b348 (0xff9ff06f) j       pc - 0x8
core   0: 3 0x8000b348 (0xff9ff06f)
core   0: 0x8000b340 (0x00001f17) auipc   t5, 0x1
core   0: 3 0x8000b340 (0x00001f17) x30 0x8000c340
core   0: 0x8000b344 (0xcc3f2023) sw      gp, -832(t5)
core   0: 3 0x8000b344 (0xcc3f2023) mem 0x8000c000 0x00000001
core   0: 0x8000b348 (0xff9ff06f) j       pc - 0x8
core   0: 3 0x8000b348 (0xff9ff06f)
core   0: 0x8000b340 (0x00001f17) auipc   t5, 0x1
core   0: 3 0x8000b340 (0x00001f17) x30 0x8000c340
core   0: 0x8000b344 (0xcc3f2023) sw      gp, -832(t5)
core   0: 3 0x8000b344 (0xcc3f2023) mem 0x8000c000 0x00000001
core   0: 0x8000b348 (0xff9ff06f) j       pc - 0x8
core   0: 3 0x8000b348 (0xff9ff06f)
core   0: 0x8000b340 (0x00001f17) auipc   t5, 0x1
core   0: 3 0x8000b340 (0x00001f17) x30 0x8000c340
core   0: 0x8000b344 (0xcc3f2023) sw      gp, -832(t5)
core   0: 3 0x8000b344 (0xcc3f2023) mem 0x8000c000 0x00000001
core   0: 0x8000b348 (0xff9ff06f) j       pc - 0x8
core   0: 3 0x8000b348 (0xff9ff06f)
core   0: 0x8000b340 (0x00001f17) auipc   t5, 0x1
core   0: 3 0x8000b340 (0x00001f17) x30 0x8000c340
core   0: 0x8000b344 (0xcc3f2023) sw      gp, -832(t5)
core   0: 3 0x8000b344 (0xcc3f2023) mem 0x8000c000 0x00000001
core   0: 0x8000b348 (0xff9ff06f) j       pc - 0x8
core   0: 3 0x8000b348 (0xff9ff06f)
core   0: 0x8000b340 (0x00001f17) auipc   t5, 0x1
core   0: 3 0x8000b340 (0x00001f17) x30 0x8000c340
core   0: 0x8000b344 (0xcc3f2023) sw      gp, -832(t5)
core   0: 3 0x8000b344 (0xcc3f2023) mem 0x8000c000 0x00000001
core   0: 0x8000b348 (0xff9ff06f) j       pc - 0x8
core   0: 3 0x8000b348 (0xff9ff06f)
core   0: 0x8000b340 (0x00001f17) auipc   t5, 0x1
core   0: 3 0x8000b340 (0x00001f17) x30 0x8000c340
core   0: 0x8000b344 (0xcc3f2023) sw      gp, -832(t5)
core   0: 3 0x8000b344 (0xcc3f2023) mem 0x8000c000 0x00000001
core   0: 0x8000b348 (0xff9ff06f) j       pc - 0x8
core   0: 3 0x8000b348 (0xff9ff06f)
core   0: 0x8000b340 (0x00001f17) auipc   t5, 0x1
core   0: 3 0x8000b340 (0x00001f17) x30 0x8000c340
core   0: 0x8000b344 (0xcc3f2023) sw      gp, -832(t5)
core   0: 3 0x8000b344 (0xcc3f2023) mem 0x8000c000 0x00000001
core   0: 0x8000b348 (0xff9ff06f) j       pc - 0x8
core   0: 3 0x8000b348 (0xff9ff06f)
core   0: 0x8000b340 (0x00001f17) auipc   t5, 0x1
core   0: 3 0x8000b340 (0x00001f17) x30 0x8000c340
core   0: 0x8000b344 (0xcc3f2023) sw      gp, -832(t5)
core   0: 3 0x8000b344 (0xcc3f2023) mem 0x8000c000 0x00000001
core   0: 0x8000b348 (0xff9ff06f) j       pc - 0x8
core   0: 3 0x8000b348 (0xff9ff06f)
core   0: 0x8000b340 (0x00001f17) auipc   t5, 0x1
core   0: 3 0x8000b340 (0x00001f17) x30 0x8000c340
core   0: 0x8000b344 (0xcc3f2023) sw      gp, -832(t5)
core   0: 3 0x8000b344 (0xcc3f2023) mem 0x8000c000 0x00000001
core   0: 0x8000b348 (0xff9ff06f) j       pc - 0x8
core   0: 3 0x8000b348 (0xff9ff06f)
core   0: 0x8000b340 (0x00001f17) auipc   t5, 0x1
core   0: 3 0x8000b340 (0x00001f17) x30 0x8000c340
core   0: 0x8000b344 (0xcc3f2023) sw      gp, -832(t5)
core   0: 3 0x8000b344 (0xcc3f2023) mem 0x8000c000 0x00000001
core   0: 0x8000b348 (0xff9ff06f) j       pc - 0x8
core   0: 3 0x8000b348 (0xff9ff06f)
core   0: 0x8000b340 (0x00001f17) auipc   t5, 0x1
core   0: 3 0x8000b340 (0x00001f17) x30 0x8000c340
core   0: 0x8000b344 (0xcc3f2023) sw      gp, -832(t5)
core   0: 3 0x8000b344 (0xcc3f2023) mem 0x8000c000 0x00000001
core   0: 0x8000b348 (0xff9ff06f) j       pc - 0x8
core   0: 3 0x8000b348 (0xff9ff06f)
core   0: 0x8000b340 (0x00001f17) auipc   t5, 0x1
core   0: 3 0x8000b340 (0x00001f17) x30 0x8000c340
core   0: 0x8000b344 (0xcc3f2023) sw      gp, -832(t5)
core   0: 3 0x8000b344 (0xcc3f2023) mem 0x8000c000 0x00000001
core   0: 0x8000b348 (0xff9ff06f) j       pc - 0x8
core   0: 3 0x8000b348 (0xff9ff06f)
core   0: 0x8000b340 (0x00001f17) auipc   t5, 0x1
core   0: 3 0x8000b340 (0x00001f17) x30 0x8000c340
core   0: 0x8000b344 (0xcc3f2023) sw      gp, -832(t5)
core   0: 3 0x8000b344 (0xcc3f2023) mem 0x8000c000 0x00000001
core   0: 0x8000b348 (0xff9ff06f) j       pc - 0x8
core   0: 3 0x8000b348 (0xff9ff06f)
core   0: 0x8000b340 (0x00001f17) auipc   t5, 0x1
core   0: 3 0x8000b340 (0x00001f17) x30 0x8000c340
core   0: 0x8000b344 (0xcc3f2023) sw      gp, -832(t5)
core   0: 3 0x8000b344 (0xcc3f2023) mem 0x8000c000 0x00000001
core   0: 0x8000b348 (0xff9ff06f) j       pc - 0x8
core   0: 3 0x8000b348 (0xff9ff06f)
core   0: 0x8000b340 (0x00001f17) auipc   t5, 0x1
core   0: 3 0x8000b340 (0x00001f17) x30 0x8000c340
core   0: 0x8000b344 (0xcc3f2023) sw      gp, -832(t5)
core   0: 3 0x8000b344 (0xcc3f2023) mem 0x8000c000 0x00000001
core   0: 0x8000b348 (0xff9ff06f) j       pc - 0x8
core   0: 3 0x8000b348 (0xff9ff06f)
core   0: 0x8000b340 (0x00001f17) auipc   t5, 0x1
core   0: 3 0x8000b340 (0x00001f17) x30 0x8000c340
core   0: 0x8000b344 (0xcc3f2023) sw      gp, -832(t5)
core   0: 3 0x8000b344 (0xcc3f2023) mem 0x8000c000 0x00000001
core   0: 0x8000b348 (0xff9ff06f) j       pc - 0x8
core   0: 3 0x8000b348 (0xff9ff06f)
core   0: 0x8000b340 (0x00001f17) auipc   t5, 0x1
core   0: 3 0x8000b340 (0x00001f17) x30 0x8000c340
core   0: 0x8000b344 (0xcc3f2023) sw      gp, -832(t5)
core   0: 3 0x8000b344 (0xcc3f2023) mem 0x8000c000 0x00000001
core   0: 0x8000b348 (0xff9ff06f) j       pc - 0x8
core   0: 3 0x8000b348 (0xff9ff06f)
core   0: 0x8000b340 (0x00001f17) auipc   t5, 0x1
core   0: 3 0x8000b340 (0x00001f17) x30 0x8000c340
core   0: 0x8000b344 (0xcc3f2023) sw      gp, -832(t5)
core   0: 3 0x8000b344 (0xcc3f2023) mem 0x8000c000 0x00000001
core   0: 0x8000b348 (0xff9ff06f) j       pc - 0x8
core   0: 3 0x8000b348 (0xff9ff06f)
core   0: 0x8000b340 (0x00001f17) auipc   t5, 0x1
core   0: 3 0x8000b340 (0x00001f17) x30 0x8000c340
core   0: 0x8000b344 (0xcc3f2023) sw      gp, -832(t5)
core   0: 3 0x8000b344 (0xcc3f2023) mem 0x8000c000 0x00000001
core   0: 0x8000b348 (0xff9ff06f) j       pc - 0x8
core   0: 3 0x8000b348 (0xff9ff06f)
core   0: 0x8000b340 (0x00001f17) auipc   t5, 0x1
core   0: 3 0x8000b340 (0x00001f17) x30 0x8000c340
core   0: 0x8000b344 (0xcc3f2023) sw      gp, -832(t5)
core   0: 3 0x8000b344 (0xcc3f2023) mem 0x8000c000 0x00000001
core   0: 0x8000b348 (0xff9ff06f) j       pc - 0x8
core   0: 3 0x8000b348 (0xff9ff06f)
core   0: 0x8000b340 (0x00001f17) auipc   t5, 0x1
core   0: 3 0x8000b340 (0x00001f17) x30 0x8000c340
core   0: 0x8000b344 (0xcc3f2023) sw      gp, -832(t5)
core   0: 3 0x8000b344 (0xcc3f2023) mem 0x8000c000 0x00000001
core   0: 0x8000b348 (0xff9ff06f) j       pc - 0x8
core   0: 3 0x8000b348 (0xff9ff06f)
core   0: 0x8000b340 (0x00001f17) auipc   t5, 0x1
core   0: 3 0x8000b340 (0x00001f17) x30 0x8000c340
core   0: 0x8000b344 (0xcc3f2023) sw      gp, -832(t5)
core   0: 3 0x8000b344 (0xcc3f2023) mem 0x8000c000 0x00000001
core   0: 0x8000b348 (0xff9ff06f) j       pc - 0x8
core   0: 3 0x8000b348 (0xff9ff06f)
core   0: 0x8000b340 (0x00001f17) auipc   t5, 0x1
core   0: 3 0x8000b340 (0x00001f17) x30 0x8000c340
core   0: 0x8000b344 (0xcc3f2023) sw      gp, -832(t5)
core   0: 3 0x8000b344 (0xcc3f2023) mem 0x8000c000 0x00000001
core   0: 0x8000b348 (0xff9ff06f) j       pc - 0x8
core   0: 3 0x8000b348 (0xff9ff06f)
core   0: 0x8000b340 (0x00001f17) auipc   t5, 0x1
core   0: 3 0x8000b340 (0x00001f17) x30 0x8000c340
core   0: 0x8000b344 (0xcc3f2023) sw      gp, -832(t5)
core   0: 3 0x8000b344 (0xcc3f2023) mem 0x8000c000 0x00000001
core   0: 0x8000b348 (0xff9ff06f) j       pc - 0x8
core   0: 3 0x8000b348 (0xff9ff06f)
core   0: 0x8000b340 (0x00001f17) auipc   t5, 0x1
core   0: 3 0x8000b340 (0x00001f17) x30 0x8000c340
core   0: 0x8000b344 (0xcc3f2023) sw      gp, -832(t5)
core   0: 3 0x8000b344 (0xcc3f2023) mem 0x8000c000 0x00000001
core   0: 0x8000b348 (0xff9ff06f) j       pc - 0x8
core   0: 3 0x8000b348 (0xff9ff06f)
core   0: 0x8000b340 (0x00001f17) auipc   t5, 0x1
core   0: 3 0x8000b340 (0x00001f17) x30 0x8000c340
core   0: 0x8000b344 (0xcc3f2023) sw      gp, -832(t5)
core   0: 3 0x8000b344 (0xcc3f2023) mem 0x8000c000 0x00000001
core   0: 0x8000b348 (0xff9ff06f) j       pc - 0x8
core   0: 3 0x8000b348 (0xff9ff06f)
core   0: 0x8000b340 (0x00001f17) auipc   t5, 0x1
core   0: 3 0x8000b340 (0x00001f17) x30 0x8000c340
core   0: 0x8000b344 (0xcc3f2023) sw      gp, -832(t5)
core   0: 3 0x8000b344 (0xcc3f2023) mem 0x8000c000 0x00000001
core   0: 0x8000b348 (0xff9ff06f) j       pc - 0x8
core   0: 3 0x8000b348 (0xff9ff06f)
core   0: 0x8000b340 (0x00001f17) auipc   t5, 0x1
core   0: 3 0x8000b340 (0x00001f17) x30 0x8000c340
core   0: 0x8000b344 (0xcc3f2023) sw      gp, -832(t5)
core   0: 3 0x8000b344 (0xcc3f2023) mem 0x8000c000 0x00000001
core   0: 0x8000b348 (0xff9ff06f) j       pc - 0x8
core   0: 3 0x8000b348 (0xff9ff06f)
core   0: 0x8000b340 (0x00001f17) auipc   t5, 0x1
core   0: 3 0x8000b340 (0x00001f17) x30 0x8000c340
core   0: 0x8000b344 (0xcc3f2023) sw      gp, -832(t5)
core   0: 3 0x8000b344 (0xcc3f2023) mem 0x8000c000 0x00000001
core   0: 0x8000b348 (0xff9ff06f) j       pc - 0x8
core   0: 3 0x8000b348 (0xff9ff06f)
core   0: 0x8000b340 (0x00001f17) auipc   t5, 0x1
core   0: 3 0x8000b340 (0x00001f17) x30 0x8000c340
core   0: 0x8000b344 (0xcc3f2023) sw      gp, -832(t5)
core   0: 3 0x8000b344 (0xcc3f2023) mem 0x8000c000 0x00000001
core   0: 0x8000b348 (0xff9ff06f) j       pc - 0x8
core   0: 3 0x8000b348 (0xff9ff06f)
core   0: 0x8000b340 (0x00001f17) auipc   t5, 0x1
core   0: 3 0x8000b340 (0x00001f17) x30 0x8000c340
core   0: 0x8000b344 (0xcc3f2023) sw      gp, -832(t5)
core   0: 3 0x8000b344 (0xcc3f2023) mem 0x8000c000 0x00000001
core   0: 0x8000b348 (0xff9ff06f) j       pc - 0x8
core   0: 3 0x8000b348 (0xff9ff06f)
core   0: 0x8000b340 (0x00001f17) auipc   t5, 0x1
core   0: 3 0x8000b340 (0x00001f17) x30 0x8000c340
core   0: 0x8000b344 (0xcc3f2023) sw      gp, -832(t5)
core   0: 3 0x8000b344 (0xcc3f2023) mem 0x8000c000 0x00000001
core   0: 0x8000b348 (0xff9ff06f) j       pc - 0x8
core   0: 3 0x8000b348 (0xff9ff06f)
core   0: 0x8000b340 (0x00001f17) auipc   t5, 0x1
core   0: 3 0x8000b340 (0x00001f17) x30 0x8000c340
core   0: 0x8000b344 (0xcc3f2023) sw      gp, -832(t5)
core   0: 3 0x8000b344 (0xcc3f2023) mem 0x8000c000 0x00000001
core   0: 0x8000b348 (0xff9ff06f) j       pc - 0x8
core   0: 3 0x8000b348 (0xff9ff06f)
core   0: 0x8000b340 (0x00001f17) auipc   t5, 0x1
core   0: 3 0x8000b340 (0x00001f17) x30 0x8000c340
core   0: 0x8000b344 (0xcc3f2023) sw      gp, -832(t5)
core   0: 3 0x8000b344 (0xcc3f2023) mem 0x8000c000 0x00000001
core   0: 0x8000b348 (0xff9ff06f) j       pc - 0x8
core   0: 3 0x8000b348 (0xff9ff06f)
core   0: 0x8000b340 (0x00001f17) auipc   t5, 0x1
core   0: 3 0x8000b340 (0x00001f17) x30 0x8000c340
core   0: 0x8000b344 (0xcc3f2023) sw      gp, -832(t5)
core   0: 3 0x8000b344 (0xcc3f2023) mem 0x8000c000 0x00000001
core   0: 0x8000b348 (0xff9ff06f) j       pc - 0x8
core   0: 3 0x8000b348 (0xff9ff06f)
core   0: 0x8000b340 (0x00001f17) auipc   t5, 0x1
core   0: 3 0x8000b340 (0x00001f17) x30 0x8000c340
core   0: 0x8000b344 (0xcc3f2023) sw      gp, -832(t5)
core   0: 3 0x8000b344 (0xcc3f2023) mem 0x8000c000 0x00000001
core   0: 0x8000b348 (0xff9ff06f) j       pc - 0x8
core   0: 3 0x8000b348 (0xff9ff06f)
core   0: 0x8000b340 (0x00001f17) auipc   t5, 0x1
core   0: 3 0x8000b340 (0x00001f17) x30 0x8000c340
core   0: 0x8000b344 (0xcc3f2023) sw      gp, -832(t5)
core   0: 3 0x8000b344 (0xcc3f2023) mem 0x8000c000 0x00000001
core   0: 0x8000b348 (0xff9ff06f) j       pc - 0x8
core   0: 3 0x8000b348 (0xff9ff06f)
core   0: 0x8000b340 (0x00001f17) auipc   t5, 0x1
core   0: 3 0x8000b340 (0x00001f17) x30 0x8000c340
core   0: 0x8000b344 (0xcc3f2023) sw      gp, -832(t5)
core   0: 3 0x8000b344 (0xcc3f2023) mem 0x8000c000 0x00000001
core   0: 0x8000b348 (0xff9ff06f) j       pc - 0x8
core   0: 3 0x8000b348 (0xff9ff06f)
core   0: 0x8000b340 (0x00001f17) auipc   t5, 0x1
core   0: 3 0x8000b340 (0x00001f17) x30 0x8000c340
core   0: 0x8000b344 (0xcc3f2023) sw      gp, -832(t5)
core   0: 3 0x8000b344 (0xcc3f2023) mem 0x8000c000 0x00000001
core   0: 0x8000b348 (0xff9ff06f) j       pc - 0x8
core   0: 3 0x8000b348 (0xff9ff06f)
core   0: 0x8000b340 (0x00001f17) auipc   t5, 0x1
core   0: 3 0x8000b340 (0x00001f17) x30 0x8000c340
core   0: 0x8000b344 (0xcc3f2023) sw      gp, -832(t5)
core   0: 3 0x8000b344 (0xcc3f2023) mem 0x8000c000 0x00000001
core   0: 0x8000b348 (0xff9ff06f) j       pc - 0x8
core   0: 3 0x8000b348 (0xff9ff06f)
core   0: 0x8000b340 (0x00001f17) auipc   t5, 0x1
core   0: 3 0x8000b340 (0x00001f17) x30 0x8000c340
core   0: 0x8000b344 (0xcc3f2023) sw      gp, -832(t5)
core   0: 3 0x8000b344 (0xcc3f2023) mem 0x8000c000 0x00000001
core   0: 0x8000b348 (0xff9ff06f) j       pc - 0x8
core   0: 3 0x8000b348 (0xff9ff06f)
core   0: 0x8000b340 (0x00001f17) auipc   t5, 0x1
core   0: 3 0x8000b340 (0x00001f17) x30 0x8000c340
core   0: 0x8000b344 (0xcc3f2023) sw      gp, -832(t5)
core   0: 3 0x8000b344 (0xcc3f2023) mem 0x8000c000 0x00000001
core   0: 0x8000b348 (0xff9ff06f) j       pc - 0x8
core   0: 3 0x8000b348 (0xff9ff06f)
core   0: 0x8000b340 (0x00001f17) auipc   t5, 0x1
core   0: 3 0x8000b340 (0x00001f17) x30 0x8000c340
core   0: 0x8000b344 (0xcc3f2023) sw      gp, -832(t5)
core   0: 3 0x8000b344 (0xcc3f2023) mem 0x8000c000 0x00000001
core   0: 0x8000b348 (0xff9ff06f) j       pc - 0x8
core   0: 3 0x8000b348 (0xff9ff06f)
core   0: 0x8000b340 (0x00001f17) auipc   t5, 0x1
core   0: 3 0x8000b340 (0x00001f17) x30 0x8000c340
core   0: 0x8000b344 (0xcc3f2023) sw      gp, -832(t5)
core   0: 3 0x8000b344 (0xcc3f2023) mem 0x8000c000 0x00000001
core   0: 0x8000b348 (0xff9ff06f) j       pc - 0x8
core   0: 3 0x8000b348 (0xff9ff06f)
core   0: 0x8000b340 (0x00001f17) auipc   t5, 0x1
core   0: 3 0x8000b340 (0x00001f17) x30 0x8000c340
core   0: 0x8000b344 (0xcc3f2023) sw      gp, -832(t5)
core   0: 3 0x8000b344 (0xcc3f2023) mem 0x8000c000 0x00000001
core   0: 0x8000b348 (0xff9ff06f) j       pc - 0x8
core   0: 3 0x8000b348 (0xff9ff06f)
core   0: 0x8000b340 (0x00001f17) auipc   t5, 0x1
core   0: 3 0x8000b340 (0x00001f17) x30 0x8000c340
core   0: 0x8000b344 (0xcc3f2023) sw      gp, -832(t5)
core   0: 3 0x8000b344 (0xcc3f2023) mem 0x8000c000 0x00000001
core   0: 0x8000b348 (0xff9ff06f) j       pc - 0x8
core   0: 3 0x8000b348 (0xff9ff06f)
core   0: 0x8000b340 (0x00001f17) auipc   t5, 0x1
core   0: 3 0x8000b340 (0x00001f17) x30 0x8000c340
core   0: 0x8000b344 (0xcc3f2023) sw      gp, -832(t5)
core   0: 3 0x8000b344 (0xcc3f2023) mem 0x8000c000 0x00000001
core   0: 0x8000b348 (0xff9ff06f) j       pc - 0x8
core   0: 3 0x8000b348 (0xff9ff06f)
core   0: 0x8000b340 (0x00001f17) auipc   t5, 0x1
core   0: 3 0x8000b340 (0x00001f17) x30 0x8000c340
core   0: 0x8000b344 (0xcc3f2023) sw      gp, -832(t5)
core   0: 3 0x8000b344 (0xcc3f2023) mem 0x8000c000 0x00000001
core   0: 0x8000b348 (0xff9ff06f) j       pc - 0x8
core   0: 3 0x8000b348 (0xff9ff06f)
core   0: 0x8000b340 (0x00001f17) auipc   t5, 0x1
core   0: 3 0x8000b340 (0x00001f17) x30 0x8000c340
core   0: 0x8000b344 (0xcc3f2023) sw      gp, -832(t5)
core   0: 3 0x8000b344 (0xcc3f2023) mem 0x8000c000 0x00000001
core   0: 0x8000b348 (0xff9ff06f) j       pc - 0x8
core   0: 3 0x8000b348 (0xff9ff06f)
core   0: 0x8000b340 (0x00001f17) auipc   t5, 0x1
core   0: 3 0x8000b340 (0x00001f17) x30 0x8000c340
core   0: 0x8000b344 (0xcc3f2023) sw      gp, -832(t5)
core   0: 3 0x8000b344 (0xcc3f2023) mem 0x8000c000 0x00000001
core   0: 0x8000b348 (0xff9ff06f) j       pc - 0x8
core   0: 3 0x8000b348 (0xff9ff06f)
core   0: 0x8000b340 (0x00001f17) auipc   t5, 0x1
core   0: 3 0x8000b340 (0x00001f17) x30 0x8000c340
core   0: 0x8000b344 (0xcc3f2023) sw      gp, -832(t5)
core   0: 3 0x8000b344 (0xcc3f2023) mem 0x8000c000 0x00000001
core   0: 0x8000b348 (0xff9ff06f) j       pc - 0x8
core   0: 3 0x8000b348 (0xff9ff06f)
core   0: 0x8000b340 (0x00001f17) auipc   t5, 0x1
core   0: 3 0x8000b340 (0x00001f17) x30 0x8000c340
core   0: 0x8000b344 (0xcc3f2023) sw      gp, -832(t5)
core   0: 3 0x8000b344 (0xcc3f2023) mem 0x8000c000 0x00000001
core   0: 0x8000b348 (0xff9ff06f) j       pc - 0x8
core   0: 3 0x8000b348 (0xff9ff06f)
core   0: 0x8000b340 (0x00001f17) auipc   t5, 0x1
core   0: 3 0x8000b340 (0x00001f17) x30 0x8000c340
core   0: 0x8000b344 (0xcc3f2023) sw      gp, -832(t5)
core   0: 3 0x8000b344 (0xcc3f2023) mem 0x8000c000 0x00000001
core   0: 0x8000b348 (0xff9ff06f) j       pc - 0x8
core   0: 3 0x8000b348 (0xff9ff06f)
core   0: 0x8000b340 (0x00001f17) auipc   t5, 0x1
core   0: 3 0x8000b340 (0x00001f17) x30 0x8000c340
core   0: 0x8000b344 (0xcc3f2023) sw      gp, -832(t5)
core   0: 3 0x8000b344 (0xcc3f2023) mem 0x8000c000 0x00000001
core   0: 0x8000b348 (0xff9ff06f) j       pc - 0x8
core   0: 3 0x8000b348 (0xff9ff06f)
core   0: 0x8000b340 (0x00001f17) auipc   t5, 0x1
core   0: 3 0x8000b340 (0x00001f17) x30 0x8000c340
core   0: 0x8000b344 (0xcc3f2023) sw      gp, -832(t5)
core   0: 3 0x8000b344 (0xcc3f2023) mem 0x8000c000 0x00000001
core   0: 0x8000b348 (0xff9ff06f) j       pc - 0x8
core   0: 3 0x8000b348 (0xff9ff06f)
core   0: 0x8000b340 (0x00001f17) auipc   t5, 0x1
core   0: 3 0x8000b340 (0x00001f17) x30 0x8000c340
core   0: 0x8000b344 (0xcc3f2023) sw      gp, -832(t5)
core   0: 3 0x8000b344 (0xcc3f2023) mem 0x8000c000 0x00000001
core   0: 0x8000b348 (0xff9ff06f) j       pc - 0x8
core   0: 3 0x8000b348 (0xff9ff06f)
core   0: 0x8000b340 (0x00001f17) auipc   t5, 0x1
core   0: 3 0x8000b340 (0x00001f17) x30 0x8000c340
core   0: 0x8000b344 (0xcc3f2023) sw      gp, -832(t5)
core   0: 3 0x8000b344 (0xcc3f2023) mem 0x8000c000 0x00000001
core   0: 0x8000b348 (0xff9ff06f) j       pc - 0x8
core   0: 3 0x8000b348 (0xff9ff06f)
core   0: 0x8000b340 (0x00001f17) auipc   t5, 0x1
core   0: 3 0x8000b340 (0x00001f17) x30 0x8000c340
core   0: 0x8000b344 (0xcc3f2023) sw      gp, -832(t5)
core   0: 3 0x8000b344 (0xcc3f2023) mem 0x8000c000 0x00000001
core   0: 0x8000b348 (0xff9ff06f) j       pc - 0x8
core   0: 3 0x8000b348 (0xff9ff06f)
core   0: 0x8000b340 (0x00001f17) auipc   t5, 0x1
core   0: 3 0x8000b340 (0x00001f17) x30 0x8000c340
core   0: 0x8000b344 (0xcc3f2023) sw      gp, -832(t5)
core   0: 3 0x8000b344 (0xcc3f2023) mem 0x8000c000 0x00000001
core   0: 0x8000b348 (0xff9ff06f) j       pc - 0x8
core   0: 3 0x8000b348 (0xff9ff06f)
core   0: 0x8000b340 (0x00001f17) auipc   t5, 0x1
core   0: 3 0x8000b340 (0x00001f17) x30 0x8000c340
core   0: 0x8000b344 (0xcc3f2023) sw      gp, -832(t5)
core   0: 3 0x8000b344 (0xcc3f2023) mem 0x8000c000 0x00000001
core   0: 0x8000b348 (0xff9ff06f) j       pc - 0x8
core   0: 3 0x8000b348 (0xff9ff06f)
core   0: 0x8000b340 (0x00001f17) auipc   t5, 0x1
core   0: 3 0x8000b340 (0x00001f17) x30 0x8000c340
core   0: 0x8000b344 (0xcc3f2023) sw      gp, -832(t5)
core   0: 3 0x8000b344 (0xcc3f2023) mem 0x8000c000 0x00000001
core   0: 0x8000b348 (0xff9ff06f) j       pc - 0x8
core   0: 3 0x8000b348 (0xff9ff06f)
core   0: 0x8000b340 (0x00001f17) auipc   t5, 0x1
core   0: 3 0x8000b340 (0x00001f17) x30 0x8000c340
core   0: 0x8000b344 (0xcc3f2023) sw      gp, -832(t5)
core   0: 3 0x8000b344 (0xcc3f2023) mem 0x8000c000 0x00000001
core   0: 0x8000b348 (0xff9ff06f) j       pc - 0x8
core   0: 3 0x8000b348 (0xff9ff06f)
core   0: 0x8000b340 (0x00001f17) auipc   t5, 0x1
core   0: 3 0x8000b340 (0x00001f17) x30 0x8000c340
core   0: 0x8000b344 (0xcc3f2023) sw      gp, -832(t5)
core   0: 3 0x8000b344 (0xcc3f2023) mem 0x8000c000 0x00000001
core   0: 0x8000b348 (0xff9ff06f) j       pc - 0x8
core   0: 3 0x8000b348 (0xff9ff06f)
core   0: 0x8000b340 (0x00001f17) auipc   t5, 0x1
core   0: 3 0x8000b340 (0x00001f17) x30 0x8000c340
core   0: 0x8000b344 (0xcc3f2023) sw      gp, -832(t5)
core   0: 3 0x8000b344 (0xcc3f2023) mem 0x8000c000 0x00000001
core   0: 0x8000b348 (0xff9ff06f) j       pc - 0x8
core   0: 3 0x8000b348 (0xff9ff06f)
core   0: 0x8000b340 (0x00001f17) auipc   t5, 0x1
core   0: 3 0x8000b340 (0x00001f17) x30 0x8000c340
core   0: 0x8000b344 (0xcc3f2023) sw      gp, -832(t5)
core   0: 3 0x8000b344 (0xcc3f2023) mem 0x8000c000 0x00000001
core   0: 0x8000b348 (0xff9ff06f) j       pc - 0x8
core   0: 3 0x8000b348 (0xff9ff06f)
core   0: 0x8000b340 (0x00001f17) auipc   t5, 0x1
core   0: 3 0x8000b340 (0x00001f17) x30 0x8000c340
core   0: 0x8000b344 (0xcc3f2023) sw      gp, -832(t5)
core   0: 3 0x8000b344 (0xcc3f2023) mem 0x8000c000 0x00000001
core   0: 0x8000b348 (0xff9ff06f) j       pc - 0x8
core   0: 3 0x8000b348 (0xff9ff06f)
core   0: 0x8000b340 (0x00001f17) auipc   t5, 0x1
core   0: 3 0x8000b340 (0x00001f17) x30 0x8000c340
core   0: 0x8000b344 (0xcc3f2023) sw      gp, -832(t5)
core   0: 3 0x8000b344 (0xcc3f2023) mem 0x8000c000 0x00000001
core   0: 0x8000b348 (0xff9ff06f) j       pc - 0x8
core   0: 3 0x8000b348 (0xff9ff06f)
core   0: 0x8000b340 (0x00001f17) auipc   t5, 0x1
core   0: 3 0x8000b340 (0x00001f17) x30 0x8000c340
core   0: 0x8000b344 (0xcc3f2023) sw      gp, -832(t5)
core   0: 3 0x8000b344 (0xcc3f2023) mem 0x8000c000 0x00000001
core   0: 0x8000b348 (0xff9ff06f) j       pc - 0x8
core   0: 3 0x8000b348 (0xff9ff06f)
core   0: 0x8000b340 (0x00001f17) auipc   t5, 0x1
core   0: 3 0x8000b340 (0x00001f17) x30 0x8000c340
core   0: 0x8000b344 (0xcc3f2023) sw      gp, -832(t5)
core   0: 3 0x8000b344 (0xcc3f2023) mem 0x8000c000 0x00000001
core   0: 0x8000b348 (0xff9ff06f) j       pc - 0x8
core   0: 3 0x8000b348 (0xff9ff06f)
core   0: 0x8000b340 (0x00001f17) auipc   t5, 0x1
core   0: 3 0x8000b340 (0x00001f17) x30 0x8000c340
core   0: 0x8000b344 (0xcc3f2023) sw      gp, -832(t5)
core   0: 3 0x8000b344 (0xcc3f2023) mem 0x8000c000 0x00000001
core   0: 0x8000b348 (0xff9ff06f) j       pc - 0x8
core   0: 3 0x8000b348 (0xff9ff06f)
core   0: 0x8000b340 (0x00001f17) auipc   t5, 0x1
core   0: 3 0x8000b340 (0x00001f17) x30 0x8000c340
core   0: 0x8000b344 (0xcc3f2023) sw      gp, -832(t5)
core   0: 3 0x8000b344 (0xcc3f2023) mem 0x8000c000 0x00000001
core   0: 0x8000b348 (0xff9ff06f) j       pc - 0x8
core   0: 3 0x8000b348 (0xff9ff06f)
core   0: 0x8000b340 (0x00001f17) auipc   t5, 0x1
core   0: 3 0x8000b340 (0x00001f17) x30 0x8000c340
core   0: 0x8000b344 (0xcc3f2023) sw      gp, -832(t5)
core   0: 3 0x8000b344 (0xcc3f2023) mem 0x8000c000 0x00000001
core   0: 0x8000b348 (0xff9ff06f) j       pc - 0x8
core   0: 3 0x8000b348 (0xff9ff06f)
core   0: 0x8000b340 (0x00001f17) auipc   t5, 0x1
core   0: 3 0x8000b340 (0x00001f17) x30 0x8000c340
core   0: 0x8000b344 (0xcc3f2023) sw      gp, -832(t5)
core   0: 3 0x8000b344 (0xcc3f2023) mem 0x8000c000 0x00000001
core   0: 0x8000b348 (0xff9ff06f) j       pc - 0x8
core   0: 3 0x8000b348 (0xff9ff06f)
core   0: 0x8000b340 (0x00001f17) auipc   t5, 0x1
core   0: 3 0x8000b340 (0x00001f17) x30 0x8000c340
core   0: 0x8000b344 (0xcc3f2023) sw      gp, -832(t5)
core   0: 3 0x8000b344 (0xcc3f2023) mem 0x8000c000 0x00000001
core   0: 0x8000b348 (0xff9ff06f) j       pc - 0x8
core   0: 3 0x8000b348 (0xff9ff06f)
core   0: 0x8000b340 (0x00001f17) auipc   t5, 0x1
core   0: 3 0x8000b340 (0x00001f17) x30 0x8000c340
core   0: 0x8000b344 (0xcc3f2023) sw      gp, -832(t5)
core   0: 3 0x8000b344 (0xcc3f2023) mem 0x8000c000 0x00000001
core   0: 0x8000b348 (0xff9ff06f) j       pc - 0x8
core   0: 3 0x8000b348 (0xff9ff06f)
core   0: 0x8000b340 (0x00001f17) auipc   t5, 0x1
core   0: 3 0x8000b340 (0x00001f17) x30 0x8000c340
core   0: 0x8000b344 (0xcc3f2023) sw      gp, -832(t5)
core   0: 3 0x8000b344 (0xcc3f2023) mem 0x8000c000 0x00000001
core   0: 0x8000b348 (0xff9ff06f) j       pc - 0x8
core   0: 3 0x8000b348 (0xff9ff06f)
core   0: 0x8000b340 (0x00001f17) auipc   t5, 0x1
core   0: 3 0x8000b340 (0x00001f17) x30 0x8000c340
core   0: 0x8000b344 (0xcc3f2023) sw      gp, -832(t5)
core   0: 3 0x8000b344 (0xcc3f2023) mem 0x8000c000 0x00000001
core   0: 0x8000b348 (0xff9ff06f) j       pc - 0x8
core   0: 3 0x8000b348 (0xff9ff06f)
core   0: 0x8000b340 (0x00001f17) auipc   t5, 0x1
core   0: 3 0x8000b340 (0x00001f17) x30 0x8000c340
core   0: 0x8000b344 (0xcc3f2023) sw      gp, -832(t5)
core   0: 3 0x8000b344 (0xcc3f2023) mem 0x8000c000 0x00000001
core   0: 0x8000b348 (0xff9ff06f) j       pc - 0x8
core   0: 3 0x8000b348 (0xff9ff06f)
core   0: 0x8000b340 (0x00001f17) auipc   t5, 0x1
core   0: 3 0x8000b340 (0x00001f17) x30 0x8000c340
core   0: 0x8000b344 (0xcc3f2023) sw      gp, -832(t5)
core   0: 3 0x8000b344 (0xcc3f2023) mem 0x8000c000 0x00000001
core   0: 0x8000b348 (0xff9ff06f) j       pc - 0x8
core   0: 3 0x8000b348 (0xff9ff06f)
core   0: 0x8000b340 (0x00001f17) auipc   t5, 0x1
core   0: 3 0x8000b340 (0x00001f17) x30 0x8000c340
core   0: 0x8000b344 (0xcc3f2023) sw      gp, -832(t5)
core   0: 3 0x8000b344 (0xcc3f2023) mem 0x8000c000 0x00000001
core   0: 0x8000b348 (0xff9ff06f) j       pc - 0x8
core   0: 3 0x8000b348 (0xff9ff06f)
core   0: 0x8000b340 (0x00001f17) auipc   t5, 0x1
core   0: 3 0x8000b340 (0x00001f17) x30 0x8000c340
core   0: 0x8000b344 (0xcc3f2023) sw      gp, -832(t5)
core   0: 3 0x8000b344 (0xcc3f2023) mem 0x8000c000 0x00000001
core   0: 0x8000b348 (0xff9ff06f) j       pc - 0x8
core   0: 3 0x8000b348 (0xff9ff06f)
core   0: 0x8000b340 (0x00001f17) auipc   t5, 0x1
core   0: 3 0x8000b340 (0x00001f17) x30 0x8000c340
core   0: 0x8000b344 (0xcc3f2023) sw      gp, -832(t5)
core   0: 3 0x8000b344 (0xcc3f2023) mem 0x8000c000 0x00000001
core   0: 0x8000b348 (0xff9ff06f) j       pc - 0x8
core   0: 3 0x8000b348 (0xff9ff06f)
core   0: 0x8000b340 (0x00001f17) auipc   t5, 0x1
core   0: 3 0x8000b340 (0x00001f17) x30 0x8000c340
core   0: 0x8000b344 (0xcc3f2023) sw      gp, -832(t5)
core   0: 3 0x8000b344 (0xcc3f2023) mem 0x8000c000 0x00000001
core   0: 0x8000b348 (0xff9ff06f) j       pc - 0x8
core   0: 3 0x8000b348 (0xff9ff06f)
core   0: 0x8000b340 (0x00001f17) auipc   t5, 0x1
core   0: 3 0x8000b340 (0x00001f17) x30 0x8000c340
core   0: 0x8000b344 (0xcc3f2023) sw      gp, -832(t5)
core   0: 3 0x8000b344 (0xcc3f2023) mem 0x8000c000 0x00000001
core   0: 0x8000b348 (0xff9ff06f) j       pc - 0x8
core   0: 3 0x8000b348 (0xff9ff06f)
core   0: 0x8000b340 (0x00001f17) auipc   t5, 0x1
core   0: 3 0x8000b340 (0x00001f17) x30 0x8000c340
core   0: 0x8000b344 (0xcc3f2023) sw      gp, -832(t5)
core   0: 3 0x8000b344 (0xcc3f2023) mem 0x8000c000 0x00000001
core   0: 0x8000b348 (0xff9ff06f) j       pc - 0x8
core   0: 3 0x8000b348 (0xff9ff06f)
core   0: 0x8000b340 (0x00001f17) auipc   t5, 0x1
core   0: 3 0x8000b340 (0x00001f17) x30 0x8000c340
core   0: 0x8000b344 (0xcc3f2023) sw      gp, -832(t5)
core   0: 3 0x8000b344 (0xcc3f2023) mem 0x8000c000 0x00000001
core   0: 0x8000b348 (0xff9ff06f) j       pc - 0x8
core   0: 3 0x8000b348 (0xff9ff06f)
core   0: 0x8000b340 (0x00001f17) auipc   t5, 0x1
core   0: 3 0x8000b340 (0x00001f17) x30 0x8000c340
core   0: 0x8000b344 (0xcc3f2023) sw      gp, -832(t5)
core   0: 3 0x8000b344 (0xcc3f2023) mem 0x8000c000 0x00000001
core   0: 0x8000b348 (0xff9ff06f) j       pc - 0x8
core   0: 3 0x8000b348 (0xff9ff06f)
core   0: 0x8000b340 (0x00001f17) auipc   t5, 0x1
core   0: 3 0x8000b340 (0x00001f17) x30 0x8000c340
core   0: 0x8000b344 (0xcc3f2023) sw      gp, -832(t5)
core   0: 3 0x8000b344 (0xcc3f2023) mem 0x8000c000 0x00000001
core   0: 0x8000b348 (0xff9ff06f) j       pc - 0x8
core   0: 3 0x8000b348 (0xff9ff06f)
core   0: 0x8000b340 (0x00001f17) auipc   t5, 0x1
core   0: 3 0x8000b340 (0x00001f17) x30 0x8000c340
core   0: 0x8000b344 (0xcc3f2023) sw      gp, -832(t5)
core   0: 3 0x8000b344 (0xcc3f2023) mem 0x8000c000 0x00000001
core   0: 0x8000b348 (0xff9ff06f) j       pc - 0x8
core   0: 3 0x8000b348 (0xff9ff06f)
core   0: 0x8000b340 (0x00001f17) auipc   t5, 0x1
core   0: 3 0x8000b340 (0x00001f17) x30 0x8000c340
core   0: 0x8000b344 (0xcc3f2023) sw      gp, -832(t5)
core   0: 3 0x8000b344 (0xcc3f2023) mem 0x8000c000 0x00000001
core   0: 0x8000b348 (0xff9ff06f) j       pc - 0x8
core   0: 3 0x8000b348 (0xff9ff06f)
core   0: 0x8000b340 (0x00001f17) auipc   t5, 0x1
core   0: 3 0x8000b340 (0x00001f17) x30 0x8000c340
core   0: 0x8000b344 (0xcc3f2023) sw      gp, -832(t5)
core   0: 3 0x8000b344 (0xcc3f2023) mem 0x8000c000 0x00000001
core   0: 0x8000b348 (0xff9ff06f) j       pc - 0x8
core   0: 3 0x8000b348 (0xff9ff06f)
core   0: 0x8000b340 (0x00001f17) auipc   t5, 0x1
core   0: 3 0x8000b340 (0x00001f17) x30 0x8000c340
core   0: 0x8000b344 (0xcc3f2023) sw      gp, -832(t5)
core   0: 3 0x8000b344 (0xcc3f2023) mem 0x8000c000 0x00000001
core   0: 0x8000b348 (0xff9ff06f) j       pc - 0x8
core   0: 3 0x8000b348 (0xff9ff06f)
core   0: 0x8000b340 (0x00001f17) auipc   t5, 0x1
core   0: 3 0x8000b340 (0x00001f17) x30 0x8000c340
core   0: 0x8000b344 (0xcc3f2023) sw      gp, -832(t5)
core   0: 3 0x8000b344 (0xcc3f2023) mem 0x8000c000 0x00000001
core   0: 0x8000b348 (0xff9ff06f) j       pc - 0x8
core   0: 3 0x8000b348 (0xff9ff06f)
core   0: 0x8000b340 (0x00001f17) auipc   t5, 0x1
core   0: 3 0x8000b340 (0x00001f17) x30 0x8000c340
core   0: 0x8000b344 (0xcc3f2023) sw      gp, -832(t5)
core   0: 3 0x8000b344 (0xcc3f2023) mem 0x8000c000 0x00000001
core   0: 0x8000b348 (0xff9ff06f) j       pc - 0x8
core   0: 3 0x8000b348 (0xff9ff06f)
core   0: 0x8000b340 (0x00001f17) auipc   t5, 0x1
core   0: 3 0x8000b340 (0x00001f17) x30 0x8000c340
core   0: 0x8000b344 (0xcc3f2023) sw      gp, -832(t5)
core   0: 3 0x8000b344 (0xcc3f2023) mem 0x8000c000 0x00000001
core   0: 0x8000b348 (0xff9ff06f) j       pc - 0x8
core   0: 3 0x8000b348 (0xff9ff06f)
core   0: 0x8000b340 (0x00001f17) auipc   t5, 0x1
core   0: 3 0x8000b340 (0x00001f17) x30 0x8000c340
core   0: 0x8000b344 (0xcc3f2023) sw      gp, -832(t5)
core   0: 3 0x8000b344 (0xcc3f2023) mem 0x8000c000 0x00000001
core   0: 0x8000b348 (0xff9ff06f) j       pc - 0x8
core   0: 3 0x8000b348 (0xff9ff06f)
core   0: 0x8000b340 (0x00001f17) auipc   t5, 0x1
core   0: 3 0x8000b340 (0x00001f17) x30 0x8000c340
core   0: 0x8000b344 (0xcc3f2023) sw      gp, -832(t5)
core   0: 3 0x8000b344 (0xcc3f2023) mem 0x8000c000 0x00000001
core   0: 0x8000b348 (0xff9ff06f) j       pc - 0x8
core   0: 3 0x8000b348 (0xff9ff06f)
core   0: 0x8000b340 (0x00001f17) auipc   t5, 0x1
core   0: 3 0x8000b340 (0x00001f17) x30 0x8000c340
core   0: 0x8000b344 (0xcc3f2023) sw      gp, -832(t5)
core   0: 3 0x8000b344 (0xcc3f2023) mem 0x8000c000 0x00000001
core   0: 0x8000b348 (0xff9ff06f) j       pc - 0x8
core   0: 3 0x8000b348 (0xff9ff06f)
core   0: 0x8000b340 (0x00001f17) auipc   t5, 0x1
core   0: 3 0x8000b340 (0x00001f17) x30 0x8000c340
core   0: 0x8000b344 (0xcc3f2023) sw      gp, -832(t5)
core   0: 3 0x8000b344 (0xcc3f2023) mem 0x8000c000 0x00000001
core   0: 0x8000b348 (0xff9ff06f) j       pc - 0x8
core   0: 3 0x8000b348 (0xff9ff06f)
core   0: 0x8000b340 (0x00001f17) auipc   t5, 0x1
core   0: 3 0x8000b340 (0x00001f17) x30 0x8000c340
core   0: 0x8000b344 (0xcc3f2023) sw      gp, -832(t5)
core   0: 3 0x8000b344 (0xcc3f2023) mem 0x8000c000 0x00000001
core   0: 0x8000b348 (0xff9ff06f) j       pc - 0x8
core   0: 3 0x8000b348 (0xff9ff06f)
core   0: 0x8000b340 (0x00001f17) auipc   t5, 0x1
core   0: 3 0x8000b340 (0x00001f17) x30 0x8000c340
core   0: 0x8000b344 (0xcc3f2023) sw      gp, -832(t5)
core   0: 3 0x8000b344 (0xcc3f2023) mem 0x8000c000 0x00000001
core   0: 0x8000b348 (0xff9ff06f) j       pc - 0x8
core   0: 3 0x8000b348 (0xff9ff06f)
core   0: 0x8000b340 (0x00001f17) auipc   t5, 0x1
core   0: 3 0x8000b340 (0x00001f17) x30 0x8000c340
core   0: 0x8000b344 (0xcc3f2023) sw      gp, -832(t5)
core   0: 3 0x8000b344 (0xcc3f2023) mem 0x8000c000 0x00000001
core   0: 0x8000b348 (0xff9ff06f) j       pc - 0x8
core   0: 3 0x8000b348 (0xff9ff06f)
core   0: 0x8000b340 (0x00001f17) auipc   t5, 0x1
core   0: 3 0x8000b340 (0x00001f17) x30 0x8000c340
core   0: 0x8000b344 (0xcc3f2023) sw      gp, -832(t5)
core   0: 3 0x8000b344 (0xcc3f2023) mem 0x8000c000 0x00000001
core   0: 0x8000b348 (0xff9ff06f) j       pc - 0x8
core   0: 3 0x8000b348 (0xff9ff06f)
core   0: 0x8000b340 (0x00001f17) auipc   t5, 0x1
core   0: 3 0x8000b340 (0x00001f17) x30 0x8000c340
core   0: 0x8000b344 (0xcc3f2023) sw      gp, -832(t5)
core   0: 3 0x8000b344 (0xcc3f2023) mem 0x8000c000 0x00000001
core   0: 0x8000b348 (0xff9ff06f) j       pc - 0x8
core   0: 3 0x8000b348 (0xff9ff06f)
core   0: 0x8000b340 (0x00001f17) auipc   t5, 0x1
core   0: 3 0x8000b340 (0x00001f17) x30 0x8000c340
core   0: 0x8000b344 (0xcc3f2023) sw      gp, -832(t5)
core   0: 3 0x8000b344 (0xcc3f2023) mem 0x8000c000 0x00000001
core   0: 0x8000b348 (0xff9ff06f) j       pc - 0x8
core   0: 3 0x8000b348 (0xff9ff06f)
core   0: 0x8000b340 (0x00001f17) auipc   t5, 0x1
core   0: 3 0x8000b340 (0x00001f17) x30 0x8000c340
core   0: 0x8000b344 (0xcc3f2023) sw      gp, -832(t5)
core   0: 3 0x8000b344 (0xcc3f2023) mem 0x8000c000 0x00000001
core   0: 0x8000b348 (0xff9ff06f) j       pc - 0x8
core   0: 3 0x8000b348 (0xff9ff06f)
core   0: 0x8000b340 (0x00001f17) auipc   t5, 0x1
core   0: 3 0x8000b340 (0x00001f17) x30 0x8000c340
core   0: 0x8000b344 (0xcc3f2023) sw      gp, -832(t5)
core   0: 3 0x8000b344 (0xcc3f2023) mem 0x8000c000 0x00000001
core   0: 0x8000b348 (0xff9ff06f) j       pc - 0x8
core   0: 3 0x8000b348 (0xff9ff06f)
core   0: 0x8000b340 (0x00001f17) auipc   t5, 0x1
core   0: 3 0x8000b340 (0x00001f17) x30 0x8000c340
core   0: 0x8000b344 (0xcc3f2023) sw      gp, -832(t5)
core   0: 3 0x8000b344 (0xcc3f2023) mem 0x8000c000 0x00000001
core   0: 0x8000b348 (0xff9ff06f) j       pc - 0x8
core   0: 3 0x8000b348 (0xff9ff06f)
core   0: 0x8000b340 (0x00001f17) auipc   t5, 0x1
core   0: 3 0x8000b340 (0x00001f17) x30 0x8000c340
core   0: 0x8000b344 (0xcc3f2023) sw      gp, -832(t5)
core   0: 3 0x8000b344 (0xcc3f2023) mem 0x8000c000 0x00000001
core   0: 0x8000b348 (0xff9ff06f) j       pc - 0x8
core   0: 3 0x8000b348 (0xff9ff06f)
core   0: 0x8000b340 (0x00001f17) auipc   t5, 0x1
core   0: 3 0x8000b340 (0x00001f17) x30 0x8000c340
core   0: 0x8000b344 (0xcc3f2023) sw      gp, -832(t5)
core   0: 3 0x8000b344 (0xcc3f2023) mem 0x8000c000 0x00000001
core   0: 0x8000b348 (0xff9ff06f) j       pc - 0x8
core   0: 3 0x8000b348 (0xff9ff06f)
core   0: 0x8000b340 (0x00001f17) auipc   t5, 0x1
core   0: 3 0x8000b340 (0x00001f17) x30 0x8000c340
core   0: 0x8000b344 (0xcc3f2023) sw      gp, -832(t5)
core   0: 3 0x8000b344 (0xcc3f2023) mem 0x8000c000 0x00000001
core   0: 0x8000b348 (0xff9ff06f) j       pc - 0x8
core   0: 3 0x8000b348 (0xff9ff06f)
core   0: 0x8000b340 (0x00001f17) auipc   t5, 0x1
core   0: 3 0x8000b340 (0x00001f17) x30 0x8000c340
core   0: 0x8000b344 (0xcc3f2023) sw      gp, -832(t5)
core   0: 3 0x8000b344 (0xcc3f2023) mem 0x8000c000 0x00000001
core   0: 0x8000b348 (0xff9ff06f) j       pc - 0x8
core   0: 3 0x8000b348 (0xff9ff06f)
core   0: 0x8000b340 (0x00001f17) auipc   t5, 0x1
core   0: 3 0x8000b340 (0x00001f17) x30 0x8000c340
core   0: 0x8000b344 (0xcc3f2023) sw      gp, -832(t5)
core   0: 3 0x8000b344 (0xcc3f2023) mem 0x8000c000 0x00000001
core   0: 0x8000b348 (0xff9ff06f) j       pc - 0x8
core   0: 3 0x8000b348 (0xff9ff06f)
core   0: 0x8000b340 (0x00001f17) auipc   t5, 0x1
core   0: 3 0x8000b340 (0x00001f17) x30 0x8000c340
core   0: 0x8000b344 (0xcc3f2023) sw      gp, -832(t5)
core   0: 3 0x8000b344 (0xcc3f2023) mem 0x8000c000 0x00000001
core   0: 0x8000b348 (0xff9ff06f) j       pc - 0x8
core   0: 3 0x8000b348 (0xff9ff06f)
core   0: 0x8000b340 (0x00001f17) auipc   t5, 0x1
core   0: 3 0x8000b340 (0x00001f17) x30 0x8000c340
core   0: 0x8000b344 (0xcc3f2023) sw      gp, -832(t5)
core   0: 3 0x8000b344 (0xcc3f2023) mem 0x8000c000 0x00000001
core   0: 0x8000b348 (0xff9ff06f) j       pc - 0x8
core   0: 3 0x8000b348 (0xff9ff06f)
core   0: 0x8000b340 (0x00001f17) auipc   t5, 0x1
core   0: 3 0x8000b340 (0x00001f17) x30 0x8000c340
core   0: 0x8000b344 (0xcc3f2023) sw      gp, -832(t5)
core   0: 3 0x8000b344 (0xcc3f2023) mem 0x8000c000 0x00000001
core   0: 0x8000b348 (0xff9ff06f) j       pc - 0x8
core   0: 3 0x8000b348 (0xff9ff06f)
core   0: 0x8000b340 (0x00001f17) auipc   t5, 0x1
core   0: 3 0x8000b340 (0x00001f17) x30 0x8000c340
core   0: 0x8000b344 (0xcc3f2023) sw      gp, -832(t5)
core   0: 3 0x8000b344 (0xcc3f2023) mem 0x8000c000 0x00000001
core   0: 0x8000b348 (0xff9ff06f) j       pc - 0x8
core   0: 3 0x8000b348 (0xff9ff06f)
core   0: 0x8000b340 (0x00001f17) auipc   t5, 0x1
core   0: 3 0x8000b340 (0x00001f17) x30 0x8000c340
core   0: 0x8000b344 (0xcc3f2023) sw      gp, -832(t5)
core   0: 3 0x8000b344 (0xcc3f2023) mem 0x8000c000 0x00000001
core   0: 0x8000b348 (0xff9ff06f) j       pc - 0x8
core   0: 3 0x8000b348 (0xff9ff06f)
core   0: 0x8000b340 (0x00001f17) auipc   t5, 0x1
core   0: 3 0x8000b340 (0x00001f17) x30 0x8000c340
core   0: 0x8000b344 (0xcc3f2023) sw      gp, -832(t5)
core   0: 3 0x8000b344 (0xcc3f2023) mem 0x8000c000 0x00000001
core   0: 0x8000b348 (0xff9ff06f) j       pc - 0x8
core   0: 3 0x8000b348 (0xff9ff06f)
core   0: 0x8000b340 (0x00001f17) auipc   t5, 0x1
core   0: 3 0x8000b340 (0x00001f17) x30 0x8000c340
core   0: 0x8000b344 (0xcc3f2023) sw      gp, -832(t5)
core   0: 3 0x8000b344 (0xcc3f2023) mem 0x8000c000 0x00000001
core   0: 0x8000b348 (0xff9ff06f) j       pc - 0x8
core   0: 3 0x8000b348 (0xff9ff06f)
core   0: 0x8000b340 (0x00001f17) auipc   t5, 0x1
core   0: 3 0x8000b340 (0x00001f17) x30 0x8000c340
core   0: 0x8000b344 (0xcc3f2023) sw      gp, -832(t5)
core   0: 3 0x8000b344 (0xcc3f2023) mem 0x8000c000 0x00000001
core   0: 0x8000b348 (0xff9ff06f) j       pc - 0x8
core   0: 3 0x8000b348 (0xff9ff06f)
core   0: 0x8000b340 (0x00001f17) auipc   t5, 0x1
core   0: 3 0x8000b340 (0x00001f17) x30 0x8000c340
core   0: 0x8000b344 (0xcc3f2023) sw      gp, -832(t5)
core   0: 3 0x8000b344 (0xcc3f2023) mem 0x8000c000 0x00000001
core   0: 0x8000b348 (0xff9ff06f) j       pc - 0x8
core   0: 3 0x8000b348 (0xff9ff06f)
core   0: 0x8000b340 (0x00001f17) auipc   t5, 0x1
core   0: 3 0x8000b340 (0x00001f17) x30 0x8000c340
core   0: 0x8000b344 (0xcc3f2023) sw      gp, -832(t5)
core   0: 3 0x8000b344 (0xcc3f2023) mem 0x8000c000 0x00000001
core   0: 0x8000b348 (0xff9ff06f) j       pc - 0x8
core   0: 3 0x8000b348 (0xff9ff06f)
core   0: 0x8000b340 (0x00001f17) auipc   t5, 0x1
core   0: 3 0x8000b340 (0x00001f17) x30 0x8000c340
core   0: 0x8000b344 (0xcc3f2023) sw      gp, -832(t5)
core   0: 3 0x8000b344 (0xcc3f2023) mem 0x8000c000 0x00000001
core   0: 0x8000b348 (0xff9ff06f) j       pc - 0x8
core   0: 3 0x8000b348 (0xff9ff06f)
core   0: 0x8000b340 (0x00001f17) auipc   t5, 0x1
core   0: 3 0x8000b340 (0x00001f17) x30 0x8000c340
core   0: 0x8000b344 (0xcc3f2023) sw      gp, -832(t5)
core   0: 3 0x8000b344 (0xcc3f2023) mem 0x8000c000 0x00000001
core   0: 0x8000b348 (0xff9ff06f) j       pc - 0x8
core   0: 3 0x8000b348 (0xff9ff06f)
core   0: 0x8000b340 (0x00001f17) auipc   t5, 0x1
core   0: 3 0x8000b340 (0x00001f17) x30 0x8000c340
core   0: 0x8000b344 (0xcc3f2023) sw      gp, -832(t5)
core   0: 3 0x8000b344 (0xcc3f2023) mem 0x8000c000 0x00000001
core   0: 0x8000b348 (0xff9ff06f) j       pc - 0x8
core   0: 3 0x8000b348 (0xff9ff06f)
core   0: 0x8000b340 (0x00001f17) auipc   t5, 0x1
core   0: 3 0x8000b340 (0x00001f17) x30 0x8000c340
core   0: 0x8000b344 (0xcc3f2023) sw      gp, -832(t5)
core   0: 3 0x8000b344 (0xcc3f2023) mem 0x8000c000 0x00000001
core   0: 0x8000b348 (0xff9ff06f) j       pc - 0x8
core   0: 3 0x8000b348 (0xff9ff06f)
core   0: 0x8000b340 (0x00001f17) auipc   t5, 0x1
core   0: 3 0x8000b340 (0x00001f17) x30 0x8000c340
core   0: 0x8000b344 (0xcc3f2023) sw      gp, -832(t5)
core   0: 3 0x8000b344 (0xcc3f2023) mem 0x8000c000 0x00000001
core   0: 0x8000b348 (0xff9ff06f) j       pc - 0x8
core   0: 3 0x8000b348 (0xff9ff06f)
core   0: 0x8000b340 (0x00001f17) auipc   t5, 0x1
core   0: 3 0x8000b340 (0x00001f17) x30 0x8000c340
core   0: 0x8000b344 (0xcc3f2023) sw      gp, -832(t5)
core   0: 3 0x8000b344 (0xcc3f2023) mem 0x8000c000 0x00000001
core   0: 0x8000b348 (0xff9ff06f) j       pc - 0x8
core   0: 3 0x8000b348 (0xff9ff06f)
core   0: 0x8000b340 (0x00001f17) auipc   t5, 0x1
core   0: 3 0x8000b340 (0x00001f17) x30 0x8000c340
core   0: 0x8000b344 (0xcc3f2023) sw      gp, -832(t5)
core   0: 3 0x8000b344 (0xcc3f2023) mem 0x8000c000 0x00000001
core   0: 0x8000b348 (0xff9ff06f) j       pc - 0x8
core   0: 3 0x8000b348 (0xff9ff06f)
core   0: 0x8000b340 (0x00001f17) auipc   t5, 0x1
core   0: 3 0x8000b340 (0x00001f17) x30 0x8000c340
core   0: 0x8000b344 (0xcc3f2023) sw      gp, -832(t5)
core   0: 3 0x8000b344 (0xcc3f2023) mem 0x8000c000 0x00000001
core   0: 0x8000b348 (0xff9ff06f) j       pc - 0x8
core   0: 3 0x8000b348 (0xff9ff06f)
core   0: 0x8000b340 (0x00001f17) auipc   t5, 0x1
core   0: 3 0x8000b340 (0x00001f17) x30 0x8000c340
core   0: 0x8000b344 (0xcc3f2023) sw      gp, -832(t5)
core   0: 3 0x8000b344 (0xcc3f2023) mem 0x8000c000 0x00000001
core   0: 0x8000b348 (0xff9ff06f) j       pc - 0x8
core   0: 3 0x8000b348 (0xff9ff06f)
core   0: 0x8000b340 (0x00001f17) auipc   t5, 0x1
core   0: 3 0x8000b340 (0x00001f17) x30 0x8000c340
core   0: 0x8000b344 (0xcc3f2023) sw      gp, -832(t5)
core   0: 3 0x8000b344 (0xcc3f2023) mem 0x8000c000 0x00000001
core   0: 0x8000b348 (0xff9ff06f) j       pc - 0x8
core   0: 3 0x8000b348 (0xff9ff06f)
core   0: 0x8000b340 (0x00001f17) auipc   t5, 0x1
core   0: 3 0x8000b340 (0x00001f17) x30 0x8000c340
core   0: 0x8000b344 (0xcc3f2023) sw      gp, -832(t5)
core   0: 3 0x8000b344 (0xcc3f2023) mem 0x8000c000 0x00000001
core   0: 0x8000b348 (0xff9ff06f) j       pc - 0x8
core   0: 3 0x8000b348 (0xff9ff06f)
core   0: 0x8000b340 (0x00001f17) auipc   t5, 0x1
core   0: 3 0x8000b340 (0x00001f17) x30 0x8000c340
core   0: 0x8000b344 (0xcc3f2023) sw      gp, -832(t5)
core   0: 3 0x8000b344 (0xcc3f2023) mem 0x8000c000 0x00000001
core   0: 0x8000b348 (0xff9ff06f) j       pc - 0x8
core   0: 3 0x8000b348 (0xff9ff06f)
core   0: 0x8000b340 (0x00001f17) auipc   t5, 0x1
core   0: 3 0x8000b340 (0x00001f17) x30 0x8000c340
core   0: 0x8000b344 (0xcc3f2023) sw      gp, -832(t5)
core   0: 3 0x8000b344 (0xcc3f2023) mem 0x8000c000 0x00000001
core   0: 0x8000b348 (0xff9ff06f) j       pc - 0x8
core   0: 3 0x8000b348 (0xff9ff06f)
core   0: 0x8000b340 (0x00001f17) auipc   t5, 0x1
core   0: 3 0x8000b340 (0x00001f17) x30 0x8000c340
core   0: 0x8000b344 (0xcc3f2023) sw      gp, -832(t5)
core   0: 3 0x8000b344 (0xcc3f2023) mem 0x8000c000 0x00000001
core   0: 0x8000b348 (0xff9ff06f) j       pc - 0x8
core   0: 3 0x8000b348 (0xff9ff06f)
core   0: 0x8000b340 (0x00001f17) auipc   t5, 0x1
core   0: 3 0x8000b340 (0x00001f17) x30 0x8000c340
core   0: 0x8000b344 (0xcc3f2023) sw      gp, -832(t5)
core   0: 3 0x8000b344 (0xcc3f2023) mem 0x8000c000 0x00000001
core   0: 0x8000b348 (0xff9ff06f) j       pc - 0x8
core   0: 3 0x8000b348 (0xff9ff06f)
core   0: 0x8000b340 (0x00001f17) auipc   t5, 0x1
core   0: 3 0x8000b340 (0x00001f17) x30 0x8000c340
core   0: 0x8000b344 (0xcc3f2023) sw      gp, -832(t5)
core   0: 3 0x8000b344 (0xcc3f2023) mem 0x8000c000 0x00000001
core   0: 0x8000b348 (0xff9ff06f) j       pc - 0x8
core   0: 3 0x8000b348 (0xff9ff06f)
core   0: 0x8000b340 (0x00001f17) auipc   t5, 0x1
core   0: 3 0x8000b340 (0x00001f17) x30 0x8000c340
core   0: 0x8000b344 (0xcc3f2023) sw      gp, -832(t5)
core   0: 3 0x8000b344 (0xcc3f2023) mem 0x8000c000 0x00000001
core   0: 0x8000b348 (0xff9ff06f) j       pc - 0x8
core   0: 3 0x8000b348 (0xff9ff06f)
core   0: 0x8000b340 (0x00001f17) auipc   t5, 0x1
core   0: 3 0x8000b340 (0x00001f17) x30 0x8000c340
core   0: 0x8000b344 (0xcc3f2023) sw      gp, -832(t5)
core   0: 3 0x8000b344 (0xcc3f2023) mem 0x8000c000 0x00000001
core   0: 0x8000b348 (0xff9ff06f) j       pc - 0x8
core   0: 3 0x8000b348 (0xff9ff06f)
core   0: 0x8000b340 (0x00001f17) auipc   t5, 0x1
core   0: 3 0x8000b340 (0x00001f17) x30 0x8000c340
core   0: 0x8000b344 (0xcc3f2023) sw      gp, -832(t5)
core   0: 3 0x8000b344 (0xcc3f2023) mem 0x8000c000 0x00000001
core   0: 0x8000b348 (0xff9ff06f) j       pc - 0x8
core   0: 3 0x8000b348 (0xff9ff06f)
core   0: 0x8000b340 (0x00001f17) auipc   t5, 0x1
core   0: 3 0x8000b340 (0x00001f17) x30 0x8000c340
core   0: 0x8000b344 (0xcc3f2023) sw      gp, -832(t5)
core   0: 3 0x8000b344 (0xcc3f2023) mem 0x8000c000 0x00000001
core   0: 0x8000b348 (0xff9ff06f) j       pc - 0x8
core   0: 3 0x8000b348 (0xff9ff06f)
core   0: 0x8000b340 (0x00001f17) auipc   t5, 0x1
core   0: 3 0x8000b340 (0x00001f17) x30 0x8000c340
core   0: 0x8000b344 (0xcc3f2023) sw      gp, -832(t5)
core   0: 3 0x8000b344 (0xcc3f2023) mem 0x8000c000 0x00000001
core   0: 0x8000b348 (0xff9ff06f) j       pc - 0x8
core   0: 3 0x8000b348 (0xff9ff06f)
core   0: 0x8000b340 (0x00001f17) auipc   t5, 0x1
core   0: 3 0x8000b340 (0x00001f17) x30 0x8000c340
core   0: 0x8000b344 (0xcc3f2023) sw      gp, -832(t5)
core   0: 3 0x8000b344 (0xcc3f2023) mem 0x8000c000 0x00000001
core   0: 0x8000b348 (0xff9ff06f) j       pc - 0x8
core   0: 3 0x8000b348 (0xff9ff06f)
core   0: 0x8000b340 (0x00001f17) auipc   t5, 0x1
core   0: 3 0x8000b340 (0x00001f17) x30 0x8000c340
core   0: 0x8000b344 (0xcc3f2023) sw      gp, -832(t5)
core   0: 3 0x8000b344 (0xcc3f2023) mem 0x8000c000 0x00000001
core   0: 0x8000b348 (0xff9ff06f) j       pc - 0x8
core   0: 3 0x8000b348 (0xff9ff06f)
core   0: 0x8000b340 (0x00001f17) auipc   t5, 0x1
core   0: 3 0x8000b340 (0x00001f17) x30 0x8000c340
core   0: 0x8000b344 (0xcc3f2023) sw      gp, -832(t5)
core   0: 3 0x8000b344 (0xcc3f2023) mem 0x8000c000 0x00000001
core   0: 0x8000b348 (0xff9ff06f) j       pc - 0x8
core   0: 3 0x8000b348 (0xff9ff06f)
core   0: 0x8000b340 (0x00001f17) auipc   t5, 0x1
core   0: 3 0x8000b340 (0x00001f17) x30 0x8000c340
core   0: 0x8000b344 (0xcc3f2023) sw      gp, -832(t5)
core   0: 3 0x8000b344 (0xcc3f2023) mem 0x8000c000 0x00000001
core   0: 0x8000b348 (0xff9ff06f) j       pc - 0x8
core   0: 3 0x8000b348 (0xff9ff06f)
core   0: 0x8000b340 (0x00001f17) auipc   t5, 0x1
core   0: 3 0x8000b340 (0x00001f17) x30 0x8000c340
core   0: 0x8000b344 (0xcc3f2023) sw      gp, -832(t5)
core   0: 3 0x8000b344 (0xcc3f2023) mem 0x8000c000 0x00000001
core   0: 0x8000b348 (0xff9ff06f) j       pc - 0x8
core   0: 3 0x8000b348 (0xff9ff06f)
core   0: 0x8000b340 (0x00001f17) auipc   t5, 0x1
core   0: 3 0x8000b340 (0x00001f17) x30 0x8000c340
core   0: 0x8000b344 (0xcc3f2023) sw      gp, -832(t5)
core   0: 3 0x8000b344 (0xcc3f2023) mem 0x8000c000 0x00000001
core   0: 0x8000b348 (0xff9ff06f) j       pc - 0x8
core   0: 3 0x8000b348 (0xff9ff06f)
core   0: 0x8000b340 (0x00001f17) auipc   t5, 0x1
core   0: 3 0x8000b340 (0x00001f17) x30 0x8000c340
core   0: 0x8000b344 (0xcc3f2023) sw      gp, -832(t5)
core   0: 3 0x8000b344 (0xcc3f2023) mem 0x8000c000 0x00000001
core   0: 0x8000b348 (0xff9ff06f) j       pc - 0x8
core   0: 3 0x8000b348 (0xff9ff06f)
core   0: 0x8000b340 (0x00001f17) auipc   t5, 0x1
core   0: 3 0x8000b340 (0x00001f17) x30 0x8000c340
core   0: 0x8000b344 (0xcc3f2023) sw      gp, -832(t5)
core   0: 3 0x8000b344 (0xcc3f2023) mem 0x8000c000 0x00000001
core   0: 0x8000b348 (0xff9ff06f) j       pc - 0x8
core   0: 3 0x8000b348 (0xff9ff06f)
core   0: 0x8000b340 (0x00001f17) auipc   t5, 0x1
core   0: 3 0x8000b340 (0x00001f17) x30 0x8000c340
core   0: 0x8000b344 (0xcc3f2023) sw      gp, -832(t5)
core   0: 3 0x8000b344 (0xcc3f2023) mem 0x8000c000 0x00000001
core   0: 0x8000b348 (0xff9ff06f) j       pc - 0x8
core   0: 3 0x8000b348 (0xff9ff06f)
core   0: 0x8000b340 (0x00001f17) auipc   t5, 0x1
core   0: 3 0x8000b340 (0x00001f17) x30 0x8000c340
core   0: 0x8000b344 (0xcc3f2023) sw      gp, -832(t5)
core   0: 3 0x8000b344 (0xcc3f2023) mem 0x8000c000 0x00000001
core   0: 0x8000b348 (0xff9ff06f) j       pc - 0x8
core   0: 3 0x8000b348 (0xff9ff06f)
core   0: 0x8000b340 (0x00001f17) auipc   t5, 0x1
core   0: 3 0x8000b340 (0x00001f17) x30 0x8000c340
core   0: 0x8000b344 (0xcc3f2023) sw      gp, -832(t5)
core   0: 3 0x8000b344 (0xcc3f2023) mem 0x8000c000 0x00000001
core   0: 0x8000b348 (0xff9ff06f) j       pc - 0x8
core   0: 3 0x8000b348 (0xff9ff06f)
core   0: 0x8000b340 (0x00001f17) auipc   t5, 0x1
core   0: 3 0x8000b340 (0x00001f17) x30 0x8000c340
core   0: 0x8000b344 (0xcc3f2023) sw      gp, -832(t5)
core   0: 3 0x8000b344 (0xcc3f2023) mem 0x8000c000 0x00000001
core   0: 0x8000b348 (0xff9ff06f) j       pc - 0x8
core   0: 3 0x8000b348 (0xff9ff06f)
core   0: 0x8000b340 (0x00001f17) auipc   t5, 0x1
core   0: 3 0x8000b340 (0x00001f17) x30 0x8000c340
core   0: 0x8000b344 (0xcc3f2023) sw      gp, -832(t5)
core   0: 3 0x8000b344 (0xcc3f2023) mem 0x8000c000 0x00000001
core   0: 0x8000b348 (0xff9ff06f) j       pc - 0x8
core   0: 3 0x8000b348 (0xff9ff06f)
core   0: 0x8000b340 (0x00001f17) auipc   t5, 0x1
core   0: 3 0x8000b340 (0x00001f17) x30 0x8000c340
core   0: 0x8000b344 (0xcc3f2023) sw      gp, -832(t5)
core   0: 3 0x8000b344 (0xcc3f2023) mem 0x8000c000 0x00000001
core   0: 0x8000b348 (0xff9ff06f) j       pc - 0x8
core   0: 3 0x8000b348 (0xff9ff06f)
core   0: 0x8000b340 (0x00001f17) auipc   t5, 0x1
core   0: 3 0x8000b340 (0x00001f17) x30 0x8000c340
core   0: 0x8000b344 (0xcc3f2023) sw      gp, -832(t5)
core   0: 3 0x8000b344 (0xcc3f2023) mem 0x8000c000 0x00000001
core   0: 0x8000b348 (0xff9ff06f) j       pc - 0x8
core   0: 3 0x8000b348 (0xff9ff06f)
core   0: 0x8000b340 (0x00001f17) auipc   t5, 0x1
core   0: 3 0x8000b340 (0x00001f17) x30 0x8000c340
core   0: 0x8000b344 (0xcc3f2023) sw      gp, -832(t5)
core   0: 3 0x8000b344 (0xcc3f2023) mem 0x8000c000 0x00000001
core   0: 0x8000b348 (0xff9ff06f) j       pc - 0x8
core   0: 3 0x8000b348 (0xff9ff06f)
core   0: 0x8000b340 (0x00001f17) auipc   t5, 0x1
core   0: 3 0x8000b340 (0x00001f17) x30 0x8000c340
core   0: 0x8000b344 (0xcc3f2023) sw      gp, -832(t5)
core   0: 3 0x8000b344 (0xcc3f2023) mem 0x8000c000 0x00000001
core   0: 0x8000b348 (0xff9ff06f) j       pc - 0x8
core   0: 3 0x8000b348 (0xff9ff06f)
core   0: 0x8000b340 (0x00001f17) auipc   t5, 0x1
core   0: 3 0x8000b340 (0x00001f17) x30 0x8000c340
core   0: 0x8000b344 (0xcc3f2023) sw      gp, -832(t5)
core   0: 3 0x8000b344 (0xcc3f2023) mem 0x8000c000 0x00000001
core   0: 0x8000b348 (0xff9ff06f) j       pc - 0x8
core   0: 3 0x8000b348 (0xff9ff06f)
core   0: 0x8000b340 (0x00001f17) auipc   t5, 0x1
core   0: 3 0x8000b340 (0x00001f17) x30 0x8000c340
core   0: 0x8000b344 (0xcc3f2023) sw      gp, -832(t5)
core   0: 3 0x8000b344 (0xcc3f2023) mem 0x8000c000 0x00000001
core   0: 0x8000b348 (0xff9ff06f) j       pc - 0x8
core   0: 3 0x8000b348 (0xff9ff06f)
core   0: 0x8000b340 (0x00001f17) auipc   t5, 0x1
core   0: 3 0x8000b340 (0x00001f17) x30 0x8000c340
core   0: 0x8000b344 (0xcc3f2023) sw      gp, -832(t5)
core   0: 3 0x8000b344 (0xcc3f2023) mem 0x8000c000 0x00000001
core   0: 0x8000b348 (0xff9ff06f) j       pc - 0x8
core   0: 3 0x8000b348 (0xff9ff06f)
core   0: 0x8000b340 (0x00001f17) auipc   t5, 0x1
core   0: 3 0x8000b340 (0x00001f17) x30 0x8000c340
core   0: 0x8000b344 (0xcc3f2023) sw      gp, -832(t5)
core   0: 3 0x8000b344 (0xcc3f2023) mem 0x8000c000 0x00000001
core   0: 0x8000b348 (0xff9ff06f) j       pc - 0x8
core   0: 3 0x8000b348 (0xff9ff06f)
core   0: 0x8000b340 (0x00001f17) auipc   t5, 0x1
core   0: 3 0x8000b340 (0x00001f17) x30 0x8000c340
core   0: 0x8000b344 (0xcc3f2023) sw      gp, -832(t5)
core   0: 3 0x8000b344 (0xcc3f2023) mem 0x8000c000 0x00000001
core   0: 0x8000b348 (0xff9ff06f) j       pc - 0x8
core   0: 3 0x8000b348 (0xff9ff06f)
core   0: 0x8000b340 (0x00001f17) auipc   t5, 0x1
core   0: 3 0x8000b340 (0x00001f17) x30 0x8000c340
core   0: 0x8000b344 (0xcc3f2023) sw      gp, -832(t5)
core   0: 3 0x8000b344 (0xcc3f2023) mem 0x8000c000 0x00000001
core   0: 0x8000b348 (0xff9ff06f) j       pc - 0x8
core   0: 3 0x8000b348 (0xff9ff06f)
core   0: 0x8000b340 (0x00001f17) auipc   t5, 0x1
core   0: 3 0x8000b340 (0x00001f17) x30 0x8000c340
core   0: 0x8000b344 (0xcc3f2023) sw      gp, -832(t5)
core   0: 3 0x8000b344 (0xcc3f2023) mem 0x8000c000 0x00000001
core   0: 0x8000b348 (0xff9ff06f) j       pc - 0x8
core   0: 3 0x8000b348 (0xff9ff06f)
core   0: 0x8000b340 (0x00001f17) auipc   t5, 0x1
core   0: 3 0x8000b340 (0x00001f17) x30 0x8000c340
core   0: 0x8000b344 (0xcc3f2023) sw      gp, -832(t5)
core   0: 3 0x8000b344 (0xcc3f2023) mem 0x8000c000 0x00000001
core   0: 0x8000b348 (0xff9ff06f) j       pc - 0x8
core   0: 3 0x8000b348 (0xff9ff06f)
core   0: 0x8000b340 (0x00001f17) auipc   t5, 0x1
core   0: 3 0x8000b340 (0x00001f17) x30 0x8000c340
core   0: 0x8000b344 (0xcc3f2023) sw      gp, -832(t5)
core   0: 3 0x8000b344 (0xcc3f2023) mem 0x8000c000 0x00000001
core   0: 0x8000b348 (0xff9ff06f) j       pc - 0x8
core   0: 3 0x8000b348 (0xff9ff06f)
core   0: 0x8000b340 (0x00001f17) auipc   t5, 0x1
core   0: 3 0x8000b340 (0x00001f17) x30 0x8000c340
core   0: 0x8000b344 (0xcc3f2023) sw      gp, -832(t5)
core   0: 3 0x8000b344 (0xcc3f2023) mem 0x8000c000 0x00000001
core   0: 0x8000b348 (0xff9ff06f) j       pc - 0x8
core   0: 3 0x8000b348 (0xff9ff06f)
core   0: 0x8000b340 (0x00001f17) auipc   t5, 0x1
core   0: 3 0x8000b340 (0x00001f17) x30 0x8000c340
core   0: 0x8000b344 (0xcc3f2023) sw      gp, -832(t5)
core   0: 3 0x8000b344 (0xcc3f2023) mem 0x8000c000 0x00000001
core   0: 0x8000b348 (0xff9ff06f) j       pc - 0x8
core   0: 3 0x8000b348 (0xff9ff06f)
core   0: 0x8000b340 (0x00001f17) auipc   t5, 0x1
core   0: 3 0x8000b340 (0x00001f17) x30 0x8000c340
core   0: 0x8000b344 (0xcc3f2023) sw      gp, -832(t5)
core   0: 3 0x8000b344 (0xcc3f2023) mem 0x8000c000 0x00000001
core   0: 0x8000b348 (0xff9ff06f) j       pc - 0x8
core   0: 3 0x8000b348 (0xff9ff06f)
core   0: 0x8000b340 (0x00001f17) auipc   t5, 0x1
core   0: 3 0x8000b340 (0x00001f17) x30 0x8000c340
core   0: 0x8000b344 (0xcc3f2023) sw      gp, -832(t5)
core   0: 3 0x8000b344 (0xcc3f2023) mem 0x8000c000 0x00000001
core   0: 0x8000b348 (0xff9ff06f) j       pc - 0x8
core   0: 3 0x8000b348 (0xff9ff06f)
core   0: 0x8000b340 (0x00001f17) auipc   t5, 0x1
core   0: 3 0x8000b340 (0x00001f17) x30 0x8000c340
core   0: 0x8000b344 (0xcc3f2023) sw      gp, -832(t5)
core   0: 3 0x8000b344 (0xcc3f2023) mem 0x8000c000 0x00000001
core   0: 0x8000b348 (0xff9ff06f) j       pc - 0x8
core   0: 3 0x8000b348 (0xff9ff06f)
core   0: 0x8000b340 (0x00001f17) auipc   t5, 0x1
core   0: 3 0x8000b340 (0x00001f17) x30 0x8000c340
core   0: 0x8000b344 (0xcc3f2023) sw      gp, -832(t5)
core   0: 3 0x8000b344 (0xcc3f2023) mem 0x8000c000 0x00000001
core   0: 0x8000b348 (0xff9ff06f) j       pc - 0x8
core   0: 3 0x8000b348 (0xff9ff06f)
core   0: 0x8000b340 (0x00001f17) auipc   t5, 0x1
core   0: 3 0x8000b340 (0x00001f17) x30 0x8000c340
core   0: 0x8000b344 (0xcc3f2023) sw      gp, -832(t5)
core   0: 3 0x8000b344 (0xcc3f2023) mem 0x8000c000 0x00000001
core   0: 0x8000b348 (0xff9ff06f) j       pc - 0x8
core   0: 3 0x8000b348 (0xff9ff06f)
core   0: 0x8000b340 (0x00001f17) auipc   t5, 0x1
core   0: 3 0x8000b340 (0x00001f17) x30 0x8000c340
core   0: 0x8000b344 (0xcc3f2023) sw      gp, -832(t5)
core   0: 3 0x8000b344 (0xcc3f2023) mem 0x8000c000 0x00000001
core   0: 0x8000b348 (0xff9ff06f) j       pc - 0x8
core   0: 3 0x8000b348 (0xff9ff06f)
core   0: 0x8000b340 (0x00001f17) auipc   t5, 0x1
core   0: 3 0x8000b340 (0x00001f17) x30 0x8000c340
core   0: 0x8000b344 (0xcc3f2023) sw      gp, -832(t5)
core   0: 3 0x8000b344 (0xcc3f2023) mem 0x8000c000 0x00000001
core   0: 0x8000b348 (0xff9ff06f) j       pc - 0x8
core   0: 3 0x8000b348 (0xff9ff06f)
core   0: 0x8000b340 (0x00001f17) auipc   t5, 0x1
core   0: 3 0x8000b340 (0x00001f17) x30 0x8000c340
core   0: 0x8000b344 (0xcc3f2023) sw      gp, -832(t5)
core   0: 3 0x8000b344 (0xcc3f2023) mem 0x8000c000 0x00000001
core   0: 0x8000b348 (0xff9ff06f) j       pc - 0x8
core   0: 3 0x8000b348 (0xff9ff06f)
core   0: 0x8000b340 (0x00001f17) auipc   t5, 0x1
core   0: 3 0x8000b340 (0x00001f17) x30 0x8000c340
core   0: 0x8000b344 (0xcc3f2023) sw      gp, -832(t5)
core   0: 3 0x8000b344 (0xcc3f2023) mem 0x8000c000 0x00000001
core   0: 0x8000b348 (0xff9ff06f) j       pc - 0x8
core   0: 3 0x8000b348 (0xff9ff06f)
core   0: 0x8000b340 (0x00001f17) auipc   t5, 0x1
core   0: 3 0x8000b340 (0x00001f17) x30 0x8000c340
core   0: 0x8000b344 (0xcc3f2023) sw      gp, -832(t5)
core   0: 3 0x8000b344 (0xcc3f2023) mem 0x8000c000 0x00000001
core   0: 0x8000b348 (0xff9ff06f) j       pc - 0x8
core   0: 3 0x8000b348 (0xff9ff06f)
core   0: 0x8000b340 (0x00001f17) auipc   t5, 0x1
core   0: 3 0x8000b340 (0x00001f17) x30 0x8000c340
core   0: 0x8000b344 (0xcc3f2023) sw      gp, -832(t5)
core   0: 3 0x8000b344 (0xcc3f2023) mem 0x8000c000 0x00000001
core   0: 0x8000b348 (0xff9ff06f) j       pc - 0x8
core   0: 3 0x8000b348 (0xff9ff06f)
core   0: 0x8000b340 (0x00001f17) auipc   t5, 0x1
core   0: 3 0x8000b340 (0x00001f17) x30 0x8000c340
core   0: 0x8000b344 (0xcc3f2023) sw      gp, -832(t5)
core   0: 3 0x8000b344 (0xcc3f2023) mem 0x8000c000 0x00000001
core   0: 0x8000b348 (0xff9ff06f) j       pc - 0x8
core   0: 3 0x8000b348 (0xff9ff06f)
core   0: 0x8000b340 (0x00001f17) auipc   t5, 0x1
core   0: 3 0x8000b340 (0x00001f17) x30 0x8000c340
core   0: 0x8000b344 (0xcc3f2023) sw      gp, -832(t5)
core   0: 3 0x8000b344 (0xcc3f2023) mem 0x8000c000 0x00000001
core   0: 0x8000b348 (0xff9ff06f) j       pc - 0x8
core   0: 3 0x8000b348 (0xff9ff06f)
core   0: 0x8000b340 (0x00001f17) auipc   t5, 0x1
core   0: 3 0x8000b340 (0x00001f17) x30 0x8000c340
core   0: 0x8000b344 (0xcc3f2023) sw      gp, -832(t5)
core   0: 3 0x8000b344 (0xcc3f2023) mem 0x8000c000 0x00000001
core   0: 0x8000b348 (0xff9ff06f) j       pc - 0x8
core   0: 3 0x8000b348 (0xff9ff06f)
core   0: 0x8000b340 (0x00001f17) auipc   t5, 0x1
core   0: 3 0x8000b340 (0x00001f17) x30 0x8000c340
core   0: 0x8000b344 (0xcc3f2023) sw      gp, -832(t5)
core   0: 3 0x8000b344 (0xcc3f2023) mem 0x8000c000 0x00000001
core   0: 0x8000b348 (0xff9ff06f) j       pc - 0x8
core   0: 3 0x8000b348 (0xff9ff06f)
core   0: 0x8000b340 (0x00001f17) auipc   t5, 0x1
core   0: 3 0x8000b340 (0x00001f17) x30 0x8000c340
core   0: 0x8000b344 (0xcc3f2023) sw      gp, -832(t5)
core   0: 3 0x8000b344 (0xcc3f2023) mem 0x8000c000 0x00000001
core   0: 0x8000b348 (0xff9ff06f) j       pc - 0x8
core   0: 3 0x8000b348 (0xff9ff06f)
core   0: 0x8000b340 (0x00001f17) auipc   t5, 0x1
core   0: 3 0x8000b340 (0x00001f17) x30 0x8000c340
core   0: 0x8000b344 (0xcc3f2023) sw      gp, -832(t5)
core   0: 3 0x8000b344 (0xcc3f2023) mem 0x8000c000 0x00000001
core   0: 0x8000b348 (0xff9ff06f) j       pc - 0x8
core   0: 3 0x8000b348 (0xff9ff06f)
core   0: 0x8000b340 (0x00001f17) auipc   t5, 0x1
core   0: 3 0x8000b340 (0x00001f17) x30 0x8000c340
core   0: 0x8000b344 (0xcc3f2023) sw      gp, -832(t5)
core   0: 3 0x8000b344 (0xcc3f2023) mem 0x8000c000 0x00000001
core   0: 0x8000b348 (0xff9ff06f) j       pc - 0x8
core   0: 3 0x8000b348 (0xff9ff06f)
core   0: 0x8000b340 (0x00001f17) auipc   t5, 0x1
core   0: 3 0x8000b340 (0x00001f17) x30 0x8000c340
core   0: 0x8000b344 (0xcc3f2023) sw      gp, -832(t5)
core   0: 3 0x8000b344 (0xcc3f2023) mem 0x8000c000 0x00000001
core   0: 0x8000b348 (0xff9ff06f) j       pc - 0x8
core   0: 3 0x8000b348 (0xff9ff06f)
core   0: 0x8000b340 (0x00001f17) auipc   t5, 0x1
core   0: 3 0x8000b340 (0x00001f17) x30 0x8000c340
core   0: 0x8000b344 (0xcc3f2023) sw      gp, -832(t5)
core   0: 3 0x8000b344 (0xcc3f2023) mem 0x8000c000 0x00000001
core   0: 0x8000b348 (0xff9ff06f) j       pc - 0x8
core   0: 3 0x8000b348 (0xff9ff06f)
core   0: 0x8000b340 (0x00001f17) auipc   t5, 0x1
core   0: 3 0x8000b340 (0x00001f17) x30 0x8000c340
core   0: 0x8000b344 (0xcc3f2023) sw      gp, -832(t5)
core   0: 3 0x8000b344 (0xcc3f2023) mem 0x8000c000 0x00000001
core   0: 0x8000b348 (0xff9ff06f) j       pc - 0x8
core   0: 3 0x8000b348 (0xff9ff06f)
core   0: 0x8000b340 (0x00001f17) auipc   t5, 0x1
core   0: 3 0x8000b340 (0x00001f17) x30 0x8000c340
core   0: 0x8000b344 (0xcc3f2023) sw      gp, -832(t5)
core   0: 3 0x8000b344 (0xcc3f2023) mem 0x8000c000 0x00000001
core   0: 0x8000b348 (0xff9ff06f) j       pc - 0x8
core   0: 3 0x8000b348 (0xff9ff06f)
core   0: 0x8000b340 (0x00001f17) auipc   t5, 0x1
core   0: 3 0x8000b340 (0x00001f17) x30 0x8000c340
core   0: 0x8000b344 (0xcc3f2023) sw      gp, -832(t5)
core   0: 3 0x8000b344 (0xcc3f2023) mem 0x8000c000 0x00000001
core   0: 0x8000b348 (0xff9ff06f) j       pc - 0x8
core   0: 3 0x8000b348 (0xff9ff06f)
core   0: 0x8000b340 (0x00001f17) auipc   t5, 0x1
core   0: 3 0x8000b340 (0x00001f17) x30 0x8000c340
core   0: 0x8000b344 (0xcc3f2023) sw      gp, -832(t5)
core   0: 3 0x8000b344 (0xcc3f2023) mem 0x8000c000 0x00000001
core   0: 0x8000b348 (0xff9ff06f) j       pc - 0x8
core   0: 3 0x8000b348 (0xff9ff06f)
core   0: 0x8000b340 (0x00001f17) auipc   t5, 0x1
core   0: 3 0x8000b340 (0x00001f17) x30 0x8000c340
core   0: 0x8000b344 (0xcc3f2023) sw      gp, -832(t5)
core   0: 3 0x8000b344 (0xcc3f2023) mem 0x8000c000 0x00000001
core   0: 0x8000b348 (0xff9ff06f) j       pc - 0x8
core   0: 3 0x8000b348 (0xff9ff06f)
core   0: 0x8000b340 (0x00001f17) auipc   t5, 0x1
core   0: 3 0x8000b340 (0x00001f17) x30 0x8000c340
core   0: 0x8000b344 (0xcc3f2023) sw      gp, -832(t5)
core   0: 3 0x8000b344 (0xcc3f2023) mem 0x8000c000 0x00000001
core   0: 0x8000b348 (0xff9ff06f) j       pc - 0x8
core   0: 3 0x8000b348 (0xff9ff06f)
core   0: 0x8000b340 (0x00001f17) auipc   t5, 0x1
core   0: 3 0x8000b340 (0x00001f17) x30 0x8000c340
core   0: 0x8000b344 (0xcc3f2023) sw      gp, -832(t5)
core   0: 3 0x8000b344 (0xcc3f2023) mem 0x8000c000 0x00000001
core   0: 0x8000b348 (0xff9ff06f) j       pc - 0x8
core   0: 3 0x8000b348 (0xff9ff06f)
core   0: 0x8000b340 (0x00001f17) auipc   t5, 0x1
core   0: 3 0x8000b340 (0x00001f17) x30 0x8000c340
core   0: 0x8000b344 (0xcc3f2023) sw      gp, -832(t5)
core   0: 3 0x8000b344 (0xcc3f2023) mem 0x8000c000 0x00000001
core   0: 0x8000b348 (0xff9ff06f) j       pc - 0x8
core   0: 3 0x8000b348 (0xff9ff06f)
core   0: 0x8000b340 (0x00001f17) auipc   t5, 0x1
core   0: 3 0x8000b340 (0x00001f17) x30 0x8000c340
core   0: 0x8000b344 (0xcc3f2023) sw      gp, -832(t5)
core   0: 3 0x8000b344 (0xcc3f2023) mem 0x8000c000 0x00000001
core   0: 0x8000b348 (0xff9ff06f) j       pc - 0x8
core   0: 3 0x8000b348 (0xff9ff06f)
core   0: 0x8000b340 (0x00001f17) auipc   t5, 0x1
core   0: 3 0x8000b340 (0x00001f17) x30 0x8000c340
core   0: 0x8000b344 (0xcc3f2023) sw      gp, -832(t5)
core   0: 3 0x8000b344 (0xcc3f2023) mem 0x8000c000 0x00000001
core   0: 0x8000b348 (0xff9ff06f) j       pc - 0x8
core   0: 3 0x8000b348 (0xff9ff06f)
core   0: 0x8000b340 (0x00001f17) auipc   t5, 0x1
core   0: 3 0x8000b340 (0x00001f17) x30 0x8000c340
core   0: 0x8000b344 (0xcc3f2023) sw      gp, -832(t5)
core   0: 3 0x8000b344 (0xcc3f2023) mem 0x8000c000 0x00000001
core   0: 0x8000b348 (0xff9ff06f) j       pc - 0x8
core   0: 3 0x8000b348 (0xff9ff06f)
core   0: 0x8000b340 (0x00001f17) auipc   t5, 0x1
core   0: 3 0x8000b340 (0x00001f17) x30 0x8000c340
core   0: 0x8000b344 (0xcc3f2023) sw      gp, -832(t5)
core   0: 3 0x8000b344 (0xcc3f2023) mem 0x8000c000 0x00000001
core   0: 0x8000b348 (0xff9ff06f) j       pc - 0x8
core   0: 3 0x8000b348 (0xff9ff06f)
core   0: 0x8000b340 (0x00001f17) auipc   t5, 0x1
core   0: 3 0x8000b340 (0x00001f17) x30 0x8000c340
core   0: 0x8000b344 (0xcc3f2023) sw      gp, -832(t5)
core   0: 3 0x8000b344 (0xcc3f2023) mem 0x8000c000 0x00000001
core   0: 0x8000b348 (0xff9ff06f) j       pc - 0x8
core   0: 3 0x8000b348 (0xff9ff06f)
core   0: 0x8000b340 (0x00001f17) auipc   t5, 0x1
core   0: 3 0x8000b340 (0x00001f17) x30 0x8000c340
core   0: 0x8000b344 (0xcc3f2023) sw      gp, -832(t5)
core   0: 3 0x8000b344 (0xcc3f2023) mem 0x8000c000 0x00000001
core   0: 0x8000b348 (0xff9ff06f) j       pc - 0x8
core   0: 3 0x8000b348 (0xff9ff06f)
core   0: 0x8000b340 (0x00001f17) auipc   t5, 0x1
core   0: 3 0x8000b340 (0x00001f17) x30 0x8000c340
core   0: 0x8000b344 (0xcc3f2023) sw      gp, -832(t5)
core   0: 3 0x8000b344 (0xcc3f2023) mem 0x8000c000 0x00000001
core   0: 0x8000b348 (0xff9ff06f) j       pc - 0x8
core   0: 3 0x8000b348 (0xff9ff06f)
core   0: 0x8000b340 (0x00001f17) auipc   t5, 0x1
core   0: 3 0x8000b340 (0x00001f17) x30 0x8000c340
core   0: 0x8000b344 (0xcc3f2023) sw      gp, -832(t5)
core   0: 3 0x8000b344 (0xcc3f2023) mem 0x8000c000 0x00000001
core   0: 0x8000b348 (0xff9ff06f) j       pc - 0x8
core   0: 3 0x8000b348 (0xff9ff06f)
core   0: 0x8000b340 (0x00001f17) auipc   t5, 0x1
core   0: 3 0x8000b340 (0x00001f17) x30 0x8000c340
core   0: 0x8000b344 (0xcc3f2023) sw      gp, -832(t5)
core   0: 3 0x8000b344 (0xcc3f2023) mem 0x8000c000 0x00000001
core   0: 0x8000b348 (0xff9ff06f) j       pc - 0x8
core   0: 3 0x8000b348 (0xff9ff06f)
core   0: 0x8000b340 (0x00001f17) auipc   t5, 0x1
core   0: 3 0x8000b340 (0x00001f17) x30 0x8000c340
core   0: 0x8000b344 (0xcc3f2023) sw      gp, -832(t5)
core   0: 3 0x8000b344 (0xcc3f2023) mem 0x8000c000 0x00000001
core   0: 0x8000b348 (0xff9ff06f) j       pc - 0x8
core   0: 3 0x8000b348 (0xff9ff06f)
core   0: 0x8000b340 (0x00001f17) auipc   t5, 0x1
core   0: 3 0x8000b340 (0x00001f17) x30 0x8000c340
core   0: 0x8000b344 (0xcc3f2023) sw      gp, -832(t5)
core   0: 3 0x8000b344 (0xcc3f2023) mem 0x8000c000 0x00000001
core   0: 0x8000b348 (0xff9ff06f) j       pc - 0x8
core   0: 3 0x8000b348 (0xff9ff06f)
core   0: 0x8000b340 (0x00001f17) auipc   t5, 0x1
core   0: 3 0x8000b340 (0x00001f17) x30 0x8000c340
core   0: 0x8000b344 (0xcc3f2023) sw      gp, -832(t5)
core   0: 3 0x8000b344 (0xcc3f2023) mem 0x8000c000 0x00000001
core   0: 0x8000b348 (0xff9ff06f) j       pc - 0x8
core   0: 3 0x8000b348 (0xff9ff06f)
core   0: 0x8000b340 (0x00001f17) auipc   t5, 0x1
core   0: 3 0x8000b340 (0x00001f17) x30 0x8000c340
core   0: 0x8000b344 (0xcc3f2023) sw      gp, -832(t5)
core   0: 3 0x8000b344 (0xcc3f2023) mem 0x8000c000 0x00000001
core   0: 0x8000b348 (0xff9ff06f) j       pc - 0x8
core   0: 3 0x8000b348 (0xff9ff06f)
core   0: 0x8000b340 (0x00001f17) auipc   t5, 0x1
core   0: 3 0x8000b340 (0x00001f17) x30 0x8000c340
core   0: 0x8000b344 (0xcc3f2023) sw      gp, -832(t5)
core   0: 3 0x8000b344 (0xcc3f2023) mem 0x8000c000 0x00000001
core   0: 0x8000b348 (0xff9ff06f) j       pc - 0x8
core   0: 3 0x8000b348 (0xff9ff06f)
core   0: 0x8000b340 (0x00001f17) auipc   t5, 0x1
core   0: 3 0x8000b340 (0x00001f17) x30 0x8000c340
core   0: 0x8000b344 (0xcc3f2023) sw      gp, -832(t5)
core   0: 3 0x8000b344 (0xcc3f2023) mem 0x8000c000 0x00000001
core   0: 0x8000b348 (0xff9ff06f) j       pc - 0x8
core   0: 3 0x8000b348 (0xff9ff06f)
core   0: 0x8000b340 (0x00001f17) auipc   t5, 0x1
core   0: 3 0x8000b340 (0x00001f17) x30 0x8000c340
core   0: 0x8000b344 (0xcc3f2023) sw      gp, -832(t5)
core   0: 3 0x8000b344 (0xcc3f2023) mem 0x8000c000 0x00000001
core   0: 0x8000b348 (0xff9ff06f) j       pc - 0x8
core   0: 3 0x8000b348 (0xff9ff06f)
core   0: 0x8000b340 (0x00001f17) auipc   t5, 0x1
core   0: 3 0x8000b340 (0x00001f17) x30 0x8000c340
core   0: 0x8000b344 (0xcc3f2023) sw      gp, -832(t5)
core   0: 3 0x8000b344 (0xcc3f2023) mem 0x8000c000 0x00000001
core   0: 0x8000b348 (0xff9ff06f) j       pc - 0x8
core   0: 3 0x8000b348 (0xff9ff06f)
core   0: 0x8000b340 (0x00001f17) auipc   t5, 0x1
core   0: 3 0x8000b340 (0x00001f17) x30 0x8000c340
core   0: 0x8000b344 (0xcc3f2023) sw      gp, -832(t5)
core   0: 3 0x8000b344 (0xcc3f2023) mem 0x8000c000 0x00000001
core   0: 0x8000b348 (0xff9ff06f) j       pc - 0x8
core   0: 3 0x8000b348 (0xff9ff06f)
core   0: 0x8000b340 (0x00001f17) auipc   t5, 0x1
core   0: 3 0x8000b340 (0x00001f17) x30 0x8000c340
core   0: 0x8000b344 (0xcc3f2023) sw      gp, -832(t5)
core   0: 3 0x8000b344 (0xcc3f2023) mem 0x8000c000 0x00000001
core   0: 0x8000b348 (0xff9ff06f) j       pc - 0x8
core   0: 3 0x8000b348 (0xff9ff06f)
core   0: 0x8000b340 (0x00001f17) auipc   t5, 0x1
core   0: 3 0x8000b340 (0x00001f17) x30 0x8000c340
core   0: 0x8000b344 (0xcc3f2023) sw      gp, -832(t5)
core   0: 3 0x8000b344 (0xcc3f2023) mem 0x8000c000 0x00000001
core   0: 0x8000b348 (0xff9ff06f) j       pc - 0x8
core   0: 3 0x8000b348 (0xff9ff06f)
core   0: 0x8000b340 (0x00001f17) auipc   t5, 0x1
core   0: 3 0x8000b340 (0x00001f17) x30 0x8000c340
core   0: 0x8000b344 (0xcc3f2023) sw      gp, -832(t5)
core   0: 3 0x8000b344 (0xcc3f2023) mem 0x8000c000 0x00000001
core   0: 0x8000b348 (0xff9ff06f) j       pc - 0x8
core   0: 3 0x8000b348 (0xff9ff06f)
core   0: 0x8000b340 (0x00001f17) auipc   t5, 0x1
core   0: 3 0x8000b340 (0x00001f17) x30 0x8000c340
core   0: 0x8000b344 (0xcc3f2023) sw      gp, -832(t5)
core   0: 3 0x8000b344 (0xcc3f2023) mem 0x8000c000 0x00000001
core   0: 0x8000b348 (0xff9ff06f) j       pc - 0x8
core   0: 3 0x8000b348 (0xff9ff06f)
core   0: 0x8000b340 (0x00001f17) auipc   t5, 0x1
core   0: 3 0x8000b340 (0x00001f17) x30 0x8000c340
core   0: 0x8000b344 (0xcc3f2023) sw      gp, -832(t5)
core   0: 3 0x8000b344 (0xcc3f2023) mem 0x8000c000 0x00000001
core   0: 0x8000b348 (0xff9ff06f) j       pc - 0x8
core   0: 3 0x8000b348 (0xff9ff06f)
core   0: 0x8000b340 (0x00001f17) auipc   t5, 0x1
core   0: 3 0x8000b340 (0x00001f17) x30 0x8000c340
core   0: 0x8000b344 (0xcc3f2023) sw      gp, -832(t5)
core   0: 3 0x8000b344 (0xcc3f2023) mem 0x8000c000 0x00000001
core   0: 0x8000b348 (0xff9ff06f) j       pc - 0x8
core   0: 3 0x8000b348 (0xff9ff06f)
core   0: 0x8000b340 (0x00001f17) auipc   t5, 0x1
core   0: 3 0x8000b340 (0x00001f17) x30 0x8000c340
core   0: 0x8000b344 (0xcc3f2023) sw      gp, -832(t5)
core   0: 3 0x8000b344 (0xcc3f2023) mem 0x8000c000 0x00000001
core   0: 0x8000b348 (0xff9ff06f) j       pc - 0x8
core   0: 3 0x8000b348 (0xff9ff06f)
core   0: 0x8000b340 (0x00001f17) auipc   t5, 0x1
core   0: 3 0x8000b340 (0x00001f17) x30 0x8000c340
core   0: 0x8000b344 (0xcc3f2023) sw      gp, -832(t5)
core   0: 3 0x8000b344 (0xcc3f2023) mem 0x8000c000 0x00000001
core   0: 0x8000b348 (0xff9ff06f) j       pc - 0x8
core   0: 3 0x8000b348 (0xff9ff06f)
core   0: 0x8000b340 (0x00001f17) auipc   t5, 0x1
core   0: 3 0x8000b340 (0x00001f17) x30 0x8000c340
core   0: 0x8000b344 (0xcc3f2023) sw      gp, -832(t5)
core   0: 3 0x8000b344 (0xcc3f2023) mem 0x8000c000 0x00000001
core   0: 0x8000b348 (0xff9ff06f) j       pc - 0x8
core   0: 3 0x8000b348 (0xff9ff06f)
core   0: 0x8000b340 (0x00001f17) auipc   t5, 0x1
core   0: 3 0x8000b340 (0x00001f17) x30 0x8000c340
core   0: 0x8000b344 (0xcc3f2023) sw      gp, -832(t5)
core   0: 3 0x8000b344 (0xcc3f2023) mem 0x8000c000 0x00000001
core   0: 0x8000b348 (0xff9ff06f) j       pc - 0x8
core   0: 3 0x8000b348 (0xff9ff06f)
core   0: 0x8000b340 (0x00001f17) auipc   t5, 0x1
core   0: 3 0x8000b340 (0x00001f17) x30 0x8000c340
core   0: 0x8000b344 (0xcc3f2023) sw      gp, -832(t5)
core   0: 3 0x8000b344 (0xcc3f2023) mem 0x8000c000 0x00000001
core   0: 0x8000b348 (0xff9ff06f) j       pc - 0x8
core   0: 3 0x8000b348 (0xff9ff06f)
core   0: 0x8000b340 (0x00001f17) auipc   t5, 0x1
core   0: 3 0x8000b340 (0x00001f17) x30 0x8000c340
core   0: 0x8000b344 (0xcc3f2023) sw      gp, -832(t5)
core   0: 3 0x8000b344 (0xcc3f2023) mem 0x8000c000 0x00000001
core   0: 0x8000b348 (0xff9ff06f) j       pc - 0x8
core   0: 3 0x8000b348 (0xff9ff06f)
core   0: 0x8000b340 (0x00001f17) auipc   t5, 0x1
core   0: 3 0x8000b340 (0x00001f17) x30 0x8000c340
core   0: 0x8000b344 (0xcc3f2023) sw      gp, -832(t5)
core   0: 3 0x8000b344 (0xcc3f2023) mem 0x8000c000 0x00000001
core   0: 0x8000b348 (0xff9ff06f) j       pc - 0x8
core   0: 3 0x8000b348 (0xff9ff06f)
core   0: 0x8000b340 (0x00001f17) auipc   t5, 0x1
core   0: 3 0x8000b340 (0x00001f17) x30 0x8000c340
core   0: 0x8000b344 (0xcc3f2023) sw      gp, -832(t5)
core   0: 3 0x8000b344 (0xcc3f2023) mem 0x8000c000 0x00000001
core   0: 0x8000b348 (0xff9ff06f) j       pc - 0x8
core   0: 3 0x8000b348 (0xff9ff06f)
core   0: 0x8000b340 (0x00001f17) auipc   t5, 0x1
core   0: 3 0x8000b340 (0x00001f17) x30 0x8000c340
core   0: 0x8000b344 (0xcc3f2023) sw      gp, -832(t5)
core   0: 3 0x8000b344 (0xcc3f2023) mem 0x8000c000 0x00000001
core   0: 0x8000b348 (0xff9ff06f) j       pc - 0x8
core   0: 3 0x8000b348 (0xff9ff06f)
core   0: 0x8000b340 (0x00001f17) auipc   t5, 0x1
core   0: 3 0x8000b340 (0x00001f17) x30 0x8000c340
core   0: 0x8000b344 (0xcc3f2023) sw      gp, -832(t5)
core   0: 3 0x8000b344 (0xcc3f2023) mem 0x8000c000 0x00000001
core   0: 0x8000b348 (0xff9ff06f) j       pc - 0x8
core   0: 3 0x8000b348 (0xff9ff06f)
core   0: 0x8000b340 (0x00001f17) auipc   t5, 0x1
core   0: 3 0x8000b340 (0x00001f17) x30 0x8000c340
core   0: 0x8000b344 (0xcc3f2023) sw      gp, -832(t5)
core   0: 3 0x8000b344 (0xcc3f2023) mem 0x8000c000 0x00000001
core   0: 0x8000b348 (0xff9ff06f) j       pc - 0x8
core   0: 3 0x8000b348 (0xff9ff06f)
core   0: 0x8000b340 (0x00001f17) auipc   t5, 0x1
core   0: 3 0x8000b340 (0x00001f17) x30 0x8000c340
core   0: 0x8000b344 (0xcc3f2023) sw      gp, -832(t5)
core   0: 3 0x8000b344 (0xcc3f2023) mem 0x8000c000 0x00000001
core   0: 0x8000b348 (0xff9ff06f) j       pc - 0x8
core   0: 3 0x8000b348 (0xff9ff06f)
core   0: 0x8000b340 (0x00001f17) auipc   t5, 0x1
core   0: 3 0x8000b340 (0x00001f17) x30 0x8000c340
core   0: 0x8000b344 (0xcc3f2023) sw      gp, -832(t5)
core   0: 3 0x8000b344 (0xcc3f2023) mem 0x8000c000 0x00000001
core   0: 0x8000b348 (0xff9ff06f) j       pc - 0x8
core   0: 3 0x8000b348 (0xff9ff06f)
core   0: 0x8000b340 (0x00001f17) auipc   t5, 0x1
core   0: 3 0x8000b340 (0x00001f17) x30 0x8000c340
core   0: 0x8000b344 (0xcc3f2023) sw      gp, -832(t5)
core   0: 3 0x8000b344 (0xcc3f2023) mem 0x8000c000 0x00000001
core   0: 0x8000b348 (0xff9ff06f) j       pc - 0x8
core   0: 3 0x8000b348 (0xff9ff06f)
core   0: 0x8000b340 (0x00001f17) auipc   t5, 0x1
core   0: 3 0x8000b340 (0x00001f17) x30 0x8000c340
core   0: 0x8000b344 (0xcc3f2023) sw      gp, -832(t5)
core   0: 3 0x8000b344 (0xcc3f2023) mem 0x8000c000 0x00000001
core   0: 0x8000b348 (0xff9ff06f) j       pc - 0x8
core   0: 3 0x8000b348 (0xff9ff06f)
core   0: 0x8000b340 (0x00001f17) auipc   t5, 0x1
core   0: 3 0x8000b340 (0x00001f17) x30 0x8000c340
core   0: 0x8000b344 (0xcc3f2023) sw      gp, -832(t5)
core   0: 3 0x8000b344 (0xcc3f2023) mem 0x8000c000 0x00000001
core   0: 0x8000b348 (0xff9ff06f) j       pc - 0x8
core   0: 3 0x8000b348 (0xff9ff06f)
core   0: 0x8000b340 (0x00001f17) auipc   t5, 0x1
core   0: 3 0x8000b340 (0x00001f17) x30 0x8000c340
core   0: 0x8000b344 (0xcc3f2023) sw      gp, -832(t5)
core   0: 3 0x8000b344 (0xcc3f2023) mem 0x8000c000 0x00000001
core   0: 0x8000b348 (0xff9ff06f) j       pc - 0x8
core   0: 3 0x8000b348 (0xff9ff06f)
core   0: 0x8000b340 (0x00001f17) auipc   t5, 0x1
core   0: 3 0x8000b340 (0x00001f17) x30 0x8000c340
core   0: 0x8000b344 (0xcc3f2023) sw      gp, -832(t5)
core   0: 3 0x8000b344 (0xcc3f2023) mem 0x8000c000 0x00000001
core   0: 0x8000b348 (0xff9ff06f) j       pc - 0x8
core   0: 3 0x8000b348 (0xff9ff06f)
core   0: 0x8000b340 (0x00001f17) auipc   t5, 0x1
core   0: 3 0x8000b340 (0x00001f17) x30 0x8000c340
core   0: 0x8000b344 (0xcc3f2023) sw      gp, -832(t5)
core   0: 3 0x8000b344 (0xcc3f2023) mem 0x8000c000 0x00000001
core   0: 0x8000b348 (0xff9ff06f) j       pc - 0x8
core   0: 3 0x8000b348 (0xff9ff06f)
core   0: 0x8000b340 (0x00001f17) auipc   t5, 0x1
core   0: 3 0x8000b340 (0x00001f17) x30 0x8000c340
core   0: 0x8000b344 (0xcc3f2023) sw      gp, -832(t5)
core   0: 3 0x8000b344 (0xcc3f2023) mem 0x8000c000 0x00000001
core   0: 0x8000b348 (0xff9ff06f) j       pc - 0x8
core   0: 3 0x8000b348 (0xff9ff06f)
core   0: 0x8000b340 (0x00001f17) auipc   t5, 0x1
core   0: 3 0x8000b340 (0x00001f17) x30 0x8000c340
core   0: 0x8000b344 (0xcc3f2023) sw      gp, -832(t5)
core   0: 3 0x8000b344 (0xcc3f2023) mem 0x8000c000 0x00000001
core   0: 0x8000b348 (0xff9ff06f) j       pc - 0x8
core   0: 3 0x8000b348 (0xff9ff06f)
core   0: 0x8000b340 (0x00001f17) auipc   t5, 0x1
core   0: 3 0x8000b340 (0x00001f17) x30 0x8000c340
core   0: 0x8000b344 (0xcc3f2023) sw      gp, -832(t5)
core   0: 3 0x8000b344 (0xcc3f2023) mem 0x8000c000 0x00000001
core   0: 0x8000b348 (0xff9ff06f) j       pc - 0x8
core   0: 3 0x8000b348 (0xff9ff06f)
core   0: 0x8000b340 (0x00001f17) auipc   t5, 0x1
core   0: 3 0x8000b340 (0x00001f17) x30 0x8000c340
core   0: 0x8000b344 (0xcc3f2023) sw      gp, -832(t5)
core   0: 3 0x8000b344 (0xcc3f2023) mem 0x8000c000 0x00000001
core   0: 0x8000b348 (0xff9ff06f) j       pc - 0x8
core   0: 3 0x8000b348 (0xff9ff06f)
core   0: 0x8000b340 (0x00001f17) auipc   t5, 0x1
core   0: 3 0x8000b340 (0x00001f17) x30 0x8000c340
core   0: 0x8000b344 (0xcc3f2023) sw      gp, -832(t5)
core   0: 3 0x8000b344 (0xcc3f2023) mem 0x8000c000 0x00000001
core   0: 0x8000b348 (0xff9ff06f) j       pc - 0x8
core   0: 3 0x8000b348 (0xff9ff06f)
core   0: 0x8000b340 (0x00001f17) auipc   t5, 0x1
core   0: 3 0x8000b340 (0x00001f17) x30 0x8000c340
core   0: 0x8000b344 (0xcc3f2023) sw      gp, -832(t5)
core   0: 3 0x8000b344 (0xcc3f2023) mem 0x8000c000 0x00000001
core   0: 0x8000b348 (0xff9ff06f) j       pc - 0x8
core   0: 3 0x8000b348 (0xff9ff06f)
core   0: 0x8000b340 (0x00001f17) auipc   t5, 0x1
core   0: 3 0x8000b340 (0x00001f17) x30 0x8000c340
core   0: 0x8000b344 (0xcc3f2023) sw      gp, -832(t5)
core   0: 3 0x8000b344 (0xcc3f2023) mem 0x8000c000 0x00000001
core   0: 0x8000b348 (0xff9ff06f) j       pc - 0x8
core   0: 3 0x8000b348 (0xff9ff06f)
core   0: 0x8000b340 (0x00001f17) auipc   t5, 0x1
core   0: 3 0x8000b340 (0x00001f17) x30 0x8000c340
core   0: 0x8000b344 (0xcc3f2023) sw      gp, -832(t5)
core   0: 3 0x8000b344 (0xcc3f2023) mem 0x8000c000 0x00000001
core   0: 0x8000b348 (0xff9ff06f) j       pc - 0x8
core   0: 3 0x8000b348 (0xff9ff06f)
core   0: 0x8000b340 (0x00001f17) auipc   t5, 0x1
core   0: 3 0x8000b340 (0x00001f17) x30 0x8000c340
core   0: 0x8000b344 (0xcc3f2023) sw      gp, -832(t5)
core   0: 3 0x8000b344 (0xcc3f2023) mem 0x8000c000 0x00000001
core   0: 0x8000b348 (0xff9ff06f) j       pc - 0x8
core   0: 3 0x8000b348 (0xff9ff06f)
core   0: 0x8000b340 (0x00001f17) auipc   t5, 0x1
core   0: 3 0x8000b340 (0x00001f17) x30 0x8000c340
core   0: 0x8000b344 (0xcc3f2023) sw      gp, -832(t5)
core   0: 3 0x8000b344 (0xcc3f2023) mem 0x8000c000 0x00000001
core   0: 0x8000b348 (0xff9ff06f) j       pc - 0x8
core   0: 3 0x8000b348 (0xff9ff06f)
core   0: 0x8000b340 (0x00001f17) auipc   t5, 0x1
core   0: 3 0x8000b340 (0x00001f17) x30 0x8000c340
core   0: 0x8000b344 (0xcc3f2023) sw      gp, -832(t5)
core   0: 3 0x8000b344 (0xcc3f2023) mem 0x8000c000 0x00000001
core   0: 0x8000b348 (0xff9ff06f) j       pc - 0x8
core   0: 3 0x8000b348 (0xff9ff06f)
core   0: 0x8000b340 (0x00001f17) auipc   t5, 0x1
core   0: 3 0x8000b340 (0x00001f17) x30 0x8000c340
core   0: 0x8000b344 (0xcc3f2023) sw      gp, -832(t5)
core   0: 3 0x8000b344 (0xcc3f2023) mem 0x8000c000 0x00000001
core   0: 0x8000b348 (0xff9ff06f) j       pc - 0x8
core   0: 3 0x8000b348 (0xff9ff06f)
core   0: 0x8000b340 (0x00001f17) auipc   t5, 0x1
core   0: 3 0x8000b340 (0x00001f17) x30 0x8000c340
core   0: 0x8000b344 (0xcc3f2023) sw      gp, -832(t5)
core   0: 3 0x8000b344 (0xcc3f2023) mem 0x8000c000 0x00000001
core   0: 0x8000b348 (0xff9ff06f) j       pc - 0x8
core   0: 3 0x8000b348 (0xff9ff06f)
core   0: 0x8000b340 (0x00001f17) auipc   t5, 0x1
core   0: 3 0x8000b340 (0x00001f17) x30 0x8000c340
core   0: 0x8000b344 (0xcc3f2023) sw      gp, -832(t5)
core   0: 3 0x8000b344 (0xcc3f2023) mem 0x8000c000 0x00000001
core   0: 0x8000b348 (0xff9ff06f) j       pc - 0x8
core   0: 3 0x8000b348 (0xff9ff06f)
core   0: 0x8000b340 (0x00001f17) auipc   t5, 0x1
core   0: 3 0x8000b340 (0x00001f17) x30 0x8000c340
core   0: 0x8000b344 (0xcc3f2023) sw      gp, -832(t5)
core   0: 3 0x8000b344 (0xcc3f2023) mem 0x8000c000 0x00000001
core   0: 0x8000b348 (0xff9ff06f) j       pc - 0x8
core   0: 3 0x8000b348 (0xff9ff06f)
core   0: 0x8000b340 (0x00001f17) auipc   t5, 0x1
core   0: 3 0x8000b340 (0x00001f17) x30 0x8000c340
core   0: 0x8000b344 (0xcc3f2023) sw      gp, -832(t5)
core   0: 3 0x8000b344 (0xcc3f2023) mem 0x8000c000 0x00000001
core   0: 0x8000b348 (0xff9ff06f) j       pc - 0x8
core   0: 3 0x8000b348 (0xff9ff06f)
core   0: 0x8000b340 (0x00001f17) auipc   t5, 0x1
core   0: 3 0x8000b340 (0x00001f17) x30 0x8000c340
core   0: 0x8000b344 (0xcc3f2023) sw      gp, -832(t5)
core   0: 3 0x8000b344 (0xcc3f2023) mem 0x8000c000 0x00000001
core   0: 0x8000b348 (0xff9ff06f) j       pc - 0x8
core   0: 3 0x8000b348 (0xff9ff06f)
core   0: 0x8000b340 (0x00001f17) auipc   t5, 0x1
core   0: 3 0x8000b340 (0x00001f17) x30 0x8000c340
core   0: 0x8000b344 (0xcc3f2023) sw      gp, -832(t5)
core   0: 3 0x8000b344 (0xcc3f2023) mem 0x8000c000 0x00000001
core   0: 0x8000b348 (0xff9ff06f) j       pc - 0x8
core   0: 3 0x8000b348 (0xff9ff06f)
core   0: 0x8000b340 (0x00001f17) auipc   t5, 0x1
core   0: 3 0x8000b340 (0x00001f17) x30 0x8000c340
core   0: 0x8000b344 (0xcc3f2023) sw      gp, -832(t5)
core   0: 3 0x8000b344 (0xcc3f2023) mem 0x8000c000 0x00000001
core   0: 0x8000b348 (0xff9ff06f) j       pc - 0x8
core   0: 3 0x8000b348 (0xff9ff06f)
core   0: 0x8000b340 (0x00001f17) auipc   t5, 0x1
core   0: 3 0x8000b340 (0x00001f17) x30 0x8000c340
core   0: 0x8000b344 (0xcc3f2023) sw      gp, -832(t5)
core   0: 3 0x8000b344 (0xcc3f2023) mem 0x8000c000 0x00000001
core   0: 0x8000b348 (0xff9ff06f) j       pc - 0x8
core   0: 3 0x8000b348 (0xff9ff06f)
core   0: 0x8000b340 (0x00001f17) auipc   t5, 0x1
core   0: 3 0x8000b340 (0x00001f17) x30 0x8000c340
core   0: 0x8000b344 (0xcc3f2023) sw      gp, -832(t5)
core   0: 3 0x8000b344 (0xcc3f2023) mem 0x8000c000 0x00000001
core   0: 0x8000b348 (0xff9ff06f) j       pc - 0x8
core   0: 3 0x8000b348 (0xff9ff06f)
core   0: 0x8000b340 (0x00001f17) auipc   t5, 0x1
core   0: 3 0x8000b340 (0x00001f17) x30 0x8000c340
core   0: 0x8000b344 (0xcc3f2023) sw      gp, -832(t5)
core   0: 3 0x8000b344 (0xcc3f2023) mem 0x8000c000 0x00000001
core   0: 0x8000b348 (0xff9ff06f) j       pc - 0x8
core   0: 3 0x8000b348 (0xff9ff06f)
core   0: 0x8000b340 (0x00001f17) auipc   t5, 0x1
core   0: 3 0x8000b340 (0x00001f17) x30 0x8000c340
core   0: 0x8000b344 (0xcc3f2023) sw      gp, -832(t5)
core   0: 3 0x8000b344 (0xcc3f2023) mem 0x8000c000 0x00000001
core   0: 0x8000b348 (0xff9ff06f) j       pc - 0x8
core   0: 3 0x8000b348 (0xff9ff06f)
core   0: 0x8000b340 (0x00001f17) auipc   t5, 0x1
core   0: 3 0x8000b340 (0x00001f17) x30 0x8000c340
core   0: 0x8000b344 (0xcc3f2023) sw      gp, -832(t5)
core   0: 3 0x8000b344 (0xcc3f2023) mem 0x8000c000 0x00000001
core   0: 0x8000b348 (0xff9ff06f) j       pc - 0x8
core   0: 3 0x8000b348 (0xff9ff06f)
core   0: 0x8000b340 (0x00001f17) auipc   t5, 0x1
core   0: 3 0x8000b340 (0x00001f17) x30 0x8000c340
core   0: 0x8000b344 (0xcc3f2023) sw      gp, -832(t5)
core   0: 3 0x8000b344 (0xcc3f2023) mem 0x8000c000 0x00000001
core   0: 0x8000b348 (0xff9ff06f) j       pc - 0x8
core   0: 3 0x8000b348 (0xff9ff06f)
core   0: 0x8000b340 (0x00001f17) auipc   t5, 0x1
core   0: 3 0x8000b340 (0x00001f17) x30 0x8000c340
core   0: 0x8000b344 (0xcc3f2023) sw      gp, -832(t5)
core   0: 3 0x8000b344 (0xcc3f2023) mem 0x8000c000 0x00000001
core   0: 0x8000b348 (0xff9ff06f) j       pc - 0x8
core   0: 3 0x8000b348 (0xff9ff06f)
core   0: 0x8000b340 (0x00001f17) auipc   t5, 0x1
core   0: 3 0x8000b340 (0x00001f17) x30 0x8000c340
core   0: 0x8000b344 (0xcc3f2023) sw      gp, -832(t5)
core   0: 3 0x8000b344 (0xcc3f2023) mem 0x8000c000 0x00000001
core   0: 0x8000b348 (0xff9ff06f) j       pc - 0x8
core   0: 3 0x8000b348 (0xff9ff06f)
core   0: 0x8000b340 (0x00001f17) auipc   t5, 0x1
core   0: 3 0x8000b340 (0x00001f17) x30 0x8000c340
core   0: 0x8000b344 (0xcc3f2023) sw      gp, -832(t5)
core   0: 3 0x8000b344 (0xcc3f2023) mem 0x8000c000 0x00000001
core   0: 0x8000b348 (0xff9ff06f) j       pc - 0x8
core   0: 3 0x8000b348 (0xff9ff06f)
core   0: 0x8000b340 (0x00001f17) auipc   t5, 0x1
core   0: 3 0x8000b340 (0x00001f17) x30 0x8000c340
core   0: 0x8000b344 (0xcc3f2023) sw      gp, -832(t5)
core   0: 3 0x8000b344 (0xcc3f2023) mem 0x8000c000 0x00000001
core   0: 0x8000b348 (0xff9ff06f) j       pc - 0x8
core   0: 3 0x8000b348 (0xff9ff06f)
core   0: 0x8000b340 (0x00001f17) auipc   t5, 0x1
core   0: 3 0x8000b340 (0x00001f17) x30 0x8000c340
core   0: 0x8000b344 (0xcc3f2023) sw      gp, -832(t5)
core   0: 3 0x8000b344 (0xcc3f2023) mem 0x8000c000 0x00000001
core   0: 0x8000b348 (0xff9ff06f) j       pc - 0x8
core   0: 3 0x8000b348 (0xff9ff06f)
core   0: 0x8000b340 (0x00001f17) auipc   t5, 0x1
core   0: 3 0x8000b340 (0x00001f17) x30 0x8000c340
core   0: 0x8000b344 (0xcc3f2023) sw      gp, -832(t5)
core   0: 3 0x8000b344 (0xcc3f2023) mem 0x8000c000 0x00000001
core   0: 0x8000b348 (0xff9ff06f) j       pc - 0x8
core   0: 3 0x8000b348 (0xff9ff06f)
core   0: 0x8000b340 (0x00001f17) auipc   t5, 0x1
core   0: 3 0x8000b340 (0x00001f17) x30 0x8000c340
core   0: 0x8000b344 (0xcc3f2023) sw      gp, -832(t5)
core   0: 3 0x8000b344 (0xcc3f2023) mem 0x8000c000 0x00000001
core   0: 0x8000b348 (0xff9ff06f) j       pc - 0x8
core   0: 3 0x8000b348 (0xff9ff06f)
core   0: 0x8000b340 (0x00001f17) auipc   t5, 0x1
core   0: 3 0x8000b340 (0x00001f17) x30 0x8000c340
core   0: 0x8000b344 (0xcc3f2023) sw      gp, -832(t5)
core   0: 3 0x8000b344 (0xcc3f2023) mem 0x8000c000 0x00000001
core   0: 0x8000b348 (0xff9ff06f) j       pc - 0x8
core   0: 3 0x8000b348 (0xff9ff06f)
core   0: 0x8000b340 (0x00001f17) auipc   t5, 0x1
core   0: 3 0x8000b340 (0x00001f17) x30 0x8000c340
core   0: 0x8000b344 (0xcc3f2023) sw      gp, -832(t5)
core   0: 3 0x8000b344 (0xcc3f2023) mem 0x8000c000 0x00000001
core   0: 0x8000b348 (0xff9ff06f) j       pc - 0x8
core   0: 3 0x8000b348 (0xff9ff06f)
core   0: 0x8000b340 (0x00001f17) auipc   t5, 0x1
core   0: 3 0x8000b340 (0x00001f17) x30 0x8000c340
core   0: 0x8000b344 (0xcc3f2023) sw      gp, -832(t5)
core   0: 3 0x8000b344 (0xcc3f2023) mem 0x8000c000 0x00000001
core   0: 0x8000b348 (0xff9ff06f) j       pc - 0x8
core   0: 3 0x8000b348 (0xff9ff06f)
core   0: 0x8000b340 (0x00001f17) auipc   t5, 0x1
core   0: 3 0x8000b340 (0x00001f17) x30 0x8000c340
core   0: 0x8000b344 (0xcc3f2023) sw      gp, -832(t5)
core   0: 3 0x8000b344 (0xcc3f2023) mem 0x8000c000 0x00000001
core   0: 0x8000b348 (0xff9ff06f) j       pc - 0x8
core   0: 3 0x8000b348 (0xff9ff06f)
core   0: 0x8000b340 (0x00001f17) auipc   t5, 0x1
core   0: 3 0x8000b340 (0x00001f17) x30 0x8000c340
core   0: 0x8000b344 (0xcc3f2023) sw      gp, -832(t5)
core   0: 3 0x8000b344 (0xcc3f2023) mem 0x8000c000 0x00000001
core   0: 0x8000b348 (0xff9ff06f) j       pc - 0x8
core   0: 3 0x8000b348 (0xff9ff06f)
core   0: 0x8000b340 (0x00001f17) auipc   t5, 0x1
core   0: 3 0x8000b340 (0x00001f17) x30 0x8000c340
core   0: 0x8000b344 (0xcc3f2023) sw      gp, -832(t5)
core   0: 3 0x8000b344 (0xcc3f2023) mem 0x8000c000 0x00000001
core   0: 0x8000b348 (0xff9ff06f) j       pc - 0x8
core   0: 3 0x8000b348 (0xff9ff06f)
core   0: 0x8000b340 (0x00001f17) auipc   t5, 0x1
core   0: 3 0x8000b340 (0x00001f17) x30 0x8000c340
core   0: 0x8000b344 (0xcc3f2023) sw      gp, -832(t5)
core   0: 3 0x8000b344 (0xcc3f2023) mem 0x8000c000 0x00000001
core   0: 0x8000b348 (0xff9ff06f) j       pc - 0x8
core   0: 3 0x8000b348 (0xff9ff06f)
core   0: 0x8000b340 (0x00001f17) auipc   t5, 0x1
core   0: 3 0x8000b340 (0x00001f17) x30 0x8000c340
core   0: 0x8000b344 (0xcc3f2023) sw      gp, -832(t5)
core   0: 3 0x8000b344 (0xcc3f2023) mem 0x8000c000 0x00000001
core   0: 0x8000b348 (0xff9ff06f) j       pc - 0x8
core   0: 3 0x8000b348 (0xff9ff06f)
core   0: 0x8000b340 (0x00001f17) auipc   t5, 0x1
core   0: 3 0x8000b340 (0x00001f17) x30 0x8000c340
core   0: 0x8000b344 (0xcc3f2023) sw      gp, -832(t5)
core   0: 3 0x8000b344 (0xcc3f2023) mem 0x8000c000 0x00000001
core   0: 0x8000b348 (0xff9ff06f) j       pc - 0x8
core   0: 3 0x8000b348 (0xff9ff06f)
core   0: 0x8000b340 (0x00001f17) auipc   t5, 0x1
core   0: 3 0x8000b340 (0x00001f17) x30 0x8000c340
core   0: 0x8000b344 (0xcc3f2023) sw      gp, -832(t5)
core   0: 3 0x8000b344 (0xcc3f2023) mem 0x8000c000 0x00000001
core   0: 0x8000b348 (0xff9ff06f) j       pc - 0x8
core   0: 3 0x8000b348 (0xff9ff06f)
core   0: 0x8000b340 (0x00001f17) auipc   t5, 0x1
core   0: 3 0x8000b340 (0x00001f17) x30 0x8000c340
core   0: 0x8000b344 (0xcc3f2023) sw      gp, -832(t5)
core   0: 3 0x8000b344 (0xcc3f2023) mem 0x8000c000 0x00000001
core   0: 0x8000b348 (0xff9ff06f) j       pc - 0x8
core   0: 3 0x8000b348 (0xff9ff06f)
core   0: 0x8000b340 (0x00001f17) auipc   t5, 0x1
core   0: 3 0x8000b340 (0x00001f17) x30 0x8000c340
core   0: 0x8000b344 (0xcc3f2023) sw      gp, -832(t5)
core   0: 3 0x8000b344 (0xcc3f2023) mem 0x8000c000 0x00000001
core   0: 0x8000b348 (0xff9ff06f) j       pc - 0x8
core   0: 3 0x8000b348 (0xff9ff06f)
core   0: 0x8000b340 (0x00001f17) auipc   t5, 0x1
core   0: 3 0x8000b340 (0x00001f17) x30 0x8000c340
core   0: 0x8000b344 (0xcc3f2023) sw      gp, -832(t5)
core   0: 3 0x8000b344 (0xcc3f2023) mem 0x8000c000 0x00000001
core   0: 0x8000b348 (0xff9ff06f) j       pc - 0x8
core   0: 3 0x8000b348 (0xff9ff06f)
core   0: 0x8000b340 (0x00001f17) auipc   t5, 0x1
core   0: 3 0x8000b340 (0x00001f17) x30 0x8000c340
core   0: 0x8000b344 (0xcc3f2023) sw      gp, -832(t5)
core   0: 3 0x8000b344 (0xcc3f2023) mem 0x8000c000 0x00000001
core   0: 0x8000b348 (0xff9ff06f) j       pc - 0x8
core   0: 3 0x8000b348 (0xff9ff06f)
core   0: 0x8000b340 (0x00001f17) auipc   t5, 0x1
core   0: 3 0x8000b340 (0x00001f17) x30 0x8000c340
core   0: 0x8000b344 (0xcc3f2023) sw      gp, -832(t5)
core   0: 3 0x8000b344 (0xcc3f2023) mem 0x8000c000 0x00000001
core   0: 0x8000b348 (0xff9ff06f) j       pc - 0x8
core   0: 3 0x8000b348 (0xff9ff06f)
core   0: 0x8000b340 (0x00001f17) auipc   t5, 0x1
core   0: 3 0x8000b340 (0x00001f17) x30 0x8000c340
core   0: 0x8000b344 (0xcc3f2023) sw      gp, -832(t5)
core   0: 3 0x8000b344 (0xcc3f2023) mem 0x8000c000 0x00000001
core   0: 0x8000b348 (0xff9ff06f) j       pc - 0x8
core   0: 3 0x8000b348 (0xff9ff06f)
core   0: 0x8000b340 (0x00001f17) auipc   t5, 0x1
core   0: 3 0x8000b340 (0x00001f17) x30 0x8000c340
core   0: 0x8000b344 (0xcc3f2023) sw      gp, -832(t5)
core   0: 3 0x8000b344 (0xcc3f2023) mem 0x8000c000 0x00000001
core   0: 0x8000b348 (0xff9ff06f) j       pc - 0x8
core   0: 3 0x8000b348 (0xff9ff06f)
core   0: 0x8000b340 (0x00001f17) auipc   t5, 0x1
core   0: 3 0x8000b340 (0x00001f17) x30 0x8000c340
core   0: 0x8000b344 (0xcc3f2023) sw      gp, -832(t5)
core   0: 3 0x8000b344 (0xcc3f2023) mem 0x8000c000 0x00000001
core   0: 0x8000b348 (0xff9ff06f) j       pc - 0x8
core   0: 3 0x8000b348 (0xff9ff06f)
core   0: 0x8000b340 (0x00001f17) auipc   t5, 0x1
core   0: 3 0x8000b340 (0x00001f17) x30 0x8000c340
core   0: 0x8000b344 (0xcc3f2023) sw      gp, -832(t5)
core   0: 3 0x8000b344 (0xcc3f2023) mem 0x8000c000 0x00000001
core   0: 0x8000b348 (0xff9ff06f) j       pc - 0x8
core   0: 3 0x8000b348 (0xff9ff06f)
core   0: 0x8000b340 (0x00001f17) auipc   t5, 0x1
core   0: 3 0x8000b340 (0x00001f17) x30 0x8000c340
core   0: 0x8000b344 (0xcc3f2023) sw      gp, -832(t5)
core   0: 3 0x8000b344 (0xcc3f2023) mem 0x8000c000 0x00000001
core   0: 0x8000b348 (0xff9ff06f) j       pc - 0x8
core   0: 3 0x8000b348 (0xff9ff06f)
core   0: 0x8000b340 (0x00001f17) auipc   t5, 0x1
core   0: 3 0x8000b340 (0x00001f17) x30 0x8000c340
core   0: 0x8000b344 (0xcc3f2023) sw      gp, -832(t5)
core   0: 3 0x8000b344 (0xcc3f2023) mem 0x8000c000 0x00000001
core   0: 0x8000b348 (0xff9ff06f) j       pc - 0x8
core   0: 3 0x8000b348 (0xff9ff06f)
core   0: 0x8000b340 (0x00001f17) auipc   t5, 0x1
core   0: 3 0x8000b340 (0x00001f17) x30 0x8000c340
core   0: 0x8000b344 (0xcc3f2023) sw      gp, -832(t5)
core   0: 3 0x8000b344 (0xcc3f2023) mem 0x8000c000 0x00000001
core   0: 0x8000b348 (0xff9ff06f) j       pc - 0x8
core   0: 3 0x8000b348 (0xff9ff06f)
core   0: 0x8000b340 (0x00001f17) auipc   t5, 0x1
core   0: 3 0x8000b340 (0x00001f17) x30 0x8000c340
core   0: 0x8000b344 (0xcc3f2023) sw      gp, -832(t5)
core   0: 3 0x8000b344 (0xcc3f2023) mem 0x8000c000 0x00000001
core   0: 0x8000b348 (0xff9ff06f) j       pc - 0x8
core   0: 3 0x8000b348 (0xff9ff06f)
core   0: 0x8000b340 (0x00001f17) auipc   t5, 0x1
core   0: 3 0x8000b340 (0x00001f17) x30 0x8000c340
core   0: 0x8000b344 (0xcc3f2023) sw      gp, -832(t5)
core   0: 3 0x8000b344 (0xcc3f2023) mem 0x8000c000 0x00000001
core   0: 0x8000b348 (0xff9ff06f) j       pc - 0x8
core   0: 3 0x8000b348 (0xff9ff06f)
core   0: 0x8000b340 (0x00001f17) auipc   t5, 0x1
core   0: 3 0x8000b340 (0x00001f17) x30 0x8000c340
core   0: 0x8000b344 (0xcc3f2023) sw      gp, -832(t5)
core   0: 3 0x8000b344 (0xcc3f2023) mem 0x8000c000 0x00000001
core   0: 0x8000b348 (0xff9ff06f) j       pc - 0x8
core   0: 3 0x8000b348 (0xff9ff06f)
core   0: 0x8000b340 (0x00001f17) auipc   t5, 0x1
core   0: 3 0x8000b340 (0x00001f17) x30 0x8000c340
core   0: 0x8000b344 (0xcc3f2023) sw      gp, -832(t5)
core   0: 3 0x8000b344 (0xcc3f2023) mem 0x8000c000 0x00000001
core   0: 0x8000b348 (0xff9ff06f) j       pc - 0x8
core   0: 3 0x8000b348 (0xff9ff06f)
core   0: 0x8000b340 (0x00001f17) auipc   t5, 0x1
core   0: 3 0x8000b340 (0x00001f17) x30 0x8000c340
core   0: 0x8000b344 (0xcc3f2023) sw      gp, -832(t5)
core   0: 3 0x8000b344 (0xcc3f2023) mem 0x8000c000 0x00000001
core   0: 0x8000b348 (0xff9ff06f) j       pc - 0x8
core   0: 3 0x8000b348 (0xff9ff06f)
core   0: 0x8000b340 (0x00001f17) auipc   t5, 0x1
core   0: 3 0x8000b340 (0x00001f17) x30 0x8000c340
core   0: 0x8000b344 (0xcc3f2023) sw      gp, -832(t5)
core   0: 3 0x8000b344 (0xcc3f2023) mem 0x8000c000 0x00000001
core   0: 0x8000b348 (0xff9ff06f) j       pc - 0x8
core   0: 3 0x8000b348 (0xff9ff06f)
core   0: 0x8000b340 (0x00001f17) auipc   t5, 0x1
core   0: 3 0x8000b340 (0x00001f17) x30 0x8000c340
core   0: 0x8000b344 (0xcc3f2023) sw      gp, -832(t5)
core   0: 3 0x8000b344 (0xcc3f2023) mem 0x8000c000 0x00000001
core   0: 0x8000b348 (0xff9ff06f) j       pc - 0x8
core   0: 3 0x8000b348 (0xff9ff06f)
core   0: 0x8000b340 (0x00001f17) auipc   t5, 0x1
core   0: 3 0x8000b340 (0x00001f17) x30 0x8000c340
core   0: 0x8000b344 (0xcc3f2023) sw      gp, -832(t5)
core   0: 3 0x8000b344 (0xcc3f2023) mem 0x8000c000 0x00000001
core   0: 0x8000b348 (0xff9ff06f) j       pc - 0x8
core   0: 3 0x8000b348 (0xff9ff06f)
core   0: 0x8000b340 (0x00001f17) auipc   t5, 0x1
core   0: 3 0x8000b340 (0x00001f17) x30 0x8000c340
core   0: 0x8000b344 (0xcc3f2023) sw      gp, -832(t5)
core   0: 3 0x8000b344 (0xcc3f2023) mem 0x8000c000 0x00000001
core   0: 0x8000b348 (0xff9ff06f) j       pc - 0x8
core   0: 3 0x8000b348 (0xff9ff06f)
core   0: 0x8000b340 (0x00001f17) auipc   t5, 0x1
core   0: 3 0x8000b340 (0x00001f17) x30 0x8000c340
core   0: 0x8000b344 (0xcc3f2023) sw      gp, -832(t5)
core   0: 3 0x8000b344 (0xcc3f2023) mem 0x8000c000 0x00000001
core   0: 0x8000b348 (0xff9ff06f) j       pc - 0x8
core   0: 3 0x8000b348 (0xff9ff06f)
core   0: 0x8000b340 (0x00001f17) auipc   t5, 0x1
core   0: 3 0x8000b340 (0x00001f17) x30 0x8000c340
core   0: 0x8000b344 (0xcc3f2023) sw      gp, -832(t5)
core   0: 3 0x8000b344 (0xcc3f2023) mem 0x8000c000 0x00000001
core   0: 0x8000b348 (0xff9ff06f) j       pc - 0x8
core   0: 3 0x8000b348 (0xff9ff06f)
core   0: 0x8000b340 (0x00001f17) auipc   t5, 0x1
core   0: 3 0x8000b340 (0x00001f17) x30 0x8000c340
core   0: 0x8000b344 (0xcc3f2023) sw      gp, -832(t5)
core   0: 3 0x8000b344 (0xcc3f2023) mem 0x8000c000 0x00000001
core   0: 0x8000b348 (0xff9ff06f) j       pc - 0x8
core   0: 3 0x8000b348 (0xff9ff06f)
core   0: 0x8000b340 (0x00001f17) auipc   t5, 0x1
core   0: 3 0x8000b340 (0x00001f17) x30 0x8000c340
core   0: 0x8000b344 (0xcc3f2023) sw      gp, -832(t5)
core   0: 3 0x8000b344 (0xcc3f2023) mem 0x8000c000 0x00000001
core   0: 0x8000b348 (0xff9ff06f) j       pc - 0x8
core   0: 3 0x8000b348 (0xff9ff06f)
core   0: 0x8000b340 (0x00001f17) auipc   t5, 0x1
core   0: 3 0x8000b340 (0x00001f17) x30 0x8000c340
core   0: 0x8000b344 (0xcc3f2023) sw      gp, -832(t5)
core   0: 3 0x8000b344 (0xcc3f2023) mem 0x8000c000 0x00000001
core   0: 0x8000b348 (0xff9ff06f) j       pc - 0x8
core   0: 3 0x8000b348 (0xff9ff06f)
core   0: 0x8000b340 (0x00001f17) auipc   t5, 0x1
core   0: 3 0x8000b340 (0x00001f17) x30 0x8000c340
core   0: 0x8000b344 (0xcc3f2023) sw      gp, -832(t5)
core   0: 3 0x8000b344 (0xcc3f2023) mem 0x8000c000 0x00000001
core   0: 0x8000b348 (0xff9ff06f) j       pc - 0x8
core   0: 3 0x8000b348 (0xff9ff06f)
core   0: 0x8000b340 (0x00001f17) auipc   t5, 0x1
core   0: 3 0x8000b340 (0x00001f17) x30 0x8000c340
core   0: 0x8000b344 (0xcc3f2023) sw      gp, -832(t5)
core   0: 3 0x8000b344 (0xcc3f2023) mem 0x8000c000 0x00000001
core   0: 0x8000b348 (0xff9ff06f) j       pc - 0x8
core   0: 3 0x8000b348 (0xff9ff06f)
core   0: 0x8000b340 (0x00001f17) auipc   t5, 0x1
core   0: 3 0x8000b340 (0x00001f17) x30 0x8000c340
core   0: 0x8000b344 (0xcc3f2023) sw      gp, -832(t5)
core   0: 3 0x8000b344 (0xcc3f2023) mem 0x8000c000 0x00000001
core   0: 0x8000b348 (0xff9ff06f) j       pc - 0x8
core   0: 3 0x8000b348 (0xff9ff06f)
core   0: 0x8000b340 (0x00001f17) auipc   t5, 0x1
core   0: 3 0x8000b340 (0x00001f17) x30 0x8000c340
core   0: 0x8000b344 (0xcc3f2023) sw      gp, -832(t5)
core   0: 3 0x8000b344 (0xcc3f2023) mem 0x8000c000 0x00000001
core   0: 0x8000b348 (0xff9ff06f) j       pc - 0x8
core   0: 3 0x8000b348 (0xff9ff06f)
core   0: 0x8000b340 (0x00001f17) auipc   t5, 0x1
core   0: 3 0x8000b340 (0x00001f17) x30 0x8000c340
core   0: 0x8000b344 (0xcc3f2023) sw      gp, -832(t5)
core   0: 3 0x8000b344 (0xcc3f2023) mem 0x8000c000 0x00000001
core   0: 0x8000b348 (0xff9ff06f) j       pc - 0x8
core   0: 3 0x8000b348 (0xff9ff06f)
core   0: 0x8000b340 (0x00001f17) auipc   t5, 0x1
core   0: 3 0x8000b340 (0x00001f17) x30 0x8000c340
core   0: 0x8000b344 (0xcc3f2023) sw      gp, -832(t5)
core   0: 3 0x8000b344 (0xcc3f2023) mem 0x8000c000 0x00000001
core   0: 0x8000b348 (0xff9ff06f) j       pc - 0x8
core   0: 3 0x8000b348 (0xff9ff06f)
core   0: 0x8000b340 (0x00001f17) auipc   t5, 0x1
core   0: 3 0x8000b340 (0x00001f17) x30 0x8000c340
core   0: 0x8000b344 (0xcc3f2023) sw      gp, -832(t5)
core   0: 3 0x8000b344 (0xcc3f2023) mem 0x8000c000 0x00000001
core   0: 0x8000b348 (0xff9ff06f) j       pc - 0x8
core   0: 3 0x8000b348 (0xff9ff06f)
core   0: 0x8000b340 (0x00001f17) auipc   t5, 0x1
core   0: 3 0x8000b340 (0x00001f17) x30 0x8000c340
core   0: 0x8000b344 (0xcc3f2023) sw      gp, -832(t5)
core   0: 3 0x8000b344 (0xcc3f2023) mem 0x8000c000 0x00000001
core   0: 0x8000b348 (0xff9ff06f) j       pc - 0x8
core   0: 3 0x8000b348 (0xff9ff06f)
core   0: 0x8000b340 (0x00001f17) auipc   t5, 0x1
core   0: 3 0x8000b340 (0x00001f17) x30 0x8000c340
core   0: 0x8000b344 (0xcc3f2023) sw      gp, -832(t5)
core   0: 3 0x8000b344 (0xcc3f2023) mem 0x8000c000 0x00000001
core   0: 0x8000b348 (0xff9ff06f) j       pc - 0x8
core   0: 3 0x8000b348 (0xff9ff06f)
core   0: 0x8000b340 (0x00001f17) auipc   t5, 0x1
core   0: 3 0x8000b340 (0x00001f17) x30 0x8000c340
core   0: 0x8000b344 (0xcc3f2023) sw      gp, -832(t5)
core   0: 3 0x8000b344 (0xcc3f2023) mem 0x8000c000 0x00000001
core   0: 0x8000b348 (0xff9ff06f) j       pc - 0x8
core   0: 3 0x8000b348 (0xff9ff06f)
core   0: 0x8000b340 (0x00001f17) auipc   t5, 0x1
core   0: 3 0x8000b340 (0x00001f17) x30 0x8000c340
core   0: 0x8000b344 (0xcc3f2023) sw      gp, -832(t5)
core   0: 3 0x8000b344 (0xcc3f2023) mem 0x8000c000 0x00000001
core   0: 0x8000b348 (0xff9ff06f) j       pc - 0x8
core   0: 3 0x8000b348 (0xff9ff06f)
core   0: 0x8000b340 (0x00001f17) auipc   t5, 0x1
core   0: 3 0x8000b340 (0x00001f17) x30 0x8000c340
core   0: 0x8000b344 (0xcc3f2023) sw      gp, -832(t5)
core   0: 3 0x8000b344 (0xcc3f2023) mem 0x8000c000 0x00000001
core   0: 0x8000b348 (0xff9ff06f) j       pc - 0x8
core   0: 3 0x8000b348 (0xff9ff06f)
core   0: 0x8000b340 (0x00001f17) auipc   t5, 0x1
core   0: 3 0x8000b340 (0x00001f17) x30 0x8000c340
core   0: 0x8000b344 (0xcc3f2023) sw      gp, -832(t5)
core   0: 3 0x8000b344 (0xcc3f2023) mem 0x8000c000 0x00000001
core   0: 0x8000b348 (0xff9ff06f) j       pc - 0x8
core   0: 3 0x8000b348 (0xff9ff06f)
core   0: 0x8000b340 (0x00001f17) auipc   t5, 0x1
core   0: 3 0x8000b340 (0x00001f17) x30 0x8000c340
core   0: 0x8000b344 (0xcc3f2023) sw      gp, -832(t5)
core   0: 3 0x8000b344 (0xcc3f2023) mem 0x8000c000 0x00000001
core   0: 0x8000b348 (0xff9ff06f) j       pc - 0x8
core   0: 3 0x8000b348 (0xff9ff06f)
core   0: 0x8000b340 (0x00001f17) auipc   t5, 0x1
core   0: 3 0x8000b340 (0x00001f17) x30 0x8000c340
core   0: 0x8000b344 (0xcc3f2023) sw      gp, -832(t5)
core   0: 3 0x8000b344 (0xcc3f2023) mem 0x8000c000 0x00000001
core   0: 0x8000b348 (0xff9ff06f) j       pc - 0x8
core   0: 3 0x8000b348 (0xff9ff06f)
core   0: 0x8000b340 (0x00001f17) auipc   t5, 0x1
core   0: 3 0x8000b340 (0x00001f17) x30 0x8000c340
core   0: 0x8000b344 (0xcc3f2023) sw      gp, -832(t5)
core   0: 3 0x8000b344 (0xcc3f2023) mem 0x8000c000 0x00000001
core   0: 0x8000b348 (0xff9ff06f) j       pc - 0x8
core   0: 3 0x8000b348 (0xff9ff06f)
core   0: 0x8000b340 (0x00001f17) auipc   t5, 0x1
core   0: 3 0x8000b340 (0x00001f17) x30 0x8000c340
core   0: 0x8000b344 (0xcc3f2023) sw      gp, -832(t5)
core   0: 3 0x8000b344 (0xcc3f2023) mem 0x8000c000 0x00000001
core   0: 0x8000b348 (0xff9ff06f) j       pc - 0x8
core   0: 3 0x8000b348 (0xff9ff06f)
core   0: 0x8000b340 (0x00001f17) auipc   t5, 0x1
core   0: 3 0x8000b340 (0x00001f17) x30 0x8000c340
core   0: 0x8000b344 (0xcc3f2023) sw      gp, -832(t5)
core   0: 3 0x8000b344 (0xcc3f2023) mem 0x8000c000 0x00000001
core   0: 0x8000b348 (0xff9ff06f) j       pc - 0x8
core   0: 3 0x8000b348 (0xff9ff06f)
core   0: 0x8000b340 (0x00001f17) auipc   t5, 0x1
core   0: 3 0x8000b340 (0x00001f17) x30 0x8000c340
core   0: 0x8000b344 (0xcc3f2023) sw      gp, -832(t5)
core   0: 3 0x8000b344 (0xcc3f2023) mem 0x8000c000 0x00000001
core   0: 0x8000b348 (0xff9ff06f) j       pc - 0x8
core   0: 3 0x8000b348 (0xff9ff06f)
core   0: 0x8000b340 (0x00001f17) auipc   t5, 0x1
core   0: 3 0x8000b340 (0x00001f17) x30 0x8000c340
core   0: 0x8000b344 (0xcc3f2023) sw      gp, -832(t5)
core   0: 3 0x8000b344 (0xcc3f2023) mem 0x8000c000 0x00000001
core   0: 0x8000b348 (0xff9ff06f) j       pc - 0x8
core   0: 3 0x8000b348 (0xff9ff06f)
core   0: 0x8000b340 (0x00001f17) auipc   t5, 0x1
core   0: 3 0x8000b340 (0x00001f17) x30 0x8000c340
core   0: 0x8000b344 (0xcc3f2023) sw      gp, -832(t5)
core   0: 3 0x8000b344 (0xcc3f2023) mem 0x8000c000 0x00000001
core   0: 0x8000b348 (0xff9ff06f) j       pc - 0x8
core   0: 3 0x8000b348 (0xff9ff06f)
core   0: 0x8000b340 (0x00001f17) auipc   t5, 0x1
core   0: 3 0x8000b340 (0x00001f17) x30 0x8000c340
core   0: 0x8000b344 (0xcc3f2023) sw      gp, -832(t5)
core   0: 3 0x8000b344 (0xcc3f2023) mem 0x8000c000 0x00000001
core   0: 0x8000b348 (0xff9ff06f) j       pc - 0x8
core   0: 3 0x8000b348 (0xff9ff06f)
core   0: 0x8000b340 (0x00001f17) auipc   t5, 0x1
core   0: 3 0x8000b340 (0x00001f17) x30 0x8000c340
core   0: 0x8000b344 (0xcc3f2023) sw      gp, -832(t5)
core   0: 3 0x8000b344 (0xcc3f2023) mem 0x8000c000 0x00000001
core   0: 0x8000b348 (0xff9ff06f) j       pc - 0x8
core   0: 3 0x8000b348 (0xff9ff06f)
core   0: 0x8000b340 (0x00001f17) auipc   t5, 0x1
core   0: 3 0x8000b340 (0x00001f17) x30 0x8000c340
core   0: 0x8000b344 (0xcc3f2023) sw      gp, -832(t5)
core   0: 3 0x8000b344 (0xcc3f2023) mem 0x8000c000 0x00000001
core   0: 0x8000b348 (0xff9ff06f) j       pc - 0x8
core   0: 3 0x8000b348 (0xff9ff06f)
core   0: 0x8000b340 (0x00001f17) auipc   t5, 0x1
core   0: 3 0x8000b340 (0x00001f17) x30 0x8000c340
core   0: 0x8000b344 (0xcc3f2023) sw      gp, -832(t5)
core   0: 3 0x8000b344 (0xcc3f2023) mem 0x8000c000 0x00000001
core   0: 0x8000b348 (0xff9ff06f) j       pc - 0x8
core   0: 3 0x8000b348 (0xff9ff06f)
core   0: 0x8000b340 (0x00001f17) auipc   t5, 0x1
core   0: 3 0x8000b340 (0x00001f17) x30 0x8000c340
core   0: 0x8000b344 (0xcc3f2023) sw      gp, -832(t5)
core   0: 3 0x8000b344 (0xcc3f2023) mem 0x8000c000 0x00000001
core   0: 0x8000b348 (0xff9ff06f) j       pc - 0x8
core   0: 3 0x8000b348 (0xff9ff06f)
core   0: 0x8000b340 (0x00001f17) auipc   t5, 0x1
core   0: 3 0x8000b340 (0x00001f17) x30 0x8000c340
core   0: 0x8000b344 (0xcc3f2023) sw      gp, -832(t5)
core   0: 3 0x8000b344 (0xcc3f2023) mem 0x8000c000 0x00000001
core   0: 0x8000b348 (0xff9ff06f) j       pc - 0x8
core   0: 3 0x8000b348 (0xff9ff06f)
core   0: 0x8000b340 (0x00001f17) auipc   t5, 0x1
core   0: 3 0x8000b340 (0x00001f17) x30 0x8000c340
core   0: 0x8000b344 (0xcc3f2023) sw      gp, -832(t5)
core   0: 3 0x8000b344 (0xcc3f2023) mem 0x8000c000 0x00000001
core   0: 0x8000b348 (0xff9ff06f) j       pc - 0x8
core   0: 3 0x8000b348 (0xff9ff06f)
core   0: 0x8000b340 (0x00001f17) auipc   t5, 0x1
core   0: 3 0x8000b340 (0x00001f17) x30 0x8000c340
core   0: 0x8000b344 (0xcc3f2023) sw      gp, -832(t5)
core   0: 3 0x8000b344 (0xcc3f2023) mem 0x8000c000 0x00000001
core   0: 0x8000b348 (0xff9ff06f) j       pc - 0x8
core   0: 3 0x8000b348 (0xff9ff06f)
core   0: 0x8000b340 (0x00001f17) auipc   t5, 0x1
core   0: 3 0x8000b340 (0x00001f17) x30 0x8000c340
core   0: 0x8000b344 (0xcc3f2023) sw      gp, -832(t5)
core   0: 3 0x8000b344 (0xcc3f2023) mem 0x8000c000 0x00000001
core   0: 0x8000b348 (0xff9ff06f) j       pc - 0x8
core   0: 3 0x8000b348 (0xff9ff06f)
core   0: 0x8000b340 (0x00001f17) auipc   t5, 0x1
core   0: 3 0x8000b340 (0x00001f17) x30 0x8000c340
core   0: 0x8000b344 (0xcc3f2023) sw      gp, -832(t5)
core   0: 3 0x8000b344 (0xcc3f2023) mem 0x8000c000 0x00000001
core   0: 0x8000b348 (0xff9ff06f) j       pc - 0x8
core   0: 3 0x8000b348 (0xff9ff06f)
core   0: 0x8000b340 (0x00001f17) auipc   t5, 0x1
core   0: 3 0x8000b340 (0x00001f17) x30 0x8000c340
core   0: 0x8000b344 (0xcc3f2023) sw      gp, -832(t5)
core   0: 3 0x8000b344 (0xcc3f2023) mem 0x8000c000 0x00000001
core   0: 0x8000b348 (0xff9ff06f) j       pc - 0x8
core   0: 3 0x8000b348 (0xff9ff06f)
core   0: 0x8000b340 (0x00001f17) auipc   t5, 0x1
core   0: 3 0x8000b340 (0x00001f17) x30 0x8000c340
core   0: 0x8000b344 (0xcc3f2023) sw      gp, -832(t5)
core   0: 3 0x8000b344 (0xcc3f2023) mem 0x8000c000 0x00000001
core   0: 0x8000b348 (0xff9ff06f) j       pc - 0x8
core   0: 3 0x8000b348 (0xff9ff06f)
core   0: 0x8000b340 (0x00001f17) auipc   t5, 0x1
core   0: 3 0x8000b340 (0x00001f17) x30 0x8000c340
core   0: 0x8000b344 (0xcc3f2023) sw      gp, -832(t5)
core   0: 3 0x8000b344 (0xcc3f2023) mem 0x8000c000 0x00000001
core   0: 0x8000b348 (0xff9ff06f) j       pc - 0x8
core   0: 3 0x8000b348 (0xff9ff06f)
core   0: 0x8000b340 (0x00001f17) auipc   t5, 0x1
core   0: 3 0x8000b340 (0x00001f17) x30 0x8000c340
core   0: 0x8000b344 (0xcc3f2023) sw      gp, -832(t5)
core   0: 3 0x8000b344 (0xcc3f2023) mem 0x8000c000 0x00000001
core   0: 0x8000b348 (0xff9ff06f) j       pc - 0x8
core   0: 3 0x8000b348 (0xff9ff06f)
core   0: 0x8000b340 (0x00001f17) auipc   t5, 0x1
core   0: 3 0x8000b340 (0x00001f17) x30 0x8000c340
core   0: 0x8000b344 (0xcc3f2023) sw      gp, -832(t5)
core   0: 3 0x8000b344 (0xcc3f2023) mem 0x8000c000 0x00000001
core   0: 0x8000b348 (0xff9ff06f) j       pc - 0x8
core   0: 3 0x8000b348 (0xff9ff06f)
core   0: 0x8000b340 (0x00001f17) auipc   t5, 0x1
core   0: 3 0x8000b340 (0x00001f17) x30 0x8000c340
core   0: 0x8000b344 (0xcc3f2023) sw      gp, -832(t5)
core   0: 3 0x8000b344 (0xcc3f2023) mem 0x8000c000 0x00000001
core   0: 0x8000b348 (0xff9ff06f) j       pc - 0x8
core   0: 3 0x8000b348 (0xff9ff06f)
core   0: 0x8000b340 (0x00001f17) auipc   t5, 0x1
core   0: 3 0x8000b340 (0x00001f17) x30 0x8000c340
core   0: 0x8000b344 (0xcc3f2023) sw      gp, -832(t5)
core   0: 3 0x8000b344 (0xcc3f2023) mem 0x8000c000 0x00000001
core   0: 0x8000b348 (0xff9ff06f) j       pc - 0x8
core   0: 3 0x8000b348 (0xff9ff06f)
core   0: 0x8000b340 (0x00001f17) auipc   t5, 0x1
core   0: 3 0x8000b340 (0x00001f17) x30 0x8000c340
core   0: 0x8000b344 (0xcc3f2023) sw      gp, -832(t5)
core   0: 3 0x8000b344 (0xcc3f2023) mem 0x8000c000 0x00000001
core   0: 0x8000b348 (0xff9ff06f) j       pc - 0x8
core   0: 3 0x8000b348 (0xff9ff06f)
core   0: 0x8000b340 (0x00001f17) auipc   t5, 0x1
core   0: 3 0x8000b340 (0x00001f17) x30 0x8000c340
core   0: 0x8000b344 (0xcc3f2023) sw      gp, -832(t5)
core   0: 3 0x8000b344 (0xcc3f2023) mem 0x8000c000 0x00000001
core   0: 0x8000b348 (0xff9ff06f) j       pc - 0x8
core   0: 3 0x8000b348 (0xff9ff06f)
core   0: 0x8000b340 (0x00001f17) auipc   t5, 0x1
core   0: 3 0x8000b340 (0x00001f17) x30 0x8000c340
core   0: 0x8000b344 (0xcc3f2023) sw      gp, -832(t5)
core   0: 3 0x8000b344 (0xcc3f2023) mem 0x8000c000 0x00000001
core   0: 0x8000b348 (0xff9ff06f) j       pc - 0x8
core   0: 3 0x8000b348 (0xff9ff06f)
core   0: 0x8000b340 (0x00001f17) auipc   t5, 0x1
core   0: 3 0x8000b340 (0x00001f17) x30 0x8000c340
core   0: 0x8000b344 (0xcc3f2023) sw      gp, -832(t5)
core   0: 3 0x8000b344 (0xcc3f2023) mem 0x8000c000 0x00000001
core   0: 0x8000b348 (0xff9ff06f) j       pc - 0x8
core   0: 3 0x8000b348 (0xff9ff06f)
core   0: 0x8000b340 (0x00001f17) auipc   t5, 0x1
core   0: 3 0x8000b340 (0x00001f17) x30 0x8000c340
core   0: 0x8000b344 (0xcc3f2023) sw      gp, -832(t5)
core   0: 3 0x8000b344 (0xcc3f2023) mem 0x8000c000 0x00000001
core   0: 0x8000b348 (0xff9ff06f) j       pc - 0x8
core   0: 3 0x8000b348 (0xff9ff06f)
core   0: 0x8000b340 (0x00001f17) auipc   t5, 0x1
core   0: 3 0x8000b340 (0x00001f17) x30 0x8000c340
core   0: 0x8000b344 (0xcc3f2023) sw      gp, -832(t5)
core   0: 3 0x8000b344 (0xcc3f2023) mem 0x8000c000 0x00000001
core   0: 0x8000b348 (0xff9ff06f) j       pc - 0x8
core   0: 3 0x8000b348 (0xff9ff06f)
core   0: 0x8000b340 (0x00001f17) auipc   t5, 0x1
core   0: 3 0x8000b340 (0x00001f17) x30 0x8000c340
core   0: 0x8000b344 (0xcc3f2023) sw      gp, -832(t5)
core   0: 3 0x8000b344 (0xcc3f2023) mem 0x8000c000 0x00000001
core   0: 0x8000b348 (0xff9ff06f) j       pc - 0x8
core   0: 3 0x8000b348 (0xff9ff06f)
core   0: 0x8000b340 (0x00001f17) auipc   t5, 0x1
core   0: 3 0x8000b340 (0x00001f17) x30 0x8000c340
core   0: 0x8000b344 (0xcc3f2023) sw      gp, -832(t5)
core   0: 3 0x8000b344 (0xcc3f2023) mem 0x8000c000 0x00000001
core   0: 0x8000b348 (0xff9ff06f) j       pc - 0x8
core   0: 3 0x8000b348 (0xff9ff06f)
core   0: 0x8000b340 (0x00001f17) auipc   t5, 0x1
core   0: 3 0x8000b340 (0x00001f17) x30 0x8000c340
core   0: 0x8000b344 (0xcc3f2023) sw      gp, -832(t5)
core   0: 3 0x8000b344 (0xcc3f2023) mem 0x8000c000 0x00000001
core   0: 0x8000b348 (0xff9ff06f) j       pc - 0x8
core   0: 3 0x8000b348 (0xff9ff06f)
core   0: 0x8000b340 (0x00001f17) auipc   t5, 0x1
core   0: 3 0x8000b340 (0x00001f17) x30 0x8000c340
core   0: 0x8000b344 (0xcc3f2023) sw      gp, -832(t5)
core   0: 3 0x8000b344 (0xcc3f2023) mem 0x8000c000 0x00000001
core   0: 0x8000b348 (0xff9ff06f) j       pc - 0x8
core   0: 3 0x8000b348 (0xff9ff06f)
core   0: 0x8000b340 (0x00001f17) auipc   t5, 0x1
core   0: 3 0x8000b340 (0x00001f17) x30 0x8000c340
core   0: 0x8000b344 (0xcc3f2023) sw      gp, -832(t5)
core   0: 3 0x8000b344 (0xcc3f2023) mem 0x8000c000 0x00000001
core   0: 0x8000b348 (0xff9ff06f) j       pc - 0x8
core   0: 3 0x8000b348 (0xff9ff06f)
core   0: 0x8000b340 (0x00001f17) auipc   t5, 0x1
core   0: 3 0x8000b340 (0x00001f17) x30 0x8000c340
core   0: 0x8000b344 (0xcc3f2023) sw      gp, -832(t5)
core   0: 3 0x8000b344 (0xcc3f2023) mem 0x8000c000 0x00000001
core   0: 0x8000b348 (0xff9ff06f) j       pc - 0x8
core   0: 3 0x8000b348 (0xff9ff06f)
core   0: 0x8000b340 (0x00001f17) auipc   t5, 0x1
core   0: 3 0x8000b340 (0x00001f17) x30 0x8000c340
core   0: 0x8000b344 (0xcc3f2023) sw      gp, -832(t5)
core   0: 3 0x8000b344 (0xcc3f2023) mem 0x8000c000 0x00000001
core   0: 0x8000b348 (0xff9ff06f) j       pc - 0x8
core   0: 3 0x8000b348 (0xff9ff06f)
core   0: 0x8000b340 (0x00001f17) auipc   t5, 0x1
core   0: 3 0x8000b340 (0x00001f17) x30 0x8000c340
core   0: 0x8000b344 (0xcc3f2023) sw      gp, -832(t5)
core   0: 3 0x8000b344 (0xcc3f2023) mem 0x8000c000 0x00000001
core   0: 0x8000b348 (0xff9ff06f) j       pc - 0x8
core   0: 3 0x8000b348 (0xff9ff06f)
core   0: 0x8000b340 (0x00001f17) auipc   t5, 0x1
core   0: 3 0x8000b340 (0x00001f17) x30 0x8000c340
core   0: 0x8000b344 (0xcc3f2023) sw      gp, -832(t5)
core   0: 3 0x8000b344 (0xcc3f2023) mem 0x8000c000 0x00000001
core   0: 0x8000b348 (0xff9ff06f) j       pc - 0x8
core   0: 3 0x8000b348 (0xff9ff06f)
core   0: 0x8000b340 (0x00001f17) auipc   t5, 0x1
core   0: 3 0x8000b340 (0x00001f17) x30 0x8000c340
core   0: 0x8000b344 (0xcc3f2023) sw      gp, -832(t5)
core   0: 3 0x8000b344 (0xcc3f2023) mem 0x8000c000 0x00000001
core   0: 0x8000b348 (0xff9ff06f) j       pc - 0x8
core   0: 3 0x8000b348 (0xff9ff06f)
core   0: 0x8000b340 (0x00001f17) auipc   t5, 0x1
core   0: 3 0x8000b340 (0x00001f17) x30 0x8000c340
core   0: 0x8000b344 (0xcc3f2023) sw      gp, -832(t5)
core   0: 3 0x8000b344 (0xcc3f2023) mem 0x8000c000 0x00000001
core   0: 0x8000b348 (0xff9ff06f) j       pc - 0x8
core   0: 3 0x8000b348 (0xff9ff06f)
core   0: 0x8000b340 (0x00001f17) auipc   t5, 0x1
core   0: 3 0x8000b340 (0x00001f17) x30 0x8000c340
core   0: 0x8000b344 (0xcc3f2023) sw      gp, -832(t5)
core   0: 3 0x8000b344 (0xcc3f2023) mem 0x8000c000 0x00000001
core   0: 0x8000b348 (0xff9ff06f) j       pc - 0x8
core   0: 3 0x8000b348 (0xff9ff06f)
core   0: 0x8000b340 (0x00001f17) auipc   t5, 0x1
core   0: 3 0x8000b340 (0x00001f17) x30 0x8000c340
core   0: 0x8000b344 (0xcc3f2023) sw      gp, -832(t5)
core   0: 3 0x8000b344 (0xcc3f2023) mem 0x8000c000 0x00000001
core   0: 0x8000b348 (0xff9ff06f) j       pc - 0x8
core   0: 3 0x8000b348 (0xff9ff06f)
core   0: 0x8000b340 (0x00001f17) auipc   t5, 0x1
core   0: 3 0x8000b340 (0x00001f17) x30 0x8000c340
core   0: 0x8000b344 (0xcc3f2023) sw      gp, -832(t5)
core   0: 3 0x8000b344 (0xcc3f2023) mem 0x8000c000 0x00000001
core   0: 0x8000b348 (0xff9ff06f) j       pc - 0x8
core   0: 3 0x8000b348 (0xff9ff06f)
core   0: 0x8000b340 (0x00001f17) auipc   t5, 0x1
core   0: 3 0x8000b340 (0x00001f17) x30 0x8000c340
core   0: 0x8000b344 (0xcc3f2023) sw      gp, -832(t5)
core   0: 3 0x8000b344 (0xcc3f2023) mem 0x8000c000 0x00000001
core   0: 0x8000b348 (0xff9ff06f) j       pc - 0x8
core   0: 3 0x8000b348 (0xff9ff06f)
core   0: 0x8000b340 (0x00001f17) auipc   t5, 0x1
core   0: 3 0x8000b340 (0x00001f17) x30 0x8000c340
core   0: 0x8000b344 (0xcc3f2023) sw      gp, -832(t5)
core   0: 3 0x8000b344 (0xcc3f2023) mem 0x8000c000 0x00000001
core   0: 0x8000b348 (0xff9ff06f) j       pc - 0x8
core   0: 3 0x8000b348 (0xff9ff06f)
core   0: 0x8000b340 (0x00001f17) auipc   t5, 0x1
core   0: 3 0x8000b340 (0x00001f17) x30 0x8000c340
core   0: 0x8000b344 (0xcc3f2023) sw      gp, -832(t5)
core   0: 3 0x8000b344 (0xcc3f2023) mem 0x8000c000 0x00000001
core   0: 0x8000b348 (0xff9ff06f) j       pc - 0x8
core   0: 3 0x8000b348 (0xff9ff06f)
core   0: 0x8000b340 (0x00001f17) auipc   t5, 0x1
core   0: 3 0x8000b340 (0x00001f17) x30 0x8000c340
core   0: 0x8000b344 (0xcc3f2023) sw      gp, -832(t5)
core   0: 3 0x8000b344 (0xcc3f2023) mem 0x8000c000 0x00000001
core   0: 0x8000b348 (0xff9ff06f) j       pc - 0x8
core   0: 3 0x8000b348 (0xff9ff06f)
core   0: 0x8000b340 (0x00001f17) auipc   t5, 0x1
core   0: 3 0x8000b340 (0x00001f17) x30 0x8000c340
core   0: 0x8000b344 (0xcc3f2023) sw      gp, -832(t5)
core   0: 3 0x8000b344 (0xcc3f2023) mem 0x8000c000 0x00000001
core   0: 0x8000b348 (0xff9ff06f) j       pc - 0x8
core   0: 3 0x8000b348 (0xff9ff06f)
core   0: 0x8000b340 (0x00001f17) auipc   t5, 0x1
core   0: 3 0x8000b340 (0x00001f17) x30 0x8000c340
core   0: 0x8000b344 (0xcc3f2023) sw      gp, -832(t5)
core   0: 3 0x8000b344 (0xcc3f2023) mem 0x8000c000 0x00000001
core   0: 0x8000b348 (0xff9ff06f) j       pc - 0x8
core   0: 3 0x8000b348 (0xff9ff06f)
core   0: 0x8000b340 (0x00001f17) auipc   t5, 0x1
core   0: 3 0x8000b340 (0x00001f17) x30 0x8000c340
core   0: 0x8000b344 (0xcc3f2023) sw      gp, -832(t5)
core   0: 3 0x8000b344 (0xcc3f2023) mem 0x8000c000 0x00000001
core   0: 0x8000b348 (0xff9ff06f) j       pc - 0x8
core   0: 3 0x8000b348 (0xff9ff06f)
core   0: 0x8000b340 (0x00001f17) auipc   t5, 0x1
core   0: 3 0x8000b340 (0x00001f17) x30 0x8000c340
core   0: 0x8000b344 (0xcc3f2023) sw      gp, -832(t5)
core   0: 3 0x8000b344 (0xcc3f2023) mem 0x8000c000 0x00000001
core   0: 0x8000b348 (0xff9ff06f) j       pc - 0x8
core   0: 3 0x8000b348 (0xff9ff06f)
core   0: 0x8000b340 (0x00001f17) auipc   t5, 0x1
core   0: 3 0x8000b340 (0x00001f17) x30 0x8000c340
core   0: 0x8000b344 (0xcc3f2023) sw      gp, -832(t5)
core   0: 3 0x8000b344 (0xcc3f2023) mem 0x8000c000 0x00000001
core   0: 0x8000b348 (0xff9ff06f) j       pc - 0x8
core   0: 3 0x8000b348 (0xff9ff06f)
core   0: 0x8000b340 (0x00001f17) auipc   t5, 0x1
core   0: 3 0x8000b340 (0x00001f17) x30 0x8000c340
core   0: 0x8000b344 (0xcc3f2023) sw      gp, -832(t5)
core   0: 3 0x8000b344 (0xcc3f2023) mem 0x8000c000 0x00000001
core   0: 0x8000b348 (0xff9ff06f) j       pc - 0x8
core   0: 3 0x8000b348 (0xff9ff06f)
core   0: 0x8000b340 (0x00001f17) auipc   t5, 0x1
core   0: 3 0x8000b340 (0x00001f17) x30 0x8000c340
core   0: 0x8000b344 (0xcc3f2023) sw      gp, -832(t5)
core   0: 3 0x8000b344 (0xcc3f2023) mem 0x8000c000 0x00000001
core   0: 0x8000b348 (0xff9ff06f) j       pc - 0x8
core   0: 3 0x8000b348 (0xff9ff06f)
core   0: 0x8000b340 (0x00001f17) auipc   t5, 0x1
core   0: 3 0x8000b340 (0x00001f17) x30 0x8000c340
core   0: 0x8000b344 (0xcc3f2023) sw      gp, -832(t5)
core   0: 3 0x8000b344 (0xcc3f2023) mem 0x8000c000 0x00000001
core   0: 0x8000b348 (0xff9ff06f) j       pc - 0x8
core   0: 3 0x8000b348 (0xff9ff06f)
core   0: 0x8000b340 (0x00001f17) auipc   t5, 0x1
core   0: 3 0x8000b340 (0x00001f17) x30 0x8000c340
core   0: 0x8000b344 (0xcc3f2023) sw      gp, -832(t5)
core   0: 3 0x8000b344 (0xcc3f2023) mem 0x8000c000 0x00000001
core   0: 0x8000b348 (0xff9ff06f) j       pc - 0x8
core   0: 3 0x8000b348 (0xff9ff06f)
core   0: 0x8000b340 (0x00001f17) auipc   t5, 0x1
core   0: 3 0x8000b340 (0x00001f17) x30 0x8000c340
core   0: 0x8000b344 (0xcc3f2023) sw      gp, -832(t5)
core   0: 3 0x8000b344 (0xcc3f2023) mem 0x8000c000 0x00000001
core   0: 0x8000b348 (0xff9ff06f) j       pc - 0x8
core   0: 3 0x8000b348 (0xff9ff06f)
core   0: 0x8000b340 (0x00001f17) auipc   t5, 0x1
core   0: 3 0x8000b340 (0x00001f17) x30 0x8000c340
core   0: 0x8000b344 (0xcc3f2023) sw      gp, -832(t5)
core   0: 3 0x8000b344 (0xcc3f2023) mem 0x8000c000 0x00000001
core   0: 0x8000b348 (0xff9ff06f) j       pc - 0x8
core   0: 3 0x8000b348 (0xff9ff06f)
core   0: 0x8000b340 (0x00001f17) auipc   t5, 0x1
core   0: 3 0x8000b340 (0x00001f17) x30 0x8000c340
core   0: 0x8000b344 (0xcc3f2023) sw      gp, -832(t5)
core   0: 3 0x8000b344 (0xcc3f2023) mem 0x8000c000 0x00000001
core   0: 0x8000b348 (0xff9ff06f) j       pc - 0x8
core   0: 3 0x8000b348 (0xff9ff06f)
core   0: 0x8000b340 (0x00001f17) auipc   t5, 0x1
core   0: 3 0x8000b340 (0x00001f17) x30 0x8000c340
core   0: 0x8000b344 (0xcc3f2023) sw      gp, -832(t5)
core   0: 3 0x8000b344 (0xcc3f2023) mem 0x8000c000 0x00000001
core   0: 0x8000b348 (0xff9ff06f) j       pc - 0x8
core   0: 3 0x8000b348 (0xff9ff06f)
core   0: 0x8000b340 (0x00001f17) auipc   t5, 0x1
core   0: 3 0x8000b340 (0x00001f17) x30 0x8000c340
core   0: 0x8000b344 (0xcc3f2023) sw      gp, -832(t5)
core   0: 3 0x8000b344 (0xcc3f2023) mem 0x8000c000 0x00000001
core   0: 0x8000b348 (0xff9ff06f) j       pc - 0x8
core   0: 3 0x8000b348 (0xff9ff06f)
core   0: 0x8000b340 (0x00001f17) auipc   t5, 0x1
core   0: 3 0x8000b340 (0x00001f17) x30 0x8000c340
core   0: 0x8000b344 (0xcc3f2023) sw      gp, -832(t5)
core   0: 3 0x8000b344 (0xcc3f2023) mem 0x8000c000 0x00000001
core   0: 0x8000b348 (0xff9ff06f) j       pc - 0x8
core   0: 3 0x8000b348 (0xff9ff06f)
core   0: 0x8000b340 (0x00001f17) auipc   t5, 0x1
core   0: 3 0x8000b340 (0x00001f17) x30 0x8000c340
core   0: 0x8000b344 (0xcc3f2023) sw      gp, -832(t5)
core   0: 3 0x8000b344 (0xcc3f2023) mem 0x8000c000 0x00000001
core   0: 0x8000b348 (0xff9ff06f) j       pc - 0x8
core   0: 3 0x8000b348 (0xff9ff06f)
core   0: 0x8000b340 (0x00001f17) auipc   t5, 0x1
core   0: 3 0x8000b340 (0x00001f17) x30 0x8000c340
core   0: 0x8000b344 (0xcc3f2023) sw      gp, -832(t5)
core   0: 3 0x8000b344 (0xcc3f2023) mem 0x8000c000 0x00000001
core   0: 0x8000b348 (0xff9ff06f) j       pc - 0x8
core   0: 3 0x8000b348 (0xff9ff06f)
core   0: 0x8000b340 (0x00001f17) auipc   t5, 0x1
core   0: 3 0x8000b340 (0x00001f17) x30 0x8000c340
core   0: 0x8000b344 (0xcc3f2023) sw      gp, -832(t5)
core   0: 3 0x8000b344 (0xcc3f2023) mem 0x8000c000 0x00000001
core   0: 0x8000b348 (0xff9ff06f) j       pc - 0x8
core   0: 3 0x8000b348 (0xff9ff06f)
core   0: 0x8000b340 (0x00001f17) auipc   t5, 0x1
core   0: 3 0x8000b340 (0x00001f17) x30 0x8000c340
core   0: 0x8000b344 (0xcc3f2023) sw      gp, -832(t5)
core   0: 3 0x8000b344 (0xcc3f2023) mem 0x8000c000 0x00000001
core   0: 0x8000b348 (0xff9ff06f) j       pc - 0x8
core   0: 3 0x8000b348 (0xff9ff06f)
core   0: 0x8000b340 (0x00001f17) auipc   t5, 0x1
core   0: 3 0x8000b340 (0x00001f17) x30 0x8000c340
core   0: 0x8000b344 (0xcc3f2023) sw      gp, -832(t5)
core   0: 3 0x8000b344 (0xcc3f2023) mem 0x8000c000 0x00000001
core   0: 0x8000b348 (0xff9ff06f) j       pc - 0x8
core   0: 3 0x8000b348 (0xff9ff06f)
core   0: 0x8000b340 (0x00001f17) auipc   t5, 0x1
core   0: 3 0x8000b340 (0x00001f17) x30 0x8000c340
core   0: 0x8000b344 (0xcc3f2023) sw      gp, -832(t5)
core   0: 3 0x8000b344 (0xcc3f2023) mem 0x8000c000 0x00000001
core   0: 0x8000b348 (0xff9ff06f) j       pc - 0x8
core   0: 3 0x8000b348 (0xff9ff06f)
core   0: 0x8000b340 (0x00001f17) auipc   t5, 0x1
core   0: 3 0x8000b340 (0x00001f17) x30 0x8000c340
core   0: 0x8000b344 (0xcc3f2023) sw      gp, -832(t5)
core   0: 3 0x8000b344 (0xcc3f2023) mem 0x8000c000 0x00000001
core   0: 0x8000b348 (0xff9ff06f) j       pc - 0x8
core   0: 3 0x8000b348 (0xff9ff06f)
core   0: 0x8000b340 (0x00001f17) auipc   t5, 0x1
core   0: 3 0x8000b340 (0x00001f17) x30 0x8000c340
core   0: 0x8000b344 (0xcc3f2023) sw      gp, -832(t5)
core   0: 3 0x8000b344 (0xcc3f2023) mem 0x8000c000 0x00000001
core   0: 0x8000b348 (0xff9ff06f) j       pc - 0x8
core   0: 3 0x8000b348 (0xff9ff06f)
core   0: 0x8000b340 (0x00001f17) auipc   t5, 0x1
core   0: 3 0x8000b340 (0x00001f17) x30 0x8000c340
core   0: 0x8000b344 (0xcc3f2023) sw      gp, -832(t5)
core   0: 3 0x8000b344 (0xcc3f2023) mem 0x8000c000 0x00000001
core   0: 0x8000b348 (0xff9ff06f) j       pc - 0x8
core   0: 3 0x8000b348 (0xff9ff06f)
core   0: 0x8000b340 (0x00001f17) auipc   t5, 0x1
core   0: 3 0x8000b340 (0x00001f17) x30 0x8000c340
core   0: 0x8000b344 (0xcc3f2023) sw      gp, -832(t5)
core   0: 3 0x8000b344 (0xcc3f2023) mem 0x8000c000 0x00000001
core   0: 0x8000b348 (0xff9ff06f) j       pc - 0x8
core   0: 3 0x8000b348 (0xff9ff06f)
core   0: 0x8000b340 (0x00001f17) auipc   t5, 0x1
core   0: 3 0x8000b340 (0x00001f17) x30 0x8000c340
core   0: 0x8000b344 (0xcc3f2023) sw      gp, -832(t5)
core   0: 3 0x8000b344 (0xcc3f2023) mem 0x8000c000 0x00000001
core   0: 0x8000b348 (0xff9ff06f) j       pc - 0x8
core   0: 3 0x8000b348 (0xff9ff06f)
core   0: 0x8000b340 (0x00001f17) auipc   t5, 0x1
core   0: 3 0x8000b340 (0x00001f17) x30 0x8000c340
core   0: 0x8000b344 (0xcc3f2023) sw      gp, -832(t5)
core   0: 3 0x8000b344 (0xcc3f2023) mem 0x8000c000 0x00000001
core   0: 0x8000b348 (0xff9ff06f) j       pc - 0x8
core   0: 3 0x8000b348 (0xff9ff06f)
core   0: 0x8000b340 (0x00001f17) auipc   t5, 0x1
core   0: 3 0x8000b340 (0x00001f17) x30 0x8000c340
core   0: 0x8000b344 (0xcc3f2023) sw      gp, -832(t5)
core   0: 3 0x8000b344 (0xcc3f2023) mem 0x8000c000 0x00000001
core   0: 0x8000b348 (0xff9ff06f) j       pc - 0x8
core   0: 3 0x8000b348 (0xff9ff06f)
core   0: 0x8000b340 (0x00001f17) auipc   t5, 0x1
core   0: 3 0x8000b340 (0x00001f17) x30 0x8000c340
core   0: 0x8000b344 (0xcc3f2023) sw      gp, -832(t5)
core   0: 3 0x8000b344 (0xcc3f2023) mem 0x8000c000 0x00000001
core   0: 0x8000b348 (0xff9ff06f) j       pc - 0x8
core   0: 3 0x8000b348 (0xff9ff06f)
core   0: 0x8000b340 (0x00001f17) auipc   t5, 0x1
core   0: 3 0x8000b340 (0x00001f17) x30 0x8000c340
core   0: 0x8000b344 (0xcc3f2023) sw      gp, -832(t5)
core   0: 3 0x8000b344 (0xcc3f2023) mem 0x8000c000 0x00000001
core   0: 0x8000b348 (0xff9ff06f) j       pc - 0x8
core   0: 3 0x8000b348 (0xff9ff06f)
core   0: 0x8000b340 (0x00001f17) auipc   t5, 0x1
core   0: 3 0x8000b340 (0x00001f17) x30 0x8000c340
core   0: 0x8000b344 (0xcc3f2023) sw      gp, -832(t5)
core   0: 3 0x8000b344 (0xcc3f2023) mem 0x8000c000 0x00000001
core   0: 0x8000b348 (0xff9ff06f) j       pc - 0x8
core   0: 3 0x8000b348 (0xff9ff06f)
core   0: 0x8000b340 (0x00001f17) auipc   t5, 0x1
core   0: 3 0x8000b340 (0x00001f17) x30 0x8000c340
core   0: 0x8000b344 (0xcc3f2023) sw      gp, -832(t5)
core   0: 3 0x8000b344 (0xcc3f2023) mem 0x8000c000 0x00000001
core   0: 0x8000b348 (0xff9ff06f) j       pc - 0x8
core   0: 3 0x8000b348 (0xff9ff06f)
core   0: 0x8000b340 (0x00001f17) auipc   t5, 0x1
core   0: 3 0x8000b340 (0x00001f17) x30 0x8000c340
core   0: 0x8000b344 (0xcc3f2023) sw      gp, -832(t5)
core   0: 3 0x8000b344 (0xcc3f2023) mem 0x8000c000 0x00000001
core   0: 0x8000b348 (0xff9ff06f) j       pc - 0x8
core   0: 3 0x8000b348 (0xff9ff06f)
core   0: 0x8000b340 (0x00001f17) auipc   t5, 0x1
core   0: 3 0x8000b340 (0x00001f17) x30 0x8000c340
core   0: 0x8000b344 (0xcc3f2023) sw      gp, -832(t5)
core   0: 3 0x8000b344 (0xcc3f2023) mem 0x8000c000 0x00000001
core   0: 0x8000b348 (0xff9ff06f) j       pc - 0x8
core   0: 3 0x8000b348 (0xff9ff06f)
core   0: 0x8000b340 (0x00001f17) auipc   t5, 0x1
core   0: 3 0x8000b340 (0x00001f17) x30 0x8000c340
core   0: 0x8000b344 (0xcc3f2023) sw      gp, -832(t5)
core   0: 3 0x8000b344 (0xcc3f2023) mem 0x8000c000 0x00000001
core   0: 0x8000b348 (0xff9ff06f) j       pc - 0x8
core   0: 3 0x8000b348 (0xff9ff06f)
core   0: 0x8000b340 (0x00001f17) auipc   t5, 0x1
core   0: 3 0x8000b340 (0x00001f17) x30 0x8000c340
core   0: 0x8000b344 (0xcc3f2023) sw      gp, -832(t5)
core   0: 3 0x8000b344 (0xcc3f2023) mem 0x8000c000 0x00000001
core   0: 0x8000b348 (0xff9ff06f) j       pc - 0x8
core   0: 3 0x8000b348 (0xff9ff06f)
core   0: 0x8000b340 (0x00001f17) auipc   t5, 0x1
core   0: 3 0x8000b340 (0x00001f17) x30 0x8000c340
core   0: 0x8000b344 (0xcc3f2023) sw      gp, -832(t5)
core   0: 3 0x8000b344 (0xcc3f2023) mem 0x8000c000 0x00000001
core   0: 0x8000b348 (0xff9ff06f) j       pc - 0x8
core   0: 3 0x8000b348 (0xff9ff06f)
core   0: 0x8000b340 (0x00001f17) auipc   t5, 0x1
core   0: 3 0x8000b340 (0x00001f17) x30 0x8000c340
core   0: 0x8000b344 (0xcc3f2023) sw      gp, -832(t5)
core   0: 3 0x8000b344 (0xcc3f2023) mem 0x8000c000 0x00000001
core   0: 0x8000b348 (0xff9ff06f) j       pc - 0x8
core   0: 3 0x8000b348 (0xff9ff06f)
core   0: 0x8000b340 (0x00001f17) auipc   t5, 0x1
core   0: 3 0x8000b340 (0x00001f17) x30 0x8000c340
core   0: 0x8000b344 (0xcc3f2023) sw      gp, -832(t5)
core   0: 3 0x8000b344 (0xcc3f2023) mem 0x8000c000 0x00000001
core   0: 0x8000b348 (0xff9ff06f) j       pc - 0x8
core   0: 3 0x8000b348 (0xff9ff06f)
core   0: 0x8000b340 (0x00001f17) auipc   t5, 0x1
core   0: 3 0x8000b340 (0x00001f17) x30 0x8000c340
core   0: 0x8000b344 (0xcc3f2023) sw      gp, -832(t5)
core   0: 3 0x8000b344 (0xcc3f2023) mem 0x8000c000 0x00000001
core   0: 0x8000b348 (0xff9ff06f) j       pc - 0x8
core   0: 3 0x8000b348 (0xff9ff06f)
core   0: 0x8000b340 (0x00001f17) auipc   t5, 0x1
core   0: 3 0x8000b340 (0x00001f17) x30 0x8000c340
core   0: 0x8000b344 (0xcc3f2023) sw      gp, -832(t5)
core   0: 3 0x8000b344 (0xcc3f2023) mem 0x8000c000 0x00000001
core   0: 0x8000b348 (0xff9ff06f) j       pc - 0x8
core   0: 3 0x8000b348 (0xff9ff06f)
core   0: 0x8000b340 (0x00001f17) auipc   t5, 0x1
core   0: 3 0x8000b340 (0x00001f17) x30 0x8000c340
core   0: 0x8000b344 (0xcc3f2023) sw      gp, -832(t5)
core   0: 3 0x8000b344 (0xcc3f2023) mem 0x8000c000 0x00000001
core   0: 0x8000b348 (0xff9ff06f) j       pc - 0x8
core   0: 3 0x8000b348 (0xff9ff06f)
core   0: 0x8000b340 (0x00001f17) auipc   t5, 0x1
core   0: 3 0x8000b340 (0x00001f17) x30 0x8000c340
core   0: 0x8000b344 (0xcc3f2023) sw      gp, -832(t5)
core   0: 3 0x8000b344 (0xcc3f2023) mem 0x8000c000 0x00000001
core   0: 0x8000b348 (0xff9ff06f) j       pc - 0x8
core   0: 3 0x8000b348 (0xff9ff06f)
core   0: 0x8000b340 (0x00001f17) auipc   t5, 0x1
core   0: 3 0x8000b340 (0x00001f17) x30 0x8000c340
core   0: 0x8000b344 (0xcc3f2023) sw      gp, -832(t5)
core   0: 3 0x8000b344 (0xcc3f2023) mem 0x8000c000 0x00000001
core   0: 0x8000b348 (0xff9ff06f) j       pc - 0x8
core   0: 3 0x8000b348 (0xff9ff06f)
core   0: 0x8000b340 (0x00001f17) auipc   t5, 0x1
core   0: 3 0x8000b340 (0x00001f17) x30 0x8000c340
core   0: 0x8000b344 (0xcc3f2023) sw      gp, -832(t5)
core   0: 3 0x8000b344 (0xcc3f2023) mem 0x8000c000 0x00000001
core   0: 0x8000b348 (0xff9ff06f) j       pc - 0x8
core   0: 3 0x8000b348 (0xff9ff06f)
core   0: 0x8000b340 (0x00001f17) auipc   t5, 0x1
core   0: 3 0x8000b340 (0x00001f17) x30 0x8000c340
core   0: 0x8000b344 (0xcc3f2023) sw      gp, -832(t5)
core   0: 3 0x8000b344 (0xcc3f2023) mem 0x8000c000 0x00000001
core   0: 0x8000b348 (0xff9ff06f) j       pc - 0x8
core   0: 3 0x8000b348 (0xff9ff06f)
core   0: 0x8000b340 (0x00001f17) auipc   t5, 0x1
core   0: 3 0x8000b340 (0x00001f17) x30 0x8000c340
core   0: 0x8000b344 (0xcc3f2023) sw      gp, -832(t5)
core   0: 3 0x8000b344 (0xcc3f2023) mem 0x8000c000 0x00000001
core   0: 0x8000b348 (0xff9ff06f) j       pc - 0x8
core   0: 3 0x8000b348 (0xff9ff06f)
core   0: 0x8000b340 (0x00001f17) auipc   t5, 0x1
core   0: 3 0x8000b340 (0x00001f17) x30 0x8000c340
core   0: 0x8000b344 (0xcc3f2023) sw      gp, -832(t5)
core   0: 3 0x8000b344 (0xcc3f2023) mem 0x8000c000 0x00000001
core   0: 0x8000b348 (0xff9ff06f) j       pc - 0x8
core   0: 3 0x8000b348 (0xff9ff06f)
core   0: 0x8000b340 (0x00001f17) auipc   t5, 0x1
core   0: 3 0x8000b340 (0x00001f17) x30 0x8000c340
core   0: 0x8000b344 (0xcc3f2023) sw      gp, -832(t5)
core   0: 3 0x8000b344 (0xcc3f2023) mem 0x8000c000 0x00000001
core   0: 0x8000b348 (0xff9ff06f) j       pc - 0x8
core   0: 3 0x8000b348 (0xff9ff06f)
core   0: 0x8000b340 (0x00001f17) auipc   t5, 0x1
core   0: 3 0x8000b340 (0x00001f17) x30 0x8000c340
core   0: 0x8000b344 (0xcc3f2023) sw      gp, -832(t5)
core   0: 3 0x8000b344 (0xcc3f2023) mem 0x8000c000 0x00000001
core   0: 0x8000b348 (0xff9ff06f) j       pc - 0x8
core   0: 3 0x8000b348 (0xff9ff06f)
core   0: 0x8000b340 (0x00001f17) auipc   t5, 0x1
core   0: 3 0x8000b340 (0x00001f17) x30 0x8000c340
core   0: 0x8000b344 (0xcc3f2023) sw      gp, -832(t5)
core   0: 3 0x8000b344 (0xcc3f2023) mem 0x8000c000 0x00000001
core   0: 0x8000b348 (0xff9ff06f) j       pc - 0x8
core   0: 3 0x8000b348 (0xff9ff06f)
core   0: 0x8000b340 (0x00001f17) auipc   t5, 0x1
core   0: 3 0x8000b340 (0x00001f17) x30 0x8000c340
core   0: 0x8000b344 (0xcc3f2023) sw      gp, -832(t5)
core   0: 3 0x8000b344 (0xcc3f2023) mem 0x8000c000 0x00000001
core   0: 0x8000b348 (0xff9ff06f) j       pc - 0x8
core   0: 3 0x8000b348 (0xff9ff06f)
core   0: 0x8000b340 (0x00001f17) auipc   t5, 0x1
core   0: 3 0x8000b340 (0x00001f17) x30 0x8000c340
core   0: 0x8000b344 (0xcc3f2023) sw      gp, -832(t5)
core   0: 3 0x8000b344 (0xcc3f2023) mem 0x8000c000 0x00000001
core   0: 0x8000b348 (0xff9ff06f) j       pc - 0x8
core   0: 3 0x8000b348 (0xff9ff06f)
core   0: 0x8000b340 (0x00001f17) auipc   t5, 0x1
core   0: 3 0x8000b340 (0x00001f17) x30 0x8000c340
core   0: 0x8000b344 (0xcc3f2023) sw      gp, -832(t5)
core   0: 3 0x8000b344 (0xcc3f2023) mem 0x8000c000 0x00000001
core   0: 0x8000b348 (0xff9ff06f) j       pc - 0x8
core   0: 3 0x8000b348 (0xff9ff06f)
core   0: 0x8000b340 (0x00001f17) auipc   t5, 0x1
core   0: 3 0x8000b340 (0x00001f17) x30 0x8000c340
core   0: 0x8000b344 (0xcc3f2023) sw      gp, -832(t5)
core   0: 3 0x8000b344 (0xcc3f2023) mem 0x8000c000 0x00000001
core   0: 0x8000b348 (0xff9ff06f) j       pc - 0x8
core   0: 3 0x8000b348 (0xff9ff06f)
core   0: 0x8000b340 (0x00001f17) auipc   t5, 0x1
core   0: 3 0x8000b340 (0x00001f17) x30 0x8000c340
core   0: 0x8000b344 (0xcc3f2023) sw      gp, -832(t5)
core   0: 3 0x8000b344 (0xcc3f2023) mem 0x8000c000 0x00000001
core   0: 0x8000b348 (0xff9ff06f) j       pc - 0x8
core   0: 3 0x8000b348 (0xff9ff06f)
core   0: 0x8000b340 (0x00001f17) auipc   t5, 0x1
core   0: 3 0x8000b340 (0x00001f17) x30 0x8000c340
core   0: 0x8000b344 (0xcc3f2023) sw      gp, -832(t5)
core   0: 3 0x8000b344 (0xcc3f2023) mem 0x8000c000 0x00000001
core   0: 0x8000b348 (0xff9ff06f) j       pc - 0x8
core   0: 3 0x8000b348 (0xff9ff06f)
core   0: 0x8000b340 (0x00001f17) auipc   t5, 0x1
core   0: 3 0x8000b340 (0x00001f17) x30 0x8000c340
core   0: 0x8000b344 (0xcc3f2023) sw      gp, -832(t5)
core   0: 3 0x8000b344 (0xcc3f2023) mem 0x8000c000 0x00000001
core   0: 0x8000b348 (0xff9ff06f) j       pc - 0x8
core   0: 3 0x8000b348 (0xff9ff06f)
core   0: 0x8000b340 (0x00001f17) auipc   t5, 0x1
core   0: 3 0x8000b340 (0x00001f17) x30 0x8000c340
core   0: 0x8000b344 (0xcc3f2023) sw      gp, -832(t5)
core   0: 3 0x8000b344 (0xcc3f2023) mem 0x8000c000 0x00000001
core   0: 0x8000b348 (0xff9ff06f) j       pc - 0x8
core   0: 3 0x8000b348 (0xff9ff06f)
core   0: 0x8000b340 (0x00001f17) auipc   t5, 0x1
core   0: 3 0x8000b340 (0x00001f17) x30 0x8000c340
core   0: 0x8000b344 (0xcc3f2023) sw      gp, -832(t5)
core   0: 3 0x8000b344 (0xcc3f2023) mem 0x8000c000 0x00000001
core   0: 0x8000b348 (0xff9ff06f) j       pc - 0x8
core   0: 3 0x8000b348 (0xff9ff06f)
core   0: 0x8000b340 (0x00001f17) auipc   t5, 0x1
core   0: 3 0x8000b340 (0x00001f17) x30 0x8000c340
core   0: 0x8000b344 (0xcc3f2023) sw      gp, -832(t5)
core   0: 3 0x8000b344 (0xcc3f2023) mem 0x8000c000 0x00000001
core   0: 0x8000b348 (0xff9ff06f) j       pc - 0x8
core   0: 3 0x8000b348 (0xff9ff06f)
core   0: 0x8000b340 (0x00001f17) auipc   t5, 0x1
core   0: 3 0x8000b340 (0x00001f17) x30 0x8000c340
core   0: 0x8000b344 (0xcc3f2023) sw      gp, -832(t5)
core   0: 3 0x8000b344 (0xcc3f2023) mem 0x8000c000 0x00000001
core   0: 0x8000b348 (0xff9ff06f) j       pc - 0x8
core   0: 3 0x8000b348 (0xff9ff06f)
core   0: 0x8000b340 (0x00001f17) auipc   t5, 0x1
core   0: 3 0x8000b340 (0x00001f17) x30 0x8000c340
core   0: 0x8000b344 (0xcc3f2023) sw      gp, -832(t5)
core   0: 3 0x8000b344 (0xcc3f2023) mem 0x8000c000 0x00000001
core   0: 0x8000b348 (0xff9ff06f) j       pc - 0x8
core   0: 3 0x8000b348 (0xff9ff06f)
core   0: 0x8000b340 (0x00001f17) auipc   t5, 0x1
core   0: 3 0x8000b340 (0x00001f17) x30 0x8000c340
core   0: 0x8000b344 (0xcc3f2023) sw      gp, -832(t5)
core   0: 3 0x8000b344 (0xcc3f2023) mem 0x8000c000 0x00000001
core   0: 0x8000b348 (0xff9ff06f) j       pc - 0x8
core   0: 3 0x8000b348 (0xff9ff06f)
core   0: 0x8000b340 (0x00001f17) auipc   t5, 0x1
core   0: 3 0x8000b340 (0x00001f17) x30 0x8000c340
core   0: 0x8000b344 (0xcc3f2023) sw      gp, -832(t5)
core   0: 3 0x8000b344 (0xcc3f2023) mem 0x8000c000 0x00000001
core   0: 0x8000b348 (0xff9ff06f) j       pc - 0x8
core   0: 3 0x8000b348 (0xff9ff06f)
core   0: 0x8000b340 (0x00001f17) auipc   t5, 0x1
core   0: 3 0x8000b340 (0x00001f17) x30 0x8000c340
core   0: 0x8000b344 (0xcc3f2023) sw      gp, -832(t5)
core   0: 3 0x8000b344 (0xcc3f2023) mem 0x8000c000 0x00000001
core   0: 0x8000b348 (0xff9ff06f) j       pc - 0x8
core   0: 3 0x8000b348 (0xff9ff06f)
core   0: 0x8000b340 (0x00001f17) auipc   t5, 0x1
core   0: 3 0x8000b340 (0x00001f17) x30 0x8000c340
core   0: 0x8000b344 (0xcc3f2023) sw      gp, -832(t5)
core   0: 3 0x8000b344 (0xcc3f2023) mem 0x8000c000 0x00000001
core   0: 0x8000b348 (0xff9ff06f) j       pc - 0x8
core   0: 3 0x8000b348 (0xff9ff06f)
core   0: 0x8000b340 (0x00001f17) auipc   t5, 0x1
core   0: 3 0x8000b340 (0x00001f17) x30 0x8000c340
core   0: 0x8000b344 (0xcc3f2023) sw      gp, -832(t5)
core   0: 3 0x8000b344 (0xcc3f2023) mem 0x8000c000 0x00000001
core   0: 0x8000b348 (0xff9ff06f) j       pc - 0x8
core   0: 3 0x8000b348 (0xff9ff06f)
core   0: 0x8000b340 (0x00001f17) auipc   t5, 0x1
core   0: 3 0x8000b340 (0x00001f17) x30 0x8000c340
core   0: 0x8000b344 (0xcc3f2023) sw      gp, -832(t5)
core   0: 3 0x8000b344 (0xcc3f2023) mem 0x8000c000 0x00000001
core   0: 0x8000b348 (0xff9ff06f) j       pc - 0x8
core   0: 3 0x8000b348 (0xff9ff06f)
core   0: 0x8000b340 (0x00001f17) auipc   t5, 0x1
core   0: 3 0x8000b340 (0x00001f17) x30 0x8000c340
core   0: 0x8000b344 (0xcc3f2023) sw      gp, -832(t5)
core   0: 3 0x8000b344 (0xcc3f2023) mem 0x8000c000 0x00000001
core   0: 0x8000b348 (0xff9ff06f) j       pc - 0x8
core   0: 3 0x8000b348 (0xff9ff06f)
core   0: 0x8000b340 (0x00001f17) auipc   t5, 0x1
core   0: 3 0x8000b340 (0x00001f17) x30 0x8000c340
core   0: 0x8000b344 (0xcc3f2023) sw      gp, -832(t5)
core   0: 3 0x8000b344 (0xcc3f2023) mem 0x8000c000 0x00000001
core   0: 0x8000b348 (0xff9ff06f) j       pc - 0x8
core   0: 3 0x8000b348 (0xff9ff06f)
core   0: 0x8000b340 (0x00001f17) auipc   t5, 0x1
core   0: 3 0x8000b340 (0x00001f17) x30 0x8000c340
core   0: 0x8000b344 (0xcc3f2023) sw      gp, -832(t5)
core   0: 3 0x8000b344 (0xcc3f2023) mem 0x8000c000 0x00000001
core   0: 0x8000b348 (0xff9ff06f) j       pc - 0x8
core   0: 3 0x8000b348 (0xff9ff06f)
core   0: 0x8000b340 (0x00001f17) auipc   t5, 0x1
core   0: 3 0x8000b340 (0x00001f17) x30 0x8000c340
core   0: 0x8000b344 (0xcc3f2023) sw      gp, -832(t5)
core   0: 3 0x8000b344 (0xcc3f2023) mem 0x8000c000 0x00000001
core   0: 0x8000b348 (0xff9ff06f) j       pc - 0x8
core   0: 3 0x8000b348 (0xff9ff06f)
core   0: 0x8000b340 (0x00001f17) auipc   t5, 0x1
core   0: 3 0x8000b340 (0x00001f17) x30 0x8000c340
core   0: 0x8000b344 (0xcc3f2023) sw      gp, -832(t5)
core   0: 3 0x8000b344 (0xcc3f2023) mem 0x8000c000 0x00000001
core   0: 0x8000b348 (0xff9ff06f) j       pc - 0x8
core   0: 3 0x8000b348 (0xff9ff06f)
core   0: 0x8000b340 (0x00001f17) auipc   t5, 0x1
core   0: 3 0x8000b340 (0x00001f17) x30 0x8000c340
core   0: 0x8000b344 (0xcc3f2023) sw      gp, -832(t5)
core   0: 3 0x8000b344 (0xcc3f2023) mem 0x8000c000 0x00000001
core   0: 0x8000b348 (0xff9ff06f) j       pc - 0x8
core   0: 3 0x8000b348 (0xff9ff06f)
core   0: 0x8000b340 (0x00001f17) auipc   t5, 0x1
core   0: 3 0x8000b340 (0x00001f17) x30 0x8000c340
core   0: 0x8000b344 (0xcc3f2023) sw      gp, -832(t5)
core   0: 3 0x8000b344 (0xcc3f2023) mem 0x8000c000 0x00000001
core   0: 0x8000b348 (0xff9ff06f) j       pc - 0x8
core   0: 3 0x8000b348 (0xff9ff06f)
core   0: 0x8000b340 (0x00001f17) auipc   t5, 0x1
core   0: 3 0x8000b340 (0x00001f17) x30 0x8000c340
core   0: 0x8000b344 (0xcc3f2023) sw      gp, -832(t5)
core   0: 3 0x8000b344 (0xcc3f2023) mem 0x8000c000 0x00000001
core   0: 0x8000b348 (0xff9ff06f) j       pc - 0x8
core   0: 3 0x8000b348 (0xff9ff06f)
core   0: 0x8000b340 (0x00001f17) auipc   t5, 0x1
core   0: 3 0x8000b340 (0x00001f17) x30 0x8000c340
core   0: 0x8000b344 (0xcc3f2023) sw      gp, -832(t5)
core   0: 3 0x8000b344 (0xcc3f2023) mem 0x8000c000 0x00000001
core   0: 0x8000b348 (0xff9ff06f) j       pc - 0x8
core   0: 3 0x8000b348 (0xff9ff06f)
core   0: 0x8000b340 (0x00001f17) auipc   t5, 0x1
core   0: 3 0x8000b340 (0x00001f17) x30 0x8000c340
core   0: 0x8000b344 (0xcc3f2023) sw      gp, -832(t5)
core   0: 3 0x8000b344 (0xcc3f2023) mem 0x8000c000 0x00000001
core   0: 0x8000b348 (0xff9ff06f) j       pc - 0x8
core   0: 3 0x8000b348 (0xff9ff06f)
core   0: 0x8000b340 (0x00001f17) auipc   t5, 0x1
core   0: 3 0x8000b340 (0x00001f17) x30 0x8000c340
core   0: 0x8000b344 (0xcc3f2023) sw      gp, -832(t5)
core   0: 3 0x8000b344 (0xcc3f2023) mem 0x8000c000 0x00000001
core   0: 0x8000b348 (0xff9ff06f) j       pc - 0x8
core   0: 3 0x8000b348 (0xff9ff06f)
core   0: 0x8000b340 (0x00001f17) auipc   t5, 0x1
core   0: 3 0x8000b340 (0x00001f17) x30 0x8000c340
core   0: 0x8000b344 (0xcc3f2023) sw      gp, -832(t5)
core   0: 3 0x8000b344 (0xcc3f2023) mem 0x8000c000 0x00000001
core   0: 0x8000b348 (0xff9ff06f) j       pc - 0x8
core   0: 3 0x8000b348 (0xff9ff06f)
core   0: 0x8000b340 (0x00001f17) auipc   t5, 0x1
core   0: 3 0x8000b340 (0x00001f17) x30 0x8000c340
core   0: 0x8000b344 (0xcc3f2023) sw      gp, -832(t5)
core   0: 3 0x8000b344 (0xcc3f2023) mem 0x8000c000 0x00000001
core   0: 0x8000b348 (0xff9ff06f) j       pc - 0x8
core   0: 3 0x8000b348 (0xff9ff06f)
core   0: 0x8000b340 (0x00001f17) auipc   t5, 0x1
core   0: 3 0x8000b340 (0x00001f17) x30 0x8000c340
core   0: 0x8000b344 (0xcc3f2023) sw      gp, -832(t5)
core   0: 3 0x8000b344 (0xcc3f2023) mem 0x8000c000 0x00000001
core   0: 0x8000b348 (0xff9ff06f) j       pc - 0x8
core   0: 3 0x8000b348 (0xff9ff06f)
core   0: 0x8000b340 (0x00001f17) auipc   t5, 0x1
core   0: 3 0x8000b340 (0x00001f17) x30 0x8000c340
core   0: 0x8000b344 (0xcc3f2023) sw      gp, -832(t5)
core   0: 3 0x8000b344 (0xcc3f2023) mem 0x8000c000 0x00000001
core   0: 0x8000b348 (0xff9ff06f) j       pc - 0x8
core   0: 3 0x8000b348 (0xff9ff06f)
core   0: 0x8000b340 (0x00001f17) auipc   t5, 0x1
core   0: 3 0x8000b340 (0x00001f17) x30 0x8000c340
core   0: 0x8000b344 (0xcc3f2023) sw      gp, -832(t5)
core   0: 3 0x8000b344 (0xcc3f2023) mem 0x8000c000 0x00000001
core   0: 0x8000b348 (0xff9ff06f) j       pc - 0x8
core   0: 3 0x8000b348 (0xff9ff06f)
core   0: 0x8000b340 (0x00001f17) auipc   t5, 0x1
core   0: 3 0x8000b340 (0x00001f17) x30 0x8000c340
core   0: 0x8000b344 (0xcc3f2023) sw      gp, -832(t5)
core   0: 3 0x8000b344 (0xcc3f2023) mem 0x8000c000 0x00000001
core   0: 0x8000b348 (0xff9ff06f) j       pc - 0x8
core   0: 3 0x8000b348 (0xff9ff06f)
core   0: 0x8000b340 (0x00001f17) auipc   t5, 0x1
core   0: 3 0x8000b340 (0x00001f17) x30 0x8000c340
core   0: 0x8000b344 (0xcc3f2023) sw      gp, -832(t5)
core   0: 3 0x8000b344 (0xcc3f2023) mem 0x8000c000 0x00000001
core   0: 0x8000b348 (0xff9ff06f) j       pc - 0x8
core   0: 3 0x8000b348 (0xff9ff06f)
core   0: 0x8000b340 (0x00001f17) auipc   t5, 0x1
core   0: 3 0x8000b340 (0x00001f17) x30 0x8000c340
core   0: 0x8000b344 (0xcc3f2023) sw      gp, -832(t5)
core   0: 3 0x8000b344 (0xcc3f2023) mem 0x8000c000 0x00000001
core   0: 0x8000b348 (0xff9ff06f) j       pc - 0x8
core   0: 3 0x8000b348 (0xff9ff06f)
core   0: 0x8000b340 (0x00001f17) auipc   t5, 0x1
core   0: 3 0x8000b340 (0x00001f17) x30 0x8000c340
core   0: 0x8000b344 (0xcc3f2023) sw      gp, -832(t5)
core   0: 3 0x8000b344 (0xcc3f2023) mem 0x8000c000 0x00000001
core   0: 0x8000b348 (0xff9ff06f) j       pc - 0x8
core   0: 3 0x8000b348 (0xff9ff06f)
core   0: 0x8000b340 (0x00001f17) auipc   t5, 0x1
core   0: 3 0x8000b340 (0x00001f17) x30 0x8000c340
core   0: 0x8000b344 (0xcc3f2023) sw      gp, -832(t5)
core   0: 3 0x8000b344 (0xcc3f2023) mem 0x8000c000 0x00000001
core   0: 0x8000b348 (0xff9ff06f) j       pc - 0x8
core   0: 3 0x8000b348 (0xff9ff06f)
core   0: 0x8000b340 (0x00001f17) auipc   t5, 0x1
core   0: 3 0x8000b340 (0x00001f17) x30 0x8000c340
core   0: 0x8000b344 (0xcc3f2023) sw      gp, -832(t5)
core   0: 3 0x8000b344 (0xcc3f2023) mem 0x8000c000 0x00000001
core   0: 0x8000b348 (0xff9ff06f) j       pc - 0x8
core   0: 3 0x8000b348 (0xff9ff06f)
core   0: 0x8000b340 (0x00001f17) auipc   t5, 0x1
core   0: 3 0x8000b340 (0x00001f17) x30 0x8000c340
core   0: 0x8000b344 (0xcc3f2023) sw      gp, -832(t5)
core   0: 3 0x8000b344 (0xcc3f2023) mem 0x8000c000 0x00000001
core   0: 0x8000b348 (0xff9ff06f) j       pc - 0x8
core   0: 3 0x8000b348 (0xff9ff06f)
core   0: 0x8000b340 (0x00001f17) auipc   t5, 0x1
core   0: 3 0x8000b340 (0x00001f17) x30 0x8000c340
core   0: 0x8000b344 (0xcc3f2023) sw      gp, -832(t5)
core   0: 3 0x8000b344 (0xcc3f2023) mem 0x8000c000 0x00000001
core   0: 0x8000b348 (0xff9ff06f) j       pc - 0x8
core   0: 3 0x8000b348 (0xff9ff06f)
core   0: 0x8000b340 (0x00001f17) auipc   t5, 0x1
core   0: 3 0x8000b340 (0x00001f17) x30 0x8000c340
core   0: 0x8000b344 (0xcc3f2023) sw      gp, -832(t5)
core   0: 3 0x8000b344 (0xcc3f2023) mem 0x8000c000 0x00000001
core   0: 0x8000b348 (0xff9ff06f) j       pc - 0x8
core   0: 3 0x8000b348 (0xff9ff06f)
core   0: 0x8000b340 (0x00001f17) auipc   t5, 0x1
core   0: 3 0x8000b340 (0x00001f17) x30 0x8000c340
core   0: 0x8000b344 (0xcc3f2023) sw      gp, -832(t5)
core   0: 3 0x8000b344 (0xcc3f2023) mem 0x8000c000 0x00000001
core   0: 0x8000b348 (0xff9ff06f) j       pc - 0x8
core   0: 3 0x8000b348 (0xff9ff06f)
core   0: 0x8000b340 (0x00001f17) auipc   t5, 0x1
core   0: 3 0x8000b340 (0x00001f17) x30 0x8000c340
core   0: 0x8000b344 (0xcc3f2023) sw      gp, -832(t5)
core   0: 3 0x8000b344 (0xcc3f2023) mem 0x8000c000 0x00000001
core   0: 0x8000b348 (0xff9ff06f) j       pc - 0x8
core   0: 3 0x8000b348 (0xff9ff06f)
core   0: 0x8000b340 (0x00001f17) auipc   t5, 0x1
core   0: 3 0x8000b340 (0x00001f17) x30 0x8000c340
core   0: 0x8000b344 (0xcc3f2023) sw      gp, -832(t5)
core   0: 3 0x8000b344 (0xcc3f2023) mem 0x8000c000 0x00000001
core   0: 0x8000b348 (0xff9ff06f) j       pc - 0x8
core   0: 3 0x8000b348 (0xff9ff06f)
core   0: 0x8000b340 (0x00001f17) auipc   t5, 0x1
core   0: 3 0x8000b340 (0x00001f17) x30 0x8000c340
core   0: 0x8000b344 (0xcc3f2023) sw      gp, -832(t5)
core   0: 3 0x8000b344 (0xcc3f2023) mem 0x8000c000 0x00000001
core   0: 0x8000b348 (0xff9ff06f) j       pc - 0x8
core   0: 3 0x8000b348 (0xff9ff06f)
core   0: 0x8000b340 (0x00001f17) auipc   t5, 0x1
core   0: 3 0x8000b340 (0x00001f17) x30 0x8000c340
core   0: 0x8000b344 (0xcc3f2023) sw      gp, -832(t5)
core   0: 3 0x8000b344 (0xcc3f2023) mem 0x8000c000 0x00000001
core   0: 0x8000b348 (0xff9ff06f) j       pc - 0x8
core   0: 3 0x8000b348 (0xff9ff06f)
core   0: 0x8000b340 (0x00001f17) auipc   t5, 0x1
core   0: 3 0x8000b340 (0x00001f17) x30 0x8000c340
core   0: 0x8000b344 (0xcc3f2023) sw      gp, -832(t5)
core   0: 3 0x8000b344 (0xcc3f2023) mem 0x8000c000 0x00000001
core   0: 0x8000b348 (0xff9ff06f) j       pc - 0x8
core   0: 3 0x8000b348 (0xff9ff06f)
core   0: 0x8000b340 (0x00001f17) auipc   t5, 0x1
core   0: 3 0x8000b340 (0x00001f17) x30 0x8000c340
core   0: 0x8000b344 (0xcc3f2023) sw      gp, -832(t5)
core   0: 3 0x8000b344 (0xcc3f2023) mem 0x8000c000 0x00000001
core   0: 0x8000b348 (0xff9ff06f) j       pc - 0x8
core   0: 3 0x8000b348 (0xff9ff06f)
core   0: 0x8000b340 (0x00001f17) auipc   t5, 0x1
core   0: 3 0x8000b340 (0x00001f17) x30 0x8000c340
core   0: 0x8000b344 (0xcc3f2023) sw      gp, -832(t5)
core   0: 3 0x8000b344 (0xcc3f2023) mem 0x8000c000 0x00000001
core   0: 0x8000b348 (0xff9ff06f) j       pc - 0x8
core   0: 3 0x8000b348 (0xff9ff06f)
core   0: 0x8000b340 (0x00001f17) auipc   t5, 0x1
core   0: 3 0x8000b340 (0x00001f17) x30 0x8000c340
core   0: 0x8000b344 (0xcc3f2023) sw      gp, -832(t5)
core   0: 3 0x8000b344 (0xcc3f2023) mem 0x8000c000 0x00000001
core   0: 0x8000b348 (0xff9ff06f) j       pc - 0x8
core   0: 3 0x8000b348 (0xff9ff06f)
core   0: 0x8000b340 (0x00001f17) auipc   t5, 0x1
core   0: 3 0x8000b340 (0x00001f17) x30 0x8000c340
core   0: 0x8000b344 (0xcc3f2023) sw      gp, -832(t5)
core   0: 3 0x8000b344 (0xcc3f2023) mem 0x8000c000 0x00000001
core   0: 0x8000b348 (0xff9ff06f) j       pc - 0x8
core   0: 3 0x8000b348 (0xff9ff06f)
core   0: 0x8000b340 (0x00001f17) auipc   t5, 0x1
core   0: 3 0x8000b340 (0x00001f17) x30 0x8000c340
core   0: 0x8000b344 (0xcc3f2023) sw      gp, -832(t5)
core   0: 3 0x8000b344 (0xcc3f2023) mem 0x8000c000 0x00000001
core   0: 0x8000b348 (0xff9ff06f) j       pc - 0x8
core   0: 3 0x8000b348 (0xff9ff06f)
core   0: 0x8000b340 (0x00001f17) auipc   t5, 0x1
core   0: 3 0x8000b340 (0x00001f17) x30 0x8000c340
core   0: 0x8000b344 (0xcc3f2023) sw      gp, -832(t5)
core   0: 3 0x8000b344 (0xcc3f2023) mem 0x8000c000 0x00000001
core   0: 0x8000b348 (0xff9ff06f) j       pc - 0x8
core   0: 3 0x8000b348 (0xff9ff06f)
core   0: 0x8000b340 (0x00001f17) auipc   t5, 0x1
core   0: 3 0x8000b340 (0x00001f17) x30 0x8000c340
core   0: 0x8000b344 (0xcc3f2023) sw      gp, -832(t5)
core   0: 3 0x8000b344 (0xcc3f2023) mem 0x8000c000 0x00000001
core   0: 0x8000b348 (0xff9ff06f) j       pc - 0x8
core   0: 3 0x8000b348 (0xff9ff06f)
core   0: 0x8000b340 (0x00001f17) auipc   t5, 0x1
core   0: 3 0x8000b340 (0x00001f17) x30 0x8000c340
core   0: 0x8000b344 (0xcc3f2023) sw      gp, -832(t5)
core   0: 3 0x8000b344 (0xcc3f2023) mem 0x8000c000 0x00000001
core   0: 0x8000b348 (0xff9ff06f) j       pc - 0x8
core   0: 3 0x8000b348 (0xff9ff06f)
core   0: 0x8000b340 (0x00001f17) auipc   t5, 0x1
core   0: 3 0x8000b340 (0x00001f17) x30 0x8000c340
core   0: 0x8000b344 (0xcc3f2023) sw      gp, -832(t5)
core   0: 3 0x8000b344 (0xcc3f2023) mem 0x8000c000 0x00000001
core   0: 0x8000b348 (0xff9ff06f) j       pc - 0x8
core   0: 3 0x8000b348 (0xff9ff06f)
core   0: 0x8000b340 (0x00001f17) auipc   t5, 0x1
core   0: 3 0x8000b340 (0x00001f17) x30 0x8000c340
core   0: 0x8000b344 (0xcc3f2023) sw      gp, -832(t5)
core   0: 3 0x8000b344 (0xcc3f2023) mem 0x8000c000 0x00000001
core   0: 0x8000b348 (0xff9ff06f) j       pc - 0x8
core   0: 3 0x8000b348 (0xff9ff06f)
core   0: 0x8000b340 (0x00001f17) auipc   t5, 0x1
core   0: 3 0x8000b340 (0x00001f17) x30 0x8000c340
core   0: 0x8000b344 (0xcc3f2023) sw      gp, -832(t5)
core   0: 3 0x8000b344 (0xcc3f2023) mem 0x8000c000 0x00000001
core   0: 0x8000b348 (0xff9ff06f) j       pc - 0x8
core   0: 3 0x8000b348 (0xff9ff06f)
core   0: 0x8000b340 (0x00001f17) auipc   t5, 0x1
core   0: 3 0x8000b340 (0x00001f17) x30 0x8000c340
core   0: 0x8000b344 (0xcc3f2023) sw      gp, -832(t5)
core   0: 3 0x8000b344 (0xcc3f2023) mem 0x8000c000 0x00000001
core   0: 0x8000b348 (0xff9ff06f) j       pc - 0x8
core   0: 3 0x8000b348 (0xff9ff06f)
core   0: 0x8000b340 (0x00001f17) auipc   t5, 0x1
core   0: 3 0x8000b340 (0x00001f17) x30 0x8000c340
core   0: 0x8000b344 (0xcc3f2023) sw      gp, -832(t5)
core   0: 3 0x8000b344 (0xcc3f2023) mem 0x8000c000 0x00000001
core   0: 0x8000b348 (0xff9ff06f) j       pc - 0x8
core   0: 3 0x8000b348 (0xff9ff06f)
core   0: 0x8000b340 (0x00001f17) auipc   t5, 0x1
core   0: 3 0x8000b340 (0x00001f17) x30 0x8000c340
core   0: 0x8000b344 (0xcc3f2023) sw      gp, -832(t5)
core   0: 3 0x8000b344 (0xcc3f2023) mem 0x8000c000 0x00000001
core   0: 0x8000b348 (0xff9ff06f) j       pc - 0x8
core   0: 3 0x8000b348 (0xff9ff06f)
core   0: 0x8000b340 (0x00001f17) auipc   t5, 0x1
core   0: 3 0x8000b340 (0x00001f17) x30 0x8000c340
core   0: 0x8000b344 (0xcc3f2023) sw      gp, -832(t5)
core   0: 3 0x8000b344 (0xcc3f2023) mem 0x8000c000 0x00000001
core   0: 0x8000b348 (0xff9ff06f) j       pc - 0x8
core   0: 3 0x8000b348 (0xff9ff06f)
core   0: 0x8000b340 (0x00001f17) auipc   t5, 0x1
core   0: 3 0x8000b340 (0x00001f17) x30 0x8000c340
core   0: 0x8000b344 (0xcc3f2023) sw      gp, -832(t5)
core   0: 3 0x8000b344 (0xcc3f2023) mem 0x8000c000 0x00000001
core   0: 0x8000b348 (0xff9ff06f) j       pc - 0x8
core   0: 3 0x8000b348 (0xff9ff06f)
core   0: 0x8000b340 (0x00001f17) auipc   t5, 0x1
core   0: 3 0x8000b340 (0x00001f17) x30 0x8000c340
core   0: 0x8000b344 (0xcc3f2023) sw      gp, -832(t5)
core   0: 3 0x8000b344 (0xcc3f2023) mem 0x8000c000 0x00000001
core   0: 0x8000b348 (0xff9ff06f) j       pc - 0x8
core   0: 3 0x8000b348 (0xff9ff06f)
core   0: 0x8000b340 (0x00001f17) auipc   t5, 0x1
core   0: 3 0x8000b340 (0x00001f17) x30 0x8000c340
core   0: 0x8000b344 (0xcc3f2023) sw      gp, -832(t5)
core   0: 3 0x8000b344 (0xcc3f2023) mem 0x8000c000 0x00000001
core   0: 0x8000b348 (0xff9ff06f) j       pc - 0x8
core   0: 3 0x8000b348 (0xff9ff06f)
core   0: 0x8000b340 (0x00001f17) auipc   t5, 0x1
core   0: 3 0x8000b340 (0x00001f17) x30 0x8000c340
core   0: 0x8000b344 (0xcc3f2023) sw      gp, -832(t5)
core   0: 3 0x8000b344 (0xcc3f2023) mem 0x8000c000 0x00000001
core   0: 0x8000b348 (0xff9ff06f) j       pc - 0x8
core   0: 3 0x8000b348 (0xff9ff06f)
core   0: 0x8000b340 (0x00001f17) auipc   t5, 0x1
core   0: 3 0x8000b340 (0x00001f17) x30 0x8000c340
core   0: 0x8000b344 (0xcc3f2023) sw      gp, -832(t5)
core   0: 3 0x8000b344 (0xcc3f2023) mem 0x8000c000 0x00000001
core   0: 0x8000b348 (0xff9ff06f) j       pc - 0x8
core   0: 3 0x8000b348 (0xff9ff06f)
core   0: 0x8000b340 (0x00001f17) auipc   t5, 0x1
core   0: 3 0x8000b340 (0x00001f17) x30 0x8000c340
core   0: 0x8000b344 (0xcc3f2023) sw      gp, -832(t5)
core   0: 3 0x8000b344 (0xcc3f2023) mem 0x8000c000 0x00000001
core   0: 0x8000b348 (0xff9ff06f) j       pc - 0x8
core   0: 3 0x8000b348 (0xff9ff06f)
core   0: 0x8000b340 (0x00001f17) auipc   t5, 0x1
core   0: 3 0x8000b340 (0x00001f17) x30 0x8000c340
core   0: 0x8000b344 (0xcc3f2023) sw      gp, -832(t5)
core   0: 3 0x8000b344 (0xcc3f2023) mem 0x8000c000 0x00000001
core   0: 0x8000b348 (0xff9ff06f) j       pc - 0x8
core   0: 3 0x8000b348 (0xff9ff06f)
core   0: 0x8000b340 (0x00001f17) auipc   t5, 0x1
core   0: 3 0x8000b340 (0x00001f17) x30 0x8000c340
core   0: 0x8000b344 (0xcc3f2023) sw      gp, -832(t5)
core   0: 3 0x8000b344 (0xcc3f2023) mem 0x8000c000 0x00000001
core   0: 0x8000b348 (0xff9ff06f) j       pc - 0x8
core   0: 3 0x8000b348 (0xff9ff06f)
core   0: 0x8000b340 (0x00001f17) auipc   t5, 0x1
core   0: 3 0x8000b340 (0x00001f17) x30 0x8000c340
core   0: 0x8000b344 (0xcc3f2023) sw      gp, -832(t5)
core   0: 3 0x8000b344 (0xcc3f2023) mem 0x8000c000 0x00000001
core   0: 0x8000b348 (0xff9ff06f) j       pc - 0x8
core   0: 3 0x8000b348 (0xff9ff06f)
core   0: 0x8000b340 (0x00001f17) auipc   t5, 0x1
core   0: 3 0x8000b340 (0x00001f17) x30 0x8000c340
core   0: 0x8000b344 (0xcc3f2023) sw      gp, -832(t5)
core   0: 3 0x8000b344 (0xcc3f2023) mem 0x8000c000 0x00000001
core   0: 0x8000b348 (0xff9ff06f) j       pc - 0x8
core   0: 3 0x8000b348 (0xff9ff06f)
core   0: 0x8000b340 (0x00001f17) auipc   t5, 0x1
core   0: 3 0x8000b340 (0x00001f17) x30 0x8000c340
core   0: 0x8000b344 (0xcc3f2023) sw      gp, -832(t5)
core   0: 3 0x8000b344 (0xcc3f2023) mem 0x8000c000 0x00000001
core   0: 0x8000b348 (0xff9ff06f) j       pc - 0x8
core   0: 3 0x8000b348 (0xff9ff06f)
core   0: 0x8000b340 (0x00001f17) auipc   t5, 0x1
core   0: 3 0x8000b340 (0x00001f17) x30 0x8000c340
core   0: 0x8000b344 (0xcc3f2023) sw      gp, -832(t5)
core   0: 3 0x8000b344 (0xcc3f2023) mem 0x8000c000 0x00000001
core   0: 0x8000b348 (0xff9ff06f) j       pc - 0x8
core   0: 3 0x8000b348 (0xff9ff06f)
core   0: 0x8000b340 (0x00001f17) auipc   t5, 0x1
core   0: 3 0x8000b340 (0x00001f17) x30 0x8000c340
core   0: 0x8000b344 (0xcc3f2023) sw      gp, -832(t5)
core   0: 3 0x8000b344 (0xcc3f2023) mem 0x8000c000 0x00000001
core   0: 0x8000b348 (0xff9ff06f) j       pc - 0x8
core   0: 3 0x8000b348 (0xff9ff06f)
core   0: 0x8000b340 (0x00001f17) auipc   t5, 0x1
core   0: 3 0x8000b340 (0x00001f17) x30 0x8000c340
core   0: 0x8000b344 (0xcc3f2023) sw      gp, -832(t5)
core   0: 3 0x8000b344 (0xcc3f2023) mem 0x8000c000 0x00000001
core   0: 0x8000b348 (0xff9ff06f) j       pc - 0x8
core   0: 3 0x8000b348 (0xff9ff06f)
core   0: 0x8000b340 (0x00001f17) auipc   t5, 0x1
core   0: 3 0x8000b340 (0x00001f17) x30 0x8000c340
core   0: 0x8000b344 (0xcc3f2023) sw      gp, -832(t5)
core   0: 3 0x8000b344 (0xcc3f2023) mem 0x8000c000 0x00000001
core   0: 0x8000b348 (0xff9ff06f) j       pc - 0x8
core   0: 3 0x8000b348 (0xff9ff06f)
core   0: 0x8000b340 (0x00001f17) auipc   t5, 0x1
core   0: 3 0x8000b340 (0x00001f17) x30 0x8000c340
core   0: 0x8000b344 (0xcc3f2023) sw      gp, -832(t5)
core   0: 3 0x8000b344 (0xcc3f2023) mem 0x8000c000 0x00000001
core   0: 0x8000b348 (0xff9ff06f) j       pc - 0x8
core   0: 3 0x8000b348 (0xff9ff06f)
core   0: 0x8000b340 (0x00001f17) auipc   t5, 0x1
core   0: 3 0x8000b340 (0x00001f17) x30 0x8000c340
core   0: 0x8000b344 (0xcc3f2023) sw      gp, -832(t5)
core   0: 3 0x8000b344 (0xcc3f2023) mem 0x8000c000 0x00000001
core   0: 0x8000b348 (0xff9ff06f) j       pc - 0x8
core   0: 3 0x8000b348 (0xff9ff06f)
core   0: 0x8000b340 (0x00001f17) auipc   t5, 0x1
core   0: 3 0x8000b340 (0x00001f17) x30 0x8000c340
core   0: 0x8000b344 (0xcc3f2023) sw      gp, -832(t5)
core   0: 3 0x8000b344 (0xcc3f2023) mem 0x8000c000 0x00000001
core   0: 0x8000b348 (0xff9ff06f) j       pc - 0x8
core   0: 3 0x8000b348 (0xff9ff06f)
core   0: 0x8000b340 (0x00001f17) auipc   t5, 0x1
core   0: 3 0x8000b340 (0x00001f17) x30 0x8000c340
core   0: 0x8000b344 (0xcc3f2023) sw      gp, -832(t5)
core   0: 3 0x8000b344 (0xcc3f2023) mem 0x8000c000 0x00000001
core   0: 0x8000b348 (0xff9ff06f) j       pc - 0x8
core   0: 3 0x8000b348 (0xff9ff06f)
core   0: 0x8000b340 (0x00001f17) auipc   t5, 0x1
core   0: 3 0x8000b340 (0x00001f17) x30 0x8000c340
core   0: 0x8000b344 (0xcc3f2023) sw      gp, -832(t5)
core   0: 3 0x8000b344 (0xcc3f2023) mem 0x8000c000 0x00000001
core   0: 0x8000b348 (0xff9ff06f) j       pc - 0x8
core   0: 3 0x8000b348 (0xff9ff06f)
core   0: 0x8000b340 (0x00001f17) auipc   t5, 0x1
core   0: 3 0x8000b340 (0x00001f17) x30 0x8000c340
core   0: 0x8000b344 (0xcc3f2023) sw      gp, -832(t5)
core   0: 3 0x8000b344 (0xcc3f2023) mem 0x8000c000 0x00000001
core   0: 0x8000b348 (0xff9ff06f) j       pc - 0x8
core   0: 3 0x8000b348 (0xff9ff06f)
core   0: 0x8000b340 (0x00001f17) auipc   t5, 0x1
core   0: 3 0x8000b340 (0x00001f17) x30 0x8000c340
core   0: 0x8000b344 (0xcc3f2023) sw      gp, -832(t5)
core   0: 3 0x8000b344 (0xcc3f2023) mem 0x8000c000 0x00000001
core   0: 0x8000b348 (0xff9ff06f) j       pc - 0x8
core   0: 3 0x8000b348 (0xff9ff06f)
core   0: 0x8000b340 (0x00001f17) auipc   t5, 0x1
core   0: 3 0x8000b340 (0x00001f17) x30 0x8000c340
core   0: 0x8000b344 (0xcc3f2023) sw      gp, -832(t5)
core   0: 3 0x8000b344 (0xcc3f2023) mem 0x8000c000 0x00000001
core   0: 0x8000b348 (0xff9ff06f) j       pc - 0x8
core   0: 3 0x8000b348 (0xff9ff06f)
core   0: 0x8000b340 (0x00001f17) auipc   t5, 0x1
core   0: 3 0x8000b340 (0x00001f17) x30 0x8000c340
core   0: 0x8000b344 (0xcc3f2023) sw      gp, -832(t5)
core   0: 3 0x8000b344 (0xcc3f2023) mem 0x8000c000 0x00000001
core   0: 0x8000b348 (0xff9ff06f) j       pc - 0x8
core   0: 3 0x8000b348 (0xff9ff06f)
core   0: 0x8000b340 (0x00001f17) auipc   t5, 0x1
core   0: 3 0x8000b340 (0x00001f17) x30 0x8000c340
core   0: 0x8000b344 (0xcc3f2023) sw      gp, -832(t5)
core   0: 3 0x8000b344 (0xcc3f2023) mem 0x8000c000 0x00000001
core   0: 0x8000b348 (0xff9ff06f) j       pc - 0x8
core   0: 3 0x8000b348 (0xff9ff06f)
core   0: 0x8000b340 (0x00001f17) auipc   t5, 0x1
core   0: 3 0x8000b340 (0x00001f17) x30 0x8000c340
core   0: 0x8000b344 (0xcc3f2023) sw      gp, -832(t5)
core   0: 3 0x8000b344 (0xcc3f2023) mem 0x8000c000 0x00000001
core   0: 0x8000b348 (0xff9ff06f) j       pc - 0x8
core   0: 3 0x8000b348 (0xff9ff06f)
core   0: 0x8000b340 (0x00001f17) auipc   t5, 0x1
core   0: 3 0x8000b340 (0x00001f17) x30 0x8000c340
core   0: 0x8000b344 (0xcc3f2023) sw      gp, -832(t5)
core   0: 3 0x8000b344 (0xcc3f2023) mem 0x8000c000 0x00000001
core   0: 0x8000b348 (0xff9ff06f) j       pc - 0x8
core   0: 3 0x8000b348 (0xff9ff06f)
core   0: 0x8000b340 (0x00001f17) auipc   t5, 0x1
core   0: 3 0x8000b340 (0x00001f17) x30 0x8000c340
core   0: 0x8000b344 (0xcc3f2023) sw      gp, -832(t5)
core   0: 3 0x8000b344 (0xcc3f2023) mem 0x8000c000 0x00000001
core   0: 0x8000b348 (0xff9ff06f) j       pc - 0x8
core   0: 3 0x8000b348 (0xff9ff06f)
core   0: 0x8000b340 (0x00001f17) auipc   t5, 0x1
core   0: 3 0x8000b340 (0x00001f17) x30 0x8000c340
core   0: 0x8000b344 (0xcc3f2023) sw      gp, -832(t5)
core   0: 3 0x8000b344 (0xcc3f2023) mem 0x8000c000 0x00000001
core   0: 0x8000b348 (0xff9ff06f) j       pc - 0x8
core   0: 3 0x8000b348 (0xff9ff06f)
core   0: 0x8000b340 (0x00001f17) auipc   t5, 0x1
core   0: 3 0x8000b340 (0x00001f17) x30 0x8000c340
core   0: 0x8000b344 (0xcc3f2023) sw      gp, -832(t5)
core   0: 3 0x8000b344 (0xcc3f2023) mem 0x8000c000 0x00000001
core   0: 0x8000b348 (0xff9ff06f) j       pc - 0x8
core   0: 3 0x8000b348 (0xff9ff06f)
core   0: 0x8000b340 (0x00001f17) auipc   t5, 0x1
core   0: 3 0x8000b340 (0x00001f17) x30 0x8000c340
core   0: 0x8000b344 (0xcc3f2023) sw      gp, -832(t5)
core   0: 3 0x8000b344 (0xcc3f2023) mem 0x8000c000 0x00000001
core   0: 0x8000b348 (0xff9ff06f) j       pc - 0x8
core   0: 3 0x8000b348 (0xff9ff06f)
core   0: 0x8000b340 (0x00001f17) auipc   t5, 0x1
core   0: 3 0x8000b340 (0x00001f17) x30 0x8000c340
core   0: 0x8000b344 (0xcc3f2023) sw      gp, -832(t5)
core   0: 3 0x8000b344 (0xcc3f2023) mem 0x8000c000 0x00000001
core   0: 0x8000b348 (0xff9ff06f) j       pc - 0x8
core   0: 3 0x8000b348 (0xff9ff06f)
core   0: 0x8000b340 (0x00001f17) auipc   t5, 0x1
core   0: 3 0x8000b340 (0x00001f17) x30 0x8000c340
core   0: 0x8000b344 (0xcc3f2023) sw      gp, -832(t5)
core   0: 3 0x8000b344 (0xcc3f2023) mem 0x8000c000 0x00000001
core   0: 0x8000b348 (0xff9ff06f) j       pc - 0x8
core   0: 3 0x8000b348 (0xff9ff06f)
core   0: 0x8000b340 (0x00001f17) auipc   t5, 0x1
core   0: 3 0x8000b340 (0x00001f17) x30 0x8000c340
core   0: 0x8000b344 (0xcc3f2023) sw      gp, -832(t5)
core   0: 3 0x8000b344 (0xcc3f2023) mem 0x8000c000 0x00000001
core   0: 0x8000b348 (0xff9ff06f) j       pc - 0x8
core   0: 3 0x8000b348 (0xff9ff06f)
core   0: 0x8000b340 (0x00001f17) auipc   t5, 0x1
core   0: 3 0x8000b340 (0x00001f17) x30 0x8000c340
core   0: 0x8000b344 (0xcc3f2023) sw      gp, -832(t5)
core   0: 3 0x8000b344 (0xcc3f2023) mem 0x8000c000 0x00000001
core   0: 0x8000b348 (0xff9ff06f) j       pc - 0x8
core   0: 3 0x8000b348 (0xff9ff06f)
core   0: 0x8000b340 (0x00001f17) auipc   t5, 0x1
core   0: 3 0x8000b340 (0x00001f17) x30 0x8000c340
core   0: 0x8000b344 (0xcc3f2023) sw      gp, -832(t5)
core   0: 3 0x8000b344 (0xcc3f2023) mem 0x8000c000 0x00000001
core   0: 0x8000b348 (0xff9ff06f) j       pc - 0x8
core   0: 3 0x8000b348 (0xff9ff06f)
core   0: 0x8000b340 (0x00001f17) auipc   t5, 0x1
core   0: 3 0x8000b340 (0x00001f17) x30 0x8000c340
core   0: 0x8000b344 (0xcc3f2023) sw      gp, -832(t5)
core   0: 3 0x8000b344 (0xcc3f2023) mem 0x8000c000 0x00000001
core   0: 0x8000b348 (0xff9ff06f) j       pc - 0x8
core   0: 3 0x8000b348 (0xff9ff06f)
core   0: 0x8000b340 (0x00001f17) auipc   t5, 0x1
core   0: 3 0x8000b340 (0x00001f17) x30 0x8000c340
core   0: 0x8000b344 (0xcc3f2023) sw      gp, -832(t5)
core   0: 3 0x8000b344 (0xcc3f2023) mem 0x8000c000 0x00000001
core   0: 0x8000b348 (0xff9ff06f) j       pc - 0x8
core   0: 3 0x8000b348 (0xff9ff06f)
core   0: 0x8000b340 (0x00001f17) auipc   t5, 0x1
core   0: 3 0x8000b340 (0x00001f17) x30 0x8000c340
core   0: 0x8000b344 (0xcc3f2023) sw      gp, -832(t5)
core   0: 3 0x8000b344 (0xcc3f2023) mem 0x8000c000 0x00000001
core   0: 0x8000b348 (0xff9ff06f) j       pc - 0x8
core   0: 3 0x8000b348 (0xff9ff06f)
core   0: 0x8000b340 (0x00001f17) auipc   t5, 0x1
core   0: 3 0x8000b340 (0x00001f17) x30 0x8000c340
core   0: 0x8000b344 (0xcc3f2023) sw      gp, -832(t5)
core   0: 3 0x8000b344 (0xcc3f2023) mem 0x8000c000 0x00000001
core   0: 0x8000b348 (0xff9ff06f) j       pc - 0x8
core   0: 3 0x8000b348 (0xff9ff06f)
core   0: 0x8000b340 (0x00001f17) auipc   t5, 0x1
core   0: 3 0x8000b340 (0x00001f17) x30 0x8000c340
core   0: 0x8000b344 (0xcc3f2023) sw      gp, -832(t5)
core   0: 3 0x8000b344 (0xcc3f2023) mem 0x8000c000 0x00000001
core   0: 0x8000b348 (0xff9ff06f) j       pc - 0x8
core   0: 3 0x8000b348 (0xff9ff06f)
core   0: 0x8000b340 (0x00001f17) auipc   t5, 0x1
core   0: 3 0x8000b340 (0x00001f17) x30 0x8000c340
core   0: 0x8000b344 (0xcc3f2023) sw      gp, -832(t5)
core   0: 3 0x8000b344 (0xcc3f2023) mem 0x8000c000 0x00000001
core   0: 0x8000b348 (0xff9ff06f) j       pc - 0x8
core   0: 3 0x8000b348 (0xff9ff06f)
core   0: 0x8000b340 (0x00001f17) auipc   t5, 0x1
core   0: 3 0x8000b340 (0x00001f17) x30 0x8000c340
core   0: 0x8000b344 (0xcc3f2023) sw      gp, -832(t5)
core   0: 3 0x8000b344 (0xcc3f2023) mem 0x8000c000 0x00000001
core   0: 0x8000b348 (0xff9ff06f) j       pc - 0x8
core   0: 3 0x8000b348 (0xff9ff06f)
core   0: 0x8000b340 (0x00001f17) auipc   t5, 0x1
core   0: 3 0x8000b340 (0x00001f17) x30 0x8000c340
core   0: 0x8000b344 (0xcc3f2023) sw      gp, -832(t5)
core   0: 3 0x8000b344 (0xcc3f2023) mem 0x8000c000 0x00000001
core   0: 0x8000b348 (0xff9ff06f) j       pc - 0x8
core   0: 3 0x8000b348 (0xff9ff06f)
core   0: 0x8000b340 (0x00001f17) auipc   t5, 0x1
core   0: 3 0x8000b340 (0x00001f17) x30 0x8000c340
core   0: 0x8000b344 (0xcc3f2023) sw      gp, -832(t5)
core   0: 3 0x8000b344 (0xcc3f2023) mem 0x8000c000 0x00000001
core   0: 0x8000b348 (0xff9ff06f) j       pc - 0x8
core   0: 3 0x8000b348 (0xff9ff06f)
core   0: 0x8000b340 (0x00001f17) auipc   t5, 0x1
core   0: 3 0x8000b340 (0x00001f17) x30 0x8000c340
core   0: 0x8000b344 (0xcc3f2023) sw      gp, -832(t5)
core   0: 3 0x8000b344 (0xcc3f2023) mem 0x8000c000 0x00000001
core   0: 0x8000b348 (0xff9ff06f) j       pc - 0x8
core   0: 3 0x8000b348 (0xff9ff06f)
core   0: 0x8000b340 (0x00001f17) auipc   t5, 0x1
core   0: 3 0x8000b340 (0x00001f17) x30 0x8000c340
core   0: 0x8000b344 (0xcc3f2023) sw      gp, -832(t5)
core   0: 3 0x8000b344 (0xcc3f2023) mem 0x8000c000 0x00000001
core   0: 0x8000b348 (0xff9ff06f) j       pc - 0x8
core   0: 3 0x8000b348 (0xff9ff06f)
core   0: 0x8000b340 (0x00001f17) auipc   t5, 0x1
core   0: 3 0x8000b340 (0x00001f17) x30 0x8000c340
core   0: 0x8000b344 (0xcc3f2023) sw      gp, -832(t5)
core   0: 3 0x8000b344 (0xcc3f2023) mem 0x8000c000 0x00000001
core   0: 0x8000b348 (0xff9ff06f) j       pc - 0x8
core   0: 3 0x8000b348 (0xff9ff06f)
core   0: 0x8000b340 (0x00001f17) auipc   t5, 0x1
core   0: 3 0x8000b340 (0x00001f17) x30 0x8000c340
core   0: 0x8000b344 (0xcc3f2023) sw      gp, -832(t5)
core   0: 3 0x8000b344 (0xcc3f2023) mem 0x8000c000 0x00000001
core   0: 0x8000b348 (0xff9ff06f) j       pc - 0x8
core   0: 3 0x8000b348 (0xff9ff06f)
core   0: 0x8000b340 (0x00001f17) auipc   t5, 0x1
core   0: 3 0x8000b340 (0x00001f17) x30 0x8000c340
core   0: 0x8000b344 (0xcc3f2023) sw      gp, -832(t5)
core   0: 3 0x8000b344 (0xcc3f2023) mem 0x8000c000 0x00000001
core   0: 0x8000b348 (0xff9ff06f) j       pc - 0x8
core   0: 3 0x8000b348 (0xff9ff06f)
core   0: 0x8000b340 (0x00001f17) auipc   t5, 0x1
core   0: 3 0x8000b340 (0x00001f17) x30 0x8000c340
core   0: 0x8000b344 (0xcc3f2023) sw      gp, -832(t5)
core   0: 3 0x8000b344 (0xcc3f2023) mem 0x8000c000 0x00000001
core   0: 0x8000b348 (0xff9ff06f) j       pc - 0x8
core   0: 3 0x8000b348 (0xff9ff06f)
core   0: 0x8000b340 (0x00001f17) auipc   t5, 0x1
core   0: 3 0x8000b340 (0x00001f17) x30 0x8000c340
core   0: 0x8000b344 (0xcc3f2023) sw      gp, -832(t5)
core   0: 3 0x8000b344 (0xcc3f2023) mem 0x8000c000 0x00000001
core   0: 0x8000b348 (0xff9ff06f) j       pc - 0x8
core   0: 3 0x8000b348 (0xff9ff06f)
core   0: 0x8000b340 (0x00001f17) auipc   t5, 0x1
core   0: 3 0x8000b340 (0x00001f17) x30 0x8000c340
core   0: 0x8000b344 (0xcc3f2023) sw      gp, -832(t5)
core   0: 3 0x8000b344 (0xcc3f2023) mem 0x8000c000 0x00000001
core   0: 0x8000b348 (0xff9ff06f) j       pc - 0x8
core   0: 3 0x8000b348 (0xff9ff06f)
core   0: 0x8000b340 (0x00001f17) auipc   t5, 0x1
core   0: 3 0x8000b340 (0x00001f17) x30 0x8000c340
core   0: 0x8000b344 (0xcc3f2023) sw      gp, -832(t5)
core   0: 3 0x8000b344 (0xcc3f2023) mem 0x8000c000 0x00000001
core   0: 0x8000b348 (0xff9ff06f) j       pc - 0x8
core   0: 3 0x8000b348 (0xff9ff06f)
core   0: 0x8000b340 (0x00001f17) auipc   t5, 0x1
core   0: 3 0x8000b340 (0x00001f17) x30 0x8000c340
core   0: 0x8000b344 (0xcc3f2023) sw      gp, -832(t5)
core   0: 3 0x8000b344 (0xcc3f2023) mem 0x8000c000 0x00000001
core   0: 0x8000b348 (0xff9ff06f) j       pc - 0x8
core   0: 3 0x8000b348 (0xff9ff06f)
core   0: 0x8000b340 (0x00001f17) auipc   t5, 0x1
core   0: 3 0x8000b340 (0x00001f17) x30 0x8000c340
core   0: 0x8000b344 (0xcc3f2023) sw      gp, -832(t5)
core   0: 3 0x8000b344 (0xcc3f2023) mem 0x8000c000 0x00000001
core   0: 0x8000b348 (0xff9ff06f) j       pc - 0x8
core   0: 3 0x8000b348 (0xff9ff06f)
core   0: 0x8000b340 (0x00001f17) auipc   t5, 0x1
core   0: 3 0x8000b340 (0x00001f17) x30 0x8000c340
core   0: 0x8000b344 (0xcc3f2023) sw      gp, -832(t5)
core   0: 3 0x8000b344 (0xcc3f2023) mem 0x8000c000 0x00000001
core   0: 0x8000b348 (0xff9ff06f) j       pc - 0x8
core   0: 3 0x8000b348 (0xff9ff06f)
core   0: 0x8000b340 (0x00001f17) auipc   t5, 0x1
core   0: 3 0x8000b340 (0x00001f17) x30 0x8000c340
core   0: 0x8000b344 (0xcc3f2023) sw      gp, -832(t5)
core   0: 3 0x8000b344 (0xcc3f2023) mem 0x8000c000 0x00000001
core   0: 0x8000b348 (0xff9ff06f) j       pc - 0x8
core   0: 3 0x8000b348 (0xff9ff06f)
core   0: 0x8000b340 (0x00001f17) auipc   t5, 0x1
core   0: 3 0x8000b340 (0x00001f17) x30 0x8000c340
core   0: 0x8000b344 (0xcc3f2023) sw      gp, -832(t5)
core   0: 3 0x8000b344 (0xcc3f2023) mem 0x8000c000 0x00000001
core   0: 0x8000b348 (0xff9ff06f) j       pc - 0x8
core   0: 3 0x8000b348 (0xff9ff06f)
core   0: 0x8000b340 (0x00001f17) auipc   t5, 0x1
core   0: 3 0x8000b340 (0x00001f17) x30 0x8000c340
core   0: 0x8000b344 (0xcc3f2023) sw      gp, -832(t5)
core   0: 3 0x8000b344 (0xcc3f2023) mem 0x8000c000 0x00000001
core   0: 0x8000b348 (0xff9ff06f) j       pc - 0x8
core   0: 3 0x8000b348 (0xff9ff06f)
core   0: 0x8000b340 (0x00001f17) auipc   t5, 0x1
core   0: 3 0x8000b340 (0x00001f17) x30 0x8000c340
core   0: 0x8000b344 (0xcc3f2023) sw      gp, -832(t5)
core   0: 3 0x8000b344 (0xcc3f2023) mem 0x8000c000 0x00000001
core   0: 0x8000b348 (0xff9ff06f) j       pc - 0x8
core   0: 3 0x8000b348 (0xff9ff06f)
core   0: 0x8000b340 (0x00001f17) auipc   t5, 0x1
core   0: 3 0x8000b340 (0x00001f17) x30 0x8000c340
core   0: 0x8000b344 (0xcc3f2023) sw      gp, -832(t5)
core   0: 3 0x8000b344 (0xcc3f2023) mem 0x8000c000 0x00000001
core   0: 0x8000b348 (0xff9ff06f) j       pc - 0x8
core   0: 3 0x8000b348 (0xff9ff06f)
core   0: 0x8000b340 (0x00001f17) auipc   t5, 0x1
core   0: 3 0x8000b340 (0x00001f17) x30 0x8000c340
core   0: 0x8000b344 (0xcc3f2023) sw      gp, -832(t5)
core   0: 3 0x8000b344 (0xcc3f2023) mem 0x8000c000 0x00000001
core   0: 0x8000b348 (0xff9ff06f) j       pc - 0x8
core   0: 3 0x8000b348 (0xff9ff06f)
core   0: 0x8000b340 (0x00001f17) auipc   t5, 0x1
core   0: 3 0x8000b340 (0x00001f17) x30 0x8000c340
core   0: 0x8000b344 (0xcc3f2023) sw      gp, -832(t5)
core   0: 3 0x8000b344 (0xcc3f2023) mem 0x8000c000 0x00000001
core   0: 0x8000b348 (0xff9ff06f) j       pc - 0x8
core   0: 3 0x8000b348 (0xff9ff06f)
core   0: 0x8000b340 (0x00001f17) auipc   t5, 0x1
core   0: 3 0x8000b340 (0x00001f17) x30 0x8000c340
core   0: 0x8000b344 (0xcc3f2023) sw      gp, -832(t5)
core   0: 3 0x8000b344 (0xcc3f2023) mem 0x8000c000 0x00000001
core   0: 0x8000b348 (0xff9ff06f) j       pc - 0x8
core   0: 3 0x8000b348 (0xff9ff06f)
core   0: 0x8000b340 (0x00001f17) auipc   t5, 0x1
core   0: 3 0x8000b340 (0x00001f17) x30 0x8000c340
core   0: 0x8000b344 (0xcc3f2023) sw      gp, -832(t5)
core   0: 3 0x8000b344 (0xcc3f2023) mem 0x8000c000 0x00000001
core   0: 0x8000b348 (0xff9ff06f) j       pc - 0x8
core   0: 3 0x8000b348 (0xff9ff06f)
core   0: 0x8000b340 (0x00001f17) auipc   t5, 0x1
core   0: 3 0x8000b340 (0x00001f17) x30 0x8000c340
core   0: 0x8000b344 (0xcc3f2023) sw      gp, -832(t5)
core   0: 3 0x8000b344 (0xcc3f2023) mem 0x8000c000 0x00000001
core   0: 0x8000b348 (0xff9ff06f) j       pc - 0x8
core   0: 3 0x8000b348 (0xff9ff06f)
core   0: 0x8000b340 (0x00001f17) auipc   t5, 0x1
core   0: 3 0x8000b340 (0x00001f17) x30 0x8000c340
core   0: 0x8000b344 (0xcc3f2023) sw      gp, -832(t5)
core   0: 3 0x8000b344 (0xcc3f2023) mem 0x8000c000 0x00000001
core   0: 0x8000b348 (0xff9ff06f) j       pc - 0x8
core   0: 3 0x8000b348 (0xff9ff06f)
core   0: 0x8000b340 (0x00001f17) auipc   t5, 0x1
core   0: 3 0x8000b340 (0x00001f17) x30 0x8000c340
core   0: 0x8000b344 (0xcc3f2023) sw      gp, -832(t5)
core   0: 3 0x8000b344 (0xcc3f2023) mem 0x8000c000 0x00000001
core   0: 0x8000b348 (0xff9ff06f) j       pc - 0x8
core   0: 3 0x8000b348 (0xff9ff06f)
core   0: 0x8000b340 (0x00001f17) auipc   t5, 0x1
core   0: 3 0x8000b340 (0x00001f17) x30 0x8000c340
core   0: 0x8000b344 (0xcc3f2023) sw      gp, -832(t5)
core   0: 3 0x8000b344 (0xcc3f2023) mem 0x8000c000 0x00000001
core   0: 0x8000b348 (0xff9ff06f) j       pc - 0x8
core   0: 3 0x8000b348 (0xff9ff06f)
core   0: 0x8000b340 (0x00001f17) auipc   t5, 0x1
core   0: 3 0x8000b340 (0x00001f17) x30 0x8000c340
core   0: 0x8000b344 (0xcc3f2023) sw      gp, -832(t5)
core   0: 3 0x8000b344 (0xcc3f2023) mem 0x8000c000 0x00000001
core   0: 0x8000b348 (0xff9ff06f) j       pc - 0x8
core   0: 3 0x8000b348 (0xff9ff06f)
core   0: 0x8000b340 (0x00001f17) auipc   t5, 0x1
core   0: 3 0x8000b340 (0x00001f17) x30 0x8000c340
core   0: 0x8000b344 (0xcc3f2023) sw      gp, -832(t5)
core   0: 3 0x8000b344 (0xcc3f2023) mem 0x8000c000 0x00000001
core   0: 0x8000b348 (0xff9ff06f) j       pc - 0x8
core   0: 3 0x8000b348 (0xff9ff06f)
core   0: 0x8000b340 (0x00001f17) auipc   t5, 0x1
core   0: 3 0x8000b340 (0x00001f17) x30 0x8000c340
core   0: 0x8000b344 (0xcc3f2023) sw      gp, -832(t5)
core   0: 3 0x8000b344 (0xcc3f2023) mem 0x8000c000 0x00000001
core   0: 0x8000b348 (0xff9ff06f) j       pc - 0x8
core   0: 3 0x8000b348 (0xff9ff06f)
core   0: 0x8000b340 (0x00001f17) auipc   t5, 0x1
core   0: 3 0x8000b340 (0x00001f17) x30 0x8000c340
core   0: 0x8000b344 (0xcc3f2023) sw      gp, -832(t5)
core   0: 3 0x8000b344 (0xcc3f2023) mem 0x8000c000 0x00000001
core   0: 0x8000b348 (0xff9ff06f) j       pc - 0x8
core   0: 3 0x8000b348 (0xff9ff06f)
core   0: 0x8000b340 (0x00001f17) auipc   t5, 0x1
core   0: 3 0x8000b340 (0x00001f17) x30 0x8000c340
core   0: 0x8000b344 (0xcc3f2023) sw      gp, -832(t5)
core   0: 3 0x8000b344 (0xcc3f2023) mem 0x8000c000 0x00000001
core   0: 0x8000b348 (0xff9ff06f) j       pc - 0x8
core   0: 3 0x8000b348 (0xff9ff06f)
core   0: 0x8000b340 (0x00001f17) auipc   t5, 0x1
core   0: 3 0x8000b340 (0x00001f17) x30 0x8000c340
core   0: 0x8000b344 (0xcc3f2023) sw      gp, -832(t5)
core   0: 3 0x8000b344 (0xcc3f2023) mem 0x8000c000 0x00000001
core   0: 0x8000b348 (0xff9ff06f) j       pc - 0x8
core   0: 3 0x8000b348 (0xff9ff06f)
core   0: 0x8000b340 (0x00001f17) auipc   t5, 0x1
core   0: 3 0x8000b340 (0x00001f17) x30 0x8000c340
core   0: 0x8000b344 (0xcc3f2023) sw      gp, -832(t5)
core   0: 3 0x8000b344 (0xcc3f2023) mem 0x8000c000 0x00000001
core   0: 0x8000b348 (0xff9ff06f) j       pc - 0x8
core   0: 3 0x8000b348 (0xff9ff06f)
core   0: 0x8000b340 (0x00001f17) auipc   t5, 0x1
core   0: 3 0x8000b340 (0x00001f17) x30 0x8000c340
core   0: 0x8000b344 (0xcc3f2023) sw      gp, -832(t5)
core   0: 3 0x8000b344 (0xcc3f2023) mem 0x8000c000 0x00000001
core   0: 0x8000b348 (0xff9ff06f) j       pc - 0x8
core   0: 3 0x8000b348 (0xff9ff06f)
core   0: 0x8000b340 (0x00001f17) auipc   t5, 0x1
core   0: 3 0x8000b340 (0x00001f17) x30 0x8000c340
core   0: 0x8000b344 (0xcc3f2023) sw      gp, -832(t5)
core   0: 3 0x8000b344 (0xcc3f2023) mem 0x8000c000 0x00000001
core   0: 0x8000b348 (0xff9ff06f) j       pc - 0x8
core   0: 3 0x8000b348 (0xff9ff06f)
core   0: 0x8000b340 (0x00001f17) auipc   t5, 0x1
core   0: 3 0x8000b340 (0x00001f17) x30 0x8000c340
core   0: 0x8000b344 (0xcc3f2023) sw      gp, -832(t5)
core   0: 3 0x8000b344 (0xcc3f2023) mem 0x8000c000 0x00000001
core   0: 0x8000b348 (0xff9ff06f) j       pc - 0x8
core   0: 3 0x8000b348 (0xff9ff06f)
core   0: 0x8000b340 (0x00001f17) auipc   t5, 0x1
core   0: 3 0x8000b340 (0x00001f17) x30 0x8000c340
core   0: 0x8000b344 (0xcc3f2023) sw      gp, -832(t5)
core   0: 3 0x8000b344 (0xcc3f2023) mem 0x8000c000 0x00000001
core   0: 0x8000b348 (0xff9ff06f) j       pc - 0x8
core   0: 3 0x8000b348 (0xff9ff06f)
core   0: 0x8000b340 (0x00001f17) auipc   t5, 0x1
core   0: 3 0x8000b340 (0x00001f17) x30 0x8000c340
core   0: 0x8000b344 (0xcc3f2023) sw      gp, -832(t5)
core   0: 3 0x8000b344 (0xcc3f2023) mem 0x8000c000 0x00000001
core   0: 0x8000b348 (0xff9ff06f) j       pc - 0x8
core   0: 3 0x8000b348 (0xff9ff06f)
core   0: 0x8000b340 (0x00001f17) auipc   t5, 0x1
core   0: 3 0x8000b340 (0x00001f17) x30 0x8000c340
core   0: 0x8000b344 (0xcc3f2023) sw      gp, -832(t5)
core   0: 3 0x8000b344 (0xcc3f2023) mem 0x8000c000 0x00000001
core   0: 0x8000b348 (0xff9ff06f) j       pc - 0x8
core   0: 3 0x8000b348 (0xff9ff06f)
core   0: 0x8000b340 (0x00001f17) auipc   t5, 0x1
core   0: 3 0x8000b340 (0x00001f17) x30 0x8000c340
core   0: 0x8000b344 (0xcc3f2023) sw      gp, -832(t5)
core   0: 3 0x8000b344 (0xcc3f2023) mem 0x8000c000 0x00000001
core   0: 0x8000b348 (0xff9ff06f) j       pc - 0x8
core   0: 3 0x8000b348 (0xff9ff06f)
core   0: 0x8000b340 (0x00001f17) auipc   t5, 0x1
core   0: 3 0x8000b340 (0x00001f17) x30 0x8000c340
core   0: 0x8000b344 (0xcc3f2023) sw      gp, -832(t5)
core   0: 3 0x8000b344 (0xcc3f2023) mem 0x8000c000 0x00000001
core   0: 0x8000b348 (0xff9ff06f) j       pc - 0x8
core   0: 3 0x8000b348 (0xff9ff06f)
core   0: 0x8000b340 (0x00001f17) auipc   t5, 0x1
core   0: 3 0x8000b340 (0x00001f17) x30 0x8000c340
core   0: 0x8000b344 (0xcc3f2023) sw      gp, -832(t5)
core   0: 3 0x8000b344 (0xcc3f2023) mem 0x8000c000 0x00000001
core   0: 0x8000b348 (0xff9ff06f) j       pc - 0x8
core   0: 3 0x8000b348 (0xff9ff06f)
core   0: 0x8000b340 (0x00001f17) auipc   t5, 0x1
core   0: 3 0x8000b340 (0x00001f17) x30 0x8000c340
core   0: 0x8000b344 (0xcc3f2023) sw      gp, -832(t5)
core   0: 3 0x8000b344 (0xcc3f2023) mem 0x8000c000 0x00000001
core   0: 0x8000b348 (0xff9ff06f) j       pc - 0x8
core   0: 3 0x8000b348 (0xff9ff06f)
core   0: 0x8000b340 (0x00001f17) auipc   t5, 0x1
core   0: 3 0x8000b340 (0x00001f17) x30 0x8000c340
core   0: 0x8000b344 (0xcc3f2023) sw      gp, -832(t5)
core   0: 3 0x8000b344 (0xcc3f2023) mem 0x8000c000 0x00000001
core   0: 0x8000b348 (0xff9ff06f) j       pc - 0x8
core   0: 3 0x8000b348 (0xff9ff06f)
core   0: 0x8000b340 (0x00001f17) auipc   t5, 0x1
core   0: 3 0x8000b340 (0x00001f17) x30 0x8000c340
core   0: 0x8000b344 (0xcc3f2023) sw      gp, -832(t5)
core   0: 3 0x8000b344 (0xcc3f2023) mem 0x8000c000 0x00000001
core   0: 0x8000b348 (0xff9ff06f) j       pc - 0x8
core   0: 3 0x8000b348 (0xff9ff06f)
core   0: 0x8000b340 (0x00001f17) auipc   t5, 0x1
core   0: 3 0x8000b340 (0x00001f17) x30 0x8000c340
core   0: 0x8000b344 (0xcc3f2023) sw      gp, -832(t5)
core   0: 3 0x8000b344 (0xcc3f2023) mem 0x8000c000 0x00000001
core   0: 0x8000b348 (0xff9ff06f) j       pc - 0x8
core   0: 3 0x8000b348 (0xff9ff06f)
core   0: 0x8000b340 (0x00001f17) auipc   t5, 0x1
core   0: 3 0x8000b340 (0x00001f17) x30 0x8000c340
core   0: 0x8000b344 (0xcc3f2023) sw      gp, -832(t5)
core   0: 3 0x8000b344 (0xcc3f2023) mem 0x8000c000 0x00000001
core   0: 0x8000b348 (0xff9ff06f) j       pc - 0x8
core   0: 3 0x8000b348 (0xff9ff06f)
core   0: 0x8000b340 (0x00001f17) auipc   t5, 0x1
core   0: 3 0x8000b340 (0x00001f17) x30 0x8000c340
core   0: 0x8000b344 (0xcc3f2023) sw      gp, -832(t5)
core   0: 3 0x8000b344 (0xcc3f2023) mem 0x8000c000 0x00000001
core   0: 0x8000b348 (0xff9ff06f) j       pc - 0x8
core   0: 3 0x8000b348 (0xff9ff06f)
core   0: 0x8000b340 (0x00001f17) auipc   t5, 0x1
core   0: 3 0x8000b340 (0x00001f17) x30 0x8000c340
core   0: 0x8000b344 (0xcc3f2023) sw      gp, -832(t5)
core   0: 3 0x8000b344 (0xcc3f2023) mem 0x8000c000 0x00000001
core   0: 0x8000b348 (0xff9ff06f) j       pc - 0x8
core   0: 3 0x8000b348 (0xff9ff06f)
core   0: 0x8000b340 (0x00001f17) auipc   t5, 0x1
core   0: 3 0x8000b340 (0x00001f17) x30 0x8000c340
core   0: 0x8000b344 (0xcc3f2023) sw      gp, -832(t5)
core   0: 3 0x8000b344 (0xcc3f2023) mem 0x8000c000 0x00000001
core   0: 0x8000b348 (0xff9ff06f) j       pc - 0x8
core   0: 3 0x8000b348 (0xff9ff06f)
core   0: 0x8000b340 (0x00001f17) auipc   t5, 0x1
core   0: 3 0x8000b340 (0x00001f17) x30 0x8000c340
core   0: 0x8000b344 (0xcc3f2023) sw      gp, -832(t5)
core   0: 3 0x8000b344 (0xcc3f2023) mem 0x8000c000 0x00000001
core   0: 0x8000b348 (0xff9ff06f) j       pc - 0x8
core   0: 3 0x8000b348 (0xff9ff06f)
core   0: 0x8000b340 (0x00001f17) auipc   t5, 0x1
core   0: 3 0x8000b340 (0x00001f17) x30 0x8000c340
core   0: 0x8000b344 (0xcc3f2023) sw      gp, -832(t5)
core   0: 3 0x8000b344 (0xcc3f2023) mem 0x8000c000 0x00000001
core   0: 0x8000b348 (0xff9ff06f) j       pc - 0x8
core   0: 3 0x8000b348 (0xff9ff06f)
core   0: 0x8000b340 (0x00001f17) auipc   t5, 0x1
core   0: 3 0x8000b340 (0x00001f17) x30 0x8000c340
core   0: 0x8000b344 (0xcc3f2023) sw      gp, -832(t5)
core   0: 3 0x8000b344 (0xcc3f2023) mem 0x8000c000 0x00000001
core   0: 0x8000b348 (0xff9ff06f) j       pc - 0x8
core   0: 3 0x8000b348 (0xff9ff06f)
core   0: 0x8000b340 (0x00001f17) auipc   t5, 0x1
core   0: 3 0x8000b340 (0x00001f17) x30 0x8000c340
core   0: 0x8000b344 (0xcc3f2023) sw      gp, -832(t5)
core   0: 3 0x8000b344 (0xcc3f2023) mem 0x8000c000 0x00000001
core   0: 0x8000b348 (0xff9ff06f) j       pc - 0x8
core   0: 3 0x8000b348 (0xff9ff06f)
core   0: 0x8000b340 (0x00001f17) auipc   t5, 0x1
core   0: 3 0x8000b340 (0x00001f17) x30 0x8000c340
core   0: 0x8000b344 (0xcc3f2023) sw      gp, -832(t5)
core   0: 3 0x8000b344 (0xcc3f2023) mem 0x8000c000 0x00000001
core   0: 0x8000b348 (0xff9ff06f) j       pc - 0x8
core   0: 3 0x8000b348 (0xff9ff06f)
core   0: 0x8000b340 (0x00001f17) auipc   t5, 0x1
core   0: 3 0x8000b340 (0x00001f17) x30 0x8000c340
core   0: 0x8000b344 (0xcc3f2023) sw      gp, -832(t5)
core   0: 3 0x8000b344 (0xcc3f2023) mem 0x8000c000 0x00000001
core   0: 0x8000b348 (0xff9ff06f) j       pc - 0x8
core   0: 3 0x8000b348 (0xff9ff06f)
core   0: 0x8000b340 (0x00001f17) auipc   t5, 0x1
core   0: 3 0x8000b340 (0x00001f17) x30 0x8000c340
core   0: 0x8000b344 (0xcc3f2023) sw      gp, -832(t5)
core   0: 3 0x8000b344 (0xcc3f2023) mem 0x8000c000 0x00000001
core   0: 0x8000b348 (0xff9ff06f) j       pc - 0x8
core   0: 3 0x8000b348 (0xff9ff06f)
core   0: 0x8000b340 (0x00001f17) auipc   t5, 0x1
core   0: 3 0x8000b340 (0x00001f17) x30 0x8000c340
core   0: 0x8000b344 (0xcc3f2023) sw      gp, -832(t5)
core   0: 3 0x8000b344 (0xcc3f2023) mem 0x8000c000 0x00000001
core   0: 0x8000b348 (0xff9ff06f) j       pc - 0x8
core   0: 3 0x8000b348 (0xff9ff06f)
core   0: 0x8000b340 (0x00001f17) auipc   t5, 0x1
core   0: 3 0x8000b340 (0x00001f17) x30 0x8000c340
core   0: 0x8000b344 (0xcc3f2023) sw      gp, -832(t5)
core   0: 3 0x8000b344 (0xcc3f2023) mem 0x8000c000 0x00000001
core   0: 0x8000b348 (0xff9ff06f) j       pc - 0x8
core   0: 3 0x8000b348 (0xff9ff06f)
core   0: 0x8000b340 (0x00001f17) auipc   t5, 0x1
core   0: 3 0x8000b340 (0x00001f17) x30 0x8000c340
core   0: 0x8000b344 (0xcc3f2023) sw      gp, -832(t5)
core   0: 3 0x8000b344 (0xcc3f2023) mem 0x8000c000 0x00000001
core   0: 0x8000b348 (0xff9ff06f) j       pc - 0x8
core   0: 3 0x8000b348 (0xff9ff06f)
core   0: 0x8000b340 (0x00001f17) auipc   t5, 0x1
core   0: 3 0x8000b340 (0x00001f17) x30 0x8000c340
core   0: 0x8000b344 (0xcc3f2023) sw      gp, -832(t5)
core   0: 3 0x8000b344 (0xcc3f2023) mem 0x8000c000 0x00000001
core   0: 0x8000b348 (0xff9ff06f) j       pc - 0x8
core   0: 3 0x8000b348 (0xff9ff06f)
core   0: 0x8000b340 (0x00001f17) auipc   t5, 0x1
core   0: 3 0x8000b340 (0x00001f17) x30 0x8000c340
core   0: 0x8000b344 (0xcc3f2023) sw      gp, -832(t5)
core   0: 3 0x8000b344 (0xcc3f2023) mem 0x8000c000 0x00000001
core   0: 0x8000b348 (0xff9ff06f) j       pc - 0x8
core   0: 3 0x8000b348 (0xff9ff06f)
core   0: 0x8000b340 (0x00001f17) auipc   t5, 0x1
core   0: 3 0x8000b340 (0x00001f17) x30 0x8000c340
core   0: 0x8000b344 (0xcc3f2023) sw      gp, -832(t5)
core   0: 3 0x8000b344 (0xcc3f2023) mem 0x8000c000 0x00000001
core   0: 0x8000b348 (0xff9ff06f) j       pc - 0x8
core   0: 3 0x8000b348 (0xff9ff06f)
core   0: 0x8000b340 (0x00001f17) auipc   t5, 0x1
core   0: 3 0x8000b340 (0x00001f17) x30 0x8000c340
core   0: 0x8000b344 (0xcc3f2023) sw      gp, -832(t5)
core   0: 3 0x8000b344 (0xcc3f2023) mem 0x8000c000 0x00000001
core   0: 0x8000b348 (0xff9ff06f) j       pc - 0x8
core   0: 3 0x8000b348 (0xff9ff06f)
core   0: 0x8000b340 (0x00001f17) auipc   t5, 0x1
core   0: 3 0x8000b340 (0x00001f17) x30 0x8000c340
core   0: 0x8000b344 (0xcc3f2023) sw      gp, -832(t5)
core   0: 3 0x8000b344 (0xcc3f2023) mem 0x8000c000 0x00000001
core   0: 0x8000b348 (0xff9ff06f) j       pc - 0x8
core   0: 3 0x8000b348 (0xff9ff06f)
core   0: 0x8000b340 (0x00001f17) auipc   t5, 0x1
core   0: 3 0x8000b340 (0x00001f17) x30 0x8000c340
core   0: 0x8000b344 (0xcc3f2023) sw      gp, -832(t5)
core   0: 3 0x8000b344 (0xcc3f2023) mem 0x8000c000 0x00000001
core   0: 0x8000b348 (0xff9ff06f) j       pc - 0x8
core   0: 3 0x8000b348 (0xff9ff06f)
core   0: 0x8000b340 (0x00001f17) auipc   t5, 0x1
core   0: 3 0x8000b340 (0x00001f17) x30 0x8000c340
core   0: 0x8000b344 (0xcc3f2023) sw      gp, -832(t5)
core   0: 3 0x8000b344 (0xcc3f2023) mem 0x8000c000 0x00000001
core   0: 0x8000b348 (0xff9ff06f) j       pc - 0x8
core   0: 3 0x8000b348 (0xff9ff06f)
core   0: 0x8000b340 (0x00001f17) auipc   t5, 0x1
core   0: 3 0x8000b340 (0x00001f17) x30 0x8000c340
core   0: 0x8000b344 (0xcc3f2023) sw      gp, -832(t5)
core   0: 3 0x8000b344 (0xcc3f2023) mem 0x8000c000 0x00000001
core   0: 0x8000b348 (0xff9ff06f) j       pc - 0x8
core   0: 3 0x8000b348 (0xff9ff06f)
core   0: 0x8000b340 (0x00001f17) auipc   t5, 0x1
core   0: 3 0x8000b340 (0x00001f17) x30 0x8000c340
core   0: 0x8000b344 (0xcc3f2023) sw      gp, -832(t5)
core   0: 3 0x8000b344 (0xcc3f2023) mem 0x8000c000 0x00000001
core   0: 0x8000b348 (0xff9ff06f) j       pc - 0x8
core   0: 3 0x8000b348 (0xff9ff06f)
core   0: 0x8000b340 (0x00001f17) auipc   t5, 0x1
core   0: 3 0x8000b340 (0x00001f17) x30 0x8000c340
core   0: 0x8000b344 (0xcc3f2023) sw      gp, -832(t5)
core   0: 3 0x8000b344 (0xcc3f2023) mem 0x8000c000 0x00000001
core   0: 0x8000b348 (0xff9ff06f) j       pc - 0x8
core   0: 3 0x8000b348 (0xff9ff06f)
core   0: 0x8000b340 (0x00001f17) auipc   t5, 0x1
core   0: 3 0x8000b340 (0x00001f17) x30 0x8000c340
core   0: 0x8000b344 (0xcc3f2023) sw      gp, -832(t5)
core   0: 3 0x8000b344 (0xcc3f2023) mem 0x8000c000 0x00000001
core   0: 0x8000b348 (0xff9ff06f) j       pc - 0x8
core   0: 3 0x8000b348 (0xff9ff06f)
core   0: 0x8000b340 (0x00001f17) auipc   t5, 0x1
core   0: 3 0x8000b340 (0x00001f17) x30 0x8000c340
core   0: 0x8000b344 (0xcc3f2023) sw      gp, -832(t5)
core   0: 3 0x8000b344 (0xcc3f2023) mem 0x8000c000 0x00000001
core   0: 0x8000b348 (0xff9ff06f) j       pc - 0x8
core   0: 3 0x8000b348 (0xff9ff06f)
core   0: 0x8000b340 (0x00001f17) auipc   t5, 0x1
core   0: 3 0x8000b340 (0x00001f17) x30 0x8000c340
core   0: 0x8000b344 (0xcc3f2023) sw      gp, -832(t5)
core   0: 3 0x8000b344 (0xcc3f2023) mem 0x8000c000 0x00000001
core   0: 0x8000b348 (0xff9ff06f) j       pc - 0x8
core   0: 3 0x8000b348 (0xff9ff06f)
core   0: 0x8000b340 (0x00001f17) auipc   t5, 0x1
core   0: 3 0x8000b340 (0x00001f17) x30 0x8000c340
core   0: 0x8000b344 (0xcc3f2023) sw      gp, -832(t5)
core   0: 3 0x8000b344 (0xcc3f2023) mem 0x8000c000 0x00000001
core   0: 0x8000b348 (0xff9ff06f) j       pc - 0x8
core   0: 3 0x8000b348 (0xff9ff06f)
core   0: 0x8000b340 (0x00001f17) auipc   t5, 0x1
core   0: 3 0x8000b340 (0x00001f17) x30 0x8000c340
core   0: 0x8000b344 (0xcc3f2023) sw      gp, -832(t5)
core   0: 3 0x8000b344 (0xcc3f2023) mem 0x8000c000 0x00000001
core   0: 0x8000b348 (0xff9ff06f) j       pc - 0x8
core   0: 3 0x8000b348 (0xff9ff06f)
core   0: 0x8000b340 (0x00001f17) auipc   t5, 0x1
core   0: 3 0x8000b340 (0x00001f17) x30 0x8000c340
core   0: 0x8000b344 (0xcc3f2023) sw      gp, -832(t5)
core   0: 3 0x8000b344 (0xcc3f2023) mem 0x8000c000 0x00000001
core   0: 0x8000b348 (0xff9ff06f) j       pc - 0x8
core   0: 3 0x8000b348 (0xff9ff06f)
core   0: 0x8000b340 (0x00001f17) auipc   t5, 0x1
core   0: 3 0x8000b340 (0x00001f17) x30 0x8000c340
core   0: 0x8000b344 (0xcc3f2023) sw      gp, -832(t5)
core   0: 3 0x8000b344 (0xcc3f2023) mem 0x8000c000 0x00000001
core   0: 0x8000b348 (0xff9ff06f) j       pc - 0x8
core   0: 3 0x8000b348 (0xff9ff06f)
core   0: 0x8000b340 (0x00001f17) auipc   t5, 0x1
core   0: 3 0x8000b340 (0x00001f17) x30 0x8000c340
core   0: 0x8000b344 (0xcc3f2023) sw      gp, -832(t5)
core   0: 3 0x8000b344 (0xcc3f2023) mem 0x8000c000 0x00000001
core   0: 0x8000b348 (0xff9ff06f) j       pc - 0x8
core   0: 3 0x8000b348 (0xff9ff06f)
core   0: 0x8000b340 (0x00001f17) auipc   t5, 0x1
core   0: 3 0x8000b340 (0x00001f17) x30 0x8000c340
core   0: 0x8000b344 (0xcc3f2023) sw      gp, -832(t5)
core   0: 3 0x8000b344 (0xcc3f2023) mem 0x8000c000 0x00000001
core   0: 0x8000b348 (0xff9ff06f) j       pc - 0x8
core   0: 3 0x8000b348 (0xff9ff06f)
core   0: 0x8000b340 (0x00001f17) auipc   t5, 0x1
core   0: 3 0x8000b340 (0x00001f17) x30 0x8000c340
core   0: 0x8000b344 (0xcc3f2023) sw      gp, -832(t5)
core   0: 3 0x8000b344 (0xcc3f2023) mem 0x8000c000 0x00000001
core   0: 0x8000b348 (0xff9ff06f) j       pc - 0x8
core   0: 3 0x8000b348 (0xff9ff06f)
core   0: 0x8000b340 (0x00001f17) auipc   t5, 0x1
core   0: 3 0x8000b340 (0x00001f17) x30 0x8000c340
core   0: 0x8000b344 (0xcc3f2023) sw      gp, -832(t5)
core   0: 3 0x8000b344 (0xcc3f2023) mem 0x8000c000 0x00000001
core   0: 0x8000b348 (0xff9ff06f) j       pc - 0x8
core   0: 3 0x8000b348 (0xff9ff06f)
core   0: 0x8000b340 (0x00001f17) auipc   t5, 0x1
core   0: 3 0x8000b340 (0x00001f17) x30 0x8000c340
core   0: 0x8000b344 (0xcc3f2023) sw      gp, -832(t5)
core   0: 3 0x8000b344 (0xcc3f2023) mem 0x8000c000 0x00000001
core   0: 0x8000b348 (0xff9ff06f) j       pc - 0x8
core   0: 3 0x8000b348 (0xff9ff06f)
core   0: 0x8000b340 (0x00001f17) auipc   t5, 0x1
core   0: 3 0x8000b340 (0x00001f17) x30 0x8000c340
core   0: 0x8000b344 (0xcc3f2023) sw      gp, -832(t5)
core   0: 3 0x8000b344 (0xcc3f2023) mem 0x8000c000 0x00000001
core   0: 0x8000b348 (0xff9ff06f) j       pc - 0x8
core   0: 3 0x8000b348 (0xff9ff06f)
core   0: 0x8000b340 (0x00001f17) auipc   t5, 0x1
core   0: 3 0x8000b340 (0x00001f17) x30 0x8000c340
core   0: 0x8000b344 (0xcc3f2023) sw      gp, -832(t5)
core   0: 3 0x8000b344 (0xcc3f2023) mem 0x8000c000 0x00000001
core   0: 0x8000b348 (0xff9ff06f) j       pc - 0x8
core   0: 3 0x8000b348 (0xff9ff06f)
core   0: 0x8000b340 (0x00001f17) auipc   t5, 0x1
core   0: 3 0x8000b340 (0x00001f17) x30 0x8000c340
core   0: 0x8000b344 (0xcc3f2023) sw      gp, -832(t5)
core   0: 3 0x8000b344 (0xcc3f2023) mem 0x8000c000 0x00000001
core   0: 0x8000b348 (0xff9ff06f) j       pc - 0x8
core   0: 3 0x8000b348 (0xff9ff06f)
core   0: 0x8000b340 (0x00001f17) auipc   t5, 0x1
core   0: 3 0x8000b340 (0x00001f17) x30 0x8000c340
core   0: 0x8000b344 (0xcc3f2023) sw      gp, -832(t5)
core   0: 3 0x8000b344 (0xcc3f2023) mem 0x8000c000 0x00000001
core   0: 0x8000b348 (0xff9ff06f) j       pc - 0x8
core   0: 3 0x8000b348 (0xff9ff06f)
core   0: 0x8000b340 (0x00001f17) auipc   t5, 0x1
core   0: 3 0x8000b340 (0x00001f17) x30 0x8000c340
core   0: 0x8000b344 (0xcc3f2023) sw      gp, -832(t5)
core   0: 3 0x8000b344 (0xcc3f2023) mem 0x8000c000 0x00000001
core   0: 0x8000b348 (0xff9ff06f) j       pc - 0x8
core   0: 3 0x8000b348 (0xff9ff06f)
core   0: 0x8000b340 (0x00001f17) auipc   t5, 0x1
core   0: 3 0x8000b340 (0x00001f17) x30 0x8000c340
core   0: 0x8000b344 (0xcc3f2023) sw      gp, -832(t5)
core   0: 3 0x8000b344 (0xcc3f2023) mem 0x8000c000 0x00000001
core   0: 0x8000b348 (0xff9ff06f) j       pc - 0x8
core   0: 3 0x8000b348 (0xff9ff06f)
core   0: 0x8000b340 (0x00001f17) auipc   t5, 0x1
core   0: 3 0x8000b340 (0x00001f17) x30 0x8000c340
core   0: 0x8000b344 (0xcc3f2023) sw      gp, -832(t5)
core   0: 3 0x8000b344 (0xcc3f2023) mem 0x8000c000 0x00000001
core   0: 0x8000b348 (0xff9ff06f) j       pc - 0x8
core   0: 3 0x8000b348 (0xff9ff06f)
core   0: 0x8000b340 (0x00001f17) auipc   t5, 0x1
core   0: 3 0x8000b340 (0x00001f17) x30 0x8000c340
core   0: 0x8000b344 (0xcc3f2023) sw      gp, -832(t5)
core   0: 3 0x8000b344 (0xcc3f2023) mem 0x8000c000 0x00000001
core   0: 0x8000b348 (0xff9ff06f) j       pc - 0x8
core   0: 3 0x8000b348 (0xff9ff06f)
core   0: 0x8000b340 (0x00001f17) auipc   t5, 0x1
core   0: 3 0x8000b340 (0x00001f17) x30 0x8000c340
core   0: 0x8000b344 (0xcc3f2023) sw      gp, -832(t5)
core   0: 3 0x8000b344 (0xcc3f2023) mem 0x8000c000 0x00000001
core   0: 0x8000b348 (0xff9ff06f) j       pc - 0x8
core   0: 3 0x8000b348 (0xff9ff06f)
core   0: 0x8000b340 (0x00001f17) auipc   t5, 0x1
core   0: 3 0x8000b340 (0x00001f17) x30 0x8000c340
core   0: 0x8000b344 (0xcc3f2023) sw      gp, -832(t5)
core   0: 3 0x8000b344 (0xcc3f2023) mem 0x8000c000 0x00000001
core   0: 0x8000b348 (0xff9ff06f) j       pc - 0x8
core   0: 3 0x8000b348 (0xff9ff06f)
core   0: 0x8000b340 (0x00001f17) auipc   t5, 0x1
core   0: 3 0x8000b340 (0x00001f17) x30 0x8000c340
core   0: 0x8000b344 (0xcc3f2023) sw      gp, -832(t5)
core   0: 3 0x8000b344 (0xcc3f2023) mem 0x8000c000 0x00000001
core   0: 0x8000b348 (0xff9ff06f) j       pc - 0x8
core   0: 3 0x8000b348 (0xff9ff06f)
core   0: 0x8000b340 (0x00001f17) auipc   t5, 0x1
core   0: 3 0x8000b340 (0x00001f17) x30 0x8000c340
core   0: 0x8000b344 (0xcc3f2023) sw      gp, -832(t5)
core   0: 3 0x8000b344 (0xcc3f2023) mem 0x8000c000 0x00000001
core   0: 0x8000b348 (0xff9ff06f) j       pc - 0x8
core   0: 3 0x8000b348 (0xff9ff06f)
core   0: 0x8000b340 (0x00001f17) auipc   t5, 0x1
core   0: 3 0x8000b340 (0x00001f17) x30 0x8000c340
core   0: 0x8000b344 (0xcc3f2023) sw      gp, -832(t5)
core   0: 3 0x8000b344 (0xcc3f2023) mem 0x8000c000 0x00000001
core   0: 0x8000b348 (0xff9ff06f) j       pc - 0x8
core   0: 3 0x8000b348 (0xff9ff06f)
core   0: 0x8000b340 (0x00001f17) auipc   t5, 0x1
core   0: 3 0x8000b340 (0x00001f17) x30 0x8000c340
core   0: 0x8000b344 (0xcc3f2023) sw      gp, -832(t5)
core   0: 3 0x8000b344 (0xcc3f2023) mem 0x8000c000 0x00000001
core   0: 0x8000b348 (0xff9ff06f) j       pc - 0x8
core   0: 3 0x8000b348 (0xff9ff06f)
core   0: 0x8000b340 (0x00001f17) auipc   t5, 0x1
core   0: 3 0x8000b340 (0x00001f17) x30 0x8000c340
core   0: 0x8000b344 (0xcc3f2023) sw      gp, -832(t5)
core   0: 3 0x8000b344 (0xcc3f2023) mem 0x8000c000 0x00000001
core   0: 0x8000b348 (0xff9ff06f) j       pc - 0x8
core   0: 3 0x8000b348 (0xff9ff06f)
core   0: 0x8000b340 (0x00001f17) auipc   t5, 0x1
core   0: 3 0x8000b340 (0x00001f17) x30 0x8000c340
core   0: 0x8000b344 (0xcc3f2023) sw      gp, -832(t5)
core   0: 3 0x8000b344 (0xcc3f2023) mem 0x8000c000 0x00000001
core   0: 0x8000b348 (0xff9ff06f) j       pc - 0x8
core   0: 3 0x8000b348 (0xff9ff06f)
core   0: 0x8000b340 (0x00001f17) auipc   t5, 0x1
core   0: 3 0x8000b340 (0x00001f17) x30 0x8000c340
core   0: 0x8000b344 (0xcc3f2023) sw      gp, -832(t5)
core   0: 3 0x8000b344 (0xcc3f2023) mem 0x8000c000 0x00000001
core   0: 0x8000b348 (0xff9ff06f) j       pc - 0x8
core   0: 3 0x8000b348 (0xff9ff06f)
core   0: 0x8000b340 (0x00001f17) auipc   t5, 0x1
core   0: 3 0x8000b340 (0x00001f17) x30 0x8000c340
core   0: 0x8000b344 (0xcc3f2023) sw      gp, -832(t5)
core   0: 3 0x8000b344 (0xcc3f2023) mem 0x8000c000 0x00000001
core   0: 0x8000b348 (0xff9ff06f) j       pc - 0x8
core   0: 3 0x8000b348 (0xff9ff06f)
core   0: 0x8000b340 (0x00001f17) auipc   t5, 0x1
core   0: 3 0x8000b340 (0x00001f17) x30 0x8000c340
core   0: 0x8000b344 (0xcc3f2023) sw      gp, -832(t5)
core   0: 3 0x8000b344 (0xcc3f2023) mem 0x8000c000 0x00000001
core   0: 0x8000b348 (0xff9ff06f) j       pc - 0x8
core   0: 3 0x8000b348 (0xff9ff06f)
core   0: 0x8000b340 (0x00001f17) auipc   t5, 0x1
core   0: 3 0x8000b340 (0x00001f17) x30 0x8000c340
core   0: 0x8000b344 (0xcc3f2023) sw      gp, -832(t5)
core   0: 3 0x8000b344 (0xcc3f2023) mem 0x8000c000 0x00000001
core   0: 0x8000b348 (0xff9ff06f) j       pc - 0x8
core   0: 3 0x8000b348 (0xff9ff06f)
core   0: 0x8000b340 (0x00001f17) auipc   t5, 0x1
core   0: 3 0x8000b340 (0x00001f17) x30 0x8000c340
core   0: 0x8000b344 (0xcc3f2023) sw      gp, -832(t5)
core   0: 3 0x8000b344 (0xcc3f2023) mem 0x8000c000 0x00000001
core   0: 0x8000b348 (0xff9ff06f) j       pc - 0x8
core   0: 3 0x8000b348 (0xff9ff06f)
core   0: 0x8000b340 (0x00001f17) auipc   t5, 0x1
core   0: 3 0x8000b340 (0x00001f17) x30 0x8000c340
core   0: 0x8000b344 (0xcc3f2023) sw      gp, -832(t5)
core   0: 3 0x8000b344 (0xcc3f2023) mem 0x8000c000 0x00000001
core   0: 0x8000b348 (0xff9ff06f) j       pc - 0x8
core   0: 3 0x8000b348 (0xff9ff06f)
core   0: 0x8000b340 (0x00001f17) auipc   t5, 0x1
core   0: 3 0x8000b340 (0x00001f17) x30 0x8000c340
core   0: 0x8000b344 (0xcc3f2023) sw      gp, -832(t5)
core   0: 3 0x8000b344 (0xcc3f2023) mem 0x8000c000 0x00000001
core   0: 0x8000b348 (0xff9ff06f) j       pc - 0x8
core   0: 3 0x8000b348 (0xff9ff06f)
core   0: 0x8000b340 (0x00001f17) auipc   t5, 0x1
core   0: 3 0x8000b340 (0x00001f17) x30 0x8000c340
core   0: 0x8000b344 (0xcc3f2023) sw      gp, -832(t5)
core   0: 3 0x8000b344 (0xcc3f2023) mem 0x8000c000 0x00000001
core   0: 0x8000b348 (0xff9ff06f) j       pc - 0x8
core   0: 3 0x8000b348 (0xff9ff06f)
core   0: 0x8000b340 (0x00001f17) auipc   t5, 0x1
core   0: 3 0x8000b340 (0x00001f17) x30 0x8000c340
core   0: 0x8000b344 (0xcc3f2023) sw      gp, -832(t5)
core   0: 3 0x8000b344 (0xcc3f2023) mem 0x8000c000 0x00000001
core   0: 0x8000b348 (0xff9ff06f) j       pc - 0x8
core   0: 3 0x8000b348 (0xff9ff06f)
core   0: 0x8000b340 (0x00001f17) auipc   t5, 0x1
core   0: 3 0x8000b340 (0x00001f17) x30 0x8000c340
core   0: 0x8000b344 (0xcc3f2023) sw      gp, -832(t5)
core   0: 3 0x8000b344 (0xcc3f2023) mem 0x8000c000 0x00000001
core   0: 0x8000b348 (0xff9ff06f) j       pc - 0x8
core   0: 3 0x8000b348 (0xff9ff06f)
core   0: 0x8000b340 (0x00001f17) auipc   t5, 0x1
core   0: 3 0x8000b340 (0x00001f17) x30 0x8000c340
core   0: 0x8000b344 (0xcc3f2023) sw      gp, -832(t5)
core   0: 3 0x8000b344 (0xcc3f2023) mem 0x8000c000 0x00000001
core   0: 0x8000b348 (0xff9ff06f) j       pc - 0x8
core   0: 3 0x8000b348 (0xff9ff06f)
core   0: 0x8000b340 (0x00001f17) auipc   t5, 0x1
core   0: 3 0x8000b340 (0x00001f17) x30 0x8000c340
core   0: 0x8000b344 (0xcc3f2023) sw      gp, -832(t5)
core   0: 3 0x8000b344 (0xcc3f2023) mem 0x8000c000 0x00000001
core   0: 0x8000b348 (0xff9ff06f) j       pc - 0x8
core   0: 3 0x8000b348 (0xff9ff06f)
core   0: 0x8000b340 (0x00001f17) auipc   t5, 0x1
core   0: 3 0x8000b340 (0x00001f17) x30 0x8000c340
core   0: 0x8000b344 (0xcc3f2023) sw      gp, -832(t5)
core   0: 3 0x8000b344 (0xcc3f2023) mem 0x8000c000 0x00000001
core   0: 0x8000b348 (0xff9ff06f) j       pc - 0x8
core   0: 3 0x8000b348 (0xff9ff06f)
core   0: 0x8000b340 (0x00001f17) auipc   t5, 0x1
core   0: 3 0x8000b340 (0x00001f17) x30 0x8000c340
core   0: 0x8000b344 (0xcc3f2023) sw      gp, -832(t5)
core   0: 3 0x8000b344 (0xcc3f2023) mem 0x8000c000 0x00000001
core   0: 0x8000b348 (0xff9ff06f) j       pc - 0x8
core   0: 3 0x8000b348 (0xff9ff06f)
core   0: 0x8000b340 (0x00001f17) auipc   t5, 0x1
core   0: 3 0x8000b340 (0x00001f17) x30 0x8000c340
core   0: 0x8000b344 (0xcc3f2023) sw      gp, -832(t5)
core   0: 3 0x8000b344 (0xcc3f2023) mem 0x8000c000 0x00000001
core   0: 0x8000b348 (0xff9ff06f) j       pc - 0x8
core   0: 3 0x8000b348 (0xff9ff06f)
core   0: 0x8000b340 (0x00001f17) auipc   t5, 0x1
core   0: 3 0x8000b340 (0x00001f17) x30 0x8000c340
core   0: 0x8000b344 (0xcc3f2023) sw      gp, -832(t5)
core   0: 3 0x8000b344 (0xcc3f2023) mem 0x8000c000 0x00000001
core   0: 0x8000b348 (0xff9ff06f) j       pc - 0x8
core   0: 3 0x8000b348 (0xff9ff06f)
core   0: 0x8000b340 (0x00001f17) auipc   t5, 0x1
core   0: 3 0x8000b340 (0x00001f17) x30 0x8000c340
core   0: 0x8000b344 (0xcc3f2023) sw      gp, -832(t5)
core   0: 3 0x8000b344 (0xcc3f2023) mem 0x8000c000 0x00000001
core   0: 0x8000b348 (0xff9ff06f) j       pc - 0x8
core   0: 3 0x8000b348 (0xff9ff06f)
core   0: 0x8000b340 (0x00001f17) auipc   t5, 0x1
core   0: 3 0x8000b340 (0x00001f17) x30 0x8000c340
core   0: 0x8000b344 (0xcc3f2023) sw      gp, -832(t5)
core   0: 3 0x8000b344 (0xcc3f2023) mem 0x8000c000 0x00000001
core   0: 0x8000b348 (0xff9ff06f) j       pc - 0x8
core   0: 3 0x8000b348 (0xff9ff06f)
core   0: 0x8000b340 (0x00001f17) auipc   t5, 0x1
core   0: 3 0x8000b340 (0x00001f17) x30 0x8000c340
core   0: 0x8000b344 (0xcc3f2023) sw      gp, -832(t5)
core   0: 3 0x8000b344 (0xcc3f2023) mem 0x8000c000 0x00000001
core   0: 0x8000b348 (0xff9ff06f) j       pc - 0x8
core   0: 3 0x8000b348 (0xff9ff06f)
core   0: 0x8000b340 (0x00001f17) auipc   t5, 0x1
core   0: 3 0x8000b340 (0x00001f17) x30 0x8000c340
core   0: 0x8000b344 (0xcc3f2023) sw      gp, -832(t5)
core   0: 3 0x8000b344 (0xcc3f2023) mem 0x8000c000 0x00000001
core   0: 0x8000b348 (0xff9ff06f) j       pc - 0x8
core   0: 3 0x8000b348 (0xff9ff06f)
core   0: 0x8000b340 (0x00001f17) auipc   t5, 0x1
core   0: 3 0x8000b340 (0x00001f17) x30 0x8000c340
core   0: 0x8000b344 (0xcc3f2023) sw      gp, -832(t5)
core   0: 3 0x8000b344 (0xcc3f2023) mem 0x8000c000 0x00000001
core   0: 0x8000b348 (0xff9ff06f) j       pc - 0x8
core   0: 3 0x8000b348 (0xff9ff06f)
core   0: 0x8000b340 (0x00001f17) auipc   t5, 0x1
core   0: 3 0x8000b340 (0x00001f17) x30 0x8000c340
core   0: 0x8000b344 (0xcc3f2023) sw      gp, -832(t5)
core   0: 3 0x8000b344 (0xcc3f2023) mem 0x8000c000 0x00000001
core   0: 0x8000b348 (0xff9ff06f) j       pc - 0x8
core   0: 3 0x8000b348 (0xff9ff06f)
core   0: 0x8000b340 (0x00001f17) auipc   t5, 0x1
core   0: 3 0x8000b340 (0x00001f17) x30 0x8000c340
core   0: 0x8000b344 (0xcc3f2023) sw      gp, -832(t5)
core   0: 3 0x8000b344 (0xcc3f2023) mem 0x8000c000 0x00000001
core   0: 0x8000b348 (0xff9ff06f) j       pc - 0x8
core   0: 3 0x8000b348 (0xff9ff06f)
core   0: 0x8000b340 (0x00001f17) auipc   t5, 0x1
core   0: 3 0x8000b340 (0x00001f17) x30 0x8000c340
core   0: 0x8000b344 (0xcc3f2023) sw      gp, -832(t5)
core   0: 3 0x8000b344 (0xcc3f2023) mem 0x8000c000 0x00000001
core   0: 0x8000b348 (0xff9ff06f) j       pc - 0x8
core   0: 3 0x8000b348 (0xff9ff06f)
core   0: 0x8000b340 (0x00001f17) auipc   t5, 0x1
core   0: 3 0x8000b340 (0x00001f17) x30 0x8000c340
core   0: 0x8000b344 (0xcc3f2023) sw      gp, -832(t5)
core   0: 3 0x8000b344 (0xcc3f2023) mem 0x8000c000 0x00000001
core   0: 0x8000b348 (0xff9ff06f) j       pc - 0x8
core   0: 3 0x8000b348 (0xff9ff06f)
core   0: 0x8000b340 (0x00001f17) auipc   t5, 0x1
core   0: 3 0x8000b340 (0x00001f17) x30 0x8000c340
core   0: 0x8000b344 (0xcc3f2023) sw      gp, -832(t5)
core   0: 3 0x8000b344 (0xcc3f2023) mem 0x8000c000 0x00000001
core   0: 0x8000b348 (0xff9ff06f) j       pc - 0x8
core   0: 3 0x8000b348 (0xff9ff06f)
core   0: 0x8000b340 (0x00001f17) auipc   t5, 0x1
core   0: 3 0x8000b340 (0x00001f17) x30 0x8000c340
core   0: 0x8000b344 (0xcc3f2023) sw      gp, -832(t5)
core   0: 3 0x8000b344 (0xcc3f2023) mem 0x8000c000 0x00000001
core   0: 0x8000b348 (0xff9ff06f) j       pc - 0x8
core   0: 3 0x8000b348 (0xff9ff06f)
core   0: 0x8000b340 (0x00001f17) auipc   t5, 0x1
core   0: 3 0x8000b340 (0x00001f17) x30 0x8000c340
core   0: 0x8000b344 (0xcc3f2023) sw      gp, -832(t5)
core   0: 3 0x8000b344 (0xcc3f2023) mem 0x8000c000 0x00000001
core   0: 0x8000b348 (0xff9ff06f) j       pc - 0x8
core   0: 3 0x8000b348 (0xff9ff06f)
core   0: 0x8000b340 (0x00001f17) auipc   t5, 0x1
core   0: 3 0x8000b340 (0x00001f17) x30 0x8000c340
core   0: 0x8000b344 (0xcc3f2023) sw      gp, -832(t5)
core   0: 3 0x8000b344 (0xcc3f2023) mem 0x8000c000 0x00000001
core   0: 0x8000b348 (0xff9ff06f) j       pc - 0x8
core   0: 3 0x8000b348 (0xff9ff06f)
core   0: 0x8000b340 (0x00001f17) auipc   t5, 0x1
core   0: 3 0x8000b340 (0x00001f17) x30 0x8000c340
core   0: 0x8000b344 (0xcc3f2023) sw      gp, -832(t5)
core   0: 3 0x8000b344 (0xcc3f2023) mem 0x8000c000 0x00000001
core   0: 0x8000b348 (0xff9ff06f) j       pc - 0x8
core   0: 3 0x8000b348 (0xff9ff06f)
core   0: 0x8000b340 (0x00001f17) auipc   t5, 0x1
core   0: 3 0x8000b340 (0x00001f17) x30 0x8000c340
core   0: 0x8000b344 (0xcc3f2023) sw      gp, -832(t5)
core   0: 3 0x8000b344 (0xcc3f2023) mem 0x8000c000 0x00000001
core   0: 0x8000b348 (0xff9ff06f) j       pc - 0x8
core   0: 3 0x8000b348 (0xff9ff06f)
core   0: 0x8000b340 (0x00001f17) auipc   t5, 0x1
core   0: 3 0x8000b340 (0x00001f17) x30 0x8000c340
core   0: 0x8000b344 (0xcc3f2023) sw      gp, -832(t5)
core   0: 3 0x8000b344 (0xcc3f2023) mem 0x8000c000 0x00000001
core   0: 0x8000b348 (0xff9ff06f) j       pc - 0x8
core   0: 3 0x8000b348 (0xff9ff06f)
core   0: 0x8000b340 (0x00001f17) auipc   t5, 0x1
core   0: 3 0x8000b340 (0x00001f17) x30 0x8000c340
core   0: 0x8000b344 (0xcc3f2023) sw      gp, -832(t5)
core   0: 3 0x8000b344 (0xcc3f2023) mem 0x8000c000 0x00000001
core   0: 0x8000b348 (0xff9ff06f) j       pc - 0x8
core   0: 3 0x8000b348 (0xff9ff06f)
core   0: 0x8000b340 (0x00001f17) auipc   t5, 0x1
core   0: 3 0x8000b340 (0x00001f17) x30 0x8000c340
core   0: 0x8000b344 (0xcc3f2023) sw      gp, -832(t5)
core   0: 3 0x8000b344 (0xcc3f2023) mem 0x8000c000 0x00000001
core   0: 0x8000b348 (0xff9ff06f) j       pc - 0x8
core   0: 3 0x8000b348 (0xff9ff06f)
core   0: 0x8000b340 (0x00001f17) auipc   t5, 0x1
core   0: 3 0x8000b340 (0x00001f17) x30 0x8000c340
core   0: 0x8000b344 (0xcc3f2023) sw      gp, -832(t5)
core   0: 3 0x8000b344 (0xcc3f2023) mem 0x8000c000 0x00000001
core   0: 0x8000b348 (0xff9ff06f) j       pc - 0x8
core   0: 3 0x8000b348 (0xff9ff06f)
core   0: 0x8000b340 (0x00001f17) auipc   t5, 0x1
core   0: 3 0x8000b340 (0x00001f17) x30 0x8000c340
core   0: 0x8000b344 (0xcc3f2023) sw      gp, -832(t5)
core   0: 3 0x8000b344 (0xcc3f2023) mem 0x8000c000 0x00000001
core   0: 0x8000b348 (0xff9ff06f) j       pc - 0x8
core   0: 3 0x8000b348 (0xff9ff06f)
core   0: 0x8000b340 (0x00001f17) auipc   t5, 0x1
core   0: 3 0x8000b340 (0x00001f17) x30 0x8000c340
core   0: 0x8000b344 (0xcc3f2023) sw      gp, -832(t5)
core   0: 3 0x8000b344 (0xcc3f2023) mem 0x8000c000 0x00000001
core   0: 0x8000b348 (0xff9ff06f) j       pc - 0x8
core   0: 3 0x8000b348 (0xff9ff06f)
core   0: 0x8000b340 (0x00001f17) auipc   t5, 0x1
core   0: 3 0x8000b340 (0x00001f17) x30 0x8000c340
core   0: 0x8000b344 (0xcc3f2023) sw      gp, -832(t5)
core   0: 3 0x8000b344 (0xcc3f2023) mem 0x8000c000 0x00000001
core   0: 0x8000b348 (0xff9ff06f) j       pc - 0x8
core   0: 3 0x8000b348 (0xff9ff06f)
core   0: 0x8000b340 (0x00001f17) auipc   t5, 0x1
core   0: 3 0x8000b340 (0x00001f17) x30 0x8000c340
core   0: 0x8000b344 (0xcc3f2023) sw      gp, -832(t5)
core   0: 3 0x8000b344 (0xcc3f2023) mem 0x8000c000 0x00000001
core   0: 0x8000b348 (0xff9ff06f) j       pc - 0x8
core   0: 3 0x8000b348 (0xff9ff06f)
core   0: 0x8000b340 (0x00001f17) auipc   t5, 0x1
core   0: 3 0x8000b340 (0x00001f17) x30 0x8000c340
core   0: 0x8000b344 (0xcc3f2023) sw      gp, -832(t5)
core   0: 3 0x8000b344 (0xcc3f2023) mem 0x8000c000 0x00000001
core   0: 0x8000b348 (0xff9ff06f) j       pc - 0x8
core   0: 3 0x8000b348 (0xff9ff06f)
core   0: 0x8000b340 (0x00001f17) auipc   t5, 0x1
core   0: 3 0x8000b340 (0x00001f17) x30 0x8000c340
core   0: 0x8000b344 (0xcc3f2023) sw      gp, -832(t5)
core   0: 3 0x8000b344 (0xcc3f2023) mem 0x8000c000 0x00000001
core   0: 0x8000b348 (0xff9ff06f) j       pc - 0x8
core   0: 3 0x8000b348 (0xff9ff06f)
core   0: 0x8000b340 (0x00001f17) auipc   t5, 0x1
core   0: 3 0x8000b340 (0x00001f17) x30 0x8000c340
core   0: 0x8000b344 (0xcc3f2023) sw      gp, -832(t5)
core   0: 3 0x8000b344 (0xcc3f2023) mem 0x8000c000 0x00000001
core   0: 0x8000b348 (0xff9ff06f) j       pc - 0x8
core   0: 3 0x8000b348 (0xff9ff06f)
core   0: 0x8000b340 (0x00001f17) auipc   t5, 0x1
core   0: 3 0x8000b340 (0x00001f17) x30 0x8000c340
core   0: 0x8000b344 (0xcc3f2023) sw      gp, -832(t5)
core   0: 3 0x8000b344 (0xcc3f2023) mem 0x8000c000 0x00000001
core   0: 0x8000b348 (0xff9ff06f) j       pc - 0x8
core   0: 3 0x8000b348 (0xff9ff06f)
core   0: 0x8000b340 (0x00001f17) auipc   t5, 0x1
core   0: 3 0x8000b340 (0x00001f17) x30 0x8000c340
core   0: 0x8000b344 (0xcc3f2023) sw      gp, -832(t5)
core   0: 3 0x8000b344 (0xcc3f2023) mem 0x8000c000 0x00000001
core   0: 0x8000b348 (0xff9ff06f) j       pc - 0x8
core   0: 3 0x8000b348 (0xff9ff06f)
core   0: 0x8000b340 (0x00001f17) auipc   t5, 0x1
core   0: 3 0x8000b340 (0x00001f17) x30 0x8000c340
core   0: 0x8000b344 (0xcc3f2023) sw      gp, -832(t5)
core   0: 3 0x8000b344 (0xcc3f2023) mem 0x8000c000 0x00000001
core   0: 0x8000b348 (0xff9ff06f) j       pc - 0x8
core   0: 3 0x8000b348 (0xff9ff06f)
core   0: 0x8000b340 (0x00001f17) auipc   t5, 0x1
core   0: 3 0x8000b340 (0x00001f17) x30 0x8000c340
core   0: 0x8000b344 (0xcc3f2023) sw      gp, -832(t5)
core   0: 3 0x8000b344 (0xcc3f2023) mem 0x8000c000 0x00000001
core   0: 0x8000b348 (0xff9ff06f) j       pc - 0x8
core   0: 3 0x8000b348 (0xff9ff06f)
core   0: 0x8000b340 (0x00001f17) auipc   t5, 0x1
core   0: 3 0x8000b340 (0x00001f17) x30 0x8000c340
core   0: 0x8000b344 (0xcc3f2023) sw      gp, -832(t5)
core   0: 3 0x8000b344 (0xcc3f2023) mem 0x8000c000 0x00000001
core   0: 0x8000b348 (0xff9ff06f) j       pc - 0x8
core   0: 3 0x8000b348 (0xff9ff06f)
core   0: 0x8000b340 (0x00001f17) auipc   t5, 0x1
core   0: 3 0x8000b340 (0x00001f17) x30 0x8000c340
core   0: 0x8000b344 (0xcc3f2023) sw      gp, -832(t5)
core   0: 3 0x8000b344 (0xcc3f2023) mem 0x8000c000 0x00000001
core   0: 0x8000b348 (0xff9ff06f) j       pc - 0x8
core   0: 3 0x8000b348 (0xff9ff06f)
core   0: 0x8000b340 (0x00001f17) auipc   t5, 0x1
core   0: 3 0x8000b340 (0x00001f17) x30 0x8000c340
core   0: 0x8000b344 (0xcc3f2023) sw      gp, -832(t5)
core   0: 3 0x8000b344 (0xcc3f2023) mem 0x8000c000 0x00000001
core   0: 0x8000b348 (0xff9ff06f) j       pc - 0x8
core   0: 3 0x8000b348 (0xff9ff06f)
core   0: 0x8000b340 (0x00001f17) auipc   t5, 0x1
core   0: 3 0x8000b340 (0x00001f17) x30 0x8000c340
core   0: 0x8000b344 (0xcc3f2023) sw      gp, -832(t5)
core   0: 3 0x8000b344 (0xcc3f2023) mem 0x8000c000 0x00000001
core   0: 0x8000b348 (0xff9ff06f) j       pc - 0x8
core   0: 3 0x8000b348 (0xff9ff06f)
core   0: 0x8000b340 (0x00001f17) auipc   t5, 0x1
core   0: 3 0x8000b340 (0x00001f17) x30 0x8000c340
core   0: 0x8000b344 (0xcc3f2023) sw      gp, -832(t5)
core   0: 3 0x8000b344 (0xcc3f2023) mem 0x8000c000 0x00000001
core   0: 0x8000b348 (0xff9ff06f) j       pc - 0x8
core   0: 3 0x8000b348 (0xff9ff06f)
core   0: 0x8000b340 (0x00001f17) auipc   t5, 0x1
core   0: 3 0x8000b340 (0x00001f17) x30 0x8000c340
core   0: 0x8000b344 (0xcc3f2023) sw      gp, -832(t5)
core   0: 3 0x8000b344 (0xcc3f2023) mem 0x8000c000 0x00000001
core   0: 0x8000b348 (0xff9ff06f) j       pc - 0x8
core   0: 3 0x8000b348 (0xff9ff06f)
core   0: 0x8000b340 (0x00001f17) auipc   t5, 0x1
core   0: 3 0x8000b340 (0x00001f17) x30 0x8000c340
core   0: 0x8000b344 (0xcc3f2023) sw      gp, -832(t5)
core   0: 3 0x8000b344 (0xcc3f2023) mem 0x8000c000 0x00000001
core   0: 0x8000b348 (0xff9ff06f) j       pc - 0x8
core   0: 3 0x8000b348 (0xff9ff06f)
core   0: 0x8000b340 (0x00001f17) auipc   t5, 0x1
core   0: 3 0x8000b340 (0x00001f17) x30 0x8000c340
core   0: 0x8000b344 (0xcc3f2023) sw      gp, -832(t5)
core   0: 3 0x8000b344 (0xcc3f2023) mem 0x8000c000 0x00000001
core   0: 0x8000b348 (0xff9ff06f) j       pc - 0x8
core   0: 3 0x8000b348 (0xff9ff06f)
core   0: 0x8000b340 (0x00001f17) auipc   t5, 0x1
core   0: 3 0x8000b340 (0x00001f17) x30 0x8000c340
core   0: 0x8000b344 (0xcc3f2023) sw      gp, -832(t5)
core   0: 3 0x8000b344 (0xcc3f2023) mem 0x8000c000 0x00000001
core   0: 0x8000b348 (0xff9ff06f) j       pc - 0x8
core   0: 3 0x8000b348 (0xff9ff06f)
core   0: 0x8000b340 (0x00001f17) auipc   t5, 0x1
core   0: 3 0x8000b340 (0x00001f17) x30 0x8000c340
core   0: 0x8000b344 (0xcc3f2023) sw      gp, -832(t5)
core   0: 3 0x8000b344 (0xcc3f2023) mem 0x8000c000 0x00000001
core   0: 0x8000b348 (0xff9ff06f) j       pc - 0x8
core   0: 3 0x8000b348 (0xff9ff06f)
core   0: 0x8000b340 (0x00001f17) auipc   t5, 0x1
core   0: 3 0x8000b340 (0x00001f17) x30 0x8000c340
core   0: 0x8000b344 (0xcc3f2023) sw      gp, -832(t5)
core   0: 3 0x8000b344 (0xcc3f2023) mem 0x8000c000 0x00000001
core   0: 0x8000b348 (0xff9ff06f) j       pc - 0x8
core   0: 3 0x8000b348 (0xff9ff06f)
core   0: 0x8000b340 (0x00001f17) auipc   t5, 0x1
core   0: 3 0x8000b340 (0x00001f17) x30 0x8000c340
core   0: 0x8000b344 (0xcc3f2023) sw      gp, -832(t5)
core   0: 3 0x8000b344 (0xcc3f2023) mem 0x8000c000 0x00000001
core   0: 0x8000b348 (0xff9ff06f) j       pc - 0x8
core   0: 3 0x8000b348 (0xff9ff06f)
core   0: 0x8000b340 (0x00001f17) auipc   t5, 0x1
core   0: 3 0x8000b340 (0x00001f17) x30 0x8000c340
core   0: 0x8000b344 (0xcc3f2023) sw      gp, -832(t5)
core   0: 3 0x8000b344 (0xcc3f2023) mem 0x8000c000 0x00000001
core   0: 0x8000b348 (0xff9ff06f) j       pc - 0x8
core   0: 3 0x8000b348 (0xff9ff06f)
core   0: 0x8000b340 (0x00001f17) auipc   t5, 0x1
core   0: 3 0x8000b340 (0x00001f17) x30 0x8000c340
core   0: 0x8000b344 (0xcc3f2023) sw      gp, -832(t5)
core   0: 3 0x8000b344 (0xcc3f2023) mem 0x8000c000 0x00000001
core   0: 0x8000b348 (0xff9ff06f) j       pc - 0x8
core   0: 3 0x8000b348 (0xff9ff06f)
core   0: 0x8000b340 (0x00001f17) auipc   t5, 0x1
core   0: 3 0x8000b340 (0x00001f17) x30 0x8000c340
core   0: 0x8000b344 (0xcc3f2023) sw      gp, -832(t5)
core   0: 3 0x8000b344 (0xcc3f2023) mem 0x8000c000 0x00000001
core   0: 0x8000b348 (0xff9ff06f) j       pc - 0x8
core   0: 3 0x8000b348 (0xff9ff06f)
core   0: 0x8000b340 (0x00001f17) auipc   t5, 0x1
core   0: 3 0x8000b340 (0x00001f17) x30 0x8000c340
core   0: 0x8000b344 (0xcc3f2023) sw      gp, -832(t5)
core   0: 3 0x8000b344 (0xcc3f2023) mem 0x8000c000 0x00000001
core   0: 0x8000b348 (0xff9ff06f) j       pc - 0x8
core   0: 3 0x8000b348 (0xff9ff06f)
core   0: 0x8000b340 (0x00001f17) auipc   t5, 0x1
core   0: 3 0x8000b340 (0x00001f17) x30 0x8000c340
core   0: 0x8000b344 (0xcc3f2023) sw      gp, -832(t5)
core   0: 3 0x8000b344 (0xcc3f2023) mem 0x8000c000 0x00000001
core   0: 0x8000b348 (0xff9ff06f) j       pc - 0x8
core   0: 3 0x8000b348 (0xff9ff06f)
core   0: 0x8000b340 (0x00001f17) auipc   t5, 0x1
core   0: 3 0x8000b340 (0x00001f17) x30 0x8000c340
core   0: 0x8000b344 (0xcc3f2023) sw      gp, -832(t5)
core   0: 3 0x8000b344 (0xcc3f2023) mem 0x8000c000 0x00000001
core   0: 0x8000b348 (0xff9ff06f) j       pc - 0x8
core   0: 3 0x8000b348 (0xff9ff06f)
core   0: 0x8000b340 (0x00001f17) auipc   t5, 0x1
core   0: 3 0x8000b340 (0x00001f17) x30 0x8000c340
core   0: 0x8000b344 (0xcc3f2023) sw      gp, -832(t5)
core   0: 3 0x8000b344 (0xcc3f2023) mem 0x8000c000 0x00000001
core   0: 0x8000b348 (0xff9ff06f) j       pc - 0x8
core   0: 3 0x8000b348 (0xff9ff06f)
core   0: 0x8000b340 (0x00001f17) auipc   t5, 0x1
core   0: 3 0x8000b340 (0x00001f17) x30 0x8000c340
core   0: 0x8000b344 (0xcc3f2023) sw      gp, -832(t5)
core   0: 3 0x8000b344 (0xcc3f2023) mem 0x8000c000 0x00000001
core   0: 0x8000b348 (0xff9ff06f) j       pc - 0x8
core   0: 3 0x8000b348 (0xff9ff06f)
core   0: 0x8000b340 (0x00001f17) auipc   t5, 0x1
core   0: 3 0x8000b340 (0x00001f17) x30 0x8000c340
core   0: 0x8000b344 (0xcc3f2023) sw      gp, -832(t5)
core   0: 3 0x8000b344 (0xcc3f2023) mem 0x8000c000 0x00000001
core   0: 0x8000b348 (0xff9ff06f) j       pc - 0x8
core   0: 3 0x8000b348 (0xff9ff06f)
core   0: 0x8000b340 (0x00001f17) auipc   t5, 0x1
core   0: 3 0x8000b340 (0x00001f17) x30 0x8000c340
core   0: 0x8000b344 (0xcc3f2023) sw      gp, -832(t5)
core   0: 3 0x8000b344 (0xcc3f2023) mem 0x8000c000 0x00000001
core   0: 0x8000b348 (0xff9ff06f) j       pc - 0x8
core   0: 3 0x8000b348 (0xff9ff06f)
core   0: 0x8000b340 (0x00001f17) auipc   t5, 0x1
core   0: 3 0x8000b340 (0x00001f17) x30 0x8000c340
core   0: 0x8000b344 (0xcc3f2023) sw      gp, -832(t5)
core   0: 3 0x8000b344 (0xcc3f2023) mem 0x8000c000 0x00000001
core   0: 0x8000b348 (0xff9ff06f) j       pc - 0x8
core   0: 3 0x8000b348 (0xff9ff06f)
core   0: 0x8000b340 (0x00001f17) auipc   t5, 0x1
core   0: 3 0x8000b340 (0x00001f17) x30 0x8000c340
core   0: 0x8000b344 (0xcc3f2023) sw      gp, -832(t5)
core   0: 3 0x8000b344 (0xcc3f2023) mem 0x8000c000 0x00000001
core   0: 0x8000b348 (0xff9ff06f) j       pc - 0x8
core   0: 3 0x8000b348 (0xff9ff06f)
core   0: 0x8000b340 (0x00001f17) auipc   t5, 0x1
core   0: 3 0x8000b340 (0x00001f17) x30 0x8000c340
core   0: 0x8000b344 (0xcc3f2023) sw      gp, -832(t5)
core   0: 3 0x8000b344 (0xcc3f2023) mem 0x8000c000 0x00000001
core   0: 0x8000b348 (0xff9ff06f) j       pc - 0x8
core   0: 3 0x8000b348 (0xff9ff06f)
core   0: 0x8000b340 (0x00001f17) auipc   t5, 0x1
core   0: 3 0x8000b340 (0x00001f17) x30 0x8000c340
core   0: 0x8000b344 (0xcc3f2023) sw      gp, -832(t5)
core   0: 3 0x8000b344 (0xcc3f2023) mem 0x8000c000 0x00000001
core   0: 0x8000b348 (0xff9ff06f) j       pc - 0x8
core   0: 3 0x8000b348 (0xff9ff06f)
core   0: 0x8000b340 (0x00001f17) auipc   t5, 0x1
core   0: 3 0x8000b340 (0x00001f17) x30 0x8000c340
core   0: 0x8000b344 (0xcc3f2023) sw      gp, -832(t5)
core   0: 3 0x8000b344 (0xcc3f2023) mem 0x8000c000 0x00000001
core   0: 0x8000b348 (0xff9ff06f) j       pc - 0x8
core   0: 3 0x8000b348 (0xff9ff06f)
core   0: 0x8000b340 (0x00001f17) auipc   t5, 0x1
core   0: 3 0x8000b340 (0x00001f17) x30 0x8000c340
core   0: 0x8000b344 (0xcc3f2023) sw      gp, -832(t5)
core   0: 3 0x8000b344 (0xcc3f2023) mem 0x8000c000 0x00000001
core   0: 0x8000b348 (0xff9ff06f) j       pc - 0x8
core   0: 3 0x8000b348 (0xff9ff06f)
core   0: 0x8000b340 (0x00001f17) auipc   t5, 0x1
core   0: 3 0x8000b340 (0x00001f17) x30 0x8000c340
core   0: 0x8000b344 (0xcc3f2023) sw      gp, -832(t5)
core   0: 3 0x8000b344 (0xcc3f2023) mem 0x8000c000 0x00000001
core   0: 0x8000b348 (0xff9ff06f) j       pc - 0x8
core   0: 3 0x8000b348 (0xff9ff06f)
core   0: 0x8000b340 (0x00001f17) auipc   t5, 0x1
core   0: 3 0x8000b340 (0x00001f17) x30 0x8000c340
core   0: 0x8000b344 (0xcc3f2023) sw      gp, -832(t5)
core   0: 3 0x8000b344 (0xcc3f2023) mem 0x8000c000 0x00000001
core   0: 0x8000b348 (0xff9ff06f) j       pc - 0x8
core   0: 3 0x8000b348 (0xff9ff06f)
core   0: 0x8000b340 (0x00001f17) auipc   t5, 0x1
core   0: 3 0x8000b340 (0x00001f17) x30 0x8000c340
core   0: 0x8000b344 (0xcc3f2023) sw      gp, -832(t5)
core   0: 3 0x8000b344 (0xcc3f2023) mem 0x8000c000 0x00000001
core   0: 0x8000b348 (0xff9ff06f) j       pc - 0x8
core   0: 3 0x8000b348 (0xff9ff06f)
core   0: 0x8000b340 (0x00001f17) auipc   t5, 0x1
core   0: 3 0x8000b340 (0x00001f17) x30 0x8000c340
core   0: 0x8000b344 (0xcc3f2023) sw      gp, -832(t5)
core   0: 3 0x8000b344 (0xcc3f2023) mem 0x8000c000 0x00000001
core   0: 0x8000b348 (0xff9ff06f) j       pc - 0x8
core   0: 3 0x8000b348 (0xff9ff06f)
core   0: 0x8000b340 (0x00001f17) auipc   t5, 0x1
core   0: 3 0x8000b340 (0x00001f17) x30 0x8000c340
core   0: 0x8000b344 (0xcc3f2023) sw      gp, -832(t5)
core   0: 3 0x8000b344 (0xcc3f2023) mem 0x8000c000 0x00000001
core   0: 0x8000b348 (0xff9ff06f) j       pc - 0x8
core   0: 3 0x8000b348 (0xff9ff06f)
core   0: 0x8000b340 (0x00001f17) auipc   t5, 0x1
core   0: 3 0x8000b340 (0x00001f17) x30 0x8000c340
core   0: 0x8000b344 (0xcc3f2023) sw      gp, -832(t5)
core   0: 3 0x8000b344 (0xcc3f2023) mem 0x8000c000 0x00000001
core   0: 0x8000b348 (0xff9ff06f) j       pc - 0x8
core   0: 3 0x8000b348 (0xff9ff06f)
core   0: 0x8000b340 (0x00001f17) auipc   t5, 0x1
core   0: 3 0x8000b340 (0x00001f17) x30 0x8000c340
core   0: 0x8000b344 (0xcc3f2023) sw      gp, -832(t5)
core   0: 3 0x8000b344 (0xcc3f2023) mem 0x8000c000 0x00000001
core   0: 0x8000b348 (0xff9ff06f) j       pc - 0x8
core   0: 3 0x8000b348 (0xff9ff06f)
core   0: 0x8000b340 (0x00001f17) auipc   t5, 0x1
core   0: 3 0x8000b340 (0x00001f17) x30 0x8000c340
core   0: 0x8000b344 (0xcc3f2023) sw      gp, -832(t5)
core   0: 3 0x8000b344 (0xcc3f2023) mem 0x8000c000 0x00000001
core   0: 0x8000b348 (0xff9ff06f) j       pc - 0x8
core   0: 3 0x8000b348 (0xff9ff06f)
core   0: 0x8000b340 (0x00001f17) auipc   t5, 0x1
core   0: 3 0x8000b340 (0x00001f17) x30 0x8000c340
core   0: 0x8000b344 (0xcc3f2023) sw      gp, -832(t5)
core   0: 3 0x8000b344 (0xcc3f2023) mem 0x8000c000 0x00000001
core   0: 0x8000b348 (0xff9ff06f) j       pc - 0x8
core   0: 3 0x8000b348 (0xff9ff06f)
core   0: 0x8000b340 (0x00001f17) auipc   t5, 0x1
core   0: 3 0x8000b340 (0x00001f17) x30 0x8000c340
core   0: 0x8000b344 (0xcc3f2023) sw      gp, -832(t5)
core   0: 3 0x8000b344 (0xcc3f2023) mem 0x8000c000 0x00000001
core   0: 0x8000b348 (0xff9ff06f) j       pc - 0x8
core   0: 3 0x8000b348 (0xff9ff06f)
core   0: 0x8000b340 (0x00001f17) auipc   t5, 0x1
core   0: 3 0x8000b340 (0x00001f17) x30 0x8000c340
core   0: 0x8000b344 (0xcc3f2023) sw      gp, -832(t5)
core   0: 3 0x8000b344 (0xcc3f2023) mem 0x8000c000 0x00000001
core   0: 0x8000b348 (0xff9ff06f) j       pc - 0x8
core   0: 3 0x8000b348 (0xff9ff06f)
core   0: 0x8000b340 (0x00001f17) auipc   t5, 0x1
core   0: 3 0x8000b340 (0x00001f17) x30 0x8000c340
core   0: 0x8000b344 (0xcc3f2023) sw      gp, -832(t5)
core   0: 3 0x8000b344 (0xcc3f2023) mem 0x8000c000 0x00000001
core   0: 0x8000b348 (0xff9ff06f) j       pc - 0x8
core   0: 3 0x8000b348 (0xff9ff06f)
core   0: 0x8000b340 (0x00001f17) auipc   t5, 0x1
core   0: 3 0x8000b340 (0x00001f17) x30 0x8000c340
core   0: 0x8000b344 (0xcc3f2023) sw      gp, -832(t5)
core   0: 3 0x8000b344 (0xcc3f2023) mem 0x8000c000 0x00000001
core   0: 0x8000b348 (0xff9ff06f) j       pc - 0x8
core   0: 3 0x8000b348 (0xff9ff06f)
core   0: 0x8000b340 (0x00001f17) auipc   t5, 0x1
core   0: 3 0x8000b340 (0x00001f17) x30 0x8000c340
core   0: 0x8000b344 (0xcc3f2023) sw      gp, -832(t5)
core   0: 3 0x8000b344 (0xcc3f2023) mem 0x8000c000 0x00000001
core   0: 0x8000b348 (0xff9ff06f) j       pc - 0x8
core   0: 3 0x8000b348 (0xff9ff06f)
core   0: 0x8000b340 (0x00001f17) auipc   t5, 0x1
core   0: 3 0x8000b340 (0x00001f17) x30 0x8000c340
core   0: 0x8000b344 (0xcc3f2023) sw      gp, -832(t5)
core   0: 3 0x8000b344 (0xcc3f2023) mem 0x8000c000 0x00000001
core   0: 0x8000b348 (0xff9ff06f) j       pc - 0x8
core   0: 3 0x8000b348 (0xff9ff06f)
core   0: 0x8000b340 (0x00001f17) auipc   t5, 0x1
core   0: 3 0x8000b340 (0x00001f17) x30 0x8000c340
core   0: 0x8000b344 (0xcc3f2023) sw      gp, -832(t5)
core   0: 3 0x8000b344 (0xcc3f2023) mem 0x8000c000 0x00000001
core   0: 0x8000b348 (0xff9ff06f) j       pc - 0x8
core   0: 3 0x8000b348 (0xff9ff06f)
core   0: 0x8000b340 (0x00001f17) auipc   t5, 0x1
core   0: 3 0x8000b340 (0x00001f17) x30 0x8000c340
core   0: 0x8000b344 (0xcc3f2023) sw      gp, -832(t5)
core   0: 3 0x8000b344 (0xcc3f2023) mem 0x8000c000 0x00000001
core   0: 0x8000b348 (0xff9ff06f) j       pc - 0x8
core   0: 3 0x8000b348 (0xff9ff06f)
core   0: 0x8000b340 (0x00001f17) auipc   t5, 0x1
core   0: 3 0x8000b340 (0x00001f17) x30 0x8000c340
core   0: 0x8000b344 (0xcc3f2023) sw      gp, -832(t5)
core   0: 3 0x8000b344 (0xcc3f2023) mem 0x8000c000 0x00000001
core   0: 0x8000b348 (0xff9ff06f) j       pc - 0x8
core   0: 3 0x8000b348 (0xff9ff06f)
core   0: 0x8000b340 (0x00001f17) auipc   t5, 0x1
core   0: 3 0x8000b340 (0x00001f17) x30 0x8000c340
core   0: 0x8000b344 (0xcc3f2023) sw      gp, -832(t5)
core   0: 3 0x8000b344 (0xcc3f2023) mem 0x8000c000 0x00000001
core   0: 0x8000b348 (0xff9ff06f) j       pc - 0x8
core   0: 3 0x8000b348 (0xff9ff06f)
core   0: 0x8000b340 (0x00001f17) auipc   t5, 0x1
core   0: 3 0x8000b340 (0x00001f17) x30 0x8000c340
core   0: 0x8000b344 (0xcc3f2023) sw      gp, -832(t5)
core   0: 3 0x8000b344 (0xcc3f2023) mem 0x8000c000 0x00000001
core   0: 0x8000b348 (0xff9ff06f) j       pc - 0x8
core   0: 3 0x8000b348 (0xff9ff06f)
core   0: 0x8000b340 (0x00001f17) auipc   t5, 0x1
core   0: 3 0x8000b340 (0x00001f17) x30 0x8000c340
core   0: 0x8000b344 (0xcc3f2023) sw      gp, -832(t5)
core   0: 3 0x8000b344 (0xcc3f2023) mem 0x8000c000 0x00000001
core   0: 0x8000b348 (0xff9ff06f) j       pc - 0x8
core   0: 3 0x8000b348 (0xff9ff06f)
core   0: 0x8000b340 (0x00001f17) auipc   t5, 0x1
core   0: 3 0x8000b340 (0x00001f17) x30 0x8000c340
core   0: 0x8000b344 (0xcc3f2023) sw      gp, -832(t5)
core   0: 3 0x8000b344 (0xcc3f2023) mem 0x8000c000 0x00000001
core   0: 0x8000b348 (0xff9ff06f) j       pc - 0x8
core   0: 3 0x8000b348 (0xff9ff06f)
core   0: 0x8000b340 (0x00001f17) auipc   t5, 0x1
core   0: 3 0x8000b340 (0x00001f17) x30 0x8000c340
core   0: 0x8000b344 (0xcc3f2023) sw      gp, -832(t5)
core   0: 3 0x8000b344 (0xcc3f2023) mem 0x8000c000 0x00000001
core   0: 0x8000b348 (0xff9ff06f) j       pc - 0x8
core   0: 3 0x8000b348 (0xff9ff06f)
core   0: 0x8000b340 (0x00001f17) auipc   t5, 0x1
core   0: 3 0x8000b340 (0x00001f17) x30 0x8000c340
core   0: 0x8000b344 (0xcc3f2023) sw      gp, -832(t5)
core   0: 3 0x8000b344 (0xcc3f2023) mem 0x8000c000 0x00000001
core   0: 0x8000b348 (0xff9ff06f) j       pc - 0x8
core   0: 3 0x8000b348 (0xff9ff06f)
core   0: 0x8000b340 (0x00001f17) auipc   t5, 0x1
core   0: 3 0x8000b340 (0x00001f17) x30 0x8000c340
core   0: 0x8000b344 (0xcc3f2023) sw      gp, -832(t5)
core   0: 3 0x8000b344 (0xcc3f2023) mem 0x8000c000 0x00000001
core   0: 0x8000b348 (0xff9ff06f) j       pc - 0x8
core   0: 3 0x8000b348 (0xff9ff06f)
core   0: 0x8000b340 (0x00001f17) auipc   t5, 0x1
core   0: 3 0x8000b340 (0x00001f17) x30 0x8000c340
core   0: 0x8000b344 (0xcc3f2023) sw      gp, -832(t5)
core   0: 3 0x8000b344 (0xcc3f2023) mem 0x8000c000 0x00000001
core   0: 0x8000b348 (0xff9ff06f) j       pc - 0x8
core   0: 3 0x8000b348 (0xff9ff06f)
core   0: 0x8000b340 (0x00001f17) auipc   t5, 0x1
core   0: 3 0x8000b340 (0x00001f17) x30 0x8000c340
core   0: 0x8000b344 (0xcc3f2023) sw      gp, -832(t5)
core   0: 3 0x8000b344 (0xcc3f2023) mem 0x8000c000 0x00000001
core   0: 0x8000b348 (0xff9ff06f) j       pc - 0x8
core   0: 3 0x8000b348 (0xff9ff06f)
core   0: 0x8000b340 (0x00001f17) auipc   t5, 0x1
core   0: 3 0x8000b340 (0x00001f17) x30 0x8000c340
core   0: 0x8000b344 (0xcc3f2023) sw      gp, -832(t5)
core   0: 3 0x8000b344 (0xcc3f2023) mem 0x8000c000 0x00000001
core   0: 0x8000b348 (0xff9ff06f) j       pc - 0x8
core   0: 3 0x8000b348 (0xff9ff06f)
core   0: 0x8000b340 (0x00001f17) auipc   t5, 0x1
core   0: 3 0x8000b340 (0x00001f17) x30 0x8000c340
core   0: 0x8000b344 (0xcc3f2023) sw      gp, -832(t5)
core   0: 3 0x8000b344 (0xcc3f2023) mem 0x8000c000 0x00000001
core   0: 0x8000b348 (0xff9ff06f) j       pc - 0x8
core   0: 3 0x8000b348 (0xff9ff06f)
core   0: 0x8000b340 (0x00001f17) auipc   t5, 0x1
core   0: 3 0x8000b340 (0x00001f17) x30 0x8000c340
core   0: 0x8000b344 (0xcc3f2023) sw      gp, -832(t5)
core   0: 3 0x8000b344 (0xcc3f2023) mem 0x8000c000 0x00000001
core   0: 0x8000b348 (0xff9ff06f) j       pc - 0x8
core   0: 3 0x8000b348 (0xff9ff06f)
core   0: 0x8000b340 (0x00001f17) auipc   t5, 0x1
core   0: 3 0x8000b340 (0x00001f17) x30 0x8000c340
core   0: 0x8000b344 (0xcc3f2023) sw      gp, -832(t5)
core   0: 3 0x8000b344 (0xcc3f2023) mem 0x8000c000 0x00000001
core   0: 0x8000b348 (0xff9ff06f) j       pc - 0x8
core   0: 3 0x8000b348 (0xff9ff06f)
core   0: 0x8000b340 (0x00001f17) auipc   t5, 0x1
core   0: 3 0x8000b340 (0x00001f17) x30 0x8000c340
core   0: 0x8000b344 (0xcc3f2023) sw      gp, -832(t5)
core   0: 3 0x8000b344 (0xcc3f2023) mem 0x8000c000 0x00000001
core   0: 0x8000b348 (0xff9ff06f) j       pc - 0x8
core   0: 3 0x8000b348 (0xff9ff06f)
core   0: 0x8000b340 (0x00001f17) auipc   t5, 0x1
core   0: 3 0x8000b340 (0x00001f17) x30 0x8000c340
core   0: 0x8000b344 (0xcc3f2023) sw      gp, -832(t5)
core   0: 3 0x8000b344 (0xcc3f2023) mem 0x8000c000 0x00000001
core   0: 0x8000b348 (0xff9ff06f) j       pc - 0x8
core   0: 3 0x8000b348 (0xff9ff06f)
core   0: 0x8000b340 (0x00001f17) auipc   t5, 0x1
core   0: 3 0x8000b340 (0x00001f17) x30 0x8000c340
core   0: 0x8000b344 (0xcc3f2023) sw      gp, -832(t5)
core   0: 3 0x8000b344 (0xcc3f2023) mem 0x8000c000 0x00000001
core   0: 0x8000b348 (0xff9ff06f) j       pc - 0x8
core   0: 3 0x8000b348 (0xff9ff06f)
core   0: 0x8000b340 (0x00001f17) auipc   t5, 0x1
core   0: 3 0x8000b340 (0x00001f17) x30 0x8000c340
core   0: 0x8000b344 (0xcc3f2023) sw      gp, -832(t5)
core   0: 3 0x8000b344 (0xcc3f2023) mem 0x8000c000 0x00000001
core   0: 0x8000b348 (0xff9ff06f) j       pc - 0x8
core   0: 3 0x8000b348 (0xff9ff06f)
core   0: 0x8000b340 (0x00001f17) auipc   t5, 0x1
core   0: 3 0x8000b340 (0x00001f17) x30 0x8000c340
core   0: 0x8000b344 (0xcc3f2023) sw      gp, -832(t5)
core   0: 3 0x8000b344 (0xcc3f2023) mem 0x8000c000 0x00000001
core   0: 0x8000b348 (0xff9ff06f) j       pc - 0x8
core   0: 3 0x8000b348 (0xff9ff06f)
core   0: 0x8000b340 (0x00001f17) auipc   t5, 0x1
core   0: 3 0x8000b340 (0x00001f17) x30 0x8000c340
core   0: 0x8000b344 (0xcc3f2023) sw      gp, -832(t5)
core   0: 3 0x8000b344 (0xcc3f2023) mem 0x8000c000 0x00000001
core   0: 0x8000b348 (0xff9ff06f) j       pc - 0x8
core   0: 3 0x8000b348 (0xff9ff06f)
core   0: 0x8000b340 (0x00001f17) auipc   t5, 0x1
core   0: 3 0x8000b340 (0x00001f17) x30 0x8000c340
core   0: 0x8000b344 (0xcc3f2023) sw      gp, -832(t5)
core   0: 3 0x8000b344 (0xcc3f2023) mem 0x8000c000 0x00000001
core   0: 0x8000b348 (0xff9ff06f) j       pc - 0x8
core   0: 3 0x8000b348 (0xff9ff06f)
core   0: 0x8000b340 (0x00001f17) auipc   t5, 0x1
core   0: 3 0x8000b340 (0x00001f17) x30 0x8000c340
core   0: 0x8000b344 (0xcc3f2023) sw      gp, -832(t5)
core   0: 3 0x8000b344 (0xcc3f2023) mem 0x8000c000 0x00000001
core   0: 0x8000b348 (0xff9ff06f) j       pc - 0x8
core   0: 3 0x8000b348 (0xff9ff06f)
core   0: 0x8000b340 (0x00001f17) auipc   t5, 0x1
core   0: 3 0x8000b340 (0x00001f17) x30 0x8000c340
core   0: 0x8000b344 (0xcc3f2023) sw      gp, -832(t5)
core   0: 3 0x8000b344 (0xcc3f2023) mem 0x8000c000 0x00000001
core   0: 0x8000b348 (0xff9ff06f) j       pc - 0x8
core   0: 3 0x8000b348 (0xff9ff06f)
core   0: 0x8000b340 (0x00001f17) auipc   t5, 0x1
core   0: 3 0x8000b340 (0x00001f17) x30 0x8000c340
core   0: 0x8000b344 (0xcc3f2023) sw      gp, -832(t5)
core   0: 3 0x8000b344 (0xcc3f2023) mem 0x8000c000 0x00000001
core   0: 0x8000b348 (0xff9ff06f) j       pc - 0x8
core   0: 3 0x8000b348 (0xff9ff06f)
core   0: 0x8000b340 (0x00001f17) auipc   t5, 0x1
core   0: 3 0x8000b340 (0x00001f17) x30 0x8000c340
core   0: 0x8000b344 (0xcc3f2023) sw      gp, -832(t5)
core   0: 3 0x8000b344 (0xcc3f2023) mem 0x8000c000 0x00000001
core   0: 0x8000b348 (0xff9ff06f) j       pc - 0x8
core   0: 3 0x8000b348 (0xff9ff06f)
core   0: 0x8000b340 (0x00001f17) auipc   t5, 0x1
core   0: 3 0x8000b340 (0x00001f17) x30 0x8000c340
core   0: 0x8000b344 (0xcc3f2023) sw      gp, -832(t5)
core   0: 3 0x8000b344 (0xcc3f2023) mem 0x8000c000 0x00000001
core   0: 0x8000b348 (0xff9ff06f) j       pc - 0x8
core   0: 3 0x8000b348 (0xff9ff06f)
core   0: 0x8000b340 (0x00001f17) auipc   t5, 0x1
core   0: 3 0x8000b340 (0x00001f17) x30 0x8000c340
core   0: 0x8000b344 (0xcc3f2023) sw      gp, -832(t5)
core   0: 3 0x8000b344 (0xcc3f2023) mem 0x8000c000 0x00000001
core   0: 0x8000b348 (0xff9ff06f) j       pc - 0x8
core   0: 3 0x8000b348 (0xff9ff06f)
core   0: 0x8000b340 (0x00001f17) auipc   t5, 0x1
core   0: 3 0x8000b340 (0x00001f17) x30 0x8000c340
core   0: 0x8000b344 (0xcc3f2023) sw      gp, -832(t5)
core   0: 3 0x8000b344 (0xcc3f2023) mem 0x8000c000 0x00000001
core   0: 0x8000b348 (0xff9ff06f) j       pc - 0x8
core   0: 3 0x8000b348 (0xff9ff06f)
core   0: 0x8000b340 (0x00001f17) auipc   t5, 0x1
core   0: 3 0x8000b340 (0x00001f17) x30 0x8000c340
core   0: 0x8000b344 (0xcc3f2023) sw      gp, -832(t5)
core   0: 3 0x8000b344 (0xcc3f2023) mem 0x8000c000 0x00000001
core   0: 0x8000b348 (0xff9ff06f) j       pc - 0x8
core   0: 3 0x8000b348 (0xff9ff06f)
core   0: 0x8000b340 (0x00001f17) auipc   t5, 0x1
core   0: 3 0x8000b340 (0x00001f17) x30 0x8000c340
core   0: 0x8000b344 (0xcc3f2023) sw      gp, -832(t5)
core   0: 3 0x8000b344 (0xcc3f2023) mem 0x8000c000 0x00000001
core   0: 0x8000b348 (0xff9ff06f) j       pc - 0x8
core   0: 3 0x8000b348 (0xff9ff06f)
core   0: 0x8000b340 (0x00001f17) auipc   t5, 0x1
core   0: 3 0x8000b340 (0x00001f17) x30 0x8000c340
core   0: 0x8000b344 (0xcc3f2023) sw      gp, -832(t5)
core   0: 3 0x8000b344 (0xcc3f2023) mem 0x8000c000 0x00000001
core   0: 0x8000b348 (0xff9ff06f) j       pc - 0x8
core   0: 3 0x8000b348 (0xff9ff06f)
core   0: 0x8000b340 (0x00001f17) auipc   t5, 0x1
core   0: 3 0x8000b340 (0x00001f17) x30 0x8000c340
core   0: 0x8000b344 (0xcc3f2023) sw      gp, -832(t5)
core   0: 3 0x8000b344 (0xcc3f2023) mem 0x8000c000 0x00000001
core   0: 0x8000b348 (0xff9ff06f) j       pc - 0x8
core   0: 3 0x8000b348 (0xff9ff06f)
core   0: 0x8000b340 (0x00001f17) auipc   t5, 0x1
core   0: 3 0x8000b340 (0x00001f17) x30 0x8000c340
core   0: 0x8000b344 (0xcc3f2023) sw      gp, -832(t5)
core   0: 3 0x8000b344 (0xcc3f2023) mem 0x8000c000 0x00000001
core   0: 0x8000b348 (0xff9ff06f) j       pc - 0x8
core   0: 3 0x8000b348 (0xff9ff06f)
core   0: 0x8000b340 (0x00001f17) auipc   t5, 0x1
core   0: 3 0x8000b340 (0x00001f17) x30 0x8000c340
core   0: 0x8000b344 (0xcc3f2023) sw      gp, -832(t5)
core   0: 3 0x8000b344 (0xcc3f2023) mem 0x8000c000 0x00000001
core   0: 0x8000b348 (0xff9ff06f) j       pc - 0x8
core   0: 3 0x8000b348 (0xff9ff06f)
core   0: 0x8000b340 (0x00001f17) auipc   t5, 0x1
core   0: 3 0x8000b340 (0x00001f17) x30 0x8000c340
core   0: 0x8000b344 (0xcc3f2023) sw      gp, -832(t5)
core   0: 3 0x8000b344 (0xcc3f2023) mem 0x8000c000 0x00000001
core   0: 0x8000b348 (0xff9ff06f) j       pc - 0x8
core   0: 3 0x8000b348 (0xff9ff06f)
core   0: 0x8000b340 (0x00001f17) auipc   t5, 0x1
core   0: 3 0x8000b340 (0x00001f17) x30 0x8000c340
core   0: 0x8000b344 (0xcc3f2023) sw      gp, -832(t5)
core   0: 3 0x8000b344 (0xcc3f2023) mem 0x8000c000 0x00000001
core   0: 0x8000b348 (0xff9ff06f) j       pc - 0x8
core   0: 3 0x8000b348 (0xff9ff06f)
core   0: 0x8000b340 (0x00001f17) auipc   t5, 0x1
core   0: 3 0x8000b340 (0x00001f17) x30 0x8000c340
core   0: 0x8000b344 (0xcc3f2023) sw      gp, -832(t5)
core   0: 3 0x8000b344 (0xcc3f2023) mem 0x8000c000 0x00000001
core   0: 0x8000b348 (0xff9ff06f) j       pc - 0x8
core   0: 3 0x8000b348 (0xff9ff06f)
core   0: 0x8000b340 (0x00001f17) auipc   t5, 0x1
core   0: 3 0x8000b340 (0x00001f17) x30 0x8000c340
core   0: 0x8000b344 (0xcc3f2023) sw      gp, -832(t5)
core   0: 3 0x8000b344 (0xcc3f2023) mem 0x8000c000 0x00000001
core   0: 0x8000b348 (0xff9ff06f) j       pc - 0x8
core   0: 3 0x8000b348 (0xff9ff06f)
core   0: 0x8000b340 (0x00001f17) auipc   t5, 0x1
core   0: 3 0x8000b340 (0x00001f17) x30 0x8000c340
core   0: 0x8000b344 (0xcc3f2023) sw      gp, -832(t5)
core   0: 3 0x8000b344 (0xcc3f2023) mem 0x8000c000 0x00000001
core   0: 0x8000b348 (0xff9ff06f) j       pc - 0x8
core   0: 3 0x8000b348 (0xff9ff06f)
core   0: 0x8000b340 (0x00001f17) auipc   t5, 0x1
core   0: 3 0x8000b340 (0x00001f17) x30 0x8000c340
core   0: 0x8000b344 (0xcc3f2023) sw      gp, -832(t5)
core   0: 3 0x8000b344 (0xcc3f2023) mem 0x8000c000 0x00000001
core   0: 0x8000b348 (0xff9ff06f) j       pc - 0x8
core   0: 3 0x8000b348 (0xff9ff06f)
core   0: 0x8000b340 (0x00001f17) auipc   t5, 0x1
core   0: 3 0x8000b340 (0x00001f17) x30 0x8000c340
core   0: 0x8000b344 (0xcc3f2023) sw      gp, -832(t5)
core   0: 3 0x8000b344 (0xcc3f2023) mem 0x8000c000 0x00000001
core   0: 0x8000b348 (0xff9ff06f) j       pc - 0x8
core   0: 3 0x8000b348 (0xff9ff06f)
core   0: 0x8000b340 (0x00001f17) auipc   t5, 0x1
core   0: 3 0x8000b340 (0x00001f17) x30 0x8000c340
core   0: 0x8000b344 (0xcc3f2023) sw      gp, -832(t5)
core   0: 3 0x8000b344 (0xcc3f2023) mem 0x8000c000 0x00000001
core   0: 0x8000b348 (0xff9ff06f) j       pc - 0x8
core   0: 3 0x8000b348 (0xff9ff06f)
core   0: 0x8000b340 (0x00001f17) auipc   t5, 0x1
core   0: 3 0x8000b340 (0x00001f17) x30 0x8000c340
core   0: 0x8000b344 (0xcc3f2023) sw      gp, -832(t5)
core   0: 3 0x8000b344 (0xcc3f2023) mem 0x8000c000 0x00000001
core   0: 0x8000b348 (0xff9ff06f) j       pc - 0x8
core   0: 3 0x8000b348 (0xff9ff06f)
core   0: 0x8000b340 (0x00001f17) auipc   t5, 0x1
core   0: 3 0x8000b340 (0x00001f17) x30 0x8000c340
core   0: 0x8000b344 (0xcc3f2023) sw      gp, -832(t5)
core   0: 3 0x8000b344 (0xcc3f2023) mem 0x8000c000 0x00000001
core   0: 0x8000b348 (0xff9ff06f) j       pc - 0x8
core   0: 3 0x8000b348 (0xff9ff06f)
core   0: 0x8000b340 (0x00001f17) auipc   t5, 0x1
core   0: 3 0x8000b340 (0x00001f17) x30 0x8000c340
core   0: 0x8000b344 (0xcc3f2023) sw      gp, -832(t5)
core   0: 3 0x8000b344 (0xcc3f2023) mem 0x8000c000 0x00000001
core   0: 0x8000b348 (0xff9ff06f) j       pc - 0x8
core   0: 3 0x8000b348 (0xff9ff06f)
core   0: 0x8000b340 (0x00001f17) auipc   t5, 0x1
core   0: 3 0x8000b340 (0x00001f17) x30 0x8000c340
core   0: 0x8000b344 (0xcc3f2023) sw      gp, -832(t5)
core   0: 3 0x8000b344 (0xcc3f2023) mem 0x8000c000 0x00000001
core   0: 0x8000b348 (0xff9ff06f) j       pc - 0x8
core   0: 3 0x8000b348 (0xff9ff06f)
core   0: 0x8000b340 (0x00001f17) auipc   t5, 0x1
core   0: 3 0x8000b340 (0x00001f17) x30 0x8000c340
core   0: 0x8000b344 (0xcc3f2023) sw      gp, -832(t5)
core   0: 3 0x8000b344 (0xcc3f2023) mem 0x8000c000 0x00000001
core   0: 0x8000b348 (0xff9ff06f) j       pc - 0x8
core   0: 3 0x8000b348 (0xff9ff06f)
core   0: 0x8000b340 (0x00001f17) auipc   t5, 0x1
core   0: 3 0x8000b340 (0x00001f17) x30 0x8000c340
core   0: 0x8000b344 (0xcc3f2023) sw      gp, -832(t5)
core   0: 3 0x8000b344 (0xcc3f2023) mem 0x8000c000 0x00000001
core   0: 0x8000b348 (0xff9ff06f) j       pc - 0x8
core   0: 3 0x8000b348 (0xff9ff06f)
core   0: 0x8000b340 (0x00001f17) auipc   t5, 0x1
core   0: 3 0x8000b340 (0x00001f17) x30 0x8000c340
core   0: 0x8000b344 (0xcc3f2023) sw      gp, -832(t5)
core   0: 3 0x8000b344 (0xcc3f2023) mem 0x8000c000 0x00000001
core   0: 0x8000b348 (0xff9ff06f) j       pc - 0x8
core   0: 3 0x8000b348 (0xff9ff06f)
core   0: 0x8000b340 (0x00001f17) auipc   t5, 0x1
core   0: 3 0x8000b340 (0x00001f17) x30 0x8000c340
core   0: 0x8000b344 (0xcc3f2023) sw      gp, -832(t5)
core   0: 3 0x8000b344 (0xcc3f2023) mem 0x8000c000 0x00000001
core   0: 0x8000b348 (0xff9ff06f) j       pc - 0x8
core   0: 3 0x8000b348 (0xff9ff06f)
core   0: 0x8000b340 (0x00001f17) auipc   t5, 0x1
core   0: 3 0x8000b340 (0x00001f17) x30 0x8000c340
core   0: 0x8000b344 (0xcc3f2023) sw      gp, -832(t5)
core   0: 3 0x8000b344 (0xcc3f2023) mem 0x8000c000 0x00000001
core   0: 0x8000b348 (0xff9ff06f) j       pc - 0x8
core   0: 3 0x8000b348 (0xff9ff06f)
core   0: 0x8000b340 (0x00001f17) auipc   t5, 0x1
core   0: 3 0x8000b340 (0x00001f17) x30 0x8000c340
core   0: 0x8000b344 (0xcc3f2023) sw      gp, -832(t5)
core   0: 3 0x8000b344 (0xcc3f2023) mem 0x8000c000 0x00000001
core   0: 0x8000b348 (0xff9ff06f) j       pc - 0x8
core   0: 3 0x8000b348 (0xff9ff06f)
core   0: 0x8000b340 (0x00001f17) auipc   t5, 0x1
core   0: 3 0x8000b340 (0x00001f17) x30 0x8000c340
core   0: 0x8000b344 (0xcc3f2023) sw      gp, -832(t5)
core   0: 3 0x8000b344 (0xcc3f2023) mem 0x8000c000 0x00000001
core   0: 0x8000b348 (0xff9ff06f) j       pc - 0x8
core   0: 3 0x8000b348 (0xff9ff06f)
core   0: 0x8000b340 (0x00001f17) auipc   t5, 0x1
core   0: 3 0x8000b340 (0x00001f17) x30 0x8000c340
core   0: 0x8000b344 (0xcc3f2023) sw      gp, -832(t5)
core   0: 3 0x8000b344 (0xcc3f2023) mem 0x8000c000 0x00000001
core   0: 0x8000b348 (0xff9ff06f) j       pc - 0x8
core   0: 3 0x8000b348 (0xff9ff06f)
core   0: 0x8000b340 (0x00001f17) auipc   t5, 0x1
core   0: 3 0x8000b340 (0x00001f17) x30 0x8000c340
core   0: 0x8000b344 (0xcc3f2023) sw      gp, -832(t5)
core   0: 3 0x8000b344 (0xcc3f2023) mem 0x8000c000 0x00000001
core   0: 0x8000b348 (0xff9ff06f) j       pc - 0x8
core   0: 3 0x8000b348 (0xff9ff06f)
core   0: 0x8000b340 (0x00001f17) auipc   t5, 0x1
core   0: 3 0x8000b340 (0x00001f17) x30 0x8000c340
core   0: 0x8000b344 (0xcc3f2023) sw      gp, -832(t5)
core   0: 3 0x8000b344 (0xcc3f2023) mem 0x8000c000 0x00000001
core   0: 0x8000b348 (0xff9ff06f) j       pc - 0x8
core   0: 3 0x8000b348 (0xff9ff06f)
core   0: 0x8000b340 (0x00001f17) auipc   t5, 0x1
core   0: 3 0x8000b340 (0x00001f17) x30 0x8000c340
core   0: 0x8000b344 (0xcc3f2023) sw      gp, -832(t5)
core   0: 3 0x8000b344 (0xcc3f2023) mem 0x8000c000 0x00000001
core   0: 0x8000b348 (0xff9ff06f) j       pc - 0x8
core   0: 3 0x8000b348 (0xff9ff06f)
core   0: 0x8000b340 (0x00001f17) auipc   t5, 0x1
core   0: 3 0x8000b340 (0x00001f17) x30 0x8000c340
core   0: 0x8000b344 (0xcc3f2023) sw      gp, -832(t5)
core   0: 3 0x8000b344 (0xcc3f2023) mem 0x8000c000 0x00000001
core   0: 0x8000b348 (0xff9ff06f) j       pc - 0x8
core   0: 3 0x8000b348 (0xff9ff06f)
core   0: 0x8000b340 (0x00001f17) auipc   t5, 0x1
core   0: 3 0x8000b340 (0x00001f17) x30 0x8000c340
core   0: 0x8000b344 (0xcc3f2023) sw      gp, -832(t5)
core   0: 3 0x8000b344 (0xcc3f2023) mem 0x8000c000 0x00000001
core   0: 0x8000b348 (0xff9ff06f) j       pc - 0x8
core   0: 3 0x8000b348 (0xff9ff06f)
core   0: 0x8000b340 (0x00001f17) auipc   t5, 0x1
core   0: 3 0x8000b340 (0x00001f17) x30 0x8000c340
core   0: 0x8000b344 (0xcc3f2023) sw      gp, -832(t5)
core   0: 3 0x8000b344 (0xcc3f2023) mem 0x8000c000 0x00000001
core   0: 0x8000b348 (0xff9ff06f) j       pc - 0x8
core   0: 3 0x8000b348 (0xff9ff06f)
core   0: 0x8000b340 (0x00001f17) auipc   t5, 0x1
core   0: 3 0x8000b340 (0x00001f17) x30 0x8000c340
core   0: 0x8000b344 (0xcc3f2023) sw      gp, -832(t5)
core   0: 3 0x8000b344 (0xcc3f2023) mem 0x8000c000 0x00000001
core   0: 0x8000b348 (0xff9ff06f) j       pc - 0x8
core   0: 3 0x8000b348 (0xff9ff06f)
core   0: 0x8000b340 (0x00001f17) auipc   t5, 0x1
core   0: 3 0x8000b340 (0x00001f17) x30 0x8000c340
core   0: 0x8000b344 (0xcc3f2023) sw      gp, -832(t5)
core   0: 3 0x8000b344 (0xcc3f2023) mem 0x8000c000 0x00000001
core   0: 0x8000b348 (0xff9ff06f) j       pc - 0x8
core   0: 3 0x8000b348 (0xff9ff06f)
core   0: 0x8000b340 (0x00001f17) auipc   t5, 0x1
core   0: 3 0x8000b340 (0x00001f17) x30 0x8000c340
core   0: 0x8000b344 (0xcc3f2023) sw      gp, -832(t5)
core   0: 3 0x8000b344 (0xcc3f2023) mem 0x8000c000 0x00000001
core   0: 0x8000b348 (0xff9ff06f) j       pc - 0x8
core   0: 3 0x8000b348 (0xff9ff06f)
core   0: 0x8000b340 (0x00001f17) auipc   t5, 0x1
core   0: 3 0x8000b340 (0x00001f17) x30 0x8000c340
core   0: 0x8000b344 (0xcc3f2023) sw      gp, -832(t5)
core   0: 3 0x8000b344 (0xcc3f2023) mem 0x8000c000 0x00000001
core   0: 0x8000b348 (0xff9ff06f) j       pc - 0x8
core   0: 3 0x8000b348 (0xff9ff06f)
core   0: 0x8000b340 (0x00001f17) auipc   t5, 0x1
core   0: 3 0x8000b340 (0x00001f17) x30 0x8000c340
core   0: 0x8000b344 (0xcc3f2023) sw      gp, -832(t5)
core   0: 3 0x8000b344 (0xcc3f2023) mem 0x8000c000 0x00000001
core   0: 0x8000b348 (0xff9ff06f) j       pc - 0x8
core   0: 3 0x8000b348 (0xff9ff06f)
core   0: 0x8000b340 (0x00001f17) auipc   t5, 0x1
core   0: 3 0x8000b340 (0x00001f17) x30 0x8000c340
core   0: 0x8000b344 (0xcc3f2023) sw      gp, -832(t5)
core   0: 3 0x8000b344 (0xcc3f2023) mem 0x8000c000 0x00000001
core   0: 0x8000b348 (0xff9ff06f) j       pc - 0x8
core   0: 3 0x8000b348 (0xff9ff06f)
core   0: 0x8000b340 (0x00001f17) auipc   t5, 0x1
core   0: 3 0x8000b340 (0x00001f17) x30 0x8000c340
core   0: 0x8000b344 (0xcc3f2023) sw      gp, -832(t5)
core   0: 3 0x8000b344 (0xcc3f2023) mem 0x8000c000 0x00000001
core   0: 0x8000b348 (0xff9ff06f) j       pc - 0x8
core   0: 3 0x8000b348 (0xff9ff06f)
core   0: 0x8000b340 (0x00001f17) auipc   t5, 0x1
core   0: 3 0x8000b340 (0x00001f17) x30 0x8000c340
core   0: 0x8000b344 (0xcc3f2023) sw      gp, -832(t5)
core   0: 3 0x8000b344 (0xcc3f2023) mem 0x8000c000 0x00000001
core   0: 0x8000b348 (0xff9ff06f) j       pc - 0x8
core   0: 3 0x8000b348 (0xff9ff06f)
core   0: 0x8000b340 (0x00001f17) auipc   t5, 0x1
core   0: 3 0x8000b340 (0x00001f17) x30 0x8000c340
core   0: 0x8000b344 (0xcc3f2023) sw      gp, -832(t5)
core   0: 3 0x8000b344 (0xcc3f2023) mem 0x8000c000 0x00000001
core   0: 0x8000b348 (0xff9ff06f) j       pc - 0x8
core   0: 3 0x8000b348 (0xff9ff06f)
core   0: 0x8000b340 (0x00001f17) auipc   t5, 0x1
core   0: 3 0x8000b340 (0x00001f17) x30 0x8000c340
core   0: 0x8000b344 (0xcc3f2023) sw      gp, -832(t5)
core   0: 3 0x8000b344 (0xcc3f2023) mem 0x8000c000 0x00000001
core   0: 0x8000b348 (0xff9ff06f) j       pc - 0x8
core   0: 3 0x8000b348 (0xff9ff06f)
core   0: 0x8000b340 (0x00001f17) auipc   t5, 0x1
core   0: 3 0x8000b340 (0x00001f17) x30 0x8000c340
core   0: 0x8000b344 (0xcc3f2023) sw      gp, -832(t5)
core   0: 3 0x8000b344 (0xcc3f2023) mem 0x8000c000 0x00000001
core   0: 0x8000b348 (0xff9ff06f) j       pc - 0x8
core   0: 3 0x8000b348 (0xff9ff06f)
core   0: 0x8000b340 (0x00001f17) auipc   t5, 0x1
core   0: 3 0x8000b340 (0x00001f17) x30 0x8000c340
core   0: 0x8000b344 (0xcc3f2023) sw      gp, -832(t5)
core   0: 3 0x8000b344 (0xcc3f2023) mem 0x8000c000 0x00000001
core   0: 0x8000b348 (0xff9ff06f) j       pc - 0x8
core   0: 3 0x8000b348 (0xff9ff06f)
core   0: 0x8000b340 (0x00001f17) auipc   t5, 0x1
core   0: 3 0x8000b340 (0x00001f17) x30 0x8000c340
core   0: 0x8000b344 (0xcc3f2023) sw      gp, -832(t5)
core   0: 3 0x8000b344 (0xcc3f2023) mem 0x8000c000 0x00000001
core   0: 0x8000b348 (0xff9ff06f) j       pc - 0x8
core   0: 3 0x8000b348 (0xff9ff06f)
core   0: 0x8000b340 (0x00001f17) auipc   t5, 0x1
core   0: 3 0x8000b340 (0x00001f17) x30 0x8000c340
core   0: 0x8000b344 (0xcc3f2023) sw      gp, -832(t5)
core   0: 3 0x8000b344 (0xcc3f2023) mem 0x8000c000 0x00000001
core   0: 0x8000b348 (0xff9ff06f) j       pc - 0x8
core   0: 3 0x8000b348 (0xff9ff06f)
core   0: 0x8000b340 (0x00001f17) auipc   t5, 0x1
core   0: 3 0x8000b340 (0x00001f17) x30 0x8000c340
core   0: 0x8000b344 (0xcc3f2023) sw      gp, -832(t5)
core   0: 3 0x8000b344 (0xcc3f2023) mem 0x8000c000 0x00000001
core   0: 0x8000b348 (0xff9ff06f) j       pc - 0x8
core   0: 3 0x8000b348 (0xff9ff06f)
core   0: 0x8000b340 (0x00001f17) auipc   t5, 0x1
core   0: 3 0x8000b340 (0x00001f17) x30 0x8000c340
core   0: 0x8000b344 (0xcc3f2023) sw      gp, -832(t5)
core   0: 3 0x8000b344 (0xcc3f2023) mem 0x8000c000 0x00000001
core   0: 0x8000b348 (0xff9ff06f) j       pc - 0x8
core   0: 3 0x8000b348 (0xff9ff06f)
core   0: 0x8000b340 (0x00001f17) auipc   t5, 0x1
core   0: 3 0x8000b340 (0x00001f17) x30 0x8000c340
core   0: 0x8000b344 (0xcc3f2023) sw      gp, -832(t5)
core   0: 3 0x8000b344 (0xcc3f2023) mem 0x8000c000 0x00000001
core   0: 0x8000b348 (0xff9ff06f) j       pc - 0x8
core   0: 3 0x8000b348 (0xff9ff06f)
core   0: 0x8000b340 (0x00001f17) auipc   t5, 0x1
core   0: 3 0x8000b340 (0x00001f17) x30 0x8000c340
core   0: 0x8000b344 (0xcc3f2023) sw      gp, -832(t5)
core   0: 3 0x8000b344 (0xcc3f2023) mem 0x8000c000 0x00000001
core   0: 0x8000b348 (0xff9ff06f) j       pc - 0x8
core   0: 3 0x8000b348 (0xff9ff06f)
core   0: 0x8000b340 (0x00001f17) auipc   t5, 0x1
core   0: 3 0x8000b340 (0x00001f17) x30 0x8000c340
core   0: 0x8000b344 (0xcc3f2023) sw      gp, -832(t5)
core   0: 3 0x8000b344 (0xcc3f2023) mem 0x8000c000 0x00000001
core   0: 0x8000b348 (0xff9ff06f) j       pc - 0x8
core   0: 3 0x8000b348 (0xff9ff06f)
core   0: 0x8000b340 (0x00001f17) auipc   t5, 0x1
core   0: 3 0x8000b340 (0x00001f17) x30 0x8000c340
core   0: 0x8000b344 (0xcc3f2023) sw      gp, -832(t5)
core   0: 3 0x8000b344 (0xcc3f2023) mem 0x8000c000 0x00000001
core   0: 0x8000b348 (0xff9ff06f) j       pc - 0x8
core   0: 3 0x8000b348 (0xff9ff06f)
core   0: 0x8000b340 (0x00001f17) auipc   t5, 0x1
core   0: 3 0x8000b340 (0x00001f17) x30 0x8000c340
core   0: 0x8000b344 (0xcc3f2023) sw      gp, -832(t5)
core   0: 3 0x8000b344 (0xcc3f2023) mem 0x8000c000 0x00000001
core   0: 0x8000b348 (0xff9ff06f) j       pc - 0x8
core   0: 3 0x8000b348 (0xff9ff06f)
core   0: 0x8000b340 (0x00001f17) auipc   t5, 0x1
core   0: 3 0x8000b340 (0x00001f17) x30 0x8000c340
core   0: 0x8000b344 (0xcc3f2023) sw      gp, -832(t5)
core   0: 3 0x8000b344 (0xcc3f2023) mem 0x8000c000 0x00000001
core   0: 0x8000b348 (0xff9ff06f) j       pc - 0x8
core   0: 3 0x8000b348 (0xff9ff06f)
core   0: 0x8000b340 (0x00001f17) auipc   t5, 0x1
core   0: 3 0x8000b340 (0x00001f17) x30 0x8000c340
core   0: 0x8000b344 (0xcc3f2023) sw      gp, -832(t5)
core   0: 3 0x8000b344 (0xcc3f2023) mem 0x8000c000 0x00000001
core   0: 0x8000b348 (0xff9ff06f) j       pc - 0x8
core   0: 3 0x8000b348 (0xff9ff06f)
core   0: 0x8000b340 (0x00001f17) auipc   t5, 0x1
core   0: 3 0x8000b340 (0x00001f17) x30 0x8000c340
core   0: 0x8000b344 (0xcc3f2023) sw      gp, -832(t5)
core   0: 3 0x8000b344 (0xcc3f2023) mem 0x8000c000 0x00000001
core   0: 0x8000b348 (0xff9ff06f) j       pc - 0x8
core   0: 3 0x8000b348 (0xff9ff06f)
core   0: 0x8000b340 (0x00001f17) auipc   t5, 0x1
core   0: 3 0x8000b340 (0x00001f17) x30 0x8000c340
core   0: 0x8000b344 (0xcc3f2023) sw      gp, -832(t5)
core   0: 3 0x8000b344 (0xcc3f2023) mem 0x8000c000 0x00000001
core   0: 0x8000b348 (0xff9ff06f) j       pc - 0x8
core   0: 3 0x8000b348 (0xff9ff06f)
core   0: 0x8000b340 (0x00001f17) auipc   t5, 0x1
core   0: 3 0x8000b340 (0x00001f17) x30 0x8000c340
core   0: 0x8000b344 (0xcc3f2023) sw      gp, -832(t5)
core   0: 3 0x8000b344 (0xcc3f2023) mem 0x8000c000 0x00000001
core   0: 0x8000b348 (0xff9ff06f) j       pc - 0x8
core   0: 3 0x8000b348 (0xff9ff06f)
core   0: 0x8000b340 (0x00001f17) auipc   t5, 0x1
core   0: 3 0x8000b340 (0x00001f17) x30 0x8000c340
core   0: 0x8000b344 (0xcc3f2023) sw      gp, -832(t5)
core   0: 3 0x8000b344 (0xcc3f2023) mem 0x8000c000 0x00000001
core   0: 0x8000b348 (0xff9ff06f) j       pc - 0x8
core   0: 3 0x8000b348 (0xff9ff06f)
core   0: 0x8000b340 (0x00001f17) auipc   t5, 0x1
core   0: 3 0x8000b340 (0x00001f17) x30 0x8000c340
core   0: 0x8000b344 (0xcc3f2023) sw      gp, -832(t5)
core   0: 3 0x8000b344 (0xcc3f2023) mem 0x8000c000 0x00000001
core   0: 0x8000b348 (0xff9ff06f) j       pc - 0x8
core   0: 3 0x8000b348 (0xff9ff06f)
core   0: 0x8000b340 (0x00001f17) auipc   t5, 0x1
core   0: 3 0x8000b340 (0x00001f17) x30 0x8000c340
core   0: 0x8000b344 (0xcc3f2023) sw      gp, -832(t5)
core   0: 3 0x8000b344 (0xcc3f2023) mem 0x8000c000 0x00000001
core   0: 0x8000b348 (0xff9ff06f) j       pc - 0x8
core   0: 3 0x8000b348 (0xff9ff06f)
core   0: 0x8000b340 (0x00001f17) auipc   t5, 0x1
core   0: 3 0x8000b340 (0x00001f17) x30 0x8000c340
core   0: 0x8000b344 (0xcc3f2023) sw      gp, -832(t5)
core   0: 3 0x8000b344 (0xcc3f2023) mem 0x8000c000 0x00000001
core   0: 0x8000b348 (0xff9ff06f) j       pc - 0x8
core   0: 3 0x8000b348 (0xff9ff06f)
core   0: 0x8000b340 (0x00001f17) auipc   t5, 0x1
core   0: 3 0x8000b340 (0x00001f17) x30 0x8000c340
core   0: 0x8000b344 (0xcc3f2023) sw      gp, -832(t5)
core   0: 3 0x8000b344 (0xcc3f2023) mem 0x8000c000 0x00000001
core   0: 0x8000b348 (0xff9ff06f) j       pc - 0x8
core   0: 3 0x8000b348 (0xff9ff06f)
core   0: 0x8000b340 (0x00001f17) auipc   t5, 0x1
core   0: 3 0x8000b340 (0x00001f17) x30 0x8000c340
core   0: 0x8000b344 (0xcc3f2023) sw      gp, -832(t5)
core   0: 3 0x8000b344 (0xcc3f2023) mem 0x8000c000 0x00000001
core   0: 0x8000b348 (0xff9ff06f) j       pc - 0x8
core   0: 3 0x8000b348 (0xff9ff06f)
core   0: 0x8000b340 (0x00001f17) auipc   t5, 0x1
core   0: 3 0x8000b340 (0x00001f17) x30 0x8000c340
core   0: 0x8000b344 (0xcc3f2023) sw      gp, -832(t5)
core   0: 3 0x8000b344 (0xcc3f2023) mem 0x8000c000 0x00000001
core   0: 0x8000b348 (0xff9ff06f) j       pc - 0x8
core   0: 3 0x8000b348 (0xff9ff06f)
core   0: 0x8000b340 (0x00001f17) auipc   t5, 0x1
core   0: 3 0x8000b340 (0x00001f17) x30 0x8000c340
core   0: 0x8000b344 (0xcc3f2023) sw      gp, -832(t5)
core   0: 3 0x8000b344 (0xcc3f2023) mem 0x8000c000 0x00000001
core   0: 0x8000b348 (0xff9ff06f) j       pc - 0x8
core   0: 3 0x8000b348 (0xff9ff06f)
core   0: 0x8000b340 (0x00001f17) auipc   t5, 0x1
core   0: 3 0x8000b340 (0x00001f17) x30 0x8000c340
core   0: 0x8000b344 (0xcc3f2023) sw      gp, -832(t5)
core   0: 3 0x8000b344 (0xcc3f2023) mem 0x8000c000 0x00000001
core   0: 0x8000b348 (0xff9ff06f) j       pc - 0x8
core   0: 3 0x8000b348 (0xff9ff06f)
core   0: 0x8000b340 (0x00001f17) auipc   t5, 0x1
core   0: 3 0x8000b340 (0x00001f17) x30 0x8000c340
core   0: 0x8000b344 (0xcc3f2023) sw      gp, -832(t5)
core   0: 3 0x8000b344 (0xcc3f2023) mem 0x8000c000 0x00000001
core   0: 0x8000b348 (0xff9ff06f) j       pc - 0x8
core   0: 3 0x8000b348 (0xff9ff06f)
core   0: 0x8000b340 (0x00001f17) auipc   t5, 0x1
core   0: 3 0x8000b340 (0x00001f17) x30 0x8000c340
core   0: 0x8000b344 (0xcc3f2023) sw      gp, -832(t5)
core   0: 3 0x8000b344 (0xcc3f2023) mem 0x8000c000 0x00000001
core   0: 0x8000b348 (0xff9ff06f) j       pc - 0x8
core   0: 3 0x8000b348 (0xff9ff06f)
core   0: 0x8000b340 (0x00001f17) auipc   t5, 0x1
core   0: 3 0x8000b340 (0x00001f17) x30 0x8000c340
core   0: 0x8000b344 (0xcc3f2023) sw      gp, -832(t5)
core   0: 3 0x8000b344 (0xcc3f2023) mem 0x8000c000 0x00000001
core   0: 0x8000b348 (0xff9ff06f) j       pc - 0x8
core   0: 3 0x8000b348 (0xff9ff06f)
core   0: 0x8000b340 (0x00001f17) auipc   t5, 0x1
core   0: 3 0x8000b340 (0x00001f17) x30 0x8000c340
core   0: 0x8000b344 (0xcc3f2023) sw      gp, -832(t5)
core   0: 3 0x8000b344 (0xcc3f2023) mem 0x8000c000 0x00000001
core   0: 0x8000b348 (0xff9ff06f) j       pc - 0x8
core   0: 3 0x8000b348 (0xff9ff06f)
core   0: 0x8000b340 (0x00001f17) auipc   t5, 0x1
core   0: 3 0x8000b340 (0x00001f17) x30 0x8000c340
core   0: 0x8000b344 (0xcc3f2023) sw      gp, -832(t5)
core   0: 3 0x8000b344 (0xcc3f2023) mem 0x8000c000 0x00000001
core   0: 0x8000b348 (0xff9ff06f) j       pc - 0x8
core   0: 3 0x8000b348 (0xff9ff06f)
core   0: 0x8000b340 (0x00001f17) auipc   t5, 0x1
core   0: 3 0x8000b340 (0x00001f17) x30 0x8000c340
core   0: 0x8000b344 (0xcc3f2023) sw      gp, -832(t5)
core   0: 3 0x8000b344 (0xcc3f2023) mem 0x8000c000 0x00000001
core   0: 0x8000b348 (0xff9ff06f) j       pc - 0x8
core   0: 3 0x8000b348 (0xff9ff06f)
core   0: 0x8000b340 (0x00001f17) auipc   t5, 0x1
core   0: 3 0x8000b340 (0x00001f17) x30 0x8000c340
core   0: 0x8000b344 (0xcc3f2023) sw      gp, -832(t5)
core   0: 3 0x8000b344 (0xcc3f2023) mem 0x8000c000 0x00000001
core   0: 0x8000b348 (0xff9ff06f) j       pc - 0x8
core   0: 3 0x8000b348 (0xff9ff06f)
core   0: 0x8000b340 (0x00001f17) auipc   t5, 0x1
core   0: 3 0x8000b340 (0x00001f17) x30 0x8000c340
core   0: 0x8000b344 (0xcc3f2023) sw      gp, -832(t5)
core   0: 3 0x8000b344 (0xcc3f2023) mem 0x8000c000 0x00000001
core   0: 0x8000b348 (0xff9ff06f) j       pc - 0x8
core   0: 3 0x8000b348 (0xff9ff06f)
core   0: 0x8000b340 (0x00001f17) auipc   t5, 0x1
core   0: 3 0x8000b340 (0x00001f17) x30 0x8000c340
core   0: 0x8000b344 (0xcc3f2023) sw      gp, -832(t5)
core   0: 3 0x8000b344 (0xcc3f2023) mem 0x8000c000 0x00000001
core   0: 0x8000b348 (0xff9ff06f) j       pc - 0x8
core   0: 3 0x8000b348 (0xff9ff06f)
core   0: 0x8000b340 (0x00001f17) auipc   t5, 0x1
core   0: 3 0x8000b340 (0x00001f17) x30 0x8000c340
core   0: 0x8000b344 (0xcc3f2023) sw      gp, -832(t5)
core   0: 3 0x8000b344 (0xcc3f2023) mem 0x8000c000 0x00000001
core   0: 0x8000b348 (0xff9ff06f) j       pc - 0x8
core   0: 3 0x8000b348 (0xff9ff06f)
core   0: 0x8000b340 (0x00001f17) auipc   t5, 0x1
core   0: 3 0x8000b340 (0x00001f17) x30 0x8000c340
core   0: 0x8000b344 (0xcc3f2023) sw      gp, -832(t5)
core   0: 3 0x8000b344 (0xcc3f2023) mem 0x8000c000 0x00000001
core   0: 0x8000b348 (0xff9ff06f) j       pc - 0x8
core   0: 3 0x8000b348 (0xff9ff06f)
core   0: 0x8000b340 (0x00001f17) auipc   t5, 0x1
core   0: 3 0x8000b340 (0x00001f17) x30 0x8000c340
core   0: 0x8000b344 (0xcc3f2023) sw      gp, -832(t5)
core   0: 3 0x8000b344 (0xcc3f2023) mem 0x8000c000 0x00000001
core   0: 0x8000b348 (0xff9ff06f) j       pc - 0x8
core   0: 3 0x8000b348 (0xff9ff06f)
core   0: 0x8000b340 (0x00001f17) auipc   t5, 0x1
core   0: 3 0x8000b340 (0x00001f17) x30 0x8000c340
core   0: 0x8000b344 (0xcc3f2023) sw      gp, -832(t5)
core   0: 3 0x8000b344 (0xcc3f2023) mem 0x8000c000 0x00000001
core   0: 0x8000b348 (0xff9ff06f) j       pc - 0x8
core   0: 3 0x8000b348 (0xff9ff06f)
core   0: 0x8000b340 (0x00001f17) auipc   t5, 0x1
core   0: 3 0x8000b340 (0x00001f17) x30 0x8000c340
core   0: 0x8000b344 (0xcc3f2023) sw      gp, -832(t5)
core   0: 3 0x8000b344 (0xcc3f2023) mem 0x8000c000 0x00000001
core   0: 0x8000b348 (0xff9ff06f) j       pc - 0x8
core   0: 3 0x8000b348 (0xff9ff06f)
core   0: 0x8000b340 (0x00001f17) auipc   t5, 0x1
core   0: 3 0x8000b340 (0x00001f17) x30 0x8000c340
core   0: 0x8000b344 (0xcc3f2023) sw      gp, -832(t5)
core   0: 3 0x8000b344 (0xcc3f2023) mem 0x8000c000 0x00000001
core   0: 0x8000b348 (0xff9ff06f) j       pc - 0x8
core   0: 3 0x8000b348 (0xff9ff06f)
core   0: 0x8000b340 (0x00001f17) auipc   t5, 0x1
core   0: 3 0x8000b340 (0x00001f17) x30 0x8000c340
core   0: 0x8000b344 (0xcc3f2023) sw      gp, -832(t5)
core   0: 3 0x8000b344 (0xcc3f2023) mem 0x8000c000 0x00000001
core   0: 0x8000b348 (0xff9ff06f) j       pc - 0x8
core   0: 3 0x8000b348 (0xff9ff06f)
core   0: 0x8000b340 (0x00001f17) auipc   t5, 0x1
core   0: 3 0x8000b340 (0x00001f17) x30 0x8000c340
core   0: 0x8000b344 (0xcc3f2023) sw      gp, -832(t5)
core   0: 3 0x8000b344 (0xcc3f2023) mem 0x8000c000 0x00000001
core   0: 0x8000b348 (0xff9ff06f) j       pc - 0x8
core   0: 3 0x8000b348 (0xff9ff06f)
core   0: 0x8000b340 (0x00001f17) auipc   t5, 0x1
core   0: 3 0x8000b340 (0x00001f17) x30 0x8000c340
core   0: 0x8000b344 (0xcc3f2023) sw      gp, -832(t5)
core   0: 3 0x8000b344 (0xcc3f2023) mem 0x8000c000 0x00000001
core   0: 0x8000b348 (0xff9ff06f) j       pc - 0x8
core   0: 3 0x8000b348 (0xff9ff06f)
core   0: 0x8000b340 (0x00001f17) auipc   t5, 0x1
core   0: 3 0x8000b340 (0x00001f17) x30 0x8000c340
core   0: 0x8000b344 (0xcc3f2023) sw      gp, -832(t5)
core   0: 3 0x8000b344 (0xcc3f2023) mem 0x8000c000 0x00000001
core   0: 0x8000b348 (0xff9ff06f) j       pc - 0x8
core   0: 3 0x8000b348 (0xff9ff06f)
core   0: 0x8000b340 (0x00001f17) auipc   t5, 0x1
core   0: 3 0x8000b340 (0x00001f17) x30 0x8000c340
core   0: 0x8000b344 (0xcc3f2023) sw      gp, -832(t5)
core   0: 3 0x8000b344 (0xcc3f2023) mem 0x8000c000 0x00000001
core   0: 0x8000b348 (0xff9ff06f) j       pc - 0x8
core   0: 3 0x8000b348 (0xff9ff06f)
core   0: 0x8000b340 (0x00001f17) auipc   t5, 0x1
core   0: 3 0x8000b340 (0x00001f17) x30 0x8000c340
core   0: 0x8000b344 (0xcc3f2023) sw      gp, -832(t5)
core   0: 3 0x8000b344 (0xcc3f2023) mem 0x8000c000 0x00000001
core   0: 0x8000b348 (0xff9ff06f) j       pc - 0x8
core   0: 3 0x8000b348 (0xff9ff06f)
core   0: 0x8000b340 (0x00001f17) auipc   t5, 0x1
core   0: 3 0x8000b340 (0x00001f17) x30 0x8000c340
core   0: 0x8000b344 (0xcc3f2023) sw      gp, -832(t5)
core   0: 3 0x8000b344 (0xcc3f2023) mem 0x8000c000 0x00000001
core   0: 0x8000b348 (0xff9ff06f) j       pc - 0x8
core   0: 3 0x8000b348 (0xff9ff06f)
core   0: 0x8000b340 (0x00001f17) auipc   t5, 0x1
core   0: 3 0x8000b340 (0x00001f17) x30 0x8000c340
core   0: 0x8000b344 (0xcc3f2023) sw      gp, -832(t5)
core   0: 3 0x8000b344 (0xcc3f2023) mem 0x8000c000 0x00000001
core   0: 0x8000b348 (0xff9ff06f) j       pc - 0x8
core   0: 3 0x8000b348 (0xff9ff06f)
core   0: 0x8000b340 (0x00001f17) auipc   t5, 0x1
core   0: 3 0x8000b340 (0x00001f17) x30 0x8000c340
core   0: 0x8000b344 (0xcc3f2023) sw      gp, -832(t5)
core   0: 3 0x8000b344 (0xcc3f2023) mem 0x8000c000 0x00000001
core   0: 0x8000b348 (0xff9ff06f) j       pc - 0x8
core   0: 3 0x8000b348 (0xff9ff06f)
core   0: 0x8000b340 (0x00001f17) auipc   t5, 0x1
core   0: 3 0x8000b340 (0x00001f17) x30 0x8000c340
core   0: 0x8000b344 (0xcc3f2023) sw      gp, -832(t5)
core   0: 3 0x8000b344 (0xcc3f2023) mem 0x8000c000 0x00000001
core   0: 0x8000b348 (0xff9ff06f) j       pc - 0x8
core   0: 3 0x8000b348 (0xff9ff06f)
core   0: 0x8000b340 (0x00001f17) auipc   t5, 0x1
core   0: 3 0x8000b340 (0x00001f17) x30 0x8000c340
core   0: 0x8000b344 (0xcc3f2023) sw      gp, -832(t5)
core   0: 3 0x8000b344 (0xcc3f2023) mem 0x8000c000 0x00000001
core   0: 0x8000b348 (0xff9ff06f) j       pc - 0x8
core   0: 3 0x8000b348 (0xff9ff06f)
core   0: 0x8000b340 (0x00001f17) auipc   t5, 0x1
core   0: 3 0x8000b340 (0x00001f17) x30 0x8000c340
core   0: 0x8000b344 (0xcc3f2023) sw      gp, -832(t5)
core   0: 3 0x8000b344 (0xcc3f2023) mem 0x8000c000 0x00000001
core   0: 0x8000b348 (0xff9ff06f) j       pc - 0x8
core   0: 3 0x8000b348 (0xff9ff06f)
core   0: 0x8000b340 (0x00001f17) auipc   t5, 0x1
core   0: 3 0x8000b340 (0x00001f17) x30 0x8000c340
core   0: 0x8000b344 (0xcc3f2023) sw      gp, -832(t5)
core   0: 3 0x8000b344 (0xcc3f2023) mem 0x8000c000 0x00000001
core   0: 0x8000b348 (0xff9ff06f) j       pc - 0x8
core   0: 3 0x8000b348 (0xff9ff06f)
core   0: 0x8000b340 (0x00001f17) auipc   t5, 0x1
core   0: 3 0x8000b340 (0x00001f17) x30 0x8000c340
core   0: 0x8000b344 (0xcc3f2023) sw      gp, -832(t5)
core   0: 3 0x8000b344 (0xcc3f2023) mem 0x8000c000 0x00000001
core   0: 0x8000b348 (0xff9ff06f) j       pc - 0x8
core   0: 3 0x8000b348 (0xff9ff06f)
core   0: 0x8000b340 (0x00001f17) auipc   t5, 0x1
core   0: 3 0x8000b340 (0x00001f17) x30 0x8000c340
core   0: 0x8000b344 (0xcc3f2023) sw      gp, -832(t5)
core   0: 3 0x8000b344 (0xcc3f2023) mem 0x8000c000 0x00000001
core   0: 0x8000b348 (0xff9ff06f) j       pc - 0x8
core   0: 3 0x8000b348 (0xff9ff06f)
core   0: 0x8000b340 (0x00001f17) auipc   t5, 0x1
core   0: 3 0x8000b340 (0x00001f17) x30 0x8000c340
core   0: 0x8000b344 (0xcc3f2023) sw      gp, -832(t5)
core   0: 3 0x8000b344 (0xcc3f2023) mem 0x8000c000 0x00000001
core   0: 0x8000b348 (0xff9ff06f) j       pc - 0x8
core   0: 3 0x8000b348 (0xff9ff06f)
core   0: 0x8000b340 (0x00001f17) auipc   t5, 0x1
core   0: 3 0x8000b340 (0x00001f17) x30 0x8000c340
core   0: 0x8000b344 (0xcc3f2023) sw      gp, -832(t5)
core   0: 3 0x8000b344 (0xcc3f2023) mem 0x8000c000 0x00000001
core   0: 0x8000b348 (0xff9ff06f) j       pc - 0x8
core   0: 3 0x8000b348 (0xff9ff06f)
core   0: 0x8000b340 (0x00001f17) auipc   t5, 0x1
core   0: 3 0x8000b340 (0x00001f17) x30 0x8000c340
core   0: 0x8000b344 (0xcc3f2023) sw      gp, -832(t5)
core   0: 3 0x8000b344 (0xcc3f2023) mem 0x8000c000 0x00000001
core   0: 0x8000b348 (0xff9ff06f) j       pc - 0x8
core   0: 3 0x8000b348 (0xff9ff06f)
core   0: 0x8000b340 (0x00001f17) auipc   t5, 0x1
core   0: 3 0x8000b340 (0x00001f17) x30 0x8000c340
core   0: 0x8000b344 (0xcc3f2023) sw      gp, -832(t5)
core   0: 3 0x8000b344 (0xcc3f2023) mem 0x8000c000 0x00000001
core   0: 0x8000b348 (0xff9ff06f) j       pc - 0x8
core   0: 3 0x8000b348 (0xff9ff06f)
core   0: 0x8000b340 (0x00001f17) auipc   t5, 0x1
core   0: 3 0x8000b340 (0x00001f17) x30 0x8000c340
core   0: 0x8000b344 (0xcc3f2023) sw      gp, -832(t5)
core   0: 3 0x8000b344 (0xcc3f2023) mem 0x8000c000 0x00000001
core   0: 0x8000b348 (0xff9ff06f) j       pc - 0x8
core   0: 3 0x8000b348 (0xff9ff06f)
core   0: 0x8000b340 (0x00001f17) auipc   t5, 0x1
core   0: 3 0x8000b340 (0x00001f17) x30 0x8000c340
core   0: 0x8000b344 (0xcc3f2023) sw      gp, -832(t5)
core   0: 3 0x8000b344 (0xcc3f2023) mem 0x8000c000 0x00000001
core   0: 0x8000b348 (0xff9ff06f) j       pc - 0x8
core   0: 3 0x8000b348 (0xff9ff06f)
core   0: 0x8000b340 (0x00001f17) auipc   t5, 0x1
core   0: 3 0x8000b340 (0x00001f17) x30 0x8000c340
core   0: 0x8000b344 (0xcc3f2023) sw      gp, -832(t5)
core   0: 3 0x8000b344 (0xcc3f2023) mem 0x8000c000 0x00000001
core   0: 0x8000b348 (0xff9ff06f) j       pc - 0x8
core   0: 3 0x8000b348 (0xff9ff06f)
core   0: 0x8000b340 (0x00001f17) auipc   t5, 0x1
core   0: 3 0x8000b340 (0x00001f17) x30 0x8000c340
core   0: 0x8000b344 (0xcc3f2023) sw      gp, -832(t5)
core   0: 3 0x8000b344 (0xcc3f2023) mem 0x8000c000 0x00000001
core   0: 0x8000b348 (0xff9ff06f) j       pc - 0x8
core   0: 3 0x8000b348 (0xff9ff06f)
core   0: 0x8000b340 (0x00001f17) auipc   t5, 0x1
core   0: 3 0x8000b340 (0x00001f17) x30 0x8000c340
core   0: 0x8000b344 (0xcc3f2023) sw      gp, -832(t5)
core   0: 3 0x8000b344 (0xcc3f2023) mem 0x8000c000 0x00000001
core   0: 0x8000b348 (0xff9ff06f) j       pc - 0x8
core   0: 3 0x8000b348 (0xff9ff06f)
core   0: 0x8000b340 (0x00001f17) auipc   t5, 0x1
core   0: 3 0x8000b340 (0x00001f17) x30 0x8000c340
core   0: 0x8000b344 (0xcc3f2023) sw      gp, -832(t5)
core   0: 3 0x8000b344 (0xcc3f2023) mem 0x8000c000 0x00000001
core   0: 0x8000b348 (0xff9ff06f) j       pc - 0x8
core   0: 3 0x8000b348 (0xff9ff06f)
core   0: 0x8000b340 (0x00001f17) auipc   t5, 0x1
core   0: 3 0x8000b340 (0x00001f17) x30 0x8000c340
core   0: 0x8000b344 (0xcc3f2023) sw      gp, -832(t5)
core   0: 3 0x8000b344 (0xcc3f2023) mem 0x8000c000 0x00000001
core   0: 0x8000b348 (0xff9ff06f) j       pc - 0x8
core   0: 3 0x8000b348 (0xff9ff06f)
core   0: 0x8000b340 (0x00001f17) auipc   t5, 0x1
core   0: 3 0x8000b340 (0x00001f17) x30 0x8000c340
core   0: 0x8000b344 (0xcc3f2023) sw      gp, -832(t5)
core   0: 3 0x8000b344 (0xcc3f2023) mem 0x8000c000 0x00000001
core   0: 0x8000b348 (0xff9ff06f) j       pc - 0x8
core   0: 3 0x8000b348 (0xff9ff06f)
core   0: 0x8000b340 (0x00001f17) auipc   t5, 0x1
core   0: 3 0x8000b340 (0x00001f17) x30 0x8000c340
core   0: 0x8000b344 (0xcc3f2023) sw      gp, -832(t5)
core   0: 3 0x8000b344 (0xcc3f2023) mem 0x8000c000 0x00000001
core   0: 0x8000b348 (0xff9ff06f) j       pc - 0x8
core   0: 3 0x8000b348 (0xff9ff06f)
core   0: 0x8000b340 (0x00001f17) auipc   t5, 0x1
core   0: 3 0x8000b340 (0x00001f17) x30 0x8000c340
core   0: 0x8000b344 (0xcc3f2023) sw      gp, -832(t5)
core   0: 3 0x8000b344 (0xcc3f2023) mem 0x8000c000 0x00000001
core   0: 0x8000b348 (0xff9ff06f) j       pc - 0x8
core   0: 3 0x8000b348 (0xff9ff06f)
core   0: 0x8000b340 (0x00001f17) auipc   t5, 0x1
core   0: 3 0x8000b340 (0x00001f17) x30 0x8000c340
core   0: 0x8000b344 (0xcc3f2023) sw      gp, -832(t5)
core   0: 3 0x8000b344 (0xcc3f2023) mem 0x8000c000 0x00000001
core   0: 0x8000b348 (0xff9ff06f) j       pc - 0x8
core   0: 3 0x8000b348 (0xff9ff06f)
core   0: 0x8000b340 (0x00001f17) auipc   t5, 0x1
core   0: 3 0x8000b340 (0x00001f17) x30 0x8000c340
core   0: 0x8000b344 (0xcc3f2023) sw      gp, -832(t5)
core   0: 3 0x8000b344 (0xcc3f2023) mem 0x8000c000 0x00000001
core   0: 0x8000b348 (0xff9ff06f) j       pc - 0x8
core   0: 3 0x8000b348 (0xff9ff06f)
core   0: 0x8000b340 (0x00001f17) auipc   t5, 0x1
core   0: 3 0x8000b340 (0x00001f17) x30 0x8000c340
core   0: 0x8000b344 (0xcc3f2023) sw      gp, -832(t5)
core   0: 3 0x8000b344 (0xcc3f2023) mem 0x8000c000 0x00000001
core   0: 0x8000b348 (0xff9ff06f) j       pc - 0x8
core   0: 3 0x8000b348 (0xff9ff06f)
core   0: 0x8000b340 (0x00001f17) auipc   t5, 0x1
core   0: 3 0x8000b340 (0x00001f17) x30 0x8000c340
core   0: 0x8000b344 (0xcc3f2023) sw      gp, -832(t5)
core   0: 3 0x8000b344 (0xcc3f2023) mem 0x8000c000 0x00000001
core   0: 0x8000b348 (0xff9ff06f) j       pc - 0x8
core   0: 3 0x8000b348 (0xff9ff06f)
core   0: 0x8000b340 (0x00001f17) auipc   t5, 0x1
core   0: 3 0x8000b340 (0x00001f17) x30 0x8000c340
core   0: 0x8000b344 (0xcc3f2023) sw      gp, -832(t5)
core   0: 3 0x8000b344 (0xcc3f2023) mem 0x8000c000 0x00000001
core   0: 0x8000b348 (0xff9ff06f) j       pc - 0x8
core   0: 3 0x8000b348 (0xff9ff06f)
core   0: 0x8000b340 (0x00001f17) auipc   t5, 0x1
core   0: 3 0x8000b340 (0x00001f17) x30 0x8000c340
core   0: 0x8000b344 (0xcc3f2023) sw      gp, -832(t5)
core   0: 3 0x8000b344 (0xcc3f2023) mem 0x8000c000 0x00000001
core   0: 0x8000b348 (0xff9ff06f) j       pc - 0x8
core   0: 3 0x8000b348 (0xff9ff06f)
core   0: 0x8000b340 (0x00001f17) auipc   t5, 0x1
core   0: 3 0x8000b340 (0x00001f17) x30 0x8000c340
core   0: 0x8000b344 (0xcc3f2023) sw      gp, -832(t5)
core   0: 3 0x8000b344 (0xcc3f2023) mem 0x8000c000 0x00000001
core   0: 0x8000b348 (0xff9ff06f) j       pc - 0x8
core   0: 3 0x8000b348 (0xff9ff06f)
core   0: 0x8000b340 (0x00001f17) auipc   t5, 0x1
core   0: 3 0x8000b340 (0x00001f17) x30 0x8000c340
core   0: 0x8000b344 (0xcc3f2023) sw      gp, -832(t5)
core   0: 3 0x8000b344 (0xcc3f2023) mem 0x8000c000 0x00000001
core   0: 0x8000b348 (0xff9ff06f) j       pc - 0x8
core   0: 3 0x8000b348 (0xff9ff06f)
core   0: 0x8000b340 (0x00001f17) auipc   t5, 0x1
core   0: 3 0x8000b340 (0x00001f17) x30 0x8000c340
core   0: 0x8000b344 (0xcc3f2023) sw      gp, -832(t5)
core   0: 3 0x8000b344 (0xcc3f2023) mem 0x8000c000 0x00000001
core   0: 0x8000b348 (0xff9ff06f) j       pc - 0x8
core   0: 3 0x8000b348 (0xff9ff06f)
core   0: 0x8000b340 (0x00001f17) auipc   t5, 0x1
core   0: 3 0x8000b340 (0x00001f17) x30 0x8000c340
core   0: 0x8000b344 (0xcc3f2023) sw      gp, -832(t5)
core   0: 3 0x8000b344 (0xcc3f2023) mem 0x8000c000 0x00000001
core   0: 0x8000b348 (0xff9ff06f) j       pc - 0x8
core   0: 3 0x8000b348 (0xff9ff06f)
core   0: 0x8000b340 (0x00001f17) auipc   t5, 0x1
core   0: 3 0x8000b340 (0x00001f17) x30 0x8000c340
core   0: 0x8000b344 (0xcc3f2023) sw      gp, -832(t5)
core   0: 3 0x8000b344 (0xcc3f2023) mem 0x8000c000 0x00000001
core   0: 0x8000b348 (0xff9ff06f) j       pc - 0x8
core   0: 3 0x8000b348 (0xff9ff06f)
core   0: 0x8000b340 (0x00001f17) auipc   t5, 0x1
core   0: 3 0x8000b340 (0x00001f17) x30 0x8000c340
core   0: 0x8000b344 (0xcc3f2023) sw      gp, -832(t5)
core   0: 3 0x8000b344 (0xcc3f2023) mem 0x8000c000 0x00000001
core   0: 0x8000b348 (0xff9ff06f) j       pc - 0x8
core   0: 3 0x8000b348 (0xff9ff06f)
core   0: 0x8000b340 (0x00001f17) auipc   t5, 0x1
core   0: 3 0x8000b340 (0x00001f17) x30 0x8000c340
core   0: 0x8000b344 (0xcc3f2023) sw      gp, -832(t5)
core   0: 3 0x8000b344 (0xcc3f2023) mem 0x8000c000 0x00000001
core   0: 0x8000b348 (0xff9ff06f) j       pc - 0x8
core   0: 3 0x8000b348 (0xff9ff06f)
core   0: 0x8000b340 (0x00001f17) auipc   t5, 0x1
core   0: 3 0x8000b340 (0x00001f17) x30 0x8000c340
core   0: 0x8000b344 (0xcc3f2023) sw      gp, -832(t5)
core   0: 3 0x8000b344 (0xcc3f2023) mem 0x8000c000 0x00000001
core   0: 0x8000b348 (0xff9ff06f) j       pc - 0x8
core   0: 3 0x8000b348 (0xff9ff06f)
core   0: 0x8000b340 (0x00001f17) auipc   t5, 0x1
core   0: 3 0x8000b340 (0x00001f17) x30 0x8000c340
core   0: 0x8000b344 (0xcc3f2023) sw      gp, -832(t5)
core   0: 3 0x8000b344 (0xcc3f2023) mem 0x8000c000 0x00000001
core   0: 0x8000b348 (0xff9ff06f) j       pc - 0x8
core   0: 3 0x8000b348 (0xff9ff06f)
core   0: 0x8000b340 (0x00001f17) auipc   t5, 0x1
core   0: 3 0x8000b340 (0x00001f17) x30 0x8000c340
core   0: 0x8000b344 (0xcc3f2023) sw      gp, -832(t5)
core   0: 3 0x8000b344 (0xcc3f2023) mem 0x8000c000 0x00000001
core   0: 0x8000b348 (0xff9ff06f) j       pc - 0x8
core   0: 3 0x8000b348 (0xff9ff06f)
core   0: 0x8000b340 (0x00001f17) auipc   t5, 0x1
core   0: 3 0x8000b340 (0x00001f17) x30 0x8000c340
core   0: 0x8000b344 (0xcc3f2023) sw      gp, -832(t5)
core   0: 3 0x8000b344 (0xcc3f2023) mem 0x8000c000 0x00000001
core   0: 0x8000b348 (0xff9ff06f) j       pc - 0x8
core   0: 3 0x8000b348 (0xff9ff06f)
core   0: 0x8000b340 (0x00001f17) auipc   t5, 0x1
core   0: 3 0x8000b340 (0x00001f17) x30 0x8000c340
core   0: 0x8000b344 (0xcc3f2023) sw      gp, -832(t5)
core   0: 3 0x8000b344 (0xcc3f2023) mem 0x8000c000 0x00000001
core   0: 0x8000b348 (0xff9ff06f) j       pc - 0x8
core   0: 3 0x8000b348 (0xff9ff06f)
core   0: 0x8000b340 (0x00001f17) auipc   t5, 0x1
core   0: 3 0x8000b340 (0x00001f17) x30 0x8000c340
core   0: 0x8000b344 (0xcc3f2023) sw      gp, -832(t5)
core   0: 3 0x8000b344 (0xcc3f2023) mem 0x8000c000 0x00000001
core   0: 0x8000b348 (0xff9ff06f) j       pc - 0x8
core   0: 3 0x8000b348 (0xff9ff06f)
core   0: 0x8000b340 (0x00001f17) auipc   t5, 0x1
core   0: 3 0x8000b340 (0x00001f17) x30 0x8000c340
core   0: 0x8000b344 (0xcc3f2023) sw      gp, -832(t5)
core   0: 3 0x8000b344 (0xcc3f2023) mem 0x8000c000 0x00000001
core   0: 0x8000b348 (0xff9ff06f) j       pc - 0x8
core   0: 3 0x8000b348 (0xff9ff06f)
core   0: 0x8000b340 (0x00001f17) auipc   t5, 0x1
core   0: 3 0x8000b340 (0x00001f17) x30 0x8000c340
core   0: 0x8000b344 (0xcc3f2023) sw      gp, -832(t5)
core   0: 3 0x8000b344 (0xcc3f2023) mem 0x8000c000 0x00000001
core   0: 0x8000b348 (0xff9ff06f) j       pc - 0x8
core   0: 3 0x8000b348 (0xff9ff06f)
core   0: 0x8000b340 (0x00001f17) auipc   t5, 0x1
core   0: 3 0x8000b340 (0x00001f17) x30 0x8000c340
core   0: 0x8000b344 (0xcc3f2023) sw      gp, -832(t5)
core   0: 3 0x8000b344 (0xcc3f2023) mem 0x8000c000 0x00000001
core   0: 0x8000b348 (0xff9ff06f) j       pc - 0x8
core   0: 3 0x8000b348 (0xff9ff06f)
core   0: 0x8000b340 (0x00001f17) auipc   t5, 0x1
core   0: 3 0x8000b340 (0x00001f17) x30 0x8000c340
core   0: 0x8000b344 (0xcc3f2023) sw      gp, -832(t5)
core   0: 3 0x8000b344 (0xcc3f2023) mem 0x8000c000 0x00000001
core   0: 0x8000b348 (0xff9ff06f) j       pc - 0x8
core   0: 3 0x8000b348 (0xff9ff06f)
core   0: 0x8000b340 (0x00001f17) auipc   t5, 0x1
core   0: 3 0x8000b340 (0x00001f17) x30 0x8000c340
core   0: 0x8000b344 (0xcc3f2023) sw      gp, -832(t5)
core   0: 3 0x8000b344 (0xcc3f2023) mem 0x8000c000 0x00000001
core   0: 0x8000b348 (0xff9ff06f) j       pc - 0x8
core   0: 3 0x8000b348 (0xff9ff06f)
core   0: 0x8000b340 (0x00001f17) auipc   t5, 0x1
core   0: 3 0x8000b340 (0x00001f17) x30 0x8000c340
core   0: 0x8000b344 (0xcc3f2023) sw      gp, -832(t5)
core   0: 3 0x8000b344 (0xcc3f2023) mem 0x8000c000 0x00000001
core   0: 0x8000b348 (0xff9ff06f) j       pc - 0x8
core   0: 3 0x8000b348 (0xff9ff06f)
core   0: 0x8000b340 (0x00001f17) auipc   t5, 0x1
core   0: 3 0x8000b340 (0x00001f17) x30 0x8000c340
core   0: 0x8000b344 (0xcc3f2023) sw      gp, -832(t5)
core   0: 3 0x8000b344 (0xcc3f2023) mem 0x8000c000 0x00000001
core   0: 0x8000b348 (0xff9ff06f) j       pc - 0x8
core   0: 3 0x8000b348 (0xff9ff06f)
core   0: 0x8000b340 (0x00001f17) auipc   t5, 0x1
core   0: 3 0x8000b340 (0x00001f17) x30 0x8000c340
core   0: 0x8000b344 (0xcc3f2023) sw      gp, -832(t5)
core   0: 3 0x8000b344 (0xcc3f2023) mem 0x8000c000 0x00000001
core   0: 0x8000b348 (0xff9ff06f) j       pc - 0x8
core   0: 3 0x8000b348 (0xff9ff06f)
core   0: 0x8000b340 (0x00001f17) auipc   t5, 0x1
core   0: 3 0x8000b340 (0x00001f17) x30 0x8000c340
core   0: 0x8000b344 (0xcc3f2023) sw      gp, -832(t5)
core   0: 3 0x8000b344 (0xcc3f2023) mem 0x8000c000 0x00000001
core   0: 0x8000b348 (0xff9ff06f) j       pc - 0x8
core   0: 3 0x8000b348 (0xff9ff06f)
core   0: 0x8000b340 (0x00001f17) auipc   t5, 0x1
core   0: 3 0x8000b340 (0x00001f17) x30 0x8000c340
core   0: 0x8000b344 (0xcc3f2023) sw      gp, -832(t5)
core   0: 3 0x8000b344 (0xcc3f2023) mem 0x8000c000 0x00000001
core   0: 0x8000b348 (0xff9ff06f) j       pc - 0x8
core   0: 3 0x8000b348 (0xff9ff06f)
core   0: 0x8000b340 (0x00001f17) auipc   t5, 0x1
core   0: 3 0x8000b340 (0x00001f17) x30 0x8000c340
core   0: 0x8000b344 (0xcc3f2023) sw      gp, -832(t5)
core   0: 3 0x8000b344 (0xcc3f2023) mem 0x8000c000 0x00000001
core   0: 0x8000b348 (0xff9ff06f) j       pc - 0x8
core   0: 3 0x8000b348 (0xff9ff06f)
core   0: 0x8000b340 (0x00001f17) auipc   t5, 0x1
core   0: 3 0x8000b340 (0x00001f17) x30 0x8000c340
core   0: 0x8000b344 (0xcc3f2023) sw      gp, -832(t5)
core   0: 3 0x8000b344 (0xcc3f2023) mem 0x8000c000 0x00000001
core   0: 0x8000b348 (0xff9ff06f) j       pc - 0x8
core   0: 3 0x8000b348 (0xff9ff06f)
core   0: 0x8000b340 (0x00001f17) auipc   t5, 0x1
core   0: 3 0x8000b340 (0x00001f17) x30 0x8000c340
core   0: 0x8000b344 (0xcc3f2023) sw      gp, -832(t5)
core   0: 3 0x8000b344 (0xcc3f2023) mem 0x8000c000 0x00000001
core   0: 0x8000b348 (0xff9ff06f) j       pc - 0x8
core   0: 3 0x8000b348 (0xff9ff06f)
core   0: 0x8000b340 (0x00001f17) auipc   t5, 0x1
core   0: 3 0x8000b340 (0x00001f17) x30 0x8000c340
core   0: 0x8000b344 (0xcc3f2023) sw      gp, -832(t5)
core   0: 3 0x8000b344 (0xcc3f2023) mem 0x8000c000 0x00000001
core   0: 0x8000b348 (0xff9ff06f) j       pc - 0x8
core   0: 3 0x8000b348 (0xff9ff06f)
core   0: 0x8000b340 (0x00001f17) auipc   t5, 0x1
core   0: 3 0x8000b340 (0x00001f17) x30 0x8000c340
core   0: 0x8000b344 (0xcc3f2023) sw      gp, -832(t5)
core   0: 3 0x8000b344 (0xcc3f2023) mem 0x8000c000 0x00000001
core   0: 0x8000b348 (0xff9ff06f) j       pc - 0x8
core   0: 3 0x8000b348 (0xff9ff06f)
core   0: 0x8000b340 (0x00001f17) auipc   t5, 0x1
core   0: 3 0x8000b340 (0x00001f17) x30 0x8000c340
core   0: 0x8000b344 (0xcc3f2023) sw      gp, -832(t5)
core   0: 3 0x8000b344 (0xcc3f2023) mem 0x8000c000 0x00000001
core   0: 0x8000b348 (0xff9ff06f) j       pc - 0x8
core   0: 3 0x8000b348 (0xff9ff06f)
core   0: 0x8000b340 (0x00001f17) auipc   t5, 0x1
core   0: 3 0x8000b340 (0x00001f17) x30 0x8000c340
core   0: 0x8000b344 (0xcc3f2023) sw      gp, -832(t5)
core   0: 3 0x8000b344 (0xcc3f2023) mem 0x8000c000 0x00000001
core   0: 0x8000b348 (0xff9ff06f) j       pc - 0x8
core   0: 3 0x8000b348 (0xff9ff06f)
core   0: 0x8000b340 (0x00001f17) auipc   t5, 0x1
core   0: 3 0x8000b340 (0x00001f17) x30 0x8000c340
core   0: 0x8000b344 (0xcc3f2023) sw      gp, -832(t5)
core   0: 3 0x8000b344 (0xcc3f2023) mem 0x8000c000 0x00000001
core   0: 0x8000b348 (0xff9ff06f) j       pc - 0x8
core   0: 3 0x8000b348 (0xff9ff06f)
core   0: 0x8000b340 (0x00001f17) auipc   t5, 0x1
core   0: 3 0x8000b340 (0x00001f17) x30 0x8000c340
core   0: 0x8000b344 (0xcc3f2023) sw      gp, -832(t5)
core   0: 3 0x8000b344 (0xcc3f2023) mem 0x8000c000 0x00000001
core   0: 0x8000b348 (0xff9ff06f) j       pc - 0x8
core   0: 3 0x8000b348 (0xff9ff06f)
core   0: 0x8000b340 (0x00001f17) auipc   t5, 0x1
core   0: 3 0x8000b340 (0x00001f17) x30 0x8000c340
core   0: 0x8000b344 (0xcc3f2023) sw      gp, -832(t5)
core   0: 3 0x8000b344 (0xcc3f2023) mem 0x8000c000 0x00000001
core   0: 0x8000b348 (0xff9ff06f) j       pc - 0x8
core   0: 3 0x8000b348 (0xff9ff06f)
core   0: 0x8000b340 (0x00001f17) auipc   t5, 0x1
core   0: 3 0x8000b340 (0x00001f17) x30 0x8000c340
core   0: 0x8000b344 (0xcc3f2023) sw      gp, -832(t5)
core   0: 3 0x8000b344 (0xcc3f2023) mem 0x8000c000 0x00000001
core   0: 0x8000b348 (0xff9ff06f) j       pc - 0x8
core   0: 3 0x8000b348 (0xff9ff06f)
core   0: 0x8000b340 (0x00001f17) auipc   t5, 0x1
core   0: 3 0x8000b340 (0x00001f17) x30 0x8000c340
core   0: 0x8000b344 (0xcc3f2023) sw      gp, -832(t5)
core   0: 3 0x8000b344 (0xcc3f2023) mem 0x8000c000 0x00000001
core   0: 0x8000b348 (0xff9ff06f) j       pc - 0x8
core   0: 3 0x8000b348 (0xff9ff06f)
core   0: 0x8000b340 (0x00001f17) auipc   t5, 0x1
core   0: 3 0x8000b340 (0x00001f17) x30 0x8000c340
core   0: 0x8000b344 (0xcc3f2023) sw      gp, -832(t5)
core   0: 3 0x8000b344 (0xcc3f2023) mem 0x8000c000 0x00000001
core   0: 0x8000b348 (0xff9ff06f) j       pc - 0x8
core   0: 3 0x8000b348 (0xff9ff06f)
core   0: 0x8000b340 (0x00001f17) auipc   t5, 0x1
core   0: 3 0x8000b340 (0x00001f17) x30 0x8000c340
core   0: 0x8000b344 (0xcc3f2023) sw      gp, -832(t5)
core   0: 3 0x8000b344 (0xcc3f2023) mem 0x8000c000 0x00000001
core   0: 0x8000b348 (0xff9ff06f) j       pc - 0x8
core   0: 3 0x8000b348 (0xff9ff06f)
core   0: 0x8000b340 (0x00001f17) auipc   t5, 0x1
core   0: 3 0x8000b340 (0x00001f17) x30 0x8000c340
core   0: 0x8000b344 (0xcc3f2023) sw      gp, -832(t5)
core   0: 3 0x8000b344 (0xcc3f2023) mem 0x8000c000 0x00000001
core   0: 0x8000b348 (0xff9ff06f) j       pc - 0x8
core   0: 3 0x8000b348 (0xff9ff06f)
core   0: 0x8000b340 (0x00001f17) auipc   t5, 0x1
core   0: 3 0x8000b340 (0x00001f17) x30 0x8000c340
core   0: 0x8000b344 (0xcc3f2023) sw      gp, -832(t5)
core   0: 3 0x8000b344 (0xcc3f2023) mem 0x8000c000 0x00000001
core   0: 0x8000b348 (0xff9ff06f) j       pc - 0x8
core   0: 3 0x8000b348 (0xff9ff06f)
core   0: 0x8000b340 (0x00001f17) auipc   t5, 0x1
core   0: 3 0x8000b340 (0x00001f17) x30 0x8000c340
core   0: 0x8000b344 (0xcc3f2023) sw      gp, -832(t5)
core   0: 3 0x8000b344 (0xcc3f2023) mem 0x8000c000 0x00000001
core   0: 0x8000b348 (0xff9ff06f) j       pc - 0x8
core   0: 3 0x8000b348 (0xff9ff06f)
core   0: 0x8000b340 (0x00001f17) auipc   t5, 0x1
core   0: 3 0x8000b340 (0x00001f17) x30 0x8000c340
core   0: 0x8000b344 (0xcc3f2023) sw      gp, -832(t5)
core   0: 3 0x8000b344 (0xcc3f2023) mem 0x8000c000 0x00000001
core   0: 0x8000b348 (0xff9ff06f) j       pc - 0x8
core   0: 3 0x8000b348 (0xff9ff06f)
core   0: 0x8000b340 (0x00001f17) auipc   t5, 0x1
core   0: 3 0x8000b340 (0x00001f17) x30 0x8000c340
core   0: 0x8000b344 (0xcc3f2023) sw      gp, -832(t5)
core   0: 3 0x8000b344 (0xcc3f2023) mem 0x8000c000 0x00000001
core   0: 0x8000b348 (0xff9ff06f) j       pc - 0x8
core   0: 3 0x8000b348 (0xff9ff06f)
core   0: 0x8000b340 (0x00001f17) auipc   t5, 0x1
core   0: 3 0x8000b340 (0x00001f17) x30 0x8000c340
core   0: 0x8000b344 (0xcc3f2023) sw      gp, -832(t5)
core   0: 3 0x8000b344 (0xcc3f2023) mem 0x8000c000 0x00000001
core   0: 0x8000b348 (0xff9ff06f) j       pc - 0x8
core   0: 3 0x8000b348 (0xff9ff06f)
core   0: 0x8000b340 (0x00001f17) auipc   t5, 0x1
core   0: 3 0x8000b340 (0x00001f17) x30 0x8000c340
core   0: 0x8000b344 (0xcc3f2023) sw      gp, -832(t5)
core   0: 3 0x8000b344 (0xcc3f2023) mem 0x8000c000 0x00000001
core   0: 0x8000b348 (0xff9ff06f) j       pc - 0x8
core   0: 3 0x8000b348 (0xff9ff06f)
core   0: 0x8000b340 (0x00001f17) auipc   t5, 0x1
core   0: 3 0x8000b340 (0x00001f17) x30 0x8000c340
core   0: 0x8000b344 (0xcc3f2023) sw      gp, -832(t5)
core   0: 3 0x8000b344 (0xcc3f2023) mem 0x8000c000 0x00000001
core   0: 0x8000b348 (0xff9ff06f) j       pc - 0x8
core   0: 3 0x8000b348 (0xff9ff06f)
core   0: 0x8000b340 (0x00001f17) auipc   t5, 0x1
core   0: 3 0x8000b340 (0x00001f17) x30 0x8000c340
core   0: 0x8000b344 (0xcc3f2023) sw      gp, -832(t5)
core   0: 3 0x8000b344 (0xcc3f2023) mem 0x8000c000 0x00000001
core   0: 0x8000b348 (0xff9ff06f) j       pc - 0x8
core   0: 3 0x8000b348 (0xff9ff06f)
core   0: 0x8000b340 (0x00001f17) auipc   t5, 0x1
core   0: 3 0x8000b340 (0x00001f17) x30 0x8000c340
core   0: 0x8000b344 (0xcc3f2023) sw      gp, -832(t5)
core   0: 3 0x8000b344 (0xcc3f2023) mem 0x8000c000 0x00000001
core   0: 0x8000b348 (0xff9ff06f) j       pc - 0x8
core   0: 3 0x8000b348 (0xff9ff06f)
core   0: 0x8000b340 (0x00001f17) auipc   t5, 0x1
core   0: 3 0x8000b340 (0x00001f17) x30 0x8000c340
core   0: 0x8000b344 (0xcc3f2023) sw      gp, -832(t5)
core   0: 3 0x8000b344 (0xcc3f2023) mem 0x8000c000 0x00000001
core   0: 0x8000b348 (0xff9ff06f) j       pc - 0x8
core   0: 3 0x8000b348 (0xff9ff06f)
core   0: 0x8000b340 (0x00001f17) auipc   t5, 0x1
core   0: 3 0x8000b340 (0x00001f17) x30 0x8000c340
core   0: 0x8000b344 (0xcc3f2023) sw      gp, -832(t5)
core   0: 3 0x8000b344 (0xcc3f2023) mem 0x8000c000 0x00000001
core   0: 0x8000b348 (0xff9ff06f) j       pc - 0x8
core   0: 3 0x8000b348 (0xff9ff06f)
core   0: 0x8000b340 (0x00001f17) auipc   t5, 0x1
core   0: 3 0x8000b340 (0x00001f17) x30 0x8000c340
core   0: 0x8000b344 (0xcc3f2023) sw      gp, -832(t5)
core   0: 3 0x8000b344 (0xcc3f2023) mem 0x8000c000 0x00000001
core   0: 0x8000b348 (0xff9ff06f) j       pc - 0x8
core   0: 3 0x8000b348 (0xff9ff06f)
core   0: 0x8000b340 (0x00001f17) auipc   t5, 0x1
core   0: 3 0x8000b340 (0x00001f17) x30 0x8000c340
core   0: 0x8000b344 (0xcc3f2023) sw      gp, -832(t5)
core   0: 3 0x8000b344 (0xcc3f2023) mem 0x8000c000 0x00000001
core   0: 0x8000b348 (0xff9ff06f) j       pc - 0x8
core   0: 3 0x8000b348 (0xff9ff06f)
core   0: 0x8000b340 (0x00001f17) auipc   t5, 0x1
core   0: 3 0x8000b340 (0x00001f17) x30 0x8000c340
core   0: 0x8000b344 (0xcc3f2023) sw      gp, -832(t5)
core   0: 3 0x8000b344 (0xcc3f2023) mem 0x8000c000 0x00000001
core   0: 0x8000b348 (0xff9ff06f) j       pc - 0x8
core   0: 3 0x8000b348 (0xff9ff06f)
core   0: 0x8000b340 (0x00001f17) auipc   t5, 0x1
core   0: 3 0x8000b340 (0x00001f17) x30 0x8000c340
core   0: 0x8000b344 (0xcc3f2023) sw      gp, -832(t5)
core   0: 3 0x8000b344 (0xcc3f2023) mem 0x8000c000 0x00000001
core   0: 0x8000b348 (0xff9ff06f) j       pc - 0x8
core   0: 3 0x8000b348 (0xff9ff06f)
core   0: 0x8000b340 (0x00001f17) auipc   t5, 0x1
core   0: 3 0x8000b340 (0x00001f17) x30 0x8000c340
core   0: 0x8000b344 (0xcc3f2023) sw      gp, -832(t5)
core   0: 3 0x8000b344 (0xcc3f2023) mem 0x8000c000 0x00000001
core   0: 0x8000b348 (0xff9ff06f) j       pc - 0x8
core   0: 3 0x8000b348 (0xff9ff06f)
core   0: 0x8000b340 (0x00001f17) auipc   t5, 0x1
core   0: 3 0x8000b340 (0x00001f17) x30 0x8000c340
core   0: 0x8000b344 (0xcc3f2023) sw      gp, -832(t5)
core   0: 3 0x8000b344 (0xcc3f2023) mem 0x8000c000 0x00000001
core   0: 0x8000b348 (0xff9ff06f) j       pc - 0x8
core   0: 3 0x8000b348 (0xff9ff06f)
core   0: 0x8000b340 (0x00001f17) auipc   t5, 0x1
core   0: 3 0x8000b340 (0x00001f17) x30 0x8000c340
core   0: 0x8000b344 (0xcc3f2023) sw      gp, -832(t5)
core   0: 3 0x8000b344 (0xcc3f2023) mem 0x8000c000 0x00000001
core   0: 0x8000b348 (0xff9ff06f) j       pc - 0x8
core   0: 3 0x8000b348 (0xff9ff06f)
core   0: 0x8000b340 (0x00001f17) auipc   t5, 0x1
core   0: 3 0x8000b340 (0x00001f17) x30 0x8000c340
core   0: 0x8000b344 (0xcc3f2023) sw      gp, -832(t5)
core   0: 3 0x8000b344 (0xcc3f2023) mem 0x8000c000 0x00000001
core   0: 0x8000b348 (0xff9ff06f) j       pc - 0x8
core   0: 3 0x8000b348 (0xff9ff06f)
core   0: 0x8000b340 (0x00001f17) auipc   t5, 0x1
core   0: 3 0x8000b340 (0x00001f17) x30 0x8000c340
core   0: 0x8000b344 (0xcc3f2023) sw      gp, -832(t5)
core   0: 3 0x8000b344 (0xcc3f2023) mem 0x8000c000 0x00000001
core   0: 0x8000b348 (0xff9ff06f) j       pc - 0x8
core   0: 3 0x8000b348 (0xff9ff06f)
core   0: 0x8000b340 (0x00001f17) auipc   t5, 0x1
core   0: 3 0x8000b340 (0x00001f17) x30 0x8000c340
core   0: 0x8000b344 (0xcc3f2023) sw      gp, -832(t5)
core   0: 3 0x8000b344 (0xcc3f2023) mem 0x8000c000 0x00000001
core   0: 0x8000b348 (0xff9ff06f) j       pc - 0x8
core   0: 3 0x8000b348 (0xff9ff06f)
core   0: 0x8000b340 (0x00001f17) auipc   t5, 0x1
core   0: 3 0x8000b340 (0x00001f17) x30 0x8000c340
core   0: 0x8000b344 (0xcc3f2023) sw      gp, -832(t5)
core   0: 3 0x8000b344 (0xcc3f2023) mem 0x8000c000 0x00000001
core   0: 0x8000b348 (0xff9ff06f) j       pc - 0x8
core   0: 3 0x8000b348 (0xff9ff06f)
core   0: 0x8000b340 (0x00001f17) auipc   t5, 0x1
core   0: 3 0x8000b340 (0x00001f17) x30 0x8000c340
core   0: 0x8000b344 (0xcc3f2023) sw      gp, -832(t5)
core   0: 3 0x8000b344 (0xcc3f2023) mem 0x8000c000 0x00000001
core   0: 0x8000b348 (0xff9ff06f) j       pc - 0x8
core   0: 3 0x8000b348 (0xff9ff06f)
core   0: 0x8000b340 (0x00001f17) auipc   t5, 0x1
core   0: 3 0x8000b340 (0x00001f17) x30 0x8000c340
core   0: 0x8000b344 (0xcc3f2023) sw      gp, -832(t5)
core   0: 3 0x8000b344 (0xcc3f2023) mem 0x8000c000 0x00000001
core   0: 0x8000b348 (0xff9ff06f) j       pc - 0x8
core   0: 3 0x8000b348 (0xff9ff06f)
core   0: 0x8000b340 (0x00001f17) auipc   t5, 0x1
core   0: 3 0x8000b340 (0x00001f17) x30 0x8000c340
core   0: 0x8000b344 (0xcc3f2023) sw      gp, -832(t5)
core   0: 3 0x8000b344 (0xcc3f2023) mem 0x8000c000 0x00000001
core   0: 0x8000b348 (0xff9ff06f) j       pc - 0x8
core   0: 3 0x8000b348 (0xff9ff06f)
core   0: 0x8000b340 (0x00001f17) auipc   t5, 0x1
core   0: 3 0x8000b340 (0x00001f17) x30 0x8000c340
core   0: 0x8000b344 (0xcc3f2023) sw      gp, -832(t5)
core   0: 3 0x8000b344 (0xcc3f2023) mem 0x8000c000 0x00000001
core   0: 0x8000b348 (0xff9ff06f) j       pc - 0x8
core   0: 3 0x8000b348 (0xff9ff06f)
core   0: 0x8000b340 (0x00001f17) auipc   t5, 0x1
core   0: 3 0x8000b340 (0x00001f17) x30 0x8000c340
core   0: 0x8000b344 (0xcc3f2023) sw      gp, -832(t5)
core   0: 3 0x8000b344 (0xcc3f2023) mem 0x8000c000 0x00000001
core   0: 0x8000b348 (0xff9ff06f) j       pc - 0x8
core   0: 3 0x8000b348 (0xff9ff06f)
core   0: 0x8000b340 (0x00001f17) auipc   t5, 0x1
core   0: 3 0x8000b340 (0x00001f17) x30 0x8000c340
core   0: 0x8000b344 (0xcc3f2023) sw      gp, -832(t5)
core   0: 3 0x8000b344 (0xcc3f2023) mem 0x8000c000 0x00000001
core   0: 0x8000b348 (0xff9ff06f) j       pc - 0x8
core   0: 3 0x8000b348 (0xff9ff06f)
core   0: 0x8000b340 (0x00001f17) auipc   t5, 0x1
core   0: 3 0x8000b340 (0x00001f17) x30 0x8000c340
core   0: 0x8000b344 (0xcc3f2023) sw      gp, -832(t5)
core   0: 3 0x8000b344 (0xcc3f2023) mem 0x8000c000 0x00000001
core   0: 0x8000b348 (0xff9ff06f) j       pc - 0x8
core   0: 3 0x8000b348 (0xff9ff06f)
core   0: 0x8000b340 (0x00001f17) auipc   t5, 0x1
core   0: 3 0x8000b340 (0x00001f17) x30 0x8000c340
core   0: 0x8000b344 (0xcc3f2023) sw      gp, -832(t5)
core   0: 3 0x8000b344 (0xcc3f2023) mem 0x8000c000 0x00000001
core   0: 0x8000b348 (0xff9ff06f) j       pc - 0x8
core   0: 3 0x8000b348 (0xff9ff06f)
core   0: 0x8000b340 (0x00001f17) auipc   t5, 0x1
core   0: 3 0x8000b340 (0x00001f17) x30 0x8000c340
core   0: 0x8000b344 (0xcc3f2023) sw      gp, -832(t5)
core   0: 3 0x8000b344 (0xcc3f2023) mem 0x8000c000 0x00000001
core   0: 0x8000b348 (0xff9ff06f) j       pc - 0x8
core   0: 3 0x8000b348 (0xff9ff06f)
core   0: 0x8000b340 (0x00001f17) auipc   t5, 0x1
core   0: 3 0x8000b340 (0x00001f17) x30 0x8000c340
core   0: 0x8000b344 (0xcc3f2023) sw      gp, -832(t5)
core   0: 3 0x8000b344 (0xcc3f2023) mem 0x8000c000 0x00000001
core   0: 0x8000b348 (0xff9ff06f) j       pc - 0x8
core   0: 3 0x8000b348 (0xff9ff06f)
core   0: 0x8000b340 (0x00001f17) auipc   t5, 0x1
core   0: 3 0x8000b340 (0x00001f17) x30 0x8000c340
core   0: 0x8000b344 (0xcc3f2023) sw      gp, -832(t5)
core   0: 3 0x8000b344 (0xcc3f2023) mem 0x8000c000 0x00000001
core   0: 0x8000b348 (0xff9ff06f) j       pc - 0x8
core   0: 3 0x8000b348 (0xff9ff06f)
core   0: 0x8000b340 (0x00001f17) auipc   t5, 0x1
core   0: 3 0x8000b340 (0x00001f17) x30 0x8000c340
core   0: 0x8000b344 (0xcc3f2023) sw      gp, -832(t5)
core   0: 3 0x8000b344 (0xcc3f2023) mem 0x8000c000 0x00000001
core   0: 0x8000b348 (0xff9ff06f) j       pc - 0x8
core   0: 3 0x8000b348 (0xff9ff06f)
core   0: 0x8000b340 (0x00001f17) auipc   t5, 0x1
core   0: 3 0x8000b340 (0x00001f17) x30 0x8000c340
core   0: 0x8000b344 (0xcc3f2023) sw      gp, -832(t5)
core   0: 3 0x8000b344 (0xcc3f2023) mem 0x8000c000 0x00000001
core   0: 0x8000b348 (0xff9ff06f) j       pc - 0x8
core   0: 3 0x8000b348 (0xff9ff06f)
core   0: 0x8000b340 (0x00001f17) auipc   t5, 0x1
core   0: 3 0x8000b340 (0x00001f17) x30 0x8000c340
core   0: 0x8000b344 (0xcc3f2023) sw      gp, -832(t5)
core   0: 3 0x8000b344 (0xcc3f2023) mem 0x8000c000 0x00000001
core   0: 0x8000b348 (0xff9ff06f) j       pc - 0x8
core   0: 3 0x8000b348 (0xff9ff06f)
core   0: 0x8000b340 (0x00001f17) auipc   t5, 0x1
core   0: 3 0x8000b340 (0x00001f17) x30 0x8000c340
core   0: 0x8000b344 (0xcc3f2023) sw      gp, -832(t5)
core   0: 3 0x8000b344 (0xcc3f2023) mem 0x8000c000 0x00000001
core   0: 0x8000b348 (0xff9ff06f) j       pc - 0x8
core   0: 3 0x8000b348 (0xff9ff06f)
core   0: 0x8000b340 (0x00001f17) auipc   t5, 0x1
core   0: 3 0x8000b340 (0x00001f17) x30 0x8000c340
core   0: 0x8000b344 (0xcc3f2023) sw      gp, -832(t5)
core   0: 3 0x8000b344 (0xcc3f2023) mem 0x8000c000 0x00000001
core   0: 0x8000b348 (0xff9ff06f) j       pc - 0x8
core   0: 3 0x8000b348 (0xff9ff06f)
core   0: 0x8000b340 (0x00001f17) auipc   t5, 0x1
core   0: 3 0x8000b340 (0x00001f17) x30 0x8000c340
core   0: 0x8000b344 (0xcc3f2023) sw      gp, -832(t5)
core   0: 3 0x8000b344 (0xcc3f2023) mem 0x8000c000 0x00000001
core   0: 0x8000b348 (0xff9ff06f) j       pc - 0x8
core   0: 3 0x8000b348 (0xff9ff06f)
core   0: 0x8000b340 (0x00001f17) auipc   t5, 0x1
core   0: 3 0x8000b340 (0x00001f17) x30 0x8000c340
core   0: 0x8000b344 (0xcc3f2023) sw      gp, -832(t5)
core   0: 3 0x8000b344 (0xcc3f2023) mem 0x8000c000 0x00000001
core   0: 0x8000b348 (0xff9ff06f) j       pc - 0x8
core   0: 3 0x8000b348 (0xff9ff06f)
core   0: 0x8000b340 (0x00001f17) auipc   t5, 0x1
core   0: 3 0x8000b340 (0x00001f17) x30 0x8000c340
core   0: 0x8000b344 (0xcc3f2023) sw      gp, -832(t5)
core   0: 3 0x8000b344 (0xcc3f2023) mem 0x8000c000 0x00000001
core   0: 0x8000b348 (0xff9ff06f) j       pc - 0x8
core   0: 3 0x8000b348 (0xff9ff06f)
core   0: 0x8000b340 (0x00001f17) auipc   t5, 0x1
core   0: 3 0x8000b340 (0x00001f17) x30 0x8000c340
core   0: 0x8000b344 (0xcc3f2023) sw      gp, -832(t5)
core   0: 3 0x8000b344 (0xcc3f2023) mem 0x8000c000 0x00000001
core   0: 0x8000b348 (0xff9ff06f) j       pc - 0x8
core   0: 3 0x8000b348 (0xff9ff06f)
core   0: 0x8000b340 (0x00001f17) auipc   t5, 0x1
core   0: 3 0x8000b340 (0x00001f17) x30 0x8000c340
core   0: 0x8000b344 (0xcc3f2023) sw      gp, -832(t5)
core   0: 3 0x8000b344 (0xcc3f2023) mem 0x8000c000 0x00000001
core   0: 0x8000b348 (0xff9ff06f) j       pc - 0x8
core   0: 3 0x8000b348 (0xff9ff06f)
core   0: 0x8000b340 (0x00001f17) auipc   t5, 0x1
core   0: 3 0x8000b340 (0x00001f17) x30 0x8000c340
core   0: 0x8000b344 (0xcc3f2023) sw      gp, -832(t5)
core   0: 3 0x8000b344 (0xcc3f2023) mem 0x8000c000 0x00000001
core   0: 0x8000b348 (0xff9ff06f) j       pc - 0x8
core   0: 3 0x8000b348 (0xff9ff06f)
core   0: 0x8000b340 (0x00001f17) auipc   t5, 0x1
core   0: 3 0x8000b340 (0x00001f17) x30 0x8000c340
core   0: 0x8000b344 (0xcc3f2023) sw      gp, -832(t5)
core   0: 3 0x8000b344 (0xcc3f2023) mem 0x8000c000 0x00000001
core   0: 0x8000b348 (0xff9ff06f) j       pc - 0x8
core   0: 3 0x8000b348 (0xff9ff06f)
core   0: 0x8000b340 (0x00001f17) auipc   t5, 0x1
core   0: 3 0x8000b340 (0x00001f17) x30 0x8000c340
core   0: 0x8000b344 (0xcc3f2023) sw      gp, -832(t5)
core   0: 3 0x8000b344 (0xcc3f2023) mem 0x8000c000 0x00000001
core   0: 0x8000b348 (0xff9ff06f) j       pc - 0x8
core   0: 3 0x8000b348 (0xff9ff06f)
core   0: 0x8000b340 (0x00001f17) auipc   t5, 0x1
core   0: 3 0x8000b340 (0x00001f17) x30 0x8000c340
core   0: 0x8000b344 (0xcc3f2023) sw      gp, -832(t5)
core   0: 3 0x8000b344 (0xcc3f2023) mem 0x8000c000 0x00000001
core   0: 0x8000b348 (0xff9ff06f) j       pc - 0x8
core   0: 3 0x8000b348 (0xff9ff06f)
core   0: 0x8000b340 (0x00001f17) auipc   t5, 0x1
core   0: 3 0x8000b340 (0x00001f17) x30 0x8000c340
core   0: 0x8000b344 (0xcc3f2023) sw      gp, -832(t5)
core   0: 3 0x8000b344 (0xcc3f2023) mem 0x8000c000 0x00000001
core   0: 0x8000b348 (0xff9ff06f) j       pc - 0x8
core   0: 3 0x8000b348 (0xff9ff06f)
core   0: 0x8000b340 (0x00001f17) auipc   t5, 0x1
core   0: 3 0x8000b340 (0x00001f17) x30 0x8000c340
core   0: 0x8000b344 (0xcc3f2023) sw      gp, -832(t5)
core   0: 3 0x8000b344 (0xcc3f2023) mem 0x8000c000 0x00000001
core   0: 0x8000b348 (0xff9ff06f) j       pc - 0x8
core   0: 3 0x8000b348 (0xff9ff06f)
core   0: 0x8000b340 (0x00001f17) auipc   t5, 0x1
core   0: 3 0x8000b340 (0x00001f17) x30 0x8000c340
core   0: 0x8000b344 (0xcc3f2023) sw      gp, -832(t5)
core   0: 3 0x8000b344 (0xcc3f2023) mem 0x8000c000 0x00000001
core   0: 0x8000b348 (0xff9ff06f) j       pc - 0x8
core   0: 3 0x8000b348 (0xff9ff06f)
core   0: 0x8000b340 (0x00001f17) auipc   t5, 0x1
core   0: 3 0x8000b340 (0x00001f17) x30 0x8000c340
core   0: 0x8000b344 (0xcc3f2023) sw      gp, -832(t5)
core   0: 3 0x8000b344 (0xcc3f2023) mem 0x8000c000 0x00000001
core   0: 0x8000b348 (0xff9ff06f) j       pc - 0x8
core   0: 3 0x8000b348 (0xff9ff06f)
core   0: 0x8000b340 (0x00001f17) auipc   t5, 0x1
core   0: 3 0x8000b340 (0x00001f17) x30 0x8000c340
core   0: 0x8000b344 (0xcc3f2023) sw      gp, -832(t5)
core   0: 3 0x8000b344 (0xcc3f2023) mem 0x8000c000 0x00000001
core   0: 0x8000b348 (0xff9ff06f) j       pc - 0x8
core   0: 3 0x8000b348 (0xff9ff06f)
core   0: 0x8000b340 (0x00001f17) auipc   t5, 0x1
core   0: 3 0x8000b340 (0x00001f17) x30 0x8000c340
core   0: 0x8000b344 (0xcc3f2023) sw      gp, -832(t5)
core   0: 3 0x8000b344 (0xcc3f2023) mem 0x8000c000 0x00000001
core   0: 0x8000b348 (0xff9ff06f) j       pc - 0x8
core   0: 3 0x8000b348 (0xff9ff06f)
core   0: 0x8000b340 (0x00001f17) auipc   t5, 0x1
core   0: 3 0x8000b340 (0x00001f17) x30 0x8000c340
core   0: 0x8000b344 (0xcc3f2023) sw      gp, -832(t5)
core   0: 3 0x8000b344 (0xcc3f2023) mem 0x8000c000 0x00000001
core   0: 0x8000b348 (0xff9ff06f) j       pc - 0x8
core   0: 3 0x8000b348 (0xff9ff06f)
core   0: 0x8000b340 (0x00001f17) auipc   t5, 0x1
core   0: 3 0x8000b340 (0x00001f17) x30 0x8000c340
core   0: 0x8000b344 (0xcc3f2023) sw      gp, -832(t5)
core   0: 3 0x8000b344 (0xcc3f2023) mem 0x8000c000 0x00000001
core   0: 0x8000b348 (0xff9ff06f) j       pc - 0x8
core   0: 3 0x8000b348 (0xff9ff06f)
core   0: 0x8000b340 (0x00001f17) auipc   t5, 0x1
core   0: 3 0x8000b340 (0x00001f17) x30 0x8000c340
core   0: 0x8000b344 (0xcc3f2023) sw      gp, -832(t5)
core   0: 3 0x8000b344 (0xcc3f2023) mem 0x8000c000 0x00000001
core   0: 0x8000b348 (0xff9ff06f) j       pc - 0x8
core   0: 3 0x8000b348 (0xff9ff06f)
core   0: 0x8000b340 (0x00001f17) auipc   t5, 0x1
core   0: 3 0x8000b340 (0x00001f17) x30 0x8000c340
core   0: 0x8000b344 (0xcc3f2023) sw      gp, -832(t5)
core   0: 3 0x8000b344 (0xcc3f2023) mem 0x8000c000 0x00000001
core   0: 0x8000b348 (0xff9ff06f) j       pc - 0x8
core   0: 3 0x8000b348 (0xff9ff06f)
core   0: 0x8000b340 (0x00001f17) auipc   t5, 0x1
core   0: 3 0x8000b340 (0x00001f17) x30 0x8000c340
core   0: 0x8000b344 (0xcc3f2023) sw      gp, -832(t5)
core   0: 3 0x8000b344 (0xcc3f2023) mem 0x8000c000 0x00000001
core   0: 0x8000b348 (0xff9ff06f) j       pc - 0x8
core   0: 3 0x8000b348 (0xff9ff06f)
core   0: 0x8000b340 (0x00001f17) auipc   t5, 0x1
core   0: 3 0x8000b340 (0x00001f17) x30 0x8000c340
core   0: 0x8000b344 (0xcc3f2023) sw      gp, -832(t5)
core   0: 3 0x8000b344 (0xcc3f2023) mem 0x8000c000 0x00000001
core   0: 0x8000b348 (0xff9ff06f) j       pc - 0x8
core   0: 3 0x8000b348 (0xff9ff06f)
core   0: 0x8000b340 (0x00001f17) auipc   t5, 0x1
core   0: 3 0x8000b340 (0x00001f17) x30 0x8000c340
core   0: 0x8000b344 (0xcc3f2023) sw      gp, -832(t5)
core   0: 3 0x8000b344 (0xcc3f2023) mem 0x8000c000 0x00000001
core   0: 0x8000b348 (0xff9ff06f) j       pc - 0x8
core   0: 3 0x8000b348 (0xff9ff06f)
core   0: 0x8000b340 (0x00001f17) auipc   t5, 0x1
core   0: 3 0x8000b340 (0x00001f17) x30 0x8000c340
core   0: 0x8000b344 (0xcc3f2023) sw      gp, -832(t5)
core   0: 3 0x8000b344 (0xcc3f2023) mem 0x8000c000 0x00000001
core   0: 0x8000b348 (0xff9ff06f) j       pc - 0x8
core   0: 3 0x8000b348 (0xff9ff06f)
core   0: 0x8000b340 (0x00001f17) auipc   t5, 0x1
core   0: 3 0x8000b340 (0x00001f17) x30 0x8000c340
core   0: 0x8000b344 (0xcc3f2023) sw      gp, -832(t5)
core   0: 3 0x8000b344 (0xcc3f2023) mem 0x8000c000 0x00000001
core   0: 0x8000b348 (0xff9ff06f) j       pc - 0x8
core   0: 3 0x8000b348 (0xff9ff06f)
core   0: 0x8000b340 (0x00001f17) auipc   t5, 0x1
core   0: 3 0x8000b340 (0x00001f17) x30 0x8000c340
core   0: 0x8000b344 (0xcc3f2023) sw      gp, -832(t5)
core   0: 3 0x8000b344 (0xcc3f2023) mem 0x8000c000 0x00000001
core   0: 0x8000b348 (0xff9ff06f) j       pc - 0x8
core   0: 3 0x8000b348 (0xff9ff06f)
core   0: 0x8000b340 (0x00001f17) auipc   t5, 0x1
core   0: 3 0x8000b340 (0x00001f17) x30 0x8000c340
core   0: 0x8000b344 (0xcc3f2023) sw      gp, -832(t5)
core   0: 3 0x8000b344 (0xcc3f2023) mem 0x8000c000 0x00000001
core   0: 0x8000b348 (0xff9ff06f) j       pc - 0x8
core   0: 3 0x8000b348 (0xff9ff06f)
core   0: 0x8000b340 (0x00001f17) auipc   t5, 0x1
core   0: 3 0x8000b340 (0x00001f17) x30 0x8000c340
core   0: 0x8000b344 (0xcc3f2023) sw      gp, -832(t5)
core   0: 3 0x8000b344 (0xcc3f2023) mem 0x8000c000 0x00000001
core   0: 0x8000b348 (0xff9ff06f) j       pc - 0x8
core   0: 3 0x8000b348 (0xff9ff06f)
core   0: 0x8000b340 (0x00001f17) auipc   t5, 0x1
core   0: 3 0x8000b340 (0x00001f17) x30 0x8000c340
core   0: 0x8000b344 (0xcc3f2023) sw      gp, -832(t5)
core   0: 3 0x8000b344 (0xcc3f2023) mem 0x8000c000 0x00000001
core   0: 0x8000b348 (0xff9ff06f) j       pc - 0x8
core   0: 3 0x8000b348 (0xff9ff06f)
core   0: 0x8000b340 (0x00001f17) auipc   t5, 0x1
core   0: 3 0x8000b340 (0x00001f17) x30 0x8000c340
core   0: 0x8000b344 (0xcc3f2023) sw      gp, -832(t5)
core   0: 3 0x8000b344 (0xcc3f2023) mem 0x8000c000 0x00000001
core   0: 0x8000b348 (0xff9ff06f) j       pc - 0x8
core   0: 3 0x8000b348 (0xff9ff06f)
core   0: 0x8000b340 (0x00001f17) auipc   t5, 0x1
core   0: 3 0x8000b340 (0x00001f17) x30 0x8000c340
core   0: 0x8000b344 (0xcc3f2023) sw      gp, -832(t5)
core   0: 3 0x8000b344 (0xcc3f2023) mem 0x8000c000 0x00000001
core   0: 0x8000b348 (0xff9ff06f) j       pc - 0x8
core   0: 3 0x8000b348 (0xff9ff06f)
core   0: 0x8000b340 (0x00001f17) auipc   t5, 0x1
core   0: 3 0x8000b340 (0x00001f17) x30 0x8000c340
core   0: 0x8000b344 (0xcc3f2023) sw      gp, -832(t5)
core   0: 3 0x8000b344 (0xcc3f2023) mem 0x8000c000 0x00000001
core   0: 0x8000b348 (0xff9ff06f) j       pc - 0x8
core   0: 3 0x8000b348 (0xff9ff06f)
core   0: 0x8000b340 (0x00001f17) auipc   t5, 0x1
core   0: 3 0x8000b340 (0x00001f17) x30 0x8000c340
core   0: 0x8000b344 (0xcc3f2023) sw      gp, -832(t5)
core   0: 3 0x8000b344 (0xcc3f2023) mem 0x8000c000 0x00000001
core   0: 0x8000b348 (0xff9ff06f) j       pc - 0x8
core   0: 3 0x8000b348 (0xff9ff06f)
core   0: 0x8000b340 (0x00001f17) auipc   t5, 0x1
core   0: 3 0x8000b340 (0x00001f17) x30 0x8000c340
core   0: 0x8000b344 (0xcc3f2023) sw      gp, -832(t5)
core   0: 3 0x8000b344 (0xcc3f2023) mem 0x8000c000 0x00000001
core   0: 0x8000b348 (0xff9ff06f) j       pc - 0x8
core   0: 3 0x8000b348 (0xff9ff06f)
core   0: 0x8000b340 (0x00001f17) auipc   t5, 0x1
core   0: 3 0x8000b340 (0x00001f17) x30 0x8000c340
core   0: 0x8000b344 (0xcc3f2023) sw      gp, -832(t5)
core   0: 3 0x8000b344 (0xcc3f2023) mem 0x8000c000 0x00000001
core   0: 0x8000b348 (0xff9ff06f) j       pc - 0x8
core   0: 3 0x8000b348 (0xff9ff06f)
core   0: 0x8000b340 (0x00001f17) auipc   t5, 0x1
core   0: 3 0x8000b340 (0x00001f17) x30 0x8000c340
core   0: 0x8000b344 (0xcc3f2023) sw      gp, -832(t5)
core   0: 3 0x8000b344 (0xcc3f2023) mem 0x8000c000 0x00000001
core   0: 0x8000b348 (0xff9ff06f) j       pc - 0x8
core   0: 3 0x8000b348 (0xff9ff06f)
core   0: 0x8000b340 (0x00001f17) auipc   t5, 0x1
core   0: 3 0x8000b340 (0x00001f17) x30 0x8000c340
core   0: 0x8000b344 (0xcc3f2023) sw      gp, -832(t5)
core   0: 3 0x8000b344 (0xcc3f2023) mem 0x8000c000 0x00000001
core   0: 0x8000b348 (0xff9ff06f) j       pc - 0x8
core   0: 3 0x8000b348 (0xff9ff06f)
core   0: 0x8000b340 (0x00001f17) auipc   t5, 0x1
core   0: 3 0x8000b340 (0x00001f17) x30 0x8000c340
core   0: 0x8000b344 (0xcc3f2023) sw      gp, -832(t5)
core   0: 3 0x8000b344 (0xcc3f2023) mem 0x8000c000 0x00000001
core   0: 0x8000b348 (0xff9ff06f) j       pc - 0x8
core   0: 3 0x8000b348 (0xff9ff06f)
core   0: 0x8000b340 (0x00001f17) auipc   t5, 0x1
core   0: 3 0x8000b340 (0x00001f17) x30 0x8000c340
core   0: 0x8000b344 (0xcc3f2023) sw      gp, -832(t5)
core   0: 3 0x8000b344 (0xcc3f2023) mem 0x8000c000 0x00000001
core   0: 0x8000b348 (0xff9ff06f) j       pc - 0x8
core   0: 3 0x8000b348 (0xff9ff06f)
core   0: 0x8000b340 (0x00001f17) auipc   t5, 0x1
core   0: 3 0x8000b340 (0x00001f17) x30 0x8000c340
core   0: 0x8000b344 (0xcc3f2023) sw      gp, -832(t5)
core   0: 3 0x8000b344 (0xcc3f2023) mem 0x8000c000 0x00000001
core   0: 0x8000b348 (0xff9ff06f) j       pc - 0x8
core   0: 3 0x8000b348 (0xff9ff06f)
core   0: 0x8000b340 (0x00001f17) auipc   t5, 0x1
core   0: 3 0x8000b340 (0x00001f17) x30 0x8000c340
core   0: 0x8000b344 (0xcc3f2023) sw      gp, -832(t5)
core   0: 3 0x8000b344 (0xcc3f2023) mem 0x8000c000 0x00000001
core   0: 0x8000b348 (0xff9ff06f) j       pc - 0x8
core   0: 3 0x8000b348 (0xff9ff06f)
core   0: 0x8000b340 (0x00001f17) auipc   t5, 0x1
core   0: 3 0x8000b340 (0x00001f17) x30 0x8000c340
core   0: 0x8000b344 (0xcc3f2023) sw      gp, -832(t5)
core   0: 3 0x8000b344 (0xcc3f2023) mem 0x8000c000 0x00000001
core   0: 0x8000b348 (0xff9ff06f) j       pc - 0x8
core   0: 3 0x8000b348 (0xff9ff06f)
core   0: 0x8000b340 (0x00001f17) auipc   t5, 0x1
core   0: 3 0x8000b340 (0x00001f17) x30 0x8000c340
core   0: 0x8000b344 (0xcc3f2023) sw      gp, -832(t5)
core   0: 3 0x8000b344 (0xcc3f2023) mem 0x8000c000 0x00000001
core   0: 0x8000b348 (0xff9ff06f) j       pc - 0x8
core   0: 3 0x8000b348 (0xff9ff06f)
core   0: 0x8000b340 (0x00001f17) auipc   t5, 0x1
core   0: 3 0x8000b340 (0x00001f17) x30 0x8000c340
core   0: 0x8000b344 (0xcc3f2023) sw      gp, -832(t5)
core   0: 3 0x8000b344 (0xcc3f2023) mem 0x8000c000 0x00000001
core   0: 0x8000b348 (0xff9ff06f) j       pc - 0x8
core   0: 3 0x8000b348 (0xff9ff06f)
core   0: 0x8000b340 (0x00001f17) auipc   t5, 0x1
core   0: 3 0x8000b340 (0x00001f17) x30 0x8000c340
core   0: 0x8000b344 (0xcc3f2023) sw      gp, -832(t5)
core   0: 3 0x8000b344 (0xcc3f2023) mem 0x8000c000 0x00000001
core   0: 0x8000b348 (0xff9ff06f) j       pc - 0x8
core   0: 3 0x8000b348 (0xff9ff06f)
core   0: 0x8000b340 (0x00001f17) auipc   t5, 0x1
core   0: 3 0x8000b340 (0x00001f17) x30 0x8000c340
core   0: 0x8000b344 (0xcc3f2023) sw      gp, -832(t5)
core   0: 3 0x8000b344 (0xcc3f2023) mem 0x8000c000 0x00000001
core   0: 0x8000b348 (0xff9ff06f) j       pc - 0x8
core   0: 3 0x8000b348 (0xff9ff06f)
core   0: 0x8000b340 (0x00001f17) auipc   t5, 0x1
core   0: 3 0x8000b340 (0x00001f17) x30 0x8000c340
core   0: 0x8000b344 (0xcc3f2023) sw      gp, -832(t5)
core   0: 3 0x8000b344 (0xcc3f2023) mem 0x8000c000 0x00000001
core   0: 0x8000b348 (0xff9ff06f) j       pc - 0x8
core   0: 3 0x8000b348 (0xff9ff06f)
core   0: 0x8000b340 (0x00001f17) auipc   t5, 0x1
core   0: 3 0x8000b340 (0x00001f17) x30 0x8000c340
core   0: 0x8000b344 (0xcc3f2023) sw      gp, -832(t5)
core   0: 3 0x8000b344 (0xcc3f2023) mem 0x8000c000 0x00000001
core   0: 0x8000b348 (0xff9ff06f) j       pc - 0x8
core   0: 3 0x8000b348 (0xff9ff06f)
core   0: 0x8000b340 (0x00001f17) auipc   t5, 0x1
core   0: 3 0x8000b340 (0x00001f17) x30 0x8000c340
core   0: 0x8000b344 (0xcc3f2023) sw      gp, -832(t5)
core   0: 3 0x8000b344 (0xcc3f2023) mem 0x8000c000 0x00000001
core   0: 0x8000b348 (0xff9ff06f) j       pc - 0x8
core   0: 3 0x8000b348 (0xff9ff06f)
core   0: 0x8000b340 (0x00001f17) auipc   t5, 0x1
core   0: 3 0x8000b340 (0x00001f17) x30 0x8000c340
core   0: 0x8000b344 (0xcc3f2023) sw      gp, -832(t5)
core   0: 3 0x8000b344 (0xcc3f2023) mem 0x8000c000 0x00000001
core   0: 0x8000b348 (0xff9ff06f) j       pc - 0x8
core   0: 3 0x8000b348 (0xff9ff06f)
core   0: 0x8000b340 (0x00001f17) auipc   t5, 0x1
core   0: 3 0x8000b340 (0x00001f17) x30 0x8000c340
core   0: 0x8000b344 (0xcc3f2023) sw      gp, -832(t5)
core   0: 3 0x8000b344 (0xcc3f2023) mem 0x8000c000 0x00000001
core   0: 0x8000b348 (0xff9ff06f) j       pc - 0x8
core   0: 3 0x8000b348 (0xff9ff06f)
core   0: 0x8000b340 (0x00001f17) auipc   t5, 0x1
core   0: 3 0x8000b340 (0x00001f17) x30 0x8000c340
core   0: 0x8000b344 (0xcc3f2023) sw      gp, -832(t5)
core   0: 3 0x8000b344 (0xcc3f2023) mem 0x8000c000 0x00000001
core   0: 0x8000b348 (0xff9ff06f) j       pc - 0x8
core   0: 3 0x8000b348 (0xff9ff06f)
core   0: 0x8000b340 (0x00001f17) auipc   t5, 0x1
core   0: 3 0x8000b340 (0x00001f17) x30 0x8000c340
core   0: 0x8000b344 (0xcc3f2023) sw      gp, -832(t5)
core   0: 3 0x8000b344 (0xcc3f2023) mem 0x8000c000 0x00000001
core   0: 0x8000b348 (0xff9ff06f) j       pc - 0x8
core   0: 3 0x8000b348 (0xff9ff06f)
core   0: 0x8000b340 (0x00001f17) auipc   t5, 0x1
core   0: 3 0x8000b340 (0x00001f17) x30 0x8000c340
core   0: 0x8000b344 (0xcc3f2023) sw      gp, -832(t5)
core   0: 3 0x8000b344 (0xcc3f2023) mem 0x8000c000 0x00000001
core   0: 0x8000b348 (0xff9ff06f) j       pc - 0x8
core   0: 3 0x8000b348 (0xff9ff06f)
core   0: 0x8000b340 (0x00001f17) auipc   t5, 0x1
core   0: 3 0x8000b340 (0x00001f17) x30 0x8000c340
core   0: 0x8000b344 (0xcc3f2023) sw      gp, -832(t5)
core   0: 3 0x8000b344 (0xcc3f2023) mem 0x8000c000 0x00000001
core   0: 0x8000b348 (0xff9ff06f) j       pc - 0x8
core   0: 3 0x8000b348 (0xff9ff06f)
core   0: 0x8000b340 (0x00001f17) auipc   t5, 0x1
core   0: 3 0x8000b340 (0x00001f17) x30 0x8000c340
core   0: 0x8000b344 (0xcc3f2023) sw      gp, -832(t5)
core   0: 3 0x8000b344 (0xcc3f2023) mem 0x8000c000 0x00000001
core   0: 0x8000b348 (0xff9ff06f) j       pc - 0x8
core   0: 3 0x8000b348 (0xff9ff06f)
core   0: 0x8000b340 (0x00001f17) auipc   t5, 0x1
core   0: 3 0x8000b340 (0x00001f17) x30 0x8000c340
core   0: 0x8000b344 (0xcc3f2023) sw      gp, -832(t5)
core   0: 3 0x8000b344 (0xcc3f2023) mem 0x8000c000 0x00000001
core   0: 0x8000b348 (0xff9ff06f) j       pc - 0x8
core   0: 3 0x8000b348 (0xff9ff06f)
core   0: 0x8000b340 (0x00001f17) auipc   t5, 0x1
core   0: 3 0x8000b340 (0x00001f17) x30 0x8000c340
core   0: 0x8000b344 (0xcc3f2023) sw      gp, -832(t5)
core   0: 3 0x8000b344 (0xcc3f2023) mem 0x8000c000 0x00000001
core   0: 0x8000b348 (0xff9ff06f) j       pc - 0x8
core   0: 3 0x8000b348 (0xff9ff06f)
core   0: 0x8000b340 (0x00001f17) auipc   t5, 0x1
core   0: 3 0x8000b340 (0x00001f17) x30 0x8000c340
core   0: 0x8000b344 (0xcc3f2023) sw      gp, -832(t5)
core   0: 3 0x8000b344 (0xcc3f2023) mem 0x8000c000 0x00000001
core   0: 0x8000b348 (0xff9ff06f) j       pc - 0x8
core   0: 3 0x8000b348 (0xff9ff06f)
core   0: 0x8000b340 (0x00001f17) auipc   t5, 0x1
core   0: 3 0x8000b340 (0x00001f17) x30 0x8000c340
core   0: 0x8000b344 (0xcc3f2023) sw      gp, -832(t5)
core   0: 3 0x8000b344 (0xcc3f2023) mem 0x8000c000 0x00000001
core   0: 0x8000b348 (0xff9ff06f) j       pc - 0x8
core   0: 3 0x8000b348 (0xff9ff06f)
core   0: 0x8000b340 (0x00001f17) auipc   t5, 0x1
core   0: 3 0x8000b340 (0x00001f17) x30 0x8000c340
core   0: 0x8000b344 (0xcc3f2023) sw      gp, -832(t5)
core   0: 3 0x8000b344 (0xcc3f2023) mem 0x8000c000 0x00000001
core   0: 0x8000b348 (0xff9ff06f) j       pc - 0x8
core   0: 3 0x8000b348 (0xff9ff06f)
core   0: 0x8000b340 (0x00001f17) auipc   t5, 0x1
core   0: 3 0x8000b340 (0x00001f17) x30 0x8000c340
core   0: 0x8000b344 (0xcc3f2023) sw      gp, -832(t5)
core   0: 3 0x8000b344 (0xcc3f2023) mem 0x8000c000 0x00000001
core   0: 0x8000b348 (0xff9ff06f) j       pc - 0x8
core   0: 3 0x8000b348 (0xff9ff06f)
core   0: 0x8000b340 (0x00001f17) auipc   t5, 0x1
core   0: 3 0x8000b340 (0x00001f17) x30 0x8000c340
core   0: 0x8000b344 (0xcc3f2023) sw      gp, -832(t5)
core   0: 3 0x8000b344 (0xcc3f2023) mem 0x8000c000 0x00000001
core   0: 0x8000b348 (0xff9ff06f) j       pc - 0x8
core   0: 3 0x8000b348 (0xff9ff06f)
core   0: 0x8000b340 (0x00001f17) auipc   t5, 0x1
core   0: 3 0x8000b340 (0x00001f17) x30 0x8000c340
core   0: 0x8000b344 (0xcc3f2023) sw      gp, -832(t5)
core   0: 3 0x8000b344 (0xcc3f2023) mem 0x8000c000 0x00000001
core   0: 0x8000b348 (0xff9ff06f) j       pc - 0x8
core   0: 3 0x8000b348 (0xff9ff06f)
core   0: 0x8000b340 (0x00001f17) auipc   t5, 0x1
core   0: 3 0x8000b340 (0x00001f17) x30 0x8000c340
core   0: 0x8000b344 (0xcc3f2023) sw      gp, -832(t5)
core   0: 3 0x8000b344 (0xcc3f2023) mem 0x8000c000 0x00000001
core   0: 0x8000b348 (0xff9ff06f) j       pc - 0x8
core   0: 3 0x8000b348 (0xff9ff06f)
core   0: 0x8000b340 (0x00001f17) auipc   t5, 0x1
core   0: 3 0x8000b340 (0x00001f17) x30 0x8000c340
core   0: 0x8000b344 (0xcc3f2023) sw      gp, -832(t5)
core   0: 3 0x8000b344 (0xcc3f2023) mem 0x8000c000 0x00000001
core   0: 0x8000b348 (0xff9ff06f) j       pc - 0x8
core   0: 3 0x8000b348 (0xff9ff06f)
core   0: 0x8000b340 (0x00001f17) auipc   t5, 0x1
core   0: 3 0x8000b340 (0x00001f17) x30 0x8000c340
core   0: 0x8000b344 (0xcc3f2023) sw      gp, -832(t5)
core   0: 3 0x8000b344 (0xcc3f2023) mem 0x8000c000 0x00000001
core   0: 0x8000b348 (0xff9ff06f) j       pc - 0x8
core   0: 3 0x8000b348 (0xff9ff06f)
core   0: 0x8000b340 (0x00001f17) auipc   t5, 0x1
core   0: 3 0x8000b340 (0x00001f17) x30 0x8000c340
core   0: 0x8000b344 (0xcc3f2023) sw      gp, -832(t5)
core   0: 3 0x8000b344 (0xcc3f2023) mem 0x8000c000 0x00000001
core   0: 0x8000b348 (0xff9ff06f) j       pc - 0x8
core   0: 3 0x8000b348 (0xff9ff06f)
core   0: 0x8000b340 (0x00001f17) auipc   t5, 0x1
core   0: 3 0x8000b340 (0x00001f17) x30 0x8000c340
core   0: 0x8000b344 (0xcc3f2023) sw      gp, -832(t5)
core   0: 3 0x8000b344 (0xcc3f2023) mem 0x8000c000 0x00000001
core   0: 0x8000b348 (0xff9ff06f) j       pc - 0x8
core   0: 3 0x8000b348 (0xff9ff06f)
core   0: 0x8000b340 (0x00001f17) auipc   t5, 0x1
core   0: 3 0x8000b340 (0x00001f17) x30 0x8000c340
core   0: 0x8000b344 (0xcc3f2023) sw      gp, -832(t5)
core   0: 3 0x8000b344 (0xcc3f2023) mem 0x8000c000 0x00000001
core   0: 0x8000b348 (0xff9ff06f) j       pc - 0x8
core   0: 3 0x8000b348 (0xff9ff06f)
core   0: 0x8000b340 (0x00001f17) auipc   t5, 0x1
core   0: 3 0x8000b340 (0x00001f17) x30 0x8000c340
core   0: 0x8000b344 (0xcc3f2023) sw      gp, -832(t5)
core   0: 3 0x8000b344 (0xcc3f2023) mem 0x8000c000 0x00000001
core   0: 0x8000b348 (0xff9ff06f) j       pc - 0x8
core   0: 3 0x8000b348 (0xff9ff06f)
core   0: 0x8000b340 (0x00001f17) auipc   t5, 0x1
core   0: 3 0x8000b340 (0x00001f17) x30 0x8000c340
core   0: 0x8000b344 (0xcc3f2023) sw      gp, -832(t5)
core   0: 3 0x8000b344 (0xcc3f2023) mem 0x8000c000 0x00000001
core   0: 0x8000b348 (0xff9ff06f) j       pc - 0x8
core   0: 3 0x8000b348 (0xff9ff06f)
core   0: 0x8000b340 (0x00001f17) auipc   t5, 0x1
core   0: 3 0x8000b340 (0x00001f17) x30 0x8000c340
core   0: 0x8000b344 (0xcc3f2023) sw      gp, -832(t5)
core   0: 3 0x8000b344 (0xcc3f2023) mem 0x8000c000 0x00000001
core   0: 0x8000b348 (0xff9ff06f) j       pc - 0x8
core   0: 3 0x8000b348 (0xff9ff06f)
core   0: 0x8000b340 (0x00001f17) auipc   t5, 0x1
core   0: 3 0x8000b340 (0x00001f17) x30 0x8000c340
core   0: 0x8000b344 (0xcc3f2023) sw      gp, -832(t5)
core   0: 3 0x8000b344 (0xcc3f2023) mem 0x8000c000 0x00000001
core   0: 0x8000b348 (0xff9ff06f) j       pc - 0x8
core   0: 3 0x8000b348 (0xff9ff06f)
core   0: 0x8000b340 (0x00001f17) auipc   t5, 0x1
core   0: 3 0x8000b340 (0x00001f17) x30 0x8000c340
core   0: 0x8000b344 (0xcc3f2023) sw      gp, -832(t5)
core   0: 3 0x8000b344 (0xcc3f2023) mem 0x8000c000 0x00000001
core   0: 0x8000b348 (0xff9ff06f) j       pc - 0x8
core   0: 3 0x8000b348 (0xff9ff06f)
core   0: 0x8000b340 (0x00001f17) auipc   t5, 0x1
core   0: 3 0x8000b340 (0x00001f17) x30 0x8000c340
core   0: 0x8000b344 (0xcc3f2023) sw      gp, -832(t5)
core   0: 3 0x8000b344 (0xcc3f2023) mem 0x8000c000 0x00000001
core   0: 0x8000b348 (0xff9ff06f) j       pc - 0x8
core   0: 3 0x8000b348 (0xff9ff06f)
core   0: 0x8000b340 (0x00001f17) auipc   t5, 0x1
core   0: 3 0x8000b340 (0x00001f17) x30 0x8000c340
core   0: 0x8000b344 (0xcc3f2023) sw      gp, -832(t5)
core   0: 3 0x8000b344 (0xcc3f2023) mem 0x8000c000 0x00000001
core   0: 0x8000b348 (0xff9ff06f) j       pc - 0x8
core   0: 3 0x8000b348 (0xff9ff06f)
core   0: 0x8000b340 (0x00001f17) auipc   t5, 0x1
core   0: 3 0x8000b340 (0x00001f17) x30 0x8000c340
core   0: 0x8000b344 (0xcc3f2023) sw      gp, -832(t5)
core   0: 3 0x8000b344 (0xcc3f2023) mem 0x8000c000 0x00000001
core   0: 0x8000b348 (0xff9ff06f) j       pc - 0x8
core   0: 3 0x8000b348 (0xff9ff06f)
core   0: 0x8000b340 (0x00001f17) auipc   t5, 0x1
core   0: 3 0x8000b340 (0x00001f17) x30 0x8000c340
core   0: 0x8000b344 (0xcc3f2023) sw      gp, -832(t5)
core   0: 3 0x8000b344 (0xcc3f2023) mem 0x8000c000 0x00000001
core   0: 0x8000b348 (0xff9ff06f) j       pc - 0x8
core   0: 3 0x8000b348 (0xff9ff06f)
core   0: 0x8000b340 (0x00001f17) auipc   t5, 0x1
core   0: 3 0x8000b340 (0x00001f17) x30 0x8000c340
core   0: 0x8000b344 (0xcc3f2023) sw      gp, -832(t5)
core   0: 3 0x8000b344 (0xcc3f2023) mem 0x8000c000 0x00000001
core   0: 0x8000b348 (0xff9ff06f) j       pc - 0x8
core   0: 3 0x8000b348 (0xff9ff06f)
core   0: 0x8000b340 (0x00001f17) auipc   t5, 0x1
core   0: 3 0x8000b340 (0x00001f17) x30 0x8000c340
core   0: 0x8000b344 (0xcc3f2023) sw      gp, -832(t5)
core   0: 3 0x8000b344 (0xcc3f2023) mem 0x8000c000 0x00000001
core   0: 0x8000b348 (0xff9ff06f) j       pc - 0x8
core   0: 3 0x8000b348 (0xff9ff06f)
core   0: 0x8000b340 (0x00001f17) auipc   t5, 0x1
core   0: 3 0x8000b340 (0x00001f17) x30 0x8000c340
core   0: 0x8000b344 (0xcc3f2023) sw      gp, -832(t5)
core   0: 3 0x8000b344 (0xcc3f2023) mem 0x8000c000 0x00000001
core   0: 0x8000b348 (0xff9ff06f) j       pc - 0x8
core   0: 3 0x8000b348 (0xff9ff06f)
core   0: 0x8000b340 (0x00001f17) auipc   t5, 0x1
core   0: 3 0x8000b340 (0x00001f17) x30 0x8000c340
core   0: 0x8000b344 (0xcc3f2023) sw      gp, -832(t5)
core   0: 3 0x8000b344 (0xcc3f2023) mem 0x8000c000 0x00000001
core   0: 0x8000b348 (0xff9ff06f) j       pc - 0x8
core   0: 3 0x8000b348 (0xff9ff06f)
core   0: 0x8000b340 (0x00001f17) auipc   t5, 0x1
core   0: 3 0x8000b340 (0x00001f17) x30 0x8000c340
core   0: 0x8000b344 (0xcc3f2023) sw      gp, -832(t5)
core   0: 3 0x8000b344 (0xcc3f2023) mem 0x8000c000 0x00000001
core   0: 0x8000b348 (0xff9ff06f) j       pc - 0x8
core   0: 3 0x8000b348 (0xff9ff06f)
core   0: 0x8000b340 (0x00001f17) auipc   t5, 0x1
core   0: 3 0x8000b340 (0x00001f17) x30 0x8000c340
core   0: 0x8000b344 (0xcc3f2023) sw      gp, -832(t5)
core   0: 3 0x8000b344 (0xcc3f2023) mem 0x8000c000 0x00000001
core   0: 0x8000b348 (0xff9ff06f) j       pc - 0x8
core   0: 3 0x8000b348 (0xff9ff06f)
core   0: 0x8000b340 (0x00001f17) auipc   t5, 0x1
core   0: 3 0x8000b340 (0x00001f17) x30 0x8000c340
core   0: 0x8000b344 (0xcc3f2023) sw      gp, -832(t5)
core   0: 3 0x8000b344 (0xcc3f2023) mem 0x8000c000 0x00000001
core   0: 0x8000b348 (0xff9ff06f) j       pc - 0x8
core   0: 3 0x8000b348 (0xff9ff06f)
core   0: 0x8000b340 (0x00001f17) auipc   t5, 0x1
core   0: 3 0x8000b340 (0x00001f17) x30 0x8000c340
core   0: 0x8000b344 (0xcc3f2023) sw      gp, -832(t5)
core   0: 3 0x8000b344 (0xcc3f2023) mem 0x8000c000 0x00000001
core   0: 0x8000b348 (0xff9ff06f) j       pc - 0x8
core   0: 3 0x8000b348 (0xff9ff06f)
core   0: 0x8000b340 (0x00001f17) auipc   t5, 0x1
core   0: 3 0x8000b340 (0x00001f17) x30 0x8000c340
core   0: 0x8000b344 (0xcc3f2023) sw      gp, -832(t5)
core   0: 3 0x8000b344 (0xcc3f2023) mem 0x8000c000 0x00000001
core   0: 0x8000b348 (0xff9ff06f) j       pc - 0x8
core   0: 3 0x8000b348 (0xff9ff06f)
core   0: 0x8000b340 (0x00001f17) auipc   t5, 0x1
core   0: 3 0x8000b340 (0x00001f17) x30 0x8000c340
core   0: 0x8000b344 (0xcc3f2023) sw      gp, -832(t5)
core   0: 3 0x8000b344 (0xcc3f2023) mem 0x8000c000 0x00000001
core   0: 0x8000b348 (0xff9ff06f) j       pc - 0x8
core   0: 3 0x8000b348 (0xff9ff06f)
core   0: 0x8000b340 (0x00001f17) auipc   t5, 0x1
core   0: 3 0x8000b340 (0x00001f17) x30 0x8000c340
core   0: 0x8000b344 (0xcc3f2023) sw      gp, -832(t5)
core   0: 3 0x8000b344 (0xcc3f2023) mem 0x8000c000 0x00000001
core   0: 0x8000b348 (0xff9ff06f) j       pc - 0x8
core   0: 3 0x8000b348 (0xff9ff06f)
core   0: 0x8000b340 (0x00001f17) auipc   t5, 0x1
core   0: 3 0x8000b340 (0x00001f17) x30 0x8000c340
core   0: 0x8000b344 (0xcc3f2023) sw      gp, -832(t5)
core   0: 3 0x8000b344 (0xcc3f2023) mem 0x8000c000 0x00000001
core   0: 0x8000b348 (0xff9ff06f) j       pc - 0x8
core   0: 3 0x8000b348 (0xff9ff06f)
core   0: 0x8000b340 (0x00001f17) auipc   t5, 0x1
core   0: 3 0x8000b340 (0x00001f17) x30 0x8000c340
core   0: 0x8000b344 (0xcc3f2023) sw      gp, -832(t5)
core   0: 3 0x8000b344 (0xcc3f2023) mem 0x8000c000 0x00000001
core   0: 0x8000b348 (0xff9ff06f) j       pc - 0x8
core   0: 3 0x8000b348 (0xff9ff06f)
core   0: 0x8000b340 (0x00001f17) auipc   t5, 0x1
core   0: 3 0x8000b340 (0x00001f17) x30 0x8000c340
core   0: 0x8000b344 (0xcc3f2023) sw      gp, -832(t5)
core   0: 3 0x8000b344 (0xcc3f2023) mem 0x8000c000 0x00000001
core   0: 0x8000b348 (0xff9ff06f) j       pc - 0x8
core   0: 3 0x8000b348 (0xff9ff06f)
core   0: 0x8000b340 (0x00001f17) auipc   t5, 0x1
core   0: 3 0x8000b340 (0x00001f17) x30 0x8000c340
core   0: 0x8000b344 (0xcc3f2023) sw      gp, -832(t5)
core   0: 3 0x8000b344 (0xcc3f2023) mem 0x8000c000 0x00000001
core   0: 0x8000b348 (0xff9ff06f) j       pc - 0x8
core   0: 3 0x8000b348 (0xff9ff06f)
core   0: 0x8000b340 (0x00001f17) auipc   t5, 0x1
core   0: 3 0x8000b340 (0x00001f17) x30 0x8000c340
core   0: 0x8000b344 (0xcc3f2023) sw      gp, -832(t5)
core   0: 3 0x8000b344 (0xcc3f2023) mem 0x8000c000 0x00000001
core   0: 0x8000b348 (0xff9ff06f) j       pc - 0x8
core   0: 3 0x8000b348 (0xff9ff06f)
core   0: 0x8000b340 (0x00001f17) auipc   t5, 0x1
core   0: 3 0x8000b340 (0x00001f17) x30 0x8000c340
core   0: 0x8000b344 (0xcc3f2023) sw      gp, -832(t5)
core   0: 3 0x8000b344 (0xcc3f2023) mem 0x8000c000 0x00000001
core   0: 0x8000b348 (0xff9ff06f) j       pc - 0x8
core   0: 3 0x8000b348 (0xff9ff06f)
core   0: 0x8000b340 (0x00001f17) auipc   t5, 0x1
core   0: 3 0x8000b340 (0x00001f17) x30 0x8000c340
core   0: 0x8000b344 (0xcc3f2023) sw      gp, -832(t5)
core   0: 3 0x8000b344 (0xcc3f2023) mem 0x8000c000 0x00000001
core   0: 0x8000b348 (0xff9ff06f) j       pc - 0x8
core   0: 3 0x8000b348 (0xff9ff06f)
core   0: 0x8000b340 (0x00001f17) auipc   t5, 0x1
core   0: 3 0x8000b340 (0x00001f17) x30 0x8000c340
core   0: 0x8000b344 (0xcc3f2023) sw      gp, -832(t5)
core   0: 3 0x8000b344 (0xcc3f2023) mem 0x8000c000 0x00000001
core   0: 0x8000b348 (0xff9ff06f) j       pc - 0x8
core   0: 3 0x8000b348 (0xff9ff06f)
core   0: 0x8000b340 (0x00001f17) auipc   t5, 0x1
core   0: 3 0x8000b340 (0x00001f17) x30 0x8000c340
core   0: 0x8000b344 (0xcc3f2023) sw      gp, -832(t5)
core   0: 3 0x8000b344 (0xcc3f2023) mem 0x8000c000 0x00000001
core   0: 0x8000b348 (0xff9ff06f) j       pc - 0x8
core   0: 3 0x8000b348 (0xff9ff06f)
core   0: 0x8000b340 (0x00001f17) auipc   t5, 0x1
core   0: 3 0x8000b340 (0x00001f17) x30 0x8000c340
core   0: 0x8000b344 (0xcc3f2023) sw      gp, -832(t5)
core   0: 3 0x8000b344 (0xcc3f2023) mem 0x8000c000 0x00000001
core   0: 0x8000b348 (0xff9ff06f) j       pc - 0x8
core   0: 3 0x8000b348 (0xff9ff06f)
core   0: 0x8000b340 (0x00001f17) auipc   t5, 0x1
core   0: 3 0x8000b340 (0x00001f17) x30 0x8000c340
core   0: 0x8000b344 (0xcc3f2023) sw      gp, -832(t5)
core   0: 3 0x8000b344 (0xcc3f2023) mem 0x8000c000 0x00000001
core   0: 0x8000b348 (0xff9ff06f) j       pc - 0x8
core   0: 3 0x8000b348 (0xff9ff06f)
core   0: 0x8000b340 (0x00001f17) auipc   t5, 0x1
core   0: 3 0x8000b340 (0x00001f17) x30 0x8000c340
core   0: 0x8000b344 (0xcc3f2023) sw      gp, -832(t5)
core   0: 3 0x8000b344 (0xcc3f2023) mem 0x8000c000 0x00000001
core   0: 0x8000b348 (0xff9ff06f) j       pc - 0x8
core   0: 3 0x8000b348 (0xff9ff06f)
core   0: 0x8000b340 (0x00001f17) auipc   t5, 0x1
core   0: 3 0x8000b340 (0x00001f17) x30 0x8000c340
core   0: 0x8000b344 (0xcc3f2023) sw      gp, -832(t5)
core   0: 3 0x8000b344 (0xcc3f2023) mem 0x8000c000 0x00000001
core   0: 0x8000b348 (0xff9ff06f) j       pc - 0x8
core   0: 3 0x8000b348 (0xff9ff06f)
core   0: 0x8000b340 (0x00001f17) auipc   t5, 0x1
core   0: 3 0x8000b340 (0x00001f17) x30 0x8000c340
core   0: 0x8000b344 (0xcc3f2023) sw      gp, -832(t5)
core   0: 3 0x8000b344 (0xcc3f2023) mem 0x8000c000 0x00000001
core   0: 0x8000b348 (0xff9ff06f) j       pc - 0x8
core   0: 3 0x8000b348 (0xff9ff06f)
core   0: 0x8000b340 (0x00001f17) auipc   t5, 0x1
core   0: 3 0x8000b340 (0x00001f17) x30 0x8000c340
core   0: 0x8000b344 (0xcc3f2023) sw      gp, -832(t5)
core   0: 3 0x8000b344 (0xcc3f2023) mem 0x8000c000 0x00000001
core   0: 0x8000b348 (0xff9ff06f) j       pc - 0x8
core   0: 3 0x8000b348 (0xff9ff06f)
core   0: 0x8000b340 (0x00001f17) auipc   t5, 0x1
core   0: 3 0x8000b340 (0x00001f17) x30 0x8000c340
core   0: 0x8000b344 (0xcc3f2023) sw      gp, -832(t5)
core   0: 3 0x8000b344 (0xcc3f2023) mem 0x8000c000 0x00000001
core   0: 0x8000b348 (0xff9ff06f) j       pc - 0x8
core   0: 3 0x8000b348 (0xff9ff06f)
core   0: 0x8000b340 (0x00001f17) auipc   t5, 0x1
core   0: 3 0x8000b340 (0x00001f17) x30 0x8000c340
core   0: 0x8000b344 (0xcc3f2023) sw      gp, -832(t5)
core   0: 3 0x8000b344 (0xcc3f2023) mem 0x8000c000 0x00000001
core   0: 0x8000b348 (0xff9ff06f) j       pc - 0x8
core   0: 3 0x8000b348 (0xff9ff06f)
core   0: 0x8000b340 (0x00001f17) auipc   t5, 0x1
core   0: 3 0x8000b340 (0x00001f17) x30 0x8000c340
core   0: 0x8000b344 (0xcc3f2023) sw      gp, -832(t5)
core   0: 3 0x8000b344 (0xcc3f2023) mem 0x8000c000 0x00000001
core   0: 0x8000b348 (0xff9ff06f) j       pc - 0x8
core   0: 3 0x8000b348 (0xff9ff06f)
core   0: 0x8000b340 (0x00001f17) auipc   t5, 0x1
core   0: 3 0x8000b340 (0x00001f17) x30 0x8000c340
core   0: 0x8000b344 (0xcc3f2023) sw      gp, -832(t5)
core   0: 3 0x8000b344 (0xcc3f2023) mem 0x8000c000 0x00000001
core   0: 0x8000b348 (0xff9ff06f) j       pc - 0x8
core   0: 3 0x8000b348 (0xff9ff06f)
core   0: 0x8000b340 (0x00001f17) auipc   t5, 0x1
core   0: 3 0x8000b340 (0x00001f17) x30 0x8000c340
core   0: 0x8000b344 (0xcc3f2023) sw      gp, -832(t5)
core   0: 3 0x8000b344 (0xcc3f2023) mem 0x8000c000 0x00000001
core   0: 0x8000b348 (0xff9ff06f) j       pc - 0x8
core   0: 3 0x8000b348 (0xff9ff06f)
core   0: 0x8000b340 (0x00001f17) auipc   t5, 0x1
core   0: 3 0x8000b340 (0x00001f17) x30 0x8000c340
core   0: 0x8000b344 (0xcc3f2023) sw      gp, -832(t5)
core   0: 3 0x8000b344 (0xcc3f2023) mem 0x8000c000 0x00000001
core   0: 0x8000b348 (0xff9ff06f) j       pc - 0x8
core   0: 3 0x8000b348 (0xff9ff06f)
core   0: 0x8000b340 (0x00001f17) auipc   t5, 0x1
core   0: 3 0x8000b340 (0x00001f17) x30 0x8000c340
core   0: 0x8000b344 (0xcc3f2023) sw      gp, -832(t5)
core   0: 3 0x8000b344 (0xcc3f2023) mem 0x8000c000 0x00000001
core   0: 0x8000b348 (0xff9ff06f) j       pc - 0x8
core   0: 3 0x8000b348 (0xff9ff06f)
core   0: 0x8000b340 (0x00001f17) auipc   t5, 0x1
core   0: 3 0x8000b340 (0x00001f17) x30 0x8000c340
core   0: 0x8000b344 (0xcc3f2023) sw      gp, -832(t5)
core   0: 3 0x8000b344 (0xcc3f2023) mem 0x8000c000 0x00000001
core   0: 0x8000b348 (0xff9ff06f) j       pc - 0x8
core   0: 3 0x8000b348 (0xff9ff06f)
core   0: 0x8000b340 (0x00001f17) auipc   t5, 0x1
core   0: 3 0x8000b340 (0x00001f17) x30 0x8000c340
core   0: 0x8000b344 (0xcc3f2023) sw      gp, -832(t5)
core   0: 3 0x8000b344 (0xcc3f2023) mem 0x8000c000 0x00000001
core   0: 0x8000b348 (0xff9ff06f) j       pc - 0x8
core   0: 3 0x8000b348 (0xff9ff06f)
core   0: 0x8000b340 (0x00001f17) auipc   t5, 0x1
core   0: 3 0x8000b340 (0x00001f17) x30 0x8000c340
core   0: 0x8000b344 (0xcc3f2023) sw      gp, -832(t5)
core   0: 3 0x8000b344 (0xcc3f2023) mem 0x8000c000 0x00000001
core   0: 0x8000b348 (0xff9ff06f) j       pc - 0x8
core   0: 3 0x8000b348 (0xff9ff06f)
core   0: 0x8000b340 (0x00001f17) auipc   t5, 0x1
core   0: 3 0x8000b340 (0x00001f17) x30 0x8000c340
core   0: 0x8000b344 (0xcc3f2023) sw      gp, -832(t5)
core   0: 3 0x8000b344 (0xcc3f2023) mem 0x8000c000 0x00000001
core   0: 0x8000b348 (0xff9ff06f) j       pc - 0x8
core   0: 3 0x8000b348 (0xff9ff06f)
core   0: 0x8000b340 (0x00001f17) auipc   t5, 0x1
core   0: 3 0x8000b340 (0x00001f17) x30 0x8000c340
core   0: 0x8000b344 (0xcc3f2023) sw      gp, -832(t5)
core   0: 3 0x8000b344 (0xcc3f2023) mem 0x8000c000 0x00000001
core   0: 0x8000b348 (0xff9ff06f) j       pc - 0x8
core   0: 3 0x8000b348 (0xff9ff06f)
core   0: 0x8000b340 (0x00001f17) auipc   t5, 0x1
core   0: 3 0x8000b340 (0x00001f17) x30 0x8000c340
core   0: 0x8000b344 (0xcc3f2023) sw      gp, -832(t5)
core   0: 3 0x8000b344 (0xcc3f2023) mem 0x8000c000 0x00000001
core   0: 0x8000b348 (0xff9ff06f) j       pc - 0x8
core   0: 3 0x8000b348 (0xff9ff06f)
core   0: 0x8000b340 (0x00001f17) auipc   t5, 0x1
core   0: 3 0x8000b340 (0x00001f17) x30 0x8000c340
core   0: 0x8000b344 (0xcc3f2023) sw      gp, -832(t5)
core   0: 3 0x8000b344 (0xcc3f2023) mem 0x8000c000 0x00000001
core   0: 0x8000b348 (0xff9ff06f) j       pc - 0x8
core   0: 3 0x8000b348 (0xff9ff06f)
core   0: 0x8000b340 (0x00001f17) auipc   t5, 0x1
core   0: 3 0x8000b340 (0x00001f17) x30 0x8000c340
core   0: 0x8000b344 (0xcc3f2023) sw      gp, -832(t5)
core   0: 3 0x8000b344 (0xcc3f2023) mem 0x8000c000 0x00000001
core   0: 0x8000b348 (0xff9ff06f) j       pc - 0x8
core   0: 3 0x8000b348 (0xff9ff06f)
core   0: 0x8000b340 (0x00001f17) auipc   t5, 0x1
core   0: 3 0x8000b340 (0x00001f17) x30 0x8000c340
core   0: 0x8000b344 (0xcc3f2023) sw      gp, -832(t5)
core   0: 3 0x8000b344 (0xcc3f2023) mem 0x8000c000 0x00000001
core   0: 0x8000b348 (0xff9ff06f) j       pc - 0x8
core   0: 3 0x8000b348 (0xff9ff06f)
core   0: 0x8000b340 (0x00001f17) auipc   t5, 0x1
core   0: 3 0x8000b340 (0x00001f17) x30 0x8000c340
core   0: 0x8000b344 (0xcc3f2023) sw      gp, -832(t5)
core   0: 3 0x8000b344 (0xcc3f2023) mem 0x8000c000 0x00000001
core   0: 0x8000b348 (0xff9ff06f) j       pc - 0x8
core   0: 3 0x8000b348 (0xff9ff06f)
core   0: 0x8000b340 (0x00001f17) auipc   t5, 0x1
core   0: 3 0x8000b340 (0x00001f17) x30 0x8000c340
core   0: 0x8000b344 (0xcc3f2023) sw      gp, -832(t5)
core   0: 3 0x8000b344 (0xcc3f2023) mem 0x8000c000 0x00000001
core   0: 0x8000b348 (0xff9ff06f) j       pc - 0x8
core   0: 3 0x8000b348 (0xff9ff06f)
core   0: 0x8000b340 (0x00001f17) auipc   t5, 0x1
core   0: 3 0x8000b340 (0x00001f17) x30 0x8000c340
core   0: 0x8000b344 (0xcc3f2023) sw      gp, -832(t5)
core   0: 3 0x8000b344 (0xcc3f2023) mem 0x8000c000 0x00000001
core   0: 0x8000b348 (0xff9ff06f) j       pc - 0x8
core   0: 3 0x8000b348 (0xff9ff06f)
core   0: 0x8000b340 (0x00001f17) auipc   t5, 0x1
core   0: 3 0x8000b340 (0x00001f17) x30 0x8000c340
core   0: 0x8000b344 (0xcc3f2023) sw      gp, -832(t5)
core   0: 3 0x8000b344 (0xcc3f2023) mem 0x8000c000 0x00000001
core   0: 0x8000b348 (0xff9ff06f) j       pc - 0x8
core   0: 3 0x8000b348 (0xff9ff06f)
core   0: 0x8000b340 (0x00001f17) auipc   t5, 0x1
core   0: 3 0x8000b340 (0x00001f17) x30 0x8000c340
core   0: 0x8000b344 (0xcc3f2023) sw      gp, -832(t5)
core   0: 3 0x8000b344 (0xcc3f2023) mem 0x8000c000 0x00000001
core   0: 0x8000b348 (0xff9ff06f) j       pc - 0x8
core   0: 3 0x8000b348 (0xff9ff06f)
core   0: 0x8000b340 (0x00001f17) auipc   t5, 0x1
core   0: 3 0x8000b340 (0x00001f17) x30 0x8000c340
core   0: 0x8000b344 (0xcc3f2023) sw      gp, -832(t5)
core   0: 3 0x8000b344 (0xcc3f2023) mem 0x8000c000 0x00000001
core   0: 0x8000b348 (0xff9ff06f) j       pc - 0x8
core   0: 3 0x8000b348 (0xff9ff06f)
core   0: 0x8000b340 (0x00001f17) auipc   t5, 0x1
core   0: 3 0x8000b340 (0x00001f17) x30 0x8000c340
core   0: 0x8000b344 (0xcc3f2023) sw      gp, -832(t5)
core   0: 3 0x8000b344 (0xcc3f2023) mem 0x8000c000 0x00000001
core   0: 0x8000b348 (0xff9ff06f) j       pc - 0x8
core   0: 3 0x8000b348 (0xff9ff06f)
core   0: 0x8000b340 (0x00001f17) auipc   t5, 0x1
core   0: 3 0x8000b340 (0x00001f17) x30 0x8000c340
core   0: 0x8000b344 (0xcc3f2023) sw      gp, -832(t5)
core   0: 3 0x8000b344 (0xcc3f2023) mem 0x8000c000 0x00000001
core   0: 0x8000b348 (0xff9ff06f) j       pc - 0x8
core   0: 3 0x8000b348 (0xff9ff06f)
core   0: 0x8000b340 (0x00001f17) auipc   t5, 0x1
core   0: 3 0x8000b340 (0x00001f17) x30 0x8000c340
core   0: 0x8000b344 (0xcc3f2023) sw      gp, -832(t5)
core   0: 3 0x8000b344 (0xcc3f2023) mem 0x8000c000 0x00000001
core   0: 0x8000b348 (0xff9ff06f) j       pc - 0x8
core   0: 3 0x8000b348 (0xff9ff06f)
core   0: 0x8000b340 (0x00001f17) auipc   t5, 0x1
core   0: 3 0x8000b340 (0x00001f17) x30 0x8000c340
core   0: 0x8000b344 (0xcc3f2023) sw      gp, -832(t5)
core   0: 3 0x8000b344 (0xcc3f2023) mem 0x8000c000 0x00000001
core   0: 0x8000b348 (0xff9ff06f) j       pc - 0x8
core   0: 3 0x8000b348 (0xff9ff06f)
core   0: 0x8000b340 (0x00001f17) auipc   t5, 0x1
core   0: 3 0x8000b340 (0x00001f17) x30 0x8000c340
core   0: 0x8000b344 (0xcc3f2023) sw      gp, -832(t5)
core   0: 3 0x8000b344 (0xcc3f2023) mem 0x8000c000 0x00000001
core   0: 0x8000b348 (0xff9ff06f) j       pc - 0x8
core   0: 3 0x8000b348 (0xff9ff06f)
core   0: 0x8000b340 (0x00001f17) auipc   t5, 0x1
core   0: 3 0x8000b340 (0x00001f17) x30 0x8000c340
core   0: 0x8000b344 (0xcc3f2023) sw      gp, -832(t5)
core   0: 3 0x8000b344 (0xcc3f2023) mem 0x8000c000 0x00000001
core   0: 0x8000b348 (0xff9ff06f) j       pc - 0x8
core   0: 3 0x8000b348 (0xff9ff06f)
core   0: 0x8000b340 (0x00001f17) auipc   t5, 0x1
core   0: 3 0x8000b340 (0x00001f17) x30 0x8000c340
core   0: 0x8000b344 (0xcc3f2023) sw      gp, -832(t5)
core   0: 3 0x8000b344 (0xcc3f2023) mem 0x8000c000 0x00000001
core   0: 0x8000b348 (0xff9ff06f) j       pc - 0x8
core   0: 3 0x8000b348 (0xff9ff06f)
core   0: 0x8000b340 (0x00001f17) auipc   t5, 0x1
core   0: 3 0x8000b340 (0x00001f17) x30 0x8000c340
core   0: 0x8000b344 (0xcc3f2023) sw      gp, -832(t5)
core   0: 3 0x8000b344 (0xcc3f2023) mem 0x8000c000 0x00000001
core   0: 0x8000b348 (0xff9ff06f) j       pc - 0x8
core   0: 3 0x8000b348 (0xff9ff06f)
core   0: 0x8000b340 (0x00001f17) auipc   t5, 0x1
core   0: 3 0x8000b340 (0x00001f17) x30 0x8000c340
core   0: 0x8000b344 (0xcc3f2023) sw      gp, -832(t5)
core   0: 3 0x8000b344 (0xcc3f2023) mem 0x8000c000 0x00000001
core   0: 0x8000b348 (0xff9ff06f) j       pc - 0x8
core   0: 3 0x8000b348 (0xff9ff06f)
core   0: 0x8000b340 (0x00001f17) auipc   t5, 0x1
core   0: 3 0x8000b340 (0x00001f17) x30 0x8000c340
core   0: 0x8000b344 (0xcc3f2023) sw      gp, -832(t5)
core   0: 3 0x8000b344 (0xcc3f2023) mem 0x8000c000 0x00000001
core   0: 0x8000b348 (0xff9ff06f) j       pc - 0x8
core   0: 3 0x8000b348 (0xff9ff06f)
core   0: 0x8000b340 (0x00001f17) auipc   t5, 0x1
core   0: 3 0x8000b340 (0x00001f17) x30 0x8000c340
core   0: 0x8000b344 (0xcc3f2023) sw      gp, -832(t5)
core   0: 3 0x8000b344 (0xcc3f2023) mem 0x8000c000 0x00000001
core   0: 0x8000b348 (0xff9ff06f) j       pc - 0x8
core   0: 3 0x8000b348 (0xff9ff06f)
core   0: 0x8000b340 (0x00001f17) auipc   t5, 0x1
core   0: 3 0x8000b340 (0x00001f17) x30 0x8000c340
core   0: 0x8000b344 (0xcc3f2023) sw      gp, -832(t5)
core   0: 3 0x8000b344 (0xcc3f2023) mem 0x8000c000 0x00000001
core   0: 0x8000b348 (0xff9ff06f) j       pc - 0x8
core   0: 3 0x8000b348 (0xff9ff06f)
core   0: 0x8000b340 (0x00001f17) auipc   t5, 0x1
core   0: 3 0x8000b340 (0x00001f17) x30 0x8000c340
core   0: 0x8000b344 (0xcc3f2023) sw      gp, -832(t5)
core   0: 3 0x8000b344 (0xcc3f2023) mem 0x8000c000 0x00000001
core   0: 0x8000b348 (0xff9ff06f) j       pc - 0x8
core   0: 3 0x8000b348 (0xff9ff06f)
core   0: 0x8000b340 (0x00001f17) auipc   t5, 0x1
core   0: 3 0x8000b340 (0x00001f17) x30 0x8000c340
core   0: 0x8000b344 (0xcc3f2023) sw      gp, -832(t5)
core   0: 3 0x8000b344 (0xcc3f2023) mem 0x8000c000 0x00000001
core   0: 0x8000b348 (0xff9ff06f) j       pc - 0x8
core   0: 3 0x8000b348 (0xff9ff06f)
core   0: 0x8000b340 (0x00001f17) auipc   t5, 0x1
core   0: 3 0x8000b340 (0x00001f17) x30 0x8000c340
core   0: 0x8000b344 (0xcc3f2023) sw      gp, -832(t5)
core   0: 3 0x8000b344 (0xcc3f2023) mem 0x8000c000 0x00000001
core   0: 0x8000b348 (0xff9ff06f) j       pc - 0x8
core   0: 3 0x8000b348 (0xff9ff06f)
core   0: 0x8000b340 (0x00001f17) auipc   t5, 0x1
core   0: 3 0x8000b340 (0x00001f17) x30 0x8000c340
core   0: 0x8000b344 (0xcc3f2023) sw      gp, -832(t5)
core   0: 3 0x8000b344 (0xcc3f2023) mem 0x8000c000 0x00000001
core   0: 0x8000b348 (0xff9ff06f) j       pc - 0x8
core   0: 3 0x8000b348 (0xff9ff06f)
core   0: 0x8000b340 (0x00001f17) auipc   t5, 0x1
core   0: 3 0x8000b340 (0x00001f17) x30 0x8000c340
core   0: 0x8000b344 (0xcc3f2023) sw      gp, -832(t5)
core   0: 3 0x8000b344 (0xcc3f2023) mem 0x8000c000 0x00000001
core   0: 0x8000b348 (0xff9ff06f) j       pc - 0x8
core   0: 3 0x8000b348 (0xff9ff06f)
core   0: 0x8000b340 (0x00001f17) auipc   t5, 0x1
core   0: 3 0x8000b340 (0x00001f17) x30 0x8000c340
core   0: 0x8000b344 (0xcc3f2023) sw      gp, -832(t5)
core   0: 3 0x8000b344 (0xcc3f2023) mem 0x8000c000 0x00000001
core   0: 0x8000b348 (0xff9ff06f) j       pc - 0x8
core   0: 3 0x8000b348 (0xff9ff06f)
core   0: 0x8000b340 (0x00001f17) auipc   t5, 0x1
core   0: 3 0x8000b340 (0x00001f17) x30 0x8000c340
core   0: 0x8000b344 (0xcc3f2023) sw      gp, -832(t5)
core   0: 3 0x8000b344 (0xcc3f2023) mem 0x8000c000 0x00000001
core   0: 0x8000b348 (0xff9ff06f) j       pc - 0x8
core   0: 3 0x8000b348 (0xff9ff06f)
core   0: 0x8000b340 (0x00001f17) auipc   t5, 0x1
core   0: 3 0x8000b340 (0x00001f17) x30 0x8000c340
core   0: 0x8000b344 (0xcc3f2023) sw      gp, -832(t5)
core   0: 3 0x8000b344 (0xcc3f2023) mem 0x8000c000 0x00000001
core   0: 0x8000b348 (0xff9ff06f) j       pc - 0x8
core   0: 3 0x8000b348 (0xff9ff06f)
core   0: 0x8000b340 (0x00001f17) auipc   t5, 0x1
core   0: 3 0x8000b340 (0x00001f17) x30 0x8000c340
core   0: 0x8000b344 (0xcc3f2023) sw      gp, -832(t5)
core   0: 3 0x8000b344 (0xcc3f2023) mem 0x8000c000 0x00000001
core   0: 0x8000b348 (0xff9ff06f) j       pc - 0x8
core   0: 3 0x8000b348 (0xff9ff06f)
core   0: 0x8000b340 (0x00001f17) auipc   t5, 0x1
core   0: 3 0x8000b340 (0x00001f17) x30 0x8000c340
core   0: 0x8000b344 (0xcc3f2023) sw      gp, -832(t5)
core   0: 3 0x8000b344 (0xcc3f2023) mem 0x8000c000 0x00000001
core   0: 0x8000b348 (0xff9ff06f) j       pc - 0x8
core   0: 3 0x8000b348 (0xff9ff06f)
core   0: 0x8000b340 (0x00001f17) auipc   t5, 0x1
core   0: 3 0x8000b340 (0x00001f17) x30 0x8000c340
core   0: 0x8000b344 (0xcc3f2023) sw      gp, -832(t5)
core   0: 3 0x8000b344 (0xcc3f2023) mem 0x8000c000 0x00000001
core   0: 0x8000b348 (0xff9ff06f) j       pc - 0x8
core   0: 3 0x8000b348 (0xff9ff06f)
core   0: 0x8000b340 (0x00001f17) auipc   t5, 0x1
core   0: 3 0x8000b340 (0x00001f17) x30 0x8000c340
core   0: 0x8000b344 (0xcc3f2023) sw      gp, -832(t5)
core   0: 3 0x8000b344 (0xcc3f2023) mem 0x8000c000 0x00000001
