core   0: 0x00001000 (0x00000297) auipc   t0, 0x0
core   0: 3 0x00001000 (0x00000297) x 5 0x00001000
core   0: 0x00001004 (0x02028593) addi    a1, t0, 32
core   0: 3 0x00001004 (0x02028593) x11 0x00001020
core   0: 0x00001008 (0xf1402573) csrr    a0, mhartid
core   0: 3 0x00001008 (0xf1402573) x10 0x00000000
core   0: 0x0000100c (0x0182a283) lw      t0, 24(t0)
core   0: 3 0x0000100c (0x0182a283) x 5 0x80000000 mem 0x00001018
core   0: 0x00001010 (0x00028067) jr      t0
core   0: 3 0x00001010 (0x00028067)
core   0: 0x80000000 (0xf14022f3) csrr    t0, mhartid
core   0: 3 0x80000000 (0xf14022f3) x 5 0x00000000
core   0: 0x80000004 (0x00000313) li      t1, 0
core   0: 3 0x80000004 (0x00000313) x 6 0x00000000
core   0: 0x80000008 (0x00628263) beq     t0, t1, pc + 4
core   0: 3 0x80000008 (0x00628263)
core   0: 0x8000000c (0x00000597) auipc   a1, 0x0
core   0: 3 0x8000000c (0x00000597) x11 0x8000000c
core   0: 0x80000010 (0x00c58593) addi    a1, a1, 12
core   0: 3 0x80000010 (0x00c58593) x11 0x80000018
core   0: 0x80000014 (0x00058067) jr      a1
core   0: 3 0x80000014 (0x00058067)
core   0: 0x80000018 (0x40000e37) lui     t3, 0x40000
core   0: 3 0x80000018 (0x40000e37) x28 0x40000000
core   0: 0x8000001c (0x100e0e13) addi    t3, t3, 256
core   0: 3 0x8000001c (0x100e0e13) x28 0x40000100
core   0: 0x80000020 (0x301e1073) csrw    misa, t3
core   0: 3 0x80000020 (0x301e1073) c769_misa 0x40140100
core   0: 0x80000024 (0x0002f117) auipc   sp, 0x2f
core   0: 3 0x80000024 (0x0002f117) x 2 0x8002f024
core   0: 0x80000028 (0xcc010113) addi    sp, sp, -832
core   0: 3 0x80000028 (0xcc010113) x 2 0x8002ece4
core   0: 0x8000002c (0x00014e17) auipc   t3, 0x14
core   0: 3 0x8000002c (0x00014e17) x28 0x8001402c
core   0: 0x80000030 (0x2b4e0e13) addi    t3, t3, 692
core   0: 3 0x80000030 (0x2b4e0e13) x28 0x800142e0
core   0: 0x80000034 (0x001e6e13) ori     t3, t3, 1
core   0: 3 0x80000034 (0x001e6e13) x28 0x800142e1
core   0: 0x80000038 (0x305e1073) csrw    mtvec, t3
core   0: 3 0x80000038 (0x305e1073) c773_mtvec 0x800142e1
core   0: 0x8000003c (0x00000e17) auipc   t3, 0x0
core   0: 3 0x8000003c (0x00000e17) x28 0x8000003c
core   0: 0x80000040 (0x028e0e13) addi    t3, t3, 40
core   0: 3 0x80000040 (0x028e0e13) x28 0x80000064
core   0: 0x80000044 (0x341e1073) csrw    mepc, t3
core   0: 3 0x80000044 (0x341e1073) c833_mepc 0x80000064
core   0: 0x80000048 (0x00000013) nop
core   0: 3 0x80000048 (0x00000013)
core   0: 0x8000004c (0x00002e37) lui     t3, 0x2
core   0: 3 0x8000004c (0x00002e37) x28 0x00002000
core   0: 0x80000050 (0x800e0e13) addi    t3, t3, -2048
core   0: 3 0x80000050 (0x800e0e13) x28 0x00001800
core   0: 0x80000054 (0x300e1073) csrw    mstatus, t3
core   0: 3 0x80000054 (0x300e1073) c768_mstatus 0x00001800
core   0: 0x80000058 (0x00000e13) li      t3, 0
core   0: 3 0x80000058 (0x00000e13) x28 0x00000000
core   0: 0x8000005c (0x304e1073) csrw    mie, t3
core   0: 3 0x8000005c (0x304e1073) c772_mie 0x00000000
core   0: 0x80000060 (0x30200073) mret
core   0: 3 0x80000060 (0x30200073) c768_mstatus 0x00000080
core   0: >>>>  init
core   0: 0x80000064 (0x95c9e037) lui     zero, 0x95c9e
core   0: 3 0x80000064 (0x95c9e037)
core   0: 0x80000068 (0x03b00013) li      zero, 59
core   0: 3 0x80000068 (0x03b00013)
core   0: 0x8000006c (0x93ffa0b7) lui     ra, 0x93ffa
core   0: 3 0x8000006c (0x93ffa0b7) x 1 0x93ffa000
core   0: 0x80000070 (0xe3708093) addi    ra, ra, -457
core   0: 3 0x80000070 (0xe3708093) x 1 0x93ff9e37
core   0: 0x80000074 (0x70f581b7) lui     gp, 0x70f58
core   0: 3 0x80000074 (0x70f581b7) x 3 0x70f58000
core   0: 0x80000078 (0x5f118193) addi    gp, gp, 1521
core   0: 3 0x80000078 (0x5f118193) x 3 0x70f585f1
core   0: 0x8000007c (0xf2e93237) lui     tp, 0xf2e93
core   0: 3 0x8000007c (0xf2e93237) x 4 0xf2e93000
core   0: 0x80000080 (0x10520213) addi    tp, tp, 261
core   0: 3 0x80000080 (0x10520213) x 4 0xf2e93105
core   0: 0x80000084 (0x862a82b7) lui     t0, 0x862a8
core   0: 3 0x80000084 (0x862a82b7) x 5 0x862a8000
core   0: 0x80000088 (0x21c28293) addi    t0, t0, 540
core   0: 3 0x80000088 (0x21c28293) x 5 0x862a821c
core   0: 0x8000008c (0x979cf337) lui     t1, 0x979cf
core   0: 3 0x8000008c (0x979cf337) x 6 0x979cf000
core   0: 0x80000090 (0x43f30313) addi    t1, t1, 1087
core   0: 3 0x80000090 (0x43f30313) x 6 0x979cf43f
core   0: 0x80000094 (0x800003b7) lui     t2, 0x80000
core   0: 3 0x80000094 (0x800003b7) x 7 0x80000000
core   0: 0x80000098 (0x00000413) li      s0, 0
core   0: 3 0x80000098 (0x00000413) x 8 0x00000000
core   0: 0x8000009c (0x800004b7) lui     s1, 0x80000
core   0: 3 0x8000009c (0x800004b7) x 9 0x80000000
core   0: 0x800000a0 (0x00000513) li      a0, 0
core   0: 3 0x800000a0 (0x00000513) x10 0x00000000
core   0: 0x800000a4 (0x800005b7) lui     a1, 0x80000
core   0: 3 0x800000a4 (0x800005b7) x11 0x80000000
core   0: 0x800000a8 (0x167836b7) lui     a3, 0x16783
core   0: 3 0x800000a8 (0x167836b7) x13 0x16783000
core   0: 0x800000ac (0x73c68693) addi    a3, a3, 1852
core   0: 3 0x800000ac (0x73c68693) x13 0x1678373c
core   0: 0x800000b0 (0x00000713) li      a4, 0
core   0: 3 0x800000b0 (0x00000713) x14 0x00000000
core   0: 0x800000b4 (0x800007b7) lui     a5, 0x80000
core   0: 3 0x800000b4 (0x800007b7) x15 0x80000000
core   0: 0x800000b8 (0xfd9e2837) lui     a6, 0xfd9e2
core   0: 3 0x800000b8 (0xfd9e2837) x16 0xfd9e2000
core   0: 0x800000bc (0xe1b80813) addi    a6, a6, -485
core   0: 3 0x800000bc (0xe1b80813) x16 0xfd9e1e1b
core   0: 0x800000c0 (0xf163e8b7) lui     a7, 0xf163e
core   0: 3 0x800000c0 (0xf163e8b7) x17 0xf163e000
core   0: 0x800000c4 (0xa6288893) addi    a7, a7, -1438
core   0: 3 0x800000c4 (0xa6288893) x17 0xf163da62
core   0: 0x800000c8 (0x80000937) lui     s2, 0x80000
core   0: 3 0x800000c8 (0x80000937) x18 0x80000000
core   0: 0x800000cc (0xf40de9b7) lui     s3, 0xf40de
core   0: 3 0x800000cc (0xf40de9b7) x19 0xf40de000
core   0: 0x800000d0 (0x52898993) addi    s3, s3, 1320
core   0: 3 0x800000d0 (0x52898993) x19 0xf40de528
core   0: 0x800000d4 (0x80a3fa37) lui     s4, 0x80a3f
core   0: 3 0x800000d4 (0x80a3fa37) x20 0x80a3f000
core   0: 0x800000d8 (0x211a0a13) addi    s4, s4, 529
core   0: 3 0x800000d8 (0x211a0a13) x20 0x80a3f211
core   0: 0x800000dc (0x00000a93) li      s5, 0
core   0: 3 0x800000dc (0x00000a93) x21 0x00000000
core   0: 0x800000e0 (0x00200b13) li      s6, 2
core   0: 3 0x800000e0 (0x00200b13) x22 0x00000002
core   0: 0x800000e4 (0x00800b93) li      s7, 8
core   0: 3 0x800000e4 (0x00800b93) x23 0x00000008
core   0: 0x800000e8 (0x80000c37) lui     s8, 0x80000
core   0: 3 0x800000e8 (0x80000c37) x24 0x80000000
core   0: 0x800000ec (0xf0313cb7) lui     s9, 0xf0313
core   0: 3 0x800000ec (0xf0313cb7) x25 0xf0313000
core   0: 0x800000f0 (0x640c8c93) addi    s9, s9, 1600
core   0: 3 0x800000f0 (0x640c8c93) x25 0xf0313640
core   0: 0x800000f4 (0x00400d13) li      s10, 4
core   0: 3 0x800000f4 (0x00400d13) x26 0x00000004
core   0: 0x800000f8 (0xf9c40db7) lui     s11, 0xf9c40
core   0: 3 0x800000f8 (0xf9c40db7) x27 0xf9c40000
core   0: 0x800000fc (0x213d8d93) addi    s11, s11, 531
core   0: 3 0x800000fc (0x213d8d93) x27 0xf9c40213
core   0: 0x80000100 (0x80000e37) lui     t3, 0x80000
core   0: 3 0x80000100 (0x80000e37) x28 0x80000000
core   0: 0x80000104 (0x80000eb7) lui     t4, 0x80000
core   0: 3 0x80000104 (0x80000eb7) x29 0x80000000
core   0: 0x80000108 (0xf3673f37) lui     t5, 0xf3673
core   0: 3 0x80000108 (0xf3673f37) x30 0xf3673000
core   0: 0x8000010c (0x926f0f13) addi    t5, t5, -1754
core   0: 3 0x8000010c (0x926f0f13) x30 0xf3672926
core   0: 0x80000110 (0x80000fb7) lui     t6, 0x80000
core   0: 3 0x80000110 (0x80000fb7) x31 0x80000000
core   0: 0x80000114 (0x0002b617) auipc   a2, 0x2b
core   0: 3 0x80000114 (0x0002b617) x12 0x8002b114
core   0: 0x80000118 (0xd5060613) addi    a2, a2, -688
core   0: 3 0x80000118 (0xd5060613) x12 0x8002ae64
core   0: 0x8000011c (0x00018a97) auipc   s5, 0x18
core   0: 3 0x8000011c (0x00018a97) x21 0x8001811c
core   0: 0x80000120 (0x71ca8a93) addi    s5, s5, 1820
core   0: 3 0x80000120 (0x71ca8a93) x21 0x80018838
core   0: 0x80000124 (0x0ccad003) lhu     zero, 204(s5)
core   0: 3 0x80000124 (0x0ccad003) mem 0x80018904
core   0: 0x80000128 (0x0cca9483) lh      s1, 204(s5)
core   0: 3 0x80000128 (0x0cca9483) x 9 0xffffbebf mem 0x80018904
core   0: 0x8000012c (0x0cca9403) lh      s0, 204(s5)
core   0: 3 0x8000012c (0x0cca9403) x 8 0xffffbebf mem 0x80018904
core   0: 0x80000130 (0x0ccac203) lbu     tp, 204(s5)
core   0: 3 0x80000130 (0x0ccac203) x 4 0x000000bf mem 0x80018904
core   0: 0x80000134 (0x0ccaa503) lw      a0, 204(s5)
core   0: 3 0x80000134 (0x0ccaa503) x10 0xbcbdbebf mem 0x80018904
core   0: 0x80000138 (0x0d6a8623) sb      s6, 204(s5)
core   0: 3 0x80000138 (0x0d6a8623) mem 0x80018904 0x2
core   0: 0x8000013c (0x0c8a8623) sb      s0, 204(s5)
core   0: 3 0x8000013c (0x0c8a8623) mem 0x80018904 0xbf
core   0: 0x80000140 (0x0ccac683) lbu     a3, 204(s5)
core   0: 3 0x80000140 (0x0ccac683) x13 0x000000bf mem 0x80018904
core   0: 0x80000144 (0x0ccaa483) lw      s1, 204(s5)
core   0: 3 0x80000144 (0x0ccaa483) x 9 0xbcbdbebf mem 0x80018904
core   0: 0x80000148 (0x0cca9983) lh      s3, 204(s5)
core   0: 3 0x80000148 (0x0cca9983) x19 0xffffbebf mem 0x80018904
core   0: 0x8000014c (0x11da8f03) lb      t5, 285(s5)
core   0: 3 0x8000014c (0x11da8f03) x30 0x0000000e mem 0x80018955
core   0: 0x80000150 (0x9403e517) auipc   a0, 0x9403e
core   0: 3 0x80000150 (0x9403e517) x10 0x1403e150
core   0: 0x80000154 (0x11dac883) lbu     a7, 285(s5)
core   0: 3 0x80000154 (0x11dac883) x17 0x0000000e mem 0x80018955
core   0: 0x80000158 (0x11da8483) lb      s1, 285(s5)
core   0: 3 0x80000158 (0x11da8483) x 9 0x0000000e mem 0x80018955
core   0: 0x8000015c (0xe86a8823) sb      t1, -368(s5)
core   0: 3 0x8000015c (0xe86a8823) mem 0x800186c8 0x3f
core   0: 0x80000160 (0x0001c897) auipc   a7, 0x1c
core   0: 3 0x80000160 (0x0001c897) x17 0x8001c160
core   0: 0x80000164 (0xc5a88893) addi    a7, a7, -934
core   0: 3 0x80000164 (0xc5a88893) x17 0x8001bdba
core   0: 0x80000168 (0xc108cc03) lbu     s8, -1008(a7)
core   0: 3 0x80000168 (0xc108cc03) x24 0x00000081 mem 0x8001b9ca
core   0: 0x8000016c (0xaeb88903) lb      s2, -1301(a7)
core   0: 3 0x8000016c (0xaeb88903) x18 0x0000005e mem 0x8001b8a5
core   0: 0x80000170 (0xaeb8c303) lbu     t1, -1301(a7)
core   0: 3 0x80000170 (0xaeb8c303) x 6 0x0000005e mem 0x8001b8a5
core   0: 0x80000174 (0x66d9b793) sltiu   a5, s3, 1645
core   0: 3 0x80000174 (0x66d9b793) x15 0x00000000
core   0: 0x80000178 (0xa3688983) lb      s3, -1482(a7)
core   0: 3 0x80000178 (0xa3688983) x19 0xffffffab mem 0x8001b7f0
core   0: 0x8000017c (0xa368cc03) lbu     s8, -1482(a7)
core   0: 3 0x8000017c (0xa368cc03) x24 0x000000ab mem 0x8001b7f0
core   0: 0x80000180 (0xb3188223) sb      a7, -1244(a7)
core   0: 3 0x80000180 (0xb3188223) mem 0x8001b8de 0xba
core   0: 0x80000184 (0x42188683) lb      a3, 1057(a7)
core   0: 3 0x80000184 (0x42188683) x13 0xffffff90 mem 0x8001c1db
core   0: 0x80000188 (0x6b088e23) sb      a6, 1724(a7)
core   0: 3 0x80000188 (0x6b088e23) mem 0x8001c476 0x1b
core   0: 0x8000018c (0x417881b3) sub     gp, a7, s7
core   0: 3 0x8000018c (0x417881b3) x 3 0x8001bdb2
core   0: 0x80000190 (0x6b788e23) sb      s7, 1724(a7)
core   0: 3 0x80000190 (0x6b788e23) mem 0x8001c476 0x8
core   0: 0x80000194 (0x88788003) lb      zero, -1913(a7)
core   0: 3 0x80000194 (0x88788003) mem 0x8001b641
core   0: 0x80000198 (0x56889c03) lh      s8, 1384(a7)
core   0: 3 0x80000198 (0x56889c03) x24 0xffffd8d9 mem 0x8001c322
core   0: 0x8000019c (0x0125f233) and     tp, a1, s2
core   0: 3 0x8000019c (0x0125f233) x 4 0x00000000
core   0: 0x800001a0 (0x56888b83) lb      s7, 1384(a7)
core   0: 3 0x800001a0 (0x56888b83) x23 0xffffffd9 mem 0x8001c322
core   0: 0x800001a4 (0x00015b17) auipc   s6, 0x15
core   0: 3 0x800001a4 (0x00015b17) x22 0x800151a4
core   0: 0x800001a8 (0x16db0b13) addi    s6, s6, 365
core   0: 3 0x800001a8 (0x16db0b13) x22 0x80015311
core   0: 0x800001ac (0x82f9c993) xori    s3, s3, -2001
core   0: 3 0x800001ac (0x82f9c993) x19 0x00000784
core   0: 0x800001b0 (0x61de1437) lui     s0, 0x61de1
core   0: 3 0x800001b0 (0x61de1437) x 8 0x61de1000
core   0: 0x800001b4 (0x01920ab3) add     s5, tp, s9
core   0: 3 0x800001b4 (0x01920ab3) x21 0xf0313640
core   0: 0x800001b8 (0x00000013) nop
core   0: 3 0x800001b8 (0x00000013)
core   0: 0x800001bc (0xfe7b0e23) sb      t2, -4(s6)
core   0: 3 0x800001bc (0xfe7b0e23) mem 0x8001530d 0x0
core   0: 0x800001c0 (0x008c7c33) and     s8, s8, s0
core   0: 3 0x800001c0 (0x008c7c33) x24 0x61de1000
core   0: 0x800001c4 (0x01cf7233) and     tp, t5, t3
core   0: 3 0x800001c4 (0x01cf7233) x 4 0x00000000
core   0: 0x800001c8 (0x65f6cdb7) lui     s11, 0x65f6c
core   0: 3 0x800001c8 (0x65f6cdb7) x27 0x65f6c000
core   0: 0x800001cc (0xfe4b0da3) sb      tp, -5(s6)
core   0: 3 0x800001cc (0xfe4b0da3) mem 0x8001530c 0x0
core   0: 0x800001d0 (0xfa2b0f03) lb      t5, -94(s6)
core   0: 3 0x800001d0 (0xfa2b0f03) x30 0x00000068 mem 0x800152b3
core   0: 0x800001d4 (0x0ff0000f) fence   iorw,iorw
core   0: 3 0x800001d4 (0x0ff0000f)
core   0: 0x800001d8 (0xff5b5503) lhu     a0, -11(s6)
core   0: 3 0x800001d8 (0xff5b5503) x10 0x0000bcbd mem 0x80015306
core   0: 0x800001dc (0xf2fb1e83) lh      t4, -209(s6)
core   0: 3 0x800001dc (0xf2fb1e83) x29 0xfffffafb mem 0x80015240
core   0: 0x800001e0 (0x005b0f83) lb      t6, 5(s6)
core   0: 3 0x800001e0 (0x005b0f83) x31 0xffffffcd mem 0x80015316
core   0: 0x800001e4 (0x0000100f) fence.i
core   0: 3 0x800001e4 (0x0000100f)
core   0: 0x800001e8 (0xf3fb2183) lw      gp, -193(s6)
core   0: 3 0x800001e8 (0xf3fb2183) x 3 0x08090a0b mem 0x80015250
core   0: 0x800001ec (0x401686b3) sub     a3, a3, ra
core   0: 3 0x800001ec (0x401686b3) x13 0x6c006159
core   0: 0x800001f0 (0xf96b1da3) sh      s6, -101(s6)
core   0: 3 0x800001f0 (0xf96b1da3) mem 0x800152ac 0x5311
core   0: 0x800001f4 (0x0dcb1da3) sh      t3, 219(s6)
core   0: 3 0x800001f4 (0x0dcb1da3) mem 0x800153ec 0x0000
core   0: 0x800001f8 (0x70613f93) sltiu   t6, sp, 1798
core   0: 3 0x800001f8 (0x70613f93) x31 0x00000000
core   0: 0x800001fc (0xcbb6fd13) andi    s10, a3, -837
core   0: 3 0x800001fc (0xcbb6fd13) x26 0x6c006019
core   0: 0x80000200 (0x00fc4db3) xor     s11, s8, a5
core   0: 3 0x80000200 (0x00fc4db3) x27 0x61de1000
core   0: 0x80000204 (0x0062deb3) srl     t4, t0, t1
core   0: 3 0x80000204 (0x0062deb3) x29 0x00000002
core   0: 0x80000208 (0x50cb0993) addi    s3, s6, 1292
core   0: 3 0x80000208 (0x50cb0993) x19 0x8001581d
core   0: 0x8000020c (0x41d88933) sub     s2, a7, t4
core   0: 3 0x8000020c (0x41d88933) x18 0x8001bdb8
core   0: 0x80000210 (0xf5db27a3) sw      t4, -177(s6)
core   0: 3 0x80000210 (0xf5db27a3) mem 0x80015260 0x00000002
core   0: 0x80000214 (0x00f32db3) slt     s11, t1, a5
core   0: 3 0x80000214 (0x00f32db3) x27 0x00000000
core   0: 0x80000218 (0x01eb0883) lb      a7, 30(s6)
core   0: 3 0x80000218 (0x01eb0883) x17 0xffffffe4 mem 0x8001532f
core   0: 0x8000021c (0x059b0e03) lb      t3, 89(s6)
core   0: 3 0x8000021c (0x059b0e03) x28 0x00000021 mem 0x8001536a
core   0: 0x80000220 (0xf3eb0783) lb      a5, -194(s6)
core   0: 3 0x80000220 (0xf3eb0783) x15 0x00000004 mem 0x8001524f
core   0: 0x80000224 (0xf0cb0e23) sb      a2, -228(s6)
core   0: 3 0x80000224 (0xf0cb0e23) mem 0x8001522d 0x64
core   0: 0x80000228 (0xd23dc293) xori    t0, s11, -733
core   0: 3 0x80000228 (0xd23dc293) x 5 0xfffffd23
core   0: 0x8000022c (0x00b71693) slli    a3, a4, 11
core   0: 3 0x8000022c (0x00b71693) x13 0x00000000
core   0: 0x80000230 (0x00000013) nop
core   0: 3 0x80000230 (0x00000013)
core   0: 0x80000234 (0x0000100f) fence.i
core   0: 3 0x80000234 (0x0000100f)
core   0: 0x80000238 (0xfccb0a83) lb      s5, -52(s6)
core   0: 3 0x80000238 (0xfccb0a83) x21 0xffffff96 mem 0x800152dd
core   0: 0x8000023c (0x014c71b3) and     gp, s8, s4
core   0: 3 0x8000023c (0x014c71b3) x 3 0x00821000
core   0: 0x80000240 (0x00d2af33) slt     t5, t0, a3
core   0: 3 0x80000240 (0x00d2af33) x30 0x00000001
core   0: 0x80000244 (0x0087a533) slt     a0, a5, s0
core   0: 3 0x80000244 (0x0087a533) x10 0x00000001
core   0: 0x80000248 (0xf2eb0a23) sb      a4, -204(s6)
core   0: 3 0x80000248 (0xf2eb0a23) mem 0x80015245 0x0
core   0: 0x8000024c (0x00015517) auipc   a0, 0x15
core   0: 3 0x8000024c (0x00015517) x10 0x8001524c
core   0: 0x80000250 (0x28050513) addi    a0, a0, 640
core   0: 3 0x80000250 (0x28050513) x10 0x800154cc
core   0: 0x80000254 (0x43655d83) lhu     s11, 1078(a0)
core   0: 3 0x80000254 (0x43655d83) x27 0x0000b8b9 mem 0x80015902
core   0: 0x80000258 (0xf6f54903) lbu     s2, -145(a0)
core   0: 3 0x80000258 (0xf6f54903) x18 0x000000f0 mem 0x8001543b
core   0: 0x8000025c (0x01441db3) sll     s11, s0, s4
core   0: 3 0x8000025c (0x01441db3) x27 0x20000000
core   0: 0x80000260 (0xfce51823) sh      a4, -48(a0)
core   0: 3 0x80000260 (0xfce51823) mem 0x8001549c 0x0000
core   0: 0x80000264 (0x0ae51023) sh      a4, 160(a0)
core   0: 3 0x80000264 (0x0ae51023) mem 0x8001556c 0x0000
core   0: 0x80000268 (0x051504a3) sb      a7, 73(a0)
core   0: 3 0x80000268 (0x051504a3) mem 0x80015515 0xe4
core   0: 0x8000026c (0x04950683) lb      a3, 73(a0)
core   0: 3 0x8000026c (0x04950683) x13 0xffffffe4 mem 0x80015515
core   0: 0x80000270 (0x05c504a3) sb      t3, 73(a0)
core   0: 3 0x80000270 (0x05c504a3) mem 0x80015515 0x21
core   0: 0x80000274 (0x62ce6213) ori     tp, t3, 1580
core   0: 3 0x80000274 (0x62ce6213) x 4 0x0000062d
core   0: 0x80000278 (0x7474f713) andi    a4, s1, 1863
core   0: 3 0x80000278 (0x7474f713) x14 0x00000006
core   0: 0x8000027c (0x98954e13) xori    t3, a0, -1655
core   0: 3 0x8000027c (0x98954e13) x28 0x7ffead45
core   0: 0x80000280 (0x04950b83) lb      s7, 73(a0)
core   0: 3 0x80000280 (0x04950b83) x23 0x00000021 mem 0x80015515
core   0: 0x80000284 (0x051504a3) sb      a7, 73(a0)
core   0: 3 0x80000284 (0x051504a3) mem 0x80015515 0xe4
core   0: 0x80000288 (0x00e1d793) srli    a5, gp, 14
core   0: 3 0x80000288 (0x00e1d793) x15 0x00000208
core   0: 0x8000028c (0x47451c03) lh      s8, 1140(a0)
core   0: 3 0x8000028c (0x47451c03) x24 0xfffffafb mem 0x80015940
core   0: 0x80000290 (0x0ff0000f) fence   iorw,iorw
core   0: 3 0x80000290 (0x0ff0000f)
core   0: 0x80000294 (0x82698c37) lui     s8, 0x82698
core   0: 3 0x80000294 (0x82698c37) x24 0x82698000
core   0: 0x80000298 (0xdb752a23) sw      s7, -588(a0)
core   0: 3 0x80000298 (0xdb752a23) mem 0x80015280 0x00000021
core   0: 0x8000029c (0x00015697) auipc   a3, 0x15
core   0: 3 0x8000029c (0x00015697) x13 0x8001529c
core   0: 0x800002a0 (0xe0468693) addi    a3, a3, -508
core   0: 3 0x800002a0 (0xe0468693) x13 0x800150a0
core   0: 0x800002a4 (0x0076ac23) sw      t2, 24(a3)
core   0: 3 0x800002a4 (0x0076ac23) mem 0x800150b8 0x80000000
core   0: 0x800002a8 (0xfc168003) lb      zero, -63(a3)
core   0: 3 0x800002a8 (0xfc168003) mem 0x80015061
core   0: 0x800002ac (0x00d69b23) sh      a3, 22(a3)
core   0: 3 0x800002ac (0x00d69b23) mem 0x800150b6 0x50a0
core   0: 0x800002b0 (0x00025897) auipc   a7, 0x25
core   0: 3 0x800002b0 (0x00025897) x17 0x800252b0
core   0: 0x800002b4 (0x97088893) addi    a7, a7, -1680
core   0: 3 0x800002b4 (0x97088893) x17 0x80024c20
core   0: 0x800002b8 (0x01268403) lb      s0, 18(a3)
core   0: 3 0x800002b8 (0x01268403) x 8 0x00000069 mem 0x800150b2
core   0: 0x800002bc (0x0008cc83) lbu     s9, 0(a7)
core   0: 3 0x800002bc (0x0008cc83) x25 0x000000db mem 0x80024c20
core   0: 0x800002c0 (0xffd68083) lb      ra, -3(a3)
core   0: 3 0x800002c0 (0xffd68083) x 1 0x00000056 mem 0x8001509d
core   0: 0x800002c4 (0x00589323) sh      t0, 6(a7)
core   0: 3 0x800002c4 (0x00589323) mem 0x80024c26 0xfd23
core   0: 0x800002c8 (0x01368a03) lb      s4, 19(a3)
core   0: 3 0x800002c8 (0x01368a03) x20 0x00000068 mem 0x800150b3
core   0: 0x800002cc (0x01689023) sh      s6, 0(a7)
core   0: 3 0x800002cc (0x01689023) mem 0x80024c20 0x5311
core   0: 0x800002d0 (0x02a8cd83) lbu     s11, 42(a7)
core   0: 3 0x800002d0 (0x02a8cd83) x27 0x00000001 mem 0x80024c4a
core   0: 0x800002d4 (0xfc588703) lb      a4, -59(a7)
core   0: 3 0x800002d4 (0xfc588703) x14 0xffffff9e mem 0x80024be5
core   0: 0x800002d8 (0x0316cb03) lbu     s6, 49(a3)
core   0: 3 0x800002d8 (0x0316cb03) x22 0x0000008a mem 0x800150d1
core   0: 0x800002dc (0xfe968b03) lb      s6, -23(a3)
core   0: 3 0x800002dc (0xfe968b03) x22 0x00000042 mem 0x80015089
core   0: 0x800002e0 (0x00018497) auipc   s1, 0x18
core   0: 3 0x800002e0 (0x00018497) x 9 0x800182e0
core   0: 0x800002e4 (0xd4448493) addi    s1, s1, -700
core   0: 3 0x800002e4 (0xd4448493) x 9 0x80018024
core   0: 0x800002e8 (0x3edc6f93) ori     t6, s8, 1005
core   0: 3 0x800002e8 (0x3edc6f93) x31 0x826983ed
core   0: 0x800002ec (0xffa4cf83) lbu     t6, -6(s1)
core   0: 3 0x800002ec (0xffa4cf83) x31 0x000000d5 mem 0x8001801e
core   0: 0x800002f0 (0x00f4cc83) lbu     s9, 15(s1)
core   0: 3 0x800002f0 (0x00f4cc83) x25 0x000000e8 mem 0x80018033
core   0: 0x800002f4 (0x00f48883) lb      a7, 15(s1)
core   0: 3 0x800002f4 (0x00f48883) x17 0xffffffe8 mem 0x80018033
core   0: 0x800002f8 (0xff04cc83) lbu     s9, -16(s1)
core   0: 3 0x800002f8 (0xff04cc83) x25 0x000000cf mem 0x80018014
core   0: 0x800002fc (0xff048e83) lb      t4, -16(s1)
core   0: 3 0x800002fc (0xff048e83) x29 0xffffffcf mem 0x80018014
core   0: 0x80000300 (0xfe949823) sh      s1, -16(s1)
core   0: 3 0x80000300 (0xfe949823) mem 0x80018014 0x8024
core   0: 0x80000304 (0xffc4a823) sw      t3, -16(s1)
core   0: 3 0x80000304 (0xffc4a823) mem 0x80018014 0x7ffead45
core   0: 0x80000308 (0xff049283) lh      t0, -16(s1)
core   0: 3 0x80000308 (0xff049283) x 5 0xffffad45 mem 0x80018014
core   0: 0x8000030c (0xff04de83) lhu     t4, -16(s1)
core   0: 3 0x8000030c (0xff04de83) x29 0x0000ad45 mem 0x80018014
core   0: 0x80000310 (0xff948823) sb      s9, -16(s1)
core   0: 3 0x80000310 (0xff948823) mem 0x80018014 0xcf
core   0: 0x80000314 (0xff04aa83) lw      s5, -16(s1)
core   0: 3 0x80000314 (0xff04aa83) x21 0x7ffeadcf mem 0x80018014
core   0: 0x80000318 (0xff048403) lb      s0, -16(s1)
core   0: 3 0x80000318 (0xff048403) x 8 0xffffffcf mem 0x80018014
core   0: 0x8000031c (0x00148223) sb      ra, 4(s1)
core   0: 3 0x8000031c (0x00148223) mem 0x80018028 0x56
core   0: 0x80000320 (0x0ff0000f) fence   iorw,iorw
core   0: 3 0x80000320 (0x0ff0000f)
core   0: 0x80000324 (0xa9e6f737) lui     a4, 0xa9e6f
core   0: 3 0x80000324 (0xa9e6f737) x14 0xa9e6f000
core   0: 0x80000328 (0x01f4a223) sw      t6, 4(s1)
core   0: 3 0x80000328 (0x01f4a223) mem 0x80018028 0x000000d5
core   0: 0x8000032c (0x00248223) sb      sp, 4(s1)
core   0: 3 0x8000032c (0x00248223) mem 0x80018028 0xe4
core   0: 0x80000330 (0x00bd1093) slli    ra, s10, 11
core   0: 3 0x80000330 (0x00bd1093) x 1 0x0300c800
core   0: 0x80000334 (0x4170dcb3) sra     s9, ra, s7
core   0: 3 0x80000334 (0x4170dcb3) x25 0x01806400
core   0: 0x80000338 (0x00449e03) lh      t3, 4(s1)
core   0: 3 0x80000338 (0x00449e03) x28 0x000000e4 mem 0x80018028
core   0: 0x8000033c (0x00020797) auipc   a5, 0x20
core   0: 3 0x8000033c (0x00020797) x15 0x8002033c
core   0: 0x80000340 (0x30878793) addi    a5, a5, 776
core   0: 3 0x80000340 (0x30878793) x15 0x80020644
core   0: 0x80000344 (0x0937ce03) lbu     t3, 147(a5)
core   0: 3 0x80000344 (0x0937ce03) x28 0x0000008c mem 0x800206d7
core   0: 0x80000348 (0x092789a3) sb      s2, 147(a5)
core   0: 3 0x80000348 (0x092789a3) mem 0x800206d7 0xf0
core   0: 0x8000034c (0x0937c003) lbu     zero, 147(a5)
core   0: 3 0x8000034c (0x0937c003) mem 0x800206d7
core   0: 0x80000350 (0x09c789a3) sb      t3, 147(a5)
core   0: 3 0x80000350 (0x09c789a3) mem 0x800206d7 0x8c
core   0: 0x80000354 (0xf2079203) lh      tp, -224(a5)
core   0: 3 0x80000354 (0xf2079203) x 4 0x00001e1f mem 0x80020564
core   0: 0x80000358 (0xf2079a03) lh      s4, -224(a5)
core   0: 3 0x80000358 (0xf2079a03) x20 0x00001e1f mem 0x80020564
core   0: 0x8000035c (0xf827c503) lbu     a0, -126(a5)
core   0: 3 0x8000035c (0xf827c503) x10 0x0000007d mem 0x800205c6
core   0: 0x80000360 (0x019551b3) srl     gp, a0, s9
core   0: 3 0x80000360 (0x019551b3) x 3 0x0000007d
core   0: 0x80000364 (0xf827d903) lhu     s2, -126(a5)
core   0: 3 0x80000364 (0xf827d903) x18 0x00007c7d mem 0x800205c6
core   0: 0x80000368 (0xf9c786a3) sb      t3, -115(a5)
core   0: 3 0x80000368 (0xf9c786a3) mem 0x800205d1 0x8c
core   0: 0x8000036c (0xf8d7c283) lbu     t0, -115(a5)
core   0: 3 0x8000036c (0xf8d7c283) x 5 0x0000008c mem 0x800205d1
core   0: 0x80000370 (0x001a5d33) srl     s10, s4, ra
core   0: 3 0x80000370 (0x001a5d33) x26 0x00001e1f
core   0: 0x80000374 (0xf5a78ea3) sb      s10, -163(a5)
core   0: 3 0x80000374 (0xf5a78ea3) mem 0x800205a1 0x1f
core   0: 0x80000378 (0x04378303) lb      t1, 67(a5)
core   0: 3 0x80000378 (0x04378303) x 6 0x0000003c mem 0x80020687
core   0: 0x8000037c (0xa0fbea93) ori     s5, s7, -1521
core   0: 3 0x8000037c (0xa0fbea93) x21 0xfffffa2f
core   0: 0x80000380 (0x03b78683) lb      a3, 59(a5)
core   0: 3 0x80000380 (0x03b78683) x13 0x00000034 mem 0x8002067f
core   0: 0x80000384 (0xf1378803) lb      a6, -237(a5)
core   0: 3 0x80000384 (0xf1378803) x16 0x0000000c mem 0x80020557
core   0: 0x80000388 (0xf137ce03) lbu     t3, -237(a5)
core   0: 3 0x80000388 (0xf137ce03) x28 0x0000000c mem 0x80020557
core   0: 0x8000038c (0xfb578a83) lb      s5, -75(a5)
core   0: 3 0x8000038c (0xfb578a83) x21 0xffffffb2 mem 0x800205f9
core   0: 0x80000390 (0xf5b78203) lb      tp, -165(a5)
core   0: 3 0x80000390 (0xf5b78203) x 4 0x00000054 mem 0x8002059f
core   0: 0x80000394 (0x0001e397) auipc   t2, 0x1e
core   0: 3 0x80000394 (0x0001e397) x 7 0x8001e394
core   0: 0x80000398 (0x76838393) addi    t2, t2, 1896
core   0: 3 0x80000398 (0x76838393) x 7 0x8001eafc
core   0: 0x8000039c (0x00025517) auipc   a0, 0x25
core   0: 3 0x8000039c (0x00025517) x10 0x8002539c
core   0: 0x800003a0 (0xa8050513) addi    a0, a0, -1408
core   0: 3 0x800003a0 (0xa8050513) x10 0x80024e1c
core   0: 0x800003a4 (0x0001dc17) auipc   s8, 0x1d
core   0: 3 0x800003a4 (0x0001dc17) x24 0x8001d3a4
core   0: 0x800003a8 (0xda2c0c13) addi    s8, s8, -606
core   0: 3 0x800003a8 (0xda2c0c13) x24 0x8001d146
core   0: 0x800003ac (0x0f251003) lh      zero, 242(a0)
core   0: 3 0x800003ac (0x0f251003) mem 0x80024f0e
core   0: 0x800003b0 (0xfdd381a3) sb      t4, -61(t2)
core   0: 3 0x800003b0 (0xfdd381a3) mem 0x8001eabf 0x45
core   0: 0x800003b4 (0xfdac0aa3) sb      s10, -43(s8)
core   0: 3 0x800003b4 (0xfdac0aa3) mem 0x8001d11b 0x1f
core   0: 0x800003b8 (0x00e54203) lbu     tp, 14(a0)
core   0: 3 0x800003b8 (0x00e54203) x 4 0x000000e1 mem 0x80024e2a
core   0: 0x800003bc (0xfc03d283) lhu     t0, -64(t2)
core   0: 3 0x800003bc (0xfc03d283) x 5 0x00007677 mem 0x8001eabc
core   0: 0x800003c0 (0xfca3a423) sw      a0, -56(t2)
core   0: 3 0x800003c0 (0xfca3a423) mem 0x8001eac4 0x80024e1c
core   0: 0x800003c4 (0x07651d03) lh      s10, 118(a0)
core   0: 3 0x800003c4 (0x07651d03) x26 0x00004849 mem 0x80024e92
core   0: 0x800003c8 (0x0cac1183) lh      gp, 202(s8)
core   0: 3 0x800003c8 (0x0cac1183) x 3 0xffffcacb mem 0x8001d210
core   0: 0x800003cc (0xfff3c403) lbu     s0, -1(t2)
core   0: 3 0x800003cc (0xfff3c403) x 8 0x000000b0 mem 0x8001eafb
core   0: 0x800003d0 (0xf7ac2403) lw      s0, -134(s8)
core   0: 3 0x800003d0 (0xf7ac2403) x 8 0x78797a7b mem 0x8001d0c0
core   0: 0x800003d4 (0x020c1b83) lh      s7, 32(s8)
core   0: 3 0x800003d4 (0x020c1b83) x23 0x00001c1d mem 0x8001d166
core   0: 0x800003d8 (0xf5e51c83) lh      s9, -162(a0)
core   0: 3 0x800003d8 (0xf5e51c83) x25 0x00003031 mem 0x80024d7a
core   0: 0x800003dc (0xfe2c4683) lbu     a3, -30(s8)
core   0: 3 0x800003dc (0xfe2c4683) x13 0x000000e3 mem 0x8001d128
core   0: 0x800003e0 (0xfd951223) sh      s9, -60(a0)
core   0: 3 0x800003e0 (0xfd951223) mem 0x80024de0 0x3031
core   0: 0x800003e4 (0xfd938b83) lb      s7, -39(t2)
core   0: 3 0x800003e4 (0xfd938b83) x23 0xffffff8e mem 0x8001ead5
core   0: 0x800003e8 (0x0e855283) lhu     t0, 232(a0)
core   0: 3 0x800003e8 (0x0e855283) x 5 0x0000bebf mem 0x80024f04
core   0: 0x800003ec (0x0abc0703) lb      a4, 171(s8)
core   0: 3 0x800003ec (0x0abc0703) x14 0xffffffaa mem 0x8001d1f1
core   0: 0x800003f0 (0x07754983) lbu     s3, 119(a0)
core   0: 3 0x800003f0 (0x07754983) x19 0x00000048 mem 0x80024e93
core   0: 0x800003f4 (0x0b6c0ca3) sb      s6, 185(s8)
core   0: 3 0x800003f4 (0x0b6c0ca3) mem 0x8001d1ff 0x42
core   0: 0x800003f8 (0x09f51423) sh      t6, 136(a0)
core   0: 3 0x800003f8 (0x09f51423) mem 0x80024ea4 0x00d5
core   0: 0x800003fc (0x006c0d03) lb      s10, 6(s8)
core   0: 3 0x800003fc (0x006c0d03) x26 0x00000007 mem 0x8001d14c
core   0: 0x80000400 (0x014c5683) lhu     a3, 20(s8)
core   0: 3 0x80000400 (0x014c5683) x13 0x00001011 mem 0x8001d15a
core   0: 0x80000404 (0xf0c51e23) sh      a2, -228(a0)
core   0: 3 0x80000404 (0xf0c51e23) mem 0x80024d38 0xae64
core   0: 0x80000408 (0xfeec03a3) sb      a4, -25(s8)
core   0: 3 0x80000408 (0xfeec03a3) mem 0x8001d12d 0xaa
core   0: 0x8000040c (0x0001e997) auipc   s3, 0x1e
core   0: 3 0x8000040c (0x0001e997) x19 0x8001e40c
core   0: 0x80000410 (0xd7b98993) addi    s3, s3, -645
core   0: 3 0x80000410 (0xd7b98993) x19 0x8001e187
core   0: 0x80000414 (0xfe798d23) sb      t2, -6(s3)
core   0: 3 0x80000414 (0xfe798d23) mem 0x8001e181 0xfc
core   0: 0x80000418 (0xff198a83) lb      s5, -15(s3)
core   0: 3 0x80000418 (0xff198a83) x21 0x00000033 mem 0x8001e178
core   0: 0x8000041c (0xff698083) lb      ra, -10(s3)
core   0: 3 0x8000041c (0xff698083) x 1 0x00000036 mem 0x8001e17d
core   0: 0x80000420 (0x01398123) sb      s3, 2(s3)
core   0: 3 0x80000420 (0x01398123) mem 0x8001e189 0x87
core   0: 0x80000424 (0x00b9d903) lhu     s2, 11(s3)
core   0: 3 0x80000424 (0x00b9d903) x18 0x00004849 mem 0x8001e192
core   0: 0x80000428 (0x01d7b233) sltu    tp, a5, t4
core   0: 3 0x80000428 (0x01d7b233) x 4 0x00000000
core   0: 0x8000042c (0x001f51b3) srl     gp, t5, ra
core   0: 3 0x8000042c (0x001f51b3) x 3 0x00000000
core   0: 0x80000430 (0x01fec033) xor     zero, t4, t6
core   0: 3 0x80000430 (0x01fec033)
core   0: 0x80000434 (0x00c98083) lb      ra, 12(s3)
core   0: 3 0x80000434 (0x00c98083) x 1 0x00000048 mem 0x8001e193
core   0: 0x80000438 (0xca68b7b7) lui     a5, 0xca68b
core   0: 3 0x80000438 (0xca68b7b7) x15 0xca68b000
core   0: 0x8000043c (0x09428437) lui     s0, 0x9428
core   0: 3 0x8000043c (0x09428437) x 8 0x09428000
core   0: 0x80000440 (0xfff9d303) lhu     t1, -1(s3)
core   0: 3 0x80000440 (0xfff9d303) x 6 0x00003c3d mem 0x8001e186
core   0: 0x80000444 (0x000985a3) sb      zero, 11(s3)
core   0: 3 0x80000444 (0x000985a3) mem 0x8001e192 0x0
core   0: 0x80000448 (0x0069cc83) lbu     s9, 6(s3)
core   0: 3 0x80000448 (0x0069cc83) x25 0x00000046 mem 0x8001e18d
core   0: 0x8000044c (0x00f98623) sb      a5, 12(s3)
core   0: 3 0x8000044c (0x00f98623) mem 0x8001e193 0x0
core   0: 0x80000450 (0xff898b83) lb      s7, -8(s3)
core   0: 3 0x80000450 (0xff898b83) x23 0x00000034 mem 0x8001e17f
core   0: 0x80000454 (0xff0989a3) sb      a6, -13(s3)
core   0: 3 0x80000454 (0xff0989a3) mem 0x8001e17a 0xc
core   0: 0x80000458 (0x002b6733) or      a4, s6, sp
core   0: 3 0x80000458 (0x002b6733) x14 0x8002ece6
core   0: 0x8000045c (0xcc5fff37) lui     t5, 0xcc5ff
core   0: 3 0x8000045c (0xcc5fff37) x30 0xcc5ff000
core   0: 0x80000460 (0x00d9a883) lw      a7, 13(s3)
core   0: 3 0x80000460 (0x00d9a883) x17 0x4c4d4e4f mem 0x8001e194
core   0: 0x80000464 (0xffa99ca3) sh      s10, -7(s3)
core   0: 3 0x80000464 (0xffa99ca3) mem 0x8001e180 0x0007
core   0: 0x80000468 (0x0009cd03) lbu     s10, 0(s3)
core   0: 3 0x80000468 (0x0009cd03) x26 0x0000003c mem 0x8001e187
core   0: 0x8000046c (0x00c98203) lb      tp, 12(s3)
core   0: 3 0x8000046c (0x00c98203) x 4 0x00000000 mem 0x8001e193
core   0: 0x80000470 (0x00c994a3) sh      a2, 9(s3)
core   0: 3 0x80000470 (0x00c994a3) mem 0x8001e190 0xae64
core   0: 0x80000474 (0x1cffc913) xori    s2, t6, 463
core   0: 3 0x80000474 (0x1cffc913) x18 0x0000011a
core   0: 0x80000478 (0x01b25693) srli    a3, tp, 27
core   0: 3 0x80000478 (0x01b25693) x13 0x00000000
core   0: 0x8000047c (0xff298b23) sb      s2, -10(s3)
core   0: 3 0x8000047c (0xff298b23) mem 0x8001e17d 0x1a
core   0: 0x80000480 (0xffb98c03) lb      s8, -5(s3)
core   0: 3 0x80000480 (0xffb98c03) x24 0x00000039 mem 0x8001e182
core   0: 0x80000484 (0x0019ac03) lw      s8, 1(s3)
core   0: 3 0x80000484 (0x0019ac03) x24 0x40418743 mem 0x8001e188
core   0: 0x80000488 (0x0039d903) lhu     s2, 3(s3)
core   0: 3 0x80000488 (0x0039d903) x18 0x00004041 mem 0x8001e18a
core   0: 0x8000048c (0x403bd0b3) sra     ra, s7, gp
core   0: 3 0x8000048c (0x403bd0b3) x 1 0x00000034
core   0: 0x80000490 (0xff498b03) lb      s6, -12(s3)
core   0: 3 0x80000490 (0xff498b03) x22 0x00000030 mem 0x8001e17b
core   0: 0x80000494 (0xff39c703) lbu     a4, -13(s3)
core   0: 3 0x80000494 (0xff39c703) x14 0x0000000c mem 0x8001e17a
core   0: 0x80000498 (0xf5307693) andi    a3, zero, -173
core   0: 3 0x80000498 (0xf5307693) x13 0x00000000
core   0: 0x8000049c (0x01f89493) slli    s1, a7, 31
core   0: 3 0x8000049c (0x01f89493) x 9 0x80000000
core   0: 0x800004a0 (0x00649513) slli    a0, s1, 6
core   0: 3 0x800004a0 (0x00649513) x10 0x00000000
core   0: 0x800004a4 (0xfe199da3) sh      ra, -5(s3)
core   0: 3 0x800004a4 (0xfe199da3) mem 0x8001e182 0x0034
core   0: 0x800004a8 (0x5e6e3c93) sltiu   s9, t3, 1510
core   0: 3 0x800004a8 (0x5e6e3c93) x25 0x00000001
core   0: 0x800004ac (0x01798023) sb      s7, 0(s3)
core   0: 3 0x800004ac (0x01798023) mem 0x8001e187 0x34
core   0: 0x800004b0 (0x0ff0000f) fence   iorw,iorw
core   0: 3 0x800004b0 (0x0ff0000f)
core   0: 0x800004b4 (0x41c8de93) srai    t4, a7, 28
core   0: 3 0x800004b4 (0x41c8de93) x29 0x00000004
core   0: 0x800004b8 (0xff39c683) lbu     a3, -13(s3)
core   0: 3 0x800004b8 (0xff39c683) x13 0x0000000c mem 0x8001e17a
core   0: 0x800004bc (0x00021b97) auipc   s7, 0x21
core   0: 3 0x800004bc (0x00021b97) x23 0x800214bc
core   0: 0x800004c0 (0x409b8b93) addi    s7, s7, 1033
core   0: 3 0x800004c0 (0x409b8b93) x23 0x800218c5
core   0: 0x800004c4 (0x00017197) auipc   gp, 0x17
core   0: 3 0x800004c4 (0x00017197) x 3 0x800174c4
core   0: 0x800004c8 (0x6ee18193) addi    gp, gp, 1774
core   0: 3 0x800004c8 (0x6ee18193) x 3 0x80017bb2
core   0: 0x800004cc (0x044183a3) sb      tp, 71(gp)
core   0: 3 0x800004cc (0x044183a3) mem 0x80017bf9 0x0
core   0: 0x800004d0 (0x0001bc17) auipc   s8, 0x1b
core   0: 3 0x800004d0 (0x0001bc17) x24 0x8001b4d0
core   0: 0x800004d4 (0xe87c0c13) addi    s8, s8, -377
core   0: 3 0x800004d4 (0xe87c0c13) x24 0x8001b357
core   0: 0x800004d8 (0xfce1c003) lbu     zero, -50(gp)
core   0: 3 0x800004d8 (0xfce1c003) mem 0x80017b80
core   0: 0x800004dc (0x0001a497) auipc   s1, 0x1a
core   0: 3 0x800004dc (0x0001a497) x 9 0x8001a4dc
core   0: 0x800004e0 (0x2db48493) addi    s1, s1, 731
core   0: 3 0x800004e0 (0x2db48493) x 9 0x8001a7b7
core   0: 0x800004e4 (0x027b8223) sb      t2, 36(s7)
core   0: 3 0x800004e4 (0x027b8223) mem 0x800218e9 0xfc
core   0: 0x800004e8 (0x00019b17) auipc   s6, 0x19
core   0: 3 0x800004e8 (0x00019b17) x22 0x800194e8
core   0: 0x800004ec (0x56db0b13) addi    s6, s6, 1389
core   0: 3 0x800004ec (0x56db0b13) x22 0x80019a55
core   0: 0x800004f0 (0xfaa48e03) lb      t3, -86(s1)
core   0: 3 0x800004f0 (0xfaa48e03) x28 0x0000001a mem 0x8001a761
core   0: 0x800004f4 (0x013c0623) sb      s3, 12(s8)
core   0: 3 0x800004f4 (0x013c0623) mem 0x8001b363 0x87
core   0: 0x800004f8 (0x01ec0f83) lb      t6, 30(s8)
core   0: 3 0x800004f8 (0x01ec0f83) x31 0x0000002e mem 0x8001b375
core   0: 0x800004fc (0x049b0703) lb      a4, 73(s6)
core   0: 3 0x800004fc (0x049b0703) x14 0x00000055 mem 0x80019a9e
core   0: 0x80000500 (0x02eb8703) lb      a4, 46(s7)
core   0: 3 0x80000500 (0x02eb8703) x14 0xffffffa8 mem 0x800218f3
core   0: 0x80000504 (0x0964c503) lbu     a0, 150(s1)
core   0: 3 0x80000504 (0x0964c503) x10 0x00000006 mem 0x8001a84d
core   0: 0x80000508 (0x0181c003) lbu     zero, 24(gp)
core   0: 3 0x80000508 (0x0181c003) mem 0x80017bca
core   0: 0x8000050c (0xfc7c0403) lb      s0, -57(s8)
core   0: 3 0x8000050c (0xfc7c0403) x 8 0xffffffd5 mem 0x8001b31e
core   0: 0x80000510 (0x023b1083) lh      ra, 35(s6)
core   0: 3 0x80000510 (0x023b1083) x 1 0x00003233 mem 0x80019a78
core   0: 0x80000514 (0x07fb5983) lhu     s3, 127(s6)
core   0: 3 0x80000514 (0x07fb5983) x19 0x00008e8f mem 0x80019ad4
core   0: 0x80000518 (0x03f1c503) lbu     a0, 63(gp)
core   0: 3 0x80000518 (0x03f1c503) x10 0x000000aa mem 0x80017bf1
core   0: 0x8000051c (0xfe349a03) lh      s4, -29(s1)
core   0: 3 0x8000051c (0xfe349a03) x20 0x00005051 mem 0x8001a79a
core   0: 0x80000520 (0x00eb8023) sb      a4, 0(s7)
core   0: 3 0x80000520 (0x00eb8023) mem 0x800218c5 0xa8
core   0: 0x80000524 (0xf801c003) lbu     zero, -128(gp)
core   0: 3 0x80000524 (0xf801c003) mem 0x80017b32
core   0: 0x80000528 (0xfcdb8d03) lb      s10, -51(s7)
core   0: 3 0x80000528 (0xfcdb8d03) x26 0x00000049 mem 0x80021892
core   0: 0x8000052c (0xfe318aa3) sb      gp, -11(gp)
core   0: 3 0x8000052c (0xfe318aa3) mem 0x80017ba7 0xb2
core   0: 0x80000530 (0x0eb49383) lh      t2, 235(s1)
core   0: 3 0x80000530 (0x0eb49383) x 7 0x00005859 mem 0x8001a8a2
core   0: 0x80000534 (0x018bc403) lbu     s0, 24(s7)
core   0: 3 0x80000534 (0x018bc403) x 8 0x00000096 mem 0x800218dd
core   0: 0x80000538 (0xfd1c2703) lw      a4, -47(s8)
core   0: 3 0x80000538 (0xfd1c2703) x14 0xe0e1e2e3 mem 0x8001b328
core   0: 0x8000053c (0x070b0283) lb      t0, 112(s6)
core   0: 3 0x8000053c (0x070b0283) x 5 0x0000007e mem 0x80019ac5
core   0: 0x80000540 (0xfb34c883) lbu     a7, -77(s1)
core   0: 3 0x80000540 (0xfb34c883) x17 0x00000021 mem 0x8001a76a
core   0: 0x80000544 (0xf171c403) lbu     s0, -233(gp)
core   0: 3 0x80000544 (0xf171c403) x 8 0x00000082 mem 0x80017ac9
core   0: 0x80000548 (0x01049ca3) sh      a6, 25(s1)
core   0: 3 0x80000548 (0x01049ca3) mem 0x8001a7d0 0x000c
core   0: 0x8000054c (0xf42b21a3) sw      sp, -189(s6)
core   0: 3 0x8000054c (0xf42b21a3) mem 0x80019998 0x8002ece4
core   0: 0x80000550 (0x02ec13a3) sh      a4, 39(s8)
core   0: 3 0x80000550 (0x02ec13a3) mem 0x8001b37e 0xe2e3
core   0: 0x80000554 (0xfc1b1683) lh      a3, -63(s6)
core   0: 3 0x80000554 (0xfc1b1683) x13 0xffffcccd mem 0x80019a16
core   0: 0x80000558 (0x014c0983) lb      s3, 20(s8)
core   0: 3 0x80000558 (0x014c0983) x19 0x00000020 mem 0x8001b36b
core   0: 0x8000055c (0x0feb0083) lb      ra, 254(s6)
core   0: 3 0x8000055c (0x0feb0083) x 1 0x00000008 mem 0x80019b53
core   0: 0x80000560 (0x010c0703) lb      a4, 16(s8)
core   0: 3 0x80000560 (0x010c0703) x14 0x0000001c mem 0x8001b367
core   0: 0x80000564 (0x040bc903) lbu     s2, 64(s7)
core   0: 3 0x80000564 (0x040bc903) x18 0x000000be mem 0x80021905
core   0: 0x80000568 (0x0a2180a3) sb      sp, 161(gp)
core   0: 3 0x80000568 (0x0a2180a3) mem 0x80017c53 0xe4
core   0: 0x8000056c (0x0da48023) sb      s10, 192(s1)
core   0: 3 0x8000056c (0x0da48023) mem 0x8001a877 0x49
core   0: 0x80000570 (0xfaeb4683) lbu     a3, -82(s6)
core   0: 3 0x80000570 (0xfaeb4683) x13 0x000000b8 mem 0x80019a03
core   0: 0x80000574 (0x009bada3) sw      s1, 27(s7)
core   0: 3 0x80000574 (0x009bada3) mem 0x800218e0 0x8001a7b7
core   0: 0x80000578 (0x00015917) auipc   s2, 0x15
core   0: 3 0x80000578 (0x00015917) x18 0x80015578
core   0: 0x8000057c (0x13090913) addi    s2, s2, 304
core   0: 3 0x8000057c (0x13090913) x18 0x800156a8
core   0: 0x80000580 (0xffb94983) lbu     s3, -5(s2)
core   0: 3 0x80000580 (0xffb94983) x19 0x00000058 mem 0x800156a3
core   0: 0x80000584 (0xffb94983) lbu     s3, -5(s2)
core   0: 3 0x80000584 (0xffb94983) x19 0x00000058 mem 0x800156a3
core   0: 0x80000588 (0x00b94a03) lbu     s4, 11(s2)
core   0: 3 0x80000588 (0x00b94a03) x20 0x00000068 mem 0x800156b3
core   0: 0x8000058c (0x00b90083) lb      ra, 11(s2)
core   0: 3 0x8000058c (0x00b90083) x 1 0x00000068 mem 0x800156b3
core   0: 0x80000590 (0x00b94983) lbu     s3, 11(s2)
core   0: 3 0x80000590 (0x00b94983) x19 0x00000068 mem 0x800156b3
core   0: 0x80000594 (0x01c64db3) xor     s11, a2, t3
core   0: 3 0x80000594 (0x01c64db3) x27 0x8002ae7e
core   0: 0x80000598 (0x014905a3) sb      s4, 11(s2)
core   0: 3 0x80000598 (0x014905a3) mem 0x800156b3 0x68
core   0: 0x8000059c (0xffa95703) lhu     a4, -6(s2)
core   0: 3 0x8000059c (0xffa95703) x14 0x00005859 mem 0x800156a2
core   0: 0x800005a0 (0xfef91d23) sh      a5, -6(s2)
core   0: 3 0x800005a0 (0xfef91d23) mem 0x800156a2 0xb000
core   0: 0x800005a4 (0xd441fa13) andi    s4, gp, -700
core   0: 3 0x800005a4 (0xd441fa13) x20 0x80017900
core   0: 0x800005a8 (0x00722db3) slt     s11, tp, t2
core   0: 3 0x800005a8 (0x00722db3) x27 0x00000001
core   0: 0x800005ac (0x00790003) lb      zero, 7(s2)
core   0: 3 0x800005ac (0x00790003) mem 0x800156af
core   0: 0x800005b0 (0xff892403) lw      s0, -8(s2)
core   0: 3 0x800005b0 (0xff892403) x 8 0xb0005a5b mem 0x800156a0
core   0: 0x800005b4 (0x00016897) auipc   a7, 0x16
core   0: 3 0x800005b4 (0x00016897) x17 0x800165b4
core   0: 0x800005b8 (0x98f88893) addi    a7, a7, -1649
core   0: 3 0x800005b8 (0x98f88893) x17 0x80015f43
core   0: 0x800005bc (0x0088c383) lbu     t2, 8(a7)
core   0: 3 0x800005bc (0x0088c383) x 7 0x00000000 mem 0x80015f4b
core   0: 0x800005c0 (0x0088ce83) lbu     t4, 8(a7)
core   0: 3 0x800005c0 (0x0088ce83) x29 0x00000000 mem 0x80015f4b
core   0: 0x800005c4 (0x04d1f093) andi    ra, gp, 77
core   0: 3 0x800005c4 (0x04d1f093) x 1 0x00000000
core   0: 0x800005c8 (0x0088ca83) lbu     s5, 8(a7)
core   0: 3 0x800005c8 (0x0088ca83) x21 0x00000000 mem 0x80015f4b
core   0: 0x800005cc (0x0088c083) lbu     ra, 8(a7)
core   0: 3 0x800005cc (0x0088c083) x 1 0x00000000 mem 0x80015f4b
core   0: 0x800005d0 (0x0088cc03) lbu     s8, 8(a7)
core   0: 3 0x800005d0 (0x0088cc03) x24 0x00000000 mem 0x80015f4b
core   0: 0x800005d4 (0x00088983) lb      s3, 0(a7)
core   0: 3 0x800005d4 (0x00088983) x19 0xfffffff8 mem 0x80015f43
core   0: 0x800005d8 (0x0008c483) lbu     s1, 0(a7)
core   0: 3 0x800005d8 (0x0008c483) x 9 0x000000f8 mem 0x80015f43
core   0: 0x800005dc (0x01b88023) sb      s11, 0(a7)
core   0: 3 0x800005dc (0x01b88023) mem 0x80015f43 0x1
core   0: 0x800005e0 (0x0008c383) lbu     t2, 0(a7)
core   0: 3 0x800005e0 (0x0008c383) x 7 0x00000001 mem 0x80015f43
core   0: 0x800005e4 (0x00088e03) lb      t3, 0(a7)
core   0: 3 0x800005e4 (0x00088e03) x28 0x00000001 mem 0x80015f43
core   0: 0x800005e8 (0x0008cb03) lbu     s6, 0(a7)
core   0: 3 0x800005e8 (0x0008cb03) x22 0x00000001 mem 0x80015f43
core   0: 0x800005ec (0x01088983) lb      s3, 16(a7)
core   0: 3 0x800005ec (0x01088983) x19 0x00000008 mem 0x80015f53
core   0: 0x800005f0 (0xff888f83) lb      t6, -8(a7)
core   0: 3 0x800005f0 (0xff888f83) x31 0xfffffff0 mem 0x80015f3b
core   0: 0x800005f4 (0xff188c23) sb      a7, -8(a7)
core   0: 3 0x800005f4 (0xff188c23) mem 0x80015f3b 0x43
core   0: 0x800005f8 (0xff888203) lb      tp, -8(a7)
core   0: 3 0x800005f8 (0xff888203) x 4 0x00000043 mem 0x80015f3b
core   0: 0x800005fc (0x0018a783) lw      a5, 1(a7)
core   0: 3 0x800005fc (0x0018a783) x15 0xfcfdfeff mem 0x80015f44
core   0: 0x80000600 (0x00189b83) lh      s7, 1(a7)
core   0: 3 0x80000600 (0x00189b83) x23 0xfffffeff mem 0x80015f44
core   0: 0x80000604 (0xfe688d23) sb      t1, -6(a7)
core   0: 3 0x80000604 (0xfe688d23) mem 0x80015f3d 0x3d
core   0: 0x80000608 (0x00015097) auipc   ra, 0x15
core   0: 3 0x80000608 (0x00015097) x 1 0x80015608
core   0: 0x8000060c (0x5dd08093) addi    ra, ra, 1501
core   0: 3 0x8000060c (0x5dd08093) x 1 0x80015be5
core   0: 0x80000610 (0x9a708e23) sb      t2, -1604(ra)
core   0: 3 0x80000610 (0x9a708e23) mem 0x800155a1 0x1
core   0: 0x80000614 (0x4216aa13) slti    s4, a3, 1057
core   0: 3 0x80000614 (0x4216aa13) x20 0x00000001
core   0: 0x80000618 (0x35b09da3) sh      s11, 859(ra)
core   0: 3 0x80000618 (0x35b09da3) mem 0x80015f40 0x0001
core   0: 0x8000061c (0x42908023) sb      s1, 1056(ra)
core   0: 3 0x8000061c (0x42908023) mem 0x80016005 0xf8
core   0: 0x80000620 (0x006a43b3) xor     t2, s4, t1
core   0: 3 0x80000620 (0x006a43b3) x 7 0x00003c3c
core   0: 0x80000624 (0x01e36cb3) or      s9, t1, t5
core   0: 3 0x80000624 (0x01e36cb3) x25 0xcc5ffc3d
core   0: 0x80000628 (0x01449713) slli    a4, s1, 20
core   0: 3 0x80000628 (0x01449713) x14 0x0f800000
core   0: 0x8000062c (0x32608d23) sb      t1, 826(ra)
core   0: 3 0x8000062c (0x32608d23) mem 0x80015f1f 0x3d
core   0: 0x80000630 (0xb4c08903) lb      s2, -1204(ra)
core   0: 3 0x80000630 (0xb4c08903) x18 0xffffffea mem 0x80015731
core   0: 0x80000634 (0x3d10d203) lhu     tp, 977(ra)
core   0: 3 0x80000634 (0x3d10d203) x 4 0x00006c6d mem 0x80015fb6
core   0: 0x80000638 (0x2f108e23) sb      a7, 764(ra)
core   0: 3 0x80000638 (0x2f108e23) mem 0x80015ee1 0x43
core   0: 0x8000063c (0x41020e33) sub     t3, tp, a6
core   0: 3 0x8000063c (0x41020e33) x28 0x00006c61
core   0: 0x80000640 (0xbb80ce03) lbu     t3, -1096(ra)
core   0: 3 0x80000640 (0xbb80ce03) x28 0x00000056 mem 0x8001579d
core   0: 0x80000644 (0x00d59413) slli    s0, a1, 13
core   0: 3 0x80000644 (0x00d59413) x 8 0x00000000
core   0: 0x80000648 (0x00008523) sb      zero, 10(ra)
core   0: 3 0x80000648 (0x00008523) mem 0x80015bef 0x0
core   0: 0x8000064c (0xcc709203) lh      tp, -825(ra)
core   0: 3 0x8000064c (0xcc709203) x 4 0x00006667 mem 0x800158ac
core   0: 0x80000650 (0xc7908623) sb      s9, -916(ra)
core   0: 3 0x80000650 (0xc7908623) mem 0x80015851 0x3d
core   0: 0x80000654 (0x0670cd83) lbu     s11, 103(ra)
core   0: 3 0x80000654 (0x0670cd83) x27 0x00000007 mem 0x80015c4c
core   0: 0x80000658 (0xa7608a03) lb      s4, -1418(ra)
core   0: 3 0x80000658 (0xa7608a03) x20 0x00000010 mem 0x8001565b
core   0: 0x8000065c (0x2e508283) lb      t0, 741(ra)
core   0: 3 0x8000065c (0x2e508283) x 5 0xffffff81 mem 0x80015eca
core   0: 0x80000660 (0x9880c003) lbu     zero, -1656(ra)
core   0: 3 0x80000660 (0x9880c003) mem 0x8001556d
core   0: 0x80000664 (0xff213f37) lui     t5, 0xff213
core   0: 3 0x80000664 (0xff213f37) x30 0xff213000
core   0: 0x80000668 (0xddec2e93) slti    t4, s8, -546
core   0: 3 0x80000668 (0xddec2e93) x29 0x00000000
core   0: 0x8000066c (0x004b9f93) slli    t6, s7, 4
core   0: 3 0x8000066c (0x004b9f93) x31 0xffffeff0
core   0: 0x80000670 (0xbbe090a3) sh      t5, -1119(ra)
core   0: 3 0x80000670 (0xbbe090a3) mem 0x80015786 0x3000
core   0: 0x80000674 (0x40e78e33) sub     t3, a5, a4
core   0: 3 0x80000674 (0x40e78e33) x28 0xed7dfeff
core   0: 0x80000678 (0xa457bb13) sltiu   s6, a5, -1467
core   0: 3 0x80000678 (0xa457bb13) x22 0x00000001
core   0: 0x8000067c (0xc250da83) lhu     s5, -987(ra)
core   0: 3 0x8000067c (0xc250da83) x21 0x0000c0c1 mem 0x8001580a
core   0: 0x80000680 (0xbb108923) sb      a7, -1102(ra)
core   0: 3 0x80000680 (0xbb108923) mem 0x80015797 0x43
core   0: 0x80000684 (0xe0c0c483) lbu     s1, -500(ra)
core   0: 3 0x80000684 (0xe0c0c483) x 9 0x000000aa mem 0x800159f1
core   0: 0x80000688 (0x28a08483) lb      s1, 650(ra)
core   0: 3 0x80000688 (0x28a08483) x 9 0x00000024 mem 0x80015e6f
core   0: 0x8000068c (0x00015697) auipc   a3, 0x15
core   0: 3 0x8000068c (0x00015697) x13 0x8001568c
core   0: 0x80000690 (0xeca68693) addi    a3, a3, -310
core   0: 3 0x80000690 (0xeca68693) x13 0x80015556
core   0: 0x80000694 (0x00e6af83) lw      t6, 14(a3)
core   0: 3 0x80000694 (0x00e6af83) x31 0x1c1d1e1f mem 0x80015564
core   0: 0x80000698 (0x0119a7b3) slt     a5, s3, a7
core   0: 3 0x80000698 (0x0119a7b3) x15 0x00000000
core   0: 0x8000069c (0x01cc1913) slli    s2, s8, 28
core   0: 3 0x8000069c (0x01cc1913) x18 0x00000000
core   0: 0x800006a0 (0xfdb6c403) lbu     s0, -37(a3)
core   0: 3 0x800006a0 (0xfdb6c403) x 8 0x000000ea mem 0x80015531
core   0: 0x800006a4 (0xfdb6c703) lbu     a4, -37(a3)
core   0: 3 0x800006a4 (0xfdb6c703) x14 0x000000ea mem 0x80015531
core   0: 0x800006a8 (0x01b683a3) sb      s11, 7(a3)
core   0: 3 0x800006a8 (0x01b683a3) mem 0x8001555d 0x7
core   0: 0x800006ac (0x00368f03) lb      t5, 3(a3)
core   0: 3 0x800006ac (0x00368f03) x30 0x00000012 mem 0x80015559
core   0: 0x800006b0 (0x6fa03f97) auipc   t6, 0x6fa03
core   0: 3 0x800006b0 (0x6fa03f97) x31 0xefa036b0
core   0: 0x800006b4 (0xfd81fa13) andi    s4, gp, -40
core   0: 3 0x800006b4 (0xfd81fa13) x20 0x80017b90
core   0: 0x800006b8 (0x0166aa83) lw      s5, 22(a3)
core   0: 3 0x800006b8 (0x0166aa83) x21 0x24250000 mem 0x8001556c
core   0: 0x800006bc (0x9b87e437) lui     s0, 0x9b87e
core   0: 3 0x800006bc (0x9b87e437) x 8 0x9b87e000
core   0: 0x800006c0 (0x01a79ab3) sll     s5, a5, s10
core   0: 3 0x800006c0 (0x01a79ab3) x21 0x00000000
core   0: 0x800006c4 (0x01f0efb3) or      t6, ra, t6
core   0: 3 0x800006c4 (0x01f0efb3) x31 0xefa17ff5
core   0: 0x800006c8 (0x00e68383) lb      t2, 14(a3)
core   0: 3 0x800006c8 (0x00e68383) x 7 0x0000001f mem 0x80015564
core   0: 0x800006cc (0x0166a523) sw      s6, 10(a3)
core   0: 3 0x800006cc (0x0166a523) mem 0x80015560 0x00000001
core   0: 0x800006d0 (0x8171b297) auipc   t0, 0x8171b
core   0: 3 0x800006d0 (0x8171b297) x 5 0x0171b6d0
core   0: 0x800006d4 (0xa7f67513) andi    a0, a2, -1409
core   0: 3 0x800006d4 (0xa7f67513) x10 0x8002aa64
core   0: 0x800006d8 (0x40330733) sub     a4, t1, gp
core   0: 3 0x800006d8 (0x40330733) x14 0x7ffec08b
core   0: 0x800006dc (0x0000100f) fence.i
core   0: 3 0x800006dc (0x0000100f)
core   0: 0x800006e0 (0x0000100f) fence.i
core   0: 3 0x800006e0 (0x0000100f)
core   0: 0x800006e4 (0xfca69183) lh      gp, -54(a3)
core   0: 3 0x800006e4 (0xfca69183) x 3 0xffffdadb mem 0x80015520
core   0: 0x800006e8 (0x00b68ba3) sb      a1, 23(a3)
core   0: 3 0x800006e8 (0x00b68ba3) mem 0x8001556d 0x0
core   0: 0x800006ec (0x01adeab3) or      s5, s11, s10
core   0: 3 0x800006ec (0x01adeab3) x21 0x0000004f
core   0: 0x800006f0 (0x0036cf83) lbu     t6, 3(a3)
core   0: 3 0x800006f0 (0x0036cf83) x31 0x00000012 mem 0x80015559
core   0: 0x800006f4 (0x017542b3) xor     t0, a0, s7
core   0: 3 0x800006f4 (0x017542b3) x 5 0x7ffd549b
core   0: 0x800006f8 (0x0046d403) lhu     s0, 4(a3)
core   0: 3 0x800006f8 (0x0046d403) x 8 0x00001011 mem 0x8001555a
core   0: 0x800006fc (0x2fb7f393) andi    t2, a5, 763
core   0: 3 0x800006fc (0x2fb7f393) x 7 0x00000000
core   0: 0x80000700 (0x6d0a54b7) lui     s1, 0x6d0a5
core   0: 3 0x80000700 (0x6d0a54b7) x 9 0x6d0a5000
core   0: 0x80000704 (0x405a0db3) sub     s11, s4, t0
core   0: 3 0x80000704 (0x405a0db3) x27 0x000426f5
core   0: 0x80000708 (0x008c5a33) srl     s4, s8, s0
core   0: 3 0x80000708 (0x008c5a33) x20 0x00000000
core   0: 0x8000070c (0x0066da03) lhu     s4, 6(a3)
core   0: 3 0x8000070c (0x0066da03) x20 0x00000717 mem 0x8001555c
core   0: 0x80000710 (0x01c91513) slli    a0, s2, 28
core   0: 3 0x80000710 (0x01c91513) x10 0x00000000
core   0: 0x80000714 (0x00768183) lb      gp, 7(a3)
core   0: 3 0x80000714 (0x00768183) x 3 0x00000007 mem 0x8001555d
core   0: 0x80000718 (0x01143933) sltu    s2, s0, a7
core   0: 3 0x80000718 (0x01143933) x18 0x00000001
core   0: 0x8000071c (0xfd9684a3) sb      s9, -55(a3)
core   0: 3 0x8000071c (0xfd9684a3) mem 0x8001551f 0x3d
core   0: 0x80000720 (0x00015297) auipc   t0, 0x15
core   0: 3 0x80000720 (0x00015297) x 5 0x80015720
core   0: 0x80000724 (0x41028293) addi    t0, t0, 1040
core   0: 3 0x80000724 (0x41028293) x 5 0x80015b30
core   0: 0x80000728 (0xe5928ea3) sb      s9, -419(t0)
core   0: 3 0x80000728 (0xe5928ea3) mem 0x8001598d 0x3d
core   0: 0x8000072c (0xa09f4b93) xori    s7, t5, -1527
core   0: 3 0x8000072c (0xa09f4b93) x23 0xfffffa1b
core   0: 0x80000730 (0x9c228da3) sb      sp, -1573(t0)
core   0: 3 0x80000730 (0x9c228da3) mem 0x8001550b 0xe4
core   0: 0x80000734 (0x0033d893) srli    a7, t2, 3
core   0: 3 0x80000734 (0x0033d893) x17 0x00000000
core   0: 0x80000738 (0x0908f513) andi    a0, a7, 144
core   0: 3 0x80000738 (0x0908f513) x10 0x00000000
core   0: 0x8000073c (0x003b8833) add     a6, s7, gp
core   0: 3 0x8000073c (0x003b8833) x16 0xfffffa22
core   0: 0x80000740 (0x0001d333) srl     t1, gp, zero
core   0: 3 0x80000740 (0x0001d333) x 6 0x00000007
core   0: 0x80000744 (0x01cfd793) srli    a5, t6, 28
core   0: 3 0x80000744 (0x01cfd793) x15 0x00000000
core   0: 0x80000748 (0x0ff0000f) fence   iorw,iorw
core   0: 3 0x80000748 (0x0ff0000f)
core   0: 0x8000074c (0x402fdb33) sra     s6, t6, sp
core   0: 3 0x8000074c (0x402fdb33) x22 0x00000001
core   0: 0x80000750 (0x3f828ca3) sb      s8, 1017(t0)
core   0: 3 0x80000750 (0x3f828ca3) mem 0x80015f29 0x0
core   0: 0x80000754 (0x01c77c33) and     s8, a4, t3
core   0: 3 0x80000754 (0x01c77c33) x24 0x6d7cc08b
core   0: 0x80000758 (0x2db28703) lb      a4, 731(t0)
core   0: 3 0x80000758 (0x2db28703) x14 0xffffffc0 mem 0x80015e0b
core   0: 0x8000075c (0x00b117b3) sll     a5, sp, a1
core   0: 3 0x8000075c (0x00b117b3) x15 0x8002ece4
core   0: 0x80000760 (0x31143f93) sltiu   t6, s0, 785
core   0: 3 0x80000760 (0x31143f93) x31 0x00000000
core   0: 0x80000764 (0xc292c483) lbu     s1, -983(t0)
core   0: 3 0x80000764 (0xc292c483) x 9 0x00000012 mem 0x80015759
core   0: 0x80000768 (0xc6529723) sh      t0, -914(t0)
core   0: 3 0x80000768 (0xc6529723) mem 0x8001579e 0x5b30
core   0: 0x8000076c (0x98029d03) lh      s10, -1664(t0)
core   0: 3 0x8000076c (0x98029d03) x26 0x00006a6b mem 0x800154b0
core   0: 0x80000770 (0x13128e03) lb      t3, 305(t0)
core   0: 3 0x80000770 (0x13128e03) x28 0x0000001a mem 0x80015c61
core   0: 0x80000774 (0x4129d6b3) sra     a3, s3, s2
core   0: 3 0x80000774 (0x4129d6b3) x13 0x00000004
core   0: 0x80000778 (0x8672cf03) lbu     t5, -1945(t0)
core   0: 3 0x80000778 (0x8672cf03) x30 0x0000004c mem 0x80015397
core   0: 0x8000077c (0x006b9fb3) sll     t6, s7, t1
core   0: 3 0x8000077c (0x006b9fb3) x31 0xfffd0d80
core   0: 0x80000780 (0x6a14c213) xori    tp, s1, 1697
core   0: 3 0x80000780 (0x6a14c213) x 4 0x000006b3
core   0: 0x80000784 (0x409d8b33) sub     s6, s11, s1
core   0: 3 0x80000784 (0x409d8b33) x22 0x000426e3
core   0: 0x80000788 (0xfd22db83) lhu     s7, -46(t0)
core   0: 3 0x80000788 (0xfd22db83) x23 0x0000b8b9 mem 0x80015b02
core   0: 0x8000078c (0xb152c703) lbu     a4, -1259(t0)
core   0: 3 0x8000078c (0xb152c703) x14 0x000000fe mem 0x80015645
core   0: 0x80000790 (0x01401e33) sll     t3, zero, s4
core   0: 3 0x80000790 (0x01401e33) x28 0x00000000
core   0: 0x80000794 (0x0ff0000f) fence   iorw,iorw
core   0: 3 0x80000794 (0x0ff0000f)
core   0: 0x80000798 (0xa30b2913) slti    s2, s6, -1488
core   0: 3 0x80000798 (0xa30b2913) x18 0x00000000
core   0: 0x8000079c (0xeeb28003) lb      zero, -277(t0)
core   0: 3 0x8000079c (0xeeb28003) mem 0x80015a1b
core   0: 0x800007a0 (0xb4f2cd83) lbu     s11, -1201(t0)
core   0: 3 0x800007a0 (0xb4f2cd83) x27 0x00000034 mem 0x8001567f
core   0: 0x800007a4 (0x438284a3) sb      s8, 1065(t0)
core   0: 3 0x800007a4 (0x438284a3) mem 0x80015f59 0x8b
core   0: 0x800007a8 (0xb2b285a3) sb      a1, -1237(t0)
core   0: 3 0x800007a8 (0xb2b285a3) mem 0x8001565b 0x0
core   0: 0x800007ac (0xc382a783) lw      a5, -968(t0)
core   0: 3 0x800007ac (0xc382a783) x15 0x20212223 mem 0x80015768
core   0: 0x800007b0 (0x41285a33) sra     s4, a6, s2
core   0: 3 0x800007b0 (0x41285a33) x20 0xfffffa22
core   0: 0x800007b4 (0x44428023) sb      tp, 1088(t0)
core   0: 3 0x800007b4 (0x44428023) mem 0x80015f70 0xb3
core   0: 0x800007b8 (0x01e17333) and     t1, sp, t5
core   0: 3 0x800007b8 (0x01e17333) x 6 0x00000044
core   0: 0x800007bc (0x80e88e13) addi    t3, a7, -2034
core   0: 3 0x800007bc (0x80e88e13) x28 0xfffff80e
core   0: 0x800007c0 (0xcad2c703) lbu     a4, -851(t0)
core   0: 3 0x800007c0 (0xcad2c703) x14 0x00000096 mem 0x800157dd
core   0: 0x800007c4 (0x41bf5b33) sra     s6, t5, s11
core   0: 3 0x800007c4 (0x41bf5b33) x22 0x00000000
core   0: 0x800007c8 (0x226289a3) sb      t1, 563(t0)
core   0: 3 0x800007c8 (0x226289a3) mem 0x80015d63 0x44
core   0: 0x800007cc (0x00015b17) auipc   s6, 0x15
core   0: 3 0x800007cc (0x00015b17) x22 0x800157cc
core   0: 0x800007d0 (0xf20b0b13) addi    s6, s6, -224
core   0: 3 0x800007d0 (0xf20b0b13) x22 0x800156ec
core   0: 0x800007d4 (0xdbab4d03) lbu     s10, -582(s6)
core   0: 3 0x800007d4 (0xdbab4d03) x26 0x0000005d mem 0x800154a6
core   0: 0x800007d8 (0xdbab0203) lb      tp, -582(s6)
core   0: 3 0x800007d8 (0xdbab0203) x 4 0x0000005d mem 0x800154a6
core   0: 0x800007dc (0xdbab0803) lb      a6, -582(s6)
core   0: 3 0x800007dc (0xdbab0803) x16 0x0000005d mem 0x800154a6
core   0: 0x800007e0 (0xdbab5983) lhu     s3, -582(s6)
core   0: 3 0x800007e0 (0xdbab5983) x19 0x00005c5d mem 0x800154a6
core   0: 0x800007e4 (0x723b4503) lbu     a0, 1827(s6)
core   0: 3 0x800007e4 (0x723b4503) x10 0x000000c4 mem 0x80015e0f
core   0: 0x800007e8 (0x723b0783) lb      a5, 1827(s6)
core   0: 3 0x800007e8 (0x723b0783) x15 0xffffffc4 mem 0x80015e0f
core   0: 0x800007ec (0x723b0083) lb      ra, 1827(s6)
core   0: 3 0x800007ec (0x723b0083) x 1 0xffffffc4 mem 0x80015e0f
core   0: 0x800007f0 (0x723b4903) lbu     s2, 1827(s6)
core   0: 3 0x800007f0 (0x723b4903) x18 0x000000c4 mem 0x80015e0f
core   0: 0x800007f4 (0x734b01a3) sb      s4, 1827(s6)
core   0: 3 0x800007f4 (0x734b01a3) mem 0x80015e0f 0x22
core   0: 0x800007f8 (0x723b0503) lb      a0, 1827(s6)
core   0: 3 0x800007f8 (0x723b0503) x10 0x00000022 mem 0x80015e0f
core   0: 0x800007fc (0x61960713) addi    a4, a2, 1561
core   0: 3 0x800007fc (0x61960713) x14 0x8002b47d
core   0: 0x80000800 (0x723b0c83) lb      s9, 1827(s6)
core   0: 3 0x80000800 (0x723b0c83) x25 0x00000022 mem 0x80015e0f
core   0: 0x80000804 (0x723b0a83) lb      s5, 1827(s6)
core   0: 3 0x80000804 (0x723b0a83) x21 0x00000022 mem 0x80015e0f
core   0: 0x80000808 (0x723b0d83) lb      s11, 1827(s6)
core   0: 3 0x80000808 (0x723b0d83) x27 0x00000022 mem 0x80015e0f
core   0: 0x8000080c (0x723b0483) lb      s1, 1827(s6)
core   0: 3 0x8000080c (0x723b0483) x 9 0x00000022 mem 0x80015e0f
core   0: 0x80000810 (0x01aa1493) slli    s1, s4, 26
core   0: 3 0x80000810 (0x01aa1493) x 9 0x88000000
core   0: 0x80000814 (0x724b01a3) sb      tp, 1827(s6)
core   0: 3 0x80000814 (0x724b01a3) mem 0x80015e0f 0x5d
core   0: 0x80000818 (0x723b4a03) lbu     s4, 1827(s6)
core   0: 3 0x80000818 (0x723b4a03) x20 0x0000005d mem 0x80015e0f
core   0: 0x8000081c (0x01c03e33) snez    t3, t3
core   0: 3 0x8000081c (0x01c03e33) x28 0x00000001
core   0: 0x80000820 (0x723b0003) lb      zero, 1827(s6)
core   0: 3 0x80000820 (0x723b0003) mem 0x80015e0f
core   0: 0x80000824 (0x723b4a03) lbu     s4, 1827(s6)
core   0: 3 0x80000824 (0x723b4a03) x20 0x0000005d mem 0x80015e0f
core   0: 0x80000828 (0x723b0083) lb      ra, 1827(s6)
core   0: 3 0x80000828 (0x723b0083) x 1 0x0000005d mem 0x80015e0f
core   0: 0x8000082c (0x723b4d83) lbu     s11, 1827(s6)
core   0: 3 0x8000082c (0x723b4d83) x27 0x0000005d mem 0x80015e0f
core   0: 0x80000830 (0x00015c17) auipc   s8, 0x15
core   0: 3 0x80000830 (0x00015c17) x24 0x80015830
core   0: 0x80000834 (0x645c0c13) addi    s8, s8, 1605
core   0: 3 0x80000834 (0x645c0c13) x24 0x80015e75
core   0: 0x80000838 (0xf7cc0383) lb      t2, -132(s8)
core   0: 3 0x80000838 (0xf7cc0383) x 7 0xffffffaa mem 0x80015df1
core   0: 0x8000083c (0x0ff0000f) fence   iorw,iorw
core   0: 3 0x8000083c (0x0ff0000f)
core   0: 0x80000840 (0x01dfa833) slt     a6, t6, t4
core   0: 3 0x80000840 (0x01dfa833) x16 0x00000001
core   0: 0x80000844 (0x01ac0b03) lb      s6, 26(s8)
core   0: 3 0x80000844 (0x01ac0b03) x22 0x00000044 mem 0x80015e8f
core   0: 0x80000848 (0x0f8c0723) sb      s8, 238(s8)
core   0: 3 0x80000848 (0x0f8c0723) mem 0x80015f63 0x75
core   0: 0x8000084c (0x0cfc2ba3) sw      a5, 215(s8)
core   0: 3 0x8000084c (0x0cfc2ba3) mem 0x80015f4c 0xffffffc4
core   0: 0x80000850 (0xfaec0a83) lb      s5, -82(s8)
core   0: 3 0x80000850 (0xfaec0a83) x21 0xffffffd8 mem 0x80015e23
core   0: 0x80000854 (0xfa1c2da3) sw      ra, -69(s8)
core   0: 3 0x80000854 (0xfa1c2da3) mem 0x80015e30 0x0000005d
core   0: 0x80000858 (0xf47c13a3) sh      t2, -185(s8)
core   0: 3 0x80000858 (0xf47c13a3) mem 0x80015dbc 0xffaa
core   0: 0x8000085c (0x0144d793) srli    a5, s1, 20
core   0: 3 0x8000085c (0x0144d793) x15 0x00000880
core   0: 0x80000860 (0x00000013) nop
core   0: 3 0x80000860 (0x00000013)
core   0: 0x80000864 (0xf1ec4a83) lbu     s5, -226(s8)
core   0: 3 0x80000864 (0xf1ec4a83) x21 0x00000048 mem 0x80015d93
core   0: 0x80000868 (0x65c7ef13) ori     t5, a5, 1628
core   0: 3 0x80000868 (0x65c7ef13) x30 0x00000edc
core   0: 0x8000086c (0x016d1833) sll     a6, s10, s6
core   0: 3 0x8000086c (0x016d1833) x16 0x000005d0
core   0: 0x80000870 (0x0144a933) slt     s2, s1, s4
core   0: 3 0x80000870 (0x0144a933) x18 0x00000001
core   0: 0x80000874 (0x0197f1b3) and     gp, a5, s9
core   0: 3 0x80000874 (0x0197f1b3) x 3 0x00000000
core   0: 0x80000878 (0xfa7c2683) lw      a3, -89(s8)
core   0: 3 0x80000878 (0xfa7c2683) x13 0xd4d5d6d7 mem 0x80015e1c
core   0: 0x8000087c (0xf9fc15a3) sh      t6, -117(s8)
core   0: 3 0x8000087c (0xf9fc15a3) mem 0x80015e00 0x0d80
core   0: 0x80000880 (0x7923e313) ori     t1, t2, 1938
core   0: 3 0x80000880 (0x7923e313) x 6 0xffffffba
core   0: 0x80000884 (0x00b65a13) srli    s4, a2, 11
core   0: 3 0x80000884 (0x00b65a13) x20 0x00100055
core   0: 0x80000888 (0x4070d3b3) sra     t2, ra, t2
core   0: 3 0x80000888 (0x4070d3b3) x 7 0x00000000
core   0: 0x8000088c (0xf93c0123) sb      s3, -126(s8)
core   0: 3 0x8000088c (0xf93c0123) mem 0x80015df7 0x5d
core   0: 0x80000890 (0x00ba12b3) sll     t0, s4, a1
core   0: 3 0x80000890 (0x00ba12b3) x 5 0x00100055
core   0: 0x80000894 (0x0bbc1803) lh      a6, 187(s8)
core   0: 3 0x80000894 (0x0bbc1803) x16 0xffffeaeb mem 0x80015f30
core   0: 0x80000898 (0xf53c1003) lh      zero, -173(s8)
core   0: 3 0x80000898 (0xf53c1003) mem 0x80015dc8
core   0: 0x8000089c (0x008894b3) sll     s1, a7, s0
core   0: 3 0x8000089c (0x008894b3) x 9 0x00000000
core   0: 0x800008a0 (0x00000013) nop
core   0: 3 0x800008a0 (0x00000013)
core   0: 0x800008a4 (0xf40c0523) sb      zero, -182(s8)
core   0: 3 0x800008a4 (0xf40c0523) mem 0x80015dbf 0x0
core   0: 0x800008a8 (0x021c0c83) lb      s9, 33(s8)
core   0: 3 0x800008a8 (0x021c0c83) x25 0x0000004d mem 0x80015e96
core   0: 0x800008ac (0x006eb533) sltu    a0, t4, t1
core   0: 3 0x800008ac (0x006eb533) x10 0x00000001
core   0: 0x800008b0 (0x00829433) sll     s0, t0, s0
core   0: 3 0x800008b0 (0x00829433) x 8 0x00aa0000
core   0: 0x800008b4 (0x00000013) nop
core   0: 3 0x800008b4 (0x00000013)
core   0: 0x800008b8 (0x00c3dd33) srl     s10, t2, a2
core   0: 3 0x800008b8 (0x00c3dd33) x26 0x00000000
core   0: 0x800008bc (0xfacc0683) lb      a3, -84(s8)
core   0: 3 0x800008bc (0xfacc0683) x13 0xffffffda mem 0x80015e21
core   0: 0x800008c0 (0x00b93033) sltu    zero, s2, a1
core   0: 3 0x800008c0 (0x00b93033)
core   0: 0x800008c4 (0x382bf193) andi    gp, s7, 898
core   0: 3 0x800008c4 (0x382bf193) x 3 0x00000080
core   0: 0x800008c8 (0x0bec4983) lbu     s3, 190(s8)
core   0: 3 0x800008c8 (0x0bec4983) x19 0x000000e8 mem 0x80015f33
core   0: 0x800008cc (0xf52c0f83) lb      t6, -174(s8)
core   0: 3 0x800008cc (0xf52c0f83) x31 0x0000007c mem 0x80015dc7
core   0: 0x800008d0 (0x01ee51b3) srl     gp, t3, t5
core   0: 3 0x800008d0 (0x01ee51b3) x 3 0x00000000
core   0: 0x800008d4 (0x41fcd513) srai    a0, s9, 31
core   0: 3 0x800008d4 (0x41fcd513) x10 0x00000000
core   0: 0x800008d8 (0x049c00a3) sb      s1, 65(s8)
core   0: 3 0x800008d8 (0x049c00a3) mem 0x80015eb6 0x0
core   0: 0x800008dc (0x01ea67b3) or      a5, s4, t5
core   0: 3 0x800008dc (0x01ea67b3) x15 0x00100edd
core   0: 0x800008e0 (0x01fc3433) sltu    s0, s8, t6
core   0: 3 0x800008e0 (0x01fc3433) x 8 0x00000000
core   0: 0x800008e4 (0x014c4883) lbu     a7, 20(s8)
core   0: 3 0x800008e4 (0x014c4883) x17 0x00000042 mem 0x80015e89
core   0: 0x800008e8 (0x00f68733) add     a4, a3, a5
core   0: 3 0x800008e8 (0x00f68733) x14 0x00100eb7
core   0: 0x800008ec (0x01fc1a33) sll     s4, s8, t6
core   0: 3 0x800008ec (0x01fc1a33) x20 0x50000000
core   0: 0x800008f0 (0xfd0c4303) lbu     t1, -48(s8)
core   0: 3 0x800008f0 (0xfd0c4303) x 6 0x000000fe mem 0x80015e45
core   0: 0x800008f4 (0xf58c0523) sb      s8, -182(s8)
core   0: 3 0x800008f4 (0xf58c0523) mem 0x80015dbf 0x75
core   0: 0x800008f8 (0x007a1533) sll     a0, s4, t2
core   0: 3 0x800008f8 (0x007a1533) x10 0x50000000
core   0: 0x800008fc (0xf55c03a3) sb      s5, -185(s8)
core   0: 3 0x800008fc (0xf55c03a3) mem 0x80015dbc 0x48
core   0: 0x80000900 (0x080c0d83) lb      s11, 128(s8)
core   0: 3 0x80000900 (0x080c0d83) x27 0xffffffae mem 0x80015ef5
core   0: 0x80000904 (0xff2c4003) lbu     zero, -14(s8)
core   0: 3 0x80000904 (0xff2c4003) mem 0x80015e67
core   0: 0x80000908 (0xd6c13db7) lui     s11, 0xd6c13
core   0: 3 0x80000908 (0xd6c13db7) x27 0xd6c13000
core   0: 0x8000090c (0xd2c53a13) sltiu   s4, a0, -724
core   0: 3 0x8000090c (0xd2c53a13) x20 0x00000001
core   0: 0x80000910 (0xf26c1ca3) sh      t1, -199(s8)
core   0: 3 0x80000910 (0xf26c1ca3) mem 0x80015dae 0x00fe
core   0: 0x80000914 (0x04ac4503) lbu     a0, 74(s8)
core   0: 3 0x80000914 (0x04ac4503) x10 0x00000074 mem 0x80015ebf
core   0: 0x80000918 (0xf89c0c83) lb      s9, -119(s8)
core   0: 3 0x80000918 (0xf89c0c83) x25 0xffffffb5 mem 0x80015dfe
core   0: 0x8000091c (0x0001ba17) auipc   s4, 0x1b
core   0: 3 0x8000091c (0x0001ba17) x20 0x8001b91c
core   0: 0x80000920 (0x7f5a0a13) addi    s4, s4, 2037
core   0: 3 0x80000920 (0x7f5a0a13) x20 0x8001c111
core   0: 0x80000924 (0x003254b3) srl     s1, tp, gp
core   0: 3 0x80000924 (0x003254b3) x 9 0x0000005d
core   0: 0x80000928 (0x002a4e03) lbu     t3, 2(s4)
core   0: 3 0x80000928 (0x002a4e03) x28 0x000000c8 mem 0x8001c113
core   0: 0x8000092c (0xfd1a1083) lh      ra, -47(s4)
core   0: 3 0x8000092c (0xfd1a1083) x 1 0xffff9899 mem 0x8001c0e2
core   0: 0x80000930 (0x005a00a3) sb      t0, 1(s4)
core   0: 3 0x80000930 (0x005a00a3) mem 0x8001c112 0x55
core   0: 0x80000934 (0x00000013) nop
core   0: 3 0x80000934 (0x00000013)
core   0: 0x80000938 (0x00d78db3) add     s11, a5, a3
core   0: 3 0x80000938 (0x00d78db3) x27 0x00100eb7
core   0: 0x8000093c (0x41e7db13) srai    s6, a5, 30
core   0: 3 0x8000093c (0x41e7db13) x22 0x00000000
core   0: 0x80000940 (0xff3a12a3) sh      s3, -27(s4)
core   0: 3 0x80000940 (0xff3a12a3) mem 0x8001c0f6 0x00e8
core   0: 0x80000944 (0xfcfa1a83) lh      s5, -49(s4)
core   0: 3 0x80000944 (0xfcfa1a83) x21 0xffff9a9b mem 0x8001c0e0
core   0: 0x80000948 (0x00ba1ca3) sh      a1, 25(s4)
core   0: 3 0x80000948 (0x00ba1ca3) mem 0x8001c12a 0x0000
core   0: 0x8000094c (0xfd4a0423) sb      s4, -56(s4)
core   0: 3 0x8000094c (0xfd4a0423) mem 0x8001c0d9 0x11
core   0: 0x80000950 (0x8dc294b7) lui     s1, 0x8dc29
core   0: 3 0x80000950 (0x8dc294b7) x 9 0x8dc29000
core   0: 0x80000954 (0x01ba4c83) lbu     s9, 27(s4)
core   0: 3 0x80000954 (0x01ba4c83) x25 0x000000e7 mem 0x8001c12c
core   0: 0x80000958 (0xfc4a4d03) lbu     s10, -60(s4)
core   0: 3 0x80000958 (0xfc4a4d03) x26 0x0000008e mem 0x8001c0d5
core   0: 0x8000095c (0x0111df33) srl     t5, gp, a7
core   0: 3 0x8000095c (0x0111df33) x30 0x00000000
core   0: 0x80000960 (0x014aac33) slt     s8, s5, s4
core   0: 3 0x80000960 (0x014aac33) x24 0x00000000
core   0: 0x80000964 (0x02da5a83) lhu     s5, 45(s4)
core   0: 3 0x80000964 (0x02da5a83) x21 0x0000f4f5 mem 0x8001c13e
core   0: 0x80000968 (0x01ea2da3) sw      t5, 27(s4)
core   0: 3 0x80000968 (0x01ea2da3) mem 0x8001c12c 0x00000000
core   0: 0x8000096c (0x01b07fb3) and     t6, zero, s11
core   0: 3 0x8000096c (0x01b07fb3) x31 0x00000000
core   0: 0x80000970 (0x031a0e23) sb      a7, 60(s4)
core   0: 3 0x80000970 (0x031a0e23) mem 0x8001c14d 0x42
core   0: 0x80000974 (0x019cfd33) and     s10, s9, s9
core   0: 3 0x80000974 (0x019cfd33) x26 0x000000e7
core   0: 0x80000978 (0x026a05a3) sb      t1, 43(s4)
core   0: 3 0x80000978 (0x026a05a3) mem 0x8001c13c 0xfe
core   0: 0x8000097c (0x8580c813) xori    a6, ra, -1960
core   0: 3 0x8000097c (0x8580c813) x16 0x000060c1
core   0: 0x80000980 (0x019b93b3) sll     t2, s7, s9
core   0: 3 0x80000980 (0x019b93b3) x 7 0x005c5c80
core   0: 0x80000984 (0xfcfa1883) lh      a7, -49(s4)
core   0: 3 0x80000984 (0xfcfa1883) x17 0xffff9a9b mem 0x8001c0e0
core   0: 0x80000988 (0xd6b13d93) sltiu   s11, sp, -661
core   0: 3 0x80000988 (0xd6b13d93) x27 0x00000001
core   0: 0x8000098c (0x0058f7b3) and     a5, a7, t0
core   0: 3 0x8000098c (0x0058f7b3) x15 0x00100011
core   0: 0x80000990 (0x02ba5703) lhu     a4, 43(s4)
core   0: 3 0x80000990 (0x02ba5703) x14 0x0000f6fe mem 0x8001c13c
core   0: 0x80000994 (0x019a0383) lb      t2, 25(s4)
core   0: 3 0x80000994 (0x019a0383) x 7 0x00000000 mem 0x8001c12a
core   0: 0x80000998 (0x5e61f393) andi    t2, gp, 1510
core   0: 3 0x80000998 (0x5e61f393) x 7 0x00000000
core   0: 0x8000099c (0x0d7f2393) slti    t2, t5, 215
core   0: 3 0x8000099c (0x0d7f2393) x 7 0x00000001
core   0: 0x800009a0 (0x019c7333) and     t1, s8, s9
core   0: 3 0x800009a0 (0x019c7333) x 6 0x00000000
core   0: 0x800009a4 (0xfcfa2d83) lw      s11, -49(s4)
core   0: 3 0x800009a4 (0xfcfa2d83) x27 0x98999a9b mem 0x8001c0e0
core   0: 0x800009a8 (0xfd1a0303) lb      t1, -47(s4)
core   0: 3 0x800009a8 (0xfd1a0303) x 6 0xffffff99 mem 0x8001c0e2
core   0: 0x800009ac (0x0079a4b3) slt     s1, s3, t2
core   0: 3 0x800009ac (0x0079a4b3) x 9 0x00000000
core   0: 0x800009b0 (0x009634b3) sltu    s1, a2, s1
core   0: 3 0x800009b0 (0x009634b3) x 9 0x00000000
core   0: 0x800009b4 (0xfe2a4d83) lbu     s11, -30(s4)
core   0: 3 0x800009b4 (0xfe2a4d83) x27 0x000000a8 mem 0x8001c0f3
core   0: 0x800009b8 (0x0001ab17) auipc   s6, 0x1a
core   0: 3 0x800009b8 (0x0001ab17) x22 0x8001a9b8
core   0: 0x800009bc (0x8e4b0b13) addi    s6, s6, -1820
core   0: 3 0x800009bc (0x8e4b0b13) x22 0x8001a29c
core   0: 0x800009c0 (0x1527f293) andi    t0, a5, 338
core   0: 3 0x800009c0 (0x1527f293) x 5 0x00000010
core   0: 0x800009c4 (0xfb0b0ba3) sb      a6, -73(s6)
core   0: 3 0x800009c4 (0xfb0b0ba3) mem 0x8001a253 0xc1
core   0: 0x800009c8 (0x00943f33) sltu    t5, s0, s1
core   0: 3 0x800009c8 (0x00943f33) x30 0x00000000
core   0: 0x800009cc (0xf70b1723) sh      a6, -146(s6)
core   0: 3 0x800009cc (0xf70b1723) mem 0x8001a20a 0x60c1
core   0: 0x800009d0 (0x0cfb0fa3) sb      a5, 223(s6)
core   0: 3 0x800009d0 (0x0cfb0fa3) mem 0x8001a37b 0x11
core   0: 0x800009d4 (0xf9bb0723) sb      s11, -114(s6)
core   0: 3 0x800009d4 (0xf9bb0723) mem 0x8001a22a 0xa8
core   0: 0x800009d8 (0x0000100f) fence.i
core   0: 3 0x800009d8 (0x0000100f)
core   0: 0x800009dc (0xf93b0723) sb      s3, -114(s6)
core   0: 3 0x800009dc (0xf93b0723) mem 0x8001a22a 0xe8
core   0: 0x800009e0 (0x744a7313) andi    t1, s4, 1860
core   0: 3 0x800009e0 (0x744a7313) x 6 0x00000100
core   0: 0x800009e4 (0xf8eb4b83) lbu     s7, -114(s6)
core   0: 3 0x800009e4 (0xf8eb4b83) x23 0x000000e8 mem 0x8001a22a
core   0: 0x800009e8 (0xf97b0723) sb      s7, -114(s6)
core   0: 3 0x800009e8 (0xf97b0723) mem 0x8001a22a 0xe8
core   0: 0x800009ec (0xf8eb4303) lbu     t1, -114(s6)
core   0: 3 0x800009ec (0xf8eb4303) x 6 0x000000e8 mem 0x8001a22a
core   0: 0x800009f0 (0xf8eb4f03) lbu     t5, -114(s6)
core   0: 3 0x800009f0 (0xf8eb4f03) x30 0x000000e8 mem 0x8001a22a
core   0: 0x800009f4 (0x089b4883) lbu     a7, 137(s6)
core   0: 3 0x800009f4 (0x089b4883) x17 0x000000de mem 0x8001a325
core   0: 0x800009f8 (0x092b04a3) sb      s2, 137(s6)
core   0: 3 0x800009f8 (0x092b04a3) mem 0x8001a325 0x1
core   0: 0x800009fc (0x089b0a83) lb      s5, 137(s6)
core   0: 3 0x800009fc (0x089b0a83) x21 0x00000001 mem 0x8001a325
core   0: 0x80000a00 (0x099b04a3) sb      s9, 137(s6)
core   0: 3 0x80000a00 (0x099b04a3) mem 0x8001a325 0xe7
core   0: 0x80000a04 (0x089b0303) lb      t1, 137(s6)
core   0: 3 0x80000a04 (0x089b0303) x 6 0xffffffe7 mem 0x8001a325
core   0: 0x80000a08 (0x0147da93) srli    s5, a5, 20
core   0: 3 0x80000a08 (0x0147da93) x21 0x00000001
core   0: 0x80000a0c (0x089b4403) lbu     s0, 137(s6)
core   0: 3 0x80000a0c (0x089b4403) x 8 0x000000e7 mem 0x8001a325
core   0: 0x80000a10 (0x3ca64bb7) lui     s7, 0x3ca64
core   0: 3 0x80000a10 (0x3ca64bb7) x23 0x3ca64000
core   0: 0x80000a14 (0x093b04a3) sb      s3, 137(s6)
core   0: 3 0x80000a14 (0x093b04a3) mem 0x8001a325 0xe8
core   0: 0x80000a18 (0x089b0383) lb      t2, 137(s6)
core   0: 3 0x80000a18 (0x089b0383) x 7 0xffffffe8 mem 0x8001a325
core   0: 0x80000a1c (0x089b4303) lbu     t1, 137(s6)
core   0: 3 0x80000a1c (0x089b4303) x 6 0x000000e8 mem 0x8001a325
core   0: 0x80000a20 (0x0001e697) auipc   a3, 0x1e
core   0: 3 0x80000a20 (0x0001e697) x13 0x8001ea20
core   0: 0x80000a24 (0x4c168693) addi    a3, a3, 1217
core   0: 3 0x80000a24 (0x4c168693) x13 0x8001eee1
core   0: 0x80000a28 (0x00a6c983) lbu     s3, 10(a3)
core   0: 3 0x80000a28 (0x00a6c983) x19 0x000000a0 mem 0x8001eeeb
core   0: 0x80000a2c (0x00a68a83) lb      s5, 10(a3)
core   0: 3 0x80000a2c (0x00a68a83) x21 0xffffffa0 mem 0x8001eeeb
core   0: 0x80000a30 (0x017a10b3) sll     ra, s4, s7
core   0: 3 0x80000a30 (0x017a10b3) x 1 0x8001c111
core   0: 0x80000a34 (0x00a68523) sb      a0, 10(a3)
core   0: 3 0x80000a34 (0x00a68523) mem 0x8001eeeb 0x74
core   0: 0x80000a38 (0x00568523) sb      t0, 10(a3)
core   0: 3 0x80000a38 (0x00568523) mem 0x8001eeeb 0x10
core   0: 0x80000a3c (0xf3768f03) lb      t5, -201(a3)
core   0: 3 0x80000a3c (0xf3768f03) x30 0xffffffd3 mem 0x8001ee18
core   0: 0x80000a40 (0x978b3813) sltiu   a6, s6, -1672
core   0: 3 0x80000a40 (0x978b3813) x16 0x00000001
core   0: 0x80000a44 (0xf3769a83) lh      s5, -201(a3)
core   0: 3 0x80000a44 (0xf3769a83) x21 0xffffd2d3 mem 0x8001ee18
core   0: 0x80000a48 (0xf376af83) lw      t6, -201(a3)
core   0: 3 0x80000a48 (0xf376af83) x31 0xd0d1d2d3 mem 0x8001ee18
core   0: 0x80000a4c (0xf3769003) lh      zero, -201(a3)
core   0: 3 0x80000a4c (0xf3769003) mem 0x8001ee18
core   0: 0x80000a50 (0xf3768903) lb      s2, -201(a3)
core   0: 3 0x80000a50 (0xf3768903) x18 0xffffffd3 mem 0x8001ee18
core   0: 0x80000a54 (0x01d31293) slli    t0, t1, 29
core   0: 3 0x80000a54 (0x01d31293) x 5 0x00000000
core   0: 0x80000a58 (0x000ed193) srli    gp, t4, 0
core   0: 3 0x80000a58 (0x000ed193) x 3 0x00000000
core   0: 0x80000a5c (0xf3769283) lh      t0, -201(a3)
core   0: 3 0x80000a5c (0xf3769283) x 5 0xffffd2d3 mem 0x8001ee18
core   0: 0x80000a60 (0xf376ac03) lw      s8, -201(a3)
core   0: 3 0x80000a60 (0xf376ac03) x24 0xd0d1d2d3 mem 0x8001ee18
core   0: 0x80000a64 (0xf3768503) lb      a0, -201(a3)
core   0: 3 0x80000a64 (0xf3768503) x10 0xffffffd3 mem 0x8001ee18
core   0: 0x80000a68 (0xf3768003) lb      zero, -201(a3)
core   0: 3 0x80000a68 (0xf3768003) mem 0x8001ee18
core   0: 0x80000a6c (0xf3769783) lh      a5, -201(a3)
core   0: 3 0x80000a6c (0xf3769783) x15 0xffffd2d3 mem 0x8001ee18
core   0: 0x80000a70 (0x00015f17) auipc   t5, 0x15
core   0: 3 0x80000a70 (0x00015f17) x30 0x80015a70
core   0: 0x80000a74 (0x204f0f13) addi    t5, t5, 516
core   0: 3 0x80000a74 (0x204f0f13) x30 0x80015c74
core   0: 0x80000a78 (0x00023417) auipc   s0, 0x23
core   0: 3 0x80000a78 (0x00023417) x 8 0x80023a78
core   0: 0x80000a7c (0x0fb40413) addi    s0, s0, 251
core   0: 3 0x80000a7c (0x0fb40413) x 8 0x80023b73
core   0: 0x80000a80 (0x05af1783) lh      a5, 90(t5)
core   0: 3 0x80000a80 (0x05af1783) x15 0xffff8485 mem 0x80015cce
core   0: 0x80000a84 (0x066f0ba3) sb      t1, 119(t5)
core   0: 3 0x80000a84 (0x066f0ba3) mem 0x80015ceb 0xe8
core   0: 0x80000a88 (0x07444283) lbu     t0, 116(s0)
core   0: 3 0x80000a88 (0x07444283) x 5 0x0000009c mem 0x80023be7
core   0: 0x80000a8c (0xf32f0723) sb      s2, -210(t5)
core   0: 3 0x80000a8c (0xf32f0723) mem 0x80015ba2 0xd3
core   0: 0x80000a90 (0xf8540123) sb      t0, -126(s0)
core   0: 3 0x80000a90 (0xf8540123) mem 0x80023af5 0x9c
core   0: 0x80000a94 (0xf4ff2c23) sw      a5, -168(t5)
core   0: 3 0x80000a94 (0xf4ff2c23) mem 0x80015bcc 0xffff8485
core   0: 0x80000a98 (0x0d840223) sb      s8, 196(s0)
core   0: 3 0x80000a98 (0x0d840223) mem 0x80023c37 0xd3
core   0: 0x80000a9c (0xf6740303) lb      t1, -153(s0)
core   0: 3 0x80000a9c (0xf6740303) x 6 0xffffff91 mem 0x80023ada
core   0: 0x80000aa0 (0x05ff4783) lbu     a5, 95(t5)
core   0: 3 0x80000aa0 (0x05ff4783) x15 0x00000088 mem 0x80015cd3
core   0: 0x80000aa4 (0xfc444a03) lbu     s4, -60(s0)
core   0: 3 0x80000aa4 (0xfc444a03) x20 0x000000ec mem 0x80023b37
core   0: 0x80000aa8 (0x09af1e03) lh      t3, 154(t5)
core   0: 3 0x80000aa8 (0x09af1e03) x28 0xffffc4c5 mem 0x80015d0e
core   0: 0x80000aac (0xfce41ea3) sh      a4, -35(s0)
core   0: 3 0x80000aac (0xfce41ea3) mem 0x80023b50 0xf6fe
core   0: 0x80000ab0 (0x07b414a3) sh      s11, 105(s0)
core   0: 3 0x80000ab0 (0x07b414a3) mem 0x80023bdc 0x00a8
core   0: 0x80000ab4 (0xf8ff0f83) lb      t6, -113(t5)
core   0: 3 0x80000ab4 (0xf8ff0f83) x31 0xffffffb8 mem 0x80015c03
core   0: 0x80000ab8 (0xf76f1b03) lh      s6, -138(t5)
core   0: 3 0x80000ab8 (0xf76f1b03) x22 0xffffa0a1 mem 0x80015bea
core   0: 0x80000abc (0xf6d44503) lbu     a0, -147(s0)
core   0: 3 0x80000abc (0xf6d44503) x10 0x0000009b mem 0x80023ae0
core   0: 0x80000ac0 (0x00014b97) auipc   s7, 0x14
core   0: 3 0x80000ac0 (0x00014b97) x23 0x80014ac0
core   0: 0x80000ac4 (0x7bbb8b93) addi    s7, s7, 1979
core   0: 3 0x80000ac4 (0x7bbb8b93) x23 0x8001527b
core   0: 0x80000ac8 (0x64cb8403) lb      s0, 1612(s7)
core   0: 3 0x80000ac8 (0x64cb8403) x 8 0x0000007c mem 0x800158c7
core   0: 0x80000acc (0x40c55ab3) sra     s5, a0, a2
core   0: 3 0x80000acc (0x40c55ab3) x21 0x00000009
core   0: 0x80000ad0 (0x50bbd983) lhu     s3, 1291(s7)
core   0: 3 0x80000ad0 (0x50bbd983) x19 0x00003000 mem 0x80015786
core   0: 0x80000ad4 (0x0014d3b3) srl     t2, s1, ra
core   0: 3 0x80000ad4 (0x0014d3b3) x 7 0x00000000
core   0: 0x80000ad8 (0x3c7b9183) lh      gp, 967(s7)
core   0: 3 0x80000ad8 (0x3c7b9183) x 3 0xfffff8f9 mem 0x80015642
core   0: 0x80000adc (0x090baea3) sw      a6, 157(s7)
core   0: 3 0x80000adc (0x090baea3) mem 0x80015318 0x00000001
core   0: 0x80000ae0 (0xef40b093) sltiu   ra, ra, -268
core   0: 3 0x80000ae0 (0xef40b093) x 1 0x00000001
core   0: 0x80000ae4 (0xa1578d13) addi    s10, a5, -1515
core   0: 3 0x80000ae4 (0xa1578d13) x26 0xfffffa9d
core   0: 0x80000ae8 (0x018c64b3) or      s1, s8, s8
core   0: 3 0x80000ae8 (0x018c64b3) x 9 0xd0d1d2d3
core   0: 0x80000aec (0x0142dd33) srl     s10, t0, s4
core   0: 3 0x80000aec (0x0142dd33) x26 0x00000000
core   0: 0x80000af0 (0x92076a13) ori     s4, a4, -1760
core   0: 3 0x80000af0 (0x92076a13) x20 0xfffffffe
core   0: 0x80000af4 (0x40895813) srai    a6, s2, 8
core   0: 3 0x80000af4 (0x40895813) x16 0xffffffff
core   0: 0x80000af8 (0x14eb8623) sb      a4, 332(s7)
core   0: 3 0x80000af8 (0x14eb8623) mem 0x800153c7 0xfe
core   0: 0x80000afc (0x407c5513) srai    a0, s8, 7
core   0: 3 0x80000afc (0x407c5513) x10 0xffa1a3a5
core   0: 0x80000b00 (0xec6b8183) lb      gp, -314(s7)
core   0: 3 0x80000b00 (0xec6b8183) x 3 0xfffffffa mem 0x80015141
core   0: 0x80000b04 (0xff89ac93) slti    s9, s3, -8
core   0: 3 0x80000b04 (0xff89ac93) x25 0x00000000
core   0: 0x80000b08 (0x667bd183) lhu     gp, 1639(s7)
core   0: 3 0x80000b08 (0x667bd183) x 3 0x00009899 mem 0x800158e2
core   0: 0x80000b0c (0x405bd513) srai    a0, s7, 5
core   0: 3 0x80000b0c (0x405bd513) x10 0xfc000a93
core   0: 0x80000b10 (0x41dfdb13) srai    s6, t6, 29
core   0: 3 0x80000b10 (0x41dfdb13) x22 0xffffffff
core   0: 0x80000b14 (0x703ccb13) xori    s6, s9, 1795
core   0: 3 0x80000b14 (0x703ccb13) x22 0x00000703
core   0: 0x80000b18 (0x7309c313) xori    t1, s3, 1840
core   0: 3 0x80000b18 (0x7309c313) x 6 0x00003730
core   0: 0x80000b1c (0x40e85f33) sra     t5, a6, a4
core   0: 3 0x80000b1c (0x40e85f33) x30 0xffffffff
core   0: 0x80000b20 (0x09fcc8b7) lui     a7, 0x9fcc
core   0: 3 0x80000b20 (0x09fcc8b7) x17 0x09fcc000
core   0: 0x80000b24 (0x3c2aef37) lui     t5, 0x3c2ae
core   0: 3 0x80000b24 (0x3c2aef37) x30 0x3c2ae000
core   0: 0x80000b28 (0xef4b8923) sb      s4, -270(s7)
core   0: 3 0x80000b28 (0xef4b8923) mem 0x8001516d 0xfe
core   0: 0x80000b2c (0x00ec0693) addi    a3, s8, 14
core   0: 3 0x80000b2c (0x00ec0693) x13 0xd0d1d2e1
core   0: 0x80000b30 (0x33372793) slti    a5, a4, 819
core   0: 3 0x80000b30 (0x33372793) x15 0x00000000
core   0: 0x80000b34 (0xeecb8003) lb      zero, -276(s7)
core   0: 3 0x80000b34 (0xeecb8003) mem 0x80015167
core   0: 0x80000b38 (0x233b9003) lh      zero, 563(s7)
core   0: 3 0x80000b38 (0x233b9003) mem 0x800154ae
core   0: 0x80000b3c (0x0078adb3) slt     s11, a7, t2
core   0: 3 0x80000b3c (0x0078adb3) x27 0x00000000
core   0: 0x80000b40 (0x01fa5933) srl     s2, s4, t6
core   0: 3 0x80000b40 (0x01fa5933) x18 0x000000ff
core   0: 0x80000b44 (0xb9ffa713) slti    a4, t6, -1121
core   0: 3 0x80000b44 (0xb9ffa713) x14 0x00000000
core   0: 0x80000b48 (0x007c1fb3) sll     t6, s8, t2
core   0: 3 0x80000b48 (0x007c1fb3) x31 0xd0d1d2d3
core   0: 0x80000b4c (0x664b8923) sb      tp, 1650(s7)
core   0: 3 0x80000b4c (0x664b8923) mem 0x800158ed 0x5d
core   0: 0x80000b50 (0x0087a9b3) slt     s3, a5, s0
core   0: 3 0x80000b50 (0x0087a9b3) x19 0x00000001
core   0: 0x80000b54 (0x4e0bcf83) lbu     t6, 1248(s7)
core   0: 3 0x80000b54 (0x4e0bcf83) x31 0x00000010 mem 0x8001575b
core   0: 0x80000b58 (0x00014917) auipc   s2, 0x14
core   0: 3 0x80000b58 (0x00014917) x18 0x80014b58
core   0: 0x80000b5c (0x5d990913) addi    s2, s2, 1497
core   0: 3 0x80000b5c (0x5d990913) x18 0x80015131
core   0: 0x80000b60 (0x01b92d03) lw      s10, 27(s2)
core   0: 3 0x80000b60 (0x01b92d03) x26 0x04050607 mem 0x8001514c
core   0: 0x80000b64 (0xfe991483) lh      s1, -23(s2)
core   0: 3 0x80000b64 (0xfe991483) x 9 0xffffd0d1 mem 0x8001511a
core   0: 0x80000b68 (0x41bd09b3) sub     s3, s10, s11
core   0: 3 0x80000b68 (0x41bd09b3) x19 0x04050607
core   0: 0x80000b6c (0x0000100f) fence.i
core   0: 3 0x80000b6c (0x0000100f)
core   0: 0x80000b70 (0xfe994503) lbu     a0, -23(s2)
core   0: 3 0x80000b70 (0xfe994503) x10 0x000000d1 mem 0x8001511a
core   0: 0x80000b74 (0xd5034193) xori    gp, t1, -688
core   0: 3 0x80000b74 (0xd5034193) x 3 0xffffca60
core   0: 0x80000b78 (0x01f90003) lb      zero, 31(s2)
core   0: 3 0x80000b78 (0x01f90003) mem 0x80015150
core   0: 0x80000b7c (0xfca94f83) lbu     t6, -54(s2)
core   0: 3 0x80000b7c (0xfca94f83) x31 0x000000b0 mem 0x800150fb
core   0: 0x80000b80 (0x01494703) lbu     a4, 20(s2)
core   0: 3 0x80000b80 (0x01494703) x14 0x000000fe mem 0x80015145
core   0: 0x80000b84 (0xfee90483) lb      s1, -18(s2)
core   0: 3 0x80000b84 (0xfee90483) x 9 0xffffffd4 mem 0x8001511f
core   0: 0x80000b88 (0x0000100f) fence.i
core   0: 3 0x80000b88 (0x0000100f)
core   0: 0x80000b8c (0x334bbc13) sltiu   s8, s7, 820
core   0: 3 0x80000b8c (0x334bbc13) x24 0x00000000
core   0: 0x80000b90 (0x41595e33) sra     t3, s2, s5
core   0: 3 0x80000b90 (0x41595e33) x28 0xffc000a8
core   0: 0x80000b94 (0xffe90d83) lb      s11, -2(s2)
core   0: 3 0x80000b94 (0xffe90d83) x27 0xffffffe4 mem 0x8001512f
core   0: 0x80000b98 (0x03c90703) lb      a4, 60(s2)
core   0: 3 0x80000b98 (0x03c90703) x14 0xfffffffe mem 0x8001516d
core   0: 0x80000b9c (0x759c4b13) xori    s6, s8, 1881
core   0: 3 0x80000b9c (0x759c4b13) x22 0x00000759
core   0: 0x80000ba0 (0x0ff0000f) fence   iorw,iorw
core   0: 3 0x80000ba0 (0x0ff0000f)
core   0: 0x80000ba4 (0x03590623) sb      s5, 44(s2)
core   0: 3 0x80000ba4 (0x03590623) mem 0x8001515d 0x9
core   0: 0x80000ba8 (0x0037eab3) or      s5, a5, gp
core   0: 3 0x80000ba8 (0x0037eab3) x21 0xffffca60
core   0: 0x80000bac (0x02c90a23) sb      a2, 52(s2)
core   0: 3 0x80000bac (0x02c90a23) mem 0x80015165 0x64
core   0: 0x80000bb0 (0xcd65f2b7) lui     t0, 0xcd65f
core   0: 3 0x80000bb0 (0xcd65f2b7) x 5 0xcd65f000
core   0: 0x80000bb4 (0x03e90fa3) sb      t5, 63(s2)
core   0: 3 0x80000bb4 (0x03e90fa3) mem 0x80015170 0x0
core   0: 0x80000bb8 (0x028908a3) sb      s0, 49(s2)
core   0: 3 0x80000bb8 (0x028908a3) mem 0x80015162 0x7c
core   0: 0x80000bbc (0xfd390f83) lb      t6, -45(s2)
core   0: 3 0x80000bbc (0xfd390f83) x31 0xffffffbf mem 0x80015104
core   0: 0x80000bc0 (0x3fd3fe93) andi    t4, t2, 1021
core   0: 3 0x80000bc0 (0x3fd3fe93) x29 0x00000000
core   0: 0x80000bc4 (0x7e19af13) slti    t5, s3, 2017
core   0: 3 0x80000bc4 (0x7e19af13) x30 0x00000000
core   0: 0x80000bc8 (0x014e5893) srli    a7, t3, 20
core   0: 3 0x80000bc8 (0x014e5893) x17 0x00000ffc
core   0: 0x80000bcc (0xfca90a03) lb      s4, -54(s2)
core   0: 3 0x80000bcc (0xfca90a03) x20 0xffffffb0 mem 0x800150fb
core   0: 0x80000bd0 (0x023914a3) sh      gp, 41(s2)
core   0: 3 0x80000bd0 (0x023914a3) mem 0x8001515a 0xca60
core   0: 0x80000bd4 (0x0ff0000f) fence   iorw,iorw
core   0: 3 0x80000bd4 (0x0ff0000f)
core   0: 0x80000bd8 (0x012a9193) slli    gp, s5, 18
core   0: 3 0x80000bd8 (0x012a9193) x 3 0x29800000
core   0: 0x80000bdc (0x00ee31b3) sltu    gp, t3, a4
core   0: 3 0x80000bdc (0x00ee31b3) x 3 0x00000001
core   0: 0x80000be0 (0xffa94703) lbu     a4, -6(s2)
core   0: 3 0x80000be0 (0xffa94703) x14 0x000000e0 mem 0x8001512b
core   0: 0x80000be4 (0x00b437b3) sltu    a5, s0, a1
core   0: 3 0x80000be4 (0x00b437b3) x15 0x00000001
core   0: 0x80000be8 (0xfd994483) lbu     s1, -39(s2)
core   0: 3 0x80000be8 (0xfd994483) x 9 0x000000c1 mem 0x8001510a
core   0: 0x80000bec (0x007916a3) sh      t2, 13(s2)
core   0: 3 0x80000bec (0x007916a3) mem 0x8001513e 0x0000
core   0: 0x80000bf0 (0xfeb905a3) sb      a1, -21(s2)
core   0: 3 0x80000bf0 (0xfeb905a3) mem 0x8001511c 0x0
core   0: 0x80000bf4 (0xfee90e23) sb      a4, -4(s2)
core   0: 3 0x80000bf4 (0xfee90e23) mem 0x8001512d 0xe0
core   0: 0x80000bf8 (0xcdfa0213) addi    tp, s4, -801
core   0: 3 0x80000bf8 (0xcdfa0213) x 4 0xfffffc8f
core   0: 0x80000bfc (0x02e912a3) sh      a4, 37(s2)
core   0: 3 0x80000bfc (0x02e912a3) mem 0x80015156 0x00e0
core   0: 0x80000c00 (0x00018e17) auipc   t3, 0x18
core   0: 3 0x80000c00 (0x00018e17) x28 0x80018c00
core   0: 0x80000c04 (0x831e0e13) addi    t3, t3, -1999
core   0: 3 0x80000c04 (0x831e0e13) x28 0x80018431
core   0: 0x80000c08 (0x03be0fa3) sb      s11, 63(t3)
core   0: 3 0x80000c08 (0x03be0fa3) mem 0x80018470 0xe4
core   0: 0x80000c0c (0x01fc7033) and     zero, s8, t6
core   0: 3 0x80000c0c (0x01fc7033)
core   0: 0x80000c10 (0x02de2fa3) sw      a3, 63(t3)
core   0: 3 0x80000c10 (0x02de2fa3) mem 0x80018470 0xd0d1d2e1
core   0: 0x80000c14 (0xe4ac9317) auipc   t1, 0xe4ac9
core   0: 3 0x80000c14 (0xe4ac9317) x 6 0x64ac9c14
core   0: 0x80000c18 (0x01f922b3) slt     t0, s2, t6
core   0: 3 0x80000c18 (0x01f922b3) x 5 0x00000001
core   0: 0x80000c1c (0x01eba4b3) slt     s1, s7, t5
core   0: 3 0x80000c1c (0x01eba4b3) x 9 0x00000001
core   0: 0x80000c20 (0xffbe4783) lbu     a5, -5(t3)
core   0: 3 0x80000c20 (0xffbe4783) x15 0x000000e7 mem 0x8001842c
core   0: 0x80000c24 (0xe5d7b537) lui     a0, 0xe5d7b
core   0: 3 0x80000c24 (0xe5d7b537) x10 0xe5d7b000
core   0: 0x80000c28 (0xfe4e4803) lbu     a6, -28(t3)
core   0: 3 0x80000c28 (0xfe4e4803) x16 0x000000ce mem 0x80018415
core   0: 0x80000c2c (0xfd3e16a3) sh      s3, -51(t3)
core   0: 3 0x80000c2c (0xfd3e16a3) mem 0x800183fe 0x0607
core   0: 0x80000c30 (0xd5390313) addi    t1, s2, -685
core   0: 3 0x80000c30 (0xd5390313) x 6 0x80014e84
core   0: 0x80000c34 (0xfcee0f03) lb      t5, -50(t3)
core   0: 3 0x80000c34 (0xfcee0f03) x30 0x00000006 mem 0x800183ff
core   0: 0x80000c38 (0xfe7e0a83) lb      s5, -25(t3)
core   0: 3 0x80000c38 (0xfe7e0a83) x21 0xffffffd3 mem 0x80018418
core   0: 0x80000c3c (0x023e0fa3) sb      gp, 63(t3)
core   0: 3 0x80000c3c (0x023e0fa3) mem 0x80018470 0x1
core   0: 0x80000c40 (0xff4e0723) sb      s4, -18(t3)
core   0: 3 0x80000c40 (0xff4e0723) mem 0x8001841f 0xb0
core   0: 0x80000c44 (0xff1e5183) lhu     gp, -15(t3)
core   0: 3 0x80000c44 (0xff1e5183) x 3 0x0000d8d9 mem 0x80018422
core   0: 0x80000c48 (0x40718a33) sub     s4, gp, t2
core   0: 3 0x80000c48 (0x40718a33) x20 0x0000d8d9
core   0: 0x80000c4c (0x01be0123) sb      s11, 2(t3)
core   0: 3 0x80000c4c (0x01be0123) mem 0x80018433 0xe4
core   0: 0x80000c50 (0x009e0923) sb      s1, 18(t3)
core   0: 3 0x80000c50 (0x009e0923) mem 0x80018443 0x1
core   0: 0x80000c54 (0x84c30213) addi    tp, t1, -1972
core   0: 3 0x80000c54 (0x84c30213) x 4 0x800146d0
core   0: 0x80000c58 (0x0026e533) or      a0, a3, sp
core   0: 3 0x80000c58 (0x0026e533) x10 0xd0d3fee5
core   0: 0x80000c5c (0x040e0883) lb      a7, 64(t3)
core   0: 3 0x80000c5c (0x040e0883) x17 0xffffffd2 mem 0x80018471
core   0: 0x80000c60 (0x01b46033) or      zero, s0, s11
core   0: 3 0x80000c60 (0x01b46033)
core   0: 0x80000c64 (0x4cf5e917) auipc   s2, 0x4cf5e
core   0: 3 0x80000c64 (0x4cf5e917) x18 0xccf5ec64
core   0: 0x80000c68 (0x001fd513) srli    a0, t6, 1
core   0: 3 0x80000c68 (0x001fd513) x10 0x7fffffdf
core   0: 0x80000c6c (0x002be9b3) or      s3, s7, sp
core   0: 3 0x80000c6c (0x002be9b3) x19 0x8003feff
core   0: 0x80000c70 (0xfc8e4c83) lbu     s9, -56(t3)
core   0: 3 0x80000c70 (0xfc8e4c83) x25 0x000000b2 mem 0x800183f9
core   0: 0x80000c74 (0x41298cb3) sub     s9, s3, s2
core   0: 3 0x80000c74 (0x41298cb3) x25 0xb30e129b
core   0: 0x80000c78 (0x015a16b3) sll     a3, s4, s5
core   0: 3 0x80000c78 (0x015a16b3) x13 0xc6c80000
core   0: 0x80000c7c (0x00de4d03) lbu     s10, 13(t3)
core   0: 3 0x80000c7c (0x00de4d03) x26 0x000000f5 mem 0x8001843e
core   0: 0x80000c80 (0x405ad7b3) sra     a5, s5, t0
core   0: 3 0x80000c80 (0x405ad7b3) x15 0xffffffe9
core   0: 0x80000c84 (0x41a65813) srai    a6, a2, 26
core   0: 3 0x80000c84 (0x41a65813) x16 0xffffffe0
core   0: 0x80000c88 (0x0f83b713) sltiu   a4, t2, 248
core   0: 3 0x80000c88 (0x0f83b713) x14 0x00000001
core   0: 0x80000c8c (0x65e02213) slti    tp, zero, 1630
core   0: 3 0x80000c8c (0x65e02213) x 4 0x00000001
core   0: 0x80000c90 (0x40a1d333) sra     t1, gp, a0
core   0: 3 0x80000c90 (0x40a1d333) x 6 0x00000000
core   0: 0x80000c94 (0x0000100f) fence.i
core   0: 3 0x80000c94 (0x0000100f)
core   0: 0x80000c98 (0x00a700b3) add     ra, a4, a0
core   0: 3 0x80000c98 (0x00a700b3) x 1 0x7fffffe0
core   0: 0x80000c9c (0x0152da93) srli    s5, t0, 21
core   0: 3 0x80000c9c (0x0152da93) x21 0x00000000
core   0: 0x80000ca0 (0xf1497013) andi    zero, s2, -236
core   0: 3 0x80000ca0 (0xf1497013)
core   0: 0x80000ca4 (0x12224b13) xori    s6, tp, 290
core   0: 3 0x80000ca4 (0x12224b13) x22 0x00000123
core   0: 0x80000ca8 (0x4081d313) srai    t1, gp, 8
core   0: 3 0x80000ca8 (0x4081d313) x 6 0x000000d8
core   0: 0x80000cac (0x37b1e8b7) lui     a7, 0x37b1e
core   0: 3 0x80000cac (0x37b1e8b7) x17 0x37b1e000
core   0: 0x80000cb0 (0x07bd4463) blt     s10, s11, pc + 104
core   0: 3 0x80000cb0 (0x07bd4463)
core   0: 0x80000cb4 (0x00b65993) srli    s3, a2, 11
core   0: 3 0x80000cb4 (0x00b65993) x19 0x00100055
core   0: 0x80000cb8 (0x00611fb3) sll     t6, sp, t1
core   0: 3 0x80000cb8 (0x00611fb3) x31 0xe4000000
core   0: 0x80000cbc (0x060af063) bgeu    s5, zero, pc + 96
core   0: 3 0x80000cbc (0x060af063)
core   0: 0x80000d1c (0x02ce8263) beq     t4, a2, pc + 36
core   0: 3 0x80000d1c (0x02ce8263)
core   0: 0x80000d20 (0x407989b3) sub     s3, s3, t2
core   0: 3 0x80000d20 (0x407989b3) x19 0x00100055
core   0: 0x80000d24 (0x00696eb3) or      t4, s2, t1
core   0: 3 0x80000d24 (0x00696eb3) x29 0xccf5ecfc
core   0: 0x80000d28 (0x011d16b3) sll     a3, s10, a7
core   0: 3 0x80000d28 (0x011d16b3) x13 0x000000f5
core   0: 0x80000d2c (0x0039e033) or      zero, s3, gp
core   0: 3 0x80000d2c (0x0039e033)
core   0: 0x80000d30 (0x00e6f8b3) and     a7, a3, a4
core   0: 3 0x80000d30 (0x00e6f8b3) x17 0x00000001
core   0: 0x80000d34 (0x007874b3) and     s1, a6, t2
core   0: 3 0x80000d34 (0x007874b3) x 9 0x00000000
core   0: 0x80000d38 (0xfa4ee893) ori     a7, t4, -92
core   0: 3 0x80000d38 (0xfa4ee893) x17 0xfffffffc
core   0: 0x80000d3c (0x09c46663) bltu    s0, t3, pc + 140
core   0: 3 0x80000d3c (0x09c46663)
core   0: 0x80000dc8 (0x02484663) blt     a6, tp, pc + 44
core   0: 3 0x80000dc8 (0x02484663)
core   0: 0x80000df4 (0x044b4263) blt     s6, tp, pc + 68
core   0: 3 0x80000df4 (0x044b4263)
core   0: 0x80000df8 (0x414381b3) sub     gp, t2, s4
core   0: 3 0x80000df8 (0x414381b3) x 3 0xffff2727
core   0: 0x80000dfc (0x00e2e233) or      tp, t0, a4
core   0: 3 0x80000dfc (0x00e2e233) x 4 0x00000001
core   0: 0x80000e00 (0x019c51b3) srl     gp, s8, s9
core   0: 3 0x80000e00 (0x019c51b3) x 3 0x00000000
core   0: 0x80000e04 (0xd3a15997) auipc   s3, 0xd3a15
core   0: 3 0x80000e04 (0xd3a15997) x19 0x53a15e04
core   0: 0x80000e08 (0x54b60513) addi    a0, a2, 1355
core   0: 3 0x80000e08 (0x54b60513) x10 0x8002b3af
core   0: 0x80000e0c (0x00e60e63) beq     a2, a4, pc + 28
core   0: 3 0x80000e0c (0x00e60e63)
core   0: 0x80000e10 (0x00172233) slt     tp, a4, ra
core   0: 3 0x80000e10 (0x00172233) x 4 0x00000001
core   0: 0x80000e14 (0x40505a13) srai    s4, zero, 5
core   0: 3 0x80000e14 (0x40505a13) x20 0x00000000
core   0: 0x80000e18 (0x024ad863) bge     s5, tp, pc + 48
core   0: 3 0x80000e18 (0x024ad863)
core   0: 0x80000e1c (0x0e7a8463) beq     s5, t2, pc + 232
core   0: 3 0x80000e1c (0x0e7a8463)
core   0: 0x80000f04 (0x8b2f49b7) lui     s3, 0x8b2f4
core   0: 3 0x80000f04 (0x8b2f49b7) x19 0x8b2f4000
core   0: 0x80000f08 (0x06089263) bnez    a7, pc + 100
core   0: 3 0x80000f08 (0x06089263)
core   0: 0x80000f6c (0x0038e333) or      t1, a7, gp
core   0: 3 0x80000f6c (0x0038e333) x 6 0xfffffffc
core   0: 0x80000f70 (0x59a9ae37) lui     t3, 0x59a9a
core   0: 3 0x80000f70 (0x59a9ae37) x28 0x59a9a000
core   0: 0x80000f74 (0x05bd1463) bne     s10, s11, pc + 72
core   0: 3 0x80000f74 (0x05bd1463)
core   0: 0x80000fbc (0x003bd493) srli    s1, s7, 3
core   0: 3 0x80000fbc (0x003bd493) x 9 0x10002a4f
core   0: 0x80000fc0 (0x013da9b3) slt     s3, s11, s3
core   0: 3 0x80000fc0 (0x013da9b3) x19 0x00000000
core   0: 0x80000fc4 (0x401c0ab3) sub     s5, s8, ra
core   0: 3 0x80000fc4 (0x401c0ab3) x21 0x80000020
core   0: 0x80000fc8 (0x00932733) slt     a4, t1, s1
core   0: 3 0x80000fc8 (0x00932733) x14 0x00000001
core   0: 0x80000fcc (0x01644e33) xor     t3, s0, s6
core   0: 3 0x80000fcc (0x01644e33) x28 0x0000015f
core   0: 0x80000fd0 (0x00c4ea63) bltu    s1, a2, pc + 20
core   0: 3 0x80000fd0 (0x00c4ea63)
core   0: 0x80000fe4 (0x40ea5913) srai    s2, s4, 14
core   0: 3 0x80000fe4 (0x40ea5913) x18 0x00000000
core   0: 0x80000fe8 (0x00fed6b3) srl     a3, t4, a5
core   0: 3 0x80000fe8 (0x00fed6b3) x13 0x00667af6
core   0: 0x80000fec (0x019f36b3) sltu    a3, t5, s9
core   0: 3 0x80000fec (0x019f36b3) x13 0x00000001
core   0: 0x80000ff0 (0x0425e063) bltu    a1, sp, pc + 64
core   0: 3 0x80000ff0 (0x0425e063)
core   0: 0x80001030 (0xc1ec26b7) lui     a3, 0xc1ec2
core   0: 3 0x80001030 (0xc1ec26b7) x13 0xc1ec2000
core   0: 0x80001034 (0x00000013) nop
core   0: 3 0x80001034 (0x00000013)
core   0: 0x80001038 (0x837ba697) auipc   a3, 0x837ba
core   0: 3 0x80001038 (0x837ba697) x13 0x037bb038
core   0: 0x8000103c (0x005f1c63) bne     t5, t0, pc + 24
core   0: 3 0x8000103c (0x005f1c63)
core   0: 0x80001054 (0x68dd6213) ori     tp, s10, 1677
core   0: 3 0x80001054 (0x68dd6213) x 4 0x000006fd
core   0: 0x80001058 (0x2e660893) addi    a7, a2, 742
core   0: 3 0x80001058 (0x2e660893) x17 0x8002b14a
core   0: 0x8000105c (0x97e13813) sltiu   a6, sp, -1666
core   0: 3 0x8000105c (0x97e13813) x16 0x00000001
core   0: 0x80001060 (0xe17b8b13) addi    s6, s7, -489
core   0: 3 0x80001060 (0xe17b8b13) x22 0x80015092
core   0: 0x80001064 (0x8b24b513) sltiu   a0, s1, -1870
core   0: 3 0x80001064 (0x8b24b513) x10 0x00000001
core   0: 0x80001068 (0x05dfe463) bltu    t6, t4, pc + 72
core   0: 3 0x80001068 (0x05dfe463)
core   0: 0x8000106c (0x03a79863) bne     a5, s10, pc + 48
core   0: 3 0x8000106c (0x03a79863)
core   0: 0x8000109c (0x3dc1d517) auipc   a0, 0x3dc1d
core   0: 3 0x8000109c (0x3dc1d517) x10 0xbdc1e09c
core   0: 0x800010a0 (0x0126b333) sltu    t1, a3, s2
core   0: 3 0x800010a0 (0x0126b333) x 6 0x00000000
core   0: 0x800010a4 (0x0fd11d37) lui     s10, 0xfd11
core   0: 3 0x800010a4 (0x0fd11d37) x26 0x0fd11000
core   0: 0x800010a8 (0x01df5c13) srli    s8, t5, 29
core   0: 3 0x800010a8 (0x01df5c13) x24 0x00000000
core   0: 0x800010ac (0x4165df93) srai    t6, a1, 22
core   0: 3 0x800010ac (0x4165df93) x31 0xfffffe00
core   0: 0x800010b0 (0x40de5313) srai    t1, t3, 13
core   0: 3 0x800010b0 (0x40de5313) x 6 0x00000000
core   0: 0x800010b4 (0x407f0233) sub     tp, t5, t2
core   0: 3 0x800010b4 (0x407f0233) x 4 0x00000006
core   0: 0x800010b8 (0x012d3233) sltu    tp, s10, s2
core   0: 3 0x800010b8 (0x012d3233) x 4 0x00000000
core   0: 0x800010bc (0x07266463) bltu    a2, s2, pc + 104
core   0: 3 0x800010bc (0x07266463)
core   0: 0x800010c0 (0x0000100f) fence.i
core   0: 3 0x800010c0 (0x0000100f)
core   0: 0x800010c4 (0x00f4da33) srl     s4, s1, a5
core   0: 3 0x800010c4 (0x00f4da33) x20 0x00080015
core   0: 0x800010c8 (0x014bd6b3) srl     a3, s7, s4
core   0: 3 0x800010c8 (0x014bd6b3) x13 0x00000400
core   0: 0x800010cc (0x00001997) auipc   s3, 0x1
core   0: 3 0x800010cc (0x00001997) x19 0x800020cc
core   0: 0x800010d0 (0x25498993) addi    s3, s3, 596
core   0: 3 0x800010d0 (0x25498993) x19 0x80002320
core   0: 0x800010d4 (0x01ab2eb3) slt     t4, s6, s10
core   0: 3 0x800010d4 (0x01ab2eb3) x29 0x00000001
core   0: 0x800010d8 (0xe6098993) addi    s3, s3, -416
core   0: 3 0x800010d8 (0xe6098993) x19 0x80002180
core   0: 0x800010dc (0x018f7d33) and     s10, t5, s8
core   0: 3 0x800010dc (0x018f7d33) x26 0x00000000
core   0: 0x800010e0 (0x8f3fa513) slti    a0, t6, -1805
core   0: 3 0x800010e0 (0x8f3fa513) x10 0x00000000
core   0: 0x800010e4 (0x256de897) auipc   a7, 0x256de
core   0: 3 0x800010e4 (0x256de897) x17 0xa56df0e4
core   0: 0x800010e8 (0x0ff0000f) fence   iorw,iorw
core   0: 3 0x800010e8 (0x0ff0000f)
core   0: 0x800010ec (0xbac74517) auipc   a0, 0xbac74
core   0: 3 0x800010ec (0xbac74517) x10 0x3ac750ec
core   0: 0x800010f0 (0x00000013) nop
core   0: 3 0x800010f0 (0x00000013)
core   0: 0x800010f4 (0xaf40ec93) ori     s9, ra, -1292
core   0: 3 0x800010f4 (0xaf40ec93) x25 0xfffffff4
core   0: 0x800010f8 (0x00f84463) blt     a6, a5, pc + 8
core   0: 3 0x800010f8 (0x00f84463)
core   0: 0x800010fc (0x40e9db93) srai    s7, s3, 14
core   0: 3 0x800010fc (0x40e9db93) x23 0xfffe0000
core   0: 0x80001100 (0x1a0982e7) jalr    t0, s3, 416
core   0: 3 0x80001100 (0x1a0982e7) x 5 0x80001104
core   0: 0x80002320 (0x00931bb3) sll     s7, t1, s1
core   0: 3 0x80002320 (0x00931bb3) x23 0x00000000
core   0: 0x80002324 (0x98d42e93) slti    t4, s0, -1651
core   0: 3 0x80002324 (0x98d42e93) x29 0x00000000
core   0: 0x80002328 (0x00af7863) bgeu    t5, a0, pc + 16
core   0: 3 0x80002328 (0x00af7863)
core   0: 0x8000232c (0x0000100f) fence.i
core   0: 3 0x8000232c (0x0000100f)
core   0: 0x80002330 (0xa4b743b7) lui     t2, 0xa4b74
core   0: 3 0x80002330 (0xa4b743b7) x 7 0xa4b74000
core   0: 0x80002334 (0x0044b0b3) sltu    ra, s1, tp
core   0: 3 0x80002334 (0x0044b0b3) x 1 0x00000000
core   0: 0x80002338 (0xfcc60613) addi    a2, a2, -52
core   0: 3 0x80002338 (0xfcc60613) x12 0x8002ae30
core   0: 0x8000233c (0x00080db3) add     s11, a6, zero
core   0: 3 0x8000233c (0x00080db3) x27 0x00000001
core   0: 0x80002340 (0x95ea0313) addi    t1, s4, -1698
core   0: 3 0x80002340 (0x95ea0313) x 6 0x0007f973
core   0: 0x80002344 (0x33c97f13) andi    t5, s2, 828
core   0: 3 0x80002344 (0x33c97f13) x30 0x00000000
core   0: 0x80002348 (0x41d1d3b3) sra     t2, gp, t4
core   0: 3 0x80002348 (0x41d1d3b3) x 7 0x00000000
core   0: 0x8000234c (0x00562223) sw      t0, 4(a2)
core   0: 3 0x8000234c (0x00562223) mem 0x8002ae34 0x80001104
core   0: 0x80002350 (0xecd2b813) sltiu   a6, t0, -307
core   0: 3 0x80002350 (0xecd2b813) x16 0x00000001
core   0: 0x80002354 (0x0001a197) auipc   gp, 0x1a
core   0: 3 0x80002354 (0x0001a197) x 3 0x8001c354
core   0: 0x80002358 (0x8a718193) addi    gp, gp, -1881
core   0: 3 0x80002358 (0x8a718193) x 3 0x8001bbfb
core   0: 0x8000235c (0x00013417) auipc   s0, 0x13
core   0: 3 0x8000235c (0x00013417) x 8 0x8001535c
core   0: 0x80002360 (0x63c40413) addi    s0, s0, 1596
core   0: 3 0x80002360 (0x63c40413) x 8 0x80015998
core   0: 0x80002364 (0xfe01cf83) lbu     t6, -32(gp)
core   0: 3 0x80002364 (0xfe01cf83) x31 0x00000090 mem 0x8001bbdb
core   0: 0x80002368 (0xaeb18e23) sb      a1, -1284(gp)
core   0: 3 0x80002368 (0xaeb18e23) mem 0x8001b6f7 0x0
core   0: 0x8000236c (0xa6c1c083) lbu     ra, -1428(gp)
core   0: 3 0x8000236c (0xa6c1c083) x 1 0x0000001c mem 0x8001b667
core   0: 0x80002370 (0x7dc192a3) sh      t3, 1989(gp)
core   0: 3 0x80002370 (0x7dc192a3) mem 0x8001c3c0 0x015f
core   0: 0x80002374 (0xff140083) lb      ra, -15(s0)
core   0: 3 0x80002374 (0xff140083) x 1 0x00000042 mem 0x80015989
core   0: 0x80002378 (0x41018503) lb      a0, 1040(gp)
core   0: 3 0x80002378 (0x41018503) x10 0xffffffc0 mem 0x8001c00b
core   0: 0x8000237c (0x009402a3) sb      s1, 5(s0)
core   0: 3 0x8000237c (0x009402a3) mem 0x8001599d 0x4f
core   0: 0x80002380 (0xd5b19303) lh      t1, -677(gp)
core   0: 3 0x80002380 (0xd5b19303) x 6 0x00000c0d mem 0x8001b956
core   0: 0x80002384 (0x0e719703) lh      a4, 231(gp)
core   0: 3 0x80002384 (0x0e719703) x14 0xffff9899 mem 0x8001bce2
core   0: 0x80002388 (0xa581c503) lbu     a0, -1448(gp)
core   0: 3 0x80002388 (0xa581c503) x10 0x00000008 mem 0x8001b653
core   0: 0x8000238c (0x00b44903) lbu     s2, 11(s0)
core   0: 3 0x8000238c (0x00b44903) x18 0x00000058 mem 0x800159a3
core   0: 0x80002390 (0xfeb18e23) sb      a1, -4(gp)
core   0: 3 0x80002390 (0xfeb18e23) mem 0x8001bbf7 0x0
core   0: 0x80002394 (0xff740503) lb      a0, -9(s0)
core   0: 3 0x80002394 (0xff740503) x10 0x00000044 mem 0x8001598f
core   0: 0x80002398 (0xd5818b03) lb      s6, -680(gp)
core   0: 3 0x80002398 (0xd5818b03) x22 0x00000008 mem 0x8001b953
core   0: 0x8000239c (0xffa40f03) lb      t5, -6(s0)
core   0: 3 0x8000239c (0xffa40f03) x30 0x00000049 mem 0x80015992
core   0: 0x800023a0 (0x00013d97) auipc   s11, 0x13
core   0: 3 0x800023a0 (0x00013d97) x27 0x800153a0
core   0: 0x800023a4 (0x273d8d93) addi    s11, s11, 627
core   0: 3 0x800023a4 (0x273d8d93) x27 0x80015613
core   0: 0x800023a8 (0xe9bdca83) lbu     s5, -357(s11)
core   0: 3 0x800023a8 (0xe9bdca83) x21 0x00000065 mem 0x800154ae
core   0: 0x800023ac (0x229dc383) lbu     t2, 553(s11)
core   0: 3 0x800023ac (0x229dc383) x 7 0x000000f7 mem 0x8001583c
core   0: 0x800023b0 (0xe52d8523) sb      s2, -438(s11)
core   0: 3 0x800023b0 (0xe52d8523) mem 0x8001545d 0x58
core   0: 0x800023b4 (0xe4adcb03) lbu     s6, -438(s11)
core   0: 3 0x800023b4 (0xe4adcb03) x22 0x00000058 mem 0x8001545d
core   0: 0x800023b8 (0xe4ad8703) lb      a4, -438(s11)
core   0: 3 0x800023b8 (0xe4ad8703) x14 0x00000058 mem 0x8001545d
core   0: 0x800023bc (0xe4adc783) lbu     a5, -438(s11)
core   0: 3 0x800023bc (0xe4adc783) x15 0x00000058 mem 0x8001545d
core   0: 0x800023c0 (0xe4adc183) lbu     gp, -438(s11)
core   0: 3 0x800023c0 (0xe4adc183) x 3 0x00000058 mem 0x8001545d
core   0: 0x800023c4 (0xde5d8123) sb      t0, -542(s11)
core   0: 3 0x800023c4 (0xde5d8123) mem 0x800153f5 0x4
core   0: 0x800023c8 (0xdfad8123) sb      s10, -542(s11)
core   0: 3 0x800023c8 (0xdfad8123) mem 0x800153f5 0x0
core   0: 0x800023cc (0xe2cd8a83) lb      s5, -468(s11)
core   0: 3 0x800023cc (0xe2cd8a83) x21 0xfffffff4 mem 0x8001543f
core   0: 0x800023d0 (0x6f95a193) slti    gp, a1, 1785
core   0: 3 0x800023d0 (0x6f95a193) x 3 0x00000001
core   0: 0x800023d4 (0xb3b22413) slti    s0, tp, -1221
core   0: 3 0x800023d4 (0xb3b22413) x 8 0x00000000
core   0: 0x800023d8 (0x390da4a3) sw      a6, 905(s11)
core   0: 3 0x800023d8 (0x390da4a3) mem 0x8001599c 0x00000001
core   0: 0x800023dc (0x389dce03) lbu     t3, 905(s11)
core   0: 3 0x800023dc (0x389dce03) x28 0x00000001 mem 0x8001599c
core   0: 0x800023e0 (0x6c6dc283) lbu     t0, 1734(s11)
core   0: 3 0x800023e0 (0x6c6dc283) x 5 0x00000092 mem 0x80015cd9
core   0: 0x800023e4 (0x6c6d8a03) lb      s4, 1734(s11)
core   0: 3 0x800023e4 (0x6c6d8a03) x20 0xffffff92 mem 0x80015cd9
core   0: 0x800023e8 (0x037dd303) lhu     t1, 55(s11)
core   0: 3 0x800023e8 (0x037dd303) x 6 0x00000001 mem 0x8001564a
core   0: 0x800023ec (0x2f6d8723) sb      s6, 750(s11)
core   0: 3 0x800023ec (0x2f6d8723) mem 0x80015901 0x58
core   0: 0x800023f0 (0x406b5b93) srai    s7, s6, 6
core   0: 3 0x800023f0 (0x406b5b93) x23 0x00000001
core   0: 0x800023f4 (0x7fed8483) lb      s1, 2046(s11)
core   0: 3 0x800023f4 (0x7fed8483) x 9 0xffffffca mem 0x80015e11
core   0: 0x800023f8 (0x6ffdd483) lhu     s1, 1791(s11)
core   0: 3 0x800023f8 (0x6ffdd483) x 9 0x0000c8c9 mem 0x80015d12
core   0: 0x800023fc (0x00013197) auipc   gp, 0x13
core   0: 3 0x800023fc (0x00013197) x 3 0x800153fc
core   0: 0x80002400 (0x2c618193) addi    gp, gp, 710
core   0: 3 0x80002400 (0x2c618193) x 3 0x800156c2
core   0: 0x80002404 (0x00f1c083) lbu     ra, 15(gp)
core   0: 3 0x80002404 (0x00f1c083) x 1 0x0000008a mem 0x800156d1
core   0: 0x80002408 (0x00f1cb83) lbu     s7, 15(gp)
core   0: 3 0x80002408 (0x00f1cb83) x23 0x0000008a mem 0x800156d1
core   0: 0x8000240c (0x00f18683) lb      a3, 15(gp)
core   0: 3 0x8000240c (0x00f18683) x13 0xffffff8a mem 0x800156d1
core   0: 0x80002410 (0x000187a3) sb      zero, 15(gp)
core   0: 3 0x80002410 (0x000187a3) mem 0x800156d1 0x0
core   0: 0x80002414 (0x00e99913) slli    s2, s3, 14
core   0: 3 0x80002414 (0x00e99913) x18 0x08600000
core   0: 0x80002418 (0x00f18083) lb      ra, 15(gp)
core   0: 3 0x80002418 (0x00f18083) x 1 0x00000000 mem 0x800156d1
core   0: 0x8000241c (0x00f18883) lb      a7, 15(gp)
core   0: 3 0x8000241c (0x00f18883) x17 0x00000000 mem 0x800156d1
core   0: 0x80002420 (0x03418823) sb      s4, 48(gp)
core   0: 3 0x80002420 (0x03418823) mem 0x800156f2 0x92
core   0: 0x80002424 (0x02f18823) sb      a5, 48(gp)
core   0: 3 0x80002424 (0x02f18823) mem 0x800156f2 0x58
core   0: 0x80002428 (0x03018783) lb      a5, 48(gp)
core   0: 3 0x80002428 (0x03018783) x15 0x00000058 mem 0x800156f2
core   0: 0x8000242c (0x02118823) sb      ra, 48(gp)
core   0: 3 0x8000242c (0x02118823) mem 0x800156f2 0x0
core   0: 0x80002430 (0x03018503) lb      a0, 48(gp)
core   0: 3 0x80002430 (0x03018503) x10 0x00000000 mem 0x800156f2
core   0: 0x80002434 (0x02618823) sb      t1, 48(gp)
core   0: 3 0x80002434 (0x02618823) mem 0x800156f2 0x1
core   0: 0x80002438 (0x02118823) sb      ra, 48(gp)
core   0: 3 0x80002438 (0x02118823) mem 0x800156f2 0x0
core   0: 0x8000243c (0x401f8733) sub     a4, t6, ra
core   0: 3 0x8000243c (0x401f8733) x14 0x00000090
core   0: 0x80002440 (0x03019b83) lh      s7, 48(gp)
core   0: 3 0x80002440 (0x03019b83) x23 0xffffa800 mem 0x800156f2
core   0: 0x80002444 (0x0301c203) lbu     tp, 48(gp)
core   0: 3 0x80002444 (0x0301c203) x 4 0x00000000 mem 0x800156f2
core   0: 0x80002448 (0x00f18403) lb      s0, 15(gp)
core   0: 3 0x80002448 (0x00f18403) x 8 0x00000000 mem 0x800156d1
core   0: 0x8000244c (0x001187a3) sb      ra, 15(gp)
core   0: 3 0x8000244c (0x001187a3) mem 0x800156d1 0x0
core   0: 0x80002450 (0x0001e717) auipc   a4, 0x1e
core   0: 3 0x80002450 (0x0001e717) x14 0x80020450
core   0: 0x80002454 (0x31d70713) addi    a4, a4, 797
core   0: 3 0x80002454 (0x31d70713) x14 0x8002076d
core   0: 0x80002458 (0x0331e913) ori     s2, gp, 51
core   0: 3 0x80002458 (0x0331e913) x18 0x800156f3
core   0: 0x8000245c (0x00374e83) lbu     t4, 3(a4)
core   0: 3 0x8000245c (0x00374e83) x29 0x0000002b mem 0x80020770
core   0: 0x80002460 (0xffd71483) lh      s1, -3(a4)
core   0: 3 0x80002460 (0xffd71483) x 9 0x00002021 mem 0x8002076a
core   0: 0x80002464 (0x00470903) lb      s2, 4(a4)
core   0: 3 0x80002464 (0x00470903) x18 0x0000002a mem 0x80020771
core   0: 0x80002468 (0x015427b3) slt     a5, s0, s5
core   0: 3 0x80002468 (0x015427b3) x15 0x00000000
core   0: 0x8000246c (0x005e64b3) or      s1, t3, t0
core   0: 3 0x8000246c (0x005e64b3) x 9 0x00000093
core   0: 0x80002470 (0x01bff1b3) and     gp, t6, s11
core   0: 3 0x80002470 (0x01bff1b3) x 3 0x00000010
core   0: 0x80002474 (0xff174283) lbu     t0, -15(a4)
core   0: 3 0x80002474 (0xff174283) x 5 0x00000015 mem 0x8002075e
core   0: 0x80002478 (0x00f75c03) lhu     s8, 15(a4)
core   0: 3 0x80002478 (0x00f75c03) x24 0x00003637 mem 0x8002077c
core   0: 0x8000247c (0x017231b3) sltu    gp, tp, s7
core   0: 3 0x8000247c (0x017231b3) x 3 0x00000001
core   0: 0x80002480 (0x0011f0b3) and     ra, gp, ra
core   0: 3 0x80002480 (0x0011f0b3) x 1 0x00000000
core   0: 0x80002484 (0xff171483) lh      s1, -15(a4)
core   0: 3 0x80002484 (0xff171483) x 9 0x00001415 mem 0x8002075e
core   0: 0x80002488 (0x01594eb3) xor     t4, s2, s5
core   0: 3 0x80002488 (0x01594eb3) x29 0xffffffde
core   0: 0x8000248c (0x00c70d03) lb      s10, 12(a4)
core   0: 3 0x8000248c (0x00c70d03) x26 0x00000032 mem 0x80020779
core   0: 0x80002490 (0x064d7913) andi    s2, s10, 100
core   0: 3 0x80002490 (0x064d7913) x18 0x00000020
core   0: 0x80002494 (0x00370d83) lb      s11, 3(a4)
core   0: 3 0x80002494 (0x00370d83) x27 0x0000002b mem 0x80020770
core   0: 0x80002498 (0xff171503) lh      a0, -15(a4)
core   0: 3 0x80002498 (0xff171503) x10 0x00001415 mem 0x8002075e
core   0: 0x8000249c (0x003760b3) or      ra, a4, gp
core   0: 3 0x8000249c (0x003760b3) x 1 0x8002076d
core   0: 0x800024a0 (0xfe170d23) sb      ra, -6(a4)
core   0: 3 0x800024a0 (0xfe170d23) mem 0x80020767 0x6d
core   0: 0x800024a4 (0x00e86833) or      a6, a6, a4
core   0: 3 0x800024a4 (0x00e86833) x16 0x8002076d
core   0: 0x800024a8 (0x7e88ab93) slti    s7, a7, 2024
core   0: 3 0x800024a8 (0x7e88ab93) x23 0x00000001
core   0: 0x800024ac (0x0165eb93) ori     s7, a1, 22
core   0: 3 0x800024ac (0x0165eb93) x23 0x80000016
core   0: 0x800024b0 (0xff870803) lb      a6, -8(a4)
core   0: 3 0x800024b0 (0xff870803) x16 0x0000001e mem 0x80020765
core   0: 0x800024b4 (0x009fd333) srl     t1, t6, s1
core   0: 3 0x800024b4 (0x009fd333) x 6 0x00000000
core   0: 0x800024b8 (0x00a74a03) lbu     s4, 10(a4)
core   0: 3 0x800024b8 (0x00a74a03) x20 0x0000002c mem 0x80020777
core   0: 0x800024bc (0xff474883) lbu     a7, -12(a4)
core   0: 3 0x800024bc (0xff474883) x17 0x0000001a mem 0x80020761
core   0: 0x800024c0 (0xff870d23) sb      s8, -6(a4)
core   0: 3 0x800024c0 (0xff870d23) mem 0x80020767 0x37
core   0: 0x800024c4 (0x00c712a3) sh      a2, 5(a4)
core   0: 3 0x800024c4 (0x00c712a3) mem 0x80020772 0xae30
core   0: 0x800024c8 (0xff372f83) lw      t6, -13(a4)
core   0: 3 0x800024c8 (0xff372f83) x31 0x18191a1b mem 0x80020760
core   0: 0x800024cc (0x00470d83) lb      s11, 4(a4)
core   0: 3 0x800024cc (0x00470d83) x27 0x0000002a mem 0x80020771
core   0: 0x800024d0 (0xfe670823) sb      t1, -16(a4)
core   0: 3 0x800024d0 (0xfe670823) mem 0x8002075d 0x0
core   0: 0x800024d4 (0xff371683) lh      a3, -13(a4)
core   0: 3 0x800024d4 (0xff371683) x13 0x00001a1b mem 0x80020760
core   0: 0x800024d8 (0x00e727a3) sw      a4, 15(a4)
core   0: 3 0x800024d8 (0x00e727a3) mem 0x8002077c 0x8002076d
core   0: 0x800024dc (0x410c5a13) srai    s4, s8, 16
core   0: 3 0x800024dc (0x410c5a13) x20 0x00000000
core   0: 0x800024e0 (0xff274803) lbu     a6, -14(a4)
core   0: 3 0x800024e0 (0xff274803) x16 0x00000014 mem 0x8002075f
core   0: 0x800024e4 (0x69f93e13) sltiu   t3, s2, 1695
core   0: 3 0x800024e4 (0x69f93e13) x28 0x00000001
core   0: 0x800024e8 (0x01c557b3) srl     a5, a0, t3
core   0: 3 0x800024e8 (0x01c557b3) x15 0x00000a0a
core   0: 0x800024ec (0x00bb1e33) sll     t3, s6, a1
core   0: 3 0x800024ec (0x00bb1e33) x28 0x00000058
core   0: 0x800024f0 (0x00d75903) lhu     s2, 13(a4)
core   0: 3 0x800024f0 (0x00d75903) x18 0x00003031 mem 0x8002077a
core   0: 0x800024f4 (0x00f75003) lhu     zero, 15(a4)
core   0: 3 0x800024f4 (0x00f75003) mem 0x8002077c
core   0: 0x800024f8 (0x00c70203) lb      tp, 12(a4)
core   0: 3 0x800024f8 (0x00c70203) x 4 0x00000032 mem 0x80020779
core   0: 0x800024fc (0xea892c93) slti    s9, s2, -344
core   0: 3 0x800024fc (0xea892c93) x25 0x00000000
core   0: 0x80002500 (0x00b70683) lb      a3, 11(a4)
core   0: 3 0x80002500 (0x00b70683) x13 0x00000033 mem 0x80020778
core   0: 0x80002504 (0x8da6b513) sltiu   a0, a3, -1830
core   0: 3 0x80002504 (0x8da6b513) x10 0x00000001
core   0: 0x80002508 (0xff870303) lb      t1, -8(a4)
core   0: 3 0x80002508 (0xff870303) x 6 0x0000001e mem 0x80020765
core   0: 0x8000250c (0x00f70a03) lb      s4, 15(a4)
core   0: 3 0x8000250c (0x00f70a03) x20 0x0000006d mem 0x8002077c
core   0: 0x80002510 (0xff375883) lhu     a7, -13(a4)
core   0: 3 0x80002510 (0xff375883) x17 0x00001a1b mem 0x80020760
core   0: 0x80002514 (0x0ff0000f) fence   iorw,iorw
core   0: 3 0x80002514 (0x0ff0000f)
core   0: 0x80002518 (0x00f51033) sll     zero, a0, a5
core   0: 3 0x80002518 (0x00f51033)
core   0: 0x8000251c (0x016df3b3) and     t2, s11, s6
core   0: 3 0x8000251c (0x016df3b3) x 7 0x00000008
core   0: 0x80002520 (0x9768c293) xori    t0, a7, -1674
core   0: 3 0x80002520 (0x9768c293) x 5 0xffffe36d
core   0: 0x80002524 (0x41d55c33) sra     s8, a0, t4
core   0: 3 0x80002524 (0x41d55c33) x24 0x00000000
core   0: 0x80002528 (0x00070e83) lb      t4, 0(a4)
core   0: 3 0x80002528 (0x00070e83) x29 0x00000026 mem 0x8002076d
core   0: 0x8000252c (0x00013a97) auipc   s5, 0x13
core   0: 3 0x8000252c (0x00013a97) x21 0x8001552c
core   0: 0x80002530 (0x603a8a93) addi    s5, s5, 1539
core   0: 3 0x80002530 (0x603a8a93) x21 0x80015b2f
core   0: 0x80002534 (0x00013e97) auipc   t4, 0x13
core   0: 3 0x80002534 (0x00013e97) x29 0x80015534
core   0: 0x80002538 (0x502e8e93) addi    t4, t4, 1282
core   0: 3 0x80002538 (0x502e8e93) x29 0x80015a36
core   0: 0x8000253c (0x035ecd83) lbu     s11, 53(t4)
core   0: 3 0x8000253c (0x035ecd83) x27 0x00000020 mem 0x80015a6b
core   0: 0x80002540 (0x00aa8f83) lb      t6, 10(s5)
core   0: 3 0x80002540 (0x00aa8f83) x31 0xfffffff2 mem 0x80015b39
core   0: 0x80002544 (0x00013f17) auipc   t5, 0x13
core   0: 3 0x80002544 (0x00013f17) x30 0x80015544
core   0: 0x80002548 (0x5a3f0f13) addi    t5, t5, 1443
core   0: 3 0x80002548 (0x5a3f0f13) x30 0x80015ae7
core   0: 0x8000254c (0x00ba9a03) lh      s4, 11(s5)
core   0: 3 0x8000254c (0x00ba9a03) x20 0xfffff0f1 mem 0x80015b3a
core   0: 0x80002550 (0xfdcec503) lbu     a0, -36(t4)
core   0: 3 0x80002550 (0xfdcec503) x10 0x000000c9 mem 0x80015a12
core   0: 0x80002554 (0xf1cf4b83) lbu     s7, -228(t5)
core   0: 3 0x80002554 (0xf1cf4b83) x23 0x000000b8 mem 0x80015a03
core   0: 0x80002558 (0xff7a9283) lh      t0, -9(s5)
core   0: 3 0x80002558 (0xff7a9283) x 5 0xffffdcdd mem 0x80015b26
core   0: 0x8000255c (0xff3acb83) lbu     s7, -13(s5)
core   0: 3 0x8000255c (0xff3acb83) x23 0x000000d9 mem 0x80015b22
core   0: 0x80002560 (0x00013797) auipc   a5, 0x13
core   0: 3 0x80002560 (0x00013797) x15 0x80015560
core   0: 0x80002564 (0xf9278793) addi    a5, a5, -110
core   0: 3 0x80002564 (0xf9278793) x15 0x800154f2
core   0: 0x80002568 (0x1bf79e23) sh      t6, 444(a5)
core   0: 3 0x80002568 (0x1bf79e23) mem 0x800156ae 0xfff2
core   0: 0x8000256c (0xfa3f4283) lbu     t0, -93(t5)
core   0: 3 0x8000256c (0xfa3f4283) x 5 0x00000041 mem 0x80015a8a
core   0: 0x80002570 (0x43d7ce03) lbu     t3, 1085(a5)
core   0: 3 0x80002570 (0x43d7ce03) x28 0x000000e4 mem 0x8001592f
core   0: 0x80002574 (0xf11f4903) lbu     s2, -239(t5)
core   0: 3 0x80002574 (0xf11f4903) x18 0x000000b3 mem 0x800159f8
core   0: 0x80002578 (0xfaaf4b83) lbu     s7, -86(t5)
core   0: 3 0x80002578 (0xfaaf4b83) x23 0x0000004a mem 0x80015a91
core   0: 0x8000257c (0x006a92a3) sh      t1, 5(s5)
core   0: 3 0x8000257c (0x006a92a3) mem 0x80015b34 0x001e
core   0: 0x80002580 (0x0eae9b83) lh      s7, 234(t4)
core   0: 3 0x80002580 (0x0eae9b83) x23 0xffffdadb mem 0x80015b20
core   0: 0x80002584 (0x026f0e03) lb      t3, 38(t5)
core   0: 3 0x80002584 (0x026f0e03) x28 0xffffffc6 mem 0x80015b0d
core   0: 0x80002588 (0xf02e8c83) lb      s9, -254(t4)
core   0: 3 0x80002588 (0xf02e8c83) x25 0xfffffff3 mem 0x80015938
core   0: 0x8000258c (0xfffa8503) lb      a0, -1(s5)
core   0: 3 0x8000258c (0xfffa8503) x10 0xffffffe5 mem 0x80015b2e
core   0: 0x80002590 (0xf41ec383) lbu     t2, -191(t4)
core   0: 3 0x80002590 (0xf41ec383) x 7 0x0000002c mem 0x80015977
core   0: 0x80002594 (0x0fbf0d03) lb      s10, 251(t5)
core   0: 3 0x80002594 (0x0fbf0d03) x26 0xffffff99 mem 0x80015be2
core   0: 0x80002598 (0xf05e80a3) sb      t0, -255(t4)
core   0: 3 0x80002598 (0xf05e80a3) mem 0x80015937 0x41
core   0: 0x8000259c (0xfb7f4e03) lbu     t3, -73(t5)
core   0: 3 0x8000259c (0xfb7f4e03) x28 0x00000055 mem 0x80015a9e
core   0: 0x800025a0 (0x3fa7dd03) lhu     s10, 1018(a5)
core   0: 3 0x800025a0 (0x3fa7dd03) x26 0x00005da7 mem 0x800158ec
core   0: 0x800025a4 (0x033f5f83) lhu     t6, 51(t5)
core   0: 3 0x800025a4 (0x033f5f83) x31 0x0000d0d1 mem 0x80015b1a
core   0: 0x800025a8 (0xfe9aaea3) sw      s1, -3(s5)
core   0: 3 0x800025a8 (0xfe9aaea3) mem 0x80015b2c 0x00001415
core   0: 0x800025ac (0xfafe8003) lb      zero, -81(t4)
core   0: 3 0x800025ac (0xfafe8003) mem 0x800159e5
core   0: 0x800025b0 (0xf1cf0223) sb      t3, -252(t5)
core   0: 3 0x800025b0 (0xf1cf0223) mem 0x800159eb 0x55
core   0: 0x800025b4 (0x004a8c83) lb      s9, 4(s5)
core   0: 3 0x800025b4 (0x004a8c83) x25 0xffffffe8 mem 0x80015b33
core   0: 0x800025b8 (0xf84ec483) lbu     s1, -124(t4)
core   0: 3 0x800025b8 (0xf84ec483) x 9 0x00000071 mem 0x800159ba
core   0: 0x800025bc (0x20f78703) lb      a4, 527(a5)
core   0: 3 0x800025bc (0x20f78703) x14 0xffffffba mem 0x80015701
core   0: 0x800025c0 (0x014f0b03) lb      s6, 20(t5)
core   0: 3 0x800025c0 (0x014f0b03) x22 0xffffffb0 mem 0x80015afb
core   0: 0x800025c4 (0xb5e79183) lh      gp, -1186(a5)
core   0: 3 0x800025c4 (0xb5e79183) x 3 0x00000a0b mem 0x80015050
core   0: 0x800025c8 (0xffda8da3) sb      t4, -5(s5)
core   0: 3 0x800025c8 (0xffda8da3) mem 0x80015b2a 0x36
core   0: 0x800025cc (0x3287d003) lhu     zero, 808(a5)
core   0: 3 0x800025cc (0x3287d003) mem 0x8001581a
core   0: 0x800025d0 (0xff5add03) lhu     s10, -11(s5)
core   0: 3 0x800025d0 (0xff5add03) x26 0x0000dedf mem 0x80015b24
core   0: 0x800025d4 (0xf3ce9e23) sh      t3, -196(t4)
core   0: 3 0x800025d4 (0xf3ce9e23) mem 0x80015972 0x0055
core   0: 0x800025d8 (0x06ae84a3) sb      a0, 105(t4)
core   0: 3 0x800025d8 (0x06ae84a3) mem 0x80015a9f 0xe5
core   0: 0x800025dc (0x00013e17) auipc   t3, 0x13
core   0: 3 0x800025dc (0x00013e17) x28 0x800155dc
core   0: 0x800025e0 (0xac1e0e13) addi    t3, t3, -1343
core   0: 3 0x800025e0 (0xac1e0e13) x28 0x8001509d
core   0: 0x800025e4 (0xff7e2f03) lw      t5, -9(t3)
core   0: 3 0x800025e4 (0xff7e2f03) x30 0x4c4d4e4f mem 0x80015094
core   0: 0x800025e8 (0x01ce42b3) xor     t0, t3, t3
core   0: 3 0x800025e8 (0x01ce42b3) x 5 0x00000000
core   0: 0x800025ec (0x00a926b3) slt     a3, s2, a0
core   0: 3 0x800025ec (0x00a926b3) x13 0x00000000
core   0: 0x800025f0 (0x019ba2b3) slt     t0, s7, s9
core   0: 3 0x800025f0 (0x019ba2b3) x 5 0x00000001
core   0: 0x800025f4 (0x01d990b3) sll     ra, s3, t4
core   0: 3 0x800025f4 (0x01d990b3) x 1 0x60000000
core   0: 0x800025f8 (0x41a7d893) srai    a7, a5, 26
core   0: 3 0x800025f8 (0x41a7d893) x17 0xffffffe0
core   0: 0x800025fc (0xffbe0c23) sb      s11, -8(t3)
core   0: 3 0x800025fc (0xffbe0c23) mem 0x80015095 0x20
core   0: 0x80002600 (0x010e0503) lb      a0, 16(t3)
core   0: 3 0x80002600 (0x010e0503) x10 0x00000066 mem 0x800150ad
core   0: 0x80002604 (0xec2ecfb7) lui     t6, 0xec2ec
core   0: 3 0x80002604 (0xec2ecfb7) x31 0xec2ec000
core   0: 0x80002608 (0xfb390537) lui     a0, 0xfb390
core   0: 3 0x80002608 (0xfb390537) x10 0xfb390000
core   0: 0x8000260c (0x00ae0783) lb      a5, 10(t3)
core   0: 3 0x8000260c (0x00ae0783) x15 0x0000005c mem 0x800150a7
core   0: 0x80002610 (0x013e21a3) sw      s3, 3(t3)
core   0: 3 0x80002610 (0x013e21a3) mem 0x800150a0 0x80002180
core   0: 0x80002614 (0x004e0983) lb      s3, 4(t3)
core   0: 3 0x80002614 (0x004e0983) x19 0x00000021 mem 0x800150a1
core   0: 0x80002618 (0x00000013) nop
core   0: 3 0x80002618 (0x00000013)
core   0: 0x8000261c (0x01ee0423) sb      t5, 8(t3)
core   0: 3 0x8000261c (0x01ee0423) mem 0x800150a5 0x4f
core   0: 0x80002620 (0x0403c313) xori    t1, t2, 64
core   0: 3 0x80002620 (0x0403c313) x 6 0x0000006c
core   0: 0x80002624 (0xffce0a23) sb      t3, -12(t3)
core   0: 3 0x80002624 (0xffce0a23) mem 0x80015091 0x9d
core   0: 0x80002628 (0xffce0c03) lb      s8, -4(t3)
core   0: 3 0x80002628 (0xffce0c03) x24 0x00000052 mem 0x80015099
core   0: 0x8000262c (0xff0e4083) lbu     ra, -16(t3)
core   0: 3 0x8000262c (0xff0e4083) x 1 0x00000046 mem 0x8001508d
core   0: 0x80002630 (0x00500fb3) add     t6, zero, t0
core   0: 3 0x80002630 (0x00500fb3) x31 0x00000001
core   0: 0x80002634 (0xfe3e1aa3) sh      gp, -11(t3)
core   0: 3 0x80002634 (0xfe3e1aa3) mem 0x80015092 0x0a0b
core   0: 0x80002638 (0x01ff5ab3) srl     s5, t5, t6
core   0: 3 0x80002638 (0x01ff5ab3) x21 0x2626a727
core   0: 0x8000263c (0xff7e0503) lb      a0, -9(t3)
core   0: 3 0x8000263c (0xff7e0503) x10 0x0000004f mem 0x80015094
core   0: 0x80002640 (0x00fe0723) sb      a5, 14(t3)
core   0: 3 0x80002640 (0x00fe0723) mem 0x800150ab 0x5c
core   0: 0x80002644 (0x41a7da13) srai    s4, a5, 26
core   0: 3 0x80002644 (0x41a7da13) x20 0x00000000
core   0: 0x80002648 (0x72cdb793) sltiu   a5, s11, 1836
core   0: 3 0x80002648 (0x72cdb793) x15 0x00000001
core   0: 0x8000264c (0x00000013) nop
core   0: 3 0x8000264c (0x00000013)
core   0: 0x80002650 (0x0000100f) fence.i
core   0: 3 0x80002650 (0x0000100f)
core   0: 0x80002654 (0x00000013) nop
core   0: 3 0x80002654 (0x00000013)
core   0: 0x80002658 (0x004dc933) xor     s2, s11, tp
core   0: 3 0x80002658 (0x004dc933) x18 0x00000012
core   0: 0x8000265c (0xee593213) sltiu   tp, s2, -283
core   0: 3 0x8000265c (0xee593213) x 4 0x00000001
core   0: 0x80002660 (0x003fd893) srli    a7, t6, 3
core   0: 3 0x80002660 (0x003fd893) x17 0x00000000
core   0: 0x80002664 (0x005e5b03) lhu     s6, 5(t3)
core   0: 3 0x80002664 (0x005e5b03) x22 0x00008000 mem 0x800150a2
core   0: 0x80002668 (0xff8e4b03) lbu     s6, -8(t3)
core   0: 3 0x80002668 (0xff8e4b03) x22 0x00000020 mem 0x80015095
core   0: 0x8000266c (0x00dbf333) and     t1, s7, a3
core   0: 3 0x8000266c (0x00dbf333) x 6 0x00000000
core   0: 0x80002670 (0xff8e0483) lb      s1, -8(t3)
core   0: 3 0x80002670 (0xff8e0483) x 9 0x00000020 mem 0x80015095
core   0: 0x80002674 (0x003e25a3) sw      gp, 11(t3)
core   0: 3 0x80002674 (0x003e25a3) mem 0x800150a8 0x00000a0b
core   0: 0x80002678 (0xff7e1d83) lh      s11, -9(t3)
core   0: 3 0x80002678 (0xff7e1d83) x27 0x0000204f mem 0x80015094
core   0: 0x8000267c (0x00be1483) lh      s1, 11(t3)
core   0: 3 0x8000267c (0x00be1483) x 9 0x00000a0b mem 0x800150a8
core   0: 0x80002680 (0xff1e4283) lbu     t0, -15(t3)
core   0: 3 0x80002680 (0xff1e4283) x 5 0x00000045 mem 0x8001508e
core   0: 0x80002684 (0x007156b3) srl     a3, sp, t2
core   0: 3 0x80002684 (0x007156b3) x13 0x0008002e
core   0: 0x80002688 (0x0161aeb3) slt     t4, gp, s6
core   0: 3 0x80002688 (0x0161aeb3) x29 0x00000000
core   0: 0x8000268c (0xfffe2383) lw      t2, -1(t3)
core   0: 3 0x8000268c (0xfffe2383) x 7 0x54555657 mem 0x8001509c
core   0: 0x80002690 (0x01fe05a3) sb      t6, 11(t3)
core   0: 3 0x80002690 (0x01fe05a3) mem 0x800150a8 0x1
core   0: 0x80002694 (0x012e10a3) sh      s2, 1(t3)
core   0: 3 0x80002694 (0x012e10a3) mem 0x8001509e 0x0012
core   0: 0x80002698 (0x41725c13) srai    s8, tp, 23
core   0: 3 0x80002698 (0x41725c13) x24 0x00000000
core   0: 0x8000269c (0x008e0003) lb      zero, 8(t3)
core   0: 3 0x8000269c (0x008e0003) mem 0x800150a5
core   0: 0x800026a0 (0x00013817) auipc   a6, 0x13
core   0: 3 0x800026a0 (0x00013817) x16 0x800156a0
core   0: 0x800026a4 (0x3bb80813) addi    a6, a6, 955
core   0: 3 0x800026a4 (0x3bb80813) x16 0x80015a5b
core   0: 0x800026a8 (0x01ba13b3) sll     t2, s4, s11
core   0: 3 0x800026a8 (0x01ba13b3) x 7 0x00000000
core   0: 0x800026ac (0xff9819a3) sh      s9, -13(a6)
core   0: 3 0x800026ac (0xff9819a3) mem 0x80015a4e 0xffe8
core   0: 0x800026b0 (0x01888233) add     tp, a7, s8
core   0: 3 0x800026b0 (0x01888233) x 4 0x00000000
core   0: 0x800026b4 (0x016b37b3) sltu    a5, s6, s6
core   0: 3 0x800026b4 (0x016b37b3) x15 0x00000000
core   0: 0x800026b8 (0x22752313) slti    t1, a0, 551
core   0: 3 0x800026b8 (0x22752313) x 6 0x00000001
core   0: 0x800026bc (0x00d81503) lh      a0, 13(a6)
core   0: 3 0x800026bc (0x00d81503) x10 0x00002223 mem 0x80015a68
core   0: 0x800026c0 (0x00484e03) lbu     t3, 4(a6)
core   0: 3 0x800026c0 (0x00484e03) x28 0x00000014 mem 0x80015a5f
core   0: 0x800026c4 (0xffe80183) lb      gp, -2(a6)
core   0: 3 0x800026c4 (0xffe80183) x 3 0x00000012 mem 0x80015a59
core   0: 0x800026c8 (0xe562ac93) slti    s9, t0, -426
core   0: 3 0x800026c8 (0xe562ac93) x25 0x00000000
core   0: 0x800026cc (0x0000100f) fence.i
core   0: 3 0x800026cc (0x0000100f)
core   0: 0x800026d0 (0x00f80023) sb      a5, 0(a6)
core   0: 3 0x800026d0 (0x00f80023) mem 0x80015a5b 0x0
core   0: 0x800026d4 (0x00000013) nop
core   0: 3 0x800026d4 (0x00000013)
core   0: 0x800026d8 (0x41818f33) sub     t5, gp, s8
core   0: 3 0x800026d8 (0x41818f33) x30 0x00000012
core   0: 0x800026dc (0xff884903) lbu     s2, -8(a6)
core   0: 3 0x800026dc (0xff884903) x18 0x00000008 mem 0x80015a53
core   0: 0x800026e0 (0xff180c03) lb      s8, -15(a6)
core   0: 3 0x800026e0 (0xff180c03) x24 0x00000007 mem 0x80015a4c
core   0: 0x800026e4 (0x01e84933) xor     s2, a6, t5
core   0: 3 0x800026e4 (0x01e84933) x18 0x80015a49
core   0: 0x800026e8 (0x00d80983) lb      s3, 13(a6)
core   0: 3 0x800026e8 (0x00d80983) x19 0x00000023 mem 0x80015a68
core   0: 0x800026ec (0x41275f13) srai    t5, a4, 18
core   0: 3 0x800026ec (0x41275f13) x30 0xffffffff
core   0: 0x800026f0 (0x00b51193) slli    gp, a0, 11
core   0: 3 0x800026f0 (0x00b51193) x 3 0x01111800
core   0: 0x800026f4 (0xffa80e23) sb      s10, -4(a6)
core   0: 3 0x800026f4 (0xffa80e23) mem 0x80015a57 0xdf
core   0: 0x800026f8 (0xba76f293) andi    t0, a3, -1113
core   0: 3 0x800026f8 (0xba76f293) x 5 0x00080026
core   0: 0x800026fc (0x00d85683) lhu     a3, 13(a6)
core   0: 3 0x800026fc (0x00d85683) x13 0x00002223 mem 0x80015a68
core   0: 0x80002700 (0x01a48b33) add     s6, s1, s10
core   0: 3 0x80002700 (0x01a48b33) x22 0x0000e8ea
core   0: 0x80002704 (0xff884903) lbu     s2, -8(a6)
core   0: 3 0x80002704 (0xff884903) x18 0x00000008 mem 0x80015a53
core   0: 0x80002708 (0xffa84a83) lbu     s5, -6(a6)
core   0: 3 0x80002708 (0xffa84a83) x21 0x0000000e mem 0x80015a55
core   0: 0x8000270c (0xff880f23) sb      s8, -2(a6)
core   0: 3 0x8000270c (0xff880f23) mem 0x80015a59 0x7
core   0: 0x80002710 (0x00022897) auipc   a7, 0x22
core   0: 3 0x80002710 (0x00022897) x17 0x80024710
core   0: 0x80002714 (0xfd588893) addi    a7, a7, -43
core   0: 3 0x80002714 (0xfd588893) x17 0x800246e5
core   0: 0x80002718 (0x0b566f93) ori     t6, a2, 181
core   0: 3 0x80002718 (0x0b566f93) x31 0x8002aeb5
core   0: 0x8000271c (0x15148d13) addi    s10, s1, 337
core   0: 3 0x8000271c (0x15148d13) x26 0x00000b5c
core   0: 0x80002720 (0x0ff0000f) fence   iorw,iorw
core   0: 3 0x80002720 (0x0ff0000f)
core   0: 0x80002724 (0x01888323) sb      s8, 6(a7)
core   0: 3 0x80002724 (0x01888323) mem 0x800246eb 0x7
core   0: 0x80002728 (0x006a6b33) or      s6, s4, t1
core   0: 3 0x80002728 (0x006a6b33) x22 0x00000001
core   0: 0x8000272c (0x00f4a733) slt     a4, s1, a5
core   0: 3 0x8000272c (0x00f4a733) x14 0x00000000
core   0: 0x80002730 (0x011ad293) srli    t0, s5, 17
core   0: 3 0x80002730 (0x011ad293) x 5 0x00000000
core   0: 0x80002734 (0x01d90cb3) add     s9, s2, t4
core   0: 3 0x80002734 (0x01d90cb3) x25 0x00000008
core   0: 0x80002738 (0x00739bb3) sll     s7, t2, t2
core   0: 3 0x80002738 (0x00739bb3) x23 0x00000000
core   0: 0x8000273c (0x017d26b3) slt     a3, s10, s7
core   0: 3 0x8000273c (0x017d26b3) x13 0x00000000
core   0: 0x80002740 (0x01316ab3) or      s5, sp, s3
core   0: 3 0x80002740 (0x01316ab3) x21 0x8002ece7
core   0: 0x80002744 (0x40155793) srai    a5, a0, 1
core   0: 3 0x80002744 (0x40155793) x15 0x00001111
core   0: 0x80002748 (0x0028cd83) lbu     s11, 2(a7)
core   0: 3 0x80002748 (0x0028cd83) x27 0x0000009c mem 0x800246e7
core   0: 0x8000274c (0x004f3ab3) sltu    s5, t5, tp
core   0: 3 0x8000274c (0x004f3ab3) x21 0x00000000
core   0: 0x80002750 (0x118c7c13) andi    s8, s8, 280
core   0: 3 0x80002750 (0x118c7c13) x24 0x00000000
core   0: 0x80002754 (0xffe8c403) lbu     s0, -2(a7)
core   0: 3 0x80002754 (0xffe8c403) x 8 0x00000098 mem 0x800246e3
core   0: 0x80002758 (0xdc0e2c13) slti    s8, t3, -576
core   0: 3 0x80002758 (0xdc0e2c13) x24 0x00000000
core   0: 0x8000275c (0xfed89ba3) sh      a3, -9(a7)
core   0: 3 0x8000275c (0xfed89ba3) mem 0x800246dc 0x0000
core   0: 0x80002760 (0x00f88323) sb      a5, 6(a7)
core   0: 3 0x80002760 (0x00f88323) mem 0x800246eb 0x11
core   0: 0x80002764 (0xfe48afa3) sw      tp, -1(a7)
core   0: 3 0x80002764 (0xfe48afa3) mem 0x800246e4 0x00000000
core   0: 0x80002768 (0xffb88da3) sb      s11, -5(a7)
core   0: 3 0x80002768 (0xffb88da3) mem 0x800246e0 0x9c
core   0: 0x8000276c (0x7b0e6997) auipc   s3, 0x7b0e6
core   0: 3 0x8000276c (0x7b0e6997) x19 0xfb0e876c
core   0: 0x80002770 (0x001c4433) xor     s0, s8, ra
core   0: 3 0x80002770 (0x001c4433) x 8 0x00000046
core   0: 0x80002774 (0x01f8a1a3) sw      t6, 3(a7)
core   0: 3 0x80002774 (0x01f8a1a3) mem 0x800246e8 0x8002aeb5
core   0: 0x80002778 (0x00188303) lb      t1, 1(a7)
core   0: 3 0x80002778 (0x00188303) x 6 0x00000000 mem 0x800246e6
core   0: 0x8000277c (0xfff8c983) lbu     s3, -1(a7)
core   0: 3 0x8000277c (0xfff8c983) x19 0x00000000 mem 0x800246e4
core   0: 0x80002780 (0x018f4b33) xor     s6, t5, s8
core   0: 3 0x80002780 (0x018f4b33) x22 0xffffffff
core   0: 0x80002784 (0x002a67b3) or      a5, s4, sp
core   0: 3 0x80002784 (0x002a67b3) x15 0x8002ece4
core   0: 0x80002788 (0x00000013) nop
core   0: 3 0x80002788 (0x00000013)
core   0: 0x8000278c (0xff18d203) lhu     tp, -15(a7)
core   0: 3 0x8000278c (0xff18d203) x 4 0x00008c8d mem 0x800246d6
core   0: 0x80002790 (0x00c88123) sb      a2, 2(a7)
core   0: 3 0x80002790 (0x00c88123) mem 0x800246e7 0x30
core   0: 0x80002794 (0x418e5cb3) sra     s9, t3, s8
core   0: 3 0x80002794 (0x418e5cb3) x25 0x00000014
core   0: 0x80002798 (0x0038a203) lw      tp, 3(a7)
core   0: 3 0x80002798 (0x0038a203) x 4 0x8002aeb5 mem 0x800246e8
core   0: 0x8000279c (0x00e02fb3) slt     t6, zero, a4
core   0: 3 0x8000279c (0x00e02fb3) x31 0x00000000
core   0: 0x800027a0 (0xff389203) lh      tp, -13(a7)
core   0: 3 0x800027a0 (0xff389203) x 4 0xffff9293 mem 0x800246d8
core   0: 0x800027a4 (0xff288c23) sb      s2, -8(a7)
core   0: 3 0x800027a4 (0xff288c23) mem 0x800246dd 0x8
core   0: 0x800027a8 (0x82556397) auipc   t2, 0x82556
core   0: 3 0x800027a8 (0x82556397) x 7 0x025587a8
core   0: 0x800027ac (0x239c0993) addi    s3, s8, 569
core   0: 3 0x800027ac (0x239c0993) x19 0x00000239
core   0: 0x800027b0 (0x441daf13) slti    t5, s11, 1089
core   0: 3 0x800027b0 (0x441daf13) x30 0x00000001
core   0: 0x800027b4 (0xffb89083) lh      ra, -5(a7)
core   0: 3 0x800027b4 (0xffb89083) x 1 0xffff9a9c mem 0x800246e0
core   0: 0x800027b8 (0x00013497) auipc   s1, 0x13
core   0: 3 0x800027b8 (0x00013497) x 9 0x800157b8
core   0: 0x800027bc (0x00d48493) addi    s1, s1, 13
core   0: 3 0x800027bc (0x00d48493) x 9 0x800157c5
core   0: 0x800027c0 (0x00b48803) lb      a6, 11(s1)
core   0: 3 0x800027c0 (0x00b48803) x16 0xffffff8b mem 0x800157d0
core   0: 0x800027c4 (0x00c4cd03) lbu     s10, 12(s1)
core   0: 3 0x800027c4 (0x00c4cd03) x26 0x0000008a mem 0x800157d1
core   0: 0x800027c8 (0xff348d23) sb      s3, -6(s1)
core   0: 3 0x800027c8 (0xff348d23) mem 0x800157bf 0x39
core   0: 0x800027cc (0x00949003) lh      zero, 9(s1)
core   0: 3 0x800027cc (0x00949003) mem 0x800157ce
core   0: 0x800027d0 (0x00018517) auipc   a0, 0x18
core   0: 3 0x800027d0 (0x00018517) x10 0x8001a7d0
core   0: 0x800027d4 (0x88b50513) addi    a0, a0, -1909
core   0: 3 0x800027d4 (0x88b50513) x10 0x8001a05b
core   0: 0x800027d8 (0x00f4d903) lhu     s2, 15(s1)
core   0: 3 0x800027d8 (0x00f4d903) x18 0x00008e8f mem 0x800157d4
core   0: 0x800027dc (0x00154c83) lbu     s9, 1(a0)
core   0: 3 0x800027dc (0x00154c83) x25 0x00000017 mem 0x8001a05c
core   0: 0x800027e0 (0x01a50123) sb      s10, 2(a0)
core   0: 3 0x800027e0 (0x01a50123) mem 0x8001a05d 0x8a
core   0: 0x800027e4 (0x00d49183) lh      gp, 13(s1)
core   0: 3 0x800027e4 (0x00d49183) x 3 0xffff8889 mem 0x800157d2
core   0: 0x800027e8 (0xffe50b83) lb      s7, -2(a0)
core   0: 3 0x800027e8 (0xffe50b83) x23 0x00000012 mem 0x8001a059
core   0: 0x800027ec (0x01d48023) sb      t4, 0(s1)
core   0: 3 0x800027ec (0x01d48023) mem 0x800157c5 0x0
core   0: 0x800027f0 (0x00d502a3) sb      a3, 5(a0)
core   0: 3 0x800027f0 (0x00d502a3) mem 0x8001a060 0x0
core   0: 0x800027f4 (0x00a50883) lb      a7, 10(a0)
core   0: 3 0x800027f4 (0x00a50883) x17 0x0000001e mem 0x8001a065
core   0: 0x800027f8 (0x013480a3) sb      s3, 1(s1)
core   0: 3 0x800027f8 (0x013480a3) mem 0x800157c6 0x39
core   0: 0x800027fc (0x01848123) sb      s8, 2(s1)
core   0: 3 0x800027fc (0x01848123) mem 0x800157c7 0x0
core   0: 0x80002800 (0xfea48d23) sb      a0, -6(s1)
core   0: 3 0x80002800 (0xfea48d23) mem 0x800157bf 0x5b
core   0: 0x80002804 (0x01850223) sb      s8, 4(a0)
core   0: 3 0x80002804 (0x01850223) mem 0x8001a05f 0x0
core   0: 0x80002808 (0x00013e97) auipc   t4, 0x13
core   0: 3 0x80002808 (0x00013e97) x29 0x80015808
core   0: 0x8000280c (0x27ce8e93) addi    t4, t4, 636
core   0: 3 0x8000280c (0x27ce8e93) x29 0x80015a84
core   0: 0x80002810 (0xf51eac23) sw      a7, -168(t4)
core   0: 3 0x80002810 (0xf51eac23) mem 0x800159dc 0x0000001e
core   0: 0x80002814 (0xf20eac23) sw      zero, -200(t4)
core   0: 3 0x80002814 (0xf20eac23) mem 0x800159bc 0x00000000
core   0: 0x80002818 (0x006e9893) slli    a7, t4, 6
core   0: 3 0x80002818 (0x006e9893) x17 0x0056a100
core   0: 0x8000281c (0x065ec683) lbu     a3, 101(t4)
core   0: 3 0x8000281c (0x065ec683) x13 0x000000a2 mem 0x80015ae9
core   0: 0x80002820 (0x043e8183) lb      gp, 67(t4)
core   0: 3 0x80002820 (0x043e8183) x 3 0x0000007c mem 0x80015ac7
core   0: 0x80002824 (0x00176bb3) or      s7, a4, ra
core   0: 3 0x80002824 (0x00176bb3) x23 0xffff9a9c
core   0: 0x80002828 (0x41515b13) srai    s6, sp, 21
core   0: 3 0x80002828 (0x41515b13) x22 0xfffffc00
core   0: 0x8000282c (0xaf3fb013) sltiu   zero, t6, -1293
core   0: 3 0x8000282c (0xaf3fb013)
core   0: 0x80002830 (0xf11e8d03) lb      s10, -239(t4)
core   0: 3 0x80002830 (0xf11e8d03) x26 0x0000004e mem 0x80015995
core   0: 0x80002834 (0x2f313713) sltiu   a4, sp, 755
core   0: 3 0x80002834 (0x2f313713) x14 0x00000000
core   0: 0x80002838 (0x22770713) addi    a4, a4, 551
core   0: 3 0x80002838 (0x22770713) x14 0x00000227
core   0: 0x8000283c (0x00fec903) lbu     s2, 15(t4)
core   0: 3 0x8000283c (0x00fec903) x18 0x00000048 mem 0x80015a93
core   0: 0x80002840 (0x0149fd33) and     s10, s3, s4
core   0: 3 0x80002840 (0x0149fd33) x26 0x00000000
core   0: 0x80002844 (0x006dd193) srli    gp, s11, 6
core   0: 3 0x80002844 (0x006dd193) x 3 0x00000002
core   0: 0x80002848 (0x0a0e83a3) sb      zero, 167(t4)
core   0: 3 0x80002848 (0x0a0e83a3) mem 0x80015b2b 0x0
core   0: 0x8000284c (0x7456b093) sltiu   ra, a3, 1861
core   0: 3 0x8000284c (0x7456b093) x 1 0x00000001
core   0: 0x80002850 (0x01d32433) slt     s0, t1, t4
core   0: 3 0x80002850 (0x01d32433) x 8 0x00000000
core   0: 0x80002854 (0xfbee9623) sh      t5, -84(t4)
core   0: 3 0x80002854 (0xfbee9623) mem 0x80015a30 0x0001
core   0: 0x80002858 (0xfd1ec803) lbu     a6, -47(t4)
core   0: 3 0x80002858 (0xfd1ec803) x16 0x0000000e mem 0x80015a55
core   0: 0x8000285c (0x00f07033) and     zero, zero, a5
core   0: 3 0x8000285c (0x00f07033)
core   0: 0x80002860 (0xfb8e8ca3) sb      s8, -71(t4)
core   0: 3 0x80002860 (0xfb8e8ca3) mem 0x80015a3d 0x0
core   0: 0x80002864 (0xfa5ec783) lbu     a5, -91(t4)
core   0: 3 0x80002864 (0xfa5ec783) x15 0x000000e2 mem 0x80015a29
core   0: 0x80002868 (0x00000013) nop
core   0: 3 0x80002868 (0x00000013)
core   0: 0x8000286c (0xfa6eae23) sw      t1, -68(t4)
core   0: 3 0x8000286c (0xfa6eae23) mem 0x80015a40 0x00000000
core   0: 0x80002870 (0x015e8923) sb      s5, 18(t4)
core   0: 3 0x80002870 (0x015e8923) mem 0x80015a96 0x0
core   0: 0x80002874 (0x08decc03) lbu     s8, 141(t4)
core   0: 3 0x80002874 (0x08decc03) x24 0x000000ca mem 0x80015b11
core   0: 0x80002878 (0xf0decb83) lbu     s7, -243(t4)
core   0: 3 0x80002878 (0xf0decb83) x23 0x0000004a mem 0x80015991
core   0: 0x8000287c (0x00e9d993) srli    s3, s3, 14
core   0: 3 0x8000287c (0x00e9d993) x19 0x00000000
core   0: 0x80002880 (0x00000013) nop
core   0: 3 0x80002880 (0x00000013)
core   0: 0x80002884 (0x4090d6b3) sra     a3, ra, s1
core   0: 3 0x80002884 (0x4090d6b3) x13 0x00000000
core   0: 0x80002888 (0x404086b3) sub     a3, ra, tp
core   0: 3 0x80002888 (0x404086b3) x13 0x00006d6e
core   0: 0x8000288c (0xeaac0a13) addi    s4, s8, -342
core   0: 3 0x8000288c (0xeaac0a13) x20 0xffffff74
core   0: 0x80002890 (0x01e03a33) snez    s4, t5
core   0: 3 0x80002890 (0x01e03a33) x20 0x00000001
core   0: 0x80002894 (0x036e9323) sh      s6, 38(t4)
core   0: 3 0x80002894 (0x036e9323) mem 0x80015aaa 0xfc00
core   0: 0x80002898 (0x4e25b937) lui     s2, 0x4e25b
core   0: 3 0x80002898 (0x4e25b937) x18 0x4e25b000
core   0: 0x8000289c (0xf93ec083) lbu     ra, -109(t4)
core   0: 3 0x8000289c (0xf93ec083) x 1 0x000000cc mem 0x80015a17
core   0: 0x800028a0 (0x00000013) nop
core   0: 3 0x800028a0 (0x00000013)
core   0: 0x800028a4 (0x07ce8223) sb      t3, 100(t4)
core   0: 3 0x800028a4 (0x07ce8223) mem 0x80015ae8 0x14
core   0: 0x800028a8 (0x0ff0000f) fence   iorw,iorw
core   0: 3 0x800028a8 (0x0ff0000f)
core   0: 0x800028ac (0xf0be9723) sh      a1, -242(t4)
core   0: 3 0x800028ac (0xf0be9723) mem 0x80015992 0x0000
core   0: 0x800028b0 (0x41c55f93) srai    t6, a0, 28
core   0: 3 0x800028b0 (0x41c55f93) x31 0xfffffff8
core   0: 0x800028b4 (0x001e04b3) add     s1, t3, ra
core   0: 3 0x800028b4 (0x001e04b3) x 9 0x000000e0
core   0: 0x800028b8 (0xff1e8c03) lb      s8, -15(t4)
core   0: 3 0x800028b8 (0xff1e8c03) x24 0x0000002e mem 0x80015a75
core   0: 0x800028bc (0x0b7e8fa3) sb      s7, 191(t4)
core   0: 3 0x800028bc (0x0b7e8fa3) mem 0x80015b43 0x4a
core   0: 0x800028c0 (0xfd1e8c83) lb      s9, -47(t4)
core   0: 3 0x800028c0 (0xfd1e8c83) x25 0x0000000e mem 0x80015a55
core   0: 0x800028c4 (0x0000100f) fence.i
core   0: 3 0x800028c4 (0x0000100f)
core   0: 0x800028c8 (0x0084d233) srl     tp, s1, s0
core   0: 3 0x800028c8 (0x0084d233) x 4 0x000000e0
core   0: 0x800028cc (0x00889533) sll     a0, a7, s0
core   0: 3 0x800028cc (0x00889533) x10 0x0056a100
core   0: 0x800028d0 (0xb14f8037) lui     zero, 0xb14f8
core   0: 3 0x800028d0 (0xb14f8037)
core   0: 0x800028d4 (0xf3fe88a3) sb      t6, -207(t4)
core   0: 3 0x800028d4 (0xf3fe88a3) mem 0x800159b5 0xf8
core   0: 0x800028d8 (0xf86ea223) sw      t1, -124(t4)
core   0: 3 0x800028d8 (0xf86ea223) mem 0x80015a08 0x00000000
core   0: 0x800028dc (0xf6de8d03) lb      s10, -147(t4)
core   0: 3 0x800028dc (0xf6de8d03) x26 0xffffffaa mem 0x800159f1
core   0: 0x800028e0 (0x0ff0000f) fence   iorw,iorw
core   0: 3 0x800028e0 (0x0ff0000f)
core   0: 0x800028e4 (0xfdde88a3) sb      t4, -47(t4)
core   0: 3 0x800028e4 (0xfdde88a3) mem 0x80015a55 0x84
core   0: 0x800028e8 (0x01ae9f83) lh      t6, 26(t4)
core   0: 3 0x800028e8 (0x01ae9f83) x31 0xffffe555 mem 0x80015a9e
core   0: 0x800028ec (0x0d1ecf03) lbu     t5, 209(t4)
core   0: 3 0x800028ec (0x0d1ecf03) x30 0x0000000e mem 0x80015b55
core   0: 0x800028f0 (0x0001fb17) auipc   s6, 0x1f
core   0: 3 0x800028f0 (0x0001fb17) x22 0x800218f0
core   0: 0x800028f4 (0xa04b0b13) addi    s6, s6, -1532
core   0: 3 0x800028f4 (0xa04b0b13) x22 0x800212f4
core   0: 0x800028f8 (0x39db0703) lb      a4, 925(s6)
core   0: 3 0x800028f8 (0x39db0703) x14 0x0000004a mem 0x80021691
core   0: 0x800028fc (0x7ccb0023) sb      a2, 1984(s6)
core   0: 3 0x800028fc (0x7ccb0023) mem 0x80021ab4 0x30
core   0: 0x80002900 (0x7c0b4683) lbu     a3, 1984(s6)
core   0: 3 0x80002900 (0x7c0b4683) x13 0x00000030 mem 0x80021ab4
core   0: 0x80002904 (0xfa7b4c03) lbu     s8, -89(s6)
core   0: 3 0x80002904 (0xfa7b4c03) x24 0x00000050 mem 0x8002129b
core   0: 0x80002908 (0x031b0023) sb      a7, 32(s6)
core   0: 3 0x80002908 (0x031b0023) mem 0x80021314 0x0
core   0: 0x8000290c (0x020b4a83) lbu     s5, 32(s6)
core   0: 3 0x8000290c (0x020b4a83) x21 0x00000000 mem 0x80021314
core   0: 0x80002910 (0x036b1023) sh      s6, 32(s6)
core   0: 3 0x80002910 (0x036b1023) mem 0x80021314 0x12f4
core   0: 0x80002914 (0x020b5703) lhu     a4, 32(s6)
core   0: 3 0x80002914 (0x020b5703) x14 0x000012f4 mem 0x80021314
core   0: 0x80002918 (0x006784b3) add     s1, a5, t1
core   0: 3 0x80002918 (0x006784b3) x 9 0x000000e2
core   0: 0x8000291c (0x830b1e03) lh      t3, -2000(s6)
core   0: 3 0x8000291c (0x830b1e03) x28 0xffffdedf mem 0x80020b24
core   0: 0x80002920 (0xa6bb4783) lbu     a5, -1429(s6)
core   0: 3 0x80002920 (0xa6bb4783) x15 0x00000014 mem 0x80020d5f
core   0: 0x80002924 (0xc12b5383) lhu     t2, -1006(s6)
core   0: 3 0x80002924 (0xc12b5383) x 7 0x0000bcbd mem 0x80020f06
core   0: 0x80002928 (0xc12b4503) lbu     a0, -1006(s6)
core   0: 3 0x80002928 (0xc12b4503) x10 0x000000bd mem 0x80020f06
core   0: 0x8000292c (0x23eb1b83) lh      s7, 574(s6)
core   0: 3 0x8000292c (0x23eb1b83) x23 0xffffe8e9 mem 0x80021532
core   0: 0x80002930 (0xde8b08a3) sb      s0, -527(s6)
core   0: 3 0x80002930 (0xde8b08a3) mem 0x800210e5 0x0
core   0: 0x80002934 (0xe11b0983) lb      s3, -495(s6)
core   0: 3 0x80002934 (0xe11b0983) x19 0xffffffbe mem 0x80021105
core   0: 0x80002938 (0x69db0903) lb      s2, 1693(s6)
core   0: 3 0x80002938 (0x69db0903) x18 0x0000004a mem 0x80021991
core   0: 0x8000293c (0x1ecb01a3) sb      a2, 483(s6)
core   0: 3 0x8000293c (0x1ecb01a3) mem 0x800214d7 0x30
core   0: 0x80002940 (0xe6bb4c83) lbu     s9, -405(s6)
core   0: 3 0x80002940 (0xe6bb4c83) x25 0x00000014 mem 0x8002115f
core   0: 0x80002944 (0x733b4083) lbu     ra, 1843(s6)
core   0: 3 0x80002944 (0x733b4083) x 1 0x000000dc mem 0x80021a27
core   0: 0x80002948 (0x00013f97) auipc   t6, 0x13
core   0: 3 0x80002948 (0x00013f97) x31 0x80015948
core   0: 0x8000294c (0x26ff8f93) addi    t6, t6, 623
core   0: 3 0x8000294c (0x26ff8f93) x31 0x80015bb7
core   0: 0x80002950 (0x031f95a3) sh      a7, 43(t6)
core   0: 3 0x80002950 (0x031f95a3) mem 0x80015be2 0xa100
core   0: 0x80002954 (0x036f85a3) sb      s6, 43(t6)
core   0: 3 0x80002954 (0x036f85a3) mem 0x80015be2 0xf4
core   0: 0x80002958 (0x035f95a3) sh      s5, 43(t6)
core   0: 3 0x80002958 (0x035f95a3) mem 0x80015be2 0x0000
core   0: 0x8000295c (0x01c4f233) and     tp, s1, t3
core   0: 3 0x8000295c (0x01c4f233) x 4 0x000000c2
core   0: 0x80002960 (0x02bf9703) lh      a4, 43(t6)
core   0: 3 0x80002960 (0x02bf9703) x14 0x00000000 mem 0x80015be2
core   0: 0x80002964 (0x02bfd783) lhu     a5, 43(t6)
core   0: 3 0x80002964 (0x02bfd783) x15 0x00000000 mem 0x80015be2
core   0: 0x80002968 (0x06ef91a3) sh      a4, 99(t6)
core   0: 3 0x80002968 (0x06ef91a3) mem 0x80015c1a 0x0000
core   0: 0x8000296c (0x063f8903) lb      s2, 99(t6)
core   0: 3 0x8000296c (0x063f8903) x18 0x00000000 mem 0x80015c1a
core   0: 0x80002970 (0x01b8bd33) sltu    s10, a7, s11
core   0: 3 0x80002970 (0x01b8bd33) x26 0x00000000
core   0: 0x80002974 (0x0145a7b3) slt     a5, a1, s4
core   0: 3 0x80002974 (0x0145a7b3) x15 0x00000001
core   0: 0x80002978 (0x40935197) auipc   gp, 0x40935
core   0: 3 0x80002978 (0x40935197) x 3 0xc0937978
core   0: 0x8000297c (0x063f9003) lh      zero, 99(t6)
core   0: 3 0x8000297c (0x063f9003) mem 0x80015c1a
core   0: 0x80002980 (0x063f81a3) sb      gp, 99(t6)
core   0: 3 0x80002980 (0x063f81a3) mem 0x80015c1a 0x78
core   0: 0x80002984 (0x063fd183) lhu     gp, 99(t6)
core   0: 3 0x80002984 (0x063fd183) x 3 0x00000078 mem 0x80015c1a
core   0: 0x80002988 (0x0b9f9983) lh      s3, 185(t6)
core   0: 3 0x80002988 (0x0b9f9983) x19 0x00002a2b mem 0x80015c70
core   0: 0x8000298c (0x0b9f9c03) lh      s8, 185(t6)
core   0: 3 0x8000298c (0x0b9f9c03) x24 0x00002a2b mem 0x80015c70
core   0: 0x80002990 (0x0b9f9503) lh      a0, 185(t6)
core   0: 3 0x80002990 (0x0b9f9503) x10 0x00002a2b mem 0x80015c70
core   0: 0x80002994 (0x0b9fab03) lw      s6, 185(t6)
core   0: 3 0x80002994 (0x0b9fab03) x22 0x28292a2b mem 0x80015c70
core   0: 0x80002998 (0x00013e17) auipc   t3, 0x13
core   0: 3 0x80002998 (0x00013e17) x28 0x80015998
core   0: 0x8000299c (0x859e0e13) addi    t3, t3, -1959
core   0: 3 0x8000299c (0x859e0e13) x28 0x800151f1
core   0: 0x800029a0 (0x00013517) auipc   a0, 0x13
core   0: 3 0x800029a0 (0x00013517) x10 0x800159a0
core   0: 0x800029a4 (0xa5650513) addi    a0, a0, -1450
core   0: 3 0x800029a4 (0xa5650513) x10 0x800153f6
core   0: 0x800029a8 (0x00013217) auipc   tp, 0x13
core   0: 3 0x800029a8 (0x00013217) x 4 0x800159a8
core   0: 0x800029ac (0x3ee20213) addi    tp, tp, 1006
core   0: 3 0x800029ac (0x3ee20213) x 4 0x80015d96
core   0: 0x800029b0 (0x0b251403) lh      s0, 178(a0)
core   0: 3 0x800029b0 (0x0b251403) x 8 0x00006263 mem 0x800154a8
core   0: 0x800029b4 (0x00be4f83) lbu     t6, 11(t3)
core   0: 3 0x800029b4 (0x00be4f83) x31 0x000000b7 mem 0x800151fc
core   0: 0x800029b8 (0x00013e97) auipc   t4, 0x13
core   0: 3 0x800029b8 (0x00013e97) x29 0x800159b8
core   0: 0x800029bc (0xdf3e8e93) addi    t4, t4, -525
core   0: 3 0x800029bc (0xdf3e8e93) x29 0x800157ab
core   0: 0x800029c0 (0xf57501a3) sb      s7, -189(a0)
core   0: 3 0x800029c0 (0xf57501a3) mem 0x80015339 0xe9
core   0: 0x800029c4 (0xff5e0ca3) sb      s5, -7(t3)
core   0: 3 0x800029c4 (0xff5e0ca3) mem 0x800151ea 0x0
core   0: 0x800029c8 (0xe5f20923) sb      t6, -430(tp)
core   0: 3 0x800029c8 (0xe5f20923) mem 0x80015be8 0xb7
core   0: 0x800029cc (0x238e8fa3) sb      s8, 575(t4)
core   0: 3 0x800029cc (0x238e8fa3) mem 0x800159ea 0x2b
core   0: 0x800029d0 (0xcd5e8b23) sb      s5, -810(t4)
core   0: 3 0x800029d0 (0xcd5e8b23) mem 0x80015481 0x0
core   0: 0x800029d4 (0x0d221a83) lh      s5, 210(tp)
core   0: 3 0x800029d4 (0x0d221a83) x21 0x00002223 mem 0x80015e68
core   0: 0x800029d8 (0xfeee2da3) sw      a4, -5(t3)
core   0: 3 0x800029d8 (0xfeee2da3) mem 0x800151ec 0x00000000
core   0: 0x800029dc (0xcdf24183) lbu     gp, -801(tp)
core   0: 3 0x800029dc (0xcdf24183) x 3 0x0000002e mem 0x80015a75
core   0: 0x800029e0 (0xfc3e8f83) lb      t6, -61(t4)
core   0: 3 0x800029e0 (0xfc3e8f83) x31 0x00000025 mem 0x8001576e
core   0: 0x800029e4 (0x04d20f03) lb      t5, 77(tp)
core   0: 3 0x800029e4 (0x04d20f03) x30 0xffffff98 mem 0x80015de3
core   0: 0x800029e8 (0xd3221523) sh      s2, -726(tp)
core   0: 3 0x800029e8 (0xd3221523) mem 0x80015ac0 0x0000
core   0: 0x800029ec (0x086500a3) sb      t1, 129(a0)
core   0: 3 0x800029ec (0x086500a3) mem 0x80015477 0x0
core   0: 0x800029f0 (0x1fb20aa3) sb      s11, 501(tp)
core   0: 3 0x800029f0 (0x1fb20aa3) mem 0x80015f8b 0x9c
core   0: 0x800029f4 (0x05e52c83) lw      s9, 94(a0)
core   0: 3 0x800029f4 (0x05e52c83) x25 0x0c0d0e0f mem 0x80015454
core   0: 0x800029f8 (0x103205a3) sb      gp, 267(tp)
core   0: 3 0x800029f8 (0x103205a3) mem 0x80015ea1 0x2e
core   0: 0x800029fc (0x51cec783) lbu     a5, 1308(t4)
core   0: 3 0x800029fc (0x51cec783) x15 0x0000007c mem 0x80015cc7
core   0: 0x80002a00 (0xf4050a03) lb      s4, -192(a0)
core   0: 3 0x80002a00 (0xf4050a03) x20 0xffffffed mem 0x80015336
core   0: 0x80002a04 (0x1f4e8783) lb      a5, 500(t4)
core   0: 3 0x80002a04 (0x1f4e8783) x15 0x00000000 mem 0x8001599f
core   0: 0x80002a08 (0x000e0f83) lb      t6, 0(t3)
core   0: 3 0x80002a08 (0x000e0f83) x31 0xffffffaa mem 0x800151f1
core   0: 0x80002a0c (0x7cde8183) lb      gp, 1997(t4)
core   0: 3 0x80002a0c (0x7cde8183) x 3 0x00000033 mem 0x80015f78
core   0: 0x80002a10 (0x3cde8123) sb      a3, 962(t4)
core   0: 3 0x80002a10 (0x3cde8123) mem 0x80015b6d 0x30
core   0: 0x80002a14 (0xfc950b03) lb      s6, -55(a0)
core   0: 3 0x80002a14 (0xfc950b03) x22 0x00000074 mem 0x800153bf
core   0: 0x80002a18 (0x008e4303) lbu     t1, 8(t3)
core   0: 3 0x80002a18 (0x008e4303) x 6 0x000000b2 mem 0x800151f9
core   0: 0x80002a1c (0x780eca03) lbu     s4, 1920(t4)
core   0: 3 0x80002a1c (0x780eca03) x20 0x000000e0 mem 0x80015f2b
core   0: 0x80002a20 (0x09654d83) lbu     s11, 150(a0)
core   0: 3 0x80002a20 (0x09654d83) x27 0x00000047 mem 0x8001548c
core   0: 0x80002a24 (0x0001fb97) auipc   s7, 0x1f
core   0: 3 0x80002a24 (0x0001fb97) x23 0x80021a24
core   0: 0x80002a28 (0xfdeb8b93) addi    s7, s7, -34
core   0: 3 0x80002a28 (0xfdeb8b93) x23 0x80021a02
core   0: 0x80002a2c (0xe2231f37) lui     t5, 0xe2231
core   0: 3 0x80002a2c (0xe2231f37) x30 0xe2231000
core   0: 0x80002a30 (0x2c3bc003) lbu     zero, 707(s7)
core   0: 3 0x80002a30 (0x2c3bc003) mem 0x80021cc5
core   0: 0x80002a34 (0x2dfb81a3) sb      t6, 707(s7)
core   0: 3 0x80002a34 (0x2dfb81a3) mem 0x80021cc5 0xaa
core   0: 0x80002a38 (0x0cebc403) lbu     s0, 206(s7)
core   0: 3 0x80002a38 (0x0cebc403) x 8 0x0000008b mem 0x80021ad0
core   0: 0x80002a3c (0x843b8e23) sb      gp, -1956(s7)
core   0: 3 0x80002a3c (0x843b8e23) mem 0x8002125e 0x33
core   0: 0x80002a40 (0x168bcd83) lbu     s11, 360(s7)
core   0: 3 0x80002a40 (0x168bcd83) x27 0x00000021 mem 0x80021b6a
core   0: 0x80002a44 (0x94cbd383) lhu     t2, -1716(s7)
core   0: 3 0x80002a44 (0x94cbd383) x 7 0x00000405 mem 0x8002134e
core   0: 0x80002a48 (0x94cb9703) lh      a4, -1716(s7)
core   0: 3 0x80002a48 (0x94cb9703) x14 0x00000405 mem 0x8002134e
core   0: 0x80002a4c (0x620b87a3) sb      zero, 1583(s7)
core   0: 3 0x80002a4c (0x620b87a3) mem 0x80022031 0x0
core   0: 0x80002a50 (0x62fb8e83) lb      t4, 1583(s7)
core   0: 3 0x80002a50 (0x62fb8e83) x29 0x00000000 mem 0x80022031
core   0: 0x80002a54 (0x20eba983) lw      s3, 526(s7)
core   0: 3 0x80002a54 (0x20eba983) x19 0xc8c9cacb mem 0x80021c10
core   0: 0x80002a58 (0x20eb8383) lb      t2, 526(s7)
core   0: 3 0x80002a58 (0x20eb8383) x 7 0xffffffcb mem 0x80021c10
core   0: 0x80002a5c (0x0188b6b3) sltu    a3, a7, s8
core   0: 3 0x80002a5c (0x0188b6b3) x13 0x00000000
core   0: 0x80002a60 (0x20ebc883) lbu     a7, 526(s7)
core   0: 3 0x80002a60 (0x20ebc883) x17 0x000000cb mem 0x80021c10
core   0: 0x80002a64 (0x42dbcc83) lbu     s9, 1069(s7)
core   0: 3 0x80002a64 (0x42dbcc83) x25 0x000000e4 mem 0x80021e2f
core   0: 0x80002a68 (0x42dbcd03) lbu     s10, 1069(s7)
core   0: 3 0x80002a68 (0x42dbcd03) x26 0x000000e4 mem 0x80021e2f
core   0: 0x80002a6c (0xc4dbc903) lbu     s2, -947(s7)
core   0: 3 0x80002a6c (0xc4dbc903) x18 0x00000004 mem 0x8002164f
core   0: 0x80002a70 (0x45fb9923) sh      t6, 1106(s7)
core   0: 3 0x80002a70 (0x45fb9923) mem 0x80021e54 0xffaa
core   0: 0x80002a74 (0x452b8983) lb      s3, 1106(s7)
core   0: 3 0x80002a74 (0x452b8983) x19 0xffffffaa mem 0x80021e54
core   0: 0x80002a78 (0xad8b8083) lb      ra, -1320(s7)
core   0: 3 0x80002a78 (0xad8b8083) x 1 0xffffff91 mem 0x800214da
core   0: 0x80002a7c (0x58bbca83) lbu     s5, 1419(s7)
core   0: 3 0x80002a7c (0x58bbca83) x21 0x00000046 mem 0x80021f8d
core   0: 0x80002a80 (0x00013d97) auipc   s11, 0x13
core   0: 3 0x80002a80 (0x00013d97) x27 0x80015a80
core   0: 0x80002a84 (0x51ed8d93) addi    s11, s11, 1310
core   0: 3 0x80002a84 (0x51ed8d93) x27 0x80015f9e
core   0: 0x80002a88 (0xa08d8ca3) sb      s0, -1511(s11)
core   0: 3 0x80002a88 (0xa08d8ca3) mem 0x800159b7 0x8b
core   0: 0x80002a8c (0xa09d8ca3) sb      s1, -1511(s11)
core   0: 3 0x80002a8c (0xa09d8ca3) mem 0x800159b7 0xe2
core   0: 0x80002a90 (0xe41d9023) sh      ra, -448(s11)
core   0: 3 0x80002a90 (0xe41d9023) mem 0x80015dde 0xff91
core   0: 0x80002a94 (0xe40d8f83) lb      t6, -448(s11)
core   0: 3 0x80002a94 (0xe40d8f83) x31 0xffffff91 mem 0x80015dde
core   0: 0x80002a98 (0xe40d8b83) lb      s7, -448(s11)
core   0: 3 0x80002a98 (0xe40d8b83) x23 0xffffff91 mem 0x80015dde
core   0: 0x80002a9c (0xe40d9383) lh      t2, -448(s11)
core   0: 3 0x80002a9c (0xe40d9383) x 7 0xffffff91 mem 0x80015dde
core   0: 0x80002aa0 (0x018d0a33) add     s4, s10, s8
core   0: 3 0x80002aa0 (0x018d0a33) x20 0x00002b0f
core   0: 0x80002aa4 (0xe4ad9023) sh      a0, -448(s11)
core   0: 3 0x80002aa4 (0xe4ad9023) mem 0x80015dde 0x53f6
core   0: 0x80002aa8 (0xe40d8a83) lb      s5, -448(s11)
core   0: 3 0x80002aa8 (0xe40d8a83) x21 0xfffffff6 mem 0x80015dde
core   0: 0x80002aac (0xe40dc503) lbu     a0, -448(s11)
core   0: 3 0x80002aac (0xe40dc503) x10 0x000000f6 mem 0x80015dde
core   0: 0x80002ab0 (0xe40dc183) lbu     gp, -448(s11)
core   0: 3 0x80002ab0 (0xe40dc183) x 3 0x000000f6 mem 0x80015dde
core   0: 0x80002ab4 (0xe40ddc83) lhu     s9, -448(s11)
core   0: 3 0x80002ab4 (0xe40ddc83) x25 0x000053f6 mem 0x80015dde
core   0: 0x80002ab8 (0x00013197) auipc   gp, 0x13
core   0: 3 0x80002ab8 (0x00013197) x 3 0x80015ab8
core   0: 0x80002abc (0x1b518193) addi    gp, gp, 437
core   0: 3 0x80002abc (0x1b518193) x 3 0x80015c6d
core   0: 0x80002ac0 (0x0010a4b3) slt     s1, ra, ra
core   0: 3 0x80002ac0 (0x0010a4b3) x 9 0x00000000
core   0: 0x80002ac4 (0xfed18783) lb      a5, -19(gp)
core   0: 3 0x80002ac4 (0xfed18783) x15 0x00000011 mem 0x80015c5a
core   0: 0x80002ac8 (0xfc618123) sb      t1, -62(gp)
core   0: 3 0x80002ac8 (0xfc618123) mem 0x80015c2f 0xb2
core   0: 0x80002acc (0x0000100f) fence.i
core   0: 3 0x80002acc (0x0000100f)
core   0: 0x80002ad0 (0x8c9ab393) sltiu   t2, s5, -1847
core   0: 3 0x80002ad0 (0x8c9ab393) x 7 0x00000000
core   0: 0x80002ad4 (0xfd618323) sb      s6, -58(gp)
core   0: 3 0x80002ad4 (0xfd618323) mem 0x80015c33 0x74
core   0: 0x80002ad8 (0x01b29f13) slli    t5, t0, 27
core   0: 3 0x80002ad8 (0x01b29f13) x30 0x00000000
core   0: 0x80002adc (0x00d4c033) xor     zero, s1, a3
core   0: 3 0x80002adc (0x00d4c033)
core   0: 0x80002ae0 (0x00213ab3) sltu    s5, sp, sp
core   0: 3 0x80002ae0 (0x00213ab3) x21 0x00000000
core   0: 0x80002ae4 (0x01312ab3) slt     s5, sp, s3
core   0: 3 0x80002ae4 (0x01312ab3) x21 0x00000001
core   0: 0x80002ae8 (0x00000013) nop
core   0: 3 0x80002ae8 (0x00000013)
core   0: 0x80002aec (0x4130d993) srai    s3, ra, 19
core   0: 3 0x80002aec (0x4130d993) x19 0xffffffff
core   0: 0x80002af0 (0x0ff0000f) fence   iorw,iorw
core   0: 3 0x80002af0 (0x0ff0000f)
core   0: 0x80002af4 (0x7b0c9397) auipc   t2, 0x7b0c9
core   0: 3 0x80002af4 (0x7b0c9397) x 7 0xfb0cbaf4
core   0: 0x80002af8 (0x0040f233) and     tp, ra, tp
core   0: 3 0x80002af8 (0x0040f233) x 4 0x80015d90
core   0: 0x80002afc (0x9c6e4337) lui     t1, 0x9c6e4
core   0: 3 0x80002afc (0x9c6e4337) x 6 0x9c6e4000
core   0: 0x80002b00 (0x407fddb3) sra     s11, t6, t2
core   0: 3 0x80002b00 (0x407fddb3) x27 0xffffffff
core   0: 0x80002b04 (0xff418003) lb      zero, -12(gp)
core   0: 3 0x80002b04 (0xff418003) mem 0x80015c61
core   0: 0x80002b08 (0x01b18423) sb      s11, 8(gp)
core   0: 3 0x80002b08 (0x01b18423) mem 0x80015c75 0xff
core   0: 0x80002b0c (0x02319983) lh      s3, 35(gp)
core   0: 3 0x80002b0c (0x02319983) x19 0x00004a4b mem 0x80015c90
core   0: 0x80002b10 (0x00044f93) xori    t6, s0, 0
core   0: 3 0x80002b10 (0x00044f93) x31 0x0000008b
core   0: 0x80002b14 (0xfcd1d703) lhu     a4, -51(gp)
core   0: 3 0x80002b14 (0xfcd1d703) x14 0x0000f0f1 mem 0x80015c3a
core   0: 0x80002b18 (0xd40e7413) andi    s0, t3, -704
core   0: 3 0x80002b18 (0xd40e7413) x 8 0x80015140
core   0: 0x80002b1c (0x616fcf13) xori    t5, t6, 1558
core   0: 3 0x80002b1c (0x616fcf13) x30 0x0000069d
core   0: 0x80002b20 (0xfcc18c83) lb      s9, -52(gp)
core   0: 3 0x80002b20 (0xfcc18c83) x25 0xfffffff2 mem 0x80015c39
core   0: 0x80002b24 (0xb62e0b93) addi    s7, t3, -1182
core   0: 3 0x80002b24 (0xb62e0b93) x23 0x80014d53
core   0: 0x80002b28 (0x0c06cc97) auipc   s9, 0xc06c
core   0: 3 0x80002b28 (0x0c06cc97) x25 0x8c06eb28
core   0: 0x80002b2c (0x414004b3) sub     s1, zero, s4
core   0: 3 0x80002b2c (0x414004b3) x 9 0xffffd4f1
core   0: 0x80002b30 (0x007b48b3) xor     a7, s6, t2
core   0: 3 0x80002b30 (0x007b48b3) x17 0xfb0cba80
core   0: 0x80002b34 (0x019d1a93) slli    s5, s10, 25
core   0: 3 0x80002b34 (0x019d1a93) x21 0xc8000000
core   0: 0x80002b38 (0x010e0033) add     zero, t3, a6
core   0: 3 0x80002b38 (0x010e0033)
core   0: 0x80002b3c (0x02f1cc83) lbu     s9, 47(gp)
core   0: 3 0x80002b3c (0x02f1cc83) x25 0x00000057 mem 0x80015c9c
core   0: 0x80002b40 (0xfef18e23) sb      a5, -4(gp)
core   0: 3 0x80002b40 (0xfef18e23) mem 0x80015c69 0x11
core   0: 0x80002b44 (0x00020e17) auipc   t3, 0x20
core   0: 3 0x80002b44 (0x00020e17) x28 0x80022b44
core   0: 0x80002b48 (0xa28e0e13) addi    t3, t3, -1496
core   0: 3 0x80002b48 (0xa28e0e13) x28 0x8002256c
core   0: 0x80002b4c (0xfcbe4a03) lbu     s4, -53(t3)
core   0: 3 0x80002b4c (0xfcbe4a03) x20 0x000000ec mem 0x80022537
core   0: 0x80002b50 (0x009e4a03) lbu     s4, 9(t3)
core   0: 3 0x80002b50 (0x009e4a03) x20 0x0000002e mem 0x80022575
core   0: 0x80002b54 (0x010c4cb3) xor     s9, s8, a6
core   0: 3 0x80002b54 (0x010c4cb3) x25 0x00002a25
core   0: 0x80002b58 (0x038e0203) lb      tp, 56(t3)
core   0: 3 0x80002b58 (0x038e0203) x 4 0x0000005f mem 0x800225a4
core   0: 0x80002b5c (0x007e0f03) lb      t5, 7(t3)
core   0: 3 0x80002b5c (0x007e0f03) x30 0x00000028 mem 0x80022573
core   0: 0x80002b60 (0xf3766293) ori     t0, a2, -201
core   0: 3 0x80002b60 (0xf3766293) x 5 0xffffff37
core   0: 0x80002b64 (0x5d276a93) ori     s5, a4, 1490
core   0: 3 0x80002b64 (0x5d276a93) x21 0x0000f5f3
core   0: 0x80002b68 (0x01444a33) xor     s4, s0, s4
core   0: 3 0x80002b68 (0x01444a33) x20 0x8001516e
core   0: 0x80002b6c (0x00f3fb33) and     s6, t2, a5
core   0: 3 0x80002b6c (0x00f3fb33) x22 0x00000010
core   0: 0x80002b70 (0xfcfe0f23) sb      a5, -34(t3)
core   0: 3 0x80002b70 (0xfcfe0f23) mem 0x8002254a 0x11
core   0: 0x80002b74 (0xfd0e5903) lhu     s2, -48(t3)
core   0: 3 0x80002b74 (0xfd0e5903) x18 0x0000f6f7 mem 0x8002253c
core   0: 0x80002b78 (0xfe5e4d03) lbu     s10, -27(t3)
core   0: 3 0x80002b78 (0xfe5e4d03) x26 0x0000000a mem 0x80022551
core   0: 0x80002b7c (0x032e5783) lhu     a5, 50(t3)
core   0: 3 0x80002b7c (0x032e5783) x15 0x00005455 mem 0x8002259e
core   0: 0x80002b80 (0x036e0183) lb      gp, 54(t3)
core   0: 3 0x80002b80 (0x036e0183) x 3 0x00000059 mem 0x800225a2
core   0: 0x80002b84 (0x981d6a93) ori     s5, s10, -1663
core   0: 3 0x80002b84 (0x981d6a93) x21 0xfffff98b
core   0: 0x80002b88 (0xfc0e4703) lbu     a4, -64(t3)
core   0: 3 0x80002b88 (0xfc0e4703) x14 0x000000e7 mem 0x8002252c
core   0: 0x80002b8c (0x020e2183) lw      gp, 32(t3)
core   0: 3 0x80002b8c (0x020e2183) x 3 0x44454647 mem 0x8002258c
core   0: 0x80002b90 (0xefd6ff93) andi    t6, a3, -259
core   0: 3 0x80002b90 (0xefd6ff93) x31 0x00000000
core   0: 0x80002b94 (0x01dfd7b3) srl     a5, t6, t4
core   0: 3 0x80002b94 (0x01dfd7b3) x15 0x00000000
core   0: 0x80002b98 (0x0088adb3) slt     s11, a7, s0
core   0: 3 0x80002b98 (0x0088adb3) x27 0x00000000
core   0: 0x80002b9c (0x028e4303) lbu     t1, 40(t3)
core   0: 3 0x80002b9c (0x028e4303) x 6 0x0000004f mem 0x80022594
core   0: 0x80002ba0 (0xc65a8c13) addi    s8, s5, -923
core   0: 3 0x80002ba0 (0xc65a8c13) x24 0xfffff5f0
core   0: 0x80002ba4 (0x0146ca33) xor     s4, a3, s4
core   0: 3 0x80002ba4 (0x0146ca33) x20 0x8001516e
core   0: 0x80002ba8 (0xfc6e1f83) lh      t6, -58(t3)
core   0: 3 0x80002ba8 (0xfc6e1f83) x31 0xffffe8e9 mem 0x80022532
core   0: 0x80002bac (0x038e05a3) sb      s8, 43(t3)
core   0: 3 0x80002bac (0x038e05a3) mem 0x80022597 0xf0
core   0: 0x80002bb0 (0x40285913) srai    s2, a6, 2
core   0: 3 0x80002bb0 (0x40285913) x18 0x00000003
core   0: 0x80002bb4 (0x033e4983) lbu     s3, 51(t3)
core   0: 3 0x80002bb4 (0x033e4983) x19 0x00000054 mem 0x8002259f
core   0: 0x80002bb8 (0xd5363013) sltiu   zero, a2, -685
core   0: 3 0x80002bb8 (0xd5363013)
core   0: 0x80002bbc (0x6aa4ca17) auipc   s4, 0x6aa4c
core   0: 3 0x80002bbc (0x6aa4ca17) x20 0xeaa4ebbc
core   0: 0x80002bc0 (0x01ce2a03) lw      s4, 28(t3)
core   0: 3 0x80002bc0 (0x01ce2a03) x20 0x40414243 mem 0x80022588
core   0: 0x80002bc4 (0x00013897) auipc   a7, 0x13
core   0: 3 0x80002bc4 (0x00013897) x17 0x80015bc4
core   0: 0x80002bc8 (0xf8a88893) addi    a7, a7, -118
core   0: 3 0x80002bc8 (0xf8a88893) x17 0x80015b4e
core   0: 0x80002bcc (0x014bb533) sltu    a0, s7, s4
core   0: 3 0x80002bcc (0x014bb533) x10 0x00000000
core   0: 0x80002bd0 (0xfbd88f83) lb      t6, -67(a7)
core   0: 3 0x80002bd0 (0xfbd88f83) x31 0xffffffc0 mem 0x80015b0b
core   0: 0x80002bd4 (0xfad88ea3) sb      a3, -67(a7)
core   0: 3 0x80002bd4 (0xfad88ea3) mem 0x80015b0b 0x0
core   0: 0x80002bd8 (0xfa888ea3) sb      s0, -67(a7)
core   0: 3 0x80002bd8 (0xfa888ea3) mem 0x80015b0b 0x40
core   0: 0x80002bdc (0xfbc88ea3) sb      t3, -67(a7)
core   0: 3 0x80002bdc (0xfbc88ea3) mem 0x80015b0b 0x6c
core   0: 0x80002be0 (0xfbd8ca03) lbu     s4, -67(a7)
core   0: 3 0x80002be0 (0xfbd8ca03) x20 0x0000006c mem 0x80015b0b
core   0: 0x80002be4 (0xfb188ea3) sb      a7, -67(a7)
core   0: 3 0x80002be4 (0xfb188ea3) mem 0x80015b0b 0x4e
core   0: 0x80002be8 (0x0b588703) lb      a4, 181(a7)
core   0: 3 0x80002be8 (0x0b588703) x14 0xffffffb8 mem 0x80015c03
core   0: 0x80002bec (0x0b58c803) lbu     a6, 181(a7)
core   0: 3 0x80002bec (0x0b58c803) x16 0x000000b8 mem 0x80015c03
core   0: 0x80002bf0 (0xc7bc7a13) andi    s4, s8, -901
core   0: 3 0x80002bf0 (0xc7bc7a13) x20 0xfffff470
core   0: 0x80002bf4 (0x00a8ce03) lbu     t3, 10(a7)
core   0: 3 0x80002bf4 (0x00a8ce03) x28 0x00000013 mem 0x80015b58
core   0: 0x80002bf8 (0x0fc76793) ori     a5, a4, 252
core   0: 3 0x80002bf8 (0x0fc76793) x15 0xfffffffc
core   0: 0x80002bfc (0x00a8a803) lw      a6, 10(a7)
core   0: 3 0x80002bfc (0x00a8a803) x16 0x10111213 mem 0x80015b58
core   0: 0x80002c00 (0x00588523) sb      t0, 10(a7)
core   0: 3 0x80002c00 (0x00588523) mem 0x80015b58 0x37
core   0: 0x80002c04 (0x00a89d03) lh      s10, 10(a7)
core   0: 3 0x80002c04 (0x00a89d03) x26 0x00001237 mem 0x80015b58
core   0: 0x80002c08 (0x00f8a523) sw      a5, 10(a7)
core   0: 3 0x80002c08 (0x00f8a523) mem 0x80015b58 0xfffffffc
core   0: 0x80002c0c (0x00188523) sb      ra, 10(a7)
core   0: 3 0x80002c0c (0x00188523) mem 0x80015b58 0x91
core   0: 0x80002c10 (0x00a8d683) lhu     a3, 10(a7)
core   0: 3 0x80002c10 (0x00a8d683) x13 0x0000ff91 mem 0x80015b58
core   0: 0x80002c14 (0x08c88fa3) sb      a2, 159(a7)
core   0: 3 0x80002c14 (0x08c88fa3) mem 0x80015bed 0x30
core   0: 0x80002c18 (0xa462f393) andi    t2, t0, -1466
core   0: 3 0x80002c18 (0xa462f393) x 7 0xfffffa06
core   0: 0x80002c1c (0x017cda13) srli    s4, s9, 23
core   0: 3 0x80002c1c (0x017cda13) x20 0x00000000
core   0: 0x80002c20 (0x09f8c003) lbu     zero, 159(a7)
core   0: 3 0x80002c20 (0x09f8c003) mem 0x80015bed
core   0: 0x80002c24 (0x09288fa3) sb      s2, 159(a7)
core   0: 3 0x80002c24 (0x09288fa3) mem 0x80015bed 0x3
core   0: 0x80002c28 (0x09f8c183) lbu     gp, 159(a7)
core   0: 3 0x80002c28 (0x09f8c183) x 3 0x00000003 mem 0x80015bed
core   0: 0x80002c2c (0x08f88fa3) sb      a5, 159(a7)
core   0: 3 0x80002c2c (0x08f88fa3) mem 0x80015bed 0xfc
core   0: 0x80002c30 (0x00013097) auipc   ra, 0x13
core   0: 3 0x80002c30 (0x00013097) x 1 0x80015c30
core   0: 0x80002c34 (0xa4008093) addi    ra, ra, -1472
core   0: 3 0x80002c34 (0xa4008093) x 1 0x80015670
core   0: 0x80002c38 (0x01e083a3) sb      t5, 7(ra)
core   0: 3 0x80002c38 (0x01e083a3) mem 0x80015677 0x28
core   0: 0x80002c3c (0x00b09123) sh      a1, 2(ra)
core   0: 3 0x80002c3c (0x00b09123) mem 0x80015672 0x0000
core   0: 0x80002c40 (0x00408123) sb      tp, 2(ra)
core   0: 3 0x80002c40 (0x00408123) mem 0x80015672 0x5f
core   0: 0x80002c44 (0xff409803) lh      a6, -12(ra)
core   0: 3 0x80002c44 (0xff409803) x16 0x00001e1f mem 0x80015664
core   0: 0x80002c48 (0xff40a683) lw      a3, -12(ra)
core   0: 3 0x80002c48 (0xff40a683) x13 0x1c1d1e1f mem 0x80015664
core   0: 0x80002c4c (0xfe809a23) sh      s0, -12(ra)
core   0: 3 0x80002c4c (0xfe809a23) mem 0x80015664 0x5140
core   0: 0x80002c50 (0xff40c803) lbu     a6, -12(ra)
core   0: 3 0x80002c50 (0xff40c803) x16 0x00000040 mem 0x80015664
core   0: 0x80002c54 (0xff408403) lb      s0, -12(ra)
core   0: 3 0x80002c54 (0xff408403) x 8 0x00000040 mem 0x80015664
core   0: 0x80002c58 (0xffc0aa23) sw      t3, -12(ra)
core   0: 3 0x80002c58 (0xffc0aa23) mem 0x80015664 0x00000013
core   0: 0x80002c5c (0xfe808ba3) sb      s0, -9(ra)
core   0: 3 0x80002c5c (0xfe808ba3) mem 0x80015667 0x40
core   0: 0x80002c60 (0x01008a03) lb      s4, 16(ra)
core   0: 3 0x80002c60 (0x01008a03) x20 0x0000003b mem 0x80015680
core   0: 0x80002c64 (0x01c08823) sb      t3, 16(ra)
core   0: 3 0x80002c64 (0x01c08823) mem 0x80015680 0x13
core   0: 0x80002c68 (0xfe908fa3) sb      s1, -1(ra)
core   0: 3 0x80002c68 (0xfe908fa3) mem 0x8001566f 0xf1
core   0: 0x80002c6c (0x00657733) and     a4, a0, t1
core   0: 3 0x80002c6c (0x00657733) x14 0x00000000
core   0: 0x80002c70 (0x44807b13) andi    s6, zero, 1096
core   0: 3 0x80002c70 (0x44807b13) x22 0x00000000
core   0: 0x80002c74 (0xfff08983) lb      s3, -1(ra)
core   0: 3 0x80002c74 (0xfff08983) x19 0xfffffff1 mem 0x8001566f
core   0: 0x80002c78 (0x00023f97) auipc   t6, 0x23
core   0: 3 0x80002c78 (0x00023f97) x31 0x80025c78
core   0: 0x80002c7c (0x2b3f8f93) addi    t6, t6, 691
core   0: 3 0x80002c7c (0x2b3f8f93) x31 0x80025f2b
core   0: 0x80002c80 (0x001fdc03) lhu     s8, 1(t6)
core   0: 3 0x80002c80 (0x001fdc03) x24 0x0000e6e7 mem 0x80025f2c
core   0: 0x80002c84 (0x41ce5533) sra     a0, t3, t3
core   0: 3 0x80002c84 (0x41ce5533) x10 0x00000000
core   0: 0x80002c88 (0xfe2f8923) sb      sp, -14(t6)
core   0: 3 0x80002c88 (0xfe2f8923) mem 0x80025f1d 0xe4
core   0: 0x80002c8c (0x004f8783) lb      a5, 4(t6)
core   0: 3 0x80002c8c (0x004f8783) x15 0xffffffe4 mem 0x80025f2f
core   0: 0x80002c90 (0x000f8223) sb      zero, 4(t6)
core   0: 3 0x80002c90 (0x000f8223) mem 0x80025f2f 0x0
core   0: 0x80002c94 (0xff9fa503) lw      a0, -7(t6)
core   0: 3 0x80002c94 (0xff9fa503) x10 0xdcdddedf mem 0x80025f24
core   0: 0x80002c98 (0xff5fd683) lhu     a3, -11(t6)
core   0: 3 0x80002c98 (0xff5fd683) x13 0x0000dadb mem 0x80025f20
core   0: 0x80002c9c (0x6777d997) auipc   s3, 0x6777d
core   0: 3 0x80002c9c (0x6777d997) x19 0xe777fc9c
core   0: 0x80002ca0 (0x000f8083) lb      ra, 0(t6)
core   0: 3 0x80002ca0 (0x000f8083) x 1 0xffffffe0 mem 0x80025f2b
core   0: 0x80002ca4 (0x00ff8383) lb      t2, 15(t6)
core   0: 3 0x80002ca4 (0x00ff8383) x 7 0xfffffff1 mem 0x80025f3a
core   0: 0x80002ca8 (0xffff89a3) sb      t6, -13(t6)
core   0: 3 0x80002ca8 (0xffff89a3) mem 0x80025f1e 0x2b
core   0: 0x80002cac (0x001fc783) lbu     a5, 1(t6)
core   0: 3 0x80002cac (0x001fc783) x15 0x000000e7 mem 0x80025f2c
core   0: 0x80002cb0 (0x00012b17) auipc   s6, 0x12
core   0: 3 0x80002cb0 (0x00012b17) x22 0x80014cb0
core   0: 0x80002cb4 (0x46bb0b13) addi    s6, s6, 1131
core   0: 3 0x80002cb4 (0x46bb0b13) x22 0x8001511b
core   0: 0x80002cb8 (0x0cfb4f83) lbu     t6, 207(s6)
core   0: 3 0x80002cb8 (0x0cfb4f83) x31 0x00000000 mem 0x800151ea
core   0: 0x80002cbc (0x41db0d83) lb      s11, 1053(s6)
core   0: 3 0x80002cbc (0x41db0d83) x27 0xfffffff3 mem 0x80015538
core   0: 0x80002cc0 (0x0074d333) srl     t1, s1, t2
core   0: 3 0x80002cc0 (0x0074d333) x 6 0x00007fff
core   0: 0x80002cc4 (0x0059bcb3) sltu    s9, s3, t0
core   0: 3 0x80002cc4 (0x0059bcb3) x25 0x00000001
core   0: 0x80002cc8 (0x01d11713) slli    a4, sp, 29
core   0: 3 0x80002cc8 (0x01d11713) x14 0x80000000
core   0: 0x80002ccc (0xfdfb04a3) sb      t6, -55(s6)
core   0: 3 0x80002ccc (0xfdfb04a3) mem 0x800150e4 0x0
core   0: 0x80002cd0 (0x06d7e093) ori     ra, a5, 109
core   0: 3 0x80002cd0 (0x06d7e093) x 1 0x000000ef
core   0: 0x80002cd4 (0xff8b0023) sb      s8, -32(s6)
core   0: 3 0x80002cd4 (0xff8b0023) mem 0x800150fb 0xe7
core   0: 0x80002cd8 (0x6476bc13) sltiu   s8, a3, 1607
core   0: 3 0x80002cd8 (0x6476bc13) x24 0x00000000
core   0: 0x80002cdc (0x4d573693) sltiu   a3, a4, 1237
core   0: 3 0x80002cdc (0x4d573693) x13 0x00000000
core   0: 0x80002ce0 (0x03bb0a03) lb      s4, 59(s6)
core   0: 3 0x80002ce0 (0x03bb0a03) x20 0xffffffe0 mem 0x80015156
core   0: 0x80002ce4 (0x7eab0903) lb      s2, 2026(s6)
core   0: 3 0x80002ce4 (0x7eab0903) x18 0xffffffbe mem 0x80015905
core   0: 0x80002ce8 (0x1c0b0383) lb      t2, 448(s6)
core   0: 3 0x80002ce8 (0x1c0b0383) x 7 0xffffff90 mem 0x800152db
core   0: 0x80002cec (0x1678da37) lui     s4, 0x1678d
core   0: 3 0x80002cec (0x1678da37) x20 0x1678d000
core   0: 0x80002cf0 (0x3c3b4203) lbu     tp, 963(s6)
core   0: 3 0x80002cf0 (0x3c3b4203) x 4 0x00000095 mem 0x800154de
core   0: 0x80002cf4 (0xf61b1483) lh      s1, -159(s6)
core   0: 3 0x80002cf4 (0xf61b1483) x 9 0x00003637 mem 0x8001507c
core   0: 0x80002cf8 (0x77bb0283) lb      t0, 1915(s6)
core   0: 3 0x80002cf8 (0x77bb0283) x 5 0x0000004d mem 0x80015896
core   0: 0x80002cfc (0x09eb4303) lbu     t1, 158(s6)
core   0: 3 0x80002cfc (0x09eb4303) x 6 0x00000072 mem 0x800151b9
core   0: 0x80002d00 (0x1f4b0c23) sb      s4, 504(s6)
core   0: 3 0x80002d00 (0x1f4b0c23) mem 0x80015313 0x0
core   0: 0x80002d04 (0x435b1c83) lh      s9, 1077(s6)
core   0: 3 0x80002d04 (0x435b1c83) x25 0x00000a0b mem 0x80015550
core   0: 0x80002d08 (0x4e2b0e83) lb      t4, 1250(s6)
core   0: 3 0x80002d08 (0x4e2b0e83) x29 0xffffffb6 mem 0x800155fd
core   0: 0x80002d0c (0x1f4b0903) lb      s2, 500(s6)
core   0: 3 0x80002d0c (0x1f4b0903) x18 0xffffffc4 mem 0x8001530f
core   0: 0x80002d10 (0x225b1183) lh      gp, 549(s6)
core   0: 3 0x80002d10 (0x225b1183) x 3 0xfffffafb mem 0x80015340
core   0: 0x80002d14 (0x658b0303) lb      t1, 1624(s6)
core   0: 3 0x80002d14 (0x658b0303) x 6 0x00000028 mem 0x80015773
core   0: 0x80002d18 (0x4d216013) ori     zero, sp, 1234
core   0: 3 0x80002d18 (0x4d216013)
core   0: 0x80002d1c (0x00354933) xor     s2, a0, gp
core   0: 3 0x80002d1c (0x00354933) x18 0x23222424
core   0: 0x80002d20 (0x41575893) srai    a7, a4, 21
core   0: 3 0x80002d20 (0x41575893) x17 0xfffffc00
core   0: 0x80002d24 (0xb4ffcc37) lui     s8, 0xb4ffc
core   0: 3 0x80002d24 (0xb4ffcc37) x24 0xb4ffc000
core   0: 0x80002d28 (0x434d9037) lui     zero, 0x434d9
core   0: 3 0x80002d28 (0x434d9037)
core   0: 0x80002d2c (0x337b1683) lh      a3, 823(s6)
core   0: 3 0x80002d2c (0x337b1683) x13 0x00000809 mem 0x80015452
core   0: 0x80002d30 (0x739b09a3) sb      s9, 1843(s6)
core   0: 3 0x80002d30 (0x739b09a3) mem 0x8001584e 0xb
core   0: 0x80002d34 (0x0196e833) or      a6, a3, s9
core   0: 3 0x80002d34 (0x0196e833) x16 0x00000a0b
core   0: 0x80002d38 (0x720b0a83) lb      s5, 1824(s6)
core   0: 3 0x80002d38 (0x720b0a83) x21 0xfffffff0 mem 0x8001583b
core   0: 0x80002d3c (0x01142db3) slt     s11, s0, a7
core   0: 3 0x80002d3c (0x01142db3) x27 0x00000000
core   0: 0x80002d40 (0x01eed7b3) srl     a5, t4, t5
core   0: 3 0x80002d40 (0x01eed7b3) x15 0x00ffffff
core   0: 0x80002d44 (0x6cbb5183) lhu     gp, 1739(s6)
core   0: 3 0x80002d44 (0x6cbb5183) x 3 0x00009c9d mem 0x800157e6
core   0: 0x80002d48 (0x4186d933) sra     s2, a3, s8
core   0: 3 0x80002d48 (0x4186d933) x18 0x00000809
core   0: 0x80002d4c (0x184b0483) lb      s1, 388(s6)
core   0: 3 0x80002d4c (0x184b0483) x 9 0x00000054 mem 0x8001529f
core   0: 0x80002d50 (0x23db17a3) sh      t4, 559(s6)
core   0: 3 0x80002d50 (0x23db17a3) mem 0x8001534a 0xffb6
core   0: 0x80002d54 (0x41115a93) srai    s5, sp, 17
core   0: 3 0x80002d54 (0x41115a93) x21 0xffffc001
core   0: 0x80002d58 (0x377b4183) lbu     gp, 887(s6)
core   0: 3 0x80002d58 (0x377b4183) x 3 0x00000049 mem 0x80015492
core   0: 0x80002d5c (0x41510033) sub     zero, sp, s5
core   0: 3 0x80002d5c (0x41510033)
core   0: 0x80002d60 (0x7ddb0223) sb      t4, 1988(s6)
core   0: 3 0x80002d60 (0x7ddb0223) mem 0x800158df 0xb6
core   0: 0x80002d64 (0x2b6b0023) sb      s6, 672(s6)
core   0: 3 0x80002d64 (0x2b6b0023) mem 0x800153bb 0x1b
core   0: 0x80002d68 (0x00013517) auipc   a0, 0x13
core   0: 3 0x80002d68 (0x00013517) x10 0x80015d68
core   0: 0x80002d6c (0x8ae50513) addi    a0, a0, -1874
core   0: 3 0x80002d6c (0x8ae50513) x10 0x80015616
core   0: 0x80002d70 (0x6be38993) addi    s3, t2, 1726
core   0: 3 0x80002d70 (0x6be38993) x19 0x0000064e
core   0: 0x80002d74 (0x0000100f) fence.i
core   0: 3 0x80002d74 (0x0000100f)
core   0: 0x80002d78 (0x00f50803) lb      a6, 15(a0)
core   0: 3 0x80002d78 (0x00f50803) x16 0xffffffde mem 0x80015625
core   0: 0x80002d7c (0x00655483) lhu     s1, 6(a0)
core   0: 3 0x80002d7c (0x00655483) x 9 0x0000d6d7 mem 0x8001561c
core   0: 0x80002d80 (0x00e52723) sw      a4, 14(a0)
core   0: 3 0x80002d80 (0x00e52723) mem 0x80015624 0x80000000
core   0: 0x80002d84 (0x0ff0000f) fence   iorw,iorw
core   0: 3 0x80002d84 (0x0ff0000f)
core   0: 0x80002d88 (0xffc50aa3) sb      t3, -11(a0)
core   0: 3 0x80002d88 (0xffc50aa3) mem 0x8001560b 0x13
core   0: 0x80002d8c (0x1d007713) andi    a4, zero, 464
core   0: 3 0x80002d8c (0x1d007713) x14 0x00000000
core   0: 0x80002d90 (0xff450683) lb      a3, -12(a0)
core   0: 3 0x80002d90 (0xff450683) x13 0xffffffc1 mem 0x8001560a
core   0: 0x80002d94 (0xffd54183) lbu     gp, -3(a0)
core   0: 3 0x80002d94 (0xffd54183) x 3 0x000000c8 mem 0x80015613
core   0: 0x80002d98 (0xff652f23) sw      s6, -2(a0)
core   0: 3 0x80002d98 (0xff652f23) mem 0x80015614 0x8001511b
core   0: 0x80002d9c (0x00000013) nop
core   0: 3 0x80002d9c (0x00000013)
core   0: 0x80002da0 (0x00d50483) lb      s1, 13(a0)
core   0: 3 0x80002da0 (0x00d50483) x 9 0xffffffd8 mem 0x80015623
core   0: 0x80002da4 (0x00d39733) sll     a4, t2, a3
core   0: 3 0x80002da4 (0x00d39733) x14 0xffffff20
core   0: 0x80002da8 (0x002a7e33) and     t3, s4, sp
core   0: 3 0x80002da8 (0x002a7e33) x28 0x0000c000
core   0: 0x80002dac (0x00365313) srli    t1, a2, 3
core   0: 3 0x80002dac (0x00365313) x 6 0x100055c6
core   0: 0x80002db0 (0xfe850ca3) sb      s0, -7(a0)
core   0: 3 0x80002db0 (0xfe850ca3) mem 0x8001560f 0x40
core   0: 0x80002db4 (0x014c42b3) xor     t0, s8, s4
core   0: 3 0x80002db4 (0x014c42b3) x 5 0xa2871000
core   0: 0x80002db8 (0x00000013) nop
core   0: 3 0x80002db8 (0x00000013)
core   0: 0x80002dbc (0xff454703) lbu     a4, -12(a0)
core   0: 3 0x80002dbc (0xff454703) x14 0x000000c1 mem 0x8001560a
core   0: 0x80002dc0 (0x015503a3) sb      s5, 7(a0)
core   0: 3 0x80002dc0 (0x015503a3) mem 0x8001561d 0x1
core   0: 0x80002dc4 (0x002500a3) sb      sp, 1(a0)
core   0: 3 0x80002dc4 (0x002500a3) mem 0x80015617 0xe4
core   0: 0x80002dc8 (0x017505a3) sb      s7, 11(a0)
core   0: 3 0x80002dc8 (0x017505a3) mem 0x80015621 0x53
core   0: 0x80002dcc (0x00771033) sll     zero, a4, t2
core   0: 3 0x80002dcc (0x00771033)
core   0: 0x80002dd0 (0x00455783) lhu     a5, 4(a0)
core   0: 3 0x80002dd0 (0x00455783) x15 0x0000d0d1 mem 0x8001561a
core   0: 0x80002dd4 (0xff554d83) lbu     s11, -11(a0)
core   0: 3 0x80002dd4 (0xff554d83) x27 0x00000013 mem 0x8001560b
core   0: 0x80002dd8 (0x00b54083) lbu     ra, 11(a0)
core   0: 3 0x80002dd8 (0x00b54083) x 1 0x00000053 mem 0x80015621
core   0: 0x80002ddc (0x01951223) sh      s9, 4(a0)
core   0: 3 0x80002ddc (0x01951223) mem 0x8001561a 0x0a0b
core   0: 0x80002de0 (0xff954983) lbu     s3, -7(a0)
core   0: 3 0x80002de0 (0xff954983) x19 0x00000040 mem 0x8001560f
core   0: 0x80002de4 (0x00154283) lbu     t0, 1(a0)
core   0: 3 0x80002de4 (0x00154283) x 5 0x000000e4 mem 0x80015617
core   0: 0x80002de8 (0x00013497) auipc   s1, 0x13
core   0: 3 0x80002de8 (0x00013497) x 9 0x80015de8
core   0: 0x80002dec (0xb5048493) addi    s1, s1, -1200
core   0: 3 0x80002dec (0xb5048493) x 9 0x80015938
core   0: 0x80002df0 (0x08c48523) sb      a2, 138(s1)
core   0: 3 0x80002df0 (0x08c48523) mem 0x800159c2 0x30
core   0: 0x80002df4 (0x05c4d683) lhu     a3, 92(s1)
core   0: 3 0x80002df4 (0x05c4d683) x13 0x00004e4f mem 0x80015994
core   0: 0x80002df8 (0x007adf93) srli    t6, s5, 7
core   0: 3 0x80002df8 (0x007adf93) x31 0x01ffff80
core   0: 0x80002dfc (0xffc49283) lh      t0, -4(s1)
core   0: 3 0x80002dfc (0xffc49283) x 5 0xffffeeef mem 0x80015934
core   0: 0x80002e00 (0x007d47b3) xor     a5, s10, t2
core   0: 3 0x80002e00 (0x007d47b3) x15 0xffffeda7
core   0: 0x80002e04 (0x0244df83) lhu     t6, 36(s1)
core   0: 3 0x80002e04 (0x0244df83) x31 0x00001617 mem 0x8001595c
core   0: 0x80002e08 (0x0156c733) xor     a4, a3, s5
core   0: 3 0x80002e08 (0x0156c733) x14 0xffff8e4e
core   0: 0x80002e0c (0x01ea4533) xor     a0, s4, t5
core   0: 3 0x80002e0c (0x01ea4533) x10 0x1678d028
core   0: 0x80002e10 (0x00219b33) sll     s6, gp, sp
core   0: 3 0x80002e10 (0x00219b33) x22 0x00000c80
core   0: 0x80002e14 (0x06648903) lb      s2, 102(s1)
core   0: 3 0x80002e14 (0x06648903) x18 0x00000000 mem 0x8001599e
core   0: 0x80002e18 (0x01a3d913) srli    s2, t2, 26
core   0: 3 0x80002e18 (0x01a3d913) x18 0x0000003f
core   0: 0x80002e1c (0xeb316093) ori     ra, sp, -333
core   0: 3 0x80002e1c (0xeb316093) x 1 0xfffffef7
core   0: 0x80002e20 (0xf364d783) lhu     a5, -202(s1)
core   0: 3 0x80002e20 (0xf364d783) x15 0x00002425 mem 0x8001586e
core   0: 0x80002e24 (0x005d4eb3) xor     t4, s10, t0
core   0: 3 0x80002e24 (0x005d4eb3) x29 0xfffffcd8
core   0: 0x80002e28 (0xfe948e03) lb      t3, -23(s1)
core   0: 3 0x80002e28 (0xfe948e03) x28 0xffffffda mem 0x80015921
core   0: 0x80002e2c (0xa9082713) slti    a4, a6, -1392
core   0: 3 0x80002e2c (0xa9082713) x14 0x00000000
core   0: 0x80002e30 (0x06049d23) sh      zero, 122(s1)
core   0: 3 0x80002e30 (0x06049d23) mem 0x800159b2 0x0000
core   0: 0x80002e34 (0xb83c8893) addi    a7, s9, -1149
core   0: 3 0x80002e34 (0xb83c8893) x17 0x0000058e
core   0: 0x80002e38 (0xff048d23) sb      a6, -6(s1)
core   0: 3 0x80002e38 (0xff048d23) mem 0x80015932 0xde
core   0: 0x80002e3c (0x08e4ac23) sw      a4, 152(s1)
core   0: 3 0x80002e3c (0x08e4ac23) mem 0x800159d0 0x00000000
core   0: 0x80002e40 (0x00ae1233) sll     tp, t3, a0
core   0: 3 0x80002e40 (0x00ae1233) x 4 0xffffda00
core   0: 0x80002e44 (0xff648c03) lb      s8, -10(s1)
core   0: 3 0x80002e44 (0xff648c03) x24 0xffffffe5 mem 0x8001592e
core   0: 0x80002e48 (0x01b15393) srli    t2, sp, 27
core   0: 3 0x80002e48 (0x01b15393) x 7 0x00000010
core   0: 0x80002e4c (0x013be433) or      s0, s7, s3
core   0: 3 0x80002e4c (0x013be433) x 8 0x80014d53
core   0: 0x80002e50 (0x30871d97) auipc   s11, 0x30871
core   0: 3 0x80002e50 (0x30871d97) x27 0xb0873e50
core   0: 0x80002e54 (0x008990b3) sll     ra, s3, s0
core   0: 3 0x80002e54 (0x008990b3) x 1 0x02000000
core   0: 0x80002e58 (0x056489a3) sb      s6, 83(s1)
core   0: 3 0x80002e58 (0x056489a3) mem 0x8001598b 0x80
core   0: 0x80002e5c (0x00e288b3) add     a7, t0, a4
core   0: 3 0x80002e5c (0x00e288b3) x17 0xffffeeef
core   0: 0x80002e60 (0x01765433) srl     s0, a2, s7
core   0: 3 0x80002e60 (0x01765433) x 8 0x00001000
core   0: 0x80002e64 (0x93c6f193) andi    gp, a3, -1732
core   0: 3 0x80002e64 (0x93c6f193) x 3 0x0000480c
core   0: 0x80002e68 (0x03449d03) lh      s10, 52(s1)
core   0: 3 0x80002e68 (0x03449d03) x26 0x00002627 mem 0x8001596c
core   0: 0x80002e6c (0x06e48183) lb      gp, 110(s1)
core   0: 3 0x80002e6c (0x06e48183) x 3 0x0000005d mem 0x800159a6
core   0: 0x80002e70 (0x02661037) lui     zero, 0x2661
core   0: 3 0x80002e70 (0x02661037)
core   0: 0x80002e74 (0x09048f23) sb      a6, 158(s1)
core   0: 3 0x80002e74 (0x09048f23) mem 0x800159d6 0xde
core   0: 0x80002e78 (0x05848ea3) sb      s8, 93(s1)
core   0: 3 0x80002e78 (0x05848ea3) mem 0x80015995 0xe5
core   0: 0x80002e7c (0x02248903) lb      s2, 34(s1)
core   0: 3 0x80002e7c (0x02248903) x18 0x00000011 mem 0x8001595a
core   0: 0x80002e80 (0xf3aaf393) andi    t2, s5, -198
core   0: 3 0x80002e80 (0xf3aaf393) x 7 0xffffc000
core   0: 0x80002e84 (0x0ff0000f) fence   iorw,iorw
core   0: 3 0x80002e84 (0x0ff0000f)
core   0: 0x80002e88 (0x0ae48ea3) sb      a4, 189(s1)
core   0: 3 0x80002e88 (0x0ae48ea3) mem 0x800159f5 0x0
core   0: 0x80002e8c (0x01bad213) srli    tp, s5, 27
core   0: 3 0x80002e8c (0x01bad213) x 4 0x0000001f
core   0: 0x80002e90 (0x07b48923) sb      s11, 114(s1)
core   0: 3 0x80002e90 (0x07b48923) mem 0x800159aa 0x50
core   0: 0x80002e94 (0x02649d03) lh      s10, 38(s1)
core   0: 3 0x80002e94 (0x02649d03) x26 0x00001415 mem 0x8001595e
core   0: 0x80002e98 (0x0de49b83) lh      s7, 222(s1)
core   0: 3 0x80002e98 (0x0de49b83) x23 0xffffcccd mem 0x80015a16
core   0: 0x80002e9c (0x00013c17) auipc   s8, 0x13
core   0: 3 0x80002e9c (0x00013c17) x24 0x80015e9c
core   0: 0x80002ea0 (0x7c1c0c13) addi    s8, s8, 1985
core   0: 3 0x80002ea0 (0x7c1c0c13) x24 0x8001665d
core   0: 0x80002ea4 (0x021c0e83) lb      t4, 33(s8)
core   0: 3 0x80002ea4 (0x021c0e83) x29 0x00000035 mem 0x8001667e
core   0: 0x80002ea8 (0xfbfc0083) lb      ra, -65(s8)
core   0: 3 0x80002ea8 (0xfbfc0083) x 1 0xffffffd7 mem 0x8001661c
core   0: 0x80002eac (0xfbfc5b03) lhu     s6, -65(s8)
core   0: 3 0x80002eac (0xfbfc5b03) x22 0x0000d6d7 mem 0x8001661c
core   0: 0x80002eb0 (0xfaac1fa3) sh      a0, -65(s8)
core   0: 3 0x80002eb0 (0xfaac1fa3) mem 0x8001661c 0xd028
core   0: 0x80002eb4 (0xfbfc5503) lhu     a0, -65(s8)
core   0: 3 0x80002eb4 (0xfbfc5503) x10 0x0000d028 mem 0x8001661c
core   0: 0x80002eb8 (0xb81c0303) lb      t1, -1151(s8)
core   0: 3 0x80002eb8 (0xb81c0303) x 6 0xffffff95 mem 0x800161de
core   0: 0x80002ebc (0xb81c4f83) lbu     t6, -1151(s8)
core   0: 3 0x80002ebc (0xb81c4f83) x31 0x00000095 mem 0x800161de
core   0: 0x80002ec0 (0xb93c00a3) sb      s3, -1151(s8)
core   0: 3 0x80002ec0 (0xb93c00a3) mem 0x800161de 0x40
core   0: 0x80002ec4 (0xb3ac0703) lb      a4, -1222(s8)
core   0: 3 0x80002ec4 (0xb3ac0703) x14 0x0000004c mem 0x80016197
core   0: 0x80002ec8 (0x1a6c4a83) lbu     s5, 422(s8)
core   0: 3 0x80002ec8 (0x1a6c4a83) x21 0x000000b8 mem 0x80016803
core   0: 0x80002ecc (0x9fec29a3) sw      t5, -1549(s8)
core   0: 3 0x80002ecc (0x9fec29a3) mem 0x80016050 0x00000028
core   0: 0x80002ed0 (0x61fc0903) lb      s2, 1567(s8)
core   0: 3 0x80002ed0 (0x61fc0903) x18 0x00000037 mem 0x80016c7c
core   0: 0x80002ed4 (0x61fc2e83) lw      t4, 1567(s8)
core   0: 3 0x80002ed4 (0x61fc2e83) x29 0x34353637 mem 0x80016c7c
core   0: 0x80002ed8 (0x605c0fa3) sb      t0, 1567(s8)
core   0: 3 0x80002ed8 (0x605c0fa3) mem 0x80016c7c 0xef
core   0: 0x80002edc (0xa65c0f23) sb      t0, -1410(s8)
core   0: 3 0x80002edc (0xa65c0f23) mem 0x800160db 0xef
core   0: 0x80002ee0 (0xff1c1983) lh      s3, -15(s8)
core   0: 3 0x80002ee0 (0xff1c1983) x19 0x00000405 mem 0x8001664e
core   0: 0x80002ee4 (0x404a86b3) sub     a3, s5, tp
core   0: 3 0x80002ee4 (0x404a86b3) x13 0x00000099
core   0: 0x80002ee8 (0x09cc0723) sb      t3, 142(s8)
core   0: 3 0x80002ee8 (0x09cc0723) mem 0x800166eb 0xda
core   0: 0x80002eec (0xba4c0a03) lb      s4, -1116(s8)
core   0: 3 0x80002eec (0xba4c0a03) x20 0xffffffba mem 0x80016201
core   0: 0x80002ef0 (0xee5c4f03) lbu     t5, -283(s8)
core   0: 3 0x80002ef0 (0xee5c4f03) x30 0x000000f9 mem 0x80016542
core   0: 0x80002ef4 (0x60cc0283) lb      t0, 1548(s8)
core   0: 3 0x80002ef4 (0x60cc0283) x 5 0x00000022 mem 0x80016c69
core   0: 0x80002ef8 (0x00023f97) auipc   t6, 0x23
core   0: 3 0x80002ef8 (0x00023f97) x31 0x80025ef8
core   0: 0x80002efc (0x0b5f8f93) addi    t6, t6, 181
core   0: 3 0x80002efc (0x0b5f8f93) x31 0x80025fad
core   0: 0x80002f00 (0xf7efce83) lbu     t4, -130(t6)
core   0: 3 0x80002f00 (0xf7efce83) x29 0x000000e0 mem 0x80025f2b
core   0: 0x80002f04 (0x268d6213) ori     tp, s10, 616
core   0: 3 0x80002f04 (0x268d6213) x 4 0x0000167d
core   0: 0x80002f08 (0xf4dfc203) lbu     tp, -179(t6)
core   0: 3 0x80002f08 (0xf4dfc203) x 4 0x000000b1 mem 0x80025efa
core   0: 0x80002f0c (0x01846533) or      a0, s0, s8
core   0: 3 0x80002f0c (0x01846533) x10 0x8001765d
core   0: 0x80002f10 (0x2c2c0393) addi    t2, s8, 706
core   0: 3 0x80002f10 (0x2c2c0393) x 7 0x8001691f
core   0: 0x80002f14 (0x012d41b3) xor     gp, s10, s2
core   0: 3 0x80002f14 (0x012d41b3) x 3 0x00001422
core   0: 0x80002f18 (0xff6f8823) sb      s6, -16(t6)
core   0: 3 0x80002f18 (0xff6f8823) mem 0x80025f9d 0xd7
core   0: 0x80002f1c (0x005e0233) add     tp, t3, t0
core   0: 3 0x80002f1c (0x005e0233) x 4 0xfffffffc
core   0: 0x80002f20 (0x01011493) slli    s1, sp, 16
core   0: 3 0x80002f20 (0x01011493) x 9 0xece40000
core   0: 0x80002f24 (0x002f8f23) sb      sp, 30(t6)
core   0: 3 0x80002f24 (0x002f8f23) mem 0x80025fcb 0xe4
core   0: 0x80002f28 (0x258a4213) xori    tp, s4, 600
core   0: 3 0x80002f28 (0x258a4213) x 4 0xfffffde2
core   0: 0x80002f2c (0x012fdf13) srli    t5, t6, 18
core   0: 3 0x80002f2c (0x012fdf13) x30 0x00002000
core   0: 0x80002f30 (0x00000013) nop
core   0: 3 0x80002f30 (0x00000013)
core   0: 0x80002f34 (0x527ba693) slti    a3, s7, 1319
core   0: 3 0x80002f34 (0x527ba693) x13 0x00000001
core   0: 0x80002f38 (0x215214b7) lui     s1, 0x21521
core   0: 3 0x80002f38 (0x215214b7) x 9 0x21521000
core   0: 0x80002f3c (0x406ed8b3) sra     a7, t4, t1
core   0: 3 0x80002f3c (0x406ed8b3) x17 0x00000000
core   0: 0x80002f40 (0xaf787b93) andi    s7, a6, -1289
core   0: 3 0x80002f40 (0xaf787b93) x23 0xfffffad6
core   0: 0x80002f44 (0x64387213) andi    tp, a6, 1603
core   0: 3 0x80002f44 (0x64387213) x 4 0x00000642
core   0: 0x80002f48 (0xa7b78a17) auipc   s4, 0xa7b78
core   0: 3 0x80002f48 (0xa7b78a17) x20 0x27b7af48
core   0: 0x80002f4c (0x00871f13) slli    t5, a4, 8
core   0: 3 0x80002f4c (0x00871f13) x30 0x00004c00
core   0: 0x80002f50 (0x38183213) sltiu   tp, a6, 897
core   0: 3 0x80002f50 (0x38183213) x 4 0x00000000
core   0: 0x80002f54 (0x0191b233) sltu    tp, gp, s9
core   0: 3 0x80002f54 (0x0191b233) x 4 0x00000000
core   0: 0x80002f58 (0xf50f8323) sb      a6, -186(t6)
core   0: 3 0x80002f58 (0xf50f8323) mem 0x80025ef3 0xde
core   0: 0x80002f5c (0x018f8423) sb      s8, 8(t6)
core   0: 3 0x80002f5c (0x018f8423) mem 0x80025fb5 0x5d
core   0: 0x80002f60 (0x40ad5533) sra     a0, s10, a0
core   0: 3 0x80002f60 (0x40ad5533) x10 0x00000000
core   0: 0x80002f64 (0x01769c33) sll     s8, a3, s7
core   0: 3 0x80002f64 (0x01769c33) x24 0x00400000
core   0: 0x80002f68 (0x00ca5b33) srl     s6, s4, a2
core   0: 3 0x80002f68 (0x00ca5b33) x22 0x000027b7
core   0: 0x80002f6c (0x00000013) nop
core   0: 3 0x80002f6c (0x00000013)
core   0: 0x80002f70 (0x030f8703) lb      a4, 48(t6)
core   0: 3 0x80002f70 (0x030f8703) x14 0xffffff96 mem 0x80025fdd
core   0: 0x80002f74 (0xcd59a313) slti    t1, s3, -811
core   0: 3 0x80002f74 (0xcd59a313) x 6 0x00000000
core   0: 0x80002f78 (0x0150fc33) and     s8, ra, s5
core   0: 3 0x80002f78 (0x0150fc33) x24 0x00000090
core   0: 0x80002f7c (0x88e6fd13) andi    s10, a3, -1906
core   0: 3 0x80002f7c (0x88e6fd13) x26 0x00000000
core   0: 0x80002f80 (0xf92fcd83) lbu     s11, -110(t6)
core   0: 3 0x80002f80 (0xf92fcd83) x27 0x000000f4 mem 0x80025f3f
core   0: 0x80002f84 (0xf71f9483) lh      s1, -143(t6)
core   0: 3 0x80002f84 (0xf71f9483) x 9 0xffffd42b mem 0x80025f1e
core   0: 0x80002f88 (0x004f8e23) sb      tp, 28(t6)
core   0: 3 0x80002f88 (0x004f8e23) mem 0x80025fc9 0x0
core   0: 0x80002f8c (0xc6a9c797) auipc   a5, 0xc6a9c
core   0: 3 0x80002f8c (0xc6a9c797) x15 0x46a9ef8c
core   0: 0x80002f90 (0x01879f33) sll     t5, a5, s8
core   0: 3 0x80002f90 (0x01879f33) x30 0xef8c0000
core   0: 0x80002f94 (0x009b5913) srli    s2, s6, 9
core   0: 3 0x80002f94 (0x009b5913) x18 0x00000013
core   0: 0x80002f98 (0x01e8b0b3) sltu    ra, a7, t5
core   0: 3 0x80002f98 (0x01e8b0b3) x 1 0x00000001
core   0: 0x80002f9c (0xffdf95a3) sh      t4, -21(t6)
core   0: 3 0x80002f9c (0xffdf95a3) mem 0x80025f98 0x00e0
core   0: 0x80002fa0 (0xf69fc083) lbu     ra, -151(t6)
core   0: 3 0x80002fa0 (0xf69fc083) x 1 0x000000cd mem 0x80025f16
core   0: 0x80002fa4 (0x578cf793) andi    a5, s9, 1400
core   0: 3 0x80002fa4 (0x578cf793) x15 0x00000008
core   0: 0x80002fa8 (0xf04f8283) lb      t0, -252(t6)
core   0: 3 0x80002fa8 (0xf04f8283) x 5 0x0000006a mem 0x80025eb1
core   0: 0x80002fac (0x0001e197) auipc   gp, 0x1e
core   0: 3 0x80002fac (0x0001e197) x 3 0x80020fac
core   0: 0x80002fb0 (0x86318193) addi    gp, gp, -1949
core   0: 3 0x80002fb0 (0x86318193) x 3 0x8002080f
core   0: 0x80002fb4 (0x00013517) auipc   a0, 0x13
core   0: 3 0x80002fb4 (0x00013517) x10 0x80015fb4
core   0: 0x80002fb8 (0x9fa50513) addi    a0, a0, -1542
core   0: 3 0x80002fb8 (0x9fa50513) x10 0x800159ae
core   0: 0x80002fbc (0xffb18b23) sb      s11, -10(gp)
core   0: 3 0x80002fbc (0xffb18b23) mem 0x80020805 0xf4
core   0: 0x80002fc0 (0xffc18483) lb      s1, -4(gp)
core   0: 3 0x80002fc0 (0xffc18483) x 9 0xffffffc0 mem 0x8002080b
core   0: 0x80002fc4 (0x010502a3) sb      a6, 5(a0)
core   0: 3 0x80002fc4 (0x010502a3) mem 0x800159b3 0xde
core   0: 0x80002fc8 (0x00319483) lh      s1, 3(gp)
core   0: 3 0x80002fc8 (0x00319483) x 9 0xffffc8c9 mem 0x80020812
core   0: 0x80002fcc (0x01455303) lhu     t1, 20(a0)
core   0: 3 0x80002fcc (0x01455303) x 6 0x00007830 mem 0x800159c2
core   0: 0x80002fd0 (0xffc50723) sb      t3, -18(a0)
core   0: 3 0x80002fd0 (0xffc50723) mem 0x8001599c 0xda
core   0: 0x80002fd4 (0x0001c203) lbu     tp, 0(gp)
core   0: 3 0x80002fd4 (0x0001c203) x 4 0x000000c4 mem 0x8002080f
core   0: 0x80002fd8 (0xfcb506a3) sb      a1, -51(a0)
core   0: 3 0x80002fd8 (0xfcb506a3) mem 0x8001597b 0x0
core   0: 0x80002fdc (0xfc451e23) sh      tp, -36(a0)
core   0: 3 0x80002fdc (0xfc451e23) mem 0x8001598a 0x00c4
core   0: 0x80002fe0 (0xfd252303) lw      t1, -46(a0)
core   0: 3 0x80002fe0 (0xfd252303) x 6 0x38393a3b mem 0x80015980
core   0: 0x80002fe4 (0xff919ba3) sh      s9, -9(gp)
core   0: 3 0x80002fe4 (0xff919ba3) mem 0x80020806 0x0a0b
core   0: 0x80002fe8 (0x0041cb83) lbu     s7, 4(gp)
core   0: 3 0x80002fe8 (0x0041cb83) x23 0x000000c8 mem 0x80020813
core   0: 0x80002fec (0x00d1af83) lw      t6, 13(gp)
core   0: 3 0x80002fec (0x00d1af83) x31 0xd4d5d6d7 mem 0x8002081c
core   0: 0x80002ff0 (0xff21cd83) lbu     s11, -14(gp)
core   0: 3 0x80002ff0 (0xff21cd83) x27 0x000000ba mem 0x80020801
core   0: 0x80002ff4 (0xff518d23) sb      s5, -6(gp)
core   0: 3 0x80002ff4 (0xff518d23) mem 0x80020809 0xb8
core   0: 0x80002ff8 (0x00017797) auipc   a5, 0x17
core   0: 3 0x80002ff8 (0x00017797) x15 0x80019ff8
core   0: 0x80002ffc (0x0a378793) addi    a5, a5, 163
core   0: 3 0x80002ffc (0x0a378793) x15 0x8001a09b
core   0: 0x80003000 (0x78779b03) lh      s6, 1927(a5)
core   0: 3 0x80003000 (0x78779b03) x22 0xffffd8d9 mem 0x8001a822
core   0: 0x80003004 (0x11478003) lb      zero, 276(a5)
core   0: 3 0x80003004 (0x11478003) mem 0x8001a1af
core   0: 0x80003008 (0x13379503) lh      a0, 307(a5)
core   0: 3 0x80003008 (0x13379503) x10 0xffff8485 mem 0x8001a1ce
core   0: 0x8000300c (0x78678fa3) sb      t1, 1951(a5)
core   0: 3 0x8000300c (0x78678fa3) mem 0x8001a83a 0x3b
core   0: 0x80003010 (0xaec78403) lb      s0, -1300(a5)
core   0: 3 0x80003010 (0xaec78403) x 8 0x0000003c mem 0x80019b87
core   0: 0x80003014 (0xcee23e93) sltiu   t4, tp, -786
core   0: 3 0x80003014 (0xcee23e93) x29 0x00000001
core   0: 0x80003018 (0xc6b7cb03) lbu     s6, -917(a5)
core   0: 3 0x80003018 (0xc6b7cb03) x22 0x000000bd mem 0x80019d06
core   0: 0x8000301c (0x5b0fe817) auipc   a6, 0x5b0fe
core   0: 3 0x8000301c (0x5b0fe817) x16 0xdb10101c
core   0: 0x80003020 (0xef779403) lh      s0, -265(a5)
core   0: 3 0x80003020 (0xef779403) x 8 0x00004849 mem 0x80019f92
core   0: 0x80003024 (0xcb278823) sb      s2, -848(a5)
core   0: 3 0x80003024 (0xcb278823) mem 0x80019d4b 0x13
core   0: 0x80003028 (0x9fd32f13) slti    t5, t1, -1539
core   0: 3 0x80003028 (0x9fd32f13) x30 0x00000000
core   0: 0x8000302c (0xe8c78f03) lb      t5, -372(a5)
core   0: 3 0x8000302c (0xe8c78f03) x30 0xffffffdc mem 0x80019f27
core   0: 0x80003030 (0x08c78d03) lb      s10, 140(a5)
core   0: 3 0x80003030 (0x08c78d03) x26 0xffffffdc mem 0x8001a127
core   0: 0x80003034 (0x3eb78b23) sb      a1, 1014(a5)
core   0: 3 0x80003034 (0x3eb78b23) mem 0x8001a491 0x0
core   0: 0x80003038 (0x0a87c203) lbu     tp, 168(a5)
core   0: 3 0x80003038 (0x0a87c203) x 4 0x000000f8 mem 0x8001a143
core   0: 0x8000303c (0x92c4c897) auipc   a7, 0x92c4c
core   0: 3 0x8000303c (0x92c4c897) x17 0x12c4f03c
core   0: 0x80003040 (0x49b79e83) lh      t4, 1179(a5)
core   0: 3 0x80003040 (0x49b79e83) x29 0xffffeced mem 0x8001a536
core   0: 0x80003044 (0x01b61b13) slli    s6, a2, 27
core   0: 3 0x80003044 (0x01b61b13) x22 0x80000000
core   0: 0x80003048 (0xe3b7cb03) lbu     s6, -453(a5)
core   0: 3 0x80003048 (0xe3b7cb03) x22 0x0000008d mem 0x80019ed6
core   0: 0x8000304c (0x3437c903) lbu     s2, 835(a5)
core   0: 3 0x8000304c (0x3437c903) x18 0x00000095 mem 0x8001a3de
core   0: 0x80003050 (0x73b7cb03) lbu     s6, 1851(a5)
core   0: 3 0x80003050 (0x73b7cb03) x22 0x0000008d mem 0x8001a7d6
core   0: 0x80003054 (0xca553b93) sltiu   s7, a0, -859
core   0: 3 0x80003054 (0xca553b93) x23 0x00000001
core   0: 0x80003058 (0x0130e933) or      s2, ra, s3
core   0: 3 0x80003058 (0x0130e933) x18 0x000004cd
core   0: 0x8000305c (0x43f78a23) sb      t6, 1076(a5)
core   0: 3 0x8000305c (0x43f78a23) mem 0x8001a4cf 0xd7
core   0: 0x80003060 (0x3ff7d703) lhu     a4, 1023(a5)
core   0: 3 0x80003060 (0x3ff7d703) x14 0x00005051 mem 0x8001a49a
core   0: 0x80003064 (0x7eb79403) lh      s0, 2027(a5)
core   0: 3 0x80003064 (0x7eb79403) x 8 0x00003c3d mem 0x8001a886
core   0: 0x80003068 (0x90b7c083) lbu     ra, -1781(a5)
core   0: 3 0x80003068 (0x90b7c083) x 1 0x0000005d mem 0x800199a6
core   0: 0x8000306c (0x93c78e83) lb      t4, -1732(a5)
core   0: 3 0x8000306c (0x93c78e83) x29 0xffffff8c mem 0x800199d7
core   0: 0x80003070 (0xcda78323) sb      s10, -826(a5)
core   0: 3 0x80003070 (0xcda78323) mem 0x80019d61 0xdc
core   0: 0x80003074 (0x01f75f33) srl     t5, a4, t6
core   0: 3 0x80003074 (0x01f75f33) x30 0x00000000
core   0: 0x80003078 (0x89778483) lb      s1, -1897(a5)
core   0: 3 0x80003078 (0x89778483) x 9 0xffffffe9 mem 0x80019932
core   0: 0x8000307c (0x10f709b7) lui     s3, 0x10f70
core   0: 3 0x8000307c (0x10f709b7) x19 0x10f70000
core   0: 0x80003080 (0x12e78223) sb      a4, 292(a5)
core   0: 3 0x80003080 (0x12e78223) mem 0x8001a1bf 0x51
core   0: 0x80003084 (0x06078683) lb      a3, 96(a5)
core   0: 3 0x80003084 (0x06078683) x13 0xffffffb0 mem 0x8001a0fb
core   0: 0x80003088 (0x00bcd3b3) srl     t2, s9, a1
core   0: 3 0x80003088 (0x00bcd3b3) x 7 0x00000a0b
core   0: 0x8000308c (0x67278d23) sb      s2, 1658(a5)
core   0: 3 0x8000308c (0x67278d23) mem 0x8001a715 0xcd
core   0: 0x80003090 (0x0a179a83) lh      s5, 161(a5)
core   0: 3 0x80003090 (0x0a179a83) x21 0xfffff6f7 mem 0x8001a13c
core   0: 0x80003094 (0xccd8aa13) slti    s4, a7, -819
core   0: 3 0x80003094 (0xccd8aa13) x20 0x00000000
core   0: 0x80003098 (0x8a778aa3) sb      t2, -1867(a5)
core   0: 3 0x80003098 (0x8a778aa3) mem 0x80019950 0xb
core   0: 0x8000309c (0x00013197) auipc   gp, 0x13
core   0: 3 0x8000309c (0x00013197) x 3 0x8001609c
core   0: 0x800030a0 (0x8ff18193) addi    gp, gp, -1793
core   0: 3 0x800030a0 (0x8ff18193) x 3 0x8001599b
core   0: 0x800030a4 (0xfdc18923) sb      t3, -46(gp)
core   0: 3 0x800030a4 (0xfdc18923) mem 0x8001596d 0xda
core   0: 0x800030a8 (0xfce18923) sb      a4, -46(gp)
core   0: 3 0x800030a8 (0xfce18923) mem 0x8001596d 0x51
core   0: 0x800030ac (0xfcc18923) sb      a2, -46(gp)
core   0: 3 0x800030ac (0xfcc18923) mem 0x8001596d 0x30
core   0: 0x800030b0 (0x0071d883) lhu     a7, 7(gp)
core   0: 3 0x800030b0 (0x0071d883) x17 0x00005859 mem 0x800159a2
core   0: 0x800030b4 (0x00a193a3) sh      a0, 7(gp)
core   0: 3 0x800030b4 (0x00a193a3) mem 0x800159a2 0x8485
core   0: 0x800030b8 (0x02a18503) lb      a0, 42(gp)
core   0: 3 0x800030b8 (0x02a18503) x10 0x0000007e mem 0x800159c5
core   0: 0x800030bc (0x02a1cd83) lbu     s11, 42(gp)
core   0: 3 0x800030bc (0x02a1cd83) x27 0x0000007e mem 0x800159c5
core   0: 0x800030c0 (0xfe118323) sb      ra, -26(gp)
core   0: 3 0x800030c0 (0xfe118323) mem 0x80015981 0x5d
core   0: 0x800030c4 (0x0000100f) fence.i
core   0: 3 0x800030c4 (0x0000100f)
core   0: 0x800030c8 (0xfe61c003) lbu     zero, -26(gp)
core   0: 3 0x800030c8 (0xfe61c003) mem 0x80015981
core   0: 0x800030cc (0xfe618b83) lb      s7, -26(gp)
core   0: 3 0x800030cc (0xfe618b83) x23 0x0000005d mem 0x80015981
core   0: 0x800030d0 (0x003ea0b3) slt     ra, t4, gp
core   0: 3 0x800030d0 (0x003ea0b3) x 1 0x00000000
core   0: 0x800030d4 (0x7a9a3993) sltiu   s3, s4, 1961
core   0: 3 0x800030d4 (0x7a9a3993) x19 0x00000001
core   0: 0x800030d8 (0x0134dab3) srl     s5, s1, s3
core   0: 3 0x800030d8 (0x0134dab3) x21 0x7ffffff4
core   0: 0x800030dc (0x02518903) lb      s2, 37(gp)
core   0: 3 0x800030dc (0x02518903) x18 0x0000007b mem 0x800159c0
core   0: 0x800030e0 (0x01e18383) lb      t2, 30(gp)
core   0: 3 0x800030e0 (0x01e18383) x 7 0x00000072 mem 0x800159b9
core   0: 0x800030e4 (0xff31d683) lhu     a3, -13(gp)
core   0: 3 0x800030e4 (0xff31d683) x13 0x00004445 mem 0x8001598e
core   0: 0x800030e8 (0xfeb199a3) sh      a1, -13(gp)
core   0: 3 0x800030e8 (0xfeb199a3) mem 0x8001598e 0x0000
core   0: 0x800030ec (0xfc41cf83) lbu     t6, -60(gp)
core   0: 3 0x800030ec (0xfc41cf83) x31 0x00000014 mem 0x8001595f
core   0: 0x800030f0 (0x00f19ba3) sh      a5, 23(gp)
core   0: 3 0x800030f0 (0x00f19ba3) mem 0x800159b2 0xa09b
core   0: 0x800030f4 (0x00118ba3) sb      ra, 23(gp)
core   0: 3 0x800030f4 (0x00118ba3) mem 0x800159b2 0x0
core   0: 0x800030f8 (0xc0756c13) ori     s8, a0, -1017
core   0: 3 0x800030f8 (0xc0756c13) x24 0xfffffc7f
core   0: 0x800030fc (0x0001a8a3) sw      zero, 17(gp)
core   0: 3 0x800030fc (0x0001a8a3) mem 0x800159ac 0x00000000
core   0: 0x80003100 (0xfd8180a3) sb      s8, -63(gp)
core   0: 3 0x80003100 (0xfd8180a3) mem 0x8001595c 0x7f
core   0: 0x80003104 (0x00016797) auipc   a5, 0x16
core   0: 3 0x80003104 (0x00016797) x15 0x80019104
core   0: 0x80003108 (0xe3478793) addi    a5, a5, -460
core   0: 3 0x80003108 (0xe3478793) x15 0x80018f38
core   0: 0x8000310c (0x00013217) auipc   tp, 0x13
core   0: 3 0x8000310c (0x00013217) x 4 0x8001610c
core   0: 0x80003110 (0xb3d20213) addi    tp, tp, -1219
core   0: 3 0x80003110 (0xb3d20213) x 4 0x80015c49
core   0: 0x80003114 (0xfc3789a3) sb      gp, -45(a5)
core   0: 3 0x80003114 (0xfc3789a3) mem 0x80018f0b 0x9b
core   0: 0x80003118 (0x01d20123) sb      t4, 2(tp)
core   0: 3 0x80003118 (0x01d20123) mem 0x80015c4b 0x8c
core   0: 0x8000311c (0xf1a7dd83) lhu     s11, -230(a5)
core   0: 3 0x8000311c (0xf1a7dd83) x27 0x00000809 mem 0x80018e52
core   0: 0x80003120 (0xfea24403) lbu     s0, -22(tp)
core   0: 3 0x80003120 (0xfea24403) x 8 0x00000074 mem 0x80015c33
core   0: 0x80003124 (0xfd920f83) lb      t6, -39(tp)
core   0: 3 0x80003124 (0xfd920f83) x31 0xffffffd9 mem 0x80015c22
core   0: 0x80003128 (0xf0978503) lb      a0, -247(a5)
core   0: 3 0x80003128 (0xf0978503) x10 0xfffffffa mem 0x80018e41
core   0: 0x8000312c (0xfff78aa3) sb      t6, -11(a5)
core   0: 3 0x8000312c (0xfff78aa3) mem 0x80018f2d 0xd9
core   0: 0x80003130 (0xfd420d23) sb      s4, -38(tp)
core   0: 3 0x80003130 (0xfd420d23) mem 0x80015c23 0x0
core   0: 0x80003134 (0x02020283) lb      t0, 32(tp)
core   0: 3 0x80003134 (0x02020283) x 5 0x00000011 mem 0x80015c69
core   0: 0x80003138 (0xfea20c23) sb      a0, -8(tp)
core   0: 3 0x80003138 (0xfea20c23) mem 0x80015c41 0xfa
core   0: 0x8000313c (0x00a78283) lb      t0, 10(a5)
core   0: 3 0x8000313c (0x00a78283) x 5 0xfffffff9 mem 0x80018f42
core   0: 0x80003140 (0xfe820323) sb      s0, -26(tp)
core   0: 3 0x80003140 (0xfe820323) mem 0x80015c2f 0x74
core   0: 0x80003144 (0x03e78c83) lb      s9, 62(a5)
core   0: 3 0x80003144 (0x03e78c83) x25 0x0000002d mem 0x80018f76
core   0: 0x80003148 (0xf5678ea3) sb      s6, -163(a5)
core   0: 3 0x80003148 (0xf5678ea3) mem 0x80018e95 0x8d
core   0: 0x8000314c (0x0957a623) sw      s5, 140(a5)
core   0: 3 0x8000314c (0x0957a623) mem 0x80018fc4 0x7ffffff4
core   0: 0x80003150 (0x0e778283) lb      t0, 231(a5)
core   0: 3 0x80003150 (0x0e778283) x 5 0xffffffd4 mem 0x8001901f
core   0: 0x80003154 (0x00c215a3) sh      a2, 11(tp)
core   0: 3 0x80003154 (0x00c215a3) mem 0x80015c54 0xae30
core   0: 0x80003158 (0xff520d23) sb      s5, -6(tp)
core   0: 3 0x80003158 (0xff520d23) mem 0x80015c43 0xf4
core   0: 0x8000315c (0xfe17a423) sw      ra, -24(a5)
core   0: 3 0x8000315c (0xfe17a423) mem 0x80018f20 0x00000000
core   0: 0x80003160 (0x00013897) auipc   a7, 0x13
core   0: 3 0x80003160 (0x00013897) x17 0x80016160
core   0: 0x80003164 (0x77888893) addi    a7, a7, 1912
core   0: 3 0x80003164 (0x77888893) x17 0x800168d8
core   0: 0x80003168 (0xb6e89803) lh      a6, -1170(a7)
core   0: 3 0x80003168 (0xb6e89803) x16 0xfffffcfd mem 0x80016446
core   0: 0x8000316c (0xb7288723) sb      s2, -1170(a7)
core   0: 3 0x8000316c (0xb7288723) mem 0x80016446 0x7b
core   0: 0x80003170 (0xb6e89f03) lh      t5, -1170(a7)
core   0: 3 0x80003170 (0xb6e89f03) x30 0xfffffc7b mem 0x80016446
core   0: 0x80003174 (0xb5188283) lb      t0, -1199(a7)
core   0: 3 0x80003174 (0xb5188283) x 5 0xffffffe2 mem 0x80016429
core   0: 0x80003178 (0xb42888a3) sb      sp, -1199(a7)
core   0: 3 0x80003178 (0xb42888a3) mem 0x80016429 0xe4
core   0: 0x8000317c (0xb518c483) lbu     s1, -1199(a7)
core   0: 3 0x8000317c (0xb518c483) x 9 0x000000e4 mem 0x80016429
core   0: 0x80003180 (0xb5188e03) lb      t3, -1199(a7)
core   0: 3 0x80003180 (0xb5188e03) x28 0xffffffe4 mem 0x80016429
core   0: 0x80003184 (0xb50888a3) sb      a6, -1199(a7)
core   0: 3 0x80003184 (0xb50888a3) mem 0x80016429 0xfd
core   0: 0x80003188 (0xf708c083) lbu     ra, -144(a7)
core   0: 3 0x80003188 (0xf708c083) x 1 0x00000003 mem 0x80016848
core   0: 0x8000318c (0xf708c003) lbu     zero, -144(a7)
core   0: 3 0x8000318c (0xf708c003) mem 0x80016848
core   0: 0x80003190 (0x41420733) sub     a4, tp, s4
core   0: 3 0x80003190 (0x41420733) x14 0x80015c49
core   0: 0x80003194 (0x84f88c03) lb      s8, -1969(a7)
core   0: 3 0x80003194 (0x84f88c03) x24 0xffffffdc mem 0x80016127
core   0: 0x80003198 (0x00013317) auipc   t1, 0x13
core   0: 3 0x80003198 (0x00013317) x 6 0x80016198
core   0: 0x8000319c (0xb5a30313) addi    t1, t1, -1190
core   0: 3 0x8000319c (0xb5a30313) x 6 0x80015cf2
core   0: 0x800031a0 (0xf7f300a3) sb      t6, -159(t1)
core   0: 3 0x800031a0 (0xf7f300a3) mem 0x80015c53 0xd9
core   0: 0x800031a4 (0x09534003) lbu     zero, 149(t1)
core   0: 3 0x800031a4 (0x09534003) mem 0x80015d87
core   0: 0x800031a8 (0x40850e33) sub     t3, a0, s0
core   0: 3 0x800031a8 (0x40850e33) x28 0xffffff86
core   0: 0x800031ac (0xf1134083) lbu     ra, -239(t1)
core   0: 3 0x800031ac (0xf1134083) x 1 0x000000b8 mem 0x80015c03
core   0: 0x800031b0 (0xfa435b03) lhu     s6, -92(t1)
core   0: 3 0x800031b0 (0xfa435b03) x22 0x00004c4d mem 0x80015c96
core   0: 0x800031b4 (0x0079fc33) and     s8, s3, t2
core   0: 3 0x800031b4 (0x0079fc33) x24 0x00000000
core   0: 0x800031b8 (0xfc534503) lbu     a0, -59(t1)
core   0: 3 0x800031b8 (0xfc534503) x10 0x0000006c mem 0x80015cb7
core   0: 0x800031bc (0x9c6a3913) sltiu   s2, s4, -1594
core   0: 3 0x800031bc (0x9c6a3913) x18 0x00000001
core   0: 0x800031c0 (0x406ddc93) srai    s9, s11, 6
core   0: 3 0x800031c0 (0x406ddc93) x25 0x00000020
core   0: 0x800031c4 (0x009b5993) srli    s3, s6, 9
core   0: 3 0x800031c4 (0x009b5993) x19 0x00000026
core   0: 0x800031c8 (0xf6231e83) lh      t4, -158(t1)
core   0: 3 0x800031c8 (0xf6231e83) x29 0xffffae30 mem 0x80015c54
core   0: 0x800031cc (0x0ff0000f) fence   iorw,iorw
core   0: 3 0x800031cc (0x0ff0000f)
core   0: 0x800031d0 (0x52f72c13) slti    s8, a4, 1327
core   0: 3 0x800031d0 (0x52f72c13) x24 0x00000001
core   0: 0x800031d4 (0xfd834b03) lbu     s6, -40(t1)
core   0: 3 0x800031d4 (0xfd834b03) x22 0x00000081 mem 0x80015cca
core   0: 0x800031d8 (0xfcd34d83) lbu     s11, -51(t1)
core   0: 3 0x800031d8 (0xfcd34d83) x27 0x00000074 mem 0x80015cbf
core   0: 0x800031dc (0x0ff0000f) fence   iorw,iorw
core   0: 3 0x800031dc (0x0ff0000f)
core   0: 0x800031e0 (0x00508f33) add     t5, ra, t0
core   0: 3 0x800031e0 (0x00508f33) x30 0x0000009a
core   0: 0x800031e4 (0x0074f393) andi    t2, s1, 7
core   0: 3 0x800031e4 (0x0074f393) x 7 0x00000004
core   0: 0x800031e8 (0x2ed2ed13) ori     s10, t0, 749
core   0: 3 0x800031e8 (0x2ed2ed13) x26 0xffffffef
core   0: 0x800031ec (0x84acb213) sltiu   tp, s9, -1974
core   0: 3 0x800031ec (0x84acb213) x 4 0x00000001
core   0: 0x800031f0 (0xf6730723) sb      t2, -146(t1)
core   0: 3 0x800031f0 (0xf6730723) mem 0x80015c60 0x4
core   0: 0x800031f4 (0x40df0e33) sub     t3, t5, a3
core   0: 3 0x800031f4 (0x40df0e33) x28 0xffffbc55
core   0: 0x800031f8 (0x0c330183) lb      gp, 195(t1)
core   0: 3 0x800031f8 (0x0c330183) x 3 0x0000006e mem 0x80015db5
core   0: 0x800031fc (0xfc530e83) lb      t4, -59(t1)
core   0: 3 0x800031fc (0xfc530e83) x29 0x0000006c mem 0x80015cb7
core   0: 0x80003200 (0xfbd30483) lb      s1, -67(t1)
core   0: 3 0x80003200 (0xfbd30483) x 9 0x00000064 mem 0x80015caf
core   0: 0x80003204 (0x00096fb3) or      t6, s2, zero
core   0: 3 0x80003204 (0x00096fb3) x31 0x00000001
core   0: 0x80003208 (0xcad98513) addi    a0, s3, -851
core   0: 3 0x80003208 (0xcad98513) x10 0xfffffcd3
core   0: 0x8000320c (0xfb235b03) lhu     s6, -78(t1)
core   0: 3 0x8000320c (0xfb235b03) x22 0x00005e5f mem 0x80015ca4
core   0: 0x80003210 (0x019a5d33) srl     s10, s4, s9
core   0: 3 0x80003210 (0x019a5d33) x26 0x00000000
core   0: 0x80003214 (0xfa1309a3) sb      ra, -77(t1)
core   0: 3 0x80003214 (0xfa1309a3) mem 0x80015ca5 0xb8
core   0: 0x80003218 (0x6b518b13) addi    s6, gp, 1717
core   0: 3 0x80003218 (0x6b518b13) x22 0x00000723
core   0: 0x8000321c (0x06b34a03) lbu     s4, 107(t1)
core   0: 3 0x8000321c (0x06b34a03) x20 0x00000016 mem 0x80015d5d
core   0: 0x80003220 (0x04431e23) sh      tp, 92(t1)
core   0: 3 0x80003220 (0x04431e23) mem 0x80015d4e 0x0001
core   0: 0x80003224 (0x0021d433) srl     s0, gp, sp
core   0: 3 0x80003224 (0x0021d433) x 8 0x00000006
core   0: 0x80003228 (0x8812f213) andi    tp, t0, -1919
core   0: 3 0x80003228 (0x8812f213) x 4 0xfffff880
core   0: 0x8000322c (0xdfac2997) auipc   s3, 0xdfac2
core   0: 3 0x8000322c (0xdfac2997) x19 0x5fac522c
core   0: 0x80003230 (0x0c4c7697) auipc   a3, 0xc4c7
core   0: 3 0x80003230 (0x0c4c7697) x13 0x8c4ca230
core   0: 0x80003234 (0x0fa35903) lhu     s2, 250(t1)
core   0: 3 0x80003234 (0x0fa35903) x18 0x0000a6a7 mem 0x80015dec
core   0: 0x80003238 (0x009544b3) xor     s1, a0, s1
core   0: 3 0x80003238 (0x009544b3) x 9 0xfffffcb7
core   0: 0x8000323c (0x08030ba3) sb      zero, 151(t1)
core   0: 3 0x8000323c (0x08030ba3) mem 0x80015d89 0x0
core   0: 0x80003240 (0x1a72ef17) auipc   t5, 0x1a72e
core   0: 3 0x80003240 (0x1a72ef17) x30 0x9a731240
core   0: 0x80003244 (0x81727e93) andi    t4, tp, -2025
core   0: 3 0x80003244 (0x81727e93) x29 0xfffff800
core   0: 0x80003248 (0x0140bdb3) sltu    s11, ra, s4
core   0: 3 0x80003248 (0x0140bdb3) x27 0x00000000
core   0: 0x8000324c (0x49116193) ori     gp, sp, 1169
core   0: 3 0x8000324c (0x49116193) x 3 0x8002ecf5
core   0: 0x80003250 (0x01a7ee33) or      t3, a5, s10
core   0: 3 0x80003250 (0x01a7ee33) x28 0x80018f38
core   0: 0x80003254 (0x05331f23) sh      s3, 94(t1)
core   0: 3 0x80003254 (0x05331f23) mem 0x80015d50 0x522c
core   0: 0x80003258 (0xfed34183) lbu     gp, -19(t1)
core   0: 3 0x80003258 (0xfed34183) x 3 0x00000094 mem 0x80015cdf
core   0: 0x8000325c (0x6d57b917) auipc   s2, 0x6d57b
core   0: 3 0x8000325c (0x6d57b917) x18 0xed57e25c
core   0: 0x80003260 (0xe7930e93) addi    t4, t1, -391
core   0: 3 0x80003260 (0xe7930e93) x29 0x80015b6b
core   0: 0x80003264 (0x01cb3bb3) sltu    s7, s6, t3
core   0: 3 0x80003264 (0x01cb3bb3) x23 0x00000001
core   0: 0x80003268 (0xfc334f03) lbu     t5, -61(t1)
core   0: 3 0x80003268 (0xfc334f03) x30 0x0000006e mem 0x80015cb5
core   0: 0x8000326c (0x0e230b83) lb      s7, 226(t1)
core   0: 3 0x8000326c (0x0e230b83) x23 0xffffff8f mem 0x80015dd4
core   0: 0x80003270 (0xf9130b83) lb      s7, -111(t1)
core   0: 3 0x80003270 (0xf9130b83) x23 0x00000038 mem 0x80015c83
core   0: 0x80003274 (0x00016497) auipc   s1, 0x16
core   0: 3 0x80003274 (0x00016497) x 9 0x80019274
core   0: 0x80003278 (0x48c48493) addi    s1, s1, 1164
core   0: 3 0x80003278 (0x48c48493) x 9 0x80019700
core   0: 0x8000327c (0x00017297) auipc   t0, 0x17
core   0: 3 0x8000327c (0x00017297) x 5 0x8001a27c
core   0: 0x80003280 (0xf5128293) addi    t0, t0, -175
core   0: 3 0x80003280 (0xf5128293) x 5 0x8001a1cd
core   0: 0x80003284 (0xf9028a23) sb      a6, -108(t0)
core   0: 3 0x80003284 (0xf9028a23) mem 0x8001a161 0xfd
core   0: 0x80003288 (0x03549a23) sh      s5, 52(s1)
core   0: 3 0x80003288 (0x03549a23) mem 0x80019734 0xfff4
core   0: 0x8000328c (0x0b128203) lb      tp, 177(t0)
core   0: 3 0x8000328c (0x0b128203) x 4 0x00000035 mem 0x8001a27e
core   0: 0x80003290 (0xfec49f03) lh      t5, -20(s1)
core   0: 3 0x80003290 (0xfec49f03) x30 0xffffa6a7 mem 0x800196ec
core   0: 0x80003294 (0x02928a83) lb      s5, 41(t0)
core   0: 3 0x80003294 (0x02928a83) x21 0xffffffad mem 0x8001a1f6
core   0: 0x80003298 (0xfec48883) lb      a7, -20(s1)
core   0: 3 0x80003298 (0xfec48883) x17 0xffffffa7 mem 0x800196ec
core   0: 0x8000329c (0xf0028223) sb      zero, -252(t0)
core   0: 3 0x8000329c (0xf0028223) mem 0x8001a0d1 0x0
core   0: 0x800032a0 (0x0b828903) lb      s2, 184(t0)
core   0: 3 0x800032a0 (0x0b828903) x18 0x0000003e mem 0x8001a285
core   0: 0x800032a4 (0x0254a823) sw      t0, 48(s1)
core   0: 3 0x800032a4 (0x0254a823) mem 0x80019730 0x8001a1cd
core   0: 0x800032a8 (0xfc148383) lb      t2, -63(s1)
core   0: 3 0x800032a8 (0xfc148383) x 7 0x0000007a mem 0x800196c1
core   0: 0x800032ac (0x00d4c503) lbu     a0, 13(s1)
core   0: 3 0x800032ac (0x00d4c503) x10 0x000000c6 mem 0x8001970d
core   0: 0x800032b0 (0xffc48023) sb      t3, -32(s1)
core   0: 3 0x800032b0 (0xffc48023) mem 0x800196e0 0x38
core   0: 0x800032b4 (0x01e49d83) lh      s11, 30(s1)
core   0: 3 0x800032b4 (0x01e49d83) x27 0xffffd4d5 mem 0x8001971e
core   0: 0x800032b8 (0x02148a83) lb      s5, 33(s1)
core   0: 3 0x800032b8 (0x02148a83) x21 0xffffffda mem 0x80019721
core   0: 0x800032bc (0xf3428683) lb      a3, -204(t0)
core   0: 3 0x800032bc (0xf3428683) x13 0xffffffba mem 0x8001a101
core   0: 0x800032c0 (0x00012497) auipc   s1, 0x12
core   0: 3 0x800032c0 (0x00012497) x 9 0x800152c0
core   0: 0x800032c4 (0x14748493) addi    s1, s1, 327
core   0: 3 0x800032c4 (0x14748493) x 9 0x80015407
core   0: 0x800032c8 (0x106e8837) lui     a6, 0x106e8
core   0: 3 0x800032c8 (0x106e8837) x16 0x106e8000
core   0: 0x800032cc (0x00c48d03) lb      s10, 12(s1)
core   0: 3 0x800032cc (0x00c48d03) x26 0xffffffc8 mem 0x80015413
core   0: 0x800032d0 (0xffd4d283) lhu     t0, -3(s1)
core   0: 3 0x800032d0 (0xffd4d283) x 5 0x0000bebf mem 0x80015404
core   0: 0x800032d4 (0xfef490a3) sh      a5, -31(s1)
core   0: 3 0x800032d4 (0xfef490a3) mem 0x800153e8 0x8f38
core   0: 0x800032d8 (0xaf6b51b7) lui     gp, 0xaf6b5
core   0: 3 0x800032d8 (0xaf6b51b7) x 3 0xaf6b5000
core   0: 0x800032dc (0x2d714193) xori    gp, sp, 727
core   0: 3 0x800032dc (0x2d714193) x 3 0x8002ee33
core   0: 0x800032e0 (0x01b092b3) sll     t0, ra, s11
core   0: 3 0x800032e0 (0x01b092b3) x 5 0x17000000
core   0: 0x800032e4 (0x00bc1433) sll     s0, s8, a1
core   0: 3 0x800032e4 (0x00bc1433) x 8 0x00000001
core   0: 0x800032e8 (0x018e5413) srli    s0, t3, 24
core   0: 3 0x800032e8 (0x018e5413) x 8 0x00000080
core   0: 0x800032ec (0x01e4cf03) lbu     t5, 30(s1)
core   0: 3 0x800032ec (0x01e4cf03) x30 0x000000de mem 0x80015425
core   0: 0x800032f0 (0xfcf48e23) sb      a5, -36(s1)
core   0: 3 0x800032f0 (0xfcf48e23) mem 0x800153e3 0x38
core   0: 0x800032f4 (0xffc48d03) lb      s10, -4(s1)
core   0: 3 0x800032f4 (0xffc48d03) x26 0xffffffb8 mem 0x80015403
core   0: 0x800032f8 (0x012a5413) srli    s0, s4, 18
core   0: 3 0x800032f8 (0x012a5413) x 8 0x00000000
core   0: 0x800032fc (0xffb4d903) lhu     s2, -5(s1)
core   0: 3 0x800032fc (0xffb4d903) x18 0x0000b8b9 mem 0x80015402
core   0: 0x80003300 (0x41fe5e13) srai    t3, t3, 31
core   0: 3 0x80003300 (0x41fe5e13) x28 0xffffffff
core   0: 0x80003304 (0x01d4d683) lhu     a3, 29(s1)
core   0: 3 0x80003304 (0x01d4d683) x13 0x0000dedf mem 0x80015424
core   0: 0x80003308 (0x400bdfb3) sra     t6, s7, zero
core   0: 3 0x80003308 (0x400bdfb3) x31 0x00000038
core   0: 0x8000330c (0xfd648223) sb      s6, -60(s1)
core   0: 3 0x8000330c (0xfd648223) mem 0x800153cb 0x23
core   0: 0x80003310 (0x00f112b3) sll     t0, sp, a5
core   0: 3 0x80003310 (0x00f112b3) x 5 0xe4000000
core   0: 0x80003314 (0xfe148683) lb      a3, -31(s1)
core   0: 3 0x80003314 (0xfe148683) x13 0x00000038 mem 0x800153e8
core   0: 0x80003318 (0x09d5c513) xori    a0, a1, 157
core   0: 3 0x80003318 (0x09d5c513) x10 0x8000009d
core   0: 0x8000331c (0x000d0b33) add     s6, s10, zero
core   0: 3 0x8000331c (0x000d0b33) x22 0xffffffb8
core   0: 0x80003320 (0x002d9833) sll     a6, s11, sp
core   0: 3 0x80003320 (0x002d9833) x16 0xfffd4d50
core   0: 0x80003324 (0xe3bfb693) sltiu   a3, t6, -453
core   0: 3 0x80003324 (0xe3bfb693) x13 0x00000001
core   0: 0x80003328 (0xfe84cc83) lbu     s9, -24(s1)
core   0: 3 0x80003328 (0xfe84cc83) x25 0x000000a4 mem 0x800153ef
core   0: 0x8000332c (0x40695f93) srai    t6, s2, 6
core   0: 3 0x8000332c (0x40695f93) x31 0x000002e2
core   0: 0x80003330 (0x40025193) srai    gp, tp, 0
core   0: 3 0x80003330 (0x40025193) x 3 0x00000035
core   0: 0x80003334 (0x1c632793) slti    a5, t1, 454
core   0: 3 0x80003334 (0x1c632793) x15 0x00000001
core   0: 0x80003338 (0x49e2fc93) andi    s9, t0, 1182
core   0: 3 0x80003338 (0x49e2fc93) x25 0x00000000
core   0: 0x8000333c (0xa4464a93) xori    s5, a2, -1468
core   0: 3 0x8000333c (0xa4464a93) x21 0x7ffd5474
core   0: 0x80003340 (0x01f7f533) and     a0, a5, t6
core   0: 3 0x80003340 (0x01f7f533) x10 0x00000000
core   0: 0x80003344 (0xfde48983) lb      s3, -34(s1)
core   0: 3 0x80003344 (0xfde48983) x19 0xffffff9e mem 0x800153e5
core   0: 0x80003348 (0x00022b17) auipc   s6, 0x22
core   0: 3 0x80003348 (0x00022b17) x22 0x80025348
core   0: 0x8000334c (0x276b0b13) addi    s6, s6, 630
core   0: 3 0x8000334c (0x276b0b13) x22 0x800255be
core   0: 0x80003350 (0x02ab0883) lb      a7, 42(s6)
core   0: 3 0x80003350 (0x02ab0883) x17 0xffffffa3 mem 0x800255e8
core   0: 0x80003354 (0x02ab0183) lb      gp, 42(s6)
core   0: 3 0x80003354 (0x02ab0183) x 3 0xffffffa3 mem 0x800255e8
core   0: 0x80003358 (0x02ab2c03) lw      s8, 42(s6)
core   0: 3 0x80003358 (0x02ab2c03) x24 0xa0a1a2a3 mem 0x800255e8
core   0: 0x8000335c (0xfdfb0a23) sb      t6, -44(s6)
core   0: 3 0x8000335c (0xfdfb0a23) mem 0x80025592 0xe2
core   0: 0x80003360 (0xfe1b05a3) sb      ra, -21(s6)
core   0: 3 0x80003360 (0xfe1b05a3) mem 0x800255a9 0xb8
core   0: 0x80003364 (0xfebb0d83) lb      s11, -21(s6)
core   0: 3 0x80003364 (0xfebb0d83) x27 0xffffffb8 mem 0x800255a9
core   0: 0x80003368 (0x951fc813) xori    a6, t6, -1711
core   0: 3 0x80003368 (0x951fc813) x16 0xfffffbb3
core   0: 0x8000336c (0x006b0183) lb      gp, 6(s6)
core   0: 3 0x8000336c (0x006b0183) x 3 0x0000007f mem 0x800255c4
core   0: 0x80003370 (0x006b0323) sb      t1, 6(s6)
core   0: 3 0x80003370 (0x006b0323) mem 0x800255c4 0xf2
core   0: 0x80003374 (0x009b4683) lbu     a3, 9(s6)
core   0: 3 0x80003374 (0x009b4683) x13 0x0000007c mem 0x800255c7
core   0: 0x80003378 (0x03bb4c83) lbu     s9, 59(s6)
core   0: 3 0x80003378 (0x03bb4c83) x25 0x000000b2 mem 0x800255f9
core   0: 0x8000337c (0x0001ef97) auipc   t6, 0x1e
core   0: 3 0x8000337c (0x0001ef97) x31 0x8002137c
core   0: 0x80003380 (0x971f8f93) addi    t6, t6, -1679
core   0: 3 0x80003380 (0x971f8f93) x31 0x80020ced
core   0: 0x80003384 (0xff2fc683) lbu     a3, -14(t6)
core   0: 3 0x80003384 (0xff2fc683) x13 0x00000094 mem 0x80020cdf
core   0: 0x80003388 (0xff1f8923) sb      a7, -14(t6)
core   0: 3 0x80003388 (0xff1f8923) mem 0x80020cdf 0xa3
core   0: 0x8000338c (0xff2fc203) lbu     tp, -14(t6)
core   0: 3 0x8000338c (0xff2fc203) x 4 0x000000a3 mem 0x80020cdf
core   0: 0x80003390 (0x0a6fcd83) lbu     s11, 166(t6)
core   0: 3 0x80003390 (0x0a6fcd83) x27 0x00000048 mem 0x80020d93
core   0: 0x80003394 (0x00000013) nop
core   0: 3 0x80003394 (0x00000013)
core   0: 0x80003398 (0x0bcf8323) sb      t3, 166(t6)
core   0: 3 0x80003398 (0x0bcf8323) mem 0x80020d93 0xff
core   0: 0x8000339c (0xf4517d13) andi    s10, sp, -187
core   0: 3 0x8000339c (0xf4517d13) x26 0x8002ec44
core   0: 0x800033a0 (0x0a6f8d83) lb      s11, 166(t6)
core   0: 3 0x800033a0 (0x0a6f8d83) x27 0xffffffff mem 0x80020d93
core   0: 0x800033a4 (0x0abf8323) sb      a1, 166(t6)
core   0: 3 0x800033a4 (0x0abf8323) mem 0x80020d93 0x0
core   0: 0x800033a8 (0x0a6fc503) lbu     a0, 166(t6)
core   0: 3 0x800033a8 (0x0a6fc503) x10 0x00000000 mem 0x80020d93
core   0: 0x800033ac (0x0b3f8323) sb      s3, 166(t6)
core   0: 3 0x800033ac (0x0b3f8323) mem 0x80020d93 0x9e
core   0: 0x800033b0 (0xfeaf8323) sb      a0, -26(t6)
core   0: 3 0x800033b0 (0xfeaf8323) mem 0x80020cd3 0x0
core   0: 0x800033b4 (0xfe6f8783) lb      a5, -26(t6)
core   0: 3 0x800033b4 (0xfe6f8783) x15 0x00000000 mem 0x80020cd3
core   0: 0x800033b8 (0xfe6fca83) lbu     s5, -26(t6)
core   0: 3 0x800033b8 (0xfe6fca83) x21 0x00000000 mem 0x80020cd3
core   0: 0x800033bc (0xfebf8323) sb      a1, -26(t6)
core   0: 3 0x800033bc (0xfebf8323) mem 0x80020cd3 0x0
core   0: 0x800033c0 (0xfe6f8f03) lb      t5, -26(t6)
core   0: 3 0x800033c0 (0xfe6f8f03) x30 0x00000000 mem 0x80020cd3
core   0: 0x800033c4 (0x74500013) li      zero, 1861
core   0: 3 0x800033c4 (0x74500013)
core   0: 0x800033c8 (0x417dd513) srai    a0, s11, 23
core   0: 3 0x800033c8 (0x417dd513) x10 0xffffffff
core   0: 0x800033cc (0xfe6fce03) lbu     t3, -26(t6)
core   0: 3 0x800033cc (0xfe6fce03) x28 0x00000000 mem 0x80020cd3
core   0: 0x800033d0 (0xfe6fcd83) lbu     s11, -26(t6)
core   0: 3 0x800033d0 (0xfe6fcd83) x27 0x00000000 mem 0x80020cd3
core   0: 0x800033d4 (0xfe6f8283) lb      t0, -26(t6)
core   0: 3 0x800033d4 (0xfe6f8283) x 5 0x00000000 mem 0x80020cd3
core   0: 0x800033d8 (0x0121c1b3) xor     gp, gp, s2
core   0: 3 0x800033d8 (0x0121c1b3) x 3 0x0000b8c6
core   0: 0x800033dc (0xff7f8323) sb      s7, -26(t6)
core   0: 3 0x800033dc (0xff7f8323) mem 0x80020cd3 0x38
core   0: 0x800033e0 (0x00019f17) auipc   t5, 0x19
core   0: 3 0x800033e0 (0x00019f17) x30 0x8001c3e0
core   0: 0x800033e4 (0x196f0f13) addi    t5, t5, 406
core   0: 3 0x800033e4 (0x196f0f13) x30 0x8001c576
core   0: 0x800033e8 (0x0f2f4003) lbu     zero, 242(t5)
core   0: 3 0x800033e8 (0x0f2f4003) mem 0x8001c668
core   0: 0x800033ec (0x042f4a03) lbu     s4, 66(t5)
core   0: 3 0x800033ec (0x042f4a03) x20 0x00000073 mem 0x8001c5b8
core   0: 0x800033f0 (0x046f2123) sw      t1, 66(t5)
core   0: 3 0x800033f0 (0x046f2123) mem 0x8001c5b8 0x80015cf2
core   0: 0x800033f4 (0xf21f0783) lb      a5, -223(t5)
core   0: 3 0x800033f4 (0xf21f0783) x15 0x0000004c mem 0x8001c497
core   0: 0x800033f8 (0x081f0fa3) sb      ra, 159(t5)
core   0: 3 0x800033f8 (0x081f0fa3) mem 0x8001c615 0xb8
core   0: 0x800033fc (0x4721b913) sltiu   s2, gp, 1138
core   0: 3 0x800033fc (0x4721b913) x18 0x00000000
core   0: 0x80003400 (0x088f0503) lb      a0, 136(t5)
core   0: 3 0x80003400 (0x088f0503) x10 0xffffffb5 mem 0x8001c5fe
core   0: 0x80003404 (0x088f5683) lhu     a3, 136(t5)
core   0: 3 0x80003404 (0x088f5683) x13 0x0000b4b5 mem 0x8001c5fe
core   0: 0x80003408 (0x026f4283) lbu     t0, 38(t5)
core   0: 3 0x80003408 (0x026f4283) x 5 0x00000057 mem 0x8001c59c
core   0: 0x8000340c (0xfc3f0ca3) sb      gp, -39(t5)
core   0: 3 0x8000340c (0xfc3f0ca3) mem 0x8001c54f 0xc6
core   0: 0x80003410 (0xfdff0283) lb      t0, -33(t5)
core   0: 3 0x80003410 (0xfdff0283) x 5 0x0000000e mem 0x8001c555
core   0: 0x80003414 (0xfcff0fa3) sb      a5, -33(t5)
core   0: 3 0x80003414 (0xfcff0fa3) mem 0x8001c555 0x4c
core   0: 0x80003418 (0x28463513) sltiu   a0, a2, 644
core   0: 3 0x80003418 (0x28463513) x10 0x00000000
core   0: 0x8000341c (0xf14f1683) lh      a3, -236(t5)
core   0: 3 0x8000341c (0xf14f1683) x13 0x00004041 mem 0x8001c48a
core   0: 0x80003420 (0x0ab92793) slti    a5, s2, 171
core   0: 3 0x80003420 (0x0ab92793) x15 0x00000001
core   0: 0x80003424 (0xf0df0a23) sb      a3, -236(t5)
core   0: 3 0x80003424 (0xf0df0a23) mem 0x8001c48a 0x41
core   0: 0x80003428 (0x00398533) add     a0, s3, gp
core   0: 3 0x80003428 (0x00398533) x10 0x0000b864
core   0: 0x8000342c (0x01bf0183) lb      gp, 27(t5)
core   0: 3 0x8000342c (0x01bf0183) x 3 0x0000004a mem 0x8001c591
core   0: 0x80003430 (0x07bf4683) lbu     a3, 123(t5)
core   0: 3 0x80003430 (0x07bf4683) x13 0x000000aa mem 0x8001c5f1
core   0: 0x80003434 (0xf41f4283) lbu     t0, -191(t5)
core   0: 3 0x80003434 (0xf41f4283) x 5 0x0000006c mem 0x8001c4b7
core   0: 0x80003438 (0xf4ff00a3) sb      a5, -191(t5)
core   0: 3 0x80003438 (0xf4ff00a3) mem 0x8001c4b7 0x1
core   0: 0x8000343c (0xf41f4a83) lbu     s5, -191(t5)
core   0: 3 0x8000343c (0xf41f4a83) x21 0x00000001 mem 0x8001c4b7
core   0: 0x80003440 (0x00013b97) auipc   s7, 0x13
core   0: 3 0x80003440 (0x00013b97) x23 0x80016440
core   0: 0x80003444 (0x992b8b93) addi    s7, s7, -1646
core   0: 3 0x80003444 (0x992b8b93) x23 0x80015dd2
core   0: 0x80003448 (0x005b8a03) lb      s4, 5(s7)
core   0: 3 0x80003448 (0x005b8a03) x20 0xffffff8c mem 0x80015dd7
core   0: 0x8000344c (0x006b82a3) sb      t1, 5(s7)
core   0: 3 0x8000344c (0x006b82a3) mem 0x80015dd7 0xf2
core   0: 0x80003450 (0x008b81a3) sb      s0, 3(s7)
core   0: 3 0x80003450 (0x008b81a3) mem 0x80015dd5 0x0
core   0: 0x80003454 (0x003b81a3) sb      gp, 3(s7)
core   0: 3 0x80003454 (0x003b81a3) mem 0x80015dd5 0x4a
core   0: 0x80003458 (0xe1c88913) addi    s2, a7, -484
core   0: 3 0x80003458 (0xe1c88913) x18 0xfffffdbf
core   0: 0x8000345c (0x003b8503) lb      a0, 3(s7)
core   0: 3 0x8000345c (0x003b8503) x10 0x0000004a mem 0x80015dd5
core   0: 0x80003460 (0x003bc403) lbu     s0, 3(s7)
core   0: 3 0x80003460 (0x003bc403) x 8 0x0000004a mem 0x80015dd5
core   0: 0x80003464 (0x00000013) nop
core   0: 3 0x80003464 (0x00000013)
core   0: 0x80003468 (0x012b81a3) sb      s2, 3(s7)
core   0: 3 0x80003468 (0x012b81a3) mem 0x80015dd5 0xbf
core   0: 0x8000346c (0x003bca83) lbu     s5, 3(s7)
core   0: 3 0x8000346c (0x003bca83) x21 0x000000bf mem 0x80015dd5
core   0: 0x80003470 (0x00041f13) slli    t5, s0, 0
core   0: 3 0x80003470 (0x00041f13) x30 0x0000004a
core   0: 0x80003474 (0x007b81a3) sb      t2, 3(s7)
core   0: 3 0x80003474 (0x007b81a3) mem 0x80015dd5 0x7a
core   0: 0x80003478 (0xff3bca03) lbu     s4, -13(s7)
core   0: 3 0x80003478 (0xff3bca03) x20 0x0000007e mem 0x80015dc5
core   0: 0x8000347c (0xff3bcf83) lbu     t6, -13(s7)
core   0: 3 0x8000347c (0xff3bcf83) x31 0x0000007e mem 0x80015dc5
core   0: 0x80003480 (0x006dd1b3) srl     gp, s11, t1
core   0: 3 0x80003480 (0x006dd1b3) x 3 0x00000000
core   0: 0x80003484 (0xff3bc783) lbu     a5, -13(s7)
core   0: 3 0x80003484 (0xff3bc783) x15 0x0000007e mem 0x80015dc5
core   0: 0x80003488 (0x2d76ca93) xori    s5, a3, 727
core   0: 3 0x80003488 (0x2d76ca93) x21 0x0000027d
core   0: 0x8000348c (0xff3b89a3) sb      s3, -13(s7)
core   0: 3 0x8000348c (0xff3b89a3) mem 0x80015dc5 0x9e
core   0: 0x80003490 (0xff3bcc83) lbu     s9, -13(s7)
core   0: 3 0x80003490 (0xff3bcc83) x25 0x0000009e mem 0x80015dc5
core   0: 0x80003494 (0x00012497) auipc   s1, 0x12
core   0: 3 0x80003494 (0x00012497) x 9 0x80015494
core   0: 0x80003498 (0x5a648493) addi    s1, s1, 1446
core   0: 3 0x80003498 (0x5a648493) x 9 0x80015a3a
core   0: 0x8000349c (0x00012c97) auipc   s9, 0x12
core   0: 3 0x8000349c (0x00012c97) x25 0x8001549c
core   0: 0x800034a0 (0x143c8c93) addi    s9, s9, 323
core   0: 3 0x800034a0 (0x143c8c93) x25 0x800155df
core   0: 0x800034a4 (0x237cc783) lbu     a5, 567(s9)
core   0: 3 0x800034a4 (0x237cc783) x15 0x000000cd mem 0x80015816
core   0: 0x800034a8 (0x00012817) auipc   a6, 0x12
core   0: 3 0x800034a8 (0x00012817) x16 0x800154a8
core   0: 0x800034ac (0xcb480813) addi    a6, a6, -844
core   0: 3 0x800034ac (0xcb480813) x16 0x8001515c
core   0: 0x800034b0 (0x00012717) auipc   a4, 0x12
core   0: 3 0x800034b0 (0x00012717) x14 0x800154b0
core   0: 0x800034b4 (0x50370713) addi    a4, a4, 1283
core   0: 3 0x800034b4 (0x50370713) x14 0x800159b3
core   0: 0x800034b8 (0xfdd4c883) lbu     a7, -35(s1)
core   0: 3 0x800034b8 (0xfdd4c883) x17 0x000000cc mem 0x80015a17
core   0: 0x800034bc (0xc43c8923) sb      gp, -942(s9)
core   0: 3 0x800034bc (0xc43c8923) mem 0x80015231 0x0
core   0: 0x800034c0 (0x0a274c03) lbu     s8, 162(a4)
core   0: 3 0x800034c0 (0x0a274c03) x24 0x00000084 mem 0x80015a55
core   0: 0x800034c4 (0xfd048f03) lb      t5, -48(s1)
core   0: 3 0x800034c4 (0xfd048f03) x30 0x00000000 mem 0x80015a0a
core   0: 0x800034c8 (0xf9f70623) sb      t6, -116(a4)
core   0: 3 0x800034c8 (0xf9f70623) mem 0x8001593f 0x7e
core   0: 0x800034cc (0xffb809a3) sb      s11, -13(a6)
core   0: 3 0x800034cc (0xffb809a3) mem 0x8001514f 0x0
core   0: 0x800034d0 (0x4c3cc883) lbu     a7, 1219(s9)
core   0: 3 0x800034d0 (0x4c3cc883) x17 0x00000059 mem 0x80015aa2
core   0: 0x800034d4 (0xb63cc783) lbu     a5, -1181(s9)
core   0: 3 0x800034d4 (0xb63cc783) x15 0x000000f9 mem 0x80015142
core   0: 0x800034d8 (0xf8d71503) lh      a0, -115(a4)
core   0: 3 0x800034d8 (0xf8d71503) x10 0xfffffafb mem 0x80015940
core   0: 0x800034dc (0x02575e83) lhu     t4, 37(a4)
core   0: 3 0x800034dc (0x02575e83) x29 0x00009293 mem 0x800159d8
core   0: 0x800034e0 (0x035486a3) sb      s5, 45(s1)
core   0: 3 0x800034e0 (0x035486a3) mem 0x80015a67 0x7d
core   0: 0x800034e4 (0x0244ab23) sw      tp, 54(s1)
core   0: 3 0x800034e4 (0x0244ab23) mem 0x80015a70 0x000000a3
core   0: 0x800034e8 (0xaf2ca4a3) sw      s2, -1303(s9)
core   0: 3 0x800034e8 (0xaf2ca4a3) mem 0x800150c8 0xfffffdbf
core   0: 0x800034ec (0xff080d83) lb      s11, -16(a6)
core   0: 3 0x800034ec (0xff080d83) x27 0x00000007 mem 0x8001514c
core   0: 0x800034f0 (0x05770323) sb      s7, 70(a4)
core   0: 3 0x800034f0 (0x05770323) mem 0x800159f9 0xd2
core   0: 0x800034f4 (0xfd348c03) lb      s8, -45(s1)
core   0: 3 0x800034f4 (0xfd348c03) x24 0xffffffc6 mem 0x80015a0d
core   0: 0x800034f8 (0x00148a83) lb      s5, 1(s1)
core   0: 3 0x800034f8 (0x00148a83) x21 0xfffffff0 mem 0x80015a3b
core   0: 0x800034fc (0x00984b83) lbu     s7, 9(a6)
core   0: 3 0x800034fc (0x00984b83) x23 0x00000064 mem 0x80015165
core   0: 0x80003500 (0x0aa70e23) sb      a0, 188(a4)
core   0: 3 0x80003500 (0x0aa70e23) mem 0x80015a6f 0xfb
core   0: 0x80003504 (0x0af75f03) lhu     t5, 175(a4)
core   0: 3 0x80003504 (0x0af75f03) x30 0x00001819 mem 0x80015a62
core   0: 0x80003508 (0xffe4c283) lbu     t0, -2(s1)
core   0: 3 0x80003508 (0xffe4c283) x 5 0x000000f3 mem 0x80015a38
core   0: 0x8000350c (0xf1f74b83) lbu     s7, -225(a4)
core   0: 3 0x8000350c (0xf1f74b83) x23 0x00000089 mem 0x800158d2
core   0: 0x80003510 (0xfc84d383) lhu     t2, -56(s1)
core   0: 3 0x80003510 (0xfc84d383) x 7 0x0000b8b9 mem 0x80015a02
core   0: 0x80003514 (0x0254a323) sw      t0, 38(s1)
core   0: 3 0x80003514 (0x0254a323) mem 0x80015a60 0x000000f3
core   0: 0x80003518 (0xf22712a3) sh      sp, -219(a4)
core   0: 3 0x80003518 (0xf22712a3) mem 0x800158d8 0xece4
core   0: 0x8000351c (0xbb5c9a83) lh      s5, -1099(s9)
core   0: 3 0x8000351c (0xbb5c9a83) x21 0x00004e4f mem 0x80015194
core   0: 0x80003520 (0xffb71083) lh      ra, -5(a4)
core   0: 3 0x80003520 (0xffb71083) x 1 0x00000000 mem 0x800159ae
core   0: 0x80003524 (0xfef80aa3) sb      a5, -11(a6)
core   0: 3 0x80003524 (0xfef80aa3) mem 0x80015151 0xf9
core   0: 0x80003528 (0xfc24a503) lw      a0, -62(s1)
core   0: 3 0x80003528 (0xfc24a503) x10 0xb4b5b6b7 mem 0x800159fc
core   0: 0x8000352c (0x146c8e23) sb      t1, 348(s9)
core   0: 3 0x8000352c (0x146c8e23) mem 0x8001573b 0xf2
core   0: 0x80003530 (0x00b80783) lb      a5, 11(a6)
core   0: 3 0x80003530 (0x00b80783) x15 0x0000001c mem 0x80015167
core   0: 0x80003534 (0x0001f717) auipc   a4, 0x1f
core   0: 3 0x80003534 (0x0001f717) x14 0x80022534
core   0: 0x80003538 (0xb1770713) addi    a4, a4, -1257
core   0: 3 0x80003538 (0xb1770713) x14 0x8002204b
core   0: 0x8000353c (0x20e1f493) andi    s1, gp, 526
core   0: 3 0x8000353c (0x20e1f493) x 9 0x00000000
core   0: 0x80003540 (0xe6cbe193) ori     gp, s7, -404
core   0: 3 0x80003540 (0xe6cbe193) x 3 0xfffffeed
core   0: 0x80003544 (0xfe270483) lb      s1, -30(a4)
core   0: 3 0x80003544 (0xfe270483) x 9 0xffffffe6 mem 0x8002202d
core   0: 0x80003548 (0x00864833) xor     a6, a2, s0
core   0: 3 0x80003548 (0x00864833) x16 0x8002ae7a
core   0: 0x8000354c (0x01770f23) sb      s7, 30(a4)
core   0: 3 0x8000354c (0x01770f23) mem 0x80022069 0x89
core   0: 0x80003550 (0x0ff0000f) fence   iorw,iorw
core   0: 3 0x80003550 (0x0ff0000f)
core   0: 0x80003554 (0x01775503) lhu     a0, 23(a4)
core   0: 3 0x80003554 (0x01775503) x10 0x00001819 mem 0x80022062
core   0: 0x80003558 (0x0000100f) fence.i
core   0: 3 0x80003558 (0x0000100f)
core   0: 0x8000355c (0xfc8701a3) sb      s0, -61(a4)
core   0: 3 0x8000355c (0xfc8701a3) mem 0x8002200e 0x4a
core   0: 0x80003560 (0xfe775f83) lhu     t6, -25(a4)
core   0: 3 0x80003560 (0xfe775f83) x31 0x0000e8e9 mem 0x80022032
core   0: 0x80003564 (0x411f5a13) srai    s4, t5, 17
core   0: 3 0x80003564 (0x411f5a13) x20 0x00000000
core   0: 0x80003568 (0xd13f4093) xori    ra, t5, -749
core   0: 3 0x80003568 (0xd13f4093) x 1 0xffffe50a
core   0: 0x8000356c (0x01cf9433) sll     s0, t6, t3
core   0: 3 0x8000356c (0x01cf9433) x 8 0x0000e8e9
core   0: 0x80003570 (0xfc371b83) lh      s7, -61(a4)
core   0: 3 0x80003570 (0xfc371b83) x23 0xffffc44a mem 0x8002200e
core   0: 0x80003574 (0x03470883) lb      a7, 52(a4)
core   0: 3 0x80003574 (0x03470883) x17 0x00000034 mem 0x8002207f
core   0: 0x80003578 (0x3dc06d13) ori     s10, zero, 988
core   0: 3 0x80003578 (0x3dc06d13) x26 0x000003dc
core   0: 0x8000357c (0xbc396213) ori     tp, s2, -1085
core   0: 3 0x8000357c (0xbc396213) x 4 0xffffffff
core   0: 0x80003580 (0x85d4a937) lui     s2, 0x85d4a
core   0: 3 0x80003580 (0x85d4a937) x18 0x85d4a000
core   0: 0x80003584 (0x01e74b03) lbu     s6, 30(a4)
core   0: 3 0x80003584 (0x01e74b03) x22 0x00000089 mem 0x80022069
core   0: 0x80003588 (0x01edec33) or      s8, s11, t5
core   0: 3 0x80003588 (0x01edec33) x24 0x0000181f
core   0: 0x8000358c (0x79ddcf13) xori    t5, s11, 1949
core   0: 3 0x8000358c (0x79ddcf13) x30 0x0000079a
core   0: 0x80003590 (0x01db7933) and     s2, s6, t4
core   0: 3 0x80003590 (0x01db7933) x18 0x00000081
core   0: 0x80003594 (0x2a773293) sltiu   t0, a4, 679
core   0: 3 0x80003594 (0x2a773293) x 5 0x00000000
core   0: 0x80003598 (0xab5cf493) andi    s1, s9, -1355
core   0: 3 0x80003598 (0xab5cf493) x 9 0x80015095
core   0: 0x8000359c (0x00d32933) slt     s2, t1, a3
core   0: 3 0x8000359c (0x00d32933) x18 0x00000001
core   0: 0x800035a0 (0x0171dd93) srli    s11, gp, 23
core   0: 3 0x800035a0 (0x0171dd93) x27 0x000001ff
core   0: 0x800035a4 (0x348d0a13) addi    s4, s10, 840
core   0: 3 0x800035a4 (0x348d0a13) x20 0x00000724
core   0: 0x800035a8 (0x00000013) nop
core   0: 3 0x800035a8 (0x00000013)
core   0: 0x800035ac (0x92af7413) andi    s0, t5, -1750
core   0: 3 0x800035ac (0x92af7413) x 8 0x0000010a
core   0: 0x800035b0 (0x017a8033) add     zero, s5, s7
core   0: 3 0x800035b0 (0x017a8033)
core   0: 0x800035b4 (0x0000100f) fence.i
core   0: 3 0x800035b4 (0x0000100f)
core   0: 0x800035b8 (0x98493193) sltiu   gp, s2, -1660
core   0: 3 0x800035b8 (0x98493193) x 3 0x00000001
core   0: 0x800035bc (0x00000013) nop
core   0: 3 0x800035bc (0x00000013)
core   0: 0x800035c0 (0x01870f03) lb      t5, 24(a4)
core   0: 3 0x800035c0 (0x01870f03) x30 0x00000018 mem 0x80022063
core   0: 0x800035c4 (0xfc270683) lb      a3, -62(a4)
core   0: 3 0x800035c4 (0xfc270683) x13 0xffffffc6 mem 0x8002200d
core   0: 0x800035c8 (0x00013e97) auipc   t4, 0x13
core   0: 3 0x800035c8 (0x00013e97) x29 0x800165c8
core   0: 0x800035cc (0xa61e8e93) addi    t4, t4, -1439
core   0: 3 0x800035cc (0xa61e8e93) x29 0x80016029
core   0: 0x800035d0 (0x019ea7a3) sw      s9, 15(t4)
core   0: 3 0x800035d0 (0x019ea7a3) mem 0x80016038 0x800155df
core   0: 0x800035d4 (0x00de8623) sb      a3, 12(t4)
core   0: 3 0x800035d4 (0x00de8623) mem 0x80016035 0xc6
core   0: 0x800035d8 (0xf1b2c893) xori    a7, t0, -229
core   0: 3 0x800035d8 (0xf1b2c893) x17 0xffffff1b
core   0: 0x800035dc (0xffde8d23) sb      t4, -6(t4)
core   0: 3 0x800035dc (0xffde8d23) mem 0x80016023 0x29
core   0: 0x800035e0 (0x007e8183) lb      gp, 7(t4)
core   0: 3 0x800035e0 (0x007e8183) x 3 0xffffffeb mem 0x80016030
core   0: 0x800035e4 (0x006e8983) lb      s3, 6(t4)
core   0: 3 0x800035e4 (0x006e8983) x19 0xffffffe4 mem 0x8001602f
core   0: 0x800035e8 (0xffde9203) lh      tp, -3(t4)
core   0: 3 0x800035e8 (0xffde9203) x 4 0xffffdcdd mem 0x80016026
core   0: 0x800035ec (0x00ee93a3) sh      a4, 7(t4)
core   0: 3 0x800035ec (0x00ee93a3) mem 0x80016030 0x204b
core   0: 0x800035f0 (0x40400a33) sub     s4, zero, tp
core   0: 3 0x800035f0 (0x40400a33) x20 0x00002323
core   0: 0x800035f4 (0x01d35793) srli    a5, t1, 29
core   0: 3 0x800035f4 (0x01d35793) x15 0x00000004
core   0: 0x800035f8 (0x32e14f93) xori    t6, sp, 814
core   0: 3 0x800035f8 (0x32e14f93) x31 0x8002efca
core   0: 0x800035fc (0x009ec083) lbu     ra, 9(t4)
core   0: 3 0x800035fc (0x009ec083) x 1 0x000000e9 mem 0x80016032
core   0: 0x80003600 (0xff1eafa3) sw      a7, -1(t4)
core   0: 3 0x80003600 (0xff1eafa3) mem 0x80016028 0xffffff1b
core   0: 0x80003604 (0x000ec703) lbu     a4, 0(t4)
core   0: 3 0x80003604 (0x000ec703) x14 0x000000ff mem 0x80016029
core   0: 0x80003608 (0x01241793) slli    a5, s0, 18
core   0: 3 0x80003608 (0x01241793) x15 0x04280000
core   0: 0x8000360c (0x2420f013) andi    zero, ra, 578
core   0: 3 0x8000360c (0x2420f013)
core   0: 0x80003610 (0x000ece03) lbu     t3, 0(t4)
core   0: 3 0x80003610 (0x000ece03) x28 0x000000ff mem 0x80016029
core   0: 0x80003614 (0xd45bae13) slti    t3, s7, -699
core   0: 3 0x80003614 (0xd45bae13) x28 0x00000001
core   0: 0x80003618 (0xff4e8783) lb      a5, -12(t4)
core   0: 3 0x80003618 (0xff4e8783) x15 0xffffffd6 mem 0x8001601d
core   0: 0x8000361c (0x006e8383) lb      t2, 6(t4)
core   0: 3 0x8000361c (0x006e8383) x 7 0xffffffe4 mem 0x8001602f
core   0: 0x80003620 (0x26a9fd93) andi    s11, s3, 618
core   0: 3 0x80003620 (0x26a9fd93) x27 0x00000260
core   0: 0x80003624 (0x17888ab7) lui     s5, 0x17888
core   0: 3 0x80003624 (0x17888ab7) x21 0x17888000
core   0: 0x80003628 (0x013bcdb3) xor     s11, s7, s3
core   0: 3 0x80003628 (0x013bcdb3) x27 0x00003bae
core   0: 0x8000362c (0x01213d33) sltu    s10, sp, s2
core   0: 3 0x8000362c (0x01213d33) x26 0x00000000
core   0: 0x80003630 (0xffbea183) lw      gp, -5(t4)
core   0: 3 0x80003630 (0xffbea183) x 3 0xdcdddedf mem 0x80016024
core   0: 0x80003634 (0xfe6e8ea3) sb      t1, -3(t4)
core   0: 3 0x80003634 (0xfe6e8ea3) mem 0x80016026 0xf2
core   0: 0x80003638 (0x00149d13) slli    s10, s1, 1
core   0: 3 0x80003638 (0x00149d13) x26 0x0002a12a
core   0: 0x8000363c (0x00be8383) lb      t2, 11(t4)
core   0: 3 0x8000363c (0x00be8383) x 7 0xffffffef mem 0x80016034
core   0: 0x80003640 (0x007e81a3) sb      t2, 3(t4)
core   0: 3 0x80003640 (0x007e81a3) mem 0x8001602c 0xef
core   0: 0x80003644 (0x007ea333) slt     t1, t4, t2
core   0: 3 0x80003644 (0x007ea333) x 6 0x00000001
core   0: 0x80003648 (0x00c45e33) srl     t3, s0, a2
core   0: 3 0x80003648 (0x00c45e33) x28 0x00000000
core   0: 0x8000364c (0x002e9cb3) sll     s9, t4, sp
core   0: 3 0x8000364c (0x002e9cb3) x25 0x00160290
core   0: 0x80003650 (0x0000100f) fence.i
core   0: 3 0x80003650 (0x0000100f)
core   0: 0x80003654 (0x010ba6b3) slt     a3, s7, a6
core   0: 3 0x80003654 (0x010ba6b3) x13 0x00000000
core   0: 0x80003658 (0x011a8433) add     s0, s5, a7
core   0: 3 0x80003658 (0x011a8433) x 8 0x17887f1b
core   0: 0x8000365c (0xffee8d03) lb      s10, -2(t4)
core   0: 3 0x8000365c (0xffee8d03) x26 0xffffffdc mem 0x80016027
core   0: 0x80003660 (0x669f2e17) auipc   t3, 0x669f2
core   0: 3 0x80003660 (0x669f2e17) x28 0xe69f5660
core   0: 0x80003664 (0x012d4bb3) xor     s7, s10, s2
core   0: 3 0x80003664 (0x012d4bb3) x23 0xffffffdd
core   0: 0x80003668 (0xff0ec283) lbu     t0, -16(t4)
core   0: 3 0x80003668 (0xff0ec283) x 5 0x000000d2 mem 0x80016019
core   0: 0x8000366c (0x01cc1293) slli    t0, s8, 28
core   0: 3 0x8000366c (0x01cc1293) x 5 0xf0000000
core   0: 0x80003670 (0x003e8723) sb      gp, 14(t4)
core   0: 3 0x80003670 (0x003e8723) mem 0x80016037 0xdf
core   0: 0x80003674 (0x01f14bb3) xor     s7, sp, t6
core   0: 3 0x80003674 (0x01f14bb3) x23 0x0000032e
core   0: 0x80003678 (0x7cdc8b37) lui     s6, 0x7cdc8
core   0: 3 0x80003678 (0x7cdc8b37) x22 0x7cdc8000
core   0: 0x8000367c (0x010ec283) lbu     t0, 16(t4)
core   0: 3 0x8000367c (0x010ec283) x 5 0x00000055 mem 0x80016039
core   0: 0x80003680 (0x007c4e33) xor     t3, s8, t2
core   0: 3 0x80003680 (0x007c4e33) x28 0xffffe7f0
core   0: 0x80003684 (0x01ee12b3) sll     t0, t3, t5
core   0: 3 0x80003684 (0x01ee12b3) x 5 0xf0000000
core   0: 0x80003688 (0x005e8883) lb      a7, 5(t4)
core   0: 3 0x80003688 (0x005e8883) x17 0xffffffe5 mem 0x8001602e
core   0: 0x8000368c (0x008359b3) srl     s3, t1, s0
core   0: 3 0x8000368c (0x008359b3) x19 0x00000000
core   0: 0x80003690 (0x68af2337) lui     t1, 0x68af2
core   0: 3 0x80003690 (0x68af2337) x 6 0x68af2000
core   0: 0x80003694 (0x018981b3) add     gp, s3, s8
core   0: 3 0x80003694 (0x018981b3) x 3 0x0000181f
core   0: 0x80003698 (0xffdeafa3) sw      t4, -1(t4)
core   0: 3 0x80003698 (0xffdeafa3) mem 0x80016028 0x80016029
core   0: 0x8000369c (0x963df913) andi    s2, s11, -1693
core   0: 3 0x8000369c (0x963df913) x18 0x00003922
core   0: 0x800036a0 (0xff2e8903) lb      s2, -14(t4)
core   0: 3 0x800036a0 (0xff2e8903) x18 0xffffffd0 mem 0x8001601b
core   0: 0x800036a4 (0x00022217) auipc   tp, 0x22
core   0: 3 0x800036a4 (0x00022217) x 4 0x800256a4
core   0: 0x800036a8 (0x6a420213) addi    tp, tp, 1700
core   0: 3 0x800036a8 (0x6a420213) x 4 0x80025d48
core   0: 0x800036ac (0xf3520e23) sb      s5, -196(tp)
core   0: 3 0x800036ac (0xf3520e23) mem 0x80025c84 0x0
core   0: 0x800036b0 (0xfd120703) lb      a4, -47(tp)
core   0: 3 0x800036b0 (0xfd120703) x14 0xffffffd2 mem 0x80025d19
core   0: 0x800036b4 (0xfdf208a3) sb      t6, -47(tp)
core   0: 3 0x800036b4 (0xfdf208a3) mem 0x80025d19 0xca
core   0: 0x800036b8 (0x0000100f) fence.i
core   0: 3 0x800036b8 (0x0000100f)
core   0: 0x800036bc (0xfd124e83) lbu     t4, -47(tp)
core   0: 3 0x800036bc (0xfd124e83) x29 0x000000ca mem 0x80025d19
core   0: 0x800036c0 (0xfd124403) lbu     s0, -47(tp)
core   0: 3 0x800036c0 (0xfd124403) x 8 0x000000ca mem 0x80025d19
core   0: 0x800036c4 (0x00d05733) srl     a4, zero, a3
core   0: 3 0x800036c4 (0x00d05733) x14 0x00000000
core   0: 0x800036c8 (0xfc220483) lb      s1, -62(tp)
core   0: 3 0x800036c8 (0xfc220483) x 9 0xffffffc1 mem 0x80025d0a
core   0: 0x800036cc (0xfcc20123) sb      a2, -62(tp)
core   0: 3 0x800036cc (0xfcc20123) mem 0x80025d0a 0x30
core   0: 0x800036d0 (0x55627793) andi    a5, tp, 1366
core   0: 3 0x800036d0 (0x55627793) x15 0x00000540
core   0: 0x800036d4 (0xfc224083) lbu     ra, -62(tp)
core   0: 3 0x800036d4 (0xfc224083) x 1 0x00000030 mem 0x80025d0a
core   0: 0x800036d8 (0x0da21f83) lh      t6, 218(tp)
core   0: 3 0x800036d8 (0x0da21f83) x31 0xffffd8d9 mem 0x80025e22
core   0: 0x800036dc (0x0da21003) lh      zero, 218(tp)
core   0: 3 0x800036dc (0x0da21003) mem 0x80025e22
core   0: 0x800036e0 (0x0da25a03) lhu     s4, 218(tp)
core   0: 3 0x800036e0 (0x0da25a03) x20 0x0000d8d9 mem 0x80025e22
core   0: 0x800036e4 (0x0da20503) lb      a0, 218(tp)
core   0: 3 0x800036e4 (0x0da20503) x10 0xffffffd9 mem 0x80025e22
core   0: 0x800036e8 (0xb5de6b93) ori     s7, t3, -1187
core   0: 3 0x800036e8 (0xb5de6b93) x23 0xfffffffd
core   0: 0x800036ec (0x4c4f7013) andi    zero, t5, 1220
core   0: 3 0x800036ec (0x4c4f7013)
core   0: 0x800036f0 (0x2aeefe13) andi    t3, t4, 686
core   0: 3 0x800036f0 (0x2aeefe13) x28 0x0000008a
core   0: 0x800036f4 (0x0c021d23) sh      zero, 218(tp)
core   0: 3 0x800036f4 (0x0c021d23) mem 0x80025e22 0x0000
core   0: 0x800036f8 (0x0da21683) lh      a3, 218(tp)
core   0: 3 0x800036f8 (0x0da21683) x13 0x00000000 mem 0x80025e22
core   0: 0x800036fc (0x00014797) auipc   a5, 0x14
core   0: 3 0x800036fc (0x00014797) x15 0x800176fc
core   0: 0x80003700 (0x84778793) addi    a5, a5, -1977
core   0: 3 0x80003700 (0x84778793) x15 0x80016f43
core   0: 0x80003704 (0xfe378c23) sb      gp, -8(a5)
core   0: 3 0x80003704 (0xfe378c23) mem 0x80016f3b 0x1f
core   0: 0x80003708 (0x00f79503) lh      a0, 15(a5)
core   0: 3 0x80003708 (0x00f79503) x10 0x00000809 mem 0x80016f52
core   0: 0x8000370c (0x40888c33) sub     s8, a7, s0
core   0: 3 0x8000370c (0x40888c33) x24 0xffffff1b
core   0: 0x80003710 (0x018786a3) sb      s8, 13(a5)
core   0: 3 0x80003710 (0x018786a3) mem 0x80016f50 0x1b
core   0: 0x80003714 (0x0057d903) lhu     s2, 5(a5)
core   0: 3 0x80003714 (0x0057d903) x18 0x00000203 mem 0x80016f48
core   0: 0x80003718 (0x0057a2a3) sw      t0, 5(a5)
core   0: 3 0x80003718 (0x0057a2a3) mem 0x80016f48 0xf0000000
core   0: 0x8000371c (0x00579a83) lh      s5, 5(a5)
core   0: 3 0x8000371c (0x00579a83) x21 0x00000000 mem 0x80016f48
core   0: 0x80003720 (0x00f7a2a3) sw      a5, 5(a5)
core   0: 3 0x80003720 (0x00f7a2a3) mem 0x80016f48 0x80016f43
core   0: 0x80003724 (0x009a9c13) slli    s8, s5, 9
core   0: 3 0x80003724 (0x009a9c13) x24 0x00000000
core   0: 0x80003728 (0x00e78223) sb      a4, 4(a5)
core   0: 3 0x80003728 (0x00e78223) mem 0x80016f47 0x0
core   0: 0x8000372c (0xff579ca3) sh      s5, -7(a5)
core   0: 3 0x8000372c (0xff579ca3) mem 0x80016f3c 0x0000
core   0: 0x80003730 (0xff97cd03) lbu     s10, -7(a5)
core   0: 3 0x80003730 (0xff97cd03) x26 0x00000000 mem 0x80016f3c
core   0: 0x80003734 (0xff878823) sb      s8, -16(a5)
core   0: 3 0x80003734 (0xff878823) mem 0x80016f33 0x0
core   0: 0x80003738 (0x013cd393) srli    t2, s9, 19
core   0: 3 0x80003738 (0x013cd393) x 7 0x00000002
core   0: 0x8000373c (0x00b78903) lb      s2, 11(a5)
core   0: 3 0x8000373c (0x00b78903) x18 0x00000005 mem 0x80016f4e
core   0: 0x80003740 (0xfeb78e23) sb      a1, -4(a5)
core   0: 3 0x80003740 (0xfeb78e23) mem 0x80016f3f 0x0
core   0: 0x80003744 (0x0167a0a3) sw      s6, 1(a5)
core   0: 3 0x80003744 (0x0167a0a3) mem 0x80016f44 0x7cdc8000
core   0: 0x80003748 (0x0037a0a3) sw      gp, 1(a5)
core   0: 3 0x80003748 (0x0037a0a3) mem 0x80016f44 0x0000181f
core   0: 0x8000374c (0x00e7a0a3) sw      a4, 1(a5)
core   0: 3 0x8000374c (0x00e7a0a3) mem 0x80016f44 0x00000000
core   0: 0x80003750 (0x411659b3) sra     s3, a2, a7
core   0: 3 0x80003750 (0x411659b3) x19 0xfc001571
core   0: 0x80003754 (0x0017c503) lbu     a0, 1(a5)
core   0: 3 0x80003754 (0x0017c503) x10 0x00000000 mem 0x80016f44
core   0: 0x80003758 (0x00d780a3) sb      a3, 1(a5)
core   0: 3 0x80003758 (0x00d780a3) mem 0x80016f44 0x0
core   0: 0x8000375c (0x00016e17) auipc   t3, 0x16
core   0: 3 0x8000375c (0x00016e17) x28 0x8001975c
core   0: 0x80003760 (0x357e0e13) addi    t3, t3, 855
core   0: 3 0x80003760 (0x357e0e13) x28 0x80019ab3
core   0: 0x80003764 (0xff5e5883) lhu     a7, -11(t3)
core   0: 3 0x80003764 (0xff5e5883) x17 0x00006263 mem 0x80019aa8
core   0: 0x80003768 (0x00ed5c93) srli    s9, s10, 14
core   0: 3 0x80003768 (0x00ed5c93) x25 0x00000000
core   0: 0x8000376c (0xff5e2e83) lw      t4, -11(t3)
core   0: 3 0x8000376c (0xff5e2e83) x29 0x60616263 mem 0x80019aa8
core   0: 0x80003770 (0x01355013) srli    zero, a0, 19
core   0: 3 0x80003770 (0x01355013)
core   0: 0x80003774 (0x0000100f) fence.i
core   0: 3 0x80003774 (0x0000100f)
core   0: 0x80003778 (0x0ff0000f) fence   iorw,iorw
core   0: 3 0x80003778 (0x0ff0000f)
core   0: 0x8000377c (0x00ee4c03) lbu     s8, 14(t3)
core   0: 3 0x8000377c (0x00ee4c03) x24 0x0000007a mem 0x80019ac1
core   0: 0x80003780 (0x00be1303) lh      t1, 11(t3)
core   0: 3 0x80003780 (0x00be1303) x 6 0x00007475 mem 0x80019abe
core   0: 0x80003784 (0x00961833) sll     a6, a2, s1
core   0: 3 0x80003784 (0x00961833) x16 0x00055c60
core   0: 0x80003788 (0xffae1ca3) sh      s10, -7(t3)
core   0: 3 0x80003788 (0xffae1ca3) mem 0x80019aac 0x0000
core   0: 0x8000378c (0x005e4d03) lbu     s10, 5(t3)
core   0: 3 0x8000378c (0x005e4d03) x26 0x00000073 mem 0x80019ab8
core   0: 0x80003790 (0xfffe1ca3) sh      t6, -7(t3)
core   0: 3 0x80003790 (0xfffe1ca3) mem 0x80019aac 0xd8d9
core   0: 0x80003794 (0x00ae4203) lbu     tp, 10(t3)
core   0: 3 0x80003794 (0x00ae4203) x 4 0x00000076 mem 0x80019abd
core   0: 0x80003798 (0xfe3e0da3) sb      gp, -5(t3)
core   0: 3 0x80003798 (0xfe3e0da3) mem 0x80019aae 0x1f
core   0: 0x8000379c (0x00de5503) lhu     a0, 13(t3)
core   0: 3 0x8000379c (0x00de5503) x10 0x00007a7b mem 0x80019ac0
core   0: 0x800037a0 (0xff2e0083) lb      ra, -14(t3)
core   0: 3 0x800037a0 (0xff2e0083) x 1 0x0000005e mem 0x80019aa5
core   0: 0x800037a4 (0x002e4883) lbu     a7, 2(t3)
core   0: 3 0x800037a4 (0x002e4883) x17 0x0000006e mem 0x80019ab5
core   0: 0x800037a8 (0x006c2c33) slt     s8, s8, t1
core   0: 3 0x800037a8 (0x006c2c33) x24 0x00000001
core   0: 0x800037ac (0x009e4f83) lbu     t6, 9(t3)
core   0: 3 0x800037ac (0x009e4f83) x31 0x00000077 mem 0x80019abc
core   0: 0x800037b0 (0x547b0013) addi    zero, s6, 1351
core   0: 3 0x800037b0 (0x547b0013)
core   0: 0x800037b4 (0x0188bdb3) sltu    s11, a7, s8
core   0: 3 0x800037b4 (0x0188bdb3) x27 0x00000000
core   0: 0x800037b8 (0x01ae05a3) sb      s10, 11(t3)
core   0: 3 0x800037b8 (0x01ae05a3) mem 0x80019abe 0x73
core   0: 0x800037bc (0xff1e1c03) lh      s8, -15(t3)
core   0: 3 0x800037bc (0xff1e1c03) x24 0x00005e5f mem 0x80019aa4
core   0: 0x800037c0 (0x00000013) nop
core   0: 3 0x800037c0 (0x00000013)
core   0: 0x800037c4 (0x36a33513) sltiu   a0, t1, 874
core   0: 3 0x800037c4 (0x36a33513) x10 0x00000000
core   0: 0x800037c8 (0x009e0283) lb      t0, 9(t3)
core   0: 3 0x800037c8 (0x009e0283) x 5 0x00000077 mem 0x80019abc
core   0: 0x800037cc (0x00de0b03) lb      s6, 13(t3)
core   0: 3 0x800037cc (0x00de0b03) x22 0x0000007b mem 0x80019ac0
core   0: 0x800037d0 (0x0001cf17) auipc   t5, 0x1c
core   0: 3 0x800037d0 (0x0001cf17) x30 0x8001f7d0
core   0: 0x800037d4 (0x3fcf0f13) addi    t5, t5, 1020
core   0: 3 0x800037d4 (0x3fcf0f13) x30 0x8001fbcc
core   0: 0x800037d8 (0x00012917) auipc   s2, 0x12
core   0: 3 0x800037d8 (0x00012917) x18 0x800157d8
core   0: 0x800037dc (0xb7490913) addi    s2, s2, -1164
core   0: 3 0x800037dc (0xb7490913) x18 0x8001534c
core   0: 0x800037e0 (0x034f5183) lhu     gp, 52(t5)
core   0: 3 0x800037e0 (0x034f5183) x 3 0x0000babb mem 0x8001fc00
core   0: 0x800037e4 (0xff190d83) lb      s11, -15(s2)
core   0: 3 0x800037e4 (0xff190d83) x27 0xfffffff6 mem 0x8001533d
core   0: 0x800037e8 (0x035f1e23) sh      s5, 60(t5)
core   0: 3 0x800037e8 (0x035f1e23) mem 0x8001fc08 0x0000
core   0: 0x800037ec (0x02ef1923) sh      a4, 50(t5)
core   0: 3 0x800037ec (0x02ef1923) mem 0x8001fbfe 0x0000
core   0: 0x800037f0 (0xfe9f4183) lbu     gp, -23(t5)
core   0: 3 0x800037f0 (0xfe9f4183) x 3 0x0000006e mem 0x8001fbb5
core   0: 0x800037f4 (0x00494183) lbu     gp, 4(s2)
core   0: 3 0x800037f4 (0x00494183) x 3 0x0000000b mem 0x80015350
core   0: 0x800037f8 (0xff2f01a3) sb      s2, -29(t5)
core   0: 3 0x800037f8 (0xff2f01a3) mem 0x8001fbaf 0x4c
core   0: 0x800037fc (0x00f90223) sb      a5, 4(s2)
core   0: 3 0x800037fc (0x00f90223) mem 0x80015350 0x43
core   0: 0x80003800 (0x02cf01a3) sb      a2, 35(t5)
core   0: 3 0x80003800 (0x02cf01a3) mem 0x8001fbef 0x30
core   0: 0x80003804 (0x00b90683) lb      a3, 11(s2)
core   0: 3 0x80003804 (0x00b90683) x13 0x0000000c mem 0x80015357
core   0: 0x80003808 (0xfeff4683) lbu     a3, -17(t5)
core   0: 3 0x80003808 (0xfeff4683) x13 0x00000070 mem 0x8001fbbb
core   0: 0x8000380c (0xfcff4703) lbu     a4, -49(t5)
core   0: 3 0x8000380c (0xfcff4703) x14 0x00000050 mem 0x8001fb9b
core   0: 0x80003810 (0xff594683) lbu     a3, -11(s2)
core   0: 3 0x80003810 (0xff594683) x13 0x000000fa mem 0x80015341
core   0: 0x80003814 (0x00e90d83) lb      s11, 14(s2)
core   0: 3 0x80003814 (0x00e90d83) x27 0x00000011 mem 0x8001535a
core   0: 0x80003818 (0x011902a3) sb      a7, 5(s2)
core   0: 3 0x80003818 (0x011902a3) mem 0x80015351 0x6e
core   0: 0x8000381c (0xffdf0ea3) sb      t4, -3(t5)
core   0: 3 0x8000381c (0xffdf0ea3) mem 0x8001fbc9 0x63
core   0: 0x80003820 (0x01f907a3) sb      t6, 15(s2)
core   0: 3 0x80003820 (0x01f907a3) mem 0x8001535b 0x77
core   0: 0x80003824 (0xfe3f4a83) lbu     s5, -29(t5)
core   0: 3 0x80003824 (0xfe3f4a83) x21 0x0000004c mem 0x8001fbaf
core   0: 0x80003828 (0x00012917) auipc   s2, 0x12
core   0: 3 0x80003828 (0x00012917) x18 0x80015828
core   0: 0x8000382c (0xa3290913) addi    s2, s2, -1486
core   0: 3 0x8000382c (0xa3290913) x18 0x8001525a
core   0: 0x80003830 (0xf72904a3) sb      s2, -151(s2)
core   0: 3 0x80003830 (0xf72904a3) mem 0x800151c3 0x5a
core   0: 0x80003834 (0xf6994c83) lbu     s9, -151(s2)
core   0: 3 0x80003834 (0xf6994c83) x25 0x0000005a mem 0x800151c3
core   0: 0x80003838 (0xf5095e83) lhu     t4, -176(s2)
core   0: 3 0x80003838 (0xf5095e83) x29 0x00006061 mem 0x800151aa
core   0: 0x8000383c (0xf5095e83) lhu     t4, -176(s2)
core   0: 3 0x8000383c (0xf5095e83) x29 0x00006061 mem 0x800151aa
core   0: 0x80003840 (0xf5091a03) lh      s4, -176(s2)
core   0: 3 0x80003840 (0xf5091a03) x20 0x00006061 mem 0x800151aa
core   0: 0x80003844 (0x00d960b3) or      ra, s2, a3
core   0: 3 0x80003844 (0x00d960b3) x 1 0x800152fa
core   0: 0x80003848 (0xf8090923) sb      zero, -110(s2)
core   0: 3 0x80003848 (0xf8090923) mem 0x800151ec 0x0
core   0: 0x8000384c (0xf2f90ba3) sb      a5, -201(s2)
core   0: 3 0x8000384c (0xf2f90ba3) mem 0x80015191 0x43
core   0: 0x80003850 (0xf3790383) lb      t2, -201(s2)
core   0: 3 0x80003850 (0xf3790383) x 7 0x00000043 mem 0x80015191
core   0: 0x80003854 (0x0ff0000f) fence   iorw,iorw
core   0: 3 0x80003854 (0x0ff0000f)
core   0: 0x80003858 (0xf2290ba3) sb      sp, -201(s2)
core   0: 3 0x80003858 (0xf2290ba3) mem 0x80015191 0xe4
core   0: 0x8000385c (0xf2590ba3) sb      t0, -201(s2)
core   0: 3 0x8000385c (0xf2590ba3) mem 0x80015191 0x77
core   0: 0x80003860 (0xf3794283) lbu     t0, -201(s2)
core   0: 3 0x80003860 (0xf3794283) x 5 0x00000077 mem 0x80015191
core   0: 0x80003864 (0x35ad0013) addi    zero, s10, 858
core   0: 3 0x80003864 (0x35ad0013)
core   0: 0x80003868 (0x00000013) nop
core   0: 3 0x80003868 (0x00000013)
core   0: 0x8000386c (0xf3b90ba3) sb      s11, -201(s2)
core   0: 3 0x8000386c (0xf3b90ba3) mem 0x80015191 0x11
core   0: 0x80003870 (0xfb790003) lb      zero, -73(s2)
core   0: 3 0x80003870 (0xfb790003) mem 0x80015211
core   0: 0x80003874 (0x00000013) nop
core   0: 3 0x80003874 (0x00000013)
core   0: 0x80003878 (0xfb794a83) lbu     s5, -73(s2)
core   0: 3 0x80003878 (0xfb794a83) x21 0x000000ca mem 0x80015211
core   0: 0x8000387c (0xff691023) sh      s6, -32(s2)
core   0: 3 0x8000387c (0xff691023) mem 0x8001523a 0x007b
core   0: 0x80003880 (0x0006c9b3) xor     s3, a3, zero
core   0: 3 0x80003880 (0x0006c9b3) x19 0x000000fa
core   0: 0x80003884 (0xfee91023) sh      a4, -32(s2)
core   0: 3 0x80003884 (0xfee91023) mem 0x8001523a 0x0050
core   0: 0x80003888 (0xfe091e83) lh      t4, -32(s2)
core   0: 3 0x80003888 (0xfe091e83) x29 0x00000050 mem 0x8001523a
core   0: 0x8000388c (0x0001cc17) auipc   s8, 0x1c
core   0: 3 0x8000388c (0x0001cc17) x24 0x8001f88c
core   0: 0x80003890 (0x526c0c13) addi    s8, s8, 1318
core   0: 3 0x80003890 (0x526c0c13) x24 0x8001fdb2
core   0: 0x80003894 (0xf2dc0983) lb      s3, -211(s8)
core   0: 3 0x80003894 (0xf2dc0983) x19 0xffffff94 mem 0x8001fcdf
core   0: 0x80003898 (0x00020417) auipc   s0, 0x20
core   0: 3 0x80003898 (0x00020417) x 8 0x80023898
core   0: 0x8000389c (0x5c340413) addi    s0, s0, 1475
core   0: 3 0x8000389c (0x5c340413) x 8 0x80023e5b
core   0: 0x800038a0 (0x00640283) lb      t0, 6(s0)
core   0: 3 0x800038a0 (0x00640283) x 5 0x0000001a mem 0x80023e61
core   0: 0x800038a4 (0x003405a3) sb      gp, 11(s0)
core   0: 3 0x800038a4 (0x003405a3) mem 0x80023e66 0xb
core   0: 0x800038a8 (0xf8dc0fa3) sb      a3, -97(s8)
core   0: 3 0x800038a8 (0xf8dc0fa3) mem 0x8001fd51 0xfa
core   0: 0x800038ac (0xfd0c0303) lb      t1, -48(s8)
core   0: 3 0x800038ac (0xfd0c0303) x 6 0x00000039 mem 0x8001fd82
core   0: 0x800038b0 (0xf87c05a3) sb      t2, -117(s8)
core   0: 3 0x800038b0 (0xf87c05a3) mem 0x8001fd3d 0x43
core   0: 0x800038b4 (0xff141503) lh      a0, -15(s0)
core   0: 3 0x800038b4 (0xff141503) x10 0x00000607 mem 0x80023e4c
core   0: 0x800038b8 (0xffd45183) lhu     gp, -3(s0)
core   0: 3 0x800038b8 (0xffd45183) x 3 0x00001213 mem 0x80023e58
core   0: 0x800038bc (0x00145c83) lhu     s9, 1(s0)
core   0: 3 0x800038bc (0x00145c83) x25 0x00001617 mem 0x80023e5c
core   0: 0x800038c0 (0x01040e83) lb      t4, 16(s0)
core   0: 3 0x800038c0 (0x01040e83) x29 0x00000020 mem 0x80023e6b
core   0: 0x800038c4 (0x03cc1823) sh      t3, 48(s8)
core   0: 3 0x800038c4 (0x03cc1823) mem 0x8001fde2 0x9ab3
core   0: 0x800038c8 (0x083c4a03) lbu     s4, 131(s8)
core   0: 3 0x800038c8 (0x083c4a03) x20 0x000000ee mem 0x8001fe35
core   0: 0x800038cc (0xffe44c83) lbu     s9, -2(s0)
core   0: 3 0x800038cc (0xffe44c83) x25 0x00000012 mem 0x80023e59
core   0: 0x800038d0 (0xf85c1523) sh      t0, -118(s8)
core   0: 3 0x800038d0 (0xf85c1523) mem 0x8001fd3c 0x001a
core   0: 0x800038d4 (0xff340823) sb      s3, -16(s0)
core   0: 3 0x800038d4 (0xff340823) mem 0x80023e4b 0x94
core   0: 0x800038d8 (0x00b40683) lb      a3, 11(s0)
core   0: 3 0x800038d8 (0x00b40683) x13 0x0000000b mem 0x80023e66
core   0: 0x800038dc (0x045c4c83) lbu     s9, 69(s8)
core   0: 3 0x800038dc (0x045c4c83) x25 0x000000ac mem 0x8001fdf7
core   0: 0x800038e0 (0x00745683) lhu     a3, 7(s0)
core   0: 3 0x800038e0 (0x00745683) x13 0x00001819 mem 0x80023e62
core   0: 0x800038e4 (0xff6c5703) lhu     a4, -10(s8)
core   0: 3 0x800038e4 (0xff6c5703) x14 0x00006263 mem 0x8001fda8
core   0: 0x800038e8 (0x00021b17) auipc   s6, 0x21
core   0: 3 0x800038e8 (0x00021b17) x22 0x800248e8
core   0: 0x800038ec (0x3b7b0b13) addi    s6, s6, 951
core   0: 3 0x800038ec (0x3b7b0b13) x22 0x80024c9f
core   0: 0x800038f0 (0x00022a17) auipc   s4, 0x22
core   0: 3 0x800038f0 (0x00022a17) x20 0x800258f0
core   0: 0x800038f4 (0xe69a0a13) addi    s4, s4, -407
core   0: 3 0x800038f4 (0xe69a0a13) x20 0x80025759
core   0: 0x800038f8 (0x0001fc97) auipc   s9, 0x1f
core   0: 3 0x800038f8 (0x0001fc97) x25 0x800228f8
core   0: 0x800038fc (0x2edc8c93) addi    s9, s9, 749
core   0: 3 0x800038fc (0x2edc8c93) x25 0x80022be5
core   0: 0x80003900 (0xe74ca5a3) sw      s4, -405(s9)
core   0: 3 0x80003900 (0xe74ca5a3) mem 0x80022a50 0x80025759
core   0: 0x80003904 (0x00018297) auipc   t0, 0x18
core   0: 3 0x80003904 (0x00018297) x 5 0x8001b904
core   0: 0x80003908 (0xe9128293) addi    t0, t0, -367
core   0: 3 0x80003908 (0xe9128293) x 5 0x8001b795
core   0: 0x8000390c (0xff9a4903) lbu     s2, -7(s4)
core   0: 3 0x8000390c (0xff9a4903) x18 0x00000009 mem 0x80025752
core   0: 0x80003910 (0xd4cc8483) lb      s1, -692(s9)
core   0: 3 0x80003910 (0xd4cc8483) x 9 0xffffffea mem 0x80022931
core   0: 0x80003914 (0x00da04a3) sb      a3, 9(s4)
core   0: 3 0x80003914 (0x00da04a3) mem 0x80025762 0x19
core   0: 0x80003918 (0x339cc483) lbu     s1, 825(s9)
core   0: 3 0x80003918 (0x339cc483) x 9 0x000000d5 mem 0x80022f1e
core   0: 0x8000391c (0x6bac8a23) sb      s10, 1716(s9)
core   0: 3 0x8000391c (0x6bac8a23) mem 0x80023299 0x73
core   0: 0x80003920 (0xff9b5183) lhu     gp, -7(s6)
core   0: 3 0x80003920 (0xff9b5183) x 3 0x00005253 mem 0x80024c98
core   0: 0x80003924 (0xfc828223) sb      s0, -60(t0)
core   0: 3 0x80003924 (0xfc828223) mem 0x8001b759 0x5b
core   0: 0x80003928 (0x019a00a3) sb      s9, 1(s4)
core   0: 3 0x80003928 (0x019a00a3) mem 0x8002575a 0xe5
core   0: 0x8000392c (0x01428e23) sb      s4, 28(t0)
core   0: 3 0x8000392c (0x01428e23) mem 0x8001b7b1 0x59
core   0: 0x80003930 (0x020b4803) lbu     a6, 32(s6)
core   0: 3 0x80003930 (0x020b4803) x16 0x00000074 mem 0x80024cbf
core   0: 0x80003934 (0xf062c403) lbu     s0, -250(t0)
core   0: 3 0x80003934 (0xf062c403) x 8 0x00000050 mem 0x8001b69b
core   0: 0x80003938 (0x00db0d83) lb      s11, 13(s6)
core   0: 3 0x80003938 (0x00db0d83) x27 0x00000067 mem 0x80024cac
core   0: 0x8000393c (0x008a4d83) lbu     s11, 8(s4)
core   0: 3 0x8000393c (0x008a4d83) x27 0x0000001a mem 0x80025761
core   0: 0x80003940 (0x029b0823) sb      s1, 48(s6)
core   0: 3 0x80003940 (0x029b0823) mem 0x80024ccf 0xd5
core   0: 0x80003944 (0x818c8b83) lb      s7, -2024(s9)
core   0: 3 0x80003944 (0x818c8b83) x23 0xffffffb6 mem 0x800223fd
core   0: 0x80003948 (0x00db2783) lw      a5, 13(s6)
core   0: 3 0x80003948 (0x00db2783) x15 0x64656667 mem 0x80024cac
core   0: 0x8000394c (0xf652cd83) lbu     s11, -155(t0)
core   0: 3 0x8000394c (0xf652cd83) x27 0x000000b1 mem 0x8001b6fa
core   0: 0x80003950 (0x611cd883) lhu     a7, 1553(s9)
core   0: 3 0x80003950 (0x611cd883) x17 0x0000acad mem 0x800231f6
core   0: 0x80003954 (0x004a4503) lbu     a0, 4(s4)
core   0: 3 0x80003954 (0x004a4503) x10 0x00000016 mem 0x8002575d
core   0: 0x80003958 (0x03db1203) lh      tp, 61(s6)
core   0: 3 0x80003958 (0x03db1203) x 4 0xffff9697 mem 0x80024cdc
core   0: 0x8000395c (0xd2fcd803) lhu     a6, -721(s9)
core   0: 3 0x8000395c (0xd2fcd803) x16 0x0000cecf mem 0x80022914
core   0: 0x80003960 (0x010a4383) lbu     t2, 16(s4)
core   0: 3 0x80003960 (0x010a4383) x 7 0x00000022 mem 0x80025769
core   0: 0x80003964 (0xfc528323) sb      t0, -58(t0)
core   0: 3 0x80003964 (0xfc528323) mem 0x8001b75b 0x95
core   0: 0x80003968 (0x767ca983) lw      s3, 1895(s9)
core   0: 3 0x80003968 (0x767ca983) x19 0x04050607 mem 0x8002334c
core   0: 0x8000396c (0x110cc203) lbu     tp, 272(s9)
core   0: 3 0x8000396c (0x110cc203) x 4 0x000000ae mem 0x80022cf5
core   0: 0x80003970 (0xffea0503) lb      a0, -2(s4)
core   0: 3 0x80003970 (0xffea0503) x10 0x0000000c mem 0x80025757
core   0: 0x80003974 (0x0de28523) sb      t5, 202(t0)
core   0: 3 0x80003974 (0x0de28523) mem 0x8001b85f 0xcc
core   0: 0x80003978 (0xfffa4183) lbu     gp, -1(s4)
core   0: 3 0x80003978 (0xfffa4183) x 3 0x00000013 mem 0x80025758
core   0: 0x8000397c (0x0001b417) auipc   s0, 0x1b
core   0: 3 0x8000397c (0x0001b417) x 8 0x8001e97c
core   0: 0x80003980 (0x72340413) addi    s0, s0, 1827
core   0: 3 0x80003980 (0x72340413) x 8 0x8001f09f
core   0: 0x80003984 (0xffe44383) lbu     t2, -2(s0)
core   0: 3 0x80003984 (0xffe44383) x 7 0x00000056 mem 0x8001f09d
core   0: 0x80003988 (0x01140823) sb      a7, 16(s0)
core   0: 3 0x80003988 (0x01140823) mem 0x8001f0af 0xad
core   0: 0x8000398c (0xff640183) lb      gp, -10(s0)
core   0: 3 0x8000398c (0xff640183) x 3 0x0000004e mem 0x8001f095
core   0: 0x80003990 (0xfe4428a3) sw      tp, -15(s0)
core   0: 3 0x80003990 (0xfe4428a3) mem 0x8001f090 0x000000ae
core   0: 0x80003994 (0xff844c03) lbu     s8, -8(s0)
core   0: 3 0x80003994 (0xff844c03) x24 0x0000004c mem 0x8001f097
core   0: 0x80003998 (0xffb41203) lh      tp, -5(s0)
core   0: 3 0x80003998 (0xffb41203) x 4 0x00005051 mem 0x8001f09a
core   0: 0x8000399c (0x9132ea13) ori     s4, t0, -1773
core   0: 3 0x8000399c (0x9132ea13) x20 0xffffff97
core   0: 0x800039a0 (0x41edda93) srai    s5, s11, 30
core   0: 3 0x800039a0 (0x41edda93) x21 0x00000000
core   0: 0x800039a4 (0x00b40203) lb      tp, 11(s0)
core   0: 3 0x800039a4 (0x00b40203) x 4 0x00000061 mem 0x8001f0aa
core   0: 0x800039a8 (0x00c40303) lb      t1, 12(s0)
core   0: 3 0x800039a8 (0x00c40303) x 6 0x00000060 mem 0x8001f0ab
core   0: 0x800039ac (0x00544483) lbu     s1, 5(s0)
core   0: 3 0x800039ac (0x00544483) x 9 0x0000005f mem 0x8001f0a4
core   0: 0x800039b0 (0xff944e03) lbu     t3, -7(s0)
core   0: 3 0x800039b0 (0xff944e03) x28 0x00000053 mem 0x8001f098
core   0: 0x800039b4 (0x00439f33) sll     t5, t2, tp
core   0: 3 0x800039b4 (0x00439f33) x30 0x000000ac
core   0: 0x800039b8 (0x41cd5a33) sra     s4, s10, t3
core   0: 3 0x800039b8 (0x41cd5a33) x20 0x00000000
core   0: 0x800039bc (0xff540923) sb      s5, -14(s0)
core   0: 3 0x800039bc (0xff540923) mem 0x8001f091 0x0
core   0: 0x800039c0 (0x00422eb3) slt     t4, tp, tp
core   0: 3 0x800039c0 (0x00422eb3) x29 0x00000000
core   0: 0x800039c4 (0xc5038317) auipc   t1, 0xc5038
core   0: 3 0x800039c4 (0xc5038317) x 6 0x4503b9c4
core   0: 0x800039c8 (0x01d85f13) srli    t5, a6, 29
core   0: 3 0x800039c8 (0x01d85f13) x30 0x00000000
core   0: 0x800039cc (0x012d9333) sll     t1, s11, s2
core   0: 3 0x800039cc (0x012d9333) x 6 0x00016200
core   0: 0x800039d0 (0x531a3e93) sltiu   t4, s4, 1329
core   0: 3 0x800039d0 (0x531a3e93) x29 0x00000001
core   0: 0x800039d4 (0x01e103b3) add     t2, sp, t5
core   0: 3 0x800039d4 (0x01e103b3) x 7 0x8002ece4
core   0: 0x800039d8 (0xfe742aa3) sw      t2, -11(s0)
core   0: 3 0x800039d8 (0xfe742aa3) mem 0x8001f094 0x8002ece4
core   0: 0x800039dc (0xffb40783) lb      a5, -5(s0)
core   0: 3 0x800039dc (0xffb40783) x15 0x00000051 mem 0x8001f09a
core   0: 0x800039e0 (0x013ebc33) sltu    s8, t4, s3
core   0: 3 0x800039e0 (0x013ebc33) x24 0x00000001
core   0: 0x800039e4 (0xff542983) lw      s3, -11(s0)
core   0: 3 0x800039e4 (0xff542983) x19 0x8002ece4 mem 0x8001f094
core   0: 0x800039e8 (0x019de533) or      a0, s11, s9
core   0: 3 0x800039e8 (0x019de533) x10 0x80022bf5
core   0: 0x800039ec (0x00c40903) lb      s2, 12(s0)
core   0: 3 0x800039ec (0x00c40903) x18 0x00000060 mem 0x8001f0ab
core   0: 0x800039f0 (0xff840d03) lb      s10, -8(s0)
core   0: 3 0x800039f0 (0xff840d03) x26 0xffffff80 mem 0x8001f097
core   0: 0x800039f4 (0xff4408a3) sb      s4, -15(s0)
core   0: 3 0x800039f4 (0xff4408a3) mem 0x8001f090 0x0
core   0: 0x800039f8 (0x0ff0000f) fence   iorw,iorw
core   0: 3 0x800039f8 (0x0ff0000f)
core   0: 0x800039fc (0xff840e03) lb      t3, -8(s0)
core   0: 3 0x800039fc (0xff840e03) x28 0xffffff80 mem 0x8001f097
core   0: 0x80003a00 (0x014c5d33) srl     s10, s8, s4
core   0: 3 0x80003a00 (0x014c5d33) x26 0x00000001
core   0: 0x80003a04 (0x5062af37) lui     t5, 0x5062a
core   0: 3 0x80003a04 (0x5062af37) x30 0x5062a000
core   0: 0x80003a08 (0x00e40023) sb      a4, 0(s0)
core   0: 3 0x80003a08 (0x00e40023) mem 0x8001f09f 0x63
core   0: 0x80003a0c (0x00040c03) lb      s8, 0(s0)
core   0: 3 0x80003a0c (0x00040c03) x24 0x00000063 mem 0x8001f09f
core   0: 0x80003a10 (0x00021f17) auipc   t5, 0x21
core   0: 3 0x80003a10 (0x00021f17) x30 0x80024a10
core   0: 0x80003a14 (0x96af0f13) addi    t5, t5, -1686
core   0: 3 0x80003a14 (0x96af0f13) x30 0x8002437a
core   0: 0x80003a18 (0x020f1783) lh      a5, 32(t5)
core   0: 3 0x80003a18 (0x020f1783) x15 0x00005051 mem 0x8002439a
core   0: 0x80003a1c (0xfe8f1503) lh      a0, -24(t5)
core   0: 3 0x80003a1c (0xfe8f1503) x10 0x00001819 mem 0x80024362
core   0: 0x80003a20 (0x008f5383) lhu     t2, 8(t5)
core   0: 3 0x80003a20 (0x008f5383) x 7 0x00003839 mem 0x80024382
core   0: 0x80003a24 (0x037f1723) sh      s7, 46(t5)
core   0: 3 0x80003a24 (0x037f1723) mem 0x800243a8 0xffb6
core   0: 0x80003a28 (0x028f4783) lbu     a5, 40(t5)
core   0: 3 0x80003a28 (0x028f4783) x15 0x00000059 mem 0x800243a2
core   0: 0x80003a2c (0x01cf4983) lbu     s3, 28(t5)
core   0: 3 0x80003a2c (0x01cf4983) x19 0x0000004d mem 0x80024396
core   0: 0x80003a30 (0x01cf61b3) or      gp, t5, t3
core   0: 3 0x80003a30 (0x01cf61b3) x 3 0xfffffffa
core   0: 0x80003a34 (0xfc1f0a83) lb      s5, -63(t5)
core   0: 3 0x80003a34 (0xfc1f0a83) x21 0xfffffff0 mem 0x8002433b
core   0: 0x80003a38 (0xe76c7b13) andi    s6, s8, -394
core   0: 3 0x80003a38 (0xe76c7b13) x22 0x00000062
core   0: 0x80003a3c (0x005f0403) lb      s0, 5(t5)
core   0: 3 0x80003a3c (0x005f0403) x 8 0x00000034 mem 0x8002437f
core   0: 0x80003a40 (0x64218513) addi    a0, gp, 1602
core   0: 3 0x80003a40 (0x64218513) x10 0x0000063c
core   0: 0x80003a44 (0x009f0d83) lb      s11, 9(t5)
core   0: 3 0x80003a44 (0x009f0d83) x27 0x00000038 mem 0x80024383
core   0: 0x80003a48 (0x004eb1b3) sltu    gp, t4, tp
core   0: 3 0x80003a48 (0x004eb1b3) x 3 0x00000001
core   0: 0x80003a4c (0x025f4e03) lbu     t3, 37(t5)
core   0: 3 0x80003a4c (0x025f4e03) x28 0x00000054 mem 0x8002439f
core   0: 0x80003a50 (0xfd8f1183) lh      gp, -40(t5)
core   0: 3 0x80003a50 (0xfd8f1183) x 3 0x00000809 mem 0x80024352
core   0: 0x80003a54 (0xfd8f1d03) lh      s10, -40(t5)
core   0: 3 0x80003a54 (0xfd8f1d03) x26 0x00000809 mem 0x80024352
core   0: 0x80003a58 (0xfd8f4083) lbu     ra, -40(t5)
core   0: 3 0x80003a58 (0xfd8f4083) x 1 0x00000009 mem 0x80024352
core   0: 0x80003a5c (0xebeb2b93) slti    s7, s6, -322
core   0: 3 0x80003a5c (0xebeb2b93) x23 0x00000000
core   0: 0x80003a60 (0xfd8f1f83) lh      t6, -40(t5)
core   0: 3 0x80003a60 (0xfd8f1f83) x31 0x00000809 mem 0x80024352
core   0: 0x80003a64 (0x0001c417) auipc   s0, 0x1c
core   0: 3 0x80003a64 (0x0001c417) x 8 0x8001fa64
core   0: 0x80003a68 (0x3dc40413) addi    s0, s0, 988
core   0: 3 0x80003a68 (0x3dc40413) x 8 0x8001fe40
core   0: 0x80003a6c (0x0ae44803) lbu     a6, 174(s0)
core   0: 3 0x80003a6c (0x0ae44803) x16 0x000000a5 mem 0x8001feee
core   0: 0x80003a70 (0xf49405a3) sb      s1, -181(s0)
core   0: 3 0x80003a70 (0xf49405a3) mem 0x8001fd8b 0x5f
core   0: 0x80003a74 (0x00cd66b3) or      a3, s10, a2
core   0: 3 0x80003a74 (0x00cd66b3) x13 0x8002ae39
core   0: 0x80003a78 (0x41bd8833) sub     a6, s11, s11
core   0: 3 0x80003a78 (0x41bd8833) x16 0x00000000
core   0: 0x80003a7c (0x00944883) lbu     a7, 9(s0)
core   0: 3 0x80003a7c (0x00944883) x17 0x00000002 mem 0x8001fe49
core   0: 0x80003a80 (0xf0442e23) sw      tp, -228(s0)
core   0: 3 0x80003a80 (0xf0442e23) mem 0x8001fd5c 0x00000061
core   0: 0x80003a84 (0x0c540503) lb      a0, 197(s0)
core   0: 3 0x80003a84 (0x0c540503) x10 0xffffffbe mem 0x8001ff05
core   0: 0x80003a88 (0x00ef84b3) add     s1, t6, a4
core   0: 3 0x80003a88 (0x00ef84b3) x 9 0x00006a6c
core   0: 0x80003a8c (0xf0544f83) lbu     t6, -251(s0)
core   0: 3 0x80003a8c (0xf0544f83) x31 0x000000fe mem 0x8001fd45
core   0: 0x80003a90 (0xf2d44a83) lbu     s5, -211(s0)
core   0: 3 0x80003a90 (0xf2d44a83) x21 0x00000026 mem 0x8001fd6d
core   0: 0x80003a94 (0xf9c41483) lh      s1, -100(s0)
core   0: 3 0x80003a94 (0xf9c41483) x 9 0xffff9697 mem 0x8001fddc
core   0: 0x80003a98 (0x010f1193) slli    gp, t5, 16
core   0: 3 0x80003a98 (0x010f1193) x 3 0x437a0000
core   0: 0x80003a9c (0xfd540a03) lb      s4, -43(s0)
core   0: 3 0x80003a9c (0xfd540a03) x20 0xffffffce mem 0x8001fe15
core   0: 0x80003aa0 (0x007400a3) sb      t2, 1(s0)
core   0: 3 0x80003aa0 (0x007400a3) mem 0x8001fe41 0x39
core   0: 0x80003aa4 (0x00444a83) lbu     s5, 4(s0)
core   0: 3 0x80003aa4 (0x00444a83) x21 0x000000ff mem 0x8001fe44
core   0: 0x80003aa8 (0x0fc45003) lhu     zero, 252(s0)
core   0: 3 0x80003aa8 (0x0fc45003) mem 0x8001ff3c
core   0: 0x80003aac (0xfff44683) lbu     a3, -1(s0)
core   0: 3 0x80003aac (0xfff44683) x13 0x000000f4 mem 0x8001fe3f
core   0: 0x80003ab0 (0xfbd401a3) sb      t4, -93(s0)
core   0: 3 0x80003ab0 (0xfbd401a3) mem 0x8001fde3 0x1
core   0: 0x80003ab4 (0x00740123) sb      t2, 2(s0)
core   0: 3 0x80003ab4 (0x00740123) mem 0x8001fe42 0x39
core   0: 0x80003ab8 (0x0ef44703) lbu     a4, 239(s0)
core   0: 3 0x80003ab8 (0x0ef44703) x14 0x000000e4 mem 0x8001ff2f
core   0: 0x80003abc (0x005405a3) sb      t0, 11(s0)
core   0: 3 0x80003abc (0x005405a3) mem 0x8001fe4b 0x95
core   0: 0x80003ac0 (0x04842283) lw      t0, 72(s0)
core   0: 3 0x80003ac0 (0x04842283) x 5 0x40414243 mem 0x8001fe88
core   0: 0x80003ac4 (0x0ff0000f) fence   iorw,iorw
core   0: 3 0x80003ac4 (0x0ff0000f)
core   0: 0x80003ac8 (0x0b144303) lbu     t1, 177(s0)
core   0: 3 0x80003ac8 (0x0b144303) x 6 0x000000aa mem 0x8001fef1
core   0: 0x80003acc (0x00c91a33) sll     s4, s2, a2
core   0: 3 0x80003acc (0x00c91a33) x20 0x00600000
core   0: 0x80003ad0 (0x4182de13) srai    t3, t0, 24
core   0: 3 0x80003ad0 (0x4182de13) x28 0x00000040
core   0: 0x80003ad4 (0x0fe41003) lh      zero, 254(s0)
core   0: 3 0x80003ad4 (0x0fe41003) mem 0x8001ff3e
core   0: 0x80003ad8 (0x0000100f) fence.i
core   0: 3 0x80003ad8 (0x0000100f)
core   0: 0x80003adc (0xf6b42623) sw      a1, -148(s0)
core   0: 3 0x80003adc (0xf6b42623) mem 0x8001fdac 0x80000000
core   0: 0x80003ae0 (0x0fa40b03) lb      s6, 250(s0)
core   0: 3 0x80003ae0 (0x0fa40b03) x22 0xfffffff1 mem 0x8001ff3a
core   0: 0x80003ae4 (0xf5444f83) lbu     t6, -172(s0)
core   0: 3 0x80003ae4 (0xf5444f83) x31 0x0000004f mem 0x8001fd94
core   0: 0x80003ae8 (0x51e18493) addi    s1, gp, 1310
core   0: 3 0x80003ae8 (0x51e18493) x 9 0x437a051e
core   0: 0x80003aec (0x01645e03) lhu     t3, 22(s0)
core   0: 3 0x80003aec (0x01645e03) x28 0x00000c0d mem 0x8001fe56
core   0: 0x80003af0 (0x40d1deb3) sra     t4, gp, a3
core   0: 3 0x80003af0 (0x40d1deb3) x29 0x00000437
core   0: 0x80003af4 (0x01244003) lbu     zero, 18(s0)
core   0: 3 0x80003af4 (0x01244003) mem 0x8001fe52
core   0: 0x80003af8 (0x0119d813) srli    a6, s3, 17
core   0: 3 0x80003af8 (0x0119d813) x16 0x00000000
core   0: 0x80003afc (0x00000013) nop
core   0: 3 0x80003afc (0x00000013)
core   0: 0x80003b00 (0x069409a3) sb      s1, 115(s0)
core   0: 3 0x80003b00 (0x069409a3) mem 0x8001feb3 0x1e
core   0: 0x80003b04 (0x01079d93) slli    s11, a5, 16
core   0: 3 0x80003b04 (0x01079d93) x27 0x00590000
core   0: 0x80003b08 (0x0000100f) fence.i
core   0: 3 0x80003b08 (0x0000100f)
core   0: 0x80003b0c (0xf8b42a23) sw      a1, -108(s0)
core   0: 3 0x80003b0c (0xf8b42a23) mem 0x8001fdd4 0x80000000
core   0: 0x80003b10 (0x03344503) lbu     a0, 51(s0)
core   0: 3 0x80003b10 (0x03344503) x10 0x00000028 mem 0x8001fe73
core   0: 0x80003b14 (0xf0140ea3) sb      ra, -227(s0)
core   0: 3 0x80003b14 (0xf0140ea3) mem 0x8001fd5d 0x9
core   0: 0x80003b18 (0x0130de13) srli    t3, ra, 19
core   0: 3 0x80003b18 (0x0130de13) x28 0x00000000
core   0: 0x80003b1c (0x09e40223) sb      t5, 132(s0)
core   0: 3 0x80003b1c (0x09e40223) mem 0x8001fec4 0x7a
core   0: 0x80003b20 (0x00019097) auipc   ra, 0x19
core   0: 3 0x80003b20 (0x00019097) x 1 0x8001cb20
core   0: 0x80003b24 (0x87d08093) addi    ra, ra, -1923
core   0: 3 0x80003b24 (0x87d08093) x 1 0x8001c39d
core   0: 0x80003b28 (0xf24090a3) sh      tp, -223(ra)
core   0: 3 0x80003b28 (0xf24090a3) mem 0x8001c2be 0x0061
core   0: 0x80003b2c (0x88959fb7) lui     t6, 0x88959
core   0: 3 0x80003b2c (0x88959fb7) x31 0x88959000
core   0: 0x80003b30 (0x005464b3) or      s1, s0, t0
core   0: 3 0x80003b30 (0x005464b3) x 9 0xc041fe43
core   0: 0x80003b34 (0x0000100f) fence.i
core   0: 3 0x80003b34 (0x0000100f)
core   0: 0x80003b38 (0xf290afa3) sw      s1, -193(ra)
core   0: 3 0x80003b38 (0xf290afa3) mem 0x8001c2dc 0xc041fe43
core   0: 0x80003b3c (0xf2309c83) lh      s9, -221(ra)
core   0: 3 0x80003b3c (0xf2309c83) x25 0x00007a7b mem 0x8001c2c0
core   0: 0x80003b40 (0xf7f0ada3) sw      t6, -133(ra)
core   0: 3 0x80003b40 (0xf7f0ada3) mem 0x8001c318 0x88959000
core   0: 0x80003b44 (0xf5808023) sb      s8, -192(ra)
core   0: 3 0x80003b44 (0xf5808023) mem 0x8001c2dd 0x63
core   0: 0x80003b48 (0xfa308c83) lb      s9, -93(ra)
core   0: 3 0x80003b48 (0xfa308c83) x25 0xfffffffb mem 0x8001c340
core   0: 0x80003b4c (0xf05092a3) sh      t0, -251(ra)
core   0: 3 0x80003b4c (0xf05092a3) mem 0x8001c2a2 0x4243
core   0: 0x80003b50 (0x01b6bdb3) sltu    s11, a3, s11
core   0: 3 0x80003b50 (0x01b6bdb3) x27 0x00000001
core   0: 0x80003b54 (0xfc80aba3) sw      s0, -41(ra)
core   0: 3 0x80003b54 (0xfc80aba3) mem 0x8001c374 0x8001fe40
core   0: 0x80003b58 (0x0000100f) fence.i
core   0: 3 0x80003b58 (0x0000100f)
core   0: 0x80003b5c (0x4190d493) srai    s1, ra, 25
core   0: 3 0x80003b5c (0x4190d493) x 9 0xffffffc0
core   0: 0x80003b60 (0x06308a23) sb      gp, 116(ra)
core   0: 3 0x80003b60 (0x06308a23) mem 0x8001c411 0x0
core   0: 0x80003b64 (0x00000013) nop
core   0: 3 0x80003b64 (0x00000013)
core   0: 0x80003b68 (0x0390d483) lhu     s1, 57(ra)
core   0: 3 0x80003b68 (0x0390d483) x 9 0x00008c8d mem 0x8001c3d6
core   0: 0x80003b6c (0x01309a13) slli    s4, ra, 19
core   0: 3 0x80003b6c (0x01309a13) x20 0x1ce80000
core   0: 0x80003b70 (0xf0e0cf83) lbu     t6, -242(ra)
core   0: 3 0x80003b70 (0xf0e0cf83) x31 0x00000060 mem 0x8001c2ab
core   0: 0x80003b74 (0xfa524813) xori    a6, tp, -91
core   0: 3 0x80003b74 (0xfa524813) x16 0xffffffc4
core   0: 0x80003b78 (0xff00c303) lbu     t1, -16(ra)
core   0: 3 0x80003b78 (0xff00c303) x 6 0x00000046 mem 0x8001c38d
core   0: 0x80003b7c (0x0ff0000f) fence   iorw,iorw
core   0: 3 0x80003b7c (0x0ff0000f)
core   0: 0x80003b80 (0x0ba08903) lb      s2, 186(ra)
core   0: 3 0x80003b80 (0x0ba08903) x18 0x0000000c mem 0x8001c457
core   0: 0x80003b84 (0x02c08a23) sb      a2, 52(ra)
core   0: 3 0x80003b84 (0x02c08a23) mem 0x8001c3d1 0x30
core   0: 0x80003b88 (0xfbc08b83) lb      s7, -68(ra)
core   0: 3 0x80003b88 (0xfbc08b83) x23 0x00000012 mem 0x8001c359
core   0: 0x80003b8c (0x00885893) srli    a7, a6, 8
core   0: 3 0x80003b8c (0x00885893) x17 0x00ffffff
core   0: 0x80003b90 (0xf1309503) lh      a0, -237(ra)
core   0: 3 0x80003b90 (0xf1309503) x10 0x00006a6b mem 0x8001c2b0
core   0: 0x80003b94 (0x0000100f) fence.i
core   0: 3 0x80003b94 (0x0000100f)
core   0: 0x80003b98 (0xc2594e93) xori    t4, s2, -987
core   0: 3 0x80003b98 (0xc2594e93) x29 0xfffffc29
core   0: 0x80003b9c (0xcbbfcb17) auipc   s6, 0xcbbfc
core   0: 3 0x80003b9c (0xcbbfcb17) x22 0x4bbffb9c
core   0: 0x80003ba0 (0xf8d08523) sb      a3, -118(ra)
core   0: 3 0x80003ba0 (0xf8d08523) mem 0x8001c327 0xf4
core   0: 0x80003ba4 (0xf3908903) lb      s2, -199(ra)
core   0: 3 0x80003ba4 (0xf3908903) x18 0xffffff8d mem 0x8001c2d6
core   0: 0x80003ba8 (0x04208703) lb      a4, 66(ra)
core   0: 3 0x80003ba8 (0x04208703) x14 0xffffff94 mem 0x8001c3df
core   0: 0x80003bac (0x20dc0393) addi    t2, s8, 525
core   0: 3 0x80003bac (0x20dc0393) x 7 0x00000270
core   0: 0x80003bb0 (0x0132c1b3) xor     gp, t0, s3
core   0: 3 0x80003bb0 (0x0132c1b3) x 3 0x4041420e
core   0: 0x80003bb4 (0x009e2333) slt     t1, t3, s1
core   0: 3 0x80003bb4 (0x009e2333) x 6 0x00000001
core   0: 0x80003bb8 (0xf8b0c703) lbu     a4, -117(ra)
core   0: 3 0x80003bb8 (0xf8b0c703) x14 0x000000e3 mem 0x8001c328
core   0: 0x80003bbc (0x417856b3) sra     a3, a6, s7
core   0: 3 0x80003bbc (0x417856b3) x13 0xffffffff
core   0: 0x80003bc0 (0x05f0ab83) lw      s7, 95(ra)
core   0: 3 0x80003bc0 (0x05f0ab83) x23 0xb4b5b6b7 mem 0x8001c3fc
core   0: 0x80003bc4 (0x0780cf03) lbu     t5, 120(ra)
core   0: 3 0x80003bc4 (0x0780cf03) x30 0x000000ce mem 0x8001c415
core   0: 0x80003bc8 (0xfec0a9a3) sw      a2, -13(ra)
core   0: 3 0x80003bc8 (0xfec0a9a3) mem 0x8001c390 0x8002ae30
core   0: 0x80003bcc (0x10f9f893) andi    a7, s3, 271
core   0: 3 0x80003bcc (0x10f9f893) x17 0x0000000d
core   0: 0x80003bd0 (0x0470c403) lbu     s0, 71(ra)
core   0: 3 0x80003bd0 (0x0470c403) x 8 0x0000009f mem 0x8001c3e4
core   0: 0x80003bd4 (0xf91be213) ori     tp, s7, -111
core   0: 3 0x80003bd4 (0xf91be213) x 4 0xffffffb7
core   0: 0x80003bd8 (0x0c208783) lb      a5, 194(ra)
core   0: 3 0x80003bd8 (0x0c208783) x15 0x00000014 mem 0x8001c45f
core   0: 0x80003bdc (0x47007a37) lui     s4, 0x47007
core   0: 3 0x80003bdc (0x47007a37) x20 0x47007000
core   0: 0x80003be0 (0xa571bd93) sltiu   s11, gp, -1449
core   0: 3 0x80003be0 (0xa571bd93) x27 0x00000001
core   0: 0x80003be4 (0x008c9793) slli    a5, s9, 8
core   0: 3 0x80003be4 (0x008c9793) x15 0xfffffb00
core   0: 0x80003be8 (0x00000013) nop
core   0: 3 0x80003be8 (0x00000013)
core   0: 0x80003bec (0xff808f03) lb      t5, -8(ra)
core   0: 3 0x80003bec (0xff808f03) x30 0x0000004e mem 0x8001c395
core   0: 0x80003bf0 (0x0b109383) lh      t2, 177(ra)
core   0: 3 0x80003bf0 (0x0b109383) x 7 0x00000405 mem 0x8001c44e
core   0: 0x80003bf4 (0x00be1713) slli    a4, t3, 11
core   0: 3 0x80003bf4 (0x00be1713) x14 0x00000000
core   0: 0x80003bf8 (0xf0708223) sb      t2, -252(ra)
core   0: 3 0x80003bf8 (0xf0708223) mem 0x8001c2a1 0x5
core   0: 0x80003bfc (0xf580cf03) lbu     t5, -168(ra)
core   0: 3 0x80003bfc (0xf580cf03) x30 0x000000ae mem 0x8001c2f5
core   0: 0x80003c00 (0x0001b997) auipc   s3, 0x1b
core   0: 3 0x80003c00 (0x0001b997) x19 0x8001ec00
core   0: 0x80003c04 (0xb4898993) addi    s3, s3, -1208
core   0: 3 0x80003c04 (0xb4898993) x19 0x8001e748
core   0: 0x80003c08 (0x01d985a3) sb      t4, 11(s3)
core   0: 3 0x80003c08 (0x01d985a3) mem 0x8001e753 0x29
core   0: 0x80003c0c (0x0ff0000f) fence   iorw,iorw
core   0: 3 0x80003c0c (0x0ff0000f)
core   0: 0x80003c10 (0xf3498003) lb      zero, -204(s3)
core   0: 3 0x80003c10 (0xf3498003) mem 0x8001e67c
core   0: 0x80003c14 (0xf1b98083) lb      ra, -229(s3)
core   0: 3 0x80003c14 (0xf1b98083) x 1 0x00000018 mem 0x8001e663
core   0: 0x80003c18 (0xf0b98da3) sb      a1, -229(s3)
core   0: 3 0x80003c18 (0xf0b98da3) mem 0x8001e663 0x0
core   0: 0x80003c1c (0x01d96bb3) or      s7, s2, t4
core   0: 3 0x80003c1c (0x01d96bb3) x23 0xffffffad
core   0: 0x80003c20 (0xf0498da3) sb      tp, -229(s3)
core   0: 3 0x80003c20 (0xf0498da3) mem 0x8001e663 0xb7
core   0: 0x80003c24 (0xf2e99c23) sh      a4, -200(s3)
core   0: 3 0x80003c24 (0xf2e99c23) mem 0x8001e680 0x0000
core   0: 0x80003c28 (0xfa39c403) lbu     s0, -93(s3)
core   0: 3 0x80003c28 (0xfa39c403) x 8 0x000000a0 mem 0x8001e6eb
core   0: 0x80003c2c (0x0000100f) fence.i
core   0: 3 0x80003c2c (0x0000100f)
core   0: 0x80003c30 (0x04a988a3) sb      a0, 81(s3)
core   0: 3 0x80003c30 (0x04a988a3) mem 0x8001e799 0x6b
core   0: 0x80003c34 (0x05d9c283) lbu     t0, 93(s3)
core   0: 3 0x80003c34 (0x05d9c283) x 5 0x0000005e mem 0x8001e7a5
core   0: 0x80003c38 (0x05d98f83) lb      t6, 93(s3)
core   0: 3 0x80003c38 (0x05d98f83) x31 0x0000005e mem 0x8001e7a5
core   0: 0x80003c3c (0x0c999f23) sh      s1, 222(s3)
core   0: 3 0x80003c3c (0x0c999f23) mem 0x8001e826 0x8c8d
core   0: 0x80003c40 (0x0001be17) auipc   t3, 0x1b
core   0: 3 0x80003c40 (0x0001be17) x28 0x8001ec40
core   0: 0x80003c44 (0x933e0e13) addi    t3, t3, -1741
core   0: 3 0x80003c44 (0x933e0e13) x28 0x8001e573
core   0: 0x80003c48 (0xcc9fcd13) xori    s10, t6, -823
core   0: 3 0x80003c48 (0xcc9fcd13) x26 0xfffffc97
core   0: 0x80003c4c (0x5c7a3017) auipc   zero, 0x5c7a3
core   0: 3 0x80003c4c (0x5c7a3017)
core   0: 0x80003c50 (0x00f89433) sll     s0, a7, a5
core   0: 3 0x80003c50 (0x00f89433) x 8 0x0000000d
core   0: 0x80003c54 (0x0abe1f83) lh      t6, 171(t3)
core   0: 3 0x80003c54 (0x0abe1f83) x31 0xffffd4d5 mem 0x8001e61e
core   0: 0x80003c58 (0x029e5c03) lhu     s8, 41(t3)
core   0: 3 0x80003c58 (0x029e5c03) x24 0x00005657 mem 0x8001e59c
core   0: 0x80003c5c (0x41bddf33) sra     t5, s11, s11
core   0: 3 0x80003c5c (0x41bddf33) x30 0x00000000
core   0: 0x80003c60 (0xb8883693) sltiu   a3, a6, -1144
core   0: 3 0x80003c60 (0xb8883693) x13 0x00000000
core   0: 0x80003c64 (0x011b08b3) add     a7, s6, a7
core   0: 3 0x80003c64 (0x011b08b3) x17 0x4bbffba9
core   0: 0x80003c68 (0x00c75eb3) srl     t4, a4, a2
core   0: 3 0x80003c68 (0x00c75eb3) x29 0x00000000
core   0: 0x80003c6c (0x611e5b83) lhu     s7, 1553(t3)
core   0: 3 0x80003c6c (0x611e5b83) x23 0x00003e3f mem 0x8001eb84
core   0: 0x80003c70 (0x008f1733) sll     a4, t5, s0
core   0: 3 0x80003c70 (0x008f1733) x14 0x00000000
core   0: 0x80003c74 (0x00000013) nop
core   0: 3 0x80003c74 (0x00000013)
core   0: 0x80003c78 (0x00a60fb3) add     t6, a2, a0
core   0: 3 0x80003c78 (0x00a60fb3) x31 0x8003189b
core   0: 0x80003c7c (0x6e5e0323) sb      t0, 1766(t3)
core   0: 3 0x80003c7c (0x6e5e0323) mem 0x8001ec59 0x5e
core   0: 0x80003c80 (0x49de2883) lw      a7, 1181(t3)
core   0: 3 0x80003c80 (0x49de2883) x17 0xc8c9cacb mem 0x8001ea10
core   0: 0x80003c84 (0x0000100f) fence.i
core   0: 3 0x80003c84 (0x0000100f)
core   0: 0x80003c88 (0xf7fe0223) sb      t6, -156(t3)
core   0: 3 0x80003c88 (0xf7fe0223) mem 0x8001e4d7 0x9b
core   0: 0x80003c8c (0x045e4503) lbu     a0, 69(t3)
core   0: 3 0x80003c8c (0x045e4503) x10 0x00000073 mem 0x8001e5b8
core   0: 0x80003c90 (0xc1ce0a03) lb      s4, -996(t3)
core   0: 3 0x80003c90 (0xc1ce0a03) x20 0x00000044 mem 0x8001e18f
core   0: 0x80003c94 (0x00b3d0b3) srl     ra, t2, a1
core   0: 3 0x80003c94 (0x00b3d0b3) x 1 0x00000405
core   0: 0x80003c98 (0xd02e4d83) lbu     s11, -766(t3)
core   0: 3 0x80003c98 (0xd02e4d83) x27 0x0000002e mem 0x8001e275
core   0: 0x80003c9c (0x235e22a3) sw      s5, 549(t3)
core   0: 3 0x80003c9c (0x235e22a3) mem 0x8001e798 0x000000ff
core   0: 0x80003ca0 (0x80d16893) ori     a7, sp, -2035
core   0: 3 0x80003ca0 (0x80d16893) x17 0xfffffced
core   0: 0x80003ca4 (0x00b8df13) srli    t5, a7, 11
core   0: 3 0x80003ca4 (0x00b8df13) x30 0x001fffff
core   0: 0x80003ca8 (0x6f0e0c83) lb      s9, 1776(t3)
core   0: 3 0x80003ca8 (0x6f0e0c83) x25 0x00000018 mem 0x8001ec63
core   0: 0x80003cac (0xb23e0d83) lb      s11, -1245(t3)
core   0: 3 0x80003cac (0xb23e0d83) x27 0x0000004d mem 0x8001e096
core   0: 0x80003cb0 (0xe9fe0c23) sb      t6, -360(t3)
core   0: 3 0x80003cb0 (0xe9fe0c23) mem 0x8001e40b 0x9b
core   0: 0x80003cb4 (0x00022917) auipc   s2, 0x22
core   0: 3 0x80003cb4 (0x00022917) x18 0x80025cb4
core   0: 0x80003cb8 (0x22690913) addi    s2, s2, 550
core   0: 3 0x80003cb8 (0x22690913) x18 0x80025eda
core   0: 0x80003cbc (0x00017a97) auipc   s5, 0x17
core   0: 3 0x80003cbc (0x00017a97) x21 0x8001acbc
core   0: 0x80003cc0 (0xae1a8a93) addi    s5, s5, -1311
core   0: 3 0x80003cc0 (0xae1a8a93) x21 0x8001a79d
core   0: 0x80003cc4 (0x0001af97) auipc   t6, 0x1a
core   0: 3 0x80003cc4 (0x0001af97) x31 0x8001dcc4
core   0: 0x80003cc8 (0x082f8f93) addi    t6, t6, 130
core   0: 3 0x80003cc8 (0x082f8f93) x31 0x8001dd46
core   0: 0x80003ccc (0x0001a997) auipc   s3, 0x1a
core   0: 3 0x80003ccc (0x0001a997) x19 0x8001dccc
core   0: 0x80003cd0 (0x27a98993) addi    s3, s3, 634
core   0: 3 0x80003cd0 (0x27a98993) x19 0x8001df46
core   0: 0x80003cd4 (0x006a8403) lb      s0, 6(s5)
core   0: 3 0x80003cd4 (0x006a8403) x 8 0x00000058 mem 0x8001a7a3
core   0: 0x80003cd8 (0x0e490a03) lb      s4, 228(s2)
core   0: 3 0x80003cd8 (0x0e490a03) x20 0x00000075 mem 0x80025fbe
core   0: 0x80003cdc (0xf5895003) lhu     zero, -168(s2)
core   0: 3 0x80003cdc (0xf5895003) mem 0x80025e32
core   0: 0x80003ce0 (0x02d982a3) sb      a3, 37(s3)
core   0: 3 0x80003ce0 (0x02d982a3) mem 0x8001df6b 0x0
core   0: 0x80003ce4 (0xf9990a03) lb      s4, -103(s2)
core   0: 3 0x80003ce4 (0xf9990a03) x20 0x00000028 mem 0x80025e73
core   0: 0x80003ce8 (0x025983a3) sb      t0, 39(s3)
core   0: 3 0x80003ce8 (0x025983a3) mem 0x8001df6d 0x5e
core   0: 0x80003cec (0x003f8423) sb      gp, 8(t6)
core   0: 3 0x80003cec (0x003f8423) mem 0x8001dd4e 0xe
core   0: 0x80003cf0 (0xffca8b03) lb      s6, -4(s5)
core   0: 3 0x80003cf0 (0xffca8b03) x22 0x00000052 mem 0x8001a799
core   0: 0x80003cf4 (0x004fc403) lbu     s0, 4(t6)
core   0: 3 0x80003cf4 (0x004fc403) x 8 0x00000001 mem 0x8001dd4a
core   0: 0x80003cf8 (0xff3acf03) lbu     t5, -13(s5)
core   0: 3 0x80003cf8 (0xff3acf03) x30 0x0000004b mem 0x8001a790
core   0: 0x80003cfc (0x00afa403) lw      s0, 10(t6)
core   0: 3 0x80003cfc (0x00afa403) x 8 0x08090a0b mem 0x8001dd50
core   0: 0x80003d00 (0x01b99123) sh      s11, 2(s3)
core   0: 3 0x80003d00 (0x01b99123) mem 0x8001df48 0x004d
core   0: 0x80003d04 (0x003a9083) lh      ra, 3(s5)
core   0: 3 0x80003d04 (0x003a9083) x 1 0x00005a5b mem 0x8001a7a0
core   0: 0x80003d08 (0xfe19c483) lbu     s1, -31(s3)
core   0: 3 0x80003d08 (0xfe19c483) x 9 0x000000dc mem 0x8001df27
core   0: 0x80003d0c (0x007f82a3) sb      t2, 5(t6)
core   0: 3 0x80003d0c (0x007f82a3) mem 0x8001dd4b 0x5
core   0: 0x80003d10 (0x016f86a3) sb      s6, 13(t6)
core   0: 3 0x80003d10 (0x016f86a3) mem 0x8001dd53 0x52
core   0: 0x80003d14 (0x02099723) sh      zero, 46(s3)
core   0: 3 0x80003d14 (0x02099723) mem 0x8001df74 0x0000
core   0: 0x80003d18 (0xf0891683) lh      a3, -248(s2)
core   0: 3 0x80003d18 (0xf0891683) x13 0xffff9899 mem 0x80025de2
core   0: 0x80003d1c (0x006f8483) lb      s1, 6(t6)
core   0: 3 0x80003d1c (0x006f8483) x 9 0x00000007 mem 0x8001dd4c
core   0: 0x80003d20 (0xfc299203) lh      tp, -62(s3)
core   0: 3 0x80003d20 (0xfc299203) x 4 0xffffc2c3 mem 0x8001df08
core   0: 0x80003d24 (0xff3ac783) lbu     a5, -13(s5)
core   0: 3 0x80003d24 (0xff3ac783) x15 0x0000004b mem 0x8001a790
core   0: 0x80003d28 (0x02599323) sh      t0, 38(s3)
core   0: 3 0x80003d28 (0x02599323) mem 0x8001df6c 0x005e
core   0: 0x80003d2c (0x010fc203) lbu     tp, 16(t6)
core   0: 3 0x80003d2c (0x010fc203) x 4 0x0000000d mem 0x8001dd56
core   0: 0x80003d30 (0xf3f90623) sb      t6, -212(s2)
core   0: 3 0x80003d30 (0xf3f90623) mem 0x80025e06 0x46
core   0: 0x80003d34 (0x03495003) lhu     zero, 52(s2)
core   0: 3 0x80003d34 (0x03495003) mem 0x80025f0e
core   0: 0x80003d38 (0x003a8283) lb      t0, 3(s5)
core   0: 3 0x80003d38 (0x003a8283) x 5 0x0000005b mem 0x8001a7a0
core   0: 0x80003d3c (0x00cfc303) lbu     t1, 12(t6)
core   0: 3 0x80003d3c (0x00cfc303) x 6 0x00000009 mem 0x8001dd52
core   0: 0x80003d40 (0x01098503) lb      a0, 16(s3)
core   0: 3 0x80003d40 (0x01098503) x10 0x0000000d mem 0x8001df56
core   0: 0x80003d44 (0xf4a90703) lb      a4, -182(s2)
core   0: 3 0x80003d44 (0xf4a90703) x14 0xffffffdf mem 0x80025e24
core   0: 0x80003d48 (0xffaf9883) lh      a7, -6(t6)
core   0: 3 0x80003d48 (0xffaf9883) x17 0xfffffafb mem 0x8001dd40
core   0: 0x80003d4c (0xff6ace83) lbu     t4, -10(s5)
core   0: 3 0x80003d4c (0xff6ace83) x29 0x00000048 mem 0x8001a793
core   0: 0x80003d50 (0x00014397) auipc   t2, 0x14
core   0: 3 0x80003d50 (0x00014397) x 7 0x80017d50
core   0: 0x80003d54 (0x90438393) addi    t2, t2, -1788
core   0: 3 0x80003d54 (0x90438393) x 7 0x80017654
core   0: 0x80003d58 (0x422381a3) sb      sp, 1059(t2)
core   0: 3 0x80003d58 (0x422381a3) mem 0x80017a77 0xe4
core   0: 0x80003d5c (0x67c38823) sb      t3, 1648(t2)
core   0: 3 0x80003d5c (0x67c38823) mem 0x80017cc4 0x73
core   0: 0x80003d60 (0x40dfd413) srai    s0, t6, 13
core   0: 3 0x80003d60 (0x40dfd413) x 8 0xfffc000e
core   0: 0x80003d64 (0x68c39a23) sh      a2, 1684(t2)
core   0: 3 0x80003d64 (0x68c39a23) mem 0x80017ce8 0xae30
core   0: 0x80003d68 (0xcbe39423) sh      t5, -856(t2)
core   0: 3 0x80003d68 (0xcbe39423) mem 0x800172fc 0x004b
core   0: 0x80003d6c (0xcaa38423) sb      a0, -856(t2)
core   0: 3 0x80003d6c (0xcaa38423) mem 0x800172fc 0xd
core   0: 0x80003d70 (0xca839003) lh      zero, -856(t2)
core   0: 3 0x80003d70 (0xca839003) mem 0x800172fc
core   0: 0x80003d74 (0x88e3da03) lhu     s4, -1906(t2)
core   0: 3 0x80003d74 (0x88e3da03) x20 0x00009899 mem 0x80016ee2
core   0: 0x80003d78 (0x88e3cb03) lbu     s6, -1906(t2)
core   0: 3 0x80003d78 (0x88e3cb03) x22 0x00000099 mem 0x80016ee2
core   0: 0x80003d7c (0x51c38da3) sb      t3, 1307(t2)
core   0: 3 0x80003d7c (0x51c38da3) mem 0x80017b6f 0x73
core   0: 0x80003d80 (0x014d2db3) slt     s11, s10, s4
core   0: 3 0x80003d80 (0x014d2db3) x27 0x00000001
core   0: 0x80003d84 (0xffd39c23) sh      t4, -8(t2)
core   0: 3 0x80003d84 (0xffd39c23) mem 0x8001764c 0x0048
core   0: 0x80003d88 (0x5a002693) slti    a3, zero, 1440
core   0: 3 0x80003d88 (0x5a002693) x13 0x00000001
core   0: 0x80003d8c (0xfe03ac23) sw      zero, -8(t2)
core   0: 3 0x80003d8c (0xfe03ac23) mem 0x8001764c 0x00000000
core   0: 0x80003d90 (0x69a3ac23) sw      s10, 1688(t2)
core   0: 3 0x80003d90 (0x69a3ac23) mem 0x80017cec 0xfffffc97
core   0: 0x80003d94 (0x00012997) auipc   s3, 0x12
core   0: 3 0x80003d94 (0x00012997) x19 0x80015d94
core   0: 0x80003d98 (0x1f498993) addi    s3, s3, 500
core   0: 3 0x80003d98 (0x1f498993) x19 0x80015f88
core   0: 0x80003d9c (0xf3d98803) lb      a6, -195(s3)
core   0: 3 0x80003d9c (0xf3d98803) x16 0x0000007e mem 0x80015ec5
core   0: 0x80003da0 (0x06b9c283) lbu     t0, 107(s3)
core   0: 3 0x80003da0 (0x06b9c283) x 5 0x000000a8 mem 0x80015ff3
core   0: 0x80003da4 (0x06d985a3) sb      a3, 107(s3)
core   0: 3 0x80003da4 (0x06d985a3) mem 0x80015ff3 0x1
core   0: 0x80003da8 (0x014f5f13) srli    t5, t5, 20
core   0: 3 0x80003da8 (0x014f5f13) x30 0x00000000
core   0: 0x80003dac (0x06b9cc83) lbu     s9, 107(s3)
core   0: 3 0x80003dac (0x06b9cc83) x25 0x00000001 mem 0x80015ff3
core   0: 0x80003db0 (0xf2798e03) lb      t3, -217(s3)
core   0: 3 0x80003db0 (0xf2798e03) x28 0x00000064 mem 0x80015eaf
core   0: 0x80003db4 (0x036985a3) sb      s6, 43(s3)
core   0: 3 0x80003db4 (0x036985a3) mem 0x80015fb3 0x99
core   0: 0x80003db8 (0x013d9913) slli    s2, s11, 19
core   0: 3 0x80003db8 (0x013d9913) x18 0x00080000
core   0: 0x80003dbc (0x000528b3) slt     a7, a0, zero
core   0: 3 0x80003dbc (0x000528b3) x17 0x00000000
core   0: 0x80003dc0 (0x0000100f) fence.i
core   0: 3 0x80003dc0 (0x0000100f)
core   0: 0x80003dc4 (0x035985a3) sb      s5, 43(s3)
core   0: 3 0x80003dc4 (0x035985a3) mem 0x80015fb3 0x9d
core   0: 0x80003dc8 (0x417480b3) sub     ra, s1, s7
core   0: 3 0x80003dc8 (0x417480b3) x 1 0xffffc1c8
core   0: 0x80003dcc (0x0179ac23) sw      s7, 24(s3)
core   0: 3 0x80003dcc (0x0179ac23) mem 0x80015fa0 0x00003e3f
core   0: 0x80003dd0 (0xf1599723) sh      s5, -242(s3)
core   0: 3 0x80003dd0 (0xf1599723) mem 0x80015e96 0xa79d
core   0: 0x80003dd4 (0x441a4b13) xori    s6, s4, 1089
core   0: 3 0x80003dd4 (0x441a4b13) x22 0x00009cd8
core   0: 0x80003dd8 (0x01f9c403) lbu     s0, 31(s3)
core   0: 3 0x80003dd8 (0x01f9c403) x 8 0x0000005c mem 0x80015fa7
core   0: 0x80003ddc (0x05d988a3) sb      t4, 81(s3)
core   0: 3 0x80003ddc (0x05d988a3) mem 0x80015fd9 0x48
core   0: 0x80003de0 (0x04c988a3) sb      a2, 81(s3)
core   0: 3 0x80003de0 (0x04c988a3) mem 0x80015fd9 0x30
core   0: 0x80003de4 (0xf5198e03) lb      t3, -175(s3)
core   0: 3 0x80003de4 (0xf5198e03) x28 0xffffff92 mem 0x80015ed9
core   0: 0x80003de8 (0x00b88433) add     s0, a7, a1
core   0: 3 0x80003de8 (0x00b88433) x 8 0x80000000
core   0: 0x80003dec (0xf5198f03) lb      t5, -175(s3)
core   0: 3 0x80003dec (0xf5198f03) x30 0xffffff92 mem 0x80015ed9
core   0: 0x80003df0 (0x09298aa3) sb      s2, 149(s3)
core   0: 3 0x80003df0 (0x09298aa3) mem 0x8001601d 0x0
core   0: 0x80003df4 (0xf3299a83) lh      s5, -206(s3)
core   0: 3 0x80003df4 (0xf3299a83) x21 0x00007071 mem 0x80015eba
core   0: 0x80003df8 (0x00011517) auipc   a0, 0x11
core   0: 3 0x80003df8 (0x00011517) x10 0x80014df8
core   0: 0x80003dfc (0x78650513) addi    a0, a0, 1926
core   0: 3 0x80003dfc (0x78650513) x10 0x8001557e
core   0: 0x80003e00 (0xff250303) lb      t1, -14(a0)
core   0: 3 0x80003e00 (0xff250303) x 6 0x0000002b mem 0x80015570
core   0: 0x80003e04 (0xff950a83) lb      s5, -7(a0)
core   0: 3 0x80003e04 (0xff950a83) x21 0x0000002c mem 0x80015577
core   0: 0x80003e08 (0xff150083) lb      ra, -15(a0)
core   0: 3 0x80003e08 (0xff150083) x 1 0x00000024 mem 0x8001556f
core   0: 0x80003e0c (0x511c4d37) lui     s10, 0x511c4
core   0: 3 0x80003e0c (0x511c4d37) x26 0x511c4000
core   0: 0x80003e10 (0x01211493) slli    s1, sp, 18
core   0: 3 0x80003e10 (0x01211493) x 9 0xb3900000
core   0: 0x80003e14 (0x411d8833) sub     a6, s11, a7
core   0: 3 0x80003e14 (0x411d8833) x16 0x00000001
core   0: 0x80003e18 (0x01e502a3) sb      t5, 5(a0)
core   0: 3 0x80003e18 (0x01e502a3) mem 0x80015583 0x92
core   0: 0x80003e1c (0x41420833) sub     a6, tp, s4
core   0: 3 0x80003e1c (0x41420833) x16 0xffff6774
core   0: 0x80003e20 (0xff354d83) lbu     s11, -13(a0)
core   0: 3 0x80003e20 (0xff354d83) x27 0x0000002a mem 0x80015571
core   0: 0x80003e24 (0xff455a03) lhu     s4, -12(a0)
core   0: 3 0x80003e24 (0xff455a03) x20 0x00002829 mem 0x80015572
core   0: 0x80003e28 (0x00b189b3) add     s3, gp, a1
core   0: 3 0x80003e28 (0x00b189b3) x19 0xc041420e
core   0: 0x80003e2c (0x4009d6b3) sra     a3, s3, zero
core   0: 3 0x80003e2c (0x4009d6b3) x13 0xc041420e
core   0: 0x80003e30 (0x0095ae33) slt     t3, a1, s1
core   0: 3 0x80003e30 (0x0095ae33) x28 0x00000001
core   0: 0x80003e34 (0x3eba7413) andi    s0, s4, 1003
core   0: 3 0x80003e34 (0x3eba7413) x 8 0x00000029
core   0: 0x80003e38 (0xff750e03) lb      t3, -9(a0)
core   0: 3 0x80003e38 (0xff750e03) x28 0x0000002e mem 0x80015575
core   0: 0x80003e3c (0x011504a3) sb      a7, 9(a0)
core   0: 3 0x80003e3c (0x011504a3) mem 0x80015587 0x0
core   0: 0x80003e40 (0x00b23fb3) sltu    t6, tp, a1
core   0: 3 0x80003e40 (0x00b23fb3) x31 0x00000001
core   0: 0x80003e44 (0x01e31733) sll     a4, t1, t5
core   0: 3 0x80003e44 (0x01e31733) x14 0x00ac0000
core   0: 0x80003e48 (0x00b54d03) lbu     s10, 11(a0)
core   0: 3 0x80003e48 (0x00b54d03) x26 0x00000042 mem 0x80015589
core   0: 0x80003e4c (0x00a51b03) lh      s6, 10(a0)
core   0: 3 0x80003e4c (0x00a51b03) x22 0x00004243 mem 0x80015588
core   0: 0x80003e50 (0x406c5cb3) sra     s9, s8, t1
core   0: 3 0x80003e50 (0x406c5cb3) x25 0x0000000a
core   0: 0x80003e54 (0x00f54c03) lbu     s8, 15(a0)
core   0: 3 0x80003e54 (0x00f54c03) x24 0x00000046 mem 0x8001558d
core   0: 0x80003e58 (0xffd54783) lbu     a5, -3(a0)
core   0: 3 0x80003e58 (0xffd54783) x15 0x00000030 mem 0x8001557b
core   0: 0x80003e5c (0xff954483) lbu     s1, -7(a0)
core   0: 3 0x80003e5c (0xff954483) x 9 0x0000002c mem 0x80015577
core   0: 0x80003e60 (0xcf68eb13) ori     s6, a7, -778
core   0: 3 0x80003e60 (0xcf68eb13) x22 0xfffffcf6
core   0: 0x80003e64 (0x0000100f) fence.i
core   0: 3 0x80003e64 (0x0000100f)
core   0: 0x80003e68 (0x00251083) lh      ra, 2(a0)
core   0: 3 0x80003e68 (0x00251083) x 1 0x00003a3b mem 0x80015580
core   0: 0x80003e6c (0x0ff0000f) fence   iorw,iorw
core   0: 3 0x80003e6c (0x0ff0000f)
core   0: 0x80003e70 (0xff550183) lb      gp, -11(a0)
core   0: 3 0x80003e70 (0xff550183) x 3 0x00000028 mem 0x80015573
core   0: 0x80003e74 (0x012500a3) sb      s2, 1(a0)
core   0: 3 0x80003e74 (0x012500a3) mem 0x8001557f 0x0
core   0: 0x80003e78 (0xff451383) lh      t2, -12(a0)
core   0: 3 0x80003e78 (0xff451383) x 7 0x00002829 mem 0x80015572
core   0: 0x80003e7c (0xff050983) lb      s3, -16(a0)
core   0: 3 0x80003e7c (0xff050983) x19 0x00000025 mem 0x8001556e
core   0: 0x80003e80 (0x00013d97) auipc   s11, 0x13
core   0: 3 0x80003e80 (0x00013d97) x27 0x80016e80
core   0: 0x80003e84 (0x315d8d93) addi    s11, s11, 789
core   0: 3 0x80003e84 (0x315d8d93) x27 0x80017195
core   0: 0x80003e88 (0xeb6d8823) sb      s6, -336(s11)
core   0: 3 0x80003e88 (0xeb6d8823) mem 0x80017045 0xf6
core   0: 0x80003e8c (0x8d1d9383) lh      t2, -1839(s11)
core   0: 3 0x80003e8c (0x8d1d9383) x 7 0x00001c1d mem 0x80016a66
core   0: 0x80003e90 (0x41f5d933) sra     s2, a1, t6
core   0: 3 0x80003e90 (0x41f5d933) x18 0xc0000000
core   0: 0x80003e94 (0x017e56b3) srl     a3, t3, s7
core   0: 3 0x80003e94 (0x017e56b3) x13 0x00000000
core   0: 0x80003e98 (0x387d8da3) sb      t2, 923(s11)
core   0: 3 0x80003e98 (0x387d8da3) mem 0x80017530 0x1d
core   0: 0x80003e9c (0x00000013) nop
core   0: 3 0x80003e9c (0x00000013)
core   0: 0x80003ea0 (0xb21d8ea3) sb      ra, -1219(s11)
core   0: 3 0x80003ea0 (0xb21d8ea3) mem 0x80016cd2 0x3b
core   0: 0x80003ea4 (0x40780ab3) sub     s5, a6, t2
core   0: 3 0x80003ea4 (0x40780ab3) x21 0xffff4b57
core   0: 0x80003ea8 (0xae6dca83) lbu     s5, -1306(s11)
core   0: 3 0x80003ea8 (0xae6dca83) x21 0x00000030 mem 0x80016c7b
core   0: 0x80003eac (0xf8ddcb83) lbu     s7, -115(s11)
core   0: 3 0x80003eac (0xf8ddcb83) x23 0x000000d9 mem 0x80017122
core   0: 0x80003eb0 (0x4c3d8403) lb      s0, 1219(s11)
core   0: 3 0x80003eb0 (0x4c3d8403) x 8 0x00000013 mem 0x80017658
core   0: 0x80003eb4 (0x01b19913) slli    s2, gp, 27
core   0: 3 0x80003eb4 (0x01b19913) x18 0x40000000
core   0: 0x80003eb8 (0x67fdcb03) lbu     s6, 1663(s11)
core   0: 3 0x80003eb8 (0x67fdcb03) x22 0x000000cf mem 0x80017814
core   0: 0x80003ebc (0xcbdd8d23) sb      t4, -838(s11)
core   0: 3 0x80003ebc (0xcbdd8d23) mem 0x80016e4f 0x48
core   0: 0x80003ec0 (0x01bf4cb3) xor     s9, t5, s11
core   0: 3 0x80003ec0 (0x01bf4cb3) x25 0x7ffe8e07
core   0: 0x80003ec4 (0xb7ddda83) lhu     s5, -1155(s11)
core   0: 3 0x80003ec4 (0xb7ddda83) x21 0x0000c8c9 mem 0x80016d12
core   0: 0x80003ec8 (0x78cdc803) lbu     a6, 1932(s11)
core   0: 3 0x80003ec8 (0x78cdc803) x16 0x000000da mem 0x80017921
core   0: 0x80003ecc (0xb73d8183) lb      gp, -1165(s11)
core   0: 3 0x80003ecc (0xb73d8183) x 3 0xffffffc3 mem 0x80016d08
core   0: 0x80003ed0 (0x27ad84a3) sb      s10, 617(s11)
core   0: 3 0x80003ed0 (0x27ad84a3) mem 0x800173fe 0x42
core   0: 0x80003ed4 (0x41135733) sra     a4, t1, a7
core   0: 3 0x80003ed4 (0x41135733) x14 0x0000002b
core   0: 0x80003ed8 (0xf20dc283) lbu     t0, -224(s11)
core   0: 3 0x80003ed8 (0xf20dc283) x 5 0x0000006e mem 0x800170b5
core   0: 0x80003edc (0x0c2d8a03) lb      s4, 194(s11)
core   0: 3 0x80003edc (0x0c2d8a03) x20 0x0000000c mem 0x80017257
core   0: 0x80003ee0 (0x018568b3) or      a7, a0, s8
core   0: 3 0x80003ee0 (0x018568b3) x17 0x8001557e
core   0: 0x80003ee4 (0x0000100f) fence.i
core   0: 3 0x80003ee4 (0x0000100f)
core   0: 0x80003ee8 (0xbf4d91a3) sh      s4, -1053(s11)
core   0: 3 0x80003ee8 (0xbf4d91a3) mem 0x80016d78 0x000c
core   0: 0x80003eec (0xf83d9183) lh      gp, -125(s11)
core   0: 3 0x80003eec (0xf83d9183) x 3 0xffffd2d3 mem 0x80017118
core   0: 0x80003ef0 (0x714dc503) lbu     a0, 1812(s11)
core   0: 3 0x80003ef0 (0x714dc503) x10 0x00000062 mem 0x800178a9
core   0: 0x80003ef4 (0x01599d33) sll     s10, s3, s5
core   0: 3 0x80003ef4 (0x01599d33) x26 0x00004a00
core   0: 0x80003ef8 (0x77cdc083) lbu     ra, 1916(s11)
core   0: 3 0x80003ef8 (0x77cdc083) x 1 0x000000ca mem 0x80017911
core   0: 0x80003efc (0x74edcd03) lbu     s10, 1870(s11)
core   0: 3 0x80003efc (0x74edcd03) x26 0x00000098 mem 0x800178e3
core   0: 0x80003f00 (0xf69d8ea3) sb      s1, -131(s11)
core   0: 3 0x80003f00 (0xf69d8ea3) mem 0x80017112 0x2c
core   0: 0x80003f04 (0x00000013) nop
core   0: 3 0x80003f04 (0x00000013)
core   0: 0x80003f08 (0x00e134b3) sltu    s1, sp, a4
core   0: 3 0x80003f08 (0x00e134b3) x 9 0x00000000
core   0: 0x80003f0c (0x2e1d8c03) lb      s8, 737(s11)
core   0: 3 0x80003f0c (0x2e1d8c03) x24 0x0000002d mem 0x80017476
core   0: 0x80003f10 (0x00d61493) slli    s1, a2, 13
core   0: 3 0x80003f10 (0x00d61493) x 9 0x55c60000
core   0: 0x80003f14 (0x960d8703) lb      a4, -1696(s11)
core   0: 3 0x80003f14 (0x960d8703) x14 0xffffffae mem 0x80016af5
core   0: 0x80003f18 (0x340d8d23) sb      zero, 858(s11)
core   0: 3 0x80003f18 (0x340d8d23) mem 0x800174ef 0x0
core   0: 0x80003f1c (0x01d25213) srli    tp, tp, 29
core   0: 3 0x80003f1c (0x01d25213) x 4 0x00000000
core   0: 0x80003f20 (0xe09d8803) lb      a6, -503(s11)
core   0: 3 0x80003f20 (0xe09d8803) x16 0x00000055 mem 0x80016f9e
core   0: 0x80003f24 (0x074b4413) xori    s0, s6, 116
core   0: 3 0x80003f24 (0x074b4413) x 8 0x000000bb
core   0: 0x80003f28 (0x799d8083) lb      ra, 1945(s11)
core   0: 3 0x80003f28 (0x799d8083) x 1 0xffffffe5 mem 0x8001792e
core   0: 0x80003f2c (0x01197cb3) and     s9, s2, a7
core   0: 3 0x80003f2c (0x01197cb3) x25 0x00000000
core   0: 0x80003f30 (0x00000013) nop
core   0: 3 0x80003f30 (0x00000013)
core   0: 0x80003f34 (0x388d9fa3) sh      s0, 927(s11)
core   0: 3 0x80003f34 (0x388d9fa3) mem 0x80017534 0x00bb
core   0: 0x80003f38 (0x6b09f297) auipc   t0, 0x6b09f
core   0: 3 0x80003f38 (0x6b09f297) x 5 0xeb0a2f38
core   0: 0x80003f3c (0x032d9fa3) sh      s2, 63(s11)
core   0: 3 0x80003f3c (0x032d9fa3) mem 0x800171d4 0x0000
core   0: 0x80003f40 (0x01874d33) xor     s10, a4, s8
core   0: 3 0x80003f40 (0x01874d33) x26 0xffffff83
core   0: 0x80003f44 (0x0ecdc783) lbu     a5, 236(s11)
core   0: 3 0x80003f44 (0x0ecdc783) x15 0x0000003a mem 0x80017281
core   0: 0x80003f48 (0x0001ab17) auipc   s6, 0x1a
core   0: 3 0x80003f48 (0x0001ab17) x22 0x8001df48
core   0: 0x80003f4c (0x87fb0b13) addi    s6, s6, -1921
core   0: 3 0x80003f4c (0x87fb0b13) x22 0x8001d7c7
core   0: 0x80003f50 (0x1c6b0623) sb      t1, 460(s6)
core   0: 3 0x80003f50 (0x1c6b0623) mem 0x8001d993 0x2b
core   0: 0x80003f54 (0x1d9b0623) sb      s9, 460(s6)
core   0: 3 0x80003f54 (0x1d9b0623) mem 0x8001d993 0x0
core   0: 0x80003f58 (0x1ccb4383) lbu     t2, 460(s6)
core   0: 3 0x80003f58 (0x1ccb4383) x 7 0x00000000 mem 0x8001d993
core   0: 0x80003f5c (0x1d2b0623) sb      s2, 460(s6)
core   0: 3 0x80003f5c (0x1d2b0623) mem 0x8001d993 0x0
core   0: 0x80003f60 (0x1ccb4083) lbu     ra, 460(s6)
core   0: 3 0x80003f60 (0x1ccb4083) x 1 0x00000000 mem 0x8001d993
core   0: 0x80003f64 (0x01758033) add     zero, a1, s7
core   0: 3 0x80003f64 (0x01758033)
core   0: 0x80003f68 (0x1ccb0183) lb      gp, 460(s6)
core   0: 3 0x80003f68 (0x1ccb0183) x 3 0x00000000 mem 0x8001d993
core   0: 0x80003f6c (0x881ee993) ori     s3, t4, -1919
core   0: 3 0x80003f6c (0x881ee993) x19 0xfffff8c9
core   0: 0x80003f70 (0x1cab0623) sb      a0, 460(s6)
core   0: 3 0x80003f70 (0x1cab0623) mem 0x8001d993 0x62
core   0: 0x80003f74 (0x1ccb4983) lbu     s3, 460(s6)
core   0: 3 0x80003f74 (0x1ccb4983) x19 0x00000062 mem 0x8001d993
core   0: 0x80003f78 (0x00d88033) add     zero, a7, a3
core   0: 3 0x80003f78 (0x00d88033)
core   0: 0x80003f7c (0x1ccb4783) lbu     a5, 460(s6)
core   0: 3 0x80003f7c (0x1ccb4783) x15 0x00000062 mem 0x8001d993
core   0: 0x80003f80 (0x1ccb4b83) lbu     s7, 460(s6)
core   0: 3 0x80003f80 (0x1ccb4b83) x23 0x00000062 mem 0x8001d993
core   0: 0x80003f84 (0x414082b3) sub     t0, ra, s4
core   0: 3 0x80003f84 (0x414082b3) x 5 0xfffffff4
core   0: 0x80003f88 (0xe40aaa93) slti    s5, s5, -448
core   0: 3 0x80003f88 (0xe40aaa93) x21 0x00000000
core   0: 0x80003f8c (0x1ccb4f03) lbu     t5, 460(s6)
core   0: 3 0x80003f8c (0x1ccb4f03) x30 0x00000062 mem 0x8001d993
core   0: 0x80003f90 (0x760b4d03) lbu     s10, 1888(s6)
core   0: 3 0x80003f90 (0x760b4d03) x26 0x000000dc mem 0x8001df27
core   0: 0x80003f94 (0x760b0d83) lb      s11, 1888(s6)
core   0: 3 0x80003f94 (0x760b0d83) x27 0xffffffdc mem 0x8001df27
core   0: 0x80003f98 (0x760b4a83) lbu     s5, 1888(s6)
core   0: 3 0x80003f98 (0x760b4a83) x21 0x000000dc mem 0x8001df27
core   0: 0x80003f9c (0x767b0023) sb      t2, 1888(s6)
core   0: 3 0x80003f9c (0x767b0023) mem 0x8001df27 0x0
core   0: 0x80003fa0 (0x0001dd17) auipc   s10, 0x1d
core   0: 3 0x80003fa0 (0x0001dd17) x26 0x80020fa0
core   0: 0x80003fa4 (0x812d0d13) addi    s10, s10, -2030
core   0: 3 0x80003fa4 (0x812d0d13) x26 0x800207b2
core   0: 0x80003fa8 (0xfc9d0983) lb      s3, -55(s10)
core   0: 3 0x80003fa8 (0xfc9d0983) x19 0x00000030 mem 0x8002077b
core   0: 0x80003fac (0xff0d0ea3) sb      a6, -3(s10)
core   0: 3 0x80003fac (0xff0d0ea3) mem 0x800207af 0x55
core   0: 0x80003fb0 (0x03ad4183) lbu     gp, 58(s10)
core   0: 3 0x80003fb0 (0x03ad4183) x 3 0x000000a7 mem 0x800207ec
core   0: 0x80003fb4 (0x020d0003) lb      zero, 32(s10)
core   0: 3 0x80003fb4 (0x020d0003) mem 0x800207d2
core   0: 0x80003fb8 (0x2b762193) slti    gp, a2, 695
core   0: 3 0x80003fb8 (0x2b762193) x 3 0x00000001
core   0: 0x80003fbc (0x41cf5833) sra     a6, t5, t3
core   0: 3 0x80003fbc (0x41cf5833) x16 0x00000000
core   0: 0x80003fc0 (0x4132df33) sra     t5, t0, s3
core   0: 3 0x80003fc0 (0x4132df33) x30 0xffffffff
core   0: 0x80003fc4 (0x012f5db3) srl     s11, t5, s2
core   0: 3 0x80003fc4 (0x012f5db3) x27 0xffffffff
core   0: 0x80003fc8 (0x006c9e13) slli    t3, s9, 6
core   0: 3 0x80003fc8 (0x006c9e13) x28 0x00000000
core   0: 0x80003fcc (0x40f1dfb3) sra     t6, gp, a5
core   0: 3 0x80003fcc (0x40f1dfb3) x31 0x00000000
core   0: 0x80003fd0 (0x01dd4403) lbu     s0, 29(s10)
core   0: 3 0x80003fd0 (0x01dd4403) x 8 0x00000084 mem 0x800207cf
core   0: 0x80003fd4 (0x0000100f) fence.i
core   0: 3 0x80003fd4 (0x0000100f)
core   0: 0x80003fd8 (0x01409433) sll     s0, ra, s4
core   0: 3 0x80003fd8 (0x01409433) x 8 0x00000000
core   0: 0x80003fdc (0x41aa0b33) sub     s6, s4, s10
core   0: 3 0x80003fdc (0x41aa0b33) x22 0x7ffdf85a
core   0: 0x80003fe0 (0x036d1223) sh      s6, 36(s10)
core   0: 3 0x80003fe0 (0x036d1223) mem 0x800207d6 0xf85a
core   0: 0x80003fe4 (0x005d1d23) sh      t0, 26(s10)
core   0: 3 0x80003fe4 (0x005d1d23) mem 0x800207cc 0xfff4
core   0: 0x80003fe8 (0xffcd4d83) lbu     s11, -4(s10)
core   0: 3 0x80003fe8 (0xffcd4d83) x27 0x00000065 mem 0x800207ae
core   0: 0x80003fec (0x03cd1183) lh      gp, 60(s10)
core   0: 3 0x80003fec (0x03cd1183) x 3 0xffffa4a5 mem 0x800207ee
core   0: 0x80003ff0 (0x000d4303) lbu     t1, 0(s10)
core   0: 3 0x80003ff0 (0x000d4303) x 6 0x00000069 mem 0x800207b2
core   0: 0x80003ff4 (0x01c4dd93) srli    s11, s1, 28
core   0: 3 0x80003ff4 (0x01c4dd93) x27 0x00000005
core   0: 0x80003ff8 (0xfc8d5683) lhu     a3, -56(s10)
core   0: 3 0x80003ff8 (0xfc8d5683) x13 0x00003031 mem 0x8002077a
core   0: 0x80003ffc (0x00000013) nop
core   0: 3 0x80003ffc (0x00000013)
core   0: 0x80004000 (0x0ff0000f) fence   iorw,iorw
core   0: 3 0x80004000 (0x0ff0000f)
core   0: 0x80004004 (0x0ff0000f) fence   iorw,iorw
core   0: 3 0x80004004 (0x0ff0000f)
core   0: 0x80004008 (0x0000100f) fence.i
core   0: 3 0x80004008 (0x0000100f)
core   0: 0x8000400c (0x5c7b0d93) addi    s11, s6, 1479
core   0: 3 0x8000400c (0x5c7b0d93) x27 0x7ffdfe21
core   0: 0x80004010 (0xfcfd0e23) sb      a5, -36(s10)
core   0: 3 0x80004010 (0xfcfd0e23) mem 0x8002078e 0x62
core   0: 0x80004014 (0x40b88233) sub     tp, a7, a1
core   0: 3 0x80004014 (0x40b88233) x 4 0x0001557e
core   0: 0x80004018 (0x039d4e03) lbu     t3, 57(s10)
core   0: 3 0x80004018 (0x039d4e03) x28 0x000000a0 mem 0x800207eb
core   0: 0x8000401c (0x00c7d833) srl     a6, a5, a2
core   0: 3 0x8000401c (0x00c7d833) x16 0x00000000
core   0: 0x80004020 (0xfd5d0983) lb      s3, -43(s10)
core   0: 3 0x80004020 (0xfd5d0983) x19 0x0000003c mem 0x80020787
core   0: 0x80004024 (0xf95d0a13) addi    s4, s10, -107
core   0: 3 0x80004024 (0xf95d0a13) x20 0x80020747
core   0: 0x80004028 (0xfcdd4483) lbu     s1, -51(s10)
core   0: 3 0x80004028 (0xfcdd4483) x 9 0x00000080 mem 0x8002077f
core   0: 0x8000402c (0x01f840b3) xor     ra, a6, t6
core   0: 3 0x8000402c (0x01f840b3) x 1 0x00000000
core   0: 0x80004030 (0x00e19db3) sll     s11, gp, a4
core   0: 3 0x80004030 (0x00e19db3) x27 0xe9294000
core   0: 0x80004034 (0x01b08733) add     a4, ra, s11
core   0: 3 0x80004034 (0x01b08733) x14 0xe9294000
core   0: 0x80004038 (0x00f89e93) slli    t4, a7, 15
core   0: 3 0x80004038 (0x00f89e93) x29 0xaabf0000
core   0: 0x8000403c (0x00f95033) srl     zero, s2, a5
core   0: 3 0x8000403c (0x00f95033)
core   0: 0x80004040 (0x005b80b3) add     ra, s7, t0
core   0: 3 0x80004040 (0x005b80b3) x 1 0x00000056
core   0: 0x80004044 (0xdcae7793) andi    a5, t3, -566
core   0: 3 0x80004044 (0xdcae7793) x15 0x00000080
core   0: 0x80004048 (0x038d4903) lbu     s2, 56(s10)
core   0: 3 0x80004048 (0x038d4903) x18 0x000000a1 mem 0x800207ea
core   0: 0x8000404c (0x01085bb3) srl     s7, a6, a6
core   0: 3 0x8000404c (0x01085bb3) x23 0x00000000
core   0: 0x80004050 (0x0000100f) fence.i
core   0: 3 0x80004050 (0x0000100f)
core   0: 0x80004054 (0x5d239097) auipc   ra, 0x5d239
core   0: 3 0x80004054 (0x5d239097) x 1 0xdd23d054
core   0: 0x80004058 (0x03cd4183) lbu     gp, 60(s10)
core   0: 3 0x80004058 (0x03cd4183) x 3 0x000000a5 mem 0x800207ee
core   0: 0x8000405c (0x00011a17) auipc   s4, 0x11
core   0: 3 0x8000405c (0x00011a17) x20 0x8001505c
core   0: 0x80004060 (0x283a0a13) addi    s4, s4, 643
core   0: 3 0x80004060 (0x283a0a13) x20 0x800152df
core   0: 0x80004064 (0x043a0803) lb      a6, 67(s4)
core   0: 3 0x80004064 (0x043a0803) x16 0xffffffd9 mem 0x80015322
core   0: 0x80004068 (0x057a0823) sb      s7, 80(s4)
core   0: 3 0x80004068 (0x057a0823) mem 0x8001532f 0x0
core   0: 0x8000406c (0x02ca4783) lbu     a5, 44(s4)
core   0: 3 0x8000406c (0x02ca4783) x15 0x000000c0 mem 0x8001530b
core   0: 0x80004070 (0xf59a07a3) sb      s9, -177(s4)
core   0: 3 0x80004070 (0xf59a07a3) mem 0x8001522e 0x0
core   0: 0x80004074 (0x042a4883) lbu     a7, 66(s4)
core   0: 3 0x80004074 (0x042a4883) x17 0x000000da mem 0x80015321
core   0: 0x80004078 (0x05ba0123) sb      s11, 66(s4)
core   0: 3 0x80004078 (0x05ba0123) mem 0x80015321 0x0
core   0: 0x8000407c (0xf9da1183) lh      gp, -99(s4)
core   0: 3 0x8000407c (0xf9da1183) x 3 0x00003637 mem 0x8001527c
core   0: 0x80004080 (0xf3da2403) lw      s0, -195(s4)
core   0: 3 0x80004080 (0xf3da2403) x 8 0xd4d5d6d7 mem 0x8001521c
core   0: 0x80004084 (0x00000013) nop
core   0: 3 0x80004084 (0x00000013)
core   0: 0x80004088 (0xf28a1ea3) sh      s0, -195(s4)
core   0: 3 0x80004088 (0xf28a1ea3) mem 0x8001521c 0xd6d7
core   0: 0x8000408c (0x01ef5bb3) srl     s7, t5, t5
core   0: 3 0x8000408c (0x01ef5bb3) x23 0x00000001
core   0: 0x80004090 (0xffea4b03) lbu     s6, -2(s4)
core   0: 3 0x80004090 (0xffea4b03) x22 0x00000096 mem 0x800152dd
core   0: 0x80004094 (0x014a0d03) lb      s10, 20(s4)
core   0: 3 0x80004094 (0x014a0d03) x26 0xffffffa8 mem 0x800152f3
core   0: 0x80004098 (0x01b8b3b3) sltu    t2, a7, s11
core   0: 3 0x80004098 (0x01b8b3b3) x 7 0x00000001
core   0: 0x8000409c (0x014a4783) lbu     a5, 20(s4)
core   0: 3 0x8000409c (0x014a4783) x15 0x000000a8 mem 0x800152f3
core   0: 0x800040a0 (0xf91a4083) lbu     ra, -111(s4)
core   0: 3 0x800040a0 (0xf91a4083) x 1 0x0000002b mem 0x80015270
core   0: 0x800040a4 (0xf05a02a3) sb      t0, -251(s4)
core   0: 3 0x800040a4 (0xf05a02a3) mem 0x800151e4 0xf4
core   0: 0x800040a8 (0xf23a4e83) lbu     t4, -221(s4)
core   0: 3 0x800040a8 (0xf23a4e83) x29 0x000000b9 mem 0x80015202
core   0: 0x800040ac (0x07aa0e03) lb      t3, 122(s4)
core   0: 3 0x800040ac (0x07aa0e03) x28 0x00000012 mem 0x80015359
core   0: 0x800040b0 (0x0c0a4203) lbu     tp, 192(s4)
core   0: 3 0x800040b0 (0x0c0a4203) x 4 0x00000054 mem 0x8001539f
core   0: 0x800040b4 (0x0c0a0083) lb      ra, 192(s4)
core   0: 3 0x800040b4 (0x0c0a0083) x 1 0x00000054 mem 0x8001539f
core   0: 0x800040b8 (0x01ea02a3) sb      t5, 5(s4)
core   0: 3 0x800040b8 (0x01ea02a3) mem 0x800152e4 0xff
core   0: 0x800040bc (0x00019797) auipc   a5, 0x19
core   0: 3 0x800040bc (0x00019797) x15 0x8001d0bc
core   0: 0x800040c0 (0x69c78793) addi    a5, a5, 1692
core   0: 3 0x800040c0 (0x69c78793) x15 0x8001d758
core   0: 0x800040c4 (0x00c7d183) lhu     gp, 12(a5)
core   0: 3 0x800040c4 (0x00c7d183) x 3 0x00001e1f mem 0x8001d764
core   0: 0x800040c8 (0x00011e17) auipc   t3, 0x11
core   0: 3 0x800040c8 (0x00011e17) x28 0x800150c8
core   0: 0x800040cc (0x03ce0e13) addi    t3, t3, 60
core   0: 3 0x800040cc (0x03ce0e13) x28 0x80015104
core   0: 0x800040d0 (0xfc7e4d83) lbu     s11, -57(t3)
core   0: 3 0x800040d0 (0xfc7e4d83) x27 0x000000ff mem 0x800150cb
core   0: 0x800040d4 (0xff279f83) lh      t6, -14(a5)
core   0: 3 0x800040d4 (0xff279f83) x31 0x00000001 mem 0x8001d74a
core   0: 0x800040d8 (0xfe1e0423) sb      ra, -24(t3)
core   0: 3 0x800040d8 (0xfe1e0423) mem 0x800150ec 0x54
core   0: 0x800040dc (0x01fe0d83) lb      s11, 31(t3)
core   0: 3 0x800040dc (0x01fe0d83) x27 0xffffffd8 mem 0x80015123
core   0: 0x800040e0 (0xff77c303) lbu     t1, -9(a5)
core   0: 3 0x800040e0 (0xff77c303) x 6 0x00000004 mem 0x8001d74f
core   0: 0x800040e4 (0xff0e1b23) sh      a6, -10(t3)
core   0: 3 0x800040e4 (0xff0e1b23) mem 0x800150fa 0xffd9
core   0: 0x800040e8 (0x01e78523) sb      t5, 10(a5)
core   0: 3 0x800040e8 (0x01e78523) mem 0x8001d762 0xff
core   0: 0x800040ec (0x03fe0c03) lb      s8, 63(t3)
core   0: 3 0x800040ec (0x03fe0c03) x24 0xfffffff8 mem 0x80015143
core   0: 0x800040f0 (0x0187a423) sw      s8, 8(a5)
core   0: 3 0x800040f0 (0x0187a423) mem 0x8001d760 0xfffffff8
core   0: 0x800040f4 (0x033e0d03) lb      s10, 51(t3)
core   0: 3 0x800040f4 (0x033e0d03) x26 0xffffffec mem 0x80015137
core   0: 0x800040f8 (0xfdce2423) sw      t3, -56(t3)
core   0: 3 0x800040f8 (0xfdce2423) mem 0x800150cc 0x80015104
core   0: 0x800040fc (0x01e79523) sh      t5, 10(a5)
core   0: 3 0x800040fc (0x01e79523) mem 0x8001d762 0xffff
core   0: 0x80004100 (0x02ce4a83) lbu     s5, 44(t3)
core   0: 3 0x80004100 (0x02ce4a83) x21 0x000000eb mem 0x80015130
core   0: 0x80004104 (0x0107ce83) lbu     t4, 16(a5)
core   0: 3 0x80004104 (0x0107ce83) x29 0x00000023 mem 0x8001d768
core   0: 0x80004108 (0x00978083) lb      ra, 9(a5)
core   0: 3 0x80004108 (0x00978083) x 1 0xffffffff mem 0x8001d761
core   0: 0x8000410c (0x00978203) lb      tp, 9(a5)
core   0: 3 0x8000410c (0x00978203) x 4 0xffffffff mem 0x8001d761
core   0: 0x80004110 (0xff77ca03) lbu     s4, -9(a5)
core   0: 3 0x80004110 (0xff77ca03) x20 0x00000004 mem 0x8001d74f
core   0: 0x80004114 (0xfe5e05a3) sb      t0, -21(t3)
core   0: 3 0x80004114 (0xfe5e05a3) mem 0x800150ef 0xf4
core   0: 0x80004118 (0x00012517) auipc   a0, 0x12
core   0: 3 0x80004118 (0x00012517) x10 0x80016118
core   0: 0x8000411c (0x98150513) addi    a0, a0, -1663
core   0: 3 0x8000411c (0x98150513) x10 0x80015a99
core   0: 0x80004120 (0xab150223) sb      a7, -1372(a0)
core   0: 3 0x80004120 (0xab150223) mem 0x8001553d 0xda
core   0: 0x80004124 (0x40798433) sub     s0, s3, t2
core   0: 3 0x80004124 (0x40798433) x 8 0x0000003b
core   0: 0x80004128 (0xfb754783) lbu     a5, -73(a0)
core   0: 3 0x80004128 (0xfb754783) x15 0x0000000b mem 0x80015a50
core   0: 0x8000412c (0x21854f83) lbu     t6, 536(a0)
core   0: 3 0x8000412c (0x21854f83) x31 0x0000006a mem 0x80015cb1
core   0: 0x80004130 (0xfc9502a3) sb      s1, -59(a0)
core   0: 3 0x80004130 (0xfc9502a3) mem 0x80015a5e 0x80
core   0: 0x80004134 (0x99a54783) lbu     a5, -1638(a0)
core   0: 3 0x80004134 (0x99a54783) x15 0x000000e8 mem 0x80015433
core   0: 0x80004138 (0x99350d23) sb      s3, -1638(a0)
core   0: 3 0x80004138 (0x99350d23) mem 0x80015433 0x3c
core   0: 0x8000413c (0x21c507a3) sb      t3, 527(a0)
core   0: 3 0x8000413c (0x21c507a3) mem 0x80015ca8 0x4
core   0: 0x80004140 (0xfa750d83) lb      s11, -89(a0)
core   0: 3 0x80004140 (0xfa750d83) x27 0x00000000 mem 0x80015a40
core   0: 0x80004144 (0xb4554003) lbu     zero, -1211(a0)
core   0: 3 0x80004144 (0xb4554003) mem 0x800155de
core   0: 0x80004148 (0xb4551d03) lh      s10, -1211(a0)
core   0: 3 0x80004148 (0xb4551d03) x26 0xffff9495 mem 0x800155de
core   0: 0x8000414c (0x595503a3) sb      s5, 1415(a0)
core   0: 3 0x8000414c (0x595503a3) mem 0x80016020 0xeb
core   0: 0x80004150 (0x0c150423) sb      ra, 200(a0)
core   0: 3 0x80004150 (0x0c150423) mem 0x80015b61 0xff
core   0: 0x80004154 (0x97c54983) lbu     s3, -1668(a0)
core   0: 3 0x80004154 (0x97c54983) x19 0x000000ce mem 0x80015415
core   0: 0x80004158 (0xb6555e83) lhu     t4, -1179(a0)
core   0: 3 0x80004158 (0xb6555e83) x29 0x0000b4b5 mem 0x800155fe
core   0: 0x8000415c (0xae951a03) lh      s4, -1303(a0)
core   0: 3 0x8000415c (0xae951a03) x20 0xffff9239 mem 0x80015582
core   0: 0x80004160 (0xae955b03) lhu     s6, -1303(a0)
core   0: 3 0x80004160 (0xae955b03) x22 0x00009239 mem 0x80015582
core   0: 0x80004164 (0xae950303) lb      t1, -1303(a0)
core   0: 3 0x80004164 (0xae950303) x 6 0x00000039 mem 0x80015582
core   0: 0x80004168 (0x25854703) lbu     a4, 600(a0)
core   0: 3 0x80004168 (0x25854703) x14 0x000000aa mem 0x80015cf1
core   0: 0x8000416c (0x00013897) auipc   a7, 0x13
core   0: 3 0x8000416c (0x00013897) x17 0x8001716c
core   0: 0x80004170 (0xbd088893) addi    a7, a7, -1072
core   0: 3 0x80004170 (0xbd088893) x17 0x80016d3c
core   0: 0x80004174 (0x06788d23) sb      t2, 122(a7)
core   0: 3 0x80004174 (0x06788d23) mem 0x80016db6 0x1
core   0: 0x80004178 (0xf8788983) lb      s3, -121(a7)
core   0: 3 0x80004178 (0xf8788983) x19 0x00000078 mem 0x80016cc3
core   0: 0x8000417c (0x07417c93) andi    s9, sp, 116
core   0: 3 0x8000417c (0x07417c93) x25 0x00000064
core   0: 0x80004180 (0x0988d283) lhu     t0, 152(a7)
core   0: 3 0x80004180 (0x0988d283) x 5 0x00008e8f mem 0x80016dd4
core   0: 0x80004184 (0x4173db13) srai    s6, t2, 23
core   0: 3 0x80004184 (0x4173db13) x22 0x00000000
core   0: 0x80004188 (0x004c1db3) sll     s11, s8, tp
core   0: 3 0x80004188 (0x004c1db3) x27 0x00000000
core   0: 0x8000418c (0x04788723) sb      t2, 78(a7)
core   0: 3 0x8000418c (0x04788723) mem 0x80016d8a 0x1
core   0: 0x80004190 (0x0009a433) slt     s0, s3, zero
core   0: 3 0x80004190 (0x0009a433) x 8 0x00000000
core   0: 0x80004194 (0xa7d9a917) auipc   s2, 0xa7d9a
core   0: 3 0x80004194 (0xa7d9a917) x18 0x27d9e194
core   0: 0x80004198 (0x03c888a3) sb      t3, 49(a7)
core   0: 3 0x80004198 (0x03c888a3) mem 0x80016d6d 0x4
core   0: 0x8000419c (0x0f388203) lb      tp, 243(a7)
core   0: 3 0x8000419c (0x0f388203) x 4 0xffffffe4 mem 0x80016e2f
core   0: 0x800041a0 (0x04c89783) lh      a5, 76(a7)
core   0: 3 0x800041a0 (0x04c89783) x15 0x00004243 mem 0x80016d88
core   0: 0x800041a4 (0x01dcce33) xor     t3, s9, t4
core   0: 3 0x800041a4 (0x01dcce33) x28 0x0000b4d1
core   0: 0x800041a8 (0x5ce45c37) lui     s8, 0x5ce45
core   0: 3 0x800041a8 (0x5ce45c37) x24 0x5ce45000
core   0: 0x800041ac (0x01d139b3) sltu    s3, sp, t4
core   0: 3 0x800041ac (0x01d139b3) x19 0x00000000
core   0: 0x800041b0 (0xd3fa0e93) addi    t4, s4, -705
core   0: 3 0x800041b0 (0xd3fa0e93) x29 0xffff8f78
core   0: 0x800041b4 (0x012961b3) or      gp, s2, s2
core   0: 3 0x800041b4 (0x012961b3) x 3 0x27d9e194
core   0: 0x800041b8 (0xfa888ba3) sb      s0, -73(a7)
core   0: 3 0x800041b8 (0xfa888ba3) mem 0x80016cf3 0x0
core   0: 0x800041bc (0x00352433) slt     s0, a0, gp
core   0: 3 0x800041bc (0x00352433) x 8 0x00000001
core   0: 0x800041c0 (0x40b45cb3) sra     s9, s0, a1
core   0: 3 0x800041c0 (0x40b45cb3) x25 0x00000001
core   0: 0x800041c4 (0x0ff0000f) fence   iorw,iorw
core   0: 3 0x800041c4 (0x0ff0000f)
core   0: 0x800041c8 (0x00de31b3) sltu    gp, t3, a3
core   0: 3 0x800041c8 (0x00de31b3) x 3 0x00000000
core   0: 0x800041cc (0x0a2886a3) sb      sp, 173(a7)
core   0: 3 0x800041cc (0x0a2886a3) mem 0x80016de9 0xe4
core   0: 0x800041d0 (0x0d289403) lh      s0, 210(a7)
core   0: 3 0x800041d0 (0x0d289403) x 8 0xffffc4c5 mem 0x80016e0e
core   0: 0x800041d4 (0x02889423) sh      s0, 40(a7)
core   0: 3 0x800041d4 (0x02889423) mem 0x80016d64 0xc4c5
core   0: 0x800041d8 (0x80fecd13) xori    s10, t4, -2033
core   0: 3 0x800041d8 (0x80fecd13) x26 0x00007777
core   0: 0x800041dc (0x05c8a183) lw      gp, 92(a7)
core   0: 3 0x800041dc (0x05c8a183) x 3 0x50515253 mem 0x80016d98
core   0: 0x800041e0 (0xf1688aa3) sb      s6, -235(a7)
core   0: 3 0x800041e0 (0xf1688aa3) mem 0x80016c51 0x0
core   0: 0x800041e4 (0x0fc887a3) sb      t3, 239(a7)
core   0: 3 0x800041e4 (0x0fc887a3) mem 0x80016e2b 0xd1
core   0: 0x800041e8 (0xf9c88ea3) sb      t3, -99(a7)
core   0: 3 0x800041e8 (0xf9c88ea3) mem 0x80016cd9 0xd1
core   0: 0x800041ec (0x00011697) auipc   a3, 0x11
core   0: 3 0x800041ec (0x00011697) x13 0x800151ec
core   0: 0x800041f0 (0x61c68693) addi    a3, a3, 1564
core   0: 3 0x800041f0 (0x61c68693) x13 0x80015808
core   0: 0x800041f4 (0x40b8d093) srai    ra, a7, 11
core   0: 3 0x800041f4 (0x40b8d093) x 1 0xfff0002d
core   0: 0x800041f8 (0xa1e6ce83) lbu     t4, -1506(a3)
core   0: 3 0x800041f8 (0xa1e6ce83) x29 0x000000dd mem 0x80015226
core   0: 0x800041fc (0x5f968c03) lb      s8, 1529(a3)
core   0: 3 0x800041fc (0x5f968c03) x24 0x0000000d mem 0x80015e01
core   0: 0x80004200 (0x012b8933) add     s2, s7, s2
core   0: 3 0x80004200 (0x012b8933) x18 0x27d9e195
core   0: 0x80004204 (0x0000100f) fence.i
core   0: 3 0x80004204 (0x0000100f)
core   0: 0x80004208 (0x00e45e93) srli    t4, s0, 14
core   0: 3 0x80004208 (0x00e45e93) x29 0x0003ffff
core   0: 0x8000420c (0x30d6c783) lbu     a5, 781(a3)
core   0: 3 0x8000420c (0x30d6c783) x15 0x000000ce mem 0x80015b15
core   0: 0x80004210 (0x402cda33) sra     s4, s9, sp
core   0: 3 0x80004210 (0x402cda33) x20 0x00000000
core   0: 0x80004214 (0x00326ab3) or      s5, tp, gp
core   0: 3 0x80004214 (0x00326ab3) x21 0xfffffff7
core   0: 0x80004218 (0x5ed6c403) lbu     s0, 1517(a3)
core   0: 3 0x80004218 (0x5ed6c403) x 8 0x000000ae mem 0x80015df5
core   0: 0x8000421c (0xcbe68f03) lb      t5, -834(a3)
core   0: 3 0x8000421c (0xcbe68f03) x30 0x0000007d mem 0x800154c6
core   0: 0x80004220 (0xb6530993) addi    s3, t1, -1179
core   0: 3 0x80004220 (0xb6530993) x19 0xfffffb9e
core   0: 0x80004224 (0xb6568c83) lb      s9, -1179(a3)
core   0: 3 0x80004224 (0xb6568c83) x25 0x00000026 mem 0x8001536d
core   0: 0x80004228 (0x01dcaa33) slt     s4, s9, t4
core   0: 3 0x80004228 (0x01dcaa33) x20 0x00000001
core   0: 0x8000422c (0x015e7cb3) and     s9, t3, s5
core   0: 3 0x8000422c (0x015e7cb3) x25 0x0000b4d1
core   0: 0x80004230 (0x010649b3) xor     s3, a2, a6
core   0: 3 0x80004230 (0x010649b3) x19 0x7ffd51e9
core   0: 0x80004234 (0xd3f4e493) ori     s1, s1, -705
core   0: 3 0x80004234 (0xd3f4e493) x 9 0xfffffdbf
core   0: 0x80004238 (0x015b54b3) srl     s1, s6, s5
core   0: 3 0x80004238 (0x015b54b3) x 9 0x00000000
core   0: 0x8000423c (0x5fe6ca03) lbu     s4, 1534(a3)
core   0: 3 0x8000423c (0x5fe6ca03) x20 0x000000bd mem 0x80015e06
core   0: 0x80004240 (0xdafe1297) auipc   t0, 0xdafe1
core   0: 3 0x80004240 (0xdafe1297) x 5 0x5afe5240
core   0: 0x80004244 (0x23568503) lb      a0, 565(a3)
core   0: 3 0x80004244 (0x23568503) x10 0x00000000 mem 0x80015a3d
core   0: 0x80004248 (0x2466df03) lhu     t5, 582(a3)
core   0: 3 0x80004248 (0x2466df03) x30 0x0000ffe8 mem 0x80015a4e
core   0: 0x8000424c (0xe086ca03) lbu     s4, -504(a3)
core   0: 3 0x8000424c (0xe086ca03) x20 0x000000cb mem 0x80015610
core   0: 0x80004250 (0xd5e69d83) lh      s11, -674(a3)
core   0: 3 0x80004250 (0xd5e69d83) x27 0x00001c1d mem 0x80015566
core   0: 0x80004254 (0xfea6de03) lhu     t3, -22(a3)
core   0: 3 0x80004254 (0xfea6de03) x28 0x0000a8a9 mem 0x800157f2
core   0: 0x80004258 (0x73768f03) lb      t5, 1847(a3)
core   0: 3 0x80004258 (0x73768f03) x30 0xfffffff4 mem 0x80015f3f
core   0: 0x8000425c (0x5b068b83) lb      s7, 1456(a3)
core   0: 3 0x8000425c (0x5b068b83) x23 0x00000073 mem 0x80015db8
core   0: 0x80004260 (0xb5569723) sh      s5, -1202(a3)
core   0: 3 0x80004260 (0xb5569723) mem 0x80015356 0xfff7
core   0: 0x80004264 (0x0eb68e83) lb      t4, 235(a3)
core   0: 3 0x80004264 (0x0eb68e83) x29 0xffffffa8 mem 0x800158f3
core   0: 0x80004268 (0x402981b3) sub     gp, s3, sp
core   0: 3 0x80004268 (0x402981b3) x 3 0xfffa6505
core   0: 0x8000426c (0xab26df03) lhu     t5, -1358(a3)
core   0: 3 0x8000426c (0xab26df03) x30 0x00007071 mem 0x800152ba
core   0: 0x80004270 (0x3aed2017) auipc   zero, 0x3aed2
core   0: 3 0x80004270 (0x3aed2017)
core   0: 0x80004274 (0xb2068d03) lb      s10, -1248(a3)
core   0: 3 0x80004274 (0xb2068d03) x26 0xffffffe3 mem 0x80015328
core   0: 0x80004278 (0x3ae08793) addi    a5, ra, 942
core   0: 3 0x80004278 (0x3ae08793) x15 0xfff003db
core   0: 0x8000427c (0x85e69983) lh      s3, -1954(a3)
core   0: 3 0x8000427c (0x85e69983) x19 0x00001c1d mem 0x80015066
core   0: 0x80004280 (0x0067d293) srli    t0, a5, 6
core   0: 3 0x80004280 (0x0067d293) x 5 0x03ffc00f
core   0: 0x80004284 (0x00e68a03) lb      s4, 14(a3)
core   0: 3 0x80004284 (0x00e68a03) x20 0xffffffcd mem 0x80015816
core   0: 0x80004288 (0x015667b3) or      a5, a2, s5
core   0: 3 0x80004288 (0x015667b3) x15 0xfffffff7
core   0: 0x8000428c (0x1c26c403) lbu     s0, 450(a3)
core   0: 3 0x8000428c (0x1c26c403) x 8 0x00000081 mem 0x800159ca
core   0: 0x80004290 (0x41368f33) sub     t5, a3, s3
core   0: 3 0x80004290 (0x41368f33) x30 0x80013beb
core   0: 0x80004294 (0xa99685a3) sb      s9, -1397(a3)
core   0: 3 0x80004294 (0xa99685a3) mem 0x80015293 0xd1
core   0: 0x80004298 (0x00505b93) srli    s7, zero, 5
core   0: 3 0x80004298 (0x00505b93) x23 0x00000000
core   0: 0x8000429c (0x3f568aa3) sb      s5, 1013(a3)
core   0: 3 0x8000429c (0x3f568aa3) mem 0x80015bfd 0xf7
core   0: 0x800042a0 (0x00018e17) auipc   t3, 0x18
core   0: 3 0x800042a0 (0x00018e17) x28 0x8001c2a0
core   0: 0x800042a4 (0xbfae0e13) addi    t3, t3, -1030
core   0: 3 0x800042a4 (0xbfae0e13) x28 0x8001be9a
core   0: 0x800042a8 (0xff9e0783) lb      a5, -7(t3)
core   0: 3 0x800042a8 (0xff9e0783) x15 0x00000048 mem 0x8001be93
core   0: 0x800042ac (0xe81da193) slti    gp, s11, -383
core   0: 3 0x800042ac (0xe81da193) x 3 0x00000000
core   0: 0x800042b0 (0x0005d733) srl     a4, a1, zero
core   0: 3 0x800042b0 (0x0005d733) x14 0x80000000
core   0: 0x800042b4 (0xfe6e0ca3) sb      t1, -7(t3)
core   0: 3 0x800042b4 (0xfe6e0ca3) mem 0x8001be93 0x39
core   0: 0x800042b8 (0xff9e4c03) lbu     s8, -7(t3)
core   0: 3 0x800042b8 (0xff9e4c03) x24 0x00000039 mem 0x8001be93
core   0: 0x800042bc (0xff9e0203) lb      tp, -7(t3)
core   0: 3 0x800042bc (0xff9e0203) x 4 0x00000039 mem 0x8001be93
core   0: 0x800042c0 (0xffbe0ca3) sb      s11, -7(t3)
core   0: 3 0x800042c0 (0xffbe0ca3) mem 0x8001be93 0x1d
core   0: 0x800042c4 (0x01ee7a33) and     s4, t3, t5
core   0: 3 0x800042c4 (0x01ee7a33) x20 0x80013a8a
core   0: 0x800042c8 (0xff9e0003) lb      zero, -7(t3)
core   0: 3 0x800042c8 (0xff9e0003) mem 0x8001be93
core   0: 0x800042cc (0xfe1e0ca3) sb      ra, -7(t3)
core   0: 3 0x800042cc (0xfe1e0ca3) mem 0x8001be93 0x2d
core   0: 0x800042d0 (0xff9e0903) lb      s2, -7(t3)
core   0: 3 0x800042d0 (0xff9e0903) x18 0x0000002d mem 0x8001be93
core   0: 0x800042d4 (0xff9e4c03) lbu     s8, -7(t3)
core   0: 3 0x800042d4 (0xff9e4c03) x24 0x0000002d mem 0x8001be93
core   0: 0x800042d8 (0xff2e0ca3) sb      s2, -7(t3)
core   0: 3 0x800042d8 (0xff2e0ca3) mem 0x8001be93 0x2d
core   0: 0x800042dc (0xff7e4183) lbu     gp, -9(t3)
core   0: 3 0x800042dc (0xff7e4183) x 3 0x0000004a mem 0x8001be91
core   0: 0x800042e0 (0xff7e0303) lb      t1, -9(t3)
core   0: 3 0x800042e0 (0xff7e0303) x 6 0x0000004a mem 0x8001be91
core   0: 0x800042e4 (0xff7e0ba3) sb      s7, -9(t3)
core   0: 3 0x800042e4 (0xff7e0ba3) mem 0x8001be91 0x0
core   0: 0x800042e8 (0xff7e4803) lbu     a6, -9(t3)
core   0: 3 0x800042e8 (0xff7e4803) x16 0x00000000 mem 0x8001be91
core   0: 0x800042ec (0xff7e4183) lbu     gp, -9(t3)
core   0: 3 0x800042ec (0xff7e4183) x 3 0x00000000 mem 0x8001be91
core   0: 0x800042f0 (0xfe7e0ba3) sb      t2, -9(t3)
core   0: 3 0x800042f0 (0xfe7e0ba3) mem 0x8001be91 0x1
core   0: 0x800042f4 (0xff7e4f03) lbu     t5, -9(t3)
core   0: 3 0x800042f4 (0xff7e4f03) x30 0x00000001 mem 0x8001be91
core   0: 0x800042f8 (0x6882af93) slti    t6, t0, 1672
core   0: 3 0x800042f8 (0x6882af93) x31 0x00000000
core   0: 0x800042fc (0xfe7e0ba3) sb      t2, -9(t3)
core   0: 3 0x800042fc (0xfe7e0ba3) mem 0x8001be91 0x1
core   0: 0x80004300 (0x00ee4c83) lbu     s9, 14(t3)
core   0: 3 0x80004300 (0x00ee4c83) x25 0x00000063 mem 0x8001bea8
core   0: 0x80004304 (0x010e0723) sb      a6, 14(t3)
core   0: 3 0x80004304 (0x010e0723) mem 0x8001bea8 0x0
core   0: 0x80004308 (0x00015697) auipc   a3, 0x15
core   0: 3 0x80004308 (0x00015697) x13 0x80019308
core   0: 0x8000430c (0x00168693) addi    a3, a3, 1
core   0: 3 0x8000430c (0x00168693) x13 0x80019309
core   0: 0x80004310 (0x015c67b3) or      a5, s8, s5
core   0: 3 0x80004310 (0x015c67b3) x15 0xffffffff
core   0: 0x80004314 (0x00b79333) sll     t1, a5, a1
core   0: 3 0x80004314 (0x00b79333) x 6 0xffffffff
core   0: 0x80004318 (0x0066c183) lbu     gp, 6(a3)
core   0: 3 0x80004318 (0x0066c183) x 3 0x000000c4 mem 0x8001930f
core   0: 0x8000431c (0x01508833) add     a6, ra, s5
core   0: 3 0x8000431c (0x01508833) x16 0xfff00024
core   0: 0x80004320 (0xfe169083) lh      ra, -31(a3)
core   0: 3 0x80004320 (0xfe169083) x 1 0xffffa0a1 mem 0x800192ea
core   0: 0x80004324 (0x6569b8b7) lui     a7, 0x6569b
core   0: 3 0x80004324 (0x6569b8b7) x17 0x6569b000
core   0: 0x80004328 (0x0186d513) srli    a0, a3, 24
core   0: 3 0x80004328 (0x0186d513) x10 0x00000080
core   0: 0x8000432c (0x03a68da3) sb      s10, 59(a3)
core   0: 3 0x8000432c (0x03a68da3) mem 0x80019344 0xe3
core   0: 0x80004330 (0x0146cf83) lbu     t6, 20(a3)
core   0: 3 0x80004330 (0x0146cf83) x31 0x000000d6 mem 0x8001931d
core   0: 0x80004334 (0xfc368323) sb      gp, -58(a3)
core   0: 3 0x80004334 (0xfc368323) mem 0x800192cf 0xc4
core   0: 0x80004338 (0xfc36ab03) lw      s6, -61(a3)
core   0: 3 0x80004338 (0xfc36ab03) x22 0xc4858687 mem 0x800192cc
core   0: 0x8000433c (0xfe068d83) lb      s11, -32(a3)
core   0: 3 0x8000433c (0xfe068d83) x27 0xffffffa2 mem 0x800192e9
core   0: 0x80004340 (0x01ecb1b3) sltu    gp, s9, t5
core   0: 3 0x80004340 (0x01ecb1b3) x 3 0x00000000
core   0: 0x80004344 (0x6a376513) ori     a0, a4, 1699
core   0: 3 0x80004344 (0x6a376513) x10 0x800006a3
core   0: 0x80004348 (0xfd068f23) sb      a6, -34(a3)
core   0: 3 0x80004348 (0xfd068f23) mem 0x800192e7 0x24
core   0: 0x8000434c (0x00a3e4b3) or      s1, t2, a0
core   0: 3 0x8000434c (0x00a3e4b3) x 9 0x800006a3
core   0: 0x80004350 (0x0044a833) slt     a6, s1, tp
core   0: 3 0x80004350 (0x0044a833) x16 0x00000001
core   0: 0x80004354 (0x00000013) nop
core   0: 3 0x80004354 (0x00000013)
core   0: 0x80004358 (0xfeb69003) lh      zero, -21(a3)
core   0: 3 0x80004358 (0xfeb69003) mem 0x800192f4
core   0: 0x8000435c (0x002af533) and     a0, s5, sp
core   0: 3 0x8000435c (0x002af533) x10 0x8002ece4
core   0: 0x80004360 (0xfde6c283) lbu     t0, -34(a3)
core   0: 3 0x80004360 (0xfde6c283) x 5 0x00000024 mem 0x800192e7
core   0: 0x80004364 (0xfc36cc83) lbu     s9, -61(a3)
core   0: 3 0x80004364 (0xfc36cc83) x25 0x00000087 mem 0x800192cc
core   0: 0x80004368 (0xd3e131b7) lui     gp, 0xd3e13
core   0: 3 0x80004368 (0xd3e131b7) x 3 0xd3e13000
core   0: 0x8000436c (0x00f68d83) lb      s11, 15(a3)
core   0: 3 0x8000436c (0x00f68d83) x27 0xffffffd3 mem 0x80019318
core   0: 0x80004370 (0x03468f23) sb      s4, 62(a3)
core   0: 3 0x80004370 (0x03468f23) mem 0x80019347 0x8a
core   0: 0x80004374 (0x077f8893) addi    a7, t6, 119
core   0: 3 0x80004374 (0x077f8893) x17 0x0000014d
core   0: 0x80004378 (0x0000100f) fence.i
core   0: 3 0x80004378 (0x0000100f)
core   0: 0x8000437c (0xffe68803) lb      a6, -2(a3)
core   0: 3 0x8000437c (0xffe68803) x16 0xffffffbc mem 0x80019307
core   0: 0x80004380 (0xfe268e03) lb      t3, -30(a3)
core   0: 3 0x80004380 (0xfe268e03) x28 0xffffffa0 mem 0x800192eb
core   0: 0x80004384 (0x02a6ca03) lbu     s4, 42(a3)
core   0: 3 0x80004384 (0x02a6ca03) x20 0x000000e8 mem 0x80019333
core   0: 0x80004388 (0xfe868c03) lb      s8, -24(a3)
core   0: 3 0x80004388 (0xfe868c03) x24 0xffffffaa mem 0x800192f1
core   0: 0x8000438c (0x00000013) nop
core   0: 3 0x8000438c (0x00000013)
core   0: 0x80004390 (0xfe669ea3) sh      t1, -3(a3)
core   0: 3 0x80004390 (0xfe669ea3) mem 0x80019306 0xffff
core   0: 0x80004394 (0xfcf68723) sb      a5, -50(a3)
core   0: 3 0x80004394 (0xfcf68723) mem 0x800192d7 0xff
core   0: 0x80004398 (0xfc468003) lb      zero, -60(a3)
core   0: 3 0x80004398 (0xfc468003) mem 0x800192cd
core   0: 0x8000439c (0xfc268a23) sb      sp, -44(a3)
core   0: 3 0x8000439c (0xfc268a23) mem 0x800192dd 0xe4
core   0: 0x800043a0 (0xfff68e03) lb      t3, -1(a3)
core   0: 3 0x800043a0 (0xfff68e03) x28 0xffffffc3 mem 0x80019308
core   0: 0x800043a4 (0xffa6ce03) lbu     t3, -6(a3)
core   0: 3 0x800043a4 (0xffa6ce03) x28 0x000000b8 mem 0x80019303
core   0: 0x800043a8 (0x08bce793) ori     a5, s9, 139
core   0: 3 0x800043a8 (0x08bce793) x15 0x0000008f
core   0: 0x800043ac (0xacf56713) ori     a4, a0, -1329
core   0: 3 0x800043ac (0xacf56713) x14 0xfffffeef
core   0: 0x800043b0 (0xfce68503) lb      a0, -50(a3)
core   0: 3 0x800043b0 (0xfce68503) x10 0xffffffff mem 0x800192d7
core   0: 0x800043b4 (0x00012997) auipc   s3, 0x12
core   0: 3 0x800043b4 (0x00012997) x19 0x800163b4
core   0: 0x800043b8 (0x72098993) addi    s3, s3, 1824
core   0: 3 0x800043b8 (0x72098993) x19 0x80016ad4
core   0: 0x800043bc (0x03c99083) lh      ra, 60(s3)
core   0: 3 0x800043bc (0x03c99083) x 1 0xffffcacb mem 0x80016b10
core   0: 0x800043c0 (0xfa998a83) lb      s5, -87(s3)
core   0: 3 0x800043c0 (0xfa998a83) x21 0x00000036 mem 0x80016a7d
core   0: 0x800043c4 (0xfbd984a3) sb      t4, -87(s3)
core   0: 3 0x800043c4 (0xfbd984a3) mem 0x80016a7d 0xa8
core   0: 0x800043c8 (0xfa998683) lb      a3, -87(s3)
core   0: 3 0x800043c8 (0xfa998683) x13 0xffffffa8 mem 0x80016a7d
core   0: 0x800043cc (0xfa998483) lb      s1, -87(s3)
core   0: 3 0x800043cc (0xfa998483) x 9 0xffffffa8 mem 0x80016a7d
core   0: 0x800043d0 (0x1fec2413) slti    s0, s8, 510
core   0: 3 0x800043d0 (0x1fec2413) x 8 0x00000001
core   0: 0x800043d4 (0xfa998e83) lb      t4, -87(s3)
core   0: 3 0x800043d4 (0xfa998e83) x29 0xffffffa8 mem 0x80016a7d
core   0: 0x800043d8 (0x086bb493) sltiu   s1, s7, 134
core   0: 3 0x800043d8 (0x086bb493) x 9 0x00000001
core   0: 0x800043dc (0x0085c033) xor     zero, a1, s0
core   0: 3 0x800043dc (0x0085c033)
core   0: 0x800043e0 (0x0a398b83) lb      s7, 163(s3)
core   0: 3 0x800043e0 (0x0a398b83) x23 0x0000002c mem 0x80016b77
core   0: 0x800043e4 (0x0a398703) lb      a4, 163(s3)
core   0: 3 0x800043e4 (0x0a398703) x14 0x0000002c mem 0x80016b77
core   0: 0x800043e8 (0x0a398e83) lb      t4, 163(s3)
core   0: 3 0x800043e8 (0x0a398e83) x29 0x0000002c mem 0x80016b77
core   0: 0x800043ec (0x0a398903) lb      s2, 163(s3)
core   0: 3 0x800043ec (0x0a398903) x18 0x0000002c mem 0x80016b77
core   0: 0x800043f0 (0x0bf981a3) sb      t6, 163(s3)
core   0: 3 0x800043f0 (0x0bf981a3) mem 0x80016b77 0xd6
core   0: 0x800043f4 (0x01c8cfb3) xor     t6, a7, t3
core   0: 3 0x800043f4 (0x01c8cfb3) x31 0x000001f5
core   0: 0x800043f8 (0x0a398e03) lb      t3, 163(s3)
core   0: 3 0x800043f8 (0x0a398e03) x28 0xffffffd6 mem 0x80016b77
core   0: 0x800043fc (0x05898e03) lb      t3, 88(s3)
core   0: 3 0x800043fc (0x05898e03) x28 0xffffffe7 mem 0x80016b2c
core   0: 0x80004400 (0xfd299803) lh      a6, -46(s3)
core   0: 3 0x80004400 (0xfd299803) x16 0x00005c5d mem 0x80016aa6
core   0: 0x80004404 (0xfd29c783) lbu     a5, -46(s3)
core   0: 3 0x80004404 (0xfd29c783) x15 0x0000005d mem 0x80016aa6
core   0: 0x80004408 (0xfd29ce03) lbu     t3, -46(s3)
core   0: 3 0x80004408 (0xfd29ce03) x28 0x0000005d mem 0x80016aa6
core   0: 0x8000440c (0x412cd4b3) sra     s1, s9, s2
core   0: 3 0x8000440c (0x412cd4b3) x 9 0x00000000
core   0: 0x80004410 (0x03b99123) sh      s11, 34(s3)
core   0: 3 0x80004410 (0x03b99123) mem 0x80016af6 0xffd3
core   0: 0x80004414 (0x00004e33) xor     t3, zero, zero
core   0: 3 0x80004414 (0x00004e33) x28 0x00000000
core   0: 0x80004418 (0x0229dd83) lhu     s11, 34(s3)
core   0: 3 0x80004418 (0x0229dd83) x27 0x0000ffd3 mem 0x80016af6
core   0: 0x8000441c (0xf269c503) lbu     a0, -218(s3)
core   0: 3 0x8000441c (0xf269c503) x10 0x000000b1 mem 0x800169fa
core   0: 0x80004420 (0x00011b17) auipc   s6, 0x11
core   0: 3 0x80004420 (0x00011b17) x22 0x80015420
core   0: 0x80004424 (0x61ab0b13) addi    s6, s6, 1562
core   0: 3 0x80004424 (0x61ab0b13) x22 0x80015a3a
core   0: 0x80004428 (0x2bcb2323) sw      t3, 678(s6)
core   0: 3 0x80004428 (0x2bcb2323) mem 0x80015ce0 0x00000000
core   0: 0x8000442c (0x370b05a3) sb      a6, 875(s6)
core   0: 3 0x8000442c (0x370b05a3) mem 0x80015da5 0x5d
core   0: 0x80004430 (0x97b0ea37) lui     s4, 0x97b0e
core   0: 3 0x80004430 (0x97b0ea37) x20 0x97b0e000
core   0: 0x80004434 (0x01d25933) srl     s2, tp, t4
core   0: 3 0x80004434 (0x01d25933) x18 0x00000000
core   0: 0x80004438 (0x99cb09a3) sb      t3, -1645(s6)
core   0: 3 0x80004438 (0x99cb09a3) mem 0x800153cd 0x0
core   0: 0x8000443c (0x00006533) or      a0, zero, zero
core   0: 3 0x8000443c (0x00006533) x10 0x00000000
core   0: 0x80004440 (0x00c55ab3) srl     s5, a0, a2
core   0: 3 0x80004440 (0x00c55ab3) x21 0x00000000
core   0: 0x80004444 (0x993b0a83) lb      s5, -1645(s6)
core   0: 3 0x80004444 (0x993b0a83) x21 0x00000000 mem 0x800153cd
core   0: 0x80004448 (0xe9eb5303) lhu     t1, -354(s6)
core   0: 3 0x80004448 (0xe9eb5303) x 6 0x0000ece4 mem 0x800158d8
core   0: 0x8000444c (0xe9eb1183) lh      gp, -354(s6)
core   0: 3 0x8000444c (0xe9eb1183) x 3 0xffffece4 mem 0x800158d8
core   0: 0x80004450 (0xe9eb5c83) lhu     s9, -354(s6)
core   0: 3 0x80004450 (0xe9eb5c83) x25 0x0000ece4 mem 0x800158d8
core   0: 0x80004454 (0x2eab2b23) sw      a0, 758(s6)
core   0: 3 0x80004454 (0x2eab2b23) mem 0x80015d30 0x00000000
core   0: 0x80004458 (0x2f6b0c83) lb      s9, 758(s6)
core   0: 3 0x80004458 (0x2f6b0c83) x25 0x00000000 mem 0x80015d30
core   0: 0x8000445c (0x2f8b2b23) sw      s8, 758(s6)
core   0: 3 0x8000445c (0x2f8b2b23) mem 0x80015d30 0xffffffaa
core   0: 0x80004460 (0x8f1b08a3) sb      a7, -1807(s6)
core   0: 3 0x80004460 (0x8f1b08a3) mem 0x8001532b 0x4d
core   0: 0x80004464 (0x00015a17) auipc   s4, 0x15
core   0: 3 0x80004464 (0x00015a17) x20 0x80019464
core   0: 0x80004468 (0xb18a0a13) addi    s4, s4, -1256
core   0: 3 0x80004468 (0xb18a0a13) x20 0x80018f7c
core   0: 0x8000446c (0xaf1f60b7) lui     ra, 0xaf1f6
core   0: 3 0x8000446c (0xaf1f60b7) x 1 0xaf1f6000
core   0: 0x80004470 (0x231aa913) slti    s2, s5, 561
core   0: 3 0x80004470 (0x231aa913) x18 0x00000001
core   0: 0x80004474 (0x01aa0ea3) sb      s10, 29(s4)
core   0: 3 0x80004474 (0x01aa0ea3) mem 0x80018f99 0xe3
core   0: 0x80004478 (0xef40ad13) slti    s10, ra, -268
core   0: 3 0x80004478 (0xef40ad13) x26 0x00000001
core   0: 0x8000447c (0x01635ab3) srl     s5, t1, s6
core   0: 3 0x8000447c (0x01635ab3) x21 0x00000000
core   0: 0x80004480 (0xfdea0903) lb      s2, -34(s4)
core   0: 3 0x80004480 (0xfdea0903) x18 0x00000011 mem 0x80018f5a
core   0: 0x80004484 (0xfe2a5683) lhu     a3, -30(s4)
core   0: 3 0x80004484 (0xfe2a5683) x13 0x00001415 mem 0x80018f5e
core   0: 0x80004488 (0x017b1e13) slli    t3, s6, 23
core   0: 3 0x80004488 (0x017b1e13) x28 0x1d000000
core   0: 0x8000448c (0xfc4a0283) lb      t0, -60(s4)
core   0: 3 0x8000448c (0xfc4a0283) x 5 0xfffffffb mem 0x80018f40
core   0: 0x80004490 (0x0e79e893) ori     a7, s3, 231
core   0: 3 0x80004490 (0x0e79e893) x17 0x80016af7
core   0: 0x80004494 (0x012d5433) srl     s0, s10, s2
core   0: 3 0x80004494 (0x012d5433) x 8 0x00000000
core   0: 0x80004498 (0x027a03a3) sb      t2, 39(s4)
core   0: 3 0x80004498 (0x027a03a3) mem 0x80018fa3 0x1
core   0: 0x8000449c (0x416384b3) sub     s1, t2, s6
core   0: 3 0x8000449c (0x416384b3) x 9 0x7ffea5c7
core   0: 0x800044a0 (0x00972f33) slt     t5, a4, s1
core   0: 3 0x800044a0 (0x00972f33) x30 0x00000001
core   0: 0x800044a4 (0x01611033) sll     zero, sp, s6
core   0: 3 0x800044a4 (0x01611033)
core   0: 0x800044a8 (0xfd5a4c83) lbu     s9, -43(s4)
core   0: 3 0x800044a8 (0xfd5a4c83) x25 0x0000000a mem 0x80018f51
core   0: 0x800044ac (0x41b88cb3) sub     s9, a7, s11
core   0: 3 0x800044ac (0x41b88cb3) x25 0x80006b24
core   0: 0x800044b0 (0x00ea1623) sh      a4, 12(s4)
core   0: 3 0x800044b0 (0x00ea1623) mem 0x80018f88 0x002c
core   0: 0x800044b4 (0x02ba0823) sb      a1, 48(s4)
core   0: 3 0x800044b4 (0x02ba0823) mem 0x80018fac 0x0
core   0: 0x800044b8 (0xfcea1683) lh      a3, -50(s4)
core   0: 3 0x800044b8 (0xfcea1683) x13 0x00000001 mem 0x80018f4a
core   0: 0x800044bc (0xfd7a1623) sh      s7, -52(s4)
core   0: 3 0x800044bc (0xfd7a1623) mem 0x80018f48 0x002c
core   0: 0x800044c0 (0x003881b3) add     gp, a7, gp
core   0: 3 0x800044c0 (0x003881b3) x 3 0x800157db
core   0: 0x800044c4 (0xfd3a4003) lbu     zero, -45(s4)
core   0: 3 0x800044c4 (0xfd3a4003) mem 0x80018f4f
core   0: 0x800044c8 (0x011a2c23) sw      a7, 24(s4)
core   0: 3 0x800044c8 (0x011a2c23) mem 0x80018f94 0x80016af7
core   0: 0x800044cc (0x00011f97) auipc   t6, 0x11
core   0: 3 0x800044cc (0x00011f97) x31 0x800154cc
core   0: 0x800044d0 (0x0d4f8f93) addi    t6, t6, 212
core   0: 3 0x800044d0 (0x0d4f8f93) x31 0x800155a0
core   0: 0x800044d4 (0xfe9fac23) sw      s1, -8(t6)
core   0: 3 0x800044d4 (0xfe9fac23) mem 0x80015598 0x7ffea5c7
core   0: 0x800044d8 (0xff8f9183) lh      gp, -8(t6)
core   0: 3 0x800044d8 (0xff8f9183) x 3 0xffffa5c7 mem 0x80015598
core   0: 0x800044dc (0x013f8303) lb      t1, 19(t6)
core   0: 3 0x800044dc (0x013f8303) x 6 0x00000068 mem 0x800155b3
core   0: 0x800044e0 (0x013fce03) lbu     t3, 19(t6)
core   0: 3 0x800044e0 (0x013fce03) x28 0x00000068 mem 0x800155b3
core   0: 0x800044e4 (0x00f85e33) srl     t3, a6, a5
core   0: 3 0x800044e4 (0x00f85e33) x28 0x00000000
core   0: 0x800044e8 (0x034fa183) lw      gp, 52(t6)
core   0: 3 0x800044e8 (0x034fa183) x 3 0x8c8d8e8f mem 0x800155d4
core   0: 0x800044ec (0x034f8483) lb      s1, 52(t6)
core   0: 3 0x800044ec (0x034f8483) x 9 0xffffff8f mem 0x800155d4
core   0: 0x800044f0 (0x034f8a83) lb      s5, 52(t6)
core   0: 3 0x800044f0 (0x034f8a83) x21 0xffffff8f mem 0x800155d4
core   0: 0x800044f4 (0x031faa23) sw      a7, 52(t6)
core   0: 3 0x800044f4 (0x031faa23) mem 0x800155d4 0x80016af7
core   0: 0x800044f8 (0x039fc083) lbu     ra, 57(t6)
core   0: 3 0x800044f8 (0x039fc083) x 1 0x00000092 mem 0x800155d9
core   0: 0x800044fc (0x026fcb83) lbu     s7, 38(t6)
core   0: 3 0x800044fc (0x026fcb83) x23 0x0000007d mem 0x800155c6
core   0: 0x80004500 (0xff2f9483) lh      s1, -14(t6)
core   0: 3 0x80004500 (0xff2f9483) x 9 0x00004849 mem 0x80015592
core   0: 0x80004504 (0xffaf81a3) sb      s10, -29(t6)
core   0: 3 0x80004504 (0xffaf81a3) mem 0x80015583 0x1
core   0: 0x80004508 (0x00df8203) lb      tp, 13(t6)
core   0: 3 0x80004508 (0x00df8203) x 4 0x00000066 mem 0x800155ad
core   0: 0x8000450c (0x40fb5233) sra     tp, s6, a5
core   0: 3 0x8000450c (0x40fb5233) x 4 0xfffffffc
core   0: 0x80004510 (0xe9514693) xori    a3, sp, -363
core   0: 3 0x80004510 (0xe9514693) x13 0x7ffd1271
core   0: 0x80004514 (0x03af8b83) lb      s7, 58(t6)
core   0: 3 0x80004514 (0x03af8b83) x23 0xffffff91 mem 0x800155da
core   0: 0x80004518 (0x038f9d23) sh      s8, 58(t6)
core   0: 3 0x80004518 (0x038f9d23) mem 0x800155da 0xffaa
core   0: 0x8000451c (0x004f8ca3) sb      tp, 25(t6)
core   0: 3 0x8000451c (0x004f8ca3) mem 0x800155b9 0xfc
core   0: 0x80004520 (0x6db76d93) ori     s11, a4, 1755
core   0: 3 0x80004520 (0x6db76d93) x27 0x000006ff
core   0: 0x80004524 (0x019f8503) lb      a0, 25(t6)
core   0: 3 0x80004524 (0x019f8503) x10 0xfffffffc mem 0x800155b9
core   0: 0x80004528 (0x033f8703) lb      a4, 51(t6)
core   0: 3 0x80004528 (0x033f8703) x14 0xffffff88 mem 0x800155d3
core   0: 0x8000452c (0x033fc883) lbu     a7, 51(t6)
core   0: 3 0x8000452c (0x033fc883) x17 0x00000088 mem 0x800155d3
core   0: 0x80004530 (0xffff80a3) sb      t6, -31(t6)
core   0: 3 0x80004530 (0xffff80a3) mem 0x80015581 0xa0
core   0: 0x80004534 (0x00011397) auipc   t2, 0x11
core   0: 3 0x80004534 (0x00011397) x 7 0x80015534
core   0: 0x80004538 (0xf0b38393) addi    t2, t2, -245
core   0: 3 0x80004538 (0xf0b38393) x 7 0x8001543f
core   0: 0x8000453c (0xfc538b23) sb      t0, -42(t2)
core   0: 3 0x8000453c (0xfc538b23) mem 0x80015415 0xfb
core   0: 0x80004540 (0xffe38983) lb      s3, -2(t2)
core   0: 3 0x80004540 (0xffe38983) x19 0xfffffff6 mem 0x8001543d
core   0: 0x80004544 (0xfd838723) sb      s8, -50(t2)
core   0: 3 0x80004544 (0xfd838723) mem 0x8001540d 0xaa
core   0: 0x80004548 (0x03938723) sb      s9, 46(t2)
core   0: 3 0x80004548 (0x03938723) mem 0x8001546d 0x24
core   0: 0x8000454c (0x01701513) slli    a0, zero, 23
core   0: 3 0x8000454c (0x01701513) x10 0x00000000
core   0: 0x80004550 (0x02238783) lb      a5, 34(t2)
core   0: 3 0x80004550 (0x02238783) x15 0x0000001a mem 0x80015461
core   0: 0x80004554 (0x0093d903) lhu     s2, 9(t2)
core   0: 3 0x80004554 (0x0093d903) x18 0x00000203 mem 0x80015448
core   0: 0x80004558 (0xb118ab13) slti    s6, a7, -1263
core   0: 3 0x80004558 (0xb118ab13) x22 0x00000000
core   0: 0x8000455c (0x514f1ab7) lui     s5, 0x514f1
core   0: 3 0x8000455c (0x514f1ab7) x21 0x514f1000
core   0: 0x80004560 (0x032389a3) sb      s2, 51(t2)
core   0: 3 0x80004560 (0x032389a3) mem 0x80015472 0x3
core   0: 0x80004564 (0xff13aca3) sw      a7, -7(t2)
core   0: 3 0x80004564 (0xff13aca3) mem 0x80015438 0x00000088
core   0: 0x80004568 (0x0333da03) lhu     s4, 51(t2)
core   0: 3 0x80004568 (0x0333da03) x20 0x00002803 mem 0x80015472
core   0: 0x8000456c (0x61ff0e97) auipc   t4, 0x61ff0
core   0: 3 0x8000456c (0x61ff0e97) x29 0xe1ff456c
core   0: 0x80004570 (0x02638f23) sb      t1, 62(t2)
core   0: 3 0x80004570 (0x02638f23) mem 0x8001547d 0x68
core   0: 0x80004574 (0x0093c703) lbu     a4, 9(t2)
core   0: 3 0x80004574 (0x0093c703) x14 0x00000003 mem 0x80015448
core   0: 0x80004578 (0x0ff0000f) fence   iorw,iorw
core   0: 3 0x80004578 (0x0ff0000f)
core   0: 0x8000457c (0xfdc38503) lb      a0, -36(t2)
core   0: 3 0x8000457c (0xfdc38503) x10 0xffffffd0 mem 0x8001541b
core   0: 0x80004580 (0xfed3ca83) lbu     s5, -19(t2)
core   0: 3 0x80004580 (0xfed3ca83) x21 0x000000e7 mem 0x8001542c
core   0: 0x80004584 (0xfcf39183) lh      gp, -49(t2)
core   0: 3 0x80004584 (0xfcf39183) x 3 0xffffc4c5 mem 0x8001540e
core   0: 0x80004588 (0x00f38903) lb      s2, 15(t2)
core   0: 3 0x80004588 (0x00f38903) x18 0x00000005 mem 0x8001544e
core   0: 0x8000458c (0xfce389a3) sb      a4, -45(t2)
core   0: 3 0x8000458c (0xfce389a3) mem 0x80015412 0x3
core   0: 0x80004590 (0x00d3c033) xor     zero, t2, a3
core   0: 3 0x80004590 (0x00d3c033)
core   0: 0x80004594 (0xf4b9c013) xori    zero, s3, -181
core   0: 3 0x80004594 (0xf4b9c013)
core   0: 0x80004598 (0x00cc56b3) srl     a3, s8, a2
core   0: 3 0x80004598 (0x00cc56b3) x13 0x0000ffff
core   0: 0x8000459c (0x79a7e193) ori     gp, a5, 1946
core   0: 3 0x8000459c (0x79a7e193) x 3 0x0000079a
core   0: 0x800045a0 (0x406f5293) srai    t0, t5, 6
core   0: 3 0x800045a0 (0x406f5293) x 5 0x00000000
core   0: 0x800045a4 (0x00438c83) lb      s9, 4(t2)
core   0: 3 0x800045a4 (0x00438c83) x25 0xfffffff8 mem 0x80015443
core   0: 0x800045a8 (0x406fdf93) srai    t6, t6, 6
core   0: 3 0x800045a8 (0x406fdf93) x31 0xfe000556
core   0: 0x800045ac (0x03c3c183) lbu     gp, 60(t2)
core   0: 3 0x800045ac (0x03c3c183) x 3 0x00000030 mem 0x8001547b
core   0: 0x800045b0 (0xfca38a03) lb      s4, -54(t2)
core   0: 3 0x800045b0 (0xfca38a03) x20 0xffffffc2 mem 0x80015409
core   0: 0x800045b4 (0xfea38b83) lb      s7, -22(t2)
core   0: 3 0x800045b4 (0xfea38b83) x23 0xffffffe2 mem 0x80015429
core   0: 0x800045b8 (0x4102d213) srai    tp, t0, 16
core   0: 3 0x800045b8 (0x4102d213) x 4 0x00000000
core   0: 0x800045bc (0x00538783) lb      a5, 5(t2)
core   0: 3 0x800045bc (0x00538783) x15 0xffffffff mem 0x80015444
core   0: 0x800045c0 (0xfe139f03) lh      t5, -31(t2)
core   0: 3 0x800045c0 (0xfe139f03) x30 0xffffdadb mem 0x80015420
core   0: 0x800045c4 (0x02938223) sb      s1, 36(t2)
core   0: 3 0x800045c4 (0x02938223) mem 0x80015463 0x49
core   0: 0x800045c8 (0xfd738123) sb      s7, -62(t2)
core   0: 3 0x800045c8 (0xfd738123) mem 0x80015401 0xe2
core   0: 0x800045cc (0x00012a97) auipc   s5, 0x12
core   0: 3 0x800045cc (0x00012a97) x21 0x800165cc
core   0: 0x800045d0 (0x83da8a93) addi    s5, s5, -1987
core   0: 3 0x800045d0 (0x83da8a93) x21 0x80015e09
core   0: 0x800045d4 (0xc38ac003) lbu     zero, -968(s5)
core   0: 3 0x800045d4 (0xc38ac003) mem 0x80015a41
core   0: 0x800045d8 (0x01441a13) slli    s4, s0, 20
core   0: 3 0x800045d8 (0x01441a13) x20 0x00000000
core   0: 0x800045dc (0x026ac083) lbu     ra, 38(s5)
core   0: 3 0x800045dc (0x026ac083) x 1 0x000000e4 mem 0x80015e2f
core   0: 0x800045e0 (0xa82a8d83) lb      s11, -1406(s5)
core   0: 3 0x800045e0 (0xa82a8d83) x27 0x00000040 mem 0x8001588b
core   0: 0x800045e4 (0x167a93a3) sh      t2, 359(s5)
core   0: 3 0x800045e4 (0x167a93a3) mem 0x80015f70 0x543f
core   0: 0x800045e8 (0xef1a9403) lh      s0, -271(s5)
core   0: 3 0x800045e8 (0xef1a9403) x 8 0xffffb0b1 mem 0x80015cfa
core   0: 0x800045ec (0x88dadf83) lhu     t6, -1907(s5)
core   0: 3 0x800045ec (0x88dadf83) x31 0x00004c4d mem 0x80015696
core   0: 0x800045f0 (0xb1cac983) lbu     s3, -1252(s5)
core   0: 3 0x800045f0 (0xb1cac983) x19 0x000000de mem 0x80015925
core   0: 0x800045f4 (0x80ca87a3) sb      a2, -2033(s5)
core   0: 3 0x800045f4 (0x80ca87a3) mem 0x80015618 0x30
core   0: 0x800045f8 (0xf63a8a23) sb      gp, -140(s5)
core   0: 3 0x800045f8 (0xf63a8a23) mem 0x80015d7d 0x30
core   0: 0x800045fc (0x9edacc03) lbu     s8, -1555(s5)
core   0: 3 0x800045fc (0x9edacc03) x24 0x000000ad mem 0x800157f6
core   0: 0x80004600 (0xc0eacf83) lbu     t6, -1010(s5)
core   0: 3 0x80004600 (0xc0eacf83) x31 0x000000cc mem 0x80015a17
core   0: 0x80004604 (0xe57ad703) lhu     a4, -425(s5)
core   0: 3 0x80004604 (0xe57ad703) x14 0x00001a04 mem 0x80015c60
core   0: 0x80004608 (0x22b23397) auipc   t2, 0x22b23
core   0: 3 0x80004608 (0x22b23397) x 7 0xa2b27608
core   0: 0x8000460c (0x01f0be33) sltu    t3, ra, t6
core   0: 3 0x8000460c (0x01f0be33) x28 0x00000000
core   0: 0x80004610 (0x00d40333) add     t1, s0, a3
core   0: 3 0x80004610 (0x00d40333) x 6 0x0000b0b0
core   0: 0x80004614 (0xa34ac203) lbu     tp, -1484(s5)
core   0: 3 0x80004614 (0xa34ac203) x 4 0x000000f6 mem 0x8001583d
core   0: 0x80004618 (0x41ae07b3) sub     a5, t3, s10
core   0: 3 0x80004618 (0x41ae07b3) x15 0xffffffff
core   0: 0x8000461c (0x019f68b3) or      a7, t5, s9
core   0: 3 0x8000461c (0x019f68b3) x17 0xfffffffb
core   0: 0x80004620 (0xa96acb03) lbu     s6, -1386(s5)
core   0: 3 0x80004620 (0xa96acb03) x22 0x00000054 mem 0x8001589f
core   0: 0x80004624 (0x822ac083) lbu     ra, -2014(s5)
core   0: 3 0x80004624 (0x822ac083) x 1 0x000000e0 mem 0x8001562b
core   0: 0x80004628 (0x04f78e13) addi    t3, a5, 79
core   0: 3 0x80004628 (0x04f78e13) x28 0x0000004e
core   0: 0x8000462c (0x00e631b3) sltu    gp, a2, a4
core   0: 3 0x8000462c (0x00e631b3) x 3 0x00000000
core   0: 0x80004630 (0x84aa8003) lb      zero, -1974(s5)
core   0: 3 0x80004630 (0x84aa8003) mem 0x80015653
core   0: 0x80004634 (0x00d8df13) srli    t5, a7, 13
core   0: 3 0x80004634 (0x00d8df13) x30 0x0007ffff
core   0: 0x80004638 (0x233d4c17) auipc   s8, 0x233d4
core   0: 3 0x80004638 (0x233d4c17) x24 0xa33d8638
core   0: 0x8000463c (0xeada8523) sb      a3, -342(s5)
core   0: 3 0x8000463c (0xeada8523) mem 0x80015cb3 0xff
core   0: 0x80004640 (0x13da92a3) sh      t4, 293(s5)
core   0: 3 0x80004640 (0x13da92a3) mem 0x80015f2e 0x456c
core   0: 0x80004644 (0x166a96a3) sh      t1, 365(s5)
core   0: 3 0x80004644 (0x166a96a3) mem 0x80015f76 0xb0b0
core   0: 0x80004648 (0xa5eac903) lbu     s2, -1442(s5)
core   0: 3 0x80004648 (0xa5eac903) x18 0x0000001c mem 0x80015867
core   0: 0x8000464c (0x00061093) slli    ra, a2, 0
core   0: 3 0x8000464c (0x00061093) x 1 0x8002ae30
core   0: 0x80004650 (0x013bd413) srli    s0, s7, 19
core   0: 3 0x80004650 (0x013bd413) x 8 0x00001fff
core   0: 0x80004654 (0x01cace03) lbu     t3, 28(s5)
core   0: 3 0x80004654 (0x01cace03) x28 0x000000de mem 0x80015e25
core   0: 0x80004658 (0x00000013) nop
core   0: 3 0x80004658 (0x00000013)
core   0: 0x8000465c (0x905a8823) sb      t0, -1776(s5)
core   0: 3 0x8000465c (0x905a8823) mem 0x80015719 0x0
core   0: 0x80004660 (0x1e8a8a03) lb      s4, 488(s5)
core   0: 3 0x80004660 (0x1e8a8a03) x20 0xffffffaa mem 0x80015ff1
core   0: 0x80004664 (0x41eddb93) srai    s7, s11, 30
core   0: 3 0x80004664 (0x41eddb93) x23 0x00000000
core   0: 0x80004668 (0xa1ea8503) lb      a0, -1506(s5)
core   0: 3 0x80004668 (0xa1ea8503) x10 0xffffffdc mem 0x80015827
core   0: 0x8000466c (0x00015217) auipc   tp, 0x15
core   0: 3 0x8000466c (0x00015217) x 4 0x8001966c
core   0: 0x80004670 (0xdcd20213) addi    tp, tp, -563
core   0: 3 0x80004670 (0xdcd20213) x 4 0x80019439
core   0: 0x80004674 (0xf9924f83) lbu     t6, -103(tp)
core   0: 3 0x80004674 (0xf9924f83) x31 0x00000089 mem 0x800193d2
core   0: 0x80004678 (0xf9c20ca3) sb      t3, -103(tp)
core   0: 3 0x80004678 (0xf9c20ca3) mem 0x800193d2 0xde
core   0: 0x8000467c (0xf9924303) lbu     t1, -103(tp)
core   0: 3 0x8000467c (0xf9924303) x 6 0x000000de mem 0x800193d2
core   0: 0x80004680 (0xf9021ca3) sh      a6, -103(tp)
core   0: 3 0x80004680 (0xf9021ca3) mem 0x800193d2 0x5c5d
core   0: 0x80004684 (0x40c75f13) srai    t5, a4, 12
core   0: 3 0x80004684 (0x40c75f13) x30 0x00000001
core   0: 0x80004688 (0xf9921a03) lh      s4, -103(tp)
core   0: 3 0x80004688 (0xf9921a03) x20 0x00005c5d mem 0x800193d2
core   0: 0x8000468c (0xf9925483) lhu     s1, -103(tp)
core   0: 3 0x8000468c (0xf9925483) x 9 0x00005c5d mem 0x800193d2
core   0: 0x80004690 (0x016639b3) sltu    s3, a2, s6
core   0: 3 0x80004690 (0x016639b3) x19 0x00000000
core   0: 0x80004694 (0xf9920ca3) sb      s9, -103(tp)
core   0: 3 0x80004694 (0xf9920ca3) mem 0x800193d2 0xf8
core   0: 0x80004698 (0x0ed20f23) sb      a3, 254(tp)
core   0: 3 0x80004698 (0x0ed20f23) mem 0x80019537 0xff
core   0: 0x8000469c (0xc65d4f13) xori    t5, s10, -923
core   0: 3 0x8000469c (0xc65d4f13) x30 0xfffffc64
core   0: 0x800046a0 (0x7ce33b13) sltiu   s6, t1, 1998
core   0: 3 0x800046a0 (0x7ce33b13) x22 0x00000001
core   0: 0x800046a4 (0x0fe24b03) lbu     s6, 254(tp)
core   0: 3 0x800046a4 (0x0fe24b03) x22 0x000000ff mem 0x80019537
core   0: 0x800046a8 (0x0f220f23) sb      s2, 254(tp)
core   0: 3 0x800046a8 (0x0f220f23) mem 0x80019537 0x1c
core   0: 0x800046ac (0x0fe24f03) lbu     t5, 254(tp)
core   0: 3 0x800046ac (0x0fe24f03) x30 0x0000001c mem 0x80019537
core   0: 0x800046b0 (0x0fe24b83) lbu     s7, 254(tp)
core   0: 3 0x800046b0 (0x0fe24b83) x23 0x0000001c mem 0x80019537
core   0: 0x800046b4 (0x0e720f23) sb      t2, 254(tp)
core   0: 3 0x800046b4 (0x0e720f23) mem 0x80019537 0x8
core   0: 0x800046b8 (0x0eb20f23) sb      a1, 254(tp)
core   0: 3 0x800046b8 (0x0eb20f23) mem 0x80019537 0x0
core   0: 0x800046bc (0x0e920f23) sb      s1, 254(tp)
core   0: 3 0x800046bc (0x0e920f23) mem 0x80019537 0x5d
core   0: 0x800046c0 (0x0fe24a03) lbu     s4, 254(tp)
core   0: 3 0x800046c0 (0x0fe24a03) x20 0x0000005d mem 0x80019537
core   0: 0x800046c4 (0x37c5b693) sltiu   a3, a1, 892
core   0: 3 0x800046c4 (0x37c5b693) x13 0x00000000
core   0: 0x800046c8 (0x0fa20f23) sb      s10, 254(tp)
core   0: 3 0x800046c8 (0x0fa20f23) mem 0x80019537 0x1
core   0: 0x800046cc (0xe2970997) auipc   s3, 0xe2970
core   0: 3 0x800046cc (0xe2970997) x19 0x629746cc
core   0: 0x800046d0 (0xf3120d83) lb      s11, -207(tp)
core   0: 3 0x800046d0 (0xf3120d83) x27 0x00000021 mem 0x8001936a
core   0: 0x800046d4 (0x00011497) auipc   s1, 0x11
core   0: 3 0x800046d4 (0x00011497) x 9 0x800156d4
core   0: 0x800046d8 (0x55848493) addi    s1, s1, 1368
core   0: 3 0x800046d8 (0x55848493) x 9 0x80015c2c
core   0: 0x800046dc (0x0c648683) lb      a3, 198(s1)
core   0: 3 0x800046dc (0x0c648683) x13 0xffffffa9 mem 0x80015cf2
core   0: 0x800046e0 (0x0c64d983) lhu     s3, 198(s1)
core   0: 3 0x800046e0 (0x0c64d983) x19 0x0000a8a9 mem 0x80015cf2
core   0: 0x800046e4 (0x05a49203) lh      tp, 90(s1)
core   0: 3 0x800046e4 (0x05a49203) x 4 0x00003c3d mem 0x80015c86
core   0: 0x800046e8 (0x0a948ea3) sb      s1, 189(s1)
core   0: 3 0x800046e8 (0x0a948ea3) mem 0x80015ce9 0x2c
core   0: 0x800046ec (0x0394c903) lbu     s2, 57(s1)
core   0: 3 0x800046ec (0x0394c903) x18 0x0000001e mem 0x80015c65
core   0: 0x800046f0 (0xfe348783) lb      a5, -29(s1)
core   0: 3 0x800046f0 (0xfe348783) x15 0xffffffc4 mem 0x80015c0f
core   0: 0x800046f4 (0x00a49c83) lh      s9, 10(s1)
core   0: 3 0x800046f4 (0x00a49c83) x25 0xffffeced mem 0x80015c36
core   0: 0x800046f8 (0x84552713) slti    a4, a0, -1979
core   0: 3 0x800046f8 (0x84552713) x14 0x00000000
core   0: 0x800046fc (0x0ba488a3) sb      s10, 177(s1)
core   0: 3 0x800046fc (0x0ba488a3) mem 0x80015cdd 0x1
core   0: 0x80004700 (0x002a1a13) slli    s4, s4, 2
core   0: 3 0x80004700 (0x002a1a13) x20 0x00000174
core   0: 0x80004704 (0x40ccd033) sra     zero, s9, a2
core   0: 3 0x80004704 (0x40ccd033)
core   0: 0x80004708 (0x0b0488a3) sb      a6, 177(s1)
core   0: 3 0x80004708 (0x0b0488a3) mem 0x80015cdd 0x5d
core   0: 0x8000470c (0x0b148183) lb      gp, 177(s1)
core   0: 3 0x8000470c (0x0b148183) x 3 0x0000005d mem 0x80015cdd
core   0: 0x80004710 (0x00011197) auipc   gp, 0x11
core   0: 3 0x80004710 (0x00011197) x 3 0x80015710
core   0: 0x80004714 (0x0ff18193) addi    gp, gp, 255
core   0: 3 0x80004714 (0x0ff18193) x 3 0x8001580f
core   0: 0x80004718 (0x0108d013) srli    zero, a7, 16
core   0: 3 0x80004718 (0x0108d013)
core   0: 0x8000471c (0xfe118483) lb      s1, -31(gp)
core   0: 3 0x8000471c (0xfe118483) x 9 0xffffffab mem 0x800157f0
core   0: 0x80004720 (0x0271a8a3) sw      t2, 49(gp)
core   0: 3 0x80004720 (0x0271a8a3) mem 0x80015840 0xa2b27608
core   0: 0x80004724 (0x3d743793) sltiu   a5, s0, 983
core   0: 3 0x80004724 (0x3d743793) x15 0x00000000
core   0: 0x80004728 (0x6c0a8c93) addi    s9, s5, 1728
core   0: 3 0x80004728 (0x6c0a8c93) x25 0x800164c9
core   0: 0x8000472c (0x019ddab3) srl     s5, s11, s9
core   0: 3 0x8000472c (0x019ddab3) x21 0x00000000
core   0: 0x80004730 (0xfeb1c503) lbu     a0, -21(gp)
core   0: 3 0x80004730 (0xfeb1c503) x10 0x000000b1 mem 0x800157fa
core   0: 0x80004734 (0xfe818123) sb      s0, -30(gp)
core   0: 3 0x80004734 (0xfe818123) mem 0x800157f1 0xff
core   0: 0x80004738 (0x01f54f33) xor     t5, a0, t6
core   0: 3 0x80004738 (0x01f54f33) x30 0x00000038
core   0: 0x8000473c (0xff91d503) lhu     a0, -7(gp)
core   0: 3 0x8000473c (0xff91d503) x10 0x0000c2c3 mem 0x80015808
core   0: 0x80004740 (0xfc41ce83) lbu     t4, -60(gp)
core   0: 3 0x80004740 (0xfc41ce83) x29 0x00000088 mem 0x800157d3
core   0: 0x80004744 (0x02d1cf83) lbu     t6, 45(gp)
core   0: 3 0x80004744 (0x02d1cf83) x31 0x000000f7 mem 0x8001583c
core   0: 0x80004748 (0x41268933) sub     s2, a3, s2
core   0: 3 0x80004748 (0x41268933) x18 0xffffff8b
core   0: 0x8000474c (0x0271d303) lhu     t1, 39(gp)
core   0: 3 0x8000474c (0x0271d303) x 6 0x0000eced mem 0x80015836
core   0: 0x80004750 (0xffc18503) lb      a0, -4(gp)
core   0: 3 0x80004750 (0xffc18503) x10 0xffffffc0 mem 0x8001580b
core   0: 0x80004754 (0x51a58993) addi    s3, a1, 1306
core   0: 3 0x80004754 (0x51a58993) x19 0x8000051a
core   0: 0x80004758 (0xfc119e83) lh      t4, -63(gp)
core   0: 3 0x80004758 (0xfc119e83) x29 0xffff8a8b mem 0x800157d0
core   0: 0x8000475c (0x00519da3) sh      t0, 27(gp)
core   0: 3 0x8000475c (0x00519da3) mem 0x8001582a 0x0000
core   0: 0x80004760 (0x02e18483) lb      s1, 46(gp)
core   0: 3 0x80004760 (0x02e18483) x 9 0xfffffff6 mem 0x8001583d
core   0: 0x80004764 (0x4afb3013) sltiu   zero, s6, 1199
core   0: 3 0x80004764 (0x4afb3013)
core   0: 0x80004768 (0x013a40b3) xor     ra, s4, s3
core   0: 3 0x80004768 (0x013a40b3) x 1 0x8000046e
core   0: 0x8000476c (0xfe11d683) lhu     a3, -31(gp)
core   0: 3 0x8000476c (0xfe11d683) x13 0x0000ffab mem 0x800157f0
core   0: 0x80004770 (0x412683b3) sub     t2, a3, s2
core   0: 3 0x80004770 (0x412683b3) x 7 0x00010020
core   0: 0x80004774 (0x41158cb3) sub     s9, a1, a7
core   0: 3 0x80004774 (0x41158cb3) x25 0x80000005
core   0: 0x80004778 (0x00d664b3) or      s1, a2, a3
core   0: 3 0x80004778 (0x00d664b3) x 9 0x8002ffbb
core   0: 0x8000477c (0x40730333) sub     t1, t1, t2
core   0: 3 0x8000477c (0x40730333) x 6 0xffffeccd
core   0: 0x80004780 (0xfdb1d783) lhu     a5, -37(gp)
core   0: 3 0x80004780 (0xfdb1d783) x15 0x0000a0a1 mem 0x800157ea
core   0: 0x80004784 (0x00cbe933) or      s2, s7, a2
core   0: 3 0x80004784 (0x00cbe933) x18 0x8002ae3c
core   0: 0x80004788 (0x02718403) lb      s0, 39(gp)
core   0: 3 0x80004788 (0x02718403) x 8 0xffffffed mem 0x80015836
core   0: 0x8000478c (0x021182a3) sb      ra, 37(gp)
core   0: 3 0x8000478c (0x021182a3) mem 0x80015834 0x6e
core   0: 0x80004790 (0x0ff0000f) fence   iorw,iorw
core   0: 3 0x80004790 (0x0ff0000f)
core   0: 0x80004794 (0x02c18303) lb      t1, 44(gp)
core   0: 3 0x80004794 (0x02c18303) x 6 0xfffffff0 mem 0x8001583b
core   0: 0x80004798 (0x00c19fa3) sh      a2, 31(gp)
core   0: 3 0x80004798 (0x00c19fa3) mem 0x8001582e 0xae30
core   0: 0x8000479c (0x414f6793) ori     a5, t5, 1044
core   0: 3 0x8000479c (0x414f6793) x15 0x0000043c
core   0: 0x800047a0 (0xfc61c203) lbu     tp, -58(gp)
core   0: 3 0x800047a0 (0xfc61c203) x 4 0x0000008e mem 0x800157d5
core   0: 0x800047a4 (0x0391c883) lbu     a7, 57(gp)
core   0: 3 0x800047a4 (0x0391c883) x17 0x00000003 mem 0x80015848
core   0: 0x800047a8 (0x01b1d693) srli    a3, gp, 27
core   0: 3 0x800047a8 (0x01b1d693) x13 0x00000010
core   0: 0x800047ac (0x4042de13) srai    t3, t0, 4
core   0: 3 0x800047ac (0x4042de13) x28 0x00000000
core   0: 0x800047b0 (0xf1032e93) slti    t4, t1, -240
core   0: 3 0x800047b0 (0xf1032e93) x29 0x00000000
core   0: 0x800047b4 (0x00f19c03) lh      s8, 15(gp)
core   0: 3 0x800047b4 (0x00f19c03) x24 0xffffd4d5 mem 0x8001581e
core   0: 0x800047b8 (0xfda1ce03) lbu     t3, -38(gp)
core   0: 3 0x800047b8 (0xfda1ce03) x28 0x000000a2 mem 0x800157e9
core   0: 0x800047bc (0xffe18423) sb      t5, -24(gp)
core   0: 3 0x800047bc (0xffe18423) mem 0x800157f7 0x38
core   0: 0x800047c0 (0x01718823) sb      s7, 16(gp)
core   0: 3 0x800047c0 (0x01718823) mem 0x8001581f 0x1c
core   0: 0x800047c4 (0x01189393) slli    t2, a7, 17
core   0: 3 0x800047c4 (0x01189393) x 7 0x00060000
core   0: 0x800047c8 (0x02518503) lb      a0, 37(gp)
core   0: 3 0x800047c8 (0x02518503) x10 0x0000006e mem 0x80015834
core   0: 0x800047cc (0xff418da3) sb      s4, -5(gp)
core   0: 3 0x800047cc (0xff418da3) mem 0x8001580a 0x74
core   0: 0x800047d0 (0x00018723) sb      zero, 14(gp)
core   0: 3 0x800047d0 (0x00018723) mem 0x8001581d 0x0
core   0: 0x800047d4 (0x01518003) lb      zero, 21(gp)
core   0: 3 0x800047d4 (0x01518003) mem 0x80015824
core   0: 0x800047d8 (0x00012197) auipc   gp, 0x12
core   0: 3 0x800047d8 (0x00012197) x 3 0x800167d8
core   0: 0x800047dc (0x85c18193) addi    gp, gp, -1956
core   0: 3 0x800047dc (0x85c18193) x 3 0x80016034
core   0: 0x800047e0 (0x00011317) auipc   t1, 0x11
core   0: 3 0x800047e0 (0x00011317) x 6 0x800157e0
core   0: 0x800047e4 (0xe3430313) addi    t1, t1, -460
core   0: 3 0x800047e4 (0xe3430313) x 6 0x80015614
core   0: 0x800047e8 (0xa74189a3) sb      s4, -1421(gp)
core   0: 3 0x800047e8 (0xa74189a3) mem 0x80015aa7 0x74
core   0: 0x800047ec (0xab618123) sb      s6, -1374(gp)
core   0: 3 0x800047ec (0xab618123) mem 0x80015ad6 0xff
core   0: 0x800047f0 (0x00011d97) auipc   s11, 0x11
core   0: 3 0x800047f0 (0x00011d97) x27 0x800157f0
core   0: 0x800047f4 (0xe3bd8d93) addi    s11, s11, -453
core   0: 3 0x800047f4 (0xe3bd8d93) x27 0x8001562b
core   0: 0x800047f8 (0xfe1dd983) lhu     s3, -31(s11)
core   0: 3 0x800047f8 (0xfe1dd983) x19 0x0000c6c7 mem 0x8001560c
core   0: 0x800047fc (0x037305a3) sb      s7, 43(t1)
core   0: 3 0x800047fc (0x037305a3) mem 0x8001563f 0x1c
core   0: 0x80004800 (0x00011697) auipc   a3, 0x11
core   0: 3 0x80004800 (0x00011697) x13 0x80015800
core   0: 0x80004804 (0x8ce68693) addi    a3, a3, -1842
core   0: 3 0x80004804 (0x8ce68693) x13 0x800150ce
core   0: 0x80004808 (0xfe5dc083) lbu     ra, -27(s11)
core   0: 3 0x80004808 (0xfe5dc083) x 1 0x000000cb mem 0x80015610
core   0: 0x8000480c (0x00011b17) auipc   s6, 0x11
core   0: 3 0x8000480c (0x00011b17) x22 0x8001580c
core   0: 0x80004810 (0x0bab0b13) addi    s6, s6, 186
core   0: 3 0x80004810 (0x0bab0b13) x22 0x800158c6
core   0: 0x80004814 (0xd8018c83) lb      s9, -640(gp)
core   0: 3 0x80004814 (0xd8018c83) x25 0x0000006f mem 0x80015db4
core   0: 0x80004818 (0x008d8523) sb      s0, 10(s11)
core   0: 3 0x80004818 (0x008d8523) mem 0x80015635 0xed
core   0: 0x8000481c (0x01835383) lhu     t2, 24(t1)
core   0: 3 0x8000481c (0x01835383) x 7 0x0000e6e7 mem 0x8001562c
core   0: 0x80004820 (0x020d8e83) lb      t4, 32(s11)
core   0: 3 0x80004820 (0x020d8e83) x29 0x00000000 mem 0x8001564b
core   0: 0x80004824 (0x00eb0983) lb      s3, 14(s6)
core   0: 3 0x80004824 (0x00eb0983) x19 0xffffff8f mem 0x800158d4
core   0: 0x80004828 (0x96c18923) sb      a2, -1678(gp)
core   0: 3 0x80004828 (0x96c18923) mem 0x800159a6 0x30
core   0: 0x8000482c (0xff268f23) sb      s2, -2(a3)
core   0: 3 0x8000482c (0xff268f23) mem 0x800150cc 0x3c
core   0: 0x80004830 (0x84c1de83) lhu     t4, -1972(gp)
core   0: 3 0x80004830 (0x84c1de83) x29 0x00003a3b mem 0x80015880
core   0: 0x80004834 (0x00d68203) lb      tp, 13(a3)
core   0: 3 0x80004834 (0x00d68203) x 4 0xffffff90 mem 0x800150db
core   0: 0x80004838 (0x01534703) lbu     a4, 21(t1)
core   0: 3 0x80004838 (0x01534703) x14 0x000000e2 mem 0x80015629
core   0: 0x8000483c (0xe611c703) lbu     a4, -415(gp)
core   0: 3 0x8000483c (0xe611c703) x14 0x0000004e mem 0x80015e95
core   0: 0x80004840 (0xfc930903) lb      s2, -55(t1)
core   0: 3 0x80004840 (0xfc930903) x18 0xffffff96 mem 0x800155dd
core   0: 0x80004844 (0xc671c483) lbu     s1, -921(gp)
core   0: 3 0x80004844 (0xc671c483) x 9 0x00000050 mem 0x80015c9b
core   0: 0x80004848 (0x00468083) lb      ra, 4(a3)
core   0: 3 0x80004848 (0x00468083) x 1 0xffffff89 mem 0x800150d2
core   0: 0x8000484c (0xb371cf83) lbu     t6, -1225(gp)
core   0: 3 0x8000484c (0xb371cf83) x31 0x00000020 mem 0x80015b6b
core   0: 0x80004850 (0x0036c283) lbu     t0, 3(a3)
core   0: 3 0x80004850 (0x0036c283) x 5 0x0000008a mem 0x800150d1
core   0: 0x80004854 (0xfe8303a3) sb      s0, -25(t1)
core   0: 3 0x80004854 (0xfe8303a3) mem 0x800155fb 0xed
core   0: 0x80004858 (0xfc934703) lbu     a4, -55(t1)
core   0: 3 0x80004858 (0xfc934703) x14 0x00000096 mem 0x800155dd
core   0: 0x8000485c (0xec819c23) sh      s0, -296(gp)
core   0: 3 0x8000485c (0xec819c23) mem 0x80015f0c 0xffed
core   0: 0x80004860 (0xffcb4803) lbu     a6, -4(s6)
core   0: 3 0x80004860 (0xffcb4803) x16 0x00000079 mem 0x800158c2
core   0: 0x80004864 (0x022d8e03) lb      t3, 34(s11)
core   0: 3 0x80004864 (0x022d8e03) x28 0x00000006 mem 0x8001564d
core   0: 0x80004868 (0x0016cc03) lbu     s8, 1(a3)
core   0: 3 0x80004868 (0x0016cc03) x24 0x00000080 mem 0x800150cf
core   0: 0x8000486c (0xfffb4f83) lbu     t6, -1(s6)
core   0: 3 0x8000486c (0xfffb4f83) x31 0x0000007e mem 0x800158c5
core   0: 0x80004870 (0xfffb4883) lbu     a7, -1(s6)
core   0: 3 0x80004870 (0xfffb4883) x17 0x0000007e mem 0x800158c5
core   0: 0x80004874 (0xbf0184a3) sb      a6, -1047(gp)
core   0: 3 0x80004874 (0xbf0184a3) mem 0x80015c1d 0x79
core   0: 0x80004878 (0xff0b1f03) lh      t5, -16(s6)
core   0: 3 0x80004878 (0xff0b1f03) x30 0x00006c6d mem 0x800158b6
core   0: 0x8000487c (0x038305a3) sb      s8, 43(t1)
core   0: 3 0x8000487c (0x038305a3) mem 0x8001563f 0x80
core   0: 0x80004880 (0x00a69b83) lh      s7, 10(a3)
core   0: 3 0x80004880 (0x00a69b83) x23 0xffff9293 mem 0x800150d8
core   0: 0x80004884 (0x02431723) sh      tp, 46(t1)
core   0: 3 0x80004884 (0x02431723) mem 0x80015642 0xff90
core   0: 0x80004888 (0x0086d403) lhu     s0, 8(a3)
core   0: 3 0x80004888 (0x0086d403) x 8 0x00008c8d mem 0x800150d6
core   0: 0x8000488c (0xffc6c983) lbu     s3, -4(a3)
core   0: 3 0x8000488c (0xffc6c983) x19 0x000000ff mem 0x800150ca
core   0: 0x80004890 (0x00011997) auipc   s3, 0x11
core   0: 3 0x80004890 (0x00011997) x19 0x80015890
core   0: 0x80004894 (0x45798993) addi    s3, s3, 1111
core   0: 3 0x80004894 (0x45798993) x19 0x80015ce7
core   0: 0x80004898 (0x02e98223) sb      a4, 36(s3)
core   0: 3 0x80004898 (0x02e98223) mem 0x80015d0b 0x96
core   0: 0x8000489c (0xffe98c03) lb      s8, -2(s3)
core   0: 3 0x8000489c (0xffe98c03) x24 0xffffff9e mem 0x80015ce5
core   0: 0x800048a0 (0x57f3a313) slti    t1, t2, 1407
core   0: 3 0x800048a0 (0x57f3a313) x 6 0x00000000
core   0: 0x800048a4 (0x00660eb3) add     t4, a2, t1
core   0: 3 0x800048a4 (0x00660eb3) x29 0x8002ae30
core   0: 0x800048a8 (0xfcd9d083) lhu     ra, -51(s3)
core   0: 3 0x800048a8 (0xfcd9d083) x 1 0x00006e6f mem 0x80015cb4
core   0: 0x800048ac (0xfd598083) lb      ra, -43(s3)
core   0: 3 0x800048ac (0xfd598083) x 1 0x00000077 mem 0x80015cbc
core   0: 0x800048b0 (0x02c98d83) lb      s11, 44(s3)
core   0: 3 0x800048b0 (0x02c98d83) x27 0xffffffc8 mem 0x80015d13
core   0: 0x800048b4 (0x01780db3) add     s11, a6, s7
core   0: 3 0x800048b4 (0x01780db3) x27 0xffff930c
core   0: 0x800048b8 (0xff298283) lb      t0, -14(s3)
core   0: 3 0x800048b8 (0xff298283) x 5 0xffffff92 mem 0x80015cd9
core   0: 0x800048bc (0x00eb4a33) xor     s4, s6, a4
core   0: 3 0x800048bc (0x00eb4a33) x20 0x80015850
core   0: 0x800048c0 (0xff298123) sb      s2, -30(s3)
core   0: 3 0x800048c0 (0xff298123) mem 0x80015cc9 0x96
core   0: 0x800048c4 (0x00491893) slli    a7, s2, 4
core   0: 3 0x800048c4 (0x00491893) x17 0xfffff960
core   0: 0x800048c8 (0x03098a83) lb      s5, 48(s3)
core   0: 3 0x800048c8 (0x03098a83) x21 0xffffffcc mem 0x80015d17
core   0: 0x800048cc (0x00000013) nop
core   0: 3 0x800048cc (0x00000013)
core   0: 0x800048d0 (0xd8d9e393) ori     t2, s3, -627
core   0: 3 0x800048d0 (0xd8d9e393) x 7 0xfffffdef
core   0: 0x800048d4 (0x00a98083) lb      ra, 10(s3)
core   0: 3 0x800048d4 (0x00a98083) x 1 0xffffffaa mem 0x80015cf1
core   0: 0x800048d8 (0x7db3c513) xori    a0, t2, 2011
core   0: 3 0x800048d8 (0x7db3c513) x10 0xfffffa34
core   0: 0x800048dc (0x0055e3b3) or      t2, a1, t0
core   0: 3 0x800048dc (0x0055e3b3) x 7 0xffffff92
core   0: 0x800048e0 (0xfeb9de03) lhu     t3, -21(s3)
core   0: 3 0x800048e0 (0xfeb9de03) x28 0x00008889 mem 0x80015cd2
core   0: 0x800048e4 (0xcc807397) auipc   t2, 0xcc807
core   0: 3 0x800048e4 (0xcc807397) x 7 0x4c80b8e4
core   0: 0x800048e8 (0xfd99d703) lhu     a4, -39(s3)
core   0: 3 0x800048e8 (0xfd99d703) x14 0x00007a7b mem 0x80015cc0
core   0: 0x800048ec (0x00f8ea33) or      s4, a7, a5
core   0: 3 0x800048ec (0x00f8ea33) x20 0xfffffd7c
core   0: 0x800048f0 (0x01a9ce03) lbu     t3, 26(s3)
core   0: 3 0x800048f0 (0x01a9ce03) x28 0x000000ba mem 0x80015d01
core   0: 0x800048f4 (0xfdf98223) sb      t6, -60(s3)
core   0: 3 0x800048f4 (0xfdf98223) mem 0x80015cab 0x7e
core   0: 0x800048f8 (0x01e441b3) xor     gp, s0, t5
core   0: 3 0x800048f8 (0x01e441b3) x 3 0x0000e0e0
core   0: 0x800048fc (0xffa987a3) sb      s10, -17(s3)
core   0: 3 0x800048fc (0xffa987a3) mem 0x80015cd6 0x1
core   0: 0x80004900 (0x0269a4a3) sw      t1, 41(s3)
core   0: 3 0x80004900 (0x0269a4a3) mem 0x80015d10 0x00000000
core   0: 0x80004904 (0x7e1d9ab7) lui     s5, 0x7e1d9
core   0: 3 0x80004904 (0x7e1d9ab7) x21 0x7e1d9000
core   0: 0x80004908 (0xffe98483) lb      s1, -2(s3)
core   0: 3 0x80004908 (0xffe98483) x 9 0xffffff9e mem 0x80015ce5
core   0: 0x8000490c (0x02498da3) sb      tp, 59(s3)
core   0: 3 0x8000490c (0x02498da3) mem 0x80015d22 0x90
core   0: 0x80004910 (0xfe59a4a3) sw      t0, -23(s3)
core   0: 3 0x80004910 (0xfe59a4a3) mem 0x80015cd0 0xffffff92
core   0: 0x80004914 (0x4f9fe913) ori     s2, t6, 1273
core   0: 3 0x80004914 (0x4f9fe913) x18 0x000004ff
core   0: 0x80004918 (0xff098503) lb      a0, -16(s3)
core   0: 3 0x80004918 (0xff098503) x10 0xffffff8c mem 0x80015cd7
core   0: 0x8000491c (0x00831813) slli    a6, t1, 8
core   0: 3 0x8000491c (0x00831813) x16 0x00000000
core   0: 0x80004920 (0x41d55733) sra     a4, a0, t4
core   0: 3 0x80004920 (0x41d55733) x14 0xffffffff
core   0: 0x80004924 (0x02f9d503) lhu     a0, 47(s3)
core   0: 3 0x80004924 (0x02f9d503) x10 0x0000cccd mem 0x80015d16
core   0: 0x80004928 (0xfd499ca3) sh      s4, -39(s3)
core   0: 3 0x80004928 (0xfd499ca3) mem 0x80015cc0 0xfd7c
core   0: 0x8000492c (0xfd79dd83) lhu     s11, -41(s3)
core   0: 3 0x8000492c (0xfd79dd83) x27 0x00007475 mem 0x80015cbe
core   0: 0x80004930 (0x01f432b3) sltu    t0, s0, t6
core   0: 3 0x80004930 (0x01f432b3) x 5 0x00000000
core   0: 0x80004934 (0x00f24db3) xor     s11, tp, a5
core   0: 3 0x80004934 (0x00f24db3) x27 0xfffffbac
core   0: 0x80004938 (0x0053ecb3) or      s9, t2, t0
core   0: 3 0x80004938 (0x0053ecb3) x25 0x4c80b8e4
core   0: 0x8000493c (0xffc9c683) lbu     a3, -4(s3)
core   0: 3 0x8000493c (0xffc9c683) x13 0x00000000 mem 0x80015ce3
core   0: 0x80004940 (0xfe599aa3) sh      t0, -11(s3)
core   0: 3 0x80004940 (0xfe599aa3) mem 0x80015cdc 0x0000
core   0: 0x80004944 (0x01a9c703) lbu     a4, 26(s3)
core   0: 3 0x80004944 (0x01a9c703) x14 0x000000ba mem 0x80015d01
core   0: 0x80004948 (0x0179aea3) sw      s7, 29(s3)
core   0: 3 0x80004948 (0x0179aea3) mem 0x80015d04 0xffff9293
core   0: 0x8000494c (0x03398883) lb      a7, 51(s3)
core   0: 3 0x8000494c (0x03398883) x17 0xffffffd1 mem 0x80015d1a
core   0: 0x80004950 (0xfcb9d903) lhu     s2, -53(s3)
core   0: 3 0x80004950 (0xfcb9d903) x18 0x0000ff69 mem 0x80015cb2
core   0: 0x80004954 (0x00011f97) auipc   t6, 0x11
core   0: 3 0x80004954 (0x00011f97) x31 0x80015954
core   0: 0x80004958 (0x26ef8f93) addi    t6, t6, 622
core   0: 3 0x80004958 (0x26ef8f93) x31 0x80015bc2
core   0: 0x8000495c (0x00011697) auipc   a3, 0x11
core   0: 3 0x8000495c (0x00011697) x13 0x8001595c
core   0: 0x80004960 (0xba868693) addi    a3, a3, -1112
core   0: 3 0x80004960 (0xba868693) x13 0x80015504
core   0: 0x80004964 (0x00011c97) auipc   s9, 0x11
core   0: 3 0x80004964 (0x00011c97) x25 0x80015964
core   0: 0x80004968 (0x107c8c93) addi    s9, s9, 263
core   0: 3 0x80004968 (0x107c8c93) x25 0x80015a6b
core   0: 0x8000496c (0x019f8883) lb      a7, 25(t6)
core   0: 3 0x8000496c (0x019f8883) x17 0xffffff90 mem 0x80015bdb
core   0: 0x80004970 (0xff568383) lb      t2, -11(a3)
core   0: 3 0x80004970 (0xff568383) x 7 0xffffffb2 mem 0x800154f9
core   0: 0x80004974 (0x03a6c983) lbu     s3, 58(a3)
core   0: 3 0x80004974 (0x03a6c983) x19 0x000000f5 mem 0x8001553e
core   0: 0x80004978 (0xfdcfc203) lbu     tp, -36(t6)
core   0: 3 0x80004978 (0xfdcfc203) x 4 0x00000055 mem 0x80015b9e
core   0: 0x8000497c (0x0126ca83) lbu     s5, 18(a3)
core   0: 3 0x8000497c (0x0126ca83) x21 0x000000cd mem 0x80015516
core   0: 0x80004980 (0xff5c8723) sb      s5, -18(s9)
core   0: 3 0x80004980 (0xff5c8723) mem 0x80015a59 0xcd
core   0: 0x80004984 (0xfc5c8f23) sb      t0, -34(s9)
core   0: 3 0x80004984 (0xfc5c8f23) mem 0x80015a49 0x0
core   0: 0x80004988 (0x02f6c803) lbu     a6, 47(a3)
core   0: 3 0x80004988 (0x02f6c803) x16 0x000000e8 mem 0x80015533
core   0: 0x8000498c (0xfe6f8a83) lb      s5, -26(t6)
core   0: 3 0x8000498c (0xfe6f8a83) x21 0x00000063 mem 0x80015ba8
core   0: 0x80004990 (0xfcbc83a3) sb      a1, -57(s9)
core   0: 3 0x80004990 (0xfcbc83a3) mem 0x80015a32 0x0
core   0: 0x80004994 (0x039f9723) sh      s9, 46(t6)
core   0: 3 0x80004994 (0x039f9723) mem 0x80015bf0 0x5a6b
core   0: 0x80004998 (0x007fcc03) lbu     s8, 7(t6)
core   0: 3 0x80004998 (0x007fcc03) x24 0x00000082 mem 0x80015bc9
core   0: 0x8000499c (0x03fc8803) lb      a6, 63(s9)
core   0: 3 0x8000499c (0x03fc8803) x16 0x00000000 mem 0x80015aaa
core   0: 0x800049a0 (0x03b6cf03) lbu     t5, 59(a3)
core   0: 3 0x800049a0 (0x03b6cf03) x30 0x000000f4 mem 0x8001553f
core   0: 0x800049a4 (0xfcdf8f03) lb      t5, -51(t6)
core   0: 3 0x800049a4 (0xfcdf8f03) x30 0x00000044 mem 0x80015b8f
core   0: 0x800049a8 (0xfe8ccb83) lbu     s7, -24(s9)
core   0: 3 0x800049a8 (0xfe8ccb83) x23 0x00000008 mem 0x80015a53
core   0: 0x800049ac (0xff7c9ba3) sh      s7, -9(s9)
core   0: 3 0x800049ac (0xff7c9ba3) mem 0x80015a62 0x0008
core   0: 0x800049b0 (0xff9fca83) lbu     s5, -7(t6)
core   0: 3 0x800049b0 (0xff9fca83) x21 0x00000070 mem 0x80015bbb
core   0: 0x800049b4 (0x007682a3) sb      t2, 5(a3)
core   0: 3 0x800049b4 (0x007682a3) mem 0x80015509 0xb2
core   0: 0x800049b8 (0xfcec8823) sb      a4, -48(s9)
core   0: 3 0x800049b8 (0xfcec8823) mem 0x80015a3b 0xba
core   0: 0x800049bc (0xfed69523) sh      a3, -22(a3)
core   0: 3 0x800049bc (0xfed69523) mem 0x800154ee 0x5504
core   0: 0x800049c0 (0x00ec8623) sb      a4, 12(s9)
core   0: 3 0x800049c0 (0x00ec8623) mem 0x80015a77 0xba
core   0: 0x800049c4 (0xfe768d83) lb      s11, -25(a3)
core   0: 3 0x800049c4 (0xfe768d83) x27 0xffffffa0 mem 0x800154eb
core   0: 0x800049c8 (0x025fcf03) lbu     t5, 37(t6)
core   0: 3 0x800049c8 (0x025fcf03) x30 0x0000009c mem 0x80015be7
core   0: 0x800049cc (0x020c8d83) lb      s11, 32(s9)
core   0: 3 0x800049cc (0x020c8d83) x27 0x00000040 mem 0x80015a8b
core   0: 0x800049d0 (0x018683a3) sb      s8, 7(a3)
core   0: 3 0x800049d0 (0x018683a3) mem 0x8001550b 0x82
core   0: 0x800049d4 (0x00ccc283) lbu     t0, 12(s9)
core   0: 3 0x800049d4 (0x00ccc283) x 5 0x000000ba mem 0x80015a77
core   0: 0x800049d8 (0x02368fa3) sb      gp, 63(a3)
core   0: 3 0x800049d8 (0x02368fa3) mem 0x80015543 0xe0
core   0: 0x800049dc (0xfc3fcc03) lbu     s8, -61(t6)
core   0: 3 0x800049dc (0xfc3fcc03) x24 0x0000003e mem 0x80015b85
core   0: 0x800049e0 (0x00017417) auipc   s0, 0x17
core   0: 3 0x800049e0 (0x00017417) x 8 0x8001b9e0
core   0: 0x800049e4 (0xcf740413) addi    s0, s0, -777
core   0: 3 0x800049e4 (0xcf740413) x 8 0x8001b6d7
core   0: 0x800049e8 (0x03b41303) lh      t1, 59(s0)
core   0: 3 0x800049e8 (0x03b41303) x 6 0xffffc8c9 mem 0x8001b712
core   0: 0x800049ec (0x00011297) auipc   t0, 0x11
core   0: 3 0x800049ec (0x00011297) x 5 0x800159ec
core   0: 0x800049f0 (0xb9c28293) addi    t0, t0, -1124
core   0: 3 0x800049f0 (0xb9c28293) x 5 0x80015588
core   0: 0x800049f4 (0xfe244303) lbu     t1, -30(s0)
core   0: 3 0x800049f4 (0xfe244303) x 6 0x00000072 mem 0x8001b6b9
core   0: 0x800049f8 (0xfdc29803) lh      a6, -36(t0)
core   0: 3 0x800049f8 (0xfdc29803) x16 0x00001e1f mem 0x80015564
core   0: 0x800049fc (0xf09287a3) sb      s1, -241(t0)
core   0: 3 0x800049fc (0xf09287a3) mem 0x80015497 0x9e
core   0: 0x80004a00 (0x02744203) lbu     tp, 39(s0)
core   0: 3 0x80004a00 (0x02744203) x 4 0x000000b5 mem 0x8001b6fe
core   0: 0x80004a04 (0x03440803) lb      a6, 52(s0)
core   0: 3 0x80004a04 (0x03440803) x16 0xffffffc0 mem 0x8001b70b
core   0: 0x80004a08 (0x0ab28723) sb      a1, 174(t0)
core   0: 3 0x80004a08 (0x0ab28723) mem 0x80015636 0x0
core   0: 0x80004a0c (0x0e528803) lb      a6, 229(t0)
core   0: 3 0x80004a0c (0x0e528803) x16 0x00000026 mem 0x8001566d
core   0: 0x80004a10 (0xfb72c903) lbu     s2, -73(t0)
core   0: 3 0x80004a10 (0xfb72c903) x18 0x000000f4 mem 0x8001553f
core   0: 0x80004a14 (0x02741883) lh      a7, 39(s0)
core   0: 3 0x80004a14 (0x02741883) x17 0xffffb4b5 mem 0x8001b6fe
core   0: 0x80004a18 (0x0112c203) lbu     tp, 17(t0)
core   0: 3 0x80004a18 (0x0112c203) x 4 0x000000a5 mem 0x80015599
core   0: 0x80004a1c (0x02c40a83) lb      s5, 44(s0)
core   0: 3 0x80004a1c (0x02c40a83) x21 0xffffffb8 mem 0x8001b703
core   0: 0x80004a20 (0x00011517) auipc   a0, 0x11
core   0: 3 0x80004a20 (0x00011517) x10 0x80015a20
core   0: 0x80004a24 (0xcc850513) addi    a0, a0, -824
core   0: 3 0x80004a24 (0xcc850513) x10 0x800156e8
core   0: 0x80004a28 (0xf3750403) lb      s0, -201(a0)
core   0: 3 0x80004a28 (0xf3750403) x 8 0xffffffd4 mem 0x8001561f
core   0: 0x80004a2c (0xfdd50a83) lb      s5, -35(a0)
core   0: 3 0x80004a2c (0xfdd50a83) x21 0x0000007e mem 0x800156c5
core   0: 0x80004a30 (0xfdd50883) lb      a7, -35(a0)
core   0: 3 0x80004a30 (0xfdd50883) x17 0x0000007e mem 0x800156c5
core   0: 0x80004a34 (0x0ff0000f) fence   iorw,iorw
core   0: 3 0x80004a34 (0x0ff0000f)
core   0: 0x80004a38 (0xfdd50783) lb      a5, -35(a0)
core   0: 3 0x80004a38 (0xfdd50783) x15 0x0000007e mem 0x800156c5
core   0: 0x80004a3c (0x40f15db3) sra     s11, sp, a5
core   0: 3 0x80004a3c (0x40f15db3) x27 0xfffffffe
core   0: 0x80004a40 (0xfdd54683) lbu     a3, -35(a0)
core   0: 3 0x80004a40 (0xfdd54683) x13 0x0000007e mem 0x800156c5
core   0: 0x80004a44 (0xfc150ea3) sb      ra, -35(a0)
core   0: 3 0x80004a44 (0xfc150ea3) mem 0x800156c5 0xaa
core   0: 0x80004a48 (0xfdd50483) lb      s1, -35(a0)
core   0: 3 0x80004a48 (0xfdd50483) x 9 0xffffffaa mem 0x800156c5
core   0: 0x80004a4c (0x321a3e13) sltiu   t3, s4, 801
core   0: 3 0x80004a4c (0x321a3e13) x28 0x00000000
core   0: 0x80004a50 (0x016a42b3) xor     t0, s4, s6
core   0: 3 0x80004a50 (0x016a42b3) x 5 0x7ffea5ba
core   0: 0x80004a54 (0xa99b2993) slti    s3, s6, -1383
core   0: 3 0x80004a54 (0xa99b2993) x19 0x00000001
core   0: 0x80004a58 (0xfd950ea3) sb      s9, -35(a0)
core   0: 3 0x80004a58 (0xfd950ea3) mem 0x800156c5 0x6b
core   0: 0x80004a5c (0xfcd50ea3) sb      a3, -35(a0)
core   0: 3 0x80004a5c (0xfcd50ea3) mem 0x800156c5 0x7e
core   0: 0x80004a60 (0xf8350483) lb      s1, -125(a0)
core   0: 3 0x80004a60 (0xf8350483) x 9 0x00000020 mem 0x8001566b
core   0: 0x80004a64 (0xf9350b23) sb      s3, -106(a0)
core   0: 3 0x80004a64 (0xf9350b23) mem 0x8001567e 0x1
core   0: 0x80004a68 (0xf9655c03) lhu     s8, -106(a0)
core   0: 3 0x80004a68 (0xf9655c03) x24 0x00003401 mem 0x8001567e
core   0: 0x80004a6c (0xf8651b23) sh      t1, -106(a0)
core   0: 3 0x80004a6c (0xf8651b23) mem 0x8001567e 0x0072
core   0: 0x80004a70 (0x00019817) auipc   a6, 0x19
core   0: 3 0x80004a70 (0x00019817) x16 0x8001da70
core   0: 0x80004a74 (0xc1f80813) addi    a6, a6, -993
core   0: 3 0x80004a74 (0xc1f80813) x16 0x8001d68f
core   0: 0x80004a78 (0x01a66d33) or      s10, a2, s10
core   0: 3 0x80004a78 (0x01a66d33) x26 0x8002ae31
core   0: 0x80004a7c (0x04080f23) sb      zero, 94(a6)
core   0: 3 0x80004a7c (0x04080f23) mem 0x8001d6ed 0x0
core   0: 0x80004a80 (0x05e80703) lb      a4, 94(a6)
core   0: 3 0x80004a80 (0x05e80703) x14 0x00000000 mem 0x8001d6ed
core   0: 0x80004a84 (0x0ff0000f) fence   iorw,iorw
core   0: 3 0x80004a84 (0x0ff0000f)
core   0: 0x80004a88 (0xfcc84683) lbu     a3, -52(a6)
core   0: 3 0x80004a88 (0xfcc84683) x13 0x00000010 mem 0x8001d65b
core   0: 0x80004a8c (0x01c84f03) lbu     t5, 28(a6)
core   0: 3 0x80004a8c (0x01c84f03) x30 0x00000060 mem 0x8001d6ab
core   0: 0x80004a90 (0x03284983) lbu     s3, 50(a6)
core   0: 3 0x80004a90 (0x03284983) x19 0x0000007a mem 0x8001d6c1
core   0: 0x80004a94 (0x01b259b3) srl     s3, tp, s11
core   0: 3 0x80004a94 (0x01b259b3) x19 0x00000000
core   0: 0x80004a98 (0x03280e03) lb      t3, 50(a6)
core   0: 3 0x80004a98 (0x03280e03) x28 0x0000007a mem 0x8001d6c1
core   0: 0x80004a9c (0x03280a83) lb      s5, 50(a6)
core   0: 3 0x80004a9c (0x03280a83) x21 0x0000007a mem 0x8001d6c1
core   0: 0x80004aa0 (0x03284f03) lbu     t5, 50(a6)
core   0: 3 0x80004aa0 (0x03284f03) x30 0x0000007a mem 0x8001d6c1
core   0: 0x80004aa4 (0x011816a3) sh      a7, 13(a6)
core   0: 3 0x80004aa4 (0x011816a3) mem 0x8001d69c 0x007e
core   0: 0x80004aa8 (0x017816a3) sh      s7, 13(a6)
core   0: 3 0x80004aa8 (0x017816a3) mem 0x8001d69c 0x0008
core   0: 0x80004aac (0x001fdc33) srl     s8, t6, ra
core   0: 3 0x80004aac (0x001fdc33) x24 0x00200056
core   0: 0x80004ab0 (0xf5a818a3) sh      s10, -175(a6)
core   0: 3 0x80004ab0 (0xf5a818a3) mem 0x8001d5e0 0xae31
core   0: 0x80004ab4 (0x00014d97) auipc   s11, 0x14
core   0: 3 0x80004ab4 (0x00014d97) x27 0x80018ab4
core   0: 0x80004ab8 (0x9a7d8d93) addi    s11, s11, -1625
core   0: 3 0x80004ab8 (0x9a7d8d93) x27 0x8001845b
core   0: 0x80004abc (0xfd1d90a3) sh      a7, -63(s11)
core   0: 3 0x80004abc (0xfd1d90a3) mem 0x8001841c 0x007e
core   0: 0x80004ac0 (0xfead8723) sb      a0, -18(s11)
core   0: 3 0x80004ac0 (0xfead8723) mem 0x80018449 0xe8
core   0: 0x80004ac4 (0x77560397) auipc   t2, 0x77560
core   0: 3 0x80004ac4 (0x77560397) x 7 0xf7564ac4
core   0: 0x80004ac8 (0x04347893) andi    a7, s0, 67
core   0: 3 0x80004ac8 (0x04347893) x17 0x00000040
core   0: 0x80004acc (0xfc6dc983) lbu     s3, -58(s11)
core   0: 3 0x80004acc (0xfc6dc983) x19 0x000000da mem 0x80018421
core   0: 0x80004ad0 (0x000d8c03) lb      s8, 0(s11)
core   0: 3 0x80004ad0 (0x000d8c03) x24 0x00000010 mem 0x8001845b
core   0: 0x80004ad4 (0x0134de13) srli    t3, s1, 19
core   0: 3 0x80004ad4 (0x0134de13) x28 0x00000000
core   0: 0x80004ad8 (0xdc58c293) xori    t0, a7, -571
core   0: 3 0x80004ad8 (0xdc58c293) x 5 0xfffffd85
core   0: 0x80004adc (0x00d8dc13) srli    s8, a7, 13
core   0: 3 0x80004adc (0x00d8dc13) x24 0x00000000
core   0: 0x80004ae0 (0x5e8fe093) ori     ra, t6, 1512
core   0: 3 0x80004ae0 (0x5e8fe093) x 1 0x80015fea
core   0: 0x80004ae4 (0xad6b2413) slti    s0, s6, -1322
core   0: 3 0x80004ae4 (0xad6b2413) x 8 0x00000001
core   0: 0x80004ae8 (0x00a15ab3) srl     s5, sp, a0
core   0: 3 0x80004ae8 (0x00a15ab3) x21 0x008002ec
core   0: 0x80004aec (0x0ff0000f) fence   iorw,iorw
core   0: 3 0x80004aec (0x0ff0000f)
core   0: 0x80004af0 (0x0000100f) fence.i
core   0: 3 0x80004af0 (0x0000100f)
core   0: 0x80004af4 (0x012adfb3) srl     t6, s5, s2
core   0: 3 0x80004af4 (0x012adfb3) x31 0x00000008
core   0: 0x80004af8 (0x31cc7913) andi    s2, s8, 796
core   0: 3 0x80004af8 (0x31cc7913) x18 0x00000000
core   0: 0x80004afc (0x38db7693) andi    a3, s6, 909
core   0: 3 0x80004afc (0x38db7693) x13 0x00000084
core   0: 0x80004b00 (0xfded87a3) sb      t5, -49(s11)
core   0: 3 0x80004b00 (0xfded87a3) mem 0x8001842a 0x7a
core   0: 0x80004b04 (0x006d8383) lb      t2, 6(s11)
core   0: 3 0x80004b04 (0x006d8383) x 7 0x0000001a mem 0x80018461
core   0: 0x80004b08 (0x017b4233) xor     tp, s6, s7
core   0: 3 0x80004b08 (0x017b4233) x 4 0x800158ce
core   0: 0x80004b0c (0x012d8a03) lb      s4, 18(s11)
core   0: 3 0x80004b0c (0x012d8a03) x20 0x00000026 mem 0x8001846d
core   0: 0x80004b10 (0x005534b3) sltu    s1, a0, t0
core   0: 3 0x80004b10 (0x005534b3) x 9 0x00000001
core   0: 0x80004b14 (0x46e22793) slti    a5, tp, 1134
core   0: 3 0x80004b14 (0x46e22793) x15 0x00000001
core   0: 0x80004b18 (0x00fb14b3) sll     s1, s6, a5
core   0: 3 0x80004b18 (0x00fb14b3) x 9 0x0002b18c
core   0: 0x80004b1c (0xff2dce83) lbu     t4, -14(s11)
core   0: 3 0x80004b1c (0xff2dce83) x29 0x00000006 mem 0x8001844d
core   0: 0x80004b20 (0x00981733) sll     a4, a6, s1
core   0: 3 0x80004b20 (0x00981733) x14 0x1d68f000
core   0: 0x80004b24 (0xfc9dae03) lw      t3, -55(s11)
core   0: 3 0x80004b24 (0xfc9dae03) x28 0xdcdddedf mem 0x80018424
core   0: 0x80004b28 (0x00d9e933) or      s2, s3, a3
core   0: 3 0x80004b28 (0x00d9e933) x18 0x000000de
core   0: 0x80004b2c (0xfc2d8983) lb      s3, -62(s11)
core   0: 3 0x80004b2c (0xfc2d8983) x19 0x00000000 mem 0x8001841d
core   0: 0x80004b30 (0x01dd4eb3) xor     t4, s10, t4
core   0: 3 0x80004b30 (0x01dd4eb3) x29 0x8002ae37
core   0: 0x80004b34 (0x01eece33) xor     t3, t4, t5
core   0: 3 0x80004b34 (0x01eece33) x28 0x8002ae4d
core   0: 0x80004b38 (0x01ff1e13) slli    t3, t5, 31
core   0: 3 0x80004b38 (0x01ff1e13) x28 0x00000000
core   0: 0x80004b3c (0x01caf0b3) and     ra, s5, t3
core   0: 3 0x80004b3c (0x01caf0b3) x 1 0x00000000
core   0: 0x80004b40 (0x01595513) srli    a0, s2, 21
core   0: 3 0x80004b40 (0x01595513) x10 0x00000000
core   0: 0x80004b44 (0xd0116493) ori     s1, sp, -767
core   0: 3 0x80004b44 (0xd0116493) x 9 0xfffffde5
core   0: 0x80004b48 (0x0126f233) and     tp, a3, s2
core   0: 3 0x80004b48 (0x0126f233) x 4 0x00000084
core   0: 0x80004b4c (0xfe0d82a3) sb      zero, -27(s11)
core   0: 3 0x80004b4c (0xfe0d82a3) mem 0x80018440 0x0
core   0: 0x80004b50 (0x01adc983) lbu     s3, 26(s11)
core   0: 3 0x80004b50 (0x01adc983) x19 0x0000002e mem 0x80018475
core   0: 0x80004b54 (0xfc3d9203) lh      tp, -61(s11)
core   0: 3 0x80004b54 (0xfc3d9203) x 4 0xffffb0d5 mem 0x8001841e
core   0: 0x80004b58 (0x017d94a3) sh      s7, 9(s11)
core   0: 3 0x80004b58 (0x017d94a3) mem 0x80018464 0x0008
core   0: 0x80004b5c (0x00015f17) auipc   t5, 0x15
core   0: 3 0x80004b5c (0x00015f17) x30 0x80019b5c
core   0: 0x80004b60 (0x581f0f13) addi    t5, t5, 1409
core   0: 3 0x80004b60 (0x581f0f13) x30 0x8001a0dd
core   0: 0x80004b64 (0x00df5283) lhu     t0, 13(t5)
core   0: 3 0x80004b64 (0x00df5283) x 5 0x0000a0a1 mem 0x8001a0ea
core   0: 0x80004b68 (0xff8f4703) lbu     a4, -8(t5)
core   0: 3 0x80004b68 (0xff8f4703) x14 0x0000008e mem 0x8001a0d5
core   0: 0x80004b6c (0xfe2f2da3) sw      sp, -5(t5)
core   0: 3 0x80004b6c (0xfe2f2da3) mem 0x8001a0d8 0x8002ece4
core   0: 0x80004b70 (0x005f5f83) lhu     t6, 5(t5)
core   0: 3 0x80004b70 (0x005f5f83) x31 0x00009899 mem 0x8001a0e2
core   0: 0x80004b74 (0xff6f2fa3) sw      s6, -1(t5)
core   0: 3 0x80004b74 (0xff6f2fa3) mem 0x8001a0dc 0x800158c6
core   0: 0x80004b78 (0x3f94a213) slti    tp, s1, 1017
core   0: 3 0x80004b78 (0x3f94a213) x 4 0x00000001
core   0: 0x80004b7c (0x00df16a3) sh      a3, 13(t5)
core   0: 3 0x80004b7c (0x00df16a3) mem 0x8001a0ea 0x0084
core   0: 0x80004b80 (0x015366b3) or      a3, t1, s5
core   0: 3 0x80004b80 (0x015366b3) x13 0x008002fe
core   0: 0x80004b84 (0x0000100f) fence.i
core   0: 3 0x80004b84 (0x0000100f)
core   0: 0x80004b88 (0xffaf0b23) sb      s10, -10(t5)
core   0: 3 0x80004b88 (0xffaf0b23) mem 0x8001a0d3 0x31
core   0: 0x80004b8c (0xff2f0203) lb      tp, -14(t5)
core   0: 3 0x80004b8c (0xff2f0203) x 4 0xffffff84 mem 0x8001a0cf
core   0: 0x80004b90 (0x015f23a3) sw      s5, 7(t5)
core   0: 3 0x80004b90 (0x015f23a3) mem 0x8001a0e4 0x008002ec
core   0: 0x80004b94 (0x007f0d83) lb      s11, 7(t5)
core   0: 3 0x80004b94 (0x007f0d83) x27 0xffffffec mem 0x8001a0e4
core   0: 0x80004b98 (0x00c938b3) sltu    a7, s2, a2
core   0: 3 0x80004b98 (0x00c938b3) x17 0x00000001
core   0: 0x80004b9c (0x012f11a3) sh      s2, 3(t5)
core   0: 3 0x80004b9c (0x012f11a3) mem 0x8001a0e0 0x00de
core   0: 0x80004ba0 (0xfe6f29a3) sw      t1, -13(t5)
core   0: 3 0x80004ba0 (0xfe6f29a3) mem 0x8001a0d0 0x00000072
core   0: 0x80004ba4 (0x5e0d5a97) auipc   s5, 0x5e0d5
core   0: 3 0x80004ba4 (0x5e0d5a97) x21 0xde0d9ba4
core   0: 0x80004ba8 (0xfe9f09a3) sb      s1, -13(t5)
core   0: 3 0x80004ba8 (0xfe9f09a3) mem 0x8001a0d0 0xe5
core   0: 0x80004bac (0x007f2303) lw      t1, 7(t5)
core   0: 3 0x80004bac (0x007f2303) x 6 0x008002ec mem 0x8001a0e4
core   0: 0x80004bb0 (0x01ff0723) sb      t6, 14(t5)
core   0: 3 0x80004bb0 (0x01ff0723) mem 0x8001a0eb 0x99
core   0: 0x80004bb4 (0x9cd348b7) lui     a7, 0x9cd34
core   0: 3 0x80004bb4 (0x9cd348b7) x17 0x9cd34000
core   0: 0x80004bb8 (0x00c4d733) srl     a4, s1, a2
core   0: 3 0x80004bb8 (0x00c4d733) x14 0x0000ffff
core   0: 0x80004bbc (0xffef4b83) lbu     s7, -2(t5)
core   0: 3 0x80004bbc (0xffef4b83) x23 0x00000080 mem 0x8001a0db
core   0: 0x80004bc0 (0x01b71413) slli    s0, a4, 27
core   0: 3 0x80004bc0 (0x01b71413) x 8 0xf8000000
core   0: 0x80004bc4 (0x00f334b3) sltu    s1, t1, a5
core   0: 3 0x80004bc4 (0x00f334b3) x 9 0x00000000
core   0: 0x80004bc8 (0x00ef4b03) lbu     s6, 14(t5)
core   0: 3 0x80004bc8 (0x00ef4b03) x22 0x00000099 mem 0x8001a0eb
core   0: 0x80004bcc (0xff2f0883) lb      a7, -14(t5)
core   0: 3 0x80004bcc (0xff2f0883) x17 0xffffff84 mem 0x8001a0cf
core   0: 0x80004bd0 (0x005f0523) sb      t0, 10(t5)
core   0: 3 0x80004bd0 (0x005f0523) mem 0x8001a0e7 0xa1
core   0: 0x80004bd4 (0xb656b337) lui     t1, 0xb656b
core   0: 3 0x80004bd4 (0xb656b337) x 6 0xb656b000
core   0: 0x80004bd8 (0x011f16a3) sh      a7, 13(t5)
core   0: 3 0x80004bd8 (0x011f16a3) mem 0x8001a0ea 0xff84
core   0: 0x80004bdc (0xff8f4d83) lbu     s11, -8(t5)
core   0: 3 0x80004bdc (0xff8f4d83) x27 0x0000008e mem 0x8001a0d5
core   0: 0x80004be0 (0x00011317) auipc   t1, 0x11
core   0: 3 0x80004be0 (0x00011317) x 6 0x80015be0
core   0: 0x80004be4 (0x3ed30313) addi    t1, t1, 1005
core   0: 3 0x80004be4 (0x3ed30313) x 6 0x80015fcd
core   0: 0x80004be8 (0xea7313a3) sh      t2, -345(t1)
core   0: 3 0x80004be8 (0xea7313a3) mem 0x80015e74 0x001a
core   0: 0x80004bec (0xd69314a3) sh      s1, -663(t1)
core   0: 3 0x80004bec (0xd69314a3) mem 0x80015d36 0x0000
core   0: 0x80004bf0 (0xd6935e03) lhu     t3, -663(t1)
core   0: 3 0x80004bf0 (0xd6935e03) x28 0x00000000 mem 0x80015d36
core   0: 0x80004bf4 (0x83330903) lb      s2, -1997(t1)
core   0: 3 0x80004bf4 (0x83330903) x18 0xffffffbb mem 0x80015800
core   0: 0x80004bf8 (0xe9ed7093) andi    ra, s10, -354
core   0: 3 0x80004bf8 (0xe9ed7093) x 1 0x8002ae10
core   0: 0x80004bfc (0x01beae33) slt     t3, t4, s11
core   0: 3 0x80004bfc (0x01beae33) x28 0x00000001
core   0: 0x80004c00 (0x110e6a13) ori     s4, t3, 272
core   0: 3 0x80004c00 (0x110e6a13) x20 0x00000111
core   0: 0x80004c04 (0x82d319a3) sh      a3, -1997(t1)
core   0: 3 0x80004c04 (0x82d319a3) mem 0x80015800 0x02fe
core   0: 0x80004c08 (0x828319a3) sh      s0, -1997(t1)
core   0: 3 0x80004c08 (0x828319a3) mem 0x80015800 0x0000
core   0: 0x80004c0c (0xede30c83) lb      s9, -290(t1)
core   0: 3 0x80004c0c (0xede30c83) x25 0x00000060 mem 0x80015eab
core   0: 0x80004c10 (0xede34e83) lbu     t4, -290(t1)
core   0: 3 0x80004c10 (0xede34e83) x29 0x00000060 mem 0x80015eab
core   0: 0x80004c14 (0xed230f23) sb      s2, -290(t1)
core   0: 3 0x80004c14 (0xed230f23) mem 0x80015eab 0xbb
core   0: 0x80004c18 (0xede30a03) lb      s4, -290(t1)
core   0: 3 0x80004c18 (0xede30a03) x20 0xffffffbb mem 0x80015eab
core   0: 0x80004c1c (0x04e47f13) andi    t5, s0, 78
core   0: 3 0x80004c1c (0x04e47f13) x30 0x00000000
core   0: 0x80004c20 (0xed630f23) sb      s6, -290(t1)
core   0: 3 0x80004c20 (0xed630f23) mem 0x80015eab 0x99
core   0: 0x80004c24 (0xede30f83) lb      t6, -290(t1)
core   0: 3 0x80004c24 (0xede30f83) x31 0xffffff99 mem 0x80015eab
core   0: 0x80004c28 (0x0001ea17) auipc   s4, 0x1e
core   0: 3 0x80004c28 (0x0001ea17) x20 0x80022c28
core   0: 0x80004c2c (0x0f9a0a13) addi    s4, s4, 249
core   0: 3 0x80004c2c (0x0f9a0a13) x20 0x80022d21
core   0: 0x80004c30 (0x01451c93) slli    s9, a0, 20
core   0: 3 0x80004c30 (0x01451c93) x25 0x00000000
core   0: 0x80004c34 (0x035a1e83) lh      t4, 53(s4)
core   0: 3 0x80004c34 (0x035a1e83) x29 0x00000c0d mem 0x80022d56
core   0: 0x80004c38 (0x016a4083) lbu     ra, 22(s4)
core   0: 3 0x80004c38 (0x016a4083) x 1 0x000000ec mem 0x80022d37
core   0: 0x80004c3c (0x016a0a83) lb      s5, 22(s4)
core   0: 3 0x80004c3c (0x016a0a83) x21 0xffffffec mem 0x80022d37
core   0: 0x80004c40 (0xfdda0223) sb      t4, -60(s4)
core   0: 3 0x80004c40 (0xfdda0223) mem 0x80022ce5 0xd
core   0: 0x80004c44 (0xfcfa0223) sb      a5, -60(s4)
core   0: 3 0x80004c44 (0xfcfa0223) mem 0x80022ce5 0x1
core   0: 0x80004c48 (0x01619c33) sll     s8, gp, s6
core   0: 3 0x80004c48 (0x01619c33) x24 0xc0000000
core   0: 0x80004c4c (0x033a0523) sb      s3, 42(s4)
core   0: 3 0x80004c4c (0x033a0523) mem 0x80022d4b 0x2e
core   0: 0x80004c50 (0x002b1e33) sll     t3, s6, sp
core   0: 3 0x80004c50 (0x002b1e33) x28 0x00000990
core   0: 0x80004c54 (0x040a4983) lbu     s3, 64(s4)
core   0: 3 0x80004c54 (0x040a4983) x19 0x0000001a mem 0x80022d61
core   0: 0x80004c58 (0x040a0903) lb      s2, 64(s4)
core   0: 3 0x80004c58 (0x040a0903) x18 0x0000001a mem 0x80022d61
core   0: 0x80004c5c (0x040a0f03) lb      t5, 64(s4)
core   0: 3 0x80004c5c (0x040a0f03) x30 0x0000001a mem 0x80022d61
core   0: 0x80004c60 (0x001d68b3) or      a7, s10, ra
core   0: 3 0x80004c60 (0x001d68b3) x17 0x8002aefd
core   0: 0x80004c64 (0x006a4883) lbu     a7, 6(s4)
core   0: 3 0x80004c64 (0x006a4883) x17 0x000000dc mem 0x80022d27
core   0: 0x80004c68 (0x008a0183) lb      gp, 8(s4)
core   0: 3 0x80004c68 (0x008a0183) x 3 0xffffffe2 mem 0x80022d29
core   0: 0x80004c6c (0x008a4d83) lbu     s11, 8(s4)
core   0: 3 0x80004c6c (0x008a4d83) x27 0x000000e2 mem 0x80022d29
core   0: 0x80004c70 (0x58390393) addi    t2, s2, 1411
core   0: 3 0x80004c70 (0x58390393) x 7 0x0000059d
core   0: 0x80004c74 (0x008a0c83) lb      s9, 8(s4)
core   0: 3 0x80004c74 (0x008a0c83) x25 0xffffffe2 mem 0x80022d29
core   0: 0x80004c78 (0x008a0703) lb      a4, 8(s4)
core   0: 3 0x80004c78 (0x008a0703) x14 0xffffffe2 mem 0x80022d29
core   0: 0x80004c7c (0xfc5a4b83) lbu     s7, -59(s4)
core   0: 3 0x80004c7c (0xfc5a4b83) x23 0x0000009d mem 0x80022ce6
core   0: 0x80004c80 (0xfc5a4b83) lbu     s7, -59(s4)
core   0: 3 0x80004c80 (0xfc5a4b83) x23 0x0000009d mem 0x80022ce6
core   0: 0x80004c84 (0x41885713) srai    a4, a6, 24
core   0: 3 0x80004c84 (0x41885713) x14 0xffffff80
core   0: 0x80004c88 (0xff2a4a83) lbu     s5, -14(s4)
core   0: 3 0x80004c88 (0xff2a4a83) x21 0x000000c8 mem 0x80022d13
core   0: 0x80004c8c (0x00020717) auipc   a4, 0x20
core   0: 3 0x80004c8c (0x00020717) x14 0x80024c8c
core   0: 0x80004c90 (0xe3c70713) addi    a4, a4, -452
core   0: 3 0x80004c90 (0xe3c70713) x14 0x80024ac8
core   0: 0x80004c94 (0xff174783) lbu     a5, -15(a4)
core   0: 3 0x80004c94 (0xff174783) x15 0x00000072 mem 0x80024ab9
core   0: 0x80004c98 (0x02471183) lh      gp, 36(a4)
core   0: 3 0x80004c98 (0x02471183) x 3 0xffffa6a7 mem 0x80024aec
core   0: 0x80004c9c (0xfee70223) sb      a4, -28(a4)
core   0: 3 0x80004c9c (0xfee70223) mem 0x80024aac 0xc8
core   0: 0x80004ca0 (0x019706a3) sb      s9, 13(a4)
core   0: 3 0x80004ca0 (0x019706a3) mem 0x80024ad5 0xe2
core   0: 0x80004ca4 (0xfe570403) lb      s0, -27(a4)
core   0: 3 0x80004ca4 (0xfe570403) x 8 0x00000066 mem 0x80024aad
core   0: 0x80004ca8 (0x1ec07c37) lui     s8, 0x1ec07
core   0: 3 0x80004ca8 (0x1ec07c37) x24 0x1ec07000
core   0: 0x80004cac (0xff1702a3) sb      a7, -27(a4)
core   0: 3 0x80004cac (0xff1702a3) mem 0x80024aad 0xdc
core   0: 0x80004cb0 (0x02570c03) lb      s8, 37(a4)
core   0: 3 0x80004cb0 (0x02570c03) x24 0xffffffa6 mem 0x80024aed
core   0: 0x80004cb4 (0x03a74983) lbu     s3, 58(a4)
core   0: 3 0x80004cb4 (0x03a74983) x19 0x000000b9 mem 0x80024b02
core   0: 0x80004cb8 (0x03875d03) lhu     s10, 56(a4)
core   0: 3 0x80004cb8 (0x03875d03) x26 0x0000babb mem 0x80024b00
core   0: 0x80004cbc (0x01e74f03) lbu     t5, 30(a4)
core   0: 3 0x80004cbc (0x01e74f03) x30 0x0000009d mem 0x80024ae6
core   0: 0x80004cc0 (0xfc974203) lbu     tp, -55(a4)
core   0: 3 0x80004cc0 (0xfc974203) x 4 0x0000004a mem 0x80024a91
core   0: 0x80004cc4 (0x41130333) sub     t1, t1, a7
core   0: 3 0x80004cc4 (0x41130333) x 6 0x80015ef1
core   0: 0x80004cc8 (0xe5fa3b93) sltiu   s7, s4, -417
core   0: 3 0x80004cc8 (0xe5fa3b93) x23 0x00000001
core   0: 0x80004ccc (0x02974803) lbu     a6, 41(a4)
core   0: 3 0x80004ccc (0x02974803) x16 0x000000aa mem 0x80024af1
core   0: 0x80004cd0 (0xfde702a3) sb      t5, -59(a4)
core   0: 3 0x80004cd0 (0xfde702a3) mem 0x80024a8d 0x9d
core   0: 0x80004cd4 (0x44f18437) lui     s0, 0x44f18
core   0: 3 0x80004cd4 (0x44f18437) x 8 0x44f18000
core   0: 0x80004cd8 (0x04071483) lh      s1, 64(a4)
core   0: 3 0x80004cd8 (0x04071483) x 9 0xffffc2c3 mem 0x80024b08
core   0: 0x80004cdc (0xfc974803) lbu     a6, -55(a4)
core   0: 3 0x80004cdc (0xfc974803) x16 0x0000004a mem 0x80024a91
core   0: 0x80004ce0 (0x009baeb3) slt     t4, s7, s1
core   0: 3 0x80004ce0 (0x009baeb3) x29 0x00000000
core   0: 0x80004ce4 (0x407d5e33) sra     t3, s10, t2
core   0: 3 0x80004ce4 (0x407d5e33) x28 0x00000000
core   0: 0x80004ce8 (0xfd072803) lw      a6, -48(a4)
core   0: 3 0x80004ce8 (0xfd072803) x16 0x50515253 mem 0x80024a98
core   0: 0x80004cec (0x00010c17) auipc   s8, 0x10
core   0: 3 0x80004cec (0x00010c17) x24 0x80014cec
core   0: 0x80004cf0 (0x35fc0c13) addi    s8, s8, 863
core   0: 3 0x80004cf0 (0x35fc0c13) x24 0x8001504b
core   0: 0x80004cf4 (0x0bdc28a3) sw      t4, 177(s8)
core   0: 3 0x80004cf4 (0x0bdc28a3) mem 0x800150fc 0x00000000
core   0: 0x80004cf8 (0x090c0f03) lb      t5, 144(s8)
core   0: 3 0x80004cf8 (0x090c0f03) x30 0xffffff90 mem 0x800150db
core   0: 0x80004cfc (0x095c4803) lbu     a6, 149(s8)
core   0: 3 0x80004cfc (0x095c4803) x16 0x0000009b mem 0x800150e0
core   0: 0x80004d00 (0x0e3c5403) lhu     s0, 227(s8)
core   0: 3 0x80004d00 (0x0e3c5403) x 8 0x0000e4e5 mem 0x8001512e
core   0: 0x80004d04 (0x0fbc01a3) sb      s11, 227(s8)
core   0: 3 0x80004d04 (0x0fbc01a3) mem 0x8001512e 0xe2
core   0: 0x80004d08 (0x00cb5093) srli    ra, s6, 12
core   0: 3 0x80004d08 (0x00cb5093) x 1 0x00000000
core   0: 0x80004d0c (0x0e3c0d83) lb      s11, 227(s8)
core   0: 3 0x80004d0c (0x0e3c0d83) x27 0xffffffe2 mem 0x8001512e
core   0: 0x80004d10 (0x01fdae33) slt     t3, s11, t6
core   0: 3 0x80004d10 (0x01fdae33) x28 0x00000000
core   0: 0x80004d14 (0x0b2c4b03) lbu     s6, 178(s8)
core   0: 3 0x80004d14 (0x0b2c4b03) x22 0x00000000 mem 0x800150fd
core   0: 0x80004d18 (0x0b2c0403) lb      s0, 178(s8)
core   0: 3 0x80004d18 (0x0b2c0403) x 8 0x00000000 mem 0x800150fd
core   0: 0x80004d1c (0x022c4c83) lbu     s9, 34(s8)
core   0: 3 0x80004d1c (0x022c4c83) x25 0x00000026 mem 0x8001506d
core   0: 0x80004d20 (0xe9a5eeb7) lui     t4, 0xe9a5e
core   0: 3 0x80004d20 (0xe9a5eeb7) x29 0xe9a5e000
core   0: 0x80004d24 (0x00ab9eb3) sll     t4, s7, a0
core   0: 3 0x80004d24 (0x00ab9eb3) x29 0x00000001
core   0: 0x80004d28 (0x022c0b83) lb      s7, 34(s8)
core   0: 3 0x80004d28 (0x022c0b83) x23 0x00000026 mem 0x8001506d
core   0: 0x80004d2c (0x026c0123) sb      t1, 34(s8)
core   0: 3 0x80004d2c (0x026c0123) mem 0x8001506d 0xf1
core   0: 0x80004d30 (0x28746213) ori     tp, s0, 647
core   0: 3 0x80004d30 (0x28746213) x 4 0x00000287
core   0: 0x80004d34 (0x40395d33) sra     s10, s2, gp
core   0: 3 0x80004d34 (0x40395d33) x26 0x00000000
core   0: 0x80004d38 (0x017c1203) lh      tp, 23(s8)
core   0: 3 0x80004d38 (0x017c1203) x 4 0x00001819 mem 0x80015062
core   0: 0x80004d3c (0x00bc1ba3) sh      a1, 23(s8)
core   0: 3 0x80004d3c (0x00bc1ba3) mem 0x80015062 0x0000
core   0: 0x80004d40 (0x044c0903) lb      s2, 68(s8)
core   0: 3 0x80004d40 (0x044c0903) x18 0x00000044 mem 0x8001508f
core   0: 0x80004d44 (0x0b7c0ca3) sb      s7, 185(s8)
core   0: 3 0x80004d44 (0x0b7c0ca3) mem 0x80015104 0x26
core   0: 0x80004d48 (0x0b9c5183) lhu     gp, 185(s8)
core   0: 3 0x80004d48 (0x0b9c5183) x 3 0x0000be26 mem 0x80015104
core   0: 0x80004d4c (0x00b4c833) xor     a6, s1, a1
core   0: 3 0x80004d4c (0x00b4c833) x16 0x7fffc2c3
core   0: 0x80004d50 (0x0b9c4a83) lbu     s5, 185(s8)
core   0: 3 0x80004d50 (0x0b9c4a83) x21 0x00000026 mem 0x80015104
core   0: 0x80004d54 (0x00018e97) auipc   t4, 0x18
core   0: 3 0x80004d54 (0x00018e97) x29 0x8001cd54
core   0: 0x80004d58 (0xf24e8e93) addi    t4, t4, -220
core   0: 3 0x80004d58 (0xf24e8e93) x29 0x8001cc78
core   0: 0x80004d5c (0x051ec183) lbu     gp, 81(t4)
core   0: 3 0x80004d5c (0x051ec183) x 3 0x00000082 mem 0x8001ccc9
core   0: 0x80004d60 (0xf96e9b03) lh      s6, -106(t4)
core   0: 3 0x80004d60 (0xf96e9b03) x22 0xffffc4c5 mem 0x8001cc0e
core   0: 0x80004d64 (0xf03ec883) lbu     a7, -253(t4)
core   0: 3 0x80004d64 (0xf03ec883) x17 0x00000030 mem 0x8001cb7b
core   0: 0x80004d68 (0x0dcecc03) lbu     s8, 220(t4)
core   0: 3 0x80004d68 (0x0dcecc03) x24 0x0000000f mem 0x8001cd54
core   0: 0x80004d6c (0xf6aec683) lbu     a3, -150(t4)
core   0: 3 0x80004d6c (0xf6aec683) x13 0x00000099 mem 0x8001cbe2
core   0: 0x80004d70 (0x3ee6a513) slti    a0, a3, 1006
core   0: 3 0x80004d70 (0x3ee6a513) x10 0x00000001
core   0: 0x80004d74 (0xf8eecb03) lbu     s6, -114(t4)
core   0: 3 0x80004d74 (0xf8eecb03) x22 0x000000bd mem 0x8001cc06
core   0: 0x80004d78 (0xf9cedd83) lhu     s11, -100(t4)
core   0: 3 0x80004d78 (0xf9cedd83) x27 0x0000cecf mem 0x8001cc14
core   0: 0x80004d7c (0x004983b3) add     t2, s3, tp
core   0: 3 0x80004d7c (0x004983b3) x 7 0x000018d2
core   0: 0x80004d80 (0x0000100f) fence.i
core   0: 3 0x80004d80 (0x0000100f)
core   0: 0x80004d84 (0xf62ea223) sw      sp, -156(t4)
core   0: 3 0x80004d84 (0xf62ea223) mem 0x8001cbdc 0x8002ece4
core   0: 0x80004d88 (0xf97ec903) lbu     s2, -105(t4)
core   0: 3 0x80004d88 (0xf97ec903) x18 0x000000c4 mem 0x8001cc0f
core   0: 0x80004d8c (0xfbce9c03) lh      s8, -68(t4)
core   0: 3 0x80004d8c (0xfbce9c03) x24 0xffffeeef mem 0x8001cc34
core   0: 0x80004d90 (0x0183dd13) srli    s10, t2, 24
core   0: 3 0x80004d90 (0x0183dd13) x26 0x00000000
core   0: 0x80004d94 (0x005ec083) lbu     ra, 5(t4)
core   0: 3 0x80004d94 (0x005ec083) x 1 0x00000036 mem 0x8001cc7d
core   0: 0x80004d98 (0x0b408693) addi    a3, ra, 180
core   0: 3 0x80004d98 (0x0b408693) x13 0x000000ea
core   0: 0x80004d9c (0x053e8683) lb      a3, 83(t4)
core   0: 3 0x80004d9c (0x053e8683) x13 0xffffff80 mem 0x8001cccb
core   0: 0x80004da0 (0xfb5e86a3) sb      s5, -83(t4)
core   0: 3 0x80004da0 (0xfb5e86a3) mem 0x8001cc25 0x26
core   0: 0x80004da4 (0xda6f4913) xori    s2, t5, -602
core   0: 3 0x80004da4 (0xda6f4913) x18 0x00000236
core   0: 0x80004da8 (0x02be8283) lb      t0, 43(t4)
core   0: 3 0x80004da8 (0x02be8283) x 5 0x00000058 mem 0x8001cca3
core   0: 0x80004dac (0x40d75933) sra     s2, a4, a3
core   0: 3 0x80004dac (0x40d75933) x18 0x80024ac8
core   0: 0x80004db0 (0xf1be9723) sh      s11, -242(t4)
core   0: 3 0x80004db0 (0xf1be9723) mem 0x8001cb86 0xcecf
core   0: 0x80004db4 (0x84937013) andi    zero, t1, -1975
core   0: 3 0x80004db4 (0x84937013)
core   0: 0x80004db8 (0x6ab02913) slti    s2, zero, 1707
core   0: 3 0x80004db8 (0x6ab02913) x18 0x00000001
core   0: 0x80004dbc (0xffee8683) lb      a3, -2(t4)
core   0: 3 0x80004dbc (0xffee8683) x13 0x0000002d mem 0x8001cc76
core   0: 0x80004dc0 (0x01711b13) slli    s6, sp, 23
core   0: 3 0x80004dc0 (0x01711b13) x22 0x72000000
core   0: 0x80004dc4 (0x0119a033) slt     zero, s3, a7
core   0: 3 0x80004dc4 (0x0119a033)
core   0: 0x80004dc8 (0x01bdffb7) lui     t6, 0x1bdf
core   0: 3 0x80004dc8 (0x01bdffb7) x31 0x01bdf000
core   0: 0x80004dcc (0x05de89a3) sb      t4, 83(t4)
core   0: 3 0x80004dcc (0x05de89a3) mem 0x8001cccb 0x78
core   0: 0x80004dd0 (0xfc6eae23) sw      t1, -36(t4)
core   0: 3 0x80004dd0 (0xfc6eae23) mem 0x8001cc54 0x80015ef1
core   0: 0x80004dd4 (0x00011c97) auipc   s9, 0x11
core   0: 3 0x80004dd4 (0x00011c97) x25 0x80015dd4
core   0: 0x80004dd8 (0xebdc8c93) addi    s9, s9, -323
core   0: 3 0x80004dd8 (0xebdc8c93) x25 0x80015c91
core   0: 0x80004ddc (0x10ec8a23) sb      a4, 276(s9)
core   0: 3 0x80004ddc (0x10ec8a23) mem 0x80015da5 0xc8
core   0: 0x80004de0 (0x7b995f17) auipc   t5, 0x7b995
core   0: 3 0x80004de0 (0x7b995f17) x30 0xfb999de0
core   0: 0x80004de4 (0xec3c8823) sb      gp, -304(s9)
core   0: 3 0x80004de4 (0xec3c8823) mem 0x80015b61 0x82
core   0: 0x80004de8 (0x41915a13) srai    s4, sp, 25
core   0: 3 0x80004de8 (0x41915a13) x20 0xffffffc0
core   0: 0x80004dec (0x0efca003) lw      zero, 239(s9)
core   0: 3 0x80004dec (0x0efca003) mem 0x80015d80
core   0: 0x80004df0 (0xf5270193) addi    gp, a4, -174
core   0: 3 0x80004df0 (0xf5270193) x 3 0x80024a1a
core   0: 0x80004df4 (0x01741a33) sll     s4, s0, s7
core   0: 3 0x80004df4 (0x01741a33) x20 0x00000000
core   0: 0x80004df8 (0xf7ec8803) lb      a6, -130(s9)
core   0: 3 0x80004df8 (0xf7ec8803) x16 0xffffffc4 mem 0x80015c0f
core   0: 0x80004dfc (0x0ff0000f) fence   iorw,iorw
core   0: 3 0x80004dfc (0x0ff0000f)
core   0: 0x80004e00 (0x83bcac03) lw      s8, -1989(s9)
core   0: 3 0x80004e00 (0x83bcac03) x24 0x84858687 mem 0x800154cc
core   0: 0x80004e04 (0x8a2ccd83) lbu     s11, -1886(s9)
core   0: 3 0x80004e04 (0x8a2ccd83) x27 0x000000e8 mem 0x80015533
core   0: 0x80004e08 (0x0ff0000f) fence   iorw,iorw
core   0: 3 0x80004e08 (0x0ff0000f)
core   0: 0x80004e0c (0xf0a58037) lui     zero, 0xf0a58
core   0: 3 0x80004e0c (0xf0a58037)
core   0: 0x80004e10 (0x150c8903) lb      s2, 336(s9)
core   0: 3 0x80004e10 (0x150c8903) x18 0xffffff9a mem 0x80015de1
core   0: 0x80004e14 (0xd36c8723) sb      s6, -722(s9)
core   0: 3 0x80004e14 (0xd36c8723) mem 0x800159bf 0x0
core   0: 0x80004e18 (0xfecc8c23) sb      a2, -8(s9)
core   0: 3 0x80004e18 (0xfecc8c23) mem 0x80015c89 0x30
core   0: 0x80004e1c (0x0ff0000f) fence   iorw,iorw
core   0: 3 0x80004e1c (0x0ff0000f)
core   0: 0x80004e20 (0xf55c9683) lh      a3, -171(s9)
core   0: 3 0x80004e20 (0xf55c9683) x13 0xffff9c9d mem 0x80015be6
core   0: 0x80004e24 (0x0cec8623) sb      a4, 204(s9)
core   0: 3 0x80004e24 (0x0cec8623) mem 0x80015d5d 0xc8
core   0: 0x80004e28 (0x1e2c93a3) sh      sp, 487(s9)
core   0: 3 0x80004e28 (0x1e2c93a3) mem 0x80015e78 0xece4
core   0: 0x80004e2c (0x4081ddb3) sra     s11, gp, s0
core   0: 3 0x80004e2c (0x4081ddb3) x27 0x80024a1a
core   0: 0x80004e30 (0x9f798717) auipc   a4, 0x9f798
core   0: 3 0x80004e30 (0x9f798717) x14 0x1f79ce30
core   0: 0x80004e34 (0x00000013) nop
core   0: 3 0x80004e34 (0x00000013)
core   0: 0x80004e38 (0x40510233) sub     tp, sp, t0
core   0: 3 0x80004e38 (0x40510233) x 4 0x8002ec8c
core   0: 0x80004e3c (0x2d7ce9b7) lui     s3, 0x2d7ce
core   0: 3 0x80004e3c (0x2d7ce9b7) x19 0x2d7ce000
core   0: 0x80004e40 (0xf67c8023) sb      t2, -160(s9)
core   0: 3 0x80004e40 (0xf67c8023) mem 0x80015bf1 0xd2
core   0: 0x80004e44 (0x0057beb3) sltu    t4, a5, t0
core   0: 3 0x80004e44 (0x0057beb3) x29 0x00000000
core   0: 0x80004e48 (0x991ccc03) lbu     s8, -1647(s9)
core   0: 3 0x80004e48 (0x991ccc03) x24 0x000000d9 mem 0x80015622
core   0: 0x80004e4c (0x90ec8483) lb      s1, -1778(s9)
core   0: 3 0x80004e4c (0x90ec8483) x 9 0x00000054 mem 0x8001559f
core   0: 0x80004e50 (0x0e6c8803) lb      a6, 230(s9)
core   0: 3 0x80004e50 (0x0e6c8803) x16 0x0000002c mem 0x80015d77
core   0: 0x80004e54 (0xacdc8fa3) sb      a3, -1313(s9)
core   0: 3 0x80004e54 (0xacdc8fa3) mem 0x80015770 0x9d
core   0: 0x80004e58 (0xe06c8503) lb      a0, -506(s9)
core   0: 3 0x80004e58 (0xe06c8503) x10 0x0000004c mem 0x80015a97
core   0: 0x80004e5c (0x00011a17) auipc   s4, 0x11
core   0: 3 0x80004e5c (0x00011a17) x20 0x80015e5c
core   0: 0x80004e60 (0xe97a0a13) addi    s4, s4, -361
core   0: 3 0x80004e60 (0xe97a0a13) x20 0x80015cf3
core   0: 0x80004e64 (0xff8a0f83) lb      t6, -8(s4)
core   0: 3 0x80004e64 (0xff8a0f83) x31 0xffffffe8 mem 0x80015ceb
core   0: 0x80004e68 (0x00fa0203) lb      tp, 15(s4)
core   0: 3 0x80004e68 (0x00fa0203) x 4 0xffffffb9 mem 0x80015d02
core   0: 0x80004e6c (0x005a4883) lbu     a7, 5(s4)
core   0: 3 0x80004e6c (0x005a4883) x17 0x000000b3 mem 0x80015cf8
core   0: 0x80004e70 (0x00aa0623) sb      a0, 12(s4)
core   0: 3 0x80004e70 (0x00aa0623) mem 0x80015cff 0x4c
core   0: 0x80004e74 (0xffba5d83) lhu     s11, -5(s4)
core   0: 3 0x80004e74 (0xffba5d83) x27 0x0000a4a5 mem 0x80015cee
core   0: 0x80004e78 (0x004f7233) and     tp, t5, tp
core   0: 3 0x80004e78 (0x004f7233) x 4 0xfb999da0
core   0: 0x80004e7c (0x400b5193) srai    gp, s6, 0
core   0: 3 0x80004e7c (0x400b5193) x 3 0x72000000
core   0: 0x80004e80 (0xa1da7793) andi    a5, s4, -1507
core   0: 3 0x80004e80 (0xa1da7793) x15 0x80015811
core   0: 0x80004e84 (0x00ea16a3) sh      a4, 13(s4)
core   0: 3 0x80004e84 (0x00ea16a3) mem 0x80015d00 0xce30
core   0: 0x80004e88 (0xfe4a2ea3) sw      tp, -3(s4)
core   0: 3 0x80004e88 (0xfe4a2ea3) mem 0x80015cf0 0xfb999da0
core   0: 0x80004e8c (0x00b9db33) srl     s6, s3, a1
core   0: 3 0x80004e8c (0x00b9db33) x22 0x2d7ce000
core   0: 0x80004e90 (0x00aa0623) sb      a0, 12(s4)
core   0: 3 0x80004e90 (0x00aa0623) mem 0x80015cff 0x4c
core   0: 0x80004e94 (0x8cdba793) slti    a5, s7, -1843
core   0: 3 0x80004e94 (0x8cdba793) x15 0x00000000
core   0: 0x80004e98 (0x00db6333) or      t1, s6, a3
core   0: 3 0x80004e98 (0x00db6333) x 6 0xfffffc9d
core   0: 0x80004e9c (0x004a0383) lb      t2, 4(s4)
core   0: 3 0x80004e9c (0x004a0383) x 7 0xffffffac mem 0x80015cf7
core   0: 0x80004ea0 (0x004a0303) lb      t1, 4(s4)
core   0: 3 0x80004ea0 (0x004a0303) x 6 0xffffffac mem 0x80015cf7
core   0: 0x80004ea4 (0x4c1f2693) slti    a3, t5, 1217
core   0: 3 0x80004ea4 (0x4c1f2693) x13 0x00000001
core   0: 0x80004ea8 (0x000a11a3) sh      zero, 3(s4)
core   0: 3 0x80004ea8 (0x000a11a3) mem 0x80015cf6 0x0000
core   0: 0x80004eac (0x8f6db393) sltiu   t2, s11, -1802
core   0: 3 0x80004eac (0x8f6db393) x 7 0x00000001
core   0: 0x80004eb0 (0x01e3c333) xor     t1, t2, t5
core   0: 3 0x80004eb0 (0x01e3c333) x 6 0xfb999de1
core   0: 0x80004eb4 (0xff0a0903) lb      s2, -16(s4)
core   0: 3 0x80004eb4 (0xff0a0903) x18 0x00000000 mem 0x80015ce3
core   0: 0x80004eb8 (0x007a5783) lhu     a5, 7(s4)
core   0: 3 0x80004eb8 (0x007a5783) x15 0x0000b0b1 mem 0x80015cfa
core   0: 0x80004ebc (0x010a4e83) lbu     t4, 16(s4)
core   0: 3 0x80004ebc (0x010a4e83) x29 0x000000b8 mem 0x80015d03
core   0: 0x80004ec0 (0xff3a1783) lh      a5, -13(s4)
core   0: 3 0x80004ec0 (0xff3a1783) x15 0xffff9c9d mem 0x80015ce6
core   0: 0x80004ec4 (0x0ff0000f) fence   iorw,iorw
core   0: 3 0x80004ec4 (0x0ff0000f)
core   0: 0x80004ec8 (0x5f222e17) auipc   t3, 0x5f222
core   0: 3 0x80004ec8 (0x5f222e17) x28 0xdf226ec8
core   0: 0x80004ecc (0xff1a2303) lw      t1, -15(s4)
core   0: 3 0x80004ecc (0xff1a2303) x 6 0x9c9d9e9f mem 0x80015ce4
core   0: 0x80004ed0 (0xfffa5903) lhu     s2, -1(s4)
core   0: 3 0x80004ed0 (0xfffa5903) x18 0x0000fb99 mem 0x80015cf2
core   0: 0x80004ed4 (0xff1a2703) lw      a4, -15(s4)
core   0: 3 0x80004ed4 (0xff1a2703) x14 0x9c9d9e9f mem 0x80015ce4
core   0: 0x80004ed8 (0x00010f97) auipc   t6, 0x10
core   0: 3 0x80004ed8 (0x00010f97) x31 0x80014ed8
core   0: 0x80004edc (0x596f8f93) addi    t6, t6, 1430
core   0: 3 0x80004edc (0x596f8f93) x31 0x8001546e
core   0: 0x80004ee0 (0x27afcd83) lbu     s11, 634(t6)
core   0: 3 0x80004ee0 (0x27afcd83) x27 0x000000a3 mem 0x800156e8
core   0: 0x80004ee4 (0x4215fd93) andi    s11, a1, 1057
core   0: 3 0x80004ee4 (0x4215fd93) x27 0x00000000
core   0: 0x80004ee8 (0x27df8d23) sb      t4, 634(t6)
core   0: 3 0x80004ee8 (0x27df8d23) mem 0x800156e8 0xb8
core   0: 0x80004eec (0xde2af193) andi    gp, s5, -542
core   0: 3 0x80004eec (0xde2af193) x 3 0x00000022
core   0: 0x80004ef0 (0x27afc403) lbu     s0, 634(t6)
core   0: 3 0x80004ef0 (0x27afc403) x 8 0x000000b8 mem 0x800156e8
core   0: 0x80004ef4 (0x27cf8d23) sb      t3, 634(t6)
core   0: 3 0x80004ef4 (0x27cf8d23) mem 0x800156e8 0xc8
core   0: 0x80004ef8 (0x265f9d23) sh      t0, 634(t6)
core   0: 3 0x80004ef8 (0x265f9d23) mem 0x800156e8 0x0058
core   0: 0x80004efc (0x85160c13) addi    s8, a2, -1967
core   0: 3 0x80004efc (0x85160c13) x24 0x8002a681
core   0: 0x80004f00 (0xdfe37193) andi    gp, t1, -514
core   0: 3 0x80004f00 (0xdfe37193) x 3 0x9c9d9c9e
core   0: 0x80004f04 (0x27afd783) lhu     a5, 634(t6)
core   0: 3 0x80004f04 (0x27afd783) x15 0x00000058 mem 0x800156e8
core   0: 0x80004f08 (0x27afae03) lw      t3, 634(t6)
core   0: 3 0x80004f08 (0x27afae03) x28 0xa0a10058 mem 0x800156e8
core   0: 0x80004f0c (0x27cf8d23) sb      t3, 634(t6)
core   0: 3 0x80004f0c (0x27cf8d23) mem 0x800156e8 0x58
core   0: 0x80004f10 (0x086fc403) lbu     s0, 134(t6)
core   0: 3 0x80004f10 (0x086fc403) x 8 0x000000af mem 0x800154f4
core   0: 0x80004f14 (0x086fab03) lw      s6, 134(t6)
core   0: 3 0x80004f14 (0x086fab03) x22 0xacadaeaf mem 0x800154f4
core   0: 0x80004f18 (0x091fa323) sw      a7, 134(t6)
core   0: 3 0x80004f18 (0x091fa323) mem 0x800154f4 0x000000b3
core   0: 0x80004f1c (0x00a037b3) snez    a5, a0
core   0: 3 0x80004f1c (0x00a037b3) x15 0x00000001
core   0: 0x80004f20 (0x086f8483) lb      s1, 134(t6)
core   0: 3 0x80004f20 (0x086f8483) x 9 0xffffffb3 mem 0x800154f4
core   0: 0x80004f24 (0x086fc883) lbu     a7, 134(t6)
core   0: 3 0x80004f24 (0x086fc883) x17 0x000000b3 mem 0x800154f4
core   0: 0x80004f28 (0x429f8783) lb      a5, 1065(t6)
core   0: 3 0x80004f28 (0x429f8783) x15 0x0000004c mem 0x80015897
core   0: 0x80004f2c (0x43df84a3) sb      t4, 1065(t6)
core   0: 3 0x80004f2c (0x43df84a3) mem 0x80015897 0xb8
core   0: 0x80004f30 (0x00011a17) auipc   s4, 0x11
core   0: 3 0x80004f30 (0x00011a17) x20 0x80015f30
core   0: 0x80004f34 (0x827a0a13) addi    s4, s4, -2009
core   0: 3 0x80004f34 (0x827a0a13) x20 0x80015757
core   0: 0x80004f38 (0x0001dc17) auipc   s8, 0x1d
core   0: 3 0x80004f38 (0x0001dc17) x24 0x80021f38
core   0: 0x80004f3c (0x6e9c0c13) addi    s8, s8, 1769
core   0: 3 0x80004f3c (0x6e9c0c13) x24 0x80022621
core   0: 0x80004f40 (0xfffc5683) lhu     a3, -1(s8)
core   0: 3 0x80004f40 (0xfffc5683) x13 0x0000dadb mem 0x80022620
core   0: 0x80004f44 (0xfe1c0da3) sb      ra, -5(s8)
core   0: 3 0x80004f44 (0xfe1c0da3) mem 0x8002261c 0x36
core   0: 0x80004f48 (0x092a00a3) sb      s2, 129(s4)
core   0: 3 0x80004f48 (0x092a00a3) mem 0x800157d8 0x99
core   0: 0x80004f4c (0x007c5c83) lhu     s9, 7(s8)
core   0: 3 0x80004f4c (0x007c5c83) x25 0x0000e2e3 mem 0x80022628
core   0: 0x80004f50 (0x2c7a0c83) lb      s9, 711(s4)
core   0: 3 0x80004f50 (0x2c7a0c83) x25 0xffffffd5 mem 0x80015a1e
core   0: 0x80004f54 (0x345a0f23) sb      t0, 862(s4)
core   0: 3 0x80004f54 (0x345a0f23) mem 0x80015ab5 0x58
core   0: 0x80004f58 (0x017c23a3) sw      s7, 7(s8)
core   0: 3 0x80004f58 (0x017c23a3) mem 0x80022628 0x00000026
core   0: 0x80004f5c (0x507a0323) sb      t2, 1286(s4)
core   0: 3 0x80004f5c (0x507a0323) mem 0x80015c5d 0x1
core   0: 0x80004f60 (0xb45a2183) lw      gp, -1211(s4)
core   0: 3 0x80004f60 (0xb45a2183) x 3 0x54555657 mem 0x8001529c
core   0: 0x80004f64 (0x65ba0803) lb      a6, 1627(s4)
core   0: 3 0x80004f64 (0x65ba0803) x16 0x00000069 mem 0x80015db2
core   0: 0x80004f68 (0x5ffa4983) lbu     s3, 1535(s4)
core   0: 3 0x80004f68 (0x5ffa4983) x19 0x0000000d mem 0x80015d56
core   0: 0x80004f6c (0x005c4083) lbu     ra, 5(s8)
core   0: 3 0x80004f6c (0x005c4083) x 1 0x000000dd mem 0x80022626
core   0: 0x80004f70 (0x014c0023) sb      s4, 0(s8)
core   0: 3 0x80004f70 (0x014c0023) mem 0x80022621 0x57
core   0: 0x80004f74 (0x025a4383) lbu     t2, 37(s4)
core   0: 3 0x80004f74 (0x025a4383) x 7 0x00000037 mem 0x8001577c
core   0: 0x80004f78 (0x010c4683) lbu     a3, 16(s8)
core   0: 3 0x80004f78 (0x010c4683) x13 0x000000ea mem 0x80022631
core   0: 0x80004f7c (0x5d9a1283) lh      t0, 1497(s4)
core   0: 3 0x80004f7c (0x5d9a1283) x 5 0xffffffaa mem 0x80015d30
core   0: 0x80004f80 (0x00018d17) auipc   s10, 0x18
core   0: 3 0x80004f80 (0x00018d17) x26 0x8001cf80
core   0: 0x80004f84 (0xaf7d0d13) addi    s10, s10, -1289
core   0: 3 0x80004f84 (0xaf7d0d13) x26 0x8001ca77
core   0: 0x80004f88 (0x41ad04b3) sub     s1, s10, s10
core   0: 3 0x80004f88 (0x41ad04b3) x 9 0x00000000
core   0: 0x80004f8c (0x013d5183) lhu     gp, 19(s10)
core   0: 3 0x80004f8c (0x013d5183) x 3 0x00004041 mem 0x8001ca8a
core   0: 0x80004f90 (0x013d0883) lb      a7, 19(s10)
core   0: 3 0x80004f90 (0x013d0883) x17 0x00000041 mem 0x8001ca8a
core   0: 0x80004f94 (0x01fa1513) slli    a0, s4, 31
core   0: 3 0x80004f94 (0x01fa1513) x10 0x80000000
core   0: 0x80004f98 (0x013d4c03) lbu     s8, 19(s10)
core   0: 3 0x80004f98 (0x013d4c03) x24 0x00000041 mem 0x8001ca8a
core   0: 0x80004f9c (0xd1647313) andi    t1, s0, -746
core   0: 3 0x80004f9c (0xd1647313) x 6 0x00000006
core   0: 0x80004fa0 (0x016d4183) lbu     gp, 22(s10)
core   0: 3 0x80004fa0 (0x016d4183) x 3 0x00000046 mem 0x8001ca8d
core   0: 0x80004fa4 (0x00ad0b23) sb      a0, 22(s10)
core   0: 3 0x80004fa4 (0x00ad0b23) mem 0x8001ca8d 0x0
core   0: 0x80004fa8 (0x3d1a9217) auipc   tp, 0x3d1a9
core   0: 3 0x80004fa8 (0x3d1a9217) x 4 0xbd1adfa8
core   0: 0x80004fac (0x016d0483) lb      s1, 22(s10)
core   0: 3 0x80004fac (0x016d0483) x 9 0x00000000 mem 0x8001ca8d
core   0: 0x80004fb0 (0xfe4d0e83) lb      t4, -28(s10)
core   0: 3 0x80004fb0 (0xfe4d0e83) x29 0x00000010 mem 0x8001ca5b
core   0: 0x80004fb4 (0x009d0903) lb      s2, 9(s10)
core   0: 3 0x80004fb4 (0x009d0903) x18 0x0000003b mem 0x8001ca80
core   0: 0x80004fb8 (0x009d2303) lw      t1, 9(s10)
core   0: 3 0x80004fb8 (0x009d2303) x 6 0x38393a3b mem 0x8001ca80
core   0: 0x80004fbc (0x55cdc693) xori    a3, s11, 1372
core   0: 3 0x80004fbc (0x55cdc693) x13 0x0000055c
core   0: 0x80004fc0 (0x00000013) nop
core   0: 3 0x80004fc0 (0x00000013)
core   0: 0x80004fc4 (0x009d1783) lh      a5, 9(s10)
core   0: 3 0x80004fc4 (0x009d1783) x15 0x00003a3b mem 0x8001ca80
core   0: 0x80004fc8 (0x00cd24a3) sw      a2, 9(s10)
core   0: 3 0x80004fc8 (0x00cd24a3) mem 0x8001ca80 0x8002ae30
core   0: 0x80004fcc (0x0001a397) auipc   t2, 0x1a
core   0: 3 0x80004fcc (0x0001a397) x 7 0x8001efcc
core   0: 0x80004fd0 (0x0ae38393) addi    t2, t2, 174
core   0: 3 0x80004fd0 (0x0ae38393) x 7 0x8001f07a
core   0: 0x80004fd4 (0xf8338023) sb      gp, -128(t2)
core   0: 3 0x80004fd4 (0xf8338023) mem 0x8001effa 0x46
core   0: 0x80004fd8 (0x01ccdb93) srli    s7, s9, 28
core   0: 3 0x80004fd8 (0x01ccdb93) x23 0x0000000f
core   0: 0x80004fdc (0xf493cd83) lbu     s11, -183(t2)
core   0: 3 0x80004fdc (0xf493cd83) x27 0x00000078 mem 0x8001efc3
core   0: 0x80004fe0 (0x09e3c683) lbu     a3, 158(t2)
core   0: 3 0x80004fe0 (0x09e3c683) x13 0x000000d3 mem 0x8001f118
core   0: 0x80004fe4 (0xf5d3c683) lbu     a3, -163(t2)
core   0: 3 0x80004fe4 (0xf5d3c683) x13 0x0000008c mem 0x8001efd7
core   0: 0x80004fe8 (0xfe23c903) lbu     s2, -30(t2)
core   0: 3 0x80004fe8 (0xfe23c903) x18 0x00000017 mem 0x8001f05c
core   0: 0x80004fec (0x0000100f) fence.i
core   0: 3 0x80004fec (0x0000100f)
core   0: 0x80004ff0 (0x00c95f33) srl     t5, s2, a2
core   0: 3 0x80004ff0 (0x00c95f33) x30 0x00000000
core   0: 0x80004ff4 (0xfb63da03) lhu     s4, -74(t2)
core   0: 3 0x80004ff4 (0xfb63da03) x20 0x0000eaeb mem 0x8001f030
core   0: 0x80004ff8 (0x074380a3) sb      s4, 97(t2)
core   0: 3 0x80004ff8 (0x074380a3) mem 0x8001f0db 0xeb
core   0: 0x80004ffc (0x0643d903) lhu     s2, 100(t2)
core   0: 3 0x80004ffc (0x0643d903) x18 0x00009495 mem 0x8001f0de
core   0: 0x80005000 (0x01f6cb33) xor     s6, a3, t6
core   0: 3 0x80005000 (0x01f6cb33) x22 0x800154e2
core   0: 0x80005004 (0x0e439b23) sh      tp, 246(t2)
core   0: 3 0x80005004 (0x0e439b23) mem 0x8001f170 0xdfa8
core   0: 0x80005008 (0xf4b38a83) lb      s5, -181(t2)
core   0: 3 0x80005008 (0xf4b38a83) x21 0x0000007e mem 0x8001efc5
core   0: 0x8000500c (0xf5539323) sh      s5, -186(t2)
core   0: 3 0x8000500c (0xf5539323) mem 0x8001efc0 0x007e
core   0: 0x80005010 (0x00000013) nop
core   0: 3 0x80005010 (0x00000013)
core   0: 0x80005014 (0xf0f386a3) sb      a5, -243(t2)
core   0: 3 0x80005014 (0xf0f386a3) mem 0x8001ef87 0x3b
core   0: 0x80005018 (0x015c3433) sltu    s0, s8, s5
core   0: 3 0x80005018 (0x015c3433) x 8 0x00000001
core   0: 0x8000501c (0xf3738483) lb      s1, -201(t2)
core   0: 3 0x8000501c (0xf3738483) x 9 0x0000006a mem 0x8001efb1
core   0: 0x80005020 (0xf4a381a3) sb      a0, -189(t2)
core   0: 3 0x80005020 (0xf4a381a3) mem 0x8001efbd 0x0
core   0: 0x80005024 (0x03e3ac83) lw      s9, 62(t2)
core   0: 3 0x80005024 (0x03e3ac83) x25 0x70717273 mem 0x8001f0b8
core   0: 0x80005028 (0xf5c3c983) lbu     s3, -164(t2)
core   0: 3 0x80005028 (0xf5c3c983) x19 0x0000008d mem 0x8001efd6
core   0: 0x8000502c (0x00047d33) and     s10, s0, zero
core   0: 3 0x8000502c (0x00047d33) x26 0x00000000
core   0: 0x80005030 (0x0d639923) sh      s6, 210(t2)
core   0: 3 0x80005030 (0x0d639923) mem 0x8001f14c 0x54e2
core   0: 0x80005034 (0x0068fd33) and     s10, a7, t1
core   0: 3 0x80005034 (0x0068fd33) x26 0x00000001
core   0: 0x80005038 (0x0ce3d283) lhu     t0, 206(t2)
core   0: 3 0x80005038 (0x0ce3d283) x 5 0x00000203 mem 0x8001f148
core   0: 0x8000503c (0xf0338183) lb      gp, -253(t2)
core   0: 3 0x8000503c (0xf0338183) x 3 0x00000036 mem 0x8001ef7d
core   0: 0x80005040 (0x03c39c03) lh      s8, 60(t2)
core   0: 3 0x80005040 (0x03c39c03) x24 0x00006c6d mem 0x8001f0b6
core   0: 0x80005044 (0x05e39d83) lh      s11, 94(t2)
core   0: 3 0x80005044 (0x05e39d83) x27 0xffff9293 mem 0x8001f0d8
core   0: 0x80005048 (0xfa438823) sb      tp, -80(t2)
core   0: 3 0x80005048 (0xfa438823) mem 0x8001f02a 0xa8
core   0: 0x8000504c (0xf643d483) lhu     s1, -156(t2)
core   0: 3 0x8000504c (0xf643d483) x 9 0x00009495 mem 0x8001efde
core   0: 0x80005050 (0x00adbfb3) sltu    t6, s11, a0
core   0: 3 0x80005050 (0x00adbfb3) x31 0x00000000
core   0: 0x80005054 (0x0983cc03) lbu     s8, 152(t2)
core   0: 3 0x80005054 (0x0983cc03) x24 0x000000c9 mem 0x8001f112
core   0: 0x80005058 (0x00bc0db3) add     s11, s8, a1
core   0: 3 0x80005058 (0x00bc0db3) x27 0x800000c9
core   0: 0x8000505c (0x00c3d983) lhu     s3, 12(t2)
core   0: 3 0x8000505c (0x00c3d983) x19 0x00003c3d mem 0x8001f086
core   0: 0x80005060 (0xfca39a03) lh      s4, -54(t2)
core   0: 3 0x80005060 (0xfca39a03) x20 0xfffffeff mem 0x8001f044
core   0: 0x80005064 (0x0000100f) fence.i
core   0: 3 0x80005064 (0x0000100f)
core   0: 0x80005068 (0x0e639d83) lh      s11, 230(t2)
core   0: 3 0x80005068 (0x0e639d83) x27 0x00001a1b mem 0x8001f160
core   0: 0x8000506c (0x00010717) auipc   a4, 0x10
core   0: 3 0x8000506c (0x00010717) x14 0x8001506c
core   0: 0x80005070 (0x4df70713) addi    a4, a4, 1247
core   0: 3 0x80005070 (0x4df70713) x14 0x8001554b
core   0: 0x80005074 (0x00017397) auipc   t2, 0x17
core   0: 3 0x80005074 (0x00017397) x 7 0x8001c074
core   0: 0x80005078 (0x8ec38393) addi    t2, t2, -1812
core   0: 3 0x80005078 (0x8ec38393) x 7 0x8001b960
core   0: 0x8000507c (0x09074b03) lbu     s6, 144(a4)
core   0: 3 0x8000507c (0x09074b03) x22 0x000000ff mem 0x800155db
core   0: 0x80005080 (0xfaa70023) sb      a0, -96(a4)
core   0: 3 0x80005080 (0xfaa70023) mem 0x800154eb 0x0
core   0: 0x80005084 (0xff73ca83) lbu     s5, -9(t2)
core   0: 3 0x80005084 (0xff73ca83) x21 0x0000000c mem 0x8001b957
core   0: 0x80005088 (0x09474403) lbu     s0, 148(a4)
core   0: 3 0x80005088 (0x09474403) x 8 0x00000094 mem 0x800155df
core   0: 0x8000508c (0x0a775b03) lhu     s6, 167(a4)
core   0: 3 0x8000508c (0x0a775b03) x22 0x0000a8a9 mem 0x800155f2
core   0: 0x80005090 (0xf4d72aa3) sw      a3, -171(a4)
core   0: 3 0x80005090 (0xf4d72aa3) mem 0x800154a0 0x0000008c
core   0: 0x80005094 (0xff43c783) lbu     a5, -12(t2)
core   0: 3 0x80005094 (0xff43c783) x15 0x0000000f mem 0x8001b954
core   0: 0x80005098 (0xffe39d03) lh      s10, -2(t2)
core   0: 3 0x80005098 (0xffe39d03) x26 0x00001415 mem 0x8001b95e
core   0: 0x8000509c (0xf0272ea3) sw      sp, -227(a4)
core   0: 3 0x8000509c (0xf0272ea3) mem 0x80015468 0x8002ece4
core   0: 0x800050a0 (0x0013ca03) lbu     s4, 1(t2)
core   0: 3 0x800050a0 (0x0013ca03) x20 0x0000001a mem 0x8001b961
core   0: 0x800050a4 (0xff53ce03) lbu     t3, -11(t2)
core   0: 3 0x800050a4 (0xff53ce03) x28 0x0000000e mem 0x8001b955
core   0: 0x800050a8 (0x09371b83) lh      s7, 147(a4)
core   0: 3 0x800050a8 (0x09371b83) x23 0xffff9495 mem 0x800155de
core   0: 0x800050ac (0x06374303) lbu     t1, 99(a4)
core   0: 3 0x800050ac (0x06374303) x 6 0x00000065 mem 0x800155ae
core   0: 0x800050b0 (0xff674f83) lbu     t6, -10(a4)
core   0: 3 0x800050b0 (0xff674f83) x31 0x000000fa mem 0x80015541
core   0: 0x800050b4 (0xffe3db83) lhu     s7, -2(t2)
core   0: 3 0x800050b4 (0xffe3db83) x23 0x00001415 mem 0x8001b95e
core   0: 0x800050b8 (0x00011f17) auipc   t5, 0x11
core   0: 3 0x800050b8 (0x00011f17) x30 0x800160b8
core   0: 0x800050bc (0xb03f0f13) addi    t5, t5, -1277
core   0: 3 0x800050bc (0xb03f0f13) x30 0x80015bbb
core   0: 0x800050c0 (0x0001a197) auipc   gp, 0x1a
core   0: 3 0x800050c0 (0x0001a197) x 3 0x8001f0c0
core   0: 0x800050c4 (0x5e118193) addi    gp, gp, 1505
core   0: 3 0x800050c4 (0x5e118193) x 3 0x8001f6a1
core   0: 0x800050c8 (0xff5f2d03) lw      s10, -11(t5)
core   0: 3 0x800050c8 (0xff5f2d03) x26 0x68696a6b mem 0x80015bb0
core   0: 0x800050cc (0x001183a3) sb      ra, 7(gp)
core   0: 3 0x800050cc (0x001183a3) mem 0x8001f6a8 0xdd
core   0: 0x800050d0 (0xff1f5c83) lhu     s9, -15(t5)
core   0: 3 0x800050d0 (0xff1f5c83) x25 0x00006667 mem 0x80015bac
core   0: 0x800050d4 (0xfc2192a3) sh      sp, -59(gp)
core   0: 3 0x800050d4 (0xfc2192a3) mem 0x8001f666 0xece4
core   0: 0x800050d8 (0xfd0f4903) lbu     s2, -48(t5)
core   0: 3 0x800050d8 (0xfd0f4903) x18 0x00000040 mem 0x80015b8b
core   0: 0x800050dc (0xfc9185a3) sb      s1, -53(gp)
core   0: 3 0x800050dc (0xfc9185a3) mem 0x8001f66c 0x95
core   0: 0x800050e0 (0xfe718983) lb      s3, -25(gp)
core   0: 3 0x800050e0 (0xfe718983) x19 0x00000043 mem 0x8001f688
core   0: 0x800050e4 (0x0341c883) lbu     a7, 52(gp)
core   0: 3 0x800050e4 (0x0341c883) x17 0x0000008e mem 0x8001f6d5
core   0: 0x800050e8 (0x008f1aa3) sh      s0, 21(t5)
core   0: 3 0x800050e8 (0x008f1aa3) mem 0x80015bd0 0x0094
core   0: 0x800050ec (0xff5f0203) lb      tp, -11(t5)
core   0: 3 0x800050ec (0xff5f0203) x 4 0x0000006b mem 0x80015bb0
core   0: 0x800050f0 (0x02a1cd03) lbu     s10, 42(gp)
core   0: 3 0x800050f0 (0x02a1cd03) x26 0x00000080 mem 0x8001f6cb
core   0: 0x800050f4 (0xfeff5783) lhu     a5, -17(t5)
core   0: 3 0x800050f4 (0xfeff5783) x15 0x00006061 mem 0x80015baa
core   0: 0x800050f8 (0xffd1d403) lhu     s0, -3(gp)
core   0: 3 0x800050f8 (0xffd1d403) x 8 0x00005455 mem 0x8001f69e
core   0: 0x800050fc (0xff7f0423) sb      s7, -24(t5)
core   0: 3 0x800050fc (0xff7f0423) mem 0x80015ba3 0x15
core   0: 0x80005100 (0xfdf18c83) lb      s9, -33(gp)
core   0: 3 0x80005100 (0xfdf18c83) x25 0x0000003b mem 0x8001f680
core   0: 0x80005104 (0xfe919aa3) sh      s1, -11(gp)
core   0: 3 0x80005104 (0xfe919aa3) mem 0x8001f696 0x9495
core   0: 0x80005108 (0x00010b17) auipc   s6, 0x10
core   0: 3 0x80005108 (0x00010b17) x22 0x80015108
core   0: 0x8000510c (0xf70b0b13) addi    s6, s6, -144
core   0: 3 0x8000510c (0xf70b0b13) x22 0x80015078
core   0: 0x80005110 (0x063b4303) lbu     t1, 99(s6)
core   0: 3 0x80005110 (0x063b4303) x 6 0x00000090 mem 0x800150db
core   0: 0x80005114 (0x0bcb02a3) sb      t3, 165(s6)
core   0: 3 0x80005114 (0x0bcb02a3) mem 0x8001511d 0xe
core   0: 0x80005118 (0x017b4b83) lbu     s7, 23(s6)
core   0: 3 0x80005118 (0x017b4b83) x23 0x00000044 mem 0x8001508f
core   0: 0x8000511c (0x011b0ba3) sb      a7, 23(s6)
core   0: 3 0x8000511c (0x011b0ba3) mem 0x8001508f 0x8e
core   0: 0x80005120 (0x013b0ba3) sb      s3, 23(s6)
core   0: 3 0x80005120 (0x013b0ba3) mem 0x8001508f 0x43
core   0: 0x80005124 (0x39e7ebb7) lui     s7, 0x39e7e
core   0: 3 0x80005124 (0x39e7ebb7) x23 0x39e7e000
core   0: 0x80005128 (0x013b0f83) lb      t6, 19(s6)
core   0: 3 0x80005128 (0x013b0f83) x31 0x00000040 mem 0x8001508b
core   0: 0x8000512c (0x013b0e03) lb      t3, 19(s6)
core   0: 3 0x8000512c (0x013b0e03) x28 0x00000040 mem 0x8001508b
core   0: 0x80005130 (0x007b09a3) sb      t2, 19(s6)
core   0: 3 0x80005130 (0x007b09a3) mem 0x8001508b 0x60
core   0: 0x80005134 (0x013b4783) lbu     a5, 19(s6)
core   0: 3 0x80005134 (0x013b4783) x15 0x00000060 mem 0x8001508b
core   0: 0x80005138 (0x01ba6033) or      zero, s4, s11
core   0: 3 0x80005138 (0x01ba6033)
core   0: 0x8000513c (0x081b0f83) lb      t6, 129(s6)
core   0: 3 0x8000513c (0x081b0f83) x31 0xffffffb2 mem 0x800150f9
core   0: 0x80005140 (0x007b0533) add     a0, s6, t2
core   0: 3 0x80005140 (0x007b0533) x10 0x000309d8
core   0: 0x80005144 (0x40688533) sub     a0, a7, t1
core   0: 3 0x80005144 (0x40688533) x10 0xfffffffe
core   0: 0x80005148 (0x00067433) and     s0, a2, zero
core   0: 3 0x80005148 (0x00067433) x 8 0x00000000
core   0: 0x8000514c (0x081b0c03) lb      s8, 129(s6)
core   0: 3 0x8000514c (0x081b0c03) x24 0xffffffb2 mem 0x800150f9
core   0: 0x80005150 (0x081b0e83) lb      t4, 129(s6)
core   0: 3 0x80005150 (0x081b0e83) x29 0xffffffb2 mem 0x800150f9
core   0: 0x80005154 (0x0e8b4383) lbu     t2, 232(s6)
core   0: 3 0x80005154 (0x0e8b4383) x 7 0x0000001b mem 0x80015160
core   0: 0x80005158 (0x02eb1c83) lh      s9, 46(s6)
core   0: 3 0x80005158 (0x02eb1c83) x25 0x00005c5d mem 0x800150a6
core   0: 0x8000515c (0x02eb5003) lhu     zero, 46(s6)
core   0: 3 0x8000515c (0x02eb5003) mem 0x800150a6
core   0: 0x80005160 (0x0f1b0303) lb      t1, 241(s6)
core   0: 3 0x80005160 (0x0f1b0303) x 6 0x00000022 mem 0x80015169
core   0: 0x80005164 (0x0f1b0903) lb      s2, 241(s6)
core   0: 3 0x80005164 (0x0f1b0903) x18 0x00000022 mem 0x80015169
core   0: 0x80005168 (0x0190fa33) and     s4, ra, s9
core   0: 3 0x80005168 (0x0190fa33) x20 0x0000005d
core   0: 0x8000516c (0x0e5b0003) lb      zero, 229(s6)
core   0: 3 0x8000516c (0x0e5b0003) mem 0x8001515d
core   0: 0x80005170 (0xfedb4983) lbu     s3, -19(s6)
core   0: 3 0x80005170 (0xfedb4983) x19 0x0000001e mem 0x80015065
core   0: 0x80005174 (0xfedb4303) lbu     t1, -19(s6)
core   0: 3 0x80005174 (0xfedb4303) x 6 0x0000001e mem 0x80015065
core   0: 0x80005178 (0x00010517) auipc   a0, 0x10
core   0: 3 0x80005178 (0x00010517) x10 0x80015178
core   0: 0x8000517c (0x0a850513) addi    a0, a0, 168
core   0: 3 0x8000517c (0x0a850513) x10 0x80015220
core   0: 0x80005180 (0xf9d54883) lbu     a7, -99(a0)
core   0: 3 0x80005180 (0xf9d54883) x17 0x00000076 mem 0x800151bd
core   0: 0x80005184 (0xf9d54a03) lbu     s4, -99(a0)
core   0: 3 0x80005184 (0xf9d54a03) x20 0x00000076 mem 0x800151bd
core   0: 0x80005188 (0xf9d54183) lbu     gp, -99(a0)
core   0: 3 0x80005188 (0xf9d54183) x 3 0x00000076 mem 0x800151bd
core   0: 0x8000518c (0x00c76db3) or      s11, a4, a2
core   0: 3 0x8000518c (0x00c76db3) x27 0x8003ff7b
core   0: 0x80005190 (0x7a2ef393) andi    t2, t4, 1954
core   0: 3 0x80005190 (0x7a2ef393) x 7 0x000007a2
core   0: 0x80005194 (0x03d51c23) sh      t4, 56(a0)
core   0: 3 0x80005194 (0x03d51c23) mem 0x80015258 0xffb2
core   0: 0x80005198 (0xfd654203) lbu     tp, -42(a0)
core   0: 3 0x80005198 (0xfd654203) x 4 0x000000ad mem 0x800151f6
core   0: 0x8000519c (0xfd654e83) lbu     t4, -42(a0)
core   0: 3 0x8000519c (0xfd654e83) x29 0x000000ad mem 0x800151f6
core   0: 0x800051a0 (0xfc152823) sw      ra, -48(a0)
core   0: 3 0x800051a0 (0xfc152823) mem 0x800151f0 0x000000dd
core   0: 0x800051a4 (0xfd055683) lhu     a3, -48(a0)
core   0: 3 0x800051a4 (0xfd055683) x13 0x000000dd mem 0x800151f0
core   0: 0x800051a8 (0xfdd50823) sb      t4, -48(a0)
core   0: 3 0x800051a8 (0xfdd50823) mem 0x800151f0 0xad
core   0: 0x800051ac (0xf8c51a23) sh      a2, -108(a0)
core   0: 3 0x800051ac (0xf8c51a23) mem 0x800151b4 0xae30
core   0: 0x800051b0 (0x00010197) auipc   gp, 0x10
core   0: 3 0x800051b0 (0x00010197) x 3 0x800151b0
core   0: 0x800051b4 (0x42718193) addi    gp, gp, 1063
core   0: 3 0x800051b4 (0x42718193) x 3 0x800155d7
core   0: 0x800051b8 (0x0aa18ca3) sb      a0, 185(gp)
core   0: 3 0x800051b8 (0x0aa18ca3) mem 0x80015690 0x20
core   0: 0x800051bc (0xd981a8a3) sw      s8, -623(gp)
core   0: 3 0x800051bc (0xd981a8a3) mem 0x80015368 0xffffffb2
core   0: 0x800051c0 (0xb591cc83) lbu     s9, -1191(gp)
core   0: 3 0x800051c0 (0xb591cc83) x25 0x000000eb mem 0x80015130
core   0: 0x800051c4 (0xb5918503) lb      a0, -1191(gp)
core   0: 3 0x800051c4 (0xb5918503) x10 0xffffffeb mem 0x80015130
core   0: 0x800051c8 (0xc7919e03) lh      t3, -903(gp)
core   0: 3 0x800051c8 (0xc7919e03) x28 0x00000a0b mem 0x80015250
core   0: 0x800051cc (0x36a1c803) lbu     a6, 874(gp)
core   0: 3 0x800051cc (0x36a1c803) x16 0x000000fa mem 0x80015941
core   0: 0x800051d0 (0x36a1ce83) lbu     t4, 874(gp)
core   0: 3 0x800051d0 (0x36a1ce83) x29 0x000000fa mem 0x80015941
core   0: 0x800051d4 (0x3401c403) lbu     s0, 832(gp)
core   0: 3 0x800051d4 (0x3401c403) x 8 0x000000cc mem 0x80015917
core   0: 0x800051d8 (0xd011ca03) lbu     s4, -767(gp)
core   0: 3 0x800051d8 (0xd011ca03) x20 0x00000093 mem 0x800152d8
core   0: 0x800051dc (0x05b19483) lh      s1, 91(gp)
core   0: 3 0x800051dc (0x05b19483) x 9 0xffffe8e9 mem 0x80015632
core   0: 0x800051e0 (0x013e67b3) or      a5, t3, s3
core   0: 3 0x800051e0 (0x013e67b3) x15 0x00000a1f
core   0: 0x800051e4 (0xcd519c83) lh      s9, -811(gp)
core   0: 3 0x800051e4 (0xcd519c83) x25 0x00005311 mem 0x800152ac
core   0: 0x800051e8 (0xef61cc83) lbu     s9, -266(gp)
core   0: 3 0x800051e8 (0xef61cc83) x25 0x00000086 mem 0x800154cd
core   0: 0x800051ec (0x4de18c23) sb      t5, 1240(gp)
core   0: 3 0x800051ec (0x4de18c23) mem 0x80015aaf 0xbb
core   0: 0x800051f0 (0x4d818403) lb      s0, 1240(gp)
core   0: 3 0x800051f0 (0x4d818403) x 8 0xffffffbb mem 0x80015aaf
core   0: 0x800051f4 (0x1251de03) lhu     t3, 293(gp)
core   0: 3 0x800051f4 (0x1251de03) x28 0x0000b6b7 mem 0x800156fc
core   0: 0x800051f8 (0x24a18523) sb      a0, 586(gp)
core   0: 3 0x800051f8 (0x24a18523) mem 0x80015821 0xeb
core   0: 0x800051fc (0x653190a3) sh      s3, 1601(gp)
core   0: 3 0x800051fc (0x653190a3) mem 0x80015c18 0x001e
core   0: 0x80005200 (0x00010817) auipc   a6, 0x10
core   0: 3 0x80005200 (0x00010817) x16 0x80015200
core   0: 0x80005204 (0xf7e80813) addi    a6, a6, -130
core   0: 3 0x80005204 (0xf7e80813) x16 0x8001517e
core   0: 0x80005208 (0x01b80023) sb      s11, 0(a6)
core   0: 3 0x80005208 (0x01b80023) mem 0x8001517e 0x7b
core   0: 0x8000520c (0xff281c23) sh      s2, -8(a6)
core   0: 3 0x8000520c (0xff281c23) mem 0x80015176 0x0022
core   0: 0x80005210 (0x01e6f733) and     a4, a3, t5
core   0: 3 0x80005210 (0x01e6f733) x14 0x00000099
core   0: 0x80005214 (0x016bf433) and     s0, s7, s6
core   0: 3 0x80005214 (0x016bf433) x 8 0x00014000
core   0: 0x80005218 (0x01a2db93) srli    s7, t0, 26
core   0: 3 0x80005218 (0x01a2db93) x23 0x00000000
core   0: 0x8000521c (0x00f80303) lb      t1, 15(a6)
core   0: 3 0x8000521c (0x00f80303) x 6 0x00000046 mem 0x8001518d
core   0: 0x80005220 (0x00b80703) lb      a4, 11(a6)
core   0: 3 0x80005220 (0x00b80703) x14 0x00000042 mem 0x80015189
core   0: 0x80005224 (0x006ad893) srli    a7, s5, 6
core   0: 3 0x80005224 (0x006ad893) x17 0x00000000
core   0: 0x80005228 (0x0ff0000f) fence   iorw,iorw
core   0: 3 0x80005228 (0x0ff0000f)
core   0: 0x8000522c (0x01a82523) sw      s10, 10(a6)
core   0: 3 0x8000522c (0x01a82523) mem 0x80015188 0x00000080
core   0: 0x80005230 (0x00280683) lb      a3, 2(a6)
core   0: 3 0x80005230 (0x00280683) x13 0x0000003b mem 0x80015180
core   0: 0x80005234 (0x00b80403) lb      s0, 11(a6)
core   0: 3 0x80005234 (0x00b80403) x 8 0x00000000 mem 0x80015189
core   0: 0x80005238 (0x00d800a3) sb      a3, 1(a6)
core   0: 3 0x80005238 (0x00d800a3) mem 0x8001517f 0x3b
core   0: 0x8000523c (0x0190e0b3) or      ra, ra, s9
core   0: 3 0x8000523c (0x0190e0b3) x 1 0x000000df
core   0: 0x80005240 (0xfef82d23) sw      a5, -6(a6)
core   0: 3 0x80005240 (0xfef82d23) mem 0x80015178 0x00000a1f
core   0: 0x80005244 (0xff682f03) lw      t5, -10(a6)
core   0: 3 0x80005244 (0xff682f03) x30 0x00222e2f mem 0x80015174
core   0: 0x80005248 (0x00980a03) lb      s4, 9(a6)
core   0: 3 0x80005248 (0x00980a03) x20 0x0000003c mem 0x80015187
core   0: 0x8000524c (0x00d84c83) lbu     s9, 13(a6)
core   0: 3 0x8000524c (0x00d84c83) x25 0x00000000 mem 0x8001518b
core   0: 0x80005250 (0x00000013) nop
core   0: 3 0x80005250 (0x00000013)
core   0: 0x80005254 (0x01981223) sh      s9, 4(a6)
core   0: 3 0x80005254 (0x01981223) mem 0x80015182 0x0000
core   0: 0x80005258 (0x00000013) nop
core   0: 3 0x80005258 (0x00000013)
core   0: 0x8000525c (0x01286433) or      s0, a6, s2
core   0: 3 0x8000525c (0x01286433) x 8 0x8001517e
core   0: 0x80005260 (0xfea80da3) sb      a0, -5(a6)
core   0: 3 0x80005260 (0xfea80da3) mem 0x80015179 0xeb
core   0: 0x80005264 (0x5a807013) andi    zero, zero, 1448
core   0: 3 0x80005264 (0x5a807013)
core   0: 0x80005268 (0x50358f13) addi    t5, a1, 1283
core   0: 3 0x80005268 (0x50358f13) x30 0x80000503
core   0: 0x8000526c (0x01340397) auipc   t2, 0x1340
core   0: 3 0x8000526c (0x01340397) x 7 0x8134526c
core   0: 0x80005270 (0x41bb5493) srai    s1, s6, 27
core   0: 3 0x80005270 (0x41bb5493) x 9 0xfffffff0
core   0: 0x80005274 (0xf9eaaa93) slti    s5, s5, -98
core   0: 3 0x80005274 (0xf9eaaa93) x21 0x00000000
core   0: 0x80005278 (0x01f805a3) sb      t6, 11(a6)
core   0: 3 0x80005278 (0x01f805a3) mem 0x80015189 0xb2
core   0: 0x8000527c (0xffc81483) lh      s1, -4(a6)
core   0: 3 0x8000527c (0xffc81483) x 9 0x00000000 mem 0x8001517a
core   0: 0x80005280 (0x0001a217) auipc   tp, 0x1a
core   0: 3 0x80005280 (0x0001a217) x 4 0x8001f280
core   0: 0x80005284 (0xaea20213) addi    tp, tp, -1302
core   0: 3 0x80005284 (0xaea20213) x 4 0x8001ed6a
core   0: 0x80005288 (0xfa120a03) lb      s4, -95(tp)
core   0: 3 0x80005288 (0xfa120a03) x20 0xffffffc0 mem 0x8001ed0b
core   0: 0x8000528c (0x02f20503) lb      a0, 47(tp)
core   0: 3 0x8000528c (0x02f20503) x10 0x00000052 mem 0x8001ed99
core   0: 0x80005290 (0x01497933) and     s2, s2, s4
core   0: 3 0x80005290 (0x01497933) x18 0x00000000
core   0: 0x80005294 (0x7487cb13) xori    s6, a5, 1864
core   0: 3 0x80005294 (0x7487cb13) x22 0x00000d57
core   0: 0x80005298 (0x01225483) lhu     s1, 18(tp)
core   0: 3 0x80005298 (0x01225483) x 9 0x00003637 mem 0x8001ed7c
core   0: 0x8000529c (0x00621493) slli    s1, tp, 6
core   0: 3 0x8000529c (0x00621493) x 9 0x007b5a80
core   0: 0x800052a0 (0xff720723) sb      s7, -18(tp)
core   0: 3 0x800052a0 (0xff720723) mem 0x8001ed58 0x0
core   0: 0x800052a4 (0x00000013) nop
core   0: 3 0x800052a4 (0x00000013)
core   0: 0x800052a8 (0x06920623) sb      s1, 108(tp)
core   0: 3 0x800052a8 (0x06920623) mem 0x8001edd6 0x80
core   0: 0x800052ac (0x0137e3b3) or      t2, a5, s3
core   0: 3 0x800052ac (0x0137e3b3) x 7 0x00000a1f
core   0: 0x800052b0 (0x08f24183) lbu     gp, 143(tp)
core   0: 3 0x800052b0 (0x08f24183) x 3 0x000000b2 mem 0x8001edf9
core   0: 0x800052b4 (0x019ada13) srli    s4, s5, 25
core   0: 3 0x800052b4 (0x019ada13) x20 0x00000000
core   0: 0x800052b8 (0x06425183) lhu     gp, 100(tp)
core   0: 3 0x800052b8 (0x06425183) x 3 0x00008485 mem 0x8001edce
core   0: 0x800052bc (0x03120d83) lb      s11, 49(tp)
core   0: 3 0x800052bc (0x03120d83) x27 0x00000050 mem 0x8001ed9b
core   0: 0x800052c0 (0xfab22d23) sw      a1, -70(tp)
core   0: 3 0x800052c0 (0xfab22d23) mem 0x8001ed24 0x80000000
core   0: 0x800052c4 (0xfa824283) lbu     t0, -88(tp)
core   0: 3 0x800052c4 (0xfa824283) x 5 0x000000c9 mem 0x8001ed12
core   0: 0x800052c8 (0x0099f433) and     s0, s3, s1
core   0: 3 0x800052c8 (0x0099f433) x 8 0x00000000
core   0: 0x800052cc (0xfbe21083) lh      ra, -66(tp)
core   0: 3 0x800052cc (0xfbe21083) x 1 0xffffe2e3 mem 0x8001ed28
core   0: 0x800052d0 (0xfea20d03) lb      s10, -22(tp)
core   0: 3 0x800052d0 (0xfea20d03) x26 0x0000000f mem 0x8001ed54
core   0: 0x800052d4 (0x0d124703) lbu     a4, 209(tp)
core   0: 3 0x800052d4 (0x0d124703) x14 0x000000f0 mem 0x8001ee3b
core   0: 0x800052d8 (0x000de7b3) or      a5, s11, zero
core   0: 3 0x800052d8 (0x000de7b3) x15 0x00000050
core   0: 0x800052dc (0xd691f293) andi    t0, gp, -663
core   0: 3 0x800052dc (0xd691f293) x 5 0x00008401
core   0: 0x800052e0 (0x418289b3) sub     s3, t0, s8
core   0: 3 0x800052e0 (0x418289b3) x19 0x0000844f
core   0: 0x800052e4 (0x06e24683) lbu     a3, 110(tp)
core   0: 3 0x800052e4 (0x06e24683) x13 0x00000093 mem 0x8001edd8
core   0: 0x800052e8 (0xf4221e23) sh      sp, -164(tp)
core   0: 3 0x800052e8 (0xf4221e23) mem 0x8001ecc6 0xece4
core   0: 0x800052ec (0x08920983) lb      s3, 137(tp)
core   0: 3 0x800052ec (0x08920983) x19 0xffffffa8 mem 0x8001edf3
core   0: 0x800052f0 (0x01821823) sh      s8, 16(tp)
core   0: 3 0x800052f0 (0x01821823) mem 0x8001ed7a 0xffb2
core   0: 0x800052f4 (0x41cd8333) sub     t1, s11, t3
core   0: 3 0x800052f4 (0x41cd8333) x 6 0xffff4999
core   0: 0x800052f8 (0xd4586d93) ori     s11, a6, -699
core   0: 3 0x800052f8 (0xd4586d93) x27 0xfffffd7f
core   0: 0x800052fc (0xbccf6793) ori     a5, t5, -1076
core   0: 3 0x800052fc (0xbccf6793) x15 0xffffffcf
core   0: 0x80005300 (0x01920c23) sb      s9, 24(tp)
core   0: 3 0x80005300 (0x01920c23) mem 0x8001ed82 0x0
core   0: 0x80005304 (0x6c19f793) andi    a5, s3, 1729
core   0: 3 0x80005304 (0x6c19f793) x15 0x00000680
core   0: 0x80005308 (0x5fea8293) addi    t0, s5, 1534
core   0: 3 0x80005308 (0x5fea8293) x 5 0x000005fe
core   0: 0x8000530c (0x67c83d13) sltiu   s10, a6, 1660
core   0: 3 0x8000530c (0x67c83d13) x26 0x00000000
core   0: 0x80005310 (0xffe20c03) lb      s8, -2(tp)
core   0: 3 0x80005310 (0xffe20c03) x24 0x00000023 mem 0x8001ed68
core   0: 0x80005314 (0x01203033) snez    zero, s2
core   0: 3 0x80005314 (0x01203033)
core   0: 0x80005318 (0x00221183) lh      gp, 2(tp)
core   0: 3 0x80005318 (0x00221183) x 3 0x00002627 mem 0x8001ed6c
core   0: 0x8000531c (0x30352513) slti    a0, a0, 771
core   0: 3 0x8000531c (0x30352513) x10 0x00000001
core   0: 0x80005320 (0x01d71b13) slli    s6, a4, 29
core   0: 3 0x80005320 (0x01d71b13) x22 0x00000000
core   0: 0x80005324 (0xf7225303) lhu     t1, -142(tp)
core   0: 3 0x80005324 (0xf7225303) x 6 0x00009697 mem 0x8001ecdc
core   0: 0x80005328 (0x02820e83) lb      t4, 40(tp)
core   0: 3 0x80005328 (0x02820e83) x29 0x00000049 mem 0x8001ed92
core   0: 0x8000532c (0x60deab13) slti    s6, t4, 1549
core   0: 3 0x8000532c (0x60deab13) x22 0x00000001
core   0: 0x80005330 (0x6262e337) lui     t1, 0x6262e
core   0: 3 0x80005330 (0x6262e337) x 6 0x6262e000
core   0: 0x80005334 (0x014bd893) srli    a7, s7, 20
core   0: 3 0x80005334 (0x014bd893) x17 0x00000000
core   0: 0x80005338 (0x0ac24f03) lbu     t5, 172(tp)
core   0: 3 0x80005338 (0x0ac24f03) x30 0x000000cd mem 0x8001ee16
core   0: 0x8000533c (0x0042eb33) or      s6, t0, tp
core   0: 3 0x8000533c (0x0042eb33) x22 0x8001edfe
core   0: 0x80005340 (0x00959333) sll     t1, a1, s1
core   0: 3 0x80005340 (0x00959333) x 6 0x80000000
core   0: 0x80005344 (0x01ccb533) sltu    a0, s9, t3
core   0: 3 0x80005344 (0x01ccb533) x10 0x00000001
core   0: 0x80005348 (0x07e22483) lw      s1, 126(tp)
core   0: 3 0x80005348 (0x07e22483) x 9 0xa0a1a2a3 mem 0x8001ede8
core   0: 0x8000534c (0x00013697) auipc   a3, 0x13
core   0: 3 0x8000534c (0x00013697) x13 0x8001834c
core   0: 0x80005350 (0xfc368693) addi    a3, a3, -61
core   0: 3 0x80005350 (0xfc368693) x13 0x8001830f
core   0: 0x80005354 (0x0ff0000f) fence   iorw,iorw
core   0: 3 0x80005354 (0x0ff0000f)
core   0: 0x80005358 (0x019d6cb3) or      s9, s10, s9
core   0: 3 0x80005358 (0x019d6cb3) x25 0x00000000
core   0: 0x8000535c (0x007a2333) slt     t1, s4, t2
core   0: 3 0x8000535c (0x007a2333) x 6 0x00000001
core   0: 0x80005360 (0x02c6c883) lbu     a7, 44(a3)
core   0: 3 0x80005360 (0x02c6c883) x17 0x000000f0 mem 0x8001833b
core   0: 0x80005364 (0x40c48433) sub     s0, s1, a2
core   0: 3 0x80005364 (0x40c48433) x 8 0x209ef473
core   0: 0x80005368 (0x00258ab3) add     s5, a1, sp
core   0: 3 0x80005368 (0x00258ab3) x21 0x0002ece4
core   0: 0x8000536c (0x03b68483) lb      s1, 59(a3)
core   0: 3 0x8000536c (0x03b68483) x 9 0x00000001 mem 0x8001834a
core   0: 0x80005370 (0xfc268823) sb      sp, -48(a3)
core   0: 3 0x80005370 (0xfc268823) mem 0x800182df 0xe4
core   0: 0x80005374 (0x01c6c183) lbu     gp, 28(a3)
core   0: 3 0x80005374 (0x01c6c183) x 3 0x000000e0 mem 0x8001832b
core   0: 0x80005378 (0x00ed82b3) add     t0, s11, a4
core   0: 3 0x80005378 (0x00ed82b3) x 5 0xfffffe6f
core   0: 0x8000537c (0x01868f83) lb      t6, 24(a3)
core   0: 3 0x8000537c (0x01868f83) x31 0xffffffdc mem 0x80018327
core   0: 0x80005380 (0x0000100f) fence.i
core   0: 3 0x80005380 (0x0000100f)
core   0: 0x80005384 (0xfd068183) lb      gp, -48(a3)
core   0: 3 0x80005384 (0xfd068183) x 3 0xffffffe4 mem 0x800182df
core   0: 0x80005388 (0x00aa2a33) slt     s4, s4, a0
core   0: 3 0x80005388 (0x00aa2a33) x20 0x00000001
core   0: 0x8000538c (0xae318f93) addi    t6, gp, -1309
core   0: 3 0x8000538c (0xae318f93) x31 0xfffffac7
core   0: 0x80005390 (0x000d81b3) add     gp, s11, zero
core   0: 3 0x80005390 (0x000d81b3) x 3 0xfffffd7f
core   0: 0x80005394 (0x40e40933) sub     s2, s0, a4
core   0: 3 0x80005394 (0x40e40933) x18 0x209ef383
core   0: 0x80005398 (0x00e68483) lb      s1, 14(a3)
core   0: 3 0x80005398 (0x00e68483) x 9 0xffffffd6 mem 0x8001831d
core   0: 0x8000539c (0x004330b3) sltu    ra, t1, tp
core   0: 3 0x8000539c (0x004330b3) x 1 0x00000001
core   0: 0x800053a0 (0x01a1f2b3) and     t0, gp, s10
core   0: 3 0x800053a0 (0x01a1f2b3) x 5 0x00000000
core   0: 0x800053a4 (0x002693a3) sh      sp, 7(a3)
core   0: 3 0x800053a4 (0x002693a3) mem 0x80018316 0xece4
core   0: 0x800053a8 (0x0216d903) lhu     s2, 33(a3)
core   0: 3 0x800053a8 (0x0216d903) x18 0x0000eaeb mem 0x80018330
core   0: 0x800053ac (0xfd768503) lb      a0, -41(a3)
core   0: 3 0x800053ac (0xfd768503) x10 0xffffff9d mem 0x800182e6
core   0: 0x800053b0 (0x01f6c783) lbu     a5, 31(a3)
core   0: 3 0x800053b0 (0x01f6c783) x15 0x000000e5 mem 0x8001832e
core   0: 0x800053b4 (0x03468783) lb      a5, 52(a3)
core   0: 3 0x800053b4 (0x03468783) x15 0xfffffff8 mem 0x80018343
core   0: 0x800053b8 (0x03068423) sb      a6, 40(a3)
core   0: 3 0x800053b8 (0x03068423) mem 0x80018337 0x7e
core   0: 0x800053bc (0xfd868203) lb      tp, -40(a3)
core   0: 3 0x800053bc (0xfd868203) x 4 0xffffff9c mem 0x800182e7
core   0: 0x800053c0 (0x7c743213) sltiu   tp, s0, 1991
core   0: 3 0x800053c0 (0x7c743213) x 4 0x00000000
core   0: 0x800053c4 (0x0000100f) fence.i
core   0: 3 0x800053c4 (0x0000100f)
core   0: 0x800053c8 (0x02868c83) lb      s9, 40(a3)
core   0: 3 0x800053c8 (0x02868c83) x25 0x0000007e mem 0x80018337
core   0: 0x800053cc (0x01f7c033) xor     zero, a5, t6
core   0: 3 0x800053cc (0x01f7c033)
core   0: 0x800053d0 (0x7d501c17) auipc   s8, 0x7d501
core   0: 3 0x800053d0 (0x7d501c17) x24 0xfd5063d0
core   0: 0x800053d4 (0x00b970b3) and     ra, s2, a1
core   0: 3 0x800053d4 (0x00b970b3) x 1 0x00000000
core   0: 0x800053d8 (0xfde6cd03) lbu     s10, -34(a3)
core   0: 3 0x800053d8 (0xfde6cd03) x26 0x000000a6 mem 0x800182ed
core   0: 0x800053dc (0x00c68003) lb      zero, 12(a3)
core   0: 3 0x800053dc (0x00c68003) mem 0x8001831b
core   0: 0x800053e0 (0x0095d013) srli    zero, a1, 9
core   0: 3 0x800053e0 (0x0095d013)
core   0: 0x800053e4 (0xffc6cb83) lbu     s7, -4(a3)
core   0: 3 0x800053e4 (0xffc6cb83) x23 0x000000c0 mem 0x8001830b
core   0: 0x800053e8 (0x01861313) slli    t1, a2, 24
core   0: 3 0x800053e8 (0x01861313) x 6 0x30000000
core   0: 0x800053ec (0x00000013) nop
core   0: 3 0x800053ec (0x00000013)
core   0: 0x800053f0 (0xfec6c803) lbu     a6, -20(a3)
core   0: 3 0x800053f0 (0xfec6c803) x16 0x000000b0 mem 0x800182fb
core   0: 0x800053f4 (0x03e68383) lb      t2, 62(a3)
core   0: 3 0x800053f4 (0x03e68383) x 7 0x00000006 mem 0x8001834d
core   0: 0x800053f8 (0x01edec33) or      s8, s11, t5
core   0: 3 0x800053f8 (0x01edec33) x24 0xfffffdff
core   0: 0x800053fc (0x02c68c83) lb      s9, 44(a3)
core   0: 3 0x800053fc (0x02c68c83) x25 0xfffffff0 mem 0x8001833b
core   0: 0x80005400 (0xfcc58097) auipc   ra, 0xfcc58
core   0: 3 0x80005400 (0xfcc58097) x 1 0x7cc5d400
core   0: 0x80005404 (0x02f69b83) lh      s7, 47(a3)
core   0: 3 0x80005404 (0x02f69b83) x23 0xfffff4f5 mem 0x8001833e
core   0: 0x80005408 (0x03e6c903) lbu     s2, 62(a3)
core   0: 3 0x80005408 (0x03e6c903) x18 0x00000006 mem 0x8001834d
core   0: 0x8000540c (0x0356a483) lw      s1, 53(a3)
core   0: 3 0x8000540c (0x0356a483) x 9 0xfcfdfeff mem 0x80018344
core   0: 0x80005410 (0x0406cf83) lbu     t6, 64(a3)
core   0: 3 0x80005410 (0x0406cf83) x31 0x00000004 mem 0x8001834f
core   0: 0x80005414 (0x00010e17) auipc   t3, 0x10
core   0: 3 0x80005414 (0x00010e17) x28 0x80015414
core   0: 0x80005418 (0xfcce0e13) addi    t3, t3, -52
core   0: 3 0x80005418 (0xfcce0e13) x28 0x800153e0
core   0: 0x8000541c (0x00010b17) auipc   s6, 0x10
core   0: 3 0x8000541c (0x00010b17) x22 0x8001541c
core   0: 0x80005420 (0x58eb0b13) addi    s6, s6, 1422
core   0: 3 0x80005420 (0x58eb0b13) x22 0x800159aa
core   0: 0x80005424 (0x00010417) auipc   s0, 0x10
core   0: 3 0x80005424 (0x00010417) x 8 0x80015424
core   0: 0x80005428 (0x32540413) addi    s0, s0, 805
core   0: 3 0x80005428 (0x32540413) x 8 0x80015749
core   0: 0x8000542c (0x684b0e83) lb      t4, 1668(s6)
core   0: 3 0x8000542c (0x684b0e83) x29 0xffffffe5 mem 0x8001602e
core   0: 0x80005430 (0x012e4b83) lbu     s7, 18(t3)
core   0: 3 0x80005430 (0x012e4b83) x23 0x000000a9 mem 0x800153f2
core   0: 0x80005434 (0x76b45683) lhu     a3, 1899(s0)
core   0: 3 0x80005434 (0x76b45683) x13 0x00006e6f mem 0x80015eb4
core   0: 0x80005438 (0xf44b04a3) sb      tp, -183(s6)
core   0: 3 0x80005438 (0xf44b04a3) mem 0x800158f3 0x0
core   0: 0x8000543c (0xfdfe1723) sh      t6, -50(t3)
core   0: 3 0x8000543c (0xfdfe1723) mem 0x800153ae 0x0004
core   0: 0x80005440 (0x98c40c23) sb      a2, -1640(s0)
core   0: 3 0x80005440 (0x98c40c23) mem 0x800150e1 0x30
core   0: 0x80005444 (0x009e0623) sb      s1, 12(t3)
core   0: 3 0x80005444 (0x009e0623) mem 0x800153ec 0xff
core   0: 0x80005448 (0x178b0723) sb      s8, 366(s6)
core   0: 3 0x80005448 (0x178b0723) mem 0x80015b18 0xff
core   0: 0x8000544c (0x463b0823) sb      gp, 1136(s6)
core   0: 3 0x8000544c (0x463b0823) mem 0x80015e1a 0x7f
core   0: 0x80005450 (0x6d240c83) lb      s9, 1746(s0)
core   0: 3 0x80005450 (0x6d240c83) x25 0xffffffd0 mem 0x80015e1b
core   0: 0x80005454 (0xfdae0aa3) sb      s10, -43(t3)
core   0: 3 0x80005454 (0xfdae0aa3) mem 0x800153b5 0xa6
core   0: 0x80005458 (0xa9341ca3) sh      s3, -1383(s0)
core   0: 3 0x80005458 (0xa9341ca3) mem 0x800151e2 0xffa8
core   0: 0x8000545c (0x032e4d03) lbu     s10, 50(t3)
core   0: 3 0x8000545c (0x032e4d03) x26 0x00000003 mem 0x80015412
core   0: 0x80005460 (0x8eab0283) lb      t0, -1814(s6)
core   0: 3 0x80005460 (0x8eab0283) x 5 0x0000004f mem 0x80015294
core   0: 0x80005464 (0xfd0e0883) lb      a7, -48(t3)
core   0: 3 0x80005464 (0xfd0e0883) x17 0x0000006b mem 0x800153b0
core   0: 0x80005468 (0x53844683) lbu     a3, 1336(s0)
core   0: 3 0x80005468 (0x53844683) x13 0x0000003a mem 0x80015c81
core   0: 0x8000546c (0xa0040d83) lb      s11, -1536(s0)
core   0: 3 0x8000546c (0xa0040d83) x27 0x00000002 mem 0x80015149
core   0: 0x80005470 (0x23e401a3) sb      t5, 547(s0)
core   0: 3 0x80005470 (0x23e401a3) mem 0x8001596c 0xcd
core   0: 0x80005474 (0x03ee5f83) lhu     t6, 62(t3)
core   0: 3 0x80005474 (0x03ee5f83) x31 0x0000d4d5 mem 0x8001541e
core   0: 0x80005478 (0x119b4c03) lbu     s8, 281(s6)
core   0: 3 0x80005478 (0x119b4c03) x24 0x00000078 mem 0x80015ac3
core   0: 0x8000547c (0xa1244d03) lbu     s10, -1518(s0)
core   0: 3 0x8000547c (0xa1244d03) x26 0x000000ca mem 0x8001515b
core   0: 0x80005480 (0x00010717) auipc   a4, 0x10
core   0: 3 0x80005480 (0x00010717) x14 0x80015480
core   0: 0x80005484 (0x0d070713) addi    a4, a4, 208
core   0: 3 0x80005484 (0x0d070713) x14 0x80015550
core   0: 0x80005488 (0xfdd707a3) sb      t4, -49(a4)
core   0: 3 0x80005488 (0xfdd707a3) mem 0x8001551f 0xe5
core   0: 0x8000548c (0xfd4707a3) sb      s4, -49(a4)
core   0: 3 0x8000548c (0xfd4707a3) mem 0x8001551f 0x1
core   0: 0x80005490 (0xff6703a3) sb      s6, -25(a4)
core   0: 3 0x80005490 (0xff6703a3) mem 0x80015537 0xaa
core   0: 0x80005494 (0xfeb703a3) sb      a1, -25(a4)
core   0: 3 0x80005494 (0xfeb703a3) mem 0x80015537 0x0
core   0: 0x80005498 (0xff0703a3) sb      a6, -25(a4)
core   0: 3 0x80005498 (0xff0703a3) mem 0x80015537 0xb0
core   0: 0x8000549c (0x5d9acb93) xori    s7, s5, 1497
core   0: 3 0x8000549c (0x5d9acb93) x23 0x0002e93d
core   0: 0x800054a0 (0x0000100f) fence.i
core   0: 3 0x800054a0 (0x0000100f)
core   0: 0x800054a4 (0xfe770283) lb      t0, -25(a4)
core   0: 3 0x800054a4 (0xfe770283) x 5 0xffffffb0 mem 0x80015537
core   0: 0x800054a8 (0x406cd933) sra     s2, s9, t1
core   0: 3 0x800054a8 (0x406cd933) x18 0xffffffd0
core   0: 0x800054ac (0xfe3703a3) sb      gp, -25(a4)
core   0: 3 0x800054ac (0xfe3703a3) mem 0x80015537 0x7f
core   0: 0x800054b0 (0xfe774a83) lbu     s5, -25(a4)
core   0: 3 0x800054b0 (0xfe774a83) x21 0x0000007f mem 0x80015537
core   0: 0x800054b4 (0x00d72a33) slt     s4, a4, a3
core   0: 3 0x800054b4 (0x00d72a33) x20 0x00000001
core   0: 0x800054b8 (0xfe2703a3) sb      sp, -25(a4)
core   0: 3 0x800054b8 (0xfe2703a3) mem 0x80015537 0xe4
core   0: 0x800054bc (0x00685d93) srli    s11, a6, 6
core   0: 3 0x800054bc (0x00685d93) x27 0x00000002
core   0: 0x800054c0 (0xff4703a3) sb      s4, -25(a4)
core   0: 3 0x800054c0 (0xff4703a3) mem 0x80015537 0x1
core   0: 0x800054c4 (0x00020997) auipc   s3, 0x20
core   0: 3 0x800054c4 (0x00020997) x19 0x800254c4
core   0: 0x800054c8 (0x6de98993) addi    s3, s3, 1758
core   0: 3 0x800054c8 (0x6de98993) x19 0x80025ba2
core   0: 0x800054cc (0x01998e03) lb      t3, 25(s3)
core   0: 3 0x800054cc (0x01998e03) x28 0x00000070 mem 0x80025bbb
core   0: 0x800054d0 (0x00000013) nop
core   0: 3 0x800054d0 (0x00000013)
core   0: 0x800054d4 (0x01ce9eb3) sll     t4, t4, t3
core   0: 3 0x800054d4 (0x01ce9eb3) x29 0xffe50000
core   0: 0x800054d8 (0xfcf983a3) sb      a5, -57(s3)
core   0: 3 0x800054d8 (0xfcf983a3) mem 0x80025b69 0xf8
core   0: 0x800054dc (0xfc998f83) lb      t6, -55(s3)
core   0: 3 0x800054dc (0xfc998f83) x31 0x00000020 mem 0x80025b6b
core   0: 0x800054e0 (0x642d7013) andi    zero, s10, 1602
core   0: 3 0x800054e0 (0x642d7013)
core   0: 0x800054e4 (0xfd098703) lb      a4, -48(s3)
core   0: 3 0x800054e4 (0xfd098703) x14 0x00000029 mem 0x80025b72
core   0: 0x800054e8 (0x01d9cb03) lbu     s6, 29(s3)
core   0: 3 0x800054e8 (0x01d9cb03) x22 0x00000074 mem 0x80025bbf
core   0: 0x800054ec (0x75f18f93) addi    t6, gp, 1887
core   0: 3 0x800054ec (0x75f18f93) x31 0x000004de
core   0: 0x800054f0 (0x41075893) srai    a7, a4, 16
core   0: 3 0x800054f0 (0x41075893) x17 0x00000000
core   0: 0x800054f4 (0xfd898b83) lb      s7, -40(s3)
core   0: 3 0x800054f4 (0xfd898b83) x23 0x00000031 mem 0x80025b7a
core   0: 0x800054f8 (0xfce98d03) lb      s10, -50(s3)
core   0: 3 0x800054f8 (0xfce98d03) x26 0x0000002b mem 0x80025b70
core   0: 0x800054fc (0x03998e83) lb      t4, 57(s3)
core   0: 3 0x800054fc (0x03998e83) x29 0xffffff90 mem 0x80025bdb
core   0: 0x80005500 (0x006f84b3) add     s1, t6, t1
core   0: 3 0x80005500 (0x006f84b3) x 9 0x300004de
core   0: 0x80005504 (0x0098ba33) sltu    s4, a7, s1
core   0: 3 0x80005504 (0x0098ba33) x20 0x00000001
core   0: 0x80005508 (0x018981a3) sb      s8, 3(s3)
core   0: 3 0x80005508 (0x018981a3) mem 0x80025ba5 0x78
core   0: 0x8000550c (0x143e64b7) lui     s1, 0x143e6
core   0: 3 0x8000550c (0x143e64b7) x 9 0x143e6000
core   0: 0x80005510 (0xfe498003) lb      zero, -28(s3)
core   0: 3 0x80005510 (0xfe498003) mem 0x80025b86
core   0: 0x80005514 (0xffe98e83) lb      t4, -2(s3)
core   0: 3 0x80005514 (0xffe98e83) x29 0x0000005b mem 0x80025ba0
core   0: 0x80005518 (0x00098883) lb      a7, 0(s3)
core   0: 3 0x80005518 (0x00098883) x17 0x00000059 mem 0x80025ba2
core   0: 0x8000551c (0x00000013) nop
core   0: 3 0x8000551c (0x00000013)
core   0: 0x80005520 (0xfe29a903) lw      s2, -30(s3)
core   0: 3 0x80005520 (0xfe29a903) x18 0x3c3d3e3f mem 0x80025b84
core   0: 0x80005524 (0x00998aa3) sb      s1, 21(s3)
core   0: 3 0x80005524 (0x00998aa3) mem 0x80025bb7 0x0
core   0: 0x80005528 (0x0000100f) fence.i
core   0: 3 0x80005528 (0x0000100f)
core   0: 0x8000552c (0x001d37b3) sltu    a5, s10, ra
core   0: 3 0x8000552c (0x001d37b3) x15 0x00000001
core   0: 0x80005530 (0x00f06033) or      zero, zero, a5
core   0: 3 0x80005530 (0x00f06033)
core   0: 0x80005534 (0xfe6980a3) sb      t1, -31(s3)
core   0: 3 0x80005534 (0xfe6980a3) mem 0x80025b83 0x0
core   0: 0x80005538 (0xff29d803) lhu     a6, -14(s3)
core   0: 3 0x80005538 (0xff29d803) x16 0x00004e4f mem 0x80025b94
core   0: 0x8000553c (0x41775093) srai    ra, a4, 23
core   0: 3 0x8000553c (0x41775093) x 1 0x00000000
core   0: 0x80005540 (0xfc299023) sh      sp, -64(s3)
core   0: 3 0x80005540 (0xfc299023) mem 0x80025b62 0xece4
core   0: 0x80005544 (0x01c9cd83) lbu     s11, 28(s3)
core   0: 3 0x80005544 (0x01c9cd83) x27 0x00000075 mem 0x80025bbe
core   0: 0x80005548 (0xfea9c683) lbu     a3, -22(s3)
core   0: 3 0x80005548 (0xfea9c683) x13 0x00000047 mem 0x80025b8c
core   0: 0x8000554c (0x01c4d2b3) srl     t0, s1, t3
core   0: 3 0x8000554c (0x01c4d2b3) x 5 0x0000143e
core   0: 0x80005550 (0xfd598883) lb      a7, -43(s3)
core   0: 3 0x80005550 (0xfd598883) x17 0x0000002c mem 0x80025b77
core   0: 0x80005554 (0xfdb9cf03) lbu     t5, -37(s3)
core   0: 3 0x80005554 (0xfdb9cf03) x30 0x00000036 mem 0x80025b7d
core   0: 0x80005558 (0xfcf99123) sh      a5, -62(s3)
core   0: 3 0x80005558 (0xfcf99123) mem 0x80025b64 0x0001
core   0: 0x8000555c (0x4a1367b7) lui     a5, 0x4a136
core   0: 3 0x8000555c (0x4a1367b7) x15 0x4a136000
core   0: 0x80005560 (0x01598ca3) sb      s5, 25(s3)
core   0: 3 0x80005560 (0x01598ca3) mem 0x80025bbb 0x7f
core   0: 0x80005564 (0x0019c203) lbu     tp, 1(s3)
core   0: 3 0x80005564 (0x0019c203) x 4 0x00000058 mem 0x80025ba3
core   0: 0x80005568 (0xffc98123) sb      t3, -30(s3)
core   0: 3 0x80005568 (0xffc98123) mem 0x80025b84 0x70
core   0: 0x8000556c (0x01171093) slli    ra, a4, 17
core   0: 3 0x8000556c (0x01171093) x 1 0x00520000
core   0: 0x80005570 (0x0000100f) fence.i
core   0: 3 0x80005570 (0x0000100f)
core   0: 0x80005574 (0x003b9313) slli    t1, s7, 3
core   0: 3 0x80005574 (0x003b9313) x 6 0x00000188
core   0: 0x80005578 (0x0d156417) auipc   s0, 0xd156
core   0: 3 0x80005578 (0x0d156417) x 8 0x8d15b578
core   0: 0x8000557c (0xfc798683) lb      a3, -57(s3)
core   0: 3 0x8000557c (0xfc798683) x13 0xfffffff8 mem 0x80025b69
core   0: 0x80005580 (0x03e9c483) lbu     s1, 62(s3)
core   0: 3 0x80005580 (0x03e9c483) x 9 0x0000009b mem 0x80025be0
core   0: 0x80005584 (0xffd9c283) lbu     t0, -3(s3)
core   0: 3 0x80005584 (0xffd9c283) x 5 0x00000054 mem 0x80025b9f
core   0: 0x80005588 (0x00010b97) auipc   s7, 0x10
core   0: 3 0x80005588 (0x00010b97) x23 0x80015588
core   0: 0x8000558c (0x519b8b93) addi    s7, s7, 1305
core   0: 3 0x8000558c (0x519b8b93) x23 0x80015aa1
core   0: 0x80005590 (0xfc4b8e23) sb      tp, -36(s7)
core   0: 3 0x80005590 (0xfc4b8e23) mem 0x80015a7d 0x58
core   0: 0x80005594 (0x41725f33) sra     t5, tp, s7
core   0: 3 0x80005594 (0x41725f33) x30 0x0000002c
core   0: 0x80005598 (0xc8736a13) ori     s4, t1, -889
core   0: 3 0x80005598 (0xc8736a13) x20 0xfffffd8f
core   0: 0x8000559c (0x030bcf83) lbu     t6, 48(s7)
core   0: 3 0x8000559c (0x030bcf83) x31 0x0000008a mem 0x80015ad1
core   0: 0x800055a0 (0xba982093) slti    ra, a6, -1111
core   0: 3 0x800055a0 (0xba982093) x 1 0x00000000
core   0: 0x800055a4 (0xff7b9ea3) sh      s7, -3(s7)
core   0: 3 0x800055a4 (0xff7b9ea3) mem 0x80015a9e 0x5aa1
core   0: 0x800055a8 (0xfedb9d03) lh      s10, -19(s7)
core   0: 3 0x800055a8 (0xfedb9d03) x26 0x00004445 mem 0x80015a8e
core   0: 0x800055ac (0xfeabca03) lbu     s4, -22(s7)
core   0: 3 0x800055ac (0xfeabca03) x20 0x00000040 mem 0x80015a8b
core   0: 0x800055b0 (0xa0192b13) slti    s6, s2, -1535
core   0: 3 0x800055b0 (0xa0192b13) x22 0x00000000
core   0: 0x800055b4 (0x0000100f) fence.i
core   0: 3 0x800055b4 (0x0000100f)
core   0: 0x800055b8 (0x00b0bb33) sltu    s6, ra, a1
core   0: 3 0x800055b8 (0x00b0bb33) x22 0x00000001
core   0: 0x800055bc (0xfd0bcf03) lbu     t5, -48(s7)
core   0: 3 0x800055bc (0xfd0bcf03) x30 0x00000000 mem 0x80015a71
core   0: 0x800055c0 (0x4100da13) srai    s4, ra, 16
core   0: 3 0x800055c0 (0x4100da13) x20 0x00000000
core   0: 0x800055c4 (0x028bc683) lbu     a3, 40(s7)
core   0: 3 0x800055c4 (0x028bc683) x13 0x00000082 mem 0x80015ac9
core   0: 0x800055c8 (0xfddbdd83) lhu     s11, -35(s7)
core   0: 3 0x800055c8 (0xfddbdd83) x27 0x00003435 mem 0x80015a7e
core   0: 0x800055cc (0xfdfbd003) lhu     zero, -33(s7)
core   0: 3 0x800055cc (0xfdfbd003) mem 0x80015a80
core   0: 0x800055d0 (0xffab8283) lb      t0, -6(s7)
core   0: 3 0x800055d0 (0xffab8283) x 5 0x00000050 mem 0x80015a9b
core   0: 0x800055d4 (0x001ceab3) or      s5, s9, ra
core   0: 3 0x800055d4 (0x001ceab3) x21 0xffffffd0
core   0: 0x800055d8 (0x00078033) add     zero, a5, zero
core   0: 3 0x800055d8 (0x00078033)
core   0: 0x800055dc (0x026bc883) lbu     a7, 38(s7)
core   0: 3 0x800055dc (0x026bc883) x17 0x0000007c mem 0x80015ac7
core   0: 0x800055e0 (0x896a9e17) auipc   t3, 0x896a9
core   0: 3 0x800055e0 (0x896a9e17) x28 0x096ae5e0
core   0: 0x800055e4 (0x039bc083) lbu     ra, 57(s7)
core   0: 3 0x800055e4 (0x039bc083) x 1 0x00000091 mem 0x80015ada
core   0: 0x800055e8 (0x031b8203) lb      tp, 49(s7)
core   0: 3 0x800055e8 (0x031b8203) x 4 0xffffff89 mem 0x80015ad2
core   0: 0x800055ec (0x000159b3) srl     s3, sp, zero
core   0: 3 0x800055ec (0x000159b3) x19 0x8002ece4
core   0: 0x800055f0 (0xfe1bc303) lbu     t1, -31(s7)
core   0: 3 0x800055f0 (0xfe1bc303) x 6 0x00000039 mem 0x80015a82
core   0: 0x800055f4 (0xe295f213) andi    tp, a1, -471
core   0: 3 0x800055f4 (0xe295f213) x 4 0x80000000
core   0: 0x800055f8 (0xb21e7a93) andi    s5, t3, -1247
core   0: 3 0x800055f8 (0xb21e7a93) x21 0x096ae120
core   0: 0x800055fc (0x009bc503) lbu     a0, 9(s7)
core   0: 3 0x800055fc (0x009bc503) x10 0x00000000 mem 0x80015aaa
core   0: 0x80005600 (0xfefb80a3) sb      a5, -31(s7)
core   0: 3 0x80005600 (0xfefb80a3) mem 0x80015a82 0x0
core   0: 0x80005604 (0x01ebc803) lbu     a6, 30(s7)
core   0: 3 0x80005604 (0x01ebc803) x16 0x00000074 mem 0x80015abf
core   0: 0x80005608 (0xf0887017) auipc   zero, 0xf0887
core   0: 3 0x80005608 (0xf0887017)
core   0: 0x8000560c (0x034b8d83) lb      s11, 52(s7)
core   0: 3 0x8000560c (0x034b8d83) x27 0xffffff8e mem 0x80015ad5
core   0: 0x80005610 (0xfdeb8d03) lb      s10, -34(s7)
core   0: 3 0x80005610 (0xfdeb8d03) x26 0x00000034 mem 0x80015a7f
core   0: 0x80005614 (0x038b8523) sb      s8, 42(s7)
core   0: 3 0x80005614 (0x038b8523) mem 0x80015acb 0x78
core   0: 0x80005618 (0x001c3fb3) sltu    t6, s8, ra
core   0: 3 0x80005618 (0x001c3fb3) x31 0x00000001
core   0: 0x8000561c (0x017b8fa3) sb      s7, 31(s7)
core   0: 3 0x8000561c (0x017b8fa3) mem 0x80015ac0 0xa1
core   0: 0x80005620 (0xfecbcc03) lbu     s8, -20(s7)
core   0: 3 0x80005620 (0xfecbcc03) x24 0x00000046 mem 0x80015a8d
core   0: 0x80005624 (0xffcbcf03) lbu     t5, -4(s7)
core   0: 3 0x80005624 (0xffcbcf03) x30 0x00000056 mem 0x80015a9d
core   0: 0x80005628 (0x027ba283) lw      t0, 39(s7)
core   0: 3 0x80005628 (0x027ba283) x 5 0x78818283 mem 0x80015ac8
core   0: 0x8000562c (0x00012d97) auipc   s11, 0x12
core   0: 3 0x8000562c (0x00012d97) x27 0x8001762c
core   0: 0x80005630 (0xf48d8d93) addi    s11, s11, -184
core   0: 3 0x80005630 (0xf48d8d93) x27 0x80017574
core   0: 0x80005634 (0x00010817) auipc   a6, 0x10
core   0: 3 0x80005634 (0x00010817) x16 0x80015634
core   0: 0x80005638 (0xd6980813) addi    a6, a6, -663
core   0: 3 0x80005638 (0xd6980813) x16 0x8001539d
core   0: 0x8000563c (0xee5dc003) lbu     zero, -283(s11)
core   0: 3 0x8000563c (0xee5dc003) mem 0x80017459
core   0: 0x80005640 (0xa32d9c83) lh      s9, -1486(s11)
core   0: 3 0x80005640 (0xa32d9c83) x25 0x00005c5d mem 0x80016fa6
core   0: 0x80005644 (0x6a980323) sb      s1, 1702(a6)
core   0: 3 0x80005644 (0x6a980323) mem 0x80015a43 0x9b
core   0: 0x80005648 (0x26cda183) lw      gp, 620(s11)
core   0: 3 0x80005648 (0x26cda183) x 3 0x98999a9b mem 0x800177e0
core   0: 0x8000564c (0xa51dac23) sw      a7, -1448(s11)
core   0: 3 0x8000564c (0xa51dac23) mem 0x80016fcc 0x0000007c
core   0: 0x80005650 (0x41781503) lh      a0, 1047(a6)
core   0: 3 0x80005650 (0x41781503) x10 0x00006e6f mem 0x800157b4
core   0: 0x80005654 (0x29edcd03) lbu     s10, 670(s11)
core   0: 3 0x80005654 (0x29edcd03) x26 0x000000c9 mem 0x80017812
core   0: 0x80005658 (0x20980ba3) sb      s1, 535(a6)
core   0: 3 0x80005658 (0x20980ba3) mem 0x800155b4 0x9b
core   0: 0x8000565c (0xd9cd9403) lh      s0, -612(s11)
core   0: 3 0x8000565c (0xd9cd9403) x 8 0xffffcacb mem 0x80017310
core   0: 0x80005660 (0x3d2d84a3) sb      s2, 969(s11)
core   0: 3 0x80005660 (0x3d2d84a3) mem 0x8001793d 0x3f
core   0: 0x80005664 (0x7d1dc203) lbu     tp, 2001(s11)
core   0: 3 0x80005664 (0x7d1dc203) x 4 0x000000fe mem 0x80017d45
core   0: 0x80005668 (0xf2a80483) lb      s1, -214(a6)
core   0: 3 0x80005668 (0xf2a80483) x 9 0x0000007c mem 0x800152c7
core   0: 0x8000566c (0x3acd8303) lb      t1, 940(s11)
core   0: 3 0x8000566c (0x3acd8303) x 6 0xffffffdb mem 0x80017920
core   0: 0x80005670 (0x6b9d8f83) lb      t6, 1721(s11)
core   0: 3 0x80005670 (0x6b9d8f83) x31 0xffffffe6 mem 0x80017c2d
core   0: 0x80005674 (0x20480d03) lb      s10, 516(a6)
core   0: 3 0x80005674 (0x20480d03) x26 0x00000001 mem 0x800155a1
core   0: 0x80005678 (0x37d84903) lbu     s2, 893(a6)
core   0: 3 0x80005678 (0x37d84903) x18 0x000000d1 mem 0x8001571a
core   0: 0x8000567c (0xf4f82483) lw      s1, -177(a6)
core   0: 3 0x8000567c (0xf4f82483) x 9 0xa4a5a6a7 mem 0x800152ec
core   0: 0x80005680 (0x00a9e463) bltu    s3, a0, pc + 8
core   0: 3 0x80005680 (0x00a9e463)
core   0: 0x80005684 (0x403b5933) sra     s2, s6, gp
core   0: 3 0x80005684 (0x403b5933) x18 0x00000000
core   0: 0x80005688 (0xf36e0393) addi    t2, t3, -202
core   0: 3 0x80005688 (0xf36e0393) x 7 0x096ae516
core   0: 0x8000568c (0x31ee4513) xori    a0, t3, 798
core   0: 3 0x8000568c (0x31ee4513) x10 0x096ae6fe
core   0: 0x80005690 (0x01e038b3) snez    a7, t5
core   0: 3 0x80005690 (0x01e038b3) x17 0x00000001
core   0: 0x80005694 (0x4110d2b3) sra     t0, ra, a7
core   0: 3 0x80005694 (0x4110d2b3) x 5 0x00000048
core   0: 0x80005698 (0x00000013) nop
core   0: 3 0x80005698 (0x00000013)
core   0: 0x8000569c (0x72a98e13) addi    t3, s3, 1834
core   0: 3 0x8000569c (0x72a98e13) x28 0x8002f40e
core   0: 0x800056a0 (0x40bf8533) sub     a0, t6, a1
core   0: 3 0x800056a0 (0x40bf8533) x10 0x7fffffe6
core   0: 0x800056a4 (0x00221c13) slli    s8, tp, 2
core   0: 3 0x800056a4 (0x00221c13) x24 0x000003f8
core   0: 0x800056a8 (0x01f15eb3) srl     t4, sp, t6
core   0: 3 0x800056a8 (0x01f15eb3) x29 0x02000bb3
core   0: 0x800056ac (0x4072dbb3) sra     s7, t0, t2
core   0: 3 0x800056ac (0x4072dbb3) x23 0x00000000
core   0: 0x800056b0 (0x29706c97) auipc   s9, 0x29706
core   0: 3 0x800056b0 (0x29706c97) x25 0xa970b6b0
core   0: 0x800056b4 (0x000841b3) xor     gp, a6, zero
core   0: 3 0x800056b4 (0x000841b3) x 3 0x8001539d
core   0: 0x800056b8 (0x00000013) nop
core   0: 3 0x800056b8 (0x00000013)
core   0: 0x800056bc (0xdbb20393) addi    t2, tp, -581
core   0: 3 0x800056bc (0xdbb20393) x 7 0xfffffeb9
core   0: 0x800056c0 (0x0f00c713) xori    a4, ra, 240
core   0: 3 0x800056c0 (0x0f00c713) x14 0x00000061
core   0: 0x800056c4 (0x04977863) bgeu    a4, s1, pc + 80
core   0: 3 0x800056c4 (0x04977863)
core   0: 0x800056c8 (0x0000100f) fence.i
core   0: 3 0x800056c8 (0x0000100f)
core   0: 0x800056cc (0x7a7ab093) sltiu   ra, s5, 1959
core   0: 3 0x800056cc (0x7a7ab093) x 1 0x00000000
core   0: 0x800056d0 (0x0022b9b3) sltu    s3, t0, sp
core   0: 3 0x800056d0 (0x0022b9b3) x19 0x00000001
core   0: 0x800056d4 (0x0000100f) fence.i
core   0: 3 0x800056d4 (0x0000100f)
core   0: 0x800056d8 (0x013a9813) slli    a6, s5, 19
core   0: 3 0x800056d8 (0x013a9813) x16 0x09000000
core   0: 0x800056dc (0x0320fc63) bgeu    ra, s2, pc + 56
core   0: 3 0x800056dc (0x0320fc63)
core   0: 0x80005714 (0x01ee1733) sll     a4, t3, t5
core   0: 3 0x80005714 (0x01ee1733) x14 0x03800000
core   0: 0x80005718 (0x01865333) srl     t1, a2, s8
core   0: 3 0x80005718 (0x01865333) x 6 0x00000080
core   0: 0x8000571c (0x028cee63) bltu    s9, s0, pc + 60
core   0: 3 0x8000571c (0x028cee63)
core   0: 0x80005758 (0x005666b3) or      a3, a2, t0
core   0: 3 0x80005758 (0x005666b3) x13 0x8002ae78
core   0: 0x8000575c (0x039a9063) bne     s5, s9, pc + 32
core   0: 3 0x8000575c (0x039a9063)
core   0: 0x8000577c (0x0000100f) fence.i
core   0: 3 0x8000577c (0x0000100f)
core   0: 0x80005780 (0x027b9e63) bne     s7, t2, pc + 60
core   0: 3 0x80005780 (0x027b9e63)
core   0: 0x800057bc (0x010b4263) blt     s6, a6, pc + 4
core   0: 3 0x800057bc (0x010b4263)
core   0: 0x800057c0 (0x0ff0000f) fence   iorw,iorw
core   0: 3 0x800057c0 (0x0ff0000f)
core   0: 0x800057c4 (0x401d54b3) sra     s1, s10, ra
core   0: 3 0x800057c4 (0x401d54b3) x 9 0x00000001
core   0: 0x800057c8 (0x018184b3) add     s1, gp, s8
core   0: 3 0x800057c8 (0x018184b3) x 9 0x80015795
core   0: 0x800057cc (0x41aa56b3) sra     a3, s4, s10
core   0: 3 0x800057cc (0x41aa56b3) x13 0x00000000
core   0: 0x800057d0 (0x0ff0000f) fence   iorw,iorw
core   0: 3 0x800057d0 (0x0ff0000f)
core   0: 0x800057d4 (0x41df5e93) srai    t4, t5, 29
core   0: 3 0x800057d4 (0x41df5e93) x29 0x00000000
core   0: 0x800057d8 (0x03176663) bltu    a4, a7, pc + 44
core   0: 3 0x800057d8 (0x03176663)
core   0: 0x800057dc (0x48048a13) addi    s4, s1, 1152
core   0: 3 0x800057dc (0x48048a13) x20 0x80015c15
core   0: 0x800057e0 (0x006d51b3) srl     gp, s10, t1
core   0: 3 0x800057e0 (0x006d51b3) x 3 0x00000001
core   0: 0x800057e4 (0x77818f13) addi    t5, gp, 1912
core   0: 3 0x800057e4 (0x77818f13) x30 0x00000779
core   0: 0x800057e8 (0x95fbfd17) auipc   s10, 0x95fbf
core   0: 3 0x800057e8 (0x95fbfd17) x26 0x15fc47e8
core   0: 0x800057ec (0x02a88263) beq     a7, a0, pc + 36
core   0: 3 0x800057ec (0x02a88263)
core   0: 0x800057f0 (0x01a66db3) or      s11, a2, s10
core   0: 3 0x800057f0 (0x01a66db3) x27 0x95feeff8
core   0: 0x800057f4 (0x406bd9b3) sra     s3, s7, t1
core   0: 3 0x800057f4 (0x406bd9b3) x19 0x00000000
core   0: 0x800057f8 (0x00118ab3) add     s5, gp, ra
core   0: 3 0x800057f8 (0x00118ab3) x21 0x00000001
core   0: 0x800057fc (0x00635833) srl     a6, t1, t1
core   0: 3 0x800057fc (0x00635833) x16 0x00000080
core   0: 0x80005800 (0x00214bb3) xor     s7, sp, sp
core   0: 3 0x80005800 (0x00214bb3) x23 0x00000000
core   0: 0x80005804 (0x02d15a63) bge     sp, a3, pc + 52
core   0: 3 0x80005804 (0x02d15a63)
core   0: 0x80005808 (0x00d01793) slli    a5, zero, 13
core   0: 3 0x80005808 (0x00d01793) x15 0x00000000
core   0: 0x8000580c (0xca596537) lui     a0, 0xca596
core   0: 3 0x8000580c (0xca596537) x10 0xca596000
core   0: 0x80005810 (0xf16d4413) xori    s0, s10, -234
core   0: 3 0x80005810 (0xf16d4413) x 8 0xea03b8fe
core   0: 0x80005814 (0xaf22f413) andi    s0, t0, -1294
core   0: 3 0x80005814 (0xaf22f413) x 8 0x00000040
core   0: 0x80005818 (0x00000013) nop
core   0: 3 0x80005818 (0x00000013)
core   0: 0x8000581c (0x6f447313) andi    t1, s0, 1780
core   0: 3 0x8000581c (0x6f447313) x 6 0x00000040
core   0: 0x80005820 (0x01bd7c33) and     s8, s10, s11
core   0: 3 0x80005820 (0x01bd7c33) x24 0x15fc47e8
core   0: 0x80005824 (0x0ff0000f) fence   iorw,iorw
core   0: 3 0x80005824 (0x0ff0000f)
core   0: 0x80005828 (0x415157b3) sra     a5, sp, s5
core   0: 3 0x80005828 (0x415157b3) x15 0xc0017672
core   0: 0x8000582c (0x41dad893) srai    a7, s5, 29
core   0: 3 0x8000582c (0x41dad893) x17 0x00000000
core   0: 0x80005830 (0x00e2d463) bge     t0, a4, pc + 8
core   0: 3 0x80005830 (0x00e2d463)
core   0: 0x80005834 (0x01187a33) and     s4, a6, a7
core   0: 3 0x80005834 (0x01187a33) x20 0x00000000
core   0: 0x80005838 (0x00000013) nop
core   0: 3 0x80005838 (0x00000013)
core   0: 0x8000583c (0xa8c67193) andi    gp, a2, -1396
core   0: 3 0x8000583c (0xa8c67193) x 3 0x8002aa00
core   0: 0x80005840 (0x03a58263) beq     a1, s10, pc + 36
core   0: 3 0x80005840 (0x03a58263)
core   0: 0x80005844 (0x0000100f) fence.i
core   0: 3 0x80005844 (0x0000100f)
core   0: 0x80005848 (0xa85dfe93) andi    t4, s11, -1403
core   0: 3 0x80005848 (0xa85dfe93) x29 0x95feea80
core   0: 0x8000584c (0xfb0ca913) slti    s2, s9, -80
core   0: 3 0x8000584c (0xfb0ca913) x18 0x00000001
core   0: 0x80005850 (0x01e56033) or      zero, a0, t5
core   0: 3 0x80005850 (0x01e56033)
core   0: 0x80005854 (0x00777433) and     s0, a4, t2
core   0: 3 0x80005854 (0x00777433) x 8 0x03800000
core   0: 0x80005858 (0x48139197) auipc   gp, 0x48139
core   0: 3 0x80005858 (0x48139197) x 3 0xc813e858
core   0: 0x8000585c (0x01299233) sll     tp, s3, s2
core   0: 3 0x8000585c (0x01299233) x 4 0x00000000
core   0: 0x80005860 (0x0152ea63) bltu    t0, s5, pc + 20
core   0: 3 0x80005860 (0x0152ea63)
core   0: 0x80005864 (0xdeb9a793) slti    a5, s3, -533
core   0: 3 0x80005864 (0xdeb9a793) x15 0x00000000
core   0: 0x80005868 (0x00d99a63) bne     s3, a3, pc + 20
core   0: 3 0x80005868 (0x00d99a63)
core   0: 0x8000586c (0x01818433) add     s0, gp, s8
core   0: 3 0x8000586c (0x01818433) x 8 0xde103040
core   0: 0x80005870 (0x00caf863) bgeu    s5, a2, pc + 16
core   0: 3 0x80005870 (0x00caf863)
core   0: 0x80005874 (0x007943b3) xor     t2, s2, t2
core   0: 3 0x80005874 (0x007943b3) x 7 0xfffffeb8
core   0: 0x80005878 (0x0000100f) fence.i
core   0: 3 0x80005878 (0x0000100f)
core   0: 0x8000587c (0x0331de63) bge     gp, s3, pc + 60
core   0: 3 0x8000587c (0x0331de63)
core   0: 0x80005880 (0x0518f463) bgeu    a7, a7, pc + 72
core   0: 3 0x80005880 (0x0518f463)
core   0: 0x800058c8 (0x003cef33) or      t5, s9, gp
core   0: 3 0x800058c8 (0x003cef33) x30 0xe973fef8
core   0: 0x800058cc (0x02580863) beq     a6, t0, pc + 48
core   0: 3 0x800058cc (0x02580863)
core   0: 0x800058d0 (0x019b3033) sltu    zero, s6, s9
core   0: 3 0x800058d0 (0x019b3033)
core   0: 0x800058d4 (0x00787263) bgeu    a6, t2, pc + 4
core   0: 3 0x800058d4 (0x00787263)
core   0: 0x800058d8 (0x0ff0000f) fence   iorw,iorw
core   0: 3 0x800058d8 (0x0ff0000f)
core   0: 0x800058dc (0x012492b3) sll     t0, s1, s2
core   0: 3 0x800058dc (0x012492b3) x 5 0x0002af2a
core   0: 0x800058e0 (0x40a28a33) sub     s4, t0, a0
core   0: 3 0x800058e0 (0x40a28a33) x20 0x35a94f2a
core   0: 0x800058e4 (0x01e2ecb3) or      s9, t0, t5
core   0: 3 0x800058e4 (0x01e2ecb3) x25 0xe973fffa
core   0: 0x800058e8 (0x1e624217) auipc   tp, 0x1e624
core   0: 3 0x800058e8 (0x1e624217) x 4 0x9e6298e8
core   0: 0x800058ec (0xe462fc13) andi    s8, t0, -442
core   0: 3 0x800058ec (0xe462fc13) x24 0x0002ae02
core   0: 0x800058f0 (0x041f1863) bne     t5, ra, pc + 80
core   0: 3 0x800058f0 (0x041f1863)
core   0: 0x80005940 (0x0ff0000f) fence   iorw,iorw
core   0: 3 0x80005940 (0x0ff0000f)
core   0: 0x80005944 (0x007bebb3) or      s7, s7, t2
core   0: 3 0x80005944 (0x007bebb3) x23 0xfffffeb8
core   0: 0x80005948 (0x006356b3) srl     a3, t1, t1
core   0: 3 0x80005948 (0x006356b3) x13 0x00000040
core   0: 0x8000594c (0x005f1e33) sll     t3, t5, t0
core   0: 3 0x8000594c (0x005f1e33) x28 0xcffbe000
core   0: 0x80005950 (0xb8f66e13) ori     t3, a2, -1137
core   0: 3 0x80005950 (0xb8f66e13) x28 0xffffffbf
core   0: 0x80005954 (0x02a37663) bgeu    t1, a0, pc + 44
core   0: 3 0x80005954 (0x02a37663)
core   0: 0x80005958 (0x002331b3) sltu    gp, t1, sp
core   0: 3 0x80005958 (0x002331b3) x 3 0x00000001
core   0: 0x8000595c (0x404852b3) sra     t0, a6, tp
core   0: 3 0x8000595c (0x404852b3) x 5 0x00000000
core   0: 0x80005960 (0x7cd62a13) slti    s4, a2, 1997
core   0: 3 0x80005960 (0x7cd62a13) x20 0x00000001
core   0: 0x80005964 (0x009641b3) xor     gp, a2, s1
core   0: 3 0x80005964 (0x009641b3) x 3 0x0003f9a5
core   0: 0x80005968 (0x005bd233) srl     tp, s7, t0
core   0: 3 0x80005968 (0x005bd233) x 4 0xfffffeb8
core   0: 0x8000596c (0x408f5533) sra     a0, t5, s0
core   0: 3 0x8000596c (0x408f5533) x10 0xe973fef8
core   0: 0x80005970 (0x923b41b7) lui     gp, 0x923b4
core   0: 3 0x80005970 (0x923b41b7) x 3 0x923b4000
core   0: 0x80005974 (0x05f77863) bgeu    a4, t6, pc + 80
core   0: 3 0x80005974 (0x05f77863)
core   0: 0x80005978 (0x1aed8513) addi    a0, s11, 430
core   0: 3 0x80005978 (0x1aed8513) x10 0x95fef1a6
core   0: 0x8000597c (0xe1f14c13) xori    s8, sp, -481
core   0: 3 0x8000597c (0xe1f14c13) x24 0x7ffd12fb
core   0: 0x80005980 (0xa210fe93) andi    t4, ra, -1503
core   0: 3 0x80005980 (0xa210fe93) x29 0x00000000
core   0: 0x80005984 (0x01baedb3) or      s11, s5, s11
core   0: 3 0x80005984 (0x01baedb3) x27 0x95feeff9
core   0: 0x80005988 (0xc2da4b13) xori    s6, s4, -979
core   0: 3 0x80005988 (0xc2da4b13) x22 0xfffffc2c
core   0: 0x8000598c (0x01c76933) or      s2, a4, t3
core   0: 3 0x8000598c (0x01c76933) x18 0xffffffbf
core   0: 0x80005990 (0x02635263) bge     t1, t1, pc + 36
core   0: 3 0x80005990 (0x02635263)
core   0: 0x800059b4 (0xe812a393) slti    t2, t0, -383
core   0: 3 0x800059b4 (0xe812a393) x 7 0x00000000
core   0: 0x800059b8 (0x00000013) nop
core   0: 3 0x800059b8 (0x00000013)
core   0: 0x800059bc (0x0000100f) fence.i
core   0: 3 0x800059bc (0x0000100f)
core   0: 0x800059c0 (0x016b1a33) sll     s4, s6, s6
core   0: 3 0x800059c0 (0x016b1a33) x20 0xffc2c000
core   0: 0x800059c4 (0x0043d933) srl     s2, t2, tp
core   0: 3 0x800059c4 (0x0043d933) x18 0x00000000
core   0: 0x800059c8 (0x40fc88b3) sub     a7, s9, a5
core   0: 3 0x800059c8 (0x40fc88b3) x17 0xe973fffa
core   0: 0x800059cc (0x016b21b3) slt     gp, s6, s6
core   0: 3 0x800059cc (0x016b21b3) x 3 0x00000000
core   0: 0x800059d0 (0x009db933) sltu    s2, s11, s1
core   0: 3 0x800059d0 (0x009db933) x18 0x00000000
core   0: 0x800059d4 (0x85a5e397) auipc   t2, 0x85a5e
core   0: 3 0x800059d4 (0x85a5e397) x 7 0x05a639d4
core   0: 0x800059d8 (0x006a68b3) or      a7, s4, t1
core   0: 3 0x800059d8 (0x006a68b3) x17 0xffc2c040
core   0: 0x800059dc (0xf3c6ec17) auipc   s8, 0xf3c6e
core   0: 3 0x800059dc (0xf3c6ec17) x24 0x73c739dc
core   0: 0x800059e0 (0x0e9f7663) bgeu    t5, s1, pc + 236
core   0: 3 0x800059e0 (0x0e9f7663)
core   0: 0x80005acc (0x00d51463) bne     a0, a3, pc + 8
core   0: 3 0x80005acc (0x00d51463)
core   0: 0x80005ad4 (0x03a7c263) blt     a5, s10, pc + 36
core   0: 3 0x80005ad4 (0x03a7c263)
core   0: 0x80005af8 (0x00000013) nop
core   0: 3 0x80005af8 (0x00000013)
core   0: 0x80005afc (0x0ff0000f) fence   iorw,iorw
core   0: 3 0x80005afc (0x0ff0000f)
core   0: 0x80005b00 (0x01c63533) sltu    a0, a2, t3
core   0: 3 0x80005b00 (0x01c63533) x10 0x00000001
core   0: 0x80005b04 (0x4173d233) sra     tp, t2, s7
core   0: 3 0x80005b04 (0x4173d233) x 4 0x00000005
core   0: 0x80005b08 (0x016fc933) xor     s2, t6, s6
core   0: 3 0x80005b08 (0x016fc933) x18 0x000003ca
core   0: 0x80005b0c (0x026a9e63) bne     s5, t1, pc + 60
core   0: 3 0x80005b0c (0x026a9e63)
core   0: 0x80005b48 (0x006c6863) bltu    s8, t1, pc + 16
core   0: 3 0x80005b48 (0x006c6863)
core   0: 0x80005b4c (0x000330b3) sltu    ra, t1, zero
core   0: 3 0x80005b4c (0x000330b3) x 1 0x00000000
core   0: 0x80005b50 (0xba853b13) sltiu   s6, a0, -1112
core   0: 3 0x80005b50 (0xba853b13) x22 0x00000001
core   0: 0x80005b54 (0x01821c63) bne     tp, s8, pc + 24
core   0: 3 0x80005b54 (0x01821c63)
core   0: 0x80005b6c (0x40e7db33) sra     s6, a5, a4
core   0: 3 0x80005b6c (0x40e7db33) x22 0x00000000
core   0: 0x80005b70 (0x015b76b3) and     a3, s6, s5
core   0: 3 0x80005b70 (0x015b76b3) x13 0x00000000
core   0: 0x80005b74 (0x018a9d33) sll     s10, s5, s8
core   0: 3 0x80005b74 (0x018a9d33) x26 0x10000000
core   0: 0x80005b78 (0x401ed913) srai    s2, t4, 1
core   0: 3 0x80005b78 (0x401ed913) x18 0x00000000
core   0: 0x80005b7c (0x0243cc63) blt     t2, tp, pc + 56
core   0: 3 0x80005b7c (0x0243cc63)
core   0: 0x80005b80 (0x01b4a3b3) slt     t2, s1, s11
core   0: 3 0x80005b80 (0x01b4a3b3) x 7 0x00000001
core   0: 0x80005b84 (0x00000013) nop
core   0: 3 0x80005b84 (0x00000013)
core   0: 0x80005b88 (0x3437ed93) ori     s11, a5, 835
core   0: 3 0x80005b88 (0x3437ed93) x27 0x00000343
core   0: 0x80005b8c (0x0ff0000f) fence   iorw,iorw
core   0: 3 0x80005b8c (0x0ff0000f)
core   0: 0x80005b90 (0x3c573c13) sltiu   s8, a4, 965
core   0: 3 0x80005b90 (0x3c573c13) x24 0x00000000
core   0: 0x80005b94 (0x1c032893) slti    a7, t1, 448
core   0: 3 0x80005b94 (0x1c032893) x17 0x00000001
core   0: 0x80005b98 (0x00868a63) beq     a3, s0, pc + 20
core   0: 3 0x80005b98 (0x00868a63)
core   0: 0x80005b9c (0x50a49497) auipc   s1, 0x50a49
core   0: 3 0x80005b9c (0x50a49497) x 9 0xd0a4eb9c
core   0: 0x80005ba0 (0x05868463) beq     a3, s8, pc + 72
core   0: 3 0x80005ba0 (0x05868463)
core   0: 0x80005be8 (0x00009433) sll     s0, ra, zero
core   0: 3 0x80005be8 (0x00009433) x 8 0x00000000
core   0: 0x80005bec (0x0103d1b3) srl     gp, t2, a6
core   0: 3 0x80005bec (0x0103d1b3) x 3 0x00000001
core   0: 0x80005bf0 (0x0154ab33) slt     s6, s1, s5
core   0: 3 0x80005bf0 (0x0154ab33) x22 0x00000001
core   0: 0x80005bf4 (0x41df5a13) srai    s4, t5, 29
core   0: 3 0x80005bf4 (0x41df5a13) x20 0xffffffff
core   0: 0x80005bf8 (0x38c9f913) andi    s2, s3, 908
core   0: 3 0x80005bf8 (0x38c9f913) x18 0x00000000
core   0: 0x80005bfc (0x04a28663) beq     t0, a0, pc + 76
core   0: 3 0x80005bfc (0x04a28663)
core   0: 0x80005c00 (0x8c4792b7) lui     t0, 0x8c479
core   0: 3 0x80005c00 (0x8c4792b7) x 5 0x8c479000
core   0: 0x80005c04 (0x009b2033) slt     zero, s6, s1
core   0: 3 0x80005c04 (0x009b2033)
core   0: 0x80005c08 (0x41290db3) sub     s11, s2, s2
core   0: 3 0x80005c08 (0x41290db3) x27 0x00000000
core   0: 0x80005c0c (0xc6274913) xori    s2, a4, -926
core   0: 3 0x80005c0c (0xc6274913) x18 0xfc7ffc62
core   0: 0x80005c10 (0xb5f07f93) andi    t6, zero, -1185
core   0: 3 0x80005c10 (0xb5f07f93) x31 0x00000000
core   0: 0x80005c14 (0x55a22893) slti    a7, tp, 1370
core   0: 3 0x80005c14 (0x55a22893) x17 0x00000001
core   0: 0x80005c18 (0x03c8e663) bltu    a7, t3, pc + 44
core   0: 3 0x80005c18 (0x03c8e663)
core   0: 0x80005c44 (0x01161863) bne     a2, a7, pc + 16
core   0: 3 0x80005c44 (0x01161863)
core   0: 0x80005c54 (0x0000100f) fence.i
core   0: 3 0x80005c54 (0x0000100f)
core   0: 0x80005c58 (0x017f4463) blt     t5, s7, pc + 8
core   0: 3 0x80005c58 (0x017f4463)
core   0: 0x80005c60 (0x401a0333) sub     t1, s4, ra
core   0: 3 0x80005c60 (0x401a0333) x 6 0xffffffff
core   0: 0x80005c64 (0x20c36313) ori     t1, t1, 524
core   0: 3 0x80005c64 (0x20c36313) x 6 0xffffffff
core   0: 0x80005c68 (0x2ca1a737) lui     a4, 0x2ca1a
core   0: 3 0x80005c68 (0x2ca1a737) x14 0x2ca1a000
core   0: 0x80005c6c (0x00000013) nop
core   0: 3 0x80005c6c (0x00000013)
core   0: 0x80005c70 (0x0132eb33) or      s6, t0, s3
core   0: 3 0x80005c70 (0x0132eb33) x22 0x8c479000
core   0: 0x80005c74 (0x03441e63) bne     s0, s4, pc + 60
core   0: 3 0x80005c74 (0x03441e63)
core   0: 0x80005cb0 (0x41468cb3) sub     s9, a3, s4
core   0: 3 0x80005cb0 (0x41468cb3) x25 0x00000001
core   0: 0x80005cb4 (0x017cdcb3) srl     s9, s9, s7
core   0: 3 0x80005cb4 (0x017cdcb3) x25 0x00000000
core   0: 0x80005cb8 (0x0068f833) and     a6, a7, t1
core   0: 3 0x80005cb8 (0x0068f833) x16 0x00000001
core   0: 0x80005cbc (0x0ff0000f) fence   iorw,iorw
core   0: 3 0x80005cbc (0x0ff0000f)
core   0: 0x80005cc0 (0x0000100f) fence.i
core   0: 3 0x80005cc0 (0x0000100f)
core   0: 0x80005cc4 (0x90806d93) ori     s11, zero, -1784
core   0: 3 0x80005cc4 (0x90806d93) x27 0xfffff908
core   0: 0x80005cc8 (0x00001417) auipc   s0, 0x1
core   0: 3 0x80005cc8 (0x00001417) x 8 0x80006cc8
core   0: 0x80005ccc (0xfac40413) addi    s0, s0, -84
core   0: 3 0x80005ccc (0xfac40413) x 8 0x80006c74
core   0: 0x80005cd0 (0x012a9033) sll     zero, s5, s2
core   0: 3 0x80005cd0 (0x012a9033)
core   0: 0x80005cd4 (0xde840413) addi    s0, s0, -536
core   0: 3 0x80005cd4 (0xde840413) x 8 0x80006a5c
core   0: 0x80005cd8 (0x93be6013) ori     zero, t3, -1733
core   0: 3 0x80005cd8 (0x93be6013)
core   0: 0x80005cdc (0x41c950b3) sra     ra, s2, t3
core   0: 3 0x80005cdc (0x41c950b3) x 1 0xffffffff
core   0: 0x80005ce0 (0x218402e7) jalr    t0, s0, 536
core   0: 3 0x80005ce0 (0x218402e7) x 5 0x80005ce4
core   0: 0x80006c74 (0xfd460613) addi    a2, a2, -44
core   0: 3 0x80006c74 (0xfd460613) x12 0x8002ae04
core   0: 0x80006c78 (0x7fd6f493) andi    s1, a3, 2045
core   0: 3 0x80006c78 (0x7fd6f493) x 9 0x00000000
core   0: 0x80006c7c (0x00562223) sw      t0, 4(a2)
core   0: 3 0x80006c7c (0x00562223) mem 0x8002ae08 0x80005ce4
core   0: 0x80006c80 (0x41920ab3) sub     s5, tp, s9
core   0: 3 0x80006c80 (0x41920ab3) x21 0x00000005
core   0: 0x80006c84 (0xffc76813) ori     a6, a4, -4
core   0: 3 0x80006c84 (0xffc76813) x16 0xfffffffc
core   0: 0x80006c88 (0x011999b3) sll     s3, s3, a7
core   0: 3 0x80006c88 (0x011999b3) x19 0x00000000
core   0: 0x80006c8c (0x1687b517) auipc   a0, 0x1687b
core   0: 3 0x80006c8c (0x1687b517) x10 0x96881c8c
core   0: 0x80006c90 (0x0001e297) auipc   t0, 0x1e
core   0: 3 0x80006c90 (0x0001e297) x 5 0x80024c90
core   0: 0x80006c94 (0xa3d28293) addi    t0, t0, -1475
core   0: 3 0x80006c94 (0xa3d28293) x 5 0x800246cd
core   0: 0x80006c98 (0x0ff0000f) fence   iorw,iorw
core   0: 3 0x80006c98 (0x0ff0000f)
core   0: 0x80006c9c (0xff328b03) lb      s6, -13(t0)
core   0: 3 0x80006c9c (0xff328b03) x22 0x0000007b mem 0x800246c0
core   0: 0x80006ca0 (0xff529803) lh      a6, -11(t0)
core   0: 3 0x80006ca0 (0xff529803) x16 0x00007879 mem 0x800246c2
core   0: 0x80006ca4 (0x00c2c683) lbu     a3, 12(t0)
core   0: 3 0x80006ca4 (0x00c2c683) x13 0x00000092 mem 0x800246d9
core   0: 0x80006ca8 (0xff62c003) lbu     zero, -10(t0)
core   0: 3 0x80006ca8 (0xff62c003) mem 0x800246c3
core   0: 0x80006cac (0xff72aa03) lw      s4, -9(t0)
core   0: 3 0x80006cac (0xff72aa03) x20 0x7c7d7e7f mem 0x800246c4
core   0: 0x80006cb0 (0x00644d33) xor     s10, s0, t1
core   0: 3 0x80006cb0 (0x00644d33) x26 0x7fff95a3
core   0: 0x80006cb4 (0xaac72e13) slti    t3, a4, -1364
core   0: 3 0x80006cb4 (0xaac72e13) x28 0x00000000
core   0: 0x80006cb8 (0x00b2d483) lhu     s1, 11(t0)
core   0: 3 0x80006cb8 (0x00b2d483) x 9 0x00009293 mem 0x800246d8
core   0: 0x80006cbc (0x418d8ab3) sub     s5, s11, s8
core   0: 3 0x80006cbc (0x418d8ab3) x21 0xfffff908
core   0: 0x80006cc0 (0xe2b906b7) lui     a3, 0xe2b90
core   0: 3 0x80006cc0 (0xe2b906b7) x13 0xe2b90000
core   0: 0x80006cc4 (0x0022ca03) lbu     s4, 2(t0)
core   0: 3 0x80006cc4 (0x0022ca03) x20 0x00000084 mem 0x800246cf
core   0: 0x80006cc8 (0x0022c203) lbu     tp, 2(t0)
core   0: 3 0x80006cc8 (0x0022c203) x 4 0x00000084 mem 0x800246cf
core   0: 0x80006ccc (0x0022cc03) lbu     s8, 2(t0)
core   0: 3 0x80006ccc (0x0022cc03) x24 0x00000084 mem 0x800246cf
core   0: 0x80006cd0 (0x32e62b13) slti    s6, a2, 814
core   0: 3 0x80006cd0 (0x32e62b13) x22 0x00000001
core   0: 0x80006cd4 (0xff428f03) lb      t5, -12(t0)
core   0: 3 0x80006cd4 (0xff428f03) x30 0x0000007a mem 0x800246c1
core   0: 0x80006cd8 (0x0000f197) auipc   gp, 0xf
core   0: 3 0x80006cd8 (0x0000f197) x 3 0x80015cd8
core   0: 0x80006cdc (0xb9018193) addi    gp, gp, -1136
core   0: 3 0x80006cdc (0xb9018193) x 3 0x80015868
core   0: 0x80006ce0 (0x41285433) sra     s0, a6, s2
core   0: 3 0x80006ce0 (0x41285433) x 8 0x00001e1e
core   0: 0x80006ce4 (0xfee1c783) lbu     a5, -18(gp)
core   0: 3 0x80006ce4 (0xfee1c783) x15 0x0000000d mem 0x80015856
core   0: 0x80006ce8 (0xe07e2293) slti    t0, t3, -505
core   0: 3 0x80006ce8 (0xe07e2293) x 5 0x00000000
core   0: 0x80006cec (0xfee1c983) lbu     s3, -18(gp)
core   0: 3 0x80006cec (0xfee1c983) x19 0x0000000d mem 0x80015856
core   0: 0x80006cf0 (0xfee1c383) lbu     t2, -18(gp)
core   0: 3 0x80006cf0 (0xfee1c383) x 7 0x0000000d mem 0x80015856
core   0: 0x80006cf4 (0xfee19b03) lh      s6, -18(gp)
core   0: 3 0x80006cf4 (0xfee19b03) x22 0x00000c0d mem 0x80015856
core   0: 0x80006cf8 (0x0a71c483) lbu     s1, 167(gp)
core   0: 3 0x80006cf8 (0x0a71c483) x 9 0x000000c4 mem 0x8001590f
core   0: 0x80006cfc (0x0a718b03) lb      s6, 167(gp)
core   0: 3 0x80006cfc (0x0a718b03) x22 0xffffffc4 mem 0x8001590f
core   0: 0x80006d00 (0x4111d813) srai    a6, gp, 17
core   0: 3 0x80006d00 (0x4111d813) x16 0xffffc000
core   0: 0x80006d04 (0x01bb29b3) slt     s3, s6, s11
core   0: 3 0x80006d04 (0x01bb29b3) x19 0x00000000
core   0: 0x80006d08 (0x0a71cf03) lbu     t5, 167(gp)
core   0: 3 0x80006d08 (0x0a71cf03) x30 0x000000c4 mem 0x8001590f
core   0: 0x80006d0c (0x0a718a03) lb      s4, 167(gp)
core   0: 3 0x80006d0c (0x0a718a03) x20 0xffffffc4 mem 0x8001590f
core   0: 0x80006d10 (0x0a71cc83) lbu     s9, 167(gp)
core   0: 3 0x80006d10 (0x0a71cc83) x25 0x000000c4 mem 0x8001590f
core   0: 0x80006d14 (0x0a718d83) lb      s11, 167(gp)
core   0: 3 0x80006d14 (0x0a718d83) x27 0xffffffc4 mem 0x8001590f
core   0: 0x80006d18 (0x01845713) srli    a4, s0, 24
core   0: 3 0x80006d18 (0x01845713) x14 0x00000000
core   0: 0x80006d1c (0x0a718c83) lb      s9, 167(gp)
core   0: 3 0x80006d1c (0x0a718c83) x25 0xffffffc4 mem 0x8001590f
core   0: 0x80006d20 (0x0a71cd03) lbu     s10, 167(gp)
core   0: 3 0x80006d20 (0x0a71cd03) x26 0x000000c4 mem 0x8001590f
core   0: 0x80006d24 (0x7a2e7a97) auipc   s5, 0x7a2e7
core   0: 3 0x80006d24 (0x7a2e7a97) x21 0xfa2edd24
core   0: 0x80006d28 (0x0a71c483) lbu     s1, 167(gp)
core   0: 3 0x80006d28 (0x0a71c483) x 9 0x000000c4 mem 0x8001590f
core   0: 0x80006d2c (0x0ca1d903) lhu     s2, 202(gp)
core   0: 3 0x80006d2c (0x0ca1d903) x18 0x0000e8de mem 0x80015932
core   0: 0x80006d30 (0x0e718a03) lb      s4, 231(gp)
core   0: 3 0x80006d30 (0x0e718a03) x20 0x00000004 mem 0x8001594f
core   0: 0x80006d34 (0x0e3183a3) sb      gp, 231(gp)
core   0: 3 0x80006d34 (0x0e3183a3) mem 0x8001594f 0x68
core   0: 0x80006d38 (0x0e718a03) lb      s4, 231(gp)
core   0: 3 0x80006d38 (0x0e718a03) x20 0x00000068 mem 0x8001594f
core   0: 0x80006d3c (0x0000fb97) auipc   s7, 0xf
core   0: 3 0x80006d3c (0x0000fb97) x23 0x80015d3c
core   0: 0x80006d40 (0xbfab8b93) addi    s7, s7, -1030
core   0: 3 0x80006d40 (0xbfab8b93) x23 0x80015936
core   0: 0x80006d44 (0x8bdb8083) lb      ra, -1859(s7)
core   0: 3 0x80006d44 (0x8bdb8083) x 1 0x00000000 mem 0x800151f3
core   0: 0x80006d48 (0x0000fc97) auipc   s9, 0xf
core   0: 3 0x80006d48 (0x0000fc97) x25 0x80015d48
core   0: 0x80006d4c (0xec9c8c93) addi    s9, s9, -311
core   0: 3 0x80006d4c (0xec9c8c93) x25 0x80015c11
core   0: 0x80006d50 (0x0000e517) auipc   a0, 0xe
core   0: 3 0x80006d50 (0x0000e517) x10 0x80014d50
core   0: 0x80006d54 (0x4df50513) addi    a0, a0, 1247
core   0: 3 0x80006d54 (0x4df50513) x10 0x8001522f
core   0: 0x80006d58 (0x03f55483) lhu     s1, 63(a0)
core   0: 3 0x80006d58 (0x03f55483) x 9 0x00002425 mem 0x8001526e
core   0: 0x80006d5c (0xfffc8803) lb      a6, -1(s9)
core   0: 3 0x80006d5c (0xfffc8803) x16 0xffffffcb mem 0x80015c10
core   0: 0x80006d60 (0x01dcc483) lbu     s1, 29(s9)
core   0: 3 0x80006d60 (0x01dcc483) x 9 0x000000e5 mem 0x80015c2e
core   0: 0x80006d64 (0x03abad03) lw      s10, 58(s7)
core   0: 3 0x80006d64 (0x03abad03) x26 0x00552a2b mem 0x80015970
core   0: 0x80006d68 (0x037517a3) sh      s7, 47(a0)
core   0: 3 0x80006d68 (0x037517a3) mem 0x8001525e 0x5936
core   0: 0x80006d6c (0xf27b8d03) lb      s10, -217(s7)
core   0: 3 0x80006d6c (0xf27b8d03) x26 0x00000016 mem 0x8001585d
core   0: 0x80006d70 (0x00954403) lbu     s0, 9(a0)
core   0: 3 0x80006d70 (0x00954403) x 8 0x000000f3 mem 0x80015238
core   0: 0x80006d74 (0x01fcd183) lhu     gp, 31(s9)
core   0: 3 0x80006d74 (0x01fcd183) x 3 0x0000eaeb mem 0x80015c30
core   0: 0x80006d78 (0x0000ee97) auipc   t4, 0xe
core   0: 3 0x80006d78 (0x0000ee97) x29 0x80014d78
core   0: 0x80006d7c (0x70ce8e93) addi    t4, t4, 1804
core   0: 3 0x80006d7c (0x70ce8e93) x29 0x80015484
core   0: 0x80006d80 (0xffdc9b03) lh      s6, -3(s9)
core   0: 3 0x80006d80 (0xffdc9b03) x22 0xffffc4c5 mem 0x80015c0e
core   0: 0x80006d84 (0x772e8383) lb      t2, 1906(t4)
core   0: 3 0x80006d84 (0x772e8383) x 7 0xffffffad mem 0x80015bf6
core   0: 0x80006d88 (0x9a1bc183) lbu     gp, -1631(s7)
core   0: 3 0x80006d88 (0x9a1bc183) x 3 0x0000008c mem 0x800152d7
core   0: 0x80006d8c (0x6dee8483) lb      s1, 1758(t4)
core   0: 3 0x80006d8c (0x6dee8483) x 9 0x00000019 mem 0x80015b62
core   0: 0x80006d90 (0x3beb8623) sb      t5, 940(s7)
core   0: 3 0x80006d90 (0x3beb8623) mem 0x80015ce2 0xc4
core   0: 0x80006d94 (0x02750183) lb      gp, 39(a0)
core   0: 3 0x80006d94 (0x02750183) x 3 0x0000000d mem 0x80015256
core   0: 0x80006d98 (0x587e8ba3) sb      t2, 1431(t4)
core   0: 3 0x80006d98 (0x587e8ba3) mem 0x80015a1b 0xad
core   0: 0x80006d9c (0x023c9d03) lh      s10, 35(s9)
core   0: 3 0x80006d9c (0x023c9d03) x26 0xffffeeef mem 0x80015c34
core   0: 0x80006da0 (0xfc150b23) sb      ra, -42(a0)
core   0: 3 0x80006da0 (0xfc150b23) mem 0x80015205 0x0
core   0: 0x80006da4 (0x2b5ec703) lbu     a4, 693(t4)
core   0: 3 0x80006da4 (0x2b5ec703) x14 0x000000f2 mem 0x80015739
core   0: 0x80006da8 (0x6b0e9823) sh      a6, 1712(t4)
core   0: 3 0x80006da8 (0x6b0e9823) mem 0x80015b34 0xffcb
core   0: 0x80006dac (0x010c90a3) sh      a6, 1(s9)
core   0: 3 0x80006dac (0x010c90a3) mem 0x80015c12 0xffcb
core   0: 0x80006db0 (0xda5e8d23) sb      t0, -582(t4)
core   0: 3 0x80006db0 (0xda5e8d23) mem 0x8001523e 0x0
core   0: 0x80006db4 (0xd6dba523) sw      a3, -662(s7)
core   0: 3 0x80006db4 (0xd6dba523) mem 0x800156a0 0xe2b90000
core   0: 0x80006db8 (0x00bc8423) sb      a1, 8(s9)
core   0: 3 0x80006db8 (0x00bc8423) mem 0x80015c19 0x0
core   0: 0x80006dbc (0x038c8083) lb      ra, 56(s9)
core   0: 3 0x80006dbc (0x038c8083) x 1 0x00000002 mem 0x80015c49
core   0: 0x80006dc0 (0x922bc203) lbu     tp, -1758(s7)
core   0: 3 0x80006dc0 (0x922bc203) x 4 0x000000b2 mem 0x80015258
core   0: 0x80006dc4 (0x0000f317) auipc   t1, 0xf
core   0: 3 0x80006dc4 (0x0000f317) x 6 0x80015dc4
core   0: 0x80006dc8 (0xe1830313) addi    t1, t1, -488
core   0: 3 0x80006dc8 (0xe1830313) x 6 0x80015bdc
core   0: 0x80006dcc (0xf8830ba3) sb      s0, -105(t1)
core   0: 3 0x80006dcc (0xf8830ba3) mem 0x80015b73 0xf3
core   0: 0x80006dd0 (0x1ac90813) addi    a6, s2, 428
core   0: 3 0x80006dd0 (0x1ac90813) x16 0x0000ea8a
core   0: 0x80006dd4 (0x016b4433) xor     s0, s6, s6
core   0: 3 0x80006dd4 (0x016b4433) x 8 0x00000000
core   0: 0x80006dd8 (0x04130fa3) sb      ra, 95(t1)
core   0: 3 0x80006dd8 (0x04130fa3) mem 0x80015c3b 0x2
core   0: 0x80006ddc (0x0000100f) fence.i
core   0: 3 0x80006ddc (0x0000100f)
core   0: 0x80006de0 (0x01017833) and     a6, sp, a6
core   0: 3 0x80006de0 (0x01017833) x16 0x0000e880
core   0: 0x80006de4 (0xfbc34883) lbu     a7, -68(t1)
core   0: 3 0x80006de4 (0xfbc34883) x17 0x00000053 mem 0x80015b98
core   0: 0x80006de8 (0x00c51913) slli    s2, a0, 12
core   0: 3 0x80006de8 (0x00c51913) x18 0x1522f000
core   0: 0x80006dec (0x40edd513) srai    a0, s11, 14
core   0: 3 0x80006dec (0x40edd513) x10 0xffffffff
core   0: 0x80006df0 (0x0e930fa3) sb      s1, 255(t1)
core   0: 3 0x80006df0 (0x0e930fa3) mem 0x80015cdb 0x19
core   0: 0x80006df4 (0x0010b9b3) sltu    s3, ra, ra
core   0: 3 0x80006df4 (0x0010b9b3) x19 0x00000000
core   0: 0x80006df8 (0xf4934003) lbu     zero, -183(t1)
core   0: 3 0x80006df8 (0xf4934003) mem 0x80015b25
core   0: 0x80006dfc (0x0a130903) lb      s2, 161(t1)
core   0: 3 0x80006dfc (0x0a130903) x18 0x00000036 mem 0x80015c7d
core   0: 0x80006e00 (0xf0a34283) lbu     t0, -246(t1)
core   0: 3 0x80006e00 (0xf0a34283) x 5 0x0000009d mem 0x80015ae6
core   0: 0x80006e04 (0x0b530183) lb      gp, 181(t1)
core   0: 3 0x80006e04 (0x0b530183) x 3 0x0000004a mem 0x80015c91
core   0: 0x80006e08 (0x05134003) lbu     zero, 81(t1)
core   0: 3 0x80006e08 (0x05134003) mem 0x80015c2d
core   0: 0x80006e0c (0x0000100f) fence.i
core   0: 3 0x80006e0c (0x0000100f)
core   0: 0x80006e10 (0x01a1a033) slt     zero, gp, s10
core   0: 3 0x80006e10 (0x01a1a033)
core   0: 0x80006e14 (0x01db2bb3) slt     s7, s6, t4
core   0: 3 0x80006e14 (0x01db2bb3) x23 0x00000000
core   0: 0x80006e18 (0x00c3bbb3) sltu    s7, t2, a2
core   0: 3 0x80006e18 (0x00c3bbb3) x23 0x00000000
core   0: 0x80006e1c (0x006e1393) slli    t2, t3, 6
core   0: 3 0x80006e1c (0x006e1393) x 7 0x00000000
core   0: 0x80006e20 (0xfcc31d23) sh      a2, -38(t1)
core   0: 3 0x80006e20 (0xfcc31d23) mem 0x80015bb6 0xae04
core   0: 0x80006e24 (0x01acdc13) srli    s8, s9, 26
core   0: 3 0x80006e24 (0x01acdc13) x24 0x00000020
core   0: 0x80006e28 (0x04f30383) lb      t2, 79(t1)
core   0: 3 0x80006e28 (0x04f30383) x 7 0xffffffe0 mem 0x80015c2b
core   0: 0x80006e2c (0x1ef50013) addi    zero, a0, 495
core   0: 3 0x80006e2c (0x1ef50013)
core   0: 0x80006e30 (0x3c39f993) andi    s3, s3, 963
core   0: 3 0x80006e30 (0x3c39f993) x19 0x00000000
core   0: 0x80006e34 (0xaffdc093) xori    ra, s11, -1281
core   0: 3 0x80006e34 (0xaffdc093) x 1 0x0000053b
core   0: 0x80006e38 (0xfd5c3093) sltiu   ra, s8, -43
core   0: 3 0x80006e38 (0xfd5c3093) x 1 0x00000001
core   0: 0x80006e3c (0xf1d34383) lbu     t2, -227(t1)
core   0: 3 0x80006e3c (0xf1d34383) x 7 0x000000b2 mem 0x80015af9
core   0: 0x80006e40 (0x40d0d893) srai    a7, ra, 13
core   0: 3 0x80006e40 (0x40d0d893) x17 0x00000000
core   0: 0x80006e44 (0x00f67c33) and     s8, a2, a5
core   0: 3 0x80006e44 (0x00f67c33) x24 0x00000004
core   0: 0x80006e48 (0xcd4f7b93) andi    s7, t5, -812
core   0: 3 0x80006e48 (0xcd4f7b93) x23 0x000000c4
core   0: 0x80006e4c (0xf6235b03) lhu     s6, -158(t1)
core   0: 3 0x80006e4c (0xf6235b03) x22 0x0000f4f5 mem 0x80015b3e
core   0: 0x80006e50 (0x11830023) sb      s8, 256(t1)
core   0: 3 0x80006e50 (0x11830023) mem 0x80015cdc 0x4
core   0: 0x80006e54 (0x084301a3) sb      tp, 131(t1)
core   0: 3 0x80006e54 (0x084301a3) mem 0x80015c5f 0xb2
core   0: 0x80006e58 (0x00ae54b3) srl     s1, t3, a0
core   0: 3 0x80006e58 (0x00ae54b3) x 9 0x00000000
core   0: 0x80006e5c (0x9b1b4093) xori    ra, s6, -1615
core   0: 3 0x80006e5c (0x9b1b4093) x 1 0xffff0d44
core   0: 0x80006e60 (0xe371e393) ori     t2, gp, -457
core   0: 3 0x80006e60 (0xe371e393) x 7 0xfffffe7f
core   0: 0x80006e64 (0x06734403) lbu     s0, 103(t1)
core   0: 3 0x80006e64 (0x06734403) x 8 0x000000f4 mem 0x80015c43
core   0: 0x80006e68 (0xf7e34403) lbu     s0, -130(t1)
core   0: 3 0x80006e68 (0xf7e34403) x 8 0x000000ff mem 0x80015b5a
core   0: 0x80006e6c (0x27b38413) addi    s0, t2, 635
core   0: 3 0x80006e6c (0x27b38413) x 8 0x000000fa
core   0: 0x80006e70 (0x01d8dc33) srl     s8, a7, t4
core   0: 3 0x80006e70 (0x01d8dc33) x24 0x00000000
core   0: 0x80006e74 (0x0fe34f03) lbu     t5, 254(t1)
core   0: 3 0x80006e74 (0x0fe34f03) x30 0x00000091 mem 0x80015cda
core   0: 0x80006e78 (0x00745013) srli    zero, s0, 7
core   0: 3 0x80006e78 (0x00745013)
core   0: 0x80006e7c (0x0f031f23) sh      a6, 254(t1)
core   0: 3 0x80006e7c (0x0f031f23) mem 0x80015cda 0xe880
core   0: 0x80006e80 (0x41cbfe13) andi    t3, s7, 1052
core   0: 3 0x80006e80 (0x41cbfe13) x28 0x00000004
core   0: 0x80006e84 (0x01dd1813) slli    a6, s10, 29
core   0: 3 0x80006e84 (0x01dd1813) x16 0xe0000000
core   0: 0x80006e88 (0xc9e9fa93) andi    s5, s3, -866
core   0: 3 0x80006e88 (0xc9e9fa93) x21 0x00000000
core   0: 0x80006e8c (0x0b130283) lb      t0, 177(t1)
core   0: 3 0x80006e8c (0x0b130283) x 5 0x00000046 mem 0x80015c8d
core   0: 0x80006e90 (0xf67302a3) sb      t2, -155(t1)
core   0: 3 0x80006e90 (0xf67302a3) mem 0x80015b41 0x7f
core   0: 0x80006e94 (0xf9f305a3) sb      t6, -117(t1)
core   0: 3 0x80006e94 (0xf9f305a3) mem 0x80015b67 0x0
core   0: 0x80006e98 (0x00017517) auipc   a0, 0x17
core   0: 3 0x80006e98 (0x00017517) x10 0x8001de98
core   0: 0x80006e9c (0xa0c50513) addi    a0, a0, -1524
core   0: 3 0x80006e9c (0xa0c50513) x10 0x8001d8a4
core   0: 0x80006ea0 (0x01252623) sw      s2, 12(a0)
core   0: 3 0x80006ea0 (0x01252623) mem 0x8001d8b0 0x00000036
core   0: 0x80006ea4 (0x00652623) sw      t1, 12(a0)
core   0: 3 0x80006ea4 (0x00652623) mem 0x8001d8b0 0x80015bdc
core   0: 0x80006ea8 (0x04054783) lbu     a5, 64(a0)
core   0: 3 0x80006ea8 (0x04054783) x15 0x0000009f mem 0x8001d8e4
core   0: 0x80006eac (0xfd2503a3) sb      s2, -57(a0)
core   0: 3 0x80006eac (0xfd2503a3) mem 0x8001d86b 0x36
core   0: 0x80006eb0 (0x0042d933) srl     s2, t0, tp
core   0: 3 0x80006eb0 (0x0042d933) x18 0x00000000
core   0: 0x80006eb4 (0xfc754b03) lbu     s6, -57(a0)
core   0: 3 0x80006eb4 (0xfc754b03) x22 0x00000036 mem 0x8001d86b
core   0: 0x80006eb8 (0xfc754383) lbu     t2, -57(a0)
core   0: 3 0x80006eb8 (0xfc754383) x 7 0x00000036 mem 0x8001d86b
core   0: 0x80006ebc (0xfd6503a3) sb      s6, -57(a0)
core   0: 3 0x80006ebc (0xfd6503a3) mem 0x8001d86b 0x36
core   0: 0x80006ec0 (0xfc750f83) lb      t6, -57(a0)
core   0: 3 0x80006ec0 (0xfc750f83) x31 0x00000036 mem 0x8001d86b
core   0: 0x80006ec4 (0x353ea193) slti    gp, t4, 851
core   0: 3 0x80006ec4 (0x353ea193) x 3 0x00000001
core   0: 0x80006ec8 (0xfc754c83) lbu     s9, -57(a0)
core   0: 3 0x80006ec8 (0xfc754c83) x25 0x00000036 mem 0x8001d86b
core   0: 0x80006ecc (0xfcd503a3) sb      a3, -57(a0)
core   0: 3 0x80006ecc (0xfcd503a3) mem 0x8001d86b 0x0
core   0: 0x80006ed0 (0xfd2503a3) sb      s2, -57(a0)
core   0: 3 0x80006ed0 (0xfd2503a3) mem 0x8001d86b 0x0
core   0: 0x80006ed4 (0xffd54a03) lbu     s4, -3(a0)
core   0: 3 0x80006ed4 (0xffd54a03) x20 0x0000005a mem 0x8001d8a1
core   0: 0x80006ed8 (0xff850ea3) sb      s8, -3(a0)
core   0: 3 0x80006ed8 (0xff850ea3) mem 0x8001d8a1 0x0
core   0: 0x80006edc (0x02950fa3) sb      s1, 63(a0)
core   0: 3 0x80006edc (0x02950fa3) mem 0x8001d8e3 0x0
core   0: 0x80006ee0 (0x006504a3) sb      t1, 9(a0)
core   0: 3 0x80006ee0 (0x006504a3) mem 0x8001d8ad 0xdc
core   0: 0x80006ee4 (0x00950983) lb      s3, 9(a0)
core   0: 3 0x80006ee4 (0x00950983) x19 0xffffffdc mem 0x8001d8ad
core   0: 0x80006ee8 (0x0000e397) auipc   t2, 0xe
core   0: 3 0x80006ee8 (0x0000e397) x 7 0x80014ee8
core   0: 0x80006eec (0x7bd38393) addi    t2, t2, 1981
core   0: 3 0x80006eec (0x7bd38393) x 7 0x800156a5
core   0: 0x80006ef0 (0x589382a3) sb      s1, 1413(t2)
core   0: 3 0x80006ef0 (0x589382a3) mem 0x80015c2a 0x0
core   0: 0x80006ef4 (0x58539c83) lh      s9, 1413(t2)
core   0: 3 0x80006ef4 (0x58539c83) x25 0xffffe000 mem 0x80015c2a
core   0: 0x80006ef8 (0xa89399a3) sh      s1, -1389(t2)
core   0: 3 0x80006ef8 (0xa89399a3) mem 0x80015138 0x0000
core   0: 0x80006efc (0xd433ce03) lbu     t3, -701(t2)
core   0: 3 0x80006efc (0xd433ce03) x28 0x00000038 mem 0x800153e8
core   0: 0x80006f00 (0xd52381a3) sb      s2, -701(t2)
core   0: 3 0x80006f00 (0xd52381a3) mem 0x800153e8 0x0
core   0: 0x80006f04 (0xd493a1a3) sw      s1, -701(t2)
core   0: 3 0x80006f04 (0xd493a1a3) mem 0x800153e8 0x00000000
core   0: 0x80006f08 (0xf0f922b7) lui     t0, 0xf0f92
core   0: 3 0x80006f08 (0xf0f922b7) x 5 0xf0f92000
core   0: 0x80006f0c (0xafc87a93) andi    s5, a6, -1284
core   0: 3 0x80006f0c (0xafc87a93) x21 0xe0000000
core   0: 0x80006f10 (0xa2a3cd83) lbu     s11, -1494(t2)
core   0: 3 0x80006f10 (0xa2a3cd83) x27 0x00000080 mem 0x800150cf
core   0: 0x80006f14 (0xa2a38183) lb      gp, -1494(t2)
core   0: 3 0x80006f14 (0xa2a38183) x 3 0xffffff80 mem 0x800150cf
core   0: 0x80006f18 (0x70f39703) lh      a4, 1807(t2)
core   0: 3 0x80006f18 (0x70f39703) x14 0x00006e6f mem 0x80015db4
core   0: 0x80006f1c (0x3a7381a3) sb      t2, 931(t2)
core   0: 3 0x80006f1c (0x3a7381a3) mem 0x80015a48 0xa5
core   0: 0x80006f20 (0xc7638403) lb      s0, -906(t2)
core   0: 3 0x80006f20 (0xc7638403) x 8 0x00000000 mem 0x8001531b
core   0: 0x80006f24 (0xc853cc83) lbu     s9, -891(t2)
core   0: 3 0x80006f24 (0xc853cc83) x25 0x000000e1 mem 0x8001532a
core   0: 0x80006f28 (0x0001e517) auipc   a0, 0x1e
core   0: 3 0x80006f28 (0x0001e517) x10 0x80024f28
core   0: 0x80006f2c (0xb4d50513) addi    a0, a0, -1203
core   0: 3 0x80006f2c (0xb4d50513) x10 0x80024a75
core   0: 0x80006f30 (0x01054903) lbu     s2, 16(a0)
core   0: 3 0x80006f30 (0x01054903) x18 0x0000003e mem 0x80024a85
core   0: 0x80006f34 (0x00050803) lb      a6, 0(a0)
core   0: 3 0x80006f34 (0x00050803) x16 0x0000002e mem 0x80024a75
core   0: 0x80006f38 (0x00d50023) sb      a3, 0(a0)
core   0: 3 0x80006f38 (0x00d50023) mem 0x80024a75 0x0
core   0: 0x80006f3c (0x01750023) sb      s7, 0(a0)
core   0: 3 0x80006f3c (0x01750023) mem 0x80024a75 0xc4
core   0: 0x80006f40 (0x00050b03) lb      s6, 0(a0)
core   0: 3 0x80006f40 (0x00050b03) x22 0xffffffc4 mem 0x80024a75
core   0: 0x80006f44 (0x00050b83) lb      s7, 0(a0)
core   0: 3 0x80006f44 (0x00050b83) x23 0xffffffc4 mem 0x80024a75
core   0: 0x80006f48 (0x00050003) lb      zero, 0(a0)
core   0: 3 0x80006f48 (0x00050003) mem 0x80024a75
core   0: 0x80006f4c (0x00050903) lb      s2, 0(a0)
core   0: 3 0x80006f4c (0x00050903) x18 0xffffffc4 mem 0x80024a75
core   0: 0x80006f50 (0xff954083) lbu     ra, -7(a0)
core   0: 3 0x80006f50 (0xff954083) x 1 0x00000025 mem 0x80024a6e
core   0: 0x80006f54 (0xff950283) lb      t0, -7(a0)
core   0: 3 0x80006f54 (0xff950283) x 5 0x00000025 mem 0x80024a6e
core   0: 0x80006f58 (0xff351083) lh      ra, -13(a0)
core   0: 3 0x80006f58 (0xff351083) x 1 0x00002223 mem 0x80024a68
core   0: 0x80006f5c (0x012420b3) slt     ra, s0, s2
core   0: 3 0x80006f5c (0x012420b3) x 1 0x00000000
core   0: 0x80006f60 (0xff354c03) lbu     s8, -13(a0)
core   0: 3 0x80006f60 (0xff354c03) x24 0x00000023 mem 0x80024a68
core   0: 0x80006f64 (0xff351783) lh      a5, -13(a0)
core   0: 3 0x80006f64 (0xff351783) x15 0x00002223 mem 0x80024a68
core   0: 0x80006f68 (0x00000013) nop
core   0: 3 0x80006f68 (0x00000013)
core   0: 0x80006f6c (0xff350703) lb      a4, -13(a0)
core   0: 3 0x80006f6c (0xff350703) x14 0x00000023 mem 0x80024a68
core   0: 0x80006f70 (0x01f31693) slli    a3, t1, 31
core   0: 3 0x80006f70 (0x01f31693) x13 0x00000000
core   0: 0x80006f74 (0xfea519a3) sh      a0, -13(a0)
core   0: 3 0x80006f74 (0xfea519a3) mem 0x80024a68 0x4a75
core   0: 0x80006f78 (0x00019d97) auipc   s11, 0x19
core   0: 3 0x80006f78 (0x00019d97) x27 0x8001ff78
core   0: 0x80006f7c (0x297d8d93) addi    s11, s11, 663
core   0: 3 0x80006f7c (0x297d8d93) x27 0x8002020f
core   0: 0x80006f80 (0x590d8683) lb      a3, 1424(s11)
core   0: 3 0x80006f80 (0x590d8683) x13 0x00000054 mem 0x8002079f
core   0: 0x80006f84 (0x580d8823) sb      zero, 1424(s11)
core   0: 3 0x80006f84 (0x580d8823) mem 0x8002079f 0x0
core   0: 0x80006f88 (0x97efaf13) slti    t5, t6, -1666
core   0: 3 0x80006f88 (0x97efaf13) x30 0x00000000
core   0: 0x80006f8c (0xf86d8803) lb      a6, -122(s11)
core   0: 3 0x80006f8c (0xf86d8803) x16 0x0000004e mem 0x80020195
core   0: 0x80006f90 (0x060e6893) ori     a7, t3, 96
core   0: 3 0x80006f90 (0x060e6893) x17 0x00000078
core   0: 0x80006f94 (0xf86d8303) lb      t1, -122(s11)
core   0: 3 0x80006f94 (0xf86d8303) x 6 0x0000004e mem 0x80020195
core   0: 0x80006f98 (0xf86dc403) lbu     s0, -122(s11)
core   0: 3 0x80006f98 (0xf86dc403) x 8 0x0000004e mem 0x80020195
core   0: 0x80006f9c (0x41185ab3) sra     s5, a6, a7
core   0: 3 0x80006f9c (0x41185ab3) x21 0x00000000
core   0: 0x80006fa0 (0x76902093) slti    ra, zero, 1897
core   0: 3 0x80006fa0 (0x76902093) x 1 0x00000001
core   0: 0x80006fa4 (0xf86dc083) lbu     ra, -122(s11)
core   0: 3 0x80006fa4 (0xf86dc083) x 1 0x0000004e mem 0x80020195
core   0: 0x80006fa8 (0xf86d8283) lb      t0, -122(s11)
core   0: 3 0x80006fa8 (0xf86d8283) x 5 0x0000004e mem 0x80020195
core   0: 0x80006fac (0xf86dc003) lbu     zero, -122(s11)
core   0: 3 0x80006fac (0xf86dc003) mem 0x80020195
core   0: 0x80006fb0 (0x7f9e7b93) andi    s7, t3, 2041
core   0: 3 0x80006fb0 (0x7f9e7b93) x23 0x00000038
core   0: 0x80006fb4 (0x4172d7b3) sra     a5, t0, s7
core   0: 3 0x80006fb4 (0x4172d7b3) x15 0x00000000
core   0: 0x80006fb8 (0xf96d8323) sb      s6, -122(s11)
core   0: 3 0x80006fb8 (0xf96d8323) mem 0x80020195 0xc4
core   0: 0x80006fbc (0xfefd8c23) sb      a5, -8(s11)
core   0: 3 0x80006fbc (0xfefd8c23) mem 0x80020207 0x0
core   0: 0x80006fc0 (0xff8d8083) lb      ra, -8(s11)
core   0: 3 0x80006fc0 (0xff8d8083) x 1 0x00000000 mem 0x80020207
core   0: 0x80006fc4 (0x01885913) srli    s2, a6, 24
core   0: 3 0x80006fc4 (0x01885913) x18 0x00000000
core   0: 0x80006fc8 (0xff8d8203) lb      tp, -8(s11)
core   0: 3 0x80006fc8 (0xff8d8203) x 4 0x00000000 mem 0x80020207
core   0: 0x80006fcc (0x00019997) auipc   s3, 0x19
core   0: 3 0x80006fcc (0x00019997) x19 0x8001ffcc
core   0: 0x80006fd0 (0xf8598993) addi    s3, s3, -123
core   0: 3 0x80006fd0 (0xf8598993) x19 0x8001ff51
core   0: 0x80006fd4 (0x419c8a33) sub     s4, s9, s9
core   0: 3 0x80006fd4 (0x419c8a33) x20 0x00000000
core   0: 0x80006fd8 (0x0889cf83) lbu     t6, 136(s3)
core   0: 3 0x80006fd8 (0x0889cf83) x31 0x00000092 mem 0x8001ffd9
core   0: 0x80006fdc (0xd3180897) auipc   a7, 0xd3180
core   0: 3 0x80006fdc (0xd3180897) x17 0x53186fdc
core   0: 0x80006fe0 (0x0c59cc03) lbu     s8, 197(s3)
core   0: 3 0x80006fe0 (0x0c59cc03) x24 0x000000cd mem 0x80020016
core   0: 0x80006fe4 (0x0c599d83) lh      s11, 197(s3)
core   0: 3 0x80006fe4 (0x0c599d83) x27 0xffffcccd mem 0x80020016
core   0: 0x80006fe8 (0x083997a3) sh      gp, 143(s3)
core   0: 3 0x80006fe8 (0x083997a3) mem 0x8001ffe0 0xff80
core   0: 0x80006fec (0x0139a783) lw      a5, 19(s3)
core   0: 3 0x80006fec (0x0139a783) x15 0x1c1d1e1f mem 0x8001ff64
core   0: 0x80006ff0 (0x01f23933) sltu    s2, tp, t6
core   0: 3 0x80006ff0 (0x01f23933) x18 0x00000001
core   0: 0x80006ff4 (0xff098903) lb      s2, -16(s3)
core   0: 3 0x80006ff4 (0xff098903) x18 0xfffffffa mem 0x8001ff41
core   0: 0x80006ff8 (0xff09c903) lbu     s2, -16(s3)
core   0: 3 0x80006ff8 (0xff09c903) x18 0x000000fa mem 0x8001ff41
core   0: 0x80006ffc (0xf9f9dc03) lhu     s8, -97(s3)
core   0: 3 0x80006ffc (0xf9f9dc03) x24 0x0000aaab mem 0x8001fef0
core   0: 0x80007000 (0xf9999fa3) sh      s9, -97(s3)
core   0: 3 0x80007000 (0xf9999fa3) mem 0x8001fef0 0x00e1
core   0: 0x80007004 (0xf859afa3) sw      t0, -97(s3)
core   0: 3 0x80007004 (0xf859afa3) mem 0x8001fef0 0x0000004e
core   0: 0x80007008 (0xf7f98403) lb      s0, -129(s3)
core   0: 3 0x80007008 (0xf7f98403) x 8 0xffffff8b mem 0x8001fed0
core   0: 0x8000700c (0xf7f99903) lh      s2, -129(s3)
core   0: 3 0x8000700c (0xf7f99903) x18 0xffff8a8b mem 0x8001fed0
core   0: 0x80007010 (0x0000e517) auipc   a0, 0xe
core   0: 3 0x80007010 (0x0000e517) x10 0x80015010
core   0: 0x80007014 (0x79350513) addi    a0, a0, 1939
core   0: 3 0x80007014 (0x79350513) x10 0x800157a3
core   0: 0x80007018 (0x02d50d23) sb      a3, 58(a0)
core   0: 3 0x80007018 (0x02d50d23) mem 0x800157dd 0x54
core   0: 0x8000701c (0xf20505a3) sb      zero, -213(a0)
core   0: 3 0x8000701c (0xf20505a3) mem 0x800156ce 0x0
core   0: 0x80007020 (0xf8b51203) lh      tp, -117(a0)
core   0: 3 0x80007020 (0xf8b51203) x 4 0xffffe4e5 mem 0x8001572e
core   0: 0x80007024 (0x0ac50da3) sb      a2, 187(a0)
core   0: 3 0x80007024 (0x0ac50da3) mem 0x8001585e 0x4
core   0: 0x80007028 (0x02d51783) lh      a5, 45(a0)
core   0: 3 0x80007028 (0x02d51783) x15 0xffff8a8b mem 0x800157d0
core   0: 0x8000702c (0x09b519a3) sh      s11, 147(a0)
core   0: 3 0x8000702c (0x09b519a3) mem 0x80015836 0xcccd
core   0: 0x80007030 (0x89e3eb13) ori     s6, t2, -1890
core   0: 3 0x80007030 (0x89e3eb13) x22 0xfffffebf
core   0: 0x80007034 (0xf1f50403) lb      s0, -225(a0)
core   0: 3 0x80007034 (0xf1f50403) x 8 0x00000079 mem 0x800156c2
core   0: 0x80007038 (0xf9654c83) lbu     s9, -106(a0)
core   0: 3 0x80007038 (0xf9654c83) x25 0x000000f2 mem 0x80015739
core   0: 0x8000703c (0xf8250b23) sb      sp, -106(a0)
core   0: 3 0x8000703c (0xf8250b23) mem 0x80015739 0xe4
core   0: 0x80007040 (0xfa050303) lb      t1, -96(a0)
core   0: 3 0x80007040 (0xfa050303) x 6 0xfffffff8 mem 0x80015743
core   0: 0x80007044 (0x04f54e03) lbu     t3, 79(a0)
core   0: 3 0x80007044 (0x04f54e03) x28 0x000000a9 mem 0x800157f2
core   0: 0x80007048 (0xf9850383) lb      t2, -104(a0)
core   0: 3 0x80007048 (0xf9850383) x 7 0xfffffff2 mem 0x8001573b
core   0: 0x8000704c (0xf9854083) lbu     ra, -104(a0)
core   0: 3 0x8000704c (0xf9854083) x 1 0x000000f2 mem 0x8001573b
core   0: 0x80007050 (0x01903833) snez    a6, s9
core   0: 3 0x80007050 (0x01903833) x16 0x00000001
core   0: 0x80007054 (0x06250a83) lb      s5, 98(a0)
core   0: 3 0x80007054 (0x06250a83) x21 0xffffffbe mem 0x80015805
core   0: 0x80007058 (0x08555f83) lhu     t6, 133(a0)
core   0: 3 0x80007058 (0x08555f83) x31 0x0000e2e3 mem 0x80015828
core   0: 0x8000705c (0x00012497) auipc   s1, 0x12
core   0: 3 0x8000705c (0x00012497) x 9 0x8001905c
core   0: 0x80007060 (0x92248493) addi    s1, s1, -1758
core   0: 3 0x80007060 (0x92248493) x 9 0x8001897e
core   0: 0x80007064 (0x015537b3) sltu    a5, a0, s5
core   0: 3 0x80007064 (0x015537b3) x15 0x00000001
core   0: 0x80007068 (0x00fecfb3) xor     t6, t4, a5
core   0: 3 0x80007068 (0x00fecfb3) x31 0x80015485
core   0: 0x8000706c (0xf843f513) andi    a0, t2, -124
core   0: 3 0x8000706c (0xf843f513) x10 0xffffff80
core   0: 0x80007070 (0xfc148e23) sb      ra, -36(s1)
core   0: 3 0x80007070 (0xfc148e23) mem 0x8001895a 0xf2
core   0: 0x80007074 (0xf9548303) lb      t1, -107(s1)
core   0: 3 0x80007074 (0xf9548303) x 6 0xffffffc8 mem 0x80018913
core   0: 0x80007078 (0xf834c283) lbu     t0, -125(s1)
core   0: 3 0x80007078 (0xf834c283) x 5 0x000000ba mem 0x80018901
core   0: 0x8000707c (0x0073b233) sltu    tp, t2, t2
core   0: 3 0x8000707c (0x0073b233) x 4 0x00000000
core   0: 0x80007080 (0x00c45293) srli    t0, s0, 12
core   0: 3 0x80007080 (0x00c45293) x 5 0x00000000
core   0: 0x80007084 (0xf6f48803) lb      a6, -145(s1)
core   0: 3 0x80007084 (0xf6f48803) x16 0xffffffa6 mem 0x800188ed
core   0: 0x80007088 (0x40f709b3) sub     s3, a4, a5
core   0: 3 0x80007088 (0x40f709b3) x19 0x00000022
core   0: 0x8000708c (0x01a3ecb3) or      s9, t2, s10
core   0: 3 0x8000708c (0x01a3ecb3) x25 0xffffffff
core   0: 0x80007090 (0x03f4c203) lbu     tp, 63(s1)
core   0: 3 0x80007090 (0x03f4c203) x 4 0x00000076 mem 0x800189bd
core   0: 0x80007094 (0xf9c0a313) slti    t1, ra, -100
core   0: 3 0x80007094 (0xf9c0a313) x 6 0x00000000
core   0: 0x80007098 (0x011ee733) or      a4, t4, a7
core   0: 3 0x80007098 (0x011ee733) x14 0xd3197fdc
core   0: 0x8000709c (0xf8248a83) lb      s5, -126(s1)
core   0: 3 0x8000709c (0xf8248a83) x21 0xffffffbb mem 0x80018900
core   0: 0x800070a0 (0x017d9313) slli    t1, s11, 23
core   0: 3 0x800070a0 (0x017d9313) x 6 0x66800000
core   0: 0x800070a4 (0xfab4cd83) lbu     s11, -85(s1)
core   0: 3 0x800070a4 (0xfab4cd83) x27 0x000000e2 mem 0x80018929
core   0: 0x800070a8 (0x0df48e03) lb      t3, 223(s1)
core   0: 3 0x800070a8 (0x0df48e03) x28 0x00000016 mem 0x80018a5d
core   0: 0x800070ac (0x0fd4c783) lbu     a5, 253(s1)
core   0: 3 0x800070ac (0x0fd4c783) x15 0x00000030 mem 0x80018a7b
core   0: 0x800070b0 (0x40eb8db3) sub     s11, s7, a4
core   0: 3 0x800070b0 (0x40eb8db3) x27 0x2ce6805c
core   0: 0x800070b4 (0x008793b3) sll     t2, a5, s0
core   0: 3 0x800070b4 (0x008793b3) x 7 0x60000000
core   0: 0x800070b8 (0x02748183) lb      gp, 39(s1)
core   0: 3 0x800070b8 (0x02748183) x 3 0x0000005e mem 0x800189a5
core   0: 0x800070bc (0x0001d297) auipc   t0, 0x1d
core   0: 3 0x800070bc (0x0001d297) x 5 0x800240bc
core   0: 0x800070c0 (0xa1228293) addi    t0, t0, -1518
core   0: 3 0x800070c0 (0xa1228293) x 5 0x80023ace
core   0: 0x800070c4 (0xa1629483) lh      s1, -1514(t0)
core   0: 3 0x800070c4 (0xa1629483) x 9 0xffff9e9f mem 0x800234e4
core   0: 0x800070c8 (0x6842a523) sw      tp, 1674(t0)
core   0: 3 0x800070c8 (0x6842a523) mem 0x80024158 0x00000076
core   0: 0x800070cc (0x00135bb3) srl     s7, t1, ra
core   0: 3 0x800070cc (0x00135bb3) x23 0x000019a0
core   0: 0x800070d0 (0x5012c183) lbu     gp, 1281(t0)
core   0: 3 0x800070d0 (0x5012c183) x 3 0x00000084 mem 0x80023fcf
core   0: 0x800070d4 (0x8444d737) lui     a4, 0x8444d
core   0: 3 0x800070d4 (0x8444d737) x14 0x8444d000
core   0: 0x800070d8 (0x009fd033) srl     zero, t6, s1
core   0: 3 0x800070d8 (0x009fd033)
core   0: 0x800070dc (0x517280a3) sb      s7, 1281(t0)
core   0: 3 0x800070dc (0x517280a3) mem 0x80023fcf 0xa0
core   0: 0x800070e0 (0x8b52cf83) lbu     t6, -1867(t0)
core   0: 3 0x800070e0 (0x8b52cf83) x31 0x00000038 mem 0x80023383
core   0: 0x800070e4 (0x4e128ca3) sb      ra, 1273(t0)
core   0: 3 0x800070e4 (0x4e128ca3) mem 0x80023fc7 0xf2
core   0: 0x800070e8 (0x4f928203) lb      tp, 1273(t0)
core   0: 3 0x800070e8 (0x4f928203) x 4 0xfffffff2 mem 0x80023fc7
core   0: 0x800070ec (0xd9b28c03) lb      s8, -613(t0)
core   0: 3 0x800070ec (0xd9b28c03) x24 0x00000022 mem 0x80023869
core   0: 0x800070f0 (0x00000013) nop
core   0: 3 0x800070f0 (0x00000013)
core   0: 0x800070f4 (0x01477d33) and     s10, a4, s4
core   0: 3 0x800070f4 (0x01477d33) x26 0x00000000
core   0: 0x800070f8 (0xd9b2c203) lbu     tp, -613(t0)
core   0: 3 0x800070f8 (0xd9b2c203) x 4 0x00000022 mem 0x80023869
core   0: 0x800070fc (0x10d5f913) andi    s2, a1, 269
core   0: 3 0x800070fc (0x10d5f913) x18 0x00000000
core   0: 0x80007100 (0xae82dc03) lhu     s8, -1304(t0)
core   0: 3 0x80007100 (0xae82dc03) x24 0x00006c6d mem 0x800235b6
core   0: 0x80007104 (0xb932ca03) lbu     s4, -1133(t0)
core   0: 3 0x80007104 (0xb932ca03) x20 0x0000001a mem 0x80023661
core   0: 0x80007108 (0x00016417) auipc   s0, 0x16
core   0: 3 0x80007108 (0x00016417) x 8 0x8001d108
core   0: 0x8000710c (0xb1840413) addi    s0, s0, -1256
core   0: 3 0x8000710c (0xb1840413) x 8 0x8001cc20
core   0: 0x80007110 (0x40c48833) sub     a6, s1, a2
core   0: 3 0x80007110 (0x40c48833) x16 0x7ffcf09b
core   0: 0x80007114 (0x000f2a33) slt     s4, t5, zero
core   0: 3 0x80007114 (0x000f2a33) x20 0x00000000
core   0: 0x80007118 (0x000afab3) and     s5, s5, zero
core   0: 3 0x80007118 (0x000afab3) x21 0x00000000
core   0: 0x8000711c (0x0000100f) fence.i
core   0: 3 0x8000711c (0x0000100f)
core   0: 0x80007120 (0x419fdd93) srai    s11, t6, 25
core   0: 3 0x80007120 (0x419fdd93) x27 0x00000000
core   0: 0x80007124 (0xdba44b03) lbu     s6, -582(s0)
core   0: 3 0x80007124 (0xdba44b03) x22 0x00000091 mem 0x8001c9da
core   0: 0x80007128 (0xd1e405a3) sb      t5, -757(s0)
core   0: 3 0x80007128 (0xd1e405a3) mem 0x8001c92b 0x0
core   0: 0x8000712c (0x64b44783) lbu     a5, 1611(s0)
core   0: 3 0x8000712c (0x64b44783) x15 0x00000020 mem 0x8001d26b
core   0: 0x80007130 (0x24d0fe13) andi    t3, ra, 589
core   0: 3 0x80007130 (0x24d0fe13) x28 0x00000040
core   0: 0x80007134 (0xda940483) lb      s1, -599(s0)
core   0: 3 0x80007134 (0xda940483) x 9 0xffffff82 mem 0x8001c9c9
core   0: 0x80007138 (0x00326533) or      a0, tp, gp
core   0: 3 0x80007138 (0x00326533) x10 0x000000a6
core   0: 0x8000713c (0xfc244903) lbu     s2, -62(s0)
core   0: 3 0x8000713c (0xfc244903) x18 0x00000099 mem 0x8001cbe2
core   0: 0x80007140 (0x400ed913) srai    s2, t4, 0
core   0: 3 0x80007140 (0x400ed913) x18 0x80015484
core   0: 0x80007144 (0x4ca45083) lhu     ra, 1226(s0)
core   0: 3 0x80007144 (0x4ca45083) x 1 0x0000a0a1 mem 0x8001d0ea
core   0: 0x80007148 (0x01bf1b93) slli    s7, t5, 27
core   0: 3 0x80007148 (0x01bf1b93) x23 0x00000000
core   0: 0x8000714c (0x2f5b2537) lui     a0, 0x2f5b2
core   0: 3 0x8000714c (0x2f5b2537) x10 0x2f5b2000
core   0: 0x80007150 (0x4b1408a3) sb      a7, 1201(s0)
core   0: 3 0x80007150 (0x4b1408a3) mem 0x8001d0d1 0xdc
core   0: 0x80007154 (0x96e40203) lb      tp, -1682(s0)
core   0: 3 0x80007154 (0x96e40203) x 4 0x00000045 mem 0x8001c58e
core   0: 0x80007158 (0xa8040b23) sb      zero, -1386(s0)
core   0: 3 0x80007158 (0xa8040b23) mem 0x8001c6b6 0x0
core   0: 0x8000715c (0xbe344b83) lbu     s7, -1053(s0)
core   0: 3 0x8000715c (0xbe344b83) x23 0x000000b8 mem 0x8001c803
core   0: 0x80007160 (0xbc900937) lui     s2, 0xbc900
core   0: 3 0x80007160 (0xbc900937) x18 0xbc900000
core   0: 0x80007164 (0xdb045703) lhu     a4, -592(s0)
core   0: 3 0x80007164 (0xdb045703) x14 0x00008a8b mem 0x8001c9d0
core   0: 0x80007168 (0x08d404a3) sb      a3, 137(s0)
core   0: 3 0x80007168 (0x08d404a3) mem 0x8001cca9 0x54
core   0: 0x8000716c (0x000046b3) xor     a3, zero, zero
core   0: 3 0x8000716c (0x000046b3) x13 0x00000000
core   0: 0x80007170 (0xa5b40983) lb      s3, -1445(s0)
core   0: 3 0x80007170 (0xa5b40983) x19 0x00000030 mem 0x8001c67b
core   0: 0x80007174 (0xc6612393) slti    t2, sp, -922
core   0: 3 0x80007174 (0xc6612393) x 7 0x00000001
core   0: 0x80007178 (0x12c0a9b7) lui     s3, 0x12c0a
core   0: 3 0x80007178 (0x12c0a9b7) x19 0x12c0a000
core   0: 0x8000717c (0x18044903) lbu     s2, 384(s0)
core   0: 3 0x8000717c (0x18044903) x18 0x0000005b mem 0x8001cda0
core   0: 0x80007180 (0x41a44383) lbu     t2, 1050(s0)
core   0: 3 0x80007180 (0x41a44383) x 7 0x000000f1 mem 0x8001d03a
core   0: 0x80007184 (0x0000fc17) auipc   s8, 0xf
core   0: 3 0x80007184 (0x0000fc17) x24 0x80016184
core   0: 0x80007188 (0xa29c0c13) addi    s8, s8, -1495
core   0: 3 0x80007188 (0xa29c0c13) x24 0x80015bad
core   0: 0x8000718c (0x0f9c1003) lh      zero, 249(s8)
core   0: 3 0x8000718c (0x0f9c1003) mem 0x80015ca6
core   0: 0x80007190 (0x062c0403) lb      s0, 98(s8)
core   0: 3 0x80007190 (0x062c0403) x 8 0xffffffc4 mem 0x80015c0f
core   0: 0x80007194 (0x062c4b83) lbu     s7, 98(s8)
core   0: 3 0x80007194 (0x062c4b83) x23 0x000000c4 mem 0x80015c0f
core   0: 0x80007198 (0xf88c1ca3) sh      s0, -103(s8)
core   0: 3 0x80007198 (0xf88c1ca3) mem 0x80015b46 0xffc4
core   0: 0x8000719c (0xf3fc5c83) lhu     s9, -193(s8)
core   0: 3 0x8000719c (0xf3fc5c83) x25 0x0000a6a7 mem 0x80015aec
core   0: 0x800071a0 (0xf3fc0683) lb      a3, -193(s8)
core   0: 3 0x800071a0 (0xf3fc0683) x13 0xffffffa7 mem 0x80015aec
core   0: 0x800071a4 (0xf3fc4303) lbu     t1, -193(s8)
core   0: 3 0x800071a4 (0xf3fc4303) x 6 0x000000a7 mem 0x80015aec
core   0: 0x800071a8 (0xf34c1fa3) sh      s4, -193(s8)
core   0: 3 0x800071a8 (0xf34c1fa3) mem 0x80015aec 0x0000
core   0: 0x800071ac (0x066c4383) lbu     t2, 102(s8)
core   0: 3 0x800071ac (0x066c4383) x 7 0x000000ff mem 0x80015c13
core   0: 0x800071b0 (0x40cc5cb3) sra     s9, s8, a2
core   0: 3 0x800071b0 (0x40cc5cb3) x25 0xf80015ba
core   0: 0x800071b4 (0x038c4403) lbu     s0, 56(s8)
core   0: 3 0x800071b4 (0x038c4403) x 8 0x0000009e mem 0x80015be5
core   0: 0x800071b8 (0x0001a497) auipc   s1, 0x1a
core   0: 3 0x800071b8 (0x0001a497) x 9 0x800211b8
core   0: 0x800071bc (0xed448493) addi    s1, s1, -300
core   0: 3 0x800071bc (0xed448493) x 9 0x8002108c
core   0: 0x800071c0 (0x0000e217) auipc   tp, 0xe
core   0: 3 0x800071c0 (0x0000e217) x 4 0x800151c0
core   0: 0x800071c4 (0x01e20213) addi    tp, tp, 30
core   0: 3 0x800071c4 (0x01e20213) x 4 0x800151de
core   0: 0x800071c8 (0x56220e83) lb      t4, 1378(tp)
core   0: 3 0x800071c8 (0x56220e83) x29 0xfffffffb mem 0x80015740
core   0: 0x800071cc (0x9c548f83) lb      t6, -1595(s1)
core   0: 3 0x800071cc (0x9c548f83) x31 0x0000000a mem 0x80020a51
core   0: 0x800071d0 (0x0a924383) lbu     t2, 169(tp)
core   0: 3 0x800071d0 (0x0a924383) x 7 0x0000003c mem 0x80015287
core   0: 0x800071d4 (0xdee49a03) lh      s4, -530(s1)
core   0: 3 0x800071d4 (0xdee49a03) x20 0x00003031 mem 0x80020e7a
core   0: 0x800071d8 (0x84f48aa3) sb      a5, -1963(s1)
core   0: 3 0x800071d8 (0x84f48aa3) mem 0x800208e1 0x20
core   0: 0x800071dc (0x5fa483a3) sb      s10, 1511(s1)
core   0: 3 0x800071dc (0x5fa483a3) mem 0x80021673 0x0
core   0: 0x800071e0 (0x6f124903) lbu     s2, 1777(tp)
core   0: 3 0x800071e0 (0x6f124903) x18 0x00000084 mem 0x800158cf
core   0: 0x800071e4 (0x27320da3) sb      s3, 635(tp)
core   0: 3 0x800071e4 (0x27320da3) mem 0x80015459 0x0
core   0: 0x800071e8 (0x5a148783) lb      a5, 1441(s1)
core   0: 3 0x800071e8 (0x5a148783) x15 0xffffffe6 mem 0x8002162d
core   0: 0x800071ec (0x6bf20ea3) sb      t6, 1725(tp)
core   0: 3 0x800071ec (0x6bf20ea3) mem 0x8001589b 0xa
core   0: 0x800071f0 (0x73625503) lhu     a0, 1846(tp)
core   0: 3 0x800071f0 (0x73625503) x10 0x0000cecf mem 0x80015914
core   0: 0x800071f4 (0x0001f517) auipc   a0, 0x1f
core   0: 3 0x800071f4 (0x0001f517) x10 0x800261f4
core   0: 0x800071f8 (0xd4150513) addi    a0, a0, -703
core   0: 3 0x800071f8 (0xd4150513) x10 0x80025f35
core   0: 0x800071fc (0x00247733) and     a4, s0, sp
core   0: 3 0x800071fc (0x00247733) x14 0x00000084
core   0: 0x80007200 (0x00a15433) srl     s0, sp, a0
core   0: 3 0x80007200 (0x00a15433) x 8 0x00000400
core   0: 0x80007204 (0x00c511a3) sh      a2, 3(a0)
core   0: 3 0x80007204 (0x00c511a3) mem 0x80025f38 0xae04
core   0: 0x80007208 (0x03d50523) sb      t4, 42(a0)
core   0: 3 0x80007208 (0x03d50523) mem 0x80025f5f 0xfb
core   0: 0x8000720c (0x00b41193) slli    gp, s0, 11
core   0: 3 0x8000720c (0x00b41193) x 3 0x00200000
core   0: 0x80007210 (0x02a54683) lbu     a3, 42(a0)
core   0: 3 0x80007210 (0x02a54683) x13 0x000000fb mem 0x80025f5f
core   0: 0x80007214 (0x03750523) sb      s7, 42(a0)
core   0: 3 0x80007214 (0x03750523) mem 0x80025f5f 0xc4
core   0: 0x80007218 (0xac59fb93) andi    s7, s3, -1339
core   0: 3 0x80007218 (0xac59fb93) x23 0x12c0a000
core   0: 0x8000721c (0x03850523) sb      s8, 42(a0)
core   0: 3 0x8000721c (0x03850523) mem 0x80025f5f 0xad
core   0: 0x80007220 (0x01551ba3) sh      s5, 23(a0)
core   0: 3 0x80007220 (0x01551ba3) mem 0x80025f4c 0x0000
core   0: 0x80007224 (0x41f45f33) sra     t5, s0, t6
core   0: 3 0x80007224 (0x41f45f33) x30 0x00000001
core   0: 0x80007228 (0x01450ba3) sb      s4, 23(a0)
core   0: 3 0x80007228 (0x01450ba3) mem 0x80025f4c 0x31
core   0: 0x8000722c (0xfea50923) sb      a0, -14(a0)
core   0: 3 0x8000722c (0xfea50923) mem 0x80025f27 0x35
core   0: 0x80007230 (0xff250783) lb      a5, -14(a0)
core   0: 3 0x80007230 (0xff250783) x15 0x00000035 mem 0x80025f27
core   0: 0x80007234 (0x2c96ec13) ori     s8, a3, 713
core   0: 3 0x80007234 (0x2c96ec13) x24 0x000002fb
core   0: 0x80007238 (0xfd750303) lb      t1, -41(a0)
core   0: 3 0x80007238 (0xfd750303) x 6 0xffffffc7 mem 0x80025f0c
core   0: 0x8000723c (0x0000f097) auipc   ra, 0xf
core   0: 3 0x8000723c (0x0000f097) x 1 0x8001623c
core   0: 0x80007240 (0x95b08093) addi    ra, ra, -1701
core   0: 3 0x80007240 (0x95b08093) x 1 0x80015b97
core   0: 0x80007244 (0x01c08823) sb      t3, 16(ra)
core   0: 3 0x80007244 (0x01c08823) mem 0x80015ba7 0x40
core   0: 0x80007248 (0xff909503) lh      a0, -7(ra)
core   0: 3 0x80007248 (0xff909503) x10 0x00004a4b mem 0x80015b90
core   0: 0x8000724c (0x01308423) sb      s3, 8(ra)
core   0: 3 0x8000724c (0x01308423) mem 0x80015b9f 0x0
core   0: 0x80007250 (0x65d9f413) andi    s0, s3, 1629
core   0: 3 0x80007250 (0x65d9f413) x 8 0x00000000
core   0: 0x80007254 (0x54c60493) addi    s1, a2, 1356
core   0: 3 0x80007254 (0x54c60493) x 9 0x8002b350
core   0: 0x80007258 (0x0d964c93) xori    s9, a2, 217
core   0: 3 0x80007258 (0x0d964c93) x25 0x8002aedd
core   0: 0x8000725c (0xff708ba3) sb      s7, -9(ra)
core   0: 3 0x8000725c (0xff708ba3) mem 0x80015b8e 0x0
core   0: 0x80007260 (0xff208283) lb      t0, -14(ra)
core   0: 3 0x80007260 (0xff208283) x 5 0x00000042 mem 0x80015b89
core   0: 0x80007264 (0xa8570c13) addi    s8, a4, -1403
core   0: 3 0x80007264 (0xa8570c13) x24 0xfffffb09
core   0: 0x80007268 (0xffc0c683) lbu     a3, -4(ra)
core   0: 3 0x80007268 (0xffc0c683) x13 0x00000048 mem 0x80015b93
core   0: 0x8000726c (0x0040c303) lbu     t1, 4(ra)
core   0: 3 0x8000726c (0x0040c303) x 6 0x00000050 mem 0x80015b9b
core   0: 0x80007270 (0x00ff0a33) add     s4, t5, a5
core   0: 3 0x80007270 (0x00ff0a33) x20 0x00000036
core   0: 0x80007274 (0x419f5693) srai    a3, t5, 25
core   0: 3 0x80007274 (0x419f5693) x13 0x00000000
core   0: 0x80007278 (0x010084a3) sb      a6, 9(ra)
core   0: 3 0x80007278 (0x010084a3) mem 0x80015ba0 0x9b
core   0: 0x8000727c (0x016e9513) slli    a0, t4, 22
core   0: 3 0x8000727c (0x016e9513) x10 0xfec00000
core   0: 0x80007280 (0x0164cab3) xor     s5, s1, s6
core   0: 3 0x80007280 (0x0164cab3) x21 0x8002b3c1
core   0: 0x80007284 (0x01b76733) or      a4, a4, s11
core   0: 3 0x80007284 (0x01b76733) x14 0x00000084
core   0: 0x80007288 (0x00b0c303) lbu     t1, 11(ra)
core   0: 3 0x80007288 (0x00b0c303) x 6 0x000000d3 mem 0x80015ba2
core   0: 0x8000728c (0x0010a0a3) sw      ra, 1(ra)
core   0: 3 0x8000728c (0x0010a0a3) mem 0x80015b98 0x80015b97
core   0: 0x80007290 (0x00f0d203) lhu     tp, 15(ra)
core   0: 3 0x80007290 (0x00f0d203) x 4 0x0000405d mem 0x80015ba6
core   0: 0x80007294 (0x00908003) lb      zero, 9(ra)
core   0: 3 0x80007294 (0x00908003) mem 0x80015ba0
core   0: 0x80007298 (0xffc08203) lb      tp, -4(ra)
core   0: 3 0x80007298 (0xffc08203) x 4 0x00000048 mem 0x80015b93
core   0: 0x8000729c (0x00000013) nop
core   0: 3 0x8000729c (0x00000013)
core   0: 0x800072a0 (0xff60c303) lbu     t1, -10(ra)
core   0: 3 0x800072a0 (0xff60c303) x 6 0x00000046 mem 0x80015b8d
core   0: 0x800072a4 (0x4078d233) sra     tp, a7, t2
core   0: 3 0x800072a4 (0x4078d233) x 4 0x00000005
core   0: 0x800072a8 (0x003c1533) sll     a0, s8, gp
core   0: 3 0x800072a8 (0x003c1533) x10 0xfffffb09
core   0: 0x800072ac (0x50920537) lui     a0, 0x50920
core   0: 3 0x800072ac (0x50920537) x10 0x50920000
core   0: 0x800072b0 (0x00a08503) lb      a0, 10(ra)
core   0: 3 0x800072b0 (0x00a08503) x10 0x0000005a mem 0x80015ba1
core   0: 0x800072b4 (0x00208183) lb      gp, 2(ra)
core   0: 3 0x800072b4 (0x00208183) x 3 0x0000005b mem 0x80015b99
core   0: 0x800072b8 (0x00000013) nop
core   0: 3 0x800072b8 (0x00000013)
core   0: 0x800072bc (0x3082f193) andi    gp, t0, 776
core   0: 3 0x800072bc (0x3082f193) x 3 0x00000000
core   0: 0x800072c0 (0x01b084a3) sb      s11, 9(ra)
core   0: 3 0x800072c0 (0x01b084a3) mem 0x80015ba0 0x0
core   0: 0x800072c4 (0x0092fcb3) and     s9, t0, s1
core   0: 3 0x800072c4 (0x0092fcb3) x25 0x00000040
core   0: 0x800072c8 (0xff70d683) lhu     a3, -9(ra)
core   0: 3 0x800072c8 (0xff70d683) x13 0x00004400 mem 0x80015b8e
core   0: 0x800072cc (0x0000ee97) auipc   t4, 0xe
core   0: 3 0x800072cc (0x0000ee97) x29 0x800152cc
core   0: 0x800072d0 (0x733e8e93) addi    t4, t4, 1843
core   0: 3 0x800072d0 (0x733e8e93) x29 0x800159ff
core   0: 0x800072d4 (0x0cce86a3) sb      a2, 205(t4)
core   0: 3 0x800072d4 (0x0cce86a3) mem 0x80015acc 0x4
core   0: 0x800072d8 (0x0cdea883) lw      a7, 205(t4)
core   0: 3 0x800072d8 (0x0cdea883) x17 0x84858604 mem 0x80015acc
core   0: 0x800072dc (0x31d97493) andi    s1, s2, 797
core   0: 3 0x800072dc (0x31d97493) x 9 0x00000004
core   0: 0x800072e0 (0x0cde9a83) lh      s5, 205(t4)
core   0: 3 0x800072e0 (0x0cde9a83) x21 0xffff8604 mem 0x80015acc
core   0: 0x800072e4 (0x0c5ea6a3) sw      t0, 205(t4)
core   0: 3 0x800072e4 (0x0c5ea6a3) mem 0x80015acc 0x00000042
core   0: 0x800072e8 (0x0cde9b03) lh      s6, 205(t4)
core   0: 3 0x800072e8 (0x0cde9b03) x22 0x00000042 mem 0x80015acc
core   0: 0x800072ec (0x0cde8f83) lb      t6, 205(t4)
core   0: 3 0x800072ec (0x0cde8f83) x31 0x00000042 mem 0x80015acc
core   0: 0x800072f0 (0xfd4e8b23) sb      s4, -42(t4)
core   0: 3 0x800072f0 (0xfd4e8b23) mem 0x800159d5 0x36
core   0: 0x800072f4 (0x5c254993) xori    s3, a0, 1474
core   0: 3 0x800072f4 (0x5c254993) x19 0x00000598
core   0: 0x800072f8 (0xfd5e8b23) sb      s5, -42(t4)
core   0: 3 0x800072f8 (0xfd5e8b23) mem 0x800159d5 0x4
core   0: 0x800072fc (0x059e8e03) lb      t3, 89(t4)
core   0: 3 0x800072fc (0x059e8e03) x28 0x00000013 mem 0x80015a58
core   0: 0x80007300 (0x059ed503) lhu     a0, 89(t4)
core   0: 3 0x80007300 (0x059ed503) x10 0x0000cd13 mem 0x80015a58
core   0: 0x80007304 (0x059ec483) lbu     s1, 89(t4)
core   0: 3 0x80007304 (0x059ec483) x 9 0x00000013 mem 0x80015a58
core   0: 0x80007308 (0xf7ce8223) sb      t3, -156(t4)
core   0: 3 0x80007308 (0xf7ce8223) mem 0x80015963 0x13
core   0: 0x8000730c (0xf64e8d83) lb      s11, -156(t4)
core   0: 3 0x8000730c (0xf64e8d83) x27 0x00000013 mem 0x80015963
core   0: 0x80007310 (0x41985cb3) sra     s9, a6, s9
core   0: 3 0x80007310 (0x41985cb3) x25 0x7ffcf09b
core   0: 0x80007314 (0xf64ecb03) lbu     s6, -156(t4)
core   0: 3 0x80007314 (0xf64ecb03) x22 0x00000013 mem 0x80015963
core   0: 0x80007318 (0x013fc433) xor     s0, t6, s3
core   0: 3 0x80007318 (0x013fc433) x 8 0x000005da
core   0: 0x8000731c (0x011c6bb3) or      s7, s8, a7
core   0: 3 0x8000731c (0x011c6bb3) x23 0xffffff0d
core   0: 0x80007320 (0xf64e8b83) lb      s7, -156(t4)
core   0: 3 0x80007320 (0xf64e8b83) x23 0x00000013 mem 0x80015963
core   0: 0x80007324 (0x0000e817) auipc   a6, 0xe
core   0: 3 0x80007324 (0x0000e817) x16 0x80015324
core   0: 0x80007328 (0xf1280813) addi    a6, a6, -238
core   0: 3 0x80007328 (0xf1280813) x16 0x80015236
core   0: 0x8000732c (0xff684d83) lbu     s11, -10(a6)
core   0: 3 0x8000732c (0xff684d83) x27 0x000000e7 mem 0x8001522c
core   0: 0x80007330 (0xff182b23) sw      a7, -10(a6)
core   0: 3 0x80007330 (0xff182b23) mem 0x8001522c 0x84858604
core   0: 0x80007334 (0xff681183) lh      gp, -10(a6)
core   0: 3 0x80007334 (0xff681183) x 3 0xffff8604 mem 0x8001522c
core   0: 0x80007338 (0xff680083) lb      ra, -10(a6)
core   0: 3 0x80007338 (0xff680083) x 1 0x00000004 mem 0x8001522c
core   0: 0x8000733c (0xff184c83) lbu     s9, -15(a6)
core   0: 3 0x8000733c (0xff184c83) x25 0x000000dc mem 0x80015227
core   0: 0x80007340 (0x00070333) add     t1, a4, zero
core   0: 3 0x80007340 (0x00070333) x 6 0x00000084
core   0: 0x80007344 (0xff184303) lbu     t1, -15(a6)
core   0: 3 0x80007344 (0xff184303) x 6 0x000000dc mem 0x80015227
core   0: 0x80007348 (0xff180d83) lb      s11, -15(a6)
core   0: 3 0x80007348 (0xff180d83) x27 0xffffffdc mem 0x80015227
core   0: 0x8000734c (0x019218b3) sll     a7, tp, s9
core   0: 3 0x8000734c (0x019218b3) x17 0x50000000
core   0: 0x80007350 (0x01780203) lb      tp, 23(a6)
core   0: 3 0x80007350 (0x01780203) x 4 0x00000006 mem 0x8001524d
core   0: 0x80007354 (0x01f80903) lb      s2, 31(a6)
core   0: 3 0x80007354 (0x01f80903) x18 0x0000000e mem 0x80015255
core   0: 0x80007358 (0x01f80e03) lb      t3, 31(a6)
core   0: 3 0x80007358 (0x01f80e03) x28 0x0000000e mem 0x80015255
core   0: 0x8000735c (0xfc481a83) lh      s5, -60(a6)
core   0: 3 0x8000735c (0xfc481a83) x21 0xffffb0b1 mem 0x800151fa
core   0: 0x80007360 (0xfc184883) lbu     a7, -63(a6)
core   0: 3 0x80007360 (0xfc184883) x17 0x000000ac mem 0x800151f7
core   0: 0x80007364 (0xfc180f83) lb      t6, -63(a6)
core   0: 3 0x80007364 (0xfc180f83) x31 0xffffffac mem 0x800151f7
core   0: 0x80007368 (0xfc184e03) lbu     t3, -63(a6)
core   0: 3 0x80007368 (0xfc184e03) x28 0x000000ac mem 0x800151f7
core   0: 0x8000736c (0x006fd513) srli    a0, t6, 6
core   0: 3 0x8000736c (0x006fd513) x10 0x03fffffe
core   0: 0x80007370 (0x00997ab3) and     s5, s2, s1
core   0: 3 0x80007370 (0x00997ab3) x21 0x00000002
core   0: 0x80007374 (0x00e19d13) slli    s10, gp, 14
core   0: 3 0x80007374 (0x00e19d13) x26 0xe1810000
core   0: 0x80007378 (0xfdf80883) lb      a7, -33(a6)
core   0: 3 0x80007378 (0xfdf80883) x17 0xffffffce mem 0x80015215
core   0: 0x8000737c (0x02580823) sb      t0, 48(a6)
core   0: 3 0x8000737c (0x02580823) mem 0x80015266 0x42
core   0: 0x80007380 (0x02281183) lh      gp, 34(a6)
core   0: 3 0x80007380 (0x02281183) x 3 0xffffffb2 mem 0x80015258
core   0: 0x80007384 (0x001cf533) and     a0, s9, ra
core   0: 3 0x80007384 (0x001cf533) x10 0x00000004
core   0: 0x80007388 (0x00b78f33) add     t5, a5, a1
core   0: 3 0x80007388 (0x00b78f33) x30 0x80000035
core   0: 0x8000738c (0xfd085a83) lhu     s5, -48(a6)
core   0: 3 0x8000738c (0xfd085a83) x21 0x0000bcbd mem 0x80015206
core   0: 0x80007390 (0xfd280823) sb      s2, -48(a6)
core   0: 3 0x80007390 (0xfd280823) mem 0x80015206 0xe
core   0: 0x80007394 (0x0000fd17) auipc   s10, 0xf
core   0: 3 0x80007394 (0x0000fd17) x26 0x80016394
core   0: 0x80007398 (0xc01d0d13) addi    s10, s10, -1023
core   0: 3 0x80007398 (0xc01d0d13) x26 0x80015f95
core   0: 0x8000739c (0xf36d04a3) sb      s6, -215(s10)
core   0: 3 0x8000739c (0xf36d04a3) mem 0x80015ebe 0x13
core   0: 0x800073a0 (0xb1cf2013) slti    zero, t5, -1252
core   0: 3 0x800073a0 (0xb1cf2013)
core   0: 0x800073a4 (0x0057aa33) slt     s4, a5, t0
core   0: 3 0x800073a4 (0x0057aa33) x20 0x00000001
core   0: 0x800073a8 (0x00000013) nop
core   0: 3 0x800073a8 (0x00000013)
core   0: 0x800073ac (0x016f89b3) add     s3, t6, s6
core   0: 3 0x800073ac (0x016f89b3) x19 0xffffffbf
core   0: 0x800073b0 (0xff1d5c83) lhu     s9, -15(s10)
core   0: 3 0x800073b0 (0xff1d5c83) x25 0x00003c3d mem 0x80015f86
core   0: 0x800073b4 (0xf59d5e03) lhu     t3, -167(s10)
core   0: 3 0x800073b4 (0xf59d5e03) x28 0x0000a4a5 mem 0x80015eee
core   0: 0x800073b8 (0x01cd4903) lbu     s2, 28(s10)
core   0: 3 0x800073b8 (0x01cd4903) x18 0x0000006a mem 0x80015fb1
core   0: 0x800073bc (0x072d0883) lb      a7, 114(s10)
core   0: 3 0x800073bc (0x072d0883) x17 0xffffffbc mem 0x80016007
core   0: 0x800073c0 (0x01c95ab3) srl     s5, s2, t3
core   0: 3 0x800073c0 (0x01c95ab3) x21 0x00000003
core   0: 0x800073c4 (0x01436833) or      a6, t1, s4
core   0: 3 0x800073c4 (0x01436833) x16 0x000000dd
core   0: 0x800073c8 (0x110c3813) sltiu   a6, s8, 272
core   0: 3 0x800073c8 (0x110c3813) x16 0x00000000
core   0: 0x800073cc (0xf95d4983) lbu     s3, -107(s10)
core   0: 3 0x800073cc (0xf95d4983) x19 0x000000e1 mem 0x80015f2a
core   0: 0x800073d0 (0x01c5e9b3) or      s3, a1, t3
core   0: 3 0x800073d0 (0x01c5e9b3) x19 0x8000a4a5
core   0: 0x800073d4 (0x88d88213) addi    tp, a7, -1907
core   0: 3 0x800073d4 (0x88d88213) x 4 0xfffff849
core   0: 0x800073d8 (0x012e6b33) or      s6, t3, s2
core   0: 3 0x800073d8 (0x012e6b33) x22 0x0000a4ef
core   0: 0x800073dc (0x01419a33) sll     s4, gp, s4
core   0: 3 0x800073dc (0x01419a33) x20 0xffffff64
core   0: 0x800073e0 (0x009f99b3) sll     s3, t6, s1
core   0: 3 0x800073e0 (0x009f99b3) x19 0xfd600000
core   0: 0x800073e4 (0x00000013) nop
core   0: 3 0x800073e4 (0x00000013)
core   0: 0x800073e8 (0x2b8d2493) slti    s1, s10, 696
core   0: 3 0x800073e8 (0x2b8d2493) x 9 0x00000001
core   0: 0x800073ec (0xf10d0b23) sb      a6, -234(s10)
core   0: 3 0x800073ec (0xf10d0b23) mem 0x80015eab 0x0
core   0: 0x800073f0 (0x034d4983) lbu     s3, 52(s10)
core   0: 3 0x800073f0 (0x034d4983) x19 0x00000082 mem 0x80015fc9
core   0: 0x800073f4 (0x00000013) nop
core   0: 3 0x800073f4 (0x00000013)
core   0: 0x800073f8 (0x009d1ca3) sh      s1, 25(s10)
core   0: 3 0x800073f8 (0x009d1ca3) mem 0x80015fae 0x0001
core   0: 0x800073fc (0xf89d4683) lbu     a3, -119(s10)
core   0: 3 0x800073fc (0xf89d4683) x13 0x000000d5 mem 0x80015f1e
core   0: 0x80007400 (0x00339fb3) sll     t6, t2, gp
core   0: 3 0x80007400 (0x00339fb3) x31 0x00f00000
core   0: 0x80007404 (0xf24d4283) lbu     t0, -220(s10)
core   0: 3 0x80007404 (0xf24d4283) x 5 0x00000072 mem 0x80015eb9
core   0: 0x80007408 (0x25f36337) lui     t1, 0x25f36
core   0: 3 0x80007408 (0x25f36337) x 6 0x25f36000
core   0: 0x8000740c (0x01d4e9b3) or      s3, s1, t4
core   0: 3 0x8000740c (0x01d4e9b3) x19 0x800159ff
core   0: 0x80007410 (0x091d1b83) lh      s7, 145(s10)
core   0: 3 0x80007410 (0x091d1b83) x23 0xffffdcf2 mem 0x80016026
core   0: 0x80007414 (0xebc9bc93) sltiu   s9, s3, -324
core   0: 3 0x80007414 (0xebc9bc93) x25 0x00000001
core   0: 0x80007418 (0x03bd1683) lh      a3, 59(s10)
core   0: 3 0x80007418 (0x03bd1683) x13 0xffff8a8b mem 0x80015fd0
core   0: 0x8000741c (0x00295533) srl     a0, s2, sp
core   0: 3 0x8000741c (0x00295533) x10 0x00000006
core   0: 0x80007420 (0x07bd0003) lb      zero, 123(s10)
core   0: 3 0x80007420 (0x07bd0003) mem 0x80016010
core   0: 0x80007424 (0x0a187313) andi    t1, a6, 161
core   0: 3 0x80007424 (0x0a187313) x 6 0x00000000
core   0: 0x80007428 (0xf7cd00a3) sb      t3, -159(s10)
core   0: 3 0x80007428 (0xf7cd00a3) mem 0x80015ef6 0xa5
core   0: 0x8000742c (0x01874e33) xor     t3, a4, s8
core   0: 3 0x8000742c (0x01874e33) x28 0xfffffb8d
core   0: 0x80007430 (0x9056e8b7) lui     a7, 0x9056e
core   0: 3 0x80007430 (0x9056e8b7) x17 0x9056e000
core   0: 0x80007434 (0x00000013) nop
core   0: 3 0x80007434 (0x00000013)
core   0: 0x80007438 (0x07bd14a3) sh      s11, 105(s10)
core   0: 3 0x80007438 (0x07bd14a3) mem 0x80015ffe 0xffdc
core   0: 0x8000743c (0x048d1fa3) sh      s0, 95(s10)
core   0: 3 0x8000743c (0x048d1fa3) mem 0x80015ff4 0x05da
core   0: 0x80007440 (0xf08d2ba3) sw      s0, -233(s10)
core   0: 3 0x80007440 (0xf08d2ba3) mem 0x80015eac 0x000005da
core   0: 0x80007444 (0xffad0503) lb      a0, -6(s10)
core   0: 3 0x80007444 (0xffad0503) x10 0x00000044 mem 0x80015f8f
core   0: 0x80007448 (0x0000ee97) auipc   t4, 0xe
core   0: 3 0x80007448 (0x0000ee97) x29 0x80015448
core   0: 0x8000744c (0x3dce8e93) addi    t4, t4, 988
core   0: 3 0x8000744c (0x3dce8e93) x29 0x80015824
core   0: 0x80007450 (0xce8ea623) sw      s0, -788(t4)
core   0: 3 0x80007450 (0xce8ea623) mem 0x80015510 0x000005da
core   0: 0x80007454 (0xceaea623) sw      a0, -788(t4)
core   0: 3 0x80007454 (0xceaea623) mem 0x80015510 0x00000044
core   0: 0x80007458 (0xcf3e9623) sh      s3, -788(t4)
core   0: 3 0x80007458 (0xcf3e9623) mem 0x80015510 0x59ff
core   0: 0x8000745c (0xcecedd03) lhu     s10, -788(t4)
core   0: 3 0x8000745c (0xcecedd03) x26 0x000059ff mem 0x80015510
core   0: 0x80007460 (0xcecec983) lbu     s3, -788(t4)
core   0: 3 0x80007460 (0xcecec983) x19 0x000000ff mem 0x80015510
core   0: 0x80007464 (0xcfbe8623) sb      s11, -788(t4)
core   0: 3 0x80007464 (0xcfbe8623) mem 0x80015510 0xdc
core   0: 0x80007468 (0xcfee9623) sh      t5, -788(t4)
core   0: 3 0x80007468 (0xcfee9623) mem 0x80015510 0x0035
core   0: 0x8000746c (0xcece9c83) lh      s9, -788(t4)
core   0: 3 0x8000746c (0xcece9c83) x25 0x00000035 mem 0x80015510
core   0: 0x80007470 (0x957e2493) slti    s1, t3, -1705
core   0: 3 0x80007470 (0x957e2493) x 9 0x00000000
core   0: 0x80007474 (0x882f3917) auipc   s2, 0x882f3
core   0: 3 0x80007474 (0x882f3917) x18 0x082fa474
core   0: 0x80007478 (0xcecec083) lbu     ra, -788(t4)
core   0: 3 0x80007478 (0xcecec083) x 1 0x00000035 mem 0x80015510
core   0: 0x8000747c (0xcece8e03) lb      t3, -788(t4)
core   0: 3 0x8000747c (0xcece8e03) x28 0x00000035 mem 0x80015510
core   0: 0x80007480 (0x0ff0000f) fence   iorw,iorw
core   0: 3 0x80007480 (0x0ff0000f)
core   0: 0x80007484 (0xcece9c83) lh      s9, -788(t4)
core   0: 3 0x80007484 (0xcece9c83) x25 0x00000035 mem 0x80015510
core   0: 0x80007488 (0xcecec303) lbu     t1, -788(t4)
core   0: 3 0x80007488 (0xcecec303) x 6 0x00000035 mem 0x80015510
core   0: 0x8000748c (0xcece8c83) lb      s9, -788(t4)
core   0: 3 0x8000748c (0xcece8c83) x25 0x00000035 mem 0x80015510
core   0: 0x80007490 (0xcece8c83) lb      s9, -788(t4)
core   0: 3 0x80007490 (0xcece8c83) x25 0x00000035 mem 0x80015510
core   0: 0x80007494 (0xcf9e9623) sh      s9, -788(t4)
core   0: 3 0x80007494 (0xcf9e9623) mem 0x80015510 0x0035
core   0: 0x80007498 (0xcfbea623) sw      s11, -788(t4)
core   0: 3 0x80007498 (0xcfbea623) mem 0x80015510 0xffffffdc
core   0: 0x8000749c (0xceced003) lhu     zero, -788(t4)
core   0: 3 0x8000749c (0xceced003) mem 0x80015510
core   0: 0x800074a0 (0xce9e8623) sb      s1, -788(t4)
core   0: 3 0x800074a0 (0xce9e8623) mem 0x80015510 0x0
core   0: 0x800074a4 (0x0001af97) auipc   t6, 0x1a
core   0: 3 0x800074a4 (0x0001af97) x31 0x800214a4
core   0: 0x800074a8 (0xeabf8f93) addi    t6, t6, -341
core   0: 3 0x800074a8 (0xeabf8f93) x31 0x8002134f
core   0: 0x800074ac (0x00000013) nop
core   0: 3 0x800074ac (0x00000013)
core   0: 0x800074b0 (0x0094df13) srli    t5, s1, 9
core   0: 3 0x800074b0 (0x0094df13) x30 0x00000000
core   0: 0x800074b4 (0xfe9faea3) sw      s1, -3(t6)
core   0: 3 0x800074b4 (0xfe9faea3) mem 0x8002134c 0x00000000
core   0: 0x800074b8 (0x87e8e713) ori     a4, a7, -1922
core   0: 3 0x800074b8 (0x87e8e713) x14 0xfffff87e
core   0: 0x800074bc (0xf0125897) auipc   a7, 0xf0125
core   0: 3 0x800074bc (0xf0125897) x17 0x7012c4bc
core   0: 0x800074c0 (0x6a92dd37) lui     s10, 0x6a92d
core   0: 3 0x800074c0 (0x6a92dd37) x26 0x6a92d000
core   0: 0x800074c4 (0x006fc483) lbu     s1, 6(t6)
core   0: 3 0x800074c4 (0x006fc483) x 9 0x0000000e mem 0x80021355
core   0: 0x800074c8 (0x40925c93) srai    s9, tp, 9
core   0: 3 0x800074c8 (0x40925c93) x25 0xfffffffc
core   0: 0x800074cc (0x46c55497) auipc   s1, 0x46c55
core   0: 3 0x800074cc (0x46c55497) x 9 0xc6c5c4cc
core   0: 0x800074d0 (0x001fd983) lhu     s3, 1(t6)
core   0: 3 0x800074d0 (0x001fd983) x19 0x00000a0b mem 0x80021350
core   0: 0x800074d4 (0x008712b3) sll     t0, a4, s0
core   0: 3 0x800074d4 (0x008712b3) x 5 0xf8000000
core   0: 0x800074d8 (0x41268433) sub     s0, a3, s2
core   0: 3 0x800074d8 (0x41268433) x 8 0xf7cfe617
core   0: 0x800074dc (0x019f8323) sb      s9, 6(t6)
core   0: 3 0x800074dc (0x019f8323) mem 0x80021355 0xfc
core   0: 0x800074e0 (0xf71f4993) xori    s3, t5, -143
core   0: 3 0x800074e0 (0xf71f4993) x19 0xffffff71
core   0: 0x800074e4 (0xffbfa8a3) sw      s11, -15(t6)
core   0: 3 0x800074e4 (0xffbfa8a3) mem 0x80021340 0xffffffdc
core   0: 0x800074e8 (0xff6f8803) lb      a6, -10(t6)
core   0: 3 0x800074e8 (0xff6f8803) x16 0xfffffffe mem 0x80021345
core   0: 0x800074ec (0x00dfc903) lbu     s2, 13(t6)
core   0: 3 0x800074ec (0x00dfc903) x18 0x00000017 mem 0x8002135c
core   0: 0x800074f0 (0x006f8723) sb      t1, 14(t6)
core   0: 3 0x800074f0 (0x006f8723) mem 0x8002135d 0x35
core   0: 0x800074f4 (0x404d0833) sub     a6, s10, tp
core   0: 3 0x800074f4 (0x404d0833) x16 0x6a92d7b7
core   0: 0x800074f8 (0x4068dc33) sra     s8, a7, t1
core   0: 3 0x800074f8 (0x4068dc33) x24 0x00000380
core   0: 0x800074fc (0xff4fc703) lbu     a4, -12(t6)
core   0: 3 0x800074fc (0xff4fc703) x14 0x000000ff mem 0x80021343
core   0: 0x80007500 (0x00ecedb3) or      s11, s9, a4
core   0: 3 0x80007500 (0x00ecedb3) x27 0xffffffff
core   0: 0x80007504 (0x006fca03) lbu     s4, 6(t6)
core   0: 3 0x80007504 (0x006fca03) x20 0x000000fc mem 0x80021355
core   0: 0x80007508 (0xfe5f8a23) sb      t0, -12(t6)
core   0: 3 0x80007508 (0xfe5f8a23) mem 0x80021343 0x0
core   0: 0x8000750c (0x0000e217) auipc   tp, 0xe
core   0: 3 0x8000750c (0x0000e217) x 4 0x8001550c
core   0: 0x80007510 (0x11a20213) addi    tp, tp, 282
core   0: 3 0x80007510 (0x11a20213) x 4 0x80015626
core   0: 0x80007514 (0x0196bbb3) sltu    s7, a3, s9
core   0: 3 0x80007514 (0x0196bbb3) x23 0x00000001
core   0: 0x80007518 (0xf1921623) sh      s9, -244(tp)
core   0: 3 0x80007518 (0xf1921623) mem 0x80015532 0xfffc
core   0: 0x8000751c (0xf9924303) lbu     t1, -103(tp)
core   0: 3 0x8000751c (0xf9924303) x 6 0x00000074 mem 0x800155bf
core   0: 0x80007520 (0x08d21d23) sh      a3, 154(tp)
core   0: 3 0x80007520 (0x08d21d23) mem 0x800156c0 0x8a8b
core   0: 0x80007524 (0x003d29b3) slt     s3, s10, gp
core   0: 3 0x80007524 (0x003d29b3) x19 0x00000000
core   0: 0x80007528 (0xf0022523) sw      zero, -246(tp)
core   0: 3 0x80007528 (0xf0022523) mem 0x80015530 0x00000000
core   0: 0x8000752c (0x60bdfa13) andi    s4, s11, 1547
core   0: 3 0x8000752c (0x60bdfa13) x20 0x0000060b
core   0: 0x80007530 (0x014ea7b3) slt     a5, t4, s4
core   0: 3 0x80007530 (0x014ea7b3) x15 0x00000001
core   0: 0x80007534 (0x413d5933) sra     s2, s10, s3
core   0: 3 0x80007534 (0x413d5933) x18 0x6a92d000
core   0: 0x80007538 (0x1d724db7) lui     s11, 0x1d724
core   0: 3 0x80007538 (0x1d724db7) x27 0x1d724000
core   0: 0x8000753c (0x41cd09b3) sub     s3, s10, t3
core   0: 3 0x8000753c (0x41cd09b3) x19 0x6a92cfcb
core   0: 0x80007540 (0xfa120283) lb      t0, -95(tp)
core   0: 3 0x80007540 (0xfa120283) x 5 0x0000007c mem 0x800155c7
core   0: 0x80007544 (0x01d8d733) srl     a4, a7, t4
core   0: 3 0x80007544 (0x01d8d733) x14 0x07012c4b
core   0: 0x80007548 (0xfeb20b03) lb      s6, -21(tp)
core   0: 3 0x80007548 (0xfeb20b03) x22 0xffffffca mem 0x80015611
core   0: 0x8000754c (0xf7120c03) lb      s8, -143(tp)
core   0: 3 0x8000754c (0xf7120c03) x24 0x0000004c mem 0x80015597
core   0: 0x80007550 (0x40e8d8b3) sra     a7, a7, a4
core   0: 3 0x80007550 (0x40e8d8b3) x17 0x000e0258
core   0: 0x80007554 (0x0ff0000f) fence   iorw,iorw
core   0: 3 0x80007554 (0x0ff0000f)
core   0: 0x80007558 (0x0ce22c83) lw      s9, 206(tp)
core   0: 3 0x80007558 (0x0ce22c83) x25 0xacadaeaf mem 0x800156f4
core   0: 0x8000755c (0x01e95493) srli    s1, s2, 30
core   0: 3 0x8000755c (0x01e95493) x 9 0x00000001
core   0: 0x80007560 (0x9f8b2313) slti    t1, s6, -1544
core   0: 3 0x80007560 (0x9f8b2313) x 6 0x00000000
core   0: 0x80007564 (0xf0106b13) ori     s6, zero, -255
core   0: 3 0x80007564 (0xf0106b13) x22 0xffffff01
core   0: 0x80007568 (0x01a490b3) sll     ra, s1, s10
core   0: 3 0x80007568 (0x01a490b3) x 1 0x00000001
core   0: 0x8000756c (0xf5520383) lb      t2, -171(tp)
core   0: 3 0x8000756c (0xf5520383) x 7 0x00000030 mem 0x8001557b
core   0: 0x80007570 (0x01eb04b3) add     s1, s6, t5
core   0: 3 0x80007570 (0x01eb04b3) x 9 0xffffff01
core   0: 0x80007574 (0x04425d83) lhu     s11, 68(tp)
core   0: 3 0x80007574 (0x04425d83) x27 0x00002021 mem 0x8001566a
core   0: 0x80007578 (0xe2726093) ori     ra, tp, -473
core   0: 3 0x80007578 (0xe2726093) x 1 0xfffffe27
core   0: 0x8000757c (0xf0922523) sw      s1, -246(tp)
core   0: 3 0x8000757c (0xf0922523) mem 0x80015530 0xffffff01
core   0: 0x80007580 (0x00000013) nop
core   0: 3 0x80007580 (0x00000013)
core   0: 0x80007584 (0xf8124303) lbu     t1, -127(tp)
core   0: 3 0x80007584 (0xf8124303) x 6 0x0000005c mem 0x800155a7
core   0: 0x80007588 (0xfff20523) sb      t6, -22(tp)
core   0: 3 0x80007588 (0xfff20523) mem 0x80015610 0x4f
core   0: 0x8000758c (0x04120683) lb      a3, 65(tp)
core   0: 3 0x8000758c (0x04120683) x13 0x00000040 mem 0x80015667
core   0: 0x80007590 (0x03924803) lbu     a6, 57(tp)
core   0: 3 0x80007590 (0x03924803) x16 0x00000014 mem 0x8001565f
core   0: 0x80007594 (0x0000fc97) auipc   s9, 0xf
core   0: 3 0x80007594 (0x0000fc97) x25 0x80016594
core   0: 0x80007598 (0xe1ac8c93) addi    s9, s9, -486
core   0: 3 0x80007598 (0xe1ac8c93) x25 0x800163ae
core   0: 0x8000759c (0x0ff0000f) fence   iorw,iorw
core   0: 3 0x8000759c (0x0ff0000f)
core   0: 0x800075a0 (0x00000013) nop
core   0: 3 0x800075a0 (0x00000013)
core   0: 0x800075a4 (0x002ee733) or      a4, t4, sp
core   0: 3 0x800075a4 (0x002ee733) x14 0x8003fce4
core   0: 0x800075a8 (0x299c8da3) sb      s9, 667(s9)
core   0: 3 0x800075a8 (0x299c8da3) mem 0x80016649 0xae
core   0: 0x800075ac (0x29bcc403) lbu     s0, 667(s9)
core   0: 3 0x800075ac (0x29bcc403) x 8 0x000000ae mem 0x80016649
core   0: 0x800075b0 (0x29bcc183) lbu     gp, 667(s9)
core   0: 3 0x800075b0 (0x29bcc183) x 3 0x000000ae mem 0x80016649
core   0: 0x800075b4 (0x283c8da3) sb      gp, 667(s9)
core   0: 3 0x800075b4 (0x283c8da3) mem 0x80016649 0xae
core   0: 0x800075b8 (0x29bc8903) lb      s2, 667(s9)
core   0: 3 0x800075b8 (0x29bc8903) x18 0xffffffae mem 0x80016649
core   0: 0x800075bc (0x16d53e13) sltiu   t3, a0, 365
core   0: 3 0x800075bc (0x16d53e13) x28 0x00000001
core   0: 0x800075c0 (0x28ac8da3) sb      a0, 667(s9)
core   0: 3 0x800075c0 (0x28ac8da3) mem 0x80016649 0x44
core   0: 0x800075c4 (0x29bc8683) lb      a3, 667(s9)
core   0: 3 0x800075c4 (0x29bc8683) x13 0x00000044 mem 0x80016649
core   0: 0x800075c8 (0x29fc8da3) sb      t6, 667(s9)
core   0: 3 0x800075c8 (0x29fc8da3) mem 0x80016649 0x4f
core   0: 0x800075cc (0x90834893) xori    a7, t1, -1784
core   0: 3 0x800075cc (0x90834893) x17 0xfffff954
core   0: 0x800075d0 (0x406901b3) sub     gp, s2, t1
core   0: 3 0x800075d0 (0x406901b3) x 3 0xffffff52
core   0: 0x800075d4 (0x28fc8da3) sb      a5, 667(s9)
core   0: 3 0x800075d4 (0x28fc8da3) mem 0x80016649 0x1
core   0: 0x800075d8 (0x298c8da3) sb      s8, 667(s9)
core   0: 3 0x800075d8 (0x298c8da3) mem 0x80016649 0x4c
core   0: 0x800075dc (0x28ec8da3) sb      a4, 667(s9)
core   0: 3 0x800075dc (0x28ec8da3) mem 0x80016649 0xe4
core   0: 0x800075e0 (0x29bcce83) lbu     t4, 667(s9)
core   0: 3 0x800075e0 (0x29bcce83) x29 0x000000e4 mem 0x80016649
core   0: 0x800075e4 (0x29bcce03) lbu     t3, 667(s9)
core   0: 3 0x800075e4 (0x29bcce03) x28 0x000000e4 mem 0x80016649
core   0: 0x800075e8 (0x298c8da3) sb      s8, 667(s9)
core   0: 3 0x800075e8 (0x298c8da3) mem 0x80016649 0x4c
core   0: 0x800075ec (0x29bcc303) lbu     t1, 667(s9)
core   0: 3 0x800075ec (0x29bcc303) x 6 0x0000004c mem 0x80016649
core   0: 0x800075f0 (0x29bcc983) lbu     s3, 667(s9)
core   0: 3 0x800075f0 (0x29bcc983) x19 0x0000004c mem 0x80016649
core   0: 0x800075f4 (0x0000f297) auipc   t0, 0xf
core   0: 3 0x800075f4 (0x0000f297) x 5 0x800165f4
core   0: 0x800075f8 (0x94628293) addi    t0, t0, -1722
core   0: 3 0x800075f8 (0x94628293) x 5 0x80015f3a
core   0: 0x800075fc (0x0062d903) lhu     s2, 6(t0)
core   0: 3 0x800075fc (0x0062d903) x18 0x00000001 mem 0x80015f40
core   0: 0x80007600 (0x8e524193) xori    gp, tp, -1819
core   0: 3 0x80007600 (0x8e524193) x 3 0x7ffeaec3
core   0: 0x80007604 (0x0062c503) lbu     a0, 6(t0)
core   0: 3 0x80007604 (0x0062c503) x10 0x00000001 mem 0x80015f40
core   0: 0x80007608 (0x0ff0000f) fence   iorw,iorw
core   0: 3 0x80007608 (0x0ff0000f)
core   0: 0x8000760c (0x00429323) sh      tp, 6(t0)
core   0: 3 0x8000760c (0x00429323) mem 0x80015f40 0x5626
core   0: 0x80007610 (0x016101b3) add     gp, sp, s6
core   0: 3 0x80007610 (0x016101b3) x 3 0x8002ebe5
core   0: 0x80007614 (0x0082a323) sw      s0, 6(t0)
core   0: 3 0x80007614 (0x0082a323) mem 0x80015f40 0x000000ae
core   0: 0x80007618 (0x0062cc83) lbu     s9, 6(t0)
core   0: 3 0x80007618 (0x0062cc83) x25 0x000000ae mem 0x80015f40
core   0: 0x8000761c (0xfc6285a3) sb      t1, -53(t0)
core   0: 3 0x8000761c (0xfc6285a3) mem 0x80015f05 0x4c
core   0: 0x80007620 (0x0ff0000f) fence   iorw,iorw
core   0: 3 0x80007620 (0x0ff0000f)
core   0: 0x80007624 (0xfcb28d03) lb      s10, -53(t0)
core   0: 3 0x80007624 (0xfcb28d03) x26 0x0000004c mem 0x80015f05
core   0: 0x80007628 (0xfcb2c503) lbu     a0, -53(t0)
core   0: 3 0x80007628 (0xfcb2c503) x10 0x0000004c mem 0x80015f05
core   0: 0x8000762c (0xfc9285a3) sb      s1, -53(t0)
core   0: 3 0x8000762c (0xfc9285a3) mem 0x80015f05 0x1
core   0: 0x80007630 (0xfca285a3) sb      a0, -53(t0)
core   0: 3 0x80007630 (0xfca285a3) mem 0x80015f05 0x4c
core   0: 0x80007634 (0xb98af513) andi    a0, s5, -1128
core   0: 3 0x80007634 (0xb98af513) x10 0x00000000
core   0: 0x80007638 (0x00b28c23) sb      a1, 24(t0)
core   0: 3 0x80007638 (0x00b28c23) mem 0x80015f52 0x0
core   0: 0x8000763c (0x01e29c23) sh      t5, 24(t0)
core   0: 3 0x8000763c (0x01e29c23) mem 0x80015f52 0x0000
core   0: 0x80007640 (0x01928c23) sb      s9, 24(t0)
core   0: 3 0x80007640 (0x01928c23) mem 0x80015f52 0xae
core   0: 0x80007644 (0x01829883) lh      a7, 24(t0)
core   0: 3 0x80007644 (0x01829883) x17 0x000000ae mem 0x80015f52
core   0: 0x80007648 (0x0182c183) lbu     gp, 24(t0)
core   0: 3 0x80007648 (0x0182c183) x 3 0x000000ae mem 0x80015f52
core   0: 0x8000764c (0x01828e03) lb      t3, 24(t0)
core   0: 3 0x8000764c (0x01828e03) x28 0xffffffae mem 0x80015f52
core   0: 0x80007650 (0x01828983) lb      s3, 24(t0)
core   0: 3 0x80007650 (0x01828983) x19 0xffffffae mem 0x80015f52
core   0: 0x80007654 (0x00018797) auipc   a5, 0x18
core   0: 3 0x80007654 (0x00018797) x15 0x8001f654
core   0: 0x80007658 (0xcf978793) addi    a5, a5, -775
core   0: 3 0x80007658 (0xcf978793) x15 0x8001f34d
core   0: 0x8000765c (0xfab78a23) sb      a1, -76(a5)
core   0: 3 0x8000765c (0xfab78a23) mem 0x8001f301 0x0
core   0: 0x80007660 (0xfb478a83) lb      s5, -76(a5)
core   0: 3 0x80007660 (0xfb478a83) x21 0x00000000 mem 0x8001f301
core   0: 0x80007664 (0x0000100f) fence.i
core   0: 3 0x80007664 (0x0000100f)
core   0: 0x80007668 (0xfb878a23) sb      s8, -76(a5)
core   0: 3 0x80007668 (0xfb878a23) mem 0x8001f301 0x4c
core   0: 0x8000766c (0xfb47cc83) lbu     s9, -76(a5)
core   0: 3 0x8000766c (0xfb47cc83) x25 0x0000004c mem 0x8001f301
core   0: 0x80007670 (0xfb47c703) lbu     a4, -76(a5)
core   0: 3 0x80007670 (0xfb47c703) x14 0x0000004c mem 0x8001f301
core   0: 0x80007674 (0xfaf78a23) sb      a5, -76(a5)
core   0: 3 0x80007674 (0xfaf78a23) mem 0x8001f301 0x4d
core   0: 0x80007678 (0xfb978a23) sb      s9, -76(a5)
core   0: 3 0x80007678 (0xfb978a23) mem 0x8001f301 0x4c
core   0: 0x8000767c (0xfb47cd83) lbu     s11, -76(a5)
core   0: 3 0x8000767c (0xfb47cd83) x27 0x0000004c mem 0x8001f301
core   0: 0x80007680 (0xfaa78a23) sb      a0, -76(a5)
core   0: 3 0x80007680 (0xfaa78a23) mem 0x8001f301 0x0
core   0: 0x80007684 (0xfb478c03) lb      s8, -76(a5)
core   0: 3 0x80007684 (0xfb478c03) x24 0x00000000 mem 0x8001f301
core   0: 0x80007688 (0xfb47cd03) lbu     s10, -76(a5)
core   0: 3 0x80007688 (0xfb47cd03) x26 0x00000000 mem 0x8001f301
core   0: 0x8000768c (0xfb47cf03) lbu     t5, -76(a5)
core   0: 3 0x8000768c (0xfb47cf03) x30 0x00000000 mem 0x8001f301
core   0: 0x80007690 (0xf3d7dd83) lhu     s11, -195(a5)
core   0: 3 0x80007690 (0xf3d7dd83) x27 0x00004041 mem 0x8001f28a
core   0: 0x80007694 (0xf3d7c483) lbu     s1, -195(a5)
core   0: 3 0x80007694 (0xf3d7c483) x 9 0x00000041 mem 0x8001f28a
core   0: 0x80007698 (0x01040fb3) add     t6, s0, a6
core   0: 3 0x80007698 (0x01040fb3) x31 0x000000c2
core   0: 0x8000769c (0xf3d78003) lb      zero, -195(a5)
core   0: 3 0x8000769c (0xf3d78003) mem 0x8001f28a
core   0: 0x800076a0 (0xffc78003) lb      zero, -4(a5)
core   0: 3 0x800076a0 (0xffc78003) mem 0x8001f349
core   0: 0x800076a4 (0xb72a4c93) xori    s9, s4, -1166
core   0: 3 0x800076a4 (0xb72a4c93) x25 0xfffffd79
core   0: 0x800076a8 (0xffc7c883) lbu     a7, -4(a5)
core   0: 3 0x800076a8 (0xffc7c883) x17 0x00000002 mem 0x8001f349
core   0: 0x800076ac (0xffc78983) lb      s3, -4(a5)
core   0: 3 0x800076ac (0xffc78983) x19 0x00000002 mem 0x8001f349
core   0: 0x800076b0 (0x01a9d733) srl     a4, s3, s10
core   0: 3 0x800076b0 (0x01a9d733) x14 0x00000002
core   0: 0x800076b4 (0x01db39b3) sltu    s3, s6, t4
core   0: 3 0x800076b4 (0x01db39b3) x19 0x00000000
core   0: 0x800076b8 (0x0000100f) fence.i
core   0: 3 0x800076b8 (0x0000100f)
core   0: 0x800076bc (0x00595013) srli    zero, s2, 5
core   0: 3 0x800076bc (0x00595013)
core   0: 0x800076c0 (0xfe378e23) sb      gp, -4(a5)
core   0: 3 0x800076c0 (0xfe378e23) mem 0x8001f349 0xae
core   0: 0x800076c4 (0x0000e317) auipc   t1, 0xe
core   0: 3 0x800076c4 (0x0000e317) x 6 0x800156c4
core   0: 0x800076c8 (0xa1130313) addi    t1, t1, -1519
core   0: 3 0x800076c8 (0xa1130313) x 6 0x800150d5
core   0: 0x800076cc (0x70634903) lbu     s2, 1798(t1)
core   0: 3 0x800076cc (0x70634903) x18 0x00000090 mem 0x800157db
core   0: 0x800076d0 (0x71e30323) sb      t5, 1798(t1)
core   0: 3 0x800076d0 (0x71e30323) mem 0x800157db 0x0
core   0: 0x800076d4 (0x70630003) lb      zero, 1798(t1)
core   0: 3 0x800076d4 (0x70630003) mem 0x800157db
core   0: 0x800076d8 (0x28630923) sb      t1, 658(t1)
core   0: 3 0x800076d8 (0x28630923) mem 0x80015367 0xd5
core   0: 0x800076dc (0x36f31da3) sh      a5, 891(t1)
core   0: 3 0x800076dc (0x36f31da3) mem 0x80015450 0xf34d
core   0: 0x800076e0 (0x0ff0000f) fence   iorw,iorw
core   0: 3 0x800076e0 (0x0ff0000f)
core   0: 0x800076e4 (0x37b35703) lhu     a4, 891(t1)
core   0: 3 0x800076e4 (0x37b35703) x14 0x0000f34d mem 0x80015450
core   0: 0x800076e8 (0x77c30803) lb      a6, 1916(t1)
core   0: 3 0x800076e8 (0x77c30803) x16 0x0000003d mem 0x80015851
core   0: 0x800076ec (0x38830d83) lb      s11, 904(t1)
core   0: 3 0x800076ec (0x38830d83) x27 0x00000058 mem 0x8001545d
core   0: 0x800076f0 (0x79030223) sb      a6, 1924(t1)
core   0: 3 0x800076f0 (0x79030223) mem 0x80015859 0x3d
core   0: 0x800076f4 (0x28b30ea3) sb      a1, 669(t1)
core   0: 3 0x800076f4 (0x28b30ea3) mem 0x80015372 0x0
core   0: 0x800076f8 (0x28331ea3) sh      gp, 669(t1)
core   0: 3 0x800076f8 (0x28331ea3) mem 0x80015372 0x00ae
core   0: 0x800076fc (0x28530ea3) sb      t0, 669(t1)
core   0: 3 0x800076fc (0x28530ea3) mem 0x80015372 0x3a
core   0: 0x80007700 (0x29d34083) lbu     ra, 669(t1)
core   0: 3 0x80007700 (0x29d34083) x 1 0x0000003a mem 0x80015372
core   0: 0x80007704 (0x28e31ea3) sh      a4, 669(t1)
core   0: 3 0x80007704 (0x28e31ea3) mem 0x80015372 0xf34d
core   0: 0x80007708 (0x29d34683) lbu     a3, 669(t1)
core   0: 3 0x80007708 (0x29d34683) x13 0x0000004d mem 0x80015372
core   0: 0x8000770c (0x29831ea3) sh      s8, 669(t1)
core   0: 3 0x8000770c (0x29831ea3) mem 0x80015372 0x0000
core   0: 0x80007710 (0x29630ea3) sb      s6, 669(t1)
core   0: 3 0x80007710 (0x29630ea3) mem 0x80015372 0x1
core   0: 0x80007714 (0x74732b83) lw      s7, 1863(t1)
core   0: 3 0x80007714 (0x74732b83) x23 0x1cd500d7 mem 0x8001581c
core   0: 0x80007718 (0x75d313a3) sh      t4, 1863(t1)
core   0: 3 0x80007718 (0x75d313a3) mem 0x8001581c 0x00e4
core   0: 0x8000771c (0x0ab32d03) lw      s10, 171(t1)
core   0: 3 0x8000771c (0x0ab32d03) x26 0x00003a3b mem 0x80015180
core   0: 0x80007720 (0x0000e297) auipc   t0, 0xe
core   0: 3 0x80007720 (0x0000e297) x 5 0x80015720
core   0: 0x80007724 (0x7ce28293) addi    t0, t0, 1998
core   0: 3 0x80007724 (0x7ce28293) x 5 0x80015eee
core   0: 0x80007728 (0xffa28ca3) sb      s10, -7(t0)
core   0: 3 0x80007728 (0xffa28ca3) mem 0x80015ee7 0x3b
core   0: 0x8000772c (0x00019917) auipc   s2, 0x19
core   0: 3 0x8000772c (0x00019917) x18 0x8002072c
core   0: 0x80007730 (0x24590913) addi    s2, s2, 581
core   0: 3 0x80007730 (0x24590913) x18 0x80020971
core   0: 0x80007734 (0x0132a523) sw      s3, 10(t0)
core   0: 3 0x80007734 (0x0132a523) mem 0x80015ef8 0x00000000
core   0: 0x80007738 (0x03f90623) sb      t6, 44(s2)
core   0: 3 0x80007738 (0x03f90623) mem 0x8002099d 0xc2
core   0: 0x8000773c (0xff229823) sh      s2, -16(t0)
core   0: 3 0x8000773c (0xff229823) mem 0x80015ede 0x0971
core   0: 0x80007740 (0xffa2ab03) lw      s6, -6(t0)
core   0: 3 0x80007740 (0xffa2ab03) x22 0xa0a1a2a3 mem 0x80015ee8
core   0: 0x80007744 (0xfdd90423) sb      t4, -56(s2)
core   0: 3 0x80007744 (0xfdd90423) mem 0x80020939 0xe4
core   0: 0x80007748 (0xf9290083) lb      ra, -110(s2)
core   0: 3 0x80007748 (0xf9290083) x 1 0xffffffb8 mem 0x80020903
core   0: 0x8000774c (0x07791aa3) sh      s7, 117(s2)
core   0: 3 0x8000774c (0x07791aa3) mem 0x800209e6 0x00d7
core   0: 0x80007750 (0xf2f95003) lhu     zero, -209(s2)
core   0: 3 0x80007750 (0xf2f95003) mem 0x800208a0
core   0: 0x80007754 (0xff92ce83) lbu     t4, -7(t0)
core   0: 3 0x80007754 (0xff92ce83) x29 0x0000003b mem 0x80015ee7
core   0: 0x80007758 (0xffc28fa3) sb      t3, -1(t0)
core   0: 3 0x80007758 (0xffc28fa3) mem 0x80015eed 0xae
core   0: 0x8000775c (0x09c94483) lbu     s1, 156(s2)
core   0: 3 0x8000775c (0x09c94483) x 9 0x000000c6 mem 0x80020a0d
core   0: 0x80007760 (0x0000e797) auipc   a5, 0xe
core   0: 3 0x80007760 (0x0000e797) x15 0x80015760
core   0: 0x80007764 (0x7dc78793) addi    a5, a5, 2012
core   0: 3 0x80007764 (0x7dc78793) x15 0x80015f3c
core   0: 0x80007768 (0xda47d703) lhu     a4, -604(a5)
core   0: 3 0x80007768 (0xda47d703) x14 0x00000000 mem 0x80015ce0
core   0: 0x8000776c (0xda47af83) lw      t6, -604(a5)
core   0: 3 0x8000776c (0xda47af83) x31 0x00c40000 mem 0x80015ce0
core   0: 0x80007770 (0xdad78ea3) sb      a3, -579(a5)
core   0: 3 0x80007770 (0xdad78ea3) mem 0x80015cf9 0x4d
core   0: 0x80007774 (0x0145cfb3) xor     t6, a1, s4
core   0: 3 0x80007774 (0x0145cfb3) x31 0x8000060b
core   0: 0x80007778 (0x00000013) nop
core   0: 3 0x80007778 (0x00000013)
core   0: 0x8000777c (0x0ff0000f) fence   iorw,iorw
core   0: 3 0x8000777c (0x0ff0000f)
core   0: 0x80007780 (0xdbd78e03) lb      t3, -579(a5)
core   0: 3 0x80007780 (0xdbd78e03) x28 0x0000004d mem 0x80015cf9
core   0: 0x80007784 (0x40615013) srai    zero, sp, 6
core   0: 3 0x80007784 (0x40615013)
core   0: 0x80007788 (0xdbd7cb03) lbu     s6, -579(a5)
core   0: 3 0x80007788 (0xdbd7cb03) x22 0x0000004d mem 0x80015cf9
core   0: 0x8000778c (0x9ce783a3) sb      a4, -1593(a5)
core   0: 3 0x8000778c (0x9ce783a3) mem 0x80015903 0x0
core   0: 0x80007790 (0xc3278a23) sb      s2, -972(a5)
core   0: 3 0x80007790 (0xc3278a23) mem 0x80015b70 0x71
core   0: 0x80007794 (0xabd63317) auipc   t1, 0xabd63
core   0: 3 0x80007794 (0xabd63317) x 6 0x2bd6a794
core   0: 0x80007798 (0xc3478703) lb      a4, -972(a5)
core   0: 3 0x80007798 (0xc3478703) x14 0x00000071 mem 0x80015b70
core   0: 0x8000779c (0xa9b78483) lb      s1, -1381(a5)
core   0: 3 0x8000779c (0xa9b78483) x 9 0xffffff8c mem 0x800159d7
core   0: 0x800077a0 (0xcd479e83) lh      t4, -812(a5)
core   0: 3 0x800077a0 (0xcd479e83) x29 0xffffcacb mem 0x80015c10
core   0: 0x800077a4 (0xcce7aa23) sw      a4, -812(a5)
core   0: 3 0x800077a4 (0xcce7aa23) mem 0x80015c10 0x00000071
core   0: 0x800077a8 (0x0b678c03) lb      s8, 182(a5)
core   0: 3 0x800077a8 (0x0b678c03) x24 0xffffffa9 mem 0x80015ff2
core   0: 0x800077ac (0x0b67d083) lhu     ra, 182(a5)
core   0: 3 0x800077ac (0x0b67d083) x 1 0x000001a9 mem 0x80015ff2
core   0: 0x800077b0 (0x00014397) auipc   t2, 0x14
core   0: 3 0x800077b0 (0x00014397) x 7 0x8001b7b0
core   0: 0x800077b4 (0x8f438393) addi    t2, t2, -1804
core   0: 3 0x800077b4 (0x8f438393) x 7 0x8001b0a4
core   0: 0x800077b8 (0x00338223) sb      gp, 4(t2)
core   0: 3 0x800077b8 (0x00338223) mem 0x8001b0a8 0xae
core   0: 0x800077bc (0xe8c80913) addi    s2, a6, -372
core   0: 3 0x800077bc (0xe8c80913) x18 0xfffffec9
core   0: 0x800077c0 (0x00438e83) lb      t4, 4(t2)
core   0: 3 0x800077c0 (0x00438e83) x29 0xffffffae mem 0x8001b0a8
core   0: 0x800077c4 (0x00f38883) lb      a7, 15(t2)
core   0: 3 0x800077c4 (0x00f38883) x17 0x00000068 mem 0x8001b0b3
core   0: 0x800077c8 (0x00a39283) lh      t0, 10(t2)
core   0: 3 0x800077c8 (0x00a39283) x 5 0x00006465 mem 0x8001b0ae
core   0: 0x800077cc (0xffe3c003) lbu     zero, -2(t2)
core   0: 3 0x800077cc (0xffe3c003) mem 0x8001b0a2
core   0: 0x800077d0 (0x018381a3) sb      s8, 3(t2)
core   0: 3 0x800077d0 (0x018381a3) mem 0x8001b0a7 0xa9
core   0: 0x800077d4 (0xfeb38ba3) sb      a1, -9(t2)
core   0: 3 0x800077d4 (0xfeb38ba3) mem 0x8001b09b 0x0
core   0: 0x800077d8 (0xfe639823) sh      t1, -16(t2)
core   0: 3 0x800077d8 (0xfe639823) mem 0x8001b094 0xa794
core   0: 0x800077dc (0xff038823) sb      a6, -16(t2)
core   0: 3 0x800077dc (0xff038823) mem 0x8001b094 0x3d
core   0: 0x800077e0 (0x00d3c283) lbu     t0, 13(t2)
core   0: 3 0x800077e0 (0x00d3c283) x 5 0x0000006a mem 0x8001b0b1
core   0: 0x800077e4 (0xffd3ce03) lbu     t3, -3(t2)
core   0: 3 0x800077e4 (0xffd3ce03) x28 0x0000005a mem 0x8001b0a1
core   0: 0x800077e8 (0xff53cc83) lbu     s9, -11(t2)
core   0: 3 0x800077e8 (0xff53cc83) x25 0x00000052 mem 0x8001b099
core   0: 0x800077ec (0x405c89b3) sub     s3, s9, t0
core   0: 3 0x800077ec (0x405c89b3) x19 0xffffffe8
core   0: 0x800077f0 (0xfff38683) lb      a3, -1(t2)
core   0: 3 0x800077f0 (0xfff38683) x13 0x00000058 mem 0x8001b0a3
core   0: 0x800077f4 (0xfff3c703) lbu     a4, -1(t2)
core   0: 3 0x800077f4 (0xfff3c703) x14 0x00000058 mem 0x8001b0a3
core   0: 0x800077f8 (0xff538f23) sb      s5, -2(t2)
core   0: 3 0x800077f8 (0xff538f23) mem 0x8001b0a2 0x0
core   0: 0x800077fc (0xffe39503) lh      a0, -2(t2)
core   0: 3 0x800077fc (0xffe39503) x10 0x00005800 mem 0x8001b0a2
core   0: 0x80007800 (0xffb39f23) sh      s11, -2(t2)
core   0: 3 0x80007800 (0xffb39f23) mem 0x8001b0a2 0x0058
core   0: 0x80007804 (0x28e6ba97) auipc   s5, 0x28e6b
core   0: 3 0x80007804 (0x28e6ba97) x21 0xa8e72804
core   0: 0x80007808 (0x0000100f) fence.i
core   0: 3 0x80007808 (0x0000100f)
core   0: 0x8000780c (0xff938903) lb      s2, -7(t2)
core   0: 3 0x8000780c (0xff938903) x18 0x00000056 mem 0x8001b09d
core   0: 0x80007810 (0xfe638fa3) sb      t1, -1(t2)
core   0: 3 0x80007810 (0xfe638fa3) mem 0x8001b0a3 0x94
core   0: 0x80007814 (0xfff38c03) lb      s8, -1(t2)
core   0: 3 0x80007814 (0xfff38c03) x24 0xffffff94 mem 0x8001b0a3
core   0: 0x80007818 (0x0000e397) auipc   t2, 0xe
core   0: 3 0x80007818 (0x0000e397) x 7 0x80015818
core   0: 0x8000781c (0x25438393) addi    t2, t2, 596
core   0: 3 0x8000781c (0x25438393) x 7 0x80015a6c
core   0: 0x80007820 (0x8f83cb03) lbu     s6, -1800(t2)
core   0: 3 0x80007820 (0x8f83cb03) x22 0x0000001f mem 0x80015364
core   0: 0x80007824 (0x40438723) sb      tp, 1038(t2)
core   0: 3 0x80007824 (0x40438723) mem 0x80015e7a 0x26
core   0: 0x80007828 (0x40e3de03) lhu     t3, 1038(t2)
core   0: 3 0x80007828 (0x40e3de03) x28 0x00003026 mem 0x80015e7a
core   0: 0x8000782c (0x40e3da83) lhu     s5, 1038(t2)
core   0: 3 0x8000782c (0x40e3da83) x21 0x00003026 mem 0x80015e7a
core   0: 0x80007830 (0x92f3cd83) lbu     s11, -1745(t2)
core   0: 3 0x80007830 (0x92f3cd83) x27 0x00000050 mem 0x8001539b
core   0: 0x80007834 (0x92f387a3) sb      a5, -1745(t2)
core   0: 3 0x80007834 (0x92f387a3) mem 0x8001539b 0x3c
core   0: 0x80007838 (0x92f38c03) lb      s8, -1745(t2)
core   0: 3 0x80007838 (0x92f38c03) x24 0x0000003c mem 0x8001539b
core   0: 0x8000783c (0xb6a39f23) sh      a0, -1154(t2)
core   0: 3 0x8000783c (0xb6a39f23) mem 0x800155ea 0x5800
core   0: 0x80007840 (0x72953913) sltiu   s2, a0, 1833
core   0: 3 0x80007840 (0x72953913) x18 0x00000000
core   0: 0x80007844 (0xb6438f23) sb      tp, -1154(t2)
core   0: 3 0x80007844 (0xb6438f23) mem 0x800155ea 0x26
core   0: 0x80007848 (0xb7e38703) lb      a4, -1154(t2)
core   0: 3 0x80007848 (0xb7e38703) x14 0x00000026 mem 0x800155ea
core   0: 0x8000784c (0x33a38ba3) sb      s10, 823(t2)
core   0: 3 0x8000784c (0x33a38ba3) mem 0x80015da3 0x3b
core   0: 0x80007850 (0x3373cf03) lbu     t5, 823(t2)
core   0: 3 0x80007850 (0x3373cf03) x30 0x0000003b mem 0x80015da3
core   0: 0x80007854 (0x3373ca03) lbu     s4, 823(t2)
core   0: 3 0x80007854 (0x3373ca03) x20 0x0000003b mem 0x80015da3
core   0: 0x80007858 (0x3573cf83) lbu     t6, 855(t2)
core   0: 3 0x80007858 (0x3573cf83) x31 0x00000078 mem 0x80015dc3
core   0: 0x8000785c (0x3573c503) lbu     a0, 855(t2)
core   0: 3 0x8000785c (0x3573c503) x10 0x00000078 mem 0x80015dc3
core   0: 0x80007860 (0x00011e17) auipc   t3, 0x11
core   0: 3 0x80007860 (0x00011e17) x28 0x80018860
core   0: 0x80007864 (0xfdde0e13) addi    t3, t3, -35
core   0: 3 0x80007864 (0xfdde0e13) x28 0x8001883d
core   0: 0x80007868 (0x0001ab17) auipc   s6, 0x1a
core   0: 3 0x80007868 (0x0001ab17) x22 0x80021868
core   0: 0x8000786c (0x4c1b0b13) addi    s6, s6, 1217
core   0: 3 0x8000786c (0x4c1b0b13) x22 0x80021d29
core   0: 0x80007870 (0x00016717) auipc   a4, 0x16
core   0: 3 0x80007870 (0x00016717) x14 0x8001d870
core   0: 0x80007874 (0xf7970713) addi    a4, a4, -135
core   0: 3 0x80007874 (0xf7970713) x14 0x8001d7e9
core   0: 0x80007878 (0x00013997) auipc   s3, 0x13
core   0: 3 0x80007878 (0x00013997) x19 0x8001a878
core   0: 0x8000787c (0xbee98993) addi    s3, s3, -1042
core   0: 3 0x8000787c (0xbee98993) x19 0x8001a466
core   0: 0x80007880 (0x039e07a3) sb      s9, 47(t3)
core   0: 3 0x80007880 (0x039e07a3) mem 0x8001886c 0x52
core   0: 0x80007884 (0x01074783) lbu     a5, 16(a4)
core   0: 3 0x80007884 (0x01074783) x15 0x000000b2 mem 0x8001d7f9
core   0: 0x80007888 (0x8e9b03a3) sb      s1, -1817(s6)
core   0: 3 0x80007888 (0x8e9b03a3) mem 0x80021610 0x8c
core   0: 0x8000788c (0xff398183) lb      gp, -13(s3)
core   0: 3 0x8000788c (0xff398183) x 3 0x00000012 mem 0x8001a459
core   0: 0x80007890 (0xd56b0da3) sb      s6, -677(s6)
core   0: 3 0x80007890 (0xd56b0da3) mem 0x80021a84 0x29
core   0: 0x80007894 (0x00012517) auipc   a0, 0x12
core   0: 3 0x80007894 (0x00012517) x10 0x80019894
core   0: 0x80007898 (0x88850513) addi    a0, a0, -1912
core   0: 3 0x80007898 (0x88850513) x10 0x8001911c
core   0: 0x8000789c (0x00be0923) sb      a1, 18(t3)
core   0: 3 0x8000789c (0x00be0923) mem 0x8001884f 0x0
core   0: 0x800078a0 (0xfd470e83) lb      t4, -44(a4)
core   0: 3 0x800078a0 (0xfd470e83) x29 0x00000076 mem 0x8001d7bd
core   0: 0x800078a4 (0x00254383) lbu     t2, 2(a0)
core   0: 3 0x800078a4 (0x00254383) x 7 0x000000d5 mem 0x8001911e
core   0: 0x800078a8 (0x86cb0a03) lb      s4, -1940(s6)
core   0: 3 0x800078a8 (0x86cb0a03) x20 0x0000004e mem 0x80021595
core   0: 0x800078ac (0xf319cd83) lbu     s11, -207(s3)
core   0: 3 0x800078ac (0xf319cd83) x27 0x0000004c mem 0x8001a397
core   0: 0x800078b0 (0x04371d03) lh      s10, 67(a4)
core   0: 3 0x800078b0 (0x04371d03) x26 0xffffe6e7 mem 0x8001d82c
core   0: 0x800078b4 (0xa61b25a3) sw      ra, -1429(s6)
core   0: 3 0x800078b4 (0xa61b25a3) mem 0x80021794 0x000001a9
core   0: 0x800078b8 (0xfea51d83) lh      s11, -22(a0)
core   0: 3 0x800078b8 (0xfea51d83) x27 0xffffbcbd mem 0x80019106
core   0: 0x800078bc (0xfb274f03) lbu     t5, -78(a4)
core   0: 3 0x800078bc (0xfb274f03) x30 0x00000050 mem 0x8001d79b
core   0: 0x800078c0 (0xa6db4803) lbu     a6, -1427(s6)
core   0: 3 0x800078c0 (0xa6db4803) x16 0x00000000 mem 0x80021796
core   0: 0x800078c4 (0x09b70f23) sb      s11, 158(a4)
core   0: 3 0x800078c4 (0x09b70f23) mem 0x8001d887 0xbd
core   0: 0x800078c8 (0x03ce4e83) lbu     t4, 60(t3)
core   0: 3 0x800078c8 (0x03ce4e83) x29 0x00000032 mem 0x80018879
core   0: 0x800078cc (0x010e4683) lbu     a3, 16(t3)
core   0: 3 0x800078cc (0x010e4683) x13 0x00000006 mem 0x8001884d
core   0: 0x800078d0 (0x00b50783) lb      a5, 11(a0)
core   0: 3 0x800078d0 (0x00b50783) x15 0xffffffdc mem 0x80019127
core   0: 0x800078d4 (0x023e4f83) lbu     t6, 35(t3)
core   0: 3 0x800078d4 (0x023e4f83) x31 0x0000001b mem 0x80018860
core   0: 0x800078d8 (0x01c501a3) sb      t3, 3(a0)
core   0: 3 0x800078d8 (0x01c501a3) mem 0x8001911f 0x3d
core   0: 0x800078dc (0xfa898903) lb      s2, -88(s3)
core   0: 3 0x800078dc (0xfa898903) x18 0xffffffc5 mem 0x8001a40e
core   0: 0x800078e0 (0x000e0423) sb      zero, 8(t3)
core   0: 3 0x800078e0 (0x000e0423) mem 0x80018845 0x0
core   0: 0x800078e4 (0x025e0903) lb      s2, 37(t3)
core   0: 3 0x800078e4 (0x025e0903) x18 0x00000019 mem 0x80018862
core   0: 0x800078e8 (0x222b0183) lb      gp, 546(s6)
core   0: 3 0x800078e8 (0x222b0183) x 3 0x00000000 mem 0x80021f4b
core   0: 0x800078ec (0x0b2980a3) sb      s2, 161(s3)
core   0: 3 0x800078ec (0x0b2980a3) mem 0x8001a507 0x19
core   0: 0x800078f0 (0x019503a3) sb      s9, 7(a0)
core   0: 3 0x800078f0 (0x019503a3) mem 0x80019123 0x52
core   0: 0x800078f4 (0xfe8e0f83) lb      t6, -24(t3)
core   0: 3 0x800078f4 (0xfe8e0f83) x31 0xffffffde mem 0x80018825
core   0: 0x800078f8 (0xfdfe0c03) lb      s8, -33(t3)
core   0: 3 0x800078f8 (0xfdfe0c03) x24 0xffffffd7 mem 0x8001881c
core   0: 0x800078fc (0xf4798a83) lb      s5, -185(s3)
core   0: 3 0x800078fc (0xf4798a83) x21 0x00000066 mem 0x8001a3ad
core   0: 0x80007900 (0xfb898aa3) sb      s8, -75(s3)
core   0: 3 0x80007900 (0xfb898aa3) mem 0x8001a41b 0xd7
core   0: 0x80007904 (0x0000d817) auipc   a6, 0xd
core   0: 3 0x80007904 (0x0000d817) x16 0x80014904
core   0: 0x80007908 (0x79380813) addi    a6, a6, 1939
core   0: 3 0x80007908 (0x79380813) x16 0x80015097
core   0: 0x8000790c (0x00c4c233) xor     tp, s1, a2
core   0: 3 0x8000790c (0x00c4c233) x 4 0x7ffd5188
core   0: 0x80007910 (0x41e708b3) sub     a7, a4, t5
core   0: 3 0x80007910 (0x41e708b3) x17 0x8001d799
core   0: 0x80007914 (0x74f8c717) auipc   a4, 0x74f8c
core   0: 3 0x80007914 (0x74f8c717) x14 0xf4f93914
core   0: 0x80007918 (0x037815a3) sh      s7, 43(a6)
core   0: 3 0x80007918 (0x037815a3) mem 0x800150c2 0x00d7
core   0: 0x8000791c (0xff280303) lb      t1, -14(a6)
core   0: 3 0x8000791c (0xff280303) x 6 0x00000042 mem 0x80015089
core   0: 0x80007920 (0x01a8fa33) and     s4, a7, s10
core   0: 3 0x80007920 (0x01a8fa33) x20 0x8001c681
core   0: 0x80007924 (0x0ff0000f) fence   iorw,iorw
core   0: 3 0x80007924 (0x0ff0000f)
core   0: 0x80007928 (0x00eac2b3) xor     t0, s5, a4
core   0: 3 0x80007928 (0x00eac2b3) x 5 0xf4f93972
core   0: 0x8000792c (0xfd380123) sb      s3, -62(a6)
core   0: 3 0x8000792c (0xfd380123) mem 0x80015059 0x66
core   0: 0x80007930 (0xc23c2797) auipc   a5, 0xc23c2
core   0: 3 0x80007930 (0xc23c2797) x15 0x423c9930
core   0: 0x80007934 (0x04084503) lbu     a0, 64(a6)
core   0: 3 0x80007934 (0x04084503) x10 0x0000008c mem 0x800150d7
core   0: 0x80007938 (0x00000013) nop
core   0: 3 0x80007938 (0x00000013)
core   0: 0x8000793c (0x03f84903) lbu     s2, 63(a6)
core   0: 3 0x8000793c (0x03f84903) x18 0x0000008d mem 0x800150d6
core   0: 0x80007940 (0x0000100f) fence.i
core   0: 3 0x80007940 (0x0000100f)
core   0: 0x80007944 (0xff580c03) lb      s8, -11(a6)
core   0: 3 0x80007944 (0xff580c03) x24 0x00000047 mem 0x8001508c
core   0: 0x80007948 (0x02f80e83) lb      t4, 47(a6)
core   0: 3 0x80007948 (0x02f80e83) x29 0x0000007d mem 0x800150c6
core   0: 0x8000794c (0x01c80f03) lb      t5, 28(a6)
core   0: 3 0x8000794c (0x01c80f03) x30 0x00000068 mem 0x800150b3
core   0: 0x80007950 (0x790b4913) xori    s2, s6, 1936
core   0: 3 0x80007950 (0x790b4913) x18 0x80021ab9
core   0: 0x80007954 (0x003cd1b3) srl     gp, s9, gp
core   0: 3 0x80007954 (0x003cd1b3) x 3 0x00000052
core   0: 0x80007958 (0x01b80b83) lb      s7, 27(a6)
core   0: 3 0x80007958 (0x01b80b83) x23 0x00000069 mem 0x800150b2
core   0: 0x8000795c (0x01d58233) add     tp, a1, t4
core   0: 3 0x8000795c (0x01d58233) x 4 0x8000007d
core   0: 0x80007960 (0x01bcfdb3) and     s11, s9, s11
core   0: 3 0x80007960 (0x01bcfdb3) x27 0x00000010
core   0: 0x80007964 (0xfdc84403) lbu     s0, -36(a6)
core   0: 3 0x80007964 (0xfdc84403) x 8 0x00000028 mem 0x80015073
core   0: 0x80007968 (0x0ff0000f) fence   iorw,iorw
core   0: 3 0x80007968 (0x0ff0000f)
core   0: 0x8000796c (0x0d1da313) slti    t1, s11, 209
core   0: 3 0x8000796c (0x0d1da313) x 6 0x00000001
core   0: 0x80007970 (0x00bfc233) xor     tp, t6, a1
core   0: 3 0x80007970 (0x00bfc233) x 4 0x7fffffde
core   0: 0x80007974 (0xfeb800a3) sb      a1, -31(a6)
core   0: 3 0x80007974 (0xfeb800a3) mem 0x80015078 0x0
core   0: 0x80007978 (0x01a9b933) sltu    s2, s3, s10
core   0: 3 0x80007978 (0x01a9b933) x18 0x00000001
core   0: 0x8000797c (0xff180023) sb      a7, -32(a6)
core   0: 3 0x8000797c (0xff180023) mem 0x80015077 0x99
core   0: 0x80007980 (0x0ff0000f) fence   iorw,iorw
core   0: 3 0x80007980 (0x0ff0000f)
core   0: 0x80007984 (0xfc280c03) lb      s8, -62(a6)
core   0: 3 0x80007984 (0xfc280c03) x24 0x00000066 mem 0x80015059
core   0: 0x80007988 (0x012539b3) sltu    s3, a0, s2
core   0: 3 0x80007988 (0x012539b3) x19 0x00000000
core   0: 0x8000798c (0x0065b2b3) sltu    t0, a1, t1
core   0: 3 0x8000798c (0x0065b2b3) x 5 0x00000000
core   0: 0x80007990 (0x2172e693) ori     a3, t0, 535
core   0: 3 0x80007990 (0x2172e693) x13 0x00000217
core   0: 0x80007994 (0xfcc80523) sb      a2, -54(a6)
core   0: 3 0x80007994 (0xfcc80523) mem 0x80015061 0x4
core   0: 0x80007998 (0x01d807a3) sb      t4, 15(a6)
core   0: 3 0x80007998 (0x01d807a3) mem 0x800150a6 0x7d
core   0: 0x8000799c (0x01de16b3) sll     a3, t3, t4
core   0: 3 0x8000799c (0x01de16b3) x13 0xa0000000
core   0: 0x800079a0 (0x03f84a03) lbu     s4, 63(a6)
core   0: 3 0x800079a0 (0x03f84a03) x20 0x0000008d mem 0x800150d6
core   0: 0x800079a4 (0x01481793) slli    a5, a6, 20
core   0: 3 0x800079a4 (0x01481793) x15 0x09700000
core   0: 0x800079a8 (0x03380523) sb      s3, 42(a6)
core   0: 3 0x800079a8 (0x03380523) mem 0x800150c1 0x0
core   0: 0x800079ac (0x01dd36b3) sltu    a3, s10, t4
core   0: 3 0x800079ac (0x01dd36b3) x13 0x00000000
core   0: 0x800079b0 (0x00737bb3) and     s7, t1, t2
core   0: 3 0x800079b0 (0x00737bb3) x23 0x00000001
core   0: 0x800079b4 (0xfd380ba3) sb      s3, -41(a6)
core   0: 3 0x800079b4 (0xfd380ba3) mem 0x8001506e 0x0
core   0: 0x800079b8 (0x00bac533) xor     a0, s5, a1
core   0: 3 0x800079b8 (0x00bac533) x10 0x80000066
core   0: 0x800079bc (0xfe5826a3) sw      t0, -19(a6)
core   0: 3 0x800079bc (0xfe5826a3) mem 0x80015084 0x00000000
core   0: 0x800079c0 (0x6d9ecf93) xori    t6, t4, 1753
core   0: 3 0x800079c0 (0x6d9ecf93) x31 0x000006a4
core   0: 0x800079c4 (0x00d81783) lh      a5, 13(a6)
core   0: 3 0x800079c4 (0x00d81783) x15 0x00004f5f mem 0x800150a4
core   0: 0x800079c8 (0xfc785d03) lhu     s10, -57(a6)
core   0: 3 0x800079c8 (0xfc785d03) x26 0x00001415 mem 0x8001505e
core   0: 0x800079cc (0x0000ef97) auipc   t6, 0xe
core   0: 3 0x800079cc (0x0000ef97) x31 0x800159cc
core   0: 0x800079d0 (0xaa4f8f93) addi    t6, t6, -1372
core   0: 3 0x800079d0 (0xaa4f8f93) x31 0x80015470
core   0: 0x800079d4 (0x00018697) auipc   a3, 0x18
core   0: 3 0x800079d4 (0x00018697) x13 0x8001f9d4
core   0: 0x800079d8 (0x64b68693) addi    a3, a3, 1611
core   0: 3 0x800079d8 (0x64b68693) x13 0x8002001f
core   0: 0x800079dc (0x0356c383) lbu     t2, 53(a3)
core   0: 3 0x800079dc (0x0356c383) x 7 0x0000000f mem 0x80020054
core   0: 0x800079e0 (0xd10f8ea3) sb      a6, -739(t6)
core   0: 3 0x800079e0 (0xd10f8ea3) mem 0x8001518d 0x97
core   0: 0x800079e4 (0x56ef8ca3) sb      a4, 1401(t6)
core   0: 3 0x800079e4 (0x56ef8ca3) mem 0x800159e9 0x14
core   0: 0x800079e8 (0xf1b6c703) lbu     a4, -229(a3)
core   0: 3 0x800079e8 (0xf1b6c703) x14 0x000000f1 mem 0x8001ff3a
core   0: 0x800079ec (0x795fce83) lbu     t4, 1941(t6)
core   0: 3 0x800079ec (0x795fce83) x29 0x000000be mem 0x80015c05
core   0: 0x800079f0 (0x0026c383) lbu     t2, 2(a3)
core   0: 3 0x800079f0 (0x0026c383) x 7 0x000000da mem 0x80020021
core   0: 0x800079f4 (0x6cdfc403) lbu     s0, 1741(t6)
core   0: 3 0x800079f4 (0x6cdfc403) x 8 0x000000f6 mem 0x80015b3d
core   0: 0x800079f8 (0x0a268b83) lb      s7, 162(a3)
core   0: 3 0x800079f8 (0x0a268b83) x23 0x0000007a mem 0x800200c1
core   0: 0x800079fc (0x0c468723) sb      tp, 206(a3)
core   0: 3 0x800079fc (0x0c468723) mem 0x800200ed 0xde
core   0: 0x80007a00 (0x19ffc383) lbu     t2, 415(t6)
core   0: 3 0x80007a00 (0x19ffc383) x 7 0x00000040 mem 0x8001560f
core   0: 0x80007a04 (0xf9b69fa3) sh      s11, -97(a3)
core   0: 3 0x80007a04 (0xf9b69fa3) mem 0x8001ffbe 0x0010
core   0: 0x80007a08 (0x0000dc17) auipc   s8, 0xd
core   0: 3 0x80007a08 (0x0000dc17) x24 0x80014a08
core   0: 0x80007a0c (0x6fac0c13) addi    s8, s8, 1786
core   0: 3 0x80007a0c (0x6fac0c13) x24 0x80015102
core   0: 0x80007a10 (0xfc0c5703) lhu     a4, -64(s8)
core   0: 3 0x80007a10 (0xfc0c5703) x14 0x000000d7 mem 0x800150c2
core   0: 0x80007a14 (0xfc0c0903) lb      s2, -64(s8)
core   0: 3 0x80007a14 (0xfc0c0903) x18 0xffffffd7 mem 0x800150c2
core   0: 0x80007a18 (0x405389b3) sub     s3, t2, t0
core   0: 3 0x80007a18 (0x405389b3) x19 0x00000040
core   0: 0x80007a1c (0xfc0c4283) lbu     t0, -64(s8)
core   0: 3 0x80007a1c (0xfc0c4283) x 5 0x000000d7 mem 0x800150c2
core   0: 0x80007a20 (0xfc4c0023) sb      tp, -64(s8)
core   0: 3 0x80007a20 (0xfc4c0023) mem 0x800150c2 0xde
core   0: 0x80007a24 (0xaebcf493) andi    s1, s9, -1301
core   0: 3 0x80007a24 (0xaebcf493) x 9 0x00000042
core   0: 0x80007a28 (0xb2d84493) xori    s1, a6, -1235
core   0: 3 0x80007a28 (0xb2d84493) x 9 0x7ffeabba
core   0: 0x80007a2c (0xfc7c0b83) lb      s7, -57(s8)
core   0: 3 0x80007a2c (0xfc7c0b83) x23 0xfffffffd mem 0x800150c9
core   0: 0x80007a30 (0x0000100f) fence.i
core   0: 3 0x80007a30 (0x0000100f)
core   0: 0x80007a34 (0xfe2c1503) lh      a0, -30(s8)
core   0: 3 0x80007a34 (0xfe2c1503) x10 0xffff9e00 mem 0x800150e4
core   0: 0x80007a38 (0xfcbc4083) lbu     ra, -53(s8)
core   0: 3 0x80007a38 (0xfcbc4083) x 1 0x00000051 mem 0x800150cd
core   0: 0x80007a3c (0x03fc4303) lbu     t1, 63(s8)
core   0: 3 0x80007a3c (0x03fc4303) x 6 0x000000fa mem 0x80015141
core   0: 0x80007a40 (0x015a0d93) addi    s11, s4, 21
core   0: 3 0x80007a40 (0x015a0d93) x27 0x000000a2
core   0: 0x80007a44 (0xfeec2d03) lw      s10, -18(s8)
core   0: 3 0x80007a44 (0xfeec2d03) x26 0xa8a9aaab mem 0x800150f0
core   0: 0x80007a48 (0xfeec4783) lbu     a5, -18(s8)
core   0: 3 0x80007a48 (0xfeec4783) x15 0x000000ab mem 0x800150f0
core   0: 0x80007a4c (0x024c4c83) lbu     s9, 36(s8)
core   0: 3 0x80007a4c (0x024c4c83) x25 0x000000dd mem 0x80015126
core   0: 0x80007a50 (0x00000013) nop
core   0: 3 0x80007a50 (0x00000013)
core   0: 0x80007a54 (0x017c0ba3) sb      s7, 23(s8)
core   0: 3 0x80007a54 (0x017c0ba3) mem 0x80015119 0xfd
core   0: 0x80007a58 (0x027c2123) sw      t2, 34(s8)
core   0: 3 0x80007a58 (0x027c2123) mem 0x80015124 0x00000040
core   0: 0x80007a5c (0x036c5003) lhu     zero, 54(s8)
core   0: 3 0x80007a5c (0x036c5003) mem 0x80015138
core   0: 0x80007a60 (0x0001c497) auipc   s1, 0x1c
core   0: 3 0x80007a60 (0x0001c497) x 9 0x80023a60
core   0: 0x80007a64 (0xe8c48493) addi    s1, s1, -372
core   0: 3 0x80007a64 (0xe8c48493) x 9 0x800238ec
core   0: 0x80007a68 (0x00649d83) lh      s11, 6(s1)
core   0: 3 0x80007a68 (0x00649d83) x27 0xffffa8a9 mem 0x800238f2
core   0: 0x80007a6c (0x4104d293) srai    t0, s1, 16
core   0: 3 0x80007a6c (0x4104d293) x 5 0xffff8002
core   0: 0x80007a70 (0x00e4c983) lbu     s3, 14(s1)
core   0: 3 0x80007a70 (0x00e4c983) x19 0x000000b1 mem 0x800238fa
core   0: 0x80007a74 (0xff948683) lb      a3, -7(s1)
core   0: 3 0x80007a74 (0xff948683) x13 0xffffff9e mem 0x800238e5
core   0: 0x80007a78 (0x00b4c403) lbu     s0, 11(s1)
core   0: 3 0x80007a78 (0x00b4c403) x 8 0x000000ac mem 0x800238f7
core   0: 0x80007a7c (0x00b4cd03) lbu     s10, 11(s1)
core   0: 3 0x80007a7c (0x00b4cd03) x26 0x000000ac mem 0x800238f7
core   0: 0x80007a80 (0x92e50693) addi    a3, a0, -1746
core   0: 3 0x80007a80 (0x92e50693) x13 0xffff972e
core   0: 0x80007a84 (0x00249183) lh      gp, 2(s1)
core   0: 3 0x80007a84 (0x00249183) x 3 0xffffa4a5 mem 0x800238ee
core   0: 0x80007a88 (0x0024d303) lhu     t1, 2(s1)
core   0: 3 0x80007a88 (0x0024d303) x 6 0x0000a4a5 mem 0x800238ee
core   0: 0x80007a8c (0x01549123) sh      s5, 2(s1)
core   0: 3 0x80007a8c (0x01549123) mem 0x800238ee 0x0066
core   0: 0x80007a90 (0x01b48123) sb      s11, 2(s1)
core   0: 3 0x80007a90 (0x01b48123) mem 0x800238ee 0xa9
core   0: 0x80007a94 (0x7ffda393) slti    t2, s11, 2047
core   0: 3 0x80007a94 (0x7ffda393) x 7 0x00000001
core   0: 0x80007a98 (0x00748383) lb      t2, 7(s1)
core   0: 3 0x80007a98 (0x00748383) x 7 0xffffffa8 mem 0x800238f3
core   0: 0x80007a9c (0x00a8c833) xor     a6, a7, a0
core   0: 3 0x80007a9c (0x00a8c833) x16 0x7ffe4999
core   0: 0x80007aa0 (0x01e483a3) sb      t5, 7(s1)
core   0: 3 0x80007aa0 (0x01e483a3) mem 0x800238f3 0x68
core   0: 0x80007aa4 (0x00748b03) lb      s6, 7(s1)
core   0: 3 0x80007aa4 (0x00748b03) x22 0x00000068 mem 0x800238f3
core   0: 0x80007aa8 (0x0001a817) auipc   a6, 0x1a
core   0: 3 0x80007aa8 (0x0001a817) x16 0x80021aa8
core   0: 0x80007aac (0x9be80813) addi    a6, a6, -1602
core   0: 3 0x80007aac (0x9be80813) x16 0x80021466
core   0: 0x80007ab0 (0x01781723) sh      s7, 14(a6)
core   0: 3 0x80007ab0 (0x01781723) mem 0x80021474 0xfffd
core   0: 0x80007ab4 (0x00584f03) lbu     t5, 5(a6)
core   0: 3 0x80007ab4 (0x00584f03) x30 0x00000020 mem 0x8002146b
core   0: 0x80007ab8 (0x00d84883) lbu     a7, 13(a6)
core   0: 3 0x80007ab8 (0x00d84883) x17 0x00000028 mem 0x80021473
core   0: 0x80007abc (0x00e81823) sh      a4, 16(a6)
core   0: 3 0x80007abc (0x00e81823) mem 0x80021476 0x00d7
core   0: 0x80007ac0 (0xffd80203) lb      tp, -3(a6)
core   0: 3 0x80007ac0 (0xffd80203) x 4 0x00000018 mem 0x80021463
core   0: 0x80007ac4 (0x01e6c433) xor     s0, a3, t5
core   0: 3 0x80007ac4 (0x01e6c433) x 8 0xffff970e
core   0: 0x80007ac8 (0xfeb80aa3) sb      a1, -11(a6)
core   0: 3 0x80007ac8 (0xfeb80aa3) mem 0x8002145b 0x0
core   0: 0x80007acc (0x00a802a3) sb      a0, 5(a6)
core   0: 3 0x80007acc (0x00a802a3) mem 0x8002146b 0x0
core   0: 0x80007ad0 (0x0000100f) fence.i
core   0: 3 0x80007ad0 (0x0000100f)
core   0: 0x80007ad4 (0x00da1a13) slli    s4, s4, 13
core   0: 3 0x80007ad4 (0x00da1a13) x20 0x0011a000
core   0: 0x80007ad8 (0xffd84903) lbu     s2, -3(a6)
core   0: 3 0x80007ad8 (0xffd84903) x18 0x00000018 mem 0x80021463
core   0: 0x80007adc (0x00000013) nop
core   0: 3 0x80007adc (0x00000013)
core   0: 0x80007ae0 (0xff684a83) lbu     s5, -10(a6)
core   0: 3 0x80007ae0 (0xff684a83) x21 0x00000017 mem 0x8002145c
core   0: 0x80007ae4 (0x0026bab3) sltu    s5, a3, sp
core   0: 3 0x80007ae4 (0x0026bab3) x21 0x00000000
core   0: 0x80007ae8 (0xbf76a913) slti    s2, a3, -1033
core   0: 3 0x80007ae8 (0xbf76a913) x18 0x00000001
core   0: 0x80007aec (0x01dcfab3) and     s5, s9, t4
core   0: 3 0x80007aec (0x01dcfab3) x21 0x0000009c
core   0: 0x80007af0 (0x00484203) lbu     tp, 4(a6)
core   0: 3 0x80007af0 (0x00484203) x 4 0x00000021 mem 0x8002146a
core   0: 0x80007af4 (0x01713533) sltu    a0, sp, s7
core   0: 3 0x80007af4 (0x01713533) x10 0x00000001
core   0: 0x80007af8 (0x0cbe6393) ori     t2, t3, 203
core   0: 3 0x80007af8 (0x0cbe6393) x 7 0x800188ff
core   0: 0x80007afc (0x00701c93) slli    s9, zero, 7
core   0: 3 0x80007afc (0x00701c93) x25 0x00000000
core   0: 0x80007b00 (0xff880c03) lb      s8, -8(a6)
core   0: 3 0x80007b00 (0xff880c03) x24 0x00000015 mem 0x8002145e
core   0: 0x80007b04 (0xff181d23) sh      a7, -6(a6)
core   0: 3 0x80007b04 (0xff181d23) mem 0x80021460 0x0028
core   0: 0x80007b08 (0x00d84d83) lbu     s11, 13(a6)
core   0: 3 0x80007b08 (0x00d84d83) x27 0x00000028 mem 0x80021473
core   0: 0x80007b0c (0x01d807a3) sb      t4, 15(a6)
core   0: 3 0x80007b0c (0x01d807a3) mem 0x80021475 0xbe
core   0: 0x80007b10 (0x00681883) lh      a7, 6(a6)
core   0: 3 0x80007b10 (0x00681883) x17 0x00002627 mem 0x8002146c
core   0: 0x80007b14 (0x0fa50313) addi    t1, a0, 250
core   0: 3 0x80007b14 (0x0fa50313) x 6 0x000000fb
core   0: 0x80007b18 (0xff480903) lb      s2, -12(a6)
core   0: 3 0x80007b18 (0xff480903) x18 0x00000011 mem 0x8002145a
core   0: 0x80007b1c (0xffe82303) lw      t1, -2(a6)
core   0: 3 0x80007b1c (0xffe82303) x 6 0x1c1d1e1f mem 0x80021464
core   0: 0x80007b20 (0x0088e233) or      tp, a7, s0
core   0: 3 0x80007b20 (0x0088e233) x 4 0xffffb72f
core   0: 0x80007b24 (0xffb80703) lb      a4, -5(a6)
core   0: 3 0x80007b24 (0xffb80703) x14 0x00000000 mem 0x80021461
core   0: 0x80007b28 (0x000db6b3) sltu    a3, s11, zero
core   0: 3 0x80007b28 (0x000db6b3) x13 0x00000000
core   0: 0x80007b2c (0x7ce40913) addi    s2, s0, 1998
core   0: 3 0x80007b2c (0x7ce40913) x18 0xffff9edc
core   0: 0x80007b30 (0x0ff0000f) fence   iorw,iorw
core   0: 3 0x80007b30 (0x0ff0000f)
core   0: 0x80007b34 (0x0ff0000f) fence   iorw,iorw
core   0: 3 0x80007b34 (0x0ff0000f)
core   0: 0x80007b38 (0x01c44b33) xor     s6, s0, t3
core   0: 3 0x80007b38 (0x01c44b33) x22 0x7ffe1f33
core   0: 0x80007b3c (0xff280c83) lb      s9, -14(a6)
core   0: 3 0x80007b3c (0xff280c83) x25 0x00000013 mem 0x80021458
core   0: 0x80007b40 (0x00f80403) lb      s0, 15(a6)
core   0: 3 0x80007b40 (0x00f80403) x 8 0xffffffbe mem 0x80021475
core   0: 0x80007b44 (0xff682083) lw      ra, -10(a6)
core   0: 3 0x80007b44 (0xff682083) x 1 0x14151617 mem 0x8002145c
core   0: 0x80007b48 (0x00880b83) lb      s7, 8(a6)
core   0: 3 0x80007b48 (0x00880b83) x23 0x00000025 mem 0x8002146e
core   0: 0x80007b4c (0xffb80ba3) sb      s11, -9(a6)
core   0: 3 0x80007b4c (0xffb80ba3) mem 0x8002145d 0x28
core   0: 0x80007b50 (0x008fe933) or      s2, t6, s0
core   0: 3 0x80007b50 (0x008fe933) x18 0xfffffffe
core   0: 0x80007b54 (0x70bef793) andi    a5, t4, 1803
core   0: 3 0x80007b54 (0x70bef793) x15 0x0000000a
core   0: 0x80007b58 (0x07092697) auipc   a3, 0x7092
core   0: 3 0x80007b58 (0x07092697) x13 0x87099b58
core   0: 0x80007b5c (0x003f1a93) slli    s5, t5, 3
core   0: 3 0x80007b5c (0x003f1a93) x21 0x00000100
core   0: 0x80007b60 (0xd418e093) ori     ra, a7, -703
core   0: 3 0x80007b60 (0xd418e093) x 1 0xffffff67
core   0: 0x80007b64 (0x40b5de33) sra     t3, a1, a1
core   0: 3 0x80007b64 (0x40b5de33) x28 0x80000000
core   0: 0x80007b68 (0x00000013) nop
core   0: 3 0x80007b68 (0x00000013)
core   0: 0x80007b6c (0x01f82523) sw      t6, 10(a6)
core   0: 3 0x80007b6c (0x01f82523) mem 0x80021470 0x80015470
core   0: 0x80007b70 (0x01ea1213) slli    tp, s4, 30
core   0: 3 0x80007b70 (0x01ea1213) x 4 0x00000000
core   0: 0x80007b74 (0x5c6c5fb7) lui     t6, 0x5c6c5
core   0: 3 0x80007b74 (0x5c6c5fb7) x31 0x5c6c5000
core   0: 0x80007b78 (0x00781623) sh      t2, 12(a6)
core   0: 3 0x80007b78 (0x00781623) mem 0x80021472 0x88ff
core   0: 0x80007b7c (0x00011e97) auipc   t4, 0x11
core   0: 3 0x80007b7c (0x00011e97) x29 0x80018b7c
core   0: 0x80007b80 (0x6e2e8e93) addi    t4, t4, 1762
core   0: 3 0x80007b80 (0x6e2e8e93) x29 0x8001925e
core   0: 0x80007b84 (0xfe7ec383) lbu     t2, -25(t4)
core   0: 3 0x80007b84 (0xfe7ec383) x 7 0x000000fe mem 0x80019245
core   0: 0x80007b88 (0xff4ec703) lbu     a4, -12(t4)
core   0: 3 0x80007b88 (0xff4ec703) x14 0x00000009 mem 0x80019252
core   0: 0x80007b8c (0xfe2e9a23) sh      sp, -12(t4)
core   0: 3 0x80007b8c (0xfe2e9a23) mem 0x80019252 0xece4
core   0: 0x80007b90 (0x030edc83) lhu     s9, 48(t4)
core   0: 3 0x80007b90 (0x030edc83) x25 0x00004445 mem 0x8001928e
core   0: 0x80007b94 (0x018e9e23) sh      s8, 28(t4)
core   0: 3 0x80007b94 (0x018e9e23) mem 0x8001927a 0x0015
core   0: 0x80007b98 (0xb4f07d93) andi    s11, zero, -1201
core   0: 3 0x80007b98 (0xb4f07d93) x27 0x00000000
core   0: 0x80007b9c (0xbe888513) addi    a0, a7, -1048
core   0: 3 0x80007b9c (0xbe888513) x10 0x0000220f
core   0: 0x80007ba0 (0x01cec983) lbu     s3, 28(t4)
core   0: 3 0x80007ba0 (0x01cec983) x19 0x00000015 mem 0x8001927a
core   0: 0x80007ba4 (0x01ce9803) lh      a6, 28(t4)
core   0: 3 0x80007ba4 (0x01ce9803) x16 0x00000015 mem 0x8001927a
core   0: 0x80007ba8 (0x008e9e23) sh      s0, 28(t4)
core   0: 3 0x80007ba8 (0x008e9e23) mem 0x8001927a 0xffbe
core   0: 0x80007bac (0x057e9023) sh      s7, 64(t4)
core   0: 3 0x80007bac (0x057e9023) mem 0x8001929e 0x0025
core   0: 0x80007bb0 (0x019d71b3) and     gp, s10, s9
core   0: 3 0x80007bb0 (0x019d71b3) x 3 0x00000004
core   0: 0x80007bb4 (0xfdeece03) lbu     t3, -34(t4)
core   0: 3 0x80007bb4 (0xfdeece03) x28 0x000000f7 mem 0x8001923c
core   0: 0x80007bb8 (0x929cd6b7) lui     a3, 0x929cd
core   0: 3 0x80007bb8 (0x929cd6b7) x13 0x929cd000
core   0: 0x80007bbc (0x000ed183) lhu     gp, 0(t4)
core   0: 3 0x80007bbc (0x000ed183) x 3 0x00001415 mem 0x8001925e
core   0: 0x80007bc0 (0xfe5e8123) sb      t0, -30(t4)
core   0: 3 0x80007bc0 (0xfe5e8123) mem 0x80019240 0x2
core   0: 0x80007bc4 (0x41a75193) srai    gp, a4, 26
core   0: 3 0x80007bc4 (0x41a75193) x 3 0x00000000
core   0: 0x80007bc8 (0xfe2ea203) lw      tp, -30(t4)
core   0: 3 0x80007bc8 (0xfe2ea203) x 4 0xf8f9fa02 mem 0x80019240
core   0: 0x80007bcc (0xfc8e9623) sh      s0, -52(t4)
core   0: 3 0x80007bcc (0xfc8e9623) mem 0x8001922a 0xffbe
core   0: 0x80007bd0 (0xfcce8303) lb      t1, -52(t4)
core   0: 3 0x80007bd0 (0xfcce8303) x 6 0xffffffbe mem 0x8001922a
core   0: 0x80007bd4 (0x0000e497) auipc   s1, 0xe
core   0: 3 0x80007bd4 (0x0000e497) x 9 0x80015bd4
core   0: 0x80007bd8 (0x39a48493) addi    s1, s1, 922
core   0: 3 0x80007bd8 (0x39a48493) x 9 0x80015f6e
core   0: 0x80007bdc (0x40c85733) sra     a4, a6, a2
core   0: 3 0x80007bdc (0x40c85733) x14 0x00000001
core   0: 0x80007be0 (0x0074c983) lbu     s3, 7(s1)
core   0: 3 0x80007be0 (0x0074c983) x19 0x0000002e mem 0x80015f75
core   0: 0x80007be4 (0x01fb2bb3) slt     s7, s6, t6
core   0: 3 0x80007be4 (0x01fb2bb3) x23 0x00000000
core   0: 0x80007be8 (0x00000013) nop
core   0: 3 0x80007be8 (0x00000013)
core   0: 0x80007bec (0xfff48da3) sb      t6, -5(s1)
core   0: 3 0x80007bec (0xfff48da3) mem 0x80015f69 0x0
core   0: 0x80007bf0 (0xffe48ea3) sb      t5, -3(s1)
core   0: 3 0x80007bf0 (0xffe48ea3) mem 0x80015f6b 0x20
core   0: 0x80007bf4 (0x017485a3) sb      s7, 11(s1)
core   0: 3 0x80007bf4 (0x017485a3) mem 0x80015f79 0x0
core   0: 0x80007bf8 (0x013c8433) add     s0, s9, s3
core   0: 3 0x80007bf8 (0x013c8433) x 8 0x00004473
core   0: 0x80007bfc (0x00848523) sb      s0, 10(s1)
core   0: 3 0x80007bfc (0x00848523) mem 0x80015f78 0x73
core   0: 0x80007c00 (0x4bc3f517) auipc   a0, 0x4bc3f
core   0: 3 0x80007c00 (0x4bc3f517) x10 0xcbc46c00
core   0: 0x80007c04 (0x01e4a323) sw      t5, 6(s1)
core   0: 3 0x80007c04 (0x01e4a323) mem 0x80015f74 0x00000020
core   0: 0x80007c08 (0x0064ac83) lw      s9, 6(s1)
core   0: 3 0x80007c08 (0x0064ac83) x25 0x00000020 mem 0x80015f74
core   0: 0x80007c0c (0x00249183) lh      gp, 2(s1)
core   0: 3 0x80007c0c (0x00249183) x 3 0x0000543f mem 0x80015f70
core   0: 0x80007c10 (0x00d2b7b3) sltu    a5, t0, a3
core   0: 3 0x80007c10 (0x00d2b7b3) x15 0x00000000
core   0: 0x80007c14 (0x7b17c813) xori    a6, a5, 1969
core   0: 3 0x80007c14 (0x7b17c813) x16 0x000007b1
core   0: 0x80007c18 (0xffc4d783) lhu     a5, -4(s1)
core   0: 3 0x80007c18 (0xffc4d783) x15 0x00002021 mem 0x80015f6a
core   0: 0x80007c1c (0xff748b83) lb      s7, -9(s1)
core   0: 3 0x80007c1c (0xff748b83) x23 0x0000001e mem 0x80015f65
core   0: 0x80007c20 (0x00d48383) lb      t2, 13(s1)
core   0: 3 0x80007c20 (0x00d48383) x 7 0x00000030 mem 0x80015f7b
core   0: 0x80007c24 (0x0074c203) lbu     tp, 7(s1)
core   0: 3 0x80007c24 (0x0074c203) x 4 0x00000000 mem 0x80015f75
core   0: 0x80007c28 (0x00748303) lb      t1, 7(s1)
core   0: 3 0x80007c28 (0x00748303) x 6 0x00000000 mem 0x80015f75
core   0: 0x80007c2c (0x00c48a83) lb      s5, 12(s1)
core   0: 3 0x80007c2c (0x00c48a83) x21 0x00000031 mem 0x80015f7a
core   0: 0x80007c30 (0xff848183) lb      gp, -8(s1)
core   0: 3 0x80007c30 (0xff848183) x 3 0x0000001d mem 0x80015f66
core   0: 0x80007c34 (0x00017817) auipc   a6, 0x17
core   0: 3 0x80007c34 (0x00017817) x16 0x8001ec34
core   0: 0x80007c38 (0x90180813) addi    a6, a6, -1791
core   0: 3 0x80007c38 (0x90180813) x16 0x8001e535
core   0: 0x80007c3c (0xfc185c83) lhu     s9, -63(a6)
core   0: 3 0x80007c3c (0xfc185c83) x25 0x0000acad mem 0x8001e4f6
core   0: 0x80007c40 (0x03780d23) sb      s7, 58(a6)
core   0: 3 0x80007c40 (0x03780d23) mem 0x8001e56f 0x1e
core   0: 0x80007c44 (0x03a80e03) lb      t3, 58(a6)
core   0: 3 0x80007c44 (0x03a80e03) x28 0x0000001e mem 0x8001e56f
core   0: 0x80007c48 (0x03a84903) lbu     s2, 58(a6)
core   0: 3 0x80007c48 (0x03a84903) x18 0x0000001e mem 0x8001e56f
core   0: 0x80007c4c (0x03a84b83) lbu     s7, 58(a6)
core   0: 3 0x80007c4c (0x03a84b83) x23 0x0000001e mem 0x8001e56f
core   0: 0x80007c50 (0x03a84903) lbu     s2, 58(a6)
core   0: 3 0x80007c50 (0x03a84903) x18 0x0000001e mem 0x8001e56f
core   0: 0x80007c54 (0xfed814a3) sh      a3, -23(a6)
core   0: 3 0x80007c54 (0xfed814a3) mem 0x8001e51e 0xd000
core   0: 0x80007c58 (0xfe984b03) lbu     s6, -23(a6)
core   0: 3 0x80007c58 (0xfe984b03) x22 0x00000000 mem 0x8001e51e
core   0: 0x80007c5c (0x01c59f13) slli    t5, a1, 28
core   0: 3 0x80007c5c (0x01c59f13) x30 0x00000000
core   0: 0x80007c60 (0xfe980003) lb      zero, -23(a6)
core   0: 3 0x80007c60 (0xfe980003) mem 0x8001e51e
core   0: 0x80007c64 (0xfe980403) lb      s0, -23(a6)
core   0: 3 0x80007c64 (0xfe980403) x 8 0x00000000 mem 0x8001e51e
core   0: 0x80007c68 (0xfdf85b83) lhu     s7, -33(a6)
core   0: 3 0x80007c68 (0xfdf85b83) x23 0x0000cecf mem 0x8001e514
core   0: 0x80007c6c (0x01a80723) sb      s10, 14(a6)
core   0: 3 0x80007c6c (0x01a80723) mem 0x8001e543 0xac
core   0: 0x80007c70 (0x00280c83) lb      s9, 2(a6)
core   0: 3 0x80007c70 (0x00280c83) x25 0xffffffec mem 0x8001e537
core   0: 0x80007c74 (0x01da4b13) xori    s6, s4, 29
core   0: 3 0x80007c74 (0x01da4b13) x22 0x0011a01d
core   0: 0x80007c78 (0x01480a83) lb      s5, 20(a6)
core   0: 3 0x80007c78 (0x01480a83) x21 0x00000002 mem 0x8001e549
core   0: 0x80007c7c (0x41f65093) srai    ra, a2, 31
core   0: 3 0x80007c7c (0x41f65093) x 1 0xffffffff
core   0: 0x80007c80 (0xfe680283) lb      t0, -26(a6)
core   0: 3 0x80007c80 (0xfe680283) x 5 0xffffffd0 mem 0x8001e51b
core   0: 0x80007c84 (0x017a7733) and     a4, s4, s7
core   0: 3 0x80007c84 (0x017a7733) x14 0x00008000
core   0: 0x80007c88 (0x413d8f33) sub     t5, s11, s3
core   0: 3 0x80007c88 (0x413d8f33) x30 0xffffffd2
core   0: 0x80007c8c (0xfc780883) lb      a7, -57(a6)
core   0: 3 0x80007c8c (0xfc780883) x17 0xffffffb7 mem 0x8001e4fc
core   0: 0x80007c90 (0xfc785e03) lhu     t3, -57(a6)
core   0: 3 0x80007c90 (0xfc785e03) x28 0x0000b6b7 mem 0x8001e4fc
core   0: 0x80007c94 (0xfc5813a3) sh      t0, -57(a6)
core   0: 3 0x80007c94 (0xfc5813a3) mem 0x8001e4fc 0xffd0
core   0: 0x80007c98 (0x0000eb17) auipc   s6, 0xe
core   0: 3 0x80007c98 (0x0000eb17) x22 0x80015c98
core   0: 0x80007c9c (0x32fb0b13) addi    s6, s6, 815
core   0: 3 0x80007c9c (0x32fb0b13) x22 0x80015fc7
core   0: 0x80007ca0 (0x042b0423) sb      sp, 72(s6)
core   0: 3 0x80007ca0 (0x042b0423) mem 0x8001600f 0xe4
core   0: 0x80007ca4 (0x008a04b3) add     s1, s4, s0
core   0: 3 0x80007ca4 (0x008a04b3) x 9 0x0011a000
core   0: 0x80007ca8 (0x76403f13) sltiu   t5, zero, 1892
core   0: 3 0x80007ca8 (0x76403f13) x30 0x00000001
core   0: 0x80007cac (0x6f927237) lui     tp, 0x6f927
core   0: 3 0x80007cac (0x6f927237) x 4 0x6f927000
core   0: 0x80007cb0 (0xfdfb0823) sb      t6, -48(s6)
core   0: 3 0x80007cb0 (0xfdfb0823) mem 0x80015f97 0x0
core   0: 0x80007cb4 (0x00ab9c33) sll     s8, s7, a0
core   0: 3 0x80007cb4 (0x00ab9c33) x24 0x0000cecf
core   0: 0x80007cb8 (0x014f3bb3) sltu    s7, t5, s4
core   0: 3 0x80007cb8 (0x014f3bb3) x23 0x00000001
core   0: 0x80007cbc (0x0000100f) fence.i
core   0: 3 0x80007cbc (0x0000100f)
core   0: 0x80007cc0 (0xfd4b15a3) sh      s4, -53(s6)
core   0: 3 0x80007cc0 (0xfd4b15a3) mem 0x80015f92 0xa000
core   0: 0x80007cc4 (0x0ff0000f) fence   iorw,iorw
core   0: 3 0x80007cc4 (0x0ff0000f)
core   0: 0x80007cc8 (0xf98b4683) lbu     a3, -104(s6)
core   0: 3 0x80007cc8 (0xf98b4683) x13 0x00000014 mem 0x80015f5f
core   0: 0x80007ccc (0x006b4a03) lbu     s4, 6(s6)
core   0: 3 0x80007ccc (0x006b4a03) x20 0x00000086 mem 0x80015fcd
core   0: 0x80007cd0 (0x003b0223) sb      gp, 4(s6)
core   0: 3 0x80007cd0 (0x003b0223) mem 0x80015fcb 0x1d
core   0: 0x80007cd4 (0x015b3333) sltu    t1, s6, s5
core   0: 3 0x80007cd4 (0x015b3333) x 6 0x00000000
core   0: 0x80007cd8 (0xffdb0283) lb      t0, -3(s6)
core   0: 3 0x80007cd8 (0xffdb0283) x 5 0x0000007f mem 0x80015fc4
core   0: 0x80007cdc (0xe02b2f93) slti    t6, s6, -510
core   0: 3 0x80007cdc (0xe02b2f93) x31 0x00000001
core   0: 0x80007ce0 (0xf31b4a03) lbu     s4, -207(s6)
core   0: 3 0x80007ce0 (0xf31b4a03) x20 0x00000000 mem 0x80015ef8
core   0: 0x80007ce4 (0x01be4e33) xor     t3, t3, s11
core   0: 3 0x80007ce4 (0x01be4e33) x28 0x0000b6b7
core   0: 0x80007ce8 (0x010b0203) lb      tp, 16(s6)
core   0: 3 0x80007ce8 (0x010b0203) x 4 0xffffff8c mem 0x80015fd7
core   0: 0x80007cec (0xf7fb4683) lbu     a3, -129(s6)
core   0: 3 0x80007cec (0xf7fb4683) x13 0x000000fd mem 0x80015f46
core   0: 0x80007cf0 (0x00aad7b3) srl     a5, s5, a0
core   0: 3 0x80007cf0 (0x00aad7b3) x15 0x00000002
core   0: 0x80007cf4 (0x0119a4b3) slt     s1, s3, a7
core   0: 3 0x80007cf4 (0x0119a4b3) x 9 0x00000000
core   0: 0x80007cf8 (0xa3a02a93) slti    s5, zero, -1478
core   0: 3 0x80007cf8 (0xa3a02a93) x21 0x00000000
core   0: 0x80007cfc (0x00000013) nop
core   0: 3 0x80007cfc (0x00000013)
core   0: 0x80007d00 (0x00ec4e33) xor     t3, s8, a4
core   0: 3 0x80007d00 (0x00ec4e33) x28 0x00004ecf
core   0: 0x80007d04 (0x07cb0da3) sb      t3, 123(s6)
core   0: 3 0x80007d04 (0x07cb0da3) mem 0x80016042 0xcf
core   0: 0x80007d08 (0x01bb0903) lb      s2, 27(s6)
core   0: 3 0x80007d08 (0x01bb0903) x18 0xffffff99 mem 0x80015fe2
core   0: 0x80007d0c (0x2200c793) xori    a5, ra, 544
core   0: 3 0x80007d0c (0x2200c793) x15 0xfffffddf
core   0: 0x80007d10 (0x597ae293) ori     t0, s5, 1431
core   0: 3 0x80007d10 (0x597ae293) x 5 0x00000597
core   0: 0x80007d14 (0xf41b4d83) lbu     s11, -191(s6)
core   0: 3 0x80007d14 (0xf41b4d83) x27 0x000000c3 mem 0x80015f08
core   0: 0x80007d18 (0x3f33f513) andi    a0, t2, 1011
core   0: 3 0x80007d18 (0x3f33f513) x10 0x00000030
core   0: 0x80007d1c (0x060b0683) lb      a3, 96(s6)
core   0: 3 0x80007d1c (0x060b0683) x13 0xffffffdc mem 0x80016027
core   0: 0x80007d20 (0x41a7df33) sra     t5, a5, s10
core   0: 3 0x80007d20 (0x41a7df33) x30 0xffffffff
core   0: 0x80007d24 (0x011a3233) sltu    tp, s4, a7
core   0: 3 0x80007d24 (0x011a3233) x 4 0x00000001
core   0: 0x80007d28 (0xf23b13a3) sh      gp, -217(s6)
core   0: 3 0x80007d28 (0xf23b13a3) mem 0x80015eee 0x001d
core   0: 0x80007d2c (0x00013897) auipc   a7, 0x13
core   0: 3 0x80007d2c (0x00013897) x17 0x8001ad2c
core   0: 0x80007d30 (0x67088893) addi    a7, a7, 1648
core   0: 3 0x80007d30 (0x67088893) x17 0x8001b39c
core   0: 0x80007d34 (0x00088683) lb      a3, 0(a7)
core   0: 3 0x80007d34 (0x00088683) x13 0x00000057 mem 0x8001b39c
core   0: 0x80007d38 (0x0038c003) lbu     zero, 3(a7)
core   0: 3 0x80007d38 (0x0038c003) mem 0x8001b39f
core   0: 0x80007d3c (0x00788003) lb      zero, 7(a7)
core   0: 3 0x80007d3c (0x00788003) mem 0x8001b3a3
core   0: 0x80007d40 (0xcfaea693) slti    a3, t4, -774
core   0: 3 0x80007d40 (0xcfaea693) x13 0x00000001
core   0: 0x80007d44 (0x00c8dd83) lhu     s11, 12(a7)
core   0: 3 0x80007d44 (0x00c8dd83) x27 0x00006263 mem 0x8001b3a8
core   0: 0x80007d48 (0xd1898d93) addi    s11, s3, -744
core   0: 3 0x80007d48 (0xd1898d93) x27 0xfffffd46
core   0: 0x80007d4c (0x41e589b3) sub     s3, a1, t5
core   0: 3 0x80007d4c (0x41e589b3) x19 0x80000001
core   0: 0x80007d50 (0x015edf93) srli    t6, t4, 21
core   0: 3 0x80007d50 (0x015edf93) x31 0x00000400
core   0: 0x80007d54 (0xc0b8e913) ori     s2, a7, -1013
core   0: 3 0x80007d54 (0xc0b8e913) x18 0xffffff9f
core   0: 0x80007d58 (0x0061c0b3) xor     ra, gp, t1
core   0: 3 0x80007d58 (0x0061c0b3) x 1 0x0000001d
core   0: 0x80007d5c (0xff088083) lb      ra, -16(a7)
core   0: 3 0x80007d5c (0xff088083) x 1 0x00000047 mem 0x8001b38c
core   0: 0x80007d60 (0x3c3b3093) sltiu   ra, s6, 963
core   0: 3 0x80007d60 (0x3c3b3093) x 1 0x00000000
core   0: 0x80007d64 (0x00000013) nop
core   0: 3 0x80007d64 (0x00000013)
core   0: 0x80007d68 (0xff18c983) lbu     s3, -15(a7)
core   0: 3 0x80007d68 (0xff18c983) x19 0x00000046 mem 0x8001b38d
core   0: 0x80007d6c (0x00688083) lb      ra, 6(a7)
core   0: 3 0x80007d6c (0x00688083) x 1 0x00000059 mem 0x8001b3a2
core   0: 0x80007d70 (0xff78c403) lbu     s0, -9(a7)
core   0: 3 0x80007d70 (0xff78c403) x 8 0x00000048 mem 0x8001b393
core   0: 0x80007d74 (0xff289b23) sh      s2, -10(a7)
core   0: 3 0x80007d74 (0xff289b23) mem 0x8001b392 0xff9f
core   0: 0x80007d78 (0xffb8ca03) lbu     s4, -5(a7)
core   0: 3 0x80007d78 (0xffb8ca03) x20 0x0000004c mem 0x8001b397
core   0: 0x80007d7c (0x18514c93) xori    s9, sp, 389
core   0: 3 0x80007d7c (0x18514c93) x25 0x8002ed61
core   0: 0x80007d80 (0x0000100f) fence.i
core   0: 3 0x80007d80 (0x0000100f)
core   0: 0x80007d84 (0x0ff0000f) fence   iorw,iorw
core   0: 3 0x80007d84 (0x0ff0000f)
core   0: 0x80007d88 (0x00c88003) lb      zero, 12(a7)
core   0: 3 0x80007d88 (0x00c88003) mem 0x8001b3a8
core   0: 0x80007d8c (0x01e59433) sll     s0, a1, t5
core   0: 3 0x80007d8c (0x01e59433) x 8 0x00000000
core   0: 0x80007d90 (0x40d15513) srai    a0, sp, 13
core   0: 3 0x80007d90 (0x40d15513) x10 0xfffc0017
core   0: 0x80007d94 (0x0068d683) lhu     a3, 6(a7)
core   0: 3 0x80007d94 (0x0068d683) x13 0x00005859 mem 0x8001b3a2
core   0: 0x80007d98 (0x0ff0000f) fence   iorw,iorw
core   0: 3 0x80007d98 (0x0ff0000f)
core   0: 0x80007d9c (0xffa8dc83) lhu     s9, -6(a7)
core   0: 3 0x80007d9c (0xffa8dc83) x25 0x00004c4d mem 0x8001b396
core   0: 0x80007da0 (0xffe8d203) lhu     tp, -2(a7)
core   0: 3 0x80007da0 (0xffe8d203) x 4 0x00005051 mem 0x8001b39a
core   0: 0x80007da4 (0x00e89083) lh      ra, 14(a7)
core   0: 3 0x80007da4 (0x00e89083) x 1 0x00006061 mem 0x8001b3aa
core   0: 0x80007da8 (0x00188803) lb      a6, 1(a7)
core   0: 3 0x80007da8 (0x00188803) x16 0x00000056 mem 0x8001b39d
core   0: 0x80007dac (0x412bd6b3) sra     a3, s7, s2
core   0: 3 0x80007dac (0x412bd6b3) x13 0x00000000
core   0: 0x80007db0 (0x877f7837) lui     a6, 0x877f7
core   0: 3 0x80007db0 (0x877f7837) x16 0x877f7000
core   0: 0x80007db4 (0x0099d513) srli    a0, s3, 9
core   0: 3 0x80007db4 (0x0099d513) x10 0x00000000
core   0: 0x80007db8 (0x0038c803) lbu     a6, 3(a7)
core   0: 3 0x80007db8 (0x0038c803) x16 0x00000054 mem 0x8001b39f
core   0: 0x80007dbc (0x01ce81b3) add     gp, t4, t3
core   0: 3 0x80007dbc (0x01ce81b3) x 3 0x8001e12d
core   0: 0x80007dc0 (0x01131ab3) sll     s5, t1, a7
core   0: 3 0x80007dc0 (0x01131ab3) x21 0x00000000
core   0: 0x80007dc4 (0x7cc50d93) addi    s11, a0, 1996
core   0: 3 0x80007dc4 (0x7cc50d93) x27 0x000007cc
core   0: 0x80007dc8 (0x00288e83) lb      t4, 2(a7)
core   0: 3 0x80007dc8 (0x00288e83) x29 0x00000055 mem 0x8001b39e
core   0: 0x80007dcc (0xff58c383) lbu     t2, -11(a7)
core   0: 3 0x80007dcc (0xff58c383) x 7 0x0000004a mem 0x8001b391
core   0: 0x80007dd0 (0xff58c003) lbu     zero, -11(a7)
core   0: 3 0x80007dd0 (0xff58c003) mem 0x8001b391
core   0: 0x80007dd4 (0x9750ba13) sltiu   s4, ra, -1675
core   0: 3 0x80007dd4 (0x9750ba13) x20 0x00000001
core   0: 0x80007dd8 (0x8984f313) andi    t1, s1, -1896
core   0: 3 0x80007dd8 (0x8984f313) x 6 0x00000000
core   0: 0x80007ddc (0x00000013) nop
core   0: 3 0x80007ddc (0x00000013)
core   0: 0x80007de0 (0x01879d93) slli    s11, a5, 24
core   0: 3 0x80007de0 (0x01879d93) x27 0xdf000000
core   0: 0x80007de4 (0x4939e4b7) lui     s1, 0x4939e
core   0: 3 0x80007de4 (0x4939e4b7) x 9 0x4939e000
core   0: 0x80007de8 (0x017881a3) sb      s7, 3(a7)
core   0: 3 0x80007de8 (0x017881a3) mem 0x8001b39f 0x1
core   0: 0x80007dec (0xfea89b23) sh      a0, -10(a7)
core   0: 3 0x80007dec (0xfea89b23) mem 0x8001b392 0x0000
core   0: 0x80007df0 (0x00688403) lb      s0, 6(a7)
core   0: 3 0x80007df0 (0x00688403) x 8 0x00000059 mem 0x8001b3a2
core   0: 0x80007df4 (0x41918933) sub     s2, gp, s9
core   0: 3 0x80007df4 (0x41918933) x18 0x800194e0
core   0: 0x80007df8 (0xe286aa13) slti    s4, a3, -472
core   0: 3 0x80007df8 (0xe286aa13) x20 0x00000000
core   0: 0x80007dfc (0x3ee90b13) addi    s6, s2, 1006
core   0: 3 0x80007dfc (0x3ee90b13) x22 0x800198ce
core   0: 0x80007e00 (0xff58cd83) lbu     s11, -11(a7)
core   0: 3 0x80007e00 (0xff58cd83) x27 0x0000004a mem 0x8001b391
core   0: 0x80007e04 (0xff089f03) lh      t5, -16(a7)
core   0: 3 0x80007e04 (0xff089f03) x30 0x00004647 mem 0x8001b38c
core   0: 0x80007e08 (0x00b8c503) lbu     a0, 11(a7)
core   0: 3 0x80007e08 (0x00b8c503) x10 0x0000005c mem 0x8001b3a7
core   0: 0x80007e0c (0x00019517) auipc   a0, 0x19
core   0: 3 0x80007e0c (0x00019517) x10 0x80020e0c
core   0: 0x80007e10 (0xef250513) addi    a0, a0, -270
core   0: 3 0x80007e10 (0xef250513) x10 0x80020cfe
core   0: 0x80007e14 (0xf3f50803) lb      a6, -193(a0)
core   0: 3 0x80007e14 (0xf3f50803) x16 0xfffffff6 mem 0x80020c3d
core   0: 0x80007e18 (0xf3f54e03) lbu     t3, -193(a0)
core   0: 3 0x80007e18 (0xf3f54e03) x28 0x000000f6 mem 0x80020c3d
core   0: 0x80007e1c (0xd8476213) ori     tp, a4, -636
core   0: 3 0x80007e1c (0xd8476213) x 4 0xfffffd84
core   0: 0x80007e20 (0xf2050fa3) sb      zero, -193(a0)
core   0: 3 0x80007e20 (0xf2050fa3) mem 0x80020c3d 0x0
core   0: 0x80007e24 (0xf3f50403) lb      s0, -193(a0)
core   0: 3 0x80007e24 (0xf3f50403) x 8 0x00000000 mem 0x80020c3d
core   0: 0x80007e28 (0x0000100f) fence.i
core   0: 3 0x80007e28 (0x0000100f)
core   0: 0x80007e2c (0xf2150fa3) sb      ra, -193(a0)
core   0: 3 0x80007e2c (0xf2150fa3) mem 0x80020c3d 0x61
core   0: 0x80007e30 (0xf3f54203) lbu     tp, -193(a0)
core   0: 3 0x80007e30 (0xf3f54203) x 4 0x00000061 mem 0x80020c3d
core   0: 0x80007e34 (0x000f78b3) and     a7, t5, zero
core   0: 3 0x80007e34 (0x000f78b3) x17 0x00000000
core   0: 0x80007e38 (0x01b7c433) xor     s0, a5, s11
core   0: 3 0x80007e38 (0x01b7c433) x 8 0xfffffd95
core   0: 0x80007e3c (0x006814b3) sll     s1, a6, t1
core   0: 3 0x80007e3c (0x006814b3) x 9 0xfffffff6
core   0: 0x80007e40 (0xf3f54303) lbu     t1, -193(a0)
core   0: 3 0x80007e40 (0xf3f54303) x 6 0x00000061 mem 0x80020c3d
core   0: 0x80007e44 (0x00000013) nop
core   0: 3 0x80007e44 (0x00000013)
core   0: 0x80007e48 (0xf3f50283) lb      t0, -193(a0)
core   0: 3 0x80007e48 (0xf3f50283) x 5 0x00000061 mem 0x80020c3d
core   0: 0x80007e4c (0xf3f50903) lb      s2, -193(a0)
core   0: 3 0x80007e4c (0xf3f50903) x18 0x00000061 mem 0x80020c3d
core   0: 0x80007e50 (0xf3b50883) lb      a7, -197(a0)
core   0: 3 0x80007e50 (0xf3b50883) x17 0xfffffff2 mem 0x80020c39
core   0: 0x80007e54 (0xf3b54d03) lbu     s10, -197(a0)
core   0: 3 0x80007e54 (0xf3b54d03) x26 0x000000f2 mem 0x80020c39
core   0: 0x80007e58 (0xf2b50da3) sb      a1, -197(a0)
core   0: 3 0x80007e58 (0xf2b50da3) mem 0x80020c39 0x0
core   0: 0x80007e5c (0xf3b50d83) lb      s11, -197(a0)
core   0: 3 0x80007e5c (0xf3b50d83) x27 0x00000000 mem 0x80020c39
core   0: 0x80007e60 (0xf3b54883) lbu     a7, -197(a0)
core   0: 3 0x80007e60 (0xf3b54883) x17 0x00000000 mem 0x80020c39
core   0: 0x80007e64 (0xe2ed2793) slti    a5, s10, -466
core   0: 3 0x80007e64 (0xe2ed2793) x15 0x00000000
core   0: 0x80007e68 (0xf3550da3) sb      s5, -197(a0)
core   0: 3 0x80007e68 (0xf3550da3) mem 0x80020c39 0x0
core   0: 0x80007e6c (0x00015517) auipc   a0, 0x15
core   0: 3 0x80007e6c (0x00015517) x10 0x8001ce6c
core   0: 0x80007e70 (0xca150513) addi    a0, a0, -863
core   0: 3 0x80007e70 (0xca150513) x10 0x8001cb0d
core   0: 0x80007e74 (0xc8751183) lh      gp, -889(a0)
core   0: 3 0x80007e74 (0xc8751183) x 3 0x00004e4f mem 0x8001c794
core   0: 0x80007e78 (0x009e31b3) sltu    gp, t3, s1
core   0: 3 0x80007e78 (0x009e31b3) x 3 0x00000001
core   0: 0x80007e7c (0x24c54a03) lbu     s4, 588(a0)
core   0: 3 0x80007e7c (0x24c54a03) x20 0x00000012 mem 0x8001cd59
core   0: 0x80007e80 (0x31468f13) addi    t5, a3, 788
core   0: 3 0x80007e80 (0x31468f13) x30 0x00000314
core   0: 0x80007e84 (0x0000100f) fence.i
core   0: 3 0x80007e84 (0x0000100f)
core   0: 0x80007e88 (0x0025b333) sltu    t1, a1, sp
core   0: 3 0x80007e88 (0x0025b333) x 6 0x00000001
core   0: 0x80007e8c (0x41f60333) sub     t1, a2, t6
core   0: 3 0x80007e8c (0x41f60333) x 6 0x8002aa04
core   0: 0x80007e90 (0xd8a54783) lbu     a5, -630(a0)
core   0: 3 0x80007e90 (0xd8a54783) x15 0x0000004c mem 0x8001c897
core   0: 0x80007e94 (0x0ff0000f) fence   iorw,iorw
core   0: 3 0x80007e94 (0x0ff0000f)
core   0: 0x80007e98 (0x9fa4cf93) xori    t6, s1, -1542
core   0: 3 0x80007e98 (0x9fa4cf93) x31 0x0000060c
core   0: 0x80007e9c (0x91154a03) lbu     s4, -1775(a0)
core   0: 3 0x80007e9c (0x91154a03) x20 0x000000d5 mem 0x8001c41e
core   0: 0x80007ea0 (0x28c50e23) sb      a2, 668(a0)
core   0: 3 0x80007ea0 (0x28c50e23) mem 0x8001cda9 0x4
core   0: 0x80007ea4 (0x001b0a33) add     s4, s6, ra
core   0: 3 0x80007ea4 (0x001b0a33) x20 0x8001f92f
core   0: 0x80007ea8 (0x41578433) sub     s0, a5, s5
core   0: 3 0x80007ea8 (0x41578433) x 8 0x0000004c
core   0: 0x80007eac (0x8e3512a3) sh      gp, -1819(a0)
core   0: 3 0x80007eac (0x8e3512a3) mem 0x8001c3f2 0x0001
core   0: 0x80007eb0 (0x11f516a3) sh      t6, 269(a0)
core   0: 3 0x80007eb0 (0x11f516a3) mem 0x8001cc1a 0x060c
core   0: 0x80007eb4 (0x1a050823) sb      zero, 432(a0)
core   0: 3 0x80007eb4 (0x1a050823) mem 0x8001ccbd 0x0
core   0: 0x80007eb8 (0x877516a3) sh      s7, -1939(a0)
core   0: 3 0x80007eb8 (0x877516a3) mem 0x8001c37a 0x0001
core   0: 0x80007ebc (0x59634093) xori    ra, t1, 1430
core   0: 3 0x80007ebc (0x59634093) x 1 0x8002af92
core   0: 0x80007ec0 (0xa6751697) auipc   a3, 0xa6751
core   0: 3 0x80007ec0 (0xa6751697) x13 0x26758ec0
core   0: 0x80007ec4 (0x00bbb4b3) sltu    s1, s7, a1
core   0: 3 0x80007ec4 (0x00bbb4b3) x 9 0x00000001
core   0: 0x80007ec8 (0x076516a3) sh      s6, 109(a0)
core   0: 3 0x80007ec8 (0x076516a3) mem 0x8001cb7a 0x98ce
core   0: 0x80007ecc (0x00000013) nop
core   0: 3 0x80007ecc (0x00000013)
core   0: 0x80007ed0 (0x11150da3) sb      a7, 283(a0)
core   0: 3 0x80007ed0 (0x11150da3) mem 0x8001cc28 0x0
core   0: 0x80007ed4 (0x002187b3) add     a5, gp, sp
core   0: 3 0x80007ed4 (0x002187b3) x15 0x8002ece5
core   0: 0x80007ed8 (0x4bdf4293) xori    t0, t5, 1213
core   0: 3 0x80007ed8 (0x4bdf4293) x 5 0x000007a9
core   0: 0x80007edc (0x015489b3) add     s3, s1, s5
core   0: 3 0x80007edc (0x015489b3) x19 0x00000001
core   0: 0x80007ee0 (0xa215c317) auipc   t1, 0xa215c
core   0: 3 0x80007ee0 (0xa215c317) x 6 0x22163ee0
core   0: 0x80007ee4 (0x77e54e03) lbu     t3, 1918(a0)
core   0: 3 0x80007ee4 (0x77e54e03) x28 0x00000040 mem 0x8001d28b
core   0: 0x80007ee8 (0xec154e83) lbu     t4, -319(a0)
core   0: 3 0x80007ee8 (0xec154e83) x29 0x00000085 mem 0x8001c9ce
core   0: 0x80007eec (0xb7b52903) lw      s2, -1157(a0)
core   0: 3 0x80007eec (0xb7b52903) x18 0x40414243 mem 0x8001c688
core   0: 0x80007ef0 (0xbc050423) sb      zero, -1080(a0)
core   0: 3 0x80007ef0 (0xbc050423) mem 0x8001c6d5 0x0
core   0: 0x80007ef4 (0x012bd0b3) srl     ra, s7, s2
core   0: 3 0x80007ef4 (0x012bd0b3) x 1 0x00000000
core   0: 0x80007ef8 (0x6ef54183) lbu     gp, 1775(a0)
core   0: 3 0x80007ef8 (0x6ef54183) x 3 0x000000b7 mem 0x8001d1fc
core   0: 0x80007efc (0x55b502a3) sb      s11, 1349(a0)
core   0: 3 0x80007efc (0x55b502a3) mem 0x8001d052 0x0
core   0: 0x80007f00 (0x28e54183) lbu     gp, 654(a0)
core   0: 3 0x80007f00 (0x28e54183) x 3 0x00000050 mem 0x8001cd9b
core   0: 0x80007f04 (0x00018e17) auipc   t3, 0x18
core   0: 3 0x80007f04 (0x00018e17) x28 0x8001ff04
core   0: 0x80007f08 (0x269e0e13) addi    t3, t3, 617
core   0: 3 0x80007f08 (0x269e0e13) x28 0x8002016d
core   0: 0x80007f0c (0x35663993) sltiu   s3, a2, 854
core   0: 3 0x80007f0c (0x35663993) x19 0x00000000
core   0: 0x80007f10 (0x779bb693) sltiu   a3, s7, 1913
core   0: 3 0x80007f10 (0x779bb693) x13 0x00000001
core   0: 0x80007f14 (0x009e1783) lh      a5, 9(t3)
core   0: 3 0x80007f14 (0x009e1783) x15 0x00002c2d mem 0x80020176
core   0: 0x80007f18 (0x009e0983) lb      s3, 9(t3)
core   0: 3 0x80007f18 (0x009e0983) x19 0x0000002d mem 0x80020176
core   0: 0x80007f1c (0x00ae04a3) sb      a0, 9(t3)
core   0: 3 0x80007f1c (0x00ae04a3) mem 0x80020176 0xd
core   0: 0x80007f20 (0x004e04a3) sb      tp, 9(t3)
core   0: 3 0x80007f20 (0x004e04a3) mem 0x80020176 0x61
core   0: 0x80007f24 (0x003e14a3) sh      gp, 9(t3)
core   0: 3 0x80007f24 (0x003e14a3) mem 0x80020176 0x0050
core   0: 0x80007f28 (0x009e0f83) lb      t6, 9(t3)
core   0: 3 0x80007f28 (0x009e0f83) x31 0x00000050 mem 0x80020176
core   0: 0x80007f2c (0x01de14a3) sh      t4, 9(t3)
core   0: 3 0x80007f2c (0x01de14a3) mem 0x80020176 0x0085
core   0: 0x80007f30 (0x009e1983) lh      s3, 9(t3)
core   0: 3 0x80007f30 (0x009e1983) x19 0x00000085 mem 0x80020176
core   0: 0x80007f34 (0x2af2ebb7) lui     s7, 0x2af2e
core   0: 3 0x80007f34 (0x2af2ebb7) x23 0x2af2e000
core   0: 0x80007f38 (0x009e5903) lhu     s2, 9(t3)
core   0: 3 0x80007f38 (0x009e5903) x18 0x00000085 mem 0x80020176
core   0: 0x80007f3c (0x009e5483) lhu     s1, 9(t3)
core   0: 3 0x80007f3c (0x009e5483) x 9 0x00000085 mem 0x80020176
core   0: 0x80007f40 (0x00ae04a3) sb      a0, 9(t3)
core   0: 3 0x80007f40 (0x00ae04a3) mem 0x80020176 0xd
core   0: 0x80007f44 (0x8ccdbc13) sltiu   s8, s11, -1844
core   0: 3 0x80007f44 (0x8ccdbc13) x24 0x00000001
core   0: 0x80007f48 (0x4029d913) srai    s2, s3, 2
core   0: 3 0x80007f48 (0x4029d913) x18 0x00000021
core   0: 0x80007f4c (0x009e5783) lhu     a5, 9(t3)
core   0: 3 0x80007f4c (0x009e5783) x15 0x0000000d mem 0x80020176
core   0: 0x80007f50 (0xf1940b13) addi    s6, s0, -231
core   0: 3 0x80007f50 (0xf1940b13) x22 0xffffff65
core   0: 0x80007f54 (0x01fe04a3) sb      t6, 9(t3)
core   0: 3 0x80007f54 (0x01fe04a3) mem 0x80020176 0x50
core   0: 0x80007f58 (0x0000da97) auipc   s5, 0xd
core   0: 3 0x80007f58 (0x0000da97) x21 0x80014f58
core   0: 0x80007f5c (0x0ffa8a93) addi    s5, s5, 255
core   0: 3 0x80007f5c (0x0ffa8a93) x21 0x80015057
core   0: 0x80007f60 (0x036a8c23) sb      s6, 56(s5)
core   0: 3 0x80007f60 (0x036a8c23) mem 0x8001508f 0x65
core   0: 0x80007f64 (0x0001b497) auipc   s1, 0x1b
core   0: 3 0x80007f64 (0x0001b497) x 9 0x80022f64
core   0: 0x80007f68 (0xa4848493) addi    s1, s1, -1464
core   0: 3 0x80007f68 (0xa4848493) x 9 0x800229ac
core   0: 0x80007f6c (0x01f483a3) sb      t6, 7(s1)
core   0: 3 0x80007f6c (0x01f483a3) mem 0x800229b3 0x50
core   0: 0x80007f70 (0xbaa48923) sb      a0, -1102(s1)
core   0: 3 0x80007f70 (0xbaa48923) mem 0x8002255e 0xd
core   0: 0x80007f74 (0xff1aa183) lw      gp, -15(s5)
core   0: 3 0x80007f74 (0xff1aa183) x 3 0x00010203 mem 0x80015048
core   0: 0x80007f78 (0x2b849683) lh      a3, 696(s1)
core   0: 3 0x80007f78 (0x2b849683) x13 0x00001e1f mem 0x80022c64
core   0: 0x80007f7c (0x01ba8d23) sb      s11, 26(s5)
core   0: 3 0x80007f7c (0x01ba8d23) mem 0x80015071 0x0
core   0: 0x80007f80 (0x5ad4c783) lbu     a5, 1453(s1)
core   0: 3 0x80007f80 (0x5ad4c783) x15 0x00000012 mem 0x80022f59
core   0: 0x80007f84 (0x00ba9e03) lh      t3, 11(s5)
core   0: 3 0x80007f84 (0x00ba9e03) x28 0x00000000 mem 0x80015062
core   0: 0x80007f88 (0xe454cf83) lbu     t6, -443(s1)
core   0: 3 0x80007f88 (0xe454cf83) x31 0x000000aa mem 0x800227f1
core   0: 0x80007f8c (0x020a8183) lb      gp, 32(s5)
core   0: 3 0x80007f8c (0x020a8183) x 3 0xffffff99 mem 0x80015077
core   0: 0x80007f90 (0xff3a9ea3) sh      s3, -3(s5)
core   0: 3 0x80007f90 (0xff3a9ea3) mem 0x80015054 0x0085
core   0: 0x80007f94 (0xdcc48da3) sb      a2, -549(s1)
core   0: 3 0x80007f94 (0xdcc48da3) mem 0x80022787 0x4
core   0: 0x80007f98 (0x03ba9f03) lh      t5, 59(s5)
core   0: 3 0x80007f98 (0x03ba9f03) x30 0x00000a0b mem 0x80015092
core   0: 0x80007f9c (0xc14485a3) sb      s4, -1013(s1)
core   0: 3 0x80007f9c (0xc14485a3) mem 0x800225b7 0x2f
core   0: 0x80007fa0 (0x8ae480a3) sb      a4, -1887(s1)
core   0: 3 0x80007fa0 (0x8ae480a3) mem 0x8002224d 0x0
core   0: 0x80007fa4 (0x00012c97) auipc   s9, 0x12
core   0: 3 0x80007fa4 (0x00012c97) x25 0x80019fa4
core   0: 0x80007fa8 (0xf7bc8c93) addi    s9, s9, -133
core   0: 3 0x80007fa8 (0xf7bc8c93) x25 0x80019f1f
core   0: 0x80007fac (0x012c8823) sb      s2, 16(s9)
core   0: 3 0x80007fac (0x012c8823) mem 0x80019f2f 0x21
core   0: 0x80007fb0 (0x010ccf83) lbu     t6, 16(s9)
core   0: 3 0x80007fb0 (0x010ccf83) x31 0x00000021 mem 0x80019f2f
core   0: 0x80007fb4 (0x010c8983) lb      s3, 16(s9)
core   0: 3 0x80007fb4 (0x010c8983) x19 0x00000021 mem 0x80019f2f
core   0: 0x80007fb8 (0x010c8783) lb      a5, 16(s9)
core   0: 3 0x80007fb8 (0x010c8783) x15 0x00000021 mem 0x80019f2f
core   0: 0x80007fbc (0x010c8b03) lb      s6, 16(s9)
core   0: 3 0x80007fbc (0x010c8b03) x22 0x00000021 mem 0x80019f2f
core   0: 0x80007fc0 (0x010cc983) lbu     s3, 16(s9)
core   0: 3 0x80007fc0 (0x010cc983) x19 0x00000021 mem 0x80019f2f
core   0: 0x80007fc4 (0x010cc983) lbu     s3, 16(s9)
core   0: 3 0x80007fc4 (0x010cc983) x19 0x00000021 mem 0x80019f2f
core   0: 0x80007fc8 (0x010ccb03) lbu     s6, 16(s9)
core   0: 3 0x80007fc8 (0x010ccb03) x22 0x00000021 mem 0x80019f2f
core   0: 0x80007fcc (0x010cc683) lbu     a3, 16(s9)
core   0: 3 0x80007fcc (0x010cc683) x13 0x00000021 mem 0x80019f2f
core   0: 0x80007fd0 (0x0ff0000f) fence   iorw,iorw
core   0: 3 0x80007fd0 (0x0ff0000f)
core   0: 0x80007fd4 (0x010c8183) lb      gp, 16(s9)
core   0: 3 0x80007fd4 (0x010c8183) x 3 0x00000021 mem 0x80019f2f
core   0: 0x80007fd8 (0x015c8823) sb      s5, 16(s9)
core   0: 3 0x80007fd8 (0x015c8823) mem 0x80019f2f 0x57
core   0: 0x80007fdc (0x006c8823) sb      t1, 16(s9)
core   0: 3 0x80007fdc (0x006c8823) mem 0x80019f2f 0xe0
core   0: 0x80007fe0 (0x010c8683) lb      a3, 16(s9)
core   0: 3 0x80007fe0 (0x010c8683) x13 0xffffffe0 mem 0x80019f2f
core   0: 0x80007fe4 (0x010c8d83) lb      s11, 16(s9)
core   0: 3 0x80007fe4 (0x010c8d83) x27 0xffffffe0 mem 0x80019f2f
core   0: 0x80007fe8 (0x010cc783) lbu     a5, 16(s9)
core   0: 3 0x80007fe8 (0x010cc783) x15 0x000000e0 mem 0x80019f2f
core   0: 0x80007fec (0xff0c8483) lb      s1, -16(s9)
core   0: 3 0x80007fec (0xff0c8483) x 9 0xffffffc4 mem 0x80019f0f
core   0: 0x80007ff0 (0xfe0c8823) sb      zero, -16(s9)
core   0: 3 0x80007ff0 (0xfe0c8823) mem 0x80019f0f 0x0
core   0: 0x80007ff4 (0x000e6b33) or      s6, t3, zero
core   0: 3 0x80007ff4 (0x000e6b33) x22 0x00000000
core   0: 0x80007ff8 (0xff0cc203) lbu     tp, -16(s9)
core   0: 3 0x80007ff8 (0xff0cc203) x 4 0x00000000 mem 0x80019f0f
core   0: 0x80007ffc (0xff0ccf83) lbu     t6, -16(s9)
core   0: 3 0x80007ffc (0xff0ccf83) x31 0x00000000 mem 0x80019f0f
core   0: 0x80008000 (0x00014817) auipc   a6, 0x14
core   0: 3 0x80008000 (0x00014817) x16 0x8001c000
core   0: 0x80008004 (0xf7b80813) addi    a6, a6, -133
core   0: 3 0x80008004 (0xf7b80813) x16 0x8001bf7b
core   0: 0x80008008 (0x0000100f) fence.i
core   0: 3 0x80008008 (0x0000100f)
core   0: 0x8000800c (0xfc785883) lhu     a7, -57(a6)
core   0: 3 0x8000800c (0xfc785883) x17 0x0000f8f9 mem 0x8001bf42
core   0: 0x80008010 (0x01380fa3) sb      s3, 31(a6)
core   0: 3 0x80008010 (0x01380fa3) mem 0x8001bf9a 0x21
core   0: 0x80008014 (0xff781203) lh      tp, -9(a6)
core   0: 3 0x80008014 (0xff781203) x 4 0x00002829 mem 0x8001bf72
core   0: 0x80008018 (0x01380503) lb      a0, 19(a6)
core   0: 3 0x80008018 (0x01380503) x10 0x00000045 mem 0x8001bf8e
core   0: 0x8000801c (0xfcf85883) lhu     a7, -49(a6)
core   0: 3 0x8000801c (0xfcf85883) x17 0x00000001 mem 0x8001bf4a
core   0: 0x80008020 (0xff680303) lb      t1, -10(a6)
core   0: 3 0x80008020 (0xff680303) x 6 0x0000002a mem 0x8001bf71
core   0: 0x80008024 (0xaa5f8f97) auipc   t6, 0xaa5f8
core   0: 3 0x80008024 (0xaa5f8f97) x31 0x2a600024
core   0: 0x80008028 (0x02680123) sb      t1, 34(a6)
core   0: 3 0x80008028 (0x02680123) mem 0x8001bf9d 0x2a
core   0: 0x8000802c (0x03580a23) sb      s5, 52(a6)
core   0: 3 0x8000802c (0x03580a23) mem 0x8001bfaf 0x57
core   0: 0x80008030 (0xff980503) lb      a0, -7(a6)
core   0: 3 0x80008030 (0xff980503) x10 0x0000002f mem 0x8001bf74
core   0: 0x80008034 (0xdde3af13) slti    t5, t2, -546
core   0: 3 0x80008034 (0xdde3af13) x30 0x00000000
core   0: 0x80008038 (0x36cd78b7) lui     a7, 0x36cd7
core   0: 3 0x80008038 (0x36cd78b7) x17 0x36cd7000
core   0: 0x8000803c (0xfec80c83) lb      s9, -20(a6)
core   0: 3 0x8000803c (0xfec80c83) x25 0x0000001c mem 0x8001bf67
core   0: 0x80008040 (0x0001b1b3) sltu    gp, gp, zero
core   0: 3 0x80008040 (0x0001b1b3) x 3 0x00000000
core   0: 0x80008044 (0xfc680123) sb      t1, -62(a6)
core   0: 3 0x80008044 (0xfc680123) mem 0x8001bf3d 0x2a
core   0: 0x80008048 (0x40b902b3) sub     t0, s2, a1
core   0: 3 0x80008048 (0x40b902b3) x 5 0x80000021
core   0: 0x8000804c (0xfd785e83) lhu     t4, -41(a6)
core   0: 3 0x8000804c (0xfd785e83) x29 0x00000809 mem 0x8001bf52
core   0: 0x80008050 (0xfd384503) lbu     a0, -45(a6)
core   0: 3 0x80008050 (0xfd384503) x10 0x00000005 mem 0x8001bf4e
core   0: 0x80008054 (0x41215193) srai    gp, sp, 18
core   0: 3 0x80008054 (0x41215193) x 3 0xffffe000
core   0: 0x80008058 (0xffa84203) lbu     tp, -6(a6)
core   0: 3 0x80008058 (0xffa84203) x 4 0x0000002e mem 0x8001bf75
core   0: 0x8000805c (0x411bd433) sra     s0, s7, a7
core   0: 3 0x8000805c (0x411bd433) x 8 0x2af2e000
core   0: 0x80008060 (0x03884183) lbu     gp, 56(a6)
core   0: 3 0x80008060 (0x03884183) x 3 0x00000068 mem 0x8001bfb3
core   0: 0x80008064 (0x4004dd93) srai    s11, s1, 0
core   0: 3 0x80008064 (0x4004dd93) x27 0xffffffc4
core   0: 0x80008068 (0x0ff0000f) fence   iorw,iorw
core   0: 3 0x80008068 (0x0ff0000f)
core   0: 0x8000806c (0x02580203) lb      tp, 37(a6)
core   0: 3 0x8000806c (0x02580203) x 4 0x0000005b mem 0x8001bfa0
core   0: 0x80008070 (0xfe280da3) sb      sp, -5(a6)
core   0: 3 0x80008070 (0xfe280da3) mem 0x8001bf76 0xe4
core   0: 0x80008074 (0xfe280f03) lb      t5, -30(a6)
core   0: 3 0x80008074 (0xfe280f03) x30 0x00000016 mem 0x8001bf5d
core   0: 0x80008078 (0xfd884903) lbu     s2, -40(a6)
core   0: 3 0x80008078 (0xfd884903) x18 0x00000008 mem 0x8001bf53
core   0: 0x8000807c (0xfd581883) lh      a7, -43(a6)
core   0: 3 0x8000807c (0xfd581883) x17 0x00000a0b mem 0x8001bf50
core   0: 0x80008080 (0xfce84b83) lbu     s7, -50(a6)
core   0: 3 0x80008080 (0xfce84b83) x23 0x00000002 mem 0x8001bf49
core   0: 0x80008084 (0x01b8f6b3) and     a3, a7, s11
core   0: 3 0x80008084 (0x01b8f6b3) x13 0x00000a00
core   0: 0x80008088 (0x00fba233) slt     tp, s7, a5
core   0: 3 0x80008088 (0x00fba233) x 4 0x00000001
core   0: 0x8000808c (0x30464a13) xori    s4, a2, 772
core   0: 3 0x8000808c (0x30464a13) x20 0x8002ad00
core   0: 0x80008090 (0x415f0033) sub     zero, t5, s5
core   0: 3 0x80008090 (0x415f0033)
core   0: 0x80008094 (0x01df51b3) srl     gp, t5, t4
core   0: 3 0x80008094 (0x01df51b3) x 3 0x00000000
core   0: 0x80008098 (0x0000100f) fence.i
core   0: 3 0x80008098 (0x0000100f)
core   0: 0x8000809c (0x81053293) sltiu   t0, a0, -2032
core   0: 3 0x8000809c (0x81053293) x 5 0x00000001
core   0: 0x800080a0 (0x0ff0000f) fence   iorw,iorw
core   0: 3 0x800080a0 (0x0ff0000f)
core   0: 0x800080a4 (0x010d11b3) sll     gp, s10, a6
core   0: 3 0x800080a4 (0x010d11b3) x 3 0x90000000
core   0: 0x800080a8 (0xfc5803a3) sb      t0, -57(a6)
core   0: 3 0x800080a8 (0xfc5803a3) mem 0x8001bf42 0x1
core   0: 0x800080ac (0xfe785283) lhu     t0, -25(a6)
core   0: 3 0x800080ac (0xfe785283) x 5 0x00001819 mem 0x8001bf62
core   0: 0x800080b0 (0xfc684c83) lbu     s9, -58(a6)
core   0: 3 0x800080b0 (0xfc684c83) x25 0x000000fa mem 0x8001bf41
core   0: 0x800080b4 (0x00381403) lh      s0, 3(a6)
core   0: 3 0x800080b4 (0x00381403) x 8 0x00003435 mem 0x8001bf7e
core   0: 0x800080b8 (0x003813a3) sh      gp, 7(a6)
core   0: 3 0x800080b8 (0x003813a3) mem 0x8001bf82 0x0000
core   0: 0x800080bc (0x02f81c03) lh      s8, 47(a6)
core   0: 3 0x800080bc (0x02f81c03) x24 0x00006061 mem 0x8001bfaa
core   0: 0x800080c0 (0x0000e817) auipc   a6, 0xe
core   0: 3 0x800080c0 (0x0000e817) x16 0x800160c0
core   0: 0x800080c4 (0x8b580813) addi    a6, a6, -1867
core   0: 3 0x800080c4 (0x8b580813) x16 0x80015975
core   0: 0x800080c8 (0xfe980923) sb      s1, -14(a6)
core   0: 3 0x800080c8 (0xfe980923) mem 0x80015967 0xc4
core   0: 0x800080cc (0x00000013) nop
core   0: 3 0x800080cc (0x00000013)
core   0: 0x800080d0 (0x41ff5893) srai    a7, t5, 31
core   0: 3 0x800080d0 (0x41ff5893) x17 0x00000000
core   0: 0x800080d4 (0x00380623) sb      gp, 12(a6)
core   0: 3 0x800080d4 (0x00380623) mem 0x80015981 0x0
core   0: 0x800080d8 (0x00c84703) lbu     a4, 12(a6)
core   0: 3 0x800080d8 (0x00c84703) x14 0x00000000 mem 0x80015981
core   0: 0x800080dc (0xff684183) lbu     gp, -10(a6)
core   0: 3 0x800080dc (0xff684183) x 3 0x00000020 mem 0x8001596b
core   0: 0x800080e0 (0xff180b23) sb      a7, -10(a6)
core   0: 3 0x800080e0 (0xff180b23) mem 0x8001596b 0x0
core   0: 0x800080e4 (0x00a804a3) sb      a0, 9(a6)
core   0: 3 0x800080e4 (0x00a804a3) mem 0x8001597e 0x5
core   0: 0x800080e8 (0x00985083) lhu     ra, 9(a6)
core   0: 3 0x800080e8 (0x00985083) x 1 0x00003405 mem 0x8001597e
core   0: 0x800080ec (0x014804a3) sb      s4, 9(a6)
core   0: 3 0x800080ec (0x014804a3) mem 0x8001597e 0x0
core   0: 0x800080f0 (0x018804a3) sb      s8, 9(a6)
core   0: 3 0x800080f0 (0x018804a3) mem 0x8001597e 0x61
core   0: 0x800080f4 (0x36ef4e13) xori    t3, t5, 878
core   0: 3 0x800080f4 (0x36ef4e13) x28 0x00000378
core   0: 0x800080f8 (0x00981f83) lh      t6, 9(a6)
core   0: 3 0x800080f8 (0x00981f83) x31 0x00003461 mem 0x8001597e
core   0: 0x800080fc (0x00985f03) lhu     t5, 9(a6)
core   0: 3 0x800080fc (0x00985f03) x30 0x00003461 mem 0x8001597e
core   0: 0x80008100 (0x00984f03) lbu     t5, 9(a6)
core   0: 3 0x80008100 (0x00984f03) x30 0x00000061 mem 0x8001597e
core   0: 0x80008104 (0x00980883) lb      a7, 9(a6)
core   0: 3 0x80008104 (0x00980883) x17 0x00000061 mem 0x8001597e
core   0: 0x80008108 (0x00984a83) lbu     s5, 9(a6)
core   0: 3 0x80008108 (0x00984a83) x21 0x00000061 mem 0x8001597e
core   0: 0x8000810c (0x0001cb17) auipc   s6, 0x1c
core   0: 3 0x8000810c (0x0001cb17) x22 0x8002410c
core   0: 0x80008110 (0x47bb0b13) addi    s6, s6, 1147
core   0: 3 0x80008110 (0x47bb0b13) x22 0x80024587
core   0: 0x80008114 (0x55b28837) lui     a6, 0x55b28
core   0: 3 0x80008114 (0x55b28837) x16 0x55b28000
core   0: 0x80008118 (0x6036d717) auipc   a4, 0x6036d
core   0: 3 0x80008118 (0x6036d717) x14 0xe0375118
core   0: 0x8000811c (0x00db5783) lhu     a5, 13(s6)
core   0: 3 0x8000811c (0x00db5783) x15 0x00004e4f mem 0x80024594
core   0: 0x80008120 (0xfe8b0b83) lb      s7, -24(s6)
core   0: 3 0x80008120 (0xfe8b0b83) x23 0x00000024 mem 0x8002456f
core   0: 0x80008124 (0x27d1ef13) ori     t5, gp, 637
core   0: 3 0x80008124 (0x27d1ef13) x30 0x0000027d
core   0: 0x80008128 (0xff4b0623) sb      s4, -20(s6)
core   0: 3 0x80008128 (0xff4b0623) mem 0x80024573 0x0
core   0: 0x8000812c (0x196d2013) slti    zero, s10, 406
core   0: 3 0x8000812c (0x196d2013)
core   0: 0x80008130 (0x00e71f13) slli    t5, a4, 14
core   0: 3 0x80008130 (0x00e71f13) x30 0xd4460000
core   0: 0x80008134 (0xfc2b16a3) sh      sp, -51(s6)
core   0: 3 0x80008134 (0xfc2b16a3) mem 0x80024554 0xece4
core   0: 0x80008138 (0x00757033) and     zero, a0, t2
core   0: 3 0x80008138 (0x00757033)
core   0: 0x8000813c (0xfc0b4203) lbu     tp, -64(s6)
core   0: 3 0x8000813c (0xfc0b4203) x 4 0x000000fc mem 0x80024547
core   0: 0x80008140 (0xfceb4803) lbu     a6, -50(s6)
core   0: 3 0x80008140 (0xfceb4803) x16 0x000000ec mem 0x80024555
core   0: 0x80008144 (0x41185233) sra     tp, a6, a7
core   0: 3 0x80008144 (0x41185233) x 4 0x00000076
core   0: 0x80008148 (0x00209213) slli    tp, ra, 2
core   0: 3 0x80008148 (0x00209213) x 4 0x0000d014
core   0: 0x8000814c (0xfeeb0903) lb      s2, -18(s6)
core   0: 3 0x8000814c (0xfeeb0903) x18 0x0000002e mem 0x80024575
core   0: 0x80008150 (0x4020da93) srai    s5, ra, 2
core   0: 3 0x80008150 (0x4020da93) x21 0x00000d01
core   0: 0x80008154 (0x02ab4083) lbu     ra, 42(s6)
core   0: 3 0x80008154 (0x02ab4083) x 1 0x0000006a mem 0x800245b1
core   0: 0x80008158 (0x035b2983) lw      s3, 53(s6)
core   0: 3 0x80008158 (0x035b2983) x19 0x74757677 mem 0x800245bc
core   0: 0x8000815c (0x032b05a3) sb      s2, 43(s6)
core   0: 3 0x8000815c (0x032b05a3) mem 0x800245b2 0x2e
core   0: 0x80008160 (0x01199733) sll     a4, s3, a7
core   0: 3 0x80008160 (0x01199733) x14 0xe8eaecee
core   0: 0x80008164 (0x03bb5683) lhu     a3, 59(s6)
core   0: 3 0x80008164 (0x03bb5683) x13 0x00007879 mem 0x800245c2
core   0: 0x80008168 (0x022b0883) lb      a7, 34(s6)
core   0: 3 0x80008168 (0x022b0883) x17 0x00000062 mem 0x800245a9
core   0: 0x8000816c (0x41e85d13) srai    s10, a6, 30
core   0: 3 0x8000816c (0x41e85d13) x26 0x00000000
core   0: 0x80008170 (0x0012d933) srl     s2, t0, ra
core   0: 3 0x80008170 (0x0012d933) x18 0x00000006
core   0: 0x80008174 (0x417fd4b3) sra     s1, t6, s7
core   0: 3 0x80008174 (0x417fd4b3) x 9 0x00000346
core   0: 0x80008178 (0x016b19a3) sh      s6, 19(s6)
core   0: 3 0x80008178 (0x016b19a3) mem 0x8002459a 0x4587
core   0: 0x8000817c (0x3dc58713) addi    a4, a1, 988
core   0: 3 0x8000817c (0x3dc58713) x14 0x800003dc
core   0: 0x80008180 (0xb5208493) addi    s1, ra, -1198
core   0: 3 0x80008180 (0xb5208493) x 9 0xfffffbbc
core   0: 0x80008184 (0x009e9b93) slli    s7, t4, 9
core   0: 3 0x80008184 (0x009e9b93) x23 0x00101200
core   0: 0x80008188 (0xff1b0723) sb      a7, -18(s6)
core   0: 3 0x80008188 (0xff1b0723) mem 0x80024575 0x62
core   0: 0x8000818c (0x01ca4933) xor     s2, s4, t3
core   0: 3 0x8000818c (0x01ca4933) x18 0x8002ae78
core   0: 0x80008190 (0x017d7c33) and     s8, s10, s7
core   0: 3 0x80008190 (0x017d7c33) x24 0x00000000
core   0: 0x80008194 (0x021b5403) lhu     s0, 33(s6)
core   0: 3 0x80008194 (0x021b5403) x 8 0x00006263 mem 0x800245a8
core   0: 0x80008198 (0x009fd2b3) srl     t0, t6, s1
core   0: 3 0x80008198 (0x009fd2b3) x 5 0x00000000
core   0: 0x8000819c (0x003886b3) add     a3, a7, gp
core   0: 3 0x8000819c (0x003886b3) x13 0x00000082
core   0: 0x800081a0 (0xffbb0523) sb      s11, -22(s6)
core   0: 3 0x800081a0 (0xffbb0523) mem 0x80024571 0xc4
core   0: 0x800081a4 (0x00cb4683) lbu     a3, 12(s6)
core   0: 3 0x800081a4 (0x00cb4683) x13 0x00000048 mem 0x80024593
core   0: 0x800081a8 (0x007d2f33) slt     t5, s10, t2
core   0: 3 0x800081a8 (0x007d2f33) x30 0x00000001
core   0: 0x800081ac (0x02d72393) slti    t2, a4, 45
core   0: 3 0x800081ac (0x02d72393) x 7 0x00000001
core   0: 0x800081b0 (0xfcfb0b23) sb      a5, -42(s6)
core   0: 3 0x800081b0 (0xfcfb0b23) mem 0x8002455d 0x4f
core   0: 0x800081b4 (0x0000ed17) auipc   s10, 0xe
core   0: 3 0x800081b4 (0x0000ed17) x26 0x800161b4
core   0: 0x800081b8 (0xbe4d0d13) addi    s10, s10, -1052
core   0: 3 0x800081b8 (0xbe4d0d13) x26 0x80015d98
core   0: 0x800081bc (0xff1d4183) lbu     gp, -15(s10)
core   0: 3 0x800081bc (0xff1d4183) x 3 0x00000000 mem 0x80015d89
core   0: 0x800081c0 (0x00cd0683) lb      a3, 12(s10)
core   0: 3 0x800081c0 (0x00cd0683) x13 0x0000005f mem 0x80015da4
core   0: 0x800081c4 (0xff5d0c03) lb      s8, -11(s10)
core   0: 3 0x800081c4 (0xff5d0c03) x24 0x00000046 mem 0x80015d8d
core   0: 0x800081c8 (0x00fd1433) sll     s0, s10, a5
core   0: 3 0x800081c8 (0x00fd1433) x 8 0xaecc0000
core   0: 0x800081cc (0x01ec6033) or      zero, s8, t5
core   0: 3 0x800081cc (0x01ec6033)
core   0: 0x800081d0 (0xff5d2a23) sw      s5, -12(s10)
core   0: 3 0x800081d0 (0xff5d2a23) mem 0x80015d8c 0x00000d01
core   0: 0x800081d4 (0x009b9c93) slli    s9, s7, 9
core   0: 3 0x800081d4 (0x009b9c93) x25 0x20240000
core   0: 0x800081d8 (0x008d0783) lb      a5, 8(s10)
core   0: 3 0x800081d8 (0x008d0783) x15 0x0000005b mem 0x80015da0
core   0: 0x800081dc (0x00413db3) sltu    s11, sp, tp
core   0: 3 0x800081dc (0x00413db3) x27 0x00000000
core   0: 0x800081e0 (0x006d0f03) lb      t5, 6(s10)
core   0: 3 0x800081e0 (0x006d0f03) x30 0x00000055 mem 0x80015d9e
core   0: 0x800081e4 (0x013bb3b3) sltu    t2, s7, s3
core   0: 3 0x800081e4 (0x013bb3b3) x 7 0x00000001
core   0: 0x800081e8 (0x4278f4b7) lui     s1, 0x4278f
core   0: 3 0x800081e8 (0x4278f4b7) x 9 0x4278f000
core   0: 0x800081ec (0xff1d0903) lb      s2, -15(s10)
core   0: 3 0x800081ec (0xff1d0903) x18 0x00000000 mem 0x80015d89
core   0: 0x800081f0 (0x00fd0f83) lb      t6, 15(s10)
core   0: 3 0x800081f0 (0x00fd0f83) x31 0x0000005c mem 0x80015da7
core   0: 0x800081f4 (0xffad0b23) sb      s10, -10(s10)
core   0: 3 0x800081f4 (0xffad0b23) mem 0x80015d8e 0x98
core   0: 0x800081f8 (0x010d4003) lbu     zero, 16(s10)
core   0: 3 0x800081f8 (0x010d4003) mem 0x80015da8
core   0: 0x800081fc (0xffdd0203) lb      tp, -3(s10)
core   0: 3 0x800081fc (0xffdd0203) x 4 0x0000004e mem 0x80015d95
core   0: 0x80008200 (0x005d0203) lb      tp, 5(s10)
core   0: 3 0x80008200 (0x005d0203) x 4 0x00000056 mem 0x80015d9d
core   0: 0x80008204 (0xfeed1823) sh      a4, -16(s10)
core   0: 3 0x80008204 (0xfeed1823) mem 0x80015d88 0x03dc
core   0: 0x80008208 (0x38d5f793) andi    a5, a1, 909
core   0: 3 0x80008208 (0x38d5f793) x15 0x00000000
core   0: 0x8000820c (0x009d0c83) lb      s9, 9(s10)
core   0: 3 0x8000820c (0x009d0c83) x25 0x0000005a mem 0x80015da1
core   0: 0x80008210 (0x0000dc17) auipc   s8, 0xd
core   0: 3 0x80008210 (0x0000dc17) x24 0x80015210
core   0: 0x80008214 (0x241c0c13) addi    s8, s8, 577
core   0: 3 0x80008214 (0x241c0c13) x24 0x80015451
core   0: 0x80008218 (0x0c7c4703) lbu     a4, 199(s8)
core   0: 3 0x80008218 (0x0c7c4703) x14 0x000000d3 mem 0x80015518
core   0: 0x8000821c (0x0000f797) auipc   a5, 0xf
core   0: 3 0x8000821c (0x0000f797) x15 0x8001721c
core   0: 0x80008220 (0xc8778793) addi    a5, a5, -889
core   0: 3 0x80008220 (0xc8778793) x15 0x80016ea3
core   0: 0x80008224 (0x3cc78223) sb      a2, 964(a5)
core   0: 3 0x80008224 (0x3cc78223) mem 0x80017267 0x4
core   0: 0x80008228 (0x083c0023) sb      gp, 128(s8)
core   0: 3 0x80008228 (0x083c0023) mem 0x800154d1 0x0
core   0: 0x8000822c (0x010c0d03) lb      s10, 16(s8)
core   0: 3 0x8000822c (0x010c0d03) x26 0x0000001a mem 0x80015461
core   0: 0x80008230 (0x0b4c4a03) lbu     s4, 180(s8)
core   0: 3 0x80008230 (0x0b4c4a03) x20 0x000000be mem 0x80015505
core   0: 0x80008234 (0x0fe7cd03) lbu     s10, 254(a5)
core   0: 3 0x80008234 (0x0fe7cd03) x26 0x0000005a mem 0x80016fa1
core   0: 0x80008238 (0xfb3c1ca3) sh      s3, -71(s8)
core   0: 3 0x80008238 (0xfb3c1ca3) mem 0x8001540a 0x7677
core   0: 0x8000823c (0x65778b83) lb      s7, 1623(a5)
core   0: 3 0x8000823c (0x65778b83) x23 0xffffffb1 mem 0x800174fa
core   0: 0x80008240 (0xf56c4e83) lbu     t4, -170(s8)
core   0: 3 0x80008240 (0xf56c4e83) x29 0x0000005c mem 0x800153a7
core   0: 0x80008244 (0xf21c07a3) sb      ra, -209(s8)
core   0: 3 0x80008244 (0xf21c07a3) mem 0x80015380 0x6a
core   0: 0x80008248 (0x79178e03) lb      t3, 1937(a5)
core   0: 3 0x80008248 (0x79178e03) x28 0xffffffef mem 0x80017634
core   0: 0x8000824c (0x3a878383) lb      t2, 936(a5)
core   0: 3 0x8000824c (0x3a878383) x 7 0x00000000 mem 0x8001724b
core   0: 0x80008250 (0x0000e097) auipc   ra, 0xe
core   0: 3 0x80008250 (0x0000e097) x 1 0x80016250
core   0: 0x80008254 (0x95308093) addi    ra, ra, -1709
core   0: 3 0x80008254 (0x95308093) x 1 0x80015ba3
core   0: 0x80008258 (0x627b4393) xori    t2, s6, 1575
core   0: 3 0x80008258 (0x627b4393) x 7 0x800243a0
core   0: 0x8000825c (0x78f7d317) auipc   t1, 0x78f7d
core   0: 3 0x8000825c (0x78f7d317) x 6 0xf8f8525c
core   0: 0x80008260 (0x8e708723) sb      t2, -1810(ra)
core   0: 3 0x80008260 (0x8e708723) mem 0x80015491 0xa0
core   0: 0x80008264 (0x745017b7) lui     a5, 0x74501
core   0: 3 0x80008264 (0x745017b7) x15 0x74501000
core   0: 0x80008268 (0x68c5eb13) ori     s6, a1, 1676
core   0: 3 0x80008268 (0x68c5eb13) x22 0x8000068c
core   0: 0x8000826c (0xa2008923) sb      zero, -1486(ra)
core   0: 3 0x8000826c (0xa2008923) mem 0x800155d5 0x0
core   0: 0x80008270 (0x8d0087a3) sb      a6, -1841(ra)
core   0: 3 0x80008270 (0x8d0087a3) mem 0x80015472 0xec
core   0: 0x80008274 (0x416e83b3) sub     t2, t4, s6
core   0: 3 0x80008274 (0x416e83b3) x 7 0x7ffff9d0
core   0: 0x80008278 (0xf0c095a3) sh      a2, -245(ra)
core   0: 3 0x80008278 (0xf0c095a3) mem 0x80015aae 0xae04
core   0: 0x8000827c (0x4039d313) srai    t1, s3, 3
core   0: 3 0x8000827c (0x4039d313) x 6 0x0e8eaece
core   0: 0x80008280 (0xa0909383) lh      t2, -1527(ra)
core   0: 3 0x80008280 (0xa0909383) x 7 0x00006667 mem 0x800155ac
core   0: 0x80008284 (0x01d0a503) lw      a0, 29(ra)
core   0: 3 0x80008284 (0x01d0a503) x10 0x78797a7b mem 0x80015bc0
core   0: 0x80008288 (0x4028d493) srai    s1, a7, 2
core   0: 3 0x80008288 (0x4028d493) x 9 0x00000018
core   0: 0x8000828c (0xc970c503) lbu     a0, -873(ra)
core   0: 3 0x8000828c (0xc970c503) x10 0x000000f1 mem 0x8001583a
core   0: 0x80008290 (0x00a1ef33) or      t5, gp, a0
core   0: 3 0x80008290 (0x00a1ef33) x30 0x000000f1
core   0: 0x80008294 (0x00521b33) sll     s6, tp, t0
core   0: 3 0x80008294 (0x00521b33) x22 0x00000056
core   0: 0x80008298 (0xf3a08503) lb      a0, -198(ra)
core   0: 3 0x80008298 (0xf3a08503) x10 0xffffff96 mem 0x80015add
core   0: 0x8000829c (0x012e52b3) srl     t0, t3, s2
core   0: 3 0x8000829c (0x012e52b3) x 5 0xffffffef
core   0: 0x800082a0 (0x01f85bb3) srl     s7, a6, t6
core   0: 3 0x800082a0 (0x01f85bb3) x23 0x00000000
core   0: 0x800082a4 (0x63b07493) andi    s1, zero, 1595
core   0: 3 0x800082a4 (0x63b07493) x 9 0x00000000
core   0: 0x800082a8 (0x43d09b83) lh      s7, 1085(ra)
core   0: 3 0x800082a8 (0x43d09b83) x23 0xffff9a9b mem 0x80015fe0
core   0: 0x800082ac (0xe8b097a3) sh      a1, -369(ra)
core   0: 3 0x800082ac (0xe8b097a3) mem 0x80015a32 0x0000
core   0: 0x800082b0 (0x3a208183) lb      gp, 930(ra)
core   0: 3 0x800082b0 (0x3a208183) x 3 0xfffffffe mem 0x80015f45
core   0: 0x800082b4 (0x015fe933) or      s2, t6, s5
core   0: 3 0x800082b4 (0x015fe933) x18 0x00000d5d
core   0: 0x800082b8 (0x1ab084a3) sb      a1, 425(ra)
core   0: 3 0x800082b8 (0x1ab084a3) mem 0x80015d4c 0x0
core   0: 0x800082bc (0x9430c203) lbu     tp, -1725(ra)
core   0: 3 0x800082bc (0x9430c203) x 4 0x0000009d mem 0x800154e6
core   0: 0x800082c0 (0xfdd09ca3) sh      t4, -39(ra)
core   0: 3 0x800082c0 (0xfdd09ca3) mem 0x80015b7c 0x005c
core   0: 0x800082c4 (0xce40ef13) ori     t5, ra, -796
core   0: 3 0x800082c4 (0xce40ef13) x30 0xffffffe7
core   0: 0x800082c8 (0x01204533) xor     a0, zero, s2
core   0: 3 0x800082c8 (0x01204533) x10 0x00000d5d
core   0: 0x800082cc (0x82109403) lh      s0, -2015(ra)
core   0: 3 0x800082cc (0x82109403) x 8 0x00007e7f mem 0x800153c4
core   0: 0x800082d0 (0xbbe70817) auipc   a6, 0xbbe70
core   0: 3 0x800082d0 (0xbbe70817) x16 0x3be782d0
core   0: 0x800082d4 (0xa8a0c403) lbu     s0, -1398(ra)
core   0: 3 0x800082d4 (0xa8a0c403) x 8 0x000000e6 mem 0x8001562d
core   0: 0x800082d8 (0x92c08313) addi    t1, ra, -1748
core   0: 3 0x800082d8 (0x92c08313) x 6 0x800154cf
core   0: 0x800082dc (0x07908423) sb      s9, 104(ra)
core   0: 3 0x800082dc (0x07908423) mem 0x80015c0b 0x5a
core   0: 0x800082e0 (0x9f908b23) sb      s9, -1546(ra)
core   0: 3 0x800082e0 (0x9f908b23) mem 0x80015599 0x5a
core   0: 0x800082e4 (0xf4f08523) sb      a5, -182(ra)
core   0: 3 0x800082e4 (0xf4f08523) mem 0x80015aed 0x0
core   0: 0x800082e8 (0x012de6b3) or      a3, s11, s2
core   0: 3 0x800082e8 (0x012de6b3) x13 0x00000d5d
core   0: 0x800082ec (0x8110d883) lhu     a7, -2031(ra)
core   0: 3 0x800082ec (0x8110d883) x17 0x0000a66f mem 0x800153b4
core   0: 0x800082f0 (0x08909e83) lh      t4, 137(ra)
core   0: 3 0x800082f0 (0x08909e83) x29 0xffffe6e7 mem 0x80015c2c
core   0: 0x800082f4 (0xa260cf03) lbu     t5, -1498(ra)
core   0: 3 0x800082f4 (0xa260cf03) x30 0x00000082 mem 0x800155c9
core   0: 0x800082f8 (0xad80cc03) lbu     s8, -1320(ra)
core   0: 3 0x800082f8 (0xad80cc03) x24 0x00000030 mem 0x8001567b
core   0: 0x800082fc (0x65586d97) auipc   s11, 0x65586
core   0: 3 0x800082fc (0x65586d97) x27 0xe558e2fc
core   0: 0x80008300 (0xd2a0c983) lbu     s3, -726(ra)
core   0: 3 0x80008300 (0xd2a0c983) x19 0x00000086 mem 0x800158cd
core   0: 0x80008304 (0x8ec08fa3) sb      a2, -1793(ra)
core   0: 3 0x80008304 (0x8ec08fa3) mem 0x800154a2 0x4
core   0: 0x80008308 (0x0000100f) fence.i
core   0: 3 0x80008308 (0x0000100f)
core   0: 0x8000830c (0x627413b7) lui     t2, 0x62741
core   0: 3 0x8000830c (0x627413b7) x 7 0x62741000
core   0: 0x80008310 (0xd8308923) sb      gp, -622(ra)
core   0: 3 0x80008310 (0xd8308923) mem 0x80015935 0xfe
core   0: 0x80008314 (0x0000dc97) auipc   s9, 0xd
core   0: 3 0x80008314 (0x0000dc97) x25 0x80015314
core   0: 0x80008318 (0x1e7c8c93) addi    s9, s9, 487
core   0: 3 0x80008318 (0x1e7c8c93) x25 0x800154fb
core   0: 0x8000831c (0xf1ec8d03) lb      s10, -226(s9)
core   0: 3 0x8000831c (0xf1ec8d03) x26 0xffffffd2 mem 0x80015419
core   0: 0x80008320 (0xbf2c8f03) lb      t5, -1038(s9)
core   0: 3 0x80008320 (0xbf2c8f03) x30 0xffffffa6 mem 0x800150ed
core   0: 0x80008324 (0x174cc283) lbu     t0, 372(s9)
core   0: 3 0x80008324 (0x174cc283) x 5 0x000000f1 mem 0x8001566f
core   0: 0x80008328 (0x174c8b83) lb      s7, 372(s9)
core   0: 3 0x80008328 (0x174c8b83) x23 0xfffffff1 mem 0x8001566f
core   0: 0x8000832c (0x41b95013) srai    zero, s2, 27
core   0: 3 0x8000832c (0x41b95013)
core   0: 0x80008330 (0x094c92a3) sh      s4, 133(s9)
core   0: 3 0x80008330 (0x094c92a3) mem 0x80015580 0x00be
core   0: 0x80008334 (0xedcc8703) lb      a4, -292(s9)
core   0: 3 0x80008334 (0xedcc8703) x14 0xffffff8c mem 0x800153d7
core   0: 0x80008338 (0xedcc8e03) lb      t3, -292(s9)
core   0: 3 0x80008338 (0xedcc8e03) x28 0xffffff8c mem 0x800153d7
core   0: 0x8000833c (0xe5bcaaa3) sw      s11, -427(s9)
core   0: 3 0x8000833c (0xe5bcaaa3) mem 0x80015350 0xe558e2fc
core   0: 0x80008340 (0x4e2c8183) lb      gp, 1250(s9)
core   0: 3 0x80008340 (0x4e2c8183) x 3 0x00000000 mem 0x800159dd
core   0: 0x80008344 (0x202cc183) lbu     gp, 514(s9)
core   0: 3 0x80008344 (0x202cc183) x 3 0x000000b6 mem 0x800156fd
core   0: 0x80008348 (0x9be23213) sltiu   tp, tp, -1602
core   0: 3 0x80008348 (0x9be23213) x 4 0x00000001
core   0: 0x8000834c (0xd42cc803) lbu     a6, -702(s9)
core   0: 3 0x8000834c (0xd42cc803) x16 0x000000f6 mem 0x8001523d
core   0: 0x80008350 (0x19c8ef97) auipc   t6, 0x19c8e
core   0: 3 0x80008350 (0x19c8ef97) x31 0x99c96350
core   0: 0x80008354 (0xf7fc9c03) lh      s8, -129(s9)
core   0: 3 0x80008354 (0xf7fc9c03) x24 0x00003031 mem 0x8001547a
core   0: 0x80008358 (0x070cca83) lbu     s5, 112(s9)
core   0: 3 0x80008358 (0x070cca83) x21 0x00000020 mem 0x8001556b
core   0: 0x8000835c (0xfbdc9d83) lh      s11, -67(s9)
core   0: 3 0x8000835c (0xfbdc9d83) x27 0x00007273 mem 0x800154b8
core   0: 0x80008360 (0x5ebccb03) lbu     s6, 1515(s9)
core   0: 3 0x80008360 (0x5ebccb03) x22 0x0000009d mem 0x80015ae6
core   0: 0x80008364 (0x00494833) xor     a6, s2, tp
core   0: 3 0x80008364 (0x00494833) x16 0x00000d5c
core   0: 0x80008368 (0x734c8003) lb      zero, 1844(s9)
core   0: 3 0x80008368 (0x734c8003) mem 0x80015c2f
core   0: 0x8000836c (0x476c8503) lb      a0, 1142(s9)
core   0: 3 0x8000836c (0x476c8503) x10 0x0000002a mem 0x80015971
core   0: 0x80008370 (0x01b90833) add     a6, s2, s11
core   0: 3 0x80008370 (0x01b90833) x16 0x00007fd0
core   0: 0x80008374 (0xbddc9683) lh      a3, -1059(s9)
core   0: 3 0x80008374 (0xbddc9683) x13 0xffff9293 mem 0x800150d8
core   0: 0x80008378 (0x00010c17) auipc   s8, 0x10
core   0: 3 0x80008378 (0x00010c17) x24 0x80018378
core   0: 0x8000837c (0xcadc0c13) addi    s8, s8, -851
core   0: 3 0x8000837c (0xcadc0c13) x24 0x80018025
core   0: 0x80008380 (0xff6c0da3) sb      s6, -5(s8)
core   0: 3 0x80008380 (0xff6c0da3) mem 0x80018020 0x9d
core   0: 0x80008384 (0xffbc0f83) lb      t6, -5(s8)
core   0: 3 0x80008384 (0xffbc0f83) x31 0xffffff9d mem 0x80018020
core   0: 0x80008388 (0xffbc1383) lh      t2, -5(s8)
core   0: 3 0x80008388 (0xffbc1383) x 7 0xffffda9d mem 0x80018020
core   0: 0x8000838c (0xff2c0da3) sb      s2, -5(s8)
core   0: 3 0x8000838c (0xff2c0da3) mem 0x80018020 0x5d
core   0: 0x80008390 (0x002c4d83) lbu     s11, 2(s8)
core   0: 3 0x80008390 (0x002c4d83) x27 0x000000dc mem 0x80018027
core   0: 0x80008394 (0x002c4e03) lbu     t3, 2(s8)
core   0: 3 0x80008394 (0x002c4e03) x28 0x000000dc mem 0x80018027
core   0: 0x80008398 (0x002c0f83) lb      t6, 2(s8)
core   0: 3 0x80008398 (0x002c0f83) x31 0xffffffdc mem 0x80018027
core   0: 0x8000839c (0x002c0183) lb      gp, 2(s8)
core   0: 3 0x8000839c (0x002c0183) x 3 0xffffffdc mem 0x80018027
core   0: 0x800083a0 (0x002c0e03) lb      t3, 2(s8)
core   0: 3 0x800083a0 (0x002c0e03) x28 0xffffffdc mem 0x80018027
core   0: 0x800083a4 (0x002c0b83) lb      s7, 2(s8)
core   0: 3 0x800083a4 (0x002c0b83) x23 0xffffffdc mem 0x80018027
core   0: 0x800083a8 (0x002c4b83) lbu     s7, 2(s8)
core   0: 3 0x800083a8 (0x002c4b83) x23 0x000000dc mem 0x80018027
core   0: 0x800083ac (0x002c4983) lbu     s3, 2(s8)
core   0: 3 0x800083ac (0x002c4983) x19 0x000000dc mem 0x80018027
core   0: 0x800083b0 (0x002c4483) lbu     s1, 2(s8)
core   0: 3 0x800083b0 (0x002c4483) x 9 0x000000dc mem 0x80018027
core   0: 0x800083b4 (0x007c0123) sb      t2, 2(s8)
core   0: 3 0x800083b4 (0x007c0123) mem 0x80018027 0x9d
core   0: 0x800083b8 (0x01bc0123) sb      s11, 2(s8)
core   0: 3 0x800083b8 (0x01bc0123) mem 0x80018027 0xdc
core   0: 0x800083bc (0x004c0123) sb      tp, 2(s8)
core   0: 3 0x800083bc (0x004c0123) mem 0x80018027 0x1
core   0: 0x800083c0 (0x0191f3b3) and     t2, gp, s9
core   0: 3 0x800083c0 (0x0191f3b3) x 7 0x800154d8
core   0: 0x800083c4 (0x01ac0123) sb      s10, 2(s8)
core   0: 3 0x800083c4 (0x01ac0123) mem 0x80018027 0xd2
core   0: 0x800083c8 (0x002c0903) lb      s2, 2(s8)
core   0: 3 0x800083c8 (0x002c0903) x18 0xffffffd2 mem 0x80018027
core   0: 0x800083cc (0x002c0f83) lb      t6, 2(s8)
core   0: 3 0x800083cc (0x002c0f83) x31 0xffffffd2 mem 0x80018027
core   0: 0x800083d0 (0x0000d317) auipc   t1, 0xd
core   0: 3 0x800083d0 (0x0000d317) x 6 0x800153d0
core   0: 0x800083d4 (0x4f630313) addi    t1, t1, 1270
core   0: 3 0x800083d4 (0x4f630313) x 6 0x800158c6
core   0: 0x800083d8 (0x00331223) sh      gp, 4(t1)
core   0: 3 0x800083d8 (0x00331223) mem 0x800158ca 0xffdc
core   0: 0x800083dc (0x00434283) lbu     t0, 4(t1)
core   0: 3 0x800083dc (0x00434283) x 5 0x000000dc mem 0x800158ca
core   0: 0x800083e0 (0x00434a03) lbu     s4, 4(t1)
core   0: 3 0x800083e0 (0x00434a03) x20 0x000000dc mem 0x800158ca
core   0: 0x800083e4 (0x00f30483) lb      s1, 15(t1)
core   0: 3 0x800083e4 (0x00f30483) x 9 0xffffff8e mem 0x800158d5
core   0: 0x800083e8 (0x00f34383) lbu     t2, 15(t1)
core   0: 3 0x800083e8 (0x00f34383) x 7 0x0000008e mem 0x800158d5
core   0: 0x800083ec (0x009307a3) sb      s1, 15(t1)
core   0: 3 0x800083ec (0x009307a3) mem 0x800158d5 0x8e
core   0: 0x800083f0 (0x00f30403) lb      s0, 15(t1)
core   0: 3 0x800083f0 (0x00f30403) x 8 0xffffff8e mem 0x800158d5
core   0: 0x800083f4 (0x3d5e2e93) slti    t4, t3, 981
core   0: 3 0x800083f4 (0x3d5e2e93) x29 0x00000001
core   0: 0x800083f8 (0x00330f83) lb      t6, 3(t1)
core   0: 3 0x800083f8 (0x00330f83) x31 0xffffff82 mem 0x800158c9
core   0: 0x800083fc (0x0ff0000f) fence   iorw,iorw
core   0: 3 0x800083fc (0x0ff0000f)
core   0: 0x80008400 (0x00334f03) lbu     t5, 3(t1)
core   0: 3 0x80008400 (0x00334f03) x30 0x00000082 mem 0x800158c9
core   0: 0x80008404 (0xffb34383) lbu     t2, -5(t1)
core   0: 3 0x80008404 (0xffb34383) x 7 0x0000007a mem 0x800158c1
core   0: 0x80008408 (0xffb34003) lbu     zero, -5(t1)
core   0: 3 0x80008408 (0xffb34003) mem 0x800158c1
core   0: 0x8000840c (0x4093de13) srai    t3, t2, 9
core   0: 3 0x8000840c (0x4093de13) x28 0x00000000
core   0: 0x80008410 (0x00734883) lbu     a7, 7(t1)
core   0: 3 0x80008410 (0x00734883) x17 0x00000086 mem 0x800158cd
core   0: 0x80008414 (0x0ff0000f) fence   iorw,iorw
core   0: 3 0x80008414 (0x0ff0000f)
core   0: 0x80008418 (0x00235083) lhu     ra, 2(t1)
core   0: 3 0x80008418 (0x00235083) x 1 0x00008283 mem 0x800158c8
core   0: 0x8000841c (0x0000d397) auipc   t2, 0xd
core   0: 3 0x8000841c (0x0000d397) x 7 0x8001541c
core   0: 0x80008420 (0x1e038393) addi    t2, t2, 480
core   0: 3 0x80008420 (0x1e038393) x 7 0x800155fc
core   0: 0x80008424 (0x00c383a3) sb      a2, 7(t2)
core   0: 3 0x80008424 (0x00c383a3) mem 0x80015603 0x4
core   0: 0x80008428 (0x00011e17) auipc   t3, 0x11
core   0: 3 0x80008428 (0x00011e17) x28 0x80019428
core   0: 0x8000842c (0x796e0e13) addi    t3, t3, 1942
core   0: 3 0x8000842c (0x796e0e13) x28 0x80019bbe
core   0: 0x80008430 (0xff33c283) lbu     t0, -13(t2)
core   0: 3 0x80008430 (0xff33c283) x 5 0x000000a4 mem 0x800155ef
core   0: 0x80008434 (0xfee39e23) sh      a4, -4(t2)
core   0: 3 0x80008434 (0xfee39e23) mem 0x800155f8 0xff8c
core   0: 0x80008438 (0xff538823) sb      s5, -16(t2)
core   0: 3 0x80008438 (0xff538823) mem 0x800155ec 0x20
core   0: 0x8000843c (0x031e0423) sb      a7, 40(t3)
core   0: 3 0x8000843c (0x031e0423) mem 0x80019be6 0x86
core   0: 0x80008440 (0x012386a3) sb      s2, 13(t2)
core   0: 3 0x80008440 (0x012386a3) mem 0x80015609 0xd2
core   0: 0x80008444 (0xfdfe4c03) lbu     s8, -33(t3)
core   0: 3 0x80008444 (0xfdfe4c03) x24 0x00000056 mem 0x80019b9d
core   0: 0x80008448 (0xfd8e4183) lbu     gp, -40(t3)
core   0: 3 0x80008448 (0xfd8e4183) x 3 0x0000004d mem 0x80019b96
core   0: 0x8000844c (0x012e0183) lb      gp, 18(t3)
core   0: 3 0x8000844c (0x012e0183) x 3 0xffffff8b mem 0x80019bd0
core   0: 0x80008450 (0x00d38503) lb      a0, 13(t2)
core   0: 3 0x80008450 (0x00d38503) x10 0xffffffd2 mem 0x80015609
core   0: 0x80008454 (0xff33c403) lbu     s0, -13(t2)
core   0: 3 0x80008454 (0xff33c403) x 8 0x000000a4 mem 0x800155ef
core   0: 0x80008458 (0xfcfe4403) lbu     s0, -49(t3)
core   0: 3 0x80008458 (0xfcfe4403) x 8 0x00000046 mem 0x80019b8d
core   0: 0x8000845c (0x00017c17) auipc   s8, 0x17
core   0: 3 0x8000845c (0x00017c17) x24 0x8001f45c
core   0: 0x80008460 (0x873c0c13) addi    s8, s8, -1933
core   0: 3 0x80008460 (0x873c0c13) x24 0x8001eccf
core   0: 0x80008464 (0x00e3d9b3) srl     s3, t2, a4
core   0: 3 0x80008464 (0x00e3d9b3) x19 0x00080015
core   0: 0x80008468 (0x4003df33) sra     t5, t2, zero
core   0: 3 0x80008468 (0x4003df33) x30 0x800155fc
core   0: 0x8000846c (0x01f68533) add     a0, a3, t6
core   0: 3 0x8000846c (0x01f68533) x10 0xffff9215
core   0: 0x80008470 (0x017997b3) sll     a5, s3, s7
core   0: 3 0x80008470 (0x017997b3) x15 0x50000000
core   0: 0x80008474 (0x401ad6b3) sra     a3, s5, ra
core   0: 3 0x80008474 (0x401ad6b3) x13 0x00000004
core   0: 0x80008478 (0xfd3c5d03) lhu     s10, -45(s8)
core   0: 3 0x80008478 (0xfd3c5d03) x26 0x00005859 mem 0x8001eca2
core   0: 0x8000847c (0xfd2c0083) lb      ra, -46(s8)
core   0: 3 0x8000847c (0xfd2c0083) x 1 0x0000005a mem 0x8001eca1
core   0: 0x80008480 (0xfeac0e83) lb      t4, -22(s8)
core   0: 3 0x80008480 (0xfeac0e83) x29 0x00000072 mem 0x8001ecb9
core   0: 0x80008484 (0xfe0c4f03) lbu     t5, -32(s8)
core   0: 3 0x80008484 (0xfe0c4f03) x30 0x00000064 mem 0x8001ecaf
core   0: 0x80008488 (0x00ac0aa3) sb      a0, 21(s8)
core   0: 3 0x80008488 (0x00ac0aa3) mem 0x8001ece4 0x15
core   0: 0x8000848c (0x00000013) nop
core   0: 3 0x8000848c (0x00000013)
core   0: 0x80008490 (0xfe7c5303) lhu     t1, -25(s8)
core   0: 3 0x80008490 (0xfe7c5303) x 6 0x00006c6d mem 0x8001ecb6
core   0: 0x80008494 (0x034c4283) lbu     t0, 52(s8)
core   0: 3 0x80008494 (0x034c4283) x 5 0x000000b8 mem 0x8001ed03
core   0: 0x80008498 (0x406c51b3) sra     gp, s8, t1
core   0: 3 0x80008498 (0x406c51b3) x 3 0xfffc000f
core   0: 0x8000849c (0x406cd913) srai    s2, s9, 6
core   0: 3 0x8000849c (0x406cd913) x18 0xfe000553
core   0: 0x800084a0 (0xffcc4e83) lbu     t4, -4(s8)
core   0: 3 0x800084a0 (0xffcc4e83) x29 0x00000080 mem 0x8001eccb
core   0: 0x800084a4 (0xfeec0e83) lb      t4, -18(s8)
core   0: 3 0x800084a4 (0xfeec0e83) x29 0x00000076 mem 0x8001ecbd
core   0: 0x800084a8 (0x0ff0000f) fence   iorw,iorw
core   0: 3 0x800084a8 (0x0ff0000f)
core   0: 0x800084ac (0xde93c093) xori    ra, t2, -535
core   0: 3 0x800084ac (0xde93c093) x 1 0x7ffea815
core   0: 0x800084b0 (0x93047b93) andi    s7, s0, -1744
core   0: 3 0x800084b0 (0x93047b93) x23 0x00000000
core   0: 0x800084b4 (0x00bc4303) lbu     t1, 11(s8)
core   0: 3 0x800084b4 (0x00bc4303) x 6 0x00000091 mem 0x8001ecda
core   0: 0x800084b8 (0x00019b97) auipc   s7, 0x19
core   0: 3 0x800084b8 (0x00019b97) x23 0x800214b8
core   0: 0x800084bc (0x2cdb8b93) addi    s7, s7, 717
core   0: 3 0x800084bc (0x2cdb8b93) x23 0x80021785
core   0: 0x800084c0 (0xfe2b8723) sb      sp, -18(s7)
core   0: 3 0x800084c0 (0xfe2b8723) mem 0x80021773 0xe4
core   0: 0x800084c4 (0x022b8223) sb      sp, 36(s7)
core   0: 3 0x800084c4 (0x022b8223) mem 0x800217a9 0xe4
core   0: 0x800084c8 (0xfe4b8c83) lb      s9, -28(s7)
core   0: 3 0x800084c8 (0xfe4b8c83) x25 0x00000022 mem 0x80021769
core   0: 0x800084cc (0xff7b8323) sb      s7, -26(s7)
core   0: 3 0x800084cc (0xff7b8323) mem 0x8002176b 0x85
core   0: 0x800084d0 (0x01ab8d83) lb      s11, 26(s7)
core   0: 3 0x800084d0 (0x01ab8d83) x27 0x00000054 mem 0x8002179f
core   0: 0x800084d4 (0x01bf9793) slli    a5, t6, 27
core   0: 3 0x800084d4 (0x01bf9793) x15 0x10000000
core   0: 0x800084d8 (0xfd4b8683) lb      a3, -44(s7)
core   0: 3 0x800084d8 (0xfd4b8683) x13 0x00000012 mem 0x80021759
core   0: 0x800084dc (0x0ff0000f) fence   iorw,iorw
core   0: 3 0x800084dc (0x0ff0000f)
core   0: 0x800084e0 (0x035ba1a3) sw      s5, 35(s7)
core   0: 3 0x800084e0 (0x035ba1a3) mem 0x800217a8 0x00000020
core   0: 0x800084e4 (0x032b8f03) lb      t5, 50(s7)
core   0: 3 0x800084e4 (0x032b8f03) x30 0x0000006c mem 0x800217b7
core   0: 0x800084e8 (0x01db4d33) xor     s10, s6, t4
core   0: 3 0x800084e8 (0x01db4d33) x26 0x000000eb
core   0: 0x800084ec (0x0000100f) fence.i
core   0: 3 0x800084ec (0x0000100f)
core   0: 0x800084f0 (0x00db8f03) lb      t5, 13(s7)
core   0: 3 0x800084f0 (0x00db8f03) x30 0x00000049 mem 0x80021792
core   0: 0x800084f4 (0xa95ba193) slti    gp, s7, -1387
core   0: 3 0x800084f4 (0xa95ba193) x 3 0x00000001
core   0: 0x800084f8 (0x003b8fa3) sb      gp, 31(s7)
core   0: 3 0x800084f8 (0x003b8fa3) mem 0x800217a4 0x1
core   0: 0x800084fc (0x001b1913) slli    s2, s6, 1
core   0: 3 0x800084fc (0x001b1913) x18 0x0000013a
core   0: 0x80008500 (0x009061b3) or      gp, zero, s1
core   0: 3 0x80008500 (0x009061b3) x 3 0xffffff8e
core   0: 0x80008504 (0x43a43c37) lui     s8, 0x43a43
core   0: 3 0x80008504 (0x43a43c37) x24 0x43a43000
core   0: 0x80008508 (0x00db8523) sb      a3, 10(s7)
core   0: 3 0x80008508 (0x00db8523) mem 0x8002178f 0x12
core   0: 0x8000850c (0x003b8023) sb      gp, 0(s7)
core   0: 3 0x8000850c (0x003b8023) mem 0x80021785 0x8e
core   0: 0x80008510 (0xe8367393) andi    t2, a2, -381
core   0: 3 0x80008510 (0xe8367393) x 7 0x8002ae00
core   0: 0x80008514 (0x00c272b3) and     t0, tp, a2
core   0: 3 0x80008514 (0x00c272b3) x 5 0x00000000
core   0: 0x80008518 (0x00dac4b3) xor     s1, s5, a3
core   0: 3 0x80008518 (0x00dac4b3) x 9 0x00000032
core   0: 0x8000851c (0xffebc283) lbu     t0, -2(s7)
core   0: 3 0x8000851c (0xffebc283) x 5 0x00000038 mem 0x80021783
core   0: 0x80008520 (0x01578033) add     zero, a5, s5
core   0: 3 0x80008520 (0x01578033)
core   0: 0x80008524 (0x40fc83b3) sub     t2, s9, a5
core   0: 3 0x80008524 (0x40fc83b3) x 7 0xf0000022
core   0: 0x80008528 (0x4075d313) srai    t1, a1, 7
core   0: 3 0x80008528 (0x4075d313) x 6 0xff000000
core   0: 0x8000852c (0x40db59b3) sra     s3, s6, a3
core   0: 3 0x8000852c (0x40db59b3) x19 0x00000000
core   0: 0x80008530 (0x003a9a13) slli    s4, s5, 3
core   0: 3 0x80008530 (0x003a9a13) x20 0x00000100
core   0: 0x80008534 (0xfdeb8f23) sb      t5, -34(s7)
core   0: 3 0x80008534 (0xfdeb8f23) mem 0x80021763 0x49
core   0: 0x80008538 (0xfd0b8b03) lb      s6, -48(s7)
core   0: 3 0x80008538 (0xfd0b8b03) x22 0x0000000e mem 0x80021755
core   0: 0x8000853c (0xfceb8e03) lb      t3, -50(s7)
core   0: 3 0x8000853c (0xfceb8e03) x28 0x00000008 mem 0x80021753
core   0: 0x80008540 (0x00db9683) lh      a3, 13(s7)
core   0: 3 0x80008540 (0x00db9683) x13 0x00004849 mem 0x80021792
core   0: 0x80008544 (0x033b9e83) lh      t4, 51(s7)
core   0: 3 0x80008544 (0x033b9e83) x29 0x00007273 mem 0x800217b8
core   0: 0x80008548 (0x008647b3) xor     a5, a2, s0
core   0: 3 0x80008548 (0x008647b3) x15 0x8002ae42
core   0: 0x8000854c (0x00c4d6b3) srl     a3, s1, a2
core   0: 3 0x8000854c (0x00c4d6b3) x13 0x00000003
core   0: 0x80008550 (0x03ab8c83) lb      s9, 58(s7)
core   0: 3 0x80008550 (0x03ab8c83) x25 0x00000074 mem 0x800217bf
core   0: 0x80008554 (0x00019417) auipc   s0, 0x19
core   0: 3 0x80008554 (0x00019417) x 8 0x80021554
core   0: 0x80008558 (0x0ba40413) addi    s0, s0, 186
core   0: 3 0x80008558 (0x0ba40413) x 8 0x8002160e
core   0: 0x8000855c (0x0000db97) auipc   s7, 0xd
core   0: 3 0x8000855c (0x0000db97) x23 0x8001555c
core   0: 0x80008560 (0x2c0b8b93) addi    s7, s7, 704
core   0: 3 0x80008560 (0x2c0b8b93) x23 0x8001581c
core   0: 0x80008564 (0x02a45b03) lhu     s6, 42(s0)
core   0: 3 0x80008564 (0x02a45b03) x22 0x0000f2f3 mem 0x80021638
core   0: 0x80008568 (0xffab8503) lb      a0, -6(s7)
core   0: 3 0x80008568 (0xffab8503) x10 0xffffffcd mem 0x80015816
core   0: 0x8000856c (0x02f40783) lb      a5, 47(s0)
core   0: 3 0x8000856c (0x02f40783) x15 0xfffffff6 mem 0x8002163d
core   0: 0x80008570 (0x005b8183) lb      gp, 5(s7)
core   0: 3 0x80008570 (0x005b8183) x 3 0xffffffeb mem 0x80015821
core   0: 0x80008574 (0xfe4407a3) sb      tp, -17(s0)
core   0: 3 0x80008574 (0xfe4407a3) mem 0x800215fd 0x1
core   0: 0x80008578 (0xff5b8e83) lb      t4, -11(s7)
core   0: 3 0x80008578 (0xff5b8e83) x29 0xffffffca mem 0x80015811
core   0: 0x8000857c (0xffc45683) lhu     a3, -4(s0)
core   0: 3 0x8000857c (0xffc45683) x13 0x0000c0c1 mem 0x8002160a
core   0: 0x80008580 (0xfeab8a23) sb      a0, -12(s7)
core   0: 3 0x80008580 (0xfeab8a23) mem 0x80015810 0xcd
core   0: 0x80008584 (0x000bd083) lhu     ra, 0(s7)
core   0: 3 0x80008584 (0x000bd083) x 1 0x000000e4 mem 0x8001581c
core   0: 0x80008588 (0xfce41703) lh      a4, -50(s0)
core   0: 3 0x80008588 (0xfce41703) x14 0xffff9697 mem 0x800215dc
core   0: 0x8000858c (0xff0bce03) lbu     t3, -16(s7)
core   0: 3 0x8000858c (0xff0bce03) x28 0x000000c7 mem 0x8001580c
core   0: 0x80008590 (0xff1bc703) lbu     a4, -15(s7)
core   0: 3 0x80008590 (0xff1bc703) x14 0x000000c6 mem 0x8001580d
core   0: 0x80008594 (0xff5b8ea3) sb      s5, -3(s7)
core   0: 3 0x80008594 (0xff5b8ea3) mem 0x80015819 0x20
core   0: 0x80008598 (0x016b9523) sh      s6, 10(s7)
core   0: 3 0x80008598 (0x016b9523) mem 0x80015826 0xf2f3
core   0: 0x8000859c (0x00840a83) lb      s5, 8(s0)
core   0: 3 0x8000859c (0x00840a83) x21 0xffffffcd mem 0x80021616
core   0: 0x800085a0 (0x00ebd003) lhu     zero, 14(s7)
core   0: 3 0x800085a0 (0x00ebd003) mem 0x8001582a
core   0: 0x800085a4 (0x00018097) auipc   ra, 0x18
core   0: 3 0x800085a4 (0x00018097) x 1 0x800205a4
core   0: 0x800085a8 (0x3ce08093) addi    ra, ra, 974
core   0: 3 0x800085a8 (0x3ce08093) x 1 0x80020972
core   0: 0x800085ac (0xffe088a3) sb      t5, -15(ra)
core   0: 3 0x800085ac (0xffe088a3) mem 0x80020963 0x49
core   0: 0x800085b0 (0xfe8088a3) sb      s0, -15(ra)
core   0: 3 0x800085b0 (0xfe8088a3) mem 0x80020963 0xe
core   0: 0x800085b4 (0xff10ca83) lbu     s5, -15(ra)
core   0: 3 0x800085b4 (0xff10ca83) x21 0x0000000e mem 0x80020963
core   0: 0x800085b8 (0xfff088a3) sb      t6, -15(ra)
core   0: 3 0x800085b8 (0xfff088a3) mem 0x80020963 0x82
core   0: 0x800085bc (0xfe8088a3) sb      s0, -15(ra)
core   0: 3 0x800085bc (0xfe8088a3) mem 0x80020963 0xe
core   0: 0x800085c0 (0xff10c403) lbu     s0, -15(ra)
core   0: 3 0x800085c0 (0xff10c403) x 8 0x0000000e mem 0x80020963
core   0: 0x800085c4 (0xff10ce83) lbu     t4, -15(ra)
core   0: 3 0x800085c4 (0xff10ce83) x29 0x0000000e mem 0x80020963
core   0: 0x800085c8 (0xff10ce83) lbu     t4, -15(ra)
core   0: 3 0x800085c8 (0xff10ce83) x29 0x0000000e mem 0x80020963
core   0: 0x800085cc (0xff108783) lb      a5, -15(ra)
core   0: 3 0x800085cc (0xff108783) x15 0x0000000e mem 0x80020963
core   0: 0x800085d0 (0xff108b03) lb      s6, -15(ra)
core   0: 3 0x800085d0 (0xff108b03) x22 0x0000000e mem 0x80020963
core   0: 0x800085d4 (0xff108483) lb      s1, -15(ra)
core   0: 3 0x800085d4 (0xff108483) x 9 0x0000000e mem 0x80020963
core   0: 0x800085d8 (0xff10c503) lbu     a0, -15(ra)
core   0: 3 0x800085d8 (0xff10c503) x10 0x0000000e mem 0x80020963
core   0: 0x800085dc (0xfe1088a3) sb      ra, -15(ra)
core   0: 3 0x800085dc (0xfe1088a3) mem 0x80020963 0x72
core   0: 0x800085e0 (0xff2088a3) sb      s2, -15(ra)
core   0: 3 0x800085e0 (0xff2088a3) mem 0x80020963 0x3a
core   0: 0x800085e4 (0xff108183) lb      gp, -15(ra)
core   0: 3 0x800085e4 (0xff108183) x 3 0x0000003a mem 0x80020963
core   0: 0x800085e8 (0xff108183) lb      gp, -15(ra)
core   0: 3 0x800085e8 (0xff108183) x 3 0x0000003a mem 0x80020963
core   0: 0x800085ec (0x01919ab3) sll     s5, gp, s9
core   0: 3 0x800085ec (0x01919ab3) x21 0x03a00000
core   0: 0x800085f0 (0xff108503) lb      a0, -15(ra)
core   0: 3 0x800085f0 (0xff108503) x10 0x0000003a mem 0x80020963
core   0: 0x800085f4 (0xfeb088a3) sb      a1, -15(ra)
core   0: 3 0x800085f4 (0xfeb088a3) mem 0x80020963 0x0
core   0: 0x800085f8 (0xff70cd03) lbu     s10, -9(ra)
core   0: 3 0x800085f8 (0xff70cd03) x26 0x00000022 mem 0x80020969
core   0: 0x800085fc (0x00c081a3) sb      a2, 3(ra)
core   0: 3 0x800085fc (0x00c081a3) mem 0x80020975 0x4
core   0: 0x80008600 (0x0001cc17) auipc   s8, 0x1c
core   0: 3 0x80008600 (0x0001cc17) x24 0x80024600
core   0: 0x80008604 (0x09cc0c13) addi    s8, s8, 156
core   0: 3 0x80008604 (0x09cc0c13) x24 0x8002469c
core   0: 0x80008608 (0x963331b7) lui     gp, 0x96333
core   0: 3 0x80008608 (0x963331b7) x 3 0x96333000
core   0: 0x8000860c (0x00549193) slli    gp, s1, 5
core   0: 3 0x8000860c (0x00549193) x 3 0x000001c0
core   0: 0x80008610 (0x0058b733) sltu    a4, a7, t0
core   0: 3 0x80008610 (0x0058b733) x14 0x00000000
core   0: 0x80008614 (0xd7fb6013) ori     zero, s6, -641
core   0: 3 0x80008614 (0xd7fb6013)
core   0: 0x80008618 (0x00949913) slli    s2, s1, 9
core   0: 3 0x80008618 (0x00949913) x18 0x00001c00
core   0: 0x8000861c (0x0000100f) fence.i
core   0: 3 0x8000861c (0x0000100f)
core   0: 0x80008620 (0x0000100f) fence.i
core   0: 3 0x80008620 (0x0000100f)
core   0: 0x80008624 (0x530c0f13) addi    t5, s8, 1328
core   0: 3 0x80008624 (0x530c0f13) x30 0x80024bcc
core   0: 0x80008628 (0x015e1db3) sll     s11, t3, s5
core   0: 3 0x80008628 (0x015e1db3) x27 0x000000c7
core   0: 0x8000862c (0x54fd2a13) slti    s4, s10, 1359
core   0: 3 0x8000862c (0x54fd2a13) x20 0x00000001
core   0: 0x80008630 (0xfd7c0283) lb      t0, -41(s8)
core   0: 3 0x80008630 (0xfd7c0283) x 5 0x00000028 mem 0x80024673
core   0: 0x80008634 (0xfbcc2423) sw      t3, -88(s8)
core   0: 3 0x80008634 (0xfbcc2423) mem 0x80024644 0x000000c7
core   0: 0x80008638 (0x28502e13) slti    t3, zero, 645
core   0: 3 0x80008638 (0x28502e13) x28 0x00000001
core   0: 0x8000863c (0x01dde433) or      s0, s11, t4
core   0: 3 0x8000863c (0x01dde433) x 8 0x000000cf
core   0: 0x80008640 (0x0ff0000f) fence   iorw,iorw
core   0: 3 0x80008640 (0x0ff0000f)
core   0: 0x80008644 (0x0d4c0d83) lb      s11, 212(s8)
core   0: 3 0x80008644 (0x0d4c0d83) x27 0x0000002b mem 0x80024770
core   0: 0x80008648 (0x02ac4903) lbu     s2, 42(s8)
core   0: 3 0x80008648 (0x02ac4903) x18 0x0000007d mem 0x800246c6
core   0: 0x8000864c (0x089c0083) lb      ra, 137(s8)
core   0: 3 0x8000864c (0x089c0083) x 1 0xffffffde mem 0x80024725
core   0: 0x80008650 (0x014fb433) sltu    s0, t6, s4
core   0: 3 0x80008650 (0x014fb433) x 8 0x00000000
core   0: 0x80008654 (0x0cec1303) lh      t1, 206(s8)
core   0: 3 0x80008654 (0x0cec1303) x 6 0x00002021 mem 0x8002476a
core   0: 0x80008658 (0x001268b3) or      a7, tp, ra
core   0: 3 0x80008658 (0x001268b3) x17 0xffffffdf
core   0: 0x8000865c (0x995c2517) auipc   a0, 0x995c2
core   0: 3 0x8000865c (0x995c2517) x10 0x195ca65c
core   0: 0x80008660 (0x074c1383) lh      t2, 116(s8)
core   0: 3 0x80008660 (0x074c1383) x 7 0xffffcacb mem 0x80024710
core   0: 0x80008664 (0x446c0513) addi    a0, s8, 1094
core   0: 3 0x80008664 (0x446c0513) x10 0x80024ae2
core   0: 0x80008668 (0x41258a33) sub     s4, a1, s2
core   0: 3 0x80008668 (0x41258a33) x20 0x7fffff83
core   0: 0x8000866c (0x004be033) or      zero, s7, tp
core   0: 3 0x8000866c (0x004be033)
core   0: 0x80008670 (0xf80c2483) lw      s1, -128(s8)
core   0: 3 0x80008670 (0xf80c2483) x 9 0xd4d5d6d7 mem 0x8002461c
core   0: 0x80008674 (0x2a2eba93) sltiu   s5, t4, 674
core   0: 3 0x80008674 (0x2a2eba93) x21 0x00000001
core   0: 0x80008678 (0x01956833) or      a6, a0, s9
core   0: 3 0x80008678 (0x01956833) x16 0x80024af6
core   0: 0x8000867c (0x00fc8933) add     s2, s9, a5
core   0: 3 0x8000867c (0x00fc8933) x18 0x00000082
core   0: 0x80008680 (0xfc988d93) addi    s11, a7, -55
core   0: 3 0x80008680 (0xfc988d93) x27 0xffffffa8
core   0: 0x80008684 (0x00000013) nop
core   0: 3 0x80008684 (0x00000013)
core   0: 0x80008688 (0x403357b3) sra     a5, t1, gp
core   0: 3 0x80008688 (0x403357b3) x15 0x00002021
core   0: 0x8000868c (0x013fffb3) and     t6, t6, s3
core   0: 3 0x8000868c (0x013fffb3) x31 0x00000000
core   0: 0x80008690 (0x08ec0ea3) sb      a4, 157(s8)
core   0: 3 0x80008690 (0x08ec0ea3) mem 0x80024739 0x0
core   0: 0x80008694 (0x044c0ca3) sb      tp, 89(s8)
core   0: 3 0x80008694 (0x044c0ca3) mem 0x800246f5 0x1
core   0: 0x80008698 (0x0000db17) auipc   s6, 0xd
core   0: 3 0x80008698 (0x0000db17) x22 0x80015698
core   0: 0x8000869c (0x523b0b13) addi    s6, s6, 1315
core   0: 3 0x8000869c (0x523b0b13) x22 0x80015bbb
core   0: 0x800086a0 (0x00ab0f23) sb      a0, 30(s6)
core   0: 3 0x800086a0 (0x00ab0f23) mem 0x80015bd9 0xe2
core   0: 0x800086a4 (0x017b0f23) sb      s7, 30(s6)
core   0: 3 0x800086a4 (0x017b0f23) mem 0x80015bd9 0x1c
core   0: 0x800086a8 (0x01eb4403) lbu     s0, 30(s6)
core   0: 3 0x800086a8 (0x01eb4403) x 8 0x0000001c mem 0x80015bd9
core   0: 0x800086ac (0x01eb0c83) lb      s9, 30(s6)
core   0: 3 0x800086ac (0x01eb0c83) x25 0x0000001c mem 0x80015bd9
core   0: 0x800086b0 (0x246b12a3) sh      t1, 581(s6)
core   0: 3 0x800086b0 (0x246b12a3) mem 0x80015e00 0x2021
core   0: 0x800086b4 (0xb0cb0703) lb      a4, -1268(s6)
core   0: 3 0x800086b4 (0xb0cb0703) x14 0x0000007c mem 0x800156c7
core   0: 0x800086b8 (0xb02b0623) sb      sp, -1268(s6)
core   0: 3 0x800086b8 (0xb02b0623) mem 0x800156c7 0xe4
core   0: 0x800086bc (0x00485eb3) srl     t4, a6, tp
core   0: 3 0x800086bc (0x00485eb3) x29 0x4001257b
core   0: 0x800086c0 (0xb0cb4783) lbu     a5, -1268(s6)
core   0: 3 0x800086c0 (0xb0cb4783) x15 0x000000e4 mem 0x800156c7
core   0: 0x800086c4 (0xb0cb4a03) lbu     s4, -1268(s6)
core   0: 3 0x800086c4 (0xb0cb4a03) x20 0x000000e4 mem 0x800156c7
core   0: 0x800086c8 (0x0000100f) fence.i
core   0: 3 0x800086c8 (0x0000100f)
core   0: 0x800086cc (0xb0cb0c03) lb      s8, -1268(s6)
core   0: 3 0x800086cc (0xb0cb0c03) x24 0xffffffe4 mem 0x800156c7
core   0: 0x800086d0 (0x0000e697) auipc   a3, 0xe
core   0: 3 0x800086d0 (0x0000e697) x13 0x800166d0
core   0: 0x800086d4 (0x85368693) addi    a3, a3, -1965
core   0: 3 0x800086d4 (0x85368693) x13 0x80015f23
core   0: 0x800086d8 (0xff46ce03) lbu     t3, -12(a3)
core   0: 3 0x800086d8 (0xff46ce03) x28 0x000000cc mem 0x80015f17
core   0: 0x800086dc (0xff468203) lb      tp, -12(a3)
core   0: 3 0x800086dc (0xff468203) x 4 0xffffffcc mem 0x80015f17
core   0: 0x800086e0 (0x00568523) sb      t0, 10(a3)
core   0: 3 0x800086e0 (0x00568523) mem 0x80015f2d 0x28
core   0: 0x800086e4 (0x0000d717) auipc   a4, 0xd
core   0: 3 0x800086e4 (0x0000d717) x14 0x800156e4
core   0: 0x800086e8 (0x53370713) addi    a4, a4, 1331
core   0: 3 0x800086e8 (0x53370713) x14 0x80015c17
core   0: 0x800086ec (0xff36dc83) lhu     s9, -13(a3)
core   0: 3 0x800086ec (0xff36dc83) x25 0x0000cccd mem 0x80015f16
core   0: 0x800086f0 (0x01468523) sb      s4, 10(a3)
core   0: 3 0x800086f0 (0x01468523) mem 0x80015f2d 0xe4
core   0: 0x800086f4 (0xf7470123) sb      s4, -158(a4)
core   0: 3 0x800086f4 (0xf7470123) mem 0x80015b79 0xe4
core   0: 0x800086f8 (0x07c70423) sb      t3, 104(a4)
core   0: 3 0x800086f8 (0x07c70423) mem 0x80015c7f 0xcc
core   0: 0x800086fc (0x01568423) sb      s5, 8(a3)
core   0: 3 0x800086fc (0x01568423) mem 0x80015f2b 0x1
core   0: 0x80008700 (0xff068203) lb      tp, -16(a3)
core   0: 3 0x80008700 (0xff068203) x 4 0xffffffc8 mem 0x80015f13
core   0: 0x80008704 (0x0f870f03) lb      t5, 248(a4)
core   0: 3 0x80008704 (0x0f870f03) x30 0xffffffc4 mem 0x80015d0f
core   0: 0x80008708 (0x05370ea3) sb      s3, 93(a4)
core   0: 3 0x80008708 (0x05370ea3) mem 0x80015c74 0x0
core   0: 0x8000870c (0x00268223) sb      sp, 4(a3)
core   0: 3 0x8000870c (0x00268223) mem 0x80015f27 0xe4
core   0: 0x80008710 (0xfeb70323) sb      a1, -26(a4)
core   0: 3 0x80008710 (0xfeb70323) mem 0x80015bfd 0x0
core   0: 0x80008714 (0x0036d783) lhu     a5, 3(a3)
core   0: 3 0x80008714 (0x0036d783) x15 0x0000e4dd mem 0x80015f26
core   0: 0x80008718 (0x00868223) sb      s0, 4(a3)
core   0: 3 0x80008718 (0x00868223) mem 0x80015f27 0x1c
core   0: 0x8000871c (0xf3c70483) lb      s1, -196(a4)
core   0: 3 0x8000871c (0xf3c70483) x 9 0x00000008 mem 0x80015b53
core   0: 0x80008720 (0x0000dd17) auipc   s10, 0xd
core   0: 3 0x80008720 (0x0000dd17) x26 0x80015720
core   0: 0x80008724 (0xed8d0d13) addi    s10, s10, -296
core   0: 3 0x80008724 (0xed8d0d13) x26 0x800155f8
core   0: 0x80008728 (0x9ac18013) addi    zero, gp, -1620
core   0: 3 0x80008728 (0x9ac18013)
core   0: 0x8000872c (0x00f4cbb3) xor     s7, s1, a5
core   0: 3 0x8000872c (0x00f4cbb3) x23 0x0000e4d5
core   0: 0x80008730 (0x01a03ab3) snez    s5, s10
core   0: 3 0x80008730 (0x01a03ab3) x21 0x00000001
core   0: 0x80008734 (0x01a50833) add     a6, a0, s10
core   0: 3 0x80008734 (0x01a50833) x16 0x0003a0da
core   0: 0x80008738 (0x016cb933) sltu    s2, s9, s6
core   0: 3 0x80008738 (0x016cb933) x18 0x00000001
core   0: 0x8000873c (0x7c64d697) auipc   a3, 0x7c64d
core   0: 3 0x8000873c (0x7c64d697) x13 0xfc65573c
core   0: 0x80008740 (0xff0d2223) sw      a6, -28(s10)
core   0: 3 0x80008740 (0xff0d2223) mem 0x800155dc 0x0003a0da
core   0: 0x80008744 (0x24598393) addi    t2, s3, 581
core   0: 3 0x80008744 (0x24598393) x 7 0x00000245
core   0: 0x80008748 (0x01628433) add     s0, t0, s6
core   0: 3 0x80008748 (0x01628433) x 8 0x80015be3
core   0: 0x8000874c (0x00568333) add     t1, a3, t0
core   0: 3 0x8000874c (0x00568333) x 6 0xfc655764
core   0: 0x80008750 (0x00e591b3) sll     gp, a1, a4
core   0: 3 0x80008750 (0x00e591b3) x 3 0x00000000
core   0: 0x80008754 (0x9d7a3c13) sltiu   s8, s4, -1577
core   0: 3 0x80008754 (0x9d7a3c13) x24 0x00000001
core   0: 0x80008758 (0xa89fa397) auipc   t2, 0xa89fa
core   0: 3 0x80008758 (0xa89fa397) x 7 0x28a02758
core   0: 0x8000875c (0x0ff0000f) fence   iorw,iorw
core   0: 3 0x8000875c (0x0ff0000f)
core   0: 0x80008760 (0x01b9bbb3) sltu    s7, s3, s11
core   0: 3 0x80008760 (0x01b9bbb3) x23 0x00000001
core   0: 0x80008764 (0x0ff0000f) fence   iorw,iorw
core   0: 3 0x80008764 (0x0ff0000f)
core   0: 0x80008768 (0xfeed1703) lh      a4, -18(s10)
core   0: 3 0x80008768 (0xfeed1703) x14 0xffff9c9d mem 0x800155e6
core   0: 0x8000876c (0x0090ccb3) xor     s9, ra, s1
core   0: 3 0x8000876c (0x0090ccb3) x25 0xffffffd6
core   0: 0x80008770 (0x0000100f) fence.i
core   0: 3 0x80008770 (0x0000100f)
core   0: 0x80008774 (0x00cbac33) slt     s8, s7, a2
core   0: 3 0x80008774 (0x00cbac33) x24 0x00000000
core   0: 0x80008778 (0x1c278d93) addi    s11, a5, 450
core   0: 3 0x80008778 (0x1c278d93) x27 0x0000e69f
core   0: 0x8000877c (0x0058b9b3) sltu    s3, a7, t0
core   0: 3 0x8000877c (0x0058b9b3) x19 0x00000000
core   0: 0x80008780 (0x407f5813) srai    a6, t5, 7
core   0: 3 0x80008780 (0x407f5813) x16 0xffffffff
core   0: 0x80008784 (0xf36d1a23) sh      s6, -204(s10)
core   0: 3 0x80008784 (0xf36d1a23) mem 0x8001552c 0x5bbb
core   0: 0x80008788 (0x0000100f) fence.i
core   0: 3 0x80008788 (0x0000100f)
core   0: 0x8000878c (0xf5fd1c23) sh      t6, -168(s10)
core   0: 3 0x8000878c (0xf5fd1c23) mem 0x80015550 0x0000
core   0: 0x80008790 (0xfacd0b83) lb      s7, -84(s10)
core   0: 3 0x80008790 (0xfacd0b83) x23 0x0000005f mem 0x800155a4
core   0: 0x80008794 (0xfb1d01a3) sb      a7, -93(s10)
core   0: 3 0x80008794 (0xfb1d01a3) mem 0x8001559b 0xdf
core   0: 0x80008798 (0x00000013) nop
core   0: 3 0x80008798 (0x00000013)
core   0: 0x8000879c (0x00defab3) and     s5, t4, a3
core   0: 3 0x8000879c (0x00defab3) x21 0x40010538
core   0: 0x800087a0 (0xa4422a93) slti    s5, tp, -1468
core   0: 3 0x800087a0 (0xa4422a93) x21 0x00000000
core   0: 0x800087a4 (0x00cd0823) sb      a2, 16(s10)
core   0: 3 0x800087a4 (0x00cd0823) mem 0x80015608 0x4
core   0: 0x800087a8 (0x41945713) srai    a4, s0, 25
core   0: 3 0x800087a8 (0x41945713) x14 0xffffffc0
core   0: 0x800087ac (0x0e5d4203) lbu     tp, 229(s10)
core   0: 3 0x800087ac (0x0e5d4203) x 4 0x00000096 mem 0x800156dd
core   0: 0x800087b0 (0x01a95713) srli    a4, s2, 26
core   0: 3 0x800087b0 (0x01a95713) x14 0x00000000
core   0: 0x800087b4 (0x04cd1923) sh      a2, 82(s10)
core   0: 3 0x800087b4 (0x04cd1923) mem 0x8001564a 0xae04
core   0: 0x800087b8 (0x0c4d0fa3) sb      tp, 223(s10)
core   0: 3 0x800087b8 (0x0c4d0fa3) mem 0x800156d7 0x96
core   0: 0x800087bc (0xff1d0303) lb      t1, -15(s10)
core   0: 3 0x800087bc (0xff1d0303) x 6 0xffffffa2 mem 0x800155e9
core   0: 0x800087c0 (0xf9fd1923) sh      t6, -110(s10)
core   0: 3 0x800087c0 (0xf9fd1923) mem 0x8001558a 0x0000
core   0: 0x800087c4 (0x00015517) auipc   a0, 0x15
core   0: 3 0x800087c4 (0x00015517) x10 0x8001d7c4
core   0: 0x800087c8 (0x3b550513) addi    a0, a0, 949
core   0: 3 0x800087c8 (0x3b550513) x10 0x8001db79
core   0: 0x800087cc (0x0d351aa3) sh      s3, 213(a0)
core   0: 3 0x800087cc (0x0d351aa3) mem 0x8001dc4e 0x0000
core   0: 0x800087d0 (0xfbc518a3) sh      t3, -79(a0)
core   0: 3 0x800087d0 (0xfbc518a3) mem 0x8001db2a 0x00cc
core   0: 0x800087d4 (0x056cd497) auipc   s1, 0x56cd
core   0: 3 0x800087d4 (0x056cd497) x 9 0x856d57d4
core   0: 0x800087d8 (0x07954003) lbu     zero, 121(a0)
core   0: 3 0x800087d8 (0x07954003) mem 0x8001dbf2
core   0: 0x800087dc (0x014c5293) srli    t0, s8, 20
core   0: 3 0x800087dc (0x014c5293) x 5 0x00000000
core   0: 0x800087e0 (0x05150983) lb      s3, 81(a0)
core   0: 3 0x800087e0 (0x05150983) x19 0xffffff81 mem 0x8001dbca
core   0: 0x800087e4 (0xfda50d83) lb      s11, -38(a0)
core   0: 3 0x800087e4 (0xfda50d83) x27 0x00000008 mem 0x8001db53
core   0: 0x800087e8 (0x018d87b3) add     a5, s11, s8
core   0: 3 0x800087e8 (0x018d87b3) x15 0x00000008
core   0: 0x800087ec (0x00a02a33) slt     s4, zero, a0
core   0: 3 0x800087ec (0x00a02a33) x20 0x00000000
core   0: 0x800087f0 (0x27422b13) slti    s6, tp, 628
core   0: 3 0x800087f0 (0x27422b13) x22 0x00000001
core   0: 0x800087f4 (0x00b1d013) srli    zero, gp, 11
core   0: 3 0x800087f4 (0x00b1d013)
core   0: 0x800087f8 (0x0d054e83) lbu     t4, 208(a0)
core   0: 3 0x800087f8 (0x0d054e83) x29 0x00000002 mem 0x8001dc49
core   0: 0x800087fc (0x019da233) slt     tp, s11, s9
core   0: 3 0x800087fc (0x019da233) x 4 0x00000000
core   0: 0x80008800 (0x00860cb3) add     s9, a2, s0
core   0: 3 0x80008800 (0x00860cb3) x25 0x000409e7
core   0: 0x80008804 (0xf0f54983) lbu     s3, -241(a0)
core   0: 3 0x80008804 (0xf0f54983) x19 0x00000043 mem 0x8001da88
core   0: 0x80008808 (0xf7350783) lb      a5, -141(a0)
core   0: 3 0x80008808 (0xf7350783) x15 0xffffffa7 mem 0x8001daec
core   0: 0x8000880c (0x00cf2e33) slt     t3, t5, a2
core   0: 3 0x8000880c (0x00cf2e33) x28 0x00000000
core   0: 0x80008810 (0x418e5413) srai    s0, t3, 24
core   0: 3 0x80008810 (0x418e5413) x 8 0x00000000
core   0: 0x80008814 (0x40d15c93) srai    s9, sp, 13
core   0: 3 0x80008814 (0x40d15c93) x25 0xfffc0017
core   0: 0x80008818 (0xf1a50b23) sb      s10, -234(a0)
core   0: 3 0x80008818 (0xf1a50b23) mem 0x8001da8f 0xf8
core   0: 0x8000881c (0x40d55bb3) sra     s7, a0, a3
core   0: 3 0x8000881c (0x40d55bb3) x23 0xfffffff8
core   0: 0x80008820 (0x01d063b3) or      t2, zero, t4
core   0: 3 0x80008820 (0x01d063b3) x 7 0x00000002
core   0: 0x80008824 (0x04d55983) lhu     s3, 77(a0)
core   0: 3 0x80008824 (0x04d55983) x19 0x00007c7d mem 0x8001dbc6
core   0: 0x80008828 (0x40ebd933) sra     s2, s7, a4
core   0: 3 0x80008828 (0x40ebd933) x18 0xfffffff8
core   0: 0x8000882c (0xff054d03) lbu     s10, -16(a0)
core   0: 3 0x8000882c (0xff054d03) x26 0x00000022 mem 0x8001db69
core   0: 0x80008830 (0x002c42b3) xor     t0, s8, sp
core   0: 3 0x80008830 (0x002c42b3) x 5 0x8002ece4
core   0: 0x80008834 (0xf0151f83) lh      t6, -255(a0)
core   0: 3 0x80008834 (0xf0151f83) x31 0x00003031 mem 0x8001da7a
core   0: 0x80008838 (0x0ff0000f) fence   iorw,iorw
core   0: 3 0x80008838 (0x0ff0000f)
core   0: 0x8000883c (0x0a054783) lbu     a5, 160(a0)
core   0: 3 0x8000883c (0x0a054783) x15 0x000000d2 mem 0x8001dc19
core   0: 0x80008840 (0xe36b0e13) addi    t3, s6, -458
core   0: 3 0x80008840 (0xe36b0e13) x28 0xfffffe37
core   0: 0x80008844 (0x0146fdb3) and     s11, a3, s4
core   0: 3 0x80008844 (0x0146fdb3) x27 0x00000000
core   0: 0x80008848 (0x0b254403) lbu     s0, 178(a0)
core   0: 3 0x80008848 (0x0b254403) x 8 0x000000e0 mem 0x8001dc2b
core   0: 0x8000884c (0x0048d7b3) srl     a5, a7, tp
core   0: 3 0x8000884c (0x0048d7b3) x15 0xffffffdf
core   0: 0x80008850 (0x00b513b3) sll     t2, a0, a1
core   0: 3 0x80008850 (0x00b513b3) x 7 0x8001db79
core   0: 0x80008854 (0xfcf50303) lb      t1, -49(a0)
core   0: 3 0x80008854 (0xfcf50303) x 6 0x00000003 mem 0x8001db48
core   0: 0x80008858 (0x8c002093) slti    ra, zero, -1856
core   0: 3 0x80008858 (0x8c002093) x 1 0x00000000
core   0: 0x8000885c (0xe1ebcc93) xori    s9, s7, -482
core   0: 3 0x8000885c (0xe1ebcc93) x25 0x000001e6
core   0: 0x80008860 (0xf1450283) lb      t0, -236(a0)
core   0: 3 0x80008860 (0xf1450283) x 5 0x00000046 mem 0x8001da8d
core   0: 0x80008864 (0x01fde7b3) or      a5, s11, t6
core   0: 3 0x80008864 (0x01fde7b3) x15 0x00003031
core   0: 0x80008868 (0x01ca1913) slli    s2, s4, 28
core   0: 3 0x80008868 (0x01ca1913) x18 0x00000000
core   0: 0x8000886c (0x00000013) nop
core   0: 3 0x8000886c (0x00000013)
core   0: 0x80008870 (0x401dd193) srai    gp, s11, 1
core   0: 3 0x80008870 (0x401dd193) x 3 0x00000000
core   0: 0x80008874 (0x414503b3) sub     t2, a0, s4
core   0: 3 0x80008874 (0x414503b3) x 7 0x8001db79
core   0: 0x80008878 (0x2361e493) ori     s1, gp, 566
core   0: 3 0x80008878 (0x2361e493) x 9 0x00000236
core   0: 0x8000887c (0x09754b03) lbu     s6, 151(a0)
core   0: 3 0x8000887c (0x09754b03) x22 0x000000cb mem 0x8001dc10
core   0: 0x80008880 (0x00015d17) auipc   s10, 0x15
core   0: 3 0x80008880 (0x00015d17) x26 0x8001d880
core   0: 0x80008884 (0x8e5d0d13) addi    s10, s10, -1819
core   0: 3 0x80008884 (0x8e5d0d13) x26 0x8001d165
core   0: 0x80008888 (0x08cd4903) lbu     s2, 140(s10)
core   0: 3 0x80008888 (0x08cd4903) x18 0x000000aa mem 0x8001d1f1
core   0: 0x8000888c (0x01767533) and     a0, a2, s7
core   0: 3 0x8000888c (0x01767533) x10 0x8002ae00
core   0: 0x80008890 (0x404002b3) sub     t0, zero, tp
core   0: 3 0x80008890 (0x404002b3) x 5 0x00000000
core   0: 0x80008894 (0x6cdd11a3) sh      a3, 1731(s10)
core   0: 3 0x80008894 (0x6cdd11a3) mem 0x8001d828 0x573c
core   0: 0x80008898 (0x003c02b3) add     t0, s8, gp
core   0: 3 0x80008898 (0x003c02b3) x 5 0x00000000
core   0: 0x8000889c (0x0ff0000f) fence   iorw,iorw
core   0: 3 0x8000889c (0x0ff0000f)
core   0: 0x800088a0 (0xd45d0283) lb      t0, -699(s10)
core   0: 3 0x800088a0 (0xd45d0283) x 5 0x00000061 mem 0x8001ceaa
core   0: 0x800088a4 (0x00119d93) slli    s11, gp, 1
core   0: 3 0x800088a4 (0x00119d93) x27 0x00000000
core   0: 0x800088a8 (0x6895e693) ori     a3, a1, 1673
core   0: 3 0x800088a8 (0x6895e693) x13 0x80000689
core   0: 0x800088ac (0x0000100f) fence.i
core   0: 3 0x800088ac (0x0000100f)
core   0: 0x800088b0 (0x0096f333) and     t1, a3, s1
core   0: 3 0x800088b0 (0x0096f333) x 6 0x00000200
core   0: 0x800088b4 (0x017153b3) srl     t2, sp, s7
core   0: 3 0x800088b4 (0x017153b3) x 7 0x00000080
core   0: 0x800088b8 (0xf1c16b13) ori     s6, sp, -228
core   0: 3 0x800088b8 (0xf1c16b13) x22 0xfffffffc
core   0: 0x800088bc (0xb05d1183) lh      gp, -1275(s10)
core   0: 3 0x800088bc (0xb05d1183) x 3 0x00002021 mem 0x8001cc6a
core   0: 0x800088c0 (0x000a1433) sll     s0, s4, zero
core   0: 3 0x800088c0 (0x000a1433) x 8 0x00000000
core   0: 0x800088c4 (0x40938fb3) sub     t6, t2, s1
core   0: 3 0x800088c4 (0x40938fb3) x31 0xfffffe4a
core   0: 0x800088c8 (0x40422893) slti    a7, tp, 1028
core   0: 3 0x800088c8 (0x40422893) x17 0x00000001
core   0: 0x800088cc (0xe0cac193) xori    gp, s5, -500
core   0: 3 0x800088cc (0xe0cac193) x 3 0xfffffe0c
core   0: 0x800088d0 (0x929d2da3) sw      s1, -1733(s10)
core   0: 3 0x800088d0 (0x929d2da3) mem 0x8001caa0 0x00000236
core   0: 0x800088d4 (0x018547b3) xor     a5, a0, s8
core   0: 3 0x800088d4 (0x018547b3) x15 0x8002ae00
core   0: 0x800088d8 (0x306d0703) lb      a4, 774(s10)
core   0: 3 0x800088d8 (0x306d0703) x14 0x00000020 mem 0x8001d46b
core   0: 0x800088dc (0x139d5783) lhu     a5, 313(s10)
core   0: 3 0x800088dc (0x139d5783) x15 0x00005455 mem 0x8001d29e
core   0: 0x800088e0 (0xc67cb713) sltiu   a4, s9, -921
core   0: 3 0x800088e0 (0xc67cb713) x14 0x00000001
core   0: 0x800088e4 (0xb0c17513) andi    a0, sp, -1268
core   0: 3 0x800088e4 (0xb0c17513) x10 0x8002e804
core   0: 0x800088e8 (0xbfe0b693) sltiu   a3, ra, -1026
core   0: 3 0x800088e8 (0xbfe0b693) x13 0x00000001
core   0: 0x800088ec (0x01e1f833) and     a6, gp, t5
core   0: 3 0x800088ec (0x01e1f833) x16 0xfffffe04
core   0: 0x800088f0 (0x010acf33) xor     t5, s5, a6
core   0: 3 0x800088f0 (0x010acf33) x30 0xfffffe04
core   0: 0x800088f4 (0x50ed4683) lbu     a3, 1294(s10)
core   0: 3 0x800088f4 (0x50ed4683) x13 0x00000028 mem 0x8001d673
core   0: 0x800088f8 (0x0000100f) fence.i
core   0: 3 0x800088f8 (0x0000100f)
core   0: 0x800088fc (0xcadd08a3) sb      a3, -847(s10)
core   0: 3 0x800088fc (0xcadd08a3) mem 0x8001ce16 0x28
core   0: 0x80008900 (0x562d0f03) lb      t5, 1378(s10)
core   0: 3 0x80008900 (0x562d0f03) x30 0x0000007c mem 0x8001d6c7
core   0: 0x80008904 (0x15bd0323) sb      s11, 326(s10)
core   0: 3 0x80008904 (0x15bd0323) mem 0x8001d2ab 0x0
core   0: 0x80008908 (0x00e3b3b3) sltu    t2, t2, a4
core   0: 3 0x80008908 (0x00e3b3b3) x 7 0x00000000
core   0: 0x8000890c (0x374d1ca3) sh      s4, 889(s10)
core   0: 3 0x8000890c (0x374d1ca3) mem 0x8001d4de 0x0000
core   0: 0x80008910 (0xe99d5a83) lhu     s5, -359(s10)
core   0: 3 0x80008910 (0xe99d5a83) x21 0x0000b4b5 mem 0x8001cffe
core   0: 0x80008914 (0x94ee4497) auipc   s1, 0x94ee4
core   0: 3 0x80008914 (0x94ee4497) x 9 0x14eec914
core   0: 0x80008918 (0x007e9913) slli    s2, t4, 7
core   0: 3 0x80008918 (0x007e9913) x18 0x00000100
core   0: 0x8000891c (0xb08d4b03) lbu     s6, -1272(s10)
core   0: 3 0x8000891c (0xb08d4b03) x22 0x00000026 mem 0x8001cc6d
core   0: 0x80008920 (0x905d0323) sb      t0, -1786(s10)
core   0: 3 0x80008920 (0x905d0323) mem 0x8001ca6b 0x61
core   0: 0x80008924 (0x0000e417) auipc   s0, 0xe
core   0: 3 0x80008924 (0x0000e417) x 8 0x80016924
core   0: 0x80008928 (0x96e40413) addi    s0, s0, -1682
core   0: 3 0x80008928 (0x96e40413) x 8 0x80016292
core   0: 0x8000892c (0x012e9093) slli    ra, t4, 18
core   0: 3 0x8000892c (0x012e9093) x 1 0x00080000
core   0: 0x80008930 (0x000646b3) xor     a3, a2, zero
core   0: 3 0x80008930 (0x000646b3) x13 0x8002ae04
core   0: 0x80008934 (0x0000100f) fence.i
core   0: 3 0x80008934 (0x0000100f)
core   0: 0x80008938 (0x018f5c93) srli    s9, t5, 24
core   0: 3 0x80008938 (0x018f5c93) x25 0x00000000
core   0: 0x8000893c (0x4e2dea13) ori     s4, s11, 1250
core   0: 3 0x8000893c (0x4e2dea13) x20 0x000004e2
core   0: 0x80008940 (0x2ef00193) li      gp, 751
core   0: 3 0x80008940 (0x2ef00193) x 3 0x000002ef
core   0: 0x80008944 (0x016b0e33) add     t3, s6, s6
core   0: 3 0x80008944 (0x016b0e33) x28 0x0000004c
core   0: 0x80008948 (0x0171ec33) or      s8, gp, s7
core   0: 3 0x80008948 (0x0171ec33) x24 0xffffffff
core   0: 0x8000894c (0x1ad409a3) sb      a3, 435(s0)
core   0: 3 0x8000894c (0x1ad409a3) mem 0x80016445 0x4
core   0: 0x80008950 (0x0d340903) lb      s2, 211(s0)
core   0: 3 0x80008950 (0x0d340903) x18 0x0000001e mem 0x80016365
core   0: 0x80008954 (0x71f00013) li      zero, 1823
core   0: 3 0x80008954 (0x71f00013)
core   0: 0x80008958 (0xfcb40c83) lb      s9, -53(s0)
core   0: 3 0x80008958 (0xfcb40c83) x25 0x00000016 mem 0x8001625d
core   0: 0x8000895c (0x002f1b93) slli    s7, t5, 2
core   0: 3 0x8000895c (0x002f1b93) x23 0x000001f0
core   0: 0x80008960 (0x66944d03) lbu     s10, 1641(s0)
core   0: 3 0x80008960 (0x66944d03) x26 0x000000b0 mem 0x800168fb
core   0: 0x80008964 (0x5be41d23) sh      t5, 1466(s0)
core   0: 3 0x80008964 (0x5be41d23) mem 0x8001684c 0x007c
core   0: 0x80008968 (0x0000100f) fence.i
core   0: 3 0x80008968 (0x0000100f)
core   0: 0x8000896c (0x07b40023) sb      s11, 96(s0)
core   0: 3 0x8000896c (0x07b40023) mem 0x800162f2 0x0
core   0: 0x80008970 (0x01f1c933) xor     s2, gp, t6
core   0: 3 0x80008970 (0x01f1c933) x18 0xfffffca5
core   0: 0x80008974 (0x0000100f) fence.i
core   0: 3 0x80008974 (0x0000100f)
core   0: 0x80008978 (0x55c41803) lh      a6, 1372(s0)
core   0: 3 0x80008978 (0x55c41803) x16 0xffffa4a5 mem 0x800167ee
core   0: 0x8000897c (0x05940ca3) sb      s9, 89(s0)
core   0: 3 0x8000897c (0x05940ca3) mem 0x800162eb 0x16
core   0: 0x80008980 (0x3a740683) lb      a3, 935(s0)
core   0: 3 0x80008980 (0x3a740683) x13 0xfffffff2 mem 0x80016639
core   0: 0x80008984 (0x01934bb3) xor     s7, t1, s9
core   0: 3 0x80008984 (0x01934bb3) x23 0x00000216
core   0: 0x80008988 (0x03b402a3) sb      s11, 37(s0)
core   0: 3 0x80008988 (0x03b402a3) mem 0x800162b7 0x0
core   0: 0x8000898c (0x0000c317) auipc   t1, 0xc
core   0: 3 0x8000898c (0x0000c317) x 6 0x8001498c
core   0: 0x80008990 (0x78830313) addi    t1, t1, 1928
core   0: 3 0x80008990 (0x78830313) x 6 0x80015114
core   0: 0x80008994 (0x71934683) lbu     a3, 1817(t1)
core   0: 3 0x80008994 (0x71934683) x13 0x000000e6 mem 0x8001582d
core   0: 0x80008998 (0x01ded9b3) srl     s3, t4, t4
core   0: 3 0x80008998 (0x01ded9b3) x19 0x00000000
core   0: 0x8000899c (0x00921233) sll     tp, tp, s1
core   0: 3 0x8000899c (0x00921233) x 4 0x00000000
core   0: 0x800089a0 (0x48231a23) sh      sp, 1172(t1)
core   0: 3 0x800089a0 (0x48231a23) mem 0x800155a8 0xece4
core   0: 0x800089a4 (0x0ff0000f) fence   iorw,iorw
core   0: 3 0x800089a4 (0x0ff0000f)
core   0: 0x800089a8 (0x64a9e013) ori     zero, s3, 1610
core   0: 3 0x800089a8 (0x64a9e013)
core   0: 0x800089ac (0x41dc0cb3) sub     s9, s8, t4
core   0: 3 0x800089ac (0x41dc0cb3) x25 0xfffffffd
core   0: 0x800089b0 (0xe7cb6e13) ori     t3, s6, -388
core   0: 3 0x800089b0 (0xe7cb6e13) x28 0xfffffe7e
core   0: 0x800089b4 (0x78031323) sh      zero, 1926(t1)
core   0: 3 0x800089b4 (0x78031323) mem 0x8001589a 0x0000
core   0: 0x800089b8 (0x0f6bfe13) andi    t3, s7, 246
core   0: 3 0x800089b8 (0x0f6bfe13) x28 0x00000016
core   0: 0x800089bc (0x24e30e83) lb      t4, 590(t1)
core   0: 3 0x800089bc (0x24e30e83) x29 0x00000019 mem 0x80015362
core   0: 0x800089c0 (0x0ff0000f) fence   iorw,iorw
core   0: 3 0x800089c0 (0x0ff0000f)
core   0: 0x800089c4 (0x903d2793) slti    a5, s10, -1789
core   0: 3 0x800089c4 (0x903d2793) x15 0x00000000
core   0: 0x800089c8 (0x79231e23) sh      s2, 1948(t1)
core   0: 3 0x800089c8 (0x79231e23) mem 0x800158b0 0xfca5
core   0: 0x800089cc (0x58b34c03) lbu     s8, 1419(t1)
core   0: 3 0x800089cc (0x58b34c03) x24 0x00000054 mem 0x8001569f
core   0: 0x800089d0 (0x3e8300a3) sb      s0, 993(t1)
core   0: 3 0x800089d0 (0x3e8300a3) mem 0x800154f5 0x92
core   0: 0x800089d4 (0x2d730d03) lb      s10, 727(t1)
core   0: 3 0x800089d4 (0x2d730d03) x26 0x00000000 mem 0x800153eb
core   0: 0x800089d8 (0x72f34d83) lbu     s11, 1839(t1)
core   0: 3 0x800089d8 (0x72f34d83) x27 0x000000a2 mem 0x80015843
core   0: 0x800089dc (0x33130e83) lb      t4, 817(t1)
core   0: 3 0x800089dc (0x33130e83) x29 0xfffffffe mem 0x80015445
core   0: 0x800089e0 (0x77031f83) lh      t6, 1904(t1)
core   0: 3 0x800089e0 (0x77031f83) x31 0x00003e3f mem 0x80015884
core   0: 0x800089e4 (0x0ff0000f) fence   iorw,iorw
core   0: 3 0x800089e4 (0x0ff0000f)
core   0: 0x800089e8 (0x40e789b3) sub     s3, a5, a4
core   0: 3 0x800089e8 (0x40e789b3) x19 0xffffffff
core   0: 0x800089ec (0x45234383) lbu     t2, 1106(t1)
core   0: 3 0x800089ec (0x45234383) x 7 0x0000001d mem 0x80015566
core   0: 0x800089f0 (0x5a631f23) sh      t1, 1470(t1)
core   0: 3 0x800089f0 (0x5a631f23) mem 0x800156d2 0x5114
core   0: 0x800089f4 (0x0ff0000f) fence   iorw,iorw
core   0: 3 0x800089f4 (0x0ff0000f)
core   0: 0x800089f8 (0x5a032d83) lw      s11, 1440(t1)
core   0: 3 0x800089f8 (0x5a032d83) x27 0x6c6d6e6f mem 0x800156b4
core   0: 0x800089fc (0x0079ec33) or      s8, s3, t2
core   0: 3 0x800089fc (0x0079ec33) x24 0xffffffff
core   0: 0x80008a00 (0x76634003) lbu     zero, 1894(t1)
core   0: 3 0x80008a00 (0x76634003) mem 0x8001587a
core   0: 0x80008a04 (0x416e5a93) srai    s5, t3, 22
core   0: 3 0x80008a04 (0x416e5a93) x21 0x00000000
core   0: 0x80008a08 (0x001cc533) xor     a0, s9, ra
core   0: 3 0x80008a08 (0x001cc533) x10 0xfff7fffd
core   0: 0x80008a0c (0x003609b3) add     s3, a2, gp
core   0: 3 0x80008a0c (0x003609b3) x19 0x8002b0f3
core   0: 0x80008a10 (0x41990233) sub     tp, s2, s9
core   0: 3 0x80008a10 (0x41990233) x 4 0xfffffca8
core   0: 0x80008a14 (0x64d307a3) sb      a3, 1615(t1)
core   0: 3 0x80008a14 (0x64d307a3) mem 0x80015763 0xe6
core   0: 0x80008a18 (0x00012397) auipc   t2, 0x12
core   0: 3 0x80008a18 (0x00012397) x 7 0x8001aa18
core   0: 0x80008a1c (0x75e38393) addi    t2, t2, 1886
core   0: 3 0x80008a1c (0x75e38393) x 7 0x8001b176
core   0: 0x80008a20 (0x3b21ff93) andi    t6, gp, 946
core   0: 3 0x80008a20 (0x3b21ff93) x31 0x000002a2
core   0: 0x80008a24 (0xde71b293) sltiu   t0, gp, -537
core   0: 3 0x80008a24 (0xde71b293) x 5 0x00000001
core   0: 0x80008a28 (0x01a380a3) sb      s10, 1(t2)
core   0: 3 0x80008a28 (0x01a380a3) mem 0x8001b177 0x0
core   0: 0x80008a2c (0x00638683) lb      a3, 6(t2)
core   0: 3 0x80008a2c (0x00638683) x13 0x00000037 mem 0x8001b17c
core   0: 0x80008a30 (0x0083a723) sw      s0, 14(t2)
core   0: 3 0x80008a30 (0x0083a723) mem 0x8001b184 0x80016292
core   0: 0x80008a34 (0x01145333) srl     t1, s0, a7
core   0: 3 0x80008a34 (0x01145333) x 6 0x4000b149
core   0: 0x80008a38 (0x41bfd193) srai    gp, t6, 27
core   0: 3 0x80008a38 (0x41bfd193) x 3 0x00000000
core   0: 0x80008a3c (0x41ba5013) srai    zero, s4, 27
core   0: 3 0x80008a3c (0x41ba5013)
core   0: 0x80008a40 (0x01002933) slt     s2, zero, a6
core   0: 3 0x80008a40 (0x01002933) x18 0x00000000
core   0: 0x80008a44 (0xf0d30013) addi    zero, t1, -243
core   0: 3 0x80008a44 (0xf0d30013)
core   0: 0x80008a48 (0x92bee193) ori     gp, t4, -1749
core   0: 3 0x80008a48 (0x92bee193) x 3 0xffffffff
core   0: 0x80008a4c (0x600e0d93) addi    s11, t3, 1536
core   0: 3 0x80008a4c (0x600e0d93) x27 0x00000616
core   0: 0x80008a50 (0x01239193) slli    gp, t2, 18
core   0: 3 0x80008a50 (0x01239193) x 3 0xc5d80000
core   0: 0x80008a54 (0x40ccdfb3) sra     t6, s9, a2
core   0: 3 0x80008a54 (0x40ccdfb3) x31 0xffffffff
core   0: 0x80008a58 (0x0233c403) lbu     s0, 35(t2)
core   0: 3 0x80008a58 (0x0233c403) x 8 0x00000052 mem 0x8001b199
core   0: 0x80008a5c (0x0135d733) srl     a4, a1, s3
core   0: 3 0x80008a5c (0x0135d733) x14 0x00001000
core   0: 0x80008a60 (0x006f4b33) xor     s6, t5, t1
core   0: 3 0x80008a60 (0x006f4b33) x22 0x4000b135
core   0: 0x80008a64 (0x0165eab3) or      s5, a1, s6
core   0: 3 0x80008a64 (0x0165eab3) x21 0xc000b135
core   0: 0x80008a68 (0x0bd8af37) lui     t5, 0xbd8a
core   0: 3 0x80008a68 (0x0bd8af37) x30 0x0bd8a000
core   0: 0x80008a6c (0x0053cd83) lbu     s11, 5(t2)
core   0: 3 0x80008a6c (0x0053cd83) x27 0x00000030 mem 0x8001b17b
core   0: 0x80008a70 (0xd129e513) ori     a0, s3, -750
core   0: 3 0x80008a70 (0xd129e513) x10 0xfffffdf3
core   0: 0x80008a74 (0xfdf3ad23) sw      t6, -38(t2)
core   0: 3 0x80008a74 (0xfdf3ad23) mem 0x8001b150 0xffffffff
core   0: 0x80008a78 (0xfe039083) lh      ra, -32(t2)
core   0: 3 0x80008a78 (0xfe039083) x 1 0x00000c0d mem 0x8001b156
core   0: 0x80008a7c (0x0253c703) lbu     a4, 37(t2)
core   0: 3 0x80008a7c (0x0253c703) x14 0x00000050 mem 0x8001b19b
core   0: 0x80008a80 (0x00838a03) lb      s4, 8(t2)
core   0: 3 0x80008a80 (0x00838a03) x20 0x00000035 mem 0x8001b17e
core   0: 0x80008a84 (0x028388a3) sb      s0, 49(t2)
core   0: 3 0x80008a84 (0x028388a3) mem 0x8001b1a7 0x52
core   0: 0x80008a88 (0x02239923) sh      sp, 50(t2)
core   0: 3 0x80008a88 (0x02239923) mem 0x8001b1a8 0xece4
core   0: 0x80008a8c (0xfda3d903) lhu     s2, -38(t2)
core   0: 3 0x80008a8c (0xfda3d903) x18 0x0000ffff mem 0x8001b150
core   0: 0x80008a90 (0x0000f717) auipc   a4, 0xf
core   0: 3 0x80008a90 (0x0000f717) x14 0x80017a90
core   0: 0x80008a94 (0x3e170713) addi    a4, a4, 993
core   0: 3 0x80008a94 (0x3e170713) x14 0x80017e71
core   0: 0x80008a98 (0x68574383) lbu     t2, 1669(a4)
core   0: 3 0x80008a98 (0x68574383) x 7 0x000000ad mem 0x800184f6
core   0: 0x80008a9c (0x686702a3) sb      t1, 1669(a4)
core   0: 3 0x80008a9c (0x686702a3) mem 0x800184f6 0x49
core   0: 0x80008aa0 (0x68f702a3) sb      a5, 1669(a4)
core   0: 3 0x80008aa0 (0x68f702a3) mem 0x800184f6 0x0
core   0: 0x80008aa4 (0x68574383) lbu     t2, 1669(a4)
core   0: 3 0x80008aa4 (0x68574383) x 7 0x00000000 mem 0x800184f6
core   0: 0x80008aa8 (0x69f702a3) sb      t6, 1669(a4)
core   0: 3 0x80008aa8 (0x69f702a3) mem 0x800184f6 0xff
core   0: 0x80008aac (0x84474683) lbu     a3, -1980(a4)
core   0: 3 0x80008aac (0x84474683) x13 0x0000006e mem 0x800176b5
core   0: 0x80008ab0 (0x18171803) lh      a6, 385(a4)
core   0: 3 0x80008ab0 (0x18171803) x16 0xffffa8a9 mem 0x80017ff2
core   0: 0x80008ab4 (0x54870303) lb      t1, 1352(a4)
core   0: 3 0x80008ab4 (0x54870303) x 6 0x00000072 mem 0x800183b9
core   0: 0x80008ab8 (0x00000013) nop
core   0: 3 0x80008ab8 (0x00000013)
core   0: 0x80008abc (0x54874283) lbu     t0, 1352(a4)
core   0: 3 0x80008abc (0x54874283) x 5 0x00000072 mem 0x800183b9
core   0: 0x80008ac0 (0x55470423) sb      s4, 1352(a4)
core   0: 3 0x80008ac0 (0x55470423) mem 0x800183b9 0x35
core   0: 0x80008ac4 (0x77a70f23) sb      s10, 1918(a4)
core   0: 3 0x80008ac4 (0x77a70f23) mem 0x800185ef 0x0
core   0: 0x80008ac8 (0x00019297) auipc   t0, 0x19
core   0: 3 0x80008ac8 (0x00019297) x 5 0x80021ac8
core   0: 0x80008acc (0x39428293) addi    t0, t0, 916
core   0: 3 0x80008acc (0x39428293) x 5 0x80021e5c
core   0: 0x80008ad0 (0x41008e33) sub     t3, ra, a6
core   0: 3 0x80008ad0 (0x41008e33) x28 0x00006364
core   0: 0x80008ad4 (0x81229183) lh      gp, -2030(t0)
core   0: 3 0x80008ad4 (0x81229183) x 3 0x00002425 mem 0x8002166e
core   0: 0x80008ad8 (0xb3003413) sltiu   s0, zero, -1232
core   0: 3 0x80008ad8 (0xb3003413) x 8 0x00000001
core   0: 0x80008adc (0x1e3f6d93) ori     s11, t5, 483
core   0: 3 0x80008adc (0x1e3f6d93) x27 0x0bd8a1e3
core   0: 0x80008ae0 (0x00000013) nop
core   0: 3 0x80008ae0 (0x00000013)
core   0: 0x80008ae4 (0xd932c003) lbu     zero, -621(t0)
core   0: 3 0x80008ae4 (0xd932c003) mem 0x80021bef
core   0: 0x80008ae8 (0xe0a48413) addi    s0, s1, -502
core   0: 3 0x80008ae8 (0xe0a48413) x 8 0x14eec71e
core   0: 0x80008aec (0x0000100f) fence.i
core   0: 3 0x80008aec (0x0000100f)
core   0: 0x80008af0 (0x013df933) and     s2, s11, s3
core   0: 3 0x80008af0 (0x013df933) x18 0x0000a0e3
core   0: 0x80008af4 (0x8dd2aa23) sw      t4, -1836(t0)
core   0: 3 0x80008af4 (0x8dd2aa23) mem 0x80021730 0xfffffffe
core   0: 0x80008af8 (0x01115d33) srl     s10, sp, a7
core   0: 3 0x80008af8 (0x01115d33) x26 0x40017672
core   0: 0x80008afc (0x409487b3) sub     a5, s1, s1
core   0: 3 0x80008afc (0x409487b3) x15 0x00000000
core   0: 0x80008b00 (0xf6933213) sltiu   tp, t1, -151
core   0: 3 0x80008b00 (0xf6933213) x 4 0x00000001
core   0: 0x80008b04 (0x003274b3) and     s1, tp, gp
core   0: 3 0x80008b04 (0x003274b3) x 9 0x00000001
core   0: 0x80008b08 (0x6556ae17) auipc   t3, 0x6556a
core   0: 3 0x80008b08 (0x6556ae17) x28 0xe5572b08
core   0: 0x80008b0c (0x71ce0913) addi    s2, t3, 1820
core   0: 3 0x80008b0c (0x71ce0913) x18 0xe5573224
core   0: 0x80008b10 (0x6b728e83) lb      t4, 1719(t0)
core   0: 3 0x80008b10 (0x6b728e83) x29 0xffffffc8 mem 0x80022513
core   0: 0x80008b14 (0x5e473f13) sltiu   t5, a4, 1508
core   0: 3 0x80008b14 (0x5e473f13) x30 0x00000000
core   0: 0x80008b18 (0x49302817) auipc   a6, 0x49302
core   0: 3 0x80008b18 (0x49302817) x16 0xc930ab18
core   0: 0x80008b1c (0x418d5f33) sra     t5, s10, s8
core   0: 3 0x80008b1c (0x418d5f33) x30 0x00000000
core   0: 0x80008b20 (0x2e6284a3) sb      t1, 745(t0)
core   0: 3 0x80008b20 (0x2e6284a3) mem 0x80022145 0x72
core   0: 0x80008b24 (0xb4228683) lb      a3, -1214(t0)
core   0: 3 0x80008b24 (0xb4228683) x13 0x00000055 mem 0x8002199e
core   0: 0x80008b28 (0x01352333) slt     t1, a0, s3
core   0: 3 0x80008b28 (0x01352333) x 6 0x00000000
core   0: 0x80008b2c (0x91a29783) lh      a5, -1766(t0)
core   0: 3 0x80008b2c (0x91a29783) x15 0x00002c2d mem 0x80021776
core   0: 0x80008b30 (0x40b380b3) sub     ra, t2, a1
core   0: 3 0x80008b30 (0x40b380b3) x 1 0x80000000
core   0: 0x80008b34 (0x9d32c403) lbu     s0, -1581(t0)
core   0: 3 0x80008b34 (0x9d32c403) x 8 0x000000e4 mem 0x8002182f
core   0: 0x80008b38 (0x0000100f) fence.i
core   0: 3 0x80008b38 (0x0000100f)
core   0: 0x80008b3c (0x40feda33) sra     s4, t4, a5
core   0: 3 0x80008b3c (0x40feda33) x20 0xffffffff
core   0: 0x80008b40 (0xc8629f23) sh      t1, -866(t0)
core   0: 3 0x80008b40 (0xc8629f23) mem 0x80021afa 0x0000
core   0: 0x80008b44 (0x00ef9433) sll     s0, t6, a4
core   0: 3 0x80008b44 (0x00ef9433) x 8 0xfffe0000
core   0: 0x80008b48 (0x0000cfb3) xor     t6, ra, zero
core   0: 3 0x80008b48 (0x0000cfb3) x31 0x80000000
core   0: 0x80008b4c (0xcad285a3) sb      a3, -853(t0)
core   0: 3 0x80008b4c (0xcad285a3) mem 0x80021b07 0x55
core   0: 0x80008b50 (0x31128c83) lb      s9, 785(t0)
core   0: 3 0x80008b50 (0x31128c83) x25 0x00000026 mem 0x8002216d
core   0: 0x80008b54 (0x40688033) sub     zero, a7, t1
core   0: 3 0x80008b54 (0x40688033)
core   0: 0x80008b58 (0xd1429323) sh      s4, -762(t0)
core   0: 3 0x80008b58 (0xd1429323) mem 0x80021b62 0xffff
core   0: 0x80008b5c (0x01db1533) sll     a0, s6, t4
core   0: 3 0x80008b5c (0x01db1533) x10 0x00b13500
core   0: 0x80008b60 (0x41c8db13) srai    s6, a7, 28
core   0: 3 0x80008b60 (0x41c8db13) x22 0x00000000
core   0: 0x80008b64 (0x0ff0000f) fence   iorw,iorw
core   0: 3 0x80008b64 (0x0ff0000f)
core   0: 0x80008b68 (0x0000100f) fence.i
core   0: 3 0x80008b68 (0x0000100f)
core   0: 0x80008b6c (0xc042aa23) sw      tp, -1004(t0)
core   0: 3 0x80008b6c (0xc042aa23) mem 0x80021a70 0x00000001
core   0: 0x80008b70 (0x82a2c883) lbu     a7, -2006(t0)
core   0: 3 0x80008b70 (0x82a2c883) x17 0x0000003d mem 0x80021686
core   0: 0x80008b74 (0x30629a03) lh      s4, 774(t0)
core   0: 3 0x80008b74 (0x30629a03) x20 0x00001819 mem 0x80022162
core   0: 0x80008b78 (0xde95f213) andi    tp, a1, -535
core   0: 3 0x80008b78 (0xde95f213) x 4 0x80000000
core   0: 0x80008b7c (0x93d28aa3) sb      t4, -1739(t0)
core   0: 3 0x80008b7c (0x93d28aa3) mem 0x80021791 0xc8
core   0: 0x80008b80 (0x56728b83) lb      s7, 1383(t0)
core   0: 3 0x80008b80 (0x56728b83) x23 0x00000078 mem 0x800223c3
core   0: 0x80008b84 (0x0000db17) auipc   s6, 0xd
core   0: 3 0x80008b84 (0x0000db17) x22 0x80015b84
core   0: 0x80008b88 (0x3d2b0b13) addi    s6, s6, 978
core   0: 3 0x80008b88 (0x3d2b0b13) x22 0x80015f56
core   0: 0x80008b8c (0x0000d317) auipc   t1, 0xd
core   0: 3 0x80008b8c (0x0000d317) x 6 0x80015b8c
core   0: 0x80008b90 (0xd8230313) addi    t1, t1, -638
core   0: 3 0x80008b90 (0xd8230313) x 6 0x8001590e
core   0: 0x80008b94 (0xff9b4883) lbu     a7, -7(s6)
core   0: 3 0x80008b94 (0xff9b4883) x17 0x000000ff mem 0x80015f4f
core   0: 0x80008b98 (0x8b5b0383) lb      t2, -1867(s6)
core   0: 3 0x80008b98 (0x8b5b0383) x 7 0xffffffc0 mem 0x8001580b
core   0: 0x80008b9c (0x00d34003) lbu     zero, 13(t1)
core   0: 3 0x80008b9c (0x00d34003) mem 0x8001591b
core   0: 0x80008ba0 (0xffa32083) lw      ra, -6(t1)
core   0: 3 0x80008ba0 (0xffa32083) x 1 0xc0c1c2c3 mem 0x80015908
core   0: 0x80008ba4 (0x8ebb4503) lbu     a0, -1813(s6)
core   0: 3 0x80008ba4 (0x8ebb4503) x10 0x00000076 mem 0x80015841
core   0: 0x80008ba8 (0x80db0983) lb      s3, -2035(s6)
core   0: 3 0x80008ba8 (0x80db0983) x19 0xffffffe6 mem 0x80015763
core   0: 0x80008bac (0xe93b0023) sb      s3, -384(s6)
core   0: 3 0x80008bac (0xe93b0023) mem 0x80015dd6 0xe6
core   0: 0x80008bb0 (0x00934903) lbu     s2, 9(t1)
core   0: 3 0x80008bb0 (0x00934903) x18 0x000000cc mem 0x80015917
core   0: 0x80008bb4 (0xf29b0d03) lb      s10, -215(s6)
core   0: 3 0x80008bb4 (0xf29b0d03) x26 0x00000034 mem 0x80015e7f
core   0: 0x80008bb8 (0x006307a3) sb      t1, 15(t1)
core   0: 3 0x80008bb8 (0x006307a3) mem 0x8001591d 0xe
core   0: 0x80008bbc (0x00534a03) lbu     s4, 5(t1)
core   0: 3 0x80008bbc (0x00534a03) x20 0x000000c8 mem 0x80015913
core   0: 0x80008bc0 (0xe03b01a3) sb      gp, -509(s6)
core   0: 3 0x80008bc0 (0xe03b01a3) mem 0x80015d59 0x25
core   0: 0x80008bc4 (0xefeb1e23) sh      t5, -260(s6)
core   0: 3 0x80008bc4 (0xefeb1e23) mem 0x80015e52 0x0000
core   0: 0x80008bc8 (0xff031c23) sh      a6, -8(t1)
core   0: 3 0x80008bc8 (0xff031c23) mem 0x80015906 0xab18
core   0: 0x80008bcc (0x0000d517) auipc   a0, 0xd
core   0: 3 0x80008bcc (0x0000d517) x10 0x80015bcc
core   0: 0x80008bd0 (0x00250513) addi    a0, a0, 2
core   0: 3 0x80008bd0 (0x00250513) x10 0x80015bce
core   0: 0x80008bd4 (0x0000d817) auipc   a6, 0xd
core   0: 3 0x80008bd4 (0x0000d817) x16 0x80015bd4
core   0: 0x80008bd8 (0xfd980813) addi    a6, a6, -39
core   0: 3 0x80008bd8 (0xfd980813) x16 0x80015bad
core   0: 0x80008bdc (0xffc80d03) lb      s10, -4(a6)
core   0: 3 0x80008bdc (0xffc80d03) x26 0x00000062 mem 0x80015ba9
core   0: 0x80008be0 (0xb8e51b23) sh      a4, -1130(a0)
core   0: 3 0x80008be0 (0xb8e51b23) mem 0x80015764 0x7e71
core   0: 0x80008be4 (0x0000dc17) auipc   s8, 0xd
core   0: 3 0x80008be4 (0x0000dc17) x24 0x80015be4
core   0: 0x80008be8 (0x3b1c0c13) addi    s8, s8, 945
core   0: 3 0x80008be8 (0x3b1c0c13) x24 0x80015f95
core   0: 0x80008bec (0xb2050e83) lb      t4, -1248(a0)
core   0: 3 0x80008bec (0xb2050e83) x29 0xffffffa5 mem 0x800156ee
core   0: 0x80008bf0 (0xf7851e23) sh      s8, -132(a0)
core   0: 3 0x80008bf0 (0xf7851e23) mem 0x80015b4a 0x5f95
core   0: 0x80008bf4 (0x01180023) sb      a7, 0(a6)
core   0: 3 0x80008bf4 (0x01180023) mem 0x80015bad 0xff
core   0: 0x80008bf8 (0x81b54e83) lbu     t4, -2021(a0)
core   0: 3 0x80008bf8 (0x81b54e83) x29 0x00000000 mem 0x800153e9
core   0: 0x80008bfc (0x01680983) lb      s3, 22(a6)
core   0: 3 0x80008bfc (0x01680983) x19 0x00000078 mem 0x80015bc3
core   0: 0x80008c00 (0xff8c0883) lb      a7, -8(s8)
core   0: 3 0x80008c00 (0xff8c0883) x17 0x00000046 mem 0x80015f8d
core   0: 0x80008c04 (0x00fc02a3) sb      a5, 5(s8)
core   0: 3 0x80008c04 (0x00fc02a3) mem 0x80015f9a 0x2d
core   0: 0x80008c08 (0xff980b23) sb      s9, -10(a6)
core   0: 3 0x80008c08 (0xff980b23) mem 0x80015ba3 0x26
core   0: 0x80008c0c (0xe3b50ea3) sb      s11, -451(a0)
core   0: 3 0x80008c0c (0xe3b50ea3) mem 0x80015a0b 0xe3
core   0: 0x80008c10 (0xfda80a83) lb      s5, -38(a6)
core   0: 3 0x80008c10 (0xfda80a83) x21 0x0000003c mem 0x80015b87
core   0: 0x80008c14 (0x9d052923) sw      a6, -1582(a0)
core   0: 3 0x80008c14 (0x9d052923) mem 0x800155a0 0x80015bad
core   0: 0x80008c18 (0x07c55703) lhu     a4, 124(a0)
core   0: 3 0x80008c18 (0x07c55703) x14 0x00008c01 mem 0x80015c4a
core   0: 0x80008c1c (0x00ac0723) sb      a0, 14(s8)
core   0: 3 0x80008c1c (0x00ac0723) mem 0x80015fa3 0xce
core   0: 0x80008c20 (0xff084483) lbu     s1, -16(a6)
core   0: 3 0x80008c20 (0xff084483) x 9 0x00000056 mem 0x80015b9d
core   0: 0x80008c24 (0xad651623) sh      s6, -1332(a0)
core   0: 3 0x80008c24 (0xad651623) mem 0x8001569a 0x5f56
core   0: 0x80008c28 (0xfed85a83) lhu     s5, -19(a6)
core   0: 3 0x80008c28 (0xfed85a83) x21 0x00008001 mem 0x80015b9a
core   0: 0x80008c2c (0x01bc01a3) sb      s11, 3(s8)
core   0: 3 0x80008c2c (0x01bc01a3) mem 0x80015f98 0xe3
core   0: 0x80008c30 (0xfd480183) lb      gp, -44(a6)
core   0: 3 0x80008c30 (0xfd480183) x 3 0x0000003a mem 0x80015b81
core   0: 0x80008c34 (0x009c1683) lh      a3, 9(s8)
core   0: 3 0x80008c34 (0x009c1683) x13 0x00005455 mem 0x80015f9e
core   0: 0x80008c38 (0xffec0823) sb      t5, -16(s8)
core   0: 3 0x80008c38 (0xffec0823) mem 0x80015f85 0x0
core   0: 0x80008c3c (0x1fa52e83) lw      t4, 506(a0)
core   0: 3 0x80008c3c (0x1fa52e83) x29 0x80818283 mem 0x80015dc8
core   0: 0x80008c40 (0x00018817) auipc   a6, 0x18
core   0: 3 0x80008c40 (0x00018817) x16 0x80020c40
core   0: 0x80008c44 (0x75380813) addi    a6, a6, 1875
core   0: 3 0x80008c44 (0x75380813) x16 0x80021393
core   0: 0x80008c48 (0x00684c03) lbu     s8, 6(a6)
core   0: 3 0x80008c48 (0x00684c03) x24 0x00000052 mem 0x80021399
core   0: 0x80008c4c (0x55f92d93) slti    s11, s2, 1375
core   0: 3 0x80008c4c (0x55f92d93) x27 0x00000001
core   0: 0x80008c50 (0x00684683) lbu     a3, 6(a6)
core   0: 3 0x80008c50 (0x00684683) x13 0x00000052 mem 0x80021399
core   0: 0x80008c54 (0x00680403) lb      s0, 6(a6)
core   0: 3 0x80008c54 (0x00680403) x 8 0x00000052 mem 0x80021399
core   0: 0x80008c58 (0x00680f03) lb      t5, 6(a6)
core   0: 3 0x80008c58 (0x00680f03) x30 0x00000052 mem 0x80021399
core   0: 0x80008c5c (0xff0828a3) sw      a6, -15(a6)
core   0: 3 0x80008c5c (0xff0828a3) mem 0x80021384 0x80021393
core   0: 0x80008c60 (0xfe5828a3) sw      t0, -15(a6)
core   0: 3 0x80008c60 (0xfe5828a3) mem 0x80021384 0x80021e5c
core   0: 0x80008c64 (0xff184f83) lbu     t6, -15(a6)
core   0: 3 0x80008c64 (0xff184f83) x31 0x0000005c mem 0x80021384
core   0: 0x80008c68 (0x00780423) sb      t2, 8(a6)
core   0: 3 0x80008c68 (0x00780423) mem 0x8002139b 0xc0
core   0: 0x80008c6c (0x00880283) lb      t0, 8(a6)
core   0: 3 0x80008c6c (0x00880283) x 5 0xffffffc0 mem 0x8002139b
core   0: 0x80008c70 (0x013794b3) sll     s1, a5, s3
core   0: 3 0x80008c70 (0x013794b3) x 9 0x2d000000
core   0: 0x80008c74 (0x00884283) lbu     t0, 8(a6)
core   0: 3 0x80008c74 (0x00884283) x 5 0x000000c0 mem 0x8002139b
core   0: 0x80008c78 (0x51ea3997) auipc   s3, 0x51ea3
core   0: 3 0x80008c78 (0x51ea3997) x19 0xd1eabc78
core   0: 0x80008c7c (0x00e80423) sb      a4, 8(a6)
core   0: 3 0x80008c7c (0x00e80423) mem 0x8002139b 0x1
core   0: 0x80008c80 (0x00880c03) lb      s8, 8(a6)
core   0: 3 0x80008c80 (0x00880c03) x24 0x00000001 mem 0x8002139b
core   0: 0x80008c84 (0x008a2c13) slti    s8, s4, 8
core   0: 3 0x80008c84 (0x008a2c13) x24 0x00000000
core   0: 0x80008c88 (0x00884703) lbu     a4, 8(a6)
core   0: 3 0x80008c88 (0x00884703) x14 0x00000001 mem 0x8002139b
core   0: 0x80008c8c (0x00884f83) lbu     t6, 8(a6)
core   0: 3 0x80008c8c (0x00884f83) x31 0x00000001 mem 0x8002139b
core   0: 0x80008c90 (0x0034c233) xor     tp, s1, gp
core   0: 3 0x80008c90 (0x0034c233) x 4 0x2d00003a
core   0: 0x80008c94 (0x00080423) sb      zero, 8(a6)
core   0: 3 0x80008c94 (0x00080423) mem 0x8002139b 0x0
core   0: 0x80008c98 (0x00884283) lbu     t0, 8(a6)
core   0: 3 0x80008c98 (0x00884283) x 5 0x00000000 mem 0x8002139b
core   0: 0x80008c9c (0x410c5733) sra     a4, s8, a6
core   0: 3 0x80008c9c (0x410c5733) x14 0x00000000
core   0: 0x80008ca0 (0x00884303) lbu     t1, 8(a6)
core   0: 3 0x80008ca0 (0x00884303) x 6 0x00000000 mem 0x8002139b
core   0: 0x80008ca4 (0xa48b2517) auipc   a0, 0xa48b2
core   0: 3 0x80008ca4 (0xa48b2517) x10 0x248baca4
core   0: 0x80008ca8 (0x00980423) sb      s1, 8(a6)
core   0: 3 0x80008ca8 (0x00980423) mem 0x8002139b 0x0
core   0: 0x80008cac (0x0000d497) auipc   s1, 0xd
core   0: 3 0x80008cac (0x0000d497) x 9 0x80015cac
core   0: 0x80008cb0 (0x87248493) addi    s1, s1, -1934
core   0: 3 0x80008cb0 (0x87248493) x 9 0x8001551e
core   0: 0x80008cb4 (0x0000dc17) auipc   s8, 0xd
core   0: 3 0x80008cb4 (0x0000dc17) x24 0x80015cb4
core   0: 0x80008cb8 (0x1dbc0c13) addi    s8, s8, 475
core   0: 3 0x80008cb8 (0x1dbc0c13) x24 0x80015e8f
core   0: 0x80008cbc (0x0000d797) auipc   a5, 0xd
core   0: 3 0x80008cbc (0x0000d797) x15 0x80015cbc
core   0: 0x80008cc0 (0xde478793) addi    a5, a5, -540
core   0: 3 0x80008cc0 (0xde478793) x15 0x80015aa0
core   0: 0x80008cc4 (0x0ecc0e23) sb      a2, 252(s8)
core   0: 3 0x80008cc4 (0x0ecc0e23) mem 0x80015f8b 0x4
core   0: 0x80008cc8 (0xfc74c703) lbu     a4, -57(s1)
core   0: 3 0x80008cc8 (0xfc74c703) x14 0x0000009e mem 0x800154e5
core   0: 0x80008ccc (0x0000d817) auipc   a6, 0xd
core   0: 3 0x80008ccc (0x0000d817) x16 0x80015ccc
core   0: 0x80008cd0 (0x91f80813) addi    a6, a6, -1761
core   0: 3 0x80008cd0 (0x91f80813) x16 0x800155eb
core   0: 0x80008cd4 (0xff381503) lh      a0, -13(a6)
core   0: 3 0x80008cd4 (0xff381503) x10 0x00000003 mem 0x800155de
core   0: 0x80008cd8 (0xfc0480a3) sb      zero, -63(s1)
core   0: 3 0x80008cd8 (0xfc0480a3) mem 0x800154df 0x0
core   0: 0x80008cdc (0x05284903) lbu     s2, 82(a6)
core   0: 3 0x80008cdc (0x05284903) x18 0x000000f6 mem 0x8001563d
core   0: 0x80008ce0 (0x00b78403) lb      s0, 11(a5)
core   0: 3 0x80008ce0 (0x00b78403) x 8 0xfffffffc mem 0x80015aab
core   0: 0x80008ce4 (0xffd78083) lb      ra, -3(a5)
core   0: 3 0x80008ce4 (0xffd78083) x 1 0x00000056 mem 0x80015a9d
core   0: 0x80008ce8 (0xf7484e83) lbu     t4, -140(a6)
core   0: 3 0x80008ce8 (0xf7484e83) x29 0x00000014 mem 0x8001555f
core   0: 0x80008cec (0xf4bc4d03) lbu     s10, -181(s8)
core   0: 3 0x80008cec (0xf4bc4d03) x26 0x00000091 mem 0x80015dda
core   0: 0x80008cf0 (0xfff7c003) lbu     zero, -1(a5)
core   0: 3 0x80008cf0 (0xfff7c003) mem 0x80015a9f
core   0: 0x80008cf4 (0xff378883) lb      a7, -13(a5)
core   0: 3 0x80008cf4 (0xff378883) x17 0x00000048 mem 0x80015a93
core   0: 0x80008cf8 (0xff578183) lb      gp, -11(a5)
core   0: 3 0x80008cf8 (0xff578183) x 3 0x0000004e mem 0x80015a95
core   0: 0x80008cfc (0xfd049c83) lh      s9, -48(s1)
core   0: 3 0x80008cfc (0xfd049c83) x25 0x00005504 mem 0x800154ee
core   0: 0x80008d00 (0xffe7cd03) lbu     s10, -2(a5)
core   0: 3 0x80008d00 (0xffe7cd03) x26 0x000000a1 mem 0x80015a9e
core   0: 0x80008d04 (0x171c2503) lw      a0, 369(s8)
core   0: 3 0x80008d04 (0x171c2503) x10 0xb8b9babb mem 0x80016000
core   0: 0x80008d08 (0x008786a3) sb      s0, 13(a5)
core   0: 3 0x80008d08 (0x008786a3) mem 0x80015aad 0xfc
core   0: 0x80008d0c (0x0f7c1883) lh      a7, 247(s8)
core   0: 3 0x80008d0c (0x0f7c1883) x17 0x00003c3d mem 0x80015f86
core   0: 0x80008d10 (0x0f180923) sb      a7, 242(a6)
core   0: 3 0x80008d10 (0x0f180923) mem 0x800156dd 0x3d
core   0: 0x80008d14 (0x088c4e03) lbu     t3, 136(s8)
core   0: 3 0x80008d14 (0x088c4e03) x28 0x000000cc mem 0x80015f17
core   0: 0x80008d18 (0xbbdc2d83) lw      s11, -1091(s8)
core   0: 3 0x80008d18 (0xbbdc2d83) x27 0xffe80607 mem 0x80015a4c
core   0: 0x80008d1c (0xf5f85a03) lhu     s4, -161(a6)
core   0: 3 0x80008d1c (0xf5f85a03) x20 0x00000001 mem 0x8001554a
core   0: 0x80008d20 (0x00148123) sb      ra, 2(s1)
core   0: 3 0x80008d20 (0x00148123) mem 0x80015520 0x56
core   0: 0x80008d24 (0xf2980e23) sb      s1, -196(a6)
core   0: 3 0x80008d24 (0xf2980e23) mem 0x80015527 0x1e
core   0: 0x80008d28 (0xff348e83) lb      t4, -13(s1)
core   0: 3 0x80008d28 (0xff348e83) x29 0xffffffff mem 0x80015511
core   0: 0x80008d2c (0xee8c4f03) lbu     t5, -280(s8)
core   0: 3 0x80008d2c (0xee8c4f03) x30 0x0000002c mem 0x80015d77
core   0: 0x80008d30 (0x963c4503) lbu     a0, -1693(s8)
core   0: 3 0x80008d30 (0x963c4503) x10 0x000000a9 mem 0x800157f2
core   0: 0x80008d34 (0xffa79b83) lh      s7, -6(a5)
core   0: 3 0x80008d34 (0xffa79b83) x23 0x00005051 mem 0x80015a9a
core   0: 0x80008d38 (0xffa7cc83) lbu     s9, -6(a5)
core   0: 3 0x80008d38 (0xffa7cc83) x25 0x00000051 mem 0x80015a9a
core   0: 0x80008d3c (0x0a680303) lb      t1, 166(a6)
core   0: 3 0x80008d3c (0x0a680303) x 6 0x0000004a mem 0x80015691
core   0: 0x80008d40 (0x00484283) lbu     t0, 4(a6)
core   0: 3 0x80008d40 (0x00484283) x 5 0x000000a4 mem 0x800155ef
core   0: 0x80008d44 (0xf8182683) lw      a3, -127(a6)
core   0: 3 0x80008d44 (0xf8182683) x13 0x24250000 mem 0x8001556c
core   0: 0x80008d48 (0xd50c0303) lb      t1, -688(s8)
core   0: 3 0x80008d48 (0xd50c0303) x 6 0xffffff94 mem 0x80015bdf
core   0: 0x80008d4c (0x017808a3) sb      s7, 17(a6)
core   0: 3 0x80008d4c (0x017808a3) mem 0x800155fc 0x51
core   0: 0x80008d50 (0x01c49a23) sh      t3, 20(s1)
core   0: 3 0x80008d50 (0x01c49a23) mem 0x80015532 0x00cc
core   0: 0x80008d54 (0xb12c17a3) sh      s2, -1265(s8)
core   0: 3 0x80008d54 (0xb12c17a3) mem 0x8001599e 0x00f6
core   0: 0x80008d58 (0xfc848903) lb      s2, -56(s1)
core   0: 3 0x80008d58 (0xfc848903) x18 0xffffff9d mem 0x800154e6
core   0: 0x80008d5c (0x00015a17) auipc   s4, 0x15
core   0: 3 0x80008d5c (0x00015a17) x20 0x8001dd5c
core   0: 0x80008d60 (0xd48a0a13) addi    s4, s4, -696
core   0: 3 0x80008d60 (0xd48a0a13) x20 0x8001daa4
core   0: 0x80008d64 (0x01864233) xor     tp, a2, s8
core   0: 3 0x80008d64 (0x01864233) x 4 0x0003f08b
core   0: 0x80008d68 (0x0000100f) fence.i
core   0: 3 0x80008d68 (0x0000100f)
core   0: 0x80008d6c (0x6ce48513) addi    a0, s1, 1742
core   0: 3 0x80008d6c (0x6ce48513) x10 0x80015bec
core   0: 0x80008d70 (0x974a1723) sh      s4, -1682(s4)
core   0: 3 0x80008d70 (0x974a1723) mem 0x8001d412 0xdaa4
core   0: 0x80008d74 (0x418a5b93) srai    s7, s4, 24
core   0: 3 0x80008d74 (0x418a5b93) x23 0xffffff80
core   0: 0x80008d78 (0x4aca5783) lhu     a5, 1196(s4)
core   0: 3 0x80008d78 (0x4aca5783) x15 0x00000a0b mem 0x8001df50
core   0: 0x80008d7c (0xd6ea0d03) lb      s10, -658(s4)
core   0: 3 0x80008d7c (0xd6ea0d03) x26 0xffffffc9 mem 0x8001d812
core   0: 0x80008d80 (0xe17a01a3) sb      s7, -509(s4)
core   0: 3 0x80008d80 (0xe17a01a3) mem 0x8001d8a7 0x80
core   0: 0x80008d84 (0x9d2a5983) lhu     s3, -1582(s4)
core   0: 3 0x80008d84 (0x9d2a5983) x19 0x00002c2d mem 0x8001d476
core   0: 0x80008d88 (0x006ab433) sltu    s0, s5, t1
core   0: 3 0x80008d88 (0x006ab433) x 8 0x00000001
core   0: 0x80008d8c (0x888a1803) lh      a6, -1912(s4)
core   0: 3 0x80008d8c (0x888a1803) x16 0xffffe6e7 mem 0x8001d32c
core   0: 0x80008d90 (0x7b6a0283) lb      t0, 1974(s4)
core   0: 3 0x80008d90 (0x7b6a0283) x 5 0x00000011 mem 0x8001e25a
core   0: 0x80008d94 (0x009109b3) add     s3, sp, s1
core   0: 3 0x80008d94 (0x009109b3) x19 0x00044202
core   0: 0x80008d98 (0xfdca02a3) sb      t3, -59(s4)
core   0: 3 0x80008d98 (0xfdca02a3) mem 0x8001da69 0xcc
core   0: 0x80008d9c (0x0ff0000f) fence   iorw,iorw
core   0: 3 0x80008d9c (0x0ff0000f)
core   0: 0x80008da0 (0x0173ec33) or      s8, t2, s7
core   0: 3 0x80008da0 (0x0173ec33) x24 0xffffffc0
core   0: 0x80008da4 (0xe1d9ff93) andi    t6, s3, -483
core   0: 3 0x80008da4 (0xe1d9ff93) x31 0x00044200
core   0: 0x80008da8 (0x1e3a0683) lb      a3, 483(s4)
core   0: 3 0x80008da8 (0x1e3a0683) x13 0x0000003c mem 0x8001dc87
core   0: 0x80008dac (0x160a5203) lhu     tp, 352(s4)
core   0: 3 0x80008dac (0x160a5203) x 4 0x0000bebf mem 0x8001dc04
core   0: 0x80008db0 (0x01f51093) slli    ra, a0, 31
core   0: 3 0x80008db0 (0x01f51093) x 1 0x00000000
core   0: 0x80008db4 (0x746a4e03) lbu     t3, 1862(s4)
core   0: 3 0x80008db4 (0x746a4e03) x28 0x000000a1 mem 0x8001e1ea
core   0: 0x80008db8 (0x0022dd93) srli    s11, t0, 2
core   0: 3 0x80008db8 (0x0022dd93) x27 0x00000004
core   0: 0x80008dbc (0x8cba03a3) sb      a1, -1849(s4)
core   0: 3 0x80008dbc (0x8cba03a3) mem 0x8001d36b 0x0
core   0: 0x80008dc0 (0x0000db97) auipc   s7, 0xd
core   0: 3 0x80008dc0 (0x0000db97) x23 0x80015dc0
core   0: 0x80008dc4 (0xdf9b8b93) addi    s7, s7, -519
core   0: 3 0x80008dc4 (0xdf9b8b93) x23 0x80015bb9
core   0: 0x80008dc8 (0x0162ac33) slt     s8, t0, s6
core   0: 3 0x80008dc8 (0x0162ac33) x24 0x00000000
core   0: 0x80008dcc (0x00bc0833) add     a6, s8, a1
core   0: 3 0x80008dcc (0x00bc0833) x16 0x80000000
core   0: 0x80008dd0 (0x010bc283) lbu     t0, 16(s7)
core   0: 3 0x80008dd0 (0x010bc283) x 5 0x00000082 mem 0x80015bc9
core   0: 0x80008dd4 (0x00004cb3) xor     s9, zero, zero
core   0: 3 0x80008dd4 (0x00004cb3) x25 0x00000000
core   0: 0x80008dd8 (0x41c5dcb3) sra     s9, a1, t3
core   0: 3 0x80008dd8 (0x41c5dcb3) x25 0xc0000000
core   0: 0x80008ddc (0x9ed42017) auipc   zero, 0x9ed42
core   0: 3 0x80008ddc (0x9ed42017)
core   0: 0x80008de0 (0x010bc203) lbu     tp, 16(s7)
core   0: 3 0x80008de0 (0x010bc203) x 4 0x00000082 mem 0x80015bc9
core   0: 0x80008de4 (0x016b8523) sb      s6, 10(s7)
core   0: 3 0x80008de4 (0x016b8523) mem 0x80015bc3 0x56
core   0: 0x80008de8 (0xfe6b8e23) sb      t1, -4(s7)
core   0: 3 0x80008de8 (0xfe6b8e23) mem 0x80015bb5 0x94
core   0: 0x80008dec (0x0000100f) fence.i
core   0: 3 0x80008dec (0x0000100f)
core   0: 0x80008df0 (0x00ba5733) srl     a4, s4, a1
core   0: 3 0x80008df0 (0x00ba5733) x14 0x8001daa4
core   0: 0x80008df4 (0x00c2b233) sltu    tp, t0, a2
core   0: 3 0x80008df4 (0x00c2b233) x 4 0x00000001
core   0: 0x80008df8 (0x000bcf03) lbu     t5, 0(s7)
core   0: 3 0x80008df8 (0x000bcf03) x30 0x00000072 mem 0x80015bb9
core   0: 0x80008dfc (0xfecbaba3) sw      a2, -9(s7)
core   0: 3 0x80008dfc (0xfecbaba3) mem 0x80015bb0 0x8002ae04
core   0: 0x80008e00 (0x00bba783) lw      a5, 11(s7)
core   0: 3 0x80008e00 (0x00bba783) x15 0x7c7d7e7f mem 0x80015bc4
core   0: 0x80008e04 (0x011cc3b3) xor     t2, s9, a7
core   0: 3 0x80008e04 (0x011cc3b3) x 7 0xc0003c3d
core   0: 0x80008e08 (0x005bce03) lbu     t3, 5(s7)
core   0: 3 0x80008e08 (0x005bce03) x28 0x00000075 mem 0x80015bbe
core   0: 0x80008e0c (0x003ba003) lw      zero, 3(s7)
core   0: 3 0x80008e0c (0x003ba003) mem 0x80015bbc
core   0: 0x80008e10 (0xff2b8703) lb      a4, -14(s7)
core   0: 3 0x80008e10 (0xff2b8703) x14 0x00000060 mem 0x80015bab
core   0: 0x80008e14 (0x0061d7b3) srl     a5, gp, t1
core   0: 3 0x80008e14 (0x0061d7b3) x15 0x00000000
core   0: 0x80008e18 (0x0000100f) fence.i
core   0: 3 0x80008e18 (0x0000100f)
core   0: 0x80008e1c (0x017bf433) and     s0, s7, s7
core   0: 3 0x80008e1c (0x017bf433) x 8 0x80015bb9
core   0: 0x80008e20 (0x013b81a3) sb      s3, 3(s7)
core   0: 3 0x80008e20 (0x013b81a3) mem 0x80015bbc 0x2
core   0: 0x80008e24 (0x003c67b3) or      a5, s8, gp
core   0: 3 0x80008e24 (0x003c67b3) x15 0x0000004e
core   0: 0x80008e28 (0xff5bdf83) lhu     t6, -11(s7)
core   0: 3 0x80008e28 (0xff5bdf83) x31 0x00006465 mem 0x80015bae
core   0: 0x80008e2c (0xcec8cd97) auipc   s11, 0xcec8c
core   0: 3 0x80008e2c (0xcec8cd97) x27 0x4ec94e2c
core   0: 0x80008e30 (0xa30a6d13) ori     s10, s4, -1488
core   0: 3 0x80008e30 (0xa30a6d13) x26 0xfffffab4
core   0: 0x80008e34 (0x01314c33) xor     s8, sp, s3
core   0: 3 0x80008e34 (0x01314c33) x24 0x8006aee6
core   0: 0x80008e38 (0x0ff0000f) fence   iorw,iorw
core   0: 3 0x80008e38 (0x0ff0000f)
core   0: 0x80008e3c (0x0000100f) fence.i
core   0: 3 0x80008e3c (0x0000100f)
core   0: 0x80008e40 (0x007b8223) sb      t2, 4(s7)
core   0: 3 0x80008e40 (0x007b8223) mem 0x80015bbd 0x3d
core   0: 0x80008e44 (0xff7b9ca3) sh      s7, -7(s7)
core   0: 3 0x80008e44 (0xff7b9ca3) mem 0x80015bb2 0x5bb9
core   0: 0x80008e48 (0x0000c817) auipc   a6, 0xc
core   0: 3 0x80008e48 (0x0000c817) x16 0x80014e48
core   0: 0x80008e4c (0x4f680813) addi    a6, a6, 1270
core   0: 3 0x80008e4c (0x4f680813) x16 0x8001533e
core   0: 0x80008e50 (0x2b181323) sh      a7, 678(a6)
core   0: 3 0x80008e50 (0x2b181323) mem 0x800155e4 0x3c3d
core   0: 0x80008e54 (0x41bf53b3) sra     t2, t5, s11
core   0: 3 0x80008e54 (0x41bf53b3) x 7 0x00000000
core   0: 0x80008e58 (0x1da807a3) sb      s10, 463(a6)
core   0: 3 0x80008e58 (0x1da807a3) mem 0x8001550d 0xb4
core   0: 0x80008e5c (0x01c100b3) add     ra, sp, t3
core   0: 3 0x80008e5c (0x01c100b3) x 1 0x8002ed59
core   0: 0x80008e60 (0xead84d03) lbu     s10, -339(a6)
core   0: 3 0x80008e60 (0xead84d03) x26 0x000000a0 mem 0x800151eb
core   0: 0x80008e64 (0xe4180c83) lb      s9, -447(a6)
core   0: 3 0x80008e64 (0xe4180c83) x25 0x0000003b mem 0x8001517f
core   0: 0x80008e68 (0x1a6808a3) sb      t1, 433(a6)
core   0: 3 0x80008e68 (0x1a6808a3) mem 0x800154ef 0x94
core   0: 0x80008e6c (0x1b184a83) lbu     s5, 433(a6)
core   0: 3 0x80008e6c (0x1b184a83) x21 0x00000094 mem 0x800154ef
core   0: 0x80008e70 (0x1b180b83) lb      s7, 433(a6)
core   0: 3 0x80008e70 (0x1b180b83) x23 0xffffff94 mem 0x800154ef
core   0: 0x80008e74 (0x18a81c23) sh      a0, 408(a6)
core   0: 3 0x80008e74 (0x18a81c23) mem 0x800154d6 0x5bec
core   0: 0x80008e78 (0xd55808a3) sb      s5, -687(a6)
core   0: 3 0x80008e78 (0xd55808a3) mem 0x8001508f 0x94
core   0: 0x80008e7c (0x5d384e03) lbu     t3, 1491(a6)
core   0: 3 0x80008e7c (0x5d384e03) x28 0x000000ca mem 0x80015911
core   0: 0x80008e80 (0x65580303) lb      t1, 1621(a6)
core   0: 3 0x80008e80 (0x65580303) x 6 0x00000000 mem 0x80015993
core   0: 0x80008e84 (0x13f80903) lb      s2, 319(a6)
core   0: 3 0x80008e84 (0x13f80903) x18 0x00000068 mem 0x8001547d
core   0: 0x80008e88 (0xf4880aa3) sb      s0, -171(a6)
core   0: 3 0x80008e88 (0xf4880aa3) mem 0x80015293 0xb9
core   0: 0x80008e8c (0xf5580e83) lb      t4, -171(a6)
core   0: 3 0x80008e8c (0xf5580e83) x29 0xffffffb9 mem 0x80015293
core   0: 0x80008e90 (0xd3e80483) lb      s1, -706(a6)
core   0: 3 0x80008e90 (0xd3e80483) x 9 0x00000037 mem 0x8001507c
core   0: 0x80008e94 (0x77584483) lbu     s1, 1909(a6)
core   0: 3 0x80008e94 (0x77584483) x 9 0x00000068 mem 0x80015ab3
core   0: 0x80008e98 (0x0000d497) auipc   s1, 0xd
core   0: 3 0x80008e98 (0x0000d497) x 9 0x80015e98
core   0: 0x80008e9c (0x14548493) addi    s1, s1, 325
core   0: 3 0x80008e9c (0x14548493) x 9 0x80015fdd
core   0: 0x80008ea0 (0x9fb498a3) sh      s11, -1551(s1)
core   0: 3 0x80008ea0 (0x9fb498a3) mem 0x800159ce 0x4e2c
core   0: 0x80008ea4 (0x9f3488a3) sb      s3, -1551(s1)
core   0: 3 0x80008ea4 (0x9f3488a3) mem 0x800159ce 0x2
core   0: 0x80008ea8 (0x0ff0000f) fence   iorw,iorw
core   0: 3 0x80008ea8 (0x0ff0000f)
core   0: 0x80008eac (0x01b83db3) sltu    s11, a6, s11
core   0: 3 0x80008eac (0x01b83db3) x27 0x00000000
core   0: 0x80008eb0 (0x2932e013) ori     zero, t0, 659
core   0: 3 0x80008eb0 (0x2932e013)
core   0: 0x80008eb4 (0x9f14ca03) lbu     s4, -1551(s1)
core   0: 3 0x80008eb4 (0x9f14ca03) x20 0x00000002 mem 0x800159ce
core   0: 0x80008eb8 (0x9ed488a3) sb      a3, -1551(s1)
core   0: 3 0x80008eb8 (0x9ed488a3) mem 0x800159ce 0x3c
core   0: 0x80008ebc (0x412006b3) sub     a3, zero, s2
core   0: 3 0x80008ebc (0x412006b3) x13 0xffffff98
core   0: 0x80008ec0 (0x77308d93) addi    s11, ra, 1907
core   0: 3 0x80008ec0 (0x77308d93) x27 0x8002f4cc
core   0: 0x80008ec4 (0x9e7488a3) sb      t2, -1551(s1)
core   0: 3 0x80008ec4 (0x9e7488a3) mem 0x800159ce 0x0
core   0: 0x80008ec8 (0x9f148b03) lb      s6, -1551(s1)
core   0: 3 0x80008ec8 (0x9f148b03) x22 0x00000000 mem 0x800159ce
core   0: 0x80008ecc (0x001f4db3) xor     s11, t5, ra
core   0: 3 0x80008ecc (0x001f4db3) x27 0x8002ed2b
core   0: 0x80008ed0 (0x9f149883) lh      a7, -1551(s1)
core   0: 3 0x80008ed0 (0x9f149883) x17 0x00004e00 mem 0x800159ce
core   0: 0x80008ed4 (0x41e9d393) srai    t2, s3, 30
core   0: 3 0x80008ed4 (0x41e9d393) x 7 0x00000000
core   0: 0x80008ed8 (0x9e5488a3) sb      t0, -1551(s1)
core   0: 3 0x80008ed8 (0x9e5488a3) mem 0x800159ce 0x82
core   0: 0x80008edc (0x9f5498a3) sh      s5, -1551(s1)
core   0: 3 0x80008edc (0x9f5498a3) mem 0x800159ce 0x0094
core   0: 0x80008ee0 (0x9f149a83) lh      s5, -1551(s1)
core   0: 3 0x80008ee0 (0x9f149a83) x21 0x00000094 mem 0x800159ce
core   0: 0x80008ee4 (0x00018517) auipc   a0, 0x18
core   0: 3 0x80008ee4 (0x00018517) x10 0x80020ee4
core   0: 0x80008ee8 (0x2b450513) addi    a0, a0, 692
core   0: 3 0x80008ee8 (0x2b450513) x10 0x80021198
core   0: 0x80008eec (0xb6854683) lbu     a3, -1176(a0)
core   0: 3 0x80008eec (0xb6854683) x13 0x000000bb mem 0x80020d00
core   0: 0x80008ef0 (0xcb055e03) lhu     t3, -848(a0)
core   0: 3 0x80008ef0 (0xcb055e03) x28 0x00000203 mem 0x80020e48
core   0: 0x80008ef4 (0x00ddb433) sltu    s0, s11, a3
core   0: 3 0x80008ef4 (0x00ddb433) x 8 0x00000000
core   0: 0x80008ef8 (0x5dc50aa3) sb      t3, 1493(a0)
core   0: 3 0x80008ef8 (0x5dc50aa3) mem 0x8002176d 0x3
core   0: 0x80008efc (0x412d0433) sub     s0, s10, s2
core   0: 3 0x80008efc (0x412d0433) x 8 0x00000038
core   0: 0x80008f00 (0xb5455883) lhu     a7, -1196(a0)
core   0: 3 0x80008f00 (0xb5455883) x17 0x0000a6a7 mem 0x80020cec
core   0: 0x80008f04 (0x60483693) sltiu   a3, a6, 1540
core   0: 3 0x80008f04 (0x60483693) x13 0x00000000
core   0: 0x80008f08 (0x00000013) nop
core   0: 3 0x80008f08 (0x00000013)
core   0: 0x80008f0c (0x00000013) nop
core   0: 3 0x80008f0c (0x00000013)
core   0: 0x80008f10 (0x413d0233) sub     tp, s10, s3
core   0: 3 0x80008f10 (0x413d0233) x 4 0xfffbbe9e
core   0: 0x80008f14 (0xdd855003) lhu     zero, -552(a0)
core   0: 3 0x80008f14 (0xdd855003) mem 0x80020f70
core   0: 0x80008f18 (0x014c0933) add     s2, s8, s4
core   0: 3 0x80008f18 (0x014c0933) x18 0x8006aee8
core   0: 0x80008f1c (0x00000013) nop
core   0: 3 0x80008f1c (0x00000013)
core   0: 0x80008f20 (0x04f54403) lbu     s0, 79(a0)
core   0: 3 0x80008f20 (0x04f54403) x 8 0x0000009c mem 0x800211e7
core   0: 0x80008f24 (0x05c51123) sh      t3, 66(a0)
core   0: 3 0x80008f24 (0x05c51123) mem 0x800211da 0x0203
core   0: 0x80008f28 (0xda451683) lh      a3, -604(a0)
core   0: 3 0x80008f28 (0xda451683) x13 0xfffff6f7 mem 0x80020f3c
core   0: 0x80008f2c (0x0dc55083) lhu     ra, 220(a0)
core   0: 3 0x80008f2c (0x0dc55083) x 1 0x00002e2f mem 0x80021274
core   0: 0x80008f30 (0x412ad033) sra     zero, s5, s2
core   0: 3 0x80008f30 (0x412ad033)
core   0: 0x80008f34 (0x40288c33) sub     s8, a7, sp
core   0: 3 0x80008f34 (0x40288c33) x24 0x7ffdb9c3
core   0: 0x80008f38 (0xfe250303) lb      t1, -30(a0)
core   0: 3 0x80008f38 (0xfe250303) x 6 0x00000031 mem 0x8002117a
core   0: 0x80008f3c (0x41628033) sub     zero, t0, s6
core   0: 3 0x80008f3c (0x41628033)
core   0: 0x80008f40 (0x40851903) lh      s2, 1032(a0)
core   0: 3 0x80008f40 (0x40851903) x18 0x00005a5b mem 0x800215a0
core   0: 0x80008f44 (0xcce51523) sh      a4, -822(a0)
core   0: 3 0x80008f44 (0xcce51523) mem 0x80020e62 0x0060
core   0: 0x80008f48 (0xd98d8bb7) lui     s7, 0xd98d8
core   0: 3 0x80008f48 (0xd98d8bb7) x23 0xd98d8000
core   0: 0x80008f4c (0x0c130e13) addi    t3, t1, 193
core   0: 3 0x80008f4c (0x0c130e13) x28 0x000000f2
core   0: 0x80008f50 (0xc8296693) ori     a3, s2, -894
core   0: 3 0x80008f50 (0xc8296693) x13 0xfffffedb
core   0: 0x80008f54 (0x00d939b3) sltu    s3, s2, a3
core   0: 3 0x80008f54 (0x00d939b3) x19 0x00000001
core   0: 0x80008f58 (0x4d1504a3) sb      a7, 1225(a0)
core   0: 3 0x80008f58 (0x4d1504a3) mem 0x80021661 0xa7
core   0: 0x80008f5c (0x01ee67b3) or      a5, t3, t5
core   0: 3 0x80008f5c (0x01ee67b3) x15 0x000000f2
core   0: 0x80008f60 (0x16d61a37) lui     s4, 0x16d61
core   0: 3 0x80008f60 (0x16d61a37) x20 0x16d61000
core   0: 0x80008f64 (0xeaa51983) lh      s3, -342(a0)
core   0: 3 0x80008f64 (0xeaa51983) x19 0xfffff8f9 mem 0x80021042
core   0: 0x80008f68 (0x00000013) nop
core   0: 3 0x80008f68 (0x00000013)
core   0: 0x80008f6c (0x11151023) sh      a7, 256(a0)
core   0: 3 0x80008f6c (0x11151023) mem 0x80021298 0xa6a7
core   0: 0x80008f70 (0x01c74333) xor     t1, a4, t3
core   0: 3 0x80008f70 (0x01c74333) x 6 0x00000092
core   0: 0x80008f74 (0x0000100f) fence.i
core   0: 3 0x80008f74 (0x0000100f)
core   0: 0x80008f78 (0x4113db93) srai    s7, t2, 17
core   0: 3 0x80008f78 (0x4113db93) x23 0x00000000
core   0: 0x80008f7c (0xe11e7817) auipc   a6, 0xe11e7
core   0: 3 0x80008f7c (0xe11e7817) x16 0x611eff7c
core   0: 0x80008f80 (0x9a4ebb13) sltiu   s6, t4, -1628
core   0: 3 0x80008f80 (0x9a4ebb13) x22 0x00000000
core   0: 0x80008f84 (0x00384a33) xor     s4, a6, gp
core   0: 3 0x80008f84 (0x00384a33) x20 0x611eff32
core   0: 0x80008f88 (0x400fd413) srai    s0, t6, 0
core   0: 3 0x80008f88 (0x400fd413) x 8 0x00006465
core   0: 0x80008f8c (0x4069d793) srai    a5, s3, 6
core   0: 3 0x80008f8c (0x4069d793) x15 0xffffffe3
core   0: 0x80008f90 (0x41215893) srai    a7, sp, 18
core   0: 3 0x80008f90 (0x41215893) x17 0xffffe000
core   0: 0x80008f94 (0x00a6d913) srli    s2, a3, 10
core   0: 3 0x80008f94 (0x00a6d913) x18 0x003fffff
core   0: 0x80008f98 (0x003c2333) slt     t1, s8, gp
core   0: 3 0x80008f98 (0x003c2333) x 6 0x00000000
core   0: 0x80008f9c (0x1aee8a13) addi    s4, t4, 430
core   0: 3 0x80008f9c (0x1aee8a13) x20 0x00000167
core   0: 0x80008fa0 (0x05b54003) lbu     zero, 91(a0)
core   0: 3 0x80008fa0 (0x05b54003) mem 0x800211f3
core   0: 0x80008fa4 (0x00018497) auipc   s1, 0x18
core   0: 3 0x80008fa4 (0x00018497) x 9 0x80020fa4
core   0: 0x80008fa8 (0xe1d48493) addi    s1, s1, -483
core   0: 3 0x80008fa8 (0xe1d48493) x 9 0x80020dc1
core   0: 0x80008fac (0x0ee4c383) lbu     t2, 238(s1)
core   0: 3 0x80008fac (0x0ee4c383) x 7 0x00000064 mem 0x80020eaf
core   0: 0x80008fb0 (0x0cc4c783) lbu     a5, 204(s1)
core   0: 3 0x80008fb0 (0x0cc4c783) x15 0x00000046 mem 0x80020e8d
core   0: 0x80008fb4 (0xf174dc83) lhu     s9, -233(s1)
core   0: 3 0x80008fb4 (0xf174dc83) x25 0x00009293 mem 0x80020cd8
core   0: 0x80008fb8 (0xf2448d03) lb      s10, -220(s1)
core   0: 3 0x80008fb8 (0xf2448d03) x26 0xffffff9e mem 0x80020ce5
core   0: 0x80008fbc (0x00d75e13) srli    t3, a4, 13
core   0: 3 0x80008fbc (0x00d75e13) x28 0x00000000
core   0: 0x80008fc0 (0xf974cc03) lbu     s8, -105(s1)
core   0: 3 0x80008fc0 (0xf974cc03) x24 0x00000013 mem 0x80020d58
core   0: 0x80008fc4 (0x0fe4a3a3) sw      t5, 231(s1)
core   0: 3 0x80008fc4 (0x0fe4a3a3) mem 0x80020ea8 0x00000072
core   0: 0x80008fc8 (0x3750c893) xori    a7, ra, 885
core   0: 3 0x80008fc8 (0x3750c893) x17 0x00002d5a
core   0: 0x80008fcc (0xfdc48123) sb      t3, -62(s1)
core   0: 3 0x80008fcc (0xfdc48123) mem 0x80020d83 0x0
core   0: 0x80008fd0 (0xdef6cd13) xori    s10, a3, -529
core   0: 3 0x80008fd0 (0xdef6cd13) x26 0x00000334
core   0: 0x80008fd4 (0x0000100f) fence.i
core   0: 3 0x80008fd4 (0x0000100f)
core   0: 0x80008fd8 (0x00847db3) and     s11, s0, s0
core   0: 3 0x80008fd8 (0x00847db3) x27 0x00006465
core   0: 0x80008fdc (0x01fdd513) srli    a0, s11, 31
core   0: 3 0x80008fdc (0x01fdd513) x10 0x00000000
core   0: 0x80008fe0 (0x0204a1a3) sw      zero, 35(s1)
core   0: 3 0x80008fe0 (0x0204a1a3) mem 0x80020de4 0x00000000
core   0: 0x80008fe4 (0x0674ab03) lw      s6, 103(s1)
core   0: 3 0x80008fe4 (0x0674ab03) x22 0xe0e1e2e3 mem 0x80020e28
core   0: 0x80008fe8 (0x0a848923) sb      s0, 178(s1)
core   0: 3 0x80008fe8 (0x0a848923) mem 0x80020e73 0x65
core   0: 0x80008fec (0x0b248003) lb      zero, 178(s1)
core   0: 3 0x80008fec (0x0b248003) mem 0x80020e73
core   0: 0x80008ff0 (0x0b248f03) lb      t5, 178(s1)
core   0: 3 0x80008ff0 (0x0b248f03) x30 0x00000065 mem 0x80020e73
core   0: 0x80008ff4 (0x83abe093) ori     ra, s7, -1990
core   0: 3 0x80008ff4 (0x83abe093) x 1 0xfffff83a
core   0: 0x80008ff8 (0x0b24c003) lbu     zero, 178(s1)
core   0: 3 0x80008ff8 (0x0b24c003) mem 0x80020e73
core   0: 0x80008ffc (0x0b048923) sb      a6, 178(s1)
core   0: 3 0x80008ffc (0x0b048923) mem 0x80020e73 0x7c
core   0: 0x80009000 (0x0b24c203) lbu     tp, 178(s1)
core   0: 3 0x80009000 (0x0b24c203) x 4 0x0000007c mem 0x80020e73
core   0: 0x80009004 (0x0000ce97) auipc   t4, 0xc
core   0: 3 0x80009004 (0x0000ce97) x29 0x80015004
core   0: 0x80009008 (0x566e8e93) addi    t4, t4, 1382
core   0: 3 0x80009008 (0x566e8e93) x29 0x8001556a
core   0: 0x8000900c (0x9fd46793) ori     a5, s0, -1539
core   0: 3 0x8000900c (0x9fd46793) x15 0xfffffdfd
core   0: 0x80009010 (0xa5183693) sltiu   a3, a6, -1455
core   0: 3 0x80009010 (0xa5183693) x13 0x00000001
core   0: 0x80009014 (0xfdeea203) lw      tp, -34(t4)
core   0: 3 0x80009014 (0xfdeea203) x 4 0x00010203 mem 0x80015548
core   0: 0x80009018 (0x0c7ecd83) lbu     s11, 199(t4)
core   0: 3 0x80009018 (0x0c7ecd83) x27 0x000000ea mem 0x80015631
core   0: 0x8000901c (0xf0de86a3) sb      a3, -243(t4)
core   0: 3 0x8000901c (0xf0de86a3) mem 0x80015477 0x1
core   0: 0x80009020 (0x06fecb83) lbu     s7, 111(t4)
core   0: 3 0x80009020 (0x06fecb83) x23 0x00000092 mem 0x800155d9
core   0: 0x80009024 (0x00113533) sltu    a0, sp, ra
core   0: 3 0x80009024 (0x00113533) x10 0x00000001
core   0: 0x80009028 (0x67504493) xori    s1, zero, 1653
core   0: 3 0x80009028 (0x67504493) x 9 0x00000675
core   0: 0x8000902c (0x40e85bb3) sra     s7, a6, a4
core   0: 3 0x8000902c (0x40e85bb3) x23 0x611eff7c
core   0: 0x80009030 (0x01bf6bb3) or      s7, t5, s11
core   0: 3 0x80009030 (0x01bf6bb3) x23 0x000000ef
core   0: 0x80009034 (0x41b8d033) sra     zero, a7, s11
core   0: 3 0x80009034 (0x41b8d033)
core   0: 0x80009038 (0x404b0233) sub     tp, s6, tp
core   0: 3 0x80009038 (0x404b0233) x 4 0xe0e0e0e0
core   0: 0x8000903c (0x0000100f) fence.i
core   0: 3 0x8000903c (0x0000100f)
core   0: 0x80009040 (0x04decb83) lbu     s7, 77(t4)
core   0: 3 0x80009040 (0x04decb83) x23 0x0000006c mem 0x800155b7
core   0: 0x80009044 (0x1718a717) auipc   a4, 0x1718a
core   0: 3 0x80009044 (0x1718a717) x14 0x97193044
core   0: 0x80009048 (0x054e8183) lb      gp, 84(t4)
core   0: 3 0x80009048 (0x054e8183) x 3 0x00000075 mem 0x800155be
core   0: 0x8000904c (0x070e8ea3) sb      a6, 125(t4)
core   0: 3 0x8000904c (0x070e8ea3) mem 0x800155e7 0x7c
core   0: 0x80009050 (0x63bdb193) sltiu   gp, s11, 1595
core   0: 3 0x80009050 (0x63bdb193) x 3 0x00000001
core   0: 0x80009054 (0xfd5e8a23) sb      s5, -44(t4)
core   0: 3 0x80009054 (0xfd5e8a23) mem 0x8001553e 0x94
core   0: 0x80009058 (0x0ff0000f) fence   iorw,iorw
core   0: 3 0x80009058 (0x0ff0000f)
core   0: 0x8000905c (0x032ed183) lhu     gp, 50(t4)
core   0: 3 0x8000905c (0x032ed183) x 3 0x00005657 mem 0x8001559c
core   0: 0x80009060 (0xf7aeab83) lw      s7, -134(t4)
core   0: 3 0x80009060 (0xf7aeab83) x23 0x9c9d9e9f mem 0x800154e4
core   0: 0x80009064 (0x32af7993) andi    s3, t5, 810
core   0: 3 0x80009064 (0x32af7993) x19 0x00000020
core   0: 0x80009068 (0x46cb4017) auipc   zero, 0x46cb4
core   0: 3 0x80009068 (0x46cb4017)
core   0: 0x8000906c (0x007768b3) or      a7, a4, t2
core   0: 3 0x8000906c (0x007768b3) x17 0x97193064
core   0: 0x80009070 (0x07fe8483) lb      s1, 127(t4)
core   0: 3 0x80009070 (0x07fe8483) x 9 0xffffffa2 mem 0x800155e9
core   0: 0x80009074 (0x009833b3) sltu    t2, a6, s1
core   0: 3 0x80009074 (0x009833b3) x 7 0x00000001
core   0: 0x80009078 (0x018b1893) slli    a7, s6, 24
core   0: 3 0x80009078 (0x018b1893) x17 0xe3000000
core   0: 0x8000907c (0x00a82f33) slt     t5, a6, a0
core   0: 3 0x8000907c (0x00a82f33) x30 0x00000000
core   0: 0x80009080 (0x0f4ede03) lhu     t3, 244(t4)
core   0: 3 0x80009080 (0x0f4ede03) x28 0x00001415 mem 0x8001565e
core   0: 0x80009084 (0xf6ae81a3) sb      a0, -157(t4)
core   0: 3 0x80009084 (0xf6ae81a3) mem 0x800154cd 0x1
core   0: 0x80009088 (0x01cba033) slt     zero, s7, t3
core   0: 3 0x80009088 (0x01cba033)
core   0: 0x8000908c (0x00895e33) srl     t3, s2, s0
core   0: 3 0x8000908c (0x00895e33) x28 0x0001ffff
core   0: 0x80009090 (0x007b8933) add     s2, s7, t2
core   0: 3 0x80009090 (0x007b8933) x18 0x9c9d9ea0
core   0: 0x80009094 (0xf29e9523) sh      s1, -214(t4)
core   0: 3 0x80009094 (0xf29e9523) mem 0x80015494 0xffa2
core   0: 0x80009098 (0xfbde8a03) lb      s4, -67(t4)
core   0: 3 0x80009098 (0xfbde8a03) x20 0x0000001e mem 0x80015527
core   0: 0x8000909c (0x6e44a437) lui     s0, 0x6e44a
core   0: 3 0x8000909c (0x6e44a437) x 8 0x6e44a000
core   0: 0x800090a0 (0xfdde8523) sb      t4, -54(t4)
core   0: 3 0x800090a0 (0xfdde8523) mem 0x80015534 0x6a
core   0: 0x800090a4 (0x00d5fdb3) and     s11, a1, a3
core   0: 3 0x800090a4 (0x00d5fdb3) x27 0x00000000
core   0: 0x800090a8 (0x00000013) nop
core   0: 3 0x800090a8 (0x00000013)
core   0: 0x800090ac (0x075e8f03) lb      t5, 117(t4)
core   0: 3 0x800090ac (0x075e8f03) x30 0x00000000 mem 0x800155df
core   0: 0x800090b0 (0x01438833) add     a6, t2, s4
core   0: 3 0x800090b0 (0x01438833) x16 0x0000001f
core   0: 0x800090b4 (0x00037533) and     a0, t1, zero
core   0: 3 0x800090b4 (0x00037533) x10 0x00000000
core   0: 0x800090b8 (0x063e8023) sb      gp, 96(t4)
core   0: 3 0x800090b8 (0x063e8023) mem 0x800155ca 0x57
core   0: 0x800090bc (0x069ec083) lbu     ra, 105(t4)
core   0: 3 0x800090bc (0x069ec083) x 1 0x00000088 mem 0x800155d3
core   0: 0x800090c0 (0xf03e9923) sh      gp, -238(t4)
core   0: 3 0x800090c0 (0xf03e9923) mem 0x8001547c 0x5657
core   0: 0x800090c4 (0x098e9003) lh      zero, 152(t4)
core   0: 3 0x800090c4 (0x098e9003) mem 0x80015602
core   0: 0x800090c8 (0x00e59033) sll     zero, a1, a4
core   0: 3 0x800090c8 (0x00e59033)
core   0: 0x800090cc (0xa866a693) slti    a3, a3, -1402
core   0: 3 0x800090cc (0xa866a693) x13 0x00000000
core   0: 0x800090d0 (0x01a51e13) slli    t3, a0, 26
core   0: 3 0x800090d0 (0x01a51e13) x28 0x00000000
core   0: 0x800090d4 (0xecb54913) xori    s2, a0, -309
core   0: 3 0x800090d4 (0xecb54913) x18 0xfffffecb
core   0: 0x800090d8 (0xf45e8083) lb      ra, -187(t4)
core   0: 3 0x800090d8 (0xf45e8083) x 1 0x00000064 mem 0x800154af
core   0: 0x800090dc (0x00014c97) auipc   s9, 0x14
core   0: 3 0x800090dc (0x00014c97) x25 0x8001d0dc
core   0: 0x800090e0 (0x817c8c93) addi    s9, s9, -2025
core   0: 3 0x800090e0 (0x817c8c93) x25 0x8001c8f3
core   0: 0x800090e4 (0xac9cc703) lbu     a4, -1335(s9)
core   0: 3 0x800090e4 (0xac9cc703) x14 0x00000077 mem 0x8001c3bc
core   0: 0x800090e8 (0x01d6f933) and     s2, a3, t4
core   0: 3 0x800090e8 (0x01d6f933) x18 0x00000000
core   0: 0x800090ec (0xac9c9503) lh      a0, -1335(s9)
core   0: 3 0x800090ec (0xac9c9503) x10 0x00007677 mem 0x8001c3bc
core   0: 0x800090f0 (0xac9cd183) lhu     gp, -1335(s9)
core   0: 3 0x800090f0 (0xac9cd183) x 3 0x00007677 mem 0x8001c3bc
core   0: 0x800090f4 (0xac9ca383) lw      t2, -1335(s9)
core   0: 3 0x800090f4 (0xac9ca383) x 7 0x74757677 mem 0x8001c3bc
core   0: 0x800090f8 (0xac9ca383) lw      t2, -1335(s9)
core   0: 3 0x800090f8 (0xac9ca383) x 7 0x74757677 mem 0x8001c3bc
core   0: 0x800090fc (0x00b39193) slli    gp, t2, 11
core   0: 3 0x800090fc (0x00b39193) x 3 0xabb3b800
core   0: 0x80009100 (0xac9cc403) lbu     s0, -1335(s9)
core   0: 3 0x80009100 (0xac9cc403) x 8 0x00000077 mem 0x8001c3bc
core   0: 0x80009104 (0x01fc1233) sll     tp, s8, t6
core   0: 3 0x80009104 (0x01fc1233) x 4 0x00000260
core   0: 0x80009108 (0xac9cae03) lw      t3, -1335(s9)
core   0: 3 0x80009108 (0xac9cae03) x28 0x74757677 mem 0x8001c3bc
core   0: 0x8000910c (0xfef33413) sltiu   s0, t1, -17
core   0: 3 0x8000910c (0xfef33413) x 8 0x00000001
core   0: 0x80009110 (0x175cad83) lw      s11, 373(s9)
core   0: 3 0x80009110 (0x175cad83) x27 0x61212223 mem 0x8001ca68
core   0: 0x80009114 (0xe11c9f03) lh      t5, -495(s9)
core   0: 3 0x80009114 (0xe11c9f03) x30 0xffffbebf mem 0x8001c704
core   0: 0x80009118 (0xe1eca8a3) sw      t5, -495(s9)
core   0: 3 0x80009118 (0xe1eca8a3) mem 0x8001c704 0xffffbebf
core   0: 0x8000911c (0x4000d0b3) sra     ra, ra, zero
core   0: 3 0x8000911c (0x4000d0b3) x 1 0x00000064
core   0: 0x80009120 (0x889cd783) lhu     a5, -1911(s9)
core   0: 3 0x80009120 (0x889cd783) x15 0x00003637 mem 0x8001c17c
core   0: 0x80009124 (0x41525093) srai    ra, tp, 21
core   0: 3 0x80009124 (0x41525093) x 1 0x00000000
core   0: 0x80009128 (0x89fc94a3) sh      t6, -1911(s9)
core   0: 3 0x80009128 (0x89fc94a3) mem 0x8001c17c 0x6465
core   0: 0x8000912c (0x0001b217) auipc   tp, 0x1b
core   0: 3 0x8000912c (0x0001b217) x 4 0x8002412c
core   0: 0x80009130 (0x91e20213) addi    tp, tp, -1762
core   0: 3 0x80009130 (0x91e20213) x 4 0x80023a4a
core   0: 0x80009134 (0x00011f97) auipc   t6, 0x11
core   0: 3 0x80009134 (0x00011f97) x31 0x8001a134
core   0: 0x80009138 (0xad8f8f93) addi    t6, t6, -1320
core   0: 3 0x80009138 (0xad8f8f93) x31 0x80019c0c
core   0: 0x8000913c (0x00821a23) sh      s0, 20(tp)
core   0: 3 0x8000913c (0x00821a23) mem 0x80023a5e 0x0001
core   0: 0x80009140 (0xfe3f8483) lb      s1, -29(t6)
core   0: 3 0x80009140 (0xfe3f8483) x 9 0xffffffa4 mem 0x80019bef
core   0: 0x80009144 (0x00010d97) auipc   s11, 0x10
core   0: 3 0x80009144 (0x00010d97) x27 0x80019144
core   0: 0x80009148 (0x77bd8d93) addi    s11, s11, 1915
core   0: 3 0x80009148 (0x77bd8d93) x27 0x800198bf
core   0: 0x8000914c (0xfecf85a3) sb      a2, -21(t6)
core   0: 3 0x8000914c (0xfecf85a3) mem 0x80019bf7 0x4
core   0: 0x80009150 (0xf50d8c03) lb      s8, -176(s11)
core   0: 3 0x80009150 (0xf50d8c03) x24 0xffffffc4 mem 0x8001980f
core   0: 0x80009154 (0xff4f9823) sh      s4, -16(t6)
core   0: 3 0x80009154 (0xff4f9823) mem 0x80019bfc 0x001e
core   0: 0x80009158 (0xf6c20703) lb      a4, -148(tp)
core   0: 3 0x80009158 (0xf6c20703) x14 0x0000006d mem 0x800239b6
core   0: 0x8000915c (0x0001de97) auipc   t4, 0x1d
core   0: 3 0x8000915c (0x0001de97) x29 0x8002615c
core   0: 0x80009160 (0xe2de8e93) addi    t4, t4, -467
core   0: 3 0x80009160 (0xe2de8e93) x29 0x80025f89
core   0: 0x80009164 (0x000e81a3) sb      zero, 3(t4)
core   0: 3 0x80009164 (0x000e81a3) mem 0x80025f8c 0x0
core   0: 0x80009168 (0xff9fc683) lbu     a3, -7(t6)
core   0: 3 0x80009168 (0xff9fc683) x13 0x000000be mem 0x80019c05
core   0: 0x8000916c (0x074d8723) sb      s4, 110(s11)
core   0: 3 0x8000916c (0x074d8723) mem 0x8001992d 0x1e
core   0: 0x80009170 (0xff3e8903) lb      s2, -13(t4)
core   0: 3 0x80009170 (0xff3e8903) x18 0x00000037 mem 0x80025f7c
core   0: 0x80009174 (0xff4f86a3) sb      s4, -19(t6)
core   0: 3 0x80009174 (0xff4f86a3) mem 0x80019bf9 0x1e
core   0: 0x80009178 (0x11ed82a3) sb      t5, 261(s11)
core   0: 3 0x80009178 (0x11ed82a3) mem 0x800199c4 0xbf
core   0: 0x8000917c (0xf03204a3) sb      gp, -247(tp)
core   0: 3 0x8000917c (0xf03204a3) mem 0x80023953 0x0
core   0: 0x80009180 (0xffce8b23) sb      t3, -10(t4)
core   0: 3 0x80009180 (0xffce8b23) mem 0x80025f7f 0x77
core   0: 0x80009184 (0xf6021803) lh      a6, -160(tp)
core   0: 3 0x80009184 (0xf6021803) x16 0x00006061 mem 0x800239aa
core   0: 0x80009188 (0x38fd87a3) sb      a5, 911(s11)
core   0: 3 0x80009188 (0x38fd87a3) mem 0x80019c4e 0x37
core   0: 0x8000918c (0xfeaf8283) lb      t0, -22(t6)
core   0: 3 0x8000918c (0xfeaf8283) x 5 0xffffffad mem 0x80019bf6
core   0: 0x80009190 (0x02bf8fa3) sb      a1, 63(t6)
core   0: 3 0x80009190 (0x02bf8fa3) mem 0x80019c4b 0x0
core   0: 0x80009194 (0x168dc703) lbu     a4, 360(s11)
core   0: 3 0x80009194 (0x168dc703) x14 0x000000dc mem 0x80019a27
core   0: 0x80009198 (0x6b0d8c03) lb      s8, 1712(s11)
core   0: 3 0x80009198 (0x6b0d8c03) x24 0x00000024 mem 0x80019f6f
core   0: 0x8000919c (0x06621183) lh      gp, 102(tp)
core   0: 3 0x8000919c (0x06621183) x 3 0x00006a6b mem 0x80023ab0
core   0: 0x800091a0 (0xf3b24983) lbu     s3, -197(tp)
core   0: 3 0x800091a0 (0xf3b24983) x19 0x0000003e mem 0x80023985
core   0: 0x800091a4 (0x008ec183) lbu     gp, 8(t4)
core   0: 3 0x800091a4 (0x008ec183) x 3 0x0000004a mem 0x80025f91
core   0: 0x800091a8 (0xbcbd9503) lh      a0, -1077(s11)
core   0: 3 0x800091a8 (0xbcbd9503) x10 0x00004041 mem 0x8001948a
core   0: 0x800091ac (0xfede89a3) sb      a3, -13(t4)
core   0: 3 0x800091ac (0xfede89a3) mem 0x80025f7c 0xbe
core   0: 0x800091b0 (0xfa120503) lb      a0, -95(tp)
core   0: 3 0x800091b0 (0xfa120503) x10 0xffffffa0 mem 0x800239eb
core   0: 0x800091b4 (0x2c4d8e03) lb      t3, 708(s11)
core   0: 3 0x800091b4 (0x2c4d8e03) x28 0x00000038 mem 0x80019b83
core   0: 0x800091b8 (0x933da2a3) sw      s3, -1755(s11)
core   0: 3 0x800091b8 (0x933da2a3) mem 0x800191e4 0x0000003e
core   0: 0x800091bc (0xfc622f03) lw      t5, -58(tp)
core   0: 3 0x800091bc (0xfc622f03) x30 0xc8c9cacb mem 0x80023a10
core   0: 0x800091c0 (0x027fc683) lbu     a3, 39(t6)
core   0: 3 0x800091c0 (0x027fc683) x13 0x000000e8 mem 0x80019c33
core   0: 0x800091c4 (0x03afca03) lbu     s4, 58(t6)
core   0: 3 0x800091c4 (0x03afca03) x20 0x000000fd mem 0x80019c46
core   0: 0x800091c8 (0x0000cd97) auipc   s11, 0xc
core   0: 3 0x800091c8 (0x0000cd97) x27 0x800151c8
core   0: 0x800091cc (0xeecd8d93) addi    s11, s11, -276
core   0: 3 0x800091cc (0xeecd8d93) x27 0x800150b4
core   0: 0x800091d0 (0x057d8403) lb      s0, 87(s11)
core   0: 3 0x800091d0 (0x057d8403) x 8 0xffffffc0 mem 0x8001510b
core   0: 0x800091d4 (0x0aedcc03) lbu     s8, 174(s11)
core   0: 3 0x800091d4 (0x0aedcc03) x24 0x0000007c mem 0x80015162
core   0: 0x800091d8 (0x6e2d88a3) sb      sp, 1777(s11)
core   0: 3 0x800091d8 (0x6e2d88a3) mem 0x800157a5 0xe4
core   0: 0x800091dc (0x0000c097) auipc   ra, 0xc
core   0: 3 0x800091dc (0x0000c097) x 1 0x800151dc
core   0: 0x800091e0 (0xeb008093) addi    ra, ra, -336
core   0: 3 0x800091e0 (0xeb008093) x 1 0x8001508c
core   0: 0x800091e4 (0x0000db17) auipc   s6, 0xd
core   0: 3 0x800091e4 (0x0000db17) x22 0x800161e4
core   0: 0x800091e8 (0xa0bb0b13) addi    s6, s6, -1525
core   0: 3 0x800091e8 (0xa0bb0b13) x22 0x80015bef
core   0: 0x800091ec (0x00a09683) lh      a3, 10(ra)
core   0: 3 0x800091ec (0x00a09683) x13 0x00004c4d mem 0x80015096
core   0: 0x800091f0 (0xc1bb0da3) sb      s11, -997(s6)
core   0: 3 0x800091f0 (0xc1bb0da3) mem 0x8001580a 0xb4
core   0: 0x800091f4 (0xc31b0f83) lb      t6, -975(s6)
core   0: 3 0x800091f4 (0xc31b0f83) x31 0xffffffdb mem 0x80015820
core   0: 0x800091f8 (0x3d8d9d23) sh      s8, 986(s11)
core   0: 3 0x800091f8 (0x3d8d9d23) mem 0x8001548e 0x007c
core   0: 0x800091fc (0x43adc683) lbu     a3, 1082(s11)
core   0: 3 0x800091fc (0x43adc683) x13 0x00000004 mem 0x800154ee
core   0: 0x80009200 (0xf96b0283) lb      t0, -106(s6)
core   0: 3 0x80009200 (0xf96b0283) x 5 0x0000003e mem 0x80015b85
core   0: 0x80009204 (0x446d8aa3) sb      t1, 1109(s11)
core   0: 3 0x80009204 (0x446d8aa3) mem 0x80015509 0x0
core   0: 0x80009208 (0xfe309b23) sh      gp, -10(ra)
core   0: 3 0x80009208 (0xfe309b23) mem 0x80015082 0x004a
core   0: 0x8000920c (0x0000d797) auipc   a5, 0xd
core   0: 3 0x8000920c (0x0000d797) x15 0x8001620c
core   0: 0x80009210 (0xdca78793) addi    a5, a5, -566
core   0: 3 0x80009210 (0xdca78793) x15 0x80015fd6
core   0: 0x80009214 (0x81778683) lb      a3, -2025(a5)
core   0: 3 0x80009214 (0x81778683) x13 0xffffffa6 mem 0x800157ed
core   0: 0x80009218 (0xa55b2b83) lw      s7, -1451(s6)
core   0: 3 0x80009218 (0xa55b2b83) x23 0xfcfdfeff mem 0x80015644
core   0: 0x8000921c (0x8d679d03) lh      s10, -1834(a5)
core   0: 3 0x8000921c (0x8d679d03) x26 0x00006667 mem 0x800158ac
core   0: 0x80009220 (0x364d8903) lb      s2, 868(s11)
core   0: 3 0x80009220 (0x364d8903) x18 0xffffffd3 mem 0x80015418
core   0: 0x80009224 (0xbce7a983) lw      s3, -1074(a5)
core   0: 3 0x80009224 (0xbce7a983) x19 0x405d5e5f mem 0x80015ba4
core   0: 0x80009228 (0x03e08d23) sb      t5, 58(ra)
core   0: 3 0x80009228 (0x03e08d23) mem 0x800150c6 0xcb
core   0: 0x8000922c (0xf617c303) lbu     t1, -159(a5)
core   0: 3 0x8000922c (0xf617c303) x 6 0x000000ec mem 0x80015f37
core   0: 0x80009230 (0x2acb4003) lbu     zero, 684(s6)
core   0: 3 0x80009230 (0x2acb4003) mem 0x80015e9b
core   0: 0x80009234 (0x355d8a83) lb      s5, 853(s11)
core   0: 3 0x80009234 (0x355d8a83) x21 0xffffffc2 mem 0x80015409
core   0: 0x80009238 (0x09bb5003) lhu     zero, 155(s6)
core   0: 3 0x80009238 (0x09bb5003) mem 0x80015c8a
core   0: 0x8000923c (0x81bb4383) lbu     t2, -2021(s6)
core   0: 3 0x8000923c (0x81bb4383) x 7 0x00000077 mem 0x8001540a
core   0: 0x80009240 (0x9e878da3) sb      s0, -1541(a5)
core   0: 3 0x80009240 (0x9e878da3) mem 0x800159d1 0xc0
core   0: 0x80009244 (0x99e79383) lh      t2, -1634(a5)
core   0: 3 0x80009244 (0x99e79383) x 7 0x00002e2f mem 0x80015974
core   0: 0x80009248 (0x03a0db83) lhu     s7, 58(ra)
core   0: 3 0x80009248 (0x03a0db83) x23 0x00007ccb mem 0x800150c6
core   0: 0x8000924c (0x2f7d8203) lb      tp, 759(s11)
core   0: 3 0x8000924c (0x2f7d8203) x 4 0x00000060 mem 0x800153ab
core   0: 0x80009250 (0xfdc0a883) lw      a7, -36(ra)
core   0: 3 0x80009250 (0xfdc0a883) x17 0x20212223 mem 0x80015068
core   0: 0x80009254 (0x0000c517) auipc   a0, 0xc
core   0: 3 0x80009254 (0x0000c517) x10 0x80015254
core   0: 0x80009258 (0x79c50513) addi    a0, a0, 1948
core   0: 3 0x80009258 (0x79c50513) x10 0x800159f0
core   0: 0x8000925c (0x90a54283) lbu     t0, -1782(a0)
core   0: 3 0x8000925c (0x90a54283) x 5 0x000000b1 mem 0x800152fa
core   0: 0x80009260 (0xa0b51023) sh      a1, -1536(a0)
core   0: 3 0x80009260 (0xa0b51023) mem 0x800153f0 0x0000
core   0: 0x80009264 (0x4082d933) sra     s2, t0, s0
core   0: 3 0x80009264 (0x4082d933) x18 0x000000b1
core   0: 0x80009268 (0x51d50683) lb      a3, 1309(a0)
core   0: 3 0x80009268 (0x51d50683) x13 0xffffffff mem 0x80015f0d
core   0: 0x8000926c (0xedd507a3) sb      t4, -305(a0)
core   0: 3 0x8000926c (0xedd507a3) mem 0x800158bf 0x89
core   0: 0x80009270 (0x00554e83) lbu     t4, 5(a0)
core   0: 3 0x80009270 (0x00554e83) x29 0x00000000 mem 0x800159f5
core   0: 0x80009274 (0x85c54183) lbu     gp, -1956(a0)
core   0: 3 0x80009274 (0x85c54183) x 3 0x00000007 mem 0x8001524c
core   0: 0x80009278 (0x26850183) lb      gp, 616(a0)
core   0: 3 0x80009278 (0x26850183) x 3 0x00000013 mem 0x80015c58
core   0: 0x8000927c (0xea954203) lbu     tp, -343(a0)
core   0: 3 0x8000927c (0xea954203) x 4 0x00000052 mem 0x80015899
core   0: 0x80009280 (0xea0504a3) sb      zero, -343(a0)
core   0: 3 0x80009280 (0xea0504a3) mem 0x80015899 0x0
core   0: 0x80009284 (0x0000100f) fence.i
core   0: 3 0x80009284 (0x0000100f)
core   0: 0x80009288 (0x011871b3) and     gp, a6, a7
core   0: 3 0x80009288 (0x011871b3) x 3 0x00002021
core   0: 0x8000928c (0xcbf1f793) andi    a5, gp, -833
core   0: 3 0x8000928c (0xcbf1f793) x15 0x00002021
core   0: 0x80009290 (0xcdb54d83) lbu     s11, -805(a0)
core   0: 3 0x80009290 (0xcdb54d83) x27 0x00000080 mem 0x800156cb
core   0: 0x80009294 (0x42154e83) lbu     t4, 1057(a0)
core   0: 3 0x80009294 (0x42154e83) x29 0x000000ca mem 0x80015e11
core   0: 0x80009298 (0x42150903) lb      s2, 1057(a0)
core   0: 3 0x80009298 (0x42150903) x18 0xffffffca mem 0x80015e11
core   0: 0x8000929c (0x9b2505a3) sb      s2, -1621(a0)
core   0: 3 0x8000929c (0x9b2505a3) mem 0x8001539b 0xca
core   0: 0x800092a0 (0x0000c417) auipc   s0, 0xc
core   0: 3 0x800092a0 (0x0000c417) x 8 0x800152a0
core   0: 0x800092a4 (0x7a640413) addi    s0, s0, 1958
core   0: 3 0x800092a4 (0x7a640413) x 8 0x80015a46
core   0: 0x800092a8 (0x00a45203) lhu     tp, 10(s0)
core   0: 3 0x800092a8 (0x00a45203) x 4 0x00000a0b mem 0x80015a50
core   0: 0x800092ac (0x00544203) lbu     tp, 5(s0)
core   0: 3 0x800092ac (0x00544203) x 4 0x00000000 mem 0x80015a4b
core   0: 0x800092b0 (0xbc9eb493) sltiu   s1, t4, -1079
core   0: 3 0x800092b0 (0xbc9eb493) x 9 0x00000001
core   0: 0x800092b4 (0x00142123) sw      ra, 2(s0)
core   0: 3 0x800092b4 (0x00142123) mem 0x80015a48 0x8001508c
core   0: 0x800092b8 (0x00440303) lb      t1, 4(s0)
core   0: 3 0x800092b8 (0x00440303) x 6 0x00000001 mem 0x80015a4a
core   0: 0x800092bc (0x00d40e83) lb      t4, 13(s0)
core   0: 3 0x800092bc (0x00d40e83) x29 0x00000008 mem 0x80015a53
core   0: 0x800092c0 (0x00144283) lbu     t0, 1(s0)
core   0: 3 0x800092c0 (0x00144283) x 5 0x000000fc mem 0x80015a47
core   0: 0x800092c4 (0xff940503) lb      a0, -7(s0)
core   0: 3 0x800092c4 (0xff940503) x10 0xfffffff4 mem 0x80015a3f
core   0: 0x800092c8 (0x00644183) lbu     gp, 6(s0)
core   0: 3 0x800092c8 (0x00644183) x 3 0x00000007 mem 0x80015a4c
core   0: 0x800092cc (0x00241023) sh      sp, 0(s0)
core   0: 3 0x800092cc (0x00241023) mem 0x80015a46 0xece4
core   0: 0x800092d0 (0xff940283) lb      t0, -7(s0)
core   0: 3 0x800092d0 (0xff940283) x 5 0xfffffff4 mem 0x80015a3f
core   0: 0x800092d4 (0xffe40ea3) sb      t5, -3(s0)
core   0: 3 0x800092d4 (0xffe40ea3) mem 0x80015a43 0xcb
core   0: 0x800092d8 (0x01783bb3) sltu    s7, a6, s7
core   0: 3 0x800092d8 (0x01783bb3) x23 0x00000001
core   0: 0x800092dc (0xff045703) lhu     a4, -16(s0)
core   0: 3 0x800092dc (0xff045703) x14 0x0000eced mem 0x80015a36
core   0: 0x800092e0 (0x93f37c93) andi    s9, t1, -1729
core   0: 3 0x800092e0 (0x93f37c93) x25 0x00000001
core   0: 0x800092e4 (0xfe540da3) sb      t0, -5(s0)
core   0: 3 0x800092e4 (0xfe540da3) mem 0x80015a41 0xf4
core   0: 0x800092e8 (0x81f1c193) xori    gp, gp, -2017
core   0: 3 0x800092e8 (0x81f1c193) x 3 0xfffff818
core   0: 0x800092ec (0x403c0933) sub     s2, s8, gp
core   0: 3 0x800092ec (0x403c0933) x18 0x00000864
core   0: 0x800092f0 (0xffe40a03) lb      s4, -2(s0)
core   0: 3 0x800092f0 (0xffe40a03) x20 0xffffffff mem 0x80015a44
core   0: 0x800092f4 (0x0000c897) auipc   a7, 0xc
core   0: 3 0x800092f4 (0x0000c897) x17 0x800152f4
core   0: 0x800092f8 (0x05088893) addi    a7, a7, 80
core   0: 3 0x800092f8 (0x05088893) x17 0x80015344
core   0: 0x800092fc (0x00388b03) lb      s6, 3(a7)
core   0: 3 0x800092fc (0x00388b03) x22 0xfffffffc mem 0x80015347
core   0: 0x80009300 (0x0038cc83) lbu     s9, 3(a7)
core   0: 3 0x80009300 (0x0038cc83) x25 0x000000fc mem 0x80015347
core   0: 0x80009304 (0x0038c303) lbu     t1, 3(a7)
core   0: 3 0x80009304 (0x0038c303) x 6 0x000000fc mem 0x80015347
core   0: 0x80009308 (0x0048db03) lhu     s6, 4(a7)
core   0: 3 0x80009308 (0x0048db03) x22 0x00000203 mem 0x80015348
core   0: 0x8000930c (0x0048d083) lhu     ra, 4(a7)
core   0: 3 0x8000930c (0x0048d083) x 1 0x00000203 mem 0x80015348
core   0: 0x80009310 (0x00988283) lb      t0, 9(a7)
core   0: 3 0x80009310 (0x00988283) x 5 0x00000006 mem 0x8001534d
core   0: 0x80009314 (0x0098cd83) lbu     s11, 9(a7)
core   0: 3 0x80009314 (0x0098cd83) x27 0x00000006 mem 0x8001534d
core   0: 0x80009318 (0x00289983) lh      s3, 2(a7)
core   0: 3 0x80009318 (0x00289983) x19 0xfffffcfd mem 0x80015346
core   0: 0x8000931c (0x01d88123) sb      t4, 2(a7)
core   0: 3 0x8000931c (0x01d88123) mem 0x80015346 0x8
core   0: 0x80009320 (0x0028c483) lbu     s1, 2(a7)
core   0: 3 0x80009320 (0x0028c483) x 9 0x00000008 mem 0x80015346
core   0: 0x80009324 (0xffb88aa3) sb      s11, -11(a7)
core   0: 3 0x80009324 (0xffb88aa3) mem 0x80015339 0x6
core   0: 0x80009328 (0x00e8ce83) lbu     t4, 14(a7)
core   0: 3 0x80009328 (0x00e8ce83) x29 0x00000058 mem 0x80015352
core   0: 0x8000932c (0xff28dc03) lhu     s8, -14(a7)
core   0: 3 0x8000932c (0xff28dc03) x24 0x0000eced mem 0x80015336
core   0: 0x80009330 (0x0058ce83) lbu     t4, 5(a7)
core   0: 3 0x80009330 (0x0058ce83) x29 0x00000002 mem 0x80015349
core   0: 0x80009334 (0x5e70ff37) lui     t5, 0x5e70f
core   0: 3 0x80009334 (0x5e70ff37) x30 0x5e70f000
core   0: 0x80009338 (0x0058ce03) lbu     t3, 5(a7)
core   0: 3 0x80009338 (0x0058ce03) x28 0x00000002 mem 0x80015349
core   0: 0x8000933c (0x001885a3) sb      ra, 11(a7)
core   0: 3 0x8000933c (0x001885a3) mem 0x8001534f 0x3
core   0: 0x80009340 (0x013887a3) sb      s3, 15(a7)
core   0: 3 0x80009340 (0x013887a3) mem 0x80015353 0xfd
core   0: 0x80009344 (0xff98cb03) lbu     s6, -7(a7)
core   0: 3 0x80009344 (0xff98cb03) x22 0x000000f6 mem 0x8001533d
core   0: 0x80009348 (0x0000cb97) auipc   s7, 0xc
core   0: 3 0x80009348 (0x0000cb97) x23 0x80015348
core   0: 0x8000934c (0x4d3b8b93) addi    s7, s7, 1235
core   0: 3 0x8000934c (0x4d3b8b93) x23 0x8001581b
core   0: 0x80009350 (0x07abc483) lbu     s1, 122(s7)
core   0: 3 0x80009350 (0x07abc483) x 9 0x0000004e mem 0x80015895
core   0: 0x80009354 (0x0ff0000f) fence   iorw,iorw
core   0: 3 0x80009354 (0x0ff0000f)
core   0: 0x80009358 (0x00968233) add     tp, a3, s1
core   0: 3 0x80009358 (0x00968233) x 4 0x0000004d
core   0: 0x8000935c (0xf31b9d03) lh      s10, -207(s7)
core   0: 3 0x8000935c (0xf31b9d03) x26 0x00000607 mem 0x8001574c
core   0: 0x80009360 (0x019f3db3) sltu    s11, t5, s9
core   0: 3 0x80009360 (0x019f3db3) x27 0x00000000
core   0: 0x80009364 (0xc1af6513) ori     a0, t5, -998
core   0: 3 0x80009364 (0xc1af6513) x10 0xfffffc1a
core   0: 0x80009368 (0x92200797) auipc   a5, 0x92200
core   0: 3 0x80009368 (0x92200797) x15 0x12209368
core   0: 0x8000936c (0x0a3b9403) lh      s0, 163(s7)
core   0: 3 0x8000936c (0x0a3b9403) x 8 0xffff8975 mem 0x800158be
core   0: 0x80009370 (0x055baf83) lw      t6, 85(s7)
core   0: 3 0x80009370 (0x055baf83) x31 0x28292a2b mem 0x80015870
core   0: 0x80009374 (0xf7db9003) lh      zero, -131(s7)
core   0: 3 0x80009374 (0xf7db9003) mem 0x80015798
core   0: 0x80009378 (0x066b8323) sb      t1, 102(s7)
core   0: 3 0x80009378 (0x066b8323) mem 0x80015881 0xfc
core   0: 0x8000937c (0x066b8903) lb      s2, 102(s7)
core   0: 3 0x8000937c (0x066b8903) x18 0xfffffffc mem 0x80015881
core   0: 0x80009380 (0xfb6b9fa3) sh      s6, -65(s7)
core   0: 3 0x80009380 (0xfb6b9fa3) mem 0x800157da 0x00f6
core   0: 0x80009384 (0x0061c7b3) xor     a5, gp, t1
core   0: 3 0x80009384 (0x0061c7b3) x15 0xfffff8e4
core   0: 0x80009388 (0x085ba0a3) sw      t0, 129(s7)
core   0: 3 0x80009388 (0x085ba0a3) mem 0x8001589c 0x00000006
core   0: 0x8000938c (0xfc1b8383) lb      t2, -63(s7)
core   0: 3 0x8000938c (0xfc1b8383) x 7 0xffffff97 mem 0x800157dc
core   0: 0x80009390 (0x0e8b8803) lb      a6, 232(s7)
core   0: 3 0x80009390 (0x0e8b8803) x16 0x00000000 mem 0x80015903
core   0: 0x80009394 (0xf05b80a3) sb      t0, -255(s7)
core   0: 3 0x80009394 (0xf05b80a3) mem 0x8001571c 0x6
core   0: 0x80009398 (0x0000ee97) auipc   t4, 0xe
core   0: 3 0x80009398 (0x0000ee97) x29 0x80017398
core   0: 0x8000939c (0x99ee8e93) addi    t4, t4, -1634
core   0: 3 0x8000939c (0x99ee8e93) x29 0x80016d36
core   0: 0x800093a0 (0x0001b397) auipc   t2, 0x1b
core   0: 3 0x800093a0 (0x0001b397) x 7 0x800243a0
core   0: 0x800093a4 (0xb8e38393) addi    t2, t2, -1138
core   0: 3 0x800093a4 (0xb8e38393) x 7 0x80023f2e
core   0: 0x800093a8 (0x0000fb17) auipc   s6, 0xf
core   0: 3 0x800093a8 (0x0000fb17) x22 0x800183a8
core   0: 0x800093ac (0x2a2b0b13) addi    s6, s6, 674
core   0: 3 0x800093ac (0x2a2b0b13) x22 0x8001864a
core   0: 0x800093b0 (0x00c3d303) lhu     t1, 12(t2)
core   0: 3 0x800093b0 (0x00c3d303) x 6 0x0000f0f1 mem 0x80023f3a
core   0: 0x800093b4 (0x7f8b5783) lhu     a5, 2040(s6)
core   0: 3 0x800093b4 (0x7f8b5783) x15 0x0000f8f9 mem 0x80018e42
core   0: 0x800093b8 (0x4ccb4983) lbu     s3, 1228(s6)
core   0: 3 0x800093b8 (0x4ccb4983) x19 0x000000cd mem 0x80018b16
core   0: 0x800093bc (0x011ece03) lbu     t3, 17(t4)
core   0: 3 0x800093bc (0x011ece03) x28 0x000000fc mem 0x80016d47
core   0: 0x800093c0 (0x0033cf83) lbu     t6, 3(t2)
core   0: 3 0x800093c0 (0x0033cf83) x31 0x000000ea mem 0x80023f31
core   0: 0x800093c4 (0x0001ca97) auipc   s5, 0x1c
core   0: 3 0x800093c4 (0x0001ca97) x21 0x800253c4
core   0: 0x800093c8 (0x257a8a93) addi    s5, s5, 599
core   0: 3 0x800093c8 (0x257a8a93) x21 0x8002561b
core   0: 0x800093cc (0xff438ba3) sb      s4, -9(t2)
core   0: 3 0x800093cc (0xff438ba3) mem 0x80023f25 0xff
core   0: 0x800093d0 (0x0f2e8303) lb      t1, 242(t4)
core   0: 3 0x800093d0 (0x0f2e8303) x 6 0xffffffe3 mem 0x80016e28
core   0: 0x800093d4 (0xf3fe8703) lb      a4, -193(t4)
core   0: 3 0x800093d4 (0xf3fe8703) x14 0x0000002e mem 0x80016c75
core   0: 0x800093d8 (0x0ddaa283) lw      t0, 221(s5)
core   0: 3 0x800093d8 (0x0ddaa283) x 5 0xb0b1b2b3 mem 0x800256f8
core   0: 0x800093dc (0x00239083) lh      ra, 2(t2)
core   0: 3 0x800093dc (0x00239083) x 1 0xffffeaeb mem 0x80023f30
core   0: 0x800093e0 (0xff23d203) lhu     tp, -14(t2)
core   0: 3 0x800093e0 (0xff23d203) x 4 0x0000dadb mem 0x80023f20
core   0: 0x800093e4 (0x048b1983) lh      s3, 72(s6)
core   0: 3 0x800093e4 (0x048b1983) x19 0x00004849 mem 0x80018692
core   0: 0x800093e8 (0x00eac503) lbu     a0, 14(s5)
core   0: 3 0x800093e8 (0x00eac503) x10 0x000000e2 mem 0x80025629
core   0: 0x800093ec (0x0093cd83) lbu     s11, 9(t2)
core   0: 3 0x800093ec (0x0093cd83) x27 0x000000ec mem 0x80023f37
core   0: 0x800093f0 (0x00538a03) lb      s4, 5(t2)
core   0: 3 0x800093f0 (0x00538a03) x20 0xffffffe8 mem 0x80023f33
core   0: 0x800093f4 (0x00fa9483) lh      s1, 15(s5)
core   0: 3 0x800093f4 (0x00fa9483) x 9 0xffffe0e1 mem 0x8002562a
core   0: 0x800093f8 (0x02be8c83) lb      s9, 43(t4)
core   0: 3 0x800093f8 (0x02be8c83) x25 0x0000001a mem 0x80016d61
core   0: 0x800093fc (0xf94e85a3) sb      s4, -117(t4)
core   0: 3 0x800093fc (0xf94e85a3) mem 0x80016cc1 0xe8
core   0: 0x80009400 (0xff6acc03) lbu     s8, -10(s5)
core   0: 3 0x80009400 (0xff6acc03) x24 0x000000ca mem 0x80025611
core   0: 0x80009404 (0x8a1b0683) lb      a3, -1887(s6)
core   0: 3 0x80009404 (0x8a1b0683) x13 0xffffffa0 mem 0x80017eeb
core   0: 0x80009408 (0xffc3dd03) lhu     s10, -4(t2)
core   0: 3 0x80009408 (0xffc3dd03) x26 0x0000e0e1 mem 0x80023f2a
core   0: 0x8000940c (0xf19e9d23) sh      s9, -230(t4)
core   0: 3 0x8000940c (0xf19e9d23) mem 0x80016c50 0x001a
core   0: 0x80009410 (0x020e9923) sh      zero, 50(t4)
core   0: 3 0x80009410 (0x020e9923) mem 0x80016d68 0x0000
core   0: 0x80009414 (0x64fb4c83) lbu     s9, 1615(s6)
core   0: 3 0x80009414 (0x64fb4c83) x25 0x00000052 mem 0x80018c99
core   0: 0x80009418 (0xff839283) lh      t0, -8(t2)
core   0: 3 0x80009418 (0xff839283) x 5 0xffffdcdd mem 0x80023f26
core   0: 0x8000941c (0xc3cb4783) lbu     a5, -964(s6)
core   0: 3 0x8000941c (0xc3cb4783) x15 0x0000003d mem 0x80018286
core   0: 0x80009420 (0xf0ee9d83) lh      s11, -242(t4)
core   0: 3 0x80009420 (0xf0ee9d83) x27 0xfffffeff mem 0x80016c44
core   0: 0x80009424 (0x077a99a3) sh      s7, 115(s5)
core   0: 3 0x80009424 (0x077a99a3) mem 0x8002568e 0x581b
core   0: 0x80009428 (0x044e85a3) sb      tp, 75(t4)
core   0: 3 0x80009428 (0x044e85a3) mem 0x80016d81 0xdb
core   0: 0x8000942c (0x7c9b4d83) lbu     s11, 1993(s6)
core   0: 3 0x8000942c (0x7c9b4d83) x27 0x000000c8 mem 0x80018e13
core   0: 0x80009430 (0x0000c717) auipc   a4, 0xc
core   0: 3 0x80009430 (0x0000c717) x14 0x80015430
core   0: 0x80009434 (0x4d870713) addi    a4, a4, 1240
core   0: 3 0x80009434 (0x4d870713) x14 0x80015908
core   0: 0x80009438 (0x01826433) or      s0, tp, s8
core   0: 3 0x80009438 (0x01826433) x 8 0x0000dadb
core   0: 0x8000943c (0x01871523) sh      s8, 10(a4)
core   0: 3 0x8000943c (0x01871523) mem 0x80015912 0x00ca
core   0: 0x80009440 (0xa5baa793) slti    a5, s5, -1445
core   0: 3 0x80009440 (0xa5baa793) x15 0x00000001
core   0: 0x80009444 (0xfd875f03) lhu     t5, -40(a4)
core   0: 3 0x80009444 (0xfd875f03) x30 0x00009a9b mem 0x800158e0
core   0: 0x80009448 (0x02a75e03) lhu     t3, 42(a4)
core   0: 3 0x80009448 (0x02a75e03) x28 0x0000e8de mem 0x80015932
core   0: 0x8000944c (0x007ed793) srli    a5, t4, 7
core   0: 3 0x8000944c (0x007ed793) x15 0x010002da
core   0: 0x80009450 (0xbbed4f13) xori    t5, s10, -1090
core   0: 3 0x80009450 (0xbbed4f13) x30 0xffff1b5f
core   0: 0x80009454 (0x02074283) lbu     t0, 32(a4)
core   0: 3 0x80009454 (0x02074283) x 5 0x000000e3 mem 0x80015928
core   0: 0x80009458 (0x6bba6313) ori     t1, s4, 1723
core   0: 3 0x80009458 (0x6bba6313) x 6 0xfffffffb
core   0: 0x8000945c (0xfdf74d03) lbu     s10, -33(a4)
core   0: 3 0x8000945c (0xfdf74d03) x26 0x0000009c mem 0x800158e7
core   0: 0x80009460 (0x000a1213) slli    tp, s4, 0
core   0: 3 0x80009460 (0x000a1213) x 4 0xffffffe8
core   0: 0x80009464 (0x010c6233) or      tp, s8, a6
core   0: 3 0x80009464 (0x010c6233) x 4 0x000000ca
core   0: 0x80009468 (0x02b72c23) sw      a1, 56(a4)
core   0: 3 0x80009468 (0x02b72c23) mem 0x80015940 0x80000000
core   0: 0x8000946c (0x010acab3) xor     s5, s5, a6
core   0: 3 0x8000946c (0x010acab3) x21 0x8002561b
core   0: 0x80009470 (0x006e1413) slli    s0, t3, 6
core   0: 3 0x80009470 (0x006e1413) x 8 0x003a3780
core   0: 0x80009474 (0x4ad8a693) slti    a3, a7, 1197
core   0: 3 0x80009474 (0x4ad8a693) x13 0x00000001
core   0: 0x80009478 (0xfda75503) lhu     a0, -38(a4)
core   0: 3 0x80009478 (0xfda75503) x10 0x00009899 mem 0x800158e2
core   0: 0x8000947c (0xfdf74e83) lbu     t4, -33(a4)
core   0: 3 0x8000947c (0xfdf74e83) x29 0x0000009c mem 0x800158e7
core   0: 0x80009480 (0x002705a3) sb      sp, 11(a4)
core   0: 3 0x80009480 (0x002705a3) mem 0x80015913 0xe4
core   0: 0x80009484 (0x00470083) lb      ra, 4(a4)
core   0: 3 0x80009484 (0x00470083) x 1 0xffffffc7 mem 0x8001590c
core   0: 0x80009488 (0xfc574c03) lbu     s8, -59(a4)
core   0: 3 0x80009488 (0xfc574c03) x24 0x00000086 mem 0x800158cd
core   0: 0x8000948c (0x02c71423) sh      a2, 40(a4)
core   0: 3 0x8000948c (0x02c71423) mem 0x80015930 0xae04
core   0: 0x80009490 (0x79302213) slti    tp, zero, 1939
core   0: 3 0x80009490 (0x79302213) x 4 0x00000001
core   0: 0x80009494 (0x01c89833) sll     a6, a7, t3
core   0: 3 0x80009494 (0x01c89833) x16 0x00000000
core   0: 0x80009498 (0x3aa33893) sltiu   a7, t1, 938
core   0: 3 0x80009498 (0x3aa33893) x17 0x00000000
core   0: 0x8000949c (0xfe170b83) lb      s7, -31(a4)
core   0: 3 0x8000949c (0xfe170b83) x23 0xffffffa2 mem 0x800158e9
core   0: 0x800094a0 (0x03c74c03) lbu     s8, 60(a4)
core   0: 3 0x800094a0 (0x03c74c03) x24 0x000000ff mem 0x80015944
core   0: 0x800094a4 (0xfd174903) lbu     s2, -47(a4)
core   0: 3 0x800094a4 (0xfd174903) x18 0x000000ec mem 0x800158d9
core   0: 0x800094a8 (0x00174003) lbu     zero, 1(a4)
core   0: 3 0x800094a8 (0x00174003) mem 0x80015909
core   0: 0x800094ac (0x404ad1b3) sra     gp, s5, tp
core   0: 3 0x800094ac (0x404ad1b3) x 3 0xc0012b0d
core   0: 0x800094b0 (0x0000e8b3) or      a7, ra, zero
core   0: 3 0x800094b0 (0x0000e8b3) x17 0xffffffc7
core   0: 0x800094b4 (0x0000100f) fence.i
core   0: 3 0x800094b4 (0x0000100f)
core   0: 0x800094b8 (0x008064b3) or      s1, zero, s0
core   0: 3 0x800094b8 (0x008064b3) x 9 0x003a3780
core   0: 0x800094bc (0x014c9993) slli    s3, s9, 20
core   0: 3 0x800094bc (0x014c9993) x19 0x05200000
core   0: 0x800094c0 (0xfcd70083) lb      ra, -51(a4)
core   0: 3 0x800094c0 (0xfcd70083) x 1 0xffffff8e mem 0x800158d5
core   0: 0x800094c4 (0x01fe3a33) sltu    s4, t3, t6
core   0: 3 0x800094c4 (0x01fe3a33) x20 0x00000000
core   0: 0x800094c8 (0x839ee097) auipc   ra, 0x839ee
core   0: 3 0x800094c8 (0x839ee097) x 1 0x039f74c8
core   0: 0x800094cc (0x019eef33) or      t5, t4, s9
core   0: 3 0x800094cc (0x019eef33) x30 0x000000de
core   0: 0x800094d0 (0x00b39813) slli    a6, t2, 11
core   0: 3 0x800094d0 (0x00b39813) x16 0x11f97000
core   0: 0x800094d4 (0xad438037) lui     zero, 0xad438
core   0: 3 0x800094d4 (0xad438037)
core   0: 0x800094d8 (0x03e71d23) sh      t5, 58(a4)
core   0: 3 0x800094d8 (0x03e71d23) mem 0x80015942 0x00de
core   0: 0x800094dc (0x01d71923) sh      t4, 18(a4)
core   0: 3 0x800094dc (0x01d71923) mem 0x8001591a 0x009c
core   0: 0x800094e0 (0x40ec03b3) sub     t2, s8, a4
core   0: 3 0x800094e0 (0x40ec03b3) x 7 0x7ffea7f7
core   0: 0x800094e4 (0x010926b3) slt     a3, s2, a6
core   0: 3 0x800094e4 (0x010926b3) x13 0x00000001
core   0: 0x800094e8 (0x017036b3) snez    a3, s7
core   0: 3 0x800094e8 (0x017036b3) x13 0x00000001
core   0: 0x800094ec (0x0102e233) or      tp, t0, a6
core   0: 3 0x800094ec (0x0102e233) x 4 0x11f970e3
core   0: 0x800094f0 (0x0a8007b7) lui     a5, 0xa800
core   0: 3 0x800094f0 (0x0a8007b7) x15 0x0a800000
core   0: 0x800094f4 (0x60806f93) ori     t6, zero, 1544
core   0: 3 0x800094f4 (0x60806f93) x31 0x00000608
core   0: 0x800094f8 (0x01370da3) sb      s3, 27(a4)
core   0: 3 0x800094f8 (0x01370da3) mem 0x80015923 0x0
core   0: 0x800094fc (0xfc671b83) lh      s7, -58(a4)
core   0: 3 0x800094fc (0xfc671b83) x23 0xffff8485 mem 0x800158ce
core   0: 0x80009500 (0x0000c917) auipc   s2, 0xc
core   0: 3 0x80009500 (0x0000c917) x18 0x80015500
core   0: 0x80009504 (0x0d090913) addi    s2, s2, 208
core   0: 3 0x80009504 (0x0d090913) x18 0x800155d0
core   0: 0x80009508 (0x01b3be33) sltu    t3, t2, s11
core   0: 3 0x80009508 (0x01b3be33) x28 0x00000000
core   0: 0x8000950c (0xffe94003) lbu     zero, -2(s2)
core   0: 3 0x8000950c (0xffe94003) mem 0x800155ce
core   0: 0x80009510 (0x01ae27b3) slt     a5, t3, s10
core   0: 3 0x80009510 (0x01ae27b3) x15 0x00000001
core   0: 0x80009514 (0xfe192a23) sw      ra, -12(s2)
core   0: 3 0x80009514 (0xfe192a23) mem 0x800155c4 0x039f74c8
core   0: 0x80009518 (0x01f900a3) sb      t6, 1(s2)
core   0: 3 0x80009518 (0x01f900a3) mem 0x800155d1 0x8
core   0: 0x8000951c (0xff491a83) lh      s5, -12(s2)
core   0: 3 0x8000951c (0xff491a83) x21 0x000074c8 mem 0x800155c4
core   0: 0x80009520 (0xff492403) lw      s0, -12(s2)
core   0: 3 0x80009520 (0xff492403) x 8 0x039f74c8 mem 0x800155c4
core   0: 0x80009524 (0xff292823) sw      s2, -16(s2)
core   0: 3 0x80009524 (0xff292823) mem 0x800155c0 0x800155d0
core   0: 0x80009528 (0x00f77cb3) and     s9, a4, a5
core   0: 3 0x80009528 (0x00f77cb3) x25 0x00000000
core   0: 0x8000952c (0x012ecb33) xor     s6, t4, s2
core   0: 3 0x8000952c (0x012ecb33) x22 0x8001554c
core   0: 0x80009530 (0xfff90a83) lb      s5, -1(s2)
core   0: 3 0x80009530 (0xfff90a83) x21 0xffffff84 mem 0x800155cf
core   0: 0x80009534 (0x014903a3) sb      s4, 7(s2)
core   0: 3 0x80009534 (0x014903a3) mem 0x800155d7 0x0
core   0: 0x80009538 (0x00790503) lb      a0, 7(s2)
core   0: 3 0x80009538 (0x00790503) x10 0x00000000 mem 0x800155d7
core   0: 0x8000953c (0x00125a93) srli    s5, tp, 1
core   0: 3 0x8000953c (0x00125a93) x21 0x08fcb871
core   0: 0x80009540 (0x00694183) lbu     gp, 6(s2)
core   0: 3 0x80009540 (0x00694183) x 3 0x00000001 mem 0x800155d6
core   0: 0x80009544 (0xffa95e03) lhu     t3, -6(s2)
core   0: 3 0x80009544 (0xffa95e03) x28 0x00008057 mem 0x800155ca
core   0: 0x80009548 (0x0151b333) sltu    t1, gp, s5
core   0: 3 0x80009548 (0x0151b333) x 6 0x00000001
core   0: 0x8000954c (0xff594503) lbu     a0, -11(s2)
core   0: 3 0x8000954c (0xff594503) x10 0x00000074 mem 0x800155c5
core   0: 0x80009550 (0x00d95033) srl     zero, s2, a3
core   0: 3 0x80009550 (0x00d95033)
core   0: 0x80009554 (0xff390aa3) sb      s3, -11(s2)
core   0: 3 0x80009554 (0xff390aa3) mem 0x800155c5 0x0
core   0: 0x80009558 (0x41b05e13) srai    t3, zero, 27
core   0: 3 0x80009558 (0x41b05e13) x28 0x00000000
core   0: 0x8000955c (0xe828eeb7) lui     t4, 0xe828e
core   0: 3 0x8000955c (0xe828eeb7) x29 0xe828e000
core   0: 0x80009560 (0x00a94d03) lbu     s10, 10(s2)
core   0: 3 0x80009560 (0x00a94d03) x26 0x000000aa mem 0x800155da
core   0: 0x80009564 (0x45069cb7) lui     s9, 0x45069
core   0: 3 0x80009564 (0x45069cb7) x25 0x45069000
core   0: 0x80009568 (0xffa94c03) lbu     s8, -6(s2)
core   0: 3 0x80009568 (0xffa94c03) x24 0x00000057 mem 0x800155ca
core   0: 0x8000956c (0xffe90ca3) sb      t5, -7(s2)
core   0: 3 0x8000956c (0xffe90ca3) mem 0x800155c9 0xde
core   0: 0x80009570 (0xff690183) lb      gp, -10(s2)
core   0: 3 0x80009570 (0xff690183) x 3 0xffffff9f mem 0x800155c6
core   0: 0x80009574 (0x00b90083) lb      ra, 11(s2)
core   0: 3 0x80009574 (0x00b90083) x 1 0xffffffff mem 0x800155db
core   0: 0x80009578 (0x00f906a3) sb      a5, 13(s2)
core   0: 3 0x80009578 (0x00f906a3) mem 0x800155dd 0x1
core   0: 0x8000957c (0xff491283) lh      t0, -12(s2)
core   0: 3 0x8000957c (0xff491283) x 5 0x000000c8 mem 0x800155c4
core   0: 0x80009580 (0x0000c097) auipc   ra, 0xc
core   0: 3 0x80009580 (0x0000c097) x 1 0x80015580
core   0: 0x80009584 (0xf6808093) addi    ra, ra, -152
core   0: 3 0x80009584 (0xf6808093) x 1 0x800154e8
core   0: 0x80009588 (0x05508ca3) sb      s5, 89(ra)
core   0: 3 0x80009588 (0x05508ca3) mem 0x80015541 0x71
core   0: 0x8000958c (0x00013217) auipc   tp, 0x13
core   0: 3 0x8000958c (0x00013217) x 4 0x8001c58c
core   0: 0x80009590 (0xed620213) addi    tp, tp, -298
core   0: 3 0x80009590 (0xed620213) x 4 0x8001c462
core   0: 0x80009594 (0xfea0db03) lhu     s6, -22(ra)
core   0: 3 0x80009594 (0xfea0db03) x22 0x00008889 mem 0x800154d2
core   0: 0x80009598 (0x9b520fa3) sb      s5, -1601(tp)
core   0: 3 0x80009598 (0x9b520fa3) mem 0x8001be21 0x71
core   0: 0x8000959c (0xea324903) lbu     s2, -349(tp)
core   0: 3 0x8000959c (0xea324903) x18 0x000000be mem 0x8001c305
core   0: 0x800095a0 (0x8db24503) lbu     a0, -1829(tp)
core   0: 3 0x800095a0 (0x8db24503) x10 0x000000f6 mem 0x8001bd3d
core   0: 0x800095a4 (0x00d08883) lb      a7, 13(ra)
core   0: 3 0x800095a4 (0x00d08883) x17 0xffffff92 mem 0x800154f5
core   0: 0x800095a8 (0xfd421983) lh      s3, -44(tp)
core   0: 3 0x800095a8 (0xfd421983) x19 0xffffeced mem 0x8001c436
core   0: 0x800095ac (0x4cc21b83) lh      s7, 1228(tp)
core   0: 3 0x800095ac (0x4cc21b83) x23 0xffffe4e5 mem 0x8001c92e
core   0: 0x800095b0 (0x03d24b83) lbu     s7, 61(tp)
core   0: 3 0x800095b0 (0x03d24b83) x23 0x00000054 mem 0x8001c49f
core   0: 0x800095b4 (0x04e081a3) sb      a4, 67(ra)
core   0: 3 0x800095b4 (0x04e081a3) mem 0x8001552b 0x8
core   0: 0x800095b8 (0x44f20c83) lb      s9, 1103(tp)
core   0: 3 0x800095b8 (0x44f20c83) x25 0x0000006a mem 0x8001c8b1
core   0: 0x800095bc (0xf2708a03) lb      s4, -217(ra)
core   0: 3 0x800095bc (0xf2708a03) x20 0xffffffc4 mem 0x8001540f
core   0: 0x800095c0 (0x9d2203a3) sb      s2, -1593(tp)
core   0: 3 0x800095c0 (0x9d2203a3) mem 0x8001be29 0xbe
core   0: 0x800095c4 (0x0cc0a483) lw      s1, 204(ra)
core   0: 3 0x800095c4 (0x0cc0a483) x 9 0x6c6d6e9b mem 0x800155b4
core   0: 0x800095c8 (0x45321723) sh      s3, 1102(tp)
core   0: 3 0x800095c8 (0x45321723) mem 0x8001c8b0 0xeced
core   0: 0x800095cc (0xf1d09423) sh      t4, -248(ra)
core   0: 3 0x800095cc (0xf1d09423) mem 0x800153f0 0xe000
core   0: 0x800095d0 (0x06b08303) lb      t1, 107(ra)
core   0: 3 0x800095d0 (0x06b08303) x 6 0x00000008 mem 0x80015553
core   0: 0x800095d4 (0xb9020a03) lb      s4, -1136(tp)
core   0: 3 0x800095d4 (0xb9020a03) x20 0xffffffa9 mem 0x8001bff2
core   0: 0x800095d8 (0x0000de97) auipc   t4, 0xd
core   0: 3 0x800095d8 (0x0000de97) x29 0x800165d8
core   0: 0x800095dc (0xb86e8e93) addi    t4, t4, -1146
core   0: 3 0x800095dc (0xb86e8e93) x29 0x8001615e
core   0: 0x800095e0 (0xc146e013) ori     zero, a3, -1004
core   0: 3 0x800095e0 (0xc146e013)
core   0: 0x800095e4 (0x004e6d33) or      s10, t3, tp
core   0: 3 0x800095e4 (0x004e6d33) x26 0x8001c462
core   0: 0x800095e8 (0x40fb0d33) sub     s10, s6, a5
core   0: 3 0x800095e8 (0x40fb0d33) x26 0x00008888
core   0: 0x800095ec (0x010ed083) lhu     ra, 16(t4)
core   0: 3 0x800095ec (0x010ed083) x 1 0x00002425 mem 0x8001616e
core   0: 0x800095f0 (0x010ecf83) lbu     t6, 16(t4)
core   0: 3 0x800095f0 (0x010ecf83) x31 0x00000025 mem 0x8001616e
core   0: 0x800095f4 (0xff0ed903) lhu     s2, -16(t4)
core   0: 3 0x800095f4 (0xff0ed903) x18 0x00000405 mem 0x8001614e
core   0: 0x800095f8 (0x017e9323) sh      s7, 6(t4)
core   0: 3 0x800095f8 (0x017e9323) mem 0x80016164 0x0054
core   0: 0x800095fc (0xfe0eaf23) sw      zero, -2(t4)
core   0: 3 0x800095fc (0xfe0eaf23) mem 0x8001615c 0x00000000
core   0: 0x80009600 (0x010f6db3) or      s11, t5, a6
core   0: 3 0x80009600 (0x010f6db3) x27 0x11f970de
core   0: 0x80009604 (0xa3725e37) lui     t3, 0xa3725
core   0: 3 0x80009604 (0xa3725e37) x28 0xa3725000
core   0: 0x80009608 (0x01e711b3) sll     gp, a4, t5
core   0: 3 0x80009608 (0x01e711b3) x 3 0x00000000
core   0: 0x8000960c (0xff1e8da3) sb      a7, -5(t4)
core   0: 3 0x8000960c (0xff1e8da3) mem 0x80016159 0x92
core   0: 0x80009610 (0x0094b033) sltu    zero, s1, s1
core   0: 3 0x80009610 (0x0094b033)
core   0: 0x80009614 (0x4416df37) lui     t5, 0x4416d
core   0: 3 0x80009614 (0x4416df37) x30 0x4416d000
core   0: 0x80009618 (0x01c79a93) slli    s5, a5, 28
core   0: 3 0x80009618 (0x01c79a93) x21 0x10000000
core   0: 0x8000961c (0x007e8783) lb      a5, 7(t4)
core   0: 3 0x8000961c (0x007e8783) x15 0x00000000 mem 0x80016165
core   0: 0x80009620 (0x003e8783) lb      a5, 3(t4)
core   0: 3 0x80009620 (0x003e8783) x15 0x0000001a mem 0x80016161
core   0: 0x80009624 (0x00000013) nop
core   0: 3 0x80009624 (0x00000013)
core   0: 0x80009628 (0x0ff0000f) fence   iorw,iorw
core   0: 3 0x80009628 (0x0ff0000f)
core   0: 0x8000962c (0x006e8a83) lb      s5, 6(t4)
core   0: 3 0x8000962c (0x006e8a83) x21 0x00000054 mem 0x80016164
core   0: 0x80009630 (0x00eecc83) lbu     s9, 14(t4)
core   0: 3 0x80009630 (0x00eecc83) x25 0x00000027 mem 0x8001616c
core   0: 0x80009634 (0x00ce9503) lh      a0, 12(t4)
core   0: 3 0x80009634 (0x00ce9503) x10 0x00002021 mem 0x8001616a
core   0: 0x80009638 (0x0ff0000f) fence   iorw,iorw
core   0: 3 0x80009638 (0x0ff0000f)
core   0: 0x8000963c (0x00ae9683) lh      a3, 10(t4)
core   0: 3 0x8000963c (0x00ae9683) x13 0x00002223 mem 0x80016168
core   0: 0x80009640 (0x0000cd17) auipc   s10, 0xc
core   0: 3 0x80009640 (0x0000cd17) x26 0x80015640
core   0: 0x80009644 (0x739d0d13) addi    s10, s10, 1849
core   0: 3 0x80009644 (0x739d0d13) x26 0x80015d79
core   0: 0x80009648 (0x006d4183) lbu     gp, 6(s10)
core   0: 3 0x80009648 (0x006d4183) x 3 0x00000034 mem 0x80015d7f
core   0: 0x8000964c (0x019d0323) sb      s9, 6(s10)
core   0: 3 0x8000964c (0x019d0323) mem 0x80015d7f 0x27
core   0: 0x80009650 (0x413554b3) sra     s1, a0, s3
core   0: 3 0x80009650 (0x413554b3) x 9 0x00000001
core   0: 0x80009654 (0x00029c13) slli    s8, t0, 0
core   0: 3 0x80009654 (0x00029c13) x24 0x000000c8
core   0: 0x80009658 (0x3690bc13) sltiu   s8, ra, 873
core   0: 3 0x80009658 (0x3690bc13) x24 0x00000000
core   0: 0x8000965c (0xcbbe0893) addi    a7, t3, -837
core   0: 3 0x8000965c (0xcbbe0893) x17 0xa3724cbb
core   0: 0x80009660 (0x014d0323) sb      s4, 6(s10)
core   0: 3 0x80009660 (0x014d0323) mem 0x80015d7f 0xa9
core   0: 0x80009664 (0xffed0183) lb      gp, -2(s10)
core   0: 3 0x80009664 (0xffed0183) x 3 0x0000002c mem 0x80015d77
core   0: 0x80009668 (0x01ad0823) sb      s10, 16(s10)
core   0: 3 0x80009668 (0x01ad0823) mem 0x80015d89 0x79
core   0: 0x8000966c (0x05fdce93) xori    t4, s11, 95
core   0: 3 0x8000966c (0x05fdce93) x29 0x11f97081
core   0: 0x80009670 (0x01bd0423) sb      s11, 8(s10)
core   0: 3 0x80009670 (0x01bd0423) mem 0x80015d81 0xde
core   0: 0x80009674 (0x008d4803) lbu     a6, 8(s10)
core   0: 3 0x80009674 (0x008d4803) x16 0x000000de mem 0x80015d81
core   0: 0x80009678 (0x001d0423) sb      ra, 8(s10)
core   0: 3 0x80009678 (0x001d0423) mem 0x80015d81 0x25
core   0: 0x8000967c (0x00e8d413) srli    s0, a7, 14
core   0: 3 0x8000967c (0x00e8d413) x 8 0x00028dc9
core   0: 0x80009680 (0x008d0783) lb      a5, 8(s10)
core   0: 3 0x80009680 (0x008d0783) x15 0x00000025 mem 0x80015d81
core   0: 0x80009684 (0x008d0d83) lb      s11, 8(s10)
core   0: 3 0x80009684 (0x008d0d83) x27 0x00000025 mem 0x80015d81
core   0: 0x80009688 (0x008d0c83) lb      s9, 8(s10)
core   0: 3 0x80009688 (0x008d0c83) x25 0x00000025 mem 0x80015d81
core   0: 0x8000968c (0x0000ce97) auipc   t4, 0xc
core   0: 3 0x8000968c (0x0000ce97) x29 0x8001568c
core   0: 0x80009690 (0x33ce8e93) addi    t4, t4, 828
core   0: 3 0x80009690 (0x33ce8e93) x29 0x800159c8
core   0: 0x80009694 (0x016e8aa3) sb      s6, 21(t4)
core   0: 3 0x80009694 (0x016e8aa3) mem 0x800159dd 0x89
core   0: 0x80009698 (0x015e8d03) lb      s10, 21(t4)
core   0: 3 0x80009698 (0x015e8d03) x26 0xffffff89 mem 0x800159dd
core   0: 0x8000969c (0x015ecb83) lbu     s7, 21(t4)
core   0: 3 0x8000969c (0x015ecb83) x23 0x00000089 mem 0x800159dd
core   0: 0x800096a0 (0x015eca83) lbu     s5, 21(t4)
core   0: 3 0x800096a0 (0x015eca83) x21 0x00000089 mem 0x800159dd
core   0: 0x800096a4 (0x015ec203) lbu     tp, 21(t4)
core   0: 3 0x800096a4 (0x015ec203) x 4 0x00000089 mem 0x800159dd
core   0: 0x800096a8 (0x2ed0f813) andi    a6, ra, 749
core   0: 3 0x800096a8 (0x2ed0f813) x16 0x00000025
core   0: 0x800096ac (0x015e8083) lb      ra, 21(t4)
core   0: 3 0x800096ac (0x015e8083) x 1 0xffffff89 mem 0x800159dd
core   0: 0x800096b0 (0x002e8aa3) sb      sp, 21(t4)
core   0: 3 0x800096b0 (0x002e8aa3) mem 0x800159dd 0xe4
core   0: 0x800096b4 (0x007e8aa3) sb      t2, 21(t4)
core   0: 3 0x800096b4 (0x007e8aa3) mem 0x800159dd 0xf7
core   0: 0x800096b8 (0x015e8803) lb      a6, 21(t4)
core   0: 3 0x800096b8 (0x015e8803) x16 0xfffffff7 mem 0x800159dd
core   0: 0x800096bc (0xf9dec003) lbu     zero, -99(t4)
core   0: 3 0x800096bc (0xf9dec003) mem 0x80015965
core   0: 0x800096c0 (0x0000c517) auipc   a0, 0xc
core   0: 3 0x800096c0 (0x0000c517) x10 0x800156c0
core   0: 0x800096c4 (0xbc750513) addi    a0, a0, -1081
core   0: 3 0x800096c4 (0xbc750513) x10 0x80015287
core   0: 0x800096c8 (0x41695a13) srai    s4, s2, 22
core   0: 3 0x800096c8 (0x41695a13) x20 0x00000000
core   0: 0x800096cc (0x40955003) lhu     zero, 1033(a0)
core   0: 3 0x800096cc (0x40955003) mem 0x80015690
core   0: 0x800096d0 (0x791514a3) sh      a7, 1929(a0)
core   0: 3 0x800096d0 (0x791514a3) mem 0x80015a10 0x4cbb
core   0: 0x800096d4 (0x417d5093) srai    ra, s10, 23
core   0: 3 0x800096d4 (0x417d5093) x 1 0xffffffff
core   0: 0x800096d8 (0x0000100f) fence.i
core   0: 3 0x800096d8 (0x0000100f)
core   0: 0x800096dc (0x016bcd33) xor     s10, s7, s6
core   0: 3 0x800096dc (0x016bcd33) x26 0x00008800
core   0: 0x800096e0 (0x40550e03) lb      t3, 1029(a0)
core   0: 3 0x800096e0 (0x40550e03) x28 0x00000047 mem 0x8001568c
core   0: 0x800096e4 (0x2f150b23) sb      a7, 758(a0)
core   0: 3 0x800096e4 (0x2f150b23) mem 0x8001557d 0xbb
core   0: 0x800096e8 (0x19e507a3) sb      t5, 399(a0)
core   0: 3 0x800096e8 (0x19e507a3) mem 0x80015416 0x0
core   0: 0x800096ec (0x7c050b83) lb      s7, 1984(a0)
core   0: 3 0x800096ec (0x7c050b83) x23 0xffffffec mem 0x80015a47
core   0: 0x800096f0 (0x3db50983) lb      s3, 987(a0)
core   0: 3 0x800096f0 (0x3db50983) x19 0x00000019 mem 0x80015662
core   0: 0x800096f4 (0x412d5e33) sra     t3, s10, s2
core   0: 3 0x800096f4 (0x412d5e33) x28 0x00000440
core   0: 0x800096f8 (0x015bae33) slt     t3, s7, s5
core   0: 3 0x800096f8 (0x015bae33) x28 0x00000001
core   0: 0x800096fc (0x013d7b33) and     s6, s10, s3
core   0: 3 0x800096fc (0x013d7b33) x22 0x00000000
core   0: 0x80009700 (0x010b0233) add     tp, s6, a6
core   0: 3 0x80009700 (0x010b0233) x 4 0xfffffff7
core   0: 0x80009704 (0x0ff0000f) fence   iorw,iorw
core   0: 3 0x80009704 (0x0ff0000f)
core   0: 0x80009708 (0xd5ca4217) auipc   tp, 0xd5ca4
core   0: 3 0x80009708 (0xd5ca4217) x 4 0x55cad708
core   0: 0x8000970c (0x00062eb3) slt     t4, a2, zero
core   0: 3 0x8000970c (0x00062eb3) x29 0x00000001
core   0: 0x80009710 (0xfd6515a3) sh      s6, -53(a0)
core   0: 3 0x80009710 (0xfd6515a3) mem 0x80015252 0x0000
core   0: 0x80009714 (0x41ea5733) sra     a4, s4, t5
core   0: 3 0x80009714 (0x41ea5733) x14 0x00000000
core   0: 0x80009718 (0x26b50283) lb      t0, 619(a0)
core   0: 3 0x80009718 (0x26b50283) x 5 0xffffffa9 mem 0x800154f2
core   0: 0x8000971c (0x4ed51303) lh      t1, 1261(a0)
core   0: 3 0x8000971c (0x4ed51303) x 6 0x00002e2f mem 0x80015774
core   0: 0x80009720 (0x55054703) lbu     a4, 1360(a0)
core   0: 3 0x80009720 (0x55054703) x14 0x0000008c mem 0x800157d7
core   0: 0x80009724 (0x25950703) lb      a4, 601(a0)
core   0: 3 0x80009724 (0x25950703) x14 0xffffff9b mem 0x800154e0
core   0: 0x80009728 (0x0000100f) fence.i
core   0: 3 0x80009728 (0x0000100f)
core   0: 0x8000972c (0x5fa516a3) sh      s10, 1517(a0)
core   0: 3 0x8000972c (0x5fa516a3) mem 0x80015874 0x8800
core   0: 0x80009730 (0x3c350703) lb      a4, 963(a0)
core   0: 3 0x80009730 (0x3c350703) x14 0x00000004 mem 0x8001564a
core   0: 0x80009734 (0x00d36833) or      a6, t1, a3
core   0: 3 0x80009734 (0x00d36833) x16 0x00002e2f
core   0: 0x80009738 (0x019341b3) xor     gp, t1, s9
core   0: 3 0x80009738 (0x019341b3) x 3 0x00002e0a
core   0: 0x8000973c (0x01bf50b3) srl     ra, t5, s11
core   0: 3 0x8000973c (0x01bf50b3) x 1 0x0220b680
core   0: 0x80009740 (0x60a54f83) lbu     t6, 1546(a0)
core   0: 3 0x80009740 (0x60a54f83) x31 0x0000004a mem 0x80015891
core   0: 0x80009744 (0x0ce51da3) sh      a4, 219(a0)
core   0: 3 0x80009744 (0x0ce51da3) mem 0x80015362 0x0004
core   0: 0x80009748 (0xef950303) lb      t1, -263(a0)
core   0: 3 0x80009748 (0xef950303) x 6 0x0000003b mem 0x80015180
core   0: 0x8000974c (0x01020e33) add     t3, tp, a6
core   0: 3 0x8000974c (0x01020e33) x28 0x55cb0537
core   0: 0x80009750 (0x00b6dab3) srl     s5, a3, a1
core   0: 3 0x80009750 (0x00b6dab3) x21 0x00002223
core   0: 0x80009754 (0x69254b83) lbu     s7, 1682(a0)
core   0: 3 0x80009754 (0x69254b83) x23 0x000000d2 mem 0x80015919
core   0: 0x80009758 (0xab3dbd93) sltiu   s11, s11, -1357
core   0: 3 0x80009758 (0xab3dbd93) x27 0x00000001
core   0: 0x8000975c (0x54bf7913) andi    s2, t5, 1355
core   0: 3 0x8000975c (0x54bf7913) x18 0x00000000
core   0: 0x80009760 (0x00d92e33) slt     t3, s2, a3
core   0: 3 0x80009760 (0x00d92e33) x28 0x00000001
core   0: 0x80009764 (0x00454683) lbu     a3, 4(a0)
core   0: 3 0x80009764 (0x00454683) x13 0x00000040 mem 0x8001528b
core   0: 0x80009768 (0x0000cc97) auipc   s9, 0xc
core   0: 3 0x80009768 (0x0000cc97) x25 0x80015768
core   0: 0x8000976c (0x1ccc8c93) addi    s9, s9, 460
core   0: 3 0x8000976c (0x1ccc8c93) x25 0x80015934
core   0: 0x80009770 (0x006ec1b3) xor     gp, t4, t1
core   0: 3 0x80009770 (0x006ec1b3) x 3 0x0000003a
core   0: 0x80009774 (0x002c9f83) lh      t6, 2(s9)
core   0: 3 0x80009774 (0x002c9f83) x31 0x000041ed mem 0x80015936
core   0: 0x80009778 (0x010c9623) sh      a6, 12(s9)
core   0: 3 0x80009778 (0x010c9623) mem 0x80015940 0x2e2f
core   0: 0x8000977c (0xfe8c8a23) sb      s0, -12(s9)
core   0: 3 0x8000977c (0xfe8c8a23) mem 0x80015928 0xc9
core   0: 0x80009780 (0x006d2eb3) slt     t4, s10, t1
core   0: 3 0x80009780 (0x006d2eb3) x29 0x00000000
core   0: 0x80009784 (0x00ac9a83) lh      s5, 10(s9)
core   0: 3 0x80009784 (0x00ac9a83) x21 0x00007ef5 mem 0x8001593e
core   0: 0x80009788 (0x41978c33) sub     s8, a5, s9
core   0: 3 0x80009788 (0x41978c33) x24 0x7ffea6f1
core   0: 0x8000978c (0x0000100f) fence.i
core   0: 3 0x8000978c (0x0000100f)
core   0: 0x80009790 (0x616bee13) ori     t3, s7, 1558
core   0: 3 0x80009790 (0x616bee13) x28 0x000006d6
core   0: 0x80009794 (0x00cccc03) lbu     s8, 12(s9)
core   0: 3 0x80009794 (0x00cccc03) x24 0x0000002f mem 0x80015940
core   0: 0x80009798 (0x013c87a3) sb      s3, 15(s9)
core   0: 3 0x80009798 (0x013c87a3) mem 0x80015943 0x19
core   0: 0x8000979c (0x01ac9823) sh      s10, 16(s9)
core   0: 3 0x8000979c (0x01ac9823) mem 0x80015944 0x8800
core   0: 0x800097a0 (0xff9c8d23) sb      s9, -6(s9)
core   0: 3 0x800097a0 (0xff9c8d23) mem 0x8001592e 0x34
core   0: 0x800097a4 (0xc8b92213) slti    tp, s2, -885
core   0: 3 0x800097a4 (0xc8b92213) x 4 0x00000000
core   0: 0x800097a8 (0x03c9a413) slti    s0, s3, 60
core   0: 3 0x800097a8 (0x03c9a413) x 8 0x00000001
core   0: 0x800097ac (0x0116f933) and     s2, a3, a7
core   0: 3 0x800097ac (0x0116f933) x18 0x00000000
core   0: 0x800097b0 (0x41998933) sub     s2, s3, s9
core   0: 3 0x800097b0 (0x41998933) x18 0x7ffea6e5
core   0: 0x800097b4 (0x007a5213) srli    tp, s4, 7
core   0: 3 0x800097b4 (0x007a5213) x 4 0x00000000
core   0: 0x800097b8 (0x0000100f) fence.i
core   0: 3 0x800097b8 (0x0000100f)
core   0: 0x800097bc (0xff9cc903) lbu     s2, -7(s9)
core   0: 3 0x800097bc (0xff9cc903) x18 0x000000e6 mem 0x8001592d
core   0: 0x800097c0 (0x00149833) sll     a6, s1, ra
core   0: 3 0x800097c0 (0x00149833) x16 0x00000001
core   0: 0x800097c4 (0x00ec9083) lh      ra, 14(s9)
core   0: 3 0x800097c4 (0x00ec9083) x 1 0x000019de mem 0x80015942
core   0: 0x800097c8 (0x7926e293) ori     t0, a3, 1938
core   0: 3 0x800097c8 (0x7926e293) x 5 0x000007d2
core   0: 0x800097cc (0x4140d713) srai    a4, ra, 20
core   0: 3 0x800097cc (0x4140d713) x14 0x00000000
core   0: 0x800097d0 (0x40e538b7) lui     a7, 0x40e53
core   0: 3 0x800097d0 (0x40e538b7) x17 0x40e53000
core   0: 0x800097d4 (0xff3c8003) lb      zero, -13(s9)
core   0: 3 0x800097d4 (0xff3c8003) mem 0x80015927
core   0: 0x800097d8 (0xbade0493) addi    s1, t3, -1107
core   0: 3 0x800097d8 (0xbade0493) x 9 0x00000283
core   0: 0x800097dc (0xffdcc883) lbu     a7, -3(s9)
core   0: 3 0x800097dc (0xffdcc883) x17 0x000000ae mem 0x80015931
core   0: 0x800097e0 (0xb3429717) auipc   a4, 0xb3429
core   0: 3 0x800097e0 (0xb3429717) x14 0x334327e0
core   0: 0x800097e4 (0x228f0c13) addi    s8, t5, 552
core   0: 3 0x800097e4 (0x228f0c13) x24 0x4416d228
core   0: 0x800097e8 (0x41f60d33) sub     s10, a2, t6
core   0: 3 0x800097e8 (0x41f60d33) x26 0x80026c17
core   0: 0x800097ec (0xff7cc683) lbu     a3, -9(s9)
core   0: 3 0x800097ec (0xff7cc683) x13 0x000000e0 mem 0x8001592b
core   0: 0x800097f0 (0x00000013) nop
core   0: 3 0x800097f0 (0x00000013)
core   0: 0x800097f4 (0x0000100f) fence.i
core   0: 3 0x800097f4 (0x0000100f)
core   0: 0x800097f8 (0xffbc8ca3) sb      s11, -7(s9)
core   0: 3 0x800097f8 (0xffbc8ca3) mem 0x8001592d 0x1
core   0: 0x800097fc (0xfe0c9923) sh      zero, -14(s9)
core   0: 3 0x800097fc (0xfe0c9923) mem 0x80015926 0x0000
core   0: 0x80009800 (0x00bbf2b3) and     t0, s7, a1
core   0: 3 0x80009800 (0x00bbf2b3) x 5 0x00000000
core   0: 0x80009804 (0x13f66d13) ori     s10, a2, 319
core   0: 3 0x80009804 (0x13f66d13) x26 0x8002af3f
core   0: 0x80009808 (0x7602f513) andi    a0, t0, 1888
core   0: 3 0x80009808 (0x7602f513) x10 0x00000000
core   0: 0x8000980c (0x010c9223) sh      a6, 4(s9)
core   0: 3 0x8000980c (0x010c9223) mem 0x80015938 0x0001
core   0: 0x80009810 (0x34a78793) addi    a5, a5, 842
core   0: 3 0x80009810 (0x34a78793) x15 0x0000036f
core   0: 0x80009814 (0x007c8523) sb      t2, 10(s9)
core   0: 3 0x80009814 (0x007c8523) mem 0x8001593e 0xf7
core   0: 0x80009818 (0x014c8123) sb      s4, 2(s9)
core   0: 3 0x80009818 (0x014c8123) mem 0x80015936 0x0
core   0: 0x8000981c (0x0000ca17) auipc   s4, 0xc
core   0: 3 0x8000981c (0x0000ca17) x20 0x8001581c
core   0: 0x80009820 (0x3e7a0a13) addi    s4, s4, 999
core   0: 3 0x80009820 (0x3e7a0a13) x20 0x80015c03
core   0: 0x80009824 (0x0000cf97) auipc   t6, 0xc
core   0: 3 0x80009824 (0x0000cf97) x31 0x80015824
core   0: 0x80009828 (0xefcf8f93) addi    t6, t6, -260
core   0: 3 0x80009828 (0xefcf8f93) x31 0x80015720
core   0: 0x8000982c (0x0000ce17) auipc   t3, 0xc
core   0: 3 0x8000982c (0x0000ce17) x28 0x8001582c
core   0: 0x80009830 (0x94ce0e13) addi    t3, t3, -1716
core   0: 3 0x80009830 (0x94ce0e13) x28 0x80015178
core   0: 0x80009834 (0x0000c797) auipc   a5, 0xc
core   0: 3 0x80009834 (0x0000c797) x15 0x80015834
core   0: 0x80009838 (0x6ff78793) addi    a5, a5, 1791
core   0: 3 0x80009838 (0x6ff78793) x15 0x80015f33
core   0: 0x8000983c (0x0000c197) auipc   gp, 0xc
core   0: 3 0x8000983c (0x0000c197) x 3 0x8001583c
core   0: 0x80009840 (0xc6b18193) addi    gp, gp, -917
core   0: 3 0x80009840 (0xc6b18193) x 3 0x800154a7
core   0: 0x80009844 (0x01278723) sb      s2, 14(a5)
core   0: 3 0x80009844 (0x01278723) mem 0x80015f41 0xe6
core   0: 0x80009848 (0xffda0423) sb      t4, -24(s4)
core   0: 3 0x80009848 (0xffda0423) mem 0x80015beb 0x0
core   0: 0x8000984c (0xfe3f9a23) sh      gp, -12(t6)
core   0: 3 0x8000984c (0xfe3f9a23) mem 0x80015714 0x54a7
core   0: 0x80009850 (0xffa1c383) lbu     t2, -6(gp)
core   0: 3 0x80009850 (0xffa1c383) x 7 0x00000000 mem 0x800154a1
core   0: 0x80009854 (0xfb8e5e83) lhu     t4, -72(t3)
core   0: 3 0x80009854 (0xfb8e5e83) x29 0x0000eaeb mem 0x80015130
core   0: 0x80009858 (0xffe78b83) lb      s7, -2(a5)
core   0: 3 0x80009858 (0xffe78b83) x23 0xffffffea mem 0x80015f31
core   0: 0x8000985c (0xfb0e1703) lh      a4, -80(t3)
core   0: 3 0x8000985c (0xfb0e1703) x14 0xffffe2e3 mem 0x80015128
core   0: 0x80009860 (0x00779d83) lh      s11, 7(a5)
core   0: 3 0x80009860 (0x00779d83) x27 0x000043f1 mem 0x80015f3a
core   0: 0x80009864 (0x00b1cd83) lbu     s11, 11(gp)
core   0: 3 0x80009864 (0x00b1cd83) x27 0x00000069 mem 0x800154b2
core   0: 0x80009868 (0x057a0003) lb      zero, 87(s4)
core   0: 3 0x80009868 (0x057a0003) mem 0x80015c5a
core   0: 0x8000986c (0xffbf85a3) sb      s11, -21(t6)
core   0: 3 0x8000986c (0xffbf85a3) mem 0x8001570b 0x69
core   0: 0x80009870 (0xf1ee1003) lh      zero, -226(t3)
core   0: 3 0x80009870 (0xf1ee1003) mem 0x80015096
core   0: 0x80009874 (0x00d79a83) lh      s5, 13(a5)
core   0: 3 0x80009874 (0x00d79a83) x21 0xffffe6ae mem 0x80015f40
core   0: 0x80009878 (0x00678d83) lb      s11, 6(a5)
core   0: 3 0x80009878 (0x00678d83) x27 0xfffffff2 mem 0x80015f39
core   0: 0x8000987c (0x02efdd83) lhu     s11, 46(t6)
core   0: 3 0x8000987c (0x02efdd83) x27 0x00000405 mem 0x8001574e
core   0: 0x80009880 (0x001f8f03) lb      t5, 1(t6)
core   0: 3 0x80009880 (0x001f8f03) x30 0xffffffda mem 0x80015721
core   0: 0x80009884 (0x00e18203) lb      tp, 14(gp)
core   0: 3 0x80009884 (0x00e18203) x 4 0x0000006e mem 0x800154b5
core   0: 0x80009888 (0xf76a4983) lbu     s3, -138(s4)
core   0: 3 0x80009888 (0xf76a4983) x19 0x000000e4 mem 0x80015b79
core   0: 0x8000988c (0xff1f8623) sb      a7, -20(t6)
core   0: 3 0x8000988c (0xff1f8623) mem 0x8001570c 0xae
core   0: 0x80009890 (0xffd1d083) lhu     ra, -3(gp)
core   0: 3 0x80009890 (0xffd1d083) x 1 0x00005e5f mem 0x800154a4
core   0: 0x80009894 (0x03ce2203) lw      tp, 60(t3)
core   0: 3 0x80009894 (0x03ce2203) x 4 0x6c6dae30 mem 0x800151b4
core   0: 0x80009898 (0x0dfa5303) lhu     t1, 223(s4)
core   0: 3 0x80009898 (0x0dfa5303) x 6 0x000000c4 mem 0x80015ce2
core   0: 0x8000989c (0xf47e4c03) lbu     s8, -185(t3)
core   0: 3 0x8000989c (0xf47e4c03) x24 0x00000074 mem 0x800150bf
core   0: 0x800098a0 (0xf1ca4203) lbu     tp, -228(s4)
core   0: 3 0x800098a0 (0xf1ca4203) x 4 0x000000d4 mem 0x80015b1f
core   0: 0x800098a4 (0x00d7c283) lbu     t0, 13(a5)
core   0: 3 0x800098a4 (0x00d7c283) x 5 0x000000ae mem 0x80015f40
core   0: 0x800098a8 (0x09ce1423) sh      t3, 136(t3)
core   0: 3 0x800098a8 (0x09ce1423) mem 0x80015200 0x5178
core   0: 0x800098ac (0x025f88a3) sb      t0, 49(t6)
core   0: 3 0x800098ac (0x025f88a3) mem 0x80015751 0xae
core   0: 0x800098b0 (0xff778303) lb      t1, -9(a5)
core   0: 3 0x800098b0 (0xff778303) x 6 0xffffffe1 mem 0x80015f2a
core   0: 0x800098b4 (0x09ba0283) lb      t0, 155(s4)
core   0: 3 0x800098b4 (0x09ba0283) x 5 0x00000055 mem 0x80015c9e
core   0: 0x800098b8 (0x00518b83) lb      s7, 5(gp)
core   0: 3 0x800098b8 (0x00518b83) x23 0x00000067 mem 0x800154ac
core   0: 0x800098bc (0x00318983) lb      s3, 3(gp)
core   0: 3 0x800098bc (0x00318983) x19 0x00000061 mem 0x800154aa
core   0: 0x800098c0 (0x00a7a4a3) sw      a0, 9(a5)
core   0: 3 0x800098c0 (0x00a7a4a3) mem 0x80015f3c 0x00000000
core   0: 0x800098c4 (0x037f81a3) sb      s7, 35(t6)
core   0: 3 0x800098c4 (0x037f81a3) mem 0x80015743 0x67
core   0: 0x800098c8 (0x00e7cb03) lbu     s6, 14(a5)
core   0: 3 0x800098c8 (0x00e7cb03) x22 0x000000e6 mem 0x80015f41
core   0: 0x800098cc (0xffb1cb83) lbu     s7, -5(gp)
core   0: 3 0x800098cc (0xffb1cb83) x23 0x00000004 mem 0x800154a2
core   0: 0x800098d0 (0xf73a0623) sb      s3, -148(s4)
core   0: 3 0x800098d0 (0xf73a0623) mem 0x80015b6f 0x61
core   0: 0x800098d4 (0xffc18c83) lb      s9, -4(gp)
core   0: 3 0x800098d4 (0xffc18c83) x25 0x00000000 mem 0x800154a3
core   0: 0x800098d8 (0x00016d97) auipc   s11, 0x16
core   0: 3 0x800098d8 (0x00016d97) x27 0x8001f8d8
core   0: 0x800098dc (0xb61d8d93) addi    s11, s11, -1183
core   0: 3 0x800098dc (0xb61d8d93) x27 0x8001f439
core   0: 0x800098e0 (0xff3d9a83) lh      s5, -13(s11)
core   0: 3 0x800098e0 (0xff3d9a83) x21 0xffffe6e7 mem 0x8001f42c
core   0: 0x800098e4 (0x405b5a13) srai    s4, s6, 5
core   0: 3 0x800098e4 (0x405b5a13) x20 0x00000007
core   0: 0x800098e8 (0x017d86a3) sb      s7, 13(s11)
core   0: 3 0x800098e8 (0x017d86a3) mem 0x8001f446 0x4
core   0: 0x800098ec (0x00e53fb3) sltu    t6, a0, a4
core   0: 3 0x800098ec (0x00e53fb3) x31 0x00000001
core   0: 0x800098f0 (0x007f83b3) add     t2, t6, t2
core   0: 3 0x800098f0 (0x007f83b3) x 7 0x00000001
core   0: 0x800098f4 (0x0188aab3) slt     s5, a7, s8
core   0: 3 0x800098f4 (0x0188aab3) x21 0x00000000
core   0: 0x800098f8 (0x0100d893) srli    a7, ra, 16
core   0: 3 0x800098f8 (0x0100d893) x17 0x00000000
core   0: 0x800098fc (0x00729cb3) sll     s9, t0, t2
core   0: 3 0x800098fc (0x00729cb3) x25 0x000000aa
core   0: 0x80009900 (0x000d85a3) sb      zero, 11(s11)
core   0: 3 0x80009900 (0x000d85a3) mem 0x8001f444 0x0
core   0: 0x80009904 (0x00fd84a3) sb      a5, 9(s11)
core   0: 3 0x80009904 (0x00fd84a3) mem 0x8001f442 0x33
core   0: 0x80009908 (0x011f0b33) add     s6, t5, a7
core   0: 3 0x80009908 (0x011f0b33) x22 0xffffffda
core   0: 0x8000990c (0x01180093) addi    ra, a6, 17
core   0: 3 0x8000990c (0x01180093) x 1 0x00000012
core   0: 0x80009910 (0x017c6033) or      zero, s8, s7
core   0: 3 0x80009910 (0x017c6033)
core   0: 0x80009914 (0x01b9dfb3) srl     t6, s3, s11
core   0: 3 0x80009914 (0x01b9dfb3) x31 0x00000000
core   0: 0x80009918 (0xffbda783) lw      a5, -5(s11)
core   0: 3 0x80009918 (0xffbda783) x15 0xecedeeef mem 0x8001f434
core   0: 0x8000991c (0xffcd8903) lb      s2, -4(s11)
core   0: 3 0x8000991c (0xffcd8903) x18 0xffffffee mem 0x8001f435
core   0: 0x80009920 (0x40685a33) sra     s4, a6, t1
core   0: 3 0x80009920 (0x40685a33) x20 0x00000000
core   0: 0x80009924 (0x0143e933) or      s2, t2, s4
core   0: 3 0x80009924 (0x0143e933) x18 0x00000001
core   0: 0x80009928 (0x41df58b3) sra     a7, t5, t4
core   0: 3 0x80009928 (0x41df58b3) x17 0xffffffff
core   0: 0x8000992c (0x01a784b3) add     s1, a5, s10
core   0: 3 0x8000992c (0x01a784b3) x 9 0x6cf09e2e
core   0: 0x80009930 (0xffad8a23) sb      s10, -12(s11)
core   0: 3 0x80009930 (0xffad8a23) mem 0x8001f42d 0x3f
core   0: 0x80009934 (0x00100833) add     a6, zero, ra
core   0: 3 0x80009934 (0x00100833) x16 0x00000012
core   0: 0x80009938 (0xffedc083) lbu     ra, -2(s11)
core   0: 3 0x80009938 (0xffedc083) x 1 0x000000ec mem 0x8001f437
core   0: 0x8000993c (0x002d91a3) sh      sp, 3(s11)
core   0: 3 0x8000993c (0x002d91a3) mem 0x8001f43c 0xece4
core   0: 0x80009940 (0x01dd8523) sb      t4, 10(s11)
core   0: 3 0x80009940 (0x01dd8523) mem 0x8001f443 0xeb
core   0: 0x80009944 (0x002dc083) lbu     ra, 2(s11)
core   0: 3 0x80009944 (0x002dc083) x 1 0x000000f0 mem 0x8001f43b
core   0: 0x80009948 (0x86763993) sltiu   s3, a2, -1945
core   0: 3 0x80009948 (0x86763993) x19 0x00000001
core   0: 0x8000994c (0xebe38993) addi    s3, t2, -322
core   0: 3 0x8000994c (0xebe38993) x19 0xfffffebf
core   0: 0x80009950 (0x00000013) nop
core   0: 3 0x80009950 (0x00000013)
core   0: 0x80009954 (0x00cd8023) sb      a2, 0(s11)
core   0: 3 0x80009954 (0x00cd8023) mem 0x8001f439 0x4
core   0: 0x80009958 (0xff1dc403) lbu     s0, -15(s11)
core   0: 3 0x80009958 (0xff1dc403) x 8 0x000000e1 mem 0x8001f42a
core   0: 0x8000995c (0x0ff0000f) fence   iorw,iorw
core   0: 3 0x8000995c (0x0ff0000f)
core   0: 0x80009960 (0x317aa713) slti    a4, s5, 791
core   0: 3 0x80009960 (0x317aa713) x14 0x00000001
core   0: 0x80009964 (0x506de713) ori     a4, s11, 1286
core   0: 3 0x80009964 (0x506de713) x14 0x8001f53f
core   0: 0x80009968 (0x3d03c813) xori    a6, t2, 976
core   0: 3 0x80009968 (0x3d03c813) x16 0x000003d1
core   0: 0x8000996c (0x00ad8703) lb      a4, 10(s11)
core   0: 3 0x8000996c (0x00ad8703) x14 0xffffffeb mem 0x8001f443
core   0: 0x80009970 (0xfffdd003) lhu     zero, -1(s11)
core   0: 3 0x80009970 (0xfffdd003) mem 0x8001f438
core   0: 0x80009974 (0x006d8683) lb      a3, 6(s11)
core   0: 3 0x80009974 (0x006d8683) x13 0xfffffff4 mem 0x8001f43f
core   0: 0x80009978 (0x0001ae97) auipc   t4, 0x1a
core   0: 3 0x80009978 (0x0001ae97) x29 0x80023978
core   0: 0x8000997c (0x6d3e8e93) addi    t4, t4, 1747
core   0: 3 0x8000997c (0x6d3e8e93) x29 0x8002404b
core   0: 0x80009980 (0x002ecd83) lbu     s11, 2(t4)
core   0: 3 0x80009980 (0x002ecd83) x27 0x00000006 mem 0x8002404d
core   0: 0x80009984 (0xffce8d23) sb      t3, -6(t4)
core   0: 3 0x80009984 (0xffce8d23) mem 0x80024045 0x78
core   0: 0x80009988 (0xffde8d23) sb      t4, -6(t4)
core   0: 3 0x80009988 (0xffde8d23) mem 0x80024045 0x4b
core   0: 0x8000998c (0x003e87a3) sb      gp, 15(t4)
core   0: 3 0x8000998c (0x003e87a3) mem 0x8002405a 0xa7
core   0: 0x80009990 (0x00feca03) lbu     s4, 15(t4)
core   0: 3 0x80009990 (0x00feca03) x20 0x000000a7 mem 0x8002405a
core   0: 0x80009994 (0x002ecb03) lbu     s6, 2(t4)
core   0: 3 0x80009994 (0x002ecb03) x22 0x00000006 mem 0x8002404d
core   0: 0x80009998 (0x007e9803) lh      a6, 7(t4)
core   0: 3 0x80009998 (0x007e9803) x16 0x00000809 mem 0x80024052
core   0: 0x8000999c (0x009e8783) lb      a5, 9(t4)
core   0: 3 0x8000999c (0x009e8783) x15 0x0000000f mem 0x80024054
core   0: 0x800099a0 (0xff4e8203) lb      tp, -12(t4)
core   0: 3 0x800099a0 (0xff4e8203) x 4 0xfffffff4 mem 0x8002403f
core   0: 0x800099a4 (0x0072b033) sltu    zero, t0, t2
core   0: 3 0x800099a4 (0x0072b033)
core   0: 0x800099a8 (0xff2e8a23) sb      s2, -12(t4)
core   0: 3 0x800099a8 (0xff2e8a23) mem 0x8002403f 0x1
core   0: 0x800099ac (0xff8e99a3) sh      s8, -13(t4)
core   0: 3 0x800099ac (0xff8e99a3) mem 0x8002403e 0x0074
core   0: 0x800099b0 (0xff3ed003) lhu     zero, -13(t4)
core   0: 3 0x800099b0 (0xff3ed003) mem 0x8002403e
core   0: 0x800099b4 (0xff1e8783) lb      a5, -15(t4)
core   0: 3 0x800099b4 (0xff1e8783) x15 0xfffffff7 mem 0x8002403c
core   0: 0x800099b8 (0x0000c697) auipc   a3, 0xc
core   0: 3 0x800099b8 (0x0000c697) x13 0x800159b8
core   0: 0x800099bc (0x61168693) addi    a3, a3, 1553
core   0: 3 0x800099bc (0x61168693) x13 0x80015fc9
core   0: 0x800099c0 (0xa8668d23) sb      t1, -1382(a3)
core   0: 3 0x800099c0 (0xa8668d23) mem 0x80015a63 0xe1
core   0: 0x800099c4 (0x00a79eb3) sll     t4, a5, a0
core   0: 3 0x800099c4 (0x00a79eb3) x29 0xfffffff7
core   0: 0x800099c8 (0xa8368d23) sb      gp, -1382(a3)
core   0: 3 0x800099c8 (0xa8368d23) mem 0x80015a63 0xa7
core   0: 0x800099cc (0xa8d68d23) sb      a3, -1382(a3)
core   0: 3 0x800099cc (0xa8d68d23) mem 0x80015a63 0xc9
core   0: 0x800099d0 (0xa9a6c483) lbu     s1, -1382(a3)
core   0: 3 0x800099d0 (0xa9a6c483) x 9 0x000000c9 mem 0x80015a63
core   0: 0x800099d4 (0xa9a68483) lb      s1, -1382(a3)
core   0: 3 0x800099d4 (0xa9a68483) x 9 0xffffffc9 mem 0x80015a63
core   0: 0x800099d8 (0xa9a68a03) lb      s4, -1382(a3)
core   0: 3 0x800099d8 (0xa9a68a03) x20 0xffffffc9 mem 0x80015a63
core   0: 0x800099dc (0xa9a6ce83) lbu     t4, -1382(a3)
core   0: 3 0x800099dc (0xa9a6ce83) x29 0x000000c9 mem 0x80015a63
core   0: 0x800099e0 (0xa8a68d23) sb      a0, -1382(a3)
core   0: 3 0x800099e0 (0xa8a68d23) mem 0x80015a63 0x0
core   0: 0x800099e4 (0xa9a68b83) lb      s7, -1382(a3)
core   0: 3 0x800099e4 (0xa9a68b83) x23 0x00000000 mem 0x80015a63
core   0: 0x800099e8 (0xa9a68903) lb      s2, -1382(a3)
core   0: 3 0x800099e8 (0xa9a68903) x18 0x00000000 mem 0x80015a63
core   0: 0x800099ec (0xa8868d23) sb      s0, -1382(a3)
core   0: 3 0x800099ec (0xa8868d23) mem 0x80015a63 0xe1
core   0: 0x800099f0 (0xa9a6cc03) lbu     s8, -1382(a3)
core   0: 3 0x800099f0 (0xa9a6cc03) x24 0x000000e1 mem 0x80015a63
core   0: 0x800099f4 (0xa9a68703) lb      a4, -1382(a3)
core   0: 3 0x800099f4 (0xa9a68703) x14 0xffffffe1 mem 0x80015a63
core   0: 0x800099f8 (0xa9a6c303) lbu     t1, -1382(a3)
core   0: 3 0x800099f8 (0xa9a6c303) x 6 0x000000e1 mem 0x80015a63
core   0: 0x800099fc (0xa9668d23) sb      s6, -1382(a3)
core   0: 3 0x800099fc (0xa9668d23) mem 0x80015a63 0x6
core   0: 0x80009a00 (0xa8b68d23) sb      a1, -1382(a3)
core   0: 3 0x80009a00 (0xa8b68d23) mem 0x80015a63 0x0
core   0: 0x80009a04 (0x58955c37) lui     s8, 0x58955
core   0: 3 0x80009a04 (0x58955c37) x24 0x58955000
core   0: 0x80009a08 (0xa9a6c783) lbu     a5, -1382(a3)
core   0: 3 0x80009a08 (0xa9a6c783) x15 0x00000000 mem 0x80015a63
core   0: 0x80009a0c (0x0000c497) auipc   s1, 0xc
core   0: 3 0x80009a0c (0x0000c497) x 9 0x80015a0c
core   0: 0x80009a10 (0x28f48493) addi    s1, s1, 655
core   0: 3 0x80009a10 (0x28f48493) x 9 0x80015c9b
core   0: 0x80009a14 (0xffd4c983) lbu     s3, -3(s1)
core   0: 3 0x80009a14 (0xffd4c983) x19 0x00000053 mem 0x80015c98
core   0: 0x80009a18 (0x41100db3) sub     s11, zero, a7
core   0: 3 0x80009a18 (0x41100db3) x27 0x00000001
core   0: 0x80009a1c (0x40095793) srai    a5, s2, 0
core   0: 3 0x80009a1c (0x40095793) x15 0x00000000
core   0: 0x80009a20 (0x6c582d97) auipc   s11, 0x6c582
core   0: 3 0x80009a20 (0x6c582d97) x27 0xec58ba20
core   0: 0x80009a24 (0x00e48623) sb      a4, 12(s1)
core   0: 3 0x80009a24 (0x00e48623) mem 0x80015ca7 0xe1
core   0: 0x80009a28 (0xc11fc197) auipc   gp, 0xc11fc
core   0: 3 0x80009a28 (0xc11fc197) x 3 0x41205a28
core   0: 0x80009a2c (0x00000013) nop
core   0: 3 0x80009a2c (0x00000013)
core   0: 0x80009a30 (0xfff48c23) sb      t6, -8(s1)
core   0: 3 0x80009a30 (0xfff48c23) mem 0x80015c93 0x0
core   0: 0x80009a34 (0x013490a3) sh      s3, 1(s1)
core   0: 3 0x80009a34 (0x013490a3) mem 0x80015c9c 0x0053
core   0: 0x80009a38 (0x010d9c33) sll     s8, s11, a6
core   0: 3 0x80009a38 (0x010d9c33) x24 0xb1744000
core   0: 0x80009a3c (0xff949503) lh      a0, -7(s1)
core   0: 3 0x80009a3c (0xff949503) x10 0x00004e4f mem 0x80015c94
core   0: 0x80009a40 (0x00d493a3) sh      a3, 7(s1)
core   0: 3 0x80009a40 (0x00d493a3) mem 0x80015ca2 0x5fc9
core   0: 0x80009a44 (0x17f87413) andi    s0, a6, 383
core   0: 3 0x80009a44 (0x17f87413) x 8 0x00000009
core   0: 0x80009a48 (0x014f9313) slli    t1, t6, 20
core   0: 3 0x80009a48 (0x014f9313) x 6 0x00000000
core   0: 0x80009a4c (0x00e480a3) sb      a4, 1(s1)
core   0: 3 0x80009a4c (0x00e480a3) mem 0x80015c9c 0xe1
core   0: 0x80009a50 (0x04479417) auipc   s0, 0x4479
core   0: 3 0x80009a50 (0x04479417) x 8 0x84482a50
core   0: 0x80009a54 (0x00648703) lb      a4, 6(s1)
core   0: 3 0x80009a54 (0x00648703) x14 0x0000005a mem 0x80015ca1
core   0: 0x80009a58 (0xfe349fa3) sh      gp, -1(s1)
core   0: 3 0x80009a58 (0xfe349fa3) mem 0x80015c9a 0x5a28
core   0: 0x80009a5c (0x01ea38b3) sltu    a7, s4, t5
core   0: 3 0x80009a5c (0x01ea38b3) x17 0x00000001
core   0: 0x80009a60 (0x010c0233) add     tp, s8, a6
core   0: 3 0x80009a60 (0x010c0233) x 4 0xb1744809
core   0: 0x80009a64 (0x0064cb83) lbu     s7, 6(s1)
core   0: 3 0x80009a64 (0x0064cb83) x23 0x0000005a mem 0x80015ca1
core   0: 0x80009a68 (0xfe74aca3) sw      t2, -7(s1)
core   0: 3 0x80009a68 (0xfe74aca3) mem 0x80015c94 0x00000001
core   0: 0x80009a6c (0xff34dc03) lhu     s8, -13(s1)
core   0: 3 0x80009a6c (0xff34dc03) x24 0x00004445 mem 0x80015c8e
core   0: 0x80009a70 (0x00c481a3) sb      a2, 3(s1)
core   0: 3 0x80009a70 (0x00c481a3) mem 0x80015c9e 0x4
core   0: 0x80009a74 (0x01aa1393) slli    t2, s4, 26
core   0: 3 0x80009a74 (0x01aa1393) x 7 0x24000000
core   0: 0x80009a78 (0x01b7d3b3) srl     t2, a5, s11
core   0: 3 0x80009a78 (0x01b7d3b3) x 7 0x00000000
core   0: 0x80009a7c (0xb9c5a693) slti    a3, a1, -1124
core   0: 3 0x80009a7c (0xb9c5a693) x13 0x00000001
core   0: 0x80009a80 (0x00b4de03) lhu     t3, 11(s1)
core   0: 3 0x80009a80 (0x00b4de03) x28 0x0000e15d mem 0x80015ca6
core   0: 0x80009a84 (0x99b400b7) lui     ra, 0x99b40
core   0: 3 0x80009a84 (0x99b400b7) x 1 0x99b40000
core   0: 0x80009a88 (0x00248423) sb      sp, 8(s1)
core   0: 3 0x80009a88 (0x00248423) mem 0x80015ca3 0xe4
core   0: 0x80009a8c (0xff84c383) lbu     t2, -8(s1)
core   0: 3 0x80009a8c (0xff84c383) x 7 0x00000000 mem 0x80015c93
core   0: 0x80009a90 (0xfe948d23) sb      s1, -6(s1)
core   0: 3 0x80009a90 (0xfe948d23) mem 0x80015c95 0x9b
core   0: 0x80009a94 (0x01bc1913) slli    s2, s8, 27
core   0: 3 0x80009a94 (0x01bc1913) x18 0x28000000
core   0: 0x80009a98 (0x00f48423) sb      a5, 8(s1)
core   0: 3 0x80009a98 (0x00f48423) mem 0x80015ca3 0x0
core   0: 0x80009a9c (0x0024ca83) lbu     s5, 2(s1)
core   0: 3 0x80009a9c (0x0024ca83) x21 0x00000000 mem 0x80015c9d
core   0: 0x80009aa0 (0x132cf093) andi    ra, s9, 306
core   0: 3 0x80009aa0 (0x132cf093) x 1 0x00000022
core   0: 0x80009aa4 (0x00248783) lb      a5, 2(s1)
core   0: 3 0x80009aa4 (0x00248783) x15 0x00000000 mem 0x80015c9d
core   0: 0x80009aa8 (0x0000100f) fence.i
core   0: 3 0x80009aa8 (0x0000100f)
core   0: 0x80009aac (0x00000013) nop
core   0: 3 0x80009aac (0x00000013)
core   0: 0x80009ab0 (0x0000100f) fence.i
core   0: 3 0x80009ab0 (0x0000100f)
core   0: 0x80009ab4 (0x40325b13) srai    s6, tp, 3
core   0: 3 0x80009ab4 (0x40325b13) x22 0xf62e8901
core   0: 0x80009ab8 (0x0000100f) fence.i
core   0: 3 0x80009ab8 (0x0000100f)
core   0: 0x80009abc (0x00749303) lh      t1, 7(s1)
core   0: 3 0x80009abc (0x00749303) x 6 0x000000c9 mem 0x80015ca2
core   0: 0x80009ac0 (0x00e48503) lb      a0, 14(s1)
core   0: 3 0x80009ac0 (0x00e48503) x10 0x00000062 mem 0x80015ca9
core   0: 0x80009ac4 (0x0000c317) auipc   t1, 0xc
core   0: 3 0x80009ac4 (0x0000c317) x 6 0x80015ac4
core   0: 0x80009ac8 (0x09230313) addi    t1, t1, 146
core   0: 3 0x80009ac8 (0x09230313) x 6 0x80015b56
core   0: 0x80009acc (0x06030683) lb      a3, 96(t1)
core   0: 3 0x80009acc (0x06030683) x13 0x00000004 mem 0x80015bb6
core   0: 0x80009ad0 (0x05130ca3) sb      a7, 89(t1)
core   0: 3 0x80009ad0 (0x05130ca3) mem 0x80015baf 0x1
core   0: 0x80009ad4 (0xf4630423) sb      t1, -184(t1)
core   0: 3 0x80009ad4 (0xf4630423) mem 0x80015a9e 0x56
core   0: 0x80009ad8 (0xf12301a3) sb      s2, -253(t1)
core   0: 3 0x80009ad8 (0xf12301a3) mem 0x80015a59 0x0
core   0: 0x80009adc (0xf0334703) lbu     a4, -253(t1)
core   0: 3 0x80009adc (0xf0334703) x14 0x00000000 mem 0x80015a59
core   0: 0x80009ae0 (0xf0330503) lb      a0, -253(t1)
core   0: 3 0x80009ae0 (0xf0330503) x10 0x00000000 mem 0x80015a59
core   0: 0x80009ae4 (0xf0330883) lb      a7, -253(t1)
core   0: 3 0x80009ae4 (0xf0330883) x17 0x00000000 mem 0x80015a59
core   0: 0x80009ae8 (0xfb831f23) sh      s8, -66(t1)
core   0: 3 0x80009ae8 (0xfb831f23) mem 0x80015b14 0x4445
core   0: 0x80009aec (0xfbe35783) lhu     a5, -66(t1)
core   0: 3 0x80009aec (0xfbe35783) x15 0x00004445 mem 0x80015b14
core   0: 0x80009af0 (0xfa430f23) sb      tp, -66(t1)
core   0: 3 0x80009af0 (0xfa430f23) mem 0x80015b14 0x9
core   0: 0x80009af4 (0x4f3acd93) xori    s11, s5, 1267
core   0: 3 0x80009af4 (0x4f3acd93) x27 0x000004f3
core   0: 0x80009af8 (0xfca35783) lhu     a5, -54(t1)
core   0: 3 0x80009af8 (0xfca35783) x15 0x0000dadb mem 0x80015b20
core   0: 0x80009afc (0xfe630fa3) sb      t1, -1(t1)
core   0: 3 0x80009afc (0xfe630fa3) mem 0x80015b55 0x56
core   0: 0x80009b00 (0xfcd34903) lbu     s2, -51(t1)
core   0: 3 0x80009b00 (0xfcd34903) x18 0x000000d8 mem 0x80015b23
core   0: 0x80009b04 (0x0000c997) auipc   s3, 0xc
core   0: 3 0x80009b04 (0x0000c997) x19 0x80015b04
core   0: 0x80009b08 (0x90b98993) addi    s3, s3, -1781
core   0: 3 0x80009b08 (0x90b98993) x19 0x8001540f
core   0: 0x80009b0c (0x947d3093) sltiu   ra, s10, -1721
core   0: 3 0x80009b0c (0x947d3093) x 1 0x00000001
core   0: 0x80009b10 (0x26f9b797) auipc   a5, 0x26f9b
core   0: 3 0x80009b10 (0x26f9b797) x15 0xa6fa4b10
core   0: 0x80009b14 (0x0079ce83) lbu     t4, 7(s3)
core   0: 3 0x80009b14 (0x0079ce83) x29 0x00000000 mem 0x80015416
core   0: 0x80009b18 (0x0000100f) fence.i
core   0: 3 0x80009b18 (0x0000100f)
core   0: 0x80009b1c (0x00531433) sll     s0, t1, t0
core   0: 3 0x80009b1c (0x00531433) x 8 0x6ac00000
core   0: 0x80009b20 (0x00b981a3) sb      a1, 3(s3)
core   0: 3 0x80009b20 (0x00b981a3) mem 0x80015412 0x0
core   0: 0x80009b24 (0xfe798b23) sb      t2, -10(s3)
core   0: 3 0x80009b24 (0xfe798b23) mem 0x80015405 0x0
core   0: 0x80009b28 (0x01498623) sb      s4, 12(s3)
core   0: 3 0x80009b28 (0x01498623) mem 0x8001541b 0xc9
core   0: 0x80009b2c (0x12872793) slti    a5, a4, 296
core   0: 3 0x80009b2c (0x12872793) x15 0x00000001
core   0: 0x80009b30 (0xa7011937) lui     s2, 0xa7011
core   0: 3 0x80009b30 (0xa7011937) x18 0xa7011000
core   0: 0x80009b34 (0xff59d483) lhu     s1, -11(s3)
core   0: 3 0x80009b34 (0xff59d483) x 9 0x000000bf mem 0x80015404
core   0: 0x80009b38 (0x0000100f) fence.i
core   0: 3 0x80009b38 (0x0000100f)
core   0: 0x80009b3c (0xca26ad13) slti    s10, a3, -862
core   0: 3 0x80009b3c (0xca26ad13) x26 0x00000000
core   0: 0x80009b40 (0x01c82333) slt     t1, a6, t3
core   0: 3 0x80009b40 (0x01c82333) x 6 0x00000001
core   0: 0x80009b44 (0x01305bb3) srl     s7, zero, s3
core   0: 3 0x80009b44 (0x01305bb3) x23 0x00000000
core   0: 0x80009b48 (0xffd99b83) lh      s7, -3(s3)
core   0: 3 0x80009b48 (0xffd99b83) x23 0xffffaac7 mem 0x8001540c
core   0: 0x80009b4c (0x0ff0000f) fence   iorw,iorw
core   0: 3 0x80009b4c (0x0ff0000f)
core   0: 0x80009b50 (0xff19dc03) lhu     s8, -15(s3)
core   0: 3 0x80009b50 (0xff19dc03) x24 0x0000e2bb mem 0x80015400
core   0: 0x80009b54 (0x0073ccb3) xor     s9, t2, t2
core   0: 3 0x80009b54 (0x0073ccb3) x25 0x00000000
core   0: 0x80009b58 (0x00fe83b3) add     t2, t4, a5
core   0: 3 0x80009b58 (0x00fe83b3) x 7 0x00000001
core   0: 0x80009b5c (0xff19d383) lhu     t2, -15(s3)
core   0: 3 0x80009b5c (0xff19d383) x 7 0x0000e2bb mem 0x80015400
core   0: 0x80009b60 (0x40388b33) sub     s6, a7, gp
core   0: 3 0x80009b60 (0x40388b33) x22 0xbedfa5d8
core   0: 0x80009b64 (0x0019a283) lw      t0, 1(s3)
core   0: 3 0x80009b64 (0x0019a283) x 5 0xc800cacb mem 0x80015410
core   0: 0x80009b68 (0x4167d733) sra     a4, a5, s6
core   0: 3 0x80009b68 (0x4167d733) x14 0x00000000
core   0: 0x80009b6c (0x00c98803) lb      a6, 12(s3)
core   0: 3 0x80009b6c (0x00c98803) x16 0xffffffc9 mem 0x8001541b
core   0: 0x80009b70 (0xff19ae83) lw      t4, -15(s3)
core   0: 3 0x80009b70 (0xff19ae83) x29 0xb8b9e2bb mem 0x80015400
core   0: 0x80009b74 (0x00898403) lb      s0, 8(s3)
core   0: 3 0x80009b74 (0x00898403) x 8 0xffffffcc mem 0x80015417
core   0: 0x80009b78 (0x00921813) slli    a6, tp, 9
core   0: 3 0x80009b78 (0x00921813) x16 0xe8901200
core   0: 0x80009b7c (0x417cd693) srai    a3, s9, 23
core   0: 3 0x80009b7c (0x417cd693) x13 0x00000000
core   0: 0x80009b80 (0x00557933) and     s2, a0, t0
core   0: 3 0x80009b80 (0x00557933) x18 0x00000000
core   0: 0x80009b84 (0x00399203) lh      tp, 3(s3)
core   0: 3 0x80009b84 (0x00399203) x 4 0xffffc800 mem 0x80015412
core   0: 0x80009b88 (0x01326d33) or      s10, tp, s3
core   0: 3 0x80009b88 (0x01326d33) x26 0xffffdc0f
core   0: 0x80009b8c (0x2a54f393) andi    t2, s1, 677
core   0: 3 0x80009b8c (0x2a54f393) x 7 0x000000a5
core   0: 0x80009b90 (0x00905c93) srli    s9, zero, 9
core   0: 3 0x80009b90 (0x00905c93) x25 0x00000000
core   0: 0x80009b94 (0x015ae8b3) or      a7, s5, s5
core   0: 3 0x80009b94 (0x015ae8b3) x17 0x00000000
core   0: 0x80009b98 (0xffc9cf83) lbu     t6, -4(s3)
core   0: 3 0x80009b98 (0xffc9cf83) x31 0x00000076 mem 0x8001540b
core   0: 0x80009b9c (0x0001c797) auipc   a5, 0x1c
core   0: 3 0x80009b9c (0x0001c797) x15 0x80025b9c
core   0: 0x80009ba0 (0xd3178793) addi    a5, a5, -719
core   0: 3 0x80009ba0 (0xd3178793) x15 0x800258cd
core   0: 0x80009ba4 (0x3ff78c23) sb      t6, 1016(a5)
core   0: 3 0x80009ba4 (0x3ff78c23) mem 0x80025cc5 0x76
core   0: 0x80009ba8 (0xe5a78983) lb      s3, -422(a5)
core   0: 3 0x80009ba8 (0xe5a78983) x19 0xffffffdc mem 0x80025727
core   0: 0x80009bac (0x3f47ce03) lbu     t3, 1012(a5)
core   0: 3 0x80009bac (0x3f47ce03) x28 0x0000007a mem 0x80025cc1
core   0: 0x80009bb0 (0x61c7ce83) lbu     t4, 1564(a5)
core   0: 3 0x80009bb0 (0x61c7ce83) x29 0x000000a2 mem 0x80025ee9
core   0: 0x80009bb4 (0x32579e03) lh      t3, 805(a5)
core   0: 3 0x80009bb4 (0x32579e03) x28 0xffffa8a9 mem 0x80025bf2
core   0: 0x80009bb8 (0x04078183) lb      gp, 64(a5)
core   0: 3 0x80009bb8 (0x04078183) x 3 0xffffffc6 mem 0x8002590d
core   0: 0x80009bbc (0x00000013) nop
core   0: 3 0x80009bbc (0x00000013)
core   0: 0x80009bc0 (0x84979fa3) sh      s1, -1953(a5)
core   0: 3 0x80009bc0 (0x84979fa3) mem 0x8002512c 0x00bf
core   0: 0x80009bc4 (0x416b5413) srai    s0, s6, 22
core   0: 3 0x80009bc4 (0x416b5413) x 8 0xfffffefb
core   0: 0x80009bc8 (0x014b36b3) sltu    a3, s6, s4
core   0: 3 0x80009bc8 (0x014b36b3) x13 0x00000001
core   0: 0x80009bcc (0xa9678383) lb      t2, -1386(a5)
core   0: 3 0x80009bcc (0xa9678383) x 7 0x00000018 mem 0x80025363
core   0: 0x80009bd0 (0xab478083) lb      ra, -1356(a5)
core   0: 3 0x80009bd0 (0xab478083) x 1 0x0000003a mem 0x80025381
core   0: 0x80009bd4 (0x01b433b3) sltu    t2, s0, s11
core   0: 3 0x80009bd4 (0x01b433b3) x 7 0x00000000
core   0: 0x80009bd8 (0x40795d13) srai    s10, s2, 7
core   0: 3 0x80009bd8 (0x40795d13) x26 0x00000000
core   0: 0x80009bdc (0x6c27a1a3) sw      sp, 1731(a5)
core   0: 3 0x80009bdc (0x6c27a1a3) mem 0x80025f90 0x8002ece4
core   0: 0x80009be0 (0x73678523) sb      s6, 1834(a5)
core   0: 3 0x80009be0 (0x73678523) mem 0x80025ff7 0xd8
core   0: 0x80009be4 (0x53008697) auipc   a3, 0x53008
core   0: 3 0x80009be4 (0x53008697) x13 0xd3011be4
core   0: 0x80009be8 (0xb0979383) lh      t2, -1271(a5)
core   0: 3 0x80009be8 (0xb0979383) x 7 0xffff8c8d mem 0x800253d6
core   0: 0x80009bec (0x5eb78283) lb      t0, 1515(a5)
core   0: 3 0x80009bec (0x5eb78283) x 5 0x00000073 mem 0x80025eb8
core   0: 0x80009bf0 (0x00f6efb3) or      t6, a3, a5
core   0: 3 0x80009bf0 (0x00f6efb3) x31 0xd3035bed
core   0: 0x80009bf4 (0x384c7413) andi    s0, s8, 900
core   0: 3 0x80009bf4 (0x384c7413) x 8 0x00000280
core   0: 0x80009bf8 (0x74526193) ori     gp, tp, 1861
core   0: 3 0x80009bf8 (0x74526193) x 3 0xffffcf45
core   0: 0x80009bfc (0xa6878e83) lb      t4, -1432(a5)
core   0: 3 0x80009bfc (0xa6878e83) x29 0xffffffee mem 0x80025335
core   0: 0x80009c00 (0x0000100f) fence.i
core   0: 3 0x80009c00 (0x0000100f)
core   0: 0x80009c04 (0x522fa813) slti    a6, t6, 1314
core   0: 3 0x80009c04 (0x522fa813) x16 0x00000001
core   0: 0x80009c08 (0x23778123) sb      s7, 546(a5)
core   0: 3 0x80009c08 (0x23778123) mem 0x80025aef 0xc7
core   0: 0x80009c0c (0x4887cf83) lbu     t6, 1160(a5)
core   0: 3 0x80009c0c (0x4887cf83) x31 0x0000000e mem 0x80025d55
core   0: 0x80009c10 (0xa1f07f13) andi    t5, zero, -1505
core   0: 3 0x80009c10 (0xa1f07f13) x30 0x00000000
core   0: 0x80009c14 (0x0099bb33) sltu    s6, s3, s1
core   0: 3 0x80009c14 (0x0099bb33) x22 0x00000000
core   0: 0x80009c18 (0x2d0db497) auipc   s1, 0x2d0db
core   0: 3 0x80009c18 (0x2d0db497) x 9 0xad0e4c18
core   0: 0x80009c1c (0x143c8f13) addi    t5, s9, 323
core   0: 3 0x80009c1c (0x143c8f13) x30 0x00000143
core   0: 0x80009c20 (0x00b1dcb3) srl     s9, gp, a1
core   0: 3 0x80009c20 (0x00b1dcb3) x25 0xffffcf45
core   0: 0x80009c24 (0x5537ae03) lw      t3, 1363(a5)
core   0: 3 0x80009c24 (0x5537ae03) x28 0x0000dadb mem 0x80025e20
core   0: 0x80009c28 (0x00000013) nop
core   0: 3 0x80009c28 (0x00000013)
core   0: 0x80009c2c (0x2e218b93) addi    s7, gp, 738
core   0: 3 0x80009c2c (0x2e218b93) x23 0xffffd227
core   0: 0x80009c30 (0x01419713) slli    a4, gp, 20
core   0: 3 0x80009c30 (0x01419713) x14 0xf4500000
core   0: 0x80009c34 (0xfd0d6d93) ori     s11, s10, -48
core   0: 3 0x80009c34 (0xfd0d6d93) x27 0xffffffd0
core   0: 0x80009c38 (0x0d77a083) lw      ra, 215(a5)
core   0: 3 0x80009c38 (0x0d77a083) x 1 0x5c5d5e5f mem 0x800259a4
core   0: 0x80009c3c (0xd0678983) lb      s3, -762(a5)
core   0: 3 0x80009c3c (0xd0678983) x19 0xffffff88 mem 0x800255d3
core   0: 0x80009c40 (0x29e78383) lb      t2, 670(a5)
core   0: 3 0x80009c40 (0x29e78383) x 7 0x00000020 mem 0x80025b6b
core   0: 0x80009c44 (0x33479da3) sh      s4, 827(a5)
core   0: 3 0x80009c44 (0x33479da3) mem 0x80025c08 0xffc9
core   0: 0x80009c48 (0x0000b917) auipc   s2, 0xb
core   0: 3 0x80009c48 (0x0000b917) x18 0x80014c48
core   0: 0x80009c4c (0x7fe90913) addi    s2, s2, 2046
core   0: 3 0x80009c4c (0x7fe90913) x18 0x80015446
core   0: 0x80009c50 (0x0058a033) slt     zero, a7, t0
core   0: 3 0x80009c50 (0x0058a033)
core   0: 0x80009c54 (0x00594483) lbu     s1, 5(s2)
core   0: 3 0x80009c54 (0x00594483) x 9 0x00000000 mem 0x8001544b
core   0: 0x80009c58 (0x012070b3) and     ra, zero, s2
core   0: 3 0x80009c58 (0x012070b3) x 1 0x00000000
core   0: 0x80009c5c (0x00594d03) lbu     s10, 5(s2)
core   0: 3 0x80009c5c (0x00594d03) x26 0x00000000 mem 0x8001544b
core   0: 0x80009c60 (0x00594283) lbu     t0, 5(s2)
core   0: 3 0x80009c60 (0x00594283) x 5 0x00000000 mem 0x8001544b
core   0: 0x80009c64 (0x4abfea93) ori     s5, t6, 1195
core   0: 3 0x80009c64 (0x4abfea93) x21 0x000004af
core   0: 0x80009c68 (0xda133493) sltiu   s1, t1, -607
core   0: 3 0x80009c68 (0xda133493) x 9 0x00000001
core   0: 0x80009c6c (0x00590b83) lb      s7, 5(s2)
core   0: 3 0x80009c6c (0x00590b83) x23 0x00000000 mem 0x8001544b
core   0: 0x80009c70 (0x01857f33) and     t5, a0, s8
core   0: 3 0x80009c70 (0x01857f33) x30 0x00000000
core   0: 0x80009c74 (0x007902a3) sb      t2, 5(s2)
core   0: 3 0x80009c74 (0x007902a3) mem 0x8001544b 0x20
core   0: 0x80009c78 (0xff590d03) lb      s10, -11(s2)
core   0: 3 0x80009c78 (0xff590d03) x26 0x00000000 mem 0x8001543b
core   0: 0x80009c7c (0x00a8c733) xor     a4, a7, a0
core   0: 3 0x80009c7c (0x00a8c733) x14 0x00000000
core   0: 0x80009c80 (0x6d857a93) andi    s5, a0, 1752
core   0: 3 0x80009c80 (0x6d857a93) x21 0x00000000
core   0: 0x80009c84 (0xff491e23) sh      s4, -4(s2)
core   0: 3 0x80009c84 (0xff491e23) mem 0x80015442 0xffc9
core   0: 0x80009c88 (0xffc95f83) lhu     t6, -4(s2)
core   0: 3 0x80009c88 (0xffc95f83) x31 0x0000ffc9 mem 0x80015442
core   0: 0x80009c8c (0xfea91e23) sh      a0, -4(s2)
core   0: 3 0x80009c8c (0xfea91e23) mem 0x80015442 0x0000
core   0: 0x80009c90 (0xffc91283) lh      t0, -4(s2)
core   0: 3 0x80009c90 (0xffc91283) x 5 0x00000000 mem 0x80015442
core   0: 0x80009c94 (0xfe990e23) sb      s1, -4(s2)
core   0: 3 0x80009c94 (0xfe990e23) mem 0x80015442 0x1
core   0: 0x80009c98 (0x00b94503) lbu     a0, 11(s2)
core   0: 3 0x80009c98 (0x00b94503) x10 0x000000f3 mem 0x80015451
core   0: 0x80009c9c (0x00b94683) lbu     a3, 11(s2)
core   0: 3 0x80009c9c (0x00b94683) x13 0x000000f3 mem 0x80015451
core   0: 0x80009ca0 (0x00e92703) lw      a4, 14(s2)
core   0: 3 0x80009ca0 (0x00e92703) x14 0x0c0d0e0f mem 0x80015454
core   0: 0x80009ca4 (0x00295383) lhu     t2, 2(s2)
core   0: 3 0x80009ca4 (0x00295383) x 7 0x00000203 mem 0x80015448
core   0: 0x80009ca8 (0x0000b397) auipc   t2, 0xb
core   0: 3 0x80009ca8 (0x0000b397) x 7 0x80014ca8
core   0: 0x80009cac (0x69038393) addi    t2, t2, 1680
core   0: 3 0x80009cac (0x69038393) x 7 0x80015338
core   0: 0x80009cb0 (0x40d2d793) srai    a5, t0, 13
core   0: 3 0x80009cb0 (0x40d2d793) x15 0x00000000
core   0: 0x80009cb4 (0x00039023) sh      zero, 0(t2)
core   0: 3 0x80009cb4 (0x00039023) mem 0x80015338 0x0000
core   0: 0x80009cb8 (0x00b82033) slt     zero, a6, a1
core   0: 3 0x80009cb8 (0x00b82033)
core   0: 0x80009cbc (0x00c3c703) lbu     a4, 12(t2)
core   0: 3 0x80009cbc (0x00c3c703) x14 0x000000ff mem 0x80015344
core   0: 0x80009cc0 (0xfc638423) sb      t1, -56(t2)
core   0: 3 0x80009cc0 (0xfc638423) mem 0x80015300 0x1
core   0: 0x80009cc4 (0x00c38d23) sb      a2, 26(t2)
core   0: 3 0x80009cc4 (0x00c38d23) mem 0x80015352 0x4
core   0: 0x80009cc8 (0x02e3cb83) lbu     s7, 46(t2)
core   0: 3 0x80009cc8 (0x02e3cb83) x23 0x0000001d mem 0x80015366
core   0: 0x80009ccc (0xfeb389a3) sb      a1, -13(t2)
core   0: 3 0x80009ccc (0xfeb389a3) mem 0x8001532b 0x0
core   0: 0x80009cd0 (0x7b557237) lui     tp, 0x7b557
core   0: 3 0x80009cd0 (0x7b557237) x 4 0x7b557000
core   0: 0x80009cd4 (0x41570733) sub     a4, a4, s5
core   0: 3 0x80009cd4 (0x41570733) x14 0x000000ff
core   0: 0x80009cd8 (0x35b62c93) slti    s9, a2, 859
core   0: 3 0x80009cd8 (0x35b62c93) x25 0x00000001
core   0: 0x80009cdc (0x04039d03) lh      s10, 64(t2)
core   0: 3 0x80009cdc (0x04039d03) x26 0x00003233 mem 0x80015378
core   0: 0x80009ce0 (0x01d52bb3) slt     s7, a0, t4
core   0: 3 0x80009ce0 (0x01d52bb3) x23 0x00000000
core   0: 0x80009ce4 (0x02538123) sb      t0, 34(t2)
core   0: 3 0x80009ce4 (0x02538123) mem 0x8001535a 0x0
core   0: 0x80009ce8 (0x0000f4b3) and     s1, ra, zero
core   0: 3 0x80009ce8 (0x0000f4b3) x 9 0x00000000
core   0: 0x80009cec (0x015c5c33) srl     s8, s8, s5
core   0: 3 0x80009cec (0x015c5c33) x24 0x0000e2bb
core   0: 0x80009cf0 (0xff7382a3) sb      s7, -27(t2)
core   0: 3 0x80009cf0 (0xff7382a3) mem 0x8001531d 0x0
core   0: 0x80009cf4 (0xfd839683) lh      a3, -40(t2)
core   0: 3 0x80009cf4 (0xfd839683) x13 0xffffcacb mem 0x80015310
core   0: 0x80009cf8 (0xfe239783) lh      a5, -30(t2)
core   0: 3 0x80009cf8 (0xfe239783) x15 0x00000000 mem 0x8001531a
core   0: 0x80009cfc (0xfe538ea3) sb      t0, -3(t2)
core   0: 3 0x80009cfc (0xfe538ea3) mem 0x80015335 0x0
core   0: 0x80009d00 (0x00895793) srli    a5, s2, 8
core   0: 3 0x80009d00 (0x00895793) x15 0x00800154
core   0: 0x80009d04 (0x010d9693) slli    a3, s11, 16
core   0: 3 0x80009d04 (0x010d9693) x13 0xffd00000
core   0: 0x80009d08 (0x00000013) nop
core   0: 3 0x80009d08 (0x00000013)
core   0: 0x80009d0c (0xfe63d503) lhu     a0, -26(t2)
core   0: 3 0x80009d0c (0xfe63d503) x10 0x0000d4d5 mem 0x8001531e
core   0: 0x80009d10 (0x01f38f03) lb      t5, 31(t2)
core   0: 3 0x80009d10 (0x01f38f03) x30 0xffffffff mem 0x80015357
core   0: 0x80009d14 (0xfdf3c483) lbu     s1, -33(t2)
core   0: 3 0x80009d14 (0xfdf3c483) x 9 0x000000cc mem 0x80015317
core   0: 0x80009d18 (0xe2f9f293) andi    t0, s3, -465
core   0: 3 0x80009d18 (0xe2f9f293) x 5 0xfffffe08
core   0: 0x80009d1c (0x5ab16513) ori     a0, sp, 1451
core   0: 3 0x80009d1c (0x5ab16513) x10 0x8002edef
core   0: 0x80009d20 (0xfef3cd03) lbu     s10, -17(t2)
core   0: 3 0x80009d20 (0xfef3cd03) x26 0x000000dc mem 0x80015327
core   0: 0x80009d24 (0xffb3c303) lbu     t1, -5(t2)
core   0: 3 0x80009d24 (0xffb3c303) x 6 0x000000e8 mem 0x80015333
core   0: 0x80009d28 (0xfe938d03) lb      s10, -23(t2)
core   0: 3 0x80009d28 (0xfe938d03) x26 0x00000000 mem 0x80015321
core   0: 0x80009d2c (0x18ab2713) slti    a4, s6, 394
core   0: 3 0x80009d2c (0x18ab2713) x14 0x00000001
core   0: 0x80009d30 (0x00c7c4b3) xor     s1, a5, a2
core   0: 3 0x80009d30 (0x00c7c4b3) x 9 0x8082af50
core   0: 0x80009d34 (0x0373c403) lbu     s0, 55(t2)
core   0: 3 0x80009d34 (0x0373c403) x 8 0x00000024 mem 0x8001536f
core   0: 0x80009d38 (0xfc338723) sb      gp, -50(t2)
core   0: 3 0x80009d38 (0xfc338723) mem 0x80015306 0x45
core   0: 0x80009d3c (0x011167b3) or      a5, sp, a7
core   0: 3 0x80009d3c (0x011167b3) x15 0x8002ece4
core   0: 0x80009d40 (0xff53cf03) lbu     t5, -11(t2)
core   0: 3 0x80009d40 (0xff53cf03) x30 0x000000e6 mem 0x8001532d
core   0: 0x80009d44 (0xeb83ae13) slti    t3, t2, -328
core   0: 3 0x80009d44 (0xeb83ae13) x28 0x00000001
core   0: 0x80009d48 (0x3291ff37) lui     t5, 0x3291f
core   0: 3 0x80009d48 (0x3291ff37) x30 0x3291f000
core   0: 0x80009d4c (0xfd838023) sb      s8, -64(t2)
core   0: 3 0x80009d4c (0xfd838023) mem 0x800152f8 0xbb
core   0: 0x80009d50 (0x00b38403) lb      s0, 11(t2)
core   0: 3 0x80009d50 (0x00b38403) x 8 0xfffffff8 mem 0x80015343
core   0: 0x80009d54 (0x0000c317) auipc   t1, 0xc
core   0: 3 0x80009d54 (0x0000c317) x 6 0x80015d54
core   0: 0x80009d58 (0xdb730313) addi    t1, t1, -585
core   0: 3 0x80009d58 (0xdb730313) x 6 0x80015b0b
core   0: 0x80009d5c (0x00b35e83) lhu     t4, 11(t1)
core   0: 3 0x80009d5c (0x00b35e83) x29 0x0000cccd mem 0x80015b16
core   0: 0x80009d60 (0x00b31183) lh      gp, 11(t1)
core   0: 3 0x80009d60 (0x00b31183) x 3 0xffffcccd mem 0x80015b16
core   0: 0x80009d64 (0x00d31783) lh      a5, 13(t1)
core   0: 3 0x80009d64 (0x00d31783) x15 0xffffd2ff mem 0x80015b18
core   0: 0x80009d68 (0x01c30123) sb      t3, 2(t1)
core   0: 3 0x80009d68 (0x01c30123) mem 0x80015b0d 0x1
core   0: 0x80009d6c (0xae78a813) slti    a6, a7, -1305
core   0: 3 0x80009d6c (0xae78a813) x16 0x00000000
core   0: 0x80009d70 (0x00330423) sb      gp, 8(t1)
core   0: 3 0x80009d70 (0x00330423) mem 0x80015b13 0xcd
core   0: 0x80009d74 (0xff734e83) lbu     t4, -9(t1)
core   0: 3 0x80009d74 (0xff734e83) x29 0x000000b9 mem 0x80015b02
core   0: 0x80009d78 (0x0190de13) srli    t3, ra, 25
core   0: 3 0x80009d78 (0x0190de13) x28 0x00000000
core   0: 0x80009d7c (0x00730523) sb      t2, 10(t1)
core   0: 3 0x80009d7c (0x00730523) mem 0x80015b15 0x38
core   0: 0x80009d80 (0x01430123) sb      s4, 2(t1)
core   0: 3 0x80009d80 (0x01430123) mem 0x80015b0d 0xc9
core   0: 0x80009d84 (0x00089f33) sll     t5, a7, zero
core   0: 3 0x80009d84 (0x00089f33) x30 0x00000000
core   0: 0x80009d88 (0x003307a3) sb      gp, 15(t1)
core   0: 3 0x80009d88 (0x003307a3) mem 0x80015b1a 0xcd
core   0: 0x80009d8c (0x00f30883) lb      a7, 15(t1)
core   0: 3 0x80009d8c (0x00f30883) x17 0xffffffcd mem 0x80015b1a
core   0: 0x80009d90 (0x00f35083) lhu     ra, 15(t1)
core   0: 3 0x80009d90 (0x00f35083) x 1 0x0000d0cd mem 0x80015b1a
core   0: 0x80009d94 (0x01a35213) srli    tp, t1, 26
core   0: 3 0x80009d94 (0x01a35213) x 4 0x00000020
core   0: 0x80009d98 (0xfff31083) lh      ra, -1(t1)
core   0: 3 0x80009d98 (0xfff31083) x 1 0x00004ec1 mem 0x80015b0a
core   0: 0x80009d9c (0x00935803) lhu     a6, 9(t1)
core   0: 3 0x80009d9c (0x00935803) x16 0x00003809 mem 0x80015b14
core   0: 0x80009da0 (0x9637b713) sltiu   a4, a5, -1693
core   0: 3 0x80009da0 (0x9637b713) x14 0x00000001
core   0: 0x80009da4 (0x00e30083) lb      ra, 14(t1)
core   0: 3 0x80009da4 (0x00e30083) x 1 0xffffffd2 mem 0x80015b19
core   0: 0x80009da8 (0x00014c17) auipc   s8, 0x14
core   0: 3 0x80009da8 (0x00014c17) x24 0x8001dda8
core   0: 0x80009dac (0x675c0c13) addi    s8, s8, 1653
core   0: 3 0x80009dac (0x675c0c13) x24 0x8001e41d
core   0: 0x80009db0 (0x4e4c0203) lb      tp, 1252(s8)
core   0: 3 0x80009db0 (0x4e4c0203) x 4 0xffffffba mem 0x8001e901
core   0: 0x80009db4 (0x1d8c4203) lbu     tp, 472(s8)
core   0: 3 0x80009db4 (0x1d8c4203) x 4 0x000000ae mem 0x8001e5f5
core   0: 0x80009db8 (0xf21c0923) sb      ra, -206(s8)
core   0: 3 0x80009db8 (0xf21c0923) mem 0x8001e34f 0xd2
core   0: 0x80009dbc (0x726c0a23) sb      t1, 1844(s8)
core   0: 3 0x80009dbc (0x726c0a23) mem 0x8001eb51 0xb
core   0: 0x80009dc0 (0x00b3db33) srl     s6, t2, a1
core   0: 3 0x80009dc0 (0x00b3db33) x22 0x80015338
core   0: 0x80009dc4 (0xa59c0823) sb      s9, -1456(s8)
core   0: 3 0x80009dc4 (0xa59c0823) mem 0x8001de6d 0x1
core   0: 0x80009dc8 (0xbafc0d23) sb      a5, -1094(s8)
core   0: 3 0x80009dc8 (0xbafc0d23) mem 0x8001dfd7 0xff
core   0: 0x80009dcc (0x078c4d03) lbu     s10, 120(s8)
core   0: 3 0x80009dcc (0x078c4d03) x26 0x0000004e mem 0x8001e495
core   0: 0x80009dd0 (0xb6ec0123) sb      a4, -1182(s8)
core   0: 3 0x80009dd0 (0xb6ec0123) mem 0x8001df7f 0x1
core   0: 0x80009dd4 (0x5fec0903) lb      s2, 1534(s8)
core   0: 3 0x80009dd4 (0x5fec0903) x18 0xffffffd0 mem 0x8001ea1b
core   0: 0x80009dd8 (0x569c0d83) lb      s11, 1385(s8)
core   0: 3 0x80009dd8 (0x569c0d83) x27 0x0000003d mem 0x8001e986
core   0: 0x80009ddc (0xba4c0403) lb      s0, -1116(s8)
core   0: 3 0x80009ddc (0xba4c0403) x 8 0x0000007a mem 0x8001dfc1
core   0: 0x80009de0 (0x00a64f33) xor     t5, a2, a0
core   0: 3 0x80009de0 (0x00a64f33) x30 0x000043eb
core   0: 0x80009de4 (0x0078acb3) slt     s9, a7, t2
core   0: 3 0x80009de4 (0x0078acb3) x25 0x00000000
core   0: 0x80009de8 (0x4cbc0923) sb      a1, 1234(s8)
core   0: 3 0x80009de8 (0x4cbc0923) mem 0x8001e8ef 0x0
core   0: 0x80009dec (0xaec66f13) ori     t5, a2, -1300
core   0: 3 0x80009dec (0xaec66f13) x30 0xfffffeec
core   0: 0x80009df0 (0xca1b4517) auipc   a0, 0xca1b4
core   0: 3 0x80009df0 (0xca1b4517) x10 0x4a1bddf0
core   0: 0x80009df4 (0xd86c4403) lbu     s0, -634(s8)
core   0: 3 0x80009df4 (0xd86c4403) x 8 0x00000058 mem 0x8001e1a3
core   0: 0x80009df8 (0x5593b313) sltiu   t1, t2, 1369
core   0: 3 0x80009df8 (0x5593b313) x 6 0x00000000
core   0: 0x80009dfc (0xf63c5803) lhu     a6, -157(s8)
core   0: 3 0x80009dfc (0xf63c5803) x16 0x00003a3b mem 0x8001e380
core   0: 0x80009e00 (0xbb123213) sltiu   tp, tp, -1103
core   0: 3 0x80009e00 (0xbb123213) x 4 0x00000001
core   0: 0x80009e04 (0x1e1c0003) lb      zero, 481(s8)
core   0: 3 0x80009e04 (0x1e1c0003) mem 0x8001e5fe
core   0: 0x80009e08 (0xe60c0903) lb      s2, -416(s8)
core   0: 3 0x80009e08 (0xe60c0903) x18 0x00000036 mem 0x8001e27d
core   0: 0x80009e0c (0xb21ee193) ori     gp, t4, -1247
core   0: 3 0x80009e0c (0xb21ee193) x 3 0xfffffbb9
core   0: 0x80009e10 (0x41e5d6b3) sra     a3, a1, t5
core   0: 3 0x80009e10 (0x41e5d6b3) x13 0xfff80000
core   0: 0x80009e14 (0x911c0983) lb      s3, -1775(s8)
core   0: 3 0x80009e14 (0x911c0983) x19 0xffffffe5 mem 0x8001dd2e
core   0: 0x80009e18 (0x5e6c4303) lbu     t1, 1510(s8)
core   0: 3 0x80009e18 (0x5e6c4303) x 6 0x000000b8 mem 0x8001ea03
core   0: 0x80009e1c (0x6cfc03a3) sb      a5, 1735(s8)
core   0: 3 0x80009e1c (0x6cfc03a3) mem 0x8001eae4 0xff
core   0: 0x80009e20 (0x7e4c0e03) lb      t3, 2020(s8)
core   0: 3 0x80009e20 (0x7e4c0e03) x28 0xffffffba mem 0x8001ec01
core   0: 0x80009e24 (0x0ff0000f) fence   iorw,iorw
core   0: 3 0x80009e24 (0x0ff0000f)
core   0: 0x80009e28 (0x00660d33) add     s10, a2, t1
core   0: 3 0x80009e28 (0x00660d33) x26 0x8002aebc
core   0: 0x80009e2c (0xf78c0f23) sb      s8, -130(s8)
core   0: 3 0x80009e2c (0xf78c0f23) mem 0x8001e39b 0x1d
core   0: 0x80009e30 (0x68006d93) ori     s11, zero, 1664
core   0: 3 0x80009e30 (0x68006d93) x27 0x00000680
core   0: 0x80009e34 (0x012c02b3) add     t0, s8, s2
core   0: 3 0x80009e34 (0x012c02b3) x 5 0x8001e453
core   0: 0x80009e38 (0x995c4483) lbu     s1, -1643(s8)
core   0: 3 0x80009e38 (0x995c4483) x 9 0x00000069 mem 0x8001ddb2
core   0: 0x80009e3c (0x214c4703) lbu     a4, 532(s8)
core   0: 3 0x80009e3c (0x214c4703) x14 0x000000ea mem 0x8001e631
core   0: 0x80009e40 (0xb50c05a3) sb      a6, -1205(s8)
core   0: 3 0x80009e40 (0xb50c05a3) mem 0x8001df68 0x3b
core   0: 0x80009e44 (0x0ff0000f) fence   iorw,iorw
core   0: 3 0x80009e44 (0x0ff0000f)
core   0: 0x80009e48 (0x8c4c0683) lb      a3, -1852(s8)
core   0: 3 0x80009e48 (0x8c4c0683) x13 0xffffff9a mem 0x8001dce1
core   0: 0x80009e4c (0x72bc0823) sb      a1, 1840(s8)
core   0: 3 0x80009e4c (0x72bc0823) mem 0x8001eb4d 0x0
core   0: 0x80009e50 (0x0000b197) auipc   gp, 0xb
core   0: 3 0x80009e50 (0x0000b197) x 3 0x80014e50
core   0: 0x80009e54 (0x57018193) addi    gp, gp, 1392
core   0: 3 0x80009e54 (0x57018193) x 3 0x800153c0
core   0: 0x80009e58 (0xff11c703) lbu     a4, -15(gp)
core   0: 3 0x80009e58 (0xff11c703) x14 0x0000006a mem 0x800153b1
core   0: 0x80009e5c (0x0ff0000f) fence   iorw,iorw
core   0: 3 0x80009e5c (0x0ff0000f)
core   0: 0x80009e60 (0x0038e033) or      zero, a7, gp
core   0: 3 0x80009e60 (0x0038e033)
core   0: 0x80009e64 (0x00818203) lb      tp, 8(gp)
core   0: 3 0x80009e64 (0x00818203) x 4 0xffffff83 mem 0x800153c8
core   0: 0x80009e68 (0xff3189a3) sb      s3, -13(gp)
core   0: 3 0x80009e68 (0xff3189a3) mem 0x800153b3 0xe5
core   0: 0x80009e6c (0x0081ce03) lbu     t3, 8(gp)
core   0: 3 0x80009e6c (0x0081ce03) x28 0x00000083 mem 0x800153c8
core   0: 0x80009e70 (0x01ed46b3) xor     a3, s10, t5
core   0: 3 0x80009e70 (0x01ed46b3) x13 0x7ffd5050
core   0: 0x80009e74 (0xffd18703) lb      a4, -3(gp)
core   0: 3 0x80009e74 (0xffd18703) x14 0x00000076 mem 0x800153bd
core   0: 0x80009e78 (0x41b28eb3) sub     t4, t0, s11
core   0: 3 0x80009e78 (0x41b28eb3) x29 0x8001ddd3
core   0: 0x80009e7c (0x41915d33) sra     s10, sp, s9
core   0: 3 0x80009e7c (0x41915d33) x26 0x8002ece4
core   0: 0x80009e80 (0x00e18a03) lb      s4, 14(gp)
core   0: 3 0x80009e80 (0x00e18a03) x20 0xffffff85 mem 0x800153ce
core   0: 0x80009e84 (0x00a1db03) lhu     s6, 10(gp)
core   0: 3 0x80009e84 (0x00a1db03) x22 0x00002381 mem 0x800153ca
core   0: 0x80009e88 (0x3dd6f213) andi    tp, a3, 989
core   0: 3 0x80009e88 (0x3dd6f213) x 4 0x00000050
core   0: 0x80009e8c (0x00f186a3) sb      a5, 13(gp)
core   0: 3 0x80009e8c (0x00f186a3) mem 0x800153cd 0xff
core   0: 0x80009e90 (0x01788733) add     a4, a7, s7
core   0: 3 0x80009e90 (0x01788733) x14 0xffffffcd
core   0: 0x80009e94 (0x281e4a93) xori    s5, t3, 641
core   0: 3 0x80009e94 (0x281e4a93) x21 0x00000202
core   0: 0x80009e98 (0x00818f83) lb      t6, 8(gp)
core   0: 3 0x80009e98 (0x00818f83) x31 0xffffff83 mem 0x800153c8
core   0: 0x80009e9c (0xff318f03) lb      t5, -13(gp)
core   0: 3 0x80009e9c (0xff318f03) x30 0xffffffe5 mem 0x800153b3
core   0: 0x80009ea0 (0x00c183a3) sb      a2, 7(gp)
core   0: 3 0x80009ea0 (0x00c183a3) mem 0x800153c7 0x4
core   0: 0x80009ea4 (0x0000100f) fence.i
core   0: 3 0x80009ea4 (0x0000100f)
core   0: 0x80009ea8 (0x00419823) sh      tp, 16(gp)
core   0: 3 0x80009ea8 (0x00419823) mem 0x800153d0 0x0050
core   0: 0x80009eac (0x01119123) sh      a7, 2(gp)
core   0: 3 0x80009eac (0x01119123) mem 0x800153c2 0xffcd
core   0: 0x80009eb0 (0x00e19d83) lh      s11, 14(gp)
core   0: 3 0x80009eb0 (0x00e19d83) x27 0xffff8485 mem 0x800153ce
core   0: 0x80009eb4 (0x00918903) lb      s2, 9(gp)
core   0: 3 0x80009eb4 (0x00918903) x18 0xffffff82 mem 0x800153c9
core   0: 0x80009eb8 (0x00118403) lb      s0, 1(gp)
core   0: 3 0x80009eb8 (0x00118403) x 8 0x0000007a mem 0x800153c1
core   0: 0x80009ebc (0x01819523) sh      s8, 10(gp)
core   0: 3 0x80009ebc (0x01819523) mem 0x800153ca 0xe41d
core   0: 0x80009ec0 (0x00118d83) lb      s11, 1(gp)
core   0: 3 0x80009ec0 (0x00118d83) x27 0x0000007a mem 0x800153c1
core   0: 0x80009ec4 (0x01c7e2b3) or      t0, a5, t3
core   0: 3 0x80009ec4 (0x01c7e2b3) x 5 0xffffd2ff
core   0: 0x80009ec8 (0x00118983) lb      s3, 1(gp)
core   0: 3 0x80009ec8 (0x00118983) x19 0x0000007a mem 0x800153c1
core   0: 0x80009ecc (0x00f18403) lb      s0, 15(gp)
core   0: 3 0x80009ecc (0x00f18403) x 8 0xffffff84 mem 0x800153cf
core   0: 0x80009ed0 (0x0091c783) lbu     a5, 9(gp)
core   0: 3 0x80009ed0 (0x0091c783) x15 0x00000082 mem 0x800153c9
core   0: 0x80009ed4 (0x0041d503) lhu     a0, 4(gp)
core   0: 3 0x80009ed4 (0x0041d503) x10 0x00007e7f mem 0x800153c4
core   0: 0x80009ed8 (0x01ffc433) xor     s0, t6, t6
core   0: 3 0x80009ed8 (0x01ffc433) x 8 0x00000000
core   0: 0x80009edc (0x00ca5693) srli    a3, s4, 12
core   0: 3 0x80009edc (0x00ca5693) x13 0x000fffff
core   0: 0x80009ee0 (0xfe618ea3) sb      t1, -3(gp)
core   0: 3 0x80009ee0 (0xfe618ea3) mem 0x800153bd 0xb8
core   0: 0x80009ee4 (0xbc8a4237) lui     tp, 0xbc8a4
core   0: 3 0x80009ee4 (0xbc8a4237) x 4 0xbc8a4000
core   0: 0x80009ee8 (0x00e1ce83) lbu     t4, 14(gp)
core   0: 3 0x80009ee8 (0x00e1ce83) x29 0x00000085 mem 0x800153ce
core   0: 0x80009eec (0xffb1c083) lbu     ra, -5(gp)
core   0: 3 0x80009eec (0xffb1c083) x 1 0x0000001b mem 0x800153bb
core   0: 0x80009ef0 (0x00d18003) lb      zero, 13(gp)
core   0: 3 0x80009ef0 (0x00d18003) mem 0x800153cd
core   0: 0x80009ef4 (0x0ff0000f) fence   iorw,iorw
core   0: 3 0x80009ef4 (0x0ff0000f)
core   0: 0x80009ef8 (0x00d7dcb3) srl     s9, a5, a3
core   0: 3 0x80009ef8 (0x00d7dcb3) x25 0x00000000
core   0: 0x80009efc (0x0140f0b3) and     ra, ra, s4
core   0: 3 0x80009efc (0x0140f0b3) x 1 0x00000001
core   0: 0x80009f00 (0x0ff0000f) fence   iorw,iorw
core   0: 3 0x80009f00 (0x0ff0000f)
core   0: 0x80009f04 (0x0190d093) srli    ra, ra, 25
core   0: 3 0x80009f04 (0x0190d093) x 1 0x00000000
core   0: 0x80009f08 (0x410956b3) sra     a3, s2, a6
core   0: 3 0x80009f08 (0x410956b3) x13 0xffffffff
core   0: 0x80009f0c (0x00e1ce83) lbu     t4, 14(gp)
core   0: 3 0x80009f0c (0x00e1ce83) x29 0x00000085 mem 0x800153ce
core   0: 0x80009f10 (0x0155d9b3) srl     s3, a1, s5
core   0: 3 0x80009f10 (0x0155d9b3) x19 0x20000000
core   0: 0x80009f14 (0x0073a333) slt     t1, t2, t2
core   0: 3 0x80009f14 (0x0073a333) x 6 0x00000000
core   0: 0x80009f18 (0xffe1c083) lbu     ra, -2(gp)
core   0: 3 0x80009f18 (0xffe1c083) x 1 0x00000075 mem 0x800153be
core   0: 0x80009f1c (0x00014897) auipc   a7, 0x14
core   0: 3 0x80009f1c (0x00014897) x17 0x8001df1c
core   0: 0x80009f20 (0x8da88893) addi    a7, a7, -1830
core   0: 3 0x80009f20 (0x8da88893) x17 0x8001d7f6
core   0: 0x80009f24 (0xf3c89383) lh      t2, -196(a7)
core   0: 3 0x80009f24 (0xf3c89383) x 7 0xffffe8e9 mem 0x8001d732
core   0: 0x80009f28 (0x00010a97) auipc   s5, 0x10
core   0: 3 0x80009f28 (0x00010a97) x21 0x80019f28
core   0: 0x80009f2c (0x8a0a8a93) addi    s5, s5, -1888
core   0: 3 0x80009f2c (0x8a0a8a93) x21 0x800197c8
core   0: 0x80009f30 (0x552acd83) lbu     s11, 1362(s5)
core   0: 3 0x80009f30 (0x552acd83) x27 0x000000d1 mem 0x80019d1a
core   0: 0x80009f34 (0x0001b297) auipc   t0, 0x1b
core   0: 3 0x80009f34 (0x0001b297) x 5 0x80024f34
core   0: 0x80009f38 (0x4cd28293) addi    t0, t0, 1229
core   0: 3 0x80009f38 (0x4cd28293) x 5 0x80025401
core   0: 0x80009f3c (0x54ca9523) sh      a2, 1354(s5)
core   0: 3 0x80009f3c (0x54ca9523) mem 0x80019d12 0xae04
core   0: 0x80009f40 (0x50ea9503) lh      a0, 1294(s5)
core   0: 3 0x80009f40 (0x50ea9503) x10 0xffff8c8d mem 0x80019cd6
core   0: 0x80009f44 (0xfeb2a083) lw      ra, -21(t0)
core   0: 3 0x80009f44 (0xfeb2a083) x 1 0xa4a5a6a7 mem 0x800253ec
core   0: 0x80009f48 (0x05188fa3) sb      a7, 95(a7)
core   0: 3 0x80009f48 (0x05188fa3) mem 0x8001d855 0xf6
core   0: 0x80009f4c (0xd19a8383) lb      t2, -743(s5)
core   0: 3 0x80009f4c (0xd19a8383) x 7 0xffffff9a mem 0x800194e1
core   0: 0x80009f50 (0x0352a9a3) sw      s5, 51(t0)
core   0: 3 0x80009f50 (0x0352a9a3) mem 0x80025434 0x800197c8
core   0: 0x80009f54 (0x02e8da03) lhu     s4, 46(a7)
core   0: 3 0x80009f54 (0x02e8da03) x20 0x0000dedf mem 0x8001d824
core   0: 0x80009f58 (0x24eade83) lhu     t4, 590(s5)
core   0: 3 0x80009f58 (0x24eade83) x29 0x0000cccd mem 0x80019a16
core   0: 0x80009f5c (0x962a8b03) lb      s6, -1694(s5)
core   0: 3 0x80009f5c (0x962a8b03) x22 0xffffffe1 mem 0x8001912a
core   0: 0x80009f60 (0x09689b83) lh      s7, 150(a7)
core   0: 3 0x80009f60 (0x09689b83) x23 0x00004647 mem 0x8001d88c
core   0: 0x80009f64 (0x00b2a683) lw      a3, 11(t0)
core   0: 3 0x80009f64 (0x00b2a683) x13 0xc4c5c6c7 mem 0x8002540c
core   0: 0x80009f68 (0x0282a3a3) sw      s0, 39(t0)
core   0: 3 0x80009f68 (0x0282a3a3) mem 0x80025428 0x00000000
core   0: 0x80009f6c (0x1a3acf03) lbu     t5, 419(s5)
core   0: 3 0x80009f6c (0x1a3acf03) x30 0x00000020 mem 0x8001996b
core   0: 0x80009f70 (0x1b0adb83) lhu     s7, 432(s5)
core   0: 3 0x80009f70 (0x1b0adb83) x23 0x00003233 mem 0x80019978
core   0: 0x80009f74 (0x03888f83) lb      t6, 56(a7)
core   0: 3 0x80009f74 (0x03888f83) x31 0xffffffe5 mem 0x8001d82e
core   0: 0x80009f78 (0x352ad403) lhu     s0, 850(s5)
core   0: 3 0x80009f78 (0x352ad403) x 8 0x0000d0d1 mem 0x80019b1a
core   0: 0x80009f7c (0xff08ca03) lbu     s4, -16(a7)
core   0: 3 0x80009f7c (0xff08ca03) x20 0x0000009d mem 0x8001d7e6
core   0: 0x80009f80 (0xfbc881a3) sb      t3, -93(a7)
core   0: 3 0x80009f80 (0xfbc881a3) mem 0x8001d799 0x83
core   0: 0x80009f84 (0xfc929183) lh      gp, -55(t0)
core   0: 3 0x80009f84 (0xfc929183) x 3 0xffff8081 mem 0x800253ca
core   0: 0x80009f88 (0xfe0298a3) sh      zero, -15(t0)
core   0: 3 0x80009f88 (0xfe0298a3) mem 0x800253f2 0x0000
core   0: 0x80009f8c (0x0000b217) auipc   tp, 0xb
core   0: 3 0x80009f8c (0x0000b217) x 4 0x80014f8c
core   0: 0x80009f90 (0x76c20213) addi    tp, tp, 1900
core   0: 3 0x80009f90 (0x76c20213) x 4 0x800156f8
core   0: 0x80009f94 (0x0106b1b3) sltu    gp, a3, a6
core   0: 3 0x80009f94 (0x0106b1b3) x 3 0x00000000
core   0: 0x80009f98 (0x00220da3) sb      sp, 27(tp)
core   0: 3 0x80009f98 (0x00220da3) mem 0x80015713 0xe4
core   0: 0x80009f9c (0x00decf33) xor     t5, t4, a3
core   0: 3 0x80009f9c (0x00decf33) x30 0xc4c50a0a
core   0: 0x80009fa0 (0x6ca24c13) xori    s8, tp, 1738
core   0: 3 0x80009fa0 (0x6ca24c13) x24 0x80015032
core   0: 0x80009fa4 (0x95892e93) slti    t4, s2, -1704
core   0: 3 0x80009fa4 (0x95892e93) x29 0x00000000
core   0: 0x80009fa8 (0x32f8be93) sltiu   t4, a7, 815
core   0: 3 0x80009fa8 (0x32f8be93) x29 0x00000000
core   0: 0x80009fac (0x003a1793) slli    a5, s4, 3
core   0: 3 0x80009fac (0x003a1793) x15 0x000004e8
core   0: 0x80009fb0 (0xfeb21823) sh      a1, -16(tp)
core   0: 3 0x80009fb0 (0xfeb21823) mem 0x800156e8 0x0000
core   0: 0x80009fb4 (0x0168e6b3) or      a3, a7, s6
core   0: 3 0x80009fb4 (0x0168e6b3) x13 0xfffffff7
core   0: 0x80009fb8 (0x010628b3) slt     a7, a2, a6
core   0: 3 0x80009fb8 (0x010628b3) x17 0x00000001
core   0: 0x80009fbc (0x01320023) sb      s3, 0(tp)
core   0: 3 0x80009fbc (0x01320023) mem 0x800156f8 0x0
core   0: 0x80009fc0 (0x01565813) srli    a6, a2, 21
core   0: 3 0x80009fc0 (0x01565813) x16 0x00000400
core   0: 0x80009fc4 (0xfcd20ca3) sb      a3, -39(tp)
core   0: 3 0x80009fc4 (0xfcd20ca3) mem 0x800156d1 0xf7
core   0: 0x80009fc8 (0x001c1733) sll     a4, s8, ra
core   0: 3 0x80009fc8 (0x001c1733) x14 0x00a81900
core   0: 0x80009fcc (0x0000100f) fence.i
core   0: 3 0x80009fcc (0x0000100f)
core   0: 0x80009fd0 (0x8f84e793) ori     a5, s1, -1800
core   0: 3 0x80009fd0 (0x8f84e793) x15 0xfffff8f9
core   0: 0x80009fd4 (0x0102dc93) srli    s9, t0, 16
core   0: 3 0x80009fd4 (0x0102dc93) x25 0x00008002
core   0: 0x80009fd8 (0x6b4d2f13) slti    t5, s10, 1716
core   0: 3 0x80009fd8 (0x6b4d2f13) x30 0x00000001
core   0: 0x80009fdc (0xfeb20b23) sb      a1, -10(tp)
core   0: 3 0x80009fdc (0xfeb20b23) mem 0x800156ee 0x0
core   0: 0x80009fe0 (0x1bedfd93) andi    s11, s11, 446
core   0: 3 0x80009fe0 (0x1bedfd93) x27 0x00000090
core   0: 0x80009fe4 (0x0ff0000f) fence   iorw,iorw
core   0: 3 0x80009fe4 (0x0ff0000f)
core   0: 0x80009fe8 (0x6a96fe13) andi    t3, a3, 1705
core   0: 3 0x80009fe8 (0x6a96fe13) x28 0x000006a1
core   0: 0x80009fec (0x6874e893) ori     a7, s1, 1671
core   0: 3 0x80009fec (0x6874e893) x17 0x000006ef
core   0: 0x80009ff0 (0x03021a83) lh      s5, 48(tp)
core   0: 3 0x80009ff0 (0x03021a83) x21 0xffffe2e3 mem 0x80015728
core   0: 0x80009ff4 (0xfd824c83) lbu     s9, -40(tp)
core   0: 3 0x80009ff4 (0xfd824c83) x25 0x0000008b mem 0x800156d0
core   0: 0x80009ff8 (0x55d7ec93) ori     s9, a5, 1373
core   0: 3 0x80009ff8 (0x55d7ec93) x25 0xfffffdfd
core   0: 0x80009ffc (0x00000013) nop
core   0: 3 0x80009ffc (0x00000013)
core   0: 0x8000a000 (0x03920903) lb      s2, 57(tp)
core   0: 3 0x8000a000 (0x03920903) x18 0xffffffea mem 0x80015731
core   0: 0x8000a004 (0x03421c83) lh      s9, 52(tp)
core   0: 3 0x8000a004 (0x03421c83) x25 0xffffe6e7 mem 0x8001572c
core   0: 0x8000a008 (0x00000013) nop
core   0: 3 0x8000a008 (0x00000013)
core   0: 0x8000a00c (0x00e8d9b3) srl     s3, a7, a4
core   0: 3 0x8000a00c (0x00e8d9b3) x19 0x000006ef
core   0: 0x8000a010 (0x0ff0000f) fence   iorw,iorw
core   0: 3 0x8000a010 (0x0ff0000f)
core   0: 0x8000a014 (0x000e5833) srl     a6, t3, zero
core   0: 3 0x8000a014 (0x000e5833) x16 0x000006a1
core   0: 0x8000a018 (0x09667f97) auipc   t6, 0x9667
core   0: 3 0x8000a018 (0x09667f97) x31 0x89671018
core   0: 0x8000a01c (0x2f5dbe13) sltiu   t3, s11, 757
core   0: 3 0x8000a01c (0x2f5dbe13) x28 0x00000001
core   0: 0x8000a020 (0x011deb33) or      s6, s11, a7
core   0: 3 0x8000a020 (0x011deb33) x22 0x000006ff
core   0: 0x8000a024 (0x01321db3) sll     s11, tp, s3
core   0: 3 0x8000a024 (0x01321db3) x27 0xab7c0000
core   0: 0x8000a028 (0x01625303) lhu     t1, 22(tp)
core   0: 3 0x8000a028 (0x01625303) x 6 0x0000c4c5 mem 0x8001570e
core   0: 0x8000a02c (0x0000b797) auipc   a5, 0xb
core   0: 3 0x8000a02c (0x0000b797) x15 0x8001502c
core   0: 0x8000a030 (0x6ba78793) addi    a5, a5, 1722
core   0: 3 0x8000a030 (0x6ba78793) x15 0x800156e6
core   0: 0x8000a034 (0x0001be97) auipc   t4, 0x1b
core   0: 3 0x8000a034 (0x0001be97) x29 0x80025034
core   0: 0x8000a038 (0x840e8e93) addi    t4, t4, -1984
core   0: 3 0x8000a038 (0x840e8e93) x29 0x80024874
core   0: 0x8000a03c (0x065e8983) lb      s3, 101(t4)
core   0: 3 0x8000a03c (0x065e8983) x19 0xffffff92 mem 0x800248d9
core   0: 0x8000a040 (0xfbdec303) lbu     t1, -67(t4)
core   0: 3 0x8000a040 (0xfbdec303) x 6 0x000000ea mem 0x80024831
core   0: 0x8000a044 (0x00ae83a3) sb      a0, 7(t4)
core   0: 3 0x8000a044 (0x00ae83a3) mem 0x8002487b 0x8d
core   0: 0x8000a048 (0x098ea303) lw      t1, 152(t4)
core   0: 3 0x8000a048 (0x098ea303) x 6 0xc4c5c6c7 mem 0x8002490c
core   0: 0x8000a04c (0x01879723) sh      s8, 14(a5)
core   0: 3 0x8000a04c (0x01879723) mem 0x800156f4 0x5032
core   0: 0x8000a050 (0xf63ec703) lbu     a4, -157(t4)
core   0: 3 0x8000a050 (0xf63ec703) x14 0x0000008c mem 0x800247d7
core   0: 0x8000a054 (0xf72e8203) lb      tp, -142(t4)
core   0: 3 0x8000a054 (0xf72e8203) x 4 0xffffff9d mem 0x800247e6
core   0: 0x8000a058 (0xfd1e8023) sb      a7, -64(t4)
core   0: 3 0x8000a058 (0xfd1e8023) mem 0x80024834 0xef
core   0: 0x8000a05c (0x00d78083) lb      ra, 13(a5)
core   0: 3 0x8000a05c (0x00d78083) x 1 0xffffffa8 mem 0x800156f3
core   0: 0x8000a060 (0x0037cb03) lbu     s6, 3(a5)
core   0: 3 0x8000a060 (0x0037cb03) x22 0x00000000 mem 0x800156e9
core   0: 0x8000a064 (0xfc4e9003) lh      zero, -60(t4)
core   0: 3 0x8000a064 (0xfc4e9003) mem 0x80024838
core   0: 0x8000a068 (0xff479c23) sh      s4, -8(a5)
core   0: 3 0x8000a068 (0xff479c23) mem 0x800156de 0x009d
core   0: 0x8000a06c (0xff6e9683) lh      a3, -10(t4)
core   0: 3 0x8000a06c (0xff6e9683) x13 0x00002021 mem 0x8002486a
core   0: 0x8000a070 (0xfff78803) lb      a6, -1(a5)
core   0: 3 0x8000a070 (0xfff78803) x16 0xffffff9e mem 0x800156e5
core   0: 0x8000a074 (0x00e79503) lh      a0, 14(a5)
core   0: 3 0x8000a074 (0x00e79503) x10 0x00005032 mem 0x800156f4
core   0: 0x8000a078 (0xfcde8a83) lb      s5, -51(t4)
core   0: 3 0x8000a078 (0xfcde8a83) x21 0xfffffffa mem 0x80024841
core   0: 0x8000a07c (0x0000c817) auipc   a6, 0xc
core   0: 3 0x8000a07c (0x0000c817) x16 0x8001607c
core   0: 0x8000a080 (0xd2080813) addi    a6, a6, -736
core   0: 3 0x8000a080 (0xd2080813) x16 0x80015d9c
core   0: 0x8000a084 (0x59a64917) auipc   s2, 0x59a64
core   0: 3 0x8000a084 (0x59a64917) x18 0xd9a6e084
core   0: 0x8000a088 (0xf62802a3) sb      sp, -155(a6)
core   0: 3 0x8000a088 (0xf62802a3) mem 0x80015d01 0xe4
core   0: 0x8000a08c (0xf6580183) lb      gp, -155(a6)
core   0: 3 0x8000a08c (0xf6580183) x 3 0xffffffe4 mem 0x80015d01
core   0: 0x8000a090 (0x0a1800a3) sb      ra, 161(a6)
core   0: 3 0x8000a090 (0x0a1800a3) mem 0x80015e3d 0xa8
core   0: 0x8000a094 (0x4033dcb3) sra     s9, t2, gp
core   0: 3 0x8000a094 (0x4033dcb3) x25 0xfffffff9
core   0: 0x8000a098 (0x0a180503) lb      a0, 161(a6)
core   0: 3 0x8000a098 (0x0a180503) x10 0xffffffa8 mem 0x80015e3d
core   0: 0x8000a09c (0x0a180303) lb      t1, 161(a6)
core   0: 3 0x8000a09c (0x0a180303) x 6 0xffffffa8 mem 0x80015e3d
core   0: 0x8000a0a0 (0x00000013) nop
core   0: 3 0x8000a0a0 (0x00000013)
core   0: 0x8000a0a4 (0x0a184903) lbu     s2, 161(a6)
core   0: 3 0x8000a0a4 (0x0a184903) x18 0x000000a8 mem 0x80015e3d
core   0: 0x8000a0a8 (0x0bf84d83) lbu     s11, 191(a6)
core   0: 3 0x8000a0a8 (0x0bf84d83) x27 0x00000010 mem 0x80015e5b
core   0: 0x8000a0ac (0xf9984783) lbu     a5, -103(a6)
core   0: 3 0x8000a0ac (0xf9984783) x15 0x000000ee mem 0x80015d35
core   0: 0x8000a0b0 (0xf9980283) lb      t0, -103(a6)
core   0: 3 0x8000a0b0 (0xf9980283) x 5 0xffffffee mem 0x80015d35
core   0: 0x8000a0b4 (0xf9984e03) lbu     t3, -103(a6)
core   0: 3 0x8000a0b4 (0xf9984e03) x28 0x000000ee mem 0x80015d35
core   0: 0x8000a0b8 (0x0ea84883) lbu     a7, 234(a6)
core   0: 3 0x8000a0b8 (0x0ea84883) x17 0x0000003d mem 0x80015e86
core   0: 0x8000a0bc (0x0ea84183) lbu     gp, 234(a6)
core   0: 3 0x8000a0bc (0x0ea84183) x 3 0x0000003d mem 0x80015e86
core   0: 0x8000a0c0 (0x0a482003) lw      zero, 164(a6)
core   0: 3 0x8000a0c0 (0x0a482003) mem 0x80015e40
core   0: 0x8000a0c4 (0x0000c817) auipc   a6, 0xc
core   0: 3 0x8000a0c4 (0x0000c817) x16 0x800160c4
core   0: 0x8000a0c8 (0xeec80813) addi    a6, a6, -276
core   0: 3 0x8000a0c8 (0xeec80813) x16 0x80015fb0
core   0: 0x8000a0cc (0xfd180ea3) sb      a7, -35(a6)
core   0: 3 0x8000a0cc (0xfd180ea3) mem 0x80015f8d 0x3d
core   0: 0x8000a0d0 (0x00019e17) auipc   t3, 0x19
core   0: 3 0x8000a0d0 (0x00019e17) x28 0x800230d0
core   0: 0x8000a0d4 (0x517e0e13) addi    t3, t3, 1303
core   0: 3 0x8000a0d4 (0x517e0e13) x28 0x800235e7
core   0: 0x8000a0d8 (0x085e4703) lbu     a4, 133(t3)
core   0: 3 0x8000a0d8 (0x085e4703) x14 0x00000027 mem 0x8002366c
core   0: 0x8000a0dc (0x03784903) lbu     s2, 55(a6)
core   0: 3 0x8000a0dc (0x03784903) x18 0x0000009c mem 0x80015fe7
core   0: 0x8000a0e0 (0xf69e4a83) lbu     s5, -151(t3)
core   0: 3 0x8000a0e0 (0xf69e4a83) x21 0x0000000b mem 0x80023550
core   0: 0x8000a0e4 (0x004e1da3) sh      tp, 27(t3)
core   0: 3 0x8000a0e4 (0x004e1da3) mem 0x80023602 0xff9d
core   0: 0x8000a0e8 (0xfc9e0683) lb      a3, -55(t3)
core   0: 3 0x8000a0e8 (0xfc9e0683) x13 0x0000006b mem 0x800235b0
core   0: 0x8000a0ec (0x002809a3) sb      sp, 19(a6)
core   0: 3 0x8000a0ec (0x002809a3) mem 0x80015fc3 0xe4
core   0: 0x8000a0f0 (0x0d2e0a03) lb      s4, 210(t3)
core   0: 3 0x8000a0f0 (0x0d2e0a03) x20 0x00000072 mem 0x800236b9
core   0: 0x8000a0f4 (0x056e0e83) lb      t4, 86(t3)
core   0: 3 0x8000a0f4 (0x056e0e83) x29 0xfffffff6 mem 0x8002363d
core   0: 0x8000a0f8 (0x00180ca3) sb      ra, 25(a6)
core   0: 3 0x8000a0f8 (0x00180ca3) mem 0x80015fc9 0xa8
core   0: 0x8000a0fc (0x055e4283) lbu     t0, 85(t3)
core   0: 3 0x8000a0fc (0x055e4283) x 5 0x000000f7 mem 0x8002363c
core   0: 0x8000a100 (0x003e0923) sb      gp, 18(t3)
core   0: 3 0x8000a100 (0x003e0923) mem 0x800235f9 0x3d
core   0: 0x8000a104 (0xfe384883) lbu     a7, -29(a6)
core   0: 3 0x8000a104 (0xfe384883) x17 0x000000a0 mem 0x80015f93
core   0: 0x8000a108 (0x077e5c03) lhu     s8, 119(t3)
core   0: 3 0x8000a108 (0x077e5c03) x24 0x00001415 mem 0x8002365e
core   0: 0x8000a10c (0x0000c697) auipc   a3, 0xc
core   0: 3 0x8000a10c (0x0000c697) x13 0x8001610c
core   0: 0x8000a110 (0xe7768693) addi    a3, a3, -393
core   0: 3 0x8000a110 (0xe7768693) x13 0x80015f83
core   0: 0x8000a114 (0x03068e03) lb      t3, 48(a3)
core   0: 3 0x8000a114 (0x03068e03) x28 0xffffff9d mem 0x80015fb3
core   0: 0x8000a118 (0x0a99af13) slti    t5, s3, 169
core   0: 3 0x8000a118 (0x0a99af13) x30 0x00000001
core   0: 0x8000a11c (0x03068703) lb      a4, 48(a3)
core   0: 3 0x8000a11c (0x03068703) x14 0xffffff9d mem 0x80015fb3
core   0: 0x8000a120 (0x40925a13) srai    s4, tp, 9
core   0: 3 0x8000a120 (0x40925a13) x20 0xffffffff
core   0: 0x8000a124 (0x0306c483) lbu     s1, 48(a3)
core   0: 3 0x8000a124 (0x0306c483) x 9 0x0000009d mem 0x80015fb3
core   0: 0x8000a128 (0x03068a83) lb      s5, 48(a3)
core   0: 3 0x8000a128 (0x03068a83) x21 0xffffff9d mem 0x80015fb3
core   0: 0x8000a12c (0x012af2b3) and     t0, s5, s2
core   0: 3 0x8000a12c (0x012af2b3) x 5 0x0000009c
core   0: 0x8000a130 (0x0306c183) lbu     gp, 48(a3)
core   0: 3 0x8000a130 (0x0306c183) x 3 0x0000009d mem 0x80015fb3
core   0: 0x8000a134 (0x03068b03) lb      s6, 48(a3)
core   0: 3 0x8000a134 (0x03068b03) x22 0xffffff9d mem 0x80015fb3
core   0: 0x8000a138 (0x03168823) sb      a7, 48(a3)
core   0: 3 0x8000a138 (0x03168823) mem 0x80015fb3 0xa0
core   0: 0x8000a13c (0x00fcc933) xor     s2, s9, a5
core   0: 3 0x8000a13c (0x00fcc933) x18 0xffffff17
core   0: 0x8000a140 (0x03068883) lb      a7, 48(a3)
core   0: 3 0x8000a140 (0x03068883) x17 0xffffffa0 mem 0x80015fb3
core   0: 0x8000a144 (0x02d6df03) lhu     t5, 45(a3)
core   0: 3 0x8000a144 (0x02d6df03) x30 0x00006a6b mem 0x80015fb0
core   0: 0x8000a148 (0x02d6da03) lhu     s4, 45(a3)
core   0: 3 0x8000a148 (0x02d6da03) x20 0x00006a6b mem 0x80015fb0
core   0: 0x8000a14c (0x02d68303) lb      t1, 45(a3)
core   0: 3 0x8000a14c (0x02d68303) x 6 0x0000006b mem 0x80015fb0
core   0: 0x8000a150 (0xfea68223) sb      a0, -28(a3)
core   0: 3 0x8000a150 (0xfea68223) mem 0x80015f67 0xa8
core   0: 0x8000a154 (0x00018717) auipc   a4, 0x18
core   0: 3 0x8000a154 (0x00018717) x14 0x80022154
core   0: 0x8000a158 (0xd8870713) addi    a4, a4, -632
core   0: 3 0x8000a158 (0xd8870713) x14 0x80021edc
core   0: 0x8000a15c (0x01072303) lw      t1, 16(a4)
core   0: 3 0x8000a15c (0x01072303) x 6 0xa4a5a6a7 mem 0x80021eec
core   0: 0x8000a160 (0x40d3d093) srai    ra, t2, 13
core   0: 3 0x8000a160 (0x40d3d093) x 1 0xffffffff
core   0: 0x8000a164 (0x01e75383) lhu     t2, 30(a4)
core   0: 3 0x8000a164 (0x01e75383) x 7 0x0000b0b1 mem 0x80021efa
core   0: 0x8000a168 (0x01174283) lbu     t0, 17(a4)
core   0: 3 0x8000a168 (0x01174283) x 5 0x000000a6 mem 0x80021eed
core   0: 0x8000a16c (0x4136db13) srai    s6, a3, 19
core   0: 3 0x8000a16c (0x4136db13) x22 0xfffff000
core   0: 0x8000a170 (0x00000013) nop
core   0: 3 0x8000a170 (0x00000013)
core   0: 0x8000a174 (0x017a9c13) slli    s8, s5, 23
core   0: 3 0x8000a174 (0x017a9c13) x24 0xce800000
core   0: 0x8000a178 (0x4067f6b7) lui     a3, 0x4067f
core   0: 3 0x8000a178 (0x4067f6b7) x13 0x4067f000
core   0: 0x8000a17c (0x010056b3) srl     a3, zero, a6
core   0: 3 0x8000a17c (0x010056b3) x13 0x00000000
core   0: 0x8000a180 (0xffa74683) lbu     a3, -6(a4)
core   0: 3 0x8000a180 (0xffa74683) x13 0x0000008d mem 0x80021ed6
core   0: 0x8000a184 (0xfd370383) lb      t2, -45(a4)
core   0: 3 0x8000a184 (0xfd370383) x 7 0x00000064 mem 0x80021eaf
core   0: 0x8000a188 (0xa4352793) slti    a5, a0, -1469
core   0: 3 0x8000a188 (0xa4352793) x15 0x00000000
core   0: 0x8000a18c (0x37f93e13) sltiu   t3, s2, 895
core   0: 3 0x8000a18c (0x37f93e13) x28 0x00000000
core   0: 0x8000a190 (0x03f72023) sw      t6, 32(a4)
core   0: 3 0x8000a190 (0x03f72023) mem 0x80021efc 0x89671018
core   0: 0x8000a194 (0x00000013) nop
core   0: 3 0x8000a194 (0x00000013)
core   0: 0x8000a198 (0x4d30fc13) andi    s8, ra, 1235
core   0: 3 0x8000a198 (0x4d30fc13) x24 0x000004d3
core   0: 0x8000a19c (0xaee7a913) slti    s2, a5, -1298
core   0: 3 0x8000a19c (0xaee7a913) x18 0x00000000
core   0: 0x8000a1a0 (0xfe574283) lbu     t0, -27(a4)
core   0: 3 0x8000a1a0 (0xfe574283) x 5 0x0000007a mem 0x80021ec1
core   0: 0x8000a1a4 (0x00e70823) sb      a4, 16(a4)
core   0: 3 0x8000a1a4 (0x00e70823) mem 0x80021eec 0xdc
core   0: 0x8000a1a8 (0x00570083) lb      ra, 5(a4)
core   0: 3 0x8000a1a8 (0x00570083) x 1 0xffffff9a mem 0x80021ee1
core   0: 0x8000a1ac (0xff170da3) sb      a7, -5(a4)
core   0: 3 0x8000a1ac (0xff170da3) mem 0x80021ed7 0xa0
core   0: 0x8000a1b0 (0x00000013) nop
core   0: 3 0x8000a1b0 (0x00000013)
core   0: 0x8000a1b4 (0xfd170e83) lb      t4, -47(a4)
core   0: 3 0x8000a1b4 (0xfd170e83) x29 0x00000066 mem 0x80021ead
core   0: 0x8000a1b8 (0xff275983) lhu     s3, -14(a4)
core   0: 3 0x8000a1b8 (0xff275983) x19 0x00008485 mem 0x80021ece
core   0: 0x8000a1bc (0x01e75203) lhu     tp, 30(a4)
core   0: 3 0x8000a1bc (0x01e75203) x 4 0x0000b0b1 mem 0x80021efa
core   0: 0x8000a1c0 (0xdebff697) auipc   a3, 0xdebff
core   0: 3 0x8000a1c0 (0xdebff697) x13 0x5ec091c0
core   0: 0x8000a1c4 (0x02770083) lb      ra, 39(a4)
core   0: 3 0x8000a1c4 (0x02770083) x 1 0xffffffb8 mem 0x80021f03
core   0: 0x8000a1c8 (0x01b70383) lb      t2, 27(a4)
core   0: 3 0x8000a1c8 (0x01b70383) x 7 0xffffffac mem 0x80021ef7
core   0: 0x8000a1cc (0xffa75483) lhu     s1, -6(a4)
core   0: 3 0x8000a1cc (0xffa75483) x 9 0x0000a08d mem 0x80021ed6
core   0: 0x8000a1d0 (0x415501b3) sub     gp, a0, s5
core   0: 3 0x8000a1d0 (0x415501b3) x 3 0x0000000b
core   0: 0x8000a1d4 (0xfd774b03) lbu     s6, -41(a4)
core   0: 3 0x8000a1d4 (0xfd774b03) x22 0x00000068 mem 0x80021eb3
core   0: 0x8000a1d8 (0xd19ef413) andi    s0, t4, -743
core   0: 3 0x8000a1d8 (0xd19ef413) x 8 0x00000000
core   0: 0x8000a1dc (0x007703a3) sb      t2, 7(a4)
core   0: 3 0x8000a1dc (0x007703a3) mem 0x80021ee3 0xac
core   0: 0x8000a1e0 (0x00971c23) sh      s1, 24(a4)
core   0: 3 0x8000a1e0 (0x00971c23) mem 0x80021ef4 0xa08d
core   0: 0x8000a1e4 (0xfcb70da3) sb      a1, -37(a4)
core   0: 3 0x8000a1e4 (0xfcb70da3) mem 0x80021eb7 0x0
core   0: 0x8000a1e8 (0xade33a93) sltiu   s5, t1, -1314
core   0: 3 0x8000a1e8 (0xade33a93) x21 0x00000001
core   0: 0x8000a1ec (0xffe71f03) lh      t5, -2(a4)
core   0: 3 0x8000a1ec (0xffe71f03) x30 0xffff9091 mem 0x80021eda
core   0: 0x8000a1f0 (0x03f74903) lbu     s2, 63(a4)
core   0: 3 0x8000a1f0 (0x03f74903) x18 0x000000d0 mem 0x80021f1b
core   0: 0x8000a1f4 (0x41b35993) srai    s3, t1, 27
core   0: 3 0x8000a1f4 (0x41b35993) x19 0xfffffff4
core   0: 0x8000a1f8 (0x0130ceb3) xor     t4, ra, s3
core   0: 3 0x8000a1f8 (0x0130ceb3) x29 0x0000004c
core   0: 0x8000a1fc (0x03971e23) sh      s9, 60(a4)
core   0: 3 0x8000a1fc (0x03971e23) mem 0x80021f18 0xfff9
core   0: 0x8000a200 (0xc4c78493) addi    s1, a5, -948
core   0: 3 0x8000a200 (0xc4c78493) x 9 0xfffffc4c
core   0: 0x8000a204 (0xbb612493) slti    s1, sp, -1098
core   0: 3 0x8000a204 (0xbb612493) x 9 0x00000001
core   0: 0x8000a208 (0xe2ec7513) andi    a0, s8, -466
core   0: 3 0x8000a208 (0xe2ec7513) x10 0x00000402
core   0: 0x8000a20c (0x00af60b3) or      ra, t5, a0
core   0: 3 0x8000a20c (0x00af60b3) x 1 0xffff9493
core   0: 0x8000a210 (0xbaa70313) addi    t1, a4, -1110
core   0: 3 0x8000a210 (0xbaa70313) x 6 0x80021a86
core   0: 0x8000a214 (0x013b5d33) srl     s10, s6, s3
core   0: 3 0x8000a214 (0x013b5d33) x26 0x00000000
core   0: 0x8000a218 (0xfc675483) lhu     s1, -58(a4)
core   0: 3 0x8000a218 (0xfc675483) x 9 0x00005859 mem 0x80021ea2
core   0: 0x8000a21c (0x01075983) lhu     s3, 16(a4)
core   0: 3 0x8000a21c (0x01075983) x19 0x0000a6dc mem 0x80021eec
core   0: 0x8000a220 (0x02474283) lbu     t0, 36(a4)
core   0: 3 0x8000a220 (0x02474283) x 5 0x000000bb mem 0x80021f00
core   0: 0x8000a224 (0x01809e13) slli    t3, ra, 24
core   0: 3 0x8000a224 (0x01809e13) x28 0x93000000
core   0: 0x8000a228 (0x00072623) sw      zero, 12(a4)
core   0: 3 0x8000a228 (0x00072623) mem 0x80021ee8 0x00000000
core   0: 0x8000a22c (0x01a70383) lb      t2, 26(a4)
core   0: 3 0x8000a22c (0x01a70383) x 7 0xffffffad mem 0x80021ef6
core   0: 0x8000a230 (0x01075183) lhu     gp, 16(a4)
core   0: 3 0x8000a230 (0x01075183) x 3 0x0000a6dc mem 0x80021eec
core   0: 0x8000a234 (0xfd671d23) sh      s6, -38(a4)
core   0: 3 0x8000a234 (0xfd671d23) mem 0x80021eb6 0x0068
core   0: 0x8000a238 (0x00011f97) auipc   t6, 0x11
core   0: 3 0x8000a238 (0x00011f97) x31 0x8001b238
core   0: 0x8000a23c (0xb26f8f93) addi    t6, t6, -1242
core   0: 3 0x8000a23c (0xb26f8f93) x31 0x8001ad5e
core   0: 0x8000a240 (0x005cd733) srl     a4, s9, t0
core   0: 3 0x8000a240 (0x005cd733) x14 0x0000001f
core   0: 0x8000a244 (0xf6bf82a3) sb      a1, -155(t6)
core   0: 3 0x8000a244 (0xf6bf82a3) mem 0x8001acc3 0x0
core   0: 0x8000a248 (0xfbef8723) sb      t5, -82(t6)
core   0: 3 0x8000a248 (0xfbef8723) mem 0x8001ad0c 0x91
core   0: 0x8000a24c (0x41515013) srai    zero, sp, 21
core   0: 3 0x8000a24c (0x41515013)
core   0: 0x8000a250 (0x0eef9423) sh      a4, 232(t6)
core   0: 3 0x8000a250 (0x0eef9423) mem 0x8001ae46 0x001f
core   0: 0x8000a254 (0x045f8903) lb      s2, 69(t6)
core   0: 3 0x8000a254 (0x045f8903) x18 0x00000058 mem 0x8001ada3
core   0: 0x8000a258 (0x0000100f) fence.i
core   0: 3 0x8000a258 (0x0000100f)
core   0: 0x8000a25c (0x41d1dcb3) sra     s9, gp, t4
core   0: 3 0x8000a25c (0x41d1dcb3) x25 0x0000000a
core   0: 0x8000a260 (0x0b7f8823) sb      s7, 176(t6)
core   0: 3 0x8000a260 (0x0b7f8823) mem 0x8001ae0e 0x33
core   0: 0x8000a264 (0xf68f9683) lh      a3, -152(t6)
core   0: 3 0x8000a264 (0xf68f9683) x13 0x00007c7d mem 0x8001acc6
core   0: 0x8000a268 (0xf53f8e83) lb      t4, -173(t6)
core   0: 3 0x8000a268 (0xf53f8e83) x29 0x0000006a mem 0x8001acb1
core   0: 0x8000a26c (0x000581b3) add     gp, a1, zero
core   0: 3 0x8000a26c (0x000581b3) x 3 0x80000000
core   0: 0x8000a270 (0x40bbd333) sra     t1, s7, a1
core   0: 3 0x8000a270 (0x40bbd333) x 6 0x00003233
core   0: 0x8000a274 (0x019a89b3) add     s3, s5, s9
core   0: 3 0x8000a274 (0x019a89b3) x19 0x0000000b
core   0: 0x8000a278 (0x00311893) slli    a7, sp, 3
core   0: 3 0x8000a278 (0x00311893) x17 0x00176720
core   0: 0x8000a27c (0x001cda33) srl     s4, s9, ra
core   0: 3 0x8000a27c (0x001cda33) x20 0x00000000
core   0: 0x8000a280 (0xf71f83a3) sb      a7, -153(t6)
core   0: 3 0x8000a280 (0xf71f83a3) mem 0x8001acc5 0x20
core   0: 0x8000a284 (0xf9ef8923) sb      t5, -110(t6)
core   0: 3 0x8000a284 (0xf9ef8923) mem 0x8001acf0 0x91
core   0: 0x8000a288 (0xf0bf83a3) sb      a1, -249(t6)
core   0: 3 0x8000a288 (0xf0bf83a3) mem 0x8001ac65 0x0
core   0: 0x8000a28c (0x405f5193) srai    gp, t5, 5
core   0: 3 0x8000a28c (0x405f5193) x 3 0xfffffc84
core   0: 0x8000a290 (0xff8f8aa3) sb      s8, -11(t6)
core   0: 3 0x8000a290 (0xff8f8aa3) mem 0x8001ad53 0xd3
core   0: 0x8000a294 (0x0138e3b3) or      t2, a7, s3
core   0: 3 0x8000a294 (0x0138e3b3) x 7 0x0017672b
core   0: 0x8000a298 (0x622a9c37) lui     s8, 0x622a9
core   0: 3 0x8000a298 (0x622a9c37) x24 0x622a9000
core   0: 0x8000a29c (0x003f54b3) srl     s1, t5, gp
core   0: 3 0x8000a29c (0x003f54b3) x 9 0x0ffff909
core   0: 0x8000a2a0 (0x07bfc183) lbu     gp, 123(t6)
core   0: 3 0x8000a2a0 (0x07bfc183) x 3 0x00000092 mem 0x8001add9
core   0: 0x8000a2a4 (0x0093ba33) sltu    s4, t2, s1
core   0: 3 0x8000a2a4 (0x0093ba33) x20 0x00000001
core   0: 0x8000a2a8 (0x0000100f) fence.i
core   0: 3 0x8000a2a8 (0x0000100f)
core   0: 0x8000a2ac (0xf97f8703) lb      a4, -105(t6)
core   0: 3 0x8000a2ac (0xf97f8703) x14 0xffffffae mem 0x8001acf5
core   0: 0x8000a2b0 (0x009ac433) xor     s0, s5, s1
core   0: 3 0x8000a2b0 (0x009ac433) x 8 0x0ffff908
core   0: 0x8000a2b4 (0xf0efd083) lhu     ra, -242(t6)
core   0: 3 0x8000a2b4 (0xf0efd083) x 1 0x00002627 mem 0x8001ac6c
core   0: 0x8000a2b8 (0x491aa193) slti    gp, s5, 1169
core   0: 3 0x8000a2b8 (0x491aa193) x 3 0x00000001
core   0: 0x8000a2bc (0xf3ef81a3) sb      t5, -221(t6)
core   0: 3 0x8000a2bc (0xf3ef81a3) mem 0x8001ac81 0x91
core   0: 0x8000a2c0 (0xea69cd93) xori    s11, s3, -346
core   0: 3 0x8000a2c0 (0xea69cd93) x27 0xfffffead
core   0: 0x8000a2c4 (0x005c9033) sll     zero, s9, t0
core   0: 3 0x8000a2c4 (0x005c9033)
core   0: 0x8000a2c8 (0x01406533) or      a0, zero, s4
core   0: 3 0x8000a2c8 (0x01406533) x10 0x00000001
core   0: 0x8000a2cc (0xfc0f9183) lh      gp, -64(t6)
core   0: 3 0x8000a2cc (0xfc0f9183) x 3 0xffffd4d5 mem 0x8001ad1e
core   0: 0x8000a2d0 (0x01269733) sll     a4, a3, s2
core   0: 3 0x8000a2d0 (0x01269733) x14 0x7d000000
core   0: 0x8000a2d4 (0xfbbf8d83) lb      s11, -69(t6)
core   0: 3 0x8000a2d4 (0xfbbf8d83) x27 0xffffffd2 mem 0x8001ad19
core   0: 0x8000a2d8 (0x009a9193) slli    gp, s5, 9
core   0: 3 0x8000a2d8 (0x009a9193) x 3 0x00000200
core   0: 0x8000a2dc (0xe55d9db7) lui     s11, 0xe55d9
core   0: 3 0x8000a2dc (0xe55d9db7) x27 0xe55d9000
core   0: 0x8000a2e0 (0x09bfcf03) lbu     t5, 155(t6)
core   0: 3 0x8000a2e0 (0x09bfcf03) x30 0x000000b2 mem 0x8001adf9
core   0: 0x8000a2e4 (0x0bdfc903) lbu     s2, 189(t6)
core   0: 3 0x8000a2e4 (0x0bdfc903) x18 0x000000d0 mem 0x8001ae1b
core   0: 0x8000a2e8 (0x019ca333) slt     t1, s9, s9
core   0: 3 0x8000a2e8 (0x019ca333) x 6 0x00000000
core   0: 0x8000a2ec (0x02bf8e83) lb      t4, 43(t6)
core   0: 3 0x8000a2ec (0x02bf8e83) x29 0x00000042 mem 0x8001ad89
core   0: 0x8000a2f0 (0x36691a37) lui     s4, 0x36691
core   0: 3 0x8000a2f0 (0x36691a37) x20 0x36691000
core   0: 0x8000a2f4 (0xf7af9e23) sh      s10, -132(t6)
core   0: 3 0x8000a2f4 (0xf7af9e23) mem 0x8001acda 0x0000
core   0: 0x8000a2f8 (0x00c5b733) sltu    a4, a1, a2
core   0: 3 0x8000a2f8 (0x00c5b733) x14 0x00000001
core   0: 0x8000a2fc (0x0f0fdb83) lhu     s7, 240(t6)
core   0: 3 0x8000a2fc (0x0f0fdb83) x23 0x00000405 mem 0x8001ae4e
core   0: 0x8000a300 (0x00eb81b3) add     gp, s7, a4
core   0: 3 0x8000a300 (0x00eb81b3) x 3 0x00000406
core   0: 0x8000a304 (0x040f8ca3) sb      zero, 89(t6)
core   0: 3 0x8000a304 (0x040f8ca3) mem 0x8001adb7 0x0
core   0: 0x8000a308 (0x01196f33) or      t5, s2, a7
core   0: 3 0x8000a308 (0x01196f33) x30 0x001767f0
core   0: 0x8000a30c (0x063fc503) lbu     a0, 99(t6)
core   0: 3 0x8000a30c (0x063fc503) x10 0x0000007a mem 0x8001adc1
core   0: 0x8000a310 (0x00ff8803) lb      a6, 15(t6)
core   0: 3 0x8000a310 (0x00ff8803) x16 0x00000026 mem 0x8001ad6d
core   0: 0x8000a314 (0x089f8a83) lb      s5, 137(t6)
core   0: 3 0x8000a314 (0x089f8a83) x21 0xffffff9c mem 0x8001ade7
core   0: 0x8000a318 (0x00cf8a03) lb      s4, 12(t6)
core   0: 3 0x8000a318 (0x00cf8a03) x20 0x00000021 mem 0x8001ad6a
core   0: 0x8000a31c (0x0000b897) auipc   a7, 0xb
core   0: 3 0x8000a31c (0x0000b897) x17 0x8001531c
core   0: 0x8000a320 (0x68f88893) addi    a7, a7, 1679
core   0: 3 0x8000a320 (0x68f88893) x17 0x800159ab
core   0: 0x8000a324 (0x0000b397) auipc   t2, 0xb
core   0: 3 0x8000a324 (0x0000b397) x 7 0x80015324
core   0: 0x8000a328 (0x2fe38393) addi    t2, t2, 766
core   0: 3 0x8000a328 (0x2fe38393) x 7 0x80015622
core   0: 0x8000a32c (0xf8988f83) lb      t6, -119(a7)
core   0: 3 0x8000a32c (0xf8988f83) x31 0xffffffef mem 0x80015934
core   0: 0x8000a330 (0xfa83d683) lhu     a3, -88(t2)
core   0: 3 0x8000a330 (0xfa83d683) x13 0x00008057 mem 0x800155ca
core   0: 0x8000a334 (0xa2f8a8a3) sw      a5, -1487(a7)
core   0: 3 0x8000a334 (0xa2f8a8a3) mem 0x800153dc 0x00000000
core   0: 0x8000a338 (0xfbe38a03) lb      s4, -66(t2)
core   0: 3 0x8000a338 (0xfbe38a03) x20 0xffffff9b mem 0x800155e0
core   0: 0x8000a33c (0x0000b997) auipc   s3, 0xb
core   0: 3 0x8000a33c (0x0000b997) x19 0x8001533c
core   0: 0x8000a340 (0xd7e98993) addi    s3, s3, -642
core   0: 3 0x8000a340 (0xd7e98993) x19 0x800150ba
core   0: 0x8000a344 (0xcf78ce03) lbu     t3, -777(a7)
core   0: 3 0x8000a344 (0xcf78ce03) x28 0x000000b9 mem 0x800156a2
core   0: 0x8000a348 (0x00b3cd03) lbu     s10, 11(t2)
core   0: 3 0x8000a348 (0x00b3cd03) x26 0x000000e6 mem 0x8001562d
core   0: 0x8000a34c (0xfca98023) sb      a0, -64(s3)
core   0: 3 0x8000a34c (0xfca98023) mem 0x8001507a 0x7a
core   0: 0x8000a350 (0xf713cc83) lbu     s9, -143(t2)
core   0: 3 0x8000a350 (0xf713cc83) x25 0x00000048 mem 0x80015593
core   0: 0x8000a354 (0x88989ba3) sh      s1, -1897(a7)
core   0: 3 0x8000a354 (0x88989ba3) mem 0x80015242 0xf909
core   0: 0x8000a358 (0xf4a3a283) lw      t0, -182(t2)
core   0: 3 0x8000a358 (0xf4a3a283) x 5 0x24250000 mem 0x8001556c
core   0: 0x8000a35c (0xfdb9c303) lbu     t1, -37(s3)
core   0: 3 0x8000a35c (0xfdb9c303) x 6 0x00000020 mem 0x80015095
core   0: 0x8000a360 (0xf7588aa3) sb      s5, -139(a7)
core   0: 3 0x8000a360 (0xf7588aa3) mem 0x80015920 0x9c
core   0: 0x8000a364 (0xfc199723) sh      ra, -50(s3)
core   0: 3 0x8000a364 (0xfc199723) mem 0x80015088 0x2627
core   0: 0x8000a368 (0xac988d23) sb      s1, -1318(a7)
core   0: 3 0x8000a368 (0xac988d23) mem 0x80015485 0x9
core   0: 0x8000a36c (0xf7688083) lb      ra, -138(a7)
core   0: 3 0x8000a36c (0xf7688083) x 1 0xffffffda mem 0x80015921
core   0: 0x8000a370 (0xff299503) lh      a0, -14(s3)
core   0: 3 0x8000a370 (0xff299503) x10 0x00006667 mem 0x800150ac
core   0: 0x8000a374 (0x02b98e03) lb      t3, 43(s3)
core   0: 3 0x8000a374 (0x02b98e03) x28 0xffffff9e mem 0x800150e5
core   0: 0x8000a378 (0x31388c83) lb      s9, 787(a7)
core   0: 3 0x8000a378 (0x31388c83) x25 0x00000075 mem 0x80015cbe
core   0: 0x8000a37c (0x03e99723) sh      t5, 46(s3)
core   0: 3 0x8000a37c (0x03e99723) mem 0x800150e8 0x67f0
core   0: 0x8000a380 (0x0329ac03) lw      s8, 50(s3)
core   0: 3 0x8000a380 (0x0329ac03) x24 0xf4a5a654 mem 0x800150ec
core   0: 0x8000a384 (0xf5839323) sh      s8, -186(t2)
core   0: 3 0x8000a384 (0xf5839323) mem 0x80015568 0xa654
core   0: 0x8000a388 (0x03498c83) lb      s9, 52(s3)
core   0: 3 0x8000a388 (0x03498c83) x25 0xffffffa5 mem 0x800150ee
core   0: 0x8000a38c (0x8cf88d23) sb      a5, -1830(a7)
core   0: 3 0x8000a38c (0x8cf88d23) mem 0x80015285 0x0
core   0: 0x8000a390 (0xf5838f23) sb      s8, -162(t2)
core   0: 3 0x8000a390 (0xf5838f23) mem 0x80015580 0x54
core   0: 0x8000a394 (0x04a88923) sb      a0, 82(a7)
core   0: 3 0x8000a394 (0x04a88923) mem 0x800159fd 0x67
core   0: 0x8000a398 (0xfc338483) lb      s1, -61(t2)
core   0: 3 0x8000a398 (0xfc338483) x 9 0x0000003c mem 0x800155e5
core   0: 0x8000a39c (0x01098183) lb      gp, 16(s3)
core   0: 3 0x8000a39c (0x01098183) x 3 0xffffffff mem 0x800150ca
core   0: 0x8000a3a0 (0xfc798183) lb      gp, -57(s3)
core   0: 3 0x8000a3a0 (0xfc798183) x 3 0x0000003a mem 0x80015081
core   0: 0x8000a3a4 (0x0000c697) auipc   a3, 0xc
core   0: 3 0x8000a3a4 (0x0000c697) x13 0x800163a4
core   0: 0x8000a3a8 (0x86c68693) addi    a3, a3, -1940
core   0: 3 0x8000a3a8 (0x86c68693) x13 0x80015c10
core   0: 0x8000a3ac (0x0000b717) auipc   a4, 0xb
core   0: 3 0x8000a3ac (0x0000b717) x14 0x800153ac
core   0: 0x8000a3b0 (0x2e070713) addi    a4, a4, 736
core   0: 3 0x8000a3b0 (0x2e070713) x14 0x8001568c
core   0: 0x8000a3b4 (0x03168e83) lb      t4, 49(a3)
core   0: 3 0x8000a3b4 (0x03168e83) x29 0xfffffffa mem 0x80015c41
core   0: 0x8000a3b8 (0x02c70ea3) sb      a2, 61(a4)
core   0: 3 0x8000a3b8 (0x02c70ea3) mem 0x800156c9 0x4
core   0: 0x8000a3bc (0x03974303) lbu     t1, 57(a4)
core   0: 3 0x8000a3bc (0x03974303) x 6 0x0000007e mem 0x800156c5
core   0: 0x8000a3c0 (0xfc574983) lbu     s3, -59(a4)
core   0: 3 0x8000a3c0 (0xfc574983) x19 0x0000000a mem 0x80015651
core   0: 0x8000a3c4 (0xff769f23) sh      s7, -2(a3)
core   0: 3 0x8000a3c4 (0xff769f23) mem 0x80015c0e 0x0405
core   0: 0x8000a3c8 (0x00974e83) lbu     t4, 9(a4)
core   0: 3 0x8000a3c8 (0x00974e83) x29 0x0000004e mem 0x80015695
core   0: 0x8000a3cc (0x03674903) lbu     s2, 54(a4)
core   0: 3 0x8000a3cc (0x03674903) x18 0x00000079 mem 0x800156c2
core   0: 0x8000a3d0 (0xffd68403) lb      s0, -3(a3)
core   0: 3 0x8000a3d0 (0xffd68403) x 8 0xffffffc6 mem 0x80015c0d
core   0: 0x8000a3d4 (0xfef70883) lb      a7, -17(a4)
core   0: 3 0x8000a3d4 (0xfef70883) x17 0x00000030 mem 0x8001567b
core   0: 0x8000a3d8 (0xfcf6a823) sw      a5, -48(a3)
core   0: 3 0x8000a3d8 (0xfcf6a823) mem 0x80015be0 0x00000000
core   0: 0x8000a3dc (0xfd868b23) sb      s8, -42(a3)
core   0: 3 0x8000a3dc (0xfd868b23) mem 0x80015be6 0x54
core   0: 0x8000a3e0 (0xfd371c23) sh      s3, -40(a4)
core   0: 3 0x8000a3e0 (0xfd371c23) mem 0x80015664 0x000a
core   0: 0x8000a3e4 (0xfd474d03) lbu     s10, -44(a4)
core   0: 3 0x8000a3e4 (0xfd474d03) x26 0x0000001b mem 0x80015660
core   0: 0x8000a3e8 (0x03872e23) sw      s8, 60(a4)
core   0: 3 0x8000a3e8 (0x03872e23) mem 0x800156c8 0xf4a5a654
core   0: 0x8000a3ec (0x0000ba97) auipc   s5, 0xb
core   0: 3 0x8000a3ec (0x0000ba97) x21 0x800153ec
core   0: 0x8000a3f0 (0x1e3a8a93) addi    s5, s5, 483
core   0: 3 0x8000a3f0 (0x1e3a8a93) x21 0x800155cf
core   0: 0x8000a3f4 (0x010ba933) slt     s2, s7, a6
core   0: 3 0x8000a3f4 (0x010ba933) x18 0x00000000
core   0: 0x8000a3f8 (0x0000100f) fence.i
core   0: 3 0x8000a3f8 (0x0000100f)
core   0: 0x8000a3fc (0x0161a033) slt     zero, gp, s6
core   0: 3 0x8000a3fc (0x0161a033)
core   0: 0x8000a400 (0x00ec9a13) slli    s4, s9, 14
core   0: 3 0x8000a400 (0x00ec9a13) x20 0xffe94000
core   0: 0x8000a404 (0xfcdaa183) lw      gp, -51(s5)
core   0: 3 0x8000a404 (0xfcdaa183) x 3 0x54555657 mem 0x8001559c
core   0: 0x8000a408 (0xab8db513) sltiu   a0, s11, -1352
core   0: 3 0x8000a408 (0xab8db513) x10 0x00000001
core   0: 0x8000a40c (0x01ab9713) slli    a4, s7, 26
core   0: 3 0x8000a40c (0x01ab9713) x14 0x14000000
core   0: 0x8000a410 (0x019266b3) or      a3, tp, s9
core   0: 3 0x8000a410 (0x019266b3) x13 0xffffffb5
core   0: 0x8000a414 (0x03fa8623) sb      t6, 44(s5)
core   0: 3 0x8000a414 (0x03fa8623) mem 0x800155fb 0xef
core   0: 0x8000a418 (0x030a8083) lb      ra, 48(s5)
core   0: 3 0x8000a418 (0x030a8083) x 1 0xffffffb4 mem 0x800155ff
core   0: 0x8000a41c (0x0000100f) fence.i
core   0: 3 0x8000a41c (0x0000100f)
core   0: 0x8000a420 (0x000a8523) sb      zero, 10(s5)
core   0: 3 0x8000a420 (0x000a8523) mem 0x800155d9 0x0
core   0: 0x8000a424 (0x000a8783) lb      a5, 0(s5)
core   0: 3 0x8000a424 (0x000a8783) x15 0xffffff84 mem 0x800155cf
core   0: 0x8000a428 (0xba60fd13) andi    s10, ra, -1114
core   0: 3 0x8000a428 (0xba60fd13) x26 0xfffffba4
core   0: 0x8000a42c (0x8db9eb13) ori     s6, s3, -1829
core   0: 3 0x8000a42c (0x8db9eb13) x22 0xfffff8db
core   0: 0x8000a430 (0x01ca8e23) sb      t3, 28(s5)
core   0: 3 0x8000a430 (0x01ca8e23) mem 0x800155eb 0x9e
core   0: 0x8000a434 (0x01fd7433) and     s0, s10, t6
core   0: 3 0x8000a434 (0x01fd7433) x 8 0xfffffba4
core   0: 0x8000a438 (0x001a89a3) sb      ra, 19(s5)
core   0: 3 0x8000a438 (0x001a89a3) mem 0x800155e2 0xb4
core   0: 0x8000a43c (0xfc5aa903) lw      s2, -59(s5)
core   0: 3 0x8000a43c (0xfc5aa903) x18 0x4c4d4e4f mem 0x80015594
core   0: 0x8000a440 (0x00436433) or      s0, t1, tp
core   0: 3 0x8000a440 (0x00436433) x 8 0x0000b0ff
core   0: 0x8000a444 (0x0088e3b3) or      t2, a7, s0
core   0: 3 0x8000a444 (0x0088e3b3) x 7 0x0000b0ff
core   0: 0x8000a448 (0xfdfade83) lhu     t4, -33(s5)
core   0: 3 0x8000a448 (0xfdfade83) x29 0x00006465 mem 0x800155ae
core   0: 0x8000a44c (0x03aa8d83) lb      s11, 58(s5)
core   0: 3 0x8000a44c (0x03aa8d83) x27 0xffffffd2 mem 0x80015609
core   0: 0x8000a450 (0x41235b13) srai    s6, t1, 18
core   0: 3 0x8000a450 (0x41235b13) x22 0x00000000
core   0: 0x8000a454 (0xff4a8723) sb      s4, -18(s5)
core   0: 3 0x8000a454 (0xff4a8723) mem 0x800155bd 0x0
core   0: 0x8000a458 (0x035aab83) lw      s7, 53(s5)
core   0: 3 0x8000a458 (0x035aab83) x23 0xbcbdbebf mem 0x80015604
core   0: 0x8000a45c (0xfd7aa0a3) sw      s7, -63(s5)
core   0: 3 0x8000a45c (0xfd7aa0a3) mem 0x80015590 0xbcbdbebf
core   0: 0x8000a460 (0xfe0a81a3) sb      zero, -29(s5)
core   0: 3 0x8000a460 (0xfe0a81a3) mem 0x800155b2 0x0
core   0: 0x8000a464 (0x53fe2713) slti    a4, t3, 1343
core   0: 3 0x8000a464 (0x53fe2713) x14 0x00000001
core   0: 0x8000a468 (0x40c68033) sub     zero, a3, a2
core   0: 3 0x8000a468 (0x40c68033)
core   0: 0x8000a46c (0x000cd2b3) srl     t0, s9, zero
core   0: 3 0x8000a46c (0x000cd2b3) x 5 0xffffffa5
core   0: 0x8000a470 (0xfdda9a03) lh      s4, -35(s5)
core   0: 3 0x8000a470 (0xfdda9a03) x20 0x00006667 mem 0x800155ac
core   0: 0x8000a474 (0x032a81a3) sb      s2, 35(s5)
core   0: 3 0x8000a474 (0x032a81a3) mem 0x800155f2 0x4f
core   0: 0x8000a478 (0xfeca93a3) sh      a2, -25(s5)
core   0: 3 0x8000a478 (0xfeca93a3) mem 0x800155b6 0xae04
core   0: 0x8000a47c (0x031ac683) lbu     a3, 49(s5)
core   0: 3 0x8000a47c (0x031ac683) x13 0x000000bb mem 0x80015600
core   0: 0x8000a480 (0x01fac303) lbu     t1, 31(s5)
core   0: 3 0x8000a480 (0x01fac303) x 6 0x000000a5 mem 0x800155ee
core   0: 0x8000a484 (0x03ca8123) sb      t3, 34(s5)
core   0: 3 0x8000a484 (0x03ca8123) mem 0x800155f1 0x9e
core   0: 0x8000a488 (0x026a8183) lb      gp, 38(s5)
core   0: 3 0x8000a488 (0x026a8183) x 3 0xffffffae mem 0x800155f5
core   0: 0x8000a48c (0xff8a99a3) sh      s8, -13(s5)
core   0: 3 0x8000a48c (0xff8a99a3) mem 0x800155c2 0xa654
core   0: 0x8000a490 (0xfc2ac503) lbu     a0, -62(s5)
core   0: 3 0x8000a490 (0xfc2ac503) x10 0x000000be mem 0x80015591
core   0: 0x8000a494 (0x00f17333) and     t1, sp, a5
core   0: 3 0x8000a494 (0x00f17333) x 6 0x8002ec84
core   0: 0x8000a498 (0xfcca8ea3) sb      a2, -35(s5)
core   0: 3 0x8000a498 (0xfcca8ea3) mem 0x800155ac 0x4
core   0: 0x8000a49c (0xfecac883) lbu     a7, -20(s5)
core   0: 3 0x8000a49c (0xfecac883) x17 0x00000070 mem 0x800155bb
core   0: 0x8000a4a0 (0x00016717) auipc   a4, 0x16
core   0: 3 0x8000a4a0 (0x00016717) x14 0x800204a0
core   0: 0x8000a4a4 (0x9df70713) addi    a4, a4, -1569
core   0: 3 0x8000a4a4 (0x9df70713) x14 0x8001fe7f
core   0: 0x8000a4a8 (0x95284e93) xori    t4, a6, -1710
core   0: 3 0x8000a4a8 (0x95284e93) x29 0xfffff974
core   0: 0x8000a4ac (0x5fd40f13) addi    t5, s0, 1533
core   0: 3 0x8000a4ac (0x5fd40f13) x30 0x0000b6fc
core   0: 0x8000a4b0 (0x3d370683) lb      a3, 979(a4)
core   0: 3 0x8000a4b0 (0x3d370683) x13 0x00000009 mem 0x80020252
core   0: 0x8000a4b4 (0x46970e03) lb      t3, 1129(a4)
core   0: 3 0x8000a4b4 (0x46970e03) x28 0xffffffa3 mem 0x800202e8
core   0: 0x8000a4b8 (0x4045dc13) srai    s8, a1, 4
core   0: 3 0x8000a4b8 (0x4045dc13) x24 0xf8000000
core   0: 0x8000a4bc (0xc50710a3) sh      a6, -959(a4)
core   0: 3 0x8000a4bc (0xc50710a3) mem 0x8001fac0 0x0026
core   0: 0x8000a4c0 (0x37b74783) lbu     a5, 891(a4)
core   0: 3 0x8000a4c0 (0x37b74783) x15 0x000000b1 mem 0x800201fa
core   0: 0x8000a4c4 (0x01d47cb3) and     s9, s0, t4
core   0: 3 0x8000a4c4 (0x01d47cb3) x25 0x0000b074
core   0: 0x8000a4c8 (0x29290997) auipc   s3, 0x29290
core   0: 3 0x8000a4c8 (0x29290997) x19 0xa929a4c8
core   0: 0x8000a4cc (0x00000013) nop
core   0: 3 0x8000a4cc (0x00000013)
core   0: 0x8000a4d0 (0x81170c23) sb      a7, -2024(a4)
core   0: 3 0x8000a4d0 (0x81170c23) mem 0x8001f697 0x70
core   0: 0x8000a4d4 (0x0000100f) fence.i
core   0: 3 0x8000a4d4 (0x0000100f)
core   0: 0x8000a4d8 (0x007d3033) sltu    zero, s10, t2
core   0: 3 0x8000a4d8 (0x007d3033)
core   0: 0x8000a4dc (0x91b74e03) lbu     t3, -1765(a4)
core   0: 3 0x8000a4dc (0x91b74e03) x28 0x00000051 mem 0x8001f79a
core   0: 0x8000a4e0 (0x3fd72c83) lw      s9, 1021(a4)
core   0: 3 0x8000a4e0 (0x3fd72c83) x25 0x34353637 mem 0x8002027c
core   0: 0x8000a4e4 (0x016aff33) and     t5, s5, s6
core   0: 3 0x8000a4e4 (0x016aff33) x30 0x00000000
core   0: 0x8000a4e8 (0x43d70c23) sb      t4, 1080(a4)
core   0: 3 0x8000a4e8 (0x43d70c23) mem 0x800202b7 0x74
core   0: 0x8000a4ec (0x51f75383) lhu     t2, 1311(a4)
core   0: 3 0x8000a4ec (0x51f75383) x 7 0x00005455 mem 0x8002039e
core   0: 0x8000a4f0 (0x41b50bb3) sub     s7, a0, s11
core   0: 3 0x8000a4f0 (0x41b50bb3) x23 0x000000ec
core   0: 0x8000a4f4 (0x3010c293) xori    t0, ra, 769
core   0: 3 0x8000a4f4 (0x3010c293) x 5 0xfffffcb5
core   0: 0x8000a4f8 (0xa9470403) lb      s0, -1388(a4)
core   0: 3 0x8000a4f8 (0xa9470403) x 8 0xffffffc8 mem 0x8001f913
core   0: 0x8000a4fc (0x75e98e93) addi    t4, s3, 1886
core   0: 3 0x8000a4fc (0x75e98e93) x29 0xa929ac26
core   0: 0x8000a500 (0x6ee74b83) lbu     s7, 1774(a4)
core   0: 3 0x8000a500 (0x6ee74b83) x23 0x00000026 mem 0x8002056d
core   0: 0x8000a504 (0xfc818397) auipc   t2, 0xfc818
core   0: 3 0x8000a504 (0xfc818397) x 7 0x7c822504
core   0: 0x8000a508 (0x388efe37) lui     t3, 0x388ef
core   0: 3 0x8000a508 (0x388efe37) x28 0x388ef000
core   0: 0x8000a50c (0xc2825cb7) lui     s9, 0xc2825
core   0: 3 0x8000a50c (0xc2825cb7) x25 0xc2825000
core   0: 0x8000a510 (0xf4874383) lbu     t2, -184(a4)
core   0: 3 0x8000a510 (0xf4874383) x 7 0x0000007c mem 0x8001fdc7
core   0: 0x8000a514 (0x0b572003) lw      zero, 181(a4)
core   0: 3 0x8000a514 (0x0b572003) mem 0x8001ff34
core   0: 0x8000a518 (0x008cc8b3) xor     a7, s9, s0
core   0: 3 0x8000a518 (0x008cc8b3) x17 0x3d7dafc8
core   0: 0x8000a51c (0xe6571483) lh      s1, -411(a4)
core   0: 3 0x8000a51c (0xe6571483) x 9 0xffff9e9f mem 0x8001fce4
core   0: 0x8000a520 (0x01579493) slli    s1, a5, 21
core   0: 3 0x8000a520 (0x01579493) x 9 0x16200000
core   0: 0x8000a524 (0x00f05b33) srl     s6, zero, a5
core   0: 3 0x8000a524 (0x00f05b33) x22 0x00000000
core   0: 0x8000a528 (0x60f74003) lbu     zero, 1551(a4)
core   0: 3 0x8000a528 (0x60f74003) mem 0x8002048e
core   0: 0x8000a52c (0x52274983) lbu     s3, 1314(a4)
core   0: 3 0x8000a52c (0x52274983) x19 0x0000005a mem 0x800203a1
core   0: 0x8000a530 (0x40cadd93) srai    s11, s5, 12
core   0: 3 0x8000a530 (0x40cadd93) x27 0xfff80015
core   0: 0x8000a534 (0x00ad8d33) add     s10, s11, a0
core   0: 3 0x8000a534 (0x00ad8d33) x26 0xfff800d3
core   0: 0x8000a538 (0x97f71c83) lh      s9, -1665(a4)
core   0: 3 0x8000a538 (0x97f71c83) x25 0xffffb4b5 mem 0x8001f7fe
core   0: 0x8000a53c (0x88470e23) sb      tp, -1892(a4)
core   0: 3 0x8000a53c (0x88470e23) mem 0x8001f71b 0xb1
core   0: 0x8000a540 (0x25b70c23) sb      s11, 600(a4)
core   0: 3 0x8000a540 (0x25b70c23) mem 0x800200d7 0x15
core   0: 0x8000a544 (0x402053b3) sra     t2, zero, sp
core   0: 3 0x8000a544 (0x402053b3) x 7 0x00000000
core   0: 0x8000a548 (0x5a870403) lb      s0, 1448(a4)
core   0: 3 0x8000a548 (0x5a870403) x 8 0xffffffdc mem 0x80020427
core   0: 0x8000a54c (0x01c95813) srli    a6, s2, 28
core   0: 3 0x8000a54c (0x01c95813) x16 0x00000004
core   0: 0x8000a550 (0xcee70023) sb      a4, -800(a4)
core   0: 3 0x8000a550 (0xcee70023) mem 0x8001fb5f 0x7f
core   0: 0x8000a554 (0x7ce70e03) lb      t3, 1998(a4)
core   0: 3 0x8000a554 (0x7ce70e03) x28 0x00000006 mem 0x8002064d
core   0: 0x8000a558 (0x0001b217) auipc   tp, 0x1b
core   0: 3 0x8000a558 (0x0001b217) x 4 0x80025558
core   0: 0x8000a55c (0xd1320213) addi    tp, tp, -749
core   0: 3 0x8000a55c (0xd1320213) x 4 0x8002526b
core   0: 0x8000a560 (0x0000b917) auipc   s2, 0xb
core   0: 3 0x8000a560 (0x0000b917) x18 0x80015560
core   0: 0x8000a564 (0x60990913) addi    s2, s2, 1545
core   0: 3 0x8000a564 (0x60990913) x18 0x80015b69
core   0: 0x8000a568 (0x03320803) lb      a6, 51(tp)
core   0: 3 0x8000a568 (0x03320803) x16 0x00000055 mem 0x8002529e
core   0: 0x8000a56c (0xfd220703) lb      a4, -46(tp)
core   0: 3 0x8000a56c (0xfd220703) x14 0xfffffff6 mem 0x8002523d
core   0: 0x8000a570 (0x01f24c03) lbu     s8, 31(tp)
core   0: 3 0x8000a570 (0x01f24c03) x24 0x00000041 mem 0x8002528a
core   0: 0x8000a574 (0x02e24503) lbu     a0, 46(tp)
core   0: 3 0x8000a574 (0x02e24503) x10 0x00000052 mem 0x80025299
core   0: 0x8000a578 (0xff420403) lb      s0, -12(tp)
core   0: 3 0x8000a578 (0xff420403) x 8 0x00000014 mem 0x8002525f
core   0: 0x8000a57c (0xff891aa3) sh      s8, -11(s2)
core   0: 3 0x8000a57c (0xff891aa3) mem 0x80015b5e 0x0041
core   0: 0x8000a580 (0xfe020f23) sb      zero, -2(tp)
core   0: 3 0x8000a580 (0xfe020f23) mem 0x80025269 0x0
core   0: 0x8000a584 (0xfea91ca3) sh      a0, -7(s2)
core   0: 3 0x8000a584 (0xfea91ca3) mem 0x80015b62 0x0052
core   0: 0x8000a588 (0x00c921a3) sw      a2, 3(s2)
core   0: 3 0x8000a588 (0x00c921a3) mem 0x80015b6c 0x8002ae04
core   0: 0x8000a58c (0x00790f83) lb      t6, 7(s2)
core   0: 3 0x8000a58c (0x00790f83) x31 0x00000071 mem 0x80015b70
core   0: 0x8000a590 (0xfc125a03) lhu     s4, -63(tp)
core   0: 3 0x8000a590 (0xfc125a03) x20 0x0000e6e7 mem 0x8002522c
core   0: 0x8000a594 (0x00594983) lbu     s3, 5(s2)
core   0: 3 0x8000a594 (0x00594983) x19 0x00000002 mem 0x80015b6e
core   0: 0x8000a598 (0xffe24983) lbu     s3, -2(tp)
core   0: 3 0x8000a598 (0xffe24983) x19 0x00000000 mem 0x80025269
core   0: 0x8000a59c (0x0000ba17) auipc   s4, 0xb
core   0: 3 0x8000a59c (0x0000ba17) x20 0x8001559c
core   0: 0x8000a5a0 (0x130a0a13) addi    s4, s4, 304
core   0: 3 0x8000a5a0 (0x130a0a13) x20 0x800156cc
core   0: 0x8000a5a4 (0x08ea1523) sh      a4, 138(s4)
core   0: 3 0x8000a5a4 (0x08ea1523) mem 0x80015756 0xfff6
core   0: 0x8000a5a8 (0x008534b3) sltu    s1, a0, s0
core   0: 3 0x8000a5a8 (0x008534b3) x 9 0x00000000
core   0: 0x8000a5ac (0x08aa4183) lbu     gp, 138(s4)
core   0: 3 0x8000a5ac (0x08aa4183) x 3 0x000000f6 mem 0x80015756
core   0: 0x8000a5b0 (0x05ea1e03) lh      t3, 94(s4)
core   0: 3 0x8000a5b0 (0x05ea1e03) x28 0xffffe0e1 mem 0x8001572a
core   0: 0x8000a5b4 (0x0036aab3) slt     s5, a3, gp
core   0: 3 0x8000a5b4 (0x0036aab3) x21 0x00000001
core   0: 0x8000a5b8 (0x05ea1303) lh      t1, 94(s4)
core   0: 3 0x8000a5b8 (0x05ea1303) x 6 0xffffe0e1 mem 0x8001572a
core   0: 0x8000a5bc (0xfa3a01a3) sb      gp, -93(s4)
core   0: 3 0x8000a5bc (0xfa3a01a3) mem 0x8001566f 0xf6
core   0: 0x8000a5c0 (0xfa3a0683) lb      a3, -93(s4)
core   0: 3 0x8000a5c0 (0xfa3a0683) x13 0xfffffff6 mem 0x8001566f
core   0: 0x8000a5c4 (0x0f4a2703) lw      a4, 244(s4)
core   0: 3 0x8000a5c4 (0x0f4a2703) x14 0x78797a7b mem 0x800157c0
core   0: 0x8000a5c8 (0x0bda4083) lbu     ra, 189(s4)
core   0: 3 0x8000a5c8 (0x0bda4083) x 1 0x00000042 mem 0x80015789
core   0: 0x8000a5cc (0x88dada97) auipc   s5, 0x88dad
core   0: 3 0x8000a5cc (0x88dada97) x21 0x08db75cc
core   0: 0x8000a5d0 (0x0faa02a3) sb      s10, 229(s4)
core   0: 3 0x8000a5d0 (0x0faa02a3) mem 0x800157b1 0xd3
core   0: 0x8000a5d4 (0xf39a4e83) lbu     t4, -199(s4)
core   0: 3 0x8000a5d4 (0xf39a4e83) x29 0x000000be mem 0x80015605
core   0: 0x8000a5d8 (0xfafa4f03) lbu     t5, -81(s4)
core   0: 3 0x8000a5d8 (0xfafa4f03) x30 0x00000030 mem 0x8001567b
core   0: 0x8000a5dc (0xfe1a4383) lbu     t2, -31(s4)
core   0: 3 0x8000a5dc (0xfe1a4383) x 7 0x00000066 mem 0x800156ad
core   0: 0x8000a5e0 (0x00774e33) xor     t3, a4, t2
core   0: 3 0x8000a5e0 (0x00774e33) x28 0x78797a1d
core   0: 0x8000a5e4 (0xfa2a1623) sh      sp, -84(s4)
core   0: 3 0x8000a5e4 (0xfa2a1623) mem 0x80015678 0xece4
core   0: 0x8000a5e8 (0xadd0f493) andi    s1, ra, -1315
core   0: 3 0x8000a5e8 (0xadd0f493) x 9 0x00000040
core   0: 0x8000a5ec (0xfc7a0c03) lb      s8, -57(s4)
core   0: 3 0x8000a5ec (0xfc7a0c03) x24 0x00000048 mem 0x80015693
core   0: 0x8000a5f0 (0xfc7a4183) lbu     gp, -57(s4)
core   0: 3 0x8000a5f0 (0xfc7a4183) x 3 0x00000048 mem 0x80015693
core   0: 0x8000a5f4 (0x0c1a03a3) sb      ra, 199(s4)
core   0: 3 0x8000a5f4 (0x0c1a03a3) mem 0x80015793 0x42
core   0: 0x8000a5f8 (0x04aa1003) lh      zero, 74(s4)
core   0: 3 0x8000a5f8 (0x04aa1003) mem 0x80015716
core   0: 0x8000a5fc (0x099a4983) lbu     s3, 153(s4)
core   0: 3 0x8000a5fc (0x099a4983) x19 0x0000007e mem 0x80015765
core   0: 0x8000a600 (0x00015997) auipc   s3, 0x15
core   0: 3 0x8000a600 (0x00015997) x19 0x8001f600
core   0: 0x8000a604 (0xf7198993) addi    s3, s3, -143
core   0: 3 0x8000a604 (0xf7198993) x19 0x8001f571
core   0: 0x8000a608 (0x007f9033) sll     zero, t6, t2
core   0: 3 0x8000a608 (0x007f9033)
core   0: 0x8000a60c (0x0289c003) lbu     zero, 40(s3)
core   0: 3 0x8000a60c (0x0289c003) mem 0x8001f599
core   0: 0x8000a610 (0xfe798ea3) sb      t2, -3(s3)
core   0: 3 0x8000a610 (0xfe798ea3) mem 0x8001f56e 0x66
core   0: 0x8000a614 (0xfed99ea3) sh      a3, -3(s3)
core   0: 3 0x8000a614 (0xfed99ea3) mem 0x8001f56e 0xfff6
core   0: 0x8000a618 (0x41858a33) sub     s4, a1, s8
core   0: 3 0x8000a618 (0x41858a33) x20 0x7fffffb8
core   0: 0x8000a61c (0x0e09cd03) lbu     s10, 224(s3)
core   0: 3 0x8000a61c (0x0e09cd03) x26 0x0000000a mem 0x8001f651
core   0: 0x8000a620 (0x0e09c303) lbu     t1, 224(s3)
core   0: 3 0x8000a620 (0x0e09c303) x 6 0x0000000a mem 0x8001f651
core   0: 0x8000a624 (0x0e09cf83) lbu     t6, 224(s3)
core   0: 3 0x8000a624 (0x0e09cf83) x31 0x0000000a mem 0x8001f651
core   0: 0x8000a628 (0x0000100f) fence.i
core   0: 3 0x8000a628 (0x0000100f)
core   0: 0x8000a62c (0x0f798023) sb      s7, 224(s3)
core   0: 3 0x8000a62c (0x0f798023) mem 0x8001f651 0x26
core   0: 0x8000a630 (0x0e098303) lb      t1, 224(s3)
core   0: 3 0x8000a630 (0x0e098303) x 6 0x00000026 mem 0x8001f651
core   0: 0x8000a634 (0x0e09c403) lbu     s0, 224(s3)
core   0: 3 0x8000a634 (0x0e09c403) x 8 0x00000026 mem 0x8001f651
core   0: 0x8000a638 (0x0f598023) sb      s5, 224(s3)
core   0: 3 0x8000a638 (0x0f598023) mem 0x8001f651 0xcc
core   0: 0x8000a63c (0xf288a193) slti    gp, a7, -216
core   0: 3 0x8000a63c (0xf288a193) x 3 0x00000000
core   0: 0x8000a640 (0xfe898183) lb      gp, -24(s3)
core   0: 3 0x8000a640 (0xfe898183) x 3 0x00000012 mem 0x8001f559
core   0: 0x8000a644 (0x04d984a3) sb      a3, 73(s3)
core   0: 3 0x8000a644 (0x04d984a3) mem 0x8001f5ba 0xf6
core   0: 0x8000a648 (0x014fcb93) xori    s7, t6, 20
core   0: 3 0x8000a648 (0x014fcb93) x23 0x0000001e
core   0: 0x8000a64c (0x0a098803) lb      a6, 160(s3)
core   0: 3 0x8000a64c (0x0a098803) x16 0xffffffca mem 0x8001f611
core   0: 0x8000a650 (0x0a09ce83) lbu     t4, 160(s3)
core   0: 3 0x8000a650 (0x0a09ce83) x29 0x000000ca mem 0x8001f611
core   0: 0x8000a654 (0xf0198083) lb      ra, -255(s3)
core   0: 3 0x8000a654 (0xf0198083) x 1 0x00000029 mem 0x8001f472
core   0: 0x8000a658 (0xf86994a3) sh      t1, -119(s3)
core   0: 3 0x8000a658 (0xf86994a3) mem 0x8001f4fa 0x0026
core   0: 0x8000a65c (0xf9c984a3) sb      t3, -119(s3)
core   0: 3 0x8000a65c (0xf9c984a3) mem 0x8001f4fa 0x1d
core   0: 0x8000a660 (0x0000db97) auipc   s7, 0xd
core   0: 3 0x8000a660 (0x0000db97) x23 0x80017660
core   0: 0x8000a664 (0xc2db8b93) addi    s7, s7, -979
core   0: 3 0x8000a664 (0xc2db8b93) x23 0x8001728d
core   0: 0x8000a668 (0xffab8083) lb      ra, -6(s7)
core   0: 3 0x8000a668 (0xffab8083) x 1 0x0000003c mem 0x80017287
core   0: 0x8000a66c (0x0000b197) auipc   gp, 0xb
core   0: 3 0x8000a66c (0x0000b197) x 3 0x8001566c
core   0: 0x8000a670 (0x2e118193) addi    gp, gp, 737
core   0: 3 0x8000a670 (0x2e118193) x 3 0x8001594d
core   0: 0x8000a674 (0x03b19a03) lh      s4, 59(gp)
core   0: 3 0x8000a674 (0x03b19a03) x20 0x00004243 mem 0x80015988
core   0: 0x8000a678 (0x002bc203) lbu     tp, 2(s7)
core   0: 3 0x8000a678 (0x002bc203) x 4 0x00000044 mem 0x8001728f
core   0: 0x8000a67c (0xffdbd083) lhu     ra, -3(s7)
core   0: 3 0x8000a67c (0xffdbd083) x 1 0x00004041 mem 0x8001728a
core   0: 0x8000a680 (0x00ebca03) lbu     s4, 14(s7)
core   0: 3 0x8000a680 (0x00ebca03) x20 0x00000050 mem 0x8001729b
core   0: 0x8000a684 (0xfe318b23) sb      gp, -10(gp)
core   0: 3 0x8000a684 (0xfe318b23) mem 0x80015943 0x4d
core   0: 0x8000a688 (0xfffb9003) lh      zero, -1(s7)
core   0: 3 0x8000a688 (0xfffb9003) mem 0x8001728c
core   0: 0x8000a68c (0x004b84a3) sb      tp, 9(s7)
core   0: 3 0x8000a68c (0x004b84a3) mem 0x80017296 0x44
core   0: 0x8000a690 (0xff01ca83) lbu     s5, -16(gp)
core   0: 3 0x8000a690 (0xff01ca83) x21 0x000000f6 mem 0x8001593d
core   0: 0x8000a694 (0xfd01a5a3) sw      a6, -53(gp)
core   0: 3 0x8000a694 (0xfd01a5a3) mem 0x80015918 0xffffffca
core   0: 0x8000a698 (0x002bc903) lbu     s2, 2(s7)
core   0: 3 0x8000a698 (0x002bc903) x18 0x00000044 mem 0x8001728f
core   0: 0x8000a69c (0x000b8c03) lb      s8, 0(s7)
core   0: 3 0x8000a69c (0x000b8c03) x24 0x00000046 mem 0x8001728d
core   0: 0x8000a6a0 (0x009bc983) lbu     s3, 9(s7)
core   0: 3 0x8000a6a0 (0x009bc983) x19 0x00000044 mem 0x80017296
core   0: 0x8000a6a4 (0x002b95a3) sh      sp, 11(s7)
core   0: 3 0x8000a6a4 (0x002b95a3) mem 0x80017298 0xece4
core   0: 0x8000a6a8 (0xfd218503) lb      a0, -46(gp)
core   0: 3 0x8000a6a8 (0xfd218503) x10 0xffffffd4 mem 0x8001591f
core   0: 0x8000a6ac (0x00014997) auipc   s3, 0x14
core   0: 3 0x8000a6ac (0x00014997) x19 0x8001e6ac
core   0: 0x8000a6b0 (0xdb098993) addi    s3, s3, -592
core   0: 3 0x8000a6b0 (0xdb098993) x19 0x8001e45c
core   0: 0x8000a6b4 (0xfd69dc83) lhu     s9, -42(s3)
core   0: 3 0x8000a6b4 (0xfd69dc83) x25 0x0000e8e9 mem 0x8001e432
core   0: 0x8000a6b8 (0xf3099f83) lh      t6, -208(s3)
core   0: 3 0x8000a6b8 (0xf3099f83) x31 0x00004647 mem 0x8001e38c
core   0: 0x8000a6bc (0xf309ab83) lw      s7, -208(s3)
core   0: 3 0x8000a6bc (0xf309ab83) x23 0x44454647 mem 0x8001e38c
core   0: 0x8000a6c0 (0xf549a303) lw      t1, -172(s3)
core   0: 3 0x8000a6c0 (0xf549a303) x 6 0x68696a6b mem 0x8001e3b0
core   0: 0x8000a6c4 (0xff0982a3) sb      a6, -27(s3)
core   0: 3 0x8000a6c4 (0xff0982a3) mem 0x8001e441 0xca
core   0: 0x8000a6c8 (0x4fef0193) addi    gp, t5, 1278
core   0: 3 0x8000a6c8 (0x4fef0193) x 3 0x0000052e
core   0: 0x8000a6cc (0xf4f989a3) sb      a5, -173(s3)
core   0: 3 0x8000a6cc (0xf4f989a3) mem 0x8001e3af 0xb1
core   0: 0x8000a6d0 (0x0de980a3) sb      t5, 193(s3)
core   0: 3 0x8000a6d0 (0x0de980a3) mem 0x8001e51d 0x30
core   0: 0x8000a6d4 (0x04498aa3) sb      tp, 85(s3)
core   0: 3 0x8000a6d4 (0x04498aa3) mem 0x8001e4b1 0x44
core   0: 0x8000a6d8 (0x0ac98ea3) sb      a2, 189(s3)
core   0: 3 0x8000a6d8 (0x0ac98ea3) mem 0x8001e519 0x4
core   0: 0x8000a6dc (0x9c308313) addi    t1, ra, -1597
core   0: 3 0x8000a6dc (0x9c308313) x 6 0x00003a04
core   0: 0x8000a6e0 (0x06598503) lb      a0, 101(s3)
core   0: 3 0x8000a6e0 (0x06598503) x10 0x0000007a mem 0x8001e4c1
core   0: 0x8000a6e4 (0x402f0333) sub     t1, t5, sp
core   0: 3 0x8000a6e4 (0x402f0333) x 6 0x7ffd134c
core   0: 0x8000a6e8 (0x0659c503) lbu     a0, 101(s3)
core   0: 3 0x8000a6e8 (0x0659c503) x10 0x0000007a mem 0x8001e4c1
core   0: 0x8000a6ec (0x0719a423) sw      a7, 104(s3)
core   0: 3 0x8000a6ec (0x0719a423) mem 0x8001e4c4 0x3d7dafc8
core   0: 0x8000a6f0 (0xf62981a3) sb      sp, -157(s3)
core   0: 3 0x8000a6f0 (0xf62981a3) mem 0x8001e3bf 0xe4
core   0: 0x8000a6f4 (0x0ab98f83) lb      t6, 171(s3)
core   0: 3 0x8000a6f4 (0x0ab98f83) x31 0xffffffbc mem 0x8001e507
core   0: 0x8000a6f8 (0xf769ae23) sw      s6, -132(s3)
core   0: 3 0x8000a6f8 (0xf769ae23) mem 0x8001e3d8 0x00000000
core   0: 0x8000a6fc (0x0000d217) auipc   tp, 0xd
core   0: 3 0x8000a6fc (0x0000d217) x 4 0x800176fc
core   0: 0x8000a700 (0x26520213) addi    tp, tp, 613
core   0: 3 0x8000a700 (0x26520213) x 4 0x80017961
core   0: 0x8000a704 (0x00017f97) auipc   t6, 0x17
core   0: 3 0x8000a704 (0x00017f97) x31 0x80021704
core   0: 0x8000a708 (0x7aff8f93) addi    t6, t6, 1967
core   0: 3 0x8000a708 (0x7aff8f93) x31 0x80021eb3
core   0: 0x8000a70c (0x026211a3) sh      t1, 35(tp)
core   0: 3 0x8000a70c (0x026211a3) mem 0x80017984 0x134c
core   0: 0x8000a710 (0x008f8703) lb      a4, 8(t6)
core   0: 3 0x8000a710 (0x008f8703) x14 0x00000070 mem 0x80021ebb
core   0: 0x8000a714 (0x00018d97) auipc   s11, 0x18
core   0: 3 0x8000a714 (0x00018d97) x27 0x80022714
core   0: 0x8000a718 (0x751d8d93) addi    s11, s11, 1873
core   0: 3 0x8000a718 (0x751d8d93) x27 0x80022e65
core   0: 0x8000a71c (0x00011e97) auipc   t4, 0x11
core   0: 3 0x8000a71c (0x00011e97) x29 0x8001b71c
core   0: 0x8000a720 (0x018e8e93) addi    t4, t4, 24
core   0: 3 0x8000a720 (0x018e8e93) x29 0x8001b734
core   0: 0x8000a724 (0x02fd8fa3) sb      a5, 63(s11)
core   0: 3 0x8000a724 (0x02fd8fa3) mem 0x80022ea4 0xb1
core   0: 0x8000a728 (0xff3fc303) lbu     t1, -13(t6)
core   0: 3 0x8000a728 (0xff3fc303) x 6 0x0000005d mem 0x80021ea6
core   0: 0x8000a72c (0x02220703) lb      a4, 34(tp)
core   0: 3 0x8000a72c (0x02220703) x14 0x00000038 mem 0x80017983
core   0: 0x8000a730 (0x030f8483) lb      s1, 48(t6)
core   0: 3 0x8000a730 (0x030f8483) x 9 0xffffffac mem 0x80021ee3
core   0: 0x8000a734 (0xff525403) lhu     s0, -11(tp)
core   0: 3 0x8000a734 (0xff525403) x 8 0x00000c0d mem 0x80017956
core   0: 0x8000a738 (0x03bf98a3) sh      s11, 49(t6)
core   0: 3 0x8000a738 (0x03bf98a3) mem 0x80021ee4 0x2e65
core   0: 0x8000a73c (0x01122ba3) sw      a7, 23(tp)
core   0: 3 0x8000a73c (0x01122ba3) mem 0x80017978 0x3d7dafc8
core   0: 0x8000a740 (0x019dc503) lbu     a0, 25(s11)
core   0: 3 0x8000a740 (0x019dc503) x10 0x00000035 mem 0x80022e7e
core   0: 0x8000a744 (0x028e85a3) sb      s0, 43(t4)
core   0: 3 0x8000a744 (0x028e85a3) mem 0x8001b75f 0xd
core   0: 0x8000a748 (0x016fc303) lbu     t1, 22(t6)
core   0: 3 0x8000a748 (0x016fc303) x 6 0x00000082 mem 0x80021ec9
core   0: 0x8000a74c (0x00220783) lb      a5, 2(tp)
core   0: 3 0x8000a74c (0x00220783) x15 0x00000018 mem 0x80017963
core   0: 0x8000a750 (0xf90e9803) lh      a6, -112(t4)
core   0: 3 0x8000a750 (0xf90e9803) x16 0x00007e7f mem 0x8001b6c4
core   0: 0x8000a754 (0xfaee8aa3) sb      a4, -75(t4)
core   0: 3 0x8000a754 (0xfaee8aa3) mem 0x8001b6e9 0x38
core   0: 0x8000a758 (0xfe9d8803) lb      a6, -23(s11)
core   0: 3 0x8000a758 (0xfe9d8803) x16 0x00000005 mem 0x80022e4e
core   0: 0x8000a75c (0x017f8623) sb      s7, 12(t6)
core   0: 3 0x8000a75c (0x017f8623) mem 0x80021ebf 0x47
core   0: 0x8000a760 (0x027212a3) sh      t2, 37(tp)
core   0: 3 0x8000a760 (0x027212a3) mem 0x80017986 0x0066
core   0: 0x8000a764 (0xfcad80a3) sb      a0, -63(s11)
core   0: 3 0x8000a764 (0xfcad80a3) mem 0x80022e26 0x35
core   0: 0x8000a768 (0x061e8b03) lb      s6, 97(t4)
core   0: 3 0x8000a768 (0x061e8b03) x22 0x0000004e mem 0x8001b795
core   0: 0x8000a76c (0xff0fc983) lbu     s3, -16(t6)
core   0: 3 0x8000a76c (0xff0fc983) x19 0x00000058 mem 0x80021ea3
core   0: 0x8000a770 (0xfd8d8823) sb      s8, -48(s11)
core   0: 3 0x8000a770 (0xfd8d8823) mem 0x80022e35 0x46
core   0: 0x8000a774 (0xfc4dc803) lbu     a6, -60(s11)
core   0: 3 0x8000a774 (0xfc4dc803) x16 0x000000e2 mem 0x80022e29
core   0: 0x8000a778 (0xfcbf9283) lh      t0, -53(t6)
core   0: 3 0x8000a778 (0xfcbf9283) x 5 0x00003435 mem 0x80021e7e
core   0: 0x8000a77c (0x032e8ba3) sb      s2, 55(t4)
core   0: 3 0x8000a77c (0x032e8ba3) mem 0x8001b76b 0x44
core   0: 0x8000a780 (0xfe020003) lb      zero, -32(tp)
core   0: 3 0x8000a780 (0xfe020003) mem 0x80017941
core   0: 0x8000a784 (0x0000c797) auipc   a5, 0xc
core   0: 3 0x8000a784 (0x0000c797) x15 0x80016784
core   0: 0x8000a788 (0x02c78793) addi    a5, a5, 44
core   0: 3 0x8000a788 (0x02c78793) x15 0x800167b0
core   0: 0x8000a78c (0x004780a3) sb      tp, 1(a5)
core   0: 3 0x8000a78c (0x004780a3) mem 0x800167b1 0x61
core   0: 0x8000a790 (0x005780a3) sb      t0, 1(a5)
core   0: 3 0x8000a790 (0x005780a3) mem 0x800167b1 0x35
core   0: 0x8000a794 (0x01b780a3) sb      s11, 1(a5)
core   0: 3 0x8000a794 (0x01b780a3) mem 0x800167b1 0x65
core   0: 0x8000a798 (0x0017c003) lbu     zero, 1(a5)
core   0: 3 0x8000a798 (0x0017c003) mem 0x800167b1
core   0: 0x8000a79c (0x00e78323) sb      a4, 6(a5)
core   0: 3 0x8000a79c (0x00e78323) mem 0x800167b6 0x38
core   0: 0x8000a7a0 (0x016784a3) sb      s6, 9(a5)
core   0: 3 0x8000a7a0 (0x016784a3) mem 0x800167b9 0x4e
core   0: 0x8000a7a4 (0x01d784a3) sb      t4, 9(a5)
core   0: 3 0x8000a7a4 (0x01d784a3) mem 0x800167b9 0x34
core   0: 0x8000a7a8 (0xff37cd83) lbu     s11, -13(a5)
core   0: 3 0x8000a7a8 (0xff37cd83) x27 0x00000058 mem 0x800167a3
core   0: 0x8000a7ac (0xff17c283) lbu     t0, -15(a5)
core   0: 3 0x8000a7ac (0xff17c283) x 5 0x0000005a mem 0x800167a1
core   0: 0x8000a7b0 (0x44768fb7) lui     t6, 0x44768
core   0: 3 0x8000a7b0 (0x44768fb7) x31 0x44768000
core   0: 0x8000a7b4 (0xff2788a3) sb      s2, -15(a5)
core   0: 3 0x8000a7b4 (0xff2788a3) mem 0x800167a1 0x44
core   0: 0x8000a7b8 (0x0000bd97) auipc   s11, 0xb
core   0: 3 0x8000a7b8 (0x0000bd97) x27 0x800157b8
core   0: 0x8000a7bc (0x4b2d8d93) addi    s11, s11, 1202
core   0: 3 0x8000a7bc (0x4b2d8d93) x27 0x80015c6a
core   0: 0x8000a7c0 (0xfc5d8ea3) sb      t0, -35(s11)
core   0: 3 0x8000a7c0 (0xfc5d8ea3) mem 0x80015c47 0x5a
core   0: 0x8000a7c4 (0xfc8d8923) sb      s0, -46(s11)
core   0: 3 0x8000a7c4 (0xfc8d8923) mem 0x80015c3c 0xd
core   0: 0x8000a7c8 (0x00841cb3) sll     s9, s0, s0
core   0: 3 0x8000a7c8 (0x00841cb3) x25 0x0181a000
core   0: 0x8000a7cc (0xfd2dd983) lhu     s3, -46(s11)
core   0: 3 0x8000a7cc (0xfd2dd983) x19 0x0000f60d mem 0x80015c3c
core   0: 0x8000a7d0 (0xff4dc703) lbu     a4, -12(s11)
core   0: 3 0x8000a7d0 (0xff4dc703) x14 0x00000015 mem 0x80015c5e
core   0: 0x8000a7d4 (0xfe6d8a23) sb      t1, -12(s11)
core   0: 3 0x8000a7d4 (0xfe6d8a23) mem 0x80015c5e 0x82
core   0: 0x8000a7d8 (0xfc8d9983) lh      s3, -56(s11)
core   0: 3 0x8000a7d8 (0xfc8d9983) x19 0x000074e9 mem 0x80015c32
core   0: 0x8000a7dc (0xfeadd503) lhu     a0, -22(s11)
core   0: 3 0x8000a7dc (0xfeadd503) x10 0x0000ae30 mem 0x80015c54
core   0: 0x8000a7e0 (0xfc7dc983) lbu     s3, -57(s11)
core   0: 3 0x8000a7e0 (0xfc7dc983) x19 0x000000ea mem 0x80015c31
core   0: 0x8000a7e4 (0xfc7d8183) lb      gp, -57(s11)
core   0: 3 0x8000a7e4 (0xfc7d8183) x 3 0xffffffea mem 0x80015c31
core   0: 0x8000a7e8 (0xfccdcf03) lbu     t5, -52(s11)
core   0: 3 0x8000a7e8 (0xfccdcf03) x30 0x000000ed mem 0x80015c36
core   0: 0x8000a7ec (0xfccdc683) lbu     a3, -52(s11)
core   0: 3 0x8000a7ec (0xfccdc683) x13 0x000000ed mem 0x80015c36
core   0: 0x8000a7f0 (0xffbdca83) lbu     s5, -5(s11)
core   0: 3 0x8000a7f0 (0xffbdca83) x21 0x0000001e mem 0x80015c65
core   0: 0x8000a7f4 (0xffbd8f03) lb      t5, -5(s11)
core   0: 3 0x8000a7f4 (0xffbd8f03) x30 0x0000001e mem 0x80015c65
core   0: 0x8000a7f8 (0x0000b917) auipc   s2, 0xb
core   0: 3 0x8000a7f8 (0x0000b917) x18 0x800157f8
core   0: 0x8000a7fc (0x5ba90913) addi    s2, s2, 1466
core   0: 3 0x8000a7fc (0x5ba90913) x18 0x80015db2
core   0: 0x8000a800 (0xf1091823) sh      a6, -240(s2)
core   0: 3 0x8000a800 (0xf1091823) mem 0x80015cc2 0x00e2
core   0: 0x8000a804 (0x01e4efb3) or      t6, s1, t5
core   0: 3 0x8000a804 (0x01e4efb3) x31 0xffffffbe
core   0: 0x8000a808 (0xf7094503) lbu     a0, -144(s2)
core   0: 3 0x8000a808 (0xf7094503) x10 0x00000090 mem 0x80015d22
core   0: 0x8000a80c (0x014d4ab3) xor     s5, s10, s4
core   0: 3 0x8000a80c (0x014d4ab3) x21 0x0000005a
core   0: 0x8000a810 (0x00441893) slli    a7, s0, 4
core   0: 3 0x8000a810 (0x00441893) x17 0x0000c0d0
core   0: 0x8000a814 (0x00990fa3) sb      s1, 31(s2)
core   0: 3 0x8000a814 (0x00990fa3) mem 0x80015dd1 0xac
core   0: 0x8000a818 (0x003b2433) slt     s0, s6, gp
core   0: 3 0x8000a818 (0x003b2433) x 8 0x00000000
core   0: 0x8000a81c (0xf0994383) lbu     t2, -247(s2)
core   0: 3 0x8000a81c (0xf0994383) x 7 0x00000070 mem 0x80015cbb
core   0: 0x8000a820 (0x0e2f4193) xori    gp, t5, 226
core   0: 3 0x8000a820 (0x0e2f4193) x 3 0x000000fc
core   0: 0x8000a824 (0x00d30033) add     zero, t1, a3
core   0: 3 0x8000a824 (0x00d30033)
core   0: 0x8000a828 (0x01e14833) xor     a6, sp, t5
core   0: 3 0x8000a828 (0x01e14833) x16 0x8002ecfa
core   0: 0x8000a82c (0x015d4333) xor     t1, s10, s5
core   0: 3 0x8000a82c (0x015d4333) x 6 0x00000050
core   0: 0x8000a830 (0xf4490803) lb      a6, -188(s2)
core   0: 3 0x8000a830 (0xf4490803) x16 0x00000000 mem 0x80015cf6
core   0: 0x8000a834 (0x09573a13) sltiu   s4, a4, 149
core   0: 3 0x8000a834 (0x09573a13) x20 0x00000001
core   0: 0x8000a838 (0x0be90203) lb      tp, 190(s2)
core   0: 3 0x8000a838 (0x0be90203) x 4 0x0000002b mem 0x80015e70
core   0: 0x8000a83c (0x34b3cf13) xori    t5, t2, 843
core   0: 3 0x8000a83c (0x34b3cf13) x30 0x0000033b
core   0: 0x8000a840 (0x48a8ed17) auipc   s10, 0x48a8e
core   0: 3 0x8000a840 (0x48a8ed17) x26 0xc8a98840
core   0: 0x8000a844 (0xf6028d13) addi    s10, t0, -160
core   0: 3 0x8000a844 (0xf6028d13) x26 0xffffffba
core   0: 0x8000a848 (0x01bad7b3) srl     a5, s5, s11
core   0: 3 0x8000a848 (0x01bad7b3) x15 0x00000000
core   0: 0x8000a84c (0x0ef91323) sh      a5, 230(s2)
core   0: 3 0x8000a84c (0x0ef91323) mem 0x80015e98 0x0000
core   0: 0x8000a850 (0x04c90283) lb      t0, 76(s2)
core   0: 3 0x8000a850 (0x04c90283) x 5 0xffffffb5 mem 0x80015dfe
core   0: 0x8000a854 (0x06d94703) lbu     a4, 109(s2)
core   0: 3 0x8000a854 (0x06d94703) x14 0x000000d4 mem 0x80015e1f
core   0: 0x8000a858 (0xfe490003) lb      zero, -28(s2)
core   0: 3 0x8000a858 (0xfe490003) mem 0x80015d96
core   0: 0x8000a85c (0x012b2db3) slt     s11, s6, s2
core   0: 3 0x8000a85c (0x012b2db3) x27 0x00000000
core   0: 0x8000a860 (0xfd292803) lw      a6, -46(s2)
core   0: 3 0x8000a860 (0xfd292803) x16 0x3c3d3e3f mem 0x80015d84
core   0: 0x8000a864 (0x0116afb3) slt     t6, a3, a7
core   0: 3 0x8000a864 (0x0116afb3) x31 0x00000001
core   0: 0x8000a868 (0x03590423) sb      s5, 40(s2)
core   0: 3 0x8000a868 (0x03590423) mem 0x80015dda 0x5a
core   0: 0x8000a86c (0xf7295e03) lhu     t3, -142(s2)
core   0: 3 0x8000a86c (0xf7295e03) x28 0x0000dedf mem 0x80015d24
core   0: 0x8000a870 (0x40e5dc13) srai    s8, a1, 14
core   0: 3 0x8000a870 (0x40e5dc13) x24 0xfffe0000
core   0: 0x8000a874 (0x06491523) sh      tp, 106(s2)
core   0: 3 0x8000a874 (0x06491523) mem 0x80015e1c 0x002b
core   0: 0x8000a878 (0xdd0f3413) sltiu   s0, t5, -560
core   0: 3 0x8000a878 (0xdd0f3413) x 8 0x00000001
core   0: 0x8000a87c (0x1d0c6f93) ori     t6, s8, 464
core   0: 3 0x8000a87c (0x1d0c6f93) x31 0xfffe01d0
core   0: 0x8000a880 (0xfa794483) lbu     s1, -89(s2)
core   0: 3 0x8000a880 (0xfa794483) x 9 0x00000025 mem 0x80015d59
core   0: 0x8000a884 (0x000cd8b3) srl     a7, s9, zero
core   0: 3 0x8000a884 (0x000cd8b3) x17 0x0181a000
core   0: 0x8000a888 (0x04495d03) lhu     s10, 68(s2)
core   0: 3 0x8000a888 (0x04495d03) x26 0x00005dad mem 0x80015df6
core   0: 0x8000a88c (0x0ec95503) lhu     a0, 236(s2)
core   0: 3 0x8000a88c (0x0ec95503) x10 0x00005455 mem 0x80015e9e
core   0: 0x8000a890 (0x409f06b3) sub     a3, t5, s1
core   0: 3 0x8000a890 (0x409f06b3) x13 0x00000316
core   0: 0x8000a894 (0x01b27db3) and     s11, tp, s11
core   0: 3 0x8000a894 (0x01b27db3) x27 0x00000000
core   0: 0x8000a898 (0x0c9908a3) sb      s1, 209(s2)
core   0: 3 0x8000a898 (0x0c9908a3) mem 0x80015e83 0x25
core   0: 0x8000a89c (0xff292d03) lw      s10, -14(s2)
core   0: 3 0x8000a89c (0xff292d03) x26 0x5c5dc85f mem 0x80015da4
core   0: 0x8000a8a0 (0x416cde33) sra     t3, s9, s6
core   0: 3 0x8000a8a0 (0x416cde33) x28 0x00000606
core   0: 0x8000a8a4 (0xf4394d83) lbu     s11, -189(s2)
core   0: 3 0x8000a8a4 (0xf4394d83) x27 0x000000ae mem 0x80015cf5
core   0: 0x8000a8a8 (0x01c2b7b3) sltu    a5, t0, t3
core   0: 3 0x8000a8a8 (0x01c2b7b3) x15 0x00000000
core   0: 0x8000a8ac (0x000c2ab3) slt     s5, s8, zero
core   0: 3 0x8000a8ac (0x000c2ab3) x21 0x00000001
core   0: 0x8000a8b0 (0xf0291403) lh      s0, -254(s2)
core   0: 3 0x8000a8b0 (0xf0291403) x 8 0x00006e6f mem 0x80015cb4
core   0: 0x8000a8b4 (0x0000b097) auipc   ra, 0xb
core   0: 3 0x8000a8b4 (0x0000b097) x 1 0x800158b4
core   0: 0x8000a8b8 (0xd2908093) addi    ra, ra, -727
core   0: 3 0x8000a8b8 (0xd2908093) x 1 0x800155dd
core   0: 0x8000a8bc (0x038092a3) sh      s8, 37(ra)
core   0: 3 0x8000a8bc (0x038092a3) mem 0x80015602 0x0000
core   0: 0x8000a8c0 (0x0ff0000f) fence   iorw,iorw
core   0: 3 0x8000a8c0 (0x0ff0000f)
core   0: 0x8000a8c4 (0x022092a3) sh      sp, 37(ra)
core   0: 3 0x8000a8c4 (0x022092a3) mem 0x80015602 0xece4
core   0: 0x8000a8c8 (0x00f08a83) lb      s5, 15(ra)
core   0: 3 0x8000a8c8 (0x00f08a83) x21 0x00000020 mem 0x800155ec
core   0: 0x8000a8cc (0x005551b3) srl     gp, a0, t0
core   0: 3 0x8000a8cc (0x005551b3) x 3 0x00000000
core   0: 0x8000a8d0 (0x019a5193) srli    gp, s4, 25
core   0: 3 0x8000a8d0 (0x019a5193) x 3 0x00000000
core   0: 0x8000a8d4 (0x0340cb03) lbu     s6, 52(ra)
core   0: 3 0x8000a8d4 (0x0340cb03) x22 0x000000ca mem 0x80015611
core   0: 0x8000a8d8 (0x0280cd03) lbu     s10, 40(ra)
core   0: 3 0x8000a8d8 (0x0280cd03) x26 0x000000be mem 0x80015605
core   0: 0x8000a8dc (0x00000013) nop
core   0: 3 0x8000a8dc (0x00000013)
core   0: 0x8000a8e0 (0x7e5674b7) lui     s1, 0x7e567
core   0: 3 0x8000a8e0 (0x7e5674b7) x 9 0x7e567000
core   0: 0x8000a8e4 (0xfcc0c883) lbu     a7, -52(ra)
core   0: 3 0x8000a8e4 (0xfcc0c883) x17 0x000000ec mem 0x800155a9
core   0: 0x8000a8e8 (0x03108823) sb      a7, 48(ra)
core   0: 3 0x8000a8e8 (0x03108823) mem 0x8001560d 0xec
core   0: 0x8000a8ec (0xe57c8213) addi    tp, s9, -425
core   0: 3 0x8000a8ec (0xe57c8213) x 4 0x01819e57
core   0: 0x8000a8f0 (0x03a08f23) sb      s10, 62(ra)
core   0: 3 0x8000a8f0 (0x03a08f23) mem 0x8001561b 0xbe
core   0: 0x8000a8f4 (0x01ef5333) srl     t1, t5, t5
core   0: 3 0x8000a8f4 (0x01ef5333) x 6 0x00000000
core   0: 0x8000a8f8 (0x00cf33b3) sltu    t2, t5, a2
core   0: 3 0x8000a8f8 (0x00cf33b3) x 7 0x00000001
core   0: 0x8000a8fc (0x02d08883) lb      a7, 45(ra)
core   0: 3 0x8000a8fc (0x02d08883) x17 0xffffffc1 mem 0x8001560a
core   0: 0x8000a900 (0x3a61b913) sltiu   s2, gp, 934
core   0: 3 0x8000a900 (0x3a61b913) x18 0x00000001
core   0: 0x8000a904 (0x0101d033) srl     zero, gp, a6
core   0: 3 0x8000a904 (0x0101d033)
core   0: 0x8000a908 (0x017437b3) sltu    a5, s0, s7
core   0: 3 0x8000a908 (0x017437b3) x15 0x00000001
core   0: 0x8000a90c (0x0050ce83) lbu     t4, 5(ra)
core   0: 3 0x8000a90c (0x0050ce83) x29 0x000000b4 mem 0x800155e2
core   0: 0x8000a910 (0xfe808e23) sb      s0, -4(ra)
core   0: 3 0x8000a910 (0xfe808e23) mem 0x800155d9 0x6f
core   0: 0x8000a914 (0x0001af97) auipc   t6, 0x1a
core   0: 3 0x8000a914 (0x0001af97) x31 0x80024914
core   0: 0x8000a918 (0x968f8f93) addi    t6, t6, -1688
core   0: 3 0x8000a918 (0x968f8f93) x31 0x8002427c
core   0: 0x8000a91c (0x00000013) nop
core   0: 3 0x8000a91c (0x00000013)
core   0: 0x8000a920 (0x14fa0313) addi    t1, s4, 335
core   0: 3 0x8000a920 (0x14fa0313) x 6 0x00000150
core   0: 0x8000a924 (0x0fdf85a3) sb      t4, 235(t6)
core   0: 3 0x8000a924 (0x0fdf85a3) mem 0x80024367 0xb4
core   0: 0x8000a928 (0x008bde13) srli    t3, s7, 8
core   0: 3 0x8000a928 (0x008bde13) x28 0x00444546
core   0: 0x8000a92c (0x01c11c33) sll     s8, sp, t3
core   0: 3 0x8000a92c (0x01c11c33) x24 0x00bb3900
core   0: 0x8000a930 (0xfadfc183) lbu     gp, -83(t6)
core   0: 3 0x8000a930 (0xfadfc183) x 3 0x000000e2 mem 0x80024229
core   0: 0x8000a934 (0x0069bd33) sltu    s10, s3, t1
core   0: 3 0x8000a934 (0x0069bd33) x26 0x00000001
core   0: 0x8000a938 (0x049f9d23) sh      s1, 90(t6)
core   0: 3 0x8000a938 (0x049f9d23) mem 0x800242d6 0x7000
core   0: 0x8000a93c (0x00dad7b3) srl     a5, s5, a3
core   0: 3 0x8000a93c (0x00dad7b3) x15 0x00000000
core   0: 0x8000a940 (0x01613e33) sltu    t3, sp, s6
core   0: 3 0x8000a940 (0x01613e33) x28 0x00000000
core   0: 0x8000a944 (0x067f8a03) lb      s4, 103(t6)
core   0: 3 0x8000a944 (0x067f8a03) x20 0xffffff98 mem 0x800242e3
core   0: 0x8000a948 (0xfa8fda83) lhu     s5, -88(t6)
core   0: 3 0x8000a948 (0xfa8fda83) x21 0x0000dedf mem 0x80024224
core   0: 0x8000a94c (0xf37f80a3) sb      s7, -223(t6)
core   0: 3 0x8000a94c (0xf37f80a3) mem 0x8002419d 0x47
core   0: 0x8000a950 (0xf96c4313) xori    t1, s8, -106
core   0: 3 0x8000a950 (0xf96c4313) x 6 0xff44c696
core   0: 0x8000a954 (0x0000100f) fence.i
core   0: 3 0x8000a954 (0x0000100f)
core   0: 0x8000a958 (0x09ca8a93) addi    s5, s5, 156
core   0: 3 0x8000a958 (0x09ca8a93) x21 0x0000df7b
core   0: 0x8000a95c (0xfa9f8023) sb      s1, -96(t6)
core   0: 3 0x8000a95c (0xfa9f8023) mem 0x8002421c 0x0
core   0: 0x8000a960 (0x083f8383) lb      t2, 131(t6)
core   0: 3 0x8000a960 (0x083f8383) x 7 0xffffffb4 mem 0x800242ff
core   0: 0x8000a964 (0x050f8ea3) sb      a6, 93(t6)
core   0: 3 0x8000a964 (0x050f8ea3) mem 0x800242d9 0x3f
core   0: 0x8000a968 (0x08690713) addi    a4, s2, 134
core   0: 3 0x8000a968 (0x08690713) x14 0x00000087
core   0: 0x8000a96c (0x0ff0000f) fence   iorw,iorw
core   0: 3 0x8000a96c (0x0ff0000f)
core   0: 0x8000a970 (0x40b9df13) srai    t5, s3, 11
core   0: 3 0x8000a970 (0x40b9df13) x30 0x00000000
core   0: 0x8000a974 (0x00825993) srli    s3, tp, 8
core   0: 3 0x8000a974 (0x00825993) x19 0x0001819e
core   0: 0x8000a978 (0x035f8ba3) sb      s5, 55(t6)
core   0: 3 0x8000a978 (0x035f8ba3) mem 0x800242b3 0x7b
core   0: 0x8000a97c (0xfc4fad83) lw      s11, -60(t6)
core   0: 3 0x8000a97c (0xfc4fad83) x27 0xf8f9fafb mem 0x80024240
core   0: 0x8000a980 (0x01eb5813) srli    a6, s6, 30
core   0: 3 0x8000a980 (0x01eb5813) x16 0x00000000
core   0: 0x8000a984 (0xfaefc503) lbu     a0, -82(t6)
core   0: 3 0x8000a984 (0xfaefc503) x10 0x000000e1 mem 0x8002422a
core   0: 0x8000a988 (0x412507b3) sub     a5, a0, s2
core   0: 3 0x8000a988 (0x412507b3) x15 0x000000e0
core   0: 0x8000a98c (0x082f80a3) sb      sp, 129(t6)
core   0: 3 0x8000a98c (0x082f80a3) mem 0x800242fd 0xe4
core   0: 0x8000a990 (0x00cda7b3) slt     a5, s11, a2
core   0: 3 0x8000a990 (0x00cda7b3) x15 0x00000000
core   0: 0x8000a994 (0x4136d433) sra     s0, a3, s3
core   0: 3 0x8000a994 (0x4136d433) x 8 0x00000000
core   0: 0x8000a998 (0x414806b3) sub     a3, a6, s4
core   0: 3 0x8000a998 (0x414806b3) x13 0x00000068
core   0: 0x8000a99c (0x061f83a3) sb      ra, 103(t6)
core   0: 3 0x8000a99c (0x061f83a3) mem 0x800242e3 0xdd
core   0: 0x8000a9a0 (0x01448333) add     t1, s1, s4
core   0: 3 0x8000a9a0 (0x01448333) x 6 0x7e566f98
core   0: 0x8000a9a4 (0x011fc503) lbu     a0, 17(t6)
core   0: 3 0x8000a9a4 (0x011fc503) x10 0x00000046 mem 0x8002428d
core   0: 0x8000a9a8 (0x21fe0e13) addi    t3, t3, 543
core   0: 3 0x8000a9a8 (0x21fe0e13) x28 0x0000021f
core   0: 0x8000a9ac (0xf78f8da3) sb      s8, -133(t6)
core   0: 3 0x8000a9ac (0xf78f8da3) mem 0x800241f7 0x0
core   0: 0x8000a9b0 (0xf61f8d23) sb      ra, -134(t6)
core   0: 3 0x8000a9b0 (0xf61f8d23) mem 0x800241f6 0xdd
core   0: 0x8000a9b4 (0x00516733) or      a4, sp, t0
core   0: 3 0x8000a9b4 (0x00516733) x14 0xfffffff5
core   0: 0x8000a9b8 (0x41ebd933) sra     s2, s7, t5
core   0: 3 0x8000a9b8 (0x41ebd933) x18 0x44454647
core   0: 0x8000a9bc (0x402f5233) sra     tp, t5, sp
core   0: 3 0x8000a9bc (0x402f5233) x 4 0x00000000
core   0: 0x8000a9c0 (0x010d5513) srli    a0, s10, 16
core   0: 3 0x8000a9c0 (0x010d5513) x10 0x00000000
core   0: 0x8000a9c4 (0x08af8283) lb      t0, 138(t6)
core   0: 3 0x8000a9c4 (0x08af8283) x 5 0xffffffbd mem 0x80024306
core   0: 0x8000a9c8 (0x0d2f9b23) sh      s2, 214(t6)
core   0: 3 0x8000a9c8 (0x0d2f9b23) mem 0x80024352 0x4647
core   0: 0x8000a9cc (0xf32f9b03) lh      s6, -206(t6)
core   0: 3 0x8000a9cc (0xf32f9b03) x22 0x00006465 mem 0x800241ae
core   0: 0x8000a9d0 (0x40d15393) srai    t2, sp, 13
core   0: 3 0x8000a9d0 (0x40d15393) x 7 0xfffc0017
core   0: 0x8000a9d4 (0xf20f9003) lh      zero, -224(t6)
core   0: 3 0x8000a9d4 (0xf20f9003) mem 0x8002419c
core   0: 0x8000a9d8 (0x0d9fc203) lbu     tp, 217(t6)
core   0: 3 0x8000a9d8 (0x0d9fc203) x 4 0x0000000e mem 0x80024355
core   0: 0x8000a9dc (0x00000013) nop
core   0: 3 0x8000a9dc (0x00000013)
core   0: 0x8000a9e0 (0x070f8ea3) sb      a6, 125(t6)
core   0: 3 0x8000a9e0 (0x070f8ea3) mem 0x800242f9 0x0
core   0: 0x8000a9e4 (0x0174ccb3) xor     s9, s1, s7
core   0: 3 0x8000a9e4 (0x0174ccb3) x25 0x3a133647
core   0: 0x8000a9e8 (0x95396013) ori     zero, s2, -1709
core   0: 3 0x8000a9e8 (0x95396013)
core   0: 0x8000a9ec (0xf8afde03) lhu     t3, -118(t6)
core   0: 3 0x8000a9ec (0xf8afde03) x28 0x0000bcbd mem 0x80024206
core   0: 0x8000a9f0 (0xf79f8803) lb      a6, -135(t6)
core   0: 3 0x8000a9f0 (0xf79f8803) x16 0xffffffae mem 0x800241f5
core   0: 0x8000a9f4 (0x01f226b3) slt     a3, tp, t6
core   0: 3 0x8000a9f4 (0x01f226b3) x13 0x00000000
core   0: 0x8000a9f8 (0x0d4fda03) lhu     s4, 212(t6)
core   0: 3 0x8000a9f8 (0x0d4fda03) x20 0x00000a0b mem 0x80024350
core   0: 0x8000a9fc (0x0a8fda83) lhu     s5, 168(t6)
core   0: 3 0x8000a9fc (0x0a8fda83) x21 0x0000dedf mem 0x80024324
core   0: 0x8000aa00 (0x0e4f9d83) lh      s11, 228(t6)
core   0: 3 0x8000aa00 (0x0e4f9d83) x27 0x00001a1b mem 0x80024360
core   0: 0x8000aa04 (0x0000cb17) auipc   s6, 0xc
core   0: 3 0x8000aa04 (0x0000cb17) x22 0x80016a04
core   0: 0x8000aa08 (0xf27b0b13) addi    s6, s6, -217
core   0: 3 0x8000aa08 (0xf27b0b13) x22 0x8001692b
core   0: 0x8000aa0c (0xfe9b1b83) lh      s7, -23(s6)
core   0: 3 0x8000aa0c (0xfe9b1b83) x23 0xffffcecf mem 0x80016914
core   0: 0x8000aa10 (0x40c85193) srai    gp, a6, 12
core   0: 3 0x8000aa10 (0x40c85193) x 3 0xffffffff
core   0: 0x8000aa14 (0xfe9b5483) lhu     s1, -23(s6)
core   0: 3 0x8000aa14 (0xfe9b5483) x 9 0x0000cecf mem 0x80016914
core   0: 0x8000aa18 (0x022b0183) lb      gp, 34(s6)
core   0: 3 0x8000aa18 (0x022b0183) x 3 0x00000006 mem 0x8001694d
core   0: 0x8000aa1c (0x40778833) sub     a6, a5, t2
core   0: 3 0x8000aa1c (0x40778833) x16 0x0003ffe9
core   0: 0x8000aa20 (0xf1028313) addi    t1, t0, -240
core   0: 3 0x8000aa20 (0xf1028313) x 6 0xfffffecd
core   0: 0x8000aa24 (0x007c1393) slli    t2, s8, 7
core   0: 3 0x8000aa24 (0x007c1393) x 7 0x5d9c8000
core   0: 0x8000aa28 (0x03cb4b83) lbu     s7, 60(s6)
core   0: 3 0x8000aa28 (0x03cb4b83) x23 0x0000001c mem 0x80016967
core   0: 0x8000aa2c (0x03cb0f03) lb      t5, 60(s6)
core   0: 3 0x8000aa2c (0x03cb0f03) x30 0x0000001c mem 0x80016967
core   0: 0x8000aa30 (0x03cb0d03) lb      s10, 60(s6)
core   0: 3 0x8000aa30 (0x03cb0d03) x26 0x0000001c mem 0x80016967
core   0: 0x8000aa34 (0x03cb4503) lbu     a0, 60(s6)
core   0: 3 0x8000aa34 (0x03cb4503) x10 0x0000001c mem 0x80016967
core   0: 0x8000aa38 (0x03cb0183) lb      gp, 60(s6)
core   0: 3 0x8000aa38 (0x03cb0183) x 3 0x0000001c mem 0x80016967
core   0: 0x8000aa3c (0x03cb4f03) lbu     t5, 60(s6)
core   0: 3 0x8000aa3c (0x03cb4f03) x30 0x0000001c mem 0x80016967
core   0: 0x8000aa40 (0x03cb0e23) sb      t3, 60(s6)
core   0: 3 0x8000aa40 (0x03cb0e23) mem 0x80016967 0xbd
core   0: 0x8000aa44 (0x03cb4183) lbu     gp, 60(s6)
core   0: 3 0x8000aa44 (0x03cb4183) x 3 0x000000bd mem 0x80016967
core   0: 0x8000aa48 (0x0000bc17) auipc   s8, 0xb
core   0: 3 0x8000aa48 (0x0000bc17) x24 0x80015a48
core   0: 0x8000aa4c (0x14bc0c13) addi    s8, s8, 331
core   0: 3 0x8000aa4c (0x14bc0c13) x24 0x80015b93
core   0: 0x8000aa50 (0xa00ba413) slti    s0, s7, -1536
core   0: 3 0x8000aa50 (0xa00ba413) x 8 0x00000000
core   0: 0x8000aa54 (0xff4c0303) lb      t1, -12(s8)
core   0: 3 0x8000aa54 (0xff4c0303) x 6 0x0000003c mem 0x80015b87
core   0: 0x8000aa58 (0xd076f1b7) lui     gp, 0xd076f
core   0: 3 0x8000aa58 (0xd076f1b7) x 3 0xd076f000
core   0: 0x8000aa5c (0x00ac5813) srli    a6, s8, 10
core   0: 3 0x8000aa5c (0x00ac5813) x16 0x00200056
core   0: 0x8000aa60 (0x00ec0983) lb      s3, 14(s8)
core   0: 3 0x8000aa60 (0x00ec0983) x19 0x0000005a mem 0x80015ba1
core   0: 0x8000aa64 (0xf91c0723) sb      a7, -114(s8)
core   0: 3 0x8000aa64 (0xf91c0723) mem 0x80015b21 0xc1
core   0: 0x8000aa68 (0x5c62b313) sltiu   t1, t0, 1478
core   0: 3 0x8000aa68 (0x5c62b313) x 6 0x00000000
core   0: 0x8000aa6c (0xfd7c1883) lh      a7, -41(s8)
core   0: 3 0x8000aa6c (0xfd7c1883) x17 0x00002021 mem 0x80015b6a
core   0: 0x8000aa70 (0xf84c0c83) lb      s9, -124(s8)
core   0: 3 0x8000aa70 (0xf84c0c83) x25 0xffffffcc mem 0x80015b17
core   0: 0x8000aa74 (0xf2ac0e83) lb      t4, -214(s8)
core   0: 3 0x8000aa74 (0xf2ac0e83) x29 0x00000076 mem 0x80015abd
core   0: 0x8000aa78 (0xae997c93) andi    s9, s2, -1303
core   0: 3 0x8000aa78 (0xae997c93) x25 0x44454241
core   0: 0x8000aa7c (0x001a43b3) xor     t2, s4, ra
core   0: 3 0x8000aa7c (0x001a43b3) x 7 0x80015fd6
core   0: 0x8000aa80 (0x01826d17) auipc   s10, 0x1826
core   0: 3 0x8000aa80 (0x01826d17) x26 0x81830a80
core   0: 0x8000aa84 (0x051c2483) lw      s1, 81(s8)
core   0: 3 0x8000aa84 (0x051c2483) x 9 0x9c549e9f mem 0x80015be4
core   0: 0x8000aa88 (0xfb2c19a3) sh      s2, -77(s8)
core   0: 3 0x8000aa88 (0xfb2c19a3) mem 0x80015b46 0x4647
core   0: 0x8000aa8c (0xfd3c4903) lbu     s2, -45(s8)
core   0: 3 0x8000aa8c (0xfd3c4903) x18 0x0000001d mem 0x80015b66
core   0: 0x8000aa90 (0xf06c4183) lbu     gp, -250(s8)
core   0: 3 0x8000aa90 (0xf06c4183) x 3 0x00000052 mem 0x80015a99
core   0: 0x8000aa94 (0xf9fc0b23) sb      t6, -106(s8)
core   0: 3 0x8000aa94 (0xf9fc0b23) mem 0x80015b29 0x7c
core   0: 0x8000aa98 (0x408e5433) sra     s0, t3, s0
core   0: 3 0x8000aa98 (0x408e5433) x 8 0x0000bcbd
core   0: 0x8000aa9c (0xf4fc5983) lhu     s3, -177(s8)
core   0: 3 0x8000aa9c (0xf4fc5983) x19 0x00009899 mem 0x80015ae2
core   0: 0x8000aaa0 (0x0bac0a23) sb      s10, 180(s8)
core   0: 3 0x8000aaa0 (0x0bac0a23) mem 0x80015c47 0x80
core   0: 0x8000aaa4 (0x007da3b3) slt     t2, s11, t2
core   0: 3 0x8000aaa4 (0x007da3b3) x 7 0x00000000
core   0: 0x8000aaa8 (0x0eac1ba3) sh      a0, 247(s8)
core   0: 3 0x8000aaa8 (0x0eac1ba3) mem 0x80015c8a 0x001c
core   0: 0x8000aaac (0x017e1933) sll     s2, t3, s7
core   0: 3 0x8000aaac (0x017e1933) x18 0xd0000000
core   0: 0x8000aab0 (0x009fdd13) srli    s10, t6, 9
core   0: 3 0x8000aab0 (0x009fdd13) x26 0x00400121
core   0: 0x8000aab4 (0x00000013) nop
core   0: 3 0x8000aab4 (0x00000013)
core   0: 0x8000aab8 (0xf5dc1003) lh      zero, -163(s8)
core   0: 3 0x8000aab8 (0xf5dc1003) mem 0x80015af0
core   0: 0x8000aabc (0x00cc0323) sb      a2, 6(s8)
core   0: 3 0x8000aabc (0x00cc0323) mem 0x80015b99 0x4
core   0: 0x8000aac0 (0xf22c0983) lb      s3, -222(s8)
core   0: 3 0x8000aac0 (0xf22c0983) x19 0x00000058 mem 0x80015ab5
core   0: 0x8000aac4 (0x0ccc0c83) lb      s9, 204(s8)
core   0: 3 0x8000aac4 (0x0ccc0c83) x25 0xffffffb2 mem 0x80015c5f
core   0: 0x8000aac8 (0x0001ab17) auipc   s6, 0x1a
core   0: 3 0x8000aac8 (0x0001ab17) x22 0x80024ac8
core   0: 0x8000aacc (0x863b0b13) addi    s6, s6, -1949
core   0: 3 0x8000aacc (0x863b0b13) x22 0x8002432b
core   0: 0x8000aad0 (0x00000013) nop
core   0: 3 0x8000aad0 (0x00000013)
core   0: 0x8000aad4 (0x000717b3) sll     a5, a4, zero
core   0: 3 0x8000aad4 (0x000717b3) x15 0xfffffff5
core   0: 0x8000aad8 (0x009b5983) lhu     s3, 9(s6)
core   0: 3 0x8000aad8 (0x009b5983) x19 0x0000eeef mem 0x80024334
core   0: 0x8000aadc (0xdd664693) xori    a3, a2, -554
core   0: 3 0x8000aadc (0xdd664693) x13 0x7ffd53d2
core   0: 0x8000aae0 (0x00eb0803) lb      a6, 14(s6)
core   0: 3 0x8000aae0 (0x00eb0803) x16 0xfffffff2 mem 0x80024339
core   0: 0x8000aae4 (0x014989b3) add     s3, s3, s4
core   0: 3 0x8000aae4 (0x014989b3) x19 0x0000f8fa
core   0: 0x8000aae8 (0x004b0003) lb      zero, 4(s6)
core   0: 3 0x8000aae8 (0x004b0003) mem 0x8002432f
core   0: 0x8000aaec (0xab45ea13) ori     s4, a1, -1356
core   0: 3 0x8000aaec (0xab45ea13) x20 0xfffffab4
core   0: 0x8000aaf0 (0xff7b1183) lh      gp, -9(s6)
core   0: 3 0x8000aaf0 (0xff7b1183) x 3 0xffffd8d9 mem 0x80024322
core   0: 0x8000aaf4 (0xd03af017) auipc   zero, 0xd03af
core   0: 3 0x8000aaf4 (0xd03af017)
core   0: 0x8000aaf8 (0x00845193) srli    gp, s0, 8
core   0: 3 0x8000aaf8 (0x00845193) x 3 0x000000bc
core   0: 0x8000aafc (0x00593db3) sltu    s11, s2, t0
core   0: 3 0x8000aafc (0x00593db3) x27 0x00000001
core   0: 0x8000ab00 (0x0195dc13) srli    s8, a1, 25
core   0: 3 0x8000ab00 (0x0195dc13) x24 0x00000040
core   0: 0x8000ab04 (0x00ab0823) sb      a0, 16(s6)
core   0: 3 0x8000ab04 (0x00ab0823) mem 0x8002433b 0x1c
core   0: 0x8000ab08 (0x007b1183) lh      gp, 7(s6)
core   0: 3 0x8000ab08 (0x007b1183) x 3 0xffffe8e9 mem 0x80024332
core   0: 0x8000ab0c (0x0000100f) fence.i
core   0: 3 0x8000ab0c (0x0000100f)
core   0: 0x8000ab10 (0x012b17a3) sh      s2, 15(s6)
core   0: 3 0x8000ab10 (0x012b17a3) mem 0x8002433a 0x0000
core   0: 0x8000ab14 (0xbd7d6db7) lui     s11, 0xbd7d6
core   0: 3 0x8000ab14 (0xbd7d6db7) x27 0xbd7d6000
core   0: 0x8000ab18 (0x0000100f) fence.i
core   0: 3 0x8000ab18 (0x0000100f)
core   0: 0x8000ab1c (0x0ff0000f) fence   iorw,iorw
core   0: 3 0x8000ab1c (0x0ff0000f)
core   0: 0x8000ab20 (0x019259b3) srl     s3, tp, s9
core   0: 3 0x8000ab20 (0x019259b3) x19 0x00000000
core   0: 0x8000ab24 (0xff8b4903) lbu     s2, -8(s6)
core   0: 3 0x8000ab24 (0xff8b4903) x18 0x000000d8 mem 0x80024323
core   0: 0x8000ab28 (0x0ff0000f) fence   iorw,iorw
core   0: 3 0x8000ab28 (0x0ff0000f)
core   0: 0x8000ab2c (0x008b0523) sb      s0, 10(s6)
core   0: 3 0x8000ab2c (0x008b0523) mem 0x80024335 0xbd
core   0: 0x8000ab30 (0xf7d4b513) sltiu   a0, s1, -131
core   0: 3 0x8000ab30 (0xf7d4b513) x10 0x00000001
core   0: 0x8000ab34 (0x001b1883) lh      a7, 1(s6)
core   0: 3 0x8000ab34 (0x001b1883) x17 0xffffe6e7 mem 0x8002432c
core   0: 0x8000ab38 (0x056b4797) auipc   a5, 0x56b4
core   0: 3 0x8000ab38 (0x056b4797) x15 0x856beb38
core   0: 0x8000ab3c (0x017266b3) or      a3, tp, s7
core   0: 3 0x8000ab3c (0x017266b3) x13 0x0000001e
core   0: 0x8000ab40 (0x01bf88b3) add     a7, t6, s11
core   0: 3 0x8000ab40 (0x01bf88b3) x17 0x3d7fa27c
core   0: 0x8000ab44 (0x23f97a97) auipc   s5, 0x23f97
core   0: 3 0x8000ab44 (0x23f97a97) x21 0xa3fa1b44
core   0: 0x8000ab48 (0xfeab0da3) sb      a0, -5(s6)
core   0: 3 0x8000ab48 (0xfeab0da3) mem 0x80024326 0x1
core   0: 0x8000ab4c (0x00000013) nop
core   0: 3 0x8000ab4c (0x00000013)
core   0: 0x8000ab50 (0x013b13a3) sh      s3, 7(s6)
core   0: 3 0x8000ab50 (0x013b13a3) mem 0x80024332 0x0000
core   0: 0x8000ab54 (0x00e57e33) and     t3, a0, a4
core   0: 3 0x8000ab54 (0x00e57e33) x28 0x00000001
core   0: 0x8000ab58 (0x40c357b3) sra     a5, t1, a2
core   0: 3 0x8000ab58 (0x40c357b3) x15 0x00000000
core   0: 0x8000ab5c (0x41bf83b3) sub     t2, t6, s11
core   0: 3 0x8000ab5c (0x41bf83b3) x 7 0xc284e27c
core   0: 0x8000ab60 (0x40f95bb3) sra     s7, s2, a5
core   0: 3 0x8000ab60 (0x40f95bb3) x23 0x000000d8
core   0: 0x8000ab64 (0xffcb4303) lbu     t1, -4(s6)
core   0: 3 0x8000ab64 (0xffcb4303) x 6 0x000000dc mem 0x80024327
core   0: 0x8000ab68 (0x01ddd913) srli    s2, s11, 29
core   0: 3 0x8000ab68 (0x01ddd913) x18 0x00000005
core   0: 0x8000ab6c (0x006cbf33) sltu    t5, s9, t1
core   0: 3 0x8000ab6c (0x006cbf33) x30 0x00000000
core   0: 0x8000ab70 (0xff8b4203) lbu     tp, -8(s6)
core   0: 3 0x8000ab70 (0xff8b4203) x 4 0x000000d8 mem 0x80024323
core   0: 0x8000ab74 (0x002b4f83) lbu     t6, 2(s6)
core   0: 3 0x8000ab74 (0x002b4f83) x31 0x000000e6 mem 0x8002432d
core   0: 0x8000ab78 (0xffbb0083) lb      ra, -5(s6)
core   0: 3 0x8000ab78 (0xffbb0083) x 1 0x00000001 mem 0x80024326
core   0: 0x8000ab7c (0x00882433) slt     s0, a6, s0
core   0: 3 0x8000ab7c (0x00882433) x 8 0x00000001
core   0: 0x8000ab80 (0xfe2b0c23) sb      sp, -8(s6)
core   0: 3 0x8000ab80 (0xfe2b0c23) mem 0x80024323 0xe4
core   0: 0x8000ab84 (0x00017e17) auipc   t3, 0x17
core   0: 3 0x8000ab84 (0x00017e17) x28 0x80021b84
core   0: 0x8000ab88 (0x260e0e13) addi    t3, t3, 608
core   0: 3 0x8000ab88 (0x260e0e13) x28 0x80021de4
core   0: 0x8000ab8c (0xb64f2893) slti    a7, t5, -1180
core   0: 3 0x8000ab8c (0xb64f2893) x17 0x00000000
core   0: 0x8000ab90 (0x875e2013) slti    zero, t3, -1931
core   0: 3 0x8000ab90 (0x875e2013)
core   0: 0x8000ab94 (0x02de0c23) sb      a3, 56(t3)
core   0: 3 0x8000ab94 (0x02de0c23) mem 0x80021e1c 0x1e
core   0: 0x8000ab98 (0x0ff0000f) fence   iorw,iorw
core   0: 3 0x8000ab98 (0x0ff0000f)
core   0: 0x8000ab9c (0x414cda13) srai    s4, s9, 20
core   0: 3 0x8000ab9c (0x414cda13) x20 0xffffffff
core   0: 0x8000aba0 (0x00e75033) srl     zero, a4, a4
core   0: 3 0x8000aba0 (0x00e75033)
core   0: 0x8000aba4 (0x015b0533) add     a0, s6, s5
core   0: 3 0x8000aba4 (0x015b0533) x10 0x23fc5e6f
core   0: 0x8000aba8 (0xfc2e1523) sh      sp, -54(t3)
core   0: 3 0x8000aba8 (0xfc2e1523) mem 0x80021dae 0xece4
core   0: 0x8000abac (0xfd0e0323) sb      a6, -58(t3)
core   0: 3 0x8000abac (0xfd0e0323) mem 0x80021daa 0xf2
core   0: 0x8000abb0 (0x0ff0000f) fence   iorw,iorw
core   0: 3 0x8000abb0 (0x0ff0000f)
core   0: 0x8000abb4 (0x004e0ea3) sb      tp, 29(t3)
core   0: 3 0x8000abb4 (0x004e0ea3) mem 0x80021e01 0xd8
core   0: 0x8000abb8 (0x4fdd7037) lui     zero, 0x4fdd7
core   0: 3 0x8000abb8 (0x4fdd7037)
core   0: 0x8000abbc (0x006b9993) slli    s3, s7, 6
core   0: 3 0x8000abbc (0x006b9993) x19 0x00003600
core   0: 0x8000abc0 (0x030e4a03) lbu     s4, 48(t3)
core   0: 3 0x8000abc0 (0x030e4a03) x20 0x000000cf mem 0x80021e14
core   0: 0x8000abc4 (0x41c9d333) sra     t1, s3, t3
core   0: 3 0x8000abc4 (0x41c9d333) x 6 0x00000360
core   0: 0x8000abc8 (0x021e4c83) lbu     s9, 33(t3)
core   0: 3 0x8000abc8 (0x021e4c83) x25 0x000000be mem 0x80021e05
core   0: 0x8000abcc (0x0146d533) srl     a0, a3, s4
core   0: 3 0x8000abcc (0x0146d533) x10 0x00000000
core   0: 0x8000abd0 (0xff3e0703) lb      a4, -13(t3)
core   0: 3 0x8000abd0 (0xff3e0703) x14 0xffffff8c mem 0x80021dd7
core   0: 0x8000abd4 (0x007af0b3) and     ra, s5, t2
core   0: 3 0x8000abd4 (0x007af0b3) x 1 0x82800244
core   0: 0x8000abd8 (0xfd3e0b83) lb      s7, -45(t3)
core   0: 3 0x8000abd8 (0xfd3e0b83) x23 0x0000006c mem 0x80021db7
core   0: 0x8000abdc (0x00fe0703) lb      a4, 15(t3)
core   0: 3 0x8000abdc (0x00fe0703) x14 0xffffffa8 mem 0x80021df3
core   0: 0x8000abe0 (0x64912693) slti    a3, sp, 1609
core   0: 3 0x8000abe0 (0x64912693) x13 0x00000001
core   0: 0x8000abe4 (0x0ff0000f) fence   iorw,iorw
core   0: 3 0x8000abe4 (0x0ff0000f)
core   0: 0x8000abe8 (0xfe3e0203) lb      tp, -29(t3)
core   0: 3 0x8000abe8 (0xfe3e0203) x 4 0x0000007c mem 0x80021dc7
core   0: 0x8000abec (0x013e4c83) lbu     s9, 19(t3)
core   0: 3 0x8000abec (0x013e4c83) x25 0x000000ac mem 0x80021df7
core   0: 0x8000abf0 (0x01ec80b3) add     ra, s9, t5
core   0: 3 0x8000abf0 (0x01ec80b3) x 1 0x000000ac
core   0: 0x8000abf4 (0xff7e1c23) sh      s7, -8(t3)
core   0: 3 0x8000abf4 (0xff7e1c23) mem 0x80021ddc 0x006c
core   0: 0x8000abf8 (0x01b3b6b3) sltu    a3, t2, s11
core   0: 3 0x8000abf8 (0x01b3b6b3) x13 0x00000000
core   0: 0x8000abfc (0x0044f8b3) and     a7, s1, tp
core   0: 3 0x8000abfc (0x0044f8b3) x17 0x0000001c
core   0: 0x8000ac00 (0x03be0ea3) sb      s11, 61(t3)
core   0: 3 0x8000ac00 (0x03be0ea3) mem 0x80021e21 0x0
core   0: 0x8000ac04 (0x0146af33) slt     t5, a3, s4
core   0: 3 0x8000ac04 (0x0146af33) x30 0x00000001
core   0: 0x8000ac08 (0x006834b3) sltu    s1, a6, t1
core   0: 3 0x8000ac08 (0x006834b3) x 9 0x00000000
core   0: 0x8000ac0c (0xfcbe4003) lbu     zero, -53(t3)
core   0: 3 0x8000ac0c (0xfcbe4003) mem 0x80021daf
core   0: 0x8000ac10 (0x000c1f93) slli    t6, s8, 0
core   0: 3 0x8000ac10 (0x000c1f93) x31 0x00000040
core   0: 0x8000ac14 (0xfeae0983) lb      s3, -22(t3)
core   0: 3 0x8000ac14 (0xfeae0983) x19 0xffffff85 mem 0x80021dce
core   0: 0x8000ac18 (0x011e4f83) lbu     t6, 17(t3)
core   0: 3 0x8000ac18 (0x011e4f83) x31 0x000000ae mem 0x80021df5
core   0: 0x8000ac1c (0x00bad093) srli    ra, s5, 11
core   0: 3 0x8000ac1c (0x00bad093) x 1 0x00147f43
core   0: 0x8000ac20 (0x00ae0d03) lb      s10, 10(t3)
core   0: 3 0x8000ac20 (0x00ae0d03) x26 0xffffffa5 mem 0x80021dee
core   0: 0x8000ac24 (0x8d862713) slti    a4, a2, -1832
core   0: 3 0x8000ac24 (0x8d862713) x14 0x00000001
core   0: 0x8000ac28 (0xfffe0303) lb      t1, -1(t3)
core   0: 3 0x8000ac28 (0xfffe0303) x 6 0xffffff98 mem 0x80021de3
core   0: 0x8000ac2c (0x0000f717) auipc   a4, 0xf
core   0: 3 0x8000ac2c (0x0000f717) x14 0x80019c2c
core   0: 0x8000ac30 (0x73e70713) addi    a4, a4, 1854
core   0: 3 0x8000ac30 (0x73e70713) x14 0x8001a36a
core   0: 0x8000ac34 (0x009ef9b3) and     s3, t4, s1
core   0: 3 0x8000ac34 (0x009ef9b3) x19 0x00000000
core   0: 0x8000ac38 (0x37da4293) xori    t0, s4, 893
core   0: 3 0x8000ac38 (0x37da4293) x 5 0x000003b2
core   0: 0x8000ac3c (0x01df8533) add     a0, t6, t4
core   0: 3 0x8000ac3c (0x01df8533) x10 0x00000124
core   0: 0x8000ac40 (0x41370033) sub     zero, a4, s3
core   0: 3 0x8000ac40 (0x41370033)
core   0: 0x8000ac44 (0xf1170483) lb      s1, -239(a4)
core   0: 3 0x8000ac44 (0xf1170483) x 9 0x00000030 mem 0x8001a27b
core   0: 0x8000ac48 (0xf2574283) lbu     t0, -219(a4)
core   0: 3 0x8000ac48 (0xf2574283) x 5 0x00000044 mem 0x8001a28f
core   0: 0x8000ac4c (0xf5570c03) lb      s8, -171(a4)
core   0: 3 0x8000ac4c (0xf5570c03) x24 0x00000074 mem 0x8001a2bf
core   0: 0x8000ac50 (0xfd170d03) lb      s10, -47(a4)
core   0: 3 0x8000ac50 (0xfd170d03) x26 0xfffffff0 mem 0x8001a33b
core   0: 0x8000ac54 (0x0000100f) fence.i
core   0: 3 0x8000ac54 (0x0000100f)
core   0: 0x8000ac58 (0x641701b7) lui     gp, 0x64170
core   0: 3 0x8000ac58 (0x641701b7) x 3 0x64170000
core   0: 0x8000ac5c (0x0d4700a3) sb      s4, 193(a4)
core   0: 3 0x8000ac5c (0x0d4700a3) mem 0x8001a42b 0xcf
core   0: 0x8000ac60 (0x0000100f) fence.i
core   0: 3 0x8000ac60 (0x0000100f)
core   0: 0x8000ac64 (0x016e9e93) slli    t4, t4, 22
core   0: 3 0x8000ac64 (0x016e9e93) x29 0x1d800000
core   0: 0x8000ac68 (0x0db74f03) lbu     t5, 219(a4)
core   0: 3 0x8000ac68 (0x0db74f03) x30 0x000000fe mem 0x8001a445
core   0: 0x8000ac6c (0x01b8f333) and     t1, a7, s11
core   0: 3 0x8000ac6c (0x01b8f333) x 6 0x00000000
core   0: 0x8000ac70 (0x5bce6017) auipc   zero, 0x5bce6
core   0: 3 0x8000ac70 (0x5bce6017)
core   0: 0x8000ac74 (0x0bb703a3) sb      s11, 167(a4)
core   0: 3 0x8000ac74 (0x0bb703a3) mem 0x8001a411 0x0
core   0: 0x8000ac78 (0xfcc71183) lh      gp, -52(a4)
core   0: 3 0x8000ac78 (0xfcc71183) x 3 0xffffeced mem 0x8001a336
core   0: 0x8000ac7c (0x00f74f03) lbu     t5, 15(a4)
core   0: 3 0x8000ac7c (0x00f74f03) x30 0x00000032 mem 0x8001a379
core   0: 0x8000ac80 (0x0ff0000f) fence   iorw,iorw
core   0: 3 0x8000ac80 (0x0ff0000f)
core   0: 0x8000ac84 (0xfa570983) lb      s3, -91(a4)
core   0: 3 0x8000ac84 (0xfa570983) x19 0xffffffc4 mem 0x8001a30f
core   0: 0x8000ac88 (0xfee74503) lbu     a0, -18(a4)
core   0: 3 0x8000ac88 (0xfee74503) x10 0x00000013 mem 0x8001a358
core   0: 0x8000ac8c (0x007bde13) srli    t3, s7, 7
core   0: 3 0x8000ac8c (0x007bde13) x28 0x00000000
core   0: 0x8000ac90 (0x03b74c03) lbu     s8, 59(a4)
core   0: 3 0x8000ac90 (0x03b74c03) x24 0x0000005e mem 0x8001a3a5
core   0: 0x8000ac94 (0x00734fb3) xor     t6, t1, t2
core   0: 3 0x8000ac94 (0x00734fb3) x31 0xc284e27c
core   0: 0x8000ac98 (0x00a48bb3) add     s7, s1, a0
core   0: 3 0x8000ac98 (0x00a48bb3) x23 0x00000043
core   0: 0x8000ac9c (0x05370303) lb      t1, 83(a4)
core   0: 3 0x8000ac9c (0x05370303) x 6 0x00000076 mem 0x8001a3bd
core   0: 0x8000aca0 (0x594dbe13) sltiu   t3, s11, 1428
core   0: 3 0x8000aca0 (0x594dbe13) x28 0x00000000
core   0: 0x8000aca4 (0x00000013) nop
core   0: 3 0x8000aca4 (0x00000013)
core   0: 0x8000aca8 (0x012c7db3) and     s11, s8, s2
core   0: 3 0x8000aca8 (0x012c7db3) x27 0x00000004
core   0: 0x8000acac (0xfa66e693) ori     a3, a3, -90
core   0: 3 0x8000acac (0xfa66e693) x13 0xffffffa6
core   0: 0x8000acb0 (0x7e6c4f13) xori    t5, s8, 2022
core   0: 3 0x8000acb0 (0x7e6c4f13) x30 0x000007b8
core   0: 0x8000acb4 (0x0e7706a3) sb      t2, 237(a4)
core   0: 3 0x8000acb4 (0x0e7706a3) mem 0x8001a457 0x7c
core   0: 0x8000acb8 (0x02275b83) lhu     s7, 34(a4)
core   0: 3 0x8000acb8 (0x02275b83) x23 0x00004647 mem 0x8001a38c
core   0: 0x8000acbc (0xf8871503) lh      a0, -120(a4)
core   0: 3 0x8000acbc (0xf8871503) x10 0xffffa8a9 mem 0x8001a2f2
core   0: 0x8000acc0 (0xf1270823) sb      s2, -240(a4)
core   0: 3 0x8000acc0 (0xf1270823) mem 0x8001a27a 0x5
core   0: 0x8000acc4 (0x01395313) srli    t1, s2, 19
core   0: 3 0x8000acc4 (0x01395313) x 6 0x00000000
core   0: 0x8000acc8 (0x0ff0000f) fence   iorw,iorw
core   0: 3 0x8000acc8 (0x0ff0000f)
core   0: 0x8000accc (0xff074303) lbu     t1, -16(a4)
core   0: 3 0x8000accc (0xff074303) x 6 0x00000011 mem 0x8001a35a
core   0: 0x8000acd0 (0x05574683) lbu     a3, 85(a4)
core   0: 3 0x8000acd0 (0x05574683) x13 0x00000074 mem 0x8001a3bf
core   0: 0x8000acd4 (0x04670883) lb      a7, 70(a4)
core   0: 3 0x8000acd4 (0x04670883) x17 0x0000006b mem 0x8001a3b0
core   0: 0x8000acd8 (0x019b4cb3) xor     s9, s6, s9
core   0: 3 0x8000acd8 (0x019b4cb3) x25 0x80024387
core   0: 0x8000acdc (0x08970403) lb      s0, 137(a4)
core   0: 3 0x8000acdc (0x08970403) x 8 0xffffffa8 mem 0x8001a3f3
core   0: 0x8000ace0 (0x0ff0000f) fence   iorw,iorw
core   0: 3 0x8000ace0 (0x0ff0000f)
core   0: 0x8000ace4 (0x00b149b3) xor     s3, sp, a1
core   0: 3 0x8000ace4 (0x00b149b3) x19 0x0002ece4
core   0: 0x8000ace8 (0xf3e74903) lbu     s2, -194(a4)
core   0: 3 0x8000ace8 (0xf3e74903) x18 0x00000063 mem 0x8001a2a8
core   0: 0x8000acec (0x03370a23) sb      s3, 52(a4)
core   0: 3 0x8000acec (0x03370a23) mem 0x8001a39e 0xe4
core   0: 0x8000acf0 (0x7e897813) andi    a6, s2, 2024
core   0: 3 0x8000acf0 (0x7e897813) x16 0x00000060
core   0: 0x8000acf4 (0x00f700a3) sb      a5, 1(a4)
core   0: 3 0x8000acf4 (0x00f700a3) mem 0x8001a36b 0x0
core   0: 0x8000acf8 (0x07570da3) sb      s5, 123(a4)
core   0: 3 0x8000acf8 (0x07570da3) mem 0x8001a3e5 0x44
core   0: 0x8000acfc (0x13651097) auipc   ra, 0x13651
core   0: 3 0x8000acfc (0x13651097) x 1 0x9365bcfc
core   0: 0x8000ad00 (0xff8706a3) sb      s8, -19(a4)
core   0: 3 0x8000ad00 (0xff8706a3) mem 0x8001a357 0x5e
core   0: 0x8000ad04 (0x00018e97) auipc   t4, 0x18
core   0: 3 0x8000ad04 (0x00018e97) x29 0x80022d04
core   0: 0x8000ad08 (0x509e8e93) addi    t4, t4, 1289
core   0: 3 0x8000ad08 (0x509e8e93) x29 0x8002320d
core   0: 0x8000ad0c (0xff7e8283) lb      t0, -9(t4)
core   0: 3 0x8000ad0c (0xff7e8283) x 5 0xffffffbf mem 0x80023204
core   0: 0x8000ad10 (0x402c0533) sub     a0, s8, sp
core   0: 3 0x8000ad10 (0x402c0533) x10 0x7ffd137a
core   0: 0x8000ad14 (0x03fea503) lw      a0, 63(t4)
core   0: 3 0x8000ad14 (0x03fea503) x10 0x04050607 mem 0x8002324c
core   0: 0x8000ad18 (0x03fe8fa3) sb      t6, 63(t4)
core   0: 3 0x8000ad18 (0x03fe8fa3) mem 0x8002324c 0x7c
core   0: 0x8000ad1c (0x034e8fa3) sb      s4, 63(t4)
core   0: 3 0x8000ad1c (0x034e8fa3) mem 0x8002324c 0xcf
core   0: 0x8000ad20 (0x03fec803) lbu     a6, 63(t4)
core   0: 3 0x8000ad20 (0x03fec803) x16 0x000000cf mem 0x8002324c
core   0: 0x8000ad24 (0x03fe9703) lh      a4, 63(t4)
core   0: 3 0x8000ad24 (0x03fe9703) x14 0x000006cf mem 0x8002324c
core   0: 0x8000ad28 (0xee138c17) auipc   s8, 0xee138
core   0: 3 0x8000ad28 (0xee138c17) x24 0x6e142d28
core   0: 0x8000ad2c (0xfd1e9d03) lh      s10, -47(t4)
core   0: 3 0x8000ad2c (0xfd1e9d03) x26 0xffff9495 mem 0x800231de
core   0: 0x8000ad30 (0xfc9e98a3) sh      s1, -47(t4)
core   0: 3 0x8000ad30 (0xfc9e98a3) mem 0x800231de 0x0030
core   0: 0x8000ad34 (0x1ff9bc93) sltiu   s9, s3, 511
core   0: 3 0x8000ad34 (0x1ff9bc93) x25 0x00000000
core   0: 0x8000ad38 (0x016fd013) srli    zero, t6, 22
core   0: 3 0x8000ad38 (0x016fd013)
core   0: 0x8000ad3c (0xfd1e9403) lh      s0, -47(t4)
core   0: 3 0x8000ad3c (0xfd1e9403) x 8 0x00000030 mem 0x800231de
core   0: 0x8000ad40 (0xfd1e88a3) sb      a7, -47(t4)
core   0: 3 0x8000ad40 (0xfd1e88a3) mem 0x800231de 0x6b
core   0: 0x8000ad44 (0xfd1ec383) lbu     t2, -47(t4)
core   0: 3 0x8000ad44 (0xfd1ec383) x 7 0x0000006b mem 0x800231de
core   0: 0x8000ad48 (0x40c7d293) srai    t0, a5, 12
core   0: 3 0x8000ad48 (0x40c7d293) x 5 0x00000000
core   0: 0x8000ad4c (0xd2210f13) addi    t5, sp, -734
core   0: 3 0x8000ad4c (0xd2210f13) x30 0x8002ea06
core   0: 0x8000ad50 (0x00b62ab3) slt     s5, a2, a1
core   0: 3 0x8000ad50 (0x00b62ab3) x21 0x00000000
core   0: 0x8000ad54 (0xffde9c83) lh      s9, -3(t4)
core   0: 3 0x8000ad54 (0xffde9c83) x25 0xffffc0c1 mem 0x8002320a
core   0: 0x8000ad58 (0xffdec903) lbu     s2, -3(t4)
core   0: 3 0x8000ad58 (0xffdec903) x18 0x000000c1 mem 0x8002320a
core   0: 0x8000ad5c (0x0000fb97) auipc   s7, 0xf
core   0: 3 0x8000ad5c (0x0000fb97) x23 0x80019d5c
core   0: 0x8000ad60 (0xc92b8b93) addi    s7, s7, -878
core   0: 3 0x8000ad60 (0xc92b8b93) x23 0x800199ee
core   0: 0x8000ad64 (0xab8bd503) lhu     a0, -1352(s7)
core   0: 3 0x8000ad64 (0xab8bd503) x10 0x00005c5d mem 0x800194a6
core   0: 0x8000ad68 (0x9d2b8aa3) sb      s2, -1579(s7)
core   0: 3 0x8000ad68 (0x9d2b8aa3) mem 0x800193c3 0xc1
core   0: 0x8000ad6c (0x2b7bc183) lbu     gp, 695(s7)
core   0: 3 0x8000ad6c (0x2b7bc183) x 3 0x0000005e mem 0x80019ca5
core   0: 0x8000ad70 (0x680b9e03) lh      t3, 1664(s7)
core   0: 3 0x8000ad70 (0x680b9e03) x28 0x00002425 mem 0x8001a06e
core   0: 0x8000ad74 (0xbe4be413) ori     s0, s7, -1052
core   0: 3 0x8000ad74 (0xbe4be413) x 8 0xfffffbee
core   0: 0x8000ad78 (0xee0b9a03) lh      s4, -288(s7)
core   0: 3 0x8000ad78 (0xee0b9a03) x20 0xffff8485 mem 0x800198ce
core   0: 0x8000ad7c (0x761b8403) lb      s0, 1889(s7)
core   0: 3 0x8000ad7c (0x761b8403) x 8 0x00000004 mem 0x8001a14f
core   0: 0x8000ad80 (0x2debd283) lhu     t0, 734(s7)
core   0: 3 0x8000ad80 (0x2debd283) x 5 0x00008687 mem 0x80019ccc
core   0: 0x8000ad84 (0x607b8983) lb      s3, 1543(s7)
core   0: 3 0x8000ad84 (0x607b8983) x19 0xffffffae mem 0x80019ff5
core   0: 0x8000ad88 (0x00f2c233) xor     tp, t0, a5
core   0: 3 0x8000ad88 (0x00f2c233) x 4 0x00008687
core   0: 0x8000ad8c (0x2b8bc303) lbu     t1, 696(s7)
core   0: 3 0x8000ad8c (0x2b8bc303) x 6 0x0000005d mem 0x80019ca6
core   0: 0x8000ad90 (0x97066d93) ori     s11, a2, -1680
core   0: 3 0x8000ad90 (0x97066d93) x27 0xffffff74
core   0: 0x8000ad94 (0x0ff0000f) fence   iorw,iorw
core   0: 3 0x8000ad94 (0x0ff0000f)
core   0: 0x8000ad98 (0xfe8bc783) lbu     a5, -24(s7)
core   0: 3 0x8000ad98 (0xfe8bc783) x15 0x0000008d mem 0x800199d6
core   0: 0x8000ad9c (0xc8cb9703) lh      a4, -884(s7)
core   0: 3 0x8000ad9c (0xc8cb9703) x14 0x00003031 mem 0x8001967a
core   0: 0x8000ada0 (0xe8a6fc13) andi    s8, a3, -374
core   0: 3 0x8000ada0 (0xe8a6fc13) x24 0x00000000
core   0: 0x8000ada4 (0xdbf26693) ori     a3, tp, -577
core   0: 3 0x8000ada4 (0xdbf26693) x13 0xffffffbf
core   0: 0x8000ada8 (0x011a5fb3) srl     t6, s4, a7
core   0: 3 0x8000ada8 (0x011a5fb3) x31 0x001ffff0
core   0: 0x8000adac (0x180bdd83) lhu     s11, 384(s7)
core   0: 3 0x8000adac (0x180bdd83) x27 0x00002425 mem 0x80019b6e
core   0: 0x8000adb0 (0xe92b9883) lh      a7, -366(s7)
core   0: 3 0x8000adb0 (0xe92b9883) x17 0x00003a3b mem 0x80019880
core   0: 0x8000adb4 (0x754b9883) lh      a7, 1876(s7)
core   0: 3 0x8000adb4 (0x754b9883) x17 0xfffff8f9 mem 0x8001a142
core   0: 0x8000adb8 (0xe627fd13) andi    s10, a5, -414
core   0: 3 0x8000adb8 (0xe627fd13) x26 0x00000000
core   0: 0x8000adbc (0x546b80a3) sb      t1, 1345(s7)
core   0: 3 0x8000adbc (0x546b80a3) mem 0x80019f2f 0x5d
core   0: 0x8000adc0 (0x40715493) srai    s1, sp, 7
core   0: 3 0x8000adc0 (0x40715493) x 9 0xff0005d9
core   0: 0x8000adc4 (0xeacb8123) sb      a2, -350(s7)
core   0: 3 0x8000adc4 (0xeacb8123) mem 0x80019890 0x4
core   0: 0x8000adc8 (0x9ddbc983) lbu     s3, -1571(s7)
core   0: 3 0x8000adc8 (0x9ddbc983) x19 0x00000080 mem 0x800193cb
core   0: 0x8000adcc (0xe4eb9823) sh      a4, -432(s7)
core   0: 3 0x8000adcc (0xe4eb9823) mem 0x8001983e 0x3031
core   0: 0x8000add0 (0x76cbd483) lhu     s1, 1900(s7)
core   0: 3 0x8000add0 (0x76cbd483) x 9 0x00001011 mem 0x8001a15a
core   0: 0x8000add4 (0x856b83a3) sb      s6, -1977(s7)
core   0: 3 0x8000add4 (0x856b83a3) mem 0x80019235 0x2b
core   0: 0x8000add8 (0xbd6fca93) xori    s5, t6, -1066
core   0: 3 0x8000add8 (0xbd6fca93) x21 0xffe00426
core   0: 0x8000addc (0x769bcc83) lbu     s9, 1897(s7)
core   0: 3 0x8000addc (0x769bcc83) x25 0x0000000c mem 0x8001a157
core   0: 0x8000ade0 (0xf4db8f83) lb      t6, -179(s7)
core   0: 3 0x8000ade0 (0xf4db8f83) x31 0xfffffff0 mem 0x8001993b
core   0: 0x8000ade4 (0xddaba883) lw      a7, -550(s7)
core   0: 3 0x8000ade4 (0xddaba883) x17 0x80818283 mem 0x800197c8
core   0: 0x8000ade8 (0x90cb86a3) sb      a2, -1779(s7)
core   0: 3 0x8000ade8 (0x90cb86a3) mem 0x800192fb 0x4
core   0: 0x8000adec (0x5f8bc003) lbu     zero, 1528(s7)
core   0: 3 0x8000adec (0x5f8bc003) mem 0x80019fe6
core   0: 0x8000adf0 (0x973bc903) lbu     s2, -1677(s7)
core   0: 3 0x8000adf0 (0x973bc903) x18 0x0000001a mem 0x80019361
core   0: 0x8000adf4 (0x273bcf83) lbu     t6, 627(s7)
core   0: 3 0x8000adf4 (0x273bcf83) x31 0x0000001a mem 0x80019c61
core   0: 0x8000adf8 (0x44eb8523) sb      a4, 1098(s7)
core   0: 3 0x8000adf8 (0x44eb8523) mem 0x80019e38 0x31
core   0: 0x8000adfc (0x544ba123) sw      tp, 1346(s7)
core   0: 3 0x8000adfc (0x544ba123) mem 0x80019f30 0x00008687
core   0: 0x8000ae00 (0x75db8a23) sb      t4, 1876(s7)
core   0: 3 0x8000ae00 (0x75db8a23) mem 0x8001a142 0xd
core   0: 0x8000ae04 (0x0000ae17) auipc   t3, 0xa
core   0: 3 0x8000ae04 (0x0000ae17) x28 0x80014e04
core   0: 0x8000ae08 (0x65de0e13) addi    t3, t3, 1629
core   0: 3 0x8000ae08 (0x65de0e13) x28 0x80015461
core   0: 0x8000ae0c (0x206e4b83) lbu     s7, 518(t3)
core   0: 3 0x8000ae0c (0x206e4b83) x23 0x00000040 mem 0x80015667
core   0: 0x8000ae10 (0x79de5383) lhu     t2, 1949(t3)
core   0: 3 0x8000ae10 (0x79de5383) x 7 0x0000b4b5 mem 0x80015bfe
core   0: 0x8000ae14 (0x140e4303) lbu     t1, 320(t3)
core   0: 3 0x8000ae14 (0x140e4303) x 6 0x0000005b mem 0x800155a1
core   0: 0x8000ae18 (0xde6e4283) lbu     t0, -538(t3)
core   0: 3 0x8000ae18 (0xde6e4283) x 5 0x000000fc mem 0x80015247
core   0: 0x8000ae1c (0x64ce0483) lb      s1, 1612(t3)
core   0: 3 0x8000ae1c (0x64ce0483) x 9 0xfffffffc mem 0x80015aad
core   0: 0x8000ae20 (0x7b054693) xori    a3, a0, 1968
core   0: 3 0x8000ae20 (0x7b054693) x13 0x00005bed
core   0: 0x8000ae24 (0x3cde0883) lb      a7, 973(t3)
core   0: 3 0x8000ae24 (0x3cde0883) x17 0x00000030 mem 0x8001582e
core   0: 0x8000ae28 (0x79be1703) lh      a4, 1947(t3)
core   0: 3 0x8000ae28 (0x79be1703) x14 0x000000b7 mem 0x80015bfc
core   0: 0x8000ae2c (0x803f2193) slti    gp, t5, -2045
core   0: 3 0x8000ae2c (0x803f2193) x 3 0x00000001
core   0: 0x8000ae30 (0x98c4b217) auipc   tp, 0x98c4b
core   0: 3 0x8000ae30 (0x98c4b217) x 4 0x18c55e30
core   0: 0x8000ae34 (0x32ae4483) lbu     s1, 810(t3)
core   0: 3 0x8000ae34 (0x32ae4483) x 9 0x00000040 mem 0x8001578b
core   0: 0x8000ae38 (0xe27e0b23) sb      t2, -458(t3)
core   0: 3 0x8000ae38 (0xe27e0b23) mem 0x80015297 0xb5
core   0: 0x8000ae3c (0x417c50b3) sra     ra, s8, s7
core   0: 3 0x8000ae3c (0x417c50b3) x 1 0x00000000
core   0: 0x8000ae40 (0x187e2b83) lw      s7, 391(t3)
core   0: 3 0x8000ae40 (0x187e2b83) x23 0x9e26a2a3 mem 0x800155e8
core   0: 0x8000ae44 (0x012db533) sltu    a0, s11, s2
core   0: 3 0x8000ae44 (0x012db533) x10 0x00000000
core   0: 0x8000ae48 (0x0d7e06a3) sb      s7, 205(t3)
core   0: 3 0x8000ae48 (0x0d7e06a3) mem 0x8001552e 0xa3
core   0: 0x8000ae4c (0x0c2e1fa3) sh      sp, 223(t3)
core   0: 3 0x8000ae4c (0x0c2e1fa3) mem 0x80015540 0xece4
core   0: 0x8000ae50 (0x50de0203) lb      tp, 1293(t3)
core   0: 3 0x8000ae50 (0x50de0203) x 4 0x00000025 mem 0x8001596e
core   0: 0x8000ae54 (0x173e0a03) lb      s4, 371(t3)
core   0: 3 0x8000ae54 (0x173e0a03) x20 0xfffffff7 mem 0x800155d4
core   0: 0x8000ae58 (0x334e00a3) sb      s4, 801(t3)
core   0: 3 0x8000ae58 (0x334e00a3) mem 0x80015782 0xf7
core   0: 0x8000ae5c (0x495e0c83) lb      s9, 1173(t3)
core   0: 3 0x8000ae5c (0x495e0c83) x25 0xffffffad mem 0x800158f6
core   0: 0x8000ae60 (0x0153f933) and     s2, t2, s5
core   0: 3 0x8000ae60 (0x0153f933) x18 0x00000424
core   0: 0x8000ae64 (0xbe9e5003) lhu     zero, -1047(t3)
core   0: 3 0x8000ae64 (0xbe9e5003) mem 0x8001504a
core   0: 0x8000ae68 (0x4b3e4683) lbu     a3, 1203(t3)
core   0: 3 0x8000ae68 (0x4b3e4683) x13 0x000000cf mem 0x80015914
core   0: 0x8000ae6c (0x010b9b13) slli    s6, s7, 16
core   0: 3 0x8000ae6c (0x010b9b13) x22 0xa2a30000
core   0: 0x8000ae70 (0x7d3e4683) lbu     a3, 2003(t3)
core   0: 3 0x8000ae70 (0x7d3e4683) x13 0x000000ef mem 0x80015c34
core   0: 0x8000ae74 (0x33be0fa3) sb      s11, 831(t3)
core   0: 3 0x8000ae74 (0x33be0fa3) mem 0x800157a0 0x25
core   0: 0x8000ae78 (0x1aee0703) lb      a4, 430(t3)
core   0: 3 0x8000ae78 (0x1aee0703) x14 0x00000040 mem 0x8001560f
core   0: 0x8000ae7c (0x0075d033) srl     zero, a1, t2
core   0: 3 0x8000ae7c (0x0075d033)
core   0: 0x8000ae80 (0x00a4ed33) or      s10, s1, a0
core   0: 3 0x8000ae80 (0x00a4ed33) x26 0x00000040
core   0: 0x8000ae84 (0x562e27a3) sw      sp, 1391(t3)
core   0: 3 0x8000ae84 (0x562e27a3) mem 0x800159d0 0x8002ece4
core   0: 0x8000ae88 (0x3e3d3813) sltiu   a6, s10, 995
core   0: 3 0x8000ae88 (0x3e3d3813) x16 0x00000001
core   0: 0x8000ae8c (0x1b9c6c97) auipc   s9, 0x1b9c6
core   0: 3 0x8000ae8c (0x1b9c6c97) x25 0x9b9d0e8c
core   0: 0x8000ae90 (0x063e0303) lb      t1, 99(t3)
core   0: 3 0x8000ae90 (0x063e0303) x 6 0x0000007f mem 0x800154c4
core   0: 0x8000ae94 (0x3c7e13a3) sh      t2, 967(t3)
core   0: 3 0x8000ae94 (0x3c7e13a3) mem 0x80015828 0xb4b5
core   0: 0x8000ae98 (0x328e0a03) lb      s4, 808(t3)
core   0: 3 0x8000ae98 (0x328e0a03) x20 0x00000042 mem 0x80015789
core   0: 0x8000ae9c (0x562e0f23) sb      sp, 1406(t3)
core   0: 3 0x8000ae9c (0x562e0f23) mem 0x800159df 0xe4
core   0: 0x8000aea0 (0x0004bdb3) sltu    s11, s1, zero
core   0: 3 0x8000aea0 (0x0004bdb3) x27 0x00000000
core   0: 0x8000aea4 (0x00dce933) or      s2, s9, a3
core   0: 3 0x8000aea4 (0x00dce933) x18 0x9b9d0eef
core   0: 0x8000aea8 (0x000798b3) sll     a7, a5, zero
core   0: 3 0x8000aea8 (0x000798b3) x17 0x0000008d
core   0: 0x8000aeac (0x7fee0403) lb      s0, 2046(t3)
core   0: 3 0x8000aeac (0x7fee0403) x 8 0xffffffb2 mem 0x80015c5f
core   0: 0x8000aeb0 (0x4019d7b3) sra     a5, s3, ra
core   0: 3 0x8000aeb0 (0x4019d7b3) x15 0x00000080
core   0: 0x8000aeb4 (0x01ea3f33) sltu    t5, s4, t5
core   0: 3 0x8000aeb4 (0x01ea3f33) x30 0x00000001
core   0: 0x8000aeb8 (0xc43e1ea3) sh      gp, -931(t3)
core   0: 3 0x8000aeb8 (0xc43e1ea3) mem 0x800150be 0x0001
core   0: 0x8000aebc (0x00cf9893) slli    a7, t6, 12
core   0: 3 0x8000aebc (0x00cf9893) x17 0x0001a000
core   0: 0x8000aec0 (0xd33ab413) sltiu   s0, s5, -717
core   0: 3 0x8000aec0 (0xd33ab413) x 8 0x00000001
core   0: 0x8000aec4 (0xfb73f797) auipc   a5, 0xfb73f
core   0: 3 0x8000aec4 (0xfb73f797) x15 0x7b749ec4
core   0: 0x8000aec8 (0x179e5703) lhu     a4, 377(t3)
core   0: 3 0x8000aec8 (0x179e5703) x14 0x0000ffaa mem 0x800155da
core   0: 0x8000aecc (0x0000af17) auipc   t5, 0xa
core   0: 3 0x8000aecc (0x0000af17) x30 0x80014ecc
core   0: 0x8000aed0 (0x379f0f13) addi    t5, t5, 889
core   0: 3 0x8000aed0 (0x379f0f13) x30 0x80015245
core   0: 0x8000aed4 (0xfeff0b23) sb      a5, -10(t5)
core   0: 3 0x8000aed4 (0xfeff0b23) mem 0x8001523b 0xc4
core   0: 0x8000aed8 (0x00000013) nop
core   0: 3 0x8000aed8 (0x00000013)
core   0: 0x8000aedc (0x0feee013) ori     zero, t4, 254
core   0: 3 0x8000aedc (0x0feee013)
core   0: 0x8000aee0 (0x012f0723) sb      s2, 14(t5)
core   0: 3 0x8000aee0 (0x012f0723) mem 0x80015253 0xef
core   0: 0x8000aee4 (0x0199da33) srl     s4, s3, s9
core   0: 3 0x8000aee4 (0x0199da33) x20 0x00000000
core   0: 0x8000aee8 (0x864a38b7) lui     a7, 0x864a3
core   0: 3 0x8000aee8 (0x864a38b7) x17 0x864a3000
core   0: 0x8000aeec (0x006f0b23) sb      t1, 22(t5)
core   0: 3 0x8000aeec (0x006f0b23) mem 0x8001525b 0x7f
core   0: 0x8000aef0 (0x00df1e83) lh      t4, 13(t5)
core   0: 3 0x8000aef0 (0x00df1e83) x29 0xffffef00 mem 0x80015252
core   0: 0x8000aef4 (0xffdf0c23) sb      t4, -8(t5)
core   0: 3 0x8000aef4 (0xffdf0c23) mem 0x8001523d 0x0
core   0: 0x8000aef8 (0x00b562b3) or      t0, a0, a1
core   0: 3 0x8000aef8 (0x00b562b3) x 5 0x80000000
core   0: 0x8000aefc (0xa5fe4413) xori    s0, t3, -1441
core   0: 3 0x8000aefc (0xa5fe4413) x 8 0x7ffeae3e
core   0: 0x8000af00 (0x3d038413) addi    s0, t2, 976
core   0: 3 0x8000af00 (0x3d038413) x 8 0x0000b885
core   0: 0x8000af04 (0xfebf5383) lhu     t2, -21(t5)
core   0: 3 0x8000af04 (0xfebf5383) x 7 0x000000eb mem 0x80015230
core   0: 0x8000af08 (0xfd0f0e03) lb      t3, -48(t5)
core   0: 3 0x8000af08 (0xfd0f0e03) x28 0xffffffce mem 0x80015215
core   0: 0x8000af0c (0x4ca02893) slti    a7, zero, 1226
core   0: 3 0x8000af0c (0x4ca02893) x17 0x00000001
core   0: 0x8000af10 (0xfd2f4c83) lbu     s9, -46(t5)
core   0: 3 0x8000af10 (0xfd2f4c83) x25 0x000000cc mem 0x80015217
core   0: 0x8000af14 (0x038f0ca3) sb      s8, 57(t5)
core   0: 3 0x8000af14 (0x038f0ca3) mem 0x8001527e 0x0
core   0: 0x8000af18 (0xfedf1a03) lh      s4, -19(t5)
core   0: 3 0x8000af18 (0xfedf1a03) x20 0xffffe8e9 mem 0x80015232
core   0: 0x8000af1c (0xbf14aa13) slti    s4, s1, -1039
core   0: 3 0x8000af1c (0xbf14aa13) x20 0x00000000
core   0: 0x8000af20 (0x00c61e93) slli    t4, a2, 12
core   0: 3 0x8000af20 (0x00c61e93) x29 0x2ae04000
core   0: 0x8000af24 (0xff3f4a83) lbu     s5, -13(t5)
core   0: 3 0x8000af24 (0xff3f4a83) x21 0x000000f3 mem 0x80015238
core   0: 0x8000af28 (0x002f0723) sb      sp, 14(t5)
core   0: 3 0x8000af28 (0x002f0723) mem 0x80015253 0xe4
core   0: 0x8000af2c (0xfedf06a3) sb      a3, -19(t5)
core   0: 3 0x8000af2c (0xfedf06a3) mem 0x80015232 0xef
core   0: 0x8000af30 (0xfe0f4203) lbu     tp, -32(t5)
core   0: 3 0x8000af30 (0xfe0f4203) x 4 0x000000de mem 0x80015225
core   0: 0x8000af34 (0x10e0fc37) lui     s8, 0x10e0f
core   0: 3 0x8000af34 (0x10e0fc37) x24 0x10e0f000
core   0: 0x8000af38 (0xffff5b03) lhu     s6, -1(t5)
core   0: 3 0x8000af38 (0xffff5b03) x22 0x000000ff mem 0x80015244
core   0: 0x8000af3c (0xc4d943b7) lui     t2, 0xc4d94
core   0: 3 0x8000af3c (0xc4d943b7) x 7 0xc4d94000
core   0: 0x8000af40 (0x002d96b3) sll     a3, s11, sp
core   0: 3 0x8000af40 (0x002d96b3) x13 0x00000000
core   0: 0x8000af44 (0xfdbf2503) lw      a0, -37(t5)
core   0: 3 0x8000af44 (0xfdbf2503) x10 0xd8d9dadb mem 0x80015220
core   0: 0x8000af48 (0xfc5f0923) sb      t0, -46(t5)
core   0: 3 0x8000af48 (0xfc5f0923) mem 0x80015217 0x0
core   0: 0x8000af4c (0xfc9f0da3) sb      s1, -37(t5)
core   0: 3 0x8000af4c (0xfc9f0da3) mem 0x80015220 0x40
core   0: 0x8000af50 (0x038f0a83) lb      s5, 56(t5)
core   0: 3 0x8000af50 (0x038f0a83) x21 0x00000036 mem 0x8001527d
core   0: 0x8000af54 (0x02ff1203) lh      tp, 47(t5)
core   0: 3 0x8000af54 (0x02ff1203) x 4 0x00002e2f mem 0x80015274
core   0: 0x8000af58 (0x006c9513) slli    a0, s9, 6
core   0: 3 0x8000af58 (0x006c9513) x10 0x00003300
core   0: 0x8000af5c (0x013e90b3) sll     ra, t4, s3
core   0: 3 0x8000af5c (0x013e90b3) x 1 0x2ae04000
core   0: 0x8000af60 (0x00b68fb3) add     t6, a3, a1
core   0: 3 0x8000af60 (0x00b68fb3) x31 0x80000000
core   0: 0x8000af64 (0xfcdf0223) sb      a3, -60(t5)
core   0: 3 0x8000af64 (0xfcdf0223) mem 0x80015209 0x0
core   0: 0x8000af68 (0x0000bc97) auipc   s9, 0xb
core   0: 3 0x8000af68 (0x0000bc97) x25 0x80015f68
core   0: 0x8000af6c (0xe9cc8c93) addi    s9, s9, -356
core   0: 3 0x8000af6c (0xe9cc8c93) x25 0x80015e04
core   0: 0x8000af70 (0x010c64b3) or      s1, s8, a6
core   0: 3 0x8000af70 (0x010c64b3) x 9 0x10e0f001
core   0: 0x8000af74 (0xfcbc8923) sb      a1, -46(s9)
core   0: 3 0x8000af74 (0xfcbc8923) mem 0x80015dd6 0x0
core   0: 0x8000af78 (0xfa34ad13) slti    s10, s1, -93
core   0: 3 0x8000af78 (0xfa34ad13) x26 0x00000000
core   0: 0x8000af7c (0xfc9c8c03) lb      s8, -55(s9)
core   0: 3 0x8000af7c (0xfc9c8c03) x24 0xffffff86 mem 0x80015dcd
core   0: 0x8000af80 (0x005c80a3) sb      t0, 1(s9)
core   0: 3 0x8000af80 (0x005c80a3) mem 0x80015e05 0x0
core   0: 0x8000af84 (0xfeec82a3) sb      a4, -27(s9)
core   0: 3 0x8000af84 (0xfeec82a3) mem 0x80015de9 0xaa
core   0: 0x8000af88 (0x00fcc683) lbu     a3, 15(s9)
core   0: 3 0x8000af88 (0x00fcc683) x13 0x000000c8 mem 0x80015e13
core   0: 0x8000af8c (0xfe9ffa13) andi    s4, t6, -23
core   0: 3 0x8000af8c (0xfe9ffa13) x20 0x80000000
core   0: 0x8000af90 (0x0099a8b3) slt     a7, s3, s1
core   0: 3 0x8000af90 (0x0099a8b3) x17 0x00000001
core   0: 0x8000af94 (0x00421513) slli    a0, tp, 4
core   0: 3 0x8000af94 (0x00421513) x10 0x0002e2f0
core   0: 0x8000af98 (0x5fbd4c17) auipc   s8, 0x5fbd4
core   0: 3 0x8000af98 (0x5fbd4c17) x24 0xdfbdef98
core   0: 0x8000af9c (0xfe5c8d03) lb      s10, -27(s9)
core   0: 3 0x8000af9c (0xfe5c8d03) x26 0xffffffaa mem 0x80015de9
core   0: 0x8000afa0 (0x026c9d03) lh      s10, 38(s9)
core   0: 3 0x8000afa0 (0x026c9d03) x26 0xffffe0e1 mem 0x80015e2a
core   0: 0x8000afa4 (0x011ccf83) lbu     t6, 17(s9)
core   0: 3 0x8000afa4 (0x011ccf83) x31 0x000000ce mem 0x80015e15
core   0: 0x8000afa8 (0x00000013) nop
core   0: 3 0x8000afa8 (0x00000013)
core   0: 0x8000afac (0xfc3c8ea3) sb      gp, -35(s9)
core   0: 3 0x8000afac (0xfc3c8ea3) mem 0x80015de1 0x1
core   0: 0x8000afb0 (0x01dc9e33) sll     t3, s9, t4
core   0: 3 0x8000afb0 (0x01dc9e33) x28 0x80015e04
core   0: 0x8000afb4 (0x0101a0b3) slt     ra, gp, a6
core   0: 3 0x8000afb4 (0x0101a0b3) x 1 0x00000000
core   0: 0x8000afb8 (0x012c8483) lb      s1, 18(s9)
core   0: 3 0x8000afb8 (0x012c8483) x 9 0xffffffcd mem 0x80015e16
core   0: 0x8000afbc (0x01961eb3) sll     t4, a2, s9
core   0: 3 0x8000afbc (0x01961eb3) x29 0x002ae040
core   0: 0x8000afc0 (0x40f7d433) sra     s0, a5, a5
core   0: 3 0x8000afc0 (0x40f7d433) x 8 0x07b749ec
core   0: 0x8000afc4 (0x515e0e93) addi    t4, t3, 1301
core   0: 3 0x8000afc4 (0x515e0e93) x29 0x80016319
core   0: 0x8000afc8 (0x034cd303) lhu     t1, 52(s9)
core   0: 3 0x8000afc8 (0x034cd303) x 6 0x0000f2f3 mem 0x80015e38
core   0: 0x8000afcc (0xfd3c88a3) sb      s3, -47(s9)
core   0: 3 0x8000afcc (0xfd3c88a3) mem 0x80015dd5 0x80
core   0: 0x8000afd0 (0x0000a317) auipc   t1, 0xa
core   0: 3 0x8000afd0 (0x0000a317) x 6 0x80014fd0
core   0: 0x8000afd4 (0x12d30313) addi    t1, t1, 301
core   0: 3 0x8000afd4 (0x12d30313) x 6 0x800150fd
core   0: 0x8000afd8 (0x40ded413) srai    s0, t4, 13
core   0: 3 0x8000afd8 (0x40ded413) x 8 0xfffc000b
core   0: 0x8000afdc (0xfd430503) lb      a0, -44(t1)
core   0: 3 0x8000afdc (0xfd430503) x10 0xffffff8a mem 0x800150d1
core   0: 0x8000afe0 (0xff230723) sb      s2, -18(t1)
core   0: 3 0x8000afe0 (0xff230723) mem 0x800150eb 0xef
core   0: 0x8000afe4 (0xfc830223) sb      s0, -60(t1)
core   0: 3 0x8000afe4 (0xfc830223) mem 0x800150c1 0xb
core   0: 0x8000afe8 (0x03034783) lbu     a5, 48(t1)
core   0: 3 0x8000afe8 (0x03034783) x15 0x000000e0 mem 0x8001512d
core   0: 0x8000afec (0x01921ab3) sll     s5, tp, s9
core   0: 3 0x8000afec (0x01921ab3) x21 0x0002e2f0
core   0: 0x8000aff0 (0x0079b033) sltu    zero, s3, t2
core   0: 3 0x8000aff0 (0x0079b033)
core   0: 0x8000aff4 (0xd5cc8893) addi    a7, s9, -676
core   0: 3 0x8000aff4 (0xd5cc8893) x17 0x80015b60
core   0: 0x8000aff8 (0x018230b3) sltu    ra, tp, s8
core   0: 3 0x8000aff8 (0x018230b3) x 1 0x00000001
core   0: 0x8000affc (0xff730aa3) sb      s7, -11(t1)
core   0: 3 0x8000affc (0xff730aa3) mem 0x800150f2 0xa3
core   0: 0x8000b000 (0x01230e03) lb      t3, 18(t1)
core   0: 3 0x8000b000 (0x01230e03) x28 0xffffffc4 mem 0x8001510f
core   0: 0x8000b004 (0x00000013) nop
core   0: 3 0x8000b004 (0x00000013)
core   0: 0x8000b008 (0xfdd34c83) lbu     s9, -35(t1)
core   0: 3 0x8000b008 (0xfdd34c83) x25 0x00000091 mem 0x800150da
core   0: 0x8000b00c (0x00000013) nop
core   0: 3 0x8000b00c (0x00000013)
core   0: 0x8000b010 (0x15a4e693) ori     a3, s1, 346
core   0: 3 0x8000b010 (0x15a4e693) x13 0xffffffdf
core   0: 0x8000b014 (0xff630823) sb      s6, -16(t1)
core   0: 3 0x8000b014 (0xff630823) mem 0x800150ed 0xff
core   0: 0x8000b018 (0xfda30323) sb      s10, -58(t1)
core   0: 3 0x8000b018 (0xfda30323) mem 0x800150c3 0xe1
core   0: 0x8000b01c (0xfca34883) lbu     a7, -54(t1)
core   0: 3 0x8000b01c (0xfca34883) x17 0x0000007c mem 0x800150c7
core   0: 0x8000b020 (0x00000013) nop
core   0: 3 0x8000b020 (0x00000013)
core   0: 0x8000b024 (0x14c6e0b7) lui     ra, 0x14c6e
core   0: 3 0x8000b024 (0x14c6e0b7) x 1 0x14c6e000
core   0: 0x8000b028 (0x03b35383) lhu     t2, 59(t1)
core   0: 3 0x8000b028 (0x03b35383) x 7 0x00000000 mem 0x80015138
core   0: 0x8000b02c (0xfcc30ca3) sb      a2, -39(t1)
core   0: 3 0x8000b02c (0xfcc30ca3) mem 0x800150d6 0x4
core   0: 0x8000b030 (0xfd332b03) lw      s6, -45(t1)
core   0: 3 0x8000b030 (0xfd332b03) x22 0x88898a8b mem 0x800150d0
core   0: 0x8000b034 (0x00017a97) auipc   s5, 0x17
core   0: 3 0x8000b034 (0x00017a97) x21 0x80022034
core   0: 0x8000b038 (0x0d2a8a93) addi    s5, s5, 210
core   0: 3 0x8000b038 (0x0d2a8a93) x21 0x80022106
core   0: 0x8000b03c (0xbc899997) auipc   s3, 0xbc899
core   0: 3 0x8000b03c (0xbc899997) x19 0x3c8a403c
core   0: 0x8000b040 (0x007cec33) or      s8, s9, t2
core   0: 3 0x8000b040 (0x007cec33) x24 0x00000091
core   0: 0x8000b044 (0x30254413) xori    s0, a0, 770
core   0: 3 0x8000b044 (0x30254413) x 8 0xfffffc88
core   0: 0x8000b048 (0xf0ca8623) sb      a2, -244(s5)
core   0: 3 0x8000b048 (0xf0ca8623) mem 0x80022012 0x4
core   0: 0x8000b04c (0x062a8523) sb      sp, 106(s5)
core   0: 3 0x8000b04c (0x062a8523) mem 0x80022170 0xe4
core   0: 0x8000b050 (0x0ff0000f) fence   iorw,iorw
core   0: 3 0x8000b050 (0x0ff0000f)
core   0: 0x8000b054 (0xfc1a8fa3) sb      ra, -33(s5)
core   0: 3 0x8000b054 (0xfc1a8fa3) mem 0x800220e5 0x0
core   0: 0x8000b058 (0x0b3a8e03) lb      t3, 179(s5)
core   0: 3 0x8000b058 (0x0b3a8e03) x28 0x00000072 mem 0x800221b9
core   0: 0x8000b05c (0x038a8fa3) sb      s8, 63(s5)
core   0: 3 0x8000b05c (0x038a8fa3) mem 0x80022145 0x91
core   0: 0x8000b060 (0x03fa8183) lb      gp, 63(s5)
core   0: 3 0x8000b060 (0x03fa8183) x 3 0xffffff91 mem 0x80022145
core   0: 0x8000b064 (0x01ceb4b3) sltu    s1, t4, t3
core   0: 3 0x8000b064 (0x01ceb4b3) x 9 0x00000000
core   0: 0x8000b068 (0xfe2a8983) lb      s3, -30(s5)
core   0: 3 0x8000b068 (0xfe2a8983) x19 0xffffffa3 mem 0x800220e8
core   0: 0x8000b06c (0xf88a9a03) lh      s4, -120(s5)
core   0: 3 0x8000b06c (0xf88a9a03) x20 0x00004445 mem 0x8002208e
core   0: 0x8000b070 (0xf90a9423) sh      a6, -120(s5)
core   0: 3 0x8000b070 (0xf90a9423) mem 0x8002208e 0x0001
core   0: 0x8000b074 (0x0d1a85a3) sb      a7, 203(s5)
core   0: 3 0x8000b074 (0x0d1a85a3) mem 0x800221d1 0x7c
core   0: 0x8000b078 (0xf6da8703) lb      a4, -147(s5)
core   0: 3 0x8000b078 (0xf6da8703) x14 0x00000028 mem 0x80022073
core   0: 0x8000b07c (0x019ffeb3) and     t4, t6, s9
core   0: 3 0x8000b07c (0x019ffeb3) x29 0x00000080
core   0: 0x8000b080 (0x004a9503) lh      a0, 4(s5)
core   0: 3 0x8000b080 (0x004a9503) x10 0xffffc0c1 mem 0x8002210a
core   0: 0x8000b084 (0x004adc03) lhu     s8, 4(s5)
core   0: 3 0x8000b084 (0x004adc03) x24 0x0000c0c1 mem 0x8002210a
core   0: 0x8000b088 (0x004ac803) lbu     a6, 4(s5)
core   0: 3 0x8000b088 (0x004ac803) x16 0x000000c1 mem 0x8002210a
core   0: 0x8000b08c (0x080a8ba3) sb      zero, 151(s5)
core   0: 3 0x8000b08c (0x080a8ba3) mem 0x8002219d 0x0
core   0: 0x8000b090 (0x086a8ba3) sb      t1, 151(s5)
core   0: 3 0x8000b090 (0x086a8ba3) mem 0x8002219d 0xfd
core   0: 0x8000b094 (0x090a8ba3) sb      a6, 151(s5)
core   0: 3 0x8000b094 (0x090a8ba3) mem 0x8002219d 0xc1
core   0: 0x8000b098 (0x097ace83) lbu     t4, 151(s5)
core   0: 3 0x8000b098 (0x097ace83) x29 0x000000c1 mem 0x8002219d
core   0: 0x8000b09c (0xff1ac983) lbu     s3, -15(s5)
core   0: 3 0x8000b09c (0xff1ac983) x19 0x000000ac mem 0x800220f7
core   0: 0x8000b0a0 (0x00016517) auipc   a0, 0x16
core   0: 3 0x8000b0a0 (0x00016517) x10 0x800210a0
core   0: 0x8000b0a4 (0xcaa50513) addi    a0, a0, -854
core   0: 3 0x8000b0a4 (0xcaa50513) x10 0x80020d4a
core   0: 0x8000b0a8 (0x00051423) sh      zero, 8(a0)
core   0: 3 0x8000b0a8 (0x00051423) mem 0x80020d52 0x0000
core   0: 0x8000b0ac (0xfff50703) lb      a4, -1(a0)
core   0: 3 0x8000b0ac (0xfff50703) x14 0x00000002 mem 0x80020d49
core   0: 0x8000b0b0 (0xff654483) lbu     s1, -10(a0)
core   0: 3 0x8000b0b0 (0xff654483) x 9 0x000000fb mem 0x80020d40
core   0: 0x8000b0b4 (0x00d50403) lb      s0, 13(a0)
core   0: 3 0x8000b0b4 (0x00d50403) x 8 0x0000000c mem 0x80020d57
core   0: 0x8000b0b8 (0x41c7d293) srai    t0, a5, 28
core   0: 3 0x8000b0b8 (0x41c7d293) x 5 0x00000000
core   0: 0x8000b0bc (0x00054183) lbu     gp, 0(a0)
core   0: 3 0x8000b0bc (0x00054183) x 3 0x00000001 mem 0x80020d4a
core   0: 0x8000b0c0 (0x00d5aeb3) slt     t4, a1, a3
core   0: 3 0x8000b0c0 (0x00d5aeb3) x29 0x00000001
core   0: 0x8000b0c4 (0x0000100f) fence.i
core   0: 3 0x8000b0c4 (0x0000100f)
core   0: 0x8000b0c8 (0x00447c33) and     s8, s0, tp
core   0: 3 0x8000b0c8 (0x00447c33) x24 0x0000000c
core   0: 0x8000b0cc (0x008503a3) sb      s0, 7(a0)
core   0: 3 0x8000b0cc (0x008503a3) mem 0x80020d51 0xc
core   0: 0x8000b0d0 (0x00e503a3) sb      a4, 7(a0)
core   0: 3 0x8000b0d0 (0x00e503a3) mem 0x80020d51 0x2
core   0: 0x8000b0d4 (0x009dfab3) and     s5, s11, s1
core   0: 3 0x8000b0d4 (0x009dfab3) x21 0x00000000
core   0: 0x8000b0d8 (0x00954083) lbu     ra, 9(a0)
core   0: 3 0x8000b0d8 (0x00954083) x 1 0x00000000 mem 0x80020d53
core   0: 0x8000b0dc (0x58aec693) xori    a3, t4, 1418
core   0: 3 0x8000b0dc (0x58aec693) x13 0x0000058b
core   0: 0x8000b0e0 (0x00954303) lbu     t1, 9(a0)
core   0: 3 0x8000b0e0 (0x00954303) x 6 0x00000000 mem 0x80020d53
core   0: 0x8000b0e4 (0x00950383) lb      t2, 9(a0)
core   0: 3 0x8000b0e4 (0x00950383) x 7 0x00000000 mem 0x80020d53
core   0: 0x8000b0e8 (0xffb50ca3) sb      s11, -7(a0)
core   0: 3 0x8000b0e8 (0xffb50ca3) mem 0x80020d43 0x0
core   0: 0x8000b0ec (0x00c50c83) lb      s9, 12(a0)
core   0: 3 0x8000b0ec (0x00c50c83) x25 0x0000000d mem 0x80020d56
core   0: 0x8000b0f0 (0x0001b417) auipc   s0, 0x1b
core   0: 3 0x8000b0f0 (0x0001b417) x 8 0x800260f0
core   0: 0x8000b0f4 (0x86440413) addi    s0, s0, -1948
core   0: 3 0x8000b0f4 (0x86440413) x 8 0x80025954
core   0: 0x8000b0f8 (0x9da83693) sltiu   a3, a6, -1574
core   0: 3 0x8000b0f8 (0x9da83693) x13 0x00000001
core   0: 0x8000b0fc (0x7c0a0993) addi    s3, s4, 1984
core   0: 3 0x8000b0fc (0x7c0a0993) x19 0x00004c05
core   0: 0x8000b100 (0x9ac45b03) lhu     s6, -1620(s0)
core   0: 3 0x8000b100 (0x9ac45b03) x22 0x0000babb mem 0x80025300
core   0: 0x8000b104 (0xad0403a3) sb      a6, -1337(s0)
core   0: 3 0x8000b104 (0xad0403a3) mem 0x8002541b 0xc1
core   0: 0x8000b108 (0x3a142a23) sw      ra, 948(s0)
core   0: 3 0x8000b108 (0x3a142a23) mem 0x80025d08 0x00000000
core   0: 0x8000b10c (0x018a6733) or      a4, s4, s8
core   0: 3 0x8000b10c (0x018a6733) x14 0x0000444d
core   0: 0x8000b110 (0xcea40ba3) sb      a0, -777(s0)
core   0: 3 0x8000b110 (0xcea40ba3) mem 0x8002564b 0x4a
core   0: 0x8000b114 (0x41e051b3) sra     gp, zero, t5
core   0: 3 0x8000b114 (0x41e051b3) x 3 0x00000000
core   0: 0x8000b118 (0xd2f44d83) lbu     s11, -721(s0)
core   0: 3 0x8000b118 (0xd2f44d83) x27 0x00000038 mem 0x80025683
core   0: 0x8000b11c (0x01e40e03) lb      t3, 30(s0)
core   0: 3 0x8000b11c (0x01e40e03) x28 0x00000029 mem 0x80025972
core   0: 0x8000b120 (0xf9841f23) sh      s8, -98(s0)
core   0: 3 0x8000b120 (0xf9841f23) mem 0x800258f2 0x000c
core   0: 0x8000b124 (0xb9a44283) lbu     t0, -1126(s0)
core   0: 3 0x8000b124 (0xb9a44283) x 5 0x000000a5 mem 0x800254ee
core   0: 0x8000b128 (0x41960ab3) sub     s5, a2, s9
core   0: 3 0x8000b128 (0x41960ab3) x21 0x8002adf7
core   0: 0x8000b12c (0x00504eb3) xor     t4, zero, t0
core   0: 3 0x8000b12c (0x00504eb3) x29 0x000000a5
core   0: 0x8000b130 (0x94b40a83) lb      s5, -1717(s0)
core   0: 3 0x8000b130 (0x94b40a83) x21 0x00000054 mem 0x8002529f
core   0: 0x8000b134 (0x42f40123) sb      a5, 1058(s0)
core   0: 3 0x8000b134 (0x42f40123) mem 0x80025d76 0xe0
core   0: 0x8000b138 (0x29845483) lhu     s1, 664(s0)
core   0: 3 0x8000b138 (0x29845483) x 9 0x0000a6a7 mem 0x80025bec
core   0: 0x8000b13c (0x0c844303) lbu     t1, 200(s0)
core   0: 3 0x8000b13c (0x0c844303) x 6 0x000000d7 mem 0x80025a1c
core   0: 0x8000b140 (0x915c2c17) auipc   s8, 0x915c2
core   0: 3 0x8000b140 (0x915c2c17) x24 0x115cd140
core   0: 0x8000b144 (0xf9444183) lbu     gp, -108(s0)
core   0: 3 0x8000b144 (0xf9444183) x 3 0x000000a3 mem 0x800258e8
core   0: 0x8000b148 (0x4cb40183) lb      gp, 1227(s0)
core   0: 3 0x8000b148 (0x4cb40183) x 3 0xffffffd4 mem 0x80025e1f
core   0: 0x8000b14c (0x37d406a3) sb      t4, 877(s0)
core   0: 3 0x8000b14c (0x37d406a3) mem 0x80025cc1 0xa5
core   0: 0x8000b150 (0x36d44883) lbu     a7, 877(s0)
core   0: 3 0x8000b150 (0x36d44883) x17 0x000000a5 mem 0x80025cc1
core   0: 0x8000b154 (0x91940203) lb      tp, -1767(s0)
core   0: 3 0x8000b154 (0x91940203) x 4 0x00000026 mem 0x8002526d
core   0: 0x8000b158 (0xa40bbb93) sltiu   s7, s7, -1472
core   0: 3 0x8000b158 (0xa40bbb93) x23 0x00000001
core   0: 0x8000b15c (0x3a444783) lbu     a5, 932(s0)
core   0: 3 0x8000b15c (0x3a444783) x15 0x000000b3 mem 0x80025cf8
core   0: 0x8000b160 (0xf5e40ba3) sb      t5, -169(s0)
core   0: 3 0x8000b160 (0xf5e40ba3) mem 0x800258ab 0x45
core   0: 0x8000b164 (0x018360b3) or      ra, t1, s8
core   0: 3 0x8000b164 (0x018360b3) x 1 0x115cd1d7
core   0: 0x8000b168 (0x10e44a83) lbu     s5, 270(s0)
core   0: 3 0x8000b168 (0x10e44a83) x21 0x00000019 mem 0x80025a62
core   0: 0x8000b16c (0x003c3cb3) sltu    s9, s8, gp
core   0: 3 0x8000b16c (0x003c3cb3) x25 0x00000001
core   0: 0x8000b170 (0x07844b03) lbu     s6, 120(s0)
core   0: 3 0x8000b170 (0x07844b03) x22 0x00000087 mem 0x800259cc
core   0: 0x8000b174 (0x6c540ca3) sb      t0, 1753(s0)
core   0: 3 0x8000b174 (0x6c540ca3) mem 0x8002602d 0xa5
core   0: 0x8000b178 (0xf3c4b393) sltiu   t2, s1, -196
core   0: 3 0x8000b178 (0xf3c4b393) x 7 0x00000001
core   0: 0x8000b17c (0xcb344483) lbu     s1, -845(s0)
core   0: 3 0x8000b17c (0xcb344483) x 9 0x000000bc mem 0x80025607
core   0: 0x8000b180 (0x00df5393) srli    t2, t5, 13
core   0: 3 0x8000b180 (0x00df5393) x 7 0x0004000a
core   0: 0x8000b184 (0x40041183) lh      gp, 1024(s0)
core   0: 3 0x8000b184 (0x40041183) x 3 0x00000e0f mem 0x80025d54
core   0: 0x8000b188 (0x00014917) auipc   s2, 0x14
core   0: 3 0x8000b188 (0x00014917) x18 0x8001f188
core   0: 0x8000b18c (0x9d890913) addi    s2, s2, -1576
core   0: 3 0x8000b18c (0x9d890913) x18 0x8001eb60
core   0: 0x8000b190 (0xff290ca3) sb      s2, -7(s2)
core   0: 3 0x8000b190 (0xff290ca3) mem 0x8001eb59 0x60
core   0: 0x8000b194 (0x00491f03) lh      t5, 4(s2)
core   0: 3 0x8000b194 (0x00491f03) x30 0x00001e1f mem 0x8001eb64
core   0: 0x8000b198 (0x01f90223) sb      t6, 4(s2)
core   0: 3 0x8000b198 (0x01f90223) mem 0x8001eb64 0xce
core   0: 0x8000b19c (0x00890223) sb      s0, 4(s2)
core   0: 3 0x8000b19c (0x00890223) mem 0x8001eb64 0x54
core   0: 0x8000b1a0 (0x00492203) lw      tp, 4(s2)
core   0: 3 0x8000b1a0 (0x00492203) x 4 0x1c1d1e54 mem 0x8001eb64
core   0: 0x8000b1a4 (0x01c90223) sb      t3, 4(s2)
core   0: 3 0x8000b1a4 (0x01c90223) mem 0x8001eb64 0x29
core   0: 0x8000b1a8 (0x00490383) lb      t2, 4(s2)
core   0: 3 0x8000b1a8 (0x00490383) x 7 0x00000029 mem 0x8001eb64
core   0: 0x8000b1ac (0x00492b03) lw      s6, 4(s2)
core   0: 3 0x8000b1ac (0x00492b03) x22 0x1c1d1e29 mem 0x8001eb64
core   0: 0x8000b1b0 (0x01d91223) sh      t4, 4(s2)
core   0: 3 0x8000b1b0 (0x01d91223) mem 0x8001eb64 0x00a5
core   0: 0x8000b1b4 (0x00490403) lb      s0, 4(s2)
core   0: 3 0x8000b1b4 (0x00490403) x 8 0xffffffa5 mem 0x8001eb64
core   0: 0x8000b1b8 (0x683b94b7) lui     s1, 0x683b9
core   0: 3 0x8000b1b8 (0x683b94b7) x 9 0x683b9000
core   0: 0x8000b1bc (0x00491b03) lh      s6, 4(s2)
core   0: 3 0x8000b1bc (0x00491b03) x22 0x000000a5 mem 0x8001eb64
core   0: 0x8000b1c0 (0x00492223) sw      tp, 4(s2)
core   0: 3 0x8000b1c0 (0x00492223) mem 0x8001eb64 0x1c1d1e54
core   0: 0x8000b1c4 (0x00291223) sh      sp, 4(s2)
core   0: 3 0x8000b1c4 (0x00291223) mem 0x8001eb64 0xece4
core   0: 0x8000b1c8 (0x408cd093) srai    ra, s9, 8
core   0: 3 0x8000b1c8 (0x408cd093) x 1 0x00000000
core   0: 0x8000b1cc (0x00490f83) lb      t6, 4(s2)
core   0: 3 0x8000b1cc (0x00490f83) x31 0xffffffe4 mem 0x8001eb64
core   0: 0x8000b1d0 (0x01392223) sw      s3, 4(s2)
core   0: 3 0x8000b1d0 (0x01392223) mem 0x8001eb64 0x00004c05
core   0: 0x8000b1d4 (0x571d96b7) lui     a3, 0x571d9
core   0: 3 0x8000b1d4 (0x571d96b7) x13 0x571d9000
core   0: 0x8000b1d8 (0x01cf5413) srli    s0, t5, 28
core   0: 3 0x8000b1d8 (0x01cf5413) x 8 0x00000000
core   0: 0x8000b1dc (0x00390223) sb      gp, 4(s2)
core   0: 3 0x8000b1dc (0x00390223) mem 0x8001eb64 0xf
core   0: 0x8000b1e0 (0xdc8fbe97) auipc   t4, 0xdc8fb
core   0: 3 0x8000b1e0 (0xdc8fbe97) x29 0x5c9061e0
core   0: 0x8000b1e4 (0x00091223) sh      zero, 4(s2)
core   0: 3 0x8000b1e4 (0x00091223) mem 0x8001eb64 0x0000
core   0: 0x8000b1e8 (0x00000013) nop
core   0: 3 0x8000b1e8 (0x00000013)
core   0: 0x8000b1ec (0x01192223) sw      a7, 4(s2)
core   0: 3 0x8000b1ec (0x01192223) mem 0x8001eb64 0x000000a5
core   0: 0x8000b1f0 (0x0000f717) auipc   a4, 0xf
core   0: 3 0x8000b1f0 (0x0000f717) x14 0x8001a1f0
core   0: 0x8000b1f4 (0xca470713) addi    a4, a4, -860
core   0: 3 0x8000b1f4 (0xca470713) x14 0x80019e94
core   0: 0x8000b1f8 (0x0000df17) auipc   t5, 0xd
core   0: 3 0x8000b1f8 (0x0000df17) x30 0x800181f8
core   0: 0x8000b1fc (0x025f0f13) addi    t5, t5, 37
core   0: 3 0x8000b1fc (0x025f0f13) x30 0x8001821d
core   0: 0x8000b200 (0x04074783) lbu     a5, 64(a4)
core   0: 3 0x8000b200 (0x04074783) x15 0x0000008f mem 0x80019ed4
core   0: 0x8000b204 (0x00010d97) auipc   s11, 0x10
core   0: 3 0x8000b204 (0x00010d97) x27 0x8001b204
core   0: 0x8000b208 (0x554d8d93) addi    s11, s11, 1364
core   0: 3 0x8000b208 (0x554d8d93) x27 0x8001b758
core   0: 0x8000b20c (0x00df5003) lhu     zero, 13(t5)
core   0: 3 0x8000b20c (0x00df5003) mem 0x8001822a
core   0: 0x8000b210 (0xf89dc403) lbu     s0, -119(s11)
core   0: 3 0x8000b210 (0xf89dc403) x 8 0x0000009a mem 0x8001b6e1
core   0: 0x8000b214 (0xffef4403) lbu     s0, -2(t5)
core   0: 3 0x8000b214 (0xffef4403) x 8 0x000000d0 mem 0x8001821b
core   0: 0x8000b218 (0x01e70623) sb      t5, 12(a4)
core   0: 3 0x8000b218 (0x01e70623) mem 0x80019ea0 0x1d
core   0: 0x8000b21c (0x007f2403) lw      s0, 7(t5)
core   0: 3 0x8000b21c (0x007f2403) x 8 0xdcdddedf mem 0x80018224
core   0: 0x8000b220 (0x012f0423) sb      s2, 8(t5)
core   0: 3 0x8000b220 (0x012f0423) mem 0x80018225 0x60
core   0: 0x8000b224 (0x0b9d87a3) sb      s9, 175(s11)
core   0: 3 0x8000b224 (0x0b9d87a3) mem 0x8001b807 0x1
core   0: 0x8000b228 (0xffef0503) lb      a0, -2(t5)
core   0: 3 0x8000b228 (0xffef0503) x10 0xffffffd0 mem 0x8001821b
core   0: 0x8000b22c (0xfdb70803) lb      a6, -37(a4)
core   0: 3 0x8000b22c (0xfdb70803) x16 0x00000024 mem 0x80019e6f
core   0: 0x8000b230 (0xfea74883) lbu     a7, -22(a4)
core   0: 3 0x8000b230 (0xfea74883) x17 0x00000035 mem 0x80019e7e
core   0: 0x8000b234 (0xf03d8b23) sb      gp, -234(s11)
core   0: 3 0x8000b234 (0xf03d8b23) mem 0x8001b66e 0xf
core   0: 0x8000b238 (0x01f70c03) lb      s8, 31(a4)
core   0: 3 0x8000b238 (0x01f70c03) x24 0x00000068 mem 0x80019eb3
core   0: 0x8000b23c (0xff0f4d03) lbu     s10, -16(t5)
core   0: 3 0x8000b23c (0xff0f4d03) x26 0x000000c6 mem 0x8001820d
core   0: 0x8000b240 (0xf63d8b03) lb      s6, -157(s11)
core   0: 3 0x8000b240 (0xf63d8b03) x22 0x00000070 mem 0x8001b6bb
core   0: 0x8000b244 (0x006f4683) lbu     a3, 6(t5)
core   0: 3 0x8000b244 (0x006f4683) x13 0x000000d8 mem 0x80018223
core   0: 0x8000b248 (0x009f1e03) lh      t3, 9(t5)
core   0: 3 0x8000b248 (0x009f1e03) x28 0xffffdcdd mem 0x80018226
core   0: 0x8000b24c (0xffef0883) lb      a7, -2(t5)
core   0: 3 0x8000b24c (0xffef0883) x17 0xffffffd0 mem 0x8001821b
core   0: 0x8000b250 (0x0e9d8783) lb      a5, 233(s11)
core   0: 3 0x8000b250 (0x0e9d8783) x15 0xfffffffa mem 0x8001b841
core   0: 0x8000b254 (0x004f0083) lb      ra, 4(t5)
core   0: 3 0x8000b254 (0x004f0083) x 1 0xffffffda mem 0x80018221
core   0: 0x8000b258 (0xfd670203) lb      tp, -42(a4)
core   0: 3 0x8000b258 (0xfd670203) x 4 0x00000021 mem 0x80019e6a
core   0: 0x8000b25c (0x073d8823) sb      s3, 112(s11)
core   0: 3 0x8000b25c (0x073d8823) mem 0x8001b7c8 0x5
core   0: 0x8000b260 (0xfd970a03) lb      s4, -39(a4)
core   0: 3 0x8000b260 (0xfd970a03) x20 0x00000026 mem 0x80019e6d
core   0: 0x8000b264 (0xf80d87a3) sb      zero, -113(s11)
core   0: 3 0x8000b264 (0xf80d87a3) mem 0x8001b6e7 0x0
core   0: 0x8000b268 (0x00017397) auipc   t2, 0x17
core   0: 3 0x8000b268 (0x00017397) x 7 0x80022268
core   0: 0x8000b26c (0x85a38393) addi    t2, t2, -1958
core   0: 3 0x8000b26c (0x85a38393) x 7 0x80021ac2
core   0: 0x8000b270 (0x794f4a37) lui     s4, 0x794f4
core   0: 3 0x8000b270 (0x794f4a37) x20 0x794f4000
core   0: 0x8000b274 (0x6ff3c283) lbu     t0, 1791(t2)
core   0: 3 0x8000b274 (0x6ff3c283) x 5 0x0000007a mem 0x800221c1
core   0: 0x8000b278 (0x8b344213) xori    tp, s0, -1869
core   0: 3 0x8000b278 (0x8b344213) x 4 0x2322266c
core   0: 0x8000b27c (0x0147e733) or      a4, a5, s4
core   0: 3 0x8000b27c (0x0147e733) x14 0xfffffffa
core   0: 0x8000b280 (0xd9a39683) lh      a3, -614(t2)
core   0: 3 0x8000b280 (0xd9a39683) x13 0x00001617 mem 0x8002185c
core   0: 0x8000b284 (0x5f239b03) lh      s6, 1522(t2)
core   0: 3 0x8000b284 (0x5f239b03) x22 0x00006e6f mem 0x800220b4
core   0: 0x8000b288 (0xf6439903) lh      s2, -156(t2)
core   0: 3 0x8000b288 (0xf6439903) x18 0xffffdcdd mem 0x80021a26
core   0: 0x8000b28c (0x00fe57b3) srl     a5, t3, a5
core   0: 3 0x8000b28c (0x00fe57b3) x15 0x0000003f
core   0: 0x8000b290 (0x87a38483) lb      s1, -1926(t2)
core   0: 3 0x8000b290 (0x87a38483) x 9 0xfffffff7 mem 0x8002133c
core   0: 0x8000b294 (0x0ff0000f) fence   iorw,iorw
core   0: 3 0x8000b294 (0x0ff0000f)
core   0: 0x8000b298 (0x2a138b37) lui     s6, 0x2a138
core   0: 3 0x8000b298 (0x2a138b37) x22 0x2a138000
core   0: 0x8000b29c (0x01aa9413) slli    s0, s5, 26
core   0: 3 0x8000b29c (0x01aa9413) x 8 0x64000000
core   0: 0x8000b2a0 (0x47738ea3) sb      s7, 1149(t2)
core   0: 3 0x8000b2a0 (0x47738ea3) mem 0x80021f3f 0x1
core   0: 0x8000b2a4 (0x01643333) sltu    t1, s0, s6
core   0: 3 0x8000b2a4 (0x01643333) x 6 0x00000000
core   0: 0x8000b2a8 (0x7233c283) lbu     t0, 1827(t2)
core   0: 3 0x8000b2a8 (0x7233c283) x 5 0x0000009e mem 0x800221e5
core   0: 0x8000b2ac (0x4c23cf03) lbu     t5, 1218(t2)
core   0: 3 0x8000b2ac (0x4c23cf03) x30 0x0000003f mem 0x80021f84
core   0: 0x8000b2b0 (0x00188333) add     t1, a7, ra
core   0: 3 0x8000b2b0 (0x00188333) x 6 0xffffffaa
core   0: 0x8000b2b4 (0x17c38e83) lb      t4, 380(t2)
core   0: 3 0x8000b2b4 (0x17c38e83) x29 0xfffffff5 mem 0x80021c3e
core   0: 0x8000b2b8 (0xeff3c703) lbu     a4, -257(t2)
core   0: 3 0x8000b2b8 (0xeff3c703) x14 0x0000007a mem 0x800219c1
core   0: 0x8000b2bc (0x001c4e33) xor     t3, s8, ra
core   0: 3 0x8000b2bc (0x001c4e33) x28 0xffffffb2
core   0: 0x8000b2c0 (0x3783db83) lhu     s7, 888(t2)
core   0: 3 0x8000b2c0 (0x3783db83) x23 0x0000f0f1 mem 0x80021e3a
core   0: 0x8000b2c4 (0x00c76cb3) or      s9, a4, a2
core   0: 3 0x8000b2c4 (0x00c76cb3) x25 0x8002ae7e
core   0: 0x8000b2c8 (0xac3383a3) sb      gp, -1337(t2)
core   0: 3 0x8000b2c8 (0xac3383a3) mem 0x80021589 0xf
core   0: 0x8000b2cc (0x3e6df293) andi    t0, s11, 998
core   0: 3 0x8000b2cc (0x3e6df293) x 5 0x00000340
core   0: 0x8000b2d0 (0x41f68933) sub     s2, a3, t6
core   0: 3 0x8000b2d0 (0x41f68933) x18 0x00001633
core   0: 0x8000b2d4 (0x1ce4f813) andi    a6, s1, 462
core   0: 3 0x8000b2d4 (0x1ce4f813) x16 0x000001c6
core   0: 0x8000b2d8 (0x40e95213) srai    tp, s2, 14
core   0: 3 0x8000b2d8 (0x40e95213) x 4 0x00000000
core   0: 0x8000b2dc (0xd7c0c737) lui     a4, 0xd7c0c
core   0: 3 0x8000b2dc (0xd7c0c737) x14 0xd7c0c000
core   0: 0x8000b2e0 (0x0034cbb3) xor     s7, s1, gp
core   0: 3 0x8000b2e0 (0x0034cbb3) x23 0xfffff1f8
core   0: 0x8000b2e4 (0xea83df03) lhu     t5, -344(t2)
core   0: 3 0x8000b2e4 (0xea83df03) x30 0x00002021 mem 0x8002196a
core   0: 0x8000b2e8 (0x640e6493) ori     s1, t3, 1600
core   0: 3 0x8000b2e8 (0x640e6493) x 9 0xfffffff2
core   0: 0x8000b2ec (0x7713cb83) lbu     s7, 1905(t2)
core   0: 3 0x8000b2ec (0x7713cb83) x23 0x000000e8 mem 0x80022233
core   0: 0x8000b2f0 (0xeb7b6a93) ori     s5, s6, -329
core   0: 3 0x8000b2f0 (0xeb7b6a93) x21 0xfffffeb7
core   0: 0x8000b2f4 (0x349382a3) sb      s1, 837(t2)
core   0: 3 0x8000b2f4 (0x349382a3) mem 0x80021e07 0xf2
core   0: 0x8000b2f8 (0x5fd3c883) lbu     a7, 1533(t2)
core   0: 3 0x8000b2f8 (0x5fd3c883) x17 0x00000074 mem 0x800220bf
core   0: 0x8000b2fc (0x8b3386a3) sb      s3, -1875(t2)
core   0: 3 0x8000b2fc (0x8b3386a3) mem 0x8002136f 0x5
core   0: 0x8000b300 (0x2e9c6013) ori     zero, s8, 745
core   0: 3 0x8000b300 (0x2e9c6013)
core   0: 0x8000b304 (0x1bb57693) andi    a3, a0, 443
core   0: 3 0x8000b304 (0x1bb57693) x13 0x00000190
core   0: 0x8000b308 (0xf5739623) sh      s7, -180(t2)
core   0: 3 0x8000b308 (0xf5739623) mem 0x80021a0e 0x00e8
core   0: 0x8000b30c (0xf473c283) lbu     t0, -185(t2)
core   0: 3 0x8000b30c (0xf473c283) x 5 0x000000c2 mem 0x80021a09
core   0: 0x8000b310 (0x1eb38903) lb      s2, 491(t2)
core   0: 3 0x8000b310 (0x1eb38903) x18 0x00000066 mem 0x80021cad
core   0: 0x8000b314 (0x012b6433) or      s0, s6, s2
core   0: 3 0x8000b314 (0x012b6433) x 8 0x2a138066
core   0: 0x8000b318 (0x3ce3da03) lhu     s4, 974(t2)
core   0: 3 0x8000b318 (0x3ce3da03) x20 0x00004a4b mem 0x80021e90
core   0: 0x8000b31c (0xacb38083) lb      ra, -1333(t2)
core   0: 3 0x8000b31c (0xacb38083) x 1 0x00000046 mem 0x8002158d
core   0: 0x8000b320 (0xd8f38483) lb      s1, -625(t2)
core   0: 3 0x8000b320 (0xd8f38483) x 9 0x0000000a mem 0x80021851
core   0: 0x8000b324 (0x00010c17) auipc   s8, 0x10
core   0: 3 0x8000b324 (0x00010c17) x24 0x8001b324
core   0: 0x8000b328 (0x174c0c13) addi    s8, s8, 372
core   0: 3 0x8000b328 (0x174c0c13) x24 0x8001b498
core   0: 0x8000b32c (0x9d3b6413) ori     s0, s6, -1581
core   0: 3 0x8000b32c (0x9d3b6413) x 8 0xfffff9d3
core   0: 0x8000b330 (0x327f0337) lui     t1, 0x327f0
core   0: 3 0x8000b330 (0x327f0337) x 6 0x327f0000
core   0: 0x8000b334 (0xfcbc4f83) lbu     t6, -53(s8)
core   0: 3 0x8000b334 (0xfcbc4f83) x31 0x00000018 mem 0x8001b463
core   0: 0x8000b338 (0xdbc77237) lui     tp, 0xdbc77
core   0: 3 0x8000b338 (0xdbc77237) x 4 0xdbc77000
core   0: 0x8000b33c (0x00000013) nop
core   0: 3 0x8000b33c (0x00000013)
core   0: 0x8000b340 (0x5b3a4513) xori    a0, s4, 1459
core   0: 3 0x8000b340 (0x5b3a4513) x10 0x00004ff8
core   0: 0x8000b344 (0x40805b33) sra     s6, zero, s0
core   0: 3 0x8000b344 (0x40805b33) x22 0x00000000
core   0: 0x8000b348 (0xfd8c4483) lbu     s1, -40(s8)
core   0: 3 0x8000b348 (0xfd8c4483) x 9 0x0000002b mem 0x8001b470
core   0: 0x8000b34c (0x01455813) srli    a6, a0, 20
core   0: 3 0x8000b34c (0x01455813) x16 0x00000000
core   0: 0x8000b350 (0x818c4513) xori    a0, s8, -2024
core   0: 3 0x8000b350 (0x818c4513) x10 0x7ffe4c80
core   0: 0x8000b354 (0x00119233) sll     tp, gp, ra
core   0: 3 0x8000b354 (0x00119233) x 4 0x000383c0
core   0: 0x8000b358 (0x76fbac93) slti    s9, s7, 1903
core   0: 3 0x8000b358 (0x76fbac93) x25 0x00000001
core   0: 0x8000b35c (0x0ff0000f) fence   iorw,iorw
core   0: 3 0x8000b35c (0x0ff0000f)
core   0: 0x8000b360 (0xff2c04a3) sb      s2, -23(s8)
core   0: 3 0x8000b360 (0xff2c04a3) mem 0x8001b481 0x66
core   0: 0x8000b364 (0x007c0403) lb      s0, 7(s8)
core   0: 3 0x8000b364 (0x007c0403) x 8 0x00000054 mem 0x8001b49f
core   0: 0x8000b368 (0xfa9c4383) lbu     t2, -87(s8)
core   0: 3 0x8000b368 (0xfa9c4383) x 7 0x000000fa mem 0x8001b441
core   0: 0x8000b36c (0xfedc09a3) sb      a3, -13(s8)
core   0: 3 0x8000b36c (0xfedc09a3) mem 0x8001b48b 0x90
core   0: 0x8000b370 (0xf3dc1d23) sh      t4, -198(s8)
core   0: 3 0x8000b370 (0xf3dc1d23) mem 0x8001b3d2 0xfff5
core   0: 0x8000b374 (0x01cd00b3) add     ra, s10, t3
core   0: 3 0x8000b374 (0x01cd00b3) x 1 0x00000078
core   0: 0x8000b378 (0x0000100f) fence.i
core   0: 3 0x8000b378 (0x0000100f)
core   0: 0x8000b37c (0x646a26b7) lui     a3, 0x646a2
core   0: 3 0x8000b37c (0x646a26b7) x13 0x646a2000
core   0: 0x8000b380 (0x40245b33) sra     s6, s0, sp
core   0: 3 0x8000b380 (0x40245b33) x22 0x00000005
core   0: 0x8000b384 (0x00aa5513) srli    a0, s4, 10
core   0: 3 0x8000b384 (0x00aa5513) x10 0x00000012
core   0: 0x8000b388 (0x002a41b3) xor     gp, s4, sp
core   0: 3 0x8000b388 (0x002a41b3) x 3 0x8002a6af
core   0: 0x8000b38c (0xf94c0d03) lb      s10, -108(s8)
core   0: 3 0x8000b38c (0xf94c0d03) x26 0xffffffe7 mem 0x8001b42c
core   0: 0x8000b390 (0x40210433) sub     s0, sp, sp
core   0: 3 0x8000b390 (0x40210433) x 8 0x00000000
core   0: 0x8000b394 (0xf11c4d83) lbu     s11, -239(s8)
core   0: 3 0x8000b394 (0xf11c4d83) x27 0x00000062 mem 0x8001b3a9
core   0: 0x8000b398 (0x016c1483) lh      s1, 22(s8)
core   0: 3 0x8000b398 (0x016c1483) x 9 0x00006465 mem 0x8001b4ae
core   0: 0x8000b39c (0x9dd463b7) lui     t2, 0x9dd46
core   0: 3 0x8000b39c (0x9dd463b7) x 7 0x9dd46000
core   0: 0x8000b3a0 (0x05fc0e83) lb      t4, 95(s8)
core   0: 3 0x8000b3a0 (0x05fc0e83) x29 0xffffffac mem 0x8001b4f7
core   0: 0x8000b3a4 (0x00db5813) srli    a6, s6, 13
core   0: 3 0x8000b3a4 (0x00db5813) x16 0x00000000
core   0: 0x8000b3a8 (0xf5ac2823) sw      s10, -176(s8)
core   0: 3 0x8000b3a8 (0xf5ac2823) mem 0x8001b3e8 0xffffffe7
core   0: 0x8000b3ac (0x00e2b533) sltu    a0, t0, a4
core   0: 3 0x8000b3ac (0x00e2b533) x10 0x00000001
core   0: 0x8000b3b0 (0x4164d813) srai    a6, s1, 22
core   0: 3 0x8000b3b0 (0x4164d813) x16 0x00000000
core   0: 0x8000b3b4 (0xf1fc4803) lbu     a6, -225(s8)
core   0: 3 0x8000b3b4 (0xf1fc4803) x16 0x0000006c mem 0x8001b3b7
core   0: 0x8000b3b8 (0x0000b717) auipc   a4, 0xb
core   0: 3 0x8000b3b8 (0x0000b717) x14 0x800163b8
core   0: 0x8000b3bc (0x84570713) addi    a4, a4, -1979
core   0: 3 0x8000b3bc (0x84570713) x14 0x80015bfd
core   0: 0x8000b3c0 (0x05570f03) lb      t5, 85(a4)
core   0: 3 0x8000b3c0 (0x05570f03) x30 0x00000009 mem 0x80015c52
core   0: 0x8000b3c4 (0x01b768b3) or      a7, a4, s11
core   0: 3 0x8000b3c4 (0x01b768b3) x17 0x80015bff
core   0: 0x8000b3c8 (0xfdb75303) lhu     t1, -37(a4)
core   0: 3 0x8000b3c8 (0xfdb75303) x 6 0x00001c93 mem 0x80015bd8
core   0: 0x8000b3cc (0x01f8d4b3) srl     s1, a7, t6
core   0: 3 0x8000b3cc (0x01f8d4b3) x 9 0x00000080
core   0: 0x8000b3d0 (0x11570023) sb      s5, 256(a4)
core   0: 3 0x8000b3d0 (0x11570023) mem 0x80015cfd 0xb7
core   0: 0x8000b3d4 (0xfeb74b03) lbu     s6, -21(a4)
core   0: 3 0x8000b3d4 (0xfeb74b03) x22 0x000000b7 mem 0x80015be8
core   0: 0x8000b3d8 (0x97e30913) addi    s2, t1, -1666
core   0: 3 0x8000b3d8 (0x97e30913) x18 0x00001611
core   0: 0x8000b3dc (0x85f1cab7) lui     s5, 0x85f1c
core   0: 3 0x8000b3dc (0x85f1cab7) x21 0x85f1c000
core   0: 0x8000b3e0 (0xfb070523) sb      a6, -86(a4)
core   0: 3 0x8000b3e0 (0xfb070523) mem 0x80015ba7 0x6c
core   0: 0x8000b3e4 (0x14b27313) andi    t1, tp, 331
core   0: 3 0x8000b3e4 (0x14b27313) x 6 0x00000140
core   0: 0x8000b3e8 (0xfa9705a3) sb      s1, -85(a4)
core   0: 3 0x8000b3e8 (0xfa9705a3) mem 0x80015ba8 0x80
core   0: 0x8000b3ec (0x40be58b3) sra     a7, t3, a1
core   0: 3 0x8000b3ec (0x40be58b3) x17 0xffffffb2
core   0: 0x8000b3f0 (0x0ff0000f) fence   iorw,iorw
core   0: 3 0x8000b3f0 (0x0ff0000f)
core   0: 0x8000b3f4 (0x00791913) slli    s2, s2, 7
core   0: 3 0x8000b3f4 (0x00791913) x18 0x000b0880
core   0: 0x8000b3f8 (0x05f72e03) lw      t3, 95(a4)
core   0: 3 0x8000b3f8 (0x05f72e03) x28 0xb2820117 mem 0x80015c5c
core   0: 0x8000b3fc (0xf9e70d23) sb      t5, -102(a4)
core   0: 3 0x8000b3fc (0xf9e70d23) mem 0x80015b97 0x9
core   0: 0x8000b400 (0x00d55b33) srl     s6, a0, a3
core   0: 3 0x8000b400 (0x00d55b33) x22 0x00000001
core   0: 0x8000b404 (0x07c70c23) sb      t3, 120(a4)
core   0: 3 0x8000b404 (0x07c70c23) mem 0x80015c75 0x17
core   0: 0x8000b408 (0x0a470923) sb      tp, 178(a4)
core   0: 3 0x8000b408 (0x0a470923) mem 0x80015caf 0xc0
core   0: 0x8000b40c (0xfed74003) lbu     zero, -19(a4)
core   0: 3 0x8000b40c (0xfed74003) mem 0x80015bea
core   0: 0x8000b410 (0x0000100f) fence.i
core   0: 3 0x8000b410 (0x0000100f)
core   0: 0x8000b414 (0xf2670d03) lb      s10, -218(a4)
core   0: 3 0x8000b414 (0xf2670d03) x26 0xffffffd8 mem 0x80015b23
core   0: 0x8000b418 (0xf8970b23) sb      s1, -106(a4)
core   0: 3 0x8000b418 (0xf8970b23) mem 0x80015b93 0x80
core   0: 0x8000b41c (0xfc274a03) lbu     s4, -62(a4)
core   0: 3 0x8000b41c (0xfc274a03) x20 0x00000074 mem 0x80015bbf
core   0: 0x8000b420 (0x0c470803) lb      a6, 196(a4)
core   0: 3 0x8000b420 (0x0c470803) x16 0xfffffffd mem 0x80015cc1
core   0: 0x8000b424 (0xf9370e03) lb      t3, -109(a4)
core   0: 3 0x8000b424 (0xf9370e03) x28 0x0000004b mem 0x80015b90
core   0: 0x8000b428 (0xf2c74e83) lbu     t4, -212(a4)
core   0: 3 0x8000b428 (0xf2c74e83) x29 0x0000007c mem 0x80015b29
core   0: 0x8000b42c (0xfbe74483) lbu     s1, -66(a4)
core   0: 3 0x8000b42c (0xfbe74483) x 9 0x00000070 mem 0x80015bbb
core   0: 0x8000b430 (0x0c771903) lh      s2, 199(a4)
core   0: 3 0x8000b430 (0x0c771903) x18 0x00007e7f mem 0x80015cc4
core   0: 0x8000b434 (0xf2870423) sb      s0, -216(a4)
core   0: 3 0x8000b434 (0xf2870423) mem 0x80015b25 0x0
core   0: 0x8000b438 (0x098723a3) sw      s8, 135(a4)
core   0: 3 0x8000b438 (0x098723a3) mem 0x80015c84 0x8001b498
core   0: 0x8000b43c (0x08371883) lh      a7, 131(a4)
core   0: 3 0x8000b43c (0x08371883) x17 0x00003a3b mem 0x80015c80
core   0: 0x8000b440 (0x00269c93) slli    s9, a3, 2
core   0: 3 0x8000b440 (0x00269c93) x25 0x91a88000
core   0: 0x8000b444 (0x03f718a3) sh      t6, 49(a4)
core   0: 3 0x8000b444 (0x03f718a3) mem 0x80015c2e 0x0018
core   0: 0x8000b448 (0x04374a03) lbu     s4, 67(a4)
core   0: 3 0x8000b448 (0x04374a03) x20 0x000000fb mem 0x80015c40
core   0: 0x8000b44c (0x0000100f) fence.i
core   0: 3 0x8000b44c (0x0000100f)
core   0: 0x8000b450 (0x0000100f) fence.i
core   0: 3 0x8000b450 (0x0000100f)
core   0: 0x8000b454 (0x08770d23) sb      t2, 154(a4)
core   0: 3 0x8000b454 (0x08770d23) mem 0x80015c97 0x0
core   0: 0x8000b458 (0xfe93a513) slti    a0, t2, -23
core   0: 3 0x8000b458 (0xfe93a513) x10 0x00000001
core   0: 0x8000b45c (0x0d670f83) lb      t6, 214(a4)
core   0: 3 0x8000b45c (0x0d670f83) x31 0xffffffff mem 0x80015cd3
core   0: 0x8000b460 (0x0099a3b3) slt     t2, s3, s1
core   0: 3 0x8000b460 (0x0099a3b3) x 7 0x00000000
core   0: 0x8000b464 (0xf2474b83) lbu     s7, -220(a4)
core   0: 3 0x8000b464 (0xf2474b83) x23 0x000000c1 mem 0x80015b21
core   0: 0x8000b468 (0x0fe707a3) sb      t5, 239(a4)
core   0: 3 0x8000b468 (0x0fe707a3) mem 0x80015cec 0x9
core   0: 0x8000b46c (0x09f70523) sb      t6, 138(a4)
core   0: 3 0x8000b46c (0x09f70523) mem 0x80015c87 0xff
core   0: 0x8000b470 (0x0d170403) lb      s0, 209(a4)
core   0: 3 0x8000b470 (0x0d170403) x 8 0xffffff85 mem 0x80015cce
core   0: 0x8000b474 (0x0000a217) auipc   tp, 0xa
core   0: 3 0x8000b474 (0x0000a217) x 4 0x80015474
core   0: 0x8000b478 (0x02d20213) addi    tp, tp, 45
core   0: 3 0x8000b478 (0x02d20213) x 4 0x800154a1
core   0: 0x8000b47c (0xec620023) sb      t1, -320(tp)
core   0: 3 0x8000b47c (0xec620023) mem 0x80015361 0x40
core   0: 0x8000b480 (0xec024183) lbu     gp, -320(tp)
core   0: 3 0x8000b480 (0xec024183) x 3 0x00000040 mem 0x80015361
core   0: 0x8000b484 (0x00000013) nop
core   0: 3 0x8000b484 (0x00000013)
core   0: 0x8000b488 (0xec024b83) lbu     s7, -320(tp)
core   0: 3 0x8000b488 (0xec024b83) x23 0x00000040 mem 0x80015361
core   0: 0x8000b48c (0x62725283) lhu     t0, 1575(tp)
core   0: 3 0x8000b48c (0x62725283) x 5 0x00008283 mem 0x80015ac8
core   0: 0x8000b490 (0x0034d0b3) srl     ra, s1, gp
core   0: 3 0x8000b490 (0x0034d0b3) x 1 0x00000070
core   0: 0x8000b494 (0xc4c24283) lbu     t0, -948(tp)
core   0: 3 0x8000b494 (0xc4c24283) x 5 0x000000ff mem 0x800150ed
core   0: 0x8000b498 (0xc4e20623) sb      a4, -948(tp)
core   0: 3 0x8000b498 (0xc4e20623) mem 0x800150ed 0xfd
core   0: 0x8000b49c (0xc5b20623) sb      s11, -948(tp)
core   0: 3 0x8000b49c (0xc5b20623) mem 0x800150ed 0x62
core   0: 0x8000b4a0 (0xcfe21ba3) sh      t5, -777(tp)
core   0: 3 0x8000b4a0 (0xcfe21ba3) mem 0x80015198 0x0009
core   0: 0x8000b4a4 (0xc2220f03) lb      t5, -990(tp)
core   0: 3 0x8000b4a4 (0xc2220f03) x30 0xffffffe1 mem 0x800150c3
core   0: 0x8000b4a8 (0xc2220983) lb      s3, -990(tp)
core   0: 3 0x8000b4a8 (0xc2220983) x19 0xffffffe1 mem 0x800150c3
core   0: 0x8000b4ac (0xc2720123) sb      t2, -990(tp)
core   0: 3 0x8000b4ac (0xc2720123) mem 0x800150c3 0x0
core   0: 0x8000b4b0 (0xc2224483) lbu     s1, -990(tp)
core   0: 3 0x8000b4b0 (0xc2224483) x 9 0x00000000 mem 0x800150c3
core   0: 0x8000b4b4 (0xd8f20983) lb      s3, -625(tp)
core   0: 3 0x8000b4b4 (0xd8f20983) x19 0xffffffeb mem 0x80015230
core   0: 0x8000b4b8 (0x00011d17) auipc   s10, 0x11
core   0: 3 0x8000b4b8 (0x00011d17) x26 0x8001c4b8
core   0: 0x8000b4bc (0x5f6d0d13) addi    s10, s10, 1526
core   0: 3 0x8000b4bc (0x5f6d0d13) x26 0x8001caae
core   0: 0x8000b4c0 (0x40d0d733) sra     a4, ra, a3
core   0: 3 0x8000b4c0 (0x40d0d733) x14 0x00000070
core   0: 0x8000b4c4 (0x00c401b3) add     gp, s0, a2
core   0: 3 0x8000b4c4 (0x00c401b3) x 3 0x8002ad89
core   0: 0x8000b4c8 (0x00515b93) srli    s7, sp, 5
core   0: 3 0x8000b4c8 (0x00515b93) x23 0x04001767
core   0: 0x8000b4cc (0xff4d0aa3) sb      s4, -11(s10)
core   0: 3 0x8000b4cc (0xff4d0aa3) mem 0x8001caa3 0xfb
core   0: 0x8000b4d0 (0x01de86b3) add     a3, t4, t4
core   0: 3 0x8000b4d0 (0x01de86b3) x13 0x000000f8
core   0: 0x8000b4d4 (0x00fd4c83) lbu     s9, 15(s10)
core   0: 3 0x8000b4d4 (0x00fd4c83) x25 0x00000076 mem 0x8001cabd
core   0: 0x8000b4d8 (0xffdd4283) lbu     t0, -3(s10)
core   0: 3 0x8000b4d8 (0xffdd4283) x 5 0x00000060 mem 0x8001caab
core   0: 0x8000b4dc (0xc2d0f513) andi    a0, ra, -979
core   0: 3 0x8000b4dc (0xc2d0f513) x10 0x00000020
core   0: 0x8000b4e0 (0xffed1e83) lh      t4, -2(s10)
core   0: 3 0x8000b4e0 (0xffed1e83) x29 0x00006667 mem 0x8001caac
core   0: 0x8000b4e4 (0xff0d1c03) lh      s8, -16(s10)
core   0: 3 0x8000b4e4 (0xff0d1c03) x24 0x00005455 mem 0x8001ca9e
core   0: 0x8000b4e8 (0x00679033) sll     zero, a5, t1
core   0: 3 0x8000b4e8 (0x00679033)
core   0: 0x8000b4ec (0xfedd0923) sb      a3, -14(s10)
core   0: 3 0x8000b4ec (0xfedd0923) mem 0x8001caa0 0xf8
core   0: 0x8000b4f0 (0x018d2323) sw      s8, 6(s10)
core   0: 3 0x8000b4f0 (0x018d2323) mem 0x8001cab4 0x00005455
core   0: 0x8000b4f4 (0x00fd0203) lb      tp, 15(s10)
core   0: 3 0x8000b4f4 (0x00fd0203) x 4 0x00000076 mem 0x8001cabd
core   0: 0x8000b4f8 (0xd791e897) auipc   a7, 0xd791e
core   0: 3 0x8000b4f8 (0xd791e897) x17 0x579294f8
core   0: 0x8000b4fc (0x01cd05a3) sb      t3, 11(s10)
core   0: 3 0x8000b4fc (0x01cd05a3) mem 0x8001cab9 0x4b
core   0: 0x8000b500 (0x00bd4c83) lbu     s9, 11(s10)
core   0: 3 0x8000b500 (0x00bd4c83) x25 0x0000004b mem 0x8001cab9
core   0: 0x8000b504 (0x00fd0803) lb      a6, 15(s10)
core   0: 3 0x8000b504 (0x00fd0803) x16 0x00000076 mem 0x8001cabd
core   0: 0x8000b508 (0x00829033) sll     zero, t0, s0
core   0: 3 0x8000b508 (0x00829033)
core   0: 0x8000b50c (0xfebd09a3) sb      a1, -13(s10)
core   0: 3 0x8000b50c (0xfebd09a3) mem 0x8001caa1 0x0
core   0: 0x8000b510 (0xff3d0ba3) sb      s3, -9(s10)
core   0: 3 0x8000b510 (0xff3d0ba3) mem 0x8001caa5 0xeb
core   0: 0x8000b514 (0xff4d0403) lb      s0, -12(s10)
core   0: 3 0x8000b514 (0xff4d0403) x 8 0x00000000 mem 0x8001caa2
core   0: 0x8000b518 (0x2938ab13) slti    s6, a7, 659
core   0: 3 0x8000b518 (0x2938ab13) x22 0x00000000
core   0: 0x8000b51c (0xff8d1923) sh      s8, -14(s10)
core   0: 3 0x8000b51c (0xff8d1923) mem 0x8001caa0 0x5455
core   0: 0x8000b520 (0xff8d0003) lb      zero, -8(s10)
core   0: 3 0x8000b520 (0xff8d0003) mem 0x8001caa6
core   0: 0x8000b524 (0x00bd0883) lb      a7, 11(s10)
core   0: 3 0x8000b524 (0x00bd0883) x17 0x0000004b mem 0x8001cab9
core   0: 0x8000b528 (0xfe6d1b23) sh      t1, -10(s10)
core   0: 3 0x8000b528 (0xfe6d1b23) mem 0x8001caa4 0x0140
core   0: 0x8000b52c (0xba48b037) lui     zero, 0xba48b
core   0: 3 0x8000b52c (0xba48b037)
core   0: 0x8000b530 (0xbda10213) addi    tp, sp, -1062
core   0: 3 0x8000b530 (0xbda10213) x 4 0x8002e8be
core   0: 0x8000b534 (0xffcd5303) lhu     t1, -4(s10)
core   0: 3 0x8000b534 (0xffcd5303) x 6 0x00006061 mem 0x8001caaa
core   0: 0x8000b538 (0xfedd0da3) sb      a3, -5(s10)
core   0: 3 0x8000b538 (0xfedd0da3) mem 0x8001caa9 0xf8
core   0: 0x8000b53c (0xffbd0c23) sb      s11, -8(s10)
core   0: 3 0x8000b53c (0xffbd0c23) mem 0x8001caa6 0x62
core   0: 0x8000b540 (0x0069edb3) or      s11, s3, t1
core   0: 3 0x8000b540 (0x0069edb3) x27 0xffffffeb
core   0: 0x8000b544 (0xffcd0383) lb      t2, -4(s10)
core   0: 3 0x8000b544 (0xffcd0383) x 7 0x00000061 mem 0x8001caaa
core   0: 0x8000b548 (0x00000013) nop
core   0: 3 0x8000b548 (0x00000013)
core   0: 0x8000b54c (0xffcd4f83) lbu     t6, -4(s10)
core   0: 3 0x8000b54c (0xffcd4f83) x31 0x00000061 mem 0x8001caaa
core   0: 0x8000b550 (0xfe9d1c23) sh      s1, -8(s10)
core   0: 3 0x8000b550 (0xfe9d1c23) mem 0x8001caa6 0x0000
core   0: 0x8000b554 (0xff9d09a3) sb      s9, -13(s10)
core   0: 3 0x8000b554 (0xff9d09a3) mem 0x8001caa1 0x4b
core   0: 0x8000b558 (0xffed1183) lh      gp, -2(s10)
core   0: 3 0x8000b558 (0xffed1183) x 3 0x00006667 mem 0x8001caac
core   0: 0x8000b55c (0x006f9193) slli    gp, t6, 6
core   0: 3 0x8000b55c (0x006f9193) x 3 0x00001840
core   0: 0x8000b560 (0x41115533) sra     a0, sp, a7
core   0: 3 0x8000b560 (0x41115533) x10 0xfff0005d
core   0: 0x8000b564 (0xff7d4e03) lbu     t3, -9(s10)
core   0: 3 0x8000b564 (0xff7d4e03) x28 0x00000001 mem 0x8001caa5
core   0: 0x8000b568 (0x00dd4283) lbu     t0, 13(s10)
core   0: 3 0x8000b568 (0x00dd4283) x 5 0x00000070 mem 0x8001cabb
core   0: 0x8000b56c (0x00019097) auipc   ra, 0x19
core   0: 3 0x8000b56c (0x00019097) x 1 0x8002456c
core   0: 0x8000b570 (0xa2208093) addi    ra, ra, -1502
core   0: 3 0x8000b570 (0xa2208093) x 1 0x80023f8e
core   0: 0x8000b574 (0xffe09d83) lh      s11, -2(ra)
core   0: 3 0x8000b574 (0xffe09d83) x27 0x00004647 mem 0x80023f8c
core   0: 0x8000b578 (0x00c0c483) lbu     s1, 12(ra)
core   0: 3 0x8000b578 (0x00c0c483) x 9 0x00000051 mem 0x80023f9a
core   0: 0x8000b57c (0x00c0cf03) lbu     t5, 12(ra)
core   0: 3 0x8000b57c (0x00c0cf03) x30 0x00000051 mem 0x80023f9a
core   0: 0x8000b580 (0x0030ce03) lbu     t3, 3(ra)
core   0: 3 0x8000b580 (0x0030ce03) x28 0x0000004a mem 0x80023f91
core   0: 0x8000b584 (0x126b3413) sltiu   s0, s6, 294
core   0: 3 0x8000b584 (0x126b3413) x 8 0x00000001
core   0: 0x8000b588 (0x00308503) lb      a0, 3(ra)
core   0: 3 0x8000b588 (0x00308503) x10 0x0000004a mem 0x80023f91
core   0: 0x8000b58c (0xff20a903) lw      s2, -14(ra)
core   0: 3 0x8000b58c (0xff20a903) x18 0x38393a3b mem 0x80023f80
core   0: 0x8000b590 (0xff20ce83) lbu     t4, -14(ra)
core   0: 3 0x8000b590 (0xff20ce83) x29 0x0000003b mem 0x80023f80
core   0: 0x8000b594 (0xff009923) sh      a6, -14(ra)
core   0: 3 0x8000b594 (0xff009923) mem 0x80023f80 0x0076
core   0: 0x8000b598 (0xff208683) lb      a3, -14(ra)
core   0: 3 0x8000b598 (0xff208683) x13 0x00000076 mem 0x80023f80
core   0: 0x8000b59c (0xfef09923) sh      a5, -14(ra)
core   0: 3 0x8000b59c (0xfef09923) mem 0x80023f80 0x003f
core   0: 0x8000b5a0 (0x0194d213) srli    tp, s1, 25
core   0: 3 0x8000b5a0 (0x0194d213) x 4 0x00000000
core   0: 0x8000b5a4 (0xff20ad03) lw      s10, -14(ra)
core   0: 3 0x8000b5a4 (0xff20ad03) x26 0x3839003f mem 0x80023f80
core   0: 0x8000b5a8 (0x0000ac17) auipc   s8, 0xa
core   0: 3 0x8000b5a8 (0x0000ac17) x24 0x800155a8
core   0: 0x8000b5ac (0xf88c0c13) addi    s8, s8, -120
core   0: 3 0x8000b5ac (0xf88c0c13) x24 0x80015530
core   0: 0x8000b5b0 (0x003c0323) sb      gp, 6(s8)
core   0: 3 0x8000b5b0 (0x003c0323) mem 0x80015536 0x40
core   0: 0x8000b5b4 (0xff5c0283) lb      t0, -11(s8)
core   0: 3 0x8000b5b4 (0xff5c0283) x 5 0xffffffde mem 0x80015525
core   0: 0x8000b5b8 (0xff5c0003) lb      zero, -11(s8)
core   0: 3 0x8000b5b8 (0xff5c0003) mem 0x80015525
core   0: 0x8000b5bc (0xffac0aa3) sb      s10, -11(s8)
core   0: 3 0x8000b5bc (0xffac0aa3) mem 0x80015525 0x3f
core   0: 0x8000b5c0 (0x00796933) or      s2, s2, t2
core   0: 3 0x8000b5c0 (0x00796933) x18 0x38393a7b
core   0: 0x8000b5c4 (0xff1c0aa3) sb      a7, -11(s8)
core   0: 3 0x8000b5c4 (0xff1c0aa3) mem 0x80015525 0x4b
core   0: 0x8000b5c8 (0x004c00a3) sb      tp, 1(s8)
core   0: 3 0x8000b5c8 (0x004c00a3) mem 0x80015531 0x0
core   0: 0x8000b5cc (0x01318533) add     a0, gp, s3
core   0: 3 0x8000b5cc (0x01318533) x10 0x0000182b
core   0: 0x8000b5d0 (0xff5c0b83) lb      s7, -11(s8)
core   0: 3 0x8000b5d0 (0xff5c0b83) x23 0x0000004b mem 0x80015525
core   0: 0x8000b5d4 (0xff5c0403) lb      s0, -11(s8)
core   0: 3 0x8000b5d4 (0xff5c0403) x 8 0x0000004b mem 0x80015525
core   0: 0x8000b5d8 (0x005c00a3) sb      t0, 1(s8)
core   0: 3 0x8000b5d8 (0x005c00a3) mem 0x80015531 0xde
core   0: 0x8000b5dc (0x40c4dfb3) sra     t6, s1, a2
core   0: 3 0x8000b5dc (0x40c4dfb3) x31 0x00000005
core   0: 0x8000b5e0 (0xff8c5183) lhu     gp, -8(s8)
core   0: 3 0x8000b5e0 (0xff8c5183) x 3 0x0000e2e3 mem 0x80015528
core   0: 0x8000b5e4 (0x0000ac97) auipc   s9, 0xa
core   0: 3 0x8000b5e4 (0x0000ac97) x25 0x800155e4
core   0: 0x8000b5e8 (0xe6ac8c93) addi    s9, s9, -406
core   0: 3 0x8000b5e8 (0xe6ac8c93) x25 0x8001544e
core   0: 0x8000b5ec (0x053c8203) lb      tp, 83(s9)
core   0: 3 0x8000b5ec (0x053c8203) x 4 0x00000000 mem 0x800154a1
core   0: 0x8000b5f0 (0x0abc86a3) sb      a1, 173(s9)
core   0: 3 0x8000b5f0 (0x0abc86a3) mem 0x800154fb 0x0
core   0: 0x8000b5f4 (0x0000100f) fence.i
core   0: 3 0x8000b5f4 (0x0000100f)
core   0: 0x8000b5f8 (0x0aec86a3) sb      a4, 173(s9)
core   0: 3 0x8000b5f8 (0x0aec86a3) mem 0x800154fb 0x70
core   0: 0x8000b5fc (0x04fccb83) lbu     s7, 79(s9)
core   0: 3 0x8000b5fc (0x04fccb83) x23 0x00000000 mem 0x8001549d
core   0: 0x8000b600 (0x009692b3) sll     t0, a3, s1
core   0: 3 0x8000b600 (0x009692b3) x 5 0x00ec0000
core   0: 0x8000b604 (0x028cdf83) lhu     t6, 40(s9)
core   0: 3 0x8000b604 (0x028cdf83) x31 0x0000012d mem 0x80015476
core   0: 0x8000b608 (0x028cd903) lhu     s2, 40(s9)
core   0: 3 0x8000b608 (0x028cd903) x18 0x0000012d mem 0x80015476
core   0: 0x8000b60c (0x411d8ab3) sub     s5, s11, a7
core   0: 3 0x8000b60c (0x411d8ab3) x21 0x000045fc
core   0: 0x8000b610 (0x412ade33) sra     t3, s5, s2
core   0: 3 0x8000b610 (0x412ade33) x28 0x00000002
core   0: 0x8000b614 (0x028cc803) lbu     a6, 40(s9)
core   0: 3 0x8000b614 (0x028cc803) x16 0x0000002d mem 0x80015476
core   0: 0x8000b618 (0x023c8423) sb      gp, 40(s9)
core   0: 3 0x8000b618 (0x023c8423) mem 0x80015476 0xe3
core   0: 0x8000b61c (0x002e2fb3) slt     t6, t3, sp
core   0: 3 0x8000b61c (0x002e2fb3) x31 0x00000000
core   0: 0x8000b620 (0x000a2533) slt     a0, s4, zero
core   0: 3 0x8000b620 (0x000a2533) x10 0x00000000
core   0: 0x8000b624 (0xffac8903) lb      s2, -6(s9)
core   0: 3 0x8000b624 (0xffac8903) x18 0x00000003 mem 0x80015448
core   0: 0x8000b628 (0x3ea4bd93) sltiu   s11, s1, 1002
core   0: 3 0x8000b628 (0x3ea4bd93) x27 0x00000001
core   0: 0x8000b62c (0xfe1c9d23) sh      ra, -6(s9)
core   0: 3 0x8000b62c (0xfe1c9d23) mem 0x80015448 0x3f8e
core   0: 0x8000b630 (0x0000ac17) auipc   s8, 0xa
core   0: 3 0x8000b630 (0x0000ac17) x24 0x80015630
core   0: 0x8000b634 (0xc63c0c13) addi    s8, s8, -925
core   0: 3 0x8000b634 (0xc63c0c13) x24 0x80015293
core   0: 0x8000b638 (0xfc4c0d23) sb      tp, -38(s8)
core   0: 3 0x8000b638 (0xfc4c0d23) mem 0x8001526d 0x0
core   0: 0x8000b63c (0xfd1c0023) sb      a7, -64(s8)
core   0: 3 0x8000b63c (0xfd1c0023) mem 0x80015253 0x4b
core   0: 0x8000b640 (0x01f19413) slli    s0, gp, 31
core   0: 3 0x8000b640 (0x01f19413) x 8 0x80000000
core   0: 0x8000b644 (0x8a557893) andi    a7, a0, -1883
core   0: 3 0x8000b644 (0x8a557893) x17 0x00000000
core   0: 0x8000b648 (0x00ad9db3) sll     s11, s11, a0
core   0: 3 0x8000b648 (0x00ad9db3) x27 0x00000001
core   0: 0x8000b64c (0x2cd4b413) sltiu   s0, s1, 717
core   0: 3 0x8000b64c (0x2cd4b413) x 8 0x00000001
core   0: 0x8000b650 (0x01a44ab3) xor     s5, s0, s10
core   0: 3 0x8000b650 (0x01a44ab3) x21 0x3839003e
core   0: 0x8000b654 (0x7902de37) lui     t3, 0x7902d
core   0: 3 0x8000b654 (0x7902de37) x28 0x7902d000
core   0: 0x8000b658 (0x01ae91b3) sll     gp, t4, s10
core   0: 3 0x8000b658 (0x01ae91b3) x 3 0x80000000
core   0: 0x8000b65c (0x00fc1a03) lh      s4, 15(s8)
core   0: 3 0x8000b65c (0x00fc1a03) x20 0x00005859 mem 0x800152a2
core   0: 0x8000b660 (0x415ed433) sra     s0, t4, s5
core   0: 3 0x8000b660 (0x415ed433) x 8 0x00000000
core   0: 0x8000b664 (0xfac22093) slti    ra, tp, -84
core   0: 3 0x8000b664 (0xfac22093) x 1 0x00000000
core   0: 0x8000b668 (0x014aa733) slt     a4, s5, s4
core   0: 3 0x8000b668 (0x014aa733) x14 0x00000000
core   0: 0x8000b66c (0x0100a8b3) slt     a7, ra, a6
core   0: 3 0x8000b66c (0x0100a8b3) x17 0x00000001
core   0: 0x8000b670 (0x038c4803) lbu     a6, 56(s8)
core   0: 3 0x8000b670 (0x038c4803) x16 0x00000080 mem 0x800152cb
core   0: 0x8000b674 (0xfe7c1483) lh      s1, -25(s8)
core   0: 3 0x8000b674 (0xfe7c1483) x 9 0x00003031 mem 0x8001527a
core   0: 0x8000b678 (0x03dc2403) lw      s0, 61(s8)
core   0: 3 0x8000b678 (0x03dc2403) x 8 0x88898a8b mem 0x800152d0
core   0: 0x8000b67c (0x016cabb3) slt     s7, s9, s6
core   0: 3 0x8000b67c (0x016cabb3) x23 0x00000001
core   0: 0x8000b680 (0x0ff0000f) fence   iorw,iorw
core   0: 3 0x8000b680 (0x0ff0000f)
core   0: 0x8000b684 (0x0000100f) fence.i
core   0: 3 0x8000b684 (0x0000100f)
core   0: 0x8000b688 (0x002c17a3) sh      sp, 15(s8)
core   0: 3 0x8000b688 (0x002c17a3) mem 0x800152a2 0xece4
core   0: 0x8000b68c (0x01cf9893) slli    a7, t6, 28
core   0: 3 0x8000b68c (0x01cf9893) x17 0x00000000
core   0: 0x8000b690 (0x40fb5833) sra     a6, s6, a5
core   0: 3 0x8000b690 (0x40fb5833) x16 0x00000000
core   0: 0x8000b694 (0x01dc4803) lbu     a6, 29(s8)
core   0: 3 0x8000b694 (0x01dc4803) x16 0x0000006b mem 0x800152b0
core   0: 0x8000b698 (0x012c0c23) sb      s2, 24(s8)
core   0: 3 0x8000b698 (0x012c0c23) mem 0x800152ab 0x3
core   0: 0x8000b69c (0x37d5f893) andi    a7, a1, 893
core   0: 3 0x8000b69c (0x37d5f893) x17 0x00000000
core   0: 0x8000b6a0 (0xfecc0803) lb      a6, -20(s8)
core   0: 3 0x8000b6a0 (0xfecc0803) x16 0x00000034 mem 0x8001527f
core   0: 0x8000b6a4 (0xff5c0e03) lb      t3, -11(s8)
core   0: 3 0x8000b6a4 (0xff5c0e03) x28 0x00000043 mem 0x80015288
core   0: 0x8000b6a8 (0x003c5503) lhu     a0, 3(s8)
core   0: 3 0x8000b6a8 (0x003c5503) x10 0x0000b54d mem 0x80015296
core   0: 0x8000b6ac (0x0126a833) slt     a6, a3, s2
core   0: 3 0x8000b6ac (0x0126a833) x16 0x00000000
core   0: 0x8000b6b0 (0x4032d933) sra     s2, t0, gp
core   0: 3 0x8000b6b0 (0x4032d933) x18 0x00ec0000
core   0: 0x8000b6b4 (0x03ec4003) lbu     zero, 62(s8)
core   0: 3 0x8000b6b4 (0x03ec4003) mem 0x800152d1
core   0: 0x8000b6b8 (0x0000100f) fence.i
core   0: 3 0x8000b6b8 (0x0000100f)
core   0: 0x8000b6bc (0x003d4433) xor     s0, s10, gp
core   0: 3 0x8000b6bc (0x003d4433) x 8 0xb839003f
core   0: 0x8000b6c0 (0x41545293) srai    t0, s0, 21
core   0: 3 0x8000b6c0 (0x41545293) x 5 0xfffffdc1
core   0: 0x8000b6c4 (0xa65a4213) xori    tp, s4, -1435
core   0: 3 0x8000b6c4 (0xa65a4213) x 4 0xffffa23c
core   0: 0x8000b6c8 (0xffdc08a3) sb      t4, -15(s8)
core   0: 3 0x8000b6c8 (0xffdc08a3) mem 0x80015284 0x3b
core   0: 0x8000b6cc (0x419cd8b3) sra     a7, s9, s9
core   0: 3 0x8000b6cc (0x419cd8b3) x17 0xfffe0005
core   0: 0x8000b6d0 (0x003c0d23) sb      gp, 26(s8)
core   0: 3 0x8000b6d0 (0x003c0d23) mem 0x800152ad 0x0
core   0: 0x8000b6d4 (0x406fd193) srai    gp, t6, 6
core   0: 3 0x8000b6d4 (0x406fd193) x 3 0x00000000
core   0: 0x8000b6d8 (0x00000013) nop
core   0: 3 0x8000b6d8 (0x00000013)
core   0: 0x8000b6dc (0xfcec0023) sb      a4, -64(s8)
core   0: 3 0x8000b6dc (0xfcec0023) mem 0x80015253 0x0
core   0: 0x8000b6e0 (0x00337493) andi    s1, t1, 3
core   0: 3 0x8000b6e0 (0x00337493) x 9 0x00000001
core   0: 0x8000b6e4 (0x02fc4f83) lbu     t6, 47(s8)
core   0: 3 0x8000b6e4 (0x02fc4f83) x31 0x00000079 mem 0x800152c2
core   0: 0x8000b6e8 (0x0000af97) auipc   t6, 0xa
core   0: 3 0x8000b6e8 (0x0000af97) x31 0x800156e8
core   0: 0x8000b6ec (0xe93f8f93) addi    t6, t6, -365
core   0: 3 0x8000b6ec (0xe93f8f93) x31 0x8001557b
core   0: 0x8000b6f0 (0xfe3f8003) lb      zero, -29(t6)
core   0: 3 0x8000b6f0 (0xfe3f8003) mem 0x8001555e
core   0: 0x8000b6f4 (0xfe7fc503) lbu     a0, -25(t6)
core   0: 3 0x8000b6f4 (0xfe7fc503) x10 0x00000000 mem 0x80015562
core   0: 0x8000b6f8 (0x482e3513) sltiu   a0, t3, 1154
core   0: 3 0x8000b6f8 (0x482e3513) x10 0x00000001
core   0: 0x8000b6fc (0xfd7f8023) sb      s7, -64(t6)
core   0: 3 0x8000b6fc (0xfd7f8023) mem 0x8001553b 0x1
core   0: 0x8000b700 (0xfc0f8d03) lb      s10, -64(t6)
core   0: 3 0x8000b700 (0xfc0f8d03) x26 0x00000001 mem 0x8001553b
core   0: 0x8000b704 (0xfc0f8903) lb      s2, -64(t6)
core   0: 3 0x8000b704 (0xfc0f8903) x18 0x00000001 mem 0x8001553b
core   0: 0x8000b708 (0x00a74eb3) xor     t4, a4, a0
core   0: 3 0x8000b708 (0x00a74eb3) x29 0x00000001
core   0: 0x8000b70c (0x00766233) or      tp, a2, t2
core   0: 3 0x8000b70c (0x00766233) x 4 0x8002ae65
core   0: 0x8000b710 (0xffbf8183) lb      gp, -5(t6)
core   0: 3 0x8000b710 (0xffbf8183) x 3 0x0000002d mem 0x80015576
core   0: 0x8000b714 (0xffbfc303) lbu     t1, -5(t6)
core   0: 3 0x8000b714 (0xffbfc303) x 6 0x0000002d mem 0x80015576
core   0: 0x8000b718 (0xffbfd283) lhu     t0, -5(t6)
core   0: 3 0x8000b718 (0xffbfd283) x 5 0x00002c2d mem 0x80015576
core   0: 0x8000b71c (0xffbfd483) lhu     s1, -5(t6)
core   0: 3 0x8000b71c (0xffbfd483) x 9 0x00002c2d mem 0x80015576
core   0: 0x8000b720 (0x01b4d833) srl     a6, s1, s11
core   0: 3 0x8000b720 (0x01b4d833) x16 0x00001616
core   0: 0x8000b724 (0xfc8f8d03) lb      s10, -56(t6)
core   0: 3 0x8000b724 (0xfc8f8d03) x26 0xffffffe0 mem 0x80015543
core   0: 0x8000b728 (0xfc8fc903) lbu     s2, -56(t6)
core   0: 3 0x8000b728 (0xfc8fc903) x18 0x000000e0 mem 0x80015543
core   0: 0x8000b72c (0xfc8fc883) lbu     a7, -56(t6)
core   0: 3 0x8000b72c (0xfc8fc883) x17 0x000000e0 mem 0x80015543
core   0: 0x8000b730 (0xfd0f8e03) lb      t3, -48(t6)
core   0: 3 0x8000b730 (0xfd0f8e03) x28 0x00000000 mem 0x8001554b
core   0: 0x8000b734 (0x41cb5533) sra     a0, s6, t3
core   0: 3 0x8000b734 (0x41cb5533) x10 0x00000000
core   0: 0x8000b738 (0xfd0f8e83) lb      t4, -48(t6)
core   0: 3 0x8000b738 (0xfd0f8e83) x29 0x00000000 mem 0x8001554b
core   0: 0x8000b73c (0x01d9e033) or      zero, s3, t4
core   0: 3 0x8000b73c (0x01d9e033)
core   0: 0x8000b740 (0xfd0fc703) lbu     a4, -48(t6)
core   0: 3 0x8000b740 (0xfd0fc703) x14 0x00000000 mem 0x8001554b
core   0: 0x8000b744 (0xfd0fce83) lbu     t4, -48(t6)
core   0: 3 0x8000b744 (0xfd0fce83) x29 0x00000000 mem 0x8001554b
core   0: 0x8000b748 (0xfd0fc683) lbu     a3, -48(t6)
core   0: 3 0x8000b748 (0xfd0fc683) x13 0x00000000 mem 0x8001554b
core   0: 0x8000b74c (0x036f9ca3) sh      s6, 57(t6)
core   0: 3 0x8000b74c (0x036f9ca3) mem 0x800155b4 0x0000
core   0: 0x8000b750 (0x020f8ca3) sb      zero, 57(t6)
core   0: 3 0x8000b750 (0x020f8ca3) mem 0x800155b4 0x0
core   0: 0x8000b754 (0x02af9ca3) sh      a0, 57(t6)
core   0: 3 0x8000b754 (0x02af9ca3) mem 0x800155b4 0x0000
core   0: 0x8000b758 (0x0000a417) auipc   s0, 0xa
core   0: 3 0x8000b758 (0x0000a417) x 8 0x80015758
core   0: 0x8000b75c (0x24e40413) addi    s0, s0, 590
core   0: 3 0x8000b75c (0x24e40413) x 8 0x800159a6
core   0: 0x8000b760 (0xe6a40703) lb      a4, -406(s0)
core   0: 3 0x8000b760 (0xe6a40703) x14 0xffffffcd mem 0x80015810
core   0: 0x8000b764 (0x25941c23) sh      s9, 600(s0)
core   0: 3 0x8000b764 (0x25941c23) mem 0x80015bfe 0x544e
core   0: 0x8000b768 (0x26d44703) lbu     a4, 621(s0)
core   0: 3 0x8000b768 (0x26d44703) x14 0x00000000 mem 0x80015c13
core   0: 0x8000b76c (0xe5144c83) lbu     s9, -431(s0)
core   0: 3 0x8000b76c (0xe5144c83) x25 0x00000038 mem 0x800157f7
core   0: 0x8000b770 (0xe5144e03) lbu     t3, -431(s0)
core   0: 3 0x8000b770 (0xe5144e03) x28 0x00000038 mem 0x800157f7
core   0: 0x8000b774 (0xcef3beb7) lui     t4, 0xcef3b
core   0: 3 0x8000b774 (0xcef3beb7) x29 0xcef3b000
core   0: 0x8000b778 (0x11441483) lh      s1, 276(s0)
core   0: 3 0x8000b778 (0x11441483) x 9 0x00007071 mem 0x80015aba
core   0: 0x8000b77c (0x1e544a83) lbu     s5, 485(s0)
core   0: 3 0x8000b77c (0x1e544a83) x21 0x00000040 mem 0x80015b8b
core   0: 0x8000b780 (0x003ede33) srl     t3, t4, gp
core   0: 3 0x8000b780 (0x003ede33) x28 0x0006779d
core   0: 0x8000b784 (0x39845f83) lhu     t6, 920(s0)
core   0: 3 0x8000b784 (0x39845f83) x31 0x0000f4f5 mem 0x80015d3e
core   0: 0x8000b788 (0x00de0f33) add     t5, t3, a3
core   0: 3 0x8000b788 (0x00de0f33) x30 0x0006779d
core   0: 0x8000b78c (0x22440d23) sb      tp, 570(s0)
core   0: 3 0x8000b78c (0x22440d23) mem 0x80015be0 0x65
core   0: 0x8000b790 (0x92141923) sh      ra, -1742(s0)
core   0: 3 0x8000b790 (0x92141923) mem 0x800152d8 0x0000
core   0: 0x8000b794 (0x93841923) sh      s8, -1742(s0)
core   0: 3 0x8000b794 (0x93841923) mem 0x800152d8 0x5293
core   0: 0x8000b798 (0x93240503) lb      a0, -1742(s0)
core   0: 3 0x8000b798 (0x93240503) x10 0xffffff93 mem 0x800152d8
core   0: 0x8000b79c (0x28f40803) lb      a6, 655(s0)
core   0: 3 0x8000b79c (0x28f40803) x16 0xffffffee mem 0x80015c35
core   0: 0x8000b7a0 (0x28f44183) lbu     gp, 655(s0)
core   0: 3 0x8000b7a0 (0x28f44183) x 3 0x000000ee mem 0x80015c35
core   0: 0x8000b7a4 (0xbb041f03) lh      t5, -1104(s0)
core   0: 3 0x8000b7a4 (0xbb041f03) x30 0x00000c0d mem 0x80015556
core   0: 0x8000b7a8 (0xa1070193) addi    gp, a4, -1520
core   0: 3 0x8000b7a8 (0xa1070193) x 3 0xfffffa10
core   0: 0x8000b7ac (0xfc641b03) lh      s6, -58(s0)
core   0: 3 0x8000b7ac (0xfc641b03) x22 0x000030cd mem 0x8001596c
core   0: 0x8000b7b0 (0x9ae40ba3) sb      a4, -1609(s0)
core   0: 3 0x8000b7b0 (0x9ae40ba3) mem 0x8001535d 0x0
core   0: 0x8000b7b4 (0x0000ae97) auipc   t4, 0xa
core   0: 3 0x8000b7b4 (0x0000ae97) x29 0x800157b4
core   0: 0x8000b7b8 (0xe76e8e93) addi    t4, t4, -394
core   0: 3 0x8000b7b8 (0xe76e8e93) x29 0x8001562a
core   0: 0x8000b7bc (0xc59ece03) lbu     t3, -935(t4)
core   0: 3 0x8000b7bc (0xc59ece03) x28 0x00000000 mem 0x80015283
core   0: 0x8000b7c0 (0x01dbd393) srli    t2, s7, 29
core   0: 3 0x8000b7c0 (0x01dbd393) x 7 0x00000000
core   0: 0x8000b7c4 (0x0057b933) sltu    s2, a5, t0
core   0: 3 0x8000b7c4 (0x0057b933) x18 0x00000001
core   0: 0x8000b7c8 (0x01890033) add     zero, s2, s8
core   0: 3 0x8000b7c8 (0x01890033)
core   0: 0x8000b7cc (0x4983e693) ori     a3, t2, 1176
core   0: 3 0x8000b7cc (0x4983e693) x13 0x00000498
core   0: 0x8000b7d0 (0xe33f7913) andi    s2, t5, -461
core   0: 3 0x8000b7d0 (0xe33f7913) x18 0x00000c01
core   0: 0x8000b7d4 (0x38eed703) lhu     a4, 910(t4)
core   0: 3 0x8000b7d4 (0x38eed703) x14 0x00007273 mem 0x800159b8
core   0: 0x8000b7d8 (0x1f5e89a3) sb      s5, 499(t4)
core   0: 3 0x8000b7d8 (0x1f5e89a3) mem 0x8001581d 0x40
core   0: 0x8000b7dc (0x00441313) slli    t1, s0, 4
core   0: 3 0x8000b7dc (0x00441313) x 6 0x00159a60
core   0: 0x8000b7e0 (0xab017413) andi    s0, sp, -1360
core   0: 3 0x8000b7e0 (0xab017413) x 8 0x8002e8a0
core   0: 0x8000b7e4 (0x0000100f) fence.i
core   0: 3 0x8000b7e4 (0x0000100f)
core   0: 0x8000b7e8 (0xb4dec183) lbu     gp, -1203(t4)
core   0: 3 0x8000b7e8 (0xb4dec183) x 3 0x00000000 mem 0x80015177
core   0: 0x8000b7ec (0x01ef39b3) sltu    s3, t5, t5
core   0: 3 0x8000b7ec (0x01ef39b3) x19 0x00000000
core   0: 0x8000b7f0 (0x405259b3) sra     s3, tp, t0
core   0: 3 0x8000b7f0 (0x405259b3) x19 0xfffc0015
core   0: 0x8000b7f4 (0x7f3e8283) lb      t0, 2035(t4)
core   0: 3 0x8000b7f4 (0x7f3e8283) x 5 0x00000000 mem 0x80015e1d
core   0: 0x8000b7f8 (0x01e21a93) slli    s5, tp, 30
core   0: 3 0x8000b7f8 (0x01e21a93) x21 0x40000000
core   0: 0x8000b7fc (0x0120d093) srli    ra, ra, 18
core   0: 3 0x8000b7fc (0x0120d093) x 1 0x00000000
core   0: 0x8000b800 (0xf21ec503) lbu     a0, -223(t4)
core   0: 3 0x8000b800 (0xf21ec503) x10 0x00000000 mem 0x8001554b
core   0: 0x8000b804 (0xbfaea683) lw      a3, -1030(t4)
core   0: 3 0x8000b804 (0xbfaea683) x13 0xdcdddedf mem 0x80015224
core   0: 0x8000b808 (0x3f7e9223) sh      s7, 996(t4)
core   0: 3 0x8000b808 (0x3f7e9223) mem 0x80015a0e 0x0001
core   0: 0x8000b80c (0x0000100f) fence.i
core   0: 3 0x8000b80c (0x0000100f)
core   0: 0x8000b810 (0x43de8f83) lb      t6, 1085(t4)
core   0: 3 0x8000b810 (0x43de8f83) x31 0x0000007d mem 0x80015a67
core   0: 0x8000b814 (0x513c1017) auipc   zero, 0x513c1
core   0: 3 0x8000b814 (0x513c1017)
core   0: 0x8000b818 (0x00000013) nop
core   0: 3 0x8000b818 (0x00000013)
core   0: 0x8000b81c (0xc04e8883) lb      a7, -1020(t4)
core   0: 3 0x8000b81c (0xc04e8883) x17 0xffffff85 mem 0x8001522e
core   0: 0x8000b820 (0x0062f533) and     a0, t0, t1
core   0: 3 0x8000b820 (0x0062f533) x10 0x00000000
core   0: 0x8000b824 (0x4bf1c513) xori    a0, gp, 1215
core   0: 3 0x8000b824 (0x4bf1c513) x10 0x000004bf
core   0: 0x8000b828 (0xf0ce81a3) sb      a2, -253(t4)
core   0: 3 0x8000b828 (0xf0ce81a3) mem 0x8001552d 0x4
core   0: 0x8000b82c (0x412286b3) sub     a3, t0, s2
core   0: 3 0x8000b82c (0x412286b3) x13 0xfffff3ff
core   0: 0x8000b830 (0x001802b3) add     t0, a6, ra
core   0: 3 0x8000b830 (0x001802b3) x 5 0xffffffee
core   0: 0x8000b834 (0x00acdcb3) srl     s9, s9, a0
core   0: 3 0x8000b834 (0x00acdcb3) x25 0x00000000
core   0: 0x8000b838 (0x489e8ca3) sb      s1, 1177(t4)
core   0: 3 0x8000b838 (0x489e8ca3) mem 0x80015ac3 0x71
core   0: 0x8000b83c (0x3de70b13) addi    s6, a4, 990
core   0: 3 0x8000b83c (0x3de70b13) x22 0x00007651
core   0: 0x8000b840 (0xfd1ec483) lbu     s1, -47(t4)
core   0: 3 0x8000b840 (0xfd1ec483) x 9 0x000000ef mem 0x800155fb
core   0: 0x8000b844 (0x0107d293) srli    t0, a5, 16
core   0: 3 0x8000b844 (0x0107d293) x 5 0x00000000
core   0: 0x8000b848 (0xe70e8123) sb      a6, -414(t4)
core   0: 3 0x8000b848 (0xe70e8123) mem 0x8001548c 0xee
core   0: 0x8000b84c (0xb5cec783) lbu     a5, -1188(t4)
core   0: 3 0x8000b84c (0xb5cec783) x15 0x0000003d mem 0x80015186
core   0: 0x8000b850 (0x1d5c4793) xori    a5, s8, 469
core   0: 3 0x8000b850 (0x1d5c4793) x15 0x80015346
core   0: 0x8000b854 (0x5f5e8503) lb      a0, 1525(t4)
core   0: 3 0x8000b854 (0x5f5e8503) x10 0xffffffd4 mem 0x80015c1f
core   0: 0x8000b858 (0x0f5e9323) sh      s5, 230(t4)
core   0: 3 0x8000b858 (0x0f5e9323) mem 0x80015710 0x0000
core   0: 0x8000b85c (0x416087b3) sub     a5, ra, s6
core   0: 3 0x8000b85c (0x416087b3) x15 0xffff89af
core   0: 0x8000b860 (0x7d7e8b83) lb      s7, 2007(t4)
core   0: 3 0x8000b860 (0x7d7e8b83) x23 0x00000020 mem 0x80015e01
core   0: 0x8000b864 (0x0000a097) auipc   ra, 0xa
core   0: 3 0x8000b864 (0x0000a097) x 1 0x80015864
core   0: 0x8000b868 (0x85708093) addi    ra, ra, -1961
core   0: 3 0x8000b868 (0x85708093) x 1 0x800150bb
core   0: 0x8000b86c (0xffe0c803) lbu     a6, -2(ra)
core   0: 3 0x8000b86c (0xffe0c803) x16 0x00000000 mem 0x800150b9
core   0: 0x8000b870 (0x01cbbbb3) sltu    s7, s7, t3
core   0: 3 0x8000b870 (0x01cbbbb3) x23 0x00000000
core   0: 0x8000b874 (0xff808f23) sb      s8, -2(ra)
core   0: 3 0x8000b874 (0xff808f23) mem 0x800150b9 0x93
core   0: 0x8000b878 (0xffe0ce03) lbu     t3, -2(ra)
core   0: 3 0x8000b878 (0xffe0ce03) x28 0x00000093 mem 0x800150b9
core   0: 0x8000b87c (0x00b3d813) srli    a6, t2, 11
core   0: 3 0x8000b87c (0x00b3d813) x16 0x00000000
core   0: 0x8000b880 (0xfe008f23) sb      zero, -2(ra)
core   0: 3 0x8000b880 (0xfe008f23) mem 0x800150b9 0x0
core   0: 0x8000b884 (0xffe08383) lb      t2, -2(ra)
core   0: 3 0x8000b884 (0xffe08383) x 7 0x00000000 mem 0x800150b9
core   0: 0x8000b888 (0x6ba38237) lui     tp, 0x6ba38
core   0: 3 0x8000b888 (0x6ba38237) x 4 0x6ba38000
core   0: 0x8000b88c (0x008bfa33) and     s4, s7, s0
core   0: 3 0x8000b88c (0x008bfa33) x20 0x00000000
core   0: 0x8000b890 (0x0154cc33) xor     s8, s1, s5
core   0: 3 0x8000b890 (0x0154cc33) x24 0x400000ef
core   0: 0x8000b894 (0xffe08703) lb      a4, -2(ra)
core   0: 3 0x8000b894 (0xffe08703) x14 0x00000000 mem 0x800150b9
core   0: 0x8000b898 (0xf8af2993) slti    s3, t5, -118
core   0: 3 0x8000b898 (0xf8af2993) x19 0x00000000
core   0: 0x8000b89c (0xff308f23) sb      s3, -2(ra)
core   0: 3 0x8000b89c (0xff308f23) mem 0x800150b9 0x0
core   0: 0x8000b8a0 (0xffe0c283) lbu     t0, -2(ra)
core   0: 3 0x8000b8a0 (0xffe0c283) x 5 0x00000000 mem 0x800150b9
core   0: 0x8000b8a4 (0xff108f23) sb      a7, -2(ra)
core   0: 3 0x8000b8a4 (0xff108f23) mem 0x800150b9 0x85
core   0: 0x8000b8a8 (0x4173dab3) sra     s5, t2, s7
core   0: 3 0x8000b8a8 (0x4173dab3) x21 0x00000000
core   0: 0x8000b8ac (0xffe0c403) lbu     s0, -2(ra)
core   0: 3 0x8000b8ac (0xffe0c403) x 8 0x00000085 mem 0x800150b9
core   0: 0x8000b8b0 (0xffe0c283) lbu     t0, -2(ra)
core   0: 3 0x8000b8b0 (0xffe0c283) x 5 0x00000085 mem 0x800150b9
core   0: 0x8000b8b4 (0xffe08783) lb      a5, -2(ra)
core   0: 3 0x8000b8b4 (0xffe08783) x15 0xffffff85 mem 0x800150b9
core   0: 0x8000b8b8 (0xfeb08f23) sb      a1, -2(ra)
core   0: 3 0x8000b8b8 (0xfeb08f23) mem 0x800150b9 0x0
core   0: 0x8000b8bc (0x0000a697) auipc   a3, 0xa
core   0: 3 0x8000b8bc (0x0000a697) x13 0x800158bc
core   0: 0x8000b8c0 (0x3f068693) addi    a3, a3, 1008
core   0: 3 0x8000b8c0 (0x3f068693) x13 0x80015cac
core   0: 0x8000b8c4 (0x90168903) lb      s2, -1791(a3)
core   0: 3 0x8000b8c4 (0x90168903) x18 0x00000066 mem 0x800155ad
core   0: 0x8000b8c8 (0x89968903) lb      s2, -1895(a3)
core   0: 3 0x8000b8c8 (0x89968903) x18 0xfffffffe mem 0x80015545
core   0: 0x8000b8cc (0x01868323) sb      s8, 6(a3)
core   0: 3 0x8000b8cc (0x01868323) mem 0x80015cb2 0xef
core   0: 0x8000b8d0 (0x08d68ba3) sb      a3, 151(a3)
core   0: 3 0x8000b8d0 (0x08d68ba3) mem 0x80015d43 0xac
core   0: 0x8000b8d4 (0xb7e6cc83) lbu     s9, -1154(a3)
core   0: 3 0x8000b8d4 (0xb7e6cc83) x25 0x00000000 mem 0x8001582a
core   0: 0x8000b8d8 (0xc2f68ea3) sb      a5, -963(a3)
core   0: 3 0x8000b8d8 (0xc2f68ea3) mem 0x800158e9 0x85
core   0: 0x8000b8dc (0x007eb933) sltu    s2, t4, t2
core   0: 3 0x8000b8dc (0x007eb933) x18 0x00000000
core   0: 0x8000b8e0 (0x00711c33) sll     s8, sp, t2
core   0: 3 0x8000b8e0 (0x00711c33) x24 0x8002ece4
core   0: 0x8000b8e4 (0x013bd1b3) srl     gp, s7, s3
core   0: 3 0x8000b8e4 (0x013bd1b3) x 3 0x00000000
core   0: 0x8000b8e8 (0x01fdf1b3) and     gp, s11, t6
core   0: 3 0x8000b8e8 (0x01fdf1b3) x 3 0x00000001
core   0: 0x8000b8ec (0x4a9ebb93) sltiu   s7, t4, 1193
core   0: 3 0x8000b8ec (0x4a9ebb93) x23 0x00000000
core   0: 0x8000b8f0 (0x82d6c183) lbu     gp, -2003(a3)
core   0: 3 0x8000b8f0 (0x82d6c183) x 3 0x00000092 mem 0x800154d9
core   0: 0x8000b8f4 (0x86d68aa3) sb      a3, -1931(a3)
core   0: 3 0x8000b8f4 (0x86d68aa3) mem 0x80015521 0xac
core   0: 0x8000b8f8 (0xb2d69b23) sh      a3, -1226(a3)
core   0: 3 0x8000b8f8 (0xb2d69b23) mem 0x800157e2 0x5cac
core   0: 0x8000b8fc (0x13568a83) lb      s5, 309(a3)
core   0: 3 0x8000b8fc (0x13568a83) x21 0x00000001 mem 0x80015de1
core   0: 0x8000b900 (0x92368c83) lb      s9, -1757(a3)
core   0: 3 0x8000b900 (0x92368c83) x25 0xffffff84 mem 0x800155cf
core   0: 0x8000b904 (0x413dd893) srai    a7, s11, 19
core   0: 3 0x8000b904 (0x413dd893) x17 0x00000000
core   0: 0x8000b908 (0xa4c6ae03) lw      t3, -1460(a3)
core   0: 3 0x8000b908 (0xa4c6ae03) x28 0xb0b1b200 mem 0x800156f8
core   0: 0x8000b90c (0xc8e6de03) lhu     t3, -882(a3)
core   0: 3 0x8000b90c (0xc8e6de03) x28 0x0000f0f1 mem 0x8001593a
core   0: 0x8000b910 (0xa4f68183) lb      gp, -1457(a3)
core   0: 3 0x8000b910 (0xa4f68183) x 3 0xffffffb0 mem 0x800156fb
core   0: 0x8000b914 (0x00000013) nop
core   0: 3 0x8000b914 (0x00000013)
core   0: 0x8000b918 (0x40e20b33) sub     s6, tp, a4
core   0: 3 0x8000b918 (0x40e20b33) x22 0x6ba38000
core   0: 0x8000b91c (0xc3b68c03) lb      s8, -965(a3)
core   0: 3 0x8000b91c (0xc3b68c03) x24 0xffffff9c mem 0x800158e7
core   0: 0x8000b920 (0x7390d2b7) lui     t0, 0x7390d
core   0: 3 0x8000b920 (0x7390d2b7) x 5 0x7390d000
core   0: 0x8000b924 (0x24e68d83) lb      s11, 590(a3)
core   0: 3 0x8000b924 (0x24e68d83) x27 0x00000000 mem 0x80015efa
core   0: 0x8000b928 (0x03368023) sb      s3, 32(a3)
core   0: 3 0x8000b928 (0x03368023) mem 0x80015ccc 0x0
core   0: 0x8000b92c (0xf7769823) sh      s7, -144(a3)
core   0: 3 0x8000b92c (0xf7769823) mem 0x80015c1c 0x0000
core   0: 0x8000b930 (0xee16ca83) lbu     s5, -287(a3)
core   0: 3 0x8000b930 (0xee16ca83) x21 0x00000046 mem 0x80015b8d
core   0: 0x8000b934 (0xa2269383) lh      t2, -1502(a3)
core   0: 3 0x8000b934 (0xa2269383) x 7 0xffff8400 mem 0x800156ce
core   0: 0x8000b938 (0x40b807b3) sub     a5, a6, a1
core   0: 3 0x8000b938 (0x40b807b3) x15 0x80000000
core   0: 0x8000b93c (0xcfe68283) lb      t0, -770(a3)
core   0: 3 0x8000b93c (0xcfe68283) x 5 0x00000050 mem 0x800159aa
core   0: 0x8000b940 (0x26c69983) lh      s3, 620(a3)
core   0: 3 0x8000b940 (0x26c69983) x19 0xffffd2d3 mem 0x80015f18
core   0: 0x8000b944 (0x0936c083) lbu     ra, 147(a3)
core   0: 3 0x8000b944 (0x0936c083) x 1 0x000000f4 mem 0x80015d3f
core   0: 0x8000b948 (0xc8d6c783) lbu     a5, -883(a3)
core   0: 3 0x8000b948 (0xc8d6c783) x15 0x00000000 mem 0x80015939
core   0: 0x8000b94c (0xed86a983) lw      s3, -296(a3)
core   0: 3 0x8000b94c (0xed86a983) x19 0x3c3d3e3f mem 0x80015b84
core   0: 0x8000b950 (0x0ff0000f) fence   iorw,iorw
core   0: 3 0x8000b950 (0x0ff0000f)
core   0: 0x8000b954 (0xf7068ba3) sb      a6, -137(a3)
core   0: 3 0x8000b954 (0xf7068ba3) mem 0x80015c23 0x0
core   0: 0x8000b958 (0x0000ab97) auipc   s7, 0xa
core   0: 3 0x8000b958 (0x0000ab97) x23 0x80015958
core   0: 0x8000b95c (0x109b8b93) addi    s7, s7, 265
core   0: 3 0x8000b95c (0x109b8b93) x23 0x80015a61
core   0: 0x8000b960 (0xca07b913) sltiu   s2, a5, -864
core   0: 3 0x8000b960 (0xca07b913) x18 0x00000001
core   0: 0x8000b964 (0x0efb8203) lb      tp, 239(s7)
core   0: 3 0x8000b964 (0x0efb8203) x 4 0x0000000b mem 0x80015b50
core   0: 0x8000b968 (0xf17b85a3) sb      s7, -245(s7)
core   0: 3 0x8000b968 (0xf17b85a3) mem 0x8001596c 0x61
core   0: 0x8000b96c (0x015d5b13) srli    s6, s10, 21
core   0: 3 0x8000b96c (0x015d5b13) x22 0x000007ff
core   0: 0x8000b970 (0x013b2f33) slt     t5, s6, s3
core   0: 3 0x8000b970 (0x013b2f33) x30 0x00000001
core   0: 0x8000b974 (0x01a55b13) srli    s6, a0, 26
core   0: 3 0x8000b974 (0x01a55b13) x22 0x0000003f
core   0: 0x8000b978 (0xf45b8703) lb      a4, -187(s7)
core   0: 3 0x8000b978 (0xf45b8703) x14 0x00000030 mem 0x800159a6
core   0: 0x8000b97c (0x00000013) nop
core   0: 3 0x8000b97c (0x00000013)
core   0: 0x8000b980 (0x08cbc803) lbu     a6, 140(s7)
core   0: 3 0x8000b980 (0x08cbc803) x16 0x00000000 mem 0x80015aed
core   0: 0x8000b984 (0x40b95293) srai    t0, s2, 11
core   0: 3 0x8000b984 (0x40b95293) x 5 0x00000000
core   0: 0x8000b988 (0x00011333) sll     t1, sp, zero
core   0: 3 0x8000b988 (0x00011333) x 6 0x8002ece4
core   0: 0x8000b98c (0x00a1f333) and     t1, gp, a0
core   0: 3 0x8000b98c (0x00a1f333) x 6 0xffffff90
core   0: 0x8000b990 (0xf5fb9083) lh      ra, -161(s7)
core   0: 3 0x8000b990 (0xf5fb9083) x 1 0x00007a7b mem 0x800159c0
core   0: 0x8000b994 (0x080b81a3) sb      zero, 131(s7)
core   0: 3 0x8000b994 (0x080b81a3) mem 0x80015ae4 0x0
core   0: 0x8000b998 (0xf59b9703) lh      a4, -167(s7)
core   0: 3 0x8000b998 (0xf59b9703) x14 0x00007071 mem 0x800159ba
core   0: 0x8000b99c (0x412b0833) sub     a6, s6, s2
core   0: 3 0x8000b99c (0x412b0833) x16 0x0000003e
core   0: 0x8000b9a0 (0xf83bd983) lhu     s3, -125(s7)
core   0: 3 0x8000b9a0 (0xf83bd983) x19 0x00009e9f mem 0x800159e4
core   0: 0x8000b9a4 (0xf3ab8e03) lb      t3, -198(s7)
core   0: 3 0x8000b9a4 (0xf3ab8e03) x28 0x00000050 mem 0x8001599b
core   0: 0x8000b9a8 (0x0d9b8483) lb      s1, 217(s7)
core   0: 3 0x8000b9a8 (0x0d9b8483) x 9 0xfffffff1 mem 0x80015b3a
core   0: 0x8000b9ac (0x414c57b3) sra     a5, s8, s4
core   0: 3 0x8000b9ac (0x414c57b3) x15 0xffffff9c
core   0: 0x8000b9b0 (0xf11b9183) lh      gp, -239(s7)
core   0: 3 0x8000b9b0 (0xf11b9183) x 3 0x00000055 mem 0x80015972
core   0: 0x8000b9b4 (0x030bce03) lbu     t3, 48(s7)
core   0: 3 0x8000b9b4 (0x030bce03) x28 0x0000004a mem 0x80015a91
core   0: 0x8000b9b8 (0xf33b8123) sb      s3, -222(s7)
core   0: 3 0x8000b9b8 (0xf33b8123) mem 0x80015983 0x9f
core   0: 0x8000b9bc (0xd398a217) auipc   tp, 0xd398a
core   0: 3 0x8000b9bc (0xd398a217) x 4 0x539959bc
core   0: 0x8000b9c0 (0x080bc983) lbu     s3, 128(s7)
core   0: 3 0x8000b9c0 (0x080bc983) x19 0x0000009a mem 0x80015ae1
core   0: 0x8000b9c4 (0x0e4b8403) lb      s0, 228(s7)
core   0: 3 0x8000b9c4 (0x0e4b8403) x 8 0xfffffffe mem 0x80015b45
core   0: 0x8000b9c8 (0x41675d93) srai    s11, a4, 22
core   0: 3 0x8000b9c8 (0x41675d93) x27 0x00000000
core   0: 0x8000b9cc (0x09cb8703) lb      a4, 156(s7)
core   0: 3 0x8000b9cc (0x09cb8703) x14 0xffffffb6 mem 0x80015afd
core   0: 0x8000b9d0 (0x50d76793) ori     a5, a4, 1293
core   0: 3 0x8000b9d0 (0x50d76793) x15 0xffffffbf
core   0: 0x8000b9d4 (0x0187a533) slt     a0, a5, s8
core   0: 3 0x8000b9d4 (0x0187a533) x10 0x00000000
core   0: 0x8000b9d8 (0x0a2b98a3) sh      sp, 177(s7)
core   0: 3 0x8000b9d8 (0x0a2b98a3) mem 0x80015b12 0xece4
core   0: 0x8000b9dc (0x0098d1b3) srl     gp, a7, s1
core   0: 3 0x8000b9dc (0x0098d1b3) x 3 0x00000000
core   0: 0x8000b9e0 (0x405ed4b3) sra     s1, t4, t0
core   0: 3 0x8000b9e0 (0x405ed4b3) x 9 0x8001562a
core   0: 0x8000b9e4 (0x0f5bc403) lbu     s0, 245(s7)
core   0: 3 0x8000b9e4 (0x0f5bc403) x 8 0x0000000d mem 0x80015b56
core   0: 0x8000b9e8 (0x0c0ba7a3) sw      zero, 207(s7)
core   0: 3 0x8000b9e8 (0x0c0ba7a3) mem 0x80015b30 0x00000000
core   0: 0x8000b9ec (0x406b59b3) sra     s3, s6, t1
core   0: 3 0x8000b9ec (0x406b59b3) x19 0x00000000
core   0: 0x8000b9f0 (0xd1c73013) sltiu   zero, a4, -740
core   0: 3 0x8000b9f0 (0xd1c73013)
core   0: 0x8000b9f4 (0xfadb8223) sb      a3, -92(s7)
core   0: 3 0x8000b9f4 (0xfadb8223) mem 0x80015a05 0xac
core   0: 0x8000b9f8 (0x00f35f93) srli    t6, t1, 15
core   0: 3 0x8000b9f8 (0x00f35f93) x31 0x0001ffff
core   0: 0x8000b9fc (0xff9b9803) lh      a6, -7(s7)
core   0: 3 0x8000b9fc (0xff9b9803) x16 0x00000011 mem 0x80015a5a
core   0: 0x8000ba00 (0x00018897) auipc   a7, 0x18
core   0: 3 0x8000ba00 (0x00018897) x17 0x80023a00
core   0: 0x8000ba04 (0xc3188893) addi    a7, a7, -975
core   0: 3 0x8000ba04 (0xc3188893) x17 0x80023631
core   0: 0x8000ba08 (0x00988023) sb      s1, 0(a7)
core   0: 3 0x8000ba08 (0x00988023) mem 0x80023631 0x2a
core   0: 0x8000ba0c (0x8dff3e13) sltiu   t3, t5, -1825
core   0: 3 0x8000ba0c (0x8dff3e13) x28 0x00000001
core   0: 0x8000ba10 (0xff88c903) lbu     s2, -8(a7)
core   0: 3 0x8000ba10 (0xff88c903) x18 0x000000e2 mem 0x80023629
core   0: 0x8000ba14 (0x00339fb3) sll     t6, t2, gp
core   0: 3 0x8000ba14 (0x00339fb3) x31 0xffff8400
core   0: 0x8000ba18 (0xff18c483) lbu     s1, -15(a7)
core   0: 3 0x8000ba18 (0xff18c483) x 9 0x000000d9 mem 0x80023622
core   0: 0x8000ba1c (0xfe889ca3) sh      s0, -7(a7)
core   0: 3 0x8000ba1c (0xfe889ca3) mem 0x8002362a 0x000d
core   0: 0x8000ba20 (0xfef88b23) sb      a5, -10(a7)
core   0: 3 0x8000ba20 (0xfef88b23) mem 0x80023627 0xbf
core   0: 0x8000ba24 (0x00288823) sb      sp, 16(a7)
core   0: 3 0x8000ba24 (0x00288823) mem 0x80023641 0xe4
core   0: 0x8000ba28 (0x0000100f) fence.i
core   0: 3 0x8000ba28 (0x0000100f)
core   0: 0x8000ba2c (0x0008cc83) lbu     s9, 0(a7)
core   0: 3 0x8000ba2c (0x0008cc83) x25 0x0000002a mem 0x80023631
core   0: 0x8000ba30 (0x01609493) slli    s1, ra, 22
core   0: 3 0x8000ba30 (0x01609493) x 9 0x9ec00000
core   0: 0x8000ba34 (0xfe488fa3) sb      tp, -1(a7)
core   0: 3 0x8000ba34 (0xfe488fa3) mem 0x80023630 0xbc
core   0: 0x8000ba38 (0x646f8413) addi    s0, t6, 1606
core   0: 3 0x8000ba38 (0x646f8413) x 8 0xffff8a46
core   0: 0x8000ba3c (0x0057aab3) slt     s5, a5, t0
core   0: 3 0x8000ba3c (0x0057aab3) x21 0x00000001
core   0: 0x8000ba40 (0x0048c303) lbu     t1, 4(a7)
core   0: 3 0x8000ba40 (0x0048c303) x 6 0x000000ee mem 0x80023635
core   0: 0x8000ba44 (0x00088a83) lb      s5, 0(a7)
core   0: 3 0x8000ba44 (0x00088a83) x21 0x0000002a mem 0x80023631
core   0: 0x8000ba48 (0x01388823) sb      s3, 16(a7)
core   0: 3 0x8000ba48 (0x01388823) mem 0x80023641 0x0
core   0: 0x8000ba4c (0x0008c703) lbu     a4, 0(a7)
core   0: 3 0x8000ba4c (0x0008c703) x14 0x0000002a mem 0x80023631
core   0: 0x8000ba50 (0xfea898a3) sh      a0, -15(a7)
core   0: 3 0x8000ba50 (0xfea898a3) mem 0x80023622 0x0000
core   0: 0x8000ba54 (0x01e4afb3) slt     t6, s1, t5
core   0: 3 0x8000ba54 (0x01e4afb3) x31 0x00000001
core   0: 0x8000ba58 (0x0022a1b3) slt     gp, t0, sp
core   0: 3 0x8000ba58 (0x0022a1b3) x 3 0x00000000
core   0: 0x8000ba5c (0x01e8a1a3) sw      t5, 3(a7)
core   0: 3 0x8000ba5c (0x01e8a1a3) mem 0x80023634 0x00000001
core   0: 0x8000ba60 (0xfe388fa3) sb      gp, -1(a7)
core   0: 3 0x8000ba60 (0xfe388fa3) mem 0x80023630 0x0
core   0: 0x8000ba64 (0x01fbd193) srli    gp, s7, 31
core   0: 3 0x8000ba64 (0x01fbd193) x 3 0x00000001
core   0: 0x8000ba68 (0x0048c183) lbu     gp, 4(a7)
core   0: 3 0x8000ba68 (0x0048c183) x 3 0x00000000 mem 0x80023635
core   0: 0x8000ba6c (0x00688023) sb      t1, 0(a7)
core   0: 3 0x8000ba6c (0x00688023) mem 0x80023631 0xee
core   0: 0x8000ba70 (0x5c46f513) andi    a0, a3, 1476
core   0: 3 0x8000ba70 (0x5c46f513) x10 0x00000484
core   0: 0x8000ba74 (0x00b88703) lb      a4, 11(a7)
core   0: 3 0x8000ba74 (0x00b88703) x14 0xfffffff7 mem 0x8002363c
core   0: 0x8000ba78 (0x00f8cf03) lbu     t5, 15(a7)
core   0: 3 0x8000ba78 (0x00f8cf03) x30 0x000000fb mem 0x80023640
core   0: 0x8000ba7c (0x00c8cd03) lbu     s10, 12(a7)
core   0: 3 0x8000ba7c (0x00c8cd03) x26 0x000000f6 mem 0x8002363d
core   0: 0x8000ba80 (0x001432b3) sltu    t0, s0, ra
core   0: 3 0x8000ba80 (0x001432b3) x 5 0x00000000
core   0: 0x8000ba84 (0x00648c33) add     s8, s1, t1
core   0: 3 0x8000ba84 (0x00648c33) x24 0x9ec000ee
core   0: 0x8000ba88 (0xff38df83) lhu     t6, -13(a7)
core   0: 3 0x8000ba88 (0xff38df83) x31 0x0000dedf mem 0x80023624
core   0: 0x8000ba8c (0xff588003) lb      zero, -11(a7)
core   0: 3 0x8000ba8c (0xff588003) mem 0x80023626
core   0: 0x8000ba90 (0x40aad813) srai    a6, s5, 10
core   0: 3 0x8000ba90 (0x40aad813) x16 0x00000000
core   0: 0x8000ba94 (0xff78d803) lhu     a6, -9(a7)
core   0: 3 0x8000ba94 (0xff78d803) x16 0x0000e2e3 mem 0x80023628
core   0: 0x8000ba98 (0x00000013) nop
core   0: 3 0x8000ba98 (0x00000013)
core   0: 0x8000ba9c (0x000887a3) sb      zero, 15(a7)
core   0: 3 0x8000ba9c (0x000887a3) mem 0x80023640 0x0
core   0: 0x8000baa0 (0xfff88e83) lb      t4, -1(a7)
core   0: 3 0x8000baa0 (0xfff88e83) x29 0x00000000 mem 0x80023630
core   0: 0x8000baa4 (0xff18da83) lhu     s5, -15(a7)
core   0: 3 0x8000baa4 (0xff18da83) x21 0x00000000 mem 0x80023622
core   0: 0x8000baa8 (0x00d891a3) sh      a3, 3(a7)
core   0: 3 0x8000baa8 (0x00d891a3) mem 0x80023634 0x5cac
core   0: 0x8000baac (0xfff89aa3) sh      t6, -11(a7)
core   0: 3 0x8000baac (0xfff89aa3) mem 0x80023626 0xdedf
core   0: 0x8000bab0 (0xfff8d803) lhu     a6, -1(a7)
core   0: 3 0x8000bab0 (0xfff8d803) x16 0x0000ee00 mem 0x80023630
core   0: 0x8000bab4 (0x00009417) auipc   s0, 0x9
core   0: 3 0x8000bab4 (0x00009417) x 8 0x80014ab4
core   0: 0x8000bab8 (0x69040413) addi    s0, s0, 1680
core   0: 3 0x8000bab8 (0x69040413) x 8 0x80015144
core   0: 0x8000babc (0x6ec42a23) sw      a2, 1780(s0)
core   0: 3 0x8000babc (0x6ec42a23) mem 0x80015838 0x8002ae04
core   0: 0x8000bac0 (0x6e640a23) sb      t1, 1780(s0)
core   0: 3 0x8000bac0 (0x6e640a23) mem 0x80015838 0xee
core   0: 0x8000bac4 (0x2e841a03) lh      s4, 744(s0)
core   0: 3 0x8000bac4 (0x2e841a03) x20 0xffffe6e7 mem 0x8001542c
core   0: 0x8000bac8 (0x007a78b3) and     a7, s4, t2
core   0: 3 0x8000bac8 (0x007a78b3) x17 0xffff8400
core   0: 0x8000bacc (0x2fb41423) sh      s11, 744(s0)
core   0: 3 0x8000bacc (0x2fb41423) mem 0x8001542c 0x0000
core   0: 0x8000bad0 (0x2e845d83) lhu     s11, 744(s0)
core   0: 3 0x8000bad0 (0x2e845d83) x27 0x00000000 mem 0x8001542c
core   0: 0x8000bad4 (0x2e845903) lhu     s2, 744(s0)
core   0: 3 0x8000bad4 (0x2e845903) x18 0x00000000 mem 0x8001542c
core   0: 0x8000bad8 (0x2ef41423) sh      a5, 744(s0)
core   0: 3 0x8000bad8 (0x2ef41423) mem 0x8001542c 0xffbf
core   0: 0x8000badc (0x2ef40423) sb      a5, 744(s0)
core   0: 3 0x8000badc (0x2ef40423) mem 0x8001542c 0xbf
core   0: 0x8000bae0 (0x4c744883) lbu     a7, 1223(s0)
core   0: 3 0x8000bae0 (0x4c744883) x17 0x00000013 mem 0x8001560b
core   0: 0x8000bae4 (0x4c9403a3) sb      s1, 1223(s0)
core   0: 3 0x8000bae4 (0x4c9403a3) mem 0x8001560b 0x0
core   0: 0x8000bae8 (0x4c744d83) lbu     s11, 1223(s0)
core   0: 3 0x8000bae8 (0x4c744d83) x27 0x00000000 mem 0x8001560b
core   0: 0x8000baec (0x2db40283) lb      t0, 731(s0)
core   0: 3 0x8000baec (0x2db40283) x 5 0xffffffd4 mem 0x8001541f
core   0: 0x8000baf0 (0x2db40183) lb      gp, 731(s0)
core   0: 3 0x8000baf0 (0x2db40183) x 3 0xffffffd4 mem 0x8001541f
core   0: 0x8000baf4 (0x00013b97) auipc   s7, 0x13
core   0: 3 0x8000baf4 (0x00013b97) x23 0x8001eaf4
core   0: 0x8000baf8 (0x2c4b8b93) addi    s7, s7, 708
core   0: 3 0x8000baf8 (0x2c4b8b93) x23 0x8001edb8
core   0: 0x8000bafc (0xff6bc983) lbu     s3, -10(s7)
core   0: 3 0x8000bafc (0xff6bc983) x19 0x00000065 mem 0x8001edae
core   0: 0x8000bb00 (0x007f5f13) srli    t5, t5, 7
core   0: 3 0x8000bb00 (0x007f5f13) x30 0x00000001
core   0: 0x8000bb04 (0x002b9c83) lh      s9, 2(s7)
core   0: 3 0x8000bb04 (0x002b9c83) x25 0x00007071 mem 0x8001edba
core   0: 0x8000bb08 (0x0000100f) fence.i
core   0: 3 0x8000bb08 (0x0000100f)
core   0: 0x8000bb0c (0x008771b3) and     gp, a4, s0
core   0: 3 0x8000bb0c (0x008771b3) x 3 0x80015144
core   0: 0x8000bb10 (0x014b8323) sb      s4, 6(s7)
core   0: 3 0x8000bb10 (0x014b8323) mem 0x8001edbe 0xe7
core   0: 0x8000bb14 (0xfe4b8c23) sb      tp, -8(s7)
core   0: 3 0x8000bb14 (0xfe4b8c23) mem 0x8001edb0 0xbc
core   0: 0x8000bb18 (0x01bb9123) sh      s11, 2(s7)
core   0: 3 0x8000bb18 (0x01bb9123) mem 0x8001edba 0x0000
core   0: 0x8000bb1c (0x0ff0000f) fence   iorw,iorw
core   0: 3 0x8000bb1c (0x0ff0000f)
core   0: 0x8000bb20 (0xdd36deb7) lui     t4, 0xdd36d
core   0: 3 0x8000bb20 (0xdd36deb7) x29 0xdd36d000
core   0: 0x8000bb24 (0x000b9c03) lh      s8, 0(s7)
core   0: 3 0x8000bb24 (0x000b9c03) x24 0x00007273 mem 0x8001edb8
core   0: 0x8000bb28 (0x005a9693) slli    a3, s5, 5
core   0: 3 0x8000bb28 (0x005a9693) x13 0x00000000
core   0: 0x8000bb2c (0xff3b8483) lb      s1, -13(s7)
core   0: 3 0x8000bb2c (0xff3b8483) x 9 0x00000060 mem 0x8001edab
core   0: 0x8000bb30 (0x009b8e83) lb      t4, 9(s7)
core   0: 3 0x8000bb30 (0x009b8e83) x29 0x0000007a mem 0x8001edc1
core   0: 0x8000bb34 (0x5ca90db7) lui     s11, 0x5ca90
core   0: 3 0x8000bb34 (0x5ca90db7) x27 0x5ca90000
core   0: 0x8000bb38 (0xff7bc503) lbu     a0, -9(s7)
core   0: 3 0x8000bb38 (0xff7bc503) x10 0x00000064 mem 0x8001edaf
core   0: 0x8000bb3c (0xffcbd203) lhu     tp, -4(s7)
core   0: 3 0x8000bb3c (0xffcbd203) x 4 0x00006e6f mem 0x8001edb4
core   0: 0x8000bb40 (0x40f95833) sra     a6, s2, a5
core   0: 3 0x8000bb40 (0x40f95833) x16 0x00000000
core   0: 0x8000bb44 (0xffebd083) lhu     ra, -2(s7)
core   0: 3 0x8000bb44 (0xffebd083) x 1 0x00006c6d mem 0x8001edb6
core   0: 0x8000bb48 (0x0768e413) ori     s0, a7, 118
core   0: 3 0x8000bb48 (0x0768e413) x 8 0x00000077
core   0: 0x8000bb4c (0x010b9883) lh      a7, 16(s7)
core   0: 3 0x8000bb4c (0x010b9883) x17 0xffff8283 mem 0x8001edc8
core   0: 0x8000bb50 (0x10313097) auipc   ra, 0x10313
core   0: 3 0x8000bb50 (0x10313097) x 1 0x9031eb50
core   0: 0x8000bb54 (0x407d8a33) sub     s4, s11, t2
core   0: 3 0x8000bb54 (0x407d8a33) x20 0x5ca97c00
core   0: 0x8000bb58 (0x003b8183) lb      gp, 3(s7)
core   0: 3 0x8000bb58 (0x003b8183) x 3 0x00000000 mem 0x8001edbb
core   0: 0x8000bb5c (0x002bdd83) lhu     s11, 2(s7)
core   0: 3 0x8000bb5c (0x002bdd83) x27 0x00000000 mem 0x8001edba
core   0: 0x8000bb60 (0xed974a93) xori    s5, a4, -295
core   0: 3 0x8000bb60 (0xed974a93) x21 0x0000012e
core   0: 0x8000bb64 (0x00db8d83) lb      s11, 13(s7)
core   0: 3 0x8000bb64 (0x00db8d83) x27 0x0000007e mem 0x8001edc5
core   0: 0x8000bb68 (0xfffbcc83) lbu     s9, -1(s7)
core   0: 3 0x8000bb68 (0xfffbcc83) x25 0x0000006c mem 0x8001edb7
core   0: 0x8000bb6c (0x0000100f) fence.i
core   0: 3 0x8000bb6c (0x0000100f)
core   0: 0x8000bb70 (0x00bbca83) lbu     s5, 11(s7)
core   0: 3 0x8000bb70 (0x00bbca83) x21 0x00000078 mem 0x8001edc3
core   0: 0x8000bb74 (0x006b8903) lb      s2, 6(s7)
core   0: 3 0x8000bb74 (0x006b8903) x18 0xffffffe7 mem 0x8001edbe
core   0: 0x8000bb78 (0x00be80b3) add     ra, t4, a1
core   0: 3 0x8000bb78 (0x00be80b3) x 1 0x8000007a
core   0: 0x8000bb7c (0x003bcf03) lbu     t5, 3(s7)
core   0: 3 0x8000bb7c (0x003bcf03) x30 0x00000000 mem 0x8001edbb
core   0: 0x8000bb80 (0x009b8183) lb      gp, 9(s7)
core   0: 3 0x8000bb80 (0x009b8183) x 3 0x0000007a mem 0x8001edc1
core   0: 0x8000bb84 (0x010baf83) lw      t6, 16(s7)
core   0: 3 0x8000bb84 (0x010baf83) x31 0x80818283 mem 0x8001edc8
core   0: 0x8000bb88 (0xff2b9803) lh      a6, -14(s7)
core   0: 3 0x8000bb88 (0xff2b9803) x16 0x00006061 mem 0x8001edaa
core   0: 0x8000bb8c (0x001b8683) lb      a3, 1(s7)
core   0: 3 0x8000bb8c (0x001b8683) x13 0x00000072 mem 0x8001edb9
core   0: 0x8000bb90 (0x009638b3) sltu    a7, a2, s1
core   0: 3 0x8000bb90 (0x009638b3) x17 0x00000000
core   0: 0x8000bb94 (0x00e767b3) or      a5, a4, a4
core   0: 3 0x8000bb94 (0x00e767b3) x15 0xfffffff7
core   0: 0x8000bb98 (0x009b8b03) lb      s6, 9(s7)
core   0: 3 0x8000bb98 (0x009b8b03) x22 0x0000007a mem 0x8001edc1
core   0: 0x8000bb9c (0x001b9823) sh      ra, 16(s7)
core   0: 3 0x8000bb9c (0x001b9823) mem 0x8001edc8 0x007a
core   0: 0x8000bba0 (0x0000ae97) auipc   t4, 0xa
core   0: 3 0x8000bba0 (0x0000ae97) x29 0x80015ba0
core   0: 0x8000bba4 (0x431e8e93) addi    t4, t4, 1073
core   0: 3 0x8000bba4 (0x431e8e93) x29 0x80015fd1
core   0: 0x8000bba8 (0x02fed483) lhu     s1, 47(t4)
core   0: 3 0x8000bba8 (0x02fed483) x 9 0x0000babb mem 0x80016000
core   0: 0x8000bbac (0x00aec083) lbu     ra, 10(t4)
core   0: 3 0x8000bbac (0x00aec083) x 1 0x00000090 mem 0x80015fdb
core   0: 0x8000bbb0 (0x005e9383) lh      t2, 5(t4)
core   0: 3 0x8000bbb0 (0x005e9383) x 7 0xffff8c8d mem 0x80015fd6
core   0: 0x8000bbb4 (0xfcbe8a23) sb      a1, -44(t4)
core   0: 3 0x8000bbb4 (0xfcbe8a23) mem 0x80015fa5 0x0
core   0: 0x8000bbb8 (0xfd4e8283) lb      t0, -44(t4)
core   0: 3 0x8000bbb8 (0xfd4e8283) x 5 0x00000000 mem 0x80015fa5
core   0: 0x8000bbbc (0xfdce8a23) sb      t3, -44(t4)
core   0: 3 0x8000bbbc (0xfdce8a23) mem 0x80015fa5 0x1
core   0: 0x8000bbc0 (0xfcae8a23) sb      a0, -44(t4)
core   0: 3 0x8000bbc0 (0xfcae8a23) mem 0x80015fa5 0x64
core   0: 0x8000bbc4 (0x01115b33) srl     s6, sp, a7
core   0: 3 0x8000bbc4 (0x01115b33) x22 0x8002ece4
core   0: 0x8000bbc8 (0x004ec303) lbu     t1, 4(t4)
core   0: 3 0x8000bbc8 (0x004ec303) x 6 0x0000008e mem 0x80015fd5
core   0: 0x8000bbcc (0x038e89a3) sb      s8, 51(t4)
core   0: 3 0x8000bbcc (0x038e89a3) mem 0x80016004 0x73
core   0: 0x8000bbd0 (0x035ea7a3) sw      s5, 47(t4)
core   0: 3 0x8000bbd0 (0x035ea7a3) mem 0x80016000 0x00000078
core   0: 0x8000bbd4 (0x017ea683) lw      a3, 23(t4)
core   0: 3 0x8000bbd4 (0x017ea683) x13 0xa0a1a2a3 mem 0x80015fe8
core   0: 0x8000bbd8 (0x000923b3) slt     t2, s2, zero
core   0: 3 0x8000bbd8 (0x000923b3) x 7 0x00000001
core   0: 0x8000bbdc (0x35393413) sltiu   s0, s2, 851
core   0: 3 0x8000bbdc (0x35393413) x 8 0x00000000
core   0: 0x8000bbe0 (0x005e9ba3) sh      t0, 23(t4)
core   0: 3 0x8000bbe0 (0x005e9ba3) mem 0x80015fe8 0x0000
core   0: 0x8000bbe4 (0xfe3ecc83) lbu     s9, -29(t4)
core   0: 3 0x8000bbe4 (0xfe3ecc83) x25 0x0000006f mem 0x80015fb4
core   0: 0x8000bbe8 (0x00f39a33) sll     s4, t2, a5
core   0: 3 0x8000bbe8 (0x00f39a33) x20 0x00800000
core   0: 0x8000bbec (0xff8e81a3) sb      s8, -29(t4)
core   0: 3 0x8000bbec (0xff8e81a3) mem 0x80015fb4 0x73
core   0: 0x8000bbf0 (0xfe3ed503) lhu     a0, -29(t4)
core   0: 3 0x8000bbf0 (0xfe3ed503) x10 0x00006e73 mem 0x80015fb4
core   0: 0x8000bbf4 (0x005ed803) lhu     a6, 5(t4)
core   0: 3 0x8000bbf4 (0x005ed803) x16 0x00008c8d mem 0x80015fd6
core   0: 0x8000bbf8 (0x4beb3393) sltiu   t2, s6, 1214
core   0: 3 0x8000bbf8 (0x4beb3393) x 7 0x00000000
core   0: 0x8000bbfc (0x8c96cd37) lui     s10, 0x8c96c
core   0: 3 0x8000bbfc (0x8c96cd37) x26 0x8c96c000
core   0: 0x8000bc00 (0xff6e8523) sb      s6, -22(t4)
core   0: 3 0x8000bc00 (0xff6e8523) mem 0x80015fbb 0xe4
core   0: 0x8000bc04 (0x00eadb93) srli    s7, s5, 14
core   0: 3 0x8000bc04 (0x00eadb93) x23 0x00000000
core   0: 0x8000bc08 (0xff9e9a03) lh      s4, -7(t4)
core   0: 3 0x8000bc08 (0xff9e9a03) x20 0x00001d81 mem 0x80015fca
core   0: 0x8000bc0c (0xfcfedc03) lhu     s8, -49(t4)
core   0: 3 0x8000bc0c (0xfcfedc03) x24 0x00003e3f mem 0x80015fa0
core   0: 0x8000bc10 (0x0000a497) auipc   s1, 0xa
core   0: 3 0x8000bc10 (0x0000a497) x 9 0x80015c10
core   0: 0x8000bc14 (0xf3448493) addi    s1, s1, -204
core   0: 3 0x8000bc14 (0xf3448493) x 9 0x80015b44
core   0: 0x8000bc18 (0x40268233) sub     tp, a3, sp
core   0: 3 0x8000bc18 (0x40268233) x 4 0x209eb5bf
core   0: 0x8000bc1c (0x0bf48e03) lb      t3, 191(s1)
core   0: 3 0x8000bc1c (0x0bf48e03) x28 0xffffffb8 mem 0x80015c03
core   0: 0x8000bc20 (0x03248ca3) sb      s2, 57(s1)
core   0: 3 0x8000bc20 (0x03248ca3) mem 0x80015b7d 0xe7
core   0: 0x8000bc24 (0x01514db3) xor     s11, sp, s5
core   0: 3 0x8000bc24 (0x01514db3) x27 0x8002ec9c
core   0: 0x8000bc28 (0xc7c99537) lui     a0, 0xc7c99
core   0: 3 0x8000bc28 (0xc7c99537) x10 0xc7c99000
core   0: 0x8000bc2c (0x05c49183) lh      gp, 92(s1)
core   0: 3 0x8000bc2c (0x05c49183) x 3 0x00005a00 mem 0x80015ba0
core   0: 0x8000bc30 (0xf1c4ca03) lbu     s4, -228(s1)
core   0: 3 0x8000bc30 (0xf1c4ca03) x20 0x000000f3 mem 0x80015a60
core   0: 0x8000bc34 (0x0fc48623) sb      t3, 236(s1)
core   0: 3 0x8000bc34 (0x0fc48623) mem 0x80015c30 0xb8
core   0: 0x8000bc38 (0x409ed913) srai    s2, t4, 9
core   0: 3 0x8000bc38 (0x409ed913) x18 0xffc000af
core   0: 0x8000bc3c (0x08d4ce03) lbu     t3, 141(s1)
core   0: 3 0x8000bc3c (0x08d4ce03) x28 0x00000000 mem 0x80015bd1
core   0: 0x8000bc40 (0xf1148503) lb      a0, -239(s1)
core   0: 3 0x8000bc40 (0xf1148503) x10 0xffffff84 mem 0x80015a55
core   0: 0x8000bc44 (0x0ff0000f) fence   iorw,iorw
core   0: 3 0x8000bc44 (0x0ff0000f)
core   0: 0x8000bc48 (0xf4e487a3) sb      a4, -177(s1)
core   0: 3 0x8000bc48 (0xf4e487a3) mem 0x80015a93 0xf7
core   0: 0x8000bc4c (0x00c359b3) srl     s3, t1, a2
core   0: 3 0x8000bc4c (0x00c359b3) x19 0x00000008
core   0: 0x8000bc50 (0x06d8bd13) sltiu   s10, a7, 109
core   0: 3 0x8000bc50 (0x06d8bd13) x26 0x00000001
core   0: 0x8000bc54 (0xf4d48d03) lb      s10, -179(s1)
core   0: 3 0x8000bc54 (0xf4d48d03) x26 0x0000004a mem 0x80015a91
core   0: 0x8000bc58 (0xfb34cc83) lbu     s9, -77(s1)
core   0: 3 0x8000bc58 (0xfb34cc83) x25 0x000000ac mem 0x80015af7
core   0: 0x8000bc5c (0xfc648c03) lb      s8, -58(s1)
core   0: 3 0x8000bc5c (0xfc648c03) x24 0xffffffc1 mem 0x80015b0a
core   0: 0x8000bc60 (0x017482a3) sb      s7, 5(s1)
core   0: 3 0x8000bc60 (0x017482a3) mem 0x80015b49 0x0
core   0: 0x8000bc64 (0x4169d093) srai    ra, s3, 22
core   0: 3 0x8000bc64 (0x4169d093) x 1 0x00000000
core   0: 0x8000bc68 (0x01c85d93) srli    s11, a6, 28
core   0: 3 0x8000bc68 (0x01c85d93) x27 0x00000000
core   0: 0x8000bc6c (0xfd5486a3) sb      s5, -51(s1)
core   0: 3 0x8000bc6c (0xfd5486a3) mem 0x80015b11 0x78
core   0: 0x8000bc70 (0x08548523) sb      t0, 138(s1)
core   0: 3 0x8000bc70 (0x08548523) mem 0x80015bce 0x0
core   0: 0x8000bc74 (0x09a4d203) lhu     tp, 154(s1)
core   0: 3 0x8000bc74 (0x09a4d203) x 4 0x00009495 mem 0x80015bde
core   0: 0x8000bc78 (0x0fe48f23) sb      t5, 254(s1)
core   0: 3 0x8000bc78 (0x0fe48f23) mem 0x80015c42 0x0
core   0: 0x8000bc7c (0xff449823) sh      s4, -16(s1)
core   0: 3 0x8000bc7c (0xff449823) mem 0x80015b34 0x00f3
core   0: 0x8000bc80 (0xf5948d03) lb      s10, -167(s1)
core   0: 3 0x8000bc80 (0xf5948d03) x26 0x00000056 mem 0x80015a9d
core   0: 0x8000bc84 (0x07348f83) lb      t6, 115(s1)
core   0: 3 0x8000bc84 (0x07348f83) x31 0xffffffae mem 0x80015bb7
core   0: 0x8000bc88 (0x0005c3b3) xor     t2, a1, zero
core   0: 3 0x8000bc88 (0x0005c3b3) x 7 0x80000000
core   0: 0x8000bc8c (0x32e36a93) ori     s5, t1, 814
core   0: 3 0x8000bc8c (0x32e36a93) x21 0x000003ae
core   0: 0x8000bc90 (0xf5e4df03) lhu     t5, -162(s1)
core   0: 3 0x8000bc90 (0xf5e4df03) x30 0x00005859 mem 0x80015aa2
core   0: 0x8000bc94 (0xf3d4cc83) lbu     s9, -195(s1)
core   0: 3 0x8000bc94 (0xf3d4cc83) x25 0x0000003a mem 0x80015a81
core   0: 0x8000bc98 (0x02e482a3) sb      a4, 37(s1)
core   0: 3 0x8000bc98 (0x02e482a3) mem 0x80015b69 0xf7
core   0: 0x8000bc9c (0xa03aa417) auipc   s0, 0xa03aa
core   0: 3 0x8000bc9c (0xa03aa417) x 8 0x203b5c9c
core   0: 0x8000bca0 (0x0ff0000f) fence   iorw,iorw
core   0: 3 0x8000bca0 (0x0ff0000f)
core   0: 0x8000bca4 (0xaa07e893) ori     a7, a5, -1376
core   0: 3 0x8000bca4 (0xaa07e893) x17 0xfffffff7
core   0: 0x8000bca8 (0x00698533) add     a0, s3, t1
core   0: 3 0x8000bca8 (0x00698533) x10 0x00000096
core   0: 0x8000bcac (0xf5f48903) lb      s2, -161(s1)
core   0: 3 0x8000bcac (0xf5f48903) x18 0x00000058 mem 0x80015aa3
core   0: 0x8000bcb0 (0x0224ca83) lbu     s5, 34(s1)
core   0: 3 0x8000bcb0 (0x0224ca83) x21 0x0000001d mem 0x80015b66
core   0: 0x8000bcb4 (0xf3849183) lh      gp, -200(s1)
core   0: 3 0x8000bcb4 (0xf3849183) x 3 0x00005837 mem 0x80015a7c
core   0: 0x8000bcb8 (0xfa64d283) lhu     t0, -90(s1)
core   0: 3 0x8000bcb8 (0xfa64d283) x 5 0x0000a0a1 mem 0x80015aea
core   0: 0x8000bcbc (0x00009497) auipc   s1, 0x9
core   0: 3 0x8000bcbc (0x00009497) x 9 0x80014cbc
core   0: 0x8000bcc0 (0x5f948493) addi    s1, s1, 1529
core   0: 3 0x8000bcc0 (0x5f948493) x 9 0x800152b5
core   0: 0x8000bcc4 (0x0000aa97) auipc   s5, 0xa
core   0: 3 0x8000bcc4 (0x0000aa97) x21 0x80015cc4
core   0: 0x8000bcc8 (0x935a8a93) addi    s5, s5, -1739
core   0: 3 0x8000bcc8 (0x935a8a93) x21 0x800155f9
core   0: 0x8000bccc (0x0000a097) auipc   ra, 0xa
core   0: 3 0x8000bccc (0x0000a097) x 1 0x80015ccc
core   0: 0x8000bcd0 (0x89508093) addi    ra, ra, -1899
core   0: 3 0x8000bcd0 (0x89508093) x 1 0x80015561
core   0: 0x8000bcd4 (0x0000a697) auipc   a3, 0xa
core   0: 3 0x8000bcd4 (0x0000a697) x13 0x80015cd4
core   0: 0x8000bcd8 (0x04468693) addi    a3, a3, 68
core   0: 3 0x8000bcd8 (0x04468693) x13 0x80015d18
core   0: 0x8000bcdc (0x0694d983) lhu     s3, 105(s1)
core   0: 3 0x8000bcdc (0x0694d983) x19 0x0000d4d5 mem 0x8001531e
core   0: 0x8000bce0 (0x007ad883) lhu     a7, 7(s5)
core   0: 3 0x8000bce0 (0x007ad883) x17 0x0000babb mem 0x80015600
core   0: 0x8000bce4 (0xf004cf83) lbu     t6, -256(s1)
core   0: 3 0x8000bce4 (0xf004cf83) x31 0x000000ae mem 0x800151b5
core   0: 0x8000bce8 (0x00d6c383) lbu     t2, 13(a3)
core   0: 3 0x8000bce8 (0x00d6c383) x 7 0x000000de mem 0x80015d25
core   0: 0x8000bcec (0xfc74c183) lbu     gp, -57(s1)
core   0: 3 0x8000bcec (0xfc74c183) x 3 0x00000037 mem 0x8001527c
core   0: 0x8000bcf0 (0xff368da3) sb      s3, -5(a3)
core   0: 3 0x8000bcf0 (0xff368da3) mem 0x80015d13 0xd5
core   0: 0x8000bcf4 (0xff3a8a23) sb      s3, -12(s5)
core   0: 3 0x8000bcf4 (0xff3a8a23) mem 0x800155ed 0xd5
core   0: 0x8000bcf8 (0xfea68da3) sb      a0, -5(a3)
core   0: 3 0x8000bcf8 (0xfea68da3) mem 0x80015d13 0x96
core   0: 0x8000bcfc (0x0000c003) lbu     zero, 0(ra)
core   0: 3 0x8000bcfc (0x0000c003) mem 0x80015561
core   0: 0x8000bd00 (0xfd20cc83) lbu     s9, -46(ra)
core   0: 3 0x8000bd00 (0xfd20cc83) x25 0x00000000 mem 0x80015533
core   0: 0x8000bd04 (0x0d248c03) lb      s8, 210(s1)
core   0: 3 0x8000bd04 (0x0d248c03) x24 0x0000003c mem 0x80015387
core   0: 0x8000bd08 (0xfffaafa3) sw      t6, -1(s5)
core   0: 3 0x8000bd08 (0xfffaafa3) mem 0x800155f8 0x000000ae
core   0: 0x8000bd0c (0x00faa503) lw      a0, 15(s5)
core   0: 3 0x8000bd0c (0x00faa503) x10 0x00c1d204 mem 0x80015608
core   0: 0x8000bd10 (0x05d09c03) lh      s8, 93(ra)
core   0: 3 0x8000bd10 (0x05d09c03) x24 0x00007475 mem 0x800155be
core   0: 0x8000bd14 (0x07448503) lb      a0, 116(s1)
core   0: 3 0x8000bd14 (0x07448503) x10 0xffffffe2 mem 0x80015329
core   0: 0x8000bd18 (0xfe568823) sb      t0, -16(a3)
core   0: 3 0x8000bd18 (0xfe568823) mem 0x80015d08 0xa1
core   0: 0x8000bd1c (0x08408783) lb      a5, 132(ra)
core   0: 3 0x8000bd1c (0x08408783) x15 0x0000003c mem 0x800155e5
core   0: 0x8000bd20 (0xfd048423) sb      a6, -56(s1)
core   0: 3 0x8000bd20 (0xfd048423) mem 0x8001527d 0x8d
core   0: 0x8000bd24 (0xffe69703) lh      a4, -2(a3)
core   0: 3 0x8000bd24 (0xffe69703) x14 0xffffcccd mem 0x80015d16
core   0: 0x8000bd28 (0xffca8c83) lb      s9, -4(s5)
core   0: 3 0x8000bd28 (0xffca8c83) x25 0xffffffae mem 0x800155f5
core   0: 0x8000bd2c (0xfe14dc83) lhu     s9, -31(s1)
core   0: 3 0x8000bd2c (0xfe14dc83) x25 0x0000b54d mem 0x80015296
core   0: 0x8000bd30 (0xf380cc03) lbu     s8, -200(ra)
core   0: 3 0x8000bd30 (0xf380cc03) x24 0x00000052 mem 0x80015499
core   0: 0x8000bd34 (0xf1948c23) sb      s9, -232(s1)
core   0: 3 0x8000bd34 (0xf1948c23) mem 0x800151cd 0x4d
core   0: 0x8000bd38 (0xfe1a8aa3) sb      ra, -11(s5)
core   0: 3 0x8000bd38 (0xfe1a8aa3) mem 0x800155ee 0x61
core   0: 0x8000bd3c (0x00aa8e83) lb      t4, 10(s5)
core   0: 3 0x8000bd3c (0x00aa8e83) x29 0xffffffec mem 0x80015603
core   0: 0x8000bd40 (0x0056c283) lbu     t0, 5(a3)
core   0: 3 0x8000bd40 (0x0056c283) x 5 0x000000d6 mem 0x80015d1d
core   0: 0x8000bd44 (0x0000f497) auipc   s1, 0xf
core   0: 3 0x8000bd44 (0x0000f497) x 9 0x8001ad44
core   0: 0x8000bd48 (0xd9348493) addi    s1, s1, -621
core   0: 3 0x8000bd48 (0xd9348493) x 9 0x8001aad7
core   0: 0x8000bd4c (0x0189b0b3) sltu    ra, s3, s8
core   0: 3 0x8000bd4c (0x0189b0b3) x 1 0x00000000
core   0: 0x8000bd50 (0xff1489a3) sb      a7, -13(s1)
core   0: 3 0x8000bd50 (0xff1489a3) mem 0x8001aaca 0xbb
core   0: 0x8000bd54 (0x0073efb3) or      t6, t2, t2
core   0: 3 0x8000bd54 (0x0073efb3) x31 0x000000de
core   0: 0x8000bd58 (0xff549c83) lh      s9, -11(s1)
core   0: 3 0x8000bd58 (0xff549c83) x25 0xffff8687 mem 0x8001aacc
core   0: 0x8000bd5c (0xffd4de03) lhu     t3, -3(s1)
core   0: 3 0x8000bd5c (0xffd4de03) x28 0x00008e8f mem 0x8001aad4
core   0: 0x8000bd60 (0x00000013) nop
core   0: 3 0x8000bd60 (0x00000013)
core   0: 0x8000bd64 (0xfe448da3) sb      tp, -5(s1)
core   0: 3 0x8000bd64 (0xfe448da3) mem 0x8001aad2 0x95
core   0: 0x8000bd68 (0xff949f83) lh      t6, -7(s1)
core   0: 3 0x8000bd68 (0xff949f83) x31 0xffff8a8b mem 0x8001aad0
core   0: 0x8000bd6c (0x00f48383) lb      t2, 15(s1)
core   0: 3 0x8000bd6c (0x00f48383) x 7 0xffffff9d mem 0x8001aae6
core   0: 0x8000bd70 (0x558af097) auipc   ra, 0x558af
core   0: 3 0x8000bd70 (0x558af097) x 1 0xd58bad70
core   0: 0x8000bd74 (0x00949083) lh      ra, 9(s1)
core   0: 3 0x8000bd74 (0x00949083) x 1 0xffff9a9b mem 0x8001aae0
core   0: 0x8000bd78 (0x00d2db33) srl     s6, t0, a3
core   0: 3 0x8000bd78 (0x00d2db33) x22 0x00000000
core   0: 0x8000bd7c (0x0022ed33) or      s10, t0, sp
core   0: 3 0x8000bd7c (0x0022ed33) x26 0x8002ecf6
core   0: 0x8000bd80 (0x0074cc83) lbu     s9, 7(s1)
core   0: 3 0x8000bd80 (0x0074cc83) x25 0x00000095 mem 0x8001aade
core   0: 0x8000bd84 (0x41d6d433) sra     s0, a3, t4
core   0: 3 0x8000bd84 (0x41d6d433) x 8 0xfff80015
core   0: 0x8000bd88 (0xffa48923) sb      s10, -14(s1)
core   0: 3 0x8000bd88 (0xffa48923) mem 0x8001aac9 0xf6
core   0: 0x8000bd8c (0x275e2a13) slti    s4, t3, 629
core   0: 3 0x8000bd8c (0x275e2a13) x20 0x00000000
core   0: 0x8000bd90 (0x01e495a3) sh      t5, 11(s1)
core   0: 3 0x8000bd90 (0x01e495a3) mem 0x8001aae2 0x5859
core   0: 0x8000bd94 (0xff048f23) sb      a6, -2(s1)
core   0: 3 0x8000bd94 (0xff048f23) mem 0x8001aad5 0x8d
core   0: 0x8000bd98 (0x01d497a3) sh      t4, 15(s1)
core   0: 3 0x8000bd98 (0x01d497a3) mem 0x8001aae6 0xffec
core   0: 0x8000bd9c (0xffa4ca83) lbu     s5, -6(s1)
core   0: 3 0x8000bd9c (0xffa4ca83) x21 0x0000008a mem 0x8001aad1
core   0: 0x8000bda0 (0x0044c203) lbu     tp, 4(s1)
core   0: 3 0x8000bda0 (0x0044c203) x 4 0x00000090 mem 0x8001aadb
core   0: 0x8000bda4 (0xffa4cd83) lbu     s11, -6(s1)
core   0: 3 0x8000bda4 (0xffa4cd83) x27 0x0000008a mem 0x8001aad1
core   0: 0x8000bda8 (0xfff4ce03) lbu     t3, -1(s1)
core   0: 3 0x8000bda8 (0xfff4ce03) x28 0x0000008d mem 0x8001aad6
core   0: 0x8000bdac (0x00d496a3) sh      a3, 13(s1)
core   0: 3 0x8000bdac (0x00d496a3) mem 0x8001aae4 0x5d18
core   0: 0x8000bdb0 (0xff54c703) lbu     a4, -11(s1)
core   0: 3 0x8000bdb0 (0xff54c703) x14 0x00000087 mem 0x8001aacc
core   0: 0x8000bdb4 (0x00948323) sb      s1, 6(s1)
core   0: 3 0x8000bdb4 (0x00948323) mem 0x8001aadd 0xd7
core   0: 0x8000bdb8 (0x01dc9a93) slli    s5, s9, 29
core   0: 3 0x8000bdb8 (0x01dc9a93) x21 0xa0000000
core   0: 0x8000bdbc (0xffc4ce03) lbu     t3, -4(s1)
core   0: 3 0x8000bdbc (0xffc4ce03) x28 0x00000088 mem 0x8001aad3
core   0: 0x8000bdc0 (0x0074c903) lbu     s2, 7(s1)
core   0: 3 0x8000bdc0 (0x0074c903) x18 0x00000095 mem 0x8001aade
core   0: 0x8000bdc4 (0x00448f83) lb      t6, 4(s1)
core   0: 3 0x8000bdc4 (0x00448f83) x31 0xffffff90 mem 0x8001aadb
core   0: 0x8000bdc8 (0x00648e03) lb      t3, 6(s1)
core   0: 3 0x8000bdc8 (0x00648e03) x28 0xffffffd7 mem 0x8001aadd
core   0: 0x8000bdcc (0x00548f03) lb      t5, 5(s1)
core   0: 3 0x8000bdcc (0x00548f03) x30 0xffffff97 mem 0x8001aadc
core   0: 0x8000bdd0 (0x00c4cb83) lbu     s7, 12(s1)
core   0: 3 0x8000bdd0 (0x00c4cb83) x23 0x00000058 mem 0x8001aae3
core   0: 0x8000bdd4 (0xf1b04d93) xori    s11, zero, -229
core   0: 3 0x8000bdd4 (0xf1b04d93) x27 0xffffff1b
core   0: 0x8000bdd8 (0xfec48b23) sb      a2, -10(s1)
core   0: 3 0x8000bdd8 (0xfec48b23) mem 0x8001aacd 0x4
core   0: 0x8000bddc (0xfe349fa3) sh      gp, -1(s1)
core   0: 3 0x8000bddc (0xfe349fa3) mem 0x8001aad6 0x0037
core   0: 0x8000bde0 (0xec820713) addi    a4, tp, -312
core   0: 3 0x8000bde0 (0xec820713) x14 0xffffff58
core   0: 0x8000bde4 (0x00f482a3) sb      a5, 5(s1)
core   0: 3 0x8000bde4 (0x00f482a3) mem 0x8001aadc 0x3c
core   0: 0x8000bde8 (0x00548323) sb      t0, 6(s1)
core   0: 3 0x8000bde8 (0x00548323) mem 0x8001aadd 0xd6
core   0: 0x8000bdec (0x00011c17) auipc   s8, 0x11
core   0: 3 0x8000bdec (0x00011c17) x24 0x8001cdec
core   0: 0x8000bdf0 (0xaefc0c13) addi    s8, s8, -1297
core   0: 3 0x8000bdf0 (0xaefc0c13) x24 0x8001c8db
core   0: 0x8000bdf4 (0xfe8c0ea3) sb      s0, -3(s8)
core   0: 3 0x8000bdf4 (0xfe8c0ea3) mem 0x8001c8d8 0x15
core   0: 0x8000bdf8 (0xffdc4b83) lbu     s7, -3(s8)
core   0: 3 0x8000bdf8 (0xffdc4b83) x23 0x00000015 mem 0x8001c8d8
core   0: 0x8000bdfc (0x00ec4a83) lbu     s5, 14(s8)
core   0: 3 0x8000bdfc (0x00ec4a83) x21 0x000000a2 mem 0x8001c8e9
core   0: 0x8000be00 (0x00ec4f03) lbu     t5, 14(s8)
core   0: 3 0x8000be00 (0x00ec4f03) x30 0x000000a2 mem 0x8001c8e9
core   0: 0x8000be04 (0x01fc0723) sb      t6, 14(s8)
core   0: 3 0x8000be04 (0x01fc0723) mem 0x8001c8e9 0x90
core   0: 0x8000be08 (0x00ec4403) lbu     s0, 14(s8)
core   0: 3 0x8000be08 (0x00ec4403) x 8 0x00000090 mem 0x8001c8e9
core   0: 0x8000be0c (0x00dc5503) lhu     a0, 13(s8)
core   0: 3 0x8000be0c (0x00dc5503) x10 0x000090a3 mem 0x8001c8e8
core   0: 0x8000be10 (0x00dc0703) lb      a4, 13(s8)
core   0: 3 0x8000be10 (0x00dc0703) x14 0xffffffa3 mem 0x8001c8e8
core   0: 0x8000be14 (0x00dc2083) lw      ra, 13(s8)
core   0: 3 0x8000be14 (0x00dc2083) x 1 0xa0a190a3 mem 0x8001c8e8
core   0: 0x8000be18 (0xf3f28393) addi    t2, t0, -193
core   0: 3 0x8000be18 (0xf3f28393) x 7 0x00000015
core   0: 0x8000be1c (0x00dc4b83) lbu     s7, 13(s8)
core   0: 3 0x8000be1c (0x00dc4b83) x23 0x000000a3 mem 0x8001c8e8
core   0: 0x8000be20 (0x005c26a3) sw      t0, 13(s8)
core   0: 3 0x8000be20 (0x005c26a3) mem 0x8001c8e8 0x000000d6
core   0: 0x8000be24 (0x00dc0b83) lb      s7, 13(s8)
core   0: 3 0x8000be24 (0x00dc0b83) x23 0xffffffd6 mem 0x8001c8e8
core   0: 0x8000be28 (0x00012c17) auipc   s8, 0x12
core   0: 3 0x8000be28 (0x00012c17) x24 0x8001de28
core   0: 0x8000be2c (0xe21c0c13) addi    s8, s8, -479
core   0: 3 0x8000be2c (0xe21c0c13) x24 0x8001dc49
core   0: 0x8000be30 (0x00b80d33) add     s10, a6, a1
core   0: 3 0x8000be30 (0x00b80d33) x26 0x80008c8d
core   0: 0x8000be34 (0x561c29a3) sw      ra, 1395(s8)
core   0: 3 0x8000be34 (0x561c29a3) mem 0x8001e1bc 0xa0a190a3
core   0: 0x8000be38 (0xa5fc18a3) sh      t6, -1455(s8)
core   0: 3 0x8000be38 (0xa5fc18a3) mem 0x8001d69a 0xff90
core   0: 0x8000be3c (0x445c0d23) sb      t0, 1114(s8)
core   0: 3 0x8000be3c (0x445c0d23) mem 0x8001e0a3 0xd6
core   0: 0x8000be40 (0xeddc5883) lhu     a7, -291(s8)
core   0: 3 0x8000be40 (0xeddc5883) x17 0x0000dcdd mem 0x8001db26
core   0: 0x8000be44 (0x4eac4503) lbu     a0, 1258(s8)
core   0: 3 0x8000be44 (0x4eac4503) x10 0x000000e8 mem 0x8001e133
core   0: 0x8000be48 (0xc2dfec93) ori     s9, t6, -979
core   0: 3 0x8000be48 (0xc2dfec93) x25 0xffffffbd
core   0: 0x8000be4c (0x63ec0c83) lb      s9, 1598(s8)
core   0: 3 0x8000be4c (0x63ec0c83) x25 0x0000003c mem 0x8001e287
core   0: 0x8000be50 (0x0fcc0e23) sb      t3, 252(s8)
core   0: 3 0x8000be50 (0x0fcc0e23) mem 0x8001dd45 0xd7
core   0: 0x8000be54 (0x098c0403) lb      s0, 152(s8)
core   0: 3 0x8000be54 (0x098c0403) x 8 0xffffff9a mem 0x8001dce1
core   0: 0x8000be58 (0x47fc7a97) auipc   s5, 0x47fc7
core   0: 3 0x8000be58 (0x47fc7a97) x21 0xc7fd2e58
core   0: 0x8000be5c (0xd26d6497) auipc   s1, 0xd26d6
core   0: 3 0x8000be5c (0xd26d6497) x 9 0x526e1e5c
core   0: 0x8000be60 (0xee9c4a03) lbu     s4, -279(s8)
core   0: 3 0x8000be60 (0xee9c4a03) x20 0x000000e9 mem 0x8001db32
core   0: 0x8000be64 (0xca7c4b03) lbu     s6, -857(s8)
core   0: 3 0x8000be64 (0xca7c4b03) x22 0x000000ab mem 0x8001d8f0
core   0: 0x8000be68 (0x273c5883) lhu     a7, 627(s8)
core   0: 3 0x8000be68 (0x273c5883) x17 0x00007677 mem 0x8001debc
core   0: 0x8000be6c (0x41f35793) srai    a5, t1, 31
core   0: 3 0x8000be6c (0x41f35793) x15 0x00000000
core   0: 0x8000be70 (0xc67c5303) lhu     t1, -921(s8)
core   0: 3 0x8000be70 (0xc67c5303) x 6 0x00005bdc mem 0x8001d8b0
core   0: 0x8000be74 (0x01120333) add     t1, tp, a7
core   0: 3 0x8000be74 (0x01120333) x 6 0x00007707
core   0: 0x8000be78 (0xd70baf13) slti    t5, s7, -656
core   0: 3 0x8000be78 (0xd70baf13) x30 0x00000000
core   0: 0x8000be7c (0x129c1783) lh      a5, 297(s8)
core   0: 3 0x8000be7c (0x129c1783) x15 0x00002829 mem 0x8001dd72
core   0: 0x8000be80 (0x8e2c4683) lbu     a3, -1822(s8)
core   0: 3 0x8000be80 (0x8e2c4683) x13 0x000000e0 mem 0x8001d52b
core   0: 0x8000be84 (0x40ad6913) ori     s2, s10, 1034
core   0: 3 0x8000be84 (0x40ad6913) x18 0x80008c8f
core   0: 0x8000be88 (0x9d2c0203) lb      tp, -1582(s8)
core   0: 3 0x8000be88 (0x9d2c0203) x 4 0xffffffd0 mem 0x8001d61b
core   0: 0x8000be8c (0x00e21733) sll     a4, tp, a4
core   0: 3 0x8000be8c (0x00e21733) x14 0xfffffe80
core   0: 0x8000be90 (0x81307037) lui     zero, 0x81307
core   0: 3 0x8000be90 (0x81307037)
core   0: 0x8000be94 (0xc9ec4083) lbu     ra, -866(s8)
core   0: 3 0x8000be94 (0xc9ec4083) x 1 0x0000009c mem 0x8001d8e7
core   0: 0x8000be98 (0x9b3c4303) lbu     t1, -1613(s8)
core   0: 3 0x8000be98 (0x9b3c4303) x 6 0x000000b7 mem 0x8001d5fc
core   0: 0x8000be9c (0xd5dc5903) lhu     s2, -675(s8)
core   0: 3 0x8000be9c (0xd5dc5903) x18 0x00005c5d mem 0x8001d9a6
core   0: 0x8000bea0 (0x41785db3) sra     s11, a6, s7
core   0: 3 0x8000bea0 (0x41785db3) x27 0x00000000
core   0: 0x8000bea4 (0xbcac4b03) lbu     s6, -1078(s8)
core   0: 3 0x8000bea4 (0xbcac4b03) x22 0x000000c8 mem 0x8001d813
core   0: 0x8000bea8 (0x8a5c5503) lhu     a0, -1883(s8)
core   0: 3 0x8000bea8 (0x8a5c5503) x10 0x0000a4a5 mem 0x8001d4ee
core   0: 0x8000beac (0x00013517) auipc   a0, 0x13
core   0: 3 0x8000beac (0x00013517) x10 0x8001eeac
core   0: 0x8000beb0 (0x60f50513) addi    a0, a0, 1551
core   0: 3 0x8000beb0 (0x60f50513) x10 0x8001f4bb
core   0: 0x8000beb4 (0x01284833) xor     a6, a6, s2
core   0: 3 0x8000beb4 (0x01284833) x16 0x0000d0d0
core   0: 0x8000beb8 (0x01e0e6b3) or      a3, ra, t5
core   0: 3 0x8000beb8 (0x01e0e6b3) x13 0x0000009c
core   0: 0x8000bebc (0xfef528a3) sw      a5, -15(a0)
core   0: 3 0x8000bebc (0xfef528a3) mem 0x8001f4ac 0x00002829
core   0: 0x8000bec0 (0x0ff0000f) fence   iorw,iorw
core   0: 3 0x8000bec0 (0x0ff0000f)
core   0: 0x8000bec4 (0x01418333) add     t1, gp, s4
core   0: 3 0x8000bec4 (0x01418333) x 6 0x00000120
core   0: 0x8000bec8 (0x00929813) slli    a6, t0, 9
core   0: 3 0x8000bec8 (0x00929813) x16 0x0001ac00
core   0: 0x8000becc (0x00854903) lbu     s2, 8(a0)
core   0: 3 0x8000becc (0x00854903) x18 0x00000078 mem 0x8001f4c3
core   0: 0x8000bed0 (0x00844f33) xor     t5, s0, s0
core   0: 3 0x8000bed0 (0x00844f33) x30 0x00000000
core   0: 0x8000bed4 (0x004a8433) add     s0, s5, tp
core   0: 3 0x8000bed4 (0x004a8433) x 8 0xc7fd2e28
core   0: 0x8000bed8 (0xffa54403) lbu     s0, -6(a0)
core   0: 3 0x8000bed8 (0xffa54403) x 8 0x0000006e mem 0x8001f4b5
core   0: 0x8000bedc (0xff950ba3) sb      s9, -9(a0)
core   0: 3 0x8000bedc (0xff950ba3) mem 0x8001f4b2 0x3c
core   0: 0x8000bee0 (0xfe050d23) sb      zero, -6(a0)
core   0: 3 0x8000bee0 (0xfe050d23) mem 0x8001f4b5 0x0
core   0: 0x8000bee4 (0x17db8a13) addi    s4, s7, 381
core   0: 3 0x8000bee4 (0x17db8a13) x20 0x00000153
core   0: 0x8000bee8 (0x01a85e33) srl     t3, a6, s10
core   0: 3 0x8000bee8 (0x01a85e33) x28 0x0000000d
core   0: 0x8000beec (0x00000013) nop
core   0: 3 0x8000beec (0x00000013)
core   0: 0x8000bef0 (0x005c1e93) slli    t4, s8, 5
core   0: 3 0x8000bef0 (0x005c1e93) x29 0x003b8920
core   0: 0x8000bef4 (0x125aa393) slti    t2, s5, 293
core   0: 3 0x8000bef4 (0x125aa393) x 7 0x00000001
core   0: 0x8000bef8 (0x00000013) nop
core   0: 3 0x8000bef8 (0x00000013)
core   0: 0x8000befc (0x0ff0000f) fence   iorw,iorw
core   0: 3 0x8000befc (0x0ff0000f)
core   0: 0x8000bf00 (0xb0d69f17) auipc   t5, 0xb0d69
core   0: 3 0x8000bf00 (0xb0d69f17) x30 0x30d74f00
core   0: 0x8000bf04 (0x00c50223) sb      a2, 4(a0)
core   0: 3 0x8000bf04 (0x00c50223) mem 0x8001f4bf 0x4
core   0: 0x8000bf08 (0x4193dcb3) sra     s9, t2, s9
core   0: 3 0x8000bf08 (0x4193dcb3) x25 0x00000000
core   0: 0x8000bf0c (0xffe509a3) sb      t5, -13(a0)
core   0: 3 0x8000bf0c (0xffe509a3) mem 0x8001f4ae 0x0
core   0: 0x8000bf10 (0x41458433) sub     s0, a1, s4
core   0: 3 0x8000bf10 (0x41458433) x 8 0x7ffffead
core   0: 0x8000bf14 (0x00000013) nop
core   0: 3 0x8000bf14 (0x00000013)
core   0: 0x8000bf18 (0xffd52983) lw      s3, -3(a0)
core   0: 3 0x8000bf18 (0xffd52983) x19 0x70717273 mem 0x8001f4b8
core   0: 0x8000bf1c (0xffa50823) sb      s10, -16(a0)
core   0: 3 0x8000bf1c (0xffa50823) mem 0x8001f4ab 0x8d
core   0: 0x8000bf20 (0x00169a33) sll     s4, a3, ra
core   0: 3 0x8000bf20 (0x00169a33) x20 0xc0000000
core   0: 0x8000bf24 (0x0000100f) fence.i
core   0: 3 0x8000bf24 (0x0000100f)
core   0: 0x8000bf28 (0x41abd013) srai    zero, s7, 26
core   0: 3 0x8000bf28 (0x41abd013)
core   0: 0x8000bf2c (0x41a157b3) sra     a5, sp, s10
core   0: 3 0x8000bf2c (0x41a157b3) x15 0xfffc0017
core   0: 0x8000bf30 (0x01627433) and     s0, tp, s6
core   0: 3 0x8000bf30 (0x01627433) x 8 0x000000c0
core   0: 0x8000bf34 (0xff750183) lb      gp, -9(a0)
core   0: 3 0x8000bf34 (0xff750183) x 3 0x0000003c mem 0x8001f4b2
core   0: 0x8000bf38 (0x00b55a83) lhu     s5, 11(a0)
core   0: 3 0x8000bf38 (0x00b55a83) x21 0x00007c7d mem 0x8001f4c6
core   0: 0x8000bf3c (0x0000a717) auipc   a4, 0xa
core   0: 3 0x8000bf3c (0x0000a717) x14 0x80015f3c
core   0: 0x8000bf40 (0xfd370713) addi    a4, a4, -45
core   0: 3 0x8000bf40 (0xfd370713) x14 0x80015f0f
core   0: 0x8000bf44 (0xf22fc013) xori    zero, t6, -222
core   0: 3 0x8000bf44 (0xf22fc013)
core   0: 0x8000bf48 (0x01be9013) slli    zero, t4, 27
core   0: 3 0x8000bf48 (0x01be9013)
core   0: 0x8000bf4c (0x00000013) nop
core   0: 3 0x8000bf4c (0x00000013)
core   0: 0x8000bf50 (0xa5a17893) andi    a7, sp, -1446
core   0: 3 0x8000bf50 (0xa5a17893) x17 0x8002e840
core   0: 0x8000bf54 (0x01b70b03) lb      s6, 27(a4)
core   0: 3 0x8000bf54 (0x01b70b03) x22 0xffffffe1 mem 0x80015f2a
core   0: 0x8000bf58 (0xff070383) lb      t2, -16(a4)
core   0: 3 0x8000bf58 (0xff070383) x 7 0xffffffb4 mem 0x80015eff
core   0: 0x8000bf5c (0x0000100f) fence.i
core   0: 3 0x8000bf5c (0x0000100f)
core   0: 0x8000bf60 (0x0ff0000f) fence   iorw,iorw
core   0: 3 0x8000bf60 (0x0ff0000f)
core   0: 0x8000bf64 (0xfcf71c83) lh      s9, -49(a4)
core   0: 3 0x8000bf64 (0xfcf71c83) x25 0x00000971 mem 0x80015ede
core   0: 0x8000bf68 (0xff774d03) lbu     s10, -9(a4)
core   0: 3 0x8000bf68 (0xff774d03) x26 0x000000bd mem 0x80015f06
core   0: 0x8000bf6c (0xfcc70123) sb      a2, -62(a4)
core   0: 3 0x8000bf6c (0xfcc70123) mem 0x80015ed1 0x4
core   0: 0x8000bf70 (0x00774903) lbu     s2, 7(a4)
core   0: 3 0x8000bf70 (0x00774903) x18 0x000000cd mem 0x80015f16
core   0: 0x8000bf74 (0xfd670a83) lb      s5, -42(a4)
core   0: 3 0x8000bf74 (0xfd670a83) x21 0xffffff9e mem 0x80015ee5
core   0: 0x8000bf78 (0x001ac233) xor     tp, s5, ra
core   0: 3 0x8000bf78 (0x001ac233) x 4 0xffffff02
core   0: 0x8000bf7c (0x02974c03) lbu     s8, 41(a4)
core   0: 3 0x8000bf7c (0x02974c03) x24 0x000000f3 mem 0x80015f38
core   0: 0x8000bf80 (0xfd471ca3) sh      s4, -39(a4)
core   0: 3 0x8000bf80 (0xfd471ca3) mem 0x80015ee8 0x0000
core   0: 0x8000bf84 (0x011921b3) slt     gp, s2, a7
core   0: 3 0x8000bf84 (0x011921b3) x 3 0x00000000
core   0: 0x8000bf88 (0x00000013) nop
core   0: 3 0x8000bf88 (0x00000013)
core   0: 0x8000bf8c (0x013d0eb3) add     t4, s10, s3
core   0: 3 0x8000bf8c (0x013d0eb3) x29 0x70717330
core   0: 0x8000bf90 (0x00000013) nop
core   0: 3 0x8000bf90 (0x00000013)
core   0: 0x8000bf94 (0xfea74d83) lbu     s11, -22(a4)
core   0: 3 0x8000bf94 (0xfea74d83) x27 0x00000000 mem 0x80015ef9
core   0: 0x8000bf98 (0x019c9833) sll     a6, s9, s9
core   0: 3 0x8000bf98 (0x019c9833) x16 0x12e20000
core   0: 0x8000bf9c (0xc7598993) addi    s3, s3, -907
core   0: 3 0x8000bf9c (0xc7598993) x19 0x70716ee8
core   0: 0x8000bfa0 (0x00375503) lhu     a0, 3(a4)
core   0: 3 0x8000bfa0 (0x00375503) x10 0x0000c8c9 mem 0x80015f12
core   0: 0x8000bfa4 (0x0ff0000f) fence   iorw,iorw
core   0: 3 0x8000bfa4 (0x0ff0000f)
core   0: 0x8000bfa8 (0x0000100f) fence.i
core   0: 3 0x8000bfa8 (0x0000100f)
core   0: 0x8000bfac (0xff5701a3) sb      s5, -29(a4)
core   0: 3 0x8000bfac (0xff5701a3) mem 0x80015ef2 0x9e
core   0: 0x8000bfb0 (0x0000a217) auipc   tp, 0xa
core   0: 3 0x8000bfb0 (0x0000a217) x 4 0x80015fb0
core   0: 0x8000bfb4 (0x08620213) addi    tp, tp, 134
core   0: 3 0x8000bfb4 (0x08620213) x 4 0x80016036
core   0: 0x8000bfb8 (0xfdf20503) lb      a0, -33(tp)
core   0: 3 0x8000bfb8 (0xfdf20503) x10 0xffffffce mem 0x80016015
core   0: 0x8000bfbc (0xfdf20c83) lb      s9, -33(tp)
core   0: 3 0x8000bfbc (0xfdf20c83) x25 0xffffffce mem 0x80016015
core   0: 0x8000bfc0 (0xf5924683) lbu     a3, -167(tp)
core   0: 3 0x8000bfc0 (0xf5924683) x13 0x00000044 mem 0x80015f8f
core   0: 0x8000bfc4 (0xf5521123) sh      s5, -190(tp)
core   0: 3 0x8000bfc4 (0xf5521123) mem 0x80015f78 0xff9e
core   0: 0x8000bfc8 (0xf9222083) lw      ra, -110(tp)
core   0: 3 0x8000bfc8 (0xf9222083) x 1 0x1d81a883 mem 0x80015fc8
core   0: 0x8000bfcc (0x01d11cb3) sll     s9, sp, t4
core   0: 3 0x8000bfcc (0x01d11cb3) x25 0xece40000
core   0: 0x8000bfd0 (0x01fe2ab3) slt     s5, t3, t6
core   0: 3 0x8000bfd0 (0x01fe2ab3) x21 0x00000000
core   0: 0x8000bfd4 (0xf9220a83) lb      s5, -110(tp)
core   0: 3 0x8000bfd4 (0xf9220a83) x21 0xffffff83 mem 0x80015fc8
core   0: 0x8000bfd8 (0xf9225803) lhu     a6, -110(tp)
core   0: 3 0x8000bfd8 (0xf9225803) x16 0x0000a883 mem 0x80015fc8
core   0: 0x8000bfdc (0xf9224e03) lbu     t3, -110(tp)
core   0: 3 0x8000bfdc (0xf9224e03) x28 0x00000083 mem 0x80015fc8
core   0: 0x8000bfe0 (0xf8a20923) sb      a0, -110(tp)
core   0: 3 0x8000bfe0 (0xf8a20923) mem 0x80015fc8 0xce
core   0: 0x8000bfe4 (0xf9622923) sw      s6, -110(tp)
core   0: 3 0x8000bfe4 (0xf9622923) mem 0x80015fc8 0xffffffe1
core   0: 0x8000bfe8 (0xf9224a03) lbu     s4, -110(tp)
core   0: 3 0x8000bfe8 (0xf9224a03) x20 0x000000e1 mem 0x80015fc8
core   0: 0x8000bfec (0x40164d13) xori    s10, a2, 1025
core   0: 3 0x8000bfec (0x40164d13) x26 0x8002aa05
core   0: 0x8000bff0 (0xf9221c03) lh      s8, -110(tp)
core   0: 3 0x8000bff0 (0xf9221c03) x24 0xffffffe1 mem 0x80015fc8
core   0: 0x8000bff4 (0xf2824383) lbu     t2, -216(tp)
core   0: 3 0x8000bff4 (0xf2824383) x 7 0x00000015 mem 0x80015f5e
core   0: 0x8000bff8 (0xf4520283) lb      t0, -187(tp)
core   0: 3 0x8000bff8 (0xf4520283) x 5 0x00000030 mem 0x80015f7b
core   0: 0x8000bffc (0xf5320aa3) sb      s3, -171(tp)
core   0: 3 0x8000bffc (0xf5320aa3) mem 0x80015f8b 0xe8
core   0: 0x8000c000 (0xfff20a03) lb      s4, -1(tp)
core   0: 3 0x8000c000 (0xfff20a03) x20 0xffffffc6 mem 0x80016035
core   0: 0x8000c004 (0xfcd203a3) sb      a3, -57(tp)
core   0: 3 0x8000c004 (0xfcd203a3) mem 0x80015ffd 0x44
core   0: 0x8000c008 (0x0aa56eb7) lui     t4, 0xaa56
core   0: 3 0x8000c008 (0x0aa56eb7) x29 0x0aa56000
core   0: 0x8000c00c (0xfcbb6b93) ori     s7, s6, -53
core   0: 3 0x8000c00c (0xfcbb6b93) x23 0xffffffeb
core   0: 0x8000c010 (0xfd4203a3) sb      s4, -57(tp)
core   0: 3 0x8000c010 (0xfd4203a3) mem 0x80015ffd 0xc6
core   0: 0x8000c014 (0xfd0203a3) sb      a6, -57(tp)
core   0: 3 0x8000c014 (0xfd0203a3) mem 0x80015ffd 0x83
core   0: 0x8000c018 (0x00010e17) auipc   t3, 0x10
core   0: 3 0x8000c018 (0x00010e17) x28 0x8001c018
core   0: 0x8000c01c (0x86fe0e13) addi    t3, t3, -1937
core   0: 3 0x8000c01c (0x86fe0e13) x28 0x8001b887
core   0: 0x8000c020 (0x0ff0000f) fence   iorw,iorw
core   0: 3 0x8000c020 (0x0ff0000f)
core   0: 0x8000c024 (0xff0e4d83) lbu     s11, -16(t3)
core   0: 3 0x8000c024 (0xff0e4d83) x27 0x0000002c mem 0x8001b877
core   0: 0x8000c028 (0xff0e0403) lb      s0, -16(t3)
core   0: 3 0x8000c028 (0xff0e0403) x 8 0x0000002c mem 0x8001b877
core   0: 0x8000c02c (0x4041dab3) sra     s5, gp, tp
core   0: 3 0x8000c02c (0x4041dab3) x21 0x00000000
core   0: 0x8000c030 (0x00ab36b3) sltu    a3, s6, a0
core   0: 3 0x8000c030 (0x00ab36b3) x13 0x00000000
core   0: 0x8000c034 (0x007e4803) lbu     a6, 7(t3)
core   0: 3 0x8000c034 (0x007e4803) x16 0x00000045 mem 0x8001b88e
core   0: 0x8000c038 (0x1a68f9b7) lui     s3, 0x1a68f
core   0: 3 0x8000c038 (0x1a68f9b7) x19 0x1a68f000
core   0: 0x8000c03c (0xffbe0c23) sb      s11, -8(t3)
core   0: 3 0x8000c03c (0xffbe0c23) mem 0x8001b87f 0x2c
core   0: 0x8000c040 (0xffae4d83) lbu     s11, -6(t3)
core   0: 3 0x8000c040 (0xffae4d83) x27 0x0000003a mem 0x8001b881
core   0: 0x8000c044 (0x00fe0683) lb      a3, 15(t3)
core   0: 3 0x8000c044 (0x00fe0683) x13 0x0000004d mem 0x8001b896
core   0: 0x8000c048 (0xff6e1da3) sh      s6, -5(t3)
core   0: 3 0x8000c048 (0xff6e1da3) mem 0x8001b882 0xffe1
core   0: 0x8000c04c (0xff5e1aa3) sh      s5, -11(t3)
core   0: 3 0x8000c04c (0xff5e1aa3) mem 0x8001b87c 0x0000
core   0: 0x8000c050 (0xfede1ba3) sh      a3, -9(t3)
core   0: 3 0x8000c050 (0xfede1ba3) mem 0x8001b87e 0x004d
core   0: 0x8000c054 (0xfe8e1ca3) sh      s0, -7(t3)
core   0: 3 0x8000c054 (0xfe8e1ca3) mem 0x8001b880 0x002c
core   0: 0x8000c058 (0xff9e5983) lhu     s3, -7(t3)
core   0: 3 0x8000c058 (0xff9e5983) x19 0x0000002c mem 0x8001b880
core   0: 0x8000c05c (0xff3e1883) lh      a7, -13(t3)
core   0: 3 0x8000c05c (0xff3e1883) x17 0x00003031 mem 0x8001b87a
core   0: 0x8000c060 (0xffee4303) lbu     t1, -2(t3)
core   0: 3 0x8000c060 (0xffee4303) x 6 0x0000003e mem 0x8001b885
core   0: 0x8000c064 (0x0ff0000f) fence   iorw,iorw
core   0: 3 0x8000c064 (0x0ff0000f)
core   0: 0x8000c068 (0xfffe0e83) lb      t4, -1(t3)
core   0: 3 0x8000c068 (0xfffe0e83) x29 0x0000003d mem 0x8001b886
core   0: 0x8000c06c (0xffee4303) lbu     t1, -2(t3)
core   0: 3 0x8000c06c (0xffee4303) x 6 0x0000003e mem 0x8001b885
core   0: 0x8000c070 (0x007e1403) lh      s0, 7(t3)
core   0: 3 0x8000c070 (0x007e1403) x 8 0x00004445 mem 0x8001b88e
core   0: 0x8000c074 (0x015e26a3) sw      s5, 13(t3)
core   0: 3 0x8000c074 (0x015e26a3) mem 0x8001b894 0x00000000
core   0: 0x8000c078 (0xa258a093) slti    ra, a7, -1499
core   0: 3 0x8000c078 (0xa258a093) x 1 0x00000000
core   0: 0x8000c07c (0x00c69733) sll     a4, a3, a2
core   0: 3 0x8000c07c (0x00c69733) x14 0x000004d0
core   0: 0x8000c080 (0x9f618c93) addi    s9, gp, -1546
core   0: 3 0x8000c080 (0x9f618c93) x25 0xfffff9f6
core   0: 0x8000c084 (0xff3e0e23) sb      s3, -4(t3)
core   0: 3 0x8000c084 (0xff3e0e23) mem 0x8001b883 0x2c
core   0: 0x8000c088 (0x78b6ff93) andi    t6, a3, 1931
core   0: 3 0x8000c088 (0x78b6ff93) x31 0x00000009
core   0: 0x8000c08c (0x888f4713) xori    a4, t5, -1912
core   0: 3 0x8000c08c (0x888f4713) x14 0xcf28b788
core   0: 0x8000c090 (0x005932b3) sltu    t0, s2, t0
core   0: 3 0x8000c090 (0x005932b3) x 5 0x00000000
core   0: 0x8000c094 (0x002e0b03) lb      s6, 2(t3)
core   0: 3 0x8000c094 (0x002e0b03) x22 0x00000042 mem 0x8001b889
core   0: 0x8000c098 (0x0047abb3) slt     s7, a5, tp
core   0: 3 0x8000c098 (0x0047abb3) x23 0x00000000
core   0: 0x8000c09c (0x012c51b3) srl     gp, s8, s2
core   0: 3 0x8000c09c (0x012c51b3) x 3 0x0007ffff
core   0: 0x8000c0a0 (0x006e4503) lbu     a0, 6(t3)
core   0: 3 0x8000c0a0 (0x006e4503) x10 0x00000046 mem 0x8001b88d
core   0: 0x8000c0a4 (0x011e14a3) sh      a7, 9(t3)
core   0: 3 0x8000c0a4 (0x011e14a3) mem 0x8001b890 0x3031
core   0: 0x8000c0a8 (0xff3e4903) lbu     s2, -13(t3)
core   0: 3 0x8000c0a8 (0xff3e4903) x18 0x00000031 mem 0x8001b87a
core   0: 0x8000c0ac (0x4186d433) sra     s0, a3, s8
core   0: 3 0x8000c0ac (0x4186d433) x 8 0x00000026
core   0: 0x8000c0b0 (0x004e0623) sb      tp, 12(t3)
core   0: 3 0x8000c0b0 (0x004e0623) mem 0x8001b893 0x36
core   0: 0x8000c0b4 (0x00c25c33) srl     s8, tp, a2
core   0: 3 0x8000c0b4 (0x00c25c33) x24 0x08001603
core   0: 0x8000c0b8 (0xc1cdfc17) auipc   s8, 0xc1cdf
core   0: 3 0x8000c0b8 (0xc1cdfc17) x24 0x41ceb0b8
core   0: 0x8000c0bc (0x00ae20a3) sw      a0, 1(t3)
core   0: 3 0x8000c0bc (0x00ae20a3) mem 0x8001b888 0x00000046
core   0: 0x8000c0c0 (0xfe0e0c23) sb      zero, -8(t3)
core   0: 3 0x8000c0c0 (0xfe0e0c23) mem 0x8001b87f 0x0
core   0: 0x8000c0c4 (0xfc5db313) sltiu   t1, s11, -59
core   0: 3 0x8000c0c4 (0xfc5db313) x 6 0x00000001
core   0: 0x8000c0c8 (0xfece1aa3) sh      a2, -11(t3)
core   0: 3 0x8000c0c8 (0xfece1aa3) mem 0x8001b87c 0xae04
core   0: 0x8000c0cc (0xffee0903) lb      s2, -2(t3)
core   0: 3 0x8000c0cc (0xffee0903) x18 0x0000003e mem 0x8001b885
core   0: 0x8000c0d0 (0x0001d4b3) srl     s1, gp, zero
core   0: 3 0x8000c0d0 (0x0001d4b3) x 9 0x0007ffff
core   0: 0x8000c0d4 (0x018e0223) sb      s8, 4(t3)
core   0: 3 0x8000c0d4 (0x018e0223) mem 0x8001b88b 0xb8
core   0: 0x8000c0d8 (0x0000b817) auipc   a6, 0xb
core   0: 3 0x8000c0d8 (0x0000b817) x16 0x800170d8
core   0: 0x8000c0dc (0x7f380813) addi    a6, a6, 2035
core   0: 3 0x8000c0dc (0x7f380813) x16 0x800178cb
core   0: 0x8000c0e0 (0x00009f97) auipc   t6, 0x9
core   0: 3 0x8000c0e0 (0x00009f97) x31 0x800150e0
core   0: 0x8000c0e4 (0x741f8f93) addi    t6, t6, 1857
core   0: 3 0x8000c0e4 (0x741f8f93) x31 0x80015821
core   0: 0x8000c0e8 (0xff180723) sb      a7, -18(a6)
core   0: 3 0x8000c0e8 (0xff180723) mem 0x800178b9 0x31
core   0: 0x8000c0ec (0xff8f9ea3) sh      s8, -3(t6)
core   0: 3 0x8000c0ec (0xff8f9ea3) mem 0x8001581e 0xb0b8
core   0: 0x8000c0f0 (0xfd984403) lbu     s0, -39(a6)
core   0: 3 0x8000c0f0 (0xfd984403) x 8 0x0000005f mem 0x800178a4
core   0: 0x8000c0f4 (0x00cf8023) sb      a2, 0(t6)
core   0: 3 0x8000c0f4 (0x00cf8023) mem 0x80015821 0x4
core   0: 0x8000c0f8 (0xfd780b23) sb      s7, -42(a6)
core   0: 3 0x8000c0f8 (0xfd780b23) mem 0x800178a1 0x0
core   0: 0x8000c0fc (0x02b85b83) lhu     s7, 43(a6)
core   0: 3 0x8000c0fc (0x02b85b83) x23 0x0000acad mem 0x800178f6
core   0: 0x8000c100 (0x02484783) lbu     a5, 36(a6)
core   0: 3 0x8000c100 (0x02484783) x15 0x000000a4 mem 0x800178ef
core   0: 0x8000c104 (0xffefc403) lbu     s0, -2(t6)
core   0: 3 0x8000c104 (0xffefc403) x 8 0x000000b0 mem 0x8001581f
core   0: 0x8000c108 (0x02784a83) lbu     s5, 39(a6)
core   0: 3 0x8000c108 (0x02784a83) x21 0x000000a9 mem 0x800178f2
core   0: 0x8000c10c (0xff1f99a3) sh      a7, -13(t6)
core   0: 3 0x8000c10c (0xff1f99a3) mem 0x80015814 0x3031
core   0: 0x8000c110 (0xfdc80183) lb      gp, -36(a6)
core   0: 3 0x8000c110 (0xfdc80183) x 3 0x0000005c mem 0x800178a7
core   0: 0x8000c114 (0x009f8323) sb      s1, 6(t6)
core   0: 3 0x8000c114 (0x009f8323) mem 0x80015827 0xff
core   0: 0x8000c118 (0xfe284383) lbu     t2, -30(a6)
core   0: 3 0x8000c118 (0xfe284383) x 7 0x00000066 mem 0x800178ad
core   0: 0x8000c11c (0xfc480e03) lb      t3, -60(a6)
core   0: 3 0x8000c11c (0xfc480e03) x28 0x00000044 mem 0x8001788f
core   0: 0x8000c120 (0xffefc003) lbu     zero, -2(t6)
core   0: 3 0x8000c120 (0xffefc003) mem 0x8001581f
core   0: 0x8000c124 (0x00016f97) auipc   t6, 0x16
core   0: 3 0x8000c124 (0x00016f97) x31 0x80022124
core   0: 0x8000c128 (0x605f8f93) addi    t6, t6, 1541
core   0: 3 0x8000c128 (0x605f8f93) x31 0x80022729
core   0: 0x8000c12c (0x00012917) auipc   s2, 0x12
core   0: 3 0x8000c12c (0x00012917) x18 0x8001e12c
core   0: 0x8000c130 (0x8bb90913) addi    s2, s2, -1861
core   0: 3 0x8000c130 (0x8bb90913) x18 0x8001d9e7
core   0: 0x8000c134 (0x0000c797) auipc   a5, 0xc
core   0: 3 0x8000c134 (0x0000c797) x15 0x80018134
core   0: 0x8000c138 (0xb5678793) addi    a5, a5, -1194
core   0: 3 0x8000c138 (0xb5678793) x15 0x80017c8a
core   0: 0x8000c13c (0x04b78883) lb      a7, 75(a5)
core   0: 3 0x8000c13c (0x04b78883) x17 0xffffff8e mem 0x80017cd5
core   0: 0x8000c140 (0xffcf8203) lb      tp, -4(t6)
core   0: 3 0x8000c140 (0xffcf8203) x 4 0xffffffde mem 0x80022725
core   0: 0x8000c144 (0x02195403) lhu     s0, 33(s2)
core   0: 3 0x8000c144 (0x02195403) x 8 0x0000c2c3 mem 0x8001da08
core   0: 0x8000c148 (0x0001a817) auipc   a6, 0x1a
core   0: 3 0x8000c148 (0x0001a817) x16 0x80026148
core   0: 0x8000c14c (0x91f80813) addi    a6, a6, -1761
core   0: 3 0x8000c14c (0x91f80813) x16 0x80025a67
core   0: 0x8000c150 (0x00d78c03) lb      s8, 13(a5)
core   0: 3 0x8000c150 (0x00d78c03) x24 0x0000004c mem 0x80017c97
core   0: 0x8000c154 (0xfeef8aa3) sb      a4, -11(t6)
core   0: 3 0x8000c154 (0xfeef8aa3) mem 0x8002271e 0x88
core   0: 0x8000c158 (0xfd194083) lbu     ra, -47(s2)
core   0: 3 0x8000c158 (0xfd194083) x 1 0x00000073 mem 0x8001d9b8
core   0: 0x8000c15c (0xf5780b83) lb      s7, -169(a6)
core   0: 3 0x8000c15c (0xf5780b83) x23 0x00000075 mem 0x800259be
core   0: 0x8000c160 (0xf897cf03) lbu     t5, -119(a5)
core   0: 3 0x8000c160 (0xf897cf03) x30 0x000000c8 mem 0x80017c13
core   0: 0x8000c164 (0x00cfc403) lbu     s0, 12(t6)
core   0: 3 0x8000c164 (0x00cfc403) x 8 0x000000ee mem 0x80022735
core   0: 0x8000c168 (0xf5781a83) lh      s5, -169(a6)
core   0: 3 0x8000c168 (0xf5781a83) x21 0x00007475 mem 0x800259be
core   0: 0x8000c16c (0xf4c78ba3) sb      a2, -169(a5)
core   0: 3 0x8000c16c (0xf4c78ba3) mem 0x80017be1 0x4
core   0: 0x8000c170 (0xffbf9da3) sh      s11, -5(t6)
core   0: 3 0x8000c170 (0xffbf9da3) mem 0x80022724 0x003a
core   0: 0x8000c174 (0xff3fd683) lhu     a3, -13(t6)
core   0: 3 0x8000c174 (0xff3fd683) x13 0x0000d6d7 mem 0x8002271c
core   0: 0x8000c178 (0xf077c303) lbu     t1, -249(a5)
core   0: 3 0x8000c178 (0xf077c303) x 6 0x0000004a mem 0x80017b91
core   0: 0x8000c17c (0xffd81f03) lh      t5, -3(a6)
core   0: 3 0x8000c17c (0xffd81f03) x30 0x00001e1f mem 0x80025a64
core   0: 0x8000c180 (0xfd9913a3) sh      s9, -57(s2)
core   0: 3 0x8000c180 (0xfd9913a3) mem 0x8001d9ae 0xf9f6
core   0: 0x8000c184 (0xffbfa683) lw      a3, -5(t6)
core   0: 3 0x8000c184 (0xffbfa683) x13 0xdcdd003a mem 0x80022724
core   0: 0x8000c188 (0xf0f78323) sb      a5, -250(a5)
core   0: 3 0x8000c188 (0xf0f78323) mem 0x80017b90 0x8a
core   0: 0x8000c18c (0xff795203) lhu     tp, -9(s2)
core   0: 3 0x8000c18c (0xff795203) x 4 0x00009495 mem 0x8001d9de
core   0: 0x8000c190 (0x087802a3) sb      t2, 133(a6)
core   0: 3 0x8000c190 (0x087802a3) mem 0x80025aec 0x66
core   0: 0x8000c194 (0x018f8023) sb      s8, 0(t6)
core   0: 3 0x8000c194 (0x018f8023) mem 0x80022729 0x4c
core   0: 0x8000c198 (0x00f78203) lb      tp, 15(a5)
core   0: 3 0x8000c198 (0x00f78203) x 4 0x00000052 mem 0x80017c99
core   0: 0x8000c19c (0x02c90e23) sb      a2, 60(s2)
core   0: 3 0x8000c19c (0x02c90e23) mem 0x8001da23 0x4
core   0: 0x8000c1a0 (0x0c284d83) lbu     s11, 194(a6)
core   0: 3 0x8000c1a0 (0x0c284d83) x27 0x000000e2 mem 0x80025b29
core   0: 0x8000c1a4 (0xf7f780a3) sb      t6, -159(a5)
core   0: 3 0x8000c1a4 (0xf7f780a3) mem 0x80017beb 0x29
core   0: 0x8000c1a8 (0x00af8303) lb      t1, 10(t6)
core   0: 3 0x8000c1a8 (0x00af8303) x 6 0xffffffe8 mem 0x80022733
core   0: 0x8000c1ac (0x00009917) auipc   s2, 0x9
core   0: 3 0x8000c1ac (0x00009917) x18 0x800151ac
core   0: 0x8000c1b0 (0xfe990913) addi    s2, s2, -23
core   0: 3 0x8000c1b0 (0xfe990913) x18 0x80015195
core   0: 0x8000c1b4 (0x0000a497) auipc   s1, 0xa
core   0: 3 0x8000c1b4 (0x0000a497) x 9 0x800161b4
core   0: 0x8000c1b8 (0x85548493) addi    s1, s1, -1963
core   0: 3 0x8000c1b8 (0x85548493) x 9 0x80015a09
core   0: 0x8000c1bc (0x0000a717) auipc   a4, 0xa
core   0: 3 0x8000c1bc (0x0000a717) x14 0x800161bc
core   0: 0x8000c1c0 (0xbfc70713) addi    a4, a4, -1028
core   0: 3 0x8000c1c0 (0xbfc70713) x14 0x80015db8
core   0: 0x8000c1c4 (0x00009f97) auipc   t6, 0x9
core   0: 3 0x8000c1c4 (0x00009f97) x31 0x800151c4
core   0: 0x8000c1c8 (0xfcbf8f93) addi    t6, t6, -53
core   0: 3 0x8000c1c8 (0xfcbf8f93) x31 0x8001518f
core   0: 0x8000c1cc (0x00c48923) sb      a2, 18(s1)
core   0: 3 0x8000c1cc (0x00c48923) mem 0x80015a1b 0x4
core   0: 0x8000c1d0 (0xffc48383) lb      t2, -4(s1)
core   0: 3 0x8000c1d0 (0xffc48383) x 7 0xffffffac mem 0x80015a05
core   0: 0x8000c1d4 (0xfd4482a3) sb      s4, -59(s1)
core   0: 3 0x8000c1d4 (0xfd4482a3) mem 0x800159ce 0xc6
core   0: 0x8000c1d8 (0x65190323) sb      a7, 1606(s2)
core   0: 3 0x8000c1d8 (0x65190323) mem 0x800157db 0x8e
core   0: 0x8000c1dc (0xfc6f8d83) lb      s11, -58(t6)
core   0: 3 0x8000c1dc (0xfc6f8d83) x27 0x0000000e mem 0x80015155
core   0: 0x8000c1e0 (0x01c71323) sh      t3, 6(a4)
core   0: 3 0x8000c1e0 (0x01c71323) mem 0x80015dbe 0x0044
core   0: 0x8000c1e4 (0x38b92283) lw      t0, 907(s2)
core   0: 3 0x8000c1e4 (0x38b92283) x 5 0xd8d9ac56 mem 0x80015520
core   0: 0x8000c1e8 (0xfe8f8f23) sb      s0, -2(t6)
core   0: 3 0x8000c1e8 (0xfe8f8f23) mem 0x8001518d 0xee
core   0: 0x8000c1ec (0x003f9f03) lh      t5, 3(t6)
core   0: 3 0x8000c1ec (0x003f9f03) x30 0x00004849 mem 0x80015192
core   0: 0x8000c1f0 (0xff2f8183) lb      gp, -14(t6)
core   0: 3 0x8000c1f0 (0xff2f8183) x 3 0x0000003a mem 0x80015181
core   0: 0x8000c1f4 (0x1f794403) lbu     s0, 503(s2)
core   0: 3 0x8000c1f4 (0x1f794403) x 8 0x00000047 mem 0x8001538c
core   0: 0x8000c1f8 (0x00075083) lhu     ra, 0(a4)
core   0: 3 0x8000c1f8 (0x00075083) x 1 0x00007273 mem 0x80015db8
core   0: 0x8000c1fc (0xfd54d503) lhu     a0, -43(s1)
core   0: 3 0x8000c1fc (0xfd54d503) x10 0x0000e400 mem 0x800159de
core   0: 0x8000c200 (0xff870503) lb      a0, -8(a4)
core   0: 3 0x8000c200 (0xff870503) x10 0x0000006b mem 0x80015db0
core   0: 0x8000c204 (0x03a4cb03) lbu     s6, 58(s1)
core   0: 3 0x8000c204 (0x03a4cb03) x22 0x000000cb mem 0x80015a43
core   0: 0x8000c208 (0xfc0f8d23) sb      zero, -38(t6)
core   0: 3 0x8000c208 (0xfc0f8d23) mem 0x80015169 0x0
core   0: 0x8000c20c (0xfe349403) lh      s0, -29(s1)
core   0: 3 0x8000c20c (0xfe349403) x 8 0xffffa6a7 mem 0x800159ec
core   0: 0x8000c210 (0x014707a3) sb      s4, 15(a4)
core   0: 3 0x8000c210 (0x014707a3) mem 0x80015dc7 0xc6
core   0: 0x8000c214 (0xfdbf9503) lh      a0, -37(t6)
core   0: 3 0x8000c214 (0xfdbf9503) x10 0x00002021 mem 0x8001516a
core   0: 0x8000c218 (0xfd395783) lhu     a5, -45(s2)
core   0: 3 0x8000c218 (0xfd395783) x15 0x00000023 mem 0x80015168
core   0: 0x8000c21c (0x03949783) lh      a5, 57(s1)
core   0: 3 0x8000c21c (0x03949783) x15 0xffffcb00 mem 0x80015a42
core   0: 0x8000c220 (0x01af8aa3) sb      s10, 21(t6)
core   0: 3 0x8000c220 (0x01af8aa3) mem 0x800151a4 0x5
core   0: 0x8000c224 (0xfed48b23) sb      a3, -10(s1)
core   0: 3 0x8000c224 (0xfed48b23) mem 0x800159ff 0x3a
core   0: 0x8000c228 (0xfd948da3) sb      s9, -37(s1)
core   0: 3 0x8000c228 (0xfd948da3) mem 0x800159e4 0xf6
core   0: 0x8000c22c (0xea990d23) sb      s1, -326(s2)
core   0: 3 0x8000c22c (0xea990d23) mem 0x8001504f 0x9
core   0: 0x8000c230 (0xff171e23) sh      a7, -4(a4)
core   0: 3 0x8000c230 (0xff171e23) mem 0x80015db4 0xff8e
core   0: 0x8000c234 (0xfce49fa3) sh      a4, -33(s1)
core   0: 3 0x8000c234 (0xfce49fa3) mem 0x800159e8 0x5db8
core   0: 0x8000c238 (0x031f9183) lh      gp, 49(t6)
core   0: 3 0x8000c238 (0x031f9183) x 3 0x00007a7b mem 0x800151c0
core   0: 0x8000c23c (0x0000a417) auipc   s0, 0xa
core   0: 3 0x8000c23c (0x0000a417) x 8 0x8001623c
core   0: 0x8000c240 (0xb5140413) addi    s0, s0, -1199
core   0: 3 0x8000c240 (0xb5140413) x 8 0x80015d8d
core   0: 0x8000c244 (0x0bd44503) lbu     a0, 189(s0)
core   0: 3 0x8000c244 (0x0bd44503) x10 0x00000001 mem 0x80015e4a
core   0: 0x8000c248 (0x96db0693) addi    a3, s6, -1683
core   0: 3 0x8000c248 (0x96db0693) x13 0xfffffa38
core   0: 0x8000c24c (0x0159ccb3) xor     s9, s3, s5
core   0: 3 0x8000c24c (0x0159ccb3) x25 0x00007459
core   0: 0x8000c250 (0xfe640023) sb      t1, -32(s0)
core   0: 3 0x8000c250 (0xfe640023) mem 0x80015d6d 0xe8
core   0: 0x8000c254 (0xf1e8a493) slti    s1, a7, -226
core   0: 3 0x8000c254 (0xf1e8a493) x 9 0x00000000
core   0: 0x8000c258 (0xf1740323) sb      s7, -250(s0)
core   0: 3 0x8000c258 (0xf1740323) mem 0x80015c93 0x75
core   0: 0x8000c25c (0x68066b93) ori     s7, a2, 1664
core   0: 3 0x8000c25c (0x68066b93) x23 0x8002ae84
core   0: 0x8000c260 (0x0000100f) fence.i
core   0: 3 0x8000c260 (0x0000100f)
core   0: 0x8000c264 (0x0c640e83) lb      t4, 198(s0)
core   0: 3 0x8000c264 (0x0c640e83) x29 0x00000000 mem 0x80015e53
core   0: 0x8000c268 (0x005a64b3) or      s1, s4, t0
core   0: 3 0x8000c268 (0x005a64b3) x 9 0xffffffd6
core   0: 0x8000c26c (0xfc040e23) sb      zero, -36(s0)
core   0: 3 0x8000c26c (0xfc040e23) mem 0x80015d69 0x0
core   0: 0x8000c270 (0xf7840503) lb      a0, -136(s0)
core   0: 3 0x8000c270 (0xf7840503) x10 0xffffff92 mem 0x80015d05
core   0: 0x8000c274 (0x010d53b3) srl     t2, s10, a6
core   0: 3 0x8000c274 (0x010d53b3) x 7 0x01000554
core   0: 0x8000c278 (0x40310d33) sub     s10, sp, gp
core   0: 3 0x8000c278 (0x40310d33) x26 0x80027269
core   0: 0x8000c27c (0xfb545003) lhu     zero, -75(s0)
core   0: 3 0x8000c27c (0xfb545003) mem 0x80015d42
core   0: 0x8000c280 (0x08140aa3) sb      ra, 149(s0)
core   0: 3 0x8000c280 (0x08140aa3) mem 0x80015e22 0x73
core   0: 0x8000c284 (0x04c44503) lbu     a0, 76(s0)
core   0: 3 0x8000c284 (0x04c44503) x10 0x00000092 mem 0x80015dd9
core   0: 0x8000c288 (0x3c15b013) sltiu   zero, a1, 961
core   0: 3 0x8000c288 (0x3c15b013)
core   0: 0x8000c28c (0x41f05193) srai    gp, zero, 31
core   0: 3 0x8000c28c (0x41f05193) x 3 0x00000000
core   0: 0x8000c290 (0x00e242b3) xor     t0, tp, a4
core   0: 3 0x8000c290 (0x00e242b3) x 5 0x80015dea
core   0: 0x8000c294 (0x69473313) sltiu   t1, a4, 1684
core   0: 3 0x8000c294 (0x69473313) x 6 0x00000000
core   0: 0x8000c298 (0x00000013) nop
core   0: 3 0x8000c298 (0x00000013)
core   0: 0x8000c29c (0x002405a3) sb      sp, 11(s0)
core   0: 3 0x8000c29c (0x002405a3) mem 0x80015d98 0xe4
core   0: 0x8000c2a0 (0x0166fdb3) and     s11, a3, s6
core   0: 3 0x8000c2a0 (0x0166fdb3) x27 0x00000008
core   0: 0x8000c2a4 (0xf8240b03) lb      s6, -126(s0)
core   0: 3 0x8000c2a4 (0xf8240b03) x22 0xffffffc4 mem 0x80015d0f
core   0: 0x8000c2a8 (0x401c5b93) srai    s7, s8, 1
core   0: 3 0x8000c2a8 (0x401c5b93) x23 0x00000026
core   0: 0x8000c2ac (0x30618737) lui     a4, 0x30618
core   0: 3 0x8000c2ac (0x30618737) x14 0x30618000
core   0: 0x8000c2b0 (0xf9f73b93) sltiu   s7, a4, -97
core   0: 3 0x8000c2b0 (0xf9f73b93) x23 0x00000001
core   0: 0x8000c2b4 (0xf4141d83) lh      s11, -191(s0)
core   0: 3 0x8000c2b4 (0xf4141d83) x27 0xffff8485 mem 0x80015cce
core   0: 0x8000c2b8 (0x03540d03) lb      s10, 53(s0)
core   0: 3 0x8000c2b8 (0x03540d03) x26 0x00000079 mem 0x80015dc2
core   0: 0x8000c2bc (0x04a42ba3) sw      a0, 87(s0)
core   0: 3 0x8000c2bc (0x04a42ba3) mem 0x80015de4 0x00000092
core   0: 0x8000c2c0 (0x0ce44503) lbu     a0, 206(s0)
core   0: 3 0x8000c2c0 (0x0ce44503) x10 0x00000010 mem 0x80015e5b
core   0: 0x8000c2c4 (0x0065b733) sltu    a4, a1, t1
core   0: 3 0x8000c2c4 (0x0065b733) x14 0x00000000
core   0: 0x8000c2c8 (0x0ff0000f) fence   iorw,iorw
core   0: 3 0x8000c2c8 (0x0ff0000f)
core   0: 0x8000c2cc (0xfc740b83) lb      s7, -57(s0)
core   0: 3 0x8000c2cc (0xfc740b83) x23 0x0000000f mem 0x80015d54
core   0: 0x8000c2d0 (0xfa944883) lbu     a7, -87(s0)
core   0: 3 0x8000c2d0 (0xfa944883) x17 0x00000000 mem 0x80015d36
core   0: 0x8000c2d4 (0xf9b45a03) lhu     s4, -101(s0)
core   0: 3 0x8000c2d4 (0xf9b45a03) x20 0x0000e2e3 mem 0x80015d28
core   0: 0x8000c2d8 (0x00e2e1b3) or      gp, t0, a4
core   0: 3 0x8000c2d8 (0x00e2e1b3) x 3 0x80015dea
core   0: 0x8000c2dc (0x45ccd1b7) lui     gp, 0x45ccd
core   0: 3 0x8000c2dc (0x45ccd1b7) x 3 0x45ccd000
core   0: 0x8000c2e0 (0x4022d233) sra     tp, t0, sp
core   0: 3 0x8000c2e0 (0x4022d233) x 4 0xf80015de
core   0: 0x8000c2e4 (0xfe540e83) lb      t4, -27(s0)
core   0: 3 0x8000c2e4 (0xfe540e83) x29 0x00000029 mem 0x80015d72
core   0: 0x8000c2e8 (0x008e9db3) sll     s11, t4, s0
core   0: 3 0x8000c2e8 (0x008e9db3) x27 0x00052000
core   0: 0x8000c2ec (0xa25dbe17) auipc   t3, 0xa25db
core   0: 3 0x8000c2ec (0xa25dbe17) x28 0x225e72ec
core   0: 0x8000c2f0 (0x72b44f93) xori    t6, s0, 1835
core   0: 3 0x8000c2f0 (0x72b44f93) x31 0x80015aa6
core   0: 0x8000c2f4 (0x0ff0000f) fence   iorw,iorw
core   0: 3 0x8000c2f4 (0x0ff0000f)
core   0: 0x8000c2f8 (0xfb2418a3) sh      s2, -79(s0)
core   0: 3 0x8000c2f8 (0xfb2418a3) mem 0x80015d3e 0x5195
core   0: 0x8000c2fc (0x0a142ba3) sw      ra, 183(s0)
core   0: 3 0x8000c2fc (0x0a142ba3) mem 0x80015e44 0x00007273
core   0: 0x8000c300 (0xfbb40803) lb      a6, -69(s0)
core   0: 3 0x8000c300 (0xfbb40803) x16 0x00000003 mem 0x80015d48
core   0: 0x8000c304 (0x0000a097) auipc   ra, 0xa
core   0: 3 0x8000c304 (0x0000a097) x 1 0x80016304
core   0: 0x8000c308 (0xbba08093) addi    ra, ra, -1094
core   0: 3 0x8000c308 (0xbba08093) x 1 0x80015ebe
core   0: 0x8000c30c (0xff609883) lh      a7, -10(ra)
core   0: 3 0x8000c30c (0xff609883) x17 0x00006e6f mem 0x80015eb4
core   0: 0x8000c310 (0x0000aa17) auipc   s4, 0xa
core   0: 3 0x8000c310 (0x0000aa17) x20 0x80016310
core   0: 0x8000c314 (0x988a0a13) addi    s4, s4, -1656
core   0: 3 0x8000c314 (0x988a0a13) x20 0x80015c98
core   0: 0x8000c318 (0x0000a417) auipc   s0, 0xa
core   0: 3 0x8000c318 (0x0000a417) x 8 0x80016318
core   0: 0x8000c31c (0x89040413) addi    s0, s0, -1904
core   0: 3 0x8000c31c (0x89040413) x 8 0x80015ba8
core   0: 0x8000c320 (0x03308623) sb      s3, 44(ra)
core   0: 3 0x8000c320 (0x03308623) mem 0x80015eea 0x2c
core   0: 0x8000c324 (0x00009797) auipc   a5, 0x9
core   0: 3 0x8000c324 (0x00009797) x15 0x80015324
core   0: 0x8000c328 (0xef978793) addi    a5, a5, -263
core   0: 3 0x8000c328 (0xef978793) x15 0x8001521d
core   0: 0x8000c32c (0xfe708fa3) sb      t2, -1(ra)
core   0: 3 0x8000c32c (0xfe708fa3) mem 0x80015ebd 0x54
core   0: 0x8000c330 (0x01a0a123) sw      s10, 2(ra)
core   0: 3 0x8000c330 (0x01a0a123) mem 0x80015ec0 0x00000079
core   0: 0x8000c334 (0x09178a23) sb      a7, 148(a5)
core   0: 3 0x8000c334 (0x09178a23) mem 0x800152b1 0x6f
core   0: 0x8000c338 (0xfd7a4703) lbu     a4, -41(s4)
core   0: 3 0x8000c338 (0xfd7a4703) x14 0x00000024 mem 0x80015c6f
core   0: 0x8000c33c (0xfc2a0503) lb      a0, -62(s4)
core   0: 3 0x8000c33c (0xfc2a0503) x10 0x00000011 mem 0x80015c5a
core   0: 0x8000c340 (0x03a40683) lb      a3, 58(s0)
core   0: 3 0x8000c340 (0x03a40683) x13 0x00000000 mem 0x80015be2
core   0: 0x8000c344 (0xfc108903) lb      s2, -63(ra)
core   0: 3 0x8000c344 (0xfc108903) x18 0x00000034 mem 0x80015e7f
core   0: 0x8000c348 (0xfd5a4c83) lbu     s9, -43(s4)
core   0: 3 0x8000c348 (0xfd5a4c83) x25 0x00000026 mem 0x80015c6d
core   0: 0x8000c34c (0x021086a3) sb      ra, 45(ra)
core   0: 3 0x8000c34c (0x021086a3) mem 0x80015eeb 0xbe
core   0: 0x8000c350 (0x01da0983) lb      s3, 29(s4)
core   0: 3 0x8000c350 (0x01da0983) x19 0x0000006e mem 0x80015cb5
core   0: 0x8000c354 (0xfdda0a83) lb      s5, -35(s4)
core   0: 3 0x8000c354 (0xfdda0a83) x21 0x00000017 mem 0x80015c75
core   0: 0x8000c358 (0xff340303) lb      t1, -13(s0)
core   0: 3 0x8000c358 (0xff340303) x 6 0xffffff80 mem 0x80015b9b
core   0: 0x8000c35c (0xf4179803) lh      a6, -191(a5)
core   0: 3 0x8000c35c (0xf4179803) x16 0x00001415 mem 0x8001515e
core   0: 0x8000c360 (0xfe1a0b83) lb      s7, -31(s4)
core   0: 3 0x8000c360 (0xfe1a0b83) x23 0x00000032 mem 0x80015c79
core   0: 0x8000c364 (0xfd744803) lbu     a6, -41(s0)
core   0: 3 0x8000c364 (0xfd744803) x16 0x00000034 mem 0x80015b7f
core   0: 0x8000c368 (0x03f08703) lb      a4, 63(ra)
core   0: 3 0x8000c368 (0x03f08703) x14 0xffffffb6 mem 0x80015efd
core   0: 0x8000c36c (0xffc40ea3) sb      t3, -3(s0)
core   0: 3 0x8000c36c (0xffc40ea3) mem 0x80015ba5 0xec
core   0: 0x8000c370 (0x06f78f83) lb      t6, 111(a5)
core   0: 3 0x8000c370 (0x06f78f83) x31 0x00000047 mem 0x8001528c
core   0: 0x8000c374 (0x00344b83) lbu     s7, 3(s0)
core   0: 3 0x8000c374 (0x00344b83) x23 0x00000060 mem 0x80015bab
core   0: 0x8000c378 (0x00aa4183) lbu     gp, 10(s4)
core   0: 3 0x8000c378 (0x00aa4183) x 3 0x000000c9 mem 0x80015ca2
core   0: 0x8000c37c (0xfda0de03) lhu     t3, -38(ra)
core   0: 3 0x8000c37c (0xfda0de03) x28 0x00000000 mem 0x80015e98
core   0: 0x8000c380 (0xffd79183) lh      gp, -3(a5)
core   0: 3 0x8000c380 (0xffd79183) x 3 0xffffd0d1 mem 0x8001521a
core   0: 0x8000c384 (0xff20ad23) sw      s2, -6(ra)
core   0: 3 0x8000c384 (0xff20ad23) mem 0x80015eb8 0x00000034
core   0: 0x8000c388 (0xf5f7df83) lhu     t6, -161(a5)
core   0: 3 0x8000c388 (0xf5f7df83) x31 0x00003637 mem 0x8001517c
core   0: 0x8000c38c (0x00009497) auipc   s1, 0x9
core   0: 3 0x8000c38c (0x00009497) x 9 0x8001538c
core   0: 0x8000c390 (0x03448493) addi    s1, s1, 52
core   0: 3 0x8000c390 (0x03448493) x 9 0x800153c0
core   0: 0x8000c394 (0xff649b23) sh      s6, -10(s1)
core   0: 3 0x8000c394 (0xff649b23) mem 0x800153b6 0xffc4
core   0: 0x8000c398 (0xffb4cd83) lbu     s11, -5(s1)
core   0: 3 0x8000c398 (0xffb4cd83) x27 0x0000001b mem 0x800153bb
core   0: 0x8000c39c (0x6bc0ce93) xori    t4, ra, 1724
core   0: 3 0x8000c39c (0x6bc0ce93) x29 0x80015802
core   0: 0x8000c3a0 (0xff44d183) lhu     gp, -12(s1)
core   0: 3 0x8000c3a0 (0xff44d183) x 3 0x0000a66f mem 0x800153b4
core   0: 0x8000c3a4 (0x00427033) and     zero, tp, tp
core   0: 3 0x8000c3a4 (0x00427033)
core   0: 0x8000c3a8 (0x0ff0000f) fence   iorw,iorw
core   0: 3 0x8000c3a8 (0x0ff0000f)
core   0: 0x8000c3ac (0x00949223) sh      s1, 4(s1)
core   0: 3 0x8000c3ac (0x00949223) mem 0x800153c4 0x53c0
core   0: 0x8000c3b0 (0x00449383) lh      t2, 4(s1)
core   0: 3 0x8000c3b0 (0x00449383) x 7 0x000053c0 mem 0x800153c4
core   0: 0x8000c3b4 (0xbaff3213) sltiu   tp, t5, -1105
core   0: 3 0x8000c3b4 (0xbaff3213) x 4 0x00000001
core   0: 0x8000c3b8 (0x01048783) lb      a5, 16(s1)
core   0: 3 0x8000c3b8 (0x01048783) x15 0x00000050 mem 0x800153d0
core   0: 0x8000c3bc (0xff348803) lb      a6, -13(s1)
core   0: 3 0x8000c3bc (0xff348803) x16 0xffffffe5 mem 0x800153b3
core   0: 0x8000c3c0 (0x0054c183) lbu     gp, 5(s1)
core   0: 3 0x8000c3c0 (0x0054c183) x 3 0x00000053 mem 0x800153c5
core   0: 0x8000c3c4 (0x00b48083) lb      ra, 11(s1)
core   0: 3 0x8000c3c4 (0x00b48083) x 1 0xffffffe4 mem 0x800153cb
core   0: 0x8000c3c8 (0xff64c203) lbu     tp, -10(s1)
core   0: 3 0x8000c3c8 (0xff64c203) x 4 0x000000c4 mem 0x800153b6
core   0: 0x8000c3cc (0xffd48e83) lb      t4, -3(s1)
core   0: 3 0x8000c3cc (0xffd48e83) x29 0xffffffb8 mem 0x800153bd
core   0: 0x8000c3d0 (0x41455f33) sra     t5, a0, s4
core   0: 3 0x8000c3d0 (0x41455f33) x30 0x00000000
core   0: 0x8000c3d4 (0x00c4de03) lhu     t3, 12(s1)
core   0: 3 0x8000c3d4 (0x00c4de03) x28 0x0000ff87 mem 0x800153cc
core   0: 0x8000c3d8 (0x41dd5b93) srai    s7, s10, 29
core   0: 3 0x8000c3d8 (0x41dd5b93) x23 0x00000000
core   0: 0x8000c3dc (0xffd48c03) lb      s8, -3(s1)
core   0: 3 0x8000c3dc (0xffd48c03) x24 0xffffffb8 mem 0x800153bd
core   0: 0x8000c3e0 (0x017a5a33) srl     s4, s4, s7
core   0: 3 0x8000c3e0 (0x017a5a33) x20 0x80015c98
core   0: 0x8000c3e4 (0xffd48c83) lb      s9, -3(s1)
core   0: 3 0x8000c3e4 (0xffd48c83) x25 0xffffffb8 mem 0x800153bd
core   0: 0x8000c3e8 (0x00c4c703) lbu     a4, 12(s1)
core   0: 3 0x8000c3e8 (0x00c4c703) x14 0x00000087 mem 0x800153cc
core   0: 0x8000c3ec (0x00f906b3) add     a3, s2, a5
core   0: 3 0x8000c3ec (0x00f906b3) x13 0x00000084
core   0: 0x8000c3f0 (0x41a6d393) srai    t2, a3, 26
core   0: 3 0x8000c3f0 (0x41a6d393) x 7 0x00000000
core   0: 0x8000c3f4 (0xa1c24697) auipc   a3, 0xa1c24
core   0: 3 0x8000c3f4 (0xa1c24697) x13 0x21c303f4
core   0: 0x8000c3f8 (0x0130d093) srli    ra, ra, 19
core   0: 3 0x8000c3f8 (0x0130d093) x 1 0x00001fff
core   0: 0x8000c3fc (0x40015333) sra     t1, sp, zero
core   0: 3 0x8000c3fc (0x40015333) x 6 0x8002ece4
core   0: 0x8000c400 (0x0064a423) sw      t1, 8(s1)
core   0: 3 0x8000c400 (0x0064a423) mem 0x800153c8 0x8002ece4
core   0: 0x8000c404 (0x00448703) lb      a4, 4(s1)
core   0: 3 0x8000c404 (0x00448703) x14 0xffffffc0 mem 0x800153c4
core   0: 0x8000c408 (0x00e482a3) sb      a4, 5(s1)
core   0: 3 0x8000c408 (0x00e482a3) mem 0x800153c5 0xc0
core   0: 0x8000c40c (0xff748ca3) sb      s7, -7(s1)
core   0: 3 0x8000c40c (0xff748ca3) mem 0x800153b9 0x0
core   0: 0x8000c410 (0x0ff0000f) fence   iorw,iorw
core   0: 3 0x8000c410 (0x0ff0000f)
core   0: 0x8000c414 (0x01648723) sb      s6, 14(s1)
core   0: 3 0x8000c414 (0x01648723) mem 0x800153ce 0xc4
core   0: 0x8000c418 (0xffd48ba3) sb      t4, -9(s1)
core   0: 3 0x8000c418 (0xffd48ba3) mem 0x800153b7 0xb8
core   0: 0x8000c41c (0x00d48723) sb      a3, 14(s1)
core   0: 3 0x8000c41c (0x00d48723) mem 0x800153ce 0xf4
core   0: 0x8000c420 (0xfea48ea3) sb      a0, -3(s1)
core   0: 3 0x8000c420 (0xfea48ea3) mem 0x800153bd 0x11
core   0: 0x8000c424 (0x4185d193) srai    gp, a1, 24
core   0: 3 0x8000c424 (0x4185d193) x 3 0xffffff80
core   0: 0x8000c428 (0x01b60b33) add     s6, a2, s11
core   0: 3 0x8000c428 (0x01b60b33) x22 0x8002ae1f
core   0: 0x8000c42c (0xfea48ba3) sb      a0, -9(s1)
core   0: 3 0x8000c42c (0xfea48ba3) mem 0x800153b7 0x11
core   0: 0x8000c430 (0x00948503) lb      a0, 9(s1)
core   0: 3 0x8000c430 (0x00948503) x10 0xffffffec mem 0x800153c9
core   0: 0x8000c434 (0xc6ce4b13) xori    s6, t3, -916
core   0: 3 0x8000c434 (0xc6ce4b13) x22 0xffff03eb
core   0: 0x8000c438 (0x00bf9413) slli    s0, t6, 11
core   0: 3 0x8000c438 (0x00bf9413) x 8 0x01b1b800
core   0: 0x8000c43c (0xff84c783) lbu     a5, -8(s1)
core   0: 3 0x8000c43c (0xff84c783) x15 0x00000073 mem 0x800153b8
core   0: 0x8000c440 (0x0074c803) lbu     a6, 7(s1)
core   0: 3 0x8000c440 (0x0074c803) x16 0x00000004 mem 0x800153c7
core   0: 0x8000c444 (0xffd48003) lb      zero, -3(s1)
core   0: 3 0x8000c444 (0xffd48003) mem 0x800153bd
core   0: 0x8000c448 (0x00009f97) auipc   t6, 0x9
core   0: 3 0x8000c448 (0x00009f97) x31 0x80015448
core   0: 0x8000c44c (0x31cf8f93) addi    t6, t6, 796
core   0: 3 0x8000c44c (0x31cf8f93) x31 0x80015764
core   0: 0x8000c450 (0x00f68033) add     zero, a3, a5
core   0: 3 0x8000c450 (0x00f68033)
core   0: 0x8000c454 (0xf30f9a23) sh      a6, -204(t6)
core   0: 3 0x8000c454 (0xf30f9a23) mem 0x80015698 0x0004
core   0: 0x8000c458 (0xf38f9a23) sh      s8, -204(t6)
core   0: 3 0x8000c458 (0xf38f9a23) mem 0x80015698 0xffb8
core   0: 0x8000c45c (0xf34f9403) lh      s0, -204(t6)
core   0: 3 0x8000c45c (0xf34f9403) x 8 0xffffffb8 mem 0x80015698
core   0: 0x8000c460 (0xf34f9a03) lh      s4, -204(t6)
core   0: 3 0x8000c460 (0xf34f9a03) x20 0xffffffb8 mem 0x80015698
core   0: 0x8000c464 (0x00000013) nop
core   0: 3 0x8000c464 (0x00000013)
core   0: 0x8000c468 (0xf3efaa23) sw      t5, -204(t6)
core   0: 3 0x8000c468 (0xf3efaa23) mem 0x80015698 0x00000000
core   0: 0x8000c46c (0xf2afaa23) sw      a0, -204(t6)
core   0: 3 0x8000c46c (0xf2afaa23) mem 0x80015698 0xffffffec
core   0: 0x8000c470 (0xf22f9a23) sh      sp, -204(t6)
core   0: 3 0x8000c470 (0xf22f9a23) mem 0x80015698 0xece4
core   0: 0x8000c474 (0x012c3333) sltu    t1, s8, s2
core   0: 3 0x8000c474 (0x012c3333) x 6 0x00000000
core   0: 0x8000c478 (0x0000100f) fence.i
core   0: 3 0x8000c478 (0x0000100f)
core   0: 0x8000c47c (0xd3e1ba93) sltiu   s5, gp, -706
core   0: 3 0x8000c47c (0xd3e1ba93) x21 0x00000000
core   0: 0x8000c480 (0xf27f9a23) sh      t2, -204(t6)
core   0: 3 0x8000c480 (0xf27f9a23) mem 0x80015698 0x0000
core   0: 0x8000c484 (0xf26faa23) sw      t1, -204(t6)
core   0: 3 0x8000c484 (0xf26faa23) mem 0x80015698 0x00000000
core   0: 0x8000c488 (0xf34fd283) lhu     t0, -204(t6)
core   0: 3 0x8000c488 (0xf34fd283) x 5 0x00000000 mem 0x80015698
core   0: 0x8000c48c (0xf34faa03) lw      s4, -204(t6)
core   0: 3 0x8000c48c (0xf34faa03) x20 0x00000000 mem 0x80015698
core   0: 0x8000c490 (0xf34fc983) lbu     s3, -204(t6)
core   0: 3 0x8000c490 (0xf34fc983) x19 0x00000000 mem 0x80015698
core   0: 0x8000c494 (0xf34f8a03) lb      s4, -204(t6)
core   0: 3 0x8000c494 (0xf34f8a03) x20 0x00000000 mem 0x80015698
core   0: 0x8000c498 (0x01d116b3) sll     a3, sp, t4
core   0: 3 0x8000c498 (0x01d116b3) x13 0xe4000000
core   0: 0x8000c49c (0xf34fd983) lhu     s3, -204(t6)
core   0: 3 0x8000c49c (0xf34fd983) x19 0x00000000 mem 0x80015698
core   0: 0x8000c4a0 (0xf27faa23) sw      t2, -204(t6)
core   0: 3 0x8000c4a0 (0xf27faa23) mem 0x80015698 0x00000000
core   0: 0x8000c4a4 (0xf34f9783) lh      a5, -204(t6)
core   0: 3 0x8000c4a4 (0xf34f9783) x15 0x00000000 mem 0x80015698
core   0: 0x8000c4a8 (0x00010297) auipc   t0, 0x10
core   0: 3 0x8000c4a8 (0x00010297) x 5 0x8001c4a8
core   0: 0x8000c4ac (0xfe328293) addi    t0, t0, -29
core   0: 3 0x8000c4ac (0xfe328293) x 5 0x8001c48b
core   0: 0x8000c4b0 (0x0ff0000f) fence   iorw,iorw
core   0: 3 0x8000c4b0 (0x0ff0000f)
core   0: 0x8000c4b4 (0xff32d503) lhu     a0, -13(t0)
core   0: 3 0x8000c4b4 (0xff32d503) x10 0x00003435 mem 0x8001c47e
core   0: 0x8000c4b8 (0x01cb1013) slli    zero, s6, 28
core   0: 3 0x8000c4b8 (0x01cb1013)
core   0: 0x8000c4bc (0xfe828fa3) sb      s0, -1(t0)
core   0: 3 0x8000c4bc (0xfe828fa3) mem 0x8001c48a 0xb8
core   0: 0x8000c4c0 (0x00c89b13) slli    s6, a7, 12
core   0: 3 0x8000c4c0 (0x00c89b13) x22 0x06e6f000
core   0: 0x8000c4c4 (0x00a28223) sb      a0, 4(t0)
core   0: 3 0x8000c4c4 (0x00a28223) mem 0x8001c48f 0x35
core   0: 0x8000c4c8 (0x01a294a3) sh      s10, 9(t0)
core   0: 3 0x8000c4c8 (0x01a294a3) mem 0x8001c494 0x0079
core   0: 0x8000c4cc (0x00129503) lh      a0, 1(t0)
core   0: 3 0x8000c4cc (0x00129503) x10 0x00004647 mem 0x8001c48c
core   0: 0x8000c4d0 (0x00d2a783) lw      a5, 13(t0)
core   0: 3 0x8000c4d0 (0x00d2a783) x15 0x50515253 mem 0x8001c498
core   0: 0x8000c4d4 (0xfe129da3) sh      ra, -5(t0)
core   0: 3 0x8000c4d4 (0xfe129da3) mem 0x8001c486 0x1fff
core   0: 0x8000c4d8 (0x011d5533) srl     a0, s10, a7
core   0: 3 0x8000c4d8 (0x011d5533) x10 0x00000000
core   0: 0x8000c4dc (0x6ebea013) slti    zero, t4, 1771
core   0: 3 0x8000c4dc (0x6ebea013)
core   0: 0x8000c4e0 (0x9ecbb413) sltiu   s0, s7, -1556
core   0: 3 0x8000c4e0 (0x9ecbb413) x 8 0x00000001
core   0: 0x8000c4e4 (0x082dda17) auipc   s4, 0x82dd
core   0: 3 0x8000c4e4 (0x082dda17) x20 0x882e94e4
core   0: 0x8000c4e8 (0xff229aa3) sh      s2, -11(t0)
core   0: 3 0x8000c4e8 (0xff229aa3) mem 0x8001c480 0x0034
core   0: 0x8000c4ec (0xfed28f23) sb      a3, -2(t0)
core   0: 3 0x8000c4ec (0xfed28f23) mem 0x8001c489 0x0
core   0: 0x8000c4f0 (0xff729903) lh      s2, -9(t0)
core   0: 3 0x8000c4f0 (0xff729903) x18 0x00003839 mem 0x8001c482
core   0: 0x8000c4f4 (0x002067b3) or      a5, zero, sp
core   0: 3 0x8000c4f4 (0x002067b3) x15 0x8002ece4
core   0: 0x8000c4f8 (0xb2853513) sltiu   a0, a0, -1240
core   0: 3 0x8000c4f8 (0xb2853513) x10 0x00000001
core   0: 0x8000c4fc (0xff92d183) lhu     gp, -7(t0)
core   0: 3 0x8000c4fc (0xff92d183) x 3 0x00003e3f mem 0x8001c484
core   0: 0x8000c500 (0x00728323) sb      t2, 6(t0)
core   0: 3 0x8000c500 (0x00728323) mem 0x8001c491 0x0
core   0: 0x8000c504 (0x01c28723) sb      t3, 14(t0)
core   0: 3 0x8000c504 (0x01c28723) mem 0x8001c499 0x87
core   0: 0x8000c508 (0xbf5d8b93) addi    s7, s11, -1035
core   0: 3 0x8000c508 (0xbf5d8b93) x23 0xfffffc10
core   0: 0x8000c50c (0xffe2aca3) sw      t5, -7(t0)
core   0: 3 0x8000c50c (0xffe2aca3) mem 0x8001c484 0x00000000
core   0: 0x8000c510 (0xff129b03) lh      s6, -15(t0)
core   0: 3 0x8000c510 (0xff129b03) x22 0x00003637 mem 0x8001c47c
core   0: 0x8000c514 (0xff72d903) lhu     s2, -9(t0)
core   0: 3 0x8000c514 (0xff72d903) x18 0x00003839 mem 0x8001c482
core   0: 0x8000c518 (0x01970933) add     s2, a4, s9
core   0: 3 0x8000c518 (0x01970933) x18 0xffffff78
core   0: 0x8000c51c (0xff52d983) lhu     s3, -11(t0)
core   0: 3 0x8000c51c (0xff52d983) x19 0x00000034 mem 0x8001c480
core   0: 0x8000c520 (0x0e838793) addi    a5, t2, 232
core   0: 3 0x8000c520 (0x0e838793) x15 0x000000e8
core   0: 0x8000c524 (0x31e4c793) xori    a5, s1, 798
core   0: 3 0x8000c524 (0x31e4c793) x15 0x800150de
core   0: 0x8000c528 (0x5b95c313) xori    t1, a1, 1465
core   0: 3 0x8000c528 (0x5b95c313) x 6 0x800005b9
core   0: 0x8000c52c (0x0042c883) lbu     a7, 4(t0)
core   0: 3 0x8000c52c (0x0042c883) x17 0x00000035 mem 0x8001c48f
core   0: 0x8000c530 (0x001e57b3) srl     a5, t3, ra
core   0: 3 0x8000c530 (0x001e57b3) x15 0x00000000
core   0: 0x8000c534 (0x0165ea33) or      s4, a1, s6
core   0: 3 0x8000c534 (0x0165ea33) x20 0x80003637
core   0: 0x8000c538 (0xfef28b23) sb      a5, -10(t0)
core   0: 3 0x8000c538 (0xfef28b23) mem 0x8001c481 0x0
core   0: 0x8000c53c (0xd33ced13) ori     s10, s9, -717
core   0: 3 0x8000c53c (0xd33ced13) x26 0xffffffbb
core   0: 0x8000c540 (0x0d08c693) xori    a3, a7, 208
core   0: 3 0x8000c540 (0x0d08c693) x13 0x000000e5
core   0: 0x8000c544 (0x009281a3) sb      s1, 3(t0)
core   0: 3 0x8000c544 (0x009281a3) mem 0x8001c48e 0xc0
core   0: 0x8000c548 (0x0072d683) lhu     a3, 7(t0)
core   0: 3 0x8000c548 (0x0072d683) x13 0x00004849 mem 0x8001c492
core   0: 0x8000c54c (0x00000013) nop
core   0: 3 0x8000c54c (0x00000013)
core   0: 0x8000c550 (0x00f28123) sb      a5, 2(t0)
core   0: 3 0x8000c550 (0x00f28123) mem 0x8001c48d 0x0
core   0: 0x8000c554 (0x0000100f) fence.i
core   0: 3 0x8000c554 (0x0000100f)
core   0: 0x8000c558 (0x006b1e33) sll     t3, s6, t1
core   0: 3 0x8000c558 (0x006b1e33) x28 0x6e000000
core   0: 0x8000c55c (0x015292a3) sh      s5, 5(t0)
core   0: 3 0x8000c55c (0x015292a3) mem 0x8001c490 0x0000
core   0: 0x8000c560 (0x01e6eab3) or      s5, a3, t5
core   0: 3 0x8000c560 (0x01e6eab3) x21 0x00004849
core   0: 0x8000c564 (0xffa2c783) lbu     a5, -6(t0)
core   0: 3 0x8000c564 (0xffa2c783) x15 0x00000000 mem 0x8001c485
core   0: 0x8000c568 (0x010b9f13) slli    t5, s7, 16
core   0: 3 0x8000c568 (0x010b9f13) x30 0xfc100000
core   0: 0x8000c56c (0x00000013) nop
core   0: 3 0x8000c56c (0x00000013)
core   0: 0x8000c570 (0x0182a0a3) sw      s8, 1(t0)
core   0: 3 0x8000c570 (0x0182a0a3) mem 0x8001c48c 0xffffffb8
core   0: 0x8000c574 (0x00b283a3) sb      a1, 7(t0)
core   0: 3 0x8000c574 (0x00b283a3) mem 0x8001c492 0x0
core   0: 0x8000c578 (0x0000aa97) auipc   s5, 0xa
core   0: 3 0x8000c578 (0x0000aa97) x21 0x80016578
core   0: 0x8000c57c (0x8f1a8a93) addi    s5, s5, -1807
core   0: 3 0x8000c57c (0x8f1a8a93) x21 0x80015e69
core   0: 0x8000c580 (0x00009a17) auipc   s4, 0x9
core   0: 3 0x8000c580 (0x00009a17) x20 0x80015580
core   0: 0x8000c584 (0x03ca0a13) addi    s4, s4, 60
core   0: 3 0x8000c584 (0x03ca0a13) x20 0x800155bc
core   0: 0x8000c588 (0xffcac383) lbu     t2, -4(s5)
core   0: 3 0x8000c588 (0xffcac383) x 7 0x0000001e mem 0x80015e65
core   0: 0x8000c58c (0x00009c17) auipc   s8, 0x9
core   0: 3 0x8000c58c (0x00009c17) x24 0x8001558c
core   0: 0x8000c590 (0x08dc0c13) addi    s8, s8, 141
core   0: 3 0x8000c590 (0x08dc0c13) x24 0x80015619
core   0: 0x8000c594 (0x01ea0223) sb      t5, 4(s4)
core   0: 3 0x8000c594 (0x01ea0223) mem 0x800155c0 0x0
core   0: 0x8000c598 (0xff4a2483) lw      s1, -12(s4)
core   0: 3 0x8000c598 (0xff4a2483) x 9 0x68006a6b mem 0x800155b0
core   0: 0x8000c59c (0x057c07a3) sb      s7, 79(s8)
core   0: 3 0x8000c59c (0x057c07a3) mem 0x80015668 0x10
core   0: 0x8000c5a0 (0x001a8823) sb      ra, 16(s5)
core   0: 3 0x8000c5a0 (0x001a8823) mem 0x80015e79 0xff
core   0: 0x8000c5a4 (0x00baa703) lw      a4, 11(s5)
core   0: 3 0x8000c5a4 (0x00baa703) x14 0x2c2d001a mem 0x80015e74
core   0: 0x8000c5a8 (0xffca0ca3) sb      t3, -7(s4)
core   0: 3 0x8000c5a8 (0xffca0ca3) mem 0x800155b5 0x0
core   0: 0x8000c5ac (0x005a85a3) sb      t0, 11(s5)
core   0: 3 0x8000c5ac (0x005a85a3) mem 0x80015e74 0x8b
core   0: 0x8000c5b0 (0xf6ac0683) lb      a3, -150(s8)
core   0: 3 0x8000c5b0 (0xf6ac0683) x13 0x00000001 mem 0x80015583
core   0: 0x8000c5b4 (0x001a1423) sh      ra, 8(s4)
core   0: 3 0x8000c5b4 (0x001a1423) mem 0x800155c4 0x1fff
core   0: 0x8000c5b8 (0x07cc0083) lb      ra, 124(s8)
core   0: 3 0x8000c5b8 (0x07cc0083) x 1 0x0000004e mem 0x80015695
core   0: 0x8000c5bc (0xffba8f23) sb      s11, -2(s5)
core   0: 3 0x8000c5bc (0xffba8f23) mem 0x80015e67 0x1b
core   0: 0x8000c5c0 (0x099c5503) lhu     a0, 153(s8)
core   0: 3 0x8000c5c0 (0x099c5503) x10 0x00006869 mem 0x800156b2
core   0: 0x8000c5c4 (0xff9a0903) lb      s2, -7(s4)
core   0: 3 0x8000c5c4 (0xff9a0903) x18 0x00000000 mem 0x800155b5
core   0: 0x8000c5c8 (0x00faa503) lw      a0, 15(s5)
core   0: 3 0x8000c5c8 (0x00faa503) x10 0x3026ffe4 mem 0x80015e78
core   0: 0x8000c5cc (0x003a0183) lb      gp, 3(s4)
core   0: 3 0x8000c5cc (0x003a0183) x 3 0x00000074 mem 0x800155bf
core   0: 0x8000c5d0 (0xff0a8683) lb      a3, -16(s5)
core   0: 3 0x8000c5d0 (0xff0a8683) x13 0x00000012 mem 0x80015e59
core   0: 0x8000c5d4 (0xf5cc4403) lbu     s0, -164(s8)
core   0: 3 0x8000c5d4 (0xf5cc4403) x 8 0x0000002e mem 0x80015575
core   0: 0x8000c5d8 (0x004a1323) sh      tp, 6(s4)
core   0: 3 0x8000c5d8 (0x004a1323) mem 0x800155c2 0x00c4
core   0: 0x8000c5dc (0x00009217) auipc   tp, 0x9
core   0: 3 0x8000c5dc (0x00009217) x 4 0x800155dc
core   0: 0x8000c5e0 (0xd4b20213) addi    tp, tp, -693
core   0: 3 0x8000c5e0 (0xd4b20213) x 4 0x80015327
core   0: 0x8000c5e4 (0x00000013) nop
core   0: 3 0x8000c5e4 (0x00000013)
core   0: 0x8000c5e8 (0x00420a03) lb      s4, 4(tp)
core   0: 3 0x8000c5e8 (0x00420a03) x20 0x00000000 mem 0x8001532b
core   0: 0x8000c5ec (0x94a54513) xori    a0, a0, -1718
core   0: 3 0x8000c5ec (0x94a54513) x10 0xcfd906ae
core   0: 0x8000c5f0 (0x54edbd93) sltiu   s11, s11, 1358
core   0: 3 0x8000c5f0 (0x54edbd93) x27 0x00000001
core   0: 0x8000c5f4 (0x00e5c433) xor     s0, a1, a4
core   0: 3 0x8000c5f4 (0x00e5c433) x 8 0xac2d001a
core   0: 0x8000c5f8 (0xfe420b23) sb      tp, -10(tp)
core   0: 3 0x8000c5f8 (0xfe420b23) mem 0x8001531d 0x27
core   0: 0x8000c5fc (0x011ade93) srli    t4, s5, 17
core   0: 3 0x8000c5fc (0x011ade93) x29 0x00004000
core   0: 0x8000c600 (0xdc217437) lui     s0, 0xdc217
core   0: 3 0x8000c600 (0xdc217437) x 8 0xdc217000
core   0: 0x8000c604 (0x00048fb3) add     t6, s1, zero
core   0: 3 0x8000c604 (0x00048fb3) x31 0x68006a6b
core   0: 0x8000c608 (0x906a2513) slti    a0, s4, -1786
core   0: 3 0x8000c608 (0x906a2513) x10 0x00000000
core   0: 0x8000c60c (0x0000100f) fence.i
core   0: 3 0x8000c60c (0x0000100f)
core   0: 0x8000c610 (0xff524303) lbu     t1, -11(tp)
core   0: 3 0x8000c610 (0xff524303) x 6 0x000000d7 mem 0x8001531c
core   0: 0x8000c614 (0x01f90433) add     s0, s2, t6
core   0: 3 0x8000c614 (0x01f90433) x 8 0x68006a6b
core   0: 0x8000c618 (0xff720d23) sb      s7, -6(tp)
core   0: 3 0x8000c618 (0xff720d23) mem 0x80015321 0x10
core   0: 0x8000c61c (0x0005b1b3) sltu    gp, a1, zero
core   0: 3 0x8000c61c (0x0005b1b3) x 3 0x00000000
core   0: 0x8000c620 (0xffc20f23) sb      t3, -2(tp)
core   0: 3 0x8000c620 (0xffc20f23) mem 0x80015325 0x0
core   0: 0x8000c624 (0xd937e193) ori     gp, a5, -621
core   0: 3 0x8000c624 (0xd937e193) x 3 0xfffffd93
core   0: 0x8000c628 (0xa5b82a97) auipc   s5, 0xa5b82
core   0: 3 0x8000c628 (0xa5b82a97) x21 0x25b8e628
core   0: 0x8000c62c (0x00c24903) lbu     s2, 12(tp)
core   0: 3 0x8000c62c (0x00c24903) x18 0x000000e8 mem 0x80015333
core   0: 0x8000c630 (0x018e77b3) and     a5, t3, s8
core   0: 3 0x8000c630 (0x018e77b3) x15 0x00000000
core   0: 0x8000c634 (0xff520a83) lb      s5, -11(tp)
core   0: 3 0x8000c634 (0xff520a83) x21 0xffffffd7 mem 0x8001531c
core   0: 0x8000c638 (0xfe7208a3) sb      t2, -15(tp)
core   0: 3 0x8000c638 (0xfe7208a3) mem 0x80015318 0x1e
core   0: 0x8000c63c (0x00000013) nop
core   0: 3 0x8000c63c (0x00000013)
core   0: 0x8000c640 (0x01320523) sb      s3, 10(tp)
core   0: 3 0x8000c640 (0x01320523) mem 0x80015331 0x34
core   0: 0x8000c644 (0xff020883) lb      a7, -16(tp)
core   0: 3 0x8000c644 (0xff020883) x17 0xffffffcc mem 0x80015317
core   0: 0x8000c648 (0x0109f433) and     s0, s3, a6
core   0: 3 0x8000c648 (0x0109f433) x 8 0x00000004
core   0: 0x8000c64c (0xede9ec97) auipc   s9, 0xede9e
core   0: 3 0x8000c64c (0xede9ec97) x25 0x6deaa64c
core   0: 0x8000c650 (0x0000100f) fence.i
core   0: 3 0x8000c650 (0x0000100f)
core   0: 0x8000c654 (0x01912533) slt     a0, sp, s9
core   0: 3 0x8000c654 (0x01912533) x10 0x00000001
core   0: 0x8000c658 (0x4014d933) sra     s2, s1, ra
core   0: 3 0x8000c658 (0x4014d933) x18 0x0001a001
core   0: 0x8000c65c (0x336b6393) ori     t2, s6, 822
core   0: 3 0x8000c65c (0x336b6393) x 7 0x00003737
core   0: 0x8000c660 (0x48bf3c17) auipc   s8, 0x48bf3
core   0: 3 0x8000c660 (0x48bf3c17) x24 0xc8bff660
core   0: 0x8000c664 (0x00df4bb3) xor     s7, t5, a3
core   0: 3 0x8000c664 (0x00df4bb3) x23 0xfc100012
core   0: 0x8000c668 (0x00f21703) lh      a4, 15(tp)
core   0: 3 0x8000c668 (0x00f21703) x14 0xffffeced mem 0x80015336
core   0: 0x8000c66c (0x471f9ab7) lui     s5, 0x471f9
core   0: 3 0x8000c66c (0x471f9ab7) x21 0x471f9000
core   0: 0x8000c670 (0x00325703) lhu     a4, 3(tp)
core   0: 3 0x8000c670 (0x00325703) x14 0x000000e1 mem 0x8001532a
core   0: 0x8000c674 (0xffd20c23) sb      t4, -8(tp)
core   0: 3 0x8000c674 (0xffd20c23) mem 0x8001531f 0x0
core   0: 0x8000c678 (0x01adde13) srli    t3, s11, 26
core   0: 3 0x8000c678 (0x01adde13) x28 0x00000000
core   0: 0x8000c67c (0xffc20a23) sb      t3, -12(tp)
core   0: 3 0x8000c67c (0xffc20a23) mem 0x8001531b 0x0
core   0: 0x8000c680 (0x00e45033) srl     zero, s0, a4
core   0: 3 0x8000c680 (0x00e45033)
core   0: 0x8000c684 (0xbbd02793) slti    a5, zero, -1091
core   0: 3 0x8000c684 (0xbbd02793) x15 0x00000000
core   0: 0x8000c688 (0x0034ffb3) and     t6, s1, gp
core   0: 3 0x8000c688 (0x0034ffb3) x31 0x68006803
core   0: 0x8000c68c (0xfff20403) lb      s0, -1(tp)
core   0: 3 0x8000c68c (0xfff20403) x 8 0xffffffdd mem 0x80015326
core   0: 0x8000c690 (0x00009b97) auipc   s7, 0x9
core   0: 3 0x8000c690 (0x00009b97) x23 0x80015690
core   0: 0x8000c694 (0xcfcb8b93) addi    s7, s7, -772
core   0: 3 0x8000c694 (0xcfcb8b93) x23 0x8001538c
core   0: 0x8000c698 (0x001bce83) lbu     t4, 1(s7)
core   0: 3 0x8000c698 (0x001bce83) x29 0x00000046 mem 0x8001538d
core   0: 0x8000c69c (0x010b8e03) lb      t3, 16(s7)
core   0: 3 0x8000c69c (0x010b8e03) x28 0x00000057 mem 0x8001539c
core   0: 0x8000c6a0 (0xff9bcf03) lbu     t5, -7(s7)
core   0: 3 0x8000c6a0 (0xff9bcf03) x30 0x0000003e mem 0x80015385
core   0: 0x8000c6a4 (0x75747193) andi    gp, s0, 1879
core   0: 3 0x8000c6a4 (0x75747193) x 3 0x00000755
core   0: 0x8000c6a8 (0x01b15393) srli    t2, sp, 27
core   0: 3 0x8000c6a8 (0x01b15393) x 7 0x00000010
core   0: 0x8000c6ac (0xff4b8d23) sb      s4, -6(s7)
core   0: 3 0x8000c6ac (0xff4b8d23) mem 0x80015386 0x0
core   0: 0x8000c6b0 (0x4c118d13) addi    s10, gp, 1217
core   0: 3 0x8000c6b0 (0x4c118d13) x26 0x00000c16
core   0: 0x8000c6b4 (0x55876013) ori     zero, a4, 1368
core   0: 3 0x8000c6b4 (0x55876013)
core   0: 0x8000c6b8 (0xfe2b8da3) sb      sp, -5(s7)
core   0: 3 0x8000c6b8 (0xfe2b8da3) mem 0x80015387 0xe4
core   0: 0x8000c6bc (0xa3a34c13) xori    s8, t1, -1478
core   0: 3 0x8000c6bc (0xa3a34c13) x24 0xfffffaed
core   0: 0x8000c6c0 (0x01041d13) slli    s10, s0, 16
core   0: 3 0x8000c6c0 (0x01041d13) x26 0xffdd0000
core   0: 0x8000c6c4 (0xff5bc883) lbu     a7, -11(s7)
core   0: 3 0x8000c6c4 (0xff5bc883) x17 0x0000003a mem 0x80015381
core   0: 0x8000c6c8 (0x008b9123) sh      s0, 2(s7)
core   0: 3 0x8000c6c8 (0x008b9123) mem 0x8001538e 0xffdd
core   0: 0x8000c6cc (0x613b0513) addi    a0, s6, 1555
core   0: 3 0x8000c6cc (0x613b0513) x10 0x00003c4a
core   0: 0x8000c6d0 (0x00eb8683) lb      a3, 14(s7)
core   0: 3 0x8000c6d0 (0x00eb8683) x13 0x00000051 mem 0x8001539a
core   0: 0x8000c6d4 (0x007bc303) lbu     t1, 7(s7)
core   0: 3 0x8000c6d4 (0x007bc303) x 6 0x00000048 mem 0x80015393
core   0: 0x8000c6d8 (0x003e49b3) xor     s3, t3, gp
core   0: 3 0x8000c6d8 (0x003e49b3) x19 0x00000702
core   0: 0x8000c6dc (0x00000013) nop
core   0: 3 0x8000c6dc (0x00000013)
core   0: 0x8000c6e0 (0xbe0916b7) lui     a3, 0xbe091
core   0: 3 0x8000c6e0 (0xbe0916b7) x13 0xbe091000
core   0: 0x8000c6e4 (0x01fba023) sw      t6, 0(s7)
core   0: 3 0x8000c6e4 (0x01fba023) mem 0x8001538c 0x68006803
core   0: 0x8000c6e8 (0x00445e33) srl     t3, s0, tp
core   0: 3 0x8000c6e8 (0x00445e33) x28 0x01ffffff
core   0: 0x8000c6ec (0xff2b8783) lb      a5, -14(s7)
core   0: 3 0x8000c6ec (0xff2b8783) x15 0x00000035 mem 0x8001537e
core   0: 0x8000c6f0 (0x41da0b33) sub     s6, s4, t4
core   0: 3 0x8000c6f0 (0x41da0b33) x22 0xffffffba
core   0: 0x8000c6f4 (0x0000100f) fence.i
core   0: 3 0x8000c6f4 (0x0000100f)
core   0: 0x8000c6f8 (0x0ff0000f) fence   iorw,iorw
core   0: 3 0x8000c6f8 (0x0ff0000f)
core   0: 0x8000c6fc (0x002603b3) add     t2, a2, sp
core   0: 3 0x8000c6fc (0x002603b3) x 7 0x00059ae8
core   0: 0x8000c700 (0xff9b8703) lb      a4, -7(s7)
core   0: 3 0x8000c700 (0xff9b8703) x14 0x0000003e mem 0x80015385
core   0: 0x8000c704 (0x01f8d493) srli    s1, a7, 31
core   0: 3 0x8000c704 (0x01f8d493) x 9 0x00000000
core   0: 0x8000c708 (0x009b8a03) lb      s4, 9(s7)
core   0: 3 0x8000c708 (0x009b8a03) x20 0x0000004e mem 0x80015395
core   0: 0x8000c70c (0x005206b3) add     a3, tp, t0
core   0: 3 0x8000c70c (0x005206b3) x13 0x000317b2
core   0: 0x8000c710 (0x000ba183) lw      gp, 0(s7)
core   0: 3 0x8000c710 (0x000ba183) x 3 0x68006803 mem 0x8001538c
core   0: 0x8000c714 (0x00715e33) srl     t3, sp, t2
core   0: 3 0x8000c714 (0x00715e33) x28 0x008002ec
core   0: 0x8000c718 (0x01fba423) sw      t6, 8(s7)
core   0: 3 0x8000c718 (0x01fba423) mem 0x80015394 0x68006803
core   0: 0x8000c71c (0xef8ae393) ori     t2, s5, -264
core   0: 3 0x8000c71c (0xef8ae393) x 7 0xfffffef8
core   0: 0x8000c720 (0x00111db3) sll     s11, sp, ra
core   0: 3 0x8000c720 (0x00111db3) x27 0xbb390000
core   0: 0x8000c724 (0x00eb81a3) sb      a4, 3(s7)
core   0: 3 0x8000c724 (0x00eb81a3) mem 0x8001538f 0x3e
core   0: 0x8000c728 (0xfecb9a23) sh      a2, -12(s7)
core   0: 3 0x8000c728 (0xfecb9a23) mem 0x80015380 0xae04
core   0: 0x8000c72c (0x005b8203) lb      tp, 5(s7)
core   0: 3 0x8000c72c (0x005b8203) x 4 0x0000004a mem 0x80015391
core   0: 0x8000c730 (0xff3b8d03) lb      s10, -13(s7)
core   0: 3 0x8000c730 (0xff3b8d03) x26 0x00000034 mem 0x8001537f
core   0: 0x8000c734 (0x01911e33) sll     t3, sp, s9
core   0: 3 0x8000c734 (0x01911e33) x28 0x2ece4000
core   0: 0x8000c738 (0xff6b8e83) lb      t4, -10(s7)
core   0: 3 0x8000c738 (0xff6b8e83) x29 0x00000039 mem 0x80015382
core   0: 0x8000c73c (0x003450b3) srl     ra, s0, gp
core   0: 3 0x8000c73c (0x003450b3) x 1 0x1ffffffb
core   0: 0x8000c740 (0x013b9323) sh      s3, 6(s7)
core   0: 3 0x8000c740 (0x013b9323) mem 0x80015392 0x0702
core   0: 0x8000c744 (0x00bc1a33) sll     s4, s8, a1
core   0: 3 0x8000c744 (0x00bc1a33) x20 0xfffffaed
core   0: 0x8000c748 (0xff3bca83) lbu     s5, -13(s7)
core   0: 3 0x8000c748 (0xff3bca83) x21 0x00000034 mem 0x8001537f
core   0: 0x8000c74c (0x01ab8623) sb      s10, 12(s7)
core   0: 3 0x8000c74c (0x01ab8623) mem 0x80015398 0x34
core   0: 0x8000c750 (0xe4fd4293) xori    t0, s10, -433
core   0: 3 0x8000c750 (0xe4fd4293) x 5 0xfffffe7b
core   0: 0x8000c754 (0x00000013) nop
core   0: 3 0x8000c754 (0x00000013)
core   0: 0x8000c758 (0xfecb8aa3) sb      a2, -11(s7)
core   0: 3 0x8000c758 (0xfecb8aa3) mem 0x80015381 0x4
core   0: 0x8000c75c (0x1cbfe197) auipc   gp, 0x1cbfe
core   0: 3 0x8000c75c (0x1cbfe197) x 3 0x9cc0a75c
core   0: 0x8000c760 (0x01a29fb3) sll     t6, t0, s10
core   0: 3 0x8000c760 (0x01a29fb3) x31 0xe7b00000
core   0: 0x8000c764 (0x013b81a3) sb      s3, 3(s7)
core   0: 3 0x8000c764 (0x013b81a3) mem 0x8001538f 0x2
core   0: 0x8000c768 (0x40ebd2b3) sra     t0, s7, a4
core   0: 3 0x8000c768 (0x40ebd2b3) x 5 0xfffffffe
core   0: 0x8000c76c (0x00eb8a03) lb      s4, 14(s7)
core   0: 3 0x8000c76c (0x00eb8a03) x20 0x00000051 mem 0x8001539a
core   0: 0x8000c770 (0x00009c17) auipc   s8, 0x9
core   0: 3 0x8000c770 (0x00009c17) x24 0x80015770
core   0: 0x8000c774 (0x140c0c13) addi    s8, s8, 320
core   0: 3 0x8000c774 (0x140c0c13) x24 0x800158b0
core   0: 0x8000c778 (0x499c4003) lbu     zero, 1177(s8)
core   0: 3 0x8000c778 (0x499c4003) mem 0x80015d49
core   0: 0x8000c77c (0x41e7d513) srai    a0, a5, 30
core   0: 3 0x8000c77c (0x41e7d513) x10 0x00000000
core   0: 0x8000c780 (0x00392b33) slt     s6, s2, gp
core   0: 3 0x8000c780 (0x00392b33) x22 0x00000000
core   0: 0x8000c784 (0x00fad813) srli    a6, s5, 15
core   0: 3 0x8000c784 (0x00fad813) x16 0x00000000
core   0: 0x8000c788 (0x0150db93) srli    s7, ra, 21
core   0: 3 0x8000c788 (0x0150db93) x23 0x000000ff
core   0: 0x8000c78c (0x014c34b3) sltu    s1, s8, s4
core   0: 3 0x8000c78c (0x014c34b3) x 9 0x00000000
core   0: 0x8000c790 (0x01f59033) sll     zero, a1, t6
core   0: 3 0x8000c790 (0x01f59033)
core   0: 0x8000c794 (0x0ff0000f) fence   iorw,iorw
core   0: 3 0x8000c794 (0x0ff0000f)
core   0: 0x8000c798 (0x01c95e33) srl     t3, s2, t3
core   0: 3 0x8000c798 (0x01c95e33) x28 0x0001a001
core   0: 0x8000c79c (0xa2bc2e23) sw      a1, -1476(s8)
core   0: 3 0x8000c79c (0xa2bc2e23) mem 0x800152ec 0x80000000
core   0: 0x8000c7a0 (0xd67a3e17) auipc   t3, 0xd67a3
core   0: 3 0x8000c7a0 (0xd67a3e17) x28 0x567af7a0
core   0: 0x8000c7a4 (0x01a174b3) and     s1, sp, s10
core   0: 3 0x8000c7a4 (0x01a174b3) x 9 0x00000024
core   0: 0x8000c7a8 (0x007cdd13) srli    s10, s9, 7
core   0: 3 0x8000c7a8 (0x007cdd13) x26 0x00dbd54c
core   0: 0x8000c7ac (0x12dc0323) sb      a3, 294(s8)
core   0: 3 0x8000c7ac (0x12dc0323) mem 0x800159d6 0xb2
core   0: 0x8000c7b0 (0x01756db3) or      s11, a0, s7
core   0: 3 0x8000c7b0 (0x01756db3) x27 0x000000ff
core   0: 0x8000c7b4 (0x0000100f) fence.i
core   0: 3 0x8000c7b4 (0x0000100f)
core   0: 0x8000c7b8 (0x0ff0000f) fence   iorw,iorw
core   0: 3 0x8000c7b8 (0x0ff0000f)
core   0: 0x8000c7bc (0x9d2c4883) lbu     a7, -1582(s8)
core   0: 3 0x8000c7bc (0x9d2c4883) x17 0x00000000 mem 0x80015282
core   0: 0x8000c7c0 (0x005b7b33) and     s6, s6, t0
core   0: 3 0x8000c7c0 (0x005b7b33) x22 0x00000000
core   0: 0x8000c7c4 (0xc9da6093) ori     ra, s4, -867
core   0: 3 0x8000c7c4 (0xc9da6093) x 1 0xfffffcdd
core   0: 0x8000c7c8 (0xd16c0b83) lb      s7, -746(s8)
core   0: 3 0x8000c7c8 (0xd16c0b83) x23 0xffffff9f mem 0x800155c6
core   0: 0x8000c7cc (0x004cbd33) sltu    s10, s9, tp
core   0: 3 0x8000c7cc (0x004cbd33) x26 0x00000000
core   0: 0x8000c7d0 (0x41a451b3) sra     gp, s0, s10
core   0: 3 0x8000c7d0 (0x41a451b3) x 3 0xffffffdd
core   0: 0x8000c7d4 (0x00000013) nop
core   0: 3 0x8000c7d4 (0x00000013)
core   0: 0x8000c7d8 (0x781c4483) lbu     s1, 1921(s8)
core   0: 3 0x8000c7d8 (0x781c4483) x 9 0x00000020 mem 0x80016031
core   0: 0x8000c7dc (0x34f7bd93) sltiu   s11, a5, 847
core   0: 3 0x8000c7dc (0x34f7bd93) x27 0x00000001
core   0: 0x8000c7e0 (0x01a6be33) sltu    t3, a3, s10
core   0: 3 0x8000c7e0 (0x01a6be33) x28 0x00000000
core   0: 0x8000c7e4 (0xfd7c4d03) lbu     s10, -41(s8)
core   0: 3 0x8000c7e4 (0xfd7c4d03) x26 0x0000003c mem 0x80015887
core   0: 0x8000c7e8 (0x00000013) nop
core   0: 3 0x8000c7e8 (0x00000013)
core   0: 0x8000c7ec (0x00e8adb3) slt     s11, a7, a4
core   0: 3 0x8000c7ec (0x00e8adb3) x27 0x00000001
core   0: 0x8000c7f0 (0x006da933) slt     s2, s11, t1
core   0: 3 0x8000c7f0 (0x006da933) x18 0x00000001
core   0: 0x8000c7f4 (0x762c5c83) lhu     s9, 1890(s8)
core   0: 3 0x8000c7f4 (0x762c5c83) x25 0x0000c8c9 mem 0x80016012
core   0: 0x8000c7f8 (0x22ac0e03) lb      t3, 554(s8)
core   0: 3 0x8000c7f8 (0x22ac0e03) x28 0xffffff91 mem 0x80015ada
core   0: 0x8000c7fc (0x406bd7b3) sra     a5, s7, t1
core   0: 3 0x8000c7fc (0x406bd7b3) x15 0xffffffff
core   0: 0x8000c800 (0x01c91193) slli    gp, s2, 28
core   0: 3 0x8000c800 (0x01c91193) x 3 0x10000000
core   0: 0x8000c804 (0x23724717) auipc   a4, 0x23724
core   0: 3 0x8000c804 (0x23724717) x14 0xa3730804
core   0: 0x8000c808 (0x0ff0000f) fence   iorw,iorw
core   0: 3 0x8000c808 (0x0ff0000f)
core   0: 0x8000c80c (0x00975393) srli    t2, a4, 9
core   0: 3 0x8000c80c (0x00975393) x 7 0x0051b984
core   0: 0x8000c810 (0x8a467e13) andi    t3, a2, -1884
core   0: 3 0x8000c810 (0x8a467e13) x28 0x8002a804
core   0: 0x8000c814 (0x226c1803) lh      a6, 550(s8)
core   0: 3 0x8000c814 (0x226c1803) x16 0xffff8cff mem 0x80015ad6
core   0: 0x8000c818 (0x00018a97) auipc   s5, 0x18
core   0: 3 0x8000c818 (0x00018a97) x21 0x80024818
core   0: 0x8000c81c (0xccda8a93) addi    s5, s5, -819
core   0: 3 0x8000c81c (0xccda8a93) x21 0x800244e5
core   0: 0x8000c820 (0x003a92a3) sh      gp, 5(s5)
core   0: 3 0x8000c820 (0x003a92a3) mem 0x800244ea 0x0000
core   0: 0x8000c824 (0x00009b97) auipc   s7, 0x9
core   0: 3 0x8000c824 (0x00009b97) x23 0x80015824
core   0: 0x8000c828 (0xaf4b8b93) addi    s7, s7, -1292
core   0: 3 0x8000c828 (0xaf4b8b93) x23 0x80015318
core   0: 0x8000c82c (0x009acc03) lbu     s8, 9(s5)
core   0: 3 0x8000c82c (0x009acc03) x24 0x000000a5 mem 0x800244ee
core   0: 0x8000c830 (0x0e8bde83) lhu     t4, 232(s7)
core   0: 3 0x8000c830 (0x0e8bde83) x29 0x0000e2bb mem 0x80015400
core   0: 0x8000c834 (0x5b6bdd03) lhu     s10, 1462(s7)
core   0: 3 0x8000c834 (0x5b6bdd03) x26 0x00008485 mem 0x800158ce
core   0: 0x8000c838 (0x423b8003) lb      zero, 1059(s7)
core   0: 3 0x8000c838 (0x423b8003) mem 0x8001573b
core   0: 0x8000c83c (0x00baa303) lw      t1, 11(s5)
core   0: 3 0x8000c83c (0x00baa303) x 6 0xa8a9aaab mem 0x800244f0
core   0: 0x8000c840 (0x00aa8903) lb      s2, 10(s5)
core   0: 3 0x8000c840 (0x00aa8903) x18 0xffffffa4 mem 0x800244ef
core   0: 0x8000c844 (0x008a8323) sb      s0, 6(s5)
core   0: 3 0x8000c844 (0x008a8323) mem 0x800244eb 0xdd
core   0: 0x8000c848 (0x6d8b8da3) sb      s8, 1755(s7)
core   0: 3 0x8000c848 (0x6d8b8da3) mem 0x800159f3 0xa5
core   0: 0x8000c84c (0x01da94a3) sh      t4, 9(s5)
core   0: 3 0x8000c84c (0x01da94a3) mem 0x800244ee 0xe2bb
core   0: 0x8000c850 (0x5b1b9123) sh      a7, 1442(s7)
core   0: 3 0x8000c850 (0x5b1b9123) mem 0x800158ba 0x0000
core   0: 0x8000c854 (0x00009817) auipc   a6, 0x9
core   0: 3 0x8000c854 (0x00009817) x16 0x80015854
core   0: 0x8000c858 (0x10680813) addi    a6, a6, 262
core   0: 3 0x8000c858 (0x10680813) x16 0x8001595a
core   0: 0x8000c85c (0x43884503) lbu     a0, 1080(a6)
core   0: 3 0x8000c85c (0x43884503) x10 0x00000049 mem 0x80015d92
core   0: 0x8000c860 (0xb61802a3) sb      ra, -1179(a6)
core   0: 3 0x8000c860 (0xb61802a3) mem 0x800154bf 0xdd
core   0: 0x8000c864 (0x0000d297) auipc   t0, 0xd
core   0: 3 0x8000c864 (0x0000d297) x 5 0x80019864
core   0: 0x8000c868 (0xdc628293) addi    t0, t0, -570
core   0: 3 0x8000c868 (0xdc628293) x 5 0x8001962a
core   0: 0x8000c86c (0x65780f03) lb      t5, 1623(a6)
core   0: 3 0x8000c86c (0x65780f03) x30 0x0000006a mem 0x80015fb1
core   0: 0x8000c870 (0x08f29123) sh      a5, 130(t0)
core   0: 3 0x8000c870 (0x08f29123) mem 0x800196ac 0xffff
core   0: 0x8000c874 (0x3ad81d23) sh      a3, 954(a6)
core   0: 3 0x8000c874 (0x3ad81d23) mem 0x80015d14 0x17b2
core   0: 0x8000c878 (0x17e809a3) sb      t5, 371(a6)
core   0: 3 0x8000c878 (0x17e809a3) mem 0x80015acd 0x6a
core   0: 0x8000c87c (0x96681983) lh      s3, -1690(a6)
core   0: 3 0x8000c87c (0x96681983) x19 0x00007a7b mem 0x800152c0
core   0: 0x8000c880 (0x95781623) sh      s7, -1716(a6)
core   0: 3 0x8000c880 (0x95781623) mem 0x800152a6 0x5318
core   0: 0x8000c884 (0x0e728403) lb      s0, 231(t0)
core   0: 3 0x8000c884 (0x0e728403) x 8 0xffffffca mem 0x80019711
core   0: 0x8000c888 (0xbf380b03) lb      s6, -1037(a6)
core   0: 3 0x8000c888 (0xbf380b03) x22 0x00000006 mem 0x8001554d
core   0: 0x8000c88c (0x0d429f23) sh      s4, 222(t0)
core   0: 3 0x8000c88c (0x0d429f23) mem 0x80019708 0x0051
core   0: 0x8000c890 (0xe6280123) sb      sp, -414(a6)
core   0: 3 0x8000c890 (0xe6280123) mem 0x800157bc 0xe4
core   0: 0x8000c894 (0xfbd28a03) lb      s4, -67(t0)
core   0: 3 0x8000c894 (0xfbd28a03) x20 0xffffff9c mem 0x800195e7
core   0: 0x8000c898 (0x0a32c703) lbu     a4, 163(t0)
core   0: 3 0x8000c898 (0x0a32c703) x14 0x00000086 mem 0x800196cd
core   0: 0x8000c89c (0x00009717) auipc   a4, 0x9
core   0: 3 0x8000c89c (0x00009717) x14 0x8001589c
core   0: 0x8000c8a0 (0x5de70713) addi    a4, a4, 1502
core   0: 3 0x8000c8a0 (0x5de70713) x14 0x80015e7a
core   0: 0x8000c8a4 (0xc02f7413) andi    s0, t5, -1022
core   0: 3 0x8000c8a4 (0xc02f7413) x 8 0x00000002
core   0: 0x8000c8a8 (0xfe770fa3) sb      t2, -1(a4)
core   0: 3 0x8000c8a8 (0xfe770fa3) mem 0x80015e79 0x84
core   0: 0x8000c8ac (0xffe75a83) lhu     s5, -2(a4)
core   0: 3 0x8000c8ac (0xffe75a83) x21 0x000084e4 mem 0x80015e78
core   0: 0x8000c8b0 (0x40b45833) sra     a6, s0, a1
core   0: 3 0x8000c8b0 (0x40b45833) x16 0x00000002
core   0: 0x8000c8b4 (0x40b1d013) srai    zero, gp, 11
core   0: 3 0x8000c8b4 (0x40b1d013)
core   0: 0x8000c8b8 (0x019858b3) srl     a7, a6, s9
core   0: 3 0x8000c8b8 (0x019858b3) x17 0x00000000
core   0: 0x8000c8bc (0x01ada7b3) slt     a5, s11, s10
core   0: 3 0x8000c8bc (0x01ada7b3) x15 0x00000001
core   0: 0x8000c8c0 (0xfcf70a03) lb      s4, -49(a4)
core   0: 3 0x8000c8c0 (0xfcf70a03) x20 0x00000002 mem 0x80015e49
core   0: 0x8000c8c4 (0x004e43b3) xor     t2, t3, tp
core   0: 3 0x8000c8c4 (0x004e43b3) x 7 0x8002a84e
core   0: 0x8000c8c8 (0x03874283) lbu     t0, 56(a4)
core   0: 3 0x8000c8c8 (0x03874283) x 5 0x00000069 mem 0x80015eb2
core   0: 0x8000c8cc (0xfc071923) sh      zero, -46(a4)
core   0: 3 0x8000c8cc (0xfc071923) mem 0x80015e4c 0x0000
core   0: 0x8000c8d0 (0xfd870403) lb      s0, -40(a4)
core   0: 3 0x8000c8d0 (0xfd870403) x 8 0x00000000 mem 0x80015e52
core   0: 0x8000c8d4 (0x02c70783) lb      a5, 44(a4)
core   0: 3 0x8000c8d4 (0x02c70783) x15 0x0000005d mem 0x80015ea6
core   0: 0x8000c8d8 (0x2763eb97) auipc   s7, 0x2763e
core   0: 3 0x8000c8d8 (0x2763eb97) x23 0xa764a8d8
core   0: 0x8000c8dc (0x01edefb3) or      t6, s11, t5
core   0: 3 0x8000c8dc (0x01edefb3) x31 0x0000006b
core   0: 0x8000c8e0 (0x00370ba3) sb      gp, 23(a4)
core   0: 3 0x8000c8e0 (0x00370ba3) mem 0x80015e91 0x0
core   0: 0x8000c8e4 (0x03570503) lb      a0, 53(a4)
core   0: 3 0x8000c8e4 (0x03570503) x10 0x00000000 mem 0x80015eaf
core   0: 0x8000c8e8 (0x00571623) sh      t0, 12(a4)
core   0: 3 0x8000c8e8 (0x00571623) mem 0x80015e86 0x0069
core   0: 0x8000c8ec (0x01f70383) lb      t2, 31(a4)
core   0: 3 0x8000c8ec (0x01f70383) x 7 0x00000000 mem 0x80015e99
core   0: 0x8000c8f0 (0xffb70f03) lb      t5, -5(a4)
core   0: 3 0x8000c8f0 (0xffb70f03) x30 0x00000000 mem 0x80015e75
core   0: 0x8000c8f4 (0x0ff0000f) fence   iorw,iorw
core   0: 3 0x8000c8f4 (0x0ff0000f)
core   0: 0x8000c8f8 (0x99b4d437) lui     s0, 0x99b4d
core   0: 3 0x8000c8f8 (0x99b4d437) x 8 0x99b4d000
core   0: 0x8000c8fc (0x0000100f) fence.i
core   0: 3 0x8000c8fc (0x0000100f)
core   0: 0x8000c900 (0xf0b62893) slti    a7, a2, -245
core   0: 3 0x8000c900 (0xf0b62893) x17 0x00000001
core   0: 0x8000c904 (0xfc672183) lw      gp, -58(a4)
core   0: 3 0x8000c904 (0xfc672183) x 3 0xf8f9fafb mem 0x80015e40
core   0: 0x8000c908 (0x02a72003) lw      zero, 42(a4)
core   0: 3 0x8000c908 (0x02a72003) mem 0x80015ea4
core   0: 0x8000c90c (0x40bddbb3) sra     s7, s11, a1
core   0: 3 0x8000c90c (0x40bddbb3) x23 0x00000001
core   0: 0x8000c910 (0xfee75e03) lhu     t3, -18(a4)
core   0: 3 0x8000c910 (0xfee75e03) x28 0x00002223 mem 0x80015e68
core   0: 0x8000c914 (0x5ae5a337) lui     t1, 0x5ae5a
core   0: 3 0x8000c914 (0x5ae5a337) x 6 0x5ae5a000
core   0: 0x8000c918 (0x0166cf33) xor     t5, a3, s6
core   0: 3 0x8000c918 (0x0166cf33) x30 0x000317b4
core   0: 0x8000c91c (0xfc9709a3) sb      s1, -45(a4)
core   0: 3 0x8000c91c (0xfc9709a3) mem 0x80015e4d 0x20
core   0: 0x8000c920 (0x747c7a93) andi    s5, s8, 1863
core   0: 3 0x8000c920 (0x747c7a93) x21 0x00000005
core   0: 0x8000c924 (0x01974283) lbu     t0, 25(a4)
core   0: 3 0x8000c924 (0x01974283) x 5 0x00000048 mem 0x80015e93
core   0: 0x8000c928 (0x0000100f) fence.i
core   0: 3 0x8000c928 (0x0000100f)
core   0: 0x8000c92c (0x01ca38b3) sltu    a7, s4, t3
core   0: 3 0x8000c92c (0x01ca38b3) x17 0x00000001
core   0: 0x8000c930 (0x41455cb3) sra     s9, a0, s4
core   0: 3 0x8000c930 (0x41455cb3) x25 0x00000000
core   0: 0x8000c934 (0xfe970503) lb      a0, -23(a4)
core   0: 3 0x8000c934 (0xfe970503) x10 0x00000018 mem 0x80015e63
core   0: 0x8000c938 (0xfd170203) lb      tp, -47(a4)
core   0: 3 0x8000c938 (0xfd170203) x 4 0x00000000 mem 0x80015e4b
core   0: 0x8000c93c (0x00000013) nop
core   0: 3 0x8000c93c (0x00000013)
core   0: 0x8000c940 (0x03075283) lhu     t0, 48(a4)
core   0: 3 0x8000c940 (0x03075283) x 5 0x00000061 mem 0x80015eaa
core   0: 0x8000c944 (0xb5628313) addi    t1, t0, -1194
core   0: 3 0x8000c944 (0xb5628313) x 6 0xfffffbb7
core   0: 0x8000c948 (0x018977b3) and     a5, s2, s8
core   0: 3 0x8000c948 (0x018977b3) x15 0x000000a4
core   0: 0x8000c94c (0x02f74683) lbu     a3, 47(a4)
core   0: 3 0x8000c94c (0x02f74683) x13 0x00000062 mem 0x80015ea9
core   0: 0x8000c950 (0x0000100f) fence.i
core   0: 3 0x8000c950 (0x0000100f)
core   0: 0x8000c954 (0x00876e33) or      t3, a4, s0
core   0: 3 0x8000c954 (0x00876e33) x28 0x99b5de7a
core   0: 0x8000c958 (0xfe974b03) lbu     s6, -23(a4)
core   0: 3 0x8000c958 (0xfe974b03) x22 0x00000018 mem 0x80015e63
core   0: 0x8000c95c (0xfd475803) lhu     a6, -44(a4)
core   0: 3 0x8000c95c (0xfd475803) x16 0x00000405 mem 0x80015e4e
core   0: 0x8000c960 (0xfdf71623) sh      t6, -52(a4)
core   0: 3 0x8000c960 (0xfdf71623) mem 0x80015e46 0x006b
core   0: 0x8000c964 (0x00d70403) lb      s0, 13(a4)
core   0: 3 0x8000c964 (0x00d70403) x 8 0x00000000 mem 0x80015e87
core   0: 0x8000c968 (0x00009297) auipc   t0, 0x9
core   0: 3 0x8000c968 (0x00009297) x 5 0x80015968
core   0: 0x8000c96c (0x26028293) addi    t0, t0, 608
core   0: 3 0x8000c96c (0x26028293) x 5 0x80015bc8
core   0: 0x8000c970 (0xc8e2ce03) lbu     t3, -882(t0)
core   0: 3 0x8000c970 (0xc8e2ce03) x28 0x0000000d mem 0x80015856
core   0: 0x8000c974 (0x0f228323) sb      s2, 230(t0)
core   0: 3 0x8000c974 (0x0f228323) mem 0x80015cae 0xa4
core   0: 0x8000c978 (0x01dec833) xor     a6, t4, t4
core   0: 3 0x8000c978 (0x01dec833) x16 0x00000000
core   0: 0x8000c97c (0x01c4d0b3) srl     ra, s1, t3
core   0: 3 0x8000c97c (0x01c4d0b3) x 1 0x00000000
core   0: 0x8000c980 (0x554de793) ori     a5, s11, 1364
core   0: 3 0x8000c980 (0x554de793) x15 0x00000555
core   0: 0x8000c984 (0xab8e7517) auipc   a0, 0xab8e7
core   0: 3 0x8000c984 (0xab8e7517) x10 0x2b8f3984
core   0: 0x8000c988 (0x20f29023) sh      a5, 512(t0)
core   0: 3 0x8000c988 (0x20f29023) mem 0x80015dc8 0x0555
core   0: 0x8000c98c (0x01ae5e13) srli    t3, t3, 26
core   0: 3 0x8000c98c (0x01ae5e13) x28 0x00000000
core   0: 0x8000c990 (0xc4e28ca3) sb      a4, -935(t0)
core   0: 3 0x8000c990 (0xc4e28ca3) mem 0x80015821 0x7a
core   0: 0x8000c994 (0x1376eb13) ori     s6, a3, 311
core   0: 3 0x8000c994 (0x1376eb13) x22 0x00000177
core   0: 0x8000c998 (0xd7d28183) lb      gp, -643(t0)
core   0: 3 0x8000c998 (0xd7d28183) x 3 0xffffff88 mem 0x80015945
core   0: 0x8000c99c (0x39728883) lb      a7, 919(t0)
core   0: 3 0x8000c99c (0x39728883) x17 0x00000014 mem 0x80015f5f
core   0: 0x8000c9a0 (0xc5028d03) lb      s10, -944(t0)
core   0: 3 0x8000c9a0 (0xc5028d03) x26 0xffffffd3 mem 0x80015818
core   0: 0x8000c9a4 (0x03928d03) lb      s10, 57(t0)
core   0: 3 0x8000c9a4 (0x03928d03) x26 0xffffffba mem 0x80015c01
core   0: 0x8000c9a8 (0x015aac33) slt     s8, s5, s5
core   0: 3 0x8000c9a8 (0x015aac33) x24 0x00000000
core   0: 0x8000c9ac (0x32229323) sh      sp, 806(t0)
core   0: 3 0x8000c9ac (0x32229323) mem 0x80015eee 0xece4
core   0: 0x8000c9b0 (0x3282d703) lhu     a4, 808(t0)
core   0: 3 0x8000c9b0 (0x3282d703) x14 0x0000aaab mem 0x80015ef0
core   0: 0x8000c9b4 (0xf0328883) lb      a7, -253(t0)
core   0: 3 0x8000c9b4 (0xf0328883) x17 0x00000078 mem 0x80015acb
core   0: 0x8000c9b8 (0x92970393) addi    t2, a4, -1751
core   0: 3 0x8000c9b8 (0x92970393) x 7 0x0000a3d4
core   0: 0x8000c9bc (0x32b29023) sh      a1, 800(t0)
core   0: 3 0x8000c9bc (0x32b29023) mem 0x80015ee8 0x0000
core   0: 0x8000c9c0 (0xbd729323) sh      s7, -1082(t0)
core   0: 3 0x8000c9c0 (0xbd729323) mem 0x8001578e 0x0001
core   0: 0x8000c9c4 (0x0ff0000f) fence   iorw,iorw
core   0: 3 0x8000c9c4 (0x0ff0000f)
core   0: 0x8000c9c8 (0x0127df13) srli    t5, a5, 18
core   0: 3 0x8000c9c8 (0x0127df13) x30 0x00000000
core   0: 0x8000c9cc (0x00b7c433) xor     s0, a5, a1
core   0: 3 0x8000c9cc (0x00b7c433) x 8 0x80000555
core   0: 0x8000c9d0 (0x002f1b33) sll     s6, t5, sp
core   0: 3 0x8000c9d0 (0x002f1b33) x22 0x00000000
core   0: 0x8000c9d4 (0x41a95f13) srai    t5, s2, 26
core   0: 3 0x8000c9d4 (0x41a95f13) x30 0xffffffff
core   0: 0x8000c9d8 (0x40635a33) sra     s4, t1, t1
core   0: 3 0x8000c9d8 (0x40635a33) x20 0xffffffff
core   0: 0x8000c9dc (0xe0028ca3) sb      zero, -487(t0)
core   0: 3 0x8000c9dc (0xe0028ca3) mem 0x800159e1 0x0
core   0: 0x8000c9e0 (0xf4228a83) lb      s5, -190(t0)
core   0: 3 0x8000c9e0 (0xf4228a83) x21 0xffffffc1 mem 0x80015b0a
core   0: 0x8000c9e4 (0x9141d317) auipc   t1, 0x9141d
core   0: 3 0x8000c9e4 (0x9141d317) x 6 0x114299e4
core   0: 0x8000c9e8 (0xd8e283a3) sb      a4, -633(t0)
core   0: 3 0x8000c9e8 (0xd8e283a3) mem 0x8001594f 0xab
core   0: 0x8000c9ec (0x2cd28983) lb      s3, 717(t0)
core   0: 3 0x8000c9ec (0x2cd28983) x19 0x0000004e mem 0x80015e95
core   0: 0x8000c9f0 (0x80028d83) lb      s11, -2048(t0)
core   0: 3 0x8000c9f0 (0x80028d83) x27 0xffffffe4 mem 0x800153c8
core   0: 0x8000c9f4 (0x0063df13) srli    t5, t2, 6
core   0: 3 0x8000c9f4 (0x0063df13) x30 0x0000028f
core   0: 0x8000c9f8 (0x95b2c203) lbu     tp, -1701(t0)
core   0: 3 0x8000c9f8 (0x95b2c203) x 4 0x000000d8 mem 0x80015523
core   0: 0x8000c9fc (0xd1429323) sh      s4, -762(t0)
core   0: 3 0x8000c9fc (0xd1429323) mem 0x800158ce 0xffff
core   0: 0x8000ca00 (0xde928403) lb      s0, -535(t0)
core   0: 3 0x8000ca00 (0xde928403) x 8 0x0000006a mem 0x800159b1
core   0: 0x8000ca04 (0x0c028323) sb      zero, 198(t0)
core   0: 3 0x8000ca04 (0x0c028323) mem 0x80015c8e 0x0
core   0: 0x8000ca08 (0xd4428503) lb      a0, -700(t0)
core   0: 3 0x8000ca08 (0xd4428503) x10 0xffffffc7 mem 0x8001590c
core   0: 0x8000ca0c (0x25f2aa23) sw      t6, 596(t0)
core   0: 3 0x8000ca0c (0x25f2aa23) mem 0x80015e1c 0x0000006b
core   0: 0x8000ca10 (0x2742d383) lhu     t2, 628(t0)
core   0: 3 0x8000ca10 (0x2742d383) x 7 0x0000a8f7 mem 0x80015e3c
core   0: 0x8000ca14 (0xbb52c703) lbu     a4, -1099(t0)
core   0: 3 0x8000ca14 (0xbb52c703) x14 0x00000036 mem 0x8001577d
core   0: 0x8000ca18 (0x00008297) auipc   t0, 0x8
core   0: 3 0x8000ca18 (0x00008297) x 5 0x80014a18
core   0: 0x8000ca1c (0x65928293) addi    t0, t0, 1625
core   0: 3 0x8000ca1c (0x65928293) x 5 0x80015071
core   0: 0x8000ca20 (0x00a28183) lb      gp, 10(t0)
core   0: 3 0x8000ca20 (0x00a28183) x 3 0x00000030 mem 0x8001507b
core   0: 0x8000ca24 (0x012d2ab3) slt     s5, s10, s2
core   0: 3 0x8000ca24 (0x012d2ab3) x21 0x00000000
core   0: 0x8000ca28 (0x00628503) lb      a0, 6(t0)
core   0: 3 0x8000ca28 (0x00628503) x10 0xffffff99 mem 0x80015077
core   0: 0x8000ca2c (0xffc28483) lb      s1, -4(t0)
core   0: 3 0x8000ca2c (0xffc28483) x 9 0xfffffff1 mem 0x8001506d
core   0: 0x8000ca30 (0x00a28183) lb      gp, 10(t0)
core   0: 3 0x8000ca30 (0x00a28183) x 3 0x00000030 mem 0x8001507b
core   0: 0x8000ca34 (0x40985213) srai    tp, a6, 9
core   0: 3 0x8000ca34 (0x40985213) x 4 0x00000000
core   0: 0x8000ca38 (0xc659b013) sltiu   zero, s3, -923
core   0: 3 0x8000ca38 (0xc659b013)
core   0: 0x8000ca3c (0xbf2d0f93) addi    t6, s10, -1038
core   0: 3 0x8000ca3c (0xbf2d0f93) x31 0xfffffbac
core   0: 0x8000ca40 (0x0012d913) srli    s2, t0, 1
core   0: 3 0x8000ca40 (0x0012d913) x18 0x4000a838
core   0: 0x8000ca44 (0x01ff00b3) add     ra, t5, t6
core   0: 3 0x8000ca44 (0x01ff00b3) x 1 0xfffffe3b
core   0: 0x8000ca48 (0x00e2c383) lbu     t2, 14(t0)
core   0: 3 0x8000ca48 (0x00e2c383) x 7 0x00000034 mem 0x8001507f
core   0: 0x8000ca4c (0x412d0a33) sub     s4, s10, s2
core   0: 3 0x8000ca4c (0x412d0a33) x20 0xbfff5782
core   0: 0x8000ca50 (0x00f29b03) lh      s6, 15(t0)
core   0: 3 0x8000ca50 (0x00f29b03) x22 0x00003a3b mem 0x80015080
core   0: 0x8000ca54 (0x69b487b7) lui     a5, 0x69b48
core   0: 3 0x8000ca54 (0x69b487b7) x15 0x69b48000
core   0: 0x8000ca58 (0x01fbd9b3) srl     s3, s7, t6
core   0: 3 0x8000ca58 (0x01fbd9b3) x19 0x00000000
core   0: 0x8000ca5c (0xfda2c883) lbu     a7, -38(t0)
core   0: 3 0x8000ca5c (0xfda2c883) x17 0x00000000 mem 0x8001504b
core   0: 0x8000ca60 (0x006b2333) slt     t1, s6, t1
core   0: 3 0x8000ca60 (0x006b2333) x 6 0x00000001
core   0: 0x8000ca64 (0x001864b3) or      s1, a6, ra
core   0: 3 0x8000ca64 (0x001864b3) x 9 0xfffffe3b
core   0: 0x8000ca68 (0x0372c183) lbu     gp, 55(t0)
core   0: 3 0x8000ca68 (0x0372c183) x 3 0x00000001 mem 0x800150a8
core   0: 0x8000ca6c (0xa6654193) xori    gp, a0, -1434
core   0: 3 0x8000ca6c (0xa6654193) x 3 0x000005ff
core   0: 0x8000ca70 (0xfe529b83) lh      s7, -27(t0)
core   0: 3 0x8000ca70 (0xfe529b83) x23 0x00000c0d mem 0x80015056
core   0: 0x8000ca74 (0xea393013) sltiu   zero, s2, -349
core   0: 3 0x8000ca74 (0xea393013)
core   0: 0x8000ca78 (0xb5950d13) addi    s10, a0, -1191
core   0: 3 0x8000ca78 (0xb5950d13) x26 0xfffffaf2
core   0: 0x8000ca7c (0x00b2d183) lhu     gp, 11(t0)
core   0: 3 0x8000ca7c (0x00b2d183) x 3 0x00003637 mem 0x8001507c
core   0: 0x8000ca80 (0xd8198f93) addi    t6, s3, -639
core   0: 3 0x8000ca80 (0xd8198f93) x31 0xfffffd81
core   0: 0x8000ca84 (0x01185733) srl     a4, a6, a7
core   0: 3 0x8000ca84 (0x01185733) x14 0x00000000
core   0: 0x8000ca88 (0x0122c503) lbu     a0, 18(t0)
core   0: 3 0x8000ca88 (0x0122c503) x10 0x00000000 mem 0x80015083
core   0: 0x8000ca8c (0xfde2c083) lbu     ra, -34(t0)
core   0: 3 0x8000ca8c (0xfde2c083) x 1 0x00000009 mem 0x8001504f
core   0: 0x8000ca90 (0x0141ceb3) xor     t4, gp, s4
core   0: 3 0x8000ca90 (0x0141ceb3) x29 0xbfff61b5
core   0: 0x8000ca94 (0x01143433) sltu    s0, s0, a7
core   0: 3 0x8000ca94 (0x01143433) x 8 0x00000000
core   0: 0x8000ca98 (0x44e5ce17) auipc   t3, 0x44e5c
core   0: 3 0x8000ca98 (0x44e5ce17) x28 0xc4e68a98
core   0: 0x8000ca9c (0x40a08cb3) sub     s9, ra, a0
core   0: 3 0x8000ca9c (0x40a08cb3) x25 0x00000009
core   0: 0x8000caa0 (0x4173ddb3) sra     s11, t2, s7
core   0: 3 0x8000caa0 (0x4173ddb3) x27 0x00000000
core   0: 0x8000caa4 (0x419b0733) sub     a4, s6, s9
core   0: 3 0x8000caa4 (0x419b0733) x14 0x00003a32
core   0: 0x8000caa8 (0xd6b974b7) lui     s1, 0xd6b97
core   0: 3 0x8000caa8 (0xd6b974b7) x 9 0xd6b97000
core   0: 0x8000caac (0x90f63193) sltiu   gp, a2, -1777
core   0: 3 0x8000caac (0x90f63193) x 3 0x00000001
core   0: 0x8000cab0 (0xff72d803) lhu     a6, -9(t0)
core   0: 3 0x8000cab0 (0xff72d803) x16 0x00002223 mem 0x80015068
core   0: 0x8000cab4 (0x404addb3) sra     s11, s5, tp
core   0: 3 0x8000cab4 (0x404addb3) x27 0x00000000
core   0: 0x8000cab8 (0xfdf29d03) lh      s10, -33(t0)
core   0: 3 0x8000cab8 (0xfdf29d03) x26 0x00000a0b mem 0x80015050
core   0: 0x8000cabc (0x0000100f) fence.i
core   0: 3 0x8000cabc (0x0000100f)
core   0: 0x8000cac0 (0x00000013) nop
core   0: 3 0x8000cac0 (0x00000013)
core   0: 0x8000cac4 (0x01a296a3) sh      s10, 13(t0)
core   0: 3 0x8000cac4 (0x01a296a3) mem 0x8001507e 0x0a0b
core   0: 0x8000cac8 (0x0000f497) auipc   s1, 0xf
core   0: 3 0x8000cac8 (0x0000f497) x 9 0x8001bac8
core   0: 0x8000cacc (0xcf248493) addi    s1, s1, -782
core   0: 3 0x8000cacc (0xcf248493) x 9 0x8001b7ba
core   0: 0x8000cad0 (0xff34cf83) lbu     t6, -13(s1)
core   0: 3 0x8000cad0 (0xff34cf83) x31 0x00000066 mem 0x8001b7ad
core   0: 0x8000cad4 (0x00008217) auipc   tp, 0x8
core   0: 3 0x8000cad4 (0x00008217) x 4 0x80014ad4
core   0: 0x8000cad8 (0x6b220213) addi    tp, tp, 1714
core   0: 3 0x8000cad8 (0x6b220213) x 4 0x80015186
core   0: 0x8000cadc (0xf3424183) lbu     gp, -204(tp)
core   0: 3 0x8000cadc (0xf3424183) x 3 0x00000000 mem 0x800150ba
core   0: 0x8000cae0 (0x01c48323) sb      t3, 6(s1)
core   0: 3 0x8000cae0 (0x01c48323) mem 0x8001b7c0 0x98
core   0: 0x8000cae4 (0xfeb4ab23) sw      a1, -10(s1)
core   0: 3 0x8000cae4 (0xfeb4ab23) mem 0x8001b7b0 0x80000000
core   0: 0x8000cae8 (0x01c20f03) lb      t5, 28(tp)
core   0: 3 0x8000cae8 (0x01c20f03) x30 0x00000059 mem 0x800151a2
core   0: 0x8000caec (0x0d520ea3) sb      s5, 221(tp)
core   0: 3 0x8000caec (0x0d520ea3) mem 0x80015263 0x0
core   0: 0x8000caf0 (0x01a49723) sh      s10, 14(s1)
core   0: 3 0x8000caf0 (0x01a49723) mem 0x8001b7c8 0x0a0b
core   0: 0x8000caf4 (0xffe49d03) lh      s10, -2(s1)
core   0: 3 0x8000caf4 (0xffe49d03) x26 0x00007273 mem 0x8001b7b8
core   0: 0x8000caf8 (0x09120883) lb      a7, 145(tp)
core   0: 3 0x8000caf8 (0x09120883) x17 0x00000000 mem 0x80015217
core   0: 0x8000cafc (0xf4324703) lbu     a4, -189(tp)
core   0: 3 0x8000cafc (0xf4324703) x14 0x000000fd mem 0x800150c9
core   0: 0x8000cb00 (0x00948d83) lb      s11, 9(s1)
core   0: 3 0x8000cb00 (0x00948d83) x27 0x00000078 mem 0x8001b7c3
core   0: 0x8000cb04 (0x00b4a723) sw      a1, 14(s1)
core   0: 3 0x8000cb04 (0x00b4a723) mem 0x8001b7c8 0x80000000
core   0: 0x8000cb08 (0x07220e03) lb      t3, 114(tp)
core   0: 3 0x8000cb08 (0x07220e03) x28 0xffffffb3 mem 0x800151f8
core   0: 0x8000cb0c (0xffb4c403) lbu     s0, -5(s1)
core   0: 3 0x8000cb0c (0xffb4c403) x 8 0x0000006e mem 0x8001b7b5
core   0: 0x8000cb10 (0xffa48aa3) sb      s10, -11(s1)
core   0: 3 0x8000cb10 (0xffa48aa3) mem 0x8001b7af 0x73
core   0: 0x8000cb14 (0x00009317) auipc   t1, 0x9
core   0: 3 0x8000cb14 (0x00009317) x 6 0x80015b14
core   0: 0x8000cb18 (0x85230313) addi    t1, t1, -1966
core   0: 3 0x8000cb18 (0x85230313) x 6 0x80015366
core   0: 0x8000cb1c (0x5ce34e83) lbu     t4, 1486(t1)
core   0: 3 0x8000cb1c (0x5ce34e83) x29 0x000000ef mem 0x80015934
core   0: 0x8000cb20 (0x5cd32723) sw      a3, 1486(t1)
core   0: 3 0x8000cb20 (0x5cd32723) mem 0x80015934 0x00000062
core   0: 0x8000cb24 (0x5ce34b83) lbu     s7, 1486(t1)
core   0: 3 0x8000cb24 (0x5ce34b83) x23 0x00000062 mem 0x80015934
core   0: 0x8000cb28 (0x5ce30383) lb      t2, 1486(t1)
core   0: 3 0x8000cb28 (0x5ce30383) x 7 0x00000062 mem 0x80015934
core   0: 0x8000cb2c (0x01aa3233) sltu    tp, s4, s10
core   0: 3 0x8000cb2c (0x01aa3233) x 4 0x00000000
core   0: 0x8000cb30 (0x014bf733) and     a4, s7, s4
core   0: 3 0x8000cb30 (0x014bf733) x14 0x00000002
core   0: 0x8000cb34 (0x5ce34a83) lbu     s5, 1486(t1)
core   0: 3 0x8000cb34 (0x5ce34a83) x21 0x00000062 mem 0x80015934
core   0: 0x8000cb38 (0x5ce30d03) lb      s10, 1486(t1)
core   0: 3 0x8000cb38 (0x5ce30d03) x26 0x00000062 mem 0x80015934
core   0: 0x8000cb3c (0x5ce32483) lw      s1, 1486(t1)
core   0: 3 0x8000cb3c (0x5ce32483) x 9 0x00000062 mem 0x80015934
core   0: 0x8000cb40 (0x5db31723) sh      s11, 1486(t1)
core   0: 3 0x8000cb40 (0x5db31723) mem 0x80015934 0x0078
core   0: 0x8000cb44 (0x00000013) nop
core   0: 3 0x8000cb44 (0x00000013)
core   0: 0x8000cb48 (0x00b99d33) sll     s10, s3, a1
core   0: 3 0x8000cb48 (0x00b99d33) x26 0x00000000
core   0: 0x8000cb4c (0x34435d03) lhu     s10, 836(t1)
core   0: 3 0x8000cb4c (0x34435d03) x26 0x00006061 mem 0x800156aa
core   0: 0x8000cb50 (0x34430e83) lb      t4, 836(t1)
core   0: 3 0x8000cb50 (0x34430e83) x29 0x00000061 mem 0x800156aa
core   0: 0x8000cb54 (0x35130223) sb      a7, 836(t1)
core   0: 3 0x8000cb54 (0x35130223) mem 0x800156aa 0x0
core   0: 0x8000cb58 (0x34431683) lh      a3, 836(t1)
core   0: 3 0x8000cb58 (0x34431683) x13 0x00006000 mem 0x800156aa
core   0: 0x8000cb5c (0x71334183) lbu     gp, 1811(t1)
core   0: 3 0x8000cb5c (0x71334183) x 3 0x00000032 mem 0x80015a79
core   0: 0x8000cb60 (0x0ff0000f) fence   iorw,iorw
core   0: 3 0x8000cb60 (0x0ff0000f)
core   0: 0x8000cb64 (0x71f309a3) sb      t6, 1811(t1)
core   0: 3 0x8000cb64 (0x71f309a3) mem 0x80015a79 0x66
core   0: 0x8000cb68 (0x00014217) auipc   tp, 0x14
core   0: 3 0x8000cb68 (0x00014217) x 4 0x80020b68
core   0: 0x8000cb6c (0x5e820213) addi    tp, tp, 1512
core   0: 3 0x8000cb6c (0x5e820213) x 4 0x80021150
core   0: 0x8000cb70 (0xfe524503) lbu     a0, -27(tp)
core   0: 3 0x8000cb70 (0xfe524503) x10 0x000000ee mem 0x80021135
core   0: 0x8000cb74 (0x00009417) auipc   s0, 0x9
core   0: 3 0x8000cb74 (0x00009417) x 8 0x80015b74
core   0: 0x8000cb78 (0x18540413) addi    s0, s0, 389
core   0: 3 0x8000cb78 (0x18540413) x 8 0x80015cf9
core   0: 0x8000cb7c (0x00e202a3) sb      a4, 5(tp)
core   0: 3 0x8000cb7c (0x00e202a3) mem 0x80021155 0x2
core   0: 0x8000cb80 (0x14241da3) sh      sp, 347(s0)
core   0: 3 0x8000cb80 (0x14241da3) mem 0x80015e54 0xece4
core   0: 0x8000cb84 (0xfc4208a3) sb      tp, -47(tp)
core   0: 3 0x8000cb84 (0xfc4208a3) mem 0x80021121 0x50
core   0: 0x8000cb88 (0xbe540b23) sb      t0, -1034(s0)
core   0: 3 0x8000cb88 (0xbe540b23) mem 0x800158ef 0x71
core   0: 0x8000cb8c (0x04622023) sw      t1, 64(tp)
core   0: 3 0x8000cb8c (0x04622023) mem 0x80021190 0x80015366
core   0: 0x8000cb90 (0xdc240e23) sb      sp, -548(s0)
core   0: 3 0x8000cb90 (0xdc240e23) mem 0x80015ad5 0xe4
core   0: 0x8000cb94 (0xfd124903) lbu     s2, -47(tp)
core   0: 3 0x8000cb94 (0xfd124903) x18 0x00000050 mem 0x80021121
core   0: 0x8000cb98 (0xdf740d23) sb      s7, -518(s0)
core   0: 3 0x8000cb98 (0xdf740d23) mem 0x80015af3 0x62
core   0: 0x8000cb9c (0xaaa44c03) lbu     s8, -1366(s0)
core   0: 3 0x8000cb9c (0xaaa44c03) x24 0x00000058 mem 0x800157a3
core   0: 0x8000cba0 (0xb6f44983) lbu     s3, -1169(s0)
core   0: 3 0x8000cba0 (0xb6f44983) x19 0x00000023 mem 0x80015868
core   0: 0x8000cba4 (0x03220b83) lb      s7, 50(tp)
core   0: 3 0x8000cba4 (0x03220b83) x23 0x00000039 mem 0x80021182
core   0: 0x8000cba8 (0x00f20083) lb      ra, 15(tp)
core   0: 3 0x8000cba8 (0x00f20083) x 1 0x00000014 mem 0x8002115f
core   0: 0x8000cbac (0x00009a97) auipc   s5, 0x9
core   0: 3 0x8000cbac (0x00009a97) x21 0x80015bac
core   0: 0x8000cbb0 (0xcf5a8a93) addi    s5, s5, -779
core   0: 3 0x8000cbb0 (0xcf5a8a93) x21 0x800158a1
core   0: 0x8000cbb4 (0x487b7d13) andi    s10, s6, 1159
core   0: 3 0x8000cbb4 (0x487b7d13) x26 0x00000003
core   0: 0x8000cbb8 (0xfd0ace83) lbu     t4, -48(s5)
core   0: 3 0x8000cbb8 (0xfd0ace83) x29 0x0000002a mem 0x80015871
core   0: 0x8000cbbc (0x00533bb3) sltu    s7, t1, t0
core   0: 3 0x8000cbbc (0x00533bb3) x23 0x00000000
core   0: 0x8000cbc0 (0x5f9e7893) andi    a7, t3, 1529
core   0: 3 0x8000cbc0 (0x5f9e7893) x17 0x000005b1
core   0: 0x8000cbc4 (0x6ca5e513) ori     a0, a1, 1738
core   0: 3 0x8000cbc4 (0x6ca5e513) x10 0x800006ca
core   0: 0x8000cbc8 (0x009a8923) sb      s1, 18(s5)
core   0: 3 0x8000cbc8 (0x009a8923) mem 0x800158b3 0x62
core   0: 0x8000cbcc (0x014b10b3) sll     ra, s6, s4
core   0: 3 0x8000cbcc (0x014b10b3) x 1 0x0000e8ec
core   0: 0x8000cbd0 (0xfe4ac903) lbu     s2, -28(s5)
core   0: 3 0x8000cbd0 (0xfe4ac903) x18 0x0000003e mem 0x80015885
core   0: 0x8000cbd4 (0x015ad303) lhu     t1, 21(s5)
core   0: 3 0x8000cbd4 (0x015ad303) x 6 0x00006c6d mem 0x800158b6
core   0: 0x8000cbd8 (0x018f0533) add     a0, t5, s8
core   0: 3 0x8000cbd8 (0x018f0533) x10 0x000000b1
core   0: 0x8000cbdc (0xdd1dbd93) sltiu   s11, s11, -559
core   0: 3 0x8000cbdc (0xdd1dbd93) x27 0x00000001
core   0: 0x8000cbe0 (0xff9ad003) lhu     zero, -7(s5)
core   0: 3 0x8000cbe0 (0xff9ad003) mem 0x8001589a
core   0: 0x8000cbe4 (0x40918933) sub     s2, gp, s1
core   0: 3 0x8000cbe4 (0x40918933) x18 0xffffffd0
core   0: 0x8000cbe8 (0x6d1786b7) lui     a3, 0x6d178
core   0: 3 0x8000cbe8 (0x6d1786b7) x13 0x6d178000
core   0: 0x8000cbec (0x039adb83) lhu     s7, 57(s5)
core   0: 3 0x8000cbec (0x039adb83) x23 0x00009091 mem 0x800158da
core   0: 0x8000cbf0 (0x00ea82a3) sb      a4, 5(s5)
core   0: 3 0x8000cbf0 (0x00ea82a3) mem 0x800158a6 0x2
core   0: 0x8000cbf4 (0x02aac003) lbu     zero, 42(s5)
core   0: 3 0x8000cbf4 (0x02aac003) mem 0x800158cb
core   0: 0x8000cbf8 (0xfe5a92a3) sh      t0, -27(s5)
core   0: 3 0x8000cbf8 (0xfe5a92a3) mem 0x80015886 0x5071
core   0: 0x8000cbfc (0xfe2a8c23) sb      sp, -8(s5)
core   0: 3 0x8000cbfc (0xfe2a8c23) mem 0x80015899 0xe4
core   0: 0x8000cc00 (0xfc7a8623) sb      t2, -52(s5)
core   0: 3 0x8000cc00 (0xfc7a8623) mem 0x8001586d 0x62
core   0: 0x8000cc04 (0x004a86a3) sb      tp, 13(s5)
core   0: 3 0x8000cc04 (0x004a86a3) mem 0x800158ae 0x50
core   0: 0x8000cc08 (0x40305c13) srai    s8, zero, 3
core   0: 3 0x8000cc08 (0x40305c13) x24 0x00000000
core   0: 0x8000cc0c (0xfd9acf83) lbu     t6, -39(s5)
core   0: 3 0x8000cc0c (0xfd9acf83) x31 0x00000031 mem 0x8001587a
core   0: 0x8000cc10 (0xff5aa9a3) sw      s5, -13(s5)
core   0: 3 0x8000cc10 (0xff5aa9a3) mem 0x80015894 0x800158a1
core   0: 0x8000cc14 (0x003932b3) sltu    t0, s2, gp
core   0: 3 0x8000cc14 (0x003932b3) x 5 0x00000000
core   0: 0x8000cc18 (0x00a6a4b3) slt     s1, a3, a0
core   0: 3 0x8000cc18 (0x00a6a4b3) x 9 0x00000000
core   0: 0x8000cc1c (0x005b6c33) or      s8, s6, t0
core   0: 3 0x8000cc1c (0x005b6c33) x24 0x00003a3b
core   0: 0x8000cc20 (0x002fc2b3) xor     t0, t6, sp
core   0: 3 0x8000cc20 (0x002fc2b3) x 5 0x8002ecd5
core   0: 0x8000cc24 (0x02eaca03) lbu     s4, 46(s5)
core   0: 3 0x8000cc24 (0x02eaca03) x20 0x000000ff mem 0x800158cf
core   0: 0x8000cc28 (0xff5a86a3) sb      s5, -19(s5)
core   0: 3 0x8000cc28 (0xff5a86a3) mem 0x8001588e 0xa1
core   0: 0x8000cc2c (0x0028d1b3) srl     gp, a7, sp
core   0: 3 0x8000cc2c (0x0028d1b3) x 3 0x0000005b
core   0: 0x8000cc30 (0xcacca893) slti    a7, s9, -852
core   0: 3 0x8000cc30 (0xcacca893) x17 0x00000000
core   0: 0x8000cc34 (0xfd1a8aa3) sb      a7, -43(s5)
core   0: 3 0x8000cc34 (0xfd1a8aa3) mem 0x80015876 0x0
core   0: 0x8000cc38 (0x0ff0000f) fence   iorw,iorw
core   0: 3 0x8000cc38 (0x0ff0000f)
core   0: 0x8000cc3c (0x01321b13) slli    s6, tp, 19
core   0: 3 0x8000cc3c (0x01321b13) x22 0x8a800000
core   0: 0x8000cc40 (0xfc1a8f03) lb      t5, -63(s5)
core   0: 3 0x8000cc40 (0xfc1a8f03) x30 0x00000019 mem 0x80015862
core   0: 0x8000cc44 (0x00394a33) xor     s4, s2, gp
core   0: 3 0x8000cc44 (0x00394a33) x20 0xffffff8b
core   0: 0x8000cc48 (0x02ea8d83) lb      s11, 46(s5)
core   0: 3 0x8000cc48 (0x02ea8d83) x27 0xffffffff mem 0x800158cf
core   0: 0x8000cc4c (0x2764b037) lui     zero, 0x2764b
core   0: 3 0x8000cc4c (0x2764b037)
core   0: 0x8000cc50 (0xfc1ac803) lbu     a6, -63(s5)
core   0: 3 0x8000cc50 (0xfc1ac803) x16 0x00000019 mem 0x80015862
core   0: 0x8000cc54 (0x009adc83) lhu     s9, 9(s5)
core   0: 3 0x8000cc54 (0x009adc83) x25 0x00006061 mem 0x800158aa
core   0: 0x8000cc58 (0x005890b3) sll     ra, a7, t0
core   0: 3 0x8000cc58 (0x005890b3) x 1 0x00000000
core   0: 0x8000cc5c (0xfdfa8623) sb      t6, -52(s5)
core   0: 3 0x8000cc5c (0xfdfa8623) mem 0x8001586d 0x31
core   0: 0x8000cc60 (0x4178da13) srai    s4, a7, 23
core   0: 3 0x8000cc60 (0x4178da13) x20 0x00000000
core   0: 0x8000cc64 (0x0116a7b3) slt     a5, a3, a7
core   0: 3 0x8000cc64 (0x0116a7b3) x15 0x00000000
core   0: 0x8000cc68 (0x41b15e13) srai    t3, sp, 27
core   0: 3 0x8000cc68 (0x41b15e13) x28 0xfffffff0
core   0: 0x8000cc6c (0x00000013) nop
core   0: 3 0x8000cc6c (0x00000013)
core   0: 0x8000cc70 (0xe19e46b7) lui     a3, 0xe19e4
core   0: 3 0x8000cc70 (0xe19e46b7) x13 0xe19e4000
core   0: 0x8000cc74 (0x02da9ba3) sh      a3, 55(s5)
core   0: 3 0x8000cc74 (0x02da9ba3) mem 0x800158d8 0x4000
core   0: 0x8000cc78 (0xfcfa8523) sb      a5, -54(s5)
core   0: 3 0x8000cc78 (0xfcfa8523) mem 0x8001586b 0x0
core   0: 0x8000cc7c (0x01eace83) lbu     t4, 30(s5)
core   0: 3 0x8000cc7c (0x01eace83) x29 0x00000089 mem 0x800158bf
core   0: 0x8000cc80 (0x4b273493) sltiu   s1, a4, 1202
core   0: 3 0x8000cc80 (0x4b273493) x 9 0x00000001
core   0: 0x8000cc84 (0xfc5a9f83) lh      t6, -59(s5)
core   0: 3 0x8000cc84 (0xfc5a9f83) x31 0x00001c1d mem 0x80015866
core   0: 0x8000cc88 (0x00009b17) auipc   s6, 0x9
core   0: 3 0x8000cc88 (0x00009b17) x22 0x80015c88
core   0: 0x8000cc8c (0xb2ab0b13) addi    s6, s6, -1238
core   0: 3 0x8000cc8c (0xb2ab0b13) x22 0x800157b2
core   0: 0x8000cc90 (0x00dd52b3) srl     t0, s10, a3
core   0: 3 0x8000cc90 (0x00dd52b3) x 5 0x00000003
core   0: 0x8000cc94 (0xe1a72a13) slti    s4, a4, -486
core   0: 3 0x8000cc94 (0xe1a72a13) x20 0x00000000
core   0: 0x8000cc98 (0x00000013) nop
core   0: 3 0x8000cc98 (0x00000013)
core   0: 0x8000cc9c (0x00817d33) and     s10, sp, s0
core   0: 3 0x8000cc9c (0x00817d33) x26 0x80004ce0
core   0: 0x8000cca0 (0x0042e933) or      s2, t0, tp
core   0: 3 0x8000cca0 (0x0042e933) x18 0x80021153
core   0: 0x8000cca4 (0x2d6b1983) lh      s3, 726(s6)
core   0: 3 0x8000cca4 (0x2d6b1983) x19 0x00004243 mem 0x80015a88
core   0: 0x8000cca8 (0x2a4b7313) andi    t1, s6, 676
core   0: 3 0x8000cca8 (0x2a4b7313) x 6 0x000002a0
core   0: 0x8000ccac (0x62bb0e03) lb      t3, 1579(s6)
core   0: 3 0x8000ccac (0x62bb0e03) x28 0xffffff96 mem 0x80015ddd
core   0: 0x8000ccb0 (0x2ecb1c83) lh      s9, 748(s6)
core   0: 3 0x8000ccb0 (0x2ecb1c83) x25 0x00005a56 mem 0x80015a9e
core   0: 0x8000ccb4 (0x008e1e33) sll     t3, t3, s0
core   0: 3 0x8000ccb4 (0x008e1e33) x28 0x2c000000
core   0: 0x8000ccb8 (0x01da5513) srli    a0, s4, 29
core   0: 3 0x8000ccb8 (0x01da5513) x10 0x00000000
core   0: 0x8000ccbc (0xdacb0383) lb      t2, -596(s6)
core   0: 3 0x8000ccbc (0xdacb0383) x 7 0x00000015 mem 0x8001555e
core   0: 0x8000ccc0 (0x01c2ddb3) srl     s11, t0, t3
core   0: 3 0x8000ccc0 (0x01c2ddb3) x27 0x00000003
core   0: 0x8000ccc4 (0x01fd28b3) slt     a7, s10, t6
core   0: 3 0x8000ccc4 (0x01fd28b3) x17 0x00000001
core   0: 0x8000ccc8 (0x01fe8cb3) add     s9, t4, t6
core   0: 3 0x8000ccc8 (0x01fe8cb3) x25 0x00001ca6
core   0: 0x8000cccc (0x99cb0083) lb      ra, -1636(s6)
core   0: 3 0x8000cccc (0x99cb0083) x 1 0x00000005 mem 0x8001514e
core   0: 0x8000ccd0 (0xcc5b4f83) lbu     t6, -827(s6)
core   0: 3 0x8000ccd0 (0xcc5b4f83) x31 0x00000001 mem 0x80015477
core   0: 0x8000ccd4 (0xa732c497) auipc   s1, 0xa732c
core   0: 3 0x8000ccd4 (0xa732c497) x 9 0x27338cd4
core   0: 0x8000ccd8 (0x27cb1883) lh      a7, 636(s6)
core   0: 3 0x8000ccd8 (0x27cb1883) x17 0xffffe4e5 mem 0x80015a2e
core   0: 0x8000ccdc (0xadaab193) sltiu   gp, s5, -1318
core   0: 3 0x8000ccdc (0xadaab193) x 3 0x00000001
core   0: 0x8000cce0 (0x2b0b1b83) lh      s7, 688(s6)
core   0: 3 0x8000cce0 (0x2b0b1b83) x23 0x00000008 mem 0x80015a62
core   0: 0x8000cce4 (0x939b0703) lb      a4, -1735(s6)
core   0: 3 0x8000cce4 (0x939b0703) x14 0xffffffef mem 0x800150eb
core   0: 0x8000cce8 (0x0fab1903) lh      s2, 250(s6)
core   0: 3 0x8000cce8 (0x0fab1903) x18 0x00006667 mem 0x800158ac
core   0: 0x8000ccec (0x18eb0703) lb      a4, 398(s6)
core   0: 3 0x8000ccec (0x18eb0703) x14 0x0000002f mem 0x80015940
core   0: 0x8000ccf0 (0x5e1b0383) lb      t2, 1505(s6)
core   0: 3 0x8000ccf0 (0x5e1b0383) x 7 0x00000048 mem 0x80015d93
core   0: 0x8000ccf4 (0x0000ec17) auipc   s8, 0xe
core   0: 3 0x8000ccf4 (0x0000ec17) x24 0x8001acf4
core   0: 0x8000ccf8 (0xc52c0c13) addi    s8, s8, -942
core   0: 3 0x8000ccf8 (0xc52c0c13) x24 0x8001a946
core   0: 0x8000ccfc (0x00010697) auipc   a3, 0x10
core   0: 3 0x8000ccfc (0x00010697) x13 0x8001ccfc
core   0: 0x8000cd00 (0x7a768693) addi    a3, a3, 1959
core   0: 3 0x8000cd00 (0x7a768693) x13 0x8001d4a3
core   0: 0x8000cd04 (0x1d6c00a3) sb      s6, 449(s8)
core   0: 3 0x8000cd04 (0x1d6c00a3) mem 0x8001ab07 0xb2
core   0: 0x8000cd08 (0x00012797) auipc   a5, 0x12
core   0: 3 0x8000cd08 (0x00012797) x15 0x8001ed08
core   0: 0x8000cd0c (0xe7878793) addi    a5, a5, -392
core   0: 3 0x8000cd0c (0xe7878793) x15 0x8001eb80
core   0: 0x8000cd10 (0x0000a497) auipc   s1, 0xa
core   0: 3 0x8000cd10 (0x0000a497) x 9 0x80016d10
core   0: 0x8000cd14 (0xff948493) addi    s1, s1, -7
core   0: 3 0x8000cd14 (0xff948493) x 9 0x80016d09
core   0: 0x8000cd18 (0x02578703) lb      a4, 37(a5)
core   0: 3 0x8000cd18 (0x02578703) x14 0x0000005e mem 0x8001eba5
core   0: 0x8000cd1c (0xfc6787a3) sb      t1, -49(a5)
core   0: 3 0x8000cd1c (0xfc6787a3) mem 0x8001eb4f 0xa0
core   0: 0x8000cd20 (0xabe4c383) lbu     t2, -1346(s1)
core   0: 3 0x8000cd20 (0xabe4c383) x 7 0x0000007c mem 0x800167c7
core   0: 0x8000cd24 (0x3a26c183) lbu     gp, 930(a3)
core   0: 3 0x8000cd24 (0x3a26c183) x 3 0x000000fe mem 0x8001d845
core   0: 0x8000cd28 (0xe9f68123) sb      t6, -382(a3)
core   0: 3 0x8000cd28 (0xe9f68123) mem 0x8001d325 0x1
core   0: 0x8000cd2c (0xb7768723) sb      s7, -1170(a3)
core   0: 3 0x8000cd2c (0xb7768723) mem 0x8001d011 0x8
core   0: 0x8000cd30 (0xf35c0a83) lb      s5, -203(s8)
core   0: 3 0x8000cd30 (0xf35c0a83) x21 0x00000030 mem 0x8001a87b
core   0: 0x8000cd34 (0xfd7785a3) sb      s7, -53(a5)
core   0: 3 0x8000cd34 (0xfd7785a3) mem 0x8001eb4b 0x8
core   0: 0x8000cd38 (0xd9548d83) lb      s11, -619(s1)
core   0: 3 0x8000cd38 (0xd9548d83) x27 0x00000055 mem 0x80016a9e
core   0: 0x8000cd3c (0xe5468883) lb      a7, -428(a3)
core   0: 3 0x8000cd3c (0xe5468883) x17 0xffffffac mem 0x8001d2f7
core   0: 0x8000cd40 (0xeb5c4883) lbu     a7, -331(s8)
core   0: 3 0x8000cd40 (0xeb5c4883) x17 0x000000b0 mem 0x8001a7fb
core   0: 0x8000cd44 (0xa4cc0a23) sb      a2, -1452(s8)
core   0: 3 0x8000cd44 (0xa4cc0a23) mem 0x8001a39a 0x4
core   0: 0x8000cd48 (0x7ba6cf03) lbu     t5, 1978(a3)
core   0: 3 0x8000cd48 (0x7ba6cf03) x30 0x00000016 mem 0x8001dc5d
core   0: 0x8000cd4c (0xfea79d83) lh      s11, -22(a5)
core   0: 3 0x8000cd4c (0xfea79d83) x27 0x00002021 mem 0x8001eb6a
core   0: 0x8000cd50 (0x9e44c183) lbu     gp, -1564(s1)
core   0: 3 0x8000cd50 (0x9e44c183) x 3 0x000000a6 mem 0x800166ed
core   0: 0x8000cd54 (0xf624cc83) lbu     s9, -158(s1)
core   0: 3 0x8000cd54 (0xf624cc83) x25 0x00000020 mem 0x80016c6b
core   0: 0x8000cd58 (0xb394ce83) lbu     t4, -1223(s1)
core   0: 3 0x8000cd58 (0xb394ce83) x29 0x000000f9 mem 0x80016842
core   0: 0x8000cd5c (0xfef79423) sh      a5, -24(a5)
core   0: 3 0x8000cd5c (0xfef79423) mem 0x8001eb68 0xeb80
core   0: 0x8000cd60 (0x11cc1c23) sh      t3, 280(s8)
core   0: 3 0x8000cd60 (0x11cc1c23) mem 0x8001aa5e 0x0000
core   0: 0x8000cd64 (0x00010d17) auipc   s10, 0x10
core   0: 3 0x8000cd64 (0x00010d17) x26 0x8001cd64
core   0: 0x8000cd68 (0x36ed0d13) addi    s10, s10, 878
core   0: 3 0x8000cd68 (0x36ed0d13) x26 0x8001d0d2
core   0: 0x8000cd6c (0x0000100f) fence.i
core   0: 3 0x8000cd6c (0x0000100f)
core   0: 0x8000cd70 (0x8417a913) slti    s2, a5, -1983
core   0: 3 0x8000cd70 (0x8417a913) x18 0x00000001
core   0: 0x8000cd74 (0xff4d1e23) sh      s4, -4(s10)
core   0: 3 0x8000cd74 (0xff4d1e23) mem 0x8001d0ce 0x0000
core   0: 0x8000cd78 (0xfe5d1e23) sh      t0, -4(s10)
core   0: 3 0x8000cd78 (0xfe5d1e23) mem 0x8001d0ce 0x0003
core   0: 0x8000cd7c (0xffcd1203) lh      tp, -4(s10)
core   0: 3 0x8000cd7c (0xffcd1203) x 4 0x00000003 mem 0x8001d0ce
core   0: 0x8000cd80 (0xffbd4183) lbu     gp, -5(s10)
core   0: 3 0x8000cd80 (0xffbd4183) x 3 0x00000086 mem 0x8001d0cd
core   0: 0x8000cd84 (0xff6d0da3) sb      s6, -5(s10)
core   0: 3 0x8000cd84 (0xff6d0da3) mem 0x8001d0cd 0xb2
core   0: 0x8000cd88 (0xffbd0183) lb      gp, -5(s10)
core   0: 3 0x8000cd88 (0xffbd0183) x 3 0xffffffb2 mem 0x8001d0cd
core   0: 0x8000cd8c (0xfffd0da3) sb      t6, -5(s10)
core   0: 3 0x8000cd8c (0xfffd0da3) mem 0x8001d0cd 0x1
core   0: 0x8000cd90 (0xffbd4f03) lbu     t5, -5(s10)
core   0: 3 0x8000cd90 (0xffbd4f03) x30 0x00000001 mem 0x8001d0cd
core   0: 0x8000cd94 (0xffbd0c03) lb      s8, -5(s10)
core   0: 3 0x8000cd94 (0xffbd0c03) x24 0x00000001 mem 0x8001d0cd
core   0: 0x8000cd98 (0xffdd0da3) sb      t4, -5(s10)
core   0: 3 0x8000cd98 (0xffdd0da3) mem 0x8001d0cd 0xf9
core   0: 0x8000cd9c (0xff7d4c03) lbu     s8, -9(s10)
core   0: 3 0x8000cd9c (0xff7d4c03) x24 0x00000082 mem 0x8001d0c9
core   0: 0x8000cda0 (0x64c78013) addi    zero, a5, 1612
core   0: 3 0x8000cda0 (0x64c78013)
core   0: 0x8000cda4 (0xff7d4803) lbu     a6, -9(s10)
core   0: 3 0x8000cda4 (0xff7d4803) x16 0x00000082 mem 0x8001d0c9
core   0: 0x8000cda8 (0xff7d0183) lb      gp, -9(s10)
core   0: 3 0x8000cda8 (0xff7d0183) x 3 0xffffff82 mem 0x8001d0c9
core   0: 0x8000cdac (0xb2bd0213) addi    tp, s10, -1237
core   0: 3 0x8000cdac (0xb2bd0213) x 4 0x8001cbfd
core   0: 0x8000cdb0 (0xff7d0683) lb      a3, -9(s10)
core   0: 3 0x8000cdb0 (0xff7d0683) x13 0xffffff82 mem 0x8001d0c9
core   0: 0x8000cdb4 (0x00c26fb3) or      t6, tp, a2
core   0: 3 0x8000cdb4 (0x00c26fb3) x31 0x8003effd
core   0: 0x8000cdb8 (0xff7d0183) lb      gp, -9(s10)
core   0: 3 0x8000cdb8 (0xff7d0183) x 3 0xffffff82 mem 0x8001d0c9
core   0: 0x8000cdbc (0xff8d0ba3) sb      s8, -9(s10)
core   0: 3 0x8000cdbc (0xff8d0ba3) mem 0x8001d0c9 0x82
core   0: 0x8000cdc0 (0x0000100f) fence.i
core   0: 3 0x8000cdc0 (0x0000100f)
core   0: 0x8000cdc4 (0xff7d4883) lbu     a7, -9(s10)
core   0: 3 0x8000cdc4 (0xff7d4883) x17 0x00000082 mem 0x8001d0c9
core   0: 0x8000cdc8 (0xfa2cb497) auipc   s1, 0xfa2cb
core   0: 3 0x8000cdc8 (0xfa2cb497) x 9 0x7a2d7dc8
core   0: 0x8000cdcc (0xff7d4c03) lbu     s8, -9(s10)
core   0: 3 0x8000cdcc (0xff7d4c03) x24 0x00000082 mem 0x8001d0c9
core   0: 0x8000cdd0 (0x00009197) auipc   gp, 0x9
core   0: 3 0x8000cdd0 (0x00009197) x 3 0x80015dd0
core   0: 0x8000cdd4 (0x9e318193) addi    gp, gp, -1565
core   0: 3 0x8000cdd4 (0x9e318193) x 3 0x800157b3
core   0: 0x8000cdd8 (0x00010097) auipc   ra, 0x10
core   0: 3 0x8000cdd8 (0x00010097) x 1 0x8001cdd8
core   0: 0x8000cddc (0x55108093) addi    ra, ra, 1361
core   0: 3 0x8000cddc (0x55108093) x 1 0x8001d329
core   0: 0x8000cde0 (0xf2218223) sb      sp, -220(gp)
core   0: 3 0x8000cde0 (0xf2218223) mem 0x800156d7 0xe4
core   0: 0x8000cde4 (0x0921cd83) lbu     s11, 146(gp)
core   0: 3 0x8000cde4 (0x0921cd83) x27 0x000000fe mem 0x80015845
core   0: 0x8000cde8 (0xf9b1cc83) lbu     s9, -101(gp)
core   0: 3 0x8000cde8 (0xf9b1cc83) x25 0x00000005 mem 0x8001574e
core   0: 0x8000cdec (0x0d318da3) sb      s3, 219(gp)
core   0: 3 0x8000cdec (0x0d318da3) mem 0x8001588e 0x43
core   0: 0x8000cdf0 (0x00d08223) sb      a3, 4(ra)
core   0: 3 0x8000cdf0 (0x00d08223) mem 0x8001d32d 0x82
core   0: 0x8000cdf4 (0xfed1ce03) lbu     t3, -19(gp)
core   0: 3 0x8000cdf4 (0xfed1ce03) x28 0x00000025 mem 0x800157a0
core   0: 0x8000cdf8 (0xff908483) lb      s1, -7(ra)
core   0: 3 0x8000cdf8 (0xff908483) x 9 0xffffffd9 mem 0x8001d322
core   0: 0x8000cdfc (0x09f18f23) sb      t6, 158(gp)
core   0: 3 0x8000cdfc (0x09f18f23) mem 0x80015851 0xfd
core   0: 0x8000ce00 (0x00e0ce03) lbu     t3, 14(ra)
core   0: 3 0x8000ce00 (0x00e0ce03) x28 0x000000ec mem 0x8001d337
core   0: 0x8000ce04 (0xffd08c23) sb      t4, -8(ra)
core   0: 3 0x8000ce04 (0xffd08c23) mem 0x8001d321 0xf9
core   0: 0x8000ce08 (0xfd21c503) lbu     a0, -46(gp)
core   0: 3 0x8000ce08 (0xfd21c503) x10 0x0000003e mem 0x80015785
core   0: 0x8000ce0c (0x00a08003) lb      zero, 10(ra)
core   0: 3 0x8000ce0c (0x00a08003) mem 0x8001d333
core   0: 0x8000ce10 (0xff908b03) lb      s6, -7(ra)
core   0: 3 0x8000ce10 (0xff908b03) x22 0xffffffd9 mem 0x8001d322
core   0: 0x8000ce14 (0xffd08d23) sb      t4, -6(ra)
core   0: 3 0x8000ce14 (0xffd08d23) mem 0x8001d323 0xf9
core   0: 0x8000ce18 (0xff408983) lb      s3, -12(ra)
core   0: 3 0x8000ce18 (0xff408983) x19 0xffffffd6 mem 0x8001d31d
core   0: 0x8000ce1c (0x00016d97) auipc   s11, 0x16
core   0: 3 0x8000ce1c (0x00016d97) x27 0x80022e1c
core   0: 0x8000ce20 (0x73dd8d93) addi    s11, s11, 1853
core   0: 3 0x8000ce20 (0x73dd8d93) x27 0x80023559
core   0: 0x8000ce24 (0x00008b17) auipc   s6, 0x8
core   0: 3 0x8000ce24 (0x00008b17) x22 0x80014e24
core   0: 0x8000ce28 (0x659b0b13) addi    s6, s6, 1625
core   0: 3 0x8000ce28 (0x659b0b13) x22 0x8001547d
core   0: 0x8000ce2c (0x020b2fa3) sw      zero, 63(s6)
core   0: 3 0x8000ce2c (0x020b2fa3) mem 0x800154bc 0x00000000
core   0: 0x8000ce30 (0x012b0323) sb      s2, 6(s6)
core   0: 3 0x8000ce30 (0x012b0323) mem 0x80015483 0x1
core   0: 0x8000ce34 (0x040b4c03) lbu     s8, 64(s6)
core   0: 3 0x8000ce34 (0x040b4c03) x24 0x00000000 mem 0x800154bd
core   0: 0x8000ce38 (0xff1d9203) lh      tp, -15(s11)
core   0: 3 0x8000ce38 (0xff1d9203) x 4 0x00000001 mem 0x8002354a
core   0: 0x8000ce3c (0x015b1ea3) sh      s5, 29(s6)
core   0: 3 0x8000ce3c (0x015b1ea3) mem 0x8001549a 0x0030
core   0: 0x8000ce40 (0x005ddf03) lhu     t5, 5(s11)
core   0: 3 0x8000ce40 (0x005ddf03) x30 0x00001415 mem 0x8002355e
core   0: 0x8000ce44 (0x001d8623) sb      ra, 12(s11)
core   0: 3 0x8000ce44 (0x001d8623) mem 0x80023565 0x29
core   0: 0x8000ce48 (0xfe3b1fa3) sh      gp, -1(s6)
core   0: 3 0x8000ce48 (0xfe3b1fa3) mem 0x8001547c 0x57b3
core   0: 0x8000ce4c (0x002d8383) lb      t2, 2(s11)
core   0: 3 0x8000ce4c (0x002d8383) x 7 0x00000010 mem 0x8002355b
core   0: 0x8000ce50 (0x00fd9283) lh      t0, 15(s11)
core   0: 3 0x8000ce50 (0x00fd9283) x 5 0x00002223 mem 0x80023568
core   0: 0x8000ce54 (0xffed8fa3) sb      t5, -1(s11)
core   0: 3 0x8000ce54 (0xffed8fa3) mem 0x80023558 0x15
core   0: 0x8000ce58 (0x02fb4c03) lbu     s8, 47(s6)
core   0: 3 0x8000ce58 (0x02fb4c03) x24 0x00000067 mem 0x800154ac
core   0: 0x8000ce5c (0x001b05a3) sb      ra, 11(s6)
core   0: 3 0x8000ce5c (0x001b05a3) mem 0x80015488 0x29
core   0: 0x8000ce60 (0x00009417) auipc   s0, 0x9
core   0: 3 0x8000ce60 (0x00009417) x 8 0x80015e60
core   0: 0x8000ce64 (0x0e840413) addi    s0, s0, 232
core   0: 3 0x8000ce64 (0x0e840413) x 8 0x80015f48
core   0: 0x8000ce68 (0xdb647313) andi    t1, s0, -586
core   0: 3 0x8000ce68 (0xdb647313) x 6 0x80015d00
core   0: 0x8000ce6c (0xffc40783) lb      a5, -4(s0)
core   0: 3 0x8000ce6c (0xffc40783) x15 0xffffffff mem 0x80015f44
core   0: 0x8000ce70 (0xff3d8e13) addi    t3, s11, -13
core   0: 3 0x8000ce70 (0xff3d8e13) x28 0x8002354c
core   0: 0x8000ce74 (0xfe741e23) sh      t2, -4(s0)
core   0: 3 0x8000ce74 (0xfe741e23) mem 0x80015f44 0x0010
core   0: 0x8000ce78 (0xffc40503) lb      a0, -4(s0)
core   0: 3 0x8000ce78 (0xffc40503) x10 0x00000010 mem 0x80015f44
core   0: 0x8000ce7c (0xffc44983) lbu     s3, -4(s0)
core   0: 3 0x8000ce7c (0xffc44983) x19 0x00000010 mem 0x80015f44
core   0: 0x8000ce80 (0x92786713) ori     a4, a6, -1753
core   0: 3 0x8000ce80 (0x92786713) x14 0xfffff9a7
core   0: 0x8000ce84 (0xffc45783) lhu     a5, -4(s0)
core   0: 3 0x8000ce84 (0xffc45783) x15 0x00000010 mem 0x80015f44
core   0: 0x8000ce88 (0x87b1eb93) ori     s7, gp, -1925
core   0: 3 0x8000ce88 (0x87b1eb93) x23 0xfffffffb
core   0: 0x8000ce8c (0xff840e23) sb      s8, -4(s0)
core   0: 3 0x8000ce8c (0xff840e23) mem 0x80015f44 0x67
core   0: 0x8000ce90 (0xff744883) lbu     a7, -9(s0)
core   0: 3 0x8000ce90 (0xff744883) x17 0x00000000 mem 0x80015f3f
core   0: 0x8000ce94 (0x00f40383) lb      t2, 15(s0)
core   0: 3 0x8000ce94 (0x00f40383) x 7 0x0000000c mem 0x80015f57
core   0: 0x8000ce98 (0xff740e03) lb      t3, -9(s0)
core   0: 3 0x8000ce98 (0xff740e03) x28 0x00000000 mem 0x80015f3f
core   0: 0x8000ce9c (0xff744b03) lbu     s6, -9(s0)
core   0: 3 0x8000ce9c (0xff744b03) x22 0x00000000 mem 0x80015f3f
core   0: 0x8000cea0 (0x00016217) auipc   tp, 0x16
core   0: 3 0x8000cea0 (0x00016217) x 4 0x80022ea0
core   0: 0x8000cea4 (0xc6820213) addi    tp, tp, -920
core   0: 3 0x8000cea4 (0xc6820213) x 4 0x80022b08
core   0: 0x8000cea8 (0x00009097) auipc   ra, 0x9
core   0: 3 0x8000cea8 (0x00009097) x 1 0x80015ea8
core   0: 0x8000ceac (0x0cb08093) addi    ra, ra, 203
core   0: 3 0x8000ceac (0x0cb08093) x 1 0x80015f73
core   0: 0x8000ceb0 (0x56f24003) lbu     zero, 1391(tp)
core   0: 3 0x8000ceb0 (0x56f24003) mem 0x80023077
core   0: 0x8000ceb4 (0x0400cb03) lbu     s6, 64(ra)
core   0: 3 0x8000ceb4 (0x0400cb03) x22 0x000000a0 mem 0x80015fb3
core   0: 0x8000ceb8 (0xfe708503) lb      a0, -25(ra)
core   0: 3 0x8000ceb8 (0xfe708503) x10 0x00000011 mem 0x80015f5a
core   0: 0x8000cebc (0xa5e24983) lbu     s3, -1442(tp)
core   0: 3 0x8000cebc (0xa5e24983) x19 0x0000001d mem 0x80022566
core   0: 0x8000cec0 (0xc7f206a3) sb      t6, -915(tp)
core   0: 3 0x8000cec0 (0xc7f206a3) mem 0x80022775 0xfd
core   0: 0x8000cec4 (0xfdd0d483) lhu     s1, -35(ra)
core   0: 3 0x8000cec4 (0xfdd0d483) x 9 0x00000a0b mem 0x80015f50
core   0: 0x8000cec8 (0xcec20323) sb      a2, -794(tp)
core   0: 3 0x8000cec8 (0xcec20323) mem 0x800227ee 0x4
core   0: 0x8000cecc (0xfd908023) sb      s9, -64(ra)
core   0: 3 0x8000cecc (0xfd908023) mem 0x80015f33 0x5
core   0: 0x8000ced0 (0xfe40c283) lbu     t0, -28(ra)
core   0: 3 0x8000ced0 (0xfe40c283) x 5 0x0000000c mem 0x80015f57
core   0: 0x8000ced4 (0xf6f21123) sh      a5, -158(tp)
core   0: 3 0x8000ced4 (0xf6f21123) mem 0x80022a6a 0x0010
core   0: 0x8000ced8 (0xe5520183) lb      gp, -427(tp)
core   0: 3 0x8000ced8 (0xe5520183) x 3 0x00000016 mem 0x8002295d
core   0: 0x8000cedc (0xfed0d783) lhu     a5, -19(ra)
core   0: 3 0x8000cedc (0xfed0d783) x15 0x00001a1b mem 0x80015f60
core   0: 0x8000cee0 (0xf8320a03) lb      s4, -125(tp)
core   0: 3 0x8000cee0 (0xf8320a03) x20 0x00000040 mem 0x80022a8b
core   0: 0x8000cee4 (0x8ee204a3) sb      a4, -1815(tp)
core   0: 3 0x8000cee4 (0x8ee204a3) mem 0x800223f1 0xa7
core   0: 0x8000cee8 (0x0000b197) auipc   gp, 0xb
core   0: 3 0x8000cee8 (0x0000b197) x 3 0x80017ee8
core   0: 0x8000ceec (0xbc018193) addi    gp, gp, -1088
core   0: 3 0x8000ceec (0xbc018193) x 3 0x80017aa8
core   0: 0x8000cef0 (0xece1bf97) auipc   t6, 0xece1b
core   0: 3 0x8000cef0 (0xece1bf97) x31 0x6ce27ef0
core   0: 0x8000cef4 (0xfcf18683) lb      a3, -49(gp)
core   0: 3 0x8000cef4 (0xfcf18683) x13 0xffffffe4 mem 0x80017a77
core   0: 0x8000cef8 (0x01324b33) xor     s6, tp, s3
core   0: 3 0x8000cef8 (0x01324b33) x22 0x80022b15
core   0: 0x8000cefc (0x02718503) lb      a0, 39(gp)
core   0: 3 0x8000cefc (0x02718503) x10 0xffffff84 mem 0x80017acf
core   0: 0x8000cf00 (0x013e4b33) xor     s6, t3, s3
core   0: 3 0x8000cf00 (0x013e4b33) x22 0x0000001d
core   0: 0x8000cf04 (0x41a2d533) sra     a0, t0, s10
core   0: 3 0x8000cf04 (0x41a2d533) x10 0x00000000
core   0: 0x8000cf08 (0xfde19e83) lh      t4, -34(gp)
core   0: 3 0x8000cf08 (0xfde19e83) x29 0x00003c3d mem 0x80017a86
core   0: 0x8000cf0c (0x0341de83) lhu     t4, 52(gp)
core   0: 3 0x8000cf0c (0x0341de83) x29 0x00009697 mem 0x80017adc
core   0: 0x8000cf10 (0xfd3187a3) sb      s3, -49(gp)
core   0: 3 0x8000cf10 (0xfd3187a3) mem 0x80017a77 0x1d
core   0: 0x8000cf14 (0x0201c383) lbu     t2, 32(gp)
core   0: 3 0x8000cf14 (0x0201c383) x 7 0x00000083 mem 0x80017ac8
core   0: 0x8000cf18 (0xfe619b03) lh      s6, -26(gp)
core   0: 3 0x8000cf18 (0xfe619b03) x22 0x00004445 mem 0x80017a8e
core   0: 0x8000cf1c (0x8edc6993) ori     s3, s8, -1811
core   0: 3 0x8000cf1c (0x8edc6993) x19 0xfffff8ef
core   0: 0x8000cf20 (0x0000100f) fence.i
core   0: 3 0x8000cf20 (0x0000100f)
core   0: 0x8000cf24 (0xff518003) lb      zero, -11(gp)
core   0: 3 0x8000cf24 (0xff518003) mem 0x80017a9d
core   0: 0x8000cf28 (0x0161d303) lhu     t1, 22(gp)
core   0: 3 0x8000cf28 (0x0161d303) x 6 0x00007475 mem 0x80017abe
core   0: 0x8000cf2c (0x00519c33) sll     s8, gp, t0
core   0: 3 0x8000cf2c (0x00519c33) x24 0x17aa8000
core   0: 0x8000cf30 (0x7aa26213) ori     tp, tp, 1962
core   0: 3 0x8000cf30 (0x7aa26213) x 4 0x80022faa
core   0: 0x8000cf34 (0x01e18303) lb      t1, 30(gp)
core   0: 3 0x8000cf34 (0x01e18303) x 6 0x0000007d mem 0x80017ac6
core   0: 0x8000cf38 (0x40850033) sub     zero, a0, s0
core   0: 3 0x8000cf38 (0x40850033)
core   0: 0x8000cf3c (0xfef1c783) lbu     a5, -17(gp)
core   0: 3 0x8000cf3c (0xfef1c783) x15 0x0000004c mem 0x80017a97
core   0: 0x8000cf40 (0x01362a33) slt     s4, a2, s3
core   0: 3 0x8000cf40 (0x01362a33) x20 0x00000001
core   0: 0x8000cf44 (0x03b1c783) lbu     a5, 59(gp)
core   0: 3 0x8000cf44 (0x03b1c783) x15 0x00000098 mem 0x80017ae3
core   0: 0x8000cf48 (0x02019d83) lh      s11, 32(gp)
core   0: 3 0x8000cf48 (0x02019d83) x27 0xffff8283 mem 0x80017ac8
core   0: 0x8000cf4c (0x0e2fee13) ori     t3, t6, 226
core   0: 3 0x8000cf4c (0x0e2fee13) x28 0x6ce27ef2
core   0: 0x8000cf50 (0x01518d03) lb      s10, 21(gp)
core   0: 3 0x8000cf50 (0x01518d03) x26 0x00000076 mem 0x80017abd
core   0: 0x8000cf54 (0xfea19a83) lh      s5, -22(gp)
core   0: 3 0x8000cf54 (0xfea19a83) x21 0x00004849 mem 0x80017a92
core   0: 0x8000cf58 (0xbe987217) auipc   tp, 0xbe987
core   0: 3 0x8000cf58 (0xbe987217) x 4 0x3e993f58
core   0: 0x8000cf5c (0xfcd18023) sb      a3, -64(gp)
core   0: 3 0x8000cf5c (0xfcd18023) mem 0x80017a68 0xe4
core   0: 0x8000cf60 (0xfe918ca3) sb      s1, -7(gp)
core   0: 3 0x8000cf60 (0xfe918ca3) mem 0x80017aa1 0xb
core   0: 0x8000cf64 (0xfe5184a3) sb      t0, -23(gp)
core   0: 3 0x8000cf64 (0xfe5184a3) mem 0x80017a91 0xc
core   0: 0x8000cf68 (0x01f96933) or      s2, s2, t6
core   0: 3 0x8000cf68 (0x01f96933) x18 0x6ce27ef1
core   0: 0x8000cf6c (0x007314b3) sll     s1, t1, t2
core   0: 3 0x8000cf6c (0x007314b3) x 9 0x000003e8
core   0: 0x8000cf70 (0xffa1ce83) lbu     t4, -6(gp)
core   0: 3 0x8000cf70 (0xffa1ce83) x29 0x00000059 mem 0x80017aa2
core   0: 0x8000cf74 (0xa8e6a393) slti    t2, a3, -1394
core   0: 3 0x8000cf74 (0xa8e6a393) x 7 0x00000000
core   0: 0x8000cf78 (0x00f4edb3) or      s11, s1, a5
core   0: 3 0x8000cf78 (0x00f4edb3) x27 0x000003f8
core   0: 0x8000cf7c (0x0051cd03) lbu     s10, 5(gp)
core   0: 3 0x8000cf7c (0x0051cd03) x26 0x00000066 mem 0x80017aad
core   0: 0x8000cf80 (0x00fe9713) slli    a4, t4, 15
core   0: 3 0x8000cf80 (0x00fe9713) x14 0x002c8000
core   0: 0x8000cf84 (0xfd71c703) lbu     a4, -41(gp)
core   0: 3 0x8000cf84 (0xfd71c703) x14 0x00000034 mem 0x80017a7f
core   0: 0x8000cf88 (0xaa5363b7) lui     t2, 0xaa536
core   0: 3 0x8000cf88 (0xaa5363b7) x 7 0xaa536000
core   0: 0x8000cf8c (0x0371c403) lbu     s0, 55(gp)
core   0: 3 0x8000cf8c (0x0371c403) x 8 0x00000094 mem 0x80017adf
core   0: 0x8000cf90 (0x03318823) sb      s3, 48(gp)
core   0: 3 0x8000cf90 (0x03318823) mem 0x80017ad8 0xef
core   0: 0x8000cf94 (0x01e7d013) srli    zero, a5, 30
core   0: 3 0x8000cf94 (0x01e7d013)
core   0: 0x8000cf98 (0x03919523) sh      s9, 42(gp)
core   0: 3 0x8000cf98 (0x03919523) mem 0x80017ad2 0x0005
core   0: 0x8000cf9c (0x03a19f03) lh      t5, 58(gp)
core   0: 3 0x8000cf9c (0x03a19f03) x30 0xffff9899 mem 0x80017ae2
core   0: 0x8000cfa0 (0xfdb188a3) sb      s11, -47(gp)
core   0: 3 0x8000cfa0 (0xfdb188a3) mem 0x80017a79 0xf8
core   0: 0x8000cfa4 (0xfe31c983) lbu     s3, -29(gp)
core   0: 3 0x8000cfa4 (0xfe31c983) x19 0x00000040 mem 0x80017a8b
core   0: 0x8000cfa8 (0xfe21cd03) lbu     s10, -30(gp)
core   0: 3 0x8000cfa8 (0xfe21cd03) x26 0x00000041 mem 0x80017a8a
core   0: 0x8000cfac (0x01a3be33) sltu    t3, t2, s10
core   0: 3 0x8000cfac (0x01a3be33) x28 0x00000000
core   0: 0x8000cfb0 (0xfc819903) lh      s2, -56(gp)
core   0: 3 0x8000cfb0 (0xfc819903) x18 0x00002a2b mem 0x80017a70
core   0: 0x8000cfb4 (0x00009797) auipc   a5, 0x9
core   0: 3 0x8000cfb4 (0x00009797) x15 0x80015fb4
core   0: 0x8000cfb8 (0x89978793) addi    a5, a5, -1895
core   0: 3 0x8000cfb8 (0x89978793) x15 0x8001584d
core   0: 0x8000cfbc (0xdf179e03) lh      t3, -527(a5)
core   0: 3 0x8000cfbc (0xdf179e03) x28 0xffff80f5 mem 0x8001563e
core   0: 0x8000cfc0 (0x4077a403) lw      s0, 1031(a5)
core   0: 3 0x8000cfc0 (0x4077a403) x 8 0x0c0dae30 mem 0x80015c54
core   0: 0x8000cfc4 (0xda078383) lb      t2, -608(a5)
core   0: 3 0x8000cfc4 (0xda078383) x 7 0xffffffd5 mem 0x800155ed
core   0: 0x8000cfc8 (0x41d1d0b3) sra     ra, gp, t4
core   0: 3 0x8000cfc8 (0x41d1d0b3) x 1 0xffffffc0
core   0: 0x8000cfcc (0x7b97cb03) lbu     s6, 1977(a5)
core   0: 3 0x8000cfcc (0x7b97cb03) x22 0x000000bd mem 0x80016006
core   0: 0x8000cfd0 (0x0d078123) sb      a6, 194(a5)
core   0: 3 0x8000cfd0 (0x0d078123) mem 0x8001590f 0x82
core   0: 0x8000cfd4 (0x81278ca3) sb      s2, -2023(a5)
core   0: 3 0x8000cfd4 (0x81278ca3) mem 0x80015066 0x2b
core   0: 0x8000cfd8 (0x4e57c203) lbu     tp, 1253(a5)
core   0: 3 0x8000cfd8 (0x4e57c203) x 4 0x000000ff mem 0x80015d32
core   0: 0x8000cfdc (0x37a04093) xori    ra, zero, 890
core   0: 3 0x8000cfdc (0x37a04093) x 1 0x0000037a
core   0: 0x8000cfe0 (0x0ff0000f) fence   iorw,iorw
core   0: 3 0x8000cfe0 (0x0ff0000f)
core   0: 0x8000cfe4 (0x2d2786a3) sb      s2, 717(a5)
core   0: 3 0x8000cfe4 (0x2d2786a3) mem 0x80015b1a 0x2b
core   0: 0x8000cfe8 (0xa0e7b893) sltiu   a7, a5, -1522
core   0: 3 0x8000cfe8 (0xa0e7b893) x17 0x00000001
core   0: 0x8000cfec (0xaa37c903) lbu     s2, -1373(a5)
core   0: 3 0x8000cfec (0xaa37c903) x18 0x000000ab mem 0x800152f0
core   0: 0x8000cff0 (0xa518db37) lui     s6, 0xa518d
core   0: 3 0x8000cff0 (0xa518db37) x22 0xa518d000
core   0: 0x8000cff4 (0xb6178983) lb      s3, -1183(a5)
core   0: 3 0x8000cff4 (0xb6178983) x19 0x00000004 mem 0x800153ae
core   0: 0x8000cff8 (0x6c678883) lb      a7, 1734(a5)
core   0: 3 0x8000cff8 (0x6c678883) x17 0xffffffc8 mem 0x80015f13
core   0: 0x8000cffc (0x00000013) nop
core   0: 3 0x8000cffc (0x00000013)
core   0: 0x8000d000 (0xafa78223) sb      s10, -1308(a5)
core   0: 3 0x8000d000 (0xafa78223) mem 0x80015331 0x41
core   0: 0x8000d004 (0xd5f78623) sb      t6, -692(a5)
core   0: 3 0x8000d004 (0xd5f78623) mem 0x80015599 0xf0
core   0: 0x8000d008 (0xed9ec913) xori    s2, t4, -295
core   0: 3 0x8000d008 (0xed9ec913) x18 0xfffffe80
core   0: 0x8000d00c (0x00e91b93) slli    s7, s2, 14
core   0: 3 0x8000d00c (0x00e91b93) x23 0xffa00000
core   0: 0x8000d010 (0xa867c883) lbu     a7, -1402(a5)
core   0: 3 0x8000d010 (0xa867c883) x17 0x00000088 mem 0x800152d3
core   0: 0x8000d014 (0xac37c203) lbu     tp, -1341(a5)
core   0: 3 0x8000d014 (0xac37c203) x 4 0x000000cb mem 0x80015310
core   0: 0x8000d018 (0x0095d4b3) srl     s1, a1, s1
core   0: 3 0x8000d018 (0x0095d4b3) x 9 0x00800000
core   0: 0x8000d01c (0x01aeb6b3) sltu    a3, t4, s10
core   0: 3 0x8000d01c (0x01aeb6b3) x13 0x00000000
core   0: 0x8000d020 (0x29478183) lb      gp, 660(a5)
core   0: 3 0x8000d020 (0x29478183) x 3 0xffffff9a mem 0x80015ae1
core   0: 0x8000d024 (0x2ca787a3) sb      a0, 719(a5)
core   0: 3 0x8000d024 (0x2ca787a3) mem 0x80015b1c 0x0
core   0: 0x8000d028 (0x01bed0b3) srl     ra, t4, s11
core   0: 3 0x8000d028 (0x01bed0b3) x 1 0x00000000
core   0: 0x8000d02c (0x0b77d283) lhu     t0, 183(a5)
core   0: 3 0x8000d02c (0x0b77d283) x 5 0x0000bebf mem 0x80015904
core   0: 0x8000d030 (0x00004893) xori    a7, zero, 0
core   0: 3 0x8000d030 (0x00004893) x17 0x00000000
core   0: 0x8000d034 (0xeec78623) sb      a2, -276(a5)
core   0: 3 0x8000d034 (0xeec78623) mem 0x80015739 0x4
core   0: 0x8000d038 (0xe47791a3) sh      t2, -445(a5)
core   0: 3 0x8000d038 (0xe47791a3) mem 0x80015690 0xffd5
core   0: 0x8000d03c (0xd8278203) lb      tp, -638(a5)
core   0: 3 0x8000d03c (0xd8278203) x 4 0xffffff84 mem 0x800155cf
core   0: 0x8000d040 (0x13cc8213) addi    tp, s9, 316
core   0: 3 0x8000d040 (0x13cc8213) x 4 0x00000141
core   0: 0x8000d044 (0x5fa7cf83) lbu     t6, 1530(a5)
core   0: 3 0x8000d044 (0x5fa7cf83) x31 0x00000000 mem 0x80015e47
core   0: 0x8000d048 (0x58ccaf93) slti    t6, s9, 1420
core   0: 3 0x8000d048 (0x58ccaf93) x31 0x00000001
core   0: 0x8000d04c (0x00578283) lb      t0, 5(a5)
core   0: 3 0x8000d04c (0x00578283) x 5 0x00000009 mem 0x80015852
core   0: 0x8000d050 (0x8f878c23) sb      s8, -1800(a5)
core   0: 3 0x8000d050 (0x8f878c23) mem 0x80015145 0x0
core   0: 0x8000d054 (0x00fec233) xor     tp, t4, a5
core   0: 3 0x8000d054 (0x00fec233) x 4 0x80015814
core   0: 0x8000d058 (0xaf278683) lb      a3, -1294(a5)
core   0: 3 0x8000d058 (0xaf278683) x13 0xfffffff4 mem 0x8001533f
core   0: 0x8000d05c (0x64086513) ori     a0, a6, 1600
core   0: 3 0x8000d05c (0x64086513) x10 0x000006c2
core   0: 0x8000d060 (0x28979d03) lh      s10, 649(a5)
core   0: 3 0x8000d060 (0x28979d03) x26 0xffff8cff mem 0x80015ad6
core   0: 0x8000d064 (0xa3278da3) sb      s2, -1477(a5)
core   0: 3 0x8000d064 (0xa3278da3) mem 0x80015288 0x80
core   0: 0x8000d068 (0x00019c17) auipc   s8, 0x19
core   0: 3 0x8000d068 (0x00019c17) x24 0x80026068
core   0: 0x8000d06c (0x92dc0c13) addi    s8, s8, -1747
core   0: 3 0x8000d06c (0x92dc0c13) x24 0x80025995
core   0: 0x8000d070 (0x000c4a03) lbu     s4, 0(s8)
core   0: 3 0x8000d070 (0x000c4a03) x20 0x0000004e mem 0x80025995
core   0: 0x8000d074 (0x1f050837) lui     a6, 0x1f050
core   0: 3 0x8000d074 (0x1f050837) x16 0x1f050000
core   0: 0x8000d078 (0x000c4783) lbu     a5, 0(s8)
core   0: 3 0x8000d078 (0x000c4783) x15 0x0000004e mem 0x80025995
core   0: 0x8000d07c (0x006c4e83) lbu     t4, 6(s8)
core   0: 3 0x8000d07c (0x006c4e83) x29 0x00000050 mem 0x8002599b
core   0: 0x8000d080 (0xff4c2ba3) sw      s4, -9(s8)
core   0: 3 0x8000d080 (0xff4c2ba3) mem 0x8002598c 0x0000004e
core   0: 0x8000d084 (0x4078db33) sra     s6, a7, t2
core   0: 3 0x8000d084 (0x4078db33) x22 0x00000000
core   0: 0x8000d088 (0xff3c0923) sb      s3, -14(s8)
core   0: 3 0x8000d088 (0xff3c0923) mem 0x80025987 0x4
core   0: 0x8000d08c (0x012f5533) srl     a0, t5, s2
core   0: 3 0x8000d08c (0x012f5533) x10 0xffff9899
core   0: 0x8000d090 (0xff4c0e03) lb      t3, -12(s8)
core   0: 3 0x8000d090 (0xff4c0e03) x28 0x00000042 mem 0x80025989
core   0: 0x8000d094 (0xff6c4003) lbu     zero, -10(s8)
core   0: 3 0x8000d094 (0xff6c4003) mem 0x8002598b
core   0: 0x8000d098 (0x9af7a413) slti    s0, a5, -1617
core   0: 3 0x8000d098 (0x9af7a413) x 8 0x00000000
core   0: 0x8000d09c (0x00000013) nop
core   0: 3 0x8000d09c (0x00000013)
core   0: 0x8000d0a0 (0x009c0783) lb      a5, 9(s8)
core   0: 3 0x8000d0a0 (0x009c0783) x15 0x00000055 mem 0x8002599e
core   0: 0x8000d0a4 (0x004b4033) xor     zero, s6, tp
core   0: 3 0x8000d0a4 (0x004b4033)
core   0: 0x8000d0a8 (0x00defe33) and     t3, t4, a3
core   0: 3 0x8000d0a8 (0x00defe33) x28 0x00000050
core   0: 0x8000d0ac (0x00cc0d03) lb      s10, 12(s8)
core   0: 3 0x8000d0ac (0x00cc0d03) x26 0x0000005a mem 0x800259a1
core   0: 0x8000d0b0 (0xfd1b2e97) auipc   t4, 0xfd1b2
core   0: 3 0x8000d0b0 (0xfd1b2e97) x29 0x7d1bf0b0
core   0: 0x8000d0b4 (0xfffc5783) lhu     a5, -1(s8)
core   0: 3 0x8000d0b4 (0xfffc5783) x15 0x00004e4f mem 0x80025994
core   0: 0x8000d0b8 (0x4321b813) sltiu   a6, gp, 1074
core   0: 3 0x8000d0b8 (0x4321b813) x16 0x00000000
core   0: 0x8000d0bc (0x0bd53a93) sltiu   s5, a0, 189
core   0: 3 0x8000d0bc (0x0bd53a93) x21 0x00000000
core   0: 0x8000d0c0 (0x0117a933) slt     s2, a5, a7
core   0: 3 0x8000d0c0 (0x0117a933) x18 0x00000000
core   0: 0x8000d0c4 (0x017c1ab3) sll     s5, s8, s7
core   0: 3 0x8000d0c4 (0x017c1ab3) x21 0x80025995
core   0: 0x8000d0c8 (0xfffc1803) lh      a6, -1(s8)
core   0: 3 0x8000d0c8 (0xfffc1803) x16 0x00004e4f mem 0x80025994
core   0: 0x8000d0cc (0x002c4403) lbu     s0, 2(s8)
core   0: 3 0x8000d0cc (0x002c4403) x 8 0x0000004c mem 0x80025997
core   0: 0x8000d0d0 (0x401c5733) sra     a4, s8, ra
core   0: 3 0x8000d0d0 (0x401c5733) x14 0x80025995
core   0: 0x8000d0d4 (0xffec0183) lb      gp, -2(s8)
core   0: 3 0x8000d0d4 (0xffec0183) x 3 0x00000048 mem 0x80025993
core   0: 0x8000d0d8 (0xffac4d03) lbu     s10, -6(s8)
core   0: 3 0x8000d0d8 (0xffac4d03) x26 0x00000000 mem 0x8002598f
core   0: 0x8000d0dc (0x01ecfa33) and     s4, s9, t5
core   0: 3 0x8000d0dc (0x01ecfa33) x20 0x00000001
core   0: 0x8000d0e0 (0x00ec4f03) lbu     t5, 14(s8)
core   0: 3 0x8000d0e0 (0x00ec4f03) x30 0x00000058 mem 0x800259a3
core   0: 0x8000d0e4 (0x00184db3) xor     s11, a6, ra
core   0: 3 0x8000d0e4 (0x00184db3) x27 0x00004e4f
core   0: 0x8000d0e8 (0x5bb56793) ori     a5, a0, 1467
core   0: 3 0x8000d0e8 (0x5bb56793) x15 0xffff9dbb
core   0: 0x8000d0ec (0x00bc0023) sb      a1, 0(s8)
core   0: 3 0x8000d0ec (0x00bc0023) mem 0x80025995 0x0
core   0: 0x8000d0f0 (0xff2c4703) lbu     a4, -14(s8)
core   0: 3 0x8000d0f0 (0xff2c4703) x14 0x00000004 mem 0x80025987
core   0: 0x8000d0f4 (0xf8a74013) xori    zero, a4, -118
core   0: 3 0x8000d0f4 (0xf8a74013)
core   0: 0x8000d0f8 (0xff7c0a23) sb      s7, -12(s8)
core   0: 3 0x8000d0f8 (0xff7c0a23) mem 0x80025989 0x0
core   0: 0x8000d0fc (0xff7c4e03) lbu     t3, -9(s8)
core   0: 3 0x8000d0fc (0xff7c4e03) x28 0x0000004e mem 0x8002598c
core   0: 0x8000d100 (0x00493933) sltu    s2, s2, tp
core   0: 3 0x8000d100 (0x00493933) x18 0x00000001
core   0: 0x8000d104 (0xffcc0a23) sb      t3, -12(s8)
core   0: 3 0x8000d104 (0xffcc0a23) mem 0x80025989 0x4e
core   0: 0x8000d108 (0x114a2693) slti    a3, s4, 276
core   0: 3 0x8000d108 (0x114a2693) x13 0x00000001
core   0: 0x8000d10c (0x006c0183) lb      gp, 6(s8)
core   0: 3 0x8000d10c (0x006c0183) x 3 0x00000050 mem 0x8002599b
core   0: 0x8000d110 (0x41a500b3) sub     ra, a0, s10
core   0: 3 0x8000d110 (0x41a500b3) x 1 0xffff9899
core   0: 0x8000d114 (0xb1b46893) ori     a7, s0, -1253
core   0: 3 0x8000d114 (0xb1b46893) x17 0xfffffb5f
core   0: 0x8000d118 (0x0ff0000f) fence   iorw,iorw
core   0: 3 0x8000d118 (0x0ff0000f)
core   0: 0x8000d11c (0x01bc16a3) sh      s11, 13(s8)
core   0: 3 0x8000d11c (0x01bc16a3) mem 0x800259a2 0x4e4f
core   0: 0x8000d120 (0x004c0883) lb      a7, 4(s8)
core   0: 3 0x8000d120 (0x004c0883) x17 0x00000052 mem 0x80025999
core   0: 0x8000d124 (0x009c5d03) lhu     s10, 9(s8)
core   0: 3 0x8000d124 (0x009c5d03) x26 0x00005455 mem 0x8002599e
core   0: 0x8000d128 (0x0120f833) and     a6, ra, s2
core   0: 3 0x8000d128 (0x0120f833) x16 0x00000001
core   0: 0x8000d12c (0xfe6c0d23) sb      t1, -6(s8)
core   0: 3 0x8000d12c (0xfe6c0d23) mem 0x8002598f 0x7d
core   0: 0x8000d130 (0xff8c1aa3) sh      s8, -11(s8)
core   0: 3 0x8000d130 (0xff8c1aa3) mem 0x8002598a 0x5995
core   0: 0x8000d134 (0x40afd793) srai    a5, t6, 10
core   0: 3 0x8000d134 (0x40afd793) x15 0x00000000
core   0: 0x8000d138 (0x00dc5383) lhu     t2, 13(s8)
core   0: 3 0x8000d138 (0x00dc5383) x 7 0x00004e4f mem 0x800259a2
core   0: 0x8000d13c (0x014cde93) srli    t4, s9, 20
core   0: 3 0x8000d13c (0x014cde93) x29 0x00000000
core   0: 0x8000d140 (0x01128933) add     s2, t0, a7
core   0: 3 0x8000d140 (0x01128933) x18 0x0000005b
core   0: 0x8000d144 (0xffbc5503) lhu     a0, -5(s8)
core   0: 3 0x8000d144 (0xffbc5503) x10 0x00004a4b mem 0x80025990
core   0: 0x8000d148 (0x00017a97) auipc   s5, 0x17
core   0: 3 0x8000d148 (0x00017a97) x21 0x80024148
core   0: 0x8000d14c (0x6e0a8a93) addi    s5, s5, 1760
core   0: 3 0x8000d14c (0x6e0a8a93) x21 0x80024828
core   0: 0x8000d150 (0xd3bac503) lbu     a0, -709(s5)
core   0: 3 0x8000d150 (0xd3bac503) x10 0x00000018 mem 0x80024563
core   0: 0x8000d154 (0xd3bacc83) lbu     s9, -709(s5)
core   0: 3 0x8000d154 (0xd3bacc83) x25 0x00000018 mem 0x80024563
core   0: 0x8000d158 (0x1e6a9403) lh      s0, 486(s5)
core   0: 3 0x8000d158 (0x1e6a9403) x 8 0xffffc4c5 mem 0x80024a0e
core   0: 0x8000d15c (0x1e6ac903) lbu     s2, 486(s5)
core   0: 3 0x8000d15c (0x1e6ac903) x18 0x000000c5 mem 0x80024a0e
core   0: 0x8000d160 (0x1f1a9323) sh      a7, 486(s5)
core   0: 3 0x8000d160 (0x1f1a9323) mem 0x80024a0e 0x0052
core   0: 0x8000d164 (0x332ad483) lhu     s1, 818(s5)
core   0: 3 0x8000d164 (0x332ad483) x 9 0x00001011 mem 0x80024b5a
core   0: 0x8000d168 (0x33da8923) sb      t4, 818(s5)
core   0: 3 0x8000d168 (0x33da8923) mem 0x80024b5a 0x0
core   0: 0x8000d16c (0x322a9923) sh      sp, 818(s5)
core   0: 3 0x8000d16c (0x322a9923) mem 0x80024b5a 0xece4
core   0: 0x8000d170 (0xadbf0293) addi    t0, t5, -1317
core   0: 3 0x8000d170 (0xadbf0293) x 5 0xfffffb33
core   0: 0x8000d174 (0x00b31193) slli    gp, t1, 11
core   0: 3 0x8000d174 (0x00b31193) x 3 0x0003e800
core   0: 0x8000d178 (0x326a8923) sb      t1, 818(s5)
core   0: 3 0x8000d178 (0x326a8923) mem 0x80024b5a 0x7d
core   0: 0x8000d17c (0x332acd03) lbu     s10, 818(s5)
core   0: 3 0x8000d17c (0x332acd03) x26 0x0000007d mem 0x80024b5a
core   0: 0x8000d180 (0x332a9c83) lh      s9, 818(s5)
core   0: 3 0x8000d180 (0x332a9c83) x25 0xffffec7d mem 0x80024b5a
core   0: 0x8000d184 (0x96b6c313) xori    t1, a3, -1685
core   0: 3 0x8000d184 (0x96b6c313) x 6 0xfffff96a
core   0: 0x8000d188 (0x332adc03) lhu     s8, 818(s5)
core   0: 3 0x8000d188 (0x332adc03) x24 0x0000ec7d mem 0x80024b5a
core   0: 0x8000d18c (0x00015517) auipc   a0, 0x15
core   0: 3 0x8000d18c (0x00015517) x10 0x8002218c
core   0: 0x8000d190 (0x50650513) addi    a0, a0, 1286
core   0: 3 0x8000d190 (0x50650513) x10 0x80022692
core   0: 0x8000d194 (0x00009497) auipc   s1, 0x9
core   0: 3 0x8000d194 (0x00009497) x 9 0x80016194
core   0: 0x8000d198 (0x5ee48493) addi    s1, s1, 1518
core   0: 3 0x8000d198 (0x5ee48493) x 9 0x80016782
core   0: 0x8000d19c (0x0000bb97) auipc   s7, 0xb
core   0: 3 0x8000d19c (0x0000bb97) x23 0x8001819c
core   0: 0x8000d1a0 (0x9a8b8b93) addi    s7, s7, -1624
core   0: 3 0x8000d1a0 (0x9a8b8b93) x23 0x80017b44
core   0: 0x8000d1a4 (0x00018217) auipc   tp, 0x18
core   0: 3 0x8000d1a4 (0x00018217) x 4 0x800251a4
core   0: 0x8000d1a8 (0xb0720213) addi    tp, tp, -1273
core   0: 3 0x8000d1a8 (0xb0720213) x 4 0x80024cab
core   0: 0x8000d1ac (0xff348823) sb      s3, -16(s1)
core   0: 3 0x8000d1ac (0xff348823) mem 0x80016772 0x4
core   0: 0x8000d1b0 (0xfec508a3) sb      a2, -15(a0)
core   0: 3 0x8000d1b0 (0xfec508a3) mem 0x80022683 0x4
core   0: 0x8000d1b4 (0x003bce83) lbu     t4, 3(s7)
core   0: 3 0x8000d1b4 (0x003bce83) x29 0x000000fc mem 0x80017b47
core   0: 0x8000d1b8 (0x0000f697) auipc   a3, 0xf
core   0: 3 0x8000d1b8 (0x0000f697) x13 0x8001c1b8
core   0: 0x8000d1bc (0x29668693) addi    a3, a3, 662
core   0: 3 0x8000d1bc (0x29668693) x13 0x8001c44e
core   0: 0x8000d1c0 (0xfc6bcf03) lbu     t5, -58(s7)
core   0: 3 0x8000d1c0 (0xfc6bcf03) x30 0x000000c1 mem 0x80017b0a
core   0: 0x8000d1c4 (0xdc450ca3) sb      tp, -551(a0)
core   0: 3 0x8000d1c4 (0xdc450ca3) mem 0x8002246b 0xab
core   0: 0x8000d1c8 (0x0074c003) lbu     zero, 7(s1)
core   0: 3 0x8000d1c8 (0x0074c003) mem 0x80016789
core   0: 0x8000d1cc (0xf42b8023) sb      sp, -192(s7)
core   0: 3 0x8000d1cc (0xf42b8023) mem 0x80017a84 0xe4
core   0: 0x8000d1d0 (0x01620183) lb      gp, 22(tp)
core   0: 3 0x8000d1d0 (0x01620183) x 3 0x0000007a mem 0x80024cc1
core   0: 0x8000d1d4 (0x00268783) lb      a5, 2(a3)
core   0: 3 0x8000d1d4 (0x00268783) x15 0x0000000b mem 0x8001c450
core   0: 0x8000d1d8 (0xff448403) lb      s0, -12(s1)
core   0: 3 0x8000d1d8 (0xff448403) x 8 0x0000002d mem 0x80016776
core   0: 0x8000d1dc (0x061213a3) sh      ra, 103(tp)
core   0: 3 0x8000d1dc (0x061213a3) mem 0x80024d12 0x9899
core   0: 0x8000d1e0 (0x0016cc83) lbu     s9, 1(a3)
core   0: 3 0x8000d1e0 (0x0016cc83) x25 0x00000004 mem 0x8001c44f
core   0: 0x8000d1e4 (0x00b4ce83) lbu     t4, 11(s1)
core   0: 3 0x8000d1e4 (0x00b4ce83) x29 0x00000046 mem 0x8001678d
core   0: 0x8000d1e8 (0xf63b8e83) lb      t4, -157(s7)
core   0: 3 0x8000d1e8 (0xf63b8e83) x29 0x0000005c mem 0x80017aa7
core   0: 0x8000d1ec (0x00e4ac83) lw      s9, 14(s1)
core   0: 3 0x8000d1ec (0x00e4ac83) x25 0x48494a4b mem 0x80016790
core   0: 0x8000d1f0 (0x06325903) lhu     s2, 99(tp)
core   0: 3 0x8000d1f0 (0x06325903) x18 0x0000c4c5 mem 0x80024d0e
core   0: 0x8000d1f4 (0x00b68a03) lb      s4, 11(a3)
core   0: 3 0x8000d1f4 (0x00b68a03) x20 0x00000012 mem 0x8001c459
core   0: 0x8000d1f8 (0x00d4c703) lbu     a4, 13(s1)
core   0: 3 0x8000d1f8 (0x00d4c703) x14 0x00000044 mem 0x8001678f
core   0: 0x8000d1fc (0xd8d50fa3) sb      a3, -609(a0)
core   0: 3 0x8000d1fc (0xd8d50fa3) mem 0x80022431 0x4e
core   0: 0x8000d200 (0xfd86dd83) lhu     s11, -40(a3)
core   0: 3 0x8000d200 (0xfd86dd83) x27 0x0000dcdd mem 0x8001c426
core   0: 0x8000d204 (0xbbc54303) lbu     t1, -1092(a0)
core   0: 3 0x8000d204 (0xbbc54303) x 6 0x00000005 mem 0x8002224e
core   0: 0x8000d208 (0xfcbb8f83) lb      t6, -53(s7)
core   0: 3 0x8000d208 (0xfcbb8f83) x31 0xffffffc4 mem 0x80017b0f
core   0: 0x8000d20c (0x00568403) lb      s0, 5(a3)
core   0: 3 0x8000d20c (0x00568403) x 8 0x00000008 mem 0x8001c453
core   0: 0x8000d210 (0x27652d23) sw      s6, 634(a0)
core   0: 3 0x8000d210 (0x27652d23) mem 0x8002290c 0x00000000
core   0: 0x8000d214 (0xff348a03) lb      s4, -13(s1)
core   0: 3 0x8000d214 (0xff348a03) x20 0x0000002e mem 0x80016775
core   0: 0x8000d218 (0x93554703) lbu     a4, -1739(a0)
core   0: 3 0x8000d218 (0x93554703) x14 0x0000007c mem 0x80021fc7
core   0: 0x8000d21c (0x069b8283) lb      t0, 105(s7)
core   0: 3 0x8000d21c (0x069b8283) x 5 0x00000066 mem 0x80017bad
core   0: 0x8000d220 (0xf54bcd03) lbu     s10, -172(s7)
core   0: 3 0x8000d220 (0xf54bcd03) x26 0x00000053 mem 0x80017a98
core   0: 0x8000d224 (0xf6f20223) sb      a5, -156(tp)
core   0: 3 0x8000d224 (0xf6f20223) mem 0x80024c0f 0xb
core   0: 0x8000d228 (0x01e49823) sh      t5, 16(s1)
core   0: 3 0x8000d228 (0x01e49823) mem 0x80016792 0x00c1
core   0: 0x8000d22c (0x01568b23) sb      s5, 22(a3)
core   0: 3 0x8000d22c (0x01568b23) mem 0x8001c464 0x28
core   0: 0x8000d230 (0x022bcf83) lbu     t6, 34(s7)
core   0: 3 0x8000d230 (0x022bcf83) x31 0x0000001d mem 0x80017b66
core   0: 0x8000d234 (0x02f68f03) lb      t5, 47(a3)
core   0: 3 0x8000d234 (0x02f68f03) x30 0x00000036 mem 0x8001c47d
core   0: 0x8000d238 (0xff74ce03) lbu     t3, -9(s1)
core   0: 3 0x8000d238 (0xff74ce03) x28 0x00000032 mem 0x80016779
core   0: 0x8000d23c (0x032bca03) lbu     s4, 50(s7)
core   0: 3 0x8000d23c (0x032bca03) x20 0x0000002d mem 0x80017b76
core   0: 0x8000d240 (0x00a6d383) lhu     t2, 10(a3)
core   0: 3 0x8000d240 (0x00a6d383) x 7 0x00001213 mem 0x8001c458
core   0: 0x8000d244 (0xf7820803) lb      a6, -136(tp)
core   0: 3 0x8000d244 (0xf7820803) x16 0xffffffd8 mem 0x80024c23
core   0: 0x8000d248 (0xfe848e23) sb      s0, -4(s1)
core   0: 3 0x8000d248 (0xfe848e23) mem 0x8001677e 0x8
core   0: 0x8000d24c (0x33554983) lbu     s3, 821(a0)
core   0: 3 0x8000d24c (0x33554983) x19 0x0000007c mem 0x800229c7
core   0: 0x8000d250 (0x0e750703) lb      a4, 231(a0)
core   0: 3 0x8000d250 (0x0e750703) x14 0x00000032 mem 0x80022779
core   0: 0x8000d254 (0xfc568303) lb      t1, -59(a3)
core   0: 3 0x8000d254 (0xfc568303) x 6 0xffffffc8 mem 0x8001c413
core   0: 0x8000d258 (0x79855e83) lhu     t4, 1944(a0)
core   0: 3 0x8000d258 (0x79855e83) x29 0x0000e0e1 mem 0x80022e2a
core   0: 0x8000d25c (0x03a6a003) lw      zero, 58(a3)
core   0: 3 0x8000d25c (0x03a6a003) mem 0x8001c488
core   0: 0x8000d260 (0x00009b97) auipc   s7, 0x9
core   0: 3 0x8000d260 (0x00009b97) x23 0x80016260
core   0: 0x8000d264 (0xd69b8b93) addi    s7, s7, -663
core   0: 3 0x8000d264 (0xd69b8b93) x23 0x80015fc9
core   0: 0x8000d268 (0xd14bcc03) lbu     s8, -748(s7)
core   0: 3 0x8000d268 (0xd14bcc03) x24 0x00000000 mem 0x80015cdd
core   0: 0x8000d26c (0xd14b8703) lb      a4, -748(s7)
core   0: 3 0x8000d26c (0xd14b8703) x14 0x00000000 mem 0x80015cdd
core   0: 0x8000d270 (0xd14bc083) lbu     ra, -748(s7)
core   0: 3 0x8000d270 (0xd14bc083) x 1 0x00000000 mem 0x80015cdd
core   0: 0x8000d274 (0xd14bc083) lbu     ra, -748(s7)
core   0: 3 0x8000d274 (0xd14bc083) x 1 0x00000000 mem 0x80015cdd
core   0: 0x8000d278 (0xf4abca03) lbu     s4, -182(s7)
core   0: 3 0x8000d278 (0xf4abca03) x20 0x000000c8 mem 0x80015f13
core   0: 0x8000d27c (0x01da4933) xor     s2, s4, t4
core   0: 3 0x8000d27c (0x01da4933) x18 0x0000e029
core   0: 0x8000d280 (0x0000100f) fence.i
core   0: 3 0x8000d280 (0x0000100f)
core   0: 0x8000d284 (0xf51b8523) sb      a7, -182(s7)
core   0: 3 0x8000d284 (0xf51b8523) mem 0x80015f13 0x52
core   0: 0x8000d288 (0xf06b81a3) sb      t1, -253(s7)
core   0: 3 0x8000d288 (0xf06b81a3) mem 0x80015ecc 0xc8
core   0: 0x8000d28c (0xec5b8e23) sb      t0, -292(s7)
core   0: 3 0x8000d28c (0xec5b8e23) mem 0x80015ea5 0x66
core   0: 0x8000d290 (0xecab8e03) lb      t3, -310(s7)
core   0: 3 0x8000d290 (0xecab8e03) x28 0x00000048 mem 0x80015e93
core   0: 0x8000d294 (0xecabc783) lbu     a5, -310(s7)
core   0: 3 0x8000d294 (0xecabc783) x15 0x00000048 mem 0x80015e93
core   0: 0x8000d298 (0x9dab8d83) lb      s11, -1574(s7)
core   0: 3 0x8000d298 (0x9dab8d83) x27 0xffffff84 mem 0x800159a3
core   0: 0x8000d29c (0xfa0b8d83) lb      s11, -96(s7)
core   0: 3 0x8000d29c (0xfa0b8d83) x27 0x00000000 mem 0x80015f69
core   0: 0x8000d2a0 (0xfa0b8403) lb      s0, -96(s7)
core   0: 3 0x8000d2a0 (0xfa0b8403) x 8 0x00000000 mem 0x80015f69
core   0: 0x8000d2a4 (0x0000a417) auipc   s0, 0xa
core   0: 3 0x8000d2a4 (0x0000a417) x 8 0x800172a4
core   0: 0x8000d2a8 (0xc5340413) addi    s0, s0, -941
core   0: 3 0x8000d2a8 (0xc5340413) x 8 0x80016ef7
core   0: 0x8000d2ac (0x00009717) auipc   a4, 0x9
core   0: 3 0x8000d2ac (0x00009717) x14 0x800162ac
core   0: 0x8000d2b0 (0xc1c70713) addi    a4, a4, -996
core   0: 3 0x8000d2b0 (0xc1c70713) x14 0x80015ec8
core   0: 0x8000d2b4 (0x009417a3) sh      s1, 15(s0)
core   0: 3 0x8000d2b4 (0x009417a3) mem 0x80016f06 0x6782
core   0: 0x8000d2b8 (0x95e75c83) lhu     s9, -1698(a4)
core   0: 3 0x8000d2b8 (0x95e75c83) x25 0x0000fff3 mem 0x80015826
core   0: 0x8000d2bc (0x00940983) lb      s3, 9(s0)
core   0: 3 0x8000d2bc (0x00940983) x19 0xffffffbb mem 0x80016f00
core   0: 0x8000d2c0 (0x0d870f23) sb      s8, 222(a4)
core   0: 3 0x8000d2c0 (0x0d870f23) mem 0x80015fa6 0x0
core   0: 0x8000d2c4 (0x16b74c03) lbu     s8, 363(a4)
core   0: 3 0x8000d2c4 (0x16b74c03) x24 0x000000e8 mem 0x80016033
core   0: 0x8000d2c8 (0x01940223) sb      s9, 4(s0)
core   0: 3 0x8000d2c8 (0x01940223) mem 0x80016efb 0xf3
core   0: 0x8000d2cc (0xff044d03) lbu     s10, -16(s0)
core   0: 3 0x8000d2cc (0xff044d03) x26 0x0000009c mem 0x80016ee7
core   0: 0x8000d2d0 (0xc3e75783) lhu     a5, -962(a4)
core   0: 3 0x8000d2d0 (0xc3e75783) x15 0x0000bcbd mem 0x80015b06
core   0: 0x8000d2d4 (0xff840803) lb      a6, -8(s0)
core   0: 3 0x8000d2d4 (0xff840803) x16 0xffffffa4 mem 0x80016eef
core   0: 0x8000d2d8 (0xcba71a03) lh      s4, -838(a4)
core   0: 3 0x8000d2d8 (0xcba71a03) x20 0x00003839 mem 0x80015b82
core   0: 0x8000d2dc (0x00b40723) sb      a1, 14(s0)
core   0: 3 0x8000d2dc (0x00b40723) mem 0x80016f05 0x0
core   0: 0x8000d2e0 (0xffb41a83) lh      s5, -5(s0)
core   0: 3 0x8000d2e0 (0xffb41a83) x21 0xffffa8a9 mem 0x80016ef2
core   0: 0x8000d2e4 (0x00840503) lb      a0, 8(s0)
core   0: 3 0x8000d2e4 (0x00840503) x10 0xffffffb4 mem 0x80016eff
core   0: 0x8000d2e8 (0xe0e75f83) lhu     t6, -498(a4)
core   0: 3 0x8000d2e8 (0xe0e75f83) x31 0x00008c01 mem 0x80015cd6
core   0: 0x8000d2ec (0x00008817) auipc   a6, 0x8
core   0: 3 0x8000d2ec (0x00008817) x16 0x800152ec
core   0: 0x8000d2f0 (0xfd480813) addi    a6, a6, -44
core   0: 3 0x8000d2f0 (0xfd480813) x16 0x800152c0
core   0: 0x8000d2f4 (0x00a41493) slli    s1, s0, 10
core   0: 3 0x8000d2f4 (0x00a41493) x 9 0x05bbdc00
core   0: 0x8000d2f8 (0x0be81a03) lh      s4, 190(a6)
core   0: 3 0x8000d2f8 (0x0be81a03) x20 0x00003435 mem 0x8001537e
core   0: 0x8000d2fc (0x0b081f23) sh      a6, 190(a6)
core   0: 3 0x8000d2fc (0x0b081f23) mem 0x8001537e 0x52c0
core   0: 0x8000d300 (0xbfc2f537) lui     a0, 0xbfc2f
core   0: 3 0x8000d300 (0xbfc2f537) x10 0xbfc2f000
core   0: 0x8000d304 (0x0bc80f23) sb      t3, 190(a6)
core   0: 3 0x8000d304 (0x0bc80f23) mem 0x8001537e 0x48
core   0: 0x8000d308 (0x0ae80f23) sb      a4, 190(a6)
core   0: 3 0x8000d308 (0x0ae80f23) mem 0x8001537e 0xc8
core   0: 0x8000d30c (0x0be85003) lhu     zero, 190(a6)
core   0: 3 0x8000d30c (0x0be85003) mem 0x8001537e
core   0: 0x8000d310 (0x0be80003) lb      zero, 190(a6)
core   0: 3 0x8000d310 (0x0be80003) mem 0x8001537e
core   0: 0x8000d314 (0x0be80b83) lb      s7, 190(a6)
core   0: 3 0x8000d314 (0x0be80b83) x23 0xffffffc8 mem 0x8001537e
core   0: 0x8000d318 (0xf3784883) lbu     a7, -201(a6)
core   0: 3 0x8000d318 (0xf3784883) x17 0x000000ac mem 0x800151f7
core   0: 0x8000d31c (0x414e5193) srai    gp, t3, 20
core   0: 3 0x8000d31c (0x414e5193) x 3 0x00000000
core   0: 0x8000d320 (0xacfc3d13) sltiu   s10, s8, -1329
core   0: 3 0x8000d320 (0xacfc3d13) x26 0x00000001
core   0: 0x8000d324 (0xf2b80ba3) sb      a1, -201(a6)
core   0: 3 0x8000d324 (0xf2b80ba3) mem 0x800151f7 0x0
core   0: 0x8000d328 (0xf3784b03) lbu     s6, -201(a6)
core   0: 3 0x8000d328 (0xf3784b03) x22 0x00000000 mem 0x800151f7
core   0: 0x8000d32c (0xf3780903) lb      s2, -201(a6)
core   0: 3 0x8000d32c (0xf3780903) x18 0x00000000 mem 0x800151f7
core   0: 0x8000d330 (0x00008f17) auipc   t5, 0x8
core   0: 3 0x8000d330 (0x00008f17) x30 0x80015330
core   0: 0x8000d334 (0xfb9f0f13) addi    t5, t5, -71
core   0: 3 0x8000d334 (0xfb9f0f13) x30 0x800152e9
core   0: 0x8000d338 (0x000dd533) srl     a0, s11, zero
core   0: 3 0x8000d338 (0x000dd533) x10 0x00000000
core   0: 0x8000d33c (0x01b46d33) or      s10, s0, s11
core   0: 3 0x8000d33c (0x01b46d33) x26 0x80016ef7
core   0: 0x8000d340 (0x1cdf0303) lb      t1, 461(t5)
core   0: 3 0x8000d340 (0x1cdf0303) x 6 0x0000006d mem 0x800154b6
core   0: 0x8000d344 (0x3c1f1ca3) sh      ra, 985(t5)
core   0: 3 0x8000d344 (0x3c1f1ca3) mem 0x800156c2 0x0000
core   0: 0x8000d348 (0x011b53b3) srl     t2, s6, a7
core   0: 3 0x8000d348 (0x011b53b3) x 7 0x00000000
core   0: 0x8000d34c (0x008c2033) slt     zero, s8, s0
core   0: 3 0x8000d34c (0x008c2033)
core   0: 0x8000d350 (0x401e5f93) srai    t6, t3, 1
core   0: 3 0x8000d350 (0x401e5f93) x31 0x00000024
core   0: 0x8000d354 (0x3fbf0c83) lb      s9, 1019(t5)
core   0: 3 0x8000d354 (0x3fbf0c83) x25 0xffffff9f mem 0x800156e4
core   0: 0x8000d358 (0xe11f4683) lbu     a3, -495(t5)
core   0: 3 0x8000d358 (0xe11f4683) x13 0x000000d9 mem 0x800150fa
core   0: 0x8000d35c (0x720f05a3) sb      zero, 1835(t5)
core   0: 3 0x8000d35c (0x720f05a3) mem 0x80015a14 0x0
core   0: 0x8000d360 (0x0ff0000f) fence   iorw,iorw
core   0: 3 0x8000d360 (0x0ff0000f)
core   0: 0x8000d364 (0x088f0203) lb      tp, 136(t5)
core   0: 3 0x8000d364 (0x088f0203) x 4 0x0000002a mem 0x80015371
core   0: 0x8000d368 (0xf57f1083) lh      ra, -169(t5)
core   0: 3 0x8000d368 (0xf57f1083) x 1 0xfffffafb mem 0x80015240
core   0: 0x8000d36c (0xfb982b13) slti    s6, a6, -71
core   0: 3 0x8000d36c (0xfb982b13) x22 0x00000001
core   0: 0x8000d370 (0xf0934b13) xori    s6, t1, -247
core   0: 3 0x8000d370 (0xf0934b13) x22 0xffffff64
core   0: 0x8000d374 (0x139f1a83) lh      s5, 313(t5)
core   0: 3 0x8000d374 (0x139f1a83) x21 0xffffd8d9 mem 0x80015422
core   0: 0x8000d378 (0x797f0c23) sb      s7, 1944(t5)
core   0: 3 0x8000d378 (0x797f0c23) mem 0x80015a81 0xc8
core   0: 0x8000d37c (0x007e9e33) sll     t3, t4, t2
core   0: 3 0x8000d37c (0x007e9e33) x28 0x0000e0e1
core   0: 0x8000d380 (0x0026d833) srl     a6, a3, sp
core   0: 3 0x8000d380 (0x0026d833) x16 0x0000000d
core   0: 0x8000d384 (0x0ff0000f) fence   iorw,iorw
core   0: 3 0x8000d384 (0x0ff0000f)
core   0: 0x8000d388 (0x00000013) nop
core   0: 3 0x8000d388 (0x00000013)
core   0: 0x8000d38c (0xfb3f4183) lbu     gp, -77(t5)
core   0: 3 0x8000d38c (0xfb3f4183) x 3 0x00000057 mem 0x8001529c
core   0: 0x8000d390 (0x663f14a3) sh      gp, 1641(t5)
core   0: 3 0x8000d390 (0x663f14a3) mem 0x80015952 0x0057
core   0: 0x8000d394 (0xdbbf2203) lw      tp, -581(t5)
core   0: 3 0x8000d394 (0xdbbf2203) x 4 0x5c7d4f5f mem 0x800150a4
core   0: 0x8000d398 (0xf42f0e83) lb      t4, -190(t5)
core   0: 3 0x8000d398 (0xf42f0e83) x29 0xffffffe0 mem 0x8001522b
core   0: 0x8000d39c (0x41d981b3) sub     gp, s3, t4
core   0: 3 0x8000d39c (0x41d981b3) x 3 0xffffffdb
core   0: 0x8000d3a0 (0x8d07f793) andi    a5, a5, -1840
core   0: 3 0x8000d3a0 (0x8d07f793) x15 0x0000b890
core   0: 0x8000d3a4 (0xcefbf693) andi    a3, s7, -785
core   0: 3 0x8000d3a4 (0xcefbf693) x13 0xfffffcc8
core   0: 0x8000d3a8 (0x0000100f) fence.i
core   0: 3 0x8000d3a8 (0x0000100f)
core   0: 0x8000d3ac (0x715f1a03) lh      s4, 1813(t5)
core   0: 3 0x8000d3ac (0x715f1a03) x20 0x00003ab5 mem 0x800159fe
core   0: 0x8000d3b0 (0x4037d233) sra     tp, a5, gp
core   0: 3 0x8000d3b0 (0x4037d233) x 4 0x00000000
core   0: 0x8000d3b4 (0x66e92a13) slti    s4, s2, 1646
core   0: 3 0x8000d3b4 (0x66e92a13) x20 0x00000001
core   0: 0x8000d3b8 (0x4fcf0f23) sb      t3, 1278(t5)
core   0: 3 0x8000d3b8 (0x4fcf0f23) mem 0x800157e7 0xe1
core   0: 0x8000d3bc (0xe01f5203) lhu     tp, -511(t5)
core   0: 3 0x8000d3bc (0xe01f5203) x 4 0x0000efa1 mem 0x800150ea
core   0: 0x8000d3c0 (0x496f0803) lb      a6, 1174(t5)
core   0: 3 0x8000d3c0 (0x496f0803) x16 0x00000034 mem 0x8001577f
core   0: 0x8000d3c4 (0x41dfd3b3) sra     t2, t6, t4
core   0: 3 0x8000d3c4 (0x41dfd3b3) x 7 0x00000024
core   0: 0x8000d3c8 (0x00f9dab3) srl     s5, s3, a5
core   0: 3 0x8000d3c8 (0x00f9dab3) x21 0x0000ffff
core   0: 0x8000d3cc (0x648f06a3) sb      s0, 1613(t5)
core   0: 3 0x8000d3cc (0x648f06a3) mem 0x80015936 0xf7
core   0: 0x8000d3d0 (0x336f0923) sb      s6, 818(t5)
core   0: 3 0x8000d3d0 (0x336f0923) mem 0x8001561b 0x64
core   0: 0x8000d3d4 (0xe8ff0c23) sb      a5, -360(t5)
core   0: 3 0x8000d3d4 (0xe8ff0c23) mem 0x80015181 0x90
core   0: 0x8000d3d8 (0x486f19a3) sh      t1, 1171(t5)
core   0: 3 0x8000d3d8 (0x486f19a3) mem 0x8001577c 0x006d
core   0: 0x8000d3dc (0x016afab3) and     s5, s5, s6
core   0: 3 0x8000d3dc (0x016afab3) x21 0x0000ff64
core   0: 0x8000d3e0 (0x326f0c03) lb      s8, 806(t5)
core   0: 3 0x8000d3e0 (0x326f0c03) x24 0x00000040 mem 0x8001560f
core   0: 0x8000d3e4 (0x5b2f4b83) lbu     s7, 1458(t5)
core   0: 3 0x8000d3e4 (0x5b2f4b83) x23 0x00000000 mem 0x8001589b
core   0: 0x8000d3e8 (0x017d1db3) sll     s11, s10, s7
core   0: 3 0x8000d3e8 (0x017d1db3) x27 0x80016ef7
core   0: 0x8000d3ec (0xdb5f0503) lb      a0, -587(t5)
core   0: 3 0x8000d3ec (0xdb5f0503) x10 0x00000012 mem 0x8001509e
core   0: 0x8000d3f0 (0xd9df5183) lhu     gp, -611(t5)
core   0: 3 0x8000d3f0 (0xd9df5183) x 3 0x00000000 mem 0x80015086
core   0: 0x8000d3f4 (0x38cf0b23) sb      a2, 918(t5)
core   0: 3 0x8000d3f4 (0x38cf0b23) mem 0x8001567f 0x4
core   0: 0x8000d3f8 (0x00008897) auipc   a7, 0x8
core   0: 3 0x8000d3f8 (0x00008897) x17 0x800153f8
core   0: 0x8000d3fc (0x08488893) addi    a7, a7, 132
core   0: 3 0x8000d3fc (0x08488893) x17 0x8001547c
core   0: 0x8000d400 (0x00008317) auipc   t1, 0x8
core   0: 3 0x8000d400 (0x00008317) x 6 0x80015400
core   0: 0x8000d404 (0xdf230313) addi    t1, t1, -526
core   0: 3 0x8000d404 (0xdf230313) x 6 0x800151f2
core   0: 0x8000d408 (0x02489a03) lh      s4, 36(a7)
core   0: 3 0x8000d408 (0x02489a03) x20 0x0000008c mem 0x800154a0
core   0: 0x8000d40c (0x72030d83) lb      s11, 1824(t1)
core   0: 3 0x8000d40c (0x72030d83) x27 0xffffffca mem 0x80015912
core   0: 0x8000d410 (0x00008d17) auipc   s10, 0x8
core   0: 3 0x8000d410 (0x00008d17) x26 0x80015410
core   0: 0x8000d414 (0x404d0d13) addi    s10, s10, 1028
core   0: 3 0x8000d414 (0x404d0d13) x26 0x80015814
core   0: 0x8000d418 (0x0008de03) lhu     t3, 0(a7)
core   0: 3 0x8000d418 (0x0008de03) x28 0x000057b3 mem 0x8001547c
core   0: 0x8000d41c (0x1db30503) lb      a0, 475(t1)
core   0: 3 0x8000d41c (0x1db30503) x10 0xffffffff mem 0x800153cd
core   0: 0x8000d420 (0xd0ed4803) lbu     a6, -754(s10)
core   0: 3 0x8000d420 (0xd0ed4803) x16 0x000000d9 mem 0x80015522
core   0: 0x8000d424 (0x44934403) lbu     s0, 1097(t1)
core   0: 3 0x8000d424 (0x44934403) x 8 0x000000f0 mem 0x8001563b
core   0: 0x8000d428 (0x00388c03) lb      s8, 3(a7)
core   0: 3 0x8000d428 (0x00388c03) x24 0x00000034 mem 0x8001547f
core   0: 0x8000d42c (0x72032523) sw      zero, 1834(t1)
core   0: 3 0x8000d42c (0x72032523) mem 0x8001591c 0x00000000
core   0: 0x8000d430 (0xaafd0203) lb      tp, -1361(s10)
core   0: 3 0x8000d430 (0xaafd0203) x 4 0x00000078 mem 0x800152c3
core   0: 0x8000d434 (0x00a8cb03) lbu     s6, 10(a7)
core   0: 3 0x8000d434 (0x00a8cb03) x22 0x0000003d mem 0x80015486
core   0: 0x8000d438 (0x01b8c183) lbu     gp, 27(a7)
core   0: 3 0x8000d438 (0x01b8c183) x 3 0x0000009e mem 0x80015497
core   0: 0x8000d43c (0x2f1d4983) lbu     s3, 753(s10)
core   0: 3 0x8000d43c (0x2f1d4983) x19 0x000000be mem 0x80015b05
core   0: 0x8000d440 (0x46731c23) sh      t2, 1144(t1)
core   0: 3 0x8000d440 (0x46731c23) mem 0x8001566a 0x0024
core   0: 0x8000d444 (0xa21d0d23) sb      ra, -1478(s10)
core   0: 3 0x8000d444 (0xa21d0d23) mem 0x8001524e 0xfb
core   0: 0x8000d448 (0x66534f03) lbu     t5, 1637(t1)
core   0: 3 0x8000d448 (0x66534f03) x30 0x0000000c mem 0x80015857
core   0: 0x8000d44c (0x095d4b83) lbu     s7, 149(s10)
core   0: 3 0x8000d44c (0x095d4b83) x23 0x00000062 mem 0x800158a9
core   0: 0x8000d450 (0x03988b83) lb      s7, 57(a7)
core   0: 3 0x8000d450 (0x03988b83) x23 0x0000006e mem 0x800154b5
core   0: 0x8000d454 (0xffd88723) sb      t4, -18(a7)
core   0: 3 0x8000d454 (0xffd88723) mem 0x8001546a 0xe0
core   0: 0x8000d458 (0xec3d0003) lb      zero, -317(s10)
core   0: 3 0x8000d458 (0xec3d0003) mem 0x800156d7
core   0: 0x8000d45c (0xef234903) lbu     s2, -270(t1)
core   0: 3 0x8000d45c (0xef234903) x18 0x00000000 mem 0x800150e4
core   0: 0x8000d460 (0x228d2383) lw      t2, 552(s10)
core   0: 3 0x8000d460 (0x228d2383) x 7 0xf4f500f7 mem 0x80015a3c
core   0: 0x8000d464 (0x76b34e03) lbu     t3, 1899(t1)
core   0: 3 0x8000d464 (0x76b34e03) x28 0x00000016 mem 0x8001595d
core   0: 0x8000d468 (0x00008717) auipc   a4, 0x8
core   0: 3 0x8000d468 (0x00008717) x14 0x80015468
core   0: 0x8000d46c (0xbf970713) addi    a4, a4, -1031
core   0: 3 0x8000d46c (0xbf970713) x14 0x80015061
core   0: 0x8000d470 (0x7f8a2413) slti    s0, s4, 2040
core   0: 3 0x8000d470 (0x7f8a2413) x 8 0x00000001
core   0: 0x8000d474 (0x02270183) lb      gp, 34(a4)
core   0: 3 0x8000d474 (0x02270183) x 3 0x00000000 mem 0x80015083
core   0: 0x8000d478 (0x02270c83) lb      s9, 34(a4)
core   0: 3 0x8000d478 (0x02270c83) x25 0x00000000 mem 0x80015083
core   0: 0x8000d47c (0x95dfc437) lui     s0, 0x95dfc
core   0: 3 0x8000d47c (0x95dfc437) x 8 0x95dfc000
core   0: 0x8000d480 (0x01597a33) and     s4, s2, s5
core   0: 3 0x8000d480 (0x01597a33) x20 0x00000000
core   0: 0x8000d484 (0x00571983) lh      s3, 5(a4)
core   0: 3 0x8000d484 (0x00571983) x19 0x00001c2b mem 0x80015066
core   0: 0x8000d488 (0x002712a3) sh      sp, 5(a4)
core   0: 3 0x8000d488 (0x002712a3) mem 0x80015066 0xece4
core   0: 0x8000d48c (0x03a704a3) sb      s10, 41(a4)
core   0: 3 0x8000d48c (0x03a704a3) mem 0x8001508a 0x14
core   0: 0x8000d490 (0x9f91bc17) auipc   s8, 0x9f91b
core   0: 3 0x8000d490 (0x9f91bc17) x24 0x1f928490
core   0: 0x8000d494 (0x03b704a3) sb      s11, 41(a4)
core   0: 3 0x8000d494 (0x03b704a3) mem 0x8001508a 0xca
core   0: 0x8000d498 (0xe9256f37) lui     t5, 0xe9256
core   0: 3 0x8000d498 (0xe9256f37) x30 0xe9256000
core   0: 0x8000d49c (0x024714a3) sh      tp, 41(a4)
core   0: 3 0x8000d49c (0x024714a3) mem 0x8001508a 0x0078
core   0: 0x8000d4a0 (0x02971283) lh      t0, 41(a4)
core   0: 3 0x8000d4a0 (0x02971283) x 5 0x00000078 mem 0x8001508a
core   0: 0x8000d4a4 (0x02971f83) lh      t6, 41(a4)
core   0: 3 0x8000d4a4 (0x02971f83) x31 0x00000078 mem 0x8001508a
core   0: 0x8000d4a8 (0x02970303) lb      t1, 41(a4)
core   0: 3 0x8000d4a8 (0x02970303) x 6 0x00000078 mem 0x8001508a
core   0: 0x8000d4ac (0x02c714a3) sh      a2, 41(a4)
core   0: 3 0x8000d4ac (0x02c714a3) mem 0x8001508a 0xae04
core   0: 0x8000d4b0 (0x02974203) lbu     tp, 41(a4)
core   0: 3 0x8000d4b0 (0x02974203) x 4 0x00000004 mem 0x8001508a
core   0: 0x8000d4b4 (0x02971783) lh      a5, 41(a4)
core   0: 3 0x8000d4b4 (0x02971783) x15 0xffffae04 mem 0x8001508a
core   0: 0x8000d4b8 (0x02971c03) lh      s8, 41(a4)
core   0: 3 0x8000d4b8 (0x02971c03) x24 0xffffae04 mem 0x8001508a
core   0: 0x8000d4bc (0x79c17037) lui     zero, 0x79c17
core   0: 3 0x8000d4bc (0x79c17037)
core   0: 0x8000d4c0 (0x032704a3) sb      s2, 41(a4)
core   0: 3 0x8000d4c0 (0x032704a3) mem 0x8001508a 0x0
core   0: 0x8000d4c4 (0x039704a3) sb      s9, 41(a4)
core   0: 3 0x8000d4c4 (0x039704a3) mem 0x8001508a 0x0
core   0: 0x8000d4c8 (0x00008517) auipc   a0, 0x8
core   0: 3 0x8000d4c8 (0x00008517) x10 0x800154c8
core   0: 0x8000d4cc (0xce050513) addi    a0, a0, -800
core   0: 3 0x8000d4cc (0xce050513) x10 0x800151a8
core   0: 0x8000d4d0 (0x00391c93) slli    s9, s2, 3
core   0: 3 0x8000d4d0 (0x00391c93) x25 0x00000000
core   0: 0x8000d4d4 (0xe4fae797) auipc   a5, 0xe4fae
core   0: 3 0x8000d4d4 (0xe4fae797) x15 0x64fbb4d4
core   0: 0x8000d4d8 (0x00d208b3) add     a7, tp, a3
core   0: 3 0x8000d4d8 (0x00d208b3) x17 0xfffffccc
core   0: 0x8000d4dc (0xc3d52f93) slti    t6, a0, -963
core   0: 3 0x8000d4dc (0xc3d52f93) x31 0x00000001
core   0: 0x8000d4e0 (0x36250883) lb      a7, 866(a0)
core   0: 3 0x8000d4e0 (0x36250883) x17 0xffffffc1 mem 0x8001550a
core   0: 0x8000d4e4 (0x09f50323) sb      t6, 134(a0)
core   0: 3 0x8000d4e4 (0x09f50323) mem 0x8001522e 0x1
core   0: 0x8000d4e8 (0x40b28e33) sub     t3, t0, a1
core   0: 3 0x8000d4e8 (0x40b28e33) x28 0x80000078
core   0: 0x8000d4ec (0x3016b497) auipc   s1, 0x3016b
core   0: 3 0x8000d4ec (0x3016b497) x 9 0xb01784ec
core   0: 0x8000d4f0 (0xebb506a3) sb      s11, -339(a0)
core   0: 3 0x8000d4f0 (0xebb506a3) mem 0x80015055 0xca
core   0: 0x8000d4f4 (0x32950403) lb      s0, 809(a0)
core   0: 3 0x8000d4f4 (0x32950403) x 8 0x00000000 mem 0x800154d1
core   0: 0x8000d4f8 (0x40d45ab3) sra     s5, s0, a3
core   0: 3 0x8000d4f8 (0x40d45ab3) x21 0x00000000
core   0: 0x8000d4fc (0x0000100f) fence.i
core   0: 3 0x8000d4fc (0x0000100f)
core   0: 0x8000d500 (0x012f91b3) sll     gp, t6, s2
core   0: 3 0x8000d500 (0x012f91b3) x 3 0x00000001
core   0: 0x8000d504 (0x40e35793) srai    a5, t1, 14
core   0: 3 0x8000d504 (0x40e35793) x15 0x00000000
core   0: 0x8000d508 (0x16954703) lbu     a4, 361(a0)
core   0: 3 0x8000d508 (0x16954703) x14 0x000000ca mem 0x80015311
core   0: 0x8000d50c (0x8e3b3913) sltiu   s2, s6, -1821
core   0: 3 0x8000d50c (0x8e3b3913) x18 0x00000001
core   0: 0x8000d510 (0x35751323) sh      s7, 838(a0)
core   0: 3 0x8000d510 (0x35751323) mem 0x800154ee 0x006e
core   0: 0x8000d514 (0x14e20793) addi    a5, tp, 334
core   0: 3 0x8000d514 (0x14e20793) x15 0x00000152
core   0: 0x8000d518 (0x1ef501a3) sb      a5, 483(a0)
core   0: 3 0x8000d518 (0x1ef501a3) mem 0x8001538b 0x52
core   0: 0x8000d51c (0x0105be33) sltu    t3, a1, a6
core   0: 3 0x8000d51c (0x0105be33) x28 0x00000000
core   0: 0x8000d520 (0x0000100f) fence.i
core   0: 3 0x8000d520 (0x0000100f)
core   0: 0x8000d524 (0xf526b013) sltiu   zero, a3, -174
core   0: 3 0x8000d524 (0xf526b013)
core   0: 0x8000d528 (0x0026c7b3) xor     a5, a3, sp
core   0: 3 0x8000d528 (0x0026c7b3) x15 0x7ffd102c
core   0: 0x8000d52c (0xde92c013) xori    zero, t0, -535
core   0: 3 0x8000d52c (0xde92c013)
core   0: 0x8000d530 (0x43c507a3) sb      t3, 1071(a0)
core   0: 3 0x8000d530 (0x43c507a3) mem 0x800155d7 0x0
core   0: 0x8000d534 (0x4f950403) lb      s0, 1273(a0)
core   0: 3 0x8000d534 (0x4f950403) x 8 0x00000000 mem 0x800156a1
core   0: 0x8000d538 (0x0ff0000f) fence   iorw,iorw
core   0: 3 0x8000d538 (0x0ff0000f)
core   0: 0x8000d53c (0x27750d83) lb      s11, 631(a0)
core   0: 3 0x8000d53c (0x27750d83) x27 0xffffffd4 mem 0x8001541f
core   0: 0x8000d540 (0x00000013) nop
core   0: 3 0x8000d540 (0x00000013)
core   0: 0x8000d544 (0x7cc509a3) sb      a2, 2003(a0)
core   0: 3 0x8000d544 (0x7cc509a3) mem 0x8001597b 0x4
core   0: 0x8000d548 (0x6a5eb417) auipc   s0, 0x6a5eb
core   0: 3 0x8000d548 (0x6a5eb417) x 8 0xea5f8548
core   0: 0x8000d54c (0x00000013) nop
core   0: 3 0x8000d54c (0x00000013)
core   0: 0x8000d550 (0x3e7d2713) slti    a4, s10, 999
core   0: 3 0x8000d550 (0x3e7d2713) x14 0x00000001
core   0: 0x8000d554 (0x0000100f) fence.i
core   0: 3 0x8000d554 (0x0000100f)
core   0: 0x8000d558 (0x00550d23) sb      t0, 26(a0)
core   0: 3 0x8000d558 (0x00550d23) mem 0x800151c2 0x78
core   0: 0x8000d55c (0x00000013) nop
core   0: 3 0x8000d55c (0x00000013)
core   0: 0x8000d560 (0x59a55e83) lhu     t4, 1434(a0)
core   0: 3 0x8000d560 (0x59a55e83) x29 0x000067f9 mem 0x80015742
core   0: 0x8000d564 (0x00009517) auipc   a0, 0x9
core   0: 3 0x8000d564 (0x00009517) x10 0x80016564
core   0: 0x8000d568 (0x52350513) addi    a0, a0, 1315
core   0: 3 0x8000d568 (0x52350513) x10 0x80016a87
core   0: 0x8000d56c (0x2bd2ee93) ori     t4, t0, 701
core   0: 3 0x8000d56c (0x2bd2ee93) x29 0x000002fd
core   0: 0x8000d570 (0x87a50c03) lb      s8, -1926(a0)
core   0: 3 0x8000d570 (0x87a50c03) x24 0xffffffba mem 0x80016301
core   0: 0x8000d574 (0x86050d23) sb      zero, -1926(a0)
core   0: 3 0x8000d574 (0x86050d23) mem 0x80016301 0x0
core   0: 0x8000d578 (0x87a54683) lbu     a3, -1926(a0)
core   0: 3 0x8000d578 (0x87a54683) x13 0x00000000 mem 0x80016301
core   0: 0x8000d57c (0x402adab3) sra     s5, s5, sp
core   0: 3 0x8000d57c (0x402adab3) x21 0x00000000
core   0: 0x8000d580 (0x006ada13) srli    s4, s5, 6
core   0: 3 0x8000d580 (0x006ada13) x20 0x00000000
core   0: 0x8000d584 (0x87a50303) lb      t1, -1926(a0)
core   0: 3 0x8000d584 (0x87a50303) x 6 0x00000000 mem 0x80016301
core   0: 0x8000d588 (0xe2254703) lbu     a4, -478(a0)
core   0: 3 0x8000d588 (0xe2254703) x14 0x00000062 mem 0x800168a9
core   0: 0x8000d58c (0xe2250123) sb      sp, -478(a0)
core   0: 3 0x8000d58c (0xe2250123) mem 0x800168a9 0xe4
core   0: 0x8000d590 (0x3c054883) lbu     a7, 960(a0)
core   0: 3 0x8000d590 (0x3c054883) x17 0x000000fc mem 0x80016e47
core   0: 0x8000d594 (0x3c054b83) lbu     s7, 960(a0)
core   0: 3 0x8000d594 (0x3c054b83) x23 0x000000fc mem 0x80016e47
core   0: 0x8000d598 (0x01ec1713) slli    a4, s8, 30
core   0: 3 0x8000d598 (0x01ec1713) x14 0x80000000
core   0: 0x8000d59c (0xce155303) lhu     t1, -799(a0)
core   0: 3 0x8000d59c (0xce155303) x 6 0x00002223 mem 0x80016768
core   0: 0x8000d5a0 (0xce155883) lhu     a7, -799(a0)
core   0: 3 0x8000d5a0 (0xce155883) x17 0x00002223 mem 0x80016768
core   0: 0x8000d5a4 (0x13d50923) sb      t4, 306(a0)
core   0: 3 0x8000d5a4 (0x13d50923) mem 0x80016bb9 0xfd
core   0: 0x8000d5a8 (0x13250283) lb      t0, 306(a0)
core   0: 3 0x8000d5a8 (0x13250283) x 5 0xfffffffd mem 0x80016bb9
core   0: 0x8000d5ac (0xe0750003) lb      zero, -505(a0)
core   0: 3 0x8000d5ac (0xe0750003) mem 0x8001688e
core   0: 0x8000d5b0 (0x00009817) auipc   a6, 0x9
core   0: 3 0x8000d5b0 (0x00009817) x16 0x800165b0
core   0: 0x8000d5b4 (0x96280813) addi    a6, a6, -1694
core   0: 3 0x8000d5b4 (0x96280813) x16 0x80015f12
core   0: 0x8000d5b8 (0x3f0de993) ori     s3, s11, 1008
core   0: 3 0x8000d5b8 (0x3f0de993) x19 0xfffffff4
core   0: 0x8000d5bc (0x985808a3) sb      t0, -1647(a6)
core   0: 3 0x8000d5bc (0x985808a3) mem 0x800158a3 0xfd
core   0: 0x8000d5c0 (0x00000013) nop
core   0: 3 0x8000d5c0 (0x00000013)
core   0: 0x8000d5c4 (0x587fce93) xori    t4, t6, 1415
core   0: 3 0x8000d5c4 (0x587fce93) x29 0x00000586
core   0: 0x8000d5c8 (0x0e281423) sh      sp, 232(a6)
core   0: 3 0x8000d5c8 (0x0e281423) mem 0x80015ffa 0xece4
core   0: 0x8000d5cc (0x0e880a83) lb      s5, 232(a6)
core   0: 3 0x8000d5cc (0x0e880a83) x21 0xffffffe4 mem 0x80015ffa
core   0: 0x8000d5d0 (0x0e885e83) lhu     t4, 232(a6)
core   0: 3 0x8000d5d0 (0x0e885e83) x29 0x0000ece4 mem 0x80015ffa
core   0: 0x8000d5d4 (0x0e884b83) lbu     s7, 232(a6)
core   0: 3 0x8000d5d4 (0x0e884b83) x23 0x000000e4 mem 0x80015ffa
core   0: 0x8000d5d8 (0x0f981423) sh      s9, 232(a6)
core   0: 3 0x8000d5d8 (0x0f981423) mem 0x80015ffa 0x0000
core   0: 0x8000d5dc (0xc7882923) sw      s8, -910(a6)
core   0: 3 0x8000d5dc (0xc7882923) mem 0x80015b84 0xffffffba
core   0: 0x8000d5e0 (0x9d380a03) lb      s4, -1581(a6)
core   0: 3 0x8000d5e0 (0x9d380a03) x20 0xffffff9e mem 0x800158e5
core   0: 0x8000d5e4 (0x9d384a03) lbu     s4, -1581(a6)
core   0: 3 0x8000d5e4 (0x9d384a03) x20 0x0000009e mem 0x800158e5
core   0: 0x8000d5e8 (0x88c85003) lhu     zero, -1908(a6)
core   0: 3 0x8000d5e8 (0x88c85003) mem 0x8001579e
core   0: 0x8000d5ec (0xf4a979b7) lui     s3, 0xf4a97
core   0: 3 0x8000d5ec (0xf4a979b7) x19 0xf4a97000
core   0: 0x8000d5f0 (0x88c80403) lb      s0, -1908(a6)
core   0: 3 0x8000d5f0 (0x88c80403) x 8 0x00000030 mem 0x8001579e
core   0: 0x8000d5f4 (0x88c80d03) lb      s10, -1908(a6)
core   0: 3 0x8000d5f4 (0x88c80d03) x26 0x00000030 mem 0x8001579e
core   0: 0x8000d5f8 (0x06080823) sb      zero, 112(a6)
core   0: 3 0x8000d5f8 (0x06080823) mem 0x80015f82 0x0
core   0: 0x8000d5fc (0x82a6e693) ori     a3, a3, -2006
core   0: 3 0x8000d5fc (0x82a6e693) x13 0xfffff82a
core   0: 0x8000d600 (0xa8684c03) lbu     s8, -1402(a6)
core   0: 3 0x8000d600 (0xa8684c03) x24 0x00000053 mem 0x80015998
core   0: 0x8000d604 (0x00008397) auipc   t2, 0x8
core   0: 3 0x8000d604 (0x00008397) x 7 0x80015604
core   0: 0x8000d608 (0x73c38393) addi    t2, t2, 1852
core   0: 3 0x8000d608 (0x73c38393) x 7 0x80015d40
core   0: 0x8000d60c (0x0188e1b3) or      gp, a7, s8
core   0: 3 0x8000d60c (0x0188e1b3) x 3 0x00002273
core   0: 0x8000d610 (0x64986a93) ori     s5, a6, 1609
core   0: 3 0x8000d610 (0x64986a93) x21 0x80015f5b
core   0: 0x8000d614 (0x015385a3) sb      s5, 11(t2)
core   0: 3 0x8000d614 (0x015385a3) mem 0x80015d4b 0x5b
core   0: 0x8000d618 (0xfde38323) sb      t5, -58(t2)
core   0: 3 0x8000d618 (0xfde38323) mem 0x80015d06 0x0
core   0: 0x8000d61c (0x03a39503) lh      a0, 58(t2)
core   0: 3 0x8000d61c (0x03a39503) x10 0x00003031 mem 0x80015d7a
core   0: 0x8000d620 (0x0000100f) fence.i
core   0: 3 0x8000d620 (0x0000100f)
core   0: 0x8000d624 (0x00bd5513) srli    a0, s10, 11
core   0: 3 0x8000d624 (0x00bd5513) x10 0x00000000
core   0: 0x8000d628 (0x00838ca3) sb      s0, 25(t2)
core   0: 3 0x8000d628 (0x00838ca3) mem 0x80015d59 0x30
core   0: 0x8000d62c (0x01658fb3) add     t6, a1, s6
core   0: 3 0x8000d62c (0x01658fb3) x31 0x8000003d
core   0: 0x8000d630 (0xfff38903) lb      s2, -1(t2)
core   0: 3 0x8000d630 (0xfff38903) x18 0x00000051 mem 0x80015d3f
core   0: 0x8000d634 (0x07ca0713) addi    a4, s4, 124
core   0: 3 0x8000d634 (0x07ca0713) x14 0x0000011a
core   0: 0x8000d638 (0xc6c61f37) lui     t5, 0xc6c61
core   0: 3 0x8000d638 (0xc6c61f37) x30 0xc6c61000
core   0: 0x8000d63c (0x00974d33) xor     s10, a4, s1
core   0: 3 0x8000d63c (0x00974d33) x26 0xb01785f6
core   0: 0x8000d640 (0x0343ab03) lw      s6, 52(t2)
core   0: 3 0x8000d640 (0x0343ab03) x22 0x2c2d2e2f mem 0x80015d74
core   0: 0x8000d644 (0x01605a33) srl     s4, zero, s6
core   0: 3 0x8000d644 (0x01605a33) x20 0x00000000
core   0: 0x8000d648 (0x03d3c003) lbu     zero, 61(t2)
core   0: 3 0x8000d648 (0x03d3c003) mem 0x80015d7d
core   0: 0x8000d64c (0x3a48e513) ori     a0, a7, 932
core   0: 3 0x8000d64c (0x3a48e513) x10 0x000023a7
core   0: 0x8000d650 (0x00a83033) sltu    zero, a6, a0
core   0: 3 0x8000d650 (0x00a83033)
core   0: 0x8000d654 (0x877787b7) lui     a5, 0x87778
core   0: 3 0x8000d654 (0x877787b7) x15 0x87778000
core   0: 0x8000d658 (0x02a38703) lb      a4, 42(t2)
core   0: 3 0x8000d658 (0x02a38703) x14 0x00000021 mem 0x80015d6a
core   0: 0x8000d65c (0x0000100f) fence.i
core   0: 3 0x8000d65c (0x0000100f)
core   0: 0x8000d660 (0x0303c283) lbu     t0, 48(t2)
core   0: 3 0x8000d660 (0x0303c283) x 5 0x0000002b mem 0x80015d70
core   0: 0x8000d664 (0x0000100f) fence.i
core   0: 3 0x8000d664 (0x0000100f)
core   0: 0x8000d668 (0x3c9fcd93) xori    s11, t6, 969
core   0: 3 0x8000d668 (0x3c9fcd93) x27 0x800003f4
core   0: 0x8000d66c (0x01638c23) sb      s6, 24(t2)
core   0: 3 0x8000d66c (0x01638c23) mem 0x80015d58 0x2f
core   0: 0x8000d670 (0x02b38183) lb      gp, 43(t2)
core   0: 3 0x8000d670 (0x02b38183) x 3 0x00000020 mem 0x80015d6b
core   0: 0x8000d674 (0xfd33cd83) lbu     s11, -45(t2)
core   0: 3 0x8000d674 (0xfd33cd83) x27 0x00000096 mem 0x80015d13
core   0: 0x8000d678 (0x00e85713) srli    a4, a6, 14
core   0: 3 0x8000d678 (0x00e85713) x14 0x00020005
core   0: 0x8000d67c (0x8e47fe13) andi    t3, a5, -1820
core   0: 3 0x8000d67c (0x8e47fe13) x28 0x87778000
core   0: 0x8000d680 (0x40990d33) sub     s10, s2, s1
core   0: 3 0x8000d680 (0x40990d33) x26 0x4fe87b65
core   0: 0x8000d684 (0x41668933) sub     s2, a3, s6
core   0: 3 0x8000d684 (0x41668933) x18 0xd3d2c9fb
core   0: 0x8000d688 (0x00621813) slli    a6, tp, 6
core   0: 3 0x8000d688 (0x00621813) x16 0x00000100
core   0: 0x8000d68c (0x02b39823) sh      a1, 48(t2)
core   0: 3 0x8000d68c (0x02b39823) mem 0x80015d70 0x0000
core   0: 0x8000d690 (0xbb214d37) lui     s10, 0xbb214
core   0: 3 0x8000d690 (0xbb214d37) x26 0xbb214000
core   0: 0x8000d694 (0xffd3c083) lbu     ra, -3(t2)
core   0: 3 0x8000d694 (0xffd3c083) x 1 0x000000f6 mem 0x80015d3d
core   0: 0x8000d698 (0x01cde1b3) or      gp, s11, t3
core   0: 3 0x8000d698 (0x01cde1b3) x 3 0x87778096
core   0: 0x8000d69c (0x00609db3) sll     s11, ra, t1
core   0: 3 0x8000d69c (0x00609db3) x27 0x000007b0
core   0: 0x8000d6a0 (0x00de4ab3) xor     s5, t3, a3
core   0: 3 0x8000d6a0 (0x00de4ab3) x21 0x7888782a
core   0: 0x8000d6a4 (0x01a1d833) srl     a6, gp, s10
core   0: 3 0x8000d6a4 (0x01a1d833) x16 0x87778096
core   0: 0x8000d6a8 (0x0393c283) lbu     t0, 57(t2)
core   0: 3 0x8000d6a8 (0x0393c283) x 5 0x00000032 mem 0x80015d79
core   0: 0x8000d6ac (0x00010797) auipc   a5, 0x10
core   0: 3 0x8000d6ac (0x00010797) x15 0x8001d6ac
core   0: 0x8000d6b0 (0xc1478793) addi    a5, a5, -1004
core   0: 3 0x8000d6b0 (0xc1478793) x15 0x8001d2c0
core   0: 0x8000d6b4 (0x00008997) auipc   s3, 0x8
core   0: 3 0x8000d6b4 (0x00008997) x19 0x800156b4
core   0: 0x8000d6b8 (0x76498993) addi    s3, s3, 1892
core   0: 3 0x8000d6b8 (0x76498993) x19 0x80015e18
core   0: 0x8000d6bc (0x00f78a83) lb      s5, 15(a5)
core   0: 3 0x8000d6bc (0x00f78a83) x21 0xffffff84 mem 0x8001d2cf
core   0: 0x8000d6c0 (0xe47988a3) sb      t2, -431(s3)
core   0: 3 0x8000d6c0 (0xe47988a3) mem 0x80015c69 0x40
core   0: 0x8000d6c4 (0xff378003) lb      zero, -13(a5)
core   0: 3 0x8000d6c4 (0xff378003) mem 0x8001d2b3
core   0: 0x8000d6c8 (0x80c99723) sh      a2, -2034(s3)
core   0: 3 0x8000d6c8 (0x80c99723) mem 0x80015626 0xae04
core   0: 0x8000d6cc (0xba198aa3) sb      ra, -1099(s3)
core   0: 3 0x8000d6cc (0xba198aa3) mem 0x800159cd 0xf6
core   0: 0x8000d6d0 (0x011784a3) sb      a7, 9(a5)
core   0: 3 0x8000d6d0 (0x011784a3) mem 0x8001d2c9 0x23
core   0: 0x8000d6d4 (0xfe478ba3) sb      tp, -9(a5)
core   0: 3 0x8000d6d4 (0xfe478ba3) mem 0x8001d2b7 0x4
core   0: 0x8000d6d8 (0xdc098da3) sb      zero, -549(s3)
core   0: 3 0x8000d6d8 (0xdc098da3) mem 0x80015bf3 0x0
core   0: 0x8000d6dc (0xe8998a03) lb      s4, -375(s3)
core   0: 3 0x8000d6dc (0xe8998a03) x20 0x0000005a mem 0x80015ca1
core   0: 0x8000d6e0 (0x14f9c083) lbu     ra, 335(s3)
core   0: 3 0x8000d6e0 (0x14f9c083) x 1 0x000000a8 mem 0x80015f67
core   0: 0x8000d6e4 (0x02998ca3) sb      s1, 57(s3)
core   0: 3 0x8000d6e4 (0x02998ca3) mem 0x80015e51 0xec
core   0: 0x8000d6e8 (0x05f987a3) sb      t6, 79(s3)
core   0: 3 0x8000d6e8 (0x05f987a3) mem 0x80015e67 0x3d
core   0: 0x8000d6ec (0x00c7db03) lhu     s6, 12(a5)
core   0: 3 0x8000d6ec (0x00c7db03) x22 0x00008687 mem 0x8001d2cc
core   0: 0x8000d6f0 (0x05299903) lh      s2, 82(s3)
core   0: 3 0x8000d6f0 (0x05299903) x18 0x00002021 mem 0x80015e6a
core   0: 0x8000d6f4 (0x00c78723) sb      a2, 14(a5)
core   0: 3 0x8000d6f4 (0x00c78723) mem 0x8001d2ce 0x4
core   0: 0x8000d6f8 (0xf9798423) sb      s7, -120(s3)
core   0: 3 0x8000d6f8 (0xf9798423) mem 0x80015da0 0xe4
core   0: 0x8000d6fc (0x00016d97) auipc   s11, 0x16
core   0: 3 0x8000d6fc (0x00016d97) x27 0x800236fc
core   0: 0x8000d700 (0xcb3d8d93) addi    s11, s11, -845
core   0: 3 0x8000d700 (0xcb3d8d93) x27 0x800233af
core   0: 0x8000d704 (0x0000100f) fence.i
core   0: 3 0x8000d704 (0x0000100f)
core   0: 0x8000d708 (0x013df433) and     s0, s11, s3
core   0: 3 0x8000d708 (0x013df433) x 8 0x80001208
core   0: 0x8000d70c (0x8a5d8523) sb      t0, -1878(s11)
core   0: 3 0x8000d70c (0x8a5d8523) mem 0x80022c59 0x32
core   0: 0x8000d710 (0x8aad8c83) lb      s9, -1878(s11)
core   0: 3 0x8000d710 (0x8aad8c83) x25 0x00000032 mem 0x80022c59
core   0: 0x8000d714 (0x8aadcc83) lbu     s9, -1878(s11)
core   0: 3 0x8000d714 (0x8aadcc83) x25 0x00000032 mem 0x80022c59
core   0: 0x8000d718 (0x8a6d8523) sb      t1, -1878(s11)
core   0: 3 0x8000d718 (0x8a6d8523) mem 0x80022c59 0x23
core   0: 0x8000d71c (0x01165d13) srli    s10, a2, 17
core   0: 3 0x8000d71c (0x01165d13) x26 0x00004001
core   0: 0x8000d720 (0x8aad8a03) lb      s4, -1878(s11)
core   0: 3 0x8000d720 (0x8aad8a03) x20 0x00000023 mem 0x80022c59
core   0: 0x8000d724 (0x8aad8683) lb      a3, -1878(s11)
core   0: 3 0x8000d724 (0x8aad8683) x13 0x00000023 mem 0x80022c59
core   0: 0x8000d728 (0x8aad8703) lb      a4, -1878(s11)
core   0: 3 0x8000d728 (0x8aad8703) x14 0x00000023 mem 0x80022c59
core   0: 0x8000d72c (0x8aadc303) lbu     t1, -1878(s11)
core   0: 3 0x8000d72c (0x8aadc303) x 6 0x00000023 mem 0x80022c59
core   0: 0x8000d730 (0x8aadc483) lbu     s1, -1878(s11)
core   0: 3 0x8000d730 (0x8aadc483) x 9 0x00000023 mem 0x80022c59
core   0: 0x8000d734 (0x8b1d8523) sb      a7, -1878(s11)
core   0: 3 0x8000d734 (0x8b1d8523) mem 0x80022c59 0x23
core   0: 0x8000d738 (0x8aad8e03) lb      t3, -1878(s11)
core   0: 3 0x8000d738 (0x8aad8e03) x28 0x00000023 mem 0x80022c59
core   0: 0x8000d73c (0x8aad8703) lb      a4, -1878(s11)
core   0: 3 0x8000d73c (0x8aad8703) x14 0x00000023 mem 0x80022c59
core   0: 0x8000d740 (0x631d9ea3) sh      a7, 1597(s11)
core   0: 3 0x8000d740 (0x631d9ea3) mem 0x800239ec 0x2223
core   0: 0x8000d744 (0x00008217) auipc   tp, 0x8
core   0: 3 0x8000d744 (0x00008217) x 4 0x80015744
core   0: 0x8000d748 (0x98720213) addi    tp, tp, -1657
core   0: 3 0x8000d748 (0x98720213) x 4 0x800150cb
core   0: 0x8000d74c (0x011ae7b3) or      a5, s5, a7
core   0: 3 0x8000d74c (0x011ae7b3) x15 0xffffffa7
core   0: 0x8000d750 (0x6b124b83) lbu     s7, 1713(tp)
core   0: 3 0x8000d750 (0x6b124b83) x23 0x0000006d mem 0x8001577c
core   0: 0x8000d754 (0xcaf5e713) ori     a4, a1, -849
core   0: 3 0x8000d754 (0xcaf5e713) x14 0xfffffcaf
core   0: 0x8000d758 (0x6ba218a3) sh      s10, 1713(tp)
core   0: 3 0x8000d758 (0x6ba218a3) mem 0x8001577c 0x4001
core   0: 0x8000d75c (0x6a1208a3) sb      ra, 1713(tp)
core   0: 3 0x8000d75c (0x6a1208a3) mem 0x8001577c 0xa8
core   0: 0x8000d760 (0x6bc228a3) sw      t3, 1713(tp)
core   0: 3 0x8000d760 (0x6bc228a3) mem 0x8001577c 0x00000023
core   0: 0x8000d764 (0x66921283) lh      t0, 1641(tp)
core   0: 3 0x8000d764 (0x66921283) x 5 0xffffeeef mem 0x80015734
core   0: 0x8000d768 (0x66922003) lw      zero, 1641(tp)
core   0: 3 0x8000d768 (0x66922003) mem 0x80015734
core   0: 0x8000d76c (0x008098b3) sll     a7, ra, s0
core   0: 3 0x8000d76c (0x008098b3) x17 0x0000a800
core   0: 0x8000d770 (0x66320383) lb      t2, 1635(tp)
core   0: 3 0x8000d770 (0x66320383) x 7 0xffffffe5 mem 0x8001572e
core   0: 0x8000d774 (0x17824e03) lbu     t3, 376(tp)
core   0: 3 0x8000d774 (0x17824e03) x28 0x000000f9 mem 0x80015243
core   0: 0x8000d778 (0x17824083) lbu     ra, 376(tp)
core   0: 3 0x8000d778 (0x17824083) x 1 0x000000f9 mem 0x80015243
core   0: 0x8000d77c (0x01afc533) xor     a0, t6, s10
core   0: 3 0x8000d77c (0x01afc533) x10 0x8000403c
core   0: 0x8000d780 (0x17824303) lbu     t1, 376(tp)
core   0: 3 0x8000d780 (0x17824303) x 6 0x000000f9 mem 0x80015243
core   0: 0x8000d784 (0x83e23d93) sltiu   s11, tp, -1986
core   0: 3 0x8000d784 (0x83e23d93) x27 0x00000001
core   0: 0x8000d788 (0x407d5933) sra     s2, s10, t2
core   0: 3 0x8000d788 (0x407d5933) x18 0x00000200
core   0: 0x8000d78c (0x57122b83) lw      s7, 1393(tp)
core   0: 3 0x8000d78c (0x57122b83) x23 0x80f5f6f7 mem 0x8001563c
core   0: 0x8000d790 (0x1b4c7813) andi    a6, s8, 436
core   0: 3 0x8000d790 (0x1b4c7813) x16 0x00000010
core   0: 0x8000d794 (0x0ff20a83) lb      s5, 255(tp)
core   0: 3 0x8000d794 (0x0ff20a83) x21 0xffffff81 mem 0x800151ca
core   0: 0x8000d798 (0x0000e697) auipc   a3, 0xe
core   0: 3 0x8000d798 (0x0000e697) x13 0x8001b798
core   0: 0x8000d79c (0x12f68693) addi    a3, a3, 303
core   0: 3 0x8000d79c (0x12f68693) x13 0x8001b8c7
core   0: 0x8000d7a0 (0x002bdb93) srli    s7, s7, 2
core   0: 3 0x8000d7a0 (0x002bdb93) x23 0x203d7dbd
core   0: 0x8000d7a4 (0x00b2f9b3) and     s3, t0, a1
core   0: 3 0x8000d7a4 (0x00b2f9b3) x19 0x80000000
core   0: 0x8000d7a8 (0xfe668383) lb      t2, -26(a3)
core   0: 3 0x8000d7a8 (0xfe668383) x 7 0x00000066 mem 0x8001b8ad
core   0: 0x8000d7ac (0xf2f687a3) sb      a5, -209(a3)
core   0: 3 0x8000d7ac (0xf2f687a3) mem 0x8001b7f6 0xa7
core   0: 0x8000d7b0 (0x006d21b3) slt     gp, s10, t1
core   0: 3 0x8000d7b0 (0x006d21b3) x 3 0x00000000
core   0: 0x8000d7b4 (0x704eee93) ori     t4, t4, 1796
core   0: 3 0x8000d7b4 (0x704eee93) x29 0x0000efe4
core   0: 0x8000d7b8 (0x0004a733) slt     a4, s1, zero
core   0: 3 0x8000d7b8 (0x0004a733) x14 0x00000000
core   0: 0x8000d7bc (0x009ff1b3) and     gp, t6, s1
core   0: 3 0x8000d7bc (0x009ff1b3) x 3 0x00000021
core   0: 0x8000d7c0 (0xfae68483) lb      s1, -82(a3)
core   0: 3 0x8000d7c0 (0xfae68483) x 9 0x0000002e mem 0x8001b875
core   0: 0x8000d7c4 (0xb319cf13) xori    t5, s3, -1231
core   0: 3 0x8000d7c4 (0xb319cf13) x30 0x7ffffb31
core   0: 0x8000d7c8 (0xcf4f0093) addi    ra, t5, -780
core   0: 3 0x8000d7c8 (0xcf4f0093) x 1 0x7ffff825
core   0: 0x8000d7cc (0x616c7713) andi    a4, s8, 1558
core   0: 3 0x8000d7cc (0x616c7713) x14 0x00000012
core   0: 0x8000d7d0 (0xfeb6c503) lbu     a0, -21(a3)
core   0: 3 0x8000d7d0 (0xfeb6c503) x10 0x00000069 mem 0x8001b8b2
core   0: 0x8000d7d4 (0x0056d483) lhu     s1, 5(a3)
core   0: 3 0x8000d7d4 (0x0056d483) x 9 0x00008687 mem 0x8001b8cc
core   0: 0x8000d7d8 (0xf3c68503) lb      a0, -196(a3)
core   0: 3 0x8000d7d8 (0xf3c68503) x10 0xffffffb8 mem 0x8001b803
core   0: 0x8000d7dc (0x074acf93) xori    t6, s5, 116
core   0: 3 0x8000d7dc (0x074acf93) x31 0xfffffff5
core   0: 0x8000d7e0 (0x0456ae83) lw      t4, 69(a3)
core   0: 3 0x8000d7e0 (0x0456ae83) x29 0xc4c5c6c7 mem 0x8001b90c
core   0: 0x8000d7e4 (0xf8a68923) sb      a0, -110(a3)
core   0: 3 0x8000d7e4 (0xf8a68923) mem 0x8001b859 0xb8
core   0: 0x8000d7e8 (0xfec68003) lb      zero, -20(a3)
core   0: 3 0x8000d7e8 (0xfec68003) mem 0x8001b8b3
core   0: 0x8000d7ec (0xfd26c883) lbu     a7, -46(a3)
core   0: 3 0x8000d7ec (0xfd26c883) x17 0x00000052 mem 0x8001b899
core   0: 0x8000d7f0 (0x001483b3) add     t2, s1, ra
core   0: 3 0x8000d7f0 (0x001483b3) x 7 0x80007eac
core   0: 0x8000d7f4 (0x2fd58e13) addi    t3, a1, 765
core   0: 3 0x8000d7f4 (0x2fd58e13) x28 0x800002fd
core   0: 0x8000d7f8 (0x09c68003) lb      zero, 156(a3)
core   0: 3 0x8000d7f8 (0x09c68003) mem 0x8001b963
core   0: 0x8000d7fc (0x040689a3) sb      zero, 83(a3)
core   0: 3 0x8000d7fc (0x040689a3) mem 0x8001b91a 0x0
core   0: 0x8000d800 (0x41ce5733) sra     a4, t3, t3
core   0: 3 0x8000d800 (0x41ce5733) x14 0xfffffffc
core   0: 0x8000d804 (0x00e631b3) sltu    gp, a2, a4
core   0: 3 0x8000d804 (0x00e631b3) x 3 0x00000001
core   0: 0x8000d808 (0x00b8acb3) slt     s9, a7, a1
core   0: 3 0x8000d808 (0x00b8acb3) x25 0x00000000
core   0: 0x8000d80c (0xf1668e83) lb      t4, -234(a3)
core   0: 3 0x8000d80c (0xf1668e83) x29 0xffffff96 mem 0x8001b7dd
core   0: 0x8000d810 (0x01501913) slli    s2, zero, 21
core   0: 3 0x8000d810 (0x01501913) x18 0x00000000
core   0: 0x8000d814 (0xf1b68d03) lb      s10, -229(a3)
core   0: 3 0x8000d814 (0xf1b68d03) x26 0xffffff99 mem 0x8001b7e2
core   0: 0x8000d818 (0xffd6d003) lhu     zero, -3(a3)
core   0: 3 0x8000d818 (0xffd6d003) mem 0x8001b8c4
core   0: 0x8000d81c (0x00f6d883) lhu     a7, 15(a3)
core   0: 3 0x8000d81c (0x00f6d883) x17 0x00008c8d mem 0x8001b8d6
core   0: 0x8000d820 (0x228dee13) ori     t3, s11, 552
core   0: 3 0x8000d820 (0x228dee13) x28 0x00000229
core   0: 0x8000d824 (0xf7e68f03) lb      t5, -130(a3)
core   0: 3 0x8000d824 (0xf7e68f03) x30 0xfffffffe mem 0x8001b845
core   0: 0x8000d828 (0x0e868723) sb      s0, 238(a3)
core   0: 3 0x8000d828 (0x0e868723) mem 0x8001b9b5 0x8
core   0: 0x8000d82c (0x01e12033) slt     zero, sp, t5
core   0: 3 0x8000d82c (0x01e12033)
core   0: 0x8000d830 (0xfd96de83) lhu     t4, -39(a3)
core   0: 3 0x8000d830 (0xfd96de83) x29 0x00005a5b mem 0x8001b8a0
core   0: 0x8000d834 (0x017cc7b3) xor     a5, s9, s7
core   0: 3 0x8000d834 (0x017cc7b3) x15 0x203d7dbd
core   0: 0x8000d838 (0x0ff0000f) fence   iorw,iorw
core   0: 3 0x8000d838 (0x0ff0000f)
core   0: 0x8000d83c (0x00863f33) sltu    t5, a2, s0
core   0: 3 0x8000d83c (0x00863f33) x30 0x00000000
core   0: 0x8000d840 (0xfa06a8a3) sw      zero, -79(a3)
core   0: 3 0x8000d840 (0xfa06a8a3) mem 0x8001b878 0x00000000
core   0: 0x8000d844 (0x0086c703) lbu     a4, 8(a3)
core   0: 3 0x8000d844 (0x0086c703) x14 0x00000084 mem 0x8001b8cf
core   0: 0x8000d848 (0xfb36cd83) lbu     s11, -77(a3)
core   0: 3 0x8000d848 (0xfb36cd83) x27 0x00000000 mem 0x8001b87a
core   0: 0x8000d84c (0xf9b684a3) sb      s11, -119(a3)
core   0: 3 0x8000d84c (0xf9b684a3) mem 0x8001b850 0x0
core   0: 0x8000d850 (0x00cb0fb3) add     t6, s6, a2
core   0: 3 0x8000d850 (0x00cb0fb3) x31 0x8003348b
core   0: 0x8000d854 (0x0da68123) sb      s10, 194(a3)
core   0: 3 0x8000d854 (0x0da68123) mem 0x8001b989 0x99
core   0: 0x8000d858 (0xcedd8d93) addi    s11, s11, -787
core   0: 3 0x8000d858 (0xcedd8d93) x27 0xfffffced
core   0: 0x8000d85c (0xf03683a3) sb      gp, -249(a3)
core   0: 3 0x8000d85c (0xf03683a3) mem 0x8001b7ce 0x1
core   0: 0x8000d860 (0x00008e17) auipc   t3, 0x8
core   0: 3 0x8000d860 (0x00008e17) x28 0x80015860
core   0: 0x8000d864 (0x3ede0e13) addi    t3, t3, 1005
core   0: 3 0x8000d864 (0x3ede0e13) x28 0x80015c4d
core   0: 0x8000d868 (0x985e0c83) lb      s9, -1659(t3)
core   0: 3 0x8000d868 (0x985e0c83) x25 0xffffff89 mem 0x800155d2
core   0: 0x8000d86c (0xaf9e1383) lh      t2, -1287(t3)
core   0: 3 0x8000d86c (0xaf9e1383) x 7 0xfffffcfd mem 0x80015746
core   0: 0x8000d870 (0x31708b13) addi    s6, ra, 791
core   0: 3 0x8000d870 (0x31708b13) x22 0x7ffffb3c
core   0: 0x8000d874 (0x01a55d93) srli    s11, a0, 26
core   0: 3 0x8000d874 (0x01a55d93) x27 0x0000003f
core   0: 0x8000d878 (0x087e2483) lw      s1, 135(t3)
core   0: 3 0x8000d878 (0x087e2483) x 9 0x8c018e8f mem 0x80015cd4
core   0: 0x8000d87c (0x77b0e493) ori     s1, ra, 1915
core   0: 3 0x8000d87c (0x77b0e493) x 9 0x7fffff7f
core   0: 0x8000d880 (0xb9ae0303) lb      t1, -1126(t3)
core   0: 3 0x8000d880 (0xb9ae0303) x 6 0xffffffe1 mem 0x800157e7
core   0: 0x8000d884 (0xd75e0823) sb      s5, -656(t3)
core   0: 3 0x8000d884 (0xd75e0823) mem 0x800159bd 0x81
core   0: 0x8000d888 (0x06de0003) lb      zero, 109(t3)
core   0: 3 0x8000d888 (0x06de0003) mem 0x80015cba
core   0: 0x8000d88c (0x13fe0883) lb      a7, 319(t3)
core   0: 3 0x8000d88c (0x13fe0883) x17 0x00000001 mem 0x80015d8c
core   0: 0x8000d890 (0xaeae0683) lb      a3, -1302(t3)
core   0: 3 0x8000d890 (0xaeae0683) x13 0xffffffec mem 0x80015737
core   0: 0x8000d894 (0x33ee0703) lb      a4, 830(t3)
core   0: 3 0x8000d894 (0x33ee0703) x14 0xffffffe8 mem 0x80015f8b
core   0: 0x8000d898 (0xa9fe5683) lhu     a3, -1377(t3)
core   0: 3 0x8000d898 (0xa9fe5683) x13 0x0000a6a7 mem 0x800156ec
core   0: 0x8000d89c (0x3cce4c03) lbu     s8, 972(t3)
core   0: 3 0x8000d89c (0x3cce4c03) x24 0x000000d2 mem 0x80016019
core   0: 0x8000d8a0 (0x96acbc93) sltiu   s9, s9, -1686
core   0: 3 0x8000d8a0 (0x96acbc93) x25 0x00000000
core   0: 0x8000d8a4 (0x4185d2b3) sra     t0, a1, s8
core   0: 3 0x8000d8a4 (0x4185d2b3) x 5 0xffffe000
core   0: 0x8000d8a8 (0xd8ae4f03) lbu     t5, -630(t3)
core   0: 3 0x8000d8a8 (0xd8ae4f03) x30 0x0000008c mem 0x800159d7
core   0: 0x8000d8ac (0xef3e4303) lbu     t1, -269(t3)
core   0: 3 0x8000d8ac (0xef3e4303) x 6 0x000000fb mem 0x80015b40
core   0: 0x8000d8b0 (0x00a28b33) add     s6, t0, a0
core   0: 3 0x8000d8b0 (0x00a28b33) x22 0xffffdfb8
core   0: 0x8000d8b4 (0x00cdb533) sltu    a0, s11, a2
core   0: 3 0x8000d8b4 (0x00cdb533) x10 0x00000001
core   0: 0x8000d8b8 (0x01167033) and     zero, a2, a7
core   0: 3 0x8000d8b8 (0x01167033)
core   0: 0x8000d8bc (0xe02e27a3) sw      sp, -497(t3)
core   0: 3 0x8000d8bc (0xe02e27a3) mem 0x80015a5c 0x8002ece4
core   0: 0x8000d8c0 (0xcbee14a3) sh      t5, -855(t3)
core   0: 3 0x8000d8c0 (0xcbee14a3) mem 0x800158f6 0x008c
core   0: 0x8000d8c4 (0x41295313) srai    t1, s2, 18
core   0: 3 0x8000d8c4 (0x41295313) x 6 0x00000000
core   0: 0x8000d8c8 (0x00ee0a83) lb      s5, 14(t3)
core   0: 3 0x8000d8c8 (0x00ee0a83) x21 0x00000010 mem 0x80015c5b
core   0: 0x8000d8cc (0xcdee0a03) lb      s4, -802(t3)
core   0: 3 0x8000d8cc (0xcdee0a03) x20 0xffffffe0 mem 0x8001592b
core   0: 0x8000d8d0 (0x89176093) ori     ra, a4, -1903
core   0: 3 0x8000d8d0 (0x89176093) x 1 0xfffffff9
core   0: 0x8000d8d4 (0xb29e0c03) lb      s8, -1239(t3)
core   0: 3 0x8000d8d4 (0xb29e0c03) x24 0x0000002d mem 0x80015776
core   0: 0x8000d8d8 (0xe6be0a23) sb      a1, -396(t3)
core   0: 3 0x8000d8d8 (0xe6be0a23) mem 0x80015ac1 0x0
core   0: 0x8000d8dc (0x017e4683) lbu     a3, 23(t3)
core   0: 3 0x8000d8dc (0x017e4683) x13 0x0000001f mem 0x80015c64
core   0: 0x8000d8e0 (0xddee1da3) sh      t5, -549(t3)
core   0: 3 0x8000d8e0 (0xddee1da3) mem 0x80015a28 0x008c
core   0: 0x8000d8e4 (0x0012ceb3) xor     t4, t0, ra
core   0: 3 0x8000d8e4 (0x0012ceb3) x29 0x00001ff9
core   0: 0x8000d8e8 (0xa70e4703) lbu     a4, -1424(t3)
core   0: 3 0x8000d8e8 (0xa70e4703) x14 0x00000076 mem 0x800156bd
core   0: 0x8000d8ec (0x00008c97) auipc   s9, 0x8
core   0: 3 0x8000d8ec (0x00008c97) x25 0x800158ec
core   0: 0x8000d8f0 (0xb28c8c93) addi    s9, s9, -1240
core   0: 3 0x8000d8f0 (0xb28c8c93) x25 0x80015414
core   0: 0x8000d8f4 (0x003c86a3) sb      gp, 13(s9)
core   0: 3 0x8000d8f4 (0x003c86a3) mem 0x80015421 0x1
core   0: 0x8000d8f8 (0x00949b13) slli    s6, s1, 9
core   0: 3 0x8000d8f8 (0x00949b13) x22 0xfffefe00
core   0: 0x8000d8fc (0xff6c9883) lh      a7, -10(s9)
core   0: 3 0x8000d8fc (0xff6c9883) x17 0x00007677 mem 0x8001540a
core   0: 0x8000d900 (0x4b2d2b93) slti    s7, s10, 1202
core   0: 3 0x8000d900 (0x4b2d2b93) x23 0x00000001
core   0: 0x8000d904 (0x78f12793) slti    a5, sp, 1935
core   0: 3 0x8000d904 (0x78f12793) x15 0x00000001
core   0: 0x8000d908 (0xfe3c8fa3) sb      gp, -1(s9)
core   0: 3 0x8000d908 (0xfe3c8fa3) mem 0x80015413 0x1
core   0: 0x8000d90c (0xff0cc483) lbu     s1, -16(s9)
core   0: 3 0x8000d90c (0xff0cc483) x 9 0x000000bf mem 0x80015404
core   0: 0x8000d910 (0xff2c9a23) sh      s2, -12(s9)
core   0: 3 0x8000d910 (0xff2c9a23) mem 0x80015408 0x0000
core   0: 0x8000d914 (0xff1cc983) lbu     s3, -15(s9)
core   0: 3 0x8000d914 (0xff1cc983) x19 0x00000000 mem 0x80015405
core   0: 0x8000d918 (0x731bf813) andi    a6, s7, 1841
core   0: 3 0x8000d918 (0x731bf813) x16 0x00000001
core   0: 0x8000d91c (0x01fc82a3) sb      t6, 5(s9)
core   0: 3 0x8000d91c (0x01fc82a3) mem 0x80015419 0x8b
core   0: 0x8000d920 (0x011264b3) or      s1, tp, a7
core   0: 3 0x8000d920 (0x011264b3) x 9 0x800176ff
core   0: 0x8000d924 (0x7f67a493) slti    s1, a5, 2038
core   0: 3 0x8000d924 (0x7f67a493) x 9 0x00000001
core   0: 0x8000d928 (0x00a9a333) slt     t1, s3, a0
core   0: 3 0x8000d928 (0x00a9a333) x 6 0x00000001
core   0: 0x8000d92c (0x001ccf83) lbu     t6, 1(s9)
core   0: 3 0x8000d92c (0x001ccf83) x31 0x000000fb mem 0x80015415
core   0: 0x8000d930 (0x00a6ec33) or      s8, a3, a0
core   0: 3 0x8000d930 (0x00a6ec33) x24 0x0000001f
core   0: 0x8000d934 (0xffac8da3) sb      s10, -5(s9)
core   0: 3 0x8000d934 (0xffac8da3) mem 0x8001540f 0x99
core   0: 0x8000d938 (0xffdc8883) lb      a7, -3(s9)
core   0: 3 0x8000d938 (0xffdc8883) x17 0xffffffca mem 0x80015411
core   0: 0x8000d93c (0x40785233) sra     tp, a6, t2
core   0: 3 0x8000d93c (0x40785233) x 4 0x00000000
core   0: 0x8000d940 (0x467dae97) auipc   t4, 0x467da
core   0: 3 0x8000d940 (0x467dae97) x29 0xc67e7940
core   0: 0x8000d944 (0xff1c8483) lb      s1, -15(s9)
core   0: 3 0x8000d944 (0xff1c8483) x 9 0x00000000 mem 0x80015405
core   0: 0x8000d948 (0x00014717) auipc   a4, 0x14
core   0: 3 0x8000d948 (0x00014717) x14 0x80021948
core   0: 0x8000d94c (0xad670713) addi    a4, a4, -1322
core   0: 3 0x8000d94c (0xad670713) x14 0x8002141e
core   0: 0x8000d950 (0x01174683) lbu     a3, 17(a4)
core   0: 3 0x8000d950 (0x01174683) x13 0x000000e4 mem 0x8002142f
core   0: 0x8000d954 (0x01174483) lbu     s1, 17(a4)
core   0: 3 0x8000d954 (0x01174483) x 9 0x000000e4 mem 0x8002142f
core   0: 0x8000d958 (0x01174e83) lbu     t4, 17(a4)
core   0: 3 0x8000d958 (0x01174e83) x29 0x000000e4 mem 0x8002142f
core   0: 0x8000d95c (0x859581b7) lui     gp, 0x85958
core   0: 3 0x8000d95c (0x859581b7) x 3 0x85958000
core   0: 0x8000d960 (0xebeac213) xori    tp, s5, -322
core   0: 3 0x8000d960 (0xebeac213) x 4 0xfffffeae
core   0: 0x8000d964 (0x1334ad93) slti    s11, s1, 307
core   0: 3 0x8000d964 (0x1334ad93) x27 0x00000001
core   0: 0x8000d968 (0x21ea7493) andi    s1, s4, 542
core   0: 3 0x8000d968 (0x21ea7493) x 9 0x00000200
core   0: 0x8000d96c (0x01170383) lb      t2, 17(a4)
core   0: 3 0x8000d96c (0x01170383) x 7 0xffffffe4 mem 0x8002142f
core   0: 0x8000d970 (0x01170883) lb      a7, 17(a4)
core   0: 3 0x8000d970 (0x01170883) x17 0xffffffe4 mem 0x8002142f
core   0: 0x8000d974 (0x01174203) lbu     tp, 17(a4)
core   0: 3 0x8000d974 (0x01174203) x 4 0x000000e4 mem 0x8002142f
core   0: 0x8000d978 (0x01170283) lb      t0, 17(a4)
core   0: 3 0x8000d978 (0x01170283) x 5 0xffffffe4 mem 0x8002142f
core   0: 0x8000d97c (0x01170783) lb      a5, 17(a4)
core   0: 3 0x8000d97c (0x01170783) x15 0xffffffe4 mem 0x8002142f
core   0: 0x8000d980 (0x01170783) lb      a5, 17(a4)
core   0: 3 0x8000d980 (0x01170783) x15 0xffffffe4 mem 0x8002142f
core   0: 0x8000d984 (0x01170e03) lb      t3, 17(a4)
core   0: 3 0x8000d984 (0x01170e03) x28 0xffffffe4 mem 0x8002142f
core   0: 0x8000d988 (0x001708a3) sb      ra, 17(a4)
core   0: 3 0x8000d988 (0x001708a3) mem 0x8002142f 0xf9
core   0: 0x8000d98c (0x01170883) lb      a7, 17(a4)
core   0: 3 0x8000d98c (0x01170883) x17 0xfffffff9 mem 0x8002142f
core   0: 0x8000d990 (0x01174803) lbu     a6, 17(a4)
core   0: 3 0x8000d990 (0x01174803) x16 0x000000f9 mem 0x8002142f
core   0: 0x8000d994 (0x6721f793) andi    a5, gp, 1650
core   0: 3 0x8000d994 (0x6721f793) x15 0x00000000
core   0: 0x8000d998 (0x01170403) lb      s0, 17(a4)
core   0: 3 0x8000d998 (0x01170403) x 8 0xfffffff9 mem 0x8002142f
core   0: 0x8000d99c (0x01174383) lbu     t2, 17(a4)
core   0: 3 0x8000d99c (0x01174383) x 7 0x000000f9 mem 0x8002142f
core   0: 0x8000d9a0 (0x0000100f) fence.i
core   0: 3 0x8000d9a0 (0x0000100f)
core   0: 0x8000d9a4 (0x01174803) lbu     a6, 17(a4)
core   0: 3 0x8000d9a4 (0x01174803) x16 0x000000f9 mem 0x8002142f
core   0: 0x8000d9a8 (0x013708a3) sb      s3, 17(a4)
core   0: 3 0x8000d9a8 (0x013708a3) mem 0x8002142f 0x0
core   0: 0x8000d9ac (0x01c708a3) sb      t3, 17(a4)
core   0: 3 0x8000d9ac (0x01c708a3) mem 0x8002142f 0xe4
core   0: 0x8000d9b0 (0x01755913) srli    s2, a0, 23
core   0: 3 0x8000d9b0 (0x01755913) x18 0x00000000
core   0: 0x8000d9b4 (0x01174403) lbu     s0, 17(a4)
core   0: 3 0x8000d9b4 (0x01174403) x 8 0x000000e4 mem 0x8002142f
core   0: 0x8000d9b8 (0x01170183) lb      gp, 17(a4)
core   0: 3 0x8000d9b8 (0x01170183) x 3 0xffffffe4 mem 0x8002142f
core   0: 0x8000d9bc (0x00008517) auipc   a0, 0x8
core   0: 3 0x8000d9bc (0x00008517) x10 0x800159bc
core   0: 0x8000d9c0 (0x45850513) addi    a0, a0, 1112
core   0: 3 0x8000d9c0 (0x45850513) x10 0x80015e14
core   0: 0x8000d9c4 (0x12b50123) sb      a1, 290(a0)
core   0: 3 0x8000d9c4 (0x12b50123) mem 0x80015f36 0x0
core   0: 0x8000d9c8 (0x1c351f23) sh      gp, 478(a0)
core   0: 3 0x8000d9c8 (0x1c351f23) mem 0x80015ff2 0xffe4
core   0: 0x8000d9cc (0x21650ba3) sb      s6, 535(a0)
core   0: 3 0x8000d9cc (0x21650ba3) mem 0x8001602b 0x0
core   0: 0x8000d9d0 (0x21550ba3) sb      s5, 535(a0)
core   0: 3 0x8000d9d0 (0x21550ba3) mem 0x8001602b 0x10
core   0: 0x8000d9d4 (0x4110da33) sra     s4, ra, a7
core   0: 3 0x8000d9d4 (0x4110da33) x20 0xffffffff
core   0: 0x8000d9d8 (0x21754c03) lbu     s8, 535(a0)
core   0: 3 0x8000d9d8 (0x21754c03) x24 0x00000010 mem 0x8001602b
core   0: 0x8000d9dc (0x21b50ba3) sb      s11, 535(a0)
core   0: 3 0x8000d9dc (0x21b50ba3) mem 0x8001602b 0x1
core   0: 0x8000d9e0 (0xf1852003) lw      zero, -232(a0)
core   0: 3 0x8000d9e0 (0xf1852003) mem 0x80015d2c
core   0: 0x8000d9e4 (0xf0b52c23) sw      a1, -232(a0)
core   0: 3 0x8000d9e4 (0xf0b52c23) mem 0x80015d2c 0x80000000
core   0: 0x8000d9e8 (0xf1851f03) lh      t5, -232(a0)
core   0: 3 0x8000d9e8 (0xf1851f03) x30 0x00000000 mem 0x80015d2c
core   0: 0x8000d9ec (0x92d50823) sb      a3, -1744(a0)
core   0: 3 0x8000d9ec (0x92d50823) mem 0x80015744 0xe4
core   0: 0x8000d9f0 (0x92952823) sw      s1, -1744(a0)
core   0: 3 0x8000d9f0 (0x92952823) mem 0x80015744 0x00000200
core   0: 0x8000d9f4 (0x93052903) lw      s2, -1744(a0)
core   0: 3 0x8000d9f4 (0x93052903) x18 0x00000200 mem 0x80015744
core   0: 0x8000d9f8 (0xac850e03) lb      t3, -1336(a0)
core   0: 3 0x8000d9f8 (0xac850e03) x28 0xffffff97 mem 0x800158dc
core   0: 0x8000d9fc (0xb8954f83) lbu     t6, -1143(a0)
core   0: 3 0x8000d9fc (0xb8954f83) x31 0x00000000 mem 0x8001599d
core   0: 0x8000da00 (0x86c50c03) lb      s8, -1940(a0)
core   0: 3 0x8000da00 (0x86c50c03) x24 0x00000013 mem 0x80015680
core   0: 0x8000da04 (0x0156e1b3) or      gp, a3, s5
core   0: 3 0x8000da04 (0x0156e1b3) x 3 0x000000f4
core   0: 0x8000da08 (0xd28784b7) lui     s1, 0xd2878
core   0: 3 0x8000da08 (0xd28784b7) x 9 0xd2878000
core   0: 0x8000da0c (0x413b5233) sra     tp, s6, s3
core   0: 3 0x8000da0c (0x413b5233) x 4 0xfffefe00
core   0: 0x8000da10 (0x0ff0000f) fence   iorw,iorw
core   0: 3 0x8000da10 (0x0ff0000f)
core   0: 0x8000da14 (0x007c6333) or      t1, s8, t2
core   0: 3 0x8000da14 (0x007c6333) x 6 0x000000fb
core   0: 0x8000da18 (0x0ff0000f) fence   iorw,iorw
core   0: 3 0x8000da18 (0x0ff0000f)
core   0: 0x8000da1c (0x0ff0000f) fence   iorw,iorw
core   0: 3 0x8000da1c (0x0ff0000f)
core   0: 0x8000da20 (0x01baf0b3) and     ra, s5, s11
core   0: 3 0x8000da20 (0x01baf0b3) x 1 0x00000000
core   0: 0x8000da24 (0x04e76863) bltu    a4, a4, pc + 80
core   0: 3 0x8000da24 (0x04e76863)
core   0: 0x8000da28 (0xa436ec13) ori     s8, a3, -1469
core   0: 3 0x8000da28 (0xa436ec13) x24 0xfffffae7
core   0: 0x8000da2c (0x001884b3) add     s1, a7, ra
core   0: 3 0x8000da2c (0x001884b3) x 9 0xfffffff9
core   0: 0x8000da30 (0x012ca3b3) slt     t2, s9, s2
core   0: 3 0x8000da30 (0x012ca3b3) x 7 0x00000001
core   0: 0x8000da34 (0x40ef59b3) sra     s3, t5, a4
core   0: 3 0x8000da34 (0x40ef59b3) x19 0x00000000
core   0: 0x8000da38 (0xe726d997) auipc   s3, 0xe726d
core   0: 3 0x8000da38 (0xe726d997) x19 0x6727aa38
core   0: 0x8000da3c (0x0123c2b3) xor     t0, t2, s2
core   0: 3 0x8000da3c (0x0123c2b3) x 5 0x00000201
core   0: 0x8000da40 (0x41d85213) srai    tp, a6, 29
core   0: 3 0x8000da40 (0x41d85213) x 4 0x00000000
core   0: 0x8000da44 (0x00b09bb3) sll     s7, ra, a1
core   0: 3 0x8000da44 (0x00b09bb3) x23 0x00000000
core   0: 0x8000da48 (0xd5572017) auipc   zero, 0xd5572
core   0: 3 0x8000da48 (0xd5572017)
core   0: 0x8000da4c (0x003f2533) slt     a0, t5, gp
core   0: 3 0x8000da4c (0x003f2533) x10 0x00000001
core   0: 0x8000da50 (0x4b2c0cb7) lui     s9, 0x4b2c0
core   0: 3 0x8000da50 (0x4b2c0cb7) x25 0x4b2c0000
core   0: 0x8000da54 (0x059f4663) blt     t5, s9, pc + 76
core   0: 3 0x8000da54 (0x059f4663)
core   0: 0x8000daa0 (0x006b72b3) and     t0, s6, t1
core   0: 3 0x8000daa0 (0x006b72b3) x 5 0x00000000
core   0: 0x8000daa4 (0x6f98f913) andi    s2, a7, 1785
core   0: 3 0x8000daa4 (0x6f98f913) x18 0x000006f9
core   0: 0x8000daa8 (0x013d9cb3) sll     s9, s11, s3
core   0: 3 0x8000daa8 (0x013d9cb3) x25 0x01000000
core   0: 0x8000daac (0x005b7ab3) and     s5, s6, t0
core   0: 3 0x8000daac (0x005b7ab3) x21 0x00000000
core   0: 0x8000dab0 (0x03796863) bltu    s2, s7, pc + 48
core   0: 3 0x8000dab0 (0x03796863)
core   0: 0x8000dab4 (0x419ad933) sra     s2, s5, s9
core   0: 3 0x8000dab4 (0x419ad933) x18 0x00000000
core   0: 0x8000dab8 (0x001b5c63) bge     s6, ra, pc + 24
core   0: 3 0x8000dab8 (0x001b5c63)
core   0: 0x8000dabc (0xfbd4f437) lui     s0, 0xfbd4f
core   0: 3 0x8000dabc (0xfbd4f437) x 8 0xfbd4f000
core   0: 0x8000dac0 (0x00000013) nop
core   0: 3 0x8000dac0 (0x00000013)
core   0: 0x8000dac4 (0xf67ebd13) sltiu   s10, t4, -153
core   0: 3 0x8000dac4 (0xf67ebd13) x26 0x00000001
core   0: 0x8000dac8 (0x02d1d663) bge     gp, a3, pc + 44
core   0: 3 0x8000dac8 (0x02d1d663)
core   0: 0x8000daf4 (0xcb911937) lui     s2, 0xcb911
core   0: 3 0x8000daf4 (0xcb911937) x18 0xcb911000
core   0: 0x8000daf8 (0x0000100f) fence.i
core   0: 3 0x8000daf8 (0x0000100f)
core   0: 0x8000dafc (0x005b50b3) srl     ra, s6, t0
core   0: 3 0x8000dafc (0x005b50b3) x 1 0xfffefe00
core   0: 0x8000db00 (0x01bdb0b3) sltu    ra, s11, s11
core   0: 3 0x8000db00 (0x01bdb0b3) x 1 0x00000000
core   0: 0x8000db04 (0x6047c693) xori    a3, a5, 1540
core   0: 3 0x8000db04 (0x6047c693) x13 0x00000604
core   0: 0x8000db08 (0x01f61293) slli    t0, a2, 31
core   0: 3 0x8000db08 (0x01f61293) x 5 0x00000000
core   0: 0x8000db0c (0x014c98b3) sll     a7, s9, s4
core   0: 3 0x8000db0c (0x014c98b3) x17 0x00000000
core   0: 0x8000db10 (0xd1c54413) xori    s0, a0, -740
core   0: 3 0x8000db10 (0xd1c54413) x 8 0xfffffd1d
core   0: 0x8000db14 (0x01a77d33) and     s10, a4, s10
core   0: 3 0x8000db14 (0x01a77d33) x26 0x00000000
core   0: 0x8000db18 (0x01f5f233) and     tp, a1, t6
core   0: 3 0x8000db18 (0x01f5f233) x 4 0x00000000
core   0: 0x8000db1c (0x0000100f) fence.i
core   0: 3 0x8000db1c (0x0000100f)
core   0: 0x8000db20 (0x016a1513) slli    a0, s4, 22
core   0: 3 0x8000db20 (0x016a1513) x10 0xffc00000
core   0: 0x8000db24 (0x0ff0000f) fence   iorw,iorw
core   0: 3 0x8000db24 (0x0ff0000f)
core   0: 0x8000db28 (0x019bc3b3) xor     t2, s7, s9
core   0: 3 0x8000db28 (0x019bc3b3) x 7 0x01000000
core   0: 0x8000db2c (0x0ff0000f) fence   iorw,iorw
core   0: 3 0x8000db2c (0x0ff0000f)
core   0: 0x8000db30 (0x05238893) addi    a7, t2, 82
core   0: 3 0x8000db30 (0x05238893) x17 0x01000052
core   0: 0x8000db34 (0x01859413) slli    s0, a1, 24
core   0: 3 0x8000db34 (0x01859413) x 8 0x00000000
core   0: 0x8000db38 (0x419c57b3) sra     a5, s8, s9
core   0: 3 0x8000db38 (0x419c57b3) x15 0xfffffae7
core   0: 0x8000db3c (0x02704863) blt     zero, t2, pc + 48
core   0: 3 0x8000db3c (0x02704863)
core   0: 0x8000db6c (0x03118463) beq     gp, a7, pc + 40
core   0: 3 0x8000db6c (0x03118463)
core   0: 0x8000db70 (0x0ff0000f) fence   iorw,iorw
core   0: 3 0x8000db70 (0x0ff0000f)
core   0: 0x8000db74 (0x0000100f) fence.i
core   0: 3 0x8000db74 (0x0000100f)
core   0: 0x8000db78 (0x006ff433) and     s0, t6, t1
core   0: 3 0x8000db78 (0x006ff433) x 8 0x00000000
core   0: 0x8000db7c (0x017d9c13) slli    s8, s11, 23
core   0: 3 0x8000db7c (0x017d9c13) x24 0x00800000
core   0: 0x8000db80 (0x0000ca33) xor     s4, ra, zero
core   0: 3 0x8000db80 (0x0000ca33) x20 0x00000000
core   0: 0x8000db84 (0x015203b3) add     t2, tp, s5
core   0: 3 0x8000db84 (0x015203b3) x 7 0x00000000
core   0: 0x8000db88 (0x41435e13) srai    t3, t1, 20
core   0: 3 0x8000db88 (0x41435e13) x28 0x00000000
core   0: 0x8000db8c (0x01db9193) slli    gp, s7, 29
core   0: 3 0x8000db8c (0x01db9193) x 3 0x00000000
core   0: 0x8000db90 (0x0263e263) bltu    t2, t1, pc + 36
core   0: 3 0x8000db90 (0x0263e263)
core   0: 0x8000dbb4 (0x02561a63) bne     a2, t0, pc + 52
core   0: 3 0x8000dbb4 (0x02561a63)
core   0: 0x8000dbe8 (0x419382b3) sub     t0, t2, s9
core   0: 3 0x8000dbe8 (0x419382b3) x 5 0xff000000
core   0: 0x8000dbec (0x8d574313) xori    t1, a4, -1835
core   0: 3 0x8000dbec (0x8d574313) x 6 0x7ffdeccb
core   0: 0x8000dbf0 (0x0597c463) blt     a5, s9, pc + 72
core   0: 3 0x8000dbf0 (0x0597c463)
core   0: 0x8000dc38 (0x013754b3) srl     s1, a4, s3
core   0: 3 0x8000dc38 (0x013754b3) x 9 0x00000080
core   0: 0x8000dc3c (0x00116d33) or      s10, sp, ra
core   0: 3 0x8000dc3c (0x00116d33) x26 0x8002ece4
core   0: 0x8000dc40 (0x01345933) srl     s2, s0, s3
core   0: 3 0x8000dc40 (0x01345933) x18 0x00000000
core   0: 0x8000dc44 (0x00319333) sll     t1, gp, gp
core   0: 3 0x8000dc44 (0x00319333) x 6 0x00000000
core   0: 0x8000dc48 (0x0302c263) blt     t0, a6, pc + 36
core   0: 3 0x8000dc48 (0x0302c263)
core   0: 0x8000dc6c (0x0074bdb3) sltu    s11, s1, t2
core   0: 3 0x8000dc6c (0x0074bdb3) x27 0x00000000
core   0: 0x8000dc70 (0xa192cb93) xori    s7, t0, -1511
core   0: 3 0x8000dc70 (0xa192cb93) x23 0x00fffa19
core   0: 0x8000dc74 (0x1f546e93) ori     t4, s0, 501
core   0: 3 0x8000dc74 (0x1f546e93) x29 0x000001f5
core   0: 0x8000dc78 (0x2915ff37) lui     t5, 0x2915f
core   0: 3 0x8000dc78 (0x2915ff37) x30 0x2915f000
core   0: 0x8000dc7c (0x02729e63) bne     t0, t2, pc + 60
core   0: 3 0x8000dc7c (0x02729e63)
core   0: 0x8000dcb8 (0x413e0433) sub     s0, t3, s3
core   0: 3 0x8000dcb8 (0x413e0433) x 8 0x98d855c8
core   0: 0x8000dcbc (0x0146cdb3) xor     s11, a3, s4
core   0: 3 0x8000dcbc (0x0146cdb3) x27 0x00000604
core   0: 0x8000dcc0 (0x00000013) nop
core   0: 3 0x8000dcc0 (0x00000013)
core   0: 0x8000dcc4 (0x04e6d463) bge     a3, a4, pc + 72
core   0: 3 0x8000dcc4 (0x04e6d463)
core   0: 0x8000dd0c (0x006b2eb3) slt     t4, s6, t1
core   0: 3 0x8000dd0c (0x006b2eb3) x29 0x00000001
core   0: 0x8000dd10 (0x41dfd793) srai    a5, t6, 29
core   0: 3 0x8000dd10 (0x41dfd793) x15 0x00000000
core   0: 0x8000dd14 (0x4771d9b7) lui     s3, 0x4771d
core   0: 3 0x8000dd14 (0x4771d9b7) x19 0x4771d000
core   0: 0x8000dd18 (0x001c8a33) add     s4, s9, ra
core   0: 3 0x8000dd18 (0x001c8a33) x20 0x01000000
core   0: 0x8000dd1c (0x039c6263) bltu    s8, s9, pc + 36
core   0: 3 0x8000dd1c (0x039c6263)
core   0: 0x8000dd40 (0x014c12b3) sll     t0, s8, s4
core   0: 3 0x8000dd40 (0x014c12b3) x 5 0x00800000
core   0: 0x8000dd44 (0x0182d513) srli    a0, t0, 24
core   0: 3 0x8000dd44 (0x0182d513) x10 0x00000000
core   0: 0x8000dd48 (0x58722c93) slti    s9, tp, 1415
core   0: 3 0x8000dd48 (0x58722c93) x25 0x00000001
core   0: 0x8000dd4c (0x0130a2b3) slt     t0, ra, s3
core   0: 3 0x8000dd4c (0x0130a2b3) x 5 0x00000001
core   0: 0x8000dd50 (0x03548463) beq     s1, s5, pc + 40
core   0: 3 0x8000dd50 (0x03548463)
core   0: 0x8000dd54 (0xe586ca93) xori    s5, a3, -424
core   0: 3 0x8000dd54 (0xe586ca93) x21 0xfffff85c
core   0: 0x8000dd58 (0x002ce6b3) or      a3, s9, sp
core   0: 3 0x8000dd58 (0x002ce6b3) x13 0x8002ece5
core   0: 0x8000dd5c (0x03986463) bltu    a6, s9, pc + 40
core   0: 3 0x8000dd5c (0x03986463)
core   0: 0x8000dd60 (0x7c0cf313) andi    t1, s9, 1984
core   0: 3 0x8000dd60 (0x7c0cf313) x 6 0x00000000
core   0: 0x8000dd64 (0xf113b197) auipc   gp, 0xf113b
core   0: 3 0x8000dd64 (0xf113b197) x 3 0x71148d64
core   0: 0x8000dd68 (0x01035263) bge     t1, a6, pc + 4
core   0: 3 0x8000dd68 (0x01035263)
core   0: 0x8000dd6c (0x40c05993) srai    s3, zero, 12
core   0: 3 0x8000dd6c (0x40c05993) x19 0x00000000
core   0: 0x8000dd70 (0x401c8ab3) sub     s5, s9, ra
core   0: 3 0x8000dd70 (0x401c8ab3) x21 0x00000001
core   0: 0x8000dd74 (0x01127933) and     s2, tp, a7
core   0: 3 0x8000dd74 (0x01127933) x18 0x00000000
core   0: 0x8000dd78 (0x000f5793) srli    a5, t5, 0
core   0: 3 0x8000dd78 (0x000f5793) x15 0x2915f000
core   0: 0x8000dd7c (0x406c0bb3) sub     s7, s8, t1
core   0: 3 0x8000dd7c (0x406c0bb3) x23 0x00800000
core   0: 0x8000dd80 (0x00e119b3) sll     s3, sp, a4
core   0: 3 0x8000dd80 (0x00e119b3) x19 0x00000000
core   0: 0x8000dd84 (0x08d38f13) addi    t5, t2, 141
core   0: 3 0x8000dd84 (0x08d38f13) x30 0x0000008d
core   0: 0x8000dd88 (0xbeff8693) addi    a3, t6, -1041
core   0: 3 0x8000dd88 (0xbeff8693) x13 0xfffffbef
core   0: 0x8000dd8c (0x05af8063) beq     t6, s10, pc + 64
core   0: 3 0x8000dd8c (0x05af8063)
core   0: 0x8000dd90 (0x004843b3) xor     t2, a6, tp
core   0: 3 0x8000dd90 (0x004843b3) x 7 0x000000f9
core   0: 0x8000dd94 (0x0284d863) bge     s1, s0, pc + 48
core   0: 3 0x8000dd94 (0x0284d863)
core   0: 0x8000ddc4 (0x00ef1333) sll     t1, t5, a4
core   0: 3 0x8000ddc4 (0x00ef1333) x 6 0x40000000
core   0: 0x8000ddc8 (0xc79dfa13) andi    s4, s11, -903
core   0: 3 0x8000ddc8 (0xc79dfa13) x20 0x00000400
core   0: 0x8000ddcc (0x00e9a533) slt     a0, s3, a4
core   0: 3 0x8000ddcc (0x00e9a533) x10 0x00000000
core   0: 0x8000ddd0 (0x004c6c33) or      s8, s8, tp
core   0: 3 0x8000ddd0 (0x004c6c33) x24 0x00800000
core   0: 0x8000ddd4 (0x0198fa63) bgeu    a7, s9, pc + 20
core   0: 3 0x8000ddd4 (0x0198fa63)
core   0: 0x8000dde8 (0x4ef0f213) andi    tp, ra, 1263
core   0: 3 0x8000dde8 (0x4ef0f213) x 4 0x00000000
core   0: 0x8000ddec (0x010571b3) and     gp, a0, a6
core   0: 3 0x8000ddec (0x010571b3) x 3 0x00000000
core   0: 0x8000ddf0 (0x00aa4a63) blt     s4, a0, pc + 20
core   0: 3 0x8000ddf0 (0x00aa4a63)
core   0: 0x8000ddf4 (0x5f7031b7) lui     gp, 0x5f703
core   0: 3 0x8000ddf4 (0x5f7031b7) x 3 0x5f703000
core   0: 0x8000ddf8 (0xd2e84a37) lui     s4, 0xd2e84
core   0: 3 0x8000ddf8 (0xd2e84a37) x20 0xd2e84000
core   0: 0x8000ddfc (0x0ff0000f) fence   iorw,iorw
core   0: 3 0x8000ddfc (0x0ff0000f)
core   0: 0x8000de00 (0x188b1517) auipc   a0, 0x188b1
core   0: 3 0x8000de00 (0x188b1517) x10 0x988bee00
core   0: 0x8000de04 (0x11ace263) bltu    s9, s10, pc + 260
core   0: 3 0x8000de04 (0x11ace263)
core   0: 0x8000df08 (0x00adea33) or      s4, s11, a0
core   0: 3 0x8000df08 (0x00adea33) x20 0x988bee04
core   0: 0x8000df0c (0x401fd013) srai    zero, t6, 1
core   0: 3 0x8000df0c (0x401fd013)
core   0: 0x8000df10 (0x00b39413) slli    s0, t2, 11
core   0: 3 0x8000df10 (0x00b39413) x 8 0x0007c800
core   0: 0x8000df14 (0x0416c863) blt     a3, ra, pc + 80
core   0: 3 0x8000df14 (0x0416c863)
core   0: 0x8000df64 (0x00a1b6b3) sltu    a3, gp, a0
core   0: 3 0x8000df64 (0x00a1b6b3) x13 0x00000001
core   0: 0x8000df68 (0x41dcd333) sra     t1, s9, t4
core   0: 3 0x8000df68 (0x41dcd333) x 6 0x00000000
core   0: 0x8000df6c (0x015eab33) slt     s6, t4, s5
core   0: 3 0x8000df6c (0x015eab33) x22 0x00000000
core   0: 0x8000df70 (0x00a926b3) slt     a3, s2, a0
core   0: 3 0x8000df70 (0x00a926b3) x13 0x00000000
core   0: 0x8000df74 (0x014440b3) xor     ra, s0, s4
core   0: 3 0x8000df74 (0x014440b3) x 1 0x988c2604
core   0: 0x8000df78 (0x0ff0000f) fence   iorw,iorw
core   0: 3 0x8000df78 (0x0ff0000f)
core   0: 0x8000df7c (0x780e6d13) ori     s10, t3, 1920
core   0: 3 0x8000df7c (0x780e6d13) x26 0x00000780
core   0: 0x8000df80 (0x42836a93) ori     s5, t1, 1064
core   0: 3 0x8000df80 (0x42836a93) x21 0x00000428
core   0: 0x8000df84 (0x00d26c33) or      s8, tp, a3
core   0: 3 0x8000df84 (0x00d26c33) x24 0x00000000
core   0: 0x8000df88 (0x005fb333) sltu    t1, t6, t0
core   0: 3 0x8000df88 (0x005fb333) x 6 0x00000001
core   0: 0x8000df8c (0x01d01a63) bne     zero, t4, pc + 20
core   0: 3 0x8000df8c (0x01d01a63)
core   0: 0x8000dfa0 (0x01458c63) beq     a1, s4, pc + 24
core   0: 3 0x8000dfa0 (0x01458c63)
core   0: 0x8000dfa4 (0xf7b1b813) sltiu   a6, gp, -133
core   0: 3 0x8000dfa4 (0xf7b1b813) x16 0x00000001
core   0: 0x8000dfa8 (0x01806b33) or      s6, zero, s8
core   0: 3 0x8000dfa8 (0x01806b33) x22 0x00000000
core   0: 0x8000dfac (0x3a24ec97) auipc   s9, 0x3a24e
core   0: 3 0x8000dfac (0x3a24ec97) x25 0xba25bfac
core   0: 0x8000dfb0 (0x01c726b3) slt     a3, a4, t3
core   0: 3 0x8000dfb0 (0x01c726b3) x13 0x00000001
core   0: 0x8000dfb4 (0x0ff0000f) fence   iorw,iorw
core   0: 3 0x8000dfb4 (0x0ff0000f)
core   0: 0x8000dfb8 (0x01398bb3) add     s7, s3, s3
core   0: 3 0x8000dfb8 (0x01398bb3) x23 0x00000000
core   0: 0x8000dfbc (0x09dfce63) blt     t6, t4, pc + 156
core   0: 3 0x8000dfbc (0x09dfce63)
core   0: 0x8000e058 (0x7fade893) ori     a7, s11, 2042
core   0: 3 0x8000e058 (0x7fade893) x17 0x000007fe
core   0: 0x8000e05c (0x04b70063) beq     a4, a1, pc + 64
core   0: 3 0x8000e05c (0x04b70063)
core   0: 0x8000e060 (0x7525f413) andi    s0, a1, 1874
core   0: 3 0x8000e060 (0x7525f413) x 8 0x00000000
core   0: 0x8000e064 (0x5ea0ba93) sltiu   s5, ra, 1514
core   0: 3 0x8000e064 (0x5ea0ba93) x21 0x00000000
core   0: 0x8000e068 (0x018d4cb3) xor     s9, s10, s8
core   0: 3 0x8000e068 (0x018d4cb3) x25 0x00000780
core   0: 0x8000e06c (0x4049d093) srai    ra, s3, 4
core   0: 3 0x8000e06c (0x4049d093) x 1 0x00000000
core   0: 0x8000e070 (0x02597663) bgeu    s2, t0, pc + 44
core   0: 3 0x8000e070 (0x02597663)
core   0: 0x8000e074 (0x4d797013) andi    zero, s2, 1239
core   0: 3 0x8000e074 (0x4d797013)
core   0: 0x8000e078 (0x3cc23093) sltiu   ra, tp, 972
core   0: 3 0x8000e078 (0x3cc23093) x 1 0x00000001
core   0: 0x8000e07c (0x6afaa293) slti    t0, s5, 1711
core   0: 3 0x8000e07c (0x6afaa293) x 5 0x00000001
core   0: 0x8000e080 (0x01ee3ab3) sltu    s5, t3, t5
core   0: 3 0x8000e080 (0x01ee3ab3) x21 0x00000001
core   0: 0x8000e084 (0x0a577c93) andi    s9, a4, 165
core   0: 3 0x8000e084 (0x0a577c93) x25 0x00000004
core   0: 0x8000e088 (0x1b79b793) sltiu   a5, s3, 439
core   0: 3 0x8000e088 (0x1b79b793) x15 0x00000001
core   0: 0x8000e08c (0x03a09c63) bne     ra, s10, pc + 56
core   0: 3 0x8000e08c (0x03a09c63)
core   0: 0x8000e0c4 (0x00b30cb3) add     s9, t1, a1
core   0: 3 0x8000e0c4 (0x00b30cb3) x25 0x80000001
core   0: 0x8000e0c8 (0x000f0db3) add     s11, t5, zero
core   0: 3 0x8000e0c8 (0x000f0db3) x27 0x0000008d
core   0: 0x8000e0cc (0x31ee3937) lui     s2, 0x31ee3
core   0: 3 0x8000e0cc (0x31ee3937) x18 0x31ee3000
core   0: 0x8000e0d0 (0x41ea5e33) sra     t3, s4, t5
core   0: 3 0x8000e0d0 (0x41ea5e33) x28 0xfffcc45f
core   0: 0x8000e0d4 (0x520b8793) addi    a5, s7, 1312
core   0: 3 0x8000e0d4 (0x520b8793) x15 0x00000520
core   0: 0x8000e0d8 (0x01ce0533) add     a0, t3, t3
core   0: 3 0x8000e0d8 (0x01ce0533) x10 0xfff988be
core   0: 0x8000e0dc (0x05de8463) beq     t4, t4, pc + 72
core   0: 3 0x8000e0dc (0x05de8463)
core   0: 0x8000e124 (0x00ac13b3) sll     t2, s8, a0
core   0: 3 0x8000e124 (0x00ac13b3) x 7 0x00000000
core   0: 0x8000e128 (0x0094db33) srl     s6, s1, s1
core   0: 3 0x8000e128 (0x0094db33) x22 0x00000080
core   0: 0x8000e12c (0x624c4193) xori    gp, s8, 1572
core   0: 3 0x8000e12c (0x624c4193) x 3 0x00000624
core   0: 0x8000e130 (0xe18d0693) addi    a3, s10, -488
core   0: 3 0x8000e130 (0xe18d0693) x13 0x00000598
core   0: 0x8000e134 (0x03407263) bgeu    zero, s4, pc + 36
core   0: 3 0x8000e134 (0x03407263)
core   0: 0x8000e138 (0x030bf063) bgeu    s7, a6, pc + 32
core   0: 3 0x8000e138 (0x030bf063)
core   0: 0x8000e13c (0x0000100f) fence.i
core   0: 3 0x8000e13c (0x0000100f)
core   0: 0x8000e140 (0x00b3ee33) or      t3, t2, a1
core   0: 3 0x8000e140 (0x00b3ee33) x28 0x80000000
core   0: 0x8000e144 (0x403953b3) sra     t2, s2, gp
core   0: 3 0x8000e144 (0x403953b3) x 7 0x031ee300
core   0: 0x8000e148 (0x01e08463) beq     ra, t5, pc + 8
core   0: 3 0x8000e148 (0x01e08463)
core   0: 0x8000e14c (0x9a703c13) sltiu   s8, zero, -1625
core   0: 3 0x8000e14c (0x9a703c13) x24 0x00000001
core   0: 0x8000e150 (0x015a9493) slli    s1, s5, 21
core   0: 3 0x8000e150 (0x015a9493) x 9 0x00200000
core   0: 0x8000e154 (0x04e29663) bne     t0, a4, pc + 76
core   0: 3 0x8000e154 (0x04e29663)
core   0: 0x8000e1a0 (0x004ae933) or      s2, s5, tp
core   0: 3 0x8000e1a0 (0x004ae933) x18 0x00000001
core   0: 0x8000e1a4 (0x40560533) sub     a0, a2, t0
core   0: 3 0x8000e1a4 (0x40560533) x10 0x8002ae03
core   0: 0x8000e1a8 (0x09a09863) bne     ra, s10, pc + 144
core   0: 3 0x8000e1a8 (0x09a09863)
core   0: 0x8000e238 (0x0000100f) fence.i
core   0: 3 0x8000e238 (0x0000100f)
core   0: 0x8000e23c (0x0028a333) slt     t1, a7, sp
core   0: 3 0x8000e23c (0x0028a333) x 6 0x00000000
core   0: 0x8000e240 (0x72548917) auipc   s2, 0x72548
core   0: 3 0x8000e240 (0x72548917) x18 0xf2556240
core   0: 0x8000e244 (0x40f25933) sra     s2, tp, a5
core   0: 3 0x8000e244 (0x40f25933) x18 0x00000000
core   0: 0x8000e248 (0x0040ea33) or      s4, ra, tp
core   0: 3 0x8000e248 (0x0040ea33) x20 0x00000001
core   0: 0x8000e24c (0x43833693) sltiu   a3, t1, 1080
core   0: 3 0x8000e24c (0x43833693) x13 0x00000001
core   0: 0x8000e250 (0x40af5493) srai    s1, t5, 10
core   0: 3 0x8000e250 (0x40af5493) x 9 0x00000000
core   0: 0x8000e254 (0x008473b3) and     t2, s0, s0
core   0: 3 0x8000e254 (0x008473b3) x 7 0x00000000
core   0: 0x8000e258 (0x0000100f) fence.i
core   0: 3 0x8000e258 (0x0000100f)
core   0: 0x8000e25c (0x01a146b3) xor     a3, sp, s10
core   0: 3 0x8000e25c (0x01a146b3) x13 0x8002eb64
core   0: 0x8000e260 (0x00cc81b3) add     gp, s9, a2
core   0: 3 0x8000e260 (0x00cc81b3) x 3 0x0002ae05
core   0: 0x8000e264 (0x00000013) nop
core   0: 3 0x8000e264 (0x00000013)
core   0: 0x8000e268 (0x61aa7e13) andi    t3, s4, 1562
core   0: 3 0x8000e268 (0x61aa7e13) x28 0x00000000
core   0: 0x8000e26c (0x015e97b3) sll     a5, t4, s5
core   0: 3 0x8000e26c (0x015e97b3) x15 0x00000002
core   0: 0x8000e270 (0x001bc333) xor     t1, s7, ra
core   0: 3 0x8000e270 (0x001bc333) x 6 0x00000001
core   0: 0x8000e274 (0xd06ac213) xori    tp, s5, -762
core   0: 3 0x8000e274 (0xd06ac213) x 4 0xfffffd07
core   0: 0x8000e278 (0x06d02b13) slti    s6, zero, 109
core   0: 3 0x8000e278 (0x06d02b13) x22 0x00000001
core   0: 0x8000e27c (0x04e5c463) blt     a1, a4, pc + 72
core   0: 3 0x8000e27c (0x04e5c463)
core   0: 0x8000e2c4 (0x0129ca63) blt     s3, s2, pc + 20
core   0: 3 0x8000e2c4 (0x0129ca63)
core   0: 0x8000e2c8 (0xa4cb0493) addi    s1, s6, -1460
core   0: 3 0x8000e2c8 (0xa4cb0493) x 9 0xfffffa4d
core   0: 0x8000e2cc (0x96dd8b93) addi    s7, s11, -1683
core   0: 3 0x8000e2cc (0x96dd8b93) x23 0xfffff9fa
core   0: 0x8000e2d0 (0x580f8317) auipc   t1, 0x580f8
core   0: 3 0x8000e2d0 (0x580f8317) x 6 0xd81062d0
core   0: 0x8000e2d4 (0x01afdb93) srli    s7, t6, 26
core   0: 3 0x8000e2d4 (0x01afdb93) x23 0x00000000
core   0: 0x8000e2d8 (0x02537863) bgeu    t1, t0, pc + 48
core   0: 3 0x8000e2d8 (0x02537863)
core   0: 0x8000e308 (0x008f5333) srl     t1, t5, s0
core   0: 3 0x8000e308 (0x008f5333) x 6 0x0000008d
core   0: 0x8000e30c (0x005ddbb3) srl     s7, s11, t0
core   0: 3 0x8000e30c (0x005ddbb3) x23 0x00000046
core   0: 0x8000e310 (0x4484e537) lui     a0, 0x4484e
core   0: 3 0x8000e310 (0x4484e537) x10 0x4484e000
core   0: 0x8000e314 (0x02835c63) bge     t1, s0, pc + 56
core   0: 3 0x8000e314 (0x02835c63)
core   0: 0x8000e34c (0x00f92833) slt     a6, s2, a5
core   0: 3 0x8000e34c (0x00f92833) x16 0x00000001
core   0: 0x8000e350 (0x6c322d93) slti    s11, tp, 1731
core   0: 3 0x8000e350 (0x6c322d93) x27 0x00000001
core   0: 0x8000e354 (0x01b03bb3) snez    s7, s11
core   0: 3 0x8000e354 (0x01b03bb3) x23 0x00000001
core   0: 0x8000e358 (0x06a72993) slti    s3, a4, 106
core   0: 3 0x8000e358 (0x06a72993) x19 0x00000001
core   0: 0x8000e35c (0x01e45d93) srli    s11, s0, 30
core   0: 3 0x8000e35c (0x01e45d93) x27 0x00000000
core   0: 0x8000e360 (0x04d87863) bgeu    a6, a3, pc + 80
core   0: 3 0x8000e360 (0x04d87863)
core   0: 0x8000e364 (0x00b19413) slli    s0, gp, 11
core   0: 3 0x8000e364 (0x00b19413) x 8 0x15702800
core   0: 0x8000e368 (0x0364f263) bgeu    s1, s6, pc + 36
core   0: 3 0x8000e368 (0x0364f263)
core   0: 0x8000e38c (0x01a75e33) srl     t3, a4, s10
core   0: 3 0x8000e38c (0x01a75e33) x28 0x8002141e
core   0: 0x8000e390 (0x94987093) andi    ra, a6, -1719
core   0: 3 0x8000e390 (0x94987093) x 1 0x00000001
core   0: 0x8000e394 (0x0ff0000f) fence   iorw,iorw
core   0: 3 0x8000e394 (0x0ff0000f)
core   0: 0x8000e398 (0x0289e463) bltu    s3, s0, pc + 40
core   0: 3 0x8000e398 (0x0289e463)
core   0: 0x8000e3c0 (0x702d6713) ori     a4, s10, 1794
core   0: 3 0x8000e3c0 (0x702d6713) x14 0x00000782
core   0: 0x8000e3c4 (0x0ff0000f) fence   iorw,iorw
core   0: 3 0x8000e3c4 (0x0ff0000f)
core   0: 0x8000e3c8 (0xc3c06317) auipc   t1, 0xc3c06
core   0: 3 0x8000e3c8 (0xc3c06317) x 6 0x43c143c8
core   0: 0x8000e3cc (0x01387a33) and     s4, a6, s3
core   0: 3 0x8000e3cc (0x01387a33) x20 0x00000001
core   0: 0x8000e3d0 (0x0000100f) fence.i
core   0: 3 0x8000e3d0 (0x0000100f)
core   0: 0x8000e3d4 (0x710fb893) sltiu   a7, t6, 1808
core   0: 3 0x8000e3d4 (0x710fb893) x17 0x00000001
core   0: 0x8000e3d8 (0xba503293) sltiu   t0, zero, -1115
core   0: 3 0x8000e3d8 (0xba503293) x 5 0x00000001
core   0: 0x8000e3dc (0x0088fc33) and     s8, a7, s0
core   0: 3 0x8000e3dc (0x0088fc33) x24 0x00000000
core   0: 0x8000e3e0 (0x004c99b3) sll     s3, s9, tp
core   0: 3 0x8000e3e0 (0x004c99b3) x19 0x00000080
core   0: 0x8000e3e4 (0x0000100f) fence.i
core   0: 3 0x8000e3e4 (0x0000100f)
core   0: 0x8000e3e8 (0xcc32ea13) ori     s4, t0, -829
core   0: 3 0x8000e3e8 (0xcc32ea13) x20 0xfffffcc3
core   0: 0x8000e3ec (0x0ec55e37) lui     t3, 0xec55
core   0: 3 0x8000e3ec (0x0ec55e37) x28 0x0ec55000
core   0: 0x8000e3f0 (0x00e80933) add     s2, a6, a4
core   0: 3 0x8000e3f0 (0x00e80933) x18 0x00000783
core   0: 0x8000e3f4 (0x01e51013) slli    zero, a0, 30
core   0: 3 0x8000e3f4 (0x01e51013)
core   0: 0x8000e3f8 (0x02e1ee63) bltu    gp, a4, pc + 60
core   0: 3 0x8000e3f8 (0x02e1ee63)
core   0: 0x8000e3fc (0x035b4263) blt     s6, s5, pc + 36
core   0: 3 0x8000e3fc (0x035b4263)
core   0: 0x8000e400 (0x0000100f) fence.i
core   0: 3 0x8000e400 (0x0000100f)
core   0: 0x8000e404 (0x003b1c63) bne     s6, gp, pc + 24
core   0: 3 0x8000e404 (0x003b1c63)
core   0: 0x8000e41c (0x6d0f1237) lui     tp, 0x6d0f1
core   0: 3 0x8000e41c (0x6d0f1237) x 4 0x6d0f1000
core   0: 0x8000e420 (0xd394b717) auipc   a4, 0xd394b
core   0: 3 0x8000e420 (0xd394b717) x14 0x53959420
core   0: 0x8000e424 (0x0000100f) fence.i
core   0: 3 0x8000e424 (0x0000100f)
core   0: 0x8000e428 (0x0ff0000f) fence   iorw,iorw
core   0: 3 0x8000e428 (0x0ff0000f)
core   0: 0x8000e42c (0x4c71cd13) xori    s10, gp, 1223
core   0: 3 0x8000e42c (0x4c71cd13) x26 0x0002aac2
core   0: 0x8000e430 (0x4001d733) sra     a4, gp, zero
core   0: 3 0x8000e430 (0x4001d733) x14 0x0002ae05
core   0: 0x8000e434 (0xf37f2513) slti    a0, t5, -201
core   0: 3 0x8000e434 (0xf37f2513) x10 0x00000000
core   0: 0x8000e438 (0x01261793) slli    a5, a2, 18
core   0: 3 0x8000e438 (0x01261793) x15 0xb8100000
core   0: 0x8000e43c (0x00a14233) xor     tp, sp, a0
core   0: 3 0x8000e43c (0x00a14233) x 4 0x8002ece4
core   0: 0x8000e440 (0x01933cb3) sltu    s9, t1, s9
core   0: 3 0x8000e440 (0x01933cb3) x25 0x00000001
core   0: 0x8000e444 (0x406d81b3) sub     gp, s11, t1
core   0: 3 0x8000e444 (0x406d81b3) x 3 0xbc3ebc38
core   0: 0x8000e448 (0x038bc463) blt     s7, s8, pc + 40
core   0: 3 0x8000e448 (0x038bc463)
core   0: 0x8000e44c (0x00bb4263) blt     s6, a1, pc + 4
core   0: 3 0x8000e44c (0x00bb4263)
core   0: 0x8000e450 (0x5d48e713) ori     a4, a7, 1492
core   0: 3 0x8000e450 (0x5d48e713) x14 0x000005d5
core   0: 0x8000e454 (0x04c2c663) blt     t0, a2, pc + 76
core   0: 3 0x8000e454 (0x04c2c663)
core   0: 0x8000e458 (0x0000100f) fence.i
core   0: 3 0x8000e458 (0x0000100f)
core   0: 0x8000e45c (0x016adb93) srli    s7, s5, 22
core   0: 3 0x8000e45c (0x016adb93) x23 0x00000000
core   0: 0x8000e460 (0x0000100f) fence.i
core   0: 3 0x8000e460 (0x0000100f)
core   0: 0x8000e464 (0x0000100f) fence.i
core   0: 3 0x8000e464 (0x0000100f)
core   0: 0x8000e468 (0x00000013) nop
core   0: 3 0x8000e468 (0x00000013)
core   0: 0x8000e46c (0x4022d933) sra     s2, t0, sp
core   0: 3 0x8000e46c (0x4022d933) x18 0x00000000
core   0: 0x8000e470 (0x08300c13) li      s8, 131
core   0: 3 0x8000e470 (0x08300c13) x24 0x00000083
core   0: 0x8000e474 (0x01e299b3) sll     s3, t0, t5
core   0: 3 0x8000e474 (0x01e299b3) x19 0x00002000
core   0: 0x8000e478 (0x01f29d13) slli    s10, t0, 31
core   0: 3 0x8000e478 (0x01f29d13) x26 0x80000000
core   0: 0x8000e47c (0x0093d8b3) srl     a7, t2, s1
core   0: 3 0x8000e47c (0x0093d8b3) x17 0x00000000
core   0: 0x8000e480 (0x00914463) blt     sp, s1, pc + 8
core   0: 3 0x8000e480 (0x00914463)
core   0: 0x8000e488 (0x041f9063) bne     t6, ra, pc + 64
core   0: 3 0x8000e488 (0x041f9063)
core   0: 0x8000e4c8 (0x40ff5013) srai    zero, t5, 15
core   0: 3 0x8000e4c8 (0x40ff5013)
core   0: 0x8000e4cc (0x05656263) bltu    a0, s6, pc + 68
core   0: 3 0x8000e4cc (0x05656263)
core   0: 0x8000e510 (0x465b8b13) addi    s6, s7, 1125
core   0: 3 0x8000e510 (0x465b8b13) x22 0x00000465
core   0: 0x8000e514 (0x03b70863) beq     a4, s11, pc + 48
core   0: 3 0x8000e514 (0x03b70863)
core   0: 0x8000e518 (0x0049db33) srl     s6, s3, tp
core   0: 3 0x8000e518 (0x0049db33) x22 0x00000200
core   0: 0x8000e51c (0x01a71eb3) sll     t4, a4, s10
core   0: 3 0x8000e51c (0x01a71eb3) x29 0x000005d5
core   0: 0x8000e520 (0x013b3433) sltu    s0, s6, s3
core   0: 3 0x8000e520 (0x013b3433) x 8 0x00000001
core   0: 0x8000e524 (0x00837333) and     t1, t1, s0
core   0: 3 0x8000e524 (0x00837333) x 6 0x00000000
core   0: 0x8000e528 (0x921aba13) sltiu   s4, s5, -1759
core   0: 3 0x8000e528 (0x921aba13) x20 0x00000001
core   0: 0x8000e52c (0x0346f063) bgeu    a3, s4, pc + 32
core   0: 3 0x8000e52c (0x0346f063)
core   0: 0x8000e54c (0xd8fc3b93) sltiu   s7, s8, -625
core   0: 3 0x8000e54c (0xd8fc3b93) x23 0x00000001
core   0: 0x8000e550 (0x3908b737) lui     a4, 0x3908b
core   0: 3 0x8000e550 (0x3908b737) x14 0x3908b000
core   0: 0x8000e554 (0x0191b3b3) sltu    t2, gp, s9
core   0: 3 0x8000e554 (0x0191b3b3) x 7 0x00000000
core   0: 0x8000e558 (0x578de513) ori     a0, s11, 1400
core   0: 3 0x8000e558 (0x578de513) x10 0x00000578
core   0: 0x8000e55c (0x01f2db13) srli    s6, t0, 31
core   0: 3 0x8000e55c (0x01f2db13) x22 0x00000000
core   0: 0x8000e560 (0xe52d4913) xori    s2, s10, -430
core   0: 3 0x8000e560 (0xe52d4913) x18 0x7ffffe52
core   0: 0x8000e564 (0x05d1e663) bltu    gp, t4, pc + 76
core   0: 3 0x8000e564 (0x05d1e663)
core   0: 0x8000e568 (0x02c06463) bltu    zero, a2, pc + 40
core   0: 3 0x8000e568 (0x02c06463)
core   0: 0x8000e590 (0x019a1093) slli    ra, s4, 25
core   0: 3 0x8000e590 (0x019a1093) x 1 0x02000000
core   0: 0x8000e594 (0x2d1b6513) ori     a0, s6, 721
core   0: 3 0x8000e594 (0x2d1b6513) x10 0x000002d1
core   0: 0x8000e598 (0x02721a63) bne     tp, t2, pc + 52
core   0: 3 0x8000e598 (0x02721a63)
core   0: 0x8000e5cc (0x01dc1b93) slli    s7, s8, 29
core   0: 3 0x8000e5cc (0x01dc1b93) x23 0x60000000
core   0: 0x8000e5d0 (0x015badb3) slt     s11, s7, s5
core   0: 3 0x8000e5d0 (0x015badb3) x27 0x00000000
core   0: 0x8000e5d4 (0x7f52b513) sltiu   a0, t0, 2037
core   0: 3 0x8000e5d4 (0x7f52b513) x10 0x00000001
core   0: 0x8000e5d8 (0x03d3d063) bge     t2, t4, pc + 32
core   0: 3 0x8000e5d8 (0x03d3d063)
core   0: 0x8000e5dc (0x85742913) slti    s2, s0, -1961
core   0: 3 0x8000e5dc (0x85742913) x18 0x00000000
core   0: 0x8000e5e0 (0xb0cffe93) andi    t4, t6, -1268
core   0: 3 0x8000e5e0 (0xb0cffe93) x29 0x00000000
core   0: 0x8000e5e4 (0x01865a33) srl     s4, a2, s8
core   0: 3 0x8000e5e4 (0x01865a33) x20 0x100055c0
core   0: 0x8000e5e8 (0x01e75ab3) srl     s5, a4, t5
core   0: 3 0x8000e5e8 (0x01e75ab3) x21 0x0001c845
core   0: 0x8000e5ec (0x1d774713) xori    a4, a4, 471
core   0: 3 0x8000e5ec (0x1d774713) x14 0x3908b1d7
core   0: 0x8000e5f0 (0x0000100f) fence.i
core   0: 3 0x8000e5f0 (0x0000100f)
core   0: 0x8000e5f4 (0x00edf033) and     zero, s11, a4
core   0: 3 0x8000e5f4 (0x00edf033)
core   0: 0x8000e5f8 (0x04340063) beq     s0, gp, pc + 64
core   0: 3 0x8000e5f8 (0x04340063)
core   0: 0x8000e5fc (0x0000100f) fence.i
core   0: 3 0x8000e5fc (0x0000100f)
core   0: 0x8000e600 (0x400fde33) sra     t3, t6, zero
core   0: 3 0x8000e600 (0x400fde33) x28 0x00000000
core   0: 0x8000e604 (0x01c3f533) and     a0, t2, t3
core   0: 3 0x8000e604 (0x01c3f533) x10 0x00000000
core   0: 0x8000e608 (0x01107533) and     a0, zero, a7
core   0: 3 0x8000e608 (0x01107533) x10 0x00000000
core   0: 0x8000e60c (0x00a70933) add     s2, a4, a0
core   0: 3 0x8000e60c (0x00a70933) x18 0x3908b1d7
core   0: 0x8000e610 (0x00000013) nop
core   0: 3 0x8000e610 (0x00000013)
core   0: 0x8000e614 (0xc5e76993) ori     s3, a4, -930
core   0: 3 0x8000e614 (0xc5e76993) x19 0xfffffddf
core   0: 0x8000e618 (0x004a12b3) sll     t0, s4, tp
core   0: 3 0x8000e618 (0x004a12b3) x 5 0x00055c00
core   0: 0x8000e61c (0x0000100f) fence.i
core   0: 3 0x8000e61c (0x0000100f)
core   0: 0x8000e620 (0x003e67b3) or      a5, t3, gp
core   0: 3 0x8000e620 (0x003e67b3) x15 0xbc3ebc38
core   0: 0x8000e624 (0x006b18b3) sll     a7, s6, t1
core   0: 3 0x8000e624 (0x006b18b3) x17 0x00000000
core   0: 0x8000e628 (0x018e9c33) sll     s8, t4, s8
core   0: 3 0x8000e628 (0x018e9c33) x24 0x00000000
core   0: 0x8000e62c (0x017dde33) srl     t3, s11, s7
core   0: 3 0x8000e62c (0x017dde33) x28 0x00000000
core   0: 0x8000e630 (0xfb66e313) ori     t1, a3, -74
core   0: 3 0x8000e630 (0xfb66e313) x 6 0xfffffff6
core   0: 0x8000e634 (0x00761333) sll     t1, a2, t2
core   0: 3 0x8000e634 (0x00761333) x 6 0x8002ae04
core   0: 0x8000e638 (0x1954fc13) andi    s8, s1, 405
core   0: 3 0x8000e638 (0x1954fc13) x24 0x00000005
core   0: 0x8000e63c (0x02ee6063) bltu    t3, a4, pc + 32
core   0: 3 0x8000e63c (0x02ee6063)
core   0: 0x8000e65c (0x01f57463) bgeu    a0, t6, pc + 8
core   0: 3 0x8000e65c (0x01f57463)
core   0: 0x8000e664 (0x00a46263) bltu    s0, a0, pc + 4
core   0: 3 0x8000e664 (0x00a46263)
core   0: 0x8000e668 (0x9db34017) auipc   zero, 0x9db34
core   0: 3 0x8000e668 (0x9db34017)
core   0: 0x8000e66c (0x76abc313) xori    t1, s7, 1898
core   0: 3 0x8000e66c (0x76abc313) x 6 0x6000076a
core   0: 0x8000e670 (0x0ff0000f) fence   iorw,iorw
core   0: 3 0x8000e670 (0x0ff0000f)
core   0: 0x8000e674 (0x000a1193) slli    gp, s4, 0
core   0: 3 0x8000e674 (0x000a1193) x 3 0x100055c0
core   0: 0x8000e678 (0x41208ab3) sub     s5, ra, s2
core   0: 3 0x8000e678 (0x41208ab3) x21 0xc8f74e29
core   0: 0x8000e67c (0x0844d263) bge     s1, tp, pc + 132
core   0: 3 0x8000e67c (0x0844d263)
core   0: 0x8000e700 (0x01130433) add     s0, t1, a7
core   0: 3 0x8000e700 (0x01130433) x 8 0x6000076a
core   0: 0x8000e704 (0x05560463) beq     a2, s5, pc + 72
core   0: 3 0x8000e704 (0x05560463)
core   0: 0x8000e708 (0x039c5263) bge     s8, s9, pc + 36
core   0: 3 0x8000e708 (0x039c5263)
core   0: 0x8000e72c (0xa84a6413) ori     s0, s4, -1404
core   0: 3 0x8000e72c (0xa84a6413) x 8 0xffffffc4
core   0: 0x8000e730 (0x0ff0000f) fence   iorw,iorw
core   0: 3 0x8000e730 (0x0ff0000f)
core   0: 0x8000e734 (0x0047da33) srl     s4, a5, tp
core   0: 3 0x8000e734 (0x0047da33) x20 0x0bc3ebc3
core   0: 0x8000e738 (0x66eae093) ori     ra, s5, 1646
core   0: 3 0x8000e738 (0x66eae093) x 1 0xc8f74e6f
core   0: 0x8000e73c (0x007678b3) and     a7, a2, t2
core   0: 3 0x8000e73c (0x007678b3) x17 0x00000000
core   0: 0x8000e740 (0x012a7a33) and     s4, s4, s2
core   0: 3 0x8000e740 (0x012a7a33) x20 0x0900a1c3
core   0: 0x8000e744 (0x414d5013) srai    zero, s10, 20
core   0: 3 0x8000e744 (0x414d5013)
core   0: 0x8000e748 (0x82e1a317) auipc   t1, 0x82e1a
core   0: 3 0x8000e748 (0x82e1a317) x 6 0x02e28748
core   0: 0x8000e74c (0xf2594193) xori    gp, s2, -219
core   0: 3 0x8000e74c (0xf2594193) x 3 0xc6f74ef2
core   0: 0x8000e750 (0x00000013) nop
core   0: 3 0x8000e750 (0x00000013)
core   0: 0x8000e754 (0x053c4063) blt     s8, s3, pc + 64
core   0: 3 0x8000e754 (0x053c4063)
core   0: 0x8000e758 (0x00000013) nop
core   0: 3 0x8000e758 (0x00000013)
core   0: 0x8000e75c (0x01168cb3) add     s9, a3, a7
core   0: 3 0x8000e75c (0x01168cb3) x25 0x8002eb64
core   0: 0x8000e760 (0x00635413) srli    s0, t1, 6
core   0: 3 0x8000e760 (0x00635413) x 8 0x000b8a1d
core   0: 0x8000e764 (0x030ed463) bge     t4, a6, pc + 40
core   0: 3 0x8000e764 (0x030ed463)
core   0: 0x8000e768 (0xf2e87193) andi    gp, a6, -210
core   0: 3 0x8000e768 (0xf2e87193) x 3 0x00000000
core   0: 0x8000e76c (0x0087de93) srli    t4, a5, 8
core   0: 3 0x8000e76c (0x0087de93) x29 0x00bc3ebc
core   0: 0x8000e770 (0x0e06c517) auipc   a0, 0xe06c
core   0: 3 0x8000e770 (0x0e06c517) x10 0x8e07a770
core   0: 0x8000e774 (0x015d64b3) or      s1, s10, s5
core   0: 3 0x8000e774 (0x015d64b3) x 9 0xc8f74e29
core   0: 0x8000e778 (0x408eddb3) sra     s11, t4, s0
core   0: 3 0x8000e778 (0x408eddb3) x27 0x00000000
core   0: 0x8000e77c (0x5b5be693) ori     a3, s7, 1461
core   0: 3 0x8000e77c (0x5b5be693) x13 0x600005b5
core   0: 0x8000e780 (0x016b0533) add     a0, s6, s6
core   0: 3 0x8000e780 (0x016b0533) x10 0x00000000
core   0: 0x8000e784 (0x16560513) addi    a0, a2, 357
core   0: 3 0x8000e784 (0x16560513) x10 0x8002af69
core   0: 0x8000e788 (0x01f2a433) slt     s0, t0, t6
core   0: 3 0x8000e788 (0x01f2a433) x 8 0x00000000
core   0: 0x8000e78c (0x351fe493) ori     s1, t6, 849
core   0: 3 0x8000e78c (0x351fe493) x 9 0x00000351
core   0: 0x8000e790 (0xb90c0e97) auipc   t4, 0xb90c0
core   0: 3 0x8000e790 (0xb90c0e97) x29 0x390ce790
core   0: 0x8000e794 (0x0ff0000f) fence   iorw,iorw
core   0: 3 0x8000e794 (0x0ff0000f)
core   0: 0x8000e798 (0x02c09463) bne     ra, a2, pc + 40
core   0: 3 0x8000e798 (0x02c09463)
core   0: 0x8000e7c0 (0x08ba9c63) bne     s5, a1, pc + 152
core   0: 3 0x8000e7c0 (0x08ba9c63)
core   0: 0x8000e858 (0x73248213) addi    tp, s1, 1842
core   0: 3 0x8000e858 (0x73248213) x 4 0x00000a83
core   0: 0x8000e85c (0x41bf5393) srai    t2, t5, 27
core   0: 3 0x8000e85c (0x41bf5393) x 7 0x00000000
core   0: 0x8000e860 (0x0000100f) fence.i
core   0: 3 0x8000e860 (0x0000100f)
core   0: 0x8000e864 (0x055d9863) bne     s11, s5, pc + 80
core   0: 3 0x8000e864 (0x055d9863)
core   0: 0x8000e8b4 (0x026df263) bgeu    s11, t1, pc + 36
core   0: 3 0x8000e8b4 (0x026df263)
core   0: 0x8000e8b8 (0x03478463) beq     a5, s4, pc + 40
core   0: 3 0x8000e8b8 (0x03478463)
core   0: 0x8000e8bc (0x05f29463) bne     t0, t6, pc + 72
core   0: 3 0x8000e8bc (0x05f29463)
core   0: 0x8000e904 (0x79be3313) sltiu   t1, t3, 1947
core   0: 3 0x8000e904 (0x79be3313) x 6 0x00000001
core   0: 0x8000e908 (0x00ce0eb3) add     t4, t3, a2
core   0: 3 0x8000e908 (0x00ce0eb3) x29 0x8002ae04
core   0: 0x8000e90c (0x46c6c813) xori    a6, a3, 1132
core   0: 3 0x8000e90c (0x46c6c813) x16 0x600001d9
core   0: 0x8000e910 (0x40b35e13) srai    t3, t1, 11
core   0: 3 0x8000e910 (0x40b35e13) x28 0x00000000
core   0: 0x8000e914 (0xef3de437) lui     s0, 0xef3de
core   0: 3 0x8000e914 (0xef3de437) x 8 0xef3de000
core   0: 0x8000e918 (0x00000013) nop
core   0: 3 0x8000e918 (0x00000013)
core   0: 0x8000e91c (0x4519ae13) slti    t3, s3, 1105
core   0: 3 0x8000e91c (0x4519ae13) x28 0x00000001
core   0: 0x8000e920 (0x41f65033) sra     zero, a2, t6
core   0: 3 0x8000e920 (0x41f65033)
core   0: 0x8000e924 (0x41c68db3) sub     s11, a3, t3
core   0: 3 0x8000e924 (0x41c68db3) x27 0x600005b4
core   0: 0x8000e928 (0xaf0d2997) auipc   s3, 0xaf0d2
core   0: 3 0x8000e928 (0xaf0d2997) x19 0x2f0e0928
core   0: 0x8000e92c (0x01cc1b13) slli    s6, s8, 28
core   0: 3 0x8000e92c (0x01cc1b13) x22 0x50000000
core   0: 0x8000e930 (0x70fa0713) addi    a4, s4, 1807
core   0: 3 0x8000e930 (0x70fa0713) x14 0x0900a8d2
core   0: 0x8000e934 (0x02517463) bgeu    sp, t0, pc + 40
core   0: 3 0x8000e934 (0x02517463)
core   0: 0x8000e95c (0x0000100f) fence.i
core   0: 3 0x8000e95c (0x0000100f)
core   0: 0x8000e960 (0x0ff0000f) fence   iorw,iorw
core   0: 3 0x8000e960 (0x0ff0000f)
core   0: 0x8000e964 (0x4b3d8513) addi    a0, s11, 1203
core   0: 3 0x8000e964 (0x4b3d8513) x10 0x60000a67
core   0: 0x8000e968 (0x1c243693) sltiu   a3, s0, 450
core   0: 3 0x8000e968 (0x1c243693) x13 0x00000000
core   0: 0x8000e96c (0x03998a63) beq     s3, s9, pc + 52
core   0: 3 0x8000e96c (0x03998a63)
core   0: 0x8000e970 (0x0136a1b3) slt     gp, a3, s3
core   0: 3 0x8000e970 (0x0136a1b3) x 3 0x00000001
core   0: 0x8000e974 (0x93d264b7) lui     s1, 0x93d26
core   0: 3 0x8000e974 (0x93d264b7) x 9 0x93d26000
core   0: 0x8000e978 (0x0000100f) fence.i
core   0: 3 0x8000e978 (0x0000100f)
core   0: 0x8000e97c (0x007923b3) slt     t2, s2, t2
core   0: 3 0x8000e97c (0x007923b3) x 7 0x00000000
core   0: 0x8000e980 (0x2efc8517) auipc   a0, 0x2efc8
core   0: 3 0x8000e980 (0x2efc8517) x10 0xaefd6980
core   0: 0x8000e984 (0x179d6013) ori     zero, s10, 377
core   0: 3 0x8000e984 (0x179d6013)
core   0: 0x8000e988 (0x01228733) add     a4, t0, s2
core   0: 3 0x8000e988 (0x01228733) x14 0x390e0dd7
core   0: 0x8000e98c (0x0032ea63) bltu    t0, gp, pc + 20
core   0: 3 0x8000e98c (0x0032ea63)
core   0: 0x8000e990 (0x01e34fb3) xor     t6, t1, t5
core   0: 3 0x8000e990 (0x01e34fb3) x31 0x0000008c
core   0: 0x8000e994 (0x0020f0b3) and     ra, ra, sp
core   0: 3 0x8000e994 (0x0020f0b3) x 1 0x80024c64
core   0: 0x8000e998 (0x38ac7393) andi    t2, s8, 906
core   0: 3 0x8000e998 (0x38ac7393) x 7 0x00000000
core   0: 0x8000e99c (0x00cad8b3) srl     a7, s5, a2
core   0: 3 0x8000e99c (0x00cad8b3) x17 0x0c8f74e2
core   0: 0x8000e9a0 (0x0ff0000f) fence   iorw,iorw
core   0: 3 0x8000e9a0 (0x0ff0000f)
core   0: 0x8000e9a4 (0x013e86b3) add     a3, t4, s3
core   0: 3 0x8000e9a4 (0x013e86b3) x13 0xaf10b72c
core   0: 0x8000e9a8 (0x1bff49b7) lui     s3, 0x1bff4
core   0: 3 0x8000e9a8 (0x1bff49b7) x19 0x1bff4000
core   0: 0x8000e9ac (0x039f0c63) beq     t5, s9, pc + 56
core   0: 3 0x8000e9ac (0x039f0c63)
core   0: 0x8000e9b0 (0x01e95263) bge     s2, t5, pc + 4
core   0: 3 0x8000e9b0 (0x01e95263)
core   0: 0x8000e9b4 (0xb7c0ca13) xori    s4, ra, -1156
core   0: 3 0x8000e9b4 (0xb7c0ca13) x20 0x7ffdb718
core   0: 0x8000e9b8 (0x416bde33) sra     t3, s7, s6
core   0: 3 0x8000e9b8 (0x416bde33) x28 0x60000000
core   0: 0x8000e9bc (0x41c903b3) sub     t2, s2, t3
core   0: 3 0x8000e9bc (0x41c903b3) x 7 0xd908b1d7
core   0: 0x8000e9c0 (0x003910b3) sll     ra, s2, gp
core   0: 3 0x8000e9c0 (0x003910b3) x 1 0x721163ae
core   0: 0x8000e9c4 (0x0452e063) bltu    t0, t0, pc + 64
core   0: 3 0x8000e9c4 (0x0452e063)
core   0: 0x8000e9c8 (0x05f76e93) ori     t4, a4, 95
core   0: 3 0x8000e9c8 (0x05f76e93) x29 0x390e0ddf
core   0: 0x8000e9cc (0x03b6f063) bgeu    a3, s11, pc + 32
core   0: 3 0x8000e9cc (0x03b6f063)
core   0: 0x8000e9ec (0x0023cb33) xor     s6, t2, sp
core   0: 3 0x8000e9ec (0x0023cb33) x22 0x590a5d33
core   0: 0x8000e9f0 (0x796a0993) addi    s3, s4, 1942
core   0: 3 0x8000e9f0 (0x796a0993) x19 0x7ffdbeae
core   0: 0x8000e9f4 (0x50c23037) lui     zero, 0x50c23
core   0: 3 0x8000e9f4 (0x50c23037)
core   0: 0x8000e9f8 (0x00000013) nop
core   0: 3 0x8000e9f8 (0x00000013)
core   0: 0x8000e9fc (0x0229d863) bge     s3, sp, pc + 48
core   0: 3 0x8000e9fc (0x0229d863)
core   0: 0x8000ea2c (0x41ca03b3) sub     t2, s4, t3
core   0: 3 0x8000ea2c (0x41ca03b3) x 7 0x1ffdb718
core   0: 0x8000ea30 (0x0392cc63) blt     t0, s9, pc + 56
core   0: 3 0x8000ea30 (0x0392cc63)
core   0: 0x8000ea34 (0x04c0e263) bltu    ra, a2, pc + 68
core   0: 3 0x8000ea34 (0x04c0e263)
core   0: 0x8000ea78 (0x411c0933) sub     s2, s8, a7
core   0: 3 0x8000ea78 (0x411c0933) x18 0xf3708b23
core   0: 0x8000ea7c (0xd83cb513) sltiu   a0, s9, -637
core   0: 3 0x8000ea7c (0xd83cb513) x10 0x00000001
core   0: 0x8000ea80 (0x01f054b3) srl     s1, zero, t6
core   0: 3 0x8000ea80 (0x01f054b3) x 9 0x00000000
core   0: 0x8000ea84 (0x40ded993) srai    s3, t4, 13
core   0: 3 0x8000ea84 (0x40ded993) x19 0x0001c870
core   0: 0x8000ea88 (0x25f34737) lui     a4, 0x25f34
core   0: 3 0x8000ea88 (0x25f34737) x14 0x25f34000
core   0: 0x8000ea8c (0x01a39d93) slli    s11, t2, 26
core   0: 3 0x8000ea8c (0x01a39d93) x27 0x60000000
core   0: 0x8000ea90 (0x01874263) blt     a4, s8, pc + 4
core   0: 3 0x8000ea90 (0x01874263)
core   0: 0x8000ea94 (0x0fce6463) bltu    t3, t3, pc + 232
core   0: 3 0x8000ea94 (0x0fce6463)
core   0: 0x8000ea98 (0x0de56863) bltu    a0, t5, pc + 208
core   0: 3 0x8000ea98 (0x0de56863)
core   0: 0x8000eb68 (0x00bc0533) add     a0, s8, a1
core   0: 3 0x8000eb68 (0x00bc0533) x10 0x80000005
core   0: 0x8000eb6c (0x00174c63) blt     a4, ra, pc + 24
core   0: 3 0x8000eb6c (0x00174c63)
core   0: 0x8000eb84 (0x409187b3) sub     a5, gp, s1
core   0: 3 0x8000eb84 (0x409187b3) x15 0x00000001
core   0: 0x8000eb88 (0x00945fb3) srl     t6, s0, s1
core   0: 3 0x8000eb88 (0x00945fb3) x31 0xef3de000
core   0: 0x8000eb8c (0x01dc52b3) srl     t0, s8, t4
core   0: 3 0x8000eb8c (0x01dc52b3) x 5 0x00000000
core   0: 0x8000eb90 (0x01c51913) slli    s2, a0, 28
core   0: 3 0x8000eb90 (0x01c51913) x18 0x50000000
core   0: 0x8000eb94 (0x00400d33) add     s10, zero, tp
core   0: 3 0x8000eb94 (0x00400d33) x26 0x00000a83
core   0: 0x8000eb98 (0x17c18d97) auipc   s11, 0x17c18
core   0: 3 0x8000eb98 (0x17c18d97) x27 0x97c26b98
core   0: 0x8000eb9c (0x01ebb9b3) sltu    s3, s7, t5
core   0: 3 0x8000eb9c (0x01ebb9b3) x19 0x00000000
core   0: 0x8000eba0 (0x0000100f) fence.i
core   0: 3 0x8000eba0 (0x0000100f)
core   0: 0x8000eba4 (0xc989afb7) lui     t6, 0xc989a
core   0: 3 0x8000eba4 (0xc989afb7) x31 0xc989a000
core   0: 0x8000eba8 (0x04dd9663) bne     s11, a3, pc + 76
core   0: 3 0x8000eba8 (0x04dd9663)
core   0: 0x8000ebf4 (0x08ae1063) bne     t3, a0, pc + 128
core   0: 3 0x8000ebf4 (0x08ae1063)
core   0: 0x8000ec74 (0x77a1a713) slti    a4, gp, 1914
core   0: 3 0x8000ec74 (0x77a1a713) x14 0x00000001
core   0: 0x8000ec78 (0x00e61013) slli    zero, a2, 14
core   0: 3 0x8000ec78 (0x00e61013)
core   0: 0x8000ec7c (0x0979e263) bltu    s3, s7, pc + 132
core   0: 3 0x8000ec7c (0x0979e263)
core   0: 0x8000ed00 (0x41a20233) sub     tp, tp, s10
core   0: 3 0x8000ed00 (0x41a20233) x 4 0x00000000
core   0: 0x8000ed04 (0x00000013) nop
core   0: 3 0x8000ed04 (0x00000013)
core   0: 0x8000ed08 (0x0ff0000f) fence   iorw,iorw
core   0: 3 0x8000ed08 (0x0ff0000f)
core   0: 0x8000ed0c (0x33a73337) lui     t1, 0x33a73
core   0: 3 0x8000ed0c (0x33a73337) x 6 0x33a73000
core   0: 0x8000ed10 (0xc6ed5517) auipc   a0, 0xc6ed5
core   0: 3 0x8000ed10 (0xc6ed5517) x10 0x46ee3d10
core   0: 0x8000ed14 (0x00599513) slli    a0, s3, 5
core   0: 3 0x8000ed14 (0x00599513) x10 0x00000000
core   0: 0x8000ed18 (0xe9bcceb7) lui     t4, 0xe9bcc
core   0: 3 0x8000ed18 (0xe9bcceb7) x29 0xe9bcc000
core   0: 0x8000ed1c (0x9e758813) addi    a6, a1, -1561
core   0: 3 0x8000ed1c (0x9e758813) x16 0x7ffff9e7
core   0: 0x8000ed20 (0x45b40693) addi    a3, s0, 1115
core   0: 3 0x8000ed20 (0x45b40693) x13 0xef3de45b
core   0: 0x8000ed24 (0x5fb07837) lui     a6, 0x5fb07
core   0: 3 0x8000ed24 (0x5fb07837) x16 0x5fb07000
core   0: 0x8000ed28 (0xd5438713) addi    a4, t2, -684
core   0: 3 0x8000ed28 (0xd5438713) x14 0x1ffdb46c
core   0: 0x8000ed2c (0x0332a013) slti    zero, t0, 51
core   0: 3 0x8000ed2c (0x0332a013)
core   0: 0x8000ed30 (0x012427b3) slt     a5, s0, s2
core   0: 3 0x8000ed30 (0x012427b3) x15 0x00000001
core   0: 0x8000ed34 (0x03b56263) bltu    a0, s11, pc + 36
core   0: 3 0x8000ed34 (0x03b56263)
core   0: 0x8000ed58 (0x863da313) slti    t1, s11, -1949
core   0: 3 0x8000ed58 (0x863da313) x 6 0x00000001
core   0: 0x8000ed5c (0x01379933) sll     s2, a5, s3
core   0: 3 0x8000ed5c (0x01379933) x18 0x00000001
core   0: 0x8000ed60 (0x03f8f263) bgeu    a7, t6, pc + 36
core   0: 3 0x8000ed60 (0x03f8f263)
core   0: 0x8000ed64 (0x02491863) bne     s2, tp, pc + 48
core   0: 3 0x8000ed64 (0x02491863)
core   0: 0x8000ed94 (0x0ff0000f) fence   iorw,iorw
core   0: 3 0x8000ed94 (0x0ff0000f)
core   0: 0x8000ed98 (0x002d7333) and     t1, s10, sp
core   0: 3 0x8000ed98 (0x002d7333) x 6 0x00000880
core   0: 0x8000ed9c (0xc4973a13) sltiu   s4, a4, -951
core   0: 3 0x8000ed9c (0xc4973a13) x20 0x00000001
core   0: 0x8000eda0 (0x00000013) nop
core   0: 3 0x8000eda0 (0x00000013)
core   0: 0x8000eda4 (0x05a84263) blt     a6, s10, pc + 68
core   0: 3 0x8000eda4 (0x05a84263)
core   0: 0x8000eda8 (0x29c57713) andi    a4, a0, 668
core   0: 3 0x8000eda8 (0x29c57713) x14 0x00000000
core   0: 0x8000edac (0x00000013) nop
core   0: 3 0x8000edac (0x00000013)
core   0: 0x8000edb0 (0x00000013) nop
core   0: 3 0x8000edb0 (0x00000013)
core   0: 0x8000edb4 (0x2600f793) andi    a5, ra, 608
core   0: 3 0x8000edb4 (0x2600f793) x15 0x00000220
core   0: 0x8000edb8 (0x017619b3) sll     s3, a2, s7
core   0: 3 0x8000edb8 (0x017619b3) x19 0x8002ae04
core   0: 0x8000edbc (0x01162a33) slt     s4, a2, a7
core   0: 3 0x8000edbc (0x01162a33) x20 0x00000001
core   0: 0x8000edc0 (0x0ff0000f) fence   iorw,iorw
core   0: 3 0x8000edc0 (0x0ff0000f)
core   0: 0x8000edc4 (0x01c35d33) srl     s10, t1, t3
core   0: 3 0x8000edc4 (0x01c35d33) x26 0x00000880
core   0: 0x8000edc8 (0x409ad293) srai    t0, s5, 9
core   0: 3 0x8000edc8 (0x409ad293) x 5 0xffe47ba7
core   0: 0x8000edcc (0xee58bf13) sltiu   t5, a7, -283
core   0: 3 0x8000edcc (0xee58bf13) x30 0x00000001
core   0: 0x8000edd0 (0x05874663) blt     a4, s8, pc + 76
core   0: 3 0x8000edd0 (0x05874663)
core   0: 0x8000ee1c (0x01f65893) srli    a7, a2, 31
core   0: 3 0x8000ee1c (0x01f65893) x17 0x00000001
core   0: 0x8000ee20 (0x9205b193) sltiu   gp, a1, -1760
core   0: 3 0x8000ee20 (0x9205b193) x 3 0x00000001
core   0: 0x8000ee24 (0x0000100f) fence.i
core   0: 3 0x8000ee24 (0x0000100f)
core   0: 0x8000ee28 (0x00007e97) auipc   t4, 0x7
core   0: 3 0x8000ee28 (0x00007e97) x29 0x80015e28
core   0: 0x8000ee2c (0x9bbe8e93) addi    t4, t4, -1605
core   0: 3 0x8000ee2c (0x9bbe8e93) x29 0x800157e3
core   0: 0x8000ee30 (0x46be8383) lb      t2, 1131(t4)
core   0: 3 0x8000ee30 (0x46be8383) x 7 0x00000005 mem 0x80015c4e
core   0: 0x8000ee34 (0xa7fed383) lhu     t2, -1409(t4)
core   0: 3 0x8000ee34 (0xa7fed383) x 7 0x00000000 mem 0x80015262
core   0: 0x8000ee38 (0xa72e8fa3) sb      s2, -1409(t4)
core   0: 3 0x8000ee38 (0xa72e8fa3) mem 0x80015262 0x1
core   0: 0x8000ee3c (0xa7fe8503) lb      a0, -1409(t4)
core   0: 3 0x8000ee3c (0xa7fe8503) x10 0x00000001 mem 0x80015262
core   0: 0x8000ee40 (0xa7fed803) lhu     a6, -1409(t4)
core   0: 3 0x8000ee40 (0xa7fed803) x16 0x00000001 mem 0x80015262
core   0: 0x8000ee44 (0x4e730f97) auipc   t6, 0x4e730
core   0: 3 0x8000ee44 (0x4e730f97) x31 0xce73ee44
core   0: 0x8000ee48 (0x419b8ab3) sub     s5, s7, s9
core   0: 3 0x8000ee48 (0x419b8ab3) x21 0xdffd149c
core   0: 0x8000ee4c (0xa7fed803) lhu     a6, -1409(t4)
core   0: 3 0x8000ee4c (0xa7fed803) x16 0x00000001 mem 0x80015262
core   0: 0x8000ee50 (0xa7fe8703) lb      a4, -1409(t4)
core   0: 3 0x8000ee50 (0xa7fe8703) x14 0x00000001 mem 0x80015262
core   0: 0x8000ee54 (0x00fe0e33) add     t3, t3, a5
core   0: 3 0x8000ee54 (0x00fe0e33) x28 0x60000220
core   0: 0x8000ee58 (0x0000100f) fence.i
core   0: 3 0x8000ee58 (0x0000100f)
core   0: 0x8000ee5c (0x00c749b3) xor     s3, a4, a2
core   0: 3 0x8000ee5c (0x00c749b3) x19 0x8002ae05
core   0: 0x8000ee60 (0xa7fec783) lbu     a5, -1409(t4)
core   0: 3 0x8000ee60 (0xa7fec783) x15 0x00000001 mem 0x80015262
core   0: 0x8000ee64 (0xa70e8fa3) sb      a6, -1409(t4)
core   0: 3 0x8000ee64 (0xa70e8fa3) mem 0x80015262 0x1
core   0: 0x8000ee68 (0xee7e9d03) lh      s10, -281(t4)
core   0: 3 0x8000ee68 (0xee7e9d03) x26 0xfffff4a5 mem 0x800156ca
core   0: 0x8000ee6c (0xdadecf83) lbu     t6, -595(t4)
core   0: 3 0x8000ee6c (0xdadecf83) x31 0x000000bf mem 0x80015590
core   0: 0x8000ee70 (0xdadea983) lw      s3, -595(t4)
core   0: 3 0x8000ee70 (0xdadea983) x19 0xbcbdbebf mem 0x80015590
core   0: 0x8000ee74 (0xdadec503) lbu     a0, -595(t4)
core   0: 3 0x8000ee74 (0xdadec503) x10 0x000000bf mem 0x80015590
core   0: 0x8000ee78 (0x45ee8903) lb      s2, 1118(t4)
core   0: 3 0x8000ee78 (0x45ee8903) x18 0xfffffffa mem 0x80015c41
core   0: 0x8000ee7c (0x440e8f23) sb      zero, 1118(t4)
core   0: 3 0x8000ee7c (0x440e8f23) mem 0x80015c41 0x0
core   0: 0x8000ee80 (0xc50e8923) sb      a6, -942(t4)
core   0: 3 0x8000ee80 (0xc50e8923) mem 0x80015435 0x1
core   0: 0x8000ee84 (0xc52ecb83) lbu     s7, -942(t4)
core   0: 3 0x8000ee84 (0xc52ecb83) x23 0x00000001 mem 0x80015435
core   0: 0x8000ee88 (0xc53e8923) sb      s3, -942(t4)
core   0: 3 0x8000ee88 (0xc53e8923) mem 0x80015435 0xbf
core   0: 0x8000ee8c (0x0186f7b3) and     a5, a3, s8
core   0: 3 0x8000ee8c (0x0186f7b3) x15 0x00000001
core   0: 0x8000ee90 (0x017ed713) srli    a4, t4, 23
core   0: 3 0x8000ee90 (0x017ed713) x14 0x00000100
core   0: 0x8000ee94 (0x016d9a13) slli    s4, s11, 22
core   0: 3 0x8000ee94 (0x016d9a13) x20 0xe6000000
core   0: 0x8000ee98 (0x00000013) nop
core   0: 3 0x8000ee98 (0x00000013)
core   0: 0x8000ee9c (0x0000100f) fence.i
core   0: 3 0x8000ee9c (0x0000100f)
core   0: 0x8000eea0 (0xf540e913) ori     s2, ra, -172
core   0: 3 0x8000eea0 (0xf540e913) x18 0xfffffffe
core   0: 0x8000eea4 (0x008e04b3) add     s1, t3, s0
core   0: 3 0x8000eea4 (0x008e04b3) x 9 0x4f3de220
core   0: 0x8000eea8 (0x03e87a63) bgeu    a6, t5, pc + 52
core   0: 3 0x8000eea8 (0x03e87a63)
core   0: 0x8000eedc (0x415ed513) srai    a0, t4, 21
core   0: 3 0x8000eedc (0x415ed513) x10 0xfffffc00
core   0: 0x8000eee0 (0x0000100f) fence.i
core   0: 3 0x8000eee0 (0x0000100f)
core   0: 0x8000eee4 (0x02e86c63) bltu    a6, a4, pc + 56
core   0: 3 0x8000eee4 (0x02e86c63)
core   0: 0x8000ef1c (0x08418463) beq     gp, tp, pc + 136
core   0: 3 0x8000ef1c (0x08418463)
core   0: 0x8000ef20 (0x010e5c33) srl     s8, t3, a6
core   0: 3 0x8000ef20 (0x010e5c33) x24 0x30000110
core   0: 0x8000ef24 (0x004f1493) slli    s1, t5, 4
core   0: 3 0x8000ef24 (0x004f1493) x 9 0x00000010
core   0: 0x8000ef28 (0x002cee33) or      t3, s9, sp
core   0: 3 0x8000ef28 (0x002cee33) x28 0x8002efe4
core   0: 0x8000ef2c (0x00000013) nop
core   0: 3 0x8000ef2c (0x00000013)
core   0: 0x8000ef30 (0x00007e17) auipc   t3, 0x7
core   0: 3 0x8000ef30 (0x00007e17) x28 0x80015f30
core   0: 0x8000ef34 (0xf4ae0e13) addi    t3, t3, -182
core   0: 3 0x8000ef34 (0xf4ae0e13) x28 0x80015e7a
core   0: 0x8000ef38 (0xff5e0a03) lb      s4, -11(t3)
core   0: 3 0x8000ef38 (0xff5e0a03) x20 0x00000024 mem 0x80015e6f
core   0: 0x8000ef3c (0xff6e0aa3) sb      s6, -11(t3)
core   0: 3 0x8000ef3c (0xff6e0aa3) mem 0x80015e6f 0x33
core   0: 0x8000ef40 (0x00ae2003) lw      zero, 10(t3)
core   0: 3 0x8000ef40 (0x00ae2003) mem 0x80015e84
core   0: 0x8000ef44 (0x00ae5683) lhu     a3, 10(t3)
core   0: 3 0x8000ef44 (0x00ae5683) x13 0x00003e3f mem 0x80015e84
core   0: 0x8000ef48 (0x011e06a3) sb      a7, 13(t3)
core   0: 3 0x8000ef48 (0x011e06a3) mem 0x80015e87 0x1
core   0: 0x8000ef4c (0xffee0c23) sb      t5, -8(t3)
core   0: 3 0x8000ef4c (0xffee0c23) mem 0x80015e72 0x1
core   0: 0x8000ef50 (0xfe9e09a3) sb      s1, -13(t3)
core   0: 3 0x8000ef50 (0xfe9e09a3) mem 0x80015e6d 0x10
core   0: 0x8000ef54 (0xff3e4683) lbu     a3, -13(t3)
core   0: 3 0x8000ef54 (0xff3e4683) x13 0x00000010 mem 0x80015e6d
core   0: 0x8000ef58 (0xff1e0403) lb      s0, -15(t3)
core   0: 3 0x8000ef58 (0xff1e0403) x 8 0x00000020 mem 0x80015e6b
core   0: 0x8000ef5c (0xff1e1b23) sh      a7, -10(t3)
core   0: 3 0x8000ef5c (0xff1e1b23) mem 0x80015e70 0x0001
core   0: 0x8000ef60 (0x001e0783) lb      a5, 1(t3)
core   0: 3 0x8000ef60 (0x001e0783) x15 0x00000030 mem 0x80015e7b
core   0: 0x8000ef64 (0x00dfda13) srli    s4, t6, 13
core   0: 3 0x8000ef64 (0x00dfda13) x20 0x00000000
core   0: 0x8000ef68 (0x008e4783) lbu     a5, 8(t3)
core   0: 3 0x8000ef68 (0x008e4783) x15 0x00000039 mem 0x80015e82
core   0: 0x8000ef6c (0x676d4093) xori    ra, s10, 1654
core   0: 3 0x8000ef6c (0x676d4093) x 1 0xfffff2d3
core   0: 0x8000ef70 (0x01e29f93) slli    t6, t0, 30
core   0: 3 0x8000ef70 (0x01e29f93) x31 0xc0000000
core   0: 0x8000ef74 (0x008e5e83) lhu     t4, 8(t3)
core   0: 3 0x8000ef74 (0x008e5e83) x29 0x00002539 mem 0x80015e82
core   0: 0x8000ef78 (0x008e1303) lh      t1, 8(t3)
core   0: 3 0x8000ef78 (0x008e1303) x 6 0x00002539 mem 0x80015e82
core   0: 0x8000ef7c (0xff3e0f23) sb      s3, -2(t3)
core   0: 3 0x8000ef7c (0xff3e0f23) mem 0x80015e78 0xbf
core   0: 0x8000ef80 (0x003e0303) lb      t1, 3(t3)
core   0: 3 0x8000ef80 (0x003e0303) x 6 0x00000036 mem 0x80015e7d
core   0: 0x8000ef84 (0x0ff0000f) fence   iorw,iorw
core   0: 3 0x8000ef84 (0x0ff0000f)
core   0: 0x8000ef88 (0xe528be93) sltiu   t4, a7, -430
core   0: 3 0x8000ef88 (0xe528be93) x29 0x00000001
core   0: 0x8000ef8c (0x0ff0000f) fence   iorw,iorw
core   0: 3 0x8000ef8c (0x0ff0000f)
core   0: 0x8000ef90 (0xff6e5a83) lhu     s5, -10(t3)
core   0: 3 0x8000ef90 (0xff6e5a83) x21 0x00000001 mem 0x80015e70
core   0: 0x8000ef94 (0x007e0303) lb      t1, 7(t3)
core   0: 3 0x8000ef94 (0x007e0303) x 6 0x0000003a mem 0x80015e81
core   0: 0x8000ef98 (0x019bc233) xor     tp, s7, s9
core   0: 3 0x8000ef98 (0x019bc233) x 4 0x8002eb65
core   0: 0x8000ef9c (0xf59c0a13) addi    s4, s8, -167
core   0: 3 0x8000ef9c (0xf59c0a13) x20 0x30000069
core   0: 0x8000efa0 (0x1769ef93) ori     t6, s3, 374
core   0: 3 0x8000efa0 (0x1769ef93) x31 0xbcbdbfff
core   0: 0x8000efa4 (0x01773533) sltu    a0, a4, s7
core   0: 3 0x8000efa4 (0x01773533) x10 0x00000000
core   0: 0x8000efa8 (0x019c7533) and     a0, s8, s9
core   0: 3 0x8000efa8 (0x019c7533) x10 0x00000100
core   0: 0x8000efac (0x00601a63) bne     zero, t1, pc + 20
core   0: 3 0x8000efac (0x00601a63)
core   0: 0x8000efc0 (0x8e924b93) xori    s7, tp, -1815
core   0: 3 0x8000efc0 (0x8e924b93) x23 0x7ffd138c
core   0: 0x8000efc4 (0x01b89033) sll     zero, a7, s11
core   0: 3 0x8000efc4 (0x01b89033)
core   0: 0x8000efc8 (0xdf1e6d93) ori     s11, t3, -527
core   0: 3 0x8000efc8 (0xdf1e6d93) x27 0xfffffffb
core   0: 0x8000efcc (0x020d8863) beqz    s11, pc + 48
core   0: 3 0x8000efcc (0x020d8863)
core   0: 0x8000efd0 (0x41658c33) sub     s8, a1, s6
core   0: 3 0x8000efd0 (0x41658c33) x24 0x26f5a2cd
core   0: 0x8000efd4 (0x018d1eb3) sll     t4, s10, s8
core   0: 3 0x8000efd4 (0x018d1eb3) x29 0xfe94a000
core   0: 0x8000efd8 (0xde06ce13) xori    t3, a3, -544
core   0: 3 0x8000efd8 (0xde06ce13) x28 0xfffffdf0
core   0: 0x8000efdc (0x016512b3) sll     t0, a0, s6
core   0: 3 0x8000efdc (0x016512b3) x 5 0x08000000
core   0: 0x8000efe0 (0x003d6933) or      s2, s10, gp
core   0: 3 0x8000efe0 (0x003d6933) x18 0xfffff4a5
core   0: 0x8000efe4 (0x005af1b3) and     gp, s5, t0
core   0: 3 0x8000efe4 (0x005af1b3) x 3 0x00000000
core   0: 0x8000efe8 (0xabd58313) addi    t1, a1, -1347
core   0: 3 0x8000efe8 (0xabd58313) x 6 0x7ffffabd
core   0: 0x8000efec (0x0175dd93) srli    s11, a1, 23
core   0: 3 0x8000efec (0x0175dd93) x27 0x00000100
core   0: 0x8000eff0 (0x04096463) bltu    s2, zero, pc + 72
core   0: 3 0x8000eff0 (0x04096463)
core   0: 0x8000eff4 (0x00e57263) bgeu    a0, a4, pc + 4
core   0: 3 0x8000eff4 (0x00e57263)
core   0: 0x8000eff8 (0xbddb1f97) auipc   t6, 0xbddb1
core   0: 3 0x8000eff8 (0xbddb1f97) x31 0x3ddbfff8
core   0: 0x8000effc (0x007bb2b3) sltu    t0, s7, t2
core   0: 3 0x8000effc (0x007bb2b3) x 5 0x00000000
core   0: 0x8000f000 (0x0478c463) blt     a7, t2, pc + 72
core   0: 3 0x8000f000 (0x0478c463)
core   0: 0x8000f004 (0x0348c063) blt     a7, s4, pc + 32
core   0: 3 0x8000f004 (0x0348c063)
core   0: 0x8000f024 (0x000cd4b3) srl     s1, s9, zero
core   0: 3 0x8000f024 (0x000cd4b3) x 9 0x8002eb64
core   0: 0x8000f028 (0x01d42fb3) slt     t6, s0, t4
core   0: 3 0x8000f028 (0x01d42fb3) x31 0x00000000
core   0: 0x8000f02c (0x01d5f263) bgeu    a1, t4, pc + 4
core   0: 3 0x8000f02c (0x01d5f263)
core   0: 0x8000f030 (0x01da9933) sll     s2, s5, t4
core   0: 3 0x8000f030 (0x01da9933) x18 0x00000001
core   0: 0x8000f034 (0x0431e863) bltu    gp, gp, pc + 80
core   0: 3 0x8000f034 (0x0431e863)
core   0: 0x8000f038 (0x46628013) addi    zero, t0, 1126
core   0: 3 0x8000f038 (0x46628013)
core   0: 0x8000f03c (0x342f2f13) slti    t5, t5, 834
core   0: 3 0x8000f03c (0x342f2f13) x30 0x00000001
core   0: 0x8000f040 (0x0585c863) blt     a1, s8, pc + 80
core   0: 3 0x8000f040 (0x0585c863)
core   0: 0x8000f090 (0x00e40fb3) add     t6, s0, a4
core   0: 3 0x8000f090 (0x00e40fb3) x31 0x00000120
core   0: 0x8000f094 (0x01fffbb3) and     s7, t6, t6
core   0: 3 0x8000f094 (0x01fffbb3) x23 0x00000120
core   0: 0x8000f098 (0x004c4b93) xori    s7, s8, 4
core   0: 3 0x8000f098 (0x004c4b93) x23 0x26f5a2c9
core   0: 0x8000f09c (0x02931263) bne     t1, s1, pc + 36
core   0: 3 0x8000f09c (0x02931263)
core   0: 0x8000f0c0 (0x05eec663) blt     t4, t5, pc + 76
core   0: 3 0x8000f0c0 (0x05eec663)
core   0: 0x8000f10c (0x001418b3) sll     a7, s0, ra
core   0: 3 0x8000f10c (0x001418b3) x17 0x01000000
core   0: 0x8000f110 (0x00f092b3) sll     t0, ra, a5
core   0: 3 0x8000f110 (0x00f092b3) x 5 0xa6000000
core   0: 0x8000f114 (0x01e25013) srli    zero, tp, 30
core   0: 3 0x8000f114 (0x01e25013)
core   0: 0x8000f118 (0x02f3dc63) bge     t2, a5, pc + 56
core   0: 3 0x8000f118 (0x02f3dc63)
core   0: 0x8000f11c (0x00fd0033) add     zero, s10, a5
core   0: 3 0x8000f11c (0x00fd0033)
core   0: 0x8000f120 (0x02d64863) blt     a2, a3, pc + 48
core   0: 3 0x8000f120 (0x02d64863)
core   0: 0x8000f150 (0x00c32a33) slt     s4, t1, a2
core   0: 3 0x8000f150 (0x00c32a33) x20 0x00000000
core   0: 0x8000f154 (0x409e0033) sub     zero, t3, s1
core   0: 3 0x8000f154 (0x409e0033)
core   0: 0x8000f158 (0x00656033) or      zero, a0, t1
core   0: 3 0x8000f158 (0x00656033)
core   0: 0x8000f15c (0x28b2f237) lui     tp, 0x28b2f
core   0: 3 0x8000f15c (0x28b2f237) x 4 0x28b2f000
core   0: 0x8000f160 (0x41475eb3) sra     t4, a4, s4
core   0: 3 0x8000f160 (0x41475eb3) x29 0x00000100
core   0: 0x8000f164 (0x001ffd33) and     s10, t6, ra
core   0: 3 0x8000f164 (0x001ffd33) x26 0x00000000
core   0: 0x8000f168 (0x003887b3) add     a5, a7, gp
core   0: 3 0x8000f168 (0x003887b3) x15 0x01000000
core   0: 0x8000f16c (0x05241263) bne     s0, s2, pc + 68
core   0: 3 0x8000f16c (0x05241263)
core   0: 0x8000f1b0 (0x01bb2db3) slt     s11, s6, s11
core   0: 3 0x8000f1b0 (0x01bb2db3) x27 0x00000000
core   0: 0x8000f1b4 (0xd3317a13) andi    s4, sp, -717
core   0: 3 0x8000f1b4 (0xd3317a13) x20 0x8002ec20
core   0: 0x8000f1b8 (0x00969513) slli    a0, a3, 9
core   0: 3 0x8000f1b8 (0x00969513) x10 0x00002000
core   0: 0x8000f1bc (0x00fa5c13) srli    s8, s4, 15
core   0: 3 0x8000f1bc (0x00fa5c13) x24 0x00010005
core   0: 0x8000f1c0 (0x01e1dd93) srli    s11, gp, 30
core   0: 3 0x8000f1c0 (0x01e1dd93) x27 0x00000000
core   0: 0x8000f1c4 (0x056dd063) bge     s11, s6, pc + 64
core   0: 3 0x8000f1c4 (0x056dd063)
core   0: 0x8000f1c8 (0x00000013) nop
core   0: 3 0x8000f1c8 (0x00000013)
core   0: 0x8000f1cc (0x02f3e063) bltu    t2, a5, pc + 32
core   0: 3 0x8000f1cc (0x02f3e063)
core   0: 0x8000f1ec (0x412904b3) sub     s1, s2, s2
core   0: 3 0x8000f1ec (0x412904b3) x 9 0x00000000
core   0: 0x8000f1f0 (0x0ec8cf13) xori    t5, a7, 236
core   0: 3 0x8000f1f0 (0x0ec8cf13) x30 0x010000ec
core   0: 0x8000f1f4 (0x416b5a13) srai    s4, s6, 22
core   0: 3 0x8000f1f4 (0x416b5a13) x20 0x00000164
core   0: 0x8000f1f8 (0xfd7a3f13) sltiu   t5, s4, -41
core   0: 3 0x8000f1f8 (0xfd7a3f13) x30 0x00000001
core   0: 0x8000f1fc (0x000dbe33) sltu    t3, s11, zero
core   0: 3 0x8000f1fc (0x000dbe33) x28 0x00000000
core   0: 0x8000f200 (0x00281213) slli    tp, a6, 2
core   0: 3 0x8000f200 (0x00281213) x 4 0x00000004
core   0: 0x8000f204 (0x005af733) and     a4, s5, t0
core   0: 3 0x8000f204 (0x005af733) x14 0x00000000
core   0: 0x8000f208 (0x00860a63) beq     a2, s0, pc + 20
core   0: 3 0x8000f208 (0x00860a63)
core   0: 0x8000f20c (0x87861837) lui     a6, 0x87861
core   0: 3 0x8000f20c (0x87861837) x16 0x87861000
core   0: 0x8000f210 (0x0ff0000f) fence   iorw,iorw
core   0: 3 0x8000f210 (0x0ff0000f)
core   0: 0x8000f214 (0x45c60d13) addi    s10, a2, 1116
core   0: 3 0x8000f214 (0x45c60d13) x26 0x8002b260
core   0: 0x8000f218 (0x003f0f33) add     t5, t5, gp
core   0: 3 0x8000f218 (0x003f0f33) x30 0x00000001
core   0: 0x8000f21c (0x00330bb3) add     s7, t1, gp
core   0: 3 0x8000f21c (0x00330bb3) x23 0x7ffffabd
core   0: 0x8000f220 (0x35b48a93) addi    s5, s1, 859
core   0: 3 0x8000f220 (0x35b48a93) x21 0x0000035b
core   0: 0x8000f224 (0x41f3dbb3) sra     s7, t2, t6
core   0: 3 0x8000f224 (0x41f3dbb3) x23 0x00000000
core   0: 0x8000f228 (0x38dedbb7) lui     s7, 0x38ded
core   0: 3 0x8000f228 (0x38dedbb7) x23 0x38ded000
core   0: 0x8000f22c (0x41b75713) srai    a4, a4, 27
core   0: 3 0x8000f22c (0x41b75713) x14 0x00000000
core   0: 0x8000f230 (0x58b50693) addi    a3, a0, 1419
core   0: 3 0x8000f230 (0x58b50693) x13 0x0000258b
core   0: 0x8000f234 (0xffd66413) ori     s0, a2, -3
core   0: 3 0x8000f234 (0xffd66413) x 8 0xfffffffd
core   0: 0x8000f238 (0x40f281b3) sub     gp, t0, a5
core   0: 3 0x8000f238 (0x40f281b3) x 3 0xa5000000
core   0: 0x8000f23c (0x40695e13) srai    t3, s2, 6
core   0: 3 0x8000f23c (0x40695e13) x28 0x00000000
core   0: 0x8000f240 (0x00a49fb3) sll     t6, s1, a0
core   0: 3 0x8000f240 (0x00a49fb3) x31 0x00000000
core   0: 0x8000f244 (0x00f61233) sll     tp, a2, a5
core   0: 3 0x8000f244 (0x00f61233) x 4 0x8002ae04
core   0: 0x8000f248 (0x0417d863) bge     a5, ra, pc + 80
core   0: 3 0x8000f248 (0x0417d863)
core   0: 0x8000f298 (0x418e8733) sub     a4, t4, s8
core   0: 3 0x8000f298 (0x418e8733) x14 0xffff00fb
core   0: 0x8000f29c (0x0000100f) fence.i
core   0: 3 0x8000f29c (0x0000100f)
core   0: 0x8000f2a0 (0x29c7c817) auipc   a6, 0x29c7c
core   0: 3 0x8000f2a0 (0x29c7c817) x16 0xa9c8b2a0
core   0: 0x8000f2a4 (0x0083d513) srli    a0, t2, 8
core   0: 3 0x8000f2a4 (0x0083d513) x10 0x00000000
core   0: 0x8000f2a8 (0xffe74713) xori    a4, a4, -2
core   0: 3 0x8000f2a8 (0xffe74713) x14 0x0000ff05
core   0: 0x8000f2ac (0x05008863) beq     ra, a6, pc + 80
core   0: 3 0x8000f2ac (0x05008863)
core   0: 0x8000f2b0 (0x0000100f) fence.i
core   0: 3 0x8000f2b0 (0x0000100f)
core   0: 0x8000f2b4 (0x41ec03b3) sub     t2, s8, t5
core   0: 3 0x8000f2b4 (0x41ec03b3) x 7 0x00010004
core   0: 0x8000f2b8 (0x0000100f) fence.i
core   0: 3 0x8000f2b8 (0x0000100f)
core   0: 0x8000f2bc (0x2a49f413) andi    s0, s3, 676
core   0: 3 0x8000f2bc (0x2a49f413) x 8 0x000002a4
core   0: 0x8000f2c0 (0x009b1993) slli    s3, s6, 9
core   0: 3 0x8000f2c0 (0x009b1993) x19 0x14ba6600
core   0: 0x8000f2c4 (0x05e37063) bgeu    t1, t5, pc + 64
core   0: 3 0x8000f2c4 (0x05e37063)
core   0: 0x8000f304 (0x59ebcf93) xori    t6, s7, 1438
core   0: 3 0x8000f304 (0x59ebcf93) x31 0x38ded59e
core   0: 0x8000f308 (0x035e0c63) beq     t3, s5, pc + 56
core   0: 3 0x8000f308 (0x035e0c63)
core   0: 0x8000f30c (0xa0decd93) xori    s11, t4, -1523
core   0: 3 0x8000f30c (0xa0decd93) x27 0xfffffb0d
core   0: 0x8000f310 (0x02fa9063) bne     s5, a5, pc + 32
core   0: 3 0x8000f310 (0x02fa9063)
core   0: 0x8000f330 (0x04948263) beq     s1, s1, pc + 68
core   0: 3 0x8000f330 (0x04948263)
core   0: 0x8000f374 (0x4119dd33) sra     s10, s3, a7
core   0: 3 0x8000f374 (0x4119dd33) x26 0x14ba6600
core   0: 0x8000f378 (0x9c4ba693) slti    a3, s7, -1596
core   0: 3 0x8000f378 (0x9c4ba693) x13 0x00000000
core   0: 0x8000f37c (0x00000013) nop
core   0: 3 0x8000f37c (0x00000013)
core   0: 0x8000f380 (0x04636663) bltu    t1, t1, pc + 76
core   0: 3 0x8000f380 (0x04636663)
core   0: 0x8000f384 (0x36323e93) sltiu   t4, tp, 867
core   0: 3 0x8000f384 (0x36323e93) x29 0x00000000
core   0: 0x8000f388 (0xe775fc93) andi    s9, a1, -393
core   0: 3 0x8000f388 (0xe775fc93) x25 0x80000000
core   0: 0x8000f38c (0x709ac993) xori    s3, s5, 1801
core   0: 3 0x8000f38c (0x709ac993) x19 0x00000452
core   0: 0x8000f390 (0x90fee513) ori     a0, t4, -1777
core   0: 3 0x8000f390 (0x90fee513) x10 0xfffff90f
core   0: 0x8000f394 (0x75dd7437) lui     s0, 0x75dd7
core   0: 3 0x8000f394 (0x75dd7437) x 8 0x75dd7000
core   0: 0x8000f398 (0x00d49193) slli    gp, s1, 13
core   0: 3 0x8000f398 (0x00d49193) x 3 0x00000000
core   0: 0x8000f39c (0x52d26d37) lui     s10, 0x52d26
core   0: 3 0x8000f39c (0x52d26d37) x26 0x52d26000
core   0: 0x8000f3a0 (0x0ff0000f) fence   iorw,iorw
core   0: 3 0x8000f3a0 (0x0ff0000f)
core   0: 0x8000f3a4 (0x40b4d393) srai    t2, s1, 11
core   0: 3 0x8000f3a4 (0x40b4d393) x 7 0x00000000
core   0: 0x8000f3a8 (0xe8c1c713) xori    a4, gp, -372
core   0: 3 0x8000f3a8 (0xe8c1c713) x14 0xfffffe8c
core   0: 0x8000f3ac (0x00a39eb3) sll     t4, t2, a0
core   0: 3 0x8000f3ac (0x00a39eb3) x29 0x00000000
core   0: 0x8000f3b0 (0x01b077b3) and     a5, zero, s11
core   0: 3 0x8000f3b0 (0x01b077b3) x15 0x00000000
core   0: 0x8000f3b4 (0x012c1b13) slli    s6, s8, 18
core   0: 3 0x8000f3b4 (0x012c1b13) x22 0x00140000
core   0: 0x8000f3b8 (0x0147f333) and     t1, a5, s4
core   0: 3 0x8000f3b8 (0x0147f333) x 6 0x00000000
core   0: 0x8000f3bc (0x0ff0000f) fence   iorw,iorw
core   0: 3 0x8000f3bc (0x0ff0000f)
core   0: 0x8000f3c0 (0x02e6f463) bgeu    a3, a4, pc + 40
core   0: 3 0x8000f3c0 (0x02e6f463)
core   0: 0x8000f3c4 (0x40a55833) sra     a6, a0, a0
core   0: 3 0x8000f3c4 (0x40a55833) x16 0xffffffff
core   0: 0x8000f3c8 (0x0ff0000f) fence   iorw,iorw
core   0: 3 0x8000f3c8 (0x0ff0000f)
core   0: 0x8000f3cc (0x01410433) add     s0, sp, s4
core   0: 3 0x8000f3cc (0x01410433) x 8 0x8002ee48
core   0: 0x8000f3d0 (0x00da7d33) and     s10, s4, a3
core   0: 3 0x8000f3d0 (0x00da7d33) x26 0x00000000
core   0: 0x8000f3d4 (0x4d2aa713) slti    a4, s5, 1234
core   0: 3 0x8000f3d4 (0x4d2aa713) x14 0x00000001
core   0: 0x8000f3d8 (0x40c10bb3) sub     s7, sp, a2
core   0: 3 0x8000f3d8 (0x40c10bb3) x23 0x00003ee0
core   0: 0x8000f3dc (0x017b5db3) srl     s11, s6, s7
core   0: 3 0x8000f3dc (0x017b5db3) x27 0x00140000
core   0: 0x8000f3e0 (0x839ff497) auipc   s1, 0x839ff
core   0: 3 0x8000f3e0 (0x839ff497) x 9 0x03a0e3e0
core   0: 0x8000f3e4 (0x05e04663) blt     zero, t5, pc + 76
core   0: 3 0x8000f3e4 (0x05e04663)
core   0: 0x8000f430 (0x01c3abb3) slt     s7, t2, t3
core   0: 3 0x8000f430 (0x01c3abb3) x23 0x00000000
core   0: 0x8000f434 (0x01c8e333) or      t1, a7, t3
core   0: 3 0x8000f434 (0x01c8e333) x 6 0x01000000
core   0: 0x8000f438 (0x73bd0a93) addi    s5, s10, 1851
core   0: 3 0x8000f438 (0x73bd0a93) x21 0x0000073b
core   0: 0x8000f43c (0x288cfd17) auipc   s10, 0x288cf
core   0: 3 0x8000f43c (0x288cfd17) x26 0xa88de43c
core   0: 0x8000f440 (0x0ff0000f) fence   iorw,iorw
core   0: 3 0x8000f440 (0x0ff0000f)
core   0: 0x8000f444 (0x014551b3) srl     gp, a0, s4
core   0: 3 0x8000f444 (0x014551b3) x 3 0x0fffff90
core   0: 0x8000f448 (0x40f40333) sub     t1, s0, a5
core   0: 3 0x8000f448 (0x40f40333) x 6 0x8002ee48
core   0: 0x8000f44c (0x00185393) srli    t2, a6, 1
core   0: 3 0x8000f44c (0x00185393) x 7 0x7fffffff
core   0: 0x8000f450 (0x0105dab3) srl     s5, a1, a6
core   0: 3 0x8000f450 (0x0105dab3) x21 0x00000001
core   0: 0x8000f454 (0x0422f663) bgeu    t0, sp, pc + 76
core   0: 3 0x8000f454 (0x0422f663)
core   0: 0x8000f4a0 (0x97d3ed93) ori     s11, t2, -1667
core   0: 3 0x8000f4a0 (0x97d3ed93) x27 0xffffffff
core   0: 0x8000f4a4 (0x00616ab3) or      s5, sp, t1
core   0: 3 0x8000f4a4 (0x00616ab3) x21 0x8002eeec
core   0: 0x8000f4a8 (0x01d976b3) and     a3, s2, t4
core   0: 3 0x8000f4a8 (0x01d976b3) x13 0x00000000
core   0: 0x8000f4ac (0xa7c9ca13) xori    s4, s3, -1412
core   0: 3 0x8000f4ac (0xa7c9ca13) x20 0xfffffe2e
core   0: 0x8000f4b0 (0x04898663) beq     s3, s0, pc + 76
core   0: 3 0x8000f4b0 (0x04898663)
core   0: 0x8000f4b4 (0x0ff0000f) fence   iorw,iorw
core   0: 3 0x8000f4b4 (0x0ff0000f)
core   0: 0x8000f4b8 (0xb2394013) xori    zero, s2, -1245
core   0: 3 0x8000f4b8 (0xb2394013)
core   0: 0x8000f4bc (0x01f71233) sll     tp, a4, t6
core   0: 3 0x8000f4bc (0x01f71233) x 4 0x40000000
core   0: 0x8000f4c0 (0x38eb6e93) ori     t4, s6, 910
core   0: 3 0x8000f4c0 (0x38eb6e93) x29 0x0014038e
core   0: 0x8000f4c4 (0x01a95263) bge     s2, s10, pc + 4
core   0: 3 0x8000f4c4 (0x01a95263)
core   0: 0x8000f4c8 (0x04a57463) bgeu    a0, a0, pc + 72
core   0: 3 0x8000f4c8 (0x04a57463)
core   0: 0x8000f510 (0xdd238913) addi    s2, t2, -558
core   0: 3 0x8000f510 (0xdd238913) x18 0x7ffffdd1
core   0: 0x8000f514 (0x0056f033) and     zero, a3, t0
core   0: 3 0x8000f514 (0x0056f033)
core   0: 0x8000f518 (0xb759bb13) sltiu   s6, s3, -1163
core   0: 3 0x8000f518 (0xb759bb13) x22 0x00000001
core   0: 0x8000f51c (0x000d5433) srl     s0, s10, zero
core   0: 3 0x8000f51c (0x000d5433) x 8 0xa88de43c
core   0: 0x8000f520 (0x00751c63) bne     a0, t2, pc + 24
core   0: 3 0x8000f520 (0x00751c63)
core   0: 0x8000f538 (0x0088f733) and     a4, a7, s0
core   0: 3 0x8000f538 (0x0088f733) x14 0x00000000
core   0: 0x8000f53c (0x0379c863) blt     s3, s7, pc + 48
core   0: 3 0x8000f53c (0x0379c863)
core   0: 0x8000f540 (0x2d207993) andi    s3, zero, 722
core   0: 3 0x8000f540 (0x2d207993) x19 0x00000000
core   0: 0x8000f544 (0x03de7463) bgeu    t3, t4, pc + 40
core   0: 3 0x8000f544 (0x03de7463)
core   0: 0x8000f548 (0x01ab1e13) slli    t3, s6, 26
core   0: 3 0x8000f548 (0x01ab1e13) x28 0x04000000
core   0: 0x8000f54c (0x406602b3) sub     t0, a2, t1
core   0: 3 0x8000f54c (0x406602b3) x 5 0xffffbfbc
core   0: 0x8000f550 (0x1bfdb013) sltiu   zero, s11, 447
core   0: 3 0x8000f550 (0x1bfdb013)
core   0: 0x8000f554 (0x014220b3) slt     ra, tp, s4
core   0: 3 0x8000f554 (0x014220b3) x 1 0x00000000
core   0: 0x8000f558 (0x0000100f) fence.i
core   0: 3 0x8000f558 (0x0000100f)
core   0: 0x8000f55c (0x4071d1b3) sra     gp, gp, t2
core   0: 3 0x8000f55c (0x4071d1b3) x 3 0x00000000
core   0: 0x8000f560 (0x0148dfb3) srl     t6, a7, s4
core   0: 3 0x8000f560 (0x0148dfb3) x31 0x00000400
core   0: 0x8000f564 (0x005bdc93) srli    s9, s7, 5
core   0: 3 0x8000f564 (0x005bdc93) x25 0x00000000
core   0: 0x8000f568 (0x042e7263) bgeu    t3, sp, pc + 68
core   0: 3 0x8000f568 (0x042e7263)
core   0: 0x8000f56c (0xb925b493) sltiu   s1, a1, -1134
core   0: 3 0x8000f56c (0xb925b493) x 9 0x00000001
core   0: 0x8000f570 (0x68abd417) auipc   s0, 0x68abd
core   0: 3 0x8000f570 (0x68abd417) x 8 0xe8acc570
core   0: 0x8000f574 (0x0000100f) fence.i
core   0: 3 0x8000f574 (0x0000100f)
core   0: 0x8000f578 (0x04e57793) andi    a5, a0, 78
core   0: 3 0x8000f578 (0x04e57793) x15 0x0000000e
core   0: 0x8000f57c (0x03f66063) bltu    a2, t6, pc + 32
core   0: 3 0x8000f57c (0x03f66063)
core   0: 0x8000f580 (0x02fdd663) bge     s11, a5, pc + 44
core   0: 3 0x8000f580 (0x02fdd663)
core   0: 0x8000f584 (0xdd116b13) ori     s6, sp, -559
core   0: 3 0x8000f584 (0xdd116b13) x22 0xfffffdf5
core   0: 0x8000f588 (0xa2b5f813) andi    a6, a1, -1493
core   0: 3 0x8000f588 (0xa2b5f813) x16 0x80000000
core   0: 0x8000f58c (0x01025933) srl     s2, tp, a6
core   0: 3 0x8000f58c (0x01025933) x18 0x40000000
core   0: 0x8000f590 (0x0000100f) fence.i
core   0: 3 0x8000f590 (0x0000100f)
core   0: 0x8000f594 (0x01d16c33) or      s8, sp, t4
core   0: 3 0x8000f594 (0x01d16c33) x24 0x8016efee
core   0: 0x8000f598 (0x03f0c463) blt     ra, t6, pc + 40
core   0: 3 0x8000f598 (0x03f0c463)
core   0: 0x8000f5c0 (0x01bdd333) srl     t1, s11, s11
core   0: 3 0x8000f5c0 (0x01bdd333) x 6 0x00000001
core   0: 0x8000f5c4 (0x411b0933) sub     s2, s6, a7
core   0: 3 0x8000f5c4 (0x411b0933) x18 0xfefffdf5
core   0: 0x8000f5c8 (0x03a66a63) bltu    a2, s10, pc + 52
core   0: 3 0x8000f5c8 (0x03a66a63)
core   0: 0x8000f5fc (0x00505333) srl     t1, zero, t0
core   0: 3 0x8000f5fc (0x00505333) x 6 0x00000000
core   0: 0x8000f600 (0x0018a3b3) slt     t2, a7, ra
core   0: 3 0x8000f600 (0x0018a3b3) x 7 0x00000000
core   0: 0x8000f604 (0x002342b3) xor     t0, t1, sp
core   0: 3 0x8000f604 (0x002342b3) x 5 0x8002ece4
core   0: 0x8000f608 (0x05764463) blt     a2, s7, pc + 72
core   0: 3 0x8000f608 (0x05764463)
core   0: 0x8000f650 (0x3a08ae13) slti    t3, a7, 928
core   0: 3 0x8000f650 (0x3a08ae13) x28 0x00000000
core   0: 0x8000f654 (0x01465033) srl     zero, a2, s4
core   0: 3 0x8000f654 (0x01465033)
core   0: 0x8000f658 (0x48eb7c93) andi    s9, s6, 1166
core   0: 3 0x8000f658 (0x48eb7c93) x25 0x00000484
core   0: 0x8000f65c (0x00cfb2b3) sltu    t0, t6, a2
core   0: 3 0x8000f65c (0x00cfb2b3) x 5 0x00000001
core   0: 0x8000f660 (0x41468b33) sub     s6, a3, s4
core   0: 3 0x8000f660 (0x41468b33) x22 0x000001d2
core   0: 0x8000f664 (0x652a0b93) addi    s7, s4, 1618
core   0: 3 0x8000f664 (0x652a0b93) x23 0x00000480
core   0: 0x8000f668 (0x00b343b3) xor     t2, t1, a1
core   0: 3 0x8000f668 (0x00b343b3) x 7 0x80000000
core   0: 0x8000f66c (0x4092d533) sra     a0, t0, s1
core   0: 3 0x8000f66c (0x4092d533) x10 0x00000000
core   0: 0x8000f670 (0x417adc33) sra     s8, s5, s7
core   0: 3 0x8000f670 (0x417adc33) x24 0x8002eeec
core   0: 0x8000f674 (0x0117bdb3) sltu    s11, a5, a7
core   0: 3 0x8000f674 (0x0117bdb3) x27 0x00000001
core   0: 0x8000f678 (0xe2e1cd93) xori    s11, gp, -466
core   0: 3 0x8000f678 (0xe2e1cd93) x27 0xfffffe2e
core   0: 0x8000f67c (0xb59399b7) lui     s3, 0xb5939
core   0: 3 0x8000f67c (0xb59399b7) x19 0xb5939000
core   0: 0x8000f680 (0x00000013) nop
core   0: 3 0x8000f680 (0x00000013)
core   0: 0x8000f684 (0x00405f93) srli    t6, zero, 4
core   0: 3 0x8000f684 (0x00405f93) x31 0x00000000
core   0: 0x8000f688 (0x614c8993) addi    s3, s9, 1556
core   0: 3 0x8000f688 (0x614c8993) x19 0x00000a98
core   0: 0x8000f68c (0x0000100f) fence.i
core   0: 3 0x8000f68c (0x0000100f)
core   0: 0x8000f690 (0x4076dd33) sra     s10, a3, t2
core   0: 3 0x8000f690 (0x4076dd33) x26 0x00000000
core   0: 0x8000f694 (0x01c8f6b3) and     a3, a7, t3
core   0: 3 0x8000f694 (0x01c8f6b3) x13 0x00000000
core   0: 0x8000f698 (0x0449c663) blt     s3, tp, pc + 76
core   0: 3 0x8000f698 (0x0449c663)
core   0: 0x8000f6e4 (0xbda87013) andi    zero, a6, -1062
core   0: 3 0x8000f6e4 (0xbda87013)
core   0: 0x8000f6e8 (0x40bdda13) srai    s4, s11, 11
core   0: 3 0x8000f6e8 (0x40bdda13) x20 0xffffffff
core   0: 0x8000f6ec (0x0319ec63) bltu    s3, a7, pc + 56
core   0: 3 0x8000f6ec (0x0319ec63)
core   0: 0x8000f724 (0x044d7463) bgeu    s10, tp, pc + 72
core   0: 3 0x8000f724 (0x044d7463)
core   0: 0x8000f728 (0x009edc63) bge     t4, s1, pc + 24
core   0: 3 0x8000f728 (0x009edc63)
core   0: 0x8000f740 (0x01b7d733) srl     a4, a5, s11
core   0: 3 0x8000f740 (0x01b7d733) x14 0x00000000
core   0: 0x8000f744 (0x40d2d013) srai    zero, t0, 13
core   0: 3 0x8000f744 (0x40d2d013)
core   0: 0x8000f748 (0x04159263) bne     a1, ra, pc + 68
core   0: 3 0x8000f748 (0x04159263)
core   0: 0x8000f78c (0x03121663) bne     tp, a7, pc + 44
core   0: 3 0x8000f78c (0x03121663)
core   0: 0x8000f7b8 (0x40745b93) srai    s7, s0, 7
core   0: 3 0x8000f7b8 (0x40745b93) x23 0xffd1598a
core   0: 0x8000f7bc (0x018ce533) or      a0, s9, s8
core   0: 3 0x8000f7bc (0x018ce533) x10 0x8002eeec
core   0: 0x8000f7c0 (0x020d6863) bltu    s10, zero, pc + 48
core   0: 3 0x8000f7c0 (0x020d6863)
core   0: 0x8000f7c4 (0x00000013) nop
core   0: 3 0x8000f7c4 (0x00000013)
core   0: 0x8000f7c8 (0x02016063) bltu    sp, zero, pc + 32
core   0: 3 0x8000f7c8 (0x02016063)
core   0: 0x8000f7cc (0x010b1293) slli    t0, s6, 16
core   0: 3 0x8000f7cc (0x010b1293) x 5 0x01d20000
core   0: 0x8000f7d0 (0x07d53013) sltiu   zero, a0, 125
core   0: 3 0x8000f7d0 (0x07d53013)
core   0: 0x8000f7d4 (0x0085dbb3) srl     s7, a1, s0
core   0: 3 0x8000f7d4 (0x0085dbb3) x23 0x00008000
core   0: 0x8000f7d8 (0x03e57263) bgeu    a0, t5, pc + 36
core   0: 3 0x8000f7d8 (0x03e57263)
core   0: 0x8000f7fc (0x00dc4933) xor     s2, s8, a3
core   0: 3 0x8000f7fc (0x00dc4933) x18 0x8002eeec
core   0: 0x8000f800 (0x41ca0233) sub     tp, s4, t3
core   0: 3 0x8000f800 (0x41ca0233) x 4 0xffffffff
core   0: 0x8000f804 (0x02224c63) blt     tp, sp, pc + 56
core   0: 3 0x8000f804 (0x02224c63)
core   0: 0x8000f808 (0x41105e13) srai    t3, zero, 17
core   0: 3 0x8000f808 (0x41105e13) x28 0x00000000
core   0: 0x8000f80c (0x1445a213) slti    tp, a1, 324
core   0: 3 0x8000f80c (0x1445a213) x 4 0x00000001
core   0: 0x8000f810 (0x54c12093) slti    ra, sp, 1356
core   0: 3 0x8000f810 (0x54c12093) x 1 0x00000001
core   0: 0x8000f814 (0x4163df93) srai    t6, t2, 22
core   0: 3 0x8000f814 (0x4163df93) x31 0xfffffe00
core   0: 0x8000f818 (0x0000100f) fence.i
core   0: 3 0x8000f818 (0x0000100f)
core   0: 0x8000f81c (0x0110c233) xor     tp, ra, a7
core   0: 3 0x8000f81c (0x0110c233) x 4 0x01000001
core   0: 0x8000f820 (0x00ee4c33) xor     s8, t3, a4
core   0: 3 0x8000f820 (0x00ee4c33) x24 0x00000000
core   0: 0x8000f824 (0x00c1dc13) srli    s8, gp, 12
core   0: 3 0x8000f824 (0x00c1dc13) x24 0x00000000
core   0: 0x8000f828 (0x11d00e13) li      t3, 285
core   0: 3 0x8000f828 (0x11d00e13) x28 0x0000011d
core   0: 0x8000f82c (0x00269533) sll     a0, a3, sp
core   0: 3 0x8000f82c (0x00269533) x10 0x00000000
core   0: 0x8000f830 (0x01f219b3) sll     s3, tp, t6
core   0: 3 0x8000f830 (0x01f219b3) x19 0x01000001
core   0: 0x8000f834 (0x0089c9b3) xor     s3, s3, s0
core   0: 3 0x8000f834 (0x0089c9b3) x19 0xe9acc571
core   0: 0x8000f838 (0xacada793) slti    a5, s11, -1334
core   0: 3 0x8000f838 (0xacada793) x15 0x00000000
core   0: 0x8000f83c (0xe631ab13) slti    s6, gp, -413
core   0: 3 0x8000f83c (0xe631ab13) x22 0x00000000
core   0: 0x8000f840 (0x00eec833) xor     a6, t4, a4
core   0: 3 0x8000f840 (0x00eec833) x16 0x0014038e
core   0: 0x8000f844 (0x0c226f13) ori     t5, tp, 194
core   0: 3 0x8000f844 (0x0c226f13) x30 0x010000c3
core   0: 0x8000f848 (0x00ab1093) slli    ra, s6, 10
core   0: 3 0x8000f848 (0x00ab1093) x 1 0x00000000
core   0: 0x8000f84c (0x0177ef33) or      t5, a5, s7
core   0: 3 0x8000f84c (0x0177ef33) x30 0x00008000
core   0: 0x8000f850 (0x005679b3) and     s3, a2, t0
core   0: 3 0x8000f850 (0x005679b3) x19 0x00020000
core   0: 0x8000f854 (0x40b18f33) sub     t5, gp, a1
core   0: 3 0x8000f854 (0x40b18f33) x30 0x80000000
core   0: 0x8000f858 (0x02f7ee63) bltu    a5, a5, pc + 60
core   0: 3 0x8000f858 (0x02f7ee63)
core   0: 0x8000f85c (0x01620733) add     a4, tp, s6
core   0: 3 0x8000f85c (0x01620733) x14 0x01000001
core   0: 0x8000f860 (0x0177b233) sltu    tp, a5, s7
core   0: 3 0x8000f860 (0x0177b233) x 4 0x00000001
core   0: 0x8000f864 (0xbcd49eb7) lui     t4, 0xbcd49
core   0: 3 0x8000f864 (0xbcd49eb7) x29 0xbcd49000
core   0: 0x8000f868 (0x00159493) slli    s1, a1, 1
core   0: 3 0x8000f868 (0x00159493) x 9 0x00000000
core   0: 0x8000f86c (0x407c5d93) srai    s11, s8, 7
core   0: 3 0x8000f86c (0x407c5d93) x27 0x00000000
core   0: 0x8000f870 (0x40fdd733) sra     a4, s11, a5
core   0: 3 0x8000f870 (0x40fdd733) x14 0x00000000
core   0: 0x8000f874 (0x41140233) sub     tp, s0, a7
core   0: 3 0x8000f874 (0x41140233) x 4 0xe7acc570
core   0: 0x8000f878 (0xf2e40693) addi    a3, s0, -210
core   0: 3 0x8000f878 (0xf2e40693) x13 0xe8acc49e
core   0: 0x8000f87c (0x00d56a63) bltu    a0, a3, pc + 20
core   0: 3 0x8000f87c (0x00d56a63)
core   0: 0x8000f890 (0x00f65e93) srli    t4, a2, 15
core   0: 3 0x8000f890 (0x00f65e93) x29 0x00010005
core   0: 0x8000f894 (0x5a91f213) andi    tp, gp, 1449
core   0: 3 0x8000f894 (0x5a91f213) x 4 0x00000000
core   0: 0x8000f898 (0x00d2c9b3) xor     s3, t0, a3
core   0: 3 0x8000f898 (0x00d2c9b3) x19 0xe97ec49e
core   0: 0x8000f89c (0xde44ac17) auipc   s8, 0xde44a
core   0: 3 0x8000f89c (0xde44ac17) x24 0x5e45989c
core   0: 0x8000f8a0 (0x003b1093) slli    ra, s6, 3
core   0: 3 0x8000f8a0 (0x003b1093) x 1 0x00000000
core   0: 0x8000f8a4 (0x01e39193) slli    gp, t2, 30
core   0: 3 0x8000f8a4 (0x01e39193) x 3 0x00000000
core   0: 0x8000f8a8 (0x0b190b93) addi    s7, s2, 177
core   0: 3 0x8000f8a8 (0x0b190b93) x23 0x8002ef9d
core   0: 0x8000f8ac (0x41b3d533) sra     a0, t2, s11
core   0: 3 0x8000f8ac (0x41b3d533) x10 0x80000000
core   0: 0x8000f8b0 (0x41ba8b33) sub     s6, s5, s11
core   0: 3 0x8000f8b0 (0x41ba8b33) x22 0x8002eeec
core   0: 0x8000f8b4 (0x414107b3) sub     a5, sp, s4
core   0: 3 0x8000f8b4 (0x414107b3) x15 0x8002ece5
core   0: 0x8000f8b8 (0x002b6c63) bltu    s6, sp, pc + 24
core   0: 3 0x8000f8b8 (0x002b6c63)
core   0: 0x8000f8bc (0x00949413) slli    s0, s1, 9
core   0: 3 0x8000f8bc (0x00949413) x 8 0x00000000
core   0: 0x8000f8c0 (0x14888893) addi    a7, a7, 328
core   0: 3 0x8000f8c0 (0x14888893) x17 0x01000148
core   0: 0x8000f8c4 (0x00000013) nop
core   0: 3 0x8000f8c4 (0x00000013)
core   0: 0x8000f8c8 (0x0073bfb3) sltu    t6, t2, t2
core   0: 3 0x8000f8c8 (0x0073bfb3) x31 0x00000000
core   0: 0x8000f8cc (0x00000013) nop
core   0: 3 0x8000f8cc (0x00000013)
core   0: 0x8000f8d0 (0xa050e413) ori     s0, ra, -1531
core   0: 3 0x8000f8d0 (0xa050e413) x 8 0xfffffa05
core   0: 0x8000f8d4 (0xfc666917) auipc   s2, 0xfc666
core   0: 3 0x8000f8d4 (0xfc666917) x18 0x7c6758d4
core   0: 0x8000f8d8 (0x010320b3) slt     ra, t1, a6
core   0: 3 0x8000f8d8 (0x010320b3) x 1 0x00000001
core   0: 0x8000f8dc (0xf56b7c93) andi    s9, s6, -170
core   0: 3 0x8000f8dc (0xf56b7c93) x25 0x8002ee44
core   0: 0x8000f8e0 (0x007d1213) slli    tp, s10, 7
core   0: 3 0x8000f8e0 (0x007d1213) x 4 0x00000000
core   0: 0x8000f8e4 (0x404787b3) sub     a5, a5, tp
core   0: 3 0x8000f8e4 (0x404787b3) x15 0x8002ece5
core   0: 0x8000f8e8 (0x015cb433) sltu    s0, s9, s5
core   0: 3 0x8000f8e8 (0x015cb433) x 8 0x00000001
core   0: 0x8000f8ec (0xc1c2a793) slti    a5, t0, -996
core   0: 3 0x8000f8ec (0xc1c2a793) x15 0x00000000
core   0: 0x8000f8f0 (0x406157b3) sra     a5, sp, t1
core   0: 3 0x8000f8f0 (0x406157b3) x15 0x8002ece4
core   0: 0x8000f8f4 (0x05585063) bge     a6, s5, pc + 64
core   0: 3 0x8000f8f4 (0x05585063)
core   0: 0x8000f934 (0x00000013) nop
core   0: 3 0x8000f934 (0x00000013)
core   0: 0x8000f938 (0x03bec663) blt     t4, s11, pc + 44
core   0: 3 0x8000f938 (0x03bec663)
core   0: 0x8000f93c (0x0ff0000f) fence   iorw,iorw
core   0: 3 0x8000f93c (0x0ff0000f)
core   0: 0x8000f940 (0x00e17a33) and     s4, sp, a4
core   0: 3 0x8000f940 (0x00e17a33) x20 0x00000000
core   0: 0x8000f944 (0x00c25e93) srli    t4, tp, 12
core   0: 3 0x8000f944 (0x00c25e93) x29 0x00000000
core   0: 0x8000f948 (0x98538693) addi    a3, t2, -1659
core   0: 3 0x8000f948 (0x98538693) x13 0x7ffff985
core   0: 0x8000f94c (0x00dd9813) slli    a6, s11, 13
core   0: 3 0x8000f94c (0x00dd9813) x16 0x00000000
core   0: 0x8000f950 (0x41008b33) sub     s6, ra, a6
core   0: 3 0x8000f950 (0x41008b33) x22 0x00000001
core   0: 0x8000f954 (0x14dd3f37) lui     t5, 0x14dd3
core   0: 3 0x8000f954 (0x14dd3f37) x30 0x14dd3000
core   0: 0x8000f958 (0x0000100f) fence.i
core   0: 3 0x8000f958 (0x0000100f)
core   0: 0x8000f95c (0x40c65db3) sra     s11, a2, a2
core   0: 3 0x8000f95c (0x40c65db3) x27 0xf8002ae0
core   0: 0x8000f960 (0x00000013) nop
core   0: 3 0x8000f960 (0x00000013)
core   0: 0x8000f964 (0x0000100f) fence.i
core   0: 3 0x8000f964 (0x0000100f)
core   0: 0x8000f968 (0xf627bab7) lui     s5, 0xf627b
core   0: 3 0x8000f968 (0xf627bab7) x21 0xf627b000
core   0: 0x8000f96c (0x411b8eb3) sub     t4, s7, a7
core   0: 3 0x8000f96c (0x411b8eb3) x29 0x7f02ee55
core   0: 0x8000f970 (0x00000013) nop
core   0: 3 0x8000f970 (0x00000013)
core   0: 0x8000f974 (0x24e8bb93) sltiu   s7, a7, 590
core   0: 3 0x8000f974 (0x24e8bb93) x23 0x00000000
core   0: 0x8000f978 (0xc2f38313) addi    t1, t2, -977
core   0: 3 0x8000f978 (0xc2f38313) x 6 0x7ffffc2f
core   0: 0x8000f97c (0x007bd993) srli    s3, s7, 7
core   0: 3 0x8000f97c (0x007bd993) x19 0x00000000
core   0: 0x8000f980 (0x45a0cc93) xori    s9, ra, 1114
core   0: 3 0x8000f980 (0x45a0cc93) x25 0x0000045b
core   0: 0x8000f984 (0xa4c27937) lui     s2, 0xa4c27
core   0: 3 0x8000f984 (0xa4c27937) x18 0xa4c27000
core   0: 0x8000f988 (0x00843337) lui     t1, 0x843
core   0: 3 0x8000f988 (0x00843337) x 6 0x00843000
core   0: 0x8000f98c (0x059dc463) blt     s11, s9, pc + 72
core   0: 3 0x8000f98c (0x059dc463)
core   0: 0x8000f9d4 (0x1b082f17) auipc   t5, 0x1b082
core   0: 3 0x8000f9d4 (0x1b082f17) x30 0x9b0919d4
core   0: 0x8000f9d8 (0x0030a533) slt     a0, ra, gp
core   0: 3 0x8000f9d8 (0x0030a533) x10 0x00000000
core   0: 0x8000f9dc (0x01794263) blt     s2, s7, pc + 4
core   0: 3 0x8000f9dc (0x01794263)
core   0: 0x8000f9e0 (0x95ac3f13) sltiu   t5, s8, -1702
core   0: 3 0x8000f9e0 (0x95ac3f13) x30 0x00000001
core   0: 0x8000f9e4 (0x008fa9b3) slt     s3, t6, s0
core   0: 3 0x8000f9e4 (0x008fa9b3) x19 0x00000001
core   0: 0x8000f9e8 (0x02a4e263) bltu    s1, a0, pc + 36
core   0: 3 0x8000f9e8 (0x02a4e263)
core   0: 0x8000f9ec (0x00000013) nop
core   0: 3 0x8000f9ec (0x00000013)
core   0: 0x8000f9f0 (0x311bfb93) andi    s7, s7, 785
core   0: 3 0x8000f9f0 (0x311bfb93) x23 0x00000000
core   0: 0x8000f9f4 (0x4014d093) srai    ra, s1, 1
core   0: 3 0x8000f9f4 (0x4014d093) x 1 0x00000000
core   0: 0x8000f9f8 (0x0ff0000f) fence   iorw,iorw
core   0: 3 0x8000f9f8 (0x0ff0000f)
core   0: 0x8000f9fc (0x00790b33) add     s6, s2, t2
core   0: 3 0x8000f9fc (0x00790b33) x22 0x24c27000
core   0: 0x8000fa00 (0x01118263) beq     gp, a7, pc + 4
core   0: 3 0x8000fa00 (0x01118263)
core   0: 0x8000fa04 (0x02bd5463) bge     s10, a1, pc + 40
core   0: 3 0x8000fa04 (0x02bd5463)
core   0: 0x8000fa2c (0x01cc1263) bne     s8, t3, pc + 4
core   0: 3 0x8000fa2c (0x01cc1263)
core   0: 0x8000fa30 (0x03f77e63) bgeu    a4, t6, pc + 60
core   0: 3 0x8000fa30 (0x03f77e63)
core   0: 0x8000fa6c (0x0019f0b3) and     ra, s3, ra
core   0: 3 0x8000fa6c (0x0019f0b3) x 1 0x00000000
core   0: 0x8000fa70 (0x00d2b433) sltu    s0, t0, a3
core   0: 3 0x8000fa70 (0x00d2b433) x 8 0x00000001
core   0: 0x8000fa74 (0x02d20c63) beq     tp, a3, pc + 56
core   0: 3 0x8000fa74 (0x02d20c63)
core   0: 0x8000fa78 (0x41cbdcb3) sra     s9, s7, t3
core   0: 3 0x8000fa78 (0x41cbdcb3) x25 0x00000000
core   0: 0x8000fa7c (0x2380ee13) ori     t3, ra, 568
core   0: 3 0x8000fa7c (0x2380ee13) x28 0x00000238
core   0: 0x8000fa80 (0x309f0093) addi    ra, t5, 777
core   0: 3 0x8000fa80 (0x309f0093) x 1 0x0000030a
core   0: 0x8000fa84 (0x41f888b3) sub     a7, a7, t6
core   0: 3 0x8000fa84 (0x41f888b3) x17 0x01000148
core   0: 0x8000fa88 (0x0042c833) xor     a6, t0, tp
core   0: 3 0x8000fa88 (0x0042c833) x16 0x01d20000
core   0: 0x8000fa8c (0x84628813) addi    a6, t0, -1978
core   0: 3 0x8000fa8c (0x84628813) x16 0x01d1f846
core   0: 0x8000fa90 (0x41375d13) srai    s10, a4, 19
core   0: 3 0x8000fa90 (0x41375d13) x26 0x00000000
core   0: 0x8000fa94 (0xafd3b493) sltiu   s1, t2, -1283
core   0: 3 0x8000fa94 (0xafd3b493) x 9 0x00000001
core   0: 0x8000fa98 (0x00000013) nop
core   0: 3 0x8000fa98 (0x00000013)
core   0: 0x8000fa9c (0x00e7e2b3) or      t0, a5, a4
core   0: 3 0x8000fa9c (0x00e7e2b3) x 5 0x8002ece4
core   0: 0x8000faa0 (0x418e0cb3) sub     s9, t3, s8
core   0: 3 0x8000faa0 (0x418e0cb3) x25 0xa1ba699c
core   0: 0x8000faa4 (0x03074663) blt     a4, a6, pc + 44
core   0: 3 0x8000faa4 (0x03074663)
core   0: 0x8000fad0 (0x000fa333) slt     t1, t6, zero
core   0: 3 0x8000fad0 (0x000fa333) x 6 0x00000000
core   0: 0x8000fad4 (0x0370c263) blt     ra, s7, pc + 36
core   0: 3 0x8000fad4 (0x0370c263)
core   0: 0x8000fad8 (0x0000100f) fence.i
core   0: 3 0x8000fad8 (0x0000100f)
core   0: 0x8000fadc (0x70e70693) addi    a3, a4, 1806
core   0: 3 0x8000fadc (0x70e70693) x13 0x0000070e
core   0: 0x8000fae0 (0x38f8a237) lui     tp, 0x38f8a
core   0: 3 0x8000fae0 (0x38f8a237) x 4 0x38f8a000
core   0: 0x8000fae4 (0x03360063) beq     a2, s3, pc + 32
core   0: 3 0x8000fae4 (0x03360063)
core   0: 0x8000fae8 (0x01bf7033) and     zero, t5, s11
core   0: 3 0x8000fae8 (0x01bf7033)
core   0: 0x8000faec (0xcb191397) auipc   t2, 0xcb191
core   0: 3 0x8000faec (0xcb191397) x 7 0x4b1a0aec
core   0: 0x8000faf0 (0xed02bd93) sltiu   s11, t0, -304
core   0: 3 0x8000faf0 (0xed02bd93) x27 0x00000001
core   0: 0x8000faf4 (0x03c69a63) bne     a3, t3, pc + 52
core   0: 3 0x8000faf4 (0x03c69a63)
core   0: 0x8000fb28 (0x04f7e063) bltu    a5, a5, pc + 64
core   0: 3 0x8000fb28 (0x04f7e063)
core   0: 0x8000fb2c (0x014c1cb3) sll     s9, s8, s4
core   0: 3 0x8000fb2c (0x014c1cb3) x25 0x5e45989c
core   0: 0x8000fb30 (0x4977cc13) xori    s8, a5, 1175
core   0: 3 0x8000fb30 (0x4977cc13) x24 0x8002e873
core   0: 0x8000fb34 (0x40765793) srai    a5, a2, 7
core   0: 3 0x8000fb34 (0x40765793) x15 0xff00055c
core   0: 0x8000fb38 (0x52118993) addi    s3, gp, 1313
core   0: 3 0x8000fb38 (0x52118993) x19 0x00000521
core   0: 0x8000fb3c (0x46dea413) slti    s0, t4, 1133
core   0: 3 0x8000fb3c (0x46dea413) x 8 0x00000000
core   0: 0x8000fb40 (0xf8ca6c93) ori     s9, s4, -116
core   0: 3 0x8000fb40 (0xf8ca6c93) x25 0xffffff8c
core   0: 0x8000fb44 (0x01731c33) sll     s8, t1, s7
core   0: 3 0x8000fb44 (0x01731c33) x24 0x00000000
core   0: 0x8000fb48 (0x575ed437) lui     s0, 0x575ed
core   0: 3 0x8000fb48 (0x575ed437) x 8 0x575ed000
core   0: 0x8000fb4c (0x419c8a33) sub     s4, s9, s9
core   0: 3 0x8000fb4c (0x419c8a33) x20 0x00000000
core   0: 0x8000fb50 (0x40c00d33) sub     s10, zero, a2
core   0: 3 0x8000fb50 (0x40c00d33) x26 0x7ffd51fc
core   0: 0x8000fb54 (0xe52d6e93) ori     t4, s10, -430
core   0: 3 0x8000fb54 (0xe52d6e93) x29 0xfffffffe
core   0: 0x8000fb58 (0x00c2dcb3) srl     s9, t0, a2
core   0: 3 0x8000fb58 (0x00c2dcb3) x25 0x08002ece
core   0: 0x8000fb5c (0x01df9e33) sll     t3, t6, t4
core   0: 3 0x8000fb5c (0x01df9e33) x28 0x00000000
core   0: 0x8000fb60 (0x41fcdbb3) sra     s7, s9, t6
core   0: 3 0x8000fb60 (0x41fcdbb3) x23 0x08002ece
core   0: 0x8000fb64 (0x2b9a0193) addi    gp, s4, 697
core   0: 3 0x8000fb64 (0x2b9a0193) x 3 0x000002b9
core   0: 0x8000fb68 (0x00000013) nop
core   0: 3 0x8000fb68 (0x00000013)
core   0: 0x8000fb6c (0x056cc663) blt     s9, s6, pc + 76
core   0: 3 0x8000fb6c (0x056cc663)
core   0: 0x8000fbb8 (0x01e13733) sltu    a4, sp, t5
core   0: 3 0x8000fbb8 (0x01e13733) x14 0x00000000
core   0: 0x8000fbbc (0x04e04663) blt     zero, a4, pc + 76
core   0: 3 0x8000fbbc (0x04e04663)
core   0: 0x8000fbc0 (0x4e646937) lui     s2, 0x4e646
core   0: 3 0x8000fbc0 (0x4e646937) x18 0x4e646000
core   0: 0x8000fbc4 (0x41f7d413) srai    s0, a5, 31
core   0: 3 0x8000fbc4 (0x41f7d413) x 8 0xffffffff
core   0: 0x8000fbc8 (0x01eca833) slt     a6, s9, t5
core   0: 3 0x8000fbc8 (0x01eca833) x16 0x00000000
core   0: 0x8000fbcc (0x4145d4b3) sra     s1, a1, s4
core   0: 3 0x8000fbcc (0x4145d4b3) x 9 0x80000000
core   0: 0x8000fbd0 (0xdbf66013) ori     zero, a2, -577
core   0: 3 0x8000fbd0 (0xdbf66013)
core   0: 0x8000fbd4 (0x0000100f) fence.i
core   0: 3 0x8000fbd4 (0x0000100f)
core   0: 0x8000fbd8 (0x40e54f13) xori    t5, a0, 1038
core   0: 3 0x8000fbd8 (0x40e54f13) x30 0x0000040e
core   0: 0x8000fbdc (0x4046d9b3) sra     s3, a3, tp
core   0: 3 0x8000fbdc (0x4046d9b3) x19 0x0000070e
core   0: 0x8000fbe0 (0x41978d33) sub     s10, a5, s9
core   0: 3 0x8000fbe0 (0x41978d33) x26 0xf6ffd68e
core   0: 0x8000fbe4 (0x053c5863) bge     s8, s3, pc + 80
core   0: 3 0x8000fbe4 (0x053c5863)
core   0: 0x8000fbe8 (0x01783fb3) sltu    t6, a6, s7
core   0: 3 0x8000fbe8 (0x01783fb3) x31 0x00000001
core   0: 0x8000fbec (0x01c8e2b3) or      t0, a7, t3
core   0: 3 0x8000fbec (0x01c8e2b3) x 5 0x01000148
core   0: 0x8000fbf0 (0x4047ddb3) sra     s11, a5, tp
core   0: 3 0x8000fbf0 (0x4047ddb3) x27 0xff00055c
core   0: 0x8000fbf4 (0x01473f33) sltu    t5, a4, s4
core   0: 3 0x8000fbf4 (0x01473f33) x30 0x00000000
core   0: 0x8000fbf8 (0xd5c57513) andi    a0, a0, -676
core   0: 3 0x8000fbf8 (0xd5c57513) x10 0x00000000
core   0: 0x8000fbfc (0x04c98063) beq     s3, a2, pc + 64
core   0: 3 0x8000fbfc (0x04c98063)
core   0: 0x8000fc00 (0x00000013) nop
core   0: 3 0x8000fc00 (0x00000013)
core   0: 0x8000fc04 (0x0000100f) fence.i
core   0: 3 0x8000fc04 (0x0000100f)
core   0: 0x8000fc08 (0x00887833) and     a6, a6, s0
core   0: 3 0x8000fc08 (0x00887833) x16 0x00000000
core   0: 0x8000fc0c (0x01a11433) sll     s0, sp, s10
core   0: 3 0x8000fc0c (0x01a11433) x 8 0xbb390000
core   0: 0x8000fc10 (0x012ecc33) xor     s8, t4, s2
core   0: 3 0x8000fc10 (0x012ecc33) x24 0xb19b9ffe
core   0: 0x8000fc14 (0xdb184297) auipc   t0, 0xdb184
core   0: 3 0x8000fc14 (0xdb184297) x 5 0x5b193c14
core   0: 0x8000fc18 (0xf9380f93) addi    t6, a6, -109
core   0: 3 0x8000fc18 (0xf9380f93) x31 0xffffff93
core   0: 0x8000fc1c (0x41aedc33) sra     s8, t4, s10
core   0: 3 0x8000fc1c (0x41aedc33) x24 0xffffffff
core   0: 0x8000fc20 (0x40dd0eb3) sub     t4, s10, a3
core   0: 3 0x8000fc20 (0x40dd0eb3) x29 0xf6ffcf80
core   0: 0x8000fc24 (0x04d95263) bge     s2, a3, pc + 68
core   0: 3 0x8000fc24 (0x04d95263)
core   0: 0x8000fc68 (0xcdef5e37) lui     t3, 0xcdef5
core   0: 3 0x8000fc68 (0xcdef5e37) x28 0xcdef5000
core   0: 0x8000fc6c (0x0329fc63) bgeu    s3, s2, pc + 56
core   0: 3 0x8000fc6c (0x0329fc63)
core   0: 0x8000fc70 (0x6c9aae13) slti    t3, s5, 1737
core   0: 3 0x8000fc70 (0x6c9aae13) x28 0x00000001
core   0: 0x8000fc74 (0x40e909b3) sub     s3, s2, a4
core   0: 3 0x8000fc74 (0x40e909b3) x19 0x4e646000
core   0: 0x8000fc78 (0x40610d33) sub     s10, sp, t1
core   0: 3 0x8000fc78 (0x40610d33) x26 0x8002ece4
core   0: 0x8000fc7c (0x01c28a63) beq     t0, t3, pc + 20
core   0: 3 0x8000fc7c (0x01c28a63)
core   0: 0x8000fc80 (0x0000100f) fence.i
core   0: 3 0x8000fc80 (0x0000100f)
core   0: 0x8000fc84 (0x00000013) nop
core   0: 3 0x8000fc84 (0x00000013)
core   0: 0x8000fc88 (0x008fecb3) or      s9, t6, s0
core   0: 3 0x8000fc88 (0x008fecb3) x25 0xffffff93
core   0: 0x8000fc8c (0x4127d813) srai    a6, a5, 18
core   0: 3 0x8000fc8c (0x4127d813) x16 0xffffffc0
core   0: 0x8000fc90 (0x0233f063) bgeu    t2, gp, pc + 32
core   0: 3 0x8000fc90 (0x0233f063)
core   0: 0x8000fcb0 (0x40fb83b3) sub     t2, s7, a5
core   0: 3 0x8000fcb0 (0x40fb83b3) x 7 0x09002972
core   0: 0x8000fcb4 (0x01ef5033) srl     zero, t5, t5
core   0: 3 0x8000fcb4 (0x01ef5033)
core   0: 0x8000fcb8 (0x03504063) blt     zero, s5, pc + 32
core   0: 3 0x8000fcb8 (0x03504063)
core   0: 0x8000fcbc (0x01459b33) sll     s6, a1, s4
core   0: 3 0x8000fcbc (0x01459b33) x22 0x80000000
core   0: 0x8000fcc0 (0x010aaeb3) slt     t4, s5, a6
core   0: 3 0x8000fcc0 (0x010aaeb3) x29 0x00000001
core   0: 0x8000fcc4 (0x015a7db3) and     s11, s4, s5
core   0: 3 0x8000fcc4 (0x015a7db3) x27 0x00000000
core   0: 0x8000fcc8 (0x02550263) beq     a0, t0, pc + 36
core   0: 3 0x8000fcc8 (0x02550263)
core   0: 0x8000fccc (0x1b5611b7) lui     gp, 0x1b561
core   0: 3 0x8000fccc (0x1b5611b7) x 3 0x1b561000
core   0: 0x8000fcd0 (0x00081c13) slli    s8, a6, 0
core   0: 3 0x8000fcd0 (0x00081c13) x24 0xffffffc0
core   0: 0x8000fcd4 (0x0ff0000f) fence   iorw,iorw
core   0: 3 0x8000fcd4 (0x0ff0000f)
core   0: 0x8000fcd8 (0x40a0d793) srai    a5, ra, 10
core   0: 3 0x8000fcd8 (0x40a0d793) x15 0x00000000
core   0: 0x8000fcdc (0x00952033) slt     zero, a0, s1
core   0: 3 0x8000fcdc (0x00952033)
core   0: 0x8000fce0 (0xbc4a7713) andi    a4, s4, -1084
core   0: 3 0x8000fce0 (0xbc4a7713) x14 0x00000000
core   0: 0x8000fce4 (0x0000100f) fence.i
core   0: 3 0x8000fce4 (0x0000100f)
core   0: 0x8000fce8 (0xc3ac4293) xori    t0, s8, -966
core   0: 3 0x8000fce8 (0xc3ac4293) x 5 0x000003fa
core   0: 0x8000fcec (0x012713b3) sll     t2, a4, s2
core   0: 3 0x8000fcec (0x012713b3) x 7 0x00000000
core   0: 0x8000fcf0 (0x404d5533) sra     a0, s10, tp
core   0: 3 0x8000fcf0 (0x404d5533) x10 0x8002ece4
core   0: 0x8000fcf4 (0x00781c13) slli    s8, a6, 7
core   0: 3 0x8000fcf4 (0x00781c13) x24 0xffffe000
core   0: 0x8000fcf8 (0x008c21b3) slt     gp, s8, s0
core   0: 3 0x8000fcf8 (0x008c21b3) x 3 0x00000000
core   0: 0x8000fcfc (0x00000013) nop
core   0: 3 0x8000fcfc (0x00000013)
core   0: 0x8000fd00 (0x01193bb3) sltu    s7, s2, a7
core   0: 3 0x8000fd00 (0x01193bb3) x23 0x00000000
core   0: 0x8000fd04 (0x000e4db3) xor     s11, t3, zero
core   0: 3 0x8000fd04 (0x000e4db3) x27 0x00000001
core   0: 0x8000fd08 (0x008c7b33) and     s6, s8, s0
core   0: 3 0x8000fd08 (0x008c7b33) x22 0xbb390000
core   0: 0x8000fd0c (0x00b7dbb3) srl     s7, a5, a1
core   0: 3 0x8000fd0c (0x00b7dbb3) x23 0x00000000
core   0: 0x8000fd10 (0x01cb70b3) and     ra, s6, t3
core   0: 3 0x8000fd10 (0x01cb70b3) x 1 0x00000000
core   0: 0x8000fd14 (0x29fb7f13) andi    t5, s6, 671
core   0: 3 0x8000fd14 (0x29fb7f13) x30 0x00000000
core   0: 0x8000fd18 (0x00000013) nop
core   0: 3 0x8000fd18 (0x00000013)
core   0: 0x8000fd1c (0x41c80833) sub     a6, a6, t3
core   0: 3 0x8000fd1c (0x41c80833) x16 0xffffffbf
core   0: 0x8000fd20 (0x01fb2433) slt     s0, s6, t6
core   0: 3 0x8000fd20 (0x01fb2433) x 8 0x00000001
core   0: 0x8000fd24 (0x00cdc9b3) xor     s3, s11, a2
core   0: 3 0x8000fd24 (0x00cdc9b3) x19 0x8002ae05
core   0: 0x8000fd28 (0x015c6e33) or      t3, s8, s5
core   0: 3 0x8000fd28 (0x015c6e33) x28 0xfffff000
core   0: 0x8000fd2c (0x3b32ee93) ori     t4, t0, 947
core   0: 3 0x8000fd2c (0x3b32ee93) x29 0x000003fb
core   0: 0x8000fd30 (0x4173d513) srai    a0, t2, 23
core   0: 3 0x8000fd30 (0x4173d513) x10 0x00000000
core   0: 0x8000fd34 (0x02db9463) bne     s7, a3, pc + 40
core   0: 3 0x8000fd34 (0x02db9463)
core   0: 0x8000fd5c (0x01416fb3) or      t6, sp, s4
core   0: 3 0x8000fd5c (0x01416fb3) x31 0x8002ece4
core   0: 0x8000fd60 (0x01c1fa33) and     s4, gp, t3
core   0: 3 0x8000fd60 (0x01c1fa33) x20 0x00000000
core   0: 0x8000fd64 (0x020dc463) bltz    s11, pc + 40
core   0: 3 0x8000fd64 (0x020dc463)
core   0: 0x8000fd68 (0x4132dc93) srai    s9, t0, 19
core   0: 3 0x8000fd68 (0x4132dc93) x25 0x00000000
core   0: 0x8000fd6c (0x0024f463) bgeu    s1, sp, pc + 8
core   0: 3 0x8000fd6c (0x0024f463)
core   0: 0x8000fd70 (0x4f454b93) xori    s7, a0, 1268
core   0: 3 0x8000fd70 (0x4f454b93) x23 0x000004f4
core   0: 0x8000fd74 (0x17b74e13) xori    t3, a4, 379
core   0: 3 0x8000fd74 (0x17b74e13) x28 0x0000017b
core   0: 0x8000fd78 (0x0066fcb3) and     s9, a3, t1
core   0: 3 0x8000fd78 (0x0066fcb3) x25 0x00000000
core   0: 0x8000fd7c (0xe3db7497) auipc   s1, 0xe3db7
core   0: 3 0x8000fd7c (0xe3db7497) x 9 0x63dc6d7c
core   0: 0x8000fd80 (0x01579a13) slli    s4, a5, 21
core   0: 3 0x8000fd80 (0x01579a13) x20 0x00000000
core   0: 0x8000fd84 (0x04954863) blt     a0, s1, pc + 80
core   0: 3 0x8000fd84 (0x04954863)
core   0: 0x8000fdd4 (0x4fc7c713) xori    a4, a5, 1276
core   0: 3 0x8000fdd4 (0x4fc7c713) x14 0x000004fc
core   0: 0x8000fdd8 (0x045fb093) sltiu   ra, t6, 69
core   0: 3 0x8000fdd8 (0x045fb093) x 1 0x00000000
core   0: 0x8000fddc (0x002ad193) srli    gp, s5, 2
core   0: 3 0x8000fddc (0x002ad193) x 3 0x3d89ec00
core   0: 0x8000fde0 (0x41525a93) srai    s5, tp, 21
core   0: 3 0x8000fde0 (0x41525a93) x21 0x000001c7
core   0: 0x8000fde4 (0x0e42f013) andi    zero, t0, 228
core   0: 3 0x8000fde4 (0x0e42f013)
core   0: 0x8000fde8 (0x9fda3513) sltiu   a0, s4, -1539
core   0: 3 0x8000fde8 (0x9fda3513) x10 0x00000001
core   0: 0x8000fdec (0x01076263) bltu    a4, a6, pc + 4
core   0: 3 0x8000fdec (0x01076263)
core   0: 0x8000fdf0 (0x1e994017) auipc   zero, 0x1e994
core   0: 3 0x8000fdf0 (0x1e994017)
core   0: 0x8000fdf4 (0x4185d333) sra     t1, a1, s8
core   0: 3 0x8000fdf4 (0x4185d333) x 6 0x80000000
core   0: 0x8000fdf8 (0xaaccb713) sltiu   a4, s9, -1364
core   0: 3 0x8000fdf8 (0xaaccb713) x14 0x00000001
core   0: 0x8000fdfc (0x044f4663) blt     t5, tp, pc + 76
core   0: 3 0x8000fdfc (0x044f4663)
core   0: 0x8000fe48 (0x00abb333) sltu    t1, s7, a0
core   0: 3 0x8000fe48 (0x00abb333) x 6 0x00000000
core   0: 0x8000fe4c (0x03af6263) bltu    t5, s10, pc + 36
core   0: 3 0x8000fe4c (0x03af6263)
core   0: 0x8000fe70 (0x0134cab3) xor     s5, s1, s3
core   0: 3 0x8000fe70 (0x0134cab3) x21 0xe3dec379
core   0: 0x8000fe74 (0xcfd3a713) slti    a4, t2, -771
core   0: 3 0x8000fe74 (0xcfd3a713) x14 0x00000000
core   0: 0x8000fe78 (0x00acb1b3) sltu    gp, s9, a0
core   0: 3 0x8000fe78 (0x00acb1b3) x 3 0x00000001
core   0: 0x8000fe7c (0x01e0f3b3) and     t2, ra, t5
core   0: 3 0x8000fe7c (0x01e0f3b3) x 7 0x00000000
core   0: 0x8000fe80 (0x044dd463) bge     s11, tp, pc + 72
core   0: 3 0x8000fe80 (0x044dd463)
core   0: 0x8000fe84 (0x411003b3) sub     t2, zero, a7
core   0: 3 0x8000fe84 (0x411003b3) x 7 0xfefffeb8
core   0: 0x8000fe88 (0x0104f933) and     s2, s1, a6
core   0: 3 0x8000fe88 (0x0104f933) x18 0x63dc6d3c
core   0: 0x8000fe8c (0x01a90eb3) add     t4, s2, s10
core   0: 3 0x8000fe8c (0x01a90eb3) x29 0xe3df5a20
core   0: 0x8000fe90 (0x00de5b93) srli    s7, t3, 13
core   0: 3 0x8000fe90 (0x00de5b93) x23 0x00000000
core   0: 0x8000fe94 (0x00c474b3) and     s1, s0, a2
core   0: 3 0x8000fe94 (0x00c474b3) x 9 0x00000000
core   0: 0x8000fe98 (0x05438063) beq     t2, s4, pc + 64
core   0: 3 0x8000fe98 (0x05438063)
core   0: 0x8000fe9c (0x00ab40b3) xor     ra, s6, a0
core   0: 3 0x8000fe9c (0x00ab40b3) x 1 0xbb390001
core   0: 0x8000fea0 (0x7c7f8a13) addi    s4, t6, 1991
core   0: 3 0x8000fea0 (0x7c7f8a13) x20 0x8002f4ab
core   0: 0x8000fea4 (0xf5a67d93) andi    s11, a2, -166
core   0: 3 0x8000fea4 (0xf5a67d93) x27 0x8002ae00
core   0: 0x8000fea8 (0x01248533) add     a0, s1, s2
core   0: 3 0x8000fea8 (0x01248533) x10 0x63dc6d3c
core   0: 0x8000feac (0x8318e013) ori     zero, a7, -1999
core   0: 3 0x8000feac (0x8318e013)
core   0: 0x8000feb0 (0x76d68fb7) lui     t6, 0x76d68
core   0: 3 0x8000feb0 (0x76d68fb7) x31 0x76d68000
core   0: 0x8000feb4 (0x019b43b3) xor     t2, s6, s9
core   0: 3 0x8000feb4 (0x019b43b3) x 7 0xbb390000
core   0: 0x8000feb8 (0x40f2d913) srai    s2, t0, 15
core   0: 3 0x8000feb8 (0x40f2d913) x18 0x00000000
core   0: 0x8000febc (0x0155a1b3) slt     gp, a1, s5
core   0: 3 0x8000febc (0x0155a1b3) x 3 0x00000001
core   0: 0x8000fec0 (0x55fc3693) sltiu   a3, s8, 1375
core   0: 3 0x8000fec0 (0x55fc3693) x13 0x00000000
core   0: 0x8000fec4 (0x01776a63) bltu    a4, s7, pc + 20
core   0: 3 0x8000fec4 (0x01776a63)
core   0: 0x8000fec8 (0x00f21e33) sll     t3, tp, a5
core   0: 3 0x8000fec8 (0x00f21e33) x28 0x38f8a000
core   0: 0x8000fecc (0x00690933) add     s2, s2, t1
core   0: 3 0x8000fecc (0x00690933) x18 0x00000000
core   0: 0x8000fed0 (0xcaf7f413) andi    s0, a5, -849
core   0: 3 0x8000fed0 (0xcaf7f413) x 8 0x00000000
core   0: 0x8000fed4 (0x01a84bb3) xor     s7, a6, s10
core   0: 3 0x8000fed4 (0x01a84bb3) x23 0x7ffd135b
core   0: 0x8000fed8 (0x05e6f463) bgeu    a3, t5, pc + 72
core   0: 3 0x8000fed8 (0x05e6f463)
core   0: 0x8000ff20 (0xe308b713) sltiu   a4, a7, -464
core   0: 3 0x8000ff20 (0xe308b713) x14 0x00000001
core   0: 0x8000ff24 (0x41a40f33) sub     t5, s0, s10
core   0: 3 0x8000ff24 (0x41a40f33) x30 0x7ffd131c
core   0: 0x8000ff28 (0x01484263) blt     a6, s4, pc + 4
core   0: 3 0x8000ff28 (0x01484263)
core   0: 0x8000ff2c (0x0f4f2413) slti    s0, t5, 244
core   0: 3 0x8000ff2c (0x0f4f2413) x 8 0x00000000
core   0: 0x8000ff30 (0xac33c893) xori    a7, t2, -1341
core   0: 3 0x8000ff30 (0xac33c893) x17 0x44c6fac3
core   0: 0x8000ff34 (0x419402b3) sub     t0, s0, s9
core   0: 3 0x8000ff34 (0x419402b3) x 5 0x00000000
core   0: 0x8000ff38 (0xa1c08d93) addi    s11, ra, -1508
core   0: 3 0x8000ff38 (0xa1c08d93) x27 0xbb38fa1d
core   0: 0x8000ff3c (0x41845333) sra     t1, s0, s8
core   0: 3 0x8000ff3c (0x41845333) x 6 0x00000000
core   0: 0x8000ff40 (0x419f8933) sub     s2, t6, s9
core   0: 3 0x8000ff40 (0x419f8933) x18 0x76d68000
core   0: 0x8000ff44 (0x0255c063) blt     a1, t0, pc + 32
core   0: 3 0x8000ff44 (0x0255c063)
core   0: 0x8000ff64 (0x00000013) nop
core   0: 3 0x8000ff64 (0x00000013)
core   0: 0x8000ff68 (0x01b71a13) slli    s4, a4, 27
core   0: 3 0x8000ff68 (0x01b71a13) x20 0x08000000
core   0: 0x8000ff6c (0xb3d7c193) xori    gp, a5, -1219
core   0: 3 0x8000ff6c (0xb3d7c193) x 3 0xfffffb3d
core   0: 0x8000ff70 (0x40f9d293) srai    t0, s3, 15
core   0: 3 0x8000ff70 (0x40f9d293) x 5 0xffff0005
core   0: 0x8000ff74 (0x0196b7b3) sltu    a5, a3, s9
core   0: 3 0x8000ff74 (0x0196b7b3) x15 0x00000000
core   0: 0x8000ff78 (0x8f75e913) ori     s2, a1, -1801
core   0: 3 0x8000ff78 (0x8f75e913) x18 0xfffff8f7
core   0: 0x8000ff7c (0x0049ca63) blt     s3, tp, pc + 20
core   0: 3 0x8000ff7c (0x0049ca63)
core   0: 0x8000ff90 (0xca2fea93) ori     s5, t6, -862
core   0: 3 0x8000ff90 (0xca2fea93) x21 0xfffffca2
core   0: 0x8000ff94 (0x01671f93) slli    t6, a4, 22
core   0: 3 0x8000ff94 (0x01671f93) x31 0x00400000
core   0: 0x8000ff98 (0x01a35513) srli    a0, t1, 26
core   0: 3 0x8000ff98 (0x01a35513) x10 0x00000000
core   0: 0x8000ff9c (0x94e33a17) auipc   s4, 0x94e33
core   0: 3 0x8000ff9c (0x94e33a17) x20 0x14e42f9c
core   0: 0x8000ffa0 (0x009c4eb3) xor     t4, s8, s1
core   0: 3 0x8000ffa0 (0x009c4eb3) x29 0xffffe000
core   0: 0x8000ffa4 (0x87dc5eb7) lui     t4, 0x87dc5
core   0: 3 0x8000ffa4 (0x87dc5eb7) x29 0x87dc5000
core   0: 0x8000ffa8 (0x000c8033) add     zero, s9, zero
core   0: 3 0x8000ffa8 (0x000c8033)
core   0: 0x8000ffac (0x24acbd37) lui     s10, 0x24acb
core   0: 3 0x8000ffac (0x24acbd37) x26 0x24acb000
core   0: 0x8000ffb0 (0x01b50233) add     tp, a0, s11
core   0: 3 0x8000ffb0 (0x01b50233) x 4 0xbb38fa1d
core   0: 0x8000ffb4 (0x00000013) nop
core   0: 3 0x8000ffb4 (0x00000013)
core   0: 0x8000ffb8 (0x0000100f) fence.i
core   0: 3 0x8000ffb8 (0x0000100f)
core   0: 0x8000ffbc (0x015f80b3) add     ra, t6, s5
core   0: 3 0x8000ffbc (0x015f80b3) x 1 0x003ffca2
core   0: 0x8000ffc0 (0x410f0933) sub     s2, t5, a6
core   0: 3 0x8000ffc0 (0x410f0933) x18 0x7ffd135d
core   0: 0x8000ffc4 (0xcc9b2993) slti    s3, s6, -823
core   0: 3 0x8000ffc4 (0xcc9b2993) x19 0x00000001
core   0: 0x8000ffc8 (0x02f88063) beq     a7, a5, pc + 32
core   0: 3 0x8000ffc8 (0x02f88063)
core   0: 0x8000ffcc (0x19163493) sltiu   s1, a2, 401
core   0: 3 0x8000ffcc (0x19163493) x 9 0x00000000
core   0: 0x8000ffd0 (0x03270863) beq     a4, s2, pc + 48
core   0: 3 0x8000ffd0 (0x03270863)
core   0: 0x8000ffd4 (0x00850933) add     s2, a0, s0
core   0: 3 0x8000ffd4 (0x00850933) x18 0x00000000
core   0: 0x8000ffd8 (0x5d05b497) auipc   s1, 0x5d05b
core   0: 3 0x8000ffd8 (0x5d05b497) x 9 0xdd06afd8
core   0: 0x8000ffdc (0xeffeab17) auipc   s6, 0xeffea
core   0: 3 0x8000ffdc (0xeffeab17) x22 0x6fff9fdc
core   0: 0x8000ffe0 (0x01865f13) srli    t5, a2, 24
core   0: 3 0x8000ffe0 (0x01865f13) x30 0x00000080
core   0: 0x8000ffe4 (0x016ad313) srli    t1, s5, 22
core   0: 3 0x8000ffe4 (0x016ad313) x 6 0x000003ff
core   0: 0x8000ffe8 (0x5925a293) slti    t0, a1, 1426
core   0: 3 0x8000ffe8 (0x5925a293) x 5 0x00000001
core   0: 0x8000ffec (0x01a8f233) and     tp, a7, s10
core   0: 3 0x8000ffec (0x01a8f233) x 4 0x0484b000
core   0: 0x8000fff0 (0xb02afc93) andi    s9, s5, -1278
core   0: 3 0x8000fff0 (0xb02afc93) x25 0xfffff802
core   0: 0x8000fff4 (0x2e877a13) andi    s4, a4, 744
core   0: 3 0x8000fff4 (0x2e877a13) x20 0x00000000
core   0: 0x8000fff8 (0x00000013) nop
core   0: 3 0x8000fff8 (0x00000013)
core   0: 0x8000fffc (0x0000100f) fence.i
core   0: 3 0x8000fffc (0x0000100f)
core   0: 0x80010000 (0x03e50663) beq     a0, t5, pc + 44
core   0: 3 0x80010000 (0x03e50663)
core   0: 0x80010004 (0x01b6d263) bge     a3, s11, pc + 4
core   0: 3 0x80010004 (0x01b6d263)
core   0: 0x80010008 (0x4f29fa13) andi    s4, s3, 1266
core   0: 3 0x80010008 (0x4f29fa13) x20 0x00000000
core   0: 0x8001000c (0x027b8463) beq     s7, t2, pc + 40
core   0: 3 0x8001000c (0x027b8463)
core   0: 0x80010010 (0x03aa6263) bltu    s4, s10, pc + 36
core   0: 3 0x80010010 (0x03aa6263)
core   0: 0x80010034 (0x00c75b13) srli    s6, a4, 12
core   0: 3 0x80010034 (0x00c75b13) x22 0x00000000
core   0: 0x80010038 (0x00228f33) add     t5, t0, sp
core   0: 3 0x80010038 (0x00228f33) x30 0x8002ece5
core   0: 0x8001003c (0x0042dc13) srli    s8, t0, 4
core   0: 3 0x8001003c (0x0042dc13) x24 0x00000000
core   0: 0x80010040 (0x010d0c33) add     s8, s10, a6
core   0: 3 0x80010040 (0x010d0c33) x24 0x24acafbf
core   0: 0x80010044 (0x38100713) li      a4, 897
core   0: 3 0x80010044 (0x38100713) x14 0x00000381
core   0: 0x80010048 (0x41015413) srai    s0, sp, 16
core   0: 3 0x80010048 (0x41015413) x 8 0xffff8002
core   0: 0x8001004c (0x01477a33) and     s4, a4, s4
core   0: 3 0x8001004c (0x01477a33) x20 0x00000000
core   0: 0x80010050 (0x0180afb3) slt     t6, ra, s8
core   0: 3 0x80010050 (0x0180afb3) x31 0x00000001
core   0: 0x80010054 (0x01908733) add     a4, ra, s9
core   0: 3 0x80010054 (0x01908733) x14 0x003ff4a4
core   0: 0x80010058 (0x03e75c63) bge     a4, t5, pc + 56
core   0: 3 0x80010058 (0x03e75c63)
core   0: 0x80010090 (0xbb417517) auipc   a0, 0xbb417
core   0: 3 0x80010090 (0xbb417517) x10 0x3b427090
core   0: 0x80010094 (0x01c01c33) sll     s8, zero, t3
core   0: 3 0x80010094 (0x01c01c33) x24 0x00000000
core   0: 0x80010098 (0x02b48463) beq     s1, a1, pc + 40
core   0: 3 0x80010098 (0x02b48463)
core   0: 0x8001009c (0x8aaab737) lui     a4, 0x8aaab
core   0: 3 0x8001009c (0x8aaab737) x14 0x8aaab000
core   0: 0x800100a0 (0x016e7cb3) and     s9, t3, s6
core   0: 3 0x800100a0 (0x016e7cb3) x25 0x00000000
core   0: 0x800100a4 (0x0000100f) fence.i
core   0: 3 0x800100a4 (0x0000100f)
core   0: 0x800100a8 (0x40435cb3) sra     s9, t1, tp
core   0: 3 0x800100a8 (0x40435cb3) x25 0x000003ff
core   0: 0x800100ac (0x02d96093) ori     ra, s2, 45
core   0: 3 0x800100ac (0x02d96093) x 1 0x0000002d
core   0: 0x800100b0 (0x04b05063) bge     zero, a1, pc + 64
core   0: 3 0x800100b0 (0x04b05063)
core   0: 0x800100f0 (0x3bb67097) auipc   ra, 0x3bb67
core   0: 3 0x800100f0 (0x3bb67097) x 1 0xbbb770f0
core   0: 0x800100f4 (0x00b52b33) slt     s6, a0, a1
core   0: 3 0x800100f4 (0x00b52b33) x22 0x00000000
core   0: 0x800100f8 (0x09ccde63) bge     s9, t3, pc + 156
core   0: 3 0x800100f8 (0x09ccde63)
core   0: 0x800100fc (0x0020dc93) srli    s9, ra, 2
core   0: 3 0x800100fc (0x0020dc93) x25 0x2eeddc3c
core   0: 0x80010100 (0x0057eb33) or      s6, a5, t0
core   0: 3 0x80010100 (0x0057eb33) x22 0x00000001
core   0: 0x80010104 (0x069fd863) bge     t6, s1, pc + 112
core   0: 3 0x80010104 (0x069fd863)
core   0: 0x80010174 (0x00450c33) add     s8, a0, tp
core   0: 3 0x80010174 (0x00450c33) x24 0x3fc72090
core   0: 0x80010178 (0x01daacb3) slt     s9, s5, t4
core   0: 3 0x80010178 (0x01daacb3) x25 0x00000000
core   0: 0x8001017c (0x014c49b3) xor     s3, s8, s4
core   0: 3 0x8001017c (0x014c49b3) x19 0x3fc72090
core   0: 0x80010180 (0x41e8d1b3) sra     gp, a7, t5
core   0: 3 0x80010180 (0x41e8d1b3) x 3 0x022637d6
core   0: 0x80010184 (0x001ed993) srli    s3, t4, 1
core   0: 3 0x80010184 (0x001ed993) x19 0x43ee2800
core   0: 0x80010188 (0x01ec13b3) sll     t2, s8, t5
core   0: 3 0x80010188 (0x01ec13b3) x 7 0xf8e41200
core   0: 0x8001018c (0x00000013) nop
core   0: 3 0x8001018c (0x00000013)
core   0: 0x80010190 (0x02167a63) bgeu    a2, ra, pc + 52
core   0: 3 0x80010190 (0x02167a63)
core   0: 0x80010194 (0xe0db0c93) addi    s9, s6, -499
core   0: 3 0x80010194 (0xe0db0c93) x25 0xfffffe0e
core   0: 0x80010198 (0x00fa0933) add     s2, s4, a5
core   0: 3 0x80010198 (0x00fa0933) x18 0x00000000
core   0: 0x8001019c (0x0ff0000f) fence   iorw,iorw
core   0: 3 0x8001019c (0x0ff0000f)
core   0: 0x800101a0 (0x4127dfb3) sra     t6, a5, s2
core   0: 3 0x800101a0 (0x4127dfb3) x31 0x00000000
core   0: 0x800101a4 (0x41155893) srai    a7, a0, 17
core   0: 3 0x800101a4 (0x41155893) x17 0x00001da1
core   0: 0x800101a8 (0x403687b3) sub     a5, a3, gp
core   0: 3 0x800101a8 (0x403687b3) x15 0xfdd9c82a
core   0: 0x800101ac (0xf64e0293) addi    t0, t3, -156
core   0: 3 0x800101ac (0xf64e0293) x 5 0x38f89f64
core   0: 0x800101b0 (0x5e34e293) ori     t0, s1, 1507
core   0: 3 0x800101b0 (0x5e34e293) x 5 0xdd06affb
core   0: 0x800101b4 (0x000cb733) sltu    a4, s9, zero
core   0: 3 0x800101b4 (0x000cb733) x14 0x00000000
core   0: 0x800101b8 (0xb7567393) andi    t2, a2, -1163
core   0: 3 0x800101b8 (0xb7567393) x 7 0x8002aa04
core   0: 0x800101bc (0x009f9893) slli    a7, t6, 9
core   0: 3 0x800101bc (0x009f9893) x17 0x00000000
core   0: 0x800101c0 (0xbc454513) xori    a0, a0, -1084
core   0: 3 0x800101c0 (0xbc454513) x10 0xc4bd8b54
core   0: 0x800101c4 (0x00a47733) and     a4, s0, a0
core   0: 3 0x800101c4 (0x00a47733) x14 0xc4bd8000
core   0: 0x800101c8 (0x01649fb3) sll     t6, s1, s6
core   0: 3 0x800101c8 (0x01649fb3) x31 0xba0d5fb0
core   0: 0x800101cc (0x028d4463) blt     s10, s0, pc + 40
core   0: 3 0x800101cc (0x028d4463)
core   0: 0x800101d0 (0x01c88463) beq     a7, t3, pc + 8
core   0: 3 0x800101d0 (0x01c88463)
core   0: 0x800101d4 (0x05b0c263) blt     ra, s11, pc + 68
core   0: 3 0x800101d4 (0x05b0c263)
core   0: 0x800101d8 (0x00000013) nop
core   0: 3 0x800101d8 (0x00000013)
core   0: 0x800101dc (0x00000013) nop
core   0: 3 0x800101dc (0x00000013)
core   0: 0x800101e0 (0xbc5ecd13) xori    s10, t4, -1083
core   0: 3 0x800101e0 (0xbc5ecd13) x26 0x7823abc5
core   0: 0x800101e4 (0xe504b313) sltiu   t1, s1, -432
core   0: 3 0x800101e4 (0xe504b313) x 6 0x00000001
core   0: 0x800101e8 (0x00000013) nop
core   0: 3 0x800101e8 (0x00000013)
core   0: 0x800101ec (0x8ac96e13) ori     t3, s2, -1876
core   0: 3 0x800101ec (0x8ac96e13) x28 0xfffff8ac
core   0: 0x800101f0 (0x47de0c93) addi    s9, t3, 1149
core   0: 3 0x800101f0 (0x47de0c93) x25 0xfffffd29
core   0: 0x800101f4 (0x02110863) beq     sp, ra, pc + 48
core   0: 3 0x800101f4 (0x02110863)
core   0: 0x800101f8 (0x05856663) bltu    a0, s8, pc + 76
core   0: 3 0x800101f8 (0x05856663)
core   0: 0x800101fc (0x41cafe93) andi    t4, s5, 1052
core   0: 3 0x800101fc (0x41cafe93) x29 0x00000400
core   0: 0x80010200 (0x03c20063) beq     tp, t3, pc + 32
core   0: 3 0x80010200 (0x03c20063)
core   0: 0x80010204 (0x005d41b3) xor     gp, s10, t0
core   0: 3 0x80010204 (0x005d41b3) x 3 0xa525043e
core   0: 0x80010208 (0x039ff463) bgeu    t6, s9, pc + 40
core   0: 3 0x80010208 (0x039ff463)
core   0: 0x8001020c (0xce000493) li      s1, -800
core   0: 3 0x8001020c (0xce000493) x 9 0xfffffce0
core   0: 0x80010210 (0x8aa14417) auipc   s0, 0x8aa14
core   0: 3 0x80010210 (0x8aa14417) x 8 0x0aa24210
core   0: 0x80010214 (0x03f00863) beq     zero, t6, pc + 48
core   0: 3 0x80010214 (0x03f00863)
core   0: 0x80010218 (0x018dafb3) slt     t6, s11, s8
core   0: 3 0x80010218 (0x018dafb3) x31 0x00000001
core   0: 0x8001021c (0x00f11d33) sll     s10, sp, a5
core   0: 3 0x8001021c (0x00f11d33) x26 0x0bb39000
core   0: 0x80010220 (0x013b7a63) bgeu    s6, s3, pc + 20
core   0: 3 0x80010220 (0x013b7a63)
core   0: 0x80010224 (0xa71f8213) addi    tp, t6, -1423
core   0: 3 0x80010224 (0xa71f8213) x 4 0xfffffa72
core   0: 0x80010228 (0x01e7fbb3) and     s7, a5, t5
core   0: 3 0x80010228 (0x01e7fbb3) x23 0x8000c820
core   0: 0x8001022c (0x4156d7b3) sra     a5, a3, s5
core   0: 3 0x8001022c (0x4156d7b3) x15 0x00000000
core   0: 0x80010230 (0x0ff0000f) fence   iorw,iorw
core   0: 3 0x80010230 (0x0ff0000f)
core   0: 0x80010234 (0x36976493) ori     s1, a4, 873
core   0: 3 0x80010234 (0x36976493) x 9 0xc4bd8369
core   0: 0x80010238 (0x03ec5e63) bge     s8, t5, pc + 60
core   0: 3 0x80010238 (0x03ec5e63)
core   0: 0x80010274 (0x01e65f33) srl     t5, a2, t5
core   0: 3 0x80010274 (0x01e65f33) x30 0x04001570
core   0: 0x80010278 (0xae45b293) sltiu   t0, a1, -1308
core   0: 3 0x80010278 (0xae45b293) x 5 0x00000001
core   0: 0x8001027c (0xb074bfb7) lui     t6, 0xb074b
core   0: 3 0x8001027c (0xb074bfb7) x31 0xb074b000
core   0: 0x80010280 (0x408bda13) srai    s4, s7, 8
core   0: 3 0x80010280 (0x408bda13) x20 0xff8000c8
core   0: 0x80010284 (0x00e9dc93) srli    s9, s3, 14
core   0: 3 0x80010284 (0x00e9dc93) x25 0x00010fb8
core   0: 0x80010288 (0x402e8eb3) sub     t4, t4, sp
core   0: 3 0x80010288 (0x402e8eb3) x29 0x7ffd171c
core   0: 0x8001028c (0x374c4f93) xori    t6, s8, 884
core   0: 3 0x8001028c (0x374c4f93) x31 0x3fc723e4
core   0: 0x80010290 (0xbc3e6e93) ori     t4, t3, -1085
core   0: 3 0x80010290 (0xbc3e6e93) x29 0xfffffbef
core   0: 0x80010294 (0x6e0fec93) ori     s9, t6, 1760
core   0: 3 0x80010294 (0x6e0fec93) x25 0x3fc727e4
core   0: 0x80010298 (0x09ac6463) bltu    s8, s10, pc + 136
core   0: 3 0x80010298 (0x09ac6463)
core   0: 0x8001029c (0x40105a13) srai    s4, zero, 1
core   0: 3 0x8001029c (0x40105a13) x20 0x00000000
core   0: 0x800102a0 (0x019e3eb3) sltu    t4, t3, s9
core   0: 3 0x800102a0 (0x019e3eb3) x29 0x00000000
core   0: 0x800102a4 (0xa2572d13) slti    s10, a4, -1499
core   0: 3 0x800102a4 (0xa2572d13) x26 0x00000001
core   0: 0x800102a8 (0x009fb8b3) sltu    a7, t6, s1
core   0: 3 0x800102a8 (0x009fb8b3) x17 0x00000001
core   0: 0x800102ac (0x66e37293) andi    t0, t1, 1646
core   0: 3 0x800102ac (0x66e37293) x 5 0x00000000
core   0: 0x800102b0 (0x0053de93) srli    t4, t2, 5
core   0: 3 0x800102b0 (0x0053de93) x29 0x04001550
core   0: 0x800102b4 (0x01344333) xor     t1, s0, s3
core   0: 3 0x800102b4 (0x01344333) x 6 0x494c6a10
core   0: 0x800102b8 (0x37917237) lui     tp, 0x37917
core   0: 3 0x800102b8 (0x37917237) x 4 0x37917000
core   0: 0x800102bc (0x0000b317) auipc   t1, 0xb
core   0: 3 0x800102bc (0x0000b317) x 6 0x8001b2bc
core   0: 0x800102c0 (0x63330313) addi    t1, t1, 1587
core   0: 3 0x800102c0 (0x63330313) x 6 0x8001b8ef
core   0: 0x800102c4 (0xff930c03) lb      s8, -7(t1)
core   0: 3 0x800102c4 (0xff930c03) x24 0xffffffa3 mem 0x8001b8e8
core   0: 0x800102c8 (0xff934503) lbu     a0, -7(t1)
core   0: 3 0x800102c8 (0xff934503) x10 0x000000a3 mem 0x8001b8e8
core   0: 0x800102cc (0x001bce33) xor     t3, s7, ra
core   0: 3 0x800102cc (0x001bce33) x28 0x3bb7b8d0
core   0: 0x800102d0 (0xff930383) lb      t2, -7(t1)
core   0: 3 0x800102d0 (0xff930383) x 7 0xffffffa3 mem 0x8001b8e8
core   0: 0x800102d4 (0xff430f83) lb      t6, -12(t1)
core   0: 3 0x800102d4 (0xff430f83) x31 0xffffff98 mem 0x8001b8e3
core   0: 0x800102d8 (0xfe131ba3) sh      ra, -9(t1)
core   0: 3 0x800102d8 (0xfe131ba3) mem 0x8001b8e6 0x70f0
core   0: 0x800102dc (0xfff31ba3) sh      t6, -9(t1)
core   0: 3 0x800102dc (0xfff31ba3) mem 0x8001b8e6 0xff98
core   0: 0x800102e0 (0x00630623) sb      t1, 12(t1)
core   0: 3 0x800102e0 (0x00630623) mem 0x8001b8fb 0xef
core   0: 0x800102e4 (0x0098e3b3) or      t2, a7, s1
core   0: 3 0x800102e4 (0x0098e3b3) x 7 0xc4bd8369
core   0: 0x800102e8 (0x00634483) lbu     s1, 6(t1)
core   0: 3 0x800102e8 (0x00634483) x 9 0x000000ae mem 0x8001b8f5
core   0: 0x800102ec (0x01416933) or      s2, sp, s4
core   0: 3 0x800102ec (0x01416933) x18 0x8002ece4
core   0: 0x800102f0 (0x00731083) lh      ra, 7(t1)
core   0: 3 0x800102f0 (0x00731083) x 1 0xffffacad mem 0x8001b8f6
core   0: 0x800102f4 (0x00730d03) lb      s10, 7(t1)
core   0: 3 0x800102f4 (0x00730d03) x26 0xffffffad mem 0x8001b8f6
core   0: 0x800102f8 (0x010574b3) and     s1, a0, a6
core   0: 3 0x800102f8 (0x010574b3) x 9 0x000000a3
core   0: 0x800102fc (0x0194bcb3) sltu    s9, s1, s9
core   0: 3 0x800102fc (0x0194bcb3) x25 0x00000001
core   0: 0x80010300 (0x021b6c63) bltu    s6, ra, pc + 56
core   0: 3 0x80010300 (0x021b6c63)
core   0: 0x80010338 (0x7b77f0b7) lui     ra, 0x7b77f
core   0: 3 0x80010338 (0x7b77f0b7) x 1 0x7b77f000
core   0: 0x8001033c (0x00000013) nop
core   0: 3 0x8001033c (0x00000013)
core   0: 0x80010340 (0x04725863) bge     tp, t2, pc + 80
core   0: 3 0x80010340 (0x04725863)
core   0: 0x80010390 (0x1c2ff013) andi    zero, t6, 450
core   0: 3 0x80010390 (0x1c2ff013)
core   0: 0x80010394 (0xacf38013) addi    zero, t2, -1329
core   0: 3 0x80010394 (0xacf38013)
core   0: 0x80010398 (0x0052d693) srli    a3, t0, 5
core   0: 3 0x80010398 (0x0052d693) x13 0x00000000
core   0: 0x8001039c (0x01844233) xor     tp, s0, s8
core   0: 3 0x8001039c (0x01844233) x 4 0xf55dbdb3
core   0: 0x800103a0 (0x41e9d193) srai    gp, s3, 30
core   0: 3 0x800103a0 (0x41e9d193) x 3 0x00000001
core   0: 0x800103a4 (0xf371bb93) sltiu   s7, gp, -201
core   0: 3 0x800103a4 (0xf371bb93) x23 0x00000001
core   0: 0x800103a8 (0x007f5893) srli    a7, t5, 7
core   0: 3 0x800103a8 (0x007f5893) x17 0x0008002a
core   0: 0x800103ac (0x0000100f) fence.i
core   0: 3 0x800103ac (0x0000100f)
core   0: 0x800103b0 (0x0068d933) srl     s2, a7, t1
core   0: 3 0x800103b0 (0x0068d933) x18 0x00000010
core   0: 0x800103b4 (0x0ff0000f) fence   iorw,iorw
core   0: 3 0x800103b4 (0x0ff0000f)
core   0: 0x800103b8 (0x0193d3b3) srl     t2, t2, s9
core   0: 3 0x800103b8 (0x0193d3b3) x 7 0x625ec1b4
core   0: 0x800103bc (0x26176413) ori     s0, a4, 609
core   0: 3 0x800103bc (0x26176413) x 8 0xc4bd8261
core   0: 0x800103c0 (0x0326e663) bltu    a3, s2, pc + 44
core   0: 3 0x800103c0 (0x0326e663)
core   0: 0x800103ec (0xa9114e37) lui     t3, 0xa9114
core   0: 3 0x800103ec (0xa9114e37) x28 0xa9114000
core   0: 0x800103f0 (0xe3678713) addi    a4, a5, -458
core   0: 3 0x800103f0 (0xe3678713) x14 0xfffffe36
core   0: 0x800103f4 (0xc78cfe17) auipc   t3, 0xc78cf
core   0: 3 0x800103f4 (0xc78cfe17) x28 0x478df3f4
core   0: 0x800103f8 (0x0000100f) fence.i
core   0: 3 0x800103f8 (0x0000100f)
core   0: 0x800103fc (0x122bbc13) sltiu   s8, s7, 290
core   0: 3 0x800103fc (0x122bbc13) x24 0x00000001
core   0: 0x80010400 (0x2e7a8a93) addi    s5, s5, 743
core   0: 3 0x80010400 (0x2e7a8a93) x21 0xffffff89
core   0: 0x80010404 (0x05b27463) bgeu    tp, s11, pc + 72
core   0: 3 0x80010404 (0x05b27463)
core   0: 0x8001044c (0x00000013) nop
core   0: 3 0x8001044c (0x00000013)
core   0: 0x80010450 (0x035dd263) bge     s11, s5, pc + 36
core   0: 3 0x80010450 (0x035dd263)
core   0: 0x80010454 (0x41dc0b33) sub     s6, s8, t4
core   0: 3 0x80010454 (0x41dc0b33) x22 0xfbffeab1
core   0: 0x80010458 (0x551efa93) andi    s5, t4, 1361
core   0: 3 0x80010458 (0x551efa93) x21 0x00000550
core   0: 0x8001045c (0x004f7033) and     zero, t5, tp
core   0: 3 0x8001045c (0x004f7033)
core   0: 0x80010460 (0xae4c7ab7) lui     s5, 0xae4c7
core   0: 3 0x80010460 (0xae4c7ab7) x21 0xae4c7000
core   0: 0x80010464 (0x00000013) nop
core   0: 3 0x80010464 (0x00000013)
core   0: 0x80010468 (0x01e66cb3) or      s9, a2, t5
core   0: 3 0x80010468 (0x01e66cb3) x25 0x8402bf74
core   0: 0x8001046c (0x00e78c63) beq     a5, a4, pc + 24
core   0: 3 0x8001046c (0x00e78c63)
core   0: 0x80010470 (0x009d1993) slli    s3, s10, 9
core   0: 3 0x80010470 (0x009d1993) x19 0xffff5a00
core   0: 0x80010474 (0x0240c263) blt     ra, tp, pc + 36
core   0: 3 0x80010474 (0x0240c263)
core   0: 0x80010478 (0x0016acb3) slt     s9, a3, ra
core   0: 3 0x80010478 (0x0016acb3) x25 0x00000001
core   0: 0x8001047c (0x0025a9b3) slt     s3, a1, sp
core   0: 3 0x8001047c (0x0025a9b3) x19 0x00000001
core   0: 0x80010480 (0x01b19313) slli    t1, gp, 27
core   0: 3 0x80010480 (0x01b19313) x 6 0x08000000
core   0: 0x80010484 (0x0054b333) sltu    t1, s1, t0
core   0: 3 0x80010484 (0x0054b333) x 6 0x00000000
core   0: 0x80010488 (0x003c4e33) xor     t3, s8, gp
core   0: 3 0x80010488 (0x003c4e33) x28 0x00000000
core   0: 0x8001048c (0xbaf02313) slti    t1, zero, -1105
core   0: 3 0x8001048c (0xbaf02313) x 6 0x00000000
core   0: 0x80010490 (0x00000013) nop
core   0: 3 0x80010490 (0x00000013)
core   0: 0x80010494 (0x0105df33) srl     t5, a1, a6
core   0: 3 0x80010494 (0x0105df33) x30 0x00000001
core   0: 0x80010498 (0xf97de193) ori     gp, s11, -105
core   0: 3 0x80010498 (0xf97de193) x 3 0xffffff9f
core   0: 0x8001049c (0x0ff0000f) fence   iorw,iorw
core   0: 3 0x8001049c (0x0ff0000f)
core   0: 0x800104a0 (0x013d5a63) bge     s10, s3, pc + 20
core   0: 3 0x800104a0 (0x013d5a63)
core   0: 0x800104a4 (0x01d44033) xor     zero, s0, t4
core   0: 3 0x800104a4 (0x01d44033)
core   0: 0x800104a8 (0x01adf663) bgeu    s11, s10, pc + 12
core   0: 3 0x800104a8 (0x01adf663)
core   0: 0x800104ac (0x00ff28b3) slt     a7, t5, a5
core   0: 3 0x800104ac (0x00ff28b3) x17 0x00000000
core   0: 0x800104b0 (0x00145033) srl     zero, s0, ra
core   0: 3 0x800104b0 (0x00145033)
core   0: 0x800104b4 (0x00e63db3) sltu    s11, a2, a4
core   0: 3 0x800104b4 (0x00e63db3) x27 0x00000001
core   0: 0x800104b8 (0x40330933) sub     s2, t1, gp
core   0: 3 0x800104b8 (0x40330933) x18 0x00000061
core   0: 0x800104bc (0x00462283) lw      t0, 4(a2)
core   0: 3 0x800104bc (0x00462283) x 5 0x80005ce4 mem 0x8002ae08
core   0: 0x800104c0 (0x02c60613) addi    a2, a2, 44
core   0: 3 0x800104c0 (0x02c60613) x12 0x8002ae30
core   0: 0x800104c4 (0x00d44233) xor     tp, s0, a3
core   0: 3 0x800104c4 (0x00d44233) x 4 0xc4bd8261
core   0: 0x800104c8 (0x0000100f) fence.i
core   0: 3 0x800104c8 (0x0000100f)
core   0: 0x800104cc (0x00c10793) addi    a5, sp, 12
core   0: 3 0x800104cc (0x00c10793) x15 0x8002ecf0
core   0: 0x800104d0 (0x0174aab3) slt     s5, s1, s7
core   0: 3 0x800104d0 (0x0174aab3) x21 0x00000000
core   0: 0x800104d4 (0xf7a9c513) xori    a0, s3, -134
core   0: 3 0x800104d4 (0xf7a9c513) x10 0xffffff7b
core   0: 0x800104d8 (0x01284fb3) xor     t6, a6, s2
core   0: 3 0x800104d8 (0x01284fb3) x31 0xffffffde
core   0: 0x800104dc (0x00128413) addi    s0, t0, 1
core   0: 3 0x800104dc (0x00128413) x 8 0x80005ce5
core   0: 0x800104e0 (0x00040467) jalr    s0, s0, 0
core   0: 3 0x800104e0 (0x00040467) x 8 0x800104e4
core   0: 0x80005ce4 (0x01e51e33) sll     t3, a0, t5
core   0: 3 0x80005ce4 (0x01e51e33) x28 0xfffffef6
core   0: 0x80005ce8 (0x01fdd293) srli    t0, s11, 31
core   0: 3 0x80005ce8 (0x01fdd293) x 5 0x00000000
core   0: 0x80005cec (0x2ec7bb13) sltiu   s6, a5, 748
core   0: 3 0x80005cec (0x2ec7bb13) x22 0x00000000
core   0: 0x80005cf0 (0x037dcd13) xori    s10, s11, 55
core   0: 3 0x80005cf0 (0x037dcd13) x26 0x00000036
core   0: 0x80005cf4 (0x00000013) nop
core   0: 3 0x80005cf4 (0x00000013)
core   0: 0x80005cf8 (0x03c39063) bne     t2, t3, pc + 32
core   0: 3 0x80005cf8 (0x03c39063)
core   0: 0x80005d18 (0x01726a33) or      s4, tp, s7
core   0: 3 0x80005d18 (0x01726a33) x20 0xc4bd8261
core   0: 0x80005d1c (0x139588b7) lui     a7, 0x13958
core   0: 3 0x80005d1c (0x139588b7) x17 0x13958000
core   0: 0x80005d20 (0x01adf733) and     a4, s11, s10
core   0: 3 0x80005d20 (0x01adf733) x14 0x00000000
core   0: 0x80005d24 (0xba6a6e93) ori     t4, s4, -1114
core   0: 3 0x80005d24 (0xba6a6e93) x29 0xfffffbe7
core   0: 0x80005d28 (0x008216b3) sll     a3, tp, s0
core   0: 3 0x80005d28 (0x008216b3) x13 0x4bd82610
core   0: 0x80005d2c (0x0ff0000f) fence   iorw,iorw
core   0: 3 0x80005d2c (0x0ff0000f)
core   0: 0x80005d30 (0x406556b3) sra     a3, a0, t1
core   0: 3 0x80005d30 (0x406556b3) x13 0xffffff7b
core   0: 0x80005d34 (0xbae11037) lui     zero, 0xbae11
core   0: 3 0x80005d34 (0xbae11037)
core   0: 0x80005d38 (0x005c5213) srli    tp, s8, 5
core   0: 3 0x80005d38 (0x005c5213) x 4 0x00000000
core   0: 0x80005d3c (0x0114bcb3) sltu    s9, s1, a7
core   0: 3 0x80005d3c (0x0114bcb3) x25 0x00000001
core   0: 0x80005d40 (0x01928433) add     s0, t0, s9
core   0: 3 0x80005d40 (0x01928433) x 8 0x00000001
core   0: 0x80005d44 (0x391d3713) sltiu   a4, s10, 913
core   0: 3 0x80005d44 (0x391d3713) x14 0x00000001
core   0: 0x80005d48 (0x4021d7b3) sra     a5, gp, sp
core   0: 3 0x80005d48 (0x4021d7b3) x15 0xfffffff9
core   0: 0x80005d4c (0x02b08c63) beq     ra, a1, pc + 56
core   0: 3 0x80005d4c (0x02b08c63)
core   0: 0x80005d50 (0x04c37863) bgeu    t1, a2, pc + 80
core   0: 3 0x80005d50 (0x04c37863)
core   0: 0x80005d54 (0xe665a013) slti    zero, a1, -410
core   0: 3 0x80005d54 (0xe665a013)
core   0: 0x80005d58 (0x405cd313) srai    t1, s9, 5
core   0: 3 0x80005d58 (0x405cd313) x 6 0x00000000
core   0: 0x80005d5c (0x01bc4fb3) xor     t6, s8, s11
core   0: 3 0x80005d5c (0x01bc4fb3) x31 0x00000000
core   0: 0x80005d60 (0x007626b3) slt     a3, a2, t2
core   0: 3 0x80005d60 (0x007626b3) x13 0x00000001
core   0: 0x80005d64 (0x0000100f) fence.i
core   0: 3 0x80005d64 (0x0000100f)
core   0: 0x80005d68 (0x032a0863) beq     s4, s2, pc + 48
core   0: 3 0x80005d68 (0x032a0863)
core   0: 0x80005d6c (0x00772a33) slt     s4, a4, t2
core   0: 3 0x80005d6c (0x00772a33) x20 0x00000001
core   0: 0x80005d70 (0x00000013) nop
core   0: 3 0x80005d70 (0x00000013)
core   0: 0x80005d74 (0x14d6a013) slti    zero, a3, 333
core   0: 3 0x80005d74 (0x14d6a013)
core   0: 0x80005d78 (0x5f460213) addi    tp, a2, 1524
core   0: 3 0x80005d78 (0x5f460213) x 4 0x8002b424
core   0: 0x80005d7c (0x019e7a33) and     s4, t3, s9
core   0: 3 0x80005d7c (0x019e7a33) x20 0x00000000
core   0: 0x80005d80 (0x00000013) nop
core   0: 3 0x80005d80 (0x00000013)
core   0: 0x80005d84 (0x01641193) slli    gp, s0, 22
core   0: 3 0x80005d84 (0x01641193) x 3 0x00400000
core   0: 0x80005d88 (0x8ca0b4b7) lui     s1, 0x8ca0b
core   0: 3 0x80005d88 (0x8ca0b4b7) x 9 0x8ca0b000
core   0: 0x80005d8c (0x013e7033) and     zero, t3, s3
core   0: 3 0x80005d8c (0x013e7033)
core   0: 0x80005d90 (0x01466233) or      tp, a2, s4
core   0: 3 0x80005d90 (0x01466233) x 4 0x8002ae30
core   0: 0x80005d94 (0x019f9a63) bne     t6, s9, pc + 20
core   0: 3 0x80005d94 (0x019f9a63)
core   0: 0x80005da8 (0x02d1e863) bltu    gp, a3, pc + 48
core   0: 3 0x80005da8 (0x02d1e863)
core   0: 0x80005dac (0x412a0733) sub     a4, s4, s2
core   0: 3 0x80005dac (0x412a0733) x14 0xffffff9f
core   0: 0x80005db0 (0x023b7c63) bgeu    s6, gp, pc + 56
core   0: 3 0x80005db0 (0x023b7c63)
core   0: 0x80005db4 (0x04a4d663) bge     s1, a0, pc + 76
core   0: 3 0x80005db4 (0x04a4d663)
core   0: 0x80005db8 (0x08572793) slti    a5, a4, 133
core   0: 3 0x80005db8 (0x08572793) x15 0x00000001
core   0: 0x80005dbc (0xbd280997) auipc   s3, 0xbd280
core   0: 3 0x80005dbc (0xbd280997) x19 0x3d285dbc
core   0: 0x80005dc0 (0x007720b3) slt     ra, a4, t2
core   0: 3 0x80005dc0 (0x007720b3) x 1 0x00000001
core   0: 0x80005dc4 (0x407c57b3) sra     a5, s8, t2
core   0: 3 0x80005dc4 (0x407c57b3) x15 0x00000000
core   0: 0x80005dc8 (0x014e3d33) sltu    s10, t3, s4
core   0: 3 0x80005dc8 (0x014e3d33) x26 0x00000000
core   0: 0x80005dcc (0xfc7c7e13) andi    t3, s8, -57
core   0: 3 0x80005dcc (0xfc7c7e13) x28 0x00000001
core   0: 0x80005dd0 (0xb135ec13) ori     s8, a1, -1261
core   0: 3 0x80005dd0 (0xb135ec13) x24 0xfffffb13
core   0: 0x80005dd4 (0x0079bc33) sltu    s8, s3, t2
core   0: 3 0x80005dd4 (0x0079bc33) x24 0x00000001
core   0: 0x80005dd8 (0x01e03d33) snez    s10, t5
core   0: 3 0x80005dd8 (0x01e03d33) x26 0x00000001
core   0: 0x80005ddc (0x01f991b3) sll     gp, s3, t6
core   0: 3 0x80005ddc (0x01f991b3) x 3 0x3d285dbc
core   0: 0x80005de0 (0x41c70233) sub     tp, a4, t3
core   0: 3 0x80005de0 (0x41c70233) x 4 0xffffff9e
core   0: 0x80005de4 (0x13f22193) slti    gp, tp, 319
core   0: 3 0x80005de4 (0x13f22193) x 3 0x00000001
core   0: 0x80005de8 (0x03755a63) bge     a0, s7, pc + 52
core   0: 3 0x80005de8 (0x03755a63)
core   0: 0x80005dec (0x004fd463) bge     t6, tp, pc + 8
core   0: 3 0x80005dec (0x004fd463)
core   0: 0x80005df4 (0x010e1913) slli    s2, t3, 16
core   0: 3 0x80005df4 (0x010e1913) x18 0x00010000
core   0: 0x80005df8 (0xed99ca17) auipc   s4, 0xed99c
core   0: 3 0x80005df8 (0xed99ca17) x20 0x6d9a1df8
core   0: 0x80005dfc (0x7c58e093) ori     ra, a7, 1989
core   0: 3 0x80005dfc (0x7c58e093) x 1 0x139587c5
core   0: 0x80005e00 (0x0ff0000f) fence   iorw,iorw
core   0: 3 0x80005e00 (0x0ff0000f)
core   0: 0x80005e04 (0x006a24b3) slt     s1, s4, t1
core   0: 3 0x80005e04 (0x006a24b3) x 9 0x00000000
core   0: 0x80005e08 (0x608e2b13) slti    s6, t3, 1544
core   0: 3 0x80005e08 (0x608e2b13) x22 0x00000001
core   0: 0x80005e0c (0x00cd10b3) sll     ra, s10, a2
core   0: 3 0x80005e0c (0x00cd10b3) x 1 0x00010000
core   0: 0x80005e10 (0x0000100f) fence.i
core   0: 3 0x80005e10 (0x0000100f)
core   0: 0x80005e14 (0x41e35993) srai    s3, t1, 30
core   0: 3 0x80005e14 (0x41e35993) x19 0x00000000
core   0: 0x80005e18 (0x00afa2b3) slt     t0, t6, a0
core   0: 3 0x80005e18 (0x00afa2b3) x 5 0x00000000
core   0: 0x80005e1c (0x00279463) bne     a5, sp, pc + 8
core   0: 3 0x80005e1c (0x00279463)
core   0: 0x80005e24 (0x4142d433) sra     s0, t0, s4
core   0: 3 0x80005e24 (0x4142d433) x 8 0x00000000
core   0: 0x80005e28 (0x04a6d663) bge     a3, a0, pc + 76
core   0: 3 0x80005e28 (0x04a6d663)
core   0: 0x80005e74 (0x01287db3) and     s11, a6, s2
core   0: 3 0x80005e74 (0x01287db3) x27 0x00010000
core   0: 0x80005e78 (0x0103df33) srl     t5, t2, a6
core   0: 3 0x80005e78 (0x0103df33) x30 0x00000000
core   0: 0x80005e7c (0x017cec33) or      s8, s9, s7
core   0: 3 0x80005e7c (0x017cec33) x24 0x00000001
core   0: 0x80005e80 (0x57555cb7) lui     s9, 0x57555
core   0: 3 0x80005e80 (0x57555cb7) x25 0x57555000
core   0: 0x80005e84 (0x00e93933) sltu    s2, s2, a4
core   0: 3 0x80005e84 (0x00e93933) x18 0x00000001
core   0: 0x80005e88 (0x013f68b3) or      a7, t5, s3
core   0: 3 0x80005e88 (0x013f68b3) x17 0x00000000
core   0: 0x80005e8c (0x0177bab3) sltu    s5, a5, s7
core   0: 3 0x80005e8c (0x0177bab3) x21 0x00000001
core   0: 0x80005e90 (0x00000013) nop
core   0: 3 0x80005e90 (0x00000013)
core   0: 0x80005e94 (0x40f8d193) srai    gp, a7, 15
core   0: 3 0x80005e94 (0x40f8d193) x 3 0x00000000
core   0: 0x80005e98 (0x044e9863) bne     t4, tp, pc + 80
core   0: 3 0x80005e98 (0x044e9863)
core   0: 0x80005ee8 (0x0126e6b3) or      a3, a3, s2
core   0: 3 0x80005ee8 (0x0126e6b3) x13 0x00000001
core   0: 0x80005eec (0x4085d893) srai    a7, a1, 8
core   0: 3 0x80005eec (0x4085d893) x17 0xff800000
core   0: 0x80005ef0 (0x00545eb3) srl     t4, s0, t0
core   0: 3 0x80005ef0 (0x00545eb3) x29 0x00000000
core   0: 0x80005ef4 (0x02a5dc63) bge     a1, a0, pc + 56
core   0: 3 0x80005ef4 (0x02a5dc63)
core   0: 0x80005ef8 (0x00623a33) sltu    s4, tp, t1
core   0: 3 0x80005ef8 (0x00623a33) x20 0x00000000
core   0: 0x80005efc (0x008e50b3) srl     ra, t3, s0
core   0: 3 0x80005efc (0x008e50b3) x 1 0x00000001
core   0: 0x80005f00 (0x005b36b3) sltu    a3, s6, t0
core   0: 3 0x80005f00 (0x005b36b3) x13 0x00000000
core   0: 0x80005f04 (0x0ff0000f) fence   iorw,iorw
core   0: 3 0x80005f04 (0x0ff0000f)
core   0: 0x80005f08 (0x010f5333) srl     t1, t5, a6
core   0: 3 0x80005f08 (0x010f5333) x 6 0x00000000
core   0: 0x80005f0c (0x004bbbb3) sltu    s7, s7, tp
core   0: 3 0x80005f0c (0x004bbbb3) x23 0x00000001
core   0: 0x80005f10 (0x00dfc6b3) xor     a3, t6, a3
core   0: 3 0x80005f10 (0x00dfc6b3) x13 0x00000000
core   0: 0x80005f14 (0x1c8c4a37) lui     s4, 0x1c8c4
core   0: 3 0x80005f14 (0x1c8c4a37) x20 0x1c8c4000
core   0: 0x80005f18 (0xb62e4893) xori    a7, t3, -1182
core   0: 3 0x80005f18 (0xb62e4893) x17 0xfffffb63
core   0: 0x80005f1c (0x40ef5193) srai    gp, t5, 14
core   0: 3 0x80005f1c (0x40ef5193) x 3 0x00000000
core   0: 0x80005f20 (0x824fcf93) xori    t6, t6, -2012
core   0: 3 0x80005f20 (0x824fcf93) x31 0xfffff824
core   0: 0x80005f24 (0xc60a7413) andi    s0, s4, -928
core   0: 3 0x80005f24 (0xc60a7413) x 8 0x1c8c4000
core   0: 0x80005f28 (0x01a8b2b3) sltu    t0, a7, s10
core   0: 3 0x80005f28 (0x01a8b2b3) x 5 0x00000000
core   0: 0x80005f2c (0x00000013) nop
core   0: 3 0x80005f2c (0x00000013)
core   0: 0x80005f30 (0x03a99863) bne     s3, s10, pc + 48
core   0: 3 0x80005f30 (0x03a99863)
core   0: 0x80005f60 (0xd521fc13) andi    s8, gp, -686
core   0: 3 0x80005f60 (0xd521fc13) x24 0x00000000
core   0: 0x80005f64 (0x6a2217b7) lui     a5, 0x6a221
core   0: 3 0x80005f64 (0x6a2217b7) x15 0x6a221000
core   0: 0x80005f68 (0x00000013) nop
core   0: 3 0x80005f68 (0x00000013)
core   0: 0x80005f6c (0x0043e333) or      t1, t2, tp
core   0: 3 0x80005f6c (0x0043e333) x 6 0xffffffbe
core   0: 0x80005f70 (0x00d06933) or      s2, zero, a3
core   0: 3 0x80005f70 (0x00d06933) x18 0x00000000
core   0: 0x80005f74 (0x002f9c93) slli    s9, t6, 2
core   0: 3 0x80005f74 (0x002f9c93) x25 0xffffe090
core   0: 0x80005f78 (0x01caacb3) slt     s9, s5, t3
core   0: 3 0x80005f78 (0x01caacb3) x25 0x00000000
core   0: 0x80005f7c (0x0128c263) blt     a7, s2, pc + 4
core   0: 3 0x80005f7c (0x0128c263)
core   0: 0x80005f80 (0x18022b93) slti    s7, tp, 384
core   0: 3 0x80005f80 (0x18022b93) x23 0x00000001
core   0: 0x80005f84 (0x01451713) slli    a4, a0, 20
core   0: 3 0x80005f84 (0x01451713) x14 0xf7b00000
core   0: 0x80005f88 (0x01da24b3) slt     s1, s4, t4
core   0: 3 0x80005f88 (0x01da24b3) x 9 0x00000000
core   0: 0x80005f8c (0x5fdb4d13) xori    s10, s6, 1533
core   0: 3 0x80005f8c (0x5fdb4d13) x26 0x000005fc
core   0: 0x80005f90 (0x00909013) slli    zero, ra, 9
core   0: 3 0x80005f90 (0x00909013)
core   0: 0x80005f94 (0x002b1993) slli    s3, s6, 2
core   0: 3 0x80005f94 (0x002b1993) x19 0x00000004
core   0: 0x80005f98 (0x02724263) blt     tp, t2, pc + 36
core   0: 3 0x80005f98 (0x02724263)
core   0: 0x80005fbc (0x40375433) sra     s0, a4, gp
core   0: 3 0x80005fbc (0x40375433) x 8 0xf7b00000
core   0: 0x80005fc0 (0x026c4c63) blt     s8, t1, pc + 56
core   0: 3 0x80005fc0 (0x026c4c63)
core   0: 0x80005fc4 (0x018ee1b3) or      gp, t4, s8
core   0: 3 0x80005fc4 (0x018ee1b3) x 3 0x00000000
core   0: 0x80005fc8 (0x0ff0000f) fence   iorw,iorw
core   0: 3 0x80005fc8 (0x0ff0000f)
core   0: 0x80005fcc (0x01e19a63) bne     gp, t5, pc + 20
core   0: 3 0x80005fcc (0x01e19a63)
core   0: 0x80005fd0 (0x13ed0313) addi    t1, s10, 318
core   0: 3 0x80005fd0 (0x13ed0313) x 6 0x0000073a
core   0: 0x80005fd4 (0x01eb6c63) bltu    s6, t5, pc + 24
core   0: 3 0x80005fd4 (0x01eb6c63)
core   0: 0x80005fd8 (0x40f9d0b3) sra     ra, s3, a5
core   0: 3 0x80005fd8 (0x40f9d0b3) x 1 0x00000004
core   0: 0x80005fdc (0x00000013) nop
core   0: 3 0x80005fdc (0x00000013)
core   0: 0x80005fe0 (0x018dac33) slt     s8, s11, s8
core   0: 3 0x80005fe0 (0x018dac33) x24 0x00000000
core   0: 0x80005fe4 (0x01318eb3) add     t4, gp, s3
core   0: 3 0x80005fe4 (0x01318eb3) x29 0x00000004
core   0: 0x80005fe8 (0x41d180b3) sub     ra, gp, t4
core   0: 3 0x80005fe8 (0x41d180b3) x 1 0xfffffffc
core   0: 0x80005fec (0x407d51b3) sra     gp, s10, t2
core   0: 3 0x80005fec (0x407d51b3) x 3 0x00000000
core   0: 0x80005ff0 (0x406b0033) sub     zero, s6, t1
core   0: 3 0x80005ff0 (0x406b0033)
core   0: 0x80005ff4 (0x0360dc63) bge     ra, s6, pc + 56
core   0: 3 0x80005ff4 (0x0360dc63)
core   0: 0x80005ff8 (0xa31f7213) andi    tp, t5, -1487
core   0: 3 0x80005ff8 (0xa31f7213) x 4 0x00000000
core   0: 0x80005ffc (0x9bcb2d93) slti    s11, s6, -1604
core   0: 3 0x80005ffc (0x9bcb2d93) x27 0x00000000
core   0: 0x80006000 (0x41f35fb3) sra     t6, t1, t6
core   0: 3 0x80006000 (0x41f35fb3) x31 0x00000073
core   0: 0x80006004 (0x5dd9ae13) slti    t3, s3, 1501
core   0: 3 0x80006004 (0x5dd9ae13) x28 0x00000001
core   0: 0x80006008 (0x0000100f) fence.i
core   0: 3 0x80006008 (0x0000100f)
core   0: 0x8000600c (0x00afbcb3) sltu    s9, t6, a0
core   0: 3 0x8000600c (0x00afbcb3) x25 0x00000001
core   0: 0x80006010 (0xdac07693) andi    a3, zero, -596
core   0: 3 0x80006010 (0xdac07693) x13 0x00000000
core   0: 0x80006014 (0xd1d83f13) sltiu   t5, a6, -739
core   0: 3 0x80006014 (0xd1d83f13) x30 0x00000000
core   0: 0x80006018 (0x00015293) srli    t0, sp, 0
core   0: 3 0x80006018 (0x00015293) x 5 0x8002ece4
core   0: 0x8000601c (0x0ff0000f) fence   iorw,iorw
core   0: 3 0x8000601c (0x0ff0000f)
core   0: 0x80006020 (0x0535fd13) andi    s10, a1, 83
core   0: 3 0x80006020 (0x0535fd13) x26 0x00000000
core   0: 0x80006024 (0x02d10e63) beq     sp, a3, pc + 60
core   0: 3 0x80006024 (0x02d10e63)
core   0: 0x80006028 (0x03241e63) bne     s0, s2, pc + 60
core   0: 3 0x80006028 (0x03241e63)
core   0: 0x80006064 (0x23a7aa93) slti    s5, a5, 570
core   0: 3 0x80006064 (0x23a7aa93) x21 0x00000000
core   0: 0x80006068 (0x40d95333) sra     t1, s2, a3
core   0: 3 0x80006068 (0x40d95333) x 6 0x00000000
core   0: 0x8000606c (0x04dee263) bltu    t4, a3, pc + 68
core   0: 3 0x8000606c (0x04dee263)
core   0: 0x80006070 (0x03a77b37) lui     s6, 0x3a77
core   0: 3 0x80006070 (0x03a77b37) x22 0x03a77000
core   0: 0x80006074 (0x004ffcb3) and     s9, t6, tp
core   0: 3 0x80006074 (0x004ffcb3) x25 0x00000000
core   0: 0x80006078 (0xd5964a93) xori    s5, a2, -679
core   0: 3 0x80006078 (0xd5964a93) x21 0x7ffd5369
core   0: 0x8000607c (0x00509863) bne     ra, t0, pc + 16
core   0: 3 0x8000607c (0x00509863)
core   0: 0x8000608c (0x0ff0000f) fence   iorw,iorw
core   0: 3 0x8000608c (0x0ff0000f)
core   0: 0x80006090 (0x002a2433) slt     s0, s4, sp
core   0: 3 0x80006090 (0x002a2433) x 8 0x00000000
core   0: 0x80006094 (0x00bbdb13) srli    s6, s7, 11
core   0: 3 0x80006094 (0x00bbdb13) x22 0x00000000
core   0: 0x80006098 (0xd73c8a97) auipc   s5, 0xd73c8
core   0: 3 0x80006098 (0xd73c8a97) x21 0x573ce098
core   0: 0x8000609c (0xa5202b13) slti    s6, zero, -1454
core   0: 3 0x8000609c (0xa5202b13) x22 0x00000000
core   0: 0x800060a0 (0x0ff0000f) fence   iorw,iorw
core   0: 3 0x800060a0 (0x0ff0000f)
core   0: 0x800060a4 (0x9ea6f0b7) lui     ra, 0x9ea6f
core   0: 3 0x800060a4 (0x9ea6f0b7) x 1 0x9ea6f000
core   0: 0x800060a8 (0x0ff0000f) fence   iorw,iorw
core   0: 3 0x800060a8 (0x0ff0000f)
core   0: 0x800060ac (0x0199b3b3) sltu    t2, s3, s9
core   0: 3 0x800060ac (0x0199b3b3) x 7 0x00000000
core   0: 0x800060b0 (0x018fe733) or      a4, t6, s8
core   0: 3 0x800060b0 (0x018fe733) x14 0x00000073
core   0: 0x800060b4 (0x68a64c13) xori    s8, a2, 1674
core   0: 3 0x800060b4 (0x68a64c13) x24 0x8002a8ba
core   0: 0x800060b8 (0x41785a33) sra     s4, a6, s7
core   0: 3 0x800060b8 (0x41785a33) x20 0xffffffdf
core   0: 0x800060bc (0x054e1463) bne     t3, s4, pc + 72
core   0: 3 0x800060bc (0x054e1463)
core   0: 0x80006104 (0x32fa7813) andi    a6, s4, 815
core   0: 3 0x80006104 (0x32fa7813) x16 0x0000030f
core   0: 0x80006108 (0x0000100f) fence.i
core   0: 3 0x80006108 (0x0000100f)
core   0: 0x8000610c (0x053e0863) beq     t3, s3, pc + 80
core   0: 3 0x8000610c (0x053e0863)
core   0: 0x80006110 (0x03bf0e63) beq     t5, s11, pc + 60
core   0: 3 0x80006110 (0x03bf0e63)
core   0: 0x8000614c (0x6d54b313) sltiu   t1, s1, 1749
core   0: 3 0x8000614c (0x6d54b313) x 6 0x00000001
core   0: 0x80006150 (0xd9582b97) auipc   s7, 0xd9582
core   0: 3 0x80006150 (0xd9582b97) x23 0x59588150
core   0: 0x80006154 (0x02a25e63) bge     tp, a0, pc + 60
core   0: 3 0x80006154 (0x02a25e63)
core   0: 0x80006190 (0x40fe5733) sra     a4, t3, a5
core   0: 3 0x80006190 (0x40fe5733) x14 0x00000001
core   0: 0x80006194 (0x40bc5713) srai    a4, s8, 11
core   0: 3 0x80006194 (0x40bc5713) x14 0xfff00055
core   0: 0x80006198 (0x01e62bb3) slt     s7, a2, t5
core   0: 3 0x80006198 (0x01e62bb3) x23 0x00000001
core   0: 0x8000619c (0x00b993b3) sll     t2, s3, a1
core   0: 3 0x8000619c (0x00b993b3) x 7 0x00000004
core   0: 0x800061a0 (0x0ff0000f) fence   iorw,iorw
core   0: 3 0x800061a0 (0x0ff0000f)
core   0: 0x800061a4 (0x0ff0000f) fence   iorw,iorw
core   0: 3 0x800061a4 (0x0ff0000f)
core   0: 0x800061a8 (0x0161c733) xor     a4, gp, s6
core   0: 3 0x800061a8 (0x0161c733) x14 0x00000000
core   0: 0x800061ac (0xde4b7a93) andi    s5, s6, -540
core   0: 3 0x800061ac (0xde4b7a93) x21 0x00000000
core   0: 0x800061b0 (0x36c92413) slti    s0, s2, 876
core   0: 3 0x800061b0 (0x36c92413) x 8 0x00000001
core   0: 0x800061b4 (0x4002d033) sra     zero, t0, zero
core   0: 3 0x800061b4 (0x4002d033)
core   0: 0x800061b8 (0x0042ef33) or      t5, t0, tp
core   0: 3 0x800061b8 (0x0042ef33) x30 0x8002ece4
core   0: 0x800061bc (0x3a96c813) xori    a6, a3, 937
core   0: 3 0x800061bc (0x3a96c813) x16 0x000003a9
core   0: 0x800061c0 (0x418d5193) srai    gp, s10, 24
core   0: 3 0x800061c0 (0x418d5193) x 3 0x00000000
core   0: 0x800061c4 (0x040af463) bgeu    s5, zero, pc + 72
core   0: 3 0x800061c4 (0x040af463)
core   0: 0x8000620c (0x8e334513) xori    a0, t1, -1821
core   0: 3 0x8000620c (0x8e334513) x10 0xfffff8e2
core   0: 0x80006210 (0x0198d233) srl     tp, a7, s9
core   0: 3 0x80006210 (0x0198d233) x 4 0xfffffb63
core   0: 0x80006214 (0xb51fe537) lui     a0, 0xb51fe
core   0: 3 0x80006214 (0xb51fe537) x10 0xb51fe000
core   0: 0x80006218 (0x01c07933) and     s2, zero, t3
core   0: 3 0x80006218 (0x01c07933) x18 0x00000000
core   0: 0x8000621c (0x020f5863) bgez    t5, pc + 48
core   0: 3 0x8000621c (0x020f5863)
core   0: 0x80006220 (0x01d1c3b3) xor     t2, gp, t4
core   0: 3 0x80006220 (0x01d1c3b3) x 7 0x00000004
core   0: 0x80006224 (0x96a07b93) andi    s7, zero, -1686
core   0: 3 0x80006224 (0x96a07b93) x23 0x00000000
core   0: 0x80006228 (0x032e1263) bne     t3, s2, pc + 36
core   0: 3 0x80006228 (0x032e1263)
core   0: 0x8000624c (0x05346863) bltu    s0, s3, pc + 80
core   0: 3 0x8000624c (0x05346863)
core   0: 0x8000629c (0x00f124b3) slt     s1, sp, a5
core   0: 3 0x8000629c (0x00f124b3) x 9 0x00000001
core   0: 0x800062a0 (0x41df5c33) sra     s8, t5, t4
core   0: 3 0x800062a0 (0x41df5c33) x24 0xf8002ece
core   0: 0x800062a4 (0x42adc213) xori    tp, s11, 1066
core   0: 3 0x800062a4 (0x42adc213) x 4 0x0000042a
core   0: 0x800062a8 (0x69a22393) slti    t2, tp, 1690
core   0: 3 0x800062a8 (0x69a22393) x 7 0x00000001
core   0: 0x800062ac (0x0ff0000f) fence   iorw,iorw
core   0: 3 0x800062ac (0x0ff0000f)
core   0: 0x800062b0 (0xc9712913) slti    s2, sp, -873
core   0: 3 0x800062b0 (0xc9712913) x18 0x00000001
core   0: 0x800062b4 (0x00000013) nop
core   0: 3 0x800062b4 (0x00000013)
core   0: 0x800062b8 (0x006bbab3) sltu    s5, s7, t1
core   0: 3 0x800062b8 (0x006bbab3) x21 0x00000001
core   0: 0x800062bc (0x00d05733) srl     a4, zero, a3
core   0: 3 0x800062bc (0x00d05733) x14 0x00000000
core   0: 0x800062c0 (0x0df3c213) xori    tp, t2, 223
core   0: 3 0x800062c0 (0x0df3c213) x 4 0x000000de
core   0: 0x800062c4 (0x5b3d7c93) andi    s9, s10, 1459
core   0: 3 0x800062c4 (0x5b3d7c93) x25 0x00000000
core   0: 0x800062c8 (0x01911d13) slli    s10, sp, 25
core   0: 3 0x800062c8 (0x01911d13) x26 0xc8000000
core   0: 0x800062cc (0x3ce43913) sltiu   s2, s0, 974
core   0: 3 0x800062cc (0x3ce43913) x18 0x00000001
core   0: 0x800062d0 (0x001cd713) srli    a4, s9, 1
core   0: 3 0x800062d0 (0x001cd713) x14 0x00000000
core   0: 0x800062d4 (0x01f5d693) srli    a3, a1, 31
core   0: 3 0x800062d4 (0x01f5d693) x13 0x00000001
core   0: 0x800062d8 (0x0ff0000f) fence   iorw,iorw
core   0: 3 0x800062d8 (0x0ff0000f)
core   0: 0x800062dc (0x00fe1db3) sll     s11, t3, a5
core   0: 3 0x800062dc (0x00fe1db3) x27 0x00000001
core   0: 0x800062e0 (0xeae4cf17) auipc   t5, 0xeae4c
core   0: 3 0x800062e0 (0xeae4cf17) x30 0x6ae522e0
core   0: 0x800062e4 (0x00000013) nop
core   0: 3 0x800062e4 (0x00000013)
core   0: 0x800062e8 (0x4130d813) srai    a6, ra, 19
core   0: 3 0x800062e8 (0x4130d813) x16 0xfffff3d4
core   0: 0x800062ec (0xd380ac93) slti    s9, ra, -712
core   0: 3 0x800062ec (0xd380ac93) x25 0x00000001
core   0: 0x800062f0 (0x006ceeb3) or      t4, s9, t1
core   0: 3 0x800062f0 (0x006ceeb3) x29 0x00000001
core   0: 0x800062f4 (0x010a5a13) srli    s4, s4, 16
core   0: 3 0x800062f4 (0x010a5a13) x20 0x0000ffff
core   0: 0x800062f8 (0x5f3fa413) slti    s0, t6, 1523
core   0: 3 0x800062f8 (0x5f3fa413) x 8 0x00000001
core   0: 0x800062fc (0xa2762b13) slti    s6, a2, -1497
core   0: 3 0x800062fc (0xa2762b13) x22 0x00000001
core   0: 0x80006300 (0x00000013) nop
core   0: 3 0x80006300 (0x00000013)
core   0: 0x80006304 (0x0e04b693) sltiu   a3, s1, 224
core   0: 3 0x80006304 (0x0e04b693) x13 0x00000001
core   0: 0x80006308 (0x001ea6b3) slt     a3, t4, ra
core   0: 3 0x80006308 (0x001ea6b3) x13 0x00000000
core   0: 0x8000630c (0x006634b3) sltu    s1, a2, t1
core   0: 3 0x8000630c (0x006634b3) x 9 0x00000000
core   0: 0x80006310 (0x0000100f) fence.i
core   0: 3 0x80006310 (0x0000100f)
core   0: 0x80006314 (0x418a5ab3) sra     s5, s4, s8
core   0: 3 0x80006314 (0x418a5ab3) x21 0x00000003
core   0: 0x80006318 (0x0414c863) blt     s1, ra, pc + 80
core   0: 3 0x80006318 (0x0414c863)
core   0: 0x8000631c (0x0000100f) fence.i
core   0: 3 0x8000631c (0x0000100f)
core   0: 0x80006320 (0xc7f2ae13) slti    t3, t0, -897
core   0: 3 0x80006320 (0xc7f2ae13) x28 0x00000001
core   0: 0x80006324 (0x00d36033) or      zero, t1, a3
core   0: 3 0x80006324 (0x00d36033)
core   0: 0x80006328 (0xfed7fe93) andi    t4, a5, -19
core   0: 3 0x80006328 (0xfed7fe93) x29 0x6a221000
core   0: 0x8000632c (0x13bc7013) andi    zero, s8, 315
core   0: 3 0x8000632c (0x13bc7013)
core   0: 0x80006330 (0x01018c63) beq     gp, a6, pc + 24
core   0: 3 0x80006330 (0x01018c63)
core   0: 0x80006334 (0x0028dd33) srl     s10, a7, sp
core   0: 3 0x80006334 (0x0028dd33) x26 0x0fffffb6
core   0: 0x80006338 (0x001ba733) slt     a4, s7, ra
core   0: 3 0x80006338 (0x001ba733) x14 0x00000000
core   0: 0x8000633c (0x40b18833) sub     a6, gp, a1
core   0: 3 0x8000633c (0x40b18833) x16 0x80000000
core   0: 0x80006340 (0xab0c6a13) ori     s4, s8, -1360
core   0: 3 0x80006340 (0xab0c6a13) x20 0xfffffefe
core   0: 0x80006344 (0x01cbcab3) xor     s5, s7, t3
core   0: 3 0x80006344 (0x01cbcab3) x21 0x00000001
core   0: 0x80006348 (0x0321ce63) blt     gp, s2, pc + 60
core   0: 3 0x80006348 (0x0321ce63)
core   0: 0x80006384 (0x53110413) addi    s0, sp, 1329
core   0: 3 0x80006384 (0x53110413) x 8 0x8002f215
core   0: 0x80006388 (0x003bdf33) srl     t5, s7, gp
core   0: 3 0x80006388 (0x003bdf33) x30 0x00000000
core   0: 0x8000638c (0x00545eb3) srl     t4, s0, t0
core   0: 3 0x8000638c (0x00545eb3) x29 0x08002f21
core   0: 0x80006390 (0x41137393) andi    t2, t1, 1041
core   0: 3 0x80006390 (0x41137393) x 7 0x00000001
core   0: 0x80006394 (0xf20f3913) sltiu   s2, t5, -224
core   0: 3 0x80006394 (0xf20f3913) x18 0x00000001
core   0: 0x80006398 (0x01eb7d33) and     s10, s6, t5
core   0: 3 0x80006398 (0x01eb7d33) x26 0x00000000
core   0: 0x8000639c (0x0000100f) fence.i
core   0: 3 0x8000639c (0x0000100f)
core   0: 0x800063a0 (0x00029493) slli    s1, t0, 0
core   0: 3 0x800063a0 (0x00029493) x 9 0x8002ece4
core   0: 0x800063a4 (0x003e1d13) slli    s10, t3, 3
core   0: 3 0x800063a4 (0x003e1d13) x26 0x00000008
core   0: 0x800063a8 (0x7fe22a13) slti    s4, tp, 2046
core   0: 3 0x800063a8 (0x7fe22a13) x20 0x00000001
core   0: 0x800063ac (0x22d4b513) sltiu   a0, s1, 557
core   0: 3 0x800063ac (0x22d4b513) x10 0x00000000
core   0: 0x800063b0 (0x00000013) nop
core   0: 3 0x800063b0 (0x00000013)
core   0: 0x800063b4 (0x0021a733) slt     a4, gp, sp
core   0: 3 0x800063b4 (0x0021a733) x14 0x00000000
core   0: 0x800063b8 (0x01c6f3b3) and     t2, a3, t3
core   0: 3 0x800063b8 (0x01c6f3b3) x 7 0x00000000
core   0: 0x800063bc (0x01a89733) sll     a4, a7, s10
core   0: 3 0x800063bc (0x01a89733) x14 0xfffb6300
core   0: 0x800063c0 (0x000eef33) or      t5, t4, zero
core   0: 3 0x800063c0 (0x000eef33) x30 0x08002f21
core   0: 0x800063c4 (0x8cbb0e13) addi    t3, s6, -1845
core   0: 3 0x800063c4 (0x8cbb0e13) x28 0xfffff8cc
core   0: 0x800063c8 (0x0278da63) bge     a7, t2, pc + 52
core   0: 3 0x800063c8 (0x0278da63)
core   0: 0x800063cc (0x7041a893) slti    a7, gp, 1796
core   0: 3 0x800063cc (0x7041a893) x17 0x00000001
core   0: 0x800063d0 (0x00423ab3) sltu    s5, tp, tp
core   0: 3 0x800063d0 (0x00423ab3) x21 0x00000000
core   0: 0x800063d4 (0x037e6263) bltu    t3, s7, pc + 36
core   0: 3 0x800063d4 (0x037e6263)
core   0: 0x800063d8 (0x0115bc33) sltu    s8, a1, a7
core   0: 3 0x800063d8 (0x0115bc33) x24 0x00000000
core   0: 0x800063dc (0x405cd433) sra     s0, s9, t0
core   0: 3 0x800063dc (0x405cd433) x 8 0x00000000
core   0: 0x800063e0 (0x00290db3) add     s11, s2, sp
core   0: 3 0x800063e0 (0x00290db3) x27 0x8002ece5
core   0: 0x800063e4 (0x7c34cb93) xori    s7, s1, 1987
core   0: 3 0x800063e4 (0x7c34cb93) x23 0x8002eb27
core   0: 0x800063e8 (0x88465417) auipc   s0, 0x88465
core   0: 3 0x800063e8 (0x88465417) x 8 0x0846b3e8
core   0: 0x800063ec (0x017a9a63) bne     s5, s7, pc + 20
core   0: 3 0x800063ec (0x017a9a63)
core   0: 0x80006400 (0xdf30e313) ori     t1, ra, -525
core   0: 3 0x80006400 (0xdf30e313) x 6 0xfffffdf3
core   0: 0x80006404 (0x02fc1863) bne     s8, a5, pc + 48
core   0: 3 0x80006404 (0x02fc1863)
core   0: 0x80006434 (0x00000013) nop
core   0: 3 0x80006434 (0x00000013)
core   0: 0x80006438 (0x01e5a333) slt     t1, a1, t5
core   0: 3 0x80006438 (0x01e5a333) x 6 0x00000001
core   0: 0x8000643c (0x008358b3) srl     a7, t1, s0
core   0: 3 0x8000643c (0x008358b3) x17 0x00000000
core   0: 0x80006440 (0x0061ac33) slt     s8, gp, t1
core   0: 3 0x80006440 (0x0061ac33) x24 0x00000001
core   0: 0x80006444 (0x0170d993) srli    s3, ra, 23
core   0: 3 0x80006444 (0x0170d993) x19 0x0000013d
core   0: 0x80006448 (0x0ff0000f) fence   iorw,iorw
core   0: 3 0x80006448 (0x0ff0000f)
core   0: 0x8000644c (0x41d8db93) srai    s7, a7, 29
core   0: 3 0x8000644c (0x41d8db93) x23 0x00000000
core   0: 0x80006450 (0xf914b313) sltiu   t1, s1, -111
core   0: 3 0x80006450 (0xf914b313) x 6 0x00000001
core   0: 0x80006454 (0x2fdde217) auipc   tp, 0x2fdde
core   0: 3 0x80006454 (0x2fdde217) x 4 0xafde4454
core   0: 0x80006458 (0x01dc8263) beq     s9, t4, pc + 4
core   0: 3 0x80006458 (0x01dc8263)
core   0: 0x8000645c (0x0024ee33) or      t3, s1, sp
core   0: 3 0x8000645c (0x0024ee33) x28 0x8002ece4
core   0: 0x80006460 (0x43da2e93) slti    t4, s4, 1085
core   0: 3 0x80006460 (0x43da2e93) x29 0x00000001
core   0: 0x80006464 (0x00000013) nop
core   0: 3 0x80006464 (0x00000013)
core   0: 0x80006468 (0x01d73533) sltu    a0, a4, t4
core   0: 3 0x80006468 (0x01d73533) x10 0x00000000
core   0: 0x8000646c (0x017624b3) slt     s1, a2, s7
core   0: 3 0x8000646c (0x017624b3) x 9 0x00000001
core   0: 0x80006470 (0xad5c3313) sltiu   t1, s8, -1323
core   0: 3 0x80006470 (0xad5c3313) x 6 0x00000001
core   0: 0x80006474 (0x01fd1463) bne     s10, t6, pc + 8
core   0: 3 0x80006474 (0x01fd1463)
core   0: 0x8000647c (0x00b587b3) add     a5, a1, a1
core   0: 3 0x8000647c (0x00b587b3) x15 0x00000000
core   0: 0x80006480 (0xe8040013) addi    zero, s0, -384
core   0: 3 0x80006480 (0xe8040013)
core   0: 0x80006484 (0x01bd4463) blt     s10, s11, pc + 8
core   0: 3 0x80006484 (0x01bd4463)
core   0: 0x80006488 (0x005c5333) srl     t1, s8, t0
core   0: 3 0x80006488 (0x005c5333) x 6 0x00000000
core   0: 0x8000648c (0x0484c663) blt     s1, s0, pc + 76
core   0: 3 0x8000648c (0x0484c663)
core   0: 0x800064d8 (0x414ed4b3) sra     s1, t4, s4
core   0: 3 0x800064d8 (0x414ed4b3) x 9 0x00000000
core   0: 0x800064dc (0x12edee93) ori     t4, s11, 302
core   0: 3 0x800064dc (0x12edee93) x29 0x8002edef
core   0: 0x800064e0 (0x0100f933) and     s2, ra, a6
core   0: 3 0x800064e0 (0x0100f933) x18 0x80000000
core   0: 0x800064e4 (0x41cfc813) xori    a6, t6, 1052
core   0: 3 0x800064e4 (0x41cfc813) x16 0x0000046f
core   0: 0x800064e8 (0x00c0d333) srl     t1, ra, a2
core   0: 3 0x800064e8 (0x00c0d333) x 6 0x00009ea6
core   0: 0x800064ec (0x017a7cb3) and     s9, s4, s7
core   0: 3 0x800064ec (0x017a7cb3) x25 0x00000000
core   0: 0x800064f0 (0x01b93733) sltu    a4, s2, s11
core   0: 3 0x800064f0 (0x01b93733) x14 0x00000001
core   0: 0x800064f4 (0x402dd193) srai    gp, s11, 2
core   0: 3 0x800064f4 (0x402dd193) x 3 0xe000bb39
core   0: 0x800064f8 (0x05471663) bne     a4, s4, pc + 76
core   0: 3 0x800064f8 (0x05471663)
core   0: 0x800064fc (0x07b35cb7) lui     s9, 0x7b35
core   0: 3 0x800064fc (0x07b35cb7) x25 0x07b35000
core   0: 0x80006500 (0x00a646b3) xor     a3, a2, a0
core   0: 3 0x80006500 (0x00a646b3) x13 0x8002ae30
core   0: 0x80006504 (0x0171ddb3) srl     s11, gp, s7
core   0: 3 0x80006504 (0x0171ddb3) x27 0xe000bb39
core   0: 0x80006508 (0x00d84a63) blt     a6, a3, pc + 20
core   0: 3 0x80006508 (0x00d84a63)
core   0: 0x8000650c (0x41c55513) srai    a0, a0, 28
core   0: 3 0x8000650c (0x41c55513) x10 0x00000000
core   0: 0x80006510 (0x0114da13) srli    s4, s1, 17
core   0: 3 0x80006510 (0x0114da13) x20 0x00000000
core   0: 0x80006514 (0xcb4b0e13) addi    t3, s6, -844
core   0: 3 0x80006514 (0xcb4b0e13) x28 0xfffffcb5
core   0: 0x80006518 (0x21a1c193) xori    gp, gp, 538
core   0: 3 0x80006518 (0x21a1c193) x 3 0xe000b923
core   0: 0x8000651c (0x34600213) li      tp, 838
core   0: 3 0x8000651c (0x34600213) x 4 0x00000346
core   0: 0x80006520 (0x41795b33) sra     s6, s2, s7
core   0: 3 0x80006520 (0x41795b33) x22 0x80000000
core   0: 0x80006524 (0x40538933) sub     s2, t2, t0
core   0: 3 0x80006524 (0x40538933) x18 0x7ffd131c
core   0: 0x80006528 (0x00000013) nop
core   0: 3 0x80006528 (0x00000013)
core   0: 0x8000652c (0x00000013) nop
core   0: 3 0x8000652c (0x00000013)
core   0: 0x80006530 (0x590fbd93) sltiu   s11, t6, 1424
core   0: 3 0x80006530 (0x590fbd93) x27 0x00000001
core   0: 0x80006534 (0x009abbb3) sltu    s7, s5, s1
core   0: 3 0x80006534 (0x009abbb3) x23 0x00000000
core   0: 0x80006538 (0x19a23c17) auipc   s8, 0x19a23
core   0: 3 0x80006538 (0x19a23c17) x24 0x99a29538
core   0: 0x8000653c (0x012e57b3) srl     a5, t3, s2
core   0: 3 0x8000653c (0x012e57b3) x15 0x0000000f
core   0: 0x80006540 (0x0ff0000f) fence   iorw,iorw
core   0: 3 0x80006540 (0x0ff0000f)
core   0: 0x80006544 (0x413da193) slti    gp, s11, 1043
core   0: 3 0x80006544 (0x413da193) x 3 0x00000001
core   0: 0x80006548 (0x370b6513) ori     a0, s6, 880
core   0: 3 0x80006548 (0x370b6513) x10 0x80000370
core   0: 0x8000654c (0xfab51f17) auipc   t5, 0xfab51
core   0: 3 0x8000654c (0xfab51f17) x30 0x7ab5754c
core   0: 0x80006550 (0x017b2933) slt     s2, s6, s7
core   0: 3 0x80006550 (0x017b2933) x18 0x00000001
core   0: 0x80006554 (0x011f5493) srli    s1, t5, 17
core   0: 3 0x80006554 (0x011f5493) x 9 0x00003d5a
core   0: 0x80006558 (0xbd26c893) xori    a7, a3, -1070
core   0: 3 0x80006558 (0xbd26c893) x17 0x7ffd55e2
core   0: 0x8000655c (0x0156f1b3) and     gp, a3, s5
core   0: 3 0x8000655c (0x0156f1b3) x 3 0x00000000
core   0: 0x80006560 (0x012148b3) xor     a7, sp, s2
core   0: 3 0x80006560 (0x012148b3) x17 0x8002ece5
core   0: 0x80006564 (0x0f687f93) andi    t6, a6, 246
core   0: 3 0x80006564 (0x0f687f93) x31 0x00000066
core   0: 0x80006568 (0x6ecd6193) ori     gp, s10, 1772
core   0: 3 0x80006568 (0x6ecd6193) x 3 0x000006ec
core   0: 0x8000656c (0x0000100f) fence.i
core   0: 3 0x8000656c (0x0000100f)
core   0: 0x80006570 (0x001277b3) and     a5, tp, ra
core   0: 3 0x80006570 (0x001277b3) x15 0x00000000
core   0: 0x80006574 (0x01a59213) slli    tp, a1, 26
core   0: 3 0x80006574 (0x01a59213) x 4 0x00000000
core   0: 0x80006578 (0x0057bb33) sltu    s6, a5, t0
core   0: 3 0x80006578 (0x0057bb33) x22 0x00000001
core   0: 0x8000657c (0x01a39b93) slli    s7, t2, 26
core   0: 3 0x8000657c (0x01a39b93) x23 0x00000000
core   0: 0x80006580 (0x0000100f) fence.i
core   0: 3 0x80006580 (0x0000100f)
core   0: 0x80006584 (0x40d58033) sub     zero, a1, a3
core   0: 3 0x80006584 (0x40d58033)
core   0: 0x80006588 (0x29613093) sltiu   ra, sp, 662
core   0: 3 0x80006588 (0x29613093) x 1 0x00000000
core   0: 0x8000658c (0x01317a33) and     s4, sp, s3
core   0: 3 0x8000658c (0x01317a33) x20 0x00000024
core   0: 0x80006590 (0x01e49093) slli    ra, s1, 30
core   0: 3 0x80006590 (0x01e49093) x 1 0x80000000
core   0: 0x80006594 (0x009642b3) xor     t0, a2, s1
core   0: 3 0x80006594 (0x009642b3) x 5 0x8002936a
core   0: 0x80006598 (0x002516b3) sll     a3, a0, sp
core   0: 3 0x80006598 (0x002516b3) x13 0x00003700
core   0: 0x8000659c (0x40280b33) sub     s6, a6, sp
core   0: 3 0x8000659c (0x40280b33) x22 0x7ffd178b
core   0: 0x800065a0 (0x40115433) sra     s0, sp, ra
core   0: 3 0x800065a0 (0x40115433) x 8 0x8002ece4
core   0: 0x800065a4 (0x02bd6263) bltu    s10, a1, pc + 36
core   0: 3 0x800065a4 (0x02bd6263)
core   0: 0x800065c8 (0x00b04a33) xor     s4, zero, a1
core   0: 3 0x800065c8 (0x00b04a33) x20 0x80000000
core   0: 0x800065cc (0x411dda13) srai    s4, s11, 17
core   0: 3 0x800065cc (0x411dda13) x20 0x00000000
core   0: 0x800065d0 (0x00bbdbb3) srl     s7, s7, a1
core   0: 3 0x800065d0 (0x00bbdbb3) x23 0x00000000
core   0: 0x800065d4 (0x87f646b7) lui     a3, 0x87f64
core   0: 3 0x800065d4 (0x87f646b7) x13 0x87f64000
core   0: 0x800065d8 (0x00749e13) slli    t3, s1, 7
core   0: 3 0x800065d8 (0x00749e13) x28 0x001ead00
core   0: 0x800065dc (0x00fd29b3) slt     s3, s10, a5
core   0: 3 0x800065dc (0x00fd29b3) x19 0x00000000
core   0: 0x800065e0 (0x04666863) bltu    a2, t1, pc + 80
core   0: 3 0x800065e0 (0x04666863)
core   0: 0x800065e4 (0x4c894393) xori    t2, s2, 1224
core   0: 3 0x800065e4 (0x4c894393) x 7 0x000004c9
core   0: 0x800065e8 (0x05f8d863) bge     a7, t6, pc + 80
core   0: 3 0x800065e8 (0x05f8d863)
core   0: 0x800065ec (0x00d1f7b3) and     a5, gp, a3
core   0: 3 0x800065ec (0x00d1f7b3) x15 0x00000000
core   0: 0x800065f0 (0x00208993) addi    s3, ra, 2
core   0: 3 0x800065f0 (0x00208993) x19 0x80000002
core   0: 0x800065f4 (0x1257ad93) slti    s11, a5, 293
core   0: 3 0x800065f4 (0x1257ad93) x27 0x00000001
core   0: 0x800065f8 (0xc09e6013) ori     zero, t3, -1015
core   0: 3 0x800065f8 (0xc09e6013)
core   0: 0x800065fc (0x02cfec63) bltu    t6, a2, pc + 56
core   0: 3 0x800065fc (0x02cfec63)
core   0: 0x80006634 (0x417ad1b3) sra     gp, s5, s7
core   0: 3 0x80006634 (0x417ad1b3) x 3 0x00000000
core   0: 0x80006638 (0xae8a5937) lui     s2, 0xae8a5
core   0: 3 0x80006638 (0xae8a5937) x18 0xae8a5000
core   0: 0x8000663c (0x0001d917) auipc   s2, 0x1d
core   0: 3 0x8000663c (0x0001d917) x18 0x8002363c
core   0: 0x80006640 (0x55790913) addi    s2, s2, 1367
core   0: 3 0x80006640 (0x55790913) x18 0x80023b93
core   0: 0x80006644 (0x00017a17) auipc   s4, 0x17
core   0: 3 0x80006644 (0x00017a17) x20 0x8001d644
core   0: 0x80006648 (0x750a0a13) addi    s4, s4, 1872
core   0: 3 0x80006648 (0x750a0a13) x20 0x8001dd94
core   0: 0x8000664c (0x00016517) auipc   a0, 0x16
core   0: 3 0x8000664c (0x00016517) x10 0x8001c64c
core   0: 0x80006650 (0xba450513) addi    a0, a0, -1116
core   0: 3 0x80006650 (0xba450513) x10 0x8001c1f0
core   0: 0x80006654 (0xff250aa3) sb      s2, -11(a0)
core   0: 3 0x80006654 (0xff250aa3) mem 0x8001c1e5 0x93
core   0: 0x80006658 (0x0001c417) auipc   s0, 0x1c
core   0: 3 0x80006658 (0x0001c417) x 8 0x80022658
core   0: 0x8000665c (0xfb240413) addi    s0, s0, -78
core   0: 3 0x8000665c (0xfb240413) x 8 0x8002260a
core   0: 0x80006660 (0x0001e197) auipc   gp, 0x1e
core   0: 3 0x80006660 (0x0001e197) x 3 0x80024660
core   0: 0x80006664 (0xf9a18193) addi    gp, gp, -102
core   0: 3 0x80006664 (0xf9a18193) x 3 0x800245fa
core   0: 0x80006668 (0xfcc504a3) sb      a2, -55(a0)
core   0: 3 0x80006668 (0xfcc504a3) mem 0x8001c1b9 0x30
core   0: 0x8000666c (0xcef90823) sb      a5, -784(s2)
core   0: 3 0x8000666c (0xcef90823) mem 0x80023883 0x0
core   0: 0x80006670 (0x01b44c83) lbu     s9, 27(s0)
core   0: 3 0x80006670 (0x01b44c83) x25 0x000000de mem 0x80022625
core   0: 0x80006674 (0x011a0ea3) sb      a7, 29(s4)
core   0: 3 0x80006674 (0x011a0ea3) mem 0x8001ddb1 0xe5
core   0: 0x80006678 (0xfd154e03) lbu     t3, -47(a0)
core   0: 3 0x80006678 (0xfd154e03) x28 0x0000007a mem 0x8001c1c1
core   0: 0x8000667c (0xb8090983) lb      s3, -1152(s2)
core   0: 3 0x8000667c (0xb8090983) x19 0xffffffc8 mem 0x80023713
core   0: 0x80006680 (0xfc9a0223) sb      s1, -60(s4)
core   0: 3 0x80006680 (0xfc9a0223) mem 0x8001dd58 0x5a
core   0: 0x80006684 (0xfeea0a23) sb      a4, -12(s4)
core   0: 3 0x80006684 (0xfeea0a23) mem 0x8001dd88 0x1
core   0: 0x80006688 (0x8db18c83) lb      s9, -1829(gp)
core   0: 3 0x80006688 (0x8db18c83) x25 0xffffff8e mem 0x80023ed5
core   0: 0x8000668c (0xfd154203) lbu     tp, -47(a0)
core   0: 3 0x8000668c (0xfd154203) x 4 0x0000007a mem 0x8001c1c1
core   0: 0x80006690 (0xffd44983) lbu     s3, -3(s0)
core   0: 3 0x80006690 (0xffd44983) x19 0x000000bc mem 0x80022607
core   0: 0x80006694 (0x81490b23) sb      s4, -2026(s2)
core   0: 3 0x80006694 (0x81490b23) mem 0x800233a9 0x94
core   0: 0x80006698 (0x03a42483) lw      s1, 58(s0)
core   0: 3 0x80006698 (0x03a42483) x 9 0xfcfdfeff mem 0x80022644
core   0: 0x8000669c (0xff0a06a3) sb      a6, -19(s4)
core   0: 3 0x8000669c (0xff0a06a3) mem 0x8001dd81 0x6f
core   0: 0x800066a0 (0x00850803) lb      a6, 8(a0)
core   0: 3 0x800066a0 (0x00850803) x16 0xffffffb3 mem 0x8001c1f8
core   0: 0x800066a4 (0x010a4d03) lbu     s10, 16(s4)
core   0: 3 0x800066a4 (0x010a4d03) x26 0x0000005f mem 0x8001dda4
core   0: 0x800066a8 (0x72318a83) lb      s5, 1827(gp)
core   0: 3 0x800066a8 (0x72318a83) x21 0xffffffd6 mem 0x80024d1d
core   0: 0x800066ac (0xfff41123) sh      t6, -30(s0)
core   0: 3 0x800066ac (0xfff41123) mem 0x800225ec 0x0066
core   0: 0x800066b0 (0x73592d03) lw      s10, 1845(s2)
core   0: 3 0x800066b0 (0x73592d03) x26 0x80818283 mem 0x800242c8
core   0: 0x800066b4 (0x19890b23) sb      s8, 406(s2)
core   0: 3 0x800066b4 (0x19890b23) mem 0x80023d29 0x38
core   0: 0x800066b8 (0x4e919323) sh      s1, 1254(gp)
core   0: 3 0x800066b8 (0x4e919323) mem 0x80024ae0 0xfeff
core   0: 0x800066bc (0x8aa905a3) sb      a0, -1877(s2)
core   0: 3 0x800066bc (0x8aa905a3) mem 0x8002343e 0xf0
core   0: 0x800066c0 (0x00554283) lbu     t0, 5(a0)
core   0: 3 0x800066c0 (0x00554283) x 5 0x000000ae mem 0x8001c1f5
core   0: 0x800066c4 (0x17a1a523) sw      s10, 362(gp)
core   0: 3 0x800066c4 (0x17a1a523) mem 0x80024764 0x80818283
core   0: 0x800066c8 (0xfe1a4083) lbu     ra, -31(s4)
core   0: 3 0x800066c8 (0xfe1a4083) x 1 0x0000002e mem 0x8001dd75
core   0: 0x800066cc (0x0d918423) sb      s9, 200(gp)
core   0: 3 0x800066cc (0x0d918423) mem 0x800246c2 0x8e
core   0: 0x800066d0 (0x9c891ba3) sh      s0, -1577(s2)
core   0: 3 0x800066d0 (0x9c891ba3) mem 0x8002356a 0x260a
core   0: 0x800066d4 (0xfd455303) lhu     t1, -44(a0)
core   0: 3 0x800066d4 (0xfd455303) x 6 0x00007e7f mem 0x8001c1c4
core   0: 0x800066d8 (0x3421a983) lw      s3, 834(gp)
core   0: 3 0x800066d8 (0x3421a983) x19 0xf4f5f6f7 mem 0x8002493c
core   0: 0x800066dc (0xe2794683) lbu     a3, -473(s2)
core   0: 3 0x800066dc (0xe2794683) x13 0x00000071 mem 0x800239ba
core   0: 0x800066e0 (0xfff44803) lbu     a6, -1(s0)
core   0: 3 0x800066e0 (0xfff44803) x16 0x000000c2 mem 0x80022609
core   0: 0x800066e4 (0x01740383) lb      t2, 23(s0)
core   0: 3 0x800066e4 (0x01740383) x 7 0x00000057 mem 0x80022621
core   0: 0x800066e8 (0xfd1a4d83) lbu     s11, -47(s4)
core   0: 3 0x800066e8 (0xfd1a4d83) x27 0x0000001e mem 0x8001dd65
core   0: 0x800066ec (0x02454983) lbu     s3, 36(a0)
core   0: 3 0x800066ec (0x02454983) x19 0x000000cf mem 0x8001c214
core   0: 0x800066f0 (0x0e8911a3) sh      s0, 227(s2)
core   0: 3 0x800066f0 (0x0e8911a3) mem 0x80023c76 0x260a
core   0: 0x800066f4 (0xfeda4783) lbu     a5, -19(s4)
core   0: 3 0x800066f4 (0xfeda4783) x15 0x0000006f mem 0x8001dd81
core   0: 0x800066f8 (0x00b42523) sw      a1, 10(s0)
core   0: 3 0x800066f8 (0x00b42523) mem 0x80022614 0x80000000
core   0: 0x800066fc (0xece19023) sh      a4, -320(gp)
core   0: 3 0x800066fc (0xece19023) mem 0x800244ba 0x0001
core   0: 0x80006700 (0x0000100f) fence.i
core   0: 3 0x80006700 (0x0000100f)
core   0: 0x80006704 (0xf64ca9b7) lui     s3, 0xf64ca
core   0: 3 0x80006704 (0xf64ca9b7) x19 0xf64ca000
core   0: 0x80006708 (0x012e16b3) sll     a3, t3, s2
core   0: 3 0x80006708 (0x012e16b3) x13 0x03d00000
core   0: 0x8000670c (0x02c20e63) beq     tp, a2, pc + 60
core   0: 3 0x8000670c (0x02c20e63)
core   0: 0x80006710 (0x019dd263) bge     s11, s9, pc + 4
core   0: 3 0x80006710 (0x019dd263)
core   0: 0x80006714 (0x7e026013) ori     zero, tp, 2016
core   0: 3 0x80006714 (0x7e026013)
core   0: 0x80006718 (0x01a95333) srl     t1, s2, s10
core   0: 3 0x80006718 (0x01a95333) x 6 0x10004772
core   0: 0x8000671c (0x01fcb533) sltu    a0, s9, t6
core   0: 3 0x8000671c (0x01fcb533) x10 0x00000000
core   0: 0x80006720 (0x01785093) srli    ra, a6, 23
core   0: 3 0x80006720 (0x01785093) x 1 0x00000000
core   0: 0x80006724 (0x01f48a33) add     s4, s1, t6
core   0: 3 0x80006724 (0x01f48a33) x20 0xfcfdff65
core   0: 0x80006728 (0x016229b3) slt     s3, tp, s6
core   0: 3 0x80006728 (0x016229b3) x19 0x00000001
core   0: 0x8000672c (0xa16d3513) sltiu   a0, s10, -1514
core   0: 3 0x8000672c (0xa16d3513) x10 0x00000001
core   0: 0x80006730 (0x01391fb3) sll     t6, s2, s3
core   0: 3 0x80006730 (0x01391fb3) x31 0x00047726
core   0: 0x80006734 (0x11d7c893) xori    a7, a5, 285
core   0: 3 0x80006734 (0x11d7c893) x17 0x00000172
core   0: 0x80006738 (0x010d1a63) bne     s10, a6, pc + 20
core   0: 3 0x80006738 (0x010d1a63)
core   0: 0x8000674c (0x0ff0000f) fence   iorw,iorw
core   0: 3 0x8000674c (0x0ff0000f)
core   0: 0x80006750 (0x04be0463) beq     t3, a1, pc + 72
core   0: 3 0x80006750 (0x04be0463)
core   0: 0x80006754 (0x01262733) slt     a4, a2, s2
core   0: 3 0x80006754 (0x01262733) x14 0x00000000
core   0: 0x80006758 (0x0101b533) sltu    a0, gp, a6
core   0: 3 0x80006758 (0x0101b533) x10 0x00000000
core   0: 0x8000675c (0x1dceaf13) slti    t5, t4, 476
core   0: 3 0x8000675c (0x1dceaf13) x30 0x00000001
core   0: 0x80006760 (0xeae5ea13) ori     s4, a1, -338
core   0: 3 0x80006760 (0xeae5ea13) x20 0xfffffeae
core   0: 0x80006764 (0xd746a793) slti    a5, a3, -652
core   0: 3 0x80006764 (0xd746a793) x15 0x00000000
core   0: 0x80006768 (0x00904463) blt     zero, s1, pc + 8
core   0: 3 0x80006768 (0x00904463)
core   0: 0x8000676c (0x03c00263) beq     zero, t3, pc + 36
core   0: 3 0x8000676c (0x03c00263)
core   0: 0x80006770 (0x0ff0000f) fence   iorw,iorw
core   0: 3 0x80006770 (0x0ff0000f)
core   0: 0x80006774 (0x011d5033) srl     zero, s10, a7
core   0: 3 0x80006774 (0x011d5033)
core   0: 0x80006778 (0x008f9213) slli    tp, t6, 8
core   0: 3 0x80006778 (0x008f9213) x 4 0x04772600
core   0: 0x8000677c (0x00dd8463) beq     s11, a3, pc + 8
core   0: 3 0x8000677c (0x00dd8463)
core   0: 0x80006780 (0x0f9cf493) andi    s1, s9, 249
core   0: 3 0x80006780 (0x0f9cf493) x 9 0x00000088
core   0: 0x80006784 (0x91583313) sltiu   t1, a6, -1771
core   0: 3 0x80006784 (0x91583313) x 6 0x00000001
core   0: 0x80006788 (0x03461863) bne     a2, s4, pc + 48
core   0: 3 0x80006788 (0x03461863)
core   0: 0x800067b8 (0x00fb5533) srl     a0, s6, a5
core   0: 3 0x800067b8 (0x00fb5533) x10 0x7ffd178b
core   0: 0x800067bc (0x00000013) nop
core   0: 3 0x800067bc (0x00000013)
core   0: 0x800067c0 (0x00a4cc33) xor     s8, s1, a0
core   0: 3 0x800067c0 (0x00a4cc33) x24 0x7ffd1703
core   0: 0x800067c4 (0x0321ee63) bltu    gp, s2, pc + 60
core   0: 3 0x800067c4 (0x0321ee63)
core   0: 0x800067c8 (0xde2dbb97) auipc   s7, 0xde2db
core   0: 3 0x800067c8 (0xde2dbb97) x23 0x5e2e17c8
core   0: 0x800067cc (0x4198d2b3) sra     t0, a7, s9
core   0: 3 0x800067cc (0x4198d2b3) x 5 0x00000000
core   0: 0x800067d0 (0x02885a63) bge     a6, s0, pc + 52
core   0: 3 0x800067d0 (0x02885a63)
core   0: 0x80006804 (0x017c2533) slt     a0, s8, s7
core   0: 3 0x80006804 (0x017c2533) x10 0x00000000
core   0: 0x80006808 (0x012f26b3) slt     a3, t5, s2
core   0: 3 0x80006808 (0x012f26b3) x13 0x00000000
core   0: 0x8000680c (0x41520b33) sub     s6, tp, s5
core   0: 3 0x8000680c (0x41520b33) x22 0x0477262a
core   0: 0x80006810 (0x025c0e63) beq     s8, t0, pc + 60
core   0: 3 0x80006810 (0x025c0e63)
core   0: 0x80006814 (0x026fe263) bltu    t6, t1, pc + 36
core   0: 3 0x80006814 (0x026fe263)
core   0: 0x80006818 (0x007b94b3) sll     s1, s7, t2
core   0: 3 0x80006818 (0x007b94b3) x 9 0xe4000000
core   0: 0x8000681c (0x0ff0000f) fence   iorw,iorw
core   0: 3 0x8000681c (0x0ff0000f)
core   0: 0x80006820 (0x00192933) slt     s2, s2, ra
core   0: 3 0x80006820 (0x00192933) x18 0x00000001
core   0: 0x80006824 (0x00010f33) add     t5, sp, zero
core   0: 3 0x80006824 (0x00010f33) x30 0x8002ece4
core   0: 0x80006828 (0x02105c63) bge     zero, ra, pc + 56
core   0: 3 0x80006828 (0x02105c63)
core   0: 0x80006860 (0x416cd213) srai    tp, s9, 22
core   0: 3 0x80006860 (0x416cd213) x 4 0xffffffff
core   0: 0x80006864 (0x0103bcb3) sltu    s9, t2, a6
core   0: 3 0x80006864 (0x0103bcb3) x25 0x00000001
core   0: 0x80006868 (0x40d3dd33) sra     s10, t2, a3
core   0: 3 0x80006868 (0x40d3dd33) x26 0x00000057
core   0: 0x8000686c (0x0ff0000f) fence   iorw,iorw
core   0: 3 0x8000686c (0x0ff0000f)
core   0: 0x80006870 (0x41fcd893) srai    a7, s9, 31
core   0: 3 0x80006870 (0x41fcd893) x17 0x00000000
core   0: 0x80006874 (0x001d3bb3) sltu    s7, s10, ra
core   0: 3 0x80006874 (0x001d3bb3) x23 0x00000000
core   0: 0x80006878 (0x01b79933) sll     s2, a5, s11
core   0: 3 0x80006878 (0x01b79933) x18 0x00000000
core   0: 0x8000687c (0x0be0c1b7) lui     gp, 0xbe0c
core   0: 3 0x8000687c (0x0be0c1b7) x 3 0x0be0c000
core   0: 0x80006880 (0x0381de63) bge     gp, s8, pc + 60
core   0: 3 0x80006880 (0x0381de63)
core   0: 0x80006884 (0x01e7efb3) or      t6, a5, t5
core   0: 3 0x80006884 (0x01e7efb3) x31 0x8002ece4
core   0: 0x80006888 (0xdaccac17) auipc   s8, 0xdacca
core   0: 3 0x80006888 (0xdaccac17) x24 0x5acd0888
core   0: 0x8000688c (0x401e5213) srai    tp, t3, 1
core   0: 3 0x8000688c (0x401e5213) x 4 0x0000003d
core   0: 0x80006890 (0x796b3493) sltiu   s1, s6, 1942
core   0: 3 0x80006890 (0x796b3493) x 9 0x00000000
core   0: 0x80006894 (0x01f1c333) xor     t1, gp, t6
core   0: 3 0x80006894 (0x01f1c333) x 6 0x8be22ce4
core   0: 0x80006898 (0x016a4b33) xor     s6, s4, s6
core   0: 3 0x80006898 (0x016a4b33) x22 0xfb88d884
core   0: 0x8000689c (0x410e81b3) sub     gp, t4, a6
core   0: 3 0x8000689c (0x410e81b3) x 3 0x8002ed2d
core   0: 0x800068a0 (0xecf30197) auipc   gp, 0xecf30
core   0: 3 0x800068a0 (0xecf30197) x 3 0x6cf368a0
core   0: 0x800068a4 (0x203e7737) lui     a4, 0x203e7
core   0: 3 0x800068a4 (0x203e7737) x14 0x203e7000
core   0: 0x800068a8 (0x01431e93) slli    t4, t1, 20
core   0: 3 0x800068a8 (0x01431e93) x29 0xce400000
core   0: 0x800068ac (0x40715013) srai    zero, sp, 7
core   0: 3 0x800068ac (0x40715013)
core   0: 0x800068b0 (0x4050d493) srai    s1, ra, 5
core   0: 3 0x800068b0 (0x4050d493) x 9 0x00000000
core   0: 0x800068b4 (0x009e1013) slli    zero, t3, 9
core   0: 3 0x800068b4 (0x009e1013)
core   0: 0x800068b8 (0x836de193) ori     gp, s11, -1994
core   0: 3 0x800068b8 (0x836de193) x 3 0xfffff83e
core   0: 0x800068bc (0x41e20fb3) sub     t6, tp, t5
core   0: 3 0x800068bc (0x41e20fb3) x31 0x7ffd1359
core   0: 0x800068c0 (0x007e6db3) or      s11, t3, t2
core   0: 3 0x800068c0 (0x007e6db3) x27 0x0000007f
core   0: 0x800068c4 (0x00000013) nop
core   0: 3 0x800068c4 (0x00000013)
core   0: 0x800068c8 (0x01ed0a63) beq     s10, t5, pc + 20
core   0: 3 0x800068c8 (0x01ed0a63)
core   0: 0x800068cc (0x5176a413) slti    s0, a3, 1303
core   0: 3 0x800068cc (0x5176a413) x 8 0x00000001
core   0: 0x800068d0 (0x402e07b3) sub     a5, t3, sp
core   0: 3 0x800068d0 (0x402e07b3) x15 0x7ffd1396
core   0: 0x800068d4 (0xfe9fef93) ori     t6, t6, -23
core   0: 3 0x800068d4 (0xfe9fef93) x31 0xfffffff9
core   0: 0x800068d8 (0x015ff1b3) and     gp, t6, s5
core   0: 3 0x800068d8 (0x015ff1b3) x 3 0xffffffd0
core   0: 0x800068dc (0x02cc8c63) beq     s9, a2, pc + 56
core   0: 3 0x800068dc (0x02cc8c63)
core   0: 0x800068e0 (0x0108e8b3) or      a7, a7, a6
core   0: 3 0x800068e0 (0x0108e8b3) x17 0x000000c2
core   0: 0x800068e4 (0x41c506b3) sub     a3, a0, t3
core   0: 3 0x800068e4 (0x41c506b3) x13 0xffffff86
core   0: 0x800068e8 (0x01638a33) add     s4, t2, s6
core   0: 3 0x800068e8 (0x01638a33) x20 0xfb88d8db
core   0: 0x800068ec (0x02a09263) bne     ra, a0, pc + 36
core   0: 3 0x800068ec (0x02a09263)
core   0: 0x800068f0 (0xcea26693) ori     a3, tp, -790
core   0: 3 0x800068f0 (0xcea26693) x13 0xfffffcff
core   0: 0x800068f4 (0x00071733) sll     a4, a4, zero
core   0: 3 0x800068f4 (0x00071733) x14 0x203e7000
core   0: 0x800068f8 (0x026cda63) bge     s9, t1, pc + 52
core   0: 3 0x800068f8 (0x026cda63)
core   0: 0x8000692c (0x31a7ec93) ori     s9, a5, 794
core   0: 3 0x8000692c (0x31a7ec93) x25 0x7ffd139e
core   0: 0x80006930 (0x00d2b733) sltu    a4, t0, a3
core   0: 3 0x80006930 (0x00d2b733) x14 0x00000001
core   0: 0x80006934 (0x744f4293) xori    t0, t5, 1860
core   0: 3 0x80006934 (0x744f4293) x 5 0x8002eba0
core   0: 0x80006938 (0x0000100f) fence.i
core   0: 3 0x80006938 (0x0000100f)
core   0: 0x8000693c (0x011f4e33) xor     t3, t5, a7
core   0: 3 0x8000693c (0x011f4e33) x28 0x8002ec26
core   0: 0x80006940 (0x00f03ab3) snez    s5, a5
core   0: 3 0x80006940 (0x00f03ab3) x21 0x00000001
core   0: 0x80006944 (0x004ddab3) srl     s5, s11, tp
core   0: 3 0x80006944 (0x004ddab3) x21 0x00000000
core   0: 0x80006948 (0x01532433) slt     s0, t1, s5
core   0: 3 0x80006948 (0x01532433) x 8 0x00000001
core   0: 0x8000694c (0x01f0d3b3) srl     t2, ra, t6
core   0: 3 0x8000694c (0x01f0d3b3) x 7 0x00000000
core   0: 0x80006950 (0x05c09663) bne     ra, t3, pc + 76
core   0: 3 0x80006950 (0x05c09663)
core   0: 0x8000699c (0x40e18ab3) sub     s5, gp, a4
core   0: 3 0x8000699c (0x40e18ab3) x21 0xffffffcf
core   0: 0x800069a0 (0x01b27933) and     s2, tp, s11
core   0: 3 0x800069a0 (0x01b27933) x18 0x0000003d
core   0: 0x800069a4 (0x00462283) lw      t0, 4(a2)
core   0: 3 0x800069a4 (0x00462283) x 5 0x80001104 mem 0x8002ae34
core   0: 0x800069a8 (0x03460613) addi    a2, a2, 52
core   0: 3 0x800069a8 (0x03460613) x12 0x8002ae64
core   0: 0x800069ac (0xdbbcc013) xori    zero, s9, -581
core   0: 3 0x800069ac (0xdbbcc013)
core   0: 0x800069b0 (0x4a50f413) andi    s0, ra, 1189
core   0: 3 0x800069b0 (0x4a50f413) x 8 0x00000000
core   0: 0x800069b4 (0x0146ec33) or      s8, a3, s4
core   0: 3 0x800069b4 (0x0146ec33) x24 0xfffffcff
core   0: 0x800069b8 (0x00aadc13) srli    s8, s5, 10
core   0: 3 0x800069b8 (0x00aadc13) x24 0x003fffff
core   0: 0x800069bc (0x000b8e33) add     t3, s7, zero
core   0: 3 0x800069bc (0x000b8e33) x28 0x00000000
core   0: 0x800069c0 (0x00dff733) and     a4, t6, a3
core   0: 3 0x800069c0 (0x00dff733) x14 0xfffffcf9
core   0: 0x800069c4 (0x00128a93) addi    s5, t0, 1
core   0: 3 0x800069c4 (0x00128a93) x21 0x80001105
core   0: 0x800069c8 (0x000a8ae7) jalr    s5, s5, 0
core   0: 3 0x800069c8 (0x000a8ae7) x21 0x800069cc
core   0: 0x80001104 (0xea2e7c37) lui     s8, 0xea2e7
core   0: 3 0x80001104 (0xea2e7c37) x24 0xea2e7000
core   0: 0x80001108 (0x00785e13) srli    t3, a6, 7
core   0: 3 0x80001108 (0x00785e13) x28 0x00000001
core   0: 0x8000110c (0x017072b3) and     t0, zero, s7
core   0: 3 0x8000110c (0x017072b3) x 5 0x00000000
core   0: 0x80001110 (0x027e0a63) beq     t3, t2, pc + 52
core   0: 3 0x80001110 (0x027e0a63)
core   0: 0x80001114 (0x043d8863) beq     s11, gp, pc + 80
core   0: 3 0x80001114 (0x043d8863)
core   0: 0x80001118 (0x027f5a63) bge     t5, t2, pc + 52
core   0: 3 0x80001118 (0x027f5a63)
core   0: 0x8000111c (0x0ff0000f) fence   iorw,iorw
core   0: 3 0x8000111c (0x0ff0000f)
core   0: 0x80001120 (0x0ff0000f) fence   iorw,iorw
core   0: 3 0x80001120 (0x0ff0000f)
core   0: 0x80001124 (0x41135d13) srai    s10, t1, 17
core   0: 3 0x80001124 (0x41135d13) x26 0xffffc5f1
core   0: 0x80001128 (0x0000100f) fence.i
core   0: 3 0x80001128 (0x0000100f)
core   0: 0x8000112c (0x00000013) nop
core   0: 3 0x8000112c (0x00000013)
core   0: 0x80001130 (0x01b9d7b3) srl     a5, s3, s11
core   0: 3 0x80001130 (0x01b9d7b3) x15 0x00000000
core   0: 0x80001134 (0x40b65933) sra     s2, a2, a1
core   0: 3 0x80001134 (0x40b65933) x18 0x8002ae64
core   0: 0x80001138 (0x40a20bb3) sub     s7, tp, a0
core   0: 3 0x80001138 (0x40a20bb3) x23 0x0000003d
core   0: 0x8000113c (0x004f9833) sll     a6, t6, tp
core   0: 3 0x8000113c (0x004f9833) x16 0x20000000
core   0: 0x80001140 (0x41f2da33) sra     s4, t0, t6
core   0: 3 0x80001140 (0x41f2da33) x20 0x00000000
core   0: 0x80001144 (0x01748263) beq     s1, s7, pc + 4
core   0: 3 0x80001144 (0x01748263)
core   0: 0x80001148 (0x00599193) slli    gp, s3, 5
core   0: 3 0x80001148 (0x00599193) x 3 0x00000020
core   0: 0x8000114c (0x00000013) nop
core   0: 3 0x8000114c (0x00000013)
core   0: 0x80001150 (0x40260fb3) sub     t6, a2, sp
core   0: 3 0x80001150 (0x40260fb3) x31 0xffffc180
core   0: 0x80001154 (0x404402b3) sub     t0, s0, tp
core   0: 3 0x80001154 (0x404402b3) x 5 0xffffffc3
core   0: 0x80001158 (0x0ff0000f) fence   iorw,iorw
core   0: 3 0x80001158 (0x0ff0000f)
core   0: 0x8000115c (0x016b5bb3) srl     s7, s6, s6
core   0: 3 0x8000115c (0x016b5bb3) x23 0x0fb88d88
core   0: 0x80001160 (0x40a58933) sub     s2, a1, a0
core   0: 3 0x80001160 (0x40a58933) x18 0x80000000
core   0: 0x80001164 (0x17bbae93) slti    t4, s7, 379
core   0: 3 0x80001164 (0x17bbae93) x29 0x00000000
core   0: 0x80001168 (0x6cf4a213) slti    tp, s1, 1743
core   0: 3 0x80001168 (0x6cf4a213) x 4 0x00000001
core   0: 0x8000116c (0x005480b3) add     ra, s1, t0
core   0: 3 0x8000116c (0x005480b3) x 1 0xffffffc3
core   0: 0x80001170 (0xb1f872b7) lui     t0, 0xb1f87
core   0: 3 0x80001170 (0xb1f872b7) x 5 0xb1f87000
core   0: 0x80001174 (0x034b6663) bltu    s6, s4, pc + 44
core   0: 3 0x80001174 (0x034b6663)
core   0: 0x80001178 (0x01ef2fb3) slt     t6, t5, t5
core   0: 3 0x80001178 (0x01ef2fb3) x31 0x00000000
core   0: 0x8000117c (0x03188e63) beq     a7, a7, pc + 60
core   0: 3 0x8000117c (0x03188e63)
core   0: 0x800011b8 (0x016c4e63) blt     s8, s6, pc + 28
core   0: 3 0x800011b8 (0x016c4e63)
core   0: 0x800011d4 (0x03cc6263) bltu    s8, t3, pc + 36
core   0: 3 0x800011d4 (0x03cc6263)
core   0: 0x800011d8 (0x01def2b3) and     t0, t4, t4
core   0: 3 0x800011d8 (0x01def2b3) x 5 0x00000000
core   0: 0x800011dc (0x01417e33) and     t3, sp, s4
core   0: 3 0x800011dc (0x01417e33) x28 0x00000000
core   0: 0x800011e0 (0x7da44497) auipc   s1, 0x7da44
core   0: 3 0x800011e0 (0x7da44497) x 9 0xfda451e0
core   0: 0x800011e4 (0x40a95433) sra     s0, s2, a0
core   0: 3 0x800011e4 (0x40a95433) x 8 0x80000000
core   0: 0x800011e8 (0x02ea5663) bge     s4, a4, pc + 44
core   0: 3 0x800011e8 (0x02ea5663)
core   0: 0x80001214 (0x91f93b13) sltiu   s6, s2, -1761
core   0: 3 0x80001214 (0x91f93b13) x22 0x00000001
core   0: 0x80001218 (0x01c45033) srl     zero, s0, t3
core   0: 3 0x80001218 (0x01c45033)
core   0: 0x8000121c (0x3c66f3b7) lui     t2, 0x3c66f
core   0: 3 0x8000121c (0x3c66f3b7) x 7 0x3c66f000
core   0: 0x80001220 (0x832b21b7) lui     gp, 0x832b2
core   0: 3 0x80001220 (0x832b21b7) x 3 0x832b2000
core   0: 0x80001224 (0x400652b3) sra     t0, a2, zero
core   0: 3 0x80001224 (0x400652b3) x 5 0x8002ae64
core   0: 0x80001228 (0xe4050713) addi    a4, a0, -448
core   0: 3 0x80001228 (0xe4050713) x14 0xfffffe40
core   0: 0x8000122c (0x017f9eb3) sll     t4, t6, s7
core   0: 3 0x8000122c (0x017f9eb3) x29 0x00000000
core   0: 0x80001230 (0xdfb82f93) slti    t6, a6, -517
core   0: 3 0x80001230 (0xdfb82f93) x31 0x00000000
core   0: 0x80001234 (0x0000100f) fence.i
core   0: 3 0x80001234 (0x0000100f)
core   0: 0x80001238 (0x9b265417) auipc   s0, 0x9b265
core   0: 3 0x80001238 (0x9b265417) x 8 0x1b266238
core   0: 0x8000123c (0x70a1da37) lui     s4, 0x70a1d
core   0: 3 0x8000123c (0x70a1da37) x20 0x70a1d000
core   0: 0x80001240 (0x294be697) auipc   a3, 0x294be
core   0: 3 0x80001240 (0x294be697) x13 0xa94bf240
core   0: 0x80001244 (0x00e27233) and     tp, tp, a4
core   0: 3 0x80001244 (0x00e27233) x 4 0x00000000
core   0: 0x80001248 (0x8110af93) slti    t6, ra, -2031
core   0: 3 0x80001248 (0x8110af93) x31 0x00000000
core   0: 0x8000124c (0x03f60a63) beq     a2, t6, pc + 52
core   0: 3 0x8000124c (0x03f60a63)
core   0: 0x80001250 (0x0404d263) bgez    s1, pc + 68
core   0: 3 0x80001250 (0x0404d263)
core   0: 0x80001254 (0x5e852893) slti    a7, a0, 1512
core   0: 3 0x80001254 (0x5e852893) x17 0x00000001
core   0: 0x80001258 (0x4d7a6213) ori     tp, s4, 1239
core   0: 3 0x80001258 (0x4d7a6213) x 4 0x70a1d4d7
core   0: 0x8000125c (0x01113bb3) sltu    s7, sp, a7
core   0: 3 0x8000125c (0x01113bb3) x23 0x00000000
core   0: 0x80001260 (0x02621463) bne     tp, t1, pc + 40
core   0: 3 0x80001260 (0x02621463)
core   0: 0x80001288 (0x00c910b3) sll     ra, s2, a2
core   0: 3 0x80001288 (0x00c910b3) x 1 0x00000000
core   0: 0x8000128c (0x0000100f) fence.i
core   0: 3 0x8000128c (0x0000100f)
core   0: 0x80001290 (0x4134df33) sra     t5, s1, s3
core   0: 3 0x80001290 (0x4134df33) x30 0xfed228f0
core   0: 0x80001294 (0x017d8a63) beq     s11, s7, pc + 20
core   0: 3 0x80001294 (0x017d8a63)
core   0: 0x80001298 (0xd4c0be93) sltiu   t4, ra, -692
core   0: 3 0x80001298 (0xd4c0be93) x29 0x00000001
core   0: 0x8000129c (0x0066c663) blt     a3, t1, pc + 12
core   0: 3 0x8000129c (0x0066c663)
core   0: 0x800012a0 (0x01f79b33) sll     s6, a5, t6
core   0: 3 0x800012a0 (0x01f79b33) x22 0x00000000
core   0: 0x800012a4 (0x0015e433) or      s0, a1, ra
core   0: 3 0x800012a4 (0x0015e433) x 8 0x80000000
core   0: 0x800012a8 (0x0087efb3) or      t6, a5, s0
core   0: 3 0x800012a8 (0x0087efb3) x31 0x80000000
core   0: 0x800012ac (0x00000597) auipc   a1, 0x0
core   0: 3 0x800012ac (0x00000597) x11 0x800012ac
core   0: 0x800012b0 (0x00c58593) addi    a1, a1, 12
core   0: 3 0x800012b0 (0x00c58593) x11 0x800012b8
core   0: 0x800012b4 (0x00058067) jr      a1
core   0: 3 0x800012b4 (0x00058067)
core   0: 0x800012b8 (0x00100193) li      gp, 1
core   0: 3 0x800012b8 (0x00100193) x 3 0x00000001
core   0: 0x800012bc (0x00000073) ecall
core   0: exception trap_machine_ecall, epc 0x800012bc
core   0: >>>>  mtvec_handler
core   0: 0x800142e0 (0x0400006f) j       pc + 0x40
core   0: 3 0x800142e0 (0x0400006f)
core   0: 0x80014320 (0xffc10113) addi    sp, sp, -4
core   0: 3 0x80014320 (0xffc10113) x 2 0x8002ece0
core   0: 0x80014324 (0x00c12023) sw      a2, 0(sp)
core   0: 3 0x80014324 (0x00c12023) mem 0x8002ece0 0x8002ae64
core   0: 0x80014328 (0x00010633) add     a2, sp, zero
core   0: 3 0x80014328 (0x00010633) x12 0x8002ece0
core   0: 0x8001432c (0xf8060613) addi    a2, a2, -128
core   0: 3 0x8001432c (0xf8060613) x12 0x8002ec60
core   0: 0x80014330 (0x00162223) sw      ra, 4(a2)
core   0: 3 0x80014330 (0x00162223) mem 0x8002ec64 0x00000000
core   0: 0x80014334 (0x00262423) sw      sp, 8(a2)
core   0: 3 0x80014334 (0x00262423) mem 0x8002ec68 0x8002ece0
core   0: 0x80014338 (0x00362623) sw      gp, 12(a2)
core   0: 3 0x80014338 (0x00362623) mem 0x8002ec6c 0x00000001
core   0: 0x8001433c (0x00462823) sw      tp, 16(a2)
core   0: 3 0x8001433c (0x00462823) mem 0x8002ec70 0x70a1d4d7
core   0: 0x80014340 (0x00562a23) sw      t0, 20(a2)
core   0: 3 0x80014340 (0x00562a23) mem 0x8002ec74 0x8002ae64
core   0: 0x80014344 (0x00662c23) sw      t1, 24(a2)
core   0: 3 0x80014344 (0x00662c23) mem 0x8002ec78 0x8be22ce4
core   0: 0x80014348 (0x00762e23) sw      t2, 28(a2)
core   0: 3 0x80014348 (0x00762e23) mem 0x8002ec7c 0x3c66f000
core   0: 0x8001434c (0x02862023) sw      s0, 32(a2)
core   0: 3 0x8001434c (0x02862023) mem 0x8002ec80 0x80000000
core   0: 0x80014350 (0x02962223) sw      s1, 36(a2)
core   0: 3 0x80014350 (0x02962223) mem 0x8002ec84 0xfda451e0
core   0: 0x80014354 (0x02a62423) sw      a0, 40(a2)
core   0: 3 0x80014354 (0x02a62423) mem 0x8002ec88 0x00000000
core   0: 0x80014358 (0x02b62623) sw      a1, 44(a2)
core   0: 3 0x80014358 (0x02b62623) mem 0x8002ec8c 0x800012b8
core   0: 0x8001435c (0x02c62823) sw      a2, 48(a2)
core   0: 3 0x8001435c (0x02c62823) mem 0x8002ec90 0x8002ec60
core   0: 0x80014360 (0x02d62a23) sw      a3, 52(a2)
core   0: 3 0x80014360 (0x02d62a23) mem 0x8002ec94 0xa94bf240
core   0: 0x80014364 (0x02e62c23) sw      a4, 56(a2)
core   0: 3 0x80014364 (0x02e62c23) mem 0x8002ec98 0xfffffe40
core   0: 0x80014368 (0x02f62e23) sw      a5, 60(a2)
core   0: 3 0x80014368 (0x02f62e23) mem 0x8002ec9c 0x00000000
core   0: 0x8001436c (0x05062023) sw      a6, 64(a2)
core   0: 3 0x8001436c (0x05062023) mem 0x8002eca0 0x20000000
core   0: 0x80014370 (0x05162223) sw      a7, 68(a2)
core   0: 3 0x80014370 (0x05162223) mem 0x8002eca4 0x00000001
core   0: 0x80014374 (0x05262423) sw      s2, 72(a2)
core   0: 3 0x80014374 (0x05262423) mem 0x8002eca8 0x80000000
core   0: 0x80014378 (0x05362623) sw      s3, 76(a2)
core   0: 3 0x80014378 (0x05362623) mem 0x8002ecac 0x00000001
core   0: 0x8001437c (0x05462823) sw      s4, 80(a2)
core   0: 3 0x8001437c (0x05462823) mem 0x8002ecb0 0x70a1d000
core   0: 0x80014380 (0x05562a23) sw      s5, 84(a2)
core   0: 3 0x80014380 (0x05562a23) mem 0x8002ecb4 0x800069cc
core   0: 0x80014384 (0x05662c23) sw      s6, 88(a2)
core   0: 3 0x80014384 (0x05662c23) mem 0x8002ecb8 0x00000000
core   0: 0x80014388 (0x05762e23) sw      s7, 92(a2)
core   0: 3 0x80014388 (0x05762e23) mem 0x8002ecbc 0x00000000
core   0: 0x8001438c (0x07862023) sw      s8, 96(a2)
core   0: 3 0x8001438c (0x07862023) mem 0x8002ecc0 0xea2e7000
core   0: 0x80014390 (0x07962223) sw      s9, 100(a2)
core   0: 3 0x80014390 (0x07962223) mem 0x8002ecc4 0x7ffd139e
core   0: 0x80014394 (0x07a62423) sw      s10, 104(a2)
core   0: 3 0x80014394 (0x07a62423) mem 0x8002ecc8 0xffffc5f1
core   0: 0x80014398 (0x07b62623) sw      s11, 108(a2)
core   0: 3 0x80014398 (0x07b62623) mem 0x8002eccc 0x0000007f
core   0: 0x8001439c (0x07c62823) sw      t3, 112(a2)
core   0: 3 0x8001439c (0x07c62823) mem 0x8002ecd0 0x00000000
core   0: 0x800143a0 (0x07d62a23) sw      t4, 116(a2)
core   0: 3 0x800143a0 (0x07d62a23) mem 0x8002ecd4 0x00000001
core   0: 0x800143a4 (0x07e62c23) sw      t5, 120(a2)
core   0: 3 0x800143a4 (0x07e62c23) mem 0x8002ecd8 0xfed228f0
core   0: 0x800143a8 (0x07f62e23) sw      t6, 124(a2)
core   0: 3 0x800143a8 (0x07f62e23) mem 0x8002ecdc 0x80000000
core   0: 0x800143ac (0x00060133) add     sp, a2, zero
core   0: 3 0x800143ac (0x00060133) x 2 0x8002ec60
core   0: 0x800143b0 (0x34102e73) csrr    t3, mepc
core   0: 3 0x800143b0 (0x34102e73) x28 0x800012bc
core   0: 0x800143b4 (0x34202e73) csrr    t3, mcause
core   0: 3 0x800143b4 (0x34202e73) x28 0x0000000b
core   0: 0x800143b8 (0x00300a13) li      s4, 3
core   0: 3 0x800143b8 (0x00300a13) x20 0x00000003
core   0: 0x800143bc (0x2b4e0a63) beq     t3, s4, pc + 692
core   0: 3 0x800143bc (0x2b4e0a63)
core   0: 0x800143c0 (0x00800a13) li      s4, 8
core   0: 3 0x800143c0 (0x00800a13) x20 0x00000008
core   0: 0x800143c4 (0x054e0e63) beq     t3, s4, pc + 92
core   0: 3 0x800143c4 (0x054e0e63)
core   0: 0x800143c8 (0x00900a13) li      s4, 9
core   0: 3 0x800143c8 (0x00900a13) x20 0x00000009
core   0: 0x800143cc (0x054e0a63) beq     t3, s4, pc + 84
core   0: 3 0x800143cc (0x054e0a63)
core   0: 0x800143d0 (0x00b00a13) li      s4, 11
core   0: 3 0x800143d0 (0x00b00a13) x20 0x0000000b
core   0: 0x800143d4 (0x054e0663) beq     t3, s4, pc + 76
core   0: 3 0x800143d4 (0x054e0663)
core   0: 0x80014420 (0xfffece17) auipc   t3, 0xfffec
core   0: 3 0x80014420 (0xfffece17) x28 0x80000420
core   0: 0x80014424 (0xbe0e0e13) addi    t3, t3, -1056
core   0: 3 0x80014424 (0xbe0e0e13) x28 0x80000000
core   0: 0x80014428 (0x000e2023) sw      zero, 0(t3)
core   0: 3 0x80014428 (0x000e2023) mem 0x80000000 0x00000000
core   0: 0x8001442c (0x001e2223) sw      ra, 4(t3)
core   0: 3 0x8001442c (0x001e2223) mem 0x80000004 0x00000000
core   0: 0x80014430 (0x002e2423) sw      sp, 8(t3)
core   0: 3 0x80014430 (0x002e2423) mem 0x80000008 0x8002ec60
core   0: 0x80014434 (0x003e2623) sw      gp, 12(t3)
core   0: 3 0x80014434 (0x003e2623) mem 0x8000000c 0x00000001
core   0: 0x80014438 (0x004e2823) sw      tp, 16(t3)
core   0: 3 0x80014438 (0x004e2823) mem 0x80000010 0x70a1d4d7
core   0: 0x8001443c (0x005e2a23) sw      t0, 20(t3)
core   0: 3 0x8001443c (0x005e2a23) mem 0x80000014 0x8002ae64
core   0: 0x80014440 (0x006e2c23) sw      t1, 24(t3)
core   0: 3 0x80014440 (0x006e2c23) mem 0x80000018 0x8be22ce4
core   0: 0x80014444 (0x007e2e23) sw      t2, 28(t3)
core   0: 3 0x80014444 (0x007e2e23) mem 0x8000001c 0x3c66f000
core   0: 0x80014448 (0x028e2023) sw      s0, 32(t3)
core   0: 3 0x80014448 (0x028e2023) mem 0x80000020 0x80000000
core   0: 0x8001444c (0x029e2223) sw      s1, 36(t3)
core   0: 3 0x8001444c (0x029e2223) mem 0x80000024 0xfda451e0
core   0: 0x80014450 (0x02ae2423) sw      a0, 40(t3)
core   0: 3 0x80014450 (0x02ae2423) mem 0x80000028 0x00000000
core   0: 0x80014454 (0x02be2623) sw      a1, 44(t3)
core   0: 3 0x80014454 (0x02be2623) mem 0x8000002c 0x800012b8
core   0: 0x80014458 (0x02ce2823) sw      a2, 48(t3)
core   0: 3 0x80014458 (0x02ce2823) mem 0x80000030 0x8002ec60
core   0: 0x8001445c (0x02de2a23) sw      a3, 52(t3)
core   0: 3 0x8001445c (0x02de2a23) mem 0x80000034 0xa94bf240
core   0: 0x80014460 (0x02ee2c23) sw      a4, 56(t3)
core   0: 3 0x80014460 (0x02ee2c23) mem 0x80000038 0xfffffe40
core   0: 0x80014464 (0x02fe2e23) sw      a5, 60(t3)
core   0: 3 0x80014464 (0x02fe2e23) mem 0x8000003c 0x00000000
core   0: 0x80014468 (0x050e2023) sw      a6, 64(t3)
core   0: 3 0x80014468 (0x050e2023) mem 0x80000040 0x20000000
core   0: 0x8001446c (0x051e2223) sw      a7, 68(t3)
core   0: 3 0x8001446c (0x051e2223) mem 0x80000044 0x00000001
core   0: 0x80014470 (0x052e2423) sw      s2, 72(t3)
core   0: 3 0x80014470 (0x052e2423) mem 0x80000048 0x80000000
core   0: 0x80014474 (0x053e2623) sw      s3, 76(t3)
core   0: 3 0x80014474 (0x053e2623) mem 0x8000004c 0x00000001
core   0: 0x80014478 (0x054e2823) sw      s4, 80(t3)
core   0: 3 0x80014478 (0x054e2823) mem 0x80000050 0x0000000b
core   0: 0x8001447c (0x055e2a23) sw      s5, 84(t3)
core   0: 3 0x8001447c (0x055e2a23) mem 0x80000054 0x800069cc
core   0: 0x80014480 (0x056e2c23) sw      s6, 88(t3)
core   0: 3 0x80014480 (0x056e2c23) mem 0x80000058 0x00000000
core   0: 0x80014484 (0x057e2e23) sw      s7, 92(t3)
core   0: 3 0x80014484 (0x057e2e23) mem 0x8000005c 0x00000000
core   0: 0x80014488 (0x078e2023) sw      s8, 96(t3)
core   0: 3 0x80014488 (0x078e2023) mem 0x80000060 0xea2e7000
core   0: 0x8001448c (0x079e2223) sw      s9, 100(t3)
core   0: 3 0x8001448c (0x079e2223) mem 0x80000064 0x7ffd139e
core   0: 0x80014490 (0x07ae2423) sw      s10, 104(t3)
core   0: 3 0x80014490 (0x07ae2423) mem 0x80000068 0xffffc5f1
core   0: 0x80014494 (0x07be2623) sw      s11, 108(t3)
core   0: 3 0x80014494 (0x07be2623) mem 0x8000006c 0x0000007f
core   0: 0x80014498 (0x07ce2823) sw      t3, 112(t3)
core   0: 3 0x80014498 (0x07ce2823) mem 0x80000070 0x80000000
core   0: 0x8001449c (0x07de2a23) sw      t4, 116(t3)
core   0: 3 0x8001449c (0x07de2a23) mem 0x80000074 0x00000001
core   0: 0x800144a0 (0x07ee2c23) sw      t5, 120(t3)
core   0: 3 0x800144a0 (0x07ee2c23) mem 0x80000078 0xfed228f0
core   0: 0x800144a4 (0x07fe2e23) sw      t6, 124(t3)
core   0: 3 0x800144a4 (0x07fe2e23) mem 0x8000007c 0x80000000
core   0: 0x800144a8 (0xfffff597) auipc   a1, 0xfffff
core   0: 3 0x800144a8 (0xfffff597) x11 0x800134a8
core   0: 0x800144ac (0x40c58593) addi    a1, a1, 1036
core   0: 3 0x800144ac (0x40c58593) x11 0x800138b4
core   0: 0x800144b0 (0x00058067) jr      a1
core   0: 3 0x800144b0 (0x00058067)
core   0: 0x800138b4 (0x00001f17) auipc   t5, 0x1
core   0: 3 0x800138b4 (0x00001f17) x30 0x800148b4
core   0: 0x800138b8 (0x743f2623) sw      gp, 1868(t5)
core   0: 3 0x800138b8 (0x743f2623) mem 0x80015000 0x00000001
core   0: 0x800138bc (0xff9ff06f) j       pc - 0x8
core   0: 3 0x800138bc (0xff9ff06f)
core   0: 0x800138b4 (0x00001f17) auipc   t5, 0x1
core   0: 3 0x800138b4 (0x00001f17) x30 0x800148b4
core   0: 0x800138b8 (0x743f2623) sw      gp, 1868(t5)
core   0: 3 0x800138b8 (0x743f2623) mem 0x80015000 0x00000001
core   0: 0x800138bc (0xff9ff06f) j       pc - 0x8
core   0: 3 0x800138bc (0xff9ff06f)
core   0: 0x800138b4 (0x00001f17) auipc   t5, 0x1
core   0: 3 0x800138b4 (0x00001f17) x30 0x800148b4
core   0: 0x800138b8 (0x743f2623) sw      gp, 1868(t5)
core   0: 3 0x800138b8 (0x743f2623) mem 0x80015000 0x00000001
core   0: 0x800138bc (0xff9ff06f) j       pc - 0x8
core   0: 3 0x800138bc (0xff9ff06f)
core   0: 0x800138b4 (0x00001f17) auipc   t5, 0x1
core   0: 3 0x800138b4 (0x00001f17) x30 0x800148b4
core   0: 0x800138b8 (0x743f2623) sw      gp, 1868(t5)
core   0: 3 0x800138b8 (0x743f2623) mem 0x80015000 0x00000001
core   0: 0x800138bc (0xff9ff06f) j       pc - 0x8
core   0: 3 0x800138bc (0xff9ff06f)
core   0: 0x800138b4 (0x00001f17) auipc   t5, 0x1
core   0: 3 0x800138b4 (0x00001f17) x30 0x800148b4
core   0: 0x800138b8 (0x743f2623) sw      gp, 1868(t5)
core   0: 3 0x800138b8 (0x743f2623) mem 0x80015000 0x00000001
core   0: 0x800138bc (0xff9ff06f) j       pc - 0x8
core   0: 3 0x800138bc (0xff9ff06f)
core   0: 0x800138b4 (0x00001f17) auipc   t5, 0x1
core   0: 3 0x800138b4 (0x00001f17) x30 0x800148b4
core   0: 0x800138b8 (0x743f2623) sw      gp, 1868(t5)
core   0: 3 0x800138b8 (0x743f2623) mem 0x80015000 0x00000001
core   0: 0x800138bc (0xff9ff06f) j       pc - 0x8
core   0: 3 0x800138bc (0xff9ff06f)
core   0: 0x800138b4 (0x00001f17) auipc   t5, 0x1
core   0: 3 0x800138b4 (0x00001f17) x30 0x800148b4
core   0: 0x800138b8 (0x743f2623) sw      gp, 1868(t5)
core   0: 3 0x800138b8 (0x743f2623) mem 0x80015000 0x00000001
core   0: 0x800138bc (0xff9ff06f) j       pc - 0x8
core   0: 3 0x800138bc (0xff9ff06f)
core   0: 0x800138b4 (0x00001f17) auipc   t5, 0x1
core   0: 3 0x800138b4 (0x00001f17) x30 0x800148b4
core   0: 0x800138b8 (0x743f2623) sw      gp, 1868(t5)
core   0: 3 0x800138b8 (0x743f2623) mem 0x80015000 0x00000001
core   0: 0x800138bc (0xff9ff06f) j       pc - 0x8
core   0: 3 0x800138bc (0xff9ff06f)
core   0: 0x800138b4 (0x00001f17) auipc   t5, 0x1
core   0: 3 0x800138b4 (0x00001f17) x30 0x800148b4
core   0: 0x800138b8 (0x743f2623) sw      gp, 1868(t5)
core   0: 3 0x800138b8 (0x743f2623) mem 0x80015000 0x00000001
core   0: 0x800138bc (0xff9ff06f) j       pc - 0x8
core   0: 3 0x800138bc (0xff9ff06f)
core   0: 0x800138b4 (0x00001f17) auipc   t5, 0x1
core   0: 3 0x800138b4 (0x00001f17) x30 0x800148b4
core   0: 0x800138b8 (0x743f2623) sw      gp, 1868(t5)
core   0: 3 0x800138b8 (0x743f2623) mem 0x80015000 0x00000001
core   0: 0x800138bc (0xff9ff06f) j       pc - 0x8
core   0: 3 0x800138bc (0xff9ff06f)
core   0: 0x800138b4 (0x00001f17) auipc   t5, 0x1
core   0: 3 0x800138b4 (0x00001f17) x30 0x800148b4
core   0: 0x800138b8 (0x743f2623) sw      gp, 1868(t5)
core   0: 3 0x800138b8 (0x743f2623) mem 0x80015000 0x00000001
core   0: 0x800138bc (0xff9ff06f) j       pc - 0x8
core   0: 3 0x800138bc (0xff9ff06f)
core   0: 0x800138b4 (0x00001f17) auipc   t5, 0x1
core   0: 3 0x800138b4 (0x00001f17) x30 0x800148b4
core   0: 0x800138b8 (0x743f2623) sw      gp, 1868(t5)
core   0: 3 0x800138b8 (0x743f2623) mem 0x80015000 0x00000001
core   0: 0x800138bc (0xff9ff06f) j       pc - 0x8
core   0: 3 0x800138bc (0xff9ff06f)
core   0: 0x800138b4 (0x00001f17) auipc   t5, 0x1
core   0: 3 0x800138b4 (0x00001f17) x30 0x800148b4
core   0: 0x800138b8 (0x743f2623) sw      gp, 1868(t5)
core   0: 3 0x800138b8 (0x743f2623) mem 0x80015000 0x00000001
core   0: 0x800138bc (0xff9ff06f) j       pc - 0x8
core   0: 3 0x800138bc (0xff9ff06f)
core   0: 0x800138b4 (0x00001f17) auipc   t5, 0x1
core   0: 3 0x800138b4 (0x00001f17) x30 0x800148b4
core   0: 0x800138b8 (0x743f2623) sw      gp, 1868(t5)
core   0: 3 0x800138b8 (0x743f2623) mem 0x80015000 0x00000001
core   0: 0x800138bc (0xff9ff06f) j       pc - 0x8
core   0: 3 0x800138bc (0xff9ff06f)
core   0: 0x800138b4 (0x00001f17) auipc   t5, 0x1
core   0: 3 0x800138b4 (0x00001f17) x30 0x800148b4
core   0: 0x800138b8 (0x743f2623) sw      gp, 1868(t5)
core   0: 3 0x800138b8 (0x743f2623) mem 0x80015000 0x00000001
core   0: 0x800138bc (0xff9ff06f) j       pc - 0x8
core   0: 3 0x800138bc (0xff9ff06f)
core   0: 0x800138b4 (0x00001f17) auipc   t5, 0x1
core   0: 3 0x800138b4 (0x00001f17) x30 0x800148b4
core   0: 0x800138b8 (0x743f2623) sw      gp, 1868(t5)
core   0: 3 0x800138b8 (0x743f2623) mem 0x80015000 0x00000001
core   0: 0x800138bc (0xff9ff06f) j       pc - 0x8
core   0: 3 0x800138bc (0xff9ff06f)
core   0: 0x800138b4 (0x00001f17) auipc   t5, 0x1
core   0: 3 0x800138b4 (0x00001f17) x30 0x800148b4
core   0: 0x800138b8 (0x743f2623) sw      gp, 1868(t5)
core   0: 3 0x800138b8 (0x743f2623) mem 0x80015000 0x00000001
core   0: 0x800138bc (0xff9ff06f) j       pc - 0x8
core   0: 3 0x800138bc (0xff9ff06f)
core   0: 0x800138b4 (0x00001f17) auipc   t5, 0x1
core   0: 3 0x800138b4 (0x00001f17) x30 0x800148b4
core   0: 0x800138b8 (0x743f2623) sw      gp, 1868(t5)
core   0: 3 0x800138b8 (0x743f2623) mem 0x80015000 0x00000001
core   0: 0x800138bc (0xff9ff06f) j       pc - 0x8
core   0: 3 0x800138bc (0xff9ff06f)
core   0: 0x800138b4 (0x00001f17) auipc   t5, 0x1
core   0: 3 0x800138b4 (0x00001f17) x30 0x800148b4
core   0: 0x800138b8 (0x743f2623) sw      gp, 1868(t5)
core   0: 3 0x800138b8 (0x743f2623) mem 0x80015000 0x00000001
core   0: 0x800138bc (0xff9ff06f) j       pc - 0x8
core   0: 3 0x800138bc (0xff9ff06f)
core   0: 0x800138b4 (0x00001f17) auipc   t5, 0x1
core   0: 3 0x800138b4 (0x00001f17) x30 0x800148b4
core   0: 0x800138b8 (0x743f2623) sw      gp, 1868(t5)
core   0: 3 0x800138b8 (0x743f2623) mem 0x80015000 0x00000001
core   0: 0x800138bc (0xff9ff06f) j       pc - 0x8
core   0: 3 0x800138bc (0xff9ff06f)
core   0: 0x800138b4 (0x00001f17) auipc   t5, 0x1
core   0: 3 0x800138b4 (0x00001f17) x30 0x800148b4
core   0: 0x800138b8 (0x743f2623) sw      gp, 1868(t5)
core   0: 3 0x800138b8 (0x743f2623) mem 0x80015000 0x00000001
core   0: 0x800138bc (0xff9ff06f) j       pc - 0x8
core   0: 3 0x800138bc (0xff9ff06f)
core   0: 0x800138b4 (0x00001f17) auipc   t5, 0x1
core   0: 3 0x800138b4 (0x00001f17) x30 0x800148b4
core   0: 0x800138b8 (0x743f2623) sw      gp, 1868(t5)
core   0: 3 0x800138b8 (0x743f2623) mem 0x80015000 0x00000001
core   0: 0x800138bc (0xff9ff06f) j       pc - 0x8
core   0: 3 0x800138bc (0xff9ff06f)
core   0: 0x800138b4 (0x00001f17) auipc   t5, 0x1
core   0: 3 0x800138b4 (0x00001f17) x30 0x800148b4
core   0: 0x800138b8 (0x743f2623) sw      gp, 1868(t5)
core   0: 3 0x800138b8 (0x743f2623) mem 0x80015000 0x00000001
core   0: 0x800138bc (0xff9ff06f) j       pc - 0x8
core   0: 3 0x800138bc (0xff9ff06f)
core   0: 0x800138b4 (0x00001f17) auipc   t5, 0x1
core   0: 3 0x800138b4 (0x00001f17) x30 0x800148b4
core   0: 0x800138b8 (0x743f2623) sw      gp, 1868(t5)
core   0: 3 0x800138b8 (0x743f2623) mem 0x80015000 0x00000001
core   0: 0x800138bc (0xff9ff06f) j       pc - 0x8
core   0: 3 0x800138bc (0xff9ff06f)
core   0: 0x800138b4 (0x00001f17) auipc   t5, 0x1
core   0: 3 0x800138b4 (0x00001f17) x30 0x800148b4
core   0: 0x800138b8 (0x743f2623) sw      gp, 1868(t5)
core   0: 3 0x800138b8 (0x743f2623) mem 0x80015000 0x00000001
core   0: 0x800138bc (0xff9ff06f) j       pc - 0x8
core   0: 3 0x800138bc (0xff9ff06f)
core   0: 0x800138b4 (0x00001f17) auipc   t5, 0x1
core   0: 3 0x800138b4 (0x00001f17) x30 0x800148b4
core   0: 0x800138b8 (0x743f2623) sw      gp, 1868(t5)
core   0: 3 0x800138b8 (0x743f2623) mem 0x80015000 0x00000001
core   0: 0x800138bc (0xff9ff06f) j       pc - 0x8
core   0: 3 0x800138bc (0xff9ff06f)
core   0: 0x800138b4 (0x00001f17) auipc   t5, 0x1
core   0: 3 0x800138b4 (0x00001f17) x30 0x800148b4
core   0: 0x800138b8 (0x743f2623) sw      gp, 1868(t5)
core   0: 3 0x800138b8 (0x743f2623) mem 0x80015000 0x00000001
core   0: 0x800138bc (0xff9ff06f) j       pc - 0x8
core   0: 3 0x800138bc (0xff9ff06f)
core   0: 0x800138b4 (0x00001f17) auipc   t5, 0x1
core   0: 3 0x800138b4 (0x00001f17) x30 0x800148b4
core   0: 0x800138b8 (0x743f2623) sw      gp, 1868(t5)
core   0: 3 0x800138b8 (0x743f2623) mem 0x80015000 0x00000001
core   0: 0x800138bc (0xff9ff06f) j       pc - 0x8
core   0: 3 0x800138bc (0xff9ff06f)
core   0: 0x800138b4 (0x00001f17) auipc   t5, 0x1
core   0: 3 0x800138b4 (0x00001f17) x30 0x800148b4
core   0: 0x800138b8 (0x743f2623) sw      gp, 1868(t5)
core   0: 3 0x800138b8 (0x743f2623) mem 0x80015000 0x00000001
core   0: 0x800138bc (0xff9ff06f) j       pc - 0x8
core   0: 3 0x800138bc (0xff9ff06f)
core   0: 0x800138b4 (0x00001f17) auipc   t5, 0x1
core   0: 3 0x800138b4 (0x00001f17) x30 0x800148b4
core   0: 0x800138b8 (0x743f2623) sw      gp, 1868(t5)
core   0: 3 0x800138b8 (0x743f2623) mem 0x80015000 0x00000001
core   0: 0x800138bc (0xff9ff06f) j       pc - 0x8
core   0: 3 0x800138bc (0xff9ff06f)
core   0: 0x800138b4 (0x00001f17) auipc   t5, 0x1
core   0: 3 0x800138b4 (0x00001f17) x30 0x800148b4
core   0: 0x800138b8 (0x743f2623) sw      gp, 1868(t5)
core   0: 3 0x800138b8 (0x743f2623) mem 0x80015000 0x00000001
core   0: 0x800138bc (0xff9ff06f) j       pc - 0x8
core   0: 3 0x800138bc (0xff9ff06f)
core   0: 0x800138b4 (0x00001f17) auipc   t5, 0x1
core   0: 3 0x800138b4 (0x00001f17) x30 0x800148b4
core   0: 0x800138b8 (0x743f2623) sw      gp, 1868(t5)
core   0: 3 0x800138b8 (0x743f2623) mem 0x80015000 0x00000001
core   0: 0x800138bc (0xff9ff06f) j       pc - 0x8
core   0: 3 0x800138bc (0xff9ff06f)
core   0: 0x800138b4 (0x00001f17) auipc   t5, 0x1
core   0: 3 0x800138b4 (0x00001f17) x30 0x800148b4
core   0: 0x800138b8 (0x743f2623) sw      gp, 1868(t5)
core   0: 3 0x800138b8 (0x743f2623) mem 0x80015000 0x00000001
core   0: 0x800138bc (0xff9ff06f) j       pc - 0x8
core   0: 3 0x800138bc (0xff9ff06f)
core   0: 0x800138b4 (0x00001f17) auipc   t5, 0x1
core   0: 3 0x800138b4 (0x00001f17) x30 0x800148b4
core   0: 0x800138b8 (0x743f2623) sw      gp, 1868(t5)
core   0: 3 0x800138b8 (0x743f2623) mem 0x80015000 0x00000001
core   0: 0x800138bc (0xff9ff06f) j       pc - 0x8
core   0: 3 0x800138bc (0xff9ff06f)
core   0: 0x800138b4 (0x00001f17) auipc   t5, 0x1
core   0: 3 0x800138b4 (0x00001f17) x30 0x800148b4
core   0: 0x800138b8 (0x743f2623) sw      gp, 1868(t5)
core   0: 3 0x800138b8 (0x743f2623) mem 0x80015000 0x00000001
core   0: 0x800138bc (0xff9ff06f) j       pc - 0x8
core   0: 3 0x800138bc (0xff9ff06f)
core   0: 0x800138b4 (0x00001f17) auipc   t5, 0x1
core   0: 3 0x800138b4 (0x00001f17) x30 0x800148b4
core   0: 0x800138b8 (0x743f2623) sw      gp, 1868(t5)
core   0: 3 0x800138b8 (0x743f2623) mem 0x80015000 0x00000001
core   0: 0x800138bc (0xff9ff06f) j       pc - 0x8
core   0: 3 0x800138bc (0xff9ff06f)
core   0: 0x800138b4 (0x00001f17) auipc   t5, 0x1
core   0: 3 0x800138b4 (0x00001f17) x30 0x800148b4
core   0: 0x800138b8 (0x743f2623) sw      gp, 1868(t5)
core   0: 3 0x800138b8 (0x743f2623) mem 0x80015000 0x00000001
core   0: 0x800138bc (0xff9ff06f) j       pc - 0x8
core   0: 3 0x800138bc (0xff9ff06f)
core   0: 0x800138b4 (0x00001f17) auipc   t5, 0x1
core   0: 3 0x800138b4 (0x00001f17) x30 0x800148b4
core   0: 0x800138b8 (0x743f2623) sw      gp, 1868(t5)
core   0: 3 0x800138b8 (0x743f2623) mem 0x80015000 0x00000001
core   0: 0x800138bc (0xff9ff06f) j       pc - 0x8
core   0: 3 0x800138bc (0xff9ff06f)
core   0: 0x800138b4 (0x00001f17) auipc   t5, 0x1
core   0: 3 0x800138b4 (0x00001f17) x30 0x800148b4
core   0: 0x800138b8 (0x743f2623) sw      gp, 1868(t5)
core   0: 3 0x800138b8 (0x743f2623) mem 0x80015000 0x00000001
core   0: 0x800138bc (0xff9ff06f) j       pc - 0x8
core   0: 3 0x800138bc (0xff9ff06f)
core   0: 0x800138b4 (0x00001f17) auipc   t5, 0x1
core   0: 3 0x800138b4 (0x00001f17) x30 0x800148b4
core   0: 0x800138b8 (0x743f2623) sw      gp, 1868(t5)
core   0: 3 0x800138b8 (0x743f2623) mem 0x80015000 0x00000001
core   0: 0x800138bc (0xff9ff06f) j       pc - 0x8
core   0: 3 0x800138bc (0xff9ff06f)
core   0: 0x800138b4 (0x00001f17) auipc   t5, 0x1
core   0: 3 0x800138b4 (0x00001f17) x30 0x800148b4
core   0: 0x800138b8 (0x743f2623) sw      gp, 1868(t5)
core   0: 3 0x800138b8 (0x743f2623) mem 0x80015000 0x00000001
core   0: 0x800138bc (0xff9ff06f) j       pc - 0x8
core   0: 3 0x800138bc (0xff9ff06f)
core   0: 0x800138b4 (0x00001f17) auipc   t5, 0x1
core   0: 3 0x800138b4 (0x00001f17) x30 0x800148b4
core   0: 0x800138b8 (0x743f2623) sw      gp, 1868(t5)
core   0: 3 0x800138b8 (0x743f2623) mem 0x80015000 0x00000001
core   0: 0x800138bc (0xff9ff06f) j       pc - 0x8
core   0: 3 0x800138bc (0xff9ff06f)
core   0: 0x800138b4 (0x00001f17) auipc   t5, 0x1
core   0: 3 0x800138b4 (0x00001f17) x30 0x800148b4
core   0: 0x800138b8 (0x743f2623) sw      gp, 1868(t5)
core   0: 3 0x800138b8 (0x743f2623) mem 0x80015000 0x00000001
core   0: 0x800138bc (0xff9ff06f) j       pc - 0x8
core   0: 3 0x800138bc (0xff9ff06f)
core   0: 0x800138b4 (0x00001f17) auipc   t5, 0x1
core   0: 3 0x800138b4 (0x00001f17) x30 0x800148b4
core   0: 0x800138b8 (0x743f2623) sw      gp, 1868(t5)
core   0: 3 0x800138b8 (0x743f2623) mem 0x80015000 0x00000001
core   0: 0x800138bc (0xff9ff06f) j       pc - 0x8
core   0: 3 0x800138bc (0xff9ff06f)
core   0: 0x800138b4 (0x00001f17) auipc   t5, 0x1
core   0: 3 0x800138b4 (0x00001f17) x30 0x800148b4
core   0: 0x800138b8 (0x743f2623) sw      gp, 1868(t5)
core   0: 3 0x800138b8 (0x743f2623) mem 0x80015000 0x00000001
core   0: 0x800138bc (0xff9ff06f) j       pc - 0x8
core   0: 3 0x800138bc (0xff9ff06f)
core   0: 0x800138b4 (0x00001f17) auipc   t5, 0x1
core   0: 3 0x800138b4 (0x00001f17) x30 0x800148b4
core   0: 0x800138b8 (0x743f2623) sw      gp, 1868(t5)
core   0: 3 0x800138b8 (0x743f2623) mem 0x80015000 0x00000001
core   0: 0x800138bc (0xff9ff06f) j       pc - 0x8
core   0: 3 0x800138bc (0xff9ff06f)
core   0: 0x800138b4 (0x00001f17) auipc   t5, 0x1
core   0: 3 0x800138b4 (0x00001f17) x30 0x800148b4
core   0: 0x800138b8 (0x743f2623) sw      gp, 1868(t5)
core   0: 3 0x800138b8 (0x743f2623) mem 0x80015000 0x00000001
core   0: 0x800138bc (0xff9ff06f) j       pc - 0x8
core   0: 3 0x800138bc (0xff9ff06f)
core   0: 0x800138b4 (0x00001f17) auipc   t5, 0x1
core   0: 3 0x800138b4 (0x00001f17) x30 0x800148b4
core   0: 0x800138b8 (0x743f2623) sw      gp, 1868(t5)
core   0: 3 0x800138b8 (0x743f2623) mem 0x80015000 0x00000001
core   0: 0x800138bc (0xff9ff06f) j       pc - 0x8
core   0: 3 0x800138bc (0xff9ff06f)
core   0: 0x800138b4 (0x00001f17) auipc   t5, 0x1
core   0: 3 0x800138b4 (0x00001f17) x30 0x800148b4
core   0: 0x800138b8 (0x743f2623) sw      gp, 1868(t5)
core   0: 3 0x800138b8 (0x743f2623) mem 0x80015000 0x00000001
core   0: 0x800138bc (0xff9ff06f) j       pc - 0x8
core   0: 3 0x800138bc (0xff9ff06f)
core   0: 0x800138b4 (0x00001f17) auipc   t5, 0x1
core   0: 3 0x800138b4 (0x00001f17) x30 0x800148b4
core   0: 0x800138b8 (0x743f2623) sw      gp, 1868(t5)
core   0: 3 0x800138b8 (0x743f2623) mem 0x80015000 0x00000001
core   0: 0x800138bc (0xff9ff06f) j       pc - 0x8
core   0: 3 0x800138bc (0xff9ff06f)
core   0: 0x800138b4 (0x00001f17) auipc   t5, 0x1
core   0: 3 0x800138b4 (0x00001f17) x30 0x800148b4
core   0: 0x800138b8 (0x743f2623) sw      gp, 1868(t5)
core   0: 3 0x800138b8 (0x743f2623) mem 0x80015000 0x00000001
core   0: 0x800138bc (0xff9ff06f) j       pc - 0x8
core   0: 3 0x800138bc (0xff9ff06f)
core   0: 0x800138b4 (0x00001f17) auipc   t5, 0x1
core   0: 3 0x800138b4 (0x00001f17) x30 0x800148b4
core   0: 0x800138b8 (0x743f2623) sw      gp, 1868(t5)
core   0: 3 0x800138b8 (0x743f2623) mem 0x80015000 0x00000001
core   0: 0x800138bc (0xff9ff06f) j       pc - 0x8
core   0: 3 0x800138bc (0xff9ff06f)
core   0: 0x800138b4 (0x00001f17) auipc   t5, 0x1
core   0: 3 0x800138b4 (0x00001f17) x30 0x800148b4
core   0: 0x800138b8 (0x743f2623) sw      gp, 1868(t5)
core   0: 3 0x800138b8 (0x743f2623) mem 0x80015000 0x00000001
core   0: 0x800138bc (0xff9ff06f) j       pc - 0x8
core   0: 3 0x800138bc (0xff9ff06f)
core   0: 0x800138b4 (0x00001f17) auipc   t5, 0x1
core   0: 3 0x800138b4 (0x00001f17) x30 0x800148b4
core   0: 0x800138b8 (0x743f2623) sw      gp, 1868(t5)
core   0: 3 0x800138b8 (0x743f2623) mem 0x80015000 0x00000001
core   0: 0x800138bc (0xff9ff06f) j       pc - 0x8
core   0: 3 0x800138bc (0xff9ff06f)
core   0: 0x800138b4 (0x00001f17) auipc   t5, 0x1
core   0: 3 0x800138b4 (0x00001f17) x30 0x800148b4
core   0: 0x800138b8 (0x743f2623) sw      gp, 1868(t5)
core   0: 3 0x800138b8 (0x743f2623) mem 0x80015000 0x00000001
core   0: 0x800138bc (0xff9ff06f) j       pc - 0x8
core   0: 3 0x800138bc (0xff9ff06f)
core   0: 0x800138b4 (0x00001f17) auipc   t5, 0x1
core   0: 3 0x800138b4 (0x00001f17) x30 0x800148b4
core   0: 0x800138b8 (0x743f2623) sw      gp, 1868(t5)
core   0: 3 0x800138b8 (0x743f2623) mem 0x80015000 0x00000001
core   0: 0x800138bc (0xff9ff06f) j       pc - 0x8
core   0: 3 0x800138bc (0xff9ff06f)
core   0: 0x800138b4 (0x00001f17) auipc   t5, 0x1
core   0: 3 0x800138b4 (0x00001f17) x30 0x800148b4
core   0: 0x800138b8 (0x743f2623) sw      gp, 1868(t5)
core   0: 3 0x800138b8 (0x743f2623) mem 0x80015000 0x00000001
core   0: 0x800138bc (0xff9ff06f) j       pc - 0x8
core   0: 3 0x800138bc (0xff9ff06f)
core   0: 0x800138b4 (0x00001f17) auipc   t5, 0x1
core   0: 3 0x800138b4 (0x00001f17) x30 0x800148b4
core   0: 0x800138b8 (0x743f2623) sw      gp, 1868(t5)
core   0: 3 0x800138b8 (0x743f2623) mem 0x80015000 0x00000001
core   0: 0x800138bc (0xff9ff06f) j       pc - 0x8
core   0: 3 0x800138bc (0xff9ff06f)
core   0: 0x800138b4 (0x00001f17) auipc   t5, 0x1
core   0: 3 0x800138b4 (0x00001f17) x30 0x800148b4
core   0: 0x800138b8 (0x743f2623) sw      gp, 1868(t5)
core   0: 3 0x800138b8 (0x743f2623) mem 0x80015000 0x00000001
core   0: 0x800138bc (0xff9ff06f) j       pc - 0x8
core   0: 3 0x800138bc (0xff9ff06f)
core   0: 0x800138b4 (0x00001f17) auipc   t5, 0x1
core   0: 3 0x800138b4 (0x00001f17) x30 0x800148b4
core   0: 0x800138b8 (0x743f2623) sw      gp, 1868(t5)
core   0: 3 0x800138b8 (0x743f2623) mem 0x80015000 0x00000001
core   0: 0x800138bc (0xff9ff06f) j       pc - 0x8
core   0: 3 0x800138bc (0xff9ff06f)
core   0: 0x800138b4 (0x00001f17) auipc   t5, 0x1
core   0: 3 0x800138b4 (0x00001f17) x30 0x800148b4
core   0: 0x800138b8 (0x743f2623) sw      gp, 1868(t5)
core   0: 3 0x800138b8 (0x743f2623) mem 0x80015000 0x00000001
core   0: 0x800138bc (0xff9ff06f) j       pc - 0x8
core   0: 3 0x800138bc (0xff9ff06f)
core   0: 0x800138b4 (0x00001f17) auipc   t5, 0x1
core   0: 3 0x800138b4 (0x00001f17) x30 0x800148b4
core   0: 0x800138b8 (0x743f2623) sw      gp, 1868(t5)
core   0: 3 0x800138b8 (0x743f2623) mem 0x80015000 0x00000001
core   0: 0x800138bc (0xff9ff06f) j       pc - 0x8
core   0: 3 0x800138bc (0xff9ff06f)
core   0: 0x800138b4 (0x00001f17) auipc   t5, 0x1
core   0: 3 0x800138b4 (0x00001f17) x30 0x800148b4
core   0: 0x800138b8 (0x743f2623) sw      gp, 1868(t5)
core   0: 3 0x800138b8 (0x743f2623) mem 0x80015000 0x00000001
core   0: 0x800138bc (0xff9ff06f) j       pc - 0x8
core   0: 3 0x800138bc (0xff9ff06f)
core   0: 0x800138b4 (0x00001f17) auipc   t5, 0x1
core   0: 3 0x800138b4 (0x00001f17) x30 0x800148b4
core   0: 0x800138b8 (0x743f2623) sw      gp, 1868(t5)
core   0: 3 0x800138b8 (0x743f2623) mem 0x80015000 0x00000001
core   0: 0x800138bc (0xff9ff06f) j       pc - 0x8
core   0: 3 0x800138bc (0xff9ff06f)
core   0: 0x800138b4 (0x00001f17) auipc   t5, 0x1
core   0: 3 0x800138b4 (0x00001f17) x30 0x800148b4
core   0: 0x800138b8 (0x743f2623) sw      gp, 1868(t5)
core   0: 3 0x800138b8 (0x743f2623) mem 0x80015000 0x00000001
core   0: 0x800138bc (0xff9ff06f) j       pc - 0x8
core   0: 3 0x800138bc (0xff9ff06f)
core   0: 0x800138b4 (0x00001f17) auipc   t5, 0x1
core   0: 3 0x800138b4 (0x00001f17) x30 0x800148b4
core   0: 0x800138b8 (0x743f2623) sw      gp, 1868(t5)
core   0: 3 0x800138b8 (0x743f2623) mem 0x80015000 0x00000001
core   0: 0x800138bc (0xff9ff06f) j       pc - 0x8
core   0: 3 0x800138bc (0xff9ff06f)
core   0: 0x800138b4 (0x00001f17) auipc   t5, 0x1
core   0: 3 0x800138b4 (0x00001f17) x30 0x800148b4
core   0: 0x800138b8 (0x743f2623) sw      gp, 1868(t5)
core   0: 3 0x800138b8 (0x743f2623) mem 0x80015000 0x00000001
core   0: 0x800138bc (0xff9ff06f) j       pc - 0x8
core   0: 3 0x800138bc (0xff9ff06f)
core   0: 0x800138b4 (0x00001f17) auipc   t5, 0x1
core   0: 3 0x800138b4 (0x00001f17) x30 0x800148b4
core   0: 0x800138b8 (0x743f2623) sw      gp, 1868(t5)
core   0: 3 0x800138b8 (0x743f2623) mem 0x80015000 0x00000001
core   0: 0x800138bc (0xff9ff06f) j       pc - 0x8
core   0: 3 0x800138bc (0xff9ff06f)
core   0: 0x800138b4 (0x00001f17) auipc   t5, 0x1
core   0: 3 0x800138b4 (0x00001f17) x30 0x800148b4
core   0: 0x800138b8 (0x743f2623) sw      gp, 1868(t5)
core   0: 3 0x800138b8 (0x743f2623) mem 0x80015000 0x00000001
core   0: 0x800138bc (0xff9ff06f) j       pc - 0x8
core   0: 3 0x800138bc (0xff9ff06f)
core   0: 0x800138b4 (0x00001f17) auipc   t5, 0x1
core   0: 3 0x800138b4 (0x00001f17) x30 0x800148b4
core   0: 0x800138b8 (0x743f2623) sw      gp, 1868(t5)
core   0: 3 0x800138b8 (0x743f2623) mem 0x80015000 0x00000001
core   0: 0x800138bc (0xff9ff06f) j       pc - 0x8
core   0: 3 0x800138bc (0xff9ff06f)
core   0: 0x800138b4 (0x00001f17) auipc   t5, 0x1
core   0: 3 0x800138b4 (0x00001f17) x30 0x800148b4
core   0: 0x800138b8 (0x743f2623) sw      gp, 1868(t5)
core   0: 3 0x800138b8 (0x743f2623) mem 0x80015000 0x00000001
core   0: 0x800138bc (0xff9ff06f) j       pc - 0x8
core   0: 3 0x800138bc (0xff9ff06f)
core   0: 0x800138b4 (0x00001f17) auipc   t5, 0x1
core   0: 3 0x800138b4 (0x00001f17) x30 0x800148b4
core   0: 0x800138b8 (0x743f2623) sw      gp, 1868(t5)
core   0: 3 0x800138b8 (0x743f2623) mem 0x80015000 0x00000001
core   0: 0x800138bc (0xff9ff06f) j       pc - 0x8
core   0: 3 0x800138bc (0xff9ff06f)
core   0: 0x800138b4 (0x00001f17) auipc   t5, 0x1
core   0: 3 0x800138b4 (0x00001f17) x30 0x800148b4
core   0: 0x800138b8 (0x743f2623) sw      gp, 1868(t5)
core   0: 3 0x800138b8 (0x743f2623) mem 0x80015000 0x00000001
core   0: 0x800138bc (0xff9ff06f) j       pc - 0x8
core   0: 3 0x800138bc (0xff9ff06f)
core   0: 0x800138b4 (0x00001f17) auipc   t5, 0x1
core   0: 3 0x800138b4 (0x00001f17) x30 0x800148b4
core   0: 0x800138b8 (0x743f2623) sw      gp, 1868(t5)
core   0: 3 0x800138b8 (0x743f2623) mem 0x80015000 0x00000001
core   0: 0x800138bc (0xff9ff06f) j       pc - 0x8
core   0: 3 0x800138bc (0xff9ff06f)
core   0: 0x800138b4 (0x00001f17) auipc   t5, 0x1
core   0: 3 0x800138b4 (0x00001f17) x30 0x800148b4
core   0: 0x800138b8 (0x743f2623) sw      gp, 1868(t5)
core   0: 3 0x800138b8 (0x743f2623) mem 0x80015000 0x00000001
core   0: 0x800138bc (0xff9ff06f) j       pc - 0x8
core   0: 3 0x800138bc (0xff9ff06f)
core   0: 0x800138b4 (0x00001f17) auipc   t5, 0x1
core   0: 3 0x800138b4 (0x00001f17) x30 0x800148b4
core   0: 0x800138b8 (0x743f2623) sw      gp, 1868(t5)
core   0: 3 0x800138b8 (0x743f2623) mem 0x80015000 0x00000001
core   0: 0x800138bc (0xff9ff06f) j       pc - 0x8
core   0: 3 0x800138bc (0xff9ff06f)
core   0: 0x800138b4 (0x00001f17) auipc   t5, 0x1
core   0: 3 0x800138b4 (0x00001f17) x30 0x800148b4
core   0: 0x800138b8 (0x743f2623) sw      gp, 1868(t5)
core   0: 3 0x800138b8 (0x743f2623) mem 0x80015000 0x00000001
core   0: 0x800138bc (0xff9ff06f) j       pc - 0x8
core   0: 3 0x800138bc (0xff9ff06f)
core   0: 0x800138b4 (0x00001f17) auipc   t5, 0x1
core   0: 3 0x800138b4 (0x00001f17) x30 0x800148b4
core   0: 0x800138b8 (0x743f2623) sw      gp, 1868(t5)
core   0: 3 0x800138b8 (0x743f2623) mem 0x80015000 0x00000001
core   0: 0x800138bc (0xff9ff06f) j       pc - 0x8
core   0: 3 0x800138bc (0xff9ff06f)
core   0: 0x800138b4 (0x00001f17) auipc   t5, 0x1
core   0: 3 0x800138b4 (0x00001f17) x30 0x800148b4
core   0: 0x800138b8 (0x743f2623) sw      gp, 1868(t5)
core   0: 3 0x800138b8 (0x743f2623) mem 0x80015000 0x00000001
core   0: 0x800138bc (0xff9ff06f) j       pc - 0x8
core   0: 3 0x800138bc (0xff9ff06f)
core   0: 0x800138b4 (0x00001f17) auipc   t5, 0x1
core   0: 3 0x800138b4 (0x00001f17) x30 0x800148b4
core   0: 0x800138b8 (0x743f2623) sw      gp, 1868(t5)
core   0: 3 0x800138b8 (0x743f2623) mem 0x80015000 0x00000001
core   0: 0x800138bc (0xff9ff06f) j       pc - 0x8
core   0: 3 0x800138bc (0xff9ff06f)
core   0: 0x800138b4 (0x00001f17) auipc   t5, 0x1
core   0: 3 0x800138b4 (0x00001f17) x30 0x800148b4
core   0: 0x800138b8 (0x743f2623) sw      gp, 1868(t5)
core   0: 3 0x800138b8 (0x743f2623) mem 0x80015000 0x00000001
core   0: 0x800138bc (0xff9ff06f) j       pc - 0x8
core   0: 3 0x800138bc (0xff9ff06f)
core   0: 0x800138b4 (0x00001f17) auipc   t5, 0x1
core   0: 3 0x800138b4 (0x00001f17) x30 0x800148b4
core   0: 0x800138b8 (0x743f2623) sw      gp, 1868(t5)
core   0: 3 0x800138b8 (0x743f2623) mem 0x80015000 0x00000001
core   0: 0x800138bc (0xff9ff06f) j       pc - 0x8
core   0: 3 0x800138bc (0xff9ff06f)
core   0: 0x800138b4 (0x00001f17) auipc   t5, 0x1
core   0: 3 0x800138b4 (0x00001f17) x30 0x800148b4
core   0: 0x800138b8 (0x743f2623) sw      gp, 1868(t5)
core   0: 3 0x800138b8 (0x743f2623) mem 0x80015000 0x00000001
core   0: 0x800138bc (0xff9ff06f) j       pc - 0x8
core   0: 3 0x800138bc (0xff9ff06f)
core   0: 0x800138b4 (0x00001f17) auipc   t5, 0x1
core   0: 3 0x800138b4 (0x00001f17) x30 0x800148b4
core   0: 0x800138b8 (0x743f2623) sw      gp, 1868(t5)
core   0: 3 0x800138b8 (0x743f2623) mem 0x80015000 0x00000001
core   0: 0x800138bc (0xff9ff06f) j       pc - 0x8
core   0: 3 0x800138bc (0xff9ff06f)
core   0: 0x800138b4 (0x00001f17) auipc   t5, 0x1
core   0: 3 0x800138b4 (0x00001f17) x30 0x800148b4
core   0: 0x800138b8 (0x743f2623) sw      gp, 1868(t5)
core   0: 3 0x800138b8 (0x743f2623) mem 0x80015000 0x00000001
core   0: 0x800138bc (0xff9ff06f) j       pc - 0x8
core   0: 3 0x800138bc (0xff9ff06f)
core   0: 0x800138b4 (0x00001f17) auipc   t5, 0x1
core   0: 3 0x800138b4 (0x00001f17) x30 0x800148b4
core   0: 0x800138b8 (0x743f2623) sw      gp, 1868(t5)
core   0: 3 0x800138b8 (0x743f2623) mem 0x80015000 0x00000001
core   0: 0x800138bc (0xff9ff06f) j       pc - 0x8
core   0: 3 0x800138bc (0xff9ff06f)
core   0: 0x800138b4 (0x00001f17) auipc   t5, 0x1
core   0: 3 0x800138b4 (0x00001f17) x30 0x800148b4
core   0: 0x800138b8 (0x743f2623) sw      gp, 1868(t5)
core   0: 3 0x800138b8 (0x743f2623) mem 0x80015000 0x00000001
core   0: 0x800138bc (0xff9ff06f) j       pc - 0x8
core   0: 3 0x800138bc (0xff9ff06f)
core   0: 0x800138b4 (0x00001f17) auipc   t5, 0x1
core   0: 3 0x800138b4 (0x00001f17) x30 0x800148b4
core   0: 0x800138b8 (0x743f2623) sw      gp, 1868(t5)
core   0: 3 0x800138b8 (0x743f2623) mem 0x80015000 0x00000001
core   0: 0x800138bc (0xff9ff06f) j       pc - 0x8
core   0: 3 0x800138bc (0xff9ff06f)
core   0: 0x800138b4 (0x00001f17) auipc   t5, 0x1
core   0: 3 0x800138b4 (0x00001f17) x30 0x800148b4
core   0: 0x800138b8 (0x743f2623) sw      gp, 1868(t5)
core   0: 3 0x800138b8 (0x743f2623) mem 0x80015000 0x00000001
core   0: 0x800138bc (0xff9ff06f) j       pc - 0x8
core   0: 3 0x800138bc (0xff9ff06f)
core   0: 0x800138b4 (0x00001f17) auipc   t5, 0x1
core   0: 3 0x800138b4 (0x00001f17) x30 0x800148b4
core   0: 0x800138b8 (0x743f2623) sw      gp, 1868(t5)
core   0: 3 0x800138b8 (0x743f2623) mem 0x80015000 0x00000001
core   0: 0x800138bc (0xff9ff06f) j       pc - 0x8
core   0: 3 0x800138bc (0xff9ff06f)
core   0: 0x800138b4 (0x00001f17) auipc   t5, 0x1
core   0: 3 0x800138b4 (0x00001f17) x30 0x800148b4
core   0: 0x800138b8 (0x743f2623) sw      gp, 1868(t5)
core   0: 3 0x800138b8 (0x743f2623) mem 0x80015000 0x00000001
core   0: 0x800138bc (0xff9ff06f) j       pc - 0x8
core   0: 3 0x800138bc (0xff9ff06f)
core   0: 0x800138b4 (0x00001f17) auipc   t5, 0x1
core   0: 3 0x800138b4 (0x00001f17) x30 0x800148b4
core   0: 0x800138b8 (0x743f2623) sw      gp, 1868(t5)
core   0: 3 0x800138b8 (0x743f2623) mem 0x80015000 0x00000001
core   0: 0x800138bc (0xff9ff06f) j       pc - 0x8
core   0: 3 0x800138bc (0xff9ff06f)
core   0: 0x800138b4 (0x00001f17) auipc   t5, 0x1
core   0: 3 0x800138b4 (0x00001f17) x30 0x800148b4
core   0: 0x800138b8 (0x743f2623) sw      gp, 1868(t5)
core   0: 3 0x800138b8 (0x743f2623) mem 0x80015000 0x00000001
core   0: 0x800138bc (0xff9ff06f) j       pc - 0x8
core   0: 3 0x800138bc (0xff9ff06f)
core   0: 0x800138b4 (0x00001f17) auipc   t5, 0x1
core   0: 3 0x800138b4 (0x00001f17) x30 0x800148b4
core   0: 0x800138b8 (0x743f2623) sw      gp, 1868(t5)
core   0: 3 0x800138b8 (0x743f2623) mem 0x80015000 0x00000001
core   0: 0x800138bc (0xff9ff06f) j       pc - 0x8
core   0: 3 0x800138bc (0xff9ff06f)
core   0: 0x800138b4 (0x00001f17) auipc   t5, 0x1
core   0: 3 0x800138b4 (0x00001f17) x30 0x800148b4
core   0: 0x800138b8 (0x743f2623) sw      gp, 1868(t5)
core   0: 3 0x800138b8 (0x743f2623) mem 0x80015000 0x00000001
core   0: 0x800138bc (0xff9ff06f) j       pc - 0x8
core   0: 3 0x800138bc (0xff9ff06f)
core   0: 0x800138b4 (0x00001f17) auipc   t5, 0x1
core   0: 3 0x800138b4 (0x00001f17) x30 0x800148b4
core   0: 0x800138b8 (0x743f2623) sw      gp, 1868(t5)
core   0: 3 0x800138b8 (0x743f2623) mem 0x80015000 0x00000001
core   0: 0x800138bc (0xff9ff06f) j       pc - 0x8
core   0: 3 0x800138bc (0xff9ff06f)
core   0: 0x800138b4 (0x00001f17) auipc   t5, 0x1
core   0: 3 0x800138b4 (0x00001f17) x30 0x800148b4
core   0: 0x800138b8 (0x743f2623) sw      gp, 1868(t5)
core   0: 3 0x800138b8 (0x743f2623) mem 0x80015000 0x00000001
core   0: 0x800138bc (0xff9ff06f) j       pc - 0x8
core   0: 3 0x800138bc (0xff9ff06f)
core   0: 0x800138b4 (0x00001f17) auipc   t5, 0x1
core   0: 3 0x800138b4 (0x00001f17) x30 0x800148b4
core   0: 0x800138b8 (0x743f2623) sw      gp, 1868(t5)
core   0: 3 0x800138b8 (0x743f2623) mem 0x80015000 0x00000001
core   0: 0x800138bc (0xff9ff06f) j       pc - 0x8
core   0: 3 0x800138bc (0xff9ff06f)
core   0: 0x800138b4 (0x00001f17) auipc   t5, 0x1
core   0: 3 0x800138b4 (0x00001f17) x30 0x800148b4
core   0: 0x800138b8 (0x743f2623) sw      gp, 1868(t5)
core   0: 3 0x800138b8 (0x743f2623) mem 0x80015000 0x00000001
core   0: 0x800138bc (0xff9ff06f) j       pc - 0x8
core   0: 3 0x800138bc (0xff9ff06f)
core   0: 0x800138b4 (0x00001f17) auipc   t5, 0x1
core   0: 3 0x800138b4 (0x00001f17) x30 0x800148b4
core   0: 0x800138b8 (0x743f2623) sw      gp, 1868(t5)
core   0: 3 0x800138b8 (0x743f2623) mem 0x80015000 0x00000001
core   0: 0x800138bc (0xff9ff06f) j       pc - 0x8
core   0: 3 0x800138bc (0xff9ff06f)
core   0: 0x800138b4 (0x00001f17) auipc   t5, 0x1
core   0: 3 0x800138b4 (0x00001f17) x30 0x800148b4
core   0: 0x800138b8 (0x743f2623) sw      gp, 1868(t5)
core   0: 3 0x800138b8 (0x743f2623) mem 0x80015000 0x00000001
core   0: 0x800138bc (0xff9ff06f) j       pc - 0x8
core   0: 3 0x800138bc (0xff9ff06f)
core   0: 0x800138b4 (0x00001f17) auipc   t5, 0x1
core   0: 3 0x800138b4 (0x00001f17) x30 0x800148b4
core   0: 0x800138b8 (0x743f2623) sw      gp, 1868(t5)
core   0: 3 0x800138b8 (0x743f2623) mem 0x80015000 0x00000001
core   0: 0x800138bc (0xff9ff06f) j       pc - 0x8
core   0: 3 0x800138bc (0xff9ff06f)
core   0: 0x800138b4 (0x00001f17) auipc   t5, 0x1
core   0: 3 0x800138b4 (0x00001f17) x30 0x800148b4
core   0: 0x800138b8 (0x743f2623) sw      gp, 1868(t5)
core   0: 3 0x800138b8 (0x743f2623) mem 0x80015000 0x00000001
core   0: 0x800138bc (0xff9ff06f) j       pc - 0x8
core   0: 3 0x800138bc (0xff9ff06f)
core   0: 0x800138b4 (0x00001f17) auipc   t5, 0x1
core   0: 3 0x800138b4 (0x00001f17) x30 0x800148b4
core   0: 0x800138b8 (0x743f2623) sw      gp, 1868(t5)
core   0: 3 0x800138b8 (0x743f2623) mem 0x80015000 0x00000001
core   0: 0x800138bc (0xff9ff06f) j       pc - 0x8
core   0: 3 0x800138bc (0xff9ff06f)
core   0: 0x800138b4 (0x00001f17) auipc   t5, 0x1
core   0: 3 0x800138b4 (0x00001f17) x30 0x800148b4
core   0: 0x800138b8 (0x743f2623) sw      gp, 1868(t5)
core   0: 3 0x800138b8 (0x743f2623) mem 0x80015000 0x00000001
core   0: 0x800138bc (0xff9ff06f) j       pc - 0x8
core   0: 3 0x800138bc (0xff9ff06f)
core   0: 0x800138b4 (0x00001f17) auipc   t5, 0x1
core   0: 3 0x800138b4 (0x00001f17) x30 0x800148b4
core   0: 0x800138b8 (0x743f2623) sw      gp, 1868(t5)
core   0: 3 0x800138b8 (0x743f2623) mem 0x80015000 0x00000001
core   0: 0x800138bc (0xff9ff06f) j       pc - 0x8
core   0: 3 0x800138bc (0xff9ff06f)
core   0: 0x800138b4 (0x00001f17) auipc   t5, 0x1
core   0: 3 0x800138b4 (0x00001f17) x30 0x800148b4
core   0: 0x800138b8 (0x743f2623) sw      gp, 1868(t5)
core   0: 3 0x800138b8 (0x743f2623) mem 0x80015000 0x00000001
core   0: 0x800138bc (0xff9ff06f) j       pc - 0x8
core   0: 3 0x800138bc (0xff9ff06f)
core   0: 0x800138b4 (0x00001f17) auipc   t5, 0x1
core   0: 3 0x800138b4 (0x00001f17) x30 0x800148b4
core   0: 0x800138b8 (0x743f2623) sw      gp, 1868(t5)
core   0: 3 0x800138b8 (0x743f2623) mem 0x80015000 0x00000001
core   0: 0x800138bc (0xff9ff06f) j       pc - 0x8
core   0: 3 0x800138bc (0xff9ff06f)
core   0: 0x800138b4 (0x00001f17) auipc   t5, 0x1
core   0: 3 0x800138b4 (0x00001f17) x30 0x800148b4
core   0: 0x800138b8 (0x743f2623) sw      gp, 1868(t5)
core   0: 3 0x800138b8 (0x743f2623) mem 0x80015000 0x00000001
core   0: 0x800138bc (0xff9ff06f) j       pc - 0x8
core   0: 3 0x800138bc (0xff9ff06f)
core   0: 0x800138b4 (0x00001f17) auipc   t5, 0x1
core   0: 3 0x800138b4 (0x00001f17) x30 0x800148b4
core   0: 0x800138b8 (0x743f2623) sw      gp, 1868(t5)
core   0: 3 0x800138b8 (0x743f2623) mem 0x80015000 0x00000001
core   0: 0x800138bc (0xff9ff06f) j       pc - 0x8
core   0: 3 0x800138bc (0xff9ff06f)
core   0: 0x800138b4 (0x00001f17) auipc   t5, 0x1
core   0: 3 0x800138b4 (0x00001f17) x30 0x800148b4
core   0: 0x800138b8 (0x743f2623) sw      gp, 1868(t5)
core   0: 3 0x800138b8 (0x743f2623) mem 0x80015000 0x00000001
core   0: 0x800138bc (0xff9ff06f) j       pc - 0x8
core   0: 3 0x800138bc (0xff9ff06f)
core   0: 0x800138b4 (0x00001f17) auipc   t5, 0x1
core   0: 3 0x800138b4 (0x00001f17) x30 0x800148b4
core   0: 0x800138b8 (0x743f2623) sw      gp, 1868(t5)
core   0: 3 0x800138b8 (0x743f2623) mem 0x80015000 0x00000001
core   0: 0x800138bc (0xff9ff06f) j       pc - 0x8
core   0: 3 0x800138bc (0xff9ff06f)
core   0: 0x800138b4 (0x00001f17) auipc   t5, 0x1
core   0: 3 0x800138b4 (0x00001f17) x30 0x800148b4
core   0: 0x800138b8 (0x743f2623) sw      gp, 1868(t5)
core   0: 3 0x800138b8 (0x743f2623) mem 0x80015000 0x00000001
core   0: 0x800138bc (0xff9ff06f) j       pc - 0x8
core   0: 3 0x800138bc (0xff9ff06f)
core   0: 0x800138b4 (0x00001f17) auipc   t5, 0x1
core   0: 3 0x800138b4 (0x00001f17) x30 0x800148b4
core   0: 0x800138b8 (0x743f2623) sw      gp, 1868(t5)
core   0: 3 0x800138b8 (0x743f2623) mem 0x80015000 0x00000001
core   0: 0x800138bc (0xff9ff06f) j       pc - 0x8
core   0: 3 0x800138bc (0xff9ff06f)
core   0: 0x800138b4 (0x00001f17) auipc   t5, 0x1
core   0: 3 0x800138b4 (0x00001f17) x30 0x800148b4
core   0: 0x800138b8 (0x743f2623) sw      gp, 1868(t5)
core   0: 3 0x800138b8 (0x743f2623) mem 0x80015000 0x00000001
core   0: 0x800138bc (0xff9ff06f) j       pc - 0x8
core   0: 3 0x800138bc (0xff9ff06f)
core   0: 0x800138b4 (0x00001f17) auipc   t5, 0x1
core   0: 3 0x800138b4 (0x00001f17) x30 0x800148b4
core   0: 0x800138b8 (0x743f2623) sw      gp, 1868(t5)
core   0: 3 0x800138b8 (0x743f2623) mem 0x80015000 0x00000001
core   0: 0x800138bc (0xff9ff06f) j       pc - 0x8
core   0: 3 0x800138bc (0xff9ff06f)
core   0: 0x800138b4 (0x00001f17) auipc   t5, 0x1
core   0: 3 0x800138b4 (0x00001f17) x30 0x800148b4
core   0: 0x800138b8 (0x743f2623) sw      gp, 1868(t5)
core   0: 3 0x800138b8 (0x743f2623) mem 0x80015000 0x00000001
core   0: 0x800138bc (0xff9ff06f) j       pc - 0x8
core   0: 3 0x800138bc (0xff9ff06f)
core   0: 0x800138b4 (0x00001f17) auipc   t5, 0x1
core   0: 3 0x800138b4 (0x00001f17) x30 0x800148b4
core   0: 0x800138b8 (0x743f2623) sw      gp, 1868(t5)
core   0: 3 0x800138b8 (0x743f2623) mem 0x80015000 0x00000001
core   0: 0x800138bc (0xff9ff06f) j       pc - 0x8
core   0: 3 0x800138bc (0xff9ff06f)
core   0: 0x800138b4 (0x00001f17) auipc   t5, 0x1
core   0: 3 0x800138b4 (0x00001f17) x30 0x800148b4
core   0: 0x800138b8 (0x743f2623) sw      gp, 1868(t5)
core   0: 3 0x800138b8 (0x743f2623) mem 0x80015000 0x00000001
core   0: 0x800138bc (0xff9ff06f) j       pc - 0x8
core   0: 3 0x800138bc (0xff9ff06f)
core   0: 0x800138b4 (0x00001f17) auipc   t5, 0x1
core   0: 3 0x800138b4 (0x00001f17) x30 0x800148b4
core   0: 0x800138b8 (0x743f2623) sw      gp, 1868(t5)
core   0: 3 0x800138b8 (0x743f2623) mem 0x80015000 0x00000001
core   0: 0x800138bc (0xff9ff06f) j       pc - 0x8
core   0: 3 0x800138bc (0xff9ff06f)
core   0: 0x800138b4 (0x00001f17) auipc   t5, 0x1
core   0: 3 0x800138b4 (0x00001f17) x30 0x800148b4
core   0: 0x800138b8 (0x743f2623) sw      gp, 1868(t5)
core   0: 3 0x800138b8 (0x743f2623) mem 0x80015000 0x00000001
core   0: 0x800138bc (0xff9ff06f) j       pc - 0x8
core   0: 3 0x800138bc (0xff9ff06f)
core   0: 0x800138b4 (0x00001f17) auipc   t5, 0x1
core   0: 3 0x800138b4 (0x00001f17) x30 0x800148b4
core   0: 0x800138b8 (0x743f2623) sw      gp, 1868(t5)
core   0: 3 0x800138b8 (0x743f2623) mem 0x80015000 0x00000001
core   0: 0x800138bc (0xff9ff06f) j       pc - 0x8
core   0: 3 0x800138bc (0xff9ff06f)
core   0: 0x800138b4 (0x00001f17) auipc   t5, 0x1
core   0: 3 0x800138b4 (0x00001f17) x30 0x800148b4
core   0: 0x800138b8 (0x743f2623) sw      gp, 1868(t5)
core   0: 3 0x800138b8 (0x743f2623) mem 0x80015000 0x00000001
core   0: 0x800138bc (0xff9ff06f) j       pc - 0x8
core   0: 3 0x800138bc (0xff9ff06f)
core   0: 0x800138b4 (0x00001f17) auipc   t5, 0x1
core   0: 3 0x800138b4 (0x00001f17) x30 0x800148b4
core   0: 0x800138b8 (0x743f2623) sw      gp, 1868(t5)
core   0: 3 0x800138b8 (0x743f2623) mem 0x80015000 0x00000001
core   0: 0x800138bc (0xff9ff06f) j       pc - 0x8
core   0: 3 0x800138bc (0xff9ff06f)
core   0: 0x800138b4 (0x00001f17) auipc   t5, 0x1
core   0: 3 0x800138b4 (0x00001f17) x30 0x800148b4
core   0: 0x800138b8 (0x743f2623) sw      gp, 1868(t5)
core   0: 3 0x800138b8 (0x743f2623) mem 0x80015000 0x00000001
core   0: 0x800138bc (0xff9ff06f) j       pc - 0x8
core   0: 3 0x800138bc (0xff9ff06f)
core   0: 0x800138b4 (0x00001f17) auipc   t5, 0x1
core   0: 3 0x800138b4 (0x00001f17) x30 0x800148b4
core   0: 0x800138b8 (0x743f2623) sw      gp, 1868(t5)
core   0: 3 0x800138b8 (0x743f2623) mem 0x80015000 0x00000001
core   0: 0x800138bc (0xff9ff06f) j       pc - 0x8
core   0: 3 0x800138bc (0xff9ff06f)
core   0: 0x800138b4 (0x00001f17) auipc   t5, 0x1
core   0: 3 0x800138b4 (0x00001f17) x30 0x800148b4
core   0: 0x800138b8 (0x743f2623) sw      gp, 1868(t5)
core   0: 3 0x800138b8 (0x743f2623) mem 0x80015000 0x00000001
core   0: 0x800138bc (0xff9ff06f) j       pc - 0x8
core   0: 3 0x800138bc (0xff9ff06f)
core   0: 0x800138b4 (0x00001f17) auipc   t5, 0x1
core   0: 3 0x800138b4 (0x00001f17) x30 0x800148b4
core   0: 0x800138b8 (0x743f2623) sw      gp, 1868(t5)
core   0: 3 0x800138b8 (0x743f2623) mem 0x80015000 0x00000001
core   0: 0x800138bc (0xff9ff06f) j       pc - 0x8
core   0: 3 0x800138bc (0xff9ff06f)
core   0: 0x800138b4 (0x00001f17) auipc   t5, 0x1
core   0: 3 0x800138b4 (0x00001f17) x30 0x800148b4
core   0: 0x800138b8 (0x743f2623) sw      gp, 1868(t5)
core   0: 3 0x800138b8 (0x743f2623) mem 0x80015000 0x00000001
core   0: 0x800138bc (0xff9ff06f) j       pc - 0x8
core   0: 3 0x800138bc (0xff9ff06f)
core   0: 0x800138b4 (0x00001f17) auipc   t5, 0x1
core   0: 3 0x800138b4 (0x00001f17) x30 0x800148b4
core   0: 0x800138b8 (0x743f2623) sw      gp, 1868(t5)
core   0: 3 0x800138b8 (0x743f2623) mem 0x80015000 0x00000001
core   0: 0x800138bc (0xff9ff06f) j       pc - 0x8
core   0: 3 0x800138bc (0xff9ff06f)
core   0: 0x800138b4 (0x00001f17) auipc   t5, 0x1
core   0: 3 0x800138b4 (0x00001f17) x30 0x800148b4
core   0: 0x800138b8 (0x743f2623) sw      gp, 1868(t5)
core   0: 3 0x800138b8 (0x743f2623) mem 0x80015000 0x00000001
core   0: 0x800138bc (0xff9ff06f) j       pc - 0x8
core   0: 3 0x800138bc (0xff9ff06f)
core   0: 0x800138b4 (0x00001f17) auipc   t5, 0x1
core   0: 3 0x800138b4 (0x00001f17) x30 0x800148b4
core   0: 0x800138b8 (0x743f2623) sw      gp, 1868(t5)
core   0: 3 0x800138b8 (0x743f2623) mem 0x80015000 0x00000001
core   0: 0x800138bc (0xff9ff06f) j       pc - 0x8
core   0: 3 0x800138bc (0xff9ff06f)
core   0: 0x800138b4 (0x00001f17) auipc   t5, 0x1
core   0: 3 0x800138b4 (0x00001f17) x30 0x800148b4
core   0: 0x800138b8 (0x743f2623) sw      gp, 1868(t5)
core   0: 3 0x800138b8 (0x743f2623) mem 0x80015000 0x00000001
core   0: 0x800138bc (0xff9ff06f) j       pc - 0x8
core   0: 3 0x800138bc (0xff9ff06f)
core   0: 0x800138b4 (0x00001f17) auipc   t5, 0x1
core   0: 3 0x800138b4 (0x00001f17) x30 0x800148b4
core   0: 0x800138b8 (0x743f2623) sw      gp, 1868(t5)
core   0: 3 0x800138b8 (0x743f2623) mem 0x80015000 0x00000001
core   0: 0x800138bc (0xff9ff06f) j       pc - 0x8
core   0: 3 0x800138bc (0xff9ff06f)
core   0: 0x800138b4 (0x00001f17) auipc   t5, 0x1
core   0: 3 0x800138b4 (0x00001f17) x30 0x800148b4
core   0: 0x800138b8 (0x743f2623) sw      gp, 1868(t5)
core   0: 3 0x800138b8 (0x743f2623) mem 0x80015000 0x00000001
core   0: 0x800138bc (0xff9ff06f) j       pc - 0x8
core   0: 3 0x800138bc (0xff9ff06f)
core   0: 0x800138b4 (0x00001f17) auipc   t5, 0x1
core   0: 3 0x800138b4 (0x00001f17) x30 0x800148b4
core   0: 0x800138b8 (0x743f2623) sw      gp, 1868(t5)
core   0: 3 0x800138b8 (0x743f2623) mem 0x80015000 0x00000001
core   0: 0x800138bc (0xff9ff06f) j       pc - 0x8
core   0: 3 0x800138bc (0xff9ff06f)
core   0: 0x800138b4 (0x00001f17) auipc   t5, 0x1
core   0: 3 0x800138b4 (0x00001f17) x30 0x800148b4
core   0: 0x800138b8 (0x743f2623) sw      gp, 1868(t5)
core   0: 3 0x800138b8 (0x743f2623) mem 0x80015000 0x00000001
core   0: 0x800138bc (0xff9ff06f) j       pc - 0x8
core   0: 3 0x800138bc (0xff9ff06f)
core   0: 0x800138b4 (0x00001f17) auipc   t5, 0x1
core   0: 3 0x800138b4 (0x00001f17) x30 0x800148b4
core   0: 0x800138b8 (0x743f2623) sw      gp, 1868(t5)
core   0: 3 0x800138b8 (0x743f2623) mem 0x80015000 0x00000001
core   0: 0x800138bc (0xff9ff06f) j       pc - 0x8
core   0: 3 0x800138bc (0xff9ff06f)
core   0: 0x800138b4 (0x00001f17) auipc   t5, 0x1
core   0: 3 0x800138b4 (0x00001f17) x30 0x800148b4
core   0: 0x800138b8 (0x743f2623) sw      gp, 1868(t5)
core   0: 3 0x800138b8 (0x743f2623) mem 0x80015000 0x00000001
core   0: 0x800138bc (0xff9ff06f) j       pc - 0x8
core   0: 3 0x800138bc (0xff9ff06f)
core   0: 0x800138b4 (0x00001f17) auipc   t5, 0x1
core   0: 3 0x800138b4 (0x00001f17) x30 0x800148b4
core   0: 0x800138b8 (0x743f2623) sw      gp, 1868(t5)
core   0: 3 0x800138b8 (0x743f2623) mem 0x80015000 0x00000001
core   0: 0x800138bc (0xff9ff06f) j       pc - 0x8
core   0: 3 0x800138bc (0xff9ff06f)
core   0: 0x800138b4 (0x00001f17) auipc   t5, 0x1
core   0: 3 0x800138b4 (0x00001f17) x30 0x800148b4
core   0: 0x800138b8 (0x743f2623) sw      gp, 1868(t5)
core   0: 3 0x800138b8 (0x743f2623) mem 0x80015000 0x00000001
core   0: 0x800138bc (0xff9ff06f) j       pc - 0x8
core   0: 3 0x800138bc (0xff9ff06f)
core   0: 0x800138b4 (0x00001f17) auipc   t5, 0x1
core   0: 3 0x800138b4 (0x00001f17) x30 0x800148b4
core   0: 0x800138b8 (0x743f2623) sw      gp, 1868(t5)
core   0: 3 0x800138b8 (0x743f2623) mem 0x80015000 0x00000001
core   0: 0x800138bc (0xff9ff06f) j       pc - 0x8
core   0: 3 0x800138bc (0xff9ff06f)
core   0: 0x800138b4 (0x00001f17) auipc   t5, 0x1
core   0: 3 0x800138b4 (0x00001f17) x30 0x800148b4
core   0: 0x800138b8 (0x743f2623) sw      gp, 1868(t5)
core   0: 3 0x800138b8 (0x743f2623) mem 0x80015000 0x00000001
core   0: 0x800138bc (0xff9ff06f) j       pc - 0x8
core   0: 3 0x800138bc (0xff9ff06f)
core   0: 0x800138b4 (0x00001f17) auipc   t5, 0x1
core   0: 3 0x800138b4 (0x00001f17) x30 0x800148b4
core   0: 0x800138b8 (0x743f2623) sw      gp, 1868(t5)
core   0: 3 0x800138b8 (0x743f2623) mem 0x80015000 0x00000001
core   0: 0x800138bc (0xff9ff06f) j       pc - 0x8
core   0: 3 0x800138bc (0xff9ff06f)
core   0: 0x800138b4 (0x00001f17) auipc   t5, 0x1
core   0: 3 0x800138b4 (0x00001f17) x30 0x800148b4
core   0: 0x800138b8 (0x743f2623) sw      gp, 1868(t5)
core   0: 3 0x800138b8 (0x743f2623) mem 0x80015000 0x00000001
core   0: 0x800138bc (0xff9ff06f) j       pc - 0x8
core   0: 3 0x800138bc (0xff9ff06f)
core   0: 0x800138b4 (0x00001f17) auipc   t5, 0x1
core   0: 3 0x800138b4 (0x00001f17) x30 0x800148b4
core   0: 0x800138b8 (0x743f2623) sw      gp, 1868(t5)
core   0: 3 0x800138b8 (0x743f2623) mem 0x80015000 0x00000001
core   0: 0x800138bc (0xff9ff06f) j       pc - 0x8
core   0: 3 0x800138bc (0xff9ff06f)
core   0: 0x800138b4 (0x00001f17) auipc   t5, 0x1
core   0: 3 0x800138b4 (0x00001f17) x30 0x800148b4
core   0: 0x800138b8 (0x743f2623) sw      gp, 1868(t5)
core   0: 3 0x800138b8 (0x743f2623) mem 0x80015000 0x00000001
core   0: 0x800138bc (0xff9ff06f) j       pc - 0x8
core   0: 3 0x800138bc (0xff9ff06f)
core   0: 0x800138b4 (0x00001f17) auipc   t5, 0x1
core   0: 3 0x800138b4 (0x00001f17) x30 0x800148b4
core   0: 0x800138b8 (0x743f2623) sw      gp, 1868(t5)
core   0: 3 0x800138b8 (0x743f2623) mem 0x80015000 0x00000001
core   0: 0x800138bc (0xff9ff06f) j       pc - 0x8
core   0: 3 0x800138bc (0xff9ff06f)
core   0: 0x800138b4 (0x00001f17) auipc   t5, 0x1
core   0: 3 0x800138b4 (0x00001f17) x30 0x800148b4
core   0: 0x800138b8 (0x743f2623) sw      gp, 1868(t5)
core   0: 3 0x800138b8 (0x743f2623) mem 0x80015000 0x00000001
core   0: 0x800138bc (0xff9ff06f) j       pc - 0x8
core   0: 3 0x800138bc (0xff9ff06f)
core   0: 0x800138b4 (0x00001f17) auipc   t5, 0x1
core   0: 3 0x800138b4 (0x00001f17) x30 0x800148b4
core   0: 0x800138b8 (0x743f2623) sw      gp, 1868(t5)
core   0: 3 0x800138b8 (0x743f2623) mem 0x80015000 0x00000001
core   0: 0x800138bc (0xff9ff06f) j       pc - 0x8
core   0: 3 0x800138bc (0xff9ff06f)
core   0: 0x800138b4 (0x00001f17) auipc   t5, 0x1
core   0: 3 0x800138b4 (0x00001f17) x30 0x800148b4
core   0: 0x800138b8 (0x743f2623) sw      gp, 1868(t5)
core   0: 3 0x800138b8 (0x743f2623) mem 0x80015000 0x00000001
core   0: 0x800138bc (0xff9ff06f) j       pc - 0x8
core   0: 3 0x800138bc (0xff9ff06f)
core   0: 0x800138b4 (0x00001f17) auipc   t5, 0x1
core   0: 3 0x800138b4 (0x00001f17) x30 0x800148b4
core   0: 0x800138b8 (0x743f2623) sw      gp, 1868(t5)
core   0: 3 0x800138b8 (0x743f2623) mem 0x80015000 0x00000001
core   0: 0x800138bc (0xff9ff06f) j       pc - 0x8
core   0: 3 0x800138bc (0xff9ff06f)
core   0: 0x800138b4 (0x00001f17) auipc   t5, 0x1
core   0: 3 0x800138b4 (0x00001f17) x30 0x800148b4
core   0: 0x800138b8 (0x743f2623) sw      gp, 1868(t5)
core   0: 3 0x800138b8 (0x743f2623) mem 0x80015000 0x00000001
core   0: 0x800138bc (0xff9ff06f) j       pc - 0x8
core   0: 3 0x800138bc (0xff9ff06f)
core   0: 0x800138b4 (0x00001f17) auipc   t5, 0x1
core   0: 3 0x800138b4 (0x00001f17) x30 0x800148b4
core   0: 0x800138b8 (0x743f2623) sw      gp, 1868(t5)
core   0: 3 0x800138b8 (0x743f2623) mem 0x80015000 0x00000001
core   0: 0x800138bc (0xff9ff06f) j       pc - 0x8
core   0: 3 0x800138bc (0xff9ff06f)
core   0: 0x800138b4 (0x00001f17) auipc   t5, 0x1
core   0: 3 0x800138b4 (0x00001f17) x30 0x800148b4
core   0: 0x800138b8 (0x743f2623) sw      gp, 1868(t5)
core   0: 3 0x800138b8 (0x743f2623) mem 0x80015000 0x00000001
core   0: 0x800138bc (0xff9ff06f) j       pc - 0x8
core   0: 3 0x800138bc (0xff9ff06f)
core   0: 0x800138b4 (0x00001f17) auipc   t5, 0x1
core   0: 3 0x800138b4 (0x00001f17) x30 0x800148b4
core   0: 0x800138b8 (0x743f2623) sw      gp, 1868(t5)
core   0: 3 0x800138b8 (0x743f2623) mem 0x80015000 0x00000001
core   0: 0x800138bc (0xff9ff06f) j       pc - 0x8
core   0: 3 0x800138bc (0xff9ff06f)
core   0: 0x800138b4 (0x00001f17) auipc   t5, 0x1
core   0: 3 0x800138b4 (0x00001f17) x30 0x800148b4
core   0: 0x800138b8 (0x743f2623) sw      gp, 1868(t5)
core   0: 3 0x800138b8 (0x743f2623) mem 0x80015000 0x00000001
core   0: 0x800138bc (0xff9ff06f) j       pc - 0x8
core   0: 3 0x800138bc (0xff9ff06f)
core   0: 0x800138b4 (0x00001f17) auipc   t5, 0x1
core   0: 3 0x800138b4 (0x00001f17) x30 0x800148b4
core   0: 0x800138b8 (0x743f2623) sw      gp, 1868(t5)
core   0: 3 0x800138b8 (0x743f2623) mem 0x80015000 0x00000001
core   0: 0x800138bc (0xff9ff06f) j       pc - 0x8
core   0: 3 0x800138bc (0xff9ff06f)
core   0: 0x800138b4 (0x00001f17) auipc   t5, 0x1
core   0: 3 0x800138b4 (0x00001f17) x30 0x800148b4
core   0: 0x800138b8 (0x743f2623) sw      gp, 1868(t5)
core   0: 3 0x800138b8 (0x743f2623) mem 0x80015000 0x00000001
core   0: 0x800138bc (0xff9ff06f) j       pc - 0x8
core   0: 3 0x800138bc (0xff9ff06f)
core   0: 0x800138b4 (0x00001f17) auipc   t5, 0x1
core   0: 3 0x800138b4 (0x00001f17) x30 0x800148b4
core   0: 0x800138b8 (0x743f2623) sw      gp, 1868(t5)
core   0: 3 0x800138b8 (0x743f2623) mem 0x80015000 0x00000001
core   0: 0x800138bc (0xff9ff06f) j       pc - 0x8
core   0: 3 0x800138bc (0xff9ff06f)
core   0: 0x800138b4 (0x00001f17) auipc   t5, 0x1
core   0: 3 0x800138b4 (0x00001f17) x30 0x800148b4
core   0: 0x800138b8 (0x743f2623) sw      gp, 1868(t5)
core   0: 3 0x800138b8 (0x743f2623) mem 0x80015000 0x00000001
core   0: 0x800138bc (0xff9ff06f) j       pc - 0x8
core   0: 3 0x800138bc (0xff9ff06f)
core   0: 0x800138b4 (0x00001f17) auipc   t5, 0x1
core   0: 3 0x800138b4 (0x00001f17) x30 0x800148b4
core   0: 0x800138b8 (0x743f2623) sw      gp, 1868(t5)
core   0: 3 0x800138b8 (0x743f2623) mem 0x80015000 0x00000001
core   0: 0x800138bc (0xff9ff06f) j       pc - 0x8
core   0: 3 0x800138bc (0xff9ff06f)
core   0: 0x800138b4 (0x00001f17) auipc   t5, 0x1
core   0: 3 0x800138b4 (0x00001f17) x30 0x800148b4
core   0: 0x800138b8 (0x743f2623) sw      gp, 1868(t5)
core   0: 3 0x800138b8 (0x743f2623) mem 0x80015000 0x00000001
core   0: 0x800138bc (0xff9ff06f) j       pc - 0x8
core   0: 3 0x800138bc (0xff9ff06f)
core   0: 0x800138b4 (0x00001f17) auipc   t5, 0x1
core   0: 3 0x800138b4 (0x00001f17) x30 0x800148b4
core   0: 0x800138b8 (0x743f2623) sw      gp, 1868(t5)
core   0: 3 0x800138b8 (0x743f2623) mem 0x80015000 0x00000001
core   0: 0x800138bc (0xff9ff06f) j       pc - 0x8
core   0: 3 0x800138bc (0xff9ff06f)
core   0: 0x800138b4 (0x00001f17) auipc   t5, 0x1
core   0: 3 0x800138b4 (0x00001f17) x30 0x800148b4
core   0: 0x800138b8 (0x743f2623) sw      gp, 1868(t5)
core   0: 3 0x800138b8 (0x743f2623) mem 0x80015000 0x00000001
core   0: 0x800138bc (0xff9ff06f) j       pc - 0x8
core   0: 3 0x800138bc (0xff9ff06f)
core   0: 0x800138b4 (0x00001f17) auipc   t5, 0x1
core   0: 3 0x800138b4 (0x00001f17) x30 0x800148b4
core   0: 0x800138b8 (0x743f2623) sw      gp, 1868(t5)
core   0: 3 0x800138b8 (0x743f2623) mem 0x80015000 0x00000001
core   0: 0x800138bc (0xff9ff06f) j       pc - 0x8
core   0: 3 0x800138bc (0xff9ff06f)
core   0: 0x800138b4 (0x00001f17) auipc   t5, 0x1
core   0: 3 0x800138b4 (0x00001f17) x30 0x800148b4
core   0: 0x800138b8 (0x743f2623) sw      gp, 1868(t5)
core   0: 3 0x800138b8 (0x743f2623) mem 0x80015000 0x00000001
core   0: 0x800138bc (0xff9ff06f) j       pc - 0x8
core   0: 3 0x800138bc (0xff9ff06f)
core   0: 0x800138b4 (0x00001f17) auipc   t5, 0x1
core   0: 3 0x800138b4 (0x00001f17) x30 0x800148b4
core   0: 0x800138b8 (0x743f2623) sw      gp, 1868(t5)
core   0: 3 0x800138b8 (0x743f2623) mem 0x80015000 0x00000001
core   0: 0x800138bc (0xff9ff06f) j       pc - 0x8
core   0: 3 0x800138bc (0xff9ff06f)
core   0: 0x800138b4 (0x00001f17) auipc   t5, 0x1
core   0: 3 0x800138b4 (0x00001f17) x30 0x800148b4
core   0: 0x800138b8 (0x743f2623) sw      gp, 1868(t5)
core   0: 3 0x800138b8 (0x743f2623) mem 0x80015000 0x00000001
core   0: 0x800138bc (0xff9ff06f) j       pc - 0x8
core   0: 3 0x800138bc (0xff9ff06f)
core   0: 0x800138b4 (0x00001f17) auipc   t5, 0x1
core   0: 3 0x800138b4 (0x00001f17) x30 0x800148b4
core   0: 0x800138b8 (0x743f2623) sw      gp, 1868(t5)
core   0: 3 0x800138b8 (0x743f2623) mem 0x80015000 0x00000001
core   0: 0x800138bc (0xff9ff06f) j       pc - 0x8
core   0: 3 0x800138bc (0xff9ff06f)
core   0: 0x800138b4 (0x00001f17) auipc   t5, 0x1
core   0: 3 0x800138b4 (0x00001f17) x30 0x800148b4
core   0: 0x800138b8 (0x743f2623) sw      gp, 1868(t5)
core   0: 3 0x800138b8 (0x743f2623) mem 0x80015000 0x00000001
core   0: 0x800138bc (0xff9ff06f) j       pc - 0x8
core   0: 3 0x800138bc (0xff9ff06f)
core   0: 0x800138b4 (0x00001f17) auipc   t5, 0x1
core   0: 3 0x800138b4 (0x00001f17) x30 0x800148b4
core   0: 0x800138b8 (0x743f2623) sw      gp, 1868(t5)
core   0: 3 0x800138b8 (0x743f2623) mem 0x80015000 0x00000001
core   0: 0x800138bc (0xff9ff06f) j       pc - 0x8
core   0: 3 0x800138bc (0xff9ff06f)
core   0: 0x800138b4 (0x00001f17) auipc   t5, 0x1
core   0: 3 0x800138b4 (0x00001f17) x30 0x800148b4
core   0: 0x800138b8 (0x743f2623) sw      gp, 1868(t5)
core   0: 3 0x800138b8 (0x743f2623) mem 0x80015000 0x00000001
core   0: 0x800138bc (0xff9ff06f) j       pc - 0x8
core   0: 3 0x800138bc (0xff9ff06f)
core   0: 0x800138b4 (0x00001f17) auipc   t5, 0x1
core   0: 3 0x800138b4 (0x00001f17) x30 0x800148b4
core   0: 0x800138b8 (0x743f2623) sw      gp, 1868(t5)
core   0: 3 0x800138b8 (0x743f2623) mem 0x80015000 0x00000001
core   0: 0x800138bc (0xff9ff06f) j       pc - 0x8
core   0: 3 0x800138bc (0xff9ff06f)
core   0: 0x800138b4 (0x00001f17) auipc   t5, 0x1
core   0: 3 0x800138b4 (0x00001f17) x30 0x800148b4
core   0: 0x800138b8 (0x743f2623) sw      gp, 1868(t5)
core   0: 3 0x800138b8 (0x743f2623) mem 0x80015000 0x00000001
core   0: 0x800138bc (0xff9ff06f) j       pc - 0x8
core   0: 3 0x800138bc (0xff9ff06f)
core   0: 0x800138b4 (0x00001f17) auipc   t5, 0x1
core   0: 3 0x800138b4 (0x00001f17) x30 0x800148b4
core   0: 0x800138b8 (0x743f2623) sw      gp, 1868(t5)
core   0: 3 0x800138b8 (0x743f2623) mem 0x80015000 0x00000001
core   0: 0x800138bc (0xff9ff06f) j       pc - 0x8
core   0: 3 0x800138bc (0xff9ff06f)
core   0: 0x800138b4 (0x00001f17) auipc   t5, 0x1
core   0: 3 0x800138b4 (0x00001f17) x30 0x800148b4
core   0: 0x800138b8 (0x743f2623) sw      gp, 1868(t5)
core   0: 3 0x800138b8 (0x743f2623) mem 0x80015000 0x00000001
core   0: 0x800138bc (0xff9ff06f) j       pc - 0x8
core   0: 3 0x800138bc (0xff9ff06f)
core   0: 0x800138b4 (0x00001f17) auipc   t5, 0x1
core   0: 3 0x800138b4 (0x00001f17) x30 0x800148b4
core   0: 0x800138b8 (0x743f2623) sw      gp, 1868(t5)
core   0: 3 0x800138b8 (0x743f2623) mem 0x80015000 0x00000001
core   0: 0x800138bc (0xff9ff06f) j       pc - 0x8
core   0: 3 0x800138bc (0xff9ff06f)
core   0: 0x800138b4 (0x00001f17) auipc   t5, 0x1
core   0: 3 0x800138b4 (0x00001f17) x30 0x800148b4
core   0: 0x800138b8 (0x743f2623) sw      gp, 1868(t5)
core   0: 3 0x800138b8 (0x743f2623) mem 0x80015000 0x00000001
core   0: 0x800138bc (0xff9ff06f) j       pc - 0x8
core   0: 3 0x800138bc (0xff9ff06f)
core   0: 0x800138b4 (0x00001f17) auipc   t5, 0x1
core   0: 3 0x800138b4 (0x00001f17) x30 0x800148b4
core   0: 0x800138b8 (0x743f2623) sw      gp, 1868(t5)
core   0: 3 0x800138b8 (0x743f2623) mem 0x80015000 0x00000001
core   0: 0x800138bc (0xff9ff06f) j       pc - 0x8
core   0: 3 0x800138bc (0xff9ff06f)
core   0: 0x800138b4 (0x00001f17) auipc   t5, 0x1
core   0: 3 0x800138b4 (0x00001f17) x30 0x800148b4
core   0: 0x800138b8 (0x743f2623) sw      gp, 1868(t5)
core   0: 3 0x800138b8 (0x743f2623) mem 0x80015000 0x00000001
core   0: 0x800138bc (0xff9ff06f) j       pc - 0x8
core   0: 3 0x800138bc (0xff9ff06f)
core   0: 0x800138b4 (0x00001f17) auipc   t5, 0x1
core   0: 3 0x800138b4 (0x00001f17) x30 0x800148b4
core   0: 0x800138b8 (0x743f2623) sw      gp, 1868(t5)
core   0: 3 0x800138b8 (0x743f2623) mem 0x80015000 0x00000001
core   0: 0x800138bc (0xff9ff06f) j       pc - 0x8
core   0: 3 0x800138bc (0xff9ff06f)
core   0: 0x800138b4 (0x00001f17) auipc   t5, 0x1
core   0: 3 0x800138b4 (0x00001f17) x30 0x800148b4
core   0: 0x800138b8 (0x743f2623) sw      gp, 1868(t5)
core   0: 3 0x800138b8 (0x743f2623) mem 0x80015000 0x00000001
core   0: 0x800138bc (0xff9ff06f) j       pc - 0x8
core   0: 3 0x800138bc (0xff9ff06f)
core   0: 0x800138b4 (0x00001f17) auipc   t5, 0x1
core   0: 3 0x800138b4 (0x00001f17) x30 0x800148b4
core   0: 0x800138b8 (0x743f2623) sw      gp, 1868(t5)
core   0: 3 0x800138b8 (0x743f2623) mem 0x80015000 0x00000001
core   0: 0x800138bc (0xff9ff06f) j       pc - 0x8
core   0: 3 0x800138bc (0xff9ff06f)
core   0: 0x800138b4 (0x00001f17) auipc   t5, 0x1
core   0: 3 0x800138b4 (0x00001f17) x30 0x800148b4
core   0: 0x800138b8 (0x743f2623) sw      gp, 1868(t5)
core   0: 3 0x800138b8 (0x743f2623) mem 0x80015000 0x00000001
core   0: 0x800138bc (0xff9ff06f) j       pc - 0x8
core   0: 3 0x800138bc (0xff9ff06f)
core   0: 0x800138b4 (0x00001f17) auipc   t5, 0x1
core   0: 3 0x800138b4 (0x00001f17) x30 0x800148b4
core   0: 0x800138b8 (0x743f2623) sw      gp, 1868(t5)
core   0: 3 0x800138b8 (0x743f2623) mem 0x80015000 0x00000001
core   0: 0x800138bc (0xff9ff06f) j       pc - 0x8
core   0: 3 0x800138bc (0xff9ff06f)
core   0: 0x800138b4 (0x00001f17) auipc   t5, 0x1
core   0: 3 0x800138b4 (0x00001f17) x30 0x800148b4
core   0: 0x800138b8 (0x743f2623) sw      gp, 1868(t5)
core   0: 3 0x800138b8 (0x743f2623) mem 0x80015000 0x00000001
core   0: 0x800138bc (0xff9ff06f) j       pc - 0x8
core   0: 3 0x800138bc (0xff9ff06f)
core   0: 0x800138b4 (0x00001f17) auipc   t5, 0x1
core   0: 3 0x800138b4 (0x00001f17) x30 0x800148b4
core   0: 0x800138b8 (0x743f2623) sw      gp, 1868(t5)
core   0: 3 0x800138b8 (0x743f2623) mem 0x80015000 0x00000001
core   0: 0x800138bc (0xff9ff06f) j       pc - 0x8
core   0: 3 0x800138bc (0xff9ff06f)
core   0: 0x800138b4 (0x00001f17) auipc   t5, 0x1
core   0: 3 0x800138b4 (0x00001f17) x30 0x800148b4
core   0: 0x800138b8 (0x743f2623) sw      gp, 1868(t5)
core   0: 3 0x800138b8 (0x743f2623) mem 0x80015000 0x00000001
core   0: 0x800138bc (0xff9ff06f) j       pc - 0x8
core   0: 3 0x800138bc (0xff9ff06f)
core   0: 0x800138b4 (0x00001f17) auipc   t5, 0x1
core   0: 3 0x800138b4 (0x00001f17) x30 0x800148b4
core   0: 0x800138b8 (0x743f2623) sw      gp, 1868(t5)
core   0: 3 0x800138b8 (0x743f2623) mem 0x80015000 0x00000001
core   0: 0x800138bc (0xff9ff06f) j       pc - 0x8
core   0: 3 0x800138bc (0xff9ff06f)
core   0: 0x800138b4 (0x00001f17) auipc   t5, 0x1
core   0: 3 0x800138b4 (0x00001f17) x30 0x800148b4
core   0: 0x800138b8 (0x743f2623) sw      gp, 1868(t5)
core   0: 3 0x800138b8 (0x743f2623) mem 0x80015000 0x00000001
core   0: 0x800138bc (0xff9ff06f) j       pc - 0x8
core   0: 3 0x800138bc (0xff9ff06f)
core   0: 0x800138b4 (0x00001f17) auipc   t5, 0x1
core   0: 3 0x800138b4 (0x00001f17) x30 0x800148b4
core   0: 0x800138b8 (0x743f2623) sw      gp, 1868(t5)
core   0: 3 0x800138b8 (0x743f2623) mem 0x80015000 0x00000001
core   0: 0x800138bc (0xff9ff06f) j       pc - 0x8
core   0: 3 0x800138bc (0xff9ff06f)
core   0: 0x800138b4 (0x00001f17) auipc   t5, 0x1
core   0: 3 0x800138b4 (0x00001f17) x30 0x800148b4
core   0: 0x800138b8 (0x743f2623) sw      gp, 1868(t5)
core   0: 3 0x800138b8 (0x743f2623) mem 0x80015000 0x00000001
core   0: 0x800138bc (0xff9ff06f) j       pc - 0x8
core   0: 3 0x800138bc (0xff9ff06f)
core   0: 0x800138b4 (0x00001f17) auipc   t5, 0x1
core   0: 3 0x800138b4 (0x00001f17) x30 0x800148b4
core   0: 0x800138b8 (0x743f2623) sw      gp, 1868(t5)
core   0: 3 0x800138b8 (0x743f2623) mem 0x80015000 0x00000001
core   0: 0x800138bc (0xff9ff06f) j       pc - 0x8
core   0: 3 0x800138bc (0xff9ff06f)
core   0: 0x800138b4 (0x00001f17) auipc   t5, 0x1
core   0: 3 0x800138b4 (0x00001f17) x30 0x800148b4
core   0: 0x800138b8 (0x743f2623) sw      gp, 1868(t5)
core   0: 3 0x800138b8 (0x743f2623) mem 0x80015000 0x00000001
core   0: 0x800138bc (0xff9ff06f) j       pc - 0x8
core   0: 3 0x800138bc (0xff9ff06f)
core   0: 0x800138b4 (0x00001f17) auipc   t5, 0x1
core   0: 3 0x800138b4 (0x00001f17) x30 0x800148b4
core   0: 0x800138b8 (0x743f2623) sw      gp, 1868(t5)
core   0: 3 0x800138b8 (0x743f2623) mem 0x80015000 0x00000001
core   0: 0x800138bc (0xff9ff06f) j       pc - 0x8
core   0: 3 0x800138bc (0xff9ff06f)
core   0: 0x800138b4 (0x00001f17) auipc   t5, 0x1
core   0: 3 0x800138b4 (0x00001f17) x30 0x800148b4
core   0: 0x800138b8 (0x743f2623) sw      gp, 1868(t5)
core   0: 3 0x800138b8 (0x743f2623) mem 0x80015000 0x00000001
core   0: 0x800138bc (0xff9ff06f) j       pc - 0x8
core   0: 3 0x800138bc (0xff9ff06f)
core   0: 0x800138b4 (0x00001f17) auipc   t5, 0x1
core   0: 3 0x800138b4 (0x00001f17) x30 0x800148b4
core   0: 0x800138b8 (0x743f2623) sw      gp, 1868(t5)
core   0: 3 0x800138b8 (0x743f2623) mem 0x80015000 0x00000001
core   0: 0x800138bc (0xff9ff06f) j       pc - 0x8
core   0: 3 0x800138bc (0xff9ff06f)
core   0: 0x800138b4 (0x00001f17) auipc   t5, 0x1
core   0: 3 0x800138b4 (0x00001f17) x30 0x800148b4
core   0: 0x800138b8 (0x743f2623) sw      gp, 1868(t5)
core   0: 3 0x800138b8 (0x743f2623) mem 0x80015000 0x00000001
core   0: 0x800138bc (0xff9ff06f) j       pc - 0x8
core   0: 3 0x800138bc (0xff9ff06f)
core   0: 0x800138b4 (0x00001f17) auipc   t5, 0x1
core   0: 3 0x800138b4 (0x00001f17) x30 0x800148b4
core   0: 0x800138b8 (0x743f2623) sw      gp, 1868(t5)
core   0: 3 0x800138b8 (0x743f2623) mem 0x80015000 0x00000001
core   0: 0x800138bc (0xff9ff06f) j       pc - 0x8
core   0: 3 0x800138bc (0xff9ff06f)
core   0: 0x800138b4 (0x00001f17) auipc   t5, 0x1
core   0: 3 0x800138b4 (0x00001f17) x30 0x800148b4
core   0: 0x800138b8 (0x743f2623) sw      gp, 1868(t5)
core   0: 3 0x800138b8 (0x743f2623) mem 0x80015000 0x00000001
core   0: 0x800138bc (0xff9ff06f) j       pc - 0x8
core   0: 3 0x800138bc (0xff9ff06f)
core   0: 0x800138b4 (0x00001f17) auipc   t5, 0x1
core   0: 3 0x800138b4 (0x00001f17) x30 0x800148b4
core   0: 0x800138b8 (0x743f2623) sw      gp, 1868(t5)
core   0: 3 0x800138b8 (0x743f2623) mem 0x80015000 0x00000001
core   0: 0x800138bc (0xff9ff06f) j       pc - 0x8
core   0: 3 0x800138bc (0xff9ff06f)
core   0: 0x800138b4 (0x00001f17) auipc   t5, 0x1
core   0: 3 0x800138b4 (0x00001f17) x30 0x800148b4
core   0: 0x800138b8 (0x743f2623) sw      gp, 1868(t5)
core   0: 3 0x800138b8 (0x743f2623) mem 0x80015000 0x00000001
core   0: 0x800138bc (0xff9ff06f) j       pc - 0x8
core   0: 3 0x800138bc (0xff9ff06f)
core   0: 0x800138b4 (0x00001f17) auipc   t5, 0x1
core   0: 3 0x800138b4 (0x00001f17) x30 0x800148b4
core   0: 0x800138b8 (0x743f2623) sw      gp, 1868(t5)
core   0: 3 0x800138b8 (0x743f2623) mem 0x80015000 0x00000001
core   0: 0x800138bc (0xff9ff06f) j       pc - 0x8
core   0: 3 0x800138bc (0xff9ff06f)
core   0: 0x800138b4 (0x00001f17) auipc   t5, 0x1
core   0: 3 0x800138b4 (0x00001f17) x30 0x800148b4
core   0: 0x800138b8 (0x743f2623) sw      gp, 1868(t5)
core   0: 3 0x800138b8 (0x743f2623) mem 0x80015000 0x00000001
core   0: 0x800138bc (0xff9ff06f) j       pc - 0x8
core   0: 3 0x800138bc (0xff9ff06f)
core   0: 0x800138b4 (0x00001f17) auipc   t5, 0x1
core   0: 3 0x800138b4 (0x00001f17) x30 0x800148b4
core   0: 0x800138b8 (0x743f2623) sw      gp, 1868(t5)
core   0: 3 0x800138b8 (0x743f2623) mem 0x80015000 0x00000001
core   0: 0x800138bc (0xff9ff06f) j       pc - 0x8
core   0: 3 0x800138bc (0xff9ff06f)
core   0: 0x800138b4 (0x00001f17) auipc   t5, 0x1
core   0: 3 0x800138b4 (0x00001f17) x30 0x800148b4
core   0: 0x800138b8 (0x743f2623) sw      gp, 1868(t5)
core   0: 3 0x800138b8 (0x743f2623) mem 0x80015000 0x00000001
core   0: 0x800138bc (0xff9ff06f) j       pc - 0x8
core   0: 3 0x800138bc (0xff9ff06f)
core   0: 0x800138b4 (0x00001f17) auipc   t5, 0x1
core   0: 3 0x800138b4 (0x00001f17) x30 0x800148b4
core   0: 0x800138b8 (0x743f2623) sw      gp, 1868(t5)
core   0: 3 0x800138b8 (0x743f2623) mem 0x80015000 0x00000001
core   0: 0x800138bc (0xff9ff06f) j       pc - 0x8
core   0: 3 0x800138bc (0xff9ff06f)
core   0: 0x800138b4 (0x00001f17) auipc   t5, 0x1
core   0: 3 0x800138b4 (0x00001f17) x30 0x800148b4
core   0: 0x800138b8 (0x743f2623) sw      gp, 1868(t5)
core   0: 3 0x800138b8 (0x743f2623) mem 0x80015000 0x00000001
core   0: 0x800138bc (0xff9ff06f) j       pc - 0x8
core   0: 3 0x800138bc (0xff9ff06f)
core   0: 0x800138b4 (0x00001f17) auipc   t5, 0x1
core   0: 3 0x800138b4 (0x00001f17) x30 0x800148b4
core   0: 0x800138b8 (0x743f2623) sw      gp, 1868(t5)
core   0: 3 0x800138b8 (0x743f2623) mem 0x80015000 0x00000001
core   0: 0x800138bc (0xff9ff06f) j       pc - 0x8
core   0: 3 0x800138bc (0xff9ff06f)
core   0: 0x800138b4 (0x00001f17) auipc   t5, 0x1
core   0: 3 0x800138b4 (0x00001f17) x30 0x800148b4
core   0: 0x800138b8 (0x743f2623) sw      gp, 1868(t5)
core   0: 3 0x800138b8 (0x743f2623) mem 0x80015000 0x00000001
core   0: 0x800138bc (0xff9ff06f) j       pc - 0x8
core   0: 3 0x800138bc (0xff9ff06f)
core   0: 0x800138b4 (0x00001f17) auipc   t5, 0x1
core   0: 3 0x800138b4 (0x00001f17) x30 0x800148b4
core   0: 0x800138b8 (0x743f2623) sw      gp, 1868(t5)
core   0: 3 0x800138b8 (0x743f2623) mem 0x80015000 0x00000001
core   0: 0x800138bc (0xff9ff06f) j       pc - 0x8
core   0: 3 0x800138bc (0xff9ff06f)
core   0: 0x800138b4 (0x00001f17) auipc   t5, 0x1
core   0: 3 0x800138b4 (0x00001f17) x30 0x800148b4
core   0: 0x800138b8 (0x743f2623) sw      gp, 1868(t5)
core   0: 3 0x800138b8 (0x743f2623) mem 0x80015000 0x00000001
core   0: 0x800138bc (0xff9ff06f) j       pc - 0x8
core   0: 3 0x800138bc (0xff9ff06f)
core   0: 0x800138b4 (0x00001f17) auipc   t5, 0x1
core   0: 3 0x800138b4 (0x00001f17) x30 0x800148b4
core   0: 0x800138b8 (0x743f2623) sw      gp, 1868(t5)
core   0: 3 0x800138b8 (0x743f2623) mem 0x80015000 0x00000001
core   0: 0x800138bc (0xff9ff06f) j       pc - 0x8
core   0: 3 0x800138bc (0xff9ff06f)
core   0: 0x800138b4 (0x00001f17) auipc   t5, 0x1
core   0: 3 0x800138b4 (0x00001f17) x30 0x800148b4
core   0: 0x800138b8 (0x743f2623) sw      gp, 1868(t5)
core   0: 3 0x800138b8 (0x743f2623) mem 0x80015000 0x00000001
core   0: 0x800138bc (0xff9ff06f) j       pc - 0x8
core   0: 3 0x800138bc (0xff9ff06f)
core   0: 0x800138b4 (0x00001f17) auipc   t5, 0x1
core   0: 3 0x800138b4 (0x00001f17) x30 0x800148b4
core   0: 0x800138b8 (0x743f2623) sw      gp, 1868(t5)
core   0: 3 0x800138b8 (0x743f2623) mem 0x80015000 0x00000001
core   0: 0x800138bc (0xff9ff06f) j       pc - 0x8
core   0: 3 0x800138bc (0xff9ff06f)
core   0: 0x800138b4 (0x00001f17) auipc   t5, 0x1
core   0: 3 0x800138b4 (0x00001f17) x30 0x800148b4
core   0: 0x800138b8 (0x743f2623) sw      gp, 1868(t5)
core   0: 3 0x800138b8 (0x743f2623) mem 0x80015000 0x00000001
core   0: 0x800138bc (0xff9ff06f) j       pc - 0x8
core   0: 3 0x800138bc (0xff9ff06f)
core   0: 0x800138b4 (0x00001f17) auipc   t5, 0x1
core   0: 3 0x800138b4 (0x00001f17) x30 0x800148b4
core   0: 0x800138b8 (0x743f2623) sw      gp, 1868(t5)
core   0: 3 0x800138b8 (0x743f2623) mem 0x80015000 0x00000001
core   0: 0x800138bc (0xff9ff06f) j       pc - 0x8
core   0: 3 0x800138bc (0xff9ff06f)
core   0: 0x800138b4 (0x00001f17) auipc   t5, 0x1
core   0: 3 0x800138b4 (0x00001f17) x30 0x800148b4
core   0: 0x800138b8 (0x743f2623) sw      gp, 1868(t5)
core   0: 3 0x800138b8 (0x743f2623) mem 0x80015000 0x00000001
core   0: 0x800138bc (0xff9ff06f) j       pc - 0x8
core   0: 3 0x800138bc (0xff9ff06f)
core   0: 0x800138b4 (0x00001f17) auipc   t5, 0x1
core   0: 3 0x800138b4 (0x00001f17) x30 0x800148b4
core   0: 0x800138b8 (0x743f2623) sw      gp, 1868(t5)
core   0: 3 0x800138b8 (0x743f2623) mem 0x80015000 0x00000001
core   0: 0x800138bc (0xff9ff06f) j       pc - 0x8
core   0: 3 0x800138bc (0xff9ff06f)
core   0: 0x800138b4 (0x00001f17) auipc   t5, 0x1
core   0: 3 0x800138b4 (0x00001f17) x30 0x800148b4
core   0: 0x800138b8 (0x743f2623) sw      gp, 1868(t5)
core   0: 3 0x800138b8 (0x743f2623) mem 0x80015000 0x00000001
core   0: 0x800138bc (0xff9ff06f) j       pc - 0x8
core   0: 3 0x800138bc (0xff9ff06f)
core   0: 0x800138b4 (0x00001f17) auipc   t5, 0x1
core   0: 3 0x800138b4 (0x00001f17) x30 0x800148b4
core   0: 0x800138b8 (0x743f2623) sw      gp, 1868(t5)
core   0: 3 0x800138b8 (0x743f2623) mem 0x80015000 0x00000001
core   0: 0x800138bc (0xff9ff06f) j       pc - 0x8
core   0: 3 0x800138bc (0xff9ff06f)
core   0: 0x800138b4 (0x00001f17) auipc   t5, 0x1
core   0: 3 0x800138b4 (0x00001f17) x30 0x800148b4
core   0: 0x800138b8 (0x743f2623) sw      gp, 1868(t5)
core   0: 3 0x800138b8 (0x743f2623) mem 0x80015000 0x00000001
core   0: 0x800138bc (0xff9ff06f) j       pc - 0x8
core   0: 3 0x800138bc (0xff9ff06f)
core   0: 0x800138b4 (0x00001f17) auipc   t5, 0x1
core   0: 3 0x800138b4 (0x00001f17) x30 0x800148b4
core   0: 0x800138b8 (0x743f2623) sw      gp, 1868(t5)
core   0: 3 0x800138b8 (0x743f2623) mem 0x80015000 0x00000001
core   0: 0x800138bc (0xff9ff06f) j       pc - 0x8
core   0: 3 0x800138bc (0xff9ff06f)
core   0: 0x800138b4 (0x00001f17) auipc   t5, 0x1
core   0: 3 0x800138b4 (0x00001f17) x30 0x800148b4
core   0: 0x800138b8 (0x743f2623) sw      gp, 1868(t5)
core   0: 3 0x800138b8 (0x743f2623) mem 0x80015000 0x00000001
core   0: 0x800138bc (0xff9ff06f) j       pc - 0x8
core   0: 3 0x800138bc (0xff9ff06f)
core   0: 0x800138b4 (0x00001f17) auipc   t5, 0x1
core   0: 3 0x800138b4 (0x00001f17) x30 0x800148b4
core   0: 0x800138b8 (0x743f2623) sw      gp, 1868(t5)
core   0: 3 0x800138b8 (0x743f2623) mem 0x80015000 0x00000001
core   0: 0x800138bc (0xff9ff06f) j       pc - 0x8
core   0: 3 0x800138bc (0xff9ff06f)
core   0: 0x800138b4 (0x00001f17) auipc   t5, 0x1
core   0: 3 0x800138b4 (0x00001f17) x30 0x800148b4
core   0: 0x800138b8 (0x743f2623) sw      gp, 1868(t5)
core   0: 3 0x800138b8 (0x743f2623) mem 0x80015000 0x00000001
core   0: 0x800138bc (0xff9ff06f) j       pc - 0x8
core   0: 3 0x800138bc (0xff9ff06f)
core   0: 0x800138b4 (0x00001f17) auipc   t5, 0x1
core   0: 3 0x800138b4 (0x00001f17) x30 0x800148b4
core   0: 0x800138b8 (0x743f2623) sw      gp, 1868(t5)
core   0: 3 0x800138b8 (0x743f2623) mem 0x80015000 0x00000001
core   0: 0x800138bc (0xff9ff06f) j       pc - 0x8
core   0: 3 0x800138bc (0xff9ff06f)
core   0: 0x800138b4 (0x00001f17) auipc   t5, 0x1
core   0: 3 0x800138b4 (0x00001f17) x30 0x800148b4
core   0: 0x800138b8 (0x743f2623) sw      gp, 1868(t5)
core   0: 3 0x800138b8 (0x743f2623) mem 0x80015000 0x00000001
core   0: 0x800138bc (0xff9ff06f) j       pc - 0x8
core   0: 3 0x800138bc (0xff9ff06f)
core   0: 0x800138b4 (0x00001f17) auipc   t5, 0x1
core   0: 3 0x800138b4 (0x00001f17) x30 0x800148b4
core   0: 0x800138b8 (0x743f2623) sw      gp, 1868(t5)
core   0: 3 0x800138b8 (0x743f2623) mem 0x80015000 0x00000001
core   0: 0x800138bc (0xff9ff06f) j       pc - 0x8
core   0: 3 0x800138bc (0xff9ff06f)
core   0: 0x800138b4 (0x00001f17) auipc   t5, 0x1
core   0: 3 0x800138b4 (0x00001f17) x30 0x800148b4
core   0: 0x800138b8 (0x743f2623) sw      gp, 1868(t5)
core   0: 3 0x800138b8 (0x743f2623) mem 0x80015000 0x00000001
core   0: 0x800138bc (0xff9ff06f) j       pc - 0x8
core   0: 3 0x800138bc (0xff9ff06f)
core   0: 0x800138b4 (0x00001f17) auipc   t5, 0x1
core   0: 3 0x800138b4 (0x00001f17) x30 0x800148b4
core   0: 0x800138b8 (0x743f2623) sw      gp, 1868(t5)
core   0: 3 0x800138b8 (0x743f2623) mem 0x80015000 0x00000001
core   0: 0x800138bc (0xff9ff06f) j       pc - 0x8
core   0: 3 0x800138bc (0xff9ff06f)
core   0: 0x800138b4 (0x00001f17) auipc   t5, 0x1
core   0: 3 0x800138b4 (0x00001f17) x30 0x800148b4
core   0: 0x800138b8 (0x743f2623) sw      gp, 1868(t5)
core   0: 3 0x800138b8 (0x743f2623) mem 0x80015000 0x00000001
core   0: 0x800138bc (0xff9ff06f) j       pc - 0x8
core   0: 3 0x800138bc (0xff9ff06f)
core   0: 0x800138b4 (0x00001f17) auipc   t5, 0x1
core   0: 3 0x800138b4 (0x00001f17) x30 0x800148b4
core   0: 0x800138b8 (0x743f2623) sw      gp, 1868(t5)
core   0: 3 0x800138b8 (0x743f2623) mem 0x80015000 0x00000001
core   0: 0x800138bc (0xff9ff06f) j       pc - 0x8
core   0: 3 0x800138bc (0xff9ff06f)
core   0: 0x800138b4 (0x00001f17) auipc   t5, 0x1
core   0: 3 0x800138b4 (0x00001f17) x30 0x800148b4
core   0: 0x800138b8 (0x743f2623) sw      gp, 1868(t5)
core   0: 3 0x800138b8 (0x743f2623) mem 0x80015000 0x00000001
core   0: 0x800138bc (0xff9ff06f) j       pc - 0x8
core   0: 3 0x800138bc (0xff9ff06f)
core   0: 0x800138b4 (0x00001f17) auipc   t5, 0x1
core   0: 3 0x800138b4 (0x00001f17) x30 0x800148b4
core   0: 0x800138b8 (0x743f2623) sw      gp, 1868(t5)
core   0: 3 0x800138b8 (0x743f2623) mem 0x80015000 0x00000001
core   0: 0x800138bc (0xff9ff06f) j       pc - 0x8
core   0: 3 0x800138bc (0xff9ff06f)
core   0: 0x800138b4 (0x00001f17) auipc   t5, 0x1
core   0: 3 0x800138b4 (0x00001f17) x30 0x800148b4
core   0: 0x800138b8 (0x743f2623) sw      gp, 1868(t5)
core   0: 3 0x800138b8 (0x743f2623) mem 0x80015000 0x00000001
core   0: 0x800138bc (0xff9ff06f) j       pc - 0x8
core   0: 3 0x800138bc (0xff9ff06f)
core   0: 0x800138b4 (0x00001f17) auipc   t5, 0x1
core   0: 3 0x800138b4 (0x00001f17) x30 0x800148b4
core   0: 0x800138b8 (0x743f2623) sw      gp, 1868(t5)
core   0: 3 0x800138b8 (0x743f2623) mem 0x80015000 0x00000001
core   0: 0x800138bc (0xff9ff06f) j       pc - 0x8
core   0: 3 0x800138bc (0xff9ff06f)
core   0: 0x800138b4 (0x00001f17) auipc   t5, 0x1
core   0: 3 0x800138b4 (0x00001f17) x30 0x800148b4
core   0: 0x800138b8 (0x743f2623) sw      gp, 1868(t5)
core   0: 3 0x800138b8 (0x743f2623) mem 0x80015000 0x00000001
core   0: 0x800138bc (0xff9ff06f) j       pc - 0x8
core   0: 3 0x800138bc (0xff9ff06f)
core   0: 0x800138b4 (0x00001f17) auipc   t5, 0x1
core   0: 3 0x800138b4 (0x00001f17) x30 0x800148b4
core   0: 0x800138b8 (0x743f2623) sw      gp, 1868(t5)
core   0: 3 0x800138b8 (0x743f2623) mem 0x80015000 0x00000001
core   0: 0x800138bc (0xff9ff06f) j       pc - 0x8
core   0: 3 0x800138bc (0xff9ff06f)
core   0: 0x800138b4 (0x00001f17) auipc   t5, 0x1
core   0: 3 0x800138b4 (0x00001f17) x30 0x800148b4
core   0: 0x800138b8 (0x743f2623) sw      gp, 1868(t5)
core   0: 3 0x800138b8 (0x743f2623) mem 0x80015000 0x00000001
core   0: 0x800138bc (0xff9ff06f) j       pc - 0x8
core   0: 3 0x800138bc (0xff9ff06f)
core   0: 0x800138b4 (0x00001f17) auipc   t5, 0x1
core   0: 3 0x800138b4 (0x00001f17) x30 0x800148b4
core   0: 0x800138b8 (0x743f2623) sw      gp, 1868(t5)
core   0: 3 0x800138b8 (0x743f2623) mem 0x80015000 0x00000001
core   0: 0x800138bc (0xff9ff06f) j       pc - 0x8
core   0: 3 0x800138bc (0xff9ff06f)
core   0: 0x800138b4 (0x00001f17) auipc   t5, 0x1
core   0: 3 0x800138b4 (0x00001f17) x30 0x800148b4
core   0: 0x800138b8 (0x743f2623) sw      gp, 1868(t5)
core   0: 3 0x800138b8 (0x743f2623) mem 0x80015000 0x00000001
core   0: 0x800138bc (0xff9ff06f) j       pc - 0x8
core   0: 3 0x800138bc (0xff9ff06f)
core   0: 0x800138b4 (0x00001f17) auipc   t5, 0x1
core   0: 3 0x800138b4 (0x00001f17) x30 0x800148b4
core   0: 0x800138b8 (0x743f2623) sw      gp, 1868(t5)
core   0: 3 0x800138b8 (0x743f2623) mem 0x80015000 0x00000001
core   0: 0x800138bc (0xff9ff06f) j       pc - 0x8
core   0: 3 0x800138bc (0xff9ff06f)
core   0: 0x800138b4 (0x00001f17) auipc   t5, 0x1
core   0: 3 0x800138b4 (0x00001f17) x30 0x800148b4
core   0: 0x800138b8 (0x743f2623) sw      gp, 1868(t5)
core   0: 3 0x800138b8 (0x743f2623) mem 0x80015000 0x00000001
core   0: 0x800138bc (0xff9ff06f) j       pc - 0x8
core   0: 3 0x800138bc (0xff9ff06f)
core   0: 0x800138b4 (0x00001f17) auipc   t5, 0x1
core   0: 3 0x800138b4 (0x00001f17) x30 0x800148b4
core   0: 0x800138b8 (0x743f2623) sw      gp, 1868(t5)
core   0: 3 0x800138b8 (0x743f2623) mem 0x80015000 0x00000001
core   0: 0x800138bc (0xff9ff06f) j       pc - 0x8
core   0: 3 0x800138bc (0xff9ff06f)
core   0: 0x800138b4 (0x00001f17) auipc   t5, 0x1
core   0: 3 0x800138b4 (0x00001f17) x30 0x800148b4
core   0: 0x800138b8 (0x743f2623) sw      gp, 1868(t5)
core   0: 3 0x800138b8 (0x743f2623) mem 0x80015000 0x00000001
core   0: 0x800138bc (0xff9ff06f) j       pc - 0x8
core   0: 3 0x800138bc (0xff9ff06f)
core   0: 0x800138b4 (0x00001f17) auipc   t5, 0x1
core   0: 3 0x800138b4 (0x00001f17) x30 0x800148b4
core   0: 0x800138b8 (0x743f2623) sw      gp, 1868(t5)
core   0: 3 0x800138b8 (0x743f2623) mem 0x80015000 0x00000001
core   0: 0x800138bc (0xff9ff06f) j       pc - 0x8
core   0: 3 0x800138bc (0xff9ff06f)
core   0: 0x800138b4 (0x00001f17) auipc   t5, 0x1
core   0: 3 0x800138b4 (0x00001f17) x30 0x800148b4
core   0: 0x800138b8 (0x743f2623) sw      gp, 1868(t5)
core   0: 3 0x800138b8 (0x743f2623) mem 0x80015000 0x00000001
core   0: 0x800138bc (0xff9ff06f) j       pc - 0x8
core   0: 3 0x800138bc (0xff9ff06f)
core   0: 0x800138b4 (0x00001f17) auipc   t5, 0x1
core   0: 3 0x800138b4 (0x00001f17) x30 0x800148b4
core   0: 0x800138b8 (0x743f2623) sw      gp, 1868(t5)
core   0: 3 0x800138b8 (0x743f2623) mem 0x80015000 0x00000001
core   0: 0x800138bc (0xff9ff06f) j       pc - 0x8
core   0: 3 0x800138bc (0xff9ff06f)
core   0: 0x800138b4 (0x00001f17) auipc   t5, 0x1
core   0: 3 0x800138b4 (0x00001f17) x30 0x800148b4
core   0: 0x800138b8 (0x743f2623) sw      gp, 1868(t5)
core   0: 3 0x800138b8 (0x743f2623) mem 0x80015000 0x00000001
core   0: 0x800138bc (0xff9ff06f) j       pc - 0x8
core   0: 3 0x800138bc (0xff9ff06f)
core   0: 0x800138b4 (0x00001f17) auipc   t5, 0x1
core   0: 3 0x800138b4 (0x00001f17) x30 0x800148b4
core   0: 0x800138b8 (0x743f2623) sw      gp, 1868(t5)
core   0: 3 0x800138b8 (0x743f2623) mem 0x80015000 0x00000001
core   0: 0x800138bc (0xff9ff06f) j       pc - 0x8
core   0: 3 0x800138bc (0xff9ff06f)
core   0: 0x800138b4 (0x00001f17) auipc   t5, 0x1
core   0: 3 0x800138b4 (0x00001f17) x30 0x800148b4
core   0: 0x800138b8 (0x743f2623) sw      gp, 1868(t5)
core   0: 3 0x800138b8 (0x743f2623) mem 0x80015000 0x00000001
core   0: 0x800138bc (0xff9ff06f) j       pc - 0x8
core   0: 3 0x800138bc (0xff9ff06f)
core   0: 0x800138b4 (0x00001f17) auipc   t5, 0x1
core   0: 3 0x800138b4 (0x00001f17) x30 0x800148b4
core   0: 0x800138b8 (0x743f2623) sw      gp, 1868(t5)
core   0: 3 0x800138b8 (0x743f2623) mem 0x80015000 0x00000001
core   0: 0x800138bc (0xff9ff06f) j       pc - 0x8
core   0: 3 0x800138bc (0xff9ff06f)
core   0: 0x800138b4 (0x00001f17) auipc   t5, 0x1
core   0: 3 0x800138b4 (0x00001f17) x30 0x800148b4
core   0: 0x800138b8 (0x743f2623) sw      gp, 1868(t5)
core   0: 3 0x800138b8 (0x743f2623) mem 0x80015000 0x00000001
core   0: 0x800138bc (0xff9ff06f) j       pc - 0x8
core   0: 3 0x800138bc (0xff9ff06f)
core   0: 0x800138b4 (0x00001f17) auipc   t5, 0x1
core   0: 3 0x800138b4 (0x00001f17) x30 0x800148b4
core   0: 0x800138b8 (0x743f2623) sw      gp, 1868(t5)
core   0: 3 0x800138b8 (0x743f2623) mem 0x80015000 0x00000001
core   0: 0x800138bc (0xff9ff06f) j       pc - 0x8
core   0: 3 0x800138bc (0xff9ff06f)
core   0: 0x800138b4 (0x00001f17) auipc   t5, 0x1
core   0: 3 0x800138b4 (0x00001f17) x30 0x800148b4
core   0: 0x800138b8 (0x743f2623) sw      gp, 1868(t5)
core   0: 3 0x800138b8 (0x743f2623) mem 0x80015000 0x00000001
core   0: 0x800138bc (0xff9ff06f) j       pc - 0x8
core   0: 3 0x800138bc (0xff9ff06f)
core   0: 0x800138b4 (0x00001f17) auipc   t5, 0x1
core   0: 3 0x800138b4 (0x00001f17) x30 0x800148b4
core   0: 0x800138b8 (0x743f2623) sw      gp, 1868(t5)
core   0: 3 0x800138b8 (0x743f2623) mem 0x80015000 0x00000001
core   0: 0x800138bc (0xff9ff06f) j       pc - 0x8
core   0: 3 0x800138bc (0xff9ff06f)
core   0: 0x800138b4 (0x00001f17) auipc   t5, 0x1
core   0: 3 0x800138b4 (0x00001f17) x30 0x800148b4
core   0: 0x800138b8 (0x743f2623) sw      gp, 1868(t5)
core   0: 3 0x800138b8 (0x743f2623) mem 0x80015000 0x00000001
core   0: 0x800138bc (0xff9ff06f) j       pc - 0x8
core   0: 3 0x800138bc (0xff9ff06f)
core   0: 0x800138b4 (0x00001f17) auipc   t5, 0x1
core   0: 3 0x800138b4 (0x00001f17) x30 0x800148b4
core   0: 0x800138b8 (0x743f2623) sw      gp, 1868(t5)
core   0: 3 0x800138b8 (0x743f2623) mem 0x80015000 0x00000001
core   0: 0x800138bc (0xff9ff06f) j       pc - 0x8
core   0: 3 0x800138bc (0xff9ff06f)
core   0: 0x800138b4 (0x00001f17) auipc   t5, 0x1
core   0: 3 0x800138b4 (0x00001f17) x30 0x800148b4
core   0: 0x800138b8 (0x743f2623) sw      gp, 1868(t5)
core   0: 3 0x800138b8 (0x743f2623) mem 0x80015000 0x00000001
core   0: 0x800138bc (0xff9ff06f) j       pc - 0x8
core   0: 3 0x800138bc (0xff9ff06f)
core   0: 0x800138b4 (0x00001f17) auipc   t5, 0x1
core   0: 3 0x800138b4 (0x00001f17) x30 0x800148b4
core   0: 0x800138b8 (0x743f2623) sw      gp, 1868(t5)
core   0: 3 0x800138b8 (0x743f2623) mem 0x80015000 0x00000001
core   0: 0x800138bc (0xff9ff06f) j       pc - 0x8
core   0: 3 0x800138bc (0xff9ff06f)
core   0: 0x800138b4 (0x00001f17) auipc   t5, 0x1
core   0: 3 0x800138b4 (0x00001f17) x30 0x800148b4
core   0: 0x800138b8 (0x743f2623) sw      gp, 1868(t5)
core   0: 3 0x800138b8 (0x743f2623) mem 0x80015000 0x00000001
core   0: 0x800138bc (0xff9ff06f) j       pc - 0x8
core   0: 3 0x800138bc (0xff9ff06f)
core   0: 0x800138b4 (0x00001f17) auipc   t5, 0x1
core   0: 3 0x800138b4 (0x00001f17) x30 0x800148b4
core   0: 0x800138b8 (0x743f2623) sw      gp, 1868(t5)
core   0: 3 0x800138b8 (0x743f2623) mem 0x80015000 0x00000001
core   0: 0x800138bc (0xff9ff06f) j       pc - 0x8
core   0: 3 0x800138bc (0xff9ff06f)
core   0: 0x800138b4 (0x00001f17) auipc   t5, 0x1
core   0: 3 0x800138b4 (0x00001f17) x30 0x800148b4
core   0: 0x800138b8 (0x743f2623) sw      gp, 1868(t5)
core   0: 3 0x800138b8 (0x743f2623) mem 0x80015000 0x00000001
core   0: 0x800138bc (0xff9ff06f) j       pc - 0x8
core   0: 3 0x800138bc (0xff9ff06f)
core   0: 0x800138b4 (0x00001f17) auipc   t5, 0x1
core   0: 3 0x800138b4 (0x00001f17) x30 0x800148b4
core   0: 0x800138b8 (0x743f2623) sw      gp, 1868(t5)
core   0: 3 0x800138b8 (0x743f2623) mem 0x80015000 0x00000001
core   0: 0x800138bc (0xff9ff06f) j       pc - 0x8
core   0: 3 0x800138bc (0xff9ff06f)
core   0: 0x800138b4 (0x00001f17) auipc   t5, 0x1
core   0: 3 0x800138b4 (0x00001f17) x30 0x800148b4
core   0: 0x800138b8 (0x743f2623) sw      gp, 1868(t5)
core   0: 3 0x800138b8 (0x743f2623) mem 0x80015000 0x00000001
core   0: 0x800138bc (0xff9ff06f) j       pc - 0x8
core   0: 3 0x800138bc (0xff9ff06f)
core   0: 0x800138b4 (0x00001f17) auipc   t5, 0x1
core   0: 3 0x800138b4 (0x00001f17) x30 0x800148b4
core   0: 0x800138b8 (0x743f2623) sw      gp, 1868(t5)
core   0: 3 0x800138b8 (0x743f2623) mem 0x80015000 0x00000001
core   0: 0x800138bc (0xff9ff06f) j       pc - 0x8
core   0: 3 0x800138bc (0xff9ff06f)
core   0: 0x800138b4 (0x00001f17) auipc   t5, 0x1
core   0: 3 0x800138b4 (0x00001f17) x30 0x800148b4
core   0: 0x800138b8 (0x743f2623) sw      gp, 1868(t5)
core   0: 3 0x800138b8 (0x743f2623) mem 0x80015000 0x00000001
core   0: 0x800138bc (0xff9ff06f) j       pc - 0x8
core   0: 3 0x800138bc (0xff9ff06f)
core   0: 0x800138b4 (0x00001f17) auipc   t5, 0x1
core   0: 3 0x800138b4 (0x00001f17) x30 0x800148b4
core   0: 0x800138b8 (0x743f2623) sw      gp, 1868(t5)
core   0: 3 0x800138b8 (0x743f2623) mem 0x80015000 0x00000001
core   0: 0x800138bc (0xff9ff06f) j       pc - 0x8
core   0: 3 0x800138bc (0xff9ff06f)
core   0: 0x800138b4 (0x00001f17) auipc   t5, 0x1
core   0: 3 0x800138b4 (0x00001f17) x30 0x800148b4
core   0: 0x800138b8 (0x743f2623) sw      gp, 1868(t5)
core   0: 3 0x800138b8 (0x743f2623) mem 0x80015000 0x00000001
core   0: 0x800138bc (0xff9ff06f) j       pc - 0x8
core   0: 3 0x800138bc (0xff9ff06f)
core   0: 0x800138b4 (0x00001f17) auipc   t5, 0x1
core   0: 3 0x800138b4 (0x00001f17) x30 0x800148b4
core   0: 0x800138b8 (0x743f2623) sw      gp, 1868(t5)
core   0: 3 0x800138b8 (0x743f2623) mem 0x80015000 0x00000001
core   0: 0x800138bc (0xff9ff06f) j       pc - 0x8
core   0: 3 0x800138bc (0xff9ff06f)
core   0: 0x800138b4 (0x00001f17) auipc   t5, 0x1
core   0: 3 0x800138b4 (0x00001f17) x30 0x800148b4
core   0: 0x800138b8 (0x743f2623) sw      gp, 1868(t5)
core   0: 3 0x800138b8 (0x743f2623) mem 0x80015000 0x00000001
core   0: 0x800138bc (0xff9ff06f) j       pc - 0x8
core   0: 3 0x800138bc (0xff9ff06f)
core   0: 0x800138b4 (0x00001f17) auipc   t5, 0x1
core   0: 3 0x800138b4 (0x00001f17) x30 0x800148b4
core   0: 0x800138b8 (0x743f2623) sw      gp, 1868(t5)
core   0: 3 0x800138b8 (0x743f2623) mem 0x80015000 0x00000001
core   0: 0x800138bc (0xff9ff06f) j       pc - 0x8
core   0: 3 0x800138bc (0xff9ff06f)
core   0: 0x800138b4 (0x00001f17) auipc   t5, 0x1
core   0: 3 0x800138b4 (0x00001f17) x30 0x800148b4
core   0: 0x800138b8 (0x743f2623) sw      gp, 1868(t5)
core   0: 3 0x800138b8 (0x743f2623) mem 0x80015000 0x00000001
core   0: 0x800138bc (0xff9ff06f) j       pc - 0x8
core   0: 3 0x800138bc (0xff9ff06f)
core   0: 0x800138b4 (0x00001f17) auipc   t5, 0x1
core   0: 3 0x800138b4 (0x00001f17) x30 0x800148b4
core   0: 0x800138b8 (0x743f2623) sw      gp, 1868(t5)
core   0: 3 0x800138b8 (0x743f2623) mem 0x80015000 0x00000001
core   0: 0x800138bc (0xff9ff06f) j       pc - 0x8
core   0: 3 0x800138bc (0xff9ff06f)
core   0: 0x800138b4 (0x00001f17) auipc   t5, 0x1
core   0: 3 0x800138b4 (0x00001f17) x30 0x800148b4
core   0: 0x800138b8 (0x743f2623) sw      gp, 1868(t5)
core   0: 3 0x800138b8 (0x743f2623) mem 0x80015000 0x00000001
core   0: 0x800138bc (0xff9ff06f) j       pc - 0x8
core   0: 3 0x800138bc (0xff9ff06f)
core   0: 0x800138b4 (0x00001f17) auipc   t5, 0x1
core   0: 3 0x800138b4 (0x00001f17) x30 0x800148b4
core   0: 0x800138b8 (0x743f2623) sw      gp, 1868(t5)
core   0: 3 0x800138b8 (0x743f2623) mem 0x80015000 0x00000001
core   0: 0x800138bc (0xff9ff06f) j       pc - 0x8
core   0: 3 0x800138bc (0xff9ff06f)
core   0: 0x800138b4 (0x00001f17) auipc   t5, 0x1
core   0: 3 0x800138b4 (0x00001f17) x30 0x800148b4
core   0: 0x800138b8 (0x743f2623) sw      gp, 1868(t5)
core   0: 3 0x800138b8 (0x743f2623) mem 0x80015000 0x00000001
core   0: 0x800138bc (0xff9ff06f) j       pc - 0x8
core   0: 3 0x800138bc (0xff9ff06f)
core   0: 0x800138b4 (0x00001f17) auipc   t5, 0x1
core   0: 3 0x800138b4 (0x00001f17) x30 0x800148b4
core   0: 0x800138b8 (0x743f2623) sw      gp, 1868(t5)
core   0: 3 0x800138b8 (0x743f2623) mem 0x80015000 0x00000001
core   0: 0x800138bc (0xff9ff06f) j       pc - 0x8
core   0: 3 0x800138bc (0xff9ff06f)
core   0: 0x800138b4 (0x00001f17) auipc   t5, 0x1
core   0: 3 0x800138b4 (0x00001f17) x30 0x800148b4
core   0: 0x800138b8 (0x743f2623) sw      gp, 1868(t5)
core   0: 3 0x800138b8 (0x743f2623) mem 0x80015000 0x00000001
core   0: 0x800138bc (0xff9ff06f) j       pc - 0x8
core   0: 3 0x800138bc (0xff9ff06f)
core   0: 0x800138b4 (0x00001f17) auipc   t5, 0x1
core   0: 3 0x800138b4 (0x00001f17) x30 0x800148b4
core   0: 0x800138b8 (0x743f2623) sw      gp, 1868(t5)
core   0: 3 0x800138b8 (0x743f2623) mem 0x80015000 0x00000001
core   0: 0x800138bc (0xff9ff06f) j       pc - 0x8
core   0: 3 0x800138bc (0xff9ff06f)
core   0: 0x800138b4 (0x00001f17) auipc   t5, 0x1
core   0: 3 0x800138b4 (0x00001f17) x30 0x800148b4
core   0: 0x800138b8 (0x743f2623) sw      gp, 1868(t5)
core   0: 3 0x800138b8 (0x743f2623) mem 0x80015000 0x00000001
core   0: 0x800138bc (0xff9ff06f) j       pc - 0x8
core   0: 3 0x800138bc (0xff9ff06f)
core   0: 0x800138b4 (0x00001f17) auipc   t5, 0x1
core   0: 3 0x800138b4 (0x00001f17) x30 0x800148b4
core   0: 0x800138b8 (0x743f2623) sw      gp, 1868(t5)
core   0: 3 0x800138b8 (0x743f2623) mem 0x80015000 0x00000001
core   0: 0x800138bc (0xff9ff06f) j       pc - 0x8
core   0: 3 0x800138bc (0xff9ff06f)
core   0: 0x800138b4 (0x00001f17) auipc   t5, 0x1
core   0: 3 0x800138b4 (0x00001f17) x30 0x800148b4
core   0: 0x800138b8 (0x743f2623) sw      gp, 1868(t5)
core   0: 3 0x800138b8 (0x743f2623) mem 0x80015000 0x00000001
core   0: 0x800138bc (0xff9ff06f) j       pc - 0x8
core   0: 3 0x800138bc (0xff9ff06f)
core   0: 0x800138b4 (0x00001f17) auipc   t5, 0x1
core   0: 3 0x800138b4 (0x00001f17) x30 0x800148b4
core   0: 0x800138b8 (0x743f2623) sw      gp, 1868(t5)
core   0: 3 0x800138b8 (0x743f2623) mem 0x80015000 0x00000001
core   0: 0x800138bc (0xff9ff06f) j       pc - 0x8
core   0: 3 0x800138bc (0xff9ff06f)
core   0: 0x800138b4 (0x00001f17) auipc   t5, 0x1
core   0: 3 0x800138b4 (0x00001f17) x30 0x800148b4
core   0: 0x800138b8 (0x743f2623) sw      gp, 1868(t5)
core   0: 3 0x800138b8 (0x743f2623) mem 0x80015000 0x00000001
core   0: 0x800138bc (0xff9ff06f) j       pc - 0x8
core   0: 3 0x800138bc (0xff9ff06f)
core   0: 0x800138b4 (0x00001f17) auipc   t5, 0x1
core   0: 3 0x800138b4 (0x00001f17) x30 0x800148b4
core   0: 0x800138b8 (0x743f2623) sw      gp, 1868(t5)
core   0: 3 0x800138b8 (0x743f2623) mem 0x80015000 0x00000001
core   0: 0x800138bc (0xff9ff06f) j       pc - 0x8
core   0: 3 0x800138bc (0xff9ff06f)
core   0: 0x800138b4 (0x00001f17) auipc   t5, 0x1
core   0: 3 0x800138b4 (0x00001f17) x30 0x800148b4
core   0: 0x800138b8 (0x743f2623) sw      gp, 1868(t5)
core   0: 3 0x800138b8 (0x743f2623) mem 0x80015000 0x00000001
core   0: 0x800138bc (0xff9ff06f) j       pc - 0x8
core   0: 3 0x800138bc (0xff9ff06f)
core   0: 0x800138b4 (0x00001f17) auipc   t5, 0x1
core   0: 3 0x800138b4 (0x00001f17) x30 0x800148b4
core   0: 0x800138b8 (0x743f2623) sw      gp, 1868(t5)
core   0: 3 0x800138b8 (0x743f2623) mem 0x80015000 0x00000001
core   0: 0x800138bc (0xff9ff06f) j       pc - 0x8
core   0: 3 0x800138bc (0xff9ff06f)
core   0: 0x800138b4 (0x00001f17) auipc   t5, 0x1
core   0: 3 0x800138b4 (0x00001f17) x30 0x800148b4
core   0: 0x800138b8 (0x743f2623) sw      gp, 1868(t5)
core   0: 3 0x800138b8 (0x743f2623) mem 0x80015000 0x00000001
core   0: 0x800138bc (0xff9ff06f) j       pc - 0x8
core   0: 3 0x800138bc (0xff9ff06f)
core   0: 0x800138b4 (0x00001f17) auipc   t5, 0x1
core   0: 3 0x800138b4 (0x00001f17) x30 0x800148b4
core   0: 0x800138b8 (0x743f2623) sw      gp, 1868(t5)
core   0: 3 0x800138b8 (0x743f2623) mem 0x80015000 0x00000001
core   0: 0x800138bc (0xff9ff06f) j       pc - 0x8
core   0: 3 0x800138bc (0xff9ff06f)
core   0: 0x800138b4 (0x00001f17) auipc   t5, 0x1
core   0: 3 0x800138b4 (0x00001f17) x30 0x800148b4
core   0: 0x800138b8 (0x743f2623) sw      gp, 1868(t5)
core   0: 3 0x800138b8 (0x743f2623) mem 0x80015000 0x00000001
core   0: 0x800138bc (0xff9ff06f) j       pc - 0x8
core   0: 3 0x800138bc (0xff9ff06f)
core   0: 0x800138b4 (0x00001f17) auipc   t5, 0x1
core   0: 3 0x800138b4 (0x00001f17) x30 0x800148b4
core   0: 0x800138b8 (0x743f2623) sw      gp, 1868(t5)
core   0: 3 0x800138b8 (0x743f2623) mem 0x80015000 0x00000001
core   0: 0x800138bc (0xff9ff06f) j       pc - 0x8
core   0: 3 0x800138bc (0xff9ff06f)
core   0: 0x800138b4 (0x00001f17) auipc   t5, 0x1
core   0: 3 0x800138b4 (0x00001f17) x30 0x800148b4
core   0: 0x800138b8 (0x743f2623) sw      gp, 1868(t5)
core   0: 3 0x800138b8 (0x743f2623) mem 0x80015000 0x00000001
core   0: 0x800138bc (0xff9ff06f) j       pc - 0x8
core   0: 3 0x800138bc (0xff9ff06f)
core   0: 0x800138b4 (0x00001f17) auipc   t5, 0x1
core   0: 3 0x800138b4 (0x00001f17) x30 0x800148b4
core   0: 0x800138b8 (0x743f2623) sw      gp, 1868(t5)
core   0: 3 0x800138b8 (0x743f2623) mem 0x80015000 0x00000001
core   0: 0x800138bc (0xff9ff06f) j       pc - 0x8
core   0: 3 0x800138bc (0xff9ff06f)
core   0: 0x800138b4 (0x00001f17) auipc   t5, 0x1
core   0: 3 0x800138b4 (0x00001f17) x30 0x800148b4
core   0: 0x800138b8 (0x743f2623) sw      gp, 1868(t5)
core   0: 3 0x800138b8 (0x743f2623) mem 0x80015000 0x00000001
core   0: 0x800138bc (0xff9ff06f) j       pc - 0x8
core   0: 3 0x800138bc (0xff9ff06f)
core   0: 0x800138b4 (0x00001f17) auipc   t5, 0x1
core   0: 3 0x800138b4 (0x00001f17) x30 0x800148b4
core   0: 0x800138b8 (0x743f2623) sw      gp, 1868(t5)
core   0: 3 0x800138b8 (0x743f2623) mem 0x80015000 0x00000001
core   0: 0x800138bc (0xff9ff06f) j       pc - 0x8
core   0: 3 0x800138bc (0xff9ff06f)
core   0: 0x800138b4 (0x00001f17) auipc   t5, 0x1
core   0: 3 0x800138b4 (0x00001f17) x30 0x800148b4
core   0: 0x800138b8 (0x743f2623) sw      gp, 1868(t5)
core   0: 3 0x800138b8 (0x743f2623) mem 0x80015000 0x00000001
core   0: 0x800138bc (0xff9ff06f) j       pc - 0x8
core   0: 3 0x800138bc (0xff9ff06f)
core   0: 0x800138b4 (0x00001f17) auipc   t5, 0x1
core   0: 3 0x800138b4 (0x00001f17) x30 0x800148b4
core   0: 0x800138b8 (0x743f2623) sw      gp, 1868(t5)
core   0: 3 0x800138b8 (0x743f2623) mem 0x80015000 0x00000001
core   0: 0x800138bc (0xff9ff06f) j       pc - 0x8
core   0: 3 0x800138bc (0xff9ff06f)
core   0: 0x800138b4 (0x00001f17) auipc   t5, 0x1
core   0: 3 0x800138b4 (0x00001f17) x30 0x800148b4
core   0: 0x800138b8 (0x743f2623) sw      gp, 1868(t5)
core   0: 3 0x800138b8 (0x743f2623) mem 0x80015000 0x00000001
core   0: 0x800138bc (0xff9ff06f) j       pc - 0x8
core   0: 3 0x800138bc (0xff9ff06f)
core   0: 0x800138b4 (0x00001f17) auipc   t5, 0x1
core   0: 3 0x800138b4 (0x00001f17) x30 0x800148b4
core   0: 0x800138b8 (0x743f2623) sw      gp, 1868(t5)
core   0: 3 0x800138b8 (0x743f2623) mem 0x80015000 0x00000001
core   0: 0x800138bc (0xff9ff06f) j       pc - 0x8
core   0: 3 0x800138bc (0xff9ff06f)
core   0: 0x800138b4 (0x00001f17) auipc   t5, 0x1
core   0: 3 0x800138b4 (0x00001f17) x30 0x800148b4
core   0: 0x800138b8 (0x743f2623) sw      gp, 1868(t5)
core   0: 3 0x800138b8 (0x743f2623) mem 0x80015000 0x00000001
core   0: 0x800138bc (0xff9ff06f) j       pc - 0x8
core   0: 3 0x800138bc (0xff9ff06f)
core   0: 0x800138b4 (0x00001f17) auipc   t5, 0x1
core   0: 3 0x800138b4 (0x00001f17) x30 0x800148b4
core   0: 0x800138b8 (0x743f2623) sw      gp, 1868(t5)
core   0: 3 0x800138b8 (0x743f2623) mem 0x80015000 0x00000001
core   0: 0x800138bc (0xff9ff06f) j       pc - 0x8
core   0: 3 0x800138bc (0xff9ff06f)
core   0: 0x800138b4 (0x00001f17) auipc   t5, 0x1
core   0: 3 0x800138b4 (0x00001f17) x30 0x800148b4
core   0: 0x800138b8 (0x743f2623) sw      gp, 1868(t5)
core   0: 3 0x800138b8 (0x743f2623) mem 0x80015000 0x00000001
core   0: 0x800138bc (0xff9ff06f) j       pc - 0x8
core   0: 3 0x800138bc (0xff9ff06f)
core   0: 0x800138b4 (0x00001f17) auipc   t5, 0x1
core   0: 3 0x800138b4 (0x00001f17) x30 0x800148b4
core   0: 0x800138b8 (0x743f2623) sw      gp, 1868(t5)
core   0: 3 0x800138b8 (0x743f2623) mem 0x80015000 0x00000001
core   0: 0x800138bc (0xff9ff06f) j       pc - 0x8
core   0: 3 0x800138bc (0xff9ff06f)
core   0: 0x800138b4 (0x00001f17) auipc   t5, 0x1
core   0: 3 0x800138b4 (0x00001f17) x30 0x800148b4
core   0: 0x800138b8 (0x743f2623) sw      gp, 1868(t5)
core   0: 3 0x800138b8 (0x743f2623) mem 0x80015000 0x00000001
core   0: 0x800138bc (0xff9ff06f) j       pc - 0x8
core   0: 3 0x800138bc (0xff9ff06f)
core   0: 0x800138b4 (0x00001f17) auipc   t5, 0x1
core   0: 3 0x800138b4 (0x00001f17) x30 0x800148b4
core   0: 0x800138b8 (0x743f2623) sw      gp, 1868(t5)
core   0: 3 0x800138b8 (0x743f2623) mem 0x80015000 0x00000001
core   0: 0x800138bc (0xff9ff06f) j       pc - 0x8
core   0: 3 0x800138bc (0xff9ff06f)
core   0: 0x800138b4 (0x00001f17) auipc   t5, 0x1
core   0: 3 0x800138b4 (0x00001f17) x30 0x800148b4
core   0: 0x800138b8 (0x743f2623) sw      gp, 1868(t5)
core   0: 3 0x800138b8 (0x743f2623) mem 0x80015000 0x00000001
core   0: 0x800138bc (0xff9ff06f) j       pc - 0x8
core   0: 3 0x800138bc (0xff9ff06f)
core   0: 0x800138b4 (0x00001f17) auipc   t5, 0x1
core   0: 3 0x800138b4 (0x00001f17) x30 0x800148b4
core   0: 0x800138b8 (0x743f2623) sw      gp, 1868(t5)
core   0: 3 0x800138b8 (0x743f2623) mem 0x80015000 0x00000001
core   0: 0x800138bc (0xff9ff06f) j       pc - 0x8
core   0: 3 0x800138bc (0xff9ff06f)
core   0: 0x800138b4 (0x00001f17) auipc   t5, 0x1
core   0: 3 0x800138b4 (0x00001f17) x30 0x800148b4
core   0: 0x800138b8 (0x743f2623) sw      gp, 1868(t5)
core   0: 3 0x800138b8 (0x743f2623) mem 0x80015000 0x00000001
core   0: 0x800138bc (0xff9ff06f) j       pc - 0x8
core   0: 3 0x800138bc (0xff9ff06f)
core   0: 0x800138b4 (0x00001f17) auipc   t5, 0x1
core   0: 3 0x800138b4 (0x00001f17) x30 0x800148b4
core   0: 0x800138b8 (0x743f2623) sw      gp, 1868(t5)
core   0: 3 0x800138b8 (0x743f2623) mem 0x80015000 0x00000001
core   0: 0x800138bc (0xff9ff06f) j       pc - 0x8
core   0: 3 0x800138bc (0xff9ff06f)
core   0: 0x800138b4 (0x00001f17) auipc   t5, 0x1
core   0: 3 0x800138b4 (0x00001f17) x30 0x800148b4
core   0: 0x800138b8 (0x743f2623) sw      gp, 1868(t5)
core   0: 3 0x800138b8 (0x743f2623) mem 0x80015000 0x00000001
core   0: 0x800138bc (0xff9ff06f) j       pc - 0x8
core   0: 3 0x800138bc (0xff9ff06f)
core   0: 0x800138b4 (0x00001f17) auipc   t5, 0x1
core   0: 3 0x800138b4 (0x00001f17) x30 0x800148b4
core   0: 0x800138b8 (0x743f2623) sw      gp, 1868(t5)
core   0: 3 0x800138b8 (0x743f2623) mem 0x80015000 0x00000001
core   0: 0x800138bc (0xff9ff06f) j       pc - 0x8
core   0: 3 0x800138bc (0xff9ff06f)
core   0: 0x800138b4 (0x00001f17) auipc   t5, 0x1
core   0: 3 0x800138b4 (0x00001f17) x30 0x800148b4
core   0: 0x800138b8 (0x743f2623) sw      gp, 1868(t5)
core   0: 3 0x800138b8 (0x743f2623) mem 0x80015000 0x00000001
core   0: 0x800138bc (0xff9ff06f) j       pc - 0x8
core   0: 3 0x800138bc (0xff9ff06f)
core   0: 0x800138b4 (0x00001f17) auipc   t5, 0x1
core   0: 3 0x800138b4 (0x00001f17) x30 0x800148b4
core   0: 0x800138b8 (0x743f2623) sw      gp, 1868(t5)
core   0: 3 0x800138b8 (0x743f2623) mem 0x80015000 0x00000001
core   0: 0x800138bc (0xff9ff06f) j       pc - 0x8
core   0: 3 0x800138bc (0xff9ff06f)
core   0: 0x800138b4 (0x00001f17) auipc   t5, 0x1
core   0: 3 0x800138b4 (0x00001f17) x30 0x800148b4
core   0: 0x800138b8 (0x743f2623) sw      gp, 1868(t5)
core   0: 3 0x800138b8 (0x743f2623) mem 0x80015000 0x00000001
core   0: 0x800138bc (0xff9ff06f) j       pc - 0x8
core   0: 3 0x800138bc (0xff9ff06f)
core   0: 0x800138b4 (0x00001f17) auipc   t5, 0x1
core   0: 3 0x800138b4 (0x00001f17) x30 0x800148b4
core   0: 0x800138b8 (0x743f2623) sw      gp, 1868(t5)
core   0: 3 0x800138b8 (0x743f2623) mem 0x80015000 0x00000001
core   0: 0x800138bc (0xff9ff06f) j       pc - 0x8
core   0: 3 0x800138bc (0xff9ff06f)
core   0: 0x800138b4 (0x00001f17) auipc   t5, 0x1
core   0: 3 0x800138b4 (0x00001f17) x30 0x800148b4
core   0: 0x800138b8 (0x743f2623) sw      gp, 1868(t5)
core   0: 3 0x800138b8 (0x743f2623) mem 0x80015000 0x00000001
core   0: 0x800138bc (0xff9ff06f) j       pc - 0x8
core   0: 3 0x800138bc (0xff9ff06f)
core   0: 0x800138b4 (0x00001f17) auipc   t5, 0x1
core   0: 3 0x800138b4 (0x00001f17) x30 0x800148b4
core   0: 0x800138b8 (0x743f2623) sw      gp, 1868(t5)
core   0: 3 0x800138b8 (0x743f2623) mem 0x80015000 0x00000001
core   0: 0x800138bc (0xff9ff06f) j       pc - 0x8
core   0: 3 0x800138bc (0xff9ff06f)
core   0: 0x800138b4 (0x00001f17) auipc   t5, 0x1
core   0: 3 0x800138b4 (0x00001f17) x30 0x800148b4
core   0: 0x800138b8 (0x743f2623) sw      gp, 1868(t5)
core   0: 3 0x800138b8 (0x743f2623) mem 0x80015000 0x00000001
core   0: 0x800138bc (0xff9ff06f) j       pc - 0x8
core   0: 3 0x800138bc (0xff9ff06f)
core   0: 0x800138b4 (0x00001f17) auipc   t5, 0x1
core   0: 3 0x800138b4 (0x00001f17) x30 0x800148b4
core   0: 0x800138b8 (0x743f2623) sw      gp, 1868(t5)
core   0: 3 0x800138b8 (0x743f2623) mem 0x80015000 0x00000001
core   0: 0x800138bc (0xff9ff06f) j       pc - 0x8
core   0: 3 0x800138bc (0xff9ff06f)
core   0: 0x800138b4 (0x00001f17) auipc   t5, 0x1
core   0: 3 0x800138b4 (0x00001f17) x30 0x800148b4
core   0: 0x800138b8 (0x743f2623) sw      gp, 1868(t5)
core   0: 3 0x800138b8 (0x743f2623) mem 0x80015000 0x00000001
core   0: 0x800138bc (0xff9ff06f) j       pc - 0x8
core   0: 3 0x800138bc (0xff9ff06f)
core   0: 0x800138b4 (0x00001f17) auipc   t5, 0x1
core   0: 3 0x800138b4 (0x00001f17) x30 0x800148b4
core   0: 0x800138b8 (0x743f2623) sw      gp, 1868(t5)
core   0: 3 0x800138b8 (0x743f2623) mem 0x80015000 0x00000001
core   0: 0x800138bc (0xff9ff06f) j       pc - 0x8
core   0: 3 0x800138bc (0xff9ff06f)
core   0: 0x800138b4 (0x00001f17) auipc   t5, 0x1
core   0: 3 0x800138b4 (0x00001f17) x30 0x800148b4
core   0: 0x800138b8 (0x743f2623) sw      gp, 1868(t5)
core   0: 3 0x800138b8 (0x743f2623) mem 0x80015000 0x00000001
core   0: 0x800138bc (0xff9ff06f) j       pc - 0x8
core   0: 3 0x800138bc (0xff9ff06f)
core   0: 0x800138b4 (0x00001f17) auipc   t5, 0x1
core   0: 3 0x800138b4 (0x00001f17) x30 0x800148b4
core   0: 0x800138b8 (0x743f2623) sw      gp, 1868(t5)
core   0: 3 0x800138b8 (0x743f2623) mem 0x80015000 0x00000001
core   0: 0x800138bc (0xff9ff06f) j       pc - 0x8
core   0: 3 0x800138bc (0xff9ff06f)
core   0: 0x800138b4 (0x00001f17) auipc   t5, 0x1
core   0: 3 0x800138b4 (0x00001f17) x30 0x800148b4
core   0: 0x800138b8 (0x743f2623) sw      gp, 1868(t5)
core   0: 3 0x800138b8 (0x743f2623) mem 0x80015000 0x00000001
core   0: 0x800138bc (0xff9ff06f) j       pc - 0x8
core   0: 3 0x800138bc (0xff9ff06f)
core   0: 0x800138b4 (0x00001f17) auipc   t5, 0x1
core   0: 3 0x800138b4 (0x00001f17) x30 0x800148b4
core   0: 0x800138b8 (0x743f2623) sw      gp, 1868(t5)
core   0: 3 0x800138b8 (0x743f2623) mem 0x80015000 0x00000001
core   0: 0x800138bc (0xff9ff06f) j       pc - 0x8
core   0: 3 0x800138bc (0xff9ff06f)
core   0: 0x800138b4 (0x00001f17) auipc   t5, 0x1
core   0: 3 0x800138b4 (0x00001f17) x30 0x800148b4
core   0: 0x800138b8 (0x743f2623) sw      gp, 1868(t5)
core   0: 3 0x800138b8 (0x743f2623) mem 0x80015000 0x00000001
core   0: 0x800138bc (0xff9ff06f) j       pc - 0x8
core   0: 3 0x800138bc (0xff9ff06f)
core   0: 0x800138b4 (0x00001f17) auipc   t5, 0x1
core   0: 3 0x800138b4 (0x00001f17) x30 0x800148b4
core   0: 0x800138b8 (0x743f2623) sw      gp, 1868(t5)
core   0: 3 0x800138b8 (0x743f2623) mem 0x80015000 0x00000001
core   0: 0x800138bc (0xff9ff06f) j       pc - 0x8
core   0: 3 0x800138bc (0xff9ff06f)
core   0: 0x800138b4 (0x00001f17) auipc   t5, 0x1
core   0: 3 0x800138b4 (0x00001f17) x30 0x800148b4
core   0: 0x800138b8 (0x743f2623) sw      gp, 1868(t5)
core   0: 3 0x800138b8 (0x743f2623) mem 0x80015000 0x00000001
core   0: 0x800138bc (0xff9ff06f) j       pc - 0x8
core   0: 3 0x800138bc (0xff9ff06f)
core   0: 0x800138b4 (0x00001f17) auipc   t5, 0x1
core   0: 3 0x800138b4 (0x00001f17) x30 0x800148b4
core   0: 0x800138b8 (0x743f2623) sw      gp, 1868(t5)
core   0: 3 0x800138b8 (0x743f2623) mem 0x80015000 0x00000001
core   0: 0x800138bc (0xff9ff06f) j       pc - 0x8
core   0: 3 0x800138bc (0xff9ff06f)
core   0: 0x800138b4 (0x00001f17) auipc   t5, 0x1
core   0: 3 0x800138b4 (0x00001f17) x30 0x800148b4
core   0: 0x800138b8 (0x743f2623) sw      gp, 1868(t5)
core   0: 3 0x800138b8 (0x743f2623) mem 0x80015000 0x00000001
core   0: 0x800138bc (0xff9ff06f) j       pc - 0x8
core   0: 3 0x800138bc (0xff9ff06f)
core   0: 0x800138b4 (0x00001f17) auipc   t5, 0x1
core   0: 3 0x800138b4 (0x00001f17) x30 0x800148b4
core   0: 0x800138b8 (0x743f2623) sw      gp, 1868(t5)
core   0: 3 0x800138b8 (0x743f2623) mem 0x80015000 0x00000001
core   0: 0x800138bc (0xff9ff06f) j       pc - 0x8
core   0: 3 0x800138bc (0xff9ff06f)
core   0: 0x800138b4 (0x00001f17) auipc   t5, 0x1
core   0: 3 0x800138b4 (0x00001f17) x30 0x800148b4
core   0: 0x800138b8 (0x743f2623) sw      gp, 1868(t5)
core   0: 3 0x800138b8 (0x743f2623) mem 0x80015000 0x00000001
core   0: 0x800138bc (0xff9ff06f) j       pc - 0x8
core   0: 3 0x800138bc (0xff9ff06f)
core   0: 0x800138b4 (0x00001f17) auipc   t5, 0x1
core   0: 3 0x800138b4 (0x00001f17) x30 0x800148b4
core   0: 0x800138b8 (0x743f2623) sw      gp, 1868(t5)
core   0: 3 0x800138b8 (0x743f2623) mem 0x80015000 0x00000001
core   0: 0x800138bc (0xff9ff06f) j       pc - 0x8
core   0: 3 0x800138bc (0xff9ff06f)
core   0: 0x800138b4 (0x00001f17) auipc   t5, 0x1
core   0: 3 0x800138b4 (0x00001f17) x30 0x800148b4
core   0: 0x800138b8 (0x743f2623) sw      gp, 1868(t5)
core   0: 3 0x800138b8 (0x743f2623) mem 0x80015000 0x00000001
core   0: 0x800138bc (0xff9ff06f) j       pc - 0x8
core   0: 3 0x800138bc (0xff9ff06f)
core   0: 0x800138b4 (0x00001f17) auipc   t5, 0x1
core   0: 3 0x800138b4 (0x00001f17) x30 0x800148b4
core   0: 0x800138b8 (0x743f2623) sw      gp, 1868(t5)
core   0: 3 0x800138b8 (0x743f2623) mem 0x80015000 0x00000001
core   0: 0x800138bc (0xff9ff06f) j       pc - 0x8
core   0: 3 0x800138bc (0xff9ff06f)
core   0: 0x800138b4 (0x00001f17) auipc   t5, 0x1
core   0: 3 0x800138b4 (0x00001f17) x30 0x800148b4
core   0: 0x800138b8 (0x743f2623) sw      gp, 1868(t5)
core   0: 3 0x800138b8 (0x743f2623) mem 0x80015000 0x00000001
core   0: 0x800138bc (0xff9ff06f) j       pc - 0x8
core   0: 3 0x800138bc (0xff9ff06f)
core   0: 0x800138b4 (0x00001f17) auipc   t5, 0x1
core   0: 3 0x800138b4 (0x00001f17) x30 0x800148b4
core   0: 0x800138b8 (0x743f2623) sw      gp, 1868(t5)
core   0: 3 0x800138b8 (0x743f2623) mem 0x80015000 0x00000001
core   0: 0x800138bc (0xff9ff06f) j       pc - 0x8
core   0: 3 0x800138bc (0xff9ff06f)
core   0: 0x800138b4 (0x00001f17) auipc   t5, 0x1
core   0: 3 0x800138b4 (0x00001f17) x30 0x800148b4
core   0: 0x800138b8 (0x743f2623) sw      gp, 1868(t5)
core   0: 3 0x800138b8 (0x743f2623) mem 0x80015000 0x00000001
core   0: 0x800138bc (0xff9ff06f) j       pc - 0x8
core   0: 3 0x800138bc (0xff9ff06f)
core   0: 0x800138b4 (0x00001f17) auipc   t5, 0x1
core   0: 3 0x800138b4 (0x00001f17) x30 0x800148b4
core   0: 0x800138b8 (0x743f2623) sw      gp, 1868(t5)
core   0: 3 0x800138b8 (0x743f2623) mem 0x80015000 0x00000001
core   0: 0x800138bc (0xff9ff06f) j       pc - 0x8
core   0: 3 0x800138bc (0xff9ff06f)
core   0: 0x800138b4 (0x00001f17) auipc   t5, 0x1
core   0: 3 0x800138b4 (0x00001f17) x30 0x800148b4
core   0: 0x800138b8 (0x743f2623) sw      gp, 1868(t5)
core   0: 3 0x800138b8 (0x743f2623) mem 0x80015000 0x00000001
core   0: 0x800138bc (0xff9ff06f) j       pc - 0x8
core   0: 3 0x800138bc (0xff9ff06f)
core   0: 0x800138b4 (0x00001f17) auipc   t5, 0x1
core   0: 3 0x800138b4 (0x00001f17) x30 0x800148b4
core   0: 0x800138b8 (0x743f2623) sw      gp, 1868(t5)
core   0: 3 0x800138b8 (0x743f2623) mem 0x80015000 0x00000001
core   0: 0x800138bc (0xff9ff06f) j       pc - 0x8
core   0: 3 0x800138bc (0xff9ff06f)
core   0: 0x800138b4 (0x00001f17) auipc   t5, 0x1
core   0: 3 0x800138b4 (0x00001f17) x30 0x800148b4
core   0: 0x800138b8 (0x743f2623) sw      gp, 1868(t5)
core   0: 3 0x800138b8 (0x743f2623) mem 0x80015000 0x00000001
core   0: 0x800138bc (0xff9ff06f) j       pc - 0x8
core   0: 3 0x800138bc (0xff9ff06f)
core   0: 0x800138b4 (0x00001f17) auipc   t5, 0x1
core   0: 3 0x800138b4 (0x00001f17) x30 0x800148b4
core   0: 0x800138b8 (0x743f2623) sw      gp, 1868(t5)
core   0: 3 0x800138b8 (0x743f2623) mem 0x80015000 0x00000001
core   0: 0x800138bc (0xff9ff06f) j       pc - 0x8
core   0: 3 0x800138bc (0xff9ff06f)
core   0: 0x800138b4 (0x00001f17) auipc   t5, 0x1
core   0: 3 0x800138b4 (0x00001f17) x30 0x800148b4
core   0: 0x800138b8 (0x743f2623) sw      gp, 1868(t5)
core   0: 3 0x800138b8 (0x743f2623) mem 0x80015000 0x00000001
core   0: 0x800138bc (0xff9ff06f) j       pc - 0x8
core   0: 3 0x800138bc (0xff9ff06f)
core   0: 0x800138b4 (0x00001f17) auipc   t5, 0x1
core   0: 3 0x800138b4 (0x00001f17) x30 0x800148b4
core   0: 0x800138b8 (0x743f2623) sw      gp, 1868(t5)
core   0: 3 0x800138b8 (0x743f2623) mem 0x80015000 0x00000001
core   0: 0x800138bc (0xff9ff06f) j       pc - 0x8
core   0: 3 0x800138bc (0xff9ff06f)
core   0: 0x800138b4 (0x00001f17) auipc   t5, 0x1
core   0: 3 0x800138b4 (0x00001f17) x30 0x800148b4
core   0: 0x800138b8 (0x743f2623) sw      gp, 1868(t5)
core   0: 3 0x800138b8 (0x743f2623) mem 0x80015000 0x00000001
core   0: 0x800138bc (0xff9ff06f) j       pc - 0x8
core   0: 3 0x800138bc (0xff9ff06f)
core   0: 0x800138b4 (0x00001f17) auipc   t5, 0x1
core   0: 3 0x800138b4 (0x00001f17) x30 0x800148b4
core   0: 0x800138b8 (0x743f2623) sw      gp, 1868(t5)
core   0: 3 0x800138b8 (0x743f2623) mem 0x80015000 0x00000001
core   0: 0x800138bc (0xff9ff06f) j       pc - 0x8
core   0: 3 0x800138bc (0xff9ff06f)
core   0: 0x800138b4 (0x00001f17) auipc   t5, 0x1
core   0: 3 0x800138b4 (0x00001f17) x30 0x800148b4
core   0: 0x800138b8 (0x743f2623) sw      gp, 1868(t5)
core   0: 3 0x800138b8 (0x743f2623) mem 0x80015000 0x00000001
core   0: 0x800138bc (0xff9ff06f) j       pc - 0x8
core   0: 3 0x800138bc (0xff9ff06f)
core   0: 0x800138b4 (0x00001f17) auipc   t5, 0x1
core   0: 3 0x800138b4 (0x00001f17) x30 0x800148b4
core   0: 0x800138b8 (0x743f2623) sw      gp, 1868(t5)
core   0: 3 0x800138b8 (0x743f2623) mem 0x80015000 0x00000001
core   0: 0x800138bc (0xff9ff06f) j       pc - 0x8
core   0: 3 0x800138bc (0xff9ff06f)
core   0: 0x800138b4 (0x00001f17) auipc   t5, 0x1
core   0: 3 0x800138b4 (0x00001f17) x30 0x800148b4
core   0: 0x800138b8 (0x743f2623) sw      gp, 1868(t5)
core   0: 3 0x800138b8 (0x743f2623) mem 0x80015000 0x00000001
core   0: 0x800138bc (0xff9ff06f) j       pc - 0x8
core   0: 3 0x800138bc (0xff9ff06f)
core   0: 0x800138b4 (0x00001f17) auipc   t5, 0x1
core   0: 3 0x800138b4 (0x00001f17) x30 0x800148b4
core   0: 0x800138b8 (0x743f2623) sw      gp, 1868(t5)
core   0: 3 0x800138b8 (0x743f2623) mem 0x80015000 0x00000001
core   0: 0x800138bc (0xff9ff06f) j       pc - 0x8
core   0: 3 0x800138bc (0xff9ff06f)
core   0: 0x800138b4 (0x00001f17) auipc   t5, 0x1
core   0: 3 0x800138b4 (0x00001f17) x30 0x800148b4
core   0: 0x800138b8 (0x743f2623) sw      gp, 1868(t5)
core   0: 3 0x800138b8 (0x743f2623) mem 0x80015000 0x00000001
core   0: 0x800138bc (0xff9ff06f) j       pc - 0x8
core   0: 3 0x800138bc (0xff9ff06f)
core   0: 0x800138b4 (0x00001f17) auipc   t5, 0x1
core   0: 3 0x800138b4 (0x00001f17) x30 0x800148b4
core   0: 0x800138b8 (0x743f2623) sw      gp, 1868(t5)
core   0: 3 0x800138b8 (0x743f2623) mem 0x80015000 0x00000001
core   0: 0x800138bc (0xff9ff06f) j       pc - 0x8
core   0: 3 0x800138bc (0xff9ff06f)
core   0: 0x800138b4 (0x00001f17) auipc   t5, 0x1
core   0: 3 0x800138b4 (0x00001f17) x30 0x800148b4
core   0: 0x800138b8 (0x743f2623) sw      gp, 1868(t5)
core   0: 3 0x800138b8 (0x743f2623) mem 0x80015000 0x00000001
core   0: 0x800138bc (0xff9ff06f) j       pc - 0x8
core   0: 3 0x800138bc (0xff9ff06f)
core   0: 0x800138b4 (0x00001f17) auipc   t5, 0x1
core   0: 3 0x800138b4 (0x00001f17) x30 0x800148b4
core   0: 0x800138b8 (0x743f2623) sw      gp, 1868(t5)
core   0: 3 0x800138b8 (0x743f2623) mem 0x80015000 0x00000001
core   0: 0x800138bc (0xff9ff06f) j       pc - 0x8
core   0: 3 0x800138bc (0xff9ff06f)
core   0: 0x800138b4 (0x00001f17) auipc   t5, 0x1
core   0: 3 0x800138b4 (0x00001f17) x30 0x800148b4
core   0: 0x800138b8 (0x743f2623) sw      gp, 1868(t5)
core   0: 3 0x800138b8 (0x743f2623) mem 0x80015000 0x00000001
core   0: 0x800138bc (0xff9ff06f) j       pc - 0x8
core   0: 3 0x800138bc (0xff9ff06f)
core   0: 0x800138b4 (0x00001f17) auipc   t5, 0x1
core   0: 3 0x800138b4 (0x00001f17) x30 0x800148b4
core   0: 0x800138b8 (0x743f2623) sw      gp, 1868(t5)
core   0: 3 0x800138b8 (0x743f2623) mem 0x80015000 0x00000001
core   0: 0x800138bc (0xff9ff06f) j       pc - 0x8
core   0: 3 0x800138bc (0xff9ff06f)
core   0: 0x800138b4 (0x00001f17) auipc   t5, 0x1
core   0: 3 0x800138b4 (0x00001f17) x30 0x800148b4
core   0: 0x800138b8 (0x743f2623) sw      gp, 1868(t5)
core   0: 3 0x800138b8 (0x743f2623) mem 0x80015000 0x00000001
core   0: 0x800138bc (0xff9ff06f) j       pc - 0x8
core   0: 3 0x800138bc (0xff9ff06f)
core   0: 0x800138b4 (0x00001f17) auipc   t5, 0x1
core   0: 3 0x800138b4 (0x00001f17) x30 0x800148b4
core   0: 0x800138b8 (0x743f2623) sw      gp, 1868(t5)
core   0: 3 0x800138b8 (0x743f2623) mem 0x80015000 0x00000001
core   0: 0x800138bc (0xff9ff06f) j       pc - 0x8
core   0: 3 0x800138bc (0xff9ff06f)
core   0: 0x800138b4 (0x00001f17) auipc   t5, 0x1
core   0: 3 0x800138b4 (0x00001f17) x30 0x800148b4
core   0: 0x800138b8 (0x743f2623) sw      gp, 1868(t5)
core   0: 3 0x800138b8 (0x743f2623) mem 0x80015000 0x00000001
core   0: 0x800138bc (0xff9ff06f) j       pc - 0x8
core   0: 3 0x800138bc (0xff9ff06f)
core   0: 0x800138b4 (0x00001f17) auipc   t5, 0x1
core   0: 3 0x800138b4 (0x00001f17) x30 0x800148b4
core   0: 0x800138b8 (0x743f2623) sw      gp, 1868(t5)
core   0: 3 0x800138b8 (0x743f2623) mem 0x80015000 0x00000001
core   0: 0x800138bc (0xff9ff06f) j       pc - 0x8
core   0: 3 0x800138bc (0xff9ff06f)
core   0: 0x800138b4 (0x00001f17) auipc   t5, 0x1
core   0: 3 0x800138b4 (0x00001f17) x30 0x800148b4
core   0: 0x800138b8 (0x743f2623) sw      gp, 1868(t5)
core   0: 3 0x800138b8 (0x743f2623) mem 0x80015000 0x00000001
core   0: 0x800138bc (0xff9ff06f) j       pc - 0x8
core   0: 3 0x800138bc (0xff9ff06f)
core   0: 0x800138b4 (0x00001f17) auipc   t5, 0x1
core   0: 3 0x800138b4 (0x00001f17) x30 0x800148b4
core   0: 0x800138b8 (0x743f2623) sw      gp, 1868(t5)
core   0: 3 0x800138b8 (0x743f2623) mem 0x80015000 0x00000001
core   0: 0x800138bc (0xff9ff06f) j       pc - 0x8
core   0: 3 0x800138bc (0xff9ff06f)
core   0: 0x800138b4 (0x00001f17) auipc   t5, 0x1
core   0: 3 0x800138b4 (0x00001f17) x30 0x800148b4
core   0: 0x800138b8 (0x743f2623) sw      gp, 1868(t5)
core   0: 3 0x800138b8 (0x743f2623) mem 0x80015000 0x00000001
core   0: 0x800138bc (0xff9ff06f) j       pc - 0x8
core   0: 3 0x800138bc (0xff9ff06f)
core   0: 0x800138b4 (0x00001f17) auipc   t5, 0x1
core   0: 3 0x800138b4 (0x00001f17) x30 0x800148b4
core   0: 0x800138b8 (0x743f2623) sw      gp, 1868(t5)
core   0: 3 0x800138b8 (0x743f2623) mem 0x80015000 0x00000001
core   0: 0x800138bc (0xff9ff06f) j       pc - 0x8
core   0: 3 0x800138bc (0xff9ff06f)
core   0: 0x800138b4 (0x00001f17) auipc   t5, 0x1
core   0: 3 0x800138b4 (0x00001f17) x30 0x800148b4
core   0: 0x800138b8 (0x743f2623) sw      gp, 1868(t5)
core   0: 3 0x800138b8 (0x743f2623) mem 0x80015000 0x00000001
core   0: 0x800138bc (0xff9ff06f) j       pc - 0x8
core   0: 3 0x800138bc (0xff9ff06f)
core   0: 0x800138b4 (0x00001f17) auipc   t5, 0x1
core   0: 3 0x800138b4 (0x00001f17) x30 0x800148b4
core   0: 0x800138b8 (0x743f2623) sw      gp, 1868(t5)
core   0: 3 0x800138b8 (0x743f2623) mem 0x80015000 0x00000001
core   0: 0x800138bc (0xff9ff06f) j       pc - 0x8
core   0: 3 0x800138bc (0xff9ff06f)
core   0: 0x800138b4 (0x00001f17) auipc   t5, 0x1
core   0: 3 0x800138b4 (0x00001f17) x30 0x800148b4
core   0: 0x800138b8 (0x743f2623) sw      gp, 1868(t5)
core   0: 3 0x800138b8 (0x743f2623) mem 0x80015000 0x00000001
core   0: 0x800138bc (0xff9ff06f) j       pc - 0x8
core   0: 3 0x800138bc (0xff9ff06f)
core   0: 0x800138b4 (0x00001f17) auipc   t5, 0x1
core   0: 3 0x800138b4 (0x00001f17) x30 0x800148b4
core   0: 0x800138b8 (0x743f2623) sw      gp, 1868(t5)
core   0: 3 0x800138b8 (0x743f2623) mem 0x80015000 0x00000001
core   0: 0x800138bc (0xff9ff06f) j       pc - 0x8
core   0: 3 0x800138bc (0xff9ff06f)
core   0: 0x800138b4 (0x00001f17) auipc   t5, 0x1
core   0: 3 0x800138b4 (0x00001f17) x30 0x800148b4
core   0: 0x800138b8 (0x743f2623) sw      gp, 1868(t5)
core   0: 3 0x800138b8 (0x743f2623) mem 0x80015000 0x00000001
core   0: 0x800138bc (0xff9ff06f) j       pc - 0x8
core   0: 3 0x800138bc (0xff9ff06f)
core   0: 0x800138b4 (0x00001f17) auipc   t5, 0x1
core   0: 3 0x800138b4 (0x00001f17) x30 0x800148b4
core   0: 0x800138b8 (0x743f2623) sw      gp, 1868(t5)
core   0: 3 0x800138b8 (0x743f2623) mem 0x80015000 0x00000001
core   0: 0x800138bc (0xff9ff06f) j       pc - 0x8
core   0: 3 0x800138bc (0xff9ff06f)
core   0: 0x800138b4 (0x00001f17) auipc   t5, 0x1
core   0: 3 0x800138b4 (0x00001f17) x30 0x800148b4
core   0: 0x800138b8 (0x743f2623) sw      gp, 1868(t5)
core   0: 3 0x800138b8 (0x743f2623) mem 0x80015000 0x00000001
core   0: 0x800138bc (0xff9ff06f) j       pc - 0x8
core   0: 3 0x800138bc (0xff9ff06f)
core   0: 0x800138b4 (0x00001f17) auipc   t5, 0x1
core   0: 3 0x800138b4 (0x00001f17) x30 0x800148b4
core   0: 0x800138b8 (0x743f2623) sw      gp, 1868(t5)
core   0: 3 0x800138b8 (0x743f2623) mem 0x80015000 0x00000001
core   0: 0x800138bc (0xff9ff06f) j       pc - 0x8
core   0: 3 0x800138bc (0xff9ff06f)
core   0: 0x800138b4 (0x00001f17) auipc   t5, 0x1
core   0: 3 0x800138b4 (0x00001f17) x30 0x800148b4
core   0: 0x800138b8 (0x743f2623) sw      gp, 1868(t5)
core   0: 3 0x800138b8 (0x743f2623) mem 0x80015000 0x00000001
core   0: 0x800138bc (0xff9ff06f) j       pc - 0x8
core   0: 3 0x800138bc (0xff9ff06f)
core   0: 0x800138b4 (0x00001f17) auipc   t5, 0x1
core   0: 3 0x800138b4 (0x00001f17) x30 0x800148b4
core   0: 0x800138b8 (0x743f2623) sw      gp, 1868(t5)
core   0: 3 0x800138b8 (0x743f2623) mem 0x80015000 0x00000001
core   0: 0x800138bc (0xff9ff06f) j       pc - 0x8
core   0: 3 0x800138bc (0xff9ff06f)
core   0: 0x800138b4 (0x00001f17) auipc   t5, 0x1
core   0: 3 0x800138b4 (0x00001f17) x30 0x800148b4
core   0: 0x800138b8 (0x743f2623) sw      gp, 1868(t5)
core   0: 3 0x800138b8 (0x743f2623) mem 0x80015000 0x00000001
core   0: 0x800138bc (0xff9ff06f) j       pc - 0x8
core   0: 3 0x800138bc (0xff9ff06f)
core   0: 0x800138b4 (0x00001f17) auipc   t5, 0x1
core   0: 3 0x800138b4 (0x00001f17) x30 0x800148b4
core   0: 0x800138b8 (0x743f2623) sw      gp, 1868(t5)
core   0: 3 0x800138b8 (0x743f2623) mem 0x80015000 0x00000001
core   0: 0x800138bc (0xff9ff06f) j       pc - 0x8
core   0: 3 0x800138bc (0xff9ff06f)
core   0: 0x800138b4 (0x00001f17) auipc   t5, 0x1
core   0: 3 0x800138b4 (0x00001f17) x30 0x800148b4
core   0: 0x800138b8 (0x743f2623) sw      gp, 1868(t5)
core   0: 3 0x800138b8 (0x743f2623) mem 0x80015000 0x00000001
core   0: 0x800138bc (0xff9ff06f) j       pc - 0x8
core   0: 3 0x800138bc (0xff9ff06f)
core   0: 0x800138b4 (0x00001f17) auipc   t5, 0x1
core   0: 3 0x800138b4 (0x00001f17) x30 0x800148b4
core   0: 0x800138b8 (0x743f2623) sw      gp, 1868(t5)
core   0: 3 0x800138b8 (0x743f2623) mem 0x80015000 0x00000001
core   0: 0x800138bc (0xff9ff06f) j       pc - 0x8
core   0: 3 0x800138bc (0xff9ff06f)
core   0: 0x800138b4 (0x00001f17) auipc   t5, 0x1
core   0: 3 0x800138b4 (0x00001f17) x30 0x800148b4
core   0: 0x800138b8 (0x743f2623) sw      gp, 1868(t5)
core   0: 3 0x800138b8 (0x743f2623) mem 0x80015000 0x00000001
core   0: 0x800138bc (0xff9ff06f) j       pc - 0x8
core   0: 3 0x800138bc (0xff9ff06f)
core   0: 0x800138b4 (0x00001f17) auipc   t5, 0x1
core   0: 3 0x800138b4 (0x00001f17) x30 0x800148b4
core   0: 0x800138b8 (0x743f2623) sw      gp, 1868(t5)
core   0: 3 0x800138b8 (0x743f2623) mem 0x80015000 0x00000001
core   0: 0x800138bc (0xff9ff06f) j       pc - 0x8
core   0: 3 0x800138bc (0xff9ff06f)
core   0: 0x800138b4 (0x00001f17) auipc   t5, 0x1
core   0: 3 0x800138b4 (0x00001f17) x30 0x800148b4
core   0: 0x800138b8 (0x743f2623) sw      gp, 1868(t5)
core   0: 3 0x800138b8 (0x743f2623) mem 0x80015000 0x00000001
core   0: 0x800138bc (0xff9ff06f) j       pc - 0x8
core   0: 3 0x800138bc (0xff9ff06f)
core   0: 0x800138b4 (0x00001f17) auipc   t5, 0x1
core   0: 3 0x800138b4 (0x00001f17) x30 0x800148b4
core   0: 0x800138b8 (0x743f2623) sw      gp, 1868(t5)
core   0: 3 0x800138b8 (0x743f2623) mem 0x80015000 0x00000001
core   0: 0x800138bc (0xff9ff06f) j       pc - 0x8
core   0: 3 0x800138bc (0xff9ff06f)
core   0: 0x800138b4 (0x00001f17) auipc   t5, 0x1
core   0: 3 0x800138b4 (0x00001f17) x30 0x800148b4
core   0: 0x800138b8 (0x743f2623) sw      gp, 1868(t5)
core   0: 3 0x800138b8 (0x743f2623) mem 0x80015000 0x00000001
core   0: 0x800138bc (0xff9ff06f) j       pc - 0x8
core   0: 3 0x800138bc (0xff9ff06f)
core   0: 0x800138b4 (0x00001f17) auipc   t5, 0x1
core   0: 3 0x800138b4 (0x00001f17) x30 0x800148b4
core   0: 0x800138b8 (0x743f2623) sw      gp, 1868(t5)
core   0: 3 0x800138b8 (0x743f2623) mem 0x80015000 0x00000001
core   0: 0x800138bc (0xff9ff06f) j       pc - 0x8
core   0: 3 0x800138bc (0xff9ff06f)
core   0: 0x800138b4 (0x00001f17) auipc   t5, 0x1
core   0: 3 0x800138b4 (0x00001f17) x30 0x800148b4
core   0: 0x800138b8 (0x743f2623) sw      gp, 1868(t5)
core   0: 3 0x800138b8 (0x743f2623) mem 0x80015000 0x00000001
core   0: 0x800138bc (0xff9ff06f) j       pc - 0x8
core   0: 3 0x800138bc (0xff9ff06f)
core   0: 0x800138b4 (0x00001f17) auipc   t5, 0x1
core   0: 3 0x800138b4 (0x00001f17) x30 0x800148b4
core   0: 0x800138b8 (0x743f2623) sw      gp, 1868(t5)
core   0: 3 0x800138b8 (0x743f2623) mem 0x80015000 0x00000001
core   0: 0x800138bc (0xff9ff06f) j       pc - 0x8
core   0: 3 0x800138bc (0xff9ff06f)
core   0: 0x800138b4 (0x00001f17) auipc   t5, 0x1
core   0: 3 0x800138b4 (0x00001f17) x30 0x800148b4
core   0: 0x800138b8 (0x743f2623) sw      gp, 1868(t5)
core   0: 3 0x800138b8 (0x743f2623) mem 0x80015000 0x00000001
core   0: 0x800138bc (0xff9ff06f) j       pc - 0x8
core   0: 3 0x800138bc (0xff9ff06f)
core   0: 0x800138b4 (0x00001f17) auipc   t5, 0x1
core   0: 3 0x800138b4 (0x00001f17) x30 0x800148b4
core   0: 0x800138b8 (0x743f2623) sw      gp, 1868(t5)
core   0: 3 0x800138b8 (0x743f2623) mem 0x80015000 0x00000001
core   0: 0x800138bc (0xff9ff06f) j       pc - 0x8
core   0: 3 0x800138bc (0xff9ff06f)
core   0: 0x800138b4 (0x00001f17) auipc   t5, 0x1
core   0: 3 0x800138b4 (0x00001f17) x30 0x800148b4
core   0: 0x800138b8 (0x743f2623) sw      gp, 1868(t5)
core   0: 3 0x800138b8 (0x743f2623) mem 0x80015000 0x00000001
core   0: 0x800138bc (0xff9ff06f) j       pc - 0x8
core   0: 3 0x800138bc (0xff9ff06f)
core   0: 0x800138b4 (0x00001f17) auipc   t5, 0x1
core   0: 3 0x800138b4 (0x00001f17) x30 0x800148b4
core   0: 0x800138b8 (0x743f2623) sw      gp, 1868(t5)
core   0: 3 0x800138b8 (0x743f2623) mem 0x80015000 0x00000001
core   0: 0x800138bc (0xff9ff06f) j       pc - 0x8
core   0: 3 0x800138bc (0xff9ff06f)
core   0: 0x800138b4 (0x00001f17) auipc   t5, 0x1
core   0: 3 0x800138b4 (0x00001f17) x30 0x800148b4
core   0: 0x800138b8 (0x743f2623) sw      gp, 1868(t5)
core   0: 3 0x800138b8 (0x743f2623) mem 0x80015000 0x00000001
core   0: 0x800138bc (0xff9ff06f) j       pc - 0x8
core   0: 3 0x800138bc (0xff9ff06f)
core   0: 0x800138b4 (0x00001f17) auipc   t5, 0x1
core   0: 3 0x800138b4 (0x00001f17) x30 0x800148b4
core   0: 0x800138b8 (0x743f2623) sw      gp, 1868(t5)
core   0: 3 0x800138b8 (0x743f2623) mem 0x80015000 0x00000001
core   0: 0x800138bc (0xff9ff06f) j       pc - 0x8
core   0: 3 0x800138bc (0xff9ff06f)
core   0: 0x800138b4 (0x00001f17) auipc   t5, 0x1
core   0: 3 0x800138b4 (0x00001f17) x30 0x800148b4
core   0: 0x800138b8 (0x743f2623) sw      gp, 1868(t5)
core   0: 3 0x800138b8 (0x743f2623) mem 0x80015000 0x00000001
core   0: 0x800138bc (0xff9ff06f) j       pc - 0x8
core   0: 3 0x800138bc (0xff9ff06f)
core   0: 0x800138b4 (0x00001f17) auipc   t5, 0x1
core   0: 3 0x800138b4 (0x00001f17) x30 0x800148b4
core   0: 0x800138b8 (0x743f2623) sw      gp, 1868(t5)
core   0: 3 0x800138b8 (0x743f2623) mem 0x80015000 0x00000001
core   0: 0x800138bc (0xff9ff06f) j       pc - 0x8
core   0: 3 0x800138bc (0xff9ff06f)
core   0: 0x800138b4 (0x00001f17) auipc   t5, 0x1
core   0: 3 0x800138b4 (0x00001f17) x30 0x800148b4
core   0: 0x800138b8 (0x743f2623) sw      gp, 1868(t5)
core   0: 3 0x800138b8 (0x743f2623) mem 0x80015000 0x00000001
core   0: 0x800138bc (0xff9ff06f) j       pc - 0x8
core   0: 3 0x800138bc (0xff9ff06f)
core   0: 0x800138b4 (0x00001f17) auipc   t5, 0x1
core   0: 3 0x800138b4 (0x00001f17) x30 0x800148b4
core   0: 0x800138b8 (0x743f2623) sw      gp, 1868(t5)
core   0: 3 0x800138b8 (0x743f2623) mem 0x80015000 0x00000001
core   0: 0x800138bc (0xff9ff06f) j       pc - 0x8
core   0: 3 0x800138bc (0xff9ff06f)
core   0: 0x800138b4 (0x00001f17) auipc   t5, 0x1
core   0: 3 0x800138b4 (0x00001f17) x30 0x800148b4
core   0: 0x800138b8 (0x743f2623) sw      gp, 1868(t5)
core   0: 3 0x800138b8 (0x743f2623) mem 0x80015000 0x00000001
core   0: 0x800138bc (0xff9ff06f) j       pc - 0x8
core   0: 3 0x800138bc (0xff9ff06f)
core   0: 0x800138b4 (0x00001f17) auipc   t5, 0x1
core   0: 3 0x800138b4 (0x00001f17) x30 0x800148b4
core   0: 0x800138b8 (0x743f2623) sw      gp, 1868(t5)
core   0: 3 0x800138b8 (0x743f2623) mem 0x80015000 0x00000001
core   0: 0x800138bc (0xff9ff06f) j       pc - 0x8
core   0: 3 0x800138bc (0xff9ff06f)
core   0: 0x800138b4 (0x00001f17) auipc   t5, 0x1
core   0: 3 0x800138b4 (0x00001f17) x30 0x800148b4
core   0: 0x800138b8 (0x743f2623) sw      gp, 1868(t5)
core   0: 3 0x800138b8 (0x743f2623) mem 0x80015000 0x00000001
core   0: 0x800138bc (0xff9ff06f) j       pc - 0x8
core   0: 3 0x800138bc (0xff9ff06f)
core   0: 0x800138b4 (0x00001f17) auipc   t5, 0x1
core   0: 3 0x800138b4 (0x00001f17) x30 0x800148b4
core   0: 0x800138b8 (0x743f2623) sw      gp, 1868(t5)
core   0: 3 0x800138b8 (0x743f2623) mem 0x80015000 0x00000001
core   0: 0x800138bc (0xff9ff06f) j       pc - 0x8
core   0: 3 0x800138bc (0xff9ff06f)
core   0: 0x800138b4 (0x00001f17) auipc   t5, 0x1
core   0: 3 0x800138b4 (0x00001f17) x30 0x800148b4
core   0: 0x800138b8 (0x743f2623) sw      gp, 1868(t5)
core   0: 3 0x800138b8 (0x743f2623) mem 0x80015000 0x00000001
core   0: 0x800138bc (0xff9ff06f) j       pc - 0x8
core   0: 3 0x800138bc (0xff9ff06f)
core   0: 0x800138b4 (0x00001f17) auipc   t5, 0x1
core   0: 3 0x800138b4 (0x00001f17) x30 0x800148b4
core   0: 0x800138b8 (0x743f2623) sw      gp, 1868(t5)
core   0: 3 0x800138b8 (0x743f2623) mem 0x80015000 0x00000001
core   0: 0x800138bc (0xff9ff06f) j       pc - 0x8
core   0: 3 0x800138bc (0xff9ff06f)
core   0: 0x800138b4 (0x00001f17) auipc   t5, 0x1
core   0: 3 0x800138b4 (0x00001f17) x30 0x800148b4
core   0: 0x800138b8 (0x743f2623) sw      gp, 1868(t5)
core   0: 3 0x800138b8 (0x743f2623) mem 0x80015000 0x00000001
core   0: 0x800138bc (0xff9ff06f) j       pc - 0x8
core   0: 3 0x800138bc (0xff9ff06f)
core   0: 0x800138b4 (0x00001f17) auipc   t5, 0x1
core   0: 3 0x800138b4 (0x00001f17) x30 0x800148b4
core   0: 0x800138b8 (0x743f2623) sw      gp, 1868(t5)
core   0: 3 0x800138b8 (0x743f2623) mem 0x80015000 0x00000001
core   0: 0x800138bc (0xff9ff06f) j       pc - 0x8
core   0: 3 0x800138bc (0xff9ff06f)
core   0: 0x800138b4 (0x00001f17) auipc   t5, 0x1
core   0: 3 0x800138b4 (0x00001f17) x30 0x800148b4
core   0: 0x800138b8 (0x743f2623) sw      gp, 1868(t5)
core   0: 3 0x800138b8 (0x743f2623) mem 0x80015000 0x00000001
core   0: 0x800138bc (0xff9ff06f) j       pc - 0x8
core   0: 3 0x800138bc (0xff9ff06f)
core   0: 0x800138b4 (0x00001f17) auipc   t5, 0x1
core   0: 3 0x800138b4 (0x00001f17) x30 0x800148b4
core   0: 0x800138b8 (0x743f2623) sw      gp, 1868(t5)
core   0: 3 0x800138b8 (0x743f2623) mem 0x80015000 0x00000001
core   0: 0x800138bc (0xff9ff06f) j       pc - 0x8
core   0: 3 0x800138bc (0xff9ff06f)
core   0: 0x800138b4 (0x00001f17) auipc   t5, 0x1
core   0: 3 0x800138b4 (0x00001f17) x30 0x800148b4
core   0: 0x800138b8 (0x743f2623) sw      gp, 1868(t5)
core   0: 3 0x800138b8 (0x743f2623) mem 0x80015000 0x00000001
core   0: 0x800138bc (0xff9ff06f) j       pc - 0x8
core   0: 3 0x800138bc (0xff9ff06f)
core   0: 0x800138b4 (0x00001f17) auipc   t5, 0x1
core   0: 3 0x800138b4 (0x00001f17) x30 0x800148b4
core   0: 0x800138b8 (0x743f2623) sw      gp, 1868(t5)
core   0: 3 0x800138b8 (0x743f2623) mem 0x80015000 0x00000001
core   0: 0x800138bc (0xff9ff06f) j       pc - 0x8
core   0: 3 0x800138bc (0xff9ff06f)
core   0: 0x800138b4 (0x00001f17) auipc   t5, 0x1
core   0: 3 0x800138b4 (0x00001f17) x30 0x800148b4
core   0: 0x800138b8 (0x743f2623) sw      gp, 1868(t5)
core   0: 3 0x800138b8 (0x743f2623) mem 0x80015000 0x00000001
core   0: 0x800138bc (0xff9ff06f) j       pc - 0x8
core   0: 3 0x800138bc (0xff9ff06f)
core   0: 0x800138b4 (0x00001f17) auipc   t5, 0x1
core   0: 3 0x800138b4 (0x00001f17) x30 0x800148b4
core   0: 0x800138b8 (0x743f2623) sw      gp, 1868(t5)
core   0: 3 0x800138b8 (0x743f2623) mem 0x80015000 0x00000001
core   0: 0x800138bc (0xff9ff06f) j       pc - 0x8
core   0: 3 0x800138bc (0xff9ff06f)
core   0: 0x800138b4 (0x00001f17) auipc   t5, 0x1
core   0: 3 0x800138b4 (0x00001f17) x30 0x800148b4
core   0: 0x800138b8 (0x743f2623) sw      gp, 1868(t5)
core   0: 3 0x800138b8 (0x743f2623) mem 0x80015000 0x00000001
core   0: 0x800138bc (0xff9ff06f) j       pc - 0x8
core   0: 3 0x800138bc (0xff9ff06f)
core   0: 0x800138b4 (0x00001f17) auipc   t5, 0x1
core   0: 3 0x800138b4 (0x00001f17) x30 0x800148b4
core   0: 0x800138b8 (0x743f2623) sw      gp, 1868(t5)
core   0: 3 0x800138b8 (0x743f2623) mem 0x80015000 0x00000001
core   0: 0x800138bc (0xff9ff06f) j       pc - 0x8
core   0: 3 0x800138bc (0xff9ff06f)
core   0: 0x800138b4 (0x00001f17) auipc   t5, 0x1
core   0: 3 0x800138b4 (0x00001f17) x30 0x800148b4
core   0: 0x800138b8 (0x743f2623) sw      gp, 1868(t5)
core   0: 3 0x800138b8 (0x743f2623) mem 0x80015000 0x00000001
core   0: 0x800138bc (0xff9ff06f) j       pc - 0x8
core   0: 3 0x800138bc (0xff9ff06f)
core   0: 0x800138b4 (0x00001f17) auipc   t5, 0x1
core   0: 3 0x800138b4 (0x00001f17) x30 0x800148b4
core   0: 0x800138b8 (0x743f2623) sw      gp, 1868(t5)
core   0: 3 0x800138b8 (0x743f2623) mem 0x80015000 0x00000001
core   0: 0x800138bc (0xff9ff06f) j       pc - 0x8
core   0: 3 0x800138bc (0xff9ff06f)
core   0: 0x800138b4 (0x00001f17) auipc   t5, 0x1
core   0: 3 0x800138b4 (0x00001f17) x30 0x800148b4
core   0: 0x800138b8 (0x743f2623) sw      gp, 1868(t5)
core   0: 3 0x800138b8 (0x743f2623) mem 0x80015000 0x00000001
core   0: 0x800138bc (0xff9ff06f) j       pc - 0x8
core   0: 3 0x800138bc (0xff9ff06f)
core   0: 0x800138b4 (0x00001f17) auipc   t5, 0x1
core   0: 3 0x800138b4 (0x00001f17) x30 0x800148b4
core   0: 0x800138b8 (0x743f2623) sw      gp, 1868(t5)
core   0: 3 0x800138b8 (0x743f2623) mem 0x80015000 0x00000001
core   0: 0x800138bc (0xff9ff06f) j       pc - 0x8
core   0: 3 0x800138bc (0xff9ff06f)
core   0: 0x800138b4 (0x00001f17) auipc   t5, 0x1
core   0: 3 0x800138b4 (0x00001f17) x30 0x800148b4
core   0: 0x800138b8 (0x743f2623) sw      gp, 1868(t5)
core   0: 3 0x800138b8 (0x743f2623) mem 0x80015000 0x00000001
core   0: 0x800138bc (0xff9ff06f) j       pc - 0x8
core   0: 3 0x800138bc (0xff9ff06f)
core   0: 0x800138b4 (0x00001f17) auipc   t5, 0x1
core   0: 3 0x800138b4 (0x00001f17) x30 0x800148b4
core   0: 0x800138b8 (0x743f2623) sw      gp, 1868(t5)
core   0: 3 0x800138b8 (0x743f2623) mem 0x80015000 0x00000001
core   0: 0x800138bc (0xff9ff06f) j       pc - 0x8
core   0: 3 0x800138bc (0xff9ff06f)
core   0: 0x800138b4 (0x00001f17) auipc   t5, 0x1
core   0: 3 0x800138b4 (0x00001f17) x30 0x800148b4
core   0: 0x800138b8 (0x743f2623) sw      gp, 1868(t5)
core   0: 3 0x800138b8 (0x743f2623) mem 0x80015000 0x00000001
core   0: 0x800138bc (0xff9ff06f) j       pc - 0x8
core   0: 3 0x800138bc (0xff9ff06f)
core   0: 0x800138b4 (0x00001f17) auipc   t5, 0x1
core   0: 3 0x800138b4 (0x00001f17) x30 0x800148b4
core   0: 0x800138b8 (0x743f2623) sw      gp, 1868(t5)
core   0: 3 0x800138b8 (0x743f2623) mem 0x80015000 0x00000001
core   0: 0x800138bc (0xff9ff06f) j       pc - 0x8
core   0: 3 0x800138bc (0xff9ff06f)
core   0: 0x800138b4 (0x00001f17) auipc   t5, 0x1
core   0: 3 0x800138b4 (0x00001f17) x30 0x800148b4
core   0: 0x800138b8 (0x743f2623) sw      gp, 1868(t5)
core   0: 3 0x800138b8 (0x743f2623) mem 0x80015000 0x00000001
core   0: 0x800138bc (0xff9ff06f) j       pc - 0x8
core   0: 3 0x800138bc (0xff9ff06f)
core   0: 0x800138b4 (0x00001f17) auipc   t5, 0x1
core   0: 3 0x800138b4 (0x00001f17) x30 0x800148b4
core   0: 0x800138b8 (0x743f2623) sw      gp, 1868(t5)
core   0: 3 0x800138b8 (0x743f2623) mem 0x80015000 0x00000001
core   0: 0x800138bc (0xff9ff06f) j       pc - 0x8
core   0: 3 0x800138bc (0xff9ff06f)
core   0: 0x800138b4 (0x00001f17) auipc   t5, 0x1
core   0: 3 0x800138b4 (0x00001f17) x30 0x800148b4
core   0: 0x800138b8 (0x743f2623) sw      gp, 1868(t5)
core   0: 3 0x800138b8 (0x743f2623) mem 0x80015000 0x00000001
core   0: 0x800138bc (0xff9ff06f) j       pc - 0x8
core   0: 3 0x800138bc (0xff9ff06f)
core   0: 0x800138b4 (0x00001f17) auipc   t5, 0x1
core   0: 3 0x800138b4 (0x00001f17) x30 0x800148b4
core   0: 0x800138b8 (0x743f2623) sw      gp, 1868(t5)
core   0: 3 0x800138b8 (0x743f2623) mem 0x80015000 0x00000001
core   0: 0x800138bc (0xff9ff06f) j       pc - 0x8
core   0: 3 0x800138bc (0xff9ff06f)
core   0: 0x800138b4 (0x00001f17) auipc   t5, 0x1
core   0: 3 0x800138b4 (0x00001f17) x30 0x800148b4
core   0: 0x800138b8 (0x743f2623) sw      gp, 1868(t5)
core   0: 3 0x800138b8 (0x743f2623) mem 0x80015000 0x00000001
core   0: 0x800138bc (0xff9ff06f) j       pc - 0x8
core   0: 3 0x800138bc (0xff9ff06f)
core   0: 0x800138b4 (0x00001f17) auipc   t5, 0x1
core   0: 3 0x800138b4 (0x00001f17) x30 0x800148b4
core   0: 0x800138b8 (0x743f2623) sw      gp, 1868(t5)
core   0: 3 0x800138b8 (0x743f2623) mem 0x80015000 0x00000001
core   0: 0x800138bc (0xff9ff06f) j       pc - 0x8
core   0: 3 0x800138bc (0xff9ff06f)
core   0: 0x800138b4 (0x00001f17) auipc   t5, 0x1
core   0: 3 0x800138b4 (0x00001f17) x30 0x800148b4
core   0: 0x800138b8 (0x743f2623) sw      gp, 1868(t5)
core   0: 3 0x800138b8 (0x743f2623) mem 0x80015000 0x00000001
core   0: 0x800138bc (0xff9ff06f) j       pc - 0x8
core   0: 3 0x800138bc (0xff9ff06f)
core   0: 0x800138b4 (0x00001f17) auipc   t5, 0x1
core   0: 3 0x800138b4 (0x00001f17) x30 0x800148b4
core   0: 0x800138b8 (0x743f2623) sw      gp, 1868(t5)
core   0: 3 0x800138b8 (0x743f2623) mem 0x80015000 0x00000001
core   0: 0x800138bc (0xff9ff06f) j       pc - 0x8
core   0: 3 0x800138bc (0xff9ff06f)
core   0: 0x800138b4 (0x00001f17) auipc   t5, 0x1
core   0: 3 0x800138b4 (0x00001f17) x30 0x800148b4
core   0: 0x800138b8 (0x743f2623) sw      gp, 1868(t5)
core   0: 3 0x800138b8 (0x743f2623) mem 0x80015000 0x00000001
core   0: 0x800138bc (0xff9ff06f) j       pc - 0x8
core   0: 3 0x800138bc (0xff9ff06f)
core   0: 0x800138b4 (0x00001f17) auipc   t5, 0x1
core   0: 3 0x800138b4 (0x00001f17) x30 0x800148b4
core   0: 0x800138b8 (0x743f2623) sw      gp, 1868(t5)
core   0: 3 0x800138b8 (0x743f2623) mem 0x80015000 0x00000001
core   0: 0x800138bc (0xff9ff06f) j       pc - 0x8
core   0: 3 0x800138bc (0xff9ff06f)
core   0: 0x800138b4 (0x00001f17) auipc   t5, 0x1
core   0: 3 0x800138b4 (0x00001f17) x30 0x800148b4
core   0: 0x800138b8 (0x743f2623) sw      gp, 1868(t5)
core   0: 3 0x800138b8 (0x743f2623) mem 0x80015000 0x00000001
core   0: 0x800138bc (0xff9ff06f) j       pc - 0x8
core   0: 3 0x800138bc (0xff9ff06f)
core   0: 0x800138b4 (0x00001f17) auipc   t5, 0x1
core   0: 3 0x800138b4 (0x00001f17) x30 0x800148b4
core   0: 0x800138b8 (0x743f2623) sw      gp, 1868(t5)
core   0: 3 0x800138b8 (0x743f2623) mem 0x80015000 0x00000001
core   0: 0x800138bc (0xff9ff06f) j       pc - 0x8
core   0: 3 0x800138bc (0xff9ff06f)
core   0: 0x800138b4 (0x00001f17) auipc   t5, 0x1
core   0: 3 0x800138b4 (0x00001f17) x30 0x800148b4
core   0: 0x800138b8 (0x743f2623) sw      gp, 1868(t5)
core   0: 3 0x800138b8 (0x743f2623) mem 0x80015000 0x00000001
core   0: 0x800138bc (0xff9ff06f) j       pc - 0x8
core   0: 3 0x800138bc (0xff9ff06f)
core   0: 0x800138b4 (0x00001f17) auipc   t5, 0x1
core   0: 3 0x800138b4 (0x00001f17) x30 0x800148b4
core   0: 0x800138b8 (0x743f2623) sw      gp, 1868(t5)
core   0: 3 0x800138b8 (0x743f2623) mem 0x80015000 0x00000001
core   0: 0x800138bc (0xff9ff06f) j       pc - 0x8
core   0: 3 0x800138bc (0xff9ff06f)
core   0: 0x800138b4 (0x00001f17) auipc   t5, 0x1
core   0: 3 0x800138b4 (0x00001f17) x30 0x800148b4
core   0: 0x800138b8 (0x743f2623) sw      gp, 1868(t5)
core   0: 3 0x800138b8 (0x743f2623) mem 0x80015000 0x00000001
core   0: 0x800138bc (0xff9ff06f) j       pc - 0x8
core   0: 3 0x800138bc (0xff9ff06f)
core   0: 0x800138b4 (0x00001f17) auipc   t5, 0x1
core   0: 3 0x800138b4 (0x00001f17) x30 0x800148b4
core   0: 0x800138b8 (0x743f2623) sw      gp, 1868(t5)
core   0: 3 0x800138b8 (0x743f2623) mem 0x80015000 0x00000001
core   0: 0x800138bc (0xff9ff06f) j       pc - 0x8
core   0: 3 0x800138bc (0xff9ff06f)
core   0: 0x800138b4 (0x00001f17) auipc   t5, 0x1
core   0: 3 0x800138b4 (0x00001f17) x30 0x800148b4
core   0: 0x800138b8 (0x743f2623) sw      gp, 1868(t5)
core   0: 3 0x800138b8 (0x743f2623) mem 0x80015000 0x00000001
core   0: 0x800138bc (0xff9ff06f) j       pc - 0x8
core   0: 3 0x800138bc (0xff9ff06f)
core   0: 0x800138b4 (0x00001f17) auipc   t5, 0x1
core   0: 3 0x800138b4 (0x00001f17) x30 0x800148b4
core   0: 0x800138b8 (0x743f2623) sw      gp, 1868(t5)
core   0: 3 0x800138b8 (0x743f2623) mem 0x80015000 0x00000001
core   0: 0x800138bc (0xff9ff06f) j       pc - 0x8
core   0: 3 0x800138bc (0xff9ff06f)
core   0: 0x800138b4 (0x00001f17) auipc   t5, 0x1
core   0: 3 0x800138b4 (0x00001f17) x30 0x800148b4
core   0: 0x800138b8 (0x743f2623) sw      gp, 1868(t5)
core   0: 3 0x800138b8 (0x743f2623) mem 0x80015000 0x00000001
core   0: 0x800138bc (0xff9ff06f) j       pc - 0x8
core   0: 3 0x800138bc (0xff9ff06f)
core   0: 0x800138b4 (0x00001f17) auipc   t5, 0x1
core   0: 3 0x800138b4 (0x00001f17) x30 0x800148b4
core   0: 0x800138b8 (0x743f2623) sw      gp, 1868(t5)
core   0: 3 0x800138b8 (0x743f2623) mem 0x80015000 0x00000001
core   0: 0x800138bc (0xff9ff06f) j       pc - 0x8
core   0: 3 0x800138bc (0xff9ff06f)
core   0: 0x800138b4 (0x00001f17) auipc   t5, 0x1
core   0: 3 0x800138b4 (0x00001f17) x30 0x800148b4
core   0: 0x800138b8 (0x743f2623) sw      gp, 1868(t5)
core   0: 3 0x800138b8 (0x743f2623) mem 0x80015000 0x00000001
core   0: 0x800138bc (0xff9ff06f) j       pc - 0x8
core   0: 3 0x800138bc (0xff9ff06f)
core   0: 0x800138b4 (0x00001f17) auipc   t5, 0x1
core   0: 3 0x800138b4 (0x00001f17) x30 0x800148b4
core   0: 0x800138b8 (0x743f2623) sw      gp, 1868(t5)
core   0: 3 0x800138b8 (0x743f2623) mem 0x80015000 0x00000001
core   0: 0x800138bc (0xff9ff06f) j       pc - 0x8
core   0: 3 0x800138bc (0xff9ff06f)
core   0: 0x800138b4 (0x00001f17) auipc   t5, 0x1
core   0: 3 0x800138b4 (0x00001f17) x30 0x800148b4
core   0: 0x800138b8 (0x743f2623) sw      gp, 1868(t5)
core   0: 3 0x800138b8 (0x743f2623) mem 0x80015000 0x00000001
core   0: 0x800138bc (0xff9ff06f) j       pc - 0x8
core   0: 3 0x800138bc (0xff9ff06f)
core   0: 0x800138b4 (0x00001f17) auipc   t5, 0x1
core   0: 3 0x800138b4 (0x00001f17) x30 0x800148b4
core   0: 0x800138b8 (0x743f2623) sw      gp, 1868(t5)
core   0: 3 0x800138b8 (0x743f2623) mem 0x80015000 0x00000001
core   0: 0x800138bc (0xff9ff06f) j       pc - 0x8
core   0: 3 0x800138bc (0xff9ff06f)
core   0: 0x800138b4 (0x00001f17) auipc   t5, 0x1
core   0: 3 0x800138b4 (0x00001f17) x30 0x800148b4
core   0: 0x800138b8 (0x743f2623) sw      gp, 1868(t5)
core   0: 3 0x800138b8 (0x743f2623) mem 0x80015000 0x00000001
core   0: 0x800138bc (0xff9ff06f) j       pc - 0x8
core   0: 3 0x800138bc (0xff9ff06f)
core   0: 0x800138b4 (0x00001f17) auipc   t5, 0x1
core   0: 3 0x800138b4 (0x00001f17) x30 0x800148b4
core   0: 0x800138b8 (0x743f2623) sw      gp, 1868(t5)
core   0: 3 0x800138b8 (0x743f2623) mem 0x80015000 0x00000001
core   0: 0x800138bc (0xff9ff06f) j       pc - 0x8
core   0: 3 0x800138bc (0xff9ff06f)
core   0: 0x800138b4 (0x00001f17) auipc   t5, 0x1
core   0: 3 0x800138b4 (0x00001f17) x30 0x800148b4
core   0: 0x800138b8 (0x743f2623) sw      gp, 1868(t5)
core   0: 3 0x800138b8 (0x743f2623) mem 0x80015000 0x00000001
core   0: 0x800138bc (0xff9ff06f) j       pc - 0x8
core   0: 3 0x800138bc (0xff9ff06f)
core   0: 0x800138b4 (0x00001f17) auipc   t5, 0x1
core   0: 3 0x800138b4 (0x00001f17) x30 0x800148b4
core   0: 0x800138b8 (0x743f2623) sw      gp, 1868(t5)
core   0: 3 0x800138b8 (0x743f2623) mem 0x80015000 0x00000001
core   0: 0x800138bc (0xff9ff06f) j       pc - 0x8
core   0: 3 0x800138bc (0xff9ff06f)
core   0: 0x800138b4 (0x00001f17) auipc   t5, 0x1
core   0: 3 0x800138b4 (0x00001f17) x30 0x800148b4
core   0: 0x800138b8 (0x743f2623) sw      gp, 1868(t5)
core   0: 3 0x800138b8 (0x743f2623) mem 0x80015000 0x00000001
core   0: 0x800138bc (0xff9ff06f) j       pc - 0x8
core   0: 3 0x800138bc (0xff9ff06f)
core   0: 0x800138b4 (0x00001f17) auipc   t5, 0x1
core   0: 3 0x800138b4 (0x00001f17) x30 0x800148b4
core   0: 0x800138b8 (0x743f2623) sw      gp, 1868(t5)
core   0: 3 0x800138b8 (0x743f2623) mem 0x80015000 0x00000001
core   0: 0x800138bc (0xff9ff06f) j       pc - 0x8
core   0: 3 0x800138bc (0xff9ff06f)
core   0: 0x800138b4 (0x00001f17) auipc   t5, 0x1
core   0: 3 0x800138b4 (0x00001f17) x30 0x800148b4
core   0: 0x800138b8 (0x743f2623) sw      gp, 1868(t5)
core   0: 3 0x800138b8 (0x743f2623) mem 0x80015000 0x00000001
core   0: 0x800138bc (0xff9ff06f) j       pc - 0x8
core   0: 3 0x800138bc (0xff9ff06f)
core   0: 0x800138b4 (0x00001f17) auipc   t5, 0x1
core   0: 3 0x800138b4 (0x00001f17) x30 0x800148b4
core   0: 0x800138b8 (0x743f2623) sw      gp, 1868(t5)
core   0: 3 0x800138b8 (0x743f2623) mem 0x80015000 0x00000001
core   0: 0x800138bc (0xff9ff06f) j       pc - 0x8
core   0: 3 0x800138bc (0xff9ff06f)
core   0: 0x800138b4 (0x00001f17) auipc   t5, 0x1
core   0: 3 0x800138b4 (0x00001f17) x30 0x800148b4
core   0: 0x800138b8 (0x743f2623) sw      gp, 1868(t5)
core   0: 3 0x800138b8 (0x743f2623) mem 0x80015000 0x00000001
core   0: 0x800138bc (0xff9ff06f) j       pc - 0x8
core   0: 3 0x800138bc (0xff9ff06f)
core   0: 0x800138b4 (0x00001f17) auipc   t5, 0x1
core   0: 3 0x800138b4 (0x00001f17) x30 0x800148b4
core   0: 0x800138b8 (0x743f2623) sw      gp, 1868(t5)
core   0: 3 0x800138b8 (0x743f2623) mem 0x80015000 0x00000001
core   0: 0x800138bc (0xff9ff06f) j       pc - 0x8
core   0: 3 0x800138bc (0xff9ff06f)
core   0: 0x800138b4 (0x00001f17) auipc   t5, 0x1
core   0: 3 0x800138b4 (0x00001f17) x30 0x800148b4
core   0: 0x800138b8 (0x743f2623) sw      gp, 1868(t5)
core   0: 3 0x800138b8 (0x743f2623) mem 0x80015000 0x00000001
core   0: 0x800138bc (0xff9ff06f) j       pc - 0x8
core   0: 3 0x800138bc (0xff9ff06f)
core   0: 0x800138b4 (0x00001f17) auipc   t5, 0x1
core   0: 3 0x800138b4 (0x00001f17) x30 0x800148b4
core   0: 0x800138b8 (0x743f2623) sw      gp, 1868(t5)
core   0: 3 0x800138b8 (0x743f2623) mem 0x80015000 0x00000001
core   0: 0x800138bc (0xff9ff06f) j       pc - 0x8
core   0: 3 0x800138bc (0xff9ff06f)
core   0: 0x800138b4 (0x00001f17) auipc   t5, 0x1
core   0: 3 0x800138b4 (0x00001f17) x30 0x800148b4
core   0: 0x800138b8 (0x743f2623) sw      gp, 1868(t5)
core   0: 3 0x800138b8 (0x743f2623) mem 0x80015000 0x00000001
core   0: 0x800138bc (0xff9ff06f) j       pc - 0x8
core   0: 3 0x800138bc (0xff9ff06f)
core   0: 0x800138b4 (0x00001f17) auipc   t5, 0x1
core   0: 3 0x800138b4 (0x00001f17) x30 0x800148b4
core   0: 0x800138b8 (0x743f2623) sw      gp, 1868(t5)
core   0: 3 0x800138b8 (0x743f2623) mem 0x80015000 0x00000001
core   0: 0x800138bc (0xff9ff06f) j       pc - 0x8
core   0: 3 0x800138bc (0xff9ff06f)
core   0: 0x800138b4 (0x00001f17) auipc   t5, 0x1
core   0: 3 0x800138b4 (0x00001f17) x30 0x800148b4
core   0: 0x800138b8 (0x743f2623) sw      gp, 1868(t5)
core   0: 3 0x800138b8 (0x743f2623) mem 0x80015000 0x00000001
core   0: 0x800138bc (0xff9ff06f) j       pc - 0x8
core   0: 3 0x800138bc (0xff9ff06f)
core   0: 0x800138b4 (0x00001f17) auipc   t5, 0x1
core   0: 3 0x800138b4 (0x00001f17) x30 0x800148b4
core   0: 0x800138b8 (0x743f2623) sw      gp, 1868(t5)
core   0: 3 0x800138b8 (0x743f2623) mem 0x80015000 0x00000001
core   0: 0x800138bc (0xff9ff06f) j       pc - 0x8
core   0: 3 0x800138bc (0xff9ff06f)
core   0: 0x800138b4 (0x00001f17) auipc   t5, 0x1
core   0: 3 0x800138b4 (0x00001f17) x30 0x800148b4
core   0: 0x800138b8 (0x743f2623) sw      gp, 1868(t5)
core   0: 3 0x800138b8 (0x743f2623) mem 0x80015000 0x00000001
core   0: 0x800138bc (0xff9ff06f) j       pc - 0x8
core   0: 3 0x800138bc (0xff9ff06f)
core   0: 0x800138b4 (0x00001f17) auipc   t5, 0x1
core   0: 3 0x800138b4 (0x00001f17) x30 0x800148b4
core   0: 0x800138b8 (0x743f2623) sw      gp, 1868(t5)
core   0: 3 0x800138b8 (0x743f2623) mem 0x80015000 0x00000001
core   0: 0x800138bc (0xff9ff06f) j       pc - 0x8
core   0: 3 0x800138bc (0xff9ff06f)
core   0: 0x800138b4 (0x00001f17) auipc   t5, 0x1
core   0: 3 0x800138b4 (0x00001f17) x30 0x800148b4
core   0: 0x800138b8 (0x743f2623) sw      gp, 1868(t5)
core   0: 3 0x800138b8 (0x743f2623) mem 0x80015000 0x00000001
core   0: 0x800138bc (0xff9ff06f) j       pc - 0x8
core   0: 3 0x800138bc (0xff9ff06f)
core   0: 0x800138b4 (0x00001f17) auipc   t5, 0x1
core   0: 3 0x800138b4 (0x00001f17) x30 0x800148b4
core   0: 0x800138b8 (0x743f2623) sw      gp, 1868(t5)
core   0: 3 0x800138b8 (0x743f2623) mem 0x80015000 0x00000001
core   0: 0x800138bc (0xff9ff06f) j       pc - 0x8
core   0: 3 0x800138bc (0xff9ff06f)
core   0: 0x800138b4 (0x00001f17) auipc   t5, 0x1
core   0: 3 0x800138b4 (0x00001f17) x30 0x800148b4
core   0: 0x800138b8 (0x743f2623) sw      gp, 1868(t5)
core   0: 3 0x800138b8 (0x743f2623) mem 0x80015000 0x00000001
core   0: 0x800138bc (0xff9ff06f) j       pc - 0x8
core   0: 3 0x800138bc (0xff9ff06f)
core   0: 0x800138b4 (0x00001f17) auipc   t5, 0x1
core   0: 3 0x800138b4 (0x00001f17) x30 0x800148b4
core   0: 0x800138b8 (0x743f2623) sw      gp, 1868(t5)
core   0: 3 0x800138b8 (0x743f2623) mem 0x80015000 0x00000001
core   0: 0x800138bc (0xff9ff06f) j       pc - 0x8
core   0: 3 0x800138bc (0xff9ff06f)
core   0: 0x800138b4 (0x00001f17) auipc   t5, 0x1
core   0: 3 0x800138b4 (0x00001f17) x30 0x800148b4
core   0: 0x800138b8 (0x743f2623) sw      gp, 1868(t5)
core   0: 3 0x800138b8 (0x743f2623) mem 0x80015000 0x00000001
core   0: 0x800138bc (0xff9ff06f) j       pc - 0x8
core   0: 3 0x800138bc (0xff9ff06f)
core   0: 0x800138b4 (0x00001f17) auipc   t5, 0x1
core   0: 3 0x800138b4 (0x00001f17) x30 0x800148b4
core   0: 0x800138b8 (0x743f2623) sw      gp, 1868(t5)
core   0: 3 0x800138b8 (0x743f2623) mem 0x80015000 0x00000001
core   0: 0x800138bc (0xff9ff06f) j       pc - 0x8
core   0: 3 0x800138bc (0xff9ff06f)
core   0: 0x800138b4 (0x00001f17) auipc   t5, 0x1
core   0: 3 0x800138b4 (0x00001f17) x30 0x800148b4
core   0: 0x800138b8 (0x743f2623) sw      gp, 1868(t5)
core   0: 3 0x800138b8 (0x743f2623) mem 0x80015000 0x00000001
core   0: 0x800138bc (0xff9ff06f) j       pc - 0x8
core   0: 3 0x800138bc (0xff9ff06f)
core   0: 0x800138b4 (0x00001f17) auipc   t5, 0x1
core   0: 3 0x800138b4 (0x00001f17) x30 0x800148b4
core   0: 0x800138b8 (0x743f2623) sw      gp, 1868(t5)
core   0: 3 0x800138b8 (0x743f2623) mem 0x80015000 0x00000001
core   0: 0x800138bc (0xff9ff06f) j       pc - 0x8
core   0: 3 0x800138bc (0xff9ff06f)
core   0: 0x800138b4 (0x00001f17) auipc   t5, 0x1
core   0: 3 0x800138b4 (0x00001f17) x30 0x800148b4
core   0: 0x800138b8 (0x743f2623) sw      gp, 1868(t5)
core   0: 3 0x800138b8 (0x743f2623) mem 0x80015000 0x00000001
core   0: 0x800138bc (0xff9ff06f) j       pc - 0x8
core   0: 3 0x800138bc (0xff9ff06f)
core   0: 0x800138b4 (0x00001f17) auipc   t5, 0x1
core   0: 3 0x800138b4 (0x00001f17) x30 0x800148b4
core   0: 0x800138b8 (0x743f2623) sw      gp, 1868(t5)
core   0: 3 0x800138b8 (0x743f2623) mem 0x80015000 0x00000001
core   0: 0x800138bc (0xff9ff06f) j       pc - 0x8
core   0: 3 0x800138bc (0xff9ff06f)
core   0: 0x800138b4 (0x00001f17) auipc   t5, 0x1
core   0: 3 0x800138b4 (0x00001f17) x30 0x800148b4
core   0: 0x800138b8 (0x743f2623) sw      gp, 1868(t5)
core   0: 3 0x800138b8 (0x743f2623) mem 0x80015000 0x00000001
core   0: 0x800138bc (0xff9ff06f) j       pc - 0x8
core   0: 3 0x800138bc (0xff9ff06f)
core   0: 0x800138b4 (0x00001f17) auipc   t5, 0x1
core   0: 3 0x800138b4 (0x00001f17) x30 0x800148b4
core   0: 0x800138b8 (0x743f2623) sw      gp, 1868(t5)
core   0: 3 0x800138b8 (0x743f2623) mem 0x80015000 0x00000001
core   0: 0x800138bc (0xff9ff06f) j       pc - 0x8
core   0: 3 0x800138bc (0xff9ff06f)
core   0: 0x800138b4 (0x00001f17) auipc   t5, 0x1
core   0: 3 0x800138b4 (0x00001f17) x30 0x800148b4
core   0: 0x800138b8 (0x743f2623) sw      gp, 1868(t5)
core   0: 3 0x800138b8 (0x743f2623) mem 0x80015000 0x00000001
core   0: 0x800138bc (0xff9ff06f) j       pc - 0x8
core   0: 3 0x800138bc (0xff9ff06f)
core   0: 0x800138b4 (0x00001f17) auipc   t5, 0x1
core   0: 3 0x800138b4 (0x00001f17) x30 0x800148b4
core   0: 0x800138b8 (0x743f2623) sw      gp, 1868(t5)
core   0: 3 0x800138b8 (0x743f2623) mem 0x80015000 0x00000001
core   0: 0x800138bc (0xff9ff06f) j       pc - 0x8
core   0: 3 0x800138bc (0xff9ff06f)
core   0: 0x800138b4 (0x00001f17) auipc   t5, 0x1
core   0: 3 0x800138b4 (0x00001f17) x30 0x800148b4
core   0: 0x800138b8 (0x743f2623) sw      gp, 1868(t5)
core   0: 3 0x800138b8 (0x743f2623) mem 0x80015000 0x00000001
core   0: 0x800138bc (0xff9ff06f) j       pc - 0x8
core   0: 3 0x800138bc (0xff9ff06f)
core   0: 0x800138b4 (0x00001f17) auipc   t5, 0x1
core   0: 3 0x800138b4 (0x00001f17) x30 0x800148b4
core   0: 0x800138b8 (0x743f2623) sw      gp, 1868(t5)
core   0: 3 0x800138b8 (0x743f2623) mem 0x80015000 0x00000001
core   0: 0x800138bc (0xff9ff06f) j       pc - 0x8
core   0: 3 0x800138bc (0xff9ff06f)
core   0: 0x800138b4 (0x00001f17) auipc   t5, 0x1
core   0: 3 0x800138b4 (0x00001f17) x30 0x800148b4
core   0: 0x800138b8 (0x743f2623) sw      gp, 1868(t5)
core   0: 3 0x800138b8 (0x743f2623) mem 0x80015000 0x00000001
core   0: 0x800138bc (0xff9ff06f) j       pc - 0x8
core   0: 3 0x800138bc (0xff9ff06f)
core   0: 0x800138b4 (0x00001f17) auipc   t5, 0x1
core   0: 3 0x800138b4 (0x00001f17) x30 0x800148b4
core   0: 0x800138b8 (0x743f2623) sw      gp, 1868(t5)
core   0: 3 0x800138b8 (0x743f2623) mem 0x80015000 0x00000001
core   0: 0x800138bc (0xff9ff06f) j       pc - 0x8
core   0: 3 0x800138bc (0xff9ff06f)
core   0: 0x800138b4 (0x00001f17) auipc   t5, 0x1
core   0: 3 0x800138b4 (0x00001f17) x30 0x800148b4
core   0: 0x800138b8 (0x743f2623) sw      gp, 1868(t5)
core   0: 3 0x800138b8 (0x743f2623) mem 0x80015000 0x00000001
core   0: 0x800138bc (0xff9ff06f) j       pc - 0x8
core   0: 3 0x800138bc (0xff9ff06f)
core   0: 0x800138b4 (0x00001f17) auipc   t5, 0x1
core   0: 3 0x800138b4 (0x00001f17) x30 0x800148b4
core   0: 0x800138b8 (0x743f2623) sw      gp, 1868(t5)
core   0: 3 0x800138b8 (0x743f2623) mem 0x80015000 0x00000001
core   0: 0x800138bc (0xff9ff06f) j       pc - 0x8
core   0: 3 0x800138bc (0xff9ff06f)
core   0: 0x800138b4 (0x00001f17) auipc   t5, 0x1
core   0: 3 0x800138b4 (0x00001f17) x30 0x800148b4
core   0: 0x800138b8 (0x743f2623) sw      gp, 1868(t5)
core   0: 3 0x800138b8 (0x743f2623) mem 0x80015000 0x00000001
core   0: 0x800138bc (0xff9ff06f) j       pc - 0x8
core   0: 3 0x800138bc (0xff9ff06f)
core   0: 0x800138b4 (0x00001f17) auipc   t5, 0x1
core   0: 3 0x800138b4 (0x00001f17) x30 0x800148b4
core   0: 0x800138b8 (0x743f2623) sw      gp, 1868(t5)
core   0: 3 0x800138b8 (0x743f2623) mem 0x80015000 0x00000001
core   0: 0x800138bc (0xff9ff06f) j       pc - 0x8
core   0: 3 0x800138bc (0xff9ff06f)
core   0: 0x800138b4 (0x00001f17) auipc   t5, 0x1
core   0: 3 0x800138b4 (0x00001f17) x30 0x800148b4
core   0: 0x800138b8 (0x743f2623) sw      gp, 1868(t5)
core   0: 3 0x800138b8 (0x743f2623) mem 0x80015000 0x00000001
core   0: 0x800138bc (0xff9ff06f) j       pc - 0x8
core   0: 3 0x800138bc (0xff9ff06f)
core   0: 0x800138b4 (0x00001f17) auipc   t5, 0x1
core   0: 3 0x800138b4 (0x00001f17) x30 0x800148b4
core   0: 0x800138b8 (0x743f2623) sw      gp, 1868(t5)
core   0: 3 0x800138b8 (0x743f2623) mem 0x80015000 0x00000001
core   0: 0x800138bc (0xff9ff06f) j       pc - 0x8
core   0: 3 0x800138bc (0xff9ff06f)
core   0: 0x800138b4 (0x00001f17) auipc   t5, 0x1
core   0: 3 0x800138b4 (0x00001f17) x30 0x800148b4
core   0: 0x800138b8 (0x743f2623) sw      gp, 1868(t5)
core   0: 3 0x800138b8 (0x743f2623) mem 0x80015000 0x00000001
core   0: 0x800138bc (0xff9ff06f) j       pc - 0x8
core   0: 3 0x800138bc (0xff9ff06f)
core   0: 0x800138b4 (0x00001f17) auipc   t5, 0x1
core   0: 3 0x800138b4 (0x00001f17) x30 0x800148b4
core   0: 0x800138b8 (0x743f2623) sw      gp, 1868(t5)
core   0: 3 0x800138b8 (0x743f2623) mem 0x80015000 0x00000001
core   0: 0x800138bc (0xff9ff06f) j       pc - 0x8
core   0: 3 0x800138bc (0xff9ff06f)
core   0: 0x800138b4 (0x00001f17) auipc   t5, 0x1
core   0: 3 0x800138b4 (0x00001f17) x30 0x800148b4
core   0: 0x800138b8 (0x743f2623) sw      gp, 1868(t5)
core   0: 3 0x800138b8 (0x743f2623) mem 0x80015000 0x00000001
core   0: 0x800138bc (0xff9ff06f) j       pc - 0x8
core   0: 3 0x800138bc (0xff9ff06f)
core   0: 0x800138b4 (0x00001f17) auipc   t5, 0x1
core   0: 3 0x800138b4 (0x00001f17) x30 0x800148b4
core   0: 0x800138b8 (0x743f2623) sw      gp, 1868(t5)
core   0: 3 0x800138b8 (0x743f2623) mem 0x80015000 0x00000001
core   0: 0x800138bc (0xff9ff06f) j       pc - 0x8
core   0: 3 0x800138bc (0xff9ff06f)
core   0: 0x800138b4 (0x00001f17) auipc   t5, 0x1
core   0: 3 0x800138b4 (0x00001f17) x30 0x800148b4
core   0: 0x800138b8 (0x743f2623) sw      gp, 1868(t5)
core   0: 3 0x800138b8 (0x743f2623) mem 0x80015000 0x00000001
core   0: 0x800138bc (0xff9ff06f) j       pc - 0x8
core   0: 3 0x800138bc (0xff9ff06f)
core   0: 0x800138b4 (0x00001f17) auipc   t5, 0x1
core   0: 3 0x800138b4 (0x00001f17) x30 0x800148b4
core   0: 0x800138b8 (0x743f2623) sw      gp, 1868(t5)
core   0: 3 0x800138b8 (0x743f2623) mem 0x80015000 0x00000001
core   0: 0x800138bc (0xff9ff06f) j       pc - 0x8
core   0: 3 0x800138bc (0xff9ff06f)
core   0: 0x800138b4 (0x00001f17) auipc   t5, 0x1
core   0: 3 0x800138b4 (0x00001f17) x30 0x800148b4
core   0: 0x800138b8 (0x743f2623) sw      gp, 1868(t5)
core   0: 3 0x800138b8 (0x743f2623) mem 0x80015000 0x00000001
core   0: 0x800138bc (0xff9ff06f) j       pc - 0x8
core   0: 3 0x800138bc (0xff9ff06f)
core   0: 0x800138b4 (0x00001f17) auipc   t5, 0x1
core   0: 3 0x800138b4 (0x00001f17) x30 0x800148b4
core   0: 0x800138b8 (0x743f2623) sw      gp, 1868(t5)
core   0: 3 0x800138b8 (0x743f2623) mem 0x80015000 0x00000001
core   0: 0x800138bc (0xff9ff06f) j       pc - 0x8
core   0: 3 0x800138bc (0xff9ff06f)
core   0: 0x800138b4 (0x00001f17) auipc   t5, 0x1
core   0: 3 0x800138b4 (0x00001f17) x30 0x800148b4
core   0: 0x800138b8 (0x743f2623) sw      gp, 1868(t5)
core   0: 3 0x800138b8 (0x743f2623) mem 0x80015000 0x00000001
core   0: 0x800138bc (0xff9ff06f) j       pc - 0x8
core   0: 3 0x800138bc (0xff9ff06f)
core   0: 0x800138b4 (0x00001f17) auipc   t5, 0x1
core   0: 3 0x800138b4 (0x00001f17) x30 0x800148b4
core   0: 0x800138b8 (0x743f2623) sw      gp, 1868(t5)
core   0: 3 0x800138b8 (0x743f2623) mem 0x80015000 0x00000001
core   0: 0x800138bc (0xff9ff06f) j       pc - 0x8
core   0: 3 0x800138bc (0xff9ff06f)
core   0: 0x800138b4 (0x00001f17) auipc   t5, 0x1
core   0: 3 0x800138b4 (0x00001f17) x30 0x800148b4
core   0: 0x800138b8 (0x743f2623) sw      gp, 1868(t5)
core   0: 3 0x800138b8 (0x743f2623) mem 0x80015000 0x00000001
core   0: 0x800138bc (0xff9ff06f) j       pc - 0x8
core   0: 3 0x800138bc (0xff9ff06f)
core   0: 0x800138b4 (0x00001f17) auipc   t5, 0x1
core   0: 3 0x800138b4 (0x00001f17) x30 0x800148b4
core   0: 0x800138b8 (0x743f2623) sw      gp, 1868(t5)
core   0: 3 0x800138b8 (0x743f2623) mem 0x80015000 0x00000001
core   0: 0x800138bc (0xff9ff06f) j       pc - 0x8
core   0: 3 0x800138bc (0xff9ff06f)
core   0: 0x800138b4 (0x00001f17) auipc   t5, 0x1
core   0: 3 0x800138b4 (0x00001f17) x30 0x800148b4
core   0: 0x800138b8 (0x743f2623) sw      gp, 1868(t5)
core   0: 3 0x800138b8 (0x743f2623) mem 0x80015000 0x00000001
core   0: 0x800138bc (0xff9ff06f) j       pc - 0x8
core   0: 3 0x800138bc (0xff9ff06f)
core   0: 0x800138b4 (0x00001f17) auipc   t5, 0x1
core   0: 3 0x800138b4 (0x00001f17) x30 0x800148b4
core   0: 0x800138b8 (0x743f2623) sw      gp, 1868(t5)
core   0: 3 0x800138b8 (0x743f2623) mem 0x80015000 0x00000001
core   0: 0x800138bc (0xff9ff06f) j       pc - 0x8
core   0: 3 0x800138bc (0xff9ff06f)
core   0: 0x800138b4 (0x00001f17) auipc   t5, 0x1
core   0: 3 0x800138b4 (0x00001f17) x30 0x800148b4
core   0: 0x800138b8 (0x743f2623) sw      gp, 1868(t5)
core   0: 3 0x800138b8 (0x743f2623) mem 0x80015000 0x00000001
core   0: 0x800138bc (0xff9ff06f) j       pc - 0x8
core   0: 3 0x800138bc (0xff9ff06f)
core   0: 0x800138b4 (0x00001f17) auipc   t5, 0x1
core   0: 3 0x800138b4 (0x00001f17) x30 0x800148b4
core   0: 0x800138b8 (0x743f2623) sw      gp, 1868(t5)
core   0: 3 0x800138b8 (0x743f2623) mem 0x80015000 0x00000001
core   0: 0x800138bc (0xff9ff06f) j       pc - 0x8
core   0: 3 0x800138bc (0xff9ff06f)
core   0: 0x800138b4 (0x00001f17) auipc   t5, 0x1
core   0: 3 0x800138b4 (0x00001f17) x30 0x800148b4
core   0: 0x800138b8 (0x743f2623) sw      gp, 1868(t5)
core   0: 3 0x800138b8 (0x743f2623) mem 0x80015000 0x00000001
core   0: 0x800138bc (0xff9ff06f) j       pc - 0x8
core   0: 3 0x800138bc (0xff9ff06f)
core   0: 0x800138b4 (0x00001f17) auipc   t5, 0x1
core   0: 3 0x800138b4 (0x00001f17) x30 0x800148b4
core   0: 0x800138b8 (0x743f2623) sw      gp, 1868(t5)
core   0: 3 0x800138b8 (0x743f2623) mem 0x80015000 0x00000001
core   0: 0x800138bc (0xff9ff06f) j       pc - 0x8
core   0: 3 0x800138bc (0xff9ff06f)
core   0: 0x800138b4 (0x00001f17) auipc   t5, 0x1
core   0: 3 0x800138b4 (0x00001f17) x30 0x800148b4
core   0: 0x800138b8 (0x743f2623) sw      gp, 1868(t5)
core   0: 3 0x800138b8 (0x743f2623) mem 0x80015000 0x00000001
core   0: 0x800138bc (0xff9ff06f) j       pc - 0x8
core   0: 3 0x800138bc (0xff9ff06f)
core   0: 0x800138b4 (0x00001f17) auipc   t5, 0x1
core   0: 3 0x800138b4 (0x00001f17) x30 0x800148b4
core   0: 0x800138b8 (0x743f2623) sw      gp, 1868(t5)
core   0: 3 0x800138b8 (0x743f2623) mem 0x80015000 0x00000001
core   0: 0x800138bc (0xff9ff06f) j       pc - 0x8
core   0: 3 0x800138bc (0xff9ff06f)
core   0: 0x800138b4 (0x00001f17) auipc   t5, 0x1
core   0: 3 0x800138b4 (0x00001f17) x30 0x800148b4
core   0: 0x800138b8 (0x743f2623) sw      gp, 1868(t5)
core   0: 3 0x800138b8 (0x743f2623) mem 0x80015000 0x00000001
core   0: 0x800138bc (0xff9ff06f) j       pc - 0x8
core   0: 3 0x800138bc (0xff9ff06f)
core   0: 0x800138b4 (0x00001f17) auipc   t5, 0x1
core   0: 3 0x800138b4 (0x00001f17) x30 0x800148b4
core   0: 0x800138b8 (0x743f2623) sw      gp, 1868(t5)
core   0: 3 0x800138b8 (0x743f2623) mem 0x80015000 0x00000001
core   0: 0x800138bc (0xff9ff06f) j       pc - 0x8
core   0: 3 0x800138bc (0xff9ff06f)
core   0: 0x800138b4 (0x00001f17) auipc   t5, 0x1
core   0: 3 0x800138b4 (0x00001f17) x30 0x800148b4
core   0: 0x800138b8 (0x743f2623) sw      gp, 1868(t5)
core   0: 3 0x800138b8 (0x743f2623) mem 0x80015000 0x00000001
core   0: 0x800138bc (0xff9ff06f) j       pc - 0x8
core   0: 3 0x800138bc (0xff9ff06f)
core   0: 0x800138b4 (0x00001f17) auipc   t5, 0x1
core   0: 3 0x800138b4 (0x00001f17) x30 0x800148b4
core   0: 0x800138b8 (0x743f2623) sw      gp, 1868(t5)
core   0: 3 0x800138b8 (0x743f2623) mem 0x80015000 0x00000001
core   0: 0x800138bc (0xff9ff06f) j       pc - 0x8
core   0: 3 0x800138bc (0xff9ff06f)
core   0: 0x800138b4 (0x00001f17) auipc   t5, 0x1
core   0: 3 0x800138b4 (0x00001f17) x30 0x800148b4
core   0: 0x800138b8 (0x743f2623) sw      gp, 1868(t5)
core   0: 3 0x800138b8 (0x743f2623) mem 0x80015000 0x00000001
core   0: 0x800138bc (0xff9ff06f) j       pc - 0x8
core   0: 3 0x800138bc (0xff9ff06f)
core   0: 0x800138b4 (0x00001f17) auipc   t5, 0x1
core   0: 3 0x800138b4 (0x00001f17) x30 0x800148b4
core   0: 0x800138b8 (0x743f2623) sw      gp, 1868(t5)
core   0: 3 0x800138b8 (0x743f2623) mem 0x80015000 0x00000001
core   0: 0x800138bc (0xff9ff06f) j       pc - 0x8
core   0: 3 0x800138bc (0xff9ff06f)
core   0: 0x800138b4 (0x00001f17) auipc   t5, 0x1
core   0: 3 0x800138b4 (0x00001f17) x30 0x800148b4
core   0: 0x800138b8 (0x743f2623) sw      gp, 1868(t5)
core   0: 3 0x800138b8 (0x743f2623) mem 0x80015000 0x00000001
core   0: 0x800138bc (0xff9ff06f) j       pc - 0x8
core   0: 3 0x800138bc (0xff9ff06f)
core   0: 0x800138b4 (0x00001f17) auipc   t5, 0x1
core   0: 3 0x800138b4 (0x00001f17) x30 0x800148b4
core   0: 0x800138b8 (0x743f2623) sw      gp, 1868(t5)
core   0: 3 0x800138b8 (0x743f2623) mem 0x80015000 0x00000001
core   0: 0x800138bc (0xff9ff06f) j       pc - 0x8
core   0: 3 0x800138bc (0xff9ff06f)
core   0: 0x800138b4 (0x00001f17) auipc   t5, 0x1
core   0: 3 0x800138b4 (0x00001f17) x30 0x800148b4
core   0: 0x800138b8 (0x743f2623) sw      gp, 1868(t5)
core   0: 3 0x800138b8 (0x743f2623) mem 0x80015000 0x00000001
core   0: 0x800138bc (0xff9ff06f) j       pc - 0x8
core   0: 3 0x800138bc (0xff9ff06f)
core   0: 0x800138b4 (0x00001f17) auipc   t5, 0x1
core   0: 3 0x800138b4 (0x00001f17) x30 0x800148b4
core   0: 0x800138b8 (0x743f2623) sw      gp, 1868(t5)
core   0: 3 0x800138b8 (0x743f2623) mem 0x80015000 0x00000001
core   0: 0x800138bc (0xff9ff06f) j       pc - 0x8
core   0: 3 0x800138bc (0xff9ff06f)
core   0: 0x800138b4 (0x00001f17) auipc   t5, 0x1
core   0: 3 0x800138b4 (0x00001f17) x30 0x800148b4
core   0: 0x800138b8 (0x743f2623) sw      gp, 1868(t5)
core   0: 3 0x800138b8 (0x743f2623) mem 0x80015000 0x00000001
core   0: 0x800138bc (0xff9ff06f) j       pc - 0x8
core   0: 3 0x800138bc (0xff9ff06f)
core   0: 0x800138b4 (0x00001f17) auipc   t5, 0x1
core   0: 3 0x800138b4 (0x00001f17) x30 0x800148b4
core   0: 0x800138b8 (0x743f2623) sw      gp, 1868(t5)
core   0: 3 0x800138b8 (0x743f2623) mem 0x80015000 0x00000001
core   0: 0x800138bc (0xff9ff06f) j       pc - 0x8
core   0: 3 0x800138bc (0xff9ff06f)
core   0: 0x800138b4 (0x00001f17) auipc   t5, 0x1
core   0: 3 0x800138b4 (0x00001f17) x30 0x800148b4
core   0: 0x800138b8 (0x743f2623) sw      gp, 1868(t5)
core   0: 3 0x800138b8 (0x743f2623) mem 0x80015000 0x00000001
core   0: 0x800138bc (0xff9ff06f) j       pc - 0x8
core   0: 3 0x800138bc (0xff9ff06f)
core   0: 0x800138b4 (0x00001f17) auipc   t5, 0x1
core   0: 3 0x800138b4 (0x00001f17) x30 0x800148b4
core   0: 0x800138b8 (0x743f2623) sw      gp, 1868(t5)
core   0: 3 0x800138b8 (0x743f2623) mem 0x80015000 0x00000001
core   0: 0x800138bc (0xff9ff06f) j       pc - 0x8
core   0: 3 0x800138bc (0xff9ff06f)
core   0: 0x800138b4 (0x00001f17) auipc   t5, 0x1
core   0: 3 0x800138b4 (0x00001f17) x30 0x800148b4
core   0: 0x800138b8 (0x743f2623) sw      gp, 1868(t5)
core   0: 3 0x800138b8 (0x743f2623) mem 0x80015000 0x00000001
core   0: 0x800138bc (0xff9ff06f) j       pc - 0x8
core   0: 3 0x800138bc (0xff9ff06f)
core   0: 0x800138b4 (0x00001f17) auipc   t5, 0x1
core   0: 3 0x800138b4 (0x00001f17) x30 0x800148b4
core   0: 0x800138b8 (0x743f2623) sw      gp, 1868(t5)
core   0: 3 0x800138b8 (0x743f2623) mem 0x80015000 0x00000001
core   0: 0x800138bc (0xff9ff06f) j       pc - 0x8
core   0: 3 0x800138bc (0xff9ff06f)
core   0: 0x800138b4 (0x00001f17) auipc   t5, 0x1
core   0: 3 0x800138b4 (0x00001f17) x30 0x800148b4
core   0: 0x800138b8 (0x743f2623) sw      gp, 1868(t5)
core   0: 3 0x800138b8 (0x743f2623) mem 0x80015000 0x00000001
core   0: 0x800138bc (0xff9ff06f) j       pc - 0x8
core   0: 3 0x800138bc (0xff9ff06f)
core   0: 0x800138b4 (0x00001f17) auipc   t5, 0x1
core   0: 3 0x800138b4 (0x00001f17) x30 0x800148b4
core   0: 0x800138b8 (0x743f2623) sw      gp, 1868(t5)
core   0: 3 0x800138b8 (0x743f2623) mem 0x80015000 0x00000001
core   0: 0x800138bc (0xff9ff06f) j       pc - 0x8
core   0: 3 0x800138bc (0xff9ff06f)
core   0: 0x800138b4 (0x00001f17) auipc   t5, 0x1
core   0: 3 0x800138b4 (0x00001f17) x30 0x800148b4
core   0: 0x800138b8 (0x743f2623) sw      gp, 1868(t5)
core   0: 3 0x800138b8 (0x743f2623) mem 0x80015000 0x00000001
core   0: 0x800138bc (0xff9ff06f) j       pc - 0x8
core   0: 3 0x800138bc (0xff9ff06f)
core   0: 0x800138b4 (0x00001f17) auipc   t5, 0x1
core   0: 3 0x800138b4 (0x00001f17) x30 0x800148b4
core   0: 0x800138b8 (0x743f2623) sw      gp, 1868(t5)
core   0: 3 0x800138b8 (0x743f2623) mem 0x80015000 0x00000001
core   0: 0x800138bc (0xff9ff06f) j       pc - 0x8
core   0: 3 0x800138bc (0xff9ff06f)
core   0: 0x800138b4 (0x00001f17) auipc   t5, 0x1
core   0: 3 0x800138b4 (0x00001f17) x30 0x800148b4
core   0: 0x800138b8 (0x743f2623) sw      gp, 1868(t5)
core   0: 3 0x800138b8 (0x743f2623) mem 0x80015000 0x00000001
core   0: 0x800138bc (0xff9ff06f) j       pc - 0x8
core   0: 3 0x800138bc (0xff9ff06f)
core   0: 0x800138b4 (0x00001f17) auipc   t5, 0x1
core   0: 3 0x800138b4 (0x00001f17) x30 0x800148b4
core   0: 0x800138b8 (0x743f2623) sw      gp, 1868(t5)
core   0: 3 0x800138b8 (0x743f2623) mem 0x80015000 0x00000001
core   0: 0x800138bc (0xff9ff06f) j       pc - 0x8
core   0: 3 0x800138bc (0xff9ff06f)
core   0: 0x800138b4 (0x00001f17) auipc   t5, 0x1
core   0: 3 0x800138b4 (0x00001f17) x30 0x800148b4
core   0: 0x800138b8 (0x743f2623) sw      gp, 1868(t5)
core   0: 3 0x800138b8 (0x743f2623) mem 0x80015000 0x00000001
core   0: 0x800138bc (0xff9ff06f) j       pc - 0x8
core   0: 3 0x800138bc (0xff9ff06f)
core   0: 0x800138b4 (0x00001f17) auipc   t5, 0x1
core   0: 3 0x800138b4 (0x00001f17) x30 0x800148b4
core   0: 0x800138b8 (0x743f2623) sw      gp, 1868(t5)
core   0: 3 0x800138b8 (0x743f2623) mem 0x80015000 0x00000001
core   0: 0x800138bc (0xff9ff06f) j       pc - 0x8
core   0: 3 0x800138bc (0xff9ff06f)
core   0: 0x800138b4 (0x00001f17) auipc   t5, 0x1
core   0: 3 0x800138b4 (0x00001f17) x30 0x800148b4
core   0: 0x800138b8 (0x743f2623) sw      gp, 1868(t5)
core   0: 3 0x800138b8 (0x743f2623) mem 0x80015000 0x00000001
core   0: 0x800138bc (0xff9ff06f) j       pc - 0x8
core   0: 3 0x800138bc (0xff9ff06f)
core   0: 0x800138b4 (0x00001f17) auipc   t5, 0x1
core   0: 3 0x800138b4 (0x00001f17) x30 0x800148b4
core   0: 0x800138b8 (0x743f2623) sw      gp, 1868(t5)
core   0: 3 0x800138b8 (0x743f2623) mem 0x80015000 0x00000001
core   0: 0x800138bc (0xff9ff06f) j       pc - 0x8
core   0: 3 0x800138bc (0xff9ff06f)
core   0: 0x800138b4 (0x00001f17) auipc   t5, 0x1
core   0: 3 0x800138b4 (0x00001f17) x30 0x800148b4
core   0: 0x800138b8 (0x743f2623) sw      gp, 1868(t5)
core   0: 3 0x800138b8 (0x743f2623) mem 0x80015000 0x00000001
core   0: 0x800138bc (0xff9ff06f) j       pc - 0x8
core   0: 3 0x800138bc (0xff9ff06f)
core   0: 0x800138b4 (0x00001f17) auipc   t5, 0x1
core   0: 3 0x800138b4 (0x00001f17) x30 0x800148b4
core   0: 0x800138b8 (0x743f2623) sw      gp, 1868(t5)
core   0: 3 0x800138b8 (0x743f2623) mem 0x80015000 0x00000001
core   0: 0x800138bc (0xff9ff06f) j       pc - 0x8
core   0: 3 0x800138bc (0xff9ff06f)
core   0: 0x800138b4 (0x00001f17) auipc   t5, 0x1
core   0: 3 0x800138b4 (0x00001f17) x30 0x800148b4
core   0: 0x800138b8 (0x743f2623) sw      gp, 1868(t5)
core   0: 3 0x800138b8 (0x743f2623) mem 0x80015000 0x00000001
core   0: 0x800138bc (0xff9ff06f) j       pc - 0x8
core   0: 3 0x800138bc (0xff9ff06f)
core   0: 0x800138b4 (0x00001f17) auipc   t5, 0x1
core   0: 3 0x800138b4 (0x00001f17) x30 0x800148b4
core   0: 0x800138b8 (0x743f2623) sw      gp, 1868(t5)
core   0: 3 0x800138b8 (0x743f2623) mem 0x80015000 0x00000001
core   0: 0x800138bc (0xff9ff06f) j       pc - 0x8
core   0: 3 0x800138bc (0xff9ff06f)
core   0: 0x800138b4 (0x00001f17) auipc   t5, 0x1
core   0: 3 0x800138b4 (0x00001f17) x30 0x800148b4
core   0: 0x800138b8 (0x743f2623) sw      gp, 1868(t5)
core   0: 3 0x800138b8 (0x743f2623) mem 0x80015000 0x00000001
core   0: 0x800138bc (0xff9ff06f) j       pc - 0x8
core   0: 3 0x800138bc (0xff9ff06f)
core   0: 0x800138b4 (0x00001f17) auipc   t5, 0x1
core   0: 3 0x800138b4 (0x00001f17) x30 0x800148b4
core   0: 0x800138b8 (0x743f2623) sw      gp, 1868(t5)
core   0: 3 0x800138b8 (0x743f2623) mem 0x80015000 0x00000001
core   0: 0x800138bc (0xff9ff06f) j       pc - 0x8
core   0: 3 0x800138bc (0xff9ff06f)
core   0: 0x800138b4 (0x00001f17) auipc   t5, 0x1
core   0: 3 0x800138b4 (0x00001f17) x30 0x800148b4
core   0: 0x800138b8 (0x743f2623) sw      gp, 1868(t5)
core   0: 3 0x800138b8 (0x743f2623) mem 0x80015000 0x00000001
core   0: 0x800138bc (0xff9ff06f) j       pc - 0x8
core   0: 3 0x800138bc (0xff9ff06f)
core   0: 0x800138b4 (0x00001f17) auipc   t5, 0x1
core   0: 3 0x800138b4 (0x00001f17) x30 0x800148b4
core   0: 0x800138b8 (0x743f2623) sw      gp, 1868(t5)
core   0: 3 0x800138b8 (0x743f2623) mem 0x80015000 0x00000001
core   0: 0x800138bc (0xff9ff06f) j       pc - 0x8
core   0: 3 0x800138bc (0xff9ff06f)
core   0: 0x800138b4 (0x00001f17) auipc   t5, 0x1
core   0: 3 0x800138b4 (0x00001f17) x30 0x800148b4
core   0: 0x800138b8 (0x743f2623) sw      gp, 1868(t5)
core   0: 3 0x800138b8 (0x743f2623) mem 0x80015000 0x00000001
core   0: 0x800138bc (0xff9ff06f) j       pc - 0x8
core   0: 3 0x800138bc (0xff9ff06f)
core   0: 0x800138b4 (0x00001f17) auipc   t5, 0x1
core   0: 3 0x800138b4 (0x00001f17) x30 0x800148b4
core   0: 0x800138b8 (0x743f2623) sw      gp, 1868(t5)
core   0: 3 0x800138b8 (0x743f2623) mem 0x80015000 0x00000001
core   0: 0x800138bc (0xff9ff06f) j       pc - 0x8
core   0: 3 0x800138bc (0xff9ff06f)
core   0: 0x800138b4 (0x00001f17) auipc   t5, 0x1
core   0: 3 0x800138b4 (0x00001f17) x30 0x800148b4
core   0: 0x800138b8 (0x743f2623) sw      gp, 1868(t5)
core   0: 3 0x800138b8 (0x743f2623) mem 0x80015000 0x00000001
core   0: 0x800138bc (0xff9ff06f) j       pc - 0x8
core   0: 3 0x800138bc (0xff9ff06f)
core   0: 0x800138b4 (0x00001f17) auipc   t5, 0x1
core   0: 3 0x800138b4 (0x00001f17) x30 0x800148b4
core   0: 0x800138b8 (0x743f2623) sw      gp, 1868(t5)
core   0: 3 0x800138b8 (0x743f2623) mem 0x80015000 0x00000001
core   0: 0x800138bc (0xff9ff06f) j       pc - 0x8
core   0: 3 0x800138bc (0xff9ff06f)
core   0: 0x800138b4 (0x00001f17) auipc   t5, 0x1
core   0: 3 0x800138b4 (0x00001f17) x30 0x800148b4
core   0: 0x800138b8 (0x743f2623) sw      gp, 1868(t5)
core   0: 3 0x800138b8 (0x743f2623) mem 0x80015000 0x00000001
core   0: 0x800138bc (0xff9ff06f) j       pc - 0x8
core   0: 3 0x800138bc (0xff9ff06f)
core   0: 0x800138b4 (0x00001f17) auipc   t5, 0x1
core   0: 3 0x800138b4 (0x00001f17) x30 0x800148b4
core   0: 0x800138b8 (0x743f2623) sw      gp, 1868(t5)
core   0: 3 0x800138b8 (0x743f2623) mem 0x80015000 0x00000001
core   0: 0x800138bc (0xff9ff06f) j       pc - 0x8
core   0: 3 0x800138bc (0xff9ff06f)
core   0: 0x800138b4 (0x00001f17) auipc   t5, 0x1
core   0: 3 0x800138b4 (0x00001f17) x30 0x800148b4
core   0: 0x800138b8 (0x743f2623) sw      gp, 1868(t5)
core   0: 3 0x800138b8 (0x743f2623) mem 0x80015000 0x00000001
core   0: 0x800138bc (0xff9ff06f) j       pc - 0x8
core   0: 3 0x800138bc (0xff9ff06f)
core   0: 0x800138b4 (0x00001f17) auipc   t5, 0x1
core   0: 3 0x800138b4 (0x00001f17) x30 0x800148b4
core   0: 0x800138b8 (0x743f2623) sw      gp, 1868(t5)
core   0: 3 0x800138b8 (0x743f2623) mem 0x80015000 0x00000001
core   0: 0x800138bc (0xff9ff06f) j       pc - 0x8
core   0: 3 0x800138bc (0xff9ff06f)
core   0: 0x800138b4 (0x00001f17) auipc   t5, 0x1
core   0: 3 0x800138b4 (0x00001f17) x30 0x800148b4
core   0: 0x800138b8 (0x743f2623) sw      gp, 1868(t5)
core   0: 3 0x800138b8 (0x743f2623) mem 0x80015000 0x00000001
core   0: 0x800138bc (0xff9ff06f) j       pc - 0x8
core   0: 3 0x800138bc (0xff9ff06f)
core   0: 0x800138b4 (0x00001f17) auipc   t5, 0x1
core   0: 3 0x800138b4 (0x00001f17) x30 0x800148b4
core   0: 0x800138b8 (0x743f2623) sw      gp, 1868(t5)
core   0: 3 0x800138b8 (0x743f2623) mem 0x80015000 0x00000001
core   0: 0x800138bc (0xff9ff06f) j       pc - 0x8
core   0: 3 0x800138bc (0xff9ff06f)
core   0: 0x800138b4 (0x00001f17) auipc   t5, 0x1
core   0: 3 0x800138b4 (0x00001f17) x30 0x800148b4
core   0: 0x800138b8 (0x743f2623) sw      gp, 1868(t5)
core   0: 3 0x800138b8 (0x743f2623) mem 0x80015000 0x00000001
core   0: 0x800138bc (0xff9ff06f) j       pc - 0x8
core   0: 3 0x800138bc (0xff9ff06f)
core   0: 0x800138b4 (0x00001f17) auipc   t5, 0x1
core   0: 3 0x800138b4 (0x00001f17) x30 0x800148b4
core   0: 0x800138b8 (0x743f2623) sw      gp, 1868(t5)
core   0: 3 0x800138b8 (0x743f2623) mem 0x80015000 0x00000001
core   0: 0x800138bc (0xff9ff06f) j       pc - 0x8
core   0: 3 0x800138bc (0xff9ff06f)
core   0: 0x800138b4 (0x00001f17) auipc   t5, 0x1
core   0: 3 0x800138b4 (0x00001f17) x30 0x800148b4
core   0: 0x800138b8 (0x743f2623) sw      gp, 1868(t5)
core   0: 3 0x800138b8 (0x743f2623) mem 0x80015000 0x00000001
core   0: 0x800138bc (0xff9ff06f) j       pc - 0x8
core   0: 3 0x800138bc (0xff9ff06f)
core   0: 0x800138b4 (0x00001f17) auipc   t5, 0x1
core   0: 3 0x800138b4 (0x00001f17) x30 0x800148b4
core   0: 0x800138b8 (0x743f2623) sw      gp, 1868(t5)
core   0: 3 0x800138b8 (0x743f2623) mem 0x80015000 0x00000001
core   0: 0x800138bc (0xff9ff06f) j       pc - 0x8
core   0: 3 0x800138bc (0xff9ff06f)
core   0: 0x800138b4 (0x00001f17) auipc   t5, 0x1
core   0: 3 0x800138b4 (0x00001f17) x30 0x800148b4
core   0: 0x800138b8 (0x743f2623) sw      gp, 1868(t5)
core   0: 3 0x800138b8 (0x743f2623) mem 0x80015000 0x00000001
core   0: 0x800138bc (0xff9ff06f) j       pc - 0x8
core   0: 3 0x800138bc (0xff9ff06f)
core   0: 0x800138b4 (0x00001f17) auipc   t5, 0x1
core   0: 3 0x800138b4 (0x00001f17) x30 0x800148b4
core   0: 0x800138b8 (0x743f2623) sw      gp, 1868(t5)
core   0: 3 0x800138b8 (0x743f2623) mem 0x80015000 0x00000001
core   0: 0x800138bc (0xff9ff06f) j       pc - 0x8
core   0: 3 0x800138bc (0xff9ff06f)
core   0: 0x800138b4 (0x00001f17) auipc   t5, 0x1
core   0: 3 0x800138b4 (0x00001f17) x30 0x800148b4
core   0: 0x800138b8 (0x743f2623) sw      gp, 1868(t5)
core   0: 3 0x800138b8 (0x743f2623) mem 0x80015000 0x00000001
core   0: 0x800138bc (0xff9ff06f) j       pc - 0x8
core   0: 3 0x800138bc (0xff9ff06f)
core   0: 0x800138b4 (0x00001f17) auipc   t5, 0x1
core   0: 3 0x800138b4 (0x00001f17) x30 0x800148b4
core   0: 0x800138b8 (0x743f2623) sw      gp, 1868(t5)
core   0: 3 0x800138b8 (0x743f2623) mem 0x80015000 0x00000001
core   0: 0x800138bc (0xff9ff06f) j       pc - 0x8
core   0: 3 0x800138bc (0xff9ff06f)
core   0: 0x800138b4 (0x00001f17) auipc   t5, 0x1
core   0: 3 0x800138b4 (0x00001f17) x30 0x800148b4
core   0: 0x800138b8 (0x743f2623) sw      gp, 1868(t5)
core   0: 3 0x800138b8 (0x743f2623) mem 0x80015000 0x00000001
core   0: 0x800138bc (0xff9ff06f) j       pc - 0x8
core   0: 3 0x800138bc (0xff9ff06f)
core   0: 0x800138b4 (0x00001f17) auipc   t5, 0x1
core   0: 3 0x800138b4 (0x00001f17) x30 0x800148b4
core   0: 0x800138b8 (0x743f2623) sw      gp, 1868(t5)
core   0: 3 0x800138b8 (0x743f2623) mem 0x80015000 0x00000001
core   0: 0x800138bc (0xff9ff06f) j       pc - 0x8
core   0: 3 0x800138bc (0xff9ff06f)
core   0: 0x800138b4 (0x00001f17) auipc   t5, 0x1
core   0: 3 0x800138b4 (0x00001f17) x30 0x800148b4
core   0: 0x800138b8 (0x743f2623) sw      gp, 1868(t5)
core   0: 3 0x800138b8 (0x743f2623) mem 0x80015000 0x00000001
core   0: 0x800138bc (0xff9ff06f) j       pc - 0x8
core   0: 3 0x800138bc (0xff9ff06f)
core   0: 0x800138b4 (0x00001f17) auipc   t5, 0x1
core   0: 3 0x800138b4 (0x00001f17) x30 0x800148b4
core   0: 0x800138b8 (0x743f2623) sw      gp, 1868(t5)
core   0: 3 0x800138b8 (0x743f2623) mem 0x80015000 0x00000001
core   0: 0x800138bc (0xff9ff06f) j       pc - 0x8
core   0: 3 0x800138bc (0xff9ff06f)
core   0: 0x800138b4 (0x00001f17) auipc   t5, 0x1
core   0: 3 0x800138b4 (0x00001f17) x30 0x800148b4
core   0: 0x800138b8 (0x743f2623) sw      gp, 1868(t5)
core   0: 3 0x800138b8 (0x743f2623) mem 0x80015000 0x00000001
core   0: 0x800138bc (0xff9ff06f) j       pc - 0x8
core   0: 3 0x800138bc (0xff9ff06f)
core   0: 0x800138b4 (0x00001f17) auipc   t5, 0x1
core   0: 3 0x800138b4 (0x00001f17) x30 0x800148b4
core   0: 0x800138b8 (0x743f2623) sw      gp, 1868(t5)
core   0: 3 0x800138b8 (0x743f2623) mem 0x80015000 0x00000001
core   0: 0x800138bc (0xff9ff06f) j       pc - 0x8
core   0: 3 0x800138bc (0xff9ff06f)
core   0: 0x800138b4 (0x00001f17) auipc   t5, 0x1
core   0: 3 0x800138b4 (0x00001f17) x30 0x800148b4
core   0: 0x800138b8 (0x743f2623) sw      gp, 1868(t5)
core   0: 3 0x800138b8 (0x743f2623) mem 0x80015000 0x00000001
core   0: 0x800138bc (0xff9ff06f) j       pc - 0x8
core   0: 3 0x800138bc (0xff9ff06f)
core   0: 0x800138b4 (0x00001f17) auipc   t5, 0x1
core   0: 3 0x800138b4 (0x00001f17) x30 0x800148b4
core   0: 0x800138b8 (0x743f2623) sw      gp, 1868(t5)
core   0: 3 0x800138b8 (0x743f2623) mem 0x80015000 0x00000001
core   0: 0x800138bc (0xff9ff06f) j       pc - 0x8
core   0: 3 0x800138bc (0xff9ff06f)
core   0: 0x800138b4 (0x00001f17) auipc   t5, 0x1
core   0: 3 0x800138b4 (0x00001f17) x30 0x800148b4
core   0: 0x800138b8 (0x743f2623) sw      gp, 1868(t5)
core   0: 3 0x800138b8 (0x743f2623) mem 0x80015000 0x00000001
core   0: 0x800138bc (0xff9ff06f) j       pc - 0x8
core   0: 3 0x800138bc (0xff9ff06f)
core   0: 0x800138b4 (0x00001f17) auipc   t5, 0x1
core   0: 3 0x800138b4 (0x00001f17) x30 0x800148b4
core   0: 0x800138b8 (0x743f2623) sw      gp, 1868(t5)
core   0: 3 0x800138b8 (0x743f2623) mem 0x80015000 0x00000001
core   0: 0x800138bc (0xff9ff06f) j       pc - 0x8
core   0: 3 0x800138bc (0xff9ff06f)
core   0: 0x800138b4 (0x00001f17) auipc   t5, 0x1
core   0: 3 0x800138b4 (0x00001f17) x30 0x800148b4
core   0: 0x800138b8 (0x743f2623) sw      gp, 1868(t5)
core   0: 3 0x800138b8 (0x743f2623) mem 0x80015000 0x00000001
core   0: 0x800138bc (0xff9ff06f) j       pc - 0x8
core   0: 3 0x800138bc (0xff9ff06f)
core   0: 0x800138b4 (0x00001f17) auipc   t5, 0x1
core   0: 3 0x800138b4 (0x00001f17) x30 0x800148b4
core   0: 0x800138b8 (0x743f2623) sw      gp, 1868(t5)
core   0: 3 0x800138b8 (0x743f2623) mem 0x80015000 0x00000001
core   0: 0x800138bc (0xff9ff06f) j       pc - 0x8
core   0: 3 0x800138bc (0xff9ff06f)
core   0: 0x800138b4 (0x00001f17) auipc   t5, 0x1
core   0: 3 0x800138b4 (0x00001f17) x30 0x800148b4
core   0: 0x800138b8 (0x743f2623) sw      gp, 1868(t5)
core   0: 3 0x800138b8 (0x743f2623) mem 0x80015000 0x00000001
core   0: 0x800138bc (0xff9ff06f) j       pc - 0x8
core   0: 3 0x800138bc (0xff9ff06f)
core   0: 0x800138b4 (0x00001f17) auipc   t5, 0x1
core   0: 3 0x800138b4 (0x00001f17) x30 0x800148b4
core   0: 0x800138b8 (0x743f2623) sw      gp, 1868(t5)
core   0: 3 0x800138b8 (0x743f2623) mem 0x80015000 0x00000001
core   0: 0x800138bc (0xff9ff06f) j       pc - 0x8
core   0: 3 0x800138bc (0xff9ff06f)
core   0: 0x800138b4 (0x00001f17) auipc   t5, 0x1
core   0: 3 0x800138b4 (0x00001f17) x30 0x800148b4
core   0: 0x800138b8 (0x743f2623) sw      gp, 1868(t5)
core   0: 3 0x800138b8 (0x743f2623) mem 0x80015000 0x00000001
core   0: 0x800138bc (0xff9ff06f) j       pc - 0x8
core   0: 3 0x800138bc (0xff9ff06f)
core   0: 0x800138b4 (0x00001f17) auipc   t5, 0x1
core   0: 3 0x800138b4 (0x00001f17) x30 0x800148b4
core   0: 0x800138b8 (0x743f2623) sw      gp, 1868(t5)
core   0: 3 0x800138b8 (0x743f2623) mem 0x80015000 0x00000001
core   0: 0x800138bc (0xff9ff06f) j       pc - 0x8
core   0: 3 0x800138bc (0xff9ff06f)
core   0: 0x800138b4 (0x00001f17) auipc   t5, 0x1
core   0: 3 0x800138b4 (0x00001f17) x30 0x800148b4
core   0: 0x800138b8 (0x743f2623) sw      gp, 1868(t5)
core   0: 3 0x800138b8 (0x743f2623) mem 0x80015000 0x00000001
core   0: 0x800138bc (0xff9ff06f) j       pc - 0x8
core   0: 3 0x800138bc (0xff9ff06f)
core   0: 0x800138b4 (0x00001f17) auipc   t5, 0x1
core   0: 3 0x800138b4 (0x00001f17) x30 0x800148b4
core   0: 0x800138b8 (0x743f2623) sw      gp, 1868(t5)
core   0: 3 0x800138b8 (0x743f2623) mem 0x80015000 0x00000001
core   0: 0x800138bc (0xff9ff06f) j       pc - 0x8
core   0: 3 0x800138bc (0xff9ff06f)
core   0: 0x800138b4 (0x00001f17) auipc   t5, 0x1
core   0: 3 0x800138b4 (0x00001f17) x30 0x800148b4
core   0: 0x800138b8 (0x743f2623) sw      gp, 1868(t5)
core   0: 3 0x800138b8 (0x743f2623) mem 0x80015000 0x00000001
core   0: 0x800138bc (0xff9ff06f) j       pc - 0x8
core   0: 3 0x800138bc (0xff9ff06f)
core   0: 0x800138b4 (0x00001f17) auipc   t5, 0x1
core   0: 3 0x800138b4 (0x00001f17) x30 0x800148b4
core   0: 0x800138b8 (0x743f2623) sw      gp, 1868(t5)
core   0: 3 0x800138b8 (0x743f2623) mem 0x80015000 0x00000001
core   0: 0x800138bc (0xff9ff06f) j       pc - 0x8
core   0: 3 0x800138bc (0xff9ff06f)
core   0: 0x800138b4 (0x00001f17) auipc   t5, 0x1
core   0: 3 0x800138b4 (0x00001f17) x30 0x800148b4
core   0: 0x800138b8 (0x743f2623) sw      gp, 1868(t5)
core   0: 3 0x800138b8 (0x743f2623) mem 0x80015000 0x00000001
core   0: 0x800138bc (0xff9ff06f) j       pc - 0x8
core   0: 3 0x800138bc (0xff9ff06f)
core   0: 0x800138b4 (0x00001f17) auipc   t5, 0x1
core   0: 3 0x800138b4 (0x00001f17) x30 0x800148b4
core   0: 0x800138b8 (0x743f2623) sw      gp, 1868(t5)
core   0: 3 0x800138b8 (0x743f2623) mem 0x80015000 0x00000001
core   0: 0x800138bc (0xff9ff06f) j       pc - 0x8
core   0: 3 0x800138bc (0xff9ff06f)
core   0: 0x800138b4 (0x00001f17) auipc   t5, 0x1
core   0: 3 0x800138b4 (0x00001f17) x30 0x800148b4
core   0: 0x800138b8 (0x743f2623) sw      gp, 1868(t5)
core   0: 3 0x800138b8 (0x743f2623) mem 0x80015000 0x00000001
core   0: 0x800138bc (0xff9ff06f) j       pc - 0x8
core   0: 3 0x800138bc (0xff9ff06f)
core   0: 0x800138b4 (0x00001f17) auipc   t5, 0x1
core   0: 3 0x800138b4 (0x00001f17) x30 0x800148b4
core   0: 0x800138b8 (0x743f2623) sw      gp, 1868(t5)
core   0: 3 0x800138b8 (0x743f2623) mem 0x80015000 0x00000001
core   0: 0x800138bc (0xff9ff06f) j       pc - 0x8
core   0: 3 0x800138bc (0xff9ff06f)
core   0: 0x800138b4 (0x00001f17) auipc   t5, 0x1
core   0: 3 0x800138b4 (0x00001f17) x30 0x800148b4
core   0: 0x800138b8 (0x743f2623) sw      gp, 1868(t5)
core   0: 3 0x800138b8 (0x743f2623) mem 0x80015000 0x00000001
core   0: 0x800138bc (0xff9ff06f) j       pc - 0x8
core   0: 3 0x800138bc (0xff9ff06f)
core   0: 0x800138b4 (0x00001f17) auipc   t5, 0x1
core   0: 3 0x800138b4 (0x00001f17) x30 0x800148b4
core   0: 0x800138b8 (0x743f2623) sw      gp, 1868(t5)
core   0: 3 0x800138b8 (0x743f2623) mem 0x80015000 0x00000001
core   0: 0x800138bc (0xff9ff06f) j       pc - 0x8
core   0: 3 0x800138bc (0xff9ff06f)
core   0: 0x800138b4 (0x00001f17) auipc   t5, 0x1
core   0: 3 0x800138b4 (0x00001f17) x30 0x800148b4
core   0: 0x800138b8 (0x743f2623) sw      gp, 1868(t5)
core   0: 3 0x800138b8 (0x743f2623) mem 0x80015000 0x00000001
core   0: 0x800138bc (0xff9ff06f) j       pc - 0x8
core   0: 3 0x800138bc (0xff9ff06f)
core   0: 0x800138b4 (0x00001f17) auipc   t5, 0x1
core   0: 3 0x800138b4 (0x00001f17) x30 0x800148b4
core   0: 0x800138b8 (0x743f2623) sw      gp, 1868(t5)
core   0: 3 0x800138b8 (0x743f2623) mem 0x80015000 0x00000001
core   0: 0x800138bc (0xff9ff06f) j       pc - 0x8
core   0: 3 0x800138bc (0xff9ff06f)
core   0: 0x800138b4 (0x00001f17) auipc   t5, 0x1
core   0: 3 0x800138b4 (0x00001f17) x30 0x800148b4
core   0: 0x800138b8 (0x743f2623) sw      gp, 1868(t5)
core   0: 3 0x800138b8 (0x743f2623) mem 0x80015000 0x00000001
core   0: 0x800138bc (0xff9ff06f) j       pc - 0x8
core   0: 3 0x800138bc (0xff9ff06f)
core   0: 0x800138b4 (0x00001f17) auipc   t5, 0x1
core   0: 3 0x800138b4 (0x00001f17) x30 0x800148b4
core   0: 0x800138b8 (0x743f2623) sw      gp, 1868(t5)
core   0: 3 0x800138b8 (0x743f2623) mem 0x80015000 0x00000001
core   0: 0x800138bc (0xff9ff06f) j       pc - 0x8
core   0: 3 0x800138bc (0xff9ff06f)
core   0: 0x800138b4 (0x00001f17) auipc   t5, 0x1
core   0: 3 0x800138b4 (0x00001f17) x30 0x800148b4
core   0: 0x800138b8 (0x743f2623) sw      gp, 1868(t5)
core   0: 3 0x800138b8 (0x743f2623) mem 0x80015000 0x00000001
core   0: 0x800138bc (0xff9ff06f) j       pc - 0x8
core   0: 3 0x800138bc (0xff9ff06f)
core   0: 0x800138b4 (0x00001f17) auipc   t5, 0x1
core   0: 3 0x800138b4 (0x00001f17) x30 0x800148b4
core   0: 0x800138b8 (0x743f2623) sw      gp, 1868(t5)
core   0: 3 0x800138b8 (0x743f2623) mem 0x80015000 0x00000001
core   0: 0x800138bc (0xff9ff06f) j       pc - 0x8
core   0: 3 0x800138bc (0xff9ff06f)
core   0: 0x800138b4 (0x00001f17) auipc   t5, 0x1
core   0: 3 0x800138b4 (0x00001f17) x30 0x800148b4
core   0: 0x800138b8 (0x743f2623) sw      gp, 1868(t5)
core   0: 3 0x800138b8 (0x743f2623) mem 0x80015000 0x00000001
core   0: 0x800138bc (0xff9ff06f) j       pc - 0x8
core   0: 3 0x800138bc (0xff9ff06f)
core   0: 0x800138b4 (0x00001f17) auipc   t5, 0x1
core   0: 3 0x800138b4 (0x00001f17) x30 0x800148b4
core   0: 0x800138b8 (0x743f2623) sw      gp, 1868(t5)
core   0: 3 0x800138b8 (0x743f2623) mem 0x80015000 0x00000001
core   0: 0x800138bc (0xff9ff06f) j       pc - 0x8
core   0: 3 0x800138bc (0xff9ff06f)
core   0: 0x800138b4 (0x00001f17) auipc   t5, 0x1
core   0: 3 0x800138b4 (0x00001f17) x30 0x800148b4
core   0: 0x800138b8 (0x743f2623) sw      gp, 1868(t5)
core   0: 3 0x800138b8 (0x743f2623) mem 0x80015000 0x00000001
core   0: 0x800138bc (0xff9ff06f) j       pc - 0x8
core   0: 3 0x800138bc (0xff9ff06f)
core   0: 0x800138b4 (0x00001f17) auipc   t5, 0x1
core   0: 3 0x800138b4 (0x00001f17) x30 0x800148b4
core   0: 0x800138b8 (0x743f2623) sw      gp, 1868(t5)
core   0: 3 0x800138b8 (0x743f2623) mem 0x80015000 0x00000001
core   0: 0x800138bc (0xff9ff06f) j       pc - 0x8
core   0: 3 0x800138bc (0xff9ff06f)
core   0: 0x800138b4 (0x00001f17) auipc   t5, 0x1
core   0: 3 0x800138b4 (0x00001f17) x30 0x800148b4
core   0: 0x800138b8 (0x743f2623) sw      gp, 1868(t5)
core   0: 3 0x800138b8 (0x743f2623) mem 0x80015000 0x00000001
core   0: 0x800138bc (0xff9ff06f) j       pc - 0x8
core   0: 3 0x800138bc (0xff9ff06f)
core   0: 0x800138b4 (0x00001f17) auipc   t5, 0x1
core   0: 3 0x800138b4 (0x00001f17) x30 0x800148b4
core   0: 0x800138b8 (0x743f2623) sw      gp, 1868(t5)
core   0: 3 0x800138b8 (0x743f2623) mem 0x80015000 0x00000001
core   0: 0x800138bc (0xff9ff06f) j       pc - 0x8
core   0: 3 0x800138bc (0xff9ff06f)
core   0: 0x800138b4 (0x00001f17) auipc   t5, 0x1
core   0: 3 0x800138b4 (0x00001f17) x30 0x800148b4
core   0: 0x800138b8 (0x743f2623) sw      gp, 1868(t5)
core   0: 3 0x800138b8 (0x743f2623) mem 0x80015000 0x00000001
core   0: 0x800138bc (0xff9ff06f) j       pc - 0x8
core   0: 3 0x800138bc (0xff9ff06f)
core   0: 0x800138b4 (0x00001f17) auipc   t5, 0x1
core   0: 3 0x800138b4 (0x00001f17) x30 0x800148b4
core   0: 0x800138b8 (0x743f2623) sw      gp, 1868(t5)
core   0: 3 0x800138b8 (0x743f2623) mem 0x80015000 0x00000001
core   0: 0x800138bc (0xff9ff06f) j       pc - 0x8
core   0: 3 0x800138bc (0xff9ff06f)
core   0: 0x800138b4 (0x00001f17) auipc   t5, 0x1
core   0: 3 0x800138b4 (0x00001f17) x30 0x800148b4
core   0: 0x800138b8 (0x743f2623) sw      gp, 1868(t5)
core   0: 3 0x800138b8 (0x743f2623) mem 0x80015000 0x00000001
core   0: 0x800138bc (0xff9ff06f) j       pc - 0x8
core   0: 3 0x800138bc (0xff9ff06f)
core   0: 0x800138b4 (0x00001f17) auipc   t5, 0x1
core   0: 3 0x800138b4 (0x00001f17) x30 0x800148b4
core   0: 0x800138b8 (0x743f2623) sw      gp, 1868(t5)
core   0: 3 0x800138b8 (0x743f2623) mem 0x80015000 0x00000001
core   0: 0x800138bc (0xff9ff06f) j       pc - 0x8
core   0: 3 0x800138bc (0xff9ff06f)
core   0: 0x800138b4 (0x00001f17) auipc   t5, 0x1
core   0: 3 0x800138b4 (0x00001f17) x30 0x800148b4
core   0: 0x800138b8 (0x743f2623) sw      gp, 1868(t5)
core   0: 3 0x800138b8 (0x743f2623) mem 0x80015000 0x00000001
core   0: 0x800138bc (0xff9ff06f) j       pc - 0x8
core   0: 3 0x800138bc (0xff9ff06f)
core   0: 0x800138b4 (0x00001f17) auipc   t5, 0x1
core   0: 3 0x800138b4 (0x00001f17) x30 0x800148b4
core   0: 0x800138b8 (0x743f2623) sw      gp, 1868(t5)
core   0: 3 0x800138b8 (0x743f2623) mem 0x80015000 0x00000001
core   0: 0x800138bc (0xff9ff06f) j       pc - 0x8
core   0: 3 0x800138bc (0xff9ff06f)
core   0: 0x800138b4 (0x00001f17) auipc   t5, 0x1
core   0: 3 0x800138b4 (0x00001f17) x30 0x800148b4
core   0: 0x800138b8 (0x743f2623) sw      gp, 1868(t5)
core   0: 3 0x800138b8 (0x743f2623) mem 0x80015000 0x00000001
core   0: 0x800138bc (0xff9ff06f) j       pc - 0x8
core   0: 3 0x800138bc (0xff9ff06f)
core   0: 0x800138b4 (0x00001f17) auipc   t5, 0x1
core   0: 3 0x800138b4 (0x00001f17) x30 0x800148b4
core   0: 0x800138b8 (0x743f2623) sw      gp, 1868(t5)
core   0: 3 0x800138b8 (0x743f2623) mem 0x80015000 0x00000001
core   0: 0x800138bc (0xff9ff06f) j       pc - 0x8
core   0: 3 0x800138bc (0xff9ff06f)
core   0: 0x800138b4 (0x00001f17) auipc   t5, 0x1
core   0: 3 0x800138b4 (0x00001f17) x30 0x800148b4
core   0: 0x800138b8 (0x743f2623) sw      gp, 1868(t5)
core   0: 3 0x800138b8 (0x743f2623) mem 0x80015000 0x00000001
core   0: 0x800138bc (0xff9ff06f) j       pc - 0x8
core   0: 3 0x800138bc (0xff9ff06f)
core   0: 0x800138b4 (0x00001f17) auipc   t5, 0x1
core   0: 3 0x800138b4 (0x00001f17) x30 0x800148b4
core   0: 0x800138b8 (0x743f2623) sw      gp, 1868(t5)
core   0: 3 0x800138b8 (0x743f2623) mem 0x80015000 0x00000001
core   0: 0x800138bc (0xff9ff06f) j       pc - 0x8
core   0: 3 0x800138bc (0xff9ff06f)
core   0: 0x800138b4 (0x00001f17) auipc   t5, 0x1
core   0: 3 0x800138b4 (0x00001f17) x30 0x800148b4
core   0: 0x800138b8 (0x743f2623) sw      gp, 1868(t5)
core   0: 3 0x800138b8 (0x743f2623) mem 0x80015000 0x00000001
core   0: 0x800138bc (0xff9ff06f) j       pc - 0x8
core   0: 3 0x800138bc (0xff9ff06f)
core   0: 0x800138b4 (0x00001f17) auipc   t5, 0x1
core   0: 3 0x800138b4 (0x00001f17) x30 0x800148b4
core   0: 0x800138b8 (0x743f2623) sw      gp, 1868(t5)
core   0: 3 0x800138b8 (0x743f2623) mem 0x80015000 0x00000001
core   0: 0x800138bc (0xff9ff06f) j       pc - 0x8
core   0: 3 0x800138bc (0xff9ff06f)
core   0: 0x800138b4 (0x00001f17) auipc   t5, 0x1
core   0: 3 0x800138b4 (0x00001f17) x30 0x800148b4
core   0: 0x800138b8 (0x743f2623) sw      gp, 1868(t5)
core   0: 3 0x800138b8 (0x743f2623) mem 0x80015000 0x00000001
core   0: 0x800138bc (0xff9ff06f) j       pc - 0x8
core   0: 3 0x800138bc (0xff9ff06f)
core   0: 0x800138b4 (0x00001f17) auipc   t5, 0x1
core   0: 3 0x800138b4 (0x00001f17) x30 0x800148b4
core   0: 0x800138b8 (0x743f2623) sw      gp, 1868(t5)
core   0: 3 0x800138b8 (0x743f2623) mem 0x80015000 0x00000001
core   0: 0x800138bc (0xff9ff06f) j       pc - 0x8
core   0: 3 0x800138bc (0xff9ff06f)
core   0: 0x800138b4 (0x00001f17) auipc   t5, 0x1
core   0: 3 0x800138b4 (0x00001f17) x30 0x800148b4
core   0: 0x800138b8 (0x743f2623) sw      gp, 1868(t5)
core   0: 3 0x800138b8 (0x743f2623) mem 0x80015000 0x00000001
core   0: 0x800138bc (0xff9ff06f) j       pc - 0x8
core   0: 3 0x800138bc (0xff9ff06f)
core   0: 0x800138b4 (0x00001f17) auipc   t5, 0x1
core   0: 3 0x800138b4 (0x00001f17) x30 0x800148b4
core   0: 0x800138b8 (0x743f2623) sw      gp, 1868(t5)
core   0: 3 0x800138b8 (0x743f2623) mem 0x80015000 0x00000001
core   0: 0x800138bc (0xff9ff06f) j       pc - 0x8
core   0: 3 0x800138bc (0xff9ff06f)
core   0: 0x800138b4 (0x00001f17) auipc   t5, 0x1
core   0: 3 0x800138b4 (0x00001f17) x30 0x800148b4
core   0: 0x800138b8 (0x743f2623) sw      gp, 1868(t5)
core   0: 3 0x800138b8 (0x743f2623) mem 0x80015000 0x00000001
core   0: 0x800138bc (0xff9ff06f) j       pc - 0x8
core   0: 3 0x800138bc (0xff9ff06f)
core   0: 0x800138b4 (0x00001f17) auipc   t5, 0x1
core   0: 3 0x800138b4 (0x00001f17) x30 0x800148b4
core   0: 0x800138b8 (0x743f2623) sw      gp, 1868(t5)
core   0: 3 0x800138b8 (0x743f2623) mem 0x80015000 0x00000001
core   0: 0x800138bc (0xff9ff06f) j       pc - 0x8
core   0: 3 0x800138bc (0xff9ff06f)
core   0: 0x800138b4 (0x00001f17) auipc   t5, 0x1
core   0: 3 0x800138b4 (0x00001f17) x30 0x800148b4
core   0: 0x800138b8 (0x743f2623) sw      gp, 1868(t5)
core   0: 3 0x800138b8 (0x743f2623) mem 0x80015000 0x00000001
core   0: 0x800138bc (0xff9ff06f) j       pc - 0x8
core   0: 3 0x800138bc (0xff9ff06f)
core   0: 0x800138b4 (0x00001f17) auipc   t5, 0x1
core   0: 3 0x800138b4 (0x00001f17) x30 0x800148b4
core   0: 0x800138b8 (0x743f2623) sw      gp, 1868(t5)
core   0: 3 0x800138b8 (0x743f2623) mem 0x80015000 0x00000001
core   0: 0x800138bc (0xff9ff06f) j       pc - 0x8
core   0: 3 0x800138bc (0xff9ff06f)
core   0: 0x800138b4 (0x00001f17) auipc   t5, 0x1
core   0: 3 0x800138b4 (0x00001f17) x30 0x800148b4
core   0: 0x800138b8 (0x743f2623) sw      gp, 1868(t5)
core   0: 3 0x800138b8 (0x743f2623) mem 0x80015000 0x00000001
core   0: 0x800138bc (0xff9ff06f) j       pc - 0x8
core   0: 3 0x800138bc (0xff9ff06f)
core   0: 0x800138b4 (0x00001f17) auipc   t5, 0x1
core   0: 3 0x800138b4 (0x00001f17) x30 0x800148b4
core   0: 0x800138b8 (0x743f2623) sw      gp, 1868(t5)
core   0: 3 0x800138b8 (0x743f2623) mem 0x80015000 0x00000001
core   0: 0x800138bc (0xff9ff06f) j       pc - 0x8
core   0: 3 0x800138bc (0xff9ff06f)
core   0: 0x800138b4 (0x00001f17) auipc   t5, 0x1
core   0: 3 0x800138b4 (0x00001f17) x30 0x800148b4
core   0: 0x800138b8 (0x743f2623) sw      gp, 1868(t5)
core   0: 3 0x800138b8 (0x743f2623) mem 0x80015000 0x00000001
core   0: 0x800138bc (0xff9ff06f) j       pc - 0x8
core   0: 3 0x800138bc (0xff9ff06f)
core   0: 0x800138b4 (0x00001f17) auipc   t5, 0x1
core   0: 3 0x800138b4 (0x00001f17) x30 0x800148b4
core   0: 0x800138b8 (0x743f2623) sw      gp, 1868(t5)
core   0: 3 0x800138b8 (0x743f2623) mem 0x80015000 0x00000001
core   0: 0x800138bc (0xff9ff06f) j       pc - 0x8
core   0: 3 0x800138bc (0xff9ff06f)
core   0: 0x800138b4 (0x00001f17) auipc   t5, 0x1
core   0: 3 0x800138b4 (0x00001f17) x30 0x800148b4
core   0: 0x800138b8 (0x743f2623) sw      gp, 1868(t5)
core   0: 3 0x800138b8 (0x743f2623) mem 0x80015000 0x00000001
core   0: 0x800138bc (0xff9ff06f) j       pc - 0x8
core   0: 3 0x800138bc (0xff9ff06f)
core   0: 0x800138b4 (0x00001f17) auipc   t5, 0x1
core   0: 3 0x800138b4 (0x00001f17) x30 0x800148b4
core   0: 0x800138b8 (0x743f2623) sw      gp, 1868(t5)
core   0: 3 0x800138b8 (0x743f2623) mem 0x80015000 0x00000001
core   0: 0x800138bc (0xff9ff06f) j       pc - 0x8
core   0: 3 0x800138bc (0xff9ff06f)
core   0: 0x800138b4 (0x00001f17) auipc   t5, 0x1
core   0: 3 0x800138b4 (0x00001f17) x30 0x800148b4
core   0: 0x800138b8 (0x743f2623) sw      gp, 1868(t5)
core   0: 3 0x800138b8 (0x743f2623) mem 0x80015000 0x00000001
core   0: 0x800138bc (0xff9ff06f) j       pc - 0x8
core   0: 3 0x800138bc (0xff9ff06f)
core   0: 0x800138b4 (0x00001f17) auipc   t5, 0x1
core   0: 3 0x800138b4 (0x00001f17) x30 0x800148b4
core   0: 0x800138b8 (0x743f2623) sw      gp, 1868(t5)
core   0: 3 0x800138b8 (0x743f2623) mem 0x80015000 0x00000001
core   0: 0x800138bc (0xff9ff06f) j       pc - 0x8
core   0: 3 0x800138bc (0xff9ff06f)
core   0: 0x800138b4 (0x00001f17) auipc   t5, 0x1
core   0: 3 0x800138b4 (0x00001f17) x30 0x800148b4
core   0: 0x800138b8 (0x743f2623) sw      gp, 1868(t5)
core   0: 3 0x800138b8 (0x743f2623) mem 0x80015000 0x00000001
core   0: 0x800138bc (0xff9ff06f) j       pc - 0x8
core   0: 3 0x800138bc (0xff9ff06f)
core   0: 0x800138b4 (0x00001f17) auipc   t5, 0x1
core   0: 3 0x800138b4 (0x00001f17) x30 0x800148b4
core   0: 0x800138b8 (0x743f2623) sw      gp, 1868(t5)
core   0: 3 0x800138b8 (0x743f2623) mem 0x80015000 0x00000001
core   0: 0x800138bc (0xff9ff06f) j       pc - 0x8
core   0: 3 0x800138bc (0xff9ff06f)
core   0: 0x800138b4 (0x00001f17) auipc   t5, 0x1
core   0: 3 0x800138b4 (0x00001f17) x30 0x800148b4
core   0: 0x800138b8 (0x743f2623) sw      gp, 1868(t5)
core   0: 3 0x800138b8 (0x743f2623) mem 0x80015000 0x00000001
core   0: 0x800138bc (0xff9ff06f) j       pc - 0x8
core   0: 3 0x800138bc (0xff9ff06f)
core   0: 0x800138b4 (0x00001f17) auipc   t5, 0x1
core   0: 3 0x800138b4 (0x00001f17) x30 0x800148b4
core   0: 0x800138b8 (0x743f2623) sw      gp, 1868(t5)
core   0: 3 0x800138b8 (0x743f2623) mem 0x80015000 0x00000001
core   0: 0x800138bc (0xff9ff06f) j       pc - 0x8
core   0: 3 0x800138bc (0xff9ff06f)
core   0: 0x800138b4 (0x00001f17) auipc   t5, 0x1
core   0: 3 0x800138b4 (0x00001f17) x30 0x800148b4
core   0: 0x800138b8 (0x743f2623) sw      gp, 1868(t5)
core   0: 3 0x800138b8 (0x743f2623) mem 0x80015000 0x00000001
core   0: 0x800138bc (0xff9ff06f) j       pc - 0x8
core   0: 3 0x800138bc (0xff9ff06f)
core   0: 0x800138b4 (0x00001f17) auipc   t5, 0x1
core   0: 3 0x800138b4 (0x00001f17) x30 0x800148b4
core   0: 0x800138b8 (0x743f2623) sw      gp, 1868(t5)
core   0: 3 0x800138b8 (0x743f2623) mem 0x80015000 0x00000001
core   0: 0x800138bc (0xff9ff06f) j       pc - 0x8
core   0: 3 0x800138bc (0xff9ff06f)
core   0: 0x800138b4 (0x00001f17) auipc   t5, 0x1
core   0: 3 0x800138b4 (0x00001f17) x30 0x800148b4
core   0: 0x800138b8 (0x743f2623) sw      gp, 1868(t5)
core   0: 3 0x800138b8 (0x743f2623) mem 0x80015000 0x00000001
core   0: 0x800138bc (0xff9ff06f) j       pc - 0x8
core   0: 3 0x800138bc (0xff9ff06f)
core   0: 0x800138b4 (0x00001f17) auipc   t5, 0x1
core   0: 3 0x800138b4 (0x00001f17) x30 0x800148b4
core   0: 0x800138b8 (0x743f2623) sw      gp, 1868(t5)
core   0: 3 0x800138b8 (0x743f2623) mem 0x80015000 0x00000001
core   0: 0x800138bc (0xff9ff06f) j       pc - 0x8
core   0: 3 0x800138bc (0xff9ff06f)
core   0: 0x800138b4 (0x00001f17) auipc   t5, 0x1
core   0: 3 0x800138b4 (0x00001f17) x30 0x800148b4
core   0: 0x800138b8 (0x743f2623) sw      gp, 1868(t5)
core   0: 3 0x800138b8 (0x743f2623) mem 0x80015000 0x00000001
core   0: 0x800138bc (0xff9ff06f) j       pc - 0x8
core   0: 3 0x800138bc (0xff9ff06f)
core   0: 0x800138b4 (0x00001f17) auipc   t5, 0x1
core   0: 3 0x800138b4 (0x00001f17) x30 0x800148b4
core   0: 0x800138b8 (0x743f2623) sw      gp, 1868(t5)
core   0: 3 0x800138b8 (0x743f2623) mem 0x80015000 0x00000001
core   0: 0x800138bc (0xff9ff06f) j       pc - 0x8
core   0: 3 0x800138bc (0xff9ff06f)
core   0: 0x800138b4 (0x00001f17) auipc   t5, 0x1
core   0: 3 0x800138b4 (0x00001f17) x30 0x800148b4
core   0: 0x800138b8 (0x743f2623) sw      gp, 1868(t5)
core   0: 3 0x800138b8 (0x743f2623) mem 0x80015000 0x00000001
core   0: 0x800138bc (0xff9ff06f) j       pc - 0x8
core   0: 3 0x800138bc (0xff9ff06f)
core   0: 0x800138b4 (0x00001f17) auipc   t5, 0x1
core   0: 3 0x800138b4 (0x00001f17) x30 0x800148b4
core   0: 0x800138b8 (0x743f2623) sw      gp, 1868(t5)
core   0: 3 0x800138b8 (0x743f2623) mem 0x80015000 0x00000001
core   0: 0x800138bc (0xff9ff06f) j       pc - 0x8
core   0: 3 0x800138bc (0xff9ff06f)
core   0: 0x800138b4 (0x00001f17) auipc   t5, 0x1
core   0: 3 0x800138b4 (0x00001f17) x30 0x800148b4
core   0: 0x800138b8 (0x743f2623) sw      gp, 1868(t5)
core   0: 3 0x800138b8 (0x743f2623) mem 0x80015000 0x00000001
core   0: 0x800138bc (0xff9ff06f) j       pc - 0x8
core   0: 3 0x800138bc (0xff9ff06f)
core   0: 0x800138b4 (0x00001f17) auipc   t5, 0x1
core   0: 3 0x800138b4 (0x00001f17) x30 0x800148b4
core   0: 0x800138b8 (0x743f2623) sw      gp, 1868(t5)
core   0: 3 0x800138b8 (0x743f2623) mem 0x80015000 0x00000001
core   0: 0x800138bc (0xff9ff06f) j       pc - 0x8
core   0: 3 0x800138bc (0xff9ff06f)
core   0: 0x800138b4 (0x00001f17) auipc   t5, 0x1
core   0: 3 0x800138b4 (0x00001f17) x30 0x800148b4
core   0: 0x800138b8 (0x743f2623) sw      gp, 1868(t5)
core   0: 3 0x800138b8 (0x743f2623) mem 0x80015000 0x00000001
core   0: 0x800138bc (0xff9ff06f) j       pc - 0x8
core   0: 3 0x800138bc (0xff9ff06f)
core   0: 0x800138b4 (0x00001f17) auipc   t5, 0x1
core   0: 3 0x800138b4 (0x00001f17) x30 0x800148b4
core   0: 0x800138b8 (0x743f2623) sw      gp, 1868(t5)
core   0: 3 0x800138b8 (0x743f2623) mem 0x80015000 0x00000001
core   0: 0x800138bc (0xff9ff06f) j       pc - 0x8
core   0: 3 0x800138bc (0xff9ff06f)
core   0: 0x800138b4 (0x00001f17) auipc   t5, 0x1
core   0: 3 0x800138b4 (0x00001f17) x30 0x800148b4
core   0: 0x800138b8 (0x743f2623) sw      gp, 1868(t5)
core   0: 3 0x800138b8 (0x743f2623) mem 0x80015000 0x00000001
core   0: 0x800138bc (0xff9ff06f) j       pc - 0x8
core   0: 3 0x800138bc (0xff9ff06f)
core   0: 0x800138b4 (0x00001f17) auipc   t5, 0x1
core   0: 3 0x800138b4 (0x00001f17) x30 0x800148b4
core   0: 0x800138b8 (0x743f2623) sw      gp, 1868(t5)
core   0: 3 0x800138b8 (0x743f2623) mem 0x80015000 0x00000001
core   0: 0x800138bc (0xff9ff06f) j       pc - 0x8
core   0: 3 0x800138bc (0xff9ff06f)
core   0: 0x800138b4 (0x00001f17) auipc   t5, 0x1
core   0: 3 0x800138b4 (0x00001f17) x30 0x800148b4
core   0: 0x800138b8 (0x743f2623) sw      gp, 1868(t5)
core   0: 3 0x800138b8 (0x743f2623) mem 0x80015000 0x00000001
core   0: 0x800138bc (0xff9ff06f) j       pc - 0x8
core   0: 3 0x800138bc (0xff9ff06f)
core   0: 0x800138b4 (0x00001f17) auipc   t5, 0x1
core   0: 3 0x800138b4 (0x00001f17) x30 0x800148b4
core   0: 0x800138b8 (0x743f2623) sw      gp, 1868(t5)
core   0: 3 0x800138b8 (0x743f2623) mem 0x80015000 0x00000001
core   0: 0x800138bc (0xff9ff06f) j       pc - 0x8
core   0: 3 0x800138bc (0xff9ff06f)
core   0: 0x800138b4 (0x00001f17) auipc   t5, 0x1
core   0: 3 0x800138b4 (0x00001f17) x30 0x800148b4
core   0: 0x800138b8 (0x743f2623) sw      gp, 1868(t5)
core   0: 3 0x800138b8 (0x743f2623) mem 0x80015000 0x00000001
core   0: 0x800138bc (0xff9ff06f) j       pc - 0x8
core   0: 3 0x800138bc (0xff9ff06f)
core   0: 0x800138b4 (0x00001f17) auipc   t5, 0x1
core   0: 3 0x800138b4 (0x00001f17) x30 0x800148b4
core   0: 0x800138b8 (0x743f2623) sw      gp, 1868(t5)
core   0: 3 0x800138b8 (0x743f2623) mem 0x80015000 0x00000001
core   0: 0x800138bc (0xff9ff06f) j       pc - 0x8
core   0: 3 0x800138bc (0xff9ff06f)
core   0: 0x800138b4 (0x00001f17) auipc   t5, 0x1
core   0: 3 0x800138b4 (0x00001f17) x30 0x800148b4
core   0: 0x800138b8 (0x743f2623) sw      gp, 1868(t5)
core   0: 3 0x800138b8 (0x743f2623) mem 0x80015000 0x00000001
core   0: 0x800138bc (0xff9ff06f) j       pc - 0x8
core   0: 3 0x800138bc (0xff9ff06f)
core   0: 0x800138b4 (0x00001f17) auipc   t5, 0x1
core   0: 3 0x800138b4 (0x00001f17) x30 0x800148b4
core   0: 0x800138b8 (0x743f2623) sw      gp, 1868(t5)
core   0: 3 0x800138b8 (0x743f2623) mem 0x80015000 0x00000001
core   0: 0x800138bc (0xff9ff06f) j       pc - 0x8
core   0: 3 0x800138bc (0xff9ff06f)
core   0: 0x800138b4 (0x00001f17) auipc   t5, 0x1
core   0: 3 0x800138b4 (0x00001f17) x30 0x800148b4
core   0: 0x800138b8 (0x743f2623) sw      gp, 1868(t5)
core   0: 3 0x800138b8 (0x743f2623) mem 0x80015000 0x00000001
core   0: 0x800138bc (0xff9ff06f) j       pc - 0x8
core   0: 3 0x800138bc (0xff9ff06f)
core   0: 0x800138b4 (0x00001f17) auipc   t5, 0x1
core   0: 3 0x800138b4 (0x00001f17) x30 0x800148b4
core   0: 0x800138b8 (0x743f2623) sw      gp, 1868(t5)
core   0: 3 0x800138b8 (0x743f2623) mem 0x80015000 0x00000001
core   0: 0x800138bc (0xff9ff06f) j       pc - 0x8
core   0: 3 0x800138bc (0xff9ff06f)
core   0: 0x800138b4 (0x00001f17) auipc   t5, 0x1
core   0: 3 0x800138b4 (0x00001f17) x30 0x800148b4
core   0: 0x800138b8 (0x743f2623) sw      gp, 1868(t5)
core   0: 3 0x800138b8 (0x743f2623) mem 0x80015000 0x00000001
core   0: 0x800138bc (0xff9ff06f) j       pc - 0x8
core   0: 3 0x800138bc (0xff9ff06f)
core   0: 0x800138b4 (0x00001f17) auipc   t5, 0x1
core   0: 3 0x800138b4 (0x00001f17) x30 0x800148b4
core   0: 0x800138b8 (0x743f2623) sw      gp, 1868(t5)
core   0: 3 0x800138b8 (0x743f2623) mem 0x80015000 0x00000001
core   0: 0x800138bc (0xff9ff06f) j       pc - 0x8
core   0: 3 0x800138bc (0xff9ff06f)
core   0: 0x800138b4 (0x00001f17) auipc   t5, 0x1
core   0: 3 0x800138b4 (0x00001f17) x30 0x800148b4
core   0: 0x800138b8 (0x743f2623) sw      gp, 1868(t5)
core   0: 3 0x800138b8 (0x743f2623) mem 0x80015000 0x00000001
core   0: 0x800138bc (0xff9ff06f) j       pc - 0x8
core   0: 3 0x800138bc (0xff9ff06f)
core   0: 0x800138b4 (0x00001f17) auipc   t5, 0x1
core   0: 3 0x800138b4 (0x00001f17) x30 0x800148b4
core   0: 0x800138b8 (0x743f2623) sw      gp, 1868(t5)
core   0: 3 0x800138b8 (0x743f2623) mem 0x80015000 0x00000001
core   0: 0x800138bc (0xff9ff06f) j       pc - 0x8
core   0: 3 0x800138bc (0xff9ff06f)
core   0: 0x800138b4 (0x00001f17) auipc   t5, 0x1
core   0: 3 0x800138b4 (0x00001f17) x30 0x800148b4
core   0: 0x800138b8 (0x743f2623) sw      gp, 1868(t5)
core   0: 3 0x800138b8 (0x743f2623) mem 0x80015000 0x00000001
core   0: 0x800138bc (0xff9ff06f) j       pc - 0x8
core   0: 3 0x800138bc (0xff9ff06f)
core   0: 0x800138b4 (0x00001f17) auipc   t5, 0x1
core   0: 3 0x800138b4 (0x00001f17) x30 0x800148b4
core   0: 0x800138b8 (0x743f2623) sw      gp, 1868(t5)
core   0: 3 0x800138b8 (0x743f2623) mem 0x80015000 0x00000001
core   0: 0x800138bc (0xff9ff06f) j       pc - 0x8
core   0: 3 0x800138bc (0xff9ff06f)
core   0: 0x800138b4 (0x00001f17) auipc   t5, 0x1
core   0: 3 0x800138b4 (0x00001f17) x30 0x800148b4
core   0: 0x800138b8 (0x743f2623) sw      gp, 1868(t5)
core   0: 3 0x800138b8 (0x743f2623) mem 0x80015000 0x00000001
core   0: 0x800138bc (0xff9ff06f) j       pc - 0x8
core   0: 3 0x800138bc (0xff9ff06f)
core   0: 0x800138b4 (0x00001f17) auipc   t5, 0x1
core   0: 3 0x800138b4 (0x00001f17) x30 0x800148b4
core   0: 0x800138b8 (0x743f2623) sw      gp, 1868(t5)
core   0: 3 0x800138b8 (0x743f2623) mem 0x80015000 0x00000001
core   0: 0x800138bc (0xff9ff06f) j       pc - 0x8
core   0: 3 0x800138bc (0xff9ff06f)
core   0: 0x800138b4 (0x00001f17) auipc   t5, 0x1
core   0: 3 0x800138b4 (0x00001f17) x30 0x800148b4
core   0: 0x800138b8 (0x743f2623) sw      gp, 1868(t5)
core   0: 3 0x800138b8 (0x743f2623) mem 0x80015000 0x00000001
core   0: 0x800138bc (0xff9ff06f) j       pc - 0x8
core   0: 3 0x800138bc (0xff9ff06f)
core   0: 0x800138b4 (0x00001f17) auipc   t5, 0x1
core   0: 3 0x800138b4 (0x00001f17) x30 0x800148b4
core   0: 0x800138b8 (0x743f2623) sw      gp, 1868(t5)
core   0: 3 0x800138b8 (0x743f2623) mem 0x80015000 0x00000001
core   0: 0x800138bc (0xff9ff06f) j       pc - 0x8
core   0: 3 0x800138bc (0xff9ff06f)
core   0: 0x800138b4 (0x00001f17) auipc   t5, 0x1
core   0: 3 0x800138b4 (0x00001f17) x30 0x800148b4
core   0: 0x800138b8 (0x743f2623) sw      gp, 1868(t5)
core   0: 3 0x800138b8 (0x743f2623) mem 0x80015000 0x00000001
core   0: 0x800138bc (0xff9ff06f) j       pc - 0x8
core   0: 3 0x800138bc (0xff9ff06f)
core   0: 0x800138b4 (0x00001f17) auipc   t5, 0x1
core   0: 3 0x800138b4 (0x00001f17) x30 0x800148b4
core   0: 0x800138b8 (0x743f2623) sw      gp, 1868(t5)
core   0: 3 0x800138b8 (0x743f2623) mem 0x80015000 0x00000001
core   0: 0x800138bc (0xff9ff06f) j       pc - 0x8
core   0: 3 0x800138bc (0xff9ff06f)
core   0: 0x800138b4 (0x00001f17) auipc   t5, 0x1
core   0: 3 0x800138b4 (0x00001f17) x30 0x800148b4
core   0: 0x800138b8 (0x743f2623) sw      gp, 1868(t5)
core   0: 3 0x800138b8 (0x743f2623) mem 0x80015000 0x00000001
core   0: 0x800138bc (0xff9ff06f) j       pc - 0x8
core   0: 3 0x800138bc (0xff9ff06f)
core   0: 0x800138b4 (0x00001f17) auipc   t5, 0x1
core   0: 3 0x800138b4 (0x00001f17) x30 0x800148b4
core   0: 0x800138b8 (0x743f2623) sw      gp, 1868(t5)
core   0: 3 0x800138b8 (0x743f2623) mem 0x80015000 0x00000001
core   0: 0x800138bc (0xff9ff06f) j       pc - 0x8
core   0: 3 0x800138bc (0xff9ff06f)
core   0: 0x800138b4 (0x00001f17) auipc   t5, 0x1
core   0: 3 0x800138b4 (0x00001f17) x30 0x800148b4
core   0: 0x800138b8 (0x743f2623) sw      gp, 1868(t5)
core   0: 3 0x800138b8 (0x743f2623) mem 0x80015000 0x00000001
core   0: 0x800138bc (0xff9ff06f) j       pc - 0x8
core   0: 3 0x800138bc (0xff9ff06f)
core   0: 0x800138b4 (0x00001f17) auipc   t5, 0x1
core   0: 3 0x800138b4 (0x00001f17) x30 0x800148b4
core   0: 0x800138b8 (0x743f2623) sw      gp, 1868(t5)
core   0: 3 0x800138b8 (0x743f2623) mem 0x80015000 0x00000001
core   0: 0x800138bc (0xff9ff06f) j       pc - 0x8
core   0: 3 0x800138bc (0xff9ff06f)
core   0: 0x800138b4 (0x00001f17) auipc   t5, 0x1
core   0: 3 0x800138b4 (0x00001f17) x30 0x800148b4
core   0: 0x800138b8 (0x743f2623) sw      gp, 1868(t5)
core   0: 3 0x800138b8 (0x743f2623) mem 0x80015000 0x00000001
core   0: 0x800138bc (0xff9ff06f) j       pc - 0x8
core   0: 3 0x800138bc (0xff9ff06f)
core   0: 0x800138b4 (0x00001f17) auipc   t5, 0x1
core   0: 3 0x800138b4 (0x00001f17) x30 0x800148b4
core   0: 0x800138b8 (0x743f2623) sw      gp, 1868(t5)
core   0: 3 0x800138b8 (0x743f2623) mem 0x80015000 0x00000001
core   0: 0x800138bc (0xff9ff06f) j       pc - 0x8
core   0: 3 0x800138bc (0xff9ff06f)
core   0: 0x800138b4 (0x00001f17) auipc   t5, 0x1
core   0: 3 0x800138b4 (0x00001f17) x30 0x800148b4
core   0: 0x800138b8 (0x743f2623) sw      gp, 1868(t5)
core   0: 3 0x800138b8 (0x743f2623) mem 0x80015000 0x00000001
core   0: 0x800138bc (0xff9ff06f) j       pc - 0x8
core   0: 3 0x800138bc (0xff9ff06f)
core   0: 0x800138b4 (0x00001f17) auipc   t5, 0x1
core   0: 3 0x800138b4 (0x00001f17) x30 0x800148b4
core   0: 0x800138b8 (0x743f2623) sw      gp, 1868(t5)
core   0: 3 0x800138b8 (0x743f2623) mem 0x80015000 0x00000001
core   0: 0x800138bc (0xff9ff06f) j       pc - 0x8
core   0: 3 0x800138bc (0xff9ff06f)
core   0: 0x800138b4 (0x00001f17) auipc   t5, 0x1
core   0: 3 0x800138b4 (0x00001f17) x30 0x800148b4
core   0: 0x800138b8 (0x743f2623) sw      gp, 1868(t5)
core   0: 3 0x800138b8 (0x743f2623) mem 0x80015000 0x00000001
core   0: 0x800138bc (0xff9ff06f) j       pc - 0x8
core   0: 3 0x800138bc (0xff9ff06f)
core   0: 0x800138b4 (0x00001f17) auipc   t5, 0x1
core   0: 3 0x800138b4 (0x00001f17) x30 0x800148b4
core   0: 0x800138b8 (0x743f2623) sw      gp, 1868(t5)
core   0: 3 0x800138b8 (0x743f2623) mem 0x80015000 0x00000001
core   0: 0x800138bc (0xff9ff06f) j       pc - 0x8
core   0: 3 0x800138bc (0xff9ff06f)
core   0: 0x800138b4 (0x00001f17) auipc   t5, 0x1
core   0: 3 0x800138b4 (0x00001f17) x30 0x800148b4
core   0: 0x800138b8 (0x743f2623) sw      gp, 1868(t5)
core   0: 3 0x800138b8 (0x743f2623) mem 0x80015000 0x00000001
core   0: 0x800138bc (0xff9ff06f) j       pc - 0x8
core   0: 3 0x800138bc (0xff9ff06f)
core   0: 0x800138b4 (0x00001f17) auipc   t5, 0x1
core   0: 3 0x800138b4 (0x00001f17) x30 0x800148b4
core   0: 0x800138b8 (0x743f2623) sw      gp, 1868(t5)
core   0: 3 0x800138b8 (0x743f2623) mem 0x80015000 0x00000001
core   0: 0x800138bc (0xff9ff06f) j       pc - 0x8
core   0: 3 0x800138bc (0xff9ff06f)
core   0: 0x800138b4 (0x00001f17) auipc   t5, 0x1
core   0: 3 0x800138b4 (0x00001f17) x30 0x800148b4
core   0: 0x800138b8 (0x743f2623) sw      gp, 1868(t5)
core   0: 3 0x800138b8 (0x743f2623) mem 0x80015000 0x00000001
core   0: 0x800138bc (0xff9ff06f) j       pc - 0x8
core   0: 3 0x800138bc (0xff9ff06f)
core   0: 0x800138b4 (0x00001f17) auipc   t5, 0x1
core   0: 3 0x800138b4 (0x00001f17) x30 0x800148b4
core   0: 0x800138b8 (0x743f2623) sw      gp, 1868(t5)
core   0: 3 0x800138b8 (0x743f2623) mem 0x80015000 0x00000001
core   0: 0x800138bc (0xff9ff06f) j       pc - 0x8
core   0: 3 0x800138bc (0xff9ff06f)
core   0: 0x800138b4 (0x00001f17) auipc   t5, 0x1
core   0: 3 0x800138b4 (0x00001f17) x30 0x800148b4
core   0: 0x800138b8 (0x743f2623) sw      gp, 1868(t5)
core   0: 3 0x800138b8 (0x743f2623) mem 0x80015000 0x00000001
core   0: 0x800138bc (0xff9ff06f) j       pc - 0x8
core   0: 3 0x800138bc (0xff9ff06f)
core   0: 0x800138b4 (0x00001f17) auipc   t5, 0x1
core   0: 3 0x800138b4 (0x00001f17) x30 0x800148b4
core   0: 0x800138b8 (0x743f2623) sw      gp, 1868(t5)
core   0: 3 0x800138b8 (0x743f2623) mem 0x80015000 0x00000001
core   0: 0x800138bc (0xff9ff06f) j       pc - 0x8
core   0: 3 0x800138bc (0xff9ff06f)
core   0: 0x800138b4 (0x00001f17) auipc   t5, 0x1
core   0: 3 0x800138b4 (0x00001f17) x30 0x800148b4
core   0: 0x800138b8 (0x743f2623) sw      gp, 1868(t5)
core   0: 3 0x800138b8 (0x743f2623) mem 0x80015000 0x00000001
core   0: 0x800138bc (0xff9ff06f) j       pc - 0x8
core   0: 3 0x800138bc (0xff9ff06f)
core   0: 0x800138b4 (0x00001f17) auipc   t5, 0x1
core   0: 3 0x800138b4 (0x00001f17) x30 0x800148b4
core   0: 0x800138b8 (0x743f2623) sw      gp, 1868(t5)
core   0: 3 0x800138b8 (0x743f2623) mem 0x80015000 0x00000001
core   0: 0x800138bc (0xff9ff06f) j       pc - 0x8
core   0: 3 0x800138bc (0xff9ff06f)
core   0: 0x800138b4 (0x00001f17) auipc   t5, 0x1
core   0: 3 0x800138b4 (0x00001f17) x30 0x800148b4
core   0: 0x800138b8 (0x743f2623) sw      gp, 1868(t5)
core   0: 3 0x800138b8 (0x743f2623) mem 0x80015000 0x00000001
core   0: 0x800138bc (0xff9ff06f) j       pc - 0x8
core   0: 3 0x800138bc (0xff9ff06f)
core   0: 0x800138b4 (0x00001f17) auipc   t5, 0x1
core   0: 3 0x800138b4 (0x00001f17) x30 0x800148b4
core   0: 0x800138b8 (0x743f2623) sw      gp, 1868(t5)
core   0: 3 0x800138b8 (0x743f2623) mem 0x80015000 0x00000001
core   0: 0x800138bc (0xff9ff06f) j       pc - 0x8
core   0: 3 0x800138bc (0xff9ff06f)
core   0: 0x800138b4 (0x00001f17) auipc   t5, 0x1
core   0: 3 0x800138b4 (0x00001f17) x30 0x800148b4
core   0: 0x800138b8 (0x743f2623) sw      gp, 1868(t5)
core   0: 3 0x800138b8 (0x743f2623) mem 0x80015000 0x00000001
core   0: 0x800138bc (0xff9ff06f) j       pc - 0x8
core   0: 3 0x800138bc (0xff9ff06f)
core   0: 0x800138b4 (0x00001f17) auipc   t5, 0x1
core   0: 3 0x800138b4 (0x00001f17) x30 0x800148b4
core   0: 0x800138b8 (0x743f2623) sw      gp, 1868(t5)
core   0: 3 0x800138b8 (0x743f2623) mem 0x80015000 0x00000001
core   0: 0x800138bc (0xff9ff06f) j       pc - 0x8
core   0: 3 0x800138bc (0xff9ff06f)
core   0: 0x800138b4 (0x00001f17) auipc   t5, 0x1
core   0: 3 0x800138b4 (0x00001f17) x30 0x800148b4
core   0: 0x800138b8 (0x743f2623) sw      gp, 1868(t5)
core   0: 3 0x800138b8 (0x743f2623) mem 0x80015000 0x00000001
core   0: 0x800138bc (0xff9ff06f) j       pc - 0x8
core   0: 3 0x800138bc (0xff9ff06f)
core   0: 0x800138b4 (0x00001f17) auipc   t5, 0x1
core   0: 3 0x800138b4 (0x00001f17) x30 0x800148b4
core   0: 0x800138b8 (0x743f2623) sw      gp, 1868(t5)
core   0: 3 0x800138b8 (0x743f2623) mem 0x80015000 0x00000001
core   0: 0x800138bc (0xff9ff06f) j       pc - 0x8
core   0: 3 0x800138bc (0xff9ff06f)
core   0: 0x800138b4 (0x00001f17) auipc   t5, 0x1
core   0: 3 0x800138b4 (0x00001f17) x30 0x800148b4
core   0: 0x800138b8 (0x743f2623) sw      gp, 1868(t5)
core   0: 3 0x800138b8 (0x743f2623) mem 0x80015000 0x00000001
core   0: 0x800138bc (0xff9ff06f) j       pc - 0x8
core   0: 3 0x800138bc (0xff9ff06f)
core   0: 0x800138b4 (0x00001f17) auipc   t5, 0x1
core   0: 3 0x800138b4 (0x00001f17) x30 0x800148b4
core   0: 0x800138b8 (0x743f2623) sw      gp, 1868(t5)
core   0: 3 0x800138b8 (0x743f2623) mem 0x80015000 0x00000001
core   0: 0x800138bc (0xff9ff06f) j       pc - 0x8
core   0: 3 0x800138bc (0xff9ff06f)
core   0: 0x800138b4 (0x00001f17) auipc   t5, 0x1
core   0: 3 0x800138b4 (0x00001f17) x30 0x800148b4
core   0: 0x800138b8 (0x743f2623) sw      gp, 1868(t5)
core   0: 3 0x800138b8 (0x743f2623) mem 0x80015000 0x00000001
core   0: 0x800138bc (0xff9ff06f) j       pc - 0x8
core   0: 3 0x800138bc (0xff9ff06f)
core   0: 0x800138b4 (0x00001f17) auipc   t5, 0x1
core   0: 3 0x800138b4 (0x00001f17) x30 0x800148b4
core   0: 0x800138b8 (0x743f2623) sw      gp, 1868(t5)
core   0: 3 0x800138b8 (0x743f2623) mem 0x80015000 0x00000001
core   0: 0x800138bc (0xff9ff06f) j       pc - 0x8
core   0: 3 0x800138bc (0xff9ff06f)
core   0: 0x800138b4 (0x00001f17) auipc   t5, 0x1
core   0: 3 0x800138b4 (0x00001f17) x30 0x800148b4
core   0: 0x800138b8 (0x743f2623) sw      gp, 1868(t5)
core   0: 3 0x800138b8 (0x743f2623) mem 0x80015000 0x00000001
core   0: 0x800138bc (0xff9ff06f) j       pc - 0x8
core   0: 3 0x800138bc (0xff9ff06f)
core   0: 0x800138b4 (0x00001f17) auipc   t5, 0x1
core   0: 3 0x800138b4 (0x00001f17) x30 0x800148b4
core   0: 0x800138b8 (0x743f2623) sw      gp, 1868(t5)
core   0: 3 0x800138b8 (0x743f2623) mem 0x80015000 0x00000001
core   0: 0x800138bc (0xff9ff06f) j       pc - 0x8
core   0: 3 0x800138bc (0xff9ff06f)
core   0: 0x800138b4 (0x00001f17) auipc   t5, 0x1
core   0: 3 0x800138b4 (0x00001f17) x30 0x800148b4
core   0: 0x800138b8 (0x743f2623) sw      gp, 1868(t5)
core   0: 3 0x800138b8 (0x743f2623) mem 0x80015000 0x00000001
core   0: 0x800138bc (0xff9ff06f) j       pc - 0x8
core   0: 3 0x800138bc (0xff9ff06f)
core   0: 0x800138b4 (0x00001f17) auipc   t5, 0x1
core   0: 3 0x800138b4 (0x00001f17) x30 0x800148b4
core   0: 0x800138b8 (0x743f2623) sw      gp, 1868(t5)
core   0: 3 0x800138b8 (0x743f2623) mem 0x80015000 0x00000001
core   0: 0x800138bc (0xff9ff06f) j       pc - 0x8
core   0: 3 0x800138bc (0xff9ff06f)
core   0: 0x800138b4 (0x00001f17) auipc   t5, 0x1
core   0: 3 0x800138b4 (0x00001f17) x30 0x800148b4
core   0: 0x800138b8 (0x743f2623) sw      gp, 1868(t5)
core   0: 3 0x800138b8 (0x743f2623) mem 0x80015000 0x00000001
core   0: 0x800138bc (0xff9ff06f) j       pc - 0x8
core   0: 3 0x800138bc (0xff9ff06f)
core   0: 0x800138b4 (0x00001f17) auipc   t5, 0x1
core   0: 3 0x800138b4 (0x00001f17) x30 0x800148b4
core   0: 0x800138b8 (0x743f2623) sw      gp, 1868(t5)
core   0: 3 0x800138b8 (0x743f2623) mem 0x80015000 0x00000001
core   0: 0x800138bc (0xff9ff06f) j       pc - 0x8
core   0: 3 0x800138bc (0xff9ff06f)
core   0: 0x800138b4 (0x00001f17) auipc   t5, 0x1
core   0: 3 0x800138b4 (0x00001f17) x30 0x800148b4
core   0: 0x800138b8 (0x743f2623) sw      gp, 1868(t5)
core   0: 3 0x800138b8 (0x743f2623) mem 0x80015000 0x00000001
core   0: 0x800138bc (0xff9ff06f) j       pc - 0x8
core   0: 3 0x800138bc (0xff9ff06f)
core   0: 0x800138b4 (0x00001f17) auipc   t5, 0x1
core   0: 3 0x800138b4 (0x00001f17) x30 0x800148b4
core   0: 0x800138b8 (0x743f2623) sw      gp, 1868(t5)
core   0: 3 0x800138b8 (0x743f2623) mem 0x80015000 0x00000001
core   0: 0x800138bc (0xff9ff06f) j       pc - 0x8
core   0: 3 0x800138bc (0xff9ff06f)
core   0: 0x800138b4 (0x00001f17) auipc   t5, 0x1
core   0: 3 0x800138b4 (0x00001f17) x30 0x800148b4
core   0: 0x800138b8 (0x743f2623) sw      gp, 1868(t5)
core   0: 3 0x800138b8 (0x743f2623) mem 0x80015000 0x00000001
core   0: 0x800138bc (0xff9ff06f) j       pc - 0x8
core   0: 3 0x800138bc (0xff9ff06f)
core   0: 0x800138b4 (0x00001f17) auipc   t5, 0x1
core   0: 3 0x800138b4 (0x00001f17) x30 0x800148b4
core   0: 0x800138b8 (0x743f2623) sw      gp, 1868(t5)
core   0: 3 0x800138b8 (0x743f2623) mem 0x80015000 0x00000001
core   0: 0x800138bc (0xff9ff06f) j       pc - 0x8
core   0: 3 0x800138bc (0xff9ff06f)
core   0: 0x800138b4 (0x00001f17) auipc   t5, 0x1
core   0: 3 0x800138b4 (0x00001f17) x30 0x800148b4
core   0: 0x800138b8 (0x743f2623) sw      gp, 1868(t5)
core   0: 3 0x800138b8 (0x743f2623) mem 0x80015000 0x00000001
core   0: 0x800138bc (0xff9ff06f) j       pc - 0x8
core   0: 3 0x800138bc (0xff9ff06f)
core   0: 0x800138b4 (0x00001f17) auipc   t5, 0x1
core   0: 3 0x800138b4 (0x00001f17) x30 0x800148b4
core   0: 0x800138b8 (0x743f2623) sw      gp, 1868(t5)
core   0: 3 0x800138b8 (0x743f2623) mem 0x80015000 0x00000001
core   0: 0x800138bc (0xff9ff06f) j       pc - 0x8
core   0: 3 0x800138bc (0xff9ff06f)
core   0: 0x800138b4 (0x00001f17) auipc   t5, 0x1
core   0: 3 0x800138b4 (0x00001f17) x30 0x800148b4
core   0: 0x800138b8 (0x743f2623) sw      gp, 1868(t5)
core   0: 3 0x800138b8 (0x743f2623) mem 0x80015000 0x00000001
core   0: 0x800138bc (0xff9ff06f) j       pc - 0x8
core   0: 3 0x800138bc (0xff9ff06f)
core   0: 0x800138b4 (0x00001f17) auipc   t5, 0x1
core   0: 3 0x800138b4 (0x00001f17) x30 0x800148b4
core   0: 0x800138b8 (0x743f2623) sw      gp, 1868(t5)
core   0: 3 0x800138b8 (0x743f2623) mem 0x80015000 0x00000001
core   0: 0x800138bc (0xff9ff06f) j       pc - 0x8
core   0: 3 0x800138bc (0xff9ff06f)
core   0: 0x800138b4 (0x00001f17) auipc   t5, 0x1
core   0: 3 0x800138b4 (0x00001f17) x30 0x800148b4
core   0: 0x800138b8 (0x743f2623) sw      gp, 1868(t5)
core   0: 3 0x800138b8 (0x743f2623) mem 0x80015000 0x00000001
core   0: 0x800138bc (0xff9ff06f) j       pc - 0x8
core   0: 3 0x800138bc (0xff9ff06f)
core   0: 0x800138b4 (0x00001f17) auipc   t5, 0x1
core   0: 3 0x800138b4 (0x00001f17) x30 0x800148b4
core   0: 0x800138b8 (0x743f2623) sw      gp, 1868(t5)
core   0: 3 0x800138b8 (0x743f2623) mem 0x80015000 0x00000001
core   0: 0x800138bc (0xff9ff06f) j       pc - 0x8
core   0: 3 0x800138bc (0xff9ff06f)
core   0: 0x800138b4 (0x00001f17) auipc   t5, 0x1
core   0: 3 0x800138b4 (0x00001f17) x30 0x800148b4
core   0: 0x800138b8 (0x743f2623) sw      gp, 1868(t5)
core   0: 3 0x800138b8 (0x743f2623) mem 0x80015000 0x00000001
core   0: 0x800138bc (0xff9ff06f) j       pc - 0x8
core   0: 3 0x800138bc (0xff9ff06f)
core   0: 0x800138b4 (0x00001f17) auipc   t5, 0x1
core   0: 3 0x800138b4 (0x00001f17) x30 0x800148b4
core   0: 0x800138b8 (0x743f2623) sw      gp, 1868(t5)
core   0: 3 0x800138b8 (0x743f2623) mem 0x80015000 0x00000001
core   0: 0x800138bc (0xff9ff06f) j       pc - 0x8
core   0: 3 0x800138bc (0xff9ff06f)
core   0: 0x800138b4 (0x00001f17) auipc   t5, 0x1
core   0: 3 0x800138b4 (0x00001f17) x30 0x800148b4
core   0: 0x800138b8 (0x743f2623) sw      gp, 1868(t5)
core   0: 3 0x800138b8 (0x743f2623) mem 0x80015000 0x00000001
core   0: 0x800138bc (0xff9ff06f) j       pc - 0x8
core   0: 3 0x800138bc (0xff9ff06f)
core   0: 0x800138b4 (0x00001f17) auipc   t5, 0x1
core   0: 3 0x800138b4 (0x00001f17) x30 0x800148b4
core   0: 0x800138b8 (0x743f2623) sw      gp, 1868(t5)
core   0: 3 0x800138b8 (0x743f2623) mem 0x80015000 0x00000001
core   0: 0x800138bc (0xff9ff06f) j       pc - 0x8
core   0: 3 0x800138bc (0xff9ff06f)
core   0: 0x800138b4 (0x00001f17) auipc   t5, 0x1
core   0: 3 0x800138b4 (0x00001f17) x30 0x800148b4
core   0: 0x800138b8 (0x743f2623) sw      gp, 1868(t5)
core   0: 3 0x800138b8 (0x743f2623) mem 0x80015000 0x00000001
core   0: 0x800138bc (0xff9ff06f) j       pc - 0x8
core   0: 3 0x800138bc (0xff9ff06f)
core   0: 0x800138b4 (0x00001f17) auipc   t5, 0x1
core   0: 3 0x800138b4 (0x00001f17) x30 0x800148b4
core   0: 0x800138b8 (0x743f2623) sw      gp, 1868(t5)
core   0: 3 0x800138b8 (0x743f2623) mem 0x80015000 0x00000001
core   0: 0x800138bc (0xff9ff06f) j       pc - 0x8
core   0: 3 0x800138bc (0xff9ff06f)
core   0: 0x800138b4 (0x00001f17) auipc   t5, 0x1
core   0: 3 0x800138b4 (0x00001f17) x30 0x800148b4
core   0: 0x800138b8 (0x743f2623) sw      gp, 1868(t5)
core   0: 3 0x800138b8 (0x743f2623) mem 0x80015000 0x00000001
core   0: 0x800138bc (0xff9ff06f) j       pc - 0x8
core   0: 3 0x800138bc (0xff9ff06f)
core   0: 0x800138b4 (0x00001f17) auipc   t5, 0x1
core   0: 3 0x800138b4 (0x00001f17) x30 0x800148b4
core   0: 0x800138b8 (0x743f2623) sw      gp, 1868(t5)
core   0: 3 0x800138b8 (0x743f2623) mem 0x80015000 0x00000001
core   0: 0x800138bc (0xff9ff06f) j       pc - 0x8
core   0: 3 0x800138bc (0xff9ff06f)
core   0: 0x800138b4 (0x00001f17) auipc   t5, 0x1
core   0: 3 0x800138b4 (0x00001f17) x30 0x800148b4
core   0: 0x800138b8 (0x743f2623) sw      gp, 1868(t5)
core   0: 3 0x800138b8 (0x743f2623) mem 0x80015000 0x00000001
core   0: 0x800138bc (0xff9ff06f) j       pc - 0x8
core   0: 3 0x800138bc (0xff9ff06f)
core   0: 0x800138b4 (0x00001f17) auipc   t5, 0x1
core   0: 3 0x800138b4 (0x00001f17) x30 0x800148b4
core   0: 0x800138b8 (0x743f2623) sw      gp, 1868(t5)
core   0: 3 0x800138b8 (0x743f2623) mem 0x80015000 0x00000001
core   0: 0x800138bc (0xff9ff06f) j       pc - 0x8
core   0: 3 0x800138bc (0xff9ff06f)
core   0: 0x800138b4 (0x00001f17) auipc   t5, 0x1
core   0: 3 0x800138b4 (0x00001f17) x30 0x800148b4
core   0: 0x800138b8 (0x743f2623) sw      gp, 1868(t5)
core   0: 3 0x800138b8 (0x743f2623) mem 0x80015000 0x00000001
core   0: 0x800138bc (0xff9ff06f) j       pc - 0x8
core   0: 3 0x800138bc (0xff9ff06f)
core   0: 0x800138b4 (0x00001f17) auipc   t5, 0x1
core   0: 3 0x800138b4 (0x00001f17) x30 0x800148b4
core   0: 0x800138b8 (0x743f2623) sw      gp, 1868(t5)
core   0: 3 0x800138b8 (0x743f2623) mem 0x80015000 0x00000001
core   0: 0x800138bc (0xff9ff06f) j       pc - 0x8
core   0: 3 0x800138bc (0xff9ff06f)
core   0: 0x800138b4 (0x00001f17) auipc   t5, 0x1
core   0: 3 0x800138b4 (0x00001f17) x30 0x800148b4
core   0: 0x800138b8 (0x743f2623) sw      gp, 1868(t5)
core   0: 3 0x800138b8 (0x743f2623) mem 0x80015000 0x00000001
core   0: 0x800138bc (0xff9ff06f) j       pc - 0x8
core   0: 3 0x800138bc (0xff9ff06f)
core   0: 0x800138b4 (0x00001f17) auipc   t5, 0x1
core   0: 3 0x800138b4 (0x00001f17) x30 0x800148b4
core   0: 0x800138b8 (0x743f2623) sw      gp, 1868(t5)
core   0: 3 0x800138b8 (0x743f2623) mem 0x80015000 0x00000001
core   0: 0x800138bc (0xff9ff06f) j       pc - 0x8
core   0: 3 0x800138bc (0xff9ff06f)
core   0: 0x800138b4 (0x00001f17) auipc   t5, 0x1
core   0: 3 0x800138b4 (0x00001f17) x30 0x800148b4
core   0: 0x800138b8 (0x743f2623) sw      gp, 1868(t5)
core   0: 3 0x800138b8 (0x743f2623) mem 0x80015000 0x00000001
core   0: 0x800138bc (0xff9ff06f) j       pc - 0x8
core   0: 3 0x800138bc (0xff9ff06f)
core   0: 0x800138b4 (0x00001f17) auipc   t5, 0x1
core   0: 3 0x800138b4 (0x00001f17) x30 0x800148b4
core   0: 0x800138b8 (0x743f2623) sw      gp, 1868(t5)
core   0: 3 0x800138b8 (0x743f2623) mem 0x80015000 0x00000001
core   0: 0x800138bc (0xff9ff06f) j       pc - 0x8
core   0: 3 0x800138bc (0xff9ff06f)
core   0: 0x800138b4 (0x00001f17) auipc   t5, 0x1
core   0: 3 0x800138b4 (0x00001f17) x30 0x800148b4
core   0: 0x800138b8 (0x743f2623) sw      gp, 1868(t5)
core   0: 3 0x800138b8 (0x743f2623) mem 0x80015000 0x00000001
core   0: 0x800138bc (0xff9ff06f) j       pc - 0x8
core   0: 3 0x800138bc (0xff9ff06f)
core   0: 0x800138b4 (0x00001f17) auipc   t5, 0x1
core   0: 3 0x800138b4 (0x00001f17) x30 0x800148b4
core   0: 0x800138b8 (0x743f2623) sw      gp, 1868(t5)
core   0: 3 0x800138b8 (0x743f2623) mem 0x80015000 0x00000001
core   0: 0x800138bc (0xff9ff06f) j       pc - 0x8
core   0: 3 0x800138bc (0xff9ff06f)
core   0: 0x800138b4 (0x00001f17) auipc   t5, 0x1
core   0: 3 0x800138b4 (0x00001f17) x30 0x800148b4
core   0: 0x800138b8 (0x743f2623) sw      gp, 1868(t5)
core   0: 3 0x800138b8 (0x743f2623) mem 0x80015000 0x00000001
core   0: 0x800138bc (0xff9ff06f) j       pc - 0x8
core   0: 3 0x800138bc (0xff9ff06f)
core   0: 0x800138b4 (0x00001f17) auipc   t5, 0x1
core   0: 3 0x800138b4 (0x00001f17) x30 0x800148b4
core   0: 0x800138b8 (0x743f2623) sw      gp, 1868(t5)
core   0: 3 0x800138b8 (0x743f2623) mem 0x80015000 0x00000001
core   0: 0x800138bc (0xff9ff06f) j       pc - 0x8
core   0: 3 0x800138bc (0xff9ff06f)
core   0: 0x800138b4 (0x00001f17) auipc   t5, 0x1
core   0: 3 0x800138b4 (0x00001f17) x30 0x800148b4
core   0: 0x800138b8 (0x743f2623) sw      gp, 1868(t5)
core   0: 3 0x800138b8 (0x743f2623) mem 0x80015000 0x00000001
core   0: 0x800138bc (0xff9ff06f) j       pc - 0x8
core   0: 3 0x800138bc (0xff9ff06f)
core   0: 0x800138b4 (0x00001f17) auipc   t5, 0x1
core   0: 3 0x800138b4 (0x00001f17) x30 0x800148b4
core   0: 0x800138b8 (0x743f2623) sw      gp, 1868(t5)
core   0: 3 0x800138b8 (0x743f2623) mem 0x80015000 0x00000001
core   0: 0x800138bc (0xff9ff06f) j       pc - 0x8
core   0: 3 0x800138bc (0xff9ff06f)
core   0: 0x800138b4 (0x00001f17) auipc   t5, 0x1
core   0: 3 0x800138b4 (0x00001f17) x30 0x800148b4
core   0: 0x800138b8 (0x743f2623) sw      gp, 1868(t5)
core   0: 3 0x800138b8 (0x743f2623) mem 0x80015000 0x00000001
core   0: 0x800138bc (0xff9ff06f) j       pc - 0x8
core   0: 3 0x800138bc (0xff9ff06f)
core   0: 0x800138b4 (0x00001f17) auipc   t5, 0x1
core   0: 3 0x800138b4 (0x00001f17) x30 0x800148b4
core   0: 0x800138b8 (0x743f2623) sw      gp, 1868(t5)
core   0: 3 0x800138b8 (0x743f2623) mem 0x80015000 0x00000001
core   0: 0x800138bc (0xff9ff06f) j       pc - 0x8
core   0: 3 0x800138bc (0xff9ff06f)
core   0: 0x800138b4 (0x00001f17) auipc   t5, 0x1
core   0: 3 0x800138b4 (0x00001f17) x30 0x800148b4
core   0: 0x800138b8 (0x743f2623) sw      gp, 1868(t5)
core   0: 3 0x800138b8 (0x743f2623) mem 0x80015000 0x00000001
core   0: 0x800138bc (0xff9ff06f) j       pc - 0x8
core   0: 3 0x800138bc (0xff9ff06f)
core   0: 0x800138b4 (0x00001f17) auipc   t5, 0x1
core   0: 3 0x800138b4 (0x00001f17) x30 0x800148b4
core   0: 0x800138b8 (0x743f2623) sw      gp, 1868(t5)
core   0: 3 0x800138b8 (0x743f2623) mem 0x80015000 0x00000001
core   0: 0x800138bc (0xff9ff06f) j       pc - 0x8
core   0: 3 0x800138bc (0xff9ff06f)
core   0: 0x800138b4 (0x00001f17) auipc   t5, 0x1
core   0: 3 0x800138b4 (0x00001f17) x30 0x800148b4
core   0: 0x800138b8 (0x743f2623) sw      gp, 1868(t5)
core   0: 3 0x800138b8 (0x743f2623) mem 0x80015000 0x00000001
core   0: 0x800138bc (0xff9ff06f) j       pc - 0x8
core   0: 3 0x800138bc (0xff9ff06f)
core   0: 0x800138b4 (0x00001f17) auipc   t5, 0x1
core   0: 3 0x800138b4 (0x00001f17) x30 0x800148b4
core   0: 0x800138b8 (0x743f2623) sw      gp, 1868(t5)
core   0: 3 0x800138b8 (0x743f2623) mem 0x80015000 0x00000001
core   0: 0x800138bc (0xff9ff06f) j       pc - 0x8
core   0: 3 0x800138bc (0xff9ff06f)
core   0: 0x800138b4 (0x00001f17) auipc   t5, 0x1
core   0: 3 0x800138b4 (0x00001f17) x30 0x800148b4
core   0: 0x800138b8 (0x743f2623) sw      gp, 1868(t5)
core   0: 3 0x800138b8 (0x743f2623) mem 0x80015000 0x00000001
core   0: 0x800138bc (0xff9ff06f) j       pc - 0x8
core   0: 3 0x800138bc (0xff9ff06f)
core   0: 0x800138b4 (0x00001f17) auipc   t5, 0x1
core   0: 3 0x800138b4 (0x00001f17) x30 0x800148b4
core   0: 0x800138b8 (0x743f2623) sw      gp, 1868(t5)
core   0: 3 0x800138b8 (0x743f2623) mem 0x80015000 0x00000001
core   0: 0x800138bc (0xff9ff06f) j       pc - 0x8
core   0: 3 0x800138bc (0xff9ff06f)
core   0: 0x800138b4 (0x00001f17) auipc   t5, 0x1
core   0: 3 0x800138b4 (0x00001f17) x30 0x800148b4
core   0: 0x800138b8 (0x743f2623) sw      gp, 1868(t5)
core   0: 3 0x800138b8 (0x743f2623) mem 0x80015000 0x00000001
core   0: 0x800138bc (0xff9ff06f) j       pc - 0x8
core   0: 3 0x800138bc (0xff9ff06f)
core   0: 0x800138b4 (0x00001f17) auipc   t5, 0x1
core   0: 3 0x800138b4 (0x00001f17) x30 0x800148b4
core   0: 0x800138b8 (0x743f2623) sw      gp, 1868(t5)
core   0: 3 0x800138b8 (0x743f2623) mem 0x80015000 0x00000001
core   0: 0x800138bc (0xff9ff06f) j       pc - 0x8
core   0: 3 0x800138bc (0xff9ff06f)
core   0: 0x800138b4 (0x00001f17) auipc   t5, 0x1
core   0: 3 0x800138b4 (0x00001f17) x30 0x800148b4
core   0: 0x800138b8 (0x743f2623) sw      gp, 1868(t5)
core   0: 3 0x800138b8 (0x743f2623) mem 0x80015000 0x00000001
core   0: 0x800138bc (0xff9ff06f) j       pc - 0x8
core   0: 3 0x800138bc (0xff9ff06f)
core   0: 0x800138b4 (0x00001f17) auipc   t5, 0x1
core   0: 3 0x800138b4 (0x00001f17) x30 0x800148b4
core   0: 0x800138b8 (0x743f2623) sw      gp, 1868(t5)
core   0: 3 0x800138b8 (0x743f2623) mem 0x80015000 0x00000001
core   0: 0x800138bc (0xff9ff06f) j       pc - 0x8
core   0: 3 0x800138bc (0xff9ff06f)
core   0: 0x800138b4 (0x00001f17) auipc   t5, 0x1
core   0: 3 0x800138b4 (0x00001f17) x30 0x800148b4
core   0: 0x800138b8 (0x743f2623) sw      gp, 1868(t5)
core   0: 3 0x800138b8 (0x743f2623) mem 0x80015000 0x00000001
core   0: 0x800138bc (0xff9ff06f) j       pc - 0x8
core   0: 3 0x800138bc (0xff9ff06f)
core   0: 0x800138b4 (0x00001f17) auipc   t5, 0x1
core   0: 3 0x800138b4 (0x00001f17) x30 0x800148b4
core   0: 0x800138b8 (0x743f2623) sw      gp, 1868(t5)
core   0: 3 0x800138b8 (0x743f2623) mem 0x80015000 0x00000001
core   0: 0x800138bc (0xff9ff06f) j       pc - 0x8
core   0: 3 0x800138bc (0xff9ff06f)
core   0: 0x800138b4 (0x00001f17) auipc   t5, 0x1
core   0: 3 0x800138b4 (0x00001f17) x30 0x800148b4
core   0: 0x800138b8 (0x743f2623) sw      gp, 1868(t5)
core   0: 3 0x800138b8 (0x743f2623) mem 0x80015000 0x00000001
core   0: 0x800138bc (0xff9ff06f) j       pc - 0x8
core   0: 3 0x800138bc (0xff9ff06f)
core   0: 0x800138b4 (0x00001f17) auipc   t5, 0x1
core   0: 3 0x800138b4 (0x00001f17) x30 0x800148b4
core   0: 0x800138b8 (0x743f2623) sw      gp, 1868(t5)
core   0: 3 0x800138b8 (0x743f2623) mem 0x80015000 0x00000001
core   0: 0x800138bc (0xff9ff06f) j       pc - 0x8
core   0: 3 0x800138bc (0xff9ff06f)
core   0: 0x800138b4 (0x00001f17) auipc   t5, 0x1
core   0: 3 0x800138b4 (0x00001f17) x30 0x800148b4
core   0: 0x800138b8 (0x743f2623) sw      gp, 1868(t5)
core   0: 3 0x800138b8 (0x743f2623) mem 0x80015000 0x00000001
core   0: 0x800138bc (0xff9ff06f) j       pc - 0x8
core   0: 3 0x800138bc (0xff9ff06f)
core   0: 0x800138b4 (0x00001f17) auipc   t5, 0x1
core   0: 3 0x800138b4 (0x00001f17) x30 0x800148b4
core   0: 0x800138b8 (0x743f2623) sw      gp, 1868(t5)
core   0: 3 0x800138b8 (0x743f2623) mem 0x80015000 0x00000001
core   0: 0x800138bc (0xff9ff06f) j       pc - 0x8
core   0: 3 0x800138bc (0xff9ff06f)
core   0: 0x800138b4 (0x00001f17) auipc   t5, 0x1
core   0: 3 0x800138b4 (0x00001f17) x30 0x800148b4
core   0: 0x800138b8 (0x743f2623) sw      gp, 1868(t5)
core   0: 3 0x800138b8 (0x743f2623) mem 0x80015000 0x00000001
core   0: 0x800138bc (0xff9ff06f) j       pc - 0x8
core   0: 3 0x800138bc (0xff9ff06f)
core   0: 0x800138b4 (0x00001f17) auipc   t5, 0x1
core   0: 3 0x800138b4 (0x00001f17) x30 0x800148b4
core   0: 0x800138b8 (0x743f2623) sw      gp, 1868(t5)
core   0: 3 0x800138b8 (0x743f2623) mem 0x80015000 0x00000001
core   0: 0x800138bc (0xff9ff06f) j       pc - 0x8
core   0: 3 0x800138bc (0xff9ff06f)
core   0: 0x800138b4 (0x00001f17) auipc   t5, 0x1
core   0: 3 0x800138b4 (0x00001f17) x30 0x800148b4
core   0: 0x800138b8 (0x743f2623) sw      gp, 1868(t5)
core   0: 3 0x800138b8 (0x743f2623) mem 0x80015000 0x00000001
core   0: 0x800138bc (0xff9ff06f) j       pc - 0x8
core   0: 3 0x800138bc (0xff9ff06f)
core   0: 0x800138b4 (0x00001f17) auipc   t5, 0x1
core   0: 3 0x800138b4 (0x00001f17) x30 0x800148b4
core   0: 0x800138b8 (0x743f2623) sw      gp, 1868(t5)
core   0: 3 0x800138b8 (0x743f2623) mem 0x80015000 0x00000001
core   0: 0x800138bc (0xff9ff06f) j       pc - 0x8
core   0: 3 0x800138bc (0xff9ff06f)
core   0: 0x800138b4 (0x00001f17) auipc   t5, 0x1
core   0: 3 0x800138b4 (0x00001f17) x30 0x800148b4
core   0: 0x800138b8 (0x743f2623) sw      gp, 1868(t5)
core   0: 3 0x800138b8 (0x743f2623) mem 0x80015000 0x00000001
core   0: 0x800138bc (0xff9ff06f) j       pc - 0x8
core   0: 3 0x800138bc (0xff9ff06f)
core   0: 0x800138b4 (0x00001f17) auipc   t5, 0x1
core   0: 3 0x800138b4 (0x00001f17) x30 0x800148b4
core   0: 0x800138b8 (0x743f2623) sw      gp, 1868(t5)
core   0: 3 0x800138b8 (0x743f2623) mem 0x80015000 0x00000001
core   0: 0x800138bc (0xff9ff06f) j       pc - 0x8
core   0: 3 0x800138bc (0xff9ff06f)
core   0: 0x800138b4 (0x00001f17) auipc   t5, 0x1
core   0: 3 0x800138b4 (0x00001f17) x30 0x800148b4
core   0: 0x800138b8 (0x743f2623) sw      gp, 1868(t5)
core   0: 3 0x800138b8 (0x743f2623) mem 0x80015000 0x00000001
core   0: 0x800138bc (0xff9ff06f) j       pc - 0x8
core   0: 3 0x800138bc (0xff9ff06f)
core   0: 0x800138b4 (0x00001f17) auipc   t5, 0x1
core   0: 3 0x800138b4 (0x00001f17) x30 0x800148b4
core   0: 0x800138b8 (0x743f2623) sw      gp, 1868(t5)
core   0: 3 0x800138b8 (0x743f2623) mem 0x80015000 0x00000001
core   0: 0x800138bc (0xff9ff06f) j       pc - 0x8
core   0: 3 0x800138bc (0xff9ff06f)
core   0: 0x800138b4 (0x00001f17) auipc   t5, 0x1
core   0: 3 0x800138b4 (0x00001f17) x30 0x800148b4
core   0: 0x800138b8 (0x743f2623) sw      gp, 1868(t5)
core   0: 3 0x800138b8 (0x743f2623) mem 0x80015000 0x00000001
core   0: 0x800138bc (0xff9ff06f) j       pc - 0x8
core   0: 3 0x800138bc (0xff9ff06f)
core   0: 0x800138b4 (0x00001f17) auipc   t5, 0x1
core   0: 3 0x800138b4 (0x00001f17) x30 0x800148b4
core   0: 0x800138b8 (0x743f2623) sw      gp, 1868(t5)
core   0: 3 0x800138b8 (0x743f2623) mem 0x80015000 0x00000001
core   0: 0x800138bc (0xff9ff06f) j       pc - 0x8
core   0: 3 0x800138bc (0xff9ff06f)
core   0: 0x800138b4 (0x00001f17) auipc   t5, 0x1
core   0: 3 0x800138b4 (0x00001f17) x30 0x800148b4
core   0: 0x800138b8 (0x743f2623) sw      gp, 1868(t5)
core   0: 3 0x800138b8 (0x743f2623) mem 0x80015000 0x00000001
core   0: 0x800138bc (0xff9ff06f) j       pc - 0x8
core   0: 3 0x800138bc (0xff9ff06f)
core   0: 0x800138b4 (0x00001f17) auipc   t5, 0x1
core   0: 3 0x800138b4 (0x00001f17) x30 0x800148b4
core   0: 0x800138b8 (0x743f2623) sw      gp, 1868(t5)
core   0: 3 0x800138b8 (0x743f2623) mem 0x80015000 0x00000001
core   0: 0x800138bc (0xff9ff06f) j       pc - 0x8
core   0: 3 0x800138bc (0xff9ff06f)
core   0: 0x800138b4 (0x00001f17) auipc   t5, 0x1
core   0: 3 0x800138b4 (0x00001f17) x30 0x800148b4
core   0: 0x800138b8 (0x743f2623) sw      gp, 1868(t5)
core   0: 3 0x800138b8 (0x743f2623) mem 0x80015000 0x00000001
core   0: 0x800138bc (0xff9ff06f) j       pc - 0x8
core   0: 3 0x800138bc (0xff9ff06f)
core   0: 0x800138b4 (0x00001f17) auipc   t5, 0x1
core   0: 3 0x800138b4 (0x00001f17) x30 0x800148b4
core   0: 0x800138b8 (0x743f2623) sw      gp, 1868(t5)
core   0: 3 0x800138b8 (0x743f2623) mem 0x80015000 0x00000001
core   0: 0x800138bc (0xff9ff06f) j       pc - 0x8
core   0: 3 0x800138bc (0xff9ff06f)
core   0: 0x800138b4 (0x00001f17) auipc   t5, 0x1
core   0: 3 0x800138b4 (0x00001f17) x30 0x800148b4
core   0: 0x800138b8 (0x743f2623) sw      gp, 1868(t5)
core   0: 3 0x800138b8 (0x743f2623) mem 0x80015000 0x00000001
core   0: 0x800138bc (0xff9ff06f) j       pc - 0x8
core   0: 3 0x800138bc (0xff9ff06f)
core   0: 0x800138b4 (0x00001f17) auipc   t5, 0x1
core   0: 3 0x800138b4 (0x00001f17) x30 0x800148b4
core   0: 0x800138b8 (0x743f2623) sw      gp, 1868(t5)
core   0: 3 0x800138b8 (0x743f2623) mem 0x80015000 0x00000001
core   0: 0x800138bc (0xff9ff06f) j       pc - 0x8
core   0: 3 0x800138bc (0xff9ff06f)
core   0: 0x800138b4 (0x00001f17) auipc   t5, 0x1
core   0: 3 0x800138b4 (0x00001f17) x30 0x800148b4
core   0: 0x800138b8 (0x743f2623) sw      gp, 1868(t5)
core   0: 3 0x800138b8 (0x743f2623) mem 0x80015000 0x00000001
core   0: 0x800138bc (0xff9ff06f) j       pc - 0x8
core   0: 3 0x800138bc (0xff9ff06f)
core   0: 0x800138b4 (0x00001f17) auipc   t5, 0x1
core   0: 3 0x800138b4 (0x00001f17) x30 0x800148b4
core   0: 0x800138b8 (0x743f2623) sw      gp, 1868(t5)
core   0: 3 0x800138b8 (0x743f2623) mem 0x80015000 0x00000001
core   0: 0x800138bc (0xff9ff06f) j       pc - 0x8
core   0: 3 0x800138bc (0xff9ff06f)
core   0: 0x800138b4 (0x00001f17) auipc   t5, 0x1
core   0: 3 0x800138b4 (0x00001f17) x30 0x800148b4
core   0: 0x800138b8 (0x743f2623) sw      gp, 1868(t5)
core   0: 3 0x800138b8 (0x743f2623) mem 0x80015000 0x00000001
core   0: 0x800138bc (0xff9ff06f) j       pc - 0x8
core   0: 3 0x800138bc (0xff9ff06f)
core   0: 0x800138b4 (0x00001f17) auipc   t5, 0x1
core   0: 3 0x800138b4 (0x00001f17) x30 0x800148b4
core   0: 0x800138b8 (0x743f2623) sw      gp, 1868(t5)
core   0: 3 0x800138b8 (0x743f2623) mem 0x80015000 0x00000001
core   0: 0x800138bc (0xff9ff06f) j       pc - 0x8
core   0: 3 0x800138bc (0xff9ff06f)
core   0: 0x800138b4 (0x00001f17) auipc   t5, 0x1
core   0: 3 0x800138b4 (0x00001f17) x30 0x800148b4
core   0: 0x800138b8 (0x743f2623) sw      gp, 1868(t5)
core   0: 3 0x800138b8 (0x743f2623) mem 0x80015000 0x00000001
core   0: 0x800138bc (0xff9ff06f) j       pc - 0x8
core   0: 3 0x800138bc (0xff9ff06f)
core   0: 0x800138b4 (0x00001f17) auipc   t5, 0x1
core   0: 3 0x800138b4 (0x00001f17) x30 0x800148b4
core   0: 0x800138b8 (0x743f2623) sw      gp, 1868(t5)
core   0: 3 0x800138b8 (0x743f2623) mem 0x80015000 0x00000001
core   0: 0x800138bc (0xff9ff06f) j       pc - 0x8
core   0: 3 0x800138bc (0xff9ff06f)
core   0: 0x800138b4 (0x00001f17) auipc   t5, 0x1
core   0: 3 0x800138b4 (0x00001f17) x30 0x800148b4
core   0: 0x800138b8 (0x743f2623) sw      gp, 1868(t5)
core   0: 3 0x800138b8 (0x743f2623) mem 0x80015000 0x00000001
core   0: 0x800138bc (0xff9ff06f) j       pc - 0x8
core   0: 3 0x800138bc (0xff9ff06f)
core   0: 0x800138b4 (0x00001f17) auipc   t5, 0x1
core   0: 3 0x800138b4 (0x00001f17) x30 0x800148b4
core   0: 0x800138b8 (0x743f2623) sw      gp, 1868(t5)
core   0: 3 0x800138b8 (0x743f2623) mem 0x80015000 0x00000001
core   0: 0x800138bc (0xff9ff06f) j       pc - 0x8
core   0: 3 0x800138bc (0xff9ff06f)
core   0: 0x800138b4 (0x00001f17) auipc   t5, 0x1
core   0: 3 0x800138b4 (0x00001f17) x30 0x800148b4
core   0: 0x800138b8 (0x743f2623) sw      gp, 1868(t5)
core   0: 3 0x800138b8 (0x743f2623) mem 0x80015000 0x00000001
core   0: 0x800138bc (0xff9ff06f) j       pc - 0x8
core   0: 3 0x800138bc (0xff9ff06f)
core   0: 0x800138b4 (0x00001f17) auipc   t5, 0x1
core   0: 3 0x800138b4 (0x00001f17) x30 0x800148b4
core   0: 0x800138b8 (0x743f2623) sw      gp, 1868(t5)
core   0: 3 0x800138b8 (0x743f2623) mem 0x80015000 0x00000001
core   0: 0x800138bc (0xff9ff06f) j       pc - 0x8
core   0: 3 0x800138bc (0xff9ff06f)
core   0: 0x800138b4 (0x00001f17) auipc   t5, 0x1
core   0: 3 0x800138b4 (0x00001f17) x30 0x800148b4
core   0: 0x800138b8 (0x743f2623) sw      gp, 1868(t5)
core   0: 3 0x800138b8 (0x743f2623) mem 0x80015000 0x00000001
core   0: 0x800138bc (0xff9ff06f) j       pc - 0x8
core   0: 3 0x800138bc (0xff9ff06f)
core   0: 0x800138b4 (0x00001f17) auipc   t5, 0x1
core   0: 3 0x800138b4 (0x00001f17) x30 0x800148b4
core   0: 0x800138b8 (0x743f2623) sw      gp, 1868(t5)
core   0: 3 0x800138b8 (0x743f2623) mem 0x80015000 0x00000001
core   0: 0x800138bc (0xff9ff06f) j       pc - 0x8
core   0: 3 0x800138bc (0xff9ff06f)
core   0: 0x800138b4 (0x00001f17) auipc   t5, 0x1
core   0: 3 0x800138b4 (0x00001f17) x30 0x800148b4
core   0: 0x800138b8 (0x743f2623) sw      gp, 1868(t5)
core   0: 3 0x800138b8 (0x743f2623) mem 0x80015000 0x00000001
core   0: 0x800138bc (0xff9ff06f) j       pc - 0x8
core   0: 3 0x800138bc (0xff9ff06f)
core   0: 0x800138b4 (0x00001f17) auipc   t5, 0x1
core   0: 3 0x800138b4 (0x00001f17) x30 0x800148b4
core   0: 0x800138b8 (0x743f2623) sw      gp, 1868(t5)
core   0: 3 0x800138b8 (0x743f2623) mem 0x80015000 0x00000001
core   0: 0x800138bc (0xff9ff06f) j       pc - 0x8
core   0: 3 0x800138bc (0xff9ff06f)
core   0: 0x800138b4 (0x00001f17) auipc   t5, 0x1
core   0: 3 0x800138b4 (0x00001f17) x30 0x800148b4
core   0: 0x800138b8 (0x743f2623) sw      gp, 1868(t5)
core   0: 3 0x800138b8 (0x743f2623) mem 0x80015000 0x00000001
core   0: 0x800138bc (0xff9ff06f) j       pc - 0x8
core   0: 3 0x800138bc (0xff9ff06f)
core   0: 0x800138b4 (0x00001f17) auipc   t5, 0x1
core   0: 3 0x800138b4 (0x00001f17) x30 0x800148b4
core   0: 0x800138b8 (0x743f2623) sw      gp, 1868(t5)
core   0: 3 0x800138b8 (0x743f2623) mem 0x80015000 0x00000001
core   0: 0x800138bc (0xff9ff06f) j       pc - 0x8
core   0: 3 0x800138bc (0xff9ff06f)
core   0: 0x800138b4 (0x00001f17) auipc   t5, 0x1
core   0: 3 0x800138b4 (0x00001f17) x30 0x800148b4
core   0: 0x800138b8 (0x743f2623) sw      gp, 1868(t5)
core   0: 3 0x800138b8 (0x743f2623) mem 0x80015000 0x00000001
core   0: 0x800138bc (0xff9ff06f) j       pc - 0x8
core   0: 3 0x800138bc (0xff9ff06f)
core   0: 0x800138b4 (0x00001f17) auipc   t5, 0x1
core   0: 3 0x800138b4 (0x00001f17) x30 0x800148b4
core   0: 0x800138b8 (0x743f2623) sw      gp, 1868(t5)
core   0: 3 0x800138b8 (0x743f2623) mem 0x80015000 0x00000001
core   0: 0x800138bc (0xff9ff06f) j       pc - 0x8
core   0: 3 0x800138bc (0xff9ff06f)
core   0: 0x800138b4 (0x00001f17) auipc   t5, 0x1
core   0: 3 0x800138b4 (0x00001f17) x30 0x800148b4
core   0: 0x800138b8 (0x743f2623) sw      gp, 1868(t5)
core   0: 3 0x800138b8 (0x743f2623) mem 0x80015000 0x00000001
core   0: 0x800138bc (0xff9ff06f) j       pc - 0x8
core   0: 3 0x800138bc (0xff9ff06f)
core   0: 0x800138b4 (0x00001f17) auipc   t5, 0x1
core   0: 3 0x800138b4 (0x00001f17) x30 0x800148b4
core   0: 0x800138b8 (0x743f2623) sw      gp, 1868(t5)
core   0: 3 0x800138b8 (0x743f2623) mem 0x80015000 0x00000001
core   0: 0x800138bc (0xff9ff06f) j       pc - 0x8
core   0: 3 0x800138bc (0xff9ff06f)
core   0: 0x800138b4 (0x00001f17) auipc   t5, 0x1
core   0: 3 0x800138b4 (0x00001f17) x30 0x800148b4
core   0: 0x800138b8 (0x743f2623) sw      gp, 1868(t5)
core   0: 3 0x800138b8 (0x743f2623) mem 0x80015000 0x00000001
core   0: 0x800138bc (0xff9ff06f) j       pc - 0x8
core   0: 3 0x800138bc (0xff9ff06f)
core   0: 0x800138b4 (0x00001f17) auipc   t5, 0x1
core   0: 3 0x800138b4 (0x00001f17) x30 0x800148b4
core   0: 0x800138b8 (0x743f2623) sw      gp, 1868(t5)
core   0: 3 0x800138b8 (0x743f2623) mem 0x80015000 0x00000001
core   0: 0x800138bc (0xff9ff06f) j       pc - 0x8
core   0: 3 0x800138bc (0xff9ff06f)
core   0: 0x800138b4 (0x00001f17) auipc   t5, 0x1
core   0: 3 0x800138b4 (0x00001f17) x30 0x800148b4
core   0: 0x800138b8 (0x743f2623) sw      gp, 1868(t5)
core   0: 3 0x800138b8 (0x743f2623) mem 0x80015000 0x00000001
core   0: 0x800138bc (0xff9ff06f) j       pc - 0x8
core   0: 3 0x800138bc (0xff9ff06f)
core   0: 0x800138b4 (0x00001f17) auipc   t5, 0x1
core   0: 3 0x800138b4 (0x00001f17) x30 0x800148b4
core   0: 0x800138b8 (0x743f2623) sw      gp, 1868(t5)
core   0: 3 0x800138b8 (0x743f2623) mem 0x80015000 0x00000001
core   0: 0x800138bc (0xff9ff06f) j       pc - 0x8
core   0: 3 0x800138bc (0xff9ff06f)
core   0: 0x800138b4 (0x00001f17) auipc   t5, 0x1
core   0: 3 0x800138b4 (0x00001f17) x30 0x800148b4
core   0: 0x800138b8 (0x743f2623) sw      gp, 1868(t5)
core   0: 3 0x800138b8 (0x743f2623) mem 0x80015000 0x00000001
core   0: 0x800138bc (0xff9ff06f) j       pc - 0x8
core   0: 3 0x800138bc (0xff9ff06f)
core   0: 0x800138b4 (0x00001f17) auipc   t5, 0x1
core   0: 3 0x800138b4 (0x00001f17) x30 0x800148b4
core   0: 0x800138b8 (0x743f2623) sw      gp, 1868(t5)
core   0: 3 0x800138b8 (0x743f2623) mem 0x80015000 0x00000001
core   0: 0x800138bc (0xff9ff06f) j       pc - 0x8
core   0: 3 0x800138bc (0xff9ff06f)
core   0: 0x800138b4 (0x00001f17) auipc   t5, 0x1
core   0: 3 0x800138b4 (0x00001f17) x30 0x800148b4
core   0: 0x800138b8 (0x743f2623) sw      gp, 1868(t5)
core   0: 3 0x800138b8 (0x743f2623) mem 0x80015000 0x00000001
core   0: 0x800138bc (0xff9ff06f) j       pc - 0x8
core   0: 3 0x800138bc (0xff9ff06f)
core   0: 0x800138b4 (0x00001f17) auipc   t5, 0x1
core   0: 3 0x800138b4 (0x00001f17) x30 0x800148b4
core   0: 0x800138b8 (0x743f2623) sw      gp, 1868(t5)
core   0: 3 0x800138b8 (0x743f2623) mem 0x80015000 0x00000001
core   0: 0x800138bc (0xff9ff06f) j       pc - 0x8
core   0: 3 0x800138bc (0xff9ff06f)
core   0: 0x800138b4 (0x00001f17) auipc   t5, 0x1
core   0: 3 0x800138b4 (0x00001f17) x30 0x800148b4
core   0: 0x800138b8 (0x743f2623) sw      gp, 1868(t5)
core   0: 3 0x800138b8 (0x743f2623) mem 0x80015000 0x00000001
core   0: 0x800138bc (0xff9ff06f) j       pc - 0x8
core   0: 3 0x800138bc (0xff9ff06f)
core   0: 0x800138b4 (0x00001f17) auipc   t5, 0x1
core   0: 3 0x800138b4 (0x00001f17) x30 0x800148b4
core   0: 0x800138b8 (0x743f2623) sw      gp, 1868(t5)
core   0: 3 0x800138b8 (0x743f2623) mem 0x80015000 0x00000001
core   0: 0x800138bc (0xff9ff06f) j       pc - 0x8
core   0: 3 0x800138bc (0xff9ff06f)
core   0: 0x800138b4 (0x00001f17) auipc   t5, 0x1
core   0: 3 0x800138b4 (0x00001f17) x30 0x800148b4
core   0: 0x800138b8 (0x743f2623) sw      gp, 1868(t5)
core   0: 3 0x800138b8 (0x743f2623) mem 0x80015000 0x00000001
core   0: 0x800138bc (0xff9ff06f) j       pc - 0x8
core   0: 3 0x800138bc (0xff9ff06f)
core   0: 0x800138b4 (0x00001f17) auipc   t5, 0x1
core   0: 3 0x800138b4 (0x00001f17) x30 0x800148b4
core   0: 0x800138b8 (0x743f2623) sw      gp, 1868(t5)
core   0: 3 0x800138b8 (0x743f2623) mem 0x80015000 0x00000001
core   0: 0x800138bc (0xff9ff06f) j       pc - 0x8
core   0: 3 0x800138bc (0xff9ff06f)
core   0: 0x800138b4 (0x00001f17) auipc   t5, 0x1
core   0: 3 0x800138b4 (0x00001f17) x30 0x800148b4
core   0: 0x800138b8 (0x743f2623) sw      gp, 1868(t5)
core   0: 3 0x800138b8 (0x743f2623) mem 0x80015000 0x00000001
core   0: 0x800138bc (0xff9ff06f) j       pc - 0x8
core   0: 3 0x800138bc (0xff9ff06f)
core   0: 0x800138b4 (0x00001f17) auipc   t5, 0x1
core   0: 3 0x800138b4 (0x00001f17) x30 0x800148b4
core   0: 0x800138b8 (0x743f2623) sw      gp, 1868(t5)
core   0: 3 0x800138b8 (0x743f2623) mem 0x80015000 0x00000001
core   0: 0x800138bc (0xff9ff06f) j       pc - 0x8
core   0: 3 0x800138bc (0xff9ff06f)
core   0: 0x800138b4 (0x00001f17) auipc   t5, 0x1
core   0: 3 0x800138b4 (0x00001f17) x30 0x800148b4
core   0: 0x800138b8 (0x743f2623) sw      gp, 1868(t5)
core   0: 3 0x800138b8 (0x743f2623) mem 0x80015000 0x00000001
core   0: 0x800138bc (0xff9ff06f) j       pc - 0x8
core   0: 3 0x800138bc (0xff9ff06f)
core   0: 0x800138b4 (0x00001f17) auipc   t5, 0x1
core   0: 3 0x800138b4 (0x00001f17) x30 0x800148b4
core   0: 0x800138b8 (0x743f2623) sw      gp, 1868(t5)
core   0: 3 0x800138b8 (0x743f2623) mem 0x80015000 0x00000001
core   0: 0x800138bc (0xff9ff06f) j       pc - 0x8
core   0: 3 0x800138bc (0xff9ff06f)
core   0: 0x800138b4 (0x00001f17) auipc   t5, 0x1
core   0: 3 0x800138b4 (0x00001f17) x30 0x800148b4
core   0: 0x800138b8 (0x743f2623) sw      gp, 1868(t5)
core   0: 3 0x800138b8 (0x743f2623) mem 0x80015000 0x00000001
core   0: 0x800138bc (0xff9ff06f) j       pc - 0x8
core   0: 3 0x800138bc (0xff9ff06f)
core   0: 0x800138b4 (0x00001f17) auipc   t5, 0x1
core   0: 3 0x800138b4 (0x00001f17) x30 0x800148b4
core   0: 0x800138b8 (0x743f2623) sw      gp, 1868(t5)
core   0: 3 0x800138b8 (0x743f2623) mem 0x80015000 0x00000001
core   0: 0x800138bc (0xff9ff06f) j       pc - 0x8
core   0: 3 0x800138bc (0xff9ff06f)
core   0: 0x800138b4 (0x00001f17) auipc   t5, 0x1
core   0: 3 0x800138b4 (0x00001f17) x30 0x800148b4
core   0: 0x800138b8 (0x743f2623) sw      gp, 1868(t5)
core   0: 3 0x800138b8 (0x743f2623) mem 0x80015000 0x00000001
core   0: 0x800138bc (0xff9ff06f) j       pc - 0x8
core   0: 3 0x800138bc (0xff9ff06f)
core   0: 0x800138b4 (0x00001f17) auipc   t5, 0x1
core   0: 3 0x800138b4 (0x00001f17) x30 0x800148b4
core   0: 0x800138b8 (0x743f2623) sw      gp, 1868(t5)
core   0: 3 0x800138b8 (0x743f2623) mem 0x80015000 0x00000001
core   0: 0x800138bc (0xff9ff06f) j       pc - 0x8
core   0: 3 0x800138bc (0xff9ff06f)
core   0: 0x800138b4 (0x00001f17) auipc   t5, 0x1
core   0: 3 0x800138b4 (0x00001f17) x30 0x800148b4
core   0: 0x800138b8 (0x743f2623) sw      gp, 1868(t5)
core   0: 3 0x800138b8 (0x743f2623) mem 0x80015000 0x00000001
core   0: 0x800138bc (0xff9ff06f) j       pc - 0x8
core   0: 3 0x800138bc (0xff9ff06f)
core   0: 0x800138b4 (0x00001f17) auipc   t5, 0x1
core   0: 3 0x800138b4 (0x00001f17) x30 0x800148b4
core   0: 0x800138b8 (0x743f2623) sw      gp, 1868(t5)
core   0: 3 0x800138b8 (0x743f2623) mem 0x80015000 0x00000001
core   0: 0x800138bc (0xff9ff06f) j       pc - 0x8
core   0: 3 0x800138bc (0xff9ff06f)
core   0: 0x800138b4 (0x00001f17) auipc   t5, 0x1
core   0: 3 0x800138b4 (0x00001f17) x30 0x800148b4
core   0: 0x800138b8 (0x743f2623) sw      gp, 1868(t5)
core   0: 3 0x800138b8 (0x743f2623) mem 0x80015000 0x00000001
core   0: 0x800138bc (0xff9ff06f) j       pc - 0x8
core   0: 3 0x800138bc (0xff9ff06f)
core   0: 0x800138b4 (0x00001f17) auipc   t5, 0x1
core   0: 3 0x800138b4 (0x00001f17) x30 0x800148b4
core   0: 0x800138b8 (0x743f2623) sw      gp, 1868(t5)
core   0: 3 0x800138b8 (0x743f2623) mem 0x80015000 0x00000001
core   0: 0x800138bc (0xff9ff06f) j       pc - 0x8
core   0: 3 0x800138bc (0xff9ff06f)
core   0: 0x800138b4 (0x00001f17) auipc   t5, 0x1
core   0: 3 0x800138b4 (0x00001f17) x30 0x800148b4
core   0: 0x800138b8 (0x743f2623) sw      gp, 1868(t5)
core   0: 3 0x800138b8 (0x743f2623) mem 0x80015000 0x00000001
core   0: 0x800138bc (0xff9ff06f) j       pc - 0x8
core   0: 3 0x800138bc (0xff9ff06f)
core   0: 0x800138b4 (0x00001f17) auipc   t5, 0x1
core   0: 3 0x800138b4 (0x00001f17) x30 0x800148b4
core   0: 0x800138b8 (0x743f2623) sw      gp, 1868(t5)
core   0: 3 0x800138b8 (0x743f2623) mem 0x80015000 0x00000001
core   0: 0x800138bc (0xff9ff06f) j       pc - 0x8
core   0: 3 0x800138bc (0xff9ff06f)
core   0: 0x800138b4 (0x00001f17) auipc   t5, 0x1
core   0: 3 0x800138b4 (0x00001f17) x30 0x800148b4
core   0: 0x800138b8 (0x743f2623) sw      gp, 1868(t5)
core   0: 3 0x800138b8 (0x743f2623) mem 0x80015000 0x00000001
core   0: 0x800138bc (0xff9ff06f) j       pc - 0x8
core   0: 3 0x800138bc (0xff9ff06f)
core   0: 0x800138b4 (0x00001f17) auipc   t5, 0x1
core   0: 3 0x800138b4 (0x00001f17) x30 0x800148b4
core   0: 0x800138b8 (0x743f2623) sw      gp, 1868(t5)
core   0: 3 0x800138b8 (0x743f2623) mem 0x80015000 0x00000001
core   0: 0x800138bc (0xff9ff06f) j       pc - 0x8
core   0: 3 0x800138bc (0xff9ff06f)
core   0: 0x800138b4 (0x00001f17) auipc   t5, 0x1
core   0: 3 0x800138b4 (0x00001f17) x30 0x800148b4
core   0: 0x800138b8 (0x743f2623) sw      gp, 1868(t5)
core   0: 3 0x800138b8 (0x743f2623) mem 0x80015000 0x00000001
core   0: 0x800138bc (0xff9ff06f) j       pc - 0x8
core   0: 3 0x800138bc (0xff9ff06f)
core   0: 0x800138b4 (0x00001f17) auipc   t5, 0x1
core   0: 3 0x800138b4 (0x00001f17) x30 0x800148b4
core   0: 0x800138b8 (0x743f2623) sw      gp, 1868(t5)
core   0: 3 0x800138b8 (0x743f2623) mem 0x80015000 0x00000001
core   0: 0x800138bc (0xff9ff06f) j       pc - 0x8
core   0: 3 0x800138bc (0xff9ff06f)
core   0: 0x800138b4 (0x00001f17) auipc   t5, 0x1
core   0: 3 0x800138b4 (0x00001f17) x30 0x800148b4
core   0: 0x800138b8 (0x743f2623) sw      gp, 1868(t5)
core   0: 3 0x800138b8 (0x743f2623) mem 0x80015000 0x00000001
core   0: 0x800138bc (0xff9ff06f) j       pc - 0x8
core   0: 3 0x800138bc (0xff9ff06f)
core   0: 0x800138b4 (0x00001f17) auipc   t5, 0x1
core   0: 3 0x800138b4 (0x00001f17) x30 0x800148b4
core   0: 0x800138b8 (0x743f2623) sw      gp, 1868(t5)
core   0: 3 0x800138b8 (0x743f2623) mem 0x80015000 0x00000001
core   0: 0x800138bc (0xff9ff06f) j       pc - 0x8
core   0: 3 0x800138bc (0xff9ff06f)
core   0: 0x800138b4 (0x00001f17) auipc   t5, 0x1
core   0: 3 0x800138b4 (0x00001f17) x30 0x800148b4
core   0: 0x800138b8 (0x743f2623) sw      gp, 1868(t5)
core   0: 3 0x800138b8 (0x743f2623) mem 0x80015000 0x00000001
core   0: 0x800138bc (0xff9ff06f) j       pc - 0x8
core   0: 3 0x800138bc (0xff9ff06f)
core   0: 0x800138b4 (0x00001f17) auipc   t5, 0x1
core   0: 3 0x800138b4 (0x00001f17) x30 0x800148b4
core   0: 0x800138b8 (0x743f2623) sw      gp, 1868(t5)
core   0: 3 0x800138b8 (0x743f2623) mem 0x80015000 0x00000001
core   0: 0x800138bc (0xff9ff06f) j       pc - 0x8
core   0: 3 0x800138bc (0xff9ff06f)
core   0: 0x800138b4 (0x00001f17) auipc   t5, 0x1
core   0: 3 0x800138b4 (0x00001f17) x30 0x800148b4
core   0: 0x800138b8 (0x743f2623) sw      gp, 1868(t5)
core   0: 3 0x800138b8 (0x743f2623) mem 0x80015000 0x00000001
core   0: 0x800138bc (0xff9ff06f) j       pc - 0x8
core   0: 3 0x800138bc (0xff9ff06f)
core   0: 0x800138b4 (0x00001f17) auipc   t5, 0x1
core   0: 3 0x800138b4 (0x00001f17) x30 0x800148b4
core   0: 0x800138b8 (0x743f2623) sw      gp, 1868(t5)
core   0: 3 0x800138b8 (0x743f2623) mem 0x80015000 0x00000001
core   0: 0x800138bc (0xff9ff06f) j       pc - 0x8
core   0: 3 0x800138bc (0xff9ff06f)
core   0: 0x800138b4 (0x00001f17) auipc   t5, 0x1
core   0: 3 0x800138b4 (0x00001f17) x30 0x800148b4
core   0: 0x800138b8 (0x743f2623) sw      gp, 1868(t5)
core   0: 3 0x800138b8 (0x743f2623) mem 0x80015000 0x00000001
core   0: 0x800138bc (0xff9ff06f) j       pc - 0x8
core   0: 3 0x800138bc (0xff9ff06f)
core   0: 0x800138b4 (0x00001f17) auipc   t5, 0x1
core   0: 3 0x800138b4 (0x00001f17) x30 0x800148b4
core   0: 0x800138b8 (0x743f2623) sw      gp, 1868(t5)
core   0: 3 0x800138b8 (0x743f2623) mem 0x80015000 0x00000001
core   0: 0x800138bc (0xff9ff06f) j       pc - 0x8
core   0: 3 0x800138bc (0xff9ff06f)
core   0: 0x800138b4 (0x00001f17) auipc   t5, 0x1
core   0: 3 0x800138b4 (0x00001f17) x30 0x800148b4
core   0: 0x800138b8 (0x743f2623) sw      gp, 1868(t5)
core   0: 3 0x800138b8 (0x743f2623) mem 0x80015000 0x00000001
core   0: 0x800138bc (0xff9ff06f) j       pc - 0x8
core   0: 3 0x800138bc (0xff9ff06f)
core   0: 0x800138b4 (0x00001f17) auipc   t5, 0x1
core   0: 3 0x800138b4 (0x00001f17) x30 0x800148b4
core   0: 0x800138b8 (0x743f2623) sw      gp, 1868(t5)
core   0: 3 0x800138b8 (0x743f2623) mem 0x80015000 0x00000001
core   0: 0x800138bc (0xff9ff06f) j       pc - 0x8
core   0: 3 0x800138bc (0xff9ff06f)
core   0: 0x800138b4 (0x00001f17) auipc   t5, 0x1
core   0: 3 0x800138b4 (0x00001f17) x30 0x800148b4
core   0: 0x800138b8 (0x743f2623) sw      gp, 1868(t5)
core   0: 3 0x800138b8 (0x743f2623) mem 0x80015000 0x00000001
core   0: 0x800138bc (0xff9ff06f) j       pc - 0x8
core   0: 3 0x800138bc (0xff9ff06f)
core   0: 0x800138b4 (0x00001f17) auipc   t5, 0x1
core   0: 3 0x800138b4 (0x00001f17) x30 0x800148b4
core   0: 0x800138b8 (0x743f2623) sw      gp, 1868(t5)
core   0: 3 0x800138b8 (0x743f2623) mem 0x80015000 0x00000001
core   0: 0x800138bc (0xff9ff06f) j       pc - 0x8
core   0: 3 0x800138bc (0xff9ff06f)
core   0: 0x800138b4 (0x00001f17) auipc   t5, 0x1
core   0: 3 0x800138b4 (0x00001f17) x30 0x800148b4
core   0: 0x800138b8 (0x743f2623) sw      gp, 1868(t5)
core   0: 3 0x800138b8 (0x743f2623) mem 0x80015000 0x00000001
core   0: 0x800138bc (0xff9ff06f) j       pc - 0x8
core   0: 3 0x800138bc (0xff9ff06f)
core   0: 0x800138b4 (0x00001f17) auipc   t5, 0x1
core   0: 3 0x800138b4 (0x00001f17) x30 0x800148b4
core   0: 0x800138b8 (0x743f2623) sw      gp, 1868(t5)
core   0: 3 0x800138b8 (0x743f2623) mem 0x80015000 0x00000001
core   0: 0x800138bc (0xff9ff06f) j       pc - 0x8
core   0: 3 0x800138bc (0xff9ff06f)
core   0: 0x800138b4 (0x00001f17) auipc   t5, 0x1
core   0: 3 0x800138b4 (0x00001f17) x30 0x800148b4
core   0: 0x800138b8 (0x743f2623) sw      gp, 1868(t5)
core   0: 3 0x800138b8 (0x743f2623) mem 0x80015000 0x00000001
core   0: 0x800138bc (0xff9ff06f) j       pc - 0x8
core   0: 3 0x800138bc (0xff9ff06f)
core   0: 0x800138b4 (0x00001f17) auipc   t5, 0x1
core   0: 3 0x800138b4 (0x00001f17) x30 0x800148b4
core   0: 0x800138b8 (0x743f2623) sw      gp, 1868(t5)
core   0: 3 0x800138b8 (0x743f2623) mem 0x80015000 0x00000001
core   0: 0x800138bc (0xff9ff06f) j       pc - 0x8
core   0: 3 0x800138bc (0xff9ff06f)
core   0: 0x800138b4 (0x00001f17) auipc   t5, 0x1
core   0: 3 0x800138b4 (0x00001f17) x30 0x800148b4
core   0: 0x800138b8 (0x743f2623) sw      gp, 1868(t5)
core   0: 3 0x800138b8 (0x743f2623) mem 0x80015000 0x00000001
core   0: 0x800138bc (0xff9ff06f) j       pc - 0x8
core   0: 3 0x800138bc (0xff9ff06f)
core   0: 0x800138b4 (0x00001f17) auipc   t5, 0x1
core   0: 3 0x800138b4 (0x00001f17) x30 0x800148b4
core   0: 0x800138b8 (0x743f2623) sw      gp, 1868(t5)
core   0: 3 0x800138b8 (0x743f2623) mem 0x80015000 0x00000001
core   0: 0x800138bc (0xff9ff06f) j       pc - 0x8
core   0: 3 0x800138bc (0xff9ff06f)
core   0: 0x800138b4 (0x00001f17) auipc   t5, 0x1
core   0: 3 0x800138b4 (0x00001f17) x30 0x800148b4
core   0: 0x800138b8 (0x743f2623) sw      gp, 1868(t5)
core   0: 3 0x800138b8 (0x743f2623) mem 0x80015000 0x00000001
core   0: 0x800138bc (0xff9ff06f) j       pc - 0x8
core   0: 3 0x800138bc (0xff9ff06f)
core   0: 0x800138b4 (0x00001f17) auipc   t5, 0x1
core   0: 3 0x800138b4 (0x00001f17) x30 0x800148b4
core   0: 0x800138b8 (0x743f2623) sw      gp, 1868(t5)
core   0: 3 0x800138b8 (0x743f2623) mem 0x80015000 0x00000001
core   0: 0x800138bc (0xff9ff06f) j       pc - 0x8
core   0: 3 0x800138bc (0xff9ff06f)
core   0: 0x800138b4 (0x00001f17) auipc   t5, 0x1
core   0: 3 0x800138b4 (0x00001f17) x30 0x800148b4
core   0: 0x800138b8 (0x743f2623) sw      gp, 1868(t5)
core   0: 3 0x800138b8 (0x743f2623) mem 0x80015000 0x00000001
core   0: 0x800138bc (0xff9ff06f) j       pc - 0x8
core   0: 3 0x800138bc (0xff9ff06f)
core   0: 0x800138b4 (0x00001f17) auipc   t5, 0x1
core   0: 3 0x800138b4 (0x00001f17) x30 0x800148b4
core   0: 0x800138b8 (0x743f2623) sw      gp, 1868(t5)
core   0: 3 0x800138b8 (0x743f2623) mem 0x80015000 0x00000001
core   0: 0x800138bc (0xff9ff06f) j       pc - 0x8
core   0: 3 0x800138bc (0xff9ff06f)
core   0: 0x800138b4 (0x00001f17) auipc   t5, 0x1
core   0: 3 0x800138b4 (0x00001f17) x30 0x800148b4
core   0: 0x800138b8 (0x743f2623) sw      gp, 1868(t5)
core   0: 3 0x800138b8 (0x743f2623) mem 0x80015000 0x00000001
core   0: 0x800138bc (0xff9ff06f) j       pc - 0x8
core   0: 3 0x800138bc (0xff9ff06f)
core   0: 0x800138b4 (0x00001f17) auipc   t5, 0x1
core   0: 3 0x800138b4 (0x00001f17) x30 0x800148b4
core   0: 0x800138b8 (0x743f2623) sw      gp, 1868(t5)
core   0: 3 0x800138b8 (0x743f2623) mem 0x80015000 0x00000001
core   0: 0x800138bc (0xff9ff06f) j       pc - 0x8
core   0: 3 0x800138bc (0xff9ff06f)
core   0: 0x800138b4 (0x00001f17) auipc   t5, 0x1
core   0: 3 0x800138b4 (0x00001f17) x30 0x800148b4
core   0: 0x800138b8 (0x743f2623) sw      gp, 1868(t5)
core   0: 3 0x800138b8 (0x743f2623) mem 0x80015000 0x00000001
core   0: 0x800138bc (0xff9ff06f) j       pc - 0x8
core   0: 3 0x800138bc (0xff9ff06f)
core   0: 0x800138b4 (0x00001f17) auipc   t5, 0x1
core   0: 3 0x800138b4 (0x00001f17) x30 0x800148b4
core   0: 0x800138b8 (0x743f2623) sw      gp, 1868(t5)
core   0: 3 0x800138b8 (0x743f2623) mem 0x80015000 0x00000001
core   0: 0x800138bc (0xff9ff06f) j       pc - 0x8
core   0: 3 0x800138bc (0xff9ff06f)
core   0: 0x800138b4 (0x00001f17) auipc   t5, 0x1
core   0: 3 0x800138b4 (0x00001f17) x30 0x800148b4
core   0: 0x800138b8 (0x743f2623) sw      gp, 1868(t5)
core   0: 3 0x800138b8 (0x743f2623) mem 0x80015000 0x00000001
core   0: 0x800138bc (0xff9ff06f) j       pc - 0x8
core   0: 3 0x800138bc (0xff9ff06f)
core   0: 0x800138b4 (0x00001f17) auipc   t5, 0x1
core   0: 3 0x800138b4 (0x00001f17) x30 0x800148b4
core   0: 0x800138b8 (0x743f2623) sw      gp, 1868(t5)
core   0: 3 0x800138b8 (0x743f2623) mem 0x80015000 0x00000001
core   0: 0x800138bc (0xff9ff06f) j       pc - 0x8
core   0: 3 0x800138bc (0xff9ff06f)
core   0: 0x800138b4 (0x00001f17) auipc   t5, 0x1
core   0: 3 0x800138b4 (0x00001f17) x30 0x800148b4
core   0: 0x800138b8 (0x743f2623) sw      gp, 1868(t5)
core   0: 3 0x800138b8 (0x743f2623) mem 0x80015000 0x00000001
core   0: 0x800138bc (0xff9ff06f) j       pc - 0x8
core   0: 3 0x800138bc (0xff9ff06f)
core   0: 0x800138b4 (0x00001f17) auipc   t5, 0x1
core   0: 3 0x800138b4 (0x00001f17) x30 0x800148b4
core   0: 0x800138b8 (0x743f2623) sw      gp, 1868(t5)
core   0: 3 0x800138b8 (0x743f2623) mem 0x80015000 0x00000001
core   0: 0x800138bc (0xff9ff06f) j       pc - 0x8
core   0: 3 0x800138bc (0xff9ff06f)
core   0: 0x800138b4 (0x00001f17) auipc   t5, 0x1
core   0: 3 0x800138b4 (0x00001f17) x30 0x800148b4
core   0: 0x800138b8 (0x743f2623) sw      gp, 1868(t5)
core   0: 3 0x800138b8 (0x743f2623) mem 0x80015000 0x00000001
core   0: 0x800138bc (0xff9ff06f) j       pc - 0x8
core   0: 3 0x800138bc (0xff9ff06f)
core   0: 0x800138b4 (0x00001f17) auipc   t5, 0x1
core   0: 3 0x800138b4 (0x00001f17) x30 0x800148b4
core   0: 0x800138b8 (0x743f2623) sw      gp, 1868(t5)
core   0: 3 0x800138b8 (0x743f2623) mem 0x80015000 0x00000001
core   0: 0x800138bc (0xff9ff06f) j       pc - 0x8
core   0: 3 0x800138bc (0xff9ff06f)
core   0: 0x800138b4 (0x00001f17) auipc   t5, 0x1
core   0: 3 0x800138b4 (0x00001f17) x30 0x800148b4
core   0: 0x800138b8 (0x743f2623) sw      gp, 1868(t5)
core   0: 3 0x800138b8 (0x743f2623) mem 0x80015000 0x00000001
core   0: 0x800138bc (0xff9ff06f) j       pc - 0x8
core   0: 3 0x800138bc (0xff9ff06f)
core   0: 0x800138b4 (0x00001f17) auipc   t5, 0x1
core   0: 3 0x800138b4 (0x00001f17) x30 0x800148b4
core   0: 0x800138b8 (0x743f2623) sw      gp, 1868(t5)
core   0: 3 0x800138b8 (0x743f2623) mem 0x80015000 0x00000001
core   0: 0x800138bc (0xff9ff06f) j       pc - 0x8
core   0: 3 0x800138bc (0xff9ff06f)
core   0: 0x800138b4 (0x00001f17) auipc   t5, 0x1
core   0: 3 0x800138b4 (0x00001f17) x30 0x800148b4
core   0: 0x800138b8 (0x743f2623) sw      gp, 1868(t5)
core   0: 3 0x800138b8 (0x743f2623) mem 0x80015000 0x00000001
core   0: 0x800138bc (0xff9ff06f) j       pc - 0x8
core   0: 3 0x800138bc (0xff9ff06f)
core   0: 0x800138b4 (0x00001f17) auipc   t5, 0x1
core   0: 3 0x800138b4 (0x00001f17) x30 0x800148b4
core   0: 0x800138b8 (0x743f2623) sw      gp, 1868(t5)
core   0: 3 0x800138b8 (0x743f2623) mem 0x80015000 0x00000001
core   0: 0x800138bc (0xff9ff06f) j       pc - 0x8
core   0: 3 0x800138bc (0xff9ff06f)
core   0: 0x800138b4 (0x00001f17) auipc   t5, 0x1
core   0: 3 0x800138b4 (0x00001f17) x30 0x800148b4
core   0: 0x800138b8 (0x743f2623) sw      gp, 1868(t5)
core   0: 3 0x800138b8 (0x743f2623) mem 0x80015000 0x00000001
core   0: 0x800138bc (0xff9ff06f) j       pc - 0x8
core   0: 3 0x800138bc (0xff9ff06f)
core   0: 0x800138b4 (0x00001f17) auipc   t5, 0x1
core   0: 3 0x800138b4 (0x00001f17) x30 0x800148b4
core   0: 0x800138b8 (0x743f2623) sw      gp, 1868(t5)
core   0: 3 0x800138b8 (0x743f2623) mem 0x80015000 0x00000001
core   0: 0x800138bc (0xff9ff06f) j       pc - 0x8
core   0: 3 0x800138bc (0xff9ff06f)
core   0: 0x800138b4 (0x00001f17) auipc   t5, 0x1
core   0: 3 0x800138b4 (0x00001f17) x30 0x800148b4
core   0: 0x800138b8 (0x743f2623) sw      gp, 1868(t5)
core   0: 3 0x800138b8 (0x743f2623) mem 0x80015000 0x00000001
core   0: 0x800138bc (0xff9ff06f) j       pc - 0x8
core   0: 3 0x800138bc (0xff9ff06f)
core   0: 0x800138b4 (0x00001f17) auipc   t5, 0x1
core   0: 3 0x800138b4 (0x00001f17) x30 0x800148b4
core   0: 0x800138b8 (0x743f2623) sw      gp, 1868(t5)
core   0: 3 0x800138b8 (0x743f2623) mem 0x80015000 0x00000001
core   0: 0x800138bc (0xff9ff06f) j       pc - 0x8
core   0: 3 0x800138bc (0xff9ff06f)
core   0: 0x800138b4 (0x00001f17) auipc   t5, 0x1
core   0: 3 0x800138b4 (0x00001f17) x30 0x800148b4
core   0: 0x800138b8 (0x743f2623) sw      gp, 1868(t5)
core   0: 3 0x800138b8 (0x743f2623) mem 0x80015000 0x00000001
core   0: 0x800138bc (0xff9ff06f) j       pc - 0x8
core   0: 3 0x800138bc (0xff9ff06f)
core   0: 0x800138b4 (0x00001f17) auipc   t5, 0x1
core   0: 3 0x800138b4 (0x00001f17) x30 0x800148b4
core   0: 0x800138b8 (0x743f2623) sw      gp, 1868(t5)
core   0: 3 0x800138b8 (0x743f2623) mem 0x80015000 0x00000001
core   0: 0x800138bc (0xff9ff06f) j       pc - 0x8
core   0: 3 0x800138bc (0xff9ff06f)
core   0: 0x800138b4 (0x00001f17) auipc   t5, 0x1
core   0: 3 0x800138b4 (0x00001f17) x30 0x800148b4
core   0: 0x800138b8 (0x743f2623) sw      gp, 1868(t5)
core   0: 3 0x800138b8 (0x743f2623) mem 0x80015000 0x00000001
core   0: 0x800138bc (0xff9ff06f) j       pc - 0x8
core   0: 3 0x800138bc (0xff9ff06f)
core   0: 0x800138b4 (0x00001f17) auipc   t5, 0x1
core   0: 3 0x800138b4 (0x00001f17) x30 0x800148b4
core   0: 0x800138b8 (0x743f2623) sw      gp, 1868(t5)
core   0: 3 0x800138b8 (0x743f2623) mem 0x80015000 0x00000001
core   0: 0x800138bc (0xff9ff06f) j       pc - 0x8
core   0: 3 0x800138bc (0xff9ff06f)
core   0: 0x800138b4 (0x00001f17) auipc   t5, 0x1
core   0: 3 0x800138b4 (0x00001f17) x30 0x800148b4
core   0: 0x800138b8 (0x743f2623) sw      gp, 1868(t5)
core   0: 3 0x800138b8 (0x743f2623) mem 0x80015000 0x00000001
core   0: 0x800138bc (0xff9ff06f) j       pc - 0x8
core   0: 3 0x800138bc (0xff9ff06f)
core   0: 0x800138b4 (0x00001f17) auipc   t5, 0x1
core   0: 3 0x800138b4 (0x00001f17) x30 0x800148b4
core   0: 0x800138b8 (0x743f2623) sw      gp, 1868(t5)
core   0: 3 0x800138b8 (0x743f2623) mem 0x80015000 0x00000001
core   0: 0x800138bc (0xff9ff06f) j       pc - 0x8
core   0: 3 0x800138bc (0xff9ff06f)
core   0: 0x800138b4 (0x00001f17) auipc   t5, 0x1
core   0: 3 0x800138b4 (0x00001f17) x30 0x800148b4
core   0: 0x800138b8 (0x743f2623) sw      gp, 1868(t5)
core   0: 3 0x800138b8 (0x743f2623) mem 0x80015000 0x00000001
core   0: 0x800138bc (0xff9ff06f) j       pc - 0x8
core   0: 3 0x800138bc (0xff9ff06f)
core   0: 0x800138b4 (0x00001f17) auipc   t5, 0x1
core   0: 3 0x800138b4 (0x00001f17) x30 0x800148b4
core   0: 0x800138b8 (0x743f2623) sw      gp, 1868(t5)
core   0: 3 0x800138b8 (0x743f2623) mem 0x80015000 0x00000001
core   0: 0x800138bc (0xff9ff06f) j       pc - 0x8
core   0: 3 0x800138bc (0xff9ff06f)
core   0: 0x800138b4 (0x00001f17) auipc   t5, 0x1
core   0: 3 0x800138b4 (0x00001f17) x30 0x800148b4
core   0: 0x800138b8 (0x743f2623) sw      gp, 1868(t5)
core   0: 3 0x800138b8 (0x743f2623) mem 0x80015000 0x00000001
core   0: 0x800138bc (0xff9ff06f) j       pc - 0x8
core   0: 3 0x800138bc (0xff9ff06f)
core   0: 0x800138b4 (0x00001f17) auipc   t5, 0x1
core   0: 3 0x800138b4 (0x00001f17) x30 0x800148b4
core   0: 0x800138b8 (0x743f2623) sw      gp, 1868(t5)
core   0: 3 0x800138b8 (0x743f2623) mem 0x80015000 0x00000001
core   0: 0x800138bc (0xff9ff06f) j       pc - 0x8
core   0: 3 0x800138bc (0xff9ff06f)
core   0: 0x800138b4 (0x00001f17) auipc   t5, 0x1
core   0: 3 0x800138b4 (0x00001f17) x30 0x800148b4
core   0: 0x800138b8 (0x743f2623) sw      gp, 1868(t5)
core   0: 3 0x800138b8 (0x743f2623) mem 0x80015000 0x00000001
core   0: 0x800138bc (0xff9ff06f) j       pc - 0x8
core   0: 3 0x800138bc (0xff9ff06f)
core   0: 0x800138b4 (0x00001f17) auipc   t5, 0x1
core   0: 3 0x800138b4 (0x00001f17) x30 0x800148b4
core   0: 0x800138b8 (0x743f2623) sw      gp, 1868(t5)
core   0: 3 0x800138b8 (0x743f2623) mem 0x80015000 0x00000001
core   0: 0x800138bc (0xff9ff06f) j       pc - 0x8
core   0: 3 0x800138bc (0xff9ff06f)
core   0: 0x800138b4 (0x00001f17) auipc   t5, 0x1
core   0: 3 0x800138b4 (0x00001f17) x30 0x800148b4
core   0: 0x800138b8 (0x743f2623) sw      gp, 1868(t5)
core   0: 3 0x800138b8 (0x743f2623) mem 0x80015000 0x00000001
core   0: 0x800138bc (0xff9ff06f) j       pc - 0x8
core   0: 3 0x800138bc (0xff9ff06f)
core   0: 0x800138b4 (0x00001f17) auipc   t5, 0x1
core   0: 3 0x800138b4 (0x00001f17) x30 0x800148b4
core   0: 0x800138b8 (0x743f2623) sw      gp, 1868(t5)
core   0: 3 0x800138b8 (0x743f2623) mem 0x80015000 0x00000001
core   0: 0x800138bc (0xff9ff06f) j       pc - 0x8
core   0: 3 0x800138bc (0xff9ff06f)
core   0: 0x800138b4 (0x00001f17) auipc   t5, 0x1
core   0: 3 0x800138b4 (0x00001f17) x30 0x800148b4
core   0: 0x800138b8 (0x743f2623) sw      gp, 1868(t5)
core   0: 3 0x800138b8 (0x743f2623) mem 0x80015000 0x00000001
core   0: 0x800138bc (0xff9ff06f) j       pc - 0x8
core   0: 3 0x800138bc (0xff9ff06f)
core   0: 0x800138b4 (0x00001f17) auipc   t5, 0x1
core   0: 3 0x800138b4 (0x00001f17) x30 0x800148b4
core   0: 0x800138b8 (0x743f2623) sw      gp, 1868(t5)
core   0: 3 0x800138b8 (0x743f2623) mem 0x80015000 0x00000001
core   0: 0x800138bc (0xff9ff06f) j       pc - 0x8
core   0: 3 0x800138bc (0xff9ff06f)
core   0: 0x800138b4 (0x00001f17) auipc   t5, 0x1
core   0: 3 0x800138b4 (0x00001f17) x30 0x800148b4
core   0: 0x800138b8 (0x743f2623) sw      gp, 1868(t5)
core   0: 3 0x800138b8 (0x743f2623) mem 0x80015000 0x00000001
core   0: 0x800138bc (0xff9ff06f) j       pc - 0x8
core   0: 3 0x800138bc (0xff9ff06f)
core   0: 0x800138b4 (0x00001f17) auipc   t5, 0x1
core   0: 3 0x800138b4 (0x00001f17) x30 0x800148b4
core   0: 0x800138b8 (0x743f2623) sw      gp, 1868(t5)
core   0: 3 0x800138b8 (0x743f2623) mem 0x80015000 0x00000001
core   0: 0x800138bc (0xff9ff06f) j       pc - 0x8
core   0: 3 0x800138bc (0xff9ff06f)
core   0: 0x800138b4 (0x00001f17) auipc   t5, 0x1
core   0: 3 0x800138b4 (0x00001f17) x30 0x800148b4
core   0: 0x800138b8 (0x743f2623) sw      gp, 1868(t5)
core   0: 3 0x800138b8 (0x743f2623) mem 0x80015000 0x00000001
core   0: 0x800138bc (0xff9ff06f) j       pc - 0x8
core   0: 3 0x800138bc (0xff9ff06f)
core   0: 0x800138b4 (0x00001f17) auipc   t5, 0x1
core   0: 3 0x800138b4 (0x00001f17) x30 0x800148b4
core   0: 0x800138b8 (0x743f2623) sw      gp, 1868(t5)
core   0: 3 0x800138b8 (0x743f2623) mem 0x80015000 0x00000001
core   0: 0x800138bc (0xff9ff06f) j       pc - 0x8
core   0: 3 0x800138bc (0xff9ff06f)
core   0: 0x800138b4 (0x00001f17) auipc   t5, 0x1
core   0: 3 0x800138b4 (0x00001f17) x30 0x800148b4
core   0: 0x800138b8 (0x743f2623) sw      gp, 1868(t5)
core   0: 3 0x800138b8 (0x743f2623) mem 0x80015000 0x00000001
core   0: 0x800138bc (0xff9ff06f) j       pc - 0x8
core   0: 3 0x800138bc (0xff9ff06f)
core   0: 0x800138b4 (0x00001f17) auipc   t5, 0x1
core   0: 3 0x800138b4 (0x00001f17) x30 0x800148b4
core   0: 0x800138b8 (0x743f2623) sw      gp, 1868(t5)
core   0: 3 0x800138b8 (0x743f2623) mem 0x80015000 0x00000001
core   0: 0x800138bc (0xff9ff06f) j       pc - 0x8
core   0: 3 0x800138bc (0xff9ff06f)
core   0: 0x800138b4 (0x00001f17) auipc   t5, 0x1
core   0: 3 0x800138b4 (0x00001f17) x30 0x800148b4
core   0: 0x800138b8 (0x743f2623) sw      gp, 1868(t5)
core   0: 3 0x800138b8 (0x743f2623) mem 0x80015000 0x00000001
core   0: 0x800138bc (0xff9ff06f) j       pc - 0x8
core   0: 3 0x800138bc (0xff9ff06f)
core   0: 0x800138b4 (0x00001f17) auipc   t5, 0x1
core   0: 3 0x800138b4 (0x00001f17) x30 0x800148b4
core   0: 0x800138b8 (0x743f2623) sw      gp, 1868(t5)
core   0: 3 0x800138b8 (0x743f2623) mem 0x80015000 0x00000001
core   0: 0x800138bc (0xff9ff06f) j       pc - 0x8
core   0: 3 0x800138bc (0xff9ff06f)
core   0: 0x800138b4 (0x00001f17) auipc   t5, 0x1
core   0: 3 0x800138b4 (0x00001f17) x30 0x800148b4
core   0: 0x800138b8 (0x743f2623) sw      gp, 1868(t5)
core   0: 3 0x800138b8 (0x743f2623) mem 0x80015000 0x00000001
core   0: 0x800138bc (0xff9ff06f) j       pc - 0x8
core   0: 3 0x800138bc (0xff9ff06f)
core   0: 0x800138b4 (0x00001f17) auipc   t5, 0x1
core   0: 3 0x800138b4 (0x00001f17) x30 0x800148b4
core   0: 0x800138b8 (0x743f2623) sw      gp, 1868(t5)
core   0: 3 0x800138b8 (0x743f2623) mem 0x80015000 0x00000001
core   0: 0x800138bc (0xff9ff06f) j       pc - 0x8
core   0: 3 0x800138bc (0xff9ff06f)
core   0: 0x800138b4 (0x00001f17) auipc   t5, 0x1
core   0: 3 0x800138b4 (0x00001f17) x30 0x800148b4
core   0: 0x800138b8 (0x743f2623) sw      gp, 1868(t5)
core   0: 3 0x800138b8 (0x743f2623) mem 0x80015000 0x00000001
core   0: 0x800138bc (0xff9ff06f) j       pc - 0x8
core   0: 3 0x800138bc (0xff9ff06f)
core   0: 0x800138b4 (0x00001f17) auipc   t5, 0x1
core   0: 3 0x800138b4 (0x00001f17) x30 0x800148b4
core   0: 0x800138b8 (0x743f2623) sw      gp, 1868(t5)
core   0: 3 0x800138b8 (0x743f2623) mem 0x80015000 0x00000001
core   0: 0x800138bc (0xff9ff06f) j       pc - 0x8
core   0: 3 0x800138bc (0xff9ff06f)
core   0: 0x800138b4 (0x00001f17) auipc   t5, 0x1
core   0: 3 0x800138b4 (0x00001f17) x30 0x800148b4
core   0: 0x800138b8 (0x743f2623) sw      gp, 1868(t5)
core   0: 3 0x800138b8 (0x743f2623) mem 0x80015000 0x00000001
core   0: 0x800138bc (0xff9ff06f) j       pc - 0x8
core   0: 3 0x800138bc (0xff9ff06f)
core   0: 0x800138b4 (0x00001f17) auipc   t5, 0x1
core   0: 3 0x800138b4 (0x00001f17) x30 0x800148b4
core   0: 0x800138b8 (0x743f2623) sw      gp, 1868(t5)
core   0: 3 0x800138b8 (0x743f2623) mem 0x80015000 0x00000001
core   0: 0x800138bc (0xff9ff06f) j       pc - 0x8
core   0: 3 0x800138bc (0xff9ff06f)
core   0: 0x800138b4 (0x00001f17) auipc   t5, 0x1
core   0: 3 0x800138b4 (0x00001f17) x30 0x800148b4
core   0: 0x800138b8 (0x743f2623) sw      gp, 1868(t5)
core   0: 3 0x800138b8 (0x743f2623) mem 0x80015000 0x00000001
core   0: 0x800138bc (0xff9ff06f) j       pc - 0x8
core   0: 3 0x800138bc (0xff9ff06f)
core   0: 0x800138b4 (0x00001f17) auipc   t5, 0x1
core   0: 3 0x800138b4 (0x00001f17) x30 0x800148b4
core   0: 0x800138b8 (0x743f2623) sw      gp, 1868(t5)
core   0: 3 0x800138b8 (0x743f2623) mem 0x80015000 0x00000001
core   0: 0x800138bc (0xff9ff06f) j       pc - 0x8
core   0: 3 0x800138bc (0xff9ff06f)
core   0: 0x800138b4 (0x00001f17) auipc   t5, 0x1
core   0: 3 0x800138b4 (0x00001f17) x30 0x800148b4
core   0: 0x800138b8 (0x743f2623) sw      gp, 1868(t5)
core   0: 3 0x800138b8 (0x743f2623) mem 0x80015000 0x00000001
core   0: 0x800138bc (0xff9ff06f) j       pc - 0x8
core   0: 3 0x800138bc (0xff9ff06f)
core   0: 0x800138b4 (0x00001f17) auipc   t5, 0x1
core   0: 3 0x800138b4 (0x00001f17) x30 0x800148b4
core   0: 0x800138b8 (0x743f2623) sw      gp, 1868(t5)
core   0: 3 0x800138b8 (0x743f2623) mem 0x80015000 0x00000001
core   0: 0x800138bc (0xff9ff06f) j       pc - 0x8
core   0: 3 0x800138bc (0xff9ff06f)
core   0: 0x800138b4 (0x00001f17) auipc   t5, 0x1
core   0: 3 0x800138b4 (0x00001f17) x30 0x800148b4
core   0: 0x800138b8 (0x743f2623) sw      gp, 1868(t5)
core   0: 3 0x800138b8 (0x743f2623) mem 0x80015000 0x00000001
core   0: 0x800138bc (0xff9ff06f) j       pc - 0x8
core   0: 3 0x800138bc (0xff9ff06f)
core   0: 0x800138b4 (0x00001f17) auipc   t5, 0x1
core   0: 3 0x800138b4 (0x00001f17) x30 0x800148b4
core   0: 0x800138b8 (0x743f2623) sw      gp, 1868(t5)
core   0: 3 0x800138b8 (0x743f2623) mem 0x80015000 0x00000001
core   0: 0x800138bc (0xff9ff06f) j       pc - 0x8
core   0: 3 0x800138bc (0xff9ff06f)
core   0: 0x800138b4 (0x00001f17) auipc   t5, 0x1
core   0: 3 0x800138b4 (0x00001f17) x30 0x800148b4
core   0: 0x800138b8 (0x743f2623) sw      gp, 1868(t5)
core   0: 3 0x800138b8 (0x743f2623) mem 0x80015000 0x00000001
core   0: 0x800138bc (0xff9ff06f) j       pc - 0x8
core   0: 3 0x800138bc (0xff9ff06f)
core   0: 0x800138b4 (0x00001f17) auipc   t5, 0x1
core   0: 3 0x800138b4 (0x00001f17) x30 0x800148b4
core   0: 0x800138b8 (0x743f2623) sw      gp, 1868(t5)
core   0: 3 0x800138b8 (0x743f2623) mem 0x80015000 0x00000001
core   0: 0x800138bc (0xff9ff06f) j       pc - 0x8
core   0: 3 0x800138bc (0xff9ff06f)
core   0: 0x800138b4 (0x00001f17) auipc   t5, 0x1
core   0: 3 0x800138b4 (0x00001f17) x30 0x800148b4
core   0: 0x800138b8 (0x743f2623) sw      gp, 1868(t5)
core   0: 3 0x800138b8 (0x743f2623) mem 0x80015000 0x00000001
core   0: 0x800138bc (0xff9ff06f) j       pc - 0x8
core   0: 3 0x800138bc (0xff9ff06f)
core   0: 0x800138b4 (0x00001f17) auipc   t5, 0x1
core   0: 3 0x800138b4 (0x00001f17) x30 0x800148b4
core   0: 0x800138b8 (0x743f2623) sw      gp, 1868(t5)
core   0: 3 0x800138b8 (0x743f2623) mem 0x80015000 0x00000001
core   0: 0x800138bc (0xff9ff06f) j       pc - 0x8
core   0: 3 0x800138bc (0xff9ff06f)
core   0: 0x800138b4 (0x00001f17) auipc   t5, 0x1
core   0: 3 0x800138b4 (0x00001f17) x30 0x800148b4
core   0: 0x800138b8 (0x743f2623) sw      gp, 1868(t5)
core   0: 3 0x800138b8 (0x743f2623) mem 0x80015000 0x00000001
core   0: 0x800138bc (0xff9ff06f) j       pc - 0x8
core   0: 3 0x800138bc (0xff9ff06f)
core   0: 0x800138b4 (0x00001f17) auipc   t5, 0x1
core   0: 3 0x800138b4 (0x00001f17) x30 0x800148b4
core   0: 0x800138b8 (0x743f2623) sw      gp, 1868(t5)
core   0: 3 0x800138b8 (0x743f2623) mem 0x80015000 0x00000001
core   0: 0x800138bc (0xff9ff06f) j       pc - 0x8
core   0: 3 0x800138bc (0xff9ff06f)
core   0: 0x800138b4 (0x00001f17) auipc   t5, 0x1
core   0: 3 0x800138b4 (0x00001f17) x30 0x800148b4
core   0: 0x800138b8 (0x743f2623) sw      gp, 1868(t5)
core   0: 3 0x800138b8 (0x743f2623) mem 0x80015000 0x00000001
core   0: 0x800138bc (0xff9ff06f) j       pc - 0x8
core   0: 3 0x800138bc (0xff9ff06f)
core   0: 0x800138b4 (0x00001f17) auipc   t5, 0x1
core   0: 3 0x800138b4 (0x00001f17) x30 0x800148b4
core   0: 0x800138b8 (0x743f2623) sw      gp, 1868(t5)
core   0: 3 0x800138b8 (0x743f2623) mem 0x80015000 0x00000001
core   0: 0x800138bc (0xff9ff06f) j       pc - 0x8
core   0: 3 0x800138bc (0xff9ff06f)
core   0: 0x800138b4 (0x00001f17) auipc   t5, 0x1
core   0: 3 0x800138b4 (0x00001f17) x30 0x800148b4
core   0: 0x800138b8 (0x743f2623) sw      gp, 1868(t5)
core   0: 3 0x800138b8 (0x743f2623) mem 0x80015000 0x00000001
core   0: 0x800138bc (0xff9ff06f) j       pc - 0x8
core   0: 3 0x800138bc (0xff9ff06f)
core   0: 0x800138b4 (0x00001f17) auipc   t5, 0x1
core   0: 3 0x800138b4 (0x00001f17) x30 0x800148b4
core   0: 0x800138b8 (0x743f2623) sw      gp, 1868(t5)
core   0: 3 0x800138b8 (0x743f2623) mem 0x80015000 0x00000001
core   0: 0x800138bc (0xff9ff06f) j       pc - 0x8
core   0: 3 0x800138bc (0xff9ff06f)
core   0: 0x800138b4 (0x00001f17) auipc   t5, 0x1
core   0: 3 0x800138b4 (0x00001f17) x30 0x800148b4
core   0: 0x800138b8 (0x743f2623) sw      gp, 1868(t5)
core   0: 3 0x800138b8 (0x743f2623) mem 0x80015000 0x00000001
core   0: 0x800138bc (0xff9ff06f) j       pc - 0x8
core   0: 3 0x800138bc (0xff9ff06f)
core   0: 0x800138b4 (0x00001f17) auipc   t5, 0x1
core   0: 3 0x800138b4 (0x00001f17) x30 0x800148b4
core   0: 0x800138b8 (0x743f2623) sw      gp, 1868(t5)
core   0: 3 0x800138b8 (0x743f2623) mem 0x80015000 0x00000001
core   0: 0x800138bc (0xff9ff06f) j       pc - 0x8
core   0: 3 0x800138bc (0xff9ff06f)
core   0: 0x800138b4 (0x00001f17) auipc   t5, 0x1
core   0: 3 0x800138b4 (0x00001f17) x30 0x800148b4
core   0: 0x800138b8 (0x743f2623) sw      gp, 1868(t5)
core   0: 3 0x800138b8 (0x743f2623) mem 0x80015000 0x00000001
core   0: 0x800138bc (0xff9ff06f) j       pc - 0x8
core   0: 3 0x800138bc (0xff9ff06f)
core   0: 0x800138b4 (0x00001f17) auipc   t5, 0x1
core   0: 3 0x800138b4 (0x00001f17) x30 0x800148b4
core   0: 0x800138b8 (0x743f2623) sw      gp, 1868(t5)
core   0: 3 0x800138b8 (0x743f2623) mem 0x80015000 0x00000001
core   0: 0x800138bc (0xff9ff06f) j       pc - 0x8
core   0: 3 0x800138bc (0xff9ff06f)
core   0: 0x800138b4 (0x00001f17) auipc   t5, 0x1
core   0: 3 0x800138b4 (0x00001f17) x30 0x800148b4
core   0: 0x800138b8 (0x743f2623) sw      gp, 1868(t5)
core   0: 3 0x800138b8 (0x743f2623) mem 0x80015000 0x00000001
core   0: 0x800138bc (0xff9ff06f) j       pc - 0x8
core   0: 3 0x800138bc (0xff9ff06f)
core   0: 0x800138b4 (0x00001f17) auipc   t5, 0x1
core   0: 3 0x800138b4 (0x00001f17) x30 0x800148b4
core   0: 0x800138b8 (0x743f2623) sw      gp, 1868(t5)
core   0: 3 0x800138b8 (0x743f2623) mem 0x80015000 0x00000001
core   0: 0x800138bc (0xff9ff06f) j       pc - 0x8
core   0: 3 0x800138bc (0xff9ff06f)
core   0: 0x800138b4 (0x00001f17) auipc   t5, 0x1
core   0: 3 0x800138b4 (0x00001f17) x30 0x800148b4
core   0: 0x800138b8 (0x743f2623) sw      gp, 1868(t5)
core   0: 3 0x800138b8 (0x743f2623) mem 0x80015000 0x00000001
core   0: 0x800138bc (0xff9ff06f) j       pc - 0x8
core   0: 3 0x800138bc (0xff9ff06f)
core   0: 0x800138b4 (0x00001f17) auipc   t5, 0x1
core   0: 3 0x800138b4 (0x00001f17) x30 0x800148b4
core   0: 0x800138b8 (0x743f2623) sw      gp, 1868(t5)
core   0: 3 0x800138b8 (0x743f2623) mem 0x80015000 0x00000001
core   0: 0x800138bc (0xff9ff06f) j       pc - 0x8
core   0: 3 0x800138bc (0xff9ff06f)
core   0: 0x800138b4 (0x00001f17) auipc   t5, 0x1
core   0: 3 0x800138b4 (0x00001f17) x30 0x800148b4
core   0: 0x800138b8 (0x743f2623) sw      gp, 1868(t5)
core   0: 3 0x800138b8 (0x743f2623) mem 0x80015000 0x00000001
core   0: 0x800138bc (0xff9ff06f) j       pc - 0x8
core   0: 3 0x800138bc (0xff9ff06f)
core   0: 0x800138b4 (0x00001f17) auipc   t5, 0x1
core   0: 3 0x800138b4 (0x00001f17) x30 0x800148b4
core   0: 0x800138b8 (0x743f2623) sw      gp, 1868(t5)
core   0: 3 0x800138b8 (0x743f2623) mem 0x80015000 0x00000001
core   0: 0x800138bc (0xff9ff06f) j       pc - 0x8
core   0: 3 0x800138bc (0xff9ff06f)
core   0: 0x800138b4 (0x00001f17) auipc   t5, 0x1
core   0: 3 0x800138b4 (0x00001f17) x30 0x800148b4
core   0: 0x800138b8 (0x743f2623) sw      gp, 1868(t5)
core   0: 3 0x800138b8 (0x743f2623) mem 0x80015000 0x00000001
core   0: 0x800138bc (0xff9ff06f) j       pc - 0x8
core   0: 3 0x800138bc (0xff9ff06f)
core   0: 0x800138b4 (0x00001f17) auipc   t5, 0x1
core   0: 3 0x800138b4 (0x00001f17) x30 0x800148b4
core   0: 0x800138b8 (0x743f2623) sw      gp, 1868(t5)
core   0: 3 0x800138b8 (0x743f2623) mem 0x80015000 0x00000001
core   0: 0x800138bc (0xff9ff06f) j       pc - 0x8
core   0: 3 0x800138bc (0xff9ff06f)
core   0: 0x800138b4 (0x00001f17) auipc   t5, 0x1
core   0: 3 0x800138b4 (0x00001f17) x30 0x800148b4
core   0: 0x800138b8 (0x743f2623) sw      gp, 1868(t5)
core   0: 3 0x800138b8 (0x743f2623) mem 0x80015000 0x00000001
core   0: 0x800138bc (0xff9ff06f) j       pc - 0x8
core   0: 3 0x800138bc (0xff9ff06f)
core   0: 0x800138b4 (0x00001f17) auipc   t5, 0x1
core   0: 3 0x800138b4 (0x00001f17) x30 0x800148b4
core   0: 0x800138b8 (0x743f2623) sw      gp, 1868(t5)
core   0: 3 0x800138b8 (0x743f2623) mem 0x80015000 0x00000001
core   0: 0x800138bc (0xff9ff06f) j       pc - 0x8
core   0: 3 0x800138bc (0xff9ff06f)
core   0: 0x800138b4 (0x00001f17) auipc   t5, 0x1
core   0: 3 0x800138b4 (0x00001f17) x30 0x800148b4
core   0: 0x800138b8 (0x743f2623) sw      gp, 1868(t5)
core   0: 3 0x800138b8 (0x743f2623) mem 0x80015000 0x00000001
core   0: 0x800138bc (0xff9ff06f) j       pc - 0x8
core   0: 3 0x800138bc (0xff9ff06f)
core   0: 0x800138b4 (0x00001f17) auipc   t5, 0x1
core   0: 3 0x800138b4 (0x00001f17) x30 0x800148b4
core   0: 0x800138b8 (0x743f2623) sw      gp, 1868(t5)
core   0: 3 0x800138b8 (0x743f2623) mem 0x80015000 0x00000001
core   0: 0x800138bc (0xff9ff06f) j       pc - 0x8
core   0: 3 0x800138bc (0xff9ff06f)
core   0: 0x800138b4 (0x00001f17) auipc   t5, 0x1
core   0: 3 0x800138b4 (0x00001f17) x30 0x800148b4
core   0: 0x800138b8 (0x743f2623) sw      gp, 1868(t5)
core   0: 3 0x800138b8 (0x743f2623) mem 0x80015000 0x00000001
core   0: 0x800138bc (0xff9ff06f) j       pc - 0x8
core   0: 3 0x800138bc (0xff9ff06f)
core   0: 0x800138b4 (0x00001f17) auipc   t5, 0x1
core   0: 3 0x800138b4 (0x00001f17) x30 0x800148b4
core   0: 0x800138b8 (0x743f2623) sw      gp, 1868(t5)
core   0: 3 0x800138b8 (0x743f2623) mem 0x80015000 0x00000001
core   0: 0x800138bc (0xff9ff06f) j       pc - 0x8
core   0: 3 0x800138bc (0xff9ff06f)
core   0: 0x800138b4 (0x00001f17) auipc   t5, 0x1
core   0: 3 0x800138b4 (0x00001f17) x30 0x800148b4
core   0: 0x800138b8 (0x743f2623) sw      gp, 1868(t5)
core   0: 3 0x800138b8 (0x743f2623) mem 0x80015000 0x00000001
core   0: 0x800138bc (0xff9ff06f) j       pc - 0x8
core   0: 3 0x800138bc (0xff9ff06f)
core   0: 0x800138b4 (0x00001f17) auipc   t5, 0x1
core   0: 3 0x800138b4 (0x00001f17) x30 0x800148b4
core   0: 0x800138b8 (0x743f2623) sw      gp, 1868(t5)
core   0: 3 0x800138b8 (0x743f2623) mem 0x80015000 0x00000001
core   0: 0x800138bc (0xff9ff06f) j       pc - 0x8
core   0: 3 0x800138bc (0xff9ff06f)
core   0: 0x800138b4 (0x00001f17) auipc   t5, 0x1
core   0: 3 0x800138b4 (0x00001f17) x30 0x800148b4
core   0: 0x800138b8 (0x743f2623) sw      gp, 1868(t5)
core   0: 3 0x800138b8 (0x743f2623) mem 0x80015000 0x00000001
core   0: 0x800138bc (0xff9ff06f) j       pc - 0x8
core   0: 3 0x800138bc (0xff9ff06f)
core   0: 0x800138b4 (0x00001f17) auipc   t5, 0x1
core   0: 3 0x800138b4 (0x00001f17) x30 0x800148b4
core   0: 0x800138b8 (0x743f2623) sw      gp, 1868(t5)
core   0: 3 0x800138b8 (0x743f2623) mem 0x80015000 0x00000001
core   0: 0x800138bc (0xff9ff06f) j       pc - 0x8
core   0: 3 0x800138bc (0xff9ff06f)
core   0: 0x800138b4 (0x00001f17) auipc   t5, 0x1
core   0: 3 0x800138b4 (0x00001f17) x30 0x800148b4
core   0: 0x800138b8 (0x743f2623) sw      gp, 1868(t5)
core   0: 3 0x800138b8 (0x743f2623) mem 0x80015000 0x00000001
core   0: 0x800138bc (0xff9ff06f) j       pc - 0x8
core   0: 3 0x800138bc (0xff9ff06f)
core   0: 0x800138b4 (0x00001f17) auipc   t5, 0x1
core   0: 3 0x800138b4 (0x00001f17) x30 0x800148b4
core   0: 0x800138b8 (0x743f2623) sw      gp, 1868(t5)
core   0: 3 0x800138b8 (0x743f2623) mem 0x80015000 0x00000001
core   0: 0x800138bc (0xff9ff06f) j       pc - 0x8
core   0: 3 0x800138bc (0xff9ff06f)
core   0: 0x800138b4 (0x00001f17) auipc   t5, 0x1
core   0: 3 0x800138b4 (0x00001f17) x30 0x800148b4
core   0: 0x800138b8 (0x743f2623) sw      gp, 1868(t5)
core   0: 3 0x800138b8 (0x743f2623) mem 0x80015000 0x00000001
core   0: 0x800138bc (0xff9ff06f) j       pc - 0x8
core   0: 3 0x800138bc (0xff9ff06f)
core   0: 0x800138b4 (0x00001f17) auipc   t5, 0x1
core   0: 3 0x800138b4 (0x00001f17) x30 0x800148b4
core   0: 0x800138b8 (0x743f2623) sw      gp, 1868(t5)
core   0: 3 0x800138b8 (0x743f2623) mem 0x80015000 0x00000001
core   0: 0x800138bc (0xff9ff06f) j       pc - 0x8
core   0: 3 0x800138bc (0xff9ff06f)
core   0: 0x800138b4 (0x00001f17) auipc   t5, 0x1
core   0: 3 0x800138b4 (0x00001f17) x30 0x800148b4
core   0: 0x800138b8 (0x743f2623) sw      gp, 1868(t5)
core   0: 3 0x800138b8 (0x743f2623) mem 0x80015000 0x00000001
core   0: 0x800138bc (0xff9ff06f) j       pc - 0x8
core   0: 3 0x800138bc (0xff9ff06f)
core   0: 0x800138b4 (0x00001f17) auipc   t5, 0x1
core   0: 3 0x800138b4 (0x00001f17) x30 0x800148b4
core   0: 0x800138b8 (0x743f2623) sw      gp, 1868(t5)
core   0: 3 0x800138b8 (0x743f2623) mem 0x80015000 0x00000001
core   0: 0x800138bc (0xff9ff06f) j       pc - 0x8
core   0: 3 0x800138bc (0xff9ff06f)
core   0: 0x800138b4 (0x00001f17) auipc   t5, 0x1
core   0: 3 0x800138b4 (0x00001f17) x30 0x800148b4
core   0: 0x800138b8 (0x743f2623) sw      gp, 1868(t5)
core   0: 3 0x800138b8 (0x743f2623) mem 0x80015000 0x00000001
core   0: 0x800138bc (0xff9ff06f) j       pc - 0x8
core   0: 3 0x800138bc (0xff9ff06f)
core   0: 0x800138b4 (0x00001f17) auipc   t5, 0x1
core   0: 3 0x800138b4 (0x00001f17) x30 0x800148b4
core   0: 0x800138b8 (0x743f2623) sw      gp, 1868(t5)
core   0: 3 0x800138b8 (0x743f2623) mem 0x80015000 0x00000001
core   0: 0x800138bc (0xff9ff06f) j       pc - 0x8
core   0: 3 0x800138bc (0xff9ff06f)
core   0: 0x800138b4 (0x00001f17) auipc   t5, 0x1
core   0: 3 0x800138b4 (0x00001f17) x30 0x800148b4
core   0: 0x800138b8 (0x743f2623) sw      gp, 1868(t5)
core   0: 3 0x800138b8 (0x743f2623) mem 0x80015000 0x00000001
core   0: 0x800138bc (0xff9ff06f) j       pc - 0x8
core   0: 3 0x800138bc (0xff9ff06f)
core   0: 0x800138b4 (0x00001f17) auipc   t5, 0x1
core   0: 3 0x800138b4 (0x00001f17) x30 0x800148b4
core   0: 0x800138b8 (0x743f2623) sw      gp, 1868(t5)
core   0: 3 0x800138b8 (0x743f2623) mem 0x80015000 0x00000001
core   0: 0x800138bc (0xff9ff06f) j       pc - 0x8
core   0: 3 0x800138bc (0xff9ff06f)
core   0: 0x800138b4 (0x00001f17) auipc   t5, 0x1
core   0: 3 0x800138b4 (0x00001f17) x30 0x800148b4
core   0: 0x800138b8 (0x743f2623) sw      gp, 1868(t5)
core   0: 3 0x800138b8 (0x743f2623) mem 0x80015000 0x00000001
core   0: 0x800138bc (0xff9ff06f) j       pc - 0x8
core   0: 3 0x800138bc (0xff9ff06f)
core   0: 0x800138b4 (0x00001f17) auipc   t5, 0x1
core   0: 3 0x800138b4 (0x00001f17) x30 0x800148b4
core   0: 0x800138b8 (0x743f2623) sw      gp, 1868(t5)
core   0: 3 0x800138b8 (0x743f2623) mem 0x80015000 0x00000001
core   0: 0x800138bc (0xff9ff06f) j       pc - 0x8
core   0: 3 0x800138bc (0xff9ff06f)
core   0: 0x800138b4 (0x00001f17) auipc   t5, 0x1
core   0: 3 0x800138b4 (0x00001f17) x30 0x800148b4
core   0: 0x800138b8 (0x743f2623) sw      gp, 1868(t5)
core   0: 3 0x800138b8 (0x743f2623) mem 0x80015000 0x00000001
core   0: 0x800138bc (0xff9ff06f) j       pc - 0x8
core   0: 3 0x800138bc (0xff9ff06f)
core   0: 0x800138b4 (0x00001f17) auipc   t5, 0x1
core   0: 3 0x800138b4 (0x00001f17) x30 0x800148b4
core   0: 0x800138b8 (0x743f2623) sw      gp, 1868(t5)
core   0: 3 0x800138b8 (0x743f2623) mem 0x80015000 0x00000001
core   0: 0x800138bc (0xff9ff06f) j       pc - 0x8
core   0: 3 0x800138bc (0xff9ff06f)
core   0: 0x800138b4 (0x00001f17) auipc   t5, 0x1
core   0: 3 0x800138b4 (0x00001f17) x30 0x800148b4
core   0: 0x800138b8 (0x743f2623) sw      gp, 1868(t5)
core   0: 3 0x800138b8 (0x743f2623) mem 0x80015000 0x00000001
core   0: 0x800138bc (0xff9ff06f) j       pc - 0x8
core   0: 3 0x800138bc (0xff9ff06f)
core   0: 0x800138b4 (0x00001f17) auipc   t5, 0x1
core   0: 3 0x800138b4 (0x00001f17) x30 0x800148b4
core   0: 0x800138b8 (0x743f2623) sw      gp, 1868(t5)
core   0: 3 0x800138b8 (0x743f2623) mem 0x80015000 0x00000001
core   0: 0x800138bc (0xff9ff06f) j       pc - 0x8
core   0: 3 0x800138bc (0xff9ff06f)
core   0: 0x800138b4 (0x00001f17) auipc   t5, 0x1
core   0: 3 0x800138b4 (0x00001f17) x30 0x800148b4
core   0: 0x800138b8 (0x743f2623) sw      gp, 1868(t5)
core   0: 3 0x800138b8 (0x743f2623) mem 0x80015000 0x00000001
core   0: 0x800138bc (0xff9ff06f) j       pc - 0x8
core   0: 3 0x800138bc (0xff9ff06f)
core   0: 0x800138b4 (0x00001f17) auipc   t5, 0x1
core   0: 3 0x800138b4 (0x00001f17) x30 0x800148b4
core   0: 0x800138b8 (0x743f2623) sw      gp, 1868(t5)
core   0: 3 0x800138b8 (0x743f2623) mem 0x80015000 0x00000001
core   0: 0x800138bc (0xff9ff06f) j       pc - 0x8
core   0: 3 0x800138bc (0xff9ff06f)
core   0: 0x800138b4 (0x00001f17) auipc   t5, 0x1
core   0: 3 0x800138b4 (0x00001f17) x30 0x800148b4
core   0: 0x800138b8 (0x743f2623) sw      gp, 1868(t5)
core   0: 3 0x800138b8 (0x743f2623) mem 0x80015000 0x00000001
core   0: 0x800138bc (0xff9ff06f) j       pc - 0x8
core   0: 3 0x800138bc (0xff9ff06f)
core   0: 0x800138b4 (0x00001f17) auipc   t5, 0x1
core   0: 3 0x800138b4 (0x00001f17) x30 0x800148b4
core   0: 0x800138b8 (0x743f2623) sw      gp, 1868(t5)
core   0: 3 0x800138b8 (0x743f2623) mem 0x80015000 0x00000001
core   0: 0x800138bc (0xff9ff06f) j       pc - 0x8
core   0: 3 0x800138bc (0xff9ff06f)
core   0: 0x800138b4 (0x00001f17) auipc   t5, 0x1
core   0: 3 0x800138b4 (0x00001f17) x30 0x800148b4
core   0: 0x800138b8 (0x743f2623) sw      gp, 1868(t5)
core   0: 3 0x800138b8 (0x743f2623) mem 0x80015000 0x00000001
core   0: 0x800138bc (0xff9ff06f) j       pc - 0x8
core   0: 3 0x800138bc (0xff9ff06f)
core   0: 0x800138b4 (0x00001f17) auipc   t5, 0x1
core   0: 3 0x800138b4 (0x00001f17) x30 0x800148b4
core   0: 0x800138b8 (0x743f2623) sw      gp, 1868(t5)
core   0: 3 0x800138b8 (0x743f2623) mem 0x80015000 0x00000001
core   0: 0x800138bc (0xff9ff06f) j       pc - 0x8
core   0: 3 0x800138bc (0xff9ff06f)
core   0: 0x800138b4 (0x00001f17) auipc   t5, 0x1
core   0: 3 0x800138b4 (0x00001f17) x30 0x800148b4
core   0: 0x800138b8 (0x743f2623) sw      gp, 1868(t5)
core   0: 3 0x800138b8 (0x743f2623) mem 0x80015000 0x00000001
core   0: 0x800138bc (0xff9ff06f) j       pc - 0x8
core   0: 3 0x800138bc (0xff9ff06f)
core   0: 0x800138b4 (0x00001f17) auipc   t5, 0x1
core   0: 3 0x800138b4 (0x00001f17) x30 0x800148b4
core   0: 0x800138b8 (0x743f2623) sw      gp, 1868(t5)
core   0: 3 0x800138b8 (0x743f2623) mem 0x80015000 0x00000001
core   0: 0x800138bc (0xff9ff06f) j       pc - 0x8
core   0: 3 0x800138bc (0xff9ff06f)
core   0: 0x800138b4 (0x00001f17) auipc   t5, 0x1
core   0: 3 0x800138b4 (0x00001f17) x30 0x800148b4
core   0: 0x800138b8 (0x743f2623) sw      gp, 1868(t5)
core   0: 3 0x800138b8 (0x743f2623) mem 0x80015000 0x00000001
core   0: 0x800138bc (0xff9ff06f) j       pc - 0x8
core   0: 3 0x800138bc (0xff9ff06f)
core   0: 0x800138b4 (0x00001f17) auipc   t5, 0x1
core   0: 3 0x800138b4 (0x00001f17) x30 0x800148b4
core   0: 0x800138b8 (0x743f2623) sw      gp, 1868(t5)
core   0: 3 0x800138b8 (0x743f2623) mem 0x80015000 0x00000001
core   0: 0x800138bc (0xff9ff06f) j       pc - 0x8
core   0: 3 0x800138bc (0xff9ff06f)
core   0: 0x800138b4 (0x00001f17) auipc   t5, 0x1
core   0: 3 0x800138b4 (0x00001f17) x30 0x800148b4
core   0: 0x800138b8 (0x743f2623) sw      gp, 1868(t5)
core   0: 3 0x800138b8 (0x743f2623) mem 0x80015000 0x00000001
core   0: 0x800138bc (0xff9ff06f) j       pc - 0x8
core   0: 3 0x800138bc (0xff9ff06f)
core   0: 0x800138b4 (0x00001f17) auipc   t5, 0x1
core   0: 3 0x800138b4 (0x00001f17) x30 0x800148b4
core   0: 0x800138b8 (0x743f2623) sw      gp, 1868(t5)
core   0: 3 0x800138b8 (0x743f2623) mem 0x80015000 0x00000001
core   0: 0x800138bc (0xff9ff06f) j       pc - 0x8
core   0: 3 0x800138bc (0xff9ff06f)
core   0: 0x800138b4 (0x00001f17) auipc   t5, 0x1
core   0: 3 0x800138b4 (0x00001f17) x30 0x800148b4
core   0: 0x800138b8 (0x743f2623) sw      gp, 1868(t5)
core   0: 3 0x800138b8 (0x743f2623) mem 0x80015000 0x00000001
core   0: 0x800138bc (0xff9ff06f) j       pc - 0x8
core   0: 3 0x800138bc (0xff9ff06f)
core   0: 0x800138b4 (0x00001f17) auipc   t5, 0x1
core   0: 3 0x800138b4 (0x00001f17) x30 0x800148b4
core   0: 0x800138b8 (0x743f2623) sw      gp, 1868(t5)
core   0: 3 0x800138b8 (0x743f2623) mem 0x80015000 0x00000001
core   0: 0x800138bc (0xff9ff06f) j       pc - 0x8
core   0: 3 0x800138bc (0xff9ff06f)
core   0: 0x800138b4 (0x00001f17) auipc   t5, 0x1
core   0: 3 0x800138b4 (0x00001f17) x30 0x800148b4
core   0: 0x800138b8 (0x743f2623) sw      gp, 1868(t5)
core   0: 3 0x800138b8 (0x743f2623) mem 0x80015000 0x00000001
core   0: 0x800138bc (0xff9ff06f) j       pc - 0x8
core   0: 3 0x800138bc (0xff9ff06f)
core   0: 0x800138b4 (0x00001f17) auipc   t5, 0x1
core   0: 3 0x800138b4 (0x00001f17) x30 0x800148b4
core   0: 0x800138b8 (0x743f2623) sw      gp, 1868(t5)
core   0: 3 0x800138b8 (0x743f2623) mem 0x80015000 0x00000001
core   0: 0x800138bc (0xff9ff06f) j       pc - 0x8
core   0: 3 0x800138bc (0xff9ff06f)
core   0: 0x800138b4 (0x00001f17) auipc   t5, 0x1
core   0: 3 0x800138b4 (0x00001f17) x30 0x800148b4
core   0: 0x800138b8 (0x743f2623) sw      gp, 1868(t5)
core   0: 3 0x800138b8 (0x743f2623) mem 0x80015000 0x00000001
core   0: 0x800138bc (0xff9ff06f) j       pc - 0x8
core   0: 3 0x800138bc (0xff9ff06f)
core   0: 0x800138b4 (0x00001f17) auipc   t5, 0x1
core   0: 3 0x800138b4 (0x00001f17) x30 0x800148b4
core   0: 0x800138b8 (0x743f2623) sw      gp, 1868(t5)
core   0: 3 0x800138b8 (0x743f2623) mem 0x80015000 0x00000001
core   0: 0x800138bc (0xff9ff06f) j       pc - 0x8
core   0: 3 0x800138bc (0xff9ff06f)
core   0: 0x800138b4 (0x00001f17) auipc   t5, 0x1
core   0: 3 0x800138b4 (0x00001f17) x30 0x800148b4
core   0: 0x800138b8 (0x743f2623) sw      gp, 1868(t5)
core   0: 3 0x800138b8 (0x743f2623) mem 0x80015000 0x00000001
core   0: 0x800138bc (0xff9ff06f) j       pc - 0x8
core   0: 3 0x800138bc (0xff9ff06f)
core   0: 0x800138b4 (0x00001f17) auipc   t5, 0x1
core   0: 3 0x800138b4 (0x00001f17) x30 0x800148b4
core   0: 0x800138b8 (0x743f2623) sw      gp, 1868(t5)
core   0: 3 0x800138b8 (0x743f2623) mem 0x80015000 0x00000001
core   0: 0x800138bc (0xff9ff06f) j       pc - 0x8
core   0: 3 0x800138bc (0xff9ff06f)
core   0: 0x800138b4 (0x00001f17) auipc   t5, 0x1
core   0: 3 0x800138b4 (0x00001f17) x30 0x800148b4
core   0: 0x800138b8 (0x743f2623) sw      gp, 1868(t5)
core   0: 3 0x800138b8 (0x743f2623) mem 0x80015000 0x00000001
core   0: 0x800138bc (0xff9ff06f) j       pc - 0x8
core   0: 3 0x800138bc (0xff9ff06f)
core   0: 0x800138b4 (0x00001f17) auipc   t5, 0x1
core   0: 3 0x800138b4 (0x00001f17) x30 0x800148b4
core   0: 0x800138b8 (0x743f2623) sw      gp, 1868(t5)
core   0: 3 0x800138b8 (0x743f2623) mem 0x80015000 0x00000001
core   0: 0x800138bc (0xff9ff06f) j       pc - 0x8
core   0: 3 0x800138bc (0xff9ff06f)
core   0: 0x800138b4 (0x00001f17) auipc   t5, 0x1
core   0: 3 0x800138b4 (0x00001f17) x30 0x800148b4
core   0: 0x800138b8 (0x743f2623) sw      gp, 1868(t5)
core   0: 3 0x800138b8 (0x743f2623) mem 0x80015000 0x00000001
core   0: 0x800138bc (0xff9ff06f) j       pc - 0x8
core   0: 3 0x800138bc (0xff9ff06f)
core   0: 0x800138b4 (0x00001f17) auipc   t5, 0x1
core   0: 3 0x800138b4 (0x00001f17) x30 0x800148b4
core   0: 0x800138b8 (0x743f2623) sw      gp, 1868(t5)
core   0: 3 0x800138b8 (0x743f2623) mem 0x80015000 0x00000001
core   0: 0x800138bc (0xff9ff06f) j       pc - 0x8
core   0: 3 0x800138bc (0xff9ff06f)
core   0: 0x800138b4 (0x00001f17) auipc   t5, 0x1
core   0: 3 0x800138b4 (0x00001f17) x30 0x800148b4
core   0: 0x800138b8 (0x743f2623) sw      gp, 1868(t5)
core   0: 3 0x800138b8 (0x743f2623) mem 0x80015000 0x00000001
core   0: 0x800138bc (0xff9ff06f) j       pc - 0x8
core   0: 3 0x800138bc (0xff9ff06f)
core   0: 0x800138b4 (0x00001f17) auipc   t5, 0x1
core   0: 3 0x800138b4 (0x00001f17) x30 0x800148b4
core   0: 0x800138b8 (0x743f2623) sw      gp, 1868(t5)
core   0: 3 0x800138b8 (0x743f2623) mem 0x80015000 0x00000001
core   0: 0x800138bc (0xff9ff06f) j       pc - 0x8
core   0: 3 0x800138bc (0xff9ff06f)
core   0: 0x800138b4 (0x00001f17) auipc   t5, 0x1
core   0: 3 0x800138b4 (0x00001f17) x30 0x800148b4
core   0: 0x800138b8 (0x743f2623) sw      gp, 1868(t5)
core   0: 3 0x800138b8 (0x743f2623) mem 0x80015000 0x00000001
core   0: 0x800138bc (0xff9ff06f) j       pc - 0x8
core   0: 3 0x800138bc (0xff9ff06f)
core   0: 0x800138b4 (0x00001f17) auipc   t5, 0x1
core   0: 3 0x800138b4 (0x00001f17) x30 0x800148b4
core   0: 0x800138b8 (0x743f2623) sw      gp, 1868(t5)
core   0: 3 0x800138b8 (0x743f2623) mem 0x80015000 0x00000001
core   0: 0x800138bc (0xff9ff06f) j       pc - 0x8
core   0: 3 0x800138bc (0xff9ff06f)
core   0: 0x800138b4 (0x00001f17) auipc   t5, 0x1
core   0: 3 0x800138b4 (0x00001f17) x30 0x800148b4
core   0: 0x800138b8 (0x743f2623) sw      gp, 1868(t5)
core   0: 3 0x800138b8 (0x743f2623) mem 0x80015000 0x00000001
core   0: 0x800138bc (0xff9ff06f) j       pc - 0x8
core   0: 3 0x800138bc (0xff9ff06f)
core   0: 0x800138b4 (0x00001f17) auipc   t5, 0x1
core   0: 3 0x800138b4 (0x00001f17) x30 0x800148b4
core   0: 0x800138b8 (0x743f2623) sw      gp, 1868(t5)
core   0: 3 0x800138b8 (0x743f2623) mem 0x80015000 0x00000001
core   0: 0x800138bc (0xff9ff06f) j       pc - 0x8
core   0: 3 0x800138bc (0xff9ff06f)
core   0: 0x800138b4 (0x00001f17) auipc   t5, 0x1
core   0: 3 0x800138b4 (0x00001f17) x30 0x800148b4
core   0: 0x800138b8 (0x743f2623) sw      gp, 1868(t5)
core   0: 3 0x800138b8 (0x743f2623) mem 0x80015000 0x00000001
core   0: 0x800138bc (0xff9ff06f) j       pc - 0x8
core   0: 3 0x800138bc (0xff9ff06f)
core   0: 0x800138b4 (0x00001f17) auipc   t5, 0x1
core   0: 3 0x800138b4 (0x00001f17) x30 0x800148b4
core   0: 0x800138b8 (0x743f2623) sw      gp, 1868(t5)
core   0: 3 0x800138b8 (0x743f2623) mem 0x80015000 0x00000001
core   0: 0x800138bc (0xff9ff06f) j       pc - 0x8
core   0: 3 0x800138bc (0xff9ff06f)
core   0: 0x800138b4 (0x00001f17) auipc   t5, 0x1
core   0: 3 0x800138b4 (0x00001f17) x30 0x800148b4
core   0: 0x800138b8 (0x743f2623) sw      gp, 1868(t5)
core   0: 3 0x800138b8 (0x743f2623) mem 0x80015000 0x00000001
core   0: 0x800138bc (0xff9ff06f) j       pc - 0x8
core   0: 3 0x800138bc (0xff9ff06f)
core   0: 0x800138b4 (0x00001f17) auipc   t5, 0x1
core   0: 3 0x800138b4 (0x00001f17) x30 0x800148b4
core   0: 0x800138b8 (0x743f2623) sw      gp, 1868(t5)
core   0: 3 0x800138b8 (0x743f2623) mem 0x80015000 0x00000001
core   0: 0x800138bc (0xff9ff06f) j       pc - 0x8
core   0: 3 0x800138bc (0xff9ff06f)
core   0: 0x800138b4 (0x00001f17) auipc   t5, 0x1
core   0: 3 0x800138b4 (0x00001f17) x30 0x800148b4
core   0: 0x800138b8 (0x743f2623) sw      gp, 1868(t5)
core   0: 3 0x800138b8 (0x743f2623) mem 0x80015000 0x00000001
core   0: 0x800138bc (0xff9ff06f) j       pc - 0x8
core   0: 3 0x800138bc (0xff9ff06f)
core   0: 0x800138b4 (0x00001f17) auipc   t5, 0x1
core   0: 3 0x800138b4 (0x00001f17) x30 0x800148b4
core   0: 0x800138b8 (0x743f2623) sw      gp, 1868(t5)
core   0: 3 0x800138b8 (0x743f2623) mem 0x80015000 0x00000001
core   0: 0x800138bc (0xff9ff06f) j       pc - 0x8
core   0: 3 0x800138bc (0xff9ff06f)
core   0: 0x800138b4 (0x00001f17) auipc   t5, 0x1
core   0: 3 0x800138b4 (0x00001f17) x30 0x800148b4
core   0: 0x800138b8 (0x743f2623) sw      gp, 1868(t5)
core   0: 3 0x800138b8 (0x743f2623) mem 0x80015000 0x00000001
core   0: 0x800138bc (0xff9ff06f) j       pc - 0x8
core   0: 3 0x800138bc (0xff9ff06f)
core   0: 0x800138b4 (0x00001f17) auipc   t5, 0x1
core   0: 3 0x800138b4 (0x00001f17) x30 0x800148b4
core   0: 0x800138b8 (0x743f2623) sw      gp, 1868(t5)
core   0: 3 0x800138b8 (0x743f2623) mem 0x80015000 0x00000001
core   0: 0x800138bc (0xff9ff06f) j       pc - 0x8
core   0: 3 0x800138bc (0xff9ff06f)
core   0: 0x800138b4 (0x00001f17) auipc   t5, 0x1
core   0: 3 0x800138b4 (0x00001f17) x30 0x800148b4
core   0: 0x800138b8 (0x743f2623) sw      gp, 1868(t5)
core   0: 3 0x800138b8 (0x743f2623) mem 0x80015000 0x00000001
core   0: 0x800138bc (0xff9ff06f) j       pc - 0x8
core   0: 3 0x800138bc (0xff9ff06f)
core   0: 0x800138b4 (0x00001f17) auipc   t5, 0x1
core   0: 3 0x800138b4 (0x00001f17) x30 0x800148b4
core   0: 0x800138b8 (0x743f2623) sw      gp, 1868(t5)
core   0: 3 0x800138b8 (0x743f2623) mem 0x80015000 0x00000001
core   0: 0x800138bc (0xff9ff06f) j       pc - 0x8
core   0: 3 0x800138bc (0xff9ff06f)
core   0: 0x800138b4 (0x00001f17) auipc   t5, 0x1
core   0: 3 0x800138b4 (0x00001f17) x30 0x800148b4
core   0: 0x800138b8 (0x743f2623) sw      gp, 1868(t5)
core   0: 3 0x800138b8 (0x743f2623) mem 0x80015000 0x00000001
core   0: 0x800138bc (0xff9ff06f) j       pc - 0x8
core   0: 3 0x800138bc (0xff9ff06f)
core   0: 0x800138b4 (0x00001f17) auipc   t5, 0x1
core   0: 3 0x800138b4 (0x00001f17) x30 0x800148b4
core   0: 0x800138b8 (0x743f2623) sw      gp, 1868(t5)
core   0: 3 0x800138b8 (0x743f2623) mem 0x80015000 0x00000001
core   0: 0x800138bc (0xff9ff06f) j       pc - 0x8
core   0: 3 0x800138bc (0xff9ff06f)
core   0: 0x800138b4 (0x00001f17) auipc   t5, 0x1
core   0: 3 0x800138b4 (0x00001f17) x30 0x800148b4
core   0: 0x800138b8 (0x743f2623) sw      gp, 1868(t5)
core   0: 3 0x800138b8 (0x743f2623) mem 0x80015000 0x00000001
core   0: 0x800138bc (0xff9ff06f) j       pc - 0x8
core   0: 3 0x800138bc (0xff9ff06f)
core   0: 0x800138b4 (0x00001f17) auipc   t5, 0x1
core   0: 3 0x800138b4 (0x00001f17) x30 0x800148b4
core   0: 0x800138b8 (0x743f2623) sw      gp, 1868(t5)
core   0: 3 0x800138b8 (0x743f2623) mem 0x80015000 0x00000001
core   0: 0x800138bc (0xff9ff06f) j       pc - 0x8
core   0: 3 0x800138bc (0xff9ff06f)
core   0: 0x800138b4 (0x00001f17) auipc   t5, 0x1
core   0: 3 0x800138b4 (0x00001f17) x30 0x800148b4
core   0: 0x800138b8 (0x743f2623) sw      gp, 1868(t5)
core   0: 3 0x800138b8 (0x743f2623) mem 0x80015000 0x00000001
core   0: 0x800138bc (0xff9ff06f) j       pc - 0x8
core   0: 3 0x800138bc (0xff9ff06f)
core   0: 0x800138b4 (0x00001f17) auipc   t5, 0x1
core   0: 3 0x800138b4 (0x00001f17) x30 0x800148b4
core   0: 0x800138b8 (0x743f2623) sw      gp, 1868(t5)
core   0: 3 0x800138b8 (0x743f2623) mem 0x80015000 0x00000001
core   0: 0x800138bc (0xff9ff06f) j       pc - 0x8
core   0: 3 0x800138bc (0xff9ff06f)
core   0: 0x800138b4 (0x00001f17) auipc   t5, 0x1
core   0: 3 0x800138b4 (0x00001f17) x30 0x800148b4
core   0: 0x800138b8 (0x743f2623) sw      gp, 1868(t5)
core   0: 3 0x800138b8 (0x743f2623) mem 0x80015000 0x00000001
core   0: 0x800138bc (0xff9ff06f) j       pc - 0x8
core   0: 3 0x800138bc (0xff9ff06f)
core   0: 0x800138b4 (0x00001f17) auipc   t5, 0x1
core   0: 3 0x800138b4 (0x00001f17) x30 0x800148b4
core   0: 0x800138b8 (0x743f2623) sw      gp, 1868(t5)
core   0: 3 0x800138b8 (0x743f2623) mem 0x80015000 0x00000001
core   0: 0x800138bc (0xff9ff06f) j       pc - 0x8
core   0: 3 0x800138bc (0xff9ff06f)
core   0: 0x800138b4 (0x00001f17) auipc   t5, 0x1
core   0: 3 0x800138b4 (0x00001f17) x30 0x800148b4
core   0: 0x800138b8 (0x743f2623) sw      gp, 1868(t5)
core   0: 3 0x800138b8 (0x743f2623) mem 0x80015000 0x00000001
core   0: 0x800138bc (0xff9ff06f) j       pc - 0x8
core   0: 3 0x800138bc (0xff9ff06f)
core   0: 0x800138b4 (0x00001f17) auipc   t5, 0x1
core   0: 3 0x800138b4 (0x00001f17) x30 0x800148b4
core   0: 0x800138b8 (0x743f2623) sw      gp, 1868(t5)
core   0: 3 0x800138b8 (0x743f2623) mem 0x80015000 0x00000001
core   0: 0x800138bc (0xff9ff06f) j       pc - 0x8
core   0: 3 0x800138bc (0xff9ff06f)
core   0: 0x800138b4 (0x00001f17) auipc   t5, 0x1
core   0: 3 0x800138b4 (0x00001f17) x30 0x800148b4
core   0: 0x800138b8 (0x743f2623) sw      gp, 1868(t5)
core   0: 3 0x800138b8 (0x743f2623) mem 0x80015000 0x00000001
core   0: 0x800138bc (0xff9ff06f) j       pc - 0x8
core   0: 3 0x800138bc (0xff9ff06f)
core   0: 0x800138b4 (0x00001f17) auipc   t5, 0x1
core   0: 3 0x800138b4 (0x00001f17) x30 0x800148b4
core   0: 0x800138b8 (0x743f2623) sw      gp, 1868(t5)
core   0: 3 0x800138b8 (0x743f2623) mem 0x80015000 0x00000001
core   0: 0x800138bc (0xff9ff06f) j       pc - 0x8
core   0: 3 0x800138bc (0xff9ff06f)
core   0: 0x800138b4 (0x00001f17) auipc   t5, 0x1
core   0: 3 0x800138b4 (0x00001f17) x30 0x800148b4
core   0: 0x800138b8 (0x743f2623) sw      gp, 1868(t5)
core   0: 3 0x800138b8 (0x743f2623) mem 0x80015000 0x00000001
core   0: 0x800138bc (0xff9ff06f) j       pc - 0x8
core   0: 3 0x800138bc (0xff9ff06f)
core   0: 0x800138b4 (0x00001f17) auipc   t5, 0x1
core   0: 3 0x800138b4 (0x00001f17) x30 0x800148b4
core   0: 0x800138b8 (0x743f2623) sw      gp, 1868(t5)
core   0: 3 0x800138b8 (0x743f2623) mem 0x80015000 0x00000001
core   0: 0x800138bc (0xff9ff06f) j       pc - 0x8
core   0: 3 0x800138bc (0xff9ff06f)
core   0: 0x800138b4 (0x00001f17) auipc   t5, 0x1
core   0: 3 0x800138b4 (0x00001f17) x30 0x800148b4
core   0: 0x800138b8 (0x743f2623) sw      gp, 1868(t5)
core   0: 3 0x800138b8 (0x743f2623) mem 0x80015000 0x00000001
core   0: 0x800138bc (0xff9ff06f) j       pc - 0x8
core   0: 3 0x800138bc (0xff9ff06f)
core   0: 0x800138b4 (0x00001f17) auipc   t5, 0x1
core   0: 3 0x800138b4 (0x00001f17) x30 0x800148b4
core   0: 0x800138b8 (0x743f2623) sw      gp, 1868(t5)
core   0: 3 0x800138b8 (0x743f2623) mem 0x80015000 0x00000001
core   0: 0x800138bc (0xff9ff06f) j       pc - 0x8
core   0: 3 0x800138bc (0xff9ff06f)
core   0: 0x800138b4 (0x00001f17) auipc   t5, 0x1
core   0: 3 0x800138b4 (0x00001f17) x30 0x800148b4
core   0: 0x800138b8 (0x743f2623) sw      gp, 1868(t5)
core   0: 3 0x800138b8 (0x743f2623) mem 0x80015000 0x00000001
core   0: 0x800138bc (0xff9ff06f) j       pc - 0x8
core   0: 3 0x800138bc (0xff9ff06f)
core   0: 0x800138b4 (0x00001f17) auipc   t5, 0x1
core   0: 3 0x800138b4 (0x00001f17) x30 0x800148b4
core   0: 0x800138b8 (0x743f2623) sw      gp, 1868(t5)
core   0: 3 0x800138b8 (0x743f2623) mem 0x80015000 0x00000001
core   0: 0x800138bc (0xff9ff06f) j       pc - 0x8
core   0: 3 0x800138bc (0xff9ff06f)
core   0: 0x800138b4 (0x00001f17) auipc   t5, 0x1
core   0: 3 0x800138b4 (0x00001f17) x30 0x800148b4
core   0: 0x800138b8 (0x743f2623) sw      gp, 1868(t5)
core   0: 3 0x800138b8 (0x743f2623) mem 0x80015000 0x00000001
core   0: 0x800138bc (0xff9ff06f) j       pc - 0x8
core   0: 3 0x800138bc (0xff9ff06f)
core   0: 0x800138b4 (0x00001f17) auipc   t5, 0x1
core   0: 3 0x800138b4 (0x00001f17) x30 0x800148b4
core   0: 0x800138b8 (0x743f2623) sw      gp, 1868(t5)
core   0: 3 0x800138b8 (0x743f2623) mem 0x80015000 0x00000001
core   0: 0x800138bc (0xff9ff06f) j       pc - 0x8
core   0: 3 0x800138bc (0xff9ff06f)
core   0: 0x800138b4 (0x00001f17) auipc   t5, 0x1
core   0: 3 0x800138b4 (0x00001f17) x30 0x800148b4
core   0: 0x800138b8 (0x743f2623) sw      gp, 1868(t5)
core   0: 3 0x800138b8 (0x743f2623) mem 0x80015000 0x00000001
core   0: 0x800138bc (0xff9ff06f) j       pc - 0x8
core   0: 3 0x800138bc (0xff9ff06f)
core   0: 0x800138b4 (0x00001f17) auipc   t5, 0x1
core   0: 3 0x800138b4 (0x00001f17) x30 0x800148b4
core   0: 0x800138b8 (0x743f2623) sw      gp, 1868(t5)
core   0: 3 0x800138b8 (0x743f2623) mem 0x80015000 0x00000001
core   0: 0x800138bc (0xff9ff06f) j       pc - 0x8
core   0: 3 0x800138bc (0xff9ff06f)
core   0: 0x800138b4 (0x00001f17) auipc   t5, 0x1
core   0: 3 0x800138b4 (0x00001f17) x30 0x800148b4
core   0: 0x800138b8 (0x743f2623) sw      gp, 1868(t5)
core   0: 3 0x800138b8 (0x743f2623) mem 0x80015000 0x00000001
core   0: 0x800138bc (0xff9ff06f) j       pc - 0x8
core   0: 3 0x800138bc (0xff9ff06f)
core   0: 0x800138b4 (0x00001f17) auipc   t5, 0x1
core   0: 3 0x800138b4 (0x00001f17) x30 0x800148b4
core   0: 0x800138b8 (0x743f2623) sw      gp, 1868(t5)
core   0: 3 0x800138b8 (0x743f2623) mem 0x80015000 0x00000001
core   0: 0x800138bc (0xff9ff06f) j       pc - 0x8
core   0: 3 0x800138bc (0xff9ff06f)
core   0: 0x800138b4 (0x00001f17) auipc   t5, 0x1
core   0: 3 0x800138b4 (0x00001f17) x30 0x800148b4
core   0: 0x800138b8 (0x743f2623) sw      gp, 1868(t5)
core   0: 3 0x800138b8 (0x743f2623) mem 0x80015000 0x00000001
core   0: 0x800138bc (0xff9ff06f) j       pc - 0x8
core   0: 3 0x800138bc (0xff9ff06f)
core   0: 0x800138b4 (0x00001f17) auipc   t5, 0x1
core   0: 3 0x800138b4 (0x00001f17) x30 0x800148b4
core   0: 0x800138b8 (0x743f2623) sw      gp, 1868(t5)
core   0: 3 0x800138b8 (0x743f2623) mem 0x80015000 0x00000001
core   0: 0x800138bc (0xff9ff06f) j       pc - 0x8
core   0: 3 0x800138bc (0xff9ff06f)
core   0: 0x800138b4 (0x00001f17) auipc   t5, 0x1
core   0: 3 0x800138b4 (0x00001f17) x30 0x800148b4
core   0: 0x800138b8 (0x743f2623) sw      gp, 1868(t5)
core   0: 3 0x800138b8 (0x743f2623) mem 0x80015000 0x00000001
core   0: 0x800138bc (0xff9ff06f) j       pc - 0x8
core   0: 3 0x800138bc (0xff9ff06f)
core   0: 0x800138b4 (0x00001f17) auipc   t5, 0x1
core   0: 3 0x800138b4 (0x00001f17) x30 0x800148b4
core   0: 0x800138b8 (0x743f2623) sw      gp, 1868(t5)
core   0: 3 0x800138b8 (0x743f2623) mem 0x80015000 0x00000001
core   0: 0x800138bc (0xff9ff06f) j       pc - 0x8
core   0: 3 0x800138bc (0xff9ff06f)
core   0: 0x800138b4 (0x00001f17) auipc   t5, 0x1
core   0: 3 0x800138b4 (0x00001f17) x30 0x800148b4
core   0: 0x800138b8 (0x743f2623) sw      gp, 1868(t5)
core   0: 3 0x800138b8 (0x743f2623) mem 0x80015000 0x00000001
core   0: 0x800138bc (0xff9ff06f) j       pc - 0x8
core   0: 3 0x800138bc (0xff9ff06f)
core   0: 0x800138b4 (0x00001f17) auipc   t5, 0x1
core   0: 3 0x800138b4 (0x00001f17) x30 0x800148b4
core   0: 0x800138b8 (0x743f2623) sw      gp, 1868(t5)
core   0: 3 0x800138b8 (0x743f2623) mem 0x80015000 0x00000001
core   0: 0x800138bc (0xff9ff06f) j       pc - 0x8
core   0: 3 0x800138bc (0xff9ff06f)
core   0: 0x800138b4 (0x00001f17) auipc   t5, 0x1
core   0: 3 0x800138b4 (0x00001f17) x30 0x800148b4
core   0: 0x800138b8 (0x743f2623) sw      gp, 1868(t5)
core   0: 3 0x800138b8 (0x743f2623) mem 0x80015000 0x00000001
core   0: 0x800138bc (0xff9ff06f) j       pc - 0x8
core   0: 3 0x800138bc (0xff9ff06f)
core   0: 0x800138b4 (0x00001f17) auipc   t5, 0x1
core   0: 3 0x800138b4 (0x00001f17) x30 0x800148b4
core   0: 0x800138b8 (0x743f2623) sw      gp, 1868(t5)
core   0: 3 0x800138b8 (0x743f2623) mem 0x80015000 0x00000001
core   0: 0x800138bc (0xff9ff06f) j       pc - 0x8
core   0: 3 0x800138bc (0xff9ff06f)
core   0: 0x800138b4 (0x00001f17) auipc   t5, 0x1
core   0: 3 0x800138b4 (0x00001f17) x30 0x800148b4
core   0: 0x800138b8 (0x743f2623) sw      gp, 1868(t5)
core   0: 3 0x800138b8 (0x743f2623) mem 0x80015000 0x00000001
core   0: 0x800138bc (0xff9ff06f) j       pc - 0x8
core   0: 3 0x800138bc (0xff9ff06f)
core   0: 0x800138b4 (0x00001f17) auipc   t5, 0x1
core   0: 3 0x800138b4 (0x00001f17) x30 0x800148b4
core   0: 0x800138b8 (0x743f2623) sw      gp, 1868(t5)
core   0: 3 0x800138b8 (0x743f2623) mem 0x80015000 0x00000001
core   0: 0x800138bc (0xff9ff06f) j       pc - 0x8
core   0: 3 0x800138bc (0xff9ff06f)
core   0: 0x800138b4 (0x00001f17) auipc   t5, 0x1
core   0: 3 0x800138b4 (0x00001f17) x30 0x800148b4
core   0: 0x800138b8 (0x743f2623) sw      gp, 1868(t5)
core   0: 3 0x800138b8 (0x743f2623) mem 0x80015000 0x00000001
core   0: 0x800138bc (0xff9ff06f) j       pc - 0x8
core   0: 3 0x800138bc (0xff9ff06f)
core   0: 0x800138b4 (0x00001f17) auipc   t5, 0x1
core   0: 3 0x800138b4 (0x00001f17) x30 0x800148b4
core   0: 0x800138b8 (0x743f2623) sw      gp, 1868(t5)
core   0: 3 0x800138b8 (0x743f2623) mem 0x80015000 0x00000001
core   0: 0x800138bc (0xff9ff06f) j       pc - 0x8
core   0: 3 0x800138bc (0xff9ff06f)
core   0: 0x800138b4 (0x00001f17) auipc   t5, 0x1
core   0: 3 0x800138b4 (0x00001f17) x30 0x800148b4
core   0: 0x800138b8 (0x743f2623) sw      gp, 1868(t5)
core   0: 3 0x800138b8 (0x743f2623) mem 0x80015000 0x00000001
core   0: 0x800138bc (0xff9ff06f) j       pc - 0x8
core   0: 3 0x800138bc (0xff9ff06f)
core   0: 0x800138b4 (0x00001f17) auipc   t5, 0x1
core   0: 3 0x800138b4 (0x00001f17) x30 0x800148b4
core   0: 0x800138b8 (0x743f2623) sw      gp, 1868(t5)
core   0: 3 0x800138b8 (0x743f2623) mem 0x80015000 0x00000001
core   0: 0x800138bc (0xff9ff06f) j       pc - 0x8
core   0: 3 0x800138bc (0xff9ff06f)
core   0: 0x800138b4 (0x00001f17) auipc   t5, 0x1
core   0: 3 0x800138b4 (0x00001f17) x30 0x800148b4
core   0: 0x800138b8 (0x743f2623) sw      gp, 1868(t5)
core   0: 3 0x800138b8 (0x743f2623) mem 0x80015000 0x00000001
core   0: 0x800138bc (0xff9ff06f) j       pc - 0x8
core   0: 3 0x800138bc (0xff9ff06f)
core   0: 0x800138b4 (0x00001f17) auipc   t5, 0x1
core   0: 3 0x800138b4 (0x00001f17) x30 0x800148b4
core   0: 0x800138b8 (0x743f2623) sw      gp, 1868(t5)
core   0: 3 0x800138b8 (0x743f2623) mem 0x80015000 0x00000001
core   0: 0x800138bc (0xff9ff06f) j       pc - 0x8
core   0: 3 0x800138bc (0xff9ff06f)
core   0: 0x800138b4 (0x00001f17) auipc   t5, 0x1
core   0: 3 0x800138b4 (0x00001f17) x30 0x800148b4
core   0: 0x800138b8 (0x743f2623) sw      gp, 1868(t5)
core   0: 3 0x800138b8 (0x743f2623) mem 0x80015000 0x00000001
core   0: 0x800138bc (0xff9ff06f) j       pc - 0x8
core   0: 3 0x800138bc (0xff9ff06f)
core   0: 0x800138b4 (0x00001f17) auipc   t5, 0x1
core   0: 3 0x800138b4 (0x00001f17) x30 0x800148b4
core   0: 0x800138b8 (0x743f2623) sw      gp, 1868(t5)
core   0: 3 0x800138b8 (0x743f2623) mem 0x80015000 0x00000001
core   0: 0x800138bc (0xff9ff06f) j       pc - 0x8
core   0: 3 0x800138bc (0xff9ff06f)
core   0: 0x800138b4 (0x00001f17) auipc   t5, 0x1
core   0: 3 0x800138b4 (0x00001f17) x30 0x800148b4
core   0: 0x800138b8 (0x743f2623) sw      gp, 1868(t5)
core   0: 3 0x800138b8 (0x743f2623) mem 0x80015000 0x00000001
core   0: 0x800138bc (0xff9ff06f) j       pc - 0x8
core   0: 3 0x800138bc (0xff9ff06f)
core   0: 0x800138b4 (0x00001f17) auipc   t5, 0x1
core   0: 3 0x800138b4 (0x00001f17) x30 0x800148b4
core   0: 0x800138b8 (0x743f2623) sw      gp, 1868(t5)
core   0: 3 0x800138b8 (0x743f2623) mem 0x80015000 0x00000001
core   0: 0x800138bc (0xff9ff06f) j       pc - 0x8
core   0: 3 0x800138bc (0xff9ff06f)
core   0: 0x800138b4 (0x00001f17) auipc   t5, 0x1
core   0: 3 0x800138b4 (0x00001f17) x30 0x800148b4
core   0: 0x800138b8 (0x743f2623) sw      gp, 1868(t5)
core   0: 3 0x800138b8 (0x743f2623) mem 0x80015000 0x00000001
core   0: 0x800138bc (0xff9ff06f) j       pc - 0x8
core   0: 3 0x800138bc (0xff9ff06f)
core   0: 0x800138b4 (0x00001f17) auipc   t5, 0x1
core   0: 3 0x800138b4 (0x00001f17) x30 0x800148b4
core   0: 0x800138b8 (0x743f2623) sw      gp, 1868(t5)
core   0: 3 0x800138b8 (0x743f2623) mem 0x80015000 0x00000001
core   0: 0x800138bc (0xff9ff06f) j       pc - 0x8
core   0: 3 0x800138bc (0xff9ff06f)
core   0: 0x800138b4 (0x00001f17) auipc   t5, 0x1
core   0: 3 0x800138b4 (0x00001f17) x30 0x800148b4
core   0: 0x800138b8 (0x743f2623) sw      gp, 1868(t5)
core   0: 3 0x800138b8 (0x743f2623) mem 0x80015000 0x00000001
core   0: 0x800138bc (0xff9ff06f) j       pc - 0x8
core   0: 3 0x800138bc (0xff9ff06f)
core   0: 0x800138b4 (0x00001f17) auipc   t5, 0x1
core   0: 3 0x800138b4 (0x00001f17) x30 0x800148b4
core   0: 0x800138b8 (0x743f2623) sw      gp, 1868(t5)
core   0: 3 0x800138b8 (0x743f2623) mem 0x80015000 0x00000001
core   0: 0x800138bc (0xff9ff06f) j       pc - 0x8
core   0: 3 0x800138bc (0xff9ff06f)
core   0: 0x800138b4 (0x00001f17) auipc   t5, 0x1
core   0: 3 0x800138b4 (0x00001f17) x30 0x800148b4
core   0: 0x800138b8 (0x743f2623) sw      gp, 1868(t5)
core   0: 3 0x800138b8 (0x743f2623) mem 0x80015000 0x00000001
core   0: 0x800138bc (0xff9ff06f) j       pc - 0x8
core   0: 3 0x800138bc (0xff9ff06f)
core   0: 0x800138b4 (0x00001f17) auipc   t5, 0x1
core   0: 3 0x800138b4 (0x00001f17) x30 0x800148b4
core   0: 0x800138b8 (0x743f2623) sw      gp, 1868(t5)
core   0: 3 0x800138b8 (0x743f2623) mem 0x80015000 0x00000001
core   0: 0x800138bc (0xff9ff06f) j       pc - 0x8
core   0: 3 0x800138bc (0xff9ff06f)
core   0: 0x800138b4 (0x00001f17) auipc   t5, 0x1
core   0: 3 0x800138b4 (0x00001f17) x30 0x800148b4
core   0: 0x800138b8 (0x743f2623) sw      gp, 1868(t5)
core   0: 3 0x800138b8 (0x743f2623) mem 0x80015000 0x00000001
core   0: 0x800138bc (0xff9ff06f) j       pc - 0x8
core   0: 3 0x800138bc (0xff9ff06f)
core   0: 0x800138b4 (0x00001f17) auipc   t5, 0x1
core   0: 3 0x800138b4 (0x00001f17) x30 0x800148b4
core   0: 0x800138b8 (0x743f2623) sw      gp, 1868(t5)
core   0: 3 0x800138b8 (0x743f2623) mem 0x80015000 0x00000001
core   0: 0x800138bc (0xff9ff06f) j       pc - 0x8
core   0: 3 0x800138bc (0xff9ff06f)
core   0: 0x800138b4 (0x00001f17) auipc   t5, 0x1
core   0: 3 0x800138b4 (0x00001f17) x30 0x800148b4
core   0: 0x800138b8 (0x743f2623) sw      gp, 1868(t5)
core   0: 3 0x800138b8 (0x743f2623) mem 0x80015000 0x00000001
core   0: 0x800138bc (0xff9ff06f) j       pc - 0x8
core   0: 3 0x800138bc (0xff9ff06f)
core   0: 0x800138b4 (0x00001f17) auipc   t5, 0x1
core   0: 3 0x800138b4 (0x00001f17) x30 0x800148b4
core   0: 0x800138b8 (0x743f2623) sw      gp, 1868(t5)
core   0: 3 0x800138b8 (0x743f2623) mem 0x80015000 0x00000001
core   0: 0x800138bc (0xff9ff06f) j       pc - 0x8
core   0: 3 0x800138bc (0xff9ff06f)
core   0: 0x800138b4 (0x00001f17) auipc   t5, 0x1
core   0: 3 0x800138b4 (0x00001f17) x30 0x800148b4
core   0: 0x800138b8 (0x743f2623) sw      gp, 1868(t5)
core   0: 3 0x800138b8 (0x743f2623) mem 0x80015000 0x00000001
core   0: 0x800138bc (0xff9ff06f) j       pc - 0x8
core   0: 3 0x800138bc (0xff9ff06f)
core   0: 0x800138b4 (0x00001f17) auipc   t5, 0x1
core   0: 3 0x800138b4 (0x00001f17) x30 0x800148b4
core   0: 0x800138b8 (0x743f2623) sw      gp, 1868(t5)
core   0: 3 0x800138b8 (0x743f2623) mem 0x80015000 0x00000001
core   0: 0x800138bc (0xff9ff06f) j       pc - 0x8
core   0: 3 0x800138bc (0xff9ff06f)
core   0: 0x800138b4 (0x00001f17) auipc   t5, 0x1
core   0: 3 0x800138b4 (0x00001f17) x30 0x800148b4
core   0: 0x800138b8 (0x743f2623) sw      gp, 1868(t5)
core   0: 3 0x800138b8 (0x743f2623) mem 0x80015000 0x00000001
core   0: 0x800138bc (0xff9ff06f) j       pc - 0x8
core   0: 3 0x800138bc (0xff9ff06f)
core   0: 0x800138b4 (0x00001f17) auipc   t5, 0x1
core   0: 3 0x800138b4 (0x00001f17) x30 0x800148b4
core   0: 0x800138b8 (0x743f2623) sw      gp, 1868(t5)
core   0: 3 0x800138b8 (0x743f2623) mem 0x80015000 0x00000001
core   0: 0x800138bc (0xff9ff06f) j       pc - 0x8
core   0: 3 0x800138bc (0xff9ff06f)
core   0: 0x800138b4 (0x00001f17) auipc   t5, 0x1
core   0: 3 0x800138b4 (0x00001f17) x30 0x800148b4
core   0: 0x800138b8 (0x743f2623) sw      gp, 1868(t5)
core   0: 3 0x800138b8 (0x743f2623) mem 0x80015000 0x00000001
core   0: 0x800138bc (0xff9ff06f) j       pc - 0x8
core   0: 3 0x800138bc (0xff9ff06f)
core   0: 0x800138b4 (0x00001f17) auipc   t5, 0x1
core   0: 3 0x800138b4 (0x00001f17) x30 0x800148b4
core   0: 0x800138b8 (0x743f2623) sw      gp, 1868(t5)
core   0: 3 0x800138b8 (0x743f2623) mem 0x80015000 0x00000001
core   0: 0x800138bc (0xff9ff06f) j       pc - 0x8
core   0: 3 0x800138bc (0xff9ff06f)
core   0: 0x800138b4 (0x00001f17) auipc   t5, 0x1
core   0: 3 0x800138b4 (0x00001f17) x30 0x800148b4
core   0: 0x800138b8 (0x743f2623) sw      gp, 1868(t5)
core   0: 3 0x800138b8 (0x743f2623) mem 0x80015000 0x00000001
core   0: 0x800138bc (0xff9ff06f) j       pc - 0x8
core   0: 3 0x800138bc (0xff9ff06f)
core   0: 0x800138b4 (0x00001f17) auipc   t5, 0x1
core   0: 3 0x800138b4 (0x00001f17) x30 0x800148b4
core   0: 0x800138b8 (0x743f2623) sw      gp, 1868(t5)
core   0: 3 0x800138b8 (0x743f2623) mem 0x80015000 0x00000001
core   0: 0x800138bc (0xff9ff06f) j       pc - 0x8
core   0: 3 0x800138bc (0xff9ff06f)
core   0: 0x800138b4 (0x00001f17) auipc   t5, 0x1
core   0: 3 0x800138b4 (0x00001f17) x30 0x800148b4
core   0: 0x800138b8 (0x743f2623) sw      gp, 1868(t5)
core   0: 3 0x800138b8 (0x743f2623) mem 0x80015000 0x00000001
core   0: 0x800138bc (0xff9ff06f) j       pc - 0x8
core   0: 3 0x800138bc (0xff9ff06f)
core   0: 0x800138b4 (0x00001f17) auipc   t5, 0x1
core   0: 3 0x800138b4 (0x00001f17) x30 0x800148b4
core   0: 0x800138b8 (0x743f2623) sw      gp, 1868(t5)
core   0: 3 0x800138b8 (0x743f2623) mem 0x80015000 0x00000001
core   0: 0x800138bc (0xff9ff06f) j       pc - 0x8
core   0: 3 0x800138bc (0xff9ff06f)
core   0: 0x800138b4 (0x00001f17) auipc   t5, 0x1
core   0: 3 0x800138b4 (0x00001f17) x30 0x800148b4
core   0: 0x800138b8 (0x743f2623) sw      gp, 1868(t5)
core   0: 3 0x800138b8 (0x743f2623) mem 0x80015000 0x00000001
core   0: 0x800138bc (0xff9ff06f) j       pc - 0x8
core   0: 3 0x800138bc (0xff9ff06f)
core   0: 0x800138b4 (0x00001f17) auipc   t5, 0x1
core   0: 3 0x800138b4 (0x00001f17) x30 0x800148b4
core   0: 0x800138b8 (0x743f2623) sw      gp, 1868(t5)
core   0: 3 0x800138b8 (0x743f2623) mem 0x80015000 0x00000001
core   0: 0x800138bc (0xff9ff06f) j       pc - 0x8
core   0: 3 0x800138bc (0xff9ff06f)
core   0: 0x800138b4 (0x00001f17) auipc   t5, 0x1
core   0: 3 0x800138b4 (0x00001f17) x30 0x800148b4
core   0: 0x800138b8 (0x743f2623) sw      gp, 1868(t5)
core   0: 3 0x800138b8 (0x743f2623) mem 0x80015000 0x00000001
core   0: 0x800138bc (0xff9ff06f) j       pc - 0x8
core   0: 3 0x800138bc (0xff9ff06f)
core   0: 0x800138b4 (0x00001f17) auipc   t5, 0x1
core   0: 3 0x800138b4 (0x00001f17) x30 0x800148b4
core   0: 0x800138b8 (0x743f2623) sw      gp, 1868(t5)
core   0: 3 0x800138b8 (0x743f2623) mem 0x80015000 0x00000001
core   0: 0x800138bc (0xff9ff06f) j       pc - 0x8
core   0: 3 0x800138bc (0xff9ff06f)
core   0: 0x800138b4 (0x00001f17) auipc   t5, 0x1
core   0: 3 0x800138b4 (0x00001f17) x30 0x800148b4
core   0: 0x800138b8 (0x743f2623) sw      gp, 1868(t5)
core   0: 3 0x800138b8 (0x743f2623) mem 0x80015000 0x00000001
core   0: 0x800138bc (0xff9ff06f) j       pc - 0x8
core   0: 3 0x800138bc (0xff9ff06f)
core   0: 0x800138b4 (0x00001f17) auipc   t5, 0x1
core   0: 3 0x800138b4 (0x00001f17) x30 0x800148b4
core   0: 0x800138b8 (0x743f2623) sw      gp, 1868(t5)
core   0: 3 0x800138b8 (0x743f2623) mem 0x80015000 0x00000001
core   0: 0x800138bc (0xff9ff06f) j       pc - 0x8
core   0: 3 0x800138bc (0xff9ff06f)
core   0: 0x800138b4 (0x00001f17) auipc   t5, 0x1
core   0: 3 0x800138b4 (0x00001f17) x30 0x800148b4
core   0: 0x800138b8 (0x743f2623) sw      gp, 1868(t5)
core   0: 3 0x800138b8 (0x743f2623) mem 0x80015000 0x00000001
core   0: 0x800138bc (0xff9ff06f) j       pc - 0x8
core   0: 3 0x800138bc (0xff9ff06f)
core   0: 0x800138b4 (0x00001f17) auipc   t5, 0x1
core   0: 3 0x800138b4 (0x00001f17) x30 0x800148b4
core   0: 0x800138b8 (0x743f2623) sw      gp, 1868(t5)
core   0: 3 0x800138b8 (0x743f2623) mem 0x80015000 0x00000001
core   0: 0x800138bc (0xff9ff06f) j       pc - 0x8
core   0: 3 0x800138bc (0xff9ff06f)
core   0: 0x800138b4 (0x00001f17) auipc   t5, 0x1
core   0: 3 0x800138b4 (0x00001f17) x30 0x800148b4
core   0: 0x800138b8 (0x743f2623) sw      gp, 1868(t5)
core   0: 3 0x800138b8 (0x743f2623) mem 0x80015000 0x00000001
core   0: 0x800138bc (0xff9ff06f) j       pc - 0x8
core   0: 3 0x800138bc (0xff9ff06f)
core   0: 0x800138b4 (0x00001f17) auipc   t5, 0x1
core   0: 3 0x800138b4 (0x00001f17) x30 0x800148b4
core   0: 0x800138b8 (0x743f2623) sw      gp, 1868(t5)
core   0: 3 0x800138b8 (0x743f2623) mem 0x80015000 0x00000001
core   0: 0x800138bc (0xff9ff06f) j       pc - 0x8
core   0: 3 0x800138bc (0xff9ff06f)
core   0: 0x800138b4 (0x00001f17) auipc   t5, 0x1
core   0: 3 0x800138b4 (0x00001f17) x30 0x800148b4
core   0: 0x800138b8 (0x743f2623) sw      gp, 1868(t5)
core   0: 3 0x800138b8 (0x743f2623) mem 0x80015000 0x00000001
core   0: 0x800138bc (0xff9ff06f) j       pc - 0x8
core   0: 3 0x800138bc (0xff9ff06f)
core   0: 0x800138b4 (0x00001f17) auipc   t5, 0x1
core   0: 3 0x800138b4 (0x00001f17) x30 0x800148b4
core   0: 0x800138b8 (0x743f2623) sw      gp, 1868(t5)
core   0: 3 0x800138b8 (0x743f2623) mem 0x80015000 0x00000001
core   0: 0x800138bc (0xff9ff06f) j       pc - 0x8
core   0: 3 0x800138bc (0xff9ff06f)
core   0: 0x800138b4 (0x00001f17) auipc   t5, 0x1
core   0: 3 0x800138b4 (0x00001f17) x30 0x800148b4
core   0: 0x800138b8 (0x743f2623) sw      gp, 1868(t5)
core   0: 3 0x800138b8 (0x743f2623) mem 0x80015000 0x00000001
core   0: 0x800138bc (0xff9ff06f) j       pc - 0x8
core   0: 3 0x800138bc (0xff9ff06f)
core   0: 0x800138b4 (0x00001f17) auipc   t5, 0x1
core   0: 3 0x800138b4 (0x00001f17) x30 0x800148b4
core   0: 0x800138b8 (0x743f2623) sw      gp, 1868(t5)
core   0: 3 0x800138b8 (0x743f2623) mem 0x80015000 0x00000001
core   0: 0x800138bc (0xff9ff06f) j       pc - 0x8
core   0: 3 0x800138bc (0xff9ff06f)
core   0: 0x800138b4 (0x00001f17) auipc   t5, 0x1
core   0: 3 0x800138b4 (0x00001f17) x30 0x800148b4
core   0: 0x800138b8 (0x743f2623) sw      gp, 1868(t5)
core   0: 3 0x800138b8 (0x743f2623) mem 0x80015000 0x00000001
core   0: 0x800138bc (0xff9ff06f) j       pc - 0x8
core   0: 3 0x800138bc (0xff9ff06f)
core   0: 0x800138b4 (0x00001f17) auipc   t5, 0x1
core   0: 3 0x800138b4 (0x00001f17) x30 0x800148b4
core   0: 0x800138b8 (0x743f2623) sw      gp, 1868(t5)
core   0: 3 0x800138b8 (0x743f2623) mem 0x80015000 0x00000001
core   0: 0x800138bc (0xff9ff06f) j       pc - 0x8
core   0: 3 0x800138bc (0xff9ff06f)
core   0: 0x800138b4 (0x00001f17) auipc   t5, 0x1
core   0: 3 0x800138b4 (0x00001f17) x30 0x800148b4
core   0: 0x800138b8 (0x743f2623) sw      gp, 1868(t5)
core   0: 3 0x800138b8 (0x743f2623) mem 0x80015000 0x00000001
core   0: 0x800138bc (0xff9ff06f) j       pc - 0x8
core   0: 3 0x800138bc (0xff9ff06f)
core   0: 0x800138b4 (0x00001f17) auipc   t5, 0x1
core   0: 3 0x800138b4 (0x00001f17) x30 0x800148b4
core   0: 0x800138b8 (0x743f2623) sw      gp, 1868(t5)
core   0: 3 0x800138b8 (0x743f2623) mem 0x80015000 0x00000001
core   0: 0x800138bc (0xff9ff06f) j       pc - 0x8
core   0: 3 0x800138bc (0xff9ff06f)
core   0: 0x800138b4 (0x00001f17) auipc   t5, 0x1
core   0: 3 0x800138b4 (0x00001f17) x30 0x800148b4
core   0: 0x800138b8 (0x743f2623) sw      gp, 1868(t5)
core   0: 3 0x800138b8 (0x743f2623) mem 0x80015000 0x00000001
core   0: 0x800138bc (0xff9ff06f) j       pc - 0x8
core   0: 3 0x800138bc (0xff9ff06f)
core   0: 0x800138b4 (0x00001f17) auipc   t5, 0x1
core   0: 3 0x800138b4 (0x00001f17) x30 0x800148b4
core   0: 0x800138b8 (0x743f2623) sw      gp, 1868(t5)
core   0: 3 0x800138b8 (0x743f2623) mem 0x80015000 0x00000001
core   0: 0x800138bc (0xff9ff06f) j       pc - 0x8
core   0: 3 0x800138bc (0xff9ff06f)
core   0: 0x800138b4 (0x00001f17) auipc   t5, 0x1
core   0: 3 0x800138b4 (0x00001f17) x30 0x800148b4
core   0: 0x800138b8 (0x743f2623) sw      gp, 1868(t5)
core   0: 3 0x800138b8 (0x743f2623) mem 0x80015000 0x00000001
core   0: 0x800138bc (0xff9ff06f) j       pc - 0x8
core   0: 3 0x800138bc (0xff9ff06f)
core   0: 0x800138b4 (0x00001f17) auipc   t5, 0x1
core   0: 3 0x800138b4 (0x00001f17) x30 0x800148b4
core   0: 0x800138b8 (0x743f2623) sw      gp, 1868(t5)
core   0: 3 0x800138b8 (0x743f2623) mem 0x80015000 0x00000001
core   0: 0x800138bc (0xff9ff06f) j       pc - 0x8
core   0: 3 0x800138bc (0xff9ff06f)
core   0: 0x800138b4 (0x00001f17) auipc   t5, 0x1
core   0: 3 0x800138b4 (0x00001f17) x30 0x800148b4
core   0: 0x800138b8 (0x743f2623) sw      gp, 1868(t5)
core   0: 3 0x800138b8 (0x743f2623) mem 0x80015000 0x00000001
core   0: 0x800138bc (0xff9ff06f) j       pc - 0x8
core   0: 3 0x800138bc (0xff9ff06f)
core   0: 0x800138b4 (0x00001f17) auipc   t5, 0x1
core   0: 3 0x800138b4 (0x00001f17) x30 0x800148b4
core   0: 0x800138b8 (0x743f2623) sw      gp, 1868(t5)
core   0: 3 0x800138b8 (0x743f2623) mem 0x80015000 0x00000001
core   0: 0x800138bc (0xff9ff06f) j       pc - 0x8
core   0: 3 0x800138bc (0xff9ff06f)
core   0: 0x800138b4 (0x00001f17) auipc   t5, 0x1
core   0: 3 0x800138b4 (0x00001f17) x30 0x800148b4
core   0: 0x800138b8 (0x743f2623) sw      gp, 1868(t5)
core   0: 3 0x800138b8 (0x743f2623) mem 0x80015000 0x00000001
core   0: 0x800138bc (0xff9ff06f) j       pc - 0x8
core   0: 3 0x800138bc (0xff9ff06f)
core   0: 0x800138b4 (0x00001f17) auipc   t5, 0x1
core   0: 3 0x800138b4 (0x00001f17) x30 0x800148b4
core   0: 0x800138b8 (0x743f2623) sw      gp, 1868(t5)
core   0: 3 0x800138b8 (0x743f2623) mem 0x80015000 0x00000001
core   0: 0x800138bc (0xff9ff06f) j       pc - 0x8
core   0: 3 0x800138bc (0xff9ff06f)
core   0: 0x800138b4 (0x00001f17) auipc   t5, 0x1
core   0: 3 0x800138b4 (0x00001f17) x30 0x800148b4
core   0: 0x800138b8 (0x743f2623) sw      gp, 1868(t5)
core   0: 3 0x800138b8 (0x743f2623) mem 0x80015000 0x00000001
core   0: 0x800138bc (0xff9ff06f) j       pc - 0x8
core   0: 3 0x800138bc (0xff9ff06f)
core   0: 0x800138b4 (0x00001f17) auipc   t5, 0x1
core   0: 3 0x800138b4 (0x00001f17) x30 0x800148b4
core   0: 0x800138b8 (0x743f2623) sw      gp, 1868(t5)
core   0: 3 0x800138b8 (0x743f2623) mem 0x80015000 0x00000001
core   0: 0x800138bc (0xff9ff06f) j       pc - 0x8
core   0: 3 0x800138bc (0xff9ff06f)
core   0: 0x800138b4 (0x00001f17) auipc   t5, 0x1
core   0: 3 0x800138b4 (0x00001f17) x30 0x800148b4
core   0: 0x800138b8 (0x743f2623) sw      gp, 1868(t5)
core   0: 3 0x800138b8 (0x743f2623) mem 0x80015000 0x00000001
core   0: 0x800138bc (0xff9ff06f) j       pc - 0x8
core   0: 3 0x800138bc (0xff9ff06f)
core   0: 0x800138b4 (0x00001f17) auipc   t5, 0x1
core   0: 3 0x800138b4 (0x00001f17) x30 0x800148b4
core   0: 0x800138b8 (0x743f2623) sw      gp, 1868(t5)
core   0: 3 0x800138b8 (0x743f2623) mem 0x80015000 0x00000001
core   0: 0x800138bc (0xff9ff06f) j       pc - 0x8
core   0: 3 0x800138bc (0xff9ff06f)
core   0: 0x800138b4 (0x00001f17) auipc   t5, 0x1
core   0: 3 0x800138b4 (0x00001f17) x30 0x800148b4
core   0: 0x800138b8 (0x743f2623) sw      gp, 1868(t5)
core   0: 3 0x800138b8 (0x743f2623) mem 0x80015000 0x00000001
core   0: 0x800138bc (0xff9ff06f) j       pc - 0x8
core   0: 3 0x800138bc (0xff9ff06f)
core   0: 0x800138b4 (0x00001f17) auipc   t5, 0x1
core   0: 3 0x800138b4 (0x00001f17) x30 0x800148b4
core   0: 0x800138b8 (0x743f2623) sw      gp, 1868(t5)
core   0: 3 0x800138b8 (0x743f2623) mem 0x80015000 0x00000001
core   0: 0x800138bc (0xff9ff06f) j       pc - 0x8
core   0: 3 0x800138bc (0xff9ff06f)
core   0: 0x800138b4 (0x00001f17) auipc   t5, 0x1
core   0: 3 0x800138b4 (0x00001f17) x30 0x800148b4
core   0: 0x800138b8 (0x743f2623) sw      gp, 1868(t5)
core   0: 3 0x800138b8 (0x743f2623) mem 0x80015000 0x00000001
core   0: 0x800138bc (0xff9ff06f) j       pc - 0x8
core   0: 3 0x800138bc (0xff9ff06f)
core   0: 0x800138b4 (0x00001f17) auipc   t5, 0x1
core   0: 3 0x800138b4 (0x00001f17) x30 0x800148b4
core   0: 0x800138b8 (0x743f2623) sw      gp, 1868(t5)
core   0: 3 0x800138b8 (0x743f2623) mem 0x80015000 0x00000001
core   0: 0x800138bc (0xff9ff06f) j       pc - 0x8
core   0: 3 0x800138bc (0xff9ff06f)
core   0: 0x800138b4 (0x00001f17) auipc   t5, 0x1
core   0: 3 0x800138b4 (0x00001f17) x30 0x800148b4
core   0: 0x800138b8 (0x743f2623) sw      gp, 1868(t5)
core   0: 3 0x800138b8 (0x743f2623) mem 0x80015000 0x00000001
core   0: 0x800138bc (0xff9ff06f) j       pc - 0x8
core   0: 3 0x800138bc (0xff9ff06f)
core   0: 0x800138b4 (0x00001f17) auipc   t5, 0x1
core   0: 3 0x800138b4 (0x00001f17) x30 0x800148b4
core   0: 0x800138b8 (0x743f2623) sw      gp, 1868(t5)
core   0: 3 0x800138b8 (0x743f2623) mem 0x80015000 0x00000001
core   0: 0x800138bc (0xff9ff06f) j       pc - 0x8
core   0: 3 0x800138bc (0xff9ff06f)
core   0: 0x800138b4 (0x00001f17) auipc   t5, 0x1
core   0: 3 0x800138b4 (0x00001f17) x30 0x800148b4
core   0: 0x800138b8 (0x743f2623) sw      gp, 1868(t5)
core   0: 3 0x800138b8 (0x743f2623) mem 0x80015000 0x00000001
core   0: 0x800138bc (0xff9ff06f) j       pc - 0x8
core   0: 3 0x800138bc (0xff9ff06f)
core   0: 0x800138b4 (0x00001f17) auipc   t5, 0x1
core   0: 3 0x800138b4 (0x00001f17) x30 0x800148b4
core   0: 0x800138b8 (0x743f2623) sw      gp, 1868(t5)
core   0: 3 0x800138b8 (0x743f2623) mem 0x80015000 0x00000001
core   0: 0x800138bc (0xff9ff06f) j       pc - 0x8
core   0: 3 0x800138bc (0xff9ff06f)
core   0: 0x800138b4 (0x00001f17) auipc   t5, 0x1
core   0: 3 0x800138b4 (0x00001f17) x30 0x800148b4
core   0: 0x800138b8 (0x743f2623) sw      gp, 1868(t5)
core   0: 3 0x800138b8 (0x743f2623) mem 0x80015000 0x00000001
core   0: 0x800138bc (0xff9ff06f) j       pc - 0x8
core   0: 3 0x800138bc (0xff9ff06f)
core   0: 0x800138b4 (0x00001f17) auipc   t5, 0x1
core   0: 3 0x800138b4 (0x00001f17) x30 0x800148b4
core   0: 0x800138b8 (0x743f2623) sw      gp, 1868(t5)
core   0: 3 0x800138b8 (0x743f2623) mem 0x80015000 0x00000001
core   0: 0x800138bc (0xff9ff06f) j       pc - 0x8
core   0: 3 0x800138bc (0xff9ff06f)
core   0: 0x800138b4 (0x00001f17) auipc   t5, 0x1
core   0: 3 0x800138b4 (0x00001f17) x30 0x800148b4
core   0: 0x800138b8 (0x743f2623) sw      gp, 1868(t5)
core   0: 3 0x800138b8 (0x743f2623) mem 0x80015000 0x00000001
core   0: 0x800138bc (0xff9ff06f) j       pc - 0x8
core   0: 3 0x800138bc (0xff9ff06f)
core   0: 0x800138b4 (0x00001f17) auipc   t5, 0x1
core   0: 3 0x800138b4 (0x00001f17) x30 0x800148b4
core   0: 0x800138b8 (0x743f2623) sw      gp, 1868(t5)
core   0: 3 0x800138b8 (0x743f2623) mem 0x80015000 0x00000001
core   0: 0x800138bc (0xff9ff06f) j       pc - 0x8
core   0: 3 0x800138bc (0xff9ff06f)
core   0: 0x800138b4 (0x00001f17) auipc   t5, 0x1
core   0: 3 0x800138b4 (0x00001f17) x30 0x800148b4
core   0: 0x800138b8 (0x743f2623) sw      gp, 1868(t5)
core   0: 3 0x800138b8 (0x743f2623) mem 0x80015000 0x00000001
core   0: 0x800138bc (0xff9ff06f) j       pc - 0x8
core   0: 3 0x800138bc (0xff9ff06f)
core   0: 0x800138b4 (0x00001f17) auipc   t5, 0x1
core   0: 3 0x800138b4 (0x00001f17) x30 0x800148b4
core   0: 0x800138b8 (0x743f2623) sw      gp, 1868(t5)
core   0: 3 0x800138b8 (0x743f2623) mem 0x80015000 0x00000001
core   0: 0x800138bc (0xff9ff06f) j       pc - 0x8
core   0: 3 0x800138bc (0xff9ff06f)
core   0: 0x800138b4 (0x00001f17) auipc   t5, 0x1
core   0: 3 0x800138b4 (0x00001f17) x30 0x800148b4
core   0: 0x800138b8 (0x743f2623) sw      gp, 1868(t5)
core   0: 3 0x800138b8 (0x743f2623) mem 0x80015000 0x00000001
core   0: 0x800138bc (0xff9ff06f) j       pc - 0x8
core   0: 3 0x800138bc (0xff9ff06f)
core   0: 0x800138b4 (0x00001f17) auipc   t5, 0x1
core   0: 3 0x800138b4 (0x00001f17) x30 0x800148b4
core   0: 0x800138b8 (0x743f2623) sw      gp, 1868(t5)
core   0: 3 0x800138b8 (0x743f2623) mem 0x80015000 0x00000001
core   0: 0x800138bc (0xff9ff06f) j       pc - 0x8
core   0: 3 0x800138bc (0xff9ff06f)
core   0: 0x800138b4 (0x00001f17) auipc   t5, 0x1
core   0: 3 0x800138b4 (0x00001f17) x30 0x800148b4
core   0: 0x800138b8 (0x743f2623) sw      gp, 1868(t5)
core   0: 3 0x800138b8 (0x743f2623) mem 0x80015000 0x00000001
core   0: 0x800138bc (0xff9ff06f) j       pc - 0x8
core   0: 3 0x800138bc (0xff9ff06f)
core   0: 0x800138b4 (0x00001f17) auipc   t5, 0x1
core   0: 3 0x800138b4 (0x00001f17) x30 0x800148b4
core   0: 0x800138b8 (0x743f2623) sw      gp, 1868(t5)
core   0: 3 0x800138b8 (0x743f2623) mem 0x80015000 0x00000001
core   0: 0x800138bc (0xff9ff06f) j       pc - 0x8
core   0: 3 0x800138bc (0xff9ff06f)
core   0: 0x800138b4 (0x00001f17) auipc   t5, 0x1
core   0: 3 0x800138b4 (0x00001f17) x30 0x800148b4
core   0: 0x800138b8 (0x743f2623) sw      gp, 1868(t5)
core   0: 3 0x800138b8 (0x743f2623) mem 0x80015000 0x00000001
core   0: 0x800138bc (0xff9ff06f) j       pc - 0x8
core   0: 3 0x800138bc (0xff9ff06f)
core   0: 0x800138b4 (0x00001f17) auipc   t5, 0x1
core   0: 3 0x800138b4 (0x00001f17) x30 0x800148b4
core   0: 0x800138b8 (0x743f2623) sw      gp, 1868(t5)
core   0: 3 0x800138b8 (0x743f2623) mem 0x80015000 0x00000001
core   0: 0x800138bc (0xff9ff06f) j       pc - 0x8
core   0: 3 0x800138bc (0xff9ff06f)
core   0: 0x800138b4 (0x00001f17) auipc   t5, 0x1
core   0: 3 0x800138b4 (0x00001f17) x30 0x800148b4
core   0: 0x800138b8 (0x743f2623) sw      gp, 1868(t5)
core   0: 3 0x800138b8 (0x743f2623) mem 0x80015000 0x00000001
core   0: 0x800138bc (0xff9ff06f) j       pc - 0x8
core   0: 3 0x800138bc (0xff9ff06f)
core   0: 0x800138b4 (0x00001f17) auipc   t5, 0x1
core   0: 3 0x800138b4 (0x00001f17) x30 0x800148b4
core   0: 0x800138b8 (0x743f2623) sw      gp, 1868(t5)
core   0: 3 0x800138b8 (0x743f2623) mem 0x80015000 0x00000001
core   0: 0x800138bc (0xff9ff06f) j       pc - 0x8
core   0: 3 0x800138bc (0xff9ff06f)
core   0: 0x800138b4 (0x00001f17) auipc   t5, 0x1
core   0: 3 0x800138b4 (0x00001f17) x30 0x800148b4
core   0: 0x800138b8 (0x743f2623) sw      gp, 1868(t5)
core   0: 3 0x800138b8 (0x743f2623) mem 0x80015000 0x00000001
core   0: 0x800138bc (0xff9ff06f) j       pc - 0x8
core   0: 3 0x800138bc (0xff9ff06f)
core   0: 0x800138b4 (0x00001f17) auipc   t5, 0x1
core   0: 3 0x800138b4 (0x00001f17) x30 0x800148b4
core   0: 0x800138b8 (0x743f2623) sw      gp, 1868(t5)
core   0: 3 0x800138b8 (0x743f2623) mem 0x80015000 0x00000001
core   0: 0x800138bc (0xff9ff06f) j       pc - 0x8
core   0: 3 0x800138bc (0xff9ff06f)
core   0: 0x800138b4 (0x00001f17) auipc   t5, 0x1
core   0: 3 0x800138b4 (0x00001f17) x30 0x800148b4
core   0: 0x800138b8 (0x743f2623) sw      gp, 1868(t5)
core   0: 3 0x800138b8 (0x743f2623) mem 0x80015000 0x00000001
core   0: 0x800138bc (0xff9ff06f) j       pc - 0x8
core   0: 3 0x800138bc (0xff9ff06f)
core   0: 0x800138b4 (0x00001f17) auipc   t5, 0x1
core   0: 3 0x800138b4 (0x00001f17) x30 0x800148b4
core   0: 0x800138b8 (0x743f2623) sw      gp, 1868(t5)
core   0: 3 0x800138b8 (0x743f2623) mem 0x80015000 0x00000001
core   0: 0x800138bc (0xff9ff06f) j       pc - 0x8
core   0: 3 0x800138bc (0xff9ff06f)
core   0: 0x800138b4 (0x00001f17) auipc   t5, 0x1
core   0: 3 0x800138b4 (0x00001f17) x30 0x800148b4
core   0: 0x800138b8 (0x743f2623) sw      gp, 1868(t5)
core   0: 3 0x800138b8 (0x743f2623) mem 0x80015000 0x00000001
core   0: 0x800138bc (0xff9ff06f) j       pc - 0x8
core   0: 3 0x800138bc (0xff9ff06f)
core   0: 0x800138b4 (0x00001f17) auipc   t5, 0x1
core   0: 3 0x800138b4 (0x00001f17) x30 0x800148b4
core   0: 0x800138b8 (0x743f2623) sw      gp, 1868(t5)
core   0: 3 0x800138b8 (0x743f2623) mem 0x80015000 0x00000001
core   0: 0x800138bc (0xff9ff06f) j       pc - 0x8
core   0: 3 0x800138bc (0xff9ff06f)
core   0: 0x800138b4 (0x00001f17) auipc   t5, 0x1
core   0: 3 0x800138b4 (0x00001f17) x30 0x800148b4
core   0: 0x800138b8 (0x743f2623) sw      gp, 1868(t5)
core   0: 3 0x800138b8 (0x743f2623) mem 0x80015000 0x00000001
core   0: 0x800138bc (0xff9ff06f) j       pc - 0x8
core   0: 3 0x800138bc (0xff9ff06f)
core   0: 0x800138b4 (0x00001f17) auipc   t5, 0x1
core   0: 3 0x800138b4 (0x00001f17) x30 0x800148b4
core   0: 0x800138b8 (0x743f2623) sw      gp, 1868(t5)
core   0: 3 0x800138b8 (0x743f2623) mem 0x80015000 0x00000001
core   0: 0x800138bc (0xff9ff06f) j       pc - 0x8
core   0: 3 0x800138bc (0xff9ff06f)
core   0: 0x800138b4 (0x00001f17) auipc   t5, 0x1
core   0: 3 0x800138b4 (0x00001f17) x30 0x800148b4
core   0: 0x800138b8 (0x743f2623) sw      gp, 1868(t5)
core   0: 3 0x800138b8 (0x743f2623) mem 0x80015000 0x00000001
core   0: 0x800138bc (0xff9ff06f) j       pc - 0x8
core   0: 3 0x800138bc (0xff9ff06f)
core   0: 0x800138b4 (0x00001f17) auipc   t5, 0x1
core   0: 3 0x800138b4 (0x00001f17) x30 0x800148b4
core   0: 0x800138b8 (0x743f2623) sw      gp, 1868(t5)
core   0: 3 0x800138b8 (0x743f2623) mem 0x80015000 0x00000001
core   0: 0x800138bc (0xff9ff06f) j       pc - 0x8
core   0: 3 0x800138bc (0xff9ff06f)
core   0: 0x800138b4 (0x00001f17) auipc   t5, 0x1
core   0: 3 0x800138b4 (0x00001f17) x30 0x800148b4
core   0: 0x800138b8 (0x743f2623) sw      gp, 1868(t5)
core   0: 3 0x800138b8 (0x743f2623) mem 0x80015000 0x00000001
core   0: 0x800138bc (0xff9ff06f) j       pc - 0x8
core   0: 3 0x800138bc (0xff9ff06f)
core   0: 0x800138b4 (0x00001f17) auipc   t5, 0x1
core   0: 3 0x800138b4 (0x00001f17) x30 0x800148b4
core   0: 0x800138b8 (0x743f2623) sw      gp, 1868(t5)
core   0: 3 0x800138b8 (0x743f2623) mem 0x80015000 0x00000001
core   0: 0x800138bc (0xff9ff06f) j       pc - 0x8
core   0: 3 0x800138bc (0xff9ff06f)
core   0: 0x800138b4 (0x00001f17) auipc   t5, 0x1
core   0: 3 0x800138b4 (0x00001f17) x30 0x800148b4
core   0: 0x800138b8 (0x743f2623) sw      gp, 1868(t5)
core   0: 3 0x800138b8 (0x743f2623) mem 0x80015000 0x00000001
core   0: 0x800138bc (0xff9ff06f) j       pc - 0x8
core   0: 3 0x800138bc (0xff9ff06f)
core   0: 0x800138b4 (0x00001f17) auipc   t5, 0x1
core   0: 3 0x800138b4 (0x00001f17) x30 0x800148b4
core   0: 0x800138b8 (0x743f2623) sw      gp, 1868(t5)
core   0: 3 0x800138b8 (0x743f2623) mem 0x80015000 0x00000001
core   0: 0x800138bc (0xff9ff06f) j       pc - 0x8
core   0: 3 0x800138bc (0xff9ff06f)
core   0: 0x800138b4 (0x00001f17) auipc   t5, 0x1
core   0: 3 0x800138b4 (0x00001f17) x30 0x800148b4
core   0: 0x800138b8 (0x743f2623) sw      gp, 1868(t5)
core   0: 3 0x800138b8 (0x743f2623) mem 0x80015000 0x00000001
core   0: 0x800138bc (0xff9ff06f) j       pc - 0x8
core   0: 3 0x800138bc (0xff9ff06f)
core   0: 0x800138b4 (0x00001f17) auipc   t5, 0x1
core   0: 3 0x800138b4 (0x00001f17) x30 0x800148b4
core   0: 0x800138b8 (0x743f2623) sw      gp, 1868(t5)
core   0: 3 0x800138b8 (0x743f2623) mem 0x80015000 0x00000001
core   0: 0x800138bc (0xff9ff06f) j       pc - 0x8
core   0: 3 0x800138bc (0xff9ff06f)
core   0: 0x800138b4 (0x00001f17) auipc   t5, 0x1
core   0: 3 0x800138b4 (0x00001f17) x30 0x800148b4
core   0: 0x800138b8 (0x743f2623) sw      gp, 1868(t5)
core   0: 3 0x800138b8 (0x743f2623) mem 0x80015000 0x00000001
core   0: 0x800138bc (0xff9ff06f) j       pc - 0x8
core   0: 3 0x800138bc (0xff9ff06f)
core   0: 0x800138b4 (0x00001f17) auipc   t5, 0x1
core   0: 3 0x800138b4 (0x00001f17) x30 0x800148b4
core   0: 0x800138b8 (0x743f2623) sw      gp, 1868(t5)
core   0: 3 0x800138b8 (0x743f2623) mem 0x80015000 0x00000001
core   0: 0x800138bc (0xff9ff06f) j       pc - 0x8
core   0: 3 0x800138bc (0xff9ff06f)
core   0: 0x800138b4 (0x00001f17) auipc   t5, 0x1
core   0: 3 0x800138b4 (0x00001f17) x30 0x800148b4
core   0: 0x800138b8 (0x743f2623) sw      gp, 1868(t5)
core   0: 3 0x800138b8 (0x743f2623) mem 0x80015000 0x00000001
core   0: 0x800138bc (0xff9ff06f) j       pc - 0x8
core   0: 3 0x800138bc (0xff9ff06f)
core   0: 0x800138b4 (0x00001f17) auipc   t5, 0x1
core   0: 3 0x800138b4 (0x00001f17) x30 0x800148b4
core   0: 0x800138b8 (0x743f2623) sw      gp, 1868(t5)
core   0: 3 0x800138b8 (0x743f2623) mem 0x80015000 0x00000001
core   0: 0x800138bc (0xff9ff06f) j       pc - 0x8
core   0: 3 0x800138bc (0xff9ff06f)
core   0: 0x800138b4 (0x00001f17) auipc   t5, 0x1
core   0: 3 0x800138b4 (0x00001f17) x30 0x800148b4
core   0: 0x800138b8 (0x743f2623) sw      gp, 1868(t5)
core   0: 3 0x800138b8 (0x743f2623) mem 0x80015000 0x00000001
core   0: 0x800138bc (0xff9ff06f) j       pc - 0x8
core   0: 3 0x800138bc (0xff9ff06f)
core   0: 0x800138b4 (0x00001f17) auipc   t5, 0x1
core   0: 3 0x800138b4 (0x00001f17) x30 0x800148b4
core   0: 0x800138b8 (0x743f2623) sw      gp, 1868(t5)
core   0: 3 0x800138b8 (0x743f2623) mem 0x80015000 0x00000001
core   0: 0x800138bc (0xff9ff06f) j       pc - 0x8
core   0: 3 0x800138bc (0xff9ff06f)
core   0: 0x800138b4 (0x00001f17) auipc   t5, 0x1
core   0: 3 0x800138b4 (0x00001f17) x30 0x800148b4
core   0: 0x800138b8 (0x743f2623) sw      gp, 1868(t5)
core   0: 3 0x800138b8 (0x743f2623) mem 0x80015000 0x00000001
core   0: 0x800138bc (0xff9ff06f) j       pc - 0x8
core   0: 3 0x800138bc (0xff9ff06f)
core   0: 0x800138b4 (0x00001f17) auipc   t5, 0x1
core   0: 3 0x800138b4 (0x00001f17) x30 0x800148b4
core   0: 0x800138b8 (0x743f2623) sw      gp, 1868(t5)
core   0: 3 0x800138b8 (0x743f2623) mem 0x80015000 0x00000001
core   0: 0x800138bc (0xff9ff06f) j       pc - 0x8
core   0: 3 0x800138bc (0xff9ff06f)
core   0: 0x800138b4 (0x00001f17) auipc   t5, 0x1
core   0: 3 0x800138b4 (0x00001f17) x30 0x800148b4
core   0: 0x800138b8 (0x743f2623) sw      gp, 1868(t5)
core   0: 3 0x800138b8 (0x743f2623) mem 0x80015000 0x00000001
core   0: 0x800138bc (0xff9ff06f) j       pc - 0x8
core   0: 3 0x800138bc (0xff9ff06f)
core   0: 0x800138b4 (0x00001f17) auipc   t5, 0x1
core   0: 3 0x800138b4 (0x00001f17) x30 0x800148b4
core   0: 0x800138b8 (0x743f2623) sw      gp, 1868(t5)
core   0: 3 0x800138b8 (0x743f2623) mem 0x80015000 0x00000001
core   0: 0x800138bc (0xff9ff06f) j       pc - 0x8
core   0: 3 0x800138bc (0xff9ff06f)
core   0: 0x800138b4 (0x00001f17) auipc   t5, 0x1
core   0: 3 0x800138b4 (0x00001f17) x30 0x800148b4
core   0: 0x800138b8 (0x743f2623) sw      gp, 1868(t5)
core   0: 3 0x800138b8 (0x743f2623) mem 0x80015000 0x00000001
core   0: 0x800138bc (0xff9ff06f) j       pc - 0x8
core   0: 3 0x800138bc (0xff9ff06f)
core   0: 0x800138b4 (0x00001f17) auipc   t5, 0x1
core   0: 3 0x800138b4 (0x00001f17) x30 0x800148b4
core   0: 0x800138b8 (0x743f2623) sw      gp, 1868(t5)
core   0: 3 0x800138b8 (0x743f2623) mem 0x80015000 0x00000001
core   0: 0x800138bc (0xff9ff06f) j       pc - 0x8
core   0: 3 0x800138bc (0xff9ff06f)
core   0: 0x800138b4 (0x00001f17) auipc   t5, 0x1
core   0: 3 0x800138b4 (0x00001f17) x30 0x800148b4
core   0: 0x800138b8 (0x743f2623) sw      gp, 1868(t5)
core   0: 3 0x800138b8 (0x743f2623) mem 0x80015000 0x00000001
core   0: 0x800138bc (0xff9ff06f) j       pc - 0x8
core   0: 3 0x800138bc (0xff9ff06f)
core   0: 0x800138b4 (0x00001f17) auipc   t5, 0x1
core   0: 3 0x800138b4 (0x00001f17) x30 0x800148b4
core   0: 0x800138b8 (0x743f2623) sw      gp, 1868(t5)
core   0: 3 0x800138b8 (0x743f2623) mem 0x80015000 0x00000001
core   0: 0x800138bc (0xff9ff06f) j       pc - 0x8
core   0: 3 0x800138bc (0xff9ff06f)
core   0: 0x800138b4 (0x00001f17) auipc   t5, 0x1
core   0: 3 0x800138b4 (0x00001f17) x30 0x800148b4
core   0: 0x800138b8 (0x743f2623) sw      gp, 1868(t5)
core   0: 3 0x800138b8 (0x743f2623) mem 0x80015000 0x00000001
core   0: 0x800138bc (0xff9ff06f) j       pc - 0x8
core   0: 3 0x800138bc (0xff9ff06f)
core   0: 0x800138b4 (0x00001f17) auipc   t5, 0x1
core   0: 3 0x800138b4 (0x00001f17) x30 0x800148b4
core   0: 0x800138b8 (0x743f2623) sw      gp, 1868(t5)
core   0: 3 0x800138b8 (0x743f2623) mem 0x80015000 0x00000001
core   0: 0x800138bc (0xff9ff06f) j       pc - 0x8
core   0: 3 0x800138bc (0xff9ff06f)
core   0: 0x800138b4 (0x00001f17) auipc   t5, 0x1
core   0: 3 0x800138b4 (0x00001f17) x30 0x800148b4
core   0: 0x800138b8 (0x743f2623) sw      gp, 1868(t5)
core   0: 3 0x800138b8 (0x743f2623) mem 0x80015000 0x00000001
core   0: 0x800138bc (0xff9ff06f) j       pc - 0x8
core   0: 3 0x800138bc (0xff9ff06f)
core   0: 0x800138b4 (0x00001f17) auipc   t5, 0x1
core   0: 3 0x800138b4 (0x00001f17) x30 0x800148b4
core   0: 0x800138b8 (0x743f2623) sw      gp, 1868(t5)
core   0: 3 0x800138b8 (0x743f2623) mem 0x80015000 0x00000001
core   0: 0x800138bc (0xff9ff06f) j       pc - 0x8
core   0: 3 0x800138bc (0xff9ff06f)
core   0: 0x800138b4 (0x00001f17) auipc   t5, 0x1
core   0: 3 0x800138b4 (0x00001f17) x30 0x800148b4
core   0: 0x800138b8 (0x743f2623) sw      gp, 1868(t5)
core   0: 3 0x800138b8 (0x743f2623) mem 0x80015000 0x00000001
core   0: 0x800138bc (0xff9ff06f) j       pc - 0x8
core   0: 3 0x800138bc (0xff9ff06f)
core   0: 0x800138b4 (0x00001f17) auipc   t5, 0x1
core   0: 3 0x800138b4 (0x00001f17) x30 0x800148b4
core   0: 0x800138b8 (0x743f2623) sw      gp, 1868(t5)
core   0: 3 0x800138b8 (0x743f2623) mem 0x80015000 0x00000001
core   0: 0x800138bc (0xff9ff06f) j       pc - 0x8
core   0: 3 0x800138bc (0xff9ff06f)
core   0: 0x800138b4 (0x00001f17) auipc   t5, 0x1
core   0: 3 0x800138b4 (0x00001f17) x30 0x800148b4
core   0: 0x800138b8 (0x743f2623) sw      gp, 1868(t5)
core   0: 3 0x800138b8 (0x743f2623) mem 0x80015000 0x00000001
core   0: 0x800138bc (0xff9ff06f) j       pc - 0x8
core   0: 3 0x800138bc (0xff9ff06f)
core   0: 0x800138b4 (0x00001f17) auipc   t5, 0x1
core   0: 3 0x800138b4 (0x00001f17) x30 0x800148b4
core   0: 0x800138b8 (0x743f2623) sw      gp, 1868(t5)
core   0: 3 0x800138b8 (0x743f2623) mem 0x80015000 0x00000001
core   0: 0x800138bc (0xff9ff06f) j       pc - 0x8
core   0: 3 0x800138bc (0xff9ff06f)
core   0: 0x800138b4 (0x00001f17) auipc   t5, 0x1
core   0: 3 0x800138b4 (0x00001f17) x30 0x800148b4
core   0: 0x800138b8 (0x743f2623) sw      gp, 1868(t5)
core   0: 3 0x800138b8 (0x743f2623) mem 0x80015000 0x00000001
core   0: 0x800138bc (0xff9ff06f) j       pc - 0x8
core   0: 3 0x800138bc (0xff9ff06f)
core   0: 0x800138b4 (0x00001f17) auipc   t5, 0x1
core   0: 3 0x800138b4 (0x00001f17) x30 0x800148b4
core   0: 0x800138b8 (0x743f2623) sw      gp, 1868(t5)
core   0: 3 0x800138b8 (0x743f2623) mem 0x80015000 0x00000001
core   0: 0x800138bc (0xff9ff06f) j       pc - 0x8
core   0: 3 0x800138bc (0xff9ff06f)
core   0: 0x800138b4 (0x00001f17) auipc   t5, 0x1
core   0: 3 0x800138b4 (0x00001f17) x30 0x800148b4
core   0: 0x800138b8 (0x743f2623) sw      gp, 1868(t5)
core   0: 3 0x800138b8 (0x743f2623) mem 0x80015000 0x00000001
core   0: 0x800138bc (0xff9ff06f) j       pc - 0x8
core   0: 3 0x800138bc (0xff9ff06f)
core   0: 0x800138b4 (0x00001f17) auipc   t5, 0x1
core   0: 3 0x800138b4 (0x00001f17) x30 0x800148b4
core   0: 0x800138b8 (0x743f2623) sw      gp, 1868(t5)
core   0: 3 0x800138b8 (0x743f2623) mem 0x80015000 0x00000001
core   0: 0x800138bc (0xff9ff06f) j       pc - 0x8
core   0: 3 0x800138bc (0xff9ff06f)
core   0: 0x800138b4 (0x00001f17) auipc   t5, 0x1
core   0: 3 0x800138b4 (0x00001f17) x30 0x800148b4
core   0: 0x800138b8 (0x743f2623) sw      gp, 1868(t5)
core   0: 3 0x800138b8 (0x743f2623) mem 0x80015000 0x00000001
core   0: 0x800138bc (0xff9ff06f) j       pc - 0x8
core   0: 3 0x800138bc (0xff9ff06f)
core   0: 0x800138b4 (0x00001f17) auipc   t5, 0x1
core   0: 3 0x800138b4 (0x00001f17) x30 0x800148b4
core   0: 0x800138b8 (0x743f2623) sw      gp, 1868(t5)
core   0: 3 0x800138b8 (0x743f2623) mem 0x80015000 0x00000001
core   0: 0x800138bc (0xff9ff06f) j       pc - 0x8
core   0: 3 0x800138bc (0xff9ff06f)
core   0: 0x800138b4 (0x00001f17) auipc   t5, 0x1
core   0: 3 0x800138b4 (0x00001f17) x30 0x800148b4
core   0: 0x800138b8 (0x743f2623) sw      gp, 1868(t5)
core   0: 3 0x800138b8 (0x743f2623) mem 0x80015000 0x00000001
core   0: 0x800138bc (0xff9ff06f) j       pc - 0x8
core   0: 3 0x800138bc (0xff9ff06f)
core   0: 0x800138b4 (0x00001f17) auipc   t5, 0x1
core   0: 3 0x800138b4 (0x00001f17) x30 0x800148b4
core   0: 0x800138b8 (0x743f2623) sw      gp, 1868(t5)
core   0: 3 0x800138b8 (0x743f2623) mem 0x80015000 0x00000001
core   0: 0x800138bc (0xff9ff06f) j       pc - 0x8
core   0: 3 0x800138bc (0xff9ff06f)
core   0: 0x800138b4 (0x00001f17) auipc   t5, 0x1
core   0: 3 0x800138b4 (0x00001f17) x30 0x800148b4
core   0: 0x800138b8 (0x743f2623) sw      gp, 1868(t5)
core   0: 3 0x800138b8 (0x743f2623) mem 0x80015000 0x00000001
core   0: 0x800138bc (0xff9ff06f) j       pc - 0x8
core   0: 3 0x800138bc (0xff9ff06f)
core   0: 0x800138b4 (0x00001f17) auipc   t5, 0x1
core   0: 3 0x800138b4 (0x00001f17) x30 0x800148b4
core   0: 0x800138b8 (0x743f2623) sw      gp, 1868(t5)
core   0: 3 0x800138b8 (0x743f2623) mem 0x80015000 0x00000001
core   0: 0x800138bc (0xff9ff06f) j       pc - 0x8
core   0: 3 0x800138bc (0xff9ff06f)
core   0: 0x800138b4 (0x00001f17) auipc   t5, 0x1
core   0: 3 0x800138b4 (0x00001f17) x30 0x800148b4
core   0: 0x800138b8 (0x743f2623) sw      gp, 1868(t5)
core   0: 3 0x800138b8 (0x743f2623) mem 0x80015000 0x00000001
core   0: 0x800138bc (0xff9ff06f) j       pc - 0x8
core   0: 3 0x800138bc (0xff9ff06f)
core   0: 0x800138b4 (0x00001f17) auipc   t5, 0x1
core   0: 3 0x800138b4 (0x00001f17) x30 0x800148b4
core   0: 0x800138b8 (0x743f2623) sw      gp, 1868(t5)
core   0: 3 0x800138b8 (0x743f2623) mem 0x80015000 0x00000001
core   0: 0x800138bc (0xff9ff06f) j       pc - 0x8
core   0: 3 0x800138bc (0xff9ff06f)
core   0: 0x800138b4 (0x00001f17) auipc   t5, 0x1
core   0: 3 0x800138b4 (0x00001f17) x30 0x800148b4
core   0: 0x800138b8 (0x743f2623) sw      gp, 1868(t5)
core   0: 3 0x800138b8 (0x743f2623) mem 0x80015000 0x00000001
core   0: 0x800138bc (0xff9ff06f) j       pc - 0x8
core   0: 3 0x800138bc (0xff9ff06f)
core   0: 0x800138b4 (0x00001f17) auipc   t5, 0x1
core   0: 3 0x800138b4 (0x00001f17) x30 0x800148b4
core   0: 0x800138b8 (0x743f2623) sw      gp, 1868(t5)
core   0: 3 0x800138b8 (0x743f2623) mem 0x80015000 0x00000001
core   0: 0x800138bc (0xff9ff06f) j       pc - 0x8
core   0: 3 0x800138bc (0xff9ff06f)
core   0: 0x800138b4 (0x00001f17) auipc   t5, 0x1
core   0: 3 0x800138b4 (0x00001f17) x30 0x800148b4
core   0: 0x800138b8 (0x743f2623) sw      gp, 1868(t5)
core   0: 3 0x800138b8 (0x743f2623) mem 0x80015000 0x00000001
core   0: 0x800138bc (0xff9ff06f) j       pc - 0x8
core   0: 3 0x800138bc (0xff9ff06f)
core   0: 0x800138b4 (0x00001f17) auipc   t5, 0x1
core   0: 3 0x800138b4 (0x00001f17) x30 0x800148b4
core   0: 0x800138b8 (0x743f2623) sw      gp, 1868(t5)
core   0: 3 0x800138b8 (0x743f2623) mem 0x80015000 0x00000001
core   0: 0x800138bc (0xff9ff06f) j       pc - 0x8
core   0: 3 0x800138bc (0xff9ff06f)
core   0: 0x800138b4 (0x00001f17) auipc   t5, 0x1
core   0: 3 0x800138b4 (0x00001f17) x30 0x800148b4
core   0: 0x800138b8 (0x743f2623) sw      gp, 1868(t5)
core   0: 3 0x800138b8 (0x743f2623) mem 0x80015000 0x00000001
core   0: 0x800138bc (0xff9ff06f) j       pc - 0x8
core   0: 3 0x800138bc (0xff9ff06f)
core   0: 0x800138b4 (0x00001f17) auipc   t5, 0x1
core   0: 3 0x800138b4 (0x00001f17) x30 0x800148b4
core   0: 0x800138b8 (0x743f2623) sw      gp, 1868(t5)
core   0: 3 0x800138b8 (0x743f2623) mem 0x80015000 0x00000001
core   0: 0x800138bc (0xff9ff06f) j       pc - 0x8
core   0: 3 0x800138bc (0xff9ff06f)
core   0: 0x800138b4 (0x00001f17) auipc   t5, 0x1
core   0: 3 0x800138b4 (0x00001f17) x30 0x800148b4
core   0: 0x800138b8 (0x743f2623) sw      gp, 1868(t5)
core   0: 3 0x800138b8 (0x743f2623) mem 0x80015000 0x00000001
core   0: 0x800138bc (0xff9ff06f) j       pc - 0x8
core   0: 3 0x800138bc (0xff9ff06f)
core   0: 0x800138b4 (0x00001f17) auipc   t5, 0x1
core   0: 3 0x800138b4 (0x00001f17) x30 0x800148b4
core   0: 0x800138b8 (0x743f2623) sw      gp, 1868(t5)
core   0: 3 0x800138b8 (0x743f2623) mem 0x80015000 0x00000001
core   0: 0x800138bc (0xff9ff06f) j       pc - 0x8
core   0: 3 0x800138bc (0xff9ff06f)
core   0: 0x800138b4 (0x00001f17) auipc   t5, 0x1
core   0: 3 0x800138b4 (0x00001f17) x30 0x800148b4
core   0: 0x800138b8 (0x743f2623) sw      gp, 1868(t5)
core   0: 3 0x800138b8 (0x743f2623) mem 0x80015000 0x00000001
core   0: 0x800138bc (0xff9ff06f) j       pc - 0x8
core   0: 3 0x800138bc (0xff9ff06f)
core   0: 0x800138b4 (0x00001f17) auipc   t5, 0x1
core   0: 3 0x800138b4 (0x00001f17) x30 0x800148b4
core   0: 0x800138b8 (0x743f2623) sw      gp, 1868(t5)
core   0: 3 0x800138b8 (0x743f2623) mem 0x80015000 0x00000001
core   0: 0x800138bc (0xff9ff06f) j       pc - 0x8
core   0: 3 0x800138bc (0xff9ff06f)
core   0: 0x800138b4 (0x00001f17) auipc   t5, 0x1
core   0: 3 0x800138b4 (0x00001f17) x30 0x800148b4
core   0: 0x800138b8 (0x743f2623) sw      gp, 1868(t5)
core   0: 3 0x800138b8 (0x743f2623) mem 0x80015000 0x00000001
core   0: 0x800138bc (0xff9ff06f) j       pc - 0x8
core   0: 3 0x800138bc (0xff9ff06f)
core   0: 0x800138b4 (0x00001f17) auipc   t5, 0x1
core   0: 3 0x800138b4 (0x00001f17) x30 0x800148b4
core   0: 0x800138b8 (0x743f2623) sw      gp, 1868(t5)
core   0: 3 0x800138b8 (0x743f2623) mem 0x80015000 0x00000001
core   0: 0x800138bc (0xff9ff06f) j       pc - 0x8
core   0: 3 0x800138bc (0xff9ff06f)
core   0: 0x800138b4 (0x00001f17) auipc   t5, 0x1
core   0: 3 0x800138b4 (0x00001f17) x30 0x800148b4
core   0: 0x800138b8 (0x743f2623) sw      gp, 1868(t5)
core   0: 3 0x800138b8 (0x743f2623) mem 0x80015000 0x00000001
core   0: 0x800138bc (0xff9ff06f) j       pc - 0x8
core   0: 3 0x800138bc (0xff9ff06f)
core   0: 0x800138b4 (0x00001f17) auipc   t5, 0x1
core   0: 3 0x800138b4 (0x00001f17) x30 0x800148b4
core   0: 0x800138b8 (0x743f2623) sw      gp, 1868(t5)
core   0: 3 0x800138b8 (0x743f2623) mem 0x80015000 0x00000001
core   0: 0x800138bc (0xff9ff06f) j       pc - 0x8
core   0: 3 0x800138bc (0xff9ff06f)
core   0: 0x800138b4 (0x00001f17) auipc   t5, 0x1
core   0: 3 0x800138b4 (0x00001f17) x30 0x800148b4
core   0: 0x800138b8 (0x743f2623) sw      gp, 1868(t5)
core   0: 3 0x800138b8 (0x743f2623) mem 0x80015000 0x00000001
core   0: 0x800138bc (0xff9ff06f) j       pc - 0x8
core   0: 3 0x800138bc (0xff9ff06f)
core   0: 0x800138b4 (0x00001f17) auipc   t5, 0x1
core   0: 3 0x800138b4 (0x00001f17) x30 0x800148b4
core   0: 0x800138b8 (0x743f2623) sw      gp, 1868(t5)
core   0: 3 0x800138b8 (0x743f2623) mem 0x80015000 0x00000001
core   0: 0x800138bc (0xff9ff06f) j       pc - 0x8
core   0: 3 0x800138bc (0xff9ff06f)
core   0: 0x800138b4 (0x00001f17) auipc   t5, 0x1
core   0: 3 0x800138b4 (0x00001f17) x30 0x800148b4
core   0: 0x800138b8 (0x743f2623) sw      gp, 1868(t5)
core   0: 3 0x800138b8 (0x743f2623) mem 0x80015000 0x00000001
core   0: 0x800138bc (0xff9ff06f) j       pc - 0x8
core   0: 3 0x800138bc (0xff9ff06f)
core   0: 0x800138b4 (0x00001f17) auipc   t5, 0x1
core   0: 3 0x800138b4 (0x00001f17) x30 0x800148b4
core   0: 0x800138b8 (0x743f2623) sw      gp, 1868(t5)
core   0: 3 0x800138b8 (0x743f2623) mem 0x80015000 0x00000001
core   0: 0x800138bc (0xff9ff06f) j       pc - 0x8
core   0: 3 0x800138bc (0xff9ff06f)
core   0: 0x800138b4 (0x00001f17) auipc   t5, 0x1
core   0: 3 0x800138b4 (0x00001f17) x30 0x800148b4
core   0: 0x800138b8 (0x743f2623) sw      gp, 1868(t5)
core   0: 3 0x800138b8 (0x743f2623) mem 0x80015000 0x00000001
core   0: 0x800138bc (0xff9ff06f) j       pc - 0x8
core   0: 3 0x800138bc (0xff9ff06f)
core   0: 0x800138b4 (0x00001f17) auipc   t5, 0x1
core   0: 3 0x800138b4 (0x00001f17) x30 0x800148b4
core   0: 0x800138b8 (0x743f2623) sw      gp, 1868(t5)
core   0: 3 0x800138b8 (0x743f2623) mem 0x80015000 0x00000001
core   0: 0x800138bc (0xff9ff06f) j       pc - 0x8
core   0: 3 0x800138bc (0xff9ff06f)
core   0: 0x800138b4 (0x00001f17) auipc   t5, 0x1
core   0: 3 0x800138b4 (0x00001f17) x30 0x800148b4
core   0: 0x800138b8 (0x743f2623) sw      gp, 1868(t5)
core   0: 3 0x800138b8 (0x743f2623) mem 0x80015000 0x00000001
core   0: 0x800138bc (0xff9ff06f) j       pc - 0x8
core   0: 3 0x800138bc (0xff9ff06f)
core   0: 0x800138b4 (0x00001f17) auipc   t5, 0x1
core   0: 3 0x800138b4 (0x00001f17) x30 0x800148b4
core   0: 0x800138b8 (0x743f2623) sw      gp, 1868(t5)
core   0: 3 0x800138b8 (0x743f2623) mem 0x80015000 0x00000001
core   0: 0x800138bc (0xff9ff06f) j       pc - 0x8
core   0: 3 0x800138bc (0xff9ff06f)
core   0: 0x800138b4 (0x00001f17) auipc   t5, 0x1
core   0: 3 0x800138b4 (0x00001f17) x30 0x800148b4
core   0: 0x800138b8 (0x743f2623) sw      gp, 1868(t5)
core   0: 3 0x800138b8 (0x743f2623) mem 0x80015000 0x00000001
core   0: 0x800138bc (0xff9ff06f) j       pc - 0x8
core   0: 3 0x800138bc (0xff9ff06f)
core   0: 0x800138b4 (0x00001f17) auipc   t5, 0x1
core   0: 3 0x800138b4 (0x00001f17) x30 0x800148b4
core   0: 0x800138b8 (0x743f2623) sw      gp, 1868(t5)
core   0: 3 0x800138b8 (0x743f2623) mem 0x80015000 0x00000001
core   0: 0x800138bc (0xff9ff06f) j       pc - 0x8
core   0: 3 0x800138bc (0xff9ff06f)
core   0: 0x800138b4 (0x00001f17) auipc   t5, 0x1
core   0: 3 0x800138b4 (0x00001f17) x30 0x800148b4
core   0: 0x800138b8 (0x743f2623) sw      gp, 1868(t5)
core   0: 3 0x800138b8 (0x743f2623) mem 0x80015000 0x00000001
core   0: 0x800138bc (0xff9ff06f) j       pc - 0x8
core   0: 3 0x800138bc (0xff9ff06f)
core   0: 0x800138b4 (0x00001f17) auipc   t5, 0x1
core   0: 3 0x800138b4 (0x00001f17) x30 0x800148b4
core   0: 0x800138b8 (0x743f2623) sw      gp, 1868(t5)
core   0: 3 0x800138b8 (0x743f2623) mem 0x80015000 0x00000001
core   0: 0x800138bc (0xff9ff06f) j       pc - 0x8
core   0: 3 0x800138bc (0xff9ff06f)
core   0: 0x800138b4 (0x00001f17) auipc   t5, 0x1
core   0: 3 0x800138b4 (0x00001f17) x30 0x800148b4
core   0: 0x800138b8 (0x743f2623) sw      gp, 1868(t5)
core   0: 3 0x800138b8 (0x743f2623) mem 0x80015000 0x00000001
core   0: 0x800138bc (0xff9ff06f) j       pc - 0x8
core   0: 3 0x800138bc (0xff9ff06f)
core   0: 0x800138b4 (0x00001f17) auipc   t5, 0x1
core   0: 3 0x800138b4 (0x00001f17) x30 0x800148b4
core   0: 0x800138b8 (0x743f2623) sw      gp, 1868(t5)
core   0: 3 0x800138b8 (0x743f2623) mem 0x80015000 0x00000001
core   0: 0x800138bc (0xff9ff06f) j       pc - 0x8
core   0: 3 0x800138bc (0xff9ff06f)
core   0: 0x800138b4 (0x00001f17) auipc   t5, 0x1
core   0: 3 0x800138b4 (0x00001f17) x30 0x800148b4
core   0: 0x800138b8 (0x743f2623) sw      gp, 1868(t5)
core   0: 3 0x800138b8 (0x743f2623) mem 0x80015000 0x00000001
core   0: 0x800138bc (0xff9ff06f) j       pc - 0x8
core   0: 3 0x800138bc (0xff9ff06f)
core   0: 0x800138b4 (0x00001f17) auipc   t5, 0x1
core   0: 3 0x800138b4 (0x00001f17) x30 0x800148b4
core   0: 0x800138b8 (0x743f2623) sw      gp, 1868(t5)
core   0: 3 0x800138b8 (0x743f2623) mem 0x80015000 0x00000001
core   0: 0x800138bc (0xff9ff06f) j       pc - 0x8
core   0: 3 0x800138bc (0xff9ff06f)
core   0: 0x800138b4 (0x00001f17) auipc   t5, 0x1
core   0: 3 0x800138b4 (0x00001f17) x30 0x800148b4
core   0: 0x800138b8 (0x743f2623) sw      gp, 1868(t5)
core   0: 3 0x800138b8 (0x743f2623) mem 0x80015000 0x00000001
core   0: 0x800138bc (0xff9ff06f) j       pc - 0x8
core   0: 3 0x800138bc (0xff9ff06f)
core   0: 0x800138b4 (0x00001f17) auipc   t5, 0x1
core   0: 3 0x800138b4 (0x00001f17) x30 0x800148b4
core   0: 0x800138b8 (0x743f2623) sw      gp, 1868(t5)
core   0: 3 0x800138b8 (0x743f2623) mem 0x80015000 0x00000001
core   0: 0x800138bc (0xff9ff06f) j       pc - 0x8
core   0: 3 0x800138bc (0xff9ff06f)
core   0: 0x800138b4 (0x00001f17) auipc   t5, 0x1
core   0: 3 0x800138b4 (0x00001f17) x30 0x800148b4
core   0: 0x800138b8 (0x743f2623) sw      gp, 1868(t5)
core   0: 3 0x800138b8 (0x743f2623) mem 0x80015000 0x00000001
core   0: 0x800138bc (0xff9ff06f) j       pc - 0x8
core   0: 3 0x800138bc (0xff9ff06f)
core   0: 0x800138b4 (0x00001f17) auipc   t5, 0x1
core   0: 3 0x800138b4 (0x00001f17) x30 0x800148b4
core   0: 0x800138b8 (0x743f2623) sw      gp, 1868(t5)
core   0: 3 0x800138b8 (0x743f2623) mem 0x80015000 0x00000001
core   0: 0x800138bc (0xff9ff06f) j       pc - 0x8
core   0: 3 0x800138bc (0xff9ff06f)
core   0: 0x800138b4 (0x00001f17) auipc   t5, 0x1
core   0: 3 0x800138b4 (0x00001f17) x30 0x800148b4
core   0: 0x800138b8 (0x743f2623) sw      gp, 1868(t5)
core   0: 3 0x800138b8 (0x743f2623) mem 0x80015000 0x00000001
core   0: 0x800138bc (0xff9ff06f) j       pc - 0x8
core   0: 3 0x800138bc (0xff9ff06f)
core   0: 0x800138b4 (0x00001f17) auipc   t5, 0x1
core   0: 3 0x800138b4 (0x00001f17) x30 0x800148b4
core   0: 0x800138b8 (0x743f2623) sw      gp, 1868(t5)
core   0: 3 0x800138b8 (0x743f2623) mem 0x80015000 0x00000001
core   0: 0x800138bc (0xff9ff06f) j       pc - 0x8
core   0: 3 0x800138bc (0xff9ff06f)
core   0: 0x800138b4 (0x00001f17) auipc   t5, 0x1
core   0: 3 0x800138b4 (0x00001f17) x30 0x800148b4
core   0: 0x800138b8 (0x743f2623) sw      gp, 1868(t5)
core   0: 3 0x800138b8 (0x743f2623) mem 0x80015000 0x00000001
core   0: 0x800138bc (0xff9ff06f) j       pc - 0x8
core   0: 3 0x800138bc (0xff9ff06f)
core   0: 0x800138b4 (0x00001f17) auipc   t5, 0x1
core   0: 3 0x800138b4 (0x00001f17) x30 0x800148b4
core   0: 0x800138b8 (0x743f2623) sw      gp, 1868(t5)
core   0: 3 0x800138b8 (0x743f2623) mem 0x80015000 0x00000001
core   0: 0x800138bc (0xff9ff06f) j       pc - 0x8
core   0: 3 0x800138bc (0xff9ff06f)
core   0: 0x800138b4 (0x00001f17) auipc   t5, 0x1
core   0: 3 0x800138b4 (0x00001f17) x30 0x800148b4
core   0: 0x800138b8 (0x743f2623) sw      gp, 1868(t5)
core   0: 3 0x800138b8 (0x743f2623) mem 0x80015000 0x00000001
core   0: 0x800138bc (0xff9ff06f) j       pc - 0x8
core   0: 3 0x800138bc (0xff9ff06f)
core   0: 0x800138b4 (0x00001f17) auipc   t5, 0x1
core   0: 3 0x800138b4 (0x00001f17) x30 0x800148b4
core   0: 0x800138b8 (0x743f2623) sw      gp, 1868(t5)
core   0: 3 0x800138b8 (0x743f2623) mem 0x80015000 0x00000001
core   0: 0x800138bc (0xff9ff06f) j       pc - 0x8
core   0: 3 0x800138bc (0xff9ff06f)
core   0: 0x800138b4 (0x00001f17) auipc   t5, 0x1
core   0: 3 0x800138b4 (0x00001f17) x30 0x800148b4
core   0: 0x800138b8 (0x743f2623) sw      gp, 1868(t5)
core   0: 3 0x800138b8 (0x743f2623) mem 0x80015000 0x00000001
core   0: 0x800138bc (0xff9ff06f) j       pc - 0x8
core   0: 3 0x800138bc (0xff9ff06f)
core   0: 0x800138b4 (0x00001f17) auipc   t5, 0x1
core   0: 3 0x800138b4 (0x00001f17) x30 0x800148b4
core   0: 0x800138b8 (0x743f2623) sw      gp, 1868(t5)
core   0: 3 0x800138b8 (0x743f2623) mem 0x80015000 0x00000001
core   0: 0x800138bc (0xff9ff06f) j       pc - 0x8
core   0: 3 0x800138bc (0xff9ff06f)
core   0: 0x800138b4 (0x00001f17) auipc   t5, 0x1
core   0: 3 0x800138b4 (0x00001f17) x30 0x800148b4
core   0: 0x800138b8 (0x743f2623) sw      gp, 1868(t5)
core   0: 3 0x800138b8 (0x743f2623) mem 0x80015000 0x00000001
core   0: 0x800138bc (0xff9ff06f) j       pc - 0x8
core   0: 3 0x800138bc (0xff9ff06f)
core   0: 0x800138b4 (0x00001f17) auipc   t5, 0x1
core   0: 3 0x800138b4 (0x00001f17) x30 0x800148b4
core   0: 0x800138b8 (0x743f2623) sw      gp, 1868(t5)
core   0: 3 0x800138b8 (0x743f2623) mem 0x80015000 0x00000001
core   0: 0x800138bc (0xff9ff06f) j       pc - 0x8
core   0: 3 0x800138bc (0xff9ff06f)
core   0: 0x800138b4 (0x00001f17) auipc   t5, 0x1
core   0: 3 0x800138b4 (0x00001f17) x30 0x800148b4
core   0: 0x800138b8 (0x743f2623) sw      gp, 1868(t5)
core   0: 3 0x800138b8 (0x743f2623) mem 0x80015000 0x00000001
core   0: 0x800138bc (0xff9ff06f) j       pc - 0x8
core   0: 3 0x800138bc (0xff9ff06f)
core   0: 0x800138b4 (0x00001f17) auipc   t5, 0x1
core   0: 3 0x800138b4 (0x00001f17) x30 0x800148b4
core   0: 0x800138b8 (0x743f2623) sw      gp, 1868(t5)
core   0: 3 0x800138b8 (0x743f2623) mem 0x80015000 0x00000001
core   0: 0x800138bc (0xff9ff06f) j       pc - 0x8
core   0: 3 0x800138bc (0xff9ff06f)
core   0: 0x800138b4 (0x00001f17) auipc   t5, 0x1
core   0: 3 0x800138b4 (0x00001f17) x30 0x800148b4
core   0: 0x800138b8 (0x743f2623) sw      gp, 1868(t5)
core   0: 3 0x800138b8 (0x743f2623) mem 0x80015000 0x00000001
core   0: 0x800138bc (0xff9ff06f) j       pc - 0x8
core   0: 3 0x800138bc (0xff9ff06f)
core   0: 0x800138b4 (0x00001f17) auipc   t5, 0x1
core   0: 3 0x800138b4 (0x00001f17) x30 0x800148b4
core   0: 0x800138b8 (0x743f2623) sw      gp, 1868(t5)
core   0: 3 0x800138b8 (0x743f2623) mem 0x80015000 0x00000001
core   0: 0x800138bc (0xff9ff06f) j       pc - 0x8
core   0: 3 0x800138bc (0xff9ff06f)
core   0: 0x800138b4 (0x00001f17) auipc   t5, 0x1
core   0: 3 0x800138b4 (0x00001f17) x30 0x800148b4
core   0: 0x800138b8 (0x743f2623) sw      gp, 1868(t5)
core   0: 3 0x800138b8 (0x743f2623) mem 0x80015000 0x00000001
core   0: 0x800138bc (0xff9ff06f) j       pc - 0x8
core   0: 3 0x800138bc (0xff9ff06f)
core   0: 0x800138b4 (0x00001f17) auipc   t5, 0x1
core   0: 3 0x800138b4 (0x00001f17) x30 0x800148b4
core   0: 0x800138b8 (0x743f2623) sw      gp, 1868(t5)
core   0: 3 0x800138b8 (0x743f2623) mem 0x80015000 0x00000001
core   0: 0x800138bc (0xff9ff06f) j       pc - 0x8
core   0: 3 0x800138bc (0xff9ff06f)
core   0: 0x800138b4 (0x00001f17) auipc   t5, 0x1
core   0: 3 0x800138b4 (0x00001f17) x30 0x800148b4
core   0: 0x800138b8 (0x743f2623) sw      gp, 1868(t5)
core   0: 3 0x800138b8 (0x743f2623) mem 0x80015000 0x00000001
core   0: 0x800138bc (0xff9ff06f) j       pc - 0x8
core   0: 3 0x800138bc (0xff9ff06f)
core   0: 0x800138b4 (0x00001f17) auipc   t5, 0x1
core   0: 3 0x800138b4 (0x00001f17) x30 0x800148b4
core   0: 0x800138b8 (0x743f2623) sw      gp, 1868(t5)
core   0: 3 0x800138b8 (0x743f2623) mem 0x80015000 0x00000001
core   0: 0x800138bc (0xff9ff06f) j       pc - 0x8
core   0: 3 0x800138bc (0xff9ff06f)
core   0: 0x800138b4 (0x00001f17) auipc   t5, 0x1
core   0: 3 0x800138b4 (0x00001f17) x30 0x800148b4
core   0: 0x800138b8 (0x743f2623) sw      gp, 1868(t5)
core   0: 3 0x800138b8 (0x743f2623) mem 0x80015000 0x00000001
core   0: 0x800138bc (0xff9ff06f) j       pc - 0x8
core   0: 3 0x800138bc (0xff9ff06f)
core   0: 0x800138b4 (0x00001f17) auipc   t5, 0x1
core   0: 3 0x800138b4 (0x00001f17) x30 0x800148b4
core   0: 0x800138b8 (0x743f2623) sw      gp, 1868(t5)
core   0: 3 0x800138b8 (0x743f2623) mem 0x80015000 0x00000001
core   0: 0x800138bc (0xff9ff06f) j       pc - 0x8
core   0: 3 0x800138bc (0xff9ff06f)
core   0: 0x800138b4 (0x00001f17) auipc   t5, 0x1
core   0: 3 0x800138b4 (0x00001f17) x30 0x800148b4
core   0: 0x800138b8 (0x743f2623) sw      gp, 1868(t5)
core   0: 3 0x800138b8 (0x743f2623) mem 0x80015000 0x00000001
core   0: 0x800138bc (0xff9ff06f) j       pc - 0x8
core   0: 3 0x800138bc (0xff9ff06f)
core   0: 0x800138b4 (0x00001f17) auipc   t5, 0x1
core   0: 3 0x800138b4 (0x00001f17) x30 0x800148b4
core   0: 0x800138b8 (0x743f2623) sw      gp, 1868(t5)
core   0: 3 0x800138b8 (0x743f2623) mem 0x80015000 0x00000001
core   0: 0x800138bc (0xff9ff06f) j       pc - 0x8
core   0: 3 0x800138bc (0xff9ff06f)
core   0: 0x800138b4 (0x00001f17) auipc   t5, 0x1
core   0: 3 0x800138b4 (0x00001f17) x30 0x800148b4
core   0: 0x800138b8 (0x743f2623) sw      gp, 1868(t5)
core   0: 3 0x800138b8 (0x743f2623) mem 0x80015000 0x00000001
core   0: 0x800138bc (0xff9ff06f) j       pc - 0x8
core   0: 3 0x800138bc (0xff9ff06f)
core   0: 0x800138b4 (0x00001f17) auipc   t5, 0x1
core   0: 3 0x800138b4 (0x00001f17) x30 0x800148b4
core   0: 0x800138b8 (0x743f2623) sw      gp, 1868(t5)
core   0: 3 0x800138b8 (0x743f2623) mem 0x80015000 0x00000001
core   0: 0x800138bc (0xff9ff06f) j       pc - 0x8
core   0: 3 0x800138bc (0xff9ff06f)
core   0: 0x800138b4 (0x00001f17) auipc   t5, 0x1
core   0: 3 0x800138b4 (0x00001f17) x30 0x800148b4
core   0: 0x800138b8 (0x743f2623) sw      gp, 1868(t5)
core   0: 3 0x800138b8 (0x743f2623) mem 0x80015000 0x00000001
core   0: 0x800138bc (0xff9ff06f) j       pc - 0x8
core   0: 3 0x800138bc (0xff9ff06f)
core   0: 0x800138b4 (0x00001f17) auipc   t5, 0x1
core   0: 3 0x800138b4 (0x00001f17) x30 0x800148b4
core   0: 0x800138b8 (0x743f2623) sw      gp, 1868(t5)
core   0: 3 0x800138b8 (0x743f2623) mem 0x80015000 0x00000001
core   0: 0x800138bc (0xff9ff06f) j       pc - 0x8
core   0: 3 0x800138bc (0xff9ff06f)
core   0: 0x800138b4 (0x00001f17) auipc   t5, 0x1
core   0: 3 0x800138b4 (0x00001f17) x30 0x800148b4
core   0: 0x800138b8 (0x743f2623) sw      gp, 1868(t5)
core   0: 3 0x800138b8 (0x743f2623) mem 0x80015000 0x00000001
core   0: 0x800138bc (0xff9ff06f) j       pc - 0x8
core   0: 3 0x800138bc (0xff9ff06f)
core   0: 0x800138b4 (0x00001f17) auipc   t5, 0x1
core   0: 3 0x800138b4 (0x00001f17) x30 0x800148b4
core   0: 0x800138b8 (0x743f2623) sw      gp, 1868(t5)
core   0: 3 0x800138b8 (0x743f2623) mem 0x80015000 0x00000001
core   0: 0x800138bc (0xff9ff06f) j       pc - 0x8
core   0: 3 0x800138bc (0xff9ff06f)
core   0: 0x800138b4 (0x00001f17) auipc   t5, 0x1
core   0: 3 0x800138b4 (0x00001f17) x30 0x800148b4
core   0: 0x800138b8 (0x743f2623) sw      gp, 1868(t5)
core   0: 3 0x800138b8 (0x743f2623) mem 0x80015000 0x00000001
core   0: 0x800138bc (0xff9ff06f) j       pc - 0x8
core   0: 3 0x800138bc (0xff9ff06f)
core   0: 0x800138b4 (0x00001f17) auipc   t5, 0x1
core   0: 3 0x800138b4 (0x00001f17) x30 0x800148b4
core   0: 0x800138b8 (0x743f2623) sw      gp, 1868(t5)
core   0: 3 0x800138b8 (0x743f2623) mem 0x80015000 0x00000001
core   0: 0x800138bc (0xff9ff06f) j       pc - 0x8
core   0: 3 0x800138bc (0xff9ff06f)
core   0: 0x800138b4 (0x00001f17) auipc   t5, 0x1
core   0: 3 0x800138b4 (0x00001f17) x30 0x800148b4
core   0: 0x800138b8 (0x743f2623) sw      gp, 1868(t5)
core   0: 3 0x800138b8 (0x743f2623) mem 0x80015000 0x00000001
core   0: 0x800138bc (0xff9ff06f) j       pc - 0x8
core   0: 3 0x800138bc (0xff9ff06f)
core   0: 0x800138b4 (0x00001f17) auipc   t5, 0x1
core   0: 3 0x800138b4 (0x00001f17) x30 0x800148b4
core   0: 0x800138b8 (0x743f2623) sw      gp, 1868(t5)
core   0: 3 0x800138b8 (0x743f2623) mem 0x80015000 0x00000001
core   0: 0x800138bc (0xff9ff06f) j       pc - 0x8
core   0: 3 0x800138bc (0xff9ff06f)
core   0: 0x800138b4 (0x00001f17) auipc   t5, 0x1
core   0: 3 0x800138b4 (0x00001f17) x30 0x800148b4
core   0: 0x800138b8 (0x743f2623) sw      gp, 1868(t5)
core   0: 3 0x800138b8 (0x743f2623) mem 0x80015000 0x00000001
core   0: 0x800138bc (0xff9ff06f) j       pc - 0x8
core   0: 3 0x800138bc (0xff9ff06f)
core   0: 0x800138b4 (0x00001f17) auipc   t5, 0x1
core   0: 3 0x800138b4 (0x00001f17) x30 0x800148b4
core   0: 0x800138b8 (0x743f2623) sw      gp, 1868(t5)
core   0: 3 0x800138b8 (0x743f2623) mem 0x80015000 0x00000001
core   0: 0x800138bc (0xff9ff06f) j       pc - 0x8
core   0: 3 0x800138bc (0xff9ff06f)
core   0: 0x800138b4 (0x00001f17) auipc   t5, 0x1
core   0: 3 0x800138b4 (0x00001f17) x30 0x800148b4
core   0: 0x800138b8 (0x743f2623) sw      gp, 1868(t5)
core   0: 3 0x800138b8 (0x743f2623) mem 0x80015000 0x00000001
core   0: 0x800138bc (0xff9ff06f) j       pc - 0x8
core   0: 3 0x800138bc (0xff9ff06f)
core   0: 0x800138b4 (0x00001f17) auipc   t5, 0x1
core   0: 3 0x800138b4 (0x00001f17) x30 0x800148b4
core   0: 0x800138b8 (0x743f2623) sw      gp, 1868(t5)
core   0: 3 0x800138b8 (0x743f2623) mem 0x80015000 0x00000001
core   0: 0x800138bc (0xff9ff06f) j       pc - 0x8
core   0: 3 0x800138bc (0xff9ff06f)
core   0: 0x800138b4 (0x00001f17) auipc   t5, 0x1
core   0: 3 0x800138b4 (0x00001f17) x30 0x800148b4
core   0: 0x800138b8 (0x743f2623) sw      gp, 1868(t5)
core   0: 3 0x800138b8 (0x743f2623) mem 0x80015000 0x00000001
core   0: 0x800138bc (0xff9ff06f) j       pc - 0x8
core   0: 3 0x800138bc (0xff9ff06f)
core   0: 0x800138b4 (0x00001f17) auipc   t5, 0x1
core   0: 3 0x800138b4 (0x00001f17) x30 0x800148b4
core   0: 0x800138b8 (0x743f2623) sw      gp, 1868(t5)
core   0: 3 0x800138b8 (0x743f2623) mem 0x80015000 0x00000001
core   0: 0x800138bc (0xff9ff06f) j       pc - 0x8
core   0: 3 0x800138bc (0xff9ff06f)
core   0: 0x800138b4 (0x00001f17) auipc   t5, 0x1
core   0: 3 0x800138b4 (0x00001f17) x30 0x800148b4
core   0: 0x800138b8 (0x743f2623) sw      gp, 1868(t5)
core   0: 3 0x800138b8 (0x743f2623) mem 0x80015000 0x00000001
core   0: 0x800138bc (0xff9ff06f) j       pc - 0x8
core   0: 3 0x800138bc (0xff9ff06f)
core   0: 0x800138b4 (0x00001f17) auipc   t5, 0x1
core   0: 3 0x800138b4 (0x00001f17) x30 0x800148b4
core   0: 0x800138b8 (0x743f2623) sw      gp, 1868(t5)
core   0: 3 0x800138b8 (0x743f2623) mem 0x80015000 0x00000001
core   0: 0x800138bc (0xff9ff06f) j       pc - 0x8
core   0: 3 0x800138bc (0xff9ff06f)
core   0: 0x800138b4 (0x00001f17) auipc   t5, 0x1
core   0: 3 0x800138b4 (0x00001f17) x30 0x800148b4
core   0: 0x800138b8 (0x743f2623) sw      gp, 1868(t5)
core   0: 3 0x800138b8 (0x743f2623) mem 0x80015000 0x00000001
core   0: 0x800138bc (0xff9ff06f) j       pc - 0x8
core   0: 3 0x800138bc (0xff9ff06f)
core   0: 0x800138b4 (0x00001f17) auipc   t5, 0x1
core   0: 3 0x800138b4 (0x00001f17) x30 0x800148b4
core   0: 0x800138b8 (0x743f2623) sw      gp, 1868(t5)
core   0: 3 0x800138b8 (0x743f2623) mem 0x80015000 0x00000001
core   0: 0x800138bc (0xff9ff06f) j       pc - 0x8
core   0: 3 0x800138bc (0xff9ff06f)
core   0: 0x800138b4 (0x00001f17) auipc   t5, 0x1
core   0: 3 0x800138b4 (0x00001f17) x30 0x800148b4
core   0: 0x800138b8 (0x743f2623) sw      gp, 1868(t5)
core   0: 3 0x800138b8 (0x743f2623) mem 0x80015000 0x00000001
core   0: 0x800138bc (0xff9ff06f) j       pc - 0x8
core   0: 3 0x800138bc (0xff9ff06f)
core   0: 0x800138b4 (0x00001f17) auipc   t5, 0x1
core   0: 3 0x800138b4 (0x00001f17) x30 0x800148b4
core   0: 0x800138b8 (0x743f2623) sw      gp, 1868(t5)
core   0: 3 0x800138b8 (0x743f2623) mem 0x80015000 0x00000001
core   0: 0x800138bc (0xff9ff06f) j       pc - 0x8
core   0: 3 0x800138bc (0xff9ff06f)
core   0: 0x800138b4 (0x00001f17) auipc   t5, 0x1
core   0: 3 0x800138b4 (0x00001f17) x30 0x800148b4
core   0: 0x800138b8 (0x743f2623) sw      gp, 1868(t5)
core   0: 3 0x800138b8 (0x743f2623) mem 0x80015000 0x00000001
core   0: 0x800138bc (0xff9ff06f) j       pc - 0x8
core   0: 3 0x800138bc (0xff9ff06f)
core   0: 0x800138b4 (0x00001f17) auipc   t5, 0x1
core   0: 3 0x800138b4 (0x00001f17) x30 0x800148b4
core   0: 0x800138b8 (0x743f2623) sw      gp, 1868(t5)
core   0: 3 0x800138b8 (0x743f2623) mem 0x80015000 0x00000001
core   0: 0x800138bc (0xff9ff06f) j       pc - 0x8
core   0: 3 0x800138bc (0xff9ff06f)
core   0: 0x800138b4 (0x00001f17) auipc   t5, 0x1
core   0: 3 0x800138b4 (0x00001f17) x30 0x800148b4
core   0: 0x800138b8 (0x743f2623) sw      gp, 1868(t5)
core   0: 3 0x800138b8 (0x743f2623) mem 0x80015000 0x00000001
core   0: 0x800138bc (0xff9ff06f) j       pc - 0x8
core   0: 3 0x800138bc (0xff9ff06f)
core   0: 0x800138b4 (0x00001f17) auipc   t5, 0x1
core   0: 3 0x800138b4 (0x00001f17) x30 0x800148b4
core   0: 0x800138b8 (0x743f2623) sw      gp, 1868(t5)
core   0: 3 0x800138b8 (0x743f2623) mem 0x80015000 0x00000001
core   0: 0x800138bc (0xff9ff06f) j       pc - 0x8
core   0: 3 0x800138bc (0xff9ff06f)
core   0: 0x800138b4 (0x00001f17) auipc   t5, 0x1
core   0: 3 0x800138b4 (0x00001f17) x30 0x800148b4
core   0: 0x800138b8 (0x743f2623) sw      gp, 1868(t5)
core   0: 3 0x800138b8 (0x743f2623) mem 0x80015000 0x00000001
core   0: 0x800138bc (0xff9ff06f) j       pc - 0x8
core   0: 3 0x800138bc (0xff9ff06f)
core   0: 0x800138b4 (0x00001f17) auipc   t5, 0x1
core   0: 3 0x800138b4 (0x00001f17) x30 0x800148b4
core   0: 0x800138b8 (0x743f2623) sw      gp, 1868(t5)
core   0: 3 0x800138b8 (0x743f2623) mem 0x80015000 0x00000001
core   0: 0x800138bc (0xff9ff06f) j       pc - 0x8
core   0: 3 0x800138bc (0xff9ff06f)
core   0: 0x800138b4 (0x00001f17) auipc   t5, 0x1
core   0: 3 0x800138b4 (0x00001f17) x30 0x800148b4
core   0: 0x800138b8 (0x743f2623) sw      gp, 1868(t5)
core   0: 3 0x800138b8 (0x743f2623) mem 0x80015000 0x00000001
core   0: 0x800138bc (0xff9ff06f) j       pc - 0x8
core   0: 3 0x800138bc (0xff9ff06f)
core   0: 0x800138b4 (0x00001f17) auipc   t5, 0x1
core   0: 3 0x800138b4 (0x00001f17) x30 0x800148b4
core   0: 0x800138b8 (0x743f2623) sw      gp, 1868(t5)
core   0: 3 0x800138b8 (0x743f2623) mem 0x80015000 0x00000001
core   0: 0x800138bc (0xff9ff06f) j       pc - 0x8
core   0: 3 0x800138bc (0xff9ff06f)
core   0: 0x800138b4 (0x00001f17) auipc   t5, 0x1
core   0: 3 0x800138b4 (0x00001f17) x30 0x800148b4
core   0: 0x800138b8 (0x743f2623) sw      gp, 1868(t5)
core   0: 3 0x800138b8 (0x743f2623) mem 0x80015000 0x00000001
core   0: 0x800138bc (0xff9ff06f) j       pc - 0x8
core   0: 3 0x800138bc (0xff9ff06f)
core   0: 0x800138b4 (0x00001f17) auipc   t5, 0x1
core   0: 3 0x800138b4 (0x00001f17) x30 0x800148b4
core   0: 0x800138b8 (0x743f2623) sw      gp, 1868(t5)
core   0: 3 0x800138b8 (0x743f2623) mem 0x80015000 0x00000001
core   0: 0x800138bc (0xff9ff06f) j       pc - 0x8
core   0: 3 0x800138bc (0xff9ff06f)
core   0: 0x800138b4 (0x00001f17) auipc   t5, 0x1
core   0: 3 0x800138b4 (0x00001f17) x30 0x800148b4
core   0: 0x800138b8 (0x743f2623) sw      gp, 1868(t5)
core   0: 3 0x800138b8 (0x743f2623) mem 0x80015000 0x00000001
core   0: 0x800138bc (0xff9ff06f) j       pc - 0x8
core   0: 3 0x800138bc (0xff9ff06f)
core   0: 0x800138b4 (0x00001f17) auipc   t5, 0x1
core   0: 3 0x800138b4 (0x00001f17) x30 0x800148b4
core   0: 0x800138b8 (0x743f2623) sw      gp, 1868(t5)
core   0: 3 0x800138b8 (0x743f2623) mem 0x80015000 0x00000001
core   0: 0x800138bc (0xff9ff06f) j       pc - 0x8
core   0: 3 0x800138bc (0xff9ff06f)
core   0: 0x800138b4 (0x00001f17) auipc   t5, 0x1
core   0: 3 0x800138b4 (0x00001f17) x30 0x800148b4
core   0: 0x800138b8 (0x743f2623) sw      gp, 1868(t5)
core   0: 3 0x800138b8 (0x743f2623) mem 0x80015000 0x00000001
core   0: 0x800138bc (0xff9ff06f) j       pc - 0x8
core   0: 3 0x800138bc (0xff9ff06f)
core   0: 0x800138b4 (0x00001f17) auipc   t5, 0x1
core   0: 3 0x800138b4 (0x00001f17) x30 0x800148b4
core   0: 0x800138b8 (0x743f2623) sw      gp, 1868(t5)
core   0: 3 0x800138b8 (0x743f2623) mem 0x80015000 0x00000001
core   0: 0x800138bc (0xff9ff06f) j       pc - 0x8
core   0: 3 0x800138bc (0xff9ff06f)
core   0: 0x800138b4 (0x00001f17) auipc   t5, 0x1
core   0: 3 0x800138b4 (0x00001f17) x30 0x800148b4
core   0: 0x800138b8 (0x743f2623) sw      gp, 1868(t5)
core   0: 3 0x800138b8 (0x743f2623) mem 0x80015000 0x00000001
core   0: 0x800138bc (0xff9ff06f) j       pc - 0x8
core   0: 3 0x800138bc (0xff9ff06f)
core   0: 0x800138b4 (0x00001f17) auipc   t5, 0x1
core   0: 3 0x800138b4 (0x00001f17) x30 0x800148b4
core   0: 0x800138b8 (0x743f2623) sw      gp, 1868(t5)
core   0: 3 0x800138b8 (0x743f2623) mem 0x80015000 0x00000001
core   0: 0x800138bc (0xff9ff06f) j       pc - 0x8
core   0: 3 0x800138bc (0xff9ff06f)
core   0: 0x800138b4 (0x00001f17) auipc   t5, 0x1
core   0: 3 0x800138b4 (0x00001f17) x30 0x800148b4
core   0: 0x800138b8 (0x743f2623) sw      gp, 1868(t5)
core   0: 3 0x800138b8 (0x743f2623) mem 0x80015000 0x00000001
core   0: 0x800138bc (0xff9ff06f) j       pc - 0x8
core   0: 3 0x800138bc (0xff9ff06f)
core   0: 0x800138b4 (0x00001f17) auipc   t5, 0x1
core   0: 3 0x800138b4 (0x00001f17) x30 0x800148b4
core   0: 0x800138b8 (0x743f2623) sw      gp, 1868(t5)
core   0: 3 0x800138b8 (0x743f2623) mem 0x80015000 0x00000001
core   0: 0x800138bc (0xff9ff06f) j       pc - 0x8
core   0: 3 0x800138bc (0xff9ff06f)
core   0: 0x800138b4 (0x00001f17) auipc   t5, 0x1
core   0: 3 0x800138b4 (0x00001f17) x30 0x800148b4
core   0: 0x800138b8 (0x743f2623) sw      gp, 1868(t5)
core   0: 3 0x800138b8 (0x743f2623) mem 0x80015000 0x00000001
core   0: 0x800138bc (0xff9ff06f) j       pc - 0x8
core   0: 3 0x800138bc (0xff9ff06f)
core   0: 0x800138b4 (0x00001f17) auipc   t5, 0x1
core   0: 3 0x800138b4 (0x00001f17) x30 0x800148b4
core   0: 0x800138b8 (0x743f2623) sw      gp, 1868(t5)
core   0: 3 0x800138b8 (0x743f2623) mem 0x80015000 0x00000001
core   0: 0x800138bc (0xff9ff06f) j       pc - 0x8
core   0: 3 0x800138bc (0xff9ff06f)
core   0: 0x800138b4 (0x00001f17) auipc   t5, 0x1
core   0: 3 0x800138b4 (0x00001f17) x30 0x800148b4
core   0: 0x800138b8 (0x743f2623) sw      gp, 1868(t5)
core   0: 3 0x800138b8 (0x743f2623) mem 0x80015000 0x00000001
core   0: 0x800138bc (0xff9ff06f) j       pc - 0x8
core   0: 3 0x800138bc (0xff9ff06f)
core   0: 0x800138b4 (0x00001f17) auipc   t5, 0x1
core   0: 3 0x800138b4 (0x00001f17) x30 0x800148b4
core   0: 0x800138b8 (0x743f2623) sw      gp, 1868(t5)
core   0: 3 0x800138b8 (0x743f2623) mem 0x80015000 0x00000001
core   0: 0x800138bc (0xff9ff06f) j       pc - 0x8
core   0: 3 0x800138bc (0xff9ff06f)
core   0: 0x800138b4 (0x00001f17) auipc   t5, 0x1
core   0: 3 0x800138b4 (0x00001f17) x30 0x800148b4
core   0: 0x800138b8 (0x743f2623) sw      gp, 1868(t5)
core   0: 3 0x800138b8 (0x743f2623) mem 0x80015000 0x00000001
core   0: 0x800138bc (0xff9ff06f) j       pc - 0x8
core   0: 3 0x800138bc (0xff9ff06f)
core   0: 0x800138b4 (0x00001f17) auipc   t5, 0x1
core   0: 3 0x800138b4 (0x00001f17) x30 0x800148b4
core   0: 0x800138b8 (0x743f2623) sw      gp, 1868(t5)
core   0: 3 0x800138b8 (0x743f2623) mem 0x80015000 0x00000001
core   0: 0x800138bc (0xff9ff06f) j       pc - 0x8
core   0: 3 0x800138bc (0xff9ff06f)
core   0: 0x800138b4 (0x00001f17) auipc   t5, 0x1
core   0: 3 0x800138b4 (0x00001f17) x30 0x800148b4
core   0: 0x800138b8 (0x743f2623) sw      gp, 1868(t5)
core   0: 3 0x800138b8 (0x743f2623) mem 0x80015000 0x00000001
core   0: 0x800138bc (0xff9ff06f) j       pc - 0x8
core   0: 3 0x800138bc (0xff9ff06f)
core   0: 0x800138b4 (0x00001f17) auipc   t5, 0x1
core   0: 3 0x800138b4 (0x00001f17) x30 0x800148b4
core   0: 0x800138b8 (0x743f2623) sw      gp, 1868(t5)
core   0: 3 0x800138b8 (0x743f2623) mem 0x80015000 0x00000001
core   0: 0x800138bc (0xff9ff06f) j       pc - 0x8
core   0: 3 0x800138bc (0xff9ff06f)
core   0: 0x800138b4 (0x00001f17) auipc   t5, 0x1
core   0: 3 0x800138b4 (0x00001f17) x30 0x800148b4
core   0: 0x800138b8 (0x743f2623) sw      gp, 1868(t5)
core   0: 3 0x800138b8 (0x743f2623) mem 0x80015000 0x00000001
core   0: 0x800138bc (0xff9ff06f) j       pc - 0x8
core   0: 3 0x800138bc (0xff9ff06f)
core   0: 0x800138b4 (0x00001f17) auipc   t5, 0x1
core   0: 3 0x800138b4 (0x00001f17) x30 0x800148b4
core   0: 0x800138b8 (0x743f2623) sw      gp, 1868(t5)
core   0: 3 0x800138b8 (0x743f2623) mem 0x80015000 0x00000001
core   0: 0x800138bc (0xff9ff06f) j       pc - 0x8
core   0: 3 0x800138bc (0xff9ff06f)
core   0: 0x800138b4 (0x00001f17) auipc   t5, 0x1
core   0: 3 0x800138b4 (0x00001f17) x30 0x800148b4
core   0: 0x800138b8 (0x743f2623) sw      gp, 1868(t5)
core   0: 3 0x800138b8 (0x743f2623) mem 0x80015000 0x00000001
core   0: 0x800138bc (0xff9ff06f) j       pc - 0x8
core   0: 3 0x800138bc (0xff9ff06f)
core   0: 0x800138b4 (0x00001f17) auipc   t5, 0x1
core   0: 3 0x800138b4 (0x00001f17) x30 0x800148b4
core   0: 0x800138b8 (0x743f2623) sw      gp, 1868(t5)
core   0: 3 0x800138b8 (0x743f2623) mem 0x80015000 0x00000001
core   0: 0x800138bc (0xff9ff06f) j       pc - 0x8
core   0: 3 0x800138bc (0xff9ff06f)
core   0: 0x800138b4 (0x00001f17) auipc   t5, 0x1
core   0: 3 0x800138b4 (0x00001f17) x30 0x800148b4
core   0: 0x800138b8 (0x743f2623) sw      gp, 1868(t5)
core   0: 3 0x800138b8 (0x743f2623) mem 0x80015000 0x00000001
core   0: 0x800138bc (0xff9ff06f) j       pc - 0x8
core   0: 3 0x800138bc (0xff9ff06f)
core   0: 0x800138b4 (0x00001f17) auipc   t5, 0x1
core   0: 3 0x800138b4 (0x00001f17) x30 0x800148b4
core   0: 0x800138b8 (0x743f2623) sw      gp, 1868(t5)
core   0: 3 0x800138b8 (0x743f2623) mem 0x80015000 0x00000001
core   0: 0x800138bc (0xff9ff06f) j       pc - 0x8
core   0: 3 0x800138bc (0xff9ff06f)
core   0: 0x800138b4 (0x00001f17) auipc   t5, 0x1
core   0: 3 0x800138b4 (0x00001f17) x30 0x800148b4
core   0: 0x800138b8 (0x743f2623) sw      gp, 1868(t5)
core   0: 3 0x800138b8 (0x743f2623) mem 0x80015000 0x00000001
core   0: 0x800138bc (0xff9ff06f) j       pc - 0x8
core   0: 3 0x800138bc (0xff9ff06f)
core   0: 0x800138b4 (0x00001f17) auipc   t5, 0x1
core   0: 3 0x800138b4 (0x00001f17) x30 0x800148b4
core   0: 0x800138b8 (0x743f2623) sw      gp, 1868(t5)
core   0: 3 0x800138b8 (0x743f2623) mem 0x80015000 0x00000001
core   0: 0x800138bc (0xff9ff06f) j       pc - 0x8
core   0: 3 0x800138bc (0xff9ff06f)
core   0: 0x800138b4 (0x00001f17) auipc   t5, 0x1
core   0: 3 0x800138b4 (0x00001f17) x30 0x800148b4
core   0: 0x800138b8 (0x743f2623) sw      gp, 1868(t5)
core   0: 3 0x800138b8 (0x743f2623) mem 0x80015000 0x00000001
core   0: 0x800138bc (0xff9ff06f) j       pc - 0x8
core   0: 3 0x800138bc (0xff9ff06f)
core   0: 0x800138b4 (0x00001f17) auipc   t5, 0x1
core   0: 3 0x800138b4 (0x00001f17) x30 0x800148b4
core   0: 0x800138b8 (0x743f2623) sw      gp, 1868(t5)
core   0: 3 0x800138b8 (0x743f2623) mem 0x80015000 0x00000001
core   0: 0x800138bc (0xff9ff06f) j       pc - 0x8
core   0: 3 0x800138bc (0xff9ff06f)
core   0: 0x800138b4 (0x00001f17) auipc   t5, 0x1
core   0: 3 0x800138b4 (0x00001f17) x30 0x800148b4
core   0: 0x800138b8 (0x743f2623) sw      gp, 1868(t5)
core   0: 3 0x800138b8 (0x743f2623) mem 0x80015000 0x00000001
core   0: 0x800138bc (0xff9ff06f) j       pc - 0x8
core   0: 3 0x800138bc (0xff9ff06f)
core   0: 0x800138b4 (0x00001f17) auipc   t5, 0x1
core   0: 3 0x800138b4 (0x00001f17) x30 0x800148b4
core   0: 0x800138b8 (0x743f2623) sw      gp, 1868(t5)
core   0: 3 0x800138b8 (0x743f2623) mem 0x80015000 0x00000001
core   0: 0x800138bc (0xff9ff06f) j       pc - 0x8
core   0: 3 0x800138bc (0xff9ff06f)
core   0: 0x800138b4 (0x00001f17) auipc   t5, 0x1
core   0: 3 0x800138b4 (0x00001f17) x30 0x800148b4
core   0: 0x800138b8 (0x743f2623) sw      gp, 1868(t5)
core   0: 3 0x800138b8 (0x743f2623) mem 0x80015000 0x00000001
core   0: 0x800138bc (0xff9ff06f) j       pc - 0x8
core   0: 3 0x800138bc (0xff9ff06f)
core   0: 0x800138b4 (0x00001f17) auipc   t5, 0x1
core   0: 3 0x800138b4 (0x00001f17) x30 0x800148b4
core   0: 0x800138b8 (0x743f2623) sw      gp, 1868(t5)
core   0: 3 0x800138b8 (0x743f2623) mem 0x80015000 0x00000001
core   0: 0x800138bc (0xff9ff06f) j       pc - 0x8
core   0: 3 0x800138bc (0xff9ff06f)
core   0: 0x800138b4 (0x00001f17) auipc   t5, 0x1
core   0: 3 0x800138b4 (0x00001f17) x30 0x800148b4
core   0: 0x800138b8 (0x743f2623) sw      gp, 1868(t5)
core   0: 3 0x800138b8 (0x743f2623) mem 0x80015000 0x00000001
core   0: 0x800138bc (0xff9ff06f) j       pc - 0x8
core   0: 3 0x800138bc (0xff9ff06f)
core   0: 0x800138b4 (0x00001f17) auipc   t5, 0x1
core   0: 3 0x800138b4 (0x00001f17) x30 0x800148b4
core   0: 0x800138b8 (0x743f2623) sw      gp, 1868(t5)
core   0: 3 0x800138b8 (0x743f2623) mem 0x80015000 0x00000001
core   0: 0x800138bc (0xff9ff06f) j       pc - 0x8
core   0: 3 0x800138bc (0xff9ff06f)
core   0: 0x800138b4 (0x00001f17) auipc   t5, 0x1
core   0: 3 0x800138b4 (0x00001f17) x30 0x800148b4
core   0: 0x800138b8 (0x743f2623) sw      gp, 1868(t5)
core   0: 3 0x800138b8 (0x743f2623) mem 0x80015000 0x00000001
core   0: 0x800138bc (0xff9ff06f) j       pc - 0x8
core   0: 3 0x800138bc (0xff9ff06f)
core   0: 0x800138b4 (0x00001f17) auipc   t5, 0x1
core   0: 3 0x800138b4 (0x00001f17) x30 0x800148b4
core   0: 0x800138b8 (0x743f2623) sw      gp, 1868(t5)
core   0: 3 0x800138b8 (0x743f2623) mem 0x80015000 0x00000001
core   0: 0x800138bc (0xff9ff06f) j       pc - 0x8
core   0: 3 0x800138bc (0xff9ff06f)
core   0: 0x800138b4 (0x00001f17) auipc   t5, 0x1
core   0: 3 0x800138b4 (0x00001f17) x30 0x800148b4
core   0: 0x800138b8 (0x743f2623) sw      gp, 1868(t5)
core   0: 3 0x800138b8 (0x743f2623) mem 0x80015000 0x00000001
core   0: 0x800138bc (0xff9ff06f) j       pc - 0x8
core   0: 3 0x800138bc (0xff9ff06f)
core   0: 0x800138b4 (0x00001f17) auipc   t5, 0x1
core   0: 3 0x800138b4 (0x00001f17) x30 0x800148b4
core   0: 0x800138b8 (0x743f2623) sw      gp, 1868(t5)
core   0: 3 0x800138b8 (0x743f2623) mem 0x80015000 0x00000001
core   0: 0x800138bc (0xff9ff06f) j       pc - 0x8
core   0: 3 0x800138bc (0xff9ff06f)
core   0: 0x800138b4 (0x00001f17) auipc   t5, 0x1
core   0: 3 0x800138b4 (0x00001f17) x30 0x800148b4
core   0: 0x800138b8 (0x743f2623) sw      gp, 1868(t5)
core   0: 3 0x800138b8 (0x743f2623) mem 0x80015000 0x00000001
core   0: 0x800138bc (0xff9ff06f) j       pc - 0x8
core   0: 3 0x800138bc (0xff9ff06f)
core   0: 0x800138b4 (0x00001f17) auipc   t5, 0x1
core   0: 3 0x800138b4 (0x00001f17) x30 0x800148b4
core   0: 0x800138b8 (0x743f2623) sw      gp, 1868(t5)
core   0: 3 0x800138b8 (0x743f2623) mem 0x80015000 0x00000001
core   0: 0x800138bc (0xff9ff06f) j       pc - 0x8
core   0: 3 0x800138bc (0xff9ff06f)
core   0: 0x800138b4 (0x00001f17) auipc   t5, 0x1
core   0: 3 0x800138b4 (0x00001f17) x30 0x800148b4
core   0: 0x800138b8 (0x743f2623) sw      gp, 1868(t5)
core   0: 3 0x800138b8 (0x743f2623) mem 0x80015000 0x00000001
core   0: 0x800138bc (0xff9ff06f) j       pc - 0x8
core   0: 3 0x800138bc (0xff9ff06f)
core   0: 0x800138b4 (0x00001f17) auipc   t5, 0x1
core   0: 3 0x800138b4 (0x00001f17) x30 0x800148b4
core   0: 0x800138b8 (0x743f2623) sw      gp, 1868(t5)
core   0: 3 0x800138b8 (0x743f2623) mem 0x80015000 0x00000001
core   0: 0x800138bc (0xff9ff06f) j       pc - 0x8
core   0: 3 0x800138bc (0xff9ff06f)
core   0: 0x800138b4 (0x00001f17) auipc   t5, 0x1
core   0: 3 0x800138b4 (0x00001f17) x30 0x800148b4
core   0: 0x800138b8 (0x743f2623) sw      gp, 1868(t5)
core   0: 3 0x800138b8 (0x743f2623) mem 0x80015000 0x00000001
core   0: 0x800138bc (0xff9ff06f) j       pc - 0x8
core   0: 3 0x800138bc (0xff9ff06f)
core   0: 0x800138b4 (0x00001f17) auipc   t5, 0x1
core   0: 3 0x800138b4 (0x00001f17) x30 0x800148b4
core   0: 0x800138b8 (0x743f2623) sw      gp, 1868(t5)
core   0: 3 0x800138b8 (0x743f2623) mem 0x80015000 0x00000001
core   0: 0x800138bc (0xff9ff06f) j       pc - 0x8
core   0: 3 0x800138bc (0xff9ff06f)
core   0: 0x800138b4 (0x00001f17) auipc   t5, 0x1
core   0: 3 0x800138b4 (0x00001f17) x30 0x800148b4
core   0: 0x800138b8 (0x743f2623) sw      gp, 1868(t5)
core   0: 3 0x800138b8 (0x743f2623) mem 0x80015000 0x00000001
core   0: 0x800138bc (0xff9ff06f) j       pc - 0x8
core   0: 3 0x800138bc (0xff9ff06f)
core   0: 0x800138b4 (0x00001f17) auipc   t5, 0x1
core   0: 3 0x800138b4 (0x00001f17) x30 0x800148b4
core   0: 0x800138b8 (0x743f2623) sw      gp, 1868(t5)
core   0: 3 0x800138b8 (0x743f2623) mem 0x80015000 0x00000001
core   0: 0x800138bc (0xff9ff06f) j       pc - 0x8
core   0: 3 0x800138bc (0xff9ff06f)
core   0: 0x800138b4 (0x00001f17) auipc   t5, 0x1
core   0: 3 0x800138b4 (0x00001f17) x30 0x800148b4
core   0: 0x800138b8 (0x743f2623) sw      gp, 1868(t5)
core   0: 3 0x800138b8 (0x743f2623) mem 0x80015000 0x00000001
core   0: 0x800138bc (0xff9ff06f) j       pc - 0x8
core   0: 3 0x800138bc (0xff9ff06f)
core   0: 0x800138b4 (0x00001f17) auipc   t5, 0x1
core   0: 3 0x800138b4 (0x00001f17) x30 0x800148b4
core   0: 0x800138b8 (0x743f2623) sw      gp, 1868(t5)
core   0: 3 0x800138b8 (0x743f2623) mem 0x80015000 0x00000001
core   0: 0x800138bc (0xff9ff06f) j       pc - 0x8
core   0: 3 0x800138bc (0xff9ff06f)
core   0: 0x800138b4 (0x00001f17) auipc   t5, 0x1
core   0: 3 0x800138b4 (0x00001f17) x30 0x800148b4
core   0: 0x800138b8 (0x743f2623) sw      gp, 1868(t5)
core   0: 3 0x800138b8 (0x743f2623) mem 0x80015000 0x00000001
core   0: 0x800138bc (0xff9ff06f) j       pc - 0x8
core   0: 3 0x800138bc (0xff9ff06f)
core   0: 0x800138b4 (0x00001f17) auipc   t5, 0x1
core   0: 3 0x800138b4 (0x00001f17) x30 0x800148b4
core   0: 0x800138b8 (0x743f2623) sw      gp, 1868(t5)
core   0: 3 0x800138b8 (0x743f2623) mem 0x80015000 0x00000001
core   0: 0x800138bc (0xff9ff06f) j       pc - 0x8
core   0: 3 0x800138bc (0xff9ff06f)
core   0: 0x800138b4 (0x00001f17) auipc   t5, 0x1
core   0: 3 0x800138b4 (0x00001f17) x30 0x800148b4
core   0: 0x800138b8 (0x743f2623) sw      gp, 1868(t5)
core   0: 3 0x800138b8 (0x743f2623) mem 0x80015000 0x00000001
core   0: 0x800138bc (0xff9ff06f) j       pc - 0x8
core   0: 3 0x800138bc (0xff9ff06f)
core   0: 0x800138b4 (0x00001f17) auipc   t5, 0x1
core   0: 3 0x800138b4 (0x00001f17) x30 0x800148b4
core   0: 0x800138b8 (0x743f2623) sw      gp, 1868(t5)
core   0: 3 0x800138b8 (0x743f2623) mem 0x80015000 0x00000001
core   0: 0x800138bc (0xff9ff06f) j       pc - 0x8
core   0: 3 0x800138bc (0xff9ff06f)
core   0: 0x800138b4 (0x00001f17) auipc   t5, 0x1
core   0: 3 0x800138b4 (0x00001f17) x30 0x800148b4
core   0: 0x800138b8 (0x743f2623) sw      gp, 1868(t5)
core   0: 3 0x800138b8 (0x743f2623) mem 0x80015000 0x00000001
core   0: 0x800138bc (0xff9ff06f) j       pc - 0x8
core   0: 3 0x800138bc (0xff9ff06f)
core   0: 0x800138b4 (0x00001f17) auipc   t5, 0x1
core   0: 3 0x800138b4 (0x00001f17) x30 0x800148b4
core   0: 0x800138b8 (0x743f2623) sw      gp, 1868(t5)
core   0: 3 0x800138b8 (0x743f2623) mem 0x80015000 0x00000001
core   0: 0x800138bc (0xff9ff06f) j       pc - 0x8
core   0: 3 0x800138bc (0xff9ff06f)
core   0: 0x800138b4 (0x00001f17) auipc   t5, 0x1
core   0: 3 0x800138b4 (0x00001f17) x30 0x800148b4
core   0: 0x800138b8 (0x743f2623) sw      gp, 1868(t5)
core   0: 3 0x800138b8 (0x743f2623) mem 0x80015000 0x00000001
core   0: 0x800138bc (0xff9ff06f) j       pc - 0x8
core   0: 3 0x800138bc (0xff9ff06f)
core   0: 0x800138b4 (0x00001f17) auipc   t5, 0x1
core   0: 3 0x800138b4 (0x00001f17) x30 0x800148b4
core   0: 0x800138b8 (0x743f2623) sw      gp, 1868(t5)
core   0: 3 0x800138b8 (0x743f2623) mem 0x80015000 0x00000001
core   0: 0x800138bc (0xff9ff06f) j       pc - 0x8
core   0: 3 0x800138bc (0xff9ff06f)
core   0: 0x800138b4 (0x00001f17) auipc   t5, 0x1
core   0: 3 0x800138b4 (0x00001f17) x30 0x800148b4
core   0: 0x800138b8 (0x743f2623) sw      gp, 1868(t5)
core   0: 3 0x800138b8 (0x743f2623) mem 0x80015000 0x00000001
core   0: 0x800138bc (0xff9ff06f) j       pc - 0x8
core   0: 3 0x800138bc (0xff9ff06f)
core   0: 0x800138b4 (0x00001f17) auipc   t5, 0x1
core   0: 3 0x800138b4 (0x00001f17) x30 0x800148b4
core   0: 0x800138b8 (0x743f2623) sw      gp, 1868(t5)
core   0: 3 0x800138b8 (0x743f2623) mem 0x80015000 0x00000001
core   0: 0x800138bc (0xff9ff06f) j       pc - 0x8
core   0: 3 0x800138bc (0xff9ff06f)
core   0: 0x800138b4 (0x00001f17) auipc   t5, 0x1
core   0: 3 0x800138b4 (0x00001f17) x30 0x800148b4
core   0: 0x800138b8 (0x743f2623) sw      gp, 1868(t5)
core   0: 3 0x800138b8 (0x743f2623) mem 0x80015000 0x00000001
core   0: 0x800138bc (0xff9ff06f) j       pc - 0x8
core   0: 3 0x800138bc (0xff9ff06f)
core   0: 0x800138b4 (0x00001f17) auipc   t5, 0x1
core   0: 3 0x800138b4 (0x00001f17) x30 0x800148b4
core   0: 0x800138b8 (0x743f2623) sw      gp, 1868(t5)
core   0: 3 0x800138b8 (0x743f2623) mem 0x80015000 0x00000001
core   0: 0x800138bc (0xff9ff06f) j       pc - 0x8
core   0: 3 0x800138bc (0xff9ff06f)
core   0: 0x800138b4 (0x00001f17) auipc   t5, 0x1
core   0: 3 0x800138b4 (0x00001f17) x30 0x800148b4
core   0: 0x800138b8 (0x743f2623) sw      gp, 1868(t5)
core   0: 3 0x800138b8 (0x743f2623) mem 0x80015000 0x00000001
core   0: 0x800138bc (0xff9ff06f) j       pc - 0x8
core   0: 3 0x800138bc (0xff9ff06f)
core   0: 0x800138b4 (0x00001f17) auipc   t5, 0x1
core   0: 3 0x800138b4 (0x00001f17) x30 0x800148b4
core   0: 0x800138b8 (0x743f2623) sw      gp, 1868(t5)
core   0: 3 0x800138b8 (0x743f2623) mem 0x80015000 0x00000001
core   0: 0x800138bc (0xff9ff06f) j       pc - 0x8
core   0: 3 0x800138bc (0xff9ff06f)
core   0: 0x800138b4 (0x00001f17) auipc   t5, 0x1
core   0: 3 0x800138b4 (0x00001f17) x30 0x800148b4
core   0: 0x800138b8 (0x743f2623) sw      gp, 1868(t5)
core   0: 3 0x800138b8 (0x743f2623) mem 0x80015000 0x00000001
core   0: 0x800138bc (0xff9ff06f) j       pc - 0x8
core   0: 3 0x800138bc (0xff9ff06f)
core   0: 0x800138b4 (0x00001f17) auipc   t5, 0x1
core   0: 3 0x800138b4 (0x00001f17) x30 0x800148b4
core   0: 0x800138b8 (0x743f2623) sw      gp, 1868(t5)
core   0: 3 0x800138b8 (0x743f2623) mem 0x80015000 0x00000001
core   0: 0x800138bc (0xff9ff06f) j       pc - 0x8
core   0: 3 0x800138bc (0xff9ff06f)
core   0: 0x800138b4 (0x00001f17) auipc   t5, 0x1
core   0: 3 0x800138b4 (0x00001f17) x30 0x800148b4
core   0: 0x800138b8 (0x743f2623) sw      gp, 1868(t5)
core   0: 3 0x800138b8 (0x743f2623) mem 0x80015000 0x00000001
core   0: 0x800138bc (0xff9ff06f) j       pc - 0x8
core   0: 3 0x800138bc (0xff9ff06f)
core   0: 0x800138b4 (0x00001f17) auipc   t5, 0x1
core   0: 3 0x800138b4 (0x00001f17) x30 0x800148b4
core   0: 0x800138b8 (0x743f2623) sw      gp, 1868(t5)
core   0: 3 0x800138b8 (0x743f2623) mem 0x80015000 0x00000001
core   0: 0x800138bc (0xff9ff06f) j       pc - 0x8
core   0: 3 0x800138bc (0xff9ff06f)
core   0: 0x800138b4 (0x00001f17) auipc   t5, 0x1
core   0: 3 0x800138b4 (0x00001f17) x30 0x800148b4
core   0: 0x800138b8 (0x743f2623) sw      gp, 1868(t5)
core   0: 3 0x800138b8 (0x743f2623) mem 0x80015000 0x00000001
core   0: 0x800138bc (0xff9ff06f) j       pc - 0x8
core   0: 3 0x800138bc (0xff9ff06f)
core   0: 0x800138b4 (0x00001f17) auipc   t5, 0x1
core   0: 3 0x800138b4 (0x00001f17) x30 0x800148b4
core   0: 0x800138b8 (0x743f2623) sw      gp, 1868(t5)
core   0: 3 0x800138b8 (0x743f2623) mem 0x80015000 0x00000001
core   0: 0x800138bc (0xff9ff06f) j       pc - 0x8
core   0: 3 0x800138bc (0xff9ff06f)
core   0: 0x800138b4 (0x00001f17) auipc   t5, 0x1
core   0: 3 0x800138b4 (0x00001f17) x30 0x800148b4
core   0: 0x800138b8 (0x743f2623) sw      gp, 1868(t5)
core   0: 3 0x800138b8 (0x743f2623) mem 0x80015000 0x00000001
core   0: 0x800138bc (0xff9ff06f) j       pc - 0x8
core   0: 3 0x800138bc (0xff9ff06f)
core   0: 0x800138b4 (0x00001f17) auipc   t5, 0x1
core   0: 3 0x800138b4 (0x00001f17) x30 0x800148b4
core   0: 0x800138b8 (0x743f2623) sw      gp, 1868(t5)
core   0: 3 0x800138b8 (0x743f2623) mem 0x80015000 0x00000001
core   0: 0x800138bc (0xff9ff06f) j       pc - 0x8
core   0: 3 0x800138bc (0xff9ff06f)
core   0: 0x800138b4 (0x00001f17) auipc   t5, 0x1
core   0: 3 0x800138b4 (0x00001f17) x30 0x800148b4
core   0: 0x800138b8 (0x743f2623) sw      gp, 1868(t5)
core   0: 3 0x800138b8 (0x743f2623) mem 0x80015000 0x00000001
core   0: 0x800138bc (0xff9ff06f) j       pc - 0x8
core   0: 3 0x800138bc (0xff9ff06f)
core   0: 0x800138b4 (0x00001f17) auipc   t5, 0x1
core   0: 3 0x800138b4 (0x00001f17) x30 0x800148b4
core   0: 0x800138b8 (0x743f2623) sw      gp, 1868(t5)
core   0: 3 0x800138b8 (0x743f2623) mem 0x80015000 0x00000001
core   0: 0x800138bc (0xff9ff06f) j       pc - 0x8
core   0: 3 0x800138bc (0xff9ff06f)
core   0: 0x800138b4 (0x00001f17) auipc   t5, 0x1
core   0: 3 0x800138b4 (0x00001f17) x30 0x800148b4
core   0: 0x800138b8 (0x743f2623) sw      gp, 1868(t5)
core   0: 3 0x800138b8 (0x743f2623) mem 0x80015000 0x00000001
core   0: 0x800138bc (0xff9ff06f) j       pc - 0x8
core   0: 3 0x800138bc (0xff9ff06f)
core   0: 0x800138b4 (0x00001f17) auipc   t5, 0x1
core   0: 3 0x800138b4 (0x00001f17) x30 0x800148b4
core   0: 0x800138b8 (0x743f2623) sw      gp, 1868(t5)
core   0: 3 0x800138b8 (0x743f2623) mem 0x80015000 0x00000001
core   0: 0x800138bc (0xff9ff06f) j       pc - 0x8
core   0: 3 0x800138bc (0xff9ff06f)
core   0: 0x800138b4 (0x00001f17) auipc   t5, 0x1
core   0: 3 0x800138b4 (0x00001f17) x30 0x800148b4
core   0: 0x800138b8 (0x743f2623) sw      gp, 1868(t5)
core   0: 3 0x800138b8 (0x743f2623) mem 0x80015000 0x00000001
core   0: 0x800138bc (0xff9ff06f) j       pc - 0x8
core   0: 3 0x800138bc (0xff9ff06f)
core   0: 0x800138b4 (0x00001f17) auipc   t5, 0x1
core   0: 3 0x800138b4 (0x00001f17) x30 0x800148b4
core   0: 0x800138b8 (0x743f2623) sw      gp, 1868(t5)
core   0: 3 0x800138b8 (0x743f2623) mem 0x80015000 0x00000001
core   0: 0x800138bc (0xff9ff06f) j       pc - 0x8
core   0: 3 0x800138bc (0xff9ff06f)
core   0: 0x800138b4 (0x00001f17) auipc   t5, 0x1
core   0: 3 0x800138b4 (0x00001f17) x30 0x800148b4
core   0: 0x800138b8 (0x743f2623) sw      gp, 1868(t5)
core   0: 3 0x800138b8 (0x743f2623) mem 0x80015000 0x00000001
core   0: 0x800138bc (0xff9ff06f) j       pc - 0x8
core   0: 3 0x800138bc (0xff9ff06f)
core   0: 0x800138b4 (0x00001f17) auipc   t5, 0x1
core   0: 3 0x800138b4 (0x00001f17) x30 0x800148b4
core   0: 0x800138b8 (0x743f2623) sw      gp, 1868(t5)
core   0: 3 0x800138b8 (0x743f2623) mem 0x80015000 0x00000001
core   0: 0x800138bc (0xff9ff06f) j       pc - 0x8
core   0: 3 0x800138bc (0xff9ff06f)
core   0: 0x800138b4 (0x00001f17) auipc   t5, 0x1
core   0: 3 0x800138b4 (0x00001f17) x30 0x800148b4
core   0: 0x800138b8 (0x743f2623) sw      gp, 1868(t5)
core   0: 3 0x800138b8 (0x743f2623) mem 0x80015000 0x00000001
core   0: 0x800138bc (0xff9ff06f) j       pc - 0x8
core   0: 3 0x800138bc (0xff9ff06f)
core   0: 0x800138b4 (0x00001f17) auipc   t5, 0x1
core   0: 3 0x800138b4 (0x00001f17) x30 0x800148b4
core   0: 0x800138b8 (0x743f2623) sw      gp, 1868(t5)
core   0: 3 0x800138b8 (0x743f2623) mem 0x80015000 0x00000001
core   0: 0x800138bc (0xff9ff06f) j       pc - 0x8
core   0: 3 0x800138bc (0xff9ff06f)
core   0: 0x800138b4 (0x00001f17) auipc   t5, 0x1
core   0: 3 0x800138b4 (0x00001f17) x30 0x800148b4
core   0: 0x800138b8 (0x743f2623) sw      gp, 1868(t5)
core   0: 3 0x800138b8 (0x743f2623) mem 0x80015000 0x00000001
core   0: 0x800138bc (0xff9ff06f) j       pc - 0x8
core   0: 3 0x800138bc (0xff9ff06f)
core   0: 0x800138b4 (0x00001f17) auipc   t5, 0x1
core   0: 3 0x800138b4 (0x00001f17) x30 0x800148b4
core   0: 0x800138b8 (0x743f2623) sw      gp, 1868(t5)
core   0: 3 0x800138b8 (0x743f2623) mem 0x80015000 0x00000001
core   0: 0x800138bc (0xff9ff06f) j       pc - 0x8
core   0: 3 0x800138bc (0xff9ff06f)
core   0: 0x800138b4 (0x00001f17) auipc   t5, 0x1
core   0: 3 0x800138b4 (0x00001f17) x30 0x800148b4
core   0: 0x800138b8 (0x743f2623) sw      gp, 1868(t5)
core   0: 3 0x800138b8 (0x743f2623) mem 0x80015000 0x00000001
core   0: 0x800138bc (0xff9ff06f) j       pc - 0x8
core   0: 3 0x800138bc (0xff9ff06f)
core   0: 0x800138b4 (0x00001f17) auipc   t5, 0x1
core   0: 3 0x800138b4 (0x00001f17) x30 0x800148b4
core   0: 0x800138b8 (0x743f2623) sw      gp, 1868(t5)
core   0: 3 0x800138b8 (0x743f2623) mem 0x80015000 0x00000001
core   0: 0x800138bc (0xff9ff06f) j       pc - 0x8
core   0: 3 0x800138bc (0xff9ff06f)
core   0: 0x800138b4 (0x00001f17) auipc   t5, 0x1
core   0: 3 0x800138b4 (0x00001f17) x30 0x800148b4
core   0: 0x800138b8 (0x743f2623) sw      gp, 1868(t5)
core   0: 3 0x800138b8 (0x743f2623) mem 0x80015000 0x00000001
core   0: 0x800138bc (0xff9ff06f) j       pc - 0x8
core   0: 3 0x800138bc (0xff9ff06f)
core   0: 0x800138b4 (0x00001f17) auipc   t5, 0x1
core   0: 3 0x800138b4 (0x00001f17) x30 0x800148b4
core   0: 0x800138b8 (0x743f2623) sw      gp, 1868(t5)
core   0: 3 0x800138b8 (0x743f2623) mem 0x80015000 0x00000001
core   0: 0x800138bc (0xff9ff06f) j       pc - 0x8
core   0: 3 0x800138bc (0xff9ff06f)
core   0: 0x800138b4 (0x00001f17) auipc   t5, 0x1
core   0: 3 0x800138b4 (0x00001f17) x30 0x800148b4
core   0: 0x800138b8 (0x743f2623) sw      gp, 1868(t5)
core   0: 3 0x800138b8 (0x743f2623) mem 0x80015000 0x00000001
core   0: 0x800138bc (0xff9ff06f) j       pc - 0x8
core   0: 3 0x800138bc (0xff9ff06f)
core   0: 0x800138b4 (0x00001f17) auipc   t5, 0x1
core   0: 3 0x800138b4 (0x00001f17) x30 0x800148b4
core   0: 0x800138b8 (0x743f2623) sw      gp, 1868(t5)
core   0: 3 0x800138b8 (0x743f2623) mem 0x80015000 0x00000001
core   0: 0x800138bc (0xff9ff06f) j       pc - 0x8
core   0: 3 0x800138bc (0xff9ff06f)
core   0: 0x800138b4 (0x00001f17) auipc   t5, 0x1
core   0: 3 0x800138b4 (0x00001f17) x30 0x800148b4
core   0: 0x800138b8 (0x743f2623) sw      gp, 1868(t5)
core   0: 3 0x800138b8 (0x743f2623) mem 0x80015000 0x00000001
core   0: 0x800138bc (0xff9ff06f) j       pc - 0x8
core   0: 3 0x800138bc (0xff9ff06f)
core   0: 0x800138b4 (0x00001f17) auipc   t5, 0x1
core   0: 3 0x800138b4 (0x00001f17) x30 0x800148b4
core   0: 0x800138b8 (0x743f2623) sw      gp, 1868(t5)
core   0: 3 0x800138b8 (0x743f2623) mem 0x80015000 0x00000001
core   0: 0x800138bc (0xff9ff06f) j       pc - 0x8
core   0: 3 0x800138bc (0xff9ff06f)
core   0: 0x800138b4 (0x00001f17) auipc   t5, 0x1
core   0: 3 0x800138b4 (0x00001f17) x30 0x800148b4
core   0: 0x800138b8 (0x743f2623) sw      gp, 1868(t5)
core   0: 3 0x800138b8 (0x743f2623) mem 0x80015000 0x00000001
core   0: 0x800138bc (0xff9ff06f) j       pc - 0x8
core   0: 3 0x800138bc (0xff9ff06f)
core   0: 0x800138b4 (0x00001f17) auipc   t5, 0x1
core   0: 3 0x800138b4 (0x00001f17) x30 0x800148b4
core   0: 0x800138b8 (0x743f2623) sw      gp, 1868(t5)
core   0: 3 0x800138b8 (0x743f2623) mem 0x80015000 0x00000001
core   0: 0x800138bc (0xff9ff06f) j       pc - 0x8
core   0: 3 0x800138bc (0xff9ff06f)
core   0: 0x800138b4 (0x00001f17) auipc   t5, 0x1
core   0: 3 0x800138b4 (0x00001f17) x30 0x800148b4
core   0: 0x800138b8 (0x743f2623) sw      gp, 1868(t5)
core   0: 3 0x800138b8 (0x743f2623) mem 0x80015000 0x00000001
core   0: 0x800138bc (0xff9ff06f) j       pc - 0x8
core   0: 3 0x800138bc (0xff9ff06f)
core   0: 0x800138b4 (0x00001f17) auipc   t5, 0x1
core   0: 3 0x800138b4 (0x00001f17) x30 0x800148b4
core   0: 0x800138b8 (0x743f2623) sw      gp, 1868(t5)
core   0: 3 0x800138b8 (0x743f2623) mem 0x80015000 0x00000001
core   0: 0x800138bc (0xff9ff06f) j       pc - 0x8
core   0: 3 0x800138bc (0xff9ff06f)
core   0: 0x800138b4 (0x00001f17) auipc   t5, 0x1
core   0: 3 0x800138b4 (0x00001f17) x30 0x800148b4
core   0: 0x800138b8 (0x743f2623) sw      gp, 1868(t5)
core   0: 3 0x800138b8 (0x743f2623) mem 0x80015000 0x00000001
core   0: 0x800138bc (0xff9ff06f) j       pc - 0x8
core   0: 3 0x800138bc (0xff9ff06f)
core   0: 0x800138b4 (0x00001f17) auipc   t5, 0x1
core   0: 3 0x800138b4 (0x00001f17) x30 0x800148b4
core   0: 0x800138b8 (0x743f2623) sw      gp, 1868(t5)
core   0: 3 0x800138b8 (0x743f2623) mem 0x80015000 0x00000001
core   0: 0x800138bc (0xff9ff06f) j       pc - 0x8
core   0: 3 0x800138bc (0xff9ff06f)
core   0: 0x800138b4 (0x00001f17) auipc   t5, 0x1
core   0: 3 0x800138b4 (0x00001f17) x30 0x800148b4
core   0: 0x800138b8 (0x743f2623) sw      gp, 1868(t5)
core   0: 3 0x800138b8 (0x743f2623) mem 0x80015000 0x00000001
core   0: 0x800138bc (0xff9ff06f) j       pc - 0x8
core   0: 3 0x800138bc (0xff9ff06f)
core   0: 0x800138b4 (0x00001f17) auipc   t5, 0x1
core   0: 3 0x800138b4 (0x00001f17) x30 0x800148b4
core   0: 0x800138b8 (0x743f2623) sw      gp, 1868(t5)
core   0: 3 0x800138b8 (0x743f2623) mem 0x80015000 0x00000001
core   0: 0x800138bc (0xff9ff06f) j       pc - 0x8
core   0: 3 0x800138bc (0xff9ff06f)
core   0: 0x800138b4 (0x00001f17) auipc   t5, 0x1
core   0: 3 0x800138b4 (0x00001f17) x30 0x800148b4
core   0: 0x800138b8 (0x743f2623) sw      gp, 1868(t5)
core   0: 3 0x800138b8 (0x743f2623) mem 0x80015000 0x00000001
core   0: 0x800138bc (0xff9ff06f) j       pc - 0x8
core   0: 3 0x800138bc (0xff9ff06f)
core   0: 0x800138b4 (0x00001f17) auipc   t5, 0x1
core   0: 3 0x800138b4 (0x00001f17) x30 0x800148b4
core   0: 0x800138b8 (0x743f2623) sw      gp, 1868(t5)
core   0: 3 0x800138b8 (0x743f2623) mem 0x80015000 0x00000001
core   0: 0x800138bc (0xff9ff06f) j       pc - 0x8
core   0: 3 0x800138bc (0xff9ff06f)
core   0: 0x800138b4 (0x00001f17) auipc   t5, 0x1
core   0: 3 0x800138b4 (0x00001f17) x30 0x800148b4
core   0: 0x800138b8 (0x743f2623) sw      gp, 1868(t5)
core   0: 3 0x800138b8 (0x743f2623) mem 0x80015000 0x00000001
core   0: 0x800138bc (0xff9ff06f) j       pc - 0x8
core   0: 3 0x800138bc (0xff9ff06f)
core   0: 0x800138b4 (0x00001f17) auipc   t5, 0x1
core   0: 3 0x800138b4 (0x00001f17) x30 0x800148b4
core   0: 0x800138b8 (0x743f2623) sw      gp, 1868(t5)
core   0: 3 0x800138b8 (0x743f2623) mem 0x80015000 0x00000001
core   0: 0x800138bc (0xff9ff06f) j       pc - 0x8
core   0: 3 0x800138bc (0xff9ff06f)
core   0: 0x800138b4 (0x00001f17) auipc   t5, 0x1
core   0: 3 0x800138b4 (0x00001f17) x30 0x800148b4
core   0: 0x800138b8 (0x743f2623) sw      gp, 1868(t5)
core   0: 3 0x800138b8 (0x743f2623) mem 0x80015000 0x00000001
core   0: 0x800138bc (0xff9ff06f) j       pc - 0x8
core   0: 3 0x800138bc (0xff9ff06f)
core   0: 0x800138b4 (0x00001f17) auipc   t5, 0x1
core   0: 3 0x800138b4 (0x00001f17) x30 0x800148b4
core   0: 0x800138b8 (0x743f2623) sw      gp, 1868(t5)
core   0: 3 0x800138b8 (0x743f2623) mem 0x80015000 0x00000001
core   0: 0x800138bc (0xff9ff06f) j       pc - 0x8
core   0: 3 0x800138bc (0xff9ff06f)
core   0: 0x800138b4 (0x00001f17) auipc   t5, 0x1
core   0: 3 0x800138b4 (0x00001f17) x30 0x800148b4
core   0: 0x800138b8 (0x743f2623) sw      gp, 1868(t5)
core   0: 3 0x800138b8 (0x743f2623) mem 0x80015000 0x00000001
core   0: 0x800138bc (0xff9ff06f) j       pc - 0x8
core   0: 3 0x800138bc (0xff9ff06f)
core   0: 0x800138b4 (0x00001f17) auipc   t5, 0x1
core   0: 3 0x800138b4 (0x00001f17) x30 0x800148b4
core   0: 0x800138b8 (0x743f2623) sw      gp, 1868(t5)
core   0: 3 0x800138b8 (0x743f2623) mem 0x80015000 0x00000001
core   0: 0x800138bc (0xff9ff06f) j       pc - 0x8
core   0: 3 0x800138bc (0xff9ff06f)
core   0: 0x800138b4 (0x00001f17) auipc   t5, 0x1
core   0: 3 0x800138b4 (0x00001f17) x30 0x800148b4
core   0: 0x800138b8 (0x743f2623) sw      gp, 1868(t5)
core   0: 3 0x800138b8 (0x743f2623) mem 0x80015000 0x00000001
core   0: 0x800138bc (0xff9ff06f) j       pc - 0x8
core   0: 3 0x800138bc (0xff9ff06f)
core   0: 0x800138b4 (0x00001f17) auipc   t5, 0x1
core   0: 3 0x800138b4 (0x00001f17) x30 0x800148b4
core   0: 0x800138b8 (0x743f2623) sw      gp, 1868(t5)
core   0: 3 0x800138b8 (0x743f2623) mem 0x80015000 0x00000001
core   0: 0x800138bc (0xff9ff06f) j       pc - 0x8
core   0: 3 0x800138bc (0xff9ff06f)
core   0: 0x800138b4 (0x00001f17) auipc   t5, 0x1
core   0: 3 0x800138b4 (0x00001f17) x30 0x800148b4
core   0: 0x800138b8 (0x743f2623) sw      gp, 1868(t5)
core   0: 3 0x800138b8 (0x743f2623) mem 0x80015000 0x00000001
core   0: 0x800138bc (0xff9ff06f) j       pc - 0x8
core   0: 3 0x800138bc (0xff9ff06f)
core   0: 0x800138b4 (0x00001f17) auipc   t5, 0x1
core   0: 3 0x800138b4 (0x00001f17) x30 0x800148b4
core   0: 0x800138b8 (0x743f2623) sw      gp, 1868(t5)
core   0: 3 0x800138b8 (0x743f2623) mem 0x80015000 0x00000001
core   0: 0x800138bc (0xff9ff06f) j       pc - 0x8
core   0: 3 0x800138bc (0xff9ff06f)
core   0: 0x800138b4 (0x00001f17) auipc   t5, 0x1
core   0: 3 0x800138b4 (0x00001f17) x30 0x800148b4
core   0: 0x800138b8 (0x743f2623) sw      gp, 1868(t5)
core   0: 3 0x800138b8 (0x743f2623) mem 0x80015000 0x00000001
core   0: 0x800138bc (0xff9ff06f) j       pc - 0x8
core   0: 3 0x800138bc (0xff9ff06f)
core   0: 0x800138b4 (0x00001f17) auipc   t5, 0x1
core   0: 3 0x800138b4 (0x00001f17) x30 0x800148b4
core   0: 0x800138b8 (0x743f2623) sw      gp, 1868(t5)
core   0: 3 0x800138b8 (0x743f2623) mem 0x80015000 0x00000001
core   0: 0x800138bc (0xff9ff06f) j       pc - 0x8
core   0: 3 0x800138bc (0xff9ff06f)
core   0: 0x800138b4 (0x00001f17) auipc   t5, 0x1
core   0: 3 0x800138b4 (0x00001f17) x30 0x800148b4
core   0: 0x800138b8 (0x743f2623) sw      gp, 1868(t5)
core   0: 3 0x800138b8 (0x743f2623) mem 0x80015000 0x00000001
core   0: 0x800138bc (0xff9ff06f) j       pc - 0x8
core   0: 3 0x800138bc (0xff9ff06f)
core   0: 0x800138b4 (0x00001f17) auipc   t5, 0x1
core   0: 3 0x800138b4 (0x00001f17) x30 0x800148b4
core   0: 0x800138b8 (0x743f2623) sw      gp, 1868(t5)
core   0: 3 0x800138b8 (0x743f2623) mem 0x80015000 0x00000001
core   0: 0x800138bc (0xff9ff06f) j       pc - 0x8
core   0: 3 0x800138bc (0xff9ff06f)
core   0: 0x800138b4 (0x00001f17) auipc   t5, 0x1
core   0: 3 0x800138b4 (0x00001f17) x30 0x800148b4
core   0: 0x800138b8 (0x743f2623) sw      gp, 1868(t5)
core   0: 3 0x800138b8 (0x743f2623) mem 0x80015000 0x00000001
core   0: 0x800138bc (0xff9ff06f) j       pc - 0x8
core   0: 3 0x800138bc (0xff9ff06f)
core   0: 0x800138b4 (0x00001f17) auipc   t5, 0x1
core   0: 3 0x800138b4 (0x00001f17) x30 0x800148b4
core   0: 0x800138b8 (0x743f2623) sw      gp, 1868(t5)
core   0: 3 0x800138b8 (0x743f2623) mem 0x80015000 0x00000001
core   0: 0x800138bc (0xff9ff06f) j       pc - 0x8
core   0: 3 0x800138bc (0xff9ff06f)
core   0: 0x800138b4 (0x00001f17) auipc   t5, 0x1
core   0: 3 0x800138b4 (0x00001f17) x30 0x800148b4
core   0: 0x800138b8 (0x743f2623) sw      gp, 1868(t5)
core   0: 3 0x800138b8 (0x743f2623) mem 0x80015000 0x00000001
core   0: 0x800138bc (0xff9ff06f) j       pc - 0x8
core   0: 3 0x800138bc (0xff9ff06f)
core   0: 0x800138b4 (0x00001f17) auipc   t5, 0x1
core   0: 3 0x800138b4 (0x00001f17) x30 0x800148b4
core   0: 0x800138b8 (0x743f2623) sw      gp, 1868(t5)
core   0: 3 0x800138b8 (0x743f2623) mem 0x80015000 0x00000001
core   0: 0x800138bc (0xff9ff06f) j       pc - 0x8
core   0: 3 0x800138bc (0xff9ff06f)
core   0: 0x800138b4 (0x00001f17) auipc   t5, 0x1
core   0: 3 0x800138b4 (0x00001f17) x30 0x800148b4
core   0: 0x800138b8 (0x743f2623) sw      gp, 1868(t5)
core   0: 3 0x800138b8 (0x743f2623) mem 0x80015000 0x00000001
core   0: 0x800138bc (0xff9ff06f) j       pc - 0x8
core   0: 3 0x800138bc (0xff9ff06f)
core   0: 0x800138b4 (0x00001f17) auipc   t5, 0x1
core   0: 3 0x800138b4 (0x00001f17) x30 0x800148b4
core   0: 0x800138b8 (0x743f2623) sw      gp, 1868(t5)
core   0: 3 0x800138b8 (0x743f2623) mem 0x80015000 0x00000001
core   0: 0x800138bc (0xff9ff06f) j       pc - 0x8
core   0: 3 0x800138bc (0xff9ff06f)
core   0: 0x800138b4 (0x00001f17) auipc   t5, 0x1
core   0: 3 0x800138b4 (0x00001f17) x30 0x800148b4
core   0: 0x800138b8 (0x743f2623) sw      gp, 1868(t5)
core   0: 3 0x800138b8 (0x743f2623) mem 0x80015000 0x00000001
core   0: 0x800138bc (0xff9ff06f) j       pc - 0x8
core   0: 3 0x800138bc (0xff9ff06f)
core   0: 0x800138b4 (0x00001f17) auipc   t5, 0x1
core   0: 3 0x800138b4 (0x00001f17) x30 0x800148b4
core   0: 0x800138b8 (0x743f2623) sw      gp, 1868(t5)
core   0: 3 0x800138b8 (0x743f2623) mem 0x80015000 0x00000001
core   0: 0x800138bc (0xff9ff06f) j       pc - 0x8
core   0: 3 0x800138bc (0xff9ff06f)
core   0: 0x800138b4 (0x00001f17) auipc   t5, 0x1
core   0: 3 0x800138b4 (0x00001f17) x30 0x800148b4
core   0: 0x800138b8 (0x743f2623) sw      gp, 1868(t5)
core   0: 3 0x800138b8 (0x743f2623) mem 0x80015000 0x00000001
core   0: 0x800138bc (0xff9ff06f) j       pc - 0x8
core   0: 3 0x800138bc (0xff9ff06f)
core   0: 0x800138b4 (0x00001f17) auipc   t5, 0x1
core   0: 3 0x800138b4 (0x00001f17) x30 0x800148b4
core   0: 0x800138b8 (0x743f2623) sw      gp, 1868(t5)
core   0: 3 0x800138b8 (0x743f2623) mem 0x80015000 0x00000001
core   0: 0x800138bc (0xff9ff06f) j       pc - 0x8
core   0: 3 0x800138bc (0xff9ff06f)
core   0: 0x800138b4 (0x00001f17) auipc   t5, 0x1
core   0: 3 0x800138b4 (0x00001f17) x30 0x800148b4
core   0: 0x800138b8 (0x743f2623) sw      gp, 1868(t5)
core   0: 3 0x800138b8 (0x743f2623) mem 0x80015000 0x00000001
core   0: 0x800138bc (0xff9ff06f) j       pc - 0x8
core   0: 3 0x800138bc (0xff9ff06f)
core   0: 0x800138b4 (0x00001f17) auipc   t5, 0x1
core   0: 3 0x800138b4 (0x00001f17) x30 0x800148b4
core   0: 0x800138b8 (0x743f2623) sw      gp, 1868(t5)
core   0: 3 0x800138b8 (0x743f2623) mem 0x80015000 0x00000001
core   0: 0x800138bc (0xff9ff06f) j       pc - 0x8
core   0: 3 0x800138bc (0xff9ff06f)
core   0: 0x800138b4 (0x00001f17) auipc   t5, 0x1
core   0: 3 0x800138b4 (0x00001f17) x30 0x800148b4
core   0: 0x800138b8 (0x743f2623) sw      gp, 1868(t5)
core   0: 3 0x800138b8 (0x743f2623) mem 0x80015000 0x00000001
core   0: 0x800138bc (0xff9ff06f) j       pc - 0x8
core   0: 3 0x800138bc (0xff9ff06f)
core   0: 0x800138b4 (0x00001f17) auipc   t5, 0x1
core   0: 3 0x800138b4 (0x00001f17) x30 0x800148b4
core   0: 0x800138b8 (0x743f2623) sw      gp, 1868(t5)
core   0: 3 0x800138b8 (0x743f2623) mem 0x80015000 0x00000001
core   0: 0x800138bc (0xff9ff06f) j       pc - 0x8
core   0: 3 0x800138bc (0xff9ff06f)
core   0: 0x800138b4 (0x00001f17) auipc   t5, 0x1
core   0: 3 0x800138b4 (0x00001f17) x30 0x800148b4
core   0: 0x800138b8 (0x743f2623) sw      gp, 1868(t5)
core   0: 3 0x800138b8 (0x743f2623) mem 0x80015000 0x00000001
core   0: 0x800138bc (0xff9ff06f) j       pc - 0x8
core   0: 3 0x800138bc (0xff9ff06f)
core   0: 0x800138b4 (0x00001f17) auipc   t5, 0x1
core   0: 3 0x800138b4 (0x00001f17) x30 0x800148b4
core   0: 0x800138b8 (0x743f2623) sw      gp, 1868(t5)
core   0: 3 0x800138b8 (0x743f2623) mem 0x80015000 0x00000001
core   0: 0x800138bc (0xff9ff06f) j       pc - 0x8
core   0: 3 0x800138bc (0xff9ff06f)
core   0: 0x800138b4 (0x00001f17) auipc   t5, 0x1
core   0: 3 0x800138b4 (0x00001f17) x30 0x800148b4
core   0: 0x800138b8 (0x743f2623) sw      gp, 1868(t5)
core   0: 3 0x800138b8 (0x743f2623) mem 0x80015000 0x00000001
core   0: 0x800138bc (0xff9ff06f) j       pc - 0x8
core   0: 3 0x800138bc (0xff9ff06f)
core   0: 0x800138b4 (0x00001f17) auipc   t5, 0x1
core   0: 3 0x800138b4 (0x00001f17) x30 0x800148b4
core   0: 0x800138b8 (0x743f2623) sw      gp, 1868(t5)
core   0: 3 0x800138b8 (0x743f2623) mem 0x80015000 0x00000001
core   0: 0x800138bc (0xff9ff06f) j       pc - 0x8
core   0: 3 0x800138bc (0xff9ff06f)
core   0: 0x800138b4 (0x00001f17) auipc   t5, 0x1
core   0: 3 0x800138b4 (0x00001f17) x30 0x800148b4
core   0: 0x800138b8 (0x743f2623) sw      gp, 1868(t5)
core   0: 3 0x800138b8 (0x743f2623) mem 0x80015000 0x00000001
core   0: 0x800138bc (0xff9ff06f) j       pc - 0x8
core   0: 3 0x800138bc (0xff9ff06f)
core   0: 0x800138b4 (0x00001f17) auipc   t5, 0x1
core   0: 3 0x800138b4 (0x00001f17) x30 0x800148b4
core   0: 0x800138b8 (0x743f2623) sw      gp, 1868(t5)
core   0: 3 0x800138b8 (0x743f2623) mem 0x80015000 0x00000001
core   0: 0x800138bc (0xff9ff06f) j       pc - 0x8
core   0: 3 0x800138bc (0xff9ff06f)
core   0: 0x800138b4 (0x00001f17) auipc   t5, 0x1
core   0: 3 0x800138b4 (0x00001f17) x30 0x800148b4
core   0: 0x800138b8 (0x743f2623) sw      gp, 1868(t5)
core   0: 3 0x800138b8 (0x743f2623) mem 0x80015000 0x00000001
core   0: 0x800138bc (0xff9ff06f) j       pc - 0x8
core   0: 3 0x800138bc (0xff9ff06f)
core   0: 0x800138b4 (0x00001f17) auipc   t5, 0x1
core   0: 3 0x800138b4 (0x00001f17) x30 0x800148b4
core   0: 0x800138b8 (0x743f2623) sw      gp, 1868(t5)
core   0: 3 0x800138b8 (0x743f2623) mem 0x80015000 0x00000001
core   0: 0x800138bc (0xff9ff06f) j       pc - 0x8
core   0: 3 0x800138bc (0xff9ff06f)
core   0: 0x800138b4 (0x00001f17) auipc   t5, 0x1
core   0: 3 0x800138b4 (0x00001f17) x30 0x800148b4
core   0: 0x800138b8 (0x743f2623) sw      gp, 1868(t5)
core   0: 3 0x800138b8 (0x743f2623) mem 0x80015000 0x00000001
core   0: 0x800138bc (0xff9ff06f) j       pc - 0x8
core   0: 3 0x800138bc (0xff9ff06f)
core   0: 0x800138b4 (0x00001f17) auipc   t5, 0x1
core   0: 3 0x800138b4 (0x00001f17) x30 0x800148b4
core   0: 0x800138b8 (0x743f2623) sw      gp, 1868(t5)
core   0: 3 0x800138b8 (0x743f2623) mem 0x80015000 0x00000001
core   0: 0x800138bc (0xff9ff06f) j       pc - 0x8
core   0: 3 0x800138bc (0xff9ff06f)
core   0: 0x800138b4 (0x00001f17) auipc   t5, 0x1
core   0: 3 0x800138b4 (0x00001f17) x30 0x800148b4
core   0: 0x800138b8 (0x743f2623) sw      gp, 1868(t5)
core   0: 3 0x800138b8 (0x743f2623) mem 0x80015000 0x00000001
core   0: 0x800138bc (0xff9ff06f) j       pc - 0x8
core   0: 3 0x800138bc (0xff9ff06f)
core   0: 0x800138b4 (0x00001f17) auipc   t5, 0x1
core   0: 3 0x800138b4 (0x00001f17) x30 0x800148b4
core   0: 0x800138b8 (0x743f2623) sw      gp, 1868(t5)
core   0: 3 0x800138b8 (0x743f2623) mem 0x80015000 0x00000001
core   0: 0x800138bc (0xff9ff06f) j       pc - 0x8
core   0: 3 0x800138bc (0xff9ff06f)
core   0: 0x800138b4 (0x00001f17) auipc   t5, 0x1
core   0: 3 0x800138b4 (0x00001f17) x30 0x800148b4
core   0: 0x800138b8 (0x743f2623) sw      gp, 1868(t5)
core   0: 3 0x800138b8 (0x743f2623) mem 0x80015000 0x00000001
core   0: 0x800138bc (0xff9ff06f) j       pc - 0x8
core   0: 3 0x800138bc (0xff9ff06f)
core   0: 0x800138b4 (0x00001f17) auipc   t5, 0x1
core   0: 3 0x800138b4 (0x00001f17) x30 0x800148b4
core   0: 0x800138b8 (0x743f2623) sw      gp, 1868(t5)
core   0: 3 0x800138b8 (0x743f2623) mem 0x80015000 0x00000001
core   0: 0x800138bc (0xff9ff06f) j       pc - 0x8
core   0: 3 0x800138bc (0xff9ff06f)
core   0: 0x800138b4 (0x00001f17) auipc   t5, 0x1
core   0: 3 0x800138b4 (0x00001f17) x30 0x800148b4
core   0: 0x800138b8 (0x743f2623) sw      gp, 1868(t5)
core   0: 3 0x800138b8 (0x743f2623) mem 0x80015000 0x00000001
core   0: 0x800138bc (0xff9ff06f) j       pc - 0x8
core   0: 3 0x800138bc (0xff9ff06f)
core   0: 0x800138b4 (0x00001f17) auipc   t5, 0x1
core   0: 3 0x800138b4 (0x00001f17) x30 0x800148b4
core   0: 0x800138b8 (0x743f2623) sw      gp, 1868(t5)
core   0: 3 0x800138b8 (0x743f2623) mem 0x80015000 0x00000001
core   0: 0x800138bc (0xff9ff06f) j       pc - 0x8
core   0: 3 0x800138bc (0xff9ff06f)
core   0: 0x800138b4 (0x00001f17) auipc   t5, 0x1
core   0: 3 0x800138b4 (0x00001f17) x30 0x800148b4
core   0: 0x800138b8 (0x743f2623) sw      gp, 1868(t5)
core   0: 3 0x800138b8 (0x743f2623) mem 0x80015000 0x00000001
core   0: 0x800138bc (0xff9ff06f) j       pc - 0x8
core   0: 3 0x800138bc (0xff9ff06f)
core   0: 0x800138b4 (0x00001f17) auipc   t5, 0x1
core   0: 3 0x800138b4 (0x00001f17) x30 0x800148b4
core   0: 0x800138b8 (0x743f2623) sw      gp, 1868(t5)
core   0: 3 0x800138b8 (0x743f2623) mem 0x80015000 0x00000001
core   0: 0x800138bc (0xff9ff06f) j       pc - 0x8
core   0: 3 0x800138bc (0xff9ff06f)
core   0: 0x800138b4 (0x00001f17) auipc   t5, 0x1
core   0: 3 0x800138b4 (0x00001f17) x30 0x800148b4
core   0: 0x800138b8 (0x743f2623) sw      gp, 1868(t5)
core   0: 3 0x800138b8 (0x743f2623) mem 0x80015000 0x00000001
core   0: 0x800138bc (0xff9ff06f) j       pc - 0x8
core   0: 3 0x800138bc (0xff9ff06f)
core   0: 0x800138b4 (0x00001f17) auipc   t5, 0x1
core   0: 3 0x800138b4 (0x00001f17) x30 0x800148b4
core   0: 0x800138b8 (0x743f2623) sw      gp, 1868(t5)
core   0: 3 0x800138b8 (0x743f2623) mem 0x80015000 0x00000001
core   0: 0x800138bc (0xff9ff06f) j       pc - 0x8
core   0: 3 0x800138bc (0xff9ff06f)
core   0: 0x800138b4 (0x00001f17) auipc   t5, 0x1
core   0: 3 0x800138b4 (0x00001f17) x30 0x800148b4
core   0: 0x800138b8 (0x743f2623) sw      gp, 1868(t5)
core   0: 3 0x800138b8 (0x743f2623) mem 0x80015000 0x00000001
core   0: 0x800138bc (0xff9ff06f) j       pc - 0x8
core   0: 3 0x800138bc (0xff9ff06f)
core   0: 0x800138b4 (0x00001f17) auipc   t5, 0x1
core   0: 3 0x800138b4 (0x00001f17) x30 0x800148b4
core   0: 0x800138b8 (0x743f2623) sw      gp, 1868(t5)
core   0: 3 0x800138b8 (0x743f2623) mem 0x80015000 0x00000001
core   0: 0x800138bc (0xff9ff06f) j       pc - 0x8
core   0: 3 0x800138bc (0xff9ff06f)
core   0: 0x800138b4 (0x00001f17) auipc   t5, 0x1
core   0: 3 0x800138b4 (0x00001f17) x30 0x800148b4
core   0: 0x800138b8 (0x743f2623) sw      gp, 1868(t5)
core   0: 3 0x800138b8 (0x743f2623) mem 0x80015000 0x00000001
core   0: 0x800138bc (0xff9ff06f) j       pc - 0x8
core   0: 3 0x800138bc (0xff9ff06f)
core   0: 0x800138b4 (0x00001f17) auipc   t5, 0x1
core   0: 3 0x800138b4 (0x00001f17) x30 0x800148b4
core   0: 0x800138b8 (0x743f2623) sw      gp, 1868(t5)
core   0: 3 0x800138b8 (0x743f2623) mem 0x80015000 0x00000001
core   0: 0x800138bc (0xff9ff06f) j       pc - 0x8
core   0: 3 0x800138bc (0xff9ff06f)
core   0: 0x800138b4 (0x00001f17) auipc   t5, 0x1
core   0: 3 0x800138b4 (0x00001f17) x30 0x800148b4
core   0: 0x800138b8 (0x743f2623) sw      gp, 1868(t5)
core   0: 3 0x800138b8 (0x743f2623) mem 0x80015000 0x00000001
core   0: 0x800138bc (0xff9ff06f) j       pc - 0x8
core   0: 3 0x800138bc (0xff9ff06f)
core   0: 0x800138b4 (0x00001f17) auipc   t5, 0x1
core   0: 3 0x800138b4 (0x00001f17) x30 0x800148b4
core   0: 0x800138b8 (0x743f2623) sw      gp, 1868(t5)
core   0: 3 0x800138b8 (0x743f2623) mem 0x80015000 0x00000001
core   0: 0x800138bc (0xff9ff06f) j       pc - 0x8
core   0: 3 0x800138bc (0xff9ff06f)
core   0: 0x800138b4 (0x00001f17) auipc   t5, 0x1
core   0: 3 0x800138b4 (0x00001f17) x30 0x800148b4
core   0: 0x800138b8 (0x743f2623) sw      gp, 1868(t5)
core   0: 3 0x800138b8 (0x743f2623) mem 0x80015000 0x00000001
core   0: 0x800138bc (0xff9ff06f) j       pc - 0x8
core   0: 3 0x800138bc (0xff9ff06f)
core   0: 0x800138b4 (0x00001f17) auipc   t5, 0x1
core   0: 3 0x800138b4 (0x00001f17) x30 0x800148b4
core   0: 0x800138b8 (0x743f2623) sw      gp, 1868(t5)
core   0: 3 0x800138b8 (0x743f2623) mem 0x80015000 0x00000001
core   0: 0x800138bc (0xff9ff06f) j       pc - 0x8
core   0: 3 0x800138bc (0xff9ff06f)
core   0: 0x800138b4 (0x00001f17) auipc   t5, 0x1
core   0: 3 0x800138b4 (0x00001f17) x30 0x800148b4
core   0: 0x800138b8 (0x743f2623) sw      gp, 1868(t5)
core   0: 3 0x800138b8 (0x743f2623) mem 0x80015000 0x00000001
core   0: 0x800138bc (0xff9ff06f) j       pc - 0x8
core   0: 3 0x800138bc (0xff9ff06f)
core   0: 0x800138b4 (0x00001f17) auipc   t5, 0x1
core   0: 3 0x800138b4 (0x00001f17) x30 0x800148b4
core   0: 0x800138b8 (0x743f2623) sw      gp, 1868(t5)
core   0: 3 0x800138b8 (0x743f2623) mem 0x80015000 0x00000001
core   0: 0x800138bc (0xff9ff06f) j       pc - 0x8
core   0: 3 0x800138bc (0xff9ff06f)
core   0: 0x800138b4 (0x00001f17) auipc   t5, 0x1
core   0: 3 0x800138b4 (0x00001f17) x30 0x800148b4
core   0: 0x800138b8 (0x743f2623) sw      gp, 1868(t5)
core   0: 3 0x800138b8 (0x743f2623) mem 0x80015000 0x00000001
core   0: 0x800138bc (0xff9ff06f) j       pc - 0x8
core   0: 3 0x800138bc (0xff9ff06f)
core   0: 0x800138b4 (0x00001f17) auipc   t5, 0x1
core   0: 3 0x800138b4 (0x00001f17) x30 0x800148b4
core   0: 0x800138b8 (0x743f2623) sw      gp, 1868(t5)
core   0: 3 0x800138b8 (0x743f2623) mem 0x80015000 0x00000001
core   0: 0x800138bc (0xff9ff06f) j       pc - 0x8
core   0: 3 0x800138bc (0xff9ff06f)
core   0: 0x800138b4 (0x00001f17) auipc   t5, 0x1
core   0: 3 0x800138b4 (0x00001f17) x30 0x800148b4
core   0: 0x800138b8 (0x743f2623) sw      gp, 1868(t5)
core   0: 3 0x800138b8 (0x743f2623) mem 0x80015000 0x00000001
core   0: 0x800138bc (0xff9ff06f) j       pc - 0x8
core   0: 3 0x800138bc (0xff9ff06f)
core   0: 0x800138b4 (0x00001f17) auipc   t5, 0x1
core   0: 3 0x800138b4 (0x00001f17) x30 0x800148b4
core   0: 0x800138b8 (0x743f2623) sw      gp, 1868(t5)
core   0: 3 0x800138b8 (0x743f2623) mem 0x80015000 0x00000001
core   0: 0x800138bc (0xff9ff06f) j       pc - 0x8
core   0: 3 0x800138bc (0xff9ff06f)
core   0: 0x800138b4 (0x00001f17) auipc   t5, 0x1
core   0: 3 0x800138b4 (0x00001f17) x30 0x800148b4
core   0: 0x800138b8 (0x743f2623) sw      gp, 1868(t5)
core   0: 3 0x800138b8 (0x743f2623) mem 0x80015000 0x00000001
core   0: 0x800138bc (0xff9ff06f) j       pc - 0x8
core   0: 3 0x800138bc (0xff9ff06f)
core   0: 0x800138b4 (0x00001f17) auipc   t5, 0x1
core   0: 3 0x800138b4 (0x00001f17) x30 0x800148b4
core   0: 0x800138b8 (0x743f2623) sw      gp, 1868(t5)
core   0: 3 0x800138b8 (0x743f2623) mem 0x80015000 0x00000001
core   0: 0x800138bc (0xff9ff06f) j       pc - 0x8
core   0: 3 0x800138bc (0xff9ff06f)
core   0: 0x800138b4 (0x00001f17) auipc   t5, 0x1
core   0: 3 0x800138b4 (0x00001f17) x30 0x800148b4
core   0: 0x800138b8 (0x743f2623) sw      gp, 1868(t5)
core   0: 3 0x800138b8 (0x743f2623) mem 0x80015000 0x00000001
core   0: 0x800138bc (0xff9ff06f) j       pc - 0x8
core   0: 3 0x800138bc (0xff9ff06f)
core   0: 0x800138b4 (0x00001f17) auipc   t5, 0x1
core   0: 3 0x800138b4 (0x00001f17) x30 0x800148b4
core   0: 0x800138b8 (0x743f2623) sw      gp, 1868(t5)
core   0: 3 0x800138b8 (0x743f2623) mem 0x80015000 0x00000001
core   0: 0x800138bc (0xff9ff06f) j       pc - 0x8
core   0: 3 0x800138bc (0xff9ff06f)
core   0: 0x800138b4 (0x00001f17) auipc   t5, 0x1
core   0: 3 0x800138b4 (0x00001f17) x30 0x800148b4
core   0: 0x800138b8 (0x743f2623) sw      gp, 1868(t5)
core   0: 3 0x800138b8 (0x743f2623) mem 0x80015000 0x00000001
core   0: 0x800138bc (0xff9ff06f) j       pc - 0x8
core   0: 3 0x800138bc (0xff9ff06f)
core   0: 0x800138b4 (0x00001f17) auipc   t5, 0x1
core   0: 3 0x800138b4 (0x00001f17) x30 0x800148b4
core   0: 0x800138b8 (0x743f2623) sw      gp, 1868(t5)
core   0: 3 0x800138b8 (0x743f2623) mem 0x80015000 0x00000001
core   0: 0x800138bc (0xff9ff06f) j       pc - 0x8
core   0: 3 0x800138bc (0xff9ff06f)
core   0: 0x800138b4 (0x00001f17) auipc   t5, 0x1
core   0: 3 0x800138b4 (0x00001f17) x30 0x800148b4
core   0: 0x800138b8 (0x743f2623) sw      gp, 1868(t5)
core   0: 3 0x800138b8 (0x743f2623) mem 0x80015000 0x00000001
core   0: 0x800138bc (0xff9ff06f) j       pc - 0x8
core   0: 3 0x800138bc (0xff9ff06f)
core   0: 0x800138b4 (0x00001f17) auipc   t5, 0x1
core   0: 3 0x800138b4 (0x00001f17) x30 0x800148b4
core   0: 0x800138b8 (0x743f2623) sw      gp, 1868(t5)
core   0: 3 0x800138b8 (0x743f2623) mem 0x80015000 0x00000001
core   0: 0x800138bc (0xff9ff06f) j       pc - 0x8
core   0: 3 0x800138bc (0xff9ff06f)
core   0: 0x800138b4 (0x00001f17) auipc   t5, 0x1
core   0: 3 0x800138b4 (0x00001f17) x30 0x800148b4
core   0: 0x800138b8 (0x743f2623) sw      gp, 1868(t5)
core   0: 3 0x800138b8 (0x743f2623) mem 0x80015000 0x00000001
core   0: 0x800138bc (0xff9ff06f) j       pc - 0x8
core   0: 3 0x800138bc (0xff9ff06f)
core   0: 0x800138b4 (0x00001f17) auipc   t5, 0x1
core   0: 3 0x800138b4 (0x00001f17) x30 0x800148b4
core   0: 0x800138b8 (0x743f2623) sw      gp, 1868(t5)
core   0: 3 0x800138b8 (0x743f2623) mem 0x80015000 0x00000001
core   0: 0x800138bc (0xff9ff06f) j       pc - 0x8
core   0: 3 0x800138bc (0xff9ff06f)
core   0: 0x800138b4 (0x00001f17) auipc   t5, 0x1
core   0: 3 0x800138b4 (0x00001f17) x30 0x800148b4
core   0: 0x800138b8 (0x743f2623) sw      gp, 1868(t5)
core   0: 3 0x800138b8 (0x743f2623) mem 0x80015000 0x00000001
core   0: 0x800138bc (0xff9ff06f) j       pc - 0x8
core   0: 3 0x800138bc (0xff9ff06f)
core   0: 0x800138b4 (0x00001f17) auipc   t5, 0x1
core   0: 3 0x800138b4 (0x00001f17) x30 0x800148b4
core   0: 0x800138b8 (0x743f2623) sw      gp, 1868(t5)
core   0: 3 0x800138b8 (0x743f2623) mem 0x80015000 0x00000001
core   0: 0x800138bc (0xff9ff06f) j       pc - 0x8
core   0: 3 0x800138bc (0xff9ff06f)
core   0: 0x800138b4 (0x00001f17) auipc   t5, 0x1
core   0: 3 0x800138b4 (0x00001f17) x30 0x800148b4
core   0: 0x800138b8 (0x743f2623) sw      gp, 1868(t5)
core   0: 3 0x800138b8 (0x743f2623) mem 0x80015000 0x00000001
core   0: 0x800138bc (0xff9ff06f) j       pc - 0x8
core   0: 3 0x800138bc (0xff9ff06f)
core   0: 0x800138b4 (0x00001f17) auipc   t5, 0x1
core   0: 3 0x800138b4 (0x00001f17) x30 0x800148b4
core   0: 0x800138b8 (0x743f2623) sw      gp, 1868(t5)
core   0: 3 0x800138b8 (0x743f2623) mem 0x80015000 0x00000001
core   0: 0x800138bc (0xff9ff06f) j       pc - 0x8
core   0: 3 0x800138bc (0xff9ff06f)
core   0: 0x800138b4 (0x00001f17) auipc   t5, 0x1
core   0: 3 0x800138b4 (0x00001f17) x30 0x800148b4
core   0: 0x800138b8 (0x743f2623) sw      gp, 1868(t5)
core   0: 3 0x800138b8 (0x743f2623) mem 0x80015000 0x00000001
core   0: 0x800138bc (0xff9ff06f) j       pc - 0x8
core   0: 3 0x800138bc (0xff9ff06f)
core   0: 0x800138b4 (0x00001f17) auipc   t5, 0x1
core   0: 3 0x800138b4 (0x00001f17) x30 0x800148b4
core   0: 0x800138b8 (0x743f2623) sw      gp, 1868(t5)
core   0: 3 0x800138b8 (0x743f2623) mem 0x80015000 0x00000001
core   0: 0x800138bc (0xff9ff06f) j       pc - 0x8
core   0: 3 0x800138bc (0xff9ff06f)
core   0: 0x800138b4 (0x00001f17) auipc   t5, 0x1
core   0: 3 0x800138b4 (0x00001f17) x30 0x800148b4
core   0: 0x800138b8 (0x743f2623) sw      gp, 1868(t5)
core   0: 3 0x800138b8 (0x743f2623) mem 0x80015000 0x00000001
core   0: 0x800138bc (0xff9ff06f) j       pc - 0x8
core   0: 3 0x800138bc (0xff9ff06f)
core   0: 0x800138b4 (0x00001f17) auipc   t5, 0x1
core   0: 3 0x800138b4 (0x00001f17) x30 0x800148b4
core   0: 0x800138b8 (0x743f2623) sw      gp, 1868(t5)
core   0: 3 0x800138b8 (0x743f2623) mem 0x80015000 0x00000001
core   0: 0x800138bc (0xff9ff06f) j       pc - 0x8
core   0: 3 0x800138bc (0xff9ff06f)
core   0: 0x800138b4 (0x00001f17) auipc   t5, 0x1
core   0: 3 0x800138b4 (0x00001f17) x30 0x800148b4
core   0: 0x800138b8 (0x743f2623) sw      gp, 1868(t5)
core   0: 3 0x800138b8 (0x743f2623) mem 0x80015000 0x00000001
core   0: 0x800138bc (0xff9ff06f) j       pc - 0x8
core   0: 3 0x800138bc (0xff9ff06f)
core   0: 0x800138b4 (0x00001f17) auipc   t5, 0x1
core   0: 3 0x800138b4 (0x00001f17) x30 0x800148b4
core   0: 0x800138b8 (0x743f2623) sw      gp, 1868(t5)
core   0: 3 0x800138b8 (0x743f2623) mem 0x80015000 0x00000001
core   0: 0x800138bc (0xff9ff06f) j       pc - 0x8
core   0: 3 0x800138bc (0xff9ff06f)
core   0: 0x800138b4 (0x00001f17) auipc   t5, 0x1
core   0: 3 0x800138b4 (0x00001f17) x30 0x800148b4
core   0: 0x800138b8 (0x743f2623) sw      gp, 1868(t5)
core   0: 3 0x800138b8 (0x743f2623) mem 0x80015000 0x00000001
core   0: 0x800138bc (0xff9ff06f) j       pc - 0x8
core   0: 3 0x800138bc (0xff9ff06f)
core   0: 0x800138b4 (0x00001f17) auipc   t5, 0x1
core   0: 3 0x800138b4 (0x00001f17) x30 0x800148b4
core   0: 0x800138b8 (0x743f2623) sw      gp, 1868(t5)
core   0: 3 0x800138b8 (0x743f2623) mem 0x80015000 0x00000001
core   0: 0x800138bc (0xff9ff06f) j       pc - 0x8
core   0: 3 0x800138bc (0xff9ff06f)
core   0: 0x800138b4 (0x00001f17) auipc   t5, 0x1
core   0: 3 0x800138b4 (0x00001f17) x30 0x800148b4
core   0: 0x800138b8 (0x743f2623) sw      gp, 1868(t5)
core   0: 3 0x800138b8 (0x743f2623) mem 0x80015000 0x00000001
core   0: 0x800138bc (0xff9ff06f) j       pc - 0x8
core   0: 3 0x800138bc (0xff9ff06f)
core   0: 0x800138b4 (0x00001f17) auipc   t5, 0x1
core   0: 3 0x800138b4 (0x00001f17) x30 0x800148b4
core   0: 0x800138b8 (0x743f2623) sw      gp, 1868(t5)
core   0: 3 0x800138b8 (0x743f2623) mem 0x80015000 0x00000001
core   0: 0x800138bc (0xff9ff06f) j       pc - 0x8
core   0: 3 0x800138bc (0xff9ff06f)
core   0: 0x800138b4 (0x00001f17) auipc   t5, 0x1
core   0: 3 0x800138b4 (0x00001f17) x30 0x800148b4
core   0: 0x800138b8 (0x743f2623) sw      gp, 1868(t5)
core   0: 3 0x800138b8 (0x743f2623) mem 0x80015000 0x00000001
core   0: 0x800138bc (0xff9ff06f) j       pc - 0x8
core   0: 3 0x800138bc (0xff9ff06f)
core   0: 0x800138b4 (0x00001f17) auipc   t5, 0x1
core   0: 3 0x800138b4 (0x00001f17) x30 0x800148b4
core   0: 0x800138b8 (0x743f2623) sw      gp, 1868(t5)
core   0: 3 0x800138b8 (0x743f2623) mem 0x80015000 0x00000001
core   0: 0x800138bc (0xff9ff06f) j       pc - 0x8
core   0: 3 0x800138bc (0xff9ff06f)
core   0: 0x800138b4 (0x00001f17) auipc   t5, 0x1
core   0: 3 0x800138b4 (0x00001f17) x30 0x800148b4
core   0: 0x800138b8 (0x743f2623) sw      gp, 1868(t5)
core   0: 3 0x800138b8 (0x743f2623) mem 0x80015000 0x00000001
core   0: 0x800138bc (0xff9ff06f) j       pc - 0x8
core   0: 3 0x800138bc (0xff9ff06f)
core   0: 0x800138b4 (0x00001f17) auipc   t5, 0x1
core   0: 3 0x800138b4 (0x00001f17) x30 0x800148b4
core   0: 0x800138b8 (0x743f2623) sw      gp, 1868(t5)
core   0: 3 0x800138b8 (0x743f2623) mem 0x80015000 0x00000001
core   0: 0x800138bc (0xff9ff06f) j       pc - 0x8
core   0: 3 0x800138bc (0xff9ff06f)
core   0: 0x800138b4 (0x00001f17) auipc   t5, 0x1
core   0: 3 0x800138b4 (0x00001f17) x30 0x800148b4
core   0: 0x800138b8 (0x743f2623) sw      gp, 1868(t5)
core   0: 3 0x800138b8 (0x743f2623) mem 0x80015000 0x00000001
core   0: 0x800138bc (0xff9ff06f) j       pc - 0x8
core   0: 3 0x800138bc (0xff9ff06f)
core   0: 0x800138b4 (0x00001f17) auipc   t5, 0x1
core   0: 3 0x800138b4 (0x00001f17) x30 0x800148b4
core   0: 0x800138b8 (0x743f2623) sw      gp, 1868(t5)
core   0: 3 0x800138b8 (0x743f2623) mem 0x80015000 0x00000001
core   0: 0x800138bc (0xff9ff06f) j       pc - 0x8
core   0: 3 0x800138bc (0xff9ff06f)
core   0: 0x800138b4 (0x00001f17) auipc   t5, 0x1
core   0: 3 0x800138b4 (0x00001f17) x30 0x800148b4
core   0: 0x800138b8 (0x743f2623) sw      gp, 1868(t5)
core   0: 3 0x800138b8 (0x743f2623) mem 0x80015000 0x00000001
core   0: 0x800138bc (0xff9ff06f) j       pc - 0x8
core   0: 3 0x800138bc (0xff9ff06f)
core   0: 0x800138b4 (0x00001f17) auipc   t5, 0x1
core   0: 3 0x800138b4 (0x00001f17) x30 0x800148b4
core   0: 0x800138b8 (0x743f2623) sw      gp, 1868(t5)
core   0: 3 0x800138b8 (0x743f2623) mem 0x80015000 0x00000001
core   0: 0x800138bc (0xff9ff06f) j       pc - 0x8
core   0: 3 0x800138bc (0xff9ff06f)
core   0: 0x800138b4 (0x00001f17) auipc   t5, 0x1
core   0: 3 0x800138b4 (0x00001f17) x30 0x800148b4
core   0: 0x800138b8 (0x743f2623) sw      gp, 1868(t5)
core   0: 3 0x800138b8 (0x743f2623) mem 0x80015000 0x00000001
core   0: 0x800138bc (0xff9ff06f) j       pc - 0x8
core   0: 3 0x800138bc (0xff9ff06f)
core   0: 0x800138b4 (0x00001f17) auipc   t5, 0x1
core   0: 3 0x800138b4 (0x00001f17) x30 0x800148b4
core   0: 0x800138b8 (0x743f2623) sw      gp, 1868(t5)
core   0: 3 0x800138b8 (0x743f2623) mem 0x80015000 0x00000001
core   0: 0x800138bc (0xff9ff06f) j       pc - 0x8
core   0: 3 0x800138bc (0xff9ff06f)
core   0: 0x800138b4 (0x00001f17) auipc   t5, 0x1
core   0: 3 0x800138b4 (0x00001f17) x30 0x800148b4
core   0: 0x800138b8 (0x743f2623) sw      gp, 1868(t5)
core   0: 3 0x800138b8 (0x743f2623) mem 0x80015000 0x00000001
core   0: 0x800138bc (0xff9ff06f) j       pc - 0x8
core   0: 3 0x800138bc (0xff9ff06f)
core   0: 0x800138b4 (0x00001f17) auipc   t5, 0x1
core   0: 3 0x800138b4 (0x00001f17) x30 0x800148b4
core   0: 0x800138b8 (0x743f2623) sw      gp, 1868(t5)
core   0: 3 0x800138b8 (0x743f2623) mem 0x80015000 0x00000001
core   0: 0x800138bc (0xff9ff06f) j       pc - 0x8
core   0: 3 0x800138bc (0xff9ff06f)
core   0: 0x800138b4 (0x00001f17) auipc   t5, 0x1
core   0: 3 0x800138b4 (0x00001f17) x30 0x800148b4
core   0: 0x800138b8 (0x743f2623) sw      gp, 1868(t5)
core   0: 3 0x800138b8 (0x743f2623) mem 0x80015000 0x00000001
core   0: 0x800138bc (0xff9ff06f) j       pc - 0x8
core   0: 3 0x800138bc (0xff9ff06f)
core   0: 0x800138b4 (0x00001f17) auipc   t5, 0x1
core   0: 3 0x800138b4 (0x00001f17) x30 0x800148b4
core   0: 0x800138b8 (0x743f2623) sw      gp, 1868(t5)
core   0: 3 0x800138b8 (0x743f2623) mem 0x80015000 0x00000001
core   0: 0x800138bc (0xff9ff06f) j       pc - 0x8
core   0: 3 0x800138bc (0xff9ff06f)
core   0: 0x800138b4 (0x00001f17) auipc   t5, 0x1
core   0: 3 0x800138b4 (0x00001f17) x30 0x800148b4
core   0: 0x800138b8 (0x743f2623) sw      gp, 1868(t5)
core   0: 3 0x800138b8 (0x743f2623) mem 0x80015000 0x00000001
core   0: 0x800138bc (0xff9ff06f) j       pc - 0x8
core   0: 3 0x800138bc (0xff9ff06f)
core   0: 0x800138b4 (0x00001f17) auipc   t5, 0x1
core   0: 3 0x800138b4 (0x00001f17) x30 0x800148b4
core   0: 0x800138b8 (0x743f2623) sw      gp, 1868(t5)
core   0: 3 0x800138b8 (0x743f2623) mem 0x80015000 0x00000001
core   0: 0x800138bc (0xff9ff06f) j       pc - 0x8
core   0: 3 0x800138bc (0xff9ff06f)
core   0: 0x800138b4 (0x00001f17) auipc   t5, 0x1
core   0: 3 0x800138b4 (0x00001f17) x30 0x800148b4
core   0: 0x800138b8 (0x743f2623) sw      gp, 1868(t5)
core   0: 3 0x800138b8 (0x743f2623) mem 0x80015000 0x00000001
core   0: 0x800138bc (0xff9ff06f) j       pc - 0x8
core   0: 3 0x800138bc (0xff9ff06f)
core   0: 0x800138b4 (0x00001f17) auipc   t5, 0x1
core   0: 3 0x800138b4 (0x00001f17) x30 0x800148b4
core   0: 0x800138b8 (0x743f2623) sw      gp, 1868(t5)
core   0: 3 0x800138b8 (0x743f2623) mem 0x80015000 0x00000001
core   0: 0x800138bc (0xff9ff06f) j       pc - 0x8
core   0: 3 0x800138bc (0xff9ff06f)
core   0: 0x800138b4 (0x00001f17) auipc   t5, 0x1
core   0: 3 0x800138b4 (0x00001f17) x30 0x800148b4
core   0: 0x800138b8 (0x743f2623) sw      gp, 1868(t5)
core   0: 3 0x800138b8 (0x743f2623) mem 0x80015000 0x00000001
core   0: 0x800138bc (0xff9ff06f) j       pc - 0x8
core   0: 3 0x800138bc (0xff9ff06f)
core   0: 0x800138b4 (0x00001f17) auipc   t5, 0x1
core   0: 3 0x800138b4 (0x00001f17) x30 0x800148b4
core   0: 0x800138b8 (0x743f2623) sw      gp, 1868(t5)
core   0: 3 0x800138b8 (0x743f2623) mem 0x80015000 0x00000001
core   0: 0x800138bc (0xff9ff06f) j       pc - 0x8
core   0: 3 0x800138bc (0xff9ff06f)
core   0: 0x800138b4 (0x00001f17) auipc   t5, 0x1
core   0: 3 0x800138b4 (0x00001f17) x30 0x800148b4
core   0: 0x800138b8 (0x743f2623) sw      gp, 1868(t5)
core   0: 3 0x800138b8 (0x743f2623) mem 0x80015000 0x00000001
core   0: 0x800138bc (0xff9ff06f) j       pc - 0x8
core   0: 3 0x800138bc (0xff9ff06f)
core   0: 0x800138b4 (0x00001f17) auipc   t5, 0x1
core   0: 3 0x800138b4 (0x00001f17) x30 0x800148b4
core   0: 0x800138b8 (0x743f2623) sw      gp, 1868(t5)
core   0: 3 0x800138b8 (0x743f2623) mem 0x80015000 0x00000001
core   0: 0x800138bc (0xff9ff06f) j       pc - 0x8
core   0: 3 0x800138bc (0xff9ff06f)
core   0: 0x800138b4 (0x00001f17) auipc   t5, 0x1
core   0: 3 0x800138b4 (0x00001f17) x30 0x800148b4
core   0: 0x800138b8 (0x743f2623) sw      gp, 1868(t5)
core   0: 3 0x800138b8 (0x743f2623) mem 0x80015000 0x00000001
core   0: 0x800138bc (0xff9ff06f) j       pc - 0x8
core   0: 3 0x800138bc (0xff9ff06f)
core   0: 0x800138b4 (0x00001f17) auipc   t5, 0x1
core   0: 3 0x800138b4 (0x00001f17) x30 0x800148b4
core   0: 0x800138b8 (0x743f2623) sw      gp, 1868(t5)
core   0: 3 0x800138b8 (0x743f2623) mem 0x80015000 0x00000001
core   0: 0x800138bc (0xff9ff06f) j       pc - 0x8
core   0: 3 0x800138bc (0xff9ff06f)
core   0: 0x800138b4 (0x00001f17) auipc   t5, 0x1
core   0: 3 0x800138b4 (0x00001f17) x30 0x800148b4
core   0: 0x800138b8 (0x743f2623) sw      gp, 1868(t5)
core   0: 3 0x800138b8 (0x743f2623) mem 0x80015000 0x00000001
core   0: 0x800138bc (0xff9ff06f) j       pc - 0x8
core   0: 3 0x800138bc (0xff9ff06f)
core   0: 0x800138b4 (0x00001f17) auipc   t5, 0x1
core   0: 3 0x800138b4 (0x00001f17) x30 0x800148b4
core   0: 0x800138b8 (0x743f2623) sw      gp, 1868(t5)
core   0: 3 0x800138b8 (0x743f2623) mem 0x80015000 0x00000001
core   0: 0x800138bc (0xff9ff06f) j       pc - 0x8
core   0: 3 0x800138bc (0xff9ff06f)
core   0: 0x800138b4 (0x00001f17) auipc   t5, 0x1
core   0: 3 0x800138b4 (0x00001f17) x30 0x800148b4
core   0: 0x800138b8 (0x743f2623) sw      gp, 1868(t5)
core   0: 3 0x800138b8 (0x743f2623) mem 0x80015000 0x00000001
core   0: 0x800138bc (0xff9ff06f) j       pc - 0x8
core   0: 3 0x800138bc (0xff9ff06f)
core   0: 0x800138b4 (0x00001f17) auipc   t5, 0x1
core   0: 3 0x800138b4 (0x00001f17) x30 0x800148b4
core   0: 0x800138b8 (0x743f2623) sw      gp, 1868(t5)
core   0: 3 0x800138b8 (0x743f2623) mem 0x80015000 0x00000001
core   0: 0x800138bc (0xff9ff06f) j       pc - 0x8
core   0: 3 0x800138bc (0xff9ff06f)
core   0: 0x800138b4 (0x00001f17) auipc   t5, 0x1
core   0: 3 0x800138b4 (0x00001f17) x30 0x800148b4
core   0: 0x800138b8 (0x743f2623) sw      gp, 1868(t5)
core   0: 3 0x800138b8 (0x743f2623) mem 0x80015000 0x00000001
core   0: 0x800138bc (0xff9ff06f) j       pc - 0x8
core   0: 3 0x800138bc (0xff9ff06f)
core   0: 0x800138b4 (0x00001f17) auipc   t5, 0x1
core   0: 3 0x800138b4 (0x00001f17) x30 0x800148b4
core   0: 0x800138b8 (0x743f2623) sw      gp, 1868(t5)
core   0: 3 0x800138b8 (0x743f2623) mem 0x80015000 0x00000001
core   0: 0x800138bc (0xff9ff06f) j       pc - 0x8
core   0: 3 0x800138bc (0xff9ff06f)
core   0: 0x800138b4 (0x00001f17) auipc   t5, 0x1
core   0: 3 0x800138b4 (0x00001f17) x30 0x800148b4
core   0: 0x800138b8 (0x743f2623) sw      gp, 1868(t5)
core   0: 3 0x800138b8 (0x743f2623) mem 0x80015000 0x00000001
core   0: 0x800138bc (0xff9ff06f) j       pc - 0x8
core   0: 3 0x800138bc (0xff9ff06f)
core   0: 0x800138b4 (0x00001f17) auipc   t5, 0x1
core   0: 3 0x800138b4 (0x00001f17) x30 0x800148b4
core   0: 0x800138b8 (0x743f2623) sw      gp, 1868(t5)
core   0: 3 0x800138b8 (0x743f2623) mem 0x80015000 0x00000001
core   0: 0x800138bc (0xff9ff06f) j       pc - 0x8
core   0: 3 0x800138bc (0xff9ff06f)
core   0: 0x800138b4 (0x00001f17) auipc   t5, 0x1
core   0: 3 0x800138b4 (0x00001f17) x30 0x800148b4
core   0: 0x800138b8 (0x743f2623) sw      gp, 1868(t5)
core   0: 3 0x800138b8 (0x743f2623) mem 0x80015000 0x00000001
core   0: 0x800138bc (0xff9ff06f) j       pc - 0x8
core   0: 3 0x800138bc (0xff9ff06f)
core   0: 0x800138b4 (0x00001f17) auipc   t5, 0x1
core   0: 3 0x800138b4 (0x00001f17) x30 0x800148b4
core   0: 0x800138b8 (0x743f2623) sw      gp, 1868(t5)
core   0: 3 0x800138b8 (0x743f2623) mem 0x80015000 0x00000001
core   0: 0x800138bc (0xff9ff06f) j       pc - 0x8
core   0: 3 0x800138bc (0xff9ff06f)
core   0: 0x800138b4 (0x00001f17) auipc   t5, 0x1
core   0: 3 0x800138b4 (0x00001f17) x30 0x800148b4
core   0: 0x800138b8 (0x743f2623) sw      gp, 1868(t5)
core   0: 3 0x800138b8 (0x743f2623) mem 0x80015000 0x00000001
core   0: 0x800138bc (0xff9ff06f) j       pc - 0x8
core   0: 3 0x800138bc (0xff9ff06f)
core   0: 0x800138b4 (0x00001f17) auipc   t5, 0x1
core   0: 3 0x800138b4 (0x00001f17) x30 0x800148b4
core   0: 0x800138b8 (0x743f2623) sw      gp, 1868(t5)
core   0: 3 0x800138b8 (0x743f2623) mem 0x80015000 0x00000001
core   0: 0x800138bc (0xff9ff06f) j       pc - 0x8
core   0: 3 0x800138bc (0xff9ff06f)
core   0: 0x800138b4 (0x00001f17) auipc   t5, 0x1
core   0: 3 0x800138b4 (0x00001f17) x30 0x800148b4
core   0: 0x800138b8 (0x743f2623) sw      gp, 1868(t5)
core   0: 3 0x800138b8 (0x743f2623) mem 0x80015000 0x00000001
core   0: 0x800138bc (0xff9ff06f) j       pc - 0x8
core   0: 3 0x800138bc (0xff9ff06f)
core   0: 0x800138b4 (0x00001f17) auipc   t5, 0x1
core   0: 3 0x800138b4 (0x00001f17) x30 0x800148b4
core   0: 0x800138b8 (0x743f2623) sw      gp, 1868(t5)
core   0: 3 0x800138b8 (0x743f2623) mem 0x80015000 0x00000001
core   0: 0x800138bc (0xff9ff06f) j       pc - 0x8
core   0: 3 0x800138bc (0xff9ff06f)
core   0: 0x800138b4 (0x00001f17) auipc   t5, 0x1
core   0: 3 0x800138b4 (0x00001f17) x30 0x800148b4
core   0: 0x800138b8 (0x743f2623) sw      gp, 1868(t5)
core   0: 3 0x800138b8 (0x743f2623) mem 0x80015000 0x00000001
core   0: 0x800138bc (0xff9ff06f) j       pc - 0x8
core   0: 3 0x800138bc (0xff9ff06f)
core   0: 0x800138b4 (0x00001f17) auipc   t5, 0x1
core   0: 3 0x800138b4 (0x00001f17) x30 0x800148b4
core   0: 0x800138b8 (0x743f2623) sw      gp, 1868(t5)
core   0: 3 0x800138b8 (0x743f2623) mem 0x80015000 0x00000001
core   0: 0x800138bc (0xff9ff06f) j       pc - 0x8
core   0: 3 0x800138bc (0xff9ff06f)
core   0: 0x800138b4 (0x00001f17) auipc   t5, 0x1
core   0: 3 0x800138b4 (0x00001f17) x30 0x800148b4
core   0: 0x800138b8 (0x743f2623) sw      gp, 1868(t5)
core   0: 3 0x800138b8 (0x743f2623) mem 0x80015000 0x00000001
core   0: 0x800138bc (0xff9ff06f) j       pc - 0x8
core   0: 3 0x800138bc (0xff9ff06f)
core   0: 0x800138b4 (0x00001f17) auipc   t5, 0x1
core   0: 3 0x800138b4 (0x00001f17) x30 0x800148b4
core   0: 0x800138b8 (0x743f2623) sw      gp, 1868(t5)
core   0: 3 0x800138b8 (0x743f2623) mem 0x80015000 0x00000001
core   0: 0x800138bc (0xff9ff06f) j       pc - 0x8
core   0: 3 0x800138bc (0xff9ff06f)
core   0: 0x800138b4 (0x00001f17) auipc   t5, 0x1
core   0: 3 0x800138b4 (0x00001f17) x30 0x800148b4
core   0: 0x800138b8 (0x743f2623) sw      gp, 1868(t5)
core   0: 3 0x800138b8 (0x743f2623) mem 0x80015000 0x00000001
core   0: 0x800138bc (0xff9ff06f) j       pc - 0x8
core   0: 3 0x800138bc (0xff9ff06f)
core   0: 0x800138b4 (0x00001f17) auipc   t5, 0x1
core   0: 3 0x800138b4 (0x00001f17) x30 0x800148b4
core   0: 0x800138b8 (0x743f2623) sw      gp, 1868(t5)
core   0: 3 0x800138b8 (0x743f2623) mem 0x80015000 0x00000001
core   0: 0x800138bc (0xff9ff06f) j       pc - 0x8
core   0: 3 0x800138bc (0xff9ff06f)
core   0: 0x800138b4 (0x00001f17) auipc   t5, 0x1
core   0: 3 0x800138b4 (0x00001f17) x30 0x800148b4
core   0: 0x800138b8 (0x743f2623) sw      gp, 1868(t5)
core   0: 3 0x800138b8 (0x743f2623) mem 0x80015000 0x00000001
core   0: 0x800138bc (0xff9ff06f) j       pc - 0x8
core   0: 3 0x800138bc (0xff9ff06f)
core   0: 0x800138b4 (0x00001f17) auipc   t5, 0x1
core   0: 3 0x800138b4 (0x00001f17) x30 0x800148b4
core   0: 0x800138b8 (0x743f2623) sw      gp, 1868(t5)
core   0: 3 0x800138b8 (0x743f2623) mem 0x80015000 0x00000001
core   0: 0x800138bc (0xff9ff06f) j       pc - 0x8
core   0: 3 0x800138bc (0xff9ff06f)
core   0: 0x800138b4 (0x00001f17) auipc   t5, 0x1
core   0: 3 0x800138b4 (0x00001f17) x30 0x800148b4
core   0: 0x800138b8 (0x743f2623) sw      gp, 1868(t5)
core   0: 3 0x800138b8 (0x743f2623) mem 0x80015000 0x00000001
core   0: 0x800138bc (0xff9ff06f) j       pc - 0x8
core   0: 3 0x800138bc (0xff9ff06f)
core   0: 0x800138b4 (0x00001f17) auipc   t5, 0x1
core   0: 3 0x800138b4 (0x00001f17) x30 0x800148b4
core   0: 0x800138b8 (0x743f2623) sw      gp, 1868(t5)
core   0: 3 0x800138b8 (0x743f2623) mem 0x80015000 0x00000001
core   0: 0x800138bc (0xff9ff06f) j       pc - 0x8
core   0: 3 0x800138bc (0xff9ff06f)
core   0: 0x800138b4 (0x00001f17) auipc   t5, 0x1
core   0: 3 0x800138b4 (0x00001f17) x30 0x800148b4
core   0: 0x800138b8 (0x743f2623) sw      gp, 1868(t5)
core   0: 3 0x800138b8 (0x743f2623) mem 0x80015000 0x00000001
core   0: 0x800138bc (0xff9ff06f) j       pc - 0x8
core   0: 3 0x800138bc (0xff9ff06f)
core   0: 0x800138b4 (0x00001f17) auipc   t5, 0x1
core   0: 3 0x800138b4 (0x00001f17) x30 0x800148b4
core   0: 0x800138b8 (0x743f2623) sw      gp, 1868(t5)
core   0: 3 0x800138b8 (0x743f2623) mem 0x80015000 0x00000001
core   0: 0x800138bc (0xff9ff06f) j       pc - 0x8
core   0: 3 0x800138bc (0xff9ff06f)
core   0: 0x800138b4 (0x00001f17) auipc   t5, 0x1
core   0: 3 0x800138b4 (0x00001f17) x30 0x800148b4
core   0: 0x800138b8 (0x743f2623) sw      gp, 1868(t5)
core   0: 3 0x800138b8 (0x743f2623) mem 0x80015000 0x00000001
core   0: 0x800138bc (0xff9ff06f) j       pc - 0x8
core   0: 3 0x800138bc (0xff9ff06f)
core   0: 0x800138b4 (0x00001f17) auipc   t5, 0x1
core   0: 3 0x800138b4 (0x00001f17) x30 0x800148b4
core   0: 0x800138b8 (0x743f2623) sw      gp, 1868(t5)
core   0: 3 0x800138b8 (0x743f2623) mem 0x80015000 0x00000001
core   0: 0x800138bc (0xff9ff06f) j       pc - 0x8
core   0: 3 0x800138bc (0xff9ff06f)
core   0: 0x800138b4 (0x00001f17) auipc   t5, 0x1
core   0: 3 0x800138b4 (0x00001f17) x30 0x800148b4
core   0: 0x800138b8 (0x743f2623) sw      gp, 1868(t5)
core   0: 3 0x800138b8 (0x743f2623) mem 0x80015000 0x00000001
core   0: 0x800138bc (0xff9ff06f) j       pc - 0x8
core   0: 3 0x800138bc (0xff9ff06f)
core   0: 0x800138b4 (0x00001f17) auipc   t5, 0x1
core   0: 3 0x800138b4 (0x00001f17) x30 0x800148b4
core   0: 0x800138b8 (0x743f2623) sw      gp, 1868(t5)
core   0: 3 0x800138b8 (0x743f2623) mem 0x80015000 0x00000001
core   0: 0x800138bc (0xff9ff06f) j       pc - 0x8
core   0: 3 0x800138bc (0xff9ff06f)
core   0: 0x800138b4 (0x00001f17) auipc   t5, 0x1
core   0: 3 0x800138b4 (0x00001f17) x30 0x800148b4
core   0: 0x800138b8 (0x743f2623) sw      gp, 1868(t5)
core   0: 3 0x800138b8 (0x743f2623) mem 0x80015000 0x00000001
core   0: 0x800138bc (0xff9ff06f) j       pc - 0x8
core   0: 3 0x800138bc (0xff9ff06f)
core   0: 0x800138b4 (0x00001f17) auipc   t5, 0x1
core   0: 3 0x800138b4 (0x00001f17) x30 0x800148b4
core   0: 0x800138b8 (0x743f2623) sw      gp, 1868(t5)
core   0: 3 0x800138b8 (0x743f2623) mem 0x80015000 0x00000001
core   0: 0x800138bc (0xff9ff06f) j       pc - 0x8
core   0: 3 0x800138bc (0xff9ff06f)
core   0: 0x800138b4 (0x00001f17) auipc   t5, 0x1
core   0: 3 0x800138b4 (0x00001f17) x30 0x800148b4
core   0: 0x800138b8 (0x743f2623) sw      gp, 1868(t5)
core   0: 3 0x800138b8 (0x743f2623) mem 0x80015000 0x00000001
core   0: 0x800138bc (0xff9ff06f) j       pc - 0x8
core   0: 3 0x800138bc (0xff9ff06f)
core   0: 0x800138b4 (0x00001f17) auipc   t5, 0x1
core   0: 3 0x800138b4 (0x00001f17) x30 0x800148b4
core   0: 0x800138b8 (0x743f2623) sw      gp, 1868(t5)
core   0: 3 0x800138b8 (0x743f2623) mem 0x80015000 0x00000001
core   0: 0x800138bc (0xff9ff06f) j       pc - 0x8
core   0: 3 0x800138bc (0xff9ff06f)
core   0: 0x800138b4 (0x00001f17) auipc   t5, 0x1
core   0: 3 0x800138b4 (0x00001f17) x30 0x800148b4
core   0: 0x800138b8 (0x743f2623) sw      gp, 1868(t5)
core   0: 3 0x800138b8 (0x743f2623) mem 0x80015000 0x00000001
core   0: 0x800138bc (0xff9ff06f) j       pc - 0x8
core   0: 3 0x800138bc (0xff9ff06f)
core   0: 0x800138b4 (0x00001f17) auipc   t5, 0x1
core   0: 3 0x800138b4 (0x00001f17) x30 0x800148b4
core   0: 0x800138b8 (0x743f2623) sw      gp, 1868(t5)
core   0: 3 0x800138b8 (0x743f2623) mem 0x80015000 0x00000001
core   0: 0x800138bc (0xff9ff06f) j       pc - 0x8
core   0: 3 0x800138bc (0xff9ff06f)
core   0: 0x800138b4 (0x00001f17) auipc   t5, 0x1
core   0: 3 0x800138b4 (0x00001f17) x30 0x800148b4
core   0: 0x800138b8 (0x743f2623) sw      gp, 1868(t5)
core   0: 3 0x800138b8 (0x743f2623) mem 0x80015000 0x00000001
core   0: 0x800138bc (0xff9ff06f) j       pc - 0x8
core   0: 3 0x800138bc (0xff9ff06f)
core   0: 0x800138b4 (0x00001f17) auipc   t5, 0x1
core   0: 3 0x800138b4 (0x00001f17) x30 0x800148b4
core   0: 0x800138b8 (0x743f2623) sw      gp, 1868(t5)
core   0: 3 0x800138b8 (0x743f2623) mem 0x80015000 0x00000001
core   0: 0x800138bc (0xff9ff06f) j       pc - 0x8
core   0: 3 0x800138bc (0xff9ff06f)
core   0: 0x800138b4 (0x00001f17) auipc   t5, 0x1
core   0: 3 0x800138b4 (0x00001f17) x30 0x800148b4
core   0: 0x800138b8 (0x743f2623) sw      gp, 1868(t5)
core   0: 3 0x800138b8 (0x743f2623) mem 0x80015000 0x00000001
core   0: 0x800138bc (0xff9ff06f) j       pc - 0x8
core   0: 3 0x800138bc (0xff9ff06f)
core   0: 0x800138b4 (0x00001f17) auipc   t5, 0x1
core   0: 3 0x800138b4 (0x00001f17) x30 0x800148b4
core   0: 0x800138b8 (0x743f2623) sw      gp, 1868(t5)
core   0: 3 0x800138b8 (0x743f2623) mem 0x80015000 0x00000001
core   0: 0x800138bc (0xff9ff06f) j       pc - 0x8
core   0: 3 0x800138bc (0xff9ff06f)
core   0: 0x800138b4 (0x00001f17) auipc   t5, 0x1
core   0: 3 0x800138b4 (0x00001f17) x30 0x800148b4
core   0: 0x800138b8 (0x743f2623) sw      gp, 1868(t5)
core   0: 3 0x800138b8 (0x743f2623) mem 0x80015000 0x00000001
core   0: 0x800138bc (0xff9ff06f) j       pc - 0x8
core   0: 3 0x800138bc (0xff9ff06f)
core   0: 0x800138b4 (0x00001f17) auipc   t5, 0x1
core   0: 3 0x800138b4 (0x00001f17) x30 0x800148b4
core   0: 0x800138b8 (0x743f2623) sw      gp, 1868(t5)
core   0: 3 0x800138b8 (0x743f2623) mem 0x80015000 0x00000001
core   0: 0x800138bc (0xff9ff06f) j       pc - 0x8
core   0: 3 0x800138bc (0xff9ff06f)
core   0: 0x800138b4 (0x00001f17) auipc   t5, 0x1
core   0: 3 0x800138b4 (0x00001f17) x30 0x800148b4
core   0: 0x800138b8 (0x743f2623) sw      gp, 1868(t5)
core   0: 3 0x800138b8 (0x743f2623) mem 0x80015000 0x00000001
core   0: 0x800138bc (0xff9ff06f) j       pc - 0x8
core   0: 3 0x800138bc (0xff9ff06f)
core   0: 0x800138b4 (0x00001f17) auipc   t5, 0x1
core   0: 3 0x800138b4 (0x00001f17) x30 0x800148b4
core   0: 0x800138b8 (0x743f2623) sw      gp, 1868(t5)
core   0: 3 0x800138b8 (0x743f2623) mem 0x80015000 0x00000001
core   0: 0x800138bc (0xff9ff06f) j       pc - 0x8
core   0: 3 0x800138bc (0xff9ff06f)
core   0: 0x800138b4 (0x00001f17) auipc   t5, 0x1
core   0: 3 0x800138b4 (0x00001f17) x30 0x800148b4
core   0: 0x800138b8 (0x743f2623) sw      gp, 1868(t5)
core   0: 3 0x800138b8 (0x743f2623) mem 0x80015000 0x00000001
core   0: 0x800138bc (0xff9ff06f) j       pc - 0x8
core   0: 3 0x800138bc (0xff9ff06f)
core   0: 0x800138b4 (0x00001f17) auipc   t5, 0x1
core   0: 3 0x800138b4 (0x00001f17) x30 0x800148b4
core   0: 0x800138b8 (0x743f2623) sw      gp, 1868(t5)
core   0: 3 0x800138b8 (0x743f2623) mem 0x80015000 0x00000001
core   0: 0x800138bc (0xff9ff06f) j       pc - 0x8
core   0: 3 0x800138bc (0xff9ff06f)
core   0: 0x800138b4 (0x00001f17) auipc   t5, 0x1
core   0: 3 0x800138b4 (0x00001f17) x30 0x800148b4
core   0: 0x800138b8 (0x743f2623) sw      gp, 1868(t5)
core   0: 3 0x800138b8 (0x743f2623) mem 0x80015000 0x00000001
core   0: 0x800138bc (0xff9ff06f) j       pc - 0x8
core   0: 3 0x800138bc (0xff9ff06f)
core   0: 0x800138b4 (0x00001f17) auipc   t5, 0x1
core   0: 3 0x800138b4 (0x00001f17) x30 0x800148b4
core   0: 0x800138b8 (0x743f2623) sw      gp, 1868(t5)
core   0: 3 0x800138b8 (0x743f2623) mem 0x80015000 0x00000001
core   0: 0x800138bc (0xff9ff06f) j       pc - 0x8
core   0: 3 0x800138bc (0xff9ff06f)
core   0: 0x800138b4 (0x00001f17) auipc   t5, 0x1
core   0: 3 0x800138b4 (0x00001f17) x30 0x800148b4
core   0: 0x800138b8 (0x743f2623) sw      gp, 1868(t5)
core   0: 3 0x800138b8 (0x743f2623) mem 0x80015000 0x00000001
core   0: 0x800138bc (0xff9ff06f) j       pc - 0x8
core   0: 3 0x800138bc (0xff9ff06f)
core   0: 0x800138b4 (0x00001f17) auipc   t5, 0x1
core   0: 3 0x800138b4 (0x00001f17) x30 0x800148b4
core   0: 0x800138b8 (0x743f2623) sw      gp, 1868(t5)
core   0: 3 0x800138b8 (0x743f2623) mem 0x80015000 0x00000001
core   0: 0x800138bc (0xff9ff06f) j       pc - 0x8
core   0: 3 0x800138bc (0xff9ff06f)
core   0: 0x800138b4 (0x00001f17) auipc   t5, 0x1
core   0: 3 0x800138b4 (0x00001f17) x30 0x800148b4
core   0: 0x800138b8 (0x743f2623) sw      gp, 1868(t5)
core   0: 3 0x800138b8 (0x743f2623) mem 0x80015000 0x00000001
core   0: 0x800138bc (0xff9ff06f) j       pc - 0x8
core   0: 3 0x800138bc (0xff9ff06f)
core   0: 0x800138b4 (0x00001f17) auipc   t5, 0x1
core   0: 3 0x800138b4 (0x00001f17) x30 0x800148b4
core   0: 0x800138b8 (0x743f2623) sw      gp, 1868(t5)
core   0: 3 0x800138b8 (0x743f2623) mem 0x80015000 0x00000001
core   0: 0x800138bc (0xff9ff06f) j       pc - 0x8
core   0: 3 0x800138bc (0xff9ff06f)
core   0: 0x800138b4 (0x00001f17) auipc   t5, 0x1
core   0: 3 0x800138b4 (0x00001f17) x30 0x800148b4
core   0: 0x800138b8 (0x743f2623) sw      gp, 1868(t5)
core   0: 3 0x800138b8 (0x743f2623) mem 0x80015000 0x00000001
core   0: 0x800138bc (0xff9ff06f) j       pc - 0x8
core   0: 3 0x800138bc (0xff9ff06f)
core   0: 0x800138b4 (0x00001f17) auipc   t5, 0x1
core   0: 3 0x800138b4 (0x00001f17) x30 0x800148b4
core   0: 0x800138b8 (0x743f2623) sw      gp, 1868(t5)
core   0: 3 0x800138b8 (0x743f2623) mem 0x80015000 0x00000001
core   0: 0x800138bc (0xff9ff06f) j       pc - 0x8
core   0: 3 0x800138bc (0xff9ff06f)
core   0: 0x800138b4 (0x00001f17) auipc   t5, 0x1
core   0: 3 0x800138b4 (0x00001f17) x30 0x800148b4
core   0: 0x800138b8 (0x743f2623) sw      gp, 1868(t5)
core   0: 3 0x800138b8 (0x743f2623) mem 0x80015000 0x00000001
core   0: 0x800138bc (0xff9ff06f) j       pc - 0x8
core   0: 3 0x800138bc (0xff9ff06f)
core   0: 0x800138b4 (0x00001f17) auipc   t5, 0x1
core   0: 3 0x800138b4 (0x00001f17) x30 0x800148b4
core   0: 0x800138b8 (0x743f2623) sw      gp, 1868(t5)
core   0: 3 0x800138b8 (0x743f2623) mem 0x80015000 0x00000001
core   0: 0x800138bc (0xff9ff06f) j       pc - 0x8
core   0: 3 0x800138bc (0xff9ff06f)
core   0: 0x800138b4 (0x00001f17) auipc   t5, 0x1
core   0: 3 0x800138b4 (0x00001f17) x30 0x800148b4
core   0: 0x800138b8 (0x743f2623) sw      gp, 1868(t5)
core   0: 3 0x800138b8 (0x743f2623) mem 0x80015000 0x00000001
core   0: 0x800138bc (0xff9ff06f) j       pc - 0x8
core   0: 3 0x800138bc (0xff9ff06f)
core   0: 0x800138b4 (0x00001f17) auipc   t5, 0x1
core   0: 3 0x800138b4 (0x00001f17) x30 0x800148b4
core   0: 0x800138b8 (0x743f2623) sw      gp, 1868(t5)
core   0: 3 0x800138b8 (0x743f2623) mem 0x80015000 0x00000001
core   0: 0x800138bc (0xff9ff06f) j       pc - 0x8
core   0: 3 0x800138bc (0xff9ff06f)
core   0: 0x800138b4 (0x00001f17) auipc   t5, 0x1
core   0: 3 0x800138b4 (0x00001f17) x30 0x800148b4
core   0: 0x800138b8 (0x743f2623) sw      gp, 1868(t5)
core   0: 3 0x800138b8 (0x743f2623) mem 0x80015000 0x00000001
core   0: 0x800138bc (0xff9ff06f) j       pc - 0x8
core   0: 3 0x800138bc (0xff9ff06f)
core   0: 0x800138b4 (0x00001f17) auipc   t5, 0x1
core   0: 3 0x800138b4 (0x00001f17) x30 0x800148b4
core   0: 0x800138b8 (0x743f2623) sw      gp, 1868(t5)
core   0: 3 0x800138b8 (0x743f2623) mem 0x80015000 0x00000001
core   0: 0x800138bc (0xff9ff06f) j       pc - 0x8
core   0: 3 0x800138bc (0xff9ff06f)
core   0: 0x800138b4 (0x00001f17) auipc   t5, 0x1
core   0: 3 0x800138b4 (0x00001f17) x30 0x800148b4
core   0: 0x800138b8 (0x743f2623) sw      gp, 1868(t5)
core   0: 3 0x800138b8 (0x743f2623) mem 0x80015000 0x00000001
core   0: 0x800138bc (0xff9ff06f) j       pc - 0x8
core   0: 3 0x800138bc (0xff9ff06f)
core   0: 0x800138b4 (0x00001f17) auipc   t5, 0x1
core   0: 3 0x800138b4 (0x00001f17) x30 0x800148b4
core   0: 0x800138b8 (0x743f2623) sw      gp, 1868(t5)
core   0: 3 0x800138b8 (0x743f2623) mem 0x80015000 0x00000001
core   0: 0x800138bc (0xff9ff06f) j       pc - 0x8
core   0: 3 0x800138bc (0xff9ff06f)
core   0: 0x800138b4 (0x00001f17) auipc   t5, 0x1
core   0: 3 0x800138b4 (0x00001f17) x30 0x800148b4
core   0: 0x800138b8 (0x743f2623) sw      gp, 1868(t5)
core   0: 3 0x800138b8 (0x743f2623) mem 0x80015000 0x00000001
core   0: 0x800138bc (0xff9ff06f) j       pc - 0x8
core   0: 3 0x800138bc (0xff9ff06f)
core   0: 0x800138b4 (0x00001f17) auipc   t5, 0x1
core   0: 3 0x800138b4 (0x00001f17) x30 0x800148b4
core   0: 0x800138b8 (0x743f2623) sw      gp, 1868(t5)
core   0: 3 0x800138b8 (0x743f2623) mem 0x80015000 0x00000001
core   0: 0x800138bc (0xff9ff06f) j       pc - 0x8
core   0: 3 0x800138bc (0xff9ff06f)
core   0: 0x800138b4 (0x00001f17) auipc   t5, 0x1
core   0: 3 0x800138b4 (0x00001f17) x30 0x800148b4
core   0: 0x800138b8 (0x743f2623) sw      gp, 1868(t5)
core   0: 3 0x800138b8 (0x743f2623) mem 0x80015000 0x00000001
core   0: 0x800138bc (0xff9ff06f) j       pc - 0x8
core   0: 3 0x800138bc (0xff9ff06f)
core   0: 0x800138b4 (0x00001f17) auipc   t5, 0x1
core   0: 3 0x800138b4 (0x00001f17) x30 0x800148b4
core   0: 0x800138b8 (0x743f2623) sw      gp, 1868(t5)
core   0: 3 0x800138b8 (0x743f2623) mem 0x80015000 0x00000001
core   0: 0x800138bc (0xff9ff06f) j       pc - 0x8
core   0: 3 0x800138bc (0xff9ff06f)
core   0: 0x800138b4 (0x00001f17) auipc   t5, 0x1
core   0: 3 0x800138b4 (0x00001f17) x30 0x800148b4
core   0: 0x800138b8 (0x743f2623) sw      gp, 1868(t5)
core   0: 3 0x800138b8 (0x743f2623) mem 0x80015000 0x00000001
core   0: 0x800138bc (0xff9ff06f) j       pc - 0x8
core   0: 3 0x800138bc (0xff9ff06f)
core   0: 0x800138b4 (0x00001f17) auipc   t5, 0x1
core   0: 3 0x800138b4 (0x00001f17) x30 0x800148b4
core   0: 0x800138b8 (0x743f2623) sw      gp, 1868(t5)
core   0: 3 0x800138b8 (0x743f2623) mem 0x80015000 0x00000001
core   0: 0x800138bc (0xff9ff06f) j       pc - 0x8
core   0: 3 0x800138bc (0xff9ff06f)
core   0: 0x800138b4 (0x00001f17) auipc   t5, 0x1
core   0: 3 0x800138b4 (0x00001f17) x30 0x800148b4
core   0: 0x800138b8 (0x743f2623) sw      gp, 1868(t5)
core   0: 3 0x800138b8 (0x743f2623) mem 0x80015000 0x00000001
core   0: 0x800138bc (0xff9ff06f) j       pc - 0x8
core   0: 3 0x800138bc (0xff9ff06f)
core   0: 0x800138b4 (0x00001f17) auipc   t5, 0x1
core   0: 3 0x800138b4 (0x00001f17) x30 0x800148b4
core   0: 0x800138b8 (0x743f2623) sw      gp, 1868(t5)
core   0: 3 0x800138b8 (0x743f2623) mem 0x80015000 0x00000001
core   0: 0x800138bc (0xff9ff06f) j       pc - 0x8
core   0: 3 0x800138bc (0xff9ff06f)
core   0: 0x800138b4 (0x00001f17) auipc   t5, 0x1
core   0: 3 0x800138b4 (0x00001f17) x30 0x800148b4
core   0: 0x800138b8 (0x743f2623) sw      gp, 1868(t5)
core   0: 3 0x800138b8 (0x743f2623) mem 0x80015000 0x00000001
core   0: 0x800138bc (0xff9ff06f) j       pc - 0x8
core   0: 3 0x800138bc (0xff9ff06f)
core   0: 0x800138b4 (0x00001f17) auipc   t5, 0x1
core   0: 3 0x800138b4 (0x00001f17) x30 0x800148b4
core   0: 0x800138b8 (0x743f2623) sw      gp, 1868(t5)
core   0: 3 0x800138b8 (0x743f2623) mem 0x80015000 0x00000001
core   0: 0x800138bc (0xff9ff06f) j       pc - 0x8
core   0: 3 0x800138bc (0xff9ff06f)
core   0: 0x800138b4 (0x00001f17) auipc   t5, 0x1
core   0: 3 0x800138b4 (0x00001f17) x30 0x800148b4
core   0: 0x800138b8 (0x743f2623) sw      gp, 1868(t5)
core   0: 3 0x800138b8 (0x743f2623) mem 0x80015000 0x00000001
core   0: 0x800138bc (0xff9ff06f) j       pc - 0x8
core   0: 3 0x800138bc (0xff9ff06f)
core   0: 0x800138b4 (0x00001f17) auipc   t5, 0x1
core   0: 3 0x800138b4 (0x00001f17) x30 0x800148b4
core   0: 0x800138b8 (0x743f2623) sw      gp, 1868(t5)
core   0: 3 0x800138b8 (0x743f2623) mem 0x80015000 0x00000001
core   0: 0x800138bc (0xff9ff06f) j       pc - 0x8
core   0: 3 0x800138bc (0xff9ff06f)
core   0: 0x800138b4 (0x00001f17) auipc   t5, 0x1
core   0: 3 0x800138b4 (0x00001f17) x30 0x800148b4
core   0: 0x800138b8 (0x743f2623) sw      gp, 1868(t5)
core   0: 3 0x800138b8 (0x743f2623) mem 0x80015000 0x00000001
core   0: 0x800138bc (0xff9ff06f) j       pc - 0x8
core   0: 3 0x800138bc (0xff9ff06f)
core   0: 0x800138b4 (0x00001f17) auipc   t5, 0x1
core   0: 3 0x800138b4 (0x00001f17) x30 0x800148b4
core   0: 0x800138b8 (0x743f2623) sw      gp, 1868(t5)
core   0: 3 0x800138b8 (0x743f2623) mem 0x80015000 0x00000001
core   0: 0x800138bc (0xff9ff06f) j       pc - 0x8
core   0: 3 0x800138bc (0xff9ff06f)
core   0: 0x800138b4 (0x00001f17) auipc   t5, 0x1
core   0: 3 0x800138b4 (0x00001f17) x30 0x800148b4
core   0: 0x800138b8 (0x743f2623) sw      gp, 1868(t5)
core   0: 3 0x800138b8 (0x743f2623) mem 0x80015000 0x00000001
core   0: 0x800138bc (0xff9ff06f) j       pc - 0x8
core   0: 3 0x800138bc (0xff9ff06f)
core   0: 0x800138b4 (0x00001f17) auipc   t5, 0x1
core   0: 3 0x800138b4 (0x00001f17) x30 0x800148b4
core   0: 0x800138b8 (0x743f2623) sw      gp, 1868(t5)
core   0: 3 0x800138b8 (0x743f2623) mem 0x80015000 0x00000001
core   0: 0x800138bc (0xff9ff06f) j       pc - 0x8
core   0: 3 0x800138bc (0xff9ff06f)
core   0: 0x800138b4 (0x00001f17) auipc   t5, 0x1
core   0: 3 0x800138b4 (0x00001f17) x30 0x800148b4
core   0: 0x800138b8 (0x743f2623) sw      gp, 1868(t5)
core   0: 3 0x800138b8 (0x743f2623) mem 0x80015000 0x00000001
core   0: 0x800138bc (0xff9ff06f) j       pc - 0x8
core   0: 3 0x800138bc (0xff9ff06f)
core   0: 0x800138b4 (0x00001f17) auipc   t5, 0x1
core   0: 3 0x800138b4 (0x00001f17) x30 0x800148b4
core   0: 0x800138b8 (0x743f2623) sw      gp, 1868(t5)
core   0: 3 0x800138b8 (0x743f2623) mem 0x80015000 0x00000001
core   0: 0x800138bc (0xff9ff06f) j       pc - 0x8
core   0: 3 0x800138bc (0xff9ff06f)
core   0: 0x800138b4 (0x00001f17) auipc   t5, 0x1
core   0: 3 0x800138b4 (0x00001f17) x30 0x800148b4
core   0: 0x800138b8 (0x743f2623) sw      gp, 1868(t5)
core   0: 3 0x800138b8 (0x743f2623) mem 0x80015000 0x00000001
core   0: 0x800138bc (0xff9ff06f) j       pc - 0x8
core   0: 3 0x800138bc (0xff9ff06f)
core   0: 0x800138b4 (0x00001f17) auipc   t5, 0x1
core   0: 3 0x800138b4 (0x00001f17) x30 0x800148b4
core   0: 0x800138b8 (0x743f2623) sw      gp, 1868(t5)
core   0: 3 0x800138b8 (0x743f2623) mem 0x80015000 0x00000001
core   0: 0x800138bc (0xff9ff06f) j       pc - 0x8
core   0: 3 0x800138bc (0xff9ff06f)
core   0: 0x800138b4 (0x00001f17) auipc   t5, 0x1
core   0: 3 0x800138b4 (0x00001f17) x30 0x800148b4
core   0: 0x800138b8 (0x743f2623) sw      gp, 1868(t5)
core   0: 3 0x800138b8 (0x743f2623) mem 0x80015000 0x00000001
core   0: 0x800138bc (0xff9ff06f) j       pc - 0x8
core   0: 3 0x800138bc (0xff9ff06f)
core   0: 0x800138b4 (0x00001f17) auipc   t5, 0x1
core   0: 3 0x800138b4 (0x00001f17) x30 0x800148b4
core   0: 0x800138b8 (0x743f2623) sw      gp, 1868(t5)
core   0: 3 0x800138b8 (0x743f2623) mem 0x80015000 0x00000001
core   0: 0x800138bc (0xff9ff06f) j       pc - 0x8
core   0: 3 0x800138bc (0xff9ff06f)
core   0: 0x800138b4 (0x00001f17) auipc   t5, 0x1
core   0: 3 0x800138b4 (0x00001f17) x30 0x800148b4
core   0: 0x800138b8 (0x743f2623) sw      gp, 1868(t5)
core   0: 3 0x800138b8 (0x743f2623) mem 0x80015000 0x00000001
core   0: 0x800138bc (0xff9ff06f) j       pc - 0x8
core   0: 3 0x800138bc (0xff9ff06f)
core   0: 0x800138b4 (0x00001f17) auipc   t5, 0x1
core   0: 3 0x800138b4 (0x00001f17) x30 0x800148b4
core   0: 0x800138b8 (0x743f2623) sw      gp, 1868(t5)
core   0: 3 0x800138b8 (0x743f2623) mem 0x80015000 0x00000001
core   0: 0x800138bc (0xff9ff06f) j       pc - 0x8
core   0: 3 0x800138bc (0xff9ff06f)
core   0: 0x800138b4 (0x00001f17) auipc   t5, 0x1
core   0: 3 0x800138b4 (0x00001f17) x30 0x800148b4
core   0: 0x800138b8 (0x743f2623) sw      gp, 1868(t5)
core   0: 3 0x800138b8 (0x743f2623) mem 0x80015000 0x00000001
core   0: 0x800138bc (0xff9ff06f) j       pc - 0x8
core   0: 3 0x800138bc (0xff9ff06f)
core   0: 0x800138b4 (0x00001f17) auipc   t5, 0x1
core   0: 3 0x800138b4 (0x00001f17) x30 0x800148b4
core   0: 0x800138b8 (0x743f2623) sw      gp, 1868(t5)
core   0: 3 0x800138b8 (0x743f2623) mem 0x80015000 0x00000001
core   0: 0x800138bc (0xff9ff06f) j       pc - 0x8
core   0: 3 0x800138bc (0xff9ff06f)
core   0: 0x800138b4 (0x00001f17) auipc   t5, 0x1
core   0: 3 0x800138b4 (0x00001f17) x30 0x800148b4
core   0: 0x800138b8 (0x743f2623) sw      gp, 1868(t5)
core   0: 3 0x800138b8 (0x743f2623) mem 0x80015000 0x00000001
core   0: 0x800138bc (0xff9ff06f) j       pc - 0x8
core   0: 3 0x800138bc (0xff9ff06f)
core   0: 0x800138b4 (0x00001f17) auipc   t5, 0x1
core   0: 3 0x800138b4 (0x00001f17) x30 0x800148b4
core   0: 0x800138b8 (0x743f2623) sw      gp, 1868(t5)
core   0: 3 0x800138b8 (0x743f2623) mem 0x80015000 0x00000001
core   0: 0x800138bc (0xff9ff06f) j       pc - 0x8
core   0: 3 0x800138bc (0xff9ff06f)
core   0: 0x800138b4 (0x00001f17) auipc   t5, 0x1
core   0: 3 0x800138b4 (0x00001f17) x30 0x800148b4
core   0: 0x800138b8 (0x743f2623) sw      gp, 1868(t5)
core   0: 3 0x800138b8 (0x743f2623) mem 0x80015000 0x00000001
core   0: 0x800138bc (0xff9ff06f) j       pc - 0x8
core   0: 3 0x800138bc (0xff9ff06f)
core   0: 0x800138b4 (0x00001f17) auipc   t5, 0x1
core   0: 3 0x800138b4 (0x00001f17) x30 0x800148b4
core   0: 0x800138b8 (0x743f2623) sw      gp, 1868(t5)
core   0: 3 0x800138b8 (0x743f2623) mem 0x80015000 0x00000001
core   0: 0x800138bc (0xff9ff06f) j       pc - 0x8
core   0: 3 0x800138bc (0xff9ff06f)
core   0: 0x800138b4 (0x00001f17) auipc   t5, 0x1
core   0: 3 0x800138b4 (0x00001f17) x30 0x800148b4
core   0: 0x800138b8 (0x743f2623) sw      gp, 1868(t5)
core   0: 3 0x800138b8 (0x743f2623) mem 0x80015000 0x00000001
core   0: 0x800138bc (0xff9ff06f) j       pc - 0x8
core   0: 3 0x800138bc (0xff9ff06f)
core   0: 0x800138b4 (0x00001f17) auipc   t5, 0x1
core   0: 3 0x800138b4 (0x00001f17) x30 0x800148b4
core   0: 0x800138b8 (0x743f2623) sw      gp, 1868(t5)
core   0: 3 0x800138b8 (0x743f2623) mem 0x80015000 0x00000001
core   0: 0x800138bc (0xff9ff06f) j       pc - 0x8
core   0: 3 0x800138bc (0xff9ff06f)
core   0: 0x800138b4 (0x00001f17) auipc   t5, 0x1
core   0: 3 0x800138b4 (0x00001f17) x30 0x800148b4
core   0: 0x800138b8 (0x743f2623) sw      gp, 1868(t5)
core   0: 3 0x800138b8 (0x743f2623) mem 0x80015000 0x00000001
core   0: 0x800138bc (0xff9ff06f) j       pc - 0x8
core   0: 3 0x800138bc (0xff9ff06f)
core   0: 0x800138b4 (0x00001f17) auipc   t5, 0x1
core   0: 3 0x800138b4 (0x00001f17) x30 0x800148b4
core   0: 0x800138b8 (0x743f2623) sw      gp, 1868(t5)
core   0: 3 0x800138b8 (0x743f2623) mem 0x80015000 0x00000001
core   0: 0x800138bc (0xff9ff06f) j       pc - 0x8
core   0: 3 0x800138bc (0xff9ff06f)
core   0: 0x800138b4 (0x00001f17) auipc   t5, 0x1
core   0: 3 0x800138b4 (0x00001f17) x30 0x800148b4
core   0: 0x800138b8 (0x743f2623) sw      gp, 1868(t5)
core   0: 3 0x800138b8 (0x743f2623) mem 0x80015000 0x00000001
core   0: 0x800138bc (0xff9ff06f) j       pc - 0x8
core   0: 3 0x800138bc (0xff9ff06f)
core   0: 0x800138b4 (0x00001f17) auipc   t5, 0x1
core   0: 3 0x800138b4 (0x00001f17) x30 0x800148b4
core   0: 0x800138b8 (0x743f2623) sw      gp, 1868(t5)
core   0: 3 0x800138b8 (0x743f2623) mem 0x80015000 0x00000001
core   0: 0x800138bc (0xff9ff06f) j       pc - 0x8
core   0: 3 0x800138bc (0xff9ff06f)
core   0: 0x800138b4 (0x00001f17) auipc   t5, 0x1
core   0: 3 0x800138b4 (0x00001f17) x30 0x800148b4
core   0: 0x800138b8 (0x743f2623) sw      gp, 1868(t5)
core   0: 3 0x800138b8 (0x743f2623) mem 0x80015000 0x00000001
core   0: 0x800138bc (0xff9ff06f) j       pc - 0x8
core   0: 3 0x800138bc (0xff9ff06f)
core   0: 0x800138b4 (0x00001f17) auipc   t5, 0x1
core   0: 3 0x800138b4 (0x00001f17) x30 0x800148b4
core   0: 0x800138b8 (0x743f2623) sw      gp, 1868(t5)
core   0: 3 0x800138b8 (0x743f2623) mem 0x80015000 0x00000001
core   0: 0x800138bc (0xff9ff06f) j       pc - 0x8
core   0: 3 0x800138bc (0xff9ff06f)
core   0: 0x800138b4 (0x00001f17) auipc   t5, 0x1
core   0: 3 0x800138b4 (0x00001f17) x30 0x800148b4
core   0: 0x800138b8 (0x743f2623) sw      gp, 1868(t5)
core   0: 3 0x800138b8 (0x743f2623) mem 0x80015000 0x00000001
core   0: 0x800138bc (0xff9ff06f) j       pc - 0x8
core   0: 3 0x800138bc (0xff9ff06f)
core   0: 0x800138b4 (0x00001f17) auipc   t5, 0x1
core   0: 3 0x800138b4 (0x00001f17) x30 0x800148b4
core   0: 0x800138b8 (0x743f2623) sw      gp, 1868(t5)
core   0: 3 0x800138b8 (0x743f2623) mem 0x80015000 0x00000001
core   0: 0x800138bc (0xff9ff06f) j       pc - 0x8
core   0: 3 0x800138bc (0xff9ff06f)
core   0: 0x800138b4 (0x00001f17) auipc   t5, 0x1
core   0: 3 0x800138b4 (0x00001f17) x30 0x800148b4
core   0: 0x800138b8 (0x743f2623) sw      gp, 1868(t5)
core   0: 3 0x800138b8 (0x743f2623) mem 0x80015000 0x00000001
core   0: 0x800138bc (0xff9ff06f) j       pc - 0x8
core   0: 3 0x800138bc (0xff9ff06f)
core   0: 0x800138b4 (0x00001f17) auipc   t5, 0x1
core   0: 3 0x800138b4 (0x00001f17) x30 0x800148b4
core   0: 0x800138b8 (0x743f2623) sw      gp, 1868(t5)
core   0: 3 0x800138b8 (0x743f2623) mem 0x80015000 0x00000001
core   0: 0x800138bc (0xff9ff06f) j       pc - 0x8
core   0: 3 0x800138bc (0xff9ff06f)
core   0: 0x800138b4 (0x00001f17) auipc   t5, 0x1
core   0: 3 0x800138b4 (0x00001f17) x30 0x800148b4
core   0: 0x800138b8 (0x743f2623) sw      gp, 1868(t5)
core   0: 3 0x800138b8 (0x743f2623) mem 0x80015000 0x00000001
core   0: 0x800138bc (0xff9ff06f) j       pc - 0x8
core   0: 3 0x800138bc (0xff9ff06f)
core   0: 0x800138b4 (0x00001f17) auipc   t5, 0x1
core   0: 3 0x800138b4 (0x00001f17) x30 0x800148b4
core   0: 0x800138b8 (0x743f2623) sw      gp, 1868(t5)
core   0: 3 0x800138b8 (0x743f2623) mem 0x80015000 0x00000001
core   0: 0x800138bc (0xff9ff06f) j       pc - 0x8
core   0: 3 0x800138bc (0xff9ff06f)
core   0: 0x800138b4 (0x00001f17) auipc   t5, 0x1
core   0: 3 0x800138b4 (0x00001f17) x30 0x800148b4
core   0: 0x800138b8 (0x743f2623) sw      gp, 1868(t5)
core   0: 3 0x800138b8 (0x743f2623) mem 0x80015000 0x00000001
core   0: 0x800138bc (0xff9ff06f) j       pc - 0x8
core   0: 3 0x800138bc (0xff9ff06f)
core   0: 0x800138b4 (0x00001f17) auipc   t5, 0x1
core   0: 3 0x800138b4 (0x00001f17) x30 0x800148b4
core   0: 0x800138b8 (0x743f2623) sw      gp, 1868(t5)
core   0: 3 0x800138b8 (0x743f2623) mem 0x80015000 0x00000001
core   0: 0x800138bc (0xff9ff06f) j       pc - 0x8
core   0: 3 0x800138bc (0xff9ff06f)
core   0: 0x800138b4 (0x00001f17) auipc   t5, 0x1
core   0: 3 0x800138b4 (0x00001f17) x30 0x800148b4
core   0: 0x800138b8 (0x743f2623) sw      gp, 1868(t5)
core   0: 3 0x800138b8 (0x743f2623) mem 0x80015000 0x00000001
core   0: 0x800138bc (0xff9ff06f) j       pc - 0x8
core   0: 3 0x800138bc (0xff9ff06f)
core   0: 0x800138b4 (0x00001f17) auipc   t5, 0x1
core   0: 3 0x800138b4 (0x00001f17) x30 0x800148b4
core   0: 0x800138b8 (0x743f2623) sw      gp, 1868(t5)
core   0: 3 0x800138b8 (0x743f2623) mem 0x80015000 0x00000001
core   0: 0x800138bc (0xff9ff06f) j       pc - 0x8
core   0: 3 0x800138bc (0xff9ff06f)
core   0: 0x800138b4 (0x00001f17) auipc   t5, 0x1
core   0: 3 0x800138b4 (0x00001f17) x30 0x800148b4
core   0: 0x800138b8 (0x743f2623) sw      gp, 1868(t5)
core   0: 3 0x800138b8 (0x743f2623) mem 0x80015000 0x00000001
core   0: 0x800138bc (0xff9ff06f) j       pc - 0x8
core   0: 3 0x800138bc (0xff9ff06f)
core   0: 0x800138b4 (0x00001f17) auipc   t5, 0x1
core   0: 3 0x800138b4 (0x00001f17) x30 0x800148b4
core   0: 0x800138b8 (0x743f2623) sw      gp, 1868(t5)
core   0: 3 0x800138b8 (0x743f2623) mem 0x80015000 0x00000001
core   0: 0x800138bc (0xff9ff06f) j       pc - 0x8
core   0: 3 0x800138bc (0xff9ff06f)
core   0: 0x800138b4 (0x00001f17) auipc   t5, 0x1
core   0: 3 0x800138b4 (0x00001f17) x30 0x800148b4
core   0: 0x800138b8 (0x743f2623) sw      gp, 1868(t5)
core   0: 3 0x800138b8 (0x743f2623) mem 0x80015000 0x00000001
core   0: 0x800138bc (0xff9ff06f) j       pc - 0x8
core   0: 3 0x800138bc (0xff9ff06f)
core   0: 0x800138b4 (0x00001f17) auipc   t5, 0x1
core   0: 3 0x800138b4 (0x00001f17) x30 0x800148b4
core   0: 0x800138b8 (0x743f2623) sw      gp, 1868(t5)
core   0: 3 0x800138b8 (0x743f2623) mem 0x80015000 0x00000001
core   0: 0x800138bc (0xff9ff06f) j       pc - 0x8
core   0: 3 0x800138bc (0xff9ff06f)
core   0: 0x800138b4 (0x00001f17) auipc   t5, 0x1
core   0: 3 0x800138b4 (0x00001f17) x30 0x800148b4
core   0: 0x800138b8 (0x743f2623) sw      gp, 1868(t5)
core   0: 3 0x800138b8 (0x743f2623) mem 0x80015000 0x00000001
core   0: 0x800138bc (0xff9ff06f) j       pc - 0x8
core   0: 3 0x800138bc (0xff9ff06f)
core   0: 0x800138b4 (0x00001f17) auipc   t5, 0x1
core   0: 3 0x800138b4 (0x00001f17) x30 0x800148b4
core   0: 0x800138b8 (0x743f2623) sw      gp, 1868(t5)
core   0: 3 0x800138b8 (0x743f2623) mem 0x80015000 0x00000001
core   0: 0x800138bc (0xff9ff06f) j       pc - 0x8
core   0: 3 0x800138bc (0xff9ff06f)
core   0: 0x800138b4 (0x00001f17) auipc   t5, 0x1
core   0: 3 0x800138b4 (0x00001f17) x30 0x800148b4
core   0: 0x800138b8 (0x743f2623) sw      gp, 1868(t5)
core   0: 3 0x800138b8 (0x743f2623) mem 0x80015000 0x00000001
core   0: 0x800138bc (0xff9ff06f) j       pc - 0x8
core   0: 3 0x800138bc (0xff9ff06f)
core   0: 0x800138b4 (0x00001f17) auipc   t5, 0x1
core   0: 3 0x800138b4 (0x00001f17) x30 0x800148b4
core   0: 0x800138b8 (0x743f2623) sw      gp, 1868(t5)
core   0: 3 0x800138b8 (0x743f2623) mem 0x80015000 0x00000001
core   0: 0x800138bc (0xff9ff06f) j       pc - 0x8
core   0: 3 0x800138bc (0xff9ff06f)
core   0: 0x800138b4 (0x00001f17) auipc   t5, 0x1
core   0: 3 0x800138b4 (0x00001f17) x30 0x800148b4
core   0: 0x800138b8 (0x743f2623) sw      gp, 1868(t5)
core   0: 3 0x800138b8 (0x743f2623) mem 0x80015000 0x00000001
core   0: 0x800138bc (0xff9ff06f) j       pc - 0x8
core   0: 3 0x800138bc (0xff9ff06f)
core   0: 0x800138b4 (0x00001f17) auipc   t5, 0x1
core   0: 3 0x800138b4 (0x00001f17) x30 0x800148b4
core   0: 0x800138b8 (0x743f2623) sw      gp, 1868(t5)
core   0: 3 0x800138b8 (0x743f2623) mem 0x80015000 0x00000001
core   0: 0x800138bc (0xff9ff06f) j       pc - 0x8
core   0: 3 0x800138bc (0xff9ff06f)
core   0: 0x800138b4 (0x00001f17) auipc   t5, 0x1
core   0: 3 0x800138b4 (0x00001f17) x30 0x800148b4
core   0: 0x800138b8 (0x743f2623) sw      gp, 1868(t5)
core   0: 3 0x800138b8 (0x743f2623) mem 0x80015000 0x00000001
core   0: 0x800138bc (0xff9ff06f) j       pc - 0x8
core   0: 3 0x800138bc (0xff9ff06f)
core   0: 0x800138b4 (0x00001f17) auipc   t5, 0x1
core   0: 3 0x800138b4 (0x00001f17) x30 0x800148b4
core   0: 0x800138b8 (0x743f2623) sw      gp, 1868(t5)
core   0: 3 0x800138b8 (0x743f2623) mem 0x80015000 0x00000001
core   0: 0x800138bc (0xff9ff06f) j       pc - 0x8
core   0: 3 0x800138bc (0xff9ff06f)
core   0: 0x800138b4 (0x00001f17) auipc   t5, 0x1
core   0: 3 0x800138b4 (0x00001f17) x30 0x800148b4
core   0: 0x800138b8 (0x743f2623) sw      gp, 1868(t5)
core   0: 3 0x800138b8 (0x743f2623) mem 0x80015000 0x00000001
core   0: 0x800138bc (0xff9ff06f) j       pc - 0x8
core   0: 3 0x800138bc (0xff9ff06f)
core   0: 0x800138b4 (0x00001f17) auipc   t5, 0x1
core   0: 3 0x800138b4 (0x00001f17) x30 0x800148b4
core   0: 0x800138b8 (0x743f2623) sw      gp, 1868(t5)
core   0: 3 0x800138b8 (0x743f2623) mem 0x80015000 0x00000001
core   0: 0x800138bc (0xff9ff06f) j       pc - 0x8
core   0: 3 0x800138bc (0xff9ff06f)
core   0: 0x800138b4 (0x00001f17) auipc   t5, 0x1
core   0: 3 0x800138b4 (0x00001f17) x30 0x800148b4
core   0: 0x800138b8 (0x743f2623) sw      gp, 1868(t5)
core   0: 3 0x800138b8 (0x743f2623) mem 0x80015000 0x00000001
core   0: 0x800138bc (0xff9ff06f) j       pc - 0x8
core   0: 3 0x800138bc (0xff9ff06f)
core   0: 0x800138b4 (0x00001f17) auipc   t5, 0x1
core   0: 3 0x800138b4 (0x00001f17) x30 0x800148b4
core   0: 0x800138b8 (0x743f2623) sw      gp, 1868(t5)
core   0: 3 0x800138b8 (0x743f2623) mem 0x80015000 0x00000001
core   0: 0x800138bc (0xff9ff06f) j       pc - 0x8
core   0: 3 0x800138bc (0xff9ff06f)
core   0: 0x800138b4 (0x00001f17) auipc   t5, 0x1
core   0: 3 0x800138b4 (0x00001f17) x30 0x800148b4
core   0: 0x800138b8 (0x743f2623) sw      gp, 1868(t5)
core   0: 3 0x800138b8 (0x743f2623) mem 0x80015000 0x00000001
core   0: 0x800138bc (0xff9ff06f) j       pc - 0x8
core   0: 3 0x800138bc (0xff9ff06f)
core   0: 0x800138b4 (0x00001f17) auipc   t5, 0x1
core   0: 3 0x800138b4 (0x00001f17) x30 0x800148b4
core   0: 0x800138b8 (0x743f2623) sw      gp, 1868(t5)
core   0: 3 0x800138b8 (0x743f2623) mem 0x80015000 0x00000001
core   0: 0x800138bc (0xff9ff06f) j       pc - 0x8
core   0: 3 0x800138bc (0xff9ff06f)
core   0: 0x800138b4 (0x00001f17) auipc   t5, 0x1
core   0: 3 0x800138b4 (0x00001f17) x30 0x800148b4
core   0: 0x800138b8 (0x743f2623) sw      gp, 1868(t5)
core   0: 3 0x800138b8 (0x743f2623) mem 0x80015000 0x00000001
core   0: 0x800138bc (0xff9ff06f) j       pc - 0x8
core   0: 3 0x800138bc (0xff9ff06f)
core   0: 0x800138b4 (0x00001f17) auipc   t5, 0x1
core   0: 3 0x800138b4 (0x00001f17) x30 0x800148b4
core   0: 0x800138b8 (0x743f2623) sw      gp, 1868(t5)
core   0: 3 0x800138b8 (0x743f2623) mem 0x80015000 0x00000001
core   0: 0x800138bc (0xff9ff06f) j       pc - 0x8
core   0: 3 0x800138bc (0xff9ff06f)
core   0: 0x800138b4 (0x00001f17) auipc   t5, 0x1
core   0: 3 0x800138b4 (0x00001f17) x30 0x800148b4
core   0: 0x800138b8 (0x743f2623) sw      gp, 1868(t5)
core   0: 3 0x800138b8 (0x743f2623) mem 0x80015000 0x00000001
core   0: 0x800138bc (0xff9ff06f) j       pc - 0x8
core   0: 3 0x800138bc (0xff9ff06f)
core   0: 0x800138b4 (0x00001f17) auipc   t5, 0x1
core   0: 3 0x800138b4 (0x00001f17) x30 0x800148b4
core   0: 0x800138b8 (0x743f2623) sw      gp, 1868(t5)
core   0: 3 0x800138b8 (0x743f2623) mem 0x80015000 0x00000001
core   0: 0x800138bc (0xff9ff06f) j       pc - 0x8
core   0: 3 0x800138bc (0xff9ff06f)
core   0: 0x800138b4 (0x00001f17) auipc   t5, 0x1
core   0: 3 0x800138b4 (0x00001f17) x30 0x800148b4
core   0: 0x800138b8 (0x743f2623) sw      gp, 1868(t5)
core   0: 3 0x800138b8 (0x743f2623) mem 0x80015000 0x00000001
core   0: 0x800138bc (0xff9ff06f) j       pc - 0x8
core   0: 3 0x800138bc (0xff9ff06f)
core   0: 0x800138b4 (0x00001f17) auipc   t5, 0x1
core   0: 3 0x800138b4 (0x00001f17) x30 0x800148b4
core   0: 0x800138b8 (0x743f2623) sw      gp, 1868(t5)
core   0: 3 0x800138b8 (0x743f2623) mem 0x80015000 0x00000001
core   0: 0x800138bc (0xff9ff06f) j       pc - 0x8
core   0: 3 0x800138bc (0xff9ff06f)
core   0: 0x800138b4 (0x00001f17) auipc   t5, 0x1
core   0: 3 0x800138b4 (0x00001f17) x30 0x800148b4
core   0: 0x800138b8 (0x743f2623) sw      gp, 1868(t5)
core   0: 3 0x800138b8 (0x743f2623) mem 0x80015000 0x00000001
core   0: 0x800138bc (0xff9ff06f) j       pc - 0x8
core   0: 3 0x800138bc (0xff9ff06f)
core   0: 0x800138b4 (0x00001f17) auipc   t5, 0x1
core   0: 3 0x800138b4 (0x00001f17) x30 0x800148b4
core   0: 0x800138b8 (0x743f2623) sw      gp, 1868(t5)
core   0: 3 0x800138b8 (0x743f2623) mem 0x80015000 0x00000001
core   0: 0x800138bc (0xff9ff06f) j       pc - 0x8
core   0: 3 0x800138bc (0xff9ff06f)
core   0: 0x800138b4 (0x00001f17) auipc   t5, 0x1
core   0: 3 0x800138b4 (0x00001f17) x30 0x800148b4
core   0: 0x800138b8 (0x743f2623) sw      gp, 1868(t5)
core   0: 3 0x800138b8 (0x743f2623) mem 0x80015000 0x00000001
core   0: 0x800138bc (0xff9ff06f) j       pc - 0x8
core   0: 3 0x800138bc (0xff9ff06f)
core   0: 0x800138b4 (0x00001f17) auipc   t5, 0x1
core   0: 3 0x800138b4 (0x00001f17) x30 0x800148b4
core   0: 0x800138b8 (0x743f2623) sw      gp, 1868(t5)
core   0: 3 0x800138b8 (0x743f2623) mem 0x80015000 0x00000001
core   0: 0x800138bc (0xff9ff06f) j       pc - 0x8
core   0: 3 0x800138bc (0xff9ff06f)
core   0: 0x800138b4 (0x00001f17) auipc   t5, 0x1
core   0: 3 0x800138b4 (0x00001f17) x30 0x800148b4
core   0: 0x800138b8 (0x743f2623) sw      gp, 1868(t5)
core   0: 3 0x800138b8 (0x743f2623) mem 0x80015000 0x00000001
core   0: 0x800138bc (0xff9ff06f) j       pc - 0x8
core   0: 3 0x800138bc (0xff9ff06f)
core   0: 0x800138b4 (0x00001f17) auipc   t5, 0x1
core   0: 3 0x800138b4 (0x00001f17) x30 0x800148b4
core   0: 0x800138b8 (0x743f2623) sw      gp, 1868(t5)
core   0: 3 0x800138b8 (0x743f2623) mem 0x80015000 0x00000001
core   0: 0x800138bc (0xff9ff06f) j       pc - 0x8
core   0: 3 0x800138bc (0xff9ff06f)
core   0: 0x800138b4 (0x00001f17) auipc   t5, 0x1
core   0: 3 0x800138b4 (0x00001f17) x30 0x800148b4
core   0: 0x800138b8 (0x743f2623) sw      gp, 1868(t5)
core   0: 3 0x800138b8 (0x743f2623) mem 0x80015000 0x00000001
core   0: 0x800138bc (0xff9ff06f) j       pc - 0x8
core   0: 3 0x800138bc (0xff9ff06f)
core   0: 0x800138b4 (0x00001f17) auipc   t5, 0x1
core   0: 3 0x800138b4 (0x00001f17) x30 0x800148b4
core   0: 0x800138b8 (0x743f2623) sw      gp, 1868(t5)
core   0: 3 0x800138b8 (0x743f2623) mem 0x80015000 0x00000001
core   0: 0x800138bc (0xff9ff06f) j       pc - 0x8
core   0: 3 0x800138bc (0xff9ff06f)
core   0: 0x800138b4 (0x00001f17) auipc   t5, 0x1
core   0: 3 0x800138b4 (0x00001f17) x30 0x800148b4
core   0: 0x800138b8 (0x743f2623) sw      gp, 1868(t5)
core   0: 3 0x800138b8 (0x743f2623) mem 0x80015000 0x00000001
core   0: 0x800138bc (0xff9ff06f) j       pc - 0x8
core   0: 3 0x800138bc (0xff9ff06f)
core   0: 0x800138b4 (0x00001f17) auipc   t5, 0x1
core   0: 3 0x800138b4 (0x00001f17) x30 0x800148b4
core   0: 0x800138b8 (0x743f2623) sw      gp, 1868(t5)
core   0: 3 0x800138b8 (0x743f2623) mem 0x80015000 0x00000001
core   0: 0x800138bc (0xff9ff06f) j       pc - 0x8
core   0: 3 0x800138bc (0xff9ff06f)
core   0: 0x800138b4 (0x00001f17) auipc   t5, 0x1
core   0: 3 0x800138b4 (0x00001f17) x30 0x800148b4
core   0: 0x800138b8 (0x743f2623) sw      gp, 1868(t5)
core   0: 3 0x800138b8 (0x743f2623) mem 0x80015000 0x00000001
core   0: 0x800138bc (0xff9ff06f) j       pc - 0x8
core   0: 3 0x800138bc (0xff9ff06f)
core   0: 0x800138b4 (0x00001f17) auipc   t5, 0x1
core   0: 3 0x800138b4 (0x00001f17) x30 0x800148b4
core   0: 0x800138b8 (0x743f2623) sw      gp, 1868(t5)
core   0: 3 0x800138b8 (0x743f2623) mem 0x80015000 0x00000001
core   0: 0x800138bc (0xff9ff06f) j       pc - 0x8
core   0: 3 0x800138bc (0xff9ff06f)
core   0: 0x800138b4 (0x00001f17) auipc   t5, 0x1
core   0: 3 0x800138b4 (0x00001f17) x30 0x800148b4
core   0: 0x800138b8 (0x743f2623) sw      gp, 1868(t5)
core   0: 3 0x800138b8 (0x743f2623) mem 0x80015000 0x00000001
core   0: 0x800138bc (0xff9ff06f) j       pc - 0x8
core   0: 3 0x800138bc (0xff9ff06f)
core   0: 0x800138b4 (0x00001f17) auipc   t5, 0x1
core   0: 3 0x800138b4 (0x00001f17) x30 0x800148b4
core   0: 0x800138b8 (0x743f2623) sw      gp, 1868(t5)
core   0: 3 0x800138b8 (0x743f2623) mem 0x80015000 0x00000001
core   0: 0x800138bc (0xff9ff06f) j       pc - 0x8
core   0: 3 0x800138bc (0xff9ff06f)
core   0: 0x800138b4 (0x00001f17) auipc   t5, 0x1
core   0: 3 0x800138b4 (0x00001f17) x30 0x800148b4
core   0: 0x800138b8 (0x743f2623) sw      gp, 1868(t5)
core   0: 3 0x800138b8 (0x743f2623) mem 0x80015000 0x00000001
core   0: 0x800138bc (0xff9ff06f) j       pc - 0x8
core   0: 3 0x800138bc (0xff9ff06f)
core   0: 0x800138b4 (0x00001f17) auipc   t5, 0x1
core   0: 3 0x800138b4 (0x00001f17) x30 0x800148b4
core   0: 0x800138b8 (0x743f2623) sw      gp, 1868(t5)
core   0: 3 0x800138b8 (0x743f2623) mem 0x80015000 0x00000001
core   0: 0x800138bc (0xff9ff06f) j       pc - 0x8
core   0: 3 0x800138bc (0xff9ff06f)
core   0: 0x800138b4 (0x00001f17) auipc   t5, 0x1
core   0: 3 0x800138b4 (0x00001f17) x30 0x800148b4
core   0: 0x800138b8 (0x743f2623) sw      gp, 1868(t5)
core   0: 3 0x800138b8 (0x743f2623) mem 0x80015000 0x00000001
core   0: 0x800138bc (0xff9ff06f) j       pc - 0x8
core   0: 3 0x800138bc (0xff9ff06f)
core   0: 0x800138b4 (0x00001f17) auipc   t5, 0x1
core   0: 3 0x800138b4 (0x00001f17) x30 0x800148b4
core   0: 0x800138b8 (0x743f2623) sw      gp, 1868(t5)
core   0: 3 0x800138b8 (0x743f2623) mem 0x80015000 0x00000001
core   0: 0x800138bc (0xff9ff06f) j       pc - 0x8
core   0: 3 0x800138bc (0xff9ff06f)
core   0: 0x800138b4 (0x00001f17) auipc   t5, 0x1
core   0: 3 0x800138b4 (0x00001f17) x30 0x800148b4
core   0: 0x800138b8 (0x743f2623) sw      gp, 1868(t5)
core   0: 3 0x800138b8 (0x743f2623) mem 0x80015000 0x00000001
core   0: 0x800138bc (0xff9ff06f) j       pc - 0x8
core   0: 3 0x800138bc (0xff9ff06f)
core   0: 0x800138b4 (0x00001f17) auipc   t5, 0x1
core   0: 3 0x800138b4 (0x00001f17) x30 0x800148b4
core   0: 0x800138b8 (0x743f2623) sw      gp, 1868(t5)
core   0: 3 0x800138b8 (0x743f2623) mem 0x80015000 0x00000001
core   0: 0x800138bc (0xff9ff06f) j       pc - 0x8
core   0: 3 0x800138bc (0xff9ff06f)
core   0: 0x800138b4 (0x00001f17) auipc   t5, 0x1
core   0: 3 0x800138b4 (0x00001f17) x30 0x800148b4
core   0: 0x800138b8 (0x743f2623) sw      gp, 1868(t5)
core   0: 3 0x800138b8 (0x743f2623) mem 0x80015000 0x00000001
core   0: 0x800138bc (0xff9ff06f) j       pc - 0x8
core   0: 3 0x800138bc (0xff9ff06f)
core   0: 0x800138b4 (0x00001f17) auipc   t5, 0x1
core   0: 3 0x800138b4 (0x00001f17) x30 0x800148b4
core   0: 0x800138b8 (0x743f2623) sw      gp, 1868(t5)
core   0: 3 0x800138b8 (0x743f2623) mem 0x80015000 0x00000001
core   0: 0x800138bc (0xff9ff06f) j       pc - 0x8
core   0: 3 0x800138bc (0xff9ff06f)
core   0: 0x800138b4 (0x00001f17) auipc   t5, 0x1
core   0: 3 0x800138b4 (0x00001f17) x30 0x800148b4
core   0: 0x800138b8 (0x743f2623) sw      gp, 1868(t5)
core   0: 3 0x800138b8 (0x743f2623) mem 0x80015000 0x00000001
core   0: 0x800138bc (0xff9ff06f) j       pc - 0x8
core   0: 3 0x800138bc (0xff9ff06f)
core   0: 0x800138b4 (0x00001f17) auipc   t5, 0x1
core   0: 3 0x800138b4 (0x00001f17) x30 0x800148b4
core   0: 0x800138b8 (0x743f2623) sw      gp, 1868(t5)
core   0: 3 0x800138b8 (0x743f2623) mem 0x80015000 0x00000001
core   0: 0x800138bc (0xff9ff06f) j       pc - 0x8
core   0: 3 0x800138bc (0xff9ff06f)
core   0: 0x800138b4 (0x00001f17) auipc   t5, 0x1
core   0: 3 0x800138b4 (0x00001f17) x30 0x800148b4
core   0: 0x800138b8 (0x743f2623) sw      gp, 1868(t5)
core   0: 3 0x800138b8 (0x743f2623) mem 0x80015000 0x00000001
core   0: 0x800138bc (0xff9ff06f) j       pc - 0x8
core   0: 3 0x800138bc (0xff9ff06f)
core   0: 0x800138b4 (0x00001f17) auipc   t5, 0x1
core   0: 3 0x800138b4 (0x00001f17) x30 0x800148b4
core   0: 0x800138b8 (0x743f2623) sw      gp, 1868(t5)
core   0: 3 0x800138b8 (0x743f2623) mem 0x80015000 0x00000001
core   0: 0x800138bc (0xff9ff06f) j       pc - 0x8
core   0: 3 0x800138bc (0xff9ff06f)
core   0: 0x800138b4 (0x00001f17) auipc   t5, 0x1
core   0: 3 0x800138b4 (0x00001f17) x30 0x800148b4
core   0: 0x800138b8 (0x743f2623) sw      gp, 1868(t5)
core   0: 3 0x800138b8 (0x743f2623) mem 0x80015000 0x00000001
core   0: 0x800138bc (0xff9ff06f) j       pc - 0x8
core   0: 3 0x800138bc (0xff9ff06f)
core   0: 0x800138b4 (0x00001f17) auipc   t5, 0x1
core   0: 3 0x800138b4 (0x00001f17) x30 0x800148b4
core   0: 0x800138b8 (0x743f2623) sw      gp, 1868(t5)
core   0: 3 0x800138b8 (0x743f2623) mem 0x80015000 0x00000001
core   0: 0x800138bc (0xff9ff06f) j       pc - 0x8
core   0: 3 0x800138bc (0xff9ff06f)
core   0: 0x800138b4 (0x00001f17) auipc   t5, 0x1
core   0: 3 0x800138b4 (0x00001f17) x30 0x800148b4
core   0: 0x800138b8 (0x743f2623) sw      gp, 1868(t5)
core   0: 3 0x800138b8 (0x743f2623) mem 0x80015000 0x00000001
core   0: 0x800138bc (0xff9ff06f) j       pc - 0x8
core   0: 3 0x800138bc (0xff9ff06f)
core   0: 0x800138b4 (0x00001f17) auipc   t5, 0x1
core   0: 3 0x800138b4 (0x00001f17) x30 0x800148b4
core   0: 0x800138b8 (0x743f2623) sw      gp, 1868(t5)
core   0: 3 0x800138b8 (0x743f2623) mem 0x80015000 0x00000001
core   0: 0x800138bc (0xff9ff06f) j       pc - 0x8
core   0: 3 0x800138bc (0xff9ff06f)
core   0: 0x800138b4 (0x00001f17) auipc   t5, 0x1
core   0: 3 0x800138b4 (0x00001f17) x30 0x800148b4
core   0: 0x800138b8 (0x743f2623) sw      gp, 1868(t5)
core   0: 3 0x800138b8 (0x743f2623) mem 0x80015000 0x00000001
core   0: 0x800138bc (0xff9ff06f) j       pc - 0x8
core   0: 3 0x800138bc (0xff9ff06f)
core   0: 0x800138b4 (0x00001f17) auipc   t5, 0x1
core   0: 3 0x800138b4 (0x00001f17) x30 0x800148b4
core   0: 0x800138b8 (0x743f2623) sw      gp, 1868(t5)
core   0: 3 0x800138b8 (0x743f2623) mem 0x80015000 0x00000001
core   0: 0x800138bc (0xff9ff06f) j       pc - 0x8
core   0: 3 0x800138bc (0xff9ff06f)
core   0: 0x800138b4 (0x00001f17) auipc   t5, 0x1
core   0: 3 0x800138b4 (0x00001f17) x30 0x800148b4
core   0: 0x800138b8 (0x743f2623) sw      gp, 1868(t5)
core   0: 3 0x800138b8 (0x743f2623) mem 0x80015000 0x00000001
core   0: 0x800138bc (0xff9ff06f) j       pc - 0x8
core   0: 3 0x800138bc (0xff9ff06f)
core   0: 0x800138b4 (0x00001f17) auipc   t5, 0x1
core   0: 3 0x800138b4 (0x00001f17) x30 0x800148b4
core   0: 0x800138b8 (0x743f2623) sw      gp, 1868(t5)
core   0: 3 0x800138b8 (0x743f2623) mem 0x80015000 0x00000001
core   0: 0x800138bc (0xff9ff06f) j       pc - 0x8
core   0: 3 0x800138bc (0xff9ff06f)
core   0: 0x800138b4 (0x00001f17) auipc   t5, 0x1
core   0: 3 0x800138b4 (0x00001f17) x30 0x800148b4
core   0: 0x800138b8 (0x743f2623) sw      gp, 1868(t5)
core   0: 3 0x800138b8 (0x743f2623) mem 0x80015000 0x00000001
core   0: 0x800138bc (0xff9ff06f) j       pc - 0x8
core   0: 3 0x800138bc (0xff9ff06f)
core   0: 0x800138b4 (0x00001f17) auipc   t5, 0x1
core   0: 3 0x800138b4 (0x00001f17) x30 0x800148b4
core   0: 0x800138b8 (0x743f2623) sw      gp, 1868(t5)
core   0: 3 0x800138b8 (0x743f2623) mem 0x80015000 0x00000001
core   0: 0x800138bc (0xff9ff06f) j       pc - 0x8
core   0: 3 0x800138bc (0xff9ff06f)
core   0: 0x800138b4 (0x00001f17) auipc   t5, 0x1
core   0: 3 0x800138b4 (0x00001f17) x30 0x800148b4
core   0: 0x800138b8 (0x743f2623) sw      gp, 1868(t5)
core   0: 3 0x800138b8 (0x743f2623) mem 0x80015000 0x00000001
core   0: 0x800138bc (0xff9ff06f) j       pc - 0x8
core   0: 3 0x800138bc (0xff9ff06f)
core   0: 0x800138b4 (0x00001f17) auipc   t5, 0x1
core   0: 3 0x800138b4 (0x00001f17) x30 0x800148b4
core   0: 0x800138b8 (0x743f2623) sw      gp, 1868(t5)
core   0: 3 0x800138b8 (0x743f2623) mem 0x80015000 0x00000001
core   0: 0x800138bc (0xff9ff06f) j       pc - 0x8
core   0: 3 0x800138bc (0xff9ff06f)
core   0: 0x800138b4 (0x00001f17) auipc   t5, 0x1
core   0: 3 0x800138b4 (0x00001f17) x30 0x800148b4
core   0: 0x800138b8 (0x743f2623) sw      gp, 1868(t5)
core   0: 3 0x800138b8 (0x743f2623) mem 0x80015000 0x00000001
core   0: 0x800138bc (0xff9ff06f) j       pc - 0x8
core   0: 3 0x800138bc (0xff9ff06f)
core   0: 0x800138b4 (0x00001f17) auipc   t5, 0x1
core   0: 3 0x800138b4 (0x00001f17) x30 0x800148b4
core   0: 0x800138b8 (0x743f2623) sw      gp, 1868(t5)
core   0: 3 0x800138b8 (0x743f2623) mem 0x80015000 0x00000001
core   0: 0x800138bc (0xff9ff06f) j       pc - 0x8
core   0: 3 0x800138bc (0xff9ff06f)
core   0: 0x800138b4 (0x00001f17) auipc   t5, 0x1
core   0: 3 0x800138b4 (0x00001f17) x30 0x800148b4
core   0: 0x800138b8 (0x743f2623) sw      gp, 1868(t5)
core   0: 3 0x800138b8 (0x743f2623) mem 0x80015000 0x00000001
core   0: 0x800138bc (0xff9ff06f) j       pc - 0x8
core   0: 3 0x800138bc (0xff9ff06f)
core   0: 0x800138b4 (0x00001f17) auipc   t5, 0x1
core   0: 3 0x800138b4 (0x00001f17) x30 0x800148b4
core   0: 0x800138b8 (0x743f2623) sw      gp, 1868(t5)
core   0: 3 0x800138b8 (0x743f2623) mem 0x80015000 0x00000001
core   0: 0x800138bc (0xff9ff06f) j       pc - 0x8
core   0: 3 0x800138bc (0xff9ff06f)
core   0: 0x800138b4 (0x00001f17) auipc   t5, 0x1
core   0: 3 0x800138b4 (0x00001f17) x30 0x800148b4
core   0: 0x800138b8 (0x743f2623) sw      gp, 1868(t5)
core   0: 3 0x800138b8 (0x743f2623) mem 0x80015000 0x00000001
core   0: 0x800138bc (0xff9ff06f) j       pc - 0x8
core   0: 3 0x800138bc (0xff9ff06f)
core   0: 0x800138b4 (0x00001f17) auipc   t5, 0x1
core   0: 3 0x800138b4 (0x00001f17) x30 0x800148b4
core   0: 0x800138b8 (0x743f2623) sw      gp, 1868(t5)
core   0: 3 0x800138b8 (0x743f2623) mem 0x80015000 0x00000001
core   0: 0x800138bc (0xff9ff06f) j       pc - 0x8
core   0: 3 0x800138bc (0xff9ff06f)
core   0: 0x800138b4 (0x00001f17) auipc   t5, 0x1
core   0: 3 0x800138b4 (0x00001f17) x30 0x800148b4
core   0: 0x800138b8 (0x743f2623) sw      gp, 1868(t5)
core   0: 3 0x800138b8 (0x743f2623) mem 0x80015000 0x00000001
core   0: 0x800138bc (0xff9ff06f) j       pc - 0x8
core   0: 3 0x800138bc (0xff9ff06f)
core   0: 0x800138b4 (0x00001f17) auipc   t5, 0x1
core   0: 3 0x800138b4 (0x00001f17) x30 0x800148b4
core   0: 0x800138b8 (0x743f2623) sw      gp, 1868(t5)
core   0: 3 0x800138b8 (0x743f2623) mem 0x80015000 0x00000001
core   0: 0x800138bc (0xff9ff06f) j       pc - 0x8
core   0: 3 0x800138bc (0xff9ff06f)
core   0: 0x800138b4 (0x00001f17) auipc   t5, 0x1
core   0: 3 0x800138b4 (0x00001f17) x30 0x800148b4
core   0: 0x800138b8 (0x743f2623) sw      gp, 1868(t5)
core   0: 3 0x800138b8 (0x743f2623) mem 0x80015000 0x00000001
core   0: 0x800138bc (0xff9ff06f) j       pc - 0x8
core   0: 3 0x800138bc (0xff9ff06f)
core   0: 0x800138b4 (0x00001f17) auipc   t5, 0x1
core   0: 3 0x800138b4 (0x00001f17) x30 0x800148b4
core   0: 0x800138b8 (0x743f2623) sw      gp, 1868(t5)
core   0: 3 0x800138b8 (0x743f2623) mem 0x80015000 0x00000001
core   0: 0x800138bc (0xff9ff06f) j       pc - 0x8
core   0: 3 0x800138bc (0xff9ff06f)
core   0: 0x800138b4 (0x00001f17) auipc   t5, 0x1
core   0: 3 0x800138b4 (0x00001f17) x30 0x800148b4
core   0: 0x800138b8 (0x743f2623) sw      gp, 1868(t5)
core   0: 3 0x800138b8 (0x743f2623) mem 0x80015000 0x00000001
core   0: 0x800138bc (0xff9ff06f) j       pc - 0x8
core   0: 3 0x800138bc (0xff9ff06f)
core   0: 0x800138b4 (0x00001f17) auipc   t5, 0x1
core   0: 3 0x800138b4 (0x00001f17) x30 0x800148b4
core   0: 0x800138b8 (0x743f2623) sw      gp, 1868(t5)
core   0: 3 0x800138b8 (0x743f2623) mem 0x80015000 0x00000001
core   0: 0x800138bc (0xff9ff06f) j       pc - 0x8
core   0: 3 0x800138bc (0xff9ff06f)
core   0: 0x800138b4 (0x00001f17) auipc   t5, 0x1
core   0: 3 0x800138b4 (0x00001f17) x30 0x800148b4
core   0: 0x800138b8 (0x743f2623) sw      gp, 1868(t5)
core   0: 3 0x800138b8 (0x743f2623) mem 0x80015000 0x00000001
core   0: 0x800138bc (0xff9ff06f) j       pc - 0x8
core   0: 3 0x800138bc (0xff9ff06f)
core   0: 0x800138b4 (0x00001f17) auipc   t5, 0x1
core   0: 3 0x800138b4 (0x00001f17) x30 0x800148b4
core   0: 0x800138b8 (0x743f2623) sw      gp, 1868(t5)
core   0: 3 0x800138b8 (0x743f2623) mem 0x80015000 0x00000001
core   0: 0x800138bc (0xff9ff06f) j       pc - 0x8
core   0: 3 0x800138bc (0xff9ff06f)
core   0: 0x800138b4 (0x00001f17) auipc   t5, 0x1
core   0: 3 0x800138b4 (0x00001f17) x30 0x800148b4
core   0: 0x800138b8 (0x743f2623) sw      gp, 1868(t5)
core   0: 3 0x800138b8 (0x743f2623) mem 0x80015000 0x00000001
core   0: 0x800138bc (0xff9ff06f) j       pc - 0x8
core   0: 3 0x800138bc (0xff9ff06f)
core   0: 0x800138b4 (0x00001f17) auipc   t5, 0x1
core   0: 3 0x800138b4 (0x00001f17) x30 0x800148b4
core   0: 0x800138b8 (0x743f2623) sw      gp, 1868(t5)
core   0: 3 0x800138b8 (0x743f2623) mem 0x80015000 0x00000001
core   0: 0x800138bc (0xff9ff06f) j       pc - 0x8
core   0: 3 0x800138bc (0xff9ff06f)
core   0: 0x800138b4 (0x00001f17) auipc   t5, 0x1
core   0: 3 0x800138b4 (0x00001f17) x30 0x800148b4
core   0: 0x800138b8 (0x743f2623) sw      gp, 1868(t5)
core   0: 3 0x800138b8 (0x743f2623) mem 0x80015000 0x00000001
core   0: 0x800138bc (0xff9ff06f) j       pc - 0x8
core   0: 3 0x800138bc (0xff9ff06f)
core   0: 0x800138b4 (0x00001f17) auipc   t5, 0x1
core   0: 3 0x800138b4 (0x00001f17) x30 0x800148b4
core   0: 0x800138b8 (0x743f2623) sw      gp, 1868(t5)
core   0: 3 0x800138b8 (0x743f2623) mem 0x80015000 0x00000001
core   0: 0x800138bc (0xff9ff06f) j       pc - 0x8
core   0: 3 0x800138bc (0xff9ff06f)
core   0: 0x800138b4 (0x00001f17) auipc   t5, 0x1
core   0: 3 0x800138b4 (0x00001f17) x30 0x800148b4
core   0: 0x800138b8 (0x743f2623) sw      gp, 1868(t5)
core   0: 3 0x800138b8 (0x743f2623) mem 0x80015000 0x00000001
core   0: 0x800138bc (0xff9ff06f) j       pc - 0x8
core   0: 3 0x800138bc (0xff9ff06f)
core   0: 0x800138b4 (0x00001f17) auipc   t5, 0x1
core   0: 3 0x800138b4 (0x00001f17) x30 0x800148b4
core   0: 0x800138b8 (0x743f2623) sw      gp, 1868(t5)
core   0: 3 0x800138b8 (0x743f2623) mem 0x80015000 0x00000001
core   0: 0x800138bc (0xff9ff06f) j       pc - 0x8
core   0: 3 0x800138bc (0xff9ff06f)
core   0: 0x800138b4 (0x00001f17) auipc   t5, 0x1
core   0: 3 0x800138b4 (0x00001f17) x30 0x800148b4
core   0: 0x800138b8 (0x743f2623) sw      gp, 1868(t5)
core   0: 3 0x800138b8 (0x743f2623) mem 0x80015000 0x00000001
core   0: 0x800138bc (0xff9ff06f) j       pc - 0x8
core   0: 3 0x800138bc (0xff9ff06f)
core   0: 0x800138b4 (0x00001f17) auipc   t5, 0x1
core   0: 3 0x800138b4 (0x00001f17) x30 0x800148b4
core   0: 0x800138b8 (0x743f2623) sw      gp, 1868(t5)
core   0: 3 0x800138b8 (0x743f2623) mem 0x80015000 0x00000001
core   0: 0x800138bc (0xff9ff06f) j       pc - 0x8
core   0: 3 0x800138bc (0xff9ff06f)
core   0: 0x800138b4 (0x00001f17) auipc   t5, 0x1
core   0: 3 0x800138b4 (0x00001f17) x30 0x800148b4
core   0: 0x800138b8 (0x743f2623) sw      gp, 1868(t5)
core   0: 3 0x800138b8 (0x743f2623) mem 0x80015000 0x00000001
core   0: 0x800138bc (0xff9ff06f) j       pc - 0x8
core   0: 3 0x800138bc (0xff9ff06f)
core   0: 0x800138b4 (0x00001f17) auipc   t5, 0x1
core   0: 3 0x800138b4 (0x00001f17) x30 0x800148b4
core   0: 0x800138b8 (0x743f2623) sw      gp, 1868(t5)
core   0: 3 0x800138b8 (0x743f2623) mem 0x80015000 0x00000001
core   0: 0x800138bc (0xff9ff06f) j       pc - 0x8
core   0: 3 0x800138bc (0xff9ff06f)
core   0: 0x800138b4 (0x00001f17) auipc   t5, 0x1
core   0: 3 0x800138b4 (0x00001f17) x30 0x800148b4
core   0: 0x800138b8 (0x743f2623) sw      gp, 1868(t5)
core   0: 3 0x800138b8 (0x743f2623) mem 0x80015000 0x00000001
