core   0: 0x00001000 (0x00000297) auipc   t0, 0x0
core   0: 3 0x00001000 (0x00000297) x 5 0x00001000
core   0: 0x00001004 (0x02028593) addi    a1, t0, 32
core   0: 3 0x00001004 (0x02028593) x11 0x00001020
core   0: 0x00001008 (0xf1402573) csrr    a0, mhartid
core   0: 3 0x00001008 (0xf1402573) x10 0x00000000
core   0: 0x0000100c (0x0182a283) lw      t0, 24(t0)
core   0: 3 0x0000100c (0x0182a283) x 5 0x80000000 mem 0x00001018
core   0: 0x00001010 (0x00028067) jr      t0
core   0: 3 0x00001010 (0x00028067)
core   0: 0x80000000 (0xf14022f3) csrr    t0, mhartid
core   0: 3 0x80000000 (0xf14022f3) x 5 0x00000000
core   0: 0x80000004 (0x00000313) li      t1, 0
core   0: 3 0x80000004 (0x00000313) x 6 0x00000000
core   0: 0x80000008 (0x00628263) beq     t0, t1, pc + 4
core   0: 3 0x80000008 (0x00628263)
core   0: 0x8000000c (0x00000a97) auipc   s5, 0x0
core   0: 3 0x8000000c (0x00000a97) x21 0x8000000c
core   0: 0x80000010 (0x00ca8a93) addi    s5, s5, 12
core   0: 3 0x80000010 (0x00ca8a93) x21 0x80000018
core   0: 0x80000014 (0x000a8067) jr      s5
core   0: 3 0x80000014 (0x000a8067)
core   0: 0x80000018 (0x40000cb7) lui     s9, 0x40000
core   0: 3 0x80000018 (0x40000cb7) x25 0x40000000
core   0: 0x8000001c (0x100c8c93) addi    s9, s9, 256
core   0: 3 0x8000001c (0x100c8c93) x25 0x40000100
core   0: 0x80000020 (0x301c9073) csrw    misa, s9
core   0: 3 0x80000020 (0x301c9073) c769_misa 0x40140100
core   0: 0x80000024 (0x00029497) auipc   s1, 0x29
core   0: 3 0x80000024 (0x00029497) x 9 0x80029024
core   0: 0x80000028 (0xcc048493) addi    s1, s1, -832
core   0: 3 0x80000028 (0xcc048493) x 9 0x80028ce4
core   0: 0x8000002c (0x0000ec97) auipc   s9, 0xe
core   0: 3 0x8000002c (0x0000ec97) x25 0x8000e02c
core   0: 0x80000030 (0x110c8c93) addi    s9, s9, 272
core   0: 3 0x80000030 (0x110c8c93) x25 0x8000e13c
core   0: 0x80000034 (0x000cec93) ori     s9, s9, 0
core   0: 3 0x80000034 (0x000cec93) x25 0x8000e13c
core   0: 0x80000038 (0x305c9073) csrw    mtvec, s9
core   0: 3 0x80000038 (0x305c9073) c773_mtvec 0x8000e13c
core   0: 0x8000003c (0x00000c97) auipc   s9, 0x0
core   0: 3 0x8000003c (0x00000c97) x25 0x8000003c
core   0: 0x80000040 (0x028c8c93) addi    s9, s9, 40
core   0: 3 0x80000040 (0x028c8c93) x25 0x80000064
core   0: 0x80000044 (0x341c9073) csrw    mepc, s9
core   0: 3 0x80000044 (0x341c9073) c833_mepc 0x80000064
core   0: 0x80000048 (0x00000013) nop
core   0: 3 0x80000048 (0x00000013)
core   0: 0x8000004c (0x00002cb7) lui     s9, 0x2
core   0: 3 0x8000004c (0x00002cb7) x25 0x00002000
core   0: 0x80000050 (0x800c8c93) addi    s9, s9, -2048
core   0: 3 0x80000050 (0x800c8c93) x25 0x00001800
core   0: 0x80000054 (0x300c9073) csrw    mstatus, s9
core   0: 3 0x80000054 (0x300c9073) c768_mstatus 0x00001800
core   0: 0x80000058 (0x00000c93) li      s9, 0
core   0: 3 0x80000058 (0x00000c93) x25 0x00000000
core   0: 0x8000005c (0x304c9073) csrw    mie, s9
core   0: 3 0x8000005c (0x304c9073) c772_mie 0x00000000
core   0: 0x80000060 (0x30200073) mret
core   0: 3 0x80000060 (0x30200073) c768_mstatus 0x00000080
core   0: >>>>  init
core   0: 0x80000064 (0x80000037) lui     zero, 0x80000
core   0: 3 0x80000064 (0x80000037)
core   0: 0x80000068 (0x00000013) nop
core   0: 3 0x80000068 (0x00000013)
core   0: 0x8000006c (0x00600093) li      ra, 6
core   0: 3 0x8000006c (0x00600093) x 1 0x00000006
core   0: 0x80000070 (0xfd272137) lui     sp, 0xfd272
core   0: 3 0x80000070 (0xfd272137) x 2 0xfd272000
core   0: 0x80000074 (0xf3a10113) addi    sp, sp, -198
core   0: 3 0x80000074 (0xf3a10113) x 2 0xfd271f3a
core   0: 0x80000078 (0x00000193) li      gp, 0
core   0: 3 0x80000078 (0x00000193) x 3 0x00000000
core   0: 0x8000007c (0xb45e4237) lui     tp, 0xb45e4
core   0: 3 0x8000007c (0xb45e4237) x 4 0xb45e4000
core   0: 0x80000080 (0xa7820213) addi    tp, tp, -1416
core   0: 3 0x80000080 (0xa7820213) x 4 0xb45e3a78
core   0: 0x80000084 (0xf35392b7) lui     t0, 0xf3539
core   0: 3 0x80000084 (0xf35392b7) x 5 0xf3539000
core   0: 0x80000088 (0x44628293) addi    t0, t0, 1094
core   0: 3 0x80000088 (0x44628293) x 5 0xf3539446
core   0: 0x8000008c (0x80000337) lui     t1, 0x80000
core   0: 3 0x8000008c (0x80000337) x 6 0x80000000
core   0: 0x80000090 (0x800003b7) lui     t2, 0x80000
core   0: 3 0x80000090 (0x800003b7) x 7 0x80000000
core   0: 0x80000094 (0x970c2437) lui     s0, 0x970c2
core   0: 3 0x80000094 (0x970c2437) x 8 0x970c2000
core   0: 0x80000098 (0x03e40413) addi    s0, s0, 62
core   0: 3 0x80000098 (0x03e40413) x 8 0x970c203e
core   0: 0x8000009c (0xfb2ea537) lui     a0, 0xfb2ea
core   0: 3 0x8000009c (0xfb2ea537) x10 0xfb2ea000
core   0: 0x800000a0 (0x4f650513) addi    a0, a0, 1270
core   0: 3 0x800000a0 (0x4f650513) x10 0xfb2ea4f6
core   0: 0x800000a4 (0x4056b5b7) lui     a1, 0x4056b
core   0: 3 0x800000a4 (0x4056b5b7) x11 0x4056b000
core   0: 0x800000a8 (0x39058593) addi    a1, a1, 912
core   0: 3 0x800000a8 (0x39058593) x11 0x4056b390
core   0: 0x800000ac (0xf862d637) lui     a2, 0xf862d
core   0: 3 0x800000ac (0xf862d637) x12 0xf862d000
core   0: 0x800000b0 (0xdf060613) addi    a2, a2, -528
core   0: 3 0x800000b0 (0xdf060613) x12 0xf862cdf0
core   0: 0x800000b4 (0x31ce16b7) lui     a3, 0x31ce1
core   0: 3 0x800000b4 (0x31ce16b7) x13 0x31ce1000
core   0: 0x800000b8 (0x97368693) addi    a3, a3, -1677
core   0: 3 0x800000b8 (0x97368693) x13 0x31ce0973
core   0: 0x800000bc (0xc0108737) lui     a4, 0xc0108
core   0: 3 0x800000bc (0xc0108737) x14 0xc0108000
core   0: 0x800000c0 (0xc9070713) addi    a4, a4, -880
core   0: 3 0x800000c0 (0xc9070713) x14 0xc0107c90
core   0: 0x800000c4 (0xff4ea7b7) lui     a5, 0xff4ea
core   0: 3 0x800000c4 (0xff4ea7b7) x15 0xff4ea000
core   0: 0x800000c8 (0xb7e78793) addi    a5, a5, -1154
core   0: 3 0x800000c8 (0xb7e78793) x15 0xff4e9b7e
core   0: 0x800000cc (0x80000837) lui     a6, 0x80000
core   0: 3 0x800000cc (0x80000837) x16 0x80000000
core   0: 0x800000d0 (0xf1dca8b7) lui     a7, 0xf1dca
core   0: 3 0x800000d0 (0xf1dca8b7) x17 0xf1dca000
core   0: 0x800000d4 (0x2a388893) addi    a7, a7, 675
core   0: 3 0x800000d4 (0x2a388893) x17 0xf1dca2a3
core   0: 0x800000d8 (0x00e00913) li      s2, 14
core   0: 3 0x800000d8 (0x00e00913) x18 0x0000000e
core   0: 0x800000dc (0xfb3fd9b7) lui     s3, 0xfb3fd
core   0: 3 0x800000dc (0xfb3fd9b7) x19 0xfb3fd000
core   0: 0x800000e0 (0xf3698993) addi    s3, s3, -202
core   0: 3 0x800000e0 (0xf3698993) x19 0xfb3fcf36
core   0: 0x800000e4 (0x80000a37) lui     s4, 0x80000
core   0: 3 0x800000e4 (0x80000a37) x20 0x80000000
core   0: 0x800000e8 (0xfdb01ab7) lui     s5, 0xfdb01
core   0: 3 0x800000e8 (0xfdb01ab7) x21 0xfdb01000
core   0: 0x800000ec (0x2bba8a93) addi    s5, s5, 699
core   0: 3 0x800000ec (0x2bba8a93) x21 0xfdb012bb
core   0: 0x800000f0 (0xf3eaeb37) lui     s6, 0xf3eae
core   0: 3 0x800000f0 (0xf3eaeb37) x22 0xf3eae000
core   0: 0x800000f4 (0xba7b0b13) addi    s6, s6, -1113
core   0: 3 0x800000f4 (0xba7b0b13) x22 0xf3eadba7
core   0: 0x800000f8 (0x00900c13) li      s8, 9
core   0: 3 0x800000f8 (0x00900c13) x24 0x00000009
core   0: 0x800000fc (0x80000cb7) lui     s9, 0x80000
core   0: 3 0x800000fc (0x80000cb7) x25 0x80000000
core   0: 0x80000100 (0x00800d13) li      s10, 8
core   0: 3 0x80000100 (0x00800d13) x26 0x00000008
core   0: 0x80000104 (0x00000d93) li      s11, 0
core   0: 3 0x80000104 (0x00000d93) x27 0x00000000
core   0: 0x80000108 (0xfe838e37) lui     t3, 0xfe838
core   0: 3 0x80000108 (0xfe838e37) x28 0xfe838000
core   0: 0x8000010c (0x6bde0e13) addi    t3, t3, 1725
core   0: 3 0x8000010c (0x6bde0e13) x28 0xfe8386bd
core   0: 0x80000110 (0x00000e93) li      t4, 0
core   0: 3 0x80000110 (0x00000e93) x29 0x00000000
core   0: 0x80000114 (0x00000f13) li      t5, 0
core   0: 3 0x80000114 (0x00000f13) x30 0x00000000
core   0: 0x80000118 (0x80000fb7) lui     t6, 0x80000
core   0: 3 0x80000118 (0x80000fb7) x31 0x80000000
core   0: 0x8000011c (0x00025b97) auipc   s7, 0x25
core   0: 3 0x8000011c (0x00025b97) x23 0x8002511c
core   0: 0x80000120 (0xd48b8b93) addi    s7, s7, -696
core   0: 3 0x80000120 (0xd48b8b93) x23 0x80024e64
core   0: 0x80000124 (0x00100593) li      a1, 1
core   0: 3 0x80000124 (0x00100593) x11 0x00000001
core   0: 0x80000128 (0x00800293) li      t0, 8
core   0: 3 0x80000128 (0x00800293) x 5 0x00000008
core   0: 0x8000012c (0x95f9b413) sltiu   s0, s3, -1697
core   0: 3 0x8000012c (0x95f9b413) x 8 0x00000001
core   0: 0x80000130 (0xbdc4c813) xori    a6, s1, -1060
core   0: 3 0x80000130 (0xbdc4c813) x16 0x7ffd7738
core   0: 0x80000134 (0x00158593) addi    a1, a1, 1
core   0: 3 0x80000134 (0x00158593) x11 0x00000002
core   0: 0x80000138 (0x00000793) li      a5, 0
core   0: 3 0x80000138 (0x00000793) x15 0x00000000
core   0: 0x8000013c (0x0163f433) and     s0, t2, s6
core   0: 3 0x8000013c (0x0163f433) x 8 0x80000000
core   0: 0x80000140 (0x01fc98b3) sll     a7, s9, t6
core   0: 3 0x80000140 (0x01fc98b3) x17 0x80000000
core   0: 0x80000144 (0x00400313) li      t1, 4
core   0: 3 0x80000144 (0x00400313) x 6 0x00000004
core   0: 0x80000148 (0x01dfb6b3) sltu    a3, t6, t4
core   0: 3 0x80000148 (0x01dfb6b3) x13 0x00000000
core   0: 0x8000014c (0x00f1aa33) slt     s4, gp, a5
core   0: 3 0x8000014c (0x00f1aa33) x20 0x00000000
core   0: 0x80000150 (0x00178793) addi    a5, a5, 1
core   0: 3 0x80000150 (0x00178793) x15 0x00000001
core   0: 0x80000154 (0x01442cb3) slt     s9, s0, s4
core   0: 3 0x80000154 (0x01442cb3) x25 0x00000001
core   0: 0x80000158 (0xfe679ae3) bne     a5, t1, pc - 12
core   0: 3 0x80000158 (0xfe679ae3)
core   0: 0x8000014c (0x00f1aa33) slt     s4, gp, a5
core   0: 3 0x8000014c (0x00f1aa33) x20 0x00000001
core   0: 0x80000150 (0x00178793) addi    a5, a5, 1
core   0: 3 0x80000150 (0x00178793) x15 0x00000002
core   0: 0x80000154 (0x01442cb3) slt     s9, s0, s4
core   0: 3 0x80000154 (0x01442cb3) x25 0x00000001
core   0: 0x80000158 (0xfe679ae3) bne     a5, t1, pc - 12
core   0: 3 0x80000158 (0xfe679ae3)
core   0: 0x8000014c (0x00f1aa33) slt     s4, gp, a5
core   0: 3 0x8000014c (0x00f1aa33) x20 0x00000001
core   0: 0x80000150 (0x00178793) addi    a5, a5, 1
core   0: 3 0x80000150 (0x00178793) x15 0x00000003
core   0: 0x80000154 (0x01442cb3) slt     s9, s0, s4
core   0: 3 0x80000154 (0x01442cb3) x25 0x00000001
core   0: 0x80000158 (0xfe679ae3) bne     a5, t1, pc - 12
core   0: 3 0x80000158 (0xfe679ae3)
core   0: 0x8000014c (0x00f1aa33) slt     s4, gp, a5
core   0: 3 0x8000014c (0x00f1aa33) x20 0x00000001
core   0: 0x80000150 (0x00178793) addi    a5, a5, 1
core   0: 3 0x80000150 (0x00178793) x15 0x00000004
core   0: 0x80000154 (0x01442cb3) slt     s9, s0, s4
core   0: 3 0x80000154 (0x01442cb3) x25 0x00000001
core   0: 0x80000158 (0xfe679ae3) bne     a5, t1, pc - 12
core   0: 3 0x80000158 (0xfe679ae3)
core   0: 0x8000015c (0xfc5588e3) beq     a1, t0, pc - 48
core   0: 3 0x8000015c (0xfc5588e3)
core   0: 0x80000160 (0xe93a0c13) addi    s8, s4, -365
core   0: 3 0x80000160 (0xe93a0c13) x24 0xfffffe94
core   0: 0x80000164 (0x00800613) li      a2, 8
core   0: 3 0x80000164 (0x00800613) x12 0x00000008
core   0: 0x80000168 (0x5b3d59b7) lui     s3, 0x5b3d5
core   0: 3 0x80000168 (0x5b3d59b7) x19 0x5b3d5000
core   0: 0x8000016c (0x001cef33) or      t5, s9, ra
core   0: 3 0x8000016c (0x001cef33) x30 0x00000007
core   0: 0x80000170 (0x003fbc33) sltu    s8, t6, gp
core   0: 3 0x80000170 (0x003fbc33) x24 0x00000000
core   0: 0x80000174 (0x003587b3) add     a5, a1, gp
core   0: 3 0x80000174 (0x003587b3) x15 0x00000002
core   0: 0x80000178 (0x00500f93) li      t6, 5
core   0: 3 0x80000178 (0x00500f93) x31 0x00000005
core   0: 0x8000017c (0xcdd30193) addi    gp, t1, -803
core   0: 3 0x8000017c (0xcdd30193) x 3 0xfffffce1
core   0: 0x80000180 (0x0ff0000f) fence   iorw,iorw
core   0: 3 0x80000180 (0x0ff0000f)
core   0: 0x80000184 (0x008d6733) or      a4, s10, s0
core   0: 3 0x80000184 (0x008d6733) x14 0x80000008
core   0: 0x80000188 (0xffc60613) addi    a2, a2, -4
core   0: 3 0x80000188 (0xffc60613) x12 0x00000004
core   0: 0x8000018c (0x003b9cb3) sll     s9, s7, gp
core   0: 3 0x8000018c (0x003b9cb3) x25 0x00049cc8
core   0: 0x80000190 (0x00a00413) li      s0, 10
core   0: 3 0x80000190 (0x00a00413) x 8 0x0000000a
core   0: 0x80000194 (0x01267b33) and     s6, a2, s2
core   0: 3 0x80000194 (0x01267b33) x22 0x00000004
core   0: 0x80000198 (0x0190d593) srli    a1, ra, 25
core   0: 3 0x80000198 (0x0190d593) x11 0x00000000
core   0: 0x8000019c (0x000faa13) slti    s4, t6, 0
core   0: 3 0x8000019c (0x000faa13) x20 0x00000000
core   0: 0x800001a0 (0x00a00313) li      t1, 10
core   0: 3 0x800001a0 (0x00a00313) x 6 0x0000000a
core   0: 0x800001a4 (0xec873993) sltiu   s3, a4, -312
core   0: 3 0x800001a4 (0xec873993) x19 0x00000001
core   0: 0x800001a8 (0x01a2d893) srli    a7, t0, 26
core   0: 3 0x800001a8 (0x01a2d893) x17 0x00000000
core   0: 0x800001ac (0xff740413) addi    s0, s0, -9
core   0: 3 0x800001ac (0xff740413) x 8 0x00000001
core   0: 0x800001b0 (0xdd38ba37) lui     s4, 0xdd38b
core   0: 3 0x800001b0 (0xdd38ba37) x20 0xdd38b000
core   0: 0x800001b4 (0x00052d33) slt     s10, a0, zero
core   0: 3 0x800001b4 (0x00052d33) x26 0x00000001
core   0: 0x800001b8 (0x000286b3) add     a3, t0, zero
core   0: 3 0x800001b8 (0x000286b3) x13 0x00000008
core   0: 0x800001bc (0x0ff0000f) fence   iorw,iorw
core   0: 3 0x800001bc (0x0ff0000f)
core   0: 0x800001c0 (0x40fd5013) srai    zero, s10, 15
core   0: 3 0x800001c0 (0x40fd5013)
core   0: 0x800001c4 (0x0020b533) sltu    a0, ra, sp
core   0: 3 0x800001c4 (0x0020b533) x10 0x00000001
core   0: 0x800001c8 (0xfc647ee3) bgeu    s0, t1, pc - 36
core   0: 3 0x800001c8 (0xfc647ee3)
core   0: 0x800001cc (0x03b40913) addi    s2, s0, 59
core   0: 3 0x800001cc (0x03b40913) x18 0x0000003c
core   0: 0x800001d0 (0xfbf65ae3) bge     a2, t6, pc - 76
core   0: 3 0x800001d0 (0xfbf65ae3)
core   0: 0x800001d4 (0x00953e33) sltu    t3, a0, s1
core   0: 3 0x800001d4 (0x00953e33) x28 0x00000001
core   0: 0x800001d8 (0x00400513) li      a0, 4
core   0: 3 0x800001d8 (0x00400513) x10 0x00000004
core   0: 0x800001dc (0x03ed0eb7) lui     t4, 0x3ed0
core   0: 3 0x800001dc (0x03ed0eb7) x29 0x03ed0000
core   0: 0x800001e0 (0xa1ae3437) lui     s0, 0xa1ae3
core   0: 3 0x800001e0 (0xa1ae3437) x 8 0xa1ae3000
core   0: 0x800001e4 (0x86238613) addi    a2, t2, -1950
core   0: 3 0x800001e4 (0x86238613) x12 0x7ffff862
core   0: 0x800001e8 (0xb3d40113) addi    sp, s0, -1219
core   0: 3 0x800001e8 (0xb3d40113) x 2 0xa1ae2b3d
core   0: 0x800001ec (0x00629133) sll     sp, t0, t1
core   0: 3 0x800001ec (0x00629133) x 2 0x00002000
core   0: 0x800001f0 (0xa415ac93) slti    s9, a1, -1471
core   0: 3 0x800001f0 (0xa415ac93) x25 0x00000000
core   0: 0x800001f4 (0x86bb6c93) ori     s9, s6, -1941
core   0: 3 0x800001f4 (0x86bb6c93) x25 0xfffff86f
core   0: 0x800001f8 (0x00000013) nop
core   0: 3 0x800001f8 (0x00000013)
core   0: 0x800001fc (0x019f4c33) xor     s8, t5, s9
core   0: 3 0x800001fc (0x019f4c33) x24 0xfffff868
core   0: 0x80000200 (0x00800693) li      a3, 8
core   0: 3 0x80000200 (0x00800693) x13 0x00000008
core   0: 0x80000204 (0x56707d17) auipc   s10, 0x56707
core   0: 3 0x80000204 (0x56707d17) x26 0xd6707204
core   0: 0x80000208 (0x0ff0000f) fence   iorw,iorw
core   0: 3 0x80000208 (0x0ff0000f)
core   0: 0x8000020c (0x0000100f) fence.i
core   0: 3 0x8000020c (0x0000100f)
core   0: 0x80000210 (0x8d3fc237) lui     tp, 0x8d3fc
core   0: 3 0x80000210 (0x8d3fc237) x 4 0x8d3fc000
core   0: 0x80000214 (0x003419b3) sll     s3, s0, gp
core   0: 3 0x80000214 (0x003419b3) x19 0x435c6000
core   0: 0x80000218 (0x003a4db3) xor     s11, s4, gp
core   0: 3 0x80000218 (0x003a4db3) x27 0x22c74ce1
core   0: 0x8000021c (0x41e48433) sub     s0, s1, t5
core   0: 3 0x8000021c (0x41e48433) x 8 0x80028cdd
core   0: 0x80000220 (0x005c7eb3) and     t4, s8, t0
core   0: 3 0x80000220 (0x005c7eb3) x29 0x00000008
core   0: 0x80000224 (0x01ef38b3) sltu    a7, t5, t5
core   0: 3 0x80000224 (0x01ef38b3) x17 0x00000000
core   0: 0x80000228 (0x92572793) slti    a5, a4, -1755
core   0: 3 0x80000228 (0x92572793) x15 0x00000001
core   0: 0x8000022c (0x41e25933) sra     s2, tp, t5
core   0: 3 0x8000022c (0x41e25933) x18 0xff1a7f80
core   0: 0x80000230 (0x00150513) addi    a0, a0, 1
core   0: 3 0x80000230 (0x00150513) x10 0x00000005
core   0: 0x80000234 (0x012c1433) sll     s0, s8, s2
core   0: 3 0x80000234 (0x012c1433) x 8 0xfffff868
core   0: 0x80000238 (0xfed566e3) bltu    a0, a3, pc - 20
core   0: 3 0x80000238 (0xfed566e3)
core   0: 0x80000224 (0x01ef38b3) sltu    a7, t5, t5
core   0: 3 0x80000224 (0x01ef38b3) x17 0x00000000
core   0: 0x80000228 (0x92572793) slti    a5, a4, -1755
core   0: 3 0x80000228 (0x92572793) x15 0x00000001
core   0: 0x8000022c (0x41e25933) sra     s2, tp, t5
core   0: 3 0x8000022c (0x41e25933) x18 0xff1a7f80
core   0: 0x80000230 (0x00150513) addi    a0, a0, 1
core   0: 3 0x80000230 (0x00150513) x10 0x00000006
core   0: 0x80000234 (0x012c1433) sll     s0, s8, s2
core   0: 3 0x80000234 (0x012c1433) x 8 0xfffff868
core   0: 0x80000238 (0xfed566e3) bltu    a0, a3, pc - 20
core   0: 3 0x80000238 (0xfed566e3)
core   0: 0x80000224 (0x01ef38b3) sltu    a7, t5, t5
core   0: 3 0x80000224 (0x01ef38b3) x17 0x00000000
core   0: 0x80000228 (0x92572793) slti    a5, a4, -1755
core   0: 3 0x80000228 (0x92572793) x15 0x00000001
core   0: 0x8000022c (0x41e25933) sra     s2, tp, t5
core   0: 3 0x8000022c (0x41e25933) x18 0xff1a7f80
core   0: 0x80000230 (0x00150513) addi    a0, a0, 1
core   0: 3 0x80000230 (0x00150513) x10 0x00000007
core   0: 0x80000234 (0x012c1433) sll     s0, s8, s2
core   0: 3 0x80000234 (0x012c1433) x 8 0xfffff868
core   0: 0x80000238 (0xfed566e3) bltu    a0, a3, pc - 20
core   0: 3 0x80000238 (0xfed566e3)
core   0: 0x80000224 (0x01ef38b3) sltu    a7, t5, t5
core   0: 3 0x80000224 (0x01ef38b3) x17 0x00000000
core   0: 0x80000228 (0x92572793) slti    a5, a4, -1755
core   0: 3 0x80000228 (0x92572793) x15 0x00000001
core   0: 0x8000022c (0x41e25933) sra     s2, tp, t5
core   0: 3 0x8000022c (0x41e25933) x18 0xff1a7f80
core   0: 0x80000230 (0x00150513) addi    a0, a0, 1
core   0: 3 0x80000230 (0x00150513) x10 0x00000008
core   0: 0x80000234 (0x012c1433) sll     s0, s8, s2
core   0: 3 0x80000234 (0x012c1433) x 8 0xfffff868
core   0: 0x80000238 (0xfed566e3) bltu    a0, a3, pc - 20
core   0: 3 0x80000238 (0xfed566e3)
core   0: 0x8000023c (0x941927b7) lui     a5, 0x94192
core   0: 3 0x8000023c (0x941927b7) x15 0x94192000
core   0: 0x80000240 (0x00200513) li      a0, 2
core   0: 3 0x80000240 (0x00200513) x10 0x00000002
core   0: 0x80000244 (0x0000100f) fence.i
core   0: 3 0x80000244 (0x0000100f)
core   0: 0x80000248 (0x0ae9b837) lui     a6, 0xae9b
core   0: 3 0x80000248 (0x0ae9b837) x16 0x0ae9b000
core   0: 0x8000024c (0xff800993) li      s3, -8
core   0: 3 0x8000024c (0xff800993) x19 0xfffffff8
core   0: 0x80000250 (0x41d90433) sub     s0, s2, t4
core   0: 3 0x80000250 (0x41d90433) x 8 0xff1a7f78
core   0: 0x80000254 (0xeec9c293) xori    t0, s3, -276
core   0: 3 0x80000254 (0xeec9c293) x 5 0x00000114
core   0: 0x80000258 (0xf908a113) slti    sp, a7, -112
core   0: 3 0x80000258 (0xf908a113) x 2 0x00000000
core   0: 0x8000025c (0x000c51b3) srl     gp, s8, zero
core   0: 3 0x8000025c (0x000c51b3) x 3 0xfffff868
core   0: 0x80000260 (0xfff50513) addi    a0, a0, -1
core   0: 3 0x80000260 (0xfff50513) x10 0x00000001
core   0: 0x80000264 (0x01cee8b3) or      a7, t4, t3
core   0: 3 0x80000264 (0x01cee8b3) x17 0x00000009
core   0: 0x80000268 (0x01298d33) add     s10, s3, s2
core   0: 3 0x80000268 (0x01298d33) x26 0xff1a7f78
core   0: 0x8000026c (0x00233fb3) sltu    t6, t1, sp
core   0: 3 0x8000026c (0x00233fb3) x31 0x00000000
core   0: 0x80000270 (0xff3502e3) beq     a0, s3, pc - 28
core   0: 3 0x80000270 (0xff3502e3)
core   0: 0x80000274 (0x00000013) nop
core   0: 3 0x80000274 (0x00000013)
core   0: 0x80000278 (0xff600793) li      a5, -10
core   0: 3 0x80000278 (0xff600793) x15 0xfffffff6
core   0: 0x8000027c (0xffe00193) li      gp, -2
core   0: 3 0x8000027c (0xffe00193) x 3 0xfffffffe
core   0: 0x80000280 (0x68cfb5b7) lui     a1, 0x68cfb
core   0: 3 0x80000280 (0x68cfb5b7) x11 0x68cfb000
core   0: 0x80000284 (0xea16b213) sltiu   tp, a3, -351
core   0: 3 0x80000284 (0xea16b213) x 4 0x00000001
core   0: 0x80000288 (0x00378793) addi    a5, a5, 3
core   0: 3 0x80000288 (0x00378793) x15 0xfffffff9
core   0: 0x8000028c (0x00400d13) li      s10, 4
core   0: 3 0x8000028c (0x00400d13) x26 0x00000004
core   0: 0x80000290 (0x00400113) li      sp, 4
core   0: 3 0x80000290 (0x00400113) x 2 0x00000004
core   0: 0x80000294 (0x01d9feb3) and     t4, s3, t4
core   0: 3 0x80000294 (0x01d9feb3) x29 0x00000008
core   0: 0x80000298 (0xffed0d13) addi    s10, s10, -2
core   0: 3 0x80000298 (0xffed0d13) x26 0x00000002
core   0: 0x8000029c (0xfe2d7ce3) bgeu    s10, sp, pc - 8
core   0: 3 0x8000029c (0xfe2d7ce3)
core   0: 0x800002a0 (0xfe37c0e3) blt     a5, gp, pc - 32
core   0: 3 0x800002a0 (0xfe37c0e3)
core   0: 0x80000280 (0x68cfb5b7) lui     a1, 0x68cfb
core   0: 3 0x80000280 (0x68cfb5b7) x11 0x68cfb000
core   0: 0x80000284 (0xea16b213) sltiu   tp, a3, -351
core   0: 3 0x80000284 (0xea16b213) x 4 0x00000001
core   0: 0x80000288 (0x00378793) addi    a5, a5, 3
core   0: 3 0x80000288 (0x00378793) x15 0xfffffffc
core   0: 0x8000028c (0x00400d13) li      s10, 4
core   0: 3 0x8000028c (0x00400d13) x26 0x00000004
core   0: 0x80000290 (0x00400113) li      sp, 4
core   0: 3 0x80000290 (0x00400113) x 2 0x00000004
core   0: 0x80000294 (0x01d9feb3) and     t4, s3, t4
core   0: 3 0x80000294 (0x01d9feb3) x29 0x00000008
core   0: 0x80000298 (0xffed0d13) addi    s10, s10, -2
core   0: 3 0x80000298 (0xffed0d13) x26 0x00000002
core   0: 0x8000029c (0xfe2d7ce3) bgeu    s10, sp, pc - 8
core   0: 3 0x8000029c (0xfe2d7ce3)
core   0: 0x800002a0 (0xfe37c0e3) blt     a5, gp, pc - 32
core   0: 3 0x800002a0 (0xfe37c0e3)
core   0: 0x80000280 (0x68cfb5b7) lui     a1, 0x68cfb
core   0: 3 0x80000280 (0x68cfb5b7) x11 0x68cfb000
core   0: 0x80000284 (0xea16b213) sltiu   tp, a3, -351
core   0: 3 0x80000284 (0xea16b213) x 4 0x00000001
core   0: 0x80000288 (0x00378793) addi    a5, a5, 3
core   0: 3 0x80000288 (0x00378793) x15 0xffffffff
core   0: 0x8000028c (0x00400d13) li      s10, 4
core   0: 3 0x8000028c (0x00400d13) x26 0x00000004
core   0: 0x80000290 (0x00400113) li      sp, 4
core   0: 3 0x80000290 (0x00400113) x 2 0x00000004
core   0: 0x80000294 (0x01d9feb3) and     t4, s3, t4
core   0: 3 0x80000294 (0x01d9feb3) x29 0x00000008
core   0: 0x80000298 (0xffed0d13) addi    s10, s10, -2
core   0: 3 0x80000298 (0xffed0d13) x26 0x00000002
core   0: 0x8000029c (0xfe2d7ce3) bgeu    s10, sp, pc - 8
core   0: 3 0x8000029c (0xfe2d7ce3)
core   0: 0x800002a0 (0xfe37c0e3) blt     a5, gp, pc - 32
core   0: 3 0x800002a0 (0xfe37c0e3)
core   0: 0x800002a4 (0x1a092713) slti    a4, s2, 416
core   0: 3 0x800002a4 (0x1a092713) x14 0x00000001
core   0: 0x800002a8 (0x00300113) li      sp, 3
core   0: 3 0x800002a8 (0x00300113) x 2 0x00000003
core   0: 0x800002ac (0x00de69b3) or      s3, t3, a3
core   0: 3 0x800002ac (0x00de69b3) x19 0x00000009
core   0: 0x800002b0 (0x000d0633) add     a2, s10, zero
core   0: 3 0x800002b0 (0x000d0633) x12 0x00000002
core   0: 0x800002b4 (0x002598b3) sll     a7, a1, sp
core   0: 3 0x800002b4 (0x002598b3) x17 0x467d8000
core   0: 0x800002b8 (0x00a00f93) li      t6, 10
core   0: 3 0x800002b8 (0x00a00f93) x31 0x0000000a
core   0: 0x800002bc (0x00000013) nop
core   0: 3 0x800002bc (0x00000013)
core   0: 0x800002c0 (0x00110113) addi    sp, sp, 1
core   0: 3 0x800002c0 (0x00110113) x 2 0x00000004
core   0: 0x800002c4 (0x41e45333) sra     t1, s0, t5
core   0: 3 0x800002c4 (0x41e45333) x 6 0xfffe34fe
core   0: 0x800002c8 (0x00000013) nop
core   0: 3 0x800002c8 (0x00000013)
core   0: 0x800002cc (0x04ef5037) lui     zero, 0x4ef5
core   0: 3 0x800002cc (0x04ef5037)
core   0: 0x800002d0 (0x00a00d13) li      s10, 10
core   0: 3 0x800002d0 (0x00a00d13) x26 0x0000000a
core   0: 0x800002d4 (0x00800b13) li      s6, 8
core   0: 3 0x800002d4 (0x00800b13) x22 0x00000008
core   0: 0x800002d8 (0x00892eb3) slt     t4, s2, s0
core   0: 3 0x800002d8 (0x00892eb3) x29 0x00000000
core   0: 0x800002dc (0x40bf0533) sub     a0, t5, a1
core   0: 3 0x800002dc (0x40bf0533) x10 0x97305007
core   0: 0x800002e0 (0x00f456b3) srl     a3, s0, a5
core   0: 3 0x800002e0 (0x00f456b3) x13 0x00000001
core   0: 0x800002e4 (0xffbd0d13) addi    s10, s10, -5
core   0: 3 0x800002e4 (0xffbd0d13) x26 0x00000005
core   0: 0x800002e8 (0x40b107b3) sub     a5, sp, a1
core   0: 3 0x800002e8 (0x40b107b3) x15 0x97305004
core   0: 0x800002ec (0x015743b3) xor     t2, a4, s5
core   0: 3 0x800002ec (0x015743b3) x 7 0xfdb012ba
core   0: 0x800002f0 (0xff6d76e3) bgeu    s10, s6, pc - 20
core   0: 3 0x800002f0 (0xff6d76e3)
core   0: 0x800002f4 (0xfdf114e3) bne     sp, t6, pc - 56
core   0: 3 0x800002f4 (0xfdf114e3)
core   0: 0x800002bc (0x00000013) nop
core   0: 3 0x800002bc (0x00000013)
core   0: 0x800002c0 (0x00110113) addi    sp, sp, 1
core   0: 3 0x800002c0 (0x00110113) x 2 0x00000005
core   0: 0x800002c4 (0x41e45333) sra     t1, s0, t5
core   0: 3 0x800002c4 (0x41e45333) x 6 0xfffe34fe
core   0: 0x800002c8 (0x00000013) nop
core   0: 3 0x800002c8 (0x00000013)
core   0: 0x800002cc (0x04ef5037) lui     zero, 0x4ef5
core   0: 3 0x800002cc (0x04ef5037)
core   0: 0x800002d0 (0x00a00d13) li      s10, 10
core   0: 3 0x800002d0 (0x00a00d13) x26 0x0000000a
core   0: 0x800002d4 (0x00800b13) li      s6, 8
core   0: 3 0x800002d4 (0x00800b13) x22 0x00000008
core   0: 0x800002d8 (0x00892eb3) slt     t4, s2, s0
core   0: 3 0x800002d8 (0x00892eb3) x29 0x00000000
core   0: 0x800002dc (0x40bf0533) sub     a0, t5, a1
core   0: 3 0x800002dc (0x40bf0533) x10 0x97305007
core   0: 0x800002e0 (0x00f456b3) srl     a3, s0, a5
core   0: 3 0x800002e0 (0x00f456b3) x13 0x0ff1a7f7
core   0: 0x800002e4 (0xffbd0d13) addi    s10, s10, -5
core   0: 3 0x800002e4 (0xffbd0d13) x26 0x00000005
core   0: 0x800002e8 (0x40b107b3) sub     a5, sp, a1
core   0: 3 0x800002e8 (0x40b107b3) x15 0x97305005
core   0: 0x800002ec (0x015743b3) xor     t2, a4, s5
core   0: 3 0x800002ec (0x015743b3) x 7 0xfdb012ba
core   0: 0x800002f0 (0xff6d76e3) bgeu    s10, s6, pc - 20
core   0: 3 0x800002f0 (0xff6d76e3)
core   0: 0x800002f4 (0xfdf114e3) bne     sp, t6, pc - 56
core   0: 3 0x800002f4 (0xfdf114e3)
core   0: 0x800002bc (0x00000013) nop
core   0: 3 0x800002bc (0x00000013)
core   0: 0x800002c0 (0x00110113) addi    sp, sp, 1
core   0: 3 0x800002c0 (0x00110113) x 2 0x00000006
core   0: 0x800002c4 (0x41e45333) sra     t1, s0, t5
core   0: 3 0x800002c4 (0x41e45333) x 6 0xfffe34fe
core   0: 0x800002c8 (0x00000013) nop
core   0: 3 0x800002c8 (0x00000013)
core   0: 0x800002cc (0x04ef5037) lui     zero, 0x4ef5
core   0: 3 0x800002cc (0x04ef5037)
core   0: 0x800002d0 (0x00a00d13) li      s10, 10
core   0: 3 0x800002d0 (0x00a00d13) x26 0x0000000a
core   0: 0x800002d4 (0x00800b13) li      s6, 8
core   0: 3 0x800002d4 (0x00800b13) x22 0x00000008
core   0: 0x800002d8 (0x00892eb3) slt     t4, s2, s0
core   0: 3 0x800002d8 (0x00892eb3) x29 0x00000000
core   0: 0x800002dc (0x40bf0533) sub     a0, t5, a1
core   0: 3 0x800002dc (0x40bf0533) x10 0x97305007
core   0: 0x800002e0 (0x00f456b3) srl     a3, s0, a5
core   0: 3 0x800002e0 (0x00f456b3) x13 0x07f8d3fb
core   0: 0x800002e4 (0xffbd0d13) addi    s10, s10, -5
core   0: 3 0x800002e4 (0xffbd0d13) x26 0x00000005
core   0: 0x800002e8 (0x40b107b3) sub     a5, sp, a1
core   0: 3 0x800002e8 (0x40b107b3) x15 0x97305006
core   0: 0x800002ec (0x015743b3) xor     t2, a4, s5
core   0: 3 0x800002ec (0x015743b3) x 7 0xfdb012ba
core   0: 0x800002f0 (0xff6d76e3) bgeu    s10, s6, pc - 20
core   0: 3 0x800002f0 (0xff6d76e3)
core   0: 0x800002f4 (0xfdf114e3) bne     sp, t6, pc - 56
core   0: 3 0x800002f4 (0xfdf114e3)
core   0: 0x800002bc (0x00000013) nop
core   0: 3 0x800002bc (0x00000013)
core   0: 0x800002c0 (0x00110113) addi    sp, sp, 1
core   0: 3 0x800002c0 (0x00110113) x 2 0x00000007
core   0: 0x800002c4 (0x41e45333) sra     t1, s0, t5
core   0: 3 0x800002c4 (0x41e45333) x 6 0xfffe34fe
core   0: 0x800002c8 (0x00000013) nop
core   0: 3 0x800002c8 (0x00000013)
core   0: 0x800002cc (0x04ef5037) lui     zero, 0x4ef5
core   0: 3 0x800002cc (0x04ef5037)
core   0: 0x800002d0 (0x00a00d13) li      s10, 10
core   0: 3 0x800002d0 (0x00a00d13) x26 0x0000000a
core   0: 0x800002d4 (0x00800b13) li      s6, 8
core   0: 3 0x800002d4 (0x00800b13) x22 0x00000008
core   0: 0x800002d8 (0x00892eb3) slt     t4, s2, s0
core   0: 3 0x800002d8 (0x00892eb3) x29 0x00000000
core   0: 0x800002dc (0x40bf0533) sub     a0, t5, a1
core   0: 3 0x800002dc (0x40bf0533) x10 0x97305007
core   0: 0x800002e0 (0x00f456b3) srl     a3, s0, a5
core   0: 3 0x800002e0 (0x00f456b3) x13 0x03fc69fd
core   0: 0x800002e4 (0xffbd0d13) addi    s10, s10, -5
core   0: 3 0x800002e4 (0xffbd0d13) x26 0x00000005
core   0: 0x800002e8 (0x40b107b3) sub     a5, sp, a1
core   0: 3 0x800002e8 (0x40b107b3) x15 0x97305007
core   0: 0x800002ec (0x015743b3) xor     t2, a4, s5
core   0: 3 0x800002ec (0x015743b3) x 7 0xfdb012ba
core   0: 0x800002f0 (0xff6d76e3) bgeu    s10, s6, pc - 20
core   0: 3 0x800002f0 (0xff6d76e3)
core   0: 0x800002f4 (0xfdf114e3) bne     sp, t6, pc - 56
core   0: 3 0x800002f4 (0xfdf114e3)
core   0: 0x800002bc (0x00000013) nop
core   0: 3 0x800002bc (0x00000013)
core   0: 0x800002c0 (0x00110113) addi    sp, sp, 1
core   0: 3 0x800002c0 (0x00110113) x 2 0x00000008
core   0: 0x800002c4 (0x41e45333) sra     t1, s0, t5
core   0: 3 0x800002c4 (0x41e45333) x 6 0xfffe34fe
core   0: 0x800002c8 (0x00000013) nop
core   0: 3 0x800002c8 (0x00000013)
core   0: 0x800002cc (0x04ef5037) lui     zero, 0x4ef5
core   0: 3 0x800002cc (0x04ef5037)
core   0: 0x800002d0 (0x00a00d13) li      s10, 10
core   0: 3 0x800002d0 (0x00a00d13) x26 0x0000000a
core   0: 0x800002d4 (0x00800b13) li      s6, 8
core   0: 3 0x800002d4 (0x00800b13) x22 0x00000008
core   0: 0x800002d8 (0x00892eb3) slt     t4, s2, s0
core   0: 3 0x800002d8 (0x00892eb3) x29 0x00000000
core   0: 0x800002dc (0x40bf0533) sub     a0, t5, a1
core   0: 3 0x800002dc (0x40bf0533) x10 0x97305007
core   0: 0x800002e0 (0x00f456b3) srl     a3, s0, a5
core   0: 3 0x800002e0 (0x00f456b3) x13 0x01fe34fe
core   0: 0x800002e4 (0xffbd0d13) addi    s10, s10, -5
core   0: 3 0x800002e4 (0xffbd0d13) x26 0x00000005
core   0: 0x800002e8 (0x40b107b3) sub     a5, sp, a1
core   0: 3 0x800002e8 (0x40b107b3) x15 0x97305008
core   0: 0x800002ec (0x015743b3) xor     t2, a4, s5
core   0: 3 0x800002ec (0x015743b3) x 7 0xfdb012ba
core   0: 0x800002f0 (0xff6d76e3) bgeu    s10, s6, pc - 20
core   0: 3 0x800002f0 (0xff6d76e3)
core   0: 0x800002f4 (0xfdf114e3) bne     sp, t6, pc - 56
core   0: 3 0x800002f4 (0xfdf114e3)
core   0: 0x800002bc (0x00000013) nop
core   0: 3 0x800002bc (0x00000013)
core   0: 0x800002c0 (0x00110113) addi    sp, sp, 1
core   0: 3 0x800002c0 (0x00110113) x 2 0x00000009
core   0: 0x800002c4 (0x41e45333) sra     t1, s0, t5
core   0: 3 0x800002c4 (0x41e45333) x 6 0xfffe34fe
core   0: 0x800002c8 (0x00000013) nop
core   0: 3 0x800002c8 (0x00000013)
core   0: 0x800002cc (0x04ef5037) lui     zero, 0x4ef5
core   0: 3 0x800002cc (0x04ef5037)
core   0: 0x800002d0 (0x00a00d13) li      s10, 10
core   0: 3 0x800002d0 (0x00a00d13) x26 0x0000000a
core   0: 0x800002d4 (0x00800b13) li      s6, 8
core   0: 3 0x800002d4 (0x00800b13) x22 0x00000008
core   0: 0x800002d8 (0x00892eb3) slt     t4, s2, s0
core   0: 3 0x800002d8 (0x00892eb3) x29 0x00000000
core   0: 0x800002dc (0x40bf0533) sub     a0, t5, a1
core   0: 3 0x800002dc (0x40bf0533) x10 0x97305007
core   0: 0x800002e0 (0x00f456b3) srl     a3, s0, a5
core   0: 3 0x800002e0 (0x00f456b3) x13 0x00ff1a7f
core   0: 0x800002e4 (0xffbd0d13) addi    s10, s10, -5
core   0: 3 0x800002e4 (0xffbd0d13) x26 0x00000005
core   0: 0x800002e8 (0x40b107b3) sub     a5, sp, a1
core   0: 3 0x800002e8 (0x40b107b3) x15 0x97305009
core   0: 0x800002ec (0x015743b3) xor     t2, a4, s5
core   0: 3 0x800002ec (0x015743b3) x 7 0xfdb012ba
core   0: 0x800002f0 (0xff6d76e3) bgeu    s10, s6, pc - 20
core   0: 3 0x800002f0 (0xff6d76e3)
core   0: 0x800002f4 (0xfdf114e3) bne     sp, t6, pc - 56
core   0: 3 0x800002f4 (0xfdf114e3)
core   0: 0x800002bc (0x00000013) nop
core   0: 3 0x800002bc (0x00000013)
core   0: 0x800002c0 (0x00110113) addi    sp, sp, 1
core   0: 3 0x800002c0 (0x00110113) x 2 0x0000000a
core   0: 0x800002c4 (0x41e45333) sra     t1, s0, t5
core   0: 3 0x800002c4 (0x41e45333) x 6 0xfffe34fe
core   0: 0x800002c8 (0x00000013) nop
core   0: 3 0x800002c8 (0x00000013)
core   0: 0x800002cc (0x04ef5037) lui     zero, 0x4ef5
core   0: 3 0x800002cc (0x04ef5037)
core   0: 0x800002d0 (0x00a00d13) li      s10, 10
core   0: 3 0x800002d0 (0x00a00d13) x26 0x0000000a
core   0: 0x800002d4 (0x00800b13) li      s6, 8
core   0: 3 0x800002d4 (0x00800b13) x22 0x00000008
core   0: 0x800002d8 (0x00892eb3) slt     t4, s2, s0
core   0: 3 0x800002d8 (0x00892eb3) x29 0x00000000
core   0: 0x800002dc (0x40bf0533) sub     a0, t5, a1
core   0: 3 0x800002dc (0x40bf0533) x10 0x97305007
core   0: 0x800002e0 (0x00f456b3) srl     a3, s0, a5
core   0: 3 0x800002e0 (0x00f456b3) x13 0x007f8d3f
core   0: 0x800002e4 (0xffbd0d13) addi    s10, s10, -5
core   0: 3 0x800002e4 (0xffbd0d13) x26 0x00000005
core   0: 0x800002e8 (0x40b107b3) sub     a5, sp, a1
core   0: 3 0x800002e8 (0x40b107b3) x15 0x9730500a
core   0: 0x800002ec (0x015743b3) xor     t2, a4, s5
core   0: 3 0x800002ec (0x015743b3) x 7 0xfdb012ba
core   0: 0x800002f0 (0xff6d76e3) bgeu    s10, s6, pc - 20
core   0: 3 0x800002f0 (0xff6d76e3)
core   0: 0x800002f4 (0xfdf114e3) bne     sp, t6, pc - 56
core   0: 3 0x800002f4 (0xfdf114e3)
core   0: 0x800002f8 (0x3e577293) andi    t0, a4, 997
core   0: 3 0x800002f8 (0x3e577293) x 5 0x00000001
core   0: 0x800002fc (0xffa00713) li      a4, -6
core   0: 3 0x800002fc (0xffa00713) x14 0xfffffffa
core   0: 0x80000300 (0xff700b13) li      s6, -9
core   0: 3 0x80000300 (0xff700b13) x22 0xfffffff7
core   0: 0x80000304 (0x9e038613) addi    a2, t2, -1568
core   0: 3 0x80000304 (0x9e038613) x12 0xfdb00c9a
core   0: 0x80000308 (0xffa70713) addi    a4, a4, -6
core   0: 3 0x80000308 (0xffa70713) x14 0xfffffff4
core   0: 0x8000030c (0x871bc617) auipc   a2, 0x871bc
core   0: 3 0x8000030c (0x871bc617) x12 0x071bc30c
core   0: 0x80000310 (0x00800513) li      a0, 8
core   0: 3 0x80000310 (0x00800513) x10 0x00000008
core   0: 0x80000314 (0x00900793) li      a5, 9
core   0: 3 0x80000314 (0x00900793) x15 0x00000009
core   0: 0x80000318 (0x9eb7e613) ori     a2, a5, -1557
core   0: 3 0x80000318 (0x9eb7e613) x12 0xfffff9eb
core   0: 0x8000031c (0x2d99b213) sltiu   tp, s3, 729
core   0: 3 0x8000031c (0x2d99b213) x 4 0x00000001
core   0: 0x80000320 (0x00150513) addi    a0, a0, 1
core   0: 3 0x80000320 (0x00150513) x10 0x00000009
core   0: 0x80000324 (0xfef50ae3) beq     a0, a5, pc - 12
core   0: 3 0x80000324 (0xfef50ae3)
core   0: 0x80000318 (0x9eb7e613) ori     a2, a5, -1557
core   0: 3 0x80000318 (0x9eb7e613) x12 0xfffff9eb
core   0: 0x8000031c (0x2d99b213) sltiu   tp, s3, 729
core   0: 3 0x8000031c (0x2d99b213) x 4 0x00000001
core   0: 0x80000320 (0x00150513) addi    a0, a0, 1
core   0: 3 0x80000320 (0x00150513) x10 0x0000000a
core   0: 0x80000324 (0xfef50ae3) beq     a0, a5, pc - 12
core   0: 3 0x80000324 (0xfef50ae3)
core   0: 0x80000328 (0xe54c3113) sltiu   sp, s8, -428
core   0: 3 0x80000328 (0xe54c3113) x 2 0x00000001
core   0: 0x8000032c (0xfd675ce3) bge     a4, s6, pc - 40
core   0: 3 0x8000032c (0xfd675ce3)
core   0: 0x80000330 (0x00000013) nop
core   0: 3 0x80000330 (0x00000013)
core   0: 0x80000334 (0xffa00793) li      a5, -6
core   0: 3 0x80000334 (0xffa00793) x15 0xfffffffa
core   0: 0x80000338 (0x01f9efb3) or      t6, s3, t6
core   0: 3 0x80000338 (0x01f9efb3) x31 0x0000000b
core   0: 0x8000033c (0x01300893) li      a7, 19
core   0: 3 0x8000033c (0x01300893) x17 0x00000013
core   0: 0x80000340 (0x40168db3) sub     s11, a3, ra
core   0: 3 0x80000340 (0x40168db3) x27 0x007f8d39
core   0: 0x80000344 (0x010743b3) xor     t2, a4, a6
core   0: 3 0x80000344 (0x010743b3) x 7 0xf5164ff4
core   0: 0x80000348 (0x00178793) addi    a5, a5, 1
core   0: 3 0x80000348 (0x00178793) x15 0xfffffffb
core   0: 0x8000034c (0x019f9193) slli    gp, t6, 25
core   0: 3 0x8000034c (0x019f9193) x 3 0x16000000
core   0: 0x80000350 (0xff900693) li      a3, -7
core   0: 3 0x80000350 (0xff900693) x13 0xfffffff9
core   0: 0x80000354 (0x47d40e37) lui     t3, 0x47d40
core   0: 3 0x80000354 (0x47d40e37) x28 0x47d40000
core   0: 0x80000358 (0x00200993) li      s3, 2
core   0: 3 0x80000358 (0x00200993) x19 0x00000002
core   0: 0x8000035c (0x01d20333) add     t1, tp, t4
core   0: 3 0x8000035c (0x01d20333) x 6 0x00000001
core   0: 0x80000360 (0x8252e813) ori     a6, t0, -2011
core   0: 3 0x80000360 (0x8252e813) x16 0xfffff825
core   0: 0x80000364 (0x00968693) addi    a3, a3, 9
core   0: 3 0x80000364 (0x00968693) x13 0x00000002
core   0: 0x80000368 (0xff369ae3) bne     a3, s3, pc - 12
core   0: 3 0x80000368 (0xff369ae3)
core   0: 0x8000036c (0x41c6db13) srai    s6, a3, 28
core   0: 3 0x8000036c (0x41c6db13) x22 0x00000000
core   0: 0x80000370 (0x8c177213) andi    tp, a4, -1855
core   0: 3 0x80000370 (0x8c177213) x 4 0xfffff8c0
core   0: 0x80000374 (0x1c617d17) auipc   s10, 0x1c617
core   0: 3 0x80000374 (0x1c617d17) x26 0x9c617374
core   0: 0x80000378 (0xfd17e4e3) bltu    a5, a7, pc - 56
core   0: 3 0x80000378 (0xfd17e4e3)
core   0: 0x8000037c (0x00ca9113) slli    sp, s5, 12
core   0: 3 0x8000037c (0x00ca9113) x 2 0x012bb000
core   0: 0x80000380 (0x00000693) li      a3, 0
core   0: 3 0x80000380 (0x00000693) x13 0x00000000
core   0: 0x80000384 (0x01ab5513) srli    a0, s6, 26
core   0: 3 0x80000384 (0x01ab5513) x10 0x00000000
core   0: 0x80000388 (0x00900713) li      a4, 9
core   0: 3 0x80000388 (0x00900713) x14 0x00000009
core   0: 0x8000038c (0xcfa06893) ori     a7, zero, -774
core   0: 3 0x8000038c (0xcfa06893) x17 0xfffffcfa
core   0: 0x80000390 (0x00368693) addi    a3, a3, 3
core   0: 3 0x80000390 (0x00368693) x13 0x00000003
core   0: 0x80000394 (0x71e33093) sltiu   ra, t1, 1822
core   0: 3 0x80000394 (0x71e33093) x 1 0x00000001
core   0: 0x80000398 (0x00300793) li      a5, 3
core   0: 3 0x80000398 (0x00300793) x15 0x00000003
core   0: 0x8000039c (0xffe00413) li      s0, -2
core   0: 3 0x8000039c (0xffe00413) x 8 0xfffffffe
core   0: 0x800003a0 (0x405558b3) sra     a7, a0, t0
core   0: 3 0x800003a0 (0x405558b3) x17 0x00000000
core   0: 0x800003a4 (0x00d601b3) add     gp, a2, a3
core   0: 3 0x800003a4 (0x00d601b3) x 3 0xfffff9ee
core   0: 0x800003a8 (0xffb78793) addi    a5, a5, -5
core   0: 3 0x800003a8 (0xffb78793) x15 0xfffffffe
core   0: 0x800003ac (0xfe879ce3) bne     a5, s0, pc - 8
core   0: 3 0x800003ac (0xfe879ce3)
core   0: 0x800003b0 (0x455d8593) addi    a1, s11, 1109
core   0: 3 0x800003b0 (0x455d8593) x11 0x007f918e
core   0: 0x800003b4 (0xfce69ce3) bne     a3, a4, pc - 40
core   0: 3 0x800003b4 (0xfce69ce3)
core   0: 0x8000038c (0xcfa06893) ori     a7, zero, -774
core   0: 3 0x8000038c (0xcfa06893) x17 0xfffffcfa
core   0: 0x80000390 (0x00368693) addi    a3, a3, 3
core   0: 3 0x80000390 (0x00368693) x13 0x00000006
core   0: 0x80000394 (0x71e33093) sltiu   ra, t1, 1822
core   0: 3 0x80000394 (0x71e33093) x 1 0x00000001
core   0: 0x80000398 (0x00300793) li      a5, 3
core   0: 3 0x80000398 (0x00300793) x15 0x00000003
core   0: 0x8000039c (0xffe00413) li      s0, -2
core   0: 3 0x8000039c (0xffe00413) x 8 0xfffffffe
core   0: 0x800003a0 (0x405558b3) sra     a7, a0, t0
core   0: 3 0x800003a0 (0x405558b3) x17 0x00000000
core   0: 0x800003a4 (0x00d601b3) add     gp, a2, a3
core   0: 3 0x800003a4 (0x00d601b3) x 3 0xfffff9f1
core   0: 0x800003a8 (0xffb78793) addi    a5, a5, -5
core   0: 3 0x800003a8 (0xffb78793) x15 0xfffffffe
core   0: 0x800003ac (0xfe879ce3) bne     a5, s0, pc - 8
core   0: 3 0x800003ac (0xfe879ce3)
core   0: 0x800003b0 (0x455d8593) addi    a1, s11, 1109
core   0: 3 0x800003b0 (0x455d8593) x11 0x007f918e
core   0: 0x800003b4 (0xfce69ce3) bne     a3, a4, pc - 40
core   0: 3 0x800003b4 (0xfce69ce3)
core   0: 0x8000038c (0xcfa06893) ori     a7, zero, -774
core   0: 3 0x8000038c (0xcfa06893) x17 0xfffffcfa
core   0: 0x80000390 (0x00368693) addi    a3, a3, 3
core   0: 3 0x80000390 (0x00368693) x13 0x00000009
core   0: 0x80000394 (0x71e33093) sltiu   ra, t1, 1822
core   0: 3 0x80000394 (0x71e33093) x 1 0x00000001
core   0: 0x80000398 (0x00300793) li      a5, 3
core   0: 3 0x80000398 (0x00300793) x15 0x00000003
core   0: 0x8000039c (0xffe00413) li      s0, -2
core   0: 3 0x8000039c (0xffe00413) x 8 0xfffffffe
core   0: 0x800003a0 (0x405558b3) sra     a7, a0, t0
core   0: 3 0x800003a0 (0x405558b3) x17 0x00000000
core   0: 0x800003a4 (0x00d601b3) add     gp, a2, a3
core   0: 3 0x800003a4 (0x00d601b3) x 3 0xfffff9f4
core   0: 0x800003a8 (0xffb78793) addi    a5, a5, -5
core   0: 3 0x800003a8 (0xffb78793) x15 0xfffffffe
core   0: 0x800003ac (0xfe879ce3) bne     a5, s0, pc - 8
core   0: 3 0x800003ac (0xfe879ce3)
core   0: 0x800003b0 (0x455d8593) addi    a1, s11, 1109
core   0: 3 0x800003b0 (0x455d8593) x11 0x007f918e
core   0: 0x800003b4 (0xfce69ce3) bne     a3, a4, pc - 40
core   0: 3 0x800003b4 (0xfce69ce3)
core   0: 0x800003b8 (0x4aa23313) sltiu   t1, tp, 1194
core   0: 3 0x800003b8 (0x4aa23313) x 6 0x00000000
core   0: 0x800003bc (0x00000713) li      a4, 0
core   0: 3 0x800003bc (0x00000713) x14 0x00000000
core   0: 0x800003c0 (0x006ead33) slt     s10, t4, t1
core   0: 3 0x800003c0 (0x006ead33) x26 0x00000000
core   0: 0x800003c4 (0x0000100f) fence.i
core   0: 3 0x800003c4 (0x0000100f)
core   0: 0x800003c8 (0x018c07b3) add     a5, s8, s8
core   0: 3 0x800003c8 (0x018c07b3) x15 0xfffff0d0
core   0: 0x800003cc (0x7fcfaf93) slti    t6, t6, 2044
core   0: 3 0x800003cc (0x7fcfaf93) x31 0x00000001
core   0: 0x800003d0 (0xff300913) li      s2, -13
core   0: 3 0x800003d0 (0xff300913) x18 0xfffffff3
core   0: 0x800003d4 (0xfe19d797) auipc   a5, 0xfe19d
core   0: 3 0x800003d4 (0xfe19d797) x15 0x7e19d3d4
core   0: 0x800003d8 (0x8c21e317) auipc   t1, 0x8c21e
core   0: 3 0x800003d8 (0x8c21e317) x 6 0x0c21e3d8
core   0: 0x800003dc (0x00819833) sll     a6, gp, s0
core   0: 3 0x800003dc (0x00819833) x16 0x00000000
core   0: 0x800003e0 (0x01f1e433) or      s0, gp, t6
core   0: 3 0x800003e0 (0x01f1e433) x 8 0xfffff9f5
core   0: 0x800003e4 (0x0ff0000f) fence   iorw,iorw
core   0: 3 0x800003e4 (0x0ff0000f)
core   0: 0x800003e8 (0x007a62b3) or      t0, s4, t2
core   0: 3 0x800003e8 (0x007a62b3) x 5 0xfd3efff4
core   0: 0x800003ec (0x01775fb3) srl     t6, a4, s7
core   0: 3 0x800003ec (0x01775fb3) x31 0x00000000
core   0: 0x800003f0 (0x004f5c33) srl     s8, t5, tp
core   0: 3 0x800003f0 (0x004f5c33) x24 0x00000007
core   0: 0x800003f4 (0xff970713) addi    a4, a4, -7
core   0: 3 0x800003f4 (0xff970713) x14 0xfffffff9
core   0: 0x800003f8 (0xffd00513) li      a0, -3
core   0: 3 0x800003f8 (0xffd00513) x10 0xfffffffd
core   0: 0x800003fc (0x01063cb3) sltu    s9, a2, a6
core   0: 3 0x800003fc (0x01063cb3) x25 0x00000000
core   0: 0x80000400 (0xff600393) li      t2, -10
core   0: 3 0x80000400 (0xff600393) x 7 0xfffffff6
core   0: 0x80000404 (0x00ec8d33) add     s10, s9, a4
core   0: 3 0x80000404 (0x00ec8d33) x26 0xfffffff9
core   0: 0x80000408 (0x3713e813) ori     a6, t2, 881
core   0: 3 0x80000408 (0x3713e813) x16 0xfffffff7
core   0: 0x8000040c (0x663a4193) xori    gp, s4, 1635
core   0: 3 0x8000040c (0x663a4193) x 3 0xdd38b663
core   0: 0x80000410 (0xff950513) addi    a0, a0, -7
core   0: 3 0x80000410 (0xff950513) x10 0xfffffff6
core   0: 0x80000414 (0x713f2313) slti    t1, t5, 1811
core   0: 3 0x80000414 (0x713f2313) x 6 0x00000001
core   0: 0x80000418 (0xfe7518e3) bne     a0, t2, pc - 16
core   0: 3 0x80000418 (0xfe7518e3)
core   0: 0x8000041c (0x01cf4f33) xor     t5, t5, t3
core   0: 3 0x8000041c (0x01cf4f33) x30 0x47d40007
core   0: 0x80000420 (0x402786b3) sub     a3, a5, sp
core   0: 3 0x80000420 (0x402786b3) x13 0x7cee23d4
core   0: 0x80000424 (0xfd2752e3) bge     a4, s2, pc - 60
core   0: 3 0x80000424 (0xfd2752e3)
core   0: 0x800003e8 (0x007a62b3) or      t0, s4, t2
core   0: 3 0x800003e8 (0x007a62b3) x 5 0xfffffff6
core   0: 0x800003ec (0x01775fb3) srl     t6, a4, s7
core   0: 3 0x800003ec (0x01775fb3) x31 0x0fffffff
core   0: 0x800003f0 (0x004f5c33) srl     s8, t5, tp
core   0: 3 0x800003f0 (0x004f5c33) x24 0x47d40007
core   0: 0x800003f4 (0xff970713) addi    a4, a4, -7
core   0: 3 0x800003f4 (0xff970713) x14 0xfffffff2
core   0: 0x800003f8 (0xffd00513) li      a0, -3
core   0: 3 0x800003f8 (0xffd00513) x10 0xfffffffd
core   0: 0x800003fc (0x01063cb3) sltu    s9, a2, a6
core   0: 3 0x800003fc (0x01063cb3) x25 0x00000001
core   0: 0x80000400 (0xff600393) li      t2, -10
core   0: 3 0x80000400 (0xff600393) x 7 0xfffffff6
core   0: 0x80000404 (0x00ec8d33) add     s10, s9, a4
core   0: 3 0x80000404 (0x00ec8d33) x26 0xfffffff3
core   0: 0x80000408 (0x3713e813) ori     a6, t2, 881
core   0: 3 0x80000408 (0x3713e813) x16 0xfffffff7
core   0: 0x8000040c (0x663a4193) xori    gp, s4, 1635
core   0: 3 0x8000040c (0x663a4193) x 3 0xdd38b663
core   0: 0x80000410 (0xff950513) addi    a0, a0, -7
core   0: 3 0x80000410 (0xff950513) x10 0xfffffff6
core   0: 0x80000414 (0x713f2313) slti    t1, t5, 1811
core   0: 3 0x80000414 (0x713f2313) x 6 0x00000000
core   0: 0x80000418 (0xfe7518e3) bne     a0, t2, pc - 16
core   0: 3 0x80000418 (0xfe7518e3)
core   0: 0x8000041c (0x01cf4f33) xor     t5, t5, t3
core   0: 3 0x8000041c (0x01cf4f33) x30 0x00000007
core   0: 0x80000420 (0x402786b3) sub     a3, a5, sp
core   0: 3 0x80000420 (0x402786b3) x13 0x7cee23d4
core   0: 0x80000424 (0xfd2752e3) bge     a4, s2, pc - 60
core   0: 3 0x80000424 (0xfd2752e3)
core   0: 0x80000428 (0x0036eeb3) or      t4, a3, gp
core   0: 3 0x80000428 (0x0036eeb3) x29 0xfdfeb7f7
core   0: 0x8000042c (0x00700813) li      a6, 7
core   0: 3 0x8000042c (0x00700813) x16 0x00000007
core   0: 0x80000430 (0xffe00793) li      a5, -2
core   0: 3 0x80000430 (0xffe00793) x15 0xfffffffe
core   0: 0x80000434 (0x7ec5a093) slti    ra, a1, 2028
core   0: 3 0x80000434 (0x7ec5a093) x 1 0x00000000
core   0: 0x80000438 (0xffc80813) addi    a6, a6, -4
core   0: 3 0x80000438 (0xffc80813) x16 0x00000003
core   0: 0x8000043c (0x018d0f33) add     t5, s10, s8
core   0: 3 0x8000043c (0x018d0f33) x30 0x47d3fffa
core   0: 0x80000440 (0x00500993) li      s3, 5
core   0: 3 0x80000440 (0x00500993) x19 0x00000005
core   0: 0x80000444 (0x00f00f93) li      t6, 15
core   0: 3 0x80000444 (0x00f00f93) x31 0x0000000f
core   0: 0x80000448 (0x2f54cd93) xori    s11, s1, 757
core   0: 3 0x80000448 (0x2f54cd93) x27 0x80028e11
core   0: 0x8000044c (0x00498993) addi    s3, s3, 4
core   0: 3 0x8000044c (0x00498993) x19 0x00000009
core   0: 0x80000450 (0xfff9ece3) bltu    s3, t6, pc - 8
core   0: 3 0x80000450 (0xfff9ece3)
core   0: 0x80000448 (0x2f54cd93) xori    s11, s1, 757
core   0: 3 0x80000448 (0x2f54cd93) x27 0x80028e11
core   0: 0x8000044c (0x00498993) addi    s3, s3, 4
core   0: 3 0x8000044c (0x00498993) x19 0x0000000d
core   0: 0x80000450 (0xfff9ece3) bltu    s3, t6, pc - 8
core   0: 3 0x80000450 (0xfff9ece3)
core   0: 0x80000448 (0x2f54cd93) xori    s11, s1, 757
core   0: 3 0x80000448 (0x2f54cd93) x27 0x80028e11
core   0: 0x8000044c (0x00498993) addi    s3, s3, 4
core   0: 3 0x8000044c (0x00498993) x19 0x00000011
core   0: 0x80000450 (0xfff9ece3) bltu    s3, t6, pc - 8
core   0: 3 0x80000450 (0xfff9ece3)
core   0: 0x80000454 (0x01ef1093) slli    ra, t5, 30
core   0: 3 0x80000454 (0x01ef1093) x 1 0x80000000
core   0: 0x80000458 (0xfcf85ee3) bge     a6, a5, pc - 36
core   0: 3 0x80000458 (0xfcf85ee3)
core   0: 0x80000434 (0x7ec5a093) slti    ra, a1, 2028
core   0: 3 0x80000434 (0x7ec5a093) x 1 0x00000000
core   0: 0x80000438 (0xffc80813) addi    a6, a6, -4
core   0: 3 0x80000438 (0xffc80813) x16 0xffffffff
core   0: 0x8000043c (0x018d0f33) add     t5, s10, s8
core   0: 3 0x8000043c (0x018d0f33) x30 0x47d3fffa
core   0: 0x80000440 (0x00500993) li      s3, 5
core   0: 3 0x80000440 (0x00500993) x19 0x00000005
core   0: 0x80000444 (0x00f00f93) li      t6, 15
core   0: 3 0x80000444 (0x00f00f93) x31 0x0000000f
core   0: 0x80000448 (0x2f54cd93) xori    s11, s1, 757
core   0: 3 0x80000448 (0x2f54cd93) x27 0x80028e11
core   0: 0x8000044c (0x00498993) addi    s3, s3, 4
core   0: 3 0x8000044c (0x00498993) x19 0x00000009
core   0: 0x80000450 (0xfff9ece3) bltu    s3, t6, pc - 8
core   0: 3 0x80000450 (0xfff9ece3)
core   0: 0x80000448 (0x2f54cd93) xori    s11, s1, 757
core   0: 3 0x80000448 (0x2f54cd93) x27 0x80028e11
core   0: 0x8000044c (0x00498993) addi    s3, s3, 4
core   0: 3 0x8000044c (0x00498993) x19 0x0000000d
core   0: 0x80000450 (0xfff9ece3) bltu    s3, t6, pc - 8
core   0: 3 0x80000450 (0xfff9ece3)
core   0: 0x80000448 (0x2f54cd93) xori    s11, s1, 757
core   0: 3 0x80000448 (0x2f54cd93) x27 0x80028e11
core   0: 0x8000044c (0x00498993) addi    s3, s3, 4
core   0: 3 0x8000044c (0x00498993) x19 0x00000011
core   0: 0x80000450 (0xfff9ece3) bltu    s3, t6, pc - 8
core   0: 3 0x80000450 (0xfff9ece3)
core   0: 0x80000454 (0x01ef1093) slli    ra, t5, 30
core   0: 3 0x80000454 (0x01ef1093) x 1 0x80000000
core   0: 0x80000458 (0xfcf85ee3) bge     a6, a5, pc - 36
core   0: 3 0x80000458 (0xfcf85ee3)
core   0: 0x80000434 (0x7ec5a093) slti    ra, a1, 2028
core   0: 3 0x80000434 (0x7ec5a093) x 1 0x00000000
core   0: 0x80000438 (0xffc80813) addi    a6, a6, -4
core   0: 3 0x80000438 (0xffc80813) x16 0xfffffffb
core   0: 0x8000043c (0x018d0f33) add     t5, s10, s8
core   0: 3 0x8000043c (0x018d0f33) x30 0x47d3fffa
core   0: 0x80000440 (0x00500993) li      s3, 5
core   0: 3 0x80000440 (0x00500993) x19 0x00000005
core   0: 0x80000444 (0x00f00f93) li      t6, 15
core   0: 3 0x80000444 (0x00f00f93) x31 0x0000000f
core   0: 0x80000448 (0x2f54cd93) xori    s11, s1, 757
core   0: 3 0x80000448 (0x2f54cd93) x27 0x80028e11
core   0: 0x8000044c (0x00498993) addi    s3, s3, 4
core   0: 3 0x8000044c (0x00498993) x19 0x00000009
core   0: 0x80000450 (0xfff9ece3) bltu    s3, t6, pc - 8
core   0: 3 0x80000450 (0xfff9ece3)
core   0: 0x80000448 (0x2f54cd93) xori    s11, s1, 757
core   0: 3 0x80000448 (0x2f54cd93) x27 0x80028e11
core   0: 0x8000044c (0x00498993) addi    s3, s3, 4
core   0: 3 0x8000044c (0x00498993) x19 0x0000000d
core   0: 0x80000450 (0xfff9ece3) bltu    s3, t6, pc - 8
core   0: 3 0x80000450 (0xfff9ece3)
core   0: 0x80000448 (0x2f54cd93) xori    s11, s1, 757
core   0: 3 0x80000448 (0x2f54cd93) x27 0x80028e11
core   0: 0x8000044c (0x00498993) addi    s3, s3, 4
core   0: 3 0x8000044c (0x00498993) x19 0x00000011
core   0: 0x80000450 (0xfff9ece3) bltu    s3, t6, pc - 8
core   0: 3 0x80000450 (0xfff9ece3)
core   0: 0x80000454 (0x01ef1093) slli    ra, t5, 30
core   0: 3 0x80000454 (0x01ef1093) x 1 0x80000000
core   0: 0x80000458 (0xfcf85ee3) bge     a6, a5, pc - 36
core   0: 3 0x80000458 (0xfcf85ee3)
core   0: 0x8000045c (0x00ef1e33) sll     t3, t5, a4
core   0: 3 0x8000045c (0x00ef1e33) x28 0xffe80000
core   0: 0x80000460 (0x00500793) li      a5, 5
core   0: 3 0x80000460 (0x00500793) x15 0x00000005
core   0: 0x80000464 (0x0068a0b3) slt     ra, a7, t1
core   0: 3 0x80000464 (0x0068a0b3) x 1 0x00000000
core   0: 0x80000468 (0x00b7de93) srli    t4, a5, 11
core   0: 3 0x80000468 (0x00b7de93) x29 0x00000000
core   0: 0x8000046c (0x0000100f) fence.i
core   0: 3 0x8000046c (0x0000100f)
core   0: 0x80000470 (0x27442417) auipc   s0, 0x27442
core   0: 3 0x80000470 (0x27442417) x 8 0xa7442470
core   0: 0x80000474 (0xae978b37) lui     s6, 0xae978
core   0: 3 0x80000474 (0xae978b37) x22 0xae978000
core   0: 0x80000478 (0x01b48733) add     a4, s1, s11
core   0: 3 0x80000478 (0x01b48733) x14 0x00051af5
core   0: 0x8000047c (0x00000013) nop
core   0: 3 0x8000047c (0x00000013)
core   0: 0x80000480 (0x00400f13) li      t5, 4
core   0: 3 0x80000480 (0x00400f13) x30 0x00000004
core   0: 0x80000484 (0x01dc2fb3) slt     t6, s8, t4
core   0: 3 0x80000484 (0x01dc2fb3) x31 0x00000000
core   0: 0x80000488 (0xffe78793) addi    a5, a5, -2
core   0: 3 0x80000488 (0xffe78793) x15 0x00000003
core   0: 0x8000048c (0x00221933) sll     s2, tp, sp
core   0: 3 0x8000048c (0x00221933) x18 0xfffff8c0
core   0: 0x80000490 (0x007ea033) slt     zero, t4, t2
core   0: 3 0x80000490 (0x007ea033)
core   0: 0x80000494 (0x00386633) or      a2, a6, gp
core   0: 3 0x80000494 (0x00386633) x12 0xfffffffb
core   0: 0x80000498 (0x0183db13) srli    s6, t2, 24
core   0: 3 0x80000498 (0x0183db13) x22 0x000000ff
core   0: 0x8000049c (0x00000013) nop
core   0: 3 0x8000049c (0x00000013)
core   0: 0x800004a0 (0x41b85693) srai    a3, a6, 27
core   0: 3 0x800004a0 (0x41b85693) x13 0xffffffff
core   0: 0x800004a4 (0x00305d93) srli    s11, zero, 3
core   0: 3 0x800004a4 (0x00305d93) x27 0x00000000
core   0: 0x800004a8 (0xfde7fee3) bgeu    a5, t5, pc - 36
core   0: 3 0x800004a8 (0xfde7fee3)
core   0: 0x800004ac (0x015056b3) srl     a3, zero, s5
core   0: 3 0x800004ac (0x015056b3) x13 0x00000000
core   0: 0x800004b0 (0x00900713) li      a4, 9
core   0: 3 0x800004b0 (0x00900713) x14 0x00000009
core   0: 0x800004b4 (0x3c9f6093) ori     ra, t5, 969
core   0: 3 0x800004b4 (0x3c9f6093) x 1 0x000003cd
core   0: 0x800004b8 (0x01445413) srli    s0, s0, 20
core   0: 3 0x800004b8 (0x01445413) x 8 0x00000a74
core   0: 0x800004bc (0x00800213) li      tp, 8
core   0: 3 0x800004bc (0x00800213) x 4 0x00000008
core   0: 0x800004c0 (0x417303b3) sub     t2, t1, s7
core   0: 3 0x800004c0 (0x417303b3) x 7 0x7ffdb19c
core   0: 0x800004c4 (0x0007b633) sltu    a2, a5, zero
core   0: 3 0x800004c4 (0x0007b633) x12 0x00000000
core   0: 0x800004c8 (0x0286a293) slti    t0, a3, 40
core   0: 3 0x800004c8 (0x0286a293) x 5 0x00000001
core   0: 0x800004cc (0x385e0a13) addi    s4, t3, 901
core   0: 3 0x800004cc (0x385e0a13) x20 0xffe80385
core   0: 0x800004d0 (0x0028deb3) srl     t4, a7, sp
core   0: 3 0x800004d0 (0x0028deb3) x29 0x00000000
core   0: 0x800004d4 (0x0181a9b3) slt     s3, gp, s8
core   0: 3 0x800004d4 (0x0181a9b3) x19 0x00000001
core   0: 0x800004d8 (0xff970713) addi    a4, a4, -7
core   0: 3 0x800004d8 (0xff970713) x14 0x00000002
core   0: 0x800004dc (0xfe477ce3) bgeu    a4, tp, pc - 8
core   0: 3 0x800004dc (0xfe477ce3)
core   0: 0x800004e0 (0x00000013) nop
core   0: 3 0x800004e0 (0x00000013)
core   0: 0x800004e4 (0x00a00d93) li      s11, 10
core   0: 3 0x800004e4 (0x00a00d93) x27 0x0000000a
core   0: 0x800004e8 (0x40d1d813) srai    a6, gp, 13
core   0: 3 0x800004e8 (0x40d1d813) x16 0xfffee9c5
core   0: 0x800004ec (0x01431193) slli    gp, t1, 20
core   0: 3 0x800004ec (0x01431193) x 3 0x00000000
core   0: 0x800004f0 (0x40ac0eb3) sub     t4, s8, a0
core   0: 3 0x800004f0 (0x40ac0eb3) x29 0x47d40011
core   0: 0x800004f4 (0xd9566293) ori     t0, a2, -619
core   0: 3 0x800004f4 (0xd9566293) x 5 0xfffffd95
core   0: 0x800004f8 (0x01d6d2b3) srl     t0, a3, t4
core   0: 3 0x800004f8 (0x01d6d2b3) x 5 0x00000000
core   0: 0x800004fc (0x60a43c13) sltiu   s8, s0, 1546
core   0: 3 0x800004fc (0x60a43c13) x24 0x00000000
core   0: 0x80000500 (0xcbad3693) sltiu   a3, s10, -838
core   0: 3 0x80000500 (0xcbad3693) x13 0x00000000
core   0: 0x80000504 (0xff800413) li      s0, -8
core   0: 3 0x80000504 (0xff800413) x 8 0xfffffff8
core   0: 0x80000508 (0x00000013) nop
core   0: 3 0x80000508 (0x00000013)
core   0: 0x8000050c (0x012d85b3) add     a1, s11, s2
core   0: 3 0x8000050c (0x012d85b3) x11 0xfffff8ca
core   0: 0x80000510 (0xffad8d93) addi    s11, s11, -6
core   0: 3 0x80000510 (0xffad8d93) x27 0x00000004
core   0: 0x80000514 (0x41235a33) sra     s4, t1, s2
core   0: 3 0x80000514 (0x41235a33) x20 0x00000000
core   0: 0x80000518 (0x00000013) nop
core   0: 3 0x80000518 (0x00000013)
core   0: 0x8000051c (0xed2fb093) sltiu   ra, t6, -302
core   0: 3 0x8000051c (0xed2fb093) x 1 0x00000001
core   0: 0x80000520 (0x00000013) nop
core   0: 3 0x80000520 (0x00000013)
core   0: 0x80000524 (0x012fc3b3) xor     t2, t6, s2
core   0: 3 0x80000524 (0x012fc3b3) x 7 0xfffff8c0
core   0: 0x80000528 (0x0112b3b3) sltu    t2, t0, a7
core   0: 3 0x80000528 (0x0112b3b3) x 7 0x00000000
core   0: 0x8000052c (0x85a8e737) lui     a4, 0x85a8e
core   0: 3 0x8000052c (0x85a8e737) x14 0x85a8e000
core   0: 0x80000530 (0x014b9033) sll     zero, s7, s4
core   0: 3 0x80000530 (0x014b9033)
core   0: 0x80000534 (0xffb00f93) li      t6, -5
core   0: 3 0x80000534 (0xffb00f93) x31 0xfffffffb
core   0: 0x80000538 (0x00400313) li      t1, 4
core   0: 3 0x80000538 (0x00400313) x 6 0x00000004
core   0: 0x8000053c (0x0ff0000f) fence   iorw,iorw
core   0: 3 0x8000053c (0x0ff0000f)
core   0: 0x80000540 (0x406a03b3) sub     t2, s4, t1
core   0: 3 0x80000540 (0x406a03b3) x 7 0xfffffffc
core   0: 0x80000544 (0x0000100f) fence.i
core   0: 3 0x80000544 (0x0000100f)
core   0: 0x80000548 (0xa7436293) ori     t0, t1, -1420
core   0: 3 0x80000548 (0xa7436293) x 5 0xfffffa74
core   0: 0x8000054c (0x002ccd33) xor     s10, s9, sp
core   0: 3 0x8000054c (0x002ccd33) x26 0x012bb001
core   0: 0x80000550 (0x007527b3) slt     a5, a0, t2
core   0: 3 0x80000550 (0x007527b3) x15 0x00000001
core   0: 0x80000554 (0x9c416e13) ori     t3, sp, -1596
core   0: 3 0x80000554 (0x9c416e13) x28 0xfffff9c4
core   0: 0x80000558 (0x009f8f93) addi    t6, t6, 9
core   0: 3 0x80000558 (0x009f8f93) x31 0x00000004
core   0: 0x8000055c (0x41e9d193) srai    gp, s3, 30
core   0: 3 0x8000055c (0x41e9d193) x 3 0x00000000
core   0: 0x80000560 (0xfe6f84e3) beq     t6, t1, pc - 24
core   0: 3 0x80000560 (0xfe6f84e3)
core   0: 0x80000548 (0xa7436293) ori     t0, t1, -1420
core   0: 3 0x80000548 (0xa7436293) x 5 0xfffffa74
core   0: 0x8000054c (0x002ccd33) xor     s10, s9, sp
core   0: 3 0x8000054c (0x002ccd33) x26 0x012bb001
core   0: 0x80000550 (0x007527b3) slt     a5, a0, t2
core   0: 3 0x80000550 (0x007527b3) x15 0x00000001
core   0: 0x80000554 (0x9c416e13) ori     t3, sp, -1596
core   0: 3 0x80000554 (0x9c416e13) x28 0xfffff9c4
core   0: 0x80000558 (0x009f8f93) addi    t6, t6, 9
core   0: 3 0x80000558 (0x009f8f93) x31 0x0000000d
core   0: 0x8000055c (0x41e9d193) srai    gp, s3, 30
core   0: 3 0x8000055c (0x41e9d193) x 3 0x00000000
core   0: 0x80000560 (0xfe6f84e3) beq     t6, t1, pc - 24
core   0: 3 0x80000560 (0xfe6f84e3)
core   0: 0x80000564 (0xfa8d82e3) beq     s11, s0, pc - 92
core   0: 3 0x80000564 (0xfa8d82e3)
core   0: 0x80000568 (0x41788633) sub     a2, a7, s7
core   0: 3 0x80000568 (0x41788633) x12 0x7ffdb19c
core   0: 0x8000056c (0x00a00413) li      s0, 10
core   0: 3 0x8000056c (0x00a00413) x 8 0x0000000a
core   0: 0x80000570 (0x00000013) nop
core   0: 3 0x80000570 (0x00000013)
core   0: 0x80000574 (0x40138533) sub     a0, t2, ra
core   0: 3 0x80000574 (0x40138533) x10 0xfffffffb
core   0: 0x80000578 (0x255a3a13) sltiu   s4, s4, 597
core   0: 3 0x80000578 (0x255a3a13) x20 0x00000001
core   0: 0x8000057c (0xc5b9b513) sltiu   a0, s3, -933
core   0: 3 0x8000057c (0xc5b9b513) x10 0x00000001
core   0: 0x80000580 (0x00000393) li      t2, 0
core   0: 3 0x80000580 (0x00000393) x 7 0x00000000
core   0: 0x80000584 (0x40b08d33) sub     s10, ra, a1
core   0: 3 0x80000584 (0x40b08d33) x26 0x00000737
core   0: 0x80000588 (0xf5d0b313) sltiu   t1, ra, -163
core   0: 3 0x80000588 (0xf5d0b313) x 6 0x00000001
core   0: 0x8000058c (0x5f80c517) auipc   a0, 0x5f80c
core   0: 3 0x8000058c (0x5f80c517) x10 0xdf80c58c
core   0: 0x80000590 (0x0167a0b3) slt     ra, a5, s6
core   0: 3 0x80000590 (0x0167a0b3) x 1 0x00000001
core   0: 0x80000594 (0xa2a58013) addi    zero, a1, -1494
core   0: 3 0x80000594 (0xa2a58013)
core   0: 0x80000598 (0x01a062b3) or      t0, zero, s10
core   0: 3 0x80000598 (0x01a062b3) x 5 0x00000737
core   0: 0x8000059c (0xffb40413) addi    s0, s0, -5
core   0: 3 0x8000059c (0xffb40413) x 8 0x00000005
core   0: 0x800005a0 (0x4161deb3) sra     t4, gp, s6
core   0: 3 0x800005a0 (0x4161deb3) x29 0x00000000
core   0: 0x800005a4 (0x8d40ec93) ori     s9, ra, -1836
core   0: 3 0x800005a4 (0x8d40ec93) x25 0xfffff8d5
core   0: 0x800005a8 (0x0ff0000f) fence   iorw,iorw
core   0: 3 0x800005a8 (0x0ff0000f)
core   0: 0x800005ac (0x00a00593) li      a1, 10
core   0: 3 0x800005ac (0x00a00593) x11 0x0000000a
core   0: 0x800005b0 (0x00651d13) slli    s10, a0, 6
core   0: 3 0x800005b0 (0x00651d13) x26 0xe0316300
core   0: 0x800005b4 (0x43b1f793) andi    a5, gp, 1083
core   0: 3 0x800005b4 (0x43b1f793) x15 0x00000000
core   0: 0x800005b8 (0x01793d33) sltu    s10, s2, s7
core   0: 3 0x800005b8 (0x01793d33) x26 0x00000000
core   0: 0x800005bc (0x00700113) li      sp, 7
core   0: 3 0x800005bc (0x00700113) x 2 0x00000007
core   0: 0x800005c0 (0x013e9793) slli    a5, t4, 19
core   0: 3 0x800005c0 (0x013e9793) x15 0x00000000
core   0: 0x800005c4 (0x01abecb3) or      s9, s7, s10
core   0: 3 0x800005c4 (0x01abecb3) x25 0x80024e64
core   0: 0x800005c8 (0x0168c333) xor     t1, a7, s6
core   0: 3 0x800005c8 (0x0168c333) x 6 0x000000ff
core   0: 0x800005cc (0x403f5db3) sra     s11, t5, gp
core   0: 3 0x800005cc (0x403f5db3) x27 0x00000004
core   0: 0x800005d0 (0x008cfeb3) and     t4, s9, s0
core   0: 3 0x800005d0 (0x008cfeb3) x29 0x00000004
core   0: 0x800005d4 (0xffe58593) addi    a1, a1, -2
core   0: 3 0x800005d4 (0xffe58593) x11 0x00000008
core   0: 0x800005d8 (0x00e6c333) xor     t1, a3, a4
core   0: 3 0x800005d8 (0x00e6c333) x 6 0x85a8e000
core   0: 0x800005dc (0xfe25f6e3) bgeu    a1, sp, pc - 20
core   0: 3 0x800005dc (0xfe25f6e3)
core   0: 0x800005c8 (0x0168c333) xor     t1, a7, s6
core   0: 3 0x800005c8 (0x0168c333) x 6 0x000000ff
core   0: 0x800005cc (0x403f5db3) sra     s11, t5, gp
core   0: 3 0x800005cc (0x403f5db3) x27 0x00000004
core   0: 0x800005d0 (0x008cfeb3) and     t4, s9, s0
core   0: 3 0x800005d0 (0x008cfeb3) x29 0x00000004
core   0: 0x800005d4 (0xffe58593) addi    a1, a1, -2
core   0: 3 0x800005d4 (0xffe58593) x11 0x00000006
core   0: 0x800005d8 (0x00e6c333) xor     t1, a3, a4
core   0: 3 0x800005d8 (0x00e6c333) x 6 0x85a8e000
core   0: 0x800005dc (0xfe25f6e3) bgeu    a1, sp, pc - 20
core   0: 3 0x800005dc (0xfe25f6e3)
core   0: 0x800005e0 (0x0000100f) fence.i
core   0: 3 0x800005e0 (0x0000100f)
core   0: 0x800005e4 (0xfa7418e3) bne     s0, t2, pc - 80
core   0: 3 0x800005e4 (0xfa7418e3)
core   0: 0x80000594 (0xa2a58013) addi    zero, a1, -1494
core   0: 3 0x80000594 (0xa2a58013)
core   0: 0x80000598 (0x01a062b3) or      t0, zero, s10
core   0: 3 0x80000598 (0x01a062b3) x 5 0x00000000
core   0: 0x8000059c (0xffb40413) addi    s0, s0, -5
core   0: 3 0x8000059c (0xffb40413) x 8 0x00000000
core   0: 0x800005a0 (0x4161deb3) sra     t4, gp, s6
core   0: 3 0x800005a0 (0x4161deb3) x29 0x00000000
core   0: 0x800005a4 (0x8d40ec93) ori     s9, ra, -1836
core   0: 3 0x800005a4 (0x8d40ec93) x25 0xfffff8d5
core   0: 0x800005a8 (0x0ff0000f) fence   iorw,iorw
core   0: 3 0x800005a8 (0x0ff0000f)
core   0: 0x800005ac (0x00a00593) li      a1, 10
core   0: 3 0x800005ac (0x00a00593) x11 0x0000000a
core   0: 0x800005b0 (0x00651d13) slli    s10, a0, 6
core   0: 3 0x800005b0 (0x00651d13) x26 0xe0316300
core   0: 0x800005b4 (0x43b1f793) andi    a5, gp, 1083
core   0: 3 0x800005b4 (0x43b1f793) x15 0x00000000
core   0: 0x800005b8 (0x01793d33) sltu    s10, s2, s7
core   0: 3 0x800005b8 (0x01793d33) x26 0x00000000
core   0: 0x800005bc (0x00700113) li      sp, 7
core   0: 3 0x800005bc (0x00700113) x 2 0x00000007
core   0: 0x800005c0 (0x013e9793) slli    a5, t4, 19
core   0: 3 0x800005c0 (0x013e9793) x15 0x00000000
core   0: 0x800005c4 (0x01abecb3) or      s9, s7, s10
core   0: 3 0x800005c4 (0x01abecb3) x25 0x80024e64
core   0: 0x800005c8 (0x0168c333) xor     t1, a7, s6
core   0: 3 0x800005c8 (0x0168c333) x 6 0x000000ff
core   0: 0x800005cc (0x403f5db3) sra     s11, t5, gp
core   0: 3 0x800005cc (0x403f5db3) x27 0x00000004
core   0: 0x800005d0 (0x008cfeb3) and     t4, s9, s0
core   0: 3 0x800005d0 (0x008cfeb3) x29 0x00000000
core   0: 0x800005d4 (0xffe58593) addi    a1, a1, -2
core   0: 3 0x800005d4 (0xffe58593) x11 0x00000008
core   0: 0x800005d8 (0x00e6c333) xor     t1, a3, a4
core   0: 3 0x800005d8 (0x00e6c333) x 6 0x85a8e000
core   0: 0x800005dc (0xfe25f6e3) bgeu    a1, sp, pc - 20
core   0: 3 0x800005dc (0xfe25f6e3)
core   0: 0x800005c8 (0x0168c333) xor     t1, a7, s6
core   0: 3 0x800005c8 (0x0168c333) x 6 0x000000ff
core   0: 0x800005cc (0x403f5db3) sra     s11, t5, gp
core   0: 3 0x800005cc (0x403f5db3) x27 0x00000004
core   0: 0x800005d0 (0x008cfeb3) and     t4, s9, s0
core   0: 3 0x800005d0 (0x008cfeb3) x29 0x00000000
core   0: 0x800005d4 (0xffe58593) addi    a1, a1, -2
core   0: 3 0x800005d4 (0xffe58593) x11 0x00000006
core   0: 0x800005d8 (0x00e6c333) xor     t1, a3, a4
core   0: 3 0x800005d8 (0x00e6c333) x 6 0x85a8e000
core   0: 0x800005dc (0xfe25f6e3) bgeu    a1, sp, pc - 20
core   0: 3 0x800005dc (0xfe25f6e3)
core   0: 0x800005e0 (0x0000100f) fence.i
core   0: 3 0x800005e0 (0x0000100f)
core   0: 0x800005e4 (0xfa7418e3) bne     s0, t2, pc - 80
core   0: 3 0x800005e4 (0xfa7418e3)
core   0: 0x800005e8 (0xbbae2317) auipc   t1, 0xbbae2
core   0: 3 0x800005e8 (0xbbae2317) x 6 0x3bae25e8
core   0: 0x800005ec (0x00300213) li      tp, 3
core   0: 3 0x800005ec (0x00300213) x 4 0x00000003
core   0: 0x800005f0 (0xffe00f13) li      t5, -2
core   0: 3 0x800005f0 (0xffe00f13) x30 0xfffffffe
core   0: 0x800005f4 (0x00000013) nop
core   0: 3 0x800005f4 (0x00000013)
core   0: 0x800005f8 (0x5a5a6db7) lui     s11, 0x5a5a6
core   0: 3 0x800005f8 (0x5a5a6db7) x27 0x5a5a6000
core   0: 0x800005fc (0x41568833) sub     a6, a3, s5
core   0: 3 0x800005fc (0x41568833) x16 0x024fed45
core   0: 0x80000600 (0xe6803b13) sltiu   s6, zero, -408
core   0: 3 0x80000600 (0xe6803b13) x22 0x00000001
core   0: 0x80000604 (0xffe20213) addi    tp, tp, -2
core   0: 3 0x80000604 (0xffe20213) x 4 0x00000001
core   0: 0x80000608 (0x41ae0fb3) sub     t6, t3, s10
core   0: 3 0x80000608 (0x41ae0fb3) x31 0xfffff9c4
core   0: 0x8000060c (0x949e35b7) lui     a1, 0x949e3
core   0: 3 0x8000060c (0x949e35b7) x11 0x949e3000
core   0: 0x80000610 (0xbcdafd93) andi    s11, s5, -1075
core   0: 3 0x80000610 (0xbcdafd93) x27 0xfdb01289
core   0: 0x80000614 (0xffe254e3) bge     tp, t5, pc - 24
core   0: 3 0x80000614 (0xffe254e3)
core   0: 0x800005fc (0x41568833) sub     a6, a3, s5
core   0: 3 0x800005fc (0x41568833) x16 0x024fed45
core   0: 0x80000600 (0xe6803b13) sltiu   s6, zero, -408
core   0: 3 0x80000600 (0xe6803b13) x22 0x00000001
core   0: 0x80000604 (0xffe20213) addi    tp, tp, -2
core   0: 3 0x80000604 (0xffe20213) x 4 0xffffffff
core   0: 0x80000608 (0x41ae0fb3) sub     t6, t3, s10
core   0: 3 0x80000608 (0x41ae0fb3) x31 0xfffff9c4
core   0: 0x8000060c (0x949e35b7) lui     a1, 0x949e3
core   0: 3 0x8000060c (0x949e35b7) x11 0x949e3000
core   0: 0x80000610 (0xbcdafd93) andi    s11, s5, -1075
core   0: 3 0x80000610 (0xbcdafd93) x27 0xfdb01289
core   0: 0x80000614 (0xffe254e3) bge     tp, t5, pc - 24
core   0: 3 0x80000614 (0xffe254e3)
core   0: 0x800005fc (0x41568833) sub     a6, a3, s5
core   0: 3 0x800005fc (0x41568833) x16 0x024fed45
core   0: 0x80000600 (0xe6803b13) sltiu   s6, zero, -408
core   0: 3 0x80000600 (0xe6803b13) x22 0x00000001
core   0: 0x80000604 (0xffe20213) addi    tp, tp, -2
core   0: 3 0x80000604 (0xffe20213) x 4 0xfffffffd
core   0: 0x80000608 (0x41ae0fb3) sub     t6, t3, s10
core   0: 3 0x80000608 (0x41ae0fb3) x31 0xfffff9c4
core   0: 0x8000060c (0x949e35b7) lui     a1, 0x949e3
core   0: 3 0x8000060c (0x949e35b7) x11 0x949e3000
core   0: 0x80000610 (0xbcdafd93) andi    s11, s5, -1075
core   0: 3 0x80000610 (0xbcdafd93) x27 0xfdb01289
core   0: 0x80000614 (0xffe254e3) bge     tp, t5, pc - 24
core   0: 3 0x80000614 (0xffe254e3)
core   0: 0x80000618 (0x01080633) add     a2, a6, a6
core   0: 3 0x80000618 (0x01080633) x12 0x049fda8a
core   0: 0x8000061c (0x00600613) li      a2, 6
core   0: 3 0x8000061c (0x00600613) x12 0x00000006
core   0: 0x80000620 (0x2e73e2b7) lui     t0, 0x2e73e
core   0: 3 0x80000620 (0x2e73e2b7) x 5 0x2e73e000
core   0: 0x80000624 (0x00300e13) li      t3, 3
core   0: 3 0x80000624 (0x00300e13) x28 0x00000003
core   0: 0x80000628 (0x01979c33) sll     s8, a5, s9
core   0: 3 0x80000628 (0x01979c33) x24 0x00000000
core   0: 0x8000062c (0x012a3b33) sltu    s6, s4, s2
core   0: 3 0x8000062c (0x012a3b33) x22 0x00000001
core   0: 0x80000630 (0xffe60613) addi    a2, a2, -2
core   0: 3 0x80000630 (0xffe60613) x12 0x00000004
core   0: 0x80000634 (0x00a00593) li      a1, 10
core   0: 3 0x80000634 (0x00a00593) x11 0x0000000a
core   0: 0x80000638 (0x0123c933) xor     s2, t2, s2
core   0: 3 0x80000638 (0x0123c933) x18 0xfffff8c0
core   0: 0x8000063c (0x00a00e93) li      t4, 10
core   0: 3 0x8000063c (0x00a00e93) x29 0x0000000a
core   0: 0x80000640 (0x1c642017) auipc   zero, 0x1c642
core   0: 3 0x80000640 (0x1c642017)
core   0: 0x80000644 (0xff758593) addi    a1, a1, -9
core   0: 3 0x80000644 (0xff758593) x11 0x00000001
core   0: 0x80000648 (0x01f03933) snez    s2, t6
core   0: 3 0x80000648 (0x01f03933) x18 0x00000001
core   0: 0x8000064c (0xffd5fae3) bgeu    a1, t4, pc - 12
core   0: 3 0x8000064c (0xffd5fae3)
core   0: 0x80000650 (0x0000100f) fence.i
core   0: 3 0x80000650 (0x0000100f)
core   0: 0x80000654 (0x00212333) slt     t1, sp, sp
core   0: 3 0x80000654 (0x00212333) x 6 0x00000000
core   0: 0x80000658 (0xfdc67ae3) bgeu    a2, t3, pc - 44
core   0: 3 0x80000658 (0xfdc67ae3)
core   0: 0x8000062c (0x012a3b33) sltu    s6, s4, s2
core   0: 3 0x8000062c (0x012a3b33) x22 0x00000000
core   0: 0x80000630 (0xffe60613) addi    a2, a2, -2
core   0: 3 0x80000630 (0xffe60613) x12 0x00000002
core   0: 0x80000634 (0x00a00593) li      a1, 10
core   0: 3 0x80000634 (0x00a00593) x11 0x0000000a
core   0: 0x80000638 (0x0123c933) xor     s2, t2, s2
core   0: 3 0x80000638 (0x0123c933) x18 0x00000001
core   0: 0x8000063c (0x00a00e93) li      t4, 10
core   0: 3 0x8000063c (0x00a00e93) x29 0x0000000a
core   0: 0x80000640 (0x1c642017) auipc   zero, 0x1c642
core   0: 3 0x80000640 (0x1c642017)
core   0: 0x80000644 (0xff758593) addi    a1, a1, -9
core   0: 3 0x80000644 (0xff758593) x11 0x00000001
core   0: 0x80000648 (0x01f03933) snez    s2, t6
core   0: 3 0x80000648 (0x01f03933) x18 0x00000001
core   0: 0x8000064c (0xffd5fae3) bgeu    a1, t4, pc - 12
core   0: 3 0x8000064c (0xffd5fae3)
core   0: 0x80000650 (0x0000100f) fence.i
core   0: 3 0x80000650 (0x0000100f)
core   0: 0x80000654 (0x00212333) slt     t1, sp, sp
core   0: 3 0x80000654 (0x00212333) x 6 0x00000000
core   0: 0x80000658 (0xfdc67ae3) bgeu    a2, t3, pc - 44
core   0: 3 0x80000658 (0xfdc67ae3)
core   0: 0x8000065c (0x87db6d93) ori     s11, s6, -1923
core   0: 3 0x8000065c (0x87db6d93) x27 0xfffff87d
core   0: 0x80000660 (0x00700393) li      t2, 7
core   0: 3 0x80000660 (0x00700393) x 7 0x00000007
core   0: 0x80000664 (0x77186293) ori     t0, a6, 1905
core   0: 3 0x80000664 (0x77186293) x 5 0x024fef75
core   0: 0x80000668 (0x11e02113) slti    sp, zero, 286
core   0: 3 0x80000668 (0x11e02113) x 2 0x00000001
core   0: 0x8000066c (0xfc402a13) slti    s4, zero, -60
core   0: 3 0x8000066c (0xfc402a13) x20 0x00000000
core   0: 0x80000670 (0x407ad793) srai    a5, s5, 7
core   0: 3 0x80000670 (0x407ad793) x15 0xfffb6025
core   0: 0x80000674 (0x00700213) li      tp, 7
core   0: 3 0x80000674 (0x00700213) x 4 0x00000007
core   0: 0x80000678 (0x00fac8b3) xor     a7, s5, a5
core   0: 3 0x80000678 (0x00fac8b3) x17 0x024b729e
core   0: 0x8000067c (0x408b0d33) sub     s10, s6, s0
core   0: 3 0x8000067c (0x408b0d33) x26 0x00000000
core   0: 0x80000680 (0xfff38393) addi    t2, t2, -1
core   0: 3 0x80000680 (0xfff38393) x 7 0x00000006
core   0: 0x80000684 (0xfff00613) li      a2, -1
core   0: 3 0x80000684 (0xfff00613) x12 0xffffffff
core   0: 0x80000688 (0x0ff0000f) fence   iorw,iorw
core   0: 3 0x80000688 (0x0ff0000f)
core   0: 0x8000068c (0x00200093) li      ra, 2
core   0: 3 0x8000068c (0x00200093) x 1 0x00000002
core   0: 0x80000690 (0xc5caae93) slti    t4, s5, -932
core   0: 3 0x80000690 (0xc5caae93) x29 0x00000001
core   0: 0x80000694 (0x411a05b3) sub     a1, s4, a7
core   0: 3 0x80000694 (0x411a05b3) x11 0xfdb48d62
core   0: 0x80000698 (0x0ff0000f) fence   iorw,iorw
core   0: 3 0x80000698 (0x0ff0000f)
core   0: 0x8000069c (0x01c1c933) xor     s2, gp, t3
core   0: 3 0x8000069c (0x01c1c933) x18 0x00000003
core   0: 0x800006a0 (0x00660613) addi    a2, a2, 6
core   0: 3 0x800006a0 (0x00660613) x12 0x00000005
core   0: 0x800006a4 (0xfe1666e3) bltu    a2, ra, pc - 20
core   0: 3 0x800006a4 (0xfe1666e3)
core   0: 0x800006a8 (0x00712db3) slt     s11, sp, t2
core   0: 3 0x800006a8 (0x00712db3) x27 0x00000001
core   0: 0x800006ac (0x019aa7b3) slt     a5, s5, s9
core   0: 3 0x800006ac (0x019aa7b3) x15 0x00000000
core   0: 0x800006b0 (0xfc43f6e3) bgeu    t2, tp, pc - 52
core   0: 3 0x800006b0 (0xfc43f6e3)
core   0: 0x800006b4 (0x0ff0000f) fence   iorw,iorw
core   0: 3 0x800006b4 (0x0ff0000f)
core   0: 0x800006b8 (0xffd00c93) li      s9, -3
core   0: 3 0x800006b8 (0xffd00c93) x25 0xfffffffd
core   0: 0x800006bc (0x005a35b3) sltu    a1, s4, t0
core   0: 3 0x800006bc (0x005a35b3) x11 0x00000001
core   0: 0x800006c0 (0x3eee79b7) lui     s3, 0x3eee7
core   0: 3 0x800006c0 (0x3eee79b7) x19 0x3eee7000
core   0: 0x800006c4 (0x010c5433) srl     s0, s8, a6
core   0: 3 0x800006c4 (0x010c5433) x 8 0x00000000
core   0: 0x800006c8 (0xcb250d13) addi    s10, a0, -846
core   0: 3 0x800006c8 (0xcb250d13) x26 0xdf80c23e
core   0: 0x800006cc (0x4053d233) sra     tp, t2, t0
core   0: 3 0x800006cc (0x4053d233) x 4 0x00000000
core   0: 0x800006d0 (0x0ff0000f) fence   iorw,iorw
core   0: 3 0x800006d0 (0x0ff0000f)
core   0: 0x800006d4 (0x00100513) li      a0, 1
core   0: 3 0x800006d4 (0x00100513) x10 0x00000001
core   0: 0x800006d8 (0x00341693) slli    a3, s0, 3
core   0: 3 0x800006d8 (0x00341693) x13 0x00000000
core   0: 0x800006dc (0x057a0613) addi    a2, s4, 87
core   0: 3 0x800006dc (0x057a0613) x12 0x00000057
core   0: 0x800006e0 (0x405a0d33) sub     s10, s4, t0
core   0: 3 0x800006e0 (0x405a0d33) x26 0xfdb0108b
core   0: 0x800006e4 (0x01beb833) sltu    a6, t4, s11
core   0: 3 0x800006e4 (0x01beb833) x16 0x00000000
core   0: 0x800006e8 (0x006c8c93) addi    s9, s9, 6
core   0: 3 0x800006e8 (0x006c8c93) x25 0x00000003
core   0: 0x800006ec (0x00a00113) li      sp, 10
core   0: 3 0x800006ec (0x00a00113) x 2 0x0000000a
core   0: 0x800006f0 (0x01c21613) slli    a2, tp, 28
core   0: 3 0x800006f0 (0x01c21613) x12 0x00000000
core   0: 0x800006f4 (0x00200f13) li      t5, 2
core   0: 3 0x800006f4 (0x00200f13) x30 0x00000002
core   0: 0x800006f8 (0x3b22c713) xori    a4, t0, 946
core   0: 3 0x800006f8 (0x3b22c713) x14 0x024fecc7
core   0: 0x800006fc (0xd15db893) sltiu   a7, s11, -747
core   0: 3 0x800006fc (0xd15db893) x17 0x00000001
core   0: 0x80000700 (0x0000100f) fence.i
core   0: 3 0x80000700 (0x0000100f)
core   0: 0x80000704 (0xc7028993) addi    s3, t0, -912
core   0: 3 0x80000704 (0xc7028993) x19 0x024febe5
core   0: 0x80000708 (0x51bffe93) andi    t4, t6, 1307
core   0: 3 0x80000708 (0x51bffe93) x29 0x00000100
core   0: 0x8000070c (0x40ead893) srai    a7, s5, 14
core   0: 3 0x8000070c (0x40ead893) x17 0xfffff6c0
core   0: 0x80000710 (0x8303e413) ori     s0, t2, -2000
core   0: 3 0x80000710 (0x8303e413) x 8 0xfffff836
core   0: 0x80000714 (0xfdf30813) addi    a6, t1, -33
core   0: 3 0x80000714 (0xfdf30813) x16 0xffffffdf
core   0: 0x80000718 (0x41c357b3) sra     a5, t1, t3
core   0: 3 0x80000718 (0x41c357b3) x15 0x00000000
core   0: 0x8000071c (0x1bf82b13) slti    s6, a6, 447
core   0: 3 0x8000071c (0x1bf82b13) x22 0x00000001
core   0: 0x80000720 (0x40ba5a13) srai    s4, s4, 11
core   0: 3 0x80000720 (0x40ba5a13) x20 0x00000000
core   0: 0x80000724 (0xfff10113) addi    sp, sp, -1
core   0: 3 0x80000724 (0xfff10113) x 2 0x00000009
core   0: 0x80000728 (0xffe176e3) bgeu    sp, t5, pc - 20
core   0: 3 0x80000728 (0xffe176e3)
core   0: 0x80000714 (0xfdf30813) addi    a6, t1, -33
core   0: 3 0x80000714 (0xfdf30813) x16 0xffffffdf
core   0: 0x80000718 (0x41c357b3) sra     a5, t1, t3
core   0: 3 0x80000718 (0x41c357b3) x15 0x00000000
core   0: 0x8000071c (0x1bf82b13) slti    s6, a6, 447
core   0: 3 0x8000071c (0x1bf82b13) x22 0x00000001
core   0: 0x80000720 (0x40ba5a13) srai    s4, s4, 11
core   0: 3 0x80000720 (0x40ba5a13) x20 0x00000000
core   0: 0x80000724 (0xfff10113) addi    sp, sp, -1
core   0: 3 0x80000724 (0xfff10113) x 2 0x00000008
core   0: 0x80000728 (0xffe176e3) bgeu    sp, t5, pc - 20
core   0: 3 0x80000728 (0xffe176e3)
core   0: 0x80000714 (0xfdf30813) addi    a6, t1, -33
core   0: 3 0x80000714 (0xfdf30813) x16 0xffffffdf
core   0: 0x80000718 (0x41c357b3) sra     a5, t1, t3
core   0: 3 0x80000718 (0x41c357b3) x15 0x00000000
core   0: 0x8000071c (0x1bf82b13) slti    s6, a6, 447
core   0: 3 0x8000071c (0x1bf82b13) x22 0x00000001
core   0: 0x80000720 (0x40ba5a13) srai    s4, s4, 11
core   0: 3 0x80000720 (0x40ba5a13) x20 0x00000000
core   0: 0x80000724 (0xfff10113) addi    sp, sp, -1
core   0: 3 0x80000724 (0xfff10113) x 2 0x00000007
core   0: 0x80000728 (0xffe176e3) bgeu    sp, t5, pc - 20
core   0: 3 0x80000728 (0xffe176e3)
core   0: 0x80000714 (0xfdf30813) addi    a6, t1, -33
core   0: 3 0x80000714 (0xfdf30813) x16 0xffffffdf
core   0: 0x80000718 (0x41c357b3) sra     a5, t1, t3
core   0: 3 0x80000718 (0x41c357b3) x15 0x00000000
core   0: 0x8000071c (0x1bf82b13) slti    s6, a6, 447
core   0: 3 0x8000071c (0x1bf82b13) x22 0x00000001
core   0: 0x80000720 (0x40ba5a13) srai    s4, s4, 11
core   0: 3 0x80000720 (0x40ba5a13) x20 0x00000000
core   0: 0x80000724 (0xfff10113) addi    sp, sp, -1
core   0: 3 0x80000724 (0xfff10113) x 2 0x00000006
core   0: 0x80000728 (0xffe176e3) bgeu    sp, t5, pc - 20
core   0: 3 0x80000728 (0xffe176e3)
core   0: 0x80000714 (0xfdf30813) addi    a6, t1, -33
core   0: 3 0x80000714 (0xfdf30813) x16 0xffffffdf
core   0: 0x80000718 (0x41c357b3) sra     a5, t1, t3
core   0: 3 0x80000718 (0x41c357b3) x15 0x00000000
core   0: 0x8000071c (0x1bf82b13) slti    s6, a6, 447
core   0: 3 0x8000071c (0x1bf82b13) x22 0x00000001
core   0: 0x80000720 (0x40ba5a13) srai    s4, s4, 11
core   0: 3 0x80000720 (0x40ba5a13) x20 0x00000000
core   0: 0x80000724 (0xfff10113) addi    sp, sp, -1
core   0: 3 0x80000724 (0xfff10113) x 2 0x00000005
core   0: 0x80000728 (0xffe176e3) bgeu    sp, t5, pc - 20
core   0: 3 0x80000728 (0xffe176e3)
core   0: 0x80000714 (0xfdf30813) addi    a6, t1, -33
core   0: 3 0x80000714 (0xfdf30813) x16 0xffffffdf
core   0: 0x80000718 (0x41c357b3) sra     a5, t1, t3
core   0: 3 0x80000718 (0x41c357b3) x15 0x00000000
core   0: 0x8000071c (0x1bf82b13) slti    s6, a6, 447
core   0: 3 0x8000071c (0x1bf82b13) x22 0x00000001
core   0: 0x80000720 (0x40ba5a13) srai    s4, s4, 11
core   0: 3 0x80000720 (0x40ba5a13) x20 0x00000000
core   0: 0x80000724 (0xfff10113) addi    sp, sp, -1
core   0: 3 0x80000724 (0xfff10113) x 2 0x00000004
core   0: 0x80000728 (0xffe176e3) bgeu    sp, t5, pc - 20
core   0: 3 0x80000728 (0xffe176e3)
core   0: 0x80000714 (0xfdf30813) addi    a6, t1, -33
core   0: 3 0x80000714 (0xfdf30813) x16 0xffffffdf
core   0: 0x80000718 (0x41c357b3) sra     a5, t1, t3
core   0: 3 0x80000718 (0x41c357b3) x15 0x00000000
core   0: 0x8000071c (0x1bf82b13) slti    s6, a6, 447
core   0: 3 0x8000071c (0x1bf82b13) x22 0x00000001
core   0: 0x80000720 (0x40ba5a13) srai    s4, s4, 11
core   0: 3 0x80000720 (0x40ba5a13) x20 0x00000000
core   0: 0x80000724 (0xfff10113) addi    sp, sp, -1
core   0: 3 0x80000724 (0xfff10113) x 2 0x00000003
core   0: 0x80000728 (0xffe176e3) bgeu    sp, t5, pc - 20
core   0: 3 0x80000728 (0xffe176e3)
core   0: 0x80000714 (0xfdf30813) addi    a6, t1, -33
core   0: 3 0x80000714 (0xfdf30813) x16 0xffffffdf
core   0: 0x80000718 (0x41c357b3) sra     a5, t1, t3
core   0: 3 0x80000718 (0x41c357b3) x15 0x00000000
core   0: 0x8000071c (0x1bf82b13) slti    s6, a6, 447
core   0: 3 0x8000071c (0x1bf82b13) x22 0x00000001
core   0: 0x80000720 (0x40ba5a13) srai    s4, s4, 11
core   0: 3 0x80000720 (0x40ba5a13) x20 0x00000000
core   0: 0x80000724 (0xfff10113) addi    sp, sp, -1
core   0: 3 0x80000724 (0xfff10113) x 2 0x00000002
core   0: 0x80000728 (0xffe176e3) bgeu    sp, t5, pc - 20
core   0: 3 0x80000728 (0xffe176e3)
core   0: 0x80000714 (0xfdf30813) addi    a6, t1, -33
core   0: 3 0x80000714 (0xfdf30813) x16 0xffffffdf
core   0: 0x80000718 (0x41c357b3) sra     a5, t1, t3
core   0: 3 0x80000718 (0x41c357b3) x15 0x00000000
core   0: 0x8000071c (0x1bf82b13) slti    s6, a6, 447
core   0: 3 0x8000071c (0x1bf82b13) x22 0x00000001
core   0: 0x80000720 (0x40ba5a13) srai    s4, s4, 11
core   0: 3 0x80000720 (0x40ba5a13) x20 0x00000000
core   0: 0x80000724 (0xfff10113) addi    sp, sp, -1
core   0: 3 0x80000724 (0xfff10113) x 2 0x00000001
core   0: 0x80000728 (0xffe176e3) bgeu    sp, t5, pc - 20
core   0: 3 0x80000728 (0xffe176e3)
core   0: 0x8000072c (0x7caae793) ori     a5, s5, 1994
core   0: 3 0x8000072c (0x7caae793) x15 0xfdb017fb
core   0: 0x80000730 (0x01fd8233) add     tp, s11, t6
core   0: 3 0x80000730 (0x01fd8233) x 4 0xfffff9c5
core   0: 0x80000734 (0xfcd6e013) ori     zero, a3, -51
core   0: 3 0x80000734 (0xfcd6e013)
core   0: 0x80000738 (0xfaace4e3) bltu    s9, a0, pc - 88
core   0: 3 0x80000738 (0xfaace4e3)
core   0: 0x8000073c (0xd9b57f93) andi    t6, a0, -613
core   0: 3 0x8000073c (0xd9b57f93) x31 0x00000001
core   0: 0x80000740 (0xffa00e93) li      t4, -6
core   0: 3 0x80000740 (0xffa00e93) x29 0xfffffffa
core   0: 0x80000744 (0x26de4f97) auipc   t6, 0x26de4
core   0: 3 0x80000744 (0x26de4f97) x31 0xa6de4744
core   0: 0x80000748 (0x0174e1b3) or      gp, s1, s7
core   0: 3 0x80000748 (0x0174e1b3) x 3 0x8002cee4
core   0: 0x8000074c (0xff000213) li      tp, -16
core   0: 3 0x8000074c (0xff000213) x 4 0xfffffff0
core   0: 0x80000750 (0x31014d17) auipc   s10, 0x31014
core   0: 3 0x80000750 (0x31014d17) x26 0xb1014750
core   0: 0x80000754 (0x01512cb3) slt     s9, sp, s5
core   0: 3 0x80000754 (0x01512cb3) x25 0x00000000
core   0: 0x80000758 (0xa6d751b7) lui     gp, 0xa6d75
core   0: 3 0x80000758 (0xa6d751b7) x 3 0xa6d75000
core   0: 0x8000075c (0xe0580b13) addi    s6, a6, -507
core   0: 3 0x8000075c (0xe0580b13) x22 0xfffffde4
core   0: 0x80000760 (0x81b6b693) sltiu   a3, a3, -2021
core   0: 3 0x80000760 (0x81b6b693) x13 0x00000001
core   0: 0x80000764 (0x005f8d33) add     s10, t6, t0
core   0: 3 0x80000764 (0x005f8d33) x26 0xa92e36b9
core   0: 0x80000768 (0x0049de13) srli    t3, s3, 4
core   0: 3 0x80000768 (0x0049de13) x28 0x0024febe
core   0: 0x8000076c (0x00849433) sll     s0, s1, s0
core   0: 3 0x8000076c (0x00849433) x 8 0x39000000
core   0: 0x80000770 (0x9275bf13) sltiu   t5, a1, -1753
core   0: 3 0x80000770 (0x9275bf13) x30 0x00000001
core   0: 0x80000774 (0xffbe8e93) addi    t4, t4, -5
core   0: 3 0x80000774 (0xffbe8e93) x29 0xfffffff5
core   0: 0x80000778 (0x00235093) srli    ra, t1, 2
core   0: 3 0x80000778 (0x00235093) x 1 0x00000000
core   0: 0x8000077c (0x00800393) li      t2, 8
core   0: 3 0x8000077c (0x00800393) x 7 0x00000008
core   0: 0x80000780 (0x00600613) li      a2, 6
core   0: 3 0x80000780 (0x00600613) x12 0x00000006
core   0: 0x80000784 (0x4f522313) slti    t1, tp, 1269
core   0: 3 0x80000784 (0x4f522313) x 6 0x00000001
core   0: 0x80000788 (0x01b90c93) addi    s9, s2, 27
core   0: 3 0x80000788 (0x01b90c93) x25 0x0000001e
core   0: 0x8000078c (0x002e2fb3) slt     t6, t3, sp
core   0: 3 0x8000078c (0x002e2fb3) x31 0x00000000
core   0: 0x80000790 (0x01871993) slli    s3, a4, 24
core   0: 3 0x80000790 (0x01871993) x19 0xc7000000
core   0: 0x80000794 (0xffd38393) addi    t2, t2, -3
core   0: 3 0x80000794 (0xffd38393) x 7 0x00000005
core   0: 0x80000798 (0x0ff0000f) fence   iorw,iorw
core   0: 3 0x80000798 (0x0ff0000f)
core   0: 0x8000079c (0x75290997) auipc   s3, 0x75290
core   0: 3 0x8000079c (0x75290997) x19 0xf529079c
core   0: 0x800007a0 (0x01d8d033) srl     zero, a7, t4
core   0: 3 0x800007a0 (0x01d8d033)
core   0: 0x800007a4 (0xfec3f2e3) bgeu    t2, a2, pc - 28
core   0: 3 0x800007a4 (0xfec3f2e3)
core   0: 0x800007a8 (0xfa4e96e3) bne     t4, tp, pc - 84
core   0: 3 0x800007a8 (0xfa4e96e3)
core   0: 0x80000754 (0x01512cb3) slt     s9, sp, s5
core   0: 3 0x80000754 (0x01512cb3) x25 0x00000000
core   0: 0x80000758 (0xa6d751b7) lui     gp, 0xa6d75
core   0: 3 0x80000758 (0xa6d751b7) x 3 0xa6d75000
core   0: 0x8000075c (0xe0580b13) addi    s6, a6, -507
core   0: 3 0x8000075c (0xe0580b13) x22 0xfffffde4
core   0: 0x80000760 (0x81b6b693) sltiu   a3, a3, -2021
core   0: 3 0x80000760 (0x81b6b693) x13 0x00000001
core   0: 0x80000764 (0x005f8d33) add     s10, t6, t0
core   0: 3 0x80000764 (0x005f8d33) x26 0x024fef75
core   0: 0x80000768 (0x0049de13) srli    t3, s3, 4
core   0: 3 0x80000768 (0x0049de13) x28 0x0f529079
core   0: 0x8000076c (0x00849433) sll     s0, s1, s0
core   0: 3 0x8000076c (0x00849433) x 8 0x80028ce4
core   0: 0x80000770 (0x9275bf13) sltiu   t5, a1, -1753
core   0: 3 0x80000770 (0x9275bf13) x30 0x00000001
core   0: 0x80000774 (0xffbe8e93) addi    t4, t4, -5
core   0: 3 0x80000774 (0xffbe8e93) x29 0xfffffff0
core   0: 0x80000778 (0x00235093) srli    ra, t1, 2
core   0: 3 0x80000778 (0x00235093) x 1 0x00000000
core   0: 0x8000077c (0x00800393) li      t2, 8
core   0: 3 0x8000077c (0x00800393) x 7 0x00000008
core   0: 0x80000780 (0x00600613) li      a2, 6
core   0: 3 0x80000780 (0x00600613) x12 0x00000006
core   0: 0x80000784 (0x4f522313) slti    t1, tp, 1269
core   0: 3 0x80000784 (0x4f522313) x 6 0x00000001
core   0: 0x80000788 (0x01b90c93) addi    s9, s2, 27
core   0: 3 0x80000788 (0x01b90c93) x25 0x0000001e
core   0: 0x8000078c (0x002e2fb3) slt     t6, t3, sp
core   0: 3 0x8000078c (0x002e2fb3) x31 0x00000000
core   0: 0x80000790 (0x01871993) slli    s3, a4, 24
core   0: 3 0x80000790 (0x01871993) x19 0xc7000000
core   0: 0x80000794 (0xffd38393) addi    t2, t2, -3
core   0: 3 0x80000794 (0xffd38393) x 7 0x00000005
core   0: 0x80000798 (0x0ff0000f) fence   iorw,iorw
core   0: 3 0x80000798 (0x0ff0000f)
core   0: 0x8000079c (0x75290997) auipc   s3, 0x75290
core   0: 3 0x8000079c (0x75290997) x19 0xf529079c
core   0: 0x800007a0 (0x01d8d033) srl     zero, a7, t4
core   0: 3 0x800007a0 (0x01d8d033)
core   0: 0x800007a4 (0xfec3f2e3) bgeu    t2, a2, pc - 28
core   0: 3 0x800007a4 (0xfec3f2e3)
core   0: 0x800007a8 (0xfa4e96e3) bne     t4, tp, pc - 84
core   0: 3 0x800007a8 (0xfa4e96e3)
core   0: 0x800007ac (0x4e014fb7) lui     t6, 0x4e014
core   0: 3 0x800007ac (0x4e014fb7) x31 0x4e014000
core   0: 0x800007b0 (0x00900593) li      a1, 9
core   0: 3 0x800007b0 (0x00900593) x11 0x00000009
core   0: 0x800007b4 (0x00b7df13) srli    t5, a5, 11
core   0: 3 0x800007b4 (0x00b7df13) x30 0x001fb602
core   0: 0x800007b8 (0x00745133) srl     sp, s0, t2
core   0: 3 0x800007b8 (0x00745133) x 2 0x04001467
core   0: 0x800007bc (0x00c79113) slli    sp, a5, 12
core   0: 3 0x800007bc (0x00c79113) x 2 0x017fb000
core   0: 0x800007c0 (0x01cb2733) slt     a4, s6, t3
core   0: 3 0x800007c0 (0x01cb2733) x14 0x00000001
core   0: 0x800007c4 (0x00afc2b3) xor     t0, t6, a0
core   0: 3 0x800007c4 (0x00afc2b3) x 5 0x4e014001
core   0: 0x800007c8 (0x01ea7433) and     s0, s4, t5
core   0: 3 0x800007c8 (0x01ea7433) x 8 0x00000000
core   0: 0x800007cc (0x019d9933) sll     s2, s11, s9
core   0: 3 0x800007cc (0x019d9933) x18 0x40000000
core   0: 0x800007d0 (0x0021ed33) or      s10, gp, sp
core   0: 3 0x800007d0 (0x0021ed33) x26 0xa7fff000
core   0: 0x800007d4 (0x0059f8b3) and     a7, s3, t0
core   0: 3 0x800007d4 (0x0059f8b3) x17 0x44010000
core   0: 0x800007d8 (0xb1e1ef93) ori     t6, gp, -1250
core   0: 3 0x800007d8 (0xb1e1ef93) x31 0xfffffb1e
core   0: 0x800007dc (0x0ff0000f) fence   iorw,iorw
core   0: 3 0x800007dc (0x0ff0000f)
core   0: 0x800007e0 (0x00800193) li      gp, 8
core   0: 3 0x800007e0 (0x00800193) x 3 0x00000008
core   0: 0x800007e4 (0x8b52cc13) xori    s8, t0, -1867
core   0: 3 0x800007e4 (0x8b52cc13) x24 0xb1feb8b4
core   0: 0x800007e8 (0xe911cd93) xori    s11, gp, -367
core   0: 3 0x800007e8 (0xe911cd93) x27 0xfffffe99
core   0: 0x800007ec (0x014c2e33) slt     t3, s8, s4
core   0: 3 0x800007ec (0x014c2e33) x28 0x00000001
core   0: 0x800007f0 (0x40670eb3) sub     t4, a4, t1
core   0: 3 0x800007f0 (0x40670eb3) x29 0x00000000
core   0: 0x800007f4 (0xe9bc4013) xori    zero, s8, -357
core   0: 3 0x800007f4 (0xe9bc4013)
core   0: 0x800007f8 (0xff858593) addi    a1, a1, -8
core   0: 3 0x800007f8 (0xff858593) x11 0x00000001
core   0: 0x800007fc (0x65044093) xori    ra, s0, 1616
core   0: 3 0x800007fc (0x65044093) x 1 0x00000650
core   0: 0x80000800 (0x21642f13) slti    t5, s0, 534
core   0: 3 0x80000800 (0x21642f13) x30 0x00000001
core   0: 0x80000804 (0xfe35d6e3) bge     a1, gp, pc - 20
core   0: 3 0x80000804 (0xfe35d6e3)
core   0: 0x80000808 (0x00000013) nop
core   0: 3 0x80000808 (0x00000013)
core   0: 0x8000080c (0xff700613) li      a2, -9
core   0: 3 0x8000080c (0xff700613) x12 0xfffffff7
core   0: 0x80000810 (0x0ff0000f) fence   iorw,iorw
core   0: 3 0x80000810 (0x0ff0000f)
core   0: 0x80000814 (0x417958b3) sra     a7, s2, s7
core   0: 3 0x80000814 (0x417958b3) x17 0x04000000
core   0: 0x80000818 (0x00000013) nop
core   0: 3 0x80000818 (0x00000013)
core   0: 0x8000081c (0x0000100f) fence.i
core   0: 3 0x8000081c (0x0000100f)
core   0: 0x80000820 (0x001e5a13) srli    s4, t3, 1
core   0: 3 0x80000820 (0x001e5a13) x20 0x00000000
core   0: 0x80000824 (0x6950fe93) andi    t4, ra, 1685
core   0: 3 0x80000824 (0x6950fe93) x29 0x00000610
core   0: 0x80000828 (0x01d3a3b3) slt     t2, t2, t4
core   0: 3 0x80000828 (0x01d3a3b3) x 7 0x00000001
core   0: 0x8000082c (0x00000013) nop
core   0: 3 0x8000082c (0x00000013)
core   0: 0x80000830 (0x7b1a2e17) auipc   t3, 0x7b1a2
core   0: 3 0x80000830 (0x7b1a2e17) x28 0xfb1a2830
core   0: 0x80000834 (0x9fe82a13) slti    s4, a6, -1538
core   0: 3 0x80000834 (0x9fe82a13) x20 0x00000000
core   0: 0x80000838 (0x885f2913) slti    s2, t5, -1915
core   0: 3 0x80000838 (0x885f2913) x18 0x00000000
core   0: 0x8000083c (0xcc0c0937) lui     s2, 0xcc0c0
core   0: 3 0x8000083c (0xcc0c0937) x18 0xcc0c0000
core   0: 0x80000840 (0x01300c13) li      s8, 19
core   0: 3 0x80000840 (0x01300c13) x24 0x00000013
core   0: 0x80000844 (0x0ff0000f) fence   iorw,iorw
core   0: 3 0x80000844 (0x0ff0000f)
core   0: 0x80000848 (0x002ad433) srl     s0, s5, sp
core   0: 3 0x80000848 (0x002ad433) x 8 0xfdb012bb
core   0: 0x8000084c (0x8aa74313) xori    t1, a4, -1878
core   0: 3 0x8000084c (0x8aa74313) x 6 0xfffff8ab
core   0: 0x80000850 (0x77d47537) lui     a0, 0x77d47
core   0: 3 0x80000850 (0x77d47537) x10 0x77d47000
core   0: 0x80000854 (0x01b1a1b3) slt     gp, gp, s11
core   0: 3 0x80000854 (0x01b1a1b3) x 3 0x00000000
core   0: 0x80000858 (0x0ff0000f) fence   iorw,iorw
core   0: 3 0x80000858 (0x0ff0000f)
core   0: 0x8000085c (0x00a60613) addi    a2, a2, 10
core   0: 3 0x8000085c (0x00a60613) x12 0x00000001
core   0: 0x80000860 (0xc7d28f93) addi    t6, t0, -899
core   0: 3 0x80000860 (0xc7d28f93) x31 0x4e013c7e
core   0: 0x80000864 (0xd805e193) ori     gp, a1, -640
core   0: 3 0x80000864 (0xd805e193) x 3 0xfffffd81
core   0: 0x80000868 (0x01555713) srli    a4, a0, 21
core   0: 3 0x80000868 (0x01555713) x14 0x000003be
core   0: 0x8000086c (0xc10f27b7) lui     a5, 0xc10f2
core   0: 3 0x8000086c (0xc10f27b7) x15 0xc10f2000
core   0: 0x80000870 (0x00891533) sll     a0, s2, s0
core   0: 3 0x80000870 (0x00891533) x10 0x00000000
core   0: 0x80000874 (0xff8640e3) blt     a2, s8, pc - 32
core   0: 3 0x80000874 (0xff8640e3)
core   0: 0x80000854 (0x01b1a1b3) slt     gp, gp, s11
core   0: 3 0x80000854 (0x01b1a1b3) x 3 0x00000001
core   0: 0x80000858 (0x0ff0000f) fence   iorw,iorw
core   0: 3 0x80000858 (0x0ff0000f)
core   0: 0x8000085c (0x00a60613) addi    a2, a2, 10
core   0: 3 0x8000085c (0x00a60613) x12 0x0000000b
core   0: 0x80000860 (0xc7d28f93) addi    t6, t0, -899
core   0: 3 0x80000860 (0xc7d28f93) x31 0x4e013c7e
core   0: 0x80000864 (0xd805e193) ori     gp, a1, -640
core   0: 3 0x80000864 (0xd805e193) x 3 0xfffffd81
core   0: 0x80000868 (0x01555713) srli    a4, a0, 21
core   0: 3 0x80000868 (0x01555713) x14 0x00000000
core   0: 0x8000086c (0xc10f27b7) lui     a5, 0xc10f2
core   0: 3 0x8000086c (0xc10f27b7) x15 0xc10f2000
core   0: 0x80000870 (0x00891533) sll     a0, s2, s0
core   0: 3 0x80000870 (0x00891533) x10 0x00000000
core   0: 0x80000874 (0xff8640e3) blt     a2, s8, pc - 32
core   0: 3 0x80000874 (0xff8640e3)
core   0: 0x80000854 (0x01b1a1b3) slt     gp, gp, s11
core   0: 3 0x80000854 (0x01b1a1b3) x 3 0x00000001
core   0: 0x80000858 (0x0ff0000f) fence   iorw,iorw
core   0: 3 0x80000858 (0x0ff0000f)
core   0: 0x8000085c (0x00a60613) addi    a2, a2, 10
core   0: 3 0x8000085c (0x00a60613) x12 0x00000015
core   0: 0x80000860 (0xc7d28f93) addi    t6, t0, -899
core   0: 3 0x80000860 (0xc7d28f93) x31 0x4e013c7e
core   0: 0x80000864 (0xd805e193) ori     gp, a1, -640
core   0: 3 0x80000864 (0xd805e193) x 3 0xfffffd81
core   0: 0x80000868 (0x01555713) srli    a4, a0, 21
core   0: 3 0x80000868 (0x01555713) x14 0x00000000
core   0: 0x8000086c (0xc10f27b7) lui     a5, 0xc10f2
core   0: 3 0x8000086c (0xc10f27b7) x15 0xc10f2000
core   0: 0x80000870 (0x00891533) sll     a0, s2, s0
core   0: 3 0x80000870 (0x00891533) x10 0x00000000
core   0: 0x80000874 (0xff8640e3) blt     a2, s8, pc - 32
core   0: 3 0x80000874 (0xff8640e3)
core   0: 0x80000878 (0x018b52b3) srl     t0, s6, s8
core   0: 3 0x80000878 (0x018b52b3) x 5 0x00001fff
core   0: 0x8000087c (0xffa00413) li      s0, -6
core   0: 3 0x8000087c (0xffa00413) x 8 0xfffffffa
core   0: 0x80000880 (0x2d92ae93) slti    t4, t0, 729
core   0: 3 0x80000880 (0x2d92ae93) x29 0x00000000
core   0: 0x80000884 (0xff100e13) li      t3, -15
core   0: 3 0x80000884 (0xff100e13) x28 0xfffffff1
core   0: 0x80000888 (0x00ef7eb3) and     t4, t5, a4
core   0: 3 0x80000888 (0x00ef7eb3) x29 0x00000000
core   0: 0x8000088c (0x0da337b7) lui     a5, 0xda33
core   0: 3 0x8000088c (0x0da337b7) x15 0x0da33000
core   0: 0x80000890 (0x016a5213) srli    tp, s4, 22
core   0: 3 0x80000890 (0x016a5213) x 4 0x00000000
core   0: 0x80000894 (0xffd40413) addi    s0, s0, -3
core   0: 3 0x80000894 (0xffd40413) x 8 0xfffffff7
core   0: 0x80000898 (0xd7183113) sltiu   sp, a6, -655
core   0: 3 0x80000898 (0xd7183113) x 2 0x00000000
core   0: 0x8000089c (0x7a617c13) andi    s8, sp, 1958
core   0: 3 0x8000089c (0x7a617c13) x24 0x00000000
core   0: 0x800008a0 (0xffc406e3) beq     s0, t3, pc - 20
core   0: 3 0x800008a0 (0xffc406e3)
core   0: 0x800008a4 (0x5747a893) slti    a7, a5, 1396
core   0: 3 0x800008a4 (0x5747a893) x17 0x00000000
core   0: 0x800008a8 (0xff600293) li      t0, -10
core   0: 3 0x800008a8 (0xff600293) x 5 0xfffffff6
core   0: 0x800008ac (0x9826a713) slti    a4, a3, -1662
core   0: 3 0x800008ac (0x9826a713) x14 0x00000000
core   0: 0x800008b0 (0x00bd00b3) add     ra, s10, a1
core   0: 3 0x800008b0 (0x00bd00b3) x 1 0xa7fff001
core   0: 0x800008b4 (0x6480f117) auipc   sp, 0x6480f
core   0: 3 0x800008b4 (0x6480f117) x 2 0xe480f8b4
core   0: 0x800008b8 (0x01000913) li      s2, 16
core   0: 3 0x800008b8 (0x01000913) x18 0x00000010
core   0: 0x800008bc (0xef88a697) auipc   a3, 0xef88a
core   0: 3 0x800008bc (0xef88a697) x13 0x6f88a8bc
core   0: 0x800008c0 (0xfbd7de97) auipc   t4, 0xfbd7d
core   0: 3 0x800008c0 (0xfbd7de97) x29 0x7bd7d8c0
core   0: 0x800008c4 (0x1a28d597) auipc   a1, 0x1a28d
core   0: 3 0x800008c4 (0x1a28d597) x11 0x9a28d8c4
core   0: 0x800008c8 (0x01ec71b3) and     gp, s8, t5
core   0: 3 0x800008c8 (0x01ec71b3) x 3 0x00000000
core   0: 0x800008cc (0x004a1f33) sll     t5, s4, tp
core   0: 3 0x800008cc (0x004a1f33) x30 0x00000000
core   0: 0x800008d0 (0x00e95f33) srl     t5, s2, a4
core   0: 3 0x800008d0 (0x00e95f33) x30 0x00000010
core   0: 0x800008d4 (0xcd3ce013) ori     zero, s9, -813
core   0: 3 0x800008d4 (0xcd3ce013)
core   0: 0x800008d8 (0x00128293) addi    t0, t0, 1
core   0: 3 0x800008d8 (0x00128293) x 5 0xfffffff7
core   0: 0x800008dc (0x40e9d213) srai    tp, s3, 14
core   0: 3 0x800008dc (0x40e9d213) x 4 0xffffd4a4
core   0: 0x800008e0 (0x00000013) nop
core   0: 3 0x800008e0 (0x00000013)
core   0: 0x800008e4 (0x6ba83613) sltiu   a2, a6, 1722
core   0: 3 0x800008e4 (0x6ba83613) x12 0x00000000
core   0: 0x800008e8 (0xe7b74093) xori    ra, a4, -389
core   0: 3 0x800008e8 (0xe7b74093) x 1 0xfffffe7b
core   0: 0x800008ec (0x6220b393) sltiu   t2, ra, 1570
core   0: 3 0x800008ec (0x6220b393) x 7 0x00000000
core   0: 0x800008f0 (0x87cf0c93) addi    s9, t5, -1924
core   0: 3 0x800008f0 (0x87cf0c93) x25 0xfffff88c
core   0: 0x800008f4 (0x017db0b3) sltu    ra, s11, s7
core   0: 3 0x800008f4 (0x017db0b3) x 1 0x00000000
core   0: 0x800008f8 (0x9b7b7a13) andi    s4, s6, -1609
core   0: 3 0x800008f8 (0x9b7b7a13) x20 0xfffff9a4
core   0: 0x800008fc (0x00000013) nop
core   0: 3 0x800008fc (0x00000013)
core   0: 0x80000900 (0x01d92f33) slt     t5, s2, t4
core   0: 3 0x80000900 (0x01d92f33) x30 0x00000001
core   0: 0x80000904 (0x7d42d717) auipc   a4, 0x7d42d
core   0: 3 0x80000904 (0x7d42d717) x14 0xfd42d904
core   0: 0x80000908 (0x8c368693) addi    a3, a3, -1853
core   0: 3 0x80000908 (0x8c368693) x13 0x6f88a17f
core   0: 0x8000090c (0xfb228ae3) beq     t0, s2, pc - 76
core   0: 3 0x8000090c (0xfb228ae3)
core   0: 0x80000910 (0x015f9193) slli    gp, t6, 21
core   0: 3 0x80000910 (0x015f9193) x 3 0x8fc00000
core   0: 0x80000914 (0x00600693) li      a3, 6
core   0: 3 0x80000914 (0x00600693) x13 0x00000006
core   0: 0x80000918 (0x01000d13) li      s10, 16
core   0: 3 0x80000918 (0x01000d13) x26 0x00000010
core   0: 0x8000091c (0x00840eb3) add     t4, s0, s0
core   0: 3 0x8000091c (0x00840eb3) x29 0xffffffee
core   0: 0x80000920 (0x00168693) addi    a3, a3, 1
core   0: 3 0x80000920 (0x00168693) x13 0x00000007
core   0: 0x80000924 (0xfff00393) li      t2, -1
core   0: 3 0x80000924 (0xfff00393) x 7 0xffffffff
core   0: 0x80000928 (0x00e00a13) li      s4, 14
core   0: 3 0x80000928 (0x00e00a13) x20 0x0000000e
core   0: 0x8000092c (0x5170b117) auipc   sp, 0x5170b
core   0: 3 0x8000092c (0x5170b117) x 2 0xd170b92c
core   0: 0x80000930 (0x00538393) addi    t2, t2, 5
core   0: 3 0x80000930 (0x00538393) x 7 0x00000004
core   0: 0x80000934 (0xff43ece3) bltu    t2, s4, pc - 8
core   0: 3 0x80000934 (0xff43ece3)
core   0: 0x8000092c (0x5170b117) auipc   sp, 0x5170b
core   0: 3 0x8000092c (0x5170b117) x 2 0xd170b92c
core   0: 0x80000930 (0x00538393) addi    t2, t2, 5
core   0: 3 0x80000930 (0x00538393) x 7 0x00000009
core   0: 0x80000934 (0xff43ece3) bltu    t2, s4, pc - 8
core   0: 3 0x80000934 (0xff43ece3)
core   0: 0x8000092c (0x5170b117) auipc   sp, 0x5170b
core   0: 3 0x8000092c (0x5170b117) x 2 0xd170b92c
core   0: 0x80000930 (0x00538393) addi    t2, t2, 5
core   0: 3 0x80000930 (0x00538393) x 7 0x0000000e
core   0: 0x80000934 (0xff43ece3) bltu    t2, s4, pc - 8
core   0: 3 0x80000934 (0xff43ece3)
core   0: 0x80000938 (0xffa692e3) bne     a3, s10, pc - 28
core   0: 3 0x80000938 (0xffa692e3)
core   0: 0x8000091c (0x00840eb3) add     t4, s0, s0
core   0: 3 0x8000091c (0x00840eb3) x29 0xffffffee
core   0: 0x80000920 (0x00168693) addi    a3, a3, 1
core   0: 3 0x80000920 (0x00168693) x13 0x00000008
core   0: 0x80000924 (0xfff00393) li      t2, -1
core   0: 3 0x80000924 (0xfff00393) x 7 0xffffffff
core   0: 0x80000928 (0x00e00a13) li      s4, 14
core   0: 3 0x80000928 (0x00e00a13) x20 0x0000000e
core   0: 0x8000092c (0x5170b117) auipc   sp, 0x5170b
core   0: 3 0x8000092c (0x5170b117) x 2 0xd170b92c
core   0: 0x80000930 (0x00538393) addi    t2, t2, 5
core   0: 3 0x80000930 (0x00538393) x 7 0x00000004
core   0: 0x80000934 (0xff43ece3) bltu    t2, s4, pc - 8
core   0: 3 0x80000934 (0xff43ece3)
core   0: 0x8000092c (0x5170b117) auipc   sp, 0x5170b
core   0: 3 0x8000092c (0x5170b117) x 2 0xd170b92c
core   0: 0x80000930 (0x00538393) addi    t2, t2, 5
core   0: 3 0x80000930 (0x00538393) x 7 0x00000009
core   0: 0x80000934 (0xff43ece3) bltu    t2, s4, pc - 8
core   0: 3 0x80000934 (0xff43ece3)
core   0: 0x8000092c (0x5170b117) auipc   sp, 0x5170b
core   0: 3 0x8000092c (0x5170b117) x 2 0xd170b92c
core   0: 0x80000930 (0x00538393) addi    t2, t2, 5
core   0: 3 0x80000930 (0x00538393) x 7 0x0000000e
core   0: 0x80000934 (0xff43ece3) bltu    t2, s4, pc - 8
core   0: 3 0x80000934 (0xff43ece3)
core   0: 0x80000938 (0xffa692e3) bne     a3, s10, pc - 28
core   0: 3 0x80000938 (0xffa692e3)
core   0: 0x8000091c (0x00840eb3) add     t4, s0, s0
core   0: 3 0x8000091c (0x00840eb3) x29 0xffffffee
core   0: 0x80000920 (0x00168693) addi    a3, a3, 1
core   0: 3 0x80000920 (0x00168693) x13 0x00000009
core   0: 0x80000924 (0xfff00393) li      t2, -1
core   0: 3 0x80000924 (0xfff00393) x 7 0xffffffff
core   0: 0x80000928 (0x00e00a13) li      s4, 14
core   0: 3 0x80000928 (0x00e00a13) x20 0x0000000e
core   0: 0x8000092c (0x5170b117) auipc   sp, 0x5170b
core   0: 3 0x8000092c (0x5170b117) x 2 0xd170b92c
core   0: 0x80000930 (0x00538393) addi    t2, t2, 5
core   0: 3 0x80000930 (0x00538393) x 7 0x00000004
core   0: 0x80000934 (0xff43ece3) bltu    t2, s4, pc - 8
core   0: 3 0x80000934 (0xff43ece3)
core   0: 0x8000092c (0x5170b117) auipc   sp, 0x5170b
core   0: 3 0x8000092c (0x5170b117) x 2 0xd170b92c
core   0: 0x80000930 (0x00538393) addi    t2, t2, 5
core   0: 3 0x80000930 (0x00538393) x 7 0x00000009
core   0: 0x80000934 (0xff43ece3) bltu    t2, s4, pc - 8
core   0: 3 0x80000934 (0xff43ece3)
core   0: 0x8000092c (0x5170b117) auipc   sp, 0x5170b
core   0: 3 0x8000092c (0x5170b117) x 2 0xd170b92c
core   0: 0x80000930 (0x00538393) addi    t2, t2, 5
core   0: 3 0x80000930 (0x00538393) x 7 0x0000000e
core   0: 0x80000934 (0xff43ece3) bltu    t2, s4, pc - 8
core   0: 3 0x80000934 (0xff43ece3)
core   0: 0x80000938 (0xffa692e3) bne     a3, s10, pc - 28
core   0: 3 0x80000938 (0xffa692e3)
core   0: 0x8000091c (0x00840eb3) add     t4, s0, s0
core   0: 3 0x8000091c (0x00840eb3) x29 0xffffffee
core   0: 0x80000920 (0x00168693) addi    a3, a3, 1
core   0: 3 0x80000920 (0x00168693) x13 0x0000000a
core   0: 0x80000924 (0xfff00393) li      t2, -1
core   0: 3 0x80000924 (0xfff00393) x 7 0xffffffff
core   0: 0x80000928 (0x00e00a13) li      s4, 14
core   0: 3 0x80000928 (0x00e00a13) x20 0x0000000e
core   0: 0x8000092c (0x5170b117) auipc   sp, 0x5170b
core   0: 3 0x8000092c (0x5170b117) x 2 0xd170b92c
core   0: 0x80000930 (0x00538393) addi    t2, t2, 5
core   0: 3 0x80000930 (0x00538393) x 7 0x00000004
core   0: 0x80000934 (0xff43ece3) bltu    t2, s4, pc - 8
core   0: 3 0x80000934 (0xff43ece3)
core   0: 0x8000092c (0x5170b117) auipc   sp, 0x5170b
core   0: 3 0x8000092c (0x5170b117) x 2 0xd170b92c
core   0: 0x80000930 (0x00538393) addi    t2, t2, 5
core   0: 3 0x80000930 (0x00538393) x 7 0x00000009
core   0: 0x80000934 (0xff43ece3) bltu    t2, s4, pc - 8
core   0: 3 0x80000934 (0xff43ece3)
core   0: 0x8000092c (0x5170b117) auipc   sp, 0x5170b
core   0: 3 0x8000092c (0x5170b117) x 2 0xd170b92c
core   0: 0x80000930 (0x00538393) addi    t2, t2, 5
core   0: 3 0x80000930 (0x00538393) x 7 0x0000000e
core   0: 0x80000934 (0xff43ece3) bltu    t2, s4, pc - 8
core   0: 3 0x80000934 (0xff43ece3)
core   0: 0x80000938 (0xffa692e3) bne     a3, s10, pc - 28
core   0: 3 0x80000938 (0xffa692e3)
core   0: 0x8000091c (0x00840eb3) add     t4, s0, s0
core   0: 3 0x8000091c (0x00840eb3) x29 0xffffffee
core   0: 0x80000920 (0x00168693) addi    a3, a3, 1
core   0: 3 0x80000920 (0x00168693) x13 0x0000000b
core   0: 0x80000924 (0xfff00393) li      t2, -1
core   0: 3 0x80000924 (0xfff00393) x 7 0xffffffff
core   0: 0x80000928 (0x00e00a13) li      s4, 14
core   0: 3 0x80000928 (0x00e00a13) x20 0x0000000e
core   0: 0x8000092c (0x5170b117) auipc   sp, 0x5170b
core   0: 3 0x8000092c (0x5170b117) x 2 0xd170b92c
core   0: 0x80000930 (0x00538393) addi    t2, t2, 5
core   0: 3 0x80000930 (0x00538393) x 7 0x00000004
core   0: 0x80000934 (0xff43ece3) bltu    t2, s4, pc - 8
core   0: 3 0x80000934 (0xff43ece3)
core   0: 0x8000092c (0x5170b117) auipc   sp, 0x5170b
core   0: 3 0x8000092c (0x5170b117) x 2 0xd170b92c
core   0: 0x80000930 (0x00538393) addi    t2, t2, 5
core   0: 3 0x80000930 (0x00538393) x 7 0x00000009
core   0: 0x80000934 (0xff43ece3) bltu    t2, s4, pc - 8
core   0: 3 0x80000934 (0xff43ece3)
core   0: 0x8000092c (0x5170b117) auipc   sp, 0x5170b
core   0: 3 0x8000092c (0x5170b117) x 2 0xd170b92c
core   0: 0x80000930 (0x00538393) addi    t2, t2, 5
core   0: 3 0x80000930 (0x00538393) x 7 0x0000000e
core   0: 0x80000934 (0xff43ece3) bltu    t2, s4, pc - 8
core   0: 3 0x80000934 (0xff43ece3)
core   0: 0x80000938 (0xffa692e3) bne     a3, s10, pc - 28
core   0: 3 0x80000938 (0xffa692e3)
core   0: 0x8000091c (0x00840eb3) add     t4, s0, s0
core   0: 3 0x8000091c (0x00840eb3) x29 0xffffffee
core   0: 0x80000920 (0x00168693) addi    a3, a3, 1
core   0: 3 0x80000920 (0x00168693) x13 0x0000000c
core   0: 0x80000924 (0xfff00393) li      t2, -1
core   0: 3 0x80000924 (0xfff00393) x 7 0xffffffff
core   0: 0x80000928 (0x00e00a13) li      s4, 14
core   0: 3 0x80000928 (0x00e00a13) x20 0x0000000e
core   0: 0x8000092c (0x5170b117) auipc   sp, 0x5170b
core   0: 3 0x8000092c (0x5170b117) x 2 0xd170b92c
core   0: 0x80000930 (0x00538393) addi    t2, t2, 5
core   0: 3 0x80000930 (0x00538393) x 7 0x00000004
core   0: 0x80000934 (0xff43ece3) bltu    t2, s4, pc - 8
core   0: 3 0x80000934 (0xff43ece3)
core   0: 0x8000092c (0x5170b117) auipc   sp, 0x5170b
core   0: 3 0x8000092c (0x5170b117) x 2 0xd170b92c
core   0: 0x80000930 (0x00538393) addi    t2, t2, 5
core   0: 3 0x80000930 (0x00538393) x 7 0x00000009
core   0: 0x80000934 (0xff43ece3) bltu    t2, s4, pc - 8
core   0: 3 0x80000934 (0xff43ece3)
core   0: 0x8000092c (0x5170b117) auipc   sp, 0x5170b
core   0: 3 0x8000092c (0x5170b117) x 2 0xd170b92c
core   0: 0x80000930 (0x00538393) addi    t2, t2, 5
core   0: 3 0x80000930 (0x00538393) x 7 0x0000000e
core   0: 0x80000934 (0xff43ece3) bltu    t2, s4, pc - 8
core   0: 3 0x80000934 (0xff43ece3)
core   0: 0x80000938 (0xffa692e3) bne     a3, s10, pc - 28
core   0: 3 0x80000938 (0xffa692e3)
core   0: 0x8000091c (0x00840eb3) add     t4, s0, s0
core   0: 3 0x8000091c (0x00840eb3) x29 0xffffffee
core   0: 0x80000920 (0x00168693) addi    a3, a3, 1
core   0: 3 0x80000920 (0x00168693) x13 0x0000000d
core   0: 0x80000924 (0xfff00393) li      t2, -1
core   0: 3 0x80000924 (0xfff00393) x 7 0xffffffff
core   0: 0x80000928 (0x00e00a13) li      s4, 14
core   0: 3 0x80000928 (0x00e00a13) x20 0x0000000e
core   0: 0x8000092c (0x5170b117) auipc   sp, 0x5170b
core   0: 3 0x8000092c (0x5170b117) x 2 0xd170b92c
core   0: 0x80000930 (0x00538393) addi    t2, t2, 5
core   0: 3 0x80000930 (0x00538393) x 7 0x00000004
core   0: 0x80000934 (0xff43ece3) bltu    t2, s4, pc - 8
core   0: 3 0x80000934 (0xff43ece3)
core   0: 0x8000092c (0x5170b117) auipc   sp, 0x5170b
core   0: 3 0x8000092c (0x5170b117) x 2 0xd170b92c
core   0: 0x80000930 (0x00538393) addi    t2, t2, 5
core   0: 3 0x80000930 (0x00538393) x 7 0x00000009
core   0: 0x80000934 (0xff43ece3) bltu    t2, s4, pc - 8
core   0: 3 0x80000934 (0xff43ece3)
core   0: 0x8000092c (0x5170b117) auipc   sp, 0x5170b
core   0: 3 0x8000092c (0x5170b117) x 2 0xd170b92c
core   0: 0x80000930 (0x00538393) addi    t2, t2, 5
core   0: 3 0x80000930 (0x00538393) x 7 0x0000000e
core   0: 0x80000934 (0xff43ece3) bltu    t2, s4, pc - 8
core   0: 3 0x80000934 (0xff43ece3)
core   0: 0x80000938 (0xffa692e3) bne     a3, s10, pc - 28
core   0: 3 0x80000938 (0xffa692e3)
core   0: 0x8000091c (0x00840eb3) add     t4, s0, s0
core   0: 3 0x8000091c (0x00840eb3) x29 0xffffffee
core   0: 0x80000920 (0x00168693) addi    a3, a3, 1
core   0: 3 0x80000920 (0x00168693) x13 0x0000000e
core   0: 0x80000924 (0xfff00393) li      t2, -1
core   0: 3 0x80000924 (0xfff00393) x 7 0xffffffff
core   0: 0x80000928 (0x00e00a13) li      s4, 14
core   0: 3 0x80000928 (0x00e00a13) x20 0x0000000e
core   0: 0x8000092c (0x5170b117) auipc   sp, 0x5170b
core   0: 3 0x8000092c (0x5170b117) x 2 0xd170b92c
core   0: 0x80000930 (0x00538393) addi    t2, t2, 5
core   0: 3 0x80000930 (0x00538393) x 7 0x00000004
core   0: 0x80000934 (0xff43ece3) bltu    t2, s4, pc - 8
core   0: 3 0x80000934 (0xff43ece3)
core   0: 0x8000092c (0x5170b117) auipc   sp, 0x5170b
core   0: 3 0x8000092c (0x5170b117) x 2 0xd170b92c
core   0: 0x80000930 (0x00538393) addi    t2, t2, 5
core   0: 3 0x80000930 (0x00538393) x 7 0x00000009
core   0: 0x80000934 (0xff43ece3) bltu    t2, s4, pc - 8
core   0: 3 0x80000934 (0xff43ece3)
core   0: 0x8000092c (0x5170b117) auipc   sp, 0x5170b
core   0: 3 0x8000092c (0x5170b117) x 2 0xd170b92c
core   0: 0x80000930 (0x00538393) addi    t2, t2, 5
core   0: 3 0x80000930 (0x00538393) x 7 0x0000000e
core   0: 0x80000934 (0xff43ece3) bltu    t2, s4, pc - 8
core   0: 3 0x80000934 (0xff43ece3)
core   0: 0x80000938 (0xffa692e3) bne     a3, s10, pc - 28
core   0: 3 0x80000938 (0xffa692e3)
core   0: 0x8000091c (0x00840eb3) add     t4, s0, s0
core   0: 3 0x8000091c (0x00840eb3) x29 0xffffffee
core   0: 0x80000920 (0x00168693) addi    a3, a3, 1
core   0: 3 0x80000920 (0x00168693) x13 0x0000000f
core   0: 0x80000924 (0xfff00393) li      t2, -1
core   0: 3 0x80000924 (0xfff00393) x 7 0xffffffff
core   0: 0x80000928 (0x00e00a13) li      s4, 14
core   0: 3 0x80000928 (0x00e00a13) x20 0x0000000e
core   0: 0x8000092c (0x5170b117) auipc   sp, 0x5170b
core   0: 3 0x8000092c (0x5170b117) x 2 0xd170b92c
core   0: 0x80000930 (0x00538393) addi    t2, t2, 5
core   0: 3 0x80000930 (0x00538393) x 7 0x00000004
core   0: 0x80000934 (0xff43ece3) bltu    t2, s4, pc - 8
core   0: 3 0x80000934 (0xff43ece3)
core   0: 0x8000092c (0x5170b117) auipc   sp, 0x5170b
core   0: 3 0x8000092c (0x5170b117) x 2 0xd170b92c
core   0: 0x80000930 (0x00538393) addi    t2, t2, 5
core   0: 3 0x80000930 (0x00538393) x 7 0x00000009
core   0: 0x80000934 (0xff43ece3) bltu    t2, s4, pc - 8
core   0: 3 0x80000934 (0xff43ece3)
core   0: 0x8000092c (0x5170b117) auipc   sp, 0x5170b
core   0: 3 0x8000092c (0x5170b117) x 2 0xd170b92c
core   0: 0x80000930 (0x00538393) addi    t2, t2, 5
core   0: 3 0x80000930 (0x00538393) x 7 0x0000000e
core   0: 0x80000934 (0xff43ece3) bltu    t2, s4, pc - 8
core   0: 3 0x80000934 (0xff43ece3)
core   0: 0x80000938 (0xffa692e3) bne     a3, s10, pc - 28
core   0: 3 0x80000938 (0xffa692e3)
core   0: 0x8000091c (0x00840eb3) add     t4, s0, s0
core   0: 3 0x8000091c (0x00840eb3) x29 0xffffffee
core   0: 0x80000920 (0x00168693) addi    a3, a3, 1
core   0: 3 0x80000920 (0x00168693) x13 0x00000010
core   0: 0x80000924 (0xfff00393) li      t2, -1
core   0: 3 0x80000924 (0xfff00393) x 7 0xffffffff
core   0: 0x80000928 (0x00e00a13) li      s4, 14
core   0: 3 0x80000928 (0x00e00a13) x20 0x0000000e
core   0: 0x8000092c (0x5170b117) auipc   sp, 0x5170b
core   0: 3 0x8000092c (0x5170b117) x 2 0xd170b92c
core   0: 0x80000930 (0x00538393) addi    t2, t2, 5
core   0: 3 0x80000930 (0x00538393) x 7 0x00000004
core   0: 0x80000934 (0xff43ece3) bltu    t2, s4, pc - 8
core   0: 3 0x80000934 (0xff43ece3)
core   0: 0x8000092c (0x5170b117) auipc   sp, 0x5170b
core   0: 3 0x8000092c (0x5170b117) x 2 0xd170b92c
core   0: 0x80000930 (0x00538393) addi    t2, t2, 5
core   0: 3 0x80000930 (0x00538393) x 7 0x00000009
core   0: 0x80000934 (0xff43ece3) bltu    t2, s4, pc - 8
core   0: 3 0x80000934 (0xff43ece3)
core   0: 0x8000092c (0x5170b117) auipc   sp, 0x5170b
core   0: 3 0x8000092c (0x5170b117) x 2 0xd170b92c
core   0: 0x80000930 (0x00538393) addi    t2, t2, 5
core   0: 3 0x80000930 (0x00538393) x 7 0x0000000e
core   0: 0x80000934 (0xff43ece3) bltu    t2, s4, pc - 8
core   0: 3 0x80000934 (0xff43ece3)
core   0: 0x80000938 (0xffa692e3) bne     a3, s10, pc - 28
core   0: 3 0x80000938 (0xffa692e3)
core   0: 0x8000093c (0x015b9113) slli    sp, s7, 21
core   0: 3 0x8000093c (0x015b9113) x 2 0xcc800000
core   0: 0x80000940 (0x00600393) li      t2, 6
core   0: 3 0x80000940 (0x00600393) x 7 0x00000006
core   0: 0x80000944 (0x00e00093) li      ra, 14
core   0: 3 0x80000944 (0x00e00093) x 1 0x0000000e
core   0: 0x80000948 (0x240bce13) xori    t3, s7, 576
core   0: 3 0x80000948 (0x240bce13) x28 0x80024c24
core   0: 0x8000094c (0x00438393) addi    t2, t2, 4
core   0: 3 0x8000094c (0x00438393) x 7 0x0000000a
core   0: 0x80000950 (0x00a00693) li      a3, 10
core   0: 3 0x80000950 (0x00a00693) x13 0x0000000a
core   0: 0x80000954 (0x00a00993) li      s3, 10
core   0: 3 0x80000954 (0x00a00993) x19 0x0000000a
core   0: 0x80000958 (0x1dbfaa13) slti    s4, t6, 475
core   0: 3 0x80000958 (0x1dbfaa13) x20 0x00000000
core   0: 0x8000095c (0xff768693) addi    a3, a3, -9
core   0: 3 0x8000095c (0xff768693) x13 0x00000001
core   0: 0x80000960 (0xff36fce3) bgeu    a3, s3, pc - 8
core   0: 3 0x80000960 (0xff36fce3)
core   0: 0x80000964 (0xfe1382e3) beq     t2, ra, pc - 28
core   0: 3 0x80000964 (0xfe1382e3)
core   0: 0x80000968 (0x01e6da13) srli    s4, a3, 30
core   0: 3 0x80000968 (0x01e6da13) x20 0x00000000
core   0: 0x8000096c (0xff600f93) li      t6, -10
core   0: 3 0x8000096c (0xff600f93) x31 0xfffffff6
core   0: 0x80000970 (0x579ec313) xori    t1, t4, 1401
core   0: 3 0x80000970 (0x579ec313) x 6 0xfffffa97
core   0: 0x80000974 (0x018fdd93) srli    s11, t6, 24
core   0: 3 0x80000974 (0x018fdd93) x27 0x000000ff
core   0: 0x80000978 (0x25aff097) auipc   ra, 0x25aff
core   0: 3 0x80000978 (0x25aff097) x 1 0xa5aff978
core   0: 0x8000097c (0x0e102513) slti    a0, zero, 225
core   0: 3 0x8000097c (0x0e102513) x10 0x00000001
core   0: 0x80000980 (0x95543693) sltiu   a3, s0, -1707
core   0: 3 0x80000980 (0x95543693) x13 0x00000000
core   0: 0x80000984 (0xb51616b7) lui     a3, 0xb5161
core   0: 3 0x80000984 (0xb51616b7) x13 0xb5161000
core   0: 0x80000988 (0x00000013) nop
core   0: 3 0x80000988 (0x00000013)
core   0: 0x8000098c (0x00800593) li      a1, 8
core   0: 3 0x8000098c (0x00800593) x11 0x00000008
core   0: 0x80000990 (0xe65ffb13) andi    s6, t6, -411
core   0: 3 0x80000990 (0xe65ffb13) x22 0xfffffe64
core   0: 0x80000994 (0x01cf61b3) or      gp, t5, t3
core   0: 3 0x80000994 (0x01cf61b3) x 3 0x80024c25
core   0: 0x80000998 (0xe6646693) ori     a3, s0, -410
core   0: 3 0x80000998 (0xe6646693) x13 0xfffffff7
core   0: 0x8000099c (0x009f8f93) addi    t6, t6, 9
core   0: 3 0x8000099c (0x009f8f93) x31 0xffffffff
core   0: 0x800009a0 (0x012bde33) srl     t3, s7, s2
core   0: 3 0x800009a0 (0x012bde33) x28 0x00008002
core   0: 0x800009a4 (0x00a00f13) li      t5, 10
core   0: 3 0x800009a4 (0x00a00f13) x30 0x0000000a
core   0: 0x800009a8 (0x01a35193) srli    gp, t1, 26
core   0: 3 0x800009a8 (0x01a35193) x 3 0x0000003f
core   0: 0x800009ac (0x01000793) li      a5, 16
core   0: 3 0x800009ac (0x01000793) x15 0x00000010
core   0: 0x800009b0 (0xd1d36697) auipc   a3, 0xd1d36
core   0: 3 0x800009b0 (0xd1d36697) x13 0x51d369b0
core   0: 0x800009b4 (0xac44f413) andi    s0, s1, -1340
core   0: 3 0x800009b4 (0xac44f413) x 8 0x800288c4
core   0: 0x800009b8 (0x00b7d933) srl     s2, a5, a1
core   0: 3 0x800009b8 (0x00b7d933) x18 0x00000000
core   0: 0x800009bc (0x006f0f13) addi    t5, t5, 6
core   0: 3 0x800009bc (0x006f0f13) x30 0x00000010
core   0: 0x800009c0 (0x00000013) nop
core   0: 3 0x800009c0 (0x00000013)
core   0: 0x800009c4 (0xfeff18e3) bne     t5, a5, pc - 16
core   0: 3 0x800009c4 (0xfeff18e3)
core   0: 0x800009c8 (0x01d8d413) srli    s0, a7, 29
core   0: 3 0x800009c8 (0x01d8d413) x 8 0x00000000
core   0: 0x800009cc (0x41cb86b3) sub     a3, s7, t3
core   0: 3 0x800009cc (0x41cb86b3) x13 0x8001ce62
core   0: 0x800009d0 (0xfcbfe2e3) bltu    t6, a1, pc - 60
core   0: 3 0x800009d0 (0xfcbfe2e3)
core   0: 0x800009d4 (0x019156b3) srl     a3, sp, s9
core   0: 3 0x800009d4 (0x019156b3) x13 0x000cc800
core   0: 0x800009d8 (0x00a00513) li      a0, 10
core   0: 3 0x800009d8 (0x00a00513) x10 0x0000000a
core   0: 0x800009dc (0x00000013) nop
core   0: 3 0x800009dc (0x00000013)
core   0: 0x800009e0 (0x01400293) li      t0, 20
core   0: 3 0x800009e0 (0x01400293) x 5 0x00000014
core   0: 0x800009e4 (0x4e982237) lui     tp, 0x4e982
core   0: 3 0x800009e4 (0x4e982237) x 4 0x4e982000
core   0: 0x800009e8 (0x00b107b3) add     a5, sp, a1
core   0: 3 0x800009e8 (0x00b107b3) x15 0xcc800008
core   0: 0x800009ec (0x014d5633) srl     a2, s10, s4
core   0: 3 0x800009ec (0x014d5633) x12 0x00000010
core   0: 0x800009f0 (0x0ad6b217) auipc   tp, 0xad6b
core   0: 3 0x800009f0 (0x0ad6b217) x 4 0x8ad6b9f0
core   0: 0x800009f4 (0x00450513) addi    a0, a0, 4
core   0: 3 0x800009f4 (0x00450513) x10 0x0000000e
core   0: 0x800009f8 (0xffd00713) li      a4, -3
core   0: 3 0x800009f8 (0xffd00713) x14 0xfffffffd
core   0: 0x800009fc (0x0146deb3) srl     t4, a3, s4
core   0: 3 0x800009fc (0x0146deb3) x29 0x000cc800
core   0: 0x80000a00 (0xff400f13) li      t5, -12
core   0: 3 0x80000a00 (0xff400f13) x30 0xfffffff4
core   0: 0x80000a04 (0x41d85393) srai    t2, a6, 29
core   0: 3 0x80000a04 (0x41d85393) x 7 0xffffffff
core   0: 0x80000a08 (0x018b29b3) slt     s3, s6, s8
core   0: 3 0x80000a08 (0x018b29b3) x19 0x00000001
core   0: 0x80000a0c (0x2711b193) sltiu   gp, gp, 625
core   0: 3 0x80000a0c (0x2711b193) x 3 0x00000001
core   0: 0x80000a10 (0xff770713) addi    a4, a4, -9
core   0: 3 0x80000a10 (0xff770713) x14 0xfffffff4
core   0: 0x80000a14 (0xffe71ce3) bne     a4, t5, pc - 8
core   0: 3 0x80000a14 (0xffe71ce3)
core   0: 0x80000a18 (0x0137dcb3) srl     s9, a5, s3
core   0: 3 0x80000a18 (0x0137dcb3) x25 0x66400004
core   0: 0x80000a1c (0x401bda33) sra     s4, s7, ra
core   0: 3 0x80000a1c (0x401bda33) x20 0xffffff80
core   0: 0x80000a20 (0xfc5544e3) blt     a0, t0, pc - 56
core   0: 3 0x80000a20 (0xfc5544e3)
core   0: 0x800009e8 (0x00b107b3) add     a5, sp, a1
core   0: 3 0x800009e8 (0x00b107b3) x15 0xcc800008
core   0: 0x800009ec (0x014d5633) srl     a2, s10, s4
core   0: 3 0x800009ec (0x014d5633) x12 0x00000010
core   0: 0x800009f0 (0x0ad6b217) auipc   tp, 0xad6b
core   0: 3 0x800009f0 (0x0ad6b217) x 4 0x8ad6b9f0
core   0: 0x800009f4 (0x00450513) addi    a0, a0, 4
core   0: 3 0x800009f4 (0x00450513) x10 0x00000012
core   0: 0x800009f8 (0xffd00713) li      a4, -3
core   0: 3 0x800009f8 (0xffd00713) x14 0xfffffffd
core   0: 0x800009fc (0x0146deb3) srl     t4, a3, s4
core   0: 3 0x800009fc (0x0146deb3) x29 0x000cc800
core   0: 0x80000a00 (0xff400f13) li      t5, -12
core   0: 3 0x80000a00 (0xff400f13) x30 0xfffffff4
core   0: 0x80000a04 (0x41d85393) srai    t2, a6, 29
core   0: 3 0x80000a04 (0x41d85393) x 7 0xffffffff
core   0: 0x80000a08 (0x018b29b3) slt     s3, s6, s8
core   0: 3 0x80000a08 (0x018b29b3) x19 0x00000001
core   0: 0x80000a0c (0x2711b193) sltiu   gp, gp, 625
core   0: 3 0x80000a0c (0x2711b193) x 3 0x00000001
core   0: 0x80000a10 (0xff770713) addi    a4, a4, -9
core   0: 3 0x80000a10 (0xff770713) x14 0xfffffff4
core   0: 0x80000a14 (0xffe71ce3) bne     a4, t5, pc - 8
core   0: 3 0x80000a14 (0xffe71ce3)
core   0: 0x80000a18 (0x0137dcb3) srl     s9, a5, s3
core   0: 3 0x80000a18 (0x0137dcb3) x25 0x66400004
core   0: 0x80000a1c (0x401bda33) sra     s4, s7, ra
core   0: 3 0x80000a1c (0x401bda33) x20 0xffffff80
core   0: 0x80000a20 (0xfc5544e3) blt     a0, t0, pc - 56
core   0: 3 0x80000a20 (0xfc5544e3)
core   0: 0x800009e8 (0x00b107b3) add     a5, sp, a1
core   0: 3 0x800009e8 (0x00b107b3) x15 0xcc800008
core   0: 0x800009ec (0x014d5633) srl     a2, s10, s4
core   0: 3 0x800009ec (0x014d5633) x12 0x00000010
core   0: 0x800009f0 (0x0ad6b217) auipc   tp, 0xad6b
core   0: 3 0x800009f0 (0x0ad6b217) x 4 0x8ad6b9f0
core   0: 0x800009f4 (0x00450513) addi    a0, a0, 4
core   0: 3 0x800009f4 (0x00450513) x10 0x00000016
core   0: 0x800009f8 (0xffd00713) li      a4, -3
core   0: 3 0x800009f8 (0xffd00713) x14 0xfffffffd
core   0: 0x800009fc (0x0146deb3) srl     t4, a3, s4
core   0: 3 0x800009fc (0x0146deb3) x29 0x000cc800
core   0: 0x80000a00 (0xff400f13) li      t5, -12
core   0: 3 0x80000a00 (0xff400f13) x30 0xfffffff4
core   0: 0x80000a04 (0x41d85393) srai    t2, a6, 29
core   0: 3 0x80000a04 (0x41d85393) x 7 0xffffffff
core   0: 0x80000a08 (0x018b29b3) slt     s3, s6, s8
core   0: 3 0x80000a08 (0x018b29b3) x19 0x00000001
core   0: 0x80000a0c (0x2711b193) sltiu   gp, gp, 625
core   0: 3 0x80000a0c (0x2711b193) x 3 0x00000001
core   0: 0x80000a10 (0xff770713) addi    a4, a4, -9
core   0: 3 0x80000a10 (0xff770713) x14 0xfffffff4
core   0: 0x80000a14 (0xffe71ce3) bne     a4, t5, pc - 8
core   0: 3 0x80000a14 (0xffe71ce3)
core   0: 0x80000a18 (0x0137dcb3) srl     s9, a5, s3
core   0: 3 0x80000a18 (0x0137dcb3) x25 0x66400004
core   0: 0x80000a1c (0x401bda33) sra     s4, s7, ra
core   0: 3 0x80000a1c (0x401bda33) x20 0xffffff80
core   0: 0x80000a20 (0xfc5544e3) blt     a0, t0, pc - 56
core   0: 3 0x80000a20 (0xfc5544e3)
core   0: 0x80000a24 (0x69a130b7) lui     ra, 0x69a13
core   0: 3 0x80000a24 (0x69a130b7) x 1 0x69a13000
core   0: 0x80000a28 (0xffe00313) li      t1, -2
core   0: 3 0x80000a28 (0xffe00313) x 6 0xfffffffe
core   0: 0x80000a2c (0x016beb33) or      s6, s7, s6
core   0: 3 0x80000a2c (0x016beb33) x22 0xfffffe64
core   0: 0x80000a30 (0xc39fe613) ori     a2, t6, -967
core   0: 3 0x80000a30 (0xc39fe613) x12 0xffffffff
core   0: 0x80000a34 (0xff500813) li      a6, -11
core   0: 3 0x80000a34 (0xff500813) x16 0xfffffff5
core   0: 0x80000a38 (0x00b286b3) add     a3, t0, a1
core   0: 3 0x80000a38 (0x00b286b3) x13 0x0000001c
core   0: 0x80000a3c (0x0ff0000f) fence   iorw,iorw
core   0: 3 0x80000a3c (0x0ff0000f)
core   0: 0x80000a40 (0xc3deaa13) slti    s4, t4, -963
core   0: 3 0x80000a40 (0xc3deaa13) x20 0x00000000
core   0: 0x80000a44 (0xff730313) addi    t1, t1, -9
core   0: 3 0x80000a44 (0xff730313) x 6 0xfffffff5
core   0: 0x80000a48 (0x00800d93) li      s11, 8
core   0: 3 0x80000a48 (0x00800d93) x27 0x00000008
core   0: 0x80000a4c (0x0000100f) fence.i
core   0: 3 0x80000a4c (0x0000100f)
core   0: 0x80000a50 (0x01bbe6b3) or      a3, s7, s11
core   0: 3 0x80000a50 (0x01bbe6b3) x13 0x80024e6c
core   0: 0x80000a54 (0x01100413) li      s0, 17
core   0: 3 0x80000a54 (0x01100413) x 8 0x00000011
core   0: 0x80000a58 (0x00000013) nop
core   0: 3 0x80000a58 (0x00000013)
core   0: 0x80000a5c (0x0019b7b3) sltu    a5, s3, ra
core   0: 3 0x80000a5c (0x0019b7b3) x15 0x00000001
core   0: 0x80000a60 (0x2a4db593) sltiu   a1, s11, 676
core   0: 3 0x80000a60 (0x2a4db593) x11 0x00000001
core   0: 0x80000a64 (0x009d8d93) addi    s11, s11, 9
core   0: 3 0x80000a64 (0x009d8d93) x27 0x00000011
core   0: 0x80000a68 (0xfe8d8ae3) beq     s11, s0, pc - 12
core   0: 3 0x80000a68 (0xfe8d8ae3)
core   0: 0x80000a5c (0x0019b7b3) sltu    a5, s3, ra
core   0: 3 0x80000a5c (0x0019b7b3) x15 0x00000001
core   0: 0x80000a60 (0x2a4db593) sltiu   a1, s11, 676
core   0: 3 0x80000a60 (0x2a4db593) x11 0x00000001
core   0: 0x80000a64 (0x009d8d93) addi    s11, s11, 9
core   0: 3 0x80000a64 (0x009d8d93) x27 0x0000001a
core   0: 0x80000a68 (0xfe8d8ae3) beq     s11, s0, pc - 12
core   0: 3 0x80000a68 (0xfe8d8ae3)
core   0: 0x80000a6c (0x01fd29b3) slt     s3, s10, t6
core   0: 3 0x80000a6c (0x01fd29b3) x19 0x00000000
core   0: 0x80000a70 (0x01945793) srli    a5, s0, 25
core   0: 3 0x80000a70 (0x01945793) x15 0x00000000
core   0: 0x80000a74 (0xfd0302e3) beq     t1, a6, pc - 60
core   0: 3 0x80000a74 (0xfd0302e3)
core   0: 0x80000a38 (0x00b286b3) add     a3, t0, a1
core   0: 3 0x80000a38 (0x00b286b3) x13 0x00000015
core   0: 0x80000a3c (0x0ff0000f) fence   iorw,iorw
core   0: 3 0x80000a3c (0x0ff0000f)
core   0: 0x80000a40 (0xc3deaa13) slti    s4, t4, -963
core   0: 3 0x80000a40 (0xc3deaa13) x20 0x00000000
core   0: 0x80000a44 (0xff730313) addi    t1, t1, -9
core   0: 3 0x80000a44 (0xff730313) x 6 0xffffffec
core   0: 0x80000a48 (0x00800d93) li      s11, 8
core   0: 3 0x80000a48 (0x00800d93) x27 0x00000008
core   0: 0x80000a4c (0x0000100f) fence.i
core   0: 3 0x80000a4c (0x0000100f)
core   0: 0x80000a50 (0x01bbe6b3) or      a3, s7, s11
core   0: 3 0x80000a50 (0x01bbe6b3) x13 0x80024e6c
core   0: 0x80000a54 (0x01100413) li      s0, 17
core   0: 3 0x80000a54 (0x01100413) x 8 0x00000011
core   0: 0x80000a58 (0x00000013) nop
core   0: 3 0x80000a58 (0x00000013)
core   0: 0x80000a5c (0x0019b7b3) sltu    a5, s3, ra
core   0: 3 0x80000a5c (0x0019b7b3) x15 0x00000001
core   0: 0x80000a60 (0x2a4db593) sltiu   a1, s11, 676
core   0: 3 0x80000a60 (0x2a4db593) x11 0x00000001
core   0: 0x80000a64 (0x009d8d93) addi    s11, s11, 9
core   0: 3 0x80000a64 (0x009d8d93) x27 0x00000011
core   0: 0x80000a68 (0xfe8d8ae3) beq     s11, s0, pc - 12
core   0: 3 0x80000a68 (0xfe8d8ae3)
core   0: 0x80000a5c (0x0019b7b3) sltu    a5, s3, ra
core   0: 3 0x80000a5c (0x0019b7b3) x15 0x00000001
core   0: 0x80000a60 (0x2a4db593) sltiu   a1, s11, 676
core   0: 3 0x80000a60 (0x2a4db593) x11 0x00000001
core   0: 0x80000a64 (0x009d8d93) addi    s11, s11, 9
core   0: 3 0x80000a64 (0x009d8d93) x27 0x0000001a
core   0: 0x80000a68 (0xfe8d8ae3) beq     s11, s0, pc - 12
core   0: 3 0x80000a68 (0xfe8d8ae3)
core   0: 0x80000a6c (0x01fd29b3) slt     s3, s10, t6
core   0: 3 0x80000a6c (0x01fd29b3) x19 0x00000000
core   0: 0x80000a70 (0x01945793) srli    a5, s0, 25
core   0: 3 0x80000a70 (0x01945793) x15 0x00000000
core   0: 0x80000a74 (0xfd0302e3) beq     t1, a6, pc - 60
core   0: 3 0x80000a74 (0xfd0302e3)
core   0: 0x80000a78 (0x0156f033) and     zero, a3, s5
core   0: 3 0x80000a78 (0x0156f033)
core   0: 0x80000a7c (0xff900513) li      a0, -7
core   0: 3 0x80000a7c (0xff900513) x10 0xfffffff9
core   0: 0x80000a80 (0x00d0de13) srli    t3, ra, 13
core   0: 3 0x80000a80 (0x00d0de13) x28 0x00034d09
core   0: 0x80000a84 (0x40695793) srai    a5, s2, 6
core   0: 3 0x80000a84 (0x40695793) x15 0x00000000
core   0: 0x80000a88 (0x006ada33) srl     s4, s5, t1
core   0: 3 0x80000a88 (0x006ada33) x20 0x000fdb01
core   0: 0x80000a8c (0x0043e0b3) or      ra, t2, tp
core   0: 3 0x80000a8c (0x0043e0b3) x 1 0xffffffff
core   0: 0x80000a90 (0x8ff7b893) sltiu   a7, a5, -1793
core   0: 3 0x80000a90 (0x8ff7b893) x17 0x00000001
core   0: 0x80000a94 (0xfee00593) li      a1, -18
core   0: 3 0x80000a94 (0xfee00593) x11 0xffffffee
core   0: 0x80000a98 (0x01a631b3) sltu    gp, a2, s10
core   0: 3 0x80000a98 (0x01a631b3) x 3 0x00000000
core   0: 0x80000a9c (0x7382c993) xori    s3, t0, 1848
core   0: 3 0x80000a9c (0x7382c993) x19 0x0000072c
core   0: 0x80000aa0 (0x01b3b1b3) sltu    gp, t2, s11
core   0: 3 0x80000aa0 (0x01b3b1b3) x 3 0x00000000
core   0: 0x80000aa4 (0xf1b38213) addi    tp, t2, -229
core   0: 3 0x80000aa4 (0xf1b38213) x 4 0xffffff1a
core   0: 0x80000aa8 (0xffe50513) addi    a0, a0, -2
core   0: 3 0x80000aa8 (0xffe50513) x10 0xfffffff7
core   0: 0x80000aac (0xed233197) auipc   gp, 0xed233
core   0: 3 0x80000aac (0xed233197) x 3 0x6d233aac
core   0: 0x80000ab0 (0x7f0a8193) addi    gp, s5, 2032
core   0: 3 0x80000ab0 (0x7f0a8193) x 3 0xfdb01aab
core   0: 0x80000ab4 (0x4156de93) srai    t4, a3, 21
core   0: 3 0x80000ab4 (0x4156de93) x29 0xfffffc00
core   0: 0x80000ab8 (0x015e7133) and     sp, t3, s5
core   0: 3 0x80000ab8 (0x015e7133) x 2 0x00000009
core   0: 0x80000abc (0x22948013) addi    zero, s1, 553
core   0: 3 0x80000abc (0x22948013)
core   0: 0x80000ac0 (0x00d10633) add     a2, sp, a3
core   0: 3 0x80000ac0 (0x00d10633) x12 0x80024e75
core   0: 0x80000ac4 (0x015bb3b3) sltu    t2, s7, s5
core   0: 3 0x80000ac4 (0x015bb3b3) x 7 0x00000001
core   0: 0x80000ac8 (0x00fb4733) xor     a4, s6, a5
core   0: 3 0x80000ac8 (0x00fb4733) x14 0xfffffe64
core   0: 0x80000acc (0xb624a993) slti    s3, s1, -1182
core   0: 3 0x80000acc (0xb624a993) x19 0x00000001
core   0: 0x80000ad0 (0xfcb556e3) bge     a0, a1, pc - 52
core   0: 3 0x80000ad0 (0xfcb556e3)
core   0: 0x80000a9c (0x7382c993) xori    s3, t0, 1848
core   0: 3 0x80000a9c (0x7382c993) x19 0x0000072c
core   0: 0x80000aa0 (0x01b3b1b3) sltu    gp, t2, s11
core   0: 3 0x80000aa0 (0x01b3b1b3) x 3 0x00000001
core   0: 0x80000aa4 (0xf1b38213) addi    tp, t2, -229
core   0: 3 0x80000aa4 (0xf1b38213) x 4 0xffffff1c
core   0: 0x80000aa8 (0xffe50513) addi    a0, a0, -2
core   0: 3 0x80000aa8 (0xffe50513) x10 0xfffffff5
core   0: 0x80000aac (0xed233197) auipc   gp, 0xed233
core   0: 3 0x80000aac (0xed233197) x 3 0x6d233aac
core   0: 0x80000ab0 (0x7f0a8193) addi    gp, s5, 2032
core   0: 3 0x80000ab0 (0x7f0a8193) x 3 0xfdb01aab
core   0: 0x80000ab4 (0x4156de93) srai    t4, a3, 21
core   0: 3 0x80000ab4 (0x4156de93) x29 0xfffffc00
core   0: 0x80000ab8 (0x015e7133) and     sp, t3, s5
core   0: 3 0x80000ab8 (0x015e7133) x 2 0x00000009
core   0: 0x80000abc (0x22948013) addi    zero, s1, 553
core   0: 3 0x80000abc (0x22948013)
core   0: 0x80000ac0 (0x00d10633) add     a2, sp, a3
core   0: 3 0x80000ac0 (0x00d10633) x12 0x80024e75
core   0: 0x80000ac4 (0x015bb3b3) sltu    t2, s7, s5
core   0: 3 0x80000ac4 (0x015bb3b3) x 7 0x00000001
core   0: 0x80000ac8 (0x00fb4733) xor     a4, s6, a5
core   0: 3 0x80000ac8 (0x00fb4733) x14 0xfffffe64
core   0: 0x80000acc (0xb624a993) slti    s3, s1, -1182
core   0: 3 0x80000acc (0xb624a993) x19 0x00000001
core   0: 0x80000ad0 (0xfcb556e3) bge     a0, a1, pc - 52
core   0: 3 0x80000ad0 (0xfcb556e3)
core   0: 0x80000a9c (0x7382c993) xori    s3, t0, 1848
core   0: 3 0x80000a9c (0x7382c993) x19 0x0000072c
core   0: 0x80000aa0 (0x01b3b1b3) sltu    gp, t2, s11
core   0: 3 0x80000aa0 (0x01b3b1b3) x 3 0x00000001
core   0: 0x80000aa4 (0xf1b38213) addi    tp, t2, -229
core   0: 3 0x80000aa4 (0xf1b38213) x 4 0xffffff1c
core   0: 0x80000aa8 (0xffe50513) addi    a0, a0, -2
core   0: 3 0x80000aa8 (0xffe50513) x10 0xfffffff3
core   0: 0x80000aac (0xed233197) auipc   gp, 0xed233
core   0: 3 0x80000aac (0xed233197) x 3 0x6d233aac
core   0: 0x80000ab0 (0x7f0a8193) addi    gp, s5, 2032
core   0: 3 0x80000ab0 (0x7f0a8193) x 3 0xfdb01aab
core   0: 0x80000ab4 (0x4156de93) srai    t4, a3, 21
core   0: 3 0x80000ab4 (0x4156de93) x29 0xfffffc00
core   0: 0x80000ab8 (0x015e7133) and     sp, t3, s5
core   0: 3 0x80000ab8 (0x015e7133) x 2 0x00000009
core   0: 0x80000abc (0x22948013) addi    zero, s1, 553
core   0: 3 0x80000abc (0x22948013)
core   0: 0x80000ac0 (0x00d10633) add     a2, sp, a3
core   0: 3 0x80000ac0 (0x00d10633) x12 0x80024e75
core   0: 0x80000ac4 (0x015bb3b3) sltu    t2, s7, s5
core   0: 3 0x80000ac4 (0x015bb3b3) x 7 0x00000001
core   0: 0x80000ac8 (0x00fb4733) xor     a4, s6, a5
core   0: 3 0x80000ac8 (0x00fb4733) x14 0xfffffe64
core   0: 0x80000acc (0xb624a993) slti    s3, s1, -1182
core   0: 3 0x80000acc (0xb624a993) x19 0x00000001
core   0: 0x80000ad0 (0xfcb556e3) bge     a0, a1, pc - 52
core   0: 3 0x80000ad0 (0xfcb556e3)
core   0: 0x80000a9c (0x7382c993) xori    s3, t0, 1848
core   0: 3 0x80000a9c (0x7382c993) x19 0x0000072c
core   0: 0x80000aa0 (0x01b3b1b3) sltu    gp, t2, s11
core   0: 3 0x80000aa0 (0x01b3b1b3) x 3 0x00000001
core   0: 0x80000aa4 (0xf1b38213) addi    tp, t2, -229
core   0: 3 0x80000aa4 (0xf1b38213) x 4 0xffffff1c
core   0: 0x80000aa8 (0xffe50513) addi    a0, a0, -2
core   0: 3 0x80000aa8 (0xffe50513) x10 0xfffffff1
core   0: 0x80000aac (0xed233197) auipc   gp, 0xed233
core   0: 3 0x80000aac (0xed233197) x 3 0x6d233aac
core   0: 0x80000ab0 (0x7f0a8193) addi    gp, s5, 2032
core   0: 3 0x80000ab0 (0x7f0a8193) x 3 0xfdb01aab
core   0: 0x80000ab4 (0x4156de93) srai    t4, a3, 21
core   0: 3 0x80000ab4 (0x4156de93) x29 0xfffffc00
core   0: 0x80000ab8 (0x015e7133) and     sp, t3, s5
core   0: 3 0x80000ab8 (0x015e7133) x 2 0x00000009
core   0: 0x80000abc (0x22948013) addi    zero, s1, 553
core   0: 3 0x80000abc (0x22948013)
core   0: 0x80000ac0 (0x00d10633) add     a2, sp, a3
core   0: 3 0x80000ac0 (0x00d10633) x12 0x80024e75
core   0: 0x80000ac4 (0x015bb3b3) sltu    t2, s7, s5
core   0: 3 0x80000ac4 (0x015bb3b3) x 7 0x00000001
core   0: 0x80000ac8 (0x00fb4733) xor     a4, s6, a5
core   0: 3 0x80000ac8 (0x00fb4733) x14 0xfffffe64
core   0: 0x80000acc (0xb624a993) slti    s3, s1, -1182
core   0: 3 0x80000acc (0xb624a993) x19 0x00000001
core   0: 0x80000ad0 (0xfcb556e3) bge     a0, a1, pc - 52
core   0: 3 0x80000ad0 (0xfcb556e3)
core   0: 0x80000a9c (0x7382c993) xori    s3, t0, 1848
core   0: 3 0x80000a9c (0x7382c993) x19 0x0000072c
core   0: 0x80000aa0 (0x01b3b1b3) sltu    gp, t2, s11
core   0: 3 0x80000aa0 (0x01b3b1b3) x 3 0x00000001
core   0: 0x80000aa4 (0xf1b38213) addi    tp, t2, -229
core   0: 3 0x80000aa4 (0xf1b38213) x 4 0xffffff1c
core   0: 0x80000aa8 (0xffe50513) addi    a0, a0, -2
core   0: 3 0x80000aa8 (0xffe50513) x10 0xffffffef
core   0: 0x80000aac (0xed233197) auipc   gp, 0xed233
core   0: 3 0x80000aac (0xed233197) x 3 0x6d233aac
core   0: 0x80000ab0 (0x7f0a8193) addi    gp, s5, 2032
core   0: 3 0x80000ab0 (0x7f0a8193) x 3 0xfdb01aab
core   0: 0x80000ab4 (0x4156de93) srai    t4, a3, 21
core   0: 3 0x80000ab4 (0x4156de93) x29 0xfffffc00
core   0: 0x80000ab8 (0x015e7133) and     sp, t3, s5
core   0: 3 0x80000ab8 (0x015e7133) x 2 0x00000009
core   0: 0x80000abc (0x22948013) addi    zero, s1, 553
core   0: 3 0x80000abc (0x22948013)
core   0: 0x80000ac0 (0x00d10633) add     a2, sp, a3
core   0: 3 0x80000ac0 (0x00d10633) x12 0x80024e75
core   0: 0x80000ac4 (0x015bb3b3) sltu    t2, s7, s5
core   0: 3 0x80000ac4 (0x015bb3b3) x 7 0x00000001
core   0: 0x80000ac8 (0x00fb4733) xor     a4, s6, a5
core   0: 3 0x80000ac8 (0x00fb4733) x14 0xfffffe64
core   0: 0x80000acc (0xb624a993) slti    s3, s1, -1182
core   0: 3 0x80000acc (0xb624a993) x19 0x00000001
core   0: 0x80000ad0 (0xfcb556e3) bge     a0, a1, pc - 52
core   0: 3 0x80000ad0 (0xfcb556e3)
core   0: 0x80000a9c (0x7382c993) xori    s3, t0, 1848
core   0: 3 0x80000a9c (0x7382c993) x19 0x0000072c
core   0: 0x80000aa0 (0x01b3b1b3) sltu    gp, t2, s11
core   0: 3 0x80000aa0 (0x01b3b1b3) x 3 0x00000001
core   0: 0x80000aa4 (0xf1b38213) addi    tp, t2, -229
core   0: 3 0x80000aa4 (0xf1b38213) x 4 0xffffff1c
core   0: 0x80000aa8 (0xffe50513) addi    a0, a0, -2
core   0: 3 0x80000aa8 (0xffe50513) x10 0xffffffed
core   0: 0x80000aac (0xed233197) auipc   gp, 0xed233
core   0: 3 0x80000aac (0xed233197) x 3 0x6d233aac
core   0: 0x80000ab0 (0x7f0a8193) addi    gp, s5, 2032
core   0: 3 0x80000ab0 (0x7f0a8193) x 3 0xfdb01aab
core   0: 0x80000ab4 (0x4156de93) srai    t4, a3, 21
core   0: 3 0x80000ab4 (0x4156de93) x29 0xfffffc00
core   0: 0x80000ab8 (0x015e7133) and     sp, t3, s5
core   0: 3 0x80000ab8 (0x015e7133) x 2 0x00000009
core   0: 0x80000abc (0x22948013) addi    zero, s1, 553
core   0: 3 0x80000abc (0x22948013)
core   0: 0x80000ac0 (0x00d10633) add     a2, sp, a3
core   0: 3 0x80000ac0 (0x00d10633) x12 0x80024e75
core   0: 0x80000ac4 (0x015bb3b3) sltu    t2, s7, s5
core   0: 3 0x80000ac4 (0x015bb3b3) x 7 0x00000001
core   0: 0x80000ac8 (0x00fb4733) xor     a4, s6, a5
core   0: 3 0x80000ac8 (0x00fb4733) x14 0xfffffe64
core   0: 0x80000acc (0xb624a993) slti    s3, s1, -1182
core   0: 3 0x80000acc (0xb624a993) x19 0x00000001
core   0: 0x80000ad0 (0xfcb556e3) bge     a0, a1, pc - 52
core   0: 3 0x80000ad0 (0xfcb556e3)
core   0: 0x80000ad4 (0x01b39d33) sll     s10, t2, s11
core   0: 3 0x80000ad4 (0x01b39d33) x26 0x04000000
core   0: 0x80000ad8 (0x00300093) li      ra, 3
core   0: 3 0x80000ad8 (0x00300093) x 1 0x00000003
core   0: 0x80000adc (0x41b352b3) sra     t0, t1, s11
core   0: 3 0x80000adc (0x41b352b3) x 5 0xffffffff
core   0: 0x80000ae0 (0xfef00d93) li      s11, -17
core   0: 3 0x80000ae0 (0xfef00d93) x27 0xffffffef
core   0: 0x80000ae4 (0x118eaf13) slti    t5, t4, 280
core   0: 3 0x80000ae4 (0x118eaf13) x30 0x00000001
core   0: 0x80000ae8 (0x012546b3) xor     a3, a0, s2
core   0: 3 0x80000ae8 (0x012546b3) x13 0xffffffed
core   0: 0x80000aec (0xffb08093) addi    ra, ra, -5
core   0: 3 0x80000aec (0xffb08093) x 1 0xfffffffe
core   0: 0x80000af0 (0x75612593) slti    a1, sp, 1878
core   0: 3 0x80000af0 (0x75612593) x11 0x00000001
core   0: 0x80000af4 (0xdeac0c93) addi    s9, s8, -534
core   0: 3 0x80000af4 (0xdeac0c93) x25 0xfffffdea
core   0: 0x80000af8 (0x00500793) li      a5, 5
core   0: 3 0x80000af8 (0x00500793) x15 0x00000005
core   0: 0x80000afc (0x00ac1013) slli    zero, s8, 10
core   0: 3 0x80000afc (0x00ac1013)
core   0: 0x80000b00 (0xfff00e93) li      t4, -1
core   0: 3 0x80000b00 (0xfff00e93) x29 0xffffffff
core   0: 0x80000b04 (0x0042b1b3) sltu    gp, t0, tp
core   0: 3 0x80000b04 (0x0042b1b3) x 3 0x00000000
core   0: 0x80000b08 (0x7d99c813) xori    a6, s3, 2009
core   0: 3 0x80000b08 (0x7d99c813) x16 0x000007d8
core   0: 0x80000b0c (0xffa78793) addi    a5, a5, -6
core   0: 3 0x80000b0c (0xffa78793) x15 0xffffffff
core   0: 0x80000b10 (0x74b40d13) addi    s10, s0, 1867
core   0: 3 0x80000b10 (0x74b40d13) x26 0x0000075c
core   0: 0x80000b14 (0xffd78ae3) beq     a5, t4, pc - 12
core   0: 3 0x80000b14 (0xffd78ae3)
core   0: 0x80000b08 (0x7d99c813) xori    a6, s3, 2009
core   0: 3 0x80000b08 (0x7d99c813) x16 0x000007d8
core   0: 0x80000b0c (0xffa78793) addi    a5, a5, -6
core   0: 3 0x80000b0c (0xffa78793) x15 0xfffffff9
core   0: 0x80000b10 (0x74b40d13) addi    s10, s0, 1867
core   0: 3 0x80000b10 (0x74b40d13) x26 0x0000075c
core   0: 0x80000b14 (0xffd78ae3) beq     a5, t4, pc - 12
core   0: 3 0x80000b14 (0xffd78ae3)
core   0: 0x80000b18 (0xfdb086e3) beq     ra, s11, pc - 52
core   0: 3 0x80000b18 (0xfdb086e3)
core   0: 0x80000b1c (0x0163acb3) slt     s9, t2, s6
core   0: 3 0x80000b1c (0x0163acb3) x25 0x00000000
core   0: 0x80000b20 (0x00300413) li      s0, 3
core   0: 3 0x80000b20 (0x00300413) x 8 0x00000003
core   0: 0x80000b24 (0x01004fb3) xor     t6, zero, a6
core   0: 3 0x80000b24 (0x01004fb3) x31 0x000007d8
core   0: 0x80000b28 (0x40995c33) sra     s8, s2, s1
core   0: 3 0x80000b28 (0x40995c33) x24 0x00000000
core   0: 0x80000b2c (0x117b3fb7) lui     t6, 0x117b3
core   0: 3 0x80000b2c (0x117b3fb7) x31 0x117b3000
core   0: 0x80000b30 (0x0000100f) fence.i
core   0: 3 0x80000b30 (0x0000100f)
core   0: 0x80000b34 (0x01225813) srli    a6, tp, 18
core   0: 3 0x80000b34 (0x01225813) x16 0x00003fff
core   0: 0x80000b38 (0xffb00513) li      a0, -5
core   0: 3 0x80000b38 (0xffb00513) x10 0xfffffffb
core   0: 0x80000b3c (0x00f96b33) or      s6, s2, a5
core   0: 3 0x80000b3c (0x00f96b33) x22 0xfffffff9
core   0: 0x80000b40 (0x41eb8db3) sub     s11, s7, t5
core   0: 3 0x80000b40 (0x41eb8db3) x27 0x80024e63
core   0: 0x80000b44 (0xb5400b13) li      s6, -1196
core   0: 3 0x80000b44 (0xb5400b13) x22 0xfffffb54
core   0: 0x80000b48 (0x32dc0093) addi    ra, s8, 813
core   0: 3 0x80000b48 (0x32dc0093) x 1 0x0000032d
core   0: 0x80000b4c (0xee7ec113) xori    sp, t4, -281
core   0: 3 0x80000b4c (0xee7ec113) x 2 0x00000118
core   0: 0x80000b50 (0xffc40413) addi    s0, s0, -4
core   0: 3 0x80000b50 (0xffc40413) x 8 0xffffffff
core   0: 0x80000b54 (0x5bd17993) andi    s3, sp, 1469
core   0: 3 0x80000b54 (0x5bd17993) x19 0x00000118
core   0: 0x80000b58 (0xff800793) li      a5, -8
core   0: 3 0x80000b58 (0xff800793) x15 0xfffffff8
core   0: 0x80000b5c (0x005bad33) slt     s10, s7, t0
core   0: 3 0x80000b5c (0x005bad33) x26 0x00000001
core   0: 0x80000b60 (0x00500893) li      a7, 5
core   0: 3 0x80000b60 (0x00500893) x17 0x00000005
core   0: 0x80000b64 (0x4014d5b3) sra     a1, s1, ra
core   0: 3 0x80000b64 (0x4014d5b3) x11 0xfffc0014
core   0: 0x80000b68 (0x00c942b3) xor     t0, s2, a2
core   0: 3 0x80000b68 (0x00c942b3) x 5 0x80024e75
core   0: 0x80000b6c (0x00d982b3) add     t0, s3, a3
core   0: 3 0x80000b6c (0x00d982b3) x 5 0x00000105
core   0: 0x80000b70 (0x00487db3) and     s11, a6, tp
core   0: 3 0x80000b70 (0x00487db3) x27 0x00003f1c
core   0: 0x80000b74 (0x00178793) addi    a5, a5, 1
core   0: 3 0x80000b74 (0x00178793) x15 0xfffffff9
core   0: 0x80000b78 (0xff1798e3) bne     a5, a7, pc - 16
core   0: 3 0x80000b78 (0xff1798e3)
core   0: 0x80000b68 (0x00c942b3) xor     t0, s2, a2
core   0: 3 0x80000b68 (0x00c942b3) x 5 0x80024e75
core   0: 0x80000b6c (0x00d982b3) add     t0, s3, a3
core   0: 3 0x80000b6c (0x00d982b3) x 5 0x00000105
core   0: 0x80000b70 (0x00487db3) and     s11, a6, tp
core   0: 3 0x80000b70 (0x00487db3) x27 0x00003f1c
core   0: 0x80000b74 (0x00178793) addi    a5, a5, 1
core   0: 3 0x80000b74 (0x00178793) x15 0xfffffffa
core   0: 0x80000b78 (0xff1798e3) bne     a5, a7, pc - 16
core   0: 3 0x80000b78 (0xff1798e3)
core   0: 0x80000b68 (0x00c942b3) xor     t0, s2, a2
core   0: 3 0x80000b68 (0x00c942b3) x 5 0x80024e75
core   0: 0x80000b6c (0x00d982b3) add     t0, s3, a3
core   0: 3 0x80000b6c (0x00d982b3) x 5 0x00000105
core   0: 0x80000b70 (0x00487db3) and     s11, a6, tp
core   0: 3 0x80000b70 (0x00487db3) x27 0x00003f1c
core   0: 0x80000b74 (0x00178793) addi    a5, a5, 1
core   0: 3 0x80000b74 (0x00178793) x15 0xfffffffb
core   0: 0x80000b78 (0xff1798e3) bne     a5, a7, pc - 16
core   0: 3 0x80000b78 (0xff1798e3)
core   0: 0x80000b68 (0x00c942b3) xor     t0, s2, a2
core   0: 3 0x80000b68 (0x00c942b3) x 5 0x80024e75
core   0: 0x80000b6c (0x00d982b3) add     t0, s3, a3
core   0: 3 0x80000b6c (0x00d982b3) x 5 0x00000105
core   0: 0x80000b70 (0x00487db3) and     s11, a6, tp
core   0: 3 0x80000b70 (0x00487db3) x27 0x00003f1c
core   0: 0x80000b74 (0x00178793) addi    a5, a5, 1
core   0: 3 0x80000b74 (0x00178793) x15 0xfffffffc
core   0: 0x80000b78 (0xff1798e3) bne     a5, a7, pc - 16
core   0: 3 0x80000b78 (0xff1798e3)
core   0: 0x80000b68 (0x00c942b3) xor     t0, s2, a2
core   0: 3 0x80000b68 (0x00c942b3) x 5 0x80024e75
core   0: 0x80000b6c (0x00d982b3) add     t0, s3, a3
core   0: 3 0x80000b6c (0x00d982b3) x 5 0x00000105
core   0: 0x80000b70 (0x00487db3) and     s11, a6, tp
core   0: 3 0x80000b70 (0x00487db3) x27 0x00003f1c
core   0: 0x80000b74 (0x00178793) addi    a5, a5, 1
core   0: 3 0x80000b74 (0x00178793) x15 0xfffffffd
core   0: 0x80000b78 (0xff1798e3) bne     a5, a7, pc - 16
core   0: 3 0x80000b78 (0xff1798e3)
core   0: 0x80000b68 (0x00c942b3) xor     t0, s2, a2
core   0: 3 0x80000b68 (0x00c942b3) x 5 0x80024e75
core   0: 0x80000b6c (0x00d982b3) add     t0, s3, a3
core   0: 3 0x80000b6c (0x00d982b3) x 5 0x00000105
core   0: 0x80000b70 (0x00487db3) and     s11, a6, tp
core   0: 3 0x80000b70 (0x00487db3) x27 0x00003f1c
core   0: 0x80000b74 (0x00178793) addi    a5, a5, 1
core   0: 3 0x80000b74 (0x00178793) x15 0xfffffffe
core   0: 0x80000b78 (0xff1798e3) bne     a5, a7, pc - 16
core   0: 3 0x80000b78 (0xff1798e3)
core   0: 0x80000b68 (0x00c942b3) xor     t0, s2, a2
core   0: 3 0x80000b68 (0x00c942b3) x 5 0x80024e75
core   0: 0x80000b6c (0x00d982b3) add     t0, s3, a3
core   0: 3 0x80000b6c (0x00d982b3) x 5 0x00000105
core   0: 0x80000b70 (0x00487db3) and     s11, a6, tp
core   0: 3 0x80000b70 (0x00487db3) x27 0x00003f1c
core   0: 0x80000b74 (0x00178793) addi    a5, a5, 1
core   0: 3 0x80000b74 (0x00178793) x15 0xffffffff
core   0: 0x80000b78 (0xff1798e3) bne     a5, a7, pc - 16
core   0: 3 0x80000b78 (0xff1798e3)
core   0: 0x80000b68 (0x00c942b3) xor     t0, s2, a2
core   0: 3 0x80000b68 (0x00c942b3) x 5 0x80024e75
core   0: 0x80000b6c (0x00d982b3) add     t0, s3, a3
core   0: 3 0x80000b6c (0x00d982b3) x 5 0x00000105
core   0: 0x80000b70 (0x00487db3) and     s11, a6, tp
core   0: 3 0x80000b70 (0x00487db3) x27 0x00003f1c
core   0: 0x80000b74 (0x00178793) addi    a5, a5, 1
core   0: 3 0x80000b74 (0x00178793) x15 0x00000000
core   0: 0x80000b78 (0xff1798e3) bne     a5, a7, pc - 16
core   0: 3 0x80000b78 (0xff1798e3)
core   0: 0x80000b68 (0x00c942b3) xor     t0, s2, a2
core   0: 3 0x80000b68 (0x00c942b3) x 5 0x80024e75
core   0: 0x80000b6c (0x00d982b3) add     t0, s3, a3
core   0: 3 0x80000b6c (0x00d982b3) x 5 0x00000105
core   0: 0x80000b70 (0x00487db3) and     s11, a6, tp
core   0: 3 0x80000b70 (0x00487db3) x27 0x00003f1c
core   0: 0x80000b74 (0x00178793) addi    a5, a5, 1
core   0: 3 0x80000b74 (0x00178793) x15 0x00000001
core   0: 0x80000b78 (0xff1798e3) bne     a5, a7, pc - 16
core   0: 3 0x80000b78 (0xff1798e3)
core   0: 0x80000b68 (0x00c942b3) xor     t0, s2, a2
core   0: 3 0x80000b68 (0x00c942b3) x 5 0x80024e75
core   0: 0x80000b6c (0x00d982b3) add     t0, s3, a3
core   0: 3 0x80000b6c (0x00d982b3) x 5 0x00000105
core   0: 0x80000b70 (0x00487db3) and     s11, a6, tp
core   0: 3 0x80000b70 (0x00487db3) x27 0x00003f1c
core   0: 0x80000b74 (0x00178793) addi    a5, a5, 1
core   0: 3 0x80000b74 (0x00178793) x15 0x00000002
core   0: 0x80000b78 (0xff1798e3) bne     a5, a7, pc - 16
core   0: 3 0x80000b78 (0xff1798e3)
core   0: 0x80000b68 (0x00c942b3) xor     t0, s2, a2
core   0: 3 0x80000b68 (0x00c942b3) x 5 0x80024e75
core   0: 0x80000b6c (0x00d982b3) add     t0, s3, a3
core   0: 3 0x80000b6c (0x00d982b3) x 5 0x00000105
core   0: 0x80000b70 (0x00487db3) and     s11, a6, tp
core   0: 3 0x80000b70 (0x00487db3) x27 0x00003f1c
core   0: 0x80000b74 (0x00178793) addi    a5, a5, 1
core   0: 3 0x80000b74 (0x00178793) x15 0x00000003
core   0: 0x80000b78 (0xff1798e3) bne     a5, a7, pc - 16
core   0: 3 0x80000b78 (0xff1798e3)
core   0: 0x80000b68 (0x00c942b3) xor     t0, s2, a2
core   0: 3 0x80000b68 (0x00c942b3) x 5 0x80024e75
core   0: 0x80000b6c (0x00d982b3) add     t0, s3, a3
core   0: 3 0x80000b6c (0x00d982b3) x 5 0x00000105
core   0: 0x80000b70 (0x00487db3) and     s11, a6, tp
core   0: 3 0x80000b70 (0x00487db3) x27 0x00003f1c
core   0: 0x80000b74 (0x00178793) addi    a5, a5, 1
core   0: 3 0x80000b74 (0x00178793) x15 0x00000004
core   0: 0x80000b78 (0xff1798e3) bne     a5, a7, pc - 16
core   0: 3 0x80000b78 (0xff1798e3)
core   0: 0x80000b68 (0x00c942b3) xor     t0, s2, a2
core   0: 3 0x80000b68 (0x00c942b3) x 5 0x80024e75
core   0: 0x80000b6c (0x00d982b3) add     t0, s3, a3
core   0: 3 0x80000b6c (0x00d982b3) x 5 0x00000105
core   0: 0x80000b70 (0x00487db3) and     s11, a6, tp
core   0: 3 0x80000b70 (0x00487db3) x27 0x00003f1c
core   0: 0x80000b74 (0x00178793) addi    a5, a5, 1
core   0: 3 0x80000b74 (0x00178793) x15 0x00000005
core   0: 0x80000b78 (0xff1798e3) bne     a5, a7, pc - 16
core   0: 3 0x80000b78 (0xff1798e3)
core   0: 0x80000b7c (0x08e0b093) sltiu   ra, ra, 142
core   0: 3 0x80000b7c (0x08e0b093) x 1 0x00000000
core   0: 0x80000b80 (0xfca400e3) beq     s0, a0, pc - 64
core   0: 3 0x80000b80 (0xfca400e3)
core   0: 0x80000b84 (0x0030da13) srli    s4, ra, 3
core   0: 3 0x80000b84 (0x0030da13) x20 0x00000000
core   0: 0x80000b88 (0x00600893) li      a7, 6
core   0: 3 0x80000b88 (0x00600893) x17 0x00000006
core   0: 0x80000b8c (0x42110fb7) lui     t6, 0x42110
core   0: 3 0x80000b8c (0x42110fb7) x31 0x42110000
core   0: 0x80000b90 (0x01300713) li      a4, 19
core   0: 3 0x80000b90 (0x01300713) x14 0x00000013
core   0: 0x80000b94 (0x40bad813) srai    a6, s5, 11
core   0: 3 0x80000b94 (0x40bad813) x16 0xffffb602
core   0: 0x80000b98 (0x6a4f6413) ori     s0, t5, 1700
core   0: 3 0x80000b98 (0x6a4f6413) x 8 0x000006a5
core   0: 0x80000b9c (0x00188893) addi    a7, a7, 1
core   0: 3 0x80000b9c (0x00188893) x17 0x00000007
core   0: 0x80000ba0 (0x7a56bd37) lui     s10, 0x7a56b
core   0: 3 0x80000ba0 (0x7a56bd37) x26 0x7a56b000
core   0: 0x80000ba4 (0x41d98e33) sub     t3, s3, t4
core   0: 3 0x80000ba4 (0x41d98e33) x28 0x00000119
core   0: 0x80000ba8 (0xfee8e8e3) bltu    a7, a4, pc - 16
core   0: 3 0x80000ba8 (0xfee8e8e3)
core   0: 0x80000b98 (0x6a4f6413) ori     s0, t5, 1700
core   0: 3 0x80000b98 (0x6a4f6413) x 8 0x000006a5
core   0: 0x80000b9c (0x00188893) addi    a7, a7, 1
core   0: 3 0x80000b9c (0x00188893) x17 0x00000008
core   0: 0x80000ba0 (0x7a56bd37) lui     s10, 0x7a56b
core   0: 3 0x80000ba0 (0x7a56bd37) x26 0x7a56b000
core   0: 0x80000ba4 (0x41d98e33) sub     t3, s3, t4
core   0: 3 0x80000ba4 (0x41d98e33) x28 0x00000119
core   0: 0x80000ba8 (0xfee8e8e3) bltu    a7, a4, pc - 16
core   0: 3 0x80000ba8 (0xfee8e8e3)
core   0: 0x80000b98 (0x6a4f6413) ori     s0, t5, 1700
core   0: 3 0x80000b98 (0x6a4f6413) x 8 0x000006a5
core   0: 0x80000b9c (0x00188893) addi    a7, a7, 1
core   0: 3 0x80000b9c (0x00188893) x17 0x00000009
core   0: 0x80000ba0 (0x7a56bd37) lui     s10, 0x7a56b
core   0: 3 0x80000ba0 (0x7a56bd37) x26 0x7a56b000
core   0: 0x80000ba4 (0x41d98e33) sub     t3, s3, t4
core   0: 3 0x80000ba4 (0x41d98e33) x28 0x00000119
core   0: 0x80000ba8 (0xfee8e8e3) bltu    a7, a4, pc - 16
core   0: 3 0x80000ba8 (0xfee8e8e3)
core   0: 0x80000b98 (0x6a4f6413) ori     s0, t5, 1700
core   0: 3 0x80000b98 (0x6a4f6413) x 8 0x000006a5
core   0: 0x80000b9c (0x00188893) addi    a7, a7, 1
core   0: 3 0x80000b9c (0x00188893) x17 0x0000000a
core   0: 0x80000ba0 (0x7a56bd37) lui     s10, 0x7a56b
core   0: 3 0x80000ba0 (0x7a56bd37) x26 0x7a56b000
core   0: 0x80000ba4 (0x41d98e33) sub     t3, s3, t4
core   0: 3 0x80000ba4 (0x41d98e33) x28 0x00000119
core   0: 0x80000ba8 (0xfee8e8e3) bltu    a7, a4, pc - 16
core   0: 3 0x80000ba8 (0xfee8e8e3)
core   0: 0x80000b98 (0x6a4f6413) ori     s0, t5, 1700
core   0: 3 0x80000b98 (0x6a4f6413) x 8 0x000006a5
core   0: 0x80000b9c (0x00188893) addi    a7, a7, 1
core   0: 3 0x80000b9c (0x00188893) x17 0x0000000b
core   0: 0x80000ba0 (0x7a56bd37) lui     s10, 0x7a56b
core   0: 3 0x80000ba0 (0x7a56bd37) x26 0x7a56b000
core   0: 0x80000ba4 (0x41d98e33) sub     t3, s3, t4
core   0: 3 0x80000ba4 (0x41d98e33) x28 0x00000119
core   0: 0x80000ba8 (0xfee8e8e3) bltu    a7, a4, pc - 16
core   0: 3 0x80000ba8 (0xfee8e8e3)
core   0: 0x80000b98 (0x6a4f6413) ori     s0, t5, 1700
core   0: 3 0x80000b98 (0x6a4f6413) x 8 0x000006a5
core   0: 0x80000b9c (0x00188893) addi    a7, a7, 1
core   0: 3 0x80000b9c (0x00188893) x17 0x0000000c
core   0: 0x80000ba0 (0x7a56bd37) lui     s10, 0x7a56b
core   0: 3 0x80000ba0 (0x7a56bd37) x26 0x7a56b000
core   0: 0x80000ba4 (0x41d98e33) sub     t3, s3, t4
core   0: 3 0x80000ba4 (0x41d98e33) x28 0x00000119
core   0: 0x80000ba8 (0xfee8e8e3) bltu    a7, a4, pc - 16
core   0: 3 0x80000ba8 (0xfee8e8e3)
core   0: 0x80000b98 (0x6a4f6413) ori     s0, t5, 1700
core   0: 3 0x80000b98 (0x6a4f6413) x 8 0x000006a5
core   0: 0x80000b9c (0x00188893) addi    a7, a7, 1
core   0: 3 0x80000b9c (0x00188893) x17 0x0000000d
core   0: 0x80000ba0 (0x7a56bd37) lui     s10, 0x7a56b
core   0: 3 0x80000ba0 (0x7a56bd37) x26 0x7a56b000
core   0: 0x80000ba4 (0x41d98e33) sub     t3, s3, t4
core   0: 3 0x80000ba4 (0x41d98e33) x28 0x00000119
core   0: 0x80000ba8 (0xfee8e8e3) bltu    a7, a4, pc - 16
core   0: 3 0x80000ba8 (0xfee8e8e3)
core   0: 0x80000b98 (0x6a4f6413) ori     s0, t5, 1700
core   0: 3 0x80000b98 (0x6a4f6413) x 8 0x000006a5
core   0: 0x80000b9c (0x00188893) addi    a7, a7, 1
core   0: 3 0x80000b9c (0x00188893) x17 0x0000000e
core   0: 0x80000ba0 (0x7a56bd37) lui     s10, 0x7a56b
core   0: 3 0x80000ba0 (0x7a56bd37) x26 0x7a56b000
core   0: 0x80000ba4 (0x41d98e33) sub     t3, s3, t4
core   0: 3 0x80000ba4 (0x41d98e33) x28 0x00000119
core   0: 0x80000ba8 (0xfee8e8e3) bltu    a7, a4, pc - 16
core   0: 3 0x80000ba8 (0xfee8e8e3)
core   0: 0x80000b98 (0x6a4f6413) ori     s0, t5, 1700
core   0: 3 0x80000b98 (0x6a4f6413) x 8 0x000006a5
core   0: 0x80000b9c (0x00188893) addi    a7, a7, 1
core   0: 3 0x80000b9c (0x00188893) x17 0x0000000f
core   0: 0x80000ba0 (0x7a56bd37) lui     s10, 0x7a56b
core   0: 3 0x80000ba0 (0x7a56bd37) x26 0x7a56b000
core   0: 0x80000ba4 (0x41d98e33) sub     t3, s3, t4
core   0: 3 0x80000ba4 (0x41d98e33) x28 0x00000119
core   0: 0x80000ba8 (0xfee8e8e3) bltu    a7, a4, pc - 16
core   0: 3 0x80000ba8 (0xfee8e8e3)
core   0: 0x80000b98 (0x6a4f6413) ori     s0, t5, 1700
core   0: 3 0x80000b98 (0x6a4f6413) x 8 0x000006a5
core   0: 0x80000b9c (0x00188893) addi    a7, a7, 1
core   0: 3 0x80000b9c (0x00188893) x17 0x00000010
core   0: 0x80000ba0 (0x7a56bd37) lui     s10, 0x7a56b
core   0: 3 0x80000ba0 (0x7a56bd37) x26 0x7a56b000
core   0: 0x80000ba4 (0x41d98e33) sub     t3, s3, t4
core   0: 3 0x80000ba4 (0x41d98e33) x28 0x00000119
core   0: 0x80000ba8 (0xfee8e8e3) bltu    a7, a4, pc - 16
core   0: 3 0x80000ba8 (0xfee8e8e3)
core   0: 0x80000b98 (0x6a4f6413) ori     s0, t5, 1700
core   0: 3 0x80000b98 (0x6a4f6413) x 8 0x000006a5
core   0: 0x80000b9c (0x00188893) addi    a7, a7, 1
core   0: 3 0x80000b9c (0x00188893) x17 0x00000011
core   0: 0x80000ba0 (0x7a56bd37) lui     s10, 0x7a56b
core   0: 3 0x80000ba0 (0x7a56bd37) x26 0x7a56b000
core   0: 0x80000ba4 (0x41d98e33) sub     t3, s3, t4
core   0: 3 0x80000ba4 (0x41d98e33) x28 0x00000119
core   0: 0x80000ba8 (0xfee8e8e3) bltu    a7, a4, pc - 16
core   0: 3 0x80000ba8 (0xfee8e8e3)
core   0: 0x80000b98 (0x6a4f6413) ori     s0, t5, 1700
core   0: 3 0x80000b98 (0x6a4f6413) x 8 0x000006a5
core   0: 0x80000b9c (0x00188893) addi    a7, a7, 1
core   0: 3 0x80000b9c (0x00188893) x17 0x00000012
core   0: 0x80000ba0 (0x7a56bd37) lui     s10, 0x7a56b
core   0: 3 0x80000ba0 (0x7a56bd37) x26 0x7a56b000
core   0: 0x80000ba4 (0x41d98e33) sub     t3, s3, t4
core   0: 3 0x80000ba4 (0x41d98e33) x28 0x00000119
core   0: 0x80000ba8 (0xfee8e8e3) bltu    a7, a4, pc - 16
core   0: 3 0x80000ba8 (0xfee8e8e3)
core   0: 0x80000b98 (0x6a4f6413) ori     s0, t5, 1700
core   0: 3 0x80000b98 (0x6a4f6413) x 8 0x000006a5
core   0: 0x80000b9c (0x00188893) addi    a7, a7, 1
core   0: 3 0x80000b9c (0x00188893) x17 0x00000013
core   0: 0x80000ba0 (0x7a56bd37) lui     s10, 0x7a56b
core   0: 3 0x80000ba0 (0x7a56bd37) x26 0x7a56b000
core   0: 0x80000ba4 (0x41d98e33) sub     t3, s3, t4
core   0: 3 0x80000ba4 (0x41d98e33) x28 0x00000119
core   0: 0x80000ba8 (0xfee8e8e3) bltu    a7, a4, pc - 16
core   0: 3 0x80000ba8 (0xfee8e8e3)
core   0: 0x80000bac (0x00832cb3) slt     s9, t1, s0
core   0: 3 0x80000bac (0x00832cb3) x25 0x00000001
core   0: 0x80000bb0 (0x00500593) li      a1, 5
core   0: 3 0x80000bb0 (0x00500593) x11 0x00000005
core   0: 0x80000bb4 (0x002f5b13) srli    s6, t5, 2
core   0: 3 0x80000bb4 (0x002f5b13) x22 0x00000000
core   0: 0x80000bb8 (0x00700093) li      ra, 7
core   0: 3 0x80000bb8 (0x00700093) x 1 0x00000007
core   0: 0x80000bbc (0x0ff0000f) fence   iorw,iorw
core   0: 3 0x80000bbc (0x0ff0000f)
core   0: 0x80000bc0 (0x00000013) nop
core   0: 3 0x80000bc0 (0x00000013)
core   0: 0x80000bc4 (0x40bb0133) sub     sp, s6, a1
core   0: 3 0x80000bc4 (0x40bb0133) x 2 0xfffffffb
core   0: 0x80000bc8 (0x00958593) addi    a1, a1, 9
core   0: 3 0x80000bc8 (0x00958593) x11 0x0000000e
core   0: 0x80000bcc (0xffe00893) li      a7, -2
core   0: 3 0x80000bcc (0xffe00893) x17 0xfffffffe
core   0: 0x80000bd0 (0x00a05993) srli    s3, zero, 10
core   0: 3 0x80000bd0 (0x00a05993) x19 0x00000000
core   0: 0x80000bd4 (0xffb00213) li      tp, -5
core   0: 3 0x80000bd4 (0xffb00213) x 4 0xfffffffb
core   0: 0x80000bd8 (0x0062c9b3) xor     s3, t0, t1
core   0: 3 0x80000bd8 (0x0062c9b3) x19 0xfffffee9
core   0: 0x80000bdc (0x41788fb3) sub     t6, a7, s7
core   0: 3 0x80000bdc (0x41788fb3) x31 0x7ffdb19a
core   0: 0x80000be0 (0xffe88893) addi    a7, a7, -2
core   0: 3 0x80000be0 (0xffe88893) x17 0xfffffffc
core   0: 0x80000be4 (0xfe48dae3) bge     a7, tp, pc - 12
core   0: 3 0x80000be4 (0xfe48dae3)
core   0: 0x80000bd8 (0x0062c9b3) xor     s3, t0, t1
core   0: 3 0x80000bd8 (0x0062c9b3) x19 0xfffffee9
core   0: 0x80000bdc (0x41788fb3) sub     t6, a7, s7
core   0: 3 0x80000bdc (0x41788fb3) x31 0x7ffdb198
core   0: 0x80000be0 (0xffe88893) addi    a7, a7, -2
core   0: 3 0x80000be0 (0xffe88893) x17 0xfffffffa
core   0: 0x80000be4 (0xfe48dae3) bge     a7, tp, pc - 12
core   0: 3 0x80000be4 (0xfe48dae3)
core   0: 0x80000be8 (0x01c59333) sll     t1, a1, t3
core   0: 3 0x80000be8 (0x01c59333) x 6 0x1c000000
core   0: 0x80000bec (0xfc15eae3) bltu    a1, ra, pc - 44
core   0: 3 0x80000bec (0xfc15eae3)
core   0: 0x80000bf0 (0x0ff0000f) fence   iorw,iorw
core   0: 3 0x80000bf0 (0x0ff0000f)
core   0: 0x80000bf4 (0x00400213) li      tp, 4
core   0: 3 0x80000bf4 (0x00400213) x 4 0x00000004
core   0: 0x80000bf8 (0x000619b3) sll     s3, a2, zero
core   0: 3 0x80000bf8 (0x000619b3) x19 0x80024e75
core   0: 0x80000bfc (0x00300e93) li      t4, 3
core   0: 3 0x80000bfc (0x00300e93) x29 0x00000003
core   0: 0x80000c00 (0x016259b3) srl     s3, tp, s6
core   0: 3 0x80000c00 (0x016259b3) x19 0x00000004
core   0: 0x80000c04 (0xb5632137) lui     sp, 0xb5632
core   0: 3 0x80000c04 (0xb5632137) x 2 0xb5632000
core   0: 0x80000c08 (0x41fe5a33) sra     s4, t3, t6
core   0: 3 0x80000c08 (0x41fe5a33) x20 0x00000000
core   0: 0x80000c0c (0xffe20213) addi    tp, tp, -2
core   0: 3 0x80000c0c (0xffe20213) x 4 0x00000002
core   0: 0x80000c10 (0x18a9a893) slti    a7, s3, 394
core   0: 3 0x80000c10 (0x18a9a893) x17 0x00000001
core   0: 0x80000c14 (0x00000013) nop
core   0: 3 0x80000c14 (0x00000013)
core   0: 0x80000c18 (0x0196f333) and     t1, a3, s9
core   0: 3 0x80000c18 (0x0196f333) x 6 0x00000001
core   0: 0x80000c1c (0x01328833) add     a6, t0, s3
core   0: 3 0x80000c1c (0x01328833) x16 0x00000109
core   0: 0x80000c20 (0xffd272e3) bgeu    tp, t4, pc - 28
core   0: 3 0x80000c20 (0xffd272e3)
core   0: 0x80000c24 (0x74190c13) addi    s8, s2, 1857
core   0: 3 0x80000c24 (0x74190c13) x24 0x00000741
core   0: 0x80000c28 (0x00600613) li      a2, 6
core   0: 3 0x80000c28 (0x00600613) x12 0x00000006
core   0: 0x80000c2c (0x0078ffb3) and     t6, a7, t2
core   0: 3 0x80000c2c (0x0078ffb3) x31 0x00000001
core   0: 0x80000c30 (0xff600d93) li      s11, -10
core   0: 3 0x80000c30 (0xff600d93) x27 0xfffffff6
core   0: 0x80000c34 (0x00d57f33) and     t5, a0, a3
core   0: 3 0x80000c34 (0x00d57f33) x30 0xffffffe9
core   0: 0x80000c38 (0xe5cc2893) slti    a7, s8, -420
core   0: 3 0x80000c38 (0xe5cc2893) x17 0x00000000
core   0: 0x80000c3c (0x6977a0b7) lui     ra, 0x6977a
core   0: 3 0x80000c3c (0x6977a0b7) x 1 0x6977a000
core   0: 0x80000c40 (0x0039bf33) sltu    t5, s3, gp
core   0: 3 0x80000c40 (0x0039bf33) x30 0x00000000
core   0: 0x80000c44 (0x12fcfd13) andi    s10, s9, 303
core   0: 3 0x80000c44 (0x12fcfd13) x26 0x00000001
core   0: 0x80000c48 (0xfff60613) addi    a2, a2, -1
core   0: 3 0x80000c48 (0xfff60613) x12 0x00000005
core   0: 0x80000c4c (0xffb00793) li      a5, -5
core   0: 3 0x80000c4c (0xffb00793) x15 0xfffffffb
core   0: 0x80000c50 (0x5cdcfc93) andi    s9, s9, 1485
core   0: 3 0x80000c50 (0x5cdcfc93) x25 0x00000001
core   0: 0x80000c54 (0x01b85f93) srli    t6, a6, 27
core   0: 3 0x80000c54 (0x01b85f93) x31 0x00000000
core   0: 0x80000c58 (0xfec00713) li      a4, -20
core   0: 3 0x80000c58 (0xfec00713) x14 0xffffffec
core   0: 0x80000c5c (0x0013a533) slt     a0, t2, ra
core   0: 3 0x80000c5c (0x0013a533) x10 0x00000001
core   0: 0x80000c60 (0x01c03133) snez    sp, t3
core   0: 3 0x80000c60 (0x01c03133) x 2 0x00000001
core   0: 0x80000c64 (0xff678793) addi    a5, a5, -10
core   0: 3 0x80000c64 (0xff678793) x15 0xfffffff1
core   0: 0x80000c68 (0x00b20933) add     s2, tp, a1
core   0: 3 0x80000c68 (0x00b20933) x18 0x00000010
core   0: 0x80000c6c (0x00000013) nop
core   0: 3 0x80000c6c (0x00000013)
core   0: 0x80000c70 (0x34dc3837) lui     a6, 0x34dc3
core   0: 3 0x80000c70 (0x34dc3837) x16 0x34dc3000
core   0: 0x80000c74 (0xfee7d6e3) bge     a5, a4, pc - 20
core   0: 3 0x80000c74 (0xfee7d6e3)
core   0: 0x80000c60 (0x01c03133) snez    sp, t3
core   0: 3 0x80000c60 (0x01c03133) x 2 0x00000001
core   0: 0x80000c64 (0xff678793) addi    a5, a5, -10
core   0: 3 0x80000c64 (0xff678793) x15 0xffffffe7
core   0: 0x80000c68 (0x00b20933) add     s2, tp, a1
core   0: 3 0x80000c68 (0x00b20933) x18 0x00000010
core   0: 0x80000c6c (0x00000013) nop
core   0: 3 0x80000c6c (0x00000013)
core   0: 0x80000c70 (0x34dc3837) lui     a6, 0x34dc3
core   0: 3 0x80000c70 (0x34dc3837) x16 0x34dc3000
core   0: 0x80000c74 (0xfee7d6e3) bge     a5, a4, pc - 20
core   0: 3 0x80000c74 (0xfee7d6e3)
core   0: 0x80000c78 (0x012d1c93) slli    s9, s10, 18
core   0: 3 0x80000c78 (0x012d1c93) x25 0x00040000
core   0: 0x80000c7c (0x0040d813) srli    a6, ra, 4
core   0: 3 0x80000c7c (0x0040d813) x16 0x06977a00
core   0: 0x80000c80 (0x41ef5093) srai    ra, t5, 30
core   0: 3 0x80000c80 (0x41ef5093) x 1 0x00000000
core   0: 0x80000c84 (0xa051e193) ori     gp, gp, -1531
core   0: 3 0x80000c84 (0xa051e193) x 3 0xfffffa05
core   0: 0x80000c88 (0x00161413) slli    s0, a2, 1
core   0: 3 0x80000c88 (0x00161413) x 8 0x0000000a
core   0: 0x80000c8c (0x00941a13) slli    s4, s0, 9
core   0: 3 0x80000c8c (0x00941a13) x20 0x00001400
core   0: 0x80000c90 (0x407ed333) sra     t1, t4, t2
core   0: 3 0x80000c90 (0x407ed333) x 6 0x00000001
core   0: 0x80000c94 (0x006c3fb3) sltu    t6, s8, t1
core   0: 3 0x80000c94 (0x006c3fb3) x31 0x00000000
core   0: 0x80000c98 (0xfbb650e3) bge     a2, s11, pc - 96
core   0: 3 0x80000c98 (0xfbb650e3)
core   0: 0x80000c38 (0xe5cc2893) slti    a7, s8, -420
core   0: 3 0x80000c38 (0xe5cc2893) x17 0x00000000
core   0: 0x80000c3c (0x6977a0b7) lui     ra, 0x6977a
core   0: 3 0x80000c3c (0x6977a0b7) x 1 0x6977a000
core   0: 0x80000c40 (0x0039bf33) sltu    t5, s3, gp
core   0: 3 0x80000c40 (0x0039bf33) x30 0x00000001
core   0: 0x80000c44 (0x12fcfd13) andi    s10, s9, 303
core   0: 3 0x80000c44 (0x12fcfd13) x26 0x00000000
core   0: 0x80000c48 (0xfff60613) addi    a2, a2, -1
core   0: 3 0x80000c48 (0xfff60613) x12 0x00000004
core   0: 0x80000c4c (0xffb00793) li      a5, -5
core   0: 3 0x80000c4c (0xffb00793) x15 0xfffffffb
core   0: 0x80000c50 (0x5cdcfc93) andi    s9, s9, 1485
core   0: 3 0x80000c50 (0x5cdcfc93) x25 0x00000000
core   0: 0x80000c54 (0x01b85f93) srli    t6, a6, 27
core   0: 3 0x80000c54 (0x01b85f93) x31 0x00000000
core   0: 0x80000c58 (0xfec00713) li      a4, -20
core   0: 3 0x80000c58 (0xfec00713) x14 0xffffffec
core   0: 0x80000c5c (0x0013a533) slt     a0, t2, ra
core   0: 3 0x80000c5c (0x0013a533) x10 0x00000001
core   0: 0x80000c60 (0x01c03133) snez    sp, t3
core   0: 3 0x80000c60 (0x01c03133) x 2 0x00000001
core   0: 0x80000c64 (0xff678793) addi    a5, a5, -10
core   0: 3 0x80000c64 (0xff678793) x15 0xfffffff1
core   0: 0x80000c68 (0x00b20933) add     s2, tp, a1
core   0: 3 0x80000c68 (0x00b20933) x18 0x00000010
core   0: 0x80000c6c (0x00000013) nop
core   0: 3 0x80000c6c (0x00000013)
core   0: 0x80000c70 (0x34dc3837) lui     a6, 0x34dc3
core   0: 3 0x80000c70 (0x34dc3837) x16 0x34dc3000
core   0: 0x80000c74 (0xfee7d6e3) bge     a5, a4, pc - 20
core   0: 3 0x80000c74 (0xfee7d6e3)
core   0: 0x80000c60 (0x01c03133) snez    sp, t3
core   0: 3 0x80000c60 (0x01c03133) x 2 0x00000001
core   0: 0x80000c64 (0xff678793) addi    a5, a5, -10
core   0: 3 0x80000c64 (0xff678793) x15 0xffffffe7
core   0: 0x80000c68 (0x00b20933) add     s2, tp, a1
core   0: 3 0x80000c68 (0x00b20933) x18 0x00000010
core   0: 0x80000c6c (0x00000013) nop
core   0: 3 0x80000c6c (0x00000013)
core   0: 0x80000c70 (0x34dc3837) lui     a6, 0x34dc3
core   0: 3 0x80000c70 (0x34dc3837) x16 0x34dc3000
core   0: 0x80000c74 (0xfee7d6e3) bge     a5, a4, pc - 20
core   0: 3 0x80000c74 (0xfee7d6e3)
core   0: 0x80000c78 (0x012d1c93) slli    s9, s10, 18
core   0: 3 0x80000c78 (0x012d1c93) x25 0x00000000
core   0: 0x80000c7c (0x0040d813) srli    a6, ra, 4
core   0: 3 0x80000c7c (0x0040d813) x16 0x06977a00
core   0: 0x80000c80 (0x41ef5093) srai    ra, t5, 30
core   0: 3 0x80000c80 (0x41ef5093) x 1 0x00000000
core   0: 0x80000c84 (0xa051e193) ori     gp, gp, -1531
core   0: 3 0x80000c84 (0xa051e193) x 3 0xfffffa05
core   0: 0x80000c88 (0x00161413) slli    s0, a2, 1
core   0: 3 0x80000c88 (0x00161413) x 8 0x00000008
core   0: 0x80000c8c (0x00941a13) slli    s4, s0, 9
core   0: 3 0x80000c8c (0x00941a13) x20 0x00001000
core   0: 0x80000c90 (0x407ed333) sra     t1, t4, t2
core   0: 3 0x80000c90 (0x407ed333) x 6 0x00000001
core   0: 0x80000c94 (0x006c3fb3) sltu    t6, s8, t1
core   0: 3 0x80000c94 (0x006c3fb3) x31 0x00000000
core   0: 0x80000c98 (0xfbb650e3) bge     a2, s11, pc - 96
core   0: 3 0x80000c98 (0xfbb650e3)
core   0: 0x80000c38 (0xe5cc2893) slti    a7, s8, -420
core   0: 3 0x80000c38 (0xe5cc2893) x17 0x00000000
core   0: 0x80000c3c (0x6977a0b7) lui     ra, 0x6977a
core   0: 3 0x80000c3c (0x6977a0b7) x 1 0x6977a000
core   0: 0x80000c40 (0x0039bf33) sltu    t5, s3, gp
core   0: 3 0x80000c40 (0x0039bf33) x30 0x00000001
core   0: 0x80000c44 (0x12fcfd13) andi    s10, s9, 303
core   0: 3 0x80000c44 (0x12fcfd13) x26 0x00000000
core   0: 0x80000c48 (0xfff60613) addi    a2, a2, -1
core   0: 3 0x80000c48 (0xfff60613) x12 0x00000003
core   0: 0x80000c4c (0xffb00793) li      a5, -5
core   0: 3 0x80000c4c (0xffb00793) x15 0xfffffffb
core   0: 0x80000c50 (0x5cdcfc93) andi    s9, s9, 1485
core   0: 3 0x80000c50 (0x5cdcfc93) x25 0x00000000
core   0: 0x80000c54 (0x01b85f93) srli    t6, a6, 27
core   0: 3 0x80000c54 (0x01b85f93) x31 0x00000000
core   0: 0x80000c58 (0xfec00713) li      a4, -20
core   0: 3 0x80000c58 (0xfec00713) x14 0xffffffec
core   0: 0x80000c5c (0x0013a533) slt     a0, t2, ra
core   0: 3 0x80000c5c (0x0013a533) x10 0x00000001
core   0: 0x80000c60 (0x01c03133) snez    sp, t3
core   0: 3 0x80000c60 (0x01c03133) x 2 0x00000001
core   0: 0x80000c64 (0xff678793) addi    a5, a5, -10
core   0: 3 0x80000c64 (0xff678793) x15 0xfffffff1
core   0: 0x80000c68 (0x00b20933) add     s2, tp, a1
core   0: 3 0x80000c68 (0x00b20933) x18 0x00000010
core   0: 0x80000c6c (0x00000013) nop
core   0: 3 0x80000c6c (0x00000013)
core   0: 0x80000c70 (0x34dc3837) lui     a6, 0x34dc3
core   0: 3 0x80000c70 (0x34dc3837) x16 0x34dc3000
core   0: 0x80000c74 (0xfee7d6e3) bge     a5, a4, pc - 20
core   0: 3 0x80000c74 (0xfee7d6e3)
core   0: 0x80000c60 (0x01c03133) snez    sp, t3
core   0: 3 0x80000c60 (0x01c03133) x 2 0x00000001
core   0: 0x80000c64 (0xff678793) addi    a5, a5, -10
core   0: 3 0x80000c64 (0xff678793) x15 0xffffffe7
core   0: 0x80000c68 (0x00b20933) add     s2, tp, a1
core   0: 3 0x80000c68 (0x00b20933) x18 0x00000010
core   0: 0x80000c6c (0x00000013) nop
core   0: 3 0x80000c6c (0x00000013)
core   0: 0x80000c70 (0x34dc3837) lui     a6, 0x34dc3
core   0: 3 0x80000c70 (0x34dc3837) x16 0x34dc3000
core   0: 0x80000c74 (0xfee7d6e3) bge     a5, a4, pc - 20
core   0: 3 0x80000c74 (0xfee7d6e3)
core   0: 0x80000c78 (0x012d1c93) slli    s9, s10, 18
core   0: 3 0x80000c78 (0x012d1c93) x25 0x00000000
core   0: 0x80000c7c (0x0040d813) srli    a6, ra, 4
core   0: 3 0x80000c7c (0x0040d813) x16 0x06977a00
core   0: 0x80000c80 (0x41ef5093) srai    ra, t5, 30
core   0: 3 0x80000c80 (0x41ef5093) x 1 0x00000000
core   0: 0x80000c84 (0xa051e193) ori     gp, gp, -1531
core   0: 3 0x80000c84 (0xa051e193) x 3 0xfffffa05
core   0: 0x80000c88 (0x00161413) slli    s0, a2, 1
core   0: 3 0x80000c88 (0x00161413) x 8 0x00000006
core   0: 0x80000c8c (0x00941a13) slli    s4, s0, 9
core   0: 3 0x80000c8c (0x00941a13) x20 0x00000c00
core   0: 0x80000c90 (0x407ed333) sra     t1, t4, t2
core   0: 3 0x80000c90 (0x407ed333) x 6 0x00000001
core   0: 0x80000c94 (0x006c3fb3) sltu    t6, s8, t1
core   0: 3 0x80000c94 (0x006c3fb3) x31 0x00000000
core   0: 0x80000c98 (0xfbb650e3) bge     a2, s11, pc - 96
core   0: 3 0x80000c98 (0xfbb650e3)
core   0: 0x80000c38 (0xe5cc2893) slti    a7, s8, -420
core   0: 3 0x80000c38 (0xe5cc2893) x17 0x00000000
core   0: 0x80000c3c (0x6977a0b7) lui     ra, 0x6977a
core   0: 3 0x80000c3c (0x6977a0b7) x 1 0x6977a000
core   0: 0x80000c40 (0x0039bf33) sltu    t5, s3, gp
core   0: 3 0x80000c40 (0x0039bf33) x30 0x00000001
core   0: 0x80000c44 (0x12fcfd13) andi    s10, s9, 303
core   0: 3 0x80000c44 (0x12fcfd13) x26 0x00000000
core   0: 0x80000c48 (0xfff60613) addi    a2, a2, -1
core   0: 3 0x80000c48 (0xfff60613) x12 0x00000002
core   0: 0x80000c4c (0xffb00793) li      a5, -5
core   0: 3 0x80000c4c (0xffb00793) x15 0xfffffffb
core   0: 0x80000c50 (0x5cdcfc93) andi    s9, s9, 1485
core   0: 3 0x80000c50 (0x5cdcfc93) x25 0x00000000
core   0: 0x80000c54 (0x01b85f93) srli    t6, a6, 27
core   0: 3 0x80000c54 (0x01b85f93) x31 0x00000000
core   0: 0x80000c58 (0xfec00713) li      a4, -20
core   0: 3 0x80000c58 (0xfec00713) x14 0xffffffec
core   0: 0x80000c5c (0x0013a533) slt     a0, t2, ra
core   0: 3 0x80000c5c (0x0013a533) x10 0x00000001
core   0: 0x80000c60 (0x01c03133) snez    sp, t3
core   0: 3 0x80000c60 (0x01c03133) x 2 0x00000001
core   0: 0x80000c64 (0xff678793) addi    a5, a5, -10
core   0: 3 0x80000c64 (0xff678793) x15 0xfffffff1
core   0: 0x80000c68 (0x00b20933) add     s2, tp, a1
core   0: 3 0x80000c68 (0x00b20933) x18 0x00000010
core   0: 0x80000c6c (0x00000013) nop
core   0: 3 0x80000c6c (0x00000013)
core   0: 0x80000c70 (0x34dc3837) lui     a6, 0x34dc3
core   0: 3 0x80000c70 (0x34dc3837) x16 0x34dc3000
core   0: 0x80000c74 (0xfee7d6e3) bge     a5, a4, pc - 20
core   0: 3 0x80000c74 (0xfee7d6e3)
core   0: 0x80000c60 (0x01c03133) snez    sp, t3
core   0: 3 0x80000c60 (0x01c03133) x 2 0x00000001
core   0: 0x80000c64 (0xff678793) addi    a5, a5, -10
core   0: 3 0x80000c64 (0xff678793) x15 0xffffffe7
core   0: 0x80000c68 (0x00b20933) add     s2, tp, a1
core   0: 3 0x80000c68 (0x00b20933) x18 0x00000010
core   0: 0x80000c6c (0x00000013) nop
core   0: 3 0x80000c6c (0x00000013)
core   0: 0x80000c70 (0x34dc3837) lui     a6, 0x34dc3
core   0: 3 0x80000c70 (0x34dc3837) x16 0x34dc3000
core   0: 0x80000c74 (0xfee7d6e3) bge     a5, a4, pc - 20
core   0: 3 0x80000c74 (0xfee7d6e3)
core   0: 0x80000c78 (0x012d1c93) slli    s9, s10, 18
core   0: 3 0x80000c78 (0x012d1c93) x25 0x00000000
core   0: 0x80000c7c (0x0040d813) srli    a6, ra, 4
core   0: 3 0x80000c7c (0x0040d813) x16 0x06977a00
core   0: 0x80000c80 (0x41ef5093) srai    ra, t5, 30
core   0: 3 0x80000c80 (0x41ef5093) x 1 0x00000000
core   0: 0x80000c84 (0xa051e193) ori     gp, gp, -1531
core   0: 3 0x80000c84 (0xa051e193) x 3 0xfffffa05
core   0: 0x80000c88 (0x00161413) slli    s0, a2, 1
core   0: 3 0x80000c88 (0x00161413) x 8 0x00000004
core   0: 0x80000c8c (0x00941a13) slli    s4, s0, 9
core   0: 3 0x80000c8c (0x00941a13) x20 0x00000800
core   0: 0x80000c90 (0x407ed333) sra     t1, t4, t2
core   0: 3 0x80000c90 (0x407ed333) x 6 0x00000001
core   0: 0x80000c94 (0x006c3fb3) sltu    t6, s8, t1
core   0: 3 0x80000c94 (0x006c3fb3) x31 0x00000000
core   0: 0x80000c98 (0xfbb650e3) bge     a2, s11, pc - 96
core   0: 3 0x80000c98 (0xfbb650e3)
core   0: 0x80000c38 (0xe5cc2893) slti    a7, s8, -420
core   0: 3 0x80000c38 (0xe5cc2893) x17 0x00000000
core   0: 0x80000c3c (0x6977a0b7) lui     ra, 0x6977a
core   0: 3 0x80000c3c (0x6977a0b7) x 1 0x6977a000
core   0: 0x80000c40 (0x0039bf33) sltu    t5, s3, gp
core   0: 3 0x80000c40 (0x0039bf33) x30 0x00000001
core   0: 0x80000c44 (0x12fcfd13) andi    s10, s9, 303
core   0: 3 0x80000c44 (0x12fcfd13) x26 0x00000000
core   0: 0x80000c48 (0xfff60613) addi    a2, a2, -1
core   0: 3 0x80000c48 (0xfff60613) x12 0x00000001
core   0: 0x80000c4c (0xffb00793) li      a5, -5
core   0: 3 0x80000c4c (0xffb00793) x15 0xfffffffb
core   0: 0x80000c50 (0x5cdcfc93) andi    s9, s9, 1485
core   0: 3 0x80000c50 (0x5cdcfc93) x25 0x00000000
core   0: 0x80000c54 (0x01b85f93) srli    t6, a6, 27
core   0: 3 0x80000c54 (0x01b85f93) x31 0x00000000
core   0: 0x80000c58 (0xfec00713) li      a4, -20
core   0: 3 0x80000c58 (0xfec00713) x14 0xffffffec
core   0: 0x80000c5c (0x0013a533) slt     a0, t2, ra
core   0: 3 0x80000c5c (0x0013a533) x10 0x00000001
core   0: 0x80000c60 (0x01c03133) snez    sp, t3
core   0: 3 0x80000c60 (0x01c03133) x 2 0x00000001
core   0: 0x80000c64 (0xff678793) addi    a5, a5, -10
core   0: 3 0x80000c64 (0xff678793) x15 0xfffffff1
core   0: 0x80000c68 (0x00b20933) add     s2, tp, a1
core   0: 3 0x80000c68 (0x00b20933) x18 0x00000010
core   0: 0x80000c6c (0x00000013) nop
core   0: 3 0x80000c6c (0x00000013)
core   0: 0x80000c70 (0x34dc3837) lui     a6, 0x34dc3
core   0: 3 0x80000c70 (0x34dc3837) x16 0x34dc3000
core   0: 0x80000c74 (0xfee7d6e3) bge     a5, a4, pc - 20
core   0: 3 0x80000c74 (0xfee7d6e3)
core   0: 0x80000c60 (0x01c03133) snez    sp, t3
core   0: 3 0x80000c60 (0x01c03133) x 2 0x00000001
core   0: 0x80000c64 (0xff678793) addi    a5, a5, -10
core   0: 3 0x80000c64 (0xff678793) x15 0xffffffe7
core   0: 0x80000c68 (0x00b20933) add     s2, tp, a1
core   0: 3 0x80000c68 (0x00b20933) x18 0x00000010
core   0: 0x80000c6c (0x00000013) nop
core   0: 3 0x80000c6c (0x00000013)
core   0: 0x80000c70 (0x34dc3837) lui     a6, 0x34dc3
core   0: 3 0x80000c70 (0x34dc3837) x16 0x34dc3000
core   0: 0x80000c74 (0xfee7d6e3) bge     a5, a4, pc - 20
core   0: 3 0x80000c74 (0xfee7d6e3)
core   0: 0x80000c78 (0x012d1c93) slli    s9, s10, 18
core   0: 3 0x80000c78 (0x012d1c93) x25 0x00000000
core   0: 0x80000c7c (0x0040d813) srli    a6, ra, 4
core   0: 3 0x80000c7c (0x0040d813) x16 0x06977a00
core   0: 0x80000c80 (0x41ef5093) srai    ra, t5, 30
core   0: 3 0x80000c80 (0x41ef5093) x 1 0x00000000
core   0: 0x80000c84 (0xa051e193) ori     gp, gp, -1531
core   0: 3 0x80000c84 (0xa051e193) x 3 0xfffffa05
core   0: 0x80000c88 (0x00161413) slli    s0, a2, 1
core   0: 3 0x80000c88 (0x00161413) x 8 0x00000002
core   0: 0x80000c8c (0x00941a13) slli    s4, s0, 9
core   0: 3 0x80000c8c (0x00941a13) x20 0x00000400
core   0: 0x80000c90 (0x407ed333) sra     t1, t4, t2
core   0: 3 0x80000c90 (0x407ed333) x 6 0x00000001
core   0: 0x80000c94 (0x006c3fb3) sltu    t6, s8, t1
core   0: 3 0x80000c94 (0x006c3fb3) x31 0x00000000
core   0: 0x80000c98 (0xfbb650e3) bge     a2, s11, pc - 96
core   0: 3 0x80000c98 (0xfbb650e3)
core   0: 0x80000c38 (0xe5cc2893) slti    a7, s8, -420
core   0: 3 0x80000c38 (0xe5cc2893) x17 0x00000000
core   0: 0x80000c3c (0x6977a0b7) lui     ra, 0x6977a
core   0: 3 0x80000c3c (0x6977a0b7) x 1 0x6977a000
core   0: 0x80000c40 (0x0039bf33) sltu    t5, s3, gp
core   0: 3 0x80000c40 (0x0039bf33) x30 0x00000001
core   0: 0x80000c44 (0x12fcfd13) andi    s10, s9, 303
core   0: 3 0x80000c44 (0x12fcfd13) x26 0x00000000
core   0: 0x80000c48 (0xfff60613) addi    a2, a2, -1
core   0: 3 0x80000c48 (0xfff60613) x12 0x00000000
core   0: 0x80000c4c (0xffb00793) li      a5, -5
core   0: 3 0x80000c4c (0xffb00793) x15 0xfffffffb
core   0: 0x80000c50 (0x5cdcfc93) andi    s9, s9, 1485
core   0: 3 0x80000c50 (0x5cdcfc93) x25 0x00000000
core   0: 0x80000c54 (0x01b85f93) srli    t6, a6, 27
core   0: 3 0x80000c54 (0x01b85f93) x31 0x00000000
core   0: 0x80000c58 (0xfec00713) li      a4, -20
core   0: 3 0x80000c58 (0xfec00713) x14 0xffffffec
core   0: 0x80000c5c (0x0013a533) slt     a0, t2, ra
core   0: 3 0x80000c5c (0x0013a533) x10 0x00000001
core   0: 0x80000c60 (0x01c03133) snez    sp, t3
core   0: 3 0x80000c60 (0x01c03133) x 2 0x00000001
core   0: 0x80000c64 (0xff678793) addi    a5, a5, -10
core   0: 3 0x80000c64 (0xff678793) x15 0xfffffff1
core   0: 0x80000c68 (0x00b20933) add     s2, tp, a1
core   0: 3 0x80000c68 (0x00b20933) x18 0x00000010
core   0: 0x80000c6c (0x00000013) nop
core   0: 3 0x80000c6c (0x00000013)
core   0: 0x80000c70 (0x34dc3837) lui     a6, 0x34dc3
core   0: 3 0x80000c70 (0x34dc3837) x16 0x34dc3000
core   0: 0x80000c74 (0xfee7d6e3) bge     a5, a4, pc - 20
core   0: 3 0x80000c74 (0xfee7d6e3)
core   0: 0x80000c60 (0x01c03133) snez    sp, t3
core   0: 3 0x80000c60 (0x01c03133) x 2 0x00000001
core   0: 0x80000c64 (0xff678793) addi    a5, a5, -10
core   0: 3 0x80000c64 (0xff678793) x15 0xffffffe7
core   0: 0x80000c68 (0x00b20933) add     s2, tp, a1
core   0: 3 0x80000c68 (0x00b20933) x18 0x00000010
core   0: 0x80000c6c (0x00000013) nop
core   0: 3 0x80000c6c (0x00000013)
core   0: 0x80000c70 (0x34dc3837) lui     a6, 0x34dc3
core   0: 3 0x80000c70 (0x34dc3837) x16 0x34dc3000
core   0: 0x80000c74 (0xfee7d6e3) bge     a5, a4, pc - 20
core   0: 3 0x80000c74 (0xfee7d6e3)
core   0: 0x80000c78 (0x012d1c93) slli    s9, s10, 18
core   0: 3 0x80000c78 (0x012d1c93) x25 0x00000000
core   0: 0x80000c7c (0x0040d813) srli    a6, ra, 4
core   0: 3 0x80000c7c (0x0040d813) x16 0x06977a00
core   0: 0x80000c80 (0x41ef5093) srai    ra, t5, 30
core   0: 3 0x80000c80 (0x41ef5093) x 1 0x00000000
core   0: 0x80000c84 (0xa051e193) ori     gp, gp, -1531
core   0: 3 0x80000c84 (0xa051e193) x 3 0xfffffa05
core   0: 0x80000c88 (0x00161413) slli    s0, a2, 1
core   0: 3 0x80000c88 (0x00161413) x 8 0x00000000
core   0: 0x80000c8c (0x00941a13) slli    s4, s0, 9
core   0: 3 0x80000c8c (0x00941a13) x20 0x00000000
core   0: 0x80000c90 (0x407ed333) sra     t1, t4, t2
core   0: 3 0x80000c90 (0x407ed333) x 6 0x00000001
core   0: 0x80000c94 (0x006c3fb3) sltu    t6, s8, t1
core   0: 3 0x80000c94 (0x006c3fb3) x31 0x00000000
core   0: 0x80000c98 (0xfbb650e3) bge     a2, s11, pc - 96
core   0: 3 0x80000c98 (0xfbb650e3)
core   0: 0x80000c38 (0xe5cc2893) slti    a7, s8, -420
core   0: 3 0x80000c38 (0xe5cc2893) x17 0x00000000
core   0: 0x80000c3c (0x6977a0b7) lui     ra, 0x6977a
core   0: 3 0x80000c3c (0x6977a0b7) x 1 0x6977a000
core   0: 0x80000c40 (0x0039bf33) sltu    t5, s3, gp
core   0: 3 0x80000c40 (0x0039bf33) x30 0x00000001
core   0: 0x80000c44 (0x12fcfd13) andi    s10, s9, 303
core   0: 3 0x80000c44 (0x12fcfd13) x26 0x00000000
core   0: 0x80000c48 (0xfff60613) addi    a2, a2, -1
core   0: 3 0x80000c48 (0xfff60613) x12 0xffffffff
core   0: 0x80000c4c (0xffb00793) li      a5, -5
core   0: 3 0x80000c4c (0xffb00793) x15 0xfffffffb
core   0: 0x80000c50 (0x5cdcfc93) andi    s9, s9, 1485
core   0: 3 0x80000c50 (0x5cdcfc93) x25 0x00000000
core   0: 0x80000c54 (0x01b85f93) srli    t6, a6, 27
core   0: 3 0x80000c54 (0x01b85f93) x31 0x00000000
core   0: 0x80000c58 (0xfec00713) li      a4, -20
core   0: 3 0x80000c58 (0xfec00713) x14 0xffffffec
core   0: 0x80000c5c (0x0013a533) slt     a0, t2, ra
core   0: 3 0x80000c5c (0x0013a533) x10 0x00000001
core   0: 0x80000c60 (0x01c03133) snez    sp, t3
core   0: 3 0x80000c60 (0x01c03133) x 2 0x00000001
core   0: 0x80000c64 (0xff678793) addi    a5, a5, -10
core   0: 3 0x80000c64 (0xff678793) x15 0xfffffff1
core   0: 0x80000c68 (0x00b20933) add     s2, tp, a1
core   0: 3 0x80000c68 (0x00b20933) x18 0x00000010
core   0: 0x80000c6c (0x00000013) nop
core   0: 3 0x80000c6c (0x00000013)
core   0: 0x80000c70 (0x34dc3837) lui     a6, 0x34dc3
core   0: 3 0x80000c70 (0x34dc3837) x16 0x34dc3000
core   0: 0x80000c74 (0xfee7d6e3) bge     a5, a4, pc - 20
core   0: 3 0x80000c74 (0xfee7d6e3)
core   0: 0x80000c60 (0x01c03133) snez    sp, t3
core   0: 3 0x80000c60 (0x01c03133) x 2 0x00000001
core   0: 0x80000c64 (0xff678793) addi    a5, a5, -10
core   0: 3 0x80000c64 (0xff678793) x15 0xffffffe7
core   0: 0x80000c68 (0x00b20933) add     s2, tp, a1
core   0: 3 0x80000c68 (0x00b20933) x18 0x00000010
core   0: 0x80000c6c (0x00000013) nop
core   0: 3 0x80000c6c (0x00000013)
core   0: 0x80000c70 (0x34dc3837) lui     a6, 0x34dc3
core   0: 3 0x80000c70 (0x34dc3837) x16 0x34dc3000
core   0: 0x80000c74 (0xfee7d6e3) bge     a5, a4, pc - 20
core   0: 3 0x80000c74 (0xfee7d6e3)
core   0: 0x80000c78 (0x012d1c93) slli    s9, s10, 18
core   0: 3 0x80000c78 (0x012d1c93) x25 0x00000000
core   0: 0x80000c7c (0x0040d813) srli    a6, ra, 4
core   0: 3 0x80000c7c (0x0040d813) x16 0x06977a00
core   0: 0x80000c80 (0x41ef5093) srai    ra, t5, 30
core   0: 3 0x80000c80 (0x41ef5093) x 1 0x00000000
core   0: 0x80000c84 (0xa051e193) ori     gp, gp, -1531
core   0: 3 0x80000c84 (0xa051e193) x 3 0xfffffa05
core   0: 0x80000c88 (0x00161413) slli    s0, a2, 1
core   0: 3 0x80000c88 (0x00161413) x 8 0xfffffffe
core   0: 0x80000c8c (0x00941a13) slli    s4, s0, 9
core   0: 3 0x80000c8c (0x00941a13) x20 0xfffffc00
core   0: 0x80000c90 (0x407ed333) sra     t1, t4, t2
core   0: 3 0x80000c90 (0x407ed333) x 6 0x00000001
core   0: 0x80000c94 (0x006c3fb3) sltu    t6, s8, t1
core   0: 3 0x80000c94 (0x006c3fb3) x31 0x00000000
core   0: 0x80000c98 (0xfbb650e3) bge     a2, s11, pc - 96
core   0: 3 0x80000c98 (0xfbb650e3)
core   0: 0x80000c38 (0xe5cc2893) slti    a7, s8, -420
core   0: 3 0x80000c38 (0xe5cc2893) x17 0x00000000
core   0: 0x80000c3c (0x6977a0b7) lui     ra, 0x6977a
core   0: 3 0x80000c3c (0x6977a0b7) x 1 0x6977a000
core   0: 0x80000c40 (0x0039bf33) sltu    t5, s3, gp
core   0: 3 0x80000c40 (0x0039bf33) x30 0x00000001
core   0: 0x80000c44 (0x12fcfd13) andi    s10, s9, 303
core   0: 3 0x80000c44 (0x12fcfd13) x26 0x00000000
core   0: 0x80000c48 (0xfff60613) addi    a2, a2, -1
core   0: 3 0x80000c48 (0xfff60613) x12 0xfffffffe
core   0: 0x80000c4c (0xffb00793) li      a5, -5
core   0: 3 0x80000c4c (0xffb00793) x15 0xfffffffb
core   0: 0x80000c50 (0x5cdcfc93) andi    s9, s9, 1485
core   0: 3 0x80000c50 (0x5cdcfc93) x25 0x00000000
core   0: 0x80000c54 (0x01b85f93) srli    t6, a6, 27
core   0: 3 0x80000c54 (0x01b85f93) x31 0x00000000
core   0: 0x80000c58 (0xfec00713) li      a4, -20
core   0: 3 0x80000c58 (0xfec00713) x14 0xffffffec
core   0: 0x80000c5c (0x0013a533) slt     a0, t2, ra
core   0: 3 0x80000c5c (0x0013a533) x10 0x00000001
core   0: 0x80000c60 (0x01c03133) snez    sp, t3
core   0: 3 0x80000c60 (0x01c03133) x 2 0x00000001
core   0: 0x80000c64 (0xff678793) addi    a5, a5, -10
core   0: 3 0x80000c64 (0xff678793) x15 0xfffffff1
core   0: 0x80000c68 (0x00b20933) add     s2, tp, a1
core   0: 3 0x80000c68 (0x00b20933) x18 0x00000010
core   0: 0x80000c6c (0x00000013) nop
core   0: 3 0x80000c6c (0x00000013)
core   0: 0x80000c70 (0x34dc3837) lui     a6, 0x34dc3
core   0: 3 0x80000c70 (0x34dc3837) x16 0x34dc3000
core   0: 0x80000c74 (0xfee7d6e3) bge     a5, a4, pc - 20
core   0: 3 0x80000c74 (0xfee7d6e3)
core   0: 0x80000c60 (0x01c03133) snez    sp, t3
core   0: 3 0x80000c60 (0x01c03133) x 2 0x00000001
core   0: 0x80000c64 (0xff678793) addi    a5, a5, -10
core   0: 3 0x80000c64 (0xff678793) x15 0xffffffe7
core   0: 0x80000c68 (0x00b20933) add     s2, tp, a1
core   0: 3 0x80000c68 (0x00b20933) x18 0x00000010
core   0: 0x80000c6c (0x00000013) nop
core   0: 3 0x80000c6c (0x00000013)
core   0: 0x80000c70 (0x34dc3837) lui     a6, 0x34dc3
core   0: 3 0x80000c70 (0x34dc3837) x16 0x34dc3000
core   0: 0x80000c74 (0xfee7d6e3) bge     a5, a4, pc - 20
core   0: 3 0x80000c74 (0xfee7d6e3)
core   0: 0x80000c78 (0x012d1c93) slli    s9, s10, 18
core   0: 3 0x80000c78 (0x012d1c93) x25 0x00000000
core   0: 0x80000c7c (0x0040d813) srli    a6, ra, 4
core   0: 3 0x80000c7c (0x0040d813) x16 0x06977a00
core   0: 0x80000c80 (0x41ef5093) srai    ra, t5, 30
core   0: 3 0x80000c80 (0x41ef5093) x 1 0x00000000
core   0: 0x80000c84 (0xa051e193) ori     gp, gp, -1531
core   0: 3 0x80000c84 (0xa051e193) x 3 0xfffffa05
core   0: 0x80000c88 (0x00161413) slli    s0, a2, 1
core   0: 3 0x80000c88 (0x00161413) x 8 0xfffffffc
core   0: 0x80000c8c (0x00941a13) slli    s4, s0, 9
core   0: 3 0x80000c8c (0x00941a13) x20 0xfffff800
core   0: 0x80000c90 (0x407ed333) sra     t1, t4, t2
core   0: 3 0x80000c90 (0x407ed333) x 6 0x00000001
core   0: 0x80000c94 (0x006c3fb3) sltu    t6, s8, t1
core   0: 3 0x80000c94 (0x006c3fb3) x31 0x00000000
core   0: 0x80000c98 (0xfbb650e3) bge     a2, s11, pc - 96
core   0: 3 0x80000c98 (0xfbb650e3)
core   0: 0x80000c38 (0xe5cc2893) slti    a7, s8, -420
core   0: 3 0x80000c38 (0xe5cc2893) x17 0x00000000
core   0: 0x80000c3c (0x6977a0b7) lui     ra, 0x6977a
core   0: 3 0x80000c3c (0x6977a0b7) x 1 0x6977a000
core   0: 0x80000c40 (0x0039bf33) sltu    t5, s3, gp
core   0: 3 0x80000c40 (0x0039bf33) x30 0x00000001
core   0: 0x80000c44 (0x12fcfd13) andi    s10, s9, 303
core   0: 3 0x80000c44 (0x12fcfd13) x26 0x00000000
core   0: 0x80000c48 (0xfff60613) addi    a2, a2, -1
core   0: 3 0x80000c48 (0xfff60613) x12 0xfffffffd
core   0: 0x80000c4c (0xffb00793) li      a5, -5
core   0: 3 0x80000c4c (0xffb00793) x15 0xfffffffb
core   0: 0x80000c50 (0x5cdcfc93) andi    s9, s9, 1485
core   0: 3 0x80000c50 (0x5cdcfc93) x25 0x00000000
core   0: 0x80000c54 (0x01b85f93) srli    t6, a6, 27
core   0: 3 0x80000c54 (0x01b85f93) x31 0x00000000
core   0: 0x80000c58 (0xfec00713) li      a4, -20
core   0: 3 0x80000c58 (0xfec00713) x14 0xffffffec
core   0: 0x80000c5c (0x0013a533) slt     a0, t2, ra
core   0: 3 0x80000c5c (0x0013a533) x10 0x00000001
core   0: 0x80000c60 (0x01c03133) snez    sp, t3
core   0: 3 0x80000c60 (0x01c03133) x 2 0x00000001
core   0: 0x80000c64 (0xff678793) addi    a5, a5, -10
core   0: 3 0x80000c64 (0xff678793) x15 0xfffffff1
core   0: 0x80000c68 (0x00b20933) add     s2, tp, a1
core   0: 3 0x80000c68 (0x00b20933) x18 0x00000010
core   0: 0x80000c6c (0x00000013) nop
core   0: 3 0x80000c6c (0x00000013)
core   0: 0x80000c70 (0x34dc3837) lui     a6, 0x34dc3
core   0: 3 0x80000c70 (0x34dc3837) x16 0x34dc3000
core   0: 0x80000c74 (0xfee7d6e3) bge     a5, a4, pc - 20
core   0: 3 0x80000c74 (0xfee7d6e3)
core   0: 0x80000c60 (0x01c03133) snez    sp, t3
core   0: 3 0x80000c60 (0x01c03133) x 2 0x00000001
core   0: 0x80000c64 (0xff678793) addi    a5, a5, -10
core   0: 3 0x80000c64 (0xff678793) x15 0xffffffe7
core   0: 0x80000c68 (0x00b20933) add     s2, tp, a1
core   0: 3 0x80000c68 (0x00b20933) x18 0x00000010
core   0: 0x80000c6c (0x00000013) nop
core   0: 3 0x80000c6c (0x00000013)
core   0: 0x80000c70 (0x34dc3837) lui     a6, 0x34dc3
core   0: 3 0x80000c70 (0x34dc3837) x16 0x34dc3000
core   0: 0x80000c74 (0xfee7d6e3) bge     a5, a4, pc - 20
core   0: 3 0x80000c74 (0xfee7d6e3)
core   0: 0x80000c78 (0x012d1c93) slli    s9, s10, 18
core   0: 3 0x80000c78 (0x012d1c93) x25 0x00000000
core   0: 0x80000c7c (0x0040d813) srli    a6, ra, 4
core   0: 3 0x80000c7c (0x0040d813) x16 0x06977a00
core   0: 0x80000c80 (0x41ef5093) srai    ra, t5, 30
core   0: 3 0x80000c80 (0x41ef5093) x 1 0x00000000
core   0: 0x80000c84 (0xa051e193) ori     gp, gp, -1531
core   0: 3 0x80000c84 (0xa051e193) x 3 0xfffffa05
core   0: 0x80000c88 (0x00161413) slli    s0, a2, 1
core   0: 3 0x80000c88 (0x00161413) x 8 0xfffffffa
core   0: 0x80000c8c (0x00941a13) slli    s4, s0, 9
core   0: 3 0x80000c8c (0x00941a13) x20 0xfffff400
core   0: 0x80000c90 (0x407ed333) sra     t1, t4, t2
core   0: 3 0x80000c90 (0x407ed333) x 6 0x00000001
core   0: 0x80000c94 (0x006c3fb3) sltu    t6, s8, t1
core   0: 3 0x80000c94 (0x006c3fb3) x31 0x00000000
core   0: 0x80000c98 (0xfbb650e3) bge     a2, s11, pc - 96
core   0: 3 0x80000c98 (0xfbb650e3)
core   0: 0x80000c38 (0xe5cc2893) slti    a7, s8, -420
core   0: 3 0x80000c38 (0xe5cc2893) x17 0x00000000
core   0: 0x80000c3c (0x6977a0b7) lui     ra, 0x6977a
core   0: 3 0x80000c3c (0x6977a0b7) x 1 0x6977a000
core   0: 0x80000c40 (0x0039bf33) sltu    t5, s3, gp
core   0: 3 0x80000c40 (0x0039bf33) x30 0x00000001
core   0: 0x80000c44 (0x12fcfd13) andi    s10, s9, 303
core   0: 3 0x80000c44 (0x12fcfd13) x26 0x00000000
core   0: 0x80000c48 (0xfff60613) addi    a2, a2, -1
core   0: 3 0x80000c48 (0xfff60613) x12 0xfffffffc
core   0: 0x80000c4c (0xffb00793) li      a5, -5
core   0: 3 0x80000c4c (0xffb00793) x15 0xfffffffb
core   0: 0x80000c50 (0x5cdcfc93) andi    s9, s9, 1485
core   0: 3 0x80000c50 (0x5cdcfc93) x25 0x00000000
core   0: 0x80000c54 (0x01b85f93) srli    t6, a6, 27
core   0: 3 0x80000c54 (0x01b85f93) x31 0x00000000
core   0: 0x80000c58 (0xfec00713) li      a4, -20
core   0: 3 0x80000c58 (0xfec00713) x14 0xffffffec
core   0: 0x80000c5c (0x0013a533) slt     a0, t2, ra
core   0: 3 0x80000c5c (0x0013a533) x10 0x00000001
core   0: 0x80000c60 (0x01c03133) snez    sp, t3
core   0: 3 0x80000c60 (0x01c03133) x 2 0x00000001
core   0: 0x80000c64 (0xff678793) addi    a5, a5, -10
core   0: 3 0x80000c64 (0xff678793) x15 0xfffffff1
core   0: 0x80000c68 (0x00b20933) add     s2, tp, a1
core   0: 3 0x80000c68 (0x00b20933) x18 0x00000010
core   0: 0x80000c6c (0x00000013) nop
core   0: 3 0x80000c6c (0x00000013)
core   0: 0x80000c70 (0x34dc3837) lui     a6, 0x34dc3
core   0: 3 0x80000c70 (0x34dc3837) x16 0x34dc3000
core   0: 0x80000c74 (0xfee7d6e3) bge     a5, a4, pc - 20
core   0: 3 0x80000c74 (0xfee7d6e3)
core   0: 0x80000c60 (0x01c03133) snez    sp, t3
core   0: 3 0x80000c60 (0x01c03133) x 2 0x00000001
core   0: 0x80000c64 (0xff678793) addi    a5, a5, -10
core   0: 3 0x80000c64 (0xff678793) x15 0xffffffe7
core   0: 0x80000c68 (0x00b20933) add     s2, tp, a1
core   0: 3 0x80000c68 (0x00b20933) x18 0x00000010
core   0: 0x80000c6c (0x00000013) nop
core   0: 3 0x80000c6c (0x00000013)
core   0: 0x80000c70 (0x34dc3837) lui     a6, 0x34dc3
core   0: 3 0x80000c70 (0x34dc3837) x16 0x34dc3000
core   0: 0x80000c74 (0xfee7d6e3) bge     a5, a4, pc - 20
core   0: 3 0x80000c74 (0xfee7d6e3)
core   0: 0x80000c78 (0x012d1c93) slli    s9, s10, 18
core   0: 3 0x80000c78 (0x012d1c93) x25 0x00000000
core   0: 0x80000c7c (0x0040d813) srli    a6, ra, 4
core   0: 3 0x80000c7c (0x0040d813) x16 0x06977a00
core   0: 0x80000c80 (0x41ef5093) srai    ra, t5, 30
core   0: 3 0x80000c80 (0x41ef5093) x 1 0x00000000
core   0: 0x80000c84 (0xa051e193) ori     gp, gp, -1531
core   0: 3 0x80000c84 (0xa051e193) x 3 0xfffffa05
core   0: 0x80000c88 (0x00161413) slli    s0, a2, 1
core   0: 3 0x80000c88 (0x00161413) x 8 0xfffffff8
core   0: 0x80000c8c (0x00941a13) slli    s4, s0, 9
core   0: 3 0x80000c8c (0x00941a13) x20 0xfffff000
core   0: 0x80000c90 (0x407ed333) sra     t1, t4, t2
core   0: 3 0x80000c90 (0x407ed333) x 6 0x00000001
core   0: 0x80000c94 (0x006c3fb3) sltu    t6, s8, t1
core   0: 3 0x80000c94 (0x006c3fb3) x31 0x00000000
core   0: 0x80000c98 (0xfbb650e3) bge     a2, s11, pc - 96
core   0: 3 0x80000c98 (0xfbb650e3)
core   0: 0x80000c38 (0xe5cc2893) slti    a7, s8, -420
core   0: 3 0x80000c38 (0xe5cc2893) x17 0x00000000
core   0: 0x80000c3c (0x6977a0b7) lui     ra, 0x6977a
core   0: 3 0x80000c3c (0x6977a0b7) x 1 0x6977a000
core   0: 0x80000c40 (0x0039bf33) sltu    t5, s3, gp
core   0: 3 0x80000c40 (0x0039bf33) x30 0x00000001
core   0: 0x80000c44 (0x12fcfd13) andi    s10, s9, 303
core   0: 3 0x80000c44 (0x12fcfd13) x26 0x00000000
core   0: 0x80000c48 (0xfff60613) addi    a2, a2, -1
core   0: 3 0x80000c48 (0xfff60613) x12 0xfffffffb
core   0: 0x80000c4c (0xffb00793) li      a5, -5
core   0: 3 0x80000c4c (0xffb00793) x15 0xfffffffb
core   0: 0x80000c50 (0x5cdcfc93) andi    s9, s9, 1485
core   0: 3 0x80000c50 (0x5cdcfc93) x25 0x00000000
core   0: 0x80000c54 (0x01b85f93) srli    t6, a6, 27
core   0: 3 0x80000c54 (0x01b85f93) x31 0x00000000
core   0: 0x80000c58 (0xfec00713) li      a4, -20
core   0: 3 0x80000c58 (0xfec00713) x14 0xffffffec
core   0: 0x80000c5c (0x0013a533) slt     a0, t2, ra
core   0: 3 0x80000c5c (0x0013a533) x10 0x00000001
core   0: 0x80000c60 (0x01c03133) snez    sp, t3
core   0: 3 0x80000c60 (0x01c03133) x 2 0x00000001
core   0: 0x80000c64 (0xff678793) addi    a5, a5, -10
core   0: 3 0x80000c64 (0xff678793) x15 0xfffffff1
core   0: 0x80000c68 (0x00b20933) add     s2, tp, a1
core   0: 3 0x80000c68 (0x00b20933) x18 0x00000010
core   0: 0x80000c6c (0x00000013) nop
core   0: 3 0x80000c6c (0x00000013)
core   0: 0x80000c70 (0x34dc3837) lui     a6, 0x34dc3
core   0: 3 0x80000c70 (0x34dc3837) x16 0x34dc3000
core   0: 0x80000c74 (0xfee7d6e3) bge     a5, a4, pc - 20
core   0: 3 0x80000c74 (0xfee7d6e3)
core   0: 0x80000c60 (0x01c03133) snez    sp, t3
core   0: 3 0x80000c60 (0x01c03133) x 2 0x00000001
core   0: 0x80000c64 (0xff678793) addi    a5, a5, -10
core   0: 3 0x80000c64 (0xff678793) x15 0xffffffe7
core   0: 0x80000c68 (0x00b20933) add     s2, tp, a1
core   0: 3 0x80000c68 (0x00b20933) x18 0x00000010
core   0: 0x80000c6c (0x00000013) nop
core   0: 3 0x80000c6c (0x00000013)
core   0: 0x80000c70 (0x34dc3837) lui     a6, 0x34dc3
core   0: 3 0x80000c70 (0x34dc3837) x16 0x34dc3000
core   0: 0x80000c74 (0xfee7d6e3) bge     a5, a4, pc - 20
core   0: 3 0x80000c74 (0xfee7d6e3)
core   0: 0x80000c78 (0x012d1c93) slli    s9, s10, 18
core   0: 3 0x80000c78 (0x012d1c93) x25 0x00000000
core   0: 0x80000c7c (0x0040d813) srli    a6, ra, 4
core   0: 3 0x80000c7c (0x0040d813) x16 0x06977a00
core   0: 0x80000c80 (0x41ef5093) srai    ra, t5, 30
core   0: 3 0x80000c80 (0x41ef5093) x 1 0x00000000
core   0: 0x80000c84 (0xa051e193) ori     gp, gp, -1531
core   0: 3 0x80000c84 (0xa051e193) x 3 0xfffffa05
core   0: 0x80000c88 (0x00161413) slli    s0, a2, 1
core   0: 3 0x80000c88 (0x00161413) x 8 0xfffffff6
core   0: 0x80000c8c (0x00941a13) slli    s4, s0, 9
core   0: 3 0x80000c8c (0x00941a13) x20 0xffffec00
core   0: 0x80000c90 (0x407ed333) sra     t1, t4, t2
core   0: 3 0x80000c90 (0x407ed333) x 6 0x00000001
core   0: 0x80000c94 (0x006c3fb3) sltu    t6, s8, t1
core   0: 3 0x80000c94 (0x006c3fb3) x31 0x00000000
core   0: 0x80000c98 (0xfbb650e3) bge     a2, s11, pc - 96
core   0: 3 0x80000c98 (0xfbb650e3)
core   0: 0x80000c38 (0xe5cc2893) slti    a7, s8, -420
core   0: 3 0x80000c38 (0xe5cc2893) x17 0x00000000
core   0: 0x80000c3c (0x6977a0b7) lui     ra, 0x6977a
core   0: 3 0x80000c3c (0x6977a0b7) x 1 0x6977a000
core   0: 0x80000c40 (0x0039bf33) sltu    t5, s3, gp
core   0: 3 0x80000c40 (0x0039bf33) x30 0x00000001
core   0: 0x80000c44 (0x12fcfd13) andi    s10, s9, 303
core   0: 3 0x80000c44 (0x12fcfd13) x26 0x00000000
core   0: 0x80000c48 (0xfff60613) addi    a2, a2, -1
core   0: 3 0x80000c48 (0xfff60613) x12 0xfffffffa
core   0: 0x80000c4c (0xffb00793) li      a5, -5
core   0: 3 0x80000c4c (0xffb00793) x15 0xfffffffb
core   0: 0x80000c50 (0x5cdcfc93) andi    s9, s9, 1485
core   0: 3 0x80000c50 (0x5cdcfc93) x25 0x00000000
core   0: 0x80000c54 (0x01b85f93) srli    t6, a6, 27
core   0: 3 0x80000c54 (0x01b85f93) x31 0x00000000
core   0: 0x80000c58 (0xfec00713) li      a4, -20
core   0: 3 0x80000c58 (0xfec00713) x14 0xffffffec
core   0: 0x80000c5c (0x0013a533) slt     a0, t2, ra
core   0: 3 0x80000c5c (0x0013a533) x10 0x00000001
core   0: 0x80000c60 (0x01c03133) snez    sp, t3
core   0: 3 0x80000c60 (0x01c03133) x 2 0x00000001
core   0: 0x80000c64 (0xff678793) addi    a5, a5, -10
core   0: 3 0x80000c64 (0xff678793) x15 0xfffffff1
core   0: 0x80000c68 (0x00b20933) add     s2, tp, a1
core   0: 3 0x80000c68 (0x00b20933) x18 0x00000010
core   0: 0x80000c6c (0x00000013) nop
core   0: 3 0x80000c6c (0x00000013)
core   0: 0x80000c70 (0x34dc3837) lui     a6, 0x34dc3
core   0: 3 0x80000c70 (0x34dc3837) x16 0x34dc3000
core   0: 0x80000c74 (0xfee7d6e3) bge     a5, a4, pc - 20
core   0: 3 0x80000c74 (0xfee7d6e3)
core   0: 0x80000c60 (0x01c03133) snez    sp, t3
core   0: 3 0x80000c60 (0x01c03133) x 2 0x00000001
core   0: 0x80000c64 (0xff678793) addi    a5, a5, -10
core   0: 3 0x80000c64 (0xff678793) x15 0xffffffe7
core   0: 0x80000c68 (0x00b20933) add     s2, tp, a1
core   0: 3 0x80000c68 (0x00b20933) x18 0x00000010
core   0: 0x80000c6c (0x00000013) nop
core   0: 3 0x80000c6c (0x00000013)
core   0: 0x80000c70 (0x34dc3837) lui     a6, 0x34dc3
core   0: 3 0x80000c70 (0x34dc3837) x16 0x34dc3000
core   0: 0x80000c74 (0xfee7d6e3) bge     a5, a4, pc - 20
core   0: 3 0x80000c74 (0xfee7d6e3)
core   0: 0x80000c78 (0x012d1c93) slli    s9, s10, 18
core   0: 3 0x80000c78 (0x012d1c93) x25 0x00000000
core   0: 0x80000c7c (0x0040d813) srli    a6, ra, 4
core   0: 3 0x80000c7c (0x0040d813) x16 0x06977a00
core   0: 0x80000c80 (0x41ef5093) srai    ra, t5, 30
core   0: 3 0x80000c80 (0x41ef5093) x 1 0x00000000
core   0: 0x80000c84 (0xa051e193) ori     gp, gp, -1531
core   0: 3 0x80000c84 (0xa051e193) x 3 0xfffffa05
core   0: 0x80000c88 (0x00161413) slli    s0, a2, 1
core   0: 3 0x80000c88 (0x00161413) x 8 0xfffffff4
core   0: 0x80000c8c (0x00941a13) slli    s4, s0, 9
core   0: 3 0x80000c8c (0x00941a13) x20 0xffffe800
core   0: 0x80000c90 (0x407ed333) sra     t1, t4, t2
core   0: 3 0x80000c90 (0x407ed333) x 6 0x00000001
core   0: 0x80000c94 (0x006c3fb3) sltu    t6, s8, t1
core   0: 3 0x80000c94 (0x006c3fb3) x31 0x00000000
core   0: 0x80000c98 (0xfbb650e3) bge     a2, s11, pc - 96
core   0: 3 0x80000c98 (0xfbb650e3)
core   0: 0x80000c38 (0xe5cc2893) slti    a7, s8, -420
core   0: 3 0x80000c38 (0xe5cc2893) x17 0x00000000
core   0: 0x80000c3c (0x6977a0b7) lui     ra, 0x6977a
core   0: 3 0x80000c3c (0x6977a0b7) x 1 0x6977a000
core   0: 0x80000c40 (0x0039bf33) sltu    t5, s3, gp
core   0: 3 0x80000c40 (0x0039bf33) x30 0x00000001
core   0: 0x80000c44 (0x12fcfd13) andi    s10, s9, 303
core   0: 3 0x80000c44 (0x12fcfd13) x26 0x00000000
core   0: 0x80000c48 (0xfff60613) addi    a2, a2, -1
core   0: 3 0x80000c48 (0xfff60613) x12 0xfffffff9
core   0: 0x80000c4c (0xffb00793) li      a5, -5
core   0: 3 0x80000c4c (0xffb00793) x15 0xfffffffb
core   0: 0x80000c50 (0x5cdcfc93) andi    s9, s9, 1485
core   0: 3 0x80000c50 (0x5cdcfc93) x25 0x00000000
core   0: 0x80000c54 (0x01b85f93) srli    t6, a6, 27
core   0: 3 0x80000c54 (0x01b85f93) x31 0x00000000
core   0: 0x80000c58 (0xfec00713) li      a4, -20
core   0: 3 0x80000c58 (0xfec00713) x14 0xffffffec
core   0: 0x80000c5c (0x0013a533) slt     a0, t2, ra
core   0: 3 0x80000c5c (0x0013a533) x10 0x00000001
core   0: 0x80000c60 (0x01c03133) snez    sp, t3
core   0: 3 0x80000c60 (0x01c03133) x 2 0x00000001
core   0: 0x80000c64 (0xff678793) addi    a5, a5, -10
core   0: 3 0x80000c64 (0xff678793) x15 0xfffffff1
core   0: 0x80000c68 (0x00b20933) add     s2, tp, a1
core   0: 3 0x80000c68 (0x00b20933) x18 0x00000010
core   0: 0x80000c6c (0x00000013) nop
core   0: 3 0x80000c6c (0x00000013)
core   0: 0x80000c70 (0x34dc3837) lui     a6, 0x34dc3
core   0: 3 0x80000c70 (0x34dc3837) x16 0x34dc3000
core   0: 0x80000c74 (0xfee7d6e3) bge     a5, a4, pc - 20
core   0: 3 0x80000c74 (0xfee7d6e3)
core   0: 0x80000c60 (0x01c03133) snez    sp, t3
core   0: 3 0x80000c60 (0x01c03133) x 2 0x00000001
core   0: 0x80000c64 (0xff678793) addi    a5, a5, -10
core   0: 3 0x80000c64 (0xff678793) x15 0xffffffe7
core   0: 0x80000c68 (0x00b20933) add     s2, tp, a1
core   0: 3 0x80000c68 (0x00b20933) x18 0x00000010
core   0: 0x80000c6c (0x00000013) nop
core   0: 3 0x80000c6c (0x00000013)
core   0: 0x80000c70 (0x34dc3837) lui     a6, 0x34dc3
core   0: 3 0x80000c70 (0x34dc3837) x16 0x34dc3000
core   0: 0x80000c74 (0xfee7d6e3) bge     a5, a4, pc - 20
core   0: 3 0x80000c74 (0xfee7d6e3)
core   0: 0x80000c78 (0x012d1c93) slli    s9, s10, 18
core   0: 3 0x80000c78 (0x012d1c93) x25 0x00000000
core   0: 0x80000c7c (0x0040d813) srli    a6, ra, 4
core   0: 3 0x80000c7c (0x0040d813) x16 0x06977a00
core   0: 0x80000c80 (0x41ef5093) srai    ra, t5, 30
core   0: 3 0x80000c80 (0x41ef5093) x 1 0x00000000
core   0: 0x80000c84 (0xa051e193) ori     gp, gp, -1531
core   0: 3 0x80000c84 (0xa051e193) x 3 0xfffffa05
core   0: 0x80000c88 (0x00161413) slli    s0, a2, 1
core   0: 3 0x80000c88 (0x00161413) x 8 0xfffffff2
core   0: 0x80000c8c (0x00941a13) slli    s4, s0, 9
core   0: 3 0x80000c8c (0x00941a13) x20 0xffffe400
core   0: 0x80000c90 (0x407ed333) sra     t1, t4, t2
core   0: 3 0x80000c90 (0x407ed333) x 6 0x00000001
core   0: 0x80000c94 (0x006c3fb3) sltu    t6, s8, t1
core   0: 3 0x80000c94 (0x006c3fb3) x31 0x00000000
core   0: 0x80000c98 (0xfbb650e3) bge     a2, s11, pc - 96
core   0: 3 0x80000c98 (0xfbb650e3)
core   0: 0x80000c38 (0xe5cc2893) slti    a7, s8, -420
core   0: 3 0x80000c38 (0xe5cc2893) x17 0x00000000
core   0: 0x80000c3c (0x6977a0b7) lui     ra, 0x6977a
core   0: 3 0x80000c3c (0x6977a0b7) x 1 0x6977a000
core   0: 0x80000c40 (0x0039bf33) sltu    t5, s3, gp
core   0: 3 0x80000c40 (0x0039bf33) x30 0x00000001
core   0: 0x80000c44 (0x12fcfd13) andi    s10, s9, 303
core   0: 3 0x80000c44 (0x12fcfd13) x26 0x00000000
core   0: 0x80000c48 (0xfff60613) addi    a2, a2, -1
core   0: 3 0x80000c48 (0xfff60613) x12 0xfffffff8
core   0: 0x80000c4c (0xffb00793) li      a5, -5
core   0: 3 0x80000c4c (0xffb00793) x15 0xfffffffb
core   0: 0x80000c50 (0x5cdcfc93) andi    s9, s9, 1485
core   0: 3 0x80000c50 (0x5cdcfc93) x25 0x00000000
core   0: 0x80000c54 (0x01b85f93) srli    t6, a6, 27
core   0: 3 0x80000c54 (0x01b85f93) x31 0x00000000
core   0: 0x80000c58 (0xfec00713) li      a4, -20
core   0: 3 0x80000c58 (0xfec00713) x14 0xffffffec
core   0: 0x80000c5c (0x0013a533) slt     a0, t2, ra
core   0: 3 0x80000c5c (0x0013a533) x10 0x00000001
core   0: 0x80000c60 (0x01c03133) snez    sp, t3
core   0: 3 0x80000c60 (0x01c03133) x 2 0x00000001
core   0: 0x80000c64 (0xff678793) addi    a5, a5, -10
core   0: 3 0x80000c64 (0xff678793) x15 0xfffffff1
core   0: 0x80000c68 (0x00b20933) add     s2, tp, a1
core   0: 3 0x80000c68 (0x00b20933) x18 0x00000010
core   0: 0x80000c6c (0x00000013) nop
core   0: 3 0x80000c6c (0x00000013)
core   0: 0x80000c70 (0x34dc3837) lui     a6, 0x34dc3
core   0: 3 0x80000c70 (0x34dc3837) x16 0x34dc3000
core   0: 0x80000c74 (0xfee7d6e3) bge     a5, a4, pc - 20
core   0: 3 0x80000c74 (0xfee7d6e3)
core   0: 0x80000c60 (0x01c03133) snez    sp, t3
core   0: 3 0x80000c60 (0x01c03133) x 2 0x00000001
core   0: 0x80000c64 (0xff678793) addi    a5, a5, -10
core   0: 3 0x80000c64 (0xff678793) x15 0xffffffe7
core   0: 0x80000c68 (0x00b20933) add     s2, tp, a1
core   0: 3 0x80000c68 (0x00b20933) x18 0x00000010
core   0: 0x80000c6c (0x00000013) nop
core   0: 3 0x80000c6c (0x00000013)
core   0: 0x80000c70 (0x34dc3837) lui     a6, 0x34dc3
core   0: 3 0x80000c70 (0x34dc3837) x16 0x34dc3000
core   0: 0x80000c74 (0xfee7d6e3) bge     a5, a4, pc - 20
core   0: 3 0x80000c74 (0xfee7d6e3)
core   0: 0x80000c78 (0x012d1c93) slli    s9, s10, 18
core   0: 3 0x80000c78 (0x012d1c93) x25 0x00000000
core   0: 0x80000c7c (0x0040d813) srli    a6, ra, 4
core   0: 3 0x80000c7c (0x0040d813) x16 0x06977a00
core   0: 0x80000c80 (0x41ef5093) srai    ra, t5, 30
core   0: 3 0x80000c80 (0x41ef5093) x 1 0x00000000
core   0: 0x80000c84 (0xa051e193) ori     gp, gp, -1531
core   0: 3 0x80000c84 (0xa051e193) x 3 0xfffffa05
core   0: 0x80000c88 (0x00161413) slli    s0, a2, 1
core   0: 3 0x80000c88 (0x00161413) x 8 0xfffffff0
core   0: 0x80000c8c (0x00941a13) slli    s4, s0, 9
core   0: 3 0x80000c8c (0x00941a13) x20 0xffffe000
core   0: 0x80000c90 (0x407ed333) sra     t1, t4, t2
core   0: 3 0x80000c90 (0x407ed333) x 6 0x00000001
core   0: 0x80000c94 (0x006c3fb3) sltu    t6, s8, t1
core   0: 3 0x80000c94 (0x006c3fb3) x31 0x00000000
core   0: 0x80000c98 (0xfbb650e3) bge     a2, s11, pc - 96
core   0: 3 0x80000c98 (0xfbb650e3)
core   0: 0x80000c38 (0xe5cc2893) slti    a7, s8, -420
core   0: 3 0x80000c38 (0xe5cc2893) x17 0x00000000
core   0: 0x80000c3c (0x6977a0b7) lui     ra, 0x6977a
core   0: 3 0x80000c3c (0x6977a0b7) x 1 0x6977a000
core   0: 0x80000c40 (0x0039bf33) sltu    t5, s3, gp
core   0: 3 0x80000c40 (0x0039bf33) x30 0x00000001
core   0: 0x80000c44 (0x12fcfd13) andi    s10, s9, 303
core   0: 3 0x80000c44 (0x12fcfd13) x26 0x00000000
core   0: 0x80000c48 (0xfff60613) addi    a2, a2, -1
core   0: 3 0x80000c48 (0xfff60613) x12 0xfffffff7
core   0: 0x80000c4c (0xffb00793) li      a5, -5
core   0: 3 0x80000c4c (0xffb00793) x15 0xfffffffb
core   0: 0x80000c50 (0x5cdcfc93) andi    s9, s9, 1485
core   0: 3 0x80000c50 (0x5cdcfc93) x25 0x00000000
core   0: 0x80000c54 (0x01b85f93) srli    t6, a6, 27
core   0: 3 0x80000c54 (0x01b85f93) x31 0x00000000
core   0: 0x80000c58 (0xfec00713) li      a4, -20
core   0: 3 0x80000c58 (0xfec00713) x14 0xffffffec
core   0: 0x80000c5c (0x0013a533) slt     a0, t2, ra
core   0: 3 0x80000c5c (0x0013a533) x10 0x00000001
core   0: 0x80000c60 (0x01c03133) snez    sp, t3
core   0: 3 0x80000c60 (0x01c03133) x 2 0x00000001
core   0: 0x80000c64 (0xff678793) addi    a5, a5, -10
core   0: 3 0x80000c64 (0xff678793) x15 0xfffffff1
core   0: 0x80000c68 (0x00b20933) add     s2, tp, a1
core   0: 3 0x80000c68 (0x00b20933) x18 0x00000010
core   0: 0x80000c6c (0x00000013) nop
core   0: 3 0x80000c6c (0x00000013)
core   0: 0x80000c70 (0x34dc3837) lui     a6, 0x34dc3
core   0: 3 0x80000c70 (0x34dc3837) x16 0x34dc3000
core   0: 0x80000c74 (0xfee7d6e3) bge     a5, a4, pc - 20
core   0: 3 0x80000c74 (0xfee7d6e3)
core   0: 0x80000c60 (0x01c03133) snez    sp, t3
core   0: 3 0x80000c60 (0x01c03133) x 2 0x00000001
core   0: 0x80000c64 (0xff678793) addi    a5, a5, -10
core   0: 3 0x80000c64 (0xff678793) x15 0xffffffe7
core   0: 0x80000c68 (0x00b20933) add     s2, tp, a1
core   0: 3 0x80000c68 (0x00b20933) x18 0x00000010
core   0: 0x80000c6c (0x00000013) nop
core   0: 3 0x80000c6c (0x00000013)
core   0: 0x80000c70 (0x34dc3837) lui     a6, 0x34dc3
core   0: 3 0x80000c70 (0x34dc3837) x16 0x34dc3000
core   0: 0x80000c74 (0xfee7d6e3) bge     a5, a4, pc - 20
core   0: 3 0x80000c74 (0xfee7d6e3)
core   0: 0x80000c78 (0x012d1c93) slli    s9, s10, 18
core   0: 3 0x80000c78 (0x012d1c93) x25 0x00000000
core   0: 0x80000c7c (0x0040d813) srli    a6, ra, 4
core   0: 3 0x80000c7c (0x0040d813) x16 0x06977a00
core   0: 0x80000c80 (0x41ef5093) srai    ra, t5, 30
core   0: 3 0x80000c80 (0x41ef5093) x 1 0x00000000
core   0: 0x80000c84 (0xa051e193) ori     gp, gp, -1531
core   0: 3 0x80000c84 (0xa051e193) x 3 0xfffffa05
core   0: 0x80000c88 (0x00161413) slli    s0, a2, 1
core   0: 3 0x80000c88 (0x00161413) x 8 0xffffffee
core   0: 0x80000c8c (0x00941a13) slli    s4, s0, 9
core   0: 3 0x80000c8c (0x00941a13) x20 0xffffdc00
core   0: 0x80000c90 (0x407ed333) sra     t1, t4, t2
core   0: 3 0x80000c90 (0x407ed333) x 6 0x00000001
core   0: 0x80000c94 (0x006c3fb3) sltu    t6, s8, t1
core   0: 3 0x80000c94 (0x006c3fb3) x31 0x00000000
core   0: 0x80000c98 (0xfbb650e3) bge     a2, s11, pc - 96
core   0: 3 0x80000c98 (0xfbb650e3)
core   0: 0x80000c38 (0xe5cc2893) slti    a7, s8, -420
core   0: 3 0x80000c38 (0xe5cc2893) x17 0x00000000
core   0: 0x80000c3c (0x6977a0b7) lui     ra, 0x6977a
core   0: 3 0x80000c3c (0x6977a0b7) x 1 0x6977a000
core   0: 0x80000c40 (0x0039bf33) sltu    t5, s3, gp
core   0: 3 0x80000c40 (0x0039bf33) x30 0x00000001
core   0: 0x80000c44 (0x12fcfd13) andi    s10, s9, 303
core   0: 3 0x80000c44 (0x12fcfd13) x26 0x00000000
core   0: 0x80000c48 (0xfff60613) addi    a2, a2, -1
core   0: 3 0x80000c48 (0xfff60613) x12 0xfffffff6
core   0: 0x80000c4c (0xffb00793) li      a5, -5
core   0: 3 0x80000c4c (0xffb00793) x15 0xfffffffb
core   0: 0x80000c50 (0x5cdcfc93) andi    s9, s9, 1485
core   0: 3 0x80000c50 (0x5cdcfc93) x25 0x00000000
core   0: 0x80000c54 (0x01b85f93) srli    t6, a6, 27
core   0: 3 0x80000c54 (0x01b85f93) x31 0x00000000
core   0: 0x80000c58 (0xfec00713) li      a4, -20
core   0: 3 0x80000c58 (0xfec00713) x14 0xffffffec
core   0: 0x80000c5c (0x0013a533) slt     a0, t2, ra
core   0: 3 0x80000c5c (0x0013a533) x10 0x00000001
core   0: 0x80000c60 (0x01c03133) snez    sp, t3
core   0: 3 0x80000c60 (0x01c03133) x 2 0x00000001
core   0: 0x80000c64 (0xff678793) addi    a5, a5, -10
core   0: 3 0x80000c64 (0xff678793) x15 0xfffffff1
core   0: 0x80000c68 (0x00b20933) add     s2, tp, a1
core   0: 3 0x80000c68 (0x00b20933) x18 0x00000010
core   0: 0x80000c6c (0x00000013) nop
core   0: 3 0x80000c6c (0x00000013)
core   0: 0x80000c70 (0x34dc3837) lui     a6, 0x34dc3
core   0: 3 0x80000c70 (0x34dc3837) x16 0x34dc3000
core   0: 0x80000c74 (0xfee7d6e3) bge     a5, a4, pc - 20
core   0: 3 0x80000c74 (0xfee7d6e3)
core   0: 0x80000c60 (0x01c03133) snez    sp, t3
core   0: 3 0x80000c60 (0x01c03133) x 2 0x00000001
core   0: 0x80000c64 (0xff678793) addi    a5, a5, -10
core   0: 3 0x80000c64 (0xff678793) x15 0xffffffe7
core   0: 0x80000c68 (0x00b20933) add     s2, tp, a1
core   0: 3 0x80000c68 (0x00b20933) x18 0x00000010
core   0: 0x80000c6c (0x00000013) nop
core   0: 3 0x80000c6c (0x00000013)
core   0: 0x80000c70 (0x34dc3837) lui     a6, 0x34dc3
core   0: 3 0x80000c70 (0x34dc3837) x16 0x34dc3000
core   0: 0x80000c74 (0xfee7d6e3) bge     a5, a4, pc - 20
core   0: 3 0x80000c74 (0xfee7d6e3)
core   0: 0x80000c78 (0x012d1c93) slli    s9, s10, 18
core   0: 3 0x80000c78 (0x012d1c93) x25 0x00000000
core   0: 0x80000c7c (0x0040d813) srli    a6, ra, 4
core   0: 3 0x80000c7c (0x0040d813) x16 0x06977a00
core   0: 0x80000c80 (0x41ef5093) srai    ra, t5, 30
core   0: 3 0x80000c80 (0x41ef5093) x 1 0x00000000
core   0: 0x80000c84 (0xa051e193) ori     gp, gp, -1531
core   0: 3 0x80000c84 (0xa051e193) x 3 0xfffffa05
core   0: 0x80000c88 (0x00161413) slli    s0, a2, 1
core   0: 3 0x80000c88 (0x00161413) x 8 0xffffffec
core   0: 0x80000c8c (0x00941a13) slli    s4, s0, 9
core   0: 3 0x80000c8c (0x00941a13) x20 0xffffd800
core   0: 0x80000c90 (0x407ed333) sra     t1, t4, t2
core   0: 3 0x80000c90 (0x407ed333) x 6 0x00000001
core   0: 0x80000c94 (0x006c3fb3) sltu    t6, s8, t1
core   0: 3 0x80000c94 (0x006c3fb3) x31 0x00000000
core   0: 0x80000c98 (0xfbb650e3) bge     a2, s11, pc - 96
core   0: 3 0x80000c98 (0xfbb650e3)
core   0: 0x80000c38 (0xe5cc2893) slti    a7, s8, -420
core   0: 3 0x80000c38 (0xe5cc2893) x17 0x00000000
core   0: 0x80000c3c (0x6977a0b7) lui     ra, 0x6977a
core   0: 3 0x80000c3c (0x6977a0b7) x 1 0x6977a000
core   0: 0x80000c40 (0x0039bf33) sltu    t5, s3, gp
core   0: 3 0x80000c40 (0x0039bf33) x30 0x00000001
core   0: 0x80000c44 (0x12fcfd13) andi    s10, s9, 303
core   0: 3 0x80000c44 (0x12fcfd13) x26 0x00000000
core   0: 0x80000c48 (0xfff60613) addi    a2, a2, -1
core   0: 3 0x80000c48 (0xfff60613) x12 0xfffffff5
core   0: 0x80000c4c (0xffb00793) li      a5, -5
core   0: 3 0x80000c4c (0xffb00793) x15 0xfffffffb
core   0: 0x80000c50 (0x5cdcfc93) andi    s9, s9, 1485
core   0: 3 0x80000c50 (0x5cdcfc93) x25 0x00000000
core   0: 0x80000c54 (0x01b85f93) srli    t6, a6, 27
core   0: 3 0x80000c54 (0x01b85f93) x31 0x00000000
core   0: 0x80000c58 (0xfec00713) li      a4, -20
core   0: 3 0x80000c58 (0xfec00713) x14 0xffffffec
core   0: 0x80000c5c (0x0013a533) slt     a0, t2, ra
core   0: 3 0x80000c5c (0x0013a533) x10 0x00000001
core   0: 0x80000c60 (0x01c03133) snez    sp, t3
core   0: 3 0x80000c60 (0x01c03133) x 2 0x00000001
core   0: 0x80000c64 (0xff678793) addi    a5, a5, -10
core   0: 3 0x80000c64 (0xff678793) x15 0xfffffff1
core   0: 0x80000c68 (0x00b20933) add     s2, tp, a1
core   0: 3 0x80000c68 (0x00b20933) x18 0x00000010
core   0: 0x80000c6c (0x00000013) nop
core   0: 3 0x80000c6c (0x00000013)
core   0: 0x80000c70 (0x34dc3837) lui     a6, 0x34dc3
core   0: 3 0x80000c70 (0x34dc3837) x16 0x34dc3000
core   0: 0x80000c74 (0xfee7d6e3) bge     a5, a4, pc - 20
core   0: 3 0x80000c74 (0xfee7d6e3)
core   0: 0x80000c60 (0x01c03133) snez    sp, t3
core   0: 3 0x80000c60 (0x01c03133) x 2 0x00000001
core   0: 0x80000c64 (0xff678793) addi    a5, a5, -10
core   0: 3 0x80000c64 (0xff678793) x15 0xffffffe7
core   0: 0x80000c68 (0x00b20933) add     s2, tp, a1
core   0: 3 0x80000c68 (0x00b20933) x18 0x00000010
core   0: 0x80000c6c (0x00000013) nop
core   0: 3 0x80000c6c (0x00000013)
core   0: 0x80000c70 (0x34dc3837) lui     a6, 0x34dc3
core   0: 3 0x80000c70 (0x34dc3837) x16 0x34dc3000
core   0: 0x80000c74 (0xfee7d6e3) bge     a5, a4, pc - 20
core   0: 3 0x80000c74 (0xfee7d6e3)
core   0: 0x80000c78 (0x012d1c93) slli    s9, s10, 18
core   0: 3 0x80000c78 (0x012d1c93) x25 0x00000000
core   0: 0x80000c7c (0x0040d813) srli    a6, ra, 4
core   0: 3 0x80000c7c (0x0040d813) x16 0x06977a00
core   0: 0x80000c80 (0x41ef5093) srai    ra, t5, 30
core   0: 3 0x80000c80 (0x41ef5093) x 1 0x00000000
core   0: 0x80000c84 (0xa051e193) ori     gp, gp, -1531
core   0: 3 0x80000c84 (0xa051e193) x 3 0xfffffa05
core   0: 0x80000c88 (0x00161413) slli    s0, a2, 1
core   0: 3 0x80000c88 (0x00161413) x 8 0xffffffea
core   0: 0x80000c8c (0x00941a13) slli    s4, s0, 9
core   0: 3 0x80000c8c (0x00941a13) x20 0xffffd400
core   0: 0x80000c90 (0x407ed333) sra     t1, t4, t2
core   0: 3 0x80000c90 (0x407ed333) x 6 0x00000001
core   0: 0x80000c94 (0x006c3fb3) sltu    t6, s8, t1
core   0: 3 0x80000c94 (0x006c3fb3) x31 0x00000000
core   0: 0x80000c98 (0xfbb650e3) bge     a2, s11, pc - 96
core   0: 3 0x80000c98 (0xfbb650e3)
core   0: 0x80000c9c (0xe0533f93) sltiu   t6, t1, -507
core   0: 3 0x80000c9c (0xe0533f93) x31 0x00000001
core   0: 0x80000ca0 (0xff600193) li      gp, -10
core   0: 3 0x80000ca0 (0xff600193) x 3 0xfffffff6
core   0: 0x80000ca4 (0x008498b3) sll     a7, s1, s0
core   0: 3 0x80000ca4 (0x008498b3) x17 0x0a339000
core   0: 0x80000ca8 (0xff000913) li      s2, -16
core   0: 3 0x80000ca8 (0xff000913) x18 0xfffffff0
core   0: 0x80000cac (0x01a3efb3) or      t6, t2, s10
core   0: 3 0x80000cac (0x01a3efb3) x31 0x00000001
core   0: 0x80000cb0 (0xffd18193) addi    gp, gp, -3
core   0: 3 0x80000cb0 (0xffd18193) x 3 0xfffffff3
core   0: 0x80000cb4 (0x00400c13) li      s8, 4
core   0: 3 0x80000cb4 (0x00400c13) x24 0x00000004
core   0: 0x80000cb8 (0x40d65db3) sra     s11, a2, a3
core   0: 3 0x80000cb8 (0x40d65db3) x27 0xffffffff
core   0: 0x80000cbc (0xffa00093) li      ra, -6
core   0: 3 0x80000cbc (0xffa00093) x 1 0xfffffffa
core   0: 0x80000cc0 (0xfd36f613) andi    a2, a3, -45
core   0: 3 0x80000cc0 (0xfd36f613) x12 0xffffffc1
core   0: 0x80000cc4 (0xff7c0c13) addi    s8, s8, -9
core   0: 3 0x80000cc4 (0xff7c0c13) x24 0xfffffffb
core   0: 0x80000cc8 (0xfe1c5ce3) bge     s8, ra, pc - 8
core   0: 3 0x80000cc8 (0xfe1c5ce3)
core   0: 0x80000cc0 (0xfd36f613) andi    a2, a3, -45
core   0: 3 0x80000cc0 (0xfd36f613) x12 0xffffffc1
core   0: 0x80000cc4 (0xff7c0c13) addi    s8, s8, -9
core   0: 3 0x80000cc4 (0xff7c0c13) x24 0xfffffff2
core   0: 0x80000cc8 (0xfe1c5ce3) bge     s8, ra, pc - 8
core   0: 3 0x80000cc8 (0xfe1c5ce3)
core   0: 0x80000ccc (0xff21d0e3) bge     gp, s2, pc - 32
core   0: 3 0x80000ccc (0xff21d0e3)
core   0: 0x80000cac (0x01a3efb3) or      t6, t2, s10
core   0: 3 0x80000cac (0x01a3efb3) x31 0x00000001
core   0: 0x80000cb0 (0xffd18193) addi    gp, gp, -3
core   0: 3 0x80000cb0 (0xffd18193) x 3 0xfffffff0
core   0: 0x80000cb4 (0x00400c13) li      s8, 4
core   0: 3 0x80000cb4 (0x00400c13) x24 0x00000004
core   0: 0x80000cb8 (0x40d65db3) sra     s11, a2, a3
core   0: 3 0x80000cb8 (0x40d65db3) x27 0xffffffff
core   0: 0x80000cbc (0xffa00093) li      ra, -6
core   0: 3 0x80000cbc (0xffa00093) x 1 0xfffffffa
core   0: 0x80000cc0 (0xfd36f613) andi    a2, a3, -45
core   0: 3 0x80000cc0 (0xfd36f613) x12 0xffffffc1
core   0: 0x80000cc4 (0xff7c0c13) addi    s8, s8, -9
core   0: 3 0x80000cc4 (0xff7c0c13) x24 0xfffffffb
core   0: 0x80000cc8 (0xfe1c5ce3) bge     s8, ra, pc - 8
core   0: 3 0x80000cc8 (0xfe1c5ce3)
core   0: 0x80000cc0 (0xfd36f613) andi    a2, a3, -45
core   0: 3 0x80000cc0 (0xfd36f613) x12 0xffffffc1
core   0: 0x80000cc4 (0xff7c0c13) addi    s8, s8, -9
core   0: 3 0x80000cc4 (0xff7c0c13) x24 0xfffffff2
core   0: 0x80000cc8 (0xfe1c5ce3) bge     s8, ra, pc - 8
core   0: 3 0x80000cc8 (0xfe1c5ce3)
core   0: 0x80000ccc (0xff21d0e3) bge     gp, s2, pc - 32
core   0: 3 0x80000ccc (0xff21d0e3)
core   0: 0x80000cac (0x01a3efb3) or      t6, t2, s10
core   0: 3 0x80000cac (0x01a3efb3) x31 0x00000001
core   0: 0x80000cb0 (0xffd18193) addi    gp, gp, -3
core   0: 3 0x80000cb0 (0xffd18193) x 3 0xffffffed
core   0: 0x80000cb4 (0x00400c13) li      s8, 4
core   0: 3 0x80000cb4 (0x00400c13) x24 0x00000004
core   0: 0x80000cb8 (0x40d65db3) sra     s11, a2, a3
core   0: 3 0x80000cb8 (0x40d65db3) x27 0xffffffff
core   0: 0x80000cbc (0xffa00093) li      ra, -6
core   0: 3 0x80000cbc (0xffa00093) x 1 0xfffffffa
core   0: 0x80000cc0 (0xfd36f613) andi    a2, a3, -45
core   0: 3 0x80000cc0 (0xfd36f613) x12 0xffffffc1
core   0: 0x80000cc4 (0xff7c0c13) addi    s8, s8, -9
core   0: 3 0x80000cc4 (0xff7c0c13) x24 0xfffffffb
core   0: 0x80000cc8 (0xfe1c5ce3) bge     s8, ra, pc - 8
core   0: 3 0x80000cc8 (0xfe1c5ce3)
core   0: 0x80000cc0 (0xfd36f613) andi    a2, a3, -45
core   0: 3 0x80000cc0 (0xfd36f613) x12 0xffffffc1
core   0: 0x80000cc4 (0xff7c0c13) addi    s8, s8, -9
core   0: 3 0x80000cc4 (0xff7c0c13) x24 0xfffffff2
core   0: 0x80000cc8 (0xfe1c5ce3) bge     s8, ra, pc - 8
core   0: 3 0x80000cc8 (0xfe1c5ce3)
core   0: 0x80000ccc (0xff21d0e3) bge     gp, s2, pc - 32
core   0: 3 0x80000ccc (0xff21d0e3)
core   0: 0x80000cd0 (0x415006b3) sub     a3, zero, s5
core   0: 3 0x80000cd0 (0x415006b3) x13 0x024fed45
core   0: 0x80000cd4 (0x00600513) li      a0, 6
core   0: 3 0x80000cd4 (0x00600513) x10 0x00000006
core   0: 0x80000cd8 (0xcdda0793) addi    a5, s4, -803
core   0: 3 0x80000cd8 (0xcdda0793) x15 0xffffd0dd
core   0: 0x80000cdc (0x01065c93) srli    s9, a2, 16
core   0: 3 0x80000cdc (0x01065c93) x25 0x0000ffff
core   0: 0x80000ce0 (0x0000100f) fence.i
core   0: 3 0x80000ce0 (0x0000100f)
core   0: 0x80000ce4 (0x00b6f5b3) and     a1, a3, a1
core   0: 3 0x80000ce4 (0x00b6f5b3) x11 0x00000004
core   0: 0x80000ce8 (0x00372eb3) slt     t4, a4, gp
core   0: 3 0x80000ce8 (0x00372eb3) x29 0x00000001
core   0: 0x80000cec (0x00a00e13) li      t3, 10
core   0: 3 0x80000cec (0x00a00e13) x28 0x0000000a
core   0: 0x80000cf0 (0x411f5113) srai    sp, t5, 17
core   0: 3 0x80000cf0 (0x411f5113) x 2 0x00000000
core   0: 0x80000cf4 (0x3ff17f93) andi    t6, sp, 1023
core   0: 3 0x80000cf4 (0x3ff17f93) x31 0x00000000
core   0: 0x80000cf8 (0x00f68a33) add     s4, a3, a5
core   0: 3 0x80000cf8 (0x00f68a33) x20 0x024fbe22
core   0: 0x80000cfc (0x0000100f) fence.i
core   0: 3 0x80000cfc (0x0000100f)
core   0: 0x80000d00 (0x00450513) addi    a0, a0, 4
core   0: 3 0x80000d00 (0x00450513) x10 0x0000000a
core   0: 0x80000d04 (0x012e3cb3) sltu    s9, t3, s2
core   0: 3 0x80000d04 (0x012e3cb3) x25 0x00000001
core   0: 0x80000d08 (0x0074d233) srl     tp, s1, t2
core   0: 3 0x80000d08 (0x0074d233) x 4 0x40014672
core   0: 0x80000d0c (0x00a669b3) or      s3, a2, a0
core   0: 3 0x80000d0c (0x00a669b3) x19 0xffffffcb
core   0: 0x80000d10 (0xb3aa3993) sltiu   s3, s4, -1222
core   0: 3 0x80000d10 (0xb3aa3993) x19 0x00000001
core   0: 0x80000d14 (0x3df2cf13) xori    t5, t0, 991
core   0: 3 0x80000d14 (0x3df2cf13) x30 0x000002da
core   0: 0x80000d18 (0x00e18d33) add     s10, gp, a4
core   0: 3 0x80000d18 (0x00e18d33) x26 0xffffffd9
core   0: 0x80000d1c (0x2f7f0037) lui     zero, 0x2f7f0
core   0: 3 0x80000d1c (0x2f7f0037)
core   0: 0x80000d20 (0x403509b3) sub     s3, a0, gp
core   0: 3 0x80000d20 (0x403509b3) x19 0x0000001d
core   0: 0x80000d24 (0x0000100f) fence.i
core   0: 3 0x80000d24 (0x0000100f)
core   0: 0x80000d28 (0x0015b6b3) sltu    a3, a1, ra
core   0: 3 0x80000d28 (0x0015b6b3) x13 0x00000001
core   0: 0x80000d2c (0x01612033) slt     zero, sp, s6
core   0: 3 0x80000d2c (0x01612033)
core   0: 0x80000d30 (0x003437b3) sltu    a5, s0, gp
core   0: 3 0x80000d30 (0x003437b3) x15 0x00000001
core   0: 0x80000d34 (0x2affb593) sltiu   a1, t6, 687
core   0: 3 0x80000d34 (0x2affb593) x11 0x00000001
core   0: 0x80000d38 (0x01793433) sltu    s0, s2, s7
core   0: 3 0x80000d38 (0x01793433) x 8 0x00000000
core   0: 0x80000d3c (0xfbc50ce3) beq     a0, t3, pc - 72
core   0: 3 0x80000d3c (0xfbc50ce3)
core   0: 0x80000cf4 (0x3ff17f93) andi    t6, sp, 1023
core   0: 3 0x80000cf4 (0x3ff17f93) x31 0x00000000
core   0: 0x80000cf8 (0x00f68a33) add     s4, a3, a5
core   0: 3 0x80000cf8 (0x00f68a33) x20 0x00000002
core   0: 0x80000cfc (0x0000100f) fence.i
core   0: 3 0x80000cfc (0x0000100f)
core   0: 0x80000d00 (0x00450513) addi    a0, a0, 4
core   0: 3 0x80000d00 (0x00450513) x10 0x0000000e
core   0: 0x80000d04 (0x012e3cb3) sltu    s9, t3, s2
core   0: 3 0x80000d04 (0x012e3cb3) x25 0x00000001
core   0: 0x80000d08 (0x0074d233) srl     tp, s1, t2
core   0: 3 0x80000d08 (0x0074d233) x 4 0x40014672
core   0: 0x80000d0c (0x00a669b3) or      s3, a2, a0
core   0: 3 0x80000d0c (0x00a669b3) x19 0xffffffcf
core   0: 0x80000d10 (0xb3aa3993) sltiu   s3, s4, -1222
core   0: 3 0x80000d10 (0xb3aa3993) x19 0x00000001
core   0: 0x80000d14 (0x3df2cf13) xori    t5, t0, 991
core   0: 3 0x80000d14 (0x3df2cf13) x30 0x000002da
core   0: 0x80000d18 (0x00e18d33) add     s10, gp, a4
core   0: 3 0x80000d18 (0x00e18d33) x26 0xffffffd9
core   0: 0x80000d1c (0x2f7f0037) lui     zero, 0x2f7f0
core   0: 3 0x80000d1c (0x2f7f0037)
core   0: 0x80000d20 (0x403509b3) sub     s3, a0, gp
core   0: 3 0x80000d20 (0x403509b3) x19 0x00000021
core   0: 0x80000d24 (0x0000100f) fence.i
core   0: 3 0x80000d24 (0x0000100f)
core   0: 0x80000d28 (0x0015b6b3) sltu    a3, a1, ra
core   0: 3 0x80000d28 (0x0015b6b3) x13 0x00000001
core   0: 0x80000d2c (0x01612033) slt     zero, sp, s6
core   0: 3 0x80000d2c (0x01612033)
core   0: 0x80000d30 (0x003437b3) sltu    a5, s0, gp
core   0: 3 0x80000d30 (0x003437b3) x15 0x00000001
core   0: 0x80000d34 (0x2affb593) sltiu   a1, t6, 687
core   0: 3 0x80000d34 (0x2affb593) x11 0x00000001
core   0: 0x80000d38 (0x01793433) sltu    s0, s2, s7
core   0: 3 0x80000d38 (0x01793433) x 8 0x00000000
core   0: 0x80000d3c (0xfbc50ce3) beq     a0, t3, pc - 72
core   0: 3 0x80000d3c (0xfbc50ce3)
core   0: 0x80000d40 (0x40d05b33) sra     s6, zero, a3
core   0: 3 0x80000d40 (0x40d05b33) x22 0x00000000
core   0: 0x80000d44 (0x00a00f93) li      t6, 10
core   0: 3 0x80000d44 (0x00a00f93) x31 0x0000000a
core   0: 0x80000d48 (0x019d1f13) slli    t5, s10, 25
core   0: 3 0x80000d48 (0x019d1f13) x30 0xb2000000
core   0: 0x80000d4c (0x6b91f7b7) lui     a5, 0x6b91f
core   0: 3 0x80000d4c (0x6b91f7b7) x15 0x6b91f000
core   0: 0x80000d50 (0x00800d13) li      s10, 8
core   0: 3 0x80000d50 (0x00800d13) x26 0x00000008
core   0: 0x80000d54 (0x00faa1b3) slt     gp, s5, a5
core   0: 3 0x80000d54 (0x00faa1b3) x 3 0x00000001
core   0: 0x80000d58 (0xcad5b993) sltiu   s3, a1, -851
core   0: 3 0x80000d58 (0xcad5b993) x19 0x00000001
core   0: 0x80000d5c (0x404f8433) sub     s0, t6, tp
core   0: 3 0x80000d5c (0x404f8433) x 8 0xbffeb998
core   0: 0x80000d60 (0xa2af6213) ori     tp, t5, -1494
core   0: 3 0x80000d60 (0xa2af6213) x 4 0xfffffa2a
core   0: 0x80000d64 (0x0ff0000f) fence   iorw,iorw
core   0: 3 0x80000d64 (0x0ff0000f)
core   0: 0x80000d68 (0xffaf8f93) addi    t6, t6, -6
core   0: 3 0x80000d68 (0xffaf8f93) x31 0x00000004
core   0: 0x80000d6c (0x00897f33) and     t5, s2, s0
core   0: 3 0x80000d6c (0x00897f33) x30 0xbffeb990
core   0: 0x80000d70 (0x0065b9b3) sltu    s3, a1, t1
core   0: 3 0x80000d70 (0x0065b9b3) x19 0x00000000
core   0: 0x80000d74 (0xffe00513) li      a0, -2
core   0: 3 0x80000d74 (0xffe00513) x10 0xfffffffe
core   0: 0x80000d78 (0x00700313) li      t1, 7
core   0: 3 0x80000d78 (0x00700313) x 6 0x00000007
core   0: 0x80000d7c (0x01a50db3) add     s11, a0, s10
core   0: 3 0x80000d7c (0x01a50db3) x27 0x00000006
core   0: 0x80000d80 (0x8c99c193) xori    gp, s3, -1847
core   0: 3 0x80000d80 (0x8c99c193) x 3 0xfffff8c9
core   0: 0x80000d84 (0x01533833) sltu    a6, t1, s5
core   0: 3 0x80000d84 (0x01533833) x16 0x00000001
core   0: 0x80000d88 (0x000aab33) slt     s6, s5, zero
core   0: 3 0x80000d88 (0x000aab33) x22 0x00000001
core   0: 0x80000d8c (0x00c60eb3) add     t4, a2, a2
core   0: 3 0x80000d8c (0x00c60eb3) x29 0xffffff82
core   0: 0x80000d90 (0x00950513) addi    a0, a0, 9
core   0: 3 0x80000d90 (0x00950513) x10 0x00000007
core   0: 0x80000d94 (0x00000013) nop
core   0: 3 0x80000d94 (0x00000013)
core   0: 0x80000d98 (0xfe6506e3) beq     a0, t1, pc - 20
core   0: 3 0x80000d98 (0xfe6506e3)
core   0: 0x80000d84 (0x01533833) sltu    a6, t1, s5
core   0: 3 0x80000d84 (0x01533833) x16 0x00000001
core   0: 0x80000d88 (0x000aab33) slt     s6, s5, zero
core   0: 3 0x80000d88 (0x000aab33) x22 0x00000001
core   0: 0x80000d8c (0x00c60eb3) add     t4, a2, a2
core   0: 3 0x80000d8c (0x00c60eb3) x29 0xffffff82
core   0: 0x80000d90 (0x00950513) addi    a0, a0, 9
core   0: 3 0x80000d90 (0x00950513) x10 0x00000010
core   0: 0x80000d94 (0x00000013) nop
core   0: 3 0x80000d94 (0x00000013)
core   0: 0x80000d98 (0xfe6506e3) beq     a0, t1, pc - 20
core   0: 3 0x80000d98 (0xfe6506e3)
core   0: 0x80000d9c (0x4074de33) sra     t3, s1, t2
core   0: 3 0x80000d9c (0x4074de33) x28 0xc0014672
core   0: 0x80000da0 (0x5866c893) xori    a7, a3, 1414
core   0: 3 0x80000da0 (0x5866c893) x17 0x00000587
core   0: 0x80000da4 (0xfbaff8e3) bgeu    t6, s10, pc - 80
core   0: 3 0x80000da4 (0xfbaff8e3)
core   0: 0x80000da8 (0xea3de193) ori     gp, s11, -349
core   0: 3 0x80000da8 (0xea3de193) x 3 0xfffffea7
core   0: 0x80000dac (0xffa00613) li      a2, -6
core   0: 3 0x80000dac (0xffa00613) x12 0xfffffffa
core   0: 0x80000db0 (0x01200293) li      t0, 18
core   0: 3 0x80000db0 (0x01200293) x 5 0x00000012
core   0: 0x80000db4 (0x00a77233) and     tp, a4, a0
core   0: 3 0x80000db4 (0x00a77233) x 4 0x00000000
core   0: 0x80000db8 (0x01eb75b3) and     a1, s6, t5
core   0: 3 0x80000db8 (0x01eb75b3) x11 0x00000000
core   0: 0x80000dbc (0x00ccb6b3) sltu    a3, s9, a2
core   0: 3 0x80000dbc (0x00ccb6b3) x13 0x00000001
core   0: 0x80000dc0 (0x00560613) addi    a2, a2, 5
core   0: 3 0x80000dc0 (0x00560613) x12 0xffffffff
core   0: 0x80000dc4 (0xfe566ae3) bltu    a2, t0, pc - 12
core   0: 3 0x80000dc4 (0xfe566ae3)
core   0: 0x80000dc8 (0x412ad393) srai    t2, s5, 18
core   0: 3 0x80000dc8 (0x412ad393) x 7 0xffffff6c
core   0: 0x80000dcc (0xff900613) li      a2, -7
core   0: 3 0x80000dcc (0xff900613) x12 0xfffffff9
core   0: 0x80000dd0 (0x00419e33) sll     t3, gp, tp
core   0: 3 0x80000dd0 (0x00419e33) x28 0xfffffea7
core   0: 0x80000dd4 (0x01d61533) sll     a0, a2, t4
core   0: 3 0x80000dd4 (0x01d61533) x10 0xffffffe4
core   0: 0x80000dd8 (0x404a86b3) sub     a3, s5, tp
core   0: 3 0x80000dd8 (0x404a86b3) x13 0xfdb012bb
core   0: 0x80000ddc (0x964be193) ori     gp, s7, -1692
core   0: 3 0x80000ddc (0x964be193) x 3 0xffffff64
core   0: 0x80000de0 (0x00000013) nop
core   0: 3 0x80000de0 (0x00000013)
core   0: 0x80000de4 (0xffe00d13) li      s10, -2
core   0: 3 0x80000de4 (0xffe00d13) x26 0xfffffffe
core   0: 0x80000de8 (0x1a9c9d97) auipc   s11, 0x1a9c9
core   0: 3 0x80000de8 (0x1a9c9d97) x27 0x9a9c9de8
core   0: 0x80000dec (0x0001a2b3) slt     t0, gp, zero
core   0: 3 0x80000dec (0x0001a2b3) x 5 0x00000001
core   0: 0x80000df0 (0x1fdd5037) lui     zero, 0x1fdd5
core   0: 3 0x80000df0 (0x1fdd5037)
core   0: 0x80000df4 (0x3120b713) sltiu   a4, ra, 786
core   0: 3 0x80000df4 (0x3120b713) x14 0x00000000
core   0: 0x80000df8 (0x01d17413) andi    s0, sp, 29
core   0: 3 0x80000df8 (0x01d17413) x 8 0x00000000
core   0: 0x80000dfc (0x22174b13) xori    s6, a4, 545
core   0: 3 0x80000dfc (0x22174b13) x22 0x00000221
core   0: 0x80000e00 (0x0ff0000f) fence   iorw,iorw
core   0: 3 0x80000e00 (0x0ff0000f)
core   0: 0x80000e04 (0x5f8b6c13) ori     s8, s6, 1528
core   0: 3 0x80000e04 (0x5f8b6c13) x24 0x000007f9
core   0: 0x80000e08 (0x4db73f93) sltiu   t6, a4, 1243
core   0: 3 0x80000e08 (0x4db73f93) x31 0x00000001
core   0: 0x80000e0c (0x00260613) addi    a2, a2, 2
core   0: 3 0x80000e0c (0x00260613) x12 0xfffffffb
core   0: 0x80000e10 (0x0104f433) and     s0, s1, a6
core   0: 3 0x80000e10 (0x0104f433) x 8 0x00000000
core   0: 0x80000e14 (0x25007937) lui     s2, 0x25007
core   0: 3 0x80000e14 (0x25007937) x18 0x25007000
core   0: 0x80000e18 (0x00400393) li      t2, 4
core   0: 3 0x80000e18 (0x00400393) x 7 0x00000004
core   0: 0x80000e1c (0x85322b13) slti    s6, tp, -1965
core   0: 3 0x80000e1c (0x85322b13) x22 0x00000000
core   0: 0x80000e20 (0x00aabf33) sltu    t5, s5, a0
core   0: 3 0x80000e20 (0x00aabf33) x30 0x00000001
core   0: 0x80000e24 (0x00a00113) li      sp, 10
core   0: 3 0x80000e24 (0x00a00113) x 2 0x0000000a
core   0: 0x80000e28 (0x00000013) nop
core   0: 3 0x80000e28 (0x00000013)
core   0: 0x80000e2c (0x00b90b33) add     s6, s2, a1
core   0: 3 0x80000e2c (0x00b90b33) x22 0x25007000
core   0: 0x80000e30 (0x43c36213) ori     tp, t1, 1084
core   0: 3 0x80000e30 (0x43c36213) x 4 0x0000043f
core   0: 0x80000e34 (0x00ce96b3) sll     a3, t4, a2
core   0: 3 0x80000e34 (0x00ce96b3) x13 0x10000000
core   0: 0x80000e38 (0x00138393) addi    t2, t2, 1
core   0: 3 0x80000e38 (0x00138393) x 7 0x00000005
core   0: 0x80000e3c (0xfe238ae3) beq     t2, sp, pc - 12
core   0: 3 0x80000e3c (0xfe238ae3)
core   0: 0x80000e40 (0x0ff0000f) fence   iorw,iorw
core   0: 3 0x80000e40 (0x0ff0000f)
core   0: 0x80000e44 (0xfba64ce3) blt     a2, s10, pc - 72
core   0: 3 0x80000e44 (0xfba64ce3)
core   0: 0x80000dfc (0x22174b13) xori    s6, a4, 545
core   0: 3 0x80000dfc (0x22174b13) x22 0x00000221
core   0: 0x80000e00 (0x0ff0000f) fence   iorw,iorw
core   0: 3 0x80000e00 (0x0ff0000f)
core   0: 0x80000e04 (0x5f8b6c13) ori     s8, s6, 1528
core   0: 3 0x80000e04 (0x5f8b6c13) x24 0x000007f9
core   0: 0x80000e08 (0x4db73f93) sltiu   t6, a4, 1243
core   0: 3 0x80000e08 (0x4db73f93) x31 0x00000001
core   0: 0x80000e0c (0x00260613) addi    a2, a2, 2
core   0: 3 0x80000e0c (0x00260613) x12 0xfffffffd
core   0: 0x80000e10 (0x0104f433) and     s0, s1, a6
core   0: 3 0x80000e10 (0x0104f433) x 8 0x00000000
core   0: 0x80000e14 (0x25007937) lui     s2, 0x25007
core   0: 3 0x80000e14 (0x25007937) x18 0x25007000
core   0: 0x80000e18 (0x00400393) li      t2, 4
core   0: 3 0x80000e18 (0x00400393) x 7 0x00000004
core   0: 0x80000e1c (0x85322b13) slti    s6, tp, -1965
core   0: 3 0x80000e1c (0x85322b13) x22 0x00000000
core   0: 0x80000e20 (0x00aabf33) sltu    t5, s5, a0
core   0: 3 0x80000e20 (0x00aabf33) x30 0x00000001
core   0: 0x80000e24 (0x00a00113) li      sp, 10
core   0: 3 0x80000e24 (0x00a00113) x 2 0x0000000a
core   0: 0x80000e28 (0x00000013) nop
core   0: 3 0x80000e28 (0x00000013)
core   0: 0x80000e2c (0x00b90b33) add     s6, s2, a1
core   0: 3 0x80000e2c (0x00b90b33) x22 0x25007000
core   0: 0x80000e30 (0x43c36213) ori     tp, t1, 1084
core   0: 3 0x80000e30 (0x43c36213) x 4 0x0000043f
core   0: 0x80000e34 (0x00ce96b3) sll     a3, t4, a2
core   0: 3 0x80000e34 (0x00ce96b3) x13 0x40000000
core   0: 0x80000e38 (0x00138393) addi    t2, t2, 1
core   0: 3 0x80000e38 (0x00138393) x 7 0x00000005
core   0: 0x80000e3c (0xfe238ae3) beq     t2, sp, pc - 12
core   0: 3 0x80000e3c (0xfe238ae3)
core   0: 0x80000e40 (0x0ff0000f) fence   iorw,iorw
core   0: 3 0x80000e40 (0x0ff0000f)
core   0: 0x80000e44 (0xfba64ce3) blt     a2, s10, pc - 72
core   0: 3 0x80000e44 (0xfba64ce3)
core   0: 0x80000dfc (0x22174b13) xori    s6, a4, 545
core   0: 3 0x80000dfc (0x22174b13) x22 0x00000221
core   0: 0x80000e00 (0x0ff0000f) fence   iorw,iorw
core   0: 3 0x80000e00 (0x0ff0000f)
core   0: 0x80000e04 (0x5f8b6c13) ori     s8, s6, 1528
core   0: 3 0x80000e04 (0x5f8b6c13) x24 0x000007f9
core   0: 0x80000e08 (0x4db73f93) sltiu   t6, a4, 1243
core   0: 3 0x80000e08 (0x4db73f93) x31 0x00000001
core   0: 0x80000e0c (0x00260613) addi    a2, a2, 2
core   0: 3 0x80000e0c (0x00260613) x12 0xffffffff
core   0: 0x80000e10 (0x0104f433) and     s0, s1, a6
core   0: 3 0x80000e10 (0x0104f433) x 8 0x00000000
core   0: 0x80000e14 (0x25007937) lui     s2, 0x25007
core   0: 3 0x80000e14 (0x25007937) x18 0x25007000
core   0: 0x80000e18 (0x00400393) li      t2, 4
core   0: 3 0x80000e18 (0x00400393) x 7 0x00000004
core   0: 0x80000e1c (0x85322b13) slti    s6, tp, -1965
core   0: 3 0x80000e1c (0x85322b13) x22 0x00000000
core   0: 0x80000e20 (0x00aabf33) sltu    t5, s5, a0
core   0: 3 0x80000e20 (0x00aabf33) x30 0x00000001
core   0: 0x80000e24 (0x00a00113) li      sp, 10
core   0: 3 0x80000e24 (0x00a00113) x 2 0x0000000a
core   0: 0x80000e28 (0x00000013) nop
core   0: 3 0x80000e28 (0x00000013)
core   0: 0x80000e2c (0x00b90b33) add     s6, s2, a1
core   0: 3 0x80000e2c (0x00b90b33) x22 0x25007000
core   0: 0x80000e30 (0x43c36213) ori     tp, t1, 1084
core   0: 3 0x80000e30 (0x43c36213) x 4 0x0000043f
core   0: 0x80000e34 (0x00ce96b3) sll     a3, t4, a2
core   0: 3 0x80000e34 (0x00ce96b3) x13 0x00000000
core   0: 0x80000e38 (0x00138393) addi    t2, t2, 1
core   0: 3 0x80000e38 (0x00138393) x 7 0x00000005
core   0: 0x80000e3c (0xfe238ae3) beq     t2, sp, pc - 12
core   0: 3 0x80000e3c (0xfe238ae3)
core   0: 0x80000e40 (0x0ff0000f) fence   iorw,iorw
core   0: 3 0x80000e40 (0x0ff0000f)
core   0: 0x80000e44 (0xfba64ce3) blt     a2, s10, pc - 72
core   0: 3 0x80000e44 (0xfba64ce3)
core   0: 0x80000e48 (0x13e93593) sltiu   a1, s2, 318
core   0: 3 0x80000e48 (0x13e93593) x11 0x00000000
core   0: 0x80000e4c (0x00600993) li      s3, 6
core   0: 3 0x80000e4c (0x00600993) x19 0x00000006
core   0: 0x80000e50 (0x41588b33) sub     s6, a7, s5
core   0: 3 0x80000e50 (0x41588b33) x22 0x024ff2cc
core   0: 0x80000e54 (0xfbbbe193) ori     gp, s7, -69
core   0: 3 0x80000e54 (0xfbbbe193) x 3 0xffffffff
core   0: 0x80000e58 (0x00800293) li      t0, 8
core   0: 3 0x80000e58 (0x00800293) x 5 0x00000008
core   0: 0x80000e5c (0x01ef5433) srl     s0, t5, t5
core   0: 3 0x80000e5c (0x01ef5433) x 8 0x00000000
core   0: 0x80000e60 (0x00b7b433) sltu    s0, a5, a1
core   0: 3 0x80000e60 (0x00b7b433) x 8 0x00000000
core   0: 0x80000e64 (0x41625933) sra     s2, tp, s6
core   0: 3 0x80000e64 (0x41625933) x18 0x00000000
core   0: 0x80000e68 (0x00000013) nop
core   0: 3 0x80000e68 (0x00000013)
core   0: 0x80000e6c (0x00198993) addi    s3, s3, 1
core   0: 3 0x80000e6c (0x00198993) x19 0x00000007
core   0: 0x80000e70 (0xff600513) li      a0, -10
core   0: 3 0x80000e70 (0xff600513) x10 0xfffffff6
core   0: 0x80000e74 (0x006061b3) or      gp, zero, t1
core   0: 3 0x80000e74 (0x006061b3) x 3 0x00000007
core   0: 0x80000e78 (0x40f15893) srai    a7, sp, 15
core   0: 3 0x80000e78 (0x40f15893) x17 0x00000000
core   0: 0x80000e7c (0xff800593) li      a1, -8
core   0: 3 0x80000e7c (0xff800593) x11 0xfffffff8
core   0: 0x80000e80 (0x00000013) nop
core   0: 3 0x80000e80 (0x00000013)
core   0: 0x80000e84 (0x00150513) addi    a0, a0, 1
core   0: 3 0x80000e84 (0x00150513) x10 0xfffffff7
core   0: 0x80000e88 (0x01a0feb3) and     t4, ra, s10
core   0: 3 0x80000e88 (0x01a0feb3) x29 0xfffffffa
core   0: 0x80000e8c (0xfeb54ae3) blt     a0, a1, pc - 12
core   0: 3 0x80000e8c (0xfeb54ae3)
core   0: 0x80000e80 (0x00000013) nop
core   0: 3 0x80000e80 (0x00000013)
core   0: 0x80000e84 (0x00150513) addi    a0, a0, 1
core   0: 3 0x80000e84 (0x00150513) x10 0xfffffff8
core   0: 0x80000e88 (0x01a0feb3) and     t4, ra, s10
core   0: 3 0x80000e88 (0x01a0feb3) x29 0xfffffffa
core   0: 0x80000e8c (0xfeb54ae3) blt     a0, a1, pc - 12
core   0: 3 0x80000e8c (0xfeb54ae3)
core   0: 0x80000e90 (0x73108193) addi    gp, ra, 1841
core   0: 3 0x80000e90 (0x73108193) x 3 0x0000072b
core   0: 0x80000e94 (0xfc5996e3) bne     s3, t0, pc - 52
core   0: 3 0x80000e94 (0xfc5996e3)
core   0: 0x80000e60 (0x00b7b433) sltu    s0, a5, a1
core   0: 3 0x80000e60 (0x00b7b433) x 8 0x00000001
core   0: 0x80000e64 (0x41625933) sra     s2, tp, s6
core   0: 3 0x80000e64 (0x41625933) x18 0x00000000
core   0: 0x80000e68 (0x00000013) nop
core   0: 3 0x80000e68 (0x00000013)
core   0: 0x80000e6c (0x00198993) addi    s3, s3, 1
core   0: 3 0x80000e6c (0x00198993) x19 0x00000008
core   0: 0x80000e70 (0xff600513) li      a0, -10
core   0: 3 0x80000e70 (0xff600513) x10 0xfffffff6
core   0: 0x80000e74 (0x006061b3) or      gp, zero, t1
core   0: 3 0x80000e74 (0x006061b3) x 3 0x00000007
core   0: 0x80000e78 (0x40f15893) srai    a7, sp, 15
core   0: 3 0x80000e78 (0x40f15893) x17 0x00000000
core   0: 0x80000e7c (0xff800593) li      a1, -8
core   0: 3 0x80000e7c (0xff800593) x11 0xfffffff8
core   0: 0x80000e80 (0x00000013) nop
core   0: 3 0x80000e80 (0x00000013)
core   0: 0x80000e84 (0x00150513) addi    a0, a0, 1
core   0: 3 0x80000e84 (0x00150513) x10 0xfffffff7
core   0: 0x80000e88 (0x01a0feb3) and     t4, ra, s10
core   0: 3 0x80000e88 (0x01a0feb3) x29 0xfffffffa
core   0: 0x80000e8c (0xfeb54ae3) blt     a0, a1, pc - 12
core   0: 3 0x80000e8c (0xfeb54ae3)
core   0: 0x80000e80 (0x00000013) nop
core   0: 3 0x80000e80 (0x00000013)
core   0: 0x80000e84 (0x00150513) addi    a0, a0, 1
core   0: 3 0x80000e84 (0x00150513) x10 0xfffffff8
core   0: 0x80000e88 (0x01a0feb3) and     t4, ra, s10
core   0: 3 0x80000e88 (0x01a0feb3) x29 0xfffffffa
core   0: 0x80000e8c (0xfeb54ae3) blt     a0, a1, pc - 12
core   0: 3 0x80000e8c (0xfeb54ae3)
core   0: 0x80000e90 (0x73108193) addi    gp, ra, 1841
core   0: 3 0x80000e90 (0x73108193) x 3 0x0000072b
core   0: 0x80000e94 (0xfc5996e3) bne     s3, t0, pc - 52
core   0: 3 0x80000e94 (0xfc5996e3)
core   0: 0x80000e98 (0x00335e93) srli    t4, t1, 3
core   0: 3 0x80000e98 (0x00335e93) x29 0x00000000
core   0: 0x80000e9c (0xffa00293) li      t0, -6
core   0: 3 0x80000e9c (0xffa00293) x 5 0xfffffffa
core   0: 0x80000ea0 (0x00d00f13) li      t5, 13
core   0: 3 0x80000ea0 (0x00d00f13) x30 0x0000000d
core   0: 0x80000ea4 (0x006d7c33) and     s8, s10, t1
core   0: 3 0x80000ea4 (0x006d7c33) x24 0x00000006
core   0: 0x80000ea8 (0xf8faf037) lui     zero, 0xf8faf
core   0: 3 0x80000ea8 (0xf8faf037)
core   0: 0x80000eac (0x00128293) addi    t0, t0, 1
core   0: 3 0x80000eac (0x00128293) x 5 0xfffffffb
core   0: 0x80000eb0 (0xffe2cce3) blt     t0, t5, pc - 8
core   0: 3 0x80000eb0 (0xffe2cce3)
core   0: 0x80000ea8 (0xf8faf037) lui     zero, 0xf8faf
core   0: 3 0x80000ea8 (0xf8faf037)
core   0: 0x80000eac (0x00128293) addi    t0, t0, 1
core   0: 3 0x80000eac (0x00128293) x 5 0xfffffffc
core   0: 0x80000eb0 (0xffe2cce3) blt     t0, t5, pc - 8
core   0: 3 0x80000eb0 (0xffe2cce3)
core   0: 0x80000ea8 (0xf8faf037) lui     zero, 0xf8faf
core   0: 3 0x80000ea8 (0xf8faf037)
core   0: 0x80000eac (0x00128293) addi    t0, t0, 1
core   0: 3 0x80000eac (0x00128293) x 5 0xfffffffd
core   0: 0x80000eb0 (0xffe2cce3) blt     t0, t5, pc - 8
core   0: 3 0x80000eb0 (0xffe2cce3)
core   0: 0x80000ea8 (0xf8faf037) lui     zero, 0xf8faf
core   0: 3 0x80000ea8 (0xf8faf037)
core   0: 0x80000eac (0x00128293) addi    t0, t0, 1
core   0: 3 0x80000eac (0x00128293) x 5 0xfffffffe
core   0: 0x80000eb0 (0xffe2cce3) blt     t0, t5, pc - 8
core   0: 3 0x80000eb0 (0xffe2cce3)
core   0: 0x80000ea8 (0xf8faf037) lui     zero, 0xf8faf
core   0: 3 0x80000ea8 (0xf8faf037)
core   0: 0x80000eac (0x00128293) addi    t0, t0, 1
core   0: 3 0x80000eac (0x00128293) x 5 0xffffffff
core   0: 0x80000eb0 (0xffe2cce3) blt     t0, t5, pc - 8
core   0: 3 0x80000eb0 (0xffe2cce3)
core   0: 0x80000ea8 (0xf8faf037) lui     zero, 0xf8faf
core   0: 3 0x80000ea8 (0xf8faf037)
core   0: 0x80000eac (0x00128293) addi    t0, t0, 1
core   0: 3 0x80000eac (0x00128293) x 5 0x00000000
core   0: 0x80000eb0 (0xffe2cce3) blt     t0, t5, pc - 8
core   0: 3 0x80000eb0 (0xffe2cce3)
core   0: 0x80000ea8 (0xf8faf037) lui     zero, 0xf8faf
core   0: 3 0x80000ea8 (0xf8faf037)
core   0: 0x80000eac (0x00128293) addi    t0, t0, 1
core   0: 3 0x80000eac (0x00128293) x 5 0x00000001
core   0: 0x80000eb0 (0xffe2cce3) blt     t0, t5, pc - 8
core   0: 3 0x80000eb0 (0xffe2cce3)
core   0: 0x80000ea8 (0xf8faf037) lui     zero, 0xf8faf
core   0: 3 0x80000ea8 (0xf8faf037)
core   0: 0x80000eac (0x00128293) addi    t0, t0, 1
core   0: 3 0x80000eac (0x00128293) x 5 0x00000002
core   0: 0x80000eb0 (0xffe2cce3) blt     t0, t5, pc - 8
core   0: 3 0x80000eb0 (0xffe2cce3)
core   0: 0x80000ea8 (0xf8faf037) lui     zero, 0xf8faf
core   0: 3 0x80000ea8 (0xf8faf037)
core   0: 0x80000eac (0x00128293) addi    t0, t0, 1
core   0: 3 0x80000eac (0x00128293) x 5 0x00000003
core   0: 0x80000eb0 (0xffe2cce3) blt     t0, t5, pc - 8
core   0: 3 0x80000eb0 (0xffe2cce3)
core   0: 0x80000ea8 (0xf8faf037) lui     zero, 0xf8faf
core   0: 3 0x80000ea8 (0xf8faf037)
core   0: 0x80000eac (0x00128293) addi    t0, t0, 1
core   0: 3 0x80000eac (0x00128293) x 5 0x00000004
core   0: 0x80000eb0 (0xffe2cce3) blt     t0, t5, pc - 8
core   0: 3 0x80000eb0 (0xffe2cce3)
core   0: 0x80000ea8 (0xf8faf037) lui     zero, 0xf8faf
core   0: 3 0x80000ea8 (0xf8faf037)
core   0: 0x80000eac (0x00128293) addi    t0, t0, 1
core   0: 3 0x80000eac (0x00128293) x 5 0x00000005
core   0: 0x80000eb0 (0xffe2cce3) blt     t0, t5, pc - 8
core   0: 3 0x80000eb0 (0xffe2cce3)
core   0: 0x80000ea8 (0xf8faf037) lui     zero, 0xf8faf
core   0: 3 0x80000ea8 (0xf8faf037)
core   0: 0x80000eac (0x00128293) addi    t0, t0, 1
core   0: 3 0x80000eac (0x00128293) x 5 0x00000006
core   0: 0x80000eb0 (0xffe2cce3) blt     t0, t5, pc - 8
core   0: 3 0x80000eb0 (0xffe2cce3)
core   0: 0x80000ea8 (0xf8faf037) lui     zero, 0xf8faf
core   0: 3 0x80000ea8 (0xf8faf037)
core   0: 0x80000eac (0x00128293) addi    t0, t0, 1
core   0: 3 0x80000eac (0x00128293) x 5 0x00000007
core   0: 0x80000eb0 (0xffe2cce3) blt     t0, t5, pc - 8
core   0: 3 0x80000eb0 (0xffe2cce3)
core   0: 0x80000ea8 (0xf8faf037) lui     zero, 0xf8faf
core   0: 3 0x80000ea8 (0xf8faf037)
core   0: 0x80000eac (0x00128293) addi    t0, t0, 1
core   0: 3 0x80000eac (0x00128293) x 5 0x00000008
core   0: 0x80000eb0 (0xffe2cce3) blt     t0, t5, pc - 8
core   0: 3 0x80000eb0 (0xffe2cce3)
core   0: 0x80000ea8 (0xf8faf037) lui     zero, 0xf8faf
core   0: 3 0x80000ea8 (0xf8faf037)
core   0: 0x80000eac (0x00128293) addi    t0, t0, 1
core   0: 3 0x80000eac (0x00128293) x 5 0x00000009
core   0: 0x80000eb0 (0xffe2cce3) blt     t0, t5, pc - 8
core   0: 3 0x80000eb0 (0xffe2cce3)
core   0: 0x80000ea8 (0xf8faf037) lui     zero, 0xf8faf
core   0: 3 0x80000ea8 (0xf8faf037)
core   0: 0x80000eac (0x00128293) addi    t0, t0, 1
core   0: 3 0x80000eac (0x00128293) x 5 0x0000000a
core   0: 0x80000eb0 (0xffe2cce3) blt     t0, t5, pc - 8
core   0: 3 0x80000eb0 (0xffe2cce3)
core   0: 0x80000ea8 (0xf8faf037) lui     zero, 0xf8faf
core   0: 3 0x80000ea8 (0xf8faf037)
core   0: 0x80000eac (0x00128293) addi    t0, t0, 1
core   0: 3 0x80000eac (0x00128293) x 5 0x0000000b
core   0: 0x80000eb0 (0xffe2cce3) blt     t0, t5, pc - 8
core   0: 3 0x80000eb0 (0xffe2cce3)
core   0: 0x80000ea8 (0xf8faf037) lui     zero, 0xf8faf
core   0: 3 0x80000ea8 (0xf8faf037)
core   0: 0x80000eac (0x00128293) addi    t0, t0, 1
core   0: 3 0x80000eac (0x00128293) x 5 0x0000000c
core   0: 0x80000eb0 (0xffe2cce3) blt     t0, t5, pc - 8
core   0: 3 0x80000eb0 (0xffe2cce3)
core   0: 0x80000ea8 (0xf8faf037) lui     zero, 0xf8faf
core   0: 3 0x80000ea8 (0xf8faf037)
core   0: 0x80000eac (0x00128293) addi    t0, t0, 1
core   0: 3 0x80000eac (0x00128293) x 5 0x0000000d
core   0: 0x80000eb0 (0xffe2cce3) blt     t0, t5, pc - 8
core   0: 3 0x80000eb0 (0xffe2cce3)
core   0: 0x80000eb4 (0x65a46313) ori     t1, s0, 1626
core   0: 3 0x80000eb4 (0x65a46313) x 6 0x0000065b
core   0: 0x80000eb8 (0xffc00693) li      a3, -4
core   0: 3 0x80000eb8 (0xffc00693) x13 0xfffffffc
core   0: 0x80000ebc (0x7a1b6813) ori     a6, s6, 1953
core   0: 3 0x80000ebc (0x7a1b6813) x16 0x024ff7ed
core   0: 0x80000ec0 (0x63af6713) ori     a4, t5, 1594
core   0: 3 0x80000ec0 (0x63af6713) x14 0x0000063f
core   0: 0x80000ec4 (0x016d3e33) sltu    t3, s10, s6
core   0: 3 0x80000ec4 (0x016d3e33) x28 0x00000000
core   0: 0x80000ec8 (0xff300113) li      sp, -13
core   0: 3 0x80000ec8 (0xff300113) x 2 0xfffffff3
core   0: 0x80000ecc (0x00ea40b3) xor     ra, s4, a4
core   0: 3 0x80000ecc (0x00ea40b3) x 1 0x0000063d
core   0: 0x80000ed0 (0x007c3db3) sltu    s11, s8, t2
core   0: 3 0x80000ed0 (0x007c3db3) x27 0x00000000
core   0: 0x80000ed4 (0x7103e893) ori     a7, t2, 1808
core   0: 3 0x80000ed4 (0x7103e893) x17 0x00000715
core   0: 0x80000ed8 (0xff768693) addi    a3, a3, -9
core   0: 3 0x80000ed8 (0xff768693) x13 0xfffffff3
core   0: 0x80000edc (0xfe26dae3) bge     a3, sp, pc - 12
core   0: 3 0x80000edc (0xfe26dae3)
core   0: 0x80000ed0 (0x007c3db3) sltu    s11, s8, t2
core   0: 3 0x80000ed0 (0x007c3db3) x27 0x00000000
core   0: 0x80000ed4 (0x7103e893) ori     a7, t2, 1808
core   0: 3 0x80000ed4 (0x7103e893) x17 0x00000715
core   0: 0x80000ed8 (0xff768693) addi    a3, a3, -9
core   0: 3 0x80000ed8 (0xff768693) x13 0xffffffea
core   0: 0x80000edc (0xfe26dae3) bge     a3, sp, pc - 12
core   0: 3 0x80000edc (0xfe26dae3)
core   0: 0x80000ee0 (0x01788b33) add     s6, a7, s7
core   0: 3 0x80000ee0 (0x01788b33) x22 0x80025579
core   0: 0x80000ee4 (0x00600193) li      gp, 6
core   0: 3 0x80000ee4 (0x00600193) x 3 0x00000006
core   0: 0x80000ee8 (0x008e12b3) sll     t0, t3, s0
core   0: 3 0x80000ee8 (0x008e12b3) x 5 0x00000000
core   0: 0x80000eec (0x380e6293) ori     t0, t3, 896
core   0: 3 0x80000eec (0x380e6293) x 5 0x00000380
core   0: 0x80000ef0 (0x0084aa33) slt     s4, s1, s0
core   0: 3 0x80000ef0 (0x0084aa33) x20 0x00000001
core   0: 0x80000ef4 (0x00d00793) li      a5, 13
core   0: 3 0x80000ef4 (0x00d00793) x15 0x0000000d
core   0: 0x80000ef8 (0x00a953b3) srl     t2, s2, a0
core   0: 3 0x80000ef8 (0x00a953b3) x 7 0x00000000
core   0: 0x80000efc (0x00969fb3) sll     t6, a3, s1
core   0: 3 0x80000efc (0x00969fb3) x31 0xfffffea0
core   0: 0x80000f00 (0x41418e33) sub     t3, gp, s4
core   0: 3 0x80000f00 (0x41418e33) x28 0x00000005
core   0: 0x80000f04 (0x01861cb3) sll     s9, a2, s8
core   0: 3 0x80000f04 (0x01861cb3) x25 0xffffffc0
core   0: 0x80000f08 (0x4dcabd13) sltiu   s10, s5, 1244
core   0: 3 0x80000f08 (0x4dcabd13) x26 0x00000000
core   0: 0x80000f0c (0x0ff0000f) fence   iorw,iorw
core   0: 3 0x80000f0c (0x0ff0000f)
core   0: 0x80000f10 (0x01a805b3) add     a1, a6, s10
core   0: 3 0x80000f10 (0x01a805b3) x11 0x024ff7ed
core   0: 0x80000f14 (0x87e763b7) lui     t2, 0x87e76
core   0: 3 0x80000f14 (0x87e763b7) x 7 0x87e76000
core   0: 0x80000f18 (0x00a11313) slli    t1, sp, 10
core   0: 3 0x80000f18 (0x00a11313) x 6 0xffffcc00
core   0: 0x80000f1c (0x412758b3) sra     a7, a4, s2
core   0: 3 0x80000f1c (0x412758b3) x17 0x0000063f
core   0: 0x80000f20 (0x01c5f433) and     s0, a1, t3
core   0: 3 0x80000f20 (0x01c5f433) x 8 0x00000005
core   0: 0x80000f24 (0x402a80b3) sub     ra, s5, sp
core   0: 3 0x80000f24 (0x402a80b3) x 1 0xfdb012c8
core   0: 0x80000f28 (0x002818b3) sll     a7, a6, sp
core   0: 3 0x80000f28 (0x002818b3) x17 0xbf680000
core   0: 0x80000f2c (0x007c4a33) xor     s4, s8, t2
core   0: 3 0x80000f2c (0x007c4a33) x20 0x87e76006
core   0: 0x80000f30 (0x00118193) addi    gp, gp, 1
core   0: 3 0x80000f30 (0x00118193) x 3 0x00000007
core   0: 0x80000f34 (0x0084e533) or      a0, s1, s0
core   0: 3 0x80000f34 (0x0084e533) x10 0x80028ce5
core   0: 0x80000f38 (0x00a00713) li      a4, 10
core   0: 3 0x80000f38 (0x00a00713) x14 0x0000000a
core   0: 0x80000f3c (0x417850b3) sra     ra, a6, s7
core   0: 3 0x80000f3c (0x417850b3) x 1 0x0024ff7e
core   0: 0x80000f40 (0x00300613) li      a2, 3
core   0: 3 0x80000f40 (0x00300613) x12 0x00000003
core   0: 0x80000f44 (0x0120f5b3) and     a1, ra, s2
core   0: 3 0x80000f44 (0x0120f5b3) x11 0x00000000
core   0: 0x80000f48 (0x016445b3) xor     a1, s0, s6
core   0: 3 0x80000f48 (0x016445b3) x11 0x8002557c
core   0: 0x80000f4c (0xffb70713) addi    a4, a4, -5
core   0: 3 0x80000f4c (0xffb70713) x14 0x00000005
core   0: 0x80000f50 (0x01247433) and     s0, s0, s2
core   0: 3 0x80000f50 (0x01247433) x 8 0x00000000
core   0: 0x80000f54 (0x0000100f) fence.i
core   0: 3 0x80000f54 (0x0000100f)
core   0: 0x80000f58 (0xfec758e3) bge     a4, a2, pc - 16
core   0: 3 0x80000f58 (0xfec758e3)
core   0: 0x80000f48 (0x016445b3) xor     a1, s0, s6
core   0: 3 0x80000f48 (0x016445b3) x11 0x80025579
core   0: 0x80000f4c (0xffb70713) addi    a4, a4, -5
core   0: 3 0x80000f4c (0xffb70713) x14 0x00000000
core   0: 0x80000f50 (0x01247433) and     s0, s0, s2
core   0: 3 0x80000f50 (0x01247433) x 8 0x00000000
core   0: 0x80000f54 (0x0000100f) fence.i
core   0: 3 0x80000f54 (0x0000100f)
core   0: 0x80000f58 (0xfec758e3) bge     a4, a2, pc - 16
core   0: 3 0x80000f58 (0xfec758e3)
core   0: 0x80000f5c (0x00cb7c33) and     s8, s6, a2
core   0: 3 0x80000f5c (0x00cb7c33) x24 0x00000001
core   0: 0x80000f60 (0xfcf1e6e3) bltu    gp, a5, pc - 52
core   0: 3 0x80000f60 (0xfcf1e6e3)
core   0: 0x80000f2c (0x007c4a33) xor     s4, s8, t2
core   0: 3 0x80000f2c (0x007c4a33) x20 0x87e76001
core   0: 0x80000f30 (0x00118193) addi    gp, gp, 1
core   0: 3 0x80000f30 (0x00118193) x 3 0x00000008
core   0: 0x80000f34 (0x0084e533) or      a0, s1, s0
core   0: 3 0x80000f34 (0x0084e533) x10 0x80028ce4
core   0: 0x80000f38 (0x00a00713) li      a4, 10
core   0: 3 0x80000f38 (0x00a00713) x14 0x0000000a
core   0: 0x80000f3c (0x417850b3) sra     ra, a6, s7
core   0: 3 0x80000f3c (0x417850b3) x 1 0x0024ff7e
core   0: 0x80000f40 (0x00300613) li      a2, 3
core   0: 3 0x80000f40 (0x00300613) x12 0x00000003
core   0: 0x80000f44 (0x0120f5b3) and     a1, ra, s2
core   0: 3 0x80000f44 (0x0120f5b3) x11 0x00000000
core   0: 0x80000f48 (0x016445b3) xor     a1, s0, s6
core   0: 3 0x80000f48 (0x016445b3) x11 0x80025579
core   0: 0x80000f4c (0xffb70713) addi    a4, a4, -5
core   0: 3 0x80000f4c (0xffb70713) x14 0x00000005
core   0: 0x80000f50 (0x01247433) and     s0, s0, s2
core   0: 3 0x80000f50 (0x01247433) x 8 0x00000000
core   0: 0x80000f54 (0x0000100f) fence.i
core   0: 3 0x80000f54 (0x0000100f)
core   0: 0x80000f58 (0xfec758e3) bge     a4, a2, pc - 16
core   0: 3 0x80000f58 (0xfec758e3)
core   0: 0x80000f48 (0x016445b3) xor     a1, s0, s6
core   0: 3 0x80000f48 (0x016445b3) x11 0x80025579
core   0: 0x80000f4c (0xffb70713) addi    a4, a4, -5
core   0: 3 0x80000f4c (0xffb70713) x14 0x00000000
core   0: 0x80000f50 (0x01247433) and     s0, s0, s2
core   0: 3 0x80000f50 (0x01247433) x 8 0x00000000
core   0: 0x80000f54 (0x0000100f) fence.i
core   0: 3 0x80000f54 (0x0000100f)
core   0: 0x80000f58 (0xfec758e3) bge     a4, a2, pc - 16
core   0: 3 0x80000f58 (0xfec758e3)
core   0: 0x80000f5c (0x00cb7c33) and     s8, s6, a2
core   0: 3 0x80000f5c (0x00cb7c33) x24 0x00000001
core   0: 0x80000f60 (0xfcf1e6e3) bltu    gp, a5, pc - 52
core   0: 3 0x80000f60 (0xfcf1e6e3)
core   0: 0x80000f2c (0x007c4a33) xor     s4, s8, t2
core   0: 3 0x80000f2c (0x007c4a33) x20 0x87e76001
core   0: 0x80000f30 (0x00118193) addi    gp, gp, 1
core   0: 3 0x80000f30 (0x00118193) x 3 0x00000009
core   0: 0x80000f34 (0x0084e533) or      a0, s1, s0
core   0: 3 0x80000f34 (0x0084e533) x10 0x80028ce4
core   0: 0x80000f38 (0x00a00713) li      a4, 10
core   0: 3 0x80000f38 (0x00a00713) x14 0x0000000a
core   0: 0x80000f3c (0x417850b3) sra     ra, a6, s7
core   0: 3 0x80000f3c (0x417850b3) x 1 0x0024ff7e
core   0: 0x80000f40 (0x00300613) li      a2, 3
core   0: 3 0x80000f40 (0x00300613) x12 0x00000003
core   0: 0x80000f44 (0x0120f5b3) and     a1, ra, s2
core   0: 3 0x80000f44 (0x0120f5b3) x11 0x00000000
core   0: 0x80000f48 (0x016445b3) xor     a1, s0, s6
core   0: 3 0x80000f48 (0x016445b3) x11 0x80025579
core   0: 0x80000f4c (0xffb70713) addi    a4, a4, -5
core   0: 3 0x80000f4c (0xffb70713) x14 0x00000005
core   0: 0x80000f50 (0x01247433) and     s0, s0, s2
core   0: 3 0x80000f50 (0x01247433) x 8 0x00000000
core   0: 0x80000f54 (0x0000100f) fence.i
core   0: 3 0x80000f54 (0x0000100f)
core   0: 0x80000f58 (0xfec758e3) bge     a4, a2, pc - 16
core   0: 3 0x80000f58 (0xfec758e3)
core   0: 0x80000f48 (0x016445b3) xor     a1, s0, s6
core   0: 3 0x80000f48 (0x016445b3) x11 0x80025579
core   0: 0x80000f4c (0xffb70713) addi    a4, a4, -5
core   0: 3 0x80000f4c (0xffb70713) x14 0x00000000
core   0: 0x80000f50 (0x01247433) and     s0, s0, s2
core   0: 3 0x80000f50 (0x01247433) x 8 0x00000000
core   0: 0x80000f54 (0x0000100f) fence.i
core   0: 3 0x80000f54 (0x0000100f)
core   0: 0x80000f58 (0xfec758e3) bge     a4, a2, pc - 16
core   0: 3 0x80000f58 (0xfec758e3)
core   0: 0x80000f5c (0x00cb7c33) and     s8, s6, a2
core   0: 3 0x80000f5c (0x00cb7c33) x24 0x00000001
core   0: 0x80000f60 (0xfcf1e6e3) bltu    gp, a5, pc - 52
core   0: 3 0x80000f60 (0xfcf1e6e3)
core   0: 0x80000f2c (0x007c4a33) xor     s4, s8, t2
core   0: 3 0x80000f2c (0x007c4a33) x20 0x87e76001
core   0: 0x80000f30 (0x00118193) addi    gp, gp, 1
core   0: 3 0x80000f30 (0x00118193) x 3 0x0000000a
core   0: 0x80000f34 (0x0084e533) or      a0, s1, s0
core   0: 3 0x80000f34 (0x0084e533) x10 0x80028ce4
core   0: 0x80000f38 (0x00a00713) li      a4, 10
core   0: 3 0x80000f38 (0x00a00713) x14 0x0000000a
core   0: 0x80000f3c (0x417850b3) sra     ra, a6, s7
core   0: 3 0x80000f3c (0x417850b3) x 1 0x0024ff7e
core   0: 0x80000f40 (0x00300613) li      a2, 3
core   0: 3 0x80000f40 (0x00300613) x12 0x00000003
core   0: 0x80000f44 (0x0120f5b3) and     a1, ra, s2
core   0: 3 0x80000f44 (0x0120f5b3) x11 0x00000000
core   0: 0x80000f48 (0x016445b3) xor     a1, s0, s6
core   0: 3 0x80000f48 (0x016445b3) x11 0x80025579
core   0: 0x80000f4c (0xffb70713) addi    a4, a4, -5
core   0: 3 0x80000f4c (0xffb70713) x14 0x00000005
core   0: 0x80000f50 (0x01247433) and     s0, s0, s2
core   0: 3 0x80000f50 (0x01247433) x 8 0x00000000
core   0: 0x80000f54 (0x0000100f) fence.i
core   0: 3 0x80000f54 (0x0000100f)
core   0: 0x80000f58 (0xfec758e3) bge     a4, a2, pc - 16
core   0: 3 0x80000f58 (0xfec758e3)
core   0: 0x80000f48 (0x016445b3) xor     a1, s0, s6
core   0: 3 0x80000f48 (0x016445b3) x11 0x80025579
core   0: 0x80000f4c (0xffb70713) addi    a4, a4, -5
core   0: 3 0x80000f4c (0xffb70713) x14 0x00000000
core   0: 0x80000f50 (0x01247433) and     s0, s0, s2
core   0: 3 0x80000f50 (0x01247433) x 8 0x00000000
core   0: 0x80000f54 (0x0000100f) fence.i
core   0: 3 0x80000f54 (0x0000100f)
core   0: 0x80000f58 (0xfec758e3) bge     a4, a2, pc - 16
core   0: 3 0x80000f58 (0xfec758e3)
core   0: 0x80000f5c (0x00cb7c33) and     s8, s6, a2
core   0: 3 0x80000f5c (0x00cb7c33) x24 0x00000001
core   0: 0x80000f60 (0xfcf1e6e3) bltu    gp, a5, pc - 52
core   0: 3 0x80000f60 (0xfcf1e6e3)
core   0: 0x80000f2c (0x007c4a33) xor     s4, s8, t2
core   0: 3 0x80000f2c (0x007c4a33) x20 0x87e76001
core   0: 0x80000f30 (0x00118193) addi    gp, gp, 1
core   0: 3 0x80000f30 (0x00118193) x 3 0x0000000b
core   0: 0x80000f34 (0x0084e533) or      a0, s1, s0
core   0: 3 0x80000f34 (0x0084e533) x10 0x80028ce4
core   0: 0x80000f38 (0x00a00713) li      a4, 10
core   0: 3 0x80000f38 (0x00a00713) x14 0x0000000a
core   0: 0x80000f3c (0x417850b3) sra     ra, a6, s7
core   0: 3 0x80000f3c (0x417850b3) x 1 0x0024ff7e
core   0: 0x80000f40 (0x00300613) li      a2, 3
core   0: 3 0x80000f40 (0x00300613) x12 0x00000003
core   0: 0x80000f44 (0x0120f5b3) and     a1, ra, s2
core   0: 3 0x80000f44 (0x0120f5b3) x11 0x00000000
core   0: 0x80000f48 (0x016445b3) xor     a1, s0, s6
core   0: 3 0x80000f48 (0x016445b3) x11 0x80025579
core   0: 0x80000f4c (0xffb70713) addi    a4, a4, -5
core   0: 3 0x80000f4c (0xffb70713) x14 0x00000005
core   0: 0x80000f50 (0x01247433) and     s0, s0, s2
core   0: 3 0x80000f50 (0x01247433) x 8 0x00000000
core   0: 0x80000f54 (0x0000100f) fence.i
core   0: 3 0x80000f54 (0x0000100f)
core   0: 0x80000f58 (0xfec758e3) bge     a4, a2, pc - 16
core   0: 3 0x80000f58 (0xfec758e3)
core   0: 0x80000f48 (0x016445b3) xor     a1, s0, s6
core   0: 3 0x80000f48 (0x016445b3) x11 0x80025579
core   0: 0x80000f4c (0xffb70713) addi    a4, a4, -5
core   0: 3 0x80000f4c (0xffb70713) x14 0x00000000
core   0: 0x80000f50 (0x01247433) and     s0, s0, s2
core   0: 3 0x80000f50 (0x01247433) x 8 0x00000000
core   0: 0x80000f54 (0x0000100f) fence.i
core   0: 3 0x80000f54 (0x0000100f)
core   0: 0x80000f58 (0xfec758e3) bge     a4, a2, pc - 16
core   0: 3 0x80000f58 (0xfec758e3)
core   0: 0x80000f5c (0x00cb7c33) and     s8, s6, a2
core   0: 3 0x80000f5c (0x00cb7c33) x24 0x00000001
core   0: 0x80000f60 (0xfcf1e6e3) bltu    gp, a5, pc - 52
core   0: 3 0x80000f60 (0xfcf1e6e3)
core   0: 0x80000f2c (0x007c4a33) xor     s4, s8, t2
core   0: 3 0x80000f2c (0x007c4a33) x20 0x87e76001
core   0: 0x80000f30 (0x00118193) addi    gp, gp, 1
core   0: 3 0x80000f30 (0x00118193) x 3 0x0000000c
core   0: 0x80000f34 (0x0084e533) or      a0, s1, s0
core   0: 3 0x80000f34 (0x0084e533) x10 0x80028ce4
core   0: 0x80000f38 (0x00a00713) li      a4, 10
core   0: 3 0x80000f38 (0x00a00713) x14 0x0000000a
core   0: 0x80000f3c (0x417850b3) sra     ra, a6, s7
core   0: 3 0x80000f3c (0x417850b3) x 1 0x0024ff7e
core   0: 0x80000f40 (0x00300613) li      a2, 3
core   0: 3 0x80000f40 (0x00300613) x12 0x00000003
core   0: 0x80000f44 (0x0120f5b3) and     a1, ra, s2
core   0: 3 0x80000f44 (0x0120f5b3) x11 0x00000000
core   0: 0x80000f48 (0x016445b3) xor     a1, s0, s6
core   0: 3 0x80000f48 (0x016445b3) x11 0x80025579
core   0: 0x80000f4c (0xffb70713) addi    a4, a4, -5
core   0: 3 0x80000f4c (0xffb70713) x14 0x00000005
core   0: 0x80000f50 (0x01247433) and     s0, s0, s2
core   0: 3 0x80000f50 (0x01247433) x 8 0x00000000
core   0: 0x80000f54 (0x0000100f) fence.i
core   0: 3 0x80000f54 (0x0000100f)
core   0: 0x80000f58 (0xfec758e3) bge     a4, a2, pc - 16
core   0: 3 0x80000f58 (0xfec758e3)
core   0: 0x80000f48 (0x016445b3) xor     a1, s0, s6
core   0: 3 0x80000f48 (0x016445b3) x11 0x80025579
core   0: 0x80000f4c (0xffb70713) addi    a4, a4, -5
core   0: 3 0x80000f4c (0xffb70713) x14 0x00000000
core   0: 0x80000f50 (0x01247433) and     s0, s0, s2
core   0: 3 0x80000f50 (0x01247433) x 8 0x00000000
core   0: 0x80000f54 (0x0000100f) fence.i
core   0: 3 0x80000f54 (0x0000100f)
core   0: 0x80000f58 (0xfec758e3) bge     a4, a2, pc - 16
core   0: 3 0x80000f58 (0xfec758e3)
core   0: 0x80000f5c (0x00cb7c33) and     s8, s6, a2
core   0: 3 0x80000f5c (0x00cb7c33) x24 0x00000001
core   0: 0x80000f60 (0xfcf1e6e3) bltu    gp, a5, pc - 52
core   0: 3 0x80000f60 (0xfcf1e6e3)
core   0: 0x80000f2c (0x007c4a33) xor     s4, s8, t2
core   0: 3 0x80000f2c (0x007c4a33) x20 0x87e76001
core   0: 0x80000f30 (0x00118193) addi    gp, gp, 1
core   0: 3 0x80000f30 (0x00118193) x 3 0x0000000d
core   0: 0x80000f34 (0x0084e533) or      a0, s1, s0
core   0: 3 0x80000f34 (0x0084e533) x10 0x80028ce4
core   0: 0x80000f38 (0x00a00713) li      a4, 10
core   0: 3 0x80000f38 (0x00a00713) x14 0x0000000a
core   0: 0x80000f3c (0x417850b3) sra     ra, a6, s7
core   0: 3 0x80000f3c (0x417850b3) x 1 0x0024ff7e
core   0: 0x80000f40 (0x00300613) li      a2, 3
core   0: 3 0x80000f40 (0x00300613) x12 0x00000003
core   0: 0x80000f44 (0x0120f5b3) and     a1, ra, s2
core   0: 3 0x80000f44 (0x0120f5b3) x11 0x00000000
core   0: 0x80000f48 (0x016445b3) xor     a1, s0, s6
core   0: 3 0x80000f48 (0x016445b3) x11 0x80025579
core   0: 0x80000f4c (0xffb70713) addi    a4, a4, -5
core   0: 3 0x80000f4c (0xffb70713) x14 0x00000005
core   0: 0x80000f50 (0x01247433) and     s0, s0, s2
core   0: 3 0x80000f50 (0x01247433) x 8 0x00000000
core   0: 0x80000f54 (0x0000100f) fence.i
core   0: 3 0x80000f54 (0x0000100f)
core   0: 0x80000f58 (0xfec758e3) bge     a4, a2, pc - 16
core   0: 3 0x80000f58 (0xfec758e3)
core   0: 0x80000f48 (0x016445b3) xor     a1, s0, s6
core   0: 3 0x80000f48 (0x016445b3) x11 0x80025579
core   0: 0x80000f4c (0xffb70713) addi    a4, a4, -5
core   0: 3 0x80000f4c (0xffb70713) x14 0x00000000
core   0: 0x80000f50 (0x01247433) and     s0, s0, s2
core   0: 3 0x80000f50 (0x01247433) x 8 0x00000000
core   0: 0x80000f54 (0x0000100f) fence.i
core   0: 3 0x80000f54 (0x0000100f)
core   0: 0x80000f58 (0xfec758e3) bge     a4, a2, pc - 16
core   0: 3 0x80000f58 (0xfec758e3)
core   0: 0x80000f5c (0x00cb7c33) and     s8, s6, a2
core   0: 3 0x80000f5c (0x00cb7c33) x24 0x00000001
core   0: 0x80000f60 (0xfcf1e6e3) bltu    gp, a5, pc - 52
core   0: 3 0x80000f60 (0xfcf1e6e3)
core   0: 0x80000f64 (0x9c48a2b7) lui     t0, 0x9c48a
core   0: 3 0x80000f64 (0x9c48a2b7) x 5 0x9c48a000
core   0: 0x80000f68 (0xffa00d93) li      s11, -6
core   0: 3 0x80000f68 (0xffa00d93) x27 0xfffffffa
core   0: 0x80000f6c (0x62b9ac93) slti    s9, s3, 1579
core   0: 3 0x80000f6c (0x62b9ac93) x25 0x00000001
core   0: 0x80000f70 (0x34e86b13) ori     s6, a6, 846
core   0: 3 0x80000f70 (0x34e86b13) x22 0x024ff7ef
core   0: 0x80000f74 (0x4c558893) addi    a7, a1, 1221
core   0: 3 0x80000f74 (0x4c558893) x17 0x80025a3e
core   0: 0x80000f78 (0xf583ca13) xori    s4, t2, -168
core   0: 3 0x80000f78 (0xf583ca13) x20 0x78189f58
core   0: 0x80000f7c (0xff200813) li      a6, -14
core   0: 3 0x80000f7c (0xff200813) x16 0xfffffff2
core   0: 0x80000f80 (0xb096b017) auipc   zero, 0xb096b
core   0: 3 0x80000f80 (0xb096b017)
core   0: 0x80000f84 (0x00000013) nop
core   0: 3 0x80000f84 (0x00000013)
core   0: 0x80000f88 (0x00a1c0b3) xor     ra, gp, a0
core   0: 3 0x80000f88 (0x00a1c0b3) x 1 0x80028ce9
core   0: 0x80000f8c (0xfffd8d93) addi    s11, s11, -1
core   0: 3 0x80000f8c (0xfffd8d93) x27 0xfffffff9
core   0: 0x80000f90 (0x0000100f) fence.i
core   0: 3 0x80000f90 (0x0000100f)
core   0: 0x80000f94 (0xcba93413) sltiu   s0, s2, -838
core   0: 3 0x80000f94 (0xcba93413) x 8 0x00000001
core   0: 0x80000f98 (0xff800513) li      a0, -8
core   0: 3 0x80000f98 (0xff800513) x10 0xfffffff8
core   0: 0x80000f9c (0x01221c33) sll     s8, tp, s2
core   0: 3 0x80000f9c (0x01221c33) x24 0x0000043f
core   0: 0x80000fa0 (0xffe00993) li      s3, -2
core   0: 3 0x80000fa0 (0xffe00993) x19 0xfffffffe
core   0: 0x80000fa4 (0xd1404217) auipc   tp, 0xd1404
core   0: 3 0x80000fa4 (0xd1404217) x 4 0x51404fa4
core   0: 0x80000fa8 (0x004246b3) xor     a3, tp, tp
core   0: 3 0x80000fa8 (0x004246b3) x13 0x00000000
core   0: 0x80000fac (0x00150513) addi    a0, a0, 1
core   0: 3 0x80000fac (0x00150513) x10 0xfffffff9
core   0: 0x80000fb0 (0xff351ce3) bne     a0, s3, pc - 8
core   0: 3 0x80000fb0 (0xff351ce3)
core   0: 0x80000fa8 (0x004246b3) xor     a3, tp, tp
core   0: 3 0x80000fa8 (0x004246b3) x13 0x00000000
core   0: 0x80000fac (0x00150513) addi    a0, a0, 1
core   0: 3 0x80000fac (0x00150513) x10 0xfffffffa
core   0: 0x80000fb0 (0xff351ce3) bne     a0, s3, pc - 8
core   0: 3 0x80000fb0 (0xff351ce3)
core   0: 0x80000fa8 (0x004246b3) xor     a3, tp, tp
core   0: 3 0x80000fa8 (0x004246b3) x13 0x00000000
core   0: 0x80000fac (0x00150513) addi    a0, a0, 1
core   0: 3 0x80000fac (0x00150513) x10 0xfffffffb
core   0: 0x80000fb0 (0xff351ce3) bne     a0, s3, pc - 8
core   0: 3 0x80000fb0 (0xff351ce3)
core   0: 0x80000fa8 (0x004246b3) xor     a3, tp, tp
core   0: 3 0x80000fa8 (0x004246b3) x13 0x00000000
core   0: 0x80000fac (0x00150513) addi    a0, a0, 1
core   0: 3 0x80000fac (0x00150513) x10 0xfffffffc
core   0: 0x80000fb0 (0xff351ce3) bne     a0, s3, pc - 8
core   0: 3 0x80000fb0 (0xff351ce3)
core   0: 0x80000fa8 (0x004246b3) xor     a3, tp, tp
core   0: 3 0x80000fa8 (0x004246b3) x13 0x00000000
core   0: 0x80000fac (0x00150513) addi    a0, a0, 1
core   0: 3 0x80000fac (0x00150513) x10 0xfffffffd
core   0: 0x80000fb0 (0xff351ce3) bne     a0, s3, pc - 8
core   0: 3 0x80000fb0 (0xff351ce3)
core   0: 0x80000fa8 (0x004246b3) xor     a3, tp, tp
core   0: 3 0x80000fa8 (0x004246b3) x13 0x00000000
core   0: 0x80000fac (0x00150513) addi    a0, a0, 1
core   0: 3 0x80000fac (0x00150513) x10 0xfffffffe
core   0: 0x80000fb0 (0xff351ce3) bne     a0, s3, pc - 8
core   0: 3 0x80000fb0 (0xff351ce3)
core   0: 0x80000fb4 (0x069ebb17) auipc   s6, 0x69eb
core   0: 3 0x80000fb4 (0x069ebb17) x22 0x869ebfb4
core   0: 0x80000fb8 (0xfd0d96e3) bne     s11, a6, pc - 52
core   0: 3 0x80000fb8 (0xfd0d96e3)
core   0: 0x80000f84 (0x00000013) nop
core   0: 3 0x80000f84 (0x00000013)
core   0: 0x80000f88 (0x00a1c0b3) xor     ra, gp, a0
core   0: 3 0x80000f88 (0x00a1c0b3) x 1 0xfffffff3
core   0: 0x80000f8c (0xfffd8d93) addi    s11, s11, -1
core   0: 3 0x80000f8c (0xfffd8d93) x27 0xfffffff8
core   0: 0x80000f90 (0x0000100f) fence.i
core   0: 3 0x80000f90 (0x0000100f)
core   0: 0x80000f94 (0xcba93413) sltiu   s0, s2, -838
core   0: 3 0x80000f94 (0xcba93413) x 8 0x00000001
core   0: 0x80000f98 (0xff800513) li      a0, -8
core   0: 3 0x80000f98 (0xff800513) x10 0xfffffff8
core   0: 0x80000f9c (0x01221c33) sll     s8, tp, s2
core   0: 3 0x80000f9c (0x01221c33) x24 0x51404fa4
core   0: 0x80000fa0 (0xffe00993) li      s3, -2
core   0: 3 0x80000fa0 (0xffe00993) x19 0xfffffffe
core   0: 0x80000fa4 (0xd1404217) auipc   tp, 0xd1404
core   0: 3 0x80000fa4 (0xd1404217) x 4 0x51404fa4
core   0: 0x80000fa8 (0x004246b3) xor     a3, tp, tp
core   0: 3 0x80000fa8 (0x004246b3) x13 0x00000000
core   0: 0x80000fac (0x00150513) addi    a0, a0, 1
core   0: 3 0x80000fac (0x00150513) x10 0xfffffff9
core   0: 0x80000fb0 (0xff351ce3) bne     a0, s3, pc - 8
core   0: 3 0x80000fb0 (0xff351ce3)
core   0: 0x80000fa8 (0x004246b3) xor     a3, tp, tp
core   0: 3 0x80000fa8 (0x004246b3) x13 0x00000000
core   0: 0x80000fac (0x00150513) addi    a0, a0, 1
core   0: 3 0x80000fac (0x00150513) x10 0xfffffffa
core   0: 0x80000fb0 (0xff351ce3) bne     a0, s3, pc - 8
core   0: 3 0x80000fb0 (0xff351ce3)
core   0: 0x80000fa8 (0x004246b3) xor     a3, tp, tp
core   0: 3 0x80000fa8 (0x004246b3) x13 0x00000000
core   0: 0x80000fac (0x00150513) addi    a0, a0, 1
core   0: 3 0x80000fac (0x00150513) x10 0xfffffffb
core   0: 0x80000fb0 (0xff351ce3) bne     a0, s3, pc - 8
core   0: 3 0x80000fb0 (0xff351ce3)
core   0: 0x80000fa8 (0x004246b3) xor     a3, tp, tp
core   0: 3 0x80000fa8 (0x004246b3) x13 0x00000000
core   0: 0x80000fac (0x00150513) addi    a0, a0, 1
core   0: 3 0x80000fac (0x00150513) x10 0xfffffffc
core   0: 0x80000fb0 (0xff351ce3) bne     a0, s3, pc - 8
core   0: 3 0x80000fb0 (0xff351ce3)
core   0: 0x80000fa8 (0x004246b3) xor     a3, tp, tp
core   0: 3 0x80000fa8 (0x004246b3) x13 0x00000000
core   0: 0x80000fac (0x00150513) addi    a0, a0, 1
core   0: 3 0x80000fac (0x00150513) x10 0xfffffffd
core   0: 0x80000fb0 (0xff351ce3) bne     a0, s3, pc - 8
core   0: 3 0x80000fb0 (0xff351ce3)
core   0: 0x80000fa8 (0x004246b3) xor     a3, tp, tp
core   0: 3 0x80000fa8 (0x004246b3) x13 0x00000000
core   0: 0x80000fac (0x00150513) addi    a0, a0, 1
core   0: 3 0x80000fac (0x00150513) x10 0xfffffffe
core   0: 0x80000fb0 (0xff351ce3) bne     a0, s3, pc - 8
core   0: 3 0x80000fb0 (0xff351ce3)
core   0: 0x80000fb4 (0x069ebb17) auipc   s6, 0x69eb
core   0: 3 0x80000fb4 (0x069ebb17) x22 0x869ebfb4
core   0: 0x80000fb8 (0xfd0d96e3) bne     s11, a6, pc - 52
core   0: 3 0x80000fb8 (0xfd0d96e3)
core   0: 0x80000f84 (0x00000013) nop
core   0: 3 0x80000f84 (0x00000013)
core   0: 0x80000f88 (0x00a1c0b3) xor     ra, gp, a0
core   0: 3 0x80000f88 (0x00a1c0b3) x 1 0xfffffff3
core   0: 0x80000f8c (0xfffd8d93) addi    s11, s11, -1
core   0: 3 0x80000f8c (0xfffd8d93) x27 0xfffffff7
core   0: 0x80000f90 (0x0000100f) fence.i
core   0: 3 0x80000f90 (0x0000100f)
core   0: 0x80000f94 (0xcba93413) sltiu   s0, s2, -838
core   0: 3 0x80000f94 (0xcba93413) x 8 0x00000001
core   0: 0x80000f98 (0xff800513) li      a0, -8
core   0: 3 0x80000f98 (0xff800513) x10 0xfffffff8
core   0: 0x80000f9c (0x01221c33) sll     s8, tp, s2
core   0: 3 0x80000f9c (0x01221c33) x24 0x51404fa4
core   0: 0x80000fa0 (0xffe00993) li      s3, -2
core   0: 3 0x80000fa0 (0xffe00993) x19 0xfffffffe
core   0: 0x80000fa4 (0xd1404217) auipc   tp, 0xd1404
core   0: 3 0x80000fa4 (0xd1404217) x 4 0x51404fa4
core   0: 0x80000fa8 (0x004246b3) xor     a3, tp, tp
core   0: 3 0x80000fa8 (0x004246b3) x13 0x00000000
core   0: 0x80000fac (0x00150513) addi    a0, a0, 1
core   0: 3 0x80000fac (0x00150513) x10 0xfffffff9
core   0: 0x80000fb0 (0xff351ce3) bne     a0, s3, pc - 8
core   0: 3 0x80000fb0 (0xff351ce3)
core   0: 0x80000fa8 (0x004246b3) xor     a3, tp, tp
core   0: 3 0x80000fa8 (0x004246b3) x13 0x00000000
core   0: 0x80000fac (0x00150513) addi    a0, a0, 1
core   0: 3 0x80000fac (0x00150513) x10 0xfffffffa
core   0: 0x80000fb0 (0xff351ce3) bne     a0, s3, pc - 8
core   0: 3 0x80000fb0 (0xff351ce3)
core   0: 0x80000fa8 (0x004246b3) xor     a3, tp, tp
core   0: 3 0x80000fa8 (0x004246b3) x13 0x00000000
core   0: 0x80000fac (0x00150513) addi    a0, a0, 1
core   0: 3 0x80000fac (0x00150513) x10 0xfffffffb
core   0: 0x80000fb0 (0xff351ce3) bne     a0, s3, pc - 8
core   0: 3 0x80000fb0 (0xff351ce3)
core   0: 0x80000fa8 (0x004246b3) xor     a3, tp, tp
core   0: 3 0x80000fa8 (0x004246b3) x13 0x00000000
core   0: 0x80000fac (0x00150513) addi    a0, a0, 1
core   0: 3 0x80000fac (0x00150513) x10 0xfffffffc
core   0: 0x80000fb0 (0xff351ce3) bne     a0, s3, pc - 8
core   0: 3 0x80000fb0 (0xff351ce3)
core   0: 0x80000fa8 (0x004246b3) xor     a3, tp, tp
core   0: 3 0x80000fa8 (0x004246b3) x13 0x00000000
core   0: 0x80000fac (0x00150513) addi    a0, a0, 1
core   0: 3 0x80000fac (0x00150513) x10 0xfffffffd
core   0: 0x80000fb0 (0xff351ce3) bne     a0, s3, pc - 8
core   0: 3 0x80000fb0 (0xff351ce3)
core   0: 0x80000fa8 (0x004246b3) xor     a3, tp, tp
core   0: 3 0x80000fa8 (0x004246b3) x13 0x00000000
core   0: 0x80000fac (0x00150513) addi    a0, a0, 1
core   0: 3 0x80000fac (0x00150513) x10 0xfffffffe
core   0: 0x80000fb0 (0xff351ce3) bne     a0, s3, pc - 8
core   0: 3 0x80000fb0 (0xff351ce3)
core   0: 0x80000fb4 (0x069ebb17) auipc   s6, 0x69eb
core   0: 3 0x80000fb4 (0x069ebb17) x22 0x869ebfb4
core   0: 0x80000fb8 (0xfd0d96e3) bne     s11, a6, pc - 52
core   0: 3 0x80000fb8 (0xfd0d96e3)
core   0: 0x80000f84 (0x00000013) nop
core   0: 3 0x80000f84 (0x00000013)
core   0: 0x80000f88 (0x00a1c0b3) xor     ra, gp, a0
core   0: 3 0x80000f88 (0x00a1c0b3) x 1 0xfffffff3
core   0: 0x80000f8c (0xfffd8d93) addi    s11, s11, -1
core   0: 3 0x80000f8c (0xfffd8d93) x27 0xfffffff6
core   0: 0x80000f90 (0x0000100f) fence.i
core   0: 3 0x80000f90 (0x0000100f)
core   0: 0x80000f94 (0xcba93413) sltiu   s0, s2, -838
core   0: 3 0x80000f94 (0xcba93413) x 8 0x00000001
core   0: 0x80000f98 (0xff800513) li      a0, -8
core   0: 3 0x80000f98 (0xff800513) x10 0xfffffff8
core   0: 0x80000f9c (0x01221c33) sll     s8, tp, s2
core   0: 3 0x80000f9c (0x01221c33) x24 0x51404fa4
core   0: 0x80000fa0 (0xffe00993) li      s3, -2
core   0: 3 0x80000fa0 (0xffe00993) x19 0xfffffffe
core   0: 0x80000fa4 (0xd1404217) auipc   tp, 0xd1404
core   0: 3 0x80000fa4 (0xd1404217) x 4 0x51404fa4
core   0: 0x80000fa8 (0x004246b3) xor     a3, tp, tp
core   0: 3 0x80000fa8 (0x004246b3) x13 0x00000000
core   0: 0x80000fac (0x00150513) addi    a0, a0, 1
core   0: 3 0x80000fac (0x00150513) x10 0xfffffff9
core   0: 0x80000fb0 (0xff351ce3) bne     a0, s3, pc - 8
core   0: 3 0x80000fb0 (0xff351ce3)
core   0: 0x80000fa8 (0x004246b3) xor     a3, tp, tp
core   0: 3 0x80000fa8 (0x004246b3) x13 0x00000000
core   0: 0x80000fac (0x00150513) addi    a0, a0, 1
core   0: 3 0x80000fac (0x00150513) x10 0xfffffffa
core   0: 0x80000fb0 (0xff351ce3) bne     a0, s3, pc - 8
core   0: 3 0x80000fb0 (0xff351ce3)
core   0: 0x80000fa8 (0x004246b3) xor     a3, tp, tp
core   0: 3 0x80000fa8 (0x004246b3) x13 0x00000000
core   0: 0x80000fac (0x00150513) addi    a0, a0, 1
core   0: 3 0x80000fac (0x00150513) x10 0xfffffffb
core   0: 0x80000fb0 (0xff351ce3) bne     a0, s3, pc - 8
core   0: 3 0x80000fb0 (0xff351ce3)
core   0: 0x80000fa8 (0x004246b3) xor     a3, tp, tp
core   0: 3 0x80000fa8 (0x004246b3) x13 0x00000000
core   0: 0x80000fac (0x00150513) addi    a0, a0, 1
core   0: 3 0x80000fac (0x00150513) x10 0xfffffffc
core   0: 0x80000fb0 (0xff351ce3) bne     a0, s3, pc - 8
core   0: 3 0x80000fb0 (0xff351ce3)
core   0: 0x80000fa8 (0x004246b3) xor     a3, tp, tp
core   0: 3 0x80000fa8 (0x004246b3) x13 0x00000000
core   0: 0x80000fac (0x00150513) addi    a0, a0, 1
core   0: 3 0x80000fac (0x00150513) x10 0xfffffffd
core   0: 0x80000fb0 (0xff351ce3) bne     a0, s3, pc - 8
core   0: 3 0x80000fb0 (0xff351ce3)
core   0: 0x80000fa8 (0x004246b3) xor     a3, tp, tp
core   0: 3 0x80000fa8 (0x004246b3) x13 0x00000000
core   0: 0x80000fac (0x00150513) addi    a0, a0, 1
core   0: 3 0x80000fac (0x00150513) x10 0xfffffffe
core   0: 0x80000fb0 (0xff351ce3) bne     a0, s3, pc - 8
core   0: 3 0x80000fb0 (0xff351ce3)
core   0: 0x80000fb4 (0x069ebb17) auipc   s6, 0x69eb
core   0: 3 0x80000fb4 (0x069ebb17) x22 0x869ebfb4
core   0: 0x80000fb8 (0xfd0d96e3) bne     s11, a6, pc - 52
core   0: 3 0x80000fb8 (0xfd0d96e3)
core   0: 0x80000f84 (0x00000013) nop
core   0: 3 0x80000f84 (0x00000013)
core   0: 0x80000f88 (0x00a1c0b3) xor     ra, gp, a0
core   0: 3 0x80000f88 (0x00a1c0b3) x 1 0xfffffff3
core   0: 0x80000f8c (0xfffd8d93) addi    s11, s11, -1
core   0: 3 0x80000f8c (0xfffd8d93) x27 0xfffffff5
core   0: 0x80000f90 (0x0000100f) fence.i
core   0: 3 0x80000f90 (0x0000100f)
core   0: 0x80000f94 (0xcba93413) sltiu   s0, s2, -838
core   0: 3 0x80000f94 (0xcba93413) x 8 0x00000001
core   0: 0x80000f98 (0xff800513) li      a0, -8
core   0: 3 0x80000f98 (0xff800513) x10 0xfffffff8
core   0: 0x80000f9c (0x01221c33) sll     s8, tp, s2
core   0: 3 0x80000f9c (0x01221c33) x24 0x51404fa4
core   0: 0x80000fa0 (0xffe00993) li      s3, -2
core   0: 3 0x80000fa0 (0xffe00993) x19 0xfffffffe
core   0: 0x80000fa4 (0xd1404217) auipc   tp, 0xd1404
core   0: 3 0x80000fa4 (0xd1404217) x 4 0x51404fa4
core   0: 0x80000fa8 (0x004246b3) xor     a3, tp, tp
core   0: 3 0x80000fa8 (0x004246b3) x13 0x00000000
core   0: 0x80000fac (0x00150513) addi    a0, a0, 1
core   0: 3 0x80000fac (0x00150513) x10 0xfffffff9
core   0: 0x80000fb0 (0xff351ce3) bne     a0, s3, pc - 8
core   0: 3 0x80000fb0 (0xff351ce3)
core   0: 0x80000fa8 (0x004246b3) xor     a3, tp, tp
core   0: 3 0x80000fa8 (0x004246b3) x13 0x00000000
core   0: 0x80000fac (0x00150513) addi    a0, a0, 1
core   0: 3 0x80000fac (0x00150513) x10 0xfffffffa
core   0: 0x80000fb0 (0xff351ce3) bne     a0, s3, pc - 8
core   0: 3 0x80000fb0 (0xff351ce3)
core   0: 0x80000fa8 (0x004246b3) xor     a3, tp, tp
core   0: 3 0x80000fa8 (0x004246b3) x13 0x00000000
core   0: 0x80000fac (0x00150513) addi    a0, a0, 1
core   0: 3 0x80000fac (0x00150513) x10 0xfffffffb
core   0: 0x80000fb0 (0xff351ce3) bne     a0, s3, pc - 8
core   0: 3 0x80000fb0 (0xff351ce3)
core   0: 0x80000fa8 (0x004246b3) xor     a3, tp, tp
core   0: 3 0x80000fa8 (0x004246b3) x13 0x00000000
core   0: 0x80000fac (0x00150513) addi    a0, a0, 1
core   0: 3 0x80000fac (0x00150513) x10 0xfffffffc
core   0: 0x80000fb0 (0xff351ce3) bne     a0, s3, pc - 8
core   0: 3 0x80000fb0 (0xff351ce3)
core   0: 0x80000fa8 (0x004246b3) xor     a3, tp, tp
core   0: 3 0x80000fa8 (0x004246b3) x13 0x00000000
core   0: 0x80000fac (0x00150513) addi    a0, a0, 1
core   0: 3 0x80000fac (0x00150513) x10 0xfffffffd
core   0: 0x80000fb0 (0xff351ce3) bne     a0, s3, pc - 8
core   0: 3 0x80000fb0 (0xff351ce3)
core   0: 0x80000fa8 (0x004246b3) xor     a3, tp, tp
core   0: 3 0x80000fa8 (0x004246b3) x13 0x00000000
core   0: 0x80000fac (0x00150513) addi    a0, a0, 1
core   0: 3 0x80000fac (0x00150513) x10 0xfffffffe
core   0: 0x80000fb0 (0xff351ce3) bne     a0, s3, pc - 8
core   0: 3 0x80000fb0 (0xff351ce3)
core   0: 0x80000fb4 (0x069ebb17) auipc   s6, 0x69eb
core   0: 3 0x80000fb4 (0x069ebb17) x22 0x869ebfb4
core   0: 0x80000fb8 (0xfd0d96e3) bne     s11, a6, pc - 52
core   0: 3 0x80000fb8 (0xfd0d96e3)
core   0: 0x80000f84 (0x00000013) nop
core   0: 3 0x80000f84 (0x00000013)
core   0: 0x80000f88 (0x00a1c0b3) xor     ra, gp, a0
core   0: 3 0x80000f88 (0x00a1c0b3) x 1 0xfffffff3
core   0: 0x80000f8c (0xfffd8d93) addi    s11, s11, -1
core   0: 3 0x80000f8c (0xfffd8d93) x27 0xfffffff4
core   0: 0x80000f90 (0x0000100f) fence.i
core   0: 3 0x80000f90 (0x0000100f)
core   0: 0x80000f94 (0xcba93413) sltiu   s0, s2, -838
core   0: 3 0x80000f94 (0xcba93413) x 8 0x00000001
core   0: 0x80000f98 (0xff800513) li      a0, -8
core   0: 3 0x80000f98 (0xff800513) x10 0xfffffff8
core   0: 0x80000f9c (0x01221c33) sll     s8, tp, s2
core   0: 3 0x80000f9c (0x01221c33) x24 0x51404fa4
core   0: 0x80000fa0 (0xffe00993) li      s3, -2
core   0: 3 0x80000fa0 (0xffe00993) x19 0xfffffffe
core   0: 0x80000fa4 (0xd1404217) auipc   tp, 0xd1404
core   0: 3 0x80000fa4 (0xd1404217) x 4 0x51404fa4
core   0: 0x80000fa8 (0x004246b3) xor     a3, tp, tp
core   0: 3 0x80000fa8 (0x004246b3) x13 0x00000000
core   0: 0x80000fac (0x00150513) addi    a0, a0, 1
core   0: 3 0x80000fac (0x00150513) x10 0xfffffff9
core   0: 0x80000fb0 (0xff351ce3) bne     a0, s3, pc - 8
core   0: 3 0x80000fb0 (0xff351ce3)
core   0: 0x80000fa8 (0x004246b3) xor     a3, tp, tp
core   0: 3 0x80000fa8 (0x004246b3) x13 0x00000000
core   0: 0x80000fac (0x00150513) addi    a0, a0, 1
core   0: 3 0x80000fac (0x00150513) x10 0xfffffffa
core   0: 0x80000fb0 (0xff351ce3) bne     a0, s3, pc - 8
core   0: 3 0x80000fb0 (0xff351ce3)
core   0: 0x80000fa8 (0x004246b3) xor     a3, tp, tp
core   0: 3 0x80000fa8 (0x004246b3) x13 0x00000000
core   0: 0x80000fac (0x00150513) addi    a0, a0, 1
core   0: 3 0x80000fac (0x00150513) x10 0xfffffffb
core   0: 0x80000fb0 (0xff351ce3) bne     a0, s3, pc - 8
core   0: 3 0x80000fb0 (0xff351ce3)
core   0: 0x80000fa8 (0x004246b3) xor     a3, tp, tp
core   0: 3 0x80000fa8 (0x004246b3) x13 0x00000000
core   0: 0x80000fac (0x00150513) addi    a0, a0, 1
core   0: 3 0x80000fac (0x00150513) x10 0xfffffffc
core   0: 0x80000fb0 (0xff351ce3) bne     a0, s3, pc - 8
core   0: 3 0x80000fb0 (0xff351ce3)
core   0: 0x80000fa8 (0x004246b3) xor     a3, tp, tp
core   0: 3 0x80000fa8 (0x004246b3) x13 0x00000000
core   0: 0x80000fac (0x00150513) addi    a0, a0, 1
core   0: 3 0x80000fac (0x00150513) x10 0xfffffffd
core   0: 0x80000fb0 (0xff351ce3) bne     a0, s3, pc - 8
core   0: 3 0x80000fb0 (0xff351ce3)
core   0: 0x80000fa8 (0x004246b3) xor     a3, tp, tp
core   0: 3 0x80000fa8 (0x004246b3) x13 0x00000000
core   0: 0x80000fac (0x00150513) addi    a0, a0, 1
core   0: 3 0x80000fac (0x00150513) x10 0xfffffffe
core   0: 0x80000fb0 (0xff351ce3) bne     a0, s3, pc - 8
core   0: 3 0x80000fb0 (0xff351ce3)
core   0: 0x80000fb4 (0x069ebb17) auipc   s6, 0x69eb
core   0: 3 0x80000fb4 (0x069ebb17) x22 0x869ebfb4
core   0: 0x80000fb8 (0xfd0d96e3) bne     s11, a6, pc - 52
core   0: 3 0x80000fb8 (0xfd0d96e3)
core   0: 0x80000f84 (0x00000013) nop
core   0: 3 0x80000f84 (0x00000013)
core   0: 0x80000f88 (0x00a1c0b3) xor     ra, gp, a0
core   0: 3 0x80000f88 (0x00a1c0b3) x 1 0xfffffff3
core   0: 0x80000f8c (0xfffd8d93) addi    s11, s11, -1
core   0: 3 0x80000f8c (0xfffd8d93) x27 0xfffffff3
core   0: 0x80000f90 (0x0000100f) fence.i
core   0: 3 0x80000f90 (0x0000100f)
core   0: 0x80000f94 (0xcba93413) sltiu   s0, s2, -838
core   0: 3 0x80000f94 (0xcba93413) x 8 0x00000001
core   0: 0x80000f98 (0xff800513) li      a0, -8
core   0: 3 0x80000f98 (0xff800513) x10 0xfffffff8
core   0: 0x80000f9c (0x01221c33) sll     s8, tp, s2
core   0: 3 0x80000f9c (0x01221c33) x24 0x51404fa4
core   0: 0x80000fa0 (0xffe00993) li      s3, -2
core   0: 3 0x80000fa0 (0xffe00993) x19 0xfffffffe
core   0: 0x80000fa4 (0xd1404217) auipc   tp, 0xd1404
core   0: 3 0x80000fa4 (0xd1404217) x 4 0x51404fa4
core   0: 0x80000fa8 (0x004246b3) xor     a3, tp, tp
core   0: 3 0x80000fa8 (0x004246b3) x13 0x00000000
core   0: 0x80000fac (0x00150513) addi    a0, a0, 1
core   0: 3 0x80000fac (0x00150513) x10 0xfffffff9
core   0: 0x80000fb0 (0xff351ce3) bne     a0, s3, pc - 8
core   0: 3 0x80000fb0 (0xff351ce3)
core   0: 0x80000fa8 (0x004246b3) xor     a3, tp, tp
core   0: 3 0x80000fa8 (0x004246b3) x13 0x00000000
core   0: 0x80000fac (0x00150513) addi    a0, a0, 1
core   0: 3 0x80000fac (0x00150513) x10 0xfffffffa
core   0: 0x80000fb0 (0xff351ce3) bne     a0, s3, pc - 8
core   0: 3 0x80000fb0 (0xff351ce3)
core   0: 0x80000fa8 (0x004246b3) xor     a3, tp, tp
core   0: 3 0x80000fa8 (0x004246b3) x13 0x00000000
core   0: 0x80000fac (0x00150513) addi    a0, a0, 1
core   0: 3 0x80000fac (0x00150513) x10 0xfffffffb
core   0: 0x80000fb0 (0xff351ce3) bne     a0, s3, pc - 8
core   0: 3 0x80000fb0 (0xff351ce3)
core   0: 0x80000fa8 (0x004246b3) xor     a3, tp, tp
core   0: 3 0x80000fa8 (0x004246b3) x13 0x00000000
core   0: 0x80000fac (0x00150513) addi    a0, a0, 1
core   0: 3 0x80000fac (0x00150513) x10 0xfffffffc
core   0: 0x80000fb0 (0xff351ce3) bne     a0, s3, pc - 8
core   0: 3 0x80000fb0 (0xff351ce3)
core   0: 0x80000fa8 (0x004246b3) xor     a3, tp, tp
core   0: 3 0x80000fa8 (0x004246b3) x13 0x00000000
core   0: 0x80000fac (0x00150513) addi    a0, a0, 1
core   0: 3 0x80000fac (0x00150513) x10 0xfffffffd
core   0: 0x80000fb0 (0xff351ce3) bne     a0, s3, pc - 8
core   0: 3 0x80000fb0 (0xff351ce3)
core   0: 0x80000fa8 (0x004246b3) xor     a3, tp, tp
core   0: 3 0x80000fa8 (0x004246b3) x13 0x00000000
core   0: 0x80000fac (0x00150513) addi    a0, a0, 1
core   0: 3 0x80000fac (0x00150513) x10 0xfffffffe
core   0: 0x80000fb0 (0xff351ce3) bne     a0, s3, pc - 8
core   0: 3 0x80000fb0 (0xff351ce3)
core   0: 0x80000fb4 (0x069ebb17) auipc   s6, 0x69eb
core   0: 3 0x80000fb4 (0x069ebb17) x22 0x869ebfb4
core   0: 0x80000fb8 (0xfd0d96e3) bne     s11, a6, pc - 52
core   0: 3 0x80000fb8 (0xfd0d96e3)
core   0: 0x80000f84 (0x00000013) nop
core   0: 3 0x80000f84 (0x00000013)
core   0: 0x80000f88 (0x00a1c0b3) xor     ra, gp, a0
core   0: 3 0x80000f88 (0x00a1c0b3) x 1 0xfffffff3
core   0: 0x80000f8c (0xfffd8d93) addi    s11, s11, -1
core   0: 3 0x80000f8c (0xfffd8d93) x27 0xfffffff2
core   0: 0x80000f90 (0x0000100f) fence.i
core   0: 3 0x80000f90 (0x0000100f)
core   0: 0x80000f94 (0xcba93413) sltiu   s0, s2, -838
core   0: 3 0x80000f94 (0xcba93413) x 8 0x00000001
core   0: 0x80000f98 (0xff800513) li      a0, -8
core   0: 3 0x80000f98 (0xff800513) x10 0xfffffff8
core   0: 0x80000f9c (0x01221c33) sll     s8, tp, s2
core   0: 3 0x80000f9c (0x01221c33) x24 0x51404fa4
core   0: 0x80000fa0 (0xffe00993) li      s3, -2
core   0: 3 0x80000fa0 (0xffe00993) x19 0xfffffffe
core   0: 0x80000fa4 (0xd1404217) auipc   tp, 0xd1404
core   0: 3 0x80000fa4 (0xd1404217) x 4 0x51404fa4
core   0: 0x80000fa8 (0x004246b3) xor     a3, tp, tp
core   0: 3 0x80000fa8 (0x004246b3) x13 0x00000000
core   0: 0x80000fac (0x00150513) addi    a0, a0, 1
core   0: 3 0x80000fac (0x00150513) x10 0xfffffff9
core   0: 0x80000fb0 (0xff351ce3) bne     a0, s3, pc - 8
core   0: 3 0x80000fb0 (0xff351ce3)
core   0: 0x80000fa8 (0x004246b3) xor     a3, tp, tp
core   0: 3 0x80000fa8 (0x004246b3) x13 0x00000000
core   0: 0x80000fac (0x00150513) addi    a0, a0, 1
core   0: 3 0x80000fac (0x00150513) x10 0xfffffffa
core   0: 0x80000fb0 (0xff351ce3) bne     a0, s3, pc - 8
core   0: 3 0x80000fb0 (0xff351ce3)
core   0: 0x80000fa8 (0x004246b3) xor     a3, tp, tp
core   0: 3 0x80000fa8 (0x004246b3) x13 0x00000000
core   0: 0x80000fac (0x00150513) addi    a0, a0, 1
core   0: 3 0x80000fac (0x00150513) x10 0xfffffffb
core   0: 0x80000fb0 (0xff351ce3) bne     a0, s3, pc - 8
core   0: 3 0x80000fb0 (0xff351ce3)
core   0: 0x80000fa8 (0x004246b3) xor     a3, tp, tp
core   0: 3 0x80000fa8 (0x004246b3) x13 0x00000000
core   0: 0x80000fac (0x00150513) addi    a0, a0, 1
core   0: 3 0x80000fac (0x00150513) x10 0xfffffffc
core   0: 0x80000fb0 (0xff351ce3) bne     a0, s3, pc - 8
core   0: 3 0x80000fb0 (0xff351ce3)
core   0: 0x80000fa8 (0x004246b3) xor     a3, tp, tp
core   0: 3 0x80000fa8 (0x004246b3) x13 0x00000000
core   0: 0x80000fac (0x00150513) addi    a0, a0, 1
core   0: 3 0x80000fac (0x00150513) x10 0xfffffffd
core   0: 0x80000fb0 (0xff351ce3) bne     a0, s3, pc - 8
core   0: 3 0x80000fb0 (0xff351ce3)
core   0: 0x80000fa8 (0x004246b3) xor     a3, tp, tp
core   0: 3 0x80000fa8 (0x004246b3) x13 0x00000000
core   0: 0x80000fac (0x00150513) addi    a0, a0, 1
core   0: 3 0x80000fac (0x00150513) x10 0xfffffffe
core   0: 0x80000fb0 (0xff351ce3) bne     a0, s3, pc - 8
core   0: 3 0x80000fb0 (0xff351ce3)
core   0: 0x80000fb4 (0x069ebb17) auipc   s6, 0x69eb
core   0: 3 0x80000fb4 (0x069ebb17) x22 0x869ebfb4
core   0: 0x80000fb8 (0xfd0d96e3) bne     s11, a6, pc - 52
core   0: 3 0x80000fb8 (0xfd0d96e3)
core   0: 0x80000fbc (0x58af76b7) lui     a3, 0x58af7
core   0: 3 0x80000fbc (0x58af76b7) x13 0x58af7000
core   0: 0x80000fc0 (0xff600193) li      gp, -10
core   0: 3 0x80000fc0 (0xff600193) x 3 0xfffffff6
core   0: 0x80000fc4 (0x0036d233) srl     tp, a3, gp
core   0: 3 0x80000fc4 (0x0036d233) x 4 0x00000162
core   0: 0x80000fc8 (0x012a59b3) srl     s3, s4, s2
core   0: 3 0x80000fc8 (0x012a59b3) x19 0x78189f58
core   0: 0x80000fcc (0x10b4b613) sltiu   a2, s1, 267
core   0: 3 0x80000fcc (0x10b4b613) x12 0x00000000
core   0: 0x80000fd0 (0x008c1c33) sll     s8, s8, s0
core   0: 3 0x80000fd0 (0x008c1c33) x24 0xa2809f48
core   0: 0x80000fd4 (0x00c87fb3) and     t6, a6, a2
core   0: 3 0x80000fd4 (0x00c87fb3) x31 0x00000000
core   0: 0x80000fd8 (0x004bf033) and     zero, s7, tp
core   0: 3 0x80000fd8 (0x004bf033)
core   0: 0x80000fdc (0x00a00113) li      sp, 10
core   0: 3 0x80000fdc (0x00a00113) x 2 0x0000000a
core   0: 0x80000fe0 (0x0000100f) fence.i
core   0: 3 0x80000fe0 (0x0000100f)
core   0: 0x80000fe4 (0xcf77b893) sltiu   a7, a5, -777
core   0: 3 0x80000fe4 (0xcf77b893) x17 0x00000001
core   0: 0x80000fe8 (0x002a43b3) xor     t2, s4, sp
core   0: 3 0x80000fe8 (0x002a43b3) x 7 0x78189f52
core   0: 0x80000fec (0x0000100f) fence.i
core   0: 3 0x80000fec (0x0000100f)
core   0: 0x80000ff0 (0x0ff0000f) fence   iorw,iorw
core   0: 3 0x80000ff0 (0x0ff0000f)
core   0: 0x80000ff4 (0x01900a33) add     s4, zero, s9
core   0: 3 0x80000ff4 (0x01900a33) x20 0x00000001
core   0: 0x80000ff8 (0xd556ec93) ori     s9, a3, -683
core   0: 3 0x80000ff8 (0xd556ec93) x25 0xfffffd55
core   0: 0x80000ffc (0x014e1cb3) sll     s9, t3, s4
core   0: 3 0x80000ffc (0x014e1cb3) x25 0x0000000a
core   0: 0x80001000 (0xa27fee13) ori     t3, t6, -1497
core   0: 3 0x80001000 (0xa27fee13) x28 0xfffffa27
core   0: 0x80001004 (0x00a18193) addi    gp, gp, 10
core   0: 3 0x80001004 (0x00a18193) x 3 0x00000000
core   0: 0x80001008 (0xbd25a593) slti    a1, a1, -1070
core   0: 3 0x80001008 (0xbd25a593) x11 0x00000001
core   0: 0x8000100c (0xd3242537) lui     a0, 0xd3242
core   0: 3 0x8000100c (0xd3242537) x10 0xd3242000
core   0: 0x80001010 (0x416a50b3) sra     ra, s4, s6
core   0: 3 0x80001010 (0x416a50b3) x 1 0x00000000
core   0: 0x80001014 (0x007eadb3) slt     s11, t4, t2
core   0: 3 0x80001014 (0x007eadb3) x27 0x00000001
core   0: 0x80001018 (0x0000100f) fence.i
core   0: 3 0x80001018 (0x0000100f)
core   0: 0x8000101c (0x0109e233) or      tp, s3, a6
core   0: 3 0x8000101c (0x0109e233) x 4 0xfffffffa
core   0: 0x80001020 (0xfc2182e3) beq     gp, sp, pc - 60
core   0: 3 0x80001020 (0xfc2182e3)
core   0: 0x80001024 (0x221d2e13) slti    t3, s10, 545
core   0: 3 0x80001024 (0x221d2e13) x28 0x00000001
core   0: 0x80001028 (0xff800793) li      a5, -8
core   0: 3 0x80001028 (0xff800793) x15 0xfffffff8
core   0: 0x8000102c (0x00a69633) sll     a2, a3, a0
core   0: 3 0x8000102c (0x00a69633) x12 0x58af7000
core   0: 0x80001030 (0x01359733) sll     a4, a1, s3
core   0: 3 0x80001030 (0x01359733) x14 0x01000000
core   0: 0x80001034 (0xe7ef95b7) lui     a1, 0xe7ef9
core   0: 3 0x80001034 (0xe7ef95b7) x11 0xe7ef9000
core   0: 0x80001038 (0x8dc3f713) andi    a4, t2, -1828
core   0: 3 0x80001038 (0x8dc3f713) x14 0x78189850
core   0: 0x8000103c (0x0000100f) fence.i
core   0: 3 0x8000103c (0x0000100f)
core   0: 0x80001040 (0x40d705b3) sub     a1, a4, a3
core   0: 3 0x80001040 (0x40d705b3) x11 0x1f692850
core   0: 0x80001044 (0x00700693) li      a3, 7
core   0: 3 0x80001044 (0x00700693) x13 0x00000007
core   0: 0x80001048 (0x002a7fb3) and     t6, s4, sp
core   0: 3 0x80001048 (0x002a7fb3) x31 0x00000000
core   0: 0x8000104c (0x00d0fe33) and     t3, ra, a3
core   0: 3 0x8000104c (0x00d0fe33) x28 0x00000000
core   0: 0x80001050 (0x9cb88197) auipc   gp, 0x9cb88
core   0: 3 0x80001050 (0x9cb88197) x 3 0x1cb89050
core   0: 0x80001054 (0x00502db3) slt     s11, zero, t0
core   0: 3 0x80001054 (0x00502db3) x27 0x00000000
core   0: 0x80001058 (0x41ec0a33) sub     s4, s8, t5
core   0: 3 0x80001058 (0x41ec0a33) x20 0xa2809f3b
core   0: 0x8000105c (0x5883ee13) ori     t3, t2, 1416
core   0: 3 0x8000105c (0x5883ee13) x28 0x78189fda
core   0: 0x80001060 (0x0000100f) fence.i
core   0: 3 0x80001060 (0x0000100f)
core   0: 0x80001064 (0x00478793) addi    a5, a5, 4
core   0: 3 0x80001064 (0x00478793) x15 0xfffffffc
core   0: 0x80001068 (0xf6e0cd93) xori    s11, ra, -146
core   0: 3 0x80001068 (0xf6e0cd93) x27 0xffffff6e
core   0: 0x8000106c (0x01654cb3) xor     s9, a0, s6
core   0: 3 0x8000106c (0x01654cb3) x25 0x55ba9fb4
core   0: 0x80001070 (0x4ea62f93) slti    t6, a2, 1258
core   0: 3 0x80001070 (0x4ea62f93) x31 0x00000000
core   0: 0x80001074 (0x41450cb3) sub     s9, a0, s4
core   0: 3 0x80001074 (0x41450cb3) x25 0x30a380c5
core   0: 0x80001078 (0x8fbf7297) auipc   t0, 0x8fbf7
core   0: 3 0x80001078 (0x8fbf7297) x 5 0x0fbf8078
core   0: 0x8000107c (0x5778c9b7) lui     s3, 0x5778c
core   0: 3 0x8000107c (0x5778c9b7) x19 0x5778c000
core   0: 0x80001080 (0x41e38633) sub     a2, t2, t5
core   0: 3 0x80001080 (0x41e38633) x12 0x78189f45
core   0: 0x80001084 (0x0000100f) fence.i
core   0: 3 0x80001084 (0x0000100f)
core   0: 0x80001088 (0x00000013) nop
core   0: 3 0x80001088 (0x00000013)
core   0: 0x8000108c (0x0000100f) fence.i
core   0: 3 0x8000108c (0x0000100f)
core   0: 0x80001090 (0x9d567637) lui     a2, 0x9d567
core   0: 3 0x80001090 (0x9d567637) x12 0x9d567000
core   0: 0x80001094 (0xfcd7e4e3) bltu    a5, a3, pc - 56
core   0: 3 0x80001094 (0xfcd7e4e3)
core   0: 0x80001098 (0x76227393) andi    t2, tp, 1890
core   0: 3 0x80001098 (0x76227393) x 7 0x00000762
core   0: 0x8000109c (0x00a00793) li      a5, 10
core   0: 3 0x8000109c (0x00a00793) x15 0x0000000a
core   0: 0x800010a0 (0x41cd5e93) srai    t4, s10, 28
core   0: 3 0x800010a0 (0x41cd5e93) x29 0x00000000
core   0: 0x800010a4 (0x00b00c93) li      s9, 11
core   0: 3 0x800010a4 (0x00b00c93) x25 0x0000000b
core   0: 0x800010a8 (0x01981d93) slli    s11, a6, 25
core   0: 3 0x800010a8 (0x01981d93) x27 0xe4000000
core   0: 0x800010ac (0x00529c13) slli    s8, t0, 5
core   0: 3 0x800010ac (0x00529c13) x24 0xf7f00f00
core   0: 0x800010b0 (0x7b756913) ori     s2, a0, 1975
core   0: 3 0x800010b0 (0x7b756913) x18 0xd32427b7
core   0: 0x800010b4 (0x485ac993) xori    s3, s5, 1157
core   0: 3 0x800010b4 (0x485ac993) x19 0xfdb0163e
core   0: 0x800010b8 (0x00d641b3) xor     gp, a2, a3
core   0: 3 0x800010b8 (0x00d641b3) x 3 0x9d567007
core   0: 0x800010bc (0xae5a0393) addi    t2, s4, -1307
core   0: 3 0x800010bc (0xae5a0393) x 7 0xa2809a20
core   0: 0x800010c0 (0x017b0db3) add     s11, s6, s7
core   0: 3 0x800010c0 (0x017b0db3) x27 0x06a10e18
core   0: 0x800010c4 (0xe06ce2b7) lui     t0, 0xe06ce
core   0: 3 0x800010c4 (0xe06ce2b7) x 5 0xe06ce000
core   0: 0x800010c8 (0x18ce7f13) andi    t5, t3, 396
core   0: 3 0x800010c8 (0x18ce7f13) x30 0x00000188
core   0: 0x800010cc (0x012b76b3) and     a3, s6, s2
core   0: 3 0x800010cc (0x012b76b3) x13 0x820427b4
core   0: 0x800010d0 (0x40478a33) sub     s4, a5, tp
core   0: 3 0x800010d0 (0x40478a33) x20 0x00000010
core   0: 0x800010d4 (0x2fb2b713) sltiu   a4, t0, 763
core   0: 3 0x800010d4 (0x2fb2b713) x14 0x00000000
core   0: 0x800010d8 (0x00178793) addi    a5, a5, 1
core   0: 3 0x800010d8 (0x00178793) x15 0x0000000b
core   0: 0x800010dc (0x00600513) li      a0, 6
core   0: 3 0x800010dc (0x00600513) x10 0x00000006
core   0: 0x800010e0 (0x41950133) sub     sp, a0, s9
core   0: 3 0x800010e0 (0x41950133) x 2 0xfffffffb
core   0: 0x800010e4 (0x01000613) li      a2, 16
core   0: 3 0x800010e4 (0x01000613) x12 0x00000010
core   0: 0x800010e8 (0x015fd0b3) srl     ra, t6, s5
core   0: 3 0x800010e8 (0x015fd0b3) x 1 0x00000000
core   0: 0x800010ec (0x4033d0b3) sra     ra, t2, gp
core   0: 3 0x800010ec (0x4033d0b3) x 1 0xff450134
core   0: 0x800010f0 (0x00275233) srl     tp, a4, sp
core   0: 3 0x800010f0 (0x00275233) x 4 0x00000000
core   0: 0x800010f4 (0x0163b0b3) sltu    ra, t2, s6
core   0: 3 0x800010f4 (0x0163b0b3) x 1 0x00000000
core   0: 0x800010f8 (0x01b64033) xor     zero, a2, s11
core   0: 3 0x800010f8 (0x01b64033)
core   0: 0x800010fc (0x87da6113) ori     sp, s4, -1923
core   0: 3 0x800010fc (0x87da6113) x 2 0xfffff87d
core   0: 0x80001100 (0x01b3dd13) srli    s10, t2, 27
core   0: 3 0x80001100 (0x01b3dd13) x26 0x00000014
core   0: 0x80001104 (0x3d73f693) andi    a3, t2, 983
core   0: 3 0x80001104 (0x3d73f693) x13 0x00000200
core   0: 0x80001108 (0x004db433) sltu    s0, s11, tp
core   0: 3 0x80001108 (0x004db433) x 8 0x00000000
core   0: 0x8000110c (0x00000013) nop
core   0: 3 0x8000110c (0x00000013)
core   0: 0x80001110 (0x00150513) addi    a0, a0, 1
core   0: 3 0x80001110 (0x00150513) x10 0x00000007
core   0: 0x80001114 (0xfec518e3) bne     a0, a2, pc - 16
core   0: 3 0x80001114 (0xfec518e3)
core   0: 0x80001104 (0x3d73f693) andi    a3, t2, 983
core   0: 3 0x80001104 (0x3d73f693) x13 0x00000200
core   0: 0x80001108 (0x004db433) sltu    s0, s11, tp
core   0: 3 0x80001108 (0x004db433) x 8 0x00000000
core   0: 0x8000110c (0x00000013) nop
core   0: 3 0x8000110c (0x00000013)
core   0: 0x80001110 (0x00150513) addi    a0, a0, 1
core   0: 3 0x80001110 (0x00150513) x10 0x00000008
core   0: 0x80001114 (0xfec518e3) bne     a0, a2, pc - 16
core   0: 3 0x80001114 (0xfec518e3)
core   0: 0x80001104 (0x3d73f693) andi    a3, t2, 983
core   0: 3 0x80001104 (0x3d73f693) x13 0x00000200
core   0: 0x80001108 (0x004db433) sltu    s0, s11, tp
core   0: 3 0x80001108 (0x004db433) x 8 0x00000000
core   0: 0x8000110c (0x00000013) nop
core   0: 3 0x8000110c (0x00000013)
core   0: 0x80001110 (0x00150513) addi    a0, a0, 1
core   0: 3 0x80001110 (0x00150513) x10 0x00000009
core   0: 0x80001114 (0xfec518e3) bne     a0, a2, pc - 16
core   0: 3 0x80001114 (0xfec518e3)
core   0: 0x80001104 (0x3d73f693) andi    a3, t2, 983
core   0: 3 0x80001104 (0x3d73f693) x13 0x00000200
core   0: 0x80001108 (0x004db433) sltu    s0, s11, tp
core   0: 3 0x80001108 (0x004db433) x 8 0x00000000
core   0: 0x8000110c (0x00000013) nop
core   0: 3 0x8000110c (0x00000013)
core   0: 0x80001110 (0x00150513) addi    a0, a0, 1
core   0: 3 0x80001110 (0x00150513) x10 0x0000000a
core   0: 0x80001114 (0xfec518e3) bne     a0, a2, pc - 16
core   0: 3 0x80001114 (0xfec518e3)
core   0: 0x80001104 (0x3d73f693) andi    a3, t2, 983
core   0: 3 0x80001104 (0x3d73f693) x13 0x00000200
core   0: 0x80001108 (0x004db433) sltu    s0, s11, tp
core   0: 3 0x80001108 (0x004db433) x 8 0x00000000
core   0: 0x8000110c (0x00000013) nop
core   0: 3 0x8000110c (0x00000013)
core   0: 0x80001110 (0x00150513) addi    a0, a0, 1
core   0: 3 0x80001110 (0x00150513) x10 0x0000000b
core   0: 0x80001114 (0xfec518e3) bne     a0, a2, pc - 16
core   0: 3 0x80001114 (0xfec518e3)
core   0: 0x80001104 (0x3d73f693) andi    a3, t2, 983
core   0: 3 0x80001104 (0x3d73f693) x13 0x00000200
core   0: 0x80001108 (0x004db433) sltu    s0, s11, tp
core   0: 3 0x80001108 (0x004db433) x 8 0x00000000
core   0: 0x8000110c (0x00000013) nop
core   0: 3 0x8000110c (0x00000013)
core   0: 0x80001110 (0x00150513) addi    a0, a0, 1
core   0: 3 0x80001110 (0x00150513) x10 0x0000000c
core   0: 0x80001114 (0xfec518e3) bne     a0, a2, pc - 16
core   0: 3 0x80001114 (0xfec518e3)
core   0: 0x80001104 (0x3d73f693) andi    a3, t2, 983
core   0: 3 0x80001104 (0x3d73f693) x13 0x00000200
core   0: 0x80001108 (0x004db433) sltu    s0, s11, tp
core   0: 3 0x80001108 (0x004db433) x 8 0x00000000
core   0: 0x8000110c (0x00000013) nop
core   0: 3 0x8000110c (0x00000013)
core   0: 0x80001110 (0x00150513) addi    a0, a0, 1
core   0: 3 0x80001110 (0x00150513) x10 0x0000000d
core   0: 0x80001114 (0xfec518e3) bne     a0, a2, pc - 16
core   0: 3 0x80001114 (0xfec518e3)
core   0: 0x80001104 (0x3d73f693) andi    a3, t2, 983
core   0: 3 0x80001104 (0x3d73f693) x13 0x00000200
core   0: 0x80001108 (0x004db433) sltu    s0, s11, tp
core   0: 3 0x80001108 (0x004db433) x 8 0x00000000
core   0: 0x8000110c (0x00000013) nop
core   0: 3 0x8000110c (0x00000013)
core   0: 0x80001110 (0x00150513) addi    a0, a0, 1
core   0: 3 0x80001110 (0x00150513) x10 0x0000000e
core   0: 0x80001114 (0xfec518e3) bne     a0, a2, pc - 16
core   0: 3 0x80001114 (0xfec518e3)
core   0: 0x80001104 (0x3d73f693) andi    a3, t2, 983
core   0: 3 0x80001104 (0x3d73f693) x13 0x00000200
core   0: 0x80001108 (0x004db433) sltu    s0, s11, tp
core   0: 3 0x80001108 (0x004db433) x 8 0x00000000
core   0: 0x8000110c (0x00000013) nop
core   0: 3 0x8000110c (0x00000013)
core   0: 0x80001110 (0x00150513) addi    a0, a0, 1
core   0: 3 0x80001110 (0x00150513) x10 0x0000000f
core   0: 0x80001114 (0xfec518e3) bne     a0, a2, pc - 16
core   0: 3 0x80001114 (0xfec518e3)
core   0: 0x80001104 (0x3d73f693) andi    a3, t2, 983
core   0: 3 0x80001104 (0x3d73f693) x13 0x00000200
core   0: 0x80001108 (0x004db433) sltu    s0, s11, tp
core   0: 3 0x80001108 (0x004db433) x 8 0x00000000
core   0: 0x8000110c (0x00000013) nop
core   0: 3 0x8000110c (0x00000013)
core   0: 0x80001110 (0x00150513) addi    a0, a0, 1
core   0: 3 0x80001110 (0x00150513) x10 0x00000010
core   0: 0x80001114 (0xfec518e3) bne     a0, a2, pc - 16
core   0: 3 0x80001114 (0xfec518e3)
core   0: 0x80001118 (0x0000100f) fence.i
core   0: 3 0x80001118 (0x0000100f)
core   0: 0x8000111c (0x0023de93) srli    t4, t2, 2
core   0: 3 0x8000111c (0x0023de93) x29 0x28a02688
core   0: 0x80001120 (0xf9979ce3) bne     a5, s9, pc - 104
core   0: 3 0x80001120 (0xf9979ce3)
core   0: 0x80001124 (0x40a85713) srai    a4, a6, 10
core   0: 3 0x80001124 (0x40a85713) x14 0xffffffff
core   0: 0x80001128 (0x00500893) li      a7, 5
core   0: 3 0x80001128 (0x00500893) x17 0x00000005
core   0: 0x8000112c (0x0057dcb3) srl     s9, a5, t0
core   0: 3 0x8000112c (0x0057dcb3) x25 0x0000000b
core   0: 0x80001130 (0x3f55a297) auipc   t0, 0x3f55a
core   0: 3 0x80001130 (0x3f55a297) x 5 0xbf55b130
core   0: 0x80001134 (0x4096d033) sra     zero, a3, s1
core   0: 3 0x80001134 (0x4096d033)
core   0: 0x80001138 (0x001db1b3) sltu    gp, s11, ra
core   0: 3 0x80001138 (0x001db1b3) x 3 0x00000000
core   0: 0x8000113c (0x00700213) li      tp, 7
core   0: 3 0x8000113c (0x00700213) x 4 0x00000007
core   0: 0x80001140 (0xbcfca393) slti    t2, s9, -1073
core   0: 3 0x80001140 (0xbcfca393) x 7 0x00000000
core   0: 0x80001144 (0xc7ef7c97) auipc   s9, 0xc7ef7
core   0: 3 0x80001144 (0xc7ef7c97) x25 0x47ef8144
core   0: 0x80001148 (0x2ed1e113) ori     sp, gp, 749
core   0: 3 0x80001148 (0x2ed1e113) x 2 0x000002ed
core   0: 0x8000114c (0xd2656093) ori     ra, a0, -730
core   0: 3 0x8000114c (0xd2656093) x 1 0xfffffd36
core   0: 0x80001150 (0x41d200b3) sub     ra, tp, t4
core   0: 3 0x80001150 (0x41d200b3) x 1 0xd75fd97f
core   0: 0x80001154 (0x23ff6793) ori     a5, t5, 575
core   0: 3 0x80001154 (0x23ff6793) x15 0x000003bf
core   0: 0x80001158 (0x25f74293) xori    t0, a4, 607
core   0: 3 0x80001158 (0x25f74293) x 5 0xfffffda0
core   0: 0x8000115c (0x01df5093) srli    ra, t5, 29
core   0: 3 0x8000115c (0x01df5093) x 1 0x00000000
core   0: 0x80001160 (0x0bb47813) andi    a6, s0, 187
core   0: 3 0x80001160 (0x0bb47813) x16 0x00000000
core   0: 0x80001164 (0x0000100f) fence.i
core   0: 3 0x80001164 (0x0000100f)
core   0: 0x80001168 (0x00988893) addi    a7, a7, 9
core   0: 3 0x80001168 (0x00988893) x17 0x0000000e
core   0: 0x8000116c (0x013c77b3) and     a5, s8, s3
core   0: 3 0x8000116c (0x013c77b3) x15 0xf5b00600
core   0: 0x80001170 (0x41ddd333) sra     t1, s11, t4
core   0: 3 0x80001170 (0x41ddd333) x 6 0x0006a10e
core   0: 0x80001174 (0xd3eeb913) sltiu   s2, t4, -706
core   0: 3 0x80001174 (0xd3eeb913) x18 0x00000001
core   0: 0x80001178 (0xfc48c8e3) blt     a7, tp, pc - 48
core   0: 3 0x80001178 (0xfc48c8e3)
core   0: 0x8000117c (0x71252013) slti    zero, a0, 1810
core   0: 3 0x8000117c (0x71252013)
core   0: 0x80001180 (0xffa00993) li      s3, -6
core   0: 3 0x80001180 (0xffa00993) x19 0xfffffffa
core   0: 0x80001184 (0x4ab8fa17) auipc   s4, 0x4ab8f
core   0: 3 0x80001184 (0x4ab8fa17) x20 0xcab90184
core   0: 0x80001188 (0x00820d33) add     s10, tp, s0
core   0: 3 0x80001188 (0x00820d33) x26 0x00000007
core   0: 0x8000118c (0x00000013) nop
core   0: 3 0x8000118c (0x00000013)
core   0: 0x80001190 (0x41f3da33) sra     s4, t2, t6
core   0: 3 0x80001190 (0x41f3da33) x20 0x00000000
core   0: 0x80001194 (0xffb00d93) li      s11, -5
core   0: 3 0x80001194 (0xffb00d93) x27 0xfffffffb
core   0: 0x80001198 (0x01a9be33) sltu    t3, s3, s10
core   0: 3 0x80001198 (0x01a9be33) x28 0x00000000
core   0: 0x8000119c (0x414c8c33) sub     s8, s9, s4
core   0: 3 0x8000119c (0x414c8c33) x24 0x47ef8144
core   0: 0x800011a0 (0x00a98993) addi    s3, s3, 10
core   0: 3 0x800011a0 (0x00a98993) x19 0x00000004
core   0: 0x800011a4 (0x016490b3) sll     ra, s1, s6
core   0: 3 0x800011a4 (0x016490b3) x 1 0xce400000
core   0: 0x800011a8 (0x00000013) nop
core   0: 3 0x800011a8 (0x00000013)
core   0: 0x800011ac (0x40ced013) srai    zero, t4, 12
core   0: 3 0x800011ac (0x40ced013)
core   0: 0x800011b0 (0x0180ba33) sltu    s4, ra, s8
core   0: 3 0x800011b0 (0x0180ba33) x20 0x00000000
core   0: 0x800011b4 (0x0000100f) fence.i
core   0: 3 0x800011b4 (0x0000100f)
core   0: 0x800011b8 (0x00a00593) li      a1, 10
core   0: 3 0x800011b8 (0x00a00593) x11 0x0000000a
core   0: 0x800011bc (0x00900f93) li      t6, 9
core   0: 3 0x800011bc (0x00900f93) x31 0x00000009
core   0: 0x800011c0 (0x002c9193) slli    gp, s9, 2
core   0: 3 0x800011c0 (0x002c9193) x 3 0x1fbe0510
core   0: 0x800011c4 (0x006ddeb3) srl     t4, s11, t1
core   0: 3 0x800011c4 (0x006ddeb3) x29 0x0003ffff
core   0: 0x800011c8 (0x41b18033) sub     zero, gp, s11
core   0: 3 0x800011c8 (0x41b18033)
core   0: 0x800011cc (0x00000013) nop
core   0: 3 0x800011cc (0x00000013)
core   0: 0x800011d0 (0x01be88b3) add     a7, t4, s11
core   0: 3 0x800011d0 (0x01be88b3) x17 0x0003fffa
core   0: 0x800011d4 (0xffa58593) addi    a1, a1, -6
core   0: 3 0x800011d4 (0xffa58593) x11 0x00000004
core   0: 0x800011d8 (0xfff5f8e3) bgeu    a1, t6, pc - 16
core   0: 3 0x800011d8 (0xfff5f8e3)
core   0: 0x800011dc (0x0072e333) or      t1, t0, t2
core   0: 3 0x800011dc (0x0072e333) x 6 0xfffffda0
core   0: 0x800011e0 (0x0ff0000f) fence   iorw,iorw
core   0: 3 0x800011e0 (0x0ff0000f)
core   0: 0x800011e4 (0xfbb9cce3) blt     s3, s11, pc - 72
core   0: 3 0x800011e4 (0xfbb9cce3)
core   0: 0x800011e8 (0x414c5793) srai    a5, s8, 20
core   0: 3 0x800011e8 (0x414c5793) x15 0x0000047e
core   0: 0x800011ec (0xff600693) li      a3, -10
core   0: 3 0x800011ec (0xff600693) x13 0xfffffff6
core   0: 0x800011f0 (0x73968593) addi    a1, a3, 1849
core   0: 3 0x800011f0 (0x73968593) x11 0x0000072f
core   0: 0x800011f4 (0x00ae7fb3) and     t6, t3, a0
core   0: 3 0x800011f4 (0x00ae7fb3) x31 0x00000000
core   0: 0x800011f8 (0xc37d0337) lui     t1, 0xc37d0
core   0: 3 0x800011f8 (0xc37d0337) x 6 0xc37d0000
core   0: 0x800011fc (0x01c7ea33) or      s4, a5, t3
core   0: 3 0x800011fc (0x01c7ea33) x20 0x0000047e
core   0: 0x80001200 (0xab218893) addi    a7, gp, -1358
core   0: 3 0x80001200 (0xab218893) x17 0x1fbdffc2
core   0: 0x80001204 (0x00800393) li      t2, 8
core   0: 3 0x80001204 (0x00800393) x 7 0x00000008
core   0: 0x80001208 (0x22bc4997) auipc   s3, 0x22bc4
core   0: 3 0x80001208 (0x22bc4997) x19 0xa2bc5208
core   0: 0x8000120c (0xcefae793) ori     a5, s5, -785
core   0: 3 0x8000120c (0xcefae793) x15 0xfffffeff
core   0: 0x80001210 (0x00268693) addi    a3, a3, 2
core   0: 3 0x80001210 (0x00268693) x13 0xfffffff8
core   0: 0x80001214 (0x009ba533) slt     a0, s7, s1
core   0: 3 0x80001214 (0x009ba533) x10 0x00000001
core   0: 0x80001218 (0x5fb67293) andi    t0, a2, 1531
core   0: 3 0x80001218 (0x5fb67293) x 5 0x00000010
core   0: 0x8000121c (0x00200713) li      a4, 2
core   0: 3 0x8000121c (0x00200713) x14 0x00000002
core   0: 0x80001220 (0x00045a33) srl     s4, s0, zero
core   0: 3 0x80001220 (0x00045a33) x20 0x00000000
core   0: 0x80001224 (0x0172a1b3) slt     gp, t0, s7
core   0: 3 0x80001224 (0x0172a1b3) x 3 0x00000000
core   0: 0x80001228 (0x4091d533) sra     a0, gp, s1
core   0: 3 0x80001228 (0x4091d533) x10 0x00000000
core   0: 0x8000122c (0xc78b6593) ori     a1, s6, -904
core   0: 3 0x8000122c (0xc78b6593) x11 0xfffffffc
core   0: 0x80001230 (0xabde3793) sltiu   a5, t3, -1347
core   0: 3 0x80001230 (0xabde3793) x15 0x00000001
core   0: 0x80001234 (0xffa00b13) li      s6, -6
core   0: 3 0x80001234 (0xffa00b13) x22 0xfffffffa
core   0: 0x80001238 (0x40bc5f93) srai    t6, s8, 11
core   0: 3 0x80001238 (0x40bc5f93) x31 0x0008fdf0
core   0: 0x8000123c (0x0000100f) fence.i
core   0: 3 0x8000123c (0x0000100f)
core   0: 0x80001240 (0x00f81f13) slli    t5, a6, 15
core   0: 3 0x80001240 (0x00f81f13) x30 0x00000000
core   0: 0x80001244 (0x47e7c893) xori    a7, a5, 1150
core   0: 3 0x80001244 (0x47e7c893) x17 0x0000047f
core   0: 0x80001248 (0x00b9d633) srl     a2, s3, a1
core   0: 3 0x80001248 (0x00b9d633) x12 0x0000000a
core   0: 0x8000124c (0x01f9ba33) sltu    s4, s3, t6
core   0: 3 0x8000124c (0x01f9ba33) x20 0x00000000
core   0: 0x80001250 (0xff870713) addi    a4, a4, -8
core   0: 3 0x80001250 (0xff870713) x14 0xfffffffa
core   0: 0x80001254 (0x005cb533) sltu    a0, s9, t0
core   0: 3 0x80001254 (0x005cb533) x10 0x00000000
core   0: 0x80001258 (0xff6756e3) bge     a4, s6, pc - 20
core   0: 3 0x80001258 (0xff6756e3)
core   0: 0x80001244 (0x47e7c893) xori    a7, a5, 1150
core   0: 3 0x80001244 (0x47e7c893) x17 0x0000047f
core   0: 0x80001248 (0x00b9d633) srl     a2, s3, a1
core   0: 3 0x80001248 (0x00b9d633) x12 0x0000000a
core   0: 0x8000124c (0x01f9ba33) sltu    s4, s3, t6
core   0: 3 0x8000124c (0x01f9ba33) x20 0x00000000
core   0: 0x80001250 (0xff870713) addi    a4, a4, -8
core   0: 3 0x80001250 (0xff870713) x14 0xfffffff2
core   0: 0x80001254 (0x005cb533) sltu    a0, s9, t0
core   0: 3 0x80001254 (0x005cb533) x10 0x00000000
core   0: 0x80001258 (0xff6756e3) bge     a4, s6, pc - 20
core   0: 3 0x80001258 (0xff6756e3)
core   0: 0x8000125c (0xf3a10293) addi    t0, sp, -198
core   0: 3 0x8000125c (0xf3a10293) x 5 0x00000227
core   0: 0x80001260 (0xfa7686e3) beq     a3, t2, pc - 84
core   0: 3 0x80001260 (0xfa7686e3)
core   0: 0x80001264 (0x33bdf913) andi    s2, s11, 827
core   0: 3 0x80001264 (0x33bdf913) x18 0x0000033b
core   0: 0x80001268 (0x00000593) li      a1, 0
core   0: 3 0x80001268 (0x00000593) x11 0x00000000
core   0: 0x8000126c (0x0ff0000f) fence   iorw,iorw
core   0: 3 0x8000126c (0x0ff0000f)
core   0: 0x80001270 (0xb61b4413) xori    s0, s6, -1183
core   0: 3 0x80001270 (0xb61b4413) x 8 0x0000049b
core   0: 0x80001274 (0x822f2a13) slti    s4, t5, -2014
core   0: 3 0x80001274 (0x822f2a13) x20 0x00000000
core   0: 0x80001278 (0x018a08b3) add     a7, s4, s8
core   0: 3 0x80001278 (0x018a08b3) x17 0x47ef8144
core   0: 0x8000127c (0xb7033613) sltiu   a2, t1, -1168
core   0: 3 0x8000127c (0xb7033613) x12 0x00000001
core   0: 0x80001280 (0x0ff0000f) fence   iorw,iorw
core   0: 3 0x80001280 (0x0ff0000f)
core   0: 0x80001284 (0x00c11693) slli    a3, sp, 12
core   0: 3 0x80001284 (0x00c11693) x13 0x002ed000
core   0: 0x80001288 (0xff900113) li      sp, -7
core   0: 3 0x80001288 (0xff900113) x 2 0xfffffff9
core   0: 0x8000128c (0x01f67c33) and     s8, a2, t6
core   0: 3 0x8000128c (0x01f67c33) x24 0x00000000
core   0: 0x80001290 (0x00ae26b3) slt     a3, t3, a0
core   0: 3 0x80001290 (0x00ae26b3) x13 0x00000000
core   0: 0x80001294 (0x00903c33) snez    s8, s1
core   0: 3 0x80001294 (0x00903c33) x24 0x00000001
core   0: 0x80001298 (0xdec9ce13) xori    t3, s3, -532
core   0: 3 0x80001298 (0xdec9ce13) x28 0x5d43afe4
core   0: 0x8000129c (0x01008033) add     zero, ra, a6
core   0: 3 0x8000129c (0x01008033)
core   0: 0x800012a0 (0x01fa7933) and     s2, s4, t6
core   0: 3 0x800012a0 (0x01fa7933) x18 0x00000000
core   0: 0x800012a4 (0xfff58593) addi    a1, a1, -1
core   0: 3 0x800012a4 (0xfff58593) x11 0xffffffff
core   0: 0x800012a8 (0x9021c017) auipc   zero, 0x9021c
core   0: 3 0x800012a8 (0x9021c017)
core   0: 0x800012ac (0x401d5c13) srai    s8, s10, 1
core   0: 3 0x800012ac (0x401d5c13) x24 0x00000003
core   0: 0x800012b0 (0x01d028b3) slt     a7, zero, t4
core   0: 3 0x800012b0 (0x01d028b3) x17 0x00000001
core   0: 0x800012b4 (0x415a5a33) sra     s4, s4, s5
core   0: 3 0x800012b4 (0x415a5a33) x20 0x00000000
core   0: 0x800012b8 (0x00257433) and     s0, a0, sp
core   0: 3 0x800012b8 (0x00257433) x 8 0x00000000
core   0: 0x800012bc (0x003d8633) add     a2, s11, gp
core   0: 3 0x800012bc (0x003d8633) x12 0xfffffffb
core   0: 0x800012c0 (0x00800193) li      gp, 8
core   0: 3 0x800012c0 (0x00800193) x 3 0x00000008
core   0: 0x800012c4 (0x8812d917) auipc   s2, 0x8812d
core   0: 3 0x800012c4 (0x8812d917) x18 0x0812e2c4
core   0: 0x800012c8 (0x3f0f4213) xori    tp, t5, 1008
core   0: 3 0x800012c8 (0x3f0f4213) x 4 0x000003f0
core   0: 0x800012cc (0x00800b13) li      s6, 8
core   0: 3 0x800012cc (0x00800b13) x22 0x00000008
core   0: 0x800012d0 (0x1de98313) addi    t1, s3, 478
core   0: 3 0x800012d0 (0x1de98313) x 6 0xa2bc53e6
core   0: 0x800012d4 (0x00139293) slli    t0, t2, 1
core   0: 3 0x800012d4 (0x00139293) x 5 0x00000010
core   0: 0x800012d8 (0xf3e0b393) sltiu   t2, ra, -194
core   0: 3 0x800012d8 (0xf3e0b393) x 7 0x00000001
core   0: 0x800012dc (0xf6c42037) lui     zero, 0xf6c42
core   0: 3 0x800012dc (0xf6c42037)
core   0: 0x800012e0 (0xfff18193) addi    gp, gp, -1
core   0: 3 0x800012e0 (0xfff18193) x 3 0x00000007
core   0: 0x800012e4 (0x0ff0000f) fence   iorw,iorw
core   0: 3 0x800012e4 (0x0ff0000f)
core   0: 0x800012e8 (0xff61f8e3) bgeu    gp, s6, pc - 16
core   0: 3 0x800012e8 (0xff61f8e3)
core   0: 0x800012ec (0xfa2586e3) beq     a1, sp, pc - 84
core   0: 3 0x800012ec (0xfa2586e3)
core   0: 0x800012f0 (0x406e5d93) srai    s11, t3, 6
core   0: 3 0x800012f0 (0x406e5d93) x27 0x01750ebf
core   0: 0x800012f4 (0x00a00c93) li      s9, 10
core   0: 3 0x800012f4 (0x00a00c93) x25 0x0000000a
core   0: 0x800012f8 (0x01b8f033) and     zero, a7, s11
core   0: 3 0x800012f8 (0x01b8f033)
core   0: 0x800012fc (0x00e59b33) sll     s6, a1, a4
core   0: 3 0x800012fc (0x00e59b33) x22 0xfffc0000
core   0: 0x80001300 (0x019e7633) and     a2, t3, s9
core   0: 3 0x80001300 (0x019e7633) x12 0x00000000
core   0: 0x80001304 (0xe061b893) sltiu   a7, gp, -506
core   0: 3 0x80001304 (0xe061b893) x17 0x00000001
core   0: 0x80001308 (0x017d4f33) xor     t5, s10, s7
core   0: 3 0x80001308 (0x017d4f33) x30 0x80024e63
core   0: 0x8000130c (0x00a00e93) li      t4, 10
core   0: 3 0x8000130c (0x00a00e93) x29 0x0000000a
core   0: 0x80001310 (0xa9e87237) lui     tp, 0xa9e87
core   0: 3 0x80001310 (0xa9e87237) x 4 0xa9e87000
core   0: 0x80001314 (0x012588b3) add     a7, a1, s2
core   0: 3 0x80001314 (0x012588b3) x17 0x0812e2c3
core   0: 0x80001318 (0x400e5b13) srai    s6, t3, 0
core   0: 3 0x80001318 (0x400e5b13) x22 0x5d43afe4
core   0: 0x8000131c (0x4066ddb3) sra     s11, a3, t1
core   0: 3 0x8000131c (0x4066ddb3) x27 0x00000000
core   0: 0x80001320 (0x0136e733) or      a4, a3, s3
core   0: 3 0x80001320 (0x0136e733) x14 0xa2bc5208
core   0: 0x80001324 (0x00daab33) slt     s6, s5, a3
core   0: 3 0x80001324 (0x00daab33) x22 0x00000001
core   0: 0x80001328 (0xc188c093) xori    ra, a7, -1000
core   0: 3 0x80001328 (0xc188c093) x 1 0xf7ed1edb
core   0: 0x8000132c (0x327cf793) andi    a5, s9, 807
core   0: 3 0x8000132c (0x327cf793) x15 0x00000002
core   0: 0x80001330 (0x40a30d33) sub     s10, t1, a0
core   0: 3 0x80001330 (0x40a30d33) x26 0xa2bc53e6
core   0: 0x80001334 (0x01760233) add     tp, a2, s7
core   0: 3 0x80001334 (0x01760233) x 4 0x80024e64
core   0: 0x80001338 (0x00da5233) srl     tp, s4, a3
core   0: 3 0x80001338 (0x00da5233) x 4 0x00000000
core   0: 0x8000133c (0xff7c8c93) addi    s9, s9, -9
core   0: 3 0x8000133c (0xff7c8c93) x25 0x00000001
core   0: 0x80001340 (0x00000013) nop
core   0: 3 0x80001340 (0x00000013)
core   0: 0x80001344 (0x41c68933) sub     s2, a3, t3
core   0: 3 0x80001344 (0x41c68933) x18 0xa2bc501c
core   0: 0x80001348 (0x00730b33) add     s6, t1, t2
core   0: 3 0x80001348 (0x00730b33) x22 0xa2bc53e7
core   0: 0x8000134c (0x0ff0000f) fence   iorw,iorw
core   0: 3 0x8000134c (0x0ff0000f)
core   0: 0x80001350 (0x016a72b3) and     t0, s4, s6
core   0: 3 0x80001350 (0x016a72b3) x 5 0x00000000
core   0: 0x80001354 (0xfddcfae3) bgeu    s9, t4, pc - 44
core   0: 3 0x80001354 (0xfddcfae3)
core   0: 0x80001358 (0x0000100f) fence.i
core   0: 3 0x80001358 (0x0000100f)
core   0: 0x8000135c (0xff800793) li      a5, -8
core   0: 3 0x8000135c (0xff800793) x15 0xfffffff8
core   0: 0x80001360 (0xfee00313) li      t1, -18
core   0: 3 0x80001360 (0xfee00313) x 6 0xffffffee
core   0: 0x80001364 (0x016c58b3) srl     a7, s8, s6
core   0: 3 0x80001364 (0x016c58b3) x17 0x00000000
core   0: 0x80001368 (0x0137f3b3) and     t2, a5, s3
core   0: 3 0x80001368 (0x0137f3b3) x 7 0xa2bc5208
core   0: 0x8000136c (0x00d91613) slli    a2, s2, 13
core   0: 3 0x8000136c (0x00d91613) x12 0x8a038000
core   0: 0x80001370 (0xff678793) addi    a5, a5, -10
core   0: 3 0x80001370 (0xff678793) x15 0xffffffee
core   0: 0x80001374 (0x41d55d93) srai    s11, a0, 29
core   0: 3 0x80001374 (0x41d55d93) x27 0x00000000
core   0: 0x80001378 (0xc2ae2c13) slti    s8, t3, -982
core   0: 3 0x80001378 (0xc2ae2c13) x24 0x00000000
core   0: 0x8000137c (0xffe00693) li      a3, -2
core   0: 3 0x8000137c (0xffe00693) x13 0xfffffffe
core   0: 0x80001380 (0x00000013) nop
core   0: 3 0x80001380 (0x00000013)
core   0: 0x80001384 (0x00000013) nop
core   0: 3 0x80001384 (0x00000013)
core   0: 0x80001388 (0x41238633) sub     a2, t2, s2
core   0: 3 0x80001388 (0x41238633) x12 0x000001ec
core   0: 0x8000138c (0x01f0d093) srli    ra, ra, 31
core   0: 3 0x8000138c (0x01f0d093) x 1 0x00000001
core   0: 0x80001390 (0x00900413) li      s0, 9
core   0: 3 0x80001390 (0x00900413) x 8 0x00000009
core   0: 0x80001394 (0x0501b913) sltiu   s2, gp, 80
core   0: 3 0x80001394 (0x0501b913) x18 0x00000001
core   0: 0x80001398 (0xe8ca4a17) auipc   s4, 0xe8ca4
core   0: 3 0x80001398 (0xe8ca4a17) x20 0x68ca5398
core   0: 0x8000139c (0xa5f34d93) xori    s11, t1, -1441
core   0: 3 0x8000139c (0xa5f34d93) x27 0x000005b1
core   0: 0x800013a0 (0x40830e33) sub     t3, t1, s0
core   0: 3 0x800013a0 (0x40830e33) x28 0xffffffe5
core   0: 0x800013a4 (0x20aca813) slti    a6, s9, 522
core   0: 3 0x800013a4 (0x20aca813) x16 0x00000001
core   0: 0x800013a8 (0x001499b3) sll     s3, s1, ra
core   0: 3 0x800013a8 (0x001499b3) x19 0x000519c8
core   0: 0x800013ac (0x00cd28b3) slt     a7, s10, a2
core   0: 3 0x800013ac (0x00cd28b3) x17 0x00000001
core   0: 0x800013b0 (0x00168693) addi    a3, a3, 1
core   0: 3 0x800013b0 (0x00168693) x13 0xffffffff
core   0: 0x800013b4 (0x00178913) addi    s2, a5, 1
core   0: 3 0x800013b4 (0x00178913) x18 0xffffffef
core   0: 0x800013b8 (0xfe8694e3) bne     a3, s0, pc - 24
core   0: 3 0x800013b8 (0xfe8694e3)
core   0: 0x800013a0 (0x40830e33) sub     t3, t1, s0
core   0: 3 0x800013a0 (0x40830e33) x28 0xffffffe5
core   0: 0x800013a4 (0x20aca813) slti    a6, s9, 522
core   0: 3 0x800013a4 (0x20aca813) x16 0x00000001
core   0: 0x800013a8 (0x001499b3) sll     s3, s1, ra
core   0: 3 0x800013a8 (0x001499b3) x19 0x000519c8
core   0: 0x800013ac (0x00cd28b3) slt     a7, s10, a2
core   0: 3 0x800013ac (0x00cd28b3) x17 0x00000001
core   0: 0x800013b0 (0x00168693) addi    a3, a3, 1
core   0: 3 0x800013b0 (0x00168693) x13 0x00000000
core   0: 0x800013b4 (0x00178913) addi    s2, a5, 1
core   0: 3 0x800013b4 (0x00178913) x18 0xffffffef
core   0: 0x800013b8 (0xfe8694e3) bne     a3, s0, pc - 24
core   0: 3 0x800013b8 (0xfe8694e3)
core   0: 0x800013a0 (0x40830e33) sub     t3, t1, s0
core   0: 3 0x800013a0 (0x40830e33) x28 0xffffffe5
core   0: 0x800013a4 (0x20aca813) slti    a6, s9, 522
core   0: 3 0x800013a4 (0x20aca813) x16 0x00000001
core   0: 0x800013a8 (0x001499b3) sll     s3, s1, ra
core   0: 3 0x800013a8 (0x001499b3) x19 0x000519c8
core   0: 0x800013ac (0x00cd28b3) slt     a7, s10, a2
core   0: 3 0x800013ac (0x00cd28b3) x17 0x00000001
core   0: 0x800013b0 (0x00168693) addi    a3, a3, 1
core   0: 3 0x800013b0 (0x00168693) x13 0x00000001
core   0: 0x800013b4 (0x00178913) addi    s2, a5, 1
core   0: 3 0x800013b4 (0x00178913) x18 0xffffffef
core   0: 0x800013b8 (0xfe8694e3) bne     a3, s0, pc - 24
core   0: 3 0x800013b8 (0xfe8694e3)
core   0: 0x800013a0 (0x40830e33) sub     t3, t1, s0
core   0: 3 0x800013a0 (0x40830e33) x28 0xffffffe5
core   0: 0x800013a4 (0x20aca813) slti    a6, s9, 522
core   0: 3 0x800013a4 (0x20aca813) x16 0x00000001
core   0: 0x800013a8 (0x001499b3) sll     s3, s1, ra
core   0: 3 0x800013a8 (0x001499b3) x19 0x000519c8
core   0: 0x800013ac (0x00cd28b3) slt     a7, s10, a2
core   0: 3 0x800013ac (0x00cd28b3) x17 0x00000001
core   0: 0x800013b0 (0x00168693) addi    a3, a3, 1
core   0: 3 0x800013b0 (0x00168693) x13 0x00000002
core   0: 0x800013b4 (0x00178913) addi    s2, a5, 1
core   0: 3 0x800013b4 (0x00178913) x18 0xffffffef
core   0: 0x800013b8 (0xfe8694e3) bne     a3, s0, pc - 24
core   0: 3 0x800013b8 (0xfe8694e3)
core   0: 0x800013a0 (0x40830e33) sub     t3, t1, s0
core   0: 3 0x800013a0 (0x40830e33) x28 0xffffffe5
core   0: 0x800013a4 (0x20aca813) slti    a6, s9, 522
core   0: 3 0x800013a4 (0x20aca813) x16 0x00000001
core   0: 0x800013a8 (0x001499b3) sll     s3, s1, ra
core   0: 3 0x800013a8 (0x001499b3) x19 0x000519c8
core   0: 0x800013ac (0x00cd28b3) slt     a7, s10, a2
core   0: 3 0x800013ac (0x00cd28b3) x17 0x00000001
core   0: 0x800013b0 (0x00168693) addi    a3, a3, 1
core   0: 3 0x800013b0 (0x00168693) x13 0x00000003
core   0: 0x800013b4 (0x00178913) addi    s2, a5, 1
core   0: 3 0x800013b4 (0x00178913) x18 0xffffffef
core   0: 0x800013b8 (0xfe8694e3) bne     a3, s0, pc - 24
core   0: 3 0x800013b8 (0xfe8694e3)
core   0: 0x800013a0 (0x40830e33) sub     t3, t1, s0
core   0: 3 0x800013a0 (0x40830e33) x28 0xffffffe5
core   0: 0x800013a4 (0x20aca813) slti    a6, s9, 522
core   0: 3 0x800013a4 (0x20aca813) x16 0x00000001
core   0: 0x800013a8 (0x001499b3) sll     s3, s1, ra
core   0: 3 0x800013a8 (0x001499b3) x19 0x000519c8
core   0: 0x800013ac (0x00cd28b3) slt     a7, s10, a2
core   0: 3 0x800013ac (0x00cd28b3) x17 0x00000001
core   0: 0x800013b0 (0x00168693) addi    a3, a3, 1
core   0: 3 0x800013b0 (0x00168693) x13 0x00000004
core   0: 0x800013b4 (0x00178913) addi    s2, a5, 1
core   0: 3 0x800013b4 (0x00178913) x18 0xffffffef
core   0: 0x800013b8 (0xfe8694e3) bne     a3, s0, pc - 24
core   0: 3 0x800013b8 (0xfe8694e3)
core   0: 0x800013a0 (0x40830e33) sub     t3, t1, s0
core   0: 3 0x800013a0 (0x40830e33) x28 0xffffffe5
core   0: 0x800013a4 (0x20aca813) slti    a6, s9, 522
core   0: 3 0x800013a4 (0x20aca813) x16 0x00000001
core   0: 0x800013a8 (0x001499b3) sll     s3, s1, ra
core   0: 3 0x800013a8 (0x001499b3) x19 0x000519c8
core   0: 0x800013ac (0x00cd28b3) slt     a7, s10, a2
core   0: 3 0x800013ac (0x00cd28b3) x17 0x00000001
core   0: 0x800013b0 (0x00168693) addi    a3, a3, 1
core   0: 3 0x800013b0 (0x00168693) x13 0x00000005
core   0: 0x800013b4 (0x00178913) addi    s2, a5, 1
core   0: 3 0x800013b4 (0x00178913) x18 0xffffffef
core   0: 0x800013b8 (0xfe8694e3) bne     a3, s0, pc - 24
core   0: 3 0x800013b8 (0xfe8694e3)
core   0: 0x800013a0 (0x40830e33) sub     t3, t1, s0
core   0: 3 0x800013a0 (0x40830e33) x28 0xffffffe5
core   0: 0x800013a4 (0x20aca813) slti    a6, s9, 522
core   0: 3 0x800013a4 (0x20aca813) x16 0x00000001
core   0: 0x800013a8 (0x001499b3) sll     s3, s1, ra
core   0: 3 0x800013a8 (0x001499b3) x19 0x000519c8
core   0: 0x800013ac (0x00cd28b3) slt     a7, s10, a2
core   0: 3 0x800013ac (0x00cd28b3) x17 0x00000001
core   0: 0x800013b0 (0x00168693) addi    a3, a3, 1
core   0: 3 0x800013b0 (0x00168693) x13 0x00000006
core   0: 0x800013b4 (0x00178913) addi    s2, a5, 1
core   0: 3 0x800013b4 (0x00178913) x18 0xffffffef
core   0: 0x800013b8 (0xfe8694e3) bne     a3, s0, pc - 24
core   0: 3 0x800013b8 (0xfe8694e3)
core   0: 0x800013a0 (0x40830e33) sub     t3, t1, s0
core   0: 3 0x800013a0 (0x40830e33) x28 0xffffffe5
core   0: 0x800013a4 (0x20aca813) slti    a6, s9, 522
core   0: 3 0x800013a4 (0x20aca813) x16 0x00000001
core   0: 0x800013a8 (0x001499b3) sll     s3, s1, ra
core   0: 3 0x800013a8 (0x001499b3) x19 0x000519c8
core   0: 0x800013ac (0x00cd28b3) slt     a7, s10, a2
core   0: 3 0x800013ac (0x00cd28b3) x17 0x00000001
core   0: 0x800013b0 (0x00168693) addi    a3, a3, 1
core   0: 3 0x800013b0 (0x00168693) x13 0x00000007
core   0: 0x800013b4 (0x00178913) addi    s2, a5, 1
core   0: 3 0x800013b4 (0x00178913) x18 0xffffffef
core   0: 0x800013b8 (0xfe8694e3) bne     a3, s0, pc - 24
core   0: 3 0x800013b8 (0xfe8694e3)
core   0: 0x800013a0 (0x40830e33) sub     t3, t1, s0
core   0: 3 0x800013a0 (0x40830e33) x28 0xffffffe5
core   0: 0x800013a4 (0x20aca813) slti    a6, s9, 522
core   0: 3 0x800013a4 (0x20aca813) x16 0x00000001
core   0: 0x800013a8 (0x001499b3) sll     s3, s1, ra
core   0: 3 0x800013a8 (0x001499b3) x19 0x000519c8
core   0: 0x800013ac (0x00cd28b3) slt     a7, s10, a2
core   0: 3 0x800013ac (0x00cd28b3) x17 0x00000001
core   0: 0x800013b0 (0x00168693) addi    a3, a3, 1
core   0: 3 0x800013b0 (0x00168693) x13 0x00000008
core   0: 0x800013b4 (0x00178913) addi    s2, a5, 1
core   0: 3 0x800013b4 (0x00178913) x18 0xffffffef
core   0: 0x800013b8 (0xfe8694e3) bne     a3, s0, pc - 24
core   0: 3 0x800013b8 (0xfe8694e3)
core   0: 0x800013a0 (0x40830e33) sub     t3, t1, s0
core   0: 3 0x800013a0 (0x40830e33) x28 0xffffffe5
core   0: 0x800013a4 (0x20aca813) slti    a6, s9, 522
core   0: 3 0x800013a4 (0x20aca813) x16 0x00000001
core   0: 0x800013a8 (0x001499b3) sll     s3, s1, ra
core   0: 3 0x800013a8 (0x001499b3) x19 0x000519c8
core   0: 0x800013ac (0x00cd28b3) slt     a7, s10, a2
core   0: 3 0x800013ac (0x00cd28b3) x17 0x00000001
core   0: 0x800013b0 (0x00168693) addi    a3, a3, 1
core   0: 3 0x800013b0 (0x00168693) x13 0x00000009
core   0: 0x800013b4 (0x00178913) addi    s2, a5, 1
core   0: 3 0x800013b4 (0x00178913) x18 0xffffffef
core   0: 0x800013b8 (0xfe8694e3) bne     a3, s0, pc - 24
core   0: 3 0x800013b8 (0xfe8694e3)
core   0: 0x800013bc (0x01238f33) add     t5, t2, s2
core   0: 3 0x800013bc (0x01238f33) x30 0xa2bc51f7
core   0: 0x800013c0 (0xdce60993) addi    s3, a2, -562
core   0: 3 0x800013c0 (0xdce60993) x19 0xffffffba
core   0: 0x800013c4 (0x00000013) nop
core   0: 3 0x800013c4 (0x00000013)
core   0: 0x800013c8 (0x0ff0000f) fence   iorw,iorw
core   0: 3 0x800013c8 (0x0ff0000f)
core   0: 0x800013cc (0xcd154113) xori    sp, a0, -815
core   0: 3 0x800013cc (0xcd154113) x 2 0xfffffcd1
core   0: 0x800013d0 (0xf8679ce3) bne     a5, t1, pc - 104
core   0: 3 0x800013d0 (0xf8679ce3)
core   0: 0x800013d4 (0xe7435717) auipc   a4, 0xe7435
core   0: 3 0x800013d4 (0xe7435717) x14 0x674363d4
core   0: 0x800013d8 (0xff900f13) li      t5, -7
core   0: 3 0x800013d8 (0xff900f13) x30 0xfffffff9
core   0: 0x800013dc (0x4ce0be13) sltiu   t3, ra, 1230
core   0: 3 0x800013dc (0x4ce0be13) x28 0x00000001
core   0: 0x800013e0 (0x0000100f) fence.i
core   0: 3 0x800013e0 (0x0000100f)
core   0: 0x800013e4 (0x003973b3) and     t2, s2, gp
core   0: 3 0x800013e4 (0x003973b3) x 7 0x00000007
core   0: 0x800013e8 (0x01e8dd13) srli    s10, a7, 30
core   0: 3 0x800013e8 (0x01e8dd13) x26 0x00000000
core   0: 0x800013ec (0x0000100f) fence.i
core   0: 3 0x800013ec (0x0000100f)
core   0: 0x800013f0 (0xae60e3b7) lui     t2, 0xae60e
core   0: 3 0x800013f0 (0xae60e3b7) x 7 0xae60e000
core   0: 0x800013f4 (0x001383b3) add     t2, t2, ra
core   0: 3 0x800013f4 (0x001383b3) x 7 0xae60e001
core   0: 0x800013f8 (0x00f03c33) snez    s8, a5
core   0: 3 0x800013f8 (0x00f03c33) x24 0x00000001
core   0: 0x800013fc (0x00ca6733) or      a4, s4, a2
core   0: 3 0x800013fc (0x00ca6733) x14 0x68ca53fc
core   0: 0x80001400 (0x00249c33) sll     s8, s1, sp
core   0: 3 0x80001400 (0x00249c33) x24 0x19c80000
core   0: 0x80001404 (0x960a77b7) lui     a5, 0x960a7
core   0: 3 0x80001404 (0x960a77b7) x15 0x960a7000
core   0: 0x80001408 (0x0054c8b3) xor     a7, s1, t0
core   0: 3 0x80001408 (0x0054c8b3) x17 0x80028ce4
core   0: 0x8000140c (0x60b30693) addi    a3, t1, 1547
core   0: 3 0x8000140c (0x60b30693) x13 0x000005f9
core   0: 0x80001410 (0x794a7c13) andi    s8, s4, 1940
core   0: 3 0x80001410 (0x794a7c13) x24 0x00000390
core   0: 0x80001414 (0x00f00113) li      sp, 15
core   0: 3 0x80001414 (0x00f00113) x 2 0x0000000f
core   0: 0x80001418 (0x85e1fe13) andi    t3, gp, -1954
core   0: 3 0x80001418 (0x85e1fe13) x28 0x00000006
core   0: 0x8000141c (0x001ae933) or      s2, s5, ra
core   0: 3 0x8000141c (0x001ae933) x18 0xfdb012bb
core   0: 0x80001420 (0x00af0f13) addi    t5, t5, 10
core   0: 3 0x80001420 (0x00af0f13) x30 0x00000003
core   0: 0x80001424 (0x01aa5833) srl     a6, s4, s10
core   0: 3 0x80001424 (0x01aa5833) x16 0x68ca5398
core   0: 0x80001428 (0x41a150b3) sra     ra, sp, s10
core   0: 3 0x80001428 (0x41a150b3) x 1 0x0000000f
core   0: 0x8000142c (0x00f91cb3) sll     s9, s2, a5
core   0: 3 0x8000142c (0x00f91cb3) x25 0xfdb012bb
core   0: 0x80001430 (0x044f0217) auipc   tp, 0x44f0
core   0: 3 0x80001430 (0x044f0217) x 4 0x844f1430
core   0: 0x80001434 (0x22e809b7) lui     s3, 0x22e80
core   0: 3 0x80001434 (0x22e809b7) x19 0x22e80000
core   0: 0x80001438 (0xfe2f60e3) bltu    t5, sp, pc - 32
core   0: 3 0x80001438 (0xfe2f60e3)
core   0: 0x80001418 (0x85e1fe13) andi    t3, gp, -1954
core   0: 3 0x80001418 (0x85e1fe13) x28 0x00000006
core   0: 0x8000141c (0x001ae933) or      s2, s5, ra
core   0: 3 0x8000141c (0x001ae933) x18 0xfdb012bf
core   0: 0x80001420 (0x00af0f13) addi    t5, t5, 10
core   0: 3 0x80001420 (0x00af0f13) x30 0x0000000d
core   0: 0x80001424 (0x01aa5833) srl     a6, s4, s10
core   0: 3 0x80001424 (0x01aa5833) x16 0x68ca5398
core   0: 0x80001428 (0x41a150b3) sra     ra, sp, s10
core   0: 3 0x80001428 (0x41a150b3) x 1 0x0000000f
core   0: 0x8000142c (0x00f91cb3) sll     s9, s2, a5
core   0: 3 0x8000142c (0x00f91cb3) x25 0xfdb012bf
core   0: 0x80001430 (0x044f0217) auipc   tp, 0x44f0
core   0: 3 0x80001430 (0x044f0217) x 4 0x844f1430
core   0: 0x80001434 (0x22e809b7) lui     s3, 0x22e80
core   0: 3 0x80001434 (0x22e809b7) x19 0x22e80000
core   0: 0x80001438 (0xfe2f60e3) bltu    t5, sp, pc - 32
core   0: 3 0x80001438 (0xfe2f60e3)
core   0: 0x80001418 (0x85e1fe13) andi    t3, gp, -1954
core   0: 3 0x80001418 (0x85e1fe13) x28 0x00000006
core   0: 0x8000141c (0x001ae933) or      s2, s5, ra
core   0: 3 0x8000141c (0x001ae933) x18 0xfdb012bf
core   0: 0x80001420 (0x00af0f13) addi    t5, t5, 10
core   0: 3 0x80001420 (0x00af0f13) x30 0x00000017
core   0: 0x80001424 (0x01aa5833) srl     a6, s4, s10
core   0: 3 0x80001424 (0x01aa5833) x16 0x68ca5398
core   0: 0x80001428 (0x41a150b3) sra     ra, sp, s10
core   0: 3 0x80001428 (0x41a150b3) x 1 0x0000000f
core   0: 0x8000142c (0x00f91cb3) sll     s9, s2, a5
core   0: 3 0x8000142c (0x00f91cb3) x25 0xfdb012bf
core   0: 0x80001430 (0x044f0217) auipc   tp, 0x44f0
core   0: 3 0x80001430 (0x044f0217) x 4 0x844f1430
core   0: 0x80001434 (0x22e809b7) lui     s3, 0x22e80
core   0: 3 0x80001434 (0x22e809b7) x19 0x22e80000
core   0: 0x80001438 (0xfe2f60e3) bltu    t5, sp, pc - 32
core   0: 3 0x80001438 (0xfe2f60e3)
core   0: 0x8000143c (0x01861c13) slli    s8, a2, 24
core   0: 3 0x8000143c (0x01861c13) x24 0xec000000
core   0: 0x80001440 (0x00300c13) li      s8, 3
core   0: 3 0x80001440 (0x00300c13) x24 0x00000003
core   0: 0x80001444 (0xf99bc213) xori    tp, s7, -103
core   0: 3 0x80001444 (0xf99bc213) x 4 0x7ffdb1fd
core   0: 0x80001448 (0x00811b33) sll     s6, sp, s0
core   0: 3 0x80001448 (0x00811b33) x22 0x00001e00
core   0: 0x8000144c (0x00ea53b3) srl     t2, s4, a4
core   0: 3 0x8000144c (0x00ea53b3) x 7 0x00000006
core   0: 0x80001450 (0x0ff0000f) fence   iorw,iorw
core   0: 3 0x80001450 (0x0ff0000f)
core   0: 0x80001454 (0xfef00813) li      a6, -17
core   0: 3 0x80001454 (0xfef00813) x16 0xffffffef
core   0: 0x80001458 (0x89be20b7) lui     ra, 0x89be2
core   0: 3 0x80001458 (0x89be20b7) x 1 0x89be2000
core   0: 0x8000145c (0x40e85233) sra     tp, a6, a4
core   0: 3 0x8000145c (0x40e85233) x 4 0xffffffff
core   0: 0x80001460 (0x00e54033) xor     zero, a0, a4
core   0: 3 0x80001460 (0x00e54033)
core   0: 0x80001464 (0x00a9c933) xor     s2, s3, a0
core   0: 3 0x80001464 (0x00a9c933) x18 0x22e80000
core   0: 0x80001468 (0x40415293) srai    t0, sp, 4
core   0: 3 0x80001468 (0x40415293) x 5 0x00000000
core   0: 0x8000146c (0x41125193) srai    gp, tp, 17
core   0: 3 0x8000146c (0x41125193) x 3 0xffffffff
core   0: 0x80001470 (0x00000013) nop
core   0: 3 0x80001470 (0x00000013)
core   0: 0x80001474 (0x408d03b3) sub     t2, s10, s0
core   0: 3 0x80001474 (0x408d03b3) x 7 0xfffffff7
core   0: 0x80001478 (0x01f6cfb3) xor     t6, a3, t6
core   0: 3 0x80001478 (0x01f6cfb3) x31 0x0008f809
core   0: 0x8000147c (0xf8e4ab13) slti    s6, s1, -114
core   0: 3 0x8000147c (0xf8e4ab13) x22 0x00000001
core   0: 0x80001480 (0xffec0c13) addi    s8, s8, -2
core   0: 3 0x80001480 (0xffec0c13) x24 0x00000001
core   0: 0x80001484 (0x0ff0000f) fence   iorw,iorw
core   0: 3 0x80001484 (0x0ff0000f)
core   0: 0x80001488 (0xfa064313) xori    t1, a2, -96
core   0: 3 0x80001488 (0xfa064313) x 6 0xfffffe4c
core   0: 0x8000148c (0x0177b933) sltu    s2, a5, s7
core   0: 3 0x8000148c (0x0177b933) x18 0x00000000
core   0: 0x80001490 (0xb3db2317) auipc   t1, 0xb3db2
core   0: 3 0x80001490 (0xb3db2317) x 6 0x33db3490
core   0: 0x80001494 (0x00000013) nop
core   0: 3 0x80001494 (0x00000013)
core   0: 0x80001498 (0x64c68693) addi    a3, a3, 1612
core   0: 3 0x80001498 (0x64c68693) x13 0x00000c45
core   0: 0x8000149c (0x009eecb3) or      s9, t4, s1
core   0: 3 0x8000149c (0x009eecb3) x25 0x80028cee
core   0: 0x800014a0 (0x0ff0000f) fence   iorw,iorw
core   0: 3 0x800014a0 (0x0ff0000f)
core   0: 0x800014a4 (0xfd0c16e3) bne     s8, a6, pc - 52
core   0: 3 0x800014a4 (0xfd0c16e3)
core   0: 0x80001470 (0x00000013) nop
core   0: 3 0x80001470 (0x00000013)
core   0: 0x80001474 (0x408d03b3) sub     t2, s10, s0
core   0: 3 0x80001474 (0x408d03b3) x 7 0xfffffff7
core   0: 0x80001478 (0x01f6cfb3) xor     t6, a3, t6
core   0: 3 0x80001478 (0x01f6cfb3) x31 0x0008f44c
core   0: 0x8000147c (0xf8e4ab13) slti    s6, s1, -114
core   0: 3 0x8000147c (0xf8e4ab13) x22 0x00000001
core   0: 0x80001480 (0xffec0c13) addi    s8, s8, -2
core   0: 3 0x80001480 (0xffec0c13) x24 0xffffffff
core   0: 0x80001484 (0x0ff0000f) fence   iorw,iorw
core   0: 3 0x80001484 (0x0ff0000f)
core   0: 0x80001488 (0xfa064313) xori    t1, a2, -96
core   0: 3 0x80001488 (0xfa064313) x 6 0xfffffe4c
core   0: 0x8000148c (0x0177b933) sltu    s2, a5, s7
core   0: 3 0x8000148c (0x0177b933) x18 0x00000000
core   0: 0x80001490 (0xb3db2317) auipc   t1, 0xb3db2
core   0: 3 0x80001490 (0xb3db2317) x 6 0x33db3490
core   0: 0x80001494 (0x00000013) nop
core   0: 3 0x80001494 (0x00000013)
core   0: 0x80001498 (0x64c68693) addi    a3, a3, 1612
core   0: 3 0x80001498 (0x64c68693) x13 0x00001291
core   0: 0x8000149c (0x009eecb3) or      s9, t4, s1
core   0: 3 0x8000149c (0x009eecb3) x25 0x80028cee
core   0: 0x800014a0 (0x0ff0000f) fence   iorw,iorw
core   0: 3 0x800014a0 (0x0ff0000f)
core   0: 0x800014a4 (0xfd0c16e3) bne     s8, a6, pc - 52
core   0: 3 0x800014a4 (0xfd0c16e3)
core   0: 0x80001470 (0x00000013) nop
core   0: 3 0x80001470 (0x00000013)
core   0: 0x80001474 (0x408d03b3) sub     t2, s10, s0
core   0: 3 0x80001474 (0x408d03b3) x 7 0xfffffff7
core   0: 0x80001478 (0x01f6cfb3) xor     t6, a3, t6
core   0: 3 0x80001478 (0x01f6cfb3) x31 0x0008e6dd
core   0: 0x8000147c (0xf8e4ab13) slti    s6, s1, -114
core   0: 3 0x8000147c (0xf8e4ab13) x22 0x00000001
core   0: 0x80001480 (0xffec0c13) addi    s8, s8, -2
core   0: 3 0x80001480 (0xffec0c13) x24 0xfffffffd
core   0: 0x80001484 (0x0ff0000f) fence   iorw,iorw
core   0: 3 0x80001484 (0x0ff0000f)
core   0: 0x80001488 (0xfa064313) xori    t1, a2, -96
core   0: 3 0x80001488 (0xfa064313) x 6 0xfffffe4c
core   0: 0x8000148c (0x0177b933) sltu    s2, a5, s7
core   0: 3 0x8000148c (0x0177b933) x18 0x00000000
core   0: 0x80001490 (0xb3db2317) auipc   t1, 0xb3db2
core   0: 3 0x80001490 (0xb3db2317) x 6 0x33db3490
core   0: 0x80001494 (0x00000013) nop
core   0: 3 0x80001494 (0x00000013)
core   0: 0x80001498 (0x64c68693) addi    a3, a3, 1612
core   0: 3 0x80001498 (0x64c68693) x13 0x000018dd
core   0: 0x8000149c (0x009eecb3) or      s9, t4, s1
core   0: 3 0x8000149c (0x009eecb3) x25 0x80028cee
core   0: 0x800014a0 (0x0ff0000f) fence   iorw,iorw
core   0: 3 0x800014a0 (0x0ff0000f)
core   0: 0x800014a4 (0xfd0c16e3) bne     s8, a6, pc - 52
core   0: 3 0x800014a4 (0xfd0c16e3)
core   0: 0x80001470 (0x00000013) nop
core   0: 3 0x80001470 (0x00000013)
core   0: 0x80001474 (0x408d03b3) sub     t2, s10, s0
core   0: 3 0x80001474 (0x408d03b3) x 7 0xfffffff7
core   0: 0x80001478 (0x01f6cfb3) xor     t6, a3, t6
core   0: 3 0x80001478 (0x01f6cfb3) x31 0x0008fe00
core   0: 0x8000147c (0xf8e4ab13) slti    s6, s1, -114
core   0: 3 0x8000147c (0xf8e4ab13) x22 0x00000001
core   0: 0x80001480 (0xffec0c13) addi    s8, s8, -2
core   0: 3 0x80001480 (0xffec0c13) x24 0xfffffffb
core   0: 0x80001484 (0x0ff0000f) fence   iorw,iorw
core   0: 3 0x80001484 (0x0ff0000f)
core   0: 0x80001488 (0xfa064313) xori    t1, a2, -96
core   0: 3 0x80001488 (0xfa064313) x 6 0xfffffe4c
core   0: 0x8000148c (0x0177b933) sltu    s2, a5, s7
core   0: 3 0x8000148c (0x0177b933) x18 0x00000000
core   0: 0x80001490 (0xb3db2317) auipc   t1, 0xb3db2
core   0: 3 0x80001490 (0xb3db2317) x 6 0x33db3490
core   0: 0x80001494 (0x00000013) nop
core   0: 3 0x80001494 (0x00000013)
core   0: 0x80001498 (0x64c68693) addi    a3, a3, 1612
core   0: 3 0x80001498 (0x64c68693) x13 0x00001f29
core   0: 0x8000149c (0x009eecb3) or      s9, t4, s1
core   0: 3 0x8000149c (0x009eecb3) x25 0x80028cee
core   0: 0x800014a0 (0x0ff0000f) fence   iorw,iorw
core   0: 3 0x800014a0 (0x0ff0000f)
core   0: 0x800014a4 (0xfd0c16e3) bne     s8, a6, pc - 52
core   0: 3 0x800014a4 (0xfd0c16e3)
core   0: 0x80001470 (0x00000013) nop
core   0: 3 0x80001470 (0x00000013)
core   0: 0x80001474 (0x408d03b3) sub     t2, s10, s0
core   0: 3 0x80001474 (0x408d03b3) x 7 0xfffffff7
core   0: 0x80001478 (0x01f6cfb3) xor     t6, a3, t6
core   0: 3 0x80001478 (0x01f6cfb3) x31 0x0008e129
core   0: 0x8000147c (0xf8e4ab13) slti    s6, s1, -114
core   0: 3 0x8000147c (0xf8e4ab13) x22 0x00000001
core   0: 0x80001480 (0xffec0c13) addi    s8, s8, -2
core   0: 3 0x80001480 (0xffec0c13) x24 0xfffffff9
core   0: 0x80001484 (0x0ff0000f) fence   iorw,iorw
core   0: 3 0x80001484 (0x0ff0000f)
core   0: 0x80001488 (0xfa064313) xori    t1, a2, -96
core   0: 3 0x80001488 (0xfa064313) x 6 0xfffffe4c
core   0: 0x8000148c (0x0177b933) sltu    s2, a5, s7
core   0: 3 0x8000148c (0x0177b933) x18 0x00000000
core   0: 0x80001490 (0xb3db2317) auipc   t1, 0xb3db2
core   0: 3 0x80001490 (0xb3db2317) x 6 0x33db3490
core   0: 0x80001494 (0x00000013) nop
core   0: 3 0x80001494 (0x00000013)
core   0: 0x80001498 (0x64c68693) addi    a3, a3, 1612
core   0: 3 0x80001498 (0x64c68693) x13 0x00002575
core   0: 0x8000149c (0x009eecb3) or      s9, t4, s1
core   0: 3 0x8000149c (0x009eecb3) x25 0x80028cee
core   0: 0x800014a0 (0x0ff0000f) fence   iorw,iorw
core   0: 3 0x800014a0 (0x0ff0000f)
core   0: 0x800014a4 (0xfd0c16e3) bne     s8, a6, pc - 52
core   0: 3 0x800014a4 (0xfd0c16e3)
core   0: 0x80001470 (0x00000013) nop
core   0: 3 0x80001470 (0x00000013)
core   0: 0x80001474 (0x408d03b3) sub     t2, s10, s0
core   0: 3 0x80001474 (0x408d03b3) x 7 0xfffffff7
core   0: 0x80001478 (0x01f6cfb3) xor     t6, a3, t6
core   0: 3 0x80001478 (0x01f6cfb3) x31 0x0008c45c
core   0: 0x8000147c (0xf8e4ab13) slti    s6, s1, -114
core   0: 3 0x8000147c (0xf8e4ab13) x22 0x00000001
core   0: 0x80001480 (0xffec0c13) addi    s8, s8, -2
core   0: 3 0x80001480 (0xffec0c13) x24 0xfffffff7
core   0: 0x80001484 (0x0ff0000f) fence   iorw,iorw
core   0: 3 0x80001484 (0x0ff0000f)
core   0: 0x80001488 (0xfa064313) xori    t1, a2, -96
core   0: 3 0x80001488 (0xfa064313) x 6 0xfffffe4c
core   0: 0x8000148c (0x0177b933) sltu    s2, a5, s7
core   0: 3 0x8000148c (0x0177b933) x18 0x00000000
core   0: 0x80001490 (0xb3db2317) auipc   t1, 0xb3db2
core   0: 3 0x80001490 (0xb3db2317) x 6 0x33db3490
core   0: 0x80001494 (0x00000013) nop
core   0: 3 0x80001494 (0x00000013)
core   0: 0x80001498 (0x64c68693) addi    a3, a3, 1612
core   0: 3 0x80001498 (0x64c68693) x13 0x00002bc1
core   0: 0x8000149c (0x009eecb3) or      s9, t4, s1
core   0: 3 0x8000149c (0x009eecb3) x25 0x80028cee
core   0: 0x800014a0 (0x0ff0000f) fence   iorw,iorw
core   0: 3 0x800014a0 (0x0ff0000f)
core   0: 0x800014a4 (0xfd0c16e3) bne     s8, a6, pc - 52
core   0: 3 0x800014a4 (0xfd0c16e3)
core   0: 0x80001470 (0x00000013) nop
core   0: 3 0x80001470 (0x00000013)
core   0: 0x80001474 (0x408d03b3) sub     t2, s10, s0
core   0: 3 0x80001474 (0x408d03b3) x 7 0xfffffff7
core   0: 0x80001478 (0x01f6cfb3) xor     t6, a3, t6
core   0: 3 0x80001478 (0x01f6cfb3) x31 0x0008ef9d
core   0: 0x8000147c (0xf8e4ab13) slti    s6, s1, -114
core   0: 3 0x8000147c (0xf8e4ab13) x22 0x00000001
core   0: 0x80001480 (0xffec0c13) addi    s8, s8, -2
core   0: 3 0x80001480 (0xffec0c13) x24 0xfffffff5
core   0: 0x80001484 (0x0ff0000f) fence   iorw,iorw
core   0: 3 0x80001484 (0x0ff0000f)
core   0: 0x80001488 (0xfa064313) xori    t1, a2, -96
core   0: 3 0x80001488 (0xfa064313) x 6 0xfffffe4c
core   0: 0x8000148c (0x0177b933) sltu    s2, a5, s7
core   0: 3 0x8000148c (0x0177b933) x18 0x00000000
core   0: 0x80001490 (0xb3db2317) auipc   t1, 0xb3db2
core   0: 3 0x80001490 (0xb3db2317) x 6 0x33db3490
core   0: 0x80001494 (0x00000013) nop
core   0: 3 0x80001494 (0x00000013)
core   0: 0x80001498 (0x64c68693) addi    a3, a3, 1612
core   0: 3 0x80001498 (0x64c68693) x13 0x0000320d
core   0: 0x8000149c (0x009eecb3) or      s9, t4, s1
core   0: 3 0x8000149c (0x009eecb3) x25 0x80028cee
core   0: 0x800014a0 (0x0ff0000f) fence   iorw,iorw
core   0: 3 0x800014a0 (0x0ff0000f)
core   0: 0x800014a4 (0xfd0c16e3) bne     s8, a6, pc - 52
core   0: 3 0x800014a4 (0xfd0c16e3)
core   0: 0x80001470 (0x00000013) nop
core   0: 3 0x80001470 (0x00000013)
core   0: 0x80001474 (0x408d03b3) sub     t2, s10, s0
core   0: 3 0x80001474 (0x408d03b3) x 7 0xfffffff7
core   0: 0x80001478 (0x01f6cfb3) xor     t6, a3, t6
core   0: 3 0x80001478 (0x01f6cfb3) x31 0x0008dd90
core   0: 0x8000147c (0xf8e4ab13) slti    s6, s1, -114
core   0: 3 0x8000147c (0xf8e4ab13) x22 0x00000001
core   0: 0x80001480 (0xffec0c13) addi    s8, s8, -2
core   0: 3 0x80001480 (0xffec0c13) x24 0xfffffff3
core   0: 0x80001484 (0x0ff0000f) fence   iorw,iorw
core   0: 3 0x80001484 (0x0ff0000f)
core   0: 0x80001488 (0xfa064313) xori    t1, a2, -96
core   0: 3 0x80001488 (0xfa064313) x 6 0xfffffe4c
core   0: 0x8000148c (0x0177b933) sltu    s2, a5, s7
core   0: 3 0x8000148c (0x0177b933) x18 0x00000000
core   0: 0x80001490 (0xb3db2317) auipc   t1, 0xb3db2
core   0: 3 0x80001490 (0xb3db2317) x 6 0x33db3490
core   0: 0x80001494 (0x00000013) nop
core   0: 3 0x80001494 (0x00000013)
core   0: 0x80001498 (0x64c68693) addi    a3, a3, 1612
core   0: 3 0x80001498 (0x64c68693) x13 0x00003859
core   0: 0x8000149c (0x009eecb3) or      s9, t4, s1
core   0: 3 0x8000149c (0x009eecb3) x25 0x80028cee
core   0: 0x800014a0 (0x0ff0000f) fence   iorw,iorw
core   0: 3 0x800014a0 (0x0ff0000f)
core   0: 0x800014a4 (0xfd0c16e3) bne     s8, a6, pc - 52
core   0: 3 0x800014a4 (0xfd0c16e3)
core   0: 0x80001470 (0x00000013) nop
core   0: 3 0x80001470 (0x00000013)
core   0: 0x80001474 (0x408d03b3) sub     t2, s10, s0
core   0: 3 0x80001474 (0x408d03b3) x 7 0xfffffff7
core   0: 0x80001478 (0x01f6cfb3) xor     t6, a3, t6
core   0: 3 0x80001478 (0x01f6cfb3) x31 0x0008e5c9
core   0: 0x8000147c (0xf8e4ab13) slti    s6, s1, -114
core   0: 3 0x8000147c (0xf8e4ab13) x22 0x00000001
core   0: 0x80001480 (0xffec0c13) addi    s8, s8, -2
core   0: 3 0x80001480 (0xffec0c13) x24 0xfffffff1
core   0: 0x80001484 (0x0ff0000f) fence   iorw,iorw
core   0: 3 0x80001484 (0x0ff0000f)
core   0: 0x80001488 (0xfa064313) xori    t1, a2, -96
core   0: 3 0x80001488 (0xfa064313) x 6 0xfffffe4c
core   0: 0x8000148c (0x0177b933) sltu    s2, a5, s7
core   0: 3 0x8000148c (0x0177b933) x18 0x00000000
core   0: 0x80001490 (0xb3db2317) auipc   t1, 0xb3db2
core   0: 3 0x80001490 (0xb3db2317) x 6 0x33db3490
core   0: 0x80001494 (0x00000013) nop
core   0: 3 0x80001494 (0x00000013)
core   0: 0x80001498 (0x64c68693) addi    a3, a3, 1612
core   0: 3 0x80001498 (0x64c68693) x13 0x00003ea5
core   0: 0x8000149c (0x009eecb3) or      s9, t4, s1
core   0: 3 0x8000149c (0x009eecb3) x25 0x80028cee
core   0: 0x800014a0 (0x0ff0000f) fence   iorw,iorw
core   0: 3 0x800014a0 (0x0ff0000f)
core   0: 0x800014a4 (0xfd0c16e3) bne     s8, a6, pc - 52
core   0: 3 0x800014a4 (0xfd0c16e3)
core   0: 0x80001470 (0x00000013) nop
core   0: 3 0x80001470 (0x00000013)
core   0: 0x80001474 (0x408d03b3) sub     t2, s10, s0
core   0: 3 0x80001474 (0x408d03b3) x 7 0xfffffff7
core   0: 0x80001478 (0x01f6cfb3) xor     t6, a3, t6
core   0: 3 0x80001478 (0x01f6cfb3) x31 0x0008db6c
core   0: 0x8000147c (0xf8e4ab13) slti    s6, s1, -114
core   0: 3 0x8000147c (0xf8e4ab13) x22 0x00000001
core   0: 0x80001480 (0xffec0c13) addi    s8, s8, -2
core   0: 3 0x80001480 (0xffec0c13) x24 0xffffffef
core   0: 0x80001484 (0x0ff0000f) fence   iorw,iorw
core   0: 3 0x80001484 (0x0ff0000f)
core   0: 0x80001488 (0xfa064313) xori    t1, a2, -96
core   0: 3 0x80001488 (0xfa064313) x 6 0xfffffe4c
core   0: 0x8000148c (0x0177b933) sltu    s2, a5, s7
core   0: 3 0x8000148c (0x0177b933) x18 0x00000000
core   0: 0x80001490 (0xb3db2317) auipc   t1, 0xb3db2
core   0: 3 0x80001490 (0xb3db2317) x 6 0x33db3490
core   0: 0x80001494 (0x00000013) nop
core   0: 3 0x80001494 (0x00000013)
core   0: 0x80001498 (0x64c68693) addi    a3, a3, 1612
core   0: 3 0x80001498 (0x64c68693) x13 0x000044f1
core   0: 0x8000149c (0x009eecb3) or      s9, t4, s1
core   0: 3 0x8000149c (0x009eecb3) x25 0x80028cee
core   0: 0x800014a0 (0x0ff0000f) fence   iorw,iorw
core   0: 3 0x800014a0 (0x0ff0000f)
core   0: 0x800014a4 (0xfd0c16e3) bne     s8, a6, pc - 52
core   0: 3 0x800014a4 (0xfd0c16e3)
core   0: 0x800014a8 (0x6bfd4693) xori    a3, s10, 1727
core   0: 3 0x800014a8 (0x6bfd4693) x13 0x000006bf
core   0: 0x800014ac (0x00400993) li      s3, 4
core   0: 3 0x800014ac (0x00400993) x19 0x00000004
core   0: 0x800014b0 (0xfb887f13) andi    t5, a6, -72
core   0: 3 0x800014b0 (0xfb887f13) x30 0xffffffa8
core   0: 0x800014b4 (0x00f00793) li      a5, 15
core   0: 3 0x800014b4 (0x00f00793) x15 0x0000000f
core   0: 0x800014b8 (0x000cadb3) slt     s11, s9, zero
core   0: 3 0x800014b8 (0x000cadb3) x27 0x00000001
core   0: 0x800014bc (0xc8eba413) slti    s0, s7, -882
core   0: 3 0x800014bc (0xc8eba413) x 8 0x00000001
core   0: 0x800014c0 (0x00198993) addi    s3, s3, 1
core   0: 3 0x800014c0 (0x00198993) x19 0x00000005
core   0: 0x800014c4 (0x0197d0b3) srl     ra, a5, s9
core   0: 3 0x800014c4 (0x0197d0b3) x 1 0x00000000
core   0: 0x800014c8 (0x000e2733) slt     a4, t3, zero
core   0: 3 0x800014c8 (0x000e2733) x14 0x00000000
core   0: 0x800014cc (0x0ff0000f) fence   iorw,iorw
core   0: 3 0x800014cc (0x0ff0000f)
core   0: 0x800014d0 (0x01e91433) sll     s0, s2, t5
core   0: 3 0x800014d0 (0x01e91433) x 8 0x00000000
core   0: 0x800014d4 (0xfef984e3) beq     s3, a5, pc - 24
core   0: 3 0x800014d4 (0xfef984e3)
core   0: 0x800014d8 (0xddbdfa13) andi    s4, s11, -549
core   0: 3 0x800014d8 (0xddbdfa13) x20 0x00000001
core   0: 0x800014dc (0x00a00f93) li      t6, 10
core   0: 3 0x800014dc (0x00a00f93) x31 0x0000000a
core   0: 0x800014e0 (0x10ab8a37) lui     s4, 0x10ab8
core   0: 3 0x800014e0 (0x10ab8a37) x20 0x10ab8000
core   0: 0x800014e4 (0x00a00313) li      t1, 10
core   0: 3 0x800014e4 (0x00a00313) x 6 0x0000000a
core   0: 0x800014e8 (0xad086793) ori     a5, a6, -1328
core   0: 3 0x800014e8 (0xad086793) x15 0xffffffff
core   0: 0x800014ec (0x0088a633) slt     a2, a7, s0
core   0: 3 0x800014ec (0x0088a633) x12 0x00000001
core   0: 0x800014f0 (0x84332c13) slti    s8, t1, -1981
core   0: 3 0x800014f0 (0x84332c13) x24 0x00000000
core   0: 0x800014f4 (0x007b3e33) sltu    t3, s6, t2
core   0: 3 0x800014f4 (0x007b3e33) x28 0x00000001
core   0: 0x800014f8 (0xafd6e293) ori     t0, a3, -1283
core   0: 3 0x800014f8 (0xafd6e293) x 5 0xfffffeff
core   0: 0x800014fc (0x400a5433) sra     s0, s4, zero
core   0: 3 0x800014fc (0x400a5433) x 8 0x10ab8000
core   0: 0x80001500 (0xff7f8f93) addi    t6, t6, -9
core   0: 3 0x80001500 (0xff7f8f93) x31 0x00000001
core   0: 0x80001504 (0xa23bc417) auipc   s0, 0xa23bc
core   0: 3 0x80001504 (0xa23bc417) x 8 0x223bd504
core   0: 0x80001508 (0x014b1c33) sll     s8, s6, s4
core   0: 3 0x80001508 (0x014b1c33) x24 0x00000001
core   0: 0x8000150c (0xfc6ffee3) bgeu    t6, t1, pc - 36
core   0: 3 0x8000150c (0xfc6ffee3)
core   0: 0x80001510 (0x0000100f) fence.i
core   0: 3 0x80001510 (0x0000100f)
core   0: 0x80001514 (0xff600413) li      s0, -10
core   0: 3 0x80001514 (0xff600413) x 8 0xfffffff6
core   0: 0x80001518 (0x014a5cb3) srl     s9, s4, s4
core   0: 3 0x80001518 (0x014a5cb3) x25 0x10ab8000
core   0: 0x8000151c (0xff700e93) li      t4, -9
core   0: 3 0x8000151c (0xff700e93) x29 0xfffffff7
core   0: 0x80001520 (0x00191993) slli    s3, s2, 1
core   0: 3 0x80001520 (0x00191993) x19 0x00000000
core   0: 0x80001524 (0x40f20d33) sub     s10, tp, a5
core   0: 3 0x80001524 (0x40f20d33) x26 0x00000000
core   0: 0x80001528 (0x4196da33) sra     s4, a3, s9
core   0: 3 0x80001528 (0x4196da33) x20 0x000006bf
core   0: 0x8000152c (0x09f1ec13) ori     s8, gp, 159
core   0: 3 0x8000152c (0x09f1ec13) x24 0xffffffff
core   0: 0x80001530 (0x00140413) addi    s0, s0, 1
core   0: 3 0x80001530 (0x00140413) x 8 0xfffffff7
core   0: 0x80001534 (0xf2034917) auipc   s2, 0xf2034
core   0: 3 0x80001534 (0xf2034917) x18 0x72035534
core   0: 0x80001538 (0x01905a13) srli    s4, zero, 25
core   0: 3 0x80001538 (0x01905a13) x20 0x00000000
core   0: 0x8000153c (0x00892633) slt     a2, s2, s0
core   0: 3 0x8000153c (0x00892633) x12 0x00000000
core   0: 0x80001540 (0xffd402e3) beq     s0, t4, pc - 28
core   0: 3 0x80001540 (0xffd402e3)
core   0: 0x80001524 (0x40f20d33) sub     s10, tp, a5
core   0: 3 0x80001524 (0x40f20d33) x26 0x00000000
core   0: 0x80001528 (0x4196da33) sra     s4, a3, s9
core   0: 3 0x80001528 (0x4196da33) x20 0x000006bf
core   0: 0x8000152c (0x09f1ec13) ori     s8, gp, 159
core   0: 3 0x8000152c (0x09f1ec13) x24 0xffffffff
core   0: 0x80001530 (0x00140413) addi    s0, s0, 1
core   0: 3 0x80001530 (0x00140413) x 8 0xfffffff8
core   0: 0x80001534 (0xf2034917) auipc   s2, 0xf2034
core   0: 3 0x80001534 (0xf2034917) x18 0x72035534
core   0: 0x80001538 (0x01905a13) srli    s4, zero, 25
core   0: 3 0x80001538 (0x01905a13) x20 0x00000000
core   0: 0x8000153c (0x00892633) slt     a2, s2, s0
core   0: 3 0x8000153c (0x00892633) x12 0x00000000
core   0: 0x80001540 (0xffd402e3) beq     s0, t4, pc - 28
core   0: 3 0x80001540 (0xffd402e3)
core   0: 0x80001544 (0x00000013) nop
core   0: 3 0x80001544 (0x00000013)
core   0: 0x80001548 (0x00300713) li      a4, 3
core   0: 3 0x80001548 (0x00300713) x14 0x00000003
core   0: 0x8000154c (0x0174d193) srli    gp, s1, 23
core   0: 3 0x8000154c (0x0174d193) x 3 0x00000100
core   0: 0x80001550 (0x0ff0000f) fence   iorw,iorw
core   0: 3 0x80001550 (0x0ff0000f)
core   0: 0x80001554 (0x0000100f) fence.i
core   0: 3 0x80001554 (0x0000100f)
core   0: 0x80001558 (0x00e00613) li      a2, 14
core   0: 3 0x80001558 (0x00e00613) x12 0x0000000e
core   0: 0x8000155c (0xde4c2813) slti    a6, s8, -540
core   0: 3 0x8000155c (0xde4c2813) x16 0x00000000
core   0: 0x80001560 (0x00d59b33) sll     s6, a1, a3
core   0: 3 0x80001560 (0x00d59b33) x22 0x80000000
core   0: 0x80001564 (0x00d733b3) sltu    t2, a4, a3
core   0: 3 0x80001564 (0x00d733b3) x 7 0x00000001
core   0: 0x80001568 (0x5fd26f93) ori     t6, tp, 1533
core   0: 3 0x80001568 (0x5fd26f93) x31 0xffffffff
core   0: 0x8000156c (0x00be9a13) slli    s4, t4, 11
core   0: 3 0x8000156c (0x00be9a13) x20 0xffffb800
core   0: 0x80001570 (0x018fb933) sltu    s2, t6, s8
core   0: 3 0x80001570 (0x018fb933) x18 0x00000000
core   0: 0x80001574 (0x54dda8b7) lui     a7, 0x54dda
core   0: 3 0x80001574 (0x54dda8b7) x17 0x54dda000
core   0: 0x80001578 (0x010f4033) xor     zero, t5, a6
core   0: 3 0x80001578 (0x010f4033)
core   0: 0x8000157c (0x0019ec33) or      s8, s3, ra
core   0: 3 0x8000157c (0x0019ec33) x24 0x00000000
core   0: 0x80001580 (0x00770713) addi    a4, a4, 7
core   0: 3 0x80001580 (0x00770713) x14 0x0000000a
core   0: 0x80001584 (0xffa00e13) li      t3, -6
core   0: 3 0x80001584 (0xffa00e13) x28 0xfffffffa
core   0: 0x80001588 (0x00300d93) li      s11, 3
core   0: 3 0x80001588 (0x00300d93) x27 0x00000003
core   0: 0x8000158c (0x560a8213) addi    tp, s5, 1376
core   0: 3 0x8000158c (0x560a8213) x 4 0xfdb0181b
core   0: 0x80001590 (0x302fe413) ori     s0, t6, 770
core   0: 3 0x80001590 (0x302fe413) x 8 0xffffffff
core   0: 0x80001594 (0x00000013) nop
core   0: 3 0x80001594 (0x00000013)
core   0: 0x80001598 (0x01919433) sll     s0, gp, s9
core   0: 3 0x80001598 (0x01919433) x 8 0x00000100
core   0: 0x8000159c (0x009e0e13) addi    t3, t3, 9
core   0: 3 0x8000159c (0x009e0e13) x28 0x00000003
core   0: 0x800015a0 (0x404e5a33) sra     s4, t3, tp
core   0: 3 0x800015a0 (0x404e5a33) x20 0x00000000
core   0: 0x800015a4 (0x0000100f) fence.i
core   0: 3 0x800015a4 (0x0000100f)
core   0: 0x800015a8 (0x332a2013) slti    zero, s4, 818
core   0: 3 0x800015a8 (0x332a2013)
core   0: 0x800015ac (0xffbe04e3) beq     t3, s11, pc - 24
core   0: 3 0x800015ac (0xffbe04e3)
core   0: 0x80001594 (0x00000013) nop
core   0: 3 0x80001594 (0x00000013)
core   0: 0x80001598 (0x01919433) sll     s0, gp, s9
core   0: 3 0x80001598 (0x01919433) x 8 0x00000100
core   0: 0x8000159c (0x009e0e13) addi    t3, t3, 9
core   0: 3 0x8000159c (0x009e0e13) x28 0x0000000c
core   0: 0x800015a0 (0x404e5a33) sra     s4, t3, tp
core   0: 3 0x800015a0 (0x404e5a33) x20 0x00000000
core   0: 0x800015a4 (0x0000100f) fence.i
core   0: 3 0x800015a4 (0x0000100f)
core   0: 0x800015a8 (0x332a2013) slti    zero, s4, 818
core   0: 3 0x800015a8 (0x332a2013)
core   0: 0x800015ac (0xffbe04e3) beq     t3, s11, pc - 24
core   0: 3 0x800015ac (0xffbe04e3)
core   0: 0x800015b0 (0x409a5093) srai    ra, s4, 9
core   0: 3 0x800015b0 (0x409a5093) x 1 0x00000000
core   0: 0x800015b4 (0xfac74ee3) blt     a4, a2, pc - 68
core   0: 3 0x800015b4 (0xfac74ee3)
core   0: 0x80001570 (0x018fb933) sltu    s2, t6, s8
core   0: 3 0x80001570 (0x018fb933) x18 0x00000000
core   0: 0x80001574 (0x54dda8b7) lui     a7, 0x54dda
core   0: 3 0x80001574 (0x54dda8b7) x17 0x54dda000
core   0: 0x80001578 (0x010f4033) xor     zero, t5, a6
core   0: 3 0x80001578 (0x010f4033)
core   0: 0x8000157c (0x0019ec33) or      s8, s3, ra
core   0: 3 0x8000157c (0x0019ec33) x24 0x00000000
core   0: 0x80001580 (0x00770713) addi    a4, a4, 7
core   0: 3 0x80001580 (0x00770713) x14 0x00000011
core   0: 0x80001584 (0xffa00e13) li      t3, -6
core   0: 3 0x80001584 (0xffa00e13) x28 0xfffffffa
core   0: 0x80001588 (0x00300d93) li      s11, 3
core   0: 3 0x80001588 (0x00300d93) x27 0x00000003
core   0: 0x8000158c (0x560a8213) addi    tp, s5, 1376
core   0: 3 0x8000158c (0x560a8213) x 4 0xfdb0181b
core   0: 0x80001590 (0x302fe413) ori     s0, t6, 770
core   0: 3 0x80001590 (0x302fe413) x 8 0xffffffff
core   0: 0x80001594 (0x00000013) nop
core   0: 3 0x80001594 (0x00000013)
core   0: 0x80001598 (0x01919433) sll     s0, gp, s9
core   0: 3 0x80001598 (0x01919433) x 8 0x00000100
core   0: 0x8000159c (0x009e0e13) addi    t3, t3, 9
core   0: 3 0x8000159c (0x009e0e13) x28 0x00000003
core   0: 0x800015a0 (0x404e5a33) sra     s4, t3, tp
core   0: 3 0x800015a0 (0x404e5a33) x20 0x00000000
core   0: 0x800015a4 (0x0000100f) fence.i
core   0: 3 0x800015a4 (0x0000100f)
core   0: 0x800015a8 (0x332a2013) slti    zero, s4, 818
core   0: 3 0x800015a8 (0x332a2013)
core   0: 0x800015ac (0xffbe04e3) beq     t3, s11, pc - 24
core   0: 3 0x800015ac (0xffbe04e3)
core   0: 0x80001594 (0x00000013) nop
core   0: 3 0x80001594 (0x00000013)
core   0: 0x80001598 (0x01919433) sll     s0, gp, s9
core   0: 3 0x80001598 (0x01919433) x 8 0x00000100
core   0: 0x8000159c (0x009e0e13) addi    t3, t3, 9
core   0: 3 0x8000159c (0x009e0e13) x28 0x0000000c
core   0: 0x800015a0 (0x404e5a33) sra     s4, t3, tp
core   0: 3 0x800015a0 (0x404e5a33) x20 0x00000000
core   0: 0x800015a4 (0x0000100f) fence.i
core   0: 3 0x800015a4 (0x0000100f)
core   0: 0x800015a8 (0x332a2013) slti    zero, s4, 818
core   0: 3 0x800015a8 (0x332a2013)
core   0: 0x800015ac (0xffbe04e3) beq     t3, s11, pc - 24
core   0: 3 0x800015ac (0xffbe04e3)
core   0: 0x800015b0 (0x409a5093) srai    ra, s4, 9
core   0: 3 0x800015b0 (0x409a5093) x 1 0x00000000
core   0: 0x800015b4 (0xfac74ee3) blt     a4, a2, pc - 68
core   0: 3 0x800015b4 (0xfac74ee3)
core   0: 0x800015b8 (0x0007d113) srli    sp, a5, 0
core   0: 3 0x800015b8 (0x0007d113) x 2 0xffffffff
core   0: 0x800015bc (0x00a00d93) li      s11, 10
core   0: 3 0x800015bc (0x00a00d93) x27 0x0000000a
core   0: 0x800015c0 (0xe0a3f693) andi    a3, t2, -502
core   0: 3 0x800015c0 (0xe0a3f693) x13 0x00000000
core   0: 0x800015c4 (0x00a00e93) li      t4, 10
core   0: 3 0x800015c4 (0x00a00e93) x29 0x0000000a
core   0: 0x800015c8 (0x16d36713) ori     a4, t1, 365
core   0: 3 0x800015c8 (0x16d36713) x14 0x0000016f
core   0: 0x800015cc (0x00b4d133) srl     sp, s1, a1
core   0: 3 0x800015cc (0x00b4d133) x 2 0x00000001
core   0: 0x800015d0 (0x4c30eb13) ori     s6, ra, 1219
core   0: 3 0x800015d0 (0x4c30eb13) x22 0x000004c3
core   0: 0x800015d4 (0xff7d8d93) addi    s11, s11, -9
core   0: 3 0x800015d4 (0xff7d8d93) x27 0x00000001
core   0: 0x800015d8 (0xffb00513) li      a0, -5
core   0: 3 0x800015d8 (0xffb00513) x10 0xfffffffb
core   0: 0x800015dc (0xed992b13) slti    s6, s2, -295
core   0: 3 0x800015dc (0xed992b13) x22 0x00000000
core   0: 0x800015e0 (0x40745f93) srai    t6, s0, 7
core   0: 3 0x800015e0 (0x40745f93) x31 0x00000002
core   0: 0x800015e4 (0x00f3f433) and     s0, t2, a5
core   0: 3 0x800015e4 (0x00f3f433) x 8 0x00000001
core   0: 0x800015e8 (0xff100613) li      a2, -15
core   0: 3 0x800015e8 (0xff100613) x12 0xfffffff1
core   0: 0x800015ec (0x00000013) nop
core   0: 3 0x800015ec (0x00000013)
core   0: 0x800015f0 (0x00024a33) xor     s4, tp, zero
core   0: 3 0x800015f0 (0x00024a33) x20 0xfdb0181b
core   0: 0x800015f4 (0x99fcc313) xori    t1, s9, -1633
core   0: 3 0x800015f4 (0x99fcc313) x 6 0xef54799f
core   0: 0x800015f8 (0x3683bd13) sltiu   s10, t2, 872
core   0: 3 0x800015f8 (0x3683bd13) x26 0x00000001
core   0: 0x800015fc (0xff650513) addi    a0, a0, -10
core   0: 3 0x800015fc (0xff650513) x10 0xfffffff1
core   0: 0x80001600 (0xfec506e3) beq     a0, a2, pc - 20
core   0: 3 0x80001600 (0xfec506e3)
core   0: 0x800015ec (0x00000013) nop
core   0: 3 0x800015ec (0x00000013)
core   0: 0x800015f0 (0x00024a33) xor     s4, tp, zero
core   0: 3 0x800015f0 (0x00024a33) x20 0xfdb0181b
core   0: 0x800015f4 (0x99fcc313) xori    t1, s9, -1633
core   0: 3 0x800015f4 (0x99fcc313) x 6 0xef54799f
core   0: 0x800015f8 (0x3683bd13) sltiu   s10, t2, 872
core   0: 3 0x800015f8 (0x3683bd13) x26 0x00000001
core   0: 0x800015fc (0xff650513) addi    a0, a0, -10
core   0: 3 0x800015fc (0xff650513) x10 0xffffffe7
core   0: 0x80001600 (0xfec506e3) beq     a0, a2, pc - 20
core   0: 3 0x80001600 (0xfec506e3)
core   0: 0x80001604 (0x418f0f33) sub     t5, t5, s8
core   0: 3 0x80001604 (0x418f0f33) x30 0xffffffa8
core   0: 0x80001608 (0x006865b3) or      a1, a6, t1
core   0: 3 0x80001608 (0x006865b3) x11 0xef54799f
core   0: 0x8000160c (0x0ff0000f) fence   iorw,iorw
core   0: 3 0x8000160c (0x0ff0000f)
core   0: 0x80001610 (0x017ed993) srli    s3, t4, 23
core   0: 3 0x80001610 (0x017ed993) x19 0x00000000
core   0: 0x80001614 (0xfbddfae3) bgeu    s11, t4, pc - 76
core   0: 3 0x80001614 (0xfbddfae3)
core   0: 0x80001618 (0x00789fb3) sll     t6, a7, t2
core   0: 3 0x80001618 (0x00789fb3) x31 0xa9bb4000
core   0: 0x8000161c (0x00000513) li      a0, 0
core   0: 3 0x8000161c (0x00000513) x10 0x00000000
core   0: 0x80001620 (0x00419413) slli    s0, gp, 4
core   0: 3 0x80001620 (0x00419413) x 8 0x00001000
core   0: 0x80001624 (0x01dadc33) srl     s8, s5, t4
core   0: 3 0x80001624 (0x01dadc33) x24 0x003f6c04
core   0: 0x80001628 (0x8dea8713) addi    a4, s5, -1826
core   0: 3 0x80001628 (0x8dea8713) x14 0xfdb00b99
core   0: 0x8000162c (0x00000013) nop
core   0: 3 0x8000162c (0x00000013)
core   0: 0x80001630 (0xff200d93) li      s11, -14
core   0: 3 0x80001630 (0xff200d93) x27 0xfffffff2
core   0: 0x80001634 (0x01a88e33) add     t3, a7, s10
core   0: 3 0x80001634 (0x01a88e33) x28 0x54dda001
core   0: 0x80001638 (0x3e6ff813) andi    a6, t6, 998
core   0: 3 0x80001638 (0x3e6ff813) x16 0x00000000
core   0: 0x8000163c (0x0189e7b3) or      a5, s3, s8
core   0: 3 0x8000163c (0x0189e7b3) x15 0x003f6c04
core   0: 0x80001640 (0x00a25213) srli    tp, tp, 10
core   0: 3 0x80001640 (0x00a25213) x 4 0x003f6c06
core   0: 0x80001644 (0x0195de33) srl     t3, a1, s9
core   0: 3 0x80001644 (0x0195de33) x28 0xef54799f
core   0: 0x80001648 (0x50f36a13) ori     s4, t1, 1295
core   0: 3 0x80001648 (0x50f36a13) x20 0xef547d9f
core   0: 0x8000164c (0x8edd8393) addi    t2, s11, -1811
core   0: 3 0x8000164c (0x8edd8393) x 7 0xfffff8df
core   0: 0x80001650 (0xff950513) addi    a0, a0, -7
core   0: 3 0x80001650 (0xff950513) x10 0xfffffff9
core   0: 0x80001654 (0x74826193) ori     gp, tp, 1864
core   0: 3 0x80001654 (0x74826193) x 3 0x003f6f4e
core   0: 0x80001658 (0x00718d33) add     s10, gp, t2
core   0: 3 0x80001658 (0x00718d33) x26 0x003f682d
core   0: 0x8000165c (0x407ed993) srai    s3, t4, 7
core   0: 3 0x8000165c (0x407ed993) x19 0x00000000
core   0: 0x80001660 (0xb7296f97) auipc   t6, 0xb7296
core   0: 3 0x80001660 (0xb7296f97) x31 0x37297660
core   0: 0x80001664 (0x0030af33) slt     t5, ra, gp
core   0: 3 0x80001664 (0x0030af33) x30 0x00000001
core   0: 0x80001668 (0xddb8bf17) auipc   t5, 0xddb8b
core   0: 3 0x80001668 (0xddb8bf17) x30 0x5db8c668
core   0: 0x8000166c (0x0ff0000f) fence   iorw,iorw
core   0: 3 0x8000166c (0x0ff0000f)
core   0: 0x80001670 (0x00a3d393) srli    t2, t2, 10
core   0: 3 0x80001670 (0x00a3d393) x 7 0x003ffffe
core   0: 0x80001674 (0x016ed2b3) srl     t0, t4, s6
core   0: 3 0x80001674 (0x016ed2b3) x 5 0x0000000a
core   0: 0x80001678 (0x00fac433) xor     s0, s5, a5
core   0: 3 0x80001678 (0x00fac433) x 8 0xfd8f7ebf
core   0: 0x8000167c (0x00759b13) slli    s6, a1, 7
core   0: 3 0x8000167c (0x00759b13) x22 0xaa3ccf80
core   0: 0x80001680 (0x3240e037) lui     zero, 0x3240e
core   0: 3 0x80001680 (0x3240e037)
core   0: 0x80001684 (0xfbb508e3) beq     a0, s11, pc - 80
core   0: 3 0x80001684 (0xfbb508e3)
core   0: 0x80001688 (0x006d7033) and     zero, s10, t1
core   0: 3 0x80001688 (0x006d7033)
core   0: 0x8000168c (0x00500713) li      a4, 5
core   0: 3 0x8000168c (0x00500713) x14 0x00000005
core   0: 0x80001690 (0x0097bf33) sltu    t5, a5, s1
core   0: 3 0x80001690 (0x0097bf33) x30 0x00000001
core   0: 0x80001694 (0x01ccb533) sltu    a0, s9, t3
core   0: 3 0x80001694 (0x01ccb533) x10 0x00000001
core   0: 0x80001698 (0x00800813) li      a6, 8
core   0: 3 0x80001698 (0x00800813) x16 0x00000008
core   0: 0x8000169c (0x009593b3) sll     t2, a1, s1
core   0: 3 0x8000169c (0x009593b3) x 7 0xf54799f0
core   0: 0x800016a0 (0x35223113) sltiu   sp, tp, 850
core   0: 3 0x800016a0 (0x35223113) x 2 0x00000000
core   0: 0x800016a4 (0x019f9033) sll     zero, t6, s9
core   0: 3 0x800016a4 (0x019f9033)
core   0: 0x800016a8 (0x0000100f) fence.i
core   0: 3 0x800016a8 (0x0000100f)
core   0: 0x800016ac (0x6c9ee213) ori     tp, t4, 1737
core   0: 3 0x800016ac (0x6c9ee213) x 4 0x000006cb
core   0: 0x800016b0 (0x00270713) addi    a4, a4, 2
core   0: 3 0x800016b0 (0x00270713) x14 0x00000007
core   0: 0x800016b4 (0x0ff0000f) fence   iorw,iorw
core   0: 3 0x800016b4 (0x0ff0000f)
core   0: 0x800016b8 (0x32b9c1b7) lui     gp, 0x32b9c
core   0: 3 0x800016b8 (0x32b9c1b7) x 3 0x32b9c000
core   0: 0x800016bc (0x00e29433) sll     s0, t0, a4
core   0: 3 0x800016bc (0x00e29433) x 8 0x00000500
core   0: 0x800016c0 (0x0096dc33) srl     s8, a3, s1
core   0: 3 0x800016c0 (0x0096dc33) x24 0x00000000
core   0: 0x800016c4 (0xff0764e3) bltu    a4, a6, pc - 24
core   0: 3 0x800016c4 (0xff0764e3)
core   0: 0x800016ac (0x6c9ee213) ori     tp, t4, 1737
core   0: 3 0x800016ac (0x6c9ee213) x 4 0x000006cb
core   0: 0x800016b0 (0x00270713) addi    a4, a4, 2
core   0: 3 0x800016b0 (0x00270713) x14 0x00000009
core   0: 0x800016b4 (0x0ff0000f) fence   iorw,iorw
core   0: 3 0x800016b4 (0x0ff0000f)
core   0: 0x800016b8 (0x32b9c1b7) lui     gp, 0x32b9c
core   0: 3 0x800016b8 (0x32b9c1b7) x 3 0x32b9c000
core   0: 0x800016bc (0x00e29433) sll     s0, t0, a4
core   0: 3 0x800016bc (0x00e29433) x 8 0x00001400
core   0: 0x800016c0 (0x0096dc33) srl     s8, a3, s1
core   0: 3 0x800016c0 (0x0096dc33) x24 0x00000000
core   0: 0x800016c4 (0xff0764e3) bltu    a4, a6, pc - 24
core   0: 3 0x800016c4 (0xff0764e3)
core   0: 0x800016c8 (0xebe9a793) slti    a5, s3, -322
core   0: 3 0x800016c8 (0xebe9a793) x15 0x00000000
core   0: 0x800016cc (0xff600e93) li      t4, -10
core   0: 3 0x800016cc (0xff600e93) x29 0xfffffff6
core   0: 0x800016d0 (0x9be38313) addi    t1, t2, -1602
core   0: 3 0x800016d0 (0x9be38313) x 6 0xf54793ae
core   0: 0x800016d4 (0x00a00c93) li      s9, 10
core   0: 3 0x800016d4 (0x00a00c93) x25 0x0000000a
core   0: 0x800016d8 (0x4128dd13) srai    s10, a7, 18
core   0: 3 0x800016d8 (0x4128dd13) x26 0x00001537
core   0: 0x800016dc (0x41e18db3) sub     s11, gp, t5
core   0: 3 0x800016dc (0x41e18db3) x27 0x32b9bfff
core   0: 0x800016e0 (0x6d67a293) slti    t0, a5, 1750
core   0: 3 0x800016e0 (0x6d67a293) x 5 0x00000001
core   0: 0x800016e4 (0x6bf0ed17) auipc   s10, 0x6bf0e
core   0: 3 0x800016e4 (0x6bf0ed17) x26 0xebf0f6e4
core   0: 0x800016e8 (0x008e8e93) addi    t4, t4, 8
core   0: 3 0x800016e8 (0x008e8e93) x29 0xfffffffe
core   0: 0x800016ec (0xa973e697) auipc   a3, 0xa973e
core   0: 3 0x800016ec (0xa973e697) x13 0x2973f6ec
core   0: 0x800016f0 (0x10af4613) xori    a2, t5, 266
core   0: 3 0x800016f0 (0x10af4613) x12 0x0000010b
core   0: 0x800016f4 (0xff9ee4e3) bltu    t4, s9, pc - 24
core   0: 3 0x800016f4 (0xff9ee4e3)
core   0: 0x800016f8 (0x00a61a13) slli    s4, a2, 10
core   0: 3 0x800016f8 (0x00a61a13) x20 0x00042c00
core   0: 0x800016fc (0xffc00413) li      s0, -4
core   0: 3 0x800016fc (0xffc00413) x 8 0xfffffffc
core   0: 0x80001700 (0x00ff1a13) slli    s4, t5, 15
core   0: 3 0x80001700 (0x00ff1a13) x20 0x00008000
core   0: 0x80001704 (0x01400813) li      a6, 20
core   0: 3 0x80001704 (0x01400813) x16 0x00000014
core   0: 0x80001708 (0x009817b3) sll     a5, a6, s1
core   0: 3 0x80001708 (0x009817b3) x15 0x00000140
core   0: 0x8000170c (0x00ef0633) add     a2, t5, a4
core   0: 3 0x8000170c (0x00ef0633) x12 0x0000000a
core   0: 0x80001710 (0x015c1593) slli    a1, s8, 21
core   0: 3 0x80001710 (0x015c1593) x11 0x00000000
core   0: 0x80001714 (0x0096ecb3) or      s9, a3, s1
core   0: 3 0x80001714 (0x0096ecb3) x25 0xa973feec
core   0: 0x80001718 (0x00440413) addi    s0, s0, 4
core   0: 3 0x80001718 (0x00440413) x 8 0x00000000
core   0: 0x8000171c (0xda414793) xori    a5, sp, -604
core   0: 3 0x8000171c (0xda414793) x15 0xfffffda4
core   0: 0x80001720 (0x00a00693) li      a3, 10
core   0: 3 0x80001720 (0x00a00693) x13 0x0000000a
core   0: 0x80001724 (0x3c2b2c93) slti    s9, s6, 962
core   0: 3 0x80001724 (0x3c2b2c93) x25 0x00000001
core   0: 0x80001728 (0x00000013) nop
core   0: 3 0x80001728 (0x00000013)
core   0: 0x8000172c (0x0ff0000f) fence   iorw,iorw
core   0: 3 0x8000172c (0x0ff0000f)
core   0: 0x80001730 (0x00a00c13) li      s8, 10
core   0: 3 0x80001730 (0x00a00c13) x24 0x0000000a
core   0: 0x80001734 (0x409f5cb3) sra     s9, t5, s1
core   0: 3 0x80001734 (0x409f5cb3) x25 0x00000000
core   0: 0x80001738 (0x00f6e0b3) or      ra, a3, a5
core   0: 3 0x80001738 (0x00f6e0b3) x 1 0xfffffdae
core   0: 0x8000173c (0x00372933) slt     s2, a4, gp
core   0: 3 0x8000173c (0x00372933) x18 0x00000001
core   0: 0x80001740 (0xff768693) addi    a3, a3, -9
core   0: 3 0x80001740 (0xff768693) x13 0x00000001
core   0: 0x80001744 (0xdc88d297) auipc   t0, 0xdc88d
core   0: 3 0x80001744 (0xdc88d297) x 5 0x5c88e744
core   0: 0x80001748 (0xff86fae3) bgeu    a3, s8, pc - 12
core   0: 3 0x80001748 (0xff86fae3)
core   0: 0x8000174c (0x018268b3) or      a7, tp, s8
core   0: 3 0x8000174c (0x018268b3) x17 0x000006cb
core   0: 0x80001750 (0x2a748013) addi    zero, s1, 679
core   0: 3 0x80001750 (0x2a748013)
core   0: 0x80001754 (0x28947d93) andi    s11, s0, 649
core   0: 3 0x80001754 (0x28947d93) x27 0x00000000
core   0: 0x80001758 (0x00000013) nop
core   0: 3 0x80001758 (0x00000013)
core   0: 0x8000175c (0x4c4e3093) sltiu   ra, t3, 1220
core   0: 3 0x8000175c (0x4c4e3093) x 1 0x00000000
core   0: 0x80001760 (0x044e0e17) auipc   t3, 0x44e0
core   0: 3 0x80001760 (0x044e0e17) x28 0x844e1760
core   0: 0x80001764 (0x869aee93) ori     t4, s5, -1943
core   0: 3 0x80001764 (0x869aee93) x29 0xfffffafb
core   0: 0x80001768 (0xbd469017) auipc   zero, 0xbd469
core   0: 3 0x80001768 (0xbd469017)
core   0: 0x8000176c (0xfb0440e3) blt     s0, a6, pc - 96
core   0: 3 0x8000176c (0xfb0440e3)
core   0: 0x8000170c (0x00ef0633) add     a2, t5, a4
core   0: 3 0x8000170c (0x00ef0633) x12 0x0000000a
core   0: 0x80001710 (0x015c1593) slli    a1, s8, 21
core   0: 3 0x80001710 (0x015c1593) x11 0x01400000
core   0: 0x80001714 (0x0096ecb3) or      s9, a3, s1
core   0: 3 0x80001714 (0x0096ecb3) x25 0x80028ce5
core   0: 0x80001718 (0x00440413) addi    s0, s0, 4
core   0: 3 0x80001718 (0x00440413) x 8 0x00000004
core   0: 0x8000171c (0xda414793) xori    a5, sp, -604
core   0: 3 0x8000171c (0xda414793) x15 0xfffffda4
core   0: 0x80001720 (0x00a00693) li      a3, 10
core   0: 3 0x80001720 (0x00a00693) x13 0x0000000a
core   0: 0x80001724 (0x3c2b2c93) slti    s9, s6, 962
core   0: 3 0x80001724 (0x3c2b2c93) x25 0x00000001
core   0: 0x80001728 (0x00000013) nop
core   0: 3 0x80001728 (0x00000013)
core   0: 0x8000172c (0x0ff0000f) fence   iorw,iorw
core   0: 3 0x8000172c (0x0ff0000f)
core   0: 0x80001730 (0x00a00c13) li      s8, 10
core   0: 3 0x80001730 (0x00a00c13) x24 0x0000000a
core   0: 0x80001734 (0x409f5cb3) sra     s9, t5, s1
core   0: 3 0x80001734 (0x409f5cb3) x25 0x00000000
core   0: 0x80001738 (0x00f6e0b3) or      ra, a3, a5
core   0: 3 0x80001738 (0x00f6e0b3) x 1 0xfffffdae
core   0: 0x8000173c (0x00372933) slt     s2, a4, gp
core   0: 3 0x8000173c (0x00372933) x18 0x00000001
core   0: 0x80001740 (0xff768693) addi    a3, a3, -9
core   0: 3 0x80001740 (0xff768693) x13 0x00000001
core   0: 0x80001744 (0xdc88d297) auipc   t0, 0xdc88d
core   0: 3 0x80001744 (0xdc88d297) x 5 0x5c88e744
core   0: 0x80001748 (0xff86fae3) bgeu    a3, s8, pc - 12
core   0: 3 0x80001748 (0xff86fae3)
core   0: 0x8000174c (0x018268b3) or      a7, tp, s8
core   0: 3 0x8000174c (0x018268b3) x17 0x000006cb
core   0: 0x80001750 (0x2a748013) addi    zero, s1, 679
core   0: 3 0x80001750 (0x2a748013)
core   0: 0x80001754 (0x28947d93) andi    s11, s0, 649
core   0: 3 0x80001754 (0x28947d93) x27 0x00000000
core   0: 0x80001758 (0x00000013) nop
core   0: 3 0x80001758 (0x00000013)
core   0: 0x8000175c (0x4c4e3093) sltiu   ra, t3, 1220
core   0: 3 0x8000175c (0x4c4e3093) x 1 0x00000000
core   0: 0x80001760 (0x044e0e17) auipc   t3, 0x44e0
core   0: 3 0x80001760 (0x044e0e17) x28 0x844e1760
core   0: 0x80001764 (0x869aee93) ori     t4, s5, -1943
core   0: 3 0x80001764 (0x869aee93) x29 0xfffffafb
core   0: 0x80001768 (0xbd469017) auipc   zero, 0xbd469
core   0: 3 0x80001768 (0xbd469017)
core   0: 0x8000176c (0xfb0440e3) blt     s0, a6, pc - 96
core   0: 3 0x8000176c (0xfb0440e3)
core   0: 0x8000170c (0x00ef0633) add     a2, t5, a4
core   0: 3 0x8000170c (0x00ef0633) x12 0x0000000a
core   0: 0x80001710 (0x015c1593) slli    a1, s8, 21
core   0: 3 0x80001710 (0x015c1593) x11 0x01400000
core   0: 0x80001714 (0x0096ecb3) or      s9, a3, s1
core   0: 3 0x80001714 (0x0096ecb3) x25 0x80028ce5
core   0: 0x80001718 (0x00440413) addi    s0, s0, 4
core   0: 3 0x80001718 (0x00440413) x 8 0x00000008
core   0: 0x8000171c (0xda414793) xori    a5, sp, -604
core   0: 3 0x8000171c (0xda414793) x15 0xfffffda4
core   0: 0x80001720 (0x00a00693) li      a3, 10
core   0: 3 0x80001720 (0x00a00693) x13 0x0000000a
core   0: 0x80001724 (0x3c2b2c93) slti    s9, s6, 962
core   0: 3 0x80001724 (0x3c2b2c93) x25 0x00000001
core   0: 0x80001728 (0x00000013) nop
core   0: 3 0x80001728 (0x00000013)
core   0: 0x8000172c (0x0ff0000f) fence   iorw,iorw
core   0: 3 0x8000172c (0x0ff0000f)
core   0: 0x80001730 (0x00a00c13) li      s8, 10
core   0: 3 0x80001730 (0x00a00c13) x24 0x0000000a
core   0: 0x80001734 (0x409f5cb3) sra     s9, t5, s1
core   0: 3 0x80001734 (0x409f5cb3) x25 0x00000000
core   0: 0x80001738 (0x00f6e0b3) or      ra, a3, a5
core   0: 3 0x80001738 (0x00f6e0b3) x 1 0xfffffdae
core   0: 0x8000173c (0x00372933) slt     s2, a4, gp
core   0: 3 0x8000173c (0x00372933) x18 0x00000001
core   0: 0x80001740 (0xff768693) addi    a3, a3, -9
core   0: 3 0x80001740 (0xff768693) x13 0x00000001
core   0: 0x80001744 (0xdc88d297) auipc   t0, 0xdc88d
core   0: 3 0x80001744 (0xdc88d297) x 5 0x5c88e744
core   0: 0x80001748 (0xff86fae3) bgeu    a3, s8, pc - 12
core   0: 3 0x80001748 (0xff86fae3)
core   0: 0x8000174c (0x018268b3) or      a7, tp, s8
core   0: 3 0x8000174c (0x018268b3) x17 0x000006cb
core   0: 0x80001750 (0x2a748013) addi    zero, s1, 679
core   0: 3 0x80001750 (0x2a748013)
core   0: 0x80001754 (0x28947d93) andi    s11, s0, 649
core   0: 3 0x80001754 (0x28947d93) x27 0x00000008
core   0: 0x80001758 (0x00000013) nop
core   0: 3 0x80001758 (0x00000013)
core   0: 0x8000175c (0x4c4e3093) sltiu   ra, t3, 1220
core   0: 3 0x8000175c (0x4c4e3093) x 1 0x00000000
core   0: 0x80001760 (0x044e0e17) auipc   t3, 0x44e0
core   0: 3 0x80001760 (0x044e0e17) x28 0x844e1760
core   0: 0x80001764 (0x869aee93) ori     t4, s5, -1943
core   0: 3 0x80001764 (0x869aee93) x29 0xfffffafb
core   0: 0x80001768 (0xbd469017) auipc   zero, 0xbd469
core   0: 3 0x80001768 (0xbd469017)
core   0: 0x8000176c (0xfb0440e3) blt     s0, a6, pc - 96
core   0: 3 0x8000176c (0xfb0440e3)
core   0: 0x8000170c (0x00ef0633) add     a2, t5, a4
core   0: 3 0x8000170c (0x00ef0633) x12 0x0000000a
core   0: 0x80001710 (0x015c1593) slli    a1, s8, 21
core   0: 3 0x80001710 (0x015c1593) x11 0x01400000
core   0: 0x80001714 (0x0096ecb3) or      s9, a3, s1
core   0: 3 0x80001714 (0x0096ecb3) x25 0x80028ce5
core   0: 0x80001718 (0x00440413) addi    s0, s0, 4
core   0: 3 0x80001718 (0x00440413) x 8 0x0000000c
core   0: 0x8000171c (0xda414793) xori    a5, sp, -604
core   0: 3 0x8000171c (0xda414793) x15 0xfffffda4
core   0: 0x80001720 (0x00a00693) li      a3, 10
core   0: 3 0x80001720 (0x00a00693) x13 0x0000000a
core   0: 0x80001724 (0x3c2b2c93) slti    s9, s6, 962
core   0: 3 0x80001724 (0x3c2b2c93) x25 0x00000001
core   0: 0x80001728 (0x00000013) nop
core   0: 3 0x80001728 (0x00000013)
core   0: 0x8000172c (0x0ff0000f) fence   iorw,iorw
core   0: 3 0x8000172c (0x0ff0000f)
core   0: 0x80001730 (0x00a00c13) li      s8, 10
core   0: 3 0x80001730 (0x00a00c13) x24 0x0000000a
core   0: 0x80001734 (0x409f5cb3) sra     s9, t5, s1
core   0: 3 0x80001734 (0x409f5cb3) x25 0x00000000
core   0: 0x80001738 (0x00f6e0b3) or      ra, a3, a5
core   0: 3 0x80001738 (0x00f6e0b3) x 1 0xfffffdae
core   0: 0x8000173c (0x00372933) slt     s2, a4, gp
core   0: 3 0x8000173c (0x00372933) x18 0x00000001
core   0: 0x80001740 (0xff768693) addi    a3, a3, -9
core   0: 3 0x80001740 (0xff768693) x13 0x00000001
core   0: 0x80001744 (0xdc88d297) auipc   t0, 0xdc88d
core   0: 3 0x80001744 (0xdc88d297) x 5 0x5c88e744
core   0: 0x80001748 (0xff86fae3) bgeu    a3, s8, pc - 12
core   0: 3 0x80001748 (0xff86fae3)
core   0: 0x8000174c (0x018268b3) or      a7, tp, s8
core   0: 3 0x8000174c (0x018268b3) x17 0x000006cb
core   0: 0x80001750 (0x2a748013) addi    zero, s1, 679
core   0: 3 0x80001750 (0x2a748013)
core   0: 0x80001754 (0x28947d93) andi    s11, s0, 649
core   0: 3 0x80001754 (0x28947d93) x27 0x00000008
core   0: 0x80001758 (0x00000013) nop
core   0: 3 0x80001758 (0x00000013)
core   0: 0x8000175c (0x4c4e3093) sltiu   ra, t3, 1220
core   0: 3 0x8000175c (0x4c4e3093) x 1 0x00000000
core   0: 0x80001760 (0x044e0e17) auipc   t3, 0x44e0
core   0: 3 0x80001760 (0x044e0e17) x28 0x844e1760
core   0: 0x80001764 (0x869aee93) ori     t4, s5, -1943
core   0: 3 0x80001764 (0x869aee93) x29 0xfffffafb
core   0: 0x80001768 (0xbd469017) auipc   zero, 0xbd469
core   0: 3 0x80001768 (0xbd469017)
core   0: 0x8000176c (0xfb0440e3) blt     s0, a6, pc - 96
core   0: 3 0x8000176c (0xfb0440e3)
core   0: 0x8000170c (0x00ef0633) add     a2, t5, a4
core   0: 3 0x8000170c (0x00ef0633) x12 0x0000000a
core   0: 0x80001710 (0x015c1593) slli    a1, s8, 21
core   0: 3 0x80001710 (0x015c1593) x11 0x01400000
core   0: 0x80001714 (0x0096ecb3) or      s9, a3, s1
core   0: 3 0x80001714 (0x0096ecb3) x25 0x80028ce5
core   0: 0x80001718 (0x00440413) addi    s0, s0, 4
core   0: 3 0x80001718 (0x00440413) x 8 0x00000010
core   0: 0x8000171c (0xda414793) xori    a5, sp, -604
core   0: 3 0x8000171c (0xda414793) x15 0xfffffda4
core   0: 0x80001720 (0x00a00693) li      a3, 10
core   0: 3 0x80001720 (0x00a00693) x13 0x0000000a
core   0: 0x80001724 (0x3c2b2c93) slti    s9, s6, 962
core   0: 3 0x80001724 (0x3c2b2c93) x25 0x00000001
core   0: 0x80001728 (0x00000013) nop
core   0: 3 0x80001728 (0x00000013)
core   0: 0x8000172c (0x0ff0000f) fence   iorw,iorw
core   0: 3 0x8000172c (0x0ff0000f)
core   0: 0x80001730 (0x00a00c13) li      s8, 10
core   0: 3 0x80001730 (0x00a00c13) x24 0x0000000a
core   0: 0x80001734 (0x409f5cb3) sra     s9, t5, s1
core   0: 3 0x80001734 (0x409f5cb3) x25 0x00000000
core   0: 0x80001738 (0x00f6e0b3) or      ra, a3, a5
core   0: 3 0x80001738 (0x00f6e0b3) x 1 0xfffffdae
core   0: 0x8000173c (0x00372933) slt     s2, a4, gp
core   0: 3 0x8000173c (0x00372933) x18 0x00000001
core   0: 0x80001740 (0xff768693) addi    a3, a3, -9
core   0: 3 0x80001740 (0xff768693) x13 0x00000001
core   0: 0x80001744 (0xdc88d297) auipc   t0, 0xdc88d
core   0: 3 0x80001744 (0xdc88d297) x 5 0x5c88e744
core   0: 0x80001748 (0xff86fae3) bgeu    a3, s8, pc - 12
core   0: 3 0x80001748 (0xff86fae3)
core   0: 0x8000174c (0x018268b3) or      a7, tp, s8
core   0: 3 0x8000174c (0x018268b3) x17 0x000006cb
core   0: 0x80001750 (0x2a748013) addi    zero, s1, 679
core   0: 3 0x80001750 (0x2a748013)
core   0: 0x80001754 (0x28947d93) andi    s11, s0, 649
core   0: 3 0x80001754 (0x28947d93) x27 0x00000000
core   0: 0x80001758 (0x00000013) nop
core   0: 3 0x80001758 (0x00000013)
core   0: 0x8000175c (0x4c4e3093) sltiu   ra, t3, 1220
core   0: 3 0x8000175c (0x4c4e3093) x 1 0x00000000
core   0: 0x80001760 (0x044e0e17) auipc   t3, 0x44e0
core   0: 3 0x80001760 (0x044e0e17) x28 0x844e1760
core   0: 0x80001764 (0x869aee93) ori     t4, s5, -1943
core   0: 3 0x80001764 (0x869aee93) x29 0xfffffafb
core   0: 0x80001768 (0xbd469017) auipc   zero, 0xbd469
core   0: 3 0x80001768 (0xbd469017)
core   0: 0x8000176c (0xfb0440e3) blt     s0, a6, pc - 96
core   0: 3 0x8000176c (0xfb0440e3)
core   0: 0x8000170c (0x00ef0633) add     a2, t5, a4
core   0: 3 0x8000170c (0x00ef0633) x12 0x0000000a
core   0: 0x80001710 (0x015c1593) slli    a1, s8, 21
core   0: 3 0x80001710 (0x015c1593) x11 0x01400000
core   0: 0x80001714 (0x0096ecb3) or      s9, a3, s1
core   0: 3 0x80001714 (0x0096ecb3) x25 0x80028ce5
core   0: 0x80001718 (0x00440413) addi    s0, s0, 4
core   0: 3 0x80001718 (0x00440413) x 8 0x00000014
core   0: 0x8000171c (0xda414793) xori    a5, sp, -604
core   0: 3 0x8000171c (0xda414793) x15 0xfffffda4
core   0: 0x80001720 (0x00a00693) li      a3, 10
core   0: 3 0x80001720 (0x00a00693) x13 0x0000000a
core   0: 0x80001724 (0x3c2b2c93) slti    s9, s6, 962
core   0: 3 0x80001724 (0x3c2b2c93) x25 0x00000001
core   0: 0x80001728 (0x00000013) nop
core   0: 3 0x80001728 (0x00000013)
core   0: 0x8000172c (0x0ff0000f) fence   iorw,iorw
core   0: 3 0x8000172c (0x0ff0000f)
core   0: 0x80001730 (0x00a00c13) li      s8, 10
core   0: 3 0x80001730 (0x00a00c13) x24 0x0000000a
core   0: 0x80001734 (0x409f5cb3) sra     s9, t5, s1
core   0: 3 0x80001734 (0x409f5cb3) x25 0x00000000
core   0: 0x80001738 (0x00f6e0b3) or      ra, a3, a5
core   0: 3 0x80001738 (0x00f6e0b3) x 1 0xfffffdae
core   0: 0x8000173c (0x00372933) slt     s2, a4, gp
core   0: 3 0x8000173c (0x00372933) x18 0x00000001
core   0: 0x80001740 (0xff768693) addi    a3, a3, -9
core   0: 3 0x80001740 (0xff768693) x13 0x00000001
core   0: 0x80001744 (0xdc88d297) auipc   t0, 0xdc88d
core   0: 3 0x80001744 (0xdc88d297) x 5 0x5c88e744
core   0: 0x80001748 (0xff86fae3) bgeu    a3, s8, pc - 12
core   0: 3 0x80001748 (0xff86fae3)
core   0: 0x8000174c (0x018268b3) or      a7, tp, s8
core   0: 3 0x8000174c (0x018268b3) x17 0x000006cb
core   0: 0x80001750 (0x2a748013) addi    zero, s1, 679
core   0: 3 0x80001750 (0x2a748013)
core   0: 0x80001754 (0x28947d93) andi    s11, s0, 649
core   0: 3 0x80001754 (0x28947d93) x27 0x00000000
core   0: 0x80001758 (0x00000013) nop
core   0: 3 0x80001758 (0x00000013)
core   0: 0x8000175c (0x4c4e3093) sltiu   ra, t3, 1220
core   0: 3 0x8000175c (0x4c4e3093) x 1 0x00000000
core   0: 0x80001760 (0x044e0e17) auipc   t3, 0x44e0
core   0: 3 0x80001760 (0x044e0e17) x28 0x844e1760
core   0: 0x80001764 (0x869aee93) ori     t4, s5, -1943
core   0: 3 0x80001764 (0x869aee93) x29 0xfffffafb
core   0: 0x80001768 (0xbd469017) auipc   zero, 0xbd469
core   0: 3 0x80001768 (0xbd469017)
core   0: 0x8000176c (0xfb0440e3) blt     s0, a6, pc - 96
core   0: 3 0x8000176c (0xfb0440e3)
core   0: 0x80001770 (0x4cf37793) andi    a5, t1, 1231
core   0: 3 0x80001770 (0x4cf37793) x15 0x0000008e
core   0: 0x80001774 (0x00200913) li      s2, 2
core   0: 3 0x80001774 (0x00200913) x18 0x00000002
core   0: 0x80001778 (0xdb1d3d93) sltiu   s11, s10, -591
core   0: 3 0x80001778 (0xdb1d3d93) x27 0x00000001
core   0: 0x8000177c (0xbfcbbc93) sltiu   s9, s7, -1028
core   0: 3 0x8000177c (0xbfcbbc93) x25 0x00000001
core   0: 0x80001780 (0x7350a793) slti    a5, ra, 1845
core   0: 3 0x80001780 (0x7350a793) x15 0x00000001
core   0: 0x80001784 (0x0194c3b3) xor     t2, s1, s9
core   0: 3 0x80001784 (0x0194c3b3) x 7 0x80028ce5
core   0: 0x80001788 (0xd295ba13) sltiu   s4, a1, -727
core   0: 3 0x80001788 (0xd295ba13) x20 0x00000001
core   0: 0x8000178c (0x403a87b3) sub     a5, s5, gp
core   0: 3 0x8000178c (0x403a87b3) x15 0xcaf652bb
core   0: 0x80001790 (0x0000100f) fence.i
core   0: 3 0x80001790 (0x0000100f)
core   0: 0x80001794 (0x40388cb3) sub     s9, a7, gp
core   0: 3 0x80001794 (0x40388cb3) x25 0xcd4646cb
core   0: 0x80001798 (0x4b1b6093) ori     ra, s6, 1201
core   0: 3 0x80001798 (0x4b1b6093) x 1 0xaa3ccfb1
core   0: 0x8000179c (0x2923f1b7) lui     gp, 0x2923f
core   0: 3 0x8000179c (0x2923f1b7) x 3 0x2923f000
core   0: 0x800017a0 (0x01400513) li      a0, 20
core   0: 3 0x800017a0 (0x01400513) x10 0x00000014
core   0: 0x800017a4 (0x66504e93) xori    t4, zero, 1637
core   0: 3 0x800017a4 (0x66504e93) x29 0x00000665
core   0: 0x800017a8 (0x00000013) nop
core   0: 3 0x800017a8 (0x00000013)
core   0: 0x800017ac (0x01cea333) slt     t1, t4, t3
core   0: 3 0x800017ac (0x01cea333) x 6 0x00000000
core   0: 0x800017b0 (0x0138d3b3) srl     t2, a7, s3
core   0: 3 0x800017b0 (0x0138d3b3) x 7 0x000006cb
core   0: 0x800017b4 (0x51743617) auipc   a2, 0x51743
core   0: 3 0x800017b4 (0x51743617) x12 0xd17447b4
core   0: 0x800017b8 (0x015c1333) sll     t1, s8, s5
core   0: 3 0x800017b8 (0x015c1333) x 6 0x50000000
core   0: 0x800017bc (0x0bb23a13) sltiu   s4, tp, 187
core   0: 3 0x800017bc (0x0bb23a13) x20 0x00000000
core   0: 0x800017c0 (0xcb957593) andi    a1, a0, -839
core   0: 3 0x800017c0 (0xcb957593) x11 0x00000010
core   0: 0x800017c4 (0x00190913) addi    s2, s2, 1
core   0: 3 0x800017c4 (0x00190913) x18 0x00000003
core   0: 0x800017c8 (0x01f0db33) srl     s6, ra, t6
core   0: 3 0x800017c8 (0x01f0db33) x22 0xaa3ccfb1
core   0: 0x800017cc (0x01a5c433) xor     s0, a1, s10
core   0: 3 0x800017cc (0x01a5c433) x 8 0xebf0f6f4
core   0: 0x800017d0 (0x00509b33) sll     s6, ra, t0
core   0: 3 0x800017d0 (0x00509b33) x22 0xa3ccfb10
core   0: 0x800017d4 (0xfca90ce3) beq     s2, a0, pc - 40
core   0: 3 0x800017d4 (0xfca90ce3)
core   0: 0x800017d8 (0x23b63213) sltiu   tp, a2, 571
core   0: 3 0x800017d8 (0x23b63213) x 4 0x00000000
core   0: 0x800017dc (0xffe00693) li      a3, -2
core   0: 3 0x800017dc (0xffe00693) x13 0xfffffffe
core   0: 0x800017e0 (0x0078ad33) slt     s10, a7, t2
core   0: 3 0x800017e0 (0x0078ad33) x26 0x00000000
core   0: 0x800017e4 (0x41d857b3) sra     a5, a6, t4
core   0: 3 0x800017e4 (0x41d857b3) x15 0x00000000
core   0: 0x800017e8 (0x00000113) li      sp, 0
core   0: 3 0x800017e8 (0x00000113) x 2 0x00000000
core   0: 0x800017ec (0x413dd7b3) sra     a5, s11, s3
core   0: 3 0x800017ec (0x413dd7b3) x15 0x00000001
core   0: 0x800017f0 (0x00f39db3) sll     s11, t2, a5
core   0: 3 0x800017f0 (0x00f39db3) x27 0x00000d96
core   0: 0x800017f4 (0x8a9eb013) sltiu   zero, t4, -1879
core   0: 3 0x800017f4 (0x8a9eb013)
core   0: 0x800017f8 (0xf9deed93) ori     s11, t4, -99
core   0: 3 0x800017f8 (0xf9deed93) x27 0xfffffffd
core   0: 0x800017fc (0x0ff0000f) fence   iorw,iorw
core   0: 3 0x800017fc (0x0ff0000f)
core   0: 0x80001800 (0x00568693) addi    a3, a3, 5
core   0: 3 0x80001800 (0x00568693) x13 0x00000003
core   0: 0x80001804 (0xfe26c8e3) blt     a3, sp, pc - 16
core   0: 3 0x80001804 (0xfe26c8e3)
core   0: 0x80001808 (0x613cc397) auipc   t2, 0x613cc
core   0: 3 0x80001808 (0x613cc397) x 7 0xe13cd808
core   0: 0x8000180c (0xfff00e93) li      t4, -1
core   0: 3 0x8000180c (0xfff00e93) x29 0xffffffff
core   0: 0x80001810 (0x000cc6b3) xor     a3, s9, zero
core   0: 3 0x80001810 (0x000cc6b3) x13 0xcd4646cb
core   0: 0x80001814 (0x014dd6b3) srl     a3, s11, s4
core   0: 3 0x80001814 (0x014dd6b3) x13 0xfffffffd
core   0: 0x80001818 (0x4159da13) srai    s4, s3, 21
core   0: 3 0x80001818 (0x4159da13) x20 0x00000000
core   0: 0x8000181c (0x00da1b13) slli    s6, s4, 13
core   0: 3 0x8000181c (0x00da1b13) x22 0x00000000
core   0: 0x80001820 (0x41420333) sub     t1, tp, s4
core   0: 3 0x80001820 (0x41420333) x 6 0x00000000
core   0: 0x80001824 (0x2d234f93) xori    t6, t1, 722
core   0: 3 0x80001824 (0x2d234f93) x31 0x000002d2
core   0: 0x80001828 (0x0181cdb3) xor     s11, gp, s8
core   0: 3 0x80001828 (0x0181cdb3) x27 0x2923f00a
core   0: 0x8000182c (0x6711fd97) auipc   s11, 0x6711f
core   0: 3 0x8000182c (0x6711fd97) x27 0xe712082c
core   0: 0x80001830 (0x008b5293) srli    t0, s6, 8
core   0: 3 0x80001830 (0x008b5293) x 5 0x00000000
core   0: 0x80001834 (0x00db9733) sll     a4, s7, a3
core   0: 3 0x80001834 (0x00db9733) x14 0x80000000
core   0: 0x80001838 (0xcf6dcb13) xori    s6, s11, -778
core   0: 3 0x80001838 (0xcf6dcb13) x22 0x18edf4da
core   0: 0x8000183c (0x41ec06b3) sub     a3, s8, t5
core   0: 3 0x8000183c (0x41ec06b3) x13 0x00000009
core   0: 0x80001840 (0xff300593) li      a1, -13
core   0: 3 0x80001840 (0xff300593) x11 0xfffffff3
core   0: 0x80001844 (0x0000100f) fence.i
core   0: 3 0x80001844 (0x0000100f)
core   0: 0x80001848 (0xa2103213) sltiu   tp, zero, -1503
core   0: 3 0x80001848 (0xa2103213) x 4 0x00000001
core   0: 0x8000184c (0x0008a8b3) slt     a7, a7, zero
core   0: 3 0x8000184c (0x0008a8b3) x17 0x00000000
core   0: 0x80001850 (0x1ed3c393) xori    t2, t2, 493
core   0: 3 0x80001850 (0x1ed3c393) x 7 0xe13cd9e5
core   0: 0x80001854 (0xa5bab213) sltiu   tp, s5, -1445
core   0: 3 0x80001854 (0xa5bab213) x 4 0x00000001
core   0: 0x80001858 (0xcff40413) addi    s0, s0, -769
core   0: 3 0x80001858 (0xcff40413) x 8 0xebf0f3f3
core   0: 0x8000185c (0x329afd17) auipc   s10, 0x329af
core   0: 3 0x8000185c (0x329afd17) x26 0xb29b085c
core   0: 0x80001860 (0x33832613) slti    a2, t1, 824
core   0: 3 0x80001860 (0x33832613) x12 0x00000001
core   0: 0x80001864 (0xffde8e93) addi    t4, t4, -3
core   0: 3 0x80001864 (0xffde8e93) x29 0xfffffffc
core   0: 0x80001868 (0x01508233) add     tp, ra, s5
core   0: 3 0x80001868 (0x01508233) x 4 0xa7ece26c
core   0: 0x8000186c (0x0100b0b3) sltu    ra, ra, a6
core   0: 3 0x8000186c (0x0100b0b3) x 1 0x00000000
core   0: 0x80001870 (0x013256b3) srl     a3, tp, s3
core   0: 3 0x80001870 (0x013256b3) x13 0xa7ece26c
core   0: 0x80001874 (0x012d2433) slt     s0, s10, s2
core   0: 3 0x80001874 (0x012d2433) x 8 0x00000001
core   0: 0x80001878 (0xfcbe9ae3) bne     t4, a1, pc - 44
core   0: 3 0x80001878 (0xfcbe9ae3)
core   0: 0x8000184c (0x0008a8b3) slt     a7, a7, zero
core   0: 3 0x8000184c (0x0008a8b3) x17 0x00000000
core   0: 0x80001850 (0x1ed3c393) xori    t2, t2, 493
core   0: 3 0x80001850 (0x1ed3c393) x 7 0xe13cd808
core   0: 0x80001854 (0xa5bab213) sltiu   tp, s5, -1445
core   0: 3 0x80001854 (0xa5bab213) x 4 0x00000001
core   0: 0x80001858 (0xcff40413) addi    s0, s0, -769
core   0: 3 0x80001858 (0xcff40413) x 8 0xfffffd00
core   0: 0x8000185c (0x329afd17) auipc   s10, 0x329af
core   0: 3 0x8000185c (0x329afd17) x26 0xb29b085c
core   0: 0x80001860 (0x33832613) slti    a2, t1, 824
core   0: 3 0x80001860 (0x33832613) x12 0x00000001
core   0: 0x80001864 (0xffde8e93) addi    t4, t4, -3
core   0: 3 0x80001864 (0xffde8e93) x29 0xfffffff9
core   0: 0x80001868 (0x01508233) add     tp, ra, s5
core   0: 3 0x80001868 (0x01508233) x 4 0xfdb012bb
core   0: 0x8000186c (0x0100b0b3) sltu    ra, ra, a6
core   0: 3 0x8000186c (0x0100b0b3) x 1 0x00000001
core   0: 0x80001870 (0x013256b3) srl     a3, tp, s3
core   0: 3 0x80001870 (0x013256b3) x13 0xfdb012bb
core   0: 0x80001874 (0x012d2433) slt     s0, s10, s2
core   0: 3 0x80001874 (0x012d2433) x 8 0x00000001
core   0: 0x80001878 (0xfcbe9ae3) bne     t4, a1, pc - 44
core   0: 3 0x80001878 (0xfcbe9ae3)
core   0: 0x8000184c (0x0008a8b3) slt     a7, a7, zero
core   0: 3 0x8000184c (0x0008a8b3) x17 0x00000000
core   0: 0x80001850 (0x1ed3c393) xori    t2, t2, 493
core   0: 3 0x80001850 (0x1ed3c393) x 7 0xe13cd9e5
core   0: 0x80001854 (0xa5bab213) sltiu   tp, s5, -1445
core   0: 3 0x80001854 (0xa5bab213) x 4 0x00000001
core   0: 0x80001858 (0xcff40413) addi    s0, s0, -769
core   0: 3 0x80001858 (0xcff40413) x 8 0xfffffd00
core   0: 0x8000185c (0x329afd17) auipc   s10, 0x329af
core   0: 3 0x8000185c (0x329afd17) x26 0xb29b085c
core   0: 0x80001860 (0x33832613) slti    a2, t1, 824
core   0: 3 0x80001860 (0x33832613) x12 0x00000001
core   0: 0x80001864 (0xffde8e93) addi    t4, t4, -3
core   0: 3 0x80001864 (0xffde8e93) x29 0xfffffff6
core   0: 0x80001868 (0x01508233) add     tp, ra, s5
core   0: 3 0x80001868 (0x01508233) x 4 0xfdb012bc
core   0: 0x8000186c (0x0100b0b3) sltu    ra, ra, a6
core   0: 3 0x8000186c (0x0100b0b3) x 1 0x00000001
core   0: 0x80001870 (0x013256b3) srl     a3, tp, s3
core   0: 3 0x80001870 (0x013256b3) x13 0xfdb012bc
core   0: 0x80001874 (0x012d2433) slt     s0, s10, s2
core   0: 3 0x80001874 (0x012d2433) x 8 0x00000001
core   0: 0x80001878 (0xfcbe9ae3) bne     t4, a1, pc - 44
core   0: 3 0x80001878 (0xfcbe9ae3)
core   0: 0x8000184c (0x0008a8b3) slt     a7, a7, zero
core   0: 3 0x8000184c (0x0008a8b3) x17 0x00000000
core   0: 0x80001850 (0x1ed3c393) xori    t2, t2, 493
core   0: 3 0x80001850 (0x1ed3c393) x 7 0xe13cd808
core   0: 0x80001854 (0xa5bab213) sltiu   tp, s5, -1445
core   0: 3 0x80001854 (0xa5bab213) x 4 0x00000001
core   0: 0x80001858 (0xcff40413) addi    s0, s0, -769
core   0: 3 0x80001858 (0xcff40413) x 8 0xfffffd00
core   0: 0x8000185c (0x329afd17) auipc   s10, 0x329af
core   0: 3 0x8000185c (0x329afd17) x26 0xb29b085c
core   0: 0x80001860 (0x33832613) slti    a2, t1, 824
core   0: 3 0x80001860 (0x33832613) x12 0x00000001
core   0: 0x80001864 (0xffde8e93) addi    t4, t4, -3
core   0: 3 0x80001864 (0xffde8e93) x29 0xfffffff3
core   0: 0x80001868 (0x01508233) add     tp, ra, s5
core   0: 3 0x80001868 (0x01508233) x 4 0xfdb012bc
core   0: 0x8000186c (0x0100b0b3) sltu    ra, ra, a6
core   0: 3 0x8000186c (0x0100b0b3) x 1 0x00000001
core   0: 0x80001870 (0x013256b3) srl     a3, tp, s3
core   0: 3 0x80001870 (0x013256b3) x13 0xfdb012bc
core   0: 0x80001874 (0x012d2433) slt     s0, s10, s2
core   0: 3 0x80001874 (0x012d2433) x 8 0x00000001
core   0: 0x80001878 (0xfcbe9ae3) bne     t4, a1, pc - 44
core   0: 3 0x80001878 (0xfcbe9ae3)
core   0: 0x8000187c (0xfec8c313) xori    t1, a7, -20
core   0: 3 0x8000187c (0xfec8c313) x 6 0xffffffec
core   0: 0x80001880 (0xfff00f13) li      t5, -1
core   0: 3 0x80001880 (0xfff00f13) x30 0xffffffff
core   0: 0x80001884 (0x528b3693) sltiu   a3, s6, 1320
core   0: 3 0x80001884 (0x528b3693) x13 0x00000000
core   0: 0x80001888 (0xb3ddbd13) sltiu   s10, s11, -1219
core   0: 3 0x80001888 (0xb3ddbd13) x26 0x00000001
core   0: 0x8000188c (0x00700a13) li      s4, 7
core   0: 3 0x8000188c (0x00700a13) x20 0x00000007
core   0: 0x80001890 (0x0080b933) sltu    s2, ra, s0
core   0: 3 0x80001890 (0x0080b933) x18 0x00000000
core   0: 0x80001894 (0x0103e3b3) or      t2, t2, a6
core   0: 3 0x80001894 (0x0103e3b3) x 7 0xe13cd81c
core   0: 0x80001898 (0xe76c3393) sltiu   t2, s8, -394
core   0: 3 0x80001898 (0xe76c3393) x 7 0x00000001
core   0: 0x8000189c (0x0000100f) fence.i
core   0: 3 0x8000189c (0x0000100f)
core   0: 0x800018a0 (0x406f8d33) sub     s10, t6, t1
core   0: 3 0x800018a0 (0x406f8d33) x26 0x000002e6
core   0: 0x800018a4 (0xb7aa3e37) lui     t3, 0xb7aa3
core   0: 3 0x800018a4 (0xb7aa3e37) x28 0xb7aa3000
core   0: 0x800018a8 (0x41ee5813) srai    a6, t3, 30
core   0: 3 0x800018a8 (0x41ee5813) x16 0xfffffffe
core   0: 0x800018ac (0xc9f52593) slti    a1, a0, -865
core   0: 3 0x800018ac (0xc9f52593) x11 0x00000000
core   0: 0x800018b0 (0x018a5e13) srli    t3, s4, 24
core   0: 3 0x800018b0 (0x018a5e13) x28 0x00000000
core   0: 0x800018b4 (0x004f0f13) addi    t5, t5, 4
core   0: 3 0x800018b4 (0x004f0f13) x30 0x00000003
core   0: 0x800018b8 (0x00845993) srli    s3, s0, 8
core   0: 3 0x800018b8 (0x00845993) x19 0x00000000
core   0: 0x800018bc (0x019060b3) or      ra, zero, s9
core   0: 3 0x800018bc (0x019060b3) x 1 0xcd4646cb
core   0: 0x800018c0 (0xff800713) li      a4, -8
core   0: 3 0x800018c0 (0xff800713) x14 0xfffffff8
core   0: 0x800018c4 (0xffb00213) li      tp, -5
core   0: 3 0x800018c4 (0xffb00213) x 4 0xfffffffb
core   0: 0x800018c8 (0x01db8333) add     t1, s7, t4
core   0: 3 0x800018c8 (0x01db8333) x 6 0x80024e57
core   0: 0x800018cc (0x00d6a833) slt     a6, a3, a3
core   0: 3 0x800018cc (0x00d6a833) x16 0x00000000
core   0: 0x800018d0 (0x00470713) addi    a4, a4, 4
core   0: 3 0x800018d0 (0x00470713) x14 0xfffffffc
core   0: 0x800018d4 (0xea3bb393) sltiu   t2, s7, -349
core   0: 3 0x800018d4 (0xea3bb393) x 7 0x00000001
core   0: 0x800018d8 (0xfe474ae3) blt     a4, tp, pc - 12
core   0: 3 0x800018d8 (0xfe474ae3)
core   0: 0x800018dc (0x00b03d33) snez    s10, a1
core   0: 3 0x800018dc (0x00b03d33) x26 0x00000000
core   0: 0x800018e0 (0x01180633) add     a2, a6, a7
core   0: 3 0x800018e0 (0x01180633) x12 0x00000000
core   0: 0x800018e4 (0x40368fb3) sub     t6, a3, gp
core   0: 3 0x800018e4 (0x40368fb3) x31 0xd6dc1000
core   0: 0x800018e8 (0x01926633) or      a2, tp, s9
core   0: 3 0x800018e8 (0x01926633) x12 0xfffffffb
core   0: 0x800018ec (0x001dd293) srli    t0, s11, 1
core   0: 3 0x800018ec (0x001dd293) x 5 0x73890416
core   0: 0x800018f0 (0xc9924993) xori    s3, tp, -871
core   0: 3 0x800018f0 (0xc9924993) x19 0x00000362
core   0: 0x800018f4 (0xa2da0893) addi    a7, s4, -1491
core   0: 3 0x800018f4 (0xa2da0893) x17 0xfffffa34
core   0: 0x800018f8 (0xcf97e093) ori     ra, a5, -775
core   0: 3 0x800018f8 (0xcf97e093) x 1 0xfffffcf9
core   0: 0x800018fc (0x00000013) nop
core   0: 3 0x800018fc (0x00000013)
core   0: 0x80001900 (0xf94f6ce3) bltu    t5, s4, pc - 104
core   0: 3 0x80001900 (0xf94f6ce3)
core   0: 0x80001898 (0xe76c3393) sltiu   t2, s8, -394
core   0: 3 0x80001898 (0xe76c3393) x 7 0x00000001
core   0: 0x8000189c (0x0000100f) fence.i
core   0: 3 0x8000189c (0x0000100f)
core   0: 0x800018a0 (0x406f8d33) sub     s10, t6, t1
core   0: 3 0x800018a0 (0x406f8d33) x26 0x56d9c1a9
core   0: 0x800018a4 (0xb7aa3e37) lui     t3, 0xb7aa3
core   0: 3 0x800018a4 (0xb7aa3e37) x28 0xb7aa3000
core   0: 0x800018a8 (0x41ee5813) srai    a6, t3, 30
core   0: 3 0x800018a8 (0x41ee5813) x16 0xfffffffe
core   0: 0x800018ac (0xc9f52593) slti    a1, a0, -865
core   0: 3 0x800018ac (0xc9f52593) x11 0x00000000
core   0: 0x800018b0 (0x018a5e13) srli    t3, s4, 24
core   0: 3 0x800018b0 (0x018a5e13) x28 0x00000000
core   0: 0x800018b4 (0x004f0f13) addi    t5, t5, 4
core   0: 3 0x800018b4 (0x004f0f13) x30 0x00000007
core   0: 0x800018b8 (0x00845993) srli    s3, s0, 8
core   0: 3 0x800018b8 (0x00845993) x19 0x00000000
core   0: 0x800018bc (0x019060b3) or      ra, zero, s9
core   0: 3 0x800018bc (0x019060b3) x 1 0xcd4646cb
core   0: 0x800018c0 (0xff800713) li      a4, -8
core   0: 3 0x800018c0 (0xff800713) x14 0xfffffff8
core   0: 0x800018c4 (0xffb00213) li      tp, -5
core   0: 3 0x800018c4 (0xffb00213) x 4 0xfffffffb
core   0: 0x800018c8 (0x01db8333) add     t1, s7, t4
core   0: 3 0x800018c8 (0x01db8333) x 6 0x80024e57
core   0: 0x800018cc (0x00d6a833) slt     a6, a3, a3
core   0: 3 0x800018cc (0x00d6a833) x16 0x00000000
core   0: 0x800018d0 (0x00470713) addi    a4, a4, 4
core   0: 3 0x800018d0 (0x00470713) x14 0xfffffffc
core   0: 0x800018d4 (0xea3bb393) sltiu   t2, s7, -349
core   0: 3 0x800018d4 (0xea3bb393) x 7 0x00000001
core   0: 0x800018d8 (0xfe474ae3) blt     a4, tp, pc - 12
core   0: 3 0x800018d8 (0xfe474ae3)
core   0: 0x800018dc (0x00b03d33) snez    s10, a1
core   0: 3 0x800018dc (0x00b03d33) x26 0x00000000
core   0: 0x800018e0 (0x01180633) add     a2, a6, a7
core   0: 3 0x800018e0 (0x01180633) x12 0xfffffa34
core   0: 0x800018e4 (0x40368fb3) sub     t6, a3, gp
core   0: 3 0x800018e4 (0x40368fb3) x31 0xd6dc1000
core   0: 0x800018e8 (0x01926633) or      a2, tp, s9
core   0: 3 0x800018e8 (0x01926633) x12 0xfffffffb
core   0: 0x800018ec (0x001dd293) srli    t0, s11, 1
core   0: 3 0x800018ec (0x001dd293) x 5 0x73890416
core   0: 0x800018f0 (0xc9924993) xori    s3, tp, -871
core   0: 3 0x800018f0 (0xc9924993) x19 0x00000362
core   0: 0x800018f4 (0xa2da0893) addi    a7, s4, -1491
core   0: 3 0x800018f4 (0xa2da0893) x17 0xfffffa34
core   0: 0x800018f8 (0xcf97e093) ori     ra, a5, -775
core   0: 3 0x800018f8 (0xcf97e093) x 1 0xfffffcf9
core   0: 0x800018fc (0x00000013) nop
core   0: 3 0x800018fc (0x00000013)
core   0: 0x80001900 (0xf94f6ce3) bltu    t5, s4, pc - 104
core   0: 3 0x80001900 (0xf94f6ce3)
core   0: 0x80001904 (0x18eeee13) ori     t3, t4, 398
core   0: 3 0x80001904 (0x18eeee13) x28 0xffffffff
core   0: 0x80001908 (0x00500693) li      a3, 5
core   0: 3 0x80001908 (0x00500693) x13 0x00000005
core   0: 0x8000190c (0xff600293) li      t0, -10
core   0: 3 0x8000190c (0xff600293) x 5 0xfffffff6
core   0: 0x80001910 (0x73474a17) auipc   s4, 0x73474
core   0: 3 0x80001910 (0x73474a17) x20 0xf3475910
core   0: 0x80001914 (0x41ef07b3) sub     a5, t5, t5
core   0: 3 0x80001914 (0x41ef07b3) x15 0x00000000
core   0: 0x80001918 (0x00f26db3) or      s11, tp, a5
core   0: 3 0x80001918 (0x00f26db3) x27 0xfffffffb
core   0: 0x8000191c (0xff668693) addi    a3, a3, -10
core   0: 3 0x8000191c (0xff668693) x13 0xfffffffb
core   0: 0x80001920 (0xfe56d8e3) bge     a3, t0, pc - 16
core   0: 3 0x80001920 (0xfe56d8e3)
core   0: 0x80001910 (0x73474a17) auipc   s4, 0x73474
core   0: 3 0x80001910 (0x73474a17) x20 0xf3475910
core   0: 0x80001914 (0x41ef07b3) sub     a5, t5, t5
core   0: 3 0x80001914 (0x41ef07b3) x15 0x00000000
core   0: 0x80001918 (0x00f26db3) or      s11, tp, a5
core   0: 3 0x80001918 (0x00f26db3) x27 0xfffffffb
core   0: 0x8000191c (0xff668693) addi    a3, a3, -10
core   0: 3 0x8000191c (0xff668693) x13 0xfffffff1
core   0: 0x80001920 (0xfe56d8e3) bge     a3, t0, pc - 16
core   0: 3 0x80001920 (0xfe56d8e3)
core   0: 0x80001924 (0x51576e93) ori     t4, a4, 1301
core   0: 3 0x80001924 (0x51576e93) x29 0xfffffffd
core   0: 0x80001928 (0x00a00413) li      s0, 10
core   0: 3 0x80001928 (0x00a00413) x 8 0x0000000a
core   0: 0x8000192c (0x01346233) or      tp, s0, s3
core   0: 3 0x8000192c (0x01346233) x 4 0x0000036a
core   0: 0x80001930 (0x0ff0000f) fence   iorw,iorw
core   0: 3 0x80001930 (0x0ff0000f)
core   0: 0x80001934 (0x40c05b33) sra     s6, zero, a2
core   0: 3 0x80001934 (0x40c05b33) x22 0x00000000
core   0: 0x80001938 (0x7994c5b7) lui     a1, 0x7994c
core   0: 3 0x80001938 (0x7994c5b7) x11 0x7994c000
core   0: 0x8000193c (0xb8c7ce13) xori    t3, a5, -1140
core   0: 3 0x8000193c (0xb8c7ce13) x28 0xfffffb8c
core   0: 0x80001940 (0x00d00313) li      t1, 13
core   0: 3 0x80001940 (0x00d00313) x 6 0x0000000d
core   0: 0x80001944 (0x619a1e17) auipc   t3, 0x619a1
core   0: 3 0x80001944 (0x619a1e17) x28 0xe19a2944
core   0: 0x80001948 (0x01329033) sll     zero, t0, s3
core   0: 3 0x80001948 (0x01329033)
core   0: 0x8000194c (0x4d092f13) slti    t5, s2, 1232
core   0: 3 0x8000194c (0x4d092f13) x30 0x00000001
core   0: 0x80001950 (0x007795b3) sll     a1, a5, t2
core   0: 3 0x80001950 (0x007795b3) x11 0x00000000
core   0: 0x80001954 (0x00a40413) addi    s0, s0, 10
core   0: 3 0x80001954 (0x00a40413) x 8 0x00000014
core   0: 0x80001958 (0x016a8fb3) add     t6, s5, s6
core   0: 3 0x80001958 (0x016a8fb3) x31 0xfdb012bb
core   0: 0x8000195c (0x8f024713) xori    a4, tp, -1808
core   0: 3 0x8000195c (0x8f024713) x14 0xfffffb9a
core   0: 0x80001960 (0xfe6446e3) blt     s0, t1, pc - 20
core   0: 3 0x80001960 (0xfe6446e3)
core   0: 0x80001964 (0x01af9893) slli    a7, t6, 26
core   0: 3 0x80001964 (0x01af9893) x17 0xec000000
core   0: 0x80001968 (0xff600593) li      a1, -10
core   0: 3 0x80001968 (0xff600593) x11 0xfffffff6
core   0: 0x8000196c (0x0000100f) fence.i
core   0: 3 0x8000196c (0x0000100f)
core   0: 0x80001970 (0x01a9c333) xor     t1, s3, s10
core   0: 3 0x80001970 (0x01a9c333) x 6 0x00000362
core   0: 0x80001974 (0x00bb9e93) slli    t4, s7, 11
core   0: 3 0x80001974 (0x00bb9e93) x29 0x12732000
core   0: 0x80001978 (0x1fdb2793) slti    a5, s6, 509
core   0: 3 0x80001978 (0x1fdb2793) x15 0x00000001
core   0: 0x8000197c (0x00400993) li      s3, 4
core   0: 3 0x8000197c (0x00400993) x19 0x00000004
core   0: 0x80001980 (0x017f9d93) slli    s11, t6, 23
core   0: 3 0x80001980 (0x017f9d93) x27 0x5d800000
core   0: 0x80001984 (0x70088093) addi    ra, a7, 1792
core   0: 3 0x80001984 (0x70088093) x 1 0xec000700
core   0: 0x80001988 (0x00a58593) addi    a1, a1, 10
core   0: 3 0x80001988 (0x00a58593) x11 0x00000000
core   0: 0x8000198c (0x46674293) xori    t0, a4, 1126
core   0: 3 0x8000198c (0x46674293) x 5 0xfffffffc
core   0: 0x80001990 (0x01be9c93) slli    s9, t4, 27
core   0: 3 0x80001990 (0x01be9c93) x25 0x00000000
core   0: 0x80001994 (0xffb00393) li      t2, -5
core   0: 3 0x80001994 (0xffb00393) x 7 0xfffffffb
core   0: 0x80001998 (0x016e9693) slli    a3, t4, 22
core   0: 3 0x80001998 (0x016e9693) x13 0x00000000
core   0: 0x8000199c (0xff100613) li      a2, -15
core   0: 3 0x8000199c (0xff100613) x12 0xfffffff1
core   0: 0x800019a0 (0x00052c33) slt     s8, a0, zero
core   0: 3 0x800019a0 (0x00052c33) x24 0x00000000
core   0: 0x800019a4 (0x93740417) auipc   s0, 0x93740
core   0: 3 0x800019a4 (0x93740417) x 8 0x137419a4
core   0: 0x800019a8 (0x00000013) nop
core   0: 3 0x800019a8 (0x00000013)
core   0: 0x800019ac (0xf2870b37) lui     s6, 0xf2870
core   0: 3 0x800019ac (0xf2870b37) x22 0xf2870000
core   0: 0x800019b0 (0x40f7d033) sra     zero, a5, a5
core   0: 3 0x800019b0 (0x40f7d033)
core   0: 0x800019b4 (0xffb38393) addi    t2, t2, -5
core   0: 3 0x800019b4 (0xffb38393) x 7 0xfffffff6
core   0: 0x800019b8 (0x0180c533) xor     a0, ra, s8
core   0: 3 0x800019b8 (0x0180c533) x10 0xec000700
core   0: 0x800019bc (0xfec396e3) bne     t2, a2, pc - 20
core   0: 3 0x800019bc (0xfec396e3)
core   0: 0x800019a8 (0x00000013) nop
core   0: 3 0x800019a8 (0x00000013)
core   0: 0x800019ac (0xf2870b37) lui     s6, 0xf2870
core   0: 3 0x800019ac (0xf2870b37) x22 0xf2870000
core   0: 0x800019b0 (0x40f7d033) sra     zero, a5, a5
core   0: 3 0x800019b0 (0x40f7d033)
core   0: 0x800019b4 (0xffb38393) addi    t2, t2, -5
core   0: 3 0x800019b4 (0xffb38393) x 7 0xfffffff1
core   0: 0x800019b8 (0x0180c533) xor     a0, ra, s8
core   0: 3 0x800019b8 (0x0180c533) x10 0xec000700
core   0: 0x800019bc (0xfec396e3) bne     t2, a2, pc - 20
core   0: 3 0x800019bc (0xfec396e3)
core   0: 0x800019c0 (0x58f74e13) xori    t3, a4, 1423
core   0: 3 0x800019c0 (0x58f74e13) x28 0xfffffe15
core   0: 0x800019c4 (0x01058133) add     sp, a1, a6
core   0: 3 0x800019c4 (0x01058133) x 2 0x00000000
core   0: 0x800019c8 (0x00000013) nop
core   0: 3 0x800019c8 (0x00000013)
core   0: 0x800019cc (0x015812b3) sll     t0, a6, s5
core   0: 3 0x800019cc (0x015812b3) x 5 0x00000000
core   0: 0x800019d0 (0xfb35cae3) blt     a1, s3, pc - 76
core   0: 3 0x800019d0 (0xfb35cae3)
core   0: 0x80001984 (0x70088093) addi    ra, a7, 1792
core   0: 3 0x80001984 (0x70088093) x 1 0xec000700
core   0: 0x80001988 (0x00a58593) addi    a1, a1, 10
core   0: 3 0x80001988 (0x00a58593) x11 0x0000000a
core   0: 0x8000198c (0x46674293) xori    t0, a4, 1126
core   0: 3 0x8000198c (0x46674293) x 5 0xfffffffc
core   0: 0x80001990 (0x01be9c93) slli    s9, t4, 27
core   0: 3 0x80001990 (0x01be9c93) x25 0x00000000
core   0: 0x80001994 (0xffb00393) li      t2, -5
core   0: 3 0x80001994 (0xffb00393) x 7 0xfffffffb
core   0: 0x80001998 (0x016e9693) slli    a3, t4, 22
core   0: 3 0x80001998 (0x016e9693) x13 0x00000000
core   0: 0x8000199c (0xff100613) li      a2, -15
core   0: 3 0x8000199c (0xff100613) x12 0xfffffff1
core   0: 0x800019a0 (0x00052c33) slt     s8, a0, zero
core   0: 3 0x800019a0 (0x00052c33) x24 0x00000001
core   0: 0x800019a4 (0x93740417) auipc   s0, 0x93740
core   0: 3 0x800019a4 (0x93740417) x 8 0x137419a4
core   0: 0x800019a8 (0x00000013) nop
core   0: 3 0x800019a8 (0x00000013)
core   0: 0x800019ac (0xf2870b37) lui     s6, 0xf2870
core   0: 3 0x800019ac (0xf2870b37) x22 0xf2870000
core   0: 0x800019b0 (0x40f7d033) sra     zero, a5, a5
core   0: 3 0x800019b0 (0x40f7d033)
core   0: 0x800019b4 (0xffb38393) addi    t2, t2, -5
core   0: 3 0x800019b4 (0xffb38393) x 7 0xfffffff6
core   0: 0x800019b8 (0x0180c533) xor     a0, ra, s8
core   0: 3 0x800019b8 (0x0180c533) x10 0xec000701
core   0: 0x800019bc (0xfec396e3) bne     t2, a2, pc - 20
core   0: 3 0x800019bc (0xfec396e3)
core   0: 0x800019a8 (0x00000013) nop
core   0: 3 0x800019a8 (0x00000013)
core   0: 0x800019ac (0xf2870b37) lui     s6, 0xf2870
core   0: 3 0x800019ac (0xf2870b37) x22 0xf2870000
core   0: 0x800019b0 (0x40f7d033) sra     zero, a5, a5
core   0: 3 0x800019b0 (0x40f7d033)
core   0: 0x800019b4 (0xffb38393) addi    t2, t2, -5
core   0: 3 0x800019b4 (0xffb38393) x 7 0xfffffff1
core   0: 0x800019b8 (0x0180c533) xor     a0, ra, s8
core   0: 3 0x800019b8 (0x0180c533) x10 0xec000701
core   0: 0x800019bc (0xfec396e3) bne     t2, a2, pc - 20
core   0: 3 0x800019bc (0xfec396e3)
core   0: 0x800019c0 (0x58f74e13) xori    t3, a4, 1423
core   0: 3 0x800019c0 (0x58f74e13) x28 0xfffffe15
core   0: 0x800019c4 (0x01058133) add     sp, a1, a6
core   0: 3 0x800019c4 (0x01058133) x 2 0x0000000a
core   0: 0x800019c8 (0x00000013) nop
core   0: 3 0x800019c8 (0x00000013)
core   0: 0x800019cc (0x015812b3) sll     t0, a6, s5
core   0: 3 0x800019cc (0x015812b3) x 5 0x00000000
core   0: 0x800019d0 (0xfb35cae3) blt     a1, s3, pc - 76
core   0: 3 0x800019d0 (0xfb35cae3)
core   0: 0x800019d4 (0x419a86b3) sub     a3, s5, s9
core   0: 3 0x800019d4 (0x419a86b3) x13 0xfdb012bb
core   0: 0x800019d8 (0x00a00513) li      a0, 10
core   0: 3 0x800019d8 (0x00a00513) x10 0x0000000a
core   0: 0x800019dc (0x00833933) sltu    s2, t1, s0
core   0: 3 0x800019dc (0x00833933) x18 0x00000001
core   0: 0x800019e0 (0x00900293) li      t0, 9
core   0: 3 0x800019e0 (0x00900293) x 5 0x00000009
core   0: 0x800019e4 (0x01c4ca33) xor     s4, s1, t3
core   0: 3 0x800019e4 (0x01c4ca33) x20 0x7ffd72f1
core   0: 0x800019e8 (0xff850513) addi    a0, a0, -8
core   0: 3 0x800019e8 (0xff850513) x10 0x00000002
core   0: 0x800019ec (0x5556c113) xori    sp, a3, 1365
core   0: 3 0x800019ec (0x5556c113) x 2 0xfdb017ee
core   0: 0x800019f0 (0x00900793) li      a5, 9
core   0: 3 0x800019f0 (0x00900793) x15 0x00000009
core   0: 0x800019f4 (0x00000c93) li      s9, 0
core   0: 3 0x800019f4 (0x00000c93) x25 0x00000000
core   0: 0x800019f8 (0x00f32fb3) slt     t6, t1, a5
core   0: 3 0x800019f8 (0x00f32fb3) x31 0x00000000
core   0: 0x800019fc (0xff778793) addi    a5, a5, -9
core   0: 3 0x800019fc (0xff778793) x15 0x00000000
core   0: 0x80001a00 (0x0ff0000f) fence   iorw,iorw
core   0: 3 0x80001a00 (0x0ff0000f)
core   0: 0x80001a04 (0xff978ae3) beq     a5, s9, pc - 12
core   0: 3 0x80001a04 (0xff978ae3)
core   0: 0x800019f8 (0x00f32fb3) slt     t6, t1, a5
core   0: 3 0x800019f8 (0x00f32fb3) x31 0x00000000
core   0: 0x800019fc (0xff778793) addi    a5, a5, -9
core   0: 3 0x800019fc (0xff778793) x15 0xfffffff7
core   0: 0x80001a00 (0x0ff0000f) fence   iorw,iorw
core   0: 3 0x80001a00 (0x0ff0000f)
core   0: 0x80001a04 (0xff978ae3) beq     a5, s9, pc - 12
core   0: 3 0x80001a04 (0xff978ae3)
core   0: 0x80001a08 (0xfc557ee3) bgeu    a0, t0, pc - 36
core   0: 3 0x80001a08 (0xfc557ee3)
core   0: 0x80001a0c (0x0000100f) fence.i
core   0: 3 0x80001a0c (0x0000100f)
core   0: 0x80001a10 (0xff800b13) li      s6, -8
core   0: 3 0x80001a10 (0xff800b13) x22 0xfffffff8
core   0: 0x80001a14 (0x41fb0eb3) sub     t4, s6, t6
core   0: 3 0x80001a14 (0x41fb0eb3) x29 0xfffffff8
core   0: 0x80001a18 (0xff100f93) li      t6, -15
core   0: 3 0x80001a18 (0xff100f93) x31 0xfffffff1
core   0: 0x80001a1c (0x0047adb3) slt     s11, a5, tp
core   0: 3 0x80001a1c (0x0047adb3) x27 0x00000001
core   0: 0x80001a20 (0x00914a33) xor     s4, sp, s1
core   0: 3 0x80001a20 (0x00914a33) x20 0x7db29b0a
core   0: 0x80001a24 (0x01679913) slli    s2, a5, 22
core   0: 3 0x80001a24 (0x01679913) x18 0xfdc00000
core   0: 0x80001a28 (0x01c34293) xori    t0, t1, 28
core   0: 3 0x80001a28 (0x01c34293) x 5 0x0000037e
core   0: 0x80001a2c (0x00451d93) slli    s11, a0, 4
core   0: 3 0x80001a2c (0x00451d93) x27 0x00000020
core   0: 0x80001a30 (0x011a9933) sll     s2, s5, a7
core   0: 3 0x80001a30 (0x011a9933) x18 0xfdb012bb
core   0: 0x80001a34 (0x00000013) nop
core   0: 3 0x80001a34 (0x00000013)
core   0: 0x80001a38 (0xff6b0b13) addi    s6, s6, -10
core   0: 3 0x80001a38 (0xff6b0b13) x22 0xffffffee
core   0: 0x80001a3c (0xa5036d13) ori     s10, t1, -1456
core   0: 3 0x80001a3c (0xa5036d13) x26 0xfffffb72
core   0: 0x80001a40 (0x00ab02b3) add     t0, s6, a0
core   0: 3 0x80001a40 (0x00ab02b3) x 5 0xfffffff0
core   0: 0x80001a44 (0xa52db837) lui     a6, 0xa52db
core   0: 3 0x80001a44 (0xa52db837) x16 0xa52db000
core   0: 0x80001a48 (0xb1440313) addi    t1, s0, -1260
core   0: 3 0x80001a48 (0xb1440313) x 6 0x137414b8
core   0: 0x80001a4c (0xfdfb58e3) bge     s6, t6, pc - 48
core   0: 3 0x80001a4c (0xfdfb58e3)
core   0: 0x80001a50 (0x41490933) sub     s2, s2, s4
core   0: 3 0x80001a50 (0x41490933) x18 0x7ffd77b1
core   0: 0x80001a54 (0x00a00793) li      a5, 10
core   0: 3 0x80001a54 (0x00a00793) x15 0x0000000a
core   0: 0x80001a58 (0x00700693) li      a3, 7
core   0: 3 0x80001a58 (0x00700693) x13 0x00000007
core   0: 0x80001a5c (0xb822c913) xori    s2, t0, -1150
core   0: 3 0x80001a5c (0xb822c913) x18 0x00000472
core   0: 0x80001a60 (0x00000013) nop
core   0: 3 0x80001a60 (0x00000013)
core   0: 0x80001a64 (0x402d0d33) sub     s10, s10, sp
core   0: 3 0x80001a64 (0x402d0d33) x26 0x024fe384
core   0: 0x80001a68 (0x0000100f) fence.i
core   0: 3 0x80001a68 (0x0000100f)
core   0: 0x80001a6c (0x00000013) nop
core   0: 3 0x80001a6c (0x00000013)
core   0: 0x80001a70 (0x41f75293) srai    t0, a4, 31
core   0: 3 0x80001a70 (0x41f75293) x 5 0xffffffff
core   0: 0x80001a74 (0x001aba33) sltu    s4, s5, ra
core   0: 3 0x80001a74 (0x001aba33) x20 0x00000000
core   0: 0x80001a78 (0x00a84733) xor     a4, a6, a0
core   0: 3 0x80001a78 (0x00a84733) x14 0xa52db002
core   0: 0x80001a7c (0xffd78793) addi    a5, a5, -3
core   0: 3 0x80001a7c (0xffd78793) x15 0x00000007
core   0: 0x80001a80 (0x0ff0000f) fence   iorw,iorw
core   0: 3 0x80001a80 (0x0ff0000f)
core   0: 0x80001a84 (0x01768433) add     s0, a3, s7
core   0: 3 0x80001a84 (0x01768433) x 8 0x80024e6b
core   0: 0x80001a88 (0x0ff0000f) fence   iorw,iorw
core   0: 3 0x80001a88 (0x0ff0000f)
core   0: 0x80001a8c (0x00f2d433) srl     s0, t0, a5
core   0: 3 0x80001a8c (0x00f2d433) x 8 0x01ffffff
core   0: 0x80001a90 (0x03bc58b7) lui     a7, 0x3bc5
core   0: 3 0x80001a90 (0x03bc58b7) x17 0x03bc5000
core   0: 0x80001a94 (0x01515e13) srli    t3, sp, 21
core   0: 3 0x80001a94 (0x01515e13) x28 0x000007ed
core   0: 0x80001a98 (0x7cb54093) xori    ra, a0, 1995
core   0: 3 0x80001a98 (0x7cb54093) x 1 0x000007c9
core   0: 0x80001a9c (0x01c8adb3) slt     s11, a7, t3
core   0: 3 0x80001a9c (0x01c8adb3) x27 0x00000000
core   0: 0x80001aa0 (0x415bd613) srai    a2, s7, 21
core   0: 3 0x80001aa0 (0x415bd613) x12 0xfffffc00
core   0: 0x80001aa4 (0x00900593) li      a1, 9
core   0: 3 0x80001aa4 (0x00900593) x11 0x00000009
core   0: 0x80001aa8 (0x00600b13) li      s6, 6
core   0: 3 0x80001aa8 (0x00600b13) x22 0x00000006
core   0: 0x80001aac (0xb84d4513) xori    a0, s10, -1148
core   0: 3 0x80001aac (0xb84d4513) x10 0xfdb01800
core   0: 0x80001ab0 (0x0ff0000f) fence   iorw,iorw
core   0: 3 0x80001ab0 (0x0ff0000f)
core   0: 0x80001ab4 (0xffc58593) addi    a1, a1, -4
core   0: 3 0x80001ab4 (0xffc58593) x11 0x00000005
core   0: 0x80001ab8 (0xff65dae3) bge     a1, s6, pc - 12
core   0: 3 0x80001ab8 (0xff65dae3)
core   0: 0x80001abc (0x0080ffb3) and     t6, ra, s0
core   0: 3 0x80001abc (0x0080ffb3) x31 0x000007c9
core   0: 0x80001ac0 (0x64460e13) addi    t3, a2, 1604
core   0: 3 0x80001ac0 (0x64460e13) x28 0x00000244
core   0: 0x80001ac4 (0xfad7f0e3) bgeu    a5, a3, pc - 96
core   0: 3 0x80001ac4 (0xfad7f0e3)
core   0: 0x80001a64 (0x402d0d33) sub     s10, s10, sp
core   0: 3 0x80001a64 (0x402d0d33) x26 0x049fcb96
core   0: 0x80001a68 (0x0000100f) fence.i
core   0: 3 0x80001a68 (0x0000100f)
core   0: 0x80001a6c (0x00000013) nop
core   0: 3 0x80001a6c (0x00000013)
core   0: 0x80001a70 (0x41f75293) srai    t0, a4, 31
core   0: 3 0x80001a70 (0x41f75293) x 5 0xffffffff
core   0: 0x80001a74 (0x001aba33) sltu    s4, s5, ra
core   0: 3 0x80001a74 (0x001aba33) x20 0x00000000
core   0: 0x80001a78 (0x00a84733) xor     a4, a6, a0
core   0: 3 0x80001a78 (0x00a84733) x14 0x589da800
core   0: 0x80001a7c (0xffd78793) addi    a5, a5, -3
core   0: 3 0x80001a7c (0xffd78793) x15 0x00000004
core   0: 0x80001a80 (0x0ff0000f) fence   iorw,iorw
core   0: 3 0x80001a80 (0x0ff0000f)
core   0: 0x80001a84 (0x01768433) add     s0, a3, s7
core   0: 3 0x80001a84 (0x01768433) x 8 0x80024e6b
core   0: 0x80001a88 (0x0ff0000f) fence   iorw,iorw
core   0: 3 0x80001a88 (0x0ff0000f)
core   0: 0x80001a8c (0x00f2d433) srl     s0, t0, a5
core   0: 3 0x80001a8c (0x00f2d433) x 8 0x0fffffff
core   0: 0x80001a90 (0x03bc58b7) lui     a7, 0x3bc5
core   0: 3 0x80001a90 (0x03bc58b7) x17 0x03bc5000
core   0: 0x80001a94 (0x01515e13) srli    t3, sp, 21
core   0: 3 0x80001a94 (0x01515e13) x28 0x000007ed
core   0: 0x80001a98 (0x7cb54093) xori    ra, a0, 1995
core   0: 3 0x80001a98 (0x7cb54093) x 1 0xfdb01fcb
core   0: 0x80001a9c (0x01c8adb3) slt     s11, a7, t3
core   0: 3 0x80001a9c (0x01c8adb3) x27 0x00000000
core   0: 0x80001aa0 (0x415bd613) srai    a2, s7, 21
core   0: 3 0x80001aa0 (0x415bd613) x12 0xfffffc00
core   0: 0x80001aa4 (0x00900593) li      a1, 9
core   0: 3 0x80001aa4 (0x00900593) x11 0x00000009
core   0: 0x80001aa8 (0x00600b13) li      s6, 6
core   0: 3 0x80001aa8 (0x00600b13) x22 0x00000006
core   0: 0x80001aac (0xb84d4513) xori    a0, s10, -1148
core   0: 3 0x80001aac (0xb84d4513) x10 0xfb603012
core   0: 0x80001ab0 (0x0ff0000f) fence   iorw,iorw
core   0: 3 0x80001ab0 (0x0ff0000f)
core   0: 0x80001ab4 (0xffc58593) addi    a1, a1, -4
core   0: 3 0x80001ab4 (0xffc58593) x11 0x00000005
core   0: 0x80001ab8 (0xff65dae3) bge     a1, s6, pc - 12
core   0: 3 0x80001ab8 (0xff65dae3)
core   0: 0x80001abc (0x0080ffb3) and     t6, ra, s0
core   0: 3 0x80001abc (0x0080ffb3) x31 0x0db01fcb
core   0: 0x80001ac0 (0x64460e13) addi    t3, a2, 1604
core   0: 3 0x80001ac0 (0x64460e13) x28 0x00000244
core   0: 0x80001ac4 (0xfad7f0e3) bgeu    a5, a3, pc - 96
core   0: 3 0x80001ac4 (0xfad7f0e3)
core   0: 0x80001ac8 (0xd6317f17) auipc   t5, 0xd6317
core   0: 3 0x80001ac8 (0xd6317f17) x30 0x56318ac8
core   0: 0x80001acc (0x00800d93) li      s11, 8
core   0: 3 0x80001acc (0x00800d93) x27 0x00000008
core   0: 0x80001ad0 (0x017c3cb3) sltu    s9, s8, s7
core   0: 3 0x80001ad0 (0x017c3cb3) x25 0x00000001
core   0: 0x80001ad4 (0x7fc24293) xori    t0, tp, 2044
core   0: 3 0x80001ad4 (0x7fc24293) x 5 0x00000496
core   0: 0x80001ad8 (0x00c00713) li      a4, 12
core   0: 3 0x80001ad8 (0x00c00713) x14 0x0000000c
core   0: 0x80001adc (0x0ff0000f) fence   iorw,iorw
core   0: 3 0x80001adc (0x0ff0000f)
core   0: 0x80001ae0 (0x00000013) nop
core   0: 3 0x80001ae0 (0x00000013)
core   0: 0x80001ae4 (0x097aaf93) slti    t6, s5, 151
core   0: 3 0x80001ae4 (0x097aaf93) x31 0x00000001
core   0: 0x80001ae8 (0x00ad8d93) addi    s11, s11, 10
core   0: 3 0x80001ae8 (0x00ad8d93) x27 0x00000012
core   0: 0x80001aec (0xffb00593) li      a1, -5
core   0: 3 0x80001aec (0xffb00593) x11 0xfffffffb
core   0: 0x80001af0 (0x01f71793) slli    a5, a4, 31
core   0: 3 0x80001af0 (0x01f71793) x15 0x00000000
core   0: 0x80001af4 (0x24f58f93) addi    t6, a1, 591
core   0: 3 0x80001af4 (0x24f58f93) x31 0x0000024a
core   0: 0x80001af8 (0xfec00913) li      s2, -20
core   0: 3 0x80001af8 (0xfec00913) x18 0xffffffec
core   0: 0x80001afc (0x41e17c93) andi    s9, sp, 1054
core   0: 3 0x80001afc (0x41e17c93) x25 0x0000040e
core   0: 0x80001b00 (0x00bdb533) sltu    a0, s11, a1
core   0: 3 0x80001b00 (0x00bdb533) x10 0x00000001
core   0: 0x80001b04 (0x272c7693) andi    a3, s8, 626
core   0: 3 0x80001b04 (0x272c7693) x13 0x00000000
core   0: 0x80001b08 (0xff658593) addi    a1, a1, -10
core   0: 3 0x80001b08 (0xff658593) x11 0xfffffff1
core   0: 0x80001b0c (0xff25dce3) bge     a1, s2, pc - 8
core   0: 3 0x80001b0c (0xff25dce3)
core   0: 0x80001b04 (0x272c7693) andi    a3, s8, 626
core   0: 3 0x80001b04 (0x272c7693) x13 0x00000000
core   0: 0x80001b08 (0xff658593) addi    a1, a1, -10
core   0: 3 0x80001b08 (0xff658593) x11 0xffffffe7
core   0: 0x80001b0c (0xff25dce3) bge     a1, s2, pc - 8
core   0: 3 0x80001b0c (0xff25dce3)
core   0: 0x80001b10 (0x68752293) slti    t0, a0, 1671
core   0: 3 0x80001b10 (0x68752293) x 5 0x00000001
core   0: 0x80001b14 (0xfcede6e3) bltu    s11, a4, pc - 52
core   0: 3 0x80001b14 (0xfcede6e3)
core   0: 0x80001b18 (0x008cfe33) and     t3, s9, s0
core   0: 3 0x80001b18 (0x008cfe33) x28 0x0000040e
core   0: 0x80001b1c (0x00a00c93) li      s9, 10
core   0: 3 0x80001b1c (0x00a00c93) x25 0x0000000a
core   0: 0x80001b20 (0x015fda13) srli    s4, t6, 21
core   0: 3 0x80001b20 (0x015fda13) x20 0x00000000
core   0: 0x80001b24 (0x01409593) slli    a1, ra, 20
core   0: 3 0x80001b24 (0x01409593) x11 0xfcb00000
core   0: 0x80001b28 (0x0ff0000f) fence   iorw,iorw
core   0: 3 0x80001b28 (0x0ff0000f)
core   0: 0x80001b2c (0x00ef9b33) sll     s6, t6, a4
core   0: 3 0x80001b2c (0x00ef9b33) x22 0x0024a000
core   0: 0x80001b30 (0x00d649b3) xor     s3, a2, a3
core   0: 3 0x80001b30 (0x00d649b3) x19 0xfffffc00
core   0: 0x80001b34 (0x00c00893) li      a7, 12
core   0: 3 0x80001b34 (0x00c00893) x17 0x0000000c
core   0: 0x80001b38 (0xec730f13) addi    t5, t1, -313
core   0: 3 0x80001b38 (0xec730f13) x30 0x1374137f
core   0: 0x80001b3c (0x7f107d93) andi    s11, zero, 2033
core   0: 3 0x80001b3c (0x7f107d93) x27 0x00000000
core   0: 0x80001b40 (0x002c8c93) addi    s9, s9, 2
core   0: 3 0x80001b40 (0x002c8c93) x25 0x0000000c
core   0: 0x80001b44 (0x00e99333) sll     t1, s3, a4
core   0: 3 0x80001b44 (0x00e99333) x 6 0xffc00000
core   0: 0x80001b48 (0x15f24313) xori    t1, tp, 351
core   0: 3 0x80001b48 (0x15f24313) x 6 0x00000235
core   0: 0x80001b4c (0x00000013) nop
core   0: 3 0x80001b4c (0x00000013)
core   0: 0x80001b50 (0x408dd193) srai    gp, s11, 8
core   0: 3 0x80001b50 (0x408dd193) x 3 0x00000000
core   0: 0x80001b54 (0x00ac5513) srli    a0, s8, 10
core   0: 3 0x80001b54 (0x00ac5513) x10 0x00000000
core   0: 0x80001b58 (0x0000100f) fence.i
core   0: 3 0x80001b58 (0x0000100f)
core   0: 0x80001b5c (0x00b52eb3) slt     t4, a0, a1
core   0: 3 0x80001b5c (0x00b52eb3) x29 0x00000000
core   0: 0x80001b60 (0x01a6be33) sltu    t3, a3, s10
core   0: 3 0x80001b60 (0x01a6be33) x28 0x00000001
core   0: 0x80001b64 (0xfd1c8ce3) beq     s9, a7, pc - 40
core   0: 3 0x80001b64 (0xfd1c8ce3)
core   0: 0x80001b3c (0x7f107d93) andi    s11, zero, 2033
core   0: 3 0x80001b3c (0x7f107d93) x27 0x00000000
core   0: 0x80001b40 (0x002c8c93) addi    s9, s9, 2
core   0: 3 0x80001b40 (0x002c8c93) x25 0x0000000e
core   0: 0x80001b44 (0x00e99333) sll     t1, s3, a4
core   0: 3 0x80001b44 (0x00e99333) x 6 0xffc00000
core   0: 0x80001b48 (0x15f24313) xori    t1, tp, 351
core   0: 3 0x80001b48 (0x15f24313) x 6 0x00000235
core   0: 0x80001b4c (0x00000013) nop
core   0: 3 0x80001b4c (0x00000013)
core   0: 0x80001b50 (0x408dd193) srai    gp, s11, 8
core   0: 3 0x80001b50 (0x408dd193) x 3 0x00000000
core   0: 0x80001b54 (0x00ac5513) srli    a0, s8, 10
core   0: 3 0x80001b54 (0x00ac5513) x10 0x00000000
core   0: 0x80001b58 (0x0000100f) fence.i
core   0: 3 0x80001b58 (0x0000100f)
core   0: 0x80001b5c (0x00b52eb3) slt     t4, a0, a1
core   0: 3 0x80001b5c (0x00b52eb3) x29 0x00000000
core   0: 0x80001b60 (0x01a6be33) sltu    t3, a3, s10
core   0: 3 0x80001b60 (0x01a6be33) x28 0x00000001
core   0: 0x80001b64 (0xfd1c8ce3) beq     s9, a7, pc - 40
core   0: 3 0x80001b64 (0xfd1c8ce3)
core   0: 0x80001b68 (0x00cb0433) add     s0, s6, a2
core   0: 3 0x80001b68 (0x00cb0433) x 8 0x00249c00
core   0: 0x80001b6c (0xff700713) li      a4, -9
core   0: 3 0x80001b6c (0xff700713) x14 0xfffffff7
core   0: 0x80001b70 (0x00600313) li      t1, 6
core   0: 3 0x80001b70 (0x00600313) x 6 0x00000006
core   0: 0x80001b74 (0x408b5413) srai    s0, s6, 8
core   0: 3 0x80001b74 (0x408b5413) x 8 0x000024a0
core   0: 0x80001b78 (0xb1563f13) sltiu   t5, a2, -1259
core   0: 3 0x80001b78 (0xb1563f13) x30 0x00000000
core   0: 0x80001b7c (0x00f3adb3) slt     s11, t2, a5
core   0: 3 0x80001b7c (0x00f3adb3) x27 0x00000001
core   0: 0x80001b80 (0x0616c893) xori    a7, a3, 97
core   0: 3 0x80001b80 (0x0616c893) x17 0x00000061
core   0: 0x80001b84 (0x2f85cc93) xori    s9, a1, 760
core   0: 3 0x80001b84 (0x2f85cc93) x25 0xfcb002f8
core   0: 0x80001b88 (0x0003f133) and     sp, t2, zero
core   0: 3 0x80001b88 (0x0003f133) x 2 0x00000000
core   0: 0x80001b8c (0x00670713) addi    a4, a4, 6
core   0: 3 0x80001b8c (0x00670713) x14 0xfffffffd
core   0: 0x80001b90 (0x00e16eb3) or      t4, sp, a4
core   0: 3 0x80001b90 (0x00e16eb3) x29 0xfffffffd
core   0: 0x80001b94 (0x00400513) li      a0, 4
core   0: 3 0x80001b94 (0x00400513) x10 0x00000004
core   0: 0x80001b98 (0x00d00a13) li      s4, 13
core   0: 3 0x80001b98 (0x00d00a13) x20 0x0000000d
core   0: 0x80001b9c (0x9912b293) sltiu   t0, t0, -1647
core   0: 3 0x80001b9c (0x9912b293) x 5 0x00000001
core   0: 0x80001ba0 (0x00950513) addi    a0, a0, 9
core   0: 3 0x80001ba0 (0x00950513) x10 0x0000000d
core   0: 0x80001ba4 (0xff451ce3) bne     a0, s4, pc - 8
core   0: 3 0x80001ba4 (0xff451ce3)
core   0: 0x80001ba8 (0x7734c213) xori    tp, s1, 1907
core   0: 3 0x80001ba8 (0x7734c213) x 4 0x80028b97
core   0: 0x80001bac (0xfc6768e3) bltu    a4, t1, pc - 48
core   0: 3 0x80001bac (0xfc6768e3)
core   0: 0x80001bb0 (0x00a7d793) srli    a5, a5, 10
core   0: 3 0x80001bb0 (0x00a7d793) x15 0x00000000
core   0: 0x80001bb4 (0x00800313) li      t1, 8
core   0: 3 0x80001bb4 (0x00800313) x 6 0x00000008
core   0: 0x80001bb8 (0x01f22c33) slt     s8, tp, t6
core   0: 3 0x80001bb8 (0x01f22c33) x24 0x00000001
core   0: 0x80001bbc (0x00b89533) sll     a0, a7, a1
core   0: 3 0x80001bbc (0x00b89533) x10 0x00000061
core   0: 0x80001bc0 (0x41905793) srai    a5, zero, 25
core   0: 3 0x80001bc0 (0x41905793) x15 0x00000000
core   0: 0x80001bc4 (0x4165dc93) srai    s9, a1, 22
core   0: 3 0x80001bc4 (0x4165dc93) x25 0xfffffff2
core   0: 0x80001bc8 (0x00000013) nop
core   0: 3 0x80001bc8 (0x00000013)
core   0: 0x80001bcc (0x00856b33) or      s6, a0, s0
core   0: 3 0x80001bcc (0x00856b33) x22 0x000024e1
core   0: 0x80001bd0 (0x01f67133) and     sp, a2, t6
core   0: 3 0x80001bd0 (0x01f67133) x 2 0x00000000
core   0: 0x80001bd4 (0x00900d93) li      s11, 9
core   0: 3 0x80001bd4 (0x00900d93) x27 0x00000009
core   0: 0x80001bd8 (0x01df6033) or      zero, t5, t4
core   0: 3 0x80001bd8 (0x01df6033)
core   0: 0x80001bdc (0x00000013) nop
core   0: 3 0x80001bdc (0x00000013)
core   0: 0x80001be0 (0x01a7dd13) srli    s10, a5, 26
core   0: 3 0x80001be0 (0x01a7dd13) x26 0x00000000
core   0: 0x80001be4 (0xf565f713) andi    a4, a1, -170
core   0: 3 0x80001be4 (0xf565f713) x14 0xfcb00000
core   0: 0x80001be8 (0x0118d133) srl     sp, a7, a7
core   0: 3 0x80001be8 (0x0118d133) x 2 0x00000030
core   0: 0x80001bec (0x010149b3) xor     s3, sp, a6
core   0: 3 0x80001bec (0x010149b3) x19 0xa52db030
core   0: 0x80001bf0 (0x003d0033) add     zero, s10, gp
core   0: 3 0x80001bf0 (0x003d0033)
core   0: 0x80001bf4 (0x1a155837) lui     a6, 0x1a155
core   0: 3 0x80001bf4 (0x1a155837) x16 0x1a155000
core   0: 0x80001bf8 (0xc9ace893) ori     a7, s9, -870
core   0: 3 0x80001bf8 (0xc9ace893) x17 0xfffffffa
core   0: 0x80001bfc (0x00161593) slli    a1, a2, 1
core   0: 3 0x80001bfc (0x00161593) x11 0xfffff800
core   0: 0x80001c00 (0x0038f133) and     sp, a7, gp
core   0: 3 0x80001c00 (0x0038f133) x 2 0x00000000
core   0: 0x80001c04 (0x00000013) nop
core   0: 3 0x80001c04 (0x00000013)
core   0: 0x80001c08 (0x76d64b13) xori    s6, a2, 1901
core   0: 3 0x80001c08 (0x76d64b13) x22 0xfffffb6d
core   0: 0x80001c0c (0x0000100f) fence.i
core   0: 3 0x80001c0c (0x0000100f)
core   0: 0x80001c10 (0x4683ef93) ori     t6, t2, 1128
core   0: 3 0x80001c10 (0x4683ef93) x31 0xfffffff9
core   0: 0x80001c14 (0x00130313) addi    t1, t1, 1
core   0: 3 0x80001c14 (0x00130313) x 6 0x00000009
core   0: 0x80001c18 (0x0ff0000f) fence   iorw,iorw
core   0: 3 0x80001c18 (0x0ff0000f)
core   0: 0x80001c1c (0xffb31ae3) bne     t1, s11, pc - 12
core   0: 3 0x80001c1c (0xffb31ae3)
core   0: 0x80001c20 (0x00c29a13) slli    s4, t0, 12
core   0: 3 0x80001c20 (0x00c29a13) x20 0x00001000
core   0: 0x80001c24 (0xffe00213) li      tp, -2
core   0: 3 0x80001c24 (0xffe00213) x 4 0xfffffffe
core   0: 0x80001c28 (0x01fa9633) sll     a2, s5, t6
core   0: 3 0x80001c28 (0x01fa9633) x12 0x76000000
core   0: 0x80001c2c (0x00000393) li      t2, 0
core   0: 3 0x80001c2c (0x00000393) x 7 0x00000000
core   0: 0x80001c30 (0xb3d3e593) ori     a1, t2, -1219
core   0: 3 0x80001c30 (0xb3d3e593) x11 0xfffffb3d
core   0: 0x80001c34 (0x00120213) addi    tp, tp, 1
core   0: 3 0x80001c34 (0x00120213) x 4 0xffffffff
core   0: 0x80001c38 (0x003de333) or      t1, s11, gp
core   0: 3 0x80001c38 (0x003de333) x 6 0x00000009
core   0: 0x80001c3c (0x0119f933) and     s2, s3, a7
core   0: 3 0x80001c3c (0x0119f933) x18 0xa52db030
core   0: 0x80001c40 (0xa7ddf993) andi    s3, s11, -1411
core   0: 3 0x80001c40 (0xa7ddf993) x19 0x00000009
core   0: 0x80001c44 (0xfe7206e3) beq     tp, t2, pc - 20
core   0: 3 0x80001c44 (0xfe7206e3)
core   0: 0x80001c48 (0x0ff0000f) fence   iorw,iorw
core   0: 3 0x80001c48 (0x0ff0000f)
core   0: 0x80001c4c (0x00800e13) li      t3, 8
core   0: 3 0x80001c4c (0x00800e13) x28 0x00000008
core   0: 0x80001c50 (0x41b35733) sra     a4, t1, s11
core   0: 3 0x80001c50 (0x41b35733) x14 0x00000000
core   0: 0x80001c54 (0x41f9d333) sra     t1, s3, t6
core   0: 3 0x80001c54 (0x41f9d333) x 6 0x00000000
core   0: 0x80001c58 (0x00d00393) li      t2, 13
core   0: 3 0x80001c58 (0x00d00393) x 7 0x0000000d
core   0: 0x80001c5c (0x521c2913) slti    s2, s8, 1313
core   0: 3 0x80001c5c (0x521c2913) x18 0x00000001
core   0: 0x80001c60 (0x01c865b3) or      a1, a6, t3
core   0: 3 0x80001c60 (0x01c865b3) x11 0x1a155008
core   0: 0x80001c64 (0x001e0e13) addi    t3, t3, 1
core   0: 3 0x80001c64 (0x001e0e13) x28 0x00000009
core   0: 0x80001c68 (0xfe7e1ce3) bne     t3, t2, pc - 8
core   0: 3 0x80001c68 (0xfe7e1ce3)
core   0: 0x80001c60 (0x01c865b3) or      a1, a6, t3
core   0: 3 0x80001c60 (0x01c865b3) x11 0x1a155009
core   0: 0x80001c64 (0x001e0e13) addi    t3, t3, 1
core   0: 3 0x80001c64 (0x001e0e13) x28 0x0000000a
core   0: 0x80001c68 (0xfe7e1ce3) bne     t3, t2, pc - 8
core   0: 3 0x80001c68 (0xfe7e1ce3)
core   0: 0x80001c60 (0x01c865b3) or      a1, a6, t3
core   0: 3 0x80001c60 (0x01c865b3) x11 0x1a15500a
core   0: 0x80001c64 (0x001e0e13) addi    t3, t3, 1
core   0: 3 0x80001c64 (0x001e0e13) x28 0x0000000b
core   0: 0x80001c68 (0xfe7e1ce3) bne     t3, t2, pc - 8
core   0: 3 0x80001c68 (0xfe7e1ce3)
core   0: 0x80001c60 (0x01c865b3) or      a1, a6, t3
core   0: 3 0x80001c60 (0x01c865b3) x11 0x1a15500b
core   0: 0x80001c64 (0x001e0e13) addi    t3, t3, 1
core   0: 3 0x80001c64 (0x001e0e13) x28 0x0000000c
core   0: 0x80001c68 (0xfe7e1ce3) bne     t3, t2, pc - 8
core   0: 3 0x80001c68 (0xfe7e1ce3)
core   0: 0x80001c60 (0x01c865b3) or      a1, a6, t3
core   0: 3 0x80001c60 (0x01c865b3) x11 0x1a15500c
core   0: 0x80001c64 (0x001e0e13) addi    t3, t3, 1
core   0: 3 0x80001c64 (0x001e0e13) x28 0x0000000d
core   0: 0x80001c68 (0xfe7e1ce3) bne     t3, t2, pc - 8
core   0: 3 0x80001c68 (0xfe7e1ce3)
core   0: 0x80001c6c (0x00e55593) srli    a1, a0, 14
core   0: 3 0x80001c6c (0x00e55593) x11 0x00000000
core   0: 0x80001c70 (0x00800713) li      a4, 8
core   0: 3 0x80001c70 (0x00800713) x14 0x00000008
core   0: 0x80001c74 (0x4133d433) sra     s0, t2, s3
core   0: 3 0x80001c74 (0x4133d433) x 8 0x00000000
core   0: 0x80001c78 (0x01a98b33) add     s6, s3, s10
core   0: 3 0x80001c78 (0x01a98b33) x22 0x00000009
core   0: 0x80001c7c (0x00e00c93) li      s9, 14
core   0: 3 0x80001c7c (0x00e00c93) x25 0x0000000e
core   0: 0x80001c80 (0x4f58d937) lui     s2, 0x4f58d
core   0: 3 0x80001c80 (0x4f58d937) x18 0x4f58d000
core   0: 0x80001c84 (0x00670713) addi    a4, a4, 6
core   0: 3 0x80001c84 (0x00670713) x14 0x0000000e
core   0: 0x80001c88 (0xea630113) addi    sp, t1, -346
core   0: 3 0x80001c88 (0xea630113) x 2 0xfffffea6
core   0: 0x80001c8c (0xff900513) li      a0, -7
core   0: 3 0x80001c8c (0xff900513) x10 0xfffffff9
core   0: 0x80001c90 (0x0000100f) fence.i
core   0: 3 0x80001c90 (0x0000100f)
core   0: 0x80001c94 (0x00900993) li      s3, 9
core   0: 3 0x80001c94 (0x00900993) x19 0x00000009
core   0: 0x80001c98 (0x0198fa33) and     s4, a7, s9
core   0: 3 0x80001c98 (0x0198fa33) x20 0x0000000a
core   0: 0x80001c9c (0x00150513) addi    a0, a0, 1
core   0: 3 0x80001c9c (0x00150513) x10 0xfffffffa
core   0: 0x80001ca0 (0x85017613) andi    a2, sp, -1968
core   0: 3 0x80001ca0 (0x85017613) x12 0xfffff800
core   0: 0x80001ca4 (0xff354ae3) blt     a0, s3, pc - 12
core   0: 3 0x80001ca4 (0xff354ae3)
core   0: 0x80001c98 (0x0198fa33) and     s4, a7, s9
core   0: 3 0x80001c98 (0x0198fa33) x20 0x0000000a
core   0: 0x80001c9c (0x00150513) addi    a0, a0, 1
core   0: 3 0x80001c9c (0x00150513) x10 0xfffffffb
core   0: 0x80001ca0 (0x85017613) andi    a2, sp, -1968
core   0: 3 0x80001ca0 (0x85017613) x12 0xfffff800
core   0: 0x80001ca4 (0xff354ae3) blt     a0, s3, pc - 12
core   0: 3 0x80001ca4 (0xff354ae3)
core   0: 0x80001c98 (0x0198fa33) and     s4, a7, s9
core   0: 3 0x80001c98 (0x0198fa33) x20 0x0000000a
core   0: 0x80001c9c (0x00150513) addi    a0, a0, 1
core   0: 3 0x80001c9c (0x00150513) x10 0xfffffffc
core   0: 0x80001ca0 (0x85017613) andi    a2, sp, -1968
core   0: 3 0x80001ca0 (0x85017613) x12 0xfffff800
core   0: 0x80001ca4 (0xff354ae3) blt     a0, s3, pc - 12
core   0: 3 0x80001ca4 (0xff354ae3)
core   0: 0x80001c98 (0x0198fa33) and     s4, a7, s9
core   0: 3 0x80001c98 (0x0198fa33) x20 0x0000000a
core   0: 0x80001c9c (0x00150513) addi    a0, a0, 1
core   0: 3 0x80001c9c (0x00150513) x10 0xfffffffd
core   0: 0x80001ca0 (0x85017613) andi    a2, sp, -1968
core   0: 3 0x80001ca0 (0x85017613) x12 0xfffff800
core   0: 0x80001ca4 (0xff354ae3) blt     a0, s3, pc - 12
core   0: 3 0x80001ca4 (0xff354ae3)
core   0: 0x80001c98 (0x0198fa33) and     s4, a7, s9
core   0: 3 0x80001c98 (0x0198fa33) x20 0x0000000a
core   0: 0x80001c9c (0x00150513) addi    a0, a0, 1
core   0: 3 0x80001c9c (0x00150513) x10 0xfffffffe
core   0: 0x80001ca0 (0x85017613) andi    a2, sp, -1968
core   0: 3 0x80001ca0 (0x85017613) x12 0xfffff800
core   0: 0x80001ca4 (0xff354ae3) blt     a0, s3, pc - 12
core   0: 3 0x80001ca4 (0xff354ae3)
core   0: 0x80001c98 (0x0198fa33) and     s4, a7, s9
core   0: 3 0x80001c98 (0x0198fa33) x20 0x0000000a
core   0: 0x80001c9c (0x00150513) addi    a0, a0, 1
core   0: 3 0x80001c9c (0x00150513) x10 0xffffffff
core   0: 0x80001ca0 (0x85017613) andi    a2, sp, -1968
core   0: 3 0x80001ca0 (0x85017613) x12 0xfffff800
core   0: 0x80001ca4 (0xff354ae3) blt     a0, s3, pc - 12
core   0: 3 0x80001ca4 (0xff354ae3)
core   0: 0x80001c98 (0x0198fa33) and     s4, a7, s9
core   0: 3 0x80001c98 (0x0198fa33) x20 0x0000000a
core   0: 0x80001c9c (0x00150513) addi    a0, a0, 1
core   0: 3 0x80001c9c (0x00150513) x10 0x00000000
core   0: 0x80001ca0 (0x85017613) andi    a2, sp, -1968
core   0: 3 0x80001ca0 (0x85017613) x12 0xfffff800
core   0: 0x80001ca4 (0xff354ae3) blt     a0, s3, pc - 12
core   0: 3 0x80001ca4 (0xff354ae3)
core   0: 0x80001c98 (0x0198fa33) and     s4, a7, s9
core   0: 3 0x80001c98 (0x0198fa33) x20 0x0000000a
core   0: 0x80001c9c (0x00150513) addi    a0, a0, 1
core   0: 3 0x80001c9c (0x00150513) x10 0x00000001
core   0: 0x80001ca0 (0x85017613) andi    a2, sp, -1968
core   0: 3 0x80001ca0 (0x85017613) x12 0xfffff800
core   0: 0x80001ca4 (0xff354ae3) blt     a0, s3, pc - 12
core   0: 3 0x80001ca4 (0xff354ae3)
core   0: 0x80001c98 (0x0198fa33) and     s4, a7, s9
core   0: 3 0x80001c98 (0x0198fa33) x20 0x0000000a
core   0: 0x80001c9c (0x00150513) addi    a0, a0, 1
core   0: 3 0x80001c9c (0x00150513) x10 0x00000002
core   0: 0x80001ca0 (0x85017613) andi    a2, sp, -1968
core   0: 3 0x80001ca0 (0x85017613) x12 0xfffff800
core   0: 0x80001ca4 (0xff354ae3) blt     a0, s3, pc - 12
core   0: 3 0x80001ca4 (0xff354ae3)
core   0: 0x80001c98 (0x0198fa33) and     s4, a7, s9
core   0: 3 0x80001c98 (0x0198fa33) x20 0x0000000a
core   0: 0x80001c9c (0x00150513) addi    a0, a0, 1
core   0: 3 0x80001c9c (0x00150513) x10 0x00000003
core   0: 0x80001ca0 (0x85017613) andi    a2, sp, -1968
core   0: 3 0x80001ca0 (0x85017613) x12 0xfffff800
core   0: 0x80001ca4 (0xff354ae3) blt     a0, s3, pc - 12
core   0: 3 0x80001ca4 (0xff354ae3)
core   0: 0x80001c98 (0x0198fa33) and     s4, a7, s9
core   0: 3 0x80001c98 (0x0198fa33) x20 0x0000000a
core   0: 0x80001c9c (0x00150513) addi    a0, a0, 1
core   0: 3 0x80001c9c (0x00150513) x10 0x00000004
core   0: 0x80001ca0 (0x85017613) andi    a2, sp, -1968
core   0: 3 0x80001ca0 (0x85017613) x12 0xfffff800
core   0: 0x80001ca4 (0xff354ae3) blt     a0, s3, pc - 12
core   0: 3 0x80001ca4 (0xff354ae3)
core   0: 0x80001c98 (0x0198fa33) and     s4, a7, s9
core   0: 3 0x80001c98 (0x0198fa33) x20 0x0000000a
core   0: 0x80001c9c (0x00150513) addi    a0, a0, 1
core   0: 3 0x80001c9c (0x00150513) x10 0x00000005
core   0: 0x80001ca0 (0x85017613) andi    a2, sp, -1968
core   0: 3 0x80001ca0 (0x85017613) x12 0xfffff800
core   0: 0x80001ca4 (0xff354ae3) blt     a0, s3, pc - 12
core   0: 3 0x80001ca4 (0xff354ae3)
core   0: 0x80001c98 (0x0198fa33) and     s4, a7, s9
core   0: 3 0x80001c98 (0x0198fa33) x20 0x0000000a
core   0: 0x80001c9c (0x00150513) addi    a0, a0, 1
core   0: 3 0x80001c9c (0x00150513) x10 0x00000006
core   0: 0x80001ca0 (0x85017613) andi    a2, sp, -1968
core   0: 3 0x80001ca0 (0x85017613) x12 0xfffff800
core   0: 0x80001ca4 (0xff354ae3) blt     a0, s3, pc - 12
core   0: 3 0x80001ca4 (0xff354ae3)
core   0: 0x80001c98 (0x0198fa33) and     s4, a7, s9
core   0: 3 0x80001c98 (0x0198fa33) x20 0x0000000a
core   0: 0x80001c9c (0x00150513) addi    a0, a0, 1
core   0: 3 0x80001c9c (0x00150513) x10 0x00000007
core   0: 0x80001ca0 (0x85017613) andi    a2, sp, -1968
core   0: 3 0x80001ca0 (0x85017613) x12 0xfffff800
core   0: 0x80001ca4 (0xff354ae3) blt     a0, s3, pc - 12
core   0: 3 0x80001ca4 (0xff354ae3)
core   0: 0x80001c98 (0x0198fa33) and     s4, a7, s9
core   0: 3 0x80001c98 (0x0198fa33) x20 0x0000000a
core   0: 0x80001c9c (0x00150513) addi    a0, a0, 1
core   0: 3 0x80001c9c (0x00150513) x10 0x00000008
core   0: 0x80001ca0 (0x85017613) andi    a2, sp, -1968
core   0: 3 0x80001ca0 (0x85017613) x12 0xfffff800
core   0: 0x80001ca4 (0xff354ae3) blt     a0, s3, pc - 12
core   0: 3 0x80001ca4 (0xff354ae3)
core   0: 0x80001c98 (0x0198fa33) and     s4, a7, s9
core   0: 3 0x80001c98 (0x0198fa33) x20 0x0000000a
core   0: 0x80001c9c (0x00150513) addi    a0, a0, 1
core   0: 3 0x80001c9c (0x00150513) x10 0x00000009
core   0: 0x80001ca0 (0x85017613) andi    a2, sp, -1968
core   0: 3 0x80001ca0 (0x85017613) x12 0xfffff800
core   0: 0x80001ca4 (0xff354ae3) blt     a0, s3, pc - 12
core   0: 3 0x80001ca4 (0xff354ae3)
core   0: 0x80001ca8 (0xfd974ce3) blt     a4, s9, pc - 40
core   0: 3 0x80001ca8 (0xfd974ce3)
core   0: 0x80001cac (0x01bd7133) and     sp, s10, s11
core   0: 3 0x80001cac (0x01bd7133) x 2 0x00000000
core   0: 0x80001cb0 (0xff700193) li      gp, -9
core   0: 3 0x80001cb0 (0xff700193) x 3 0xfffffff7
core   0: 0x80001cb4 (0xff100793) li      a5, -15
core   0: 3 0x80001cb4 (0xff100793) x15 0xfffffff1
core   0: 0x80001cb8 (0x0f808c93) addi    s9, ra, 248
core   0: 3 0x80001cb8 (0x0f808c93) x25 0xfdb020c3
core   0: 0x80001cbc (0xfff18193) addi    gp, gp, -1
core   0: 3 0x80001cbc (0xfff18193) x 3 0xfffffff6
core   0: 0x80001cc0 (0xffe00b13) li      s6, -2
core   0: 3 0x80001cc0 (0xffe00b13) x22 0xfffffffe
core   0: 0x80001cc4 (0xffd00313) li      t1, -3
core   0: 3 0x80001cc4 (0xffd00313) x 6 0xfffffffd
core   0: 0x80001cc8 (0xedf8b593) sltiu   a1, a7, -289
core   0: 3 0x80001cc8 (0xedf8b593) x11 0x00000000
core   0: 0x80001ccc (0xfffb0b13) addi    s6, s6, -1
core   0: 3 0x80001ccc (0xfffb0b13) x22 0xfffffffd
core   0: 0x80001cd0 (0xfe6b0ce3) beq     s6, t1, pc - 8
core   0: 3 0x80001cd0 (0xfe6b0ce3)
core   0: 0x80001cc8 (0xedf8b593) sltiu   a1, a7, -289
core   0: 3 0x80001cc8 (0xedf8b593) x11 0x00000000
core   0: 0x80001ccc (0xfffb0b13) addi    s6, s6, -1
core   0: 3 0x80001ccc (0xfffb0b13) x22 0xfffffffc
core   0: 0x80001cd0 (0xfe6b0ce3) beq     s6, t1, pc - 8
core   0: 3 0x80001cd0 (0xfe6b0ce3)
core   0: 0x80001cd4 (0xfef192e3) bne     gp, a5, pc - 28
core   0: 3 0x80001cd4 (0xfef192e3)
core   0: 0x80001cb8 (0x0f808c93) addi    s9, ra, 248
core   0: 3 0x80001cb8 (0x0f808c93) x25 0xfdb020c3
core   0: 0x80001cbc (0xfff18193) addi    gp, gp, -1
core   0: 3 0x80001cbc (0xfff18193) x 3 0xfffffff5
core   0: 0x80001cc0 (0xffe00b13) li      s6, -2
core   0: 3 0x80001cc0 (0xffe00b13) x22 0xfffffffe
core   0: 0x80001cc4 (0xffd00313) li      t1, -3
core   0: 3 0x80001cc4 (0xffd00313) x 6 0xfffffffd
core   0: 0x80001cc8 (0xedf8b593) sltiu   a1, a7, -289
core   0: 3 0x80001cc8 (0xedf8b593) x11 0x00000000
core   0: 0x80001ccc (0xfffb0b13) addi    s6, s6, -1
core   0: 3 0x80001ccc (0xfffb0b13) x22 0xfffffffd
core   0: 0x80001cd0 (0xfe6b0ce3) beq     s6, t1, pc - 8
core   0: 3 0x80001cd0 (0xfe6b0ce3)
core   0: 0x80001cc8 (0xedf8b593) sltiu   a1, a7, -289
core   0: 3 0x80001cc8 (0xedf8b593) x11 0x00000000
core   0: 0x80001ccc (0xfffb0b13) addi    s6, s6, -1
core   0: 3 0x80001ccc (0xfffb0b13) x22 0xfffffffc
core   0: 0x80001cd0 (0xfe6b0ce3) beq     s6, t1, pc - 8
core   0: 3 0x80001cd0 (0xfe6b0ce3)
core   0: 0x80001cd4 (0xfef192e3) bne     gp, a5, pc - 28
core   0: 3 0x80001cd4 (0xfef192e3)
core   0: 0x80001cb8 (0x0f808c93) addi    s9, ra, 248
core   0: 3 0x80001cb8 (0x0f808c93) x25 0xfdb020c3
core   0: 0x80001cbc (0xfff18193) addi    gp, gp, -1
core   0: 3 0x80001cbc (0xfff18193) x 3 0xfffffff4
core   0: 0x80001cc0 (0xffe00b13) li      s6, -2
core   0: 3 0x80001cc0 (0xffe00b13) x22 0xfffffffe
core   0: 0x80001cc4 (0xffd00313) li      t1, -3
core   0: 3 0x80001cc4 (0xffd00313) x 6 0xfffffffd
core   0: 0x80001cc8 (0xedf8b593) sltiu   a1, a7, -289
core   0: 3 0x80001cc8 (0xedf8b593) x11 0x00000000
core   0: 0x80001ccc (0xfffb0b13) addi    s6, s6, -1
core   0: 3 0x80001ccc (0xfffb0b13) x22 0xfffffffd
core   0: 0x80001cd0 (0xfe6b0ce3) beq     s6, t1, pc - 8
core   0: 3 0x80001cd0 (0xfe6b0ce3)
core   0: 0x80001cc8 (0xedf8b593) sltiu   a1, a7, -289
core   0: 3 0x80001cc8 (0xedf8b593) x11 0x00000000
core   0: 0x80001ccc (0xfffb0b13) addi    s6, s6, -1
core   0: 3 0x80001ccc (0xfffb0b13) x22 0xfffffffc
core   0: 0x80001cd0 (0xfe6b0ce3) beq     s6, t1, pc - 8
core   0: 3 0x80001cd0 (0xfe6b0ce3)
core   0: 0x80001cd4 (0xfef192e3) bne     gp, a5, pc - 28
core   0: 3 0x80001cd4 (0xfef192e3)
core   0: 0x80001cb8 (0x0f808c93) addi    s9, ra, 248
core   0: 3 0x80001cb8 (0x0f808c93) x25 0xfdb020c3
core   0: 0x80001cbc (0xfff18193) addi    gp, gp, -1
core   0: 3 0x80001cbc (0xfff18193) x 3 0xfffffff3
core   0: 0x80001cc0 (0xffe00b13) li      s6, -2
core   0: 3 0x80001cc0 (0xffe00b13) x22 0xfffffffe
core   0: 0x80001cc4 (0xffd00313) li      t1, -3
core   0: 3 0x80001cc4 (0xffd00313) x 6 0xfffffffd
core   0: 0x80001cc8 (0xedf8b593) sltiu   a1, a7, -289
core   0: 3 0x80001cc8 (0xedf8b593) x11 0x00000000
core   0: 0x80001ccc (0xfffb0b13) addi    s6, s6, -1
core   0: 3 0x80001ccc (0xfffb0b13) x22 0xfffffffd
core   0: 0x80001cd0 (0xfe6b0ce3) beq     s6, t1, pc - 8
core   0: 3 0x80001cd0 (0xfe6b0ce3)
core   0: 0x80001cc8 (0xedf8b593) sltiu   a1, a7, -289
core   0: 3 0x80001cc8 (0xedf8b593) x11 0x00000000
core   0: 0x80001ccc (0xfffb0b13) addi    s6, s6, -1
core   0: 3 0x80001ccc (0xfffb0b13) x22 0xfffffffc
core   0: 0x80001cd0 (0xfe6b0ce3) beq     s6, t1, pc - 8
core   0: 3 0x80001cd0 (0xfe6b0ce3)
core   0: 0x80001cd4 (0xfef192e3) bne     gp, a5, pc - 28
core   0: 3 0x80001cd4 (0xfef192e3)
core   0: 0x80001cb8 (0x0f808c93) addi    s9, ra, 248
core   0: 3 0x80001cb8 (0x0f808c93) x25 0xfdb020c3
core   0: 0x80001cbc (0xfff18193) addi    gp, gp, -1
core   0: 3 0x80001cbc (0xfff18193) x 3 0xfffffff2
core   0: 0x80001cc0 (0xffe00b13) li      s6, -2
core   0: 3 0x80001cc0 (0xffe00b13) x22 0xfffffffe
core   0: 0x80001cc4 (0xffd00313) li      t1, -3
core   0: 3 0x80001cc4 (0xffd00313) x 6 0xfffffffd
core   0: 0x80001cc8 (0xedf8b593) sltiu   a1, a7, -289
core   0: 3 0x80001cc8 (0xedf8b593) x11 0x00000000
core   0: 0x80001ccc (0xfffb0b13) addi    s6, s6, -1
core   0: 3 0x80001ccc (0xfffb0b13) x22 0xfffffffd
core   0: 0x80001cd0 (0xfe6b0ce3) beq     s6, t1, pc - 8
core   0: 3 0x80001cd0 (0xfe6b0ce3)
core   0: 0x80001cc8 (0xedf8b593) sltiu   a1, a7, -289
core   0: 3 0x80001cc8 (0xedf8b593) x11 0x00000000
core   0: 0x80001ccc (0xfffb0b13) addi    s6, s6, -1
core   0: 3 0x80001ccc (0xfffb0b13) x22 0xfffffffc
core   0: 0x80001cd0 (0xfe6b0ce3) beq     s6, t1, pc - 8
core   0: 3 0x80001cd0 (0xfe6b0ce3)
core   0: 0x80001cd4 (0xfef192e3) bne     gp, a5, pc - 28
core   0: 3 0x80001cd4 (0xfef192e3)
core   0: 0x80001cb8 (0x0f808c93) addi    s9, ra, 248
core   0: 3 0x80001cb8 (0x0f808c93) x25 0xfdb020c3
core   0: 0x80001cbc (0xfff18193) addi    gp, gp, -1
core   0: 3 0x80001cbc (0xfff18193) x 3 0xfffffff1
core   0: 0x80001cc0 (0xffe00b13) li      s6, -2
core   0: 3 0x80001cc0 (0xffe00b13) x22 0xfffffffe
core   0: 0x80001cc4 (0xffd00313) li      t1, -3
core   0: 3 0x80001cc4 (0xffd00313) x 6 0xfffffffd
core   0: 0x80001cc8 (0xedf8b593) sltiu   a1, a7, -289
core   0: 3 0x80001cc8 (0xedf8b593) x11 0x00000000
core   0: 0x80001ccc (0xfffb0b13) addi    s6, s6, -1
core   0: 3 0x80001ccc (0xfffb0b13) x22 0xfffffffd
core   0: 0x80001cd0 (0xfe6b0ce3) beq     s6, t1, pc - 8
core   0: 3 0x80001cd0 (0xfe6b0ce3)
core   0: 0x80001cc8 (0xedf8b593) sltiu   a1, a7, -289
core   0: 3 0x80001cc8 (0xedf8b593) x11 0x00000000
core   0: 0x80001ccc (0xfffb0b13) addi    s6, s6, -1
core   0: 3 0x80001ccc (0xfffb0b13) x22 0xfffffffc
core   0: 0x80001cd0 (0xfe6b0ce3) beq     s6, t1, pc - 8
core   0: 3 0x80001cd0 (0xfe6b0ce3)
core   0: 0x80001cd4 (0xfef192e3) bne     gp, a5, pc - 28
core   0: 3 0x80001cd4 (0xfef192e3)
core   0: 0x80001cd8 (0x5f67b393) sltiu   t2, a5, 1526
core   0: 3 0x80001cd8 (0x5f67b393) x 7 0x00000000
core   0: 0x80001cdc (0x00000e93) li      t4, 0
core   0: 3 0x80001cdc (0x00000e93) x29 0x00000000
core   0: 0x80001ce0 (0x4056dc93) srai    s9, a3, 5
core   0: 3 0x80001ce0 (0x4056dc93) x25 0x00000000
core   0: 0x80001ce4 (0x37d3b393) sltiu   t2, t2, 893
core   0: 3 0x80001ce4 (0x37d3b393) x 7 0x00000001
core   0: 0x80001ce8 (0x40cd50b3) sra     ra, s10, a2
core   0: 3 0x80001ce8 (0x40cd50b3) x 1 0x00000000
core   0: 0x80001cec (0x39a69fb7) lui     t6, 0x39a69
core   0: 3 0x80001cec (0x39a69fb7) x31 0x39a69000
core   0: 0x80001cf0 (0x6fee6697) auipc   a3, 0x6fee6
core   0: 3 0x80001cf0 (0x6fee6697) x13 0xefee7cf0
core   0: 0x80001cf4 (0x0195d893) srli    a7, a1, 25
core   0: 3 0x80001cf4 (0x0195d893) x17 0x00000000
core   0: 0x80001cf8 (0x0173dd33) srl     s10, t2, s7
core   0: 3 0x80001cf8 (0x0173dd33) x26 0x00000000
core   0: 0x80001cfc (0x003b5093) srli    ra, s6, 3
core   0: 3 0x80001cfc (0x003b5093) x 1 0x1fffffff
core   0: 0x80001d00 (0x006f1f93) slli    t6, t5, 6
core   0: 3 0x80001d00 (0x006f1f93) x31 0x00000000
core   0: 0x80001d04 (0x01100793) li      a5, 17
core   0: 3 0x80001d04 (0x01100793) x15 0x00000011
core   0: 0x80001d08 (0x01808833) add     a6, ra, s8
core   0: 3 0x80001d08 (0x01808833) x16 0x20000000
core   0: 0x80001d0c (0x001e8e93) addi    t4, t4, 1
core   0: 3 0x80001d0c (0x001e8e93) x29 0x00000001
core   0: 0x80001d10 (0x013ab2b3) sltu    t0, s5, s3
core   0: 3 0x80001d10 (0x013ab2b3) x 5 0x00000000
core   0: 0x80001d14 (0x00000013) nop
core   0: 3 0x80001d14 (0x00000013)
core   0: 0x80001d18 (0x01ba6cb3) or      s9, s4, s11
core   0: 3 0x80001d18 (0x01ba6cb3) x25 0x0000000b
core   0: 0x80001d1c (0x00000013) nop
core   0: 3 0x80001d1c (0x00000013)
core   0: 0x80001d20 (0x0077ecb3) or      s9, a5, t2
core   0: 3 0x80001d20 (0x0077ecb3) x25 0x00000011
core   0: 0x80001d24 (0x00ba2833) slt     a6, s4, a1
core   0: 3 0x80001d24 (0x00ba2833) x16 0x00000000
core   0: 0x80001d28 (0xc6418313) addi    t1, gp, -924
core   0: 3 0x80001d28 (0xc6418313) x 6 0xfffffc55
core   0: 0x80001d2c (0xfcfe9ee3) bne     t4, a5, pc - 36
core   0: 3 0x80001d2c (0xfcfe9ee3)
core   0: 0x80001d08 (0x01808833) add     a6, ra, s8
core   0: 3 0x80001d08 (0x01808833) x16 0x20000000
core   0: 0x80001d0c (0x001e8e93) addi    t4, t4, 1
core   0: 3 0x80001d0c (0x001e8e93) x29 0x00000002
core   0: 0x80001d10 (0x013ab2b3) sltu    t0, s5, s3
core   0: 3 0x80001d10 (0x013ab2b3) x 5 0x00000000
core   0: 0x80001d14 (0x00000013) nop
core   0: 3 0x80001d14 (0x00000013)
core   0: 0x80001d18 (0x01ba6cb3) or      s9, s4, s11
core   0: 3 0x80001d18 (0x01ba6cb3) x25 0x0000000b
core   0: 0x80001d1c (0x00000013) nop
core   0: 3 0x80001d1c (0x00000013)
core   0: 0x80001d20 (0x0077ecb3) or      s9, a5, t2
core   0: 3 0x80001d20 (0x0077ecb3) x25 0x00000011
core   0: 0x80001d24 (0x00ba2833) slt     a6, s4, a1
core   0: 3 0x80001d24 (0x00ba2833) x16 0x00000000
core   0: 0x80001d28 (0xc6418313) addi    t1, gp, -924
core   0: 3 0x80001d28 (0xc6418313) x 6 0xfffffc55
core   0: 0x80001d2c (0xfcfe9ee3) bne     t4, a5, pc - 36
core   0: 3 0x80001d2c (0xfcfe9ee3)
core   0: 0x80001d08 (0x01808833) add     a6, ra, s8
core   0: 3 0x80001d08 (0x01808833) x16 0x20000000
core   0: 0x80001d0c (0x001e8e93) addi    t4, t4, 1
core   0: 3 0x80001d0c (0x001e8e93) x29 0x00000003
core   0: 0x80001d10 (0x013ab2b3) sltu    t0, s5, s3
core   0: 3 0x80001d10 (0x013ab2b3) x 5 0x00000000
core   0: 0x80001d14 (0x00000013) nop
core   0: 3 0x80001d14 (0x00000013)
core   0: 0x80001d18 (0x01ba6cb3) or      s9, s4, s11
core   0: 3 0x80001d18 (0x01ba6cb3) x25 0x0000000b
core   0: 0x80001d1c (0x00000013) nop
core   0: 3 0x80001d1c (0x00000013)
core   0: 0x80001d20 (0x0077ecb3) or      s9, a5, t2
core   0: 3 0x80001d20 (0x0077ecb3) x25 0x00000011
core   0: 0x80001d24 (0x00ba2833) slt     a6, s4, a1
core   0: 3 0x80001d24 (0x00ba2833) x16 0x00000000
core   0: 0x80001d28 (0xc6418313) addi    t1, gp, -924
core   0: 3 0x80001d28 (0xc6418313) x 6 0xfffffc55
core   0: 0x80001d2c (0xfcfe9ee3) bne     t4, a5, pc - 36
core   0: 3 0x80001d2c (0xfcfe9ee3)
core   0: 0x80001d08 (0x01808833) add     a6, ra, s8
core   0: 3 0x80001d08 (0x01808833) x16 0x20000000
core   0: 0x80001d0c (0x001e8e93) addi    t4, t4, 1
core   0: 3 0x80001d0c (0x001e8e93) x29 0x00000004
core   0: 0x80001d10 (0x013ab2b3) sltu    t0, s5, s3
core   0: 3 0x80001d10 (0x013ab2b3) x 5 0x00000000
core   0: 0x80001d14 (0x00000013) nop
core   0: 3 0x80001d14 (0x00000013)
core   0: 0x80001d18 (0x01ba6cb3) or      s9, s4, s11
core   0: 3 0x80001d18 (0x01ba6cb3) x25 0x0000000b
core   0: 0x80001d1c (0x00000013) nop
core   0: 3 0x80001d1c (0x00000013)
core   0: 0x80001d20 (0x0077ecb3) or      s9, a5, t2
core   0: 3 0x80001d20 (0x0077ecb3) x25 0x00000011
core   0: 0x80001d24 (0x00ba2833) slt     a6, s4, a1
core   0: 3 0x80001d24 (0x00ba2833) x16 0x00000000
core   0: 0x80001d28 (0xc6418313) addi    t1, gp, -924
core   0: 3 0x80001d28 (0xc6418313) x 6 0xfffffc55
core   0: 0x80001d2c (0xfcfe9ee3) bne     t4, a5, pc - 36
core   0: 3 0x80001d2c (0xfcfe9ee3)
core   0: 0x80001d08 (0x01808833) add     a6, ra, s8
core   0: 3 0x80001d08 (0x01808833) x16 0x20000000
core   0: 0x80001d0c (0x001e8e93) addi    t4, t4, 1
core   0: 3 0x80001d0c (0x001e8e93) x29 0x00000005
core   0: 0x80001d10 (0x013ab2b3) sltu    t0, s5, s3
core   0: 3 0x80001d10 (0x013ab2b3) x 5 0x00000000
core   0: 0x80001d14 (0x00000013) nop
core   0: 3 0x80001d14 (0x00000013)
core   0: 0x80001d18 (0x01ba6cb3) or      s9, s4, s11
core   0: 3 0x80001d18 (0x01ba6cb3) x25 0x0000000b
core   0: 0x80001d1c (0x00000013) nop
core   0: 3 0x80001d1c (0x00000013)
core   0: 0x80001d20 (0x0077ecb3) or      s9, a5, t2
core   0: 3 0x80001d20 (0x0077ecb3) x25 0x00000011
core   0: 0x80001d24 (0x00ba2833) slt     a6, s4, a1
core   0: 3 0x80001d24 (0x00ba2833) x16 0x00000000
core   0: 0x80001d28 (0xc6418313) addi    t1, gp, -924
core   0: 3 0x80001d28 (0xc6418313) x 6 0xfffffc55
core   0: 0x80001d2c (0xfcfe9ee3) bne     t4, a5, pc - 36
core   0: 3 0x80001d2c (0xfcfe9ee3)
core   0: 0x80001d08 (0x01808833) add     a6, ra, s8
core   0: 3 0x80001d08 (0x01808833) x16 0x20000000
core   0: 0x80001d0c (0x001e8e93) addi    t4, t4, 1
core   0: 3 0x80001d0c (0x001e8e93) x29 0x00000006
core   0: 0x80001d10 (0x013ab2b3) sltu    t0, s5, s3
core   0: 3 0x80001d10 (0x013ab2b3) x 5 0x00000000
core   0: 0x80001d14 (0x00000013) nop
core   0: 3 0x80001d14 (0x00000013)
core   0: 0x80001d18 (0x01ba6cb3) or      s9, s4, s11
core   0: 3 0x80001d18 (0x01ba6cb3) x25 0x0000000b
core   0: 0x80001d1c (0x00000013) nop
core   0: 3 0x80001d1c (0x00000013)
core   0: 0x80001d20 (0x0077ecb3) or      s9, a5, t2
core   0: 3 0x80001d20 (0x0077ecb3) x25 0x00000011
core   0: 0x80001d24 (0x00ba2833) slt     a6, s4, a1
core   0: 3 0x80001d24 (0x00ba2833) x16 0x00000000
core   0: 0x80001d28 (0xc6418313) addi    t1, gp, -924
core   0: 3 0x80001d28 (0xc6418313) x 6 0xfffffc55
core   0: 0x80001d2c (0xfcfe9ee3) bne     t4, a5, pc - 36
core   0: 3 0x80001d2c (0xfcfe9ee3)
core   0: 0x80001d08 (0x01808833) add     a6, ra, s8
core   0: 3 0x80001d08 (0x01808833) x16 0x20000000
core   0: 0x80001d0c (0x001e8e93) addi    t4, t4, 1
core   0: 3 0x80001d0c (0x001e8e93) x29 0x00000007
core   0: 0x80001d10 (0x013ab2b3) sltu    t0, s5, s3
core   0: 3 0x80001d10 (0x013ab2b3) x 5 0x00000000
core   0: 0x80001d14 (0x00000013) nop
core   0: 3 0x80001d14 (0x00000013)
core   0: 0x80001d18 (0x01ba6cb3) or      s9, s4, s11
core   0: 3 0x80001d18 (0x01ba6cb3) x25 0x0000000b
core   0: 0x80001d1c (0x00000013) nop
core   0: 3 0x80001d1c (0x00000013)
core   0: 0x80001d20 (0x0077ecb3) or      s9, a5, t2
core   0: 3 0x80001d20 (0x0077ecb3) x25 0x00000011
core   0: 0x80001d24 (0x00ba2833) slt     a6, s4, a1
core   0: 3 0x80001d24 (0x00ba2833) x16 0x00000000
core   0: 0x80001d28 (0xc6418313) addi    t1, gp, -924
core   0: 3 0x80001d28 (0xc6418313) x 6 0xfffffc55
core   0: 0x80001d2c (0xfcfe9ee3) bne     t4, a5, pc - 36
core   0: 3 0x80001d2c (0xfcfe9ee3)
core   0: 0x80001d08 (0x01808833) add     a6, ra, s8
core   0: 3 0x80001d08 (0x01808833) x16 0x20000000
core   0: 0x80001d0c (0x001e8e93) addi    t4, t4, 1
core   0: 3 0x80001d0c (0x001e8e93) x29 0x00000008
core   0: 0x80001d10 (0x013ab2b3) sltu    t0, s5, s3
core   0: 3 0x80001d10 (0x013ab2b3) x 5 0x00000000
core   0: 0x80001d14 (0x00000013) nop
core   0: 3 0x80001d14 (0x00000013)
core   0: 0x80001d18 (0x01ba6cb3) or      s9, s4, s11
core   0: 3 0x80001d18 (0x01ba6cb3) x25 0x0000000b
core   0: 0x80001d1c (0x00000013) nop
core   0: 3 0x80001d1c (0x00000013)
core   0: 0x80001d20 (0x0077ecb3) or      s9, a5, t2
core   0: 3 0x80001d20 (0x0077ecb3) x25 0x00000011
core   0: 0x80001d24 (0x00ba2833) slt     a6, s4, a1
core   0: 3 0x80001d24 (0x00ba2833) x16 0x00000000
core   0: 0x80001d28 (0xc6418313) addi    t1, gp, -924
core   0: 3 0x80001d28 (0xc6418313) x 6 0xfffffc55
core   0: 0x80001d2c (0xfcfe9ee3) bne     t4, a5, pc - 36
core   0: 3 0x80001d2c (0xfcfe9ee3)
core   0: 0x80001d08 (0x01808833) add     a6, ra, s8
core   0: 3 0x80001d08 (0x01808833) x16 0x20000000
core   0: 0x80001d0c (0x001e8e93) addi    t4, t4, 1
core   0: 3 0x80001d0c (0x001e8e93) x29 0x00000009
core   0: 0x80001d10 (0x013ab2b3) sltu    t0, s5, s3
core   0: 3 0x80001d10 (0x013ab2b3) x 5 0x00000000
core   0: 0x80001d14 (0x00000013) nop
core   0: 3 0x80001d14 (0x00000013)
core   0: 0x80001d18 (0x01ba6cb3) or      s9, s4, s11
core   0: 3 0x80001d18 (0x01ba6cb3) x25 0x0000000b
core   0: 0x80001d1c (0x00000013) nop
core   0: 3 0x80001d1c (0x00000013)
core   0: 0x80001d20 (0x0077ecb3) or      s9, a5, t2
core   0: 3 0x80001d20 (0x0077ecb3) x25 0x00000011
core   0: 0x80001d24 (0x00ba2833) slt     a6, s4, a1
core   0: 3 0x80001d24 (0x00ba2833) x16 0x00000000
core   0: 0x80001d28 (0xc6418313) addi    t1, gp, -924
core   0: 3 0x80001d28 (0xc6418313) x 6 0xfffffc55
core   0: 0x80001d2c (0xfcfe9ee3) bne     t4, a5, pc - 36
core   0: 3 0x80001d2c (0xfcfe9ee3)
core   0: 0x80001d08 (0x01808833) add     a6, ra, s8
core   0: 3 0x80001d08 (0x01808833) x16 0x20000000
core   0: 0x80001d0c (0x001e8e93) addi    t4, t4, 1
core   0: 3 0x80001d0c (0x001e8e93) x29 0x0000000a
core   0: 0x80001d10 (0x013ab2b3) sltu    t0, s5, s3
core   0: 3 0x80001d10 (0x013ab2b3) x 5 0x00000000
core   0: 0x80001d14 (0x00000013) nop
core   0: 3 0x80001d14 (0x00000013)
core   0: 0x80001d18 (0x01ba6cb3) or      s9, s4, s11
core   0: 3 0x80001d18 (0x01ba6cb3) x25 0x0000000b
core   0: 0x80001d1c (0x00000013) nop
core   0: 3 0x80001d1c (0x00000013)
core   0: 0x80001d20 (0x0077ecb3) or      s9, a5, t2
core   0: 3 0x80001d20 (0x0077ecb3) x25 0x00000011
core   0: 0x80001d24 (0x00ba2833) slt     a6, s4, a1
core   0: 3 0x80001d24 (0x00ba2833) x16 0x00000000
core   0: 0x80001d28 (0xc6418313) addi    t1, gp, -924
core   0: 3 0x80001d28 (0xc6418313) x 6 0xfffffc55
core   0: 0x80001d2c (0xfcfe9ee3) bne     t4, a5, pc - 36
core   0: 3 0x80001d2c (0xfcfe9ee3)
core   0: 0x80001d08 (0x01808833) add     a6, ra, s8
core   0: 3 0x80001d08 (0x01808833) x16 0x20000000
core   0: 0x80001d0c (0x001e8e93) addi    t4, t4, 1
core   0: 3 0x80001d0c (0x001e8e93) x29 0x0000000b
core   0: 0x80001d10 (0x013ab2b3) sltu    t0, s5, s3
core   0: 3 0x80001d10 (0x013ab2b3) x 5 0x00000000
core   0: 0x80001d14 (0x00000013) nop
core   0: 3 0x80001d14 (0x00000013)
core   0: 0x80001d18 (0x01ba6cb3) or      s9, s4, s11
core   0: 3 0x80001d18 (0x01ba6cb3) x25 0x0000000b
core   0: 0x80001d1c (0x00000013) nop
core   0: 3 0x80001d1c (0x00000013)
core   0: 0x80001d20 (0x0077ecb3) or      s9, a5, t2
core   0: 3 0x80001d20 (0x0077ecb3) x25 0x00000011
core   0: 0x80001d24 (0x00ba2833) slt     a6, s4, a1
core   0: 3 0x80001d24 (0x00ba2833) x16 0x00000000
core   0: 0x80001d28 (0xc6418313) addi    t1, gp, -924
core   0: 3 0x80001d28 (0xc6418313) x 6 0xfffffc55
core   0: 0x80001d2c (0xfcfe9ee3) bne     t4, a5, pc - 36
core   0: 3 0x80001d2c (0xfcfe9ee3)
core   0: 0x80001d08 (0x01808833) add     a6, ra, s8
core   0: 3 0x80001d08 (0x01808833) x16 0x20000000
core   0: 0x80001d0c (0x001e8e93) addi    t4, t4, 1
core   0: 3 0x80001d0c (0x001e8e93) x29 0x0000000c
core   0: 0x80001d10 (0x013ab2b3) sltu    t0, s5, s3
core   0: 3 0x80001d10 (0x013ab2b3) x 5 0x00000000
core   0: 0x80001d14 (0x00000013) nop
core   0: 3 0x80001d14 (0x00000013)
core   0: 0x80001d18 (0x01ba6cb3) or      s9, s4, s11
core   0: 3 0x80001d18 (0x01ba6cb3) x25 0x0000000b
core   0: 0x80001d1c (0x00000013) nop
core   0: 3 0x80001d1c (0x00000013)
core   0: 0x80001d20 (0x0077ecb3) or      s9, a5, t2
core   0: 3 0x80001d20 (0x0077ecb3) x25 0x00000011
core   0: 0x80001d24 (0x00ba2833) slt     a6, s4, a1
core   0: 3 0x80001d24 (0x00ba2833) x16 0x00000000
core   0: 0x80001d28 (0xc6418313) addi    t1, gp, -924
core   0: 3 0x80001d28 (0xc6418313) x 6 0xfffffc55
core   0: 0x80001d2c (0xfcfe9ee3) bne     t4, a5, pc - 36
core   0: 3 0x80001d2c (0xfcfe9ee3)
core   0: 0x80001d08 (0x01808833) add     a6, ra, s8
core   0: 3 0x80001d08 (0x01808833) x16 0x20000000
core   0: 0x80001d0c (0x001e8e93) addi    t4, t4, 1
core   0: 3 0x80001d0c (0x001e8e93) x29 0x0000000d
core   0: 0x80001d10 (0x013ab2b3) sltu    t0, s5, s3
core   0: 3 0x80001d10 (0x013ab2b3) x 5 0x00000000
core   0: 0x80001d14 (0x00000013) nop
core   0: 3 0x80001d14 (0x00000013)
core   0: 0x80001d18 (0x01ba6cb3) or      s9, s4, s11
core   0: 3 0x80001d18 (0x01ba6cb3) x25 0x0000000b
core   0: 0x80001d1c (0x00000013) nop
core   0: 3 0x80001d1c (0x00000013)
core   0: 0x80001d20 (0x0077ecb3) or      s9, a5, t2
core   0: 3 0x80001d20 (0x0077ecb3) x25 0x00000011
core   0: 0x80001d24 (0x00ba2833) slt     a6, s4, a1
core   0: 3 0x80001d24 (0x00ba2833) x16 0x00000000
core   0: 0x80001d28 (0xc6418313) addi    t1, gp, -924
core   0: 3 0x80001d28 (0xc6418313) x 6 0xfffffc55
core   0: 0x80001d2c (0xfcfe9ee3) bne     t4, a5, pc - 36
core   0: 3 0x80001d2c (0xfcfe9ee3)
core   0: 0x80001d08 (0x01808833) add     a6, ra, s8
core   0: 3 0x80001d08 (0x01808833) x16 0x20000000
core   0: 0x80001d0c (0x001e8e93) addi    t4, t4, 1
core   0: 3 0x80001d0c (0x001e8e93) x29 0x0000000e
core   0: 0x80001d10 (0x013ab2b3) sltu    t0, s5, s3
core   0: 3 0x80001d10 (0x013ab2b3) x 5 0x00000000
core   0: 0x80001d14 (0x00000013) nop
core   0: 3 0x80001d14 (0x00000013)
core   0: 0x80001d18 (0x01ba6cb3) or      s9, s4, s11
core   0: 3 0x80001d18 (0x01ba6cb3) x25 0x0000000b
core   0: 0x80001d1c (0x00000013) nop
core   0: 3 0x80001d1c (0x00000013)
core   0: 0x80001d20 (0x0077ecb3) or      s9, a5, t2
core   0: 3 0x80001d20 (0x0077ecb3) x25 0x00000011
core   0: 0x80001d24 (0x00ba2833) slt     a6, s4, a1
core   0: 3 0x80001d24 (0x00ba2833) x16 0x00000000
core   0: 0x80001d28 (0xc6418313) addi    t1, gp, -924
core   0: 3 0x80001d28 (0xc6418313) x 6 0xfffffc55
core   0: 0x80001d2c (0xfcfe9ee3) bne     t4, a5, pc - 36
core   0: 3 0x80001d2c (0xfcfe9ee3)
core   0: 0x80001d08 (0x01808833) add     a6, ra, s8
core   0: 3 0x80001d08 (0x01808833) x16 0x20000000
core   0: 0x80001d0c (0x001e8e93) addi    t4, t4, 1
core   0: 3 0x80001d0c (0x001e8e93) x29 0x0000000f
core   0: 0x80001d10 (0x013ab2b3) sltu    t0, s5, s3
core   0: 3 0x80001d10 (0x013ab2b3) x 5 0x00000000
core   0: 0x80001d14 (0x00000013) nop
core   0: 3 0x80001d14 (0x00000013)
core   0: 0x80001d18 (0x01ba6cb3) or      s9, s4, s11
core   0: 3 0x80001d18 (0x01ba6cb3) x25 0x0000000b
core   0: 0x80001d1c (0x00000013) nop
core   0: 3 0x80001d1c (0x00000013)
core   0: 0x80001d20 (0x0077ecb3) or      s9, a5, t2
core   0: 3 0x80001d20 (0x0077ecb3) x25 0x00000011
core   0: 0x80001d24 (0x00ba2833) slt     a6, s4, a1
core   0: 3 0x80001d24 (0x00ba2833) x16 0x00000000
core   0: 0x80001d28 (0xc6418313) addi    t1, gp, -924
core   0: 3 0x80001d28 (0xc6418313) x 6 0xfffffc55
core   0: 0x80001d2c (0xfcfe9ee3) bne     t4, a5, pc - 36
core   0: 3 0x80001d2c (0xfcfe9ee3)
core   0: 0x80001d08 (0x01808833) add     a6, ra, s8
core   0: 3 0x80001d08 (0x01808833) x16 0x20000000
core   0: 0x80001d0c (0x001e8e93) addi    t4, t4, 1
core   0: 3 0x80001d0c (0x001e8e93) x29 0x00000010
core   0: 0x80001d10 (0x013ab2b3) sltu    t0, s5, s3
core   0: 3 0x80001d10 (0x013ab2b3) x 5 0x00000000
core   0: 0x80001d14 (0x00000013) nop
core   0: 3 0x80001d14 (0x00000013)
core   0: 0x80001d18 (0x01ba6cb3) or      s9, s4, s11
core   0: 3 0x80001d18 (0x01ba6cb3) x25 0x0000000b
core   0: 0x80001d1c (0x00000013) nop
core   0: 3 0x80001d1c (0x00000013)
core   0: 0x80001d20 (0x0077ecb3) or      s9, a5, t2
core   0: 3 0x80001d20 (0x0077ecb3) x25 0x00000011
core   0: 0x80001d24 (0x00ba2833) slt     a6, s4, a1
core   0: 3 0x80001d24 (0x00ba2833) x16 0x00000000
core   0: 0x80001d28 (0xc6418313) addi    t1, gp, -924
core   0: 3 0x80001d28 (0xc6418313) x 6 0xfffffc55
core   0: 0x80001d2c (0xfcfe9ee3) bne     t4, a5, pc - 36
core   0: 3 0x80001d2c (0xfcfe9ee3)
core   0: 0x80001d08 (0x01808833) add     a6, ra, s8
core   0: 3 0x80001d08 (0x01808833) x16 0x20000000
core   0: 0x80001d0c (0x001e8e93) addi    t4, t4, 1
core   0: 3 0x80001d0c (0x001e8e93) x29 0x00000011
core   0: 0x80001d10 (0x013ab2b3) sltu    t0, s5, s3
core   0: 3 0x80001d10 (0x013ab2b3) x 5 0x00000000
core   0: 0x80001d14 (0x00000013) nop
core   0: 3 0x80001d14 (0x00000013)
core   0: 0x80001d18 (0x01ba6cb3) or      s9, s4, s11
core   0: 3 0x80001d18 (0x01ba6cb3) x25 0x0000000b
core   0: 0x80001d1c (0x00000013) nop
core   0: 3 0x80001d1c (0x00000013)
core   0: 0x80001d20 (0x0077ecb3) or      s9, a5, t2
core   0: 3 0x80001d20 (0x0077ecb3) x25 0x00000011
core   0: 0x80001d24 (0x00ba2833) slt     a6, s4, a1
core   0: 3 0x80001d24 (0x00ba2833) x16 0x00000000
core   0: 0x80001d28 (0xc6418313) addi    t1, gp, -924
core   0: 3 0x80001d28 (0xc6418313) x 6 0xfffffc55
core   0: 0x80001d2c (0xfcfe9ee3) bne     t4, a5, pc - 36
core   0: 3 0x80001d2c (0xfcfe9ee3)
core   0: 0x80001d30 (0x0162c5b3) xor     a1, t0, s6
core   0: 3 0x80001d30 (0x0162c5b3) x11 0xfffffffc
core   0: 0x80001d34 (0x00100613) li      a2, 1
core   0: 3 0x80001d34 (0x00100613) x12 0x00000001
core   0: 0x80001d38 (0x01379293) slli    t0, a5, 19
core   0: 3 0x80001d38 (0x01379293) x 5 0x00880000
core   0: 0x80001d3c (0x68056d13) ori     s10, a0, 1664
core   0: 3 0x80001d3c (0x68056d13) x26 0x00000689
core   0: 0x80001d40 (0x0000100f) fence.i
core   0: 3 0x80001d40 (0x0000100f)
core   0: 0x80001d44 (0x007d7933) and     s2, s10, t2
core   0: 3 0x80001d44 (0x007d7933) x18 0x00000001
core   0: 0x80001d48 (0x00c76933) or      s2, a4, a2
core   0: 3 0x80001d48 (0x00c76933) x18 0x0000000f
core   0: 0x80001d4c (0x000a07b3) add     a5, s4, zero
core   0: 3 0x80001d4c (0x000a07b3) x15 0x0000000a
core   0: 0x80001d50 (0x00981213) slli    tp, a6, 9
core   0: 3 0x80001d50 (0x00981213) x 4 0x00000000
core   0: 0x80001d54 (0xb4b06993) ori     s3, zero, -1205
core   0: 3 0x80001d54 (0xb4b06993) x19 0xfffffb4b
core   0: 0x80001d58 (0xffd00c13) li      s8, -3
core   0: 3 0x80001d58 (0xffd00c13) x24 0xfffffffd
core   0: 0x80001d5c (0x011e1d33) sll     s10, t3, a7
core   0: 3 0x80001d5c (0x011e1d33) x26 0x0000000d
core   0: 0x80001d60 (0xa66536b7) lui     a3, 0xa6653
core   0: 3 0x80001d60 (0xa66536b7) x13 0xa6653000
core   0: 0x80001d64 (0x406a0e33) sub     t3, s4, t1
core   0: 3 0x80001d64 (0x406a0e33) x28 0x000003b5
core   0: 0x80001d68 (0x00043cb3) sltu    s9, s0, zero
core   0: 3 0x80001d68 (0x00043cb3) x25 0x00000000
core   0: 0x80001d6c (0x568333b7) lui     t2, 0x56833
core   0: 3 0x80001d6c (0x568333b7) x 7 0x56833000
core   0: 0x80001d70 (0xe4ae3913) sltiu   s2, t3, -438
core   0: 3 0x80001d70 (0xe4ae3913) x18 0x00000001
core   0: 0x80001d74 (0xffd60613) addi    a2, a2, -3
core   0: 3 0x80001d74 (0xffd60613) x12 0xfffffffe
core   0: 0x80001d78 (0x2b8abf93) sltiu   t6, s5, 696
core   0: 3 0x80001d78 (0x2b8abf93) x31 0x00000000
core   0: 0x80001d7c (0x00bfb533) sltu    a0, t6, a1
core   0: 3 0x80001d7c (0x00bfb533) x10 0x00000001
core   0: 0x80001d80 (0x0069c833) xor     a6, s3, t1
core   0: 3 0x80001d80 (0x0069c833) x16 0x0000071e
core   0: 0x80001d84 (0x00a7d9b3) srl     s3, a5, a0
core   0: 3 0x80001d84 (0x00a7d9b3) x19 0x00000005
core   0: 0x80001d88 (0xff8652e3) bge     a2, s8, pc - 28
core   0: 3 0x80001d88 (0xff8652e3)
core   0: 0x80001d6c (0x568333b7) lui     t2, 0x56833
core   0: 3 0x80001d6c (0x568333b7) x 7 0x56833000
core   0: 0x80001d70 (0xe4ae3913) sltiu   s2, t3, -438
core   0: 3 0x80001d70 (0xe4ae3913) x18 0x00000001
core   0: 0x80001d74 (0xffd60613) addi    a2, a2, -3
core   0: 3 0x80001d74 (0xffd60613) x12 0xfffffffb
core   0: 0x80001d78 (0x2b8abf93) sltiu   t6, s5, 696
core   0: 3 0x80001d78 (0x2b8abf93) x31 0x00000000
core   0: 0x80001d7c (0x00bfb533) sltu    a0, t6, a1
core   0: 3 0x80001d7c (0x00bfb533) x10 0x00000001
core   0: 0x80001d80 (0x0069c833) xor     a6, s3, t1
core   0: 3 0x80001d80 (0x0069c833) x16 0xfffffc50
core   0: 0x80001d84 (0x00a7d9b3) srl     s3, a5, a0
core   0: 3 0x80001d84 (0x00a7d9b3) x19 0x00000005
core   0: 0x80001d88 (0xff8652e3) bge     a2, s8, pc - 28
core   0: 3 0x80001d88 (0xff8652e3)
core   0: 0x80001d8c (0x01342433) slt     s0, s0, s3
core   0: 3 0x80001d8c (0x01342433) x 8 0x00000001
core   0: 0x80001d90 (0xff800213) li      tp, -8
core   0: 3 0x80001d90 (0xff800213) x 4 0xfffffff8
core   0: 0x80001d94 (0xff200513) li      a0, -14
core   0: 3 0x80001d94 (0xff200513) x10 0xfffffff2
core   0: 0x80001d98 (0x01f566b3) or      a3, a0, t6
core   0: 3 0x80001d98 (0x01f566b3) x13 0xfffffff2
core   0: 0x80001d9c (0x009f26b3) slt     a3, t5, s1
core   0: 3 0x80001d9c (0x009f26b3) x13 0x00000000
core   0: 0x80001da0 (0x00000013) nop
core   0: 3 0x80001da0 (0x00000013)
core   0: 0x80001da4 (0x00bd5b13) srli    s6, s10, 11
core   0: 3 0x80001da4 (0x00bd5b13) x22 0x00000000
core   0: 0x80001da8 (0xffa20213) addi    tp, tp, -6
core   0: 3 0x80001da8 (0xffa20213) x 4 0xfffffff2
core   0: 0x80001dac (0x8e612f93) slti    t6, sp, -1818
core   0: 3 0x80001dac (0x8e612f93) x31 0x00000000
core   0: 0x80001db0 (0xb2183d93) sltiu   s11, a6, -1247
core   0: 3 0x80001db0 (0xb2183d93) x27 0x00000000
core   0: 0x80001db4 (0x00900793) li      a5, 9
core   0: 3 0x80001db4 (0x00900793) x15 0x00000009
core   0: 0x80001db8 (0x08cb8013) addi    zero, s7, 140
core   0: 3 0x80001db8 (0x08cb8013)
core   0: 0x80001dbc (0xff100293) li      t0, -15
core   0: 3 0x80001dbc (0xff100293) x 5 0xfffffff1
core   0: 0x80001dc0 (0x00ee49b3) xor     s3, t3, a4
core   0: 3 0x80001dc0 (0x00ee49b3) x19 0x000003bb
core   0: 0x80001dc4 (0x671bd617) auipc   a2, 0x671bd
core   0: 3 0x80001dc4 (0x671bd617) x12 0xe71bedc4
core   0: 0x80001dc8 (0xffa78793) addi    a5, a5, -6
core   0: 3 0x80001dc8 (0xffa78793) x15 0x00000003
core   0: 0x80001dcc (0x01b943b3) xor     t2, s2, s11
core   0: 3 0x80001dcc (0x01b943b3) x 7 0x00000001
core   0: 0x80001dd0 (0xfe578ae3) beq     a5, t0, pc - 12
core   0: 3 0x80001dd0 (0xfe578ae3)
core   0: 0x80001dd4 (0x14c27d97) auipc   s11, 0x14c27
core   0: 3 0x80001dd4 (0x14c27d97) x27 0x94c28dd4
core   0: 0x80001dd8 (0xdb96fb13) andi    s6, a3, -583
core   0: 3 0x80001dd8 (0xdb96fb13) x22 0x00000000
core   0: 0x80001ddc (0x1a3a2d93) slti    s11, s4, 419
core   0: 3 0x80001ddc (0x1a3a2d93) x27 0x00000001
core   0: 0x80001de0 (0xfca210e3) bne     tp, a0, pc - 64
core   0: 3 0x80001de0 (0xfca210e3)
core   0: 0x80001de4 (0x015d6fb3) or      t6, s10, s5
core   0: 3 0x80001de4 (0x015d6fb3) x31 0xfdb012bf
core   0: 0x80001de8 (0x00400513) li      a0, 4
core   0: 3 0x80001de8 (0x00400513) x10 0x00000004
core   0: 0x80001dec (0xff000293) li      t0, -16
core   0: 3 0x80001dec (0xff000293) x 5 0xfffffff0
core   0: 0x80001df0 (0x00a81713) slli    a4, a6, 10
core   0: 3 0x80001df0 (0x00a81713) x14 0xfff14000
core   0: 0x80001df4 (0x74f57b13) andi    s6, a0, 1871
core   0: 3 0x80001df4 (0x74f57b13) x22 0x00000004
core   0: 0x80001df8 (0x00000013) nop
core   0: 3 0x80001df8 (0x00000013)
core   0: 0x80001dfc (0xffc50513) addi    a0, a0, -4
core   0: 3 0x80001dfc (0xffc50513) x10 0x00000000
core   0: 0x80001e00 (0x149ac413) xori    s0, s5, 329
core   0: 3 0x80001e00 (0x149ac413) x 8 0xfdb013f2
core   0: 0x80001e04 (0xfe5518e3) bne     a0, t0, pc - 16
core   0: 3 0x80001e04 (0xfe5518e3)
core   0: 0x80001df4 (0x74f57b13) andi    s6, a0, 1871
core   0: 3 0x80001df4 (0x74f57b13) x22 0x00000000
core   0: 0x80001df8 (0x00000013) nop
core   0: 3 0x80001df8 (0x00000013)
core   0: 0x80001dfc (0xffc50513) addi    a0, a0, -4
core   0: 3 0x80001dfc (0xffc50513) x10 0xfffffffc
core   0: 0x80001e00 (0x149ac413) xori    s0, s5, 329
core   0: 3 0x80001e00 (0x149ac413) x 8 0xfdb013f2
core   0: 0x80001e04 (0xfe5518e3) bne     a0, t0, pc - 16
core   0: 3 0x80001e04 (0xfe5518e3)
core   0: 0x80001df4 (0x74f57b13) andi    s6, a0, 1871
core   0: 3 0x80001df4 (0x74f57b13) x22 0x0000074c
core   0: 0x80001df8 (0x00000013) nop
core   0: 3 0x80001df8 (0x00000013)
core   0: 0x80001dfc (0xffc50513) addi    a0, a0, -4
core   0: 3 0x80001dfc (0xffc50513) x10 0xfffffff8
core   0: 0x80001e00 (0x149ac413) xori    s0, s5, 329
core   0: 3 0x80001e00 (0x149ac413) x 8 0xfdb013f2
core   0: 0x80001e04 (0xfe5518e3) bne     a0, t0, pc - 16
core   0: 3 0x80001e04 (0xfe5518e3)
core   0: 0x80001df4 (0x74f57b13) andi    s6, a0, 1871
core   0: 3 0x80001df4 (0x74f57b13) x22 0x00000748
core   0: 0x80001df8 (0x00000013) nop
core   0: 3 0x80001df8 (0x00000013)
core   0: 0x80001dfc (0xffc50513) addi    a0, a0, -4
core   0: 3 0x80001dfc (0xffc50513) x10 0xfffffff4
core   0: 0x80001e00 (0x149ac413) xori    s0, s5, 329
core   0: 3 0x80001e00 (0x149ac413) x 8 0xfdb013f2
core   0: 0x80001e04 (0xfe5518e3) bne     a0, t0, pc - 16
core   0: 3 0x80001e04 (0xfe5518e3)
core   0: 0x80001df4 (0x74f57b13) andi    s6, a0, 1871
core   0: 3 0x80001df4 (0x74f57b13) x22 0x00000744
core   0: 0x80001df8 (0x00000013) nop
core   0: 3 0x80001df8 (0x00000013)
core   0: 0x80001dfc (0xffc50513) addi    a0, a0, -4
core   0: 3 0x80001dfc (0xffc50513) x10 0xfffffff0
core   0: 0x80001e00 (0x149ac413) xori    s0, s5, 329
core   0: 3 0x80001e00 (0x149ac413) x 8 0xfdb013f2
core   0: 0x80001e04 (0xfe5518e3) bne     a0, t0, pc - 16
core   0: 3 0x80001e04 (0xfe5518e3)
core   0: 0x80001e08 (0x01620733) add     a4, tp, s6
core   0: 3 0x80001e08 (0x01620733) x14 0x00000736
core   0: 0x80001e0c (0x00a00613) li      a2, 10
core   0: 3 0x80001e0c (0x00a00613) x12 0x0000000a
core   0: 0x80001e10 (0xcdbea113) slti    sp, t4, -805
core   0: 3 0x80001e10 (0xcdbea113) x 2 0x00000000
core   0: 0x80001e14 (0x411ad533) sra     a0, s5, a7
core   0: 3 0x80001e14 (0x411ad533) x10 0xfdb012bb
core   0: 0x80001e18 (0x00000013) nop
core   0: 3 0x80001e18 (0x00000013)
core   0: 0x80001e1c (0x00500893) li      a7, 5
core   0: 3 0x80001e1c (0x00500893) x17 0x00000005
core   0: 0x80001e20 (0x38548f93) addi    t6, s1, 901
core   0: 3 0x80001e20 (0x38548f93) x31 0x80029069
core   0: 0x80001e24 (0xffd60613) addi    a2, a2, -3
core   0: 3 0x80001e24 (0xffd60613) x12 0x00000007
core   0: 0x80001e28 (0x72767f93) andi    t6, a2, 1831
core   0: 3 0x80001e28 (0x72767f93) x31 0x00000007
core   0: 0x80001e2c (0x01fa1e13) slli    t3, s4, 31
core   0: 3 0x80001e2c (0x01fa1e13) x28 0x00000000
core   0: 0x80001e30 (0x0062a7b3) slt     a5, t0, t1
core   0: 3 0x80001e30 (0x0062a7b3) x15 0x00000000
core   0: 0x80001e34 (0xff1676e3) bgeu    a2, a7, pc - 20
core   0: 3 0x80001e34 (0xff1676e3)
core   0: 0x80001e20 (0x38548f93) addi    t6, s1, 901
core   0: 3 0x80001e20 (0x38548f93) x31 0x80029069
core   0: 0x80001e24 (0xffd60613) addi    a2, a2, -3
core   0: 3 0x80001e24 (0xffd60613) x12 0x00000004
core   0: 0x80001e28 (0x72767f93) andi    t6, a2, 1831
core   0: 3 0x80001e28 (0x72767f93) x31 0x00000004
core   0: 0x80001e2c (0x01fa1e13) slli    t3, s4, 31
core   0: 3 0x80001e2c (0x01fa1e13) x28 0x00000000
core   0: 0x80001e30 (0x0062a7b3) slt     a5, t0, t1
core   0: 3 0x80001e30 (0x0062a7b3) x15 0x00000000
core   0: 0x80001e34 (0xff1676e3) bgeu    a2, a7, pc - 20
core   0: 3 0x80001e34 (0xff1676e3)
core   0: 0x80001e38 (0x014fedb3) or      s11, t6, s4
core   0: 3 0x80001e38 (0x014fedb3) x27 0x0000000e
core   0: 0x80001e3c (0xff800693) li      a3, -8
core   0: 3 0x80001e3c (0xff800693) x13 0xfffffff8
core   0: 0x80001e40 (0x56b10c93) addi    s9, sp, 1387
core   0: 3 0x80001e40 (0x56b10c93) x25 0x0000056b
core   0: 0x80001e44 (0xc11ec413) xori    s0, t4, -1007
core   0: 3 0x80001e44 (0xc11ec413) x 8 0xfffffc00
core   0: 0x80001e48 (0x01105f33) srl     t5, zero, a7
core   0: 3 0x80001e48 (0x01105f33) x30 0x00000000
core   0: 0x80001e4c (0x01418cb3) add     s9, gp, s4
core   0: 3 0x80001e4c (0x01418cb3) x25 0xfffffffb
core   0: 0x80001e50 (0x0000100f) fence.i
core   0: 3 0x80001e50 (0x0000100f)
core   0: 0x80001e54 (0x00d58db3) add     s11, a1, a3
core   0: 3 0x80001e54 (0x00d58db3) x27 0xfffffff4
core   0: 0x80001e58 (0x00d00e13) li      t3, 13
core   0: 3 0x80001e58 (0x00d00e13) x28 0x0000000d
core   0: 0x80001e5c (0xfd857013) andi    zero, a0, -40
core   0: 3 0x80001e5c (0xfd857013)
core   0: 0x80001e60 (0x004f1b33) sll     s6, t5, tp
core   0: 3 0x80001e60 (0x004f1b33) x22 0x00000000
core   0: 0x80001e64 (0x31fde413) ori     s0, s11, 799
core   0: 3 0x80001e64 (0x31fde413) x 8 0xffffffff
core   0: 0x80001e68 (0x00168693) addi    a3, a3, 1
core   0: 3 0x80001e68 (0x00168693) x13 0xfffffff9
core   0: 0x80001e6c (0x0178fcb3) and     s9, a7, s7
core   0: 3 0x80001e6c (0x0178fcb3) x25 0x00000004
core   0: 0x80001e70 (0xffc6cae3) blt     a3, t3, pc - 12
core   0: 3 0x80001e70 (0xffc6cae3)
core   0: 0x80001e64 (0x31fde413) ori     s0, s11, 799
core   0: 3 0x80001e64 (0x31fde413) x 8 0xffffffff
core   0: 0x80001e68 (0x00168693) addi    a3, a3, 1
core   0: 3 0x80001e68 (0x00168693) x13 0xfffffffa
core   0: 0x80001e6c (0x0178fcb3) and     s9, a7, s7
core   0: 3 0x80001e6c (0x0178fcb3) x25 0x00000004
core   0: 0x80001e70 (0xffc6cae3) blt     a3, t3, pc - 12
core   0: 3 0x80001e70 (0xffc6cae3)
core   0: 0x80001e64 (0x31fde413) ori     s0, s11, 799
core   0: 3 0x80001e64 (0x31fde413) x 8 0xffffffff
core   0: 0x80001e68 (0x00168693) addi    a3, a3, 1
core   0: 3 0x80001e68 (0x00168693) x13 0xfffffffb
core   0: 0x80001e6c (0x0178fcb3) and     s9, a7, s7
core   0: 3 0x80001e6c (0x0178fcb3) x25 0x00000004
core   0: 0x80001e70 (0xffc6cae3) blt     a3, t3, pc - 12
core   0: 3 0x80001e70 (0xffc6cae3)
core   0: 0x80001e64 (0x31fde413) ori     s0, s11, 799
core   0: 3 0x80001e64 (0x31fde413) x 8 0xffffffff
core   0: 0x80001e68 (0x00168693) addi    a3, a3, 1
core   0: 3 0x80001e68 (0x00168693) x13 0xfffffffc
core   0: 0x80001e6c (0x0178fcb3) and     s9, a7, s7
core   0: 3 0x80001e6c (0x0178fcb3) x25 0x00000004
core   0: 0x80001e70 (0xffc6cae3) blt     a3, t3, pc - 12
core   0: 3 0x80001e70 (0xffc6cae3)
core   0: 0x80001e64 (0x31fde413) ori     s0, s11, 799
core   0: 3 0x80001e64 (0x31fde413) x 8 0xffffffff
core   0: 0x80001e68 (0x00168693) addi    a3, a3, 1
core   0: 3 0x80001e68 (0x00168693) x13 0xfffffffd
core   0: 0x80001e6c (0x0178fcb3) and     s9, a7, s7
core   0: 3 0x80001e6c (0x0178fcb3) x25 0x00000004
core   0: 0x80001e70 (0xffc6cae3) blt     a3, t3, pc - 12
core   0: 3 0x80001e70 (0xffc6cae3)
core   0: 0x80001e64 (0x31fde413) ori     s0, s11, 799
core   0: 3 0x80001e64 (0x31fde413) x 8 0xffffffff
core   0: 0x80001e68 (0x00168693) addi    a3, a3, 1
core   0: 3 0x80001e68 (0x00168693) x13 0xfffffffe
core   0: 0x80001e6c (0x0178fcb3) and     s9, a7, s7
core   0: 3 0x80001e6c (0x0178fcb3) x25 0x00000004
core   0: 0x80001e70 (0xffc6cae3) blt     a3, t3, pc - 12
core   0: 3 0x80001e70 (0xffc6cae3)
core   0: 0x80001e64 (0x31fde413) ori     s0, s11, 799
core   0: 3 0x80001e64 (0x31fde413) x 8 0xffffffff
core   0: 0x80001e68 (0x00168693) addi    a3, a3, 1
core   0: 3 0x80001e68 (0x00168693) x13 0xffffffff
core   0: 0x80001e6c (0x0178fcb3) and     s9, a7, s7
core   0: 3 0x80001e6c (0x0178fcb3) x25 0x00000004
core   0: 0x80001e70 (0xffc6cae3) blt     a3, t3, pc - 12
core   0: 3 0x80001e70 (0xffc6cae3)
core   0: 0x80001e64 (0x31fde413) ori     s0, s11, 799
core   0: 3 0x80001e64 (0x31fde413) x 8 0xffffffff
core   0: 0x80001e68 (0x00168693) addi    a3, a3, 1
core   0: 3 0x80001e68 (0x00168693) x13 0x00000000
core   0: 0x80001e6c (0x0178fcb3) and     s9, a7, s7
core   0: 3 0x80001e6c (0x0178fcb3) x25 0x00000004
core   0: 0x80001e70 (0xffc6cae3) blt     a3, t3, pc - 12
core   0: 3 0x80001e70 (0xffc6cae3)
core   0: 0x80001e64 (0x31fde413) ori     s0, s11, 799
core   0: 3 0x80001e64 (0x31fde413) x 8 0xffffffff
core   0: 0x80001e68 (0x00168693) addi    a3, a3, 1
core   0: 3 0x80001e68 (0x00168693) x13 0x00000001
core   0: 0x80001e6c (0x0178fcb3) and     s9, a7, s7
core   0: 3 0x80001e6c (0x0178fcb3) x25 0x00000004
core   0: 0x80001e70 (0xffc6cae3) blt     a3, t3, pc - 12
core   0: 3 0x80001e70 (0xffc6cae3)
core   0: 0x80001e64 (0x31fde413) ori     s0, s11, 799
core   0: 3 0x80001e64 (0x31fde413) x 8 0xffffffff
core   0: 0x80001e68 (0x00168693) addi    a3, a3, 1
core   0: 3 0x80001e68 (0x00168693) x13 0x00000002
core   0: 0x80001e6c (0x0178fcb3) and     s9, a7, s7
core   0: 3 0x80001e6c (0x0178fcb3) x25 0x00000004
core   0: 0x80001e70 (0xffc6cae3) blt     a3, t3, pc - 12
core   0: 3 0x80001e70 (0xffc6cae3)
core   0: 0x80001e64 (0x31fde413) ori     s0, s11, 799
core   0: 3 0x80001e64 (0x31fde413) x 8 0xffffffff
core   0: 0x80001e68 (0x00168693) addi    a3, a3, 1
core   0: 3 0x80001e68 (0x00168693) x13 0x00000003
core   0: 0x80001e6c (0x0178fcb3) and     s9, a7, s7
core   0: 3 0x80001e6c (0x0178fcb3) x25 0x00000004
core   0: 0x80001e70 (0xffc6cae3) blt     a3, t3, pc - 12
core   0: 3 0x80001e70 (0xffc6cae3)
core   0: 0x80001e64 (0x31fde413) ori     s0, s11, 799
core   0: 3 0x80001e64 (0x31fde413) x 8 0xffffffff
core   0: 0x80001e68 (0x00168693) addi    a3, a3, 1
core   0: 3 0x80001e68 (0x00168693) x13 0x00000004
core   0: 0x80001e6c (0x0178fcb3) and     s9, a7, s7
core   0: 3 0x80001e6c (0x0178fcb3) x25 0x00000004
core   0: 0x80001e70 (0xffc6cae3) blt     a3, t3, pc - 12
core   0: 3 0x80001e70 (0xffc6cae3)
core   0: 0x80001e64 (0x31fde413) ori     s0, s11, 799
core   0: 3 0x80001e64 (0x31fde413) x 8 0xffffffff
core   0: 0x80001e68 (0x00168693) addi    a3, a3, 1
core   0: 3 0x80001e68 (0x00168693) x13 0x00000005
core   0: 0x80001e6c (0x0178fcb3) and     s9, a7, s7
core   0: 3 0x80001e6c (0x0178fcb3) x25 0x00000004
core   0: 0x80001e70 (0xffc6cae3) blt     a3, t3, pc - 12
core   0: 3 0x80001e70 (0xffc6cae3)
core   0: 0x80001e64 (0x31fde413) ori     s0, s11, 799
core   0: 3 0x80001e64 (0x31fde413) x 8 0xffffffff
core   0: 0x80001e68 (0x00168693) addi    a3, a3, 1
core   0: 3 0x80001e68 (0x00168693) x13 0x00000006
core   0: 0x80001e6c (0x0178fcb3) and     s9, a7, s7
core   0: 3 0x80001e6c (0x0178fcb3) x25 0x00000004
core   0: 0x80001e70 (0xffc6cae3) blt     a3, t3, pc - 12
core   0: 3 0x80001e70 (0xffc6cae3)
core   0: 0x80001e64 (0x31fde413) ori     s0, s11, 799
core   0: 3 0x80001e64 (0x31fde413) x 8 0xffffffff
core   0: 0x80001e68 (0x00168693) addi    a3, a3, 1
core   0: 3 0x80001e68 (0x00168693) x13 0x00000007
core   0: 0x80001e6c (0x0178fcb3) and     s9, a7, s7
core   0: 3 0x80001e6c (0x0178fcb3) x25 0x00000004
core   0: 0x80001e70 (0xffc6cae3) blt     a3, t3, pc - 12
core   0: 3 0x80001e70 (0xffc6cae3)
core   0: 0x80001e64 (0x31fde413) ori     s0, s11, 799
core   0: 3 0x80001e64 (0x31fde413) x 8 0xffffffff
core   0: 0x80001e68 (0x00168693) addi    a3, a3, 1
core   0: 3 0x80001e68 (0x00168693) x13 0x00000008
core   0: 0x80001e6c (0x0178fcb3) and     s9, a7, s7
core   0: 3 0x80001e6c (0x0178fcb3) x25 0x00000004
core   0: 0x80001e70 (0xffc6cae3) blt     a3, t3, pc - 12
core   0: 3 0x80001e70 (0xffc6cae3)
core   0: 0x80001e64 (0x31fde413) ori     s0, s11, 799
core   0: 3 0x80001e64 (0x31fde413) x 8 0xffffffff
core   0: 0x80001e68 (0x00168693) addi    a3, a3, 1
core   0: 3 0x80001e68 (0x00168693) x13 0x00000009
core   0: 0x80001e6c (0x0178fcb3) and     s9, a7, s7
core   0: 3 0x80001e6c (0x0178fcb3) x25 0x00000004
core   0: 0x80001e70 (0xffc6cae3) blt     a3, t3, pc - 12
core   0: 3 0x80001e70 (0xffc6cae3)
core   0: 0x80001e64 (0x31fde413) ori     s0, s11, 799
core   0: 3 0x80001e64 (0x31fde413) x 8 0xffffffff
core   0: 0x80001e68 (0x00168693) addi    a3, a3, 1
core   0: 3 0x80001e68 (0x00168693) x13 0x0000000a
core   0: 0x80001e6c (0x0178fcb3) and     s9, a7, s7
core   0: 3 0x80001e6c (0x0178fcb3) x25 0x00000004
core   0: 0x80001e70 (0xffc6cae3) blt     a3, t3, pc - 12
core   0: 3 0x80001e70 (0xffc6cae3)
core   0: 0x80001e64 (0x31fde413) ori     s0, s11, 799
core   0: 3 0x80001e64 (0x31fde413) x 8 0xffffffff
core   0: 0x80001e68 (0x00168693) addi    a3, a3, 1
core   0: 3 0x80001e68 (0x00168693) x13 0x0000000b
core   0: 0x80001e6c (0x0178fcb3) and     s9, a7, s7
core   0: 3 0x80001e6c (0x0178fcb3) x25 0x00000004
core   0: 0x80001e70 (0xffc6cae3) blt     a3, t3, pc - 12
core   0: 3 0x80001e70 (0xffc6cae3)
core   0: 0x80001e64 (0x31fde413) ori     s0, s11, 799
core   0: 3 0x80001e64 (0x31fde413) x 8 0xffffffff
core   0: 0x80001e68 (0x00168693) addi    a3, a3, 1
core   0: 3 0x80001e68 (0x00168693) x13 0x0000000c
core   0: 0x80001e6c (0x0178fcb3) and     s9, a7, s7
core   0: 3 0x80001e6c (0x0178fcb3) x25 0x00000004
core   0: 0x80001e70 (0xffc6cae3) blt     a3, t3, pc - 12
core   0: 3 0x80001e70 (0xffc6cae3)
core   0: 0x80001e64 (0x31fde413) ori     s0, s11, 799
core   0: 3 0x80001e64 (0x31fde413) x 8 0xffffffff
core   0: 0x80001e68 (0x00168693) addi    a3, a3, 1
core   0: 3 0x80001e68 (0x00168693) x13 0x0000000d
core   0: 0x80001e6c (0x0178fcb3) and     s9, a7, s7
core   0: 3 0x80001e6c (0x0178fcb3) x25 0x00000004
core   0: 0x80001e70 (0xffc6cae3) blt     a3, t3, pc - 12
core   0: 3 0x80001e70 (0xffc6cae3)
core   0: 0x80001e74 (0x00000013) nop
core   0: 3 0x80001e74 (0x00000013)
core   0: 0x80001e78 (0x00a00d93) li      s11, 10
core   0: 3 0x80001e78 (0x00a00d93) x27 0x0000000a
core   0: 0x80001e7c (0x01b746b3) xor     a3, a4, s11
core   0: 3 0x80001e7c (0x01b746b3) x13 0x0000073c
core   0: 0x80001e80 (0xcfe82a13) slti    s4, a6, -770
core   0: 3 0x80001e80 (0xcfe82a13) x20 0x00000001
core   0: 0x80001e84 (0x41f4d633) sra     a2, s1, t6
core   0: 3 0x80001e84 (0x41f4d633) x12 0xf80028ce
core   0: 0x80001e88 (0x00a00113) li      sp, 10
core   0: 3 0x80001e88 (0x00a00113) x 2 0x0000000a
core   0: 0x80001e8c (0x00b19293) slli    t0, gp, 11
core   0: 3 0x80001e8c (0x00b19293) x 5 0xffff8800
core   0: 0x80001e90 (0x18148013) addi    zero, s1, 385
core   0: 3 0x80001e90 (0x18148013)
core   0: 0x80001e94 (0x011fb3b3) sltu    t2, t6, a7
core   0: 3 0x80001e94 (0x011fb3b3) x 7 0x00000001
core   0: 0x80001e98 (0xff7d8d93) addi    s11, s11, -9
core   0: 3 0x80001e98 (0xff7d8d93) x27 0x00000001
core   0: 0x80001e9c (0x7baace93) xori    t4, s5, 1978
core   0: 3 0x80001e9c (0x7baace93) x29 0xfdb01501
core   0: 0x80001ea0 (0x00200793) li      a5, 2
core   0: 3 0x80001ea0 (0x00200793) x15 0x00000002
core   0: 0x80001ea4 (0x00456533) or      a0, a0, tp
core   0: 3 0x80001ea4 (0x00456533) x10 0xfffffffb
core   0: 0x80001ea8 (0x41028d33) sub     s10, t0, a6
core   0: 3 0x80001ea8 (0x41028d33) x26 0xffff8bb0
core   0: 0x80001eac (0x00700593) li      a1, 7
core   0: 3 0x80001eac (0x00700593) x11 0x00000007
core   0: 0x80001eb0 (0xfd983613) sltiu   a2, a6, -39
core   0: 3 0x80001eb0 (0xfd983613) x12 0x00000001
core   0: 0x80001eb4 (0x40150333) sub     t1, a0, ra
core   0: 3 0x80001eb4 (0x40150333) x 6 0xdffffffc
core   0: 0x80001eb8 (0x015002b3) add     t0, zero, s5
core   0: 3 0x80001eb8 (0x015002b3) x 5 0xfdb012bb
core   0: 0x80001ebc (0x41f688b3) sub     a7, a3, t6
core   0: 3 0x80001ebc (0x41f688b3) x17 0x00000738
core   0: 0x80001ec0 (0x018946b3) xor     a3, s2, s8
core   0: 3 0x80001ec0 (0x018946b3) x13 0xfffffffc
core   0: 0x80001ec4 (0x0fbac193) xori    gp, s5, 251
core   0: 3 0x80001ec4 (0x0fbac193) x 3 0xfdb01240
core   0: 0x80001ec8 (0xd4203217) auipc   tp, 0xd4203
core   0: 3 0x80001ec8 (0xd4203217) x 4 0x54204ec8
core   0: 0x80001ecc (0x8a457297) auipc   t0, 0x8a457
core   0: 3 0x80001ecc (0x8a457297) x 5 0x0a458ecc
core   0: 0x80001ed0 (0x0ff0000f) fence   iorw,iorw
core   0: 3 0x80001ed0 (0x0ff0000f)
core   0: 0x80001ed4 (0x012a2933) slt     s2, s4, s2
core   0: 3 0x80001ed4 (0x012a2933) x18 0x00000000
core   0: 0x80001ed8 (0x00178793) addi    a5, a5, 1
core   0: 3 0x80001ed8 (0x00178793) x15 0x00000003
core   0: 0x80001edc (0x0054f033) and     zero, s1, t0
core   0: 3 0x80001edc (0x0054f033)
core   0: 0x80001ee0 (0xfcb788e3) beq     a5, a1, pc - 48
core   0: 3 0x80001ee0 (0xfcb788e3)
core   0: 0x80001ee4 (0x00fae633) or      a2, s5, a5
core   0: 3 0x80001ee4 (0x00fae633) x12 0xfdb012bb
core   0: 0x80001ee8 (0x006fdeb3) srl     t4, t6, t1
core   0: 3 0x80001ee8 (0x006fdeb3) x29 0x00000000
core   0: 0x80001eec (0xfa2df2e3) bgeu    s11, sp, pc - 92
core   0: 3 0x80001eec (0xfa2df2e3)
core   0: 0x80001ef0 (0x016f0fb3) add     t6, t5, s6
core   0: 3 0x80001ef0 (0x016f0fb3) x31 0x00000000
core   0: 0x80001ef4 (0x00400a13) li      s4, 4
core   0: 3 0x80001ef4 (0x00400a13) x20 0x00000004
core   0: 0x80001ef8 (0x01000293) li      t0, 16
core   0: 3 0x80001ef8 (0x01000293) x 5 0x00000010
core   0: 0x80001efc (0x00000013) nop
core   0: 3 0x80001efc (0x00000013)
core   0: 0x80001f00 (0xdfcfbe13) sltiu   t3, t6, -516
core   0: 3 0x80001f00 (0xdfcfbe13) x28 0x00000001
core   0: 0x80001f04 (0x7a0b1137) lui     sp, 0x7a0b1
core   0: 3 0x80001f04 (0x7a0b1137) x 2 0x7a0b1000
core   0: 0x80001f08 (0x41fc5013) srai    zero, s8, 31
core   0: 3 0x80001f08 (0x41fc5013)
core   0: 0x80001f0c (0x01e9fb33) and     s6, s3, t5
core   0: 3 0x80001f0c (0x01e9fb33) x22 0x00000000
core   0: 0x80001f10 (0x209d7997) auipc   s3, 0x209d7
core   0: 3 0x80001f10 (0x209d7997) x19 0xa09d8f10
core   0: 0x80001f14 (0x002a0a13) addi    s4, s4, 2
core   0: 3 0x80001f14 (0x002a0a13) x20 0x00000006
core   0: 0x80001f18 (0x00000013) nop
core   0: 3 0x80001f18 (0x00000013)
core   0: 0x80001f1c (0x019355b3) srl     a1, t1, s9
core   0: 3 0x80001f1c (0x019355b3) x11 0x0dffffff
core   0: 0x80001f20 (0x00d9c1b3) xor     gp, s3, a3
core   0: 3 0x80001f20 (0x00d9c1b3) x 3 0x5f6270ec
core   0: 0x80001f24 (0xfc5a6ee3) bltu    s4, t0, pc - 36
core   0: 3 0x80001f24 (0xfc5a6ee3)
core   0: 0x80001f00 (0xdfcfbe13) sltiu   t3, t6, -516
core   0: 3 0x80001f00 (0xdfcfbe13) x28 0x00000001
core   0: 0x80001f04 (0x7a0b1137) lui     sp, 0x7a0b1
core   0: 3 0x80001f04 (0x7a0b1137) x 2 0x7a0b1000
core   0: 0x80001f08 (0x41fc5013) srai    zero, s8, 31
core   0: 3 0x80001f08 (0x41fc5013)
core   0: 0x80001f0c (0x01e9fb33) and     s6, s3, t5
core   0: 3 0x80001f0c (0x01e9fb33) x22 0x00000000
core   0: 0x80001f10 (0x209d7997) auipc   s3, 0x209d7
core   0: 3 0x80001f10 (0x209d7997) x19 0xa09d8f10
core   0: 0x80001f14 (0x002a0a13) addi    s4, s4, 2
core   0: 3 0x80001f14 (0x002a0a13) x20 0x00000008
core   0: 0x80001f18 (0x00000013) nop
core   0: 3 0x80001f18 (0x00000013)
core   0: 0x80001f1c (0x019355b3) srl     a1, t1, s9
core   0: 3 0x80001f1c (0x019355b3) x11 0x0dffffff
core   0: 0x80001f20 (0x00d9c1b3) xor     gp, s3, a3
core   0: 3 0x80001f20 (0x00d9c1b3) x 3 0x5f6270ec
core   0: 0x80001f24 (0xfc5a6ee3) bltu    s4, t0, pc - 36
core   0: 3 0x80001f24 (0xfc5a6ee3)
core   0: 0x80001f00 (0xdfcfbe13) sltiu   t3, t6, -516
core   0: 3 0x80001f00 (0xdfcfbe13) x28 0x00000001
core   0: 0x80001f04 (0x7a0b1137) lui     sp, 0x7a0b1
core   0: 3 0x80001f04 (0x7a0b1137) x 2 0x7a0b1000
core   0: 0x80001f08 (0x41fc5013) srai    zero, s8, 31
core   0: 3 0x80001f08 (0x41fc5013)
core   0: 0x80001f0c (0x01e9fb33) and     s6, s3, t5
core   0: 3 0x80001f0c (0x01e9fb33) x22 0x00000000
core   0: 0x80001f10 (0x209d7997) auipc   s3, 0x209d7
core   0: 3 0x80001f10 (0x209d7997) x19 0xa09d8f10
core   0: 0x80001f14 (0x002a0a13) addi    s4, s4, 2
core   0: 3 0x80001f14 (0x002a0a13) x20 0x0000000a
core   0: 0x80001f18 (0x00000013) nop
core   0: 3 0x80001f18 (0x00000013)
core   0: 0x80001f1c (0x019355b3) srl     a1, t1, s9
core   0: 3 0x80001f1c (0x019355b3) x11 0x0dffffff
core   0: 0x80001f20 (0x00d9c1b3) xor     gp, s3, a3
core   0: 3 0x80001f20 (0x00d9c1b3) x 3 0x5f6270ec
core   0: 0x80001f24 (0xfc5a6ee3) bltu    s4, t0, pc - 36
core   0: 3 0x80001f24 (0xfc5a6ee3)
core   0: 0x80001f00 (0xdfcfbe13) sltiu   t3, t6, -516
core   0: 3 0x80001f00 (0xdfcfbe13) x28 0x00000001
core   0: 0x80001f04 (0x7a0b1137) lui     sp, 0x7a0b1
core   0: 3 0x80001f04 (0x7a0b1137) x 2 0x7a0b1000
core   0: 0x80001f08 (0x41fc5013) srai    zero, s8, 31
core   0: 3 0x80001f08 (0x41fc5013)
core   0: 0x80001f0c (0x01e9fb33) and     s6, s3, t5
core   0: 3 0x80001f0c (0x01e9fb33) x22 0x00000000
core   0: 0x80001f10 (0x209d7997) auipc   s3, 0x209d7
core   0: 3 0x80001f10 (0x209d7997) x19 0xa09d8f10
core   0: 0x80001f14 (0x002a0a13) addi    s4, s4, 2
core   0: 3 0x80001f14 (0x002a0a13) x20 0x0000000c
core   0: 0x80001f18 (0x00000013) nop
core   0: 3 0x80001f18 (0x00000013)
core   0: 0x80001f1c (0x019355b3) srl     a1, t1, s9
core   0: 3 0x80001f1c (0x019355b3) x11 0x0dffffff
core   0: 0x80001f20 (0x00d9c1b3) xor     gp, s3, a3
core   0: 3 0x80001f20 (0x00d9c1b3) x 3 0x5f6270ec
core   0: 0x80001f24 (0xfc5a6ee3) bltu    s4, t0, pc - 36
core   0: 3 0x80001f24 (0xfc5a6ee3)
core   0: 0x80001f00 (0xdfcfbe13) sltiu   t3, t6, -516
core   0: 3 0x80001f00 (0xdfcfbe13) x28 0x00000001
core   0: 0x80001f04 (0x7a0b1137) lui     sp, 0x7a0b1
core   0: 3 0x80001f04 (0x7a0b1137) x 2 0x7a0b1000
core   0: 0x80001f08 (0x41fc5013) srai    zero, s8, 31
core   0: 3 0x80001f08 (0x41fc5013)
core   0: 0x80001f0c (0x01e9fb33) and     s6, s3, t5
core   0: 3 0x80001f0c (0x01e9fb33) x22 0x00000000
core   0: 0x80001f10 (0x209d7997) auipc   s3, 0x209d7
core   0: 3 0x80001f10 (0x209d7997) x19 0xa09d8f10
core   0: 0x80001f14 (0x002a0a13) addi    s4, s4, 2
core   0: 3 0x80001f14 (0x002a0a13) x20 0x0000000e
core   0: 0x80001f18 (0x00000013) nop
core   0: 3 0x80001f18 (0x00000013)
core   0: 0x80001f1c (0x019355b3) srl     a1, t1, s9
core   0: 3 0x80001f1c (0x019355b3) x11 0x0dffffff
core   0: 0x80001f20 (0x00d9c1b3) xor     gp, s3, a3
core   0: 3 0x80001f20 (0x00d9c1b3) x 3 0x5f6270ec
core   0: 0x80001f24 (0xfc5a6ee3) bltu    s4, t0, pc - 36
core   0: 3 0x80001f24 (0xfc5a6ee3)
core   0: 0x80001f00 (0xdfcfbe13) sltiu   t3, t6, -516
core   0: 3 0x80001f00 (0xdfcfbe13) x28 0x00000001
core   0: 0x80001f04 (0x7a0b1137) lui     sp, 0x7a0b1
core   0: 3 0x80001f04 (0x7a0b1137) x 2 0x7a0b1000
core   0: 0x80001f08 (0x41fc5013) srai    zero, s8, 31
core   0: 3 0x80001f08 (0x41fc5013)
core   0: 0x80001f0c (0x01e9fb33) and     s6, s3, t5
core   0: 3 0x80001f0c (0x01e9fb33) x22 0x00000000
core   0: 0x80001f10 (0x209d7997) auipc   s3, 0x209d7
core   0: 3 0x80001f10 (0x209d7997) x19 0xa09d8f10
core   0: 0x80001f14 (0x002a0a13) addi    s4, s4, 2
core   0: 3 0x80001f14 (0x002a0a13) x20 0x00000010
core   0: 0x80001f18 (0x00000013) nop
core   0: 3 0x80001f18 (0x00000013)
core   0: 0x80001f1c (0x019355b3) srl     a1, t1, s9
core   0: 3 0x80001f1c (0x019355b3) x11 0x0dffffff
core   0: 0x80001f20 (0x00d9c1b3) xor     gp, s3, a3
core   0: 3 0x80001f20 (0x00d9c1b3) x 3 0x5f6270ec
core   0: 0x80001f24 (0xfc5a6ee3) bltu    s4, t0, pc - 36
core   0: 3 0x80001f24 (0xfc5a6ee3)
core   0: 0x80001f28 (0xffeec993) xori    s3, t4, -2
core   0: 3 0x80001f28 (0xffeec993) x19 0xfffffffe
core   0: 0x80001f2c (0x48460013) addi    zero, a2, 1156
core   0: 3 0x80001f2c (0x48460013)
core   0: 0x80001f30 (0x0000100f) fence.i
core   0: 3 0x80001f30 (0x0000100f)
core   0: 0x80001f34 (0x00fc7933) and     s2, s8, a5
core   0: 3 0x80001f34 (0x00fc7933) x18 0x00000001
core   0: 0x80001f38 (0x410b5433) sra     s0, s6, a6
core   0: 3 0x80001f38 (0x410b5433) x 8 0x00000000
core   0: 0x80001f3c (0x018c7f33) and     t5, s8, s8
core   0: 3 0x80001f3c (0x018c7f33) x30 0xfffffffd
core   0: 0x80001f40 (0x3ff9b837) lui     a6, 0x3ff9b
core   0: 3 0x80001f40 (0x3ff9b837) x16 0x3ff9b000
core   0: 0x80001f44 (0x04844263) blt     s0, s0, pc + 68
core   0: 3 0x80001f44 (0x04844263)
core   0: 0x80001f48 (0x012f7463) bgeu    t5, s2, pc + 8
core   0: 3 0x80001f48 (0x012f7463)
core   0: 0x80001f50 (0x45ae3f13) sltiu   t5, t3, 1114
core   0: 3 0x80001f50 (0x45ae3f13) x30 0x00000001
core   0: 0x80001f54 (0x00fd5433) srl     s0, s10, a5
core   0: 3 0x80001f54 (0x00fd5433) x 8 0x1ffff176
core   0: 0x80001f58 (0x0062d9b3) srl     s3, t0, t1
core   0: 3 0x80001f58 (0x0062d9b3) x19 0x00000000
core   0: 0x80001f5c (0xbf9df797) auipc   a5, 0xbf9df
core   0: 3 0x80001f5c (0xbf9df797) x15 0x3f9e0f5c
core   0: 0x80001f60 (0x01a6ca33) xor     s4, a3, s10
core   0: 3 0x80001f60 (0x01a6ca33) x20 0x0000744c
core   0: 0x80001f64 (0x04f5e863) bltu    a1, a5, pc + 80
core   0: 3 0x80001f64 (0x04f5e863)
core   0: 0x80001fb4 (0xd7117313) andi    t1, sp, -655
core   0: 3 0x80001fb4 (0xd7117313) x 6 0x7a0b1000
core   0: 0x80001fb8 (0x01a55f13) srli    t5, a0, 26
core   0: 3 0x80001fb8 (0x01a55f13) x30 0x0000003f
core   0: 0x80001fbc (0x77387013) andi    zero, a6, 1907
core   0: 3 0x80001fbc (0x77387013)
core   0: 0x80001fc0 (0x02c51e63) bne     a0, a2, pc + 60
core   0: 3 0x80001fc0 (0x02c51e63)
core   0: 0x80001ffc (0x00c71633) sll     a2, a4, a2
core   0: 3 0x80001ffc (0x00c71633) x12 0xb0000000
core   0: 0x80002000 (0x00000013) nop
core   0: 3 0x80002000 (0x00000013)
core   0: 0x80002004 (0x4103d933) sra     s2, t2, a6
core   0: 3 0x80002004 (0x4103d933) x18 0x00000001
core   0: 0x80002008 (0x0ff0000f) fence   iorw,iorw
core   0: 3 0x80002008 (0x0ff0000f)
core   0: 0x8000200c (0x01da41b3) xor     gp, s4, t4
core   0: 3 0x8000200c (0x01da41b3) x 3 0x0000744c
core   0: 0x80002010 (0x01543cb3) sltu    s9, s0, s5
core   0: 3 0x80002010 (0x01543cb3) x25 0x00000001
core   0: 0x80002014 (0x01ea8b33) add     s6, s5, t5
core   0: 3 0x80002014 (0x01ea8b33) x22 0xfdb012fa
core   0: 0x80002018 (0x011ed433) srl     s0, t4, a7
core   0: 3 0x80002018 (0x011ed433) x 8 0x00000000
core   0: 0x8000201c (0x00bcafb3) slt     t6, s9, a1
core   0: 3 0x8000201c (0x00bcafb3) x31 0x00000001
core   0: 0x80002020 (0x05a60263) beq     a2, s10, pc + 68
core   0: 3 0x80002020 (0x05a60263)
core   0: 0x80002024 (0x03ac6863) bltu    s8, s10, pc + 48
core   0: 3 0x80002024 (0x03ac6863)
core   0: 0x80002028 (0x01dc1863) bne     s8, t4, pc + 16
core   0: 3 0x80002028 (0x01dc1863)
core   0: 0x80002038 (0x93b29737) lui     a4, 0x93b29
core   0: 3 0x80002038 (0x93b29737) x14 0x93b29000
core   0: 0x8000203c (0x0574f063) bgeu    s1, s7, pc + 64
core   0: 3 0x8000203c (0x0574f063)
core   0: 0x8000207c (0x61dc3093) sltiu   ra, s8, 1565
core   0: 3 0x8000207c (0x61dc3093) x 1 0x00000000
core   0: 0x80002080 (0x04ca9863) bne     s5, a2, pc + 80
core   0: 3 0x80002080 (0x04ca9863)
core   0: 0x800020d0 (0x013e5663) bge     t3, s3, pc + 12
core   0: 3 0x800020d0 (0x013e5663)
core   0: 0x800020dc (0x01ed5513) srli    a0, s10, 30
core   0: 3 0x800020dc (0x01ed5513) x10 0x00000003
core   0: 0x800020e0 (0x017e6c33) or      s8, t3, s7
core   0: 3 0x800020e0 (0x017e6c33) x24 0x80024e65
core   0: 0x800020e4 (0x405e5193) srai    gp, t3, 5
core   0: 3 0x800020e4 (0x405e5193) x 3 0x00000000
core   0: 0x800020e8 (0x00275713) srli    a4, a4, 2
core   0: 3 0x800020e8 (0x00275713) x14 0x24eca400
core   0: 0x800020ec (0x414382b3) sub     t0, t2, s4
core   0: 3 0x800020ec (0x414382b3) x 5 0xffff8bb5
core   0: 0x800020f0 (0x2f71aa17) auipc   s4, 0x2f71a
core   0: 3 0x800020f0 (0x2f71aa17) x20 0xaf71c0f0
core   0: 0x800020f4 (0x04e5f263) bgeu    a1, a4, pc + 68
core   0: 3 0x800020f4 (0x04e5f263)
core   0: 0x800020f8 (0x039a7863) bgeu    s4, s9, pc + 48
core   0: 3 0x800020f8 (0x039a7863)
core   0: 0x80002128 (0x04a0d463) bge     ra, a0, pc + 72
core   0: 3 0x80002128 (0x04a0d463)
core   0: 0x8000212c (0x0170f863) bgeu    ra, s7, pc + 16
core   0: 3 0x8000212c (0x0170f863)
core   0: 0x80002130 (0x01009613) slli    a2, ra, 16
core   0: 3 0x80002130 (0x01009613) x12 0x00000000
core   0: 0x80002134 (0x00746863) bltu    s0, t2, pc + 16
core   0: 3 0x80002134 (0x00746863)
core   0: 0x80002144 (0x00e3f6b3) and     a3, t2, a4
core   0: 3 0x80002144 (0x00e3f6b3) x13 0x00000000
core   0: 0x80002148 (0x00e56033) or      zero, a0, a4
core   0: 3 0x80002148 (0x00e56033)
core   0: 0x8000214c (0x012a5e63) bge     s4, s2, pc + 28
core   0: 3 0x8000214c (0x012a5e63)
core   0: 0x80002150 (0x0125e033) or      zero, a1, s2
core   0: 3 0x80002150 (0x0125e033)
core   0: 0x80002154 (0x01e5cc63) blt     a1, t5, pc + 24
core   0: 3 0x80002154 (0x01e5cc63)
core   0: 0x80002158 (0xf0bfe713) ori     a4, t6, -245
core   0: 3 0x80002158 (0xf0bfe713) x14 0xffffff0b
core   0: 0x8000215c (0x0192d293) srli    t0, t0, 25
core   0: 3 0x8000215c (0x0192d293) x 5 0x0000007f
core   0: 0x80002160 (0x0ff0000f) fence   iorw,iorw
core   0: 3 0x80002160 (0x0ff0000f)
core   0: 0x80002164 (0xce01a193) slti    gp, gp, -800
core   0: 3 0x80002164 (0xce01a193) x 3 0x00000000
core   0: 0x80002168 (0x0ff0000f) fence   iorw,iorw
core   0: 3 0x80002168 (0x0ff0000f)
core   0: 0x8000216c (0xe8648d93) addi    s11, s1, -378
core   0: 3 0x8000216c (0xe8648d93) x27 0x80028b6a
core   0: 0x80002170 (0x04f70463) beq     a4, a5, pc + 72
core   0: 3 0x80002170 (0x04f70463)
core   0: 0x80002174 (0x01c5c0b3) xor     ra, a1, t3
core   0: 3 0x80002174 (0x01c5c0b3) x 1 0x0dfffffe
core   0: 0x80002178 (0x00eea733) slt     a4, t4, a4
core   0: 3 0x80002178 (0x00eea733) x14 0x00000000
core   0: 0x8000217c (0x967ce517) auipc   a0, 0x967ce
core   0: 3 0x8000217c (0x967ce517) x10 0x167d017c
core   0: 0x80002180 (0xb3de3513) sltiu   a0, t3, -1219
core   0: 3 0x80002180 (0xb3de3513) x10 0x00000001
core   0: 0x80002184 (0x00b27863) bgeu    tp, a1, pc + 16
core   0: 3 0x80002184 (0x00b27863)
core   0: 0x80002194 (0x02b15263) bge     sp, a1, pc + 36
core   0: 3 0x80002194 (0x02b15263)
core   0: 0x800021b8 (0x009daeb3) slt     t4, s11, s1
core   0: 3 0x800021b8 (0x009daeb3) x29 0x00000001
core   0: 0x800021bc (0x05a3d863) bge     t2, s10, pc + 80
core   0: 3 0x800021bc (0x05a3d863)
core   0: 0x8000220c (0x01044e63) blt     s0, a6, pc + 28
core   0: 3 0x8000220c (0x01044e63)
core   0: 0x80002228 (0xdbe9bf93) sltiu   t6, s3, -578
core   0: 3 0x80002228 (0xdbe9bf93) x31 0x00000001
core   0: 0x8000222c (0x00671833) sll     a6, a4, t1
core   0: 3 0x8000222c (0x00671833) x16 0x00000000
core   0: 0x80002230 (0x4149dc93) srai    s9, s3, 20
core   0: 3 0x80002230 (0x4149dc93) x25 0x00000000
core   0: 0x80002234 (0x0ff0000f) fence   iorw,iorw
core   0: 3 0x80002234 (0x0ff0000f)
core   0: 0x80002238 (0x1d7d4d37) lui     s10, 0x1d7d4
core   0: 3 0x80002238 (0x1d7d4d37) x26 0x1d7d4000
core   0: 0x8000223c (0x40f3db13) srai    s6, t2, 15
core   0: 3 0x8000223c (0x40f3db13) x22 0x00000000
core   0: 0x80002240 (0x00234733) xor     a4, t1, sp
core   0: 3 0x80002240 (0x00234733) x14 0x00000000
core   0: 0x80002244 (0x403755b3) sra     a1, a4, gp
core   0: 3 0x80002244 (0x403755b3) x11 0x00000000
core   0: 0x80002248 (0x00ab4133) xor     sp, s6, a0
core   0: 3 0x80002248 (0x00ab4133) x 2 0x00000001
core   0: 0x8000224c (0x054e8463) beq     t4, s4, pc + 72
core   0: 3 0x8000224c (0x054e8463)
core   0: 0x80002250 (0x528e2637) lui     a2, 0x528e2
core   0: 3 0x80002250 (0x528e2637) x12 0x528e2000
core   0: 0x80002254 (0xdf408013) addi    zero, ra, -524
core   0: 3 0x80002254 (0xdf408013)
core   0: 0x80002258 (0x411f5813) srai    a6, t5, 17
core   0: 3 0x80002258 (0x411f5813) x16 0x00000000
core   0: 0x8000225c (0x007a0733) add     a4, s4, t2
core   0: 3 0x8000225c (0x007a0733) x14 0xaf71c0f1
core   0: 0x80002260 (0x00bbc7b3) xor     a5, s7, a1
core   0: 3 0x80002260 (0x00bbc7b3) x15 0x80024e64
core   0: 0x80002264 (0x00e007b3) add     a5, zero, a4
core   0: 3 0x80002264 (0x00e007b3) x15 0xaf71c0f1
core   0: 0x80002268 (0x0060d993) srli    s3, ra, 6
core   0: 3 0x80002268 (0x0060d993) x19 0x0037ffff
core   0: 0x8000226c (0x409ed193) srai    gp, t4, 9
core   0: 3 0x8000226c (0x409ed193) x 3 0x00000000
core   0: 0x80002270 (0xc3eff993) andi    s3, t6, -962
core   0: 3 0x80002270 (0xc3eff993) x19 0x00000000
core   0: 0x80002274 (0x0098deb3) srl     t4, a7, s1
core   0: 3 0x80002274 (0x0098deb3) x29 0x00000073
core   0: 0x80002278 (0x40738a33) sub     s4, t2, t2
core   0: 3 0x80002278 (0x40738a33) x20 0x00000000
core   0: 0x8000227c (0x02e1f863) bgeu    gp, a4, pc + 48
core   0: 3 0x8000227c (0x02e1f863)
core   0: 0x80002280 (0x01204c33) xor     s8, zero, s2
core   0: 3 0x80002280 (0x01204c33) x24 0x00000001
core   0: 0x80002284 (0x00e9e7b3) or      a5, s3, a4
core   0: 3 0x80002284 (0x00e9e7b3) x15 0xaf71c0f1
core   0: 0x80002288 (0xae626293) ori     t0, tp, -1306
core   0: 3 0x80002288 (0xae626293) x 5 0xfffffeee
core   0: 0x8000228c (0x04595063) bge     s2, t0, pc + 64
core   0: 3 0x8000228c (0x04595063)
core   0: 0x800022cc (0xa1e6b093) sltiu   ra, a3, -1506
core   0: 3 0x800022cc (0xa1e6b093) x 1 0x00000001
core   0: 0x800022d0 (0x012e1633) sll     a2, t3, s2
core   0: 3 0x800022d0 (0x012e1633) x12 0x00000002
core   0: 0x800022d4 (0x0000100f) fence.i
core   0: 3 0x800022d4 (0x0000100f)
core   0: 0x800022d8 (0x0000100f) fence.i
core   0: 3 0x800022d8 (0x0000100f)
core   0: 0x800022dc (0x00a5be33) sltu    t3, a1, a0
core   0: 3 0x800022dc (0x00a5be33) x28 0x00000001
core   0: 0x800022e0 (0xb5fb8e13) addi    t3, s7, -1185
core   0: 3 0x800022e0 (0xb5fb8e13) x28 0x800249c3
core   0: 0x800022e4 (0x7808bf93) sltiu   t6, a7, 1920
core   0: 3 0x800022e4 (0x7808bf93) x31 0x00000001
core   0: 0x800022e8 (0x02adde63) bge     s11, a0, pc + 60
core   0: 3 0x800022e8 (0x02adde63)
core   0: 0x800022ec (0x04139263) bne     t2, ra, pc + 68
core   0: 3 0x800022ec (0x04139263)
core   0: 0x800022f0 (0x00a338b3) sltu    a7, t1, a0
core   0: 3 0x800022f0 (0x00a338b3) x17 0x00000000
core   0: 0x800022f4 (0x011a7463) bgeu    s4, a7, pc + 8
core   0: 3 0x800022f4 (0x011a7463)
core   0: 0x800022fc (0x3e00b013) sltiu   zero, ra, 992
core   0: 3 0x800022fc (0x3e00b013)
core   0: 0x80002300 (0x97247a17) auipc   s4, 0x97247
core   0: 3 0x80002300 (0x97247a17) x20 0x17249300
core   0: 0x80002304 (0x03d0c863) blt     ra, t4, pc + 48
core   0: 3 0x80002304 (0x03d0c863)
core   0: 0x80002334 (0x01951cb3) sll     s9, a0, s9
core   0: 3 0x80002334 (0x01951cb3) x25 0x00000001
core   0: 0x80002338 (0x004810b3) sll     ra, a6, tp
core   0: 3 0x80002338 (0x004810b3) x 1 0x00000000
core   0: 0x8000233c (0x00f83833) sltu    a6, a6, a5
core   0: 3 0x8000233c (0x00f83833) x16 0x00000001
core   0: 0x80002340 (0x76b0fc13) andi    s8, ra, 1899
core   0: 3 0x80002340 (0x76b0fc13) x24 0x00000000
core   0: 0x80002344 (0x071d6663) bltu    s10, a7, pc + 108
core   0: 3 0x80002344 (0x071d6663)
core   0: 0x80002348 (0x07836063) bltu    t1, s8, pc + 96
core   0: 3 0x80002348 (0x07836063)
core   0: 0x8000234c (0x0000100f) fence.i
core   0: 3 0x8000234c (0x0000100f)
core   0: 0x80002350 (0x09920063) beq     tp, s9, pc + 128
core   0: 3 0x80002350 (0x09920063)
core   0: 0x80002354 (0x48b8fa13) andi    s4, a7, 1163
core   0: 3 0x80002354 (0x48b8fa13) x20 0x00000000
core   0: 0x80002358 (0x00e1ae33) slt     t3, gp, a4
core   0: 3 0x80002358 (0x00e1ae33) x28 0x00000000
core   0: 0x8000235c (0x00c50a33) add     s4, a0, a2
core   0: 3 0x8000235c (0x00c50a33) x20 0x00000003
core   0: 0x80002360 (0x019321b3) slt     gp, t1, s9
core   0: 3 0x80002360 (0x019321b3) x 3 0x00000000
core   0: 0x80002364 (0x08941663) bne     s0, s1, pc + 140
core   0: 3 0x80002364 (0x08941663)
core   0: 0x800023f0 (0x01c65833) srl     a6, a2, t3
core   0: 3 0x800023f0 (0x01c65833) x16 0x00000002
core   0: 0x800023f4 (0x05db4463) blt     s6, t4, pc + 72
core   0: 3 0x800023f4 (0x05db4463)
core   0: 0x8000243c (0x00a9df33) srl     t5, s3, a0
core   0: 3 0x8000243c (0x00a9df33) x30 0x00000000
core   0: 0x80002440 (0xfb36be93) sltiu   t4, a3, -77
core   0: 3 0x80002440 (0xfb36be93) x29 0x00000001
core   0: 0x80002444 (0x3c444e17) auipc   t3, 0x3c444
core   0: 3 0x80002444 (0x3c444e17) x28 0xbc446444
core   0: 0x80002448 (0x008e1c63) bne     t3, s0, pc + 24
core   0: 3 0x80002448 (0x008e1c63)
core   0: 0x80002460 (0x0091c733) xor     a4, gp, s1
core   0: 3 0x80002460 (0x0091c733) x14 0x80028ce4
core   0: 0x80002464 (0x400c5993) srai    s3, s8, 0
core   0: 3 0x80002464 (0x400c5993) x19 0x00000000
core   0: 0x80002468 (0x0543c693) xori    a3, t2, 84
core   0: 3 0x80002468 (0x0543c693) x13 0x00000055
core   0: 0x8000246c (0x963d1237) lui     tp, 0x963d1
core   0: 3 0x8000246c (0x963d1237) x 4 0x963d1000
core   0: 0x80002470 (0x9156a613) slti    a2, a3, -1771
core   0: 3 0x80002470 (0x9156a613) x12 0x00000000
core   0: 0x80002474 (0x068b0863) beq     s6, s0, pc + 112
core   0: 3 0x80002474 (0x068b0863)
core   0: 0x800024e4 (0x01525463) bge     tp, s5, pc + 8
core   0: 3 0x800024e4 (0x01525463)
core   0: 0x800024e8 (0xe90ec793) xori    a5, t4, -368
core   0: 3 0x800024e8 (0xe90ec793) x15 0xfffffe91
core   0: 0x800024ec (0x76622393) slti    t2, tp, 1894
core   0: 3 0x800024ec (0x76622393) x 7 0x00000001
core   0: 0x800024f0 (0x00e05413) srli    s0, zero, 14
core   0: 3 0x800024f0 (0x00e05413) x 8 0x00000000
core   0: 0x800024f4 (0x919e08b7) lui     a7, 0x919e0
core   0: 3 0x800024f4 (0x919e08b7) x17 0x919e0000
core   0: 0x800024f8 (0x00000013) nop
core   0: 3 0x800024f8 (0x00000013)
core   0: 0x800024fc (0x0a32e263) bltu    t0, gp, pc + 164
core   0: 3 0x800024fc (0x0a32e263)
core   0: 0x80002500 (0x0118ae33) slt     t3, a7, a7
core   0: 3 0x80002500 (0x0118ae33) x28 0x00000000
core   0: 0x80002504 (0x08777263) bgeu    a4, t2, pc + 132
core   0: 3 0x80002504 (0x08777263)
core   0: 0x80002588 (0x00c3e733) or      a4, t2, a2
core   0: 3 0x80002588 (0x00c3e733) x14 0x00000001
core   0: 0x8000258c (0x0537c263) blt     a5, s3, pc + 68
core   0: 3 0x8000258c (0x0537c263)
core   0: 0x800025d0 (0x1c12c593) xori    a1, t0, 449
core   0: 3 0x800025d0 (0x1c12c593) x11 0xffffff2f
core   0: 0x800025d4 (0xb7e58013) addi    zero, a1, -1154
core   0: 3 0x800025d4 (0xb7e58013)
core   0: 0x800025d8 (0x01800fb3) add     t6, zero, s8
core   0: 3 0x800025d8 (0x01800fb3) x31 0x00000000
core   0: 0x800025dc (0x39b20093) addi    ra, tp, 923
core   0: 3 0x800025dc (0x39b20093) x 1 0x963d139b
core   0: 0x800025e0 (0x0baf0663) beq     t5, s10, pc + 172
core   0: 3 0x800025e0 (0x0baf0663)
core   0: 0x800025e4 (0xffad8893) addi    a7, s11, -6
core   0: 3 0x800025e4 (0xffad8893) x17 0x80028b64
core   0: 0x800025e8 (0x0be08463) beq     ra, t5, pc + 168
core   0: 3 0x800025e8 (0x0be08463)
core   0: 0x800025ec (0x12d52d93) slti    s11, a0, 301
core   0: 3 0x800025ec (0x12d52d93) x27 0x00000001
core   0: 0x800025f0 (0x065a9863) bne     s5, t0, pc + 112
core   0: 3 0x800025f0 (0x065a9863)
core   0: 0x80002660 (0x0ff0000f) fence   iorw,iorw
core   0: 3 0x80002660 (0x0ff0000f)
core   0: 0x80002664 (0x05ea6263) bltu    s4, t5, pc + 68
core   0: 3 0x80002664 (0x05ea6263)
core   0: 0x80002668 (0xed4c8293) addi    t0, s9, -300
core   0: 3 0x80002668 (0xed4c8293) x 5 0xfffffed5
core   0: 0x8000266c (0x015d5d93) srli    s11, s10, 21
core   0: 3 0x8000266c (0x015d5d93) x27 0x000000eb
core   0: 0x80002670 (0x03708e63) beq     ra, s7, pc + 60
core   0: 3 0x80002670 (0x03708e63)
core   0: 0x80002674 (0x00000013) nop
core   0: 3 0x80002674 (0x00000013)
core   0: 0x80002678 (0x00000013) nop
core   0: 3 0x80002678 (0x00000013)
core   0: 0x8000267c (0x0054d3b3) srl     t2, s1, t0
core   0: 3 0x8000267c (0x0054d3b3) x 7 0x00000400
core   0: 0x80002680 (0x017b5793) srli    a5, s6, 23
core   0: 3 0x80002680 (0x017b5793) x15 0x00000000
core   0: 0x80002684 (0xae22ce13) xori    t3, t0, -1310
core   0: 3 0x80002684 (0xae22ce13) x28 0x00000437
core   0: 0x80002688 (0x00226d33) or      s10, tp, sp
core   0: 3 0x80002688 (0x00226d33) x26 0x963d1001
core   0: 0x8000268c (0x006c3233) sltu    tp, s8, t1
core   0: 3 0x8000268c (0x006c3233) x 4 0x00000001
core   0: 0x80002690 (0x2ac32293) slti    t0, t1, 684
core   0: 3 0x80002690 (0x2ac32293) x 5 0x00000000
core   0: 0x80002694 (0x32108297) auipc   t0, 0x32108
core   0: 3 0x80002694 (0x32108297) x 5 0xb210a694
core   0: 0x80002698 (0x16aa6c13) ori     s8, s4, 362
core   0: 3 0x80002698 (0x16aa6c13) x24 0x0000016b
core   0: 0x8000269c (0x00000013) nop
core   0: 3 0x8000269c (0x00000013)
core   0: 0x800026a0 (0x01911f93) slli    t6, sp, 25
core   0: 3 0x800026a0 (0x01911f93) x31 0x02000000
core   0: 0x800026a4 (0x00bf7533) and     a0, t5, a1
core   0: 3 0x800026a4 (0x00bf7533) x10 0x00000000
core   0: 0x800026a8 (0xd6e859b7) lui     s3, 0xd6e85
core   0: 3 0x800026a8 (0xd6e859b7) x19 0xd6e85000
core   0: 0x800026ac (0x00000013) nop
core   0: 3 0x800026ac (0x00000013)
core   0: 0x800026b0 (0x00cf6f33) or      t5, t5, a2
core   0: 3 0x800026b0 (0x00cf6f33) x30 0x00000000
core   0: 0x800026b4 (0x0ff0000f) fence   iorw,iorw
core   0: 3 0x800026b4 (0x0ff0000f)
core   0: 0x800026b8 (0x039bca63) blt     s7, s9, pc + 52
core   0: 3 0x800026b8 (0x039bca63)
core   0: 0x800026ec (0x000ff1b3) and     gp, t6, zero
core   0: 3 0x800026ec (0x000ff1b3) x 3 0x00000000
core   0: 0x800026f0 (0x9788f513) andi    a0, a7, -1672
core   0: 3 0x800026f0 (0x9788f513) x10 0x80028960
core   0: 0x800026f4 (0x40badf33) sra     t5, s5, a1
core   0: 3 0x800026f4 (0x40badf33) x30 0xfffffb60
core   0: 0x800026f8 (0xd1ed6813) ori     a6, s10, -738
core   0: 3 0x800026f8 (0xd1ed6813) x16 0xfffffd1f
core   0: 0x800026fc (0x0000100f) fence.i
core   0: 3 0x800026fc (0x0000100f)
core   0: 0x80002700 (0x01d7a3b3) slt     t2, a5, t4
core   0: 3 0x80002700 (0x01d7a3b3) x 7 0x00000001
core   0: 0x80002704 (0x0181e233) or      tp, gp, s8
core   0: 3 0x80002704 (0x0181e233) x 4 0x0000016b
core   0: 0x80002708 (0x41a78db3) sub     s11, a5, s10
core   0: 3 0x80002708 (0x41a78db3) x27 0x69c2efff
core   0: 0x8000270c (0x86c4cd13) xori    s10, s1, -1940
core   0: 3 0x8000270c (0x86c4cd13) x26 0x7ffd7488
core   0: 0x80002710 (0x018e1033) sll     zero, t3, s8
core   0: 3 0x80002710 (0x018e1033)
core   0: 0x80002714 (0x40118eb3) sub     t4, gp, ra
core   0: 3 0x80002714 (0x40118eb3) x29 0x69c2ec65
core   0: 0x80002718 (0x02303993) sltiu   s3, zero, 35
core   0: 3 0x80002718 (0x02303993) x19 0x00000001
core   0: 0x8000271c (0x24a9bc13) sltiu   s8, s3, 586
core   0: 3 0x8000271c (0x24a9bc13) x24 0x00000001
core   0: 0x80002720 (0x01b549b3) xor     s3, a0, s11
core   0: 3 0x80002720 (0x01b549b3) x19 0xe9c0669f
core   0: 0x80002724 (0x00000013) nop
core   0: 3 0x80002724 (0x00000013)
core   0: 0x80002728 (0x00000013) nop
core   0: 3 0x80002728 (0x00000013)
core   0: 0x8000272c (0x02b97263) bgeu    s2, a1, pc + 36
core   0: 3 0x8000272c (0x02b97263)
core   0: 0x80002730 (0x02ed5863) bge     s10, a4, pc + 48
core   0: 3 0x80002730 (0x02ed5863)
core   0: 0x80002760 (0x00fcc5b3) xor     a1, s9, a5
core   0: 3 0x80002760 (0x00fcc5b3) x11 0x00000001
core   0: 0x80002764 (0x403a5293) srai    t0, s4, 3
core   0: 3 0x80002764 (0x403a5293) x 5 0x00000000
core   0: 0x80002768 (0x007ccf33) xor     t5, s9, t2
core   0: 3 0x80002768 (0x007ccf33) x30 0x00000000
core   0: 0x8000276c (0x05904863) blt     zero, s9, pc + 80
core   0: 3 0x8000276c (0x05904863)
core   0: 0x800027bc (0x0000100f) fence.i
core   0: 3 0x800027bc (0x0000100f)
core   0: 0x800027c0 (0x0161ab33) slt     s6, gp, s6
core   0: 3 0x800027c0 (0x0161ab33) x22 0x00000000
core   0: 0x800027c4 (0x0000100f) fence.i
core   0: 3 0x800027c4 (0x0000100f)
core   0: 0x800027c8 (0x0041df33) srl     t5, gp, tp
core   0: 3 0x800027c8 (0x0041df33) x30 0x00000000
core   0: 0x800027cc (0x0089c733) xor     a4, s3, s0
core   0: 3 0x800027cc (0x0089c733) x14 0xe9c0669f
core   0: 0x800027d0 (0x00b9f863) bgeu    s3, a1, pc + 16
core   0: 3 0x800027d0 (0x00b9f863)
core   0: 0x800027e0 (0x68e82293) slti    t0, a6, 1678
core   0: 3 0x800027e0 (0x68e82293) x 5 0x00000001
core   0: 0x800027e4 (0x51a49e37) lui     t3, 0x51a49
core   0: 3 0x800027e4 (0x51a49e37) x28 0x51a49000
core   0: 0x800027e8 (0x02ec1663) bne     s8, a4, pc + 44
core   0: 3 0x800027e8 (0x02ec1663)
core   0: 0x80002814 (0xe4e36b13) ori     s6, t1, -434
core   0: 3 0x80002814 (0xe4e36b13) x22 0xfffffe4e
core   0: 0x80002818 (0x01954f33) xor     t5, a0, s9
core   0: 3 0x80002818 (0x01954f33) x30 0x80028961
core   0: 0x8000281c (0x00c84a33) xor     s4, a6, a2
core   0: 3 0x8000281c (0x00c84a33) x20 0xfffffd1f
core   0: 0x80002820 (0x016701b3) add     gp, a4, s6
core   0: 3 0x80002820 (0x016701b3) x 3 0xe9c064ed
core   0: 0x80002824 (0xca577193) andi    gp, a4, -859
core   0: 3 0x80002824 (0xca577193) x 3 0xe9c06485
core   0: 0x80002828 (0x014956b3) srl     a3, s2, s4
core   0: 3 0x80002828 (0x014956b3) x13 0x00000000
core   0: 0x8000282c (0x0028e533) or      a0, a7, sp
core   0: 3 0x8000282c (0x0028e533) x10 0x80028b65
core   0: 0x80002830 (0x035b6863) bltu    s6, s5, pc + 48
core   0: 3 0x80002830 (0x035b6863)
core   0: 0x80002834 (0x546df613) andi    a2, s11, 1350
core   0: 3 0x80002834 (0x546df613) x12 0x00000546
core   0: 0x80002838 (0xe4d00fb7) lui     t6, 0xe4d00
core   0: 3 0x80002838 (0xe4d00fb7) x31 0xe4d00000
core   0: 0x8000283c (0x4ba18a37) lui     s4, 0x4ba18
core   0: 3 0x8000283c (0x4ba18a37) x20 0x4ba18000
core   0: 0x80002840 (0x01351193) slli    gp, a0, 19
core   0: 3 0x80002840 (0x01351193) x 3 0x5b280000
core   0: 0x80002844 (0x00000013) nop
core   0: 3 0x80002844 (0x00000013)
core   0: 0x80002848 (0x0569f863) bgeu    s3, s6, pc + 80
core   0: 3 0x80002848 (0x0569f863)
core   0: 0x8000284c (0x04e54663) blt     a0, a4, pc + 76
core   0: 3 0x8000284c (0x04e54663)
core   0: 0x80002898 (0xaa54fa13) andi    s4, s1, -1371
core   0: 3 0x80002898 (0xaa54fa13) x20 0x800288a4
core   0: 0x8000289c (0x40215e93) srai    t4, sp, 2
core   0: 3 0x8000289c (0x40215e93) x29 0x00000000
core   0: 0x800028a0 (0x01f8f797) auipc   a5, 0x1f8f
core   0: 3 0x800028a0 (0x01f8f797) x15 0x81f918a0
core   0: 0x800028a4 (0x04b3f063) bgeu    t2, a1, pc + 64
core   0: 3 0x800028a4 (0x04b3f063)
core   0: 0x800028e4 (0xb6e66a13) ori     s4, a2, -1170
core   0: 3 0x800028e4 (0xb6e66a13) x20 0xffffff6e
core   0: 0x800028e8 (0x00008633) add     a2, ra, zero
core   0: 3 0x800028e8 (0x00008633) x12 0x963d139b
core   0: 0x800028ec (0x018c48b3) xor     a7, s8, s8
core   0: 3 0x800028ec (0x018c48b3) x17 0x00000000
core   0: 0x800028f0 (0x0169d813) srli    a6, s3, 22
core   0: 3 0x800028f0 (0x0169d813) x16 0x000003a7
core   0: 0x800028f4 (0x5d9e2e93) slti    t4, t3, 1497
core   0: 3 0x800028f4 (0x5d9e2e93) x29 0x00000000
core   0: 0x800028f8 (0x05d9c263) blt     s3, t4, pc + 68
core   0: 3 0x800028f8 (0x05d9c263)
core   0: 0x8000293c (0x0489f463) bgeu    s3, s0, pc + 72
core   0: 3 0x8000293c (0x0489f463)
core   0: 0x80002984 (0x01b131b3) sltu    gp, sp, s11
core   0: 3 0x80002984 (0x01b131b3) x 3 0x00000001
core   0: 0x80002988 (0xcc07a713) slti    a4, a5, -832
core   0: 3 0x80002988 (0xcc07a713) x14 0x00000001
core   0: 0x8000298c (0x4027d133) sra     sp, a5, sp
core   0: 3 0x8000298c (0x4027d133) x 2 0xc0fc8c50
core   0: 0x80002990 (0x00426c63) bltu    tp, tp, pc + 24
core   0: 3 0x80002990 (0x00426c63)
core   0: 0x80002994 (0x99105637) lui     a2, 0x99105
core   0: 3 0x80002994 (0x99105637) x12 0x99105000
core   0: 0x80002998 (0x0015f663) bgeu    a1, ra, pc + 12
core   0: 3 0x80002998 (0x0015f663)
core   0: 0x8000299c (0x044f1263) bne     t5, tp, pc + 68
core   0: 3 0x8000299c (0x044f1263)
core   0: 0x800029e0 (0x40a9ddb3) sra     s11, s3, a0
core   0: 3 0x800029e0 (0x40a9ddb3) x27 0xff4e0334
core   0: 0x800029e4 (0xb060f193) andi    gp, ra, -1274
core   0: 3 0x800029e4 (0xb060f193) x 3 0x963d1302
core   0: 0x800029e8 (0x01e54cb3) xor     s9, a0, t5
core   0: 3 0x800029e8 (0x01e54cb3) x25 0x00000204
core   0: 0x800029ec (0x01f45863) bge     s0, t6, pc + 16
core   0: 3 0x800029ec (0x01f45863)
core   0: 0x800029fc (0x023f6863) bltu    t5, gp, pc + 48
core   0: 3 0x800029fc (0x023f6863)
core   0: 0x80002a2c (0x41775d33) sra     s10, a4, s7
core   0: 3 0x80002a2c (0x41775d33) x26 0x00000000
core   0: 0x80002a30 (0x8da67413) andi    s0, a2, -1830
core   0: 3 0x80002a30 (0x8da67413) x 8 0x99105000
core   0: 0x80002a34 (0x04616863) bltu    sp, t1, pc + 80
core   0: 3 0x80002a34 (0x04616863)
core   0: 0x80002a38 (0x00d34833) xor     a6, t1, a3
core   0: 3 0x80002a38 (0x00d34833) x16 0x7a0b1000
core   0: 0x80002a3c (0x01c64fb3) xor     t6, a2, t3
core   0: 3 0x80002a3c (0x01c64fb3) x31 0xc8b4c000
core   0: 0x80002a40 (0x00000013) nop
core   0: 3 0x80002a40 (0x00000013)
core   0: 0x80002a44 (0x00000013) nop
core   0: 3 0x80002a44 (0x00000013)
core   0: 0x80002a48 (0x009119b3) sll     s3, sp, s1
core   0: 3 0x80002a48 (0x009119b3) x19 0x0fc8c500
core   0: 0x80002a4c (0x012fc233) xor     tp, t6, s2
core   0: 3 0x80002a4c (0x012fc233) x 4 0xc8b4c001
core   0: 0x80002a50 (0x41915093) srai    ra, sp, 25
core   0: 3 0x80002a50 (0x41915093) x 1 0xffffffe0
core   0: 0x80002a54 (0x00b17863) bgeu    sp, a1, pc + 16
core   0: 3 0x80002a54 (0x00b17863)
core   0: 0x80002a64 (0x01c09713) slli    a4, ra, 28
core   0: 3 0x80002a64 (0x01c09713) x14 0x00000000
core   0: 0x80002a68 (0x01809463) bne     ra, s8, pc + 8
core   0: 3 0x80002a68 (0x01809463)
core   0: 0x80002a70 (0x59500413) li      s0, 1429
core   0: 3 0x80002a70 (0x59500413) x 8 0x00000595
core   0: 0x80002a74 (0x007243b3) xor     t2, tp, t2
core   0: 3 0x80002a74 (0x007243b3) x 7 0xc8b4c000
core   0: 0x80002a78 (0x01b1b833) sltu    a6, gp, s11
core   0: 3 0x80002a78 (0x01b1b833) x16 0x00000001
core   0: 0x80002a7c (0xea4ab813) sltiu   a6, s5, -348
core   0: 3 0x80002a7c (0xea4ab813) x16 0x00000001
core   0: 0x80002a80 (0x019e8833) add     a6, t4, s9
core   0: 3 0x80002a80 (0x019e8833) x16 0x00000204
core   0: 0x80002a84 (0xbb1fb793) sltiu   a5, t6, -1103
core   0: 3 0x80002a84 (0xbb1fb793) x15 0x00000001
core   0: 0x80002a88 (0x01de7833) and     a6, t3, t4
core   0: 3 0x80002a88 (0x01de7833) x16 0x00000000
core   0: 0x80002a8c (0x3da70793) addi    a5, a4, 986
core   0: 3 0x80002a8c (0x3da70793) x15 0x000003da
core   0: 0x80002a90 (0x0000100f) fence.i
core   0: 3 0x80002a90 (0x0000100f)
core   0: 0x80002a94 (0x01fab6b3) sltu    a3, s5, t6
core   0: 3 0x80002a94 (0x01fab6b3) x13 0x00000000
core   0: 0x80002a98 (0x35466213) ori     tp, a2, 852
core   0: 3 0x80002a98 (0x35466213) x 4 0x99105354
core   0: 0x80002a9c (0x0cecedb7) lui     s11, 0xcece
core   0: 3 0x80002a9c (0x0cecedb7) x27 0x0cece000
core   0: 0x80002aa0 (0x01165693) srli    a3, a2, 17
core   0: 3 0x80002aa0 (0x01165693) x13 0x00004c88
core   0: 0x80002aa4 (0x006112b3) sll     t0, sp, t1
core   0: 3 0x80002aa4 (0x006112b3) x 5 0xc0fc8c50
core   0: 0x80002aa8 (0x40468fb3) sub     t6, a3, tp
core   0: 3 0x80002aa8 (0x40468fb3) x31 0x66eff934
core   0: 0x80002aac (0x063efc13) andi    s8, t4, 99
core   0: 3 0x80002aac (0x063efc13) x24 0x00000000
core   0: 0x80002ab0 (0x006b9e63) bne     s7, t1, pc + 28
core   0: 3 0x80002ab0 (0x006b9e63)
core   0: 0x80002acc (0x40b38d33) sub     s10, t2, a1
core   0: 3 0x80002acc (0x40b38d33) x26 0xc8b4bfff
core   0: 0x80002ad0 (0x01564d33) xor     s10, a2, s5
core   0: 3 0x80002ad0 (0x01564d33) x26 0x64a042bb
core   0: 0x80002ad4 (0x603a42b7) lui     t0, 0x603a4
core   0: 3 0x80002ad4 (0x603a42b7) x 5 0x603a4000
core   0: 0x80002ad8 (0x0180d313) srli    t1, ra, 24
core   0: 3 0x80002ad8 (0x0180d313) x 6 0x000000ff
core   0: 0x80002adc (0x01848533) add     a0, s1, s8
core   0: 3 0x80002adc (0x01848533) x10 0x80028ce4
core   0: 0x80002ae0 (0x41e4d5b3) sra     a1, s1, t5
core   0: 3 0x80002ae0 (0x41e4d5b3) x11 0xc0014672
core   0: 0x80002ae4 (0x018deeb3) or      t4, s11, s8
core   0: 3 0x80002ae4 (0x018deeb3) x29 0x0cece000
core   0: 0x80002ae8 (0x95a03a13) sltiu   s4, zero, -1702
core   0: 3 0x80002ae8 (0x95a03a13) x20 0x00000001
core   0: 0x80002aec (0x380733b7) lui     t2, 0x38073
core   0: 3 0x80002aec (0x380733b7) x 7 0x38073000
core   0: 0x80002af0 (0x06914513) xori    a0, sp, 105
core   0: 3 0x80002af0 (0x06914513) x10 0xc0fc8c39
core   0: 0x80002af4 (0xd2854f13) xori    t5, a0, -728
core   0: 3 0x80002af4 (0xd2854f13) x30 0x3f037111
core   0: 0x80002af8 (0x9e8f2593) slti    a1, t5, -1560
core   0: 3 0x80002af8 (0x9e8f2593) x11 0x00000000
core   0: 0x80002afc (0x40d7d113) srai    sp, a5, 13
core   0: 3 0x80002afc (0x40d7d113) x 2 0x00000000
core   0: 0x80002b00 (0xe03dca37) lui     s4, 0xe03dc
core   0: 3 0x80002b00 (0xe03dca37) x20 0xe03dc000
core   0: 0x80002b04 (0x0000100f) fence.i
core   0: 3 0x80002b04 (0x0000100f)
core   0: 0x80002b08 (0x01f510b3) sll     ra, a0, t6
core   0: 3 0x80002b08 (0x01f510b3) x 1 0xc3900000
core   0: 0x80002b0c (0x0983ce63) blt     t2, s8, pc + 156
core   0: 3 0x80002b0c (0x0983ce63)
core   0: 0x80002b10 (0x01c7b133) sltu    sp, a5, t3
core   0: 3 0x80002b10 (0x01c7b133) x 2 0x00000001
core   0: 0x80002b14 (0x0021b6b3) sltu    a3, gp, sp
core   0: 3 0x80002b14 (0x0021b6b3) x13 0x00000000
core   0: 0x80002b18 (0x01640833) add     a6, s0, s6
core   0: 3 0x80002b18 (0x01640833) x16 0x000003e3
core   0: 0x80002b1c (0xc5b5f213) andi    tp, a1, -933
core   0: 3 0x80002b1c (0xc5b5f213) x 4 0x00000000
core   0: 0x80002b20 (0x0ad64463) blt     a2, a3, pc + 168
core   0: 3 0x80002b20 (0x0ad64463)
core   0: 0x80002bc8 (0xc3c17737) lui     a4, 0xc3c17
core   0: 3 0x80002bc8 (0xc3c17737) x14 0xc3c17000
core   0: 0x80002bcc (0x0ff0000f) fence   iorw,iorw
core   0: 3 0x80002bcc (0x0ff0000f)
core   0: 0x80002bd0 (0x640faa13) slti    s4, t6, 1600
core   0: 3 0x80002bd0 (0x640faa13) x20 0x00000000
core   0: 0x80002bd4 (0x01b639b3) sltu    s3, a2, s11
core   0: 3 0x80002bd4 (0x01b639b3) x19 0x00000000
core   0: 0x80002bd8 (0x059df463) bgeu    s11, s9, pc + 72
core   0: 3 0x80002bd8 (0x059df463)
core   0: 0x80002c20 (0x00fb0d33) add     s10, s6, a5
core   0: 3 0x80002c20 (0x00fb0d33) x26 0x00000228
core   0: 0x80002c24 (0x01789893) slli    a7, a7, 23
core   0: 3 0x80002c24 (0x01789893) x17 0x00000000
core   0: 0x80002c28 (0x7d428713) addi    a4, t0, 2004
core   0: 3 0x80002c28 (0x7d428713) x14 0x603a47d4
core   0: 0x80002c2c (0xad3e3613) sltiu   a2, t3, -1325
core   0: 3 0x80002c2c (0xad3e3613) x12 0x00000001
core   0: 0x80002c30 (0x01885b33) srl     s6, a6, s8
core   0: 3 0x80002c30 (0x01885b33) x22 0x000003e3
core   0: 0x80002c34 (0xa6e538b7) lui     a7, 0xa6e53
core   0: 3 0x80002c34 (0xa6e538b7) x17 0xa6e53000
core   0: 0x80002c38 (0x4112dc93) srai    s9, t0, 17
core   0: 3 0x80002c38 (0x4112dc93) x25 0x0000301d
core   0: 0x80002c3c (0x018c7533) and     a0, s8, s8
core   0: 3 0x80002c3c (0x018c7533) x10 0x00000000
core   0: 0x80002c40 (0x010729b3) slt     s3, a4, a6
core   0: 3 0x80002c40 (0x010729b3) x19 0x00000000
core   0: 0x80002c44 (0x013ae1b3) or      gp, s5, s3
core   0: 3 0x80002c44 (0x013ae1b3) x 3 0xfdb012bb
core   0: 0x80002c48 (0x415283b3) sub     t2, t0, s5
core   0: 3 0x80002c48 (0x415283b3) x 7 0x628a2d45
core   0: 0x80002c4c (0x7b889137) lui     sp, 0x7b889
core   0: 3 0x80002c4c (0x7b889137) x 2 0x7b889000
core   0: 0x80002c50 (0x0000100f) fence.i
core   0: 3 0x80002c50 (0x0000100f)
core   0: 0x80002c54 (0x41616017) auipc   zero, 0x41616
core   0: 3 0x80002c54 (0x41616017)
core   0: 0x80002c58 (0x416c5f93) srai    t6, s8, 22
core   0: 3 0x80002c58 (0x416c5f93) x31 0x00000000
core   0: 0x80002c5c (0x03df8263) beq     t6, t4, pc + 36
core   0: 3 0x80002c5c (0x03df8263)
core   0: 0x80002c60 (0x70ae1db7) lui     s11, 0x70ae1
core   0: 3 0x80002c60 (0x70ae1db7) x27 0x70ae1000
core   0: 0x80002c64 (0x58a1b113) sltiu   sp, gp, 1418
core   0: 3 0x80002c64 (0x58a1b113) x 2 0x00000000
core   0: 0x80002c68 (0x00305a33) srl     s4, zero, gp
core   0: 3 0x80002c68 (0x00305a33) x20 0x00000000
core   0: 0x80002c6c (0x00f64b33) xor     s6, a2, a5
core   0: 3 0x80002c6c (0x00f64b33) x22 0x000003db
core   0: 0x80002c70 (0xc0e07693) andi    a3, zero, -1010
core   0: 3 0x80002c70 (0xc0e07693) x13 0x00000000
core   0: 0x80002c74 (0x0186c5b3) xor     a1, a3, s8
core   0: 3 0x80002c74 (0x0186c5b3) x11 0x00000000
core   0: 0x80002c78 (0x01d35d33) srl     s10, t1, t4
core   0: 3 0x80002c78 (0x01d35d33) x26 0x000000ff
core   0: 0x80002c7c (0xe82e9897) auipc   a7, 0xe82e9
core   0: 3 0x80002c7c (0xe82e9897) x17 0x682ebc7c
core   0: 0x80002c80 (0xf011b393) sltiu   t2, gp, -255
core   0: 3 0x80002c80 (0xf011b393) x 7 0x00000001
core   0: 0x80002c84 (0x0ff0000f) fence   iorw,iorw
core   0: 3 0x80002c84 (0x0ff0000f)
core   0: 0x80002c88 (0x020ec863) bltz    t4, pc + 48
core   0: 3 0x80002c88 (0x020ec863)
core   0: 0x80002c8c (0x00000013) nop
core   0: 3 0x80002c8c (0x00000013)
core   0: 0x80002c90 (0x2f856d93) ori     s11, a0, 760
core   0: 3 0x80002c90 (0x2f856d93) x27 0x000002f8
core   0: 0x80002c94 (0x4121db33) sra     s6, gp, s2
core   0: 3 0x80002c94 (0x4121db33) x22 0xfed8095d
core   0: 0x80002c98 (0x0ff0000f) fence   iorw,iorw
core   0: 3 0x80002c98 (0x0ff0000f)
core   0: 0x80002c9c (0xafc42113) slti    sp, s0, -1284
core   0: 3 0x80002c9c (0xafc42113) x 2 0x00000000
core   0: 0x80002ca0 (0x00d52d33) slt     s10, a0, a3
core   0: 3 0x80002ca0 (0x00d52d33) x26 0x00000000
core   0: 0x80002ca4 (0x030c7663) bgeu    s8, a6, pc + 44
core   0: 3 0x80002ca4 (0x030c7663)
core   0: 0x80002ca8 (0x4019de93) srai    t4, s3, 1
core   0: 3 0x80002ca8 (0x4019de93) x29 0x00000000
core   0: 0x80002cac (0x059cf063) bgeu    s9, s9, pc + 64
core   0: 3 0x80002cac (0x059cf063)
core   0: 0x80002cec (0x00037c63) bgeu    t1, zero, pc + 24
core   0: 3 0x80002cec (0x00037c63)
core   0: 0x80002d04 (0x01e4d193) srli    gp, s1, 30
core   0: 3 0x80002d04 (0x01e4d193) x 3 0x00000002
core   0: 0x80002d08 (0x05731863) bne     t1, s7, pc + 80
core   0: 3 0x80002d08 (0x05731863)
core   0: 0x80002d58 (0x40a25c93) srai    s9, tp, 10
core   0: 3 0x80002d58 (0x40a25c93) x25 0x00000000
core   0: 0x80002d5c (0x03847263) bgeu    s0, s8, pc + 36
core   0: 3 0x80002d5c (0x03847263)
core   0: 0x80002d80 (0x00d60b33) add     s6, a2, a3
core   0: 3 0x80002d80 (0x00d60b33) x22 0x00000001
core   0: 0x80002d84 (0x00ef1993) slli    s3, t5, 14
core   0: 3 0x80002d84 (0x00ef1993) x19 0xdc444000
core   0: 0x80002d88 (0x00000013) nop
core   0: 3 0x80002d88 (0x00000013)
core   0: 0x80002d8c (0x02f16e63) bltu    sp, a5, pc + 60
core   0: 3 0x80002d8c (0x02f16e63)
core   0: 0x80002dc8 (0x01bd7c33) and     s8, s10, s11
core   0: 3 0x80002dc8 (0x01bd7c33) x24 0x00000000
core   0: 0x80002dcc (0x00000013) nop
core   0: 3 0x80002dcc (0x00000013)
core   0: 0x80002dd0 (0x40490433) sub     s0, s2, tp
core   0: 3 0x80002dd0 (0x40490433) x 8 0x00000001
core   0: 0x80002dd4 (0xaad309b7) lui     s3, 0xaad30
core   0: 3 0x80002dd4 (0xaad309b7) x19 0xaad30000
core   0: 0x80002dd8 (0x02b25663) bge     tp, a1, pc + 44
core   0: 3 0x80002dd8 (0x02b25663)
core   0: 0x80002e04 (0x01331533) sll     a0, t1, s3
core   0: 3 0x80002e04 (0x01331533) x10 0x000000ff
core   0: 0x80002e08 (0x005f4733) xor     a4, t5, t0
core   0: 3 0x80002e08 (0x005f4733) x14 0x5f393111
core   0: 0x80002e0c (0x04655263) bge     a0, t1, pc + 68
core   0: 3 0x80002e0c (0x04655263)
core   0: 0x80002e50 (0x50cdb213) sltiu   tp, s11, 1292
core   0: 3 0x80002e50 (0x50cdb213) x 4 0x00000001
core   0: 0x80002e54 (0x686dbcb7) lui     s9, 0x686db
core   0: 3 0x80002e54 (0x686dbcb7) x25 0x686db000
core   0: 0x80002e58 (0x01a16463) bltu    sp, s10, pc + 8
core   0: 3 0x80002e58 (0x01a16463)
core   0: 0x80002e5c (0x09ebcc63) blt     s7, t5, pc + 152
core   0: 3 0x80002e5c (0x09ebcc63)
core   0: 0x80002ef4 (0x01f20863) beq     tp, t6, pc + 16
core   0: 3 0x80002ef4 (0x01f20863)
core   0: 0x80002ef8 (0x919b8213) addi    tp, s7, -1767
core   0: 3 0x80002ef8 (0x919b8213) x 4 0x8002477d
core   0: 0x80002efc (0x400f56b3) sra     a3, t5, zero
core   0: 3 0x80002efc (0x400f56b3) x13 0x3f037111
core   0: 0x80002f00 (0x00000013) nop
core   0: 3 0x80002f00 (0x00000013)
core   0: 0x80002f04 (0x007531b3) sltu    gp, a0, t2
core   0: 3 0x80002f04 (0x007531b3) x 3 0x00000000
core   0: 0x80002f08 (0x049f0463) beq     t5, s1, pc + 72
core   0: 3 0x80002f08 (0x049f0463)
core   0: 0x80002f0c (0x0000100f) fence.i
core   0: 3 0x80002f0c (0x0000100f)
core   0: 0x80002f10 (0x01f73433) sltu    s0, a4, t6
core   0: 3 0x80002f10 (0x01f73433) x 8 0x00000000
core   0: 0x80002f14 (0x40ad2a17) auipc   s4, 0x40ad2
core   0: 3 0x80002f14 (0x40ad2a17) x20 0xc0ad4f14
core   0: 0x80002f18 (0x000395b3) sll     a1, t2, zero
core   0: 3 0x80002f18 (0x000395b3) x11 0x00000001
core   0: 0x80002f1c (0x40165eb3) sra     t4, a2, ra
core   0: 3 0x80002f1c (0x40165eb3) x29 0x00000001
core   0: 0x80002f20 (0xf8d97993) andi    s3, s2, -115
core   0: 3 0x80002f20 (0xf8d97993) x19 0x00000001
core   0: 0x80002f24 (0x007c1d13) slli    s10, s8, 7
core   0: 3 0x80002f24 (0x007c1d13) x26 0x00000000
core   0: 0x80002f28 (0x0000100f) fence.i
core   0: 3 0x80002f28 (0x0000100f)
core   0: 0x80002f2c (0x9e443d13) sltiu   s10, s0, -1564
core   0: 3 0x80002f2c (0x9e443d13) x26 0x00000001
core   0: 0x80002f30 (0x00b3c8b3) xor     a7, t2, a1
core   0: 3 0x80002f30 (0x00b3c8b3) x17 0x00000000
core   0: 0x80002f34 (0x018f85b3) add     a1, t6, s8
core   0: 3 0x80002f34 (0x018f85b3) x11 0x00000000
core   0: 0x80002f38 (0x00d79993) slli    s3, a5, 13
core   0: 3 0x80002f38 (0x00d79993) x19 0x007b4000
core   0: 0x80002f3c (0x005e1cb3) sll     s9, t3, t0
core   0: 3 0x80002f3c (0x005e1cb3) x25 0x51a49000
core   0: 0x80002f40 (0x0abce313) ori     t1, s9, 171
core   0: 3 0x80002f40 (0x0abce313) x 6 0x51a490ab
core   0: 0x80002f44 (0x61da6013) ori     zero, s4, 1565
core   0: 3 0x80002f44 (0x61da6013)
core   0: 0x80002f48 (0x0ff0000f) fence   iorw,iorw
core   0: 3 0x80002f48 (0x0ff0000f)
core   0: 0x80002f4c (0xea7c0913) addi    s2, s8, -345
core   0: 3 0x80002f4c (0xea7c0913) x18 0xfffffea7
core   0: 0x80002f50 (0x0028ce33) xor     t3, a7, sp
core   0: 3 0x80002f50 (0x0028ce33) x28 0x00000000
core   0: 0x80002f54 (0xe4757693) andi    a3, a0, -441
core   0: 3 0x80002f54 (0xe4757693) x13 0x00000047
core   0: 0x80002f58 (0x0000100f) fence.i
core   0: 3 0x80002f58 (0x0000100f)
core   0: 0x80002f5c (0x053ee263) bltu    t4, s3, pc + 68
core   0: 3 0x80002f5c (0x053ee263)
core   0: 0x80002fa0 (0x0f0d3917) auipc   s2, 0xf0d3
core   0: 3 0x80002fa0 (0x0f0d3917) x18 0x8f0d5fa0
core   0: 0x80002fa4 (0x01105463) bge     zero, a7, pc + 8
core   0: 3 0x80002fa4 (0x01105463)
core   0: 0x80002fac (0x0000100f) fence.i
core   0: 3 0x80002fac (0x0000100f)
core   0: 0x80002fb0 (0xea101b17) auipc   s6, 0xea101
core   0: 3 0x80002fb0 (0xea101b17) x22 0x6a103fb0
core   0: 0x80002fb4 (0x01cdc663) blt     s11, t3, pc + 12
core   0: 3 0x80002fb4 (0x01cdc663)
core   0: 0x80002fb8 (0x0068d8b3) srl     a7, a7, t1
core   0: 3 0x80002fb8 (0x0068d8b3) x17 0x00000000
core   0: 0x80002fbc (0x05004663) blt     zero, a6, pc + 76
core   0: 3 0x80002fbc (0x05004663)
core   0: 0x80003008 (0x27694797) auipc   a5, 0x27694
core   0: 3 0x80003008 (0x27694797) x15 0xa7697008
core   0: 0x8000300c (0x015f5d33) srl     s10, t5, s5
core   0: 3 0x8000300c (0x015f5d33) x26 0x00000007
core   0: 0x80003010 (0x035c8863) beq     s9, s5, pc + 48
core   0: 3 0x80003010 (0x035c8863)
core   0: 0x80003014 (0x00fb9333) sll     t1, s7, a5
core   0: 3 0x80003014 (0x00fb9333) x 6 0x024e6400
core   0: 0x80003018 (0x00dab7b3) sltu    a5, s5, a3
core   0: 3 0x80003018 (0x00dab7b3) x15 0x00000000
core   0: 0x8000301c (0xcb726693) ori     a3, tp, -841
core   0: 3 0x8000301c (0xcb726693) x13 0xffffffff
core   0: 0x80003020 (0xdd607013) andi    zero, zero, -554
core   0: 3 0x80003020 (0xdd607013)
core   0: 0x80003024 (0xb4276393) ori     t2, a4, -1214
core   0: 3 0x80003024 (0xb4276393) x 7 0xfffffb53
core   0: 0x80003028 (0x05548863) beq     s1, s5, pc + 80
core   0: 3 0x80003028 (0x05548863)
core   0: 0x8000302c (0x960d8e93) addi    t4, s11, -1696
core   0: 3 0x8000302c (0x960d8e93) x29 0xfffffc58
core   0: 0x80003030 (0x0000100f) fence.i
core   0: 3 0x80003030 (0x0000100f)
core   0: 0x80003034 (0x47446f13) ori     t5, s0, 1140
core   0: 3 0x80003034 (0x47446f13) x30 0x00000474
core   0: 0x80003038 (0x019fe833) or      a6, t6, s9
core   0: 3 0x80003038 (0x019fe833) x16 0x51a49000
core   0: 0x8000303c (0x86a5f037) lui     zero, 0x86a5f
core   0: 3 0x8000303c (0x86a5f037)
core   0: 0x80003040 (0x000953b3) srl     t2, s2, zero
core   0: 3 0x80003040 (0x000953b3) x 7 0x8f0d5fa0
core   0: 0x80003044 (0x40725193) srai    gp, tp, 7
core   0: 3 0x80003044 (0x40725193) x 3 0xff00048e
core   0: 0x80003048 (0x013fd093) srli    ra, t6, 19
core   0: 3 0x80003048 (0x013fd093) x 1 0x00000000
core   0: 0x8000304c (0x417ddf13) srai    t5, s11, 23
core   0: 3 0x8000304c (0x417ddf13) x30 0x00000000
core   0: 0x80003050 (0x016f9e63) bne     t6, s6, pc + 28
core   0: 3 0x80003050 (0x016f9e63)
core   0: 0x8000306c (0x040f1863) bnez    t5, pc + 80
core   0: 3 0x8000306c (0x040f1863)
core   0: 0x80003070 (0x1be6c313) xori    t1, a3, 446
core   0: 3 0x80003070 (0x1be6c313) x 6 0xfffffe41
core   0: 0x80003074 (0x05e11263) bne     sp, t5, pc + 68
core   0: 3 0x80003074 (0x05e11263)
core   0: 0x80003078 (0x922e2093) slti    ra, t3, -1758
core   0: 3 0x80003078 (0x922e2093) x 1 0x00000000
core   0: 0x8000307c (0x272c7213) andi    tp, s8, 626
core   0: 3 0x8000307c (0x272c7213) x 4 0x00000000
core   0: 0x80003080 (0x012eff33) and     t5, t4, s2
core   0: 3 0x80003080 (0x012eff33) x30 0x8f0d5c00
core   0: 0x80003084 (0x00f76a33) or      s4, a4, a5
core   0: 3 0x80003084 (0x00f76a33) x20 0x5f393111
core   0: 0x80003088 (0x00111a33) sll     s4, sp, ra
core   0: 3 0x80003088 (0x00111a33) x20 0x00000000
core   0: 0x8000308c (0x5d9e0893) addi    a7, t3, 1497
core   0: 3 0x8000308c (0x5d9e0893) x17 0x000005d9
core   0: 0x80003090 (0x00000013) nop
core   0: 3 0x80003090 (0x00000013)
core   0: 0x80003094 (0x01409d13) slli    s10, ra, 20
core   0: 3 0x80003094 (0x01409d13) x26 0x00000000
core   0: 0x80003098 (0x0572c863) blt     t0, s7, pc + 80
core   0: 3 0x80003098 (0x0572c863)
core   0: 0x8000309c (0x010ce3b3) or      t2, s9, a6
core   0: 3 0x8000309c (0x010ce3b3) x 7 0x51a49000
core   0: 0x800030a0 (0x020f4e63) bltz    t5, pc + 60
core   0: 3 0x800030a0 (0x020f4e63)
core   0: 0x800030dc (0x007d8f33) add     t5, s11, t2
core   0: 3 0x800030dc (0x007d8f33) x30 0x51a492f8
core   0: 0x800030e0 (0x00e25e63) bge     tp, a4, pc + 28
core   0: 3 0x800030e0 (0x00e25e63)
core   0: 0x800030e4 (0x002c38b3) sltu    a7, s8, sp
core   0: 3 0x800030e4 (0x002c38b3) x17 0x00000000
core   0: 0x800030e8 (0x00369eb3) sll     t4, a3, gp
core   0: 3 0x800030e8 (0x00369eb3) x29 0xffffc000
core   0: 0x800030ec (0xf30b5a37) lui     s4, 0xf30b5
core   0: 3 0x800030ec (0xf30b5a37) x20 0xf30b5000
core   0: 0x800030f0 (0x017df633) and     a2, s11, s7
core   0: 3 0x800030f0 (0x017df633) x12 0x00000260
core   0: 0x800030f4 (0x00429713) slli    a4, t0, 4
core   0: 3 0x800030f4 (0x00429713) x14 0x03a40000
core   0: 0x800030f8 (0x01687433) and     s0, a6, s6
core   0: 3 0x800030f8 (0x01687433) x 8 0x40001000
core   0: 0x800030fc (0x00cfddb3) srl     s11, t6, a2
core   0: 3 0x800030fc (0x00cfddb3) x27 0x00000000
core   0: 0x80003100 (0x01171093) slli    ra, a4, 17
core   0: 3 0x80003100 (0x01171093) x 1 0x00000000
core   0: 0x80003104 (0x3c6e7513) andi    a0, t3, 966
core   0: 3 0x80003104 (0x3c6e7513) x10 0x00000000
core   0: 0x80003108 (0x129aad13) slti    s10, s5, 297
core   0: 3 0x80003108 (0x129aad13) x26 0x00000001
core   0: 0x8000310c (0x04144463) blt     s0, ra, pc + 72
core   0: 3 0x8000310c (0x04144463)
core   0: 0x80003110 (0x40060cb3) sub     s9, a2, zero
core   0: 3 0x80003110 (0x40060cb3) x25 0x00000260
core   0: 0x80003114 (0x40995a13) srai    s4, s2, 9
core   0: 3 0x80003114 (0x40995a13) x20 0xffc786af
core   0: 0x80003118 (0x005f2d33) slt     s10, t5, t0
core   0: 3 0x80003118 (0x005f2d33) x26 0x00000001
core   0: 0x8000311c (0x96de6693) ori     a3, t3, -1683
core   0: 3 0x8000311c (0x96de6693) x13 0xfffff96d
core   0: 0x80003120 (0x01c24863) blt     tp, t3, pc + 16
core   0: 3 0x80003120 (0x01c24863)
core   0: 0x80003124 (0x37f3ee93) ori     t4, t2, 895
core   0: 3 0x80003124 (0x37f3ee93) x29 0x51a4937f
core   0: 0x80003128 (0xc48ac113) xori    sp, s5, -952
core   0: 3 0x80003128 (0xc48ac113) x 2 0x024feef3
core   0: 0x8000312c (0x0000100f) fence.i
core   0: 3 0x8000312c (0x0000100f)
core   0: 0x80003130 (0x15f7bc13) sltiu   s8, a5, 351
core   0: 3 0x80003130 (0x15f7bc13) x24 0x00000001
core   0: 0x80003134 (0x40cfdeb3) sra     t4, t6, a2
core   0: 3 0x80003134 (0x40cfdeb3) x29 0x00000000
core   0: 0x80003138 (0x01f96db3) or      s11, s2, t6
core   0: 3 0x80003138 (0x01f96db3) x27 0x8f0d5fa0
core   0: 0x8000313c (0xea3fc513) xori    a0, t6, -349
core   0: 3 0x8000313c (0xea3fc513) x10 0xfffffea3
core   0: 0x80003140 (0x7df8c597) auipc   a1, 0x7df8c
core   0: 3 0x80003140 (0x7df8c597) x11 0xfdf8f140
core   0: 0x80003144 (0x17d05c97) auipc   s9, 0x17d05
core   0: 3 0x80003144 (0x17d05c97) x25 0x97d08144
core   0: 0x80003148 (0x006a5093) srli    ra, s4, 6
core   0: 3 0x80003148 (0x006a5093) x 1 0x03ff1e1a
core   0: 0x8000314c (0x00e565b3) or      a1, a0, a4
core   0: 3 0x8000314c (0x00e565b3) x11 0xfffffea3
core   0: 0x80003150 (0x00cc39b3) sltu    s3, s8, a2
core   0: 3 0x80003150 (0x00cc39b3) x19 0x00000001
core   0: 0x80003154 (0x41ec0e33) sub     t3, s8, t5
core   0: 3 0x80003154 (0x41ec0e33) x28 0xae5b6d09
core   0: 0x80003158 (0x01f2a5b3) slt     a1, t0, t6
core   0: 3 0x80003158 (0x01f2a5b3) x11 0x00000000
core   0: 0x8000315c (0x00116333) or      t1, sp, ra
core   0: 3 0x8000315c (0x00116333) x 6 0x03fffefb
core   0: 0x80003160 (0x2b796293) ori     t0, s2, 695
core   0: 3 0x80003160 (0x2b796293) x 5 0x8f0d5fb7
core   0: 0x80003164 (0x419e82b3) sub     t0, t4, s9
core   0: 3 0x80003164 (0x419e82b3) x 5 0x682f7ebc
core   0: 0x80003168 (0xac89f593) andi    a1, s3, -1336
core   0: 3 0x80003168 (0xac89f593) x11 0x00000000
core   0: 0x8000316c (0x04571463) bne     a4, t0, pc + 72
core   0: 3 0x8000316c (0x04571463)
core   0: 0x800031b4 (0x40800733) sub     a4, zero, s0
core   0: 3 0x800031b4 (0x40800733) x14 0xbffff000
core   0: 0x800031b8 (0xbe826013) ori     zero, tp, -1048
core   0: 3 0x800031b8 (0xbe826013)
core   0: 0x800031bc (0x056e5263) bge     t3, s6, pc + 68
core   0: 3 0x800031bc (0x056e5263)
core   0: 0x800031c0 (0x31036f13) ori     t5, t1, 784
core   0: 3 0x800031c0 (0x31036f13) x30 0x03fffffb
core   0: 0x800031c4 (0x00d85133) srl     sp, a6, a3
core   0: 3 0x800031c4 (0x00d85133) x 2 0x00028d24
core   0: 0x800031c8 (0x414a5e33) sra     t3, s4, s4
core   0: 3 0x800031c8 (0x414a5e33) x28 0xffffff8f
core   0: 0x800031cc (0x0ff0000f) fence   iorw,iorw
core   0: 3 0x800031cc (0x0ff0000f)
core   0: 0x800031d0 (0x0552d1b7) lui     gp, 0x552d
core   0: 3 0x800031d0 (0x0552d1b7) x 3 0x0552d000
core   0: 0x800031d4 (0x01c29463) bne     t0, t3, pc + 8
core   0: 3 0x800031d4 (0x01c29463)
core   0: 0x800031dc (0x008ea233) slt     tp, t4, s0
core   0: 3 0x800031dc (0x008ea233) x 4 0x00000001
core   0: 0x800031e0 (0x83c3be17) auipc   t3, 0x83c3b
core   0: 3 0x800031e0 (0x83c3be17) x28 0x03c3e1e0
core   0: 0x800031e4 (0x01a8c633) xor     a2, a7, s10
core   0: 3 0x800031e4 (0x01a8c633) x12 0x00000001
core   0: 0x800031e8 (0x16238593) addi    a1, t2, 354
core   0: 3 0x800031e8 (0x16238593) x11 0x51a49162
core   0: 0x800031ec (0x9cb6e817) auipc   a6, 0x9cb6e
core   0: 3 0x800031ec (0x9cb6e817) x16 0x1cb711ec
core   0: 0x800031f0 (0x01b78a33) add     s4, a5, s11
core   0: 3 0x800031f0 (0x01b78a33) x20 0x8f0d5fa0
core   0: 0x800031f4 (0x04597893) andi    a7, s2, 69
core   0: 3 0x800031f4 (0x04597893) x17 0x00000000
core   0: 0x800031f8 (0x007a1b33) sll     s6, s4, t2
core   0: 3 0x800031f8 (0x007a1b33) x22 0x8f0d5fa0
core   0: 0x800031fc (0x0037afb3) slt     t6, a5, gp
core   0: 3 0x800031fc (0x0037afb3) x31 0x00000001
core   0: 0x80003200 (0x00665093) srli    ra, a2, 6
core   0: 3 0x80003200 (0x00665093) x 1 0x00000000
core   0: 0x80003204 (0x00000013) nop
core   0: 3 0x80003204 (0x00000013)
core   0: 0x80003208 (0x00f7cdb3) xor     s11, a5, a5
core   0: 3 0x80003208 (0x00f7cdb3) x27 0x00000000
core   0: 0x8000320c (0x9cac2d93) slti    s11, s8, -1590
core   0: 3 0x8000320c (0x9cac2d93) x27 0x00000000
core   0: 0x80003210 (0x04518863) beq     gp, t0, pc + 80
core   0: 3 0x80003210 (0x04518863)
core   0: 0x80003214 (0x1c526993) ori     s3, tp, 453
core   0: 3 0x80003214 (0x1c526993) x19 0x000001c5
core   0: 0x80003218 (0xee3c6393) ori     t2, s8, -285
core   0: 3 0x80003218 (0xee3c6393) x 7 0xfffffee3
core   0: 0x8000321c (0x04a28263) beq     t0, a0, pc + 68
core   0: 3 0x8000321c (0x04a28263)
core   0: 0x80003220 (0x017090b3) sll     ra, ra, s7
core   0: 3 0x80003220 (0x017090b3) x 1 0x00000000
core   0: 0x80003224 (0x013e7863) bgeu    t3, s3, pc + 16
core   0: 3 0x80003224 (0x013e7863)
core   0: 0x80003234 (0x269de813) ori     a6, s11, 617
core   0: 3 0x80003234 (0x269de813) x16 0x00000269
core   0: 0x80003238 (0x41195b13) srai    s6, s2, 17
core   0: 3 0x80003238 (0x41195b13) x22 0xffffc786
core   0: 0x8000323c (0x40a85533) sra     a0, a6, a0
core   0: 3 0x8000323c (0x40a85533) x10 0x0000004d
core   0: 0x80003240 (0x03888663) beq     a7, s8, pc + 44
core   0: 3 0x80003240 (0x03888663)
core   0: 0x80003244 (0x00835093) srli    ra, t1, 8
core   0: 3 0x80003244 (0x00835093) x 1 0x0003fffe
core   0: 0x80003248 (0x41b985b3) sub     a1, s3, s11
core   0: 3 0x80003248 (0x41b985b3) x11 0x000001c5
core   0: 0x8000324c (0x02715863) bge     sp, t2, pc + 48
core   0: 3 0x8000324c (0x02715863)
core   0: 0x8000327c (0x0057a633) slt     a2, a5, t0
core   0: 3 0x8000327c (0x0057a633) x12 0x00000001
core   0: 0x80003280 (0x13fc0d93) addi    s11, s8, 319
core   0: 3 0x80003280 (0x13fc0d93) x27 0x00000140
core   0: 0x80003284 (0xfbaa0613) addi    a2, s4, -70
core   0: 3 0x80003284 (0xfbaa0613) x12 0x8f0d5f5a
core   0: 0x80003288 (0x01261293) slli    t0, a2, 18
core   0: 3 0x80003288 (0x01261293) x 5 0x7d680000
core   0: 0x8000328c (0x01dee733) or      a4, t4, t4
core   0: 3 0x8000328c (0x01dee733) x14 0x00000000
core   0: 0x80003290 (0x03821e63) bne     tp, s8, pc + 60
core   0: 3 0x80003290 (0x03821e63)
core   0: 0x80003294 (0x01e666b3) or      a3, a2, t5
core   0: 3 0x80003294 (0x01e666b3) x13 0x8ffffffb
core   0: 0x80003298 (0x0ff0000f) fence   iorw,iorw
core   0: 3 0x80003298 (0x0ff0000f)
core   0: 0x8000329c (0x02ae4863) blt     t3, a0, pc + 48
core   0: 3 0x8000329c (0x02ae4863)
core   0: 0x800032a0 (0x00db56b3) srl     a3, s6, a3
core   0: 3 0x800032a0 (0x00db56b3) x13 0x0000001f
core   0: 0x800032a4 (0x419dd6b3) sra     a3, s11, s9
core   0: 3 0x800032a4 (0x419dd6b3) x13 0x00000014
core   0: 0x800032a8 (0x05a05463) bge     zero, s10, pc + 72
core   0: 3 0x800032a8 (0x05a05463)
core   0: 0x800032ac (0x41ec8033) sub     zero, s9, t5
core   0: 3 0x800032ac (0x41ec8033)
core   0: 0x800032b0 (0x6bb26e13) ori     t3, tp, 1723
core   0: 3 0x800032b0 (0x6bb26e13) x28 0x000006bb
core   0: 0x800032b4 (0x41175213) srai    tp, a4, 17
core   0: 3 0x800032b4 (0x41175213) x 4 0x00000000
core   0: 0x800032b8 (0x00f89693) slli    a3, a7, 15
core   0: 3 0x800032b8 (0x00f89693) x13 0x00000000
core   0: 0x800032bc (0x3a075717) auipc   a4, 0x3a075
core   0: 3 0x800032bc (0x3a075717) x14 0xba0782bc
core   0: 0x800032c0 (0x0160cf33) xor     t5, ra, s6
core   0: 3 0x800032c0 (0x0160cf33) x30 0xfffc3878
core   0: 0x800032c4 (0x005a1513) slli    a0, s4, 5
core   0: 3 0x800032c4 (0x005a1513) x10 0xe1abf400
core   0: 0x800032c8 (0x011bd833) srl     a6, s7, a7
core   0: 3 0x800032c8 (0x011bd833) x16 0x80024e64
core   0: 0x800032cc (0x0019de13) srli    t3, s3, 1
core   0: 3 0x800032cc (0x0019de13) x28 0x000000e2
core   0: 0x800032d0 (0x00c6de63) bge     a3, a2, pc + 28
core   0: 3 0x800032d0 (0x00c6de63)
core   0: 0x800032ec (0x00b3a333) slt     t1, t2, a1
core   0: 3 0x800032ec (0x00b3a333) x 6 0x00000001
core   0: 0x800032f0 (0xe3512513) slti    a0, sp, -459
core   0: 3 0x800032f0 (0xe3512513) x10 0x00000000
core   0: 0x800032f4 (0x03cb1263) bne     s6, t3, pc + 36
core   0: 3 0x800032f4 (0x03cb1263)
core   0: 0x80003318 (0x00c18b33) add     s6, gp, a2
core   0: 3 0x80003318 (0x00c18b33) x22 0x94602f5a
core   0: 0x8000331c (0x0825dc63) bge     a1, sp, pc + 152
core   0: 3 0x8000331c (0x0825dc63)
core   0: 0x80003320 (0x407c8733) sub     a4, s9, t2
core   0: 3 0x80003320 (0x407c8733) x14 0x97d08261
core   0: 0x80003324 (0x09510c63) beq     sp, s5, pc + 152
core   0: 3 0x80003324 (0x09510c63)
core   0: 0x80003328 (0x6bd9a513) slti    a0, s3, 1725
core   0: 3 0x80003328 (0x6bd9a513) x10 0x00000001
core   0: 0x8000332c (0x0ff0000f) fence   iorw,iorw
core   0: 3 0x8000332c (0x0ff0000f)
core   0: 0x80003330 (0x00543833) sltu    a6, s0, t0
core   0: 3 0x80003330 (0x00543833) x16 0x00000001
core   0: 0x80003334 (0x06b35263) bge     t1, a1, pc + 100
core   0: 3 0x80003334 (0x06b35263)
core   0: 0x80003338 (0x09e89863) bne     a7, t5, pc + 144
core   0: 3 0x80003338 (0x09e89863)
core   0: 0x800033c8 (0x017b9713) slli    a4, s7, 23
core   0: 3 0x800033c8 (0x017b9713) x14 0x32000000
core   0: 0x800033cc (0x01e49313) slli    t1, s1, 30
core   0: 3 0x800033cc (0x01e49313) x 6 0x00000000
core   0: 0x800033d0 (0x41f75d33) sra     s10, a4, t6
core   0: 3 0x800033d0 (0x41f75d33) x26 0x19000000
core   0: 0x800033d4 (0x018c7533) and     a0, s8, s8
core   0: 3 0x800033d4 (0x018c7533) x10 0x00000001
core   0: 0x800033d8 (0x0159d513) srli    a0, s3, 21
core   0: 3 0x800033d8 (0x0159d513) x10 0x00000000
core   0: 0x800033dc (0x00ab5c93) srli    s9, s6, 10
core   0: 3 0x800033dc (0x00ab5c93) x25 0x0025180b
core   0: 0x800033e0 (0x016bd593) srli    a1, s7, 22
core   0: 3 0x800033e0 (0x016bd593) x11 0x00000200
core   0: 0x800033e4 (0x01ed7933) and     s2, s10, t5
core   0: 3 0x800033e4 (0x01ed7933) x18 0x19000000
core   0: 0x800033e8 (0x008418b3) sll     a7, s0, s0
core   0: 3 0x800033e8 (0x008418b3) x17 0x40001000
core   0: 0x800033ec (0x01995663) bge     s2, s9, pc + 12
core   0: 3 0x800033ec (0x01995663)
core   0: 0x800033f8 (0xaaddff13) andi    t5, s11, -1363
core   0: 3 0x800033f8 (0xaaddff13) x30 0x00000000
core   0: 0x800033fc (0x0156f333) and     t1, a3, s5
core   0: 3 0x800033fc (0x0156f333) x 6 0x00000000
core   0: 0x80003400 (0x005a1933) sll     s2, s4, t0
core   0: 3 0x80003400 (0x005a1933) x18 0x8f0d5fa0
core   0: 0x80003404 (0x00c01993) slli    s3, zero, 12
core   0: 3 0x80003404 (0x00c01993) x19 0x00000000
core   0: 0x80003408 (0x010a5013) srli    zero, s4, 16
core   0: 3 0x80003408 (0x010a5013)
core   0: 0x8000340c (0x01c5e633) or      a2, a1, t3
core   0: 3 0x8000340c (0x01c5e633) x12 0x000002e2
core   0: 0x80003410 (0x028c8663) beq     s9, s0, pc + 44
core   0: 3 0x80003410 (0x028c8663)
core   0: 0x80003414 (0x017b01b3) add     gp, s6, s7
core   0: 3 0x80003414 (0x017b01b3) x 3 0x14627dbe
core   0: 0x80003418 (0xbc75b213) sltiu   tp, a1, -1081
core   0: 3 0x80003418 (0xbc75b213) x 4 0x00000001
core   0: 0x8000341c (0x01345e13) srli    t3, s0, 19
core   0: 3 0x8000341c (0x01345e13) x28 0x00000800
core   0: 0x80003420 (0x010dd633) srl     a2, s11, a6
core   0: 3 0x80003420 (0x010dd633) x12 0x000000a0
core   0: 0x80003424 (0x00ffcb33) xor     s6, t6, a5
core   0: 3 0x80003424 (0x00ffcb33) x22 0x00000001
core   0: 0x80003428 (0x4b923797) auipc   a5, 0x4b923
core   0: 3 0x80003428 (0x4b923797) x15 0xcb926428
core   0: 0x8000342c (0xfc492193) slti    gp, s2, -60
core   0: 3 0x8000342c (0xfc492193) x 3 0x00000001
core   0: 0x80003430 (0x5da58813) addi    a6, a1, 1498
core   0: 3 0x80003430 (0x5da58813) x16 0x000007da
core   0: 0x80003434 (0x4185df33) sra     t5, a1, s8
core   0: 3 0x80003434 (0x4185df33) x30 0x00000100
core   0: 0x80003438 (0x412253b3) sra     t2, tp, s2
core   0: 3 0x80003438 (0x412253b3) x 7 0x00000001
core   0: 0x8000343c (0x689fc393) xori    t2, t6, 1673
core   0: 3 0x8000343c (0x689fc393) x 7 0x00000688
core   0: 0x80003440 (0x005a7463) bgeu    s4, t0, pc + 8
core   0: 3 0x80003440 (0x005a7463)
core   0: 0x80003448 (0x05f78863) beq     a5, t6, pc + 80
core   0: 3 0x80003448 (0x05f78863)
core   0: 0x8000344c (0x002a4733) xor     a4, s4, sp
core   0: 3 0x8000344c (0x002a4733) x14 0x8f0fd284
core   0: 0x80003450 (0x41a88f33) sub     t5, a7, s10
core   0: 3 0x80003450 (0x41a88f33) x30 0x27001000
core   0: 0x80003454 (0x00089313) slli    t1, a7, 0
core   0: 3 0x80003454 (0x00089313) x 6 0x40001000
core   0: 0x80003458 (0x047f5463) bge     t5, t2, pc + 72
core   0: 3 0x80003458 (0x047f5463)
core   0: 0x800034a0 (0x05060263) beq     a2, a6, pc + 68
core   0: 3 0x800034a0 (0x05060263)
core   0: 0x800034a4 (0x01efa033) slt     zero, t6, t5
core   0: 3 0x800034a4 (0x01efa033)
core   0: 0x800034a8 (0x0000100f) fence.i
core   0: 3 0x800034a8 (0x0000100f)
core   0: 0x800034ac (0x00fa53b3) srl     t2, s4, a5
core   0: 3 0x800034ac (0x00fa53b3) x 7 0x008f0d5f
core   0: 0x800034b0 (0x6fc58417) auipc   s0, 0x6fc58
core   0: 3 0x800034b0 (0x6fc58417) x 8 0xefc5b4b0
core   0: 0x800034b4 (0x01928fb3) add     t6, t0, s9
core   0: 3 0x800034b4 (0x01928fb3) x31 0x7d8d180b
core   0: 0x800034b8 (0x04609863) bne     ra, t1, pc + 80
core   0: 3 0x800034b8 (0x04609863)
core   0: 0x80003508 (0x0041fa33) and     s4, gp, tp
core   0: 3 0x80003508 (0x0041fa33) x20 0x00000001
core   0: 0x8000350c (0x01ce2133) slt     sp, t3, t3
core   0: 3 0x8000350c (0x01ce2133) x 2 0x00000000
core   0: 0x80003510 (0x5f7097b7) lui     a5, 0x5f709
core   0: 3 0x80003510 (0x5f7097b7) x15 0x5f709000
core   0: 0x80003514 (0x01452133) slt     sp, a0, s4
core   0: 3 0x80003514 (0x01452133) x 2 0x00000001
core   0: 0x80003518 (0x00fb76b3) and     a3, s6, a5
core   0: 3 0x80003518 (0x00fb76b3) x13 0x00000000
core   0: 0x8000351c (0x008de8b3) or      a7, s11, s0
core   0: 3 0x8000351c (0x008de8b3) x17 0xefc5b5f0
core   0: 0x80003520 (0x0000100f) fence.i
core   0: 3 0x80003520 (0x0000100f)
core   0: 0x80003524 (0x0105f333) and     t1, a1, a6
core   0: 3 0x80003524 (0x0105f333) x 6 0x00000200
core   0: 0x80003528 (0x48d93c93) sltiu   s9, s2, 1165
core   0: 3 0x80003528 (0x48d93c93) x25 0x00000000
core   0: 0x8000352c (0x4f98b617) auipc   a2, 0x4f98b
core   0: 3 0x8000352c (0x4f98b617) x12 0xcf98e52c
core   0: 0x80003530 (0x4022d6b3) sra     a3, t0, sp
core   0: 3 0x80003530 (0x4022d6b3) x13 0x3eb40000
core   0: 0x80003534 (0x696f8d13) addi    s10, t6, 1686
core   0: 3 0x80003534 (0x696f8d13) x26 0x7d8d1ea1
core   0: 0x80003538 (0x602ff293) andi    t0, t6, 1538
core   0: 3 0x80003538 (0x602ff293) x 5 0x00000002
core   0: 0x8000353c (0x41d85c13) srai    s8, a6, 29
core   0: 3 0x8000353c (0x41d85c13) x24 0x00000000
core   0: 0x80003540 (0x41b25533) sra     a0, tp, s11
core   0: 3 0x80003540 (0x41b25533) x10 0x00000001
core   0: 0x80003544 (0x058d7863) bgeu    s10, s8, pc + 80
core   0: 3 0x80003544 (0x058d7863)
core   0: 0x80003594 (0x325fc393) xori    t2, t6, 805
core   0: 3 0x80003594 (0x325fc393) x 7 0x7d8d1b2e
core   0: 0x80003598 (0x40e1dc33) sra     s8, gp, a4
core   0: 3 0x80003598 (0x40e1dc33) x24 0x00000000
core   0: 0x8000359c (0x0ff0000f) fence   iorw,iorw
core   0: 3 0x8000359c (0x0ff0000f)
core   0: 0x800035a0 (0xd3fc4f93) xori    t6, s8, -705
core   0: 3 0x800035a0 (0xd3fc4f93) x31 0xfffffd3f
core   0: 0x800035a4 (0x0000100f) fence.i
core   0: 3 0x800035a4 (0x0000100f)
core   0: 0x800035a8 (0x01c1f0b3) and     ra, gp, t3
core   0: 3 0x800035a8 (0x01c1f0b3) x 1 0x00000000
core   0: 0x800035ac (0x018745b3) xor     a1, a4, s8
core   0: 3 0x800035ac (0x018745b3) x11 0x8f0fd284
core   0: 0x800035b0 (0x056c6463) bltu    s8, s6, pc + 72
core   0: 3 0x800035b0 (0x056c6463)
core   0: 0x800035f8 (0x003b9c33) sll     s8, s7, gp
core   0: 3 0x800035f8 (0x003b9c33) x24 0x00049cc8
core   0: 0x800035fc (0x00ff1663) bne     t5, a5, pc + 12
core   0: 3 0x800035fc (0x00ff1663)
core   0: 0x80003608 (0x00000013) nop
core   0: 3 0x80003608 (0x00000013)
core   0: 0x8000360c (0x010b90b3) sll     ra, s7, a6
core   0: 3 0x8000360c (0x010b90b3) x 1 0x90000000
core   0: 0x80003610 (0x000f5c93) srli    s9, t5, 0
core   0: 3 0x80003610 (0x000f5c93) x25 0x27001000
core   0: 0x80003614 (0x01ae9893) slli    a7, t4, 26
core   0: 3 0x80003614 (0x01ae9893) x17 0x00000000
core   0: 0x80003618 (0x0000100f) fence.i
core   0: 3 0x80003618 (0x0000100f)
core   0: 0x8000361c (0xb4baa013) slti    zero, s5, -1205
core   0: 3 0x8000361c (0xb4baa013)
core   0: 0x80003620 (0x58ca7793) andi    a5, s4, 1420
core   0: 3 0x80003620 (0x58ca7793) x15 0x00000000
core   0: 0x80003624 (0x0155d113) srli    sp, a1, 21
core   0: 3 0x80003624 (0x0155d113) x 2 0x00000478
core   0: 0x80003628 (0x00e11213) slli    tp, sp, 14
core   0: 3 0x80003628 (0x00e11213) x 4 0x011e0000
core   0: 0x8000362c (0x6d844413) xori    s0, s0, 1752
core   0: 3 0x8000362c (0x6d844413) x 8 0xefc5b268
core   0: 0x80003630 (0x40b25e93) srai    t4, tp, 11
core   0: 3 0x80003630 (0x40b25e93) x29 0x000023c0
core   0: 0x80003634 (0x40624f37) lui     t5, 0x40624
core   0: 3 0x80003634 (0x40624f37) x30 0x40624000
core   0: 0x80003638 (0x00123cb3) sltu    s9, tp, ra
core   0: 3 0x80003638 (0x00123cb3) x25 0x00000001
core   0: 0x8000363c (0x82602d13) slti    s10, zero, -2010
core   0: 3 0x8000363c (0x82602d13) x26 0x00000000
core   0: 0x80003640 (0x41d88433) sub     s0, a7, t4
core   0: 3 0x80003640 (0x41d88433) x 8 0xffffdc40
core   0: 0x80003644 (0x01d0d693) srli    a3, ra, 29
core   0: 3 0x80003644 (0x01d0d693) x13 0x00000004
core   0: 0x80003648 (0x019c6463) bltu    s8, s9, pc + 8
core   0: 3 0x80003648 (0x019c6463)
core   0: 0x8000364c (0x00363133) sltu    sp, a2, gp
core   0: 3 0x8000364c (0x00363133) x 2 0x00000000
core   0: 0x80003650 (0x01ff5f13) srli    t5, t5, 31
core   0: 3 0x80003650 (0x01ff5f13) x30 0x00000000
core   0: 0x80003654 (0x02a4da63) bge     s1, a0, pc + 52
core   0: 3 0x80003654 (0x02a4da63)
core   0: 0x80003658 (0x01e76533) or      a0, a4, t5
core   0: 3 0x80003658 (0x01e76533) x10 0x8f0fd284
core   0: 0x8000365c (0x017c8663) beq     s9, s7, pc + 12
core   0: 3 0x8000365c (0x017c8663)
core   0: 0x80003660 (0x0018ceb3) xor     t4, a7, ra
core   0: 3 0x80003660 (0x0018ceb3) x29 0x90000000
core   0: 0x80003664 (0x0153cc33) xor     s8, t2, s5
core   0: 3 0x80003664 (0x0153cc33) x24 0x803d0995
core   0: 0x80003668 (0x057d6663) bltu    s10, s7, pc + 76
core   0: 3 0x80003668 (0x057d6663)
core   0: 0x800036b4 (0xede1c513) xori    a0, gp, -290
core   0: 3 0x800036b4 (0xede1c513) x10 0xfffffedf
core   0: 0x800036b8 (0x4187d513) srai    a0, a5, 24
core   0: 3 0x800036b8 (0x4187d513) x10 0x00000000
core   0: 0x800036bc (0x0278c263) blt     a7, t2, pc + 36
core   0: 3 0x800036bc (0x0278c263)
core   0: 0x800036e0 (0x00d9f6b3) and     a3, s3, a3
core   0: 3 0x800036e0 (0x00d9f6b3) x13 0x00000000
core   0: 0x800036e4 (0x411b5613) srai    a2, s6, 17
core   0: 3 0x800036e4 (0x411b5613) x12 0x00000000
core   0: 0x800036e8 (0x4081dd93) srai    s11, gp, 8
core   0: 3 0x800036e8 (0x4081dd93) x27 0x00000000
core   0: 0x800036ec (0x015fe463) bltu    t6, s5, pc + 8
core   0: 3 0x800036ec (0x015fe463)
core   0: 0x800036f0 (0x00320c33) add     s8, tp, gp
core   0: 3 0x800036f0 (0x00320c33) x24 0x011e0001
core   0: 0x800036f4 (0x00000013) nop
core   0: 3 0x800036f4 (0x00000013)
core   0: 0x800036f8 (0x0356f663) bgeu    a3, s5, pc + 44
core   0: 3 0x800036f8 (0x0356f663)
core   0: 0x800036fc (0x59c04d13) xori    s10, zero, 1436
core   0: 3 0x800036fc (0x59c04d13) x26 0x0000059c
core   0: 0x80003700 (0x01d09863) bne     ra, t4, pc + 16
core   0: 3 0x80003700 (0x01d09863)
core   0: 0x80003704 (0x00956e63) bltu    a0, s1, pc + 28
core   0: 3 0x80003704 (0x00956e63)
core   0: 0x80003720 (0x00b46833) or      a6, s0, a1
core   0: 3 0x80003720 (0x00b46833) x16 0xffffdec4
core   0: 0x80003724 (0xb9b6be93) sltiu   t4, a3, -1125
core   0: 3 0x80003724 (0xb9b6be93) x29 0x00000001
core   0: 0x80003728 (0x40185013) srai    zero, a6, 1
core   0: 3 0x80003728 (0x40185013)
core   0: 0x8000372c (0x00a321b3) slt     gp, t1, a0
core   0: 3 0x8000372c (0x00a321b3) x 3 0x00000000
core   0: 0x80003730 (0x00000013) nop
core   0: 3 0x80003730 (0x00000013)
core   0: 0x80003734 (0x03ca6a63) bltu    s4, t3, pc + 52
core   0: 3 0x80003734 (0x03ca6a63)
core   0: 0x80003768 (0x039a0663) beq     s4, s9, pc + 44
core   0: 3 0x80003768 (0x039a0663)
core   0: 0x80003794 (0x00e3d3b3) srl     t2, t2, a4
core   0: 3 0x80003794 (0x00e3d3b3) x 7 0x07d8d1b2
core   0: 0x80003798 (0x00000013) nop
core   0: 3 0x80003798 (0x00000013)
core   0: 0x8000379c (0x01018633) add     a2, gp, a6
core   0: 3 0x8000379c (0x01018633) x12 0xffffdec4
core   0: 0x800037a0 (0xa8f9ab13) slti    s6, s3, -1393
core   0: 3 0x800037a0 (0xa8f9ab13) x22 0x00000000
core   0: 0x800037a4 (0x00f305b3) add     a1, t1, a5
core   0: 3 0x800037a4 (0x00f305b3) x11 0x00000200
core   0: 0x800037a8 (0xd3b6ae13) slti    t3, a3, -709
core   0: 3 0x800037a8 (0xd3b6ae13) x28 0x00000000
core   0: 0x800037ac (0x0171ce63) blt     gp, s7, pc + 28
core   0: 3 0x800037ac (0x0171ce63)
core   0: 0x800037b0 (0x40ab8633) sub     a2, s7, a0
core   0: 3 0x800037b0 (0x40ab8633) x12 0x80024e64
core   0: 0x800037b4 (0x017e1d13) slli    s10, t3, 23
core   0: 3 0x800037b4 (0x017e1d13) x26 0x00000000
core   0: 0x800037b8 (0x01f6d2b3) srl     t0, a3, t6
core   0: 3 0x800037b8 (0x01f6d2b3) x 5 0x00000000
core   0: 0x800037bc (0x001421b3) slt     gp, s0, ra
core   0: 3 0x800037bc (0x001421b3) x 3 0x00000000
core   0: 0x800037c0 (0x4661b0b7) lui     ra, 0x4661b
core   0: 3 0x800037c0 (0x4661b0b7) x 1 0x4661b000
core   0: 0x800037c4 (0x406cd893) srai    a7, s9, 6
core   0: 3 0x800037c4 (0x406cd893) x17 0x00000000
core   0: 0x800037c8 (0x27882e13) slti    t3, a6, 632
core   0: 3 0x800037c8 (0x27882e13) x28 0x00000001
core   0: 0x800037cc (0xf063f393) andi    t2, t2, -250
core   0: 3 0x800037cc (0xf063f393) x 7 0x07d8d102
core   0: 0x800037d0 (0x015fcd33) xor     s10, t6, s5
core   0: 3 0x800037d0 (0x015fcd33) x26 0x024fef84
core   0: 0x800037d4 (0x014da333) slt     t1, s11, s4
core   0: 3 0x800037d4 (0x014da333) x 6 0x00000001
core   0: 0x800037d8 (0x013f6db3) or      s11, t5, s3
core   0: 3 0x800037d8 (0x013f6db3) x27 0x00000000
core   0: 0x800037dc (0x01145e33) srl     t3, s0, a7
core   0: 3 0x800037dc (0x01145e33) x28 0xffffdc40
core   0: 0x800037e0 (0x053c6063) bltu    s8, s3, pc + 64
core   0: 3 0x800037e0 (0x053c6063)
core   0: 0x800037e4 (0x01479513) slli    a0, a5, 20
core   0: 3 0x800037e4 (0x01479513) x10 0x00000000
core   0: 0x800037e8 (0xa4f24b13) xori    s6, tp, -1457
core   0: 3 0x800037e8 (0xa4f24b13) x22 0xfee1fa4f
core   0: 0x800037ec (0x9673e993) ori     s3, t2, -1689
core   0: 3 0x800037ec (0x9673e993) x19 0xfffff967
core   0: 0x800037f0 (0x00b6f863) bgeu    a3, a1, pc + 16
core   0: 3 0x800037f0 (0x00b6f863)
core   0: 0x800037f4 (0x4e94a093) slti    ra, s1, 1257
core   0: 3 0x800037f4 (0x4e94a093) x 1 0x00000001
core   0: 0x800037f8 (0x00bc5613) srli    a2, s8, 11
core   0: 3 0x800037f8 (0x00bc5613) x12 0x000023c0
core   0: 0x800037fc (0x00000013) nop
core   0: 3 0x800037fc (0x00000013)
core   0: 0x80003800 (0x419b5533) sra     a0, s6, s9
core   0: 3 0x80003800 (0x419b5533) x10 0xff70fd27
core   0: 0x80003804 (0x70ea4117) auipc   sp, 0x70ea4
core   0: 3 0x80003804 (0x70ea4117) x 2 0xf0ea7804
core   0: 0x80003808 (0x00657133) and     sp, a0, t1
core   0: 3 0x80003808 (0x00657133) x 2 0x00000001
core   0: 0x8000380c (0x547a7613) andi    a2, s4, 1351
core   0: 3 0x8000380c (0x547a7613) x12 0x00000001
core   0: 0x80003810 (0xc48f2713) slti    a4, t5, -952
core   0: 3 0x80003810 (0xc48f2713) x14 0x00000000
core   0: 0x80003814 (0x02245863) bge     s0, sp, pc + 48
core   0: 3 0x80003814 (0x02245863)
core   0: 0x80003818 (0x01627b33) and     s6, tp, s6
core   0: 3 0x80003818 (0x01627b33) x22 0x00000000
core   0: 0x8000381c (0x0023ff33) and     t5, t2, sp
core   0: 3 0x8000381c (0x0023ff33) x30 0x00000000
core   0: 0x80003820 (0x00bd9533) sll     a0, s11, a1
core   0: 3 0x80003820 (0x00bd9533) x10 0x00000000
core   0: 0x80003824 (0x0000100f) fence.i
core   0: 3 0x80003824 (0x0000100f)
core   0: 0x80003828 (0x00000013) nop
core   0: 3 0x80003828 (0x00000013)
core   0: 0x8000382c (0x408509b3) sub     s3, a0, s0
core   0: 3 0x8000382c (0x408509b3) x19 0x000023c0
core   0: 0x80003830 (0x0f1e8113) addi    sp, t4, 241
core   0: 3 0x80003830 (0x0f1e8113) x 2 0x000000f2
core   0: 0x80003834 (0x41f35a33) sra     s4, t1, t6
core   0: 3 0x80003834 (0x41f35a33) x20 0x00000000
core   0: 0x80003838 (0x01502fb3) slt     t6, zero, s5
core   0: 3 0x80003838 (0x01502fb3) x31 0x00000000
core   0: 0x8000383c (0x02df4863) blt     t5, a3, pc + 48
core   0: 3 0x8000383c (0x02df4863)
core   0: 0x80003840 (0xd132a893) slti    a7, t0, -749
core   0: 3 0x80003840 (0xd132a893) x17 0x00000000
core   0: 0x80003844 (0x018f2433) slt     s0, t5, s8
core   0: 3 0x80003844 (0x018f2433) x 8 0x00000001
core   0: 0x80003848 (0x00da9713) slli    a4, s5, 13
core   0: 3 0x80003848 (0x00da9713) x14 0x02576000
core   0: 0x8000384c (0x017f10b3) sll     ra, t5, s7
core   0: 3 0x8000384c (0x017f10b3) x 1 0x00000000
core   0: 0x80003850 (0x049bd663) bge     s7, s1, pc + 76
core   0: 3 0x80003850 (0x049bd663)
core   0: 0x80003854 (0x00cf1e63) bne     t5, a2, pc + 28
core   0: 3 0x80003854 (0x00cf1e63)
core   0: 0x80003870 (0x41ebd133) sra     sp, s7, t5
core   0: 3 0x80003870 (0x41ebd133) x 2 0x80024e64
core   0: 0x80003874 (0x0153c3b3) xor     t2, t2, s5
core   0: 3 0x80003874 (0x0153c3b3) x 7 0xfa68c3b9
core   0: 0x80003878 (0x01675eb3) srl     t4, a4, s6
core   0: 3 0x80003878 (0x01675eb3) x29 0x02576000
core   0: 0x8000387c (0xd50b9217) auipc   tp, 0xd50b9
core   0: 3 0x8000387c (0xd50b9217) x 4 0x550bc87c
core   0: 0x80003880 (0x01e820b3) slt     ra, a6, t5
core   0: 3 0x80003880 (0x01e820b3) x 1 0x00000001
core   0: 0x80003884 (0x30192c37) lui     s8, 0x30192
core   0: 3 0x80003884 (0x30192c37) x24 0x30192000
core   0: 0x80003888 (0x013a1d13) slli    s10, s4, 19
core   0: 3 0x80003888 (0x013a1d13) x26 0x00000000
core   0: 0x8000388c (0x0419d463) bge     s3, ra, pc + 72
core   0: 3 0x8000388c (0x0419d463)
core   0: 0x800038d4 (0x04ba8263) beq     s5, a1, pc + 68
core   0: 3 0x800038d4 (0x04ba8263)
core   0: 0x800038d8 (0x0083ed33) or      s10, t2, s0
core   0: 3 0x800038d8 (0x0083ed33) x26 0xfa68c3b9
core   0: 0x800038dc (0x016f9c13) slli    s8, t6, 22
core   0: 3 0x800038dc (0x016f9c13) x24 0x00000000
core   0: 0x800038e0 (0x0432d863) bge     t0, gp, pc + 80
core   0: 3 0x800038e0 (0x0432d863)
core   0: 0x80003930 (0x0ff0000f) fence   iorw,iorw
core   0: 3 0x80003930 (0x0ff0000f)
core   0: 0x80003934 (0x842f4c13) xori    s8, t5, -1982
core   0: 3 0x80003934 (0x842f4c13) x24 0xfffff842
core   0: 0x80003938 (0xd4f8a413) slti    s0, a7, -689
core   0: 3 0x80003938 (0xd4f8a413) x 8 0x00000000
core   0: 0x8000393c (0x0000100f) fence.i
core   0: 3 0x8000393c (0x0000100f)
core   0: 0x80003940 (0x00866db3) or      s11, a2, s0
core   0: 3 0x80003940 (0x00866db3) x27 0x00000001
core   0: 0x80003944 (0x00694c33) xor     s8, s2, t1
core   0: 3 0x80003944 (0x00694c33) x24 0x8f0d5fa1
core   0: 0x80003948 (0x01d49993) slli    s3, s1, 29
core   0: 3 0x80003948 (0x01d49993) x19 0x80000000
core   0: 0x8000394c (0x0373ab13) slti    s6, t2, 55
core   0: 3 0x8000394c (0x0373ab13) x22 0x00000001
core   0: 0x80003950 (0x419c5e33) sra     t3, s8, s9
core   0: 3 0x80003950 (0x419c5e33) x28 0xc786afd0
core   0: 0x80003954 (0x00000013) nop
core   0: 3 0x80003954 (0x00000013)
core   0: 0x80003958 (0x01751f33) sll     t5, a0, s7
core   0: 3 0x80003958 (0x01751f33) x30 0x00000000
core   0: 0x8000395c (0x01ecf863) bgeu    s9, t5, pc + 16
core   0: 3 0x8000395c (0x01ecf863)
core   0: 0x8000396c (0x4108d5b3) sra     a1, a7, a6
core   0: 3 0x8000396c (0x4108d5b3) x11 0x00000000
core   0: 0x80003970 (0x00675113) srli    sp, a4, 6
core   0: 3 0x80003970 (0x00675113) x 2 0x00095d80
core   0: 0x80003974 (0x0000100f) fence.i
core   0: 3 0x80003974 (0x0000100f)
core   0: 0x80003978 (0x00892db3) slt     s11, s2, s0
core   0: 3 0x80003978 (0x00892db3) x27 0x00000001
core   0: 0x8000397c (0x0058e933) or      s2, a7, t0
core   0: 3 0x8000397c (0x0058e933) x18 0x00000000
core   0: 0x80003980 (0xd076e693) ori     a3, a3, -761
core   0: 3 0x80003980 (0xd076e693) x13 0xfffffd07
core   0: 0x80003984 (0x00d55663) bge     a0, a3, pc + 12
core   0: 3 0x80003984 (0x00d55663)
core   0: 0x80003990 (0x0015fcb3) and     s9, a1, ra
core   0: 3 0x80003990 (0x0015fcb3) x25 0x00000000
core   0: 0x80003994 (0x00ab6db3) or      s11, s6, a0
core   0: 3 0x80003994 (0x00ab6db3) x27 0x00000001
core   0: 0x80003998 (0x012ec463) blt     t4, s2, pc + 8
core   0: 3 0x80003998 (0x012ec463)
core   0: 0x8000399c (0x01ff5533) srl     a0, t5, t6
core   0: 3 0x8000399c (0x01ff5533) x10 0x00000000
core   0: 0x800039a0 (0xc2f15b37) lui     s6, 0xc2f15
core   0: 3 0x800039a0 (0xc2f15b37) x22 0xc2f15000
core   0: 0x800039a4 (0x0ff0000f) fence   iorw,iorw
core   0: 3 0x800039a4 (0x0ff0000f)
core   0: 0x800039a8 (0x0ff0000f) fence   iorw,iorw
core   0: 3 0x800039a8 (0x0ff0000f)
core   0: 0x800039ac (0x9bd3dd17) auipc   s10, 0x9bd3d
core   0: 3 0x800039ac (0x9bd3dd17) x26 0x1bd409ac
core   0: 0x800039b0 (0x0261e263) bltu    gp, t1, pc + 36
core   0: 3 0x800039b0 (0x0261e263)
core   0: 0x800039d4 (0x41168b33) sub     s6, a3, a7
core   0: 3 0x800039d4 (0x41168b33) x22 0xfffffd07
core   0: 0x800039d8 (0x0305e863) bltu    a1, a6, pc + 48
core   0: 3 0x800039d8 (0x0305e863)
core   0: 0x80003a08 (0x0ff0000f) fence   iorw,iorw
core   0: 3 0x80003a08 (0x0ff0000f)
core   0: 0x80003a0c (0x4eeb0713) addi    a4, s6, 1262
core   0: 3 0x80003a0c (0x4eeb0713) x14 0x000001f5
core   0: 0x80003a10 (0x00420c33) add     s8, tp, tp
core   0: 3 0x80003a10 (0x00420c33) x24 0xaa1790f8
core   0: 0x80003a14 (0x418ed313) srai    t1, t4, 24
core   0: 3 0x80003a14 (0x418ed313) x 6 0x00000002
core   0: 0x80003a18 (0x40265f93) srai    t6, a2, 2
core   0: 3 0x80003a18 (0x40265f93) x31 0x00000000
core   0: 0x80003a1c (0x01dad863) bge     s5, t4, pc + 16
core   0: 3 0x80003a1c (0x01dad863)
core   0: 0x80003a20 (0x0ff0000f) fence   iorw,iorw
core   0: 3 0x80003a20 (0x0ff0000f)
core   0: 0x80003a24 (0x015f9a33) sll     s4, t6, s5
core   0: 3 0x80003a24 (0x015f9a33) x20 0x00000000
core   0: 0x80003a28 (0x40105c33) sra     s8, zero, ra
core   0: 3 0x80003a28 (0x40105c33) x24 0x00000000
core   0: 0x80003a2c (0x0ff0000f) fence   iorw,iorw
core   0: 3 0x80003a2c (0x0ff0000f)
core   0: 0x80003a30 (0x1043e713) ori     a4, t2, 260
core   0: 3 0x80003a30 (0x1043e713) x14 0xfa68c3bd
core   0: 0x80003a34 (0x0059cc63) blt     s3, t0, pc + 24
core   0: 3 0x80003a34 (0x0059cc63)
core   0: 0x80003a4c (0x0542d463) bge     t0, s4, pc + 72
core   0: 3 0x80003a4c (0x0542d463)
core   0: 0x80003a94 (0x0020fe33) and     t3, ra, sp
core   0: 3 0x80003a94 (0x0020fe33) x28 0x00000000
core   0: 0x80003a98 (0x0000100f) fence.i
core   0: 3 0x80003a98 (0x0000100f)
core   0: 0x80003a9c (0x017c5fb3) srl     t6, s8, s7
core   0: 3 0x80003a9c (0x017c5fb3) x31 0x00000000
core   0: 0x80003aa0 (0x013725b3) slt     a1, a4, s3
core   0: 3 0x80003aa0 (0x013725b3) x11 0x00000000
core   0: 0x80003aa4 (0x001b9413) slli    s0, s7, 1
core   0: 3 0x80003aa4 (0x001b9413) x 8 0x00049cc8
core   0: 0x80003aa8 (0x745cfe97) auipc   t4, 0x745cf
core   0: 3 0x80003aa8 (0x745cfe97) x29 0xf45d2aa8
core   0: 0x80003aac (0xf681f893) andi    a7, gp, -152
core   0: 3 0x80003aac (0xf681f893) x17 0x00000000
core   0: 0x80003ab0 (0xe2c74513) xori    a0, a4, -468
core   0: 3 0x80003ab0 (0xe2c74513) x10 0x05973d91
core   0: 0x80003ab4 (0xfe074613) xori    a2, a4, -32
core   0: 3 0x80003ab4 (0xfe074613) x12 0x05973c5d
core   0: 0x80003ab8 (0x171e4997) auipc   s3, 0x171e4
core   0: 3 0x80003ab8 (0x171e4997) x19 0x971e7ab8
core   0: 0x80003abc (0x06b70063) beq     a4, a1, pc + 96
core   0: 3 0x80003abc (0x06b70063)
core   0: 0x80003ac0 (0x8e77b213) sltiu   tp, a5, -1817
core   0: 3 0x80003ac0 (0x8e77b213) x 4 0x00000001
core   0: 0x80003ac4 (0x01b87633) and     a2, a6, s11
core   0: 3 0x80003ac4 (0x01b87633) x12 0x00000000
core   0: 0x80003ac8 (0x05aa0a63) beq     s4, s10, pc + 84
core   0: 3 0x80003ac8 (0x05aa0a63)
core   0: 0x80003acc (0x002d5233) srl     tp, s10, sp
core   0: 3 0x80003acc (0x002d5233) x 4 0x1bd409ac
core   0: 0x80003ad0 (0x05af9c63) bne     t6, s10, pc + 88
core   0: 3 0x80003ad0 (0x05af9c63)
core   0: 0x80003b28 (0x00000013) nop
core   0: 3 0x80003b28 (0x00000013)
core   0: 0x80003b2c (0x05801463) bne     zero, s8, pc + 72
core   0: 3 0x80003b2c (0x05801463)
core   0: 0x80003b30 (0xf1363413) sltiu   s0, a2, -237
core   0: 3 0x80003b30 (0xf1363413) x 8 0x00000001
core   0: 0x80003b34 (0x0000100f) fence.i
core   0: 3 0x80003b34 (0x0000100f)
core   0: 0x80003b38 (0x01c5b7b3) sltu    a5, a1, t3
core   0: 3 0x80003b38 (0x01c5b7b3) x15 0x00000000
core   0: 0x80003b3c (0x05ffd263) bge     t6, t6, pc + 68
core   0: 3 0x80003b3c (0x05ffd263)
core   0: 0x80003b80 (0x00f4bf33) sltu    t5, s1, a5
core   0: 3 0x80003b80 (0x00f4bf33) x30 0x00000000
core   0: 0x80003b84 (0x009b1e13) slli    t3, s6, 9
core   0: 3 0x80003b84 (0x009b1e13) x28 0xfffa0e00
core   0: 0x80003b88 (0x057e6863) bltu    t3, s7, pc + 80
core   0: 3 0x80003b88 (0x057e6863)
core   0: 0x80003b8c (0xf867cb37) lui     s6, 0xf867c
core   0: 3 0x80003b8c (0xf867cb37) x22 0xf867c000
core   0: 0x80003b90 (0x0154a3b3) slt     t2, s1, s5
core   0: 3 0x80003b90 (0x0154a3b3) x 7 0x00000001
core   0: 0x80003b94 (0x00785733) srl     a4, a6, t2
core   0: 3 0x80003b94 (0x00785733) x14 0x7fffef62
core   0: 0x80003b98 (0x01ee5e63) bge     t3, t5, pc + 28
core   0: 3 0x80003b98 (0x01ee5e63)
core   0: 0x80003b9c (0x40bf0033) sub     zero, t5, a1
core   0: 3 0x80003b9c (0x40bf0033)
core   0: 0x80003ba0 (0x305b7d93) andi    s11, s6, 773
core   0: 3 0x80003ba0 (0x305b7d93) x27 0x00000000
core   0: 0x80003ba4 (0x00f0a9b3) slt     s3, ra, a5
core   0: 3 0x80003ba4 (0x00f0a9b3) x19 0x00000000
core   0: 0x80003ba8 (0x005fc133) xor     sp, t6, t0
core   0: 3 0x80003ba8 (0x005fc133) x 2 0x00000000
core   0: 0x80003bac (0xf56d2693) slti    a3, s10, -170
core   0: 3 0x80003bac (0xf56d2693) x13 0x00000000
core   0: 0x80003bb0 (0xba84b793) sltiu   a5, s1, -1112
core   0: 3 0x80003bb0 (0xba84b793) x15 0x00000001
core   0: 0x80003bb4 (0xc2798d13) addi    s10, s3, -985
core   0: 3 0x80003bb4 (0xc2798d13) x26 0xfffffc27
core   0: 0x80003bb8 (0x036d6a63) bltu    s10, s6, pc + 52
core   0: 3 0x80003bb8 (0x036d6a63)
core   0: 0x80003bbc (0x89f8f013) andi    zero, a7, -1889
core   0: 3 0x80003bbc (0x89f8f013)
core   0: 0x80003bc0 (0x03a2c663) blt     t0, s10, pc + 44
core   0: 3 0x80003bc0 (0x03a2c663)
core   0: 0x80003bc4 (0x009bdd13) srli    s10, s7, 9
core   0: 3 0x80003bc4 (0x009bdd13) x26 0x00400127
core   0: 0x80003bc8 (0xd59543b7) lui     t2, 0xd5954
core   0: 3 0x80003bc8 (0xd59543b7) x 7 0xd5954000
core   0: 0x80003bcc (0x04370863) beq     a4, gp, pc + 80
core   0: 3 0x80003bcc (0x04370863)
core   0: 0x80003bd0 (0x0565d263) bge     a1, s6, pc + 68
core   0: 3 0x80003bd0 (0x0565d263)
core   0: 0x80003c14 (0x410a0e33) sub     t3, s4, a6
core   0: 3 0x80003c14 (0x410a0e33) x28 0x0000213c
core   0: 0x80003c18 (0x002a2e33) slt     t3, s4, sp
core   0: 3 0x80003c18 (0x002a2e33) x28 0x00000000
core   0: 0x80003c1c (0x6cc31a37) lui     s4, 0x6cc31
core   0: 3 0x80003c1c (0x6cc31a37) x20 0x6cc31000
core   0: 0x80003c20 (0x05e3e463) bltu    t2, t5, pc + 72
core   0: 3 0x80003c20 (0x05e3e463)
core   0: 0x80003c24 (0x013d5633) srl     a2, s10, s3
core   0: 3 0x80003c24 (0x013d5633) x12 0x00400127
core   0: 0x80003c28 (0x010c6863) bltu    s8, a6, pc + 16
core   0: 3 0x80003c28 (0x010c6863)
core   0: 0x80003c38 (0x01277e63) bgeu    a4, s2, pc + 28
core   0: 3 0x80003c38 (0x01277e63)
core   0: 0x80003c54 (0x825ef393) andi    t2, t4, -2011
core   0: 3 0x80003c54 (0x825ef393) x 7 0xf45d2820
core   0: 0x80003c58 (0x000a40b3) xor     ra, s4, zero
core   0: 3 0x80003c58 (0x000a40b3) x 1 0x6cc31000
core   0: 0x80003c5c (0x0000100f) fence.i
core   0: 3 0x80003c5c (0x0000100f)
core   0: 0x80003c60 (0x05447913) andi    s2, s0, 84
core   0: 3 0x80003c60 (0x05447913) x18 0x00000000
core   0: 0x80003c64 (0x0062d5b3) srl     a1, t0, t1
core   0: 3 0x80003c64 (0x0062d5b3) x11 0x00000000
core   0: 0x80003c68 (0x41a38633) sub     a2, t2, s10
core   0: 3 0x80003c68 (0x41a38633) x12 0xf41d26f9
core   0: 0x80003c6c (0x4cabdd37) lui     s10, 0x4cabd
core   0: 3 0x80003c6c (0x4cabdd37) x26 0x4cabd000
core   0: 0x80003c70 (0x0172cd33) xor     s10, t0, s7
core   0: 3 0x80003c70 (0x0172cd33) x26 0x80024e64
core   0: 0x80003c74 (0x0148d013) srli    zero, a7, 20
core   0: 3 0x80003c74 (0x0148d013)
core   0: 0x80003c78 (0x0a62b413) sltiu   s0, t0, 166
core   0: 3 0x80003c78 (0x0a62b413) x 8 0x00000001
core   0: 0x80003c7c (0x01f22b33) slt     s6, tp, t6
core   0: 3 0x80003c7c (0x01f22b33) x22 0x00000000
core   0: 0x80003c80 (0xe1f11697) auipc   a3, 0xe1f11
core   0: 3 0x80003c80 (0xe1f11697) x13 0x61f14c80
core   0: 0x80003c84 (0x00d4deb3) srl     t4, s1, a3
core   0: 3 0x80003c84 (0x00d4deb3) x29 0x80028ce4
core   0: 0x80003c88 (0xd304ff93) andi    t6, s1, -720
core   0: 3 0x80003c88 (0xd304ff93) x31 0x80028c20
core   0: 0x80003c8c (0x7235f993) andi    s3, a1, 1827
core   0: 3 0x80003c8c (0x7235f993) x19 0x00000000
core   0: 0x80003c90 (0x0089b633) sltu    a2, s3, s0
core   0: 3 0x80003c90 (0x0089b633) x12 0x00000001
core   0: 0x80003c94 (0x5634fe93) andi    t4, s1, 1379
core   0: 3 0x80003c94 (0x5634fe93) x29 0x00000460
core   0: 0x80003c98 (0x04a5c263) blt     a1, a0, pc + 68
core   0: 3 0x80003c98 (0x04a5c263)
core   0: 0x80003cdc (0x0000100f) fence.i
core   0: 3 0x80003cdc (0x0000100f)
core   0: 0x80003ce0 (0x04725463) bge     tp, t2, pc + 72
core   0: 3 0x80003ce0 (0x04725463)
core   0: 0x80003d28 (0x01a31193) slli    gp, t1, 26
core   0: 3 0x80003d28 (0x01a31193) x 3 0x08000000
core   0: 0x80003d2c (0x015372b3) and     t0, t1, s5
core   0: 3 0x80003d2c (0x015372b3) x 5 0x00000002
core   0: 0x80003d30 (0x03336e63) bltu    t1, s3, pc + 60
core   0: 3 0x80003d30 (0x03336e63)
core   0: 0x80003d34 (0x05317263) bgeu    sp, s3, pc + 68
core   0: 3 0x80003d34 (0x05317263)
core   0: 0x80003d78 (0xe3eac413) xori    s0, s5, -450
core   0: 3 0x80003d78 (0xe3eac413) x 8 0x024fec85
core   0: 0x80003d7c (0x41150133) sub     sp, a0, a7
core   0: 3 0x80003d7c (0x41150133) x 2 0x05973d91
core   0: 0x80003d80 (0x01ef33b3) sltu    t2, t5, t5
core   0: 3 0x80003d80 (0x01ef33b3) x 7 0x00000000
core   0: 0x80003d84 (0x41995eb3) sra     t4, s2, s9
core   0: 3 0x80003d84 (0x41995eb3) x29 0x00000000
core   0: 0x80003d88 (0xc7edb593) sltiu   a1, s11, -898
core   0: 3 0x80003d88 (0xc7edb593) x11 0x00000001
core   0: 0x80003d8c (0x407b5813) srai    a6, s6, 7
core   0: 3 0x80003d8c (0x407b5813) x16 0x00000000
core   0: 0x80003d90 (0x017bbd33) sltu    s10, s7, s7
core   0: 3 0x80003d90 (0x017bbd33) x26 0x00000000
core   0: 0x80003d94 (0x00ea1c63) bne     s4, a4, pc + 24
core   0: 3 0x80003d94 (0x00ea1c63)
core   0: 0x80003dac (0xbfda7b13) andi    s6, s4, -1027
core   0: 3 0x80003dac (0xbfda7b13) x22 0x6cc31000
core   0: 0x80003db0 (0x0025a7b3) slt     a5, a1, sp
core   0: 3 0x80003db0 (0x0025a7b3) x15 0x00000001
core   0: 0x80003db4 (0x018d22b3) slt     t0, s10, s8
core   0: 3 0x80003db4 (0x018d22b3) x 5 0x00000000
core   0: 0x80003db8 (0xcc10c293) xori    t0, ra, -831
core   0: 3 0x80003db8 (0xcc10c293) x 5 0x933cecc1
core   0: 0x80003dbc (0x00a39193) slli    gp, t2, 10
core   0: 3 0x80003dbc (0x00a39193) x 3 0x00000000
core   0: 0x80003dc0 (0x051d8863) beq     s11, a7, pc + 80
core   0: 3 0x80003dc0 (0x051d8863)
core   0: 0x80003e10 (0x02dbca63) blt     s7, a3, pc + 52
core   0: 3 0x80003e10 (0x02dbca63)
core   0: 0x80003e44 (0x00186633) or      a2, a6, ra
core   0: 3 0x80003e44 (0x00186633) x12 0x6cc31000
core   0: 0x80003e48 (0x8a63bb13) sltiu   s6, t2, -1882
core   0: 3 0x80003e48 (0x8a63bb13) x22 0x00000001
core   0: 0x80003e4c (0x018b0463) beq     s6, s8, pc + 8
core   0: 3 0x80003e4c (0x018b0463)
core   0: 0x80003e50 (0xa251c313) xori    t1, gp, -1499
core   0: 3 0x80003e50 (0xa251c313) x 6 0xfffffa25
core   0: 0x80003e54 (0x00000013) nop
core   0: 3 0x80003e54 (0x00000013)
core   0: 0x80003e58 (0x00057863) bgeu    a0, zero, pc + 16
core   0: 3 0x80003e58 (0x00057863)
core   0: 0x80003e68 (0xa9d26a13) ori     s4, tp, -1379
core   0: 3 0x80003e68 (0xa9d26a13) x20 0xfffffbbd
core   0: 0x80003e6c (0x0000100f) fence.i
core   0: 3 0x80003e6c (0x0000100f)
core   0: 0x80003e70 (0x00f296b3) sll     a3, t0, a5
core   0: 3 0x80003e70 (0x00f296b3) x13 0x2679d982
core   0: 0x80003e74 (0x57550393) addi    t2, a0, 1397
core   0: 3 0x80003e74 (0x57550393) x 7 0x05974306
core   0: 0x80003e78 (0x0ff0000f) fence   iorw,iorw
core   0: 3 0x80003e78 (0x0ff0000f)
core   0: 0x80003e7c (0x28f78393) addi    t2, a5, 655
core   0: 3 0x80003e7c (0x28f78393) x 7 0x00000290
core   0: 0x80003e80 (0x01564133) xor     sp, a2, s5
core   0: 3 0x80003e80 (0x01564133) x 2 0x917302bb
core   0: 0x80003e84 (0x40ecd913) srai    s2, s9, 14
core   0: 3 0x80003e84 (0x40ecd913) x18 0x00000000
core   0: 0x80003e88 (0x000ed693) srli    a3, t4, 0
core   0: 3 0x80003e88 (0x000ed693) x13 0x00000000
core   0: 0x80003e8c (0x01616663) bltu    sp, s6, pc + 12
core   0: 3 0x80003e8c (0x01616663)
core   0: 0x80003e90 (0x417f05b3) sub     a1, t5, s7
core   0: 3 0x80003e90 (0x417f05b3) x11 0x7ffdb19c
core   0: 0x80003e94 (0x00c79933) sll     s2, a5, a2
core   0: 3 0x80003e94 (0x00c79933) x18 0x00000001
core   0: 0x80003e98 (0x51137593) andi    a1, t1, 1297
core   0: 3 0x80003e98 (0x51137593) x11 0x00000001
core   0: 0x80003e9c (0x03646863) bltu    s0, s6, pc + 48
core   0: 3 0x80003e9c (0x03646863)
core   0: 0x80003ea0 (0x6abc3313) sltiu   t1, s8, 1707
core   0: 3 0x80003ea0 (0x6abc3313) x 6 0x00000001
core   0: 0x80003ea4 (0x037f5863) bge     t5, s7, pc + 48
core   0: 3 0x80003ea4 (0x037f5863)
core   0: 0x80003ed4 (0x0119d9b3) srl     s3, s3, a7
core   0: 3 0x80003ed4 (0x0119d9b3) x19 0x00000000
core   0: 0x80003ed8 (0x0399d263) bge     s3, s9, pc + 36
core   0: 3 0x80003ed8 (0x0399d263)
core   0: 0x80003efc (0x4145df33) sra     t5, a1, s4
core   0: 3 0x80003efc (0x4145df33) x30 0x00000000
core   0: 0x80003f00 (0x046ff093) andi    ra, t6, 70
core   0: 3 0x80003f00 (0x046ff093) x 1 0x00000000
core   0: 0x80003f04 (0x010dd1b3) srl     gp, s11, a6
core   0: 3 0x80003f04 (0x010dd1b3) x 3 0x00000000
core   0: 0x80003f08 (0x005ad2b3) srl     t0, s5, t0
core   0: 3 0x80003f08 (0x005ad2b3) x 5 0x7ed8095d
core   0: 0x80003f0c (0x05a05463) bge     zero, s10, pc + 72
core   0: 3 0x80003f0c (0x05a05463)
core   0: 0x80003f54 (0x01b32c33) slt     s8, t1, s11
core   0: 3 0x80003f54 (0x01b32c33) x24 0x00000000
core   0: 0x80003f58 (0x00c213b3) sll     t2, tp, a2
core   0: 3 0x80003f58 (0x00c213b3) x 7 0x1bd409ac
core   0: 0x80003f5c (0xd97c8a13) addi    s4, s9, -617
core   0: 3 0x80003f5c (0xd97c8a13) x20 0xfffffd97
core   0: 0x80003f60 (0x0ff0000f) fence   iorw,iorw
core   0: 3 0x80003f60 (0x0ff0000f)
core   0: 0x80003f64 (0x05c24663) blt     tp, t3, pc + 76
core   0: 3 0x80003f64 (0x05c24663)
core   0: 0x80003f68 (0x051f4863) blt     t5, a7, pc + 80
core   0: 3 0x80003f68 (0x051f4863)
core   0: 0x80003f6c (0x414b06b3) sub     a3, s6, s4
core   0: 3 0x80003f6c (0x414b06b3) x13 0x0000026a
core   0: 0x80003f70 (0x00bd1613) slli    a2, s10, 11
core   0: 3 0x80003f70 (0x00bd1613) x12 0x00000000
core   0: 0x80003f74 (0x00179e93) slli    t4, a5, 1
core   0: 3 0x80003f74 (0x00179e93) x29 0x00000002
core   0: 0x80003f78 (0x03a16663) bltu    sp, s10, pc + 44
core   0: 3 0x80003f78 (0x03a16663)
core   0: 0x80003f7c (0x049a4463) blt     s4, s1, pc + 72
core   0: 3 0x80003f7c (0x049a4463)
core   0: 0x80003f80 (0x05749463) bne     s1, s7, pc + 72
core   0: 3 0x80003f80 (0x05749463)
core   0: 0x80003fc8 (0x018cde13) srli    t3, s9, 24
core   0: 3 0x80003fc8 (0x018cde13) x28 0x00000000
core   0: 0x80003fcc (0x04368863) beq     a3, gp, pc + 80
core   0: 3 0x80003fcc (0x04368863)
core   0: 0x80003fd0 (0x04d8d863) bge     a7, a3, pc + 80
core   0: 3 0x80003fd0 (0x04d8d863)
core   0: 0x80003fd4 (0x00d75293) srli    t0, a4, 13
core   0: 3 0x80003fd4 (0x00d75293) x 5 0x0003ffff
core   0: 0x80003fd8 (0x04237463) bgeu    t1, sp, pc + 72
core   0: 3 0x80003fd8 (0x04237463)
core   0: 0x80003fdc (0xa0eee013) ori     zero, t4, -1522
core   0: 3 0x80003fdc (0xa0eee013)
core   0: 0x80003fe0 (0x003f5093) srli    ra, t5, 3
core   0: 3 0x80003fe0 (0x003f5093) x 1 0x00000000
core   0: 0x80003fe4 (0x0ff0000f) fence   iorw,iorw
core   0: 3 0x80003fe4 (0x0ff0000f)
core   0: 0x80003fe8 (0x00aaf8b3) and     a7, s5, a0
core   0: 3 0x80003fe8 (0x00aaf8b3) x17 0x05901091
core   0: 0x80003fec (0x0000100f) fence.i
core   0: 3 0x80003fec (0x0000100f)
core   0: 0x80003ff0 (0xe603fb13) andi    s6, t2, -416
core   0: 3 0x80003ff0 (0xe603fb13) x22 0x1bd40820
core   0: 0x80003ff4 (0x404951b3) sra     gp, s2, tp
core   0: 3 0x80003ff4 (0x404951b3) x 3 0x00000000
core   0: 0x80003ff8 (0x006d0663) beq     s10, t1, pc + 12
core   0: 3 0x80003ff8 (0x006d0663)
core   0: 0x80003ffc (0x1aa302b7) lui     t0, 0x1aa30
core   0: 3 0x80003ffc (0x1aa302b7) x 5 0x1aa30000
core   0: 0x80004000 (0x0148a6b3) slt     a3, a7, s4
core   0: 3 0x80004000 (0x0148a6b3) x13 0x00000000
core   0: 0x80004004 (0x00e7fcb3) and     s9, a5, a4
core   0: 3 0x80004004 (0x00e7fcb3) x25 0x00000000
core   0: 0x80004008 (0x8cd32713) slti    a4, t1, -1843
core   0: 3 0x80004008 (0x8cd32713) x14 0x00000000
core   0: 0x8000400c (0xd48e6837) lui     a6, 0xd48e6
core   0: 3 0x8000400c (0xd48e6837) x16 0xd48e6000
core   0: 0x80004010 (0x2e2f8e13) addi    t3, t6, 738
core   0: 3 0x80004010 (0x2e2f8e13) x28 0x80028f02
core   0: 0x80004014 (0x009446b3) xor     a3, s0, s1
core   0: 3 0x80004014 (0x009446b3) x13 0x824d6061
core   0: 0x80004018 (0x002b6463) bltu    s6, sp, pc + 8
core   0: 3 0x80004018 (0x002b6463)
core   0: 0x80004020 (0x0236ee63) bltu    a3, gp, pc + 60
core   0: 3 0x80004020 (0x0236ee63)
core   0: 0x80004024 (0x016862b3) or      t0, a6, s6
core   0: 3 0x80004024 (0x016862b3) x 5 0xdfde6820
core   0: 0x80004028 (0x00d25133) srl     sp, tp, a3
core   0: 3 0x80004028 (0x00d25133) x 2 0x0dea04d6
core   0: 0x8000402c (0x02a57863) bgeu    a0, a0, pc + 48
core   0: 3 0x8000402c (0x02a57863)
core   0: 0x8000405c (0xbc0d4813) xori    a6, s10, -1088
core   0: 3 0x8000405c (0xbc0d4813) x16 0xfffffbc0
core   0: 0x80004060 (0x01121613) slli    a2, tp, 17
core   0: 3 0x80004060 (0x01121613) x12 0x13580000
core   0: 0x80004064 (0x19c23113) sltiu   sp, tp, 412
core   0: 3 0x80004064 (0x19c23113) x 2 0x00000000
core   0: 0x80004068 (0x04224863) blt     tp, sp, pc + 80
core   0: 3 0x80004068 (0x04224863)
core   0: 0x8000406c (0x009e28b3) slt     a7, t3, s1
core   0: 3 0x8000406c (0x009e28b3) x17 0x00000000
core   0: 0x80004070 (0x968bb713) sltiu   a4, s7, -1688
core   0: 3 0x80004070 (0x968bb713) x14 0x00000001
core   0: 0x80004074 (0x77638413) addi    s0, t2, 1910
core   0: 3 0x80004074 (0x77638413) x 8 0x1bd41122
core   0: 0x80004078 (0x006c9693) slli    a3, s9, 6
core   0: 3 0x80004078 (0x006c9693) x13 0x00000000
core   0: 0x8000407c (0xbc72d917) auipc   s2, 0xbc72d
core   0: 3 0x8000407c (0xbc72d917) x18 0x3c73107c
core   0: 0x80004080 (0x4f90ac13) slti    s8, ra, 1273
core   0: 3 0x80004080 (0x4f90ac13) x24 0x00000001
core   0: 0x80004084 (0x00015133) srl     sp, sp, zero
core   0: 3 0x80004084 (0x00015133) x 2 0x00000000
core   0: 0x80004088 (0x05e87263) bgeu    a6, t5, pc + 68
core   0: 3 0x80004088 (0x05e87263)
core   0: 0x800040cc (0x40688333) sub     t1, a7, t1
core   0: 3 0x800040cc (0x40688333) x 6 0xffffffff
core   0: 0x800040d0 (0x01a9e2b3) or      t0, s3, s10
core   0: 3 0x800040d0 (0x01a9e2b3) x 5 0x00000000
core   0: 0x800040d4 (0x80603013) sltiu   zero, zero, -2042
core   0: 3 0x800040d4 (0x80603013)
core   0: 0x800040d8 (0x00094133) xor     sp, s2, zero
core   0: 3 0x800040d8 (0x00094133) x 2 0x3c73107c
core   0: 0x800040dc (0x02580a63) beq     a6, t0, pc + 52
core   0: 3 0x800040dc (0x02580a63)
core   0: 0x800040e0 (0xb63a2893) slti    a7, s4, -1181
core   0: 3 0x800040e0 (0xb63a2893) x17 0x00000000
core   0: 0x800040e4 (0x01fa6463) bltu    s4, t6, pc + 8
core   0: 3 0x800040e4 (0x01fa6463)
core   0: 0x800040e8 (0x2e3aee93) ori     t4, s5, 739
core   0: 3 0x800040e8 (0x2e3aee93) x29 0xfdb012fb
core   0: 0x800040ec (0x014a3f33) sltu    t5, s4, s4
core   0: 3 0x800040ec (0x014a3f33) x30 0x00000000
core   0: 0x800040f0 (0x7dd12c93) slti    s9, sp, 2013
core   0: 3 0x800040f0 (0x7dd12c93) x25 0x00000000
core   0: 0x800040f4 (0x0000100f) fence.i
core   0: 3 0x800040f4 (0x0000100f)
core   0: 0x800040f8 (0x000c7e63) bgeu    s8, zero, pc + 28
core   0: 3 0x800040f8 (0x000c7e63)
core   0: 0x80004114 (0x823ccd93) xori    s11, s9, -2013
core   0: 3 0x80004114 (0x823ccd93) x27 0xfffff823
core   0: 0x80004118 (0x040bd463) bgez    s7, pc + 72
core   0: 3 0x80004118 (0x040bd463)
core   0: 0x8000411c (0xca4c0d13) addi    s10, s8, -860
core   0: 3 0x8000411c (0xca4c0d13) x26 0xfffffca5
core   0: 0x80004120 (0x338ff113) andi    sp, t6, 824
core   0: 3 0x80004120 (0x338ff113) x 2 0x00000020
core   0: 0x80004124 (0x41398eb3) sub     t4, s3, s3
core   0: 3 0x80004124 (0x41398eb3) x29 0x00000000
core   0: 0x80004128 (0x09115863) bge     sp, a7, pc + 144
core   0: 3 0x80004128 (0x09115863)
core   0: 0x800041b8 (0x00593233) sltu    tp, s2, t0
core   0: 3 0x800041b8 (0x00593233) x 4 0x00000000
core   0: 0x800041bc (0x00642133) slt     sp, s0, t1
core   0: 3 0x800041bc (0x00642133) x 2 0x00000000
core   0: 0x800041c0 (0x00de3d33) sltu    s10, t3, a3
core   0: 3 0x800041c0 (0x00de3d33) x26 0x00000000
core   0: 0x800041c4 (0x54a59f17) auipc   t5, 0x54a59
core   0: 3 0x800041c4 (0x54a59f17) x30 0xd4a5d1c4
core   0: 0x800041c8 (0x01b0cd33) xor     s10, ra, s11
core   0: 3 0x800041c8 (0x01b0cd33) x26 0xfffff823
core   0: 0x800041cc (0x0040d093) srli    ra, ra, 4
core   0: 3 0x800041cc (0x0040d093) x 1 0x00000000
core   0: 0x800041d0 (0x564fe413) ori     s0, t6, 1380
core   0: 3 0x800041d0 (0x564fe413) x 8 0x80028d64
core   0: 0x800041d4 (0x00000013) nop
core   0: 3 0x800041d4 (0x00000013)
core   0: 0x800041d8 (0x02904863) blt     zero, s1, pc + 48
core   0: 3 0x800041d8 (0x02904863)
core   0: 0x800041dc (0x2a3ba513) slti    a0, s7, 675
core   0: 3 0x800041dc (0x2a3ba513) x10 0x00000001
core   0: 0x800041e0 (0x00a3da13) srli    s4, t2, 10
core   0: 3 0x800041e0 (0x00a3da13) x20 0x0006f502
core   0: 0x800041e4 (0x010ec6b3) xor     a3, t4, a6
core   0: 3 0x800041e4 (0x010ec6b3) x13 0xfffffbc0
core   0: 0x800041e8 (0x017bd133) srl     sp, s7, s7
core   0: 3 0x800041e8 (0x017bd133) x 2 0x080024e6
core   0: 0x800041ec (0x0000100f) fence.i
core   0: 3 0x800041ec (0x0000100f)
core   0: 0x800041f0 (0x0000100f) fence.i
core   0: 3 0x800041f0 (0x0000100f)
core   0: 0x800041f4 (0x046a8463) beq     s5, t1, pc + 72
core   0: 3 0x800041f4 (0x046a8463)
core   0: 0x800041f8 (0x40510233) sub     tp, sp, t0
core   0: 3 0x800041f8 (0x40510233) x 4 0x080024e6
core   0: 0x800041fc (0x000f0833) add     a6, t5, zero
core   0: 3 0x800041fc (0x000f0833) x16 0xd4a5d1c4
core   0: 0x80004200 (0x9d380a13) addi    s4, a6, -1581
core   0: 3 0x80004200 (0x9d380a13) x20 0xd4a5cb97
core   0: 0x80004204 (0x00989c33) sll     s8, a7, s1
core   0: 3 0x80004204 (0x00989c33) x24 0x00000000
core   0: 0x80004208 (0x017bf533) and     a0, s7, s7
core   0: 3 0x80004208 (0x017bf533) x10 0x80024e64
core   0: 0x8000420c (0x1e3c2d93) slti    s11, s8, 483
core   0: 3 0x8000420c (0x1e3c2d93) x27 0x00000001
core   0: 0x80004210 (0x009e3fb3) sltu    t6, t3, s1
core   0: 3 0x80004210 (0x009e3fb3) x31 0x00000000
core   0: 0x80004214 (0xc71ae013) ori     zero, s5, -911
core   0: 3 0x80004214 (0xc71ae013)
core   0: 0x80004218 (0x789c4193) xori    gp, s8, 1929
core   0: 3 0x80004218 (0x789c4193) x 3 0x00000789
core   0: 0x8000421c (0x1c46cc97) auipc   s9, 0x1c46c
core   0: 3 0x8000421c (0x1c46cc97) x25 0x9c47021c
core   0: 0x80004220 (0x68b2be13) sltiu   t3, t0, 1675
core   0: 3 0x80004220 (0x68b2be13) x28 0x00000001
core   0: 0x80004224 (0x98410e93) addi    t4, sp, -1660
core   0: 3 0x80004224 (0x98410e93) x29 0x08001e6a
core   0: 0x80004228 (0x01bccc63) blt     s9, s11, pc + 24
core   0: 3 0x80004228 (0x01bccc63)
core   0: 0x80004240 (0x004270b3) and     ra, tp, tp
core   0: 3 0x80004240 (0x004270b3) x 1 0x080024e6
core   0: 0x80004244 (0x00b99833) sll     a6, s3, a1
core   0: 3 0x80004244 (0x00b99833) x16 0x00000000
core   0: 0x80004248 (0x05248263) beq     s1, s2, pc + 68
core   0: 3 0x80004248 (0x05248263)
core   0: 0x8000424c (0x00000013) nop
core   0: 3 0x8000424c (0x00000013)
core   0: 0x80004250 (0x00fd9f13) slli    t5, s11, 15
core   0: 3 0x80004250 (0x00fd9f13) x30 0x00008000
core   0: 0x80004254 (0x00209833) sll     a6, ra, sp
core   0: 3 0x80004254 (0x00209833) x16 0x00093980
core   0: 0x80004258 (0x01249b33) sll     s6, s1, s2
core   0: 3 0x80004258 (0x01249b33) x22 0x40000000
core   0: 0x8000425c (0x01100cb3) add     s9, zero, a7
core   0: 3 0x8000425c (0x01100cb3) x25 0x00000000
core   0: 0x80004260 (0x0000100f) fence.i
core   0: 3 0x80004260 (0x0000100f)
core   0: 0x80004264 (0x0186fcb3) and     s9, a3, s8
core   0: 3 0x80004264 (0x0186fcb3) x25 0x00000000
core   0: 0x80004268 (0x01696663) bltu    s2, s6, pc + 12
core   0: 3 0x80004268 (0x01696663)
core   0: 0x80004274 (0x0439f863) bgeu    s3, gp, pc + 80
core   0: 3 0x80004274 (0x0439f863)
core   0: 0x80004278 (0x00541333) sll     t1, s0, t0
core   0: 3 0x80004278 (0x00541333) x 6 0x80028d64
core   0: 0x8000427c (0x00000013) nop
core   0: 3 0x8000427c (0x00000013)
core   0: 0x80004280 (0x401ad2b3) sra     t0, s5, ra
core   0: 3 0x80004280 (0x401ad2b3) x 5 0xfff6c04a
core   0: 0x80004284 (0xa162fd93) andi    s11, t0, -1514
core   0: 3 0x80004284 (0xa162fd93) x27 0xfff6c002
core   0: 0x80004288 (0x00981c93) slli    s9, a6, 9
core   0: 3 0x80004288 (0x00981c93) x25 0x12730000
core   0: 0x8000428c (0x0486d263) bge     a3, s0, pc + 68
core   0: 3 0x8000428c (0x0486d263)
core   0: 0x800042d0 (0x2717cf97) auipc   t6, 0x2717c
core   0: 3 0x800042d0 (0x2717cf97) x31 0xa71802d0
core   0: 0x800042d4 (0x403d0db3) sub     s11, s10, gp
core   0: 3 0x800042d4 (0x403d0db3) x27 0xfffff09a
core   0: 0x800042d8 (0x017e7c33) and     s8, t3, s7
core   0: 3 0x800042d8 (0x017e7c33) x24 0x00000000
core   0: 0x800042dc (0x0065f9b3) and     s3, a1, t1
core   0: 3 0x800042dc (0x0065f9b3) x19 0x00000000
core   0: 0x800042e0 (0x404a5633) sra     a2, s4, tp
core   0: 3 0x800042e0 (0x404a5633) x12 0xff52972e
core   0: 0x800042e4 (0xb2dca817) auipc   a6, 0xb2dca
core   0: 3 0x800042e4 (0xb2dca817) x16 0x32dce2e4
core   0: 0x800042e8 (0xfe656893) ori     a7, a0, -26
core   0: 3 0x800042e8 (0xfe656893) x17 0xffffffe6
core   0: 0x800042ec (0x407f81b3) sub     gp, t6, t2
core   0: 3 0x800042ec (0x407f81b3) x 3 0x8b43f924
core   0: 0x800042f0 (0x3a8d8d13) addi    s10, s11, 936
core   0: 3 0x800042f0 (0x3a8d8d13) x26 0xfffff442
core   0: 0x800042f4 (0x000090b3) sll     ra, ra, zero
core   0: 3 0x800042f4 (0x000090b3) x 1 0x080024e6
core   0: 0x800042f8 (0x018029b3) slt     s3, zero, s8
core   0: 3 0x800042f8 (0x018029b3) x19 0x00000000
core   0: 0x800042fc (0x00000013) nop
core   0: 3 0x800042fc (0x00000013)
core   0: 0x80004300 (0x117fde63) bge     t6, s7, pc + 284
core   0: 3 0x80004300 (0x117fde63)
core   0: 0x8000441c (0x0101e733) or      a4, gp, a6
core   0: 3 0x8000441c (0x0101e733) x14 0xbbdffbe4
core   0: 0x80004420 (0x01243db3) sltu    s11, s0, s2
core   0: 3 0x80004420 (0x01243db3) x27 0x00000000
core   0: 0x80004424 (0x5fbe75b7) lui     a1, 0x5fbe7
core   0: 3 0x80004424 (0x5fbe75b7) x11 0x5fbe7000
core   0: 0x80004428 (0x01954833) xor     a6, a0, s9
core   0: 3 0x80004428 (0x01954833) x16 0x92714e64
core   0: 0x8000442c (0x01921863) bne     tp, s9, pc + 16
core   0: 3 0x8000442c (0x01921863)
core   0: 0x8000443c (0x41a08db3) sub     s11, ra, s10
core   0: 3 0x8000443c (0x41a08db3) x27 0x080030a4
core   0: 0x80004440 (0x0041d2b3) srl     t0, gp, tp
core   0: 3 0x80004440 (0x0041d2b3) x 5 0x022d0fe4
core   0: 0x80004444 (0x0000100f) fence.i
core   0: 3 0x80004444 (0x0000100f)
core   0: 0x80004448 (0x0ff0000f) fence   iorw,iorw
core   0: 3 0x80004448 (0x0ff0000f)
core   0: 0x8000444c (0x00000013) nop
core   0: 3 0x8000444c (0x00000013)
core   0: 0x80004450 (0x0052d793) srli    a5, t0, 5
core   0: 3 0x80004450 (0x0052d793) x15 0x0011687f
core   0: 0x80004454 (0x0411d663) bge     gp, ra, pc + 76
core   0: 3 0x80004454 (0x0411d663)
core   0: 0x80004458 (0x51936a13) ori     s4, t1, 1305
core   0: 3 0x80004458 (0x51936a13) x20 0x80028d7d
core   0: 0x8000445c (0x0169b9b3) sltu    s3, s3, s6
core   0: 3 0x8000445c (0x0169b9b3) x19 0x00000001
core   0: 0x80004460 (0x016d9193) slli    gp, s11, 22
core   0: 3 0x80004460 (0x016d9193) x 3 0x29000000
core   0: 0x80004464 (0x0000100f) fence.i
core   0: 3 0x80004464 (0x0000100f)
core   0: 0x80004468 (0x00a21393) slli    t2, tp, 10
core   0: 3 0x80004468 (0x00a21393) x 7 0x00939800
core   0: 0x8000446c (0x0508c263) blt     a7, a6, pc + 68
core   0: 3 0x8000446c (0x0508c263)
core   0: 0x80004470 (0x8fe84d93) xori    s11, a6, -1794
core   0: 3 0x80004470 (0x8fe84d93) x27 0x6d8eb69a
core   0: 0x80004474 (0x01a36663) bltu    t1, s10, pc + 12
core   0: 3 0x80004474 (0x01a36663)
core   0: 0x80004480 (0xd6dbc193) xori    gp, s7, -659
core   0: 3 0x80004480 (0xd6dbc193) x 3 0x7ffdb309
core   0: 0x80004484 (0x01419c13) slli    s8, gp, 20
core   0: 3 0x80004484 (0x01419c13) x24 0x30900000
core   0: 0x80004488 (0x00064863) bltz    a2, pc + 16
core   0: 3 0x80004488 (0x00064863)
core   0: 0x80004498 (0x00000013) nop
core   0: 3 0x80004498 (0x00000013)
core   0: 0x8000449c (0x00421c13) slli    s8, tp, 4
core   0: 3 0x8000449c (0x00421c13) x24 0x80024e60
core   0: 0x800044a0 (0x0053c033) xor     zero, t2, t0
core   0: 3 0x800044a0 (0x0053c033)
core   0: 0x800044a4 (0x01fd2fb3) slt     t6, s10, t6
core   0: 3 0x800044a4 (0x01fd2fb3) x31 0x00000000
core   0: 0x800044a8 (0x0085c393) xori    t2, a1, 8
core   0: 3 0x800044a8 (0x0085c393) x 7 0x5fbe7008
core   0: 0x800044ac (0xefef6e13) ori     t3, t5, -258
core   0: 3 0x800044ac (0xefef6e13) x28 0xfffffefe
core   0: 0x800044b0 (0x0ff06537) lui     a0, 0xff06
core   0: 3 0x800044b0 (0x0ff06537) x10 0x0ff06000
core   0: 0x800044b4 (0x415a88b3) sub     a7, s5, s5
core   0: 3 0x800044b4 (0x415a88b3) x17 0x00000000
core   0: 0x800044b8 (0x4086d0b3) sra     ra, a3, s0
core   0: 3 0x800044b8 (0x4086d0b3) x 1 0xffffffbc
core   0: 0x800044bc (0x41f28cb3) sub     s9, t0, t6
core   0: 3 0x800044bc (0x41f28cb3) x25 0x022d0fe4
core   0: 0x800044c0 (0x00a77db3) and     s11, a4, a0
core   0: 3 0x800044c0 (0x00a77db3) x27 0x0bd06000
core   0: 0x800044c4 (0x00e49d13) slli    s10, s1, 14
core   0: 3 0x800044c4 (0x00e49d13) x26 0xa3390000
core   0: 0x800044c8 (0xd11ee293) ori     t0, t4, -751
core   0: 3 0x800044c8 (0xd11ee293) x 5 0xffffff7b
core   0: 0x800044cc (0x05ebf863) bgeu    s7, t5, pc + 80
core   0: 3 0x800044cc (0x05ebf863)
core   0: 0x8000451c (0xf29a5917) auipc   s2, 0xf29a5
core   0: 3 0x8000451c (0xf29a5917) x18 0x729a951c
core   0: 0x80004520 (0xc49d2c97) auipc   s9, 0xc49d2
core   0: 3 0x80004520 (0xc49d2c97) x25 0x449d6520
core   0: 0x80004524 (0x40555f33) sra     t5, a0, t0
core   0: 3 0x80004524 (0x40555f33) x30 0x00000001
core   0: 0x80004528 (0x40118833) sub     a6, gp, ra
core   0: 3 0x80004528 (0x40118833) x16 0x7ffdb34d
core   0: 0x8000452c (0xf6dd2193) slti    gp, s10, -147
core   0: 3 0x8000452c (0xf6dd2193) x 3 0x00000001
core   0: 0x80004530 (0x004a6863) bltu    s4, tp, pc + 16
core   0: 3 0x80004530 (0x004a6863)
core   0: 0x80004534 (0x0fb50f13) addi    t5, a0, 251
core   0: 3 0x80004534 (0x0fb50f13) x30 0x0ff060fb
core   0: 0x80004538 (0x00000013) nop
core   0: 3 0x80004538 (0x00000013)
core   0: 0x8000453c (0xf51e4593) xori    a1, t3, -175
core   0: 3 0x8000453c (0xf51e4593) x11 0x000001af
core   0: 0x80004540 (0x01390c63) beq     s2, s3, pc + 24
core   0: 3 0x80004540 (0x01390c63)
core   0: 0x80004544 (0x00c9eeb3) or      t4, s3, a2
core   0: 3 0x80004544 (0x00c9eeb3) x29 0xff52972f
core   0: 0x80004548 (0x6c92ac13) slti    s8, t0, 1737
core   0: 3 0x80004548 (0x6c92ac13) x24 0x00000001
core   0: 0x8000454c (0x018161b3) or      gp, sp, s8
core   0: 3 0x8000454c (0x018161b3) x 3 0x080024e7
core   0: 0x80004550 (0x0000100f) fence.i
core   0: 3 0x80004550 (0x0000100f)
core   0: 0x80004554 (0x4662a813) slti    a6, t0, 1126
core   0: 3 0x80004554 (0x4662a813) x16 0x00000001
core   0: 0x80004558 (0x0014ff33) and     t5, s1, ra
core   0: 3 0x80004558 (0x0014ff33) x30 0x80028ca4
core   0: 0x8000455c (0x05534063) blt     t1, s5, pc + 64
core   0: 3 0x8000455c (0x05534063)
core   0: 0x8000459c (0x0ff0000f) fence   iorw,iorw
core   0: 3 0x8000459c (0x0ff0000f)
core   0: 0x800045a0 (0x14700693) li      a3, 327
core   0: 3 0x800045a0 (0x14700693) x13 0x00000147
core   0: 0x800045a4 (0x02e56e63) bltu    a0, a4, pc + 60
core   0: 3 0x800045a4 (0x02e56e63)
core   0: 0x800045e0 (0x0080a933) slt     s2, ra, s0
core   0: 3 0x800045e0 (0x0080a933) x18 0x00000000
core   0: 0x800045e4 (0x0000100f) fence.i
core   0: 3 0x800045e4 (0x0000100f)
core   0: 0x800045e8 (0x018c1533) sll     a0, s8, s8
core   0: 3 0x800045e8 (0x018c1533) x10 0x00000002
core   0: 0x800045ec (0x054ae463) bltu    s5, s4, pc + 72
core   0: 3 0x800045ec (0x054ae463)
core   0: 0x800045f0 (0x01389f13) slli    t5, a7, 19
core   0: 3 0x800045f0 (0x01389f13) x30 0x00000000
core   0: 0x800045f4 (0x0ff0000f) fence   iorw,iorw
core   0: 3 0x800045f4 (0x0ff0000f)
core   0: 0x800045f8 (0x015f7233) and     tp, t5, s5
core   0: 3 0x800045f8 (0x015f7233) x 4 0x00000000
core   0: 0x800045fc (0x35c08593) addi    a1, ra, 860
core   0: 3 0x800045fc (0x35c08593) x11 0x00000318
core   0: 0x80004600 (0x015a5613) srli    a2, s4, 21
core   0: 3 0x80004600 (0x015a5613) x12 0x00000400
core   0: 0x80004604 (0x40fe83b3) sub     t2, t4, a5
core   0: 3 0x80004604 (0x40fe83b3) x 7 0xff412eb0
core   0: 0x80004608 (0x05276e93) ori     t4, a4, 82
core   0: 3 0x80004608 (0x05276e93) x29 0xbbdffbf6
core   0: 0x8000460c (0x0061d333) srl     t1, gp, t1
core   0: 3 0x8000460c (0x0061d333) x 6 0x0080024e
core   0: 0x80004610 (0x0ff0000f) fence   iorw,iorw
core   0: 3 0x80004610 (0x0ff0000f)
core   0: 0x80004614 (0x01662933) slt     s2, a2, s6
core   0: 3 0x80004614 (0x01662933) x18 0x00000001
core   0: 0x80004618 (0x25aecb13) xori    s6, t4, 602
core   0: 3 0x80004618 (0x25aecb13) x22 0xbbdff9ac
core   0: 0x8000461c (0x0171a9b3) slt     s3, gp, s7
core   0: 3 0x8000461c (0x0171a9b3) x19 0x00000000
core   0: 0x80004620 (0x055d9263) bne     s11, s5, pc + 68
core   0: 3 0x80004620 (0x055d9263)
core   0: 0x80004664 (0x7bec4593) xori    a1, s8, 1982
core   0: 3 0x80004664 (0x7bec4593) x11 0x000007bf
core   0: 0x80004668 (0x00bd38b3) sltu    a7, s10, a1
core   0: 3 0x80004668 (0x00bd38b3) x17 0x00000000
core   0: 0x8000466c (0x011077b3) and     a5, zero, a7
core   0: 3 0x8000466c (0x011077b3) x15 0x00000000
core   0: 0x80004670 (0x41d3db13) srai    s6, t2, 29
core   0: 3 0x80004670 (0x41d3db13) x22 0xffffffff
core   0: 0x80004674 (0x00a6e433) or      s0, a3, a0
core   0: 3 0x80004674 (0x00a6e433) x 8 0x00000147
core   0: 0x80004678 (0xb209ae97) auipc   t4, 0xb209a
core   0: 3 0x80004678 (0xb209ae97) x29 0x3209e678
core   0: 0x8000467c (0x00307863) bgeu    zero, gp, pc + 16
core   0: 3 0x8000467c (0x00307863)
core   0: 0x80004680 (0x001af463) bgeu    s5, ra, pc + 8
core   0: 3 0x80004680 (0x001af463)
core   0: 0x80004684 (0x380d8113) addi    sp, s11, 896
core   0: 3 0x80004684 (0x380d8113) x 2 0x0bd06380
core   0: 0x80004688 (0x052c7063) bgeu    s8, s2, pc + 64
core   0: 3 0x80004688 (0x052c7063)
core   0: 0x800046c8 (0x004018b3) sll     a7, zero, tp
core   0: 3 0x800046c8 (0x004018b3) x17 0x00000000
core   0: 0x800046cc (0x01bdb933) sltu    s2, s11, s11
core   0: 3 0x800046cc (0x01bdb933) x18 0x00000000
core   0: 0x800046d0 (0x403457b3) sra     a5, s0, gp
core   0: 3 0x800046d0 (0x403457b3) x15 0x00000002
core   0: 0x800046d4 (0x402252b3) sra     t0, tp, sp
core   0: 3 0x800046d4 (0x402252b3) x 5 0x00000000
core   0: 0x800046d8 (0x598c3093) sltiu   ra, s8, 1432
core   0: 3 0x800046d8 (0x598c3093) x 1 0x00000001
core   0: 0x800046dc (0x005a0863) beq     s4, t0, pc + 16
core   0: 3 0x800046dc (0x005a0863)
core   0: 0x800046e0 (0x41bc0133) sub     sp, s8, s11
core   0: 3 0x800046e0 (0x41bc0133) x 2 0xf42fa001
core   0: 0x800046e4 (0x00971733) sll     a4, a4, s1
core   0: 3 0x800046e4 (0x00971733) x14 0xbdffbe40
core   0: 0x800046e8 (0x01841633) sll     a2, s0, s8
core   0: 3 0x800046e8 (0x01841633) x12 0x0000028e
core   0: 0x800046ec (0x41ded213) srai    tp, t4, 29
core   0: 3 0x800046ec (0x41ded213) x 4 0x00000001
core   0: 0x800046f0 (0x822d3d37) lui     s10, 0x822d3
core   0: 3 0x800046f0 (0x822d3d37) x26 0x822d3000
core   0: 0x800046f4 (0x410c5393) srai    t2, s8, 16
core   0: 3 0x800046f4 (0x410c5393) x 7 0x00000000
core   0: 0x800046f8 (0xc0506193) ori     gp, zero, -1019
core   0: 3 0x800046f8 (0xc0506193) x 3 0xfffffc05
core   0: 0x800046fc (0x01d6e533) or      a0, a3, t4
core   0: 3 0x800046fc (0x01d6e533) x10 0x3209e77f
core   0: 0x80004700 (0x05949263) bne     s1, s9, pc + 68
core   0: 3 0x80004700 (0x05949263)
core   0: 0x80004744 (0xc26f2713) slti    a4, t5, -986
core   0: 3 0x80004744 (0xc26f2713) x14 0x00000000
core   0: 0x80004748 (0x00166863) bltu    a2, ra, pc + 16
core   0: 3 0x80004748 (0x00166863)
core   0: 0x8000474c (0x007549b3) xor     s3, a0, t2
core   0: 3 0x8000474c (0x007549b3) x19 0x3209e77f
core   0: 0x80004750 (0x06903193) sltiu   gp, zero, 105
core   0: 3 0x80004750 (0x06903193) x 3 0x00000001
core   0: 0x80004754 (0x01871413) slli    s0, a4, 24
core   0: 3 0x80004754 (0x01871413) x 8 0x00000000
core   0: 0x80004758 (0x0187e463) bltu    a5, s8, pc + 8
core   0: 3 0x80004758 (0x0187e463)
core   0: 0x8000475c (0x01ba05b3) add     a1, s4, s11
core   0: 3 0x8000475c (0x01ba05b3) x11 0x8bd2ed7d
core   0: 0x80004760 (0x0360de63) bge     ra, s6, pc + 60
core   0: 3 0x80004760 (0x0360de63)
core   0: 0x8000479c (0xe5cc7713) andi    a4, s8, -420
core   0: 3 0x8000479c (0xe5cc7713) x14 0x00000000
core   0: 0x800047a0 (0x01f019b3) sll     s3, zero, t6
core   0: 3 0x800047a0 (0x01f019b3) x19 0x00000000
core   0: 0x800047a4 (0x41ced193) srai    gp, t4, 28
core   0: 3 0x800047a4 (0x41ced193) x 3 0x00000003
core   0: 0x800047a8 (0x01506e63) bltu    zero, s5, pc + 28
core   0: 3 0x800047a8 (0x01506e63)
core   0: 0x800047c4 (0x03140a13) addi    s4, s0, 49
core   0: 3 0x800047c4 (0x03140a13) x20 0x00000031
core   0: 0x800047c8 (0x6a2b1237) lui     tp, 0x6a2b1
core   0: 3 0x800047c8 (0x6a2b1237) x 4 0x6a2b1000
core   0: 0x800047cc (0x40ec53b3) sra     t2, s8, a4
core   0: 3 0x800047cc (0x40ec53b3) x 7 0x00000001
core   0: 0x800047d0 (0x05da8863) beq     s5, t4, pc + 80
core   0: 3 0x800047d0 (0x05da8863)
core   0: 0x800047d4 (0x791d4793) xori    a5, s10, 1937
core   0: 3 0x800047d4 (0x791d4793) x15 0x822d3791
core   0: 0x800047d8 (0x1865f793) andi    a5, a1, 390
core   0: 3 0x800047d8 (0x1865f793) x15 0x00000104
core   0: 0x800047dc (0x0ff0000f) fence   iorw,iorw
core   0: 3 0x800047dc (0x0ff0000f)
core   0: 0x800047e0 (0x01591693) slli    a3, s2, 21
core   0: 3 0x800047e0 (0x01591693) x13 0x00000000
core   0: 0x800047e4 (0x00c132b3) sltu    t0, sp, a2
core   0: 3 0x800047e4 (0x00c132b3) x 5 0x00000000
core   0: 0x800047e8 (0x41a25b33) sra     s6, tp, s10
core   0: 3 0x800047e8 (0x41a25b33) x22 0x6a2b1000
core   0: 0x800047ec (0x00000013) nop
core   0: 3 0x800047ec (0x00000013)
core   0: 0x800047f0 (0x06806993) ori     s3, zero, 104
core   0: 3 0x800047f0 (0x06806993) x19 0x00000068
core   0: 0x800047f4 (0x4132d9b3) sra     s3, t0, s3
core   0: 3 0x800047f4 (0x4132d9b3) x19 0x00000000
core   0: 0x800047f8 (0x019f3b33) sltu    s6, t5, s9
core   0: 3 0x800047f8 (0x019f3b33) x22 0x00000001
core   0: 0x800047fc (0x02124863) blt     tp, ra, pc + 48
core   0: 3 0x800047fc (0x02124863)
core   0: 0x80004800 (0x41e90eb3) sub     t4, s2, t5
core   0: 3 0x80004800 (0x41e90eb3) x29 0x00000000
core   0: 0x80004804 (0x00ef7cb3) and     s9, t5, a4
core   0: 3 0x80004804 (0x00ef7cb3) x25 0x00000000
core   0: 0x80004808 (0x1b158393) addi    t2, a1, 433
core   0: 3 0x80004808 (0x1b158393) x 7 0x8bd2ef2e
core   0: 0x8000480c (0x00bc3833) sltu    a6, s8, a1
core   0: 3 0x8000480c (0x00bc3833) x16 0x00000001
core   0: 0x80004810 (0x0000100f) fence.i
core   0: 3 0x80004810 (0x0000100f)
core   0: 0x80004814 (0x402ed1b3) sra     gp, t4, sp
core   0: 3 0x80004814 (0x402ed1b3) x 3 0x00000000
core   0: 0x80004818 (0x01e4ae33) slt     t3, s1, t5
core   0: 3 0x80004818 (0x01e4ae33) x28 0x00000001
core   0: 0x8000481c (0xd3653c93) sltiu   s9, a0, -714
core   0: 3 0x8000481c (0xd3653c93) x25 0x00000001
core   0: 0x80004820 (0x41060cb3) sub     s9, a2, a6
core   0: 3 0x80004820 (0x41060cb3) x25 0x0000028d
core   0: 0x80004824 (0x0631e613) ori     a2, gp, 99
core   0: 3 0x80004824 (0x0631e613) x12 0x00000063
core   0: 0x80004828 (0x009e1e33) sll     t3, t3, s1
core   0: 3 0x80004828 (0x009e1e33) x28 0x00000010
core   0: 0x8000482c (0x07cfe063) bltu    t6, t3, pc + 96
core   0: 3 0x8000482c (0x07cfe063)
core   0: 0x8000488c (0x019596b3) sll     a3, a1, s9
core   0: 3 0x8000488c (0x019596b3) x13 0x5dafa000
core   0: 0x80004890 (0x041bf063) bgeu    s7, ra, pc + 64
core   0: 3 0x80004890 (0x041bf063)
core   0: 0x800048d0 (0x03ccf663) bgeu    s9, t3, pc + 44
core   0: 3 0x800048d0 (0x03ccf663)
core   0: 0x800048fc (0x408c5e13) srai    t3, s8, 8
core   0: 3 0x800048fc (0x408c5e13) x28 0x00000000
core   0: 0x80004900 (0xe2d24c13) xori    s8, tp, -467
core   0: 3 0x80004900 (0xe2d24c13) x24 0x95d4ee2d
core   0: 0x80004904 (0x0174a7b3) slt     a5, s1, s7
core   0: 3 0x80004904 (0x0174a7b3) x15 0x00000000
core   0: 0x80004908 (0x1c10b193) sltiu   gp, ra, 449
core   0: 3 0x80004908 (0x1c10b193) x 3 0x00000001
core   0: 0x8000490c (0x00ca7cb3) and     s9, s4, a2
core   0: 3 0x8000490c (0x00ca7cb3) x25 0x00000021
core   0: 0x80004910 (0x02afea63) bltu    t6, a0, pc + 52
core   0: 3 0x80004910 (0x02afea63)
core   0: 0x80004944 (0x00000013) nop
core   0: 3 0x80004944 (0x00000013)
core   0: 0x80004948 (0x01e2c033) xor     zero, t0, t5
core   0: 3 0x80004948 (0x01e2c033)
core   0: 0x8000494c (0x0ff0000f) fence   iorw,iorw
core   0: 3 0x8000494c (0x0ff0000f)
core   0: 0x80004950 (0x00b21813) slli    a6, tp, 11
core   0: 3 0x80004950 (0x00b21813) x16 0x58800000
core   0: 0x80004954 (0x4096d413) srai    s0, a3, 9
core   0: 3 0x80004954 (0x4096d413) x 8 0x002ed7d0
core   0: 0x80004958 (0x855bf313) andi    t1, s7, -1963
core   0: 3 0x80004958 (0x855bf313) x 6 0x80024844
core   0: 0x8000495c (0x012933b3) sltu    t2, s2, s2
core   0: 3 0x8000495c (0x012933b3) x 7 0x00000000
core   0: 0x80004960 (0x007a7663) bgeu    s4, t2, pc + 12
core   0: 3 0x80004960 (0x007a7663)
core   0: 0x8000496c (0x05676463) bltu    a4, s6, pc + 72
core   0: 3 0x8000496c (0x05676463)
core   0: 0x800049b4 (0x41e1d013) srai    zero, gp, 30
core   0: 3 0x800049b4 (0x41e1d013)
core   0: 0x800049b8 (0x9531a893) slti    a7, gp, -1709
core   0: 3 0x800049b8 (0x9531a893) x17 0x00000000
core   0: 0x800049bc (0x00ab1013) slli    zero, s6, 10
core   0: 3 0x800049bc (0x00ab1013)
core   0: 0x800049c0 (0x00e9b3b3) sltu    t2, s3, a4
core   0: 3 0x800049c0 (0x00e9b3b3) x 7 0x00000000
core   0: 0x800049c4 (0x26cf7c13) andi    s8, t5, 620
core   0: 3 0x800049c4 (0x26cf7c13) x24 0x00000000
core   0: 0x800049c8 (0xb866c213) xori    tp, a3, -1146
core   0: 3 0x800049c8 (0xb866c213) x 4 0xa2505b86
core   0: 0x800049cc (0x9382b213) sltiu   tp, t0, -1736
core   0: 3 0x800049cc (0x9382b213) x 4 0x00000001
core   0: 0x800049d0 (0x000e30b3) sltu    ra, t3, zero
core   0: 3 0x800049d0 (0x000e30b3) x 1 0x00000000
core   0: 0x800049d4 (0x01ef73b3) and     t2, t5, t5
core   0: 3 0x800049d4 (0x01ef73b3) x 7 0x00000000
core   0: 0x800049d8 (0x0126e3b3) or      t2, a3, s2
core   0: 3 0x800049d8 (0x0126e3b3) x 7 0x5dafa000
core   0: 0x800049dc (0x51858013) addi    zero, a1, 1304
core   0: 3 0x800049dc (0x51858013)
core   0: 0x800049e0 (0x0ff0000f) fence   iorw,iorw
core   0: 3 0x800049e0 (0x0ff0000f)
core   0: 0x800049e4 (0x005b00b3) add     ra, s6, t0
core   0: 3 0x800049e4 (0x005b00b3) x 1 0x00000001
core   0: 0x800049e8 (0x40c00f13) li      t5, 1036
core   0: 3 0x800049e8 (0x40c00f13) x30 0x0000040c
core   0: 0x800049ec (0x51e0c737) lui     a4, 0x51e0c
core   0: 3 0x800049ec (0x51e0c737) x14 0x51e0c000
core   0: 0x800049f0 (0x0ff0000f) fence   iorw,iorw
core   0: 3 0x800049f0 (0x0ff0000f)
core   0: 0x800049f4 (0x0548f863) bgeu    a7, s4, pc + 80
core   0: 3 0x800049f4 (0x0548f863)
core   0: 0x800049f8 (0x00000013) nop
core   0: 3 0x800049f8 (0x00000013)
core   0: 0x800049fc (0x01649193) slli    gp, s1, 22
core   0: 3 0x800049fc (0x01649193) x 3 0x39000000
core   0: 0x80004a00 (0x406c55b3) sra     a1, s8, t1
core   0: 3 0x80004a00 (0x406c55b3) x11 0x00000000
core   0: 0x80004a04 (0x01f8d593) srli    a1, a7, 31
core   0: 3 0x80004a04 (0x01f8d593) x11 0x00000000
core   0: 0x80004a08 (0x048d0463) beq     s10, s0, pc + 72
core   0: 3 0x80004a08 (0x048d0463)
core   0: 0x80004a0c (0x0099b0b3) sltu    ra, s3, s1
core   0: 3 0x80004a0c (0x0099b0b3) x 1 0x00000001
core   0: 0x80004a10 (0x03f0c863) blt     ra, t6, pc + 48
core   0: 3 0x80004a10 (0x03f0c863)
core   0: 0x80004a14 (0x01459463) bne     a1, s4, pc + 8
core   0: 3 0x80004a14 (0x01459463)
core   0: 0x80004a1c (0x01cc9093) slli    ra, s9, 28
core   0: 3 0x80004a1c (0x01cc9093) x 1 0x10000000
core   0: 0x80004a20 (0x40db5213) srai    tp, s6, 13
core   0: 3 0x80004a20 (0x40db5213) x 4 0x00000000
core   0: 0x80004a24 (0xef6ba993) slti    s3, s7, -266
core   0: 3 0x80004a24 (0xef6ba993) x19 0x00000001
core   0: 0x80004a28 (0x0ff0000f) fence   iorw,iorw
core   0: 3 0x80004a28 (0x0ff0000f)
core   0: 0x80004a2c (0x409c0233) sub     tp, s8, s1
core   0: 3 0x80004a2c (0x409c0233) x 4 0x7ffd731c
core   0: 0x80004a30 (0x0000100f) fence.i
core   0: 3 0x80004a30 (0x0000100f)
core   0: 0x80004a34 (0x3c7cfc13) andi    s8, s9, 967
core   0: 3 0x80004a34 (0x3c7cfc13) x24 0x00000001
core   0: 0x80004a38 (0x005d1a33) sll     s4, s10, t0
core   0: 3 0x80004a38 (0x005d1a33) x20 0x822d3000
core   0: 0x80004a3c (0x036c9e63) bne     s9, s6, pc + 60
core   0: 3 0x80004a3c (0x036c9e63)
core   0: 0x80004a78 (0x0026fe33) and     t3, a3, sp
core   0: 3 0x80004a78 (0x0026fe33) x28 0x542fa000
core   0: 0x80004a7c (0x01a365b3) or      a1, t1, s10
core   0: 3 0x80004a7c (0x01a365b3) x11 0x822f7844
core   0: 0x80004a80 (0x01835513) srli    a0, t1, 24
core   0: 3 0x80004a80 (0x01835513) x10 0x00000080
core   0: 0x80004a84 (0x05945863) bge     s0, s9, pc + 80
core   0: 3 0x80004a84 (0x05945863)
core   0: 0x80004ad4 (0x01975f93) srli    t6, a4, 25
core   0: 3 0x80004ad4 (0x01975f93) x31 0x00000028
core   0: 0x80004ad8 (0x0ff0000f) fence   iorw,iorw
core   0: 3 0x80004ad8 (0x0ff0000f)
core   0: 0x80004adc (0x00b94e63) blt     s2, a1, pc + 28
core   0: 3 0x80004adc (0x00b94e63)
core   0: 0x80004ae0 (0x0465d463) bge     a1, t1, pc + 72
core   0: 3 0x80004ae0 (0x0465d463)
core   0: 0x80004b28 (0xfe6fb537) lui     a0, 0xfe6fb
core   0: 3 0x80004b28 (0xfe6fb537) x10 0xfe6fb000
core   0: 0x80004b2c (0x012d1d33) sll     s10, s10, s2
core   0: 3 0x80004b2c (0x012d1d33) x26 0x822d3000
core   0: 0x80004b30 (0x04b74463) blt     a4, a1, pc + 72
core   0: 3 0x80004b30 (0x04b74463)
core   0: 0x80004b34 (0x01460433) add     s0, a2, s4
core   0: 3 0x80004b34 (0x01460433) x 8 0x822d3063
core   0: 0x80004b38 (0xdceba013) slti    zero, s7, -562
core   0: 3 0x80004b38 (0xdceba013)
core   0: 0x80004b3c (0x03516263) bltu    sp, s5, pc + 36
core   0: 3 0x80004b3c (0x03516263)
core   0: 0x80004b60 (0x012d1913) slli    s2, s10, 18
core   0: 3 0x80004b60 (0x012d1913) x18 0xc0000000
core   0: 0x80004b64 (0x00423633) sltu    a2, tp, tp
core   0: 3 0x80004b64 (0x00423633) x12 0x00000000
core   0: 0x80004b68 (0x0013f0b3) and     ra, t2, ra
core   0: 3 0x80004b68 (0x0013f0b3) x 1 0x10000000
core   0: 0x80004b6c (0x057c6263) bltu    s8, s7, pc + 68
core   0: 3 0x80004b6c (0x057c6263)
core   0: 0x80004bb0 (0x04376463) bltu    a4, gp, pc + 72
core   0: 3 0x80004bb0 (0x04376463)
core   0: 0x80004bb4 (0xb5995d37) lui     s10, 0xb5995
core   0: 3 0x80004bb4 (0xb5995d37) x26 0xb5995000
core   0: 0x80004bb8 (0x05736463) bltu    t1, s7, pc + 72
core   0: 3 0x80004bb8 (0x05736463)
core   0: 0x80004c00 (0x00614a33) xor     s4, sp, t1
core   0: 3 0x80004c00 (0x00614a33) x20 0x742de845
core   0: 0x80004c04 (0x92960393) addi    t2, a2, -1751
core   0: 3 0x80004c04 (0x92960393) x 7 0xfffff929
core   0: 0x80004c08 (0x016818b7) lui     a7, 0x1681
core   0: 3 0x80004c08 (0x016818b7) x17 0x01681000
core   0: 0x80004c0c (0xac4e2b37) lui     s6, 0xac4e2
core   0: 3 0x80004c0c (0xac4e2b37) x22 0xac4e2000
core   0: 0x80004c10 (0x0000100f) fence.i
core   0: 3 0x80004c10 (0x0000100f)
core   0: 0x80004c14 (0x02b3c863) blt     t2, a1, pc + 48
core   0: 3 0x80004c14 (0x02b3c863)
core   0: 0x80004c18 (0x00000013) nop
core   0: 3 0x80004c18 (0x00000013)
core   0: 0x80004c1c (0x584c7893) andi    a7, s8, 1412
core   0: 3 0x80004c1c (0x584c7893) x17 0x00000000
core   0: 0x80004c20 (0x04369863) bne     a3, gp, pc + 80
core   0: 3 0x80004c20 (0x04369863)
core   0: 0x80004c70 (0x0000100f) fence.i
core   0: 3 0x80004c70 (0x0000100f)
core   0: 0x80004c74 (0xc6410393) addi    t2, sp, -924
core   0: 3 0x80004c74 (0xc6410393) x 7 0xf42f9c65
core   0: 0x80004c78 (0x18cc2513) slti    a0, s8, 396
core   0: 3 0x80004c78 (0x18cc2513) x10 0x00000001
core   0: 0x80004c7c (0x8082f197) auipc   gp, 0x8082f
core   0: 3 0x80004c7c (0x8082f197) x 3 0x00833c7c
core   0: 0x80004c80 (0x01861633) sll     a2, a2, s8
core   0: 3 0x80004c80 (0x01861633) x12 0x00000000
core   0: 0x80004c84 (0x006de863) bltu    s11, t1, pc + 16
core   0: 3 0x80004c84 (0x006de863)
core   0: 0x80004c94 (0x014de433) or      s0, s11, s4
core   0: 3 0x80004c94 (0x014de433) x 8 0x7ffde845
core   0: 0x80004c98 (0x01e98463) beq     s3, t5, pc + 8
core   0: 3 0x80004c98 (0x01e98463)
core   0: 0x80004c9c (0xf44cce13) xori    t3, s9, -188
core   0: 3 0x80004c9c (0xf44cce13) x28 0xffffff65
core   0: 0x80004ca0 (0x014393b3) sll     t2, t2, s4
core   0: 3 0x80004ca0 (0x014393b3) x 7 0x85f38ca0
core   0: 0x80004ca4 (0x011ba833) slt     a6, s7, a7
core   0: 3 0x80004ca4 (0x011ba833) x16 0x00000001
core   0: 0x80004ca8 (0x00fbfc63) bgeu    s7, a5, pc + 24
core   0: 3 0x80004ca8 (0x00fbfc63)
core   0: 0x80004cc0 (0x0eaba313) slti    t1, s7, 234
core   0: 3 0x80004cc0 (0x0eaba313) x 6 0x00000001
core   0: 0x80004cc4 (0xd7b8ec93) ori     s9, a7, -645
core   0: 3 0x80004cc4 (0xd7b8ec93) x25 0xfffffd7b
core   0: 0x80004cc8 (0x0ff0000f) fence   iorw,iorw
core   0: 3 0x80004cc8 (0x0ff0000f)
core   0: 0x80004ccc (0x05e50063) beq     a0, t5, pc + 64
core   0: 3 0x80004ccc (0x05e50063)
core   0: 0x80004cd0 (0x007a00b3) add     ra, s4, t2
core   0: 3 0x80004cd0 (0x007a00b3) x 1 0xfa2174e5
core   0: 0x80004cd4 (0x05c88263) beq     a7, t3, pc + 68
core   0: 3 0x80004cd4 (0x05c88263)
core   0: 0x80004cd8 (0x00644333) xor     t1, s0, t1
core   0: 3 0x80004cd8 (0x00644333) x 6 0x7ffde844
core   0: 0x80004cdc (0x008479b3) and     s3, s0, s0
core   0: 3 0x80004cdc (0x008479b3) x19 0x7ffde845
core   0: 0x80004ce0 (0x639b3893) sltiu   a7, s6, 1593
core   0: 3 0x80004ce0 (0x639b3893) x17 0x00000000
core   0: 0x80004ce4 (0x0ff0000f) fence   iorw,iorw
core   0: 3 0x80004ce4 (0x0ff0000f)
core   0: 0x80004ce8 (0x031b1263) bne     s6, a7, pc + 36
core   0: 3 0x80004ce8 (0x031b1263)
core   0: 0x80004d0c (0xfb8cb793) sltiu   a5, s9, -72
core   0: 3 0x80004d0c (0xfb8cb793) x15 0x00000001
core   0: 0x80004d10 (0x84c63213) sltiu   tp, a2, -1972
core   0: 3 0x80004d10 (0x84c63213) x 4 0x00000001
core   0: 0x80004d14 (0x0000100f) fence.i
core   0: 3 0x80004d14 (0x0000100f)
core   0: 0x80004d18 (0x01805433) srl     s0, zero, s8
core   0: 3 0x80004d18 (0x01805433) x 8 0x00000000
core   0: 0x80004d1c (0xe8464693) xori    a3, a2, -380
core   0: 3 0x80004d1c (0xe8464693) x13 0xfffffe84
core   0: 0x80004d20 (0x045e1463) bne     t3, t0, pc + 72
core   0: 3 0x80004d20 (0x045e1463)
core   0: 0x80004d68 (0x00f7d863) bge     a5, a5, pc + 16
core   0: 3 0x80004d68 (0x00f7d863)
core   0: 0x80004d78 (0x2b4b6c17) auipc   s8, 0x2b4b6
core   0: 3 0x80004d78 (0x2b4b6c17) x24 0xab4bad78
core   0: 0x80004d7c (0x00e7c463) blt     a5, a4, pc + 8
core   0: 3 0x80004d7c (0x00e7c463)
core   0: 0x80004d84 (0xd3119917) auipc   s2, 0xd3119
core   0: 3 0x80004d84 (0xd3119917) x18 0x5311dd84
core   0: 0x80004d88 (0x00874633) xor     a2, a4, s0
core   0: 3 0x80004d88 (0x00874633) x12 0x51e0c000
core   0: 0x80004d8c (0x394da393) slti    t2, s11, 916
core   0: 3 0x80004d8c (0x394da393) x 7 0x00000000
core   0: 0x80004d90 (0x67624793) xori    a5, tp, 1654
core   0: 3 0x80004d90 (0x67624793) x15 0x00000677
core   0: 0x80004d94 (0x00aa9593) slli    a1, s5, 10
core   0: 3 0x80004d94 (0x00aa9593) x11 0xc04aec00
core   0: 0x80004d98 (0x9c552893) slti    a7, a0, -1595
core   0: 3 0x80004d98 (0x9c552893) x17 0x00000000
core   0: 0x80004d9c (0x0ff0000f) fence   iorw,iorw
core   0: 3 0x80004d9c (0x0ff0000f)
core   0: 0x80004da0 (0x4152d193) srai    gp, t0, 21
core   0: 3 0x80004da0 (0x4152d193) x 3 0x00000000
core   0: 0x80004da4 (0x00dc23b3) slt     t2, s8, a3
core   0: 3 0x80004da4 (0x00dc23b3) x 7 0x00000001
core   0: 0x80004da8 (0x01e91c33) sll     s8, s2, t5
core   0: 3 0x80004da8 (0x01e91c33) x24 0x1dd84000
core   0: 0x80004dac (0xe7a07613) andi    a2, zero, -390
core   0: 3 0x80004dac (0xe7a07613) x12 0x00000000
core   0: 0x80004db0 (0x00000013) nop
core   0: 3 0x80004db0 (0x00000013)
core   0: 0x80004db4 (0x015b59b3) srl     s3, s6, s5
core   0: 3 0x80004db4 (0x015b59b3) x19 0x00000015
core   0: 0x80004db8 (0x40d1d113) srai    sp, gp, 13
core   0: 3 0x80004db8 (0x40d1d113) x 2 0x00000000
core   0: 0x80004dbc (0x7dbe2013) slti    zero, t3, 2011
core   0: 3 0x80004dbc (0x7dbe2013)
core   0: 0x80004dc0 (0x016a26b3) slt     a3, s4, s6
core   0: 3 0x80004dc0 (0x016a26b3) x13 0x00000000
core   0: 0x80004dc4 (0xfa278197) auipc   gp, 0xfa278
core   0: 3 0x80004dc4 (0xfa278197) x 3 0x7a27cdc4
core   0: 0x80004dc8 (0x4b26f813) andi    a6, a3, 1202
core   0: 3 0x80004dc8 (0x4b26f813) x16 0x00000000
core   0: 0x80004dcc (0x235c0713) addi    a4, s8, 565
core   0: 3 0x80004dcc (0x235c0713) x14 0x1dd84235
core   0: 0x80004dd0 (0x00befa33) and     s4, t4, a1
core   0: 3 0x80004dd0 (0x00befa33) x20 0x00000000
core   0: 0x80004dd4 (0xb3017937) lui     s2, 0xb3017
core   0: 3 0x80004dd4 (0xb3017937) x18 0xb3017000
core   0: 0x80004dd8 (0x010ff933) and     s2, t6, a6
core   0: 3 0x80004dd8 (0x010ff933) x18 0x00000000
core   0: 0x80004ddc (0x0000100f) fence.i
core   0: 3 0x80004ddc (0x0000100f)
core   0: 0x80004de0 (0x01124533) xor     a0, tp, a7
core   0: 3 0x80004de0 (0x01124533) x10 0x00000001
core   0: 0x80004de4 (0x00df4533) xor     a0, t5, a3
core   0: 3 0x80004de4 (0x00df4533) x10 0x0000040c
core   0: 0x80004de8 (0x0000100f) fence.i
core   0: 3 0x80004de8 (0x0000100f)
core   0: 0x80004dec (0x41f18a33) sub     s4, gp, t6
core   0: 3 0x80004dec (0x41f18a33) x20 0x7a27cd9c
core   0: 0x80004df0 (0x0153cc33) xor     s8, t2, s5
core   0: 3 0x80004df0 (0x0153cc33) x24 0xfdb012ba
core   0: 0x80004df4 (0x00300593) li      a1, 3
core   0: 3 0x80004df4 (0x00300593) x11 0x00000003
core   0: 0x80004df8 (0xe620d797) auipc   a5, 0xe620d
core   0: 3 0x80004df8 (0xe620d797) x15 0x66211df8
core   0: 0x80004dfc (0x91540e93) addi    t4, s0, -1771
core   0: 3 0x80004dfc (0x91540e93) x29 0xfffff915
core   0: 0x80004e00 (0x00dea933) slt     s2, t4, a3
core   0: 3 0x80004e00 (0x00dea933) x18 0x00000001
core   0: 0x80004e04 (0x008c4f33) xor     t5, s8, s0
core   0: 3 0x80004e04 (0x008c4f33) x30 0xfdb012ba
core   0: 0x80004e08 (0x012f9193) slli    gp, t6, 18
core   0: 3 0x80004e08 (0x012f9193) x 3 0x00a00000
core   0: 0x80004e0c (0x26b63193) sltiu   gp, a2, 619
core   0: 3 0x80004e0c (0x26b63193) x 3 0x00000001
core   0: 0x80004e10 (0xd37c8437) lui     s0, 0xd37c8
core   0: 3 0x80004e10 (0xd37c8437) x 8 0xd37c8000
core   0: 0x80004e14 (0x01034133) xor     sp, t1, a6
core   0: 3 0x80004e14 (0x01034133) x 2 0x7ffde844
core   0: 0x80004e18 (0x00300893) li      a7, 3
core   0: 3 0x80004e18 (0x00300893) x17 0x00000003
core   0: 0x80004e1c (0x40c8d133) sra     sp, a7, a2
core   0: 3 0x80004e1c (0x40c8d133) x 2 0x00000003
core   0: 0x80004e20 (0x41afd6b3) sra     a3, t6, s10
core   0: 3 0x80004e20 (0x41afd6b3) x13 0x00000028
core   0: 0x80004e24 (0x0199e7b3) or      a5, s3, s9
core   0: 3 0x80004e24 (0x0199e7b3) x15 0xfffffd7f
core   0: 0x80004e28 (0xaae6b693) sltiu   a3, a3, -1362
core   0: 3 0x80004e28 (0xaae6b693) x13 0x00000001
core   0: 0x80004e2c (0xff858593) addi    a1, a1, -8
core   0: 3 0x80004e2c (0xff858593) x11 0xfffffffb
core   0: 0x80004e30 (0x0040a7b3) slt     a5, ra, tp
core   0: 3 0x80004e30 (0x0040a7b3) x15 0x00000001
core   0: 0x80004e34 (0xffd00513) li      a0, -3
core   0: 3 0x80004e34 (0xffd00513) x10 0xfffffffd
core   0: 0x80004e38 (0x8f40a093) slti    ra, ra, -1804
core   0: 3 0x80004e38 (0x8f40a093) x 1 0x00000001
core   0: 0x80004e3c (0x00400713) li      a4, 4
core   0: 3 0x80004e3c (0x00400713) x14 0x00000004
core   0: 0x80004e40 (0x0009dd13) srli    s10, s3, 0
core   0: 3 0x80004e40 (0x0009dd13) x26 0x00000015
core   0: 0x80004e44 (0x0a217b17) auipc   s6, 0xa217
core   0: 3 0x80004e44 (0x0a217b17) x22 0x8a21be44
core   0: 0x80004e48 (0x00750513) addi    a0, a0, 7
core   0: 3 0x80004e48 (0x00750513) x10 0x00000004
core   0: 0x80004e4c (0xfee56ce3) bltu    a0, a4, pc - 8
core   0: 3 0x80004e4c (0xfee56ce3)
core   0: 0x80004e50 (0x2e5e4c13) xori    s8, t3, 741
core   0: 3 0x80004e50 (0x2e5e4c13) x24 0xfffffd80
core   0: 0x80004e54 (0x00a22233) slt     tp, tp, a0
core   0: 3 0x80004e54 (0x00a22233) x 4 0x00000001
core   0: 0x80004e58 (0xbbd9a697) auipc   a3, 0xbbd9a
core   0: 3 0x80004e58 (0xbbd9a697) x13 0x3bd9ee58
core   0: 0x80004e5c (0xfd15d6e3) bge     a1, a7, pc - 52
core   0: 3 0x80004e5c (0xfd15d6e3)
core   0: 0x80004e60 (0x32c63a13) sltiu   s4, a2, 812
core   0: 3 0x80004e60 (0x32c63a13) x20 0x00000001
core   0: 0x80004e64 (0x62508213) addi    tp, ra, 1573
core   0: 3 0x80004e64 (0x62508213) x 4 0x00000626
core   0: 0x80004e68 (0x01e74db3) xor     s11, a4, t5
core   0: 3 0x80004e68 (0x01e74db3) x27 0xfdb012be
core   0: 0x80004e6c (0x00000013) nop
core   0: 3 0x80004e6c (0x00000013)
core   0: 0x80004e70 (0x01049e33) sll     t3, s1, a6
core   0: 3 0x80004e70 (0x01049e33) x28 0x80028ce4
core   0: 0x80004e74 (0xa00e2413) slti    s0, t3, -1536
core   0: 3 0x80004e74 (0xa00e2413) x 8 0x00000001
core   0: 0x80004e78 (0x035e8e63) beq     t4, s5, pc + 60
core   0: 3 0x80004e78 (0x035e8e63)
core   0: 0x80004e7c (0x05299863) bne     s3, s2, pc + 80
core   0: 3 0x80004e7c (0x05299863)
core   0: 0x80004ecc (0x94128693) addi    a3, t0, -1727
core   0: 3 0x80004ecc (0x94128693) x13 0xfffff941
core   0: 0x80004ed0 (0x02ae0863) beq     t3, a0, pc + 48
core   0: 3 0x80004ed0 (0x02ae0863)
core   0: 0x80004ed4 (0x05a14863) blt     sp, s10, pc + 80
core   0: 3 0x80004ed4 (0x05a14863)
core   0: 0x80004f24 (0x0097e3b3) or      t2, a5, s1
core   0: 3 0x80004f24 (0x0097e3b3) x 7 0x80028ce5
core   0: 0x80004f28 (0x01024cb3) xor     s9, tp, a6
core   0: 3 0x80004f28 (0x01024cb3) x25 0x00000626
core   0: 0x80004f2c (0x001e4fb3) xor     t6, t3, ra
core   0: 3 0x80004f2c (0x001e4fb3) x31 0x80028ce5
core   0: 0x80004f30 (0x017bd8b3) srl     a7, s7, s7
core   0: 3 0x80004f30 (0x017bd8b3) x17 0x080024e6
core   0: 0x80004f34 (0x44fca413) slti    s0, s9, 1103
core   0: 3 0x80004f34 (0x44fca413) x 8 0x00000000
core   0: 0x80004f38 (0x00341863) bne     s0, gp, pc + 16
core   0: 3 0x80004f38 (0x00341863)
core   0: 0x80004f48 (0x000e19b3) sll     s3, t3, zero
core   0: 3 0x80004f48 (0x000e19b3) x19 0x80028ce4
core   0: 0x80004f4c (0x79467293) andi    t0, a2, 1940
core   0: 3 0x80004f4c (0x79467293) x 5 0x00000000
core   0: 0x80004f50 (0x41795e93) srai    t4, s2, 23
core   0: 3 0x80004f50 (0x41795e93) x29 0x00000000
core   0: 0x80004f54 (0x05648863) beq     s1, s6, pc + 80
core   0: 3 0x80004f54 (0x05648863)
core   0: 0x80004f58 (0x1414c093) xori    ra, s1, 321
core   0: 3 0x80004f58 (0x1414c093) x 1 0x80028da5
core   0: 0x80004f5c (0x00000013) nop
core   0: 3 0x80004f5c (0x00000013)
core   0: 0x80004f60 (0x019023b3) slt     t2, zero, s9
core   0: 3 0x80004f60 (0x019023b3) x 7 0x00000001
core   0: 0x80004f64 (0x0000100f) fence.i
core   0: 3 0x80004f64 (0x0000100f)
core   0: 0x80004f68 (0x04928663) beq     t0, s1, pc + 76
core   0: 3 0x80004f68 (0x04928663)
core   0: 0x80004f6c (0x0000100f) fence.i
core   0: 3 0x80004f6c (0x0000100f)
core   0: 0x80004f70 (0x428855b7) lui     a1, 0x42885
core   0: 3 0x80004f70 (0x428855b7) x11 0x42885000
core   0: 0x80004f74 (0x403ed233) sra     tp, t4, gp
core   0: 3 0x80004f74 (0x403ed233) x 4 0x00000000
core   0: 0x80004f78 (0x4141d113) srai    sp, gp, 20
core   0: 3 0x80004f78 (0x4141d113) x 2 0x00000000
core   0: 0x80004f7c (0x1acd8413) addi    s0, s11, 428
core   0: 3 0x80004f7c (0x1acd8413) x 8 0xfdb0146a
core   0: 0x80004f80 (0x015feb33) or      s6, t6, s5
core   0: 3 0x80004f80 (0x015feb33) x22 0xfdb29eff
core   0: 0x80004f84 (0x05600463) beq     zero, s6, pc + 72
core   0: 3 0x80004f84 (0x05600463)
core   0: 0x80004f88 (0xa64d4893) xori    a7, s10, -1436
core   0: 3 0x80004f88 (0xa64d4893) x17 0xfffffa71
core   0: 0x80004f8c (0x0043fe33) and     t3, t2, tp
core   0: 3 0x80004f8c (0x0043fe33) x28 0x00000000
core   0: 0x80004f90 (0x000cd333) srl     t1, s9, zero
core   0: 3 0x80004f90 (0x000cd333) x 6 0x00000626
core   0: 0x80004f94 (0x68436593) ori     a1, t1, 1668
core   0: 3 0x80004f94 (0x68436593) x11 0x000006a6
core   0: 0x80004f98 (0x00e5adb3) slt     s11, a1, a4
core   0: 3 0x80004f98 (0x00e5adb3) x27 0x00000000
core   0: 0x80004f9c (0x04d5d263) bge     a1, a3, pc + 68
core   0: 3 0x80004f9c (0x04d5d263)
core   0: 0x80004fe0 (0x00eac5b3) xor     a1, s5, a4
core   0: 3 0x80004fe0 (0x00eac5b3) x11 0xfdb012bf
core   0: 0x80004fe4 (0x1da5a813) slti    a6, a1, 474
core   0: 3 0x80004fe4 (0x1da5a813) x16 0x00000001
core   0: 0x80004fe8 (0x0148d013) srli    zero, a7, 20
core   0: 3 0x80004fe8 (0x0148d013)
core   0: 0x80004fec (0x013871b3) and     gp, a6, s3
core   0: 3 0x80004fec (0x013871b3) x 3 0x00000000
core   0: 0x80004ff0 (0xe084c913) xori    s2, s1, -504
core   0: 3 0x80004ff0 (0xe084c913) x18 0x7ffd72ec
core   0: 0x80004ff4 (0xc03e9137) lui     sp, 0xc03e9
core   0: 3 0x80004ff4 (0xc03e9137) x 2 0xc03e9000
core   0: 0x80004ff8 (0x017933b3) sltu    t2, s2, s7
core   0: 3 0x80004ff8 (0x017933b3) x 7 0x00000001
core   0: 0x80004ffc (0x0183f463) bgeu    t2, s8, pc + 8
core   0: 3 0x80004ffc (0x0183f463)
core   0: 0x80005000 (0x67b7fc13) andi    s8, a5, 1659
core   0: 3 0x80005000 (0x67b7fc13) x24 0x00000001
core   0: 0x80005004 (0x6657d117) auipc   sp, 0x6657d
core   0: 3 0x80005004 (0x6657d117) x 2 0xe6582004
core   0: 0x80005008 (0x6cf38cb7) lui     s9, 0x6cf38
core   0: 3 0x80005008 (0x6cf38cb7) x25 0x6cf38000
core   0: 0x8000500c (0x41770db3) sub     s11, a4, s7
core   0: 3 0x8000500c (0x41770db3) x27 0x7ffdb1a0
core   0: 0x80005010 (0x9781ae93) slti    t4, gp, -1672
core   0: 3 0x80005010 (0x9781ae93) x29 0x00000000
core   0: 0x80005014 (0x00f163b3) or      t2, sp, a5
core   0: 3 0x80005014 (0x00f163b3) x 7 0xe6582005
core   0: 0x80005018 (0x5fab7513) andi    a0, s6, 1530
core   0: 3 0x80005018 (0x5fab7513) x10 0x000004fa
core   0: 0x8000501c (0x007cdf13) srli    t5, s9, 7
core   0: 3 0x8000501c (0x007cdf13) x30 0x00d9e700
core   0: 0x80005020 (0x007bdeb3) srl     t4, s7, t2
core   0: 3 0x80005020 (0x007bdeb3) x29 0x04001273
core   0: 0x80005024 (0x00000013) nop
core   0: 3 0x80005024 (0x00000013)
core   0: 0x80005028 (0xc31bf793) andi    a5, s7, -975
core   0: 3 0x80005028 (0xc31bf793) x15 0x80024c20
core   0: 0x8000502c (0x01aadfb3) srl     t6, s5, s10
core   0: 3 0x8000502c (0x01aadfb3) x31 0x000007ed
core   0: 0x80005030 (0x01744f33) xor     t5, s0, s7
core   0: 3 0x80005030 (0x01744f33) x30 0x7db25a0e
core   0: 0x80005034 (0x007f1f33) sll     t5, t5, t2
core   0: 3 0x80005034 (0x007f1f33) x30 0xb64b41c0
core   0: 0x80005038 (0xd96e0813) addi    a6, t3, -618
core   0: 3 0x80005038 (0xd96e0813) x16 0xfffffd96
core   0: 0x8000503c (0x00cfd3b3) srl     t2, t6, a2
core   0: 3 0x8000503c (0x00cfd3b3) x 7 0x000007ed
core   0: 0x80005040 (0x05855263) bge     a0, s8, pc + 68
core   0: 3 0x80005040 (0x05855263)
core   0: 0x80005084 (0xcd6a4a13) xori    s4, s4, -810
core   0: 3 0x80005084 (0xcd6a4a13) x20 0xfffffcd7
core   0: 0x80005088 (0x417d8433) sub     s0, s11, s7
core   0: 3 0x80005088 (0x417d8433) x 8 0xfffb633c
core   0: 0x8000508c (0x8787be97) auipc   t4, 0x8787b
core   0: 3 0x8000508c (0x8787be97) x29 0x0788008c
core   0: 0x80005090 (0x82d92593) slti    a1, s2, -2003
core   0: 3 0x80005090 (0x82d92593) x11 0x00000000
core   0: 0x80005094 (0x00600a13) li      s4, 6
core   0: 3 0x80005094 (0x00600a13) x20 0x00000006
core   0: 0x80005098 (0x16b96d13) ori     s10, s2, 363
core   0: 3 0x80005098 (0x16b96d13) x26 0x7ffd73ef
core   0: 0x8000509c (0x40d8d233) sra     tp, a7, a3
core   0: 3 0x8000509c (0x40d8d233) x 4 0xfffffd38
core   0: 0x800050a0 (0xe96e0b13) addi    s6, t3, -362
core   0: 3 0x800050a0 (0xe96e0b13) x22 0xfffffe96
core   0: 0x800050a4 (0x68e0fb13) andi    s6, ra, 1678
core   0: 3 0x800050a4 (0x68e0fb13) x22 0x00000484
core   0: 0x800050a8 (0x8bac3793) sltiu   a5, s8, -1862
core   0: 3 0x800050a8 (0x8bac3793) x15 0x00000001
core   0: 0x800050ac (0x09af8093) addi    ra, t6, 154
core   0: 3 0x800050ac (0x09af8093) x 1 0x00000887
core   0: 0x800050b0 (0x009a1d33) sll     s10, s4, s1
core   0: 3 0x800050b0 (0x009a1d33) x26 0x00000060
core   0: 0x800050b4 (0xbcbe1e37) lui     t3, 0xbcbe1
core   0: 3 0x800050b4 (0xbcbe1e37) x28 0xbcbe1000
core   0: 0x800050b8 (0x000aed33) or      s10, s5, zero
core   0: 3 0x800050b8 (0x000aed33) x26 0xfdb012bb
core   0: 0x800050bc (0x3f6a6e93) ori     t4, s4, 1014
core   0: 3 0x800050bc (0x3f6a6e93) x29 0x000003f6
core   0: 0x800050c0 (0x8a0d4d93) xori    s11, s10, -1888
core   0: 3 0x800050c0 (0x8a0d4d93) x27 0x024fea1b
core   0: 0x800050c4 (0x0ff0000f) fence   iorw,iorw
core   0: 3 0x800050c4 (0x0ff0000f)
core   0: 0x800050c8 (0x0082f533) and     a0, t0, s0
core   0: 3 0x800050c8 (0x0082f533) x10 0x00000000
core   0: 0x800050cc (0x0ff0000f) fence   iorw,iorw
core   0: 3 0x800050cc (0x0ff0000f)
core   0: 0x800050d0 (0xff100893) li      a7, -15
core   0: 3 0x800050d0 (0xff100893) x17 0xfffffff1
core   0: 0x800050d4 (0x69010813) addi    a6, sp, 1680
core   0: 3 0x800050d4 (0x69010813) x16 0xe6582694
core   0: 0x800050d8 (0x409582b3) sub     t0, a1, s1
core   0: 3 0x800050d8 (0x409582b3) x 5 0x7ffd731c
core   0: 0x800050dc (0x40570fb3) sub     t6, a4, t0
core   0: 3 0x800050dc (0x40570fb3) x31 0x80028ce8
core   0: 0x800050e0 (0x018a8833) add     a6, s5, s8
core   0: 3 0x800050e0 (0x018a8833) x16 0xfdb012bc
core   0: 0x800050e4 (0xff8a0a13) addi    s4, s4, -8
core   0: 3 0x800050e4 (0xff8a0a13) x20 0xfffffffe
core   0: 0x800050e8 (0x30dd6413) ori     s0, s10, 781
core   0: 3 0x800050e8 (0x30dd6413) x 8 0xfdb013bf
core   0: 0x800050ec (0x40ec5d13) srai    s10, s8, 14
core   0: 3 0x800050ec (0x40ec5d13) x26 0x00000000
core   0: 0x800050f0 (0x41cb0e93) addi    t4, s6, 1052
core   0: 3 0x800050f0 (0x41cb0e93) x29 0x000008a0
core   0: 0x800050f4 (0x004c8b33) add     s6, s9, tp
core   0: 3 0x800050f4 (0x004c8b33) x22 0x6cf37d38
core   0: 0x800050f8 (0xd5d16693) ori     a3, sp, -675
core   0: 3 0x800050f8 (0xd5d16693) x13 0xfffffd5d
core   0: 0x800050fc (0x01ba75b3) and     a1, s4, s11
core   0: 3 0x800050fc (0x01ba75b3) x11 0x024fea1a
core   0: 0x80005100 (0x40315e13) srai    t3, sp, 3
core   0: 3 0x80005100 (0x40315e13) x28 0xfccb0400
core   0: 0x80005104 (0xfd1a5ce3) bge     s4, a7, pc - 40
core   0: 3 0x80005104 (0xfd1a5ce3)
core   0: 0x800050dc (0x40570fb3) sub     t6, a4, t0
core   0: 3 0x800050dc (0x40570fb3) x31 0x80028ce8
core   0: 0x800050e0 (0x018a8833) add     a6, s5, s8
core   0: 3 0x800050e0 (0x018a8833) x16 0xfdb012bc
core   0: 0x800050e4 (0xff8a0a13) addi    s4, s4, -8
core   0: 3 0x800050e4 (0xff8a0a13) x20 0xfffffff6
core   0: 0x800050e8 (0x30dd6413) ori     s0, s10, 781
core   0: 3 0x800050e8 (0x30dd6413) x 8 0x0000030d
core   0: 0x800050ec (0x40ec5d13) srai    s10, s8, 14
core   0: 3 0x800050ec (0x40ec5d13) x26 0x00000000
core   0: 0x800050f0 (0x41cb0e93) addi    t4, s6, 1052
core   0: 3 0x800050f0 (0x41cb0e93) x29 0x6cf38154
core   0: 0x800050f4 (0x004c8b33) add     s6, s9, tp
core   0: 3 0x800050f4 (0x004c8b33) x22 0x6cf37d38
core   0: 0x800050f8 (0xd5d16693) ori     a3, sp, -675
core   0: 3 0x800050f8 (0xd5d16693) x13 0xfffffd5d
core   0: 0x800050fc (0x01ba75b3) and     a1, s4, s11
core   0: 3 0x800050fc (0x01ba75b3) x11 0x024fea12
core   0: 0x80005100 (0x40315e13) srai    t3, sp, 3
core   0: 3 0x80005100 (0x40315e13) x28 0xfccb0400
core   0: 0x80005104 (0xfd1a5ce3) bge     s4, a7, pc - 40
core   0: 3 0x80005104 (0xfd1a5ce3)
core   0: 0x800050dc (0x40570fb3) sub     t6, a4, t0
core   0: 3 0x800050dc (0x40570fb3) x31 0x80028ce8
core   0: 0x800050e0 (0x018a8833) add     a6, s5, s8
core   0: 3 0x800050e0 (0x018a8833) x16 0xfdb012bc
core   0: 0x800050e4 (0xff8a0a13) addi    s4, s4, -8
core   0: 3 0x800050e4 (0xff8a0a13) x20 0xffffffee
core   0: 0x800050e8 (0x30dd6413) ori     s0, s10, 781
core   0: 3 0x800050e8 (0x30dd6413) x 8 0x0000030d
core   0: 0x800050ec (0x40ec5d13) srai    s10, s8, 14
core   0: 3 0x800050ec (0x40ec5d13) x26 0x00000000
core   0: 0x800050f0 (0x41cb0e93) addi    t4, s6, 1052
core   0: 3 0x800050f0 (0x41cb0e93) x29 0x6cf38154
core   0: 0x800050f4 (0x004c8b33) add     s6, s9, tp
core   0: 3 0x800050f4 (0x004c8b33) x22 0x6cf37d38
core   0: 0x800050f8 (0xd5d16693) ori     a3, sp, -675
core   0: 3 0x800050f8 (0xd5d16693) x13 0xfffffd5d
core   0: 0x800050fc (0x01ba75b3) and     a1, s4, s11
core   0: 3 0x800050fc (0x01ba75b3) x11 0x024fea0a
core   0: 0x80005100 (0x40315e13) srai    t3, sp, 3
core   0: 3 0x80005100 (0x40315e13) x28 0xfccb0400
core   0: 0x80005104 (0xfd1a5ce3) bge     s4, a7, pc - 40
core   0: 3 0x80005104 (0xfd1a5ce3)
core   0: 0x80005108 (0x0156d233) srl     tp, a3, s5
core   0: 3 0x80005108 (0x0156d233) x 4 0x0000001f
core   0: 0x8000510c (0x02d45863) bge     s0, a3, pc + 48
core   0: 3 0x8000510c (0x02d45863)
core   0: 0x8000513c (0x79eaf593) andi    a1, s5, 1950
core   0: 3 0x8000513c (0x79eaf593) x11 0x0000029a
core   0: 0x80005140 (0xdc1d3813) sltiu   a6, s10, -575
core   0: 3 0x80005140 (0xdc1d3813) x16 0x00000001
core   0: 0x80005144 (0x0531e063) bltu    gp, s3, pc + 64
core   0: 3 0x80005144 (0x0531e063)
core   0: 0x80005184 (0x037b8a63) beq     s7, s7, pc + 52
core   0: 3 0x80005184 (0x037b8a63)
core   0: 0x800051b8 (0x0a55e863) bltu    a1, t0, pc + 176
core   0: 3 0x800051b8 (0x0a55e863)
core   0: 0x80005268 (0x01d44863) blt     s0, t4, pc + 16
core   0: 3 0x80005268 (0x01d44863)
core   0: 0x80005278 (0x01e75c13) srli    s8, a4, 30
core   0: 3 0x80005278 (0x01e75c13) x24 0x00000000
core   0: 0x8000527c (0x84b8cf93) xori    t6, a7, -1973
core   0: 3 0x8000527c (0x84b8cf93) x31 0x000007ba
core   0: 0x80005280 (0x013e25b3) slt     a1, t3, s3
core   0: 3 0x80005280 (0x013e25b3) x11 0x00000000
core   0: 0x80005284 (0x5af64613) xori    a2, a2, 1455
core   0: 3 0x80005284 (0x5af64613) x12 0x000005af
core   0: 0x80005288 (0x0ff0000f) fence   iorw,iorw
core   0: 3 0x80005288 (0x0ff0000f)
core   0: 0x8000528c (0x02bd7663) bgeu    s10, a1, pc + 44
core   0: 3 0x8000528c (0x02bd7663)
core   0: 0x800052b8 (0x01498e63) beq     s3, s4, pc + 28
core   0: 3 0x800052b8 (0x01498e63)
core   0: 0x800052bc (0x00fe4233) xor     tp, t3, a5
core   0: 3 0x800052bc (0x00fe4233) x 4 0xfccb0401
core   0: 0x800052c0 (0xcfab4c17) auipc   s8, 0xcfab4
core   0: 3 0x800052c0 (0xcfab4c17) x24 0x4fab92c0
core   0: 0x800052c4 (0x00c8bf33) sltu    t5, a7, a2
core   0: 3 0x800052c4 (0x00c8bf33) x30 0x00000000
core   0: 0x800052c8 (0x005b6133) or      sp, s6, t0
core   0: 3 0x800052c8 (0x005b6133) x 2 0x7fff7f3c
core   0: 0x800052cc (0x00dea233) slt     tp, t4, a3
core   0: 3 0x800052cc (0x00dea233) x 4 0x00000000
core   0: 0x800052d0 (0x005abeb3) sltu    t4, s5, t0
core   0: 3 0x800052d0 (0x005abeb3) x29 0x00000000
core   0: 0x800052d4 (0x006fd613) srli    a2, t6, 6
core   0: 3 0x800052d4 (0x006fd613) x12 0x0000001e
core   0: 0x800052d8 (0xd91a4f93) xori    t6, s4, -623
core   0: 3 0x800052d8 (0xd91a4f93) x31 0x0000027f
core   0: 0x800052dc (0xf17b8693) addi    a3, s7, -233
core   0: 3 0x800052dc (0xf17b8693) x13 0x80024d7b
core   0: 0x800052e0 (0x05b9e463) bltu    s3, s11, pc + 72
core   0: 3 0x800052e0 (0x05b9e463)
core   0: 0x800052e4 (0x4071de13) srai    t3, gp, 7
core   0: 3 0x800052e4 (0x4071de13) x28 0x00000000
core   0: 0x800052e8 (0x01175013) srli    zero, a4, 17
core   0: 3 0x800052e8 (0x01175013)
core   0: 0x800052ec (0x04360863) beq     a2, gp, pc + 80
core   0: 3 0x800052ec (0x04360863)
core   0: 0x800052f0 (0x0119d593) srli    a1, s3, 17
core   0: 3 0x800052f0 (0x0119d593) x11 0x00004001
core   0: 0x800052f4 (0xf76f4c13) xori    s8, t5, -138
core   0: 3 0x800052f4 (0xf76f4c13) x24 0xffffff76
core   0: 0x800052f8 (0x01866db3) or      s11, a2, s8
core   0: 3 0x800052f8 (0x01866db3) x27 0xffffff7e
core   0: 0x800052fc (0x015f6933) or      s2, t5, s5
core   0: 3 0x800052fc (0x015f6933) x18 0xfdb012bb
core   0: 0x80005300 (0xa982a813) slti    a6, t0, -1384
core   0: 3 0x80005300 (0xa982a813) x16 0x00000000
core   0: 0x80005304 (0xbd1cff13) andi    t5, s9, -1071
core   0: 3 0x80005304 (0xbd1cff13) x30 0x6cf38000
core   0: 0x80005308 (0x05708463) beq     ra, s7, pc + 72
core   0: 3 0x80005308 (0x05708463)
core   0: 0x8000530c (0x01f8d863) bge     a7, t6, pc + 16
core   0: 3 0x8000530c (0x01f8d863)
core   0: 0x80005310 (0x00d53eb3) sltu    t4, a0, a3
core   0: 3 0x80005310 (0x00d53eb3) x29 0x00000001
core   0: 0x80005314 (0x736a0017) auipc   zero, 0x736a0
core   0: 3 0x80005314 (0x736a0017)
core   0: 0x80005318 (0x045ac463) blt     s5, t0, pc + 72
core   0: 3 0x80005318 (0x045ac463)
core   0: 0x80005360 (0x017e9f93) slli    t6, t4, 23
core   0: 3 0x80005360 (0x017e9f93) x31 0x00800000
core   0: 0x80005364 (0x018bd613) srli    a2, s7, 24
core   0: 3 0x80005364 (0x018bd613) x12 0x00000080
core   0: 0x80005368 (0xe81f4d93) xori    s11, t5, -383
core   0: 3 0x80005368 (0xe81f4d93) x27 0x930c7e81
core   0: 0x8000536c (0x00e89e63) bne     a7, a4, pc + 28
core   0: 3 0x8000536c (0x00e89e63)
core   0: 0x80005388 (0x0ad44217) auipc   tp, 0xad44
core   0: 3 0x80005388 (0x0ad44217) x 4 0x8ad49388
core   0: 0x8000538c (0x007fa8b3) slt     a7, t6, t2
core   0: 3 0x8000538c (0x007fa8b3) x17 0x00000000
core   0: 0x80005390 (0x019668b3) or      a7, a2, s9
core   0: 3 0x80005390 (0x019668b3) x17 0x6cf38080
core   0: 0x80005394 (0x03fd0863) beq     s10, t6, pc + 48
core   0: 3 0x80005394 (0x03fd0863)
core   0: 0x80005398 (0x01431913) slli    s2, t1, 20
core   0: 3 0x80005398 (0x01431913) x18 0x62600000
core   0: 0x8000539c (0x41f05f93) srai    t6, zero, 31
core   0: 3 0x8000539c (0x41f05f93) x31 0x00000000
core   0: 0x800053a0 (0x00d97a33) and     s4, s2, a3
core   0: 3 0x800053a0 (0x00d97a33) x20 0x00000000
core   0: 0x800053a4 (0x00b89333) sll     t1, a7, a1
core   0: 3 0x800053a4 (0x00b89333) x 6 0xd9e70100
core   0: 0x800053a8 (0x00000013) nop
core   0: 3 0x800053a8 (0x00000013)
core   0: 0x800053ac (0x21cce513) ori     a0, s9, 540
core   0: 3 0x800053ac (0x21cce513) x10 0x6cf3821c
core   0: 0x800053b0 (0x01528c33) add     s8, t0, s5
core   0: 3 0x800053b0 (0x01528c33) x24 0x7dad85d7
core   0: 0x800053b4 (0x012968b3) or      a7, s2, s2
core   0: 3 0x800053b4 (0x012968b3) x17 0x62600000
core   0: 0x800053b8 (0x4090d833) sra     a6, ra, s1
core   0: 3 0x800053b8 (0x4090d833) x16 0x00000088
core   0: 0x800053bc (0x00c84e63) blt     a6, a2, pc + 28
core   0: 3 0x800053bc (0x00c84e63)
core   0: 0x800053c0 (0xa168b1b7) lui     gp, 0xa168b
core   0: 3 0x800053c0 (0xa168b1b7) x 3 0xa168b000
core   0: 0x800053c4 (0x0f39f117) auipc   sp, 0xf39f
core   0: 3 0x800053c4 (0x0f39f117) x 2 0x8f3a43c4
core   0: 0x800053c8 (0xd5e53613) sltiu   a2, a0, -674
core   0: 3 0x800053c8 (0xd5e53613) x12 0x00000001
core   0: 0x800053cc (0x00c05663) bge     zero, a2, pc + 12
core   0: 3 0x800053cc (0x00c05663)
core   0: 0x800053d0 (0x4192d693) srai    a3, t0, 25
core   0: 3 0x800053d0 (0x4192d693) x13 0x0000003f
core   0: 0x800053d4 (0x01ecdc63) bge     s9, t5, pc + 24
core   0: 3 0x800053d4 (0x01ecdc63)
core   0: 0x800053ec (0x05129263) bne     t0, a7, pc + 68
core   0: 3 0x800053ec (0x05129263)
core   0: 0x80005430 (0x008b5fb3) srl     t6, s6, s0
core   0: 3 0x80005430 (0x008b5fb3) x31 0x0003679b
core   0: 0x80005434 (0x00c19f13) slli    t5, gp, 12
core   0: 3 0x80005434 (0x00c19f13) x30 0x8b000000
core   0: 0x80005438 (0x40d5d533) sra     a0, a1, a3
core   0: 3 0x80005438 (0x40d5d533) x10 0x00000000
core   0: 0x8000543c (0x075d8013) addi    zero, s11, 117
core   0: 3 0x8000543c (0x075d8013)
core   0: 0x80005440 (0x0158d2b3) srl     t0, a7, s5
core   0: 3 0x80005440 (0x0158d2b3) x 5 0x0000000c
core   0: 0x80005444 (0xd4b03d93) sltiu   s11, zero, -693
core   0: 3 0x80005444 (0xd4b03d93) x27 0x00000001
core   0: 0x80005448 (0x002b9113) slli    sp, s7, 2
core   0: 3 0x80005448 (0x002b9113) x 2 0x00093990
core   0: 0x8000544c (0x40390333) sub     t1, s2, gp
core   0: 3 0x8000544c (0x40390333) x 6 0xc0f75000
core   0: 0x80005450 (0x017522b3) slt     t0, a0, s7
core   0: 3 0x80005450 (0x017522b3) x 5 0x00000000
core   0: 0x80005454 (0x006af533) and     a0, s5, t1
core   0: 3 0x80005454 (0x006af533) x10 0xc0b01000
core   0: 0x80005458 (0xda2d46b7) lui     a3, 0xda2d4
core   0: 3 0x80005458 (0xda2d46b7) x13 0xda2d4000
core   0: 0x8000545c (0x01929a13) slli    s4, t0, 25
core   0: 3 0x8000545c (0x01929a13) x20 0x00000000
core   0: 0x80005460 (0x006baa33) slt     s4, s7, t1
core   0: 3 0x80005460 (0x006baa33) x20 0x00000001
core   0: 0x80005464 (0x41f5de93) srai    t4, a1, 31
core   0: 3 0x80005464 (0x41f5de93) x29 0x00000000
core   0: 0x80005468 (0xa3254393) xori    t2, a0, -1486
core   0: 3 0x80005468 (0xa3254393) x 7 0x3f4fea32
core   0: 0x8000546c (0x00000013) nop
core   0: 3 0x8000546c (0x00000013)
core   0: 0x80005470 (0x0ff0000f) fence   iorw,iorw
core   0: 3 0x80005470 (0x0ff0000f)
core   0: 0x80005474 (0x40dc8db3) sub     s11, s9, a3
core   0: 3 0x80005474 (0x40dc8db3) x27 0x92c64000
core   0: 0x80005478 (0x04161463) bne     a2, ra, pc + 72
core   0: 3 0x80005478 (0x04161463)
core   0: 0x800054c0 (0x049c8463) beq     s9, s1, pc + 72
core   0: 3 0x800054c0 (0x049c8463)
core   0: 0x800054c4 (0x408f8db3) sub     s11, t6, s0
core   0: 3 0x800054c4 (0x408f8db3) x27 0x0003648e
core   0: 0x800054c8 (0x307a3693) sltiu   a3, s4, 775
core   0: 3 0x800054c8 (0x307a3693) x13 0x00000001
core   0: 0x800054cc (0x008295b3) sll     a1, t0, s0
core   0: 3 0x800054cc (0x008295b3) x11 0x00000000
core   0: 0x800054d0 (0x55efcc93) xori    s9, t6, 1374
core   0: 3 0x800054d0 (0x55efcc93) x25 0x000362c5
core   0: 0x800054d4 (0x408fd6b3) sra     a3, t6, s0
core   0: 3 0x800054d4 (0x408fd6b3) x13 0x0000001b
core   0: 0x800054d8 (0x0ff0000f) fence   iorw,iorw
core   0: 3 0x800054d8 (0x0ff0000f)
core   0: 0x800054dc (0x040bc863) bltz    s7, pc + 80
core   0: 3 0x800054dc (0x040bc863)
core   0: 0x8000552c (0x048c7463) bgeu    s8, s0, pc + 72
core   0: 3 0x8000552c (0x048c7463)
core   0: 0x80005574 (0x8dd78313) addi    t1, a5, -1827
core   0: 3 0x80005574 (0x8dd78313) x 6 0xfffff8de
core   0: 0x80005578 (0xd1103713) sltiu   a4, zero, -751
core   0: 3 0x80005578 (0xd1103713) x14 0x00000001
core   0: 0x8000557c (0x40528133) sub     sp, t0, t0
core   0: 3 0x8000557c (0x40528133) x 2 0x00000000
core   0: 0x80005580 (0xd11e0113) addi    sp, t3, -751
core   0: 3 0x80005580 (0xd11e0113) x 2 0xfffffd11
core   0: 0x80005584 (0x00777fb3) and     t6, a4, t2
core   0: 3 0x80005584 (0x00777fb3) x31 0x00000000
core   0: 0x80005588 (0x016a7863) bgeu    s4, s6, pc + 16
core   0: 3 0x80005588 (0x016a7863)
core   0: 0x8000558c (0x0165d593) srli    a1, a1, 22
core   0: 3 0x8000558c (0x0165d593) x11 0x00000000
core   0: 0x80005590 (0x00d39b13) slli    s6, t2, 13
core   0: 3 0x80005590 (0x00d39b13) x22 0xfd464000
core   0: 0x80005594 (0xc67c8b13) addi    s6, s9, -921
core   0: 3 0x80005594 (0xc67c8b13) x22 0x00035f2c
core   0: 0x80005598 (0x00000013) nop
core   0: 3 0x80005598 (0x00000013)
core   0: 0x8000559c (0xb968c513) xori    a0, a7, -1130
core   0: 3 0x8000559c (0xb968c513) x10 0x9d9ffb96
core   0: 0x800055a0 (0x012cd863) bge     s9, s2, pc + 16
core   0: 3 0x800055a0 (0x012cd863)
core   0: 0x800055a4 (0x01d55093) srli    ra, a0, 29
core   0: 3 0x800055a4 (0x01d55093) x 1 0x00000004
core   0: 0x800055a8 (0xf7e57893) andi    a7, a0, -130
core   0: 3 0x800055a8 (0xf7e57893) x17 0x9d9ffb16
core   0: 0x800055ac (0x014d2d33) slt     s10, s10, s4
core   0: 3 0x800055ac (0x014d2d33) x26 0x00000001
core   0: 0x800055b0 (0x01be11b3) sll     gp, t3, s11
core   0: 3 0x800055b0 (0x01be11b3) x 3 0x00000000
core   0: 0x800055b4 (0x016288b3) add     a7, t0, s6
core   0: 3 0x800055b4 (0x016288b3) x17 0x00035f2c
core   0: 0x800055b8 (0x00d1d663) bge     gp, a3, pc + 12
core   0: 3 0x800055b8 (0x00d1d663)
core   0: 0x800055bc (0x06a4f063) bgeu    s1, a0, pc + 96
core   0: 3 0x800055bc (0x06a4f063)
core   0: 0x800055c0 (0x080d1463) bnez    s10, pc + 136
core   0: 3 0x800055c0 (0x080d1463)
core   0: 0x80005648 (0x85556213) ori     tp, a0, -1963
core   0: 3 0x80005648 (0x85556213) x 4 0xfffffbd7
core   0: 0x8000564c (0x00000013) nop
core   0: 3 0x8000564c (0x00000013)
core   0: 0x80005650 (0x00000013) nop
core   0: 3 0x80005650 (0x00000013)
core   0: 0x80005654 (0x24d40293) addi    t0, s0, 589
core   0: 3 0x80005654 (0x24d40293) x 5 0x0000055a
core   0: 0x80005658 (0x0086e463) bltu    a3, s0, pc + 8
core   0: 3 0x80005658 (0x0086e463)
core   0: 0x80005660 (0x049b0863) beq     s6, s1, pc + 80
core   0: 3 0x80005660 (0x049b0863)
core   0: 0x80005664 (0x019e0a33) add     s4, t3, s9
core   0: 3 0x80005664 (0x019e0a33) x20 0x000362c5
core   0: 0x80005668 (0x0026c833) xor     a6, a3, sp
core   0: 3 0x80005668 (0x0026c833) x16 0xfffffd0a
core   0: 0x8000566c (0x0082c333) xor     t1, t0, s0
core   0: 3 0x8000566c (0x0082c333) x 6 0x00000657
core   0: 0x80005670 (0x004d5913) srli    s2, s10, 4
core   0: 3 0x80005670 (0x004d5913) x18 0x00000000
core   0: 0x80005674 (0x041f4263) blt     t5, ra, pc + 68
core   0: 3 0x80005674 (0x041f4263)
core   0: 0x800056b8 (0x174bf093) andi    ra, s7, 372
core   0: 3 0x800056b8 (0x174bf093) x 1 0x00000064
core   0: 0x800056bc (0xfa9f6e13) ori     t3, t5, -87
core   0: 3 0x800056bc (0xfa9f6e13) x28 0xffffffa9
core   0: 0x800056c0 (0x015809b3) add     s3, a6, s5
core   0: 3 0x800056c0 (0x015809b3) x19 0xfdb00fc5
core   0: 0x800056c4 (0x0193bcb3) sltu    s9, t2, s9
core   0: 3 0x800056c4 (0x0193bcb3) x25 0x00000000
core   0: 0x800056c8 (0xb1f7f713) andi    a4, a5, -1249
core   0: 3 0x800056c8 (0xb1f7f713) x14 0x00000001
core   0: 0x800056cc (0x013920b3) slt     ra, s2, s3
core   0: 3 0x800056cc (0x013920b3) x 1 0x00000000
core   0: 0x800056d0 (0x0558c863) blt     a7, s5, pc + 80
core   0: 3 0x800056d0 (0x0558c863)
core   0: 0x800056d4 (0x8ac512b7) lui     t0, 0x8ac51
core   0: 3 0x800056d4 (0x8ac512b7) x 5 0x8ac51000
core   0: 0x800056d8 (0x000c2633) slt     a2, s8, zero
core   0: 3 0x800056d8 (0x000c2633) x12 0x00000000
core   0: 0x800056dc (0xe4cfa393) slti    t2, t6, -436
core   0: 3 0x800056dc (0xe4cfa393) x 7 0x00000000
core   0: 0x800056e0 (0x014535b3) sltu    a1, a0, s4
core   0: 3 0x800056e0 (0x014535b3) x11 0x00000000
core   0: 0x800056e4 (0x011d49b3) xor     s3, s10, a7
core   0: 3 0x800056e4 (0x011d49b3) x19 0x00035f2d
core   0: 0x800056e8 (0x032c0e63) beq     s8, s2, pc + 60
core   0: 3 0x800056e8 (0x032c0e63)
core   0: 0x800056ec (0x004af663) bgeu    s5, tp, pc + 12
core   0: 3 0x800056ec (0x004af663)
core   0: 0x800056f0 (0x41d282b3) sub     t0, t0, t4
core   0: 3 0x800056f0 (0x41d282b3) x 5 0x8ac51000
core   0: 0x800056f4 (0x00311013) slli    zero, sp, 3
core   0: 3 0x800056f4 (0x00311013)
core   0: 0x800056f8 (0x01cf2c33) slt     s8, t5, t3
core   0: 3 0x800056f8 (0x01cf2c33) x24 0x00000001
core   0: 0x800056fc (0x0000100f) fence.i
core   0: 3 0x800056fc (0x0000100f)
core   0: 0x80005700 (0x6ed3f213) andi    tp, t2, 1773
core   0: 3 0x80005700 (0x6ed3f213) x 4 0x00000000
core   0: 0x80005704 (0x01630133) add     sp, t1, s6
core   0: 3 0x80005704 (0x01630133) x 2 0x00036583
core   0: 0x80005708 (0x04dd6863) bltu    s10, a3, pc + 80
core   0: 3 0x80005708 (0x04dd6863)
core   0: 0x80005758 (0x0ff0000f) fence   iorw,iorw
core   0: 3 0x80005758 (0x0ff0000f)
core   0: 0x8000575c (0xe9a82937) lui     s2, 0xe9a82
core   0: 3 0x8000575c (0xe9a82937) x18 0xe9a82000
core   0: 0x80005760 (0x005fc733) xor     a4, t6, t0
core   0: 3 0x80005760 (0x005fc733) x14 0x8ac51000
core   0: 0x80005764 (0x01fb7433) and     s0, s6, t6
core   0: 3 0x80005764 (0x01fb7433) x 8 0x00000000
core   0: 0x80005768 (0x01bcf9b3) and     s3, s9, s11
core   0: 3 0x80005768 (0x01bcf9b3) x19 0x00000000
core   0: 0x8000576c (0x00289d93) slli    s11, a7, 2
core   0: 3 0x8000576c (0x00289d93) x27 0x000d7cb0
core   0: 0x80005770 (0x01e496b3) sll     a3, s1, t5
core   0: 3 0x80005770 (0x01e496b3) x13 0x80028ce4
core   0: 0x80005774 (0x00c8efb3) or      t6, a7, a2
core   0: 3 0x80005774 (0x00c8efb3) x31 0x00035f2c
core   0: 0x80005778 (0x02a75663) bge     a4, a0, pc + 44
core   0: 3 0x80005778 (0x02a75663)
core   0: 0x8000577c (0x41d25c33) sra     s8, tp, t4
core   0: 3 0x8000577c (0x41d25c33) x24 0x00000000
core   0: 0x80005780 (0x01e80033) add     zero, a6, t5
core   0: 3 0x80005780 (0x01e80033)
core   0: 0x80005784 (0x00899a33) sll     s4, s3, s0
core   0: 3 0x80005784 (0x00899a33) x20 0x00000000
core   0: 0x80005788 (0x05ba7063) bgeu    s4, s11, pc + 64
core   0: 3 0x80005788 (0x05ba7063)
core   0: 0x8000578c (0x00000013) nop
core   0: 3 0x8000578c (0x00000013)
core   0: 0x80005790 (0x00452eb3) slt     t4, a0, tp
core   0: 3 0x80005790 (0x00452eb3) x29 0x00000001
core   0: 0x80005794 (0x34544393) xori    t2, s0, 837
core   0: 3 0x80005794 (0x34544393) x 7 0x00000345
core   0: 0x80005798 (0x01b67233) and     tp, a2, s11
core   0: 3 0x80005798 (0x01b67233) x 4 0x00000000
core   0: 0x8000579c (0x41478fb3) sub     t6, a5, s4
core   0: 3 0x8000579c (0x41478fb3) x31 0x00000001
core   0: 0x800057a0 (0x41b1d8b3) sra     a7, gp, s11
core   0: 3 0x800057a0 (0x41b1d8b3) x17 0x00000000
core   0: 0x800057a4 (0x011e9e93) slli    t4, t4, 17
core   0: 3 0x800057a4 (0x011e9e93) x29 0x00020000
core   0: 0x800057a8 (0x002256b3) srl     a3, tp, sp
core   0: 3 0x800057a8 (0x002256b3) x13 0x00000000
core   0: 0x800057ac (0x02807a63) bgeu    zero, s0, pc + 52
core   0: 3 0x800057ac (0x02807a63)
core   0: 0x800057e0 (0x05257463) bgeu    a0, s2, pc + 72
core   0: 3 0x800057e0 (0x05257463)
core   0: 0x800057e4 (0x40dad713) srai    a4, s5, 13
core   0: 3 0x800057e4 (0x40dad713) x14 0xffffed80
core   0: 0x800057e8 (0x1c947413) andi    s0, s0, 457
core   0: 3 0x800057e8 (0x1c947413) x 8 0x00000000
core   0: 0x800057ec (0x5ac7f117) auipc   sp, 0x5ac7f
core   0: 3 0x800057ec (0x5ac7f117) x 2 0xdac847ec
core   0: 0x800057f0 (0x0122eb33) or      s6, t0, s2
core   0: 3 0x800057f0 (0x0122eb33) x22 0xebed3000
core   0: 0x800057f4 (0x07c46e63) bltu    s0, t3, pc + 124
core   0: 3 0x800057f4 (0x07c46e63)
core   0: 0x80005870 (0x00042c33) slt     s8, s0, zero
core   0: 3 0x80005870 (0x00042c33) x24 0x00000000
core   0: 0x80005874 (0x001a1093) slli    ra, s4, 1
core   0: 3 0x80005874 (0x001a1093) x 1 0x00000000
core   0: 0x80005878 (0x19507393) andi    t2, zero, 405
core   0: 3 0x80005878 (0x19507393) x 7 0x00000000
core   0: 0x8000587c (0x00000013) nop
core   0: 3 0x8000587c (0x00000013)
core   0: 0x80005880 (0xffd58593) addi    a1, a1, -3
core   0: 3 0x80005880 (0xffd58593) x11 0xfffffffd
core   0: 0x80005884 (0x006c1663) bne     s8, t1, pc + 12
core   0: 3 0x80005884 (0x006c1663)
core   0: 0x80005890 (0xe6c9f713) andi    a4, s3, -404
core   0: 3 0x80005890 (0xe6c9f713) x14 0x00000000
core   0: 0x80005894 (0x00facc63) blt     s5, a5, pc + 24
core   0: 3 0x80005894 (0x00facc63)
core   0: 0x800058ac (0x03f26863) bltu    tp, t6, pc + 48
core   0: 3 0x800058ac (0x03f26863)
core   0: 0x800058dc (0xe1c2ef13) ori     t5, t0, -484
core   0: 3 0x800058dc (0xe1c2ef13) x30 0xfffffe1c
core   0: 0x800058e0 (0xfa970813) addi    a6, a4, -87
core   0: 3 0x800058e0 (0xfa970813) x16 0xffffffa9
core   0: 0x800058e4 (0xe62ebe93) sltiu   t4, t4, -414
core   0: 3 0x800058e4 (0xe62ebe93) x29 0x00000001
core   0: 0x800058e8 (0x35677113) andi    sp, a4, 854
core   0: 3 0x800058e8 (0x35677113) x 2 0x00000000
core   0: 0x800058ec (0xa6318e13) addi    t3, gp, -1437
core   0: 3 0x800058ec (0xa6318e13) x28 0xfffffa63
core   0: 0x800058f0 (0x73294f13) xori    t5, s2, 1842
core   0: 3 0x800058f0 (0x73294f13) x30 0xe9a82732
core   0: 0x800058f4 (0x41ef50b3) sra     ra, t5, t5
core   0: 3 0x800058f4 (0x41ef50b3) x 1 0xfffffa6a
core   0: 0x800058f8 (0x05851463) bne     a0, s8, pc + 72
core   0: 3 0x800058f8 (0x05851463)
core   0: 0x80005940 (0x0ff0000f) fence   iorw,iorw
core   0: 3 0x80005940 (0x0ff0000f)
core   0: 0x80005944 (0x01859433) sll     s0, a1, s8
core   0: 3 0x80005944 (0x01859433) x 8 0xfffffffd
core   0: 0x80005948 (0x00bd8533) add     a0, s11, a1
core   0: 3 0x80005948 (0x00bd8533) x10 0x000d7cad
core   0: 0x8000594c (0x00bef833) and     a6, t4, a1
core   0: 3 0x8000594c (0x00bef833) x16 0x00000001
core   0: 0x80005950 (0xc355bf13) sltiu   t5, a1, -971
core   0: 3 0x80005950 (0xc355bf13) x30 0x00000000
core   0: 0x80005954 (0x0000100f) fence.i
core   0: 3 0x80005954 (0x0000100f)
core   0: 0x80005958 (0x0000100f) fence.i
core   0: 3 0x80005958 (0x0000100f)
core   0: 0x8000595c (0x0ff0000f) fence   iorw,iorw
core   0: 3 0x8000595c (0x0ff0000f)
core   0: 0x80005960 (0xec5efb13) andi    s6, t4, -315
core   0: 3 0x80005960 (0xec5efb13) x22 0x00000001
core   0: 0x80005964 (0x01f9d933) srl     s2, s3, t6
core   0: 3 0x80005964 (0x01f9d933) x18 0x00000000
core   0: 0x80005968 (0xd3686597) auipc   a1, 0xd3686
core   0: 3 0x80005968 (0xd3686597) x11 0x5368b968
core   0: 0x8000596c (0x4dc97593) andi    a1, s2, 1244
core   0: 3 0x8000596c (0x4dc97593) x11 0x00000000
core   0: 0x80005970 (0x0098df13) srli    t5, a7, 9
core   0: 3 0x80005970 (0x0098df13) x30 0x00000000
core   0: 0x80005974 (0x401d50b3) sra     ra, s10, ra
core   0: 3 0x80005974 (0x401d50b3) x 1 0x00000000
core   0: 0x80005978 (0x7be2cd13) xori    s10, t0, 1982
core   0: 3 0x80005978 (0x7be2cd13) x26 0x8ac517be
core   0: 0x8000597c (0xba57bd93) sltiu   s11, a5, -1115
core   0: 3 0x8000597c (0xba57bd93) x27 0x00000001
core   0: 0x80005980 (0x01a0d413) srli    s0, ra, 26
core   0: 3 0x80005980 (0x01a0d413) x 8 0x00000000
core   0: 0x80005984 (0x0089d233) srl     tp, s3, s0
core   0: 3 0x80005984 (0x0089d233) x 4 0x00000000
core   0: 0x80005988 (0x01fa4c33) xor     s8, s4, t6
core   0: 3 0x80005988 (0x01fa4c33) x24 0x00000001
core   0: 0x8000598c (0x00915db3) srl     s11, sp, s1
core   0: 3 0x8000598c (0x00915db3) x27 0x00000000
core   0: 0x80005990 (0x02e97863) bgeu    s2, a4, pc + 48
core   0: 3 0x80005990 (0x02e97863)
core   0: 0x800059c0 (0x01dc1a33) sll     s4, s8, t4
core   0: 3 0x800059c0 (0x01dc1a33) x20 0x00000002
core   0: 0x800059c4 (0x4093dcb3) sra     s9, t2, s1
core   0: 3 0x800059c4 (0x4093dcb3) x25 0x00000000
core   0: 0x800059c8 (0xf6e17793) andi    a5, sp, -146
core   0: 3 0x800059c8 (0xf6e17793) x15 0x00000000
core   0: 0x800059cc (0x414f5c13) srai    s8, t5, 20
core   0: 3 0x800059cc (0x414f5c13) x24 0x00000000
core   0: 0x800059d0 (0xce553193) sltiu   gp, a0, -795
core   0: 3 0x800059d0 (0xce553193) x 3 0x00000001
core   0: 0x800059d4 (0x006d5863) bge     s10, t1, pc + 16
core   0: 3 0x800059d4 (0x006d5863)
core   0: 0x800059d8 (0x05a10263) beq     sp, s10, pc + 68
core   0: 3 0x800059d8 (0x05a10263)
core   0: 0x800059dc (0x0072b3b3) sltu    t2, t0, t2
core   0: 3 0x800059dc (0x0072b3b3) x 7 0x00000000
core   0: 0x800059e0 (0x41515eb3) sra     t4, sp, s5
core   0: 3 0x800059e0 (0x41515eb3) x29 0x00000000
core   0: 0x800059e4 (0x0000100f) fence.i
core   0: 3 0x800059e4 (0x0000100f)
core   0: 0x800059e8 (0xa1d287b7) lui     a5, 0xa1d28
core   0: 3 0x800059e8 (0xa1d287b7) x15 0xa1d28000
core   0: 0x800059ec (0x00f35933) srl     s2, t1, a5
core   0: 3 0x800059ec (0x00f35933) x18 0x00000657
core   0: 0x800059f0 (0x32c44593) xori    a1, s0, 812
core   0: 3 0x800059f0 (0x32c44593) x11 0x0000032c
core   0: 0x800059f4 (0x0ff0000f) fence   iorw,iorw
core   0: 3 0x800059f4 (0x0ff0000f)
core   0: 0x800059f8 (0x446ae637) lui     a2, 0x446ae
core   0: 3 0x800059f8 (0x446ae637) x12 0x446ae000
core   0: 0x800059fc (0x0000100f) fence.i
core   0: 3 0x800059fc (0x0000100f)
core   0: 0x80005a00 (0x2142f093) andi    ra, t0, 532
core   0: 3 0x80005a00 (0x2142f093) x 1 0x00000000
core   0: 0x80005a04 (0x0171f0b3) and     ra, gp, s7
core   0: 3 0x80005a04 (0x0171f0b3) x 1 0x00000000
core   0: 0x80005a08 (0x001a4fb3) xor     t6, s4, ra
core   0: 3 0x80005a08 (0x001a4fb3) x31 0x00000002
core   0: 0x80005a0c (0x386fd537) lui     a0, 0x386fd
core   0: 3 0x80005a0c (0x386fd537) x10 0x386fd000
core   0: 0x80005a10 (0x01d39793) slli    a5, t2, 29
core   0: 3 0x80005a10 (0x01d39793) x15 0x00000000
core   0: 0x80005a14 (0x00364733) xor     a4, a2, gp
core   0: 3 0x80005a14 (0x00364733) x14 0x446ae001
core   0: 0x80005a18 (0x01058863) beq     a1, a6, pc + 16
core   0: 3 0x80005a18 (0x01058863)
core   0: 0x80005a1c (0x02fc4663) blt     s8, a5, pc + 44
core   0: 3 0x80005a1c (0x02fc4663)
core   0: 0x80005a20 (0x41595393) srai    t2, s2, 21
core   0: 3 0x80005a20 (0x41595393) x 7 0x00000000
core   0: 0x80005a24 (0x00000013) nop
core   0: 3 0x80005a24 (0x00000013)
core   0: 0x80005a28 (0x01c11233) sll     tp, sp, t3
core   0: 3 0x80005a28 (0x01c11233) x 4 0x00000000
core   0: 0x80005a2c (0x01e257b3) srl     a5, tp, t5
core   0: 3 0x80005a2c (0x01e257b3) x15 0x00000000
core   0: 0x80005a30 (0x13fd3593) sltiu   a1, s10, 319
core   0: 3 0x80005a30 (0x13fd3593) x11 0x00000000
core   0: 0x80005a34 (0x011a7e63) bgeu    s4, a7, pc + 28
core   0: 3 0x80005a34 (0x011a7e63)
core   0: 0x80005a50 (0x419d5433) sra     s0, s10, s9
core   0: 3 0x80005a50 (0x419d5433) x 8 0x8ac517be
core   0: 0x80005a54 (0x01ea5c13) srli    s8, s4, 30
core   0: 3 0x80005a54 (0x01ea5c13) x24 0x00000000
core   0: 0x80005a58 (0xb3691eb7) lui     t4, 0xb3691
core   0: 3 0x80005a58 (0xb3691eb7) x29 0xb3691000
core   0: 0x80005a5c (0x4027d893) srai    a7, a5, 2
core   0: 3 0x80005a5c (0x4027d893) x17 0x00000000
core   0: 0x80005a60 (0x008e2933) slt     s2, t3, s0
core   0: 3 0x80005a60 (0x008e2933) x18 0x00000000
core   0: 0x80005a64 (0x01892b33) slt     s6, s2, s8
core   0: 3 0x80005a64 (0x01892b33) x22 0x00000000
core   0: 0x80005a68 (0xecf3a213) slti    tp, t2, -305
core   0: 3 0x80005a68 (0xecf3a213) x 4 0x00000000
core   0: 0x80005a6c (0x4104d213) srai    tp, s1, 16
core   0: 3 0x80005a6c (0x4104d213) x 4 0xffff8002
core   0: 0x80005a70 (0x1c417c93) andi    s9, sp, 452
core   0: 3 0x80005a70 (0x1c417c93) x25 0x00000000
core   0: 0x80005a74 (0x00003297) auipc   t0, 0x3
core   0: 3 0x80005a74 (0x00003297) x 5 0x80008a74
core   0: 0x80005a78 (0xa8428293) addi    t0, t0, -1404
core   0: 3 0x80005a78 (0xa8428293) x 5 0x800084f8
core   0: 0x80005a7c (0x5c510013) addi    zero, sp, 1477
core   0: 3 0x80005a7c (0x5c510013)
core   0: 0x80005a80 (0xd1128293) addi    t0, t0, -751
core   0: 3 0x80005a80 (0xd1128293) x 5 0x80008209
core   0: 0x80005a84 (0x00b39593) slli    a1, t2, 11
core   0: 3 0x80005a84 (0x00b39593) x11 0x00000000
core   0: 0x80005a88 (0x66c5e393) ori     t2, a1, 1644
core   0: 3 0x80005a88 (0x66c5e393) x 7 0x0000066c
core   0: 0x80005a8c (0x2ef287e7) jalr    a5, t0, 751
core   0: 3 0x80005a8c (0x2ef287e7) x15 0x80005a90
core   0: 0x800084f8 (0x0023f733) and     a4, t2, sp
core   0: 3 0x800084f8 (0x0023f733) x14 0x00000000
core   0: 0x800084fc (0xff4b8b93) addi    s7, s7, -12
core   0: 3 0x800084fc (0xff4b8b93) x23 0x80024e58
core   0: 0x80008500 (0x00acad33) slt     s10, s9, a0
core   0: 3 0x80008500 (0x00acad33) x26 0x00000001
core   0: 0x80008504 (0x0103f833) and     a6, t2, a6
core   0: 3 0x80008504 (0x0103f833) x16 0x00000000
core   0: 0x80008508 (0xb626e013) ori     zero, a3, -1182
core   0: 3 0x80008508 (0xb626e013)
core   0: 0x8000850c (0x00fba223) sw      a5, 4(s7)
core   0: 3 0x8000850c (0x00fba223) mem 0x80024e5c 0x80005a90
core   0: 0x80008510 (0x003a1a13) slli    s4, s4, 3
core   0: 3 0x80008510 (0x003a1a13) x20 0x00000010
core   0: 0x80008514 (0x01dcd593) srli    a1, s9, 29
core   0: 3 0x80008514 (0x01dcd593) x11 0x00000000
core   0: 0x80008518 (0xff2f3f13) sltiu   t5, t5, -14
core   0: 3 0x80008518 (0xff2f3f13) x30 0x00000001
core   0: 0x8000851c (0xffa00593) li      a1, -6
core   0: 3 0x8000851c (0xffa00593) x11 0xfffffffa
core   0: 0x80008520 (0xd2fa92b7) lui     t0, 0xd2fa9
core   0: 3 0x80008520 (0xd2fa92b7) x 5 0xd2fa9000
core   0: 0x80008524 (0x0053b1b3) sltu    gp, t2, t0
core   0: 3 0x80008524 (0x0053b1b3) x 3 0x00000001
core   0: 0x80008528 (0x01400613) li      a2, 20
core   0: 3 0x80008528 (0x01400613) x12 0x00000014
core   0: 0x8000852c (0x01633db3) sltu    s11, t1, s6
core   0: 3 0x8000852c (0x01633db3) x27 0x00000000
core   0: 0x80008530 (0x014fb2b3) sltu    t0, t6, s4
core   0: 3 0x80008530 (0x014fb2b3) x 5 0x00000001
core   0: 0x80008534 (0xbfc03a13) sltiu   s4, zero, -1028
core   0: 3 0x80008534 (0xbfc03a13) x20 0x00000001
core   0: 0x80008538 (0x0069adb3) slt     s11, s3, t1
core   0: 3 0x80008538 (0x0069adb3) x27 0x00000001
core   0: 0x8000853c (0x00849a13) slli    s4, s1, 8
core   0: 3 0x8000853c (0x00849a13) x20 0x028ce400
core   0: 0x80008540 (0x00a58593) addi    a1, a1, 10
core   0: 3 0x80008540 (0x00a58593) x11 0x00000004
core   0: 0x80008544 (0x3c796d93) ori     s11, s2, 967
core   0: 3 0x80008544 (0x3c796d93) x27 0x000003c7
core   0: 0x80008548 (0x01282533) slt     a0, a6, s2
core   0: 3 0x80008548 (0x01282533) x10 0x00000000
core   0: 0x8000854c (0x143c6d93) ori     s11, s8, 323
core   0: 3 0x8000854c (0x143c6d93) x27 0x00000143
core   0: 0x80008550 (0xfec5c0e3) blt     a1, a2, pc - 32
core   0: 3 0x80008550 (0xfec5c0e3)
core   0: 0x80008530 (0x014fb2b3) sltu    t0, t6, s4
core   0: 3 0x80008530 (0x014fb2b3) x 5 0x00000001
core   0: 0x80008534 (0xbfc03a13) sltiu   s4, zero, -1028
core   0: 3 0x80008534 (0xbfc03a13) x20 0x00000001
core   0: 0x80008538 (0x0069adb3) slt     s11, s3, t1
core   0: 3 0x80008538 (0x0069adb3) x27 0x00000001
core   0: 0x8000853c (0x00849a13) slli    s4, s1, 8
core   0: 3 0x8000853c (0x00849a13) x20 0x028ce400
core   0: 0x80008540 (0x00a58593) addi    a1, a1, 10
core   0: 3 0x80008540 (0x00a58593) x11 0x0000000e
core   0: 0x80008544 (0x3c796d93) ori     s11, s2, 967
core   0: 3 0x80008544 (0x3c796d93) x27 0x000003c7
core   0: 0x80008548 (0x01282533) slt     a0, a6, s2
core   0: 3 0x80008548 (0x01282533) x10 0x00000000
core   0: 0x8000854c (0x143c6d93) ori     s11, s8, 323
core   0: 3 0x8000854c (0x143c6d93) x27 0x00000143
core   0: 0x80008550 (0xfec5c0e3) blt     a1, a2, pc - 32
core   0: 3 0x80008550 (0xfec5c0e3)
core   0: 0x80008530 (0x014fb2b3) sltu    t0, t6, s4
core   0: 3 0x80008530 (0x014fb2b3) x 5 0x00000001
core   0: 0x80008534 (0xbfc03a13) sltiu   s4, zero, -1028
core   0: 3 0x80008534 (0xbfc03a13) x20 0x00000001
core   0: 0x80008538 (0x0069adb3) slt     s11, s3, t1
core   0: 3 0x80008538 (0x0069adb3) x27 0x00000001
core   0: 0x8000853c (0x00849a13) slli    s4, s1, 8
core   0: 3 0x8000853c (0x00849a13) x20 0x028ce400
core   0: 0x80008540 (0x00a58593) addi    a1, a1, 10
core   0: 3 0x80008540 (0x00a58593) x11 0x00000018
core   0: 0x80008544 (0x3c796d93) ori     s11, s2, 967
core   0: 3 0x80008544 (0x3c796d93) x27 0x000003c7
core   0: 0x80008548 (0x01282533) slt     a0, a6, s2
core   0: 3 0x80008548 (0x01282533) x10 0x00000000
core   0: 0x8000854c (0x143c6d93) ori     s11, s8, 323
core   0: 3 0x8000854c (0x143c6d93) x27 0x00000143
core   0: 0x80008550 (0xfec5c0e3) blt     a1, a2, pc - 32
core   0: 3 0x80008550 (0xfec5c0e3)
core   0: 0x80008554 (0xd234a913) slti    s2, s1, -733
core   0: 3 0x80008554 (0xd234a913) x18 0x00000001
core   0: 0x80008558 (0x00500d13) li      s10, 5
core   0: 3 0x80008558 (0x00500d13) x26 0x00000005
core   0: 0x8000855c (0x41d98133) sub     sp, s3, t4
core   0: 3 0x8000855c (0x41d98133) x 2 0x4c96f000
core   0: 0x80008560 (0xb5c276b7) lui     a3, 0xb5c27
core   0: 3 0x80008560 (0xb5c276b7) x13 0xb5c27000
core   0: 0x80008564 (0x82ee2293) slti    t0, t3, -2002
core   0: 3 0x80008564 (0x82ee2293) x 5 0x00000000
core   0: 0x80008568 (0x5d86ae93) slti    t4, a3, 1496
core   0: 3 0x80008568 (0x5d86ae93) x29 0x00000001
core   0: 0x8000856c (0x01633533) sltu    a0, t1, s6
core   0: 3 0x8000856c (0x01633533) x10 0x00000000
core   0: 0x80008570 (0x00400393) li      t2, 4
core   0: 3 0x80008570 (0x00400393) x 7 0x00000004
core   0: 0x80008574 (0x00ec5e93) srli    t4, s8, 14
core   0: 3 0x80008574 (0x00ec5e93) x29 0x00000000
core   0: 0x80008578 (0x0ff0000f) fence   iorw,iorw
core   0: 3 0x80008578 (0x0ff0000f)
core   0: 0x8000857c (0x1304f317) auipc   t1, 0x1304f
core   0: 3 0x8000857c (0x1304f317) x 6 0x9305757c
core   0: 0x80008580 (0x01194a33) xor     s4, s2, a7
core   0: 3 0x80008580 (0x01194a33) x20 0x00000001
core   0: 0x80008584 (0x01d7f9b3) and     s3, a5, t4
core   0: 3 0x80008584 (0x01d7f9b3) x19 0x00000000
core   0: 0x80008588 (0xfffd0d13) addi    s10, s10, -1
core   0: 3 0x80008588 (0xfffd0d13) x26 0x00000004
core   0: 0x8000858c (0x00a8d513) srli    a0, a7, 10
core   0: 3 0x8000858c (0x00a8d513) x10 0x00000000
core   0: 0x80008590 (0x019f9c93) slli    s9, t6, 25
core   0: 3 0x80008590 (0x019f9c93) x25 0x04000000
core   0: 0x80008594 (0x006c68b3) or      a7, s8, t1
core   0: 3 0x80008594 (0x006c68b3) x17 0x9305757c
core   0: 0x80008598 (0x00200913) li      s2, 2
core   0: 3 0x80008598 (0x00200913) x18 0x00000002
core   0: 0x8000859c (0x00f5ef33) or      t5, a1, a5
core   0: 3 0x8000859c (0x00f5ef33) x30 0x80005a98
core   0: 0x800085a0 (0xff700093) li      ra, -9
core   0: 3 0x800085a0 (0xff700093) x 1 0xfffffff7
core   0: 0x800085a4 (0x40a1d613) srai    a2, gp, 10
core   0: 3 0x800085a4 (0x40a1d613) x12 0x00000000
core   0: 0x800085a8 (0x01d2b533) sltu    a0, t0, t4
core   0: 3 0x800085a8 (0x01d2b533) x10 0x00000000
core   0: 0x800085ac (0xae8bf593) andi    a1, s7, -1304
core   0: 3 0x800085ac (0xae8bf593) x11 0x80024a48
core   0: 0x800085b0 (0xe92a4d93) xori    s11, s4, -366
core   0: 3 0x800085b0 (0xe92a4d93) x27 0xfffffe93
core   0: 0x800085b4 (0x7e62ae37) lui     t3, 0x7e62a
core   0: 3 0x800085b4 (0x7e62ae37) x28 0x7e62a000
core   0: 0x800085b8 (0x929a51b7) lui     gp, 0x929a5
core   0: 3 0x800085b8 (0x929a51b7) x 3 0x929a5000
core   0: 0x800085bc (0xff690913) addi    s2, s2, -10
core   0: 3 0x800085bc (0xff690913) x18 0xfffffff8
core   0: 0x800085c0 (0x0181d133) srl     sp, gp, s8
core   0: 3 0x800085c0 (0x0181d133) x 2 0x929a5000
core   0: 0x800085c4 (0x00fd1013) slli    zero, s10, 15
core   0: 3 0x800085c4 (0x00fd1013)
core   0: 0x800085c8 (0x67bf4c13) xori    s8, t5, 1659
core   0: 3 0x800085c8 (0x67bf4c13) x24 0x80005ce3
core   0: 0x800085cc (0x014b95b3) sll     a1, s7, s4
core   0: 3 0x800085cc (0x014b95b3) x11 0x00049cb0
core   0: 0x800085d0 (0xfe1952e3) bge     s2, ra, pc - 28
core   0: 3 0x800085d0 (0xfe1952e3)
core   0: 0x800085b4 (0x7e62ae37) lui     t3, 0x7e62a
core   0: 3 0x800085b4 (0x7e62ae37) x28 0x7e62a000
core   0: 0x800085b8 (0x929a51b7) lui     gp, 0x929a5
core   0: 3 0x800085b8 (0x929a51b7) x 3 0x929a5000
core   0: 0x800085bc (0xff690913) addi    s2, s2, -10
core   0: 3 0x800085bc (0xff690913) x18 0xffffffee
core   0: 0x800085c0 (0x0181d133) srl     sp, gp, s8
core   0: 3 0x800085c0 (0x0181d133) x 2 0x12534a00
core   0: 0x800085c4 (0x00fd1013) slli    zero, s10, 15
core   0: 3 0x800085c4 (0x00fd1013)
core   0: 0x800085c8 (0x67bf4c13) xori    s8, t5, 1659
core   0: 3 0x800085c8 (0x67bf4c13) x24 0x80005ce3
core   0: 0x800085cc (0x014b95b3) sll     a1, s7, s4
core   0: 3 0x800085cc (0x014b95b3) x11 0x00049cb0
core   0: 0x800085d0 (0xfe1952e3) bge     s2, ra, pc - 28
core   0: 3 0x800085d0 (0xfe1952e3)
core   0: 0x800085d4 (0x01087e33) and     t3, a6, a6
core   0: 3 0x800085d4 (0x01087e33) x28 0x00000000
core   0: 0x800085d8 (0x417858b3) sra     a7, a6, s7
core   0: 3 0x800085d8 (0x417858b3) x17 0x00000000
core   0: 0x800085dc (0xfa7d74e3) bgeu    s10, t2, pc - 88
core   0: 3 0x800085dc (0xfa7d74e3)
core   0: 0x80008584 (0x01d7f9b3) and     s3, a5, t4
core   0: 3 0x80008584 (0x01d7f9b3) x19 0x00000000
core   0: 0x80008588 (0xfffd0d13) addi    s10, s10, -1
core   0: 3 0x80008588 (0xfffd0d13) x26 0x00000003
core   0: 0x8000858c (0x00a8d513) srli    a0, a7, 10
core   0: 3 0x8000858c (0x00a8d513) x10 0x00000000
core   0: 0x80008590 (0x019f9c93) slli    s9, t6, 25
core   0: 3 0x80008590 (0x019f9c93) x25 0x04000000
core   0: 0x80008594 (0x006c68b3) or      a7, s8, t1
core   0: 3 0x80008594 (0x006c68b3) x17 0x93057dff
core   0: 0x80008598 (0x00200913) li      s2, 2
core   0: 3 0x80008598 (0x00200913) x18 0x00000002
core   0: 0x8000859c (0x00f5ef33) or      t5, a1, a5
core   0: 3 0x8000859c (0x00f5ef33) x30 0x8004deb0
core   0: 0x800085a0 (0xff700093) li      ra, -9
core   0: 3 0x800085a0 (0xff700093) x 1 0xfffffff7
core   0: 0x800085a4 (0x40a1d613) srai    a2, gp, 10
core   0: 3 0x800085a4 (0x40a1d613) x12 0xffe4a694
core   0: 0x800085a8 (0x01d2b533) sltu    a0, t0, t4
core   0: 3 0x800085a8 (0x01d2b533) x10 0x00000000
core   0: 0x800085ac (0xae8bf593) andi    a1, s7, -1304
core   0: 3 0x800085ac (0xae8bf593) x11 0x80024a48
core   0: 0x800085b0 (0xe92a4d93) xori    s11, s4, -366
core   0: 3 0x800085b0 (0xe92a4d93) x27 0xfffffe93
core   0: 0x800085b4 (0x7e62ae37) lui     t3, 0x7e62a
core   0: 3 0x800085b4 (0x7e62ae37) x28 0x7e62a000
core   0: 0x800085b8 (0x929a51b7) lui     gp, 0x929a5
core   0: 3 0x800085b8 (0x929a51b7) x 3 0x929a5000
core   0: 0x800085bc (0xff690913) addi    s2, s2, -10
core   0: 3 0x800085bc (0xff690913) x18 0xfffffff8
core   0: 0x800085c0 (0x0181d133) srl     sp, gp, s8
core   0: 3 0x800085c0 (0x0181d133) x 2 0x12534a00
core   0: 0x800085c4 (0x00fd1013) slli    zero, s10, 15
core   0: 3 0x800085c4 (0x00fd1013)
core   0: 0x800085c8 (0x67bf4c13) xori    s8, t5, 1659
core   0: 3 0x800085c8 (0x67bf4c13) x24 0x8004d8cb
core   0: 0x800085cc (0x014b95b3) sll     a1, s7, s4
core   0: 3 0x800085cc (0x014b95b3) x11 0x00049cb0
core   0: 0x800085d0 (0xfe1952e3) bge     s2, ra, pc - 28
core   0: 3 0x800085d0 (0xfe1952e3)
core   0: 0x800085b4 (0x7e62ae37) lui     t3, 0x7e62a
core   0: 3 0x800085b4 (0x7e62ae37) x28 0x7e62a000
core   0: 0x800085b8 (0x929a51b7) lui     gp, 0x929a5
core   0: 3 0x800085b8 (0x929a51b7) x 3 0x929a5000
core   0: 0x800085bc (0xff690913) addi    s2, s2, -10
core   0: 3 0x800085bc (0xff690913) x18 0xffffffee
core   0: 0x800085c0 (0x0181d133) srl     sp, gp, s8
core   0: 3 0x800085c0 (0x0181d133) x 2 0x0012534a
core   0: 0x800085c4 (0x00fd1013) slli    zero, s10, 15
core   0: 3 0x800085c4 (0x00fd1013)
core   0: 0x800085c8 (0x67bf4c13) xori    s8, t5, 1659
core   0: 3 0x800085c8 (0x67bf4c13) x24 0x8004d8cb
core   0: 0x800085cc (0x014b95b3) sll     a1, s7, s4
core   0: 3 0x800085cc (0x014b95b3) x11 0x00049cb0
core   0: 0x800085d0 (0xfe1952e3) bge     s2, ra, pc - 28
core   0: 3 0x800085d0 (0xfe1952e3)
core   0: 0x800085d4 (0x01087e33) and     t3, a6, a6
core   0: 3 0x800085d4 (0x01087e33) x28 0x00000000
core   0: 0x800085d8 (0x417858b3) sra     a7, a6, s7
core   0: 3 0x800085d8 (0x417858b3) x17 0x00000000
core   0: 0x800085dc (0xfa7d74e3) bgeu    s10, t2, pc - 88
core   0: 3 0x800085dc (0xfa7d74e3)
core   0: 0x800085e0 (0x401f8e33) sub     t3, t6, ra
core   0: 3 0x800085e0 (0x401f8e33) x28 0x0000000b
core   0: 0x800085e4 (0x00a00793) li      a5, 10
core   0: 3 0x800085e4 (0x00a00793) x15 0x0000000a
core   0: 0x800085e8 (0x8f1f0893) addi    a7, t5, -1807
core   0: 3 0x800085e8 (0x8f1f0893) x17 0x8004d7a1
core   0: 0x800085ec (0xfed00c93) li      s9, -19
core   0: 3 0x800085ec (0xfed00c93) x25 0xffffffed
core   0: 0x800085f0 (0x00994e33) xor     t3, s2, s1
core   0: 3 0x800085f0 (0x00994e33) x28 0x7ffd730a
core   0: 0x800085f4 (0x012786b3) add     a3, a5, s2
core   0: 3 0x800085f4 (0x012786b3) x13 0xfffffff8
core   0: 0x800085f8 (0xffd78793) addi    a5, a5, -3
core   0: 3 0x800085f8 (0xffd78793) x15 0x00000007
core   0: 0x800085fc (0x018a26b3) slt     a3, s4, s8
core   0: 3 0x800085fc (0x018a26b3) x13 0x00000000
core   0: 0x80008600 (0xff97d8e3) bge     a5, s9, pc - 16
core   0: 3 0x80008600 (0xff97d8e3)
core   0: 0x800085f0 (0x00994e33) xor     t3, s2, s1
core   0: 3 0x800085f0 (0x00994e33) x28 0x7ffd730a
core   0: 0x800085f4 (0x012786b3) add     a3, a5, s2
core   0: 3 0x800085f4 (0x012786b3) x13 0xfffffff5
core   0: 0x800085f8 (0xffd78793) addi    a5, a5, -3
core   0: 3 0x800085f8 (0xffd78793) x15 0x00000004
core   0: 0x800085fc (0x018a26b3) slt     a3, s4, s8
core   0: 3 0x800085fc (0x018a26b3) x13 0x00000000
core   0: 0x80008600 (0xff97d8e3) bge     a5, s9, pc - 16
core   0: 3 0x80008600 (0xff97d8e3)
core   0: 0x800085f0 (0x00994e33) xor     t3, s2, s1
core   0: 3 0x800085f0 (0x00994e33) x28 0x7ffd730a
core   0: 0x800085f4 (0x012786b3) add     a3, a5, s2
core   0: 3 0x800085f4 (0x012786b3) x13 0xfffffff2
core   0: 0x800085f8 (0xffd78793) addi    a5, a5, -3
core   0: 3 0x800085f8 (0xffd78793) x15 0x00000001
core   0: 0x800085fc (0x018a26b3) slt     a3, s4, s8
core   0: 3 0x800085fc (0x018a26b3) x13 0x00000000
core   0: 0x80008600 (0xff97d8e3) bge     a5, s9, pc - 16
core   0: 3 0x80008600 (0xff97d8e3)
core   0: 0x800085f0 (0x00994e33) xor     t3, s2, s1
core   0: 3 0x800085f0 (0x00994e33) x28 0x7ffd730a
core   0: 0x800085f4 (0x012786b3) add     a3, a5, s2
core   0: 3 0x800085f4 (0x012786b3) x13 0xffffffef
core   0: 0x800085f8 (0xffd78793) addi    a5, a5, -3
core   0: 3 0x800085f8 (0xffd78793) x15 0xfffffffe
core   0: 0x800085fc (0x018a26b3) slt     a3, s4, s8
core   0: 3 0x800085fc (0x018a26b3) x13 0x00000000
core   0: 0x80008600 (0xff97d8e3) bge     a5, s9, pc - 16
core   0: 3 0x80008600 (0xff97d8e3)
core   0: 0x800085f0 (0x00994e33) xor     t3, s2, s1
core   0: 3 0x800085f0 (0x00994e33) x28 0x7ffd730a
core   0: 0x800085f4 (0x012786b3) add     a3, a5, s2
core   0: 3 0x800085f4 (0x012786b3) x13 0xffffffec
core   0: 0x800085f8 (0xffd78793) addi    a5, a5, -3
core   0: 3 0x800085f8 (0xffd78793) x15 0xfffffffb
core   0: 0x800085fc (0x018a26b3) slt     a3, s4, s8
core   0: 3 0x800085fc (0x018a26b3) x13 0x00000000
core   0: 0x80008600 (0xff97d8e3) bge     a5, s9, pc - 16
core   0: 3 0x80008600 (0xff97d8e3)
core   0: 0x800085f0 (0x00994e33) xor     t3, s2, s1
core   0: 3 0x800085f0 (0x00994e33) x28 0x7ffd730a
core   0: 0x800085f4 (0x012786b3) add     a3, a5, s2
core   0: 3 0x800085f4 (0x012786b3) x13 0xffffffe9
core   0: 0x800085f8 (0xffd78793) addi    a5, a5, -3
core   0: 3 0x800085f8 (0xffd78793) x15 0xfffffff8
core   0: 0x800085fc (0x018a26b3) slt     a3, s4, s8
core   0: 3 0x800085fc (0x018a26b3) x13 0x00000000
core   0: 0x80008600 (0xff97d8e3) bge     a5, s9, pc - 16
core   0: 3 0x80008600 (0xff97d8e3)
core   0: 0x800085f0 (0x00994e33) xor     t3, s2, s1
core   0: 3 0x800085f0 (0x00994e33) x28 0x7ffd730a
core   0: 0x800085f4 (0x012786b3) add     a3, a5, s2
core   0: 3 0x800085f4 (0x012786b3) x13 0xffffffe6
core   0: 0x800085f8 (0xffd78793) addi    a5, a5, -3
core   0: 3 0x800085f8 (0xffd78793) x15 0xfffffff5
core   0: 0x800085fc (0x018a26b3) slt     a3, s4, s8
core   0: 3 0x800085fc (0x018a26b3) x13 0x00000000
core   0: 0x80008600 (0xff97d8e3) bge     a5, s9, pc - 16
core   0: 3 0x80008600 (0xff97d8e3)
core   0: 0x800085f0 (0x00994e33) xor     t3, s2, s1
core   0: 3 0x800085f0 (0x00994e33) x28 0x7ffd730a
core   0: 0x800085f4 (0x012786b3) add     a3, a5, s2
core   0: 3 0x800085f4 (0x012786b3) x13 0xffffffe3
core   0: 0x800085f8 (0xffd78793) addi    a5, a5, -3
core   0: 3 0x800085f8 (0xffd78793) x15 0xfffffff2
core   0: 0x800085fc (0x018a26b3) slt     a3, s4, s8
core   0: 3 0x800085fc (0x018a26b3) x13 0x00000000
core   0: 0x80008600 (0xff97d8e3) bge     a5, s9, pc - 16
core   0: 3 0x80008600 (0xff97d8e3)
core   0: 0x800085f0 (0x00994e33) xor     t3, s2, s1
core   0: 3 0x800085f0 (0x00994e33) x28 0x7ffd730a
core   0: 0x800085f4 (0x012786b3) add     a3, a5, s2
core   0: 3 0x800085f4 (0x012786b3) x13 0xffffffe0
core   0: 0x800085f8 (0xffd78793) addi    a5, a5, -3
core   0: 3 0x800085f8 (0xffd78793) x15 0xffffffef
core   0: 0x800085fc (0x018a26b3) slt     a3, s4, s8
core   0: 3 0x800085fc (0x018a26b3) x13 0x00000000
core   0: 0x80008600 (0xff97d8e3) bge     a5, s9, pc - 16
core   0: 3 0x80008600 (0xff97d8e3)
core   0: 0x800085f0 (0x00994e33) xor     t3, s2, s1
core   0: 3 0x800085f0 (0x00994e33) x28 0x7ffd730a
core   0: 0x800085f4 (0x012786b3) add     a3, a5, s2
core   0: 3 0x800085f4 (0x012786b3) x13 0xffffffdd
core   0: 0x800085f8 (0xffd78793) addi    a5, a5, -3
core   0: 3 0x800085f8 (0xffd78793) x15 0xffffffec
core   0: 0x800085fc (0x018a26b3) slt     a3, s4, s8
core   0: 3 0x800085fc (0x018a26b3) x13 0x00000000
core   0: 0x80008600 (0xff97d8e3) bge     a5, s9, pc - 16
core   0: 3 0x80008600 (0xff97d8e3)
core   0: 0x80008604 (0x5093ae13) slti    t3, t2, 1289
core   0: 3 0x80008604 (0x5093ae13) x28 0x00000001
core   0: 0x80008608 (0x00200793) li      a5, 2
core   0: 3 0x80008608 (0x00200793) x15 0x00000002
core   0: 0x8000860c (0x41d086b3) sub     a3, ra, t4
core   0: 3 0x8000860c (0x41d086b3) x13 0xfffffff7
core   0: 0x80008610 (0x851f8b13) addi    s6, t6, -1967
core   0: 3 0x80008610 (0x851f8b13) x22 0xfffff853
core   0: 0x80008614 (0xcd41e513) ori     a0, gp, -812
core   0: 3 0x80008614 (0xcd41e513) x10 0xfffffcd4
core   0: 0x80008618 (0x2a62ec13) ori     s8, t0, 678
core   0: 3 0x80008618 (0x2a62ec13) x24 0x000002a6
core   0: 0x8000861c (0x00f9d433) srl     s0, s3, a5
core   0: 3 0x8000861c (0x00f9d433) x 8 0x00000000
core   0: 0x80008620 (0x0ff0000f) fence   iorw,iorw
core   0: 3 0x80008620 (0x0ff0000f)
core   0: 0x80008624 (0x0ff0000f) fence   iorw,iorw
core   0: 3 0x80008624 (0x0ff0000f)
core   0: 0x80008628 (0x06703697) auipc   a3, 0x6703
core   0: 3 0x80008628 (0x06703697) x13 0x8670b628
core   0: 0x8000862c (0x01000393) li      t2, 16
core   0: 3 0x8000862c (0x01000393) x 7 0x00000010
core   0: 0x80008630 (0xff9c2e13) slti    t3, s8, -7
core   0: 3 0x80008630 (0xff9c2e13) x28 0x00000000
core   0: 0x80008634 (0x1dc03d93) sltiu   s11, zero, 476
core   0: 3 0x80008634 (0x1dc03d93) x27 0x00000001
core   0: 0x80008638 (0x40b65a33) sra     s4, a2, a1
core   0: 3 0x80008638 (0x40b65a33) x20 0xffffffe4
core   0: 0x8000863c (0xb03a0213) addi    tp, s4, -1277
core   0: 3 0x8000863c (0xb03a0213) x 4 0xfffffae7
core   0: 0x80008640 (0x00000013) nop
core   0: 3 0x80008640 (0x00000013)
core   0: 0x80008644 (0x05198c13) addi    s8, s3, 81
core   0: 3 0x80008644 (0x05198c13) x24 0x00000051
core   0: 0x80008648 (0x0000100f) fence.i
core   0: 3 0x80008648 (0x0000100f)
core   0: 0x8000864c (0x00278793) addi    a5, a5, 2
core   0: 3 0x8000864c (0x00278793) x15 0x00000004
core   0: 0x80008650 (0x0ff0000f) fence   iorw,iorw
core   0: 3 0x80008650 (0x0ff0000f)
core   0: 0x80008654 (0xb9144293) xori    t0, s0, -1135
core   0: 3 0x80008654 (0xb9144293) x 5 0xfffffb91
core   0: 0x80008658 (0x008b86b3) add     a3, s7, s0
core   0: 3 0x80008658 (0x008b86b3) x13 0x80024e58
core   0: 0x8000865c (0x00000013) nop
core   0: 3 0x8000865c (0x00000013)
core   0: 0x80008660 (0xaa508913) addi    s2, ra, -1371
core   0: 3 0x80008660 (0xaa508913) x18 0xfffffa9c
core   0: 0x80008664 (0x41475133) sra     sp, a4, s4
core   0: 3 0x80008664 (0x41475133) x 2 0x00000000
core   0: 0x80008668 (0x00269213) slli    tp, a3, 2
core   0: 3 0x80008668 (0x00269213) x 4 0x00093960
core   0: 0x8000866c (0x01475193) srli    gp, a4, 20
core   0: 3 0x8000866c (0x01475193) x 3 0x00000000
core   0: 0x80008670 (0x0ff0000f) fence   iorw,iorw
core   0: 3 0x80008670 (0x0ff0000f)
core   0: 0x80008674 (0xfa779ee3) bne     a5, t2, pc - 68
core   0: 3 0x80008674 (0xfa779ee3)
core   0: 0x80008630 (0xff9c2e13) slti    t3, s8, -7
core   0: 3 0x80008630 (0xff9c2e13) x28 0x00000000
core   0: 0x80008634 (0x1dc03d93) sltiu   s11, zero, 476
core   0: 3 0x80008634 (0x1dc03d93) x27 0x00000001
core   0: 0x80008638 (0x40b65a33) sra     s4, a2, a1
core   0: 3 0x80008638 (0x40b65a33) x20 0xffffffe4
core   0: 0x8000863c (0xb03a0213) addi    tp, s4, -1277
core   0: 3 0x8000863c (0xb03a0213) x 4 0xfffffae7
core   0: 0x80008640 (0x00000013) nop
core   0: 3 0x80008640 (0x00000013)
core   0: 0x80008644 (0x05198c13) addi    s8, s3, 81
core   0: 3 0x80008644 (0x05198c13) x24 0x00000051
core   0: 0x80008648 (0x0000100f) fence.i
core   0: 3 0x80008648 (0x0000100f)
core   0: 0x8000864c (0x00278793) addi    a5, a5, 2
core   0: 3 0x8000864c (0x00278793) x15 0x00000006
core   0: 0x80008650 (0x0ff0000f) fence   iorw,iorw
core   0: 3 0x80008650 (0x0ff0000f)
core   0: 0x80008654 (0xb9144293) xori    t0, s0, -1135
core   0: 3 0x80008654 (0xb9144293) x 5 0xfffffb91
core   0: 0x80008658 (0x008b86b3) add     a3, s7, s0
core   0: 3 0x80008658 (0x008b86b3) x13 0x80024e58
core   0: 0x8000865c (0x00000013) nop
core   0: 3 0x8000865c (0x00000013)
core   0: 0x80008660 (0xaa508913) addi    s2, ra, -1371
core   0: 3 0x80008660 (0xaa508913) x18 0xfffffa9c
core   0: 0x80008664 (0x41475133) sra     sp, a4, s4
core   0: 3 0x80008664 (0x41475133) x 2 0x00000000
core   0: 0x80008668 (0x00269213) slli    tp, a3, 2
core   0: 3 0x80008668 (0x00269213) x 4 0x00093960
core   0: 0x8000866c (0x01475193) srli    gp, a4, 20
core   0: 3 0x8000866c (0x01475193) x 3 0x00000000
core   0: 0x80008670 (0x0ff0000f) fence   iorw,iorw
core   0: 3 0x80008670 (0x0ff0000f)
core   0: 0x80008674 (0xfa779ee3) bne     a5, t2, pc - 68
core   0: 3 0x80008674 (0xfa779ee3)
core   0: 0x80008630 (0xff9c2e13) slti    t3, s8, -7
core   0: 3 0x80008630 (0xff9c2e13) x28 0x00000000
core   0: 0x80008634 (0x1dc03d93) sltiu   s11, zero, 476
core   0: 3 0x80008634 (0x1dc03d93) x27 0x00000001
core   0: 0x80008638 (0x40b65a33) sra     s4, a2, a1
core   0: 3 0x80008638 (0x40b65a33) x20 0xffffffe4
core   0: 0x8000863c (0xb03a0213) addi    tp, s4, -1277
core   0: 3 0x8000863c (0xb03a0213) x 4 0xfffffae7
core   0: 0x80008640 (0x00000013) nop
core   0: 3 0x80008640 (0x00000013)
core   0: 0x80008644 (0x05198c13) addi    s8, s3, 81
core   0: 3 0x80008644 (0x05198c13) x24 0x00000051
core   0: 0x80008648 (0x0000100f) fence.i
core   0: 3 0x80008648 (0x0000100f)
core   0: 0x8000864c (0x00278793) addi    a5, a5, 2
core   0: 3 0x8000864c (0x00278793) x15 0x00000008
core   0: 0x80008650 (0x0ff0000f) fence   iorw,iorw
core   0: 3 0x80008650 (0x0ff0000f)
core   0: 0x80008654 (0xb9144293) xori    t0, s0, -1135
core   0: 3 0x80008654 (0xb9144293) x 5 0xfffffb91
core   0: 0x80008658 (0x008b86b3) add     a3, s7, s0
core   0: 3 0x80008658 (0x008b86b3) x13 0x80024e58
core   0: 0x8000865c (0x00000013) nop
core   0: 3 0x8000865c (0x00000013)
core   0: 0x80008660 (0xaa508913) addi    s2, ra, -1371
core   0: 3 0x80008660 (0xaa508913) x18 0xfffffa9c
core   0: 0x80008664 (0x41475133) sra     sp, a4, s4
core   0: 3 0x80008664 (0x41475133) x 2 0x00000000
core   0: 0x80008668 (0x00269213) slli    tp, a3, 2
core   0: 3 0x80008668 (0x00269213) x 4 0x00093960
core   0: 0x8000866c (0x01475193) srli    gp, a4, 20
core   0: 3 0x8000866c (0x01475193) x 3 0x00000000
core   0: 0x80008670 (0x0ff0000f) fence   iorw,iorw
core   0: 3 0x80008670 (0x0ff0000f)
core   0: 0x80008674 (0xfa779ee3) bne     a5, t2, pc - 68
core   0: 3 0x80008674 (0xfa779ee3)
core   0: 0x80008630 (0xff9c2e13) slti    t3, s8, -7
core   0: 3 0x80008630 (0xff9c2e13) x28 0x00000000
core   0: 0x80008634 (0x1dc03d93) sltiu   s11, zero, 476
core   0: 3 0x80008634 (0x1dc03d93) x27 0x00000001
core   0: 0x80008638 (0x40b65a33) sra     s4, a2, a1
core   0: 3 0x80008638 (0x40b65a33) x20 0xffffffe4
core   0: 0x8000863c (0xb03a0213) addi    tp, s4, -1277
core   0: 3 0x8000863c (0xb03a0213) x 4 0xfffffae7
core   0: 0x80008640 (0x00000013) nop
core   0: 3 0x80008640 (0x00000013)
core   0: 0x80008644 (0x05198c13) addi    s8, s3, 81
core   0: 3 0x80008644 (0x05198c13) x24 0x00000051
core   0: 0x80008648 (0x0000100f) fence.i
core   0: 3 0x80008648 (0x0000100f)
core   0: 0x8000864c (0x00278793) addi    a5, a5, 2
core   0: 3 0x8000864c (0x00278793) x15 0x0000000a
core   0: 0x80008650 (0x0ff0000f) fence   iorw,iorw
core   0: 3 0x80008650 (0x0ff0000f)
core   0: 0x80008654 (0xb9144293) xori    t0, s0, -1135
core   0: 3 0x80008654 (0xb9144293) x 5 0xfffffb91
core   0: 0x80008658 (0x008b86b3) add     a3, s7, s0
core   0: 3 0x80008658 (0x008b86b3) x13 0x80024e58
core   0: 0x8000865c (0x00000013) nop
core   0: 3 0x8000865c (0x00000013)
core   0: 0x80008660 (0xaa508913) addi    s2, ra, -1371
core   0: 3 0x80008660 (0xaa508913) x18 0xfffffa9c
core   0: 0x80008664 (0x41475133) sra     sp, a4, s4
core   0: 3 0x80008664 (0x41475133) x 2 0x00000000
core   0: 0x80008668 (0x00269213) slli    tp, a3, 2
core   0: 3 0x80008668 (0x00269213) x 4 0x00093960
core   0: 0x8000866c (0x01475193) srli    gp, a4, 20
core   0: 3 0x8000866c (0x01475193) x 3 0x00000000
core   0: 0x80008670 (0x0ff0000f) fence   iorw,iorw
core   0: 3 0x80008670 (0x0ff0000f)
core   0: 0x80008674 (0xfa779ee3) bne     a5, t2, pc - 68
core   0: 3 0x80008674 (0xfa779ee3)
core   0: 0x80008630 (0xff9c2e13) slti    t3, s8, -7
core   0: 3 0x80008630 (0xff9c2e13) x28 0x00000000
core   0: 0x80008634 (0x1dc03d93) sltiu   s11, zero, 476
core   0: 3 0x80008634 (0x1dc03d93) x27 0x00000001
core   0: 0x80008638 (0x40b65a33) sra     s4, a2, a1
core   0: 3 0x80008638 (0x40b65a33) x20 0xffffffe4
core   0: 0x8000863c (0xb03a0213) addi    tp, s4, -1277
core   0: 3 0x8000863c (0xb03a0213) x 4 0xfffffae7
core   0: 0x80008640 (0x00000013) nop
core   0: 3 0x80008640 (0x00000013)
core   0: 0x80008644 (0x05198c13) addi    s8, s3, 81
core   0: 3 0x80008644 (0x05198c13) x24 0x00000051
core   0: 0x80008648 (0x0000100f) fence.i
core   0: 3 0x80008648 (0x0000100f)
core   0: 0x8000864c (0x00278793) addi    a5, a5, 2
core   0: 3 0x8000864c (0x00278793) x15 0x0000000c
core   0: 0x80008650 (0x0ff0000f) fence   iorw,iorw
core   0: 3 0x80008650 (0x0ff0000f)
core   0: 0x80008654 (0xb9144293) xori    t0, s0, -1135
core   0: 3 0x80008654 (0xb9144293) x 5 0xfffffb91
core   0: 0x80008658 (0x008b86b3) add     a3, s7, s0
core   0: 3 0x80008658 (0x008b86b3) x13 0x80024e58
core   0: 0x8000865c (0x00000013) nop
core   0: 3 0x8000865c (0x00000013)
core   0: 0x80008660 (0xaa508913) addi    s2, ra, -1371
core   0: 3 0x80008660 (0xaa508913) x18 0xfffffa9c
core   0: 0x80008664 (0x41475133) sra     sp, a4, s4
core   0: 3 0x80008664 (0x41475133) x 2 0x00000000
core   0: 0x80008668 (0x00269213) slli    tp, a3, 2
core   0: 3 0x80008668 (0x00269213) x 4 0x00093960
core   0: 0x8000866c (0x01475193) srli    gp, a4, 20
core   0: 3 0x8000866c (0x01475193) x 3 0x00000000
core   0: 0x80008670 (0x0ff0000f) fence   iorw,iorw
core   0: 3 0x80008670 (0x0ff0000f)
core   0: 0x80008674 (0xfa779ee3) bne     a5, t2, pc - 68
core   0: 3 0x80008674 (0xfa779ee3)
core   0: 0x80008630 (0xff9c2e13) slti    t3, s8, -7
core   0: 3 0x80008630 (0xff9c2e13) x28 0x00000000
core   0: 0x80008634 (0x1dc03d93) sltiu   s11, zero, 476
core   0: 3 0x80008634 (0x1dc03d93) x27 0x00000001
core   0: 0x80008638 (0x40b65a33) sra     s4, a2, a1
core   0: 3 0x80008638 (0x40b65a33) x20 0xffffffe4
core   0: 0x8000863c (0xb03a0213) addi    tp, s4, -1277
core   0: 3 0x8000863c (0xb03a0213) x 4 0xfffffae7
core   0: 0x80008640 (0x00000013) nop
core   0: 3 0x80008640 (0x00000013)
core   0: 0x80008644 (0x05198c13) addi    s8, s3, 81
core   0: 3 0x80008644 (0x05198c13) x24 0x00000051
core   0: 0x80008648 (0x0000100f) fence.i
core   0: 3 0x80008648 (0x0000100f)
core   0: 0x8000864c (0x00278793) addi    a5, a5, 2
core   0: 3 0x8000864c (0x00278793) x15 0x0000000e
core   0: 0x80008650 (0x0ff0000f) fence   iorw,iorw
core   0: 3 0x80008650 (0x0ff0000f)
core   0: 0x80008654 (0xb9144293) xori    t0, s0, -1135
core   0: 3 0x80008654 (0xb9144293) x 5 0xfffffb91
core   0: 0x80008658 (0x008b86b3) add     a3, s7, s0
core   0: 3 0x80008658 (0x008b86b3) x13 0x80024e58
core   0: 0x8000865c (0x00000013) nop
core   0: 3 0x8000865c (0x00000013)
core   0: 0x80008660 (0xaa508913) addi    s2, ra, -1371
core   0: 3 0x80008660 (0xaa508913) x18 0xfffffa9c
core   0: 0x80008664 (0x41475133) sra     sp, a4, s4
core   0: 3 0x80008664 (0x41475133) x 2 0x00000000
core   0: 0x80008668 (0x00269213) slli    tp, a3, 2
core   0: 3 0x80008668 (0x00269213) x 4 0x00093960
core   0: 0x8000866c (0x01475193) srli    gp, a4, 20
core   0: 3 0x8000866c (0x01475193) x 3 0x00000000
core   0: 0x80008670 (0x0ff0000f) fence   iorw,iorw
core   0: 3 0x80008670 (0x0ff0000f)
core   0: 0x80008674 (0xfa779ee3) bne     a5, t2, pc - 68
core   0: 3 0x80008674 (0xfa779ee3)
core   0: 0x80008630 (0xff9c2e13) slti    t3, s8, -7
core   0: 3 0x80008630 (0xff9c2e13) x28 0x00000000
core   0: 0x80008634 (0x1dc03d93) sltiu   s11, zero, 476
core   0: 3 0x80008634 (0x1dc03d93) x27 0x00000001
core   0: 0x80008638 (0x40b65a33) sra     s4, a2, a1
core   0: 3 0x80008638 (0x40b65a33) x20 0xffffffe4
core   0: 0x8000863c (0xb03a0213) addi    tp, s4, -1277
core   0: 3 0x8000863c (0xb03a0213) x 4 0xfffffae7
core   0: 0x80008640 (0x00000013) nop
core   0: 3 0x80008640 (0x00000013)
core   0: 0x80008644 (0x05198c13) addi    s8, s3, 81
core   0: 3 0x80008644 (0x05198c13) x24 0x00000051
core   0: 0x80008648 (0x0000100f) fence.i
core   0: 3 0x80008648 (0x0000100f)
core   0: 0x8000864c (0x00278793) addi    a5, a5, 2
core   0: 3 0x8000864c (0x00278793) x15 0x00000010
core   0: 0x80008650 (0x0ff0000f) fence   iorw,iorw
core   0: 3 0x80008650 (0x0ff0000f)
core   0: 0x80008654 (0xb9144293) xori    t0, s0, -1135
core   0: 3 0x80008654 (0xb9144293) x 5 0xfffffb91
core   0: 0x80008658 (0x008b86b3) add     a3, s7, s0
core   0: 3 0x80008658 (0x008b86b3) x13 0x80024e58
core   0: 0x8000865c (0x00000013) nop
core   0: 3 0x8000865c (0x00000013)
core   0: 0x80008660 (0xaa508913) addi    s2, ra, -1371
core   0: 3 0x80008660 (0xaa508913) x18 0xfffffa9c
core   0: 0x80008664 (0x41475133) sra     sp, a4, s4
core   0: 3 0x80008664 (0x41475133) x 2 0x00000000
core   0: 0x80008668 (0x00269213) slli    tp, a3, 2
core   0: 3 0x80008668 (0x00269213) x 4 0x00093960
core   0: 0x8000866c (0x01475193) srli    gp, a4, 20
core   0: 3 0x8000866c (0x01475193) x 3 0x00000000
core   0: 0x80008670 (0x0ff0000f) fence   iorw,iorw
core   0: 3 0x80008670 (0x0ff0000f)
core   0: 0x80008674 (0xfa779ee3) bne     a5, t2, pc - 68
core   0: 3 0x80008674 (0xfa779ee3)
core   0: 0x80008678 (0x010ef5b3) and     a1, t4, a6
core   0: 3 0x80008678 (0x010ef5b3) x11 0x00000000
core   0: 0x8000867c (0xff600793) li      a5, -10
core   0: 3 0x8000867c (0xff600793) x15 0xfffffff6
core   0: 0x80008680 (0xff700093) li      ra, -9
core   0: 3 0x80008680 (0xff700093) x 1 0xfffffff7
core   0: 0x80008684 (0xda4db513) sltiu   a0, s11, -604
core   0: 3 0x80008684 (0xda4db513) x10 0x00000001
core   0: 0x80008688 (0x6ed4f837) lui     a6, 0x6ed4f
core   0: 3 0x80008688 (0x6ed4f837) x16 0x6ed4f000
core   0: 0x8000868c (0x00178793) addi    a5, a5, 1
core   0: 3 0x8000868c (0x00178793) x15 0xfffffff7
core   0: 0x80008690 (0x00100e13) li      t3, 1
core   0: 3 0x80008690 (0x00100e13) x28 0x00000001
core   0: 0x80008694 (0xb35c7313) andi    t1, s8, -1227
core   0: 3 0x80008694 (0xb35c7313) x 6 0x00000011
core   0: 0x80008698 (0x00b00a13) li      s4, 11
core   0: 3 0x80008698 (0x00b00a13) x20 0x0000000b
core   0: 0x8000869c (0x8216e893) ori     a7, a3, -2015
core   0: 3 0x8000869c (0x8216e893) x17 0xfffffe79
core   0: 0x800086a0 (0x00763233) sltu    tp, a2, t2
core   0: 3 0x800086a0 (0x00763233) x 4 0x00000000
core   0: 0x800086a4 (0x00ae0e13) addi    t3, t3, 10
core   0: 3 0x800086a4 (0x00ae0e13) x28 0x0000000b
core   0: 0x800086a8 (0x00fe3d33) sltu    s10, t3, a5
core   0: 3 0x800086a8 (0x00fe3d33) x26 0x00000001
core   0: 0x800086ac (0xff4e1ae3) bne     t3, s4, pc - 12
core   0: 3 0x800086ac (0xff4e1ae3)
core   0: 0x800086b0 (0x00a7bcb3) sltu    s9, a5, a0
core   0: 3 0x800086b0 (0x00a7bcb3) x25 0x00000000
core   0: 0x800086b4 (0xfc17c8e3) blt     a5, ra, pc - 48
core   0: 3 0x800086b4 (0xfc17c8e3)
core   0: 0x800086b8 (0x72a53437) lui     s0, 0x72a53
core   0: 3 0x800086b8 (0x72a53437) x 8 0x72a53000
core   0: 0x800086bc (0xff700793) li      a5, -9
core   0: 3 0x800086bc (0xff700793) x15 0xfffffff7
core   0: 0x800086c0 (0x41a056b3) sra     a3, zero, s10
core   0: 3 0x800086c0 (0x41a056b3) x13 0x00000000
core   0: 0x800086c4 (0x003e32b3) sltu    t0, t3, gp
core   0: 3 0x800086c4 (0x003e32b3) x 5 0x00000000
core   0: 0x800086c8 (0x0000100f) fence.i
core   0: 3 0x800086c8 (0x0000100f)
core   0: 0x800086cc (0x01739013) slli    zero, t2, 23
core   0: 3 0x800086cc (0x01739013)
core   0: 0x800086d0 (0x40995e33) sra     t3, s2, s1
core   0: 3 0x800086d0 (0x40995e33) x28 0xffffffa9
core   0: 0x800086d4 (0x00000b13) li      s6, 0
core   0: 3 0x800086d4 (0x00000b13) x22 0x00000000
core   0: 0x800086d8 (0x00418eb3) add     t4, gp, tp
core   0: 3 0x800086d8 (0x00418eb3) x29 0x00000000
core   0: 0x800086dc (0x00691c13) slli    s8, s2, 6
core   0: 3 0x800086dc (0x00691c13) x24 0xfffea700
core   0: 0x800086e0 (0x41e35393) srai    t2, t1, 30
core   0: 3 0x800086e0 (0x41e35393) x 7 0x00000000
core   0: 0x800086e4 (0x0ff0000f) fence   iorw,iorw
core   0: 3 0x800086e4 (0x0ff0000f)
core   0: 0x800086e8 (0x00d2edb3) or      s11, t0, a3
core   0: 3 0x800086e8 (0x00d2edb3) x27 0x00000000
core   0: 0x800086ec (0x01820433) add     s0, tp, s8
core   0: 3 0x800086ec (0x01820433) x 8 0xfffea700
core   0: 0x800086f0 (0x41005e93) srai    t4, zero, 16
core   0: 3 0x800086f0 (0x41005e93) x29 0x00000000
core   0: 0x800086f4 (0x00178793) addi    a5, a5, 1
core   0: 3 0x800086f4 (0x00178793) x15 0xfffffff8
core   0: 0x800086f8 (0x0008d313) srli    t1, a7, 0
core   0: 3 0x800086f8 (0x0008d313) x 6 0xfffffe79
core   0: 0x800086fc (0x01a973b3) and     t2, s2, s10
core   0: 3 0x800086fc (0x01a973b3) x 7 0x00000000
core   0: 0x80008700 (0x00000013) nop
core   0: 3 0x80008700 (0x00000013)
core   0: 0x80008704 (0x00c6e3b3) or      t2, a3, a2
core   0: 3 0x80008704 (0x00c6e3b3) x 7 0xffe4a694
core   0: 0x80008708 (0x4b70c513) xori    a0, ra, 1207
core   0: 3 0x80008708 (0x4b70c513) x10 0xfffffb40
core   0: 0x8000870c (0x394a8c97) auipc   s9, 0x394a8
core   0: 3 0x8000870c (0x394a8c97) x25 0xb94b070c
core   0: 0x80008710 (0xf7802a13) slti    s4, zero, -136
core   0: 3 0x80008710 (0xf7802a13) x20 0x00000000
core   0: 0x80008714 (0xb0c93097) auipc   ra, 0xb0c93
core   0: 3 0x80008714 (0xb0c93097) x 1 0x30c9b714
core   0: 0x80008718 (0x00000013) nop
core   0: 3 0x80008718 (0x00000013)
core   0: 0x8000871c (0xfd6796e3) bne     a5, s6, pc - 52
core   0: 3 0x8000871c (0xfd6796e3)
core   0: 0x800086e8 (0x00d2edb3) or      s11, t0, a3
core   0: 3 0x800086e8 (0x00d2edb3) x27 0x00000000
core   0: 0x800086ec (0x01820433) add     s0, tp, s8
core   0: 3 0x800086ec (0x01820433) x 8 0xfffea700
core   0: 0x800086f0 (0x41005e93) srai    t4, zero, 16
core   0: 3 0x800086f0 (0x41005e93) x29 0x00000000
core   0: 0x800086f4 (0x00178793) addi    a5, a5, 1
core   0: 3 0x800086f4 (0x00178793) x15 0xfffffff9
core   0: 0x800086f8 (0x0008d313) srli    t1, a7, 0
core   0: 3 0x800086f8 (0x0008d313) x 6 0xfffffe79
core   0: 0x800086fc (0x01a973b3) and     t2, s2, s10
core   0: 3 0x800086fc (0x01a973b3) x 7 0x00000000
core   0: 0x80008700 (0x00000013) nop
core   0: 3 0x80008700 (0x00000013)
core   0: 0x80008704 (0x00c6e3b3) or      t2, a3, a2
core   0: 3 0x80008704 (0x00c6e3b3) x 7 0xffe4a694
core   0: 0x80008708 (0x4b70c513) xori    a0, ra, 1207
core   0: 3 0x80008708 (0x4b70c513) x10 0x30c9b3a3
core   0: 0x8000870c (0x394a8c97) auipc   s9, 0x394a8
core   0: 3 0x8000870c (0x394a8c97) x25 0xb94b070c
core   0: 0x80008710 (0xf7802a13) slti    s4, zero, -136
core   0: 3 0x80008710 (0xf7802a13) x20 0x00000000
core   0: 0x80008714 (0xb0c93097) auipc   ra, 0xb0c93
core   0: 3 0x80008714 (0xb0c93097) x 1 0x30c9b714
core   0: 0x80008718 (0x00000013) nop
core   0: 3 0x80008718 (0x00000013)
core   0: 0x8000871c (0xfd6796e3) bne     a5, s6, pc - 52
core   0: 3 0x8000871c (0xfd6796e3)
core   0: 0x800086e8 (0x00d2edb3) or      s11, t0, a3
core   0: 3 0x800086e8 (0x00d2edb3) x27 0x00000000
core   0: 0x800086ec (0x01820433) add     s0, tp, s8
core   0: 3 0x800086ec (0x01820433) x 8 0xfffea700
core   0: 0x800086f0 (0x41005e93) srai    t4, zero, 16
core   0: 3 0x800086f0 (0x41005e93) x29 0x00000000
core   0: 0x800086f4 (0x00178793) addi    a5, a5, 1
core   0: 3 0x800086f4 (0x00178793) x15 0xfffffffa
core   0: 0x800086f8 (0x0008d313) srli    t1, a7, 0
core   0: 3 0x800086f8 (0x0008d313) x 6 0xfffffe79
core   0: 0x800086fc (0x01a973b3) and     t2, s2, s10
core   0: 3 0x800086fc (0x01a973b3) x 7 0x00000000
core   0: 0x80008700 (0x00000013) nop
core   0: 3 0x80008700 (0x00000013)
core   0: 0x80008704 (0x00c6e3b3) or      t2, a3, a2
core   0: 3 0x80008704 (0x00c6e3b3) x 7 0xffe4a694
core   0: 0x80008708 (0x4b70c513) xori    a0, ra, 1207
core   0: 3 0x80008708 (0x4b70c513) x10 0x30c9b3a3
core   0: 0x8000870c (0x394a8c97) auipc   s9, 0x394a8
core   0: 3 0x8000870c (0x394a8c97) x25 0xb94b070c
core   0: 0x80008710 (0xf7802a13) slti    s4, zero, -136
core   0: 3 0x80008710 (0xf7802a13) x20 0x00000000
core   0: 0x80008714 (0xb0c93097) auipc   ra, 0xb0c93
core   0: 3 0x80008714 (0xb0c93097) x 1 0x30c9b714
core   0: 0x80008718 (0x00000013) nop
core   0: 3 0x80008718 (0x00000013)
core   0: 0x8000871c (0xfd6796e3) bne     a5, s6, pc - 52
core   0: 3 0x8000871c (0xfd6796e3)
core   0: 0x800086e8 (0x00d2edb3) or      s11, t0, a3
core   0: 3 0x800086e8 (0x00d2edb3) x27 0x00000000
core   0: 0x800086ec (0x01820433) add     s0, tp, s8
core   0: 3 0x800086ec (0x01820433) x 8 0xfffea700
core   0: 0x800086f0 (0x41005e93) srai    t4, zero, 16
core   0: 3 0x800086f0 (0x41005e93) x29 0x00000000
core   0: 0x800086f4 (0x00178793) addi    a5, a5, 1
core   0: 3 0x800086f4 (0x00178793) x15 0xfffffffb
core   0: 0x800086f8 (0x0008d313) srli    t1, a7, 0
core   0: 3 0x800086f8 (0x0008d313) x 6 0xfffffe79
core   0: 0x800086fc (0x01a973b3) and     t2, s2, s10
core   0: 3 0x800086fc (0x01a973b3) x 7 0x00000000
core   0: 0x80008700 (0x00000013) nop
core   0: 3 0x80008700 (0x00000013)
core   0: 0x80008704 (0x00c6e3b3) or      t2, a3, a2
core   0: 3 0x80008704 (0x00c6e3b3) x 7 0xffe4a694
core   0: 0x80008708 (0x4b70c513) xori    a0, ra, 1207
core   0: 3 0x80008708 (0x4b70c513) x10 0x30c9b3a3
core   0: 0x8000870c (0x394a8c97) auipc   s9, 0x394a8
core   0: 3 0x8000870c (0x394a8c97) x25 0xb94b070c
core   0: 0x80008710 (0xf7802a13) slti    s4, zero, -136
core   0: 3 0x80008710 (0xf7802a13) x20 0x00000000
core   0: 0x80008714 (0xb0c93097) auipc   ra, 0xb0c93
core   0: 3 0x80008714 (0xb0c93097) x 1 0x30c9b714
core   0: 0x80008718 (0x00000013) nop
core   0: 3 0x80008718 (0x00000013)
core   0: 0x8000871c (0xfd6796e3) bne     a5, s6, pc - 52
core   0: 3 0x8000871c (0xfd6796e3)
core   0: 0x800086e8 (0x00d2edb3) or      s11, t0, a3
core   0: 3 0x800086e8 (0x00d2edb3) x27 0x00000000
core   0: 0x800086ec (0x01820433) add     s0, tp, s8
core   0: 3 0x800086ec (0x01820433) x 8 0xfffea700
core   0: 0x800086f0 (0x41005e93) srai    t4, zero, 16
core   0: 3 0x800086f0 (0x41005e93) x29 0x00000000
core   0: 0x800086f4 (0x00178793) addi    a5, a5, 1
core   0: 3 0x800086f4 (0x00178793) x15 0xfffffffc
core   0: 0x800086f8 (0x0008d313) srli    t1, a7, 0
core   0: 3 0x800086f8 (0x0008d313) x 6 0xfffffe79
core   0: 0x800086fc (0x01a973b3) and     t2, s2, s10
core   0: 3 0x800086fc (0x01a973b3) x 7 0x00000000
core   0: 0x80008700 (0x00000013) nop
core   0: 3 0x80008700 (0x00000013)
core   0: 0x80008704 (0x00c6e3b3) or      t2, a3, a2
core   0: 3 0x80008704 (0x00c6e3b3) x 7 0xffe4a694
core   0: 0x80008708 (0x4b70c513) xori    a0, ra, 1207
core   0: 3 0x80008708 (0x4b70c513) x10 0x30c9b3a3
core   0: 0x8000870c (0x394a8c97) auipc   s9, 0x394a8
core   0: 3 0x8000870c (0x394a8c97) x25 0xb94b070c
core   0: 0x80008710 (0xf7802a13) slti    s4, zero, -136
core   0: 3 0x80008710 (0xf7802a13) x20 0x00000000
core   0: 0x80008714 (0xb0c93097) auipc   ra, 0xb0c93
core   0: 3 0x80008714 (0xb0c93097) x 1 0x30c9b714
core   0: 0x80008718 (0x00000013) nop
core   0: 3 0x80008718 (0x00000013)
core   0: 0x8000871c (0xfd6796e3) bne     a5, s6, pc - 52
core   0: 3 0x8000871c (0xfd6796e3)
core   0: 0x800086e8 (0x00d2edb3) or      s11, t0, a3
core   0: 3 0x800086e8 (0x00d2edb3) x27 0x00000000
core   0: 0x800086ec (0x01820433) add     s0, tp, s8
core   0: 3 0x800086ec (0x01820433) x 8 0xfffea700
core   0: 0x800086f0 (0x41005e93) srai    t4, zero, 16
core   0: 3 0x800086f0 (0x41005e93) x29 0x00000000
core   0: 0x800086f4 (0x00178793) addi    a5, a5, 1
core   0: 3 0x800086f4 (0x00178793) x15 0xfffffffd
core   0: 0x800086f8 (0x0008d313) srli    t1, a7, 0
core   0: 3 0x800086f8 (0x0008d313) x 6 0xfffffe79
core   0: 0x800086fc (0x01a973b3) and     t2, s2, s10
core   0: 3 0x800086fc (0x01a973b3) x 7 0x00000000
core   0: 0x80008700 (0x00000013) nop
core   0: 3 0x80008700 (0x00000013)
core   0: 0x80008704 (0x00c6e3b3) or      t2, a3, a2
core   0: 3 0x80008704 (0x00c6e3b3) x 7 0xffe4a694
core   0: 0x80008708 (0x4b70c513) xori    a0, ra, 1207
core   0: 3 0x80008708 (0x4b70c513) x10 0x30c9b3a3
core   0: 0x8000870c (0x394a8c97) auipc   s9, 0x394a8
core   0: 3 0x8000870c (0x394a8c97) x25 0xb94b070c
core   0: 0x80008710 (0xf7802a13) slti    s4, zero, -136
core   0: 3 0x80008710 (0xf7802a13) x20 0x00000000
core   0: 0x80008714 (0xb0c93097) auipc   ra, 0xb0c93
core   0: 3 0x80008714 (0xb0c93097) x 1 0x30c9b714
core   0: 0x80008718 (0x00000013) nop
core   0: 3 0x80008718 (0x00000013)
core   0: 0x8000871c (0xfd6796e3) bne     a5, s6, pc - 52
core   0: 3 0x8000871c (0xfd6796e3)
core   0: 0x800086e8 (0x00d2edb3) or      s11, t0, a3
core   0: 3 0x800086e8 (0x00d2edb3) x27 0x00000000
core   0: 0x800086ec (0x01820433) add     s0, tp, s8
core   0: 3 0x800086ec (0x01820433) x 8 0xfffea700
core   0: 0x800086f0 (0x41005e93) srai    t4, zero, 16
core   0: 3 0x800086f0 (0x41005e93) x29 0x00000000
core   0: 0x800086f4 (0x00178793) addi    a5, a5, 1
core   0: 3 0x800086f4 (0x00178793) x15 0xfffffffe
core   0: 0x800086f8 (0x0008d313) srli    t1, a7, 0
core   0: 3 0x800086f8 (0x0008d313) x 6 0xfffffe79
core   0: 0x800086fc (0x01a973b3) and     t2, s2, s10
core   0: 3 0x800086fc (0x01a973b3) x 7 0x00000000
core   0: 0x80008700 (0x00000013) nop
core   0: 3 0x80008700 (0x00000013)
core   0: 0x80008704 (0x00c6e3b3) or      t2, a3, a2
core   0: 3 0x80008704 (0x00c6e3b3) x 7 0xffe4a694
core   0: 0x80008708 (0x4b70c513) xori    a0, ra, 1207
core   0: 3 0x80008708 (0x4b70c513) x10 0x30c9b3a3
core   0: 0x8000870c (0x394a8c97) auipc   s9, 0x394a8
core   0: 3 0x8000870c (0x394a8c97) x25 0xb94b070c
core   0: 0x80008710 (0xf7802a13) slti    s4, zero, -136
core   0: 3 0x80008710 (0xf7802a13) x20 0x00000000
core   0: 0x80008714 (0xb0c93097) auipc   ra, 0xb0c93
core   0: 3 0x80008714 (0xb0c93097) x 1 0x30c9b714
core   0: 0x80008718 (0x00000013) nop
core   0: 3 0x80008718 (0x00000013)
core   0: 0x8000871c (0xfd6796e3) bne     a5, s6, pc - 52
core   0: 3 0x8000871c (0xfd6796e3)
core   0: 0x800086e8 (0x00d2edb3) or      s11, t0, a3
core   0: 3 0x800086e8 (0x00d2edb3) x27 0x00000000
core   0: 0x800086ec (0x01820433) add     s0, tp, s8
core   0: 3 0x800086ec (0x01820433) x 8 0xfffea700
core   0: 0x800086f0 (0x41005e93) srai    t4, zero, 16
core   0: 3 0x800086f0 (0x41005e93) x29 0x00000000
core   0: 0x800086f4 (0x00178793) addi    a5, a5, 1
core   0: 3 0x800086f4 (0x00178793) x15 0xffffffff
core   0: 0x800086f8 (0x0008d313) srli    t1, a7, 0
core   0: 3 0x800086f8 (0x0008d313) x 6 0xfffffe79
core   0: 0x800086fc (0x01a973b3) and     t2, s2, s10
core   0: 3 0x800086fc (0x01a973b3) x 7 0x00000000
core   0: 0x80008700 (0x00000013) nop
core   0: 3 0x80008700 (0x00000013)
core   0: 0x80008704 (0x00c6e3b3) or      t2, a3, a2
core   0: 3 0x80008704 (0x00c6e3b3) x 7 0xffe4a694
core   0: 0x80008708 (0x4b70c513) xori    a0, ra, 1207
core   0: 3 0x80008708 (0x4b70c513) x10 0x30c9b3a3
core   0: 0x8000870c (0x394a8c97) auipc   s9, 0x394a8
core   0: 3 0x8000870c (0x394a8c97) x25 0xb94b070c
core   0: 0x80008710 (0xf7802a13) slti    s4, zero, -136
core   0: 3 0x80008710 (0xf7802a13) x20 0x00000000
core   0: 0x80008714 (0xb0c93097) auipc   ra, 0xb0c93
core   0: 3 0x80008714 (0xb0c93097) x 1 0x30c9b714
core   0: 0x80008718 (0x00000013) nop
core   0: 3 0x80008718 (0x00000013)
core   0: 0x8000871c (0xfd6796e3) bne     a5, s6, pc - 52
core   0: 3 0x8000871c (0xfd6796e3)
core   0: 0x800086e8 (0x00d2edb3) or      s11, t0, a3
core   0: 3 0x800086e8 (0x00d2edb3) x27 0x00000000
core   0: 0x800086ec (0x01820433) add     s0, tp, s8
core   0: 3 0x800086ec (0x01820433) x 8 0xfffea700
core   0: 0x800086f0 (0x41005e93) srai    t4, zero, 16
core   0: 3 0x800086f0 (0x41005e93) x29 0x00000000
core   0: 0x800086f4 (0x00178793) addi    a5, a5, 1
core   0: 3 0x800086f4 (0x00178793) x15 0x00000000
core   0: 0x800086f8 (0x0008d313) srli    t1, a7, 0
core   0: 3 0x800086f8 (0x0008d313) x 6 0xfffffe79
core   0: 0x800086fc (0x01a973b3) and     t2, s2, s10
core   0: 3 0x800086fc (0x01a973b3) x 7 0x00000000
core   0: 0x80008700 (0x00000013) nop
core   0: 3 0x80008700 (0x00000013)
core   0: 0x80008704 (0x00c6e3b3) or      t2, a3, a2
core   0: 3 0x80008704 (0x00c6e3b3) x 7 0xffe4a694
core   0: 0x80008708 (0x4b70c513) xori    a0, ra, 1207
core   0: 3 0x80008708 (0x4b70c513) x10 0x30c9b3a3
core   0: 0x8000870c (0x394a8c97) auipc   s9, 0x394a8
core   0: 3 0x8000870c (0x394a8c97) x25 0xb94b070c
core   0: 0x80008710 (0xf7802a13) slti    s4, zero, -136
core   0: 3 0x80008710 (0xf7802a13) x20 0x00000000
core   0: 0x80008714 (0xb0c93097) auipc   ra, 0xb0c93
core   0: 3 0x80008714 (0xb0c93097) x 1 0x30c9b714
core   0: 0x80008718 (0x00000013) nop
core   0: 3 0x80008718 (0x00000013)
core   0: 0x8000871c (0xfd6796e3) bne     a5, s6, pc - 52
core   0: 3 0x8000871c (0xfd6796e3)
core   0: 0x80008720 (0x1d113593) sltiu   a1, sp, 465
core   0: 3 0x80008720 (0x1d113593) x11 0x00000001
core   0: 0x80008724 (0x00700f13) li      t5, 7
core   0: 3 0x80008724 (0x00700f13) x30 0x00000007
core   0: 0x80008728 (0x41670cb3) sub     s9, a4, s6
core   0: 3 0x80008728 (0x41670cb3) x25 0x00000000
core   0: 0x8000872c (0x01200893) li      a7, 18
core   0: 3 0x8000872c (0x01200893) x17 0x00000012
core   0: 0x80008730 (0x005337b3) sltu    a5, t1, t0
core   0: 3 0x80008730 (0x005337b3) x15 0x00000000
core   0: 0x80008734 (0xa1834613) xori    a2, t1, -1512
core   0: 3 0x80008734 (0xa1834613) x12 0x00000461
core   0: 0x80008738 (0x4002d193) srai    gp, t0, 0
core   0: 3 0x80008738 (0x4002d193) x 3 0x00000000
core   0: 0x8000873c (0x00d81fb3) sll     t6, a6, a3
core   0: 3 0x8000873c (0x00d81fb3) x31 0x6ed4f000
core   0: 0x80008740 (0xb9db0613) addi    a2, s6, -1123
core   0: 3 0x80008740 (0xb9db0613) x12 0xfffffb9d
core   0: 0x80008744 (0x00004cb3) xor     s9, zero, zero
core   0: 3 0x80008744 (0x00004cb3) x25 0x00000000
core   0: 0x80008748 (0x003692b3) sll     t0, a3, gp
core   0: 3 0x80008748 (0x003692b3) x 5 0x00000000
core   0: 0x8000874c (0xcd728c93) addi    s9, t0, -809
core   0: 3 0x8000874c (0xcd728c93) x25 0xfffffcd7
core   0: 0x80008750 (0x41295393) srai    t2, s2, 18
core   0: 3 0x80008750 (0x41295393) x 7 0xffffffff
core   0: 0x80008754 (0x00a24433) xor     s0, tp, a0
core   0: 3 0x80008754 (0x00a24433) x 8 0x30c9b3a3
core   0: 0x80008758 (0x00000013) nop
core   0: 3 0x80008758 (0x00000013)
core   0: 0x8000875c (0xa7494413) xori    s0, s2, -1420
core   0: 3 0x8000875c (0xa7494413) x 8 0x000000e8
core   0: 0x80008760 (0x001f0f13) addi    t5, t5, 1
core   0: 3 0x80008760 (0x001f0f13) x30 0x00000008
core   0: 0x80008764 (0xb81a0e13) addi    t3, s4, -1151
core   0: 3 0x80008764 (0xb81a0e13) x28 0xfffffb81
core   0: 0x80008768 (0x7f242a17) auipc   s4, 0x7f242
core   0: 3 0x80008768 (0x7f242a17) x20 0xff24a768
core   0: 0x8000876c (0x00a00c13) li      s8, 10
core   0: 3 0x8000876c (0x00a00c13) x24 0x0000000a
core   0: 0x80008770 (0x00900093) li      ra, 9
core   0: 3 0x80008770 (0x00900093) x 1 0x00000009
core   0: 0x80008774 (0xea2db593) sltiu   a1, s11, -350
core   0: 3 0x80008774 (0xea2db593) x11 0x00000001
core   0: 0x80008778 (0x00921e33) sll     t3, tp, s1
core   0: 3 0x80008778 (0x00921e33) x28 0x00000000
core   0: 0x8000877c (0x3b912213) slti    tp, sp, 953
core   0: 3 0x8000877c (0x3b912213) x 4 0x00000001
core   0: 0x80008780 (0x01f92133) slt     sp, s2, t6
core   0: 3 0x80008780 (0x01f92133) x 2 0x00000001
core   0: 0x80008784 (0xfffc0c13) addi    s8, s8, -1
core   0: 3 0x80008784 (0xfffc0c13) x24 0x00000009
core   0: 0x80008788 (0x013e2b33) slt     s6, t3, s3
core   0: 3 0x80008788 (0x013e2b33) x22 0x00000000
core   0: 0x8000878c (0x89eb6413) ori     s0, s6, -1890
core   0: 3 0x8000878c (0x89eb6413) x 8 0xfffff89e
core   0: 0x80008790 (0xfe1c76e3) bgeu    s8, ra, pc - 20
core   0: 3 0x80008790 (0xfe1c76e3)
core   0: 0x8000877c (0x3b912213) slti    tp, sp, 953
core   0: 3 0x8000877c (0x3b912213) x 4 0x00000001
core   0: 0x80008780 (0x01f92133) slt     sp, s2, t6
core   0: 3 0x80008780 (0x01f92133) x 2 0x00000001
core   0: 0x80008784 (0xfffc0c13) addi    s8, s8, -1
core   0: 3 0x80008784 (0xfffc0c13) x24 0x00000008
core   0: 0x80008788 (0x013e2b33) slt     s6, t3, s3
core   0: 3 0x80008788 (0x013e2b33) x22 0x00000000
core   0: 0x8000878c (0x89eb6413) ori     s0, s6, -1890
core   0: 3 0x8000878c (0x89eb6413) x 8 0xfffff89e
core   0: 0x80008790 (0xfe1c76e3) bgeu    s8, ra, pc - 20
core   0: 3 0x80008790 (0xfe1c76e3)
core   0: 0x80008794 (0xfb1f06e3) beq     t5, a7, pc - 84
core   0: 3 0x80008794 (0xfb1f06e3)
core   0: 0x80008798 (0x688e2613) slti    a2, t3, 1672
core   0: 3 0x80008798 (0x688e2613) x12 0x00000001
core   0: 0x8000879c (0xffc00693) li      a3, -4
core   0: 3 0x8000879c (0xffc00693) x13 0xfffffffc
core   0: 0x800087a0 (0xcf55be17) auipc   t3, 0xcf55b
core   0: 3 0x800087a0 (0xcf55be17) x28 0x4f5637a0
core   0: 0x800087a4 (0x00b4ea33) or      s4, s1, a1
core   0: 3 0x800087a4 (0x00b4ea33) x20 0x80028ce5
core   0: 0x800087a8 (0xfff00993) li      s3, -1
core   0: 3 0x800087a8 (0xfff00993) x19 0xffffffff
core   0: 0x800087ac (0x00b6d093) srli    ra, a3, 11
core   0: 3 0x800087ac (0x00b6d093) x 1 0x001fffff
core   0: 0x800087b0 (0x0120cfb3) xor     t6, ra, s2
core   0: 3 0x800087b0 (0x0120cfb3) x31 0xffe00563
core   0: 0x800087b4 (0x00fdc033) xor     zero, s11, a5
core   0: 3 0x800087b4 (0x00fdc033)
core   0: 0x800087b8 (0x0ff0000f) fence   iorw,iorw
core   0: 3 0x800087b8 (0x0ff0000f)
core   0: 0x800087bc (0x4087d1b3) sra     gp, a5, s0
core   0: 3 0x800087bc (0x4087d1b3) x 3 0x00000000
core   0: 0x800087c0 (0x0000100f) fence.i
core   0: 3 0x800087c0 (0x0000100f)
core   0: 0x800087c4 (0x00168693) addi    a3, a3, 1
core   0: 3 0x800087c4 (0x00168693) x13 0xfffffffd
core   0: 0x800087c8 (0x00000013) nop
core   0: 3 0x800087c8 (0x00000013)
core   0: 0x800087cc (0x01619293) slli    t0, gp, 22
core   0: 3 0x800087cc (0x01619293) x 5 0x00000000
core   0: 0x800087d0 (0xff800593) li      a1, -8
core   0: 3 0x800087d0 (0xff800593) x11 0xfffffff8
core   0: 0x800087d4 (0x30d14893) xori    a7, sp, 781
core   0: 3 0x800087d4 (0x30d14893) x17 0x0000030c
core   0: 0x800087d8 (0x00b00b13) li      s6, 11
core   0: 3 0x800087d8 (0x00b00b13) x22 0x0000000b
core   0: 0x800087dc (0x53779a37) lui     s4, 0x53779
core   0: 3 0x800087dc (0x53779a37) x20 0x53779000
core   0: 0x800087e0 (0x014cc233) xor     tp, s9, s4
core   0: 3 0x800087e0 (0x014cc233) x 4 0xac886cd7
core   0: 0x800087e4 (0x011c0eb3) add     t4, s8, a7
core   0: 3 0x800087e4 (0x011c0eb3) x29 0x00000314
core   0: 0x800087e8 (0x4106cf93) xori    t6, a3, 1040
core   0: 3 0x800087e8 (0x4106cf93) x31 0xfffffbed
core   0: 0x800087ec (0x0000100f) fence.i
core   0: 3 0x800087ec (0x0000100f)
core   0: 0x800087f0 (0x00858593) addi    a1, a1, 8
core   0: 3 0x800087f0 (0x00858593) x11 0x00000000
core   0: 0x800087f4 (0xff65e8e3) bltu    a1, s6, pc - 16
core   0: 3 0x800087f4 (0xff65e8e3)
core   0: 0x800087e4 (0x011c0eb3) add     t4, s8, a7
core   0: 3 0x800087e4 (0x011c0eb3) x29 0x00000314
core   0: 0x800087e8 (0x4106cf93) xori    t6, a3, 1040
core   0: 3 0x800087e8 (0x4106cf93) x31 0xfffffbed
core   0: 0x800087ec (0x0000100f) fence.i
core   0: 3 0x800087ec (0x0000100f)
core   0: 0x800087f0 (0x00858593) addi    a1, a1, 8
core   0: 3 0x800087f0 (0x00858593) x11 0x00000008
core   0: 0x800087f4 (0xff65e8e3) bltu    a1, s6, pc - 16
core   0: 3 0x800087f4 (0xff65e8e3)
core   0: 0x800087e4 (0x011c0eb3) add     t4, s8, a7
core   0: 3 0x800087e4 (0x011c0eb3) x29 0x00000314
core   0: 0x800087e8 (0x4106cf93) xori    t6, a3, 1040
core   0: 3 0x800087e8 (0x4106cf93) x31 0xfffffbed
core   0: 0x800087ec (0x0000100f) fence.i
core   0: 3 0x800087ec (0x0000100f)
core   0: 0x800087f0 (0x00858593) addi    a1, a1, 8
core   0: 3 0x800087f0 (0x00858593) x11 0x00000010
core   0: 0x800087f4 (0xff65e8e3) bltu    a1, s6, pc - 16
core   0: 3 0x800087f4 (0xff65e8e3)
core   0: 0x800087f8 (0x00000013) nop
core   0: 3 0x800087f8 (0x00000013)
core   0: 0x800087fc (0xfb36cae3) blt     a3, s3, pc - 76
core   0: 3 0x800087fc (0xfb36cae3)
core   0: 0x800087b0 (0x0120cfb3) xor     t6, ra, s2
core   0: 3 0x800087b0 (0x0120cfb3) x31 0xffe00563
core   0: 0x800087b4 (0x00fdc033) xor     zero, s11, a5
core   0: 3 0x800087b4 (0x00fdc033)
core   0: 0x800087b8 (0x0ff0000f) fence   iorw,iorw
core   0: 3 0x800087b8 (0x0ff0000f)
core   0: 0x800087bc (0x4087d1b3) sra     gp, a5, s0
core   0: 3 0x800087bc (0x4087d1b3) x 3 0x00000000
core   0: 0x800087c0 (0x0000100f) fence.i
core   0: 3 0x800087c0 (0x0000100f)
core   0: 0x800087c4 (0x00168693) addi    a3, a3, 1
core   0: 3 0x800087c4 (0x00168693) x13 0xfffffffe
core   0: 0x800087c8 (0x00000013) nop
core   0: 3 0x800087c8 (0x00000013)
core   0: 0x800087cc (0x01619293) slli    t0, gp, 22
core   0: 3 0x800087cc (0x01619293) x 5 0x00000000
core   0: 0x800087d0 (0xff800593) li      a1, -8
core   0: 3 0x800087d0 (0xff800593) x11 0xfffffff8
core   0: 0x800087d4 (0x30d14893) xori    a7, sp, 781
core   0: 3 0x800087d4 (0x30d14893) x17 0x0000030c
core   0: 0x800087d8 (0x00b00b13) li      s6, 11
core   0: 3 0x800087d8 (0x00b00b13) x22 0x0000000b
core   0: 0x800087dc (0x53779a37) lui     s4, 0x53779
core   0: 3 0x800087dc (0x53779a37) x20 0x53779000
core   0: 0x800087e0 (0x014cc233) xor     tp, s9, s4
core   0: 3 0x800087e0 (0x014cc233) x 4 0xac886cd7
core   0: 0x800087e4 (0x011c0eb3) add     t4, s8, a7
core   0: 3 0x800087e4 (0x011c0eb3) x29 0x00000314
core   0: 0x800087e8 (0x4106cf93) xori    t6, a3, 1040
core   0: 3 0x800087e8 (0x4106cf93) x31 0xfffffbee
core   0: 0x800087ec (0x0000100f) fence.i
core   0: 3 0x800087ec (0x0000100f)
core   0: 0x800087f0 (0x00858593) addi    a1, a1, 8
core   0: 3 0x800087f0 (0x00858593) x11 0x00000000
core   0: 0x800087f4 (0xff65e8e3) bltu    a1, s6, pc - 16
core   0: 3 0x800087f4 (0xff65e8e3)
core   0: 0x800087e4 (0x011c0eb3) add     t4, s8, a7
core   0: 3 0x800087e4 (0x011c0eb3) x29 0x00000314
core   0: 0x800087e8 (0x4106cf93) xori    t6, a3, 1040
core   0: 3 0x800087e8 (0x4106cf93) x31 0xfffffbee
core   0: 0x800087ec (0x0000100f) fence.i
core   0: 3 0x800087ec (0x0000100f)
core   0: 0x800087f0 (0x00858593) addi    a1, a1, 8
core   0: 3 0x800087f0 (0x00858593) x11 0x00000008
core   0: 0x800087f4 (0xff65e8e3) bltu    a1, s6, pc - 16
core   0: 3 0x800087f4 (0xff65e8e3)
core   0: 0x800087e4 (0x011c0eb3) add     t4, s8, a7
core   0: 3 0x800087e4 (0x011c0eb3) x29 0x00000314
core   0: 0x800087e8 (0x4106cf93) xori    t6, a3, 1040
core   0: 3 0x800087e8 (0x4106cf93) x31 0xfffffbee
core   0: 0x800087ec (0x0000100f) fence.i
core   0: 3 0x800087ec (0x0000100f)
core   0: 0x800087f0 (0x00858593) addi    a1, a1, 8
core   0: 3 0x800087f0 (0x00858593) x11 0x00000010
core   0: 0x800087f4 (0xff65e8e3) bltu    a1, s6, pc - 16
core   0: 3 0x800087f4 (0xff65e8e3)
core   0: 0x800087f8 (0x00000013) nop
core   0: 3 0x800087f8 (0x00000013)
core   0: 0x800087fc (0xfb36cae3) blt     a3, s3, pc - 76
core   0: 3 0x800087fc (0xfb36cae3)
core   0: 0x800087b0 (0x0120cfb3) xor     t6, ra, s2
core   0: 3 0x800087b0 (0x0120cfb3) x31 0xffe00563
core   0: 0x800087b4 (0x00fdc033) xor     zero, s11, a5
core   0: 3 0x800087b4 (0x00fdc033)
core   0: 0x800087b8 (0x0ff0000f) fence   iorw,iorw
core   0: 3 0x800087b8 (0x0ff0000f)
core   0: 0x800087bc (0x4087d1b3) sra     gp, a5, s0
core   0: 3 0x800087bc (0x4087d1b3) x 3 0x00000000
core   0: 0x800087c0 (0x0000100f) fence.i
core   0: 3 0x800087c0 (0x0000100f)
core   0: 0x800087c4 (0x00168693) addi    a3, a3, 1
core   0: 3 0x800087c4 (0x00168693) x13 0xffffffff
core   0: 0x800087c8 (0x00000013) nop
core   0: 3 0x800087c8 (0x00000013)
core   0: 0x800087cc (0x01619293) slli    t0, gp, 22
core   0: 3 0x800087cc (0x01619293) x 5 0x00000000
core   0: 0x800087d0 (0xff800593) li      a1, -8
core   0: 3 0x800087d0 (0xff800593) x11 0xfffffff8
core   0: 0x800087d4 (0x30d14893) xori    a7, sp, 781
core   0: 3 0x800087d4 (0x30d14893) x17 0x0000030c
core   0: 0x800087d8 (0x00b00b13) li      s6, 11
core   0: 3 0x800087d8 (0x00b00b13) x22 0x0000000b
core   0: 0x800087dc (0x53779a37) lui     s4, 0x53779
core   0: 3 0x800087dc (0x53779a37) x20 0x53779000
core   0: 0x800087e0 (0x014cc233) xor     tp, s9, s4
core   0: 3 0x800087e0 (0x014cc233) x 4 0xac886cd7
core   0: 0x800087e4 (0x011c0eb3) add     t4, s8, a7
core   0: 3 0x800087e4 (0x011c0eb3) x29 0x00000314
core   0: 0x800087e8 (0x4106cf93) xori    t6, a3, 1040
core   0: 3 0x800087e8 (0x4106cf93) x31 0xfffffbef
core   0: 0x800087ec (0x0000100f) fence.i
core   0: 3 0x800087ec (0x0000100f)
core   0: 0x800087f0 (0x00858593) addi    a1, a1, 8
core   0: 3 0x800087f0 (0x00858593) x11 0x00000000
core   0: 0x800087f4 (0xff65e8e3) bltu    a1, s6, pc - 16
core   0: 3 0x800087f4 (0xff65e8e3)
core   0: 0x800087e4 (0x011c0eb3) add     t4, s8, a7
core   0: 3 0x800087e4 (0x011c0eb3) x29 0x00000314
core   0: 0x800087e8 (0x4106cf93) xori    t6, a3, 1040
core   0: 3 0x800087e8 (0x4106cf93) x31 0xfffffbef
core   0: 0x800087ec (0x0000100f) fence.i
core   0: 3 0x800087ec (0x0000100f)
core   0: 0x800087f0 (0x00858593) addi    a1, a1, 8
core   0: 3 0x800087f0 (0x00858593) x11 0x00000008
core   0: 0x800087f4 (0xff65e8e3) bltu    a1, s6, pc - 16
core   0: 3 0x800087f4 (0xff65e8e3)
core   0: 0x800087e4 (0x011c0eb3) add     t4, s8, a7
core   0: 3 0x800087e4 (0x011c0eb3) x29 0x00000314
core   0: 0x800087e8 (0x4106cf93) xori    t6, a3, 1040
core   0: 3 0x800087e8 (0x4106cf93) x31 0xfffffbef
core   0: 0x800087ec (0x0000100f) fence.i
core   0: 3 0x800087ec (0x0000100f)
core   0: 0x800087f0 (0x00858593) addi    a1, a1, 8
core   0: 3 0x800087f0 (0x00858593) x11 0x00000010
core   0: 0x800087f4 (0xff65e8e3) bltu    a1, s6, pc - 16
core   0: 3 0x800087f4 (0xff65e8e3)
core   0: 0x800087f8 (0x00000013) nop
core   0: 3 0x800087f8 (0x00000013)
core   0: 0x800087fc (0xfb36cae3) blt     a3, s3, pc - 76
core   0: 3 0x800087fc (0xfb36cae3)
core   0: 0x80008800 (0x41d65833) sra     a6, a2, t4
core   0: 3 0x80008800 (0x41d65833) x16 0x00000000
core   0: 0x80008804 (0xffb00693) li      a3, -5
core   0: 3 0x80008804 (0xffb00693) x13 0xfffffffb
core   0: 0x80008808 (0x0000100f) fence.i
core   0: 3 0x80008808 (0x0000100f)
core   0: 0x8000880c (0x009b8b33) add     s6, s7, s1
core   0: 3 0x8000880c (0x009b8b33) x22 0x0004db3c
core   0: 0x80008810 (0xcfcd8393) addi    t2, s11, -772
core   0: 3 0x80008810 (0xcfcd8393) x 7 0xfffffcfc
core   0: 0x80008814 (0xa32b5f97) auipc   t6, 0xa32b5
core   0: 3 0x80008814 (0xa32b5f97) x31 0x232bd814
core   0: 0x80008818 (0xffc00813) li      a6, -4
core   0: 3 0x80008818 (0xffc00813) x16 0xfffffffc
core   0: 0x8000881c (0x00c69593) slli    a1, a3, 12
core   0: 3 0x8000881c (0x00c69593) x11 0xffffb000
core   0: 0x80008820 (0xd5eeed17) auipc   s10, 0xd5eee
core   0: 3 0x80008820 (0xd5eeed17) x26 0x55ef6820
core   0: 0x80008824 (0x00168693) addi    a3, a3, 1
core   0: 3 0x80008824 (0x00168693) x13 0xfffffffc
core   0: 0x80008828 (0x6265b893) sltiu   a7, a1, 1574
core   0: 3 0x80008828 (0x6265b893) x17 0x00000000
core   0: 0x8000882c (0x0117bf33) sltu    t5, a5, a7
core   0: 3 0x8000882c (0x0117bf33) x30 0x00000000
core   0: 0x80008830 (0xfff00413) li      s0, -1
core   0: 3 0x80008830 (0xfff00413) x 8 0xffffffff
core   0: 0x80008834 (0x00000e13) li      t3, 0
core   0: 3 0x80008834 (0x00000e13) x28 0x00000000
core   0: 0x80008838 (0x6969b637) lui     a2, 0x6969b
core   0: 3 0x80008838 (0x6969b637) x12 0x6969b000
core   0: 0x8000883c (0x01d11eb3) sll     t4, sp, t4
core   0: 3 0x8000883c (0x01d11eb3) x29 0x00100000
core   0: 0x80008840 (0x010a9333) sll     t1, s5, a6
core   0: 3 0x80008840 (0x010a9333) x 6 0xb0000000
core   0: 0x80008844 (0xd9c6ff93) andi    t6, a3, -612
core   0: 3 0x80008844 (0xd9c6ff93) x31 0xfffffd9c
core   0: 0x80008848 (0x00540413) addi    s0, s0, 5
core   0: 3 0x80008848 (0x00540413) x 8 0x00000004
core   0: 0x8000884c (0x33807193) andi    gp, zero, 824
core   0: 3 0x8000884c (0x33807193) x 3 0x00000000
core   0: 0x80008850 (0xffc44ae3) blt     s0, t3, pc - 12
core   0: 3 0x80008850 (0xffc44ae3)
core   0: 0x80008854 (0x2cd4ee93) ori     t4, s1, 717
core   0: 3 0x80008854 (0x2cd4ee93) x29 0x80028eed
core   0: 0x80008858 (0x000d00b3) add     ra, s10, zero
core   0: 3 0x80008858 (0x000d00b3) x 1 0x55ef6820
core   0: 0x8000885c (0xfd0682e3) beq     a3, a6, pc - 60
core   0: 3 0x8000885c (0xfd0682e3)
core   0: 0x80008820 (0xd5eeed17) auipc   s10, 0xd5eee
core   0: 3 0x80008820 (0xd5eeed17) x26 0x55ef6820
core   0: 0x80008824 (0x00168693) addi    a3, a3, 1
core   0: 3 0x80008824 (0x00168693) x13 0xfffffffd
core   0: 0x80008828 (0x6265b893) sltiu   a7, a1, 1574
core   0: 3 0x80008828 (0x6265b893) x17 0x00000000
core   0: 0x8000882c (0x0117bf33) sltu    t5, a5, a7
core   0: 3 0x8000882c (0x0117bf33) x30 0x00000000
core   0: 0x80008830 (0xfff00413) li      s0, -1
core   0: 3 0x80008830 (0xfff00413) x 8 0xffffffff
core   0: 0x80008834 (0x00000e13) li      t3, 0
core   0: 3 0x80008834 (0x00000e13) x28 0x00000000
core   0: 0x80008838 (0x6969b637) lui     a2, 0x6969b
core   0: 3 0x80008838 (0x6969b637) x12 0x6969b000
core   0: 0x8000883c (0x01d11eb3) sll     t4, sp, t4
core   0: 3 0x8000883c (0x01d11eb3) x29 0x00002000
core   0: 0x80008840 (0x010a9333) sll     t1, s5, a6
core   0: 3 0x80008840 (0x010a9333) x 6 0xb0000000
core   0: 0x80008844 (0xd9c6ff93) andi    t6, a3, -612
core   0: 3 0x80008844 (0xd9c6ff93) x31 0xfffffd9c
core   0: 0x80008848 (0x00540413) addi    s0, s0, 5
core   0: 3 0x80008848 (0x00540413) x 8 0x00000004
core   0: 0x8000884c (0x33807193) andi    gp, zero, 824
core   0: 3 0x8000884c (0x33807193) x 3 0x00000000
core   0: 0x80008850 (0xffc44ae3) blt     s0, t3, pc - 12
core   0: 3 0x80008850 (0xffc44ae3)
core   0: 0x80008854 (0x2cd4ee93) ori     t4, s1, 717
core   0: 3 0x80008854 (0x2cd4ee93) x29 0x80028eed
core   0: 0x80008858 (0x000d00b3) add     ra, s10, zero
core   0: 3 0x80008858 (0x000d00b3) x 1 0x55ef6820
core   0: 0x8000885c (0xfd0682e3) beq     a3, a6, pc - 60
core   0: 3 0x8000885c (0xfd0682e3)
core   0: 0x80008860 (0x00e1c633) xor     a2, gp, a4
core   0: 3 0x80008860 (0x00e1c633) x12 0x00000000
core   0: 0x80008864 (0x00a00713) li      a4, 10
core   0: 3 0x80008864 (0x00a00713) x14 0x0000000a
core   0: 0x80008868 (0x00a00213) li      tp, 10
core   0: 3 0x80008868 (0x00a00213) x 4 0x0000000a
core   0: 0x8000886c (0xc9617113) andi    sp, sp, -874
core   0: 3 0x8000886c (0xc9617113) x 2 0x00000000
core   0: 0x80008870 (0x0000100f) fence.i
core   0: 3 0x80008870 (0x0000100f)
core   0: 0x80008874 (0x002b4fb3) xor     t6, s6, sp
core   0: 3 0x80008874 (0x002b4fb3) x31 0x0004db3c
core   0: 0x80008878 (0xff770713) addi    a4, a4, -9
core   0: 3 0x80008878 (0xff770713) x14 0x00000001
core   0: 0x8000887c (0x00400b13) li      s6, 4
core   0: 3 0x8000887c (0x00400b13) x22 0x00000004
core   0: 0x80008880 (0x00400313) li      t1, 4
core   0: 3 0x80008880 (0x00400313) x 6 0x00000004
core   0: 0x80008884 (0x00ede5b3) or      a1, s11, a4
core   0: 3 0x80008884 (0x00ede5b3) x11 0x00000001
core   0: 0x80008888 (0xbf730f13) addi    t5, t1, -1033
core   0: 3 0x80008888 (0xbf730f13) x30 0xfffffbfb
core   0: 0x8000888c (0xcfca6eb7) lui     t4, 0xcfca6
core   0: 3 0x8000888c (0xcfca6eb7) x29 0xcfca6000
core   0: 0x80008890 (0xffeb0b13) addi    s6, s6, -2
core   0: 3 0x80008890 (0xffeb0b13) x22 0x00000002
core   0: 0x80008894 (0x0000100f) fence.i
core   0: 3 0x80008894 (0x0000100f)
core   0: 0x80008898 (0xfe6b7ae3) bgeu    s6, t1, pc - 12
core   0: 3 0x80008898 (0xfe6b7ae3)
core   0: 0x8000889c (0x0000100f) fence.i
core   0: 3 0x8000889c (0x0000100f)
core   0: 0x800088a0 (0x00ef13b3) sll     t2, t5, a4
core   0: 3 0x800088a0 (0x00ef13b3) x 7 0xfffff7f6
core   0: 0x800088a4 (0x5a4a3093) sltiu   ra, s4, 1444
core   0: 3 0x800088a4 (0x5a4a3093) x 1 0x00000000
core   0: 0x800088a8 (0x01114e33) xor     t3, sp, a7
core   0: 3 0x800088a8 (0x01114e33) x28 0x00000000
core   0: 0x800088ac (0xfc4770e3) bgeu    a4, tp, pc - 64
core   0: 3 0x800088ac (0xfc4770e3)
core   0: 0x800088b0 (0x96907013) andi    zero, zero, -1687
core   0: 3 0x800088b0 (0x96907013)
core   0: 0x800088b4 (0x00700593) li      a1, 7
core   0: 3 0x800088b4 (0x00700593) x11 0x00000007
core   0: 0x800088b8 (0x415d5cb3) sra     s9, s10, s5
core   0: 3 0x800088b8 (0x415d5cb3) x25 0x0000000a
core   0: 0x800088bc (0xd58e3393) sltiu   t2, t3, -680
core   0: 3 0x800088bc (0xd58e3393) x 7 0x00000001
core   0: 0x800088c0 (0x285ab717) auipc   a4, 0x285ab
core   0: 3 0x800088c0 (0x285ab717) x14 0xa85b38c0
core   0: 0x800088c4 (0x409b5013) srai    zero, s6, 9
core   0: 3 0x800088c4 (0x409b5013)
core   0: 0x800088c8 (0x01fae8b3) or      a7, s5, t6
core   0: 3 0x800088c8 (0x01fae8b3) x17 0xfdb4dbbf
core   0: 0x800088cc (0x005f1fb3) sll     t6, t5, t0
core   0: 3 0x800088cc (0x005f1fb3) x31 0xfffffbfb
core   0: 0x800088d0 (0x01200a13) li      s4, 18
core   0: 3 0x800088d0 (0x01200a13) x20 0x00000012
core   0: 0x800088d4 (0x01f726b3) slt     a3, a4, t6
core   0: 3 0x800088d4 (0x01f726b3) x13 0x00000001
core   0: 0x800088d8 (0x8096eeb7) lui     t4, 0x8096e
core   0: 3 0x800088d8 (0x8096eeb7) x29 0x8096e000
core   0: 0x800088dc (0xe8407193) andi    gp, zero, -380
core   0: 3 0x800088dc (0xe8407193) x 3 0x00000000
core   0: 0x800088e0 (0x0ff0000f) fence   iorw,iorw
core   0: 3 0x800088e0 (0x0ff0000f)
core   0: 0x800088e4 (0x90038997) auipc   s3, 0x90038
core   0: 3 0x800088e4 (0x90038997) x19 0x100408e4
core   0: 0x800088e8 (0x00958593) addi    a1, a1, 9
core   0: 3 0x800088e8 (0x00958593) x11 0x00000010
core   0: 0x800088ec (0x41828833) sub     a6, t0, s8
core   0: 3 0x800088ec (0x41828833) x16 0xfffffff8
core   0: 0x800088f0 (0x3ff26c93) ori     s9, tp, 1023
core   0: 3 0x800088f0 (0x3ff26c93) x25 0x000003ff
core   0: 0x800088f4 (0x00000013) nop
core   0: 3 0x800088f4 (0x00000013)
core   0: 0x800088f8 (0x0000100f) fence.i
core   0: 3 0x800088f8 (0x0000100f)
core   0: 0x800088fc (0xd071eb13) ori     s6, gp, -761
core   0: 3 0x800088fc (0xd071eb13) x22 0xfffffd07
core   0: 0x80008900 (0x012b1233) sll     tp, s6, s2
core   0: 3 0x80008900 (0x012b1233) x 4 0x70000000
core   0: 0x80008904 (0x6e224793) xori    a5, tp, 1762
core   0: 3 0x80008904 (0x6e224793) x15 0x700006e2
core   0: 0x80008908 (0x0063dfb3) srl     t6, t2, t1
core   0: 3 0x80008908 (0x0063dfb3) x31 0x00000000
core   0: 0x8000890c (0x8ee1f893) andi    a7, gp, -1810
core   0: 3 0x8000890c (0x8ee1f893) x17 0x00000000
core   0: 0x80008910 (0x00a19993) slli    s3, gp, 10
core   0: 3 0x80008910 (0x00a19993) x19 0x00000000
core   0: 0x80008914 (0x006837b3) sltu    a5, a6, t1
core   0: 3 0x80008914 (0x006837b3) x15 0x00000000
core   0: 0x80008918 (0x0000100f) fence.i
core   0: 3 0x80008918 (0x0000100f)
core   0: 0x8000891c (0x01f34b33) xor     s6, t1, t6
core   0: 3 0x8000891c (0x01f34b33) x22 0x00000004
core   0: 0x80008920 (0x04063793) sltiu   a5, a2, 64
core   0: 3 0x80008920 (0x04063793) x15 0x00000001
core   0: 0x80008924 (0xfb45ece3) bltu    a1, s4, pc - 72
core   0: 3 0x80008924 (0xfb45ece3)
core   0: 0x800088dc (0xe8407193) andi    gp, zero, -380
core   0: 3 0x800088dc (0xe8407193) x 3 0x00000000
core   0: 0x800088e0 (0x0ff0000f) fence   iorw,iorw
core   0: 3 0x800088e0 (0x0ff0000f)
core   0: 0x800088e4 (0x90038997) auipc   s3, 0x90038
core   0: 3 0x800088e4 (0x90038997) x19 0x100408e4
core   0: 0x800088e8 (0x00958593) addi    a1, a1, 9
core   0: 3 0x800088e8 (0x00958593) x11 0x00000019
core   0: 0x800088ec (0x41828833) sub     a6, t0, s8
core   0: 3 0x800088ec (0x41828833) x16 0xfffffff8
core   0: 0x800088f0 (0x3ff26c93) ori     s9, tp, 1023
core   0: 3 0x800088f0 (0x3ff26c93) x25 0x700003ff
core   0: 0x800088f4 (0x00000013) nop
core   0: 3 0x800088f4 (0x00000013)
core   0: 0x800088f8 (0x0000100f) fence.i
core   0: 3 0x800088f8 (0x0000100f)
core   0: 0x800088fc (0xd071eb13) ori     s6, gp, -761
core   0: 3 0x800088fc (0xd071eb13) x22 0xfffffd07
core   0: 0x80008900 (0x012b1233) sll     tp, s6, s2
core   0: 3 0x80008900 (0x012b1233) x 4 0x70000000
core   0: 0x80008904 (0x6e224793) xori    a5, tp, 1762
core   0: 3 0x80008904 (0x6e224793) x15 0x700006e2
core   0: 0x80008908 (0x0063dfb3) srl     t6, t2, t1
core   0: 3 0x80008908 (0x0063dfb3) x31 0x00000000
core   0: 0x8000890c (0x8ee1f893) andi    a7, gp, -1810
core   0: 3 0x8000890c (0x8ee1f893) x17 0x00000000
core   0: 0x80008910 (0x00a19993) slli    s3, gp, 10
core   0: 3 0x80008910 (0x00a19993) x19 0x00000000
core   0: 0x80008914 (0x006837b3) sltu    a5, a6, t1
core   0: 3 0x80008914 (0x006837b3) x15 0x00000000
core   0: 0x80008918 (0x0000100f) fence.i
core   0: 3 0x80008918 (0x0000100f)
core   0: 0x8000891c (0x01f34b33) xor     s6, t1, t6
core   0: 3 0x8000891c (0x01f34b33) x22 0x00000004
core   0: 0x80008920 (0x04063793) sltiu   a5, a2, 64
core   0: 3 0x80008920 (0x04063793) x15 0x00000001
core   0: 0x80008924 (0xfb45ece3) bltu    a1, s4, pc - 72
core   0: 3 0x80008924 (0xfb45ece3)
core   0: 0x80008928 (0x00000013) nop
core   0: 3 0x80008928 (0x00000013)
core   0: 0x8000892c (0x00a00e13) li      t3, 10
core   0: 3 0x8000892c (0x00a00e13) x28 0x0000000a
core   0: 0x80008930 (0x01200213) li      tp, 18
core   0: 3 0x80008930 (0x01200213) x 4 0x00000012
core   0: 0x80008934 (0x37beb637) lui     a2, 0x37beb
core   0: 3 0x80008934 (0x37beb637) x12 0x37beb000
core   0: 0x80008938 (0x2e57b017) auipc   zero, 0x2e57b
core   0: 3 0x80008938 (0x2e57b017)
core   0: 0x8000893c (0x001e0e13) addi    t3, t3, 1
core   0: 3 0x8000893c (0x001e0e13) x28 0x0000000b
core   0: 0x80008940 (0x00200413) li      s0, 2
core   0: 3 0x80008940 (0x00200413) x 8 0x00000002
core   0: 0x80008944 (0x0ff0000f) fence   iorw,iorw
core   0: 3 0x80008944 (0x0ff0000f)
core   0: 0x80008948 (0x00f00113) li      sp, 15
core   0: 3 0x80008948 (0x00f00113) x 2 0x0000000f
core   0: 0x8000894c (0x00000013) nop
core   0: 3 0x8000894c (0x00000013)
core   0: 0x80008950 (0x0112d393) srli    t2, t0, 17
core   0: 3 0x80008950 (0x0112d393) x 7 0x00000000
core   0: 0x80008954 (0x00000013) nop
core   0: 3 0x80008954 (0x00000013)
core   0: 0x80008958 (0xbad94d93) xori    s11, s2, -1107
core   0: 3 0x80008958 (0xbad94d93) x27 0x00000131
core   0: 0x8000895c (0x00840413) addi    s0, s0, 8
core   0: 3 0x8000895c (0x00840413) x 8 0x0000000a
core   0: 0x80008960 (0x71b0e1b7) lui     gp, 0x71b0e
core   0: 3 0x80008960 (0x71b0e1b7) x 3 0x71b0e000
core   0: 0x80008964 (0xfe2464e3) bltu    s0, sp, pc - 24
core   0: 3 0x80008964 (0xfe2464e3)
core   0: 0x8000894c (0x00000013) nop
core   0: 3 0x8000894c (0x00000013)
core   0: 0x80008950 (0x0112d393) srli    t2, t0, 17
core   0: 3 0x80008950 (0x0112d393) x 7 0x00000000
core   0: 0x80008954 (0x00000013) nop
core   0: 3 0x80008954 (0x00000013)
core   0: 0x80008958 (0xbad94d93) xori    s11, s2, -1107
core   0: 3 0x80008958 (0xbad94d93) x27 0x00000131
core   0: 0x8000895c (0x00840413) addi    s0, s0, 8
core   0: 3 0x8000895c (0x00840413) x 8 0x00000012
core   0: 0x80008960 (0x71b0e1b7) lui     gp, 0x71b0e
core   0: 3 0x80008960 (0x71b0e1b7) x 3 0x71b0e000
core   0: 0x80008964 (0xfe2464e3) bltu    s0, sp, pc - 24
core   0: 3 0x80008964 (0xfe2464e3)
core   0: 0x80008968 (0x01f2d293) srli    t0, t0, 31
core   0: 3 0x80008968 (0x01f2d293) x 5 0x00000000
core   0: 0x8000896c (0xfc4e06e3) beq     t3, tp, pc - 52
core   0: 3 0x8000896c (0xfc4e06e3)
core   0: 0x80008970 (0x92043e93) sltiu   t4, s0, -1760
core   0: 3 0x80008970 (0x92043e93) x29 0x00000001
core   0: 0x80008974 (0xffb00f93) li      t6, -5
core   0: 3 0x80008974 (0xffb00f93) x31 0xfffffffb
core   0: 0x80008978 (0x0173b9b3) sltu    s3, t2, s7
core   0: 3 0x80008978 (0x0173b9b3) x19 0x00000001
core   0: 0x8000897c (0xffe00093) li      ra, -2
core   0: 3 0x8000897c (0xffe00093) x 1 0xfffffffe
core   0: 0x80008980 (0x004df8b3) and     a7, s11, tp
core   0: 3 0x80008980 (0x004df8b3) x17 0x00000010
core   0: 0x80008984 (0x01e2ef33) or      t5, t0, t5
core   0: 3 0x80008984 (0x01e2ef33) x30 0xfffffbfb
core   0: 0x80008988 (0x003f8f93) addi    t6, t6, 3
core   0: 3 0x80008988 (0x003f8f93) x31 0xfffffffe
core   0: 0x8000898c (0xfff00413) li      s0, -1
core   0: 3 0x8000898c (0xfff00413) x 8 0xffffffff
core   0: 0x80008990 (0xff300693) li      a3, -13
core   0: 3 0x80008990 (0xff300693) x13 0xfffffff3
core   0: 0x80008994 (0x40e8df13) srai    t5, a7, 14
core   0: 3 0x80008994 (0x40e8df13) x30 0x00000000
core   0: 0x80008998 (0x41780e33) sub     t3, a6, s7
core   0: 3 0x80008998 (0x41780e33) x28 0x7ffdb1a0
core   0: 0x8000899c (0x00000013) nop
core   0: 3 0x8000899c (0x00000013)
core   0: 0x800089a0 (0xffa40413) addi    s0, s0, -6
core   0: 3 0x800089a0 (0xffa40413) x 8 0xfffffff9
core   0: 0x800089a4 (0xfed41ae3) bne     s0, a3, pc - 12
core   0: 3 0x800089a4 (0xfed41ae3)
core   0: 0x80008998 (0x41780e33) sub     t3, a6, s7
core   0: 3 0x80008998 (0x41780e33) x28 0x7ffdb1a0
core   0: 0x8000899c (0x00000013) nop
core   0: 3 0x8000899c (0x00000013)
core   0: 0x800089a0 (0xffa40413) addi    s0, s0, -6
core   0: 3 0x800089a0 (0xffa40413) x 8 0xfffffff3
core   0: 0x800089a4 (0xfed41ae3) bne     s0, a3, pc - 12
core   0: 3 0x800089a4 (0xfed41ae3)
core   0: 0x800089a8 (0x0063dc13) srli    s8, t2, 6
core   0: 3 0x800089a8 (0x0063dc13) x24 0x00000000
core   0: 0x800089ac (0xfc1f8ce3) beq     t6, ra, pc - 40
core   0: 3 0x800089ac (0xfc1f8ce3)
core   0: 0x80008984 (0x01e2ef33) or      t5, t0, t5
core   0: 3 0x80008984 (0x01e2ef33) x30 0x00000000
core   0: 0x80008988 (0x003f8f93) addi    t6, t6, 3
core   0: 3 0x80008988 (0x003f8f93) x31 0x00000001
core   0: 0x8000898c (0xfff00413) li      s0, -1
core   0: 3 0x8000898c (0xfff00413) x 8 0xffffffff
core   0: 0x80008990 (0xff300693) li      a3, -13
core   0: 3 0x80008990 (0xff300693) x13 0xfffffff3
core   0: 0x80008994 (0x40e8df13) srai    t5, a7, 14
core   0: 3 0x80008994 (0x40e8df13) x30 0x00000000
core   0: 0x80008998 (0x41780e33) sub     t3, a6, s7
core   0: 3 0x80008998 (0x41780e33) x28 0x7ffdb1a0
core   0: 0x8000899c (0x00000013) nop
core   0: 3 0x8000899c (0x00000013)
core   0: 0x800089a0 (0xffa40413) addi    s0, s0, -6
core   0: 3 0x800089a0 (0xffa40413) x 8 0xfffffff9
core   0: 0x800089a4 (0xfed41ae3) bne     s0, a3, pc - 12
core   0: 3 0x800089a4 (0xfed41ae3)
core   0: 0x80008998 (0x41780e33) sub     t3, a6, s7
core   0: 3 0x80008998 (0x41780e33) x28 0x7ffdb1a0
core   0: 0x8000899c (0x00000013) nop
core   0: 3 0x8000899c (0x00000013)
core   0: 0x800089a0 (0xffa40413) addi    s0, s0, -6
core   0: 3 0x800089a0 (0xffa40413) x 8 0xfffffff3
core   0: 0x800089a4 (0xfed41ae3) bne     s0, a3, pc - 12
core   0: 3 0x800089a4 (0xfed41ae3)
core   0: 0x800089a8 (0x0063dc13) srli    s8, t2, 6
core   0: 3 0x800089a8 (0x0063dc13) x24 0x00000000
core   0: 0x800089ac (0xfc1f8ce3) beq     t6, ra, pc - 40
core   0: 3 0x800089ac (0xfc1f8ce3)
core   0: 0x800089b0 (0x41285cb3) sra     s9, a6, s2
core   0: 3 0x800089b0 (0x41285cb3) x25 0xffffffff
core   0: 0x800089b4 (0xff900213) li      tp, -7
core   0: 3 0x800089b4 (0xff900213) x 4 0xfffffff9
core   0: 0x800089b8 (0x005b61b3) or      gp, s6, t0
core   0: 3 0x800089b8 (0x005b61b3) x 3 0x00000004
core   0: 0x800089bc (0x00300793) li      a5, 3
core   0: 3 0x800089bc (0x00300793) x15 0x00000003
core   0: 0x800089c0 (0x01aad533) srl     a0, s5, s10
core   0: 3 0x800089c0 (0x01aad533) x10 0xfdb012bb
core   0: 0x800089c4 (0x2b828c13) addi    s8, t0, 696
core   0: 3 0x800089c4 (0x2b828c13) x24 0x000002b8
core   0: 0x800089c8 (0x02fb4093) xori    ra, s6, 47
core   0: 3 0x800089c8 (0x02fb4093) x 1 0x0000002b
core   0: 0x800089cc (0xf8e32513) slti    a0, t1, -114
core   0: 3 0x800089cc (0xf8e32513) x10 0x00000000
core   0: 0x800089d0 (0x41d7d933) sra     s2, a5, t4
core   0: 3 0x800089d0 (0x41d7d933) x18 0x00000001
core   0: 0x800089d4 (0x01f32333) slt     t1, t1, t6
core   0: 3 0x800089d4 (0x01f32333) x 6 0x00000000
core   0: 0x800089d8 (0x00920213) addi    tp, tp, 9
core   0: 3 0x800089d8 (0x00920213) x 4 0x00000002
core   0: 0x800089dc (0x0f922993) slti    s3, tp, 249
core   0: 3 0x800089dc (0x0f922993) x19 0x00000001
core   0: 0x800089e0 (0x0ff0000f) fence   iorw,iorw
core   0: 3 0x800089e0 (0x0ff0000f)
core   0: 0x800089e4 (0x0ff0000f) fence   iorw,iorw
core   0: 3 0x800089e4 (0x0ff0000f)
core   0: 0x800089e8 (0x60f8ba13) sltiu   s4, a7, 1551
core   0: 3 0x800089e8 (0x60f8ba13) x20 0x00000001
core   0: 0x800089ec (0x0156b433) sltu    s0, a3, s5
core   0: 3 0x800089ec (0x0156b433) x 8 0x00000000
core   0: 0x800089f0 (0x16af4fb7) lui     t6, 0x16af4
core   0: 3 0x800089f0 (0x16af4fb7) x31 0x16af4000
core   0: 0x800089f4 (0x004102b3) add     t0, sp, tp
core   0: 3 0x800089f4 (0x004102b3) x 5 0x00000011
core   0: 0x800089f8 (0x0ff0000f) fence   iorw,iorw
core   0: 3 0x800089f8 (0x0ff0000f)
core   0: 0x800089fc (0x0000100f) fence.i
core   0: 3 0x800089fc (0x0000100f)
core   0: 0x80008a00 (0x00e3e3b3) or      t2, t2, a4
core   0: 3 0x80008a00 (0x00e3e3b3) x 7 0xa85b38c0
core   0: 0x80008a04 (0x40972e93) slti    t4, a4, 1033
core   0: 3 0x80008a04 (0x40972e93) x29 0x00000001
core   0: 0x80008a08 (0xfcf262e3) bltu    tp, a5, pc - 60
core   0: 3 0x80008a08 (0xfcf262e3)
core   0: 0x800089cc (0xf8e32513) slti    a0, t1, -114
core   0: 3 0x800089cc (0xf8e32513) x10 0x00000000
core   0: 0x800089d0 (0x41d7d933) sra     s2, a5, t4
core   0: 3 0x800089d0 (0x41d7d933) x18 0x00000001
core   0: 0x800089d4 (0x01f32333) slt     t1, t1, t6
core   0: 3 0x800089d4 (0x01f32333) x 6 0x00000001
core   0: 0x800089d8 (0x00920213) addi    tp, tp, 9
core   0: 3 0x800089d8 (0x00920213) x 4 0x0000000b
core   0: 0x800089dc (0x0f922993) slti    s3, tp, 249
core   0: 3 0x800089dc (0x0f922993) x19 0x00000001
core   0: 0x800089e0 (0x0ff0000f) fence   iorw,iorw
core   0: 3 0x800089e0 (0x0ff0000f)
core   0: 0x800089e4 (0x0ff0000f) fence   iorw,iorw
core   0: 3 0x800089e4 (0x0ff0000f)
core   0: 0x800089e8 (0x60f8ba13) sltiu   s4, a7, 1551
core   0: 3 0x800089e8 (0x60f8ba13) x20 0x00000001
core   0: 0x800089ec (0x0156b433) sltu    s0, a3, s5
core   0: 3 0x800089ec (0x0156b433) x 8 0x00000000
core   0: 0x800089f0 (0x16af4fb7) lui     t6, 0x16af4
core   0: 3 0x800089f0 (0x16af4fb7) x31 0x16af4000
core   0: 0x800089f4 (0x004102b3) add     t0, sp, tp
core   0: 3 0x800089f4 (0x004102b3) x 5 0x0000001a
core   0: 0x800089f8 (0x0ff0000f) fence   iorw,iorw
core   0: 3 0x800089f8 (0x0ff0000f)
core   0: 0x800089fc (0x0000100f) fence.i
core   0: 3 0x800089fc (0x0000100f)
core   0: 0x80008a00 (0x00e3e3b3) or      t2, t2, a4
core   0: 3 0x80008a00 (0x00e3e3b3) x 7 0xa85b38c0
core   0: 0x80008a04 (0x40972e93) slti    t4, a4, 1033
core   0: 3 0x80008a04 (0x40972e93) x29 0x00000001
core   0: 0x80008a08 (0xfcf262e3) bltu    tp, a5, pc - 60
core   0: 3 0x80008a08 (0xfcf262e3)
core   0: 0x80008a0c (0x40200733) sub     a4, zero, sp
core   0: 3 0x80008a0c (0x40200733) x14 0xfffffff1
core   0: 0x80008a10 (0xff700793) li      a5, -9
core   0: 3 0x80008a10 (0xff700793) x15 0xfffffff7
core   0: 0x80008a14 (0x414d5393) srai    t2, s10, 20
core   0: 3 0x80008a14 (0x414d5393) x 7 0x0000055e
core   0: 0x80008a18 (0x01200893) li      a7, 18
core   0: 3 0x80008a18 (0x01200893) x17 0x00000012
core   0: 0x80008a1c (0x00e58933) add     s2, a1, a4
core   0: 3 0x80008a1c (0x00e58933) x18 0x0000000a
core   0: 0x80008a20 (0x00178793) addi    a5, a5, 1
core   0: 3 0x80008a20 (0x00178793) x15 0xfffffff8
core   0: 0x80008a24 (0x014f1033) sll     zero, t5, s4
core   0: 3 0x80008a24 (0x014f1033)
core   0: 0x80008a28 (0x00a00413) li      s0, 10
core   0: 3 0x80008a28 (0x00a00413) x 8 0x0000000a
core   0: 0x80008a2c (0x00d00b13) li      s6, 13
core   0: 3 0x80008a2c (0x00d00b13) x22 0x0000000d
core   0: 0x80008a30 (0x0063ceb3) xor     t4, t2, t1
core   0: 3 0x80008a30 (0x0063ceb3) x29 0x0000055f
core   0: 0x80008a34 (0x00aceeb3) or      t4, s9, a0
core   0: 3 0x80008a34 (0x00aceeb3) x29 0xffffffff
core   0: 0x80008a38 (0x00940413) addi    s0, s0, 9
core   0: 3 0x80008a38 (0x00940413) x 8 0x00000013
core   0: 0x80008a3c (0xff644ae3) blt     s0, s6, pc - 12
core   0: 3 0x80008a3c (0xff644ae3)
core   0: 0x80008a40 (0x00000013) nop
core   0: 3 0x80008a40 (0x00000013)
core   0: 0x80008a44 (0xfd17cce3) blt     a5, a7, pc - 40
core   0: 3 0x80008a44 (0xfd17cce3)
core   0: 0x80008a1c (0x00e58933) add     s2, a1, a4
core   0: 3 0x80008a1c (0x00e58933) x18 0x0000000a
core   0: 0x80008a20 (0x00178793) addi    a5, a5, 1
core   0: 3 0x80008a20 (0x00178793) x15 0xfffffff9
core   0: 0x80008a24 (0x014f1033) sll     zero, t5, s4
core   0: 3 0x80008a24 (0x014f1033)
core   0: 0x80008a28 (0x00a00413) li      s0, 10
core   0: 3 0x80008a28 (0x00a00413) x 8 0x0000000a
core   0: 0x80008a2c (0x00d00b13) li      s6, 13
core   0: 3 0x80008a2c (0x00d00b13) x22 0x0000000d
core   0: 0x80008a30 (0x0063ceb3) xor     t4, t2, t1
core   0: 3 0x80008a30 (0x0063ceb3) x29 0x0000055f
core   0: 0x80008a34 (0x00aceeb3) or      t4, s9, a0
core   0: 3 0x80008a34 (0x00aceeb3) x29 0xffffffff
core   0: 0x80008a38 (0x00940413) addi    s0, s0, 9
core   0: 3 0x80008a38 (0x00940413) x 8 0x00000013
core   0: 0x80008a3c (0xff644ae3) blt     s0, s6, pc - 12
core   0: 3 0x80008a3c (0xff644ae3)
core   0: 0x80008a40 (0x00000013) nop
core   0: 3 0x80008a40 (0x00000013)
core   0: 0x80008a44 (0xfd17cce3) blt     a5, a7, pc - 40
core   0: 3 0x80008a44 (0xfd17cce3)
core   0: 0x80008a1c (0x00e58933) add     s2, a1, a4
core   0: 3 0x80008a1c (0x00e58933) x18 0x0000000a
core   0: 0x80008a20 (0x00178793) addi    a5, a5, 1
core   0: 3 0x80008a20 (0x00178793) x15 0xfffffffa
core   0: 0x80008a24 (0x014f1033) sll     zero, t5, s4
core   0: 3 0x80008a24 (0x014f1033)
core   0: 0x80008a28 (0x00a00413) li      s0, 10
core   0: 3 0x80008a28 (0x00a00413) x 8 0x0000000a
core   0: 0x80008a2c (0x00d00b13) li      s6, 13
core   0: 3 0x80008a2c (0x00d00b13) x22 0x0000000d
core   0: 0x80008a30 (0x0063ceb3) xor     t4, t2, t1
core   0: 3 0x80008a30 (0x0063ceb3) x29 0x0000055f
core   0: 0x80008a34 (0x00aceeb3) or      t4, s9, a0
core   0: 3 0x80008a34 (0x00aceeb3) x29 0xffffffff
core   0: 0x80008a38 (0x00940413) addi    s0, s0, 9
core   0: 3 0x80008a38 (0x00940413) x 8 0x00000013
core   0: 0x80008a3c (0xff644ae3) blt     s0, s6, pc - 12
core   0: 3 0x80008a3c (0xff644ae3)
core   0: 0x80008a40 (0x00000013) nop
core   0: 3 0x80008a40 (0x00000013)
core   0: 0x80008a44 (0xfd17cce3) blt     a5, a7, pc - 40
core   0: 3 0x80008a44 (0xfd17cce3)
core   0: 0x80008a1c (0x00e58933) add     s2, a1, a4
core   0: 3 0x80008a1c (0x00e58933) x18 0x0000000a
core   0: 0x80008a20 (0x00178793) addi    a5, a5, 1
core   0: 3 0x80008a20 (0x00178793) x15 0xfffffffb
core   0: 0x80008a24 (0x014f1033) sll     zero, t5, s4
core   0: 3 0x80008a24 (0x014f1033)
core   0: 0x80008a28 (0x00a00413) li      s0, 10
core   0: 3 0x80008a28 (0x00a00413) x 8 0x0000000a
core   0: 0x80008a2c (0x00d00b13) li      s6, 13
core   0: 3 0x80008a2c (0x00d00b13) x22 0x0000000d
core   0: 0x80008a30 (0x0063ceb3) xor     t4, t2, t1
core   0: 3 0x80008a30 (0x0063ceb3) x29 0x0000055f
core   0: 0x80008a34 (0x00aceeb3) or      t4, s9, a0
core   0: 3 0x80008a34 (0x00aceeb3) x29 0xffffffff
core   0: 0x80008a38 (0x00940413) addi    s0, s0, 9
core   0: 3 0x80008a38 (0x00940413) x 8 0x00000013
core   0: 0x80008a3c (0xff644ae3) blt     s0, s6, pc - 12
core   0: 3 0x80008a3c (0xff644ae3)
core   0: 0x80008a40 (0x00000013) nop
core   0: 3 0x80008a40 (0x00000013)
core   0: 0x80008a44 (0xfd17cce3) blt     a5, a7, pc - 40
core   0: 3 0x80008a44 (0xfd17cce3)
core   0: 0x80008a1c (0x00e58933) add     s2, a1, a4
core   0: 3 0x80008a1c (0x00e58933) x18 0x0000000a
core   0: 0x80008a20 (0x00178793) addi    a5, a5, 1
core   0: 3 0x80008a20 (0x00178793) x15 0xfffffffc
core   0: 0x80008a24 (0x014f1033) sll     zero, t5, s4
core   0: 3 0x80008a24 (0x014f1033)
core   0: 0x80008a28 (0x00a00413) li      s0, 10
core   0: 3 0x80008a28 (0x00a00413) x 8 0x0000000a
core   0: 0x80008a2c (0x00d00b13) li      s6, 13
core   0: 3 0x80008a2c (0x00d00b13) x22 0x0000000d
core   0: 0x80008a30 (0x0063ceb3) xor     t4, t2, t1
core   0: 3 0x80008a30 (0x0063ceb3) x29 0x0000055f
core   0: 0x80008a34 (0x00aceeb3) or      t4, s9, a0
core   0: 3 0x80008a34 (0x00aceeb3) x29 0xffffffff
core   0: 0x80008a38 (0x00940413) addi    s0, s0, 9
core   0: 3 0x80008a38 (0x00940413) x 8 0x00000013
core   0: 0x80008a3c (0xff644ae3) blt     s0, s6, pc - 12
core   0: 3 0x80008a3c (0xff644ae3)
core   0: 0x80008a40 (0x00000013) nop
core   0: 3 0x80008a40 (0x00000013)
core   0: 0x80008a44 (0xfd17cce3) blt     a5, a7, pc - 40
core   0: 3 0x80008a44 (0xfd17cce3)
core   0: 0x80008a1c (0x00e58933) add     s2, a1, a4
core   0: 3 0x80008a1c (0x00e58933) x18 0x0000000a
core   0: 0x80008a20 (0x00178793) addi    a5, a5, 1
core   0: 3 0x80008a20 (0x00178793) x15 0xfffffffd
core   0: 0x80008a24 (0x014f1033) sll     zero, t5, s4
core   0: 3 0x80008a24 (0x014f1033)
core   0: 0x80008a28 (0x00a00413) li      s0, 10
core   0: 3 0x80008a28 (0x00a00413) x 8 0x0000000a
core   0: 0x80008a2c (0x00d00b13) li      s6, 13
core   0: 3 0x80008a2c (0x00d00b13) x22 0x0000000d
core   0: 0x80008a30 (0x0063ceb3) xor     t4, t2, t1
core   0: 3 0x80008a30 (0x0063ceb3) x29 0x0000055f
core   0: 0x80008a34 (0x00aceeb3) or      t4, s9, a0
core   0: 3 0x80008a34 (0x00aceeb3) x29 0xffffffff
core   0: 0x80008a38 (0x00940413) addi    s0, s0, 9
core   0: 3 0x80008a38 (0x00940413) x 8 0x00000013
core   0: 0x80008a3c (0xff644ae3) blt     s0, s6, pc - 12
core   0: 3 0x80008a3c (0xff644ae3)
core   0: 0x80008a40 (0x00000013) nop
core   0: 3 0x80008a40 (0x00000013)
core   0: 0x80008a44 (0xfd17cce3) blt     a5, a7, pc - 40
core   0: 3 0x80008a44 (0xfd17cce3)
core   0: 0x80008a1c (0x00e58933) add     s2, a1, a4
core   0: 3 0x80008a1c (0x00e58933) x18 0x0000000a
core   0: 0x80008a20 (0x00178793) addi    a5, a5, 1
core   0: 3 0x80008a20 (0x00178793) x15 0xfffffffe
core   0: 0x80008a24 (0x014f1033) sll     zero, t5, s4
core   0: 3 0x80008a24 (0x014f1033)
core   0: 0x80008a28 (0x00a00413) li      s0, 10
core   0: 3 0x80008a28 (0x00a00413) x 8 0x0000000a
core   0: 0x80008a2c (0x00d00b13) li      s6, 13
core   0: 3 0x80008a2c (0x00d00b13) x22 0x0000000d
core   0: 0x80008a30 (0x0063ceb3) xor     t4, t2, t1
core   0: 3 0x80008a30 (0x0063ceb3) x29 0x0000055f
core   0: 0x80008a34 (0x00aceeb3) or      t4, s9, a0
core   0: 3 0x80008a34 (0x00aceeb3) x29 0xffffffff
core   0: 0x80008a38 (0x00940413) addi    s0, s0, 9
core   0: 3 0x80008a38 (0x00940413) x 8 0x00000013
core   0: 0x80008a3c (0xff644ae3) blt     s0, s6, pc - 12
core   0: 3 0x80008a3c (0xff644ae3)
core   0: 0x80008a40 (0x00000013) nop
core   0: 3 0x80008a40 (0x00000013)
core   0: 0x80008a44 (0xfd17cce3) blt     a5, a7, pc - 40
core   0: 3 0x80008a44 (0xfd17cce3)
core   0: 0x80008a1c (0x00e58933) add     s2, a1, a4
core   0: 3 0x80008a1c (0x00e58933) x18 0x0000000a
core   0: 0x80008a20 (0x00178793) addi    a5, a5, 1
core   0: 3 0x80008a20 (0x00178793) x15 0xffffffff
core   0: 0x80008a24 (0x014f1033) sll     zero, t5, s4
core   0: 3 0x80008a24 (0x014f1033)
core   0: 0x80008a28 (0x00a00413) li      s0, 10
core   0: 3 0x80008a28 (0x00a00413) x 8 0x0000000a
core   0: 0x80008a2c (0x00d00b13) li      s6, 13
core   0: 3 0x80008a2c (0x00d00b13) x22 0x0000000d
core   0: 0x80008a30 (0x0063ceb3) xor     t4, t2, t1
core   0: 3 0x80008a30 (0x0063ceb3) x29 0x0000055f
core   0: 0x80008a34 (0x00aceeb3) or      t4, s9, a0
core   0: 3 0x80008a34 (0x00aceeb3) x29 0xffffffff
core   0: 0x80008a38 (0x00940413) addi    s0, s0, 9
core   0: 3 0x80008a38 (0x00940413) x 8 0x00000013
core   0: 0x80008a3c (0xff644ae3) blt     s0, s6, pc - 12
core   0: 3 0x80008a3c (0xff644ae3)
core   0: 0x80008a40 (0x00000013) nop
core   0: 3 0x80008a40 (0x00000013)
core   0: 0x80008a44 (0xfd17cce3) blt     a5, a7, pc - 40
core   0: 3 0x80008a44 (0xfd17cce3)
core   0: 0x80008a1c (0x00e58933) add     s2, a1, a4
core   0: 3 0x80008a1c (0x00e58933) x18 0x0000000a
core   0: 0x80008a20 (0x00178793) addi    a5, a5, 1
core   0: 3 0x80008a20 (0x00178793) x15 0x00000000
core   0: 0x80008a24 (0x014f1033) sll     zero, t5, s4
core   0: 3 0x80008a24 (0x014f1033)
core   0: 0x80008a28 (0x00a00413) li      s0, 10
core   0: 3 0x80008a28 (0x00a00413) x 8 0x0000000a
core   0: 0x80008a2c (0x00d00b13) li      s6, 13
core   0: 3 0x80008a2c (0x00d00b13) x22 0x0000000d
core   0: 0x80008a30 (0x0063ceb3) xor     t4, t2, t1
core   0: 3 0x80008a30 (0x0063ceb3) x29 0x0000055f
core   0: 0x80008a34 (0x00aceeb3) or      t4, s9, a0
core   0: 3 0x80008a34 (0x00aceeb3) x29 0xffffffff
core   0: 0x80008a38 (0x00940413) addi    s0, s0, 9
core   0: 3 0x80008a38 (0x00940413) x 8 0x00000013
core   0: 0x80008a3c (0xff644ae3) blt     s0, s6, pc - 12
core   0: 3 0x80008a3c (0xff644ae3)
core   0: 0x80008a40 (0x00000013) nop
core   0: 3 0x80008a40 (0x00000013)
core   0: 0x80008a44 (0xfd17cce3) blt     a5, a7, pc - 40
core   0: 3 0x80008a44 (0xfd17cce3)
core   0: 0x80008a1c (0x00e58933) add     s2, a1, a4
core   0: 3 0x80008a1c (0x00e58933) x18 0x0000000a
core   0: 0x80008a20 (0x00178793) addi    a5, a5, 1
core   0: 3 0x80008a20 (0x00178793) x15 0x00000001
core   0: 0x80008a24 (0x014f1033) sll     zero, t5, s4
core   0: 3 0x80008a24 (0x014f1033)
core   0: 0x80008a28 (0x00a00413) li      s0, 10
core   0: 3 0x80008a28 (0x00a00413) x 8 0x0000000a
core   0: 0x80008a2c (0x00d00b13) li      s6, 13
core   0: 3 0x80008a2c (0x00d00b13) x22 0x0000000d
core   0: 0x80008a30 (0x0063ceb3) xor     t4, t2, t1
core   0: 3 0x80008a30 (0x0063ceb3) x29 0x0000055f
core   0: 0x80008a34 (0x00aceeb3) or      t4, s9, a0
core   0: 3 0x80008a34 (0x00aceeb3) x29 0xffffffff
core   0: 0x80008a38 (0x00940413) addi    s0, s0, 9
core   0: 3 0x80008a38 (0x00940413) x 8 0x00000013
core   0: 0x80008a3c (0xff644ae3) blt     s0, s6, pc - 12
core   0: 3 0x80008a3c (0xff644ae3)
core   0: 0x80008a40 (0x00000013) nop
core   0: 3 0x80008a40 (0x00000013)
core   0: 0x80008a44 (0xfd17cce3) blt     a5, a7, pc - 40
core   0: 3 0x80008a44 (0xfd17cce3)
core   0: 0x80008a1c (0x00e58933) add     s2, a1, a4
core   0: 3 0x80008a1c (0x00e58933) x18 0x0000000a
core   0: 0x80008a20 (0x00178793) addi    a5, a5, 1
core   0: 3 0x80008a20 (0x00178793) x15 0x00000002
core   0: 0x80008a24 (0x014f1033) sll     zero, t5, s4
core   0: 3 0x80008a24 (0x014f1033)
core   0: 0x80008a28 (0x00a00413) li      s0, 10
core   0: 3 0x80008a28 (0x00a00413) x 8 0x0000000a
core   0: 0x80008a2c (0x00d00b13) li      s6, 13
core   0: 3 0x80008a2c (0x00d00b13) x22 0x0000000d
core   0: 0x80008a30 (0x0063ceb3) xor     t4, t2, t1
core   0: 3 0x80008a30 (0x0063ceb3) x29 0x0000055f
core   0: 0x80008a34 (0x00aceeb3) or      t4, s9, a0
core   0: 3 0x80008a34 (0x00aceeb3) x29 0xffffffff
core   0: 0x80008a38 (0x00940413) addi    s0, s0, 9
core   0: 3 0x80008a38 (0x00940413) x 8 0x00000013
core   0: 0x80008a3c (0xff644ae3) blt     s0, s6, pc - 12
core   0: 3 0x80008a3c (0xff644ae3)
core   0: 0x80008a40 (0x00000013) nop
core   0: 3 0x80008a40 (0x00000013)
core   0: 0x80008a44 (0xfd17cce3) blt     a5, a7, pc - 40
core   0: 3 0x80008a44 (0xfd17cce3)
core   0: 0x80008a1c (0x00e58933) add     s2, a1, a4
core   0: 3 0x80008a1c (0x00e58933) x18 0x0000000a
core   0: 0x80008a20 (0x00178793) addi    a5, a5, 1
core   0: 3 0x80008a20 (0x00178793) x15 0x00000003
core   0: 0x80008a24 (0x014f1033) sll     zero, t5, s4
core   0: 3 0x80008a24 (0x014f1033)
core   0: 0x80008a28 (0x00a00413) li      s0, 10
core   0: 3 0x80008a28 (0x00a00413) x 8 0x0000000a
core   0: 0x80008a2c (0x00d00b13) li      s6, 13
core   0: 3 0x80008a2c (0x00d00b13) x22 0x0000000d
core   0: 0x80008a30 (0x0063ceb3) xor     t4, t2, t1
core   0: 3 0x80008a30 (0x0063ceb3) x29 0x0000055f
core   0: 0x80008a34 (0x00aceeb3) or      t4, s9, a0
core   0: 3 0x80008a34 (0x00aceeb3) x29 0xffffffff
core   0: 0x80008a38 (0x00940413) addi    s0, s0, 9
core   0: 3 0x80008a38 (0x00940413) x 8 0x00000013
core   0: 0x80008a3c (0xff644ae3) blt     s0, s6, pc - 12
core   0: 3 0x80008a3c (0xff644ae3)
core   0: 0x80008a40 (0x00000013) nop
core   0: 3 0x80008a40 (0x00000013)
core   0: 0x80008a44 (0xfd17cce3) blt     a5, a7, pc - 40
core   0: 3 0x80008a44 (0xfd17cce3)
core   0: 0x80008a1c (0x00e58933) add     s2, a1, a4
core   0: 3 0x80008a1c (0x00e58933) x18 0x0000000a
core   0: 0x80008a20 (0x00178793) addi    a5, a5, 1
core   0: 3 0x80008a20 (0x00178793) x15 0x00000004
core   0: 0x80008a24 (0x014f1033) sll     zero, t5, s4
core   0: 3 0x80008a24 (0x014f1033)
core   0: 0x80008a28 (0x00a00413) li      s0, 10
core   0: 3 0x80008a28 (0x00a00413) x 8 0x0000000a
core   0: 0x80008a2c (0x00d00b13) li      s6, 13
core   0: 3 0x80008a2c (0x00d00b13) x22 0x0000000d
core   0: 0x80008a30 (0x0063ceb3) xor     t4, t2, t1
core   0: 3 0x80008a30 (0x0063ceb3) x29 0x0000055f
core   0: 0x80008a34 (0x00aceeb3) or      t4, s9, a0
core   0: 3 0x80008a34 (0x00aceeb3) x29 0xffffffff
core   0: 0x80008a38 (0x00940413) addi    s0, s0, 9
core   0: 3 0x80008a38 (0x00940413) x 8 0x00000013
core   0: 0x80008a3c (0xff644ae3) blt     s0, s6, pc - 12
core   0: 3 0x80008a3c (0xff644ae3)
core   0: 0x80008a40 (0x00000013) nop
core   0: 3 0x80008a40 (0x00000013)
core   0: 0x80008a44 (0xfd17cce3) blt     a5, a7, pc - 40
core   0: 3 0x80008a44 (0xfd17cce3)
core   0: 0x80008a1c (0x00e58933) add     s2, a1, a4
core   0: 3 0x80008a1c (0x00e58933) x18 0x0000000a
core   0: 0x80008a20 (0x00178793) addi    a5, a5, 1
core   0: 3 0x80008a20 (0x00178793) x15 0x00000005
core   0: 0x80008a24 (0x014f1033) sll     zero, t5, s4
core   0: 3 0x80008a24 (0x014f1033)
core   0: 0x80008a28 (0x00a00413) li      s0, 10
core   0: 3 0x80008a28 (0x00a00413) x 8 0x0000000a
core   0: 0x80008a2c (0x00d00b13) li      s6, 13
core   0: 3 0x80008a2c (0x00d00b13) x22 0x0000000d
core   0: 0x80008a30 (0x0063ceb3) xor     t4, t2, t1
core   0: 3 0x80008a30 (0x0063ceb3) x29 0x0000055f
core   0: 0x80008a34 (0x00aceeb3) or      t4, s9, a0
core   0: 3 0x80008a34 (0x00aceeb3) x29 0xffffffff
core   0: 0x80008a38 (0x00940413) addi    s0, s0, 9
core   0: 3 0x80008a38 (0x00940413) x 8 0x00000013
core   0: 0x80008a3c (0xff644ae3) blt     s0, s6, pc - 12
core   0: 3 0x80008a3c (0xff644ae3)
core   0: 0x80008a40 (0x00000013) nop
core   0: 3 0x80008a40 (0x00000013)
core   0: 0x80008a44 (0xfd17cce3) blt     a5, a7, pc - 40
core   0: 3 0x80008a44 (0xfd17cce3)
core   0: 0x80008a1c (0x00e58933) add     s2, a1, a4
core   0: 3 0x80008a1c (0x00e58933) x18 0x0000000a
core   0: 0x80008a20 (0x00178793) addi    a5, a5, 1
core   0: 3 0x80008a20 (0x00178793) x15 0x00000006
core   0: 0x80008a24 (0x014f1033) sll     zero, t5, s4
core   0: 3 0x80008a24 (0x014f1033)
core   0: 0x80008a28 (0x00a00413) li      s0, 10
core   0: 3 0x80008a28 (0x00a00413) x 8 0x0000000a
core   0: 0x80008a2c (0x00d00b13) li      s6, 13
core   0: 3 0x80008a2c (0x00d00b13) x22 0x0000000d
core   0: 0x80008a30 (0x0063ceb3) xor     t4, t2, t1
core   0: 3 0x80008a30 (0x0063ceb3) x29 0x0000055f
core   0: 0x80008a34 (0x00aceeb3) or      t4, s9, a0
core   0: 3 0x80008a34 (0x00aceeb3) x29 0xffffffff
core   0: 0x80008a38 (0x00940413) addi    s0, s0, 9
core   0: 3 0x80008a38 (0x00940413) x 8 0x00000013
core   0: 0x80008a3c (0xff644ae3) blt     s0, s6, pc - 12
core   0: 3 0x80008a3c (0xff644ae3)
core   0: 0x80008a40 (0x00000013) nop
core   0: 3 0x80008a40 (0x00000013)
core   0: 0x80008a44 (0xfd17cce3) blt     a5, a7, pc - 40
core   0: 3 0x80008a44 (0xfd17cce3)
core   0: 0x80008a1c (0x00e58933) add     s2, a1, a4
core   0: 3 0x80008a1c (0x00e58933) x18 0x0000000a
core   0: 0x80008a20 (0x00178793) addi    a5, a5, 1
core   0: 3 0x80008a20 (0x00178793) x15 0x00000007
core   0: 0x80008a24 (0x014f1033) sll     zero, t5, s4
core   0: 3 0x80008a24 (0x014f1033)
core   0: 0x80008a28 (0x00a00413) li      s0, 10
core   0: 3 0x80008a28 (0x00a00413) x 8 0x0000000a
core   0: 0x80008a2c (0x00d00b13) li      s6, 13
core   0: 3 0x80008a2c (0x00d00b13) x22 0x0000000d
core   0: 0x80008a30 (0x0063ceb3) xor     t4, t2, t1
core   0: 3 0x80008a30 (0x0063ceb3) x29 0x0000055f
core   0: 0x80008a34 (0x00aceeb3) or      t4, s9, a0
core   0: 3 0x80008a34 (0x00aceeb3) x29 0xffffffff
core   0: 0x80008a38 (0x00940413) addi    s0, s0, 9
core   0: 3 0x80008a38 (0x00940413) x 8 0x00000013
core   0: 0x80008a3c (0xff644ae3) blt     s0, s6, pc - 12
core   0: 3 0x80008a3c (0xff644ae3)
core   0: 0x80008a40 (0x00000013) nop
core   0: 3 0x80008a40 (0x00000013)
core   0: 0x80008a44 (0xfd17cce3) blt     a5, a7, pc - 40
core   0: 3 0x80008a44 (0xfd17cce3)
core   0: 0x80008a1c (0x00e58933) add     s2, a1, a4
core   0: 3 0x80008a1c (0x00e58933) x18 0x0000000a
core   0: 0x80008a20 (0x00178793) addi    a5, a5, 1
core   0: 3 0x80008a20 (0x00178793) x15 0x00000008
core   0: 0x80008a24 (0x014f1033) sll     zero, t5, s4
core   0: 3 0x80008a24 (0x014f1033)
core   0: 0x80008a28 (0x00a00413) li      s0, 10
core   0: 3 0x80008a28 (0x00a00413) x 8 0x0000000a
core   0: 0x80008a2c (0x00d00b13) li      s6, 13
core   0: 3 0x80008a2c (0x00d00b13) x22 0x0000000d
core   0: 0x80008a30 (0x0063ceb3) xor     t4, t2, t1
core   0: 3 0x80008a30 (0x0063ceb3) x29 0x0000055f
core   0: 0x80008a34 (0x00aceeb3) or      t4, s9, a0
core   0: 3 0x80008a34 (0x00aceeb3) x29 0xffffffff
core   0: 0x80008a38 (0x00940413) addi    s0, s0, 9
core   0: 3 0x80008a38 (0x00940413) x 8 0x00000013
core   0: 0x80008a3c (0xff644ae3) blt     s0, s6, pc - 12
core   0: 3 0x80008a3c (0xff644ae3)
core   0: 0x80008a40 (0x00000013) nop
core   0: 3 0x80008a40 (0x00000013)
core   0: 0x80008a44 (0xfd17cce3) blt     a5, a7, pc - 40
core   0: 3 0x80008a44 (0xfd17cce3)
core   0: 0x80008a1c (0x00e58933) add     s2, a1, a4
core   0: 3 0x80008a1c (0x00e58933) x18 0x0000000a
core   0: 0x80008a20 (0x00178793) addi    a5, a5, 1
core   0: 3 0x80008a20 (0x00178793) x15 0x00000009
core   0: 0x80008a24 (0x014f1033) sll     zero, t5, s4
core   0: 3 0x80008a24 (0x014f1033)
core   0: 0x80008a28 (0x00a00413) li      s0, 10
core   0: 3 0x80008a28 (0x00a00413) x 8 0x0000000a
core   0: 0x80008a2c (0x00d00b13) li      s6, 13
core   0: 3 0x80008a2c (0x00d00b13) x22 0x0000000d
core   0: 0x80008a30 (0x0063ceb3) xor     t4, t2, t1
core   0: 3 0x80008a30 (0x0063ceb3) x29 0x0000055f
core   0: 0x80008a34 (0x00aceeb3) or      t4, s9, a0
core   0: 3 0x80008a34 (0x00aceeb3) x29 0xffffffff
core   0: 0x80008a38 (0x00940413) addi    s0, s0, 9
core   0: 3 0x80008a38 (0x00940413) x 8 0x00000013
core   0: 0x80008a3c (0xff644ae3) blt     s0, s6, pc - 12
core   0: 3 0x80008a3c (0xff644ae3)
core   0: 0x80008a40 (0x00000013) nop
core   0: 3 0x80008a40 (0x00000013)
core   0: 0x80008a44 (0xfd17cce3) blt     a5, a7, pc - 40
core   0: 3 0x80008a44 (0xfd17cce3)
core   0: 0x80008a1c (0x00e58933) add     s2, a1, a4
core   0: 3 0x80008a1c (0x00e58933) x18 0x0000000a
core   0: 0x80008a20 (0x00178793) addi    a5, a5, 1
core   0: 3 0x80008a20 (0x00178793) x15 0x0000000a
core   0: 0x80008a24 (0x014f1033) sll     zero, t5, s4
core   0: 3 0x80008a24 (0x014f1033)
core   0: 0x80008a28 (0x00a00413) li      s0, 10
core   0: 3 0x80008a28 (0x00a00413) x 8 0x0000000a
core   0: 0x80008a2c (0x00d00b13) li      s6, 13
core   0: 3 0x80008a2c (0x00d00b13) x22 0x0000000d
core   0: 0x80008a30 (0x0063ceb3) xor     t4, t2, t1
core   0: 3 0x80008a30 (0x0063ceb3) x29 0x0000055f
core   0: 0x80008a34 (0x00aceeb3) or      t4, s9, a0
core   0: 3 0x80008a34 (0x00aceeb3) x29 0xffffffff
core   0: 0x80008a38 (0x00940413) addi    s0, s0, 9
core   0: 3 0x80008a38 (0x00940413) x 8 0x00000013
core   0: 0x80008a3c (0xff644ae3) blt     s0, s6, pc - 12
core   0: 3 0x80008a3c (0xff644ae3)
core   0: 0x80008a40 (0x00000013) nop
core   0: 3 0x80008a40 (0x00000013)
core   0: 0x80008a44 (0xfd17cce3) blt     a5, a7, pc - 40
core   0: 3 0x80008a44 (0xfd17cce3)
core   0: 0x80008a1c (0x00e58933) add     s2, a1, a4
core   0: 3 0x80008a1c (0x00e58933) x18 0x0000000a
core   0: 0x80008a20 (0x00178793) addi    a5, a5, 1
core   0: 3 0x80008a20 (0x00178793) x15 0x0000000b
core   0: 0x80008a24 (0x014f1033) sll     zero, t5, s4
core   0: 3 0x80008a24 (0x014f1033)
core   0: 0x80008a28 (0x00a00413) li      s0, 10
core   0: 3 0x80008a28 (0x00a00413) x 8 0x0000000a
core   0: 0x80008a2c (0x00d00b13) li      s6, 13
core   0: 3 0x80008a2c (0x00d00b13) x22 0x0000000d
core   0: 0x80008a30 (0x0063ceb3) xor     t4, t2, t1
core   0: 3 0x80008a30 (0x0063ceb3) x29 0x0000055f
core   0: 0x80008a34 (0x00aceeb3) or      t4, s9, a0
core   0: 3 0x80008a34 (0x00aceeb3) x29 0xffffffff
core   0: 0x80008a38 (0x00940413) addi    s0, s0, 9
core   0: 3 0x80008a38 (0x00940413) x 8 0x00000013
core   0: 0x80008a3c (0xff644ae3) blt     s0, s6, pc - 12
core   0: 3 0x80008a3c (0xff644ae3)
core   0: 0x80008a40 (0x00000013) nop
core   0: 3 0x80008a40 (0x00000013)
core   0: 0x80008a44 (0xfd17cce3) blt     a5, a7, pc - 40
core   0: 3 0x80008a44 (0xfd17cce3)
core   0: 0x80008a1c (0x00e58933) add     s2, a1, a4
core   0: 3 0x80008a1c (0x00e58933) x18 0x0000000a
core   0: 0x80008a20 (0x00178793) addi    a5, a5, 1
core   0: 3 0x80008a20 (0x00178793) x15 0x0000000c
core   0: 0x80008a24 (0x014f1033) sll     zero, t5, s4
core   0: 3 0x80008a24 (0x014f1033)
core   0: 0x80008a28 (0x00a00413) li      s0, 10
core   0: 3 0x80008a28 (0x00a00413) x 8 0x0000000a
core   0: 0x80008a2c (0x00d00b13) li      s6, 13
core   0: 3 0x80008a2c (0x00d00b13) x22 0x0000000d
core   0: 0x80008a30 (0x0063ceb3) xor     t4, t2, t1
core   0: 3 0x80008a30 (0x0063ceb3) x29 0x0000055f
core   0: 0x80008a34 (0x00aceeb3) or      t4, s9, a0
core   0: 3 0x80008a34 (0x00aceeb3) x29 0xffffffff
core   0: 0x80008a38 (0x00940413) addi    s0, s0, 9
core   0: 3 0x80008a38 (0x00940413) x 8 0x00000013
core   0: 0x80008a3c (0xff644ae3) blt     s0, s6, pc - 12
core   0: 3 0x80008a3c (0xff644ae3)
core   0: 0x80008a40 (0x00000013) nop
core   0: 3 0x80008a40 (0x00000013)
core   0: 0x80008a44 (0xfd17cce3) blt     a5, a7, pc - 40
core   0: 3 0x80008a44 (0xfd17cce3)
core   0: 0x80008a1c (0x00e58933) add     s2, a1, a4
core   0: 3 0x80008a1c (0x00e58933) x18 0x0000000a
core   0: 0x80008a20 (0x00178793) addi    a5, a5, 1
core   0: 3 0x80008a20 (0x00178793) x15 0x0000000d
core   0: 0x80008a24 (0x014f1033) sll     zero, t5, s4
core   0: 3 0x80008a24 (0x014f1033)
core   0: 0x80008a28 (0x00a00413) li      s0, 10
core   0: 3 0x80008a28 (0x00a00413) x 8 0x0000000a
core   0: 0x80008a2c (0x00d00b13) li      s6, 13
core   0: 3 0x80008a2c (0x00d00b13) x22 0x0000000d
core   0: 0x80008a30 (0x0063ceb3) xor     t4, t2, t1
core   0: 3 0x80008a30 (0x0063ceb3) x29 0x0000055f
core   0: 0x80008a34 (0x00aceeb3) or      t4, s9, a0
core   0: 3 0x80008a34 (0x00aceeb3) x29 0xffffffff
core   0: 0x80008a38 (0x00940413) addi    s0, s0, 9
core   0: 3 0x80008a38 (0x00940413) x 8 0x00000013
core   0: 0x80008a3c (0xff644ae3) blt     s0, s6, pc - 12
core   0: 3 0x80008a3c (0xff644ae3)
core   0: 0x80008a40 (0x00000013) nop
core   0: 3 0x80008a40 (0x00000013)
core   0: 0x80008a44 (0xfd17cce3) blt     a5, a7, pc - 40
core   0: 3 0x80008a44 (0xfd17cce3)
core   0: 0x80008a1c (0x00e58933) add     s2, a1, a4
core   0: 3 0x80008a1c (0x00e58933) x18 0x0000000a
core   0: 0x80008a20 (0x00178793) addi    a5, a5, 1
core   0: 3 0x80008a20 (0x00178793) x15 0x0000000e
core   0: 0x80008a24 (0x014f1033) sll     zero, t5, s4
core   0: 3 0x80008a24 (0x014f1033)
core   0: 0x80008a28 (0x00a00413) li      s0, 10
core   0: 3 0x80008a28 (0x00a00413) x 8 0x0000000a
core   0: 0x80008a2c (0x00d00b13) li      s6, 13
core   0: 3 0x80008a2c (0x00d00b13) x22 0x0000000d
core   0: 0x80008a30 (0x0063ceb3) xor     t4, t2, t1
core   0: 3 0x80008a30 (0x0063ceb3) x29 0x0000055f
core   0: 0x80008a34 (0x00aceeb3) or      t4, s9, a0
core   0: 3 0x80008a34 (0x00aceeb3) x29 0xffffffff
core   0: 0x80008a38 (0x00940413) addi    s0, s0, 9
core   0: 3 0x80008a38 (0x00940413) x 8 0x00000013
core   0: 0x80008a3c (0xff644ae3) blt     s0, s6, pc - 12
core   0: 3 0x80008a3c (0xff644ae3)
core   0: 0x80008a40 (0x00000013) nop
core   0: 3 0x80008a40 (0x00000013)
core   0: 0x80008a44 (0xfd17cce3) blt     a5, a7, pc - 40
core   0: 3 0x80008a44 (0xfd17cce3)
core   0: 0x80008a1c (0x00e58933) add     s2, a1, a4
core   0: 3 0x80008a1c (0x00e58933) x18 0x0000000a
core   0: 0x80008a20 (0x00178793) addi    a5, a5, 1
core   0: 3 0x80008a20 (0x00178793) x15 0x0000000f
core   0: 0x80008a24 (0x014f1033) sll     zero, t5, s4
core   0: 3 0x80008a24 (0x014f1033)
core   0: 0x80008a28 (0x00a00413) li      s0, 10
core   0: 3 0x80008a28 (0x00a00413) x 8 0x0000000a
core   0: 0x80008a2c (0x00d00b13) li      s6, 13
core   0: 3 0x80008a2c (0x00d00b13) x22 0x0000000d
core   0: 0x80008a30 (0x0063ceb3) xor     t4, t2, t1
core   0: 3 0x80008a30 (0x0063ceb3) x29 0x0000055f
core   0: 0x80008a34 (0x00aceeb3) or      t4, s9, a0
core   0: 3 0x80008a34 (0x00aceeb3) x29 0xffffffff
core   0: 0x80008a38 (0x00940413) addi    s0, s0, 9
core   0: 3 0x80008a38 (0x00940413) x 8 0x00000013
core   0: 0x80008a3c (0xff644ae3) blt     s0, s6, pc - 12
core   0: 3 0x80008a3c (0xff644ae3)
core   0: 0x80008a40 (0x00000013) nop
core   0: 3 0x80008a40 (0x00000013)
core   0: 0x80008a44 (0xfd17cce3) blt     a5, a7, pc - 40
core   0: 3 0x80008a44 (0xfd17cce3)
core   0: 0x80008a1c (0x00e58933) add     s2, a1, a4
core   0: 3 0x80008a1c (0x00e58933) x18 0x0000000a
core   0: 0x80008a20 (0x00178793) addi    a5, a5, 1
core   0: 3 0x80008a20 (0x00178793) x15 0x00000010
core   0: 0x80008a24 (0x014f1033) sll     zero, t5, s4
core   0: 3 0x80008a24 (0x014f1033)
core   0: 0x80008a28 (0x00a00413) li      s0, 10
core   0: 3 0x80008a28 (0x00a00413) x 8 0x0000000a
core   0: 0x80008a2c (0x00d00b13) li      s6, 13
core   0: 3 0x80008a2c (0x00d00b13) x22 0x0000000d
core   0: 0x80008a30 (0x0063ceb3) xor     t4, t2, t1
core   0: 3 0x80008a30 (0x0063ceb3) x29 0x0000055f
core   0: 0x80008a34 (0x00aceeb3) or      t4, s9, a0
core   0: 3 0x80008a34 (0x00aceeb3) x29 0xffffffff
core   0: 0x80008a38 (0x00940413) addi    s0, s0, 9
core   0: 3 0x80008a38 (0x00940413) x 8 0x00000013
core   0: 0x80008a3c (0xff644ae3) blt     s0, s6, pc - 12
core   0: 3 0x80008a3c (0xff644ae3)
core   0: 0x80008a40 (0x00000013) nop
core   0: 3 0x80008a40 (0x00000013)
core   0: 0x80008a44 (0xfd17cce3) blt     a5, a7, pc - 40
core   0: 3 0x80008a44 (0xfd17cce3)
core   0: 0x80008a1c (0x00e58933) add     s2, a1, a4
core   0: 3 0x80008a1c (0x00e58933) x18 0x0000000a
core   0: 0x80008a20 (0x00178793) addi    a5, a5, 1
core   0: 3 0x80008a20 (0x00178793) x15 0x00000011
core   0: 0x80008a24 (0x014f1033) sll     zero, t5, s4
core   0: 3 0x80008a24 (0x014f1033)
core   0: 0x80008a28 (0x00a00413) li      s0, 10
core   0: 3 0x80008a28 (0x00a00413) x 8 0x0000000a
core   0: 0x80008a2c (0x00d00b13) li      s6, 13
core   0: 3 0x80008a2c (0x00d00b13) x22 0x0000000d
core   0: 0x80008a30 (0x0063ceb3) xor     t4, t2, t1
core   0: 3 0x80008a30 (0x0063ceb3) x29 0x0000055f
core   0: 0x80008a34 (0x00aceeb3) or      t4, s9, a0
core   0: 3 0x80008a34 (0x00aceeb3) x29 0xffffffff
core   0: 0x80008a38 (0x00940413) addi    s0, s0, 9
core   0: 3 0x80008a38 (0x00940413) x 8 0x00000013
core   0: 0x80008a3c (0xff644ae3) blt     s0, s6, pc - 12
core   0: 3 0x80008a3c (0xff644ae3)
core   0: 0x80008a40 (0x00000013) nop
core   0: 3 0x80008a40 (0x00000013)
core   0: 0x80008a44 (0xfd17cce3) blt     a5, a7, pc - 40
core   0: 3 0x80008a44 (0xfd17cce3)
core   0: 0x80008a1c (0x00e58933) add     s2, a1, a4
core   0: 3 0x80008a1c (0x00e58933) x18 0x0000000a
core   0: 0x80008a20 (0x00178793) addi    a5, a5, 1
core   0: 3 0x80008a20 (0x00178793) x15 0x00000012
core   0: 0x80008a24 (0x014f1033) sll     zero, t5, s4
core   0: 3 0x80008a24 (0x014f1033)
core   0: 0x80008a28 (0x00a00413) li      s0, 10
core   0: 3 0x80008a28 (0x00a00413) x 8 0x0000000a
core   0: 0x80008a2c (0x00d00b13) li      s6, 13
core   0: 3 0x80008a2c (0x00d00b13) x22 0x0000000d
core   0: 0x80008a30 (0x0063ceb3) xor     t4, t2, t1
core   0: 3 0x80008a30 (0x0063ceb3) x29 0x0000055f
core   0: 0x80008a34 (0x00aceeb3) or      t4, s9, a0
core   0: 3 0x80008a34 (0x00aceeb3) x29 0xffffffff
core   0: 0x80008a38 (0x00940413) addi    s0, s0, 9
core   0: 3 0x80008a38 (0x00940413) x 8 0x00000013
core   0: 0x80008a3c (0xff644ae3) blt     s0, s6, pc - 12
core   0: 3 0x80008a3c (0xff644ae3)
core   0: 0x80008a40 (0x00000013) nop
core   0: 3 0x80008a40 (0x00000013)
core   0: 0x80008a44 (0xfd17cce3) blt     a5, a7, pc - 40
core   0: 3 0x80008a44 (0xfd17cce3)
core   0: 0x80008a48 (0x00611a33) sll     s4, sp, t1
core   0: 3 0x80008a48 (0x00611a33) x20 0x0000001e
core   0: 0x80008a4c (0xff800513) li      a0, -8
core   0: 3 0x80008a4c (0xff800513) x10 0xfffffff8
core   0: 0x80008a50 (0xff200793) li      a5, -14
core   0: 3 0x80008a50 (0xff200793) x15 0xfffffff2
core   0: 0x80008a54 (0x01ee21b3) slt     gp, t3, t5
core   0: 3 0x80008a54 (0x01ee21b3) x 3 0x00000000
core   0: 0x80008a58 (0x00cbc2b3) xor     t0, s7, a2
core   0: 3 0x80008a58 (0x00cbc2b3) x 5 0xb7bcfe58
core   0: 0x80008a5c (0xff650513) addi    a0, a0, -10
core   0: 3 0x80008a5c (0xff650513) x10 0xffffffee
core   0: 0x80008a60 (0x00a00b13) li      s6, 10
core   0: 3 0x80008a60 (0x00a00b13) x22 0x0000000a
core   0: 0x80008a64 (0x00a00393) li      t2, 10
core   0: 3 0x80008a64 (0x00a00393) x 7 0x0000000a
core   0: 0x80008a68 (0x011b1193) slli    gp, s6, 17
core   0: 3 0x80008a68 (0x011b1193) x 3 0x00140000
core   0: 0x80008a6c (0x26177113) andi    sp, a4, 609
core   0: 3 0x80008a6c (0x26177113) x 2 0x00000261
core   0: 0x80008a70 (0xff7b0b13) addi    s6, s6, -9
core   0: 3 0x80008a70 (0xff7b0b13) x22 0x00000001
core   0: 0x80008a74 (0x0031f893) andi    a7, gp, 3
core   0: 3 0x80008a74 (0x0031f893) x17 0x00000000
core   0: 0x80008a78 (0xfe7b7ae3) bgeu    s6, t2, pc - 12
core   0: 3 0x80008a78 (0xfe7b7ae3)
core   0: 0x80008a7c (0xafc47a17) auipc   s4, 0xafc47
core   0: 3 0x80008a7c (0xafc47a17) x20 0x2fc4fa7c
core   0: 0x80008a80 (0x0000100f) fence.i
core   0: 3 0x80008a80 (0x0000100f)
core   0: 0x80008a84 (0x00fa8fb3) add     t6, s5, a5
core   0: 3 0x80008a84 (0x00fa8fb3) x31 0xfdb012ad
core   0: 0x80008a88 (0xfcf558e3) bge     a0, a5, pc - 48
core   0: 3 0x80008a88 (0xfcf558e3)
core   0: 0x80008a8c (0x5fcf5cb7) lui     s9, 0x5fcf5
core   0: 3 0x80008a8c (0x5fcf5cb7) x25 0x5fcf5000
core   0: 0x80008a90 (0x00a00513) li      a0, 10
core   0: 3 0x80008a90 (0x00a00513) x10 0x0000000a
core   0: 0x80008a94 (0x01670633) add     a2, a4, s6
core   0: 3 0x80008a94 (0x01670633) x12 0xfffffff2
core   0: 0x80008a98 (0xae31f313) andi    t1, gp, -1309
core   0: 3 0x80008a98 (0xae31f313) x 6 0x00140000
core   0: 0x80008a9c (0x00a00893) li      a7, 10
core   0: 3 0x80008a9c (0x00a00893) x17 0x0000000a
core   0: 0x80008aa0 (0x01e36b33) or      s6, t1, t5
core   0: 3 0x80008aa0 (0x01e36b33) x22 0x00140000
core   0: 0x80008aa4 (0x41a205b3) sub     a1, tp, s10
core   0: 3 0x80008aa4 (0x41a205b3) x11 0xaa1097eb
core   0: 0x80008aa8 (0xcfe08a13) addi    s4, ra, -770
core   0: 3 0x80008aa8 (0xcfe08a13) x20 0xfffffd29
core   0: 0x80008aac (0x01e053b3) srl     t2, zero, t5
core   0: 3 0x80008aac (0x01e053b3) x 7 0x00000000
core   0: 0x80008ab0 (0x00ffd093) srli    ra, t6, 15
core   0: 3 0x80008ab0 (0x00ffd093) x 1 0x0001fb60
core   0: 0x80008ab4 (0xff750513) addi    a0, a0, -9
core   0: 3 0x80008ab4 (0xff750513) x10 0x00000001
core   0: 0x80008ab8 (0x406403b3) sub     t2, s0, t1
core   0: 3 0x80008ab8 (0x406403b3) x 7 0xffec0013
core   0: 0x80008abc (0x40018833) sub     a6, gp, zero
core   0: 3 0x80008abc (0x40018833) x16 0x00140000
core   0: 0x80008ac0 (0x00f875b3) and     a1, a6, a5
core   0: 3 0x80008ac0 (0x00f875b3) x11 0x00140000
core   0: 0x80008ac4 (0x01c9d7b3) srl     a5, s3, t3
core   0: 3 0x80008ac4 (0x01c9d7b3) x15 0x00000001
core   0: 0x80008ac8 (0xfd157ee3) bgeu    a0, a7, pc - 36
core   0: 3 0x80008ac8 (0xfd157ee3)
core   0: 0x80008acc (0x0ff0000f) fence   iorw,iorw
core   0: 3 0x80008acc (0x0ff0000f)
core   0: 0x80008ad0 (0x00300713) li      a4, 3
core   0: 3 0x80008ad0 (0x00300713) x14 0x00000003
core   0: 0x80008ad4 (0x00900513) li      a0, 9
core   0: 3 0x80008ad4 (0x00900513) x10 0x00000009
core   0: 0x80008ad8 (0x00000013) nop
core   0: 3 0x80008ad8 (0x00000013)
core   0: 0x80008adc (0xbe3e8193) addi    gp, t4, -1053
core   0: 3 0x80008adc (0xbe3e8193) x 3 0xfffffbe2
core   0: 0x80008ae0 (0x00a2e3b3) or      t2, t0, a0
core   0: 3 0x80008ae0 (0x00a2e3b3) x 7 0xb7bcfe59
core   0: 0x80008ae4 (0x00970713) addi    a4, a4, 9
core   0: 3 0x80008ae4 (0x00970713) x14 0x0000000c
core   0: 0x80008ae8 (0x00981193) slli    gp, a6, 9
core   0: 3 0x80008ae8 (0x00981193) x 3 0x28000000
core   0: 0x80008aec (0x01c2b0b3) sltu    ra, t0, t3
core   0: 3 0x80008aec (0x01c2b0b3) x 1 0x00000000
core   0: 0x80008af0 (0x7c722c93) slti    s9, tp, 1991
core   0: 3 0x80008af0 (0x7c722c93) x25 0x00000001
core   0: 0x80008af4 (0xfea744e3) blt     a4, a0, pc - 24
core   0: 3 0x80008af4 (0xfea744e3)
core   0: 0x80008af8 (0x00000013) nop
core   0: 3 0x80008af8 (0x00000013)
core   0: 0x80008afc (0x009c1533) sll     a0, s8, s1
core   0: 3 0x80008afc (0x009c1533) x10 0x00002b80
core   0: 0x80008b00 (0xf503f937) lui     s2, 0xf503f
core   0: 3 0x80008b00 (0xf503f937) x18 0xf503f000
core   0: 0x80008b04 (0x001cc5b3) xor     a1, s9, ra
core   0: 3 0x80008b04 (0x001cc5b3) x11 0x00000001
core   0: 0x80008b08 (0x0000100f) fence.i
core   0: 3 0x80008b08 (0x0000100f)
core   0: 0x80008b0c (0x0000100f) fence.i
core   0: 3 0x80008b0c (0x0000100f)
core   0: 0x80008b10 (0x4361a293) slti    t0, gp, 1078
core   0: 3 0x80008b10 (0x4361a293) x 5 0x00000000
core   0: 0x80008b14 (0x01be9f13) slli    t5, t4, 27
core   0: 3 0x80008b14 (0x01be9f13) x30 0xf8000000
core   0: 0x80008b18 (0x01af9513) slli    a0, t6, 26
core   0: 3 0x80008b18 (0x01af9513) x10 0xb4000000
core   0: 0x80008b1c (0x0098d863) bge     a7, s1, pc + 16
core   0: 3 0x80008b1c (0x0098d863)
core   0: 0x80008b2c (0x0000100f) fence.i
core   0: 3 0x80008b2c (0x0000100f)
core   0: 0x80008b30 (0x009a9a13) slli    s4, s5, 9
core   0: 3 0x80008b30 (0x009a9a13) x20 0x60257600
core   0: 0x80008b34 (0x01608333) add     t1, ra, s6
core   0: 3 0x80008b34 (0x01608333) x 6 0x00140000
core   0: 0x80008b38 (0x67d3ad97) auipc   s11, 0x67d3a
core   0: 3 0x80008b38 (0x67d3ad97) x27 0xe7d42b38
core   0: 0x80008b3c (0x297b0513) addi    a0, s6, 663
core   0: 3 0x80008b3c (0x297b0513) x10 0x00140297
core   0: 0x80008b40 (0x01a9c533) xor     a0, s3, s10
core   0: 3 0x80008b40 (0x01a9c533) x10 0x55ef6821
core   0: 0x80008b44 (0x54862793) slti    a5, a2, 1352
core   0: 3 0x80008b44 (0x54862793) x15 0x00000001
core   0: 0x80008b48 (0xcaa07993) andi    s3, zero, -854
core   0: 3 0x80008b48 (0xcaa07993) x19 0x00000000
core   0: 0x80008b4c (0xecf66f93) ori     t6, a2, -305
core   0: 3 0x80008b4c (0xecf66f93) x31 0xffffffff
core   0: 0x80008b50 (0x08984e63) blt     a6, s1, pc + 156
core   0: 3 0x80008b50 (0x08984e63)
core   0: 0x80008b54 (0x01921eb3) sll     t4, tp, s9
core   0: 3 0x80008b54 (0x01921eb3) x29 0x00000016
core   0: 0x80008b58 (0x00e3d413) srli    s0, t2, 14
core   0: 3 0x80008b58 (0x00e3d413) x 8 0x0002def3
core   0: 0x80008b5c (0x019152b3) srl     t0, sp, s9
core   0: 3 0x80008b5c (0x019152b3) x 5 0x00000130
core   0: 0x80008b60 (0x08be5c63) bge     t3, a1, pc + 152
core   0: 3 0x80008b60 (0x08be5c63)
core   0: 0x80008bf8 (0x0192e633) or      a2, t0, s9
core   0: 3 0x80008bf8 (0x0192e633) x12 0x00000131
core   0: 0x80008bfc (0x01d81c93) slli    s9, a6, 29
core   0: 3 0x80008bfc (0x01d81c93) x25 0x00000000
core   0: 0x80008c00 (0x00a8a0b3) slt     ra, a7, a0
core   0: 3 0x80008c00 (0x00a8a0b3) x 1 0x00000001
core   0: 0x80008c04 (0x7fe5a193) slti    gp, a1, 2046
core   0: 3 0x80008c04 (0x7fe5a193) x 3 0x00000001
core   0: 0x80008c08 (0x0000100f) fence.i
core   0: 3 0x80008c08 (0x0000100f)
core   0: 0x80008c0c (0xc9bd0313) addi    t1, s10, -869
core   0: 3 0x80008c0c (0xc9bd0313) x 6 0x55ef64bb
core   0: 0x80008c10 (0x05cd8863) beq     s11, t3, pc + 80
core   0: 3 0x80008c10 (0x05cd8863)
core   0: 0x80008c14 (0x016477b3) and     a5, s0, s6
core   0: 3 0x80008c14 (0x016477b3) x15 0x00000000
core   0: 0x80008c18 (0x00000013) nop
core   0: 3 0x80008c18 (0x00000013)
core   0: 0x80008c1c (0x00fb7a63) bgeu    s6, a5, pc + 20
core   0: 3 0x80008c1c (0x00fb7a63)
core   0: 0x80008c30 (0x1fee6f93) ori     t6, t3, 510
core   0: 3 0x80008c30 (0x1fee6f93) x31 0x7ffdb1fe
core   0: 0x80008c34 (0x4006da13) srai    s4, a3, 0
core   0: 3 0x80008c34 (0x4006da13) x20 0xfffffff3
core   0: 0x80008c38 (0x0065f2b3) and     t0, a1, t1
core   0: 3 0x80008c38 (0x0065f2b3) x 5 0x00000001
core   0: 0x80008c3c (0x00e612b3) sll     t0, a2, a4
core   0: 3 0x80008c3c (0x00e612b3) x 5 0x00131000
core   0: 0x80008c40 (0x407a5693) srai    a3, s4, 7
core   0: 3 0x80008c40 (0x407a5693) x13 0xffffffff
core   0: 0x80008c44 (0x0320a593) slti    a1, ra, 50
core   0: 3 0x80008c44 (0x0320a593) x11 0x00000001
core   0: 0x80008c48 (0x00af2933) slt     s2, t5, a0
core   0: 3 0x80008c48 (0x00af2933) x18 0x00000001
core   0: 0x80008c4c (0x41475313) srai    t1, a4, 20
core   0: 3 0x80008c4c (0x41475313) x 6 0x00000000
core   0: 0x80008c50 (0x50d5bd13) sltiu   s10, a1, 1293
core   0: 3 0x80008c50 (0x50d5bd13) x26 0x00000001
core   0: 0x80008c54 (0x012ee633) or      a2, t4, s2
core   0: 3 0x80008c54 (0x012ee633) x12 0x00000017
core   0: 0x80008c58 (0xb4392293) slti    t0, s2, -1213
core   0: 3 0x80008c58 (0xb4392293) x 5 0x00000000
core   0: 0x80008c5c (0x40c3d7b3) sra     a5, t2, a2
core   0: 3 0x80008c5c (0x40c3d7b3) x15 0xffffff6f
core   0: 0x80008c60 (0x133b8413) addi    s0, s7, 307
core   0: 3 0x80008c60 (0x133b8413) x 8 0x80024f8b
core   0: 0x80008c64 (0x016bf863) bgeu    s7, s6, pc + 16
core   0: 3 0x80008c64 (0x016bf863)
core   0: 0x80008c74 (0x0171e663) bltu    gp, s7, pc + 12
core   0: 3 0x80008c74 (0x0171e663)
core   0: 0x80008c80 (0x00a51633) sll     a2, a0, a0
core   0: 3 0x80008c80 (0x00a51633) x12 0xabded042
core   0: 0x80008c84 (0x8f7515b7) lui     a1, 0x8f751
core   0: 3 0x80008c84 (0x8f7515b7) x11 0x8f751000
core   0: 0x80008c88 (0x0199ec63) bltu    s3, s9, pc + 24
core   0: 3 0x80008c88 (0x0199ec63)
core   0: 0x80008c8c (0xbc15e513) ori     a0, a1, -1087
core   0: 3 0x80008c8c (0xbc15e513) x10 0xfffffbc1
core   0: 0x80008c90 (0x41a8d513) srai    a0, a7, 26
core   0: 3 0x80008c90 (0x41a8d513) x10 0x00000000
core   0: 0x80008c94 (0x0ff0000f) fence   iorw,iorw
core   0: 3 0x80008c94 (0x0ff0000f)
core   0: 0x80008c98 (0x00991c63) bne     s2, s1, pc + 24
core   0: 3 0x80008c98 (0x00991c63)
core   0: 0x80008cb0 (0x0ff0000f) fence   iorw,iorw
core   0: 3 0x80008cb0 (0x0ff0000f)
core   0: 0x80008cb4 (0x860f2d13) slti    s10, t5, -1952
core   0: 3 0x80008cb4 (0x860f2d13) x26 0x00000001
core   0: 0x80008cb8 (0x403c82b3) sub     t0, s9, gp
core   0: 3 0x80008cb8 (0x403c82b3) x 5 0xffffffff
core   0: 0x80008cbc (0x0ff0000f) fence   iorw,iorw
core   0: 3 0x80008cbc (0x0ff0000f)
core   0: 0x80008cc0 (0x004ce433) or      s0, s9, tp
core   0: 3 0x80008cc0 (0x004ce433) x 8 0x0000000b
core   0: 0x80008cc4 (0x41de5213) srai    tp, t3, 29
core   0: 3 0x80008cc4 (0x41de5213) x 4 0x00000003
core   0: 0x80008cc8 (0x9014b093) sltiu   ra, s1, -1791
core   0: 3 0x80008cc8 (0x9014b093) x 1 0x00000001
core   0: 0x80008ccc (0x01475d93) srli    s11, a4, 20
core   0: 3 0x80008ccc (0x01475d93) x27 0x00000000
core   0: 0x80008cd0 (0x04e56263) bltu    a0, a4, pc + 68
core   0: 3 0x80008cd0 (0x04e56263)
core   0: 0x80008d14 (0x002505b3) add     a1, a0, sp
core   0: 3 0x80008d14 (0x002505b3) x11 0x00000261
core   0: 0x80008d18 (0x01137263) bgeu    t1, a7, pc + 4
core   0: 3 0x80008d18 (0x01137263)
core   0: 0x80008d1c (0x00000013) nop
core   0: 3 0x80008d1c (0x00000013)
core   0: 0x80008d20 (0x40e20833) sub     a6, tp, a4
core   0: 3 0x80008d20 (0x40e20833) x16 0xfffffff7
core   0: 0x80008d24 (0x00000013) nop
core   0: 3 0x80008d24 (0x00000013)
core   0: 0x80008d28 (0x0048e7b3) or      a5, a7, tp
core   0: 3 0x80008d28 (0x0048e7b3) x15 0x0000000b
core   0: 0x80008d2c (0x002befb3) or      t6, s7, sp
core   0: 3 0x80008d2c (0x002befb3) x31 0x80024e79
core   0: 0x80008d30 (0x0064c663) blt     s1, t1, pc + 12
core   0: 3 0x80008d30 (0x0064c663)
core   0: 0x80008d3c (0x7ab63213) sltiu   tp, a2, 1963
core   0: 3 0x80008d3c (0x7ab63213) x 4 0x00000000
core   0: 0x80008d40 (0xcdcccb13) xori    s6, s9, -804
core   0: 3 0x80008d40 (0xcdcccb13) x22 0xfffffcdc
core   0: 0x80008d44 (0x00000013) nop
core   0: 3 0x80008d44 (0x00000013)
core   0: 0x80008d48 (0x02e37863) bgeu    t1, a4, pc + 48
core   0: 3 0x80008d48 (0x02e37863)
core   0: 0x80008d4c (0x01185713) srli    a4, a6, 17
core   0: 3 0x80008d4c (0x01185713) x14 0x00007fff
core   0: 0x80008d50 (0x016baf33) slt     t5, s7, s6
core   0: 3 0x80008d50 (0x016baf33) x30 0x00000001
core   0: 0x80008d54 (0x01d36a63) bltu    t1, t4, pc + 20
core   0: 3 0x80008d54 (0x01d36a63)
core   0: 0x80008d68 (0x001b56b3) srl     a3, s6, ra
core   0: 3 0x80008d68 (0x001b56b3) x13 0x7ffffe6e
core   0: 0x80008d6c (0xfa5cc693) xori    a3, s9, -91
core   0: 3 0x80008d6c (0xfa5cc693) x13 0xffffffa5
core   0: 0x80008d70 (0x41ec5f13) srai    t5, s8, 30
core   0: 3 0x80008d70 (0x41ec5f13) x30 0x00000000
core   0: 0x80008d74 (0x00abd613) srli    a2, s7, 10
core   0: 3 0x80008d74 (0x00abd613) x12 0x00200093
core   0: 0x80008d78 (0x00000013) nop
core   0: 3 0x80008d78 (0x00000013)
core   0: 0x80008d7c (0x78d43013) sltiu   zero, s0, 1933
core   0: 3 0x80008d7c (0x78d43013)
core   0: 0x80008d80 (0x9c0e3a13) sltiu   s4, t3, -1600
core   0: 3 0x80008d80 (0x9c0e3a13) x20 0x00000001
core   0: 0x80008d84 (0x0000100f) fence.i
core   0: 3 0x80008d84 (0x0000100f)
core   0: 0x80008d88 (0x00000013) nop
core   0: 3 0x80008d88 (0x00000013)
core   0: 0x80008d8c (0xdc736293) ori     t0, t1, -569
core   0: 3 0x80008d8c (0xdc736293) x 5 0xfffffdc7
core   0: 0x80008d90 (0x41b2d433) sra     s0, t0, s11
core   0: 3 0x80008d90 (0x41b2d433) x 8 0xfffffdc7
core   0: 0x80008d94 (0x053af863) bgeu    s5, s3, pc + 80
core   0: 3 0x80008d94 (0x053af863)
core   0: 0x80008de4 (0x038e8063) beq     t4, s8, pc + 32
core   0: 3 0x80008de4 (0x038e8063)
core   0: 0x80008de8 (0x00821393) slli    t2, tp, 8
core   0: 3 0x80008de8 (0x00821393) x 7 0x00000000
core   0: 0x80008dec (0x412f50b3) sra     ra, t5, s2
core   0: 3 0x80008dec (0x412f50b3) x 1 0x00000000
core   0: 0x80008df0 (0x0495c863) blt     a1, s1, pc + 80
core   0: 3 0x80008df0 (0x0495c863)
core   0: 0x80008df4 (0x022d5663) bge     s10, sp, pc + 44
core   0: 3 0x80008df4 (0x022d5663)
core   0: 0x80008df8 (0x01968033) add     zero, a3, s9
core   0: 3 0x80008df8 (0x01968033)
core   0: 0x80008dfc (0x0ff0000f) fence   iorw,iorw
core   0: 3 0x80008dfc (0x0ff0000f)
core   0: 0x80008e00 (0x00054d33) xor     s10, a0, zero
core   0: 3 0x80008e00 (0x00054d33) x26 0x00000000
core   0: 0x80008e04 (0x41b45893) srai    a7, s0, 27
core   0: 3 0x80008e04 (0x41b45893) x17 0xffffffff
core   0: 0x80008e08 (0x014675b3) and     a1, a2, s4
core   0: 3 0x80008e08 (0x014675b3) x11 0x00000001
core   0: 0x80008e0c (0x04337863) bgeu    t1, gp, pc + 80
core   0: 3 0x80008e0c (0x04337863)
core   0: 0x80008e10 (0x035f6863) bltu    t5, s5, pc + 48
core   0: 3 0x80008e10 (0x035f6863)
core   0: 0x80008e40 (0x018397b3) sll     a5, t2, s8
core   0: 3 0x80008e40 (0x018397b3) x15 0x00000000
core   0: 0x80008e44 (0x0000100f) fence.i
core   0: 3 0x80008e44 (0x0000100f)
core   0: 0x80008e48 (0x0ff0000f) fence   iorw,iorw
core   0: 3 0x80008e48 (0x0ff0000f)
core   0: 0x80008e4c (0x0094d7b3) srl     a5, s1, s1
core   0: 3 0x80008e4c (0x0094d7b3) x15 0x080028ce
core   0: 0x80008e50 (0x01d35593) srli    a1, t1, 29
core   0: 3 0x80008e50 (0x01d35593) x11 0x00000000
core   0: 0x80008e54 (0x15cd4e13) xori    t3, s10, 348
core   0: 3 0x80008e54 (0x15cd4e13) x28 0x0000015c
core   0: 0x80008e58 (0x01deea63) bltu    t4, t4, pc + 20
core   0: 3 0x80008e58 (0x01deea63)
core   0: 0x80008e5c (0x013ba233) slt     tp, s7, s3
core   0: 3 0x80008e5c (0x013ba233) x 4 0x00000001
core   0: 0x80008e60 (0x002d7863) bgeu    s10, sp, pc + 16
core   0: 3 0x80008e60 (0x002d7863)
core   0: 0x80008e64 (0x015b2233) slt     tp, s6, s5
core   0: 3 0x80008e64 (0x015b2233) x 4 0x00000000
core   0: 0x80008e68 (0x01597a63) bgeu    s2, s5, pc + 20
core   0: 3 0x80008e68 (0x01597a63)
core   0: 0x80008e6c (0xee557993) andi    s3, a0, -283
core   0: 3 0x80008e6c (0xee557993) x19 0x00000000
core   0: 0x80008e70 (0x01f37263) bgeu    t1, t6, pc + 4
core   0: 3 0x80008e70 (0x01f37263)
core   0: 0x80008e74 (0x004f0833) add     a6, t5, tp
core   0: 3 0x80008e74 (0x004f0833) x16 0x00000000
core   0: 0x80008e78 (0x00105e63) bge     zero, ra, pc + 28
core   0: 3 0x80008e78 (0x00105e63)
core   0: 0x80008e94 (0x004d7863) bgeu    s10, tp, pc + 16
core   0: 3 0x80008e94 (0x004d7863)
core   0: 0x80008ea4 (0x4074d013) srai    zero, s1, 7
core   0: 3 0x80008ea4 (0x4074d013)
core   0: 0x80008ea8 (0x41985e33) sra     t3, a6, s9
core   0: 3 0x80008ea8 (0x41985e33) x28 0x00000000
core   0: 0x80008eac (0x010353b3) srl     t2, t1, a6
core   0: 3 0x80008eac (0x010353b3) x 7 0x00000000
core   0: 0x80008eb0 (0x02f45863) bge     s0, a5, pc + 48
core   0: 3 0x80008eb0 (0x02f45863)
core   0: 0x80008eb4 (0x2494b213) sltiu   tp, s1, 585
core   0: 3 0x80008eb4 (0x2494b213) x 4 0x00000000
core   0: 0x80008eb8 (0x01952a33) slt     s4, a0, s9
core   0: 3 0x80008eb8 (0x01952a33) x20 0x00000000
core   0: 0x80008ebc (0x71bee513) ori     a0, t4, 1819
core   0: 3 0x80008ebc (0x71bee513) x10 0x0000071f
core   0: 0x80008ec0 (0x02b39463) bne     t2, a1, pc + 40
core   0: 3 0x80008ec0 (0x02b39463)
core   0: 0x80008ec4 (0x40d2d733) sra     a4, t0, a3
core   0: 3 0x80008ec4 (0x40d2d733) x14 0xffffffee
core   0: 0x80008ec8 (0x016219b3) sll     s3, tp, s6
core   0: 3 0x80008ec8 (0x016219b3) x19 0x00000000
core   0: 0x80008ecc (0x498f5d37) lui     s10, 0x498f5
core   0: 3 0x80008ecc (0x498f5d37) x26 0x498f5000
core   0: 0x80008ed0 (0xb5dd7313) andi    t1, s10, -1187
core   0: 3 0x80008ed0 (0xb5dd7313) x 6 0x498f5000
core   0: 0x80008ed4 (0x700d9b17) auipc   s6, 0x700d9
core   0: 3 0x80008ed4 (0x700d9b17) x22 0xf00e1ed4
core   0: 0x80008ed8 (0x01fdde13) srli    t3, s11, 31
core   0: 3 0x80008ed8 (0x01fdde13) x28 0x00000000
core   0: 0x80008edc (0x00529213) slli    tp, t0, 5
core   0: 3 0x80008edc (0x00529213) x 4 0xffffb8e0
core   0: 0x80008ee0 (0x01f71113) slli    sp, a4, 31
core   0: 3 0x80008ee0 (0x01f71113) x 2 0x00000000
core   0: 0x80008ee4 (0x4d7af993) andi    s3, s5, 1239
core   0: 3 0x80008ee4 (0x4d7af993) x19 0x00000093
core   0: 0x80008ee8 (0x002a21b3) slt     gp, s4, sp
core   0: 3 0x80008ee8 (0x002a21b3) x 3 0x00000000
core   0: 0x80008eec (0xde5a2313) slti    t1, s4, -539
core   0: 3 0x80008eec (0xde5a2313) x 6 0x00000000
core   0: 0x80008ef0 (0x0055b133) sltu    sp, a1, t0
core   0: 3 0x80008ef0 (0x0055b133) x 2 0x00000001
core   0: 0x80008ef4 (0x00259313) slli    t1, a1, 2
core   0: 3 0x80008ef4 (0x00259313) x 6 0x00000000
core   0: 0x80008ef8 (0x9b545397) auipc   t2, 0x9b545
core   0: 3 0x80008ef8 (0x9b545397) x 7 0x1b54def8
core   0: 0x80008efc (0x0039d263) bge     s3, gp, pc + 4
core   0: 3 0x80008efc (0x0039d263)
core   0: 0x80008f00 (0x0daf8813) addi    a6, t6, 218
core   0: 3 0x80008f00 (0x0daf8813) x16 0x80024f53
core   0: 0x80008f04 (0x000f5c33) srl     s8, t5, zero
core   0: 3 0x80008f04 (0x000f5c33) x24 0x00000000
core   0: 0x80008f08 (0xe82ff293) andi    t0, t6, -382
core   0: 3 0x80008f08 (0xe82ff293) x 5 0x80024e00
core   0: 0x80008f0c (0x01a81c63) bne     a6, s10, pc + 24
core   0: 3 0x80008f0c (0x01a81c63)
core   0: 0x80008f24 (0xaccce593) ori     a1, s9, -1332
core   0: 3 0x80008f24 (0xaccce593) x11 0xfffffacc
core   0: 0x80008f28 (0x726bfd93) andi    s11, s7, 1830
core   0: 3 0x80008f28 (0x726bfd93) x27 0x00000600
core   0: 0x80008f2c (0x0016a833) slt     a6, a3, ra
core   0: 3 0x80008f2c (0x0016a833) x16 0x00000001
core   0: 0x80008f30 (0x8815f313) andi    t1, a1, -1919
core   0: 3 0x80008f30 (0x8815f313) x 6 0xfffff880
core   0: 0x80008f34 (0x00826633) or      a2, tp, s0
core   0: 3 0x80008f34 (0x00826633) x12 0xfffffde7
core   0: 0x80008f38 (0x0ff0000f) fence   iorw,iorw
core   0: 3 0x80008f38 (0x0ff0000f)
core   0: 0x80008f3c (0x0000100f) fence.i
core   0: 3 0x80008f3c (0x0000100f)
core   0: 0x80008f40 (0x00f6ae33) slt     t3, a3, a5
core   0: 3 0x80008f40 (0x00f6ae33) x28 0x00000001
core   0: 0x80008f44 (0x02637263) bgeu    t1, t1, pc + 36
core   0: 3 0x80008f44 (0x02637263)
core   0: 0x80008f68 (0xf418fa13) andi    s4, a7, -191
core   0: 3 0x80008f68 (0xf418fa13) x20 0xffffff41
core   0: 0x80008f6c (0x01306c63) bltu    zero, s3, pc + 24
core   0: 3 0x80008f6c (0x01306c63)
core   0: 0x80008f84 (0x41e7d7b3) sra     a5, a5, t5
core   0: 3 0x80008f84 (0x41e7d7b3) x15 0x080028ce
core   0: 0x80008f88 (0x003450b3) srl     ra, s0, gp
core   0: 3 0x80008f88 (0x003450b3) x 1 0xfffffdc7
core   0: 0x80008f8c (0x0050e533) or      a0, ra, t0
core   0: 3 0x80008f8c (0x0050e533) x10 0xffffffc7
core   0: 0x80008f90 (0x01b59793) slli    a5, a1, 27
core   0: 3 0x80008f90 (0x01b59793) x15 0x60000000
core   0: 0x80008f94 (0x01e37263) bgeu    t1, t5, pc + 4
core   0: 3 0x80008f94 (0x01e37263)
core   0: 0x80008f98 (0x046b2893) slti    a7, s6, 70
core   0: 3 0x80008f98 (0x046b2893) x17 0x00000001
core   0: 0x80008f9c (0x22c9cc93) xori    s9, s3, 556
core   0: 3 0x80008f9c (0x22c9cc93) x25 0x000002bf
core   0: 0x80008fa0 (0x01145663) bge     s0, a7, pc + 12
core   0: 3 0x80008fa0 (0x01145663)
core   0: 0x80008fa4 (0x40e2db13) srai    s6, t0, 14
core   0: 3 0x80008fa4 (0x40e2db13) x22 0xfffe0009
core   0: 0x80008fa8 (0x0000100f) fence.i
core   0: 3 0x80008fa8 (0x0000100f)
core   0: 0x80008fac (0x34ac8893) addi    a7, s9, 842
core   0: 3 0x80008fac (0x34ac8893) x17 0x00000609
core   0: 0x80008fb0 (0x01fade63) bge     s5, t6, pc + 28
core   0: 3 0x80008fb0 (0x01fade63)
core   0: 0x80008fcc (0x012ffeb3) and     t4, t6, s2
core   0: 3 0x80008fcc (0x012ffeb3) x29 0x00000001
core   0: 0x80008fd0 (0xd1faa8b7) lui     a7, 0xd1faa
core   0: 3 0x80008fd0 (0xd1faa8b7) x17 0xd1faa000
core   0: 0x80008fd4 (0x00fe9833) sll     a6, t4, a5
core   0: 3 0x80008fd4 (0x00fe9833) x16 0x00000001
core   0: 0x80008fd8 (0x02699663) bne     s3, t1, pc + 44
core   0: 3 0x80008fd8 (0x02699663)
core   0: 0x80009004 (0xe98ffa13) andi    s4, t6, -360
core   0: 3 0x80009004 (0xe98ffa13) x20 0x80024e18
core   0: 0x80009008 (0x5fdfc097) auipc   ra, 0x5fdfc
core   0: 3 0x80009008 (0x5fdfc097) x 1 0xdfe05008
core   0: 0x8000900c (0x009b8933) add     s2, s7, s1
core   0: 3 0x8000900c (0x009b8933) x18 0x0004db3c
core   0: 0x80009010 (0x0ff0000f) fence   iorw,iorw
core   0: 3 0x80009010 (0x0ff0000f)
core   0: 0x80009014 (0x0156dd33) srl     s10, a3, s5
core   0: 3 0x80009014 (0x0156dd33) x26 0x0000001f
core   0: 0x80009018 (0x05565263) bge     a2, s5, pc + 68
core   0: 3 0x80009018 (0x05565263)
core   0: 0x8000905c (0x0ff0000f) fence   iorw,iorw
core   0: 3 0x8000905c (0x0ff0000f)
core   0: 0x80009060 (0x01db3c33) sltu    s8, s6, t4
core   0: 3 0x80009060 (0x01db3c33) x24 0x00000000
core   0: 0x80009064 (0x02769463) bne     a3, t2, pc + 40
core   0: 3 0x80009064 (0x02769463)
core   0: 0x8000908c (0x017b8e33) add     t3, s7, s7
core   0: 3 0x8000908c (0x017b8e33) x28 0x00049cb0
core   0: 0x80009090 (0x41e45793) srai    a5, s0, 30
core   0: 3 0x80009090 (0x41e45793) x15 0xffffffff
core   0: 0x80009094 (0x02995463) bge     s2, s1, pc + 40
core   0: 3 0x80009094 (0x02995463)
core   0: 0x800090bc (0x01ae6233) or      tp, t3, s10
core   0: 3 0x800090bc (0x01ae6233) x 4 0x00049cbf
core   0: 0x800090c0 (0x94520717) auipc   a4, 0x94520
core   0: 3 0x800090c0 (0x94520717) x14 0x145290c0
core   0: 0x800090c4 (0x0029d433) srl     s0, s3, sp
core   0: 3 0x800090c4 (0x0029d433) x 8 0x00000049
core   0: 0x800090c8 (0x0065c263) blt     a1, t1, pc + 4
core   0: 3 0x800090c8 (0x0065c263)
core   0: 0x800090cc (0x407cc393) xori    t2, s9, 1031
core   0: 3 0x800090cc (0x407cc393) x 7 0x000006b8
core   0: 0x800090d0 (0x045a6063) bltu    s4, t0, pc + 64
core   0: 3 0x800090d0 (0x045a6063)
core   0: 0x800090d4 (0xe116ba17) auipc   s4, 0xe116b
core   0: 3 0x800090d4 (0xe116ba17) x20 0x611740d4
core   0: 0x800090d8 (0x00a00993) li      s3, 10
core   0: 3 0x800090d8 (0x00a00993) x19 0x0000000a
core   0: 0x800090dc (0x0000100f) fence.i
core   0: 3 0x800090dc (0x0000100f)
core   0: 0x800090e0 (0x018b6fb3) or      t6, s6, s8
core   0: 3 0x800090e0 (0x018b6fb3) x31 0xfffe0009
core   0: 0x800090e4 (0x35e47313) andi    t1, s0, 862
core   0: 3 0x800090e4 (0x35e47313) x 6 0x00000048
core   0: 0x800090e8 (0x00800e93) li      t4, 8
core   0: 3 0x800090e8 (0x00800e93) x29 0x00000008
core   0: 0x800090ec (0x00f4cf33) xor     t5, s1, a5
core   0: 3 0x800090ec (0x00f4cf33) x30 0x7ffd731b
core   0: 0x800090f0 (0x6f5e5a17) auipc   s4, 0x6f5e5
core   0: 3 0x800090f0 (0x6f5e5a17) x20 0xef5ee0f0
core   0: 0x800090f4 (0xffa98993) addi    s3, s3, -6
core   0: 3 0x800090f4 (0xffa98993) x19 0x00000004
core   0: 0x800090f8 (0x41fb5413) srai    s0, s6, 31
core   0: 3 0x800090f8 (0x41fb5413) x 8 0xffffffff
core   0: 0x800090fc (0xffd9fae3) bgeu    s3, t4, pc - 12
core   0: 3 0x800090fc (0xffd9fae3)
core   0: 0x80009100 (0x012f3b33) sltu    s6, t5, s2
core   0: 3 0x80009100 (0x012f3b33) x22 0x00000000
core   0: 0x80009104 (0x31da4793) xori    a5, s4, 797
core   0: 3 0x80009104 (0x31da4793) x15 0xef5ee3ed
core   0: 0x80009108 (0x00789093) slli    ra, a7, 7
core   0: 3 0x80009108 (0x00789093) x 1 0xfd500000
core   0: 0x8000910c (0xe1046413) ori     s0, s0, -496
core   0: 3 0x8000910c (0xe1046413) x 8 0xffffffff
core   0: 0x80009110 (0x0096acb3) slt     s9, a3, s1
core   0: 3 0x80009110 (0x0096acb3) x25 0x00000000
core   0: 0x80009114 (0x01339863) bne     t2, s3, pc + 16
core   0: 3 0x80009114 (0x01339863)
core   0: 0x80009124 (0x01ee9b13) slli    s6, t4, 30
core   0: 3 0x80009124 (0x01ee9b13) x22 0x00000000
core   0: 0x80009128 (0x039b9863) bne     s7, s9, pc + 48
core   0: 3 0x80009128 (0x039b9863)
core   0: 0x80009158 (0x00721113) slli    sp, tp, 7
core   0: 3 0x80009158 (0x00721113) x 2 0x024e5f80
core   0: 0x8000915c (0x483b3a13) sltiu   s4, s6, 1155
core   0: 3 0x8000915c (0x483b3a13) x20 0x00000001
core   0: 0x80009160 (0x00d8d813) srli    a6, a7, 13
core   0: 3 0x80009160 (0x00d8d813) x16 0x00068fd5
core   0: 0x80009164 (0x45deaf97) auipc   t6, 0x45dea
core   0: 3 0x80009164 (0x45deaf97) x31 0xc5df3164
core   0: 0x80009168 (0x03f2c263) blt     t0, t6, pc + 36
core   0: 3 0x80009168 (0x03f2c263)
core   0: 0x8000918c (0x28444f97) auipc   t6, 0x28444
core   0: 3 0x8000918c (0x28444f97) x31 0xa844d18c
core   0: 0x80009190 (0x4161d393) srai    t2, gp, 22
core   0: 3 0x80009190 (0x4161d393) x 7 0x00000000
core   0: 0x80009194 (0x0ff0000f) fence   iorw,iorw
core   0: 3 0x80009194 (0x0ff0000f)
core   0: 0x80009198 (0x0258c663) blt     a7, t0, pc + 44
core   0: 3 0x80009198 (0x0258c663)
core   0: 0x8000919c (0x00000013) nop
core   0: 3 0x8000919c (0x00000013)
core   0: 0x800091a0 (0x41b55113) srai    sp, a0, 27
core   0: 3 0x800091a0 (0x41b55113) x 2 0xffffffff
core   0: 0x800091a4 (0x566b8c93) addi    s9, s7, 1382
core   0: 3 0x800091a4 (0x566b8c93) x25 0x800253be
core   0: 0x800091a8 (0x56e86193) ori     gp, a6, 1390
core   0: 3 0x800091a8 (0x56e86193) x 3 0x00068fff
core   0: 0x800091ac (0xcbb9b237) lui     tp, 0xcbb9b
core   0: 3 0x800091ac (0xcbb9b237) x 4 0xcbb9b000
core   0: 0x800091b0 (0x00110c63) beq     sp, ra, pc + 24
core   0: 3 0x800091b0 (0x00110c63)
core   0: 0x800091b4 (0x0000100f) fence.i
core   0: 3 0x800091b4 (0x0000100f)
core   0: 0x800091b8 (0x0511f863) bgeu    gp, a7, pc + 80
core   0: 3 0x800091b8 (0x0511f863)
core   0: 0x800091bc (0x00a62433) slt     s0, a2, a0
core   0: 3 0x800091bc (0x00a62433) x 8 0x00000001
core   0: 0x800091c0 (0xe040f813) andi    a6, ra, -508
core   0: 3 0x800091c0 (0xe040f813) x16 0xfd500000
core   0: 0x800091c4 (0x40b9da13) srai    s4, s3, 11
core   0: 3 0x800091c4 (0x40b9da13) x20 0x00000000
core   0: 0x800091c8 (0x00000013) nop
core   0: 3 0x800091c8 (0x00000013)
core   0: 0x800091cc (0x478f2c93) slti    s9, t5, 1144
core   0: 3 0x800091cc (0x478f2c93) x25 0x00000000
core   0: 0x800091d0 (0xc5554093) xori    ra, a0, -939
core   0: 3 0x800091d0 (0xc5554093) x 1 0x00000392
core   0: 0x800091d4 (0x006dcc63) blt     s11, t1, pc + 24
core   0: 3 0x800091d4 (0x006dcc63)
core   0: 0x800091d8 (0x04da6263) bltu    s4, a3, pc + 68
core   0: 3 0x800091d8 (0x04da6263)
core   0: 0x8000921c (0x00bc7433) and     s0, s8, a1
core   0: 3 0x8000921c (0x00bc7433) x 8 0x00000000
core   0: 0x80009220 (0x06b38863) beq     t2, a1, pc + 112
core   0: 3 0x80009220 (0x06b38863)
core   0: 0x80009224 (0x00900f93) li      t6, 9
core   0: 3 0x80009224 (0x00900f93) x31 0x00000009
core   0: 0x80009228 (0x41645413) srai    s0, s0, 22
core   0: 3 0x80009228 (0x41645413) x 8 0x00000000
core   0: 0x8000922c (0x0000100f) fence.i
core   0: 3 0x8000922c (0x0000100f)
core   0: 0x80009230 (0x6cadc197) auipc   gp, 0x6cadc
core   0: 3 0x80009230 (0x6cadc197) x 3 0xecae5230
core   0: 0x80009234 (0x8ec65237) lui     tp, 0x8ec65
core   0: 3 0x80009234 (0x8ec65237) x 4 0x8ec65000
core   0: 0x80009238 (0x6b68be97) auipc   t4, 0x6b68b
core   0: 3 0x80009238 (0x6b68be97) x29 0xeb694238
core   0: 0x8000923c (0x41d10c33) sub     s8, sp, t4
core   0: 3 0x8000923c (0x41d10c33) x24 0x1496bdc7
core   0: 0x80009240 (0x01c8da33) srl     s4, a7, t3
core   0: 3 0x80009240 (0x01c8da33) x20 0x0000d1fa
core   0: 0x80009244 (0xb0ab6593) ori     a1, s6, -1270
core   0: 3 0x80009244 (0xb0ab6593) x11 0xfffffb0a
core   0: 0x80009248 (0x0141df33) srl     t5, gp, s4
core   0: 3 0x80009248 (0x0141df33) x30 0x0000003b
core   0: 0x8000924c (0x019a9093) slli    ra, s5, 25
core   0: 3 0x8000924c (0x019a9093) x 1 0x76000000
core   0: 0x80009250 (0x00900e13) li      t3, 9
core   0: 3 0x80009250 (0x00900e13) x28 0x00000009
core   0: 0x80009254 (0x00000013) nop
core   0: 3 0x80009254 (0x00000013)
core   0: 0x80009258 (0x53e252b7) lui     t0, 0x53e25
core   0: 3 0x80009258 (0x53e252b7) x 5 0x53e25000
core   0: 0x8000925c (0x01e6c7b3) xor     a5, a3, t5
core   0: 3 0x8000925c (0x01e6c7b3) x15 0xffffff9e
core   0: 0x80009260 (0xff8f8f93) addi    t6, t6, -8
core   0: 3 0x80009260 (0xff8f8f93) x31 0x00000001
core   0: 0x80009264 (0x00f51713) slli    a4, a0, 15
core   0: 3 0x80009264 (0x00f51713) x14 0xffe38000
core   0: 0x80009268 (0x01adb6b3) sltu    a3, s11, s10
core   0: 3 0x80009268 (0x01adb6b3) x13 0x00000000
core   0: 0x8000926c (0x00e04db3) xor     s11, zero, a4
core   0: 3 0x8000926c (0x00e04db3) x27 0xffe38000
core   0: 0x80009270 (0x00665d93) srli    s11, a2, 6
core   0: 3 0x80009270 (0x00665d93) x27 0x03fffff7
core   0: 0x80009274 (0x5dd897b7) lui     a5, 0x5dd89
core   0: 3 0x80009274 (0x5dd897b7) x15 0x5dd89000
core   0: 0x80009278 (0xffcff2e3) bgeu    t6, t3, pc - 28
core   0: 3 0x80009278 (0xffcff2e3)
core   0: 0x8000927c (0x01716f33) or      t5, sp, s7
core   0: 3 0x8000927c (0x01716f33) x30 0xffffffff
core   0: 0x80009280 (0x6fe1b593) sltiu   a1, gp, 1790
core   0: 3 0x80009280 (0x6fe1b593) x11 0x00000000
core   0: 0x80009284 (0x012378b3) and     a7, t1, s2
core   0: 3 0x80009284 (0x012378b3) x17 0x00000008
core   0: 0x80009288 (0x3c01f117) auipc   sp, 0x3c01f
core   0: 3 0x80009288 (0x3c01f117) x 2 0xbc028288
core   0: 0x8000928c (0x04084093) xori    ra, a6, 64
core   0: 3 0x8000928c (0x04084093) x 1 0xfd500040
core   0: 0x80009290 (0x42dac937) lui     s2, 0x42dac
core   0: 3 0x80009290 (0x42dac937) x18 0x42dac000
core   0: 0x80009294 (0x40db5613) srai    a2, s6, 13
core   0: 3 0x80009294 (0x40db5613) x12 0x00000000
core   0: 0x80009298 (0x55eb3d13) sltiu   s10, s6, 1374
core   0: 3 0x80009298 (0x55eb3d13) x26 0x00000001
core   0: 0x8000929c (0x00709d33) sll     s10, ra, t2
core   0: 3 0x8000929c (0x00709d33) x26 0xfd500040
core   0: 0x800092a0 (0x082ee797) auipc   a5, 0x82ee
core   0: 3 0x800092a0 (0x082ee797) x15 0x882f72a0
core   0: 0x800092a4 (0xe688f3b7) lui     t2, 0xe688f
core   0: 3 0x800092a4 (0xe688f3b7) x 7 0xe688f000
core   0: 0x800092a8 (0x61e0ed93) ori     s11, ra, 1566
core   0: 3 0x800092a8 (0x61e0ed93) x27 0xfd50065e
core   0: 0x800092ac (0x013fa833) slt     a6, t6, s3
core   0: 3 0x800092ac (0x013fa833) x16 0x00000001
core   0: 0x800092b0 (0x22f0f713) andi    a4, ra, 559
core   0: 3 0x800092b0 (0x22f0f713) x14 0x00000000
core   0: 0x800092b4 (0x01bf6db3) or      s11, t5, s11
core   0: 3 0x800092b4 (0x01bf6db3) x27 0xffffffff
core   0: 0x800092b8 (0x415e85b3) sub     a1, t4, s5
core   0: 3 0x800092b8 (0x415e85b3) x11 0xedb92f7d
core   0: 0x800092bc (0x057c5863) bge     s8, s7, pc + 80
core   0: 3 0x800092bc (0x057c5863)
core   0: 0x8000930c (0x01200f33) add     t5, zero, s2
core   0: 3 0x8000930c (0x01200f33) x30 0x42dac000
core   0: 0x80009310 (0x05918263) beq     gp, s9, pc + 68
core   0: 3 0x80009310 (0x05918263)
core   0: 0x80009314 (0x54698b13) addi    s6, s3, 1350
core   0: 3 0x80009314 (0x54698b13) x22 0x0000054a
core   0: 0x80009318 (0x9f89e413) ori     s0, s3, -1544
core   0: 3 0x80009318 (0x9f89e413) x 8 0xfffff9fc
core   0: 0x8000931c (0x00d398b3) sll     a7, t2, a3
core   0: 3 0x8000931c (0x00d398b3) x17 0xe688f000
core   0: 0x80009320 (0x3485b5b7) lui     a1, 0x3485b
core   0: 3 0x80009320 (0x3485b5b7) x11 0x3485b000
core   0: 0x80009324 (0x414588b3) sub     a7, a1, s4
core   0: 3 0x80009324 (0x414588b3) x17 0x3484de06
core   0: 0x80009328 (0x02497a63) bgeu    s2, tp, pc + 52
core   0: 3 0x80009328 (0x02497a63)
core   0: 0x8000932c (0x718cac93) slti    s9, s9, 1816
core   0: 3 0x8000932c (0x718cac93) x25 0x00000001
core   0: 0x80009330 (0x00b7a3b3) slt     t2, a5, a1
core   0: 3 0x80009330 (0x00b7a3b3) x 7 0x00000001
core   0: 0x80009334 (0xf91bb793) sltiu   a5, s7, -111
core   0: 3 0x80009334 (0xf91bb793) x15 0x00000001
core   0: 0x80009338 (0x40998833) sub     a6, s3, s1
core   0: 3 0x80009338 (0x40998833) x16 0x7ffd7320
core   0: 0x8000933c (0x01ab77b3) and     a5, s6, s10
core   0: 3 0x8000933c (0x01ab77b3) x15 0x00000040
core   0: 0x80009340 (0x039fc063) blt     t6, s9, pc + 32
core   0: 3 0x80009340 (0x039fc063)
core   0: 0x80009344 (0x2e922093) slti    ra, tp, 745
core   0: 3 0x80009344 (0x2e922093) x 1 0x00000001
core   0: 0x80009348 (0x0cf76e97) auipc   t4, 0xcf76
core   0: 3 0x80009348 (0x0cf76e97) x29 0x8cf7f348
core   0: 0x8000934c (0x002b99b3) sll     s3, s7, sp
core   0: 3 0x8000934c (0x002b99b3) x19 0x024e5800
core   0: 0x80009350 (0x002e9263) bne     t4, sp, pc + 4
core   0: 3 0x80009350 (0x002e9263)
core   0: 0x80009354 (0x01449f93) slli    t6, s1, 20
core   0: 3 0x80009354 (0x01449f93) x31 0xce400000
core   0: 0x80009358 (0x6f432f37) lui     t5, 0x6f432
core   0: 3 0x80009358 (0x6f432f37) x30 0x6f432000
core   0: 0x8000935c (0x01aa6cb3) or      s9, s4, s10
core   0: 3 0x8000935c (0x01aa6cb3) x25 0xfd50d1fa
core   0: 0x80009360 (0x00000013) nop
core   0: 3 0x80009360 (0x00000013)
core   0: 0x80009364 (0x011f1a13) slli    s4, t5, 17
core   0: 3 0x80009364 (0x011f1a13) x20 0x40000000
core   0: 0x80009368 (0x00000013) nop
core   0: 3 0x80009368 (0x00000013)
core   0: 0x8000936c (0x00ff95b3) sll     a1, t6, a5
core   0: 3 0x8000936c (0x00ff95b3) x11 0xce400000
core   0: 0x80009370 (0x013563b3) or      t2, a0, s3
core   0: 3 0x80009370 (0x013563b3) x 7 0xffffffc7
core   0: 0x80009374 (0x41040933) sub     s2, s0, a6
core   0: 3 0x80009374 (0x41040933) x18 0x800286dc
core   0: 0x80009378 (0x77ca2313) slti    t1, s4, 1916
core   0: 3 0x80009378 (0x77ca2313) x 6 0x00000000
core   0: 0x8000937c (0x0067f633) and     a2, a5, t1
core   0: 3 0x8000937c (0x0067f633) x12 0x00000000
core   0: 0x80009380 (0xb2c7f513) andi    a0, a5, -1236
core   0: 3 0x80009380 (0xb2c7f513) x10 0x00000000
core   0: 0x80009384 (0x01413e33) sltu    t3, sp, s4
core   0: 3 0x80009384 (0x01413e33) x28 0x00000000
core   0: 0x80009388 (0x01885433) srl     s0, a6, s8
core   0: 3 0x80009388 (0x01885433) x 8 0x00fffae6
core   0: 0x8000938c (0x009a3fb3) sltu    t6, s4, s1
core   0: 3 0x8000938c (0x009a3fb3) x31 0x00000001
core   0: 0x80009390 (0x02ca1863) bne     s4, a2, pc + 48
core   0: 3 0x80009390 (0x02ca1863)
core   0: 0x800093c0 (0x00c66a63) bltu    a2, a2, pc + 20
core   0: 3 0x800093c0 (0x00c66a63)
core   0: 0x800093c4 (0x00000013) nop
core   0: 3 0x800093c4 (0x00000013)
core   0: 0x800093c8 (0xfe217e97) auipc   t4, 0xfe217
core   0: 3 0x800093c8 (0xfe217e97) x29 0x7e2203c8
core   0: 0x800093cc (0x00ce7c63) bgeu    t3, a2, pc + 24
core   0: 3 0x800093cc (0x00ce7c63)
core   0: 0x800093e4 (0x0000100f) fence.i
core   0: 3 0x800093e4 (0x0000100f)
core   0: 0x800093e8 (0x009a9733) sll     a4, s5, s1
core   0: 3 0x800093e8 (0x009a9733) x14 0xdb012bb0
core   0: 0x800093ec (0xecfcd197) auipc   gp, 0xecfcd
core   0: 3 0x800093ec (0xecfcd197) x 3 0x6cfd63ec
core   0: 0x800093f0 (0x284ea413) slti    s0, t4, 644
core   0: 3 0x800093f0 (0x284ea413) x 8 0x00000000
core   0: 0x800093f4 (0x00aa0eb3) add     t4, s4, a0
core   0: 3 0x800093f4 (0x00aa0eb3) x29 0x40000000
core   0: 0x800093f8 (0x01f51fb3) sll     t6, a0, t6
core   0: 3 0x800093f8 (0x01f51fb3) x31 0x00000000
core   0: 0x800093fc (0x41f85eb3) sra     t4, a6, t6
core   0: 3 0x800093fc (0x41f85eb3) x29 0x7ffd7320
core   0: 0x80009400 (0x0024a7b3) slt     a5, s1, sp
core   0: 3 0x80009400 (0x0024a7b3) x15 0x00000001
core   0: 0x80009404 (0x00f10433) add     s0, sp, a5
core   0: 3 0x80009404 (0x00f10433) x 8 0xbc028289
core   0: 0x80009408 (0x0ff0000f) fence   iorw,iorw
core   0: 3 0x80009408 (0x0ff0000f)
core   0: 0x8000940c (0x1fa44a13) xori    s4, s0, 506
core   0: 3 0x8000940c (0x1fa44a13) x20 0xbc028373
core   0: 0x80009410 (0x01312533) slt     a0, sp, s3
core   0: 3 0x80009410 (0x01312533) x10 0x00000001
core   0: 0x80009414 (0x018e2633) slt     a2, t3, s8
core   0: 3 0x80009414 (0x018e2633) x12 0x00000001
core   0: 0x80009418 (0x01fef633) and     a2, t4, t6
core   0: 3 0x80009418 (0x01fef633) x12 0x00000000
core   0: 0x8000941c (0x00aa9293) slli    t0, s5, 10
core   0: 3 0x8000941c (0x00aa9293) x 5 0xc04aec00
core   0: 0x80009420 (0xc7fba813) slti    a6, s7, -897
core   0: 3 0x80009420 (0xc7fba813) x16 0x00000001
core   0: 0x80009424 (0x00000013) nop
core   0: 3 0x80009424 (0x00000013)
core   0: 0x80009428 (0x04bc4993) xori    s3, s8, 75
core   0: 3 0x80009428 (0x04bc4993) x19 0x1496bd8c
core   0: 0x8000942c (0xaae48893) addi    a7, s1, -1362
core   0: 3 0x8000942c (0xaae48893) x17 0x80028792
core   0: 0x80009430 (0x002cd5b3) srl     a1, s9, sp
core   0: 3 0x80009430 (0x002cd5b3) x11 0x00fd50d1
core   0: 0x80009434 (0xc88a47b7) lui     a5, 0xc88a4
core   0: 3 0x80009434 (0xc88a47b7) x15 0xc88a4000
core   0: 0x80009438 (0x013f58b3) srl     a7, t5, s3
core   0: 3 0x80009438 (0x013f58b3) x17 0x0006f432
core   0: 0x8000943c (0x0234c663) blt     s1, gp, pc + 44
core   0: 3 0x8000943c (0x0234c663)
core   0: 0x80009468 (0x01cf1b13) slli    s6, t5, 28
core   0: 3 0x80009468 (0x01cf1b13) x22 0x00000000
core   0: 0x8000946c (0x001e9e33) sll     t3, t4, ra
core   0: 3 0x8000946c (0x001e9e33) x28 0xfffae640
core   0: 0x80009470 (0x04e67263) bgeu    a2, a4, pc + 68
core   0: 3 0x80009470 (0x04e67263)
core   0: 0x80009474 (0x00459863) bne     a1, tp, pc + 16
core   0: 3 0x80009474 (0x00459863)
core   0: 0x80009484 (0x034dbc13) sltiu   s8, s11, 52
core   0: 3 0x80009484 (0x034dbc13) x24 0x00000000
core   0: 0x80009488 (0x1a1442b7) lui     t0, 0x1a144
core   0: 3 0x80009488 (0x1a1442b7) x 5 0x1a144000
core   0: 0x8000948c (0x013571b3) and     gp, a0, s3
core   0: 3 0x8000948c (0x013571b3) x 3 0x00000000
core   0: 0x80009490 (0x00c11713) slli    a4, sp, 12
core   0: 3 0x80009490 (0x00c11713) x14 0x28288000
core   0: 0x80009494 (0x0195d633) srl     a2, a1, s9
core   0: 3 0x80009494 (0x0195d633) x12 0x00000000
core   0: 0x80009498 (0x01d27e63) bgeu    tp, t4, pc + 28
core   0: 3 0x80009498 (0x01d27e63)
core   0: 0x800094b4 (0x01b4e663) bltu    s1, s11, pc + 12
core   0: 3 0x800094b4 (0x01b4e663)
core   0: 0x800094c0 (0x00725993) srli    s3, tp, 7
core   0: 3 0x800094c0 (0x00725993) x19 0x011d8ca0
core   0: 0x800094c4 (0x01fe58b3) srl     a7, t3, t6
core   0: 3 0x800094c4 (0x01fe58b3) x17 0xfffae640
core   0: 0x800094c8 (0x00768c63) beq     a3, t2, pc + 24
core   0: 3 0x800094c8 (0x00768c63)
core   0: 0x800094cc (0x0bcfa913) slti    s2, t6, 188
core   0: 3 0x800094cc (0x0bcfa913) x18 0x00000001
core   0: 0x800094d0 (0x00e3ae33) slt     t3, t2, a4
core   0: 3 0x800094d0 (0x00e3ae33) x28 0x00000001
core   0: 0x800094d4 (0x17e32193) slti    gp, t1, 382
core   0: 3 0x800094d4 (0x17e32193) x 3 0x00000001
core   0: 0x800094d8 (0x00238033) add     zero, t2, sp
core   0: 3 0x800094d8 (0x00238033)
core   0: 0x800094dc (0x00cc1e63) bne     s8, a2, pc + 28
core   0: 3 0x800094dc (0x00cc1e63)
core   0: 0x800094e0 (0x000ceb33) or      s6, s9, zero
core   0: 3 0x800094e0 (0x000ceb33) x22 0xfd50d1fa
core   0: 0x800094e4 (0x00e0ef33) or      t5, ra, a4
core   0: 3 0x800094e4 (0x00e0ef33) x30 0x28288001
core   0: 0x800094e8 (0x735b6897) auipc   a7, 0x735b6
core   0: 3 0x800094e8 (0x735b6897) x17 0xf35bf4e8
core   0: 0x800094ec (0x0193d1b3) srl     gp, t2, s9
core   0: 3 0x800094ec (0x0193d1b3) x 3 0x0000003f
core   0: 0x800094f0 (0x0195b033) sltu    zero, a1, s9
core   0: 3 0x800094f0 (0x0195b033)
core   0: 0x800094f4 (0xa59ae593) ori     a1, s5, -1447
core   0: 3 0x800094f4 (0xa59ae593) x11 0xfffffafb
core   0: 0x800094f8 (0x801acc13) xori    s8, s5, -2047
core   0: 3 0x800094f8 (0x801acc13) x24 0x024feaba
core   0: 0x800094fc (0x00000013) nop
core   0: 3 0x800094fc (0x00000013)
core   0: 0x80009500 (0x00ab29b3) slt     s3, s6, a0
core   0: 3 0x80009500 (0x00ab29b3) x19 0x00000001
core   0: 0x80009504 (0x005c9263) bne     s9, t0, pc + 4
core   0: 3 0x80009504 (0x005c9263)
core   0: 0x80009508 (0xc3d53817) auipc   a6, 0xc3d53
core   0: 3 0x80009508 (0xc3d53817) x16 0x43d5c508
core   0: 0x8000950c (0x03787a63) bgeu    a6, s7, pc + 52
core   0: 3 0x8000950c (0x03787a63)
core   0: 0x80009510 (0x0056ef33) or      t5, a3, t0
core   0: 3 0x80009510 (0x0056ef33) x30 0x1a144000
core   0: 0x80009514 (0xc6074513) xori    a0, a4, -928
core   0: 3 0x80009514 (0xc6074513) x10 0xd7d77c60
core   0: 0x80009518 (0xe1795837) lui     a6, 0xe1795
core   0: 3 0x80009518 (0xe1795837) x16 0xe1795000
core   0: 0x8000951c (0x40d4d593) srai    a1, s1, 13
core   0: 3 0x8000951c (0x40d4d593) x11 0xfffc0014
core   0: 0x80009520 (0x01600263) beq     zero, s6, pc + 4
core   0: 3 0x80009520 (0x01600263)
core   0: 0x80009524 (0x02b75263) bge     a4, a1, pc + 36
core   0: 3 0x80009524 (0x02b75263)
core   0: 0x80009548 (0x40d58533) sub     a0, a1, a3
core   0: 3 0x80009548 (0x40d58533) x10 0xfffc0014
core   0: 0x8000954c (0x001a88b3) add     a7, s5, ra
core   0: 3 0x8000954c (0x001a88b3) x17 0xfdb012bc
core   0: 0x80009550 (0x010b1f13) slli    t5, s6, 16
core   0: 3 0x80009550 (0x010b1f13) x30 0xd1fa0000
core   0: 0x80009554 (0x01e482b3) add     t0, s1, t5
core   0: 3 0x80009554 (0x01e482b3) x 5 0x51fc8ce4
core   0: 0x80009558 (0x41635a33) sra     s4, t1, s6
core   0: 3 0x80009558 (0x41635a33) x20 0x00000000
core   0: 0x8000955c (0x412cdcb3) sra     s9, s9, s2
core   0: 3 0x8000955c (0x412cdcb3) x25 0xfea868fd
core   0: 0x80009560 (0x55d58513) addi    a0, a1, 1373
core   0: 3 0x80009560 (0x55d58513) x10 0xfffc0571
core   0: 0x80009564 (0xde43ed37) lui     s10, 0xde43e
core   0: 3 0x80009564 (0xde43ed37) x26 0xde43e000
core   0: 0x80009568 (0x00ab9f93) slli    t6, s7, 10
core   0: 3 0x80009568 (0x00ab9f93) x31 0x09396000
core   0: 0x8000956c (0x0075a833) slt     a6, a1, t2
core   0: 3 0x8000956c (0x0075a833) x16 0x00000001
core   0: 0x80009570 (0x01d949b3) xor     s3, s2, t4
core   0: 3 0x80009570 (0x01d949b3) x19 0x7ffd7321
core   0: 0x80009574 (0x01083b33) sltu    s6, a6, a6
core   0: 3 0x80009574 (0x01083b33) x22 0x00000000
core   0: 0x80009578 (0xa49b3a13) sltiu   s4, s6, -1463
core   0: 3 0x80009578 (0xa49b3a13) x20 0x00000001
core   0: 0x8000957c (0x0569c863) blt     s3, s6, pc + 80
core   0: 3 0x8000957c (0x0569c863)
core   0: 0x80009580 (0x01d2b033) sltu    zero, t0, t4
core   0: 3 0x80009580 (0x01d2b033)
core   0: 0x80009584 (0x896b7993) andi    s3, s6, -1898
core   0: 3 0x80009584 (0x896b7993) x19 0x00000000
core   0: 0x80009588 (0x40295db3) sra     s11, s2, sp
core   0: 3 0x80009588 (0x40295db3) x27 0x00000000
core   0: 0x8000958c (0x0ff0000f) fence   iorw,iorw
core   0: 3 0x8000958c (0x0ff0000f)
core   0: 0x80009590 (0x018a03b3) add     t2, s4, s8
core   0: 3 0x80009590 (0x018a03b3) x 7 0x024feabb
core   0: 0x80009594 (0x007d5d93) srli    s11, s10, 7
core   0: 3 0x80009594 (0x007d5d93) x27 0x01bc87c0
core   0: 0x80009598 (0x41bc88b3) sub     a7, s9, s11
core   0: 3 0x80009598 (0x41bc88b3) x17 0xfcebe13d
core   0: 0x8000959c (0x013698b3) sll     a7, a3, s3
core   0: 3 0x8000959c (0x013698b3) x17 0x00000000
core   0: 0x800095a0 (0x04ce9263) bne     t4, a2, pc + 68
core   0: 3 0x800095a0 (0x04ce9263)
core   0: 0x800095e4 (0x00362d33) slt     s10, a2, gp
core   0: 3 0x800095e4 (0x00362d33) x26 0x00000001
core   0: 0x800095e8 (0xff532313) slti    t1, t1, -11
core   0: 3 0x800095e8 (0xff532313) x 6 0x00000000
core   0: 0x800095ec (0x001d50b3) srl     ra, s10, ra
core   0: 3 0x800095ec (0x001d50b3) x 1 0x00000000
core   0: 0x800095f0 (0x0000100f) fence.i
core   0: 3 0x800095f0 (0x0000100f)
core   0: 0x800095f4 (0x007d0d33) add     s10, s10, t2
core   0: 3 0x800095f4 (0x007d0d33) x26 0x024feabc
core   0: 0x800095f8 (0x00000013) nop
core   0: 3 0x800095f8 (0x00000013)
core   0: 0x800095fc (0x01c51093) slli    ra, a0, 28
core   0: 3 0x800095fc (0x01c51093) x 1 0x10000000
core   0: 0x80009600 (0x802f7313) andi    t1, t5, -2046
core   0: 3 0x80009600 (0x802f7313) x 6 0xd1fa0000
core   0: 0x80009604 (0xb5047693) andi    a3, s0, -1200
core   0: 3 0x80009604 (0xb5047693) x13 0xbc028200
core   0: 0x80009608 (0x05270263) beq     a4, s2, pc + 68
core   0: 3 0x80009608 (0x05270263)
core   0: 0x8000960c (0x0025f3b3) and     t2, a1, sp
core   0: 3 0x8000960c (0x0025f3b3) x 7 0xbc000000
core   0: 0x80009610 (0x40120433) sub     s0, tp, ra
core   0: 3 0x80009610 (0x40120433) x 8 0x7ec65000
core   0: 0x80009614 (0x50c6e993) ori     s3, a3, 1292
core   0: 3 0x80009614 (0x50c6e993) x19 0xbc02870c
core   0: 0x80009618 (0x010b1b33) sll     s6, s6, a6
core   0: 3 0x80009618 (0x010b1b33) x22 0x00000000
core   0: 0x8000961c (0x41b5dc93) srai    s9, a1, 27
core   0: 3 0x8000961c (0x41b5dc93) x25 0xffffffff
core   0: 0x80009620 (0x00c35713) srli    a4, t1, 12
core   0: 3 0x80009620 (0x00c35713) x14 0x000d1fa0
core   0: 0x80009624 (0x0058dc33) srl     s8, a7, t0
core   0: 3 0x80009624 (0x0058dc33) x24 0x00000000
core   0: 0x80009628 (0x414e56b3) sra     a3, t3, s4
core   0: 3 0x80009628 (0x414e56b3) x13 0x00000000
core   0: 0x8000962c (0x006598b3) sll     a7, a1, t1
core   0: 3 0x8000962c (0x006598b3) x17 0xfffc0014
core   0: 0x80009630 (0x0ff0000f) fence   iorw,iorw
core   0: 3 0x80009630 (0x0ff0000f)
core   0: 0x80009634 (0x0145a033) slt     zero, a1, s4
core   0: 3 0x80009634 (0x0145a033)
core   0: 0x80009638 (0xecf5c213) xori    tp, a1, -305
core   0: 3 0x80009638 (0xecf5c213) x 4 0x0003fedb
core   0: 0x8000963c (0x01b0a5b3) slt     a1, ra, s11
core   0: 3 0x8000963c (0x01b0a5b3) x11 0x00000000
core   0: 0x80009640 (0x014f1fb3) sll     t6, t5, s4
core   0: 3 0x80009640 (0x014f1fb3) x31 0xa3f40000
core   0: 0x80009644 (0x018ba5b3) slt     a1, s7, s8
core   0: 3 0x80009644 (0x018ba5b3) x11 0x00000001
core   0: 0x80009648 (0x03855863) bge     a0, s8, pc + 48
core   0: 3 0x80009648 (0x03855863)
core   0: 0x8000964c (0x043e4863) blt     t3, gp, pc + 80
core   0: 3 0x8000964c (0x043e4863)
core   0: 0x8000969c (0xda8cba37) lui     s4, 0xda8cb
core   0: 3 0x8000969c (0xda8cba37) x20 0xda8cb000
core   0: 0x800096a0 (0x003913b3) sll     t2, s2, gp
core   0: 3 0x800096a0 (0x003913b3) x 7 0x80000000
core   0: 0x800096a4 (0x01234a63) blt     t1, s2, pc + 20
core   0: 3 0x800096a4 (0x01234a63)
core   0: 0x800096b8 (0x6b54e793) ori     a5, s1, 1717
core   0: 3 0x800096b8 (0x6b54e793) x15 0x80028ef5
core   0: 0x800096bc (0x40bdd2b3) sra     t0, s11, a1
core   0: 3 0x800096bc (0x40bdd2b3) x 5 0x00de43e0
core   0: 0x800096c0 (0x032e0063) beq     t3, s2, pc + 32
core   0: 3 0x800096c0 (0x032e0063)
core   0: 0x800096e0 (0x004c1113) slli    sp, s8, 4
core   0: 3 0x800096e0 (0x004c1113) x 2 0x00000000
core   0: 0x800096e4 (0x00febe33) sltu    t3, t4, a5
core   0: 3 0x800096e4 (0x00febe33) x28 0x00000001
core   0: 0x800096e8 (0x0132e533) or      a0, t0, s3
core   0: 3 0x800096e8 (0x0132e533) x10 0xbcdec7ec
core   0: 0x800096ec (0x00781b33) sll     s6, a6, t2
core   0: 3 0x800096ec (0x00781b33) x22 0x00000001
core   0: 0x800096f0 (0x00a9ab33) slt     s6, s3, a0
core   0: 3 0x800096f0 (0x00a9ab33) x22 0x00000001
core   0: 0x800096f4 (0x02ba5463) bge     s4, a1, pc + 40
core   0: 3 0x800096f4 (0x02ba5463)
core   0: 0x800096f8 (0x794b6193) ori     gp, s6, 1940
core   0: 3 0x800096f8 (0x794b6193) x 3 0x00000795
core   0: 0x800096fc (0x52033793) sltiu   a5, t1, 1312
core   0: 3 0x800096fc (0x52033793) x15 0x00000000
core   0: 0x80009700 (0x013a3333) sltu    t1, s4, s3
core   0: 3 0x80009700 (0x013a3333) x 6 0x00000000
core   0: 0x80009704 (0x01ff9993) slli    s3, t6, 31
core   0: 3 0x80009704 (0x01ff9993) x19 0x00000000
core   0: 0x80009708 (0x003d80b3) add     ra, s11, gp
core   0: 3 0x80009708 (0x003d80b3) x 1 0x01bc8f55
core   0: 0x8000970c (0x00537c33) and     s8, t1, t0
core   0: 3 0x8000970c (0x00537c33) x24 0x00000000
core   0: 0x80009710 (0x0ff0000f) fence   iorw,iorw
core   0: 3 0x80009710 (0x0ff0000f)
core   0: 0x80009714 (0x0085c0b3) xor     ra, a1, s0
core   0: 3 0x80009714 (0x0085c0b3) x 1 0x7ec65001
core   0: 0x80009718 (0x03a10863) beq     sp, s10, pc + 48
core   0: 3 0x80009718 (0x03a10863)
core   0: 0x8000971c (0x00000013) nop
core   0: 3 0x8000971c (0x00000013)
core   0: 0x80009720 (0x07018db7) lui     s11, 0x7018
core   0: 3 0x80009720 (0x07018db7) x27 0x07018000
core   0: 0x80009724 (0x40675813) srai    a6, a4, 6
core   0: 3 0x80009724 (0x40675813) x16 0x0000347e
core   0: 0x80009728 (0x9315b393) sltiu   t2, a1, -1743
core   0: 3 0x80009728 (0x9315b393) x 7 0x00000001
core   0: 0x8000972c (0x40fc5f93) srai    t6, s8, 15
core   0: 3 0x8000972c (0x40fc5f93) x31 0x00000000
core   0: 0x80009730 (0x9a142517) auipc   a0, 0x9a142
core   0: 3 0x80009730 (0x9a142517) x10 0x1a14b730
core   0: 0x80009734 (0x00a02b33) slt     s6, zero, a0
core   0: 3 0x80009734 (0x00a02b33) x22 0x00000001
core   0: 0x80009738 (0x5348cc93) xori    s9, a7, 1332
core   0: 3 0x80009738 (0x5348cc93) x25 0xfffc0520
core   0: 0x8000973c (0x0934b797) auipc   a5, 0x934b
core   0: 3 0x8000973c (0x0934b797) x15 0x8935473c
core   0: 0x80009740 (0x004afc63) bgeu    s5, tp, pc + 24
core   0: 3 0x80009740 (0x004afc63)
core   0: 0x80009758 (0x010d3533) sltu    a0, s10, a6
core   0: 3 0x80009758 (0x010d3533) x10 0x00000000
core   0: 0x8000975c (0x01eb5233) srl     tp, s6, t5
core   0: 3 0x8000975c (0x01eb5233) x 4 0x00000001
core   0: 0x80009760 (0x00000013) nop
core   0: 3 0x80009760 (0x00000013)
core   0: 0x80009764 (0x00684a63) blt     a6, t1, pc + 20
core   0: 3 0x80009764 (0x00684a63)
core   0: 0x80009768 (0xa0e6b313) sltiu   t1, a3, -1522
core   0: 3 0x80009768 (0xa0e6b313) x 6 0x00000001
core   0: 0x8000976c (0x33d00193) li      gp, 829
core   0: 3 0x8000976c (0x33d00193) x 3 0x0000033d
core   0: 0x80009770 (0x43d8c013) xori    zero, a7, 1085
core   0: 3 0x80009770 (0x43d8c013)
core   0: 0x80009774 (0x00741c63) bne     s0, t2, pc + 24
core   0: 3 0x80009774 (0x00741c63)
core   0: 0x8000978c (0x0196c2b3) xor     t0, a3, s9
core   0: 3 0x8000978c (0x0196c2b3) x 5 0xfffc0520
core   0: 0x80009790 (0x3ea8e8b7) lui     a7, 0x3ea8e
core   0: 3 0x80009790 (0x3ea8e8b7) x17 0x3ea8e000
core   0: 0x80009794 (0x02ab1463) bne     s6, a0, pc + 40
core   0: 3 0x80009794 (0x02ab1463)
core   0: 0x800097bc (0x51108993) addi    s3, ra, 1297
core   0: 3 0x800097bc (0x51108993) x19 0x7ec65512
core   0: 0x800097c0 (0x40ebd093) srai    ra, s7, 14
core   0: 3 0x800097c0 (0x40ebd093) x 1 0xfffe0009
core   0: 0x800097c4 (0x1b9ef593) andi    a1, t4, 441
core   0: 3 0x800097c4 (0x1b9ef593) x11 0x00000120
core   0: 0x800097c8 (0x49ce0d13) addi    s10, t3, 1180
core   0: 3 0x800097c8 (0x49ce0d13) x26 0x0000049d
core   0: 0x800097cc (0x65c8cf13) xori    t5, a7, 1628
core   0: 3 0x800097cc (0x65c8cf13) x30 0x3ea8e65c
core   0: 0x800097d0 (0x6eedb093) sltiu   ra, s11, 1774
core   0: 3 0x800097d0 (0x6eedb093) x 1 0x00000000
core   0: 0x800097d4 (0x054f7863) bgeu    t5, s4, pc + 80
core   0: 3 0x800097d4 (0x054f7863)
core   0: 0x800097d8 (0x01a68263) beq     a3, s10, pc + 4
core   0: 3 0x800097d8 (0x01a68263)
core   0: 0x800097dc (0x40815d93) srai    s11, sp, 8
core   0: 3 0x800097dc (0x40815d93) x27 0x00000000
core   0: 0x800097e0 (0x412bd893) srai    a7, s7, 18
core   0: 3 0x800097e0 (0x412bd893) x17 0xffffe000
core   0: 0x800097e4 (0x020e6263) bltu    t3, zero, pc + 36
core   0: 3 0x800097e4 (0x020e6263)
core   0: 0x800097e8 (0x41915213) srai    tp, sp, 25
core   0: 3 0x800097e8 (0x41915213) x 4 0x00000000
core   0: 0x800097ec (0x01d2a9b3) slt     s3, t0, t4
core   0: 3 0x800097ec (0x01d2a9b3) x19 0x00000001
core   0: 0x800097f0 (0x00abee63) bltu    s7, a0, pc + 28
core   0: 3 0x800097f0 (0x00abee63)
core   0: 0x800097f4 (0x0375f663) bgeu    a1, s7, pc + 44
core   0: 3 0x800097f4 (0x0375f663)
core   0: 0x800097f8 (0x01cd1e63) bne     s10, t3, pc + 28
core   0: 3 0x800097f8 (0x01cd1e63)
core   0: 0x80009814 (0x01749233) sll     tp, s1, s7
core   0: 3 0x80009814 (0x01749233) x 4 0xe4000000
core   0: 0x80009818 (0xf01a3813) sltiu   a6, s4, -255
core   0: 3 0x80009818 (0xf01a3813) x16 0x00000001
core   0: 0x8000981c (0x919bde97) auipc   t4, 0x919bd
core   0: 3 0x8000981c (0x919bde97) x29 0x119c681c
core   0: 0x80009820 (0x017d1233) sll     tp, s10, s7
core   0: 3 0x80009820 (0x017d1233) x 4 0x9d000000
core   0: 0x80009824 (0xd8b44e93) xori    t4, s0, -629
core   0: 3 0x80009824 (0xd8b44e93) x29 0x8139ad8b
core   0: 0x80009828 (0x0108fcb3) and     s9, a7, a6
core   0: 3 0x80009828 (0x0108fcb3) x25 0x00000000
core   0: 0x8000982c (0xc9028993) addi    s3, t0, -880
core   0: 3 0x8000982c (0xc9028993) x19 0xfffc01b0
core   0: 0x80009830 (0x034ad663) bge     s5, s4, pc + 44
core   0: 3 0x80009830 (0x034ad663)
core   0: 0x8000985c (0x00d92cb3) slt     s9, s2, a3
core   0: 3 0x8000985c (0x00d92cb3) x25 0x00000000
core   0: 0x80009860 (0x016bd7b3) srl     a5, s7, s6
core   0: 3 0x80009860 (0x016bd7b3) x15 0x4001272c
core   0: 0x80009864 (0x00000013) nop
core   0: 3 0x80009864 (0x00000013)
core   0: 0x80009868 (0x00b70db3) add     s11, a4, a1
core   0: 3 0x80009868 (0x00b70db3) x27 0x000d20c0
core   0: 0x8000986c (0x0137ea33) or      s4, a5, s3
core   0: 3 0x8000986c (0x0137ea33) x20 0xfffd27bc
core   0: 0x80009870 (0x00867663) bgeu    a2, s0, pc + 12
core   0: 3 0x80009870 (0x00867663)
core   0: 0x80009874 (0x907ba313) slti    t1, s7, -1785
core   0: 3 0x80009874 (0x907ba313) x 6 0x00000001
core   0: 0x80009878 (0x01c89a63) bne     a7, t3, pc + 20
core   0: 3 0x80009878 (0x01c89a63)
core   0: 0x8000988c (0x2d6d2f17) auipc   t5, 0x2d6d2
core   0: 3 0x8000988c (0x2d6d2f17) x30 0xad6db88c
core   0: 0x80009890 (0x01de2b33) slt     s6, t3, t4
core   0: 3 0x80009890 (0x01de2b33) x22 0x00000000
core   0: 0x80009894 (0x018eb8b3) sltu    a7, t4, s8
core   0: 3 0x80009894 (0x018eb8b3) x17 0x00000000
core   0: 0x80009898 (0x016cc9b3) xor     s3, s9, s6
core   0: 3 0x80009898 (0x016cc9b3) x19 0x00000000
core   0: 0x8000989c (0x9f3e8413) addi    s0, t4, -1549
core   0: 3 0x8000989c (0x9f3e8413) x 8 0x8139a77e
core   0: 0x800098a0 (0x0122ea33) or      s4, t0, s2
core   0: 3 0x800098a0 (0x0122ea33) x20 0xfffc0521
core   0: 0x800098a4 (0xae62d037) lui     zero, 0xae62d
core   0: 3 0x800098a4 (0xae62d037)
core   0: 0x800098a8 (0x01b9f433) and     s0, s3, s11
core   0: 3 0x800098a8 (0x01b9f433) x 8 0x00000000
core   0: 0x800098ac (0x01b10a63) beq     sp, s11, pc + 20
core   0: 3 0x800098ac (0x01b10a63)
core   0: 0x800098b0 (0x019d82b3) add     t0, s11, s9
core   0: 3 0x800098b0 (0x019d82b3) x 5 0x000d20c0
core   0: 0x800098b4 (0x8ac14013) xori    zero, sp, -1876
core   0: 3 0x800098b4 (0x8ac14013)
core   0: 0x800098b8 (0x006fc433) xor     s0, t6, t1
core   0: 3 0x800098b8 (0x006fc433) x 8 0x00000001
core   0: 0x800098bc (0x0130d993) srli    s3, ra, 19
core   0: 3 0x800098bc (0x0130d993) x19 0x00000000
core   0: 0x800098c0 (0x56c007ef) jal     a5, pc + 0x56c
core   0: 3 0x800098c0 (0x56c007ef) x15 0x800098c4
core   0: 0x80009e2c (0x412c53b3) sra     t2, s8, s2
core   0: 3 0x80009e2c (0x412c53b3) x 7 0x00000000
core   0: 0x80009e30 (0xfe8b8b93) addi    s7, s7, -24
core   0: 3 0x80009e30 (0xfe8b8b93) x23 0x80024e40
core   0: 0x80009e34 (0xb477b293) sltiu   t0, a5, -1209
core   0: 3 0x80009e34 (0xb477b293) x 5 0x00000001
core   0: 0x80009e38 (0x00fba223) sw      a5, 4(s7)
core   0: 3 0x80009e38 (0x00fba223) mem 0x80024e44 0x800098c4
core   0: 0x80009e3c (0x00db9eb3) sll     t4, s7, a3
core   0: 3 0x80009e3c (0x00db9eb3) x29 0x80024e40
core   0: 0x80009e40 (0x0059a933) slt     s2, s3, t0
core   0: 3 0x80009e40 (0x0059a933) x18 0x00000001
core   0: 0x80009e44 (0x00a00393) li      t2, 10
core   0: 3 0x80009e44 (0x00a00393) x 7 0x0000000a
core   0: 0x80009e48 (0x00a00d13) li      s10, 10
core   0: 3 0x80009e48 (0x00a00d13) x26 0x0000000a
core   0: 0x80009e4c (0xc54a6b13) ori     s6, s4, -940
core   0: 3 0x80009e4c (0xc54a6b13) x22 0xfffffd75
core   0: 0x80009e50 (0xff738393) addi    t2, t2, -9
core   0: 3 0x80009e50 (0xff738393) x 7 0x00000001
core   0: 0x80009e54 (0x00a00693) li      a3, 10
core   0: 3 0x80009e54 (0x00a00693) x13 0x0000000a
core   0: 0x80009e58 (0x00800913) li      s2, 8
core   0: 3 0x80009e58 (0x00800913) x18 0x00000008
core   0: 0x80009e5c (0xe24fa013) slti    zero, t6, -476
core   0: 3 0x80009e5c (0xe24fa013)
core   0: 0x80009e60 (0xb69eee93) ori     t4, t4, -1175
core   0: 3 0x80009e60 (0xb69eee93) x29 0xffffff69
core   0: 0x80009e64 (0xffc68693) addi    a3, a3, -4
core   0: 3 0x80009e64 (0xffc68693) x13 0x00000006
core   0: 0x80009e68 (0xff26fce3) bgeu    a3, s2, pc - 8
core   0: 3 0x80009e68 (0xff26fce3)
core   0: 0x80009e6c (0xffa3f0e3) bgeu    t2, s10, pc - 32
core   0: 3 0x80009e6c (0xffa3f0e3)
core   0: 0x80009e70 (0xcc417193) andi    gp, sp, -828
core   0: 3 0x80009e70 (0xcc417193) x 3 0x00000000
core   0: 0x80009e74 (0xffc00413) li      s0, -4
core   0: 3 0x80009e74 (0xffc00413) x 8 0xfffffffc
core   0: 0x80009e78 (0x01876033) or      zero, a4, s8
core   0: 3 0x80009e78 (0x01876033)
core   0: 0x80009e7c (0x01ee5f13) srli    t5, t3, 30
core   0: 3 0x80009e7c (0x01ee5f13) x30 0x00000000
core   0: 0x80009e80 (0x014fd613) srli    a2, t6, 20
core   0: 3 0x80009e80 (0x014fd613) x12 0x00000000
core   0: 0x80009e84 (0x001cc833) xor     a6, s9, ra
core   0: 3 0x80009e84 (0x001cc833) x16 0x00000000
core   0: 0x80009e88 (0x00e00e13) li      t3, 14
core   0: 3 0x80009e88 (0x00e00e13) x28 0x0000000e
core   0: 0x80009e8c (0x4393e593) ori     a1, t2, 1081
core   0: 3 0x80009e8c (0x4393e593) x11 0x00000439
core   0: 0x80009e90 (0x00640413) addi    s0, s0, 6
core   0: 3 0x80009e90 (0x00640413) x 8 0x00000002
core   0: 0x80009e94 (0x0130db33) srl     s6, ra, s3
core   0: 3 0x80009e94 (0x0130db33) x22 0x00000000
core   0: 0x80009e98 (0x0008bf33) sltu    t5, a7, zero
core   0: 3 0x80009e98 (0x0008bf33) x30 0x00000000
core   0: 0x80009e9c (0xbb5c9a17) auipc   s4, 0xbb5c9
core   0: 3 0x80009e9c (0xbb5c9a17) x20 0x3b5d2e9c
core   0: 0x80009ea0 (0xffc406e3) beq     s0, t3, pc - 20
core   0: 3 0x80009ea0 (0xffc406e3)
core   0: 0x80009ea4 (0x4018de93) srai    t4, a7, 1
core   0: 3 0x80009ea4 (0x4018de93) x29 0x00000000
core   0: 0x80009ea8 (0x00900b13) li      s6, 9
core   0: 3 0x80009ea8 (0x00900b13) x22 0x00000009
core   0: 0x80009eac (0x00fc5eb3) srl     t4, s8, a5
core   0: 3 0x80009eac (0x00fc5eb3) x29 0x00000000
core   0: 0x80009eb0 (0x41015133) sra     sp, sp, a6
core   0: 3 0x80009eb0 (0x41015133) x 2 0x00000000
core   0: 0x80009eb4 (0x00e72f33) slt     t5, a4, a4
core   0: 3 0x80009eb4 (0x00e72f33) x30 0x00000000
core   0: 0x80009eb8 (0x009160b3) or      ra, sp, s1
core   0: 3 0x80009eb8 (0x009160b3) x 1 0x80028ce4
core   0: 0x80009ebc (0x00300193) li      gp, 3
core   0: 3 0x80009ebc (0x00300193) x 3 0x00000003
core   0: 0x80009ec0 (0x12447913) andi    s2, s0, 292
core   0: 3 0x80009ec0 (0x12447913) x18 0x00000000
core   0: 0x80009ec4 (0x93410537) lui     a0, 0x93410
core   0: 3 0x80009ec4 (0x93410537) x10 0x93410000
core   0: 0x80009ec8 (0x75bad897) auipc   a7, 0x75bad
core   0: 3 0x80009ec8 (0x75bad897) x17 0xf5bb6ec8
core   0: 0x80009ecc (0x01e265b3) or      a1, tp, t5
core   0: 3 0x80009ecc (0x01e265b3) x11 0x9d000000
core   0: 0x80009ed0 (0x3ff77797) auipc   a5, 0x3ff77
core   0: 3 0x80009ed0 (0x3ff77797) x15 0xbff80ed0
core   0: 0x80009ed4 (0x00bbc733) xor     a4, s7, a1
core   0: 3 0x80009ed4 (0x00bbc733) x14 0x1d024e40
core   0: 0x80009ed8 (0x00cf3633) sltu    a2, t5, a2
core   0: 3 0x80009ed8 (0x00cf3633) x12 0x00000000
core   0: 0x80009edc (0x00000013) nop
core   0: 3 0x80009edc (0x00000013)
core   0: 0x80009ee0 (0xfffb0b13) addi    s6, s6, -1
core   0: 3 0x80009ee0 (0xfffb0b13) x22 0x00000008
core   0: 0x80009ee4 (0x00e4dfb3) srl     t6, s1, a4
core   0: 3 0x80009ee4 (0x00e4dfb3) x31 0x80028ce4
core   0: 0x80009ee8 (0xfc3b7ee3) bgeu    s6, gp, pc - 36
core   0: 3 0x80009ee8 (0xfc3b7ee3)
core   0: 0x80009ec4 (0x93410537) lui     a0, 0x93410
core   0: 3 0x80009ec4 (0x93410537) x10 0x93410000
core   0: 0x80009ec8 (0x75bad897) auipc   a7, 0x75bad
core   0: 3 0x80009ec8 (0x75bad897) x17 0xf5bb6ec8
core   0: 0x80009ecc (0x01e265b3) or      a1, tp, t5
core   0: 3 0x80009ecc (0x01e265b3) x11 0x9d000000
core   0: 0x80009ed0 (0x3ff77797) auipc   a5, 0x3ff77
core   0: 3 0x80009ed0 (0x3ff77797) x15 0xbff80ed0
core   0: 0x80009ed4 (0x00bbc733) xor     a4, s7, a1
core   0: 3 0x80009ed4 (0x00bbc733) x14 0x1d024e40
core   0: 0x80009ed8 (0x00cf3633) sltu    a2, t5, a2
core   0: 3 0x80009ed8 (0x00cf3633) x12 0x00000000
core   0: 0x80009edc (0x00000013) nop
core   0: 3 0x80009edc (0x00000013)
core   0: 0x80009ee0 (0xfffb0b13) addi    s6, s6, -1
core   0: 3 0x80009ee0 (0xfffb0b13) x22 0x00000007
core   0: 0x80009ee4 (0x00e4dfb3) srl     t6, s1, a4
core   0: 3 0x80009ee4 (0x00e4dfb3) x31 0x80028ce4
core   0: 0x80009ee8 (0xfc3b7ee3) bgeu    s6, gp, pc - 36
core   0: 3 0x80009ee8 (0xfc3b7ee3)
core   0: 0x80009ec4 (0x93410537) lui     a0, 0x93410
core   0: 3 0x80009ec4 (0x93410537) x10 0x93410000
core   0: 0x80009ec8 (0x75bad897) auipc   a7, 0x75bad
core   0: 3 0x80009ec8 (0x75bad897) x17 0xf5bb6ec8
core   0: 0x80009ecc (0x01e265b3) or      a1, tp, t5
core   0: 3 0x80009ecc (0x01e265b3) x11 0x9d000000
core   0: 0x80009ed0 (0x3ff77797) auipc   a5, 0x3ff77
core   0: 3 0x80009ed0 (0x3ff77797) x15 0xbff80ed0
core   0: 0x80009ed4 (0x00bbc733) xor     a4, s7, a1
core   0: 3 0x80009ed4 (0x00bbc733) x14 0x1d024e40
core   0: 0x80009ed8 (0x00cf3633) sltu    a2, t5, a2
core   0: 3 0x80009ed8 (0x00cf3633) x12 0x00000000
core   0: 0x80009edc (0x00000013) nop
core   0: 3 0x80009edc (0x00000013)
core   0: 0x80009ee0 (0xfffb0b13) addi    s6, s6, -1
core   0: 3 0x80009ee0 (0xfffb0b13) x22 0x00000006
core   0: 0x80009ee4 (0x00e4dfb3) srl     t6, s1, a4
core   0: 3 0x80009ee4 (0x00e4dfb3) x31 0x80028ce4
core   0: 0x80009ee8 (0xfc3b7ee3) bgeu    s6, gp, pc - 36
core   0: 3 0x80009ee8 (0xfc3b7ee3)
core   0: 0x80009ec4 (0x93410537) lui     a0, 0x93410
core   0: 3 0x80009ec4 (0x93410537) x10 0x93410000
core   0: 0x80009ec8 (0x75bad897) auipc   a7, 0x75bad
core   0: 3 0x80009ec8 (0x75bad897) x17 0xf5bb6ec8
core   0: 0x80009ecc (0x01e265b3) or      a1, tp, t5
core   0: 3 0x80009ecc (0x01e265b3) x11 0x9d000000
core   0: 0x80009ed0 (0x3ff77797) auipc   a5, 0x3ff77
core   0: 3 0x80009ed0 (0x3ff77797) x15 0xbff80ed0
core   0: 0x80009ed4 (0x00bbc733) xor     a4, s7, a1
core   0: 3 0x80009ed4 (0x00bbc733) x14 0x1d024e40
core   0: 0x80009ed8 (0x00cf3633) sltu    a2, t5, a2
core   0: 3 0x80009ed8 (0x00cf3633) x12 0x00000000
core   0: 0x80009edc (0x00000013) nop
core   0: 3 0x80009edc (0x00000013)
core   0: 0x80009ee0 (0xfffb0b13) addi    s6, s6, -1
core   0: 3 0x80009ee0 (0xfffb0b13) x22 0x00000005
core   0: 0x80009ee4 (0x00e4dfb3) srl     t6, s1, a4
core   0: 3 0x80009ee4 (0x00e4dfb3) x31 0x80028ce4
core   0: 0x80009ee8 (0xfc3b7ee3) bgeu    s6, gp, pc - 36
core   0: 3 0x80009ee8 (0xfc3b7ee3)
core   0: 0x80009ec4 (0x93410537) lui     a0, 0x93410
core   0: 3 0x80009ec4 (0x93410537) x10 0x93410000
core   0: 0x80009ec8 (0x75bad897) auipc   a7, 0x75bad
core   0: 3 0x80009ec8 (0x75bad897) x17 0xf5bb6ec8
core   0: 0x80009ecc (0x01e265b3) or      a1, tp, t5
core   0: 3 0x80009ecc (0x01e265b3) x11 0x9d000000
core   0: 0x80009ed0 (0x3ff77797) auipc   a5, 0x3ff77
core   0: 3 0x80009ed0 (0x3ff77797) x15 0xbff80ed0
core   0: 0x80009ed4 (0x00bbc733) xor     a4, s7, a1
core   0: 3 0x80009ed4 (0x00bbc733) x14 0x1d024e40
core   0: 0x80009ed8 (0x00cf3633) sltu    a2, t5, a2
core   0: 3 0x80009ed8 (0x00cf3633) x12 0x00000000
core   0: 0x80009edc (0x00000013) nop
core   0: 3 0x80009edc (0x00000013)
core   0: 0x80009ee0 (0xfffb0b13) addi    s6, s6, -1
core   0: 3 0x80009ee0 (0xfffb0b13) x22 0x00000004
core   0: 0x80009ee4 (0x00e4dfb3) srl     t6, s1, a4
core   0: 3 0x80009ee4 (0x00e4dfb3) x31 0x80028ce4
core   0: 0x80009ee8 (0xfc3b7ee3) bgeu    s6, gp, pc - 36
core   0: 3 0x80009ee8 (0xfc3b7ee3)
core   0: 0x80009ec4 (0x93410537) lui     a0, 0x93410
core   0: 3 0x80009ec4 (0x93410537) x10 0x93410000
core   0: 0x80009ec8 (0x75bad897) auipc   a7, 0x75bad
core   0: 3 0x80009ec8 (0x75bad897) x17 0xf5bb6ec8
core   0: 0x80009ecc (0x01e265b3) or      a1, tp, t5
core   0: 3 0x80009ecc (0x01e265b3) x11 0x9d000000
core   0: 0x80009ed0 (0x3ff77797) auipc   a5, 0x3ff77
core   0: 3 0x80009ed0 (0x3ff77797) x15 0xbff80ed0
core   0: 0x80009ed4 (0x00bbc733) xor     a4, s7, a1
core   0: 3 0x80009ed4 (0x00bbc733) x14 0x1d024e40
core   0: 0x80009ed8 (0x00cf3633) sltu    a2, t5, a2
core   0: 3 0x80009ed8 (0x00cf3633) x12 0x00000000
core   0: 0x80009edc (0x00000013) nop
core   0: 3 0x80009edc (0x00000013)
core   0: 0x80009ee0 (0xfffb0b13) addi    s6, s6, -1
core   0: 3 0x80009ee0 (0xfffb0b13) x22 0x00000003
core   0: 0x80009ee4 (0x00e4dfb3) srl     t6, s1, a4
core   0: 3 0x80009ee4 (0x00e4dfb3) x31 0x80028ce4
core   0: 0x80009ee8 (0xfc3b7ee3) bgeu    s6, gp, pc - 36
core   0: 3 0x80009ee8 (0xfc3b7ee3)
core   0: 0x80009ec4 (0x93410537) lui     a0, 0x93410
core   0: 3 0x80009ec4 (0x93410537) x10 0x93410000
core   0: 0x80009ec8 (0x75bad897) auipc   a7, 0x75bad
core   0: 3 0x80009ec8 (0x75bad897) x17 0xf5bb6ec8
core   0: 0x80009ecc (0x01e265b3) or      a1, tp, t5
core   0: 3 0x80009ecc (0x01e265b3) x11 0x9d000000
core   0: 0x80009ed0 (0x3ff77797) auipc   a5, 0x3ff77
core   0: 3 0x80009ed0 (0x3ff77797) x15 0xbff80ed0
core   0: 0x80009ed4 (0x00bbc733) xor     a4, s7, a1
core   0: 3 0x80009ed4 (0x00bbc733) x14 0x1d024e40
core   0: 0x80009ed8 (0x00cf3633) sltu    a2, t5, a2
core   0: 3 0x80009ed8 (0x00cf3633) x12 0x00000000
core   0: 0x80009edc (0x00000013) nop
core   0: 3 0x80009edc (0x00000013)
core   0: 0x80009ee0 (0xfffb0b13) addi    s6, s6, -1
core   0: 3 0x80009ee0 (0xfffb0b13) x22 0x00000002
core   0: 0x80009ee4 (0x00e4dfb3) srl     t6, s1, a4
core   0: 3 0x80009ee4 (0x00e4dfb3) x31 0x80028ce4
core   0: 0x80009ee8 (0xfc3b7ee3) bgeu    s6, gp, pc - 36
core   0: 3 0x80009ee8 (0xfc3b7ee3)
core   0: 0x80009eec (0x012eca33) xor     s4, t4, s2
core   0: 3 0x80009eec (0x012eca33) x20 0x00000000
core   0: 0x80009ef0 (0x00500f13) li      t5, 5
core   0: 3 0x80009ef0 (0x00500f13) x30 0x00000005
core   0: 0x80009ef4 (0xd2547693) andi    a3, s0, -731
core   0: 3 0x80009ef4 (0xd2547693) x13 0x00000000
core   0: 0x80009ef8 (0x015b51b3) srl     gp, s6, s5
core   0: 3 0x80009ef8 (0x015b51b3) x 3 0x00000000
core   0: 0x80009efc (0x62183d93) sltiu   s11, a6, 1569
core   0: 3 0x80009efc (0x62183d93) x27 0x00000001
core   0: 0x80009f00 (0xff700793) li      a5, -9
core   0: 3 0x80009f00 (0xff700793) x15 0xfffffff7
core   0: 0x80009f04 (0xb03afd17) auipc   s10, 0xb03af
core   0: 3 0x80009f04 (0xb03afd17) x26 0x303b8f04
core   0: 0x80009f08 (0xda498e13) addi    t3, s3, -604
core   0: 3 0x80009f08 (0xda498e13) x28 0xfffffda4
core   0: 0x80009f0c (0x8a124193) xori    gp, tp, -1887
core   0: 3 0x80009f0c (0x8a124193) x 3 0x62fff8a1
core   0: 0x80009f10 (0xffdf0f13) addi    t5, t5, -3
core   0: 3 0x80009f10 (0xffdf0f13) x30 0x00000002
core   0: 0x80009f14 (0x01dc4233) xor     tp, s8, t4
core   0: 3 0x80009f14 (0x01dc4233) x 4 0x00000000
core   0: 0x80009f18 (0x64c54d93) xori    s11, a0, 1612
core   0: 3 0x80009f18 (0x64c54d93) x27 0x9341064c
core   0: 0x80009f1c (0x0000100f) fence.i
core   0: 3 0x80009f1c (0x0000100f)
core   0: 0x80009f20 (0x00500313) li      t1, 5
core   0: 3 0x80009f20 (0x00500313) x 6 0x00000005
core   0: 0x80009f24 (0x55930913) addi    s2, t1, 1369
core   0: 3 0x80009f24 (0x55930913) x18 0x0000055e
core   0: 0x80009f28 (0x8d60fa13) andi    s4, ra, -1834
core   0: 3 0x80009f28 (0x8d60fa13) x20 0x800288c4
core   0: 0x80009f2c (0x004fd833) srl     a6, t6, tp
core   0: 3 0x80009f2c (0x004fd833) x16 0x80028ce4
core   0: 0x80009f30 (0xff900593) li      a1, -7
core   0: 3 0x80009f30 (0xff900593) x11 0xfffffff9
core   0: 0x80009f34 (0x00d31713) slli    a4, t1, 13
core   0: 3 0x80009f34 (0x00d31713) x14 0x0000a000
core   0: 0x80009f38 (0x6d743e37) lui     t3, 0x6d743
core   0: 3 0x80009f38 (0x6d743e37) x28 0x6d743000
core   0: 0x80009f3c (0xffa30313) addi    t1, t1, -6
core   0: 3 0x80009f3c (0xffa30313) x 6 0xffffffff
core   0: 0x80009f40 (0xfeb31ce3) bne     t1, a1, pc - 8
core   0: 3 0x80009f40 (0xfeb31ce3)
core   0: 0x80009f38 (0x6d743e37) lui     t3, 0x6d743
core   0: 3 0x80009f38 (0x6d743e37) x28 0x6d743000
core   0: 0x80009f3c (0xffa30313) addi    t1, t1, -6
core   0: 3 0x80009f3c (0xffa30313) x 6 0xfffffff9
core   0: 0x80009f40 (0xfeb31ce3) bne     t1, a1, pc - 8
core   0: 3 0x80009f40 (0xfeb31ce3)
core   0: 0x80009f44 (0x0ff0000f) fence   iorw,iorw
core   0: 3 0x80009f44 (0x0ff0000f)
core   0: 0x80009f48 (0xfcff50e3) bge     t5, a5, pc - 64
core   0: 3 0x80009f48 (0xfcff50e3)
core   0: 0x80009f08 (0xda498e13) addi    t3, s3, -604
core   0: 3 0x80009f08 (0xda498e13) x28 0xfffffda4
core   0: 0x80009f0c (0x8a124193) xori    gp, tp, -1887
core   0: 3 0x80009f0c (0x8a124193) x 3 0xfffff8a1
core   0: 0x80009f10 (0xffdf0f13) addi    t5, t5, -3
core   0: 3 0x80009f10 (0xffdf0f13) x30 0xffffffff
core   0: 0x80009f14 (0x01dc4233) xor     tp, s8, t4
core   0: 3 0x80009f14 (0x01dc4233) x 4 0x00000000
core   0: 0x80009f18 (0x64c54d93) xori    s11, a0, 1612
core   0: 3 0x80009f18 (0x64c54d93) x27 0x9341064c
core   0: 0x80009f1c (0x0000100f) fence.i
core   0: 3 0x80009f1c (0x0000100f)
core   0: 0x80009f20 (0x00500313) li      t1, 5
core   0: 3 0x80009f20 (0x00500313) x 6 0x00000005
core   0: 0x80009f24 (0x55930913) addi    s2, t1, 1369
core   0: 3 0x80009f24 (0x55930913) x18 0x0000055e
core   0: 0x80009f28 (0x8d60fa13) andi    s4, ra, -1834
core   0: 3 0x80009f28 (0x8d60fa13) x20 0x800288c4
core   0: 0x80009f2c (0x004fd833) srl     a6, t6, tp
core   0: 3 0x80009f2c (0x004fd833) x16 0x80028ce4
core   0: 0x80009f30 (0xff900593) li      a1, -7
core   0: 3 0x80009f30 (0xff900593) x11 0xfffffff9
core   0: 0x80009f34 (0x00d31713) slli    a4, t1, 13
core   0: 3 0x80009f34 (0x00d31713) x14 0x0000a000
core   0: 0x80009f38 (0x6d743e37) lui     t3, 0x6d743
core   0: 3 0x80009f38 (0x6d743e37) x28 0x6d743000
core   0: 0x80009f3c (0xffa30313) addi    t1, t1, -6
core   0: 3 0x80009f3c (0xffa30313) x 6 0xffffffff
core   0: 0x80009f40 (0xfeb31ce3) bne     t1, a1, pc - 8
core   0: 3 0x80009f40 (0xfeb31ce3)
core   0: 0x80009f38 (0x6d743e37) lui     t3, 0x6d743
core   0: 3 0x80009f38 (0x6d743e37) x28 0x6d743000
core   0: 0x80009f3c (0xffa30313) addi    t1, t1, -6
core   0: 3 0x80009f3c (0xffa30313) x 6 0xfffffff9
core   0: 0x80009f40 (0xfeb31ce3) bne     t1, a1, pc - 8
core   0: 3 0x80009f40 (0xfeb31ce3)
core   0: 0x80009f44 (0x0ff0000f) fence   iorw,iorw
core   0: 3 0x80009f44 (0x0ff0000f)
core   0: 0x80009f48 (0xfcff50e3) bge     t5, a5, pc - 64
core   0: 3 0x80009f48 (0xfcff50e3)
core   0: 0x80009f08 (0xda498e13) addi    t3, s3, -604
core   0: 3 0x80009f08 (0xda498e13) x28 0xfffffda4
core   0: 0x80009f0c (0x8a124193) xori    gp, tp, -1887
core   0: 3 0x80009f0c (0x8a124193) x 3 0xfffff8a1
core   0: 0x80009f10 (0xffdf0f13) addi    t5, t5, -3
core   0: 3 0x80009f10 (0xffdf0f13) x30 0xfffffffc
core   0: 0x80009f14 (0x01dc4233) xor     tp, s8, t4
core   0: 3 0x80009f14 (0x01dc4233) x 4 0x00000000
core   0: 0x80009f18 (0x64c54d93) xori    s11, a0, 1612
core   0: 3 0x80009f18 (0x64c54d93) x27 0x9341064c
core   0: 0x80009f1c (0x0000100f) fence.i
core   0: 3 0x80009f1c (0x0000100f)
core   0: 0x80009f20 (0x00500313) li      t1, 5
core   0: 3 0x80009f20 (0x00500313) x 6 0x00000005
core   0: 0x80009f24 (0x55930913) addi    s2, t1, 1369
core   0: 3 0x80009f24 (0x55930913) x18 0x0000055e
core   0: 0x80009f28 (0x8d60fa13) andi    s4, ra, -1834
core   0: 3 0x80009f28 (0x8d60fa13) x20 0x800288c4
core   0: 0x80009f2c (0x004fd833) srl     a6, t6, tp
core   0: 3 0x80009f2c (0x004fd833) x16 0x80028ce4
core   0: 0x80009f30 (0xff900593) li      a1, -7
core   0: 3 0x80009f30 (0xff900593) x11 0xfffffff9
core   0: 0x80009f34 (0x00d31713) slli    a4, t1, 13
core   0: 3 0x80009f34 (0x00d31713) x14 0x0000a000
core   0: 0x80009f38 (0x6d743e37) lui     t3, 0x6d743
core   0: 3 0x80009f38 (0x6d743e37) x28 0x6d743000
core   0: 0x80009f3c (0xffa30313) addi    t1, t1, -6
core   0: 3 0x80009f3c (0xffa30313) x 6 0xffffffff
core   0: 0x80009f40 (0xfeb31ce3) bne     t1, a1, pc - 8
core   0: 3 0x80009f40 (0xfeb31ce3)
core   0: 0x80009f38 (0x6d743e37) lui     t3, 0x6d743
core   0: 3 0x80009f38 (0x6d743e37) x28 0x6d743000
core   0: 0x80009f3c (0xffa30313) addi    t1, t1, -6
core   0: 3 0x80009f3c (0xffa30313) x 6 0xfffffff9
core   0: 0x80009f40 (0xfeb31ce3) bne     t1, a1, pc - 8
core   0: 3 0x80009f40 (0xfeb31ce3)
core   0: 0x80009f44 (0x0ff0000f) fence   iorw,iorw
core   0: 3 0x80009f44 (0x0ff0000f)
core   0: 0x80009f48 (0xfcff50e3) bge     t5, a5, pc - 64
core   0: 3 0x80009f48 (0xfcff50e3)
core   0: 0x80009f08 (0xda498e13) addi    t3, s3, -604
core   0: 3 0x80009f08 (0xda498e13) x28 0xfffffda4
core   0: 0x80009f0c (0x8a124193) xori    gp, tp, -1887
core   0: 3 0x80009f0c (0x8a124193) x 3 0xfffff8a1
core   0: 0x80009f10 (0xffdf0f13) addi    t5, t5, -3
core   0: 3 0x80009f10 (0xffdf0f13) x30 0xfffffff9
core   0: 0x80009f14 (0x01dc4233) xor     tp, s8, t4
core   0: 3 0x80009f14 (0x01dc4233) x 4 0x00000000
core   0: 0x80009f18 (0x64c54d93) xori    s11, a0, 1612
core   0: 3 0x80009f18 (0x64c54d93) x27 0x9341064c
core   0: 0x80009f1c (0x0000100f) fence.i
core   0: 3 0x80009f1c (0x0000100f)
core   0: 0x80009f20 (0x00500313) li      t1, 5
core   0: 3 0x80009f20 (0x00500313) x 6 0x00000005
core   0: 0x80009f24 (0x55930913) addi    s2, t1, 1369
core   0: 3 0x80009f24 (0x55930913) x18 0x0000055e
core   0: 0x80009f28 (0x8d60fa13) andi    s4, ra, -1834
core   0: 3 0x80009f28 (0x8d60fa13) x20 0x800288c4
core   0: 0x80009f2c (0x004fd833) srl     a6, t6, tp
core   0: 3 0x80009f2c (0x004fd833) x16 0x80028ce4
core   0: 0x80009f30 (0xff900593) li      a1, -7
core   0: 3 0x80009f30 (0xff900593) x11 0xfffffff9
core   0: 0x80009f34 (0x00d31713) slli    a4, t1, 13
core   0: 3 0x80009f34 (0x00d31713) x14 0x0000a000
core   0: 0x80009f38 (0x6d743e37) lui     t3, 0x6d743
core   0: 3 0x80009f38 (0x6d743e37) x28 0x6d743000
core   0: 0x80009f3c (0xffa30313) addi    t1, t1, -6
core   0: 3 0x80009f3c (0xffa30313) x 6 0xffffffff
core   0: 0x80009f40 (0xfeb31ce3) bne     t1, a1, pc - 8
core   0: 3 0x80009f40 (0xfeb31ce3)
core   0: 0x80009f38 (0x6d743e37) lui     t3, 0x6d743
core   0: 3 0x80009f38 (0x6d743e37) x28 0x6d743000
core   0: 0x80009f3c (0xffa30313) addi    t1, t1, -6
core   0: 3 0x80009f3c (0xffa30313) x 6 0xfffffff9
core   0: 0x80009f40 (0xfeb31ce3) bne     t1, a1, pc - 8
core   0: 3 0x80009f40 (0xfeb31ce3)
core   0: 0x80009f44 (0x0ff0000f) fence   iorw,iorw
core   0: 3 0x80009f44 (0x0ff0000f)
core   0: 0x80009f48 (0xfcff50e3) bge     t5, a5, pc - 64
core   0: 3 0x80009f48 (0xfcff50e3)
core   0: 0x80009f08 (0xda498e13) addi    t3, s3, -604
core   0: 3 0x80009f08 (0xda498e13) x28 0xfffffda4
core   0: 0x80009f0c (0x8a124193) xori    gp, tp, -1887
core   0: 3 0x80009f0c (0x8a124193) x 3 0xfffff8a1
core   0: 0x80009f10 (0xffdf0f13) addi    t5, t5, -3
core   0: 3 0x80009f10 (0xffdf0f13) x30 0xfffffff6
core   0: 0x80009f14 (0x01dc4233) xor     tp, s8, t4
core   0: 3 0x80009f14 (0x01dc4233) x 4 0x00000000
core   0: 0x80009f18 (0x64c54d93) xori    s11, a0, 1612
core   0: 3 0x80009f18 (0x64c54d93) x27 0x9341064c
core   0: 0x80009f1c (0x0000100f) fence.i
core   0: 3 0x80009f1c (0x0000100f)
core   0: 0x80009f20 (0x00500313) li      t1, 5
core   0: 3 0x80009f20 (0x00500313) x 6 0x00000005
core   0: 0x80009f24 (0x55930913) addi    s2, t1, 1369
core   0: 3 0x80009f24 (0x55930913) x18 0x0000055e
core   0: 0x80009f28 (0x8d60fa13) andi    s4, ra, -1834
core   0: 3 0x80009f28 (0x8d60fa13) x20 0x800288c4
core   0: 0x80009f2c (0x004fd833) srl     a6, t6, tp
core   0: 3 0x80009f2c (0x004fd833) x16 0x80028ce4
core   0: 0x80009f30 (0xff900593) li      a1, -7
core   0: 3 0x80009f30 (0xff900593) x11 0xfffffff9
core   0: 0x80009f34 (0x00d31713) slli    a4, t1, 13
core   0: 3 0x80009f34 (0x00d31713) x14 0x0000a000
core   0: 0x80009f38 (0x6d743e37) lui     t3, 0x6d743
core   0: 3 0x80009f38 (0x6d743e37) x28 0x6d743000
core   0: 0x80009f3c (0xffa30313) addi    t1, t1, -6
core   0: 3 0x80009f3c (0xffa30313) x 6 0xffffffff
core   0: 0x80009f40 (0xfeb31ce3) bne     t1, a1, pc - 8
core   0: 3 0x80009f40 (0xfeb31ce3)
core   0: 0x80009f38 (0x6d743e37) lui     t3, 0x6d743
core   0: 3 0x80009f38 (0x6d743e37) x28 0x6d743000
core   0: 0x80009f3c (0xffa30313) addi    t1, t1, -6
core   0: 3 0x80009f3c (0xffa30313) x 6 0xfffffff9
core   0: 0x80009f40 (0xfeb31ce3) bne     t1, a1, pc - 8
core   0: 3 0x80009f40 (0xfeb31ce3)
core   0: 0x80009f44 (0x0ff0000f) fence   iorw,iorw
core   0: 3 0x80009f44 (0x0ff0000f)
core   0: 0x80009f48 (0xfcff50e3) bge     t5, a5, pc - 64
core   0: 3 0x80009f48 (0xfcff50e3)
core   0: 0x80009f4c (0x00af1433) sll     s0, t5, a0
core   0: 3 0x80009f4c (0x00af1433) x 8 0xfffffff6
core   0: 0x80009f50 (0xffe00213) li      tp, -2
core   0: 3 0x80009f50 (0xffe00213) x 4 0xfffffffe
core   0: 0x80009f54 (0x00d00113) li      sp, 13
core   0: 3 0x80009f54 (0x00d00113) x 2 0x0000000d
core   0: 0x80009f58 (0x854e09b7) lui     s3, 0x854e0
core   0: 3 0x80009f58 (0x854e09b7) x19 0x854e0000
core   0: 0x80009f5c (0xbe8c6d97) auipc   s11, 0xbe8c6
core   0: 3 0x80009f5c (0xbe8c6d97) x27 0x3e8cff5c
core   0: 0x80009f60 (0x00a20213) addi    tp, tp, 10
core   0: 3 0x80009f60 (0x00a20213) x 4 0x00000008
core   0: 0x80009f64 (0x01a45933) srl     s2, s0, s10
core   0: 3 0x80009f64 (0x01a45933) x18 0x0fffffff
core   0: 0x80009f68 (0x4cfcc993) xori    s3, s9, 1231
core   0: 3 0x80009f68 (0x4cfcc993) x19 0x000004cf
core   0: 0x80009f6c (0x40c809b3) sub     s3, a6, a2
core   0: 3 0x80009f6c (0x40c809b3) x19 0x80028ce4
core   0: 0x80009f70 (0x002ba7b3) slt     a5, s7, sp
core   0: 3 0x80009f70 (0x002ba7b3) x15 0x00000001
core   0: 0x80009f74 (0x0138ff33) and     t5, a7, s3
core   0: 3 0x80009f74 (0x0138ff33) x30 0x80020cc0
core   0: 0x80009f78 (0x00100193) li      gp, 1
core   0: 3 0x80009f78 (0x00100193) x 3 0x00000001
core   0: 0x80009f7c (0x0029e333) or      t1, s3, sp
core   0: 3 0x80009f7c (0x0029e333) x 6 0x80028ced
core   0: 0x80009f80 (0x412c56b3) sra     a3, s8, s2
core   0: 3 0x80009f80 (0x412c56b3) x13 0x00000000
core   0: 0x80009f84 (0x00300893) li      a7, 3
core   0: 3 0x80009f84 (0x00300893) x17 0x00000003
core   0: 0x80009f88 (0x00602533) slt     a0, zero, t1
core   0: 3 0x80009f88 (0x00602533) x10 0x00000000
core   0: 0x80009f8c (0x412f83b3) sub     t2, t6, s2
core   0: 3 0x80009f8c (0x412f83b3) x 7 0x70028ce5
core   0: 0x80009f90 (0x00918193) addi    gp, gp, 9
core   0: 3 0x80009f90 (0x00918193) x 3 0x0000000a
core   0: 0x80009f94 (0x002299b3) sll     s3, t0, sp
core   0: 3 0x80009f94 (0x002299b3) x19 0x00002000
core   0: 0x80009f98 (0x01f625b3) slt     a1, a2, t6
core   0: 3 0x80009f98 (0x01f625b3) x11 0x00000000
core   0: 0x80009f9c (0x01e08933) add     s2, ra, t5
core   0: 3 0x80009f9c (0x01e08933) x18 0x000499a4
core   0: 0x80009fa0 (0xff11e6e3) bltu    gp, a7, pc - 20
core   0: 3 0x80009fa0 (0xff11e6e3)
core   0: 0x80009fa4 (0x017612b3) sll     t0, a2, s7
core   0: 3 0x80009fa4 (0x017612b3) x 5 0x00000000
core   0: 0x80009fa8 (0x0ff0000f) fence   iorw,iorw
core   0: 3 0x80009fa8 (0x0ff0000f)
core   0: 0x80009fac (0x00000013) nop
core   0: 3 0x80009fac (0x00000013)
core   0: 0x80009fb0 (0xfa2266e3) bltu    tp, sp, pc - 84
core   0: 3 0x80009fb0 (0xfa2266e3)
core   0: 0x80009f5c (0xbe8c6d97) auipc   s11, 0xbe8c6
core   0: 3 0x80009f5c (0xbe8c6d97) x27 0x3e8cff5c
core   0: 0x80009f60 (0x00a20213) addi    tp, tp, 10
core   0: 3 0x80009f60 (0x00a20213) x 4 0x00000012
core   0: 0x80009f64 (0x01a45933) srl     s2, s0, s10
core   0: 3 0x80009f64 (0x01a45933) x18 0x0fffffff
core   0: 0x80009f68 (0x4cfcc993) xori    s3, s9, 1231
core   0: 3 0x80009f68 (0x4cfcc993) x19 0x000004cf
core   0: 0x80009f6c (0x40c809b3) sub     s3, a6, a2
core   0: 3 0x80009f6c (0x40c809b3) x19 0x80028ce4
core   0: 0x80009f70 (0x002ba7b3) slt     a5, s7, sp
core   0: 3 0x80009f70 (0x002ba7b3) x15 0x00000001
core   0: 0x80009f74 (0x0138ff33) and     t5, a7, s3
core   0: 3 0x80009f74 (0x0138ff33) x30 0x00000000
core   0: 0x80009f78 (0x00100193) li      gp, 1
core   0: 3 0x80009f78 (0x00100193) x 3 0x00000001
core   0: 0x80009f7c (0x0029e333) or      t1, s3, sp
core   0: 3 0x80009f7c (0x0029e333) x 6 0x80028ced
core   0: 0x80009f80 (0x412c56b3) sra     a3, s8, s2
core   0: 3 0x80009f80 (0x412c56b3) x13 0x00000000
core   0: 0x80009f84 (0x00300893) li      a7, 3
core   0: 3 0x80009f84 (0x00300893) x17 0x00000003
core   0: 0x80009f88 (0x00602533) slt     a0, zero, t1
core   0: 3 0x80009f88 (0x00602533) x10 0x00000000
core   0: 0x80009f8c (0x412f83b3) sub     t2, t6, s2
core   0: 3 0x80009f8c (0x412f83b3) x 7 0x70028ce5
core   0: 0x80009f90 (0x00918193) addi    gp, gp, 9
core   0: 3 0x80009f90 (0x00918193) x 3 0x0000000a
core   0: 0x80009f94 (0x002299b3) sll     s3, t0, sp
core   0: 3 0x80009f94 (0x002299b3) x19 0x00000000
core   0: 0x80009f98 (0x01f625b3) slt     a1, a2, t6
core   0: 3 0x80009f98 (0x01f625b3) x11 0x00000000
core   0: 0x80009f9c (0x01e08933) add     s2, ra, t5
core   0: 3 0x80009f9c (0x01e08933) x18 0x80028ce4
core   0: 0x80009fa0 (0xff11e6e3) bltu    gp, a7, pc - 20
core   0: 3 0x80009fa0 (0xff11e6e3)
core   0: 0x80009fa4 (0x017612b3) sll     t0, a2, s7
core   0: 3 0x80009fa4 (0x017612b3) x 5 0x00000000
core   0: 0x80009fa8 (0x0ff0000f) fence   iorw,iorw
core   0: 3 0x80009fa8 (0x0ff0000f)
core   0: 0x80009fac (0x00000013) nop
core   0: 3 0x80009fac (0x00000013)
core   0: 0x80009fb0 (0xfa2266e3) bltu    tp, sp, pc - 84
core   0: 3 0x80009fb0 (0xfa2266e3)
core   0: 0x80009fb4 (0xc8a38f93) addi    t6, t2, -886
core   0: 3 0x80009fb4 (0xc8a38f93) x31 0x7002896f
core   0: 0x80009fb8 (0xffe00513) li      a0, -2
core   0: 3 0x80009fb8 (0xffe00513) x10 0xfffffffe
core   0: 0x80009fbc (0xac658093) addi    ra, a1, -1338
core   0: 3 0x80009fbc (0xac658093) x 1 0xfffffac6
core   0: 0x80009fc0 (0xfff00b13) li      s6, -1
core   0: 3 0x80009fc0 (0xfff00b13) x22 0xffffffff
core   0: 0x80009fc4 (0x01005c93) srli    s9, zero, 16
core   0: 3 0x80009fc4 (0x01005c93) x25 0x00000000
core   0: 0x80009fc8 (0x01f72133) slt     sp, a4, t6
core   0: 3 0x80009fc8 (0x01f72133) x 2 0x00000001
core   0: 0x80009fcc (0xb2464893) xori    a7, a2, -1244
core   0: 3 0x80009fcc (0xb2464893) x17 0xfffffb24
core   0: 0x80009fd0 (0x016413b3) sll     t2, s0, s6
core   0: 3 0x80009fd0 (0x016413b3) x 7 0x00000000
core   0: 0x80009fd4 (0x00150513) addi    a0, a0, 1
core   0: 3 0x80009fd4 (0x00150513) x10 0xffffffff
core   0: 0x80009fd8 (0xee0d0193) addi    gp, s10, -288
core   0: 3 0x80009fd8 (0xee0d0193) x 3 0x303b8de4
core   0: 0x80009fdc (0x01e5dc93) srli    s9, a1, 30
core   0: 3 0x80009fdc (0x01e5dc93) x25 0x00000000
core   0: 0x80009fe0 (0xff6544e3) blt     a0, s6, pc - 24
core   0: 3 0x80009fe0 (0xff6544e3)
core   0: 0x80009fe4 (0x049b8093) addi    ra, s7, 73
core   0: 3 0x80009fe4 (0x049b8093) x 1 0x80024e89
core   0: 0x80009fe8 (0x00800d93) li      s11, 8
core   0: 3 0x80009fe8 (0x00800d93) x27 0x00000008
core   0: 0x80009fec (0x403b5f13) srai    t5, s6, 3
core   0: 3 0x80009fec (0x403b5f13) x30 0xffffffff
core   0: 0x80009ff0 (0x00800e93) li      t4, 8
core   0: 3 0x80009ff0 (0x00800e93) x29 0x00000008
core   0: 0x80009ff4 (0x0ff0000f) fence   iorw,iorw
core   0: 3 0x80009ff4 (0x0ff0000f)
core   0: 0x80009ff8 (0x062e7797) auipc   a5, 0x62e7
core   0: 3 0x80009ff8 (0x062e7797) x15 0x862f0ff8
core   0: 0x80009ffc (0x01295713) srli    a4, s2, 18
core   0: 3 0x80009ffc (0x01295713) x14 0x00002000
core   0: 0x8000a000 (0x0000100f) fence.i
core   0: 3 0x8000a000 (0x0000100f)
core   0: 0x8000a004 (0x01b19093) slli    ra, gp, 27
core   0: 3 0x8000a004 (0x01b19093) x 1 0x20000000
core   0: 0x8000a008 (0xffbd8d93) addi    s11, s11, -5
core   0: 3 0x8000a008 (0xffbd8d93) x27 0x00000003
core   0: 0x8000a00c (0xffddf6e3) bgeu    s11, t4, pc - 20
core   0: 3 0x8000a00c (0xffddf6e3)
core   0: 0x8000a010 (0x0ff0000f) fence   iorw,iorw
core   0: 3 0x8000a010 (0x0ff0000f)
core   0: 0x8000a014 (0x00600693) li      a3, 6
core   0: 3 0x8000a014 (0x00600693) x13 0x00000006
core   0: 0x8000a018 (0xf5c5cd37) lui     s10, 0xf5c5c
core   0: 3 0x8000a018 (0xf5c5cd37) x26 0xf5c5c000
core   0: 0x8000a01c (0x296dc013) xori    zero, s11, 662
core   0: 3 0x8000a01c (0x296dc013)
core   0: 0x8000a020 (0x00b00893) li      a7, 11
core   0: 3 0x8000a020 (0x00b00893) x17 0x0000000b
core   0: 0x8000a024 (0x007363b3) or      t2, t1, t2
core   0: 3 0x8000a024 (0x007363b3) x 7 0x80028ced
core   0: 0x8000a028 (0x9d1af393) andi    t2, s5, -1583
core   0: 3 0x8000a028 (0x9d1af393) x 7 0xfdb01091
core   0: 0x8000a02c (0x400b5713) srai    a4, s6, 0
core   0: 3 0x8000a02c (0x400b5713) x14 0xffffffff
core   0: 0x8000a030 (0x402c5e33) sra     t3, s8, sp
core   0: 3 0x8000a030 (0x402c5e33) x28 0x00000000
core   0: 0x8000a034 (0xdef0ef13) ori     t5, ra, -529
core   0: 3 0x8000a034 (0xdef0ef13) x30 0xfffffdef
core   0: 0x8000a038 (0x0000100f) fence.i
core   0: 3 0x8000a038 (0x0000100f)
core   0: 0x8000a03c (0x004aa133) slt     sp, s5, tp
core   0: 3 0x8000a03c (0x004aa133) x 2 0x00000001
core   0: 0x8000a040 (0x00544db3) xor     s11, s0, t0
core   0: 3 0x8000a040 (0x00544db3) x27 0xfffffff6
core   0: 0x8000a044 (0x1e598b13) addi    s6, s3, 485
core   0: 3 0x8000a044 (0x1e598b13) x22 0x000001e5
core   0: 0x8000a048 (0x00a68693) addi    a3, a3, 10
core   0: 3 0x8000a048 (0x00a68693) x13 0x00000010
core   0: 0x8000a04c (0x019b6033) or      zero, s6, s9
core   0: 3 0x8000a04c (0x019b6033)
core   0: 0x8000a050 (0x06613cb7) lui     s9, 0x6613
core   0: 3 0x8000a050 (0x06613cb7) x25 0x06613000
core   0: 0x8000a054 (0x00000013) nop
core   0: 3 0x8000a054 (0x00000013)
core   0: 0x8000a058 (0x0ff0000f) fence   iorw,iorw
core   0: 3 0x8000a058 (0x0ff0000f)
core   0: 0x8000a05c (0x41afd093) srai    ra, t6, 26
core   0: 3 0x8000a05c (0x41afd093) x 1 0x0000001c
core   0: 0x8000a060 (0x299247b7) lui     a5, 0x29924
core   0: 3 0x8000a060 (0x299247b7) x15 0x29924000
core   0: 0x8000a064 (0xff16c0e3) blt     a3, a7, pc - 32
core   0: 3 0x8000a064 (0xff16c0e3)
core   0: 0x8000a068 (0x007a1833) sll     a6, s4, t2
core   0: 3 0x8000a068 (0x007a1833) x16 0x11880000
core   0: 0x8000a06c (0x00600293) li      t0, 6
core   0: 3 0x8000a06c (0x00600293) x 5 0x00000006
core   0: 0x8000a070 (0x00000013) nop
core   0: 3 0x8000a070 (0x00000013)
core   0: 0x8000a074 (0x2e763313) sltiu   t1, a2, 743
core   0: 3 0x8000a074 (0x2e763313) x 6 0x00000001
core   0: 0x8000a078 (0x01269433) sll     s0, a3, s2
core   0: 3 0x8000a078 (0x01269433) x 8 0x00000100
core   0: 0x8000a07c (0x0000100f) fence.i
core   0: 3 0x8000a07c (0x0000100f)
core   0: 0x8000a080 (0x0000100f) fence.i
core   0: 3 0x8000a080 (0x0000100f)
core   0: 0x8000a084 (0x00600213) li      tp, 6
core   0: 3 0x8000a084 (0x00600213) x 4 0x00000006
core   0: 0x8000a088 (0x00cd1813) slli    a6, s10, 12
core   0: 3 0x8000a088 (0x00cd1813) x16 0x5c000000
core   0: 0x8000a08c (0xccbc3c13) sltiu   s8, s8, -821
core   0: 3 0x8000a08c (0xccbc3c13) x24 0x00000001
core   0: 0x8000a090 (0xf2a48a13) addi    s4, s1, -214
core   0: 3 0x8000a090 (0xf2a48a13) x20 0x80028c0e
core   0: 0x8000a094 (0x40cc5093) srai    ra, s8, 12
core   0: 3 0x8000a094 (0x40cc5093) x 1 0x00000000
core   0: 0x8000a098 (0xffd28293) addi    t0, t0, -3
core   0: 3 0x8000a098 (0xffd28293) x 5 0x00000003
core   0: 0x8000a09c (0x7e7b4813) xori    a6, s6, 2023
core   0: 3 0x8000a09c (0x7e7b4813) x16 0x00000602
core   0: 0x8000a0a0 (0x7f840437) lui     s0, 0x7f840
core   0: 3 0x8000a0a0 (0x7f840437) x 8 0x7f840000
core   0: 0x8000a0a4 (0xff900c93) li      s9, -7
core   0: 3 0x8000a0a4 (0xff900c93) x25 0xfffffff9
core   0: 0x8000a0a8 (0x0073bb33) sltu    s6, t2, t2
core   0: 3 0x8000a0a8 (0x0073bb33) x22 0x00000000
core   0: 0x8000a0ac (0x0000100f) fence.i
core   0: 3 0x8000a0ac (0x0000100f)
core   0: 0x8000a0b0 (0xc1eb6c13) ori     s8, s6, -994
core   0: 3 0x8000a0b0 (0xc1eb6c13) x24 0xfffffc1e
core   0: 0x8000a0b4 (0x0066c1b3) xor     gp, a3, t1
core   0: 3 0x8000a0b4 (0x0066c1b3) x 3 0x00000011
core   0: 0x8000a0b8 (0xffd00693) li      a3, -3
core   0: 3 0x8000a0b8 (0xffd00693) x13 0xfffffffd
core   0: 0x8000a0bc (0xf9ec6b13) ori     s6, s8, -98
core   0: 3 0x8000a0bc (0xf9ec6b13) x22 0xffffff9e
core   0: 0x8000a0c0 (0x01118fb3) add     t6, gp, a7
core   0: 3 0x8000a0c0 (0x01118fb3) x31 0x0000001c
core   0: 0x8000a0c4 (0x01065893) srli    a7, a2, 16
core   0: 3 0x8000a0c4 (0x01065893) x17 0x00000000
core   0: 0x8000a0c8 (0x01905893) srli    a7, zero, 25
core   0: 3 0x8000a0c8 (0x01905893) x17 0x00000000
core   0: 0x8000a0cc (0x84d50093) addi    ra, a0, -1971
core   0: 3 0x8000a0cc (0x84d50093) x 1 0xfffff84c
core   0: 0x8000a0d0 (0x408b50b3) sra     ra, s6, s0
core   0: 3 0x8000a0d0 (0x408b50b3) x 1 0xffffff9e
core   0: 0x8000a0d4 (0x002c8c93) addi    s9, s9, 2
core   0: 3 0x8000a0d4 (0x002c8c93) x25 0xfffffffb
core   0: 0x8000a0d8 (0x011eb0b3) sltu    ra, t4, a7
core   0: 3 0x8000a0d8 (0x011eb0b3) x 1 0x00000000
core   0: 0x8000a0dc (0x01f81e93) slli    t4, a6, 31
core   0: 3 0x8000a0dc (0x01f81e93) x29 0x00000000
core   0: 0x8000a0e0 (0xccd5e893) ori     a7, a1, -819
core   0: 3 0x8000a0e0 (0xccd5e893) x17 0xfffffccd
core   0: 0x8000a0e4 (0x004811b3) sll     gp, a6, tp
core   0: 3 0x8000a0e4 (0x004811b3) x 3 0x00018080
core   0: 0x8000a0e8 (0xfcdc9ae3) bne     s9, a3, pc - 44
core   0: 3 0x8000a0e8 (0xfcdc9ae3)
core   0: 0x8000a0bc (0xf9ec6b13) ori     s6, s8, -98
core   0: 3 0x8000a0bc (0xf9ec6b13) x22 0xffffff9e
core   0: 0x8000a0c0 (0x01118fb3) add     t6, gp, a7
core   0: 3 0x8000a0c0 (0x01118fb3) x31 0x00017d4d
core   0: 0x8000a0c4 (0x01065893) srli    a7, a2, 16
core   0: 3 0x8000a0c4 (0x01065893) x17 0x00000000
core   0: 0x8000a0c8 (0x01905893) srli    a7, zero, 25
core   0: 3 0x8000a0c8 (0x01905893) x17 0x00000000
core   0: 0x8000a0cc (0x84d50093) addi    ra, a0, -1971
core   0: 3 0x8000a0cc (0x84d50093) x 1 0xfffff84c
core   0: 0x8000a0d0 (0x408b50b3) sra     ra, s6, s0
core   0: 3 0x8000a0d0 (0x408b50b3) x 1 0xffffff9e
core   0: 0x8000a0d4 (0x002c8c93) addi    s9, s9, 2
core   0: 3 0x8000a0d4 (0x002c8c93) x25 0xfffffffd
core   0: 0x8000a0d8 (0x011eb0b3) sltu    ra, t4, a7
core   0: 3 0x8000a0d8 (0x011eb0b3) x 1 0x00000000
core   0: 0x8000a0dc (0x01f81e93) slli    t4, a6, 31
core   0: 3 0x8000a0dc (0x01f81e93) x29 0x00000000
core   0: 0x8000a0e0 (0xccd5e893) ori     a7, a1, -819
core   0: 3 0x8000a0e0 (0xccd5e893) x17 0xfffffccd
core   0: 0x8000a0e4 (0x004811b3) sll     gp, a6, tp
core   0: 3 0x8000a0e4 (0x004811b3) x 3 0x00018080
core   0: 0x8000a0e8 (0xfcdc9ae3) bne     s9, a3, pc - 44
core   0: 3 0x8000a0e8 (0xfcdc9ae3)
core   0: 0x8000a0ec (0x012159b3) srl     s3, sp, s2
core   0: 3 0x8000a0ec (0x012159b3) x19 0x00000000
core   0: 0x8000a0f0 (0xf842fee3) bgeu    t0, tp, pc - 100
core   0: 3 0x8000a0f0 (0xf842fee3)
core   0: 0x8000a0f4 (0x00fedf93) srli    t6, t4, 15
core   0: 3 0x8000a0f4 (0x00fedf93) x31 0x00000000
core   0: 0x8000a0f8 (0x00400513) li      a0, 4
core   0: 3 0x8000a0f8 (0x00400513) x10 0x00000004
core   0: 0x8000a0fc (0x01be8933) add     s2, t4, s11
core   0: 3 0x8000a0fc (0x01be8933) x18 0xfffffff6
core   0: 0x8000a100 (0x01c3cb33) xor     s6, t2, t3
core   0: 3 0x8000a100 (0x01c3cb33) x22 0xfdb01091
core   0: 0x8000a104 (0x015897b3) sll     a5, a7, s5
core   0: 3 0x8000a104 (0x015897b3) x15 0x68000000
core   0: 0x8000a108 (0xff300993) li      s3, -13
core   0: 3 0x8000a108 (0xff300993) x19 0xfffffff3
core   0: 0x8000a10c (0x403f5b33) sra     s6, t5, gp
core   0: 3 0x8000a10c (0x403f5b33) x22 0xfffffdef
core   0: 0x8000a110 (0x016fe7b3) or      a5, t6, s6
core   0: 3 0x8000a110 (0x016fe7b3) x15 0xfffffdef
core   0: 0x8000a114 (0x0ff0000f) fence   iorw,iorw
core   0: 3 0x8000a114 (0x0ff0000f)
core   0: 0x8000a118 (0x0e2cc413) xori    s0, s9, 226
core   0: 3 0x8000a118 (0x0e2cc413) x 8 0xffffff1f
core   0: 0x8000a11c (0x214af613) andi    a2, s5, 532
core   0: 3 0x8000a11c (0x214af613) x12 0x00000210
core   0: 0x8000a120 (0x0122ecb3) or      s9, t0, s2
core   0: 3 0x8000a120 (0x0122ecb3) x25 0xfffffff7
core   0: 0x8000a124 (0x13bbc013) xori    zero, s7, 315
core   0: 3 0x8000a124 (0x13bbc013)
core   0: 0x8000a128 (0x8b5ff317) auipc   t1, 0x8b5ff
core   0: 3 0x8000a128 (0x8b5ff317) x 6 0x0b609128
core   0: 0x8000a12c (0x01704a33) xor     s4, zero, s7
core   0: 3 0x8000a12c (0x01704a33) x20 0x80024e40
core   0: 0x8000a130 (0xffe50513) addi    a0, a0, -2
core   0: 3 0x8000a130 (0xffe50513) x10 0x00000002
core   0: 0x8000a134 (0x400606b3) sub     a3, a2, zero
core   0: 3 0x8000a134 (0x400606b3) x13 0x00000210
core   0: 0x8000a138 (0x54d8f293) andi    t0, a7, 1357
core   0: 3 0x8000a138 (0x54d8f293) x 5 0x0000044d
core   0: 0x8000a13c (0x0128f6b3) and     a3, a7, s2
core   0: 3 0x8000a13c (0x0128f6b3) x13 0xfffffcc4
core   0: 0x8000a140 (0x60c6df97) auipc   t6, 0x60c6d
core   0: 3 0x8000a140 (0x60c6df97) x31 0xe0c77140
core   0: 0x8000a144 (0x22f34f13) xori    t5, t1, 559
core   0: 3 0x8000a144 (0x22f34f13) x30 0x0b609307
core   0: 0x8000a148 (0x00e72f33) slt     t5, a4, a4
core   0: 3 0x8000a148 (0x00e72f33) x30 0x00000000
core   0: 0x8000a14c (0x403ed613) srai    a2, t4, 3
core   0: 3 0x8000a14c (0x403ed613) x12 0x00000000
core   0: 0x8000a150 (0x4158dfb3) sra     t6, a7, s5
core   0: 3 0x8000a150 (0x4158dfb3) x31 0xffffffff
core   0: 0x8000a154 (0x405985b3) sub     a1, s3, t0
core   0: 3 0x8000a154 (0x405985b3) x11 0xfffffba6
core   0: 0x8000a158 (0x0000100f) fence.i
core   0: 3 0x8000a158 (0x0000100f)
core   0: 0x8000a15c (0x411b5833) sra     a6, s6, a7
core   0: 3 0x8000a15c (0x411b5833) x16 0xffffffff
core   0: 0x8000a160 (0xa7153d93) sltiu   s11, a0, -1423
core   0: 3 0x8000a160 (0xa7153d93) x27 0x00000001
core   0: 0x8000a164 (0x014b5413) srli    s0, s6, 20
core   0: 3 0x8000a164 (0x014b5413) x 8 0x00000fff
core   0: 0x8000a168 (0xfb3554e3) bge     a0, s3, pc - 88
core   0: 3 0x8000a168 (0xfb3554e3)
core   0: 0x8000a110 (0x016fe7b3) or      a5, t6, s6
core   0: 3 0x8000a110 (0x016fe7b3) x15 0xffffffff
core   0: 0x8000a114 (0x0ff0000f) fence   iorw,iorw
core   0: 3 0x8000a114 (0x0ff0000f)
core   0: 0x8000a118 (0x0e2cc413) xori    s0, s9, 226
core   0: 3 0x8000a118 (0x0e2cc413) x 8 0xffffff15
core   0: 0x8000a11c (0x214af613) andi    a2, s5, 532
core   0: 3 0x8000a11c (0x214af613) x12 0x00000210
core   0: 0x8000a120 (0x0122ecb3) or      s9, t0, s2
core   0: 3 0x8000a120 (0x0122ecb3) x25 0xffffffff
core   0: 0x8000a124 (0x13bbc013) xori    zero, s7, 315
core   0: 3 0x8000a124 (0x13bbc013)
core   0: 0x8000a128 (0x8b5ff317) auipc   t1, 0x8b5ff
core   0: 3 0x8000a128 (0x8b5ff317) x 6 0x0b609128
core   0: 0x8000a12c (0x01704a33) xor     s4, zero, s7
core   0: 3 0x8000a12c (0x01704a33) x20 0x80024e40
core   0: 0x8000a130 (0xffe50513) addi    a0, a0, -2
core   0: 3 0x8000a130 (0xffe50513) x10 0x00000000
core   0: 0x8000a134 (0x400606b3) sub     a3, a2, zero
core   0: 3 0x8000a134 (0x400606b3) x13 0x00000210
core   0: 0x8000a138 (0x54d8f293) andi    t0, a7, 1357
core   0: 3 0x8000a138 (0x54d8f293) x 5 0x0000044d
core   0: 0x8000a13c (0x0128f6b3) and     a3, a7, s2
core   0: 3 0x8000a13c (0x0128f6b3) x13 0xfffffcc4
core   0: 0x8000a140 (0x60c6df97) auipc   t6, 0x60c6d
core   0: 3 0x8000a140 (0x60c6df97) x31 0xe0c77140
core   0: 0x8000a144 (0x22f34f13) xori    t5, t1, 559
core   0: 3 0x8000a144 (0x22f34f13) x30 0x0b609307
core   0: 0x8000a148 (0x00e72f33) slt     t5, a4, a4
core   0: 3 0x8000a148 (0x00e72f33) x30 0x00000000
core   0: 0x8000a14c (0x403ed613) srai    a2, t4, 3
core   0: 3 0x8000a14c (0x403ed613) x12 0x00000000
core   0: 0x8000a150 (0x4158dfb3) sra     t6, a7, s5
core   0: 3 0x8000a150 (0x4158dfb3) x31 0xffffffff
core   0: 0x8000a154 (0x405985b3) sub     a1, s3, t0
core   0: 3 0x8000a154 (0x405985b3) x11 0xfffffba6
core   0: 0x8000a158 (0x0000100f) fence.i
core   0: 3 0x8000a158 (0x0000100f)
core   0: 0x8000a15c (0x411b5833) sra     a6, s6, a7
core   0: 3 0x8000a15c (0x411b5833) x16 0xffffffff
core   0: 0x8000a160 (0xa7153d93) sltiu   s11, a0, -1423
core   0: 3 0x8000a160 (0xa7153d93) x27 0x00000001
core   0: 0x8000a164 (0x014b5413) srli    s0, s6, 20
core   0: 3 0x8000a164 (0x014b5413) x 8 0x00000fff
core   0: 0x8000a168 (0xfb3554e3) bge     a0, s3, pc - 88
core   0: 3 0x8000a168 (0xfb3554e3)
core   0: 0x8000a110 (0x016fe7b3) or      a5, t6, s6
core   0: 3 0x8000a110 (0x016fe7b3) x15 0xffffffff
core   0: 0x8000a114 (0x0ff0000f) fence   iorw,iorw
core   0: 3 0x8000a114 (0x0ff0000f)
core   0: 0x8000a118 (0x0e2cc413) xori    s0, s9, 226
core   0: 3 0x8000a118 (0x0e2cc413) x 8 0xffffff1d
core   0: 0x8000a11c (0x214af613) andi    a2, s5, 532
core   0: 3 0x8000a11c (0x214af613) x12 0x00000210
core   0: 0x8000a120 (0x0122ecb3) or      s9, t0, s2
core   0: 3 0x8000a120 (0x0122ecb3) x25 0xffffffff
core   0: 0x8000a124 (0x13bbc013) xori    zero, s7, 315
core   0: 3 0x8000a124 (0x13bbc013)
core   0: 0x8000a128 (0x8b5ff317) auipc   t1, 0x8b5ff
core   0: 3 0x8000a128 (0x8b5ff317) x 6 0x0b609128
core   0: 0x8000a12c (0x01704a33) xor     s4, zero, s7
core   0: 3 0x8000a12c (0x01704a33) x20 0x80024e40
core   0: 0x8000a130 (0xffe50513) addi    a0, a0, -2
core   0: 3 0x8000a130 (0xffe50513) x10 0xfffffffe
core   0: 0x8000a134 (0x400606b3) sub     a3, a2, zero
core   0: 3 0x8000a134 (0x400606b3) x13 0x00000210
core   0: 0x8000a138 (0x54d8f293) andi    t0, a7, 1357
core   0: 3 0x8000a138 (0x54d8f293) x 5 0x0000044d
core   0: 0x8000a13c (0x0128f6b3) and     a3, a7, s2
core   0: 3 0x8000a13c (0x0128f6b3) x13 0xfffffcc4
core   0: 0x8000a140 (0x60c6df97) auipc   t6, 0x60c6d
core   0: 3 0x8000a140 (0x60c6df97) x31 0xe0c77140
core   0: 0x8000a144 (0x22f34f13) xori    t5, t1, 559
core   0: 3 0x8000a144 (0x22f34f13) x30 0x0b609307
core   0: 0x8000a148 (0x00e72f33) slt     t5, a4, a4
core   0: 3 0x8000a148 (0x00e72f33) x30 0x00000000
core   0: 0x8000a14c (0x403ed613) srai    a2, t4, 3
core   0: 3 0x8000a14c (0x403ed613) x12 0x00000000
core   0: 0x8000a150 (0x4158dfb3) sra     t6, a7, s5
core   0: 3 0x8000a150 (0x4158dfb3) x31 0xffffffff
core   0: 0x8000a154 (0x405985b3) sub     a1, s3, t0
core   0: 3 0x8000a154 (0x405985b3) x11 0xfffffba6
core   0: 0x8000a158 (0x0000100f) fence.i
core   0: 3 0x8000a158 (0x0000100f)
core   0: 0x8000a15c (0x411b5833) sra     a6, s6, a7
core   0: 3 0x8000a15c (0x411b5833) x16 0xffffffff
core   0: 0x8000a160 (0xa7153d93) sltiu   s11, a0, -1423
core   0: 3 0x8000a160 (0xa7153d93) x27 0x00000000
core   0: 0x8000a164 (0x014b5413) srli    s0, s6, 20
core   0: 3 0x8000a164 (0x014b5413) x 8 0x00000fff
core   0: 0x8000a168 (0xfb3554e3) bge     a0, s3, pc - 88
core   0: 3 0x8000a168 (0xfb3554e3)
core   0: 0x8000a110 (0x016fe7b3) or      a5, t6, s6
core   0: 3 0x8000a110 (0x016fe7b3) x15 0xffffffff
core   0: 0x8000a114 (0x0ff0000f) fence   iorw,iorw
core   0: 3 0x8000a114 (0x0ff0000f)
core   0: 0x8000a118 (0x0e2cc413) xori    s0, s9, 226
core   0: 3 0x8000a118 (0x0e2cc413) x 8 0xffffff1d
core   0: 0x8000a11c (0x214af613) andi    a2, s5, 532
core   0: 3 0x8000a11c (0x214af613) x12 0x00000210
core   0: 0x8000a120 (0x0122ecb3) or      s9, t0, s2
core   0: 3 0x8000a120 (0x0122ecb3) x25 0xffffffff
core   0: 0x8000a124 (0x13bbc013) xori    zero, s7, 315
core   0: 3 0x8000a124 (0x13bbc013)
core   0: 0x8000a128 (0x8b5ff317) auipc   t1, 0x8b5ff
core   0: 3 0x8000a128 (0x8b5ff317) x 6 0x0b609128
core   0: 0x8000a12c (0x01704a33) xor     s4, zero, s7
core   0: 3 0x8000a12c (0x01704a33) x20 0x80024e40
core   0: 0x8000a130 (0xffe50513) addi    a0, a0, -2
core   0: 3 0x8000a130 (0xffe50513) x10 0xfffffffc
core   0: 0x8000a134 (0x400606b3) sub     a3, a2, zero
core   0: 3 0x8000a134 (0x400606b3) x13 0x00000210
core   0: 0x8000a138 (0x54d8f293) andi    t0, a7, 1357
core   0: 3 0x8000a138 (0x54d8f293) x 5 0x0000044d
core   0: 0x8000a13c (0x0128f6b3) and     a3, a7, s2
core   0: 3 0x8000a13c (0x0128f6b3) x13 0xfffffcc4
core   0: 0x8000a140 (0x60c6df97) auipc   t6, 0x60c6d
core   0: 3 0x8000a140 (0x60c6df97) x31 0xe0c77140
core   0: 0x8000a144 (0x22f34f13) xori    t5, t1, 559
core   0: 3 0x8000a144 (0x22f34f13) x30 0x0b609307
core   0: 0x8000a148 (0x00e72f33) slt     t5, a4, a4
core   0: 3 0x8000a148 (0x00e72f33) x30 0x00000000
core   0: 0x8000a14c (0x403ed613) srai    a2, t4, 3
core   0: 3 0x8000a14c (0x403ed613) x12 0x00000000
core   0: 0x8000a150 (0x4158dfb3) sra     t6, a7, s5
core   0: 3 0x8000a150 (0x4158dfb3) x31 0xffffffff
core   0: 0x8000a154 (0x405985b3) sub     a1, s3, t0
core   0: 3 0x8000a154 (0x405985b3) x11 0xfffffba6
core   0: 0x8000a158 (0x0000100f) fence.i
core   0: 3 0x8000a158 (0x0000100f)
core   0: 0x8000a15c (0x411b5833) sra     a6, s6, a7
core   0: 3 0x8000a15c (0x411b5833) x16 0xffffffff
core   0: 0x8000a160 (0xa7153d93) sltiu   s11, a0, -1423
core   0: 3 0x8000a160 (0xa7153d93) x27 0x00000000
core   0: 0x8000a164 (0x014b5413) srli    s0, s6, 20
core   0: 3 0x8000a164 (0x014b5413) x 8 0x00000fff
core   0: 0x8000a168 (0xfb3554e3) bge     a0, s3, pc - 88
core   0: 3 0x8000a168 (0xfb3554e3)
core   0: 0x8000a110 (0x016fe7b3) or      a5, t6, s6
core   0: 3 0x8000a110 (0x016fe7b3) x15 0xffffffff
core   0: 0x8000a114 (0x0ff0000f) fence   iorw,iorw
core   0: 3 0x8000a114 (0x0ff0000f)
core   0: 0x8000a118 (0x0e2cc413) xori    s0, s9, 226
core   0: 3 0x8000a118 (0x0e2cc413) x 8 0xffffff1d
core   0: 0x8000a11c (0x214af613) andi    a2, s5, 532
core   0: 3 0x8000a11c (0x214af613) x12 0x00000210
core   0: 0x8000a120 (0x0122ecb3) or      s9, t0, s2
core   0: 3 0x8000a120 (0x0122ecb3) x25 0xffffffff
core   0: 0x8000a124 (0x13bbc013) xori    zero, s7, 315
core   0: 3 0x8000a124 (0x13bbc013)
core   0: 0x8000a128 (0x8b5ff317) auipc   t1, 0x8b5ff
core   0: 3 0x8000a128 (0x8b5ff317) x 6 0x0b609128
core   0: 0x8000a12c (0x01704a33) xor     s4, zero, s7
core   0: 3 0x8000a12c (0x01704a33) x20 0x80024e40
core   0: 0x8000a130 (0xffe50513) addi    a0, a0, -2
core   0: 3 0x8000a130 (0xffe50513) x10 0xfffffffa
core   0: 0x8000a134 (0x400606b3) sub     a3, a2, zero
core   0: 3 0x8000a134 (0x400606b3) x13 0x00000210
core   0: 0x8000a138 (0x54d8f293) andi    t0, a7, 1357
core   0: 3 0x8000a138 (0x54d8f293) x 5 0x0000044d
core   0: 0x8000a13c (0x0128f6b3) and     a3, a7, s2
core   0: 3 0x8000a13c (0x0128f6b3) x13 0xfffffcc4
core   0: 0x8000a140 (0x60c6df97) auipc   t6, 0x60c6d
core   0: 3 0x8000a140 (0x60c6df97) x31 0xe0c77140
core   0: 0x8000a144 (0x22f34f13) xori    t5, t1, 559
core   0: 3 0x8000a144 (0x22f34f13) x30 0x0b609307
core   0: 0x8000a148 (0x00e72f33) slt     t5, a4, a4
core   0: 3 0x8000a148 (0x00e72f33) x30 0x00000000
core   0: 0x8000a14c (0x403ed613) srai    a2, t4, 3
core   0: 3 0x8000a14c (0x403ed613) x12 0x00000000
core   0: 0x8000a150 (0x4158dfb3) sra     t6, a7, s5
core   0: 3 0x8000a150 (0x4158dfb3) x31 0xffffffff
core   0: 0x8000a154 (0x405985b3) sub     a1, s3, t0
core   0: 3 0x8000a154 (0x405985b3) x11 0xfffffba6
core   0: 0x8000a158 (0x0000100f) fence.i
core   0: 3 0x8000a158 (0x0000100f)
core   0: 0x8000a15c (0x411b5833) sra     a6, s6, a7
core   0: 3 0x8000a15c (0x411b5833) x16 0xffffffff
core   0: 0x8000a160 (0xa7153d93) sltiu   s11, a0, -1423
core   0: 3 0x8000a160 (0xa7153d93) x27 0x00000000
core   0: 0x8000a164 (0x014b5413) srli    s0, s6, 20
core   0: 3 0x8000a164 (0x014b5413) x 8 0x00000fff
core   0: 0x8000a168 (0xfb3554e3) bge     a0, s3, pc - 88
core   0: 3 0x8000a168 (0xfb3554e3)
core   0: 0x8000a110 (0x016fe7b3) or      a5, t6, s6
core   0: 3 0x8000a110 (0x016fe7b3) x15 0xffffffff
core   0: 0x8000a114 (0x0ff0000f) fence   iorw,iorw
core   0: 3 0x8000a114 (0x0ff0000f)
core   0: 0x8000a118 (0x0e2cc413) xori    s0, s9, 226
core   0: 3 0x8000a118 (0x0e2cc413) x 8 0xffffff1d
core   0: 0x8000a11c (0x214af613) andi    a2, s5, 532
core   0: 3 0x8000a11c (0x214af613) x12 0x00000210
core   0: 0x8000a120 (0x0122ecb3) or      s9, t0, s2
core   0: 3 0x8000a120 (0x0122ecb3) x25 0xffffffff
core   0: 0x8000a124 (0x13bbc013) xori    zero, s7, 315
core   0: 3 0x8000a124 (0x13bbc013)
core   0: 0x8000a128 (0x8b5ff317) auipc   t1, 0x8b5ff
core   0: 3 0x8000a128 (0x8b5ff317) x 6 0x0b609128
core   0: 0x8000a12c (0x01704a33) xor     s4, zero, s7
core   0: 3 0x8000a12c (0x01704a33) x20 0x80024e40
core   0: 0x8000a130 (0xffe50513) addi    a0, a0, -2
core   0: 3 0x8000a130 (0xffe50513) x10 0xfffffff8
core   0: 0x8000a134 (0x400606b3) sub     a3, a2, zero
core   0: 3 0x8000a134 (0x400606b3) x13 0x00000210
core   0: 0x8000a138 (0x54d8f293) andi    t0, a7, 1357
core   0: 3 0x8000a138 (0x54d8f293) x 5 0x0000044d
core   0: 0x8000a13c (0x0128f6b3) and     a3, a7, s2
core   0: 3 0x8000a13c (0x0128f6b3) x13 0xfffffcc4
core   0: 0x8000a140 (0x60c6df97) auipc   t6, 0x60c6d
core   0: 3 0x8000a140 (0x60c6df97) x31 0xe0c77140
core   0: 0x8000a144 (0x22f34f13) xori    t5, t1, 559
core   0: 3 0x8000a144 (0x22f34f13) x30 0x0b609307
core   0: 0x8000a148 (0x00e72f33) slt     t5, a4, a4
core   0: 3 0x8000a148 (0x00e72f33) x30 0x00000000
core   0: 0x8000a14c (0x403ed613) srai    a2, t4, 3
core   0: 3 0x8000a14c (0x403ed613) x12 0x00000000
core   0: 0x8000a150 (0x4158dfb3) sra     t6, a7, s5
core   0: 3 0x8000a150 (0x4158dfb3) x31 0xffffffff
core   0: 0x8000a154 (0x405985b3) sub     a1, s3, t0
core   0: 3 0x8000a154 (0x405985b3) x11 0xfffffba6
core   0: 0x8000a158 (0x0000100f) fence.i
core   0: 3 0x8000a158 (0x0000100f)
core   0: 0x8000a15c (0x411b5833) sra     a6, s6, a7
core   0: 3 0x8000a15c (0x411b5833) x16 0xffffffff
core   0: 0x8000a160 (0xa7153d93) sltiu   s11, a0, -1423
core   0: 3 0x8000a160 (0xa7153d93) x27 0x00000000
core   0: 0x8000a164 (0x014b5413) srli    s0, s6, 20
core   0: 3 0x8000a164 (0x014b5413) x 8 0x00000fff
core   0: 0x8000a168 (0xfb3554e3) bge     a0, s3, pc - 88
core   0: 3 0x8000a168 (0xfb3554e3)
core   0: 0x8000a110 (0x016fe7b3) or      a5, t6, s6
core   0: 3 0x8000a110 (0x016fe7b3) x15 0xffffffff
core   0: 0x8000a114 (0x0ff0000f) fence   iorw,iorw
core   0: 3 0x8000a114 (0x0ff0000f)
core   0: 0x8000a118 (0x0e2cc413) xori    s0, s9, 226
core   0: 3 0x8000a118 (0x0e2cc413) x 8 0xffffff1d
core   0: 0x8000a11c (0x214af613) andi    a2, s5, 532
core   0: 3 0x8000a11c (0x214af613) x12 0x00000210
core   0: 0x8000a120 (0x0122ecb3) or      s9, t0, s2
core   0: 3 0x8000a120 (0x0122ecb3) x25 0xffffffff
core   0: 0x8000a124 (0x13bbc013) xori    zero, s7, 315
core   0: 3 0x8000a124 (0x13bbc013)
core   0: 0x8000a128 (0x8b5ff317) auipc   t1, 0x8b5ff
core   0: 3 0x8000a128 (0x8b5ff317) x 6 0x0b609128
core   0: 0x8000a12c (0x01704a33) xor     s4, zero, s7
core   0: 3 0x8000a12c (0x01704a33) x20 0x80024e40
core   0: 0x8000a130 (0xffe50513) addi    a0, a0, -2
core   0: 3 0x8000a130 (0xffe50513) x10 0xfffffff6
core   0: 0x8000a134 (0x400606b3) sub     a3, a2, zero
core   0: 3 0x8000a134 (0x400606b3) x13 0x00000210
core   0: 0x8000a138 (0x54d8f293) andi    t0, a7, 1357
core   0: 3 0x8000a138 (0x54d8f293) x 5 0x0000044d
core   0: 0x8000a13c (0x0128f6b3) and     a3, a7, s2
core   0: 3 0x8000a13c (0x0128f6b3) x13 0xfffffcc4
core   0: 0x8000a140 (0x60c6df97) auipc   t6, 0x60c6d
core   0: 3 0x8000a140 (0x60c6df97) x31 0xe0c77140
core   0: 0x8000a144 (0x22f34f13) xori    t5, t1, 559
core   0: 3 0x8000a144 (0x22f34f13) x30 0x0b609307
core   0: 0x8000a148 (0x00e72f33) slt     t5, a4, a4
core   0: 3 0x8000a148 (0x00e72f33) x30 0x00000000
core   0: 0x8000a14c (0x403ed613) srai    a2, t4, 3
core   0: 3 0x8000a14c (0x403ed613) x12 0x00000000
core   0: 0x8000a150 (0x4158dfb3) sra     t6, a7, s5
core   0: 3 0x8000a150 (0x4158dfb3) x31 0xffffffff
core   0: 0x8000a154 (0x405985b3) sub     a1, s3, t0
core   0: 3 0x8000a154 (0x405985b3) x11 0xfffffba6
core   0: 0x8000a158 (0x0000100f) fence.i
core   0: 3 0x8000a158 (0x0000100f)
core   0: 0x8000a15c (0x411b5833) sra     a6, s6, a7
core   0: 3 0x8000a15c (0x411b5833) x16 0xffffffff
core   0: 0x8000a160 (0xa7153d93) sltiu   s11, a0, -1423
core   0: 3 0x8000a160 (0xa7153d93) x27 0x00000000
core   0: 0x8000a164 (0x014b5413) srli    s0, s6, 20
core   0: 3 0x8000a164 (0x014b5413) x 8 0x00000fff
core   0: 0x8000a168 (0xfb3554e3) bge     a0, s3, pc - 88
core   0: 3 0x8000a168 (0xfb3554e3)
core   0: 0x8000a110 (0x016fe7b3) or      a5, t6, s6
core   0: 3 0x8000a110 (0x016fe7b3) x15 0xffffffff
core   0: 0x8000a114 (0x0ff0000f) fence   iorw,iorw
core   0: 3 0x8000a114 (0x0ff0000f)
core   0: 0x8000a118 (0x0e2cc413) xori    s0, s9, 226
core   0: 3 0x8000a118 (0x0e2cc413) x 8 0xffffff1d
core   0: 0x8000a11c (0x214af613) andi    a2, s5, 532
core   0: 3 0x8000a11c (0x214af613) x12 0x00000210
core   0: 0x8000a120 (0x0122ecb3) or      s9, t0, s2
core   0: 3 0x8000a120 (0x0122ecb3) x25 0xffffffff
core   0: 0x8000a124 (0x13bbc013) xori    zero, s7, 315
core   0: 3 0x8000a124 (0x13bbc013)
core   0: 0x8000a128 (0x8b5ff317) auipc   t1, 0x8b5ff
core   0: 3 0x8000a128 (0x8b5ff317) x 6 0x0b609128
core   0: 0x8000a12c (0x01704a33) xor     s4, zero, s7
core   0: 3 0x8000a12c (0x01704a33) x20 0x80024e40
core   0: 0x8000a130 (0xffe50513) addi    a0, a0, -2
core   0: 3 0x8000a130 (0xffe50513) x10 0xfffffff4
core   0: 0x8000a134 (0x400606b3) sub     a3, a2, zero
core   0: 3 0x8000a134 (0x400606b3) x13 0x00000210
core   0: 0x8000a138 (0x54d8f293) andi    t0, a7, 1357
core   0: 3 0x8000a138 (0x54d8f293) x 5 0x0000044d
core   0: 0x8000a13c (0x0128f6b3) and     a3, a7, s2
core   0: 3 0x8000a13c (0x0128f6b3) x13 0xfffffcc4
core   0: 0x8000a140 (0x60c6df97) auipc   t6, 0x60c6d
core   0: 3 0x8000a140 (0x60c6df97) x31 0xe0c77140
core   0: 0x8000a144 (0x22f34f13) xori    t5, t1, 559
core   0: 3 0x8000a144 (0x22f34f13) x30 0x0b609307
core   0: 0x8000a148 (0x00e72f33) slt     t5, a4, a4
core   0: 3 0x8000a148 (0x00e72f33) x30 0x00000000
core   0: 0x8000a14c (0x403ed613) srai    a2, t4, 3
core   0: 3 0x8000a14c (0x403ed613) x12 0x00000000
core   0: 0x8000a150 (0x4158dfb3) sra     t6, a7, s5
core   0: 3 0x8000a150 (0x4158dfb3) x31 0xffffffff
core   0: 0x8000a154 (0x405985b3) sub     a1, s3, t0
core   0: 3 0x8000a154 (0x405985b3) x11 0xfffffba6
core   0: 0x8000a158 (0x0000100f) fence.i
core   0: 3 0x8000a158 (0x0000100f)
core   0: 0x8000a15c (0x411b5833) sra     a6, s6, a7
core   0: 3 0x8000a15c (0x411b5833) x16 0xffffffff
core   0: 0x8000a160 (0xa7153d93) sltiu   s11, a0, -1423
core   0: 3 0x8000a160 (0xa7153d93) x27 0x00000000
core   0: 0x8000a164 (0x014b5413) srli    s0, s6, 20
core   0: 3 0x8000a164 (0x014b5413) x 8 0x00000fff
core   0: 0x8000a168 (0xfb3554e3) bge     a0, s3, pc - 88
core   0: 3 0x8000a168 (0xfb3554e3)
core   0: 0x8000a110 (0x016fe7b3) or      a5, t6, s6
core   0: 3 0x8000a110 (0x016fe7b3) x15 0xffffffff
core   0: 0x8000a114 (0x0ff0000f) fence   iorw,iorw
core   0: 3 0x8000a114 (0x0ff0000f)
core   0: 0x8000a118 (0x0e2cc413) xori    s0, s9, 226
core   0: 3 0x8000a118 (0x0e2cc413) x 8 0xffffff1d
core   0: 0x8000a11c (0x214af613) andi    a2, s5, 532
core   0: 3 0x8000a11c (0x214af613) x12 0x00000210
core   0: 0x8000a120 (0x0122ecb3) or      s9, t0, s2
core   0: 3 0x8000a120 (0x0122ecb3) x25 0xffffffff
core   0: 0x8000a124 (0x13bbc013) xori    zero, s7, 315
core   0: 3 0x8000a124 (0x13bbc013)
core   0: 0x8000a128 (0x8b5ff317) auipc   t1, 0x8b5ff
core   0: 3 0x8000a128 (0x8b5ff317) x 6 0x0b609128
core   0: 0x8000a12c (0x01704a33) xor     s4, zero, s7
core   0: 3 0x8000a12c (0x01704a33) x20 0x80024e40
core   0: 0x8000a130 (0xffe50513) addi    a0, a0, -2
core   0: 3 0x8000a130 (0xffe50513) x10 0xfffffff2
core   0: 0x8000a134 (0x400606b3) sub     a3, a2, zero
core   0: 3 0x8000a134 (0x400606b3) x13 0x00000210
core   0: 0x8000a138 (0x54d8f293) andi    t0, a7, 1357
core   0: 3 0x8000a138 (0x54d8f293) x 5 0x0000044d
core   0: 0x8000a13c (0x0128f6b3) and     a3, a7, s2
core   0: 3 0x8000a13c (0x0128f6b3) x13 0xfffffcc4
core   0: 0x8000a140 (0x60c6df97) auipc   t6, 0x60c6d
core   0: 3 0x8000a140 (0x60c6df97) x31 0xe0c77140
core   0: 0x8000a144 (0x22f34f13) xori    t5, t1, 559
core   0: 3 0x8000a144 (0x22f34f13) x30 0x0b609307
core   0: 0x8000a148 (0x00e72f33) slt     t5, a4, a4
core   0: 3 0x8000a148 (0x00e72f33) x30 0x00000000
core   0: 0x8000a14c (0x403ed613) srai    a2, t4, 3
core   0: 3 0x8000a14c (0x403ed613) x12 0x00000000
core   0: 0x8000a150 (0x4158dfb3) sra     t6, a7, s5
core   0: 3 0x8000a150 (0x4158dfb3) x31 0xffffffff
core   0: 0x8000a154 (0x405985b3) sub     a1, s3, t0
core   0: 3 0x8000a154 (0x405985b3) x11 0xfffffba6
core   0: 0x8000a158 (0x0000100f) fence.i
core   0: 3 0x8000a158 (0x0000100f)
core   0: 0x8000a15c (0x411b5833) sra     a6, s6, a7
core   0: 3 0x8000a15c (0x411b5833) x16 0xffffffff
core   0: 0x8000a160 (0xa7153d93) sltiu   s11, a0, -1423
core   0: 3 0x8000a160 (0xa7153d93) x27 0x00000000
core   0: 0x8000a164 (0x014b5413) srli    s0, s6, 20
core   0: 3 0x8000a164 (0x014b5413) x 8 0x00000fff
core   0: 0x8000a168 (0xfb3554e3) bge     a0, s3, pc - 88
core   0: 3 0x8000a168 (0xfb3554e3)
core   0: 0x8000a16c (0xd0d52093) slti    ra, a0, -755
core   0: 3 0x8000a16c (0xd0d52093) x 1 0x00000000
core   0: 0x8000a170 (0x00a00413) li      s0, 10
core   0: 3 0x8000a170 (0x00a00413) x 8 0x0000000a
core   0: 0x8000a174 (0x01966db3) or      s11, a2, s9
core   0: 3 0x8000a174 (0x01966db3) x27 0xffffffff
core   0: 0x8000a178 (0x00700213) li      tp, 7
core   0: 3 0x8000a178 (0x00700213) x 4 0x00000007
core   0: 0x8000a17c (0xaf352313) slti    t1, a0, -1293
core   0: 3 0x8000a17c (0xaf352313) x 6 0x00000000
core   0: 0x8000a180 (0x018a28b3) slt     a7, s4, s8
core   0: 3 0x8000a180 (0x018a28b3) x17 0x00000001
core   0: 0x8000a184 (0x00050b33) add     s6, a0, zero
core   0: 3 0x8000a184 (0x00050b33) x22 0xfffffff2
core   0: 0x8000a188 (0x0112ca33) xor     s4, t0, a7
core   0: 3 0x8000a188 (0x0112ca33) x20 0x0000044c
core   0: 0x8000a18c (0xffa40413) addi    s0, s0, -6
core   0: 3 0x8000a18c (0xffa40413) x 8 0x00000004
core   0: 0x8000a190 (0x00cfbc33) sltu    s8, t6, a2
core   0: 3 0x8000a190 (0x00cfbc33) x24 0x00000000
core   0: 0x8000a194 (0x00700593) li      a1, 7
core   0: 3 0x8000a194 (0x00700593) x11 0x00000007
core   0: 0x8000a198 (0x41fd5d13) srai    s10, s10, 31
core   0: 3 0x8000a198 (0x41fd5d13) x26 0xffffffff
core   0: 0x8000a19c (0xea7bca13) xori    s4, s7, -345
core   0: 3 0x8000a19c (0xea7bca13) x20 0x7ffdb0e7
core   0: 0x8000a1a0 (0xffb00193) li      gp, -5
core   0: 3 0x8000a1a0 (0xffb00193) x 3 0xfffffffb
core   0: 0x8000a1a4 (0x00ea0db3) add     s11, s4, a4
core   0: 3 0x8000a1a4 (0x00ea0db3) x27 0x7ffdb0e6
core   0: 0x8000a1a8 (0x59517793) andi    a5, sp, 1429
core   0: 3 0x8000a1a8 (0x59517793) x15 0x00000001
core   0: 0x8000a1ac (0x00000013) nop
core   0: 3 0x8000a1ac (0x00000013)
core   0: 0x8000a1b0 (0xff658593) addi    a1, a1, -10
core   0: 3 0x8000a1b0 (0xff658593) x11 0xfffffffd
core   0: 0x8000a1b4 (0xfec36097) auipc   ra, 0xfec36
core   0: 3 0x8000a1b4 (0xfec36097) x 1 0x7ec401b4
core   0: 0x8000a1b8 (0x00d5a9b3) slt     s3, a1, a3
core   0: 3 0x8000a1b8 (0x00d5a9b3) x19 0x00000000
core   0: 0x8000a1bc (0x0045ceb3) xor     t4, a1, tp
core   0: 3 0x8000a1bc (0x0045ceb3) x29 0xfffffffa
core   0: 0x8000a1c0 (0xfe35d4e3) bge     a1, gp, pc - 24
core   0: 3 0x8000a1c0 (0xfe35d4e3)
core   0: 0x8000a1a8 (0x59517793) andi    a5, sp, 1429
core   0: 3 0x8000a1a8 (0x59517793) x15 0x00000001
core   0: 0x8000a1ac (0x00000013) nop
core   0: 3 0x8000a1ac (0x00000013)
core   0: 0x8000a1b0 (0xff658593) addi    a1, a1, -10
core   0: 3 0x8000a1b0 (0xff658593) x11 0xfffffff3
core   0: 0x8000a1b4 (0xfec36097) auipc   ra, 0xfec36
core   0: 3 0x8000a1b4 (0xfec36097) x 1 0x7ec401b4
core   0: 0x8000a1b8 (0x00d5a9b3) slt     s3, a1, a3
core   0: 3 0x8000a1b8 (0x00d5a9b3) x19 0x00000000
core   0: 0x8000a1bc (0x0045ceb3) xor     t4, a1, tp
core   0: 3 0x8000a1bc (0x0045ceb3) x29 0xfffffff4
core   0: 0x8000a1c0 (0xfe35d4e3) bge     a1, gp, pc - 24
core   0: 3 0x8000a1c0 (0xfe35d4e3)
core   0: 0x8000a1c4 (0x404d5633) sra     a2, s10, tp
core   0: 3 0x8000a1c4 (0x404d5633) x12 0xffffffff
core   0: 0x8000a1c8 (0xfc4470e3) bgeu    s0, tp, pc - 64
core   0: 3 0x8000a1c8 (0xfc4470e3)
core   0: 0x8000a1cc (0x830a3297) auipc   t0, 0x830a3
core   0: 3 0x8000a1cc (0x830a3297) x 5 0x030ad1cc
core   0: 0x8000a1d0 (0x00a00613) li      a2, 10
core   0: 3 0x8000a1d0 (0x00a00613) x12 0x0000000a
core   0: 0x8000a1d4 (0x00a00c93) li      s9, 10
core   0: 3 0x8000a1d4 (0x00a00c93) x25 0x0000000a
core   0: 0x8000a1d8 (0x817de013) ori     zero, s11, -2025
core   0: 3 0x8000a1d8 (0x817de013)
core   0: 0x8000a1dc (0x01971fb3) sll     t6, a4, s9
core   0: 3 0x8000a1dc (0x01971fb3) x31 0xfffffc00
core   0: 0x8000a1e0 (0xff760613) addi    a2, a2, -9
core   0: 3 0x8000a1e0 (0xff760613) x12 0x00000001
core   0: 0x8000a1e4 (0x183ffa17) auipc   s4, 0x183ff
core   0: 3 0x8000a1e4 (0x183ffa17) x20 0x984091e4
core   0: 0x8000a1e8 (0xfff00413) li      s0, -1
core   0: 3 0x8000a1e8 (0xfff00413) x 8 0xffffffff
core   0: 0x8000a1ec (0x00000013) nop
core   0: 3 0x8000a1ec (0x00000013)
core   0: 0x8000a1f0 (0xff500993) li      s3, -11
core   0: 3 0x8000a1f0 (0xff500993) x19 0xfffffff5
core   0: 0x8000a1f4 (0x33e4ed13) ori     s10, s1, 830
core   0: 3 0x8000a1f4 (0x33e4ed13) x26 0x80028ffe
core   0: 0x8000a1f8 (0xffb40413) addi    s0, s0, -5
core   0: 3 0x8000a1f8 (0xffb40413) x 8 0xfffffffa
core   0: 0x8000a1fc (0x3a27a713) slti    a4, a5, 930
core   0: 3 0x8000a1fc (0x3a27a713) x14 0x00000001
core   0: 0x8000a200 (0x00f3efb3) or      t6, t2, a5
core   0: 3 0x8000a200 (0x00f3efb3) x31 0xfdb01091
core   0: 0x8000a204 (0xff3418e3) bne     s0, s3, pc - 16
core   0: 3 0x8000a204 (0xff3418e3)
core   0: 0x8000a1f4 (0x33e4ed13) ori     s10, s1, 830
core   0: 3 0x8000a1f4 (0x33e4ed13) x26 0x80028ffe
core   0: 0x8000a1f8 (0xffb40413) addi    s0, s0, -5
core   0: 3 0x8000a1f8 (0xffb40413) x 8 0xfffffff5
core   0: 0x8000a1fc (0x3a27a713) slti    a4, a5, 930
core   0: 3 0x8000a1fc (0x3a27a713) x14 0x00000001
core   0: 0x8000a200 (0x00f3efb3) or      t6, t2, a5
core   0: 3 0x8000a200 (0x00f3efb3) x31 0xfdb01091
core   0: 0x8000a204 (0xff3418e3) bne     s0, s3, pc - 16
core   0: 3 0x8000a204 (0xff3418e3)
core   0: 0x8000a208 (0x89ce4697) auipc   a3, 0x89ce4
core   0: 3 0x8000a208 (0x89ce4697) x13 0x09cee208
core   0: 0x8000a20c (0xfd9676e3) bgeu    a2, s9, pc - 52
core   0: 3 0x8000a20c (0xfd9676e3)
core   0: 0x8000a210 (0x00cc58b3) srl     a7, s8, a2
core   0: 3 0x8000a210 (0x00cc58b3) x17 0x00000000
core   0: 0x8000a214 (0x00500293) li      t0, 5
core   0: 3 0x8000a214 (0x00500293) x 5 0x00000005
core   0: 0x8000a218 (0xb6c9ee13) ori     t3, s3, -1172
core   0: 3 0x8000a218 (0xb6c9ee13) x28 0xfffffffd
core   0: 0x8000a21c (0x015fb8b3) sltu    a7, t6, s5
core   0: 3 0x8000a21c (0x015fb8b3) x17 0x00000001
core   0: 0x8000a220 (0x01200313) li      t1, 18
core   0: 3 0x8000a220 (0x01200313) x 6 0x00000012
core   0: 0x8000a224 (0x005d21b3) slt     gp, s10, t0
core   0: 3 0x8000a224 (0x005d21b3) x 3 0x00000001
core   0: 0x8000a228 (0x006247b3) xor     a5, tp, t1
core   0: 3 0x8000a228 (0x006247b3) x15 0x00000015
core   0: 0x8000a22c (0x00a28293) addi    t0, t0, 10
core   0: 3 0x8000a22c (0x00a28293) x 5 0x0000000f
core   0: 0x8000a230 (0x013e2cb3) slt     s9, t3, s3
core   0: 3 0x8000a230 (0x013e2cb3) x25 0x00000000
core   0: 0x8000a234 (0x0000100f) fence.i
core   0: 3 0x8000a234 (0x0000100f)
core   0: 0x8000a238 (0x01665993) srli    s3, a2, 22
core   0: 3 0x8000a238 (0x01665993) x19 0x00000000
core   0: 0x8000a23c (0x00700613) li      a2, 7
core   0: 3 0x8000a23c (0x00700613) x12 0x00000007
core   0: 0x8000a240 (0x00900c13) li      s8, 9
core   0: 3 0x8000a240 (0x00900c13) x24 0x00000009
core   0: 0x8000a244 (0x407c81b3) sub     gp, s9, t2
core   0: 3 0x8000a244 (0x407c81b3) x 3 0x024fef6f
core   0: 0x8000a248 (0x00e41413) slli    s0, s0, 14
core   0: 3 0x8000a248 (0x00e41413) x 8 0xfffd4000
core   0: 0x8000a24c (0xa1eacb13) xori    s6, s5, -1506
core   0: 3 0x8000a24c (0xa1eacb13) x22 0x024fe8a5
core   0: 0x8000a250 (0x018a5593) srli    a1, s4, 24
core   0: 3 0x8000a250 (0x018a5593) x11 0x00000098
core   0: 0x8000a254 (0x40f30a33) sub     s4, t1, a5
core   0: 3 0x8000a254 (0x40f30a33) x20 0xfffffffd
core   0: 0x8000a258 (0x00000013) nop
core   0: 3 0x8000a258 (0x00000013)
core   0: 0x8000a25c (0x0000100f) fence.i
core   0: 3 0x8000a25c (0x0000100f)
core   0: 0x8000a260 (0x00450eb3) add     t4, a0, tp
core   0: 3 0x8000a260 (0x00450eb3) x29 0xfffffff9
core   0: 0x8000a264 (0x00360613) addi    a2, a2, 3
core   0: 3 0x8000a264 (0x00360613) x12 0x0000000a
core   0: 0x8000a268 (0x01dbda33) srl     s4, s7, t4
core   0: 3 0x8000a268 (0x01dbda33) x20 0x00000040
core   0: 0x8000a26c (0x5656bf13) sltiu   t5, a3, 1381
core   0: 3 0x8000a26c (0x5656bf13) x30 0x00000000
core   0: 0x8000a270 (0x00995e33) srl     t3, s2, s1
core   0: 3 0x8000a270 (0x00995e33) x28 0x0fffffff
core   0: 0x8000a274 (0xfd864ce3) blt     a2, s8, pc - 40
core   0: 3 0x8000a274 (0xfd864ce3)
core   0: 0x8000a278 (0x0058c5b3) xor     a1, a7, t0
core   0: 3 0x8000a278 (0x0058c5b3) x11 0x0000000e
core   0: 0x8000a27c (0x012229b3) slt     s3, tp, s2
core   0: 3 0x8000a27c (0x012229b3) x19 0x00000000
core   0: 0x8000a280 (0xfa62c4e3) blt     t0, t1, pc - 88
core   0: 3 0x8000a280 (0xfa62c4e3)
core   0: 0x8000a228 (0x006247b3) xor     a5, tp, t1
core   0: 3 0x8000a228 (0x006247b3) x15 0x00000015
core   0: 0x8000a22c (0x00a28293) addi    t0, t0, 10
core   0: 3 0x8000a22c (0x00a28293) x 5 0x00000019
core   0: 0x8000a230 (0x013e2cb3) slt     s9, t3, s3
core   0: 3 0x8000a230 (0x013e2cb3) x25 0x00000000
core   0: 0x8000a234 (0x0000100f) fence.i
core   0: 3 0x8000a234 (0x0000100f)
core   0: 0x8000a238 (0x01665993) srli    s3, a2, 22
core   0: 3 0x8000a238 (0x01665993) x19 0x00000000
core   0: 0x8000a23c (0x00700613) li      a2, 7
core   0: 3 0x8000a23c (0x00700613) x12 0x00000007
core   0: 0x8000a240 (0x00900c13) li      s8, 9
core   0: 3 0x8000a240 (0x00900c13) x24 0x00000009
core   0: 0x8000a244 (0x407c81b3) sub     gp, s9, t2
core   0: 3 0x8000a244 (0x407c81b3) x 3 0x024fef6f
core   0: 0x8000a248 (0x00e41413) slli    s0, s0, 14
core   0: 3 0x8000a248 (0x00e41413) x 8 0x50000000
core   0: 0x8000a24c (0xa1eacb13) xori    s6, s5, -1506
core   0: 3 0x8000a24c (0xa1eacb13) x22 0x024fe8a5
core   0: 0x8000a250 (0x018a5593) srli    a1, s4, 24
core   0: 3 0x8000a250 (0x018a5593) x11 0x00000000
core   0: 0x8000a254 (0x40f30a33) sub     s4, t1, a5
core   0: 3 0x8000a254 (0x40f30a33) x20 0xfffffffd
core   0: 0x8000a258 (0x00000013) nop
core   0: 3 0x8000a258 (0x00000013)
core   0: 0x8000a25c (0x0000100f) fence.i
core   0: 3 0x8000a25c (0x0000100f)
core   0: 0x8000a260 (0x00450eb3) add     t4, a0, tp
core   0: 3 0x8000a260 (0x00450eb3) x29 0xfffffff9
core   0: 0x8000a264 (0x00360613) addi    a2, a2, 3
core   0: 3 0x8000a264 (0x00360613) x12 0x0000000a
core   0: 0x8000a268 (0x01dbda33) srl     s4, s7, t4
core   0: 3 0x8000a268 (0x01dbda33) x20 0x00000040
core   0: 0x8000a26c (0x5656bf13) sltiu   t5, a3, 1381
core   0: 3 0x8000a26c (0x5656bf13) x30 0x00000000
core   0: 0x8000a270 (0x00995e33) srl     t3, s2, s1
core   0: 3 0x8000a270 (0x00995e33) x28 0x0fffffff
core   0: 0x8000a274 (0xfd864ce3) blt     a2, s8, pc - 40
core   0: 3 0x8000a274 (0xfd864ce3)
core   0: 0x8000a278 (0x0058c5b3) xor     a1, a7, t0
core   0: 3 0x8000a278 (0x0058c5b3) x11 0x00000018
core   0: 0x8000a27c (0x012229b3) slt     s3, tp, s2
core   0: 3 0x8000a27c (0x012229b3) x19 0x00000000
core   0: 0x8000a280 (0xfa62c4e3) blt     t0, t1, pc - 88
core   0: 3 0x8000a280 (0xfa62c4e3)
core   0: 0x8000a284 (0x788e23b7) lui     t2, 0x788e2
core   0: 3 0x8000a284 (0x788e23b7) x 7 0x788e2000
core   0: 0x8000a288 (0x00a00313) li      t1, 10
core   0: 3 0x8000a288 (0x00a00313) x 6 0x0000000a
core   0: 0x8000a28c (0x01759eb3) sll     t4, a1, s7
core   0: 3 0x8000a28c (0x01759eb3) x29 0x00000018
core   0: 0x8000a290 (0x41355b33) sra     s6, a0, s3
core   0: 3 0x8000a290 (0x41355b33) x22 0xfffffff2
core   0: 0x8000a294 (0x01ea22b3) slt     t0, s4, t5
core   0: 3 0x8000a294 (0x01ea22b3) x 5 0x00000000
core   0: 0x8000a298 (0x00f8f633) and     a2, a7, a5
core   0: 3 0x8000a298 (0x00f8f633) x12 0x00000001
core   0: 0x8000a29c (0x00a00793) li      a5, 10
core   0: 3 0x8000a29c (0x00a00793) x15 0x0000000a
core   0: 0x8000a2a0 (0x0092d3b3) srl     t2, t0, s1
core   0: 3 0x8000a2a0 (0x0092d3b3) x 7 0x00000000
core   0: 0x8000a2a4 (0x00e796b3) sll     a3, a5, a4
core   0: 3 0x8000a2a4 (0x00e796b3) x13 0x00000014
core   0: 0x8000a2a8 (0x001dd2b3) srl     t0, s11, ra
core   0: 3 0x8000a2a8 (0x001dd2b3) x 5 0x000007ff
core   0: 0x8000a2ac (0x013989b3) add     s3, s3, s3
core   0: 3 0x8000a2ac (0x013989b3) x19 0x00000000
core   0: 0x8000a2b0 (0x00000013) nop
core   0: 3 0x8000a2b0 (0x00000013)
core   0: 0x8000a2b4 (0x006d3cb3) sltu    s9, s10, t1
core   0: 3 0x8000a2b4 (0x006d3cb3) x25 0x00000000
core   0: 0x8000a2b8 (0x01ba8b33) add     s6, s5, s11
core   0: 3 0x8000a2b8 (0x01ba8b33) x22 0x7dadc3a1
core   0: 0x8000a2bc (0x405fd833) sra     a6, t6, t0
core   0: 3 0x8000a2bc (0x405fd833) x16 0xffffffff
core   0: 0x8000a2c0 (0xf5e88713) addi    a4, a7, -162
core   0: 3 0x8000a2c0 (0xf5e88713) x14 0xffffff5f
core   0: 0x8000a2c4 (0xffb30313) addi    t1, t1, -5
core   0: 3 0x8000a2c4 (0xffb30313) x 6 0x00000005
core   0: 0x8000a2c8 (0x00000013) nop
core   0: 3 0x8000a2c8 (0x00000013)
core   0: 0x8000a2cc (0x41460f33) sub     t5, a2, s4
core   0: 3 0x8000a2cc (0x41460f33) x30 0xffffffc1
core   0: 0x8000a2d0 (0x0a263a13) sltiu   s4, a2, 162
core   0: 3 0x8000a2d0 (0x0a263a13) x20 0x00000001
core   0: 0x8000a2d4 (0x21090c37) lui     s8, 0x21090
core   0: 3 0x8000a2d4 (0x21090c37) x24 0x21090000
core   0: 0x8000a2d8 (0x0ff0000f) fence   iorw,iorw
core   0: 3 0x8000a2d8 (0x0ff0000f)
core   0: 0x8000a2dc (0x4032d733) sra     a4, t0, gp
core   0: 3 0x8000a2dc (0x4032d733) x14 0x00000000
core   0: 0x8000a2e0 (0xfcf37ae3) bgeu    t1, a5, pc - 44
core   0: 3 0x8000a2e0 (0xfcf37ae3)
core   0: 0x8000a2e4 (0xef737513) andi    a0, t1, -265
core   0: 3 0x8000a2e4 (0xef737513) x10 0x00000005
core   0: 0x8000a2e8 (0x00900793) li      a5, 9
core   0: 3 0x8000a2e8 (0x00900793) x15 0x00000009
core   0: 0x8000a2ec (0x00d00313) li      t1, 13
core   0: 3 0x8000a2ec (0x00d00313) x 6 0x0000000d
core   0: 0x8000a2f0 (0x00d55d93) srli    s11, a0, 13
core   0: 3 0x8000a2f0 (0x00d55d93) x27 0x00000000
core   0: 0x8000a2f4 (0xeb500893) li      a7, -331
core   0: 3 0x8000a2f4 (0xeb500893) x17 0xfffffeb5
core   0: 0x8000a2f8 (0x0000100f) fence.i
core   0: 3 0x8000a2f8 (0x0000100f)
core   0: 0x8000a2fc (0x4193d733) sra     a4, t2, s9
core   0: 3 0x8000a2fc (0x4193d733) x14 0x00000000
core   0: 0x8000a300 (0x0132f9b3) and     s3, t0, s3
core   0: 3 0x8000a300 (0x0132f9b3) x19 0x00000000
core   0: 0x8000a304 (0x0ff0000f) fence   iorw,iorw
core   0: 3 0x8000a304 (0x0ff0000f)
core   0: 0x8000a308 (0x00e53eb3) sltu    t4, a0, a4
core   0: 3 0x8000a308 (0x00e53eb3) x29 0x00000000
core   0: 0x8000a30c (0x40e25593) srai    a1, tp, 14
core   0: 3 0x8000a30c (0x40e25593) x11 0x00000000
core   0: 0x8000a310 (0x45ccf897) auipc   a7, 0x45ccf
core   0: 3 0x8000a310 (0x45ccf897) x17 0xc5cd9310
core   0: 0x8000a314 (0x005c8433) add     s0, s9, t0
core   0: 3 0x8000a314 (0x005c8433) x 8 0x000007ff
core   0: 0x8000a318 (0x08578813) addi    a6, a5, 133
core   0: 3 0x8000a318 (0x08578813) x16 0x0000008e
core   0: 0x8000a31c (0x00878793) addi    a5, a5, 8
core   0: 3 0x8000a31c (0x00878793) x15 0x00000011
core   0: 0x8000a320 (0x01ec1d93) slli    s11, s8, 30
core   0: 3 0x8000a320 (0x01ec1d93) x27 0x00000000
core   0: 0x8000a324 (0x26f8f437) lui     s0, 0x26f8f
core   0: 3 0x8000a324 (0x26f8f437) x 8 0x26f8f000
core   0: 0x8000a328 (0x80b03d97) auipc   s11, 0x80b03
core   0: 3 0x8000a328 (0x80b03d97) x27 0x00b0d328
core   0: 0x8000a32c (0x013e1433) sll     s0, t3, s3
core   0: 3 0x8000a32c (0x013e1433) x 8 0x0fffffff
core   0: 0x8000a330 (0x00cf8f33) add     t5, t6, a2
core   0: 3 0x8000a330 (0x00cf8f33) x30 0xfdb01092
core   0: 0x8000a334 (0x511a4b13) xori    s6, s4, 1297
core   0: 3 0x8000a334 (0x511a4b13) x22 0x00000510
core   0: 0x8000a338 (0xfa67eee3) bltu    a5, t1, pc - 68
core   0: 3 0x8000a338 (0xfa67eee3)
core   0: 0x8000a33c (0x00c9e233) or      tp, s3, a2
core   0: 3 0x8000a33c (0x00c9e233) x 4 0x00000001
core   0: 0x8000a340 (0xffa00093) li      ra, -6
core   0: 3 0x8000a340 (0xffa00093) x 1 0xfffffffa
core   0: 0x8000a344 (0x01c47533) and     a0, s0, t3
core   0: 3 0x8000a344 (0x01c47533) x10 0x0fffffff
core   0: 0x8000a348 (0x41ea5a33) sra     s4, s4, t5
core   0: 3 0x8000a348 (0x41ea5a33) x20 0x00000000
core   0: 0x8000a34c (0x0197b1b3) sltu    gp, a5, s9
core   0: 3 0x8000a34c (0x0197b1b3) x 3 0x00000000
core   0: 0x8000a350 (0xffd00d13) li      s10, -3
core   0: 3 0x8000a350 (0xffd00d13) x26 0xfffffffd
core   0: 0x8000a354 (0x40a20233) sub     tp, tp, a0
core   0: 3 0x8000a354 (0x40a20233) x 4 0xf0000002
core   0: 0x8000a358 (0x00308093) addi    ra, ra, 3
core   0: 3 0x8000a358 (0x00308093) x 1 0xfffffffd
core   0: 0x8000a35c (0x0064df33) srl     t5, s1, t1
core   0: 3 0x8000a35c (0x0064df33) x30 0x00040014
core   0: 0x8000a360 (0xffe00893) li      a7, -2
core   0: 3 0x8000a360 (0xffe00893) x17 0xfffffffe
core   0: 0x8000a364 (0x41885a33) sra     s4, a6, s8
core   0: 3 0x8000a364 (0x41885a33) x20 0x0000008e
core   0: 0x8000a368 (0x01300713) li      a4, 19
core   0: 3 0x8000a368 (0x01300713) x14 0x00000013
core   0: 0x8000a36c (0x01cb3433) sltu    s0, s6, t3
core   0: 3 0x8000a36c (0x01cb3433) x 8 0x00000001
core   0: 0x8000a370 (0x5887b317) auipc   t1, 0x5887b
core   0: 3 0x8000a370 (0x5887b317) x 6 0xd8885370
core   0: 0x8000a374 (0xf5580c13) addi    s8, a6, -171
core   0: 3 0x8000a374 (0xf5580c13) x24 0xffffffe3
core   0: 0x8000a378 (0x00000013) nop
core   0: 3 0x8000a378 (0x00000013)
core   0: 0x8000a37c (0x00188893) addi    a7, a7, 1
core   0: 3 0x8000a37c (0x00188893) x17 0xffffffff
core   0: 0x8000a380 (0x018bbf33) sltu    t5, s7, s8
core   0: 3 0x8000a380 (0x018bbf33) x30 0x00000001
core   0: 0x8000a384 (0xfee898e3) bne     a7, a4, pc - 16
core   0: 3 0x8000a384 (0xfee898e3)
core   0: 0x8000a374 (0xf5580c13) addi    s8, a6, -171
core   0: 3 0x8000a374 (0xf5580c13) x24 0xffffffe3
core   0: 0x8000a378 (0x00000013) nop
core   0: 3 0x8000a378 (0x00000013)
core   0: 0x8000a37c (0x00188893) addi    a7, a7, 1
core   0: 3 0x8000a37c (0x00188893) x17 0x00000000
core   0: 0x8000a380 (0x018bbf33) sltu    t5, s7, s8
core   0: 3 0x8000a380 (0x018bbf33) x30 0x00000001
core   0: 0x8000a384 (0xfee898e3) bne     a7, a4, pc - 16
core   0: 3 0x8000a384 (0xfee898e3)
core   0: 0x8000a374 (0xf5580c13) addi    s8, a6, -171
core   0: 3 0x8000a374 (0xf5580c13) x24 0xffffffe3
core   0: 0x8000a378 (0x00000013) nop
core   0: 3 0x8000a378 (0x00000013)
core   0: 0x8000a37c (0x00188893) addi    a7, a7, 1
core   0: 3 0x8000a37c (0x00188893) x17 0x00000001
core   0: 0x8000a380 (0x018bbf33) sltu    t5, s7, s8
core   0: 3 0x8000a380 (0x018bbf33) x30 0x00000001
core   0: 0x8000a384 (0xfee898e3) bne     a7, a4, pc - 16
core   0: 3 0x8000a384 (0xfee898e3)
core   0: 0x8000a374 (0xf5580c13) addi    s8, a6, -171
core   0: 3 0x8000a374 (0xf5580c13) x24 0xffffffe3
core   0: 0x8000a378 (0x00000013) nop
core   0: 3 0x8000a378 (0x00000013)
core   0: 0x8000a37c (0x00188893) addi    a7, a7, 1
core   0: 3 0x8000a37c (0x00188893) x17 0x00000002
core   0: 0x8000a380 (0x018bbf33) sltu    t5, s7, s8
core   0: 3 0x8000a380 (0x018bbf33) x30 0x00000001
core   0: 0x8000a384 (0xfee898e3) bne     a7, a4, pc - 16
core   0: 3 0x8000a384 (0xfee898e3)
core   0: 0x8000a374 (0xf5580c13) addi    s8, a6, -171
core   0: 3 0x8000a374 (0xf5580c13) x24 0xffffffe3
core   0: 0x8000a378 (0x00000013) nop
core   0: 3 0x8000a378 (0x00000013)
core   0: 0x8000a37c (0x00188893) addi    a7, a7, 1
core   0: 3 0x8000a37c (0x00188893) x17 0x00000003
core   0: 0x8000a380 (0x018bbf33) sltu    t5, s7, s8
core   0: 3 0x8000a380 (0x018bbf33) x30 0x00000001
core   0: 0x8000a384 (0xfee898e3) bne     a7, a4, pc - 16
core   0: 3 0x8000a384 (0xfee898e3)
core   0: 0x8000a374 (0xf5580c13) addi    s8, a6, -171
core   0: 3 0x8000a374 (0xf5580c13) x24 0xffffffe3
core   0: 0x8000a378 (0x00000013) nop
core   0: 3 0x8000a378 (0x00000013)
core   0: 0x8000a37c (0x00188893) addi    a7, a7, 1
core   0: 3 0x8000a37c (0x00188893) x17 0x00000004
core   0: 0x8000a380 (0x018bbf33) sltu    t5, s7, s8
core   0: 3 0x8000a380 (0x018bbf33) x30 0x00000001
core   0: 0x8000a384 (0xfee898e3) bne     a7, a4, pc - 16
core   0: 3 0x8000a384 (0xfee898e3)
core   0: 0x8000a374 (0xf5580c13) addi    s8, a6, -171
core   0: 3 0x8000a374 (0xf5580c13) x24 0xffffffe3
core   0: 0x8000a378 (0x00000013) nop
core   0: 3 0x8000a378 (0x00000013)
core   0: 0x8000a37c (0x00188893) addi    a7, a7, 1
core   0: 3 0x8000a37c (0x00188893) x17 0x00000005
core   0: 0x8000a380 (0x018bbf33) sltu    t5, s7, s8
core   0: 3 0x8000a380 (0x018bbf33) x30 0x00000001
core   0: 0x8000a384 (0xfee898e3) bne     a7, a4, pc - 16
core   0: 3 0x8000a384 (0xfee898e3)
core   0: 0x8000a374 (0xf5580c13) addi    s8, a6, -171
core   0: 3 0x8000a374 (0xf5580c13) x24 0xffffffe3
core   0: 0x8000a378 (0x00000013) nop
core   0: 3 0x8000a378 (0x00000013)
core   0: 0x8000a37c (0x00188893) addi    a7, a7, 1
core   0: 3 0x8000a37c (0x00188893) x17 0x00000006
core   0: 0x8000a380 (0x018bbf33) sltu    t5, s7, s8
core   0: 3 0x8000a380 (0x018bbf33) x30 0x00000001
core   0: 0x8000a384 (0xfee898e3) bne     a7, a4, pc - 16
core   0: 3 0x8000a384 (0xfee898e3)
core   0: 0x8000a374 (0xf5580c13) addi    s8, a6, -171
core   0: 3 0x8000a374 (0xf5580c13) x24 0xffffffe3
core   0: 0x8000a378 (0x00000013) nop
core   0: 3 0x8000a378 (0x00000013)
core   0: 0x8000a37c (0x00188893) addi    a7, a7, 1
core   0: 3 0x8000a37c (0x00188893) x17 0x00000007
core   0: 0x8000a380 (0x018bbf33) sltu    t5, s7, s8
core   0: 3 0x8000a380 (0x018bbf33) x30 0x00000001
core   0: 0x8000a384 (0xfee898e3) bne     a7, a4, pc - 16
core   0: 3 0x8000a384 (0xfee898e3)
core   0: 0x8000a374 (0xf5580c13) addi    s8, a6, -171
core   0: 3 0x8000a374 (0xf5580c13) x24 0xffffffe3
core   0: 0x8000a378 (0x00000013) nop
core   0: 3 0x8000a378 (0x00000013)
core   0: 0x8000a37c (0x00188893) addi    a7, a7, 1
core   0: 3 0x8000a37c (0x00188893) x17 0x00000008
core   0: 0x8000a380 (0x018bbf33) sltu    t5, s7, s8
core   0: 3 0x8000a380 (0x018bbf33) x30 0x00000001
core   0: 0x8000a384 (0xfee898e3) bne     a7, a4, pc - 16
core   0: 3 0x8000a384 (0xfee898e3)
core   0: 0x8000a374 (0xf5580c13) addi    s8, a6, -171
core   0: 3 0x8000a374 (0xf5580c13) x24 0xffffffe3
core   0: 0x8000a378 (0x00000013) nop
core   0: 3 0x8000a378 (0x00000013)
core   0: 0x8000a37c (0x00188893) addi    a7, a7, 1
core   0: 3 0x8000a37c (0x00188893) x17 0x00000009
core   0: 0x8000a380 (0x018bbf33) sltu    t5, s7, s8
core   0: 3 0x8000a380 (0x018bbf33) x30 0x00000001
core   0: 0x8000a384 (0xfee898e3) bne     a7, a4, pc - 16
core   0: 3 0x8000a384 (0xfee898e3)
core   0: 0x8000a374 (0xf5580c13) addi    s8, a6, -171
core   0: 3 0x8000a374 (0xf5580c13) x24 0xffffffe3
core   0: 0x8000a378 (0x00000013) nop
core   0: 3 0x8000a378 (0x00000013)
core   0: 0x8000a37c (0x00188893) addi    a7, a7, 1
core   0: 3 0x8000a37c (0x00188893) x17 0x0000000a
core   0: 0x8000a380 (0x018bbf33) sltu    t5, s7, s8
core   0: 3 0x8000a380 (0x018bbf33) x30 0x00000001
core   0: 0x8000a384 (0xfee898e3) bne     a7, a4, pc - 16
core   0: 3 0x8000a384 (0xfee898e3)
core   0: 0x8000a374 (0xf5580c13) addi    s8, a6, -171
core   0: 3 0x8000a374 (0xf5580c13) x24 0xffffffe3
core   0: 0x8000a378 (0x00000013) nop
core   0: 3 0x8000a378 (0x00000013)
core   0: 0x8000a37c (0x00188893) addi    a7, a7, 1
core   0: 3 0x8000a37c (0x00188893) x17 0x0000000b
core   0: 0x8000a380 (0x018bbf33) sltu    t5, s7, s8
core   0: 3 0x8000a380 (0x018bbf33) x30 0x00000001
core   0: 0x8000a384 (0xfee898e3) bne     a7, a4, pc - 16
core   0: 3 0x8000a384 (0xfee898e3)
core   0: 0x8000a374 (0xf5580c13) addi    s8, a6, -171
core   0: 3 0x8000a374 (0xf5580c13) x24 0xffffffe3
core   0: 0x8000a378 (0x00000013) nop
core   0: 3 0x8000a378 (0x00000013)
core   0: 0x8000a37c (0x00188893) addi    a7, a7, 1
core   0: 3 0x8000a37c (0x00188893) x17 0x0000000c
core   0: 0x8000a380 (0x018bbf33) sltu    t5, s7, s8
core   0: 3 0x8000a380 (0x018bbf33) x30 0x00000001
core   0: 0x8000a384 (0xfee898e3) bne     a7, a4, pc - 16
core   0: 3 0x8000a384 (0xfee898e3)
core   0: 0x8000a374 (0xf5580c13) addi    s8, a6, -171
core   0: 3 0x8000a374 (0xf5580c13) x24 0xffffffe3
core   0: 0x8000a378 (0x00000013) nop
core   0: 3 0x8000a378 (0x00000013)
core   0: 0x8000a37c (0x00188893) addi    a7, a7, 1
core   0: 3 0x8000a37c (0x00188893) x17 0x0000000d
core   0: 0x8000a380 (0x018bbf33) sltu    t5, s7, s8
core   0: 3 0x8000a380 (0x018bbf33) x30 0x00000001
core   0: 0x8000a384 (0xfee898e3) bne     a7, a4, pc - 16
core   0: 3 0x8000a384 (0xfee898e3)
core   0: 0x8000a374 (0xf5580c13) addi    s8, a6, -171
core   0: 3 0x8000a374 (0xf5580c13) x24 0xffffffe3
core   0: 0x8000a378 (0x00000013) nop
core   0: 3 0x8000a378 (0x00000013)
core   0: 0x8000a37c (0x00188893) addi    a7, a7, 1
core   0: 3 0x8000a37c (0x00188893) x17 0x0000000e
core   0: 0x8000a380 (0x018bbf33) sltu    t5, s7, s8
core   0: 3 0x8000a380 (0x018bbf33) x30 0x00000001
core   0: 0x8000a384 (0xfee898e3) bne     a7, a4, pc - 16
core   0: 3 0x8000a384 (0xfee898e3)
core   0: 0x8000a374 (0xf5580c13) addi    s8, a6, -171
core   0: 3 0x8000a374 (0xf5580c13) x24 0xffffffe3
core   0: 0x8000a378 (0x00000013) nop
core   0: 3 0x8000a378 (0x00000013)
core   0: 0x8000a37c (0x00188893) addi    a7, a7, 1
core   0: 3 0x8000a37c (0x00188893) x17 0x0000000f
core   0: 0x8000a380 (0x018bbf33) sltu    t5, s7, s8
core   0: 3 0x8000a380 (0x018bbf33) x30 0x00000001
core   0: 0x8000a384 (0xfee898e3) bne     a7, a4, pc - 16
core   0: 3 0x8000a384 (0xfee898e3)
core   0: 0x8000a374 (0xf5580c13) addi    s8, a6, -171
core   0: 3 0x8000a374 (0xf5580c13) x24 0xffffffe3
core   0: 0x8000a378 (0x00000013) nop
core   0: 3 0x8000a378 (0x00000013)
core   0: 0x8000a37c (0x00188893) addi    a7, a7, 1
core   0: 3 0x8000a37c (0x00188893) x17 0x00000010
core   0: 0x8000a380 (0x018bbf33) sltu    t5, s7, s8
core   0: 3 0x8000a380 (0x018bbf33) x30 0x00000001
core   0: 0x8000a384 (0xfee898e3) bne     a7, a4, pc - 16
core   0: 3 0x8000a384 (0xfee898e3)
core   0: 0x8000a374 (0xf5580c13) addi    s8, a6, -171
core   0: 3 0x8000a374 (0xf5580c13) x24 0xffffffe3
core   0: 0x8000a378 (0x00000013) nop
core   0: 3 0x8000a378 (0x00000013)
core   0: 0x8000a37c (0x00188893) addi    a7, a7, 1
core   0: 3 0x8000a37c (0x00188893) x17 0x00000011
core   0: 0x8000a380 (0x018bbf33) sltu    t5, s7, s8
core   0: 3 0x8000a380 (0x018bbf33) x30 0x00000001
core   0: 0x8000a384 (0xfee898e3) bne     a7, a4, pc - 16
core   0: 3 0x8000a384 (0xfee898e3)
core   0: 0x8000a374 (0xf5580c13) addi    s8, a6, -171
core   0: 3 0x8000a374 (0xf5580c13) x24 0xffffffe3
core   0: 0x8000a378 (0x00000013) nop
core   0: 3 0x8000a378 (0x00000013)
core   0: 0x8000a37c (0x00188893) addi    a7, a7, 1
core   0: 3 0x8000a37c (0x00188893) x17 0x00000012
core   0: 0x8000a380 (0x018bbf33) sltu    t5, s7, s8
core   0: 3 0x8000a380 (0x018bbf33) x30 0x00000001
core   0: 0x8000a384 (0xfee898e3) bne     a7, a4, pc - 16
core   0: 3 0x8000a384 (0xfee898e3)
core   0: 0x8000a374 (0xf5580c13) addi    s8, a6, -171
core   0: 3 0x8000a374 (0xf5580c13) x24 0xffffffe3
core   0: 0x8000a378 (0x00000013) nop
core   0: 3 0x8000a378 (0x00000013)
core   0: 0x8000a37c (0x00188893) addi    a7, a7, 1
core   0: 3 0x8000a37c (0x00188893) x17 0x00000013
core   0: 0x8000a380 (0x018bbf33) sltu    t5, s7, s8
core   0: 3 0x8000a380 (0x018bbf33) x30 0x00000001
core   0: 0x8000a384 (0xfee898e3) bne     a7, a4, pc - 16
core   0: 3 0x8000a384 (0xfee898e3)
core   0: 0x8000a388 (0x416c5eb3) sra     t4, s8, s6
core   0: 3 0x8000a388 (0x416c5eb3) x29 0xffffffff
core   0: 0x8000a38c (0x00000013) nop
core   0: 3 0x8000a38c (0x00000013)
core   0: 0x8000a390 (0xfda0c2e3) blt     ra, s10, pc - 60
core   0: 3 0x8000a390 (0xfda0c2e3)
core   0: 0x8000a394 (0x00a38033) add     zero, t2, a0
core   0: 3 0x8000a394 (0x00a38033)
core   0: 0x8000a398 (0xff700a13) li      s4, -9
core   0: 3 0x8000a398 (0xff700a13) x20 0xfffffff7
core   0: 0x8000a39c (0x0063bcb3) sltu    s9, t2, t1
core   0: 3 0x8000a39c (0x0063bcb3) x25 0x00000001
core   0: 0x8000a3a0 (0x000e5893) srli    a7, t3, 0
core   0: 3 0x8000a3a0 (0x000e5893) x17 0x0fffffff
core   0: 0x8000a3a4 (0x326b8b13) addi    s6, s7, 806
core   0: 3 0x8000a3a4 (0x326b8b13) x22 0x80025166
core   0: 0x8000a3a8 (0x40a983b3) sub     t2, s3, a0
core   0: 3 0x8000a3a8 (0x40a983b3) x 7 0xf0000001
core   0: 0x8000a3ac (0x0ff0000f) fence   iorw,iorw
core   0: 3 0x8000a3ac (0x0ff0000f)
core   0: 0x8000a3b0 (0xe47f7513) andi    a0, t5, -441
core   0: 3 0x8000a3b0 (0xe47f7513) x10 0x00000001
core   0: 0x8000a3b4 (0x00311433) sll     s0, sp, gp
core   0: 3 0x8000a3b4 (0x00311433) x 8 0x00000001
core   0: 0x8000a3b8 (0x01b1c033) xor     zero, gp, s11
core   0: 3 0x8000a3b8 (0x01b1c033)
core   0: 0x8000a3bc (0x013dc033) xor     zero, s11, s3
core   0: 3 0x8000a3bc (0x013dc033)
core   0: 0x8000a3c0 (0x002a8833) add     a6, s5, sp
core   0: 3 0x8000a3c0 (0x002a8833) x16 0xfdb012bc
core   0: 0x8000a3c4 (0x9efc1597) auipc   a1, 0x9efc1
core   0: 3 0x8000a3c4 (0x9efc1597) x11 0x1efcb3c4
core   0: 0x8000a3c8 (0x01000f13) li      t5, 16
core   0: 3 0x8000a3c8 (0x01000f13) x30 0x00000010
core   0: 0x8000a3cc (0x51deeb13) ori     s6, t4, 1309
core   0: 3 0x8000a3cc (0x51deeb13) x22 0xffffffff
core   0: 0x8000a3d0 (0x001dcd33) xor     s10, s11, ra
core   0: 3 0x8000a3d0 (0x001dcd33) x26 0xff4f2cd5
core   0: 0x8000a3d4 (0x7f06f937) lui     s2, 0x7f06f
core   0: 3 0x8000a3d4 (0x7f06f937) x18 0x7f06f000
core   0: 0x8000a3d8 (0x0011b5b3) sltu    a1, gp, ra
core   0: 3 0x8000a3d8 (0x0011b5b3) x11 0x00000001
core   0: 0x8000a3dc (0x1d711417) auipc   s0, 0x1d711
core   0: 3 0x8000a3dc (0x1d711417) x 8 0x9d71b3dc
core   0: 0x8000a3e0 (0x01a70433) add     s0, a4, s10
core   0: 3 0x8000a3e0 (0x01a70433) x 8 0xff4f2ce8
core   0: 0x8000a3e4 (0x00aa0a13) addi    s4, s4, 10
core   0: 3 0x8000a3e4 (0x00aa0a13) x20 0x00000001
core   0: 0x8000a3e8 (0xf090e213) ori     tp, ra, -247
core   0: 3 0x8000a3e8 (0xf090e213) x 4 0xfffffffd
core   0: 0x8000a3ec (0x3659bd93) sltiu   s11, s3, 869
core   0: 3 0x8000a3ec (0x3659bd93) x27 0x00000001
core   0: 0x8000a3f0 (0x99070113) addi    sp, a4, -1648
core   0: 3 0x8000a3f0 (0x99070113) x 2 0xfffff9a3
core   0: 0x8000a3f4 (0x003d6933) or      s2, s10, gp
core   0: 3 0x8000a3f4 (0x003d6933) x18 0xff4f2cd5
core   0: 0x8000a3f8 (0x01e387b3) add     a5, t2, t5
core   0: 3 0x8000a3f8 (0x01e387b3) x15 0xf0000011
core   0: 0x8000a3fc (0x7fc3a7b7) lui     a5, 0x7fc3a
core   0: 3 0x8000a3fc (0x7fc3a7b7) x15 0x7fc3a000
core   0: 0x8000a400 (0x0000100f) fence.i
core   0: 3 0x8000a400 (0x0000100f)
core   0: 0x8000a404 (0x00a812b3) sll     t0, a6, a0
core   0: 3 0x8000a404 (0x00a812b3) x 5 0xfb602578
core   0: 0x8000a408 (0xfdea66e3) bltu    s4, t5, pc - 52
core   0: 3 0x8000a408 (0xfdea66e3)
core   0: 0x8000a3d4 (0x7f06f937) lui     s2, 0x7f06f
core   0: 3 0x8000a3d4 (0x7f06f937) x18 0x7f06f000
core   0: 0x8000a3d8 (0x0011b5b3) sltu    a1, gp, ra
core   0: 3 0x8000a3d8 (0x0011b5b3) x11 0x00000001
core   0: 0x8000a3dc (0x1d711417) auipc   s0, 0x1d711
core   0: 3 0x8000a3dc (0x1d711417) x 8 0x9d71b3dc
core   0: 0x8000a3e0 (0x01a70433) add     s0, a4, s10
core   0: 3 0x8000a3e0 (0x01a70433) x 8 0xff4f2ce8
core   0: 0x8000a3e4 (0x00aa0a13) addi    s4, s4, 10
core   0: 3 0x8000a3e4 (0x00aa0a13) x20 0x0000000b
core   0: 0x8000a3e8 (0xf090e213) ori     tp, ra, -247
core   0: 3 0x8000a3e8 (0xf090e213) x 4 0xfffffffd
core   0: 0x8000a3ec (0x3659bd93) sltiu   s11, s3, 869
core   0: 3 0x8000a3ec (0x3659bd93) x27 0x00000001
core   0: 0x8000a3f0 (0x99070113) addi    sp, a4, -1648
core   0: 3 0x8000a3f0 (0x99070113) x 2 0xfffff9a3
core   0: 0x8000a3f4 (0x003d6933) or      s2, s10, gp
core   0: 3 0x8000a3f4 (0x003d6933) x18 0xff4f2cd5
core   0: 0x8000a3f8 (0x01e387b3) add     a5, t2, t5
core   0: 3 0x8000a3f8 (0x01e387b3) x15 0xf0000011
core   0: 0x8000a3fc (0x7fc3a7b7) lui     a5, 0x7fc3a
core   0: 3 0x8000a3fc (0x7fc3a7b7) x15 0x7fc3a000
core   0: 0x8000a400 (0x0000100f) fence.i
core   0: 3 0x8000a400 (0x0000100f)
core   0: 0x8000a404 (0x00a812b3) sll     t0, a6, a0
core   0: 3 0x8000a404 (0x00a812b3) x 5 0xfb602578
core   0: 0x8000a408 (0xfdea66e3) bltu    s4, t5, pc - 52
core   0: 3 0x8000a408 (0xfdea66e3)
core   0: 0x8000a3d4 (0x7f06f937) lui     s2, 0x7f06f
core   0: 3 0x8000a3d4 (0x7f06f937) x18 0x7f06f000
core   0: 0x8000a3d8 (0x0011b5b3) sltu    a1, gp, ra
core   0: 3 0x8000a3d8 (0x0011b5b3) x11 0x00000001
core   0: 0x8000a3dc (0x1d711417) auipc   s0, 0x1d711
core   0: 3 0x8000a3dc (0x1d711417) x 8 0x9d71b3dc
core   0: 0x8000a3e0 (0x01a70433) add     s0, a4, s10
core   0: 3 0x8000a3e0 (0x01a70433) x 8 0xff4f2ce8
core   0: 0x8000a3e4 (0x00aa0a13) addi    s4, s4, 10
core   0: 3 0x8000a3e4 (0x00aa0a13) x20 0x00000015
core   0: 0x8000a3e8 (0xf090e213) ori     tp, ra, -247
core   0: 3 0x8000a3e8 (0xf090e213) x 4 0xfffffffd
core   0: 0x8000a3ec (0x3659bd93) sltiu   s11, s3, 869
core   0: 3 0x8000a3ec (0x3659bd93) x27 0x00000001
core   0: 0x8000a3f0 (0x99070113) addi    sp, a4, -1648
core   0: 3 0x8000a3f0 (0x99070113) x 2 0xfffff9a3
core   0: 0x8000a3f4 (0x003d6933) or      s2, s10, gp
core   0: 3 0x8000a3f4 (0x003d6933) x18 0xff4f2cd5
core   0: 0x8000a3f8 (0x01e387b3) add     a5, t2, t5
core   0: 3 0x8000a3f8 (0x01e387b3) x15 0xf0000011
core   0: 0x8000a3fc (0x7fc3a7b7) lui     a5, 0x7fc3a
core   0: 3 0x8000a3fc (0x7fc3a7b7) x15 0x7fc3a000
core   0: 0x8000a400 (0x0000100f) fence.i
core   0: 3 0x8000a400 (0x0000100f)
core   0: 0x8000a404 (0x00a812b3) sll     t0, a6, a0
core   0: 3 0x8000a404 (0x00a812b3) x 5 0xfb602578
core   0: 0x8000a408 (0xfdea66e3) bltu    s4, t5, pc - 52
core   0: 3 0x8000a408 (0xfdea66e3)
core   0: 0x8000a40c (0x01135b33) srl     s6, t1, a7
core   0: 3 0x8000a40c (0x01135b33) x22 0x00000001
core   0: 0x8000a410 (0x015a9333) sll     t1, s5, s5
core   0: 3 0x8000a410 (0x015a9333) x 6 0xd8000000
core   0: 0x8000a414 (0x0454c263) blt     s1, t0, pc + 68
core   0: 3 0x8000a414 (0x0454c263)
core   0: 0x8000a458 (0x0ff0000f) fence   iorw,iorw
core   0: 3 0x8000a458 (0x0ff0000f)
core   0: 0x8000a45c (0x00c907b3) add     a5, s2, a2
core   0: 3 0x8000a45c (0x00c907b3) x15 0xff4f2cd6
core   0: 0x8000a460 (0x41ecd2b3) sra     t0, s9, t5
core   0: 3 0x8000a460 (0x41ecd2b3) x 5 0x00000000
core   0: 0x8000a464 (0x0d629017) auipc   zero, 0xd629
core   0: 3 0x8000a464 (0x0d629017)
core   0: 0x8000a468 (0x018357b3) srl     a5, t1, s8
core   0: 3 0x8000a468 (0x018357b3) x15 0x1b000000
core   0: 0x8000a46c (0x00af1e63) bne     t5, a0, pc + 28
core   0: 3 0x8000a46c (0x00af1e63)
core   0: 0x8000a488 (0x00d62433) slt     s0, a2, a3
core   0: 3 0x8000a488 (0x00d62433) x 8 0x00000001
core   0: 0x8000a48c (0x01c48eb3) add     t4, s1, t3
core   0: 3 0x8000a48c (0x01c48eb3) x29 0x90028ce3
core   0: 0x8000a490 (0x36c63993) sltiu   s3, a2, 876
core   0: 3 0x8000a490 (0x36c63993) x19 0x00000001
core   0: 0x8000a494 (0x00b40a33) add     s4, s0, a1
core   0: 3 0x8000a494 (0x00b40a33) x20 0x00000002
core   0: 0x8000a498 (0x5c661737) lui     a4, 0x5c661
core   0: 3 0x8000a498 (0x5c661737) x14 0x5c661000
core   0: 0x8000a49c (0x00be1913) slli    s2, t3, 11
core   0: 3 0x8000a49c (0x00be1913) x18 0xfffff800
core   0: 0x8000a4a0 (0x00f27db3) and     s11, tp, a5
core   0: 3 0x8000a4a0 (0x00f27db3) x27 0x1b000000
core   0: 0x8000a4a4 (0x40bb5c33) sra     s8, s6, a1
core   0: 3 0x8000a4a4 (0x40bb5c33) x24 0x00000000
core   0: 0x8000a4a8 (0x014540b3) xor     ra, a0, s4
core   0: 3 0x8000a4a8 (0x014540b3) x 1 0x00000003
core   0: 0x8000a4ac (0x01eaed33) or      s10, s5, t5
core   0: 3 0x8000a4ac (0x01eaed33) x26 0xfdb012bb
core   0: 0x8000a4b0 (0x00581c63) bne     a6, t0, pc + 24
core   0: 3 0x8000a4b0 (0x00581c63)
core   0: 0x8000a4c8 (0xc5c50b17) auipc   s6, 0xc5c50
core   0: 3 0x8000a4c8 (0xc5c50b17) x22 0x45c5a4c8
core   0: 0x8000a4cc (0x0117da33) srl     s4, a5, a7
core   0: 3 0x8000a4cc (0x0117da33) x20 0x00000000
core   0: 0x8000a4d0 (0x01755fb3) srl     t6, a0, s7
core   0: 3 0x8000a4d0 (0x01755fb3) x31 0x00000001
core   0: 0x8000a4d4 (0x5e043293) sltiu   t0, s0, 1504
core   0: 3 0x8000a4d4 (0x5e043293) x 5 0x00000001
core   0: 0x8000a4d8 (0x0106fd33) and     s10, a3, a6
core   0: 3 0x8000a4d8 (0x0106fd33) x26 0x00000014
core   0: 0x8000a4dc (0x00fc5f33) srl     t5, s8, a5
core   0: 3 0x8000a4dc (0x00fc5f33) x30 0x00000000
core   0: 0x8000a4e0 (0x84832613) slti    a2, t1, -1976
core   0: 3 0x8000a4e0 (0x84832613) x12 0x00000001
core   0: 0x8000a4e4 (0x03240463) beq     s0, s2, pc + 40
core   0: 3 0x8000a4e4 (0x03240463)
core   0: 0x8000a4e8 (0x00000013) nop
core   0: 3 0x8000a4e8 (0x00000013)
core   0: 0x8000a4ec (0x02039263) bnez    t2, pc + 36
core   0: 3 0x8000a4ec (0x02039263)
core   0: 0x8000a510 (0xda1b8317) auipc   t1, 0xda1b8
core   0: 3 0x8000a510 (0xda1b8317) x 6 0x5a1c2510
core   0: 0x8000a514 (0x00000013) nop
core   0: 3 0x8000a514 (0x00000013)
core   0: 0x8000a518 (0x38068b13) addi    s6, a3, 896
core   0: 3 0x8000a518 (0x38068b13) x22 0x00000394
core   0: 0x8000a51c (0xb1928793) addi    a5, t0, -1255
core   0: 3 0x8000a51c (0xb1928793) x15 0xfffffb1a
core   0: 0x8000a520 (0x008f0e63) beq     t5, s0, pc + 28
core   0: 3 0x8000a520 (0x008f0e63)
core   0: 0x8000a524 (0x02051863) bnez    a0, pc + 48
core   0: 3 0x8000a524 (0x02051863)
core   0: 0x8000a554 (0xe5d1fd13) andi    s10, gp, -419
core   0: 3 0x8000a554 (0xe5d1fd13) x26 0x00000000
core   0: 0x8000a558 (0xfa975737) lui     a4, 0xfa975
core   0: 3 0x8000a558 (0xfa975737) x14 0xfa975000
core   0: 0x8000a55c (0x7d16c413) xori    s0, a3, 2001
core   0: 3 0x8000a55c (0x7d16c413) x 8 0x000007c5
core   0: 0x8000a560 (0x00000013) nop
core   0: 3 0x8000a560 (0x00000013)
core   0: 0x8000a564 (0x01b66663) bltu    a2, s11, pc + 12
core   0: 3 0x8000a564 (0x01b66663)
core   0: 0x8000a570 (0x00b1a333) slt     t1, gp, a1
core   0: 3 0x8000a570 (0x00b1a333) x 6 0x00000001
core   0: 0x8000a574 (0x61d386b7) lui     a3, 0x61d38
core   0: 3 0x8000a574 (0x61d386b7) x13 0x61d38000
core   0: 0x8000a578 (0x37513513) sltiu   a0, sp, 885
core   0: 3 0x8000a578 (0x37513513) x10 0x00000000
core   0: 0x8000a57c (0x0181f3b3) and     t2, gp, s8
core   0: 3 0x8000a57c (0x0181f3b3) x 7 0x00000000
core   0: 0x8000a580 (0x41d58033) sub     zero, a1, t4
core   0: 3 0x8000a580 (0x41d58033)
core   0: 0x8000a584 (0x2995ef97) auipc   t6, 0x2995e
core   0: 3 0x8000a584 (0x2995ef97) x31 0xa9968584
core   0: 0x8000a588 (0x01f56e63) bltu    a0, t6, pc + 28
core   0: 3 0x8000a588 (0x01f56e63)
core   0: 0x8000a5a4 (0xccb9bd93) sltiu   s11, s3, -821
core   0: 3 0x8000a5a4 (0xccb9bd93) x27 0x00000001
core   0: 0x8000a5a8 (0x009cf833) and     a6, s9, s1
core   0: 3 0x8000a5a8 (0x009cf833) x16 0x00000000
core   0: 0x8000a5ac (0x0000100f) fence.i
core   0: 3 0x8000a5ac (0x0000100f)
core   0: 0x8000a5b0 (0x00ba4033) xor     zero, s4, a1
core   0: 3 0x8000a5b0 (0x00ba4033)
core   0: 0x8000a5b4 (0x408ed333) sra     t1, t4, s0
core   0: 3 0x8000a5b4 (0x408ed333) x 6 0xfc801467
core   0: 0x8000a5b8 (0x00d8bd33) sltu    s10, a7, a3
core   0: 3 0x8000a5b8 (0x00d8bd33) x26 0x00000001
core   0: 0x8000a5bc (0x40bddd13) srai    s10, s11, 11
core   0: 3 0x8000a5bc (0x40bddd13) x26 0x00000000
core   0: 0x8000a5c0 (0x01437233) and     tp, t1, s4
core   0: 3 0x8000a5c0 (0x01437233) x 4 0x00000000
core   0: 0x8000a5c4 (0x40462897) auipc   a7, 0x40462
core   0: 3 0x8000a5c4 (0x40462897) x17 0xc046c5c4
core   0: 0x8000a5c8 (0xffd00713) li      a4, -3
core   0: 3 0x8000a5c8 (0xffd00713) x14 0xfffffffd
core   0: 0x8000a5cc (0x01e32933) slt     s2, t1, t5
core   0: 3 0x8000a5cc (0x01e32933) x18 0x00000001
core   0: 0x8000a5d0 (0x40a0d533) sra     a0, ra, a0
core   0: 3 0x8000a5d0 (0x40a0d533) x10 0x00000003
core   0: 0x8000a5d4 (0x00000013) nop
core   0: 3 0x8000a5d4 (0x00000013)
core   0: 0x8000a5d8 (0xcf820513) addi    a0, tp, -776
core   0: 3 0x8000a5d8 (0xcf820513) x10 0xfffffcf8
core   0: 0x8000a5dc (0xab948217) auipc   tp, 0xab948
core   0: 3 0x8000a5dc (0xab948217) x 4 0x2b9525dc
core   0: 0x8000a5e0 (0xffa00813) li      a6, -6
core   0: 3 0x8000a5e0 (0xffa00813) x16 0xfffffffa
core   0: 0x8000a5e4 (0x8a63f417) auipc   s0, 0x8a63f
core   0: 3 0x8000a5e4 (0x8a63f417) x 8 0x0a6495e4
core   0: 0x8000a5e8 (0x00cc96b3) sll     a3, s9, a2
core   0: 3 0x8000a5e8 (0x00cc96b3) x13 0x00000002
core   0: 0x8000a5ec (0x0000100f) fence.i
core   0: 3 0x8000a5ec (0x0000100f)
core   0: 0x8000a5f0 (0x01f7d3b3) srl     t2, a5, t6
core   0: 3 0x8000a5f0 (0x01f7d3b3) x 7 0x0fffffb1
core   0: 0x8000a5f4 (0x8873ba37) lui     s4, 0x8873b
core   0: 3 0x8000a5f4 (0x8873ba37) x20 0x8873b000
core   0: 0x8000a5f8 (0x4084dd33) sra     s10, s1, s0
core   0: 3 0x8000a5f8 (0x4084dd33) x26 0xf80028ce
core   0: 0x8000a5fc (0x0000100f) fence.i
core   0: 3 0x8000a5fc (0x0000100f)
core   0: 0x8000a600 (0x97202413) slti    s0, zero, -1678
core   0: 3 0x8000a600 (0x97202413) x 8 0x00000000
core   0: 0x8000a604 (0xfff70713) addi    a4, a4, -1
core   0: 3 0x8000a604 (0xfff70713) x14 0xfffffffc
core   0: 0x8000a608 (0x00000013) nop
core   0: 3 0x8000a608 (0x00000013)
core   0: 0x8000a60c (0x01e74cb3) xor     s9, a4, t5
core   0: 3 0x8000a60c (0x01e74cb3) x25 0xfffffffc
core   0: 0x8000a610 (0x00d74c33) xor     s8, a4, a3
core   0: 3 0x8000a610 (0x00d74c33) x24 0xfffffffe
core   0: 0x8000a614 (0xff0706e3) beq     a4, a6, pc - 20
core   0: 3 0x8000a614 (0xff0706e3)
core   0: 0x8000a618 (0x41065413) srai    s0, a2, 16
core   0: 3 0x8000a618 (0x41065413) x 8 0x00000000
core   0: 0x8000a61c (0x05d6c063) blt     a3, t4, pc + 64
core   0: 3 0x8000a61c (0x05d6c063)
core   0: 0x8000a620 (0x2b146113) ori     sp, s0, 689
core   0: 3 0x8000a620 (0x2b146113) x 2 0x000002b1
core   0: 0x8000a624 (0x0000100f) fence.i
core   0: 3 0x8000a624 (0x0000100f)
core   0: 0x8000a628 (0x00294a33) xor     s4, s2, sp
core   0: 3 0x8000a628 (0x00294a33) x20 0x000002b0
core   0: 0x8000a62c (0x568ebb17) auipc   s6, 0x568eb
core   0: 3 0x8000a62c (0x568ebb17) x22 0xd68f562c
core   0: 0x8000a630 (0x00000013) nop
core   0: 3 0x8000a630 (0x00000013)
core   0: 0x8000a634 (0x00000013) nop
core   0: 3 0x8000a634 (0x00000013)
core   0: 0x8000a638 (0x01c99eb3) sll     t4, s3, t3
core   0: 3 0x8000a638 (0x01c99eb3) x29 0x80000000
core   0: 0x8000a63c (0x01fc5093) srli    ra, s8, 31
core   0: 3 0x8000a63c (0x01fc5093) x 1 0x00000001
core   0: 0x8000a640 (0xd5fc3c13) sltiu   s8, s8, -673
core   0: 3 0x8000a640 (0xd5fc3c13) x24 0x00000000
core   0: 0x8000a644 (0x72fc0a13) addi    s4, s8, 1839
core   0: 3 0x8000a644 (0x72fc0a13) x20 0x0000072f
core   0: 0x8000a648 (0x0000100f) fence.i
core   0: 3 0x8000a648 (0x0000100f)
core   0: 0x8000a64c (0x01ed7b33) and     s6, s10, t5
core   0: 3 0x8000a64c (0x01ed7b33) x22 0x00000000
core   0: 0x8000a650 (0x01e5b6b3) sltu    a3, a1, t5
core   0: 3 0x8000a650 (0x01e5b6b3) x13 0x00000000
core   0: 0x8000a654 (0x01b2cb33) xor     s6, t0, s11
core   0: 3 0x8000a654 (0x01b2cb33) x22 0x00000000
core   0: 0x8000a658 (0x0000100f) fence.i
core   0: 3 0x8000a658 (0x0000100f)
core   0: 0x8000a65c (0x02acde63) bge     s9, a0, pc + 60
core   0: 3 0x8000a65c (0x02acde63)
core   0: 0x8000a698 (0x76326893) ori     a7, tp, 1891
core   0: 3 0x8000a698 (0x76326893) x17 0x2b9527ff
core   0: 0x8000a69c (0x00551393) slli    t2, a0, 5
core   0: 3 0x8000a69c (0x00551393) x 7 0xffff9f00
core   0: 0x8000a6a0 (0x01e05513) srli    a0, zero, 30
core   0: 3 0x8000a6a0 (0x01e05513) x10 0x00000000
core   0: 0x8000a6a4 (0x004bf3b3) and     t2, s7, tp
core   0: 3 0x8000a6a4 (0x004bf3b3) x 7 0x00000440
core   0: 0x8000a6a8 (0x0055fdb3) and     s11, a1, t0
core   0: 3 0x8000a6a8 (0x0055fdb3) x27 0x00000001
core   0: 0x8000a6ac (0x034b4e63) blt     s6, s4, pc + 60
core   0: 3 0x8000a6ac (0x034b4e63)
core   0: 0x8000a6e8 (0x017739b3) sltu    s3, a4, s7
core   0: 3 0x8000a6e8 (0x017739b3) x19 0x00000000
core   0: 0x8000a6ec (0x04779063) bne     a5, t2, pc + 64
core   0: 3 0x8000a6ec (0x04779063)
core   0: 0x8000a72c (0x40c3d713) srai    a4, t2, 12
core   0: 3 0x8000a72c (0x40c3d713) x14 0x00000000
core   0: 0x8000a730 (0x4013d733) sra     a4, t2, ra
core   0: 3 0x8000a730 (0x4013d733) x14 0x00000220
core   0: 0x8000a734 (0x0065ec33) or      s8, a1, t1
core   0: 3 0x8000a734 (0x0065ec33) x24 0xfc801467
core   0: 0x8000a738 (0x01a613b3) sll     t2, a2, s10
core   0: 3 0x8000a738 (0x01a613b3) x 7 0x00004000
core   0: 0x8000a73c (0x196d2c13) slti    s8, s10, 406
core   0: 3 0x8000a73c (0x196d2c13) x24 0x00000001
core   0: 0x8000a740 (0x00f10263) beq     sp, a5, pc + 4
core   0: 3 0x8000a740 (0x00f10263)
core   0: 0x8000a744 (0x00a9dc13) srli    s8, s3, 10
core   0: 3 0x8000a744 (0x00a9dc13) x24 0x00000000
core   0: 0x8000a748 (0x00b85e33) srl     t3, a6, a1
core   0: 3 0x8000a748 (0x00b85e33) x28 0x7ffffffd
core   0: 0x8000a74c (0x0174db13) srli    s6, s1, 23
core   0: 3 0x8000a74c (0x0174db13) x22 0x00000100
core   0: 0x8000a750 (0x0179ad33) slt     s10, s3, s7
core   0: 3 0x8000a750 (0x0179ad33) x26 0x00000000
core   0: 0x8000a754 (0x4194dc13) srai    s8, s1, 25
core   0: 3 0x8000a754 (0x4194dc13) x24 0xffffffc0
core   0: 0x8000a758 (0xb5d1cc13) xori    s8, gp, -1187
core   0: 3 0x8000a758 (0xb5d1cc13) x24 0xfffffb5d
core   0: 0x8000a75c (0x004a3333) sltu    t1, s4, tp
core   0: 3 0x8000a75c (0x004a3333) x 6 0x00000001
core   0: 0x8000a760 (0x41c78033) sub     zero, a5, t3
core   0: 3 0x8000a760 (0x41c78033)
core   0: 0x8000a764 (0xa696bf13) sltiu   t5, a3, -1431
core   0: 3 0x8000a764 (0xa696bf13) x30 0x00000001
core   0: 0x8000a768 (0xe2716213) ori     tp, sp, -473
core   0: 3 0x8000a768 (0xe2716213) x 4 0xfffffeb7
core   0: 0x8000a76c (0x015975b3) and     a1, s2, s5
core   0: 3 0x8000a76c (0x015975b3) x11 0x00000001
core   0: 0x8000a770 (0xf34c3113) sltiu   sp, s8, -204
core   0: 3 0x8000a770 (0xf34c3113) x 2 0x00000001
core   0: 0x8000a774 (0x04cc0063) beq     s8, a2, pc + 64
core   0: 3 0x8000a774 (0x04cc0063)
core   0: 0x8000a778 (0x91538813) addi    a6, t2, -1771
core   0: 3 0x8000a778 (0x91538813) x16 0x00003915
core   0: 0x8000a77c (0xad617413) andi    s0, sp, -1322
core   0: 3 0x8000a77c (0xad617413) x 8 0x00000000
core   0: 0x8000a780 (0x0c73f213) andi    tp, t2, 199
core   0: 3 0x8000a780 (0x0c73f213) x 4 0x00000000
core   0: 0x8000a784 (0x0229c463) blt     s3, sp, pc + 40
core   0: 3 0x8000a784 (0x0229c463)
core   0: 0x8000a7ac (0x41fe0033) sub     zero, t3, t6
core   0: 3 0x8000a7ac (0x41fe0033)
core   0: 0x8000a7b0 (0xce9f4f37) lui     t5, 0xce9f4
core   0: 3 0x8000a7b0 (0xce9f4f37) x30 0xce9f4000
core   0: 0x8000a7b4 (0x4164d513) srai    a0, s1, 22
core   0: 3 0x8000a7b4 (0x4164d513) x10 0xfffffe00
core   0: 0x8000a7b8 (0x017555b3) srl     a1, a0, s7
core   0: 3 0x8000a7b8 (0x017555b3) x11 0xfffffe00
core   0: 0x8000a7bc (0xdea8f913) andi    s2, a7, -534
core   0: 3 0x8000a7bc (0xdea8f913) x18 0x2b9525ea
core   0: 0x8000a7c0 (0x032d4c63) blt     s10, s2, pc + 56
core   0: 3 0x8000a7c0 (0x032d4c63)
core   0: 0x8000a7f8 (0x402bd533) sra     a0, s7, sp
core   0: 3 0x8000a7f8 (0x402bd533) x10 0xc0012720
core   0: 0x8000a7fc (0x00ea55b3) srl     a1, s4, a4
core   0: 3 0x8000a7fc (0x00ea55b3) x11 0x0000072f
core   0: 0x8000a800 (0x052e5263) bge     t3, s2, pc + 68
core   0: 3 0x8000a800 (0x052e5263)
core   0: 0x8000a844 (0x29aefb13) andi    s6, t4, 666
core   0: 3 0x8000a844 (0x29aefb13) x22 0x00000000
core   0: 0x8000a848 (0x017a35b3) sltu    a1, s4, s7
core   0: 3 0x8000a848 (0x017a35b3) x11 0x00000001
core   0: 0x8000a84c (0x00b4afb3) slt     t6, s1, a1
core   0: 3 0x8000a84c (0x00b4afb3) x31 0x00000001
core   0: 0x8000a850 (0x01f30663) beq     t1, t6, pc + 12
core   0: 3 0x8000a850 (0x01f30663)
core   0: 0x8000a85c (0x0000100f) fence.i
core   0: 3 0x8000a85c (0x0000100f)
core   0: 0x8000a860 (0x578e3a13) sltiu   s4, t3, 1400
core   0: 3 0x8000a860 (0x578e3a13) x20 0x00000000
core   0: 0x8000a864 (0x410f08b3) sub     a7, t5, a6
core   0: 3 0x8000a864 (0x410f08b3) x17 0xce9f06eb
core   0: 0x8000a868 (0x41835713) srai    a4, t1, 24
core   0: 3 0x8000a868 (0x41835713) x14 0x00000000
core   0: 0x8000a86c (0x01ba0db3) add     s11, s4, s11
core   0: 3 0x8000a86c (0x01ba0db3) x27 0x00000001
core   0: 0x8000a870 (0x0130c0b3) xor     ra, ra, s3
core   0: 3 0x8000a870 (0x0130c0b3) x 1 0x00000001
core   0: 0x8000a874 (0x015ff6b3) and     a3, t6, s5
core   0: 3 0x8000a874 (0x015ff6b3) x13 0x00000001
core   0: 0x8000a878 (0x2d703513) sltiu   a0, zero, 727
core   0: 3 0x8000a878 (0x2d703513) x10 0x00000001
core   0: 0x8000a87c (0xfa092897) auipc   a7, 0xfa092
core   0: 3 0x8000a87c (0xfa092897) x17 0x7a09c87c
core   0: 0x8000a880 (0x0179d663) bge     s3, s7, pc + 12
core   0: 3 0x8000a880 (0x0179d663)
core   0: 0x8000a88c (0x00d1df13) srli    t5, gp, 13
core   0: 3 0x8000a88c (0x00d1df13) x30 0x00000000
core   0: 0x8000a890 (0xeaf6f413) andi    s0, a3, -337
core   0: 3 0x8000a890 (0xeaf6f413) x 8 0x00000001
core   0: 0x8000a894 (0xa1fce093) ori     ra, s9, -1505
core   0: 3 0x8000a894 (0xa1fce093) x 1 0xffffffff
core   0: 0x8000a898 (0x0ff0000f) fence   iorw,iorw
core   0: 3 0x8000a898 (0x0ff0000f)
core   0: 0x8000a89c (0x002c1333) sll     t1, s8, sp
core   0: 3 0x8000a89c (0x002c1333) x 6 0xfffff6ba
core   0: 0x8000a8a0 (0x05688863) beq     a7, s6, pc + 80
core   0: 3 0x8000a8a0 (0x05688863)
core   0: 0x8000a8a4 (0x6e683013) sltiu   zero, a6, 1766
core   0: 3 0x8000a8a4 (0x6e683013)
core   0: 0x8000a8a8 (0x4d016f93) ori     t6, sp, 1232
core   0: 3 0x8000a8a8 (0x4d016f93) x31 0x000004d1
core   0: 0x8000a8ac (0x05bfe263) bltu    t6, s11, pc + 68
core   0: 3 0x8000a8ac (0x05bfe263)
core   0: 0x8000a8b0 (0x40375fb3) sra     t6, a4, gp
core   0: 3 0x8000a8b0 (0x40375fb3) x31 0x00000000
core   0: 0x8000a8b4 (0x0000100f) fence.i
core   0: 3 0x8000a8b4 (0x0000100f)
core   0: 0x8000a8b8 (0x0464c263) blt     s1, t1, pc + 68
core   0: 3 0x8000a8b8 (0x0464c263)
core   0: 0x8000a8fc (0x01734533) xor     a0, t1, s7
core   0: 3 0x8000a8fc (0x01734533) x10 0x7ffdb8fa
core   0: 0x8000a900 (0x32b96c13) ori     s8, s2, 811
core   0: 3 0x8000a900 (0x32b96c13) x24 0x2b9527eb
core   0: 0x8000a904 (0x01553033) sltu    zero, a0, s5
core   0: 3 0x8000a904 (0x01553033)
core   0: 0x8000a908 (0x01ec33b3) sltu    t2, s8, t5
core   0: 3 0x8000a908 (0x01ec33b3) x 7 0x00000000
core   0: 0x8000a90c (0xcc0e2913) slti    s2, t3, -832
core   0: 3 0x8000a90c (0xcc0e2913) x18 0x00000000
core   0: 0x8000a910 (0x01177333) and     t1, a4, a7
core   0: 3 0x8000a910 (0x01177333) x 6 0x00000000
core   0: 0x8000a914 (0x88ea3717) auipc   a4, 0x88ea3
core   0: 3 0x8000a914 (0x88ea3717) x14 0x08ead914
core   0: 0x8000a918 (0x01f45813) srli    a6, s0, 31
core   0: 3 0x8000a918 (0x01f45813) x16 0x00000000
core   0: 0x8000a91c (0x4b1007ef) jal     a5, pc + 0xcb0
core   0: 3 0x8000a91c (0x4b1007ef) x15 0x8000a920
core   0: 0x8000b5cc (0x01d691b3) sll     gp, a3, t4
core   0: 3 0x8000b5cc (0x01d691b3) x 3 0x00000001
core   0: 0x8000b5d0 (0x1fea2c13) slti    s8, s4, 510
core   0: 3 0x8000b5d0 (0x1fea2c13) x24 0x00000001
core   0: 0x8000b5d4 (0x004c1863) bne     s8, tp, pc + 16
core   0: 3 0x8000b5d4 (0x004c1863)
core   0: 0x8000b5e4 (0xfe8b8b93) addi    s7, s7, -24
core   0: 3 0x8000b5e4 (0xfe8b8b93) x23 0x80024e28
core   0: 0x8000b5e8 (0x00fba223) sw      a5, 4(s7)
core   0: 3 0x8000b5e8 (0x00fba223) mem 0x80024e2c 0x8000a920
core   0: 0x8000b5ec (0x01f6f033) and     zero, a3, t6
core   0: 3 0x8000b5ec (0x01f6f033)
core   0: 0x8000b5f0 (0x00a00413) li      s0, 10
core   0: 3 0x8000b5f0 (0x00a00413) x 8 0x0000000a
core   0: 0x8000b5f4 (0x00000013) nop
core   0: 3 0x8000b5f4 (0x00000013)
core   0: 0x8000b5f8 (0x00abba33) sltu    s4, s7, a0
core   0: 3 0x8000b5f8 (0x00abba33) x20 0x00000000
core   0: 0x8000b5fc (0x3d4e6b13) ori     s6, t3, 980
core   0: 3 0x8000b5fc (0x3d4e6b13) x22 0x7ffffffd
core   0: 0x8000b600 (0x01535793) srli    a5, t1, 21
core   0: 3 0x8000b600 (0x01535793) x15 0x00000000
core   0: 0x8000b604 (0x012e5113) srli    sp, t3, 18
core   0: 3 0x8000b604 (0x012e5113) x 2 0x00001fff
core   0: 0x8000b608 (0x00300893) li      a7, 3
core   0: 3 0x8000b608 (0x00300893) x17 0x00000003
core   0: 0x8000b60c (0x0142f3b3) and     t2, t0, s4
core   0: 3 0x8000b60c (0x0142f3b3) x 7 0x00000000
core   0: 0x8000b610 (0x6bbef613) andi    a2, t4, 1723
core   0: 3 0x8000b610 (0x6bbef613) x12 0x00000000
core   0: 0x8000b614 (0xff940413) addi    s0, s0, -7
core   0: 3 0x8000b614 (0xff940413) x 8 0x00000003
core   0: 0x8000b618 (0x00000013) nop
core   0: 3 0x8000b618 (0x00000013)
core   0: 0x8000b61c (0x79a57813) andi    a6, a0, 1946
core   0: 3 0x8000b61c (0x79a57813) x16 0x0000009a
core   0: 0x8000b620 (0x019c0b33) add     s6, s8, s9
core   0: 3 0x8000b620 (0x019c0b33) x22 0xfffffffd
core   0: 0x8000b624 (0x00afc6b3) xor     a3, t6, a0
core   0: 3 0x8000b624 (0x00afc6b3) x13 0x7ffdb8fa
core   0: 0x8000b628 (0xff1414e3) bne     s0, a7, pc - 24
core   0: 3 0x8000b628 (0xff1414e3)
core   0: 0x8000b62c (0x3566fe97) auipc   t4, 0x3566f
core   0: 3 0x8000b62c (0x3566fe97) x29 0xb567a62c
core   0: 0x8000b630 (0x00600413) li      s0, 6
core   0: 3 0x8000b630 (0x00600413) x 8 0x00000006
core   0: 0x8000b634 (0x0143d013) srli    zero, t2, 20
core   0: 3 0x8000b634 (0x0143d013)
core   0: 0x8000b638 (0xff700c13) li      s8, -9
core   0: 3 0x8000b638 (0xff700c13) x24 0xfffffff7
core   0: 0x8000b63c (0xe653d137) lui     sp, 0xe653d
core   0: 3 0x8000b63c (0xe653d137) x 2 0xe653d000
core   0: 0x8000b640 (0x4abeb093) sltiu   ra, t4, 1195
core   0: 3 0x8000b640 (0x4abeb093) x 1 0x00000000
core   0: 0x8000b644 (0xffb40413) addi    s0, s0, -5
core   0: 3 0x8000b644 (0xffb40413) x 8 0x00000001
core   0: 0x8000b648 (0x400b5eb3) sra     t4, s6, zero
core   0: 3 0x8000b648 (0x400b5eb3) x29 0xfffffffd
core   0: 0x8000b64c (0xff841ae3) bne     s0, s8, pc - 12
core   0: 3 0x8000b64c (0xff841ae3)
core   0: 0x8000b640 (0x4abeb093) sltiu   ra, t4, 1195
core   0: 3 0x8000b640 (0x4abeb093) x 1 0x00000000
core   0: 0x8000b644 (0xffb40413) addi    s0, s0, -5
core   0: 3 0x8000b644 (0xffb40413) x 8 0xfffffffc
core   0: 0x8000b648 (0x400b5eb3) sra     t4, s6, zero
core   0: 3 0x8000b648 (0x400b5eb3) x29 0xfffffffd
core   0: 0x8000b64c (0xff841ae3) bne     s0, s8, pc - 12
core   0: 3 0x8000b64c (0xff841ae3)
core   0: 0x8000b640 (0x4abeb093) sltiu   ra, t4, 1195
core   0: 3 0x8000b640 (0x4abeb093) x 1 0x00000000
core   0: 0x8000b644 (0xffb40413) addi    s0, s0, -5
core   0: 3 0x8000b644 (0xffb40413) x 8 0xfffffff7
core   0: 0x8000b648 (0x400b5eb3) sra     t4, s6, zero
core   0: 3 0x8000b648 (0x400b5eb3) x29 0xfffffffd
core   0: 0x8000b64c (0xff841ae3) bne     s0, s8, pc - 12
core   0: 3 0x8000b64c (0xff841ae3)
core   0: 0x8000b650 (0x01591d33) sll     s10, s2, s5
core   0: 3 0x8000b650 (0x01591d33) x26 0x00000000
core   0: 0x8000b654 (0xffc00c93) li      s9, -4
core   0: 3 0x8000b654 (0xffc00c93) x25 0xfffffffc
core   0: 0x8000b658 (0x006cf0b3) and     ra, s9, t1
core   0: 3 0x8000b658 (0x006cf0b3) x 1 0x00000000
core   0: 0x8000b65c (0xffd00913) li      s2, -3
core   0: 3 0x8000b65c (0xffd00913) x18 0xfffffffd
core   0: 0x8000b660 (0x008285b3) add     a1, t0, s0
core   0: 3 0x8000b660 (0x008285b3) x11 0xfffffff8
core   0: 0x8000b664 (0x0161ba33) sltu    s4, gp, s6
core   0: 3 0x8000b664 (0x0161ba33) x20 0x00000001
core   0: 0x8000b668 (0xb7264d13) xori    s10, a2, -1166
core   0: 3 0x8000b668 (0xb7264d13) x26 0xfffffb72
core   0: 0x8000b66c (0x001c8c93) addi    s9, s9, 1
core   0: 3 0x8000b66c (0x001c8c93) x25 0xfffffffd
core   0: 0x8000b670 (0x92a0b713) sltiu   a4, ra, -1750
core   0: 3 0x8000b670 (0x92a0b713) x14 0x00000001
core   0: 0x8000b674 (0x012f5113) srli    sp, t5, 18
core   0: 3 0x8000b674 (0x012f5113) x 2 0x00000000
core   0: 0x8000b678 (0x789fe613) ori     a2, t6, 1929
core   0: 3 0x8000b678 (0x789fe613) x12 0x00000789
core   0: 0x8000b67c (0x00bb4eb3) xor     t4, s6, a1
core   0: 3 0x8000b67c (0x00bb4eb3) x29 0x00000005
core   0: 0x8000b680 (0x00000013) nop
core   0: 3 0x8000b680 (0x00000013)
core   0: 0x8000b684 (0x41b459b3) sra     s3, s0, s11
core   0: 3 0x8000b684 (0x41b459b3) x19 0xfffffffb
core   0: 0x8000b688 (0x0147f833) and     a6, a5, s4
core   0: 3 0x8000b688 (0x0147f833) x16 0x00000000
core   0: 0x8000b68c (0x9ca3f3b7) lui     t2, 0x9ca3f
core   0: 3 0x8000b68c (0x9ca3f3b7) x 7 0x9ca3f000
core   0: 0x8000b690 (0xfd2c9ae3) bne     s9, s2, pc - 44
core   0: 3 0x8000b690 (0xfd2c9ae3)
core   0: 0x8000b694 (0x402f58b3) sra     a7, t5, sp
core   0: 3 0x8000b694 (0x402f58b3) x17 0x00000000
core   0: 0x8000b698 (0x00300513) li      a0, 3
core   0: 3 0x8000b698 (0x00300513) x10 0x00000003
core   0: 0x8000b69c (0x0ff0000f) fence   iorw,iorw
core   0: 3 0x8000b69c (0x0ff0000f)
core   0: 0x8000b6a0 (0x01f21e93) slli    t4, tp, 31
core   0: 3 0x8000b6a0 (0x01f21e93) x29 0x00000000
core   0: 0x8000b6a4 (0x00d00c13) li      s8, 13
core   0: 3 0x8000b6a4 (0x00d00c13) x24 0x0000000d
core   0: 0x8000b6a8 (0x26f16e37) lui     t3, 0x26f16
core   0: 3 0x8000b6a8 (0x26f16e37) x28 0x26f16000
core   0: 0x8000b6ac (0x00650513) addi    a0, a0, 6
core   0: 3 0x8000b6ac (0x00650513) x10 0x00000009
core   0: 0x8000b6b0 (0xcae14293) xori    t0, sp, -850
core   0: 3 0x8000b6b0 (0xcae14293) x 5 0xfffffcae
core   0: 0x8000b6b4 (0x458ac593) xori    a1, s5, 1112
core   0: 3 0x8000b6b4 (0x458ac593) x11 0xfdb016e3
core   0: 0x8000b6b8 (0xffc00413) li      s0, -4
core   0: 3 0x8000b6b8 (0xffc00413) x 8 0xfffffffc
core   0: 0x8000b6bc (0xa881c193) xori    gp, gp, -1400
core   0: 3 0x8000b6bc (0xa881c193) x 3 0xfffffa89
core   0: 0x8000b6c0 (0x00800893) li      a7, 8
core   0: 3 0x8000b6c0 (0x00800893) x17 0x00000008
core   0: 0x8000b6c4 (0x6ab40a17) auipc   s4, 0x6ab40
core   0: 3 0x8000b6c4 (0x6ab40a17) x20 0xeab4b6c4
core   0: 0x8000b6c8 (0x00240413) addi    s0, s0, 2
core   0: 3 0x8000b6c8 (0x00240413) x 8 0xfffffffe
core   0: 0x8000b6cc (0x00222733) slt     a4, tp, sp
core   0: 3 0x8000b6cc (0x00222733) x14 0x00000000
core   0: 0x8000b6d0 (0xff141ae3) bne     s0, a7, pc - 12
core   0: 3 0x8000b6d0 (0xff141ae3)
core   0: 0x8000b6c4 (0x6ab40a17) auipc   s4, 0x6ab40
core   0: 3 0x8000b6c4 (0x6ab40a17) x20 0xeab4b6c4
core   0: 0x8000b6c8 (0x00240413) addi    s0, s0, 2
core   0: 3 0x8000b6c8 (0x00240413) x 8 0x00000000
core   0: 0x8000b6cc (0x00222733) slt     a4, tp, sp
core   0: 3 0x8000b6cc (0x00222733) x14 0x00000000
core   0: 0x8000b6d0 (0xff141ae3) bne     s0, a7, pc - 12
core   0: 3 0x8000b6d0 (0xff141ae3)
core   0: 0x8000b6c4 (0x6ab40a17) auipc   s4, 0x6ab40
core   0: 3 0x8000b6c4 (0x6ab40a17) x20 0xeab4b6c4
core   0: 0x8000b6c8 (0x00240413) addi    s0, s0, 2
core   0: 3 0x8000b6c8 (0x00240413) x 8 0x00000002
core   0: 0x8000b6cc (0x00222733) slt     a4, tp, sp
core   0: 3 0x8000b6cc (0x00222733) x14 0x00000000
core   0: 0x8000b6d0 (0xff141ae3) bne     s0, a7, pc - 12
core   0: 3 0x8000b6d0 (0xff141ae3)
core   0: 0x8000b6c4 (0x6ab40a17) auipc   s4, 0x6ab40
core   0: 3 0x8000b6c4 (0x6ab40a17) x20 0xeab4b6c4
core   0: 0x8000b6c8 (0x00240413) addi    s0, s0, 2
core   0: 3 0x8000b6c8 (0x00240413) x 8 0x00000004
core   0: 0x8000b6cc (0x00222733) slt     a4, tp, sp
core   0: 3 0x8000b6cc (0x00222733) x14 0x00000000
core   0: 0x8000b6d0 (0xff141ae3) bne     s0, a7, pc - 12
core   0: 3 0x8000b6d0 (0xff141ae3)
core   0: 0x8000b6c4 (0x6ab40a17) auipc   s4, 0x6ab40
core   0: 3 0x8000b6c4 (0x6ab40a17) x20 0xeab4b6c4
core   0: 0x8000b6c8 (0x00240413) addi    s0, s0, 2
core   0: 3 0x8000b6c8 (0x00240413) x 8 0x00000006
core   0: 0x8000b6cc (0x00222733) slt     a4, tp, sp
core   0: 3 0x8000b6cc (0x00222733) x14 0x00000000
core   0: 0x8000b6d0 (0xff141ae3) bne     s0, a7, pc - 12
core   0: 3 0x8000b6d0 (0xff141ae3)
core   0: 0x8000b6c4 (0x6ab40a17) auipc   s4, 0x6ab40
core   0: 3 0x8000b6c4 (0x6ab40a17) x20 0xeab4b6c4
core   0: 0x8000b6c8 (0x00240413) addi    s0, s0, 2
core   0: 3 0x8000b6c8 (0x00240413) x 8 0x00000008
core   0: 0x8000b6cc (0x00222733) slt     a4, tp, sp
core   0: 3 0x8000b6cc (0x00222733) x14 0x00000000
core   0: 0x8000b6d0 (0xff141ae3) bne     s0, a7, pc - 12
core   0: 3 0x8000b6d0 (0xff141ae3)
core   0: 0x8000b6d4 (0xfd856ae3) bltu    a0, s8, pc - 44
core   0: 3 0x8000b6d4 (0xfd856ae3)
core   0: 0x8000b6a8 (0x26f16e37) lui     t3, 0x26f16
core   0: 3 0x8000b6a8 (0x26f16e37) x28 0x26f16000
core   0: 0x8000b6ac (0x00650513) addi    a0, a0, 6
core   0: 3 0x8000b6ac (0x00650513) x10 0x0000000f
core   0: 0x8000b6b0 (0xcae14293) xori    t0, sp, -850
core   0: 3 0x8000b6b0 (0xcae14293) x 5 0xfffffcae
core   0: 0x8000b6b4 (0x458ac593) xori    a1, s5, 1112
core   0: 3 0x8000b6b4 (0x458ac593) x11 0xfdb016e3
core   0: 0x8000b6b8 (0xffc00413) li      s0, -4
core   0: 3 0x8000b6b8 (0xffc00413) x 8 0xfffffffc
core   0: 0x8000b6bc (0xa881c193) xori    gp, gp, -1400
core   0: 3 0x8000b6bc (0xa881c193) x 3 0x00000001
core   0: 0x8000b6c0 (0x00800893) li      a7, 8
core   0: 3 0x8000b6c0 (0x00800893) x17 0x00000008
core   0: 0x8000b6c4 (0x6ab40a17) auipc   s4, 0x6ab40
core   0: 3 0x8000b6c4 (0x6ab40a17) x20 0xeab4b6c4
core   0: 0x8000b6c8 (0x00240413) addi    s0, s0, 2
core   0: 3 0x8000b6c8 (0x00240413) x 8 0xfffffffe
core   0: 0x8000b6cc (0x00222733) slt     a4, tp, sp
core   0: 3 0x8000b6cc (0x00222733) x14 0x00000000
core   0: 0x8000b6d0 (0xff141ae3) bne     s0, a7, pc - 12
core   0: 3 0x8000b6d0 (0xff141ae3)
core   0: 0x8000b6c4 (0x6ab40a17) auipc   s4, 0x6ab40
core   0: 3 0x8000b6c4 (0x6ab40a17) x20 0xeab4b6c4
core   0: 0x8000b6c8 (0x00240413) addi    s0, s0, 2
core   0: 3 0x8000b6c8 (0x00240413) x 8 0x00000000
core   0: 0x8000b6cc (0x00222733) slt     a4, tp, sp
core   0: 3 0x8000b6cc (0x00222733) x14 0x00000000
core   0: 0x8000b6d0 (0xff141ae3) bne     s0, a7, pc - 12
core   0: 3 0x8000b6d0 (0xff141ae3)
core   0: 0x8000b6c4 (0x6ab40a17) auipc   s4, 0x6ab40
core   0: 3 0x8000b6c4 (0x6ab40a17) x20 0xeab4b6c4
core   0: 0x8000b6c8 (0x00240413) addi    s0, s0, 2
core   0: 3 0x8000b6c8 (0x00240413) x 8 0x00000002
core   0: 0x8000b6cc (0x00222733) slt     a4, tp, sp
core   0: 3 0x8000b6cc (0x00222733) x14 0x00000000
core   0: 0x8000b6d0 (0xff141ae3) bne     s0, a7, pc - 12
core   0: 3 0x8000b6d0 (0xff141ae3)
core   0: 0x8000b6c4 (0x6ab40a17) auipc   s4, 0x6ab40
core   0: 3 0x8000b6c4 (0x6ab40a17) x20 0xeab4b6c4
core   0: 0x8000b6c8 (0x00240413) addi    s0, s0, 2
core   0: 3 0x8000b6c8 (0x00240413) x 8 0x00000004
core   0: 0x8000b6cc (0x00222733) slt     a4, tp, sp
core   0: 3 0x8000b6cc (0x00222733) x14 0x00000000
core   0: 0x8000b6d0 (0xff141ae3) bne     s0, a7, pc - 12
core   0: 3 0x8000b6d0 (0xff141ae3)
core   0: 0x8000b6c4 (0x6ab40a17) auipc   s4, 0x6ab40
core   0: 3 0x8000b6c4 (0x6ab40a17) x20 0xeab4b6c4
core   0: 0x8000b6c8 (0x00240413) addi    s0, s0, 2
core   0: 3 0x8000b6c8 (0x00240413) x 8 0x00000006
core   0: 0x8000b6cc (0x00222733) slt     a4, tp, sp
core   0: 3 0x8000b6cc (0x00222733) x14 0x00000000
core   0: 0x8000b6d0 (0xff141ae3) bne     s0, a7, pc - 12
core   0: 3 0x8000b6d0 (0xff141ae3)
core   0: 0x8000b6c4 (0x6ab40a17) auipc   s4, 0x6ab40
core   0: 3 0x8000b6c4 (0x6ab40a17) x20 0xeab4b6c4
core   0: 0x8000b6c8 (0x00240413) addi    s0, s0, 2
core   0: 3 0x8000b6c8 (0x00240413) x 8 0x00000008
core   0: 0x8000b6cc (0x00222733) slt     a4, tp, sp
core   0: 3 0x8000b6cc (0x00222733) x14 0x00000000
core   0: 0x8000b6d0 (0xff141ae3) bne     s0, a7, pc - 12
core   0: 3 0x8000b6d0 (0xff141ae3)
core   0: 0x8000b6d4 (0xfd856ae3) bltu    a0, s8, pc - 44
core   0: 3 0x8000b6d4 (0xfd856ae3)
core   0: 0x8000b6d8 (0x41bd80b3) sub     ra, s11, s11
core   0: 3 0x8000b6d8 (0x41bd80b3) x 1 0x00000000
core   0: 0x8000b6dc (0xffe00213) li      tp, -2
core   0: 3 0x8000b6dc (0xffe00213) x 4 0xfffffffe
core   0: 0x8000b6e0 (0x018820b3) slt     ra, a6, s8
core   0: 3 0x8000b6e0 (0x018820b3) x 1 0x00000001
core   0: 0x8000b6e4 (0x00d00d13) li      s10, 13
core   0: 3 0x8000b6e4 (0x00d00d13) x26 0x0000000d
core   0: 0x8000b6e8 (0x17f698b7) lui     a7, 0x17f69
core   0: 3 0x8000b6e8 (0x17f698b7) x17 0x17f69000
core   0: 0x8000b6ec (0x00520213) addi    tp, tp, 5
core   0: 3 0x8000b6ec (0x00520213) x 4 0x00000003
core   0: 0x8000b6f0 (0x00a00a13) li      s4, 10
core   0: 3 0x8000b6f0 (0x00a00a13) x20 0x0000000a
core   0: 0x8000b6f4 (0x00a00e13) li      t3, 10
core   0: 3 0x8000b6f4 (0x00a00e13) x28 0x0000000a
core   0: 0x8000b6f8 (0xc80ba593) slti    a1, s7, -896
core   0: 3 0x8000b6f8 (0xc80ba593) x11 0x00000001
core   0: 0x8000b6fc (0x49884413) xori    s0, a6, 1176
core   0: 3 0x8000b6fc (0x49884413) x 8 0x00000498
core   0: 0x8000b700 (0x01731433) sll     s0, t1, s7
core   0: 3 0x8000b700 (0x01731433) x 8 0x00000000
core   0: 0x8000b704 (0xff7a0a13) addi    s4, s4, -9
core   0: 3 0x8000b704 (0xff7a0a13) x20 0x00000001
core   0: 0x8000b708 (0x44819897) auipc   a7, 0x44819
core   0: 3 0x8000b708 (0x44819897) x17 0xc4824708
core   0: 0x8000b70c (0x0037c0b3) xor     ra, a5, gp
core   0: 3 0x8000b70c (0x0037c0b3) x 1 0x00000001
core   0: 0x8000b710 (0x0619f413) andi    s0, s3, 97
core   0: 3 0x8000b710 (0x0619f413) x 8 0x00000061
core   0: 0x8000b714 (0xffca74e3) bgeu    s4, t3, pc - 24
core   0: 3 0x8000b714 (0xffca74e3)
core   0: 0x8000b718 (0x4af0e513) ori     a0, ra, 1199
core   0: 3 0x8000b718 (0x4af0e513) x10 0x000004af
core   0: 0x8000b71c (0x00000013) nop
core   0: 3 0x8000b71c (0x00000013)
core   0: 0x8000b720 (0xfda214e3) bne     tp, s10, pc - 56
core   0: 3 0x8000b720 (0xfda214e3)
core   0: 0x8000b6e8 (0x17f698b7) lui     a7, 0x17f69
core   0: 3 0x8000b6e8 (0x17f698b7) x17 0x17f69000
core   0: 0x8000b6ec (0x00520213) addi    tp, tp, 5
core   0: 3 0x8000b6ec (0x00520213) x 4 0x00000008
core   0: 0x8000b6f0 (0x00a00a13) li      s4, 10
core   0: 3 0x8000b6f0 (0x00a00a13) x20 0x0000000a
core   0: 0x8000b6f4 (0x00a00e13) li      t3, 10
core   0: 3 0x8000b6f4 (0x00a00e13) x28 0x0000000a
core   0: 0x8000b6f8 (0xc80ba593) slti    a1, s7, -896
core   0: 3 0x8000b6f8 (0xc80ba593) x11 0x00000001
core   0: 0x8000b6fc (0x49884413) xori    s0, a6, 1176
core   0: 3 0x8000b6fc (0x49884413) x 8 0x00000498
core   0: 0x8000b700 (0x01731433) sll     s0, t1, s7
core   0: 3 0x8000b700 (0x01731433) x 8 0x00000000
core   0: 0x8000b704 (0xff7a0a13) addi    s4, s4, -9
core   0: 3 0x8000b704 (0xff7a0a13) x20 0x00000001
core   0: 0x8000b708 (0x44819897) auipc   a7, 0x44819
core   0: 3 0x8000b708 (0x44819897) x17 0xc4824708
core   0: 0x8000b70c (0x0037c0b3) xor     ra, a5, gp
core   0: 3 0x8000b70c (0x0037c0b3) x 1 0x00000001
core   0: 0x8000b710 (0x0619f413) andi    s0, s3, 97
core   0: 3 0x8000b710 (0x0619f413) x 8 0x00000061
core   0: 0x8000b714 (0xffca74e3) bgeu    s4, t3, pc - 24
core   0: 3 0x8000b714 (0xffca74e3)
core   0: 0x8000b718 (0x4af0e513) ori     a0, ra, 1199
core   0: 3 0x8000b718 (0x4af0e513) x10 0x000004af
core   0: 0x8000b71c (0x00000013) nop
core   0: 3 0x8000b71c (0x00000013)
core   0: 0x8000b720 (0xfda214e3) bne     tp, s10, pc - 56
core   0: 3 0x8000b720 (0xfda214e3)
core   0: 0x8000b6e8 (0x17f698b7) lui     a7, 0x17f69
core   0: 3 0x8000b6e8 (0x17f698b7) x17 0x17f69000
core   0: 0x8000b6ec (0x00520213) addi    tp, tp, 5
core   0: 3 0x8000b6ec (0x00520213) x 4 0x0000000d
core   0: 0x8000b6f0 (0x00a00a13) li      s4, 10
core   0: 3 0x8000b6f0 (0x00a00a13) x20 0x0000000a
core   0: 0x8000b6f4 (0x00a00e13) li      t3, 10
core   0: 3 0x8000b6f4 (0x00a00e13) x28 0x0000000a
core   0: 0x8000b6f8 (0xc80ba593) slti    a1, s7, -896
core   0: 3 0x8000b6f8 (0xc80ba593) x11 0x00000001
core   0: 0x8000b6fc (0x49884413) xori    s0, a6, 1176
core   0: 3 0x8000b6fc (0x49884413) x 8 0x00000498
core   0: 0x8000b700 (0x01731433) sll     s0, t1, s7
core   0: 3 0x8000b700 (0x01731433) x 8 0x00000000
core   0: 0x8000b704 (0xff7a0a13) addi    s4, s4, -9
core   0: 3 0x8000b704 (0xff7a0a13) x20 0x00000001
core   0: 0x8000b708 (0x44819897) auipc   a7, 0x44819
core   0: 3 0x8000b708 (0x44819897) x17 0xc4824708
core   0: 0x8000b70c (0x0037c0b3) xor     ra, a5, gp
core   0: 3 0x8000b70c (0x0037c0b3) x 1 0x00000001
core   0: 0x8000b710 (0x0619f413) andi    s0, s3, 97
core   0: 3 0x8000b710 (0x0619f413) x 8 0x00000061
core   0: 0x8000b714 (0xffca74e3) bgeu    s4, t3, pc - 24
core   0: 3 0x8000b714 (0xffca74e3)
core   0: 0x8000b718 (0x4af0e513) ori     a0, ra, 1199
core   0: 3 0x8000b718 (0x4af0e513) x10 0x000004af
core   0: 0x8000b71c (0x00000013) nop
core   0: 3 0x8000b71c (0x00000013)
core   0: 0x8000b720 (0xfda214e3) bne     tp, s10, pc - 56
core   0: 3 0x8000b720 (0xfda214e3)
core   0: 0x8000b724 (0xe565d8b7) lui     a7, 0xe565d
core   0: 3 0x8000b724 (0xe565d8b7) x17 0xe565d000
core   0: 0x8000b728 (0xffd00593) li      a1, -3
core   0: 3 0x8000b728 (0xffd00593) x11 0xfffffffd
core   0: 0x8000b72c (0x002f67b3) or      a5, t5, sp
core   0: 3 0x8000b72c (0x002f67b3) x15 0x00000000
core   0: 0x8000b730 (0xffb00e93) li      t4, -5
core   0: 3 0x8000b730 (0xffb00e93) x29 0xfffffffb
core   0: 0x8000b734 (0x919df993) andi    s3, s11, -1767
core   0: 3 0x8000b734 (0x919df993) x19 0x00000001
core   0: 0x8000b738 (0x9c6b8393) addi    t2, s7, -1594
core   0: 3 0x8000b738 (0x9c6b8393) x 7 0x800247ee
core   0: 0x8000b73c (0x4031da33) sra     s4, gp, gp
core   0: 3 0x8000b73c (0x4031da33) x20 0x00000000
core   0: 0x8000b740 (0x007cea33) or      s4, s9, t2
core   0: 3 0x8000b740 (0x007cea33) x20 0xffffffff
core   0: 0x8000b744 (0x01f859b3) srl     s3, a6, t6
core   0: 3 0x8000b744 (0x01f859b3) x19 0x00000000
core   0: 0x8000b748 (0x01dc1f93) slli    t6, s8, 29
core   0: 3 0x8000b748 (0x01dc1f93) x31 0xa0000000
core   0: 0x8000b74c (0x0122a133) slt     sp, t0, s2
core   0: 3 0x8000b74c (0x0122a133) x 2 0x00000001
core   0: 0x8000b750 (0x40488e33) sub     t3, a7, tp
core   0: 3 0x8000b750 (0x40488e33) x28 0xe565cff3
core   0: 0x8000b754 (0x8a9a4193) xori    gp, s4, -1879
core   0: 3 0x8000b754 (0x8a9a4193) x 3 0x00000756
core   0: 0x8000b758 (0x01685093) srli    ra, a6, 22
core   0: 3 0x8000b758 (0x01685093) x 1 0x00000000
core   0: 0x8000b75c (0x0197fcb3) and     s9, a5, s9
core   0: 3 0x8000b75c (0x0197fcb3) x25 0x00000000
core   0: 0x8000b760 (0x01f829b3) slt     s3, a6, t6
core   0: 3 0x8000b760 (0x01f829b3) x19 0x00000000
core   0: 0x8000b764 (0xd1fbe693) ori     a3, s7, -737
core   0: 3 0x8000b764 (0xd1fbe693) x13 0xffffff3f
core   0: 0x8000b768 (0x00030433) add     s0, t1, zero
core   0: 3 0x8000b768 (0x00030433) x 8 0x00000000
core   0: 0x8000b76c (0x0f872213) slti    tp, a4, 248
core   0: 3 0x8000b76c (0x0f872213) x 4 0x00000001
core   0: 0x8000b770 (0x01745433) srl     s0, s0, s7
core   0: 3 0x8000b770 (0x01745433) x 8 0x00000000
core   0: 0x8000b774 (0x41c1d3b3) sra     t2, gp, t3
core   0: 3 0x8000b774 (0x41c1d3b3) x 7 0x00000000
core   0: 0x8000b778 (0x01a933b3) sltu    t2, s2, s10
core   0: 3 0x8000b778 (0x01a933b3) x 7 0x00000000
core   0: 0x8000b77c (0x142a6513) ori     a0, s4, 322
core   0: 3 0x8000b77c (0x142a6513) x10 0xffffffff
core   0: 0x8000b780 (0x0ff0000f) fence   iorw,iorw
core   0: 3 0x8000b780 (0x0ff0000f)
core   0: 0x8000b784 (0xfff58593) addi    a1, a1, -1
core   0: 3 0x8000b784 (0xfff58593) x11 0xfffffffc
core   0: 0x8000b788 (0x694ca137) lui     sp, 0x694ca
core   0: 3 0x8000b788 (0x694ca137) x 2 0x694ca000
core   0: 0x8000b78c (0xfbd594e3) bne     a1, t4, pc - 88
core   0: 3 0x8000b78c (0xfbd594e3)
core   0: 0x8000b734 (0x919df993) andi    s3, s11, -1767
core   0: 3 0x8000b734 (0x919df993) x19 0x00000001
core   0: 0x8000b738 (0x9c6b8393) addi    t2, s7, -1594
core   0: 3 0x8000b738 (0x9c6b8393) x 7 0x800247ee
core   0: 0x8000b73c (0x4031da33) sra     s4, gp, gp
core   0: 3 0x8000b73c (0x4031da33) x20 0x00000000
core   0: 0x8000b740 (0x007cea33) or      s4, s9, t2
core   0: 3 0x8000b740 (0x007cea33) x20 0x800247ee
core   0: 0x8000b744 (0x01f859b3) srl     s3, a6, t6
core   0: 3 0x8000b744 (0x01f859b3) x19 0x00000000
core   0: 0x8000b748 (0x01dc1f93) slli    t6, s8, 29
core   0: 3 0x8000b748 (0x01dc1f93) x31 0xa0000000
core   0: 0x8000b74c (0x0122a133) slt     sp, t0, s2
core   0: 3 0x8000b74c (0x0122a133) x 2 0x00000001
core   0: 0x8000b750 (0x40488e33) sub     t3, a7, tp
core   0: 3 0x8000b750 (0x40488e33) x28 0xe565cfff
core   0: 0x8000b754 (0x8a9a4193) xori    gp, s4, -1879
core   0: 3 0x8000b754 (0x8a9a4193) x 3 0x7ffdbf47
core   0: 0x8000b758 (0x01685093) srli    ra, a6, 22
core   0: 3 0x8000b758 (0x01685093) x 1 0x00000000
core   0: 0x8000b75c (0x0197fcb3) and     s9, a5, s9
core   0: 3 0x8000b75c (0x0197fcb3) x25 0x00000000
core   0: 0x8000b760 (0x01f829b3) slt     s3, a6, t6
core   0: 3 0x8000b760 (0x01f829b3) x19 0x00000000
core   0: 0x8000b764 (0xd1fbe693) ori     a3, s7, -737
core   0: 3 0x8000b764 (0xd1fbe693) x13 0xffffff3f
core   0: 0x8000b768 (0x00030433) add     s0, t1, zero
core   0: 3 0x8000b768 (0x00030433) x 8 0x00000000
core   0: 0x8000b76c (0x0f872213) slti    tp, a4, 248
core   0: 3 0x8000b76c (0x0f872213) x 4 0x00000001
core   0: 0x8000b770 (0x01745433) srl     s0, s0, s7
core   0: 3 0x8000b770 (0x01745433) x 8 0x00000000
core   0: 0x8000b774 (0x41c1d3b3) sra     t2, gp, t3
core   0: 3 0x8000b774 (0x41c1d3b3) x 7 0x00000000
core   0: 0x8000b778 (0x01a933b3) sltu    t2, s2, s10
core   0: 3 0x8000b778 (0x01a933b3) x 7 0x00000000
core   0: 0x8000b77c (0x142a6513) ori     a0, s4, 322
core   0: 3 0x8000b77c (0x142a6513) x10 0x800247ee
core   0: 0x8000b780 (0x0ff0000f) fence   iorw,iorw
core   0: 3 0x8000b780 (0x0ff0000f)
core   0: 0x8000b784 (0xfff58593) addi    a1, a1, -1
core   0: 3 0x8000b784 (0xfff58593) x11 0xfffffffb
core   0: 0x8000b788 (0x694ca137) lui     sp, 0x694ca
core   0: 3 0x8000b788 (0x694ca137) x 2 0x694ca000
core   0: 0x8000b78c (0xfbd594e3) bne     a1, t4, pc - 88
core   0: 3 0x8000b78c (0xfbd594e3)
core   0: 0x8000b790 (0x0135f6b3) and     a3, a1, s3
core   0: 3 0x8000b790 (0x0135f6b3) x13 0x00000000
core   0: 0x8000b794 (0x00200613) li      a2, 2
core   0: 3 0x8000b794 (0x00200613) x12 0x00000002
core   0: 0x8000b798 (0x005cc1b3) xor     gp, s9, t0
core   0: 3 0x8000b798 (0x005cc1b3) x 3 0xfffffcae
core   0: 0x8000b79c (0x00d107b3) add     a5, sp, a3
core   0: 3 0x8000b79c (0x00d107b3) x15 0x694ca000
core   0: 0x8000b7a0 (0x00000013) nop
core   0: 3 0x8000b7a0 (0x00000013)
core   0: 0x8000b7a4 (0x00700393) li      t2, 7
core   0: 3 0x8000b7a4 (0x00700393) x 7 0x00000007
core   0: 0x8000b7a8 (0x001b17b3) sll     a5, s6, ra
core   0: 3 0x8000b7a8 (0x001b17b3) x15 0xfffffffd
core   0: 0x8000b7ac (0x00779e33) sll     t3, a5, t2
core   0: 3 0x8000b7ac (0x00779e33) x28 0xfffffe80
core   0: 0x8000b7b0 (0x896a0693) addi    a3, s4, -1898
core   0: 3 0x8000b7b0 (0x896a0693) x13 0x80024084
core   0: 0x8000b7b4 (0x015e1a13) slli    s4, t3, 21
core   0: 3 0x8000b7b4 (0x015e1a13) x20 0xd0000000
core   0: 0x8000b7b8 (0x41a989b3) sub     s3, s3, s10
core   0: 3 0x8000b7b8 (0x41a989b3) x19 0xfffffff3
core   0: 0x8000b7bc (0x0516c813) xori    a6, a3, 81
core   0: 3 0x8000b7bc (0x0516c813) x16 0x800240d5
core   0: 0x8000b7c0 (0x00000013) nop
core   0: 3 0x8000b7c0 (0x00000013)
core   0: 0x8000b7c4 (0x00160613) addi    a2, a2, 1
core   0: 3 0x8000b7c4 (0x00160613) x12 0x00000003
core   0: 0x8000b7c8 (0x4106ddb3) sra     s11, a3, a6
core   0: 3 0x8000b7c8 (0x4106ddb3) x27 0xfffffc00
core   0: 0x8000b7cc (0xfe7648e3) blt     a2, t2, pc - 16
core   0: 3 0x8000b7cc (0xfe7648e3)
core   0: 0x8000b7bc (0x0516c813) xori    a6, a3, 81
core   0: 3 0x8000b7bc (0x0516c813) x16 0x800240d5
core   0: 0x8000b7c0 (0x00000013) nop
core   0: 3 0x8000b7c0 (0x00000013)
core   0: 0x8000b7c4 (0x00160613) addi    a2, a2, 1
core   0: 3 0x8000b7c4 (0x00160613) x12 0x00000004
core   0: 0x8000b7c8 (0x4106ddb3) sra     s11, a3, a6
core   0: 3 0x8000b7c8 (0x4106ddb3) x27 0xfffffc00
core   0: 0x8000b7cc (0xfe7648e3) blt     a2, t2, pc - 16
core   0: 3 0x8000b7cc (0xfe7648e3)
core   0: 0x8000b7bc (0x0516c813) xori    a6, a3, 81
core   0: 3 0x8000b7bc (0x0516c813) x16 0x800240d5
core   0: 0x8000b7c0 (0x00000013) nop
core   0: 3 0x8000b7c0 (0x00000013)
core   0: 0x8000b7c4 (0x00160613) addi    a2, a2, 1
core   0: 3 0x8000b7c4 (0x00160613) x12 0x00000005
core   0: 0x8000b7c8 (0x4106ddb3) sra     s11, a3, a6
core   0: 3 0x8000b7c8 (0x4106ddb3) x27 0xfffffc00
core   0: 0x8000b7cc (0xfe7648e3) blt     a2, t2, pc - 16
core   0: 3 0x8000b7cc (0xfe7648e3)
core   0: 0x8000b7bc (0x0516c813) xori    a6, a3, 81
core   0: 3 0x8000b7bc (0x0516c813) x16 0x800240d5
core   0: 0x8000b7c0 (0x00000013) nop
core   0: 3 0x8000b7c0 (0x00000013)
core   0: 0x8000b7c4 (0x00160613) addi    a2, a2, 1
core   0: 3 0x8000b7c4 (0x00160613) x12 0x00000006
core   0: 0x8000b7c8 (0x4106ddb3) sra     s11, a3, a6
core   0: 3 0x8000b7c8 (0x4106ddb3) x27 0xfffffc00
core   0: 0x8000b7cc (0xfe7648e3) blt     a2, t2, pc - 16
core   0: 3 0x8000b7cc (0xfe7648e3)
core   0: 0x8000b7bc (0x0516c813) xori    a6, a3, 81
core   0: 3 0x8000b7bc (0x0516c813) x16 0x800240d5
core   0: 0x8000b7c0 (0x00000013) nop
core   0: 3 0x8000b7c0 (0x00000013)
core   0: 0x8000b7c4 (0x00160613) addi    a2, a2, 1
core   0: 3 0x8000b7c4 (0x00160613) x12 0x00000007
core   0: 0x8000b7c8 (0x4106ddb3) sra     s11, a3, a6
core   0: 3 0x8000b7c8 (0x4106ddb3) x27 0xfffffc00
core   0: 0x8000b7cc (0xfe7648e3) blt     a2, t2, pc - 16
core   0: 3 0x8000b7cc (0xfe7648e3)
core   0: 0x8000b7d0 (0x01e70e33) add     t3, a4, t5
core   0: 3 0x8000b7d0 (0x01e70e33) x28 0x00000000
core   0: 0x8000b7d4 (0xffc00d13) li      s10, -4
core   0: 3 0x8000b7d4 (0xffc00d13) x26 0xfffffffc
core   0: 0x8000b7d8 (0x00900613) li      a2, 9
core   0: 3 0x8000b7d8 (0x00900613) x12 0x00000009
core   0: 0x8000b7dc (0x0191c833) xor     a6, gp, s9
core   0: 3 0x8000b7dc (0x0191c833) x16 0xfffffcae
core   0: 0x8000b7e0 (0x0000100f) fence.i
core   0: 3 0x8000b7e0 (0x0000100f)
core   0: 0x8000b7e4 (0x00ad0d13) addi    s10, s10, 10
core   0: 3 0x8000b7e4 (0x00ad0d13) x26 0x00000006
core   0: 0x8000b7e8 (0xffe00413) li      s0, -2
core   0: 3 0x8000b7e8 (0xffe00413) x 8 0xfffffffe
core   0: 0x8000b7ec (0x31b1c193) xori    gp, gp, 795
core   0: 3 0x8000b7ec (0x31b1c193) x 3 0xffffffb5
core   0: 0x8000b7f0 (0xffa00f13) li      t5, -6
core   0: 3 0x8000b7f0 (0xffa00f13) x30 0xfffffffa
core   0: 0x8000b7f4 (0x40e5d513) srai    a0, a1, 14
core   0: 3 0x8000b7f4 (0x40e5d513) x10 0xffffffff
core   0: 0x8000b7f8 (0x3fbca713) slti    a4, s9, 1019
core   0: 3 0x8000b7f8 (0x3fbca713) x14 0x00000001
core   0: 0x8000b7fc (0xe77ab993) sltiu   s3, s5, -393
core   0: 3 0x8000b7fc (0xe77ab993) x19 0x00000001
core   0: 0x8000b800 (0x0ff0000f) fence   iorw,iorw
core   0: 3 0x8000b800 (0x0ff0000f)
core   0: 0x8000b804 (0xfff40413) addi    s0, s0, -1
core   0: 3 0x8000b804 (0xfff40413) x 8 0xfffffffd
core   0: 0x8000b808 (0xffe41ae3) bne     s0, t5, pc - 12
core   0: 3 0x8000b808 (0xffe41ae3)
core   0: 0x8000b7fc (0xe77ab993) sltiu   s3, s5, -393
core   0: 3 0x8000b7fc (0xe77ab993) x19 0x00000001
core   0: 0x8000b800 (0x0ff0000f) fence   iorw,iorw
core   0: 3 0x8000b800 (0x0ff0000f)
core   0: 0x8000b804 (0xfff40413) addi    s0, s0, -1
core   0: 3 0x8000b804 (0xfff40413) x 8 0xfffffffc
core   0: 0x8000b808 (0xffe41ae3) bne     s0, t5, pc - 12
core   0: 3 0x8000b808 (0xffe41ae3)
core   0: 0x8000b7fc (0xe77ab993) sltiu   s3, s5, -393
core   0: 3 0x8000b7fc (0xe77ab993) x19 0x00000001
core   0: 0x8000b800 (0x0ff0000f) fence   iorw,iorw
core   0: 3 0x8000b800 (0x0ff0000f)
core   0: 0x8000b804 (0xfff40413) addi    s0, s0, -1
core   0: 3 0x8000b804 (0xfff40413) x 8 0xfffffffb
core   0: 0x8000b808 (0xffe41ae3) bne     s0, t5, pc - 12
core   0: 3 0x8000b808 (0xffe41ae3)
core   0: 0x8000b7fc (0xe77ab993) sltiu   s3, s5, -393
core   0: 3 0x8000b7fc (0xe77ab993) x19 0x00000001
core   0: 0x8000b800 (0x0ff0000f) fence   iorw,iorw
core   0: 3 0x8000b800 (0x0ff0000f)
core   0: 0x8000b804 (0xfff40413) addi    s0, s0, -1
core   0: 3 0x8000b804 (0xfff40413) x 8 0xfffffffa
core   0: 0x8000b808 (0xffe41ae3) bne     s0, t5, pc - 12
core   0: 3 0x8000b808 (0xffe41ae3)
core   0: 0x8000b80c (0xfccd68e3) bltu    s10, a2, pc - 48
core   0: 3 0x8000b80c (0xfccd68e3)
core   0: 0x8000b7dc (0x0191c833) xor     a6, gp, s9
core   0: 3 0x8000b7dc (0x0191c833) x16 0xffffffb5
core   0: 0x8000b7e0 (0x0000100f) fence.i
core   0: 3 0x8000b7e0 (0x0000100f)
core   0: 0x8000b7e4 (0x00ad0d13) addi    s10, s10, 10
core   0: 3 0x8000b7e4 (0x00ad0d13) x26 0x00000010
core   0: 0x8000b7e8 (0xffe00413) li      s0, -2
core   0: 3 0x8000b7e8 (0xffe00413) x 8 0xfffffffe
core   0: 0x8000b7ec (0x31b1c193) xori    gp, gp, 795
core   0: 3 0x8000b7ec (0x31b1c193) x 3 0xfffffcae
core   0: 0x8000b7f0 (0xffa00f13) li      t5, -6
core   0: 3 0x8000b7f0 (0xffa00f13) x30 0xfffffffa
core   0: 0x8000b7f4 (0x40e5d513) srai    a0, a1, 14
core   0: 3 0x8000b7f4 (0x40e5d513) x10 0xffffffff
core   0: 0x8000b7f8 (0x3fbca713) slti    a4, s9, 1019
core   0: 3 0x8000b7f8 (0x3fbca713) x14 0x00000001
core   0: 0x8000b7fc (0xe77ab993) sltiu   s3, s5, -393
core   0: 3 0x8000b7fc (0xe77ab993) x19 0x00000001
core   0: 0x8000b800 (0x0ff0000f) fence   iorw,iorw
core   0: 3 0x8000b800 (0x0ff0000f)
core   0: 0x8000b804 (0xfff40413) addi    s0, s0, -1
core   0: 3 0x8000b804 (0xfff40413) x 8 0xfffffffd
core   0: 0x8000b808 (0xffe41ae3) bne     s0, t5, pc - 12
core   0: 3 0x8000b808 (0xffe41ae3)
core   0: 0x8000b7fc (0xe77ab993) sltiu   s3, s5, -393
core   0: 3 0x8000b7fc (0xe77ab993) x19 0x00000001
core   0: 0x8000b800 (0x0ff0000f) fence   iorw,iorw
core   0: 3 0x8000b800 (0x0ff0000f)
core   0: 0x8000b804 (0xfff40413) addi    s0, s0, -1
core   0: 3 0x8000b804 (0xfff40413) x 8 0xfffffffc
core   0: 0x8000b808 (0xffe41ae3) bne     s0, t5, pc - 12
core   0: 3 0x8000b808 (0xffe41ae3)
core   0: 0x8000b7fc (0xe77ab993) sltiu   s3, s5, -393
core   0: 3 0x8000b7fc (0xe77ab993) x19 0x00000001
core   0: 0x8000b800 (0x0ff0000f) fence   iorw,iorw
core   0: 3 0x8000b800 (0x0ff0000f)
core   0: 0x8000b804 (0xfff40413) addi    s0, s0, -1
core   0: 3 0x8000b804 (0xfff40413) x 8 0xfffffffb
core   0: 0x8000b808 (0xffe41ae3) bne     s0, t5, pc - 12
core   0: 3 0x8000b808 (0xffe41ae3)
core   0: 0x8000b7fc (0xe77ab993) sltiu   s3, s5, -393
core   0: 3 0x8000b7fc (0xe77ab993) x19 0x00000001
core   0: 0x8000b800 (0x0ff0000f) fence   iorw,iorw
core   0: 3 0x8000b800 (0x0ff0000f)
core   0: 0x8000b804 (0xfff40413) addi    s0, s0, -1
core   0: 3 0x8000b804 (0xfff40413) x 8 0xfffffffa
core   0: 0x8000b808 (0xffe41ae3) bne     s0, t5, pc - 12
core   0: 3 0x8000b808 (0xffe41ae3)
core   0: 0x8000b80c (0xfccd68e3) bltu    s10, a2, pc - 48
core   0: 3 0x8000b80c (0xfccd68e3)
core   0: 0x8000b810 (0x0c6cd017) auipc   zero, 0xc6cd
core   0: 3 0x8000b810 (0x0c6cd017)
core   0: 0x8000b814 (0x00a00d93) li      s11, 10
core   0: 3 0x8000b814 (0x00a00d93) x27 0x0000000a
core   0: 0x8000b818 (0x9f72b593) sltiu   a1, t0, -1545
core   0: 3 0x8000b818 (0x9f72b593) x11 0x00000000
core   0: 0x8000b81c (0x48afe513) ori     a0, t6, 1162
core   0: 3 0x8000b81c (0x48afe513) x10 0xa000048a
core   0: 0x8000b820 (0x00900a13) li      s4, 9
core   0: 3 0x8000b820 (0x00900a13) x20 0x00000009
core   0: 0x8000b824 (0x416e5613) srai    a2, t3, 22
core   0: 3 0x8000b824 (0x416e5613) x12 0x00000000
core   0: 0x8000b828 (0x74f20313) addi    t1, tp, 1871
core   0: 3 0x8000b828 (0x74f20313) x 6 0x00000750
core   0: 0x8000b82c (0xffed8d93) addi    s11, s11, -2
core   0: 3 0x8000b82c (0xffed8d93) x27 0x00000008
core   0: 0x8000b830 (0xff900213) li      tp, -7
core   0: 3 0x8000b830 (0xff900213) x 4 0xfffffff9
core   0: 0x8000b834 (0x4088d133) sra     sp, a7, s0
core   0: 3 0x8000b834 (0x4088d133) x 2 0xfffffff9
core   0: 0x8000b838 (0x00400713) li      a4, 4
core   0: 3 0x8000b838 (0x00400713) x14 0x00000004
core   0: 0x8000b83c (0x416306b3) sub     a3, t1, s6
core   0: 3 0x8000b83c (0x416306b3) x13 0x00000753
core   0: 0x8000b840 (0xc2370793) addi    a5, a4, -989
core   0: 3 0x8000b840 (0xc2370793) x15 0xfffffc27
core   0: 0x8000b844 (0x00120213) addi    tp, tp, 1
core   0: 3 0x8000b844 (0x00120213) x 4 0xfffffffa
core   0: 0x8000b848 (0x006e62b3) or      t0, t3, t1
core   0: 3 0x8000b848 (0x006e62b3) x 5 0x00000750
core   0: 0x8000b84c (0xfee20ae3) beq     tp, a4, pc - 12
core   0: 3 0x8000b84c (0xfee20ae3)
core   0: 0x8000b850 (0x00000013) nop
core   0: 3 0x8000b850 (0x00000013)
core   0: 0x8000b854 (0x006020b3) slt     ra, zero, t1
core   0: 3 0x8000b854 (0x006020b3) x 1 0x00000001
core   0: 0x8000b858 (0xfd4df8e3) bgeu    s11, s4, pc - 48
core   0: 3 0x8000b858 (0xfd4df8e3)
core   0: 0x8000b85c (0xdf41a093) slti    ra, gp, -524
core   0: 3 0x8000b85c (0xdf41a093) x 1 0x00000001
core   0: 0x8000b860 (0x00700713) li      a4, 7
core   0: 3 0x8000b860 (0x00700713) x14 0x00000007
core   0: 0x8000b864 (0x00700693) li      a3, 7
core   0: 3 0x8000b864 (0x00700693) x13 0x00000007
core   0: 0x8000b868 (0x00000013) nop
core   0: 3 0x8000b868 (0x00000013)
core   0: 0x8000b86c (0x99672993) slti    s3, a4, -1642
core   0: 3 0x8000b86c (0x99672993) x19 0x00000000
core   0: 0x8000b870 (0xffb70713) addi    a4, a4, -5
core   0: 3 0x8000b870 (0xffb70713) x14 0x00000002
core   0: 0x8000b874 (0xffe00813) li      a6, -2
core   0: 3 0x8000b874 (0xffe00813) x16 0xfffffffe
core   0: 0x8000b878 (0x536dec93) ori     s9, s11, 1334
core   0: 3 0x8000b878 (0x536dec93) x25 0x0000053e
core   0: 0x8000b87c (0x6ec70a13) addi    s4, a4, 1772
core   0: 3 0x8000b87c (0x6ec70a13) x20 0x000006ee
core   0: 0x8000b880 (0x00000013) nop
core   0: 3 0x8000b880 (0x00000013)
core   0: 0x8000b884 (0x00300893) li      a7, 3
core   0: 3 0x8000b884 (0x00300893) x17 0x00000003
core   0: 0x8000b888 (0x65f08d13) addi    s10, ra, 1631
core   0: 3 0x8000b888 (0x65f08d13) x26 0x00000660
core   0: 0x8000b88c (0x75172593) slti    a1, a4, 1873
core   0: 3 0x8000b88c (0x75172593) x11 0x00000001
core   0: 0x8000b890 (0x01c8b9b3) sltu    s3, a7, t3
core   0: 3 0x8000b890 (0x01c8b9b3) x19 0x00000000
core   0: 0x8000b894 (0x0167c9b3) xor     s3, a5, s6
core   0: 3 0x8000b894 (0x0167c9b3) x19 0x000003da
core   0: 0x8000b898 (0x00acf5b3) and     a1, s9, a0
core   0: 3 0x8000b898 (0x00acf5b3) x11 0x0000040a
core   0: 0x8000b89c (0xc4b7c793) xori    a5, a5, -949
core   0: 3 0x8000b89c (0xc4b7c793) x15 0x0000006c
core   0: 0x8000b8a0 (0x00a80813) addi    a6, a6, 10
core   0: 3 0x8000b8a0 (0x00a80813) x16 0x00000008
core   0: 0x8000b8a4 (0x0cf53a13) sltiu   s4, a0, 207
core   0: 3 0x8000b8a4 (0x0cf53a13) x20 0x00000000
core   0: 0x8000b8a8 (0x40fd52b3) sra     t0, s10, a5
core   0: 3 0x8000b8a8 (0x40fd52b3) x 5 0x00000000
core   0: 0x8000b8ac (0x00deceb3) xor     t4, t4, a3
core   0: 3 0x8000b8ac (0x00deceb3) x29 0xfffffffc
core   0: 0x8000b8b0 (0xff1864e3) bltu    a6, a7, pc - 24
core   0: 3 0x8000b8b0 (0xff1864e3)
core   0: 0x8000b8b4 (0x01ad09b3) add     s3, s10, s10
core   0: 3 0x8000b8b4 (0x01ad09b3) x19 0x00000cc0
core   0: 0x8000b8b8 (0x00f747b3) xor     a5, a4, a5
core   0: 3 0x8000b8b8 (0x00f747b3) x15 0x0000006e
core   0: 0x8000b8bc (0xfad778e3) bgeu    a4, a3, pc - 80
core   0: 3 0x8000b8bc (0xfad778e3)
core   0: 0x8000b8c0 (0x78bc7d13) andi    s10, s8, 1931
core   0: 3 0x8000b8c0 (0x78bc7d13) x26 0x00000009
core   0: 0x8000b8c4 (0x00900413) li      s0, 9
core   0: 3 0x8000b8c4 (0x00900413) x 8 0x00000009
core   0: 0x8000b8c8 (0x009aca33) xor     s4, s5, s1
core   0: 3 0x8000b8c8 (0x009aca33) x20 0x7db29e5f
core   0: 0x8000b8cc (0x00c871b3) and     gp, a6, a2
core   0: 3 0x8000b8cc (0x00c871b3) x 3 0x00000000
core   0: 0x8000b8d0 (0x00b2ad33) slt     s10, t0, a1
core   0: 3 0x8000b8d0 (0x00b2ad33) x26 0x00000001
core   0: 0x8000b8d4 (0x016fb7b3) sltu    a5, t6, s6
core   0: 3 0x8000b8d4 (0x016fb7b3) x15 0x00000001
core   0: 0x8000b8d8 (0x0ff0000f) fence   iorw,iorw
core   0: 3 0x8000b8d8 (0x0ff0000f)
core   0: 0x8000b8dc (0x8d777593) andi    a1, a4, -1833
core   0: 3 0x8000b8dc (0x8d777593) x11 0x00000002
core   0: 0x8000b8e0 (0x00700213) li      tp, 7
core   0: 3 0x8000b8e0 (0x00700213) x 4 0x00000007
core   0: 0x8000b8e4 (0x419c5fb3) sra     t6, s8, s9
core   0: 3 0x8000b8e4 (0x419c5fb3) x31 0x00000000
core   0: 0x8000b8e8 (0x40728db3) sub     s11, t0, t2
core   0: 3 0x8000b8e8 (0x40728db3) x27 0xfffffff9
core   0: 0x8000b8ec (0xffe40413) addi    s0, s0, -2
core   0: 3 0x8000b8ec (0xffe40413) x 8 0x00000007
core   0: 0x8000b8f0 (0x8d02e113) ori     sp, t0, -1840
core   0: 3 0x8000b8f0 (0x8d02e113) x 2 0xfffff8d0
core   0: 0x8000b8f4 (0x00a706b3) add     a3, a4, a0
core   0: 3 0x8000b8f4 (0x00a706b3) x13 0xa000048c
core   0: 0x8000b8f8 (0x013c2033) slt     zero, s8, s3
core   0: 3 0x8000b8f8 (0x013c2033)
core   0: 0x8000b8fc (0xfe4476e3) bgeu    s0, tp, pc - 20
core   0: 3 0x8000b8fc (0xfe4476e3)
core   0: 0x8000b8e8 (0x40728db3) sub     s11, t0, t2
core   0: 3 0x8000b8e8 (0x40728db3) x27 0xfffffff9
core   0: 0x8000b8ec (0xffe40413) addi    s0, s0, -2
core   0: 3 0x8000b8ec (0xffe40413) x 8 0x00000005
core   0: 0x8000b8f0 (0x8d02e113) ori     sp, t0, -1840
core   0: 3 0x8000b8f0 (0x8d02e113) x 2 0xfffff8d0
core   0: 0x8000b8f4 (0x00a706b3) add     a3, a4, a0
core   0: 3 0x8000b8f4 (0x00a706b3) x13 0xa000048c
core   0: 0x8000b8f8 (0x013c2033) slt     zero, s8, s3
core   0: 3 0x8000b8f8 (0x013c2033)
core   0: 0x8000b8fc (0xfe4476e3) bgeu    s0, tp, pc - 20
core   0: 3 0x8000b8fc (0xfe4476e3)
core   0: 0x8000b900 (0x0b384093) xori    ra, a6, 179
core   0: 3 0x8000b900 (0x0b384093) x 1 0x000000bb
core   0: 0x8000b904 (0x00500593) li      a1, 5
core   0: 3 0x8000b904 (0x00500593) x11 0x00000005
core   0: 0x8000b908 (0x0020cb33) xor     s6, ra, sp
core   0: 3 0x8000b908 (0x0020cb33) x22 0xfffff86b
core   0: 0x8000b90c (0x402bda13) srai    s4, s7, 2
core   0: 3 0x8000b90c (0x402bda13) x20 0xe000938a
core   0: 0x8000b910 (0x015190b3) sll     ra, gp, s5
core   0: 3 0x8000b910 (0x015190b3) x 1 0x00000000
core   0: 0x8000b914 (0x95d84d13) xori    s10, a6, -1699
core   0: 3 0x8000b914 (0x95d84d13) x26 0xfffff955
core   0: 0x8000b918 (0x4071deb3) sra     t4, gp, t2
core   0: 3 0x8000b918 (0x4071deb3) x29 0x00000000
core   0: 0x8000b91c (0x006daeb3) slt     t4, s11, t1
core   0: 3 0x8000b91c (0x006daeb3) x29 0x00000001
core   0: 0x8000b920 (0x0e0747b7) lui     a5, 0xe074
core   0: 3 0x8000b920 (0x0e0747b7) x15 0x0e074000
core   0: 0x8000b924 (0x00000013) nop
core   0: 3 0x8000b924 (0x00000013)
core   0: 0x8000b928 (0x00759c13) slli    s8, a1, 7
core   0: 3 0x8000b928 (0x00759c13) x24 0x00000280
core   0: 0x8000b92c (0x00600193) li      gp, 6
core   0: 3 0x8000b92c (0x00600193) x 3 0x00000006
core   0: 0x8000b930 (0x40cc0333) sub     t1, s8, a2
core   0: 3 0x8000b930 (0x40cc0333) x 6 0x00000280
core   0: 0x8000b934 (0x00000013) nop
core   0: 3 0x8000b934 (0x00000013)
core   0: 0x8000b938 (0xa9334293) xori    t0, t1, -1389
core   0: 3 0x8000b938 (0xa9334293) x 5 0xfffff813
core   0: 0x8000b93c (0x01fcae33) slt     t3, s9, t6
core   0: 3 0x8000b93c (0x01fcae33) x28 0x00000000
core   0: 0x8000b940 (0x66e14913) xori    s2, sp, 1646
core   0: 3 0x8000b940 (0x66e14913) x18 0xfffffebe
core   0: 0x8000b944 (0x00758593) addi    a1, a1, 7
core   0: 3 0x8000b944 (0x00758593) x11 0x0000000c
core   0: 0x8000b948 (0x017cd3b3) srl     t2, s9, s7
core   0: 3 0x8000b948 (0x017cd3b3) x 7 0x00000005
core   0: 0x8000b94c (0x0008b833) sltu    a6, a7, zero
core   0: 3 0x8000b94c (0x0008b833) x16 0x00000000
core   0: 0x8000b950 (0x0cf7e793) ori     a5, a5, 207
core   0: 3 0x8000b950 (0x0cf7e793) x15 0x0e0740cf
core   0: 0x8000b954 (0x017a1f33) sll     t5, s4, s7
core   0: 3 0x8000b954 (0x017a1f33) x30 0x00938a00
core   0: 0x8000b958 (0x40b4da13) srai    s4, s1, 11
core   0: 3 0x8000b958 (0x40b4da13) x20 0xfff00051
core   0: 0x8000b95c (0x9e230a13) addi    s4, t1, -1566
core   0: 3 0x8000b95c (0x9e230a13) x20 0xfffffc62
core   0: 0x8000b960 (0x40a35313) srai    t1, t1, 10
core   0: 3 0x8000b960 (0x40a35313) x 6 0x00000000
core   0: 0x8000b964 (0x016adb33) srl     s6, s5, s6
core   0: 3 0x8000b964 (0x016adb33) x22 0x001fb602
core   0: 0x8000b968 (0x0000100f) fence.i
core   0: 3 0x8000b968 (0x0000100f)
core   0: 0x8000b96c (0xfc35c8e3) blt     a1, gp, pc - 48
core   0: 3 0x8000b96c (0xfc35c8e3)
core   0: 0x8000b970 (0x00788133) add     sp, a7, t2
core   0: 3 0x8000b970 (0x00788133) x 2 0x00000008
core   0: 0x8000b974 (0xffc00713) li      a4, -4
core   0: 3 0x8000b974 (0xffc00713) x14 0xfffffffc
core   0: 0x8000b978 (0x8582a013) slti    zero, t0, -1960
core   0: 3 0x8000b978 (0x8582a013)
core   0: 0x8000b97c (0x01e6d133) srl     sp, a3, t5
core   0: 3 0x8000b97c (0x01e6d133) x 2 0xa000048c
core   0: 0x8000b980 (0x00064db3) xor     s11, a2, zero
core   0: 3 0x8000b980 (0x00064db3) x27 0x00000000
core   0: 0x8000b984 (0x01a8df13) srli    t5, a7, 26
core   0: 3 0x8000b984 (0x01a8df13) x30 0x00000000
core   0: 0x8000b988 (0x00540133) add     sp, s0, t0
core   0: 3 0x8000b988 (0x00540133) x 2 0xfffff818
core   0: 0x8000b98c (0x01dd5913) srli    s2, s10, 29
core   0: 3 0x8000b98c (0x01dd5913) x18 0x00000007
core   0: 0x8000b990 (0x0018dc93) srli    s9, a7, 1
core   0: 3 0x8000b990 (0x0018dc93) x25 0x00000001
core   0: 0x8000b994 (0xab2e8013) addi    zero, t4, -1358
core   0: 3 0x8000b994 (0xab2e8013)
core   0: 0x8000b998 (0xd9b5c793) xori    a5, a1, -613
core   0: 3 0x8000b998 (0xd9b5c793) x15 0xfffffd97
core   0: 0x8000b99c (0xfee00813) li      a6, -18
core   0: 3 0x8000b99c (0xfee00813) x16 0xffffffee
core   0: 0x8000b9a0 (0x99249097) auipc   ra, 0x99249
core   0: 3 0x8000b9a0 (0x99249097) x 1 0x192549a0
core   0: 0x8000b9a4 (0x01e24eb3) xor     t4, tp, t5
core   0: 3 0x8000b9a4 (0x01e24eb3) x29 0x00000007
core   0: 0x8000b9a8 (0x00036533) or      a0, t1, zero
core   0: 3 0x8000b9a8 (0x00036533) x10 0x00000000
core   0: 0x8000b9ac (0xe3f05037) lui     zero, 0xe3f05
core   0: 3 0x8000b9ac (0xe3f05037)
core   0: 0x8000b9b0 (0x0ff0000f) fence   iorw,iorw
core   0: 3 0x8000b9b0 (0x0ff0000f)
core   0: 0x8000b9b4 (0xff970713) addi    a4, a4, -7
core   0: 3 0x8000b9b4 (0xff970713) x14 0xfffffff5
core   0: 0x8000b9b8 (0x406f5093) srai    ra, t5, 6
core   0: 3 0x8000b9b8 (0x406f5093) x 1 0x00000000
core   0: 0x8000b9bc (0x01118db3) add     s11, gp, a7
core   0: 3 0x8000b9bc (0x01118db3) x27 0x00000009
core   0: 0x8000b9c0 (0x41c480b3) sub     ra, s1, t3
core   0: 3 0x8000b9c0 (0x41c480b3) x 1 0x80028ce4
core   0: 0x8000b9c4 (0x00b52e33) slt     t3, a0, a1
core   0: 3 0x8000b9c4 (0x00b52e33) x28 0x00000001
core   0: 0x8000b9c8 (0x01dc80b3) add     ra, s9, t4
core   0: 3 0x8000b9c8 (0x01dc80b3) x 1 0x00000008
core   0: 0x8000b9cc (0x00cb93b3) sll     t2, s7, a2
core   0: 3 0x8000b9cc (0x00cb93b3) x 7 0x80024e28
core   0: 0x8000b9d0 (0x41818433) sub     s0, gp, s8
core   0: 3 0x8000b9d0 (0x41818433) x 8 0xfffffd86
core   0: 0x8000b9d4 (0x40955d33) sra     s10, a0, s1
core   0: 3 0x8000b9d4 (0x40955d33) x26 0x00000000
core   0: 0x8000b9d8 (0xb71c7f93) andi    t6, s8, -1167
core   0: 3 0x8000b9d8 (0xb71c7f93) x31 0x00000200
core   0: 0x8000b9dc (0x00f44db3) xor     s11, s0, a5
core   0: 3 0x8000b9dc (0x00f44db3) x27 0x00000011
core   0: 0x8000b9e0 (0xb65b4c13) xori    s8, s6, -1179
core   0: 3 0x8000b9e0 (0xb65b4c13) x24 0xffe04d67
core   0: 0x8000b9e4 (0xfd0712e3) bne     a4, a6, pc - 60
core   0: 3 0x8000b9e4 (0xfd0712e3)
core   0: 0x8000b9a8 (0x00036533) or      a0, t1, zero
core   0: 3 0x8000b9a8 (0x00036533) x10 0x00000000
core   0: 0x8000b9ac (0xe3f05037) lui     zero, 0xe3f05
core   0: 3 0x8000b9ac (0xe3f05037)
core   0: 0x8000b9b0 (0x0ff0000f) fence   iorw,iorw
core   0: 3 0x8000b9b0 (0x0ff0000f)
core   0: 0x8000b9b4 (0xff970713) addi    a4, a4, -7
core   0: 3 0x8000b9b4 (0xff970713) x14 0xffffffee
core   0: 0x8000b9b8 (0x406f5093) srai    ra, t5, 6
core   0: 3 0x8000b9b8 (0x406f5093) x 1 0x00000000
core   0: 0x8000b9bc (0x01118db3) add     s11, gp, a7
core   0: 3 0x8000b9bc (0x01118db3) x27 0x00000009
core   0: 0x8000b9c0 (0x41c480b3) sub     ra, s1, t3
core   0: 3 0x8000b9c0 (0x41c480b3) x 1 0x80028ce3
core   0: 0x8000b9c4 (0x00b52e33) slt     t3, a0, a1
core   0: 3 0x8000b9c4 (0x00b52e33) x28 0x00000001
core   0: 0x8000b9c8 (0x01dc80b3) add     ra, s9, t4
core   0: 3 0x8000b9c8 (0x01dc80b3) x 1 0x00000008
core   0: 0x8000b9cc (0x00cb93b3) sll     t2, s7, a2
core   0: 3 0x8000b9cc (0x00cb93b3) x 7 0x80024e28
core   0: 0x8000b9d0 (0x41818433) sub     s0, gp, s8
core   0: 3 0x8000b9d0 (0x41818433) x 8 0x001fb29f
core   0: 0x8000b9d4 (0x40955d33) sra     s10, a0, s1
core   0: 3 0x8000b9d4 (0x40955d33) x26 0x00000000
core   0: 0x8000b9d8 (0xb71c7f93) andi    t6, s8, -1167
core   0: 3 0x8000b9d8 (0xb71c7f93) x31 0xffe04961
core   0: 0x8000b9dc (0x00f44db3) xor     s11, s0, a5
core   0: 3 0x8000b9dc (0x00f44db3) x27 0xffe04f08
core   0: 0x8000b9e0 (0xb65b4c13) xori    s8, s6, -1179
core   0: 3 0x8000b9e0 (0xb65b4c13) x24 0xffe04d67
core   0: 0x8000b9e4 (0xfd0712e3) bne     a4, a6, pc - 60
core   0: 3 0x8000b9e4 (0xfd0712e3)
core   0: 0x8000b9e8 (0x33be9eb7) lui     t4, 0x33be9
core   0: 3 0x8000b9e8 (0x33be9eb7) x29 0x33be9000
core   0: 0x8000b9ec (0x00500193) li      gp, 5
core   0: 3 0x8000b9ec (0x00500193) x 3 0x00000005
core   0: 0x8000b9f0 (0x5101e793) ori     a5, gp, 1296
core   0: 3 0x8000b9f0 (0x5101e793) x15 0x00000515
core   0: 0x8000b9f4 (0x186a6f13) ori     t5, s4, 390
core   0: 3 0x8000b9f4 (0x186a6f13) x30 0xfffffde6
core   0: 0x8000b9f8 (0x00bf6eb3) or      t4, t5, a1
core   0: 3 0x8000b9f8 (0x00bf6eb3) x29 0xfffffdee
core   0: 0x8000b9fc (0x419dd813) srai    a6, s11, 25
core   0: 3 0x8000b9fc (0x419dd813) x16 0xffffffff
core   0: 0x8000ba00 (0x850f9c17) auipc   s8, 0x850f9
core   0: 3 0x8000ba00 (0x850f9c17) x24 0x05104a00
core   0: 0x8000ba04 (0x0ff0000f) fence   iorw,iorw
core   0: 3 0x8000ba04 (0x0ff0000f)
core   0: 0x8000ba08 (0x8d9b6793) ori     a5, s6, -1831
core   0: 3 0x8000ba08 (0x8d9b6793) x15 0xfffffedb
core   0: 0x8000ba0c (0x12c90297) auipc   t0, 0x12c90
core   0: 3 0x8000ba0c (0x12c90297) x 5 0x92c9ba0c
core   0: 0x8000ba10 (0x003233b3) sltu    t2, tp, gp
core   0: 3 0x8000ba10 (0x003233b3) x 7 0x00000000
core   0: 0x8000ba14 (0x00500a13) li      s4, 5
core   0: 3 0x8000ba14 (0x00500a13) x20 0x00000005
core   0: 0x8000ba18 (0x40ead513) srai    a0, s5, 14
core   0: 3 0x8000ba18 (0x40ead513) x10 0xfffff6c0
core   0: 0x8000ba1c (0xbf6d92b7) lui     t0, 0xbf6d9
core   0: 3 0x8000ba1c (0xbf6d92b7) x 5 0xbf6d9000
core   0: 0x8000ba20 (0x120df817) auipc   a6, 0x120df
core   0: 3 0x8000ba20 (0x120df817) x16 0x920eaa20
core   0: 0x8000ba24 (0x00221f93) slli    t6, tp, 2
core   0: 3 0x8000ba24 (0x00221f93) x31 0x0000001c
core   0: 0x8000ba28 (0x00000013) nop
core   0: 3 0x8000ba28 (0x00000013)
core   0: 0x8000ba2c (0x0000100f) fence.i
core   0: 3 0x8000ba2c (0x0000100f)
core   0: 0x8000ba30 (0x018b29b3) slt     s3, s6, s8
core   0: 3 0x8000ba30 (0x018b29b3) x19 0x00000001
core   0: 0x8000ba34 (0x00a3f633) and     a2, t2, a0
core   0: 3 0x8000ba34 (0x00a3f633) x12 0x00000000
core   0: 0x8000ba38 (0x0000100f) fence.i
core   0: 3 0x8000ba38 (0x0000100f)
core   0: 0x8000ba3c (0xe6b02993) slti    s3, zero, -405
core   0: 3 0x8000ba3c (0xe6b02993) x19 0x00000000
core   0: 0x8000ba40 (0x73d0cb17) auipc   s6, 0x73d0c
core   0: 3 0x8000ba40 (0x73d0cb17) x22 0xf3d17a40
core   0: 0x8000ba44 (0xe674cb13) xori    s6, s1, -409
core   0: 3 0x8000ba44 (0xe674cb13) x22 0x7ffd7283
core   0: 0x8000ba48 (0xffa18193) addi    gp, gp, -6
core   0: 3 0x8000ba48 (0xffa18193) x 3 0xffffffff
core   0: 0x8000ba4c (0x011e79b3) and     s3, t3, a7
core   0: 3 0x8000ba4c (0x011e79b3) x19 0x00000001
core   0: 0x8000ba50 (0x40f55233) sra     tp, a0, a5
core   0: 3 0x8000ba50 (0x40f55233) x 4 0xffffffff
core   0: 0x8000ba54 (0x5d39fe13) andi    t3, s3, 1491
core   0: 3 0x8000ba54 (0x5d39fe13) x28 0x00000001
core   0: 0x8000ba58 (0xfd41dee3) bge     gp, s4, pc - 36
core   0: 3 0x8000ba58 (0xfd41dee3)
core   0: 0x8000ba5c (0xd7d4cc37) lui     s8, 0xd7d4c
core   0: 3 0x8000ba5c (0xd7d4cc37) x24 0xd7d4c000
core   0: 0x8000ba60 (0xffe00313) li      t1, -2
core   0: 3 0x8000ba60 (0xffe00313) x 6 0xfffffffe
core   0: 0x8000ba64 (0xffb00e93) li      t4, -5
core   0: 3 0x8000ba64 (0xffb00e93) x29 0xfffffffb
core   0: 0x8000ba68 (0x6001b237) lui     tp, 0x6001b
core   0: 3 0x8000ba68 (0x6001b237) x 4 0x6001b000
core   0: 0x8000ba6c (0xff630313) addi    t1, t1, -10
core   0: 3 0x8000ba6c (0xff630313) x 6 0xfffffff4
core   0: 0x8000ba70 (0x00200693) li      a3, 2
core   0: 3 0x8000ba70 (0x00200693) x13 0x00000002
core   0: 0x8000ba74 (0x0000100f) fence.i
core   0: 3 0x8000ba74 (0x0000100f)
core   0: 0x8000ba78 (0xfee00d93) li      s11, -18
core   0: 3 0x8000ba78 (0xfee00d93) x27 0xffffffee
core   0: 0x8000ba7c (0x4b9dc413) xori    s0, s11, 1209
core   0: 3 0x8000ba7c (0x4b9dc413) x 8 0xfffffb57
core   0: 0x8000ba80 (0xffb68693) addi    a3, a3, -5
core   0: 3 0x8000ba80 (0xffb68693) x13 0xfffffffd
core   0: 0x8000ba84 (0xffb68ce3) beq     a3, s11, pc - 8
core   0: 3 0x8000ba84 (0xffb68ce3)
core   0: 0x8000ba88 (0xffd350e3) bge     t1, t4, pc - 32
core   0: 3 0x8000ba88 (0xffd350e3)
core   0: 0x8000ba8c (0x00aff133) and     sp, t6, a0
core   0: 3 0x8000ba8c (0x00aff133) x 2 0x00000000
core   0: 0x8000ba90 (0xfff00d93) li      s11, -1
core   0: 3 0x8000ba90 (0xfff00d93) x27 0xffffffff
core   0: 0x8000ba94 (0x00500d13) li      s10, 5
core   0: 3 0x8000ba94 (0x00500d13) x26 0x00000005
core   0: 0x8000ba98 (0x004dc1b3) xor     gp, s11, tp
core   0: 3 0x8000ba98 (0x004dc1b3) x 3 0x9ffe4fff
core   0: 0x8000ba9c (0x7dcbb893) sltiu   a7, s7, 2012
core   0: 3 0x8000ba9c (0x7dcbb893) x17 0x00000000
core   0: 0x8000baa0 (0x00000013) nop
core   0: 3 0x8000baa0 (0x00000013)
core   0: 0x8000baa4 (0x402fd9b3) sra     s3, t6, sp
core   0: 3 0x8000baa4 (0x402fd9b3) x19 0x0000001c
core   0: 0x8000baa8 (0x00b81533) sll     a0, a6, a1
core   0: 3 0x8000baa8 (0x00b81533) x10 0xeaa20000
core   0: 0x8000baac (0xd7964593) xori    a1, a2, -647
core   0: 3 0x8000baac (0xd7964593) x11 0xfffffd79
core   0: 0x8000bab0 (0x6ea54413) xori    s0, a0, 1770
core   0: 3 0x8000bab0 (0x6ea54413) x 8 0xeaa206ea
core   0: 0x8000bab4 (0x01452c33) slt     s8, a0, s4
core   0: 3 0x8000bab4 (0x01452c33) x24 0x00000001
core   0: 0x8000bab8 (0x008d8d93) addi    s11, s11, 8
core   0: 3 0x8000bab8 (0x008d8d93) x27 0x00000007
core   0: 0x8000babc (0x0111c933) xor     s2, gp, a7
core   0: 3 0x8000babc (0x0111c933) x18 0x9ffe4fff
core   0: 0x8000bac0 (0x729b8a13) addi    s4, s7, 1833
core   0: 3 0x8000bac0 (0x729b8a13) x20 0x80025551
core   0: 0x8000bac4 (0x012d5c13) srli    s8, s10, 18
core   0: 3 0x8000bac4 (0x012d5c13) x24 0x00000000
core   0: 0x8000bac8 (0xfdadece3) bltu    s11, s10, pc - 40
core   0: 3 0x8000bac8 (0xfdadece3)
core   0: 0x8000bacc (0x012e1c13) slli    s8, t3, 18
core   0: 3 0x8000bacc (0x012e1c13) x24 0x00040000
core   0: 0x8000bad0 (0xff900693) li      a3, -7
core   0: 3 0x8000bad0 (0xff900693) x13 0xfffffff9
core   0: 0x8000bad4 (0x0035e133) or      sp, a1, gp
core   0: 3 0x8000bad4 (0x0035e133) x 2 0xffffffff
core   0: 0x8000bad8 (0x64b0e893) ori     a7, ra, 1611
core   0: 3 0x8000bad8 (0x64b0e893) x17 0x0000064b
core   0: 0x8000badc (0x404a5e33) sra     t3, s4, tp
core   0: 3 0x8000badc (0x404a5e33) x28 0x80025551
core   0: 0x8000bae0 (0x68423a13) sltiu   s4, tp, 1668
core   0: 3 0x8000bae0 (0x68423a13) x20 0x00000000
core   0: 0x8000bae4 (0x01731c13) slli    s8, t1, 23
core   0: 3 0x8000bae4 (0x01731c13) x24 0xfa000000
core   0: 0x8000bae8 (0x11b1e613) ori     a2, gp, 283
core   0: 3 0x8000bae8 (0x11b1e613) x12 0x9ffe4fff
core   0: 0x8000baec (0x85c98193) addi    gp, s3, -1956
core   0: 3 0x8000baec (0x85c98193) x 3 0xfffff878
core   0: 0x8000baf0 (0x4eb58593) addi    a1, a1, 1259
core   0: 3 0x8000baf0 (0x4eb58593) x11 0x00000264
core   0: 0x8000baf4 (0x00d00813) li      a6, 13
core   0: 3 0x8000baf4 (0x00d00813) x16 0x0000000d
core   0: 0x8000baf8 (0x0043aeb3) slt     t4, t2, tp
core   0: 3 0x8000baf8 (0x0043aeb3) x29 0x00000001
core   0: 0x8000bafc (0x01234cb3) xor     s9, t1, s2
core   0: 3 0x8000bafc (0x01234cb3) x25 0x6001b00b
core   0: 0x8000bb00 (0x00512e33) slt     t3, sp, t0
core   0: 3 0x8000bb00 (0x00512e33) x28 0x00000000
core   0: 0x8000bb04 (0x01b3d433) srl     s0, t2, s11
core   0: 3 0x8000bb04 (0x01b3d433) x 8 0x00000000
core   0: 0x8000bb08 (0xd46abe93) sltiu   t4, s5, -698
core   0: 3 0x8000bb08 (0xd46abe93) x29 0x00000001
core   0: 0x8000bb0c (0x01463d33) sltu    s10, a2, s4
core   0: 3 0x8000bb0c (0x01463d33) x26 0x00000000
core   0: 0x8000bb10 (0x4017d213) srai    tp, a5, 1
core   0: 3 0x8000bb10 (0x4017d213) x 4 0xffffff6d
core   0: 0x8000bb14 (0x4150da33) sra     s4, ra, s5
core   0: 3 0x8000bb14 (0x4150da33) x20 0x00000000
core   0: 0x8000bb18 (0x00468693) addi    a3, a3, 4
core   0: 3 0x8000bb18 (0x00468693) x13 0xfffffffd
core   0: 0x8000bb1c (0x00abc3b3) xor     t2, s7, a0
core   0: 3 0x8000bb1c (0x00abc3b3) x 7 0x6aa04e28
core   0: 0x8000bb20 (0x0065e333) or      t1, a1, t1
core   0: 3 0x8000bb20 (0x0065e333) x 6 0xfffffff4
core   0: 0x8000bb24 (0x009c0fb3) add     t6, s8, s1
core   0: 3 0x8000bb24 (0x009c0fb3) x31 0x7a028ce4
core   0: 0x8000bb28 (0x4165d113) srai    sp, a1, 22
core   0: 3 0x8000bb28 (0x4165d113) x 2 0x00000000
core   0: 0x8000bb2c (0x85440213) addi    tp, s0, -1964
core   0: 3 0x8000bb2c (0x85440213) x 4 0xfffff854
core   0: 0x8000bb30 (0x00bb5cb3) srl     s9, s6, a1
core   0: 3 0x8000bb30 (0x00bb5cb3) x25 0x07ffd728
core   0: 0x8000bb34 (0x4129d733) sra     a4, s3, s2
core   0: 3 0x8000bb34 (0x4129d733) x14 0x00000000
core   0: 0x8000bb38 (0xfd069ae3) bne     a3, a6, pc - 44
core   0: 3 0x8000bb38 (0xfd069ae3)
core   0: 0x8000bb0c (0x01463d33) sltu    s10, a2, s4
core   0: 3 0x8000bb0c (0x01463d33) x26 0x00000000
core   0: 0x8000bb10 (0x4017d213) srai    tp, a5, 1
core   0: 3 0x8000bb10 (0x4017d213) x 4 0xffffff6d
core   0: 0x8000bb14 (0x4150da33) sra     s4, ra, s5
core   0: 3 0x8000bb14 (0x4150da33) x20 0x00000000
core   0: 0x8000bb18 (0x00468693) addi    a3, a3, 4
core   0: 3 0x8000bb18 (0x00468693) x13 0x00000001
core   0: 0x8000bb1c (0x00abc3b3) xor     t2, s7, a0
core   0: 3 0x8000bb1c (0x00abc3b3) x 7 0x6aa04e28
core   0: 0x8000bb20 (0x0065e333) or      t1, a1, t1
core   0: 3 0x8000bb20 (0x0065e333) x 6 0xfffffff4
core   0: 0x8000bb24 (0x009c0fb3) add     t6, s8, s1
core   0: 3 0x8000bb24 (0x009c0fb3) x31 0x7a028ce4
core   0: 0x8000bb28 (0x4165d113) srai    sp, a1, 22
core   0: 3 0x8000bb28 (0x4165d113) x 2 0x00000000
core   0: 0x8000bb2c (0x85440213) addi    tp, s0, -1964
core   0: 3 0x8000bb2c (0x85440213) x 4 0xfffff854
core   0: 0x8000bb30 (0x00bb5cb3) srl     s9, s6, a1
core   0: 3 0x8000bb30 (0x00bb5cb3) x25 0x07ffd728
core   0: 0x8000bb34 (0x4129d733) sra     a4, s3, s2
core   0: 3 0x8000bb34 (0x4129d733) x14 0x00000000
core   0: 0x8000bb38 (0xfd069ae3) bne     a3, a6, pc - 44
core   0: 3 0x8000bb38 (0xfd069ae3)
core   0: 0x8000bb0c (0x01463d33) sltu    s10, a2, s4
core   0: 3 0x8000bb0c (0x01463d33) x26 0x00000000
core   0: 0x8000bb10 (0x4017d213) srai    tp, a5, 1
core   0: 3 0x8000bb10 (0x4017d213) x 4 0xffffff6d
core   0: 0x8000bb14 (0x4150da33) sra     s4, ra, s5
core   0: 3 0x8000bb14 (0x4150da33) x20 0x00000000
core   0: 0x8000bb18 (0x00468693) addi    a3, a3, 4
core   0: 3 0x8000bb18 (0x00468693) x13 0x00000005
core   0: 0x8000bb1c (0x00abc3b3) xor     t2, s7, a0
core   0: 3 0x8000bb1c (0x00abc3b3) x 7 0x6aa04e28
core   0: 0x8000bb20 (0x0065e333) or      t1, a1, t1
core   0: 3 0x8000bb20 (0x0065e333) x 6 0xfffffff4
core   0: 0x8000bb24 (0x009c0fb3) add     t6, s8, s1
core   0: 3 0x8000bb24 (0x009c0fb3) x31 0x7a028ce4
core   0: 0x8000bb28 (0x4165d113) srai    sp, a1, 22
core   0: 3 0x8000bb28 (0x4165d113) x 2 0x00000000
core   0: 0x8000bb2c (0x85440213) addi    tp, s0, -1964
core   0: 3 0x8000bb2c (0x85440213) x 4 0xfffff854
core   0: 0x8000bb30 (0x00bb5cb3) srl     s9, s6, a1
core   0: 3 0x8000bb30 (0x00bb5cb3) x25 0x07ffd728
core   0: 0x8000bb34 (0x4129d733) sra     a4, s3, s2
core   0: 3 0x8000bb34 (0x4129d733) x14 0x00000000
core   0: 0x8000bb38 (0xfd069ae3) bne     a3, a6, pc - 44
core   0: 3 0x8000bb38 (0xfd069ae3)
core   0: 0x8000bb0c (0x01463d33) sltu    s10, a2, s4
core   0: 3 0x8000bb0c (0x01463d33) x26 0x00000000
core   0: 0x8000bb10 (0x4017d213) srai    tp, a5, 1
core   0: 3 0x8000bb10 (0x4017d213) x 4 0xffffff6d
core   0: 0x8000bb14 (0x4150da33) sra     s4, ra, s5
core   0: 3 0x8000bb14 (0x4150da33) x20 0x00000000
core   0: 0x8000bb18 (0x00468693) addi    a3, a3, 4
core   0: 3 0x8000bb18 (0x00468693) x13 0x00000009
core   0: 0x8000bb1c (0x00abc3b3) xor     t2, s7, a0
core   0: 3 0x8000bb1c (0x00abc3b3) x 7 0x6aa04e28
core   0: 0x8000bb20 (0x0065e333) or      t1, a1, t1
core   0: 3 0x8000bb20 (0x0065e333) x 6 0xfffffff4
core   0: 0x8000bb24 (0x009c0fb3) add     t6, s8, s1
core   0: 3 0x8000bb24 (0x009c0fb3) x31 0x7a028ce4
core   0: 0x8000bb28 (0x4165d113) srai    sp, a1, 22
core   0: 3 0x8000bb28 (0x4165d113) x 2 0x00000000
core   0: 0x8000bb2c (0x85440213) addi    tp, s0, -1964
core   0: 3 0x8000bb2c (0x85440213) x 4 0xfffff854
core   0: 0x8000bb30 (0x00bb5cb3) srl     s9, s6, a1
core   0: 3 0x8000bb30 (0x00bb5cb3) x25 0x07ffd728
core   0: 0x8000bb34 (0x4129d733) sra     a4, s3, s2
core   0: 3 0x8000bb34 (0x4129d733) x14 0x00000000
core   0: 0x8000bb38 (0xfd069ae3) bne     a3, a6, pc - 44
core   0: 3 0x8000bb38 (0xfd069ae3)
core   0: 0x8000bb0c (0x01463d33) sltu    s10, a2, s4
core   0: 3 0x8000bb0c (0x01463d33) x26 0x00000000
core   0: 0x8000bb10 (0x4017d213) srai    tp, a5, 1
core   0: 3 0x8000bb10 (0x4017d213) x 4 0xffffff6d
core   0: 0x8000bb14 (0x4150da33) sra     s4, ra, s5
core   0: 3 0x8000bb14 (0x4150da33) x20 0x00000000
core   0: 0x8000bb18 (0x00468693) addi    a3, a3, 4
core   0: 3 0x8000bb18 (0x00468693) x13 0x0000000d
core   0: 0x8000bb1c (0x00abc3b3) xor     t2, s7, a0
core   0: 3 0x8000bb1c (0x00abc3b3) x 7 0x6aa04e28
core   0: 0x8000bb20 (0x0065e333) or      t1, a1, t1
core   0: 3 0x8000bb20 (0x0065e333) x 6 0xfffffff4
core   0: 0x8000bb24 (0x009c0fb3) add     t6, s8, s1
core   0: 3 0x8000bb24 (0x009c0fb3) x31 0x7a028ce4
core   0: 0x8000bb28 (0x4165d113) srai    sp, a1, 22
core   0: 3 0x8000bb28 (0x4165d113) x 2 0x00000000
core   0: 0x8000bb2c (0x85440213) addi    tp, s0, -1964
core   0: 3 0x8000bb2c (0x85440213) x 4 0xfffff854
core   0: 0x8000bb30 (0x00bb5cb3) srl     s9, s6, a1
core   0: 3 0x8000bb30 (0x00bb5cb3) x25 0x07ffd728
core   0: 0x8000bb34 (0x4129d733) sra     a4, s3, s2
core   0: 3 0x8000bb34 (0x4129d733) x14 0x00000000
core   0: 0x8000bb38 (0xfd069ae3) bne     a3, a6, pc - 44
core   0: 3 0x8000bb38 (0xfd069ae3)
core   0: 0x8000bb3c (0xf9b3e993) ori     s3, t2, -101
core   0: 3 0x8000bb3c (0xf9b3e993) x19 0xffffffbb
core   0: 0x8000bb40 (0x00200693) li      a3, 2
core   0: 3 0x8000bb40 (0x00200693) x13 0x00000002
core   0: 0x8000bb44 (0x012a8fb3) add     t6, s5, s2
core   0: 3 0x8000bb44 (0x012a8fb3) x31 0x9dae62ba
core   0: 0x8000bb48 (0x000e8a33) add     s4, t4, zero
core   0: 3 0x8000bb48 (0x000e8a33) x20 0x00000001
core   0: 0x8000bb4c (0xe3b56f13) ori     t5, a0, -453
core   0: 3 0x8000bb4c (0xe3b56f13) x30 0xfffffe3b
core   0: 0x8000bb50 (0x00610c33) add     s8, sp, t1
core   0: 3 0x8000bb50 (0x00610c33) x24 0xfffffff4
core   0: 0x8000bb54 (0x01abd2b3) srl     t0, s7, s10
core   0: 3 0x8000bb54 (0x01abd2b3) x 5 0x80024e28
core   0: 0x8000bb58 (0x7a988713) addi    a4, a7, 1961
core   0: 3 0x8000bb58 (0x7a988713) x14 0x00000df4
core   0: 0x8000bb5c (0x00700893) li      a7, 7
core   0: 3 0x8000bb5c (0x00700893) x17 0x00000007
core   0: 0x8000bb60 (0x002d2533) slt     a0, s10, sp
core   0: 3 0x8000bb60 (0x002d2533) x10 0x00000000
core   0: 0x8000bb64 (0x8d93cd13) xori    s10, t2, -1831
core   0: 3 0x8000bb64 (0x8d93cd13) x26 0x955fb6f1
core   0: 0x8000bb68 (0x019420b3) slt     ra, s0, s9
core   0: 3 0x8000bb68 (0x019420b3) x 1 0x00000001
core   0: 0x8000bb6c (0x01d5e833) or      a6, a1, t4
core   0: 3 0x8000bb6c (0x01d5e833) x16 0x00000265
core   0: 0x8000bb70 (0x6e6edf37) lui     t5, 0x6e6ed
core   0: 3 0x8000bb70 (0x6e6edf37) x30 0x6e6ed000
core   0: 0x8000bb74 (0x0000100f) fence.i
core   0: 3 0x8000bb74 (0x0000100f)
core   0: 0x8000bb78 (0x00168693) addi    a3, a3, 1
core   0: 3 0x8000bb78 (0x00168693) x13 0x00000003
core   0: 0x8000bb7c (0x01b7fe33) and     t3, a5, s11
core   0: 3 0x8000bb7c (0x01b7fe33) x28 0x00000003
core   0: 0x8000bb80 (0xbbc9be93) sltiu   t4, s3, -1092
core   0: 3 0x8000bb80 (0xbbc9be93) x29 0x00000000
core   0: 0x8000bb84 (0x01f09eb3) sll     t4, ra, t6
core   0: 3 0x8000bb84 (0x01f09eb3) x29 0x04000000
core   0: 0x8000bb88 (0xc9ace0b7) lui     ra, 0xc9ace
core   0: 3 0x8000bb88 (0xc9ace0b7) x 1 0xc9ace000
core   0: 0x8000bb8c (0x404703b3) sub     t2, a4, tp
core   0: 3 0x8000bb8c (0x404703b3) x 7 0x000015a0
core   0: 0x8000bb90 (0x0086ed33) or      s10, a3, s0
core   0: 3 0x8000bb90 (0x0086ed33) x26 0x00000003
core   0: 0x8000bb94 (0xfd168ae3) beq     a3, a7, pc - 44
core   0: 3 0x8000bb94 (0xfd168ae3)
core   0: 0x8000bb98 (0x003cb133) sltu    sp, s9, gp
core   0: 3 0x8000bb98 (0x003cb133) x 2 0x00000001
core   0: 0x8000bb9c (0x00200413) li      s0, 2
core   0: 3 0x8000bb9c (0x00200413) x 8 0x00000002
core   0: 0x8000bba0 (0xb2a27c13) andi    s8, tp, -1238
core   0: 3 0x8000bba0 (0xb2a27c13) x24 0xfffff800
core   0: 0x8000bba4 (0x00519c13) slli    s8, gp, 5
core   0: 3 0x8000bba4 (0x00519c13) x24 0xffff0f00
core   0: 0x8000bba8 (0x0186e0b3) or      ra, a3, s8
core   0: 3 0x8000bba8 (0x0186e0b3) x 1 0xffff0f03
core   0: 0x8000bbac (0x00000013) nop
core   0: 3 0x8000bbac (0x00000013)
core   0: 0x8000bbb0 (0x00a73c33) sltu    s8, a4, a0
core   0: 3 0x8000bbb0 (0x00a73c33) x24 0x00000000
core   0: 0x8000bbb4 (0xff500e13) li      t3, -11
core   0: 3 0x8000bbb4 (0xff500e13) x28 0xfffffff5
core   0: 0x8000bbb8 (0x00a8b0b3) sltu    ra, a7, a0
core   0: 3 0x8000bbb8 (0x00a8b0b3) x 1 0x00000000
core   0: 0x8000bbbc (0x01643333) sltu    t1, s0, s6
core   0: 3 0x8000bbbc (0x01643333) x 6 0x00000001
core   0: 0x8000bbc0 (0x00519a33) sll     s4, gp, t0
core   0: 3 0x8000bbc0 (0x00519a33) x20 0xfff87800
core   0: 0x8000bbc4 (0x00dc3933) sltu    s2, s8, a3
core   0: 3 0x8000bbc4 (0x00dc3933) x18 0x00000001
core   0: 0x8000bbc8 (0x01992eb3) slt     t4, s2, s9
core   0: 3 0x8000bbc8 (0x01992eb3) x29 0x00000001
core   0: 0x8000bbcc (0xffc40413) addi    s0, s0, -4
core   0: 3 0x8000bbcc (0xffc40413) x 8 0xfffffffe
core   0: 0x8000bbd0 (0x00800593) li      a1, 8
core   0: 3 0x8000bbd0 (0x00800593) x11 0x00000008
core   0: 0x8000bbd4 (0x001cdb33) srl     s6, s9, ra
core   0: 3 0x8000bbd4 (0x001cdb33) x22 0x07ffd728
core   0: 0x8000bbd8 (0x0000100f) fence.i
core   0: 3 0x8000bbd8 (0x0000100f)
core   0: 0x8000bbdc (0x00600193) li      gp, 6
core   0: 3 0x8000bbdc (0x00600193) x 3 0x00000006
core   0: 0x8000bbe0 (0x40ea53b3) sra     t2, s4, a4
core   0: 3 0x8000bbe0 (0x40ea53b3) x 7 0xffffffff
core   0: 0x8000bbe4 (0x01b5efb3) or      t6, a1, s11
core   0: 3 0x8000bbe4 (0x01b5efb3) x31 0x0000000f
core   0: 0x8000bbe8 (0x549f8913) addi    s2, t6, 1353
core   0: 3 0x8000bbe8 (0x549f8913) x18 0x00000558
core   0: 0x8000bbec (0x41865393) srai    t2, a2, 24
core   0: 3 0x8000bbec (0x41865393) x 7 0xffffff9f
core   0: 0x8000bbf0 (0x01463eb3) sltu    t4, a2, s4
core   0: 3 0x8000bbf0 (0x01463eb3) x29 0x00000001
core   0: 0x8000bbf4 (0xffb58593) addi    a1, a1, -5
core   0: 3 0x8000bbf4 (0xffb58593) x11 0x00000003
core   0: 0x8000bbf8 (0x00000013) nop
core   0: 3 0x8000bbf8 (0x00000013)
core   0: 0x8000bbfc (0x55bb6113) ori     sp, s6, 1371
core   0: 3 0x8000bbfc (0x55bb6113) x 2 0x07ffd77b
core   0: 0x8000bc00 (0xfe35f2e3) bgeu    a1, gp, pc - 28
core   0: 3 0x8000bc00 (0xfe35f2e3)
core   0: 0x8000bc04 (0x00ca98b3) sll     a7, s5, a2
core   0: 3 0x8000bc04 (0x00ca98b3) x17 0x80000000
core   0: 0x8000bc08 (0xb66fb793) sltiu   a5, t6, -1178
core   0: 3 0x8000bc08 (0xb66fb793) x15 0x00000001
core   0: 0x8000bc0c (0xfbc45ce3) bge     s0, t3, pc - 72
core   0: 3 0x8000bc0c (0xfbc45ce3)
core   0: 0x8000bbc4 (0x00dc3933) sltu    s2, s8, a3
core   0: 3 0x8000bbc4 (0x00dc3933) x18 0x00000001
core   0: 0x8000bbc8 (0x01992eb3) slt     t4, s2, s9
core   0: 3 0x8000bbc8 (0x01992eb3) x29 0x00000001
core   0: 0x8000bbcc (0xffc40413) addi    s0, s0, -4
core   0: 3 0x8000bbcc (0xffc40413) x 8 0xfffffffa
core   0: 0x8000bbd0 (0x00800593) li      a1, 8
core   0: 3 0x8000bbd0 (0x00800593) x11 0x00000008
core   0: 0x8000bbd4 (0x001cdb33) srl     s6, s9, ra
core   0: 3 0x8000bbd4 (0x001cdb33) x22 0x07ffd728
core   0: 0x8000bbd8 (0x0000100f) fence.i
core   0: 3 0x8000bbd8 (0x0000100f)
core   0: 0x8000bbdc (0x00600193) li      gp, 6
core   0: 3 0x8000bbdc (0x00600193) x 3 0x00000006
core   0: 0x8000bbe0 (0x40ea53b3) sra     t2, s4, a4
core   0: 3 0x8000bbe0 (0x40ea53b3) x 7 0xffffffff
core   0: 0x8000bbe4 (0x01b5efb3) or      t6, a1, s11
core   0: 3 0x8000bbe4 (0x01b5efb3) x31 0x0000000f
core   0: 0x8000bbe8 (0x549f8913) addi    s2, t6, 1353
core   0: 3 0x8000bbe8 (0x549f8913) x18 0x00000558
core   0: 0x8000bbec (0x41865393) srai    t2, a2, 24
core   0: 3 0x8000bbec (0x41865393) x 7 0xffffff9f
core   0: 0x8000bbf0 (0x01463eb3) sltu    t4, a2, s4
core   0: 3 0x8000bbf0 (0x01463eb3) x29 0x00000001
core   0: 0x8000bbf4 (0xffb58593) addi    a1, a1, -5
core   0: 3 0x8000bbf4 (0xffb58593) x11 0x00000003
core   0: 0x8000bbf8 (0x00000013) nop
core   0: 3 0x8000bbf8 (0x00000013)
core   0: 0x8000bbfc (0x55bb6113) ori     sp, s6, 1371
core   0: 3 0x8000bbfc (0x55bb6113) x 2 0x07ffd77b
core   0: 0x8000bc00 (0xfe35f2e3) bgeu    a1, gp, pc - 28
core   0: 3 0x8000bc00 (0xfe35f2e3)
core   0: 0x8000bc04 (0x00ca98b3) sll     a7, s5, a2
core   0: 3 0x8000bc04 (0x00ca98b3) x17 0x80000000
core   0: 0x8000bc08 (0xb66fb793) sltiu   a5, t6, -1178
core   0: 3 0x8000bc08 (0xb66fb793) x15 0x00000001
core   0: 0x8000bc0c (0xfbc45ce3) bge     s0, t3, pc - 72
core   0: 3 0x8000bc0c (0xfbc45ce3)
core   0: 0x8000bbc4 (0x00dc3933) sltu    s2, s8, a3
core   0: 3 0x8000bbc4 (0x00dc3933) x18 0x00000001
core   0: 0x8000bbc8 (0x01992eb3) slt     t4, s2, s9
core   0: 3 0x8000bbc8 (0x01992eb3) x29 0x00000001
core   0: 0x8000bbcc (0xffc40413) addi    s0, s0, -4
core   0: 3 0x8000bbcc (0xffc40413) x 8 0xfffffff6
core   0: 0x8000bbd0 (0x00800593) li      a1, 8
core   0: 3 0x8000bbd0 (0x00800593) x11 0x00000008
core   0: 0x8000bbd4 (0x001cdb33) srl     s6, s9, ra
core   0: 3 0x8000bbd4 (0x001cdb33) x22 0x07ffd728
core   0: 0x8000bbd8 (0x0000100f) fence.i
core   0: 3 0x8000bbd8 (0x0000100f)
core   0: 0x8000bbdc (0x00600193) li      gp, 6
core   0: 3 0x8000bbdc (0x00600193) x 3 0x00000006
core   0: 0x8000bbe0 (0x40ea53b3) sra     t2, s4, a4
core   0: 3 0x8000bbe0 (0x40ea53b3) x 7 0xffffffff
core   0: 0x8000bbe4 (0x01b5efb3) or      t6, a1, s11
core   0: 3 0x8000bbe4 (0x01b5efb3) x31 0x0000000f
core   0: 0x8000bbe8 (0x549f8913) addi    s2, t6, 1353
core   0: 3 0x8000bbe8 (0x549f8913) x18 0x00000558
core   0: 0x8000bbec (0x41865393) srai    t2, a2, 24
core   0: 3 0x8000bbec (0x41865393) x 7 0xffffff9f
core   0: 0x8000bbf0 (0x01463eb3) sltu    t4, a2, s4
core   0: 3 0x8000bbf0 (0x01463eb3) x29 0x00000001
core   0: 0x8000bbf4 (0xffb58593) addi    a1, a1, -5
core   0: 3 0x8000bbf4 (0xffb58593) x11 0x00000003
core   0: 0x8000bbf8 (0x00000013) nop
core   0: 3 0x8000bbf8 (0x00000013)
core   0: 0x8000bbfc (0x55bb6113) ori     sp, s6, 1371
core   0: 3 0x8000bbfc (0x55bb6113) x 2 0x07ffd77b
core   0: 0x8000bc00 (0xfe35f2e3) bgeu    a1, gp, pc - 28
core   0: 3 0x8000bc00 (0xfe35f2e3)
core   0: 0x8000bc04 (0x00ca98b3) sll     a7, s5, a2
core   0: 3 0x8000bc04 (0x00ca98b3) x17 0x80000000
core   0: 0x8000bc08 (0xb66fb793) sltiu   a5, t6, -1178
core   0: 3 0x8000bc08 (0xb66fb793) x15 0x00000001
core   0: 0x8000bc0c (0xfbc45ce3) bge     s0, t3, pc - 72
core   0: 3 0x8000bc0c (0xfbc45ce3)
core   0: 0x8000bbc4 (0x00dc3933) sltu    s2, s8, a3
core   0: 3 0x8000bbc4 (0x00dc3933) x18 0x00000001
core   0: 0x8000bbc8 (0x01992eb3) slt     t4, s2, s9
core   0: 3 0x8000bbc8 (0x01992eb3) x29 0x00000001
core   0: 0x8000bbcc (0xffc40413) addi    s0, s0, -4
core   0: 3 0x8000bbcc (0xffc40413) x 8 0xfffffff2
core   0: 0x8000bbd0 (0x00800593) li      a1, 8
core   0: 3 0x8000bbd0 (0x00800593) x11 0x00000008
core   0: 0x8000bbd4 (0x001cdb33) srl     s6, s9, ra
core   0: 3 0x8000bbd4 (0x001cdb33) x22 0x07ffd728
core   0: 0x8000bbd8 (0x0000100f) fence.i
core   0: 3 0x8000bbd8 (0x0000100f)
core   0: 0x8000bbdc (0x00600193) li      gp, 6
core   0: 3 0x8000bbdc (0x00600193) x 3 0x00000006
core   0: 0x8000bbe0 (0x40ea53b3) sra     t2, s4, a4
core   0: 3 0x8000bbe0 (0x40ea53b3) x 7 0xffffffff
core   0: 0x8000bbe4 (0x01b5efb3) or      t6, a1, s11
core   0: 3 0x8000bbe4 (0x01b5efb3) x31 0x0000000f
core   0: 0x8000bbe8 (0x549f8913) addi    s2, t6, 1353
core   0: 3 0x8000bbe8 (0x549f8913) x18 0x00000558
core   0: 0x8000bbec (0x41865393) srai    t2, a2, 24
core   0: 3 0x8000bbec (0x41865393) x 7 0xffffff9f
core   0: 0x8000bbf0 (0x01463eb3) sltu    t4, a2, s4
core   0: 3 0x8000bbf0 (0x01463eb3) x29 0x00000001
core   0: 0x8000bbf4 (0xffb58593) addi    a1, a1, -5
core   0: 3 0x8000bbf4 (0xffb58593) x11 0x00000003
core   0: 0x8000bbf8 (0x00000013) nop
core   0: 3 0x8000bbf8 (0x00000013)
core   0: 0x8000bbfc (0x55bb6113) ori     sp, s6, 1371
core   0: 3 0x8000bbfc (0x55bb6113) x 2 0x07ffd77b
core   0: 0x8000bc00 (0xfe35f2e3) bgeu    a1, gp, pc - 28
core   0: 3 0x8000bc00 (0xfe35f2e3)
core   0: 0x8000bc04 (0x00ca98b3) sll     a7, s5, a2
core   0: 3 0x8000bc04 (0x00ca98b3) x17 0x80000000
core   0: 0x8000bc08 (0xb66fb793) sltiu   a5, t6, -1178
core   0: 3 0x8000bc08 (0xb66fb793) x15 0x00000001
core   0: 0x8000bc0c (0xfbc45ce3) bge     s0, t3, pc - 72
core   0: 3 0x8000bc0c (0xfbc45ce3)
core   0: 0x8000bc10 (0xa0993513) sltiu   a0, s2, -1527
core   0: 3 0x8000bc10 (0xa0993513) x10 0x00000001
core   0: 0x8000bc14 (0xff700e13) li      t3, -9
core   0: 3 0x8000bc14 (0xff700e13) x28 0xfffffff7
core   0: 0x8000bc18 (0x0ff0000f) fence   iorw,iorw
core   0: 3 0x8000bc18 (0x0ff0000f)
core   0: 0x8000bc1c (0xff000593) li      a1, -16
core   0: 3 0x8000bc1c (0xff000593) x11 0xfffffff0
core   0: 0x8000bc20 (0x0000100f) fence.i
core   0: 3 0x8000bc20 (0x0000100f)
core   0: 0x8000bc24 (0x40604293) xori    t0, zero, 1030
core   0: 3 0x8000bc24 (0x40604293) x 5 0x00000406
core   0: 0x8000bc28 (0x0168b8b3) sltu    a7, a7, s6
core   0: 3 0x8000bc28 (0x0168b8b3) x17 0x00000000
core   0: 0x8000bc2c (0x00000013) nop
core   0: 3 0x8000bc2c (0x00000013)
core   0: 0x8000bc30 (0x0ff0000f) fence   iorw,iorw
core   0: 3 0x8000bc30 (0x0ff0000f)
core   0: 0x8000bc34 (0xff9e0e13) addi    t3, t3, -7
core   0: 3 0x8000bc34 (0xff9e0e13) x28 0xfffffff0
core   0: 0x8000bc38 (0x7d604917) auipc   s2, 0x7d604
core   0: 3 0x8000bc38 (0x7d604917) x18 0xfd60fc38
core   0: 0x8000bc3c (0xfebe56e3) bge     t3, a1, pc - 20
core   0: 3 0x8000bc3c (0xfebe56e3)
core   0: 0x8000bc28 (0x0168b8b3) sltu    a7, a7, s6
core   0: 3 0x8000bc28 (0x0168b8b3) x17 0x00000001
core   0: 0x8000bc2c (0x00000013) nop
core   0: 3 0x8000bc2c (0x00000013)
core   0: 0x8000bc30 (0x0ff0000f) fence   iorw,iorw
core   0: 3 0x8000bc30 (0x0ff0000f)
core   0: 0x8000bc34 (0xff9e0e13) addi    t3, t3, -7
core   0: 3 0x8000bc34 (0xff9e0e13) x28 0xffffffe9
core   0: 0x8000bc38 (0x7d604917) auipc   s2, 0x7d604
core   0: 3 0x8000bc38 (0x7d604917) x18 0xfd60fc38
core   0: 0x8000bc3c (0xfebe56e3) bge     t3, a1, pc - 20
core   0: 3 0x8000bc3c (0xfebe56e3)
core   0: 0x8000bc40 (0x012822b3) slt     t0, a6, s2
core   0: 3 0x8000bc40 (0x012822b3) x 5 0x00000000
core   0: 0x8000bc44 (0x00600893) li      a7, 6
core   0: 3 0x8000bc44 (0x00600893) x17 0x00000006
core   0: 0x8000bc48 (0x00600113) li      sp, 6
core   0: 3 0x8000bc48 (0x00600113) x 2 0x00000006
core   0: 0x8000bc4c (0x406dd913) srai    s2, s11, 6
core   0: 3 0x8000bc4c (0x406dd913) x18 0x00000000
core   0: 0x8000bc50 (0x01977633) and     a2, a4, s9
core   0: 3 0x8000bc50 (0x01977633) x12 0x00000520
core   0: 0x8000bc54 (0x0048d813) srli    a6, a7, 4
core   0: 3 0x8000bc54 (0x0048d813) x16 0x00000000
core   0: 0x8000bc58 (0xffd88893) addi    a7, a7, -3
core   0: 3 0x8000bc58 (0xffd88893) x17 0x00000003
core   0: 0x8000bc5c (0xfe28fae3) bgeu    a7, sp, pc - 12
core   0: 3 0x8000bc5c (0xfe28fae3)
core   0: 0x8000bc60 (0x40d880b3) sub     ra, a7, a3
core   0: 3 0x8000bc60 (0x40d880b3) x 1 0x00000000
core   0: 0x8000bc64 (0x010b73b3) and     t2, s6, a6
core   0: 3 0x8000bc64 (0x010b73b3) x 7 0x00000000
core   0: 0x8000bc68 (0x40e006b3) sub     a3, zero, a4
core   0: 3 0x8000bc68 (0x40e006b3) x13 0xfffff20c
core   0: 0x8000bc6c (0x40fd5533) sra     a0, s10, a5
core   0: 3 0x8000bc6c (0x40fd5533) x10 0x00000001
core   0: 0x8000bc70 (0x34538f13) addi    t5, t2, 837
core   0: 3 0x8000bc70 (0x34538f13) x30 0x00000345
core   0: 0x8000bc74 (0x02918863) beq     gp, s1, pc + 48
core   0: 3 0x8000bc74 (0x02918863)
core   0: 0x8000bc78 (0x015d4333) xor     t1, s10, s5
core   0: 3 0x8000bc78 (0x015d4333) x 6 0xfdb012b8
core   0: 0x8000bc7c (0x0000100f) fence.i
core   0: 3 0x8000bc7c (0x0000100f)
core   0: 0x8000bc80 (0x00e513b3) sll     t2, a0, a4
core   0: 3 0x8000bc80 (0x00e513b3) x 7 0x00100000
core   0: 0x8000bc84 (0xca9e8513) addi    a0, t4, -855
core   0: 3 0x8000bc84 (0xca9e8513) x10 0xfffffcaa
core   0: 0x8000bc88 (0x018d2133) slt     sp, s10, s8
core   0: 3 0x8000bc88 (0x018d2133) x 2 0x00000000
core   0: 0x8000bc8c (0x00584c63) blt     a6, t0, pc + 24
core   0: 3 0x8000bc8c (0x00584c63)
core   0: 0x8000bc90 (0x012900b3) add     ra, s2, s2
core   0: 3 0x8000bc90 (0x012900b3) x 1 0x00000000
core   0: 0x8000bc94 (0x9450e813) ori     a6, ra, -1723
core   0: 3 0x8000bc94 (0x9450e813) x16 0xfffff945
core   0: 0x8000bc98 (0x019ce533) or      a0, s9, s9
core   0: 3 0x8000bc98 (0x019ce533) x10 0x07ffd728
core   0: 0x8000bc9c (0x0000100f) fence.i
core   0: 3 0x8000bc9c (0x0000100f)
core   0: 0x8000bca0 (0x41225733) sra     a4, tp, s2
core   0: 3 0x8000bca0 (0x41225733) x14 0xfffff854
core   0: 0x8000bca4 (0x002d1d13) slli    s10, s10, 2
core   0: 3 0x8000bca4 (0x002d1d13) x26 0x0000000c
core   0: 0x8000bca8 (0x09756663) bltu    a0, s7, pc + 140
core   0: 3 0x8000bca8 (0x09756663)
core   0: 0x8000bd34 (0x01d69293) slli    t0, a3, 29
core   0: 3 0x8000bd34 (0x01d69293) x 5 0x80000000
core   0: 0x8000bd38 (0x7983b1b7) lui     gp, 0x7983b
core   0: 3 0x8000bd38 (0x7983b1b7) x 3 0x7983b000
core   0: 0x8000bd3c (0x009b90b3) sll     ra, s7, s1
core   0: 3 0x8000bd3c (0x009b90b3) x 1 0x0024e280
core   0: 0x8000bd40 (0x0000100f) fence.i
core   0: 3 0x8000bd40 (0x0000100f)
core   0: 0x8000bd44 (0x0000100f) fence.i
core   0: 3 0x8000bd44 (0x0000100f)
core   0: 0x8000bd48 (0x04c9d463) bge     s3, a2, pc + 72
core   0: 3 0x8000bd48 (0x04c9d463)
core   0: 0x8000bd4c (0x018ede63) bge     t4, s8, pc + 28
core   0: 3 0x8000bd4c (0x018ede63)
core   0: 0x8000bd68 (0x40745b33) sra     s6, s0, t2
core   0: 3 0x8000bd68 (0x40745b33) x22 0xfffffff2
core   0: 0x8000bd6c (0x1af33d93) sltiu   s11, t1, 431
core   0: 3 0x8000bd6c (0x1af33d93) x27 0x00000000
core   0: 0x8000bd70 (0x00ade733) or      a4, s11, a0
core   0: 3 0x8000bd70 (0x00ade733) x14 0x07ffd728
core   0: 0x8000bd74 (0x01970f33) add     t5, a4, s9
core   0: 3 0x8000bd74 (0x01970f33) x30 0x0fffae50
core   0: 0x8000bd78 (0x0ff0000f) fence   iorw,iorw
core   0: 3 0x8000bd78 (0x0ff0000f)
core   0: 0x8000bd7c (0x055fe663) bltu    t6, s5, pc + 76
core   0: 3 0x8000bd7c (0x055fe663)
core   0: 0x8000bdc8 (0x01711113) slli    sp, sp, 23
core   0: 3 0x8000bdc8 (0x01711113) x 2 0x00000000
core   0: 0x8000bdcc (0x000b12b3) sll     t0, s6, zero
core   0: 3 0x8000bdcc (0x000b12b3) x 5 0xfffffff2
core   0: 0x8000bdd0 (0x013b6863) bltu    s6, s3, pc + 16
core   0: 3 0x8000bdd0 (0x013b6863)
core   0: 0x8000bdd4 (0x01cdde93) srli    t4, s11, 28
core   0: 3 0x8000bdd4 (0x01cdde93) x29 0x00000000
core   0: 0x8000bdd8 (0x6857a213) slti    tp, a5, 1669
core   0: 3 0x8000bdd8 (0x6857a213) x 4 0x00000001
core   0: 0x8000bddc (0x0ff0000f) fence   iorw,iorw
core   0: 3 0x8000bddc (0x0ff0000f)
core   0: 0x8000bde0 (0x407783b3) sub     t2, a5, t2
core   0: 3 0x8000bde0 (0x407783b3) x 7 0xfff00001
core   0: 0x8000bde4 (0x00b19633) sll     a2, gp, a1
core   0: 3 0x8000bde4 (0x00b19633) x12 0xb0000000
core   0: 0x8000bde8 (0x41ebdf33) sra     t5, s7, t5
core   0: 3 0x8000bde8 (0x41ebdf33) x30 0xffff8002
core   0: 0x8000bdec (0x00bd03b3) add     t2, s10, a1
core   0: 3 0x8000bdec (0x00bd03b3) x 7 0xfffffffc
core   0: 0x8000bdf0 (0x0194d293) srli    t0, s1, 25
core   0: 3 0x8000bdf0 (0x0194d293) x 5 0x00000040
core   0: 0x8000bdf4 (0x41725893) srai    a7, tp, 23
core   0: 3 0x8000bdf4 (0x41725893) x17 0x00000000
core   0: 0x8000bdf8 (0x40c5d0b3) sra     ra, a1, a2
core   0: 3 0x8000bdf8 (0x40c5d0b3) x 1 0xfffffff0
core   0: 0x8000bdfc (0x6cd2ac13) slti    s8, t0, 1741
core   0: 3 0x8000bdfc (0x6cd2ac13) x24 0x00000001
core   0: 0x8000be00 (0x0ff0000f) fence   iorw,iorw
core   0: 3 0x8000be00 (0x0ff0000f)
core   0: 0x8000be04 (0xbbf28293) addi    t0, t0, -1089
core   0: 3 0x8000be04 (0xbbf28293) x 5 0xfffffbff
core   0: 0x8000be08 (0x41c75313) srai    t1, a4, 28
core   0: 3 0x8000be08 (0x41c75313) x 6 0x00000000
core   0: 0x8000be0c (0x1f292f13) slti    t5, s2, 498
core   0: 3 0x8000be0c (0x1f292f13) x30 0x00000001
core   0: 0x8000be10 (0x01f469b3) or      s3, s0, t6
core   0: 3 0x8000be10 (0x01f469b3) x19 0xffffffff
core   0: 0x8000be14 (0x017fdd13) srli    s10, t6, 23
core   0: 3 0x8000be14 (0x017fdd13) x26 0x00000000
core   0: 0x8000be18 (0xfe986a13) ori     s4, a6, -23
core   0: 3 0x8000be18 (0xfe986a13) x20 0xffffffed
core   0: 0x8000be1c (0x0021d5b3) srl     a1, gp, sp
core   0: 3 0x8000be1c (0x0021d5b3) x11 0x7983b000
core   0: 0x8000be20 (0xe546b213) sltiu   tp, a3, -428
core   0: 3 0x8000be20 (0xe546b213) x 4 0x00000001
core   0: 0x8000be24 (0xdd9f3e37) lui     t3, 0xdd9f3
core   0: 3 0x8000be24 (0xdd9f3e37) x28 0xdd9f3000
core   0: 0x8000be28 (0x01d8f5b3) and     a1, a7, t4
core   0: 3 0x8000be28 (0x01d8f5b3) x11 0x00000000
core   0: 0x8000be2c (0x1129f193) andi    gp, s3, 274
core   0: 3 0x8000be2c (0x1129f193) x 3 0x00000112
core   0: 0x8000be30 (0x01947c63) bgeu    s0, s9, pc + 24
core   0: 3 0x8000be30 (0x01947c63)
core   0: 0x8000be48 (0x0ff0000f) fence   iorw,iorw
core   0: 3 0x8000be48 (0x0ff0000f)
core   0: 0x8000be4c (0x0ff0000f) fence   iorw,iorw
core   0: 3 0x8000be4c (0x0ff0000f)
core   0: 0x8000be50 (0x40455b13) srai    s6, a0, 4
core   0: 3 0x8000be50 (0x40455b13) x22 0x007ffd72
core   0: 0x8000be54 (0x00000013) nop
core   0: 3 0x8000be54 (0x00000013)
core   0: 0x8000be58 (0x00000013) nop
core   0: 3 0x8000be58 (0x00000013)
core   0: 0x8000be5c (0x01e010b3) sll     ra, zero, t5
core   0: 3 0x8000be5c (0x01e010b3) x 1 0x00000000
core   0: 0x8000be60 (0x403c6413) ori     s0, s8, 1027
core   0: 3 0x8000be60 (0x403c6413) x 8 0x00000403
core   0: 0x8000be64 (0x009e7c63) bgeu    t3, s1, pc + 24
core   0: 3 0x8000be64 (0x009e7c63)
core   0: 0x8000be7c (0x01864e63) blt     a2, s8, pc + 28
core   0: 3 0x8000be7c (0x01864e63)
core   0: 0x8000be98 (0x00cd0cb3) add     s9, s10, a2
core   0: 3 0x8000be98 (0x00cd0cb3) x25 0xb0000000
core   0: 0x8000be9c (0x04e9d063) bge     s3, a4, pc + 64
core   0: 3 0x8000be9c (0x04e9d063)
core   0: 0x8000bea0 (0x7db9f993) andi    s3, s3, 2011
core   0: 3 0x8000bea0 (0x7db9f993) x19 0x000007db
core   0: 0x8000bea4 (0x41335d93) srai    s11, t1, 19
core   0: 3 0x8000bea4 (0x41335d93) x27 0x00000000
core   0: 0x8000bea8 (0x0069cb33) xor     s6, s3, t1
core   0: 3 0x8000bea8 (0x0069cb33) x22 0x000007db
core   0: 0x8000beac (0x0000100f) fence.i
core   0: 3 0x8000beac (0x0000100f)
core   0: 0x8000beb0 (0x41850f33) sub     t5, a0, s8
core   0: 3 0x8000beb0 (0x41850f33) x30 0x07ffd727
core   0: 0x8000beb4 (0x00f2e663) bltu    t0, a5, pc + 12
core   0: 3 0x8000beb4 (0x00f2e663)
core   0: 0x8000beb8 (0x01356433) or      s0, a0, s3
core   0: 3 0x8000beb8 (0x01356433) x 8 0x07ffd7fb
core   0: 0x8000bebc (0x01ee6333) or      t1, t3, t5
core   0: 3 0x8000bebc (0x01ee6333) x 6 0xdffff727
core   0: 0x8000bec0 (0x0160d913) srli    s2, ra, 22
core   0: 3 0x8000bec0 (0x0160d913) x18 0x00000000
core   0: 0x8000bec4 (0x01776e33) or      t3, a4, s7
core   0: 3 0x8000bec4 (0x01776e33) x28 0x87ffdf28
core   0: 0x8000bec8 (0x41efd793) srai    a5, t6, 30
core   0: 3 0x8000bec8 (0x41efd793) x15 0x00000000
core   0: 0x8000becc (0x00d03133) snez    sp, a3
core   0: 3 0x8000becc (0x00d03133) x 2 0x00000001
core   0: 0x8000bed0 (0x0ff0000f) fence   iorw,iorw
core   0: 3 0x8000bed0 (0x0ff0000f)
core   0: 0x8000bed4 (0x002900b3) add     ra, s2, sp
core   0: 3 0x8000bed4 (0x002900b3) x 1 0x00000001
core   0: 0x8000bed8 (0x03569c63) bne     a3, s5, pc + 56
core   0: 3 0x8000bed8 (0x03569c63)
core   0: 0x8000bf10 (0x0000100f) fence.i
core   0: 3 0x8000bf10 (0x0000100f)
core   0: 0x8000bf14 (0x95f73e93) sltiu   t4, a4, -1697
core   0: 3 0x8000bf14 (0x95f73e93) x29 0x00000001
core   0: 0x8000bf18 (0x0000100f) fence.i
core   0: 3 0x8000bf18 (0x0000100f)
core   0: 0x8000bf1c (0x00289113) slli    sp, a7, 2
core   0: 3 0x8000bf1c (0x00289113) x 2 0x00000000
core   0: 0x8000bf20 (0x05140063) beq     s0, a7, pc + 64
core   0: 3 0x8000bf20 (0x05140063)
core   0: 0x8000bf24 (0x626a0793) addi    a5, s4, 1574
core   0: 3 0x8000bf24 (0x626a0793) x15 0x00000613
core   0: 0x8000bf28 (0x026fc863) blt     t6, t1, pc + 48
core   0: 3 0x8000bf28 (0x026fc863)
core   0: 0x8000bf2c (0x01775333) srl     t1, a4, s7
core   0: 3 0x8000bf2c (0x01775333) x 6 0x0007ffd7
core   0: 0x8000bf30 (0x40095613) srai    a2, s2, 0
core   0: 3 0x8000bf30 (0x40095613) x12 0x00000000
core   0: 0x8000bf34 (0x0099a6b3) slt     a3, s3, s1
core   0: 3 0x8000bf34 (0x0099a6b3) x13 0x00000000
core   0: 0x8000bf38 (0x00885593) srli    a1, a6, 8
core   0: 3 0x8000bf38 (0x00885593) x11 0x00fffff9
core   0: 0x8000bf3c (0x0ff0000f) fence   iorw,iorw
core   0: 3 0x8000bf3c (0x0ff0000f)
core   0: 0x8000bf40 (0x01ebf033) and     zero, s7, t5
core   0: 3 0x8000bf40 (0x01ebf033)
core   0: 0x8000bf44 (0x00a7efb3) or      t6, a5, a0
core   0: 3 0x8000bf44 (0x00a7efb3) x31 0x07ffd73b
core   0: 0x8000bf48 (0x4043d133) sra     sp, t2, tp
core   0: 3 0x8000bf48 (0x4043d133) x 2 0xfffffffe
core   0: 0x8000bf4c (0x0171dfb3) srl     t6, gp, s7
core   0: 3 0x8000bf4c (0x0171dfb3) x31 0x00000001
core   0: 0x8000bf50 (0x009ced33) or      s10, s9, s1
core   0: 3 0x8000bf50 (0x009ced33) x26 0xb0028ce4
core   0: 0x8000bf54 (0x01786fb3) or      t6, a6, s7
core   0: 3 0x8000bf54 (0x01786fb3) x31 0xffffff6d
core   0: 0x8000bf58 (0x01e11863) bne     sp, t5, pc + 16
core   0: 3 0x8000bf58 (0x01e11863)
core   0: 0x8000bf68 (0x01e2f933) and     s2, t0, t5
core   0: 3 0x8000bf68 (0x01e2f933) x18 0x07ffd327
core   0: 0x8000bf6c (0xdc764093) xori    ra, a2, -569
core   0: 3 0x8000bf6c (0xdc764093) x 1 0xfffffdc7
core   0: 0x8000bf70 (0x03024863) blt     tp, a6, pc + 48
core   0: 3 0x8000bf70 (0x03024863)
core   0: 0x8000bf74 (0xf352be93) sltiu   t4, t0, -203
core   0: 3 0x8000bf74 (0xf352be93) x29 0x00000001
core   0: 0x8000bf78 (0x04ead063) bge     s5, a4, pc + 64
core   0: 3 0x8000bf78 (0x04ead063)
core   0: 0x8000bf7c (0x019f9113) slli    sp, t6, 25
core   0: 3 0x8000bf7c (0x019f9113) x 2 0xda000000
core   0: 0x8000bf80 (0xc66b6713) ori     a4, s6, -922
core   0: 3 0x8000bf80 (0xc66b6713) x14 0xffffffff
core   0: 0x8000bf84 (0x049bd063) bge     s7, s1, pc + 64
core   0: 3 0x8000bf84 (0x049bd063)
core   0: 0x8000bf88 (0x4851b193) sltiu   gp, gp, 1157
core   0: 3 0x8000bf88 (0x4851b193) x 3 0x00000001
core   0: 0x8000bf8c (0x00948c63) beq     s1, s1, pc + 24
core   0: 3 0x8000bf8c (0x00948c63)
core   0: 0x8000bfa4 (0x00b4f663) bgeu    s1, a1, pc + 12
core   0: 3 0x8000bfa4 (0x00b4f663)
core   0: 0x8000bfb0 (0x0052fc63) bgeu    t0, t0, pc + 24
core   0: 3 0x8000bfb0 (0x0052fc63)
core   0: 0x8000bfc8 (0x3b5a2393) slti    t2, s4, 949
core   0: 3 0x8000bfc8 (0x3b5a2393) x 7 0x00000001
core   0: 0x8000bfcc (0x459fc113) xori    sp, t6, 1113
core   0: 3 0x8000bfcc (0x459fc113) x 2 0xfffffb34
core   0: 0x8000bfd0 (0x01f57c63) bgeu    a0, t6, pc + 24
core   0: 3 0x8000bfd0 (0x01f57c63)
core   0: 0x8000bfd4 (0x2efcf237) lui     tp, 0x2efcf
core   0: 3 0x8000bfd4 (0x2efcf237) x 4 0x2efcf000
core   0: 0x8000bfd8 (0x014e5663) bge     t3, s4, pc + 12
core   0: 3 0x8000bfd8 (0x014e5663)
core   0: 0x8000bfdc (0x00171393) slli    t2, a4, 1
core   0: 3 0x8000bfdc (0x00171393) x 7 0xfffffffe
core   0: 0x8000bfe0 (0x04915463) bge     sp, s1, pc + 72
core   0: 3 0x8000bfe0 (0x04915463)
core   0: 0x8000c028 (0x0ff0000f) fence   iorw,iorw
core   0: 3 0x8000c028 (0x0ff0000f)
core   0: 0x8000c02c (0x10a85817) auipc   a6, 0x10a85
core   0: 3 0x8000c02c (0x10a85817) x16 0x90a9102c
core   0: 0x8000c030 (0x015b8233) add     tp, s7, s5
core   0: 3 0x8000c030 (0x015b8233) x 4 0x7db260e3
core   0: 0x8000c034 (0x012f03b3) add     t2, t5, s2
core   0: 3 0x8000c034 (0x012f03b3) x 7 0x0fffaa4e
core   0: 0x8000c038 (0x00000013) nop
core   0: 3 0x8000c038 (0x00000013)
core   0: 0x8000c03c (0x005b9db3) sll     s11, s7, t0
core   0: 3 0x8000c03c (0x005b9db3) x27 0x00000000
core   0: 0x8000c040 (0x01add013) srli    zero, s11, 26
core   0: 3 0x8000c040 (0x01add013)
core   0: 0x8000c044 (0xa74d5137) lui     sp, 0xa74d5
core   0: 3 0x8000c044 (0xa74d5137) x 2 0xa74d5000
core   0: 0x8000c048 (0x007755b3) srl     a1, a4, t2
core   0: 3 0x8000c048 (0x007755b3) x11 0x0003ffff
core   0: 0x8000c04c (0x00ad9b33) sll     s6, s11, a0
core   0: 3 0x8000c04c (0x00ad9b33) x22 0x00000000
core   0: 0x8000c050 (0x00000013) nop
core   0: 3 0x8000c050 (0x00000013)
core   0: 0x8000c054 (0x0085bb33) sltu    s6, a1, s0
core   0: 3 0x8000c054 (0x0085bb33) x22 0x00000001
core   0: 0x8000c058 (0x0546f263) bgeu    a3, s4, pc + 68
core   0: 3 0x8000c058 (0x0546f263)
core   0: 0x8000c05c (0x00d90263) beq     s2, a3, pc + 4
core   0: 3 0x8000c05c (0x00d90263)
core   0: 0x8000c060 (0x01a37863) bgeu    t1, s10, pc + 16
core   0: 3 0x8000c060 (0x01a37863)
core   0: 0x8000c064 (0x03884c63) blt     a6, s8, pc + 56
core   0: 3 0x8000c064 (0x03884c63)
core   0: 0x8000c09c (0xba1d7113) andi    sp, s10, -1119
core   0: 3 0x8000c09c (0xba1d7113) x 2 0xb00288a0
core   0: 0x8000c0a0 (0x005b9e63) bne     s7, t0, pc + 28
core   0: 3 0x8000c0a0 (0x005b9e63)
core   0: 0x8000c0bc (0x6573af93) slti    t6, t2, 1623
core   0: 3 0x8000c0bc (0x6573af93) x31 0x00000000
core   0: 0x8000c0c0 (0xd8b3b297) auipc   t0, 0xd8b3b
core   0: 3 0x8000c0c0 (0xd8b3b297) x 5 0x58b470c0
core   0: 0x8000c0c4 (0x98046e93) ori     t4, s0, -1664
core   0: 3 0x8000c0c4 (0x98046e93) x29 0xfffffffb
core   0: 0x8000c0c8 (0x03626863) bltu    tp, s6, pc + 48
core   0: 3 0x8000c0c8 (0x03626863)
core   0: 0x8000c0cc (0x41c9d813) srai    a6, s3, 28
core   0: 3 0x8000c0cc (0x41c9d813) x16 0x00000000
core   0: 0x8000c0d0 (0x4167d113) srai    sp, a5, 22
core   0: 3 0x8000c0d0 (0x4167d113) x 2 0x00000000
core   0: 0x8000c0d4 (0x0331dc63) bge     gp, s3, pc + 56
core   0: 3 0x8000c0d4 (0x0331dc63)
core   0: 0x8000c0d8 (0xa2792113) slti    sp, s2, -1497
core   0: 3 0x8000c0d8 (0xa2792113) x 2 0x00000000
core   0: 0x8000c0dc (0x013a1e63) bne     s4, s3, pc + 28
core   0: 3 0x8000c0dc (0x013a1e63)
core   0: 0x8000c0f8 (0x053f1863) bne     t5, s3, pc + 80
core   0: 3 0x8000c0f8 (0x053f1863)
core   0: 0x8000c148 (0x00000013) nop
core   0: 3 0x8000c148 (0x00000013)
core   0: 0x8000c14c (0x00000013) nop
core   0: 3 0x8000c14c (0x00000013)
core   0: 0x8000c150 (0x40a80333) sub     t1, a6, a0
core   0: 3 0x8000c150 (0x40a80333) x 6 0xf80028d8
core   0: 0x8000c154 (0x03d25263) bge     tp, t4, pc + 36
core   0: 3 0x8000c154 (0x03d25263)
core   0: 0x8000c178 (0x02b94663) blt     s2, a1, pc + 44
core   0: 3 0x8000c178 (0x02b94663)
core   0: 0x8000c17c (0x00f6b5b3) sltu    a1, a3, a5
core   0: 3 0x8000c17c (0x00f6b5b3) x11 0x00000001
core   0: 0x8000c180 (0x419589b3) sub     s3, a1, s9
core   0: 3 0x8000c180 (0x419589b3) x19 0x50000001
core   0: 0x8000c184 (0x043a4c13) xori    s8, s4, 67
core   0: 3 0x8000c184 (0x043a4c13) x24 0xffffffae
core   0: 0x8000c188 (0x0ff0000f) fence   iorw,iorw
core   0: 3 0x8000c188 (0x0ff0000f)
core   0: 0x8000c18c (0x005c4133) xor     sp, s8, t0
core   0: 3 0x8000c18c (0x005c4133) x 2 0xa74b8f6e
core   0: 0x8000c190 (0x00fb27b3) slt     a5, s6, a5
core   0: 3 0x8000c190 (0x00fb27b3) x15 0x00000001
core   0: 0x8000c194 (0x0000100f) fence.i
core   0: 3 0x8000c194 (0x0000100f)
core   0: 0x8000c198 (0x00000013) nop
core   0: 3 0x8000c198 (0x00000013)
core   0: 0x8000c19c (0x018510b3) sll     ra, a0, s8
core   0: 3 0x8000c19c (0x018510b3) x 1 0xf5ca0000
core   0: 0x8000c1a0 (0x00d213b3) sll     t2, tp, a3
core   0: 3 0x8000c1a0 (0x00d213b3) x 7 0x7db260e3
core   0: 0x8000c1a4 (0x40e25633) sra     a2, tp, a4
core   0: 3 0x8000c1a4 (0x40e25633) x12 0x00000000
core   0: 0x8000c1a8 (0x00e46c63) bltu    s0, a4, pc + 24
core   0: 3 0x8000c1a8 (0x00e46c63)
core   0: 0x8000c1c0 (0x02dc9863) bne     s9, a3, pc + 48
core   0: 3 0x8000c1c0 (0x02dc9863)
core   0: 0x8000c1f0 (0x41ea0fb3) sub     t6, s4, t5
core   0: 3 0x8000c1f0 (0x41ea0fb3) x31 0xf80028c6
core   0: 0x8000c1f4 (0x00e399b3) sll     s3, t2, a4
core   0: 3 0x8000c1f4 (0x00e399b3) x19 0x80000000
core   0: 0x8000c1f8 (0x0466d063) bge     a3, t1, pc + 64
core   0: 3 0x8000c1f8 (0x0466d063)
core   0: 0x8000c238 (0x00076593) ori     a1, a4, 0
core   0: 3 0x8000c238 (0x00076593) x11 0xffffffff
core   0: 0x8000c23c (0x6b263613) sltiu   a2, a2, 1714
core   0: 3 0x8000c23c (0x6b263613) x12 0x00000001
core   0: 0x8000c240 (0x00d3e233) or      tp, t2, a3
core   0: 3 0x8000c240 (0x00d3e233) x 4 0x7db260e3
core   0: 0x8000c244 (0xb38d6813) ori     a6, s10, -1224
core   0: 3 0x8000c244 (0xb38d6813) x16 0xfffffffc
core   0: 0x8000c248 (0x03320413) addi    s0, tp, 51
core   0: 3 0x8000c248 (0x03320413) x 8 0x7db26116
core   0: 0x8000c24c (0x00000013) nop
core   0: 3 0x8000c24c (0x00000013)
core   0: 0x8000c250 (0x405ada33) sra     s4, s5, t0
core   0: 3 0x8000c250 (0x405ada33) x20 0xfdb012bb
core   0: 0x8000c254 (0x01c58863) beq     a1, t3, pc + 16
core   0: 3 0x8000c254 (0x01c58863)
core   0: 0x8000c258 (0x066c6893) ori     a7, s8, 102
core   0: 3 0x8000c258 (0x066c6893) x17 0xffffffee
core   0: 0x8000c25c (0x01ce55b3) srl     a1, t3, t3
core   0: 3 0x8000c25c (0x01ce55b3) x11 0x0087ffdf
core   0: 0x8000c260 (0x416e5e13) srai    t3, t3, 22
core   0: 3 0x8000c260 (0x416e5e13) x28 0xfffffe1f
core   0: 0x8000c264 (0x0ff0000f) fence   iorw,iorw
core   0: 3 0x8000c264 (0x0ff0000f)
core   0: 0x8000c268 (0x081f0663) beq     t5, ra, pc + 140
core   0: 3 0x8000c268 (0x081f0663)
core   0: 0x8000c26c (0x4145d893) srai    a7, a1, 20
core   0: 3 0x8000c26c (0x4145d893) x17 0x00000008
core   0: 0x8000c270 (0x0041fc63) bgeu    gp, tp, pc + 24
core   0: 3 0x8000c270 (0x0041fc63)
core   0: 0x8000c274 (0xaf164f97) auipc   t6, 0xaf164
core   0: 3 0x8000c274 (0xaf164f97) x31 0x2f170274
core   0: 0x8000c278 (0x00754263) blt     a0, t2, pc + 4
core   0: 3 0x8000c278 (0x00754263)
core   0: 0x8000c27c (0x00835eb3) srl     t4, t1, s0
core   0: 3 0x8000c27c (0x00835eb3) x29 0x000003e0
core   0: 0x8000c280 (0x1f3ba993) slti    s3, s7, 499
core   0: 3 0x8000c280 (0x1f3ba993) x19 0x00000001
core   0: 0x8000c284 (0x00227433) and     s0, tp, sp
core   0: 3 0x8000c284 (0x00227433) x 8 0x25020062
core   0: 0x8000c288 (0x00688d33) add     s10, a7, t1
core   0: 3 0x8000c288 (0x00688d33) x26 0xf80028e0
core   0: 0x8000c28c (0x00936e63) bltu    t1, s1, pc + 28
core   0: 3 0x8000c28c (0x00936e63)
core   0: 0x8000c290 (0x00351993) slli    s3, a0, 3
core   0: 3 0x8000c290 (0x00351993) x19 0x3ffeb940
core   0: 0x8000c294 (0x01d37233) and     tp, t1, t4
core   0: 3 0x8000c294 (0x01d37233) x 4 0x000000c0
core   0: 0x8000c298 (0x01e35f93) srli    t6, t1, 30
core   0: 3 0x8000c298 (0x01e35f93) x31 0x00000003
core   0: 0x8000c29c (0x40b15a13) srai    s4, sp, 11
core   0: 3 0x8000c29c (0x40b15a13) x20 0xfff4e971
core   0: 0x8000c2a0 (0x00000013) nop
core   0: 3 0x8000c2a0 (0x00000013)
core   0: 0x8000c2a4 (0x01ed5713) srli    a4, s10, 30
core   0: 3 0x8000c2a4 (0x01ed5713) x14 0x00000003
core   0: 0x8000c2a8 (0x0ff0000f) fence   iorw,iorw
core   0: 3 0x8000c2a8 (0x0ff0000f)
core   0: 0x8000c2ac (0x00300f13) li      t5, 3
core   0: 3 0x8000c2ac (0x00300f13) x30 0x00000003
core   0: 0x8000c2b0 (0x7293b6b7) lui     a3, 0x7293b
core   0: 3 0x8000c2b0 (0x7293b6b7) x13 0x7293b000
core   0: 0x8000c2b4 (0x0188efb3) or      t6, a7, s8
core   0: 3 0x8000c2b4 (0x0188efb3) x31 0xffffffae
core   0: 0x8000c2b8 (0x0000100f) fence.i
core   0: 3 0x8000c2b8 (0x0000100f)
core   0: 0x8000c2bc (0x00159713) slli    a4, a1, 1
core   0: 3 0x8000c2bc (0x00159713) x14 0x010fffbe
core   0: 0x8000c2c0 (0x93503993) sltiu   s3, zero, -1739
core   0: 3 0x8000c2c0 (0x93503993) x19 0x00000001
core   0: 0x8000c2c4 (0xff700893) li      a7, -9
core   0: 3 0x8000c2c4 (0xff700893) x17 0xfffffff7
core   0: 0x8000c2c8 (0x4086d113) srai    sp, a3, 8
core   0: 3 0x8000c2c8 (0x4086d113) x 2 0x007293b0
core   0: 0x8000c2cc (0xc7d47393) andi    t2, s0, -899
core   0: 3 0x8000c2cc (0xc7d47393) x 7 0x25020060
core   0: 0x8000c2d0 (0xf746e193) ori     gp, a3, -140
core   0: 3 0x8000c2d0 (0xf746e193) x 3 0xffffff74
core   0: 0x8000c2d4 (0x0ff0000f) fence   iorw,iorw
core   0: 3 0x8000c2d4 (0x0ff0000f)
core   0: 0x8000c2d8 (0xffdf0f13) addi    t5, t5, -3
core   0: 3 0x8000c2d8 (0xffdf0f13) x30 0x00000000
core   0: 0x8000c2dc (0x015b1b13) slli    s6, s6, 21
core   0: 3 0x8000c2dc (0x015b1b13) x22 0x00200000
core   0: 0x8000c2e0 (0x94986293) ori     t0, a6, -1719
core   0: 3 0x8000c2e0 (0x94986293) x 5 0xfffffffd
core   0: 0x8000c2e4 (0xdca3ba37) lui     s4, 0xdca3b
core   0: 3 0x8000c2e4 (0xdca3ba37) x20 0xdca3b000
core   0: 0x8000c2e8 (0xff1f54e3) bge     t5, a7, pc - 24
core   0: 3 0x8000c2e8 (0xff1f54e3)
core   0: 0x8000c2d0 (0xf746e193) ori     gp, a3, -140
core   0: 3 0x8000c2d0 (0xf746e193) x 3 0xffffff74
core   0: 0x8000c2d4 (0x0ff0000f) fence   iorw,iorw
core   0: 3 0x8000c2d4 (0x0ff0000f)
core   0: 0x8000c2d8 (0xffdf0f13) addi    t5, t5, -3
core   0: 3 0x8000c2d8 (0xffdf0f13) x30 0xfffffffd
core   0: 0x8000c2dc (0x015b1b13) slli    s6, s6, 21
core   0: 3 0x8000c2dc (0x015b1b13) x22 0x00000000
core   0: 0x8000c2e0 (0x94986293) ori     t0, a6, -1719
core   0: 3 0x8000c2e0 (0x94986293) x 5 0xfffffffd
core   0: 0x8000c2e4 (0xdca3ba37) lui     s4, 0xdca3b
core   0: 3 0x8000c2e4 (0xdca3ba37) x20 0xdca3b000
core   0: 0x8000c2e8 (0xff1f54e3) bge     t5, a7, pc - 24
core   0: 3 0x8000c2e8 (0xff1f54e3)
core   0: 0x8000c2d0 (0xf746e193) ori     gp, a3, -140
core   0: 3 0x8000c2d0 (0xf746e193) x 3 0xffffff74
core   0: 0x8000c2d4 (0x0ff0000f) fence   iorw,iorw
core   0: 3 0x8000c2d4 (0x0ff0000f)
core   0: 0x8000c2d8 (0xffdf0f13) addi    t5, t5, -3
core   0: 3 0x8000c2d8 (0xffdf0f13) x30 0xfffffffa
core   0: 0x8000c2dc (0x015b1b13) slli    s6, s6, 21
core   0: 3 0x8000c2dc (0x015b1b13) x22 0x00000000
core   0: 0x8000c2e0 (0x94986293) ori     t0, a6, -1719
core   0: 3 0x8000c2e0 (0x94986293) x 5 0xfffffffd
core   0: 0x8000c2e4 (0xdca3ba37) lui     s4, 0xdca3b
core   0: 3 0x8000c2e4 (0xdca3ba37) x20 0xdca3b000
core   0: 0x8000c2e8 (0xff1f54e3) bge     t5, a7, pc - 24
core   0: 3 0x8000c2e8 (0xff1f54e3)
core   0: 0x8000c2d0 (0xf746e193) ori     gp, a3, -140
core   0: 3 0x8000c2d0 (0xf746e193) x 3 0xffffff74
core   0: 0x8000c2d4 (0x0ff0000f) fence   iorw,iorw
core   0: 3 0x8000c2d4 (0x0ff0000f)
core   0: 0x8000c2d8 (0xffdf0f13) addi    t5, t5, -3
core   0: 3 0x8000c2d8 (0xffdf0f13) x30 0xfffffff7
core   0: 0x8000c2dc (0x015b1b13) slli    s6, s6, 21
core   0: 3 0x8000c2dc (0x015b1b13) x22 0x00000000
core   0: 0x8000c2e0 (0x94986293) ori     t0, a6, -1719
core   0: 3 0x8000c2e0 (0x94986293) x 5 0xfffffffd
core   0: 0x8000c2e4 (0xdca3ba37) lui     s4, 0xdca3b
core   0: 3 0x8000c2e4 (0xdca3ba37) x20 0xdca3b000
core   0: 0x8000c2e8 (0xff1f54e3) bge     t5, a7, pc - 24
core   0: 3 0x8000c2e8 (0xff1f54e3)
core   0: 0x8000c2d0 (0xf746e193) ori     gp, a3, -140
core   0: 3 0x8000c2d0 (0xf746e193) x 3 0xffffff74
core   0: 0x8000c2d4 (0x0ff0000f) fence   iorw,iorw
core   0: 3 0x8000c2d4 (0x0ff0000f)
core   0: 0x8000c2d8 (0xffdf0f13) addi    t5, t5, -3
core   0: 3 0x8000c2d8 (0xffdf0f13) x30 0xfffffff4
core   0: 0x8000c2dc (0x015b1b13) slli    s6, s6, 21
core   0: 3 0x8000c2dc (0x015b1b13) x22 0x00000000
core   0: 0x8000c2e0 (0x94986293) ori     t0, a6, -1719
core   0: 3 0x8000c2e0 (0x94986293) x 5 0xfffffffd
core   0: 0x8000c2e4 (0xdca3ba37) lui     s4, 0xdca3b
core   0: 3 0x8000c2e4 (0xdca3ba37) x20 0xdca3b000
core   0: 0x8000c2e8 (0xff1f54e3) bge     t5, a7, pc - 24
core   0: 3 0x8000c2e8 (0xff1f54e3)
core   0: 0x8000c2ec (0x01c15613) srli    a2, sp, 28
core   0: 3 0x8000c2ec (0x01c15613) x12 0x00000000
core   0: 0x8000c2f0 (0xc1362413) slti    s0, a2, -1005
core   0: 3 0x8000c2f0 (0xc1362413) x 8 0x00000000
core   0: 0x8000c2f4 (0x02086c63) bltu    a6, zero, pc + 56
core   0: 3 0x8000c2f4 (0x02086c63)
core   0: 0x8000c2f8 (0x04fa0863) beq     s4, a5, pc + 80
core   0: 3 0x8000c2f8 (0x04fa0863)
core   0: 0x8000c2fc (0xcec0c793) xori    a5, ra, -788
core   0: 3 0x8000c2fc (0xcec0c793) x15 0x0a35fcec
core   0: 0x8000c300 (0x6f9f6c93) ori     s9, t5, 1785
core   0: 3 0x8000c300 (0x6f9f6c93) x25 0xfffffffd
core   0: 0x8000c304 (0x6c38fb13) andi    s6, a7, 1731
core   0: 3 0x8000c304 (0x6c38fb13) x22 0x000006c3
core   0: 0x8000c308 (0x000e9b33) sll     s6, t4, zero
core   0: 3 0x8000c308 (0x000e9b33) x22 0x000003e0
core   0: 0x8000c30c (0x01b4dc13) srli    s8, s1, 27
core   0: 3 0x8000c30c (0x01b4dc13) x24 0x00000010
core   0: 0x8000c310 (0x00000013) nop
core   0: 3 0x8000c310 (0x00000013)
core   0: 0x8000c314 (0x00371e63) bne     a4, gp, pc + 28
core   0: 3 0x8000c314 (0x00371e63)
core   0: 0x8000c330 (0x00000013) nop
core   0: 3 0x8000c330 (0x00000013)
core   0: 0x8000c334 (0x00000013) nop
core   0: 3 0x8000c334 (0x00000013)
core   0: 0x8000c338 (0x05580463) beq     a6, s5, pc + 72
core   0: 3 0x8000c338 (0x05580463)
core   0: 0x8000c33c (0x00beb3b3) sltu    t2, t4, a1
core   0: 3 0x8000c33c (0x00beb3b3) x 7 0x00000001
core   0: 0x8000c340 (0x40d65233) sra     tp, a2, a3
core   0: 3 0x8000c340 (0x40d65233) x 4 0x00000000
core   0: 0x8000c344 (0x0ff0000f) fence   iorw,iorw
core   0: 3 0x8000c344 (0x0ff0000f)
core   0: 0x8000c348 (0x014ee863) bltu    t4, s4, pc + 16
core   0: 3 0x8000c348 (0x014ee863)
core   0: 0x8000c358 (0x04937263) bgeu    t1, s1, pc + 68
core   0: 3 0x8000c358 (0x04937263)
core   0: 0x8000c39c (0x00fc80b3) add     ra, s9, a5
core   0: 3 0x8000c39c (0x00fc80b3) x 1 0x0a35fce9
core   0: 0x8000c3a0 (0x01ea1a33) sll     s4, s4, t5
core   0: 3 0x8000c3a0 (0x01ea1a33) x20 0x00000000
core   0: 0x8000c3a4 (0x82434d17) auipc   s10, 0x82434
core   0: 3 0x8000c3a4 (0x82434d17) x26 0x024403a4
core   0: 0x8000c3a8 (0x02417c63) bgeu    sp, tp, pc + 56
core   0: 3 0x8000c3a8 (0x02417c63)
core   0: 0x8000c3e0 (0x68bd6393) ori     t2, s10, 1675
core   0: 3 0x8000c3e0 (0x68bd6393) x 7 0x024407af
core   0: 0x8000c3e4 (0x0ff0000f) fence   iorw,iorw
core   0: 3 0x8000c3e4 (0x0ff0000f)
core   0: 0x8000c3e8 (0x41af5b13) srai    s6, t5, 26
core   0: 3 0x8000c3e8 (0x41af5b13) x22 0xffffffff
core   0: 0x8000c3ec (0x017d79b3) and     s3, s10, s7
core   0: 3 0x8000c3ec (0x017d79b3) x19 0x00000220
core   0: 0x8000c3f0 (0x40038933) sub     s2, t2, zero
core   0: 3 0x8000c3f0 (0x40038933) x18 0x024407af
core   0: 0x8000c3f4 (0x00384eb3) xor     t4, a6, gp
core   0: 3 0x8000c3f4 (0x00384eb3) x29 0x00000088
core   0: 0x8000c3f8 (0x00f8f533) and     a0, a7, a5
core   0: 3 0x8000c3f8 (0x00f8f533) x10 0x0a35fce4
core   0: 0x8000c3fc (0xf58b2293) slti    t0, s6, -168
core   0: 3 0x8000c3fc (0xf58b2293) x 5 0x00000000
core   0: 0x8000c400 (0x0142f3b3) and     t2, t0, s4
core   0: 3 0x8000c400 (0x0142f3b3) x 7 0x00000000
core   0: 0x8000c404 (0x01c498b3) sll     a7, s1, t3
core   0: 3 0x8000c404 (0x01c498b3) x17 0x00000000
core   0: 0x8000c408 (0x0008dd93) srli    s11, a7, 0
core   0: 3 0x8000c408 (0x0008dd93) x27 0x00000000
core   0: 0x8000c40c (0x42803917) auipc   s2, 0x42803
core   0: 3 0x8000c40c (0x42803917) x18 0xc280f40c
core   0: 0x8000c410 (0x49e5f593) andi    a1, a1, 1182
core   0: 3 0x8000c410 (0x49e5f593) x11 0x0000049e
core   0: 0x8000c414 (0x50200d17) auipc   s10, 0x50200
core   0: 3 0x8000c414 (0x50200d17) x26 0xd020c414
core   0: 0x8000c418 (0x018198b3) sll     a7, gp, s8
core   0: 3 0x8000c418 (0x018198b3) x17 0xff740000
core   0: 0x8000c41c (0x240c7cb7) lui     s9, 0x240c7
core   0: 3 0x8000c41c (0x240c7cb7) x25 0x240c7000
core   0: 0x8000c420 (0x010f9893) slli    a7, t6, 16
core   0: 3 0x8000c420 (0x010f9893) x17 0xffae0000
core   0: 0x8000c424 (0x9eace693) ori     a3, s9, -1558
core   0: 3 0x8000c424 (0x9eace693) x13 0xfffff9ea
core   0: 0x8000c428 (0x0132de13) srli    t3, t0, 19
core   0: 3 0x8000c428 (0x0132de13) x28 0x00000000
core   0: 0x8000c42c (0x01ca7033) and     zero, s4, t3
core   0: 3 0x8000c42c (0x01ca7033)
core   0: 0x8000c430 (0x34833413) sltiu   s0, t1, 840
core   0: 3 0x8000c430 (0x34833413) x 8 0x00000000
core   0: 0x8000c434 (0x3a10bd13) sltiu   s10, ra, 929
core   0: 3 0x8000c434 (0x3a10bd13) x26 0x00000000
core   0: 0x8000c438 (0x00c9d593) srli    a1, s3, 12
core   0: 3 0x8000c438 (0x00c9d593) x11 0x00000000
core   0: 0x8000c43c (0x0000100f) fence.i
core   0: 3 0x8000c43c (0x0000100f)
core   0: 0x8000c440 (0x04501663) bne     zero, t0, pc + 76
core   0: 3 0x8000c440 (0x04501663)
core   0: 0x8000c444 (0x0e8c2293) slti    t0, s8, 232
core   0: 3 0x8000c444 (0x0e8c2293) x 5 0x00000001
core   0: 0x8000c448 (0x019add33) srl     s10, s5, s9
core   0: 3 0x8000c448 (0x019add33) x26 0xfdb012bb
core   0: 0x8000c44c (0x01ea6e63) bltu    s4, t5, pc + 28
core   0: 3 0x8000c44c (0x01ea6e63)
core   0: 0x8000c468 (0x0ff0000f) fence   iorw,iorw
core   0: 3 0x8000c468 (0x0ff0000f)
core   0: 0x8000c46c (0x0145a433) slt     s0, a1, s4
core   0: 3 0x8000c46c (0x0145a433) x 8 0x00000000
core   0: 0x8000c470 (0x011353b3) srl     t2, t1, a7
core   0: 3 0x8000c470 (0x011353b3) x 7 0xf80028d8
core   0: 0x8000c474 (0x01c85133) srl     sp, a6, t3
core   0: 3 0x8000c474 (0x01c85133) x 2 0xfffffffc
core   0: 0x8000c478 (0x01f04263) blt     zero, t6, pc + 4
core   0: 3 0x8000c478 (0x01f04263)
core   0: 0x8000c47c (0x7415e213) ori     tp, a1, 1857
core   0: 3 0x8000c47c (0x7415e213) x 4 0x00000741
core   0: 0x8000c480 (0x003c7c63) bgeu    s8, gp, pc + 24
core   0: 3 0x8000c480 (0x003c7c63)
core   0: 0x8000c484 (0x1caf7e93) andi    t4, t5, 458
core   0: 3 0x8000c484 (0x1caf7e93) x29 0x000001c0
core   0: 0x8000c488 (0x111a4413) xori    s0, s4, 273
core   0: 3 0x8000c488 (0x111a4413) x 8 0x00000111
core   0: 0x8000c48c (0x00cfb3b3) sltu    t2, t6, a2
core   0: 3 0x8000c48c (0x00cfb3b3) x 7 0x00000000
core   0: 0x8000c490 (0xd88e8993) addi    s3, t4, -632
core   0: 3 0x8000c490 (0xd88e8993) x19 0xffffff48
core   0: 0x8000c494 (0xb10da693) slti    a3, s11, -1264
core   0: 3 0x8000c494 (0xb10da693) x13 0x00000000
core   0: 0x8000c498 (0x38f42f13) slti    t5, s0, 911
core   0: 3 0x8000c498 (0x38f42f13) x30 0x00000001
core   0: 0x8000c49c (0x09cc8063) beq     s9, t3, pc + 128
core   0: 3 0x8000c49c (0x09cc8063)
core   0: 0x8000c4a0 (0x0000100f) fence.i
core   0: 3 0x8000c4a0 (0x0000100f)
core   0: 0x8000c4a4 (0x402f55b3) sra     a1, t5, sp
core   0: 3 0x8000c4a4 (0x402f55b3) x11 0x00000000
core   0: 0x8000c4a8 (0xde0be113) ori     sp, s7, -544
core   0: 3 0x8000c4a8 (0xde0be113) x 2 0xffffffe8
core   0: 0x8000c4ac (0xa8b3e793) ori     a5, t2, -1397
core   0: 3 0x8000c4ac (0xa8b3e793) x15 0xfffffa8b
core   0: 0x8000c4b0 (0x00445c13) srli    s8, s0, 4
core   0: 3 0x8000c4b0 (0x00445c13) x24 0x00000011
core   0: 0x8000c4b4 (0x6aa77f17) auipc   t5, 0x6aa77
core   0: 3 0x8000c4b4 (0x6aa77f17) x30 0xeaa834b4
core   0: 0x8000c4b8 (0x00c80533) add     a0, a6, a2
core   0: 3 0x8000c4b8 (0x00c80533) x10 0xfffffffc
core   0: 0x8000c4bc (0x0037d733) srl     a4, a5, gp
core   0: 3 0x8000c4bc (0x0037d733) x14 0x00000fff
core   0: 0x8000c4c0 (0xff900613) li      a2, -7
core   0: 3 0x8000c4c0 (0xff900613) x12 0xfffffff9
core   0: 0x8000c4c4 (0x00629e13) slli    t3, t0, 6
core   0: 3 0x8000c4c4 (0x00629e13) x28 0x00000040
core   0: 0x8000c4c8 (0x00000013) nop
core   0: 3 0x8000c4c8 (0x00000013)
core   0: 0x8000c4cc (0x00b5a3b3) slt     t2, a1, a1
core   0: 3 0x8000c4cc (0x00b5a3b3) x 7 0x00000000
core   0: 0x8000c4d0 (0x018f4733) xor     a4, t5, s8
core   0: 3 0x8000c4d0 (0x018f4733) x14 0xeaa834a5
core   0: 0x8000c4d4 (0xff100593) li      a1, -15
core   0: 3 0x8000c4d4 (0xff100593) x11 0xfffffff1
core   0: 0x8000c4d8 (0x2c70f413) andi    s0, ra, 711
core   0: 3 0x8000c4d8 (0x2c70f413) x 8 0x000000c1
core   0: 0x8000c4dc (0x01e2f533) and     a0, t0, t5
core   0: 3 0x8000c4dc (0x01e2f533) x10 0x00000000
core   0: 0x8000c4e0 (0x0000100f) fence.i
core   0: 3 0x8000c4e0 (0x0000100f)
core   0: 0x8000c4e4 (0x008c1c13) slli    s8, s8, 8
core   0: 3 0x8000c4e4 (0x008c1c13) x24 0x00001100
core   0: 0x8000c4e8 (0x7f9b2813) slti    a6, s6, 2041
core   0: 3 0x8000c4e8 (0x7f9b2813) x16 0x00000001
core   0: 0x8000c4ec (0x79336a37) lui     s4, 0x79336
core   0: 3 0x8000c4ec (0x79336a37) x20 0x79336000
core   0: 0x8000c4f0 (0x59b8a517) auipc   a0, 0x59b8a
core   0: 3 0x8000c4f0 (0x59b8a517) x10 0xd9b964f0
core   0: 0x8000c4f4 (0x00d53433) sltu    s0, a0, a3
core   0: 3 0x8000c4f4 (0x00d53433) x 8 0x00000000
core   0: 0x8000c4f8 (0x50792297) auipc   t0, 0x50792
core   0: 3 0x8000c4f8 (0x50792297) x 5 0xd079e4f8
core   0: 0x8000c4fc (0xff860613) addi    a2, a2, -8
core   0: 3 0x8000c4fc (0xff860613) x12 0xfffffff1
core   0: 0x8000c500 (0x40815293) srai    t0, sp, 8
core   0: 3 0x8000c500 (0x40815293) x 5 0xffffffff
core   0: 0x8000c504 (0x01bb6033) or      zero, s6, s11
core   0: 3 0x8000c504 (0x01bb6033)
core   0: 0x8000c508 (0x01d7b733) sltu    a4, a5, t4
core   0: 3 0x8000c508 (0x01d7b733) x14 0x00000000
core   0: 0x8000c50c (0x0077cd33) xor     s10, a5, t2
core   0: 3 0x8000c50c (0x0077cd33) x26 0xfffffa8b
core   0: 0x8000c510 (0x417fd3b3) sra     t2, t6, s7
core   0: 3 0x8000c510 (0x417fd3b3) x 7 0xffffffff
core   0: 0x8000c514 (0xfcb61ae3) bne     a2, a1, pc - 44
core   0: 3 0x8000c514 (0xfcb61ae3)
core   0: 0x8000c518 (0x01515313) srli    t1, sp, 21
core   0: 3 0x8000c518 (0x01515313) x 6 0x000007ff
core   0: 0x8000c51c (0x01561693) slli    a3, a2, 21
core   0: 3 0x8000c51c (0x01561693) x13 0xfe200000
core   0: 0x8000c520 (0x40c1d933) sra     s2, gp, a2
core   0: 3 0x8000c520 (0x40c1d933) x18 0xffffffff
core   0: 0x8000c524 (0x00beaeb3) slt     t4, t4, a1
core   0: 3 0x8000c524 (0x00beaeb3) x29 0x00000000
core   0: 0x8000c528 (0x00600f13) li      t5, 6
core   0: 3 0x8000c528 (0x00600f13) x30 0x00000006
core   0: 0x8000c52c (0x00f00913) li      s2, 15
core   0: 3 0x8000c52c (0x00f00913) x18 0x0000000f
core   0: 0x8000c530 (0x011beeb3) or      t4, s7, a7
core   0: 3 0x8000c530 (0x011beeb3) x29 0xffae4e28
core   0: 0x8000c534 (0x0000100f) fence.i
core   0: 3 0x8000c534 (0x0000100f)
core   0: 0x8000c538 (0x429a2d93) slti    s11, s4, 1065
core   0: 3 0x8000c538 (0x429a2d93) x27 0x00000000
core   0: 0x8000c53c (0x2f6a7593) andi    a1, s4, 758
core   0: 3 0x8000c53c (0x2f6a7593) x11 0x00000000
core   0: 0x8000c540 (0x40a45cb3) sra     s9, s0, a0
core   0: 3 0x8000c540 (0x40a45cb3) x25 0x00000000
core   0: 0x8000c544 (0x001f0f13) addi    t5, t5, 1
core   0: 3 0x8000c544 (0x001f0f13) x30 0x00000007
core   0: 0x8000c548 (0xffd00613) li      a2, -3
core   0: 3 0x8000c548 (0xffd00613) x12 0xfffffffd
core   0: 0x8000c54c (0x1a573413) sltiu   s0, a4, 421
core   0: 3 0x8000c54c (0x1a573413) x 8 0x00000001
core   0: 0x8000c550 (0x00200193) li      gp, 2
core   0: 3 0x8000c550 (0x00200193) x 3 0x00000002
core   0: 0x8000c554 (0x002fb6b3) sltu    a3, t6, sp
core   0: 3 0x8000c554 (0x002fb6b3) x13 0x00000001
core   0: 0x8000c558 (0x41df8fb3) sub     t6, t6, t4
core   0: 3 0x8000c558 (0x41df8fb3) x31 0x0051b186
core   0: 0x8000c55c (0x2ae76d93) ori     s11, a4, 686
core   0: 3 0x8000c55c (0x2ae76d93) x27 0x000002ae
core   0: 0x8000c560 (0x00be0a33) add     s4, t3, a1
core   0: 3 0x8000c560 (0x00be0a33) x20 0x00000040
core   0: 0x8000c564 (0x01e336b3) sltu    a3, t1, t5
core   0: 3 0x8000c564 (0x01e336b3) x13 0x00000000
core   0: 0x8000c568 (0x00860613) addi    a2, a2, 8
core   0: 3 0x8000c568 (0x00860613) x12 0x00000005
core   0: 0x8000c56c (0x0072d393) srli    t2, t0, 7
core   0: 3 0x8000c56c (0x0072d393) x 7 0x01ffffff
core   0: 0x8000c570 (0xfe3648e3) blt     a2, gp, pc - 16
core   0: 3 0x8000c570 (0xfe3648e3)
core   0: 0x8000c574 (0xf5fa2293) slti    t0, s4, -161
core   0: 3 0x8000c574 (0xf5fa2293) x 5 0x00000000
core   0: 0x8000c578 (0xfd2f00e3) beq     t5, s2, pc - 64
core   0: 3 0x8000c578 (0xfd2f00e3)
core   0: 0x8000c57c (0x01a895b3) sll     a1, a7, s10
core   0: 3 0x8000c57c (0x01a895b3) x11 0x70000000
core   0: 0x8000c580 (0x41df8db3) sub     s11, t6, t4
core   0: 3 0x8000c580 (0x41df8db3) x27 0x00a3635e
core   0: 0x8000c584 (0x05a9c463) blt     s3, s10, pc + 72
core   0: 3 0x8000c584 (0x05a9c463)
core   0: 0x8000c588 (0xbc75c513) xori    a0, a1, -1081
core   0: 3 0x8000c588 (0xbc75c513) x10 0x8ffffbc7
core   0: 0x8000c58c (0x000fab33) slt     s6, t6, zero
core   0: 3 0x8000c58c (0x000fab33) x22 0x00000000
core   0: 0x8000c590 (0x71802693) slti    a3, zero, 1816
core   0: 3 0x8000c590 (0x71802693) x13 0x00000001
core   0: 0x8000c594 (0x0583e263) bltu    t2, s8, pc + 68
core   0: 3 0x8000c594 (0x0583e263)
core   0: 0x8000c598 (0x413fde13) srai    t3, t6, 19
core   0: 3 0x8000c598 (0x413fde13) x28 0x0000000a
core   0: 0x8000c59c (0x03c6fc63) bgeu    a3, t3, pc + 56
core   0: 3 0x8000c59c (0x03c6fc63)
core   0: 0x8000c5a0 (0xaaddb093) sltiu   ra, s11, -1363
core   0: 3 0x8000c5a0 (0xaaddb093) x 1 0x00000001
core   0: 0x8000c5a4 (0x01986863) bltu    a6, s9, pc + 16
core   0: 3 0x8000c5a4 (0x01986863)
core   0: 0x8000c5a8 (0x006d8cb3) add     s9, s11, t1
core   0: 3 0x8000c5a8 (0x006d8cb3) x25 0x00a36b5d
core   0: 0x8000c5ac (0x40e80333) sub     t1, a6, a4
core   0: 3 0x8000c5ac (0x40e80333) x 6 0x00000001
core   0: 0x8000c5b0 (0x02461c63) bne     a2, tp, pc + 56
core   0: 3 0x8000c5b0 (0x02461c63)
core   0: 0x8000c5e8 (0x01729993) slli    s3, t0, 23
core   0: 3 0x8000c5e8 (0x01729993) x19 0x00000000
core   0: 0x8000c5ec (0x00fc5db3) srl     s11, s8, a5
core   0: 3 0x8000c5ec (0x00fc5db3) x27 0x00000002
core   0: 0x8000c5f0 (0x01724a33) xor     s4, tp, s7
core   0: 3 0x8000c5f0 (0x01724a33) x20 0x80024969
core   0: 0x8000c5f4 (0x0ff0000f) fence   iorw,iorw
core   0: 3 0x8000c5f4 (0x0ff0000f)
core   0: 0x8000c5f8 (0x01af43b3) xor     t2, t5, s10
core   0: 3 0x8000c5f8 (0x01af43b3) x 7 0xfffffa8c
core   0: 0x8000c5fc (0x00ddc663) blt     s11, a3, pc + 12
core   0: 3 0x8000c5fc (0x00ddc663)
core   0: 0x8000c600 (0x0569e263) bltu    s3, s6, pc + 68
core   0: 3 0x8000c600 (0x0569e263)
core   0: 0x8000c604 (0x0072dd93) srli    s11, t0, 7
core   0: 3 0x8000c604 (0x0072dd93) x27 0x00000000
core   0: 0x8000c608 (0x4022d513) srai    a0, t0, 2
core   0: 3 0x8000c608 (0x4022d513) x10 0x00000000
core   0: 0x8000c60c (0x032f4863) blt     t5, s2, pc + 48
core   0: 3 0x8000c60c (0x032f4863)
core   0: 0x8000c63c (0x0123c433) xor     s0, t2, s2
core   0: 3 0x8000c63c (0x0123c433) x 8 0xfffffa83
core   0: 0x8000c640 (0x0475e463) bltu    a1, t2, pc + 72
core   0: 3 0x8000c640 (0x0475e463)
core   0: 0x8000c688 (0x00b68e63) beq     a3, a1, pc + 28
core   0: 3 0x8000c688 (0x00b68e63)
core   0: 0x8000c68c (0x41c9d713) srai    a4, s3, 28
core   0: 3 0x8000c68c (0x41c9d713) x14 0x00000000
core   0: 0x8000c690 (0x00000013) nop
core   0: 3 0x8000c690 (0x00000013)
core   0: 0x8000c694 (0x009c1533) sll     a0, s8, s1
core   0: 3 0x8000c694 (0x009c1533) x10 0x00011000
core   0: 0x8000c698 (0x002e1c13) slli    s8, t3, 2
core   0: 3 0x8000c698 (0x002e1c13) x24 0x00000028
core   0: 0x8000c69c (0x419ed293) srai    t0, t4, 25
core   0: 3 0x8000c69c (0x419ed293) x 5 0xffffffff
core   0: 0x8000c6a0 (0x04bee063) bltu    t4, a1, pc + 64
core   0: 3 0x8000c6a0 (0x04bee063)
core   0: 0x8000c6a4 (0x027e7663) bgeu    t3, t2, pc + 44
core   0: 3 0x8000c6a4 (0x027e7663)
core   0: 0x8000c6a8 (0xa9748113) addi    sp, s1, -1385
core   0: 3 0x8000c6a8 (0xa9748113) x 2 0x8002877b
core   0: 0x8000c6ac (0x0000100f) fence.i
core   0: 3 0x8000c6ac (0x0000100f)
core   0: 0x8000c6b0 (0x02736a63) bltu    t1, t2, pc + 52
core   0: 3 0x8000c6b0 (0x02736a63)
core   0: 0x8000c6e4 (0x5ec24993) xori    s3, tp, 1516
core   0: 3 0x8000c6e4 (0x5ec24993) x19 0x000002ad
core   0: 0x8000c6e8 (0x00d01f33) sll     t5, zero, a3
core   0: 3 0x8000c6e8 (0x00d01f33) x30 0x00000000
core   0: 0x8000c6ec (0x538afd97) auipc   s11, 0x538af
core   0: 3 0x8000c6ec (0x538afd97) x27 0xd38bb6ec
core   0: 0x8000c6f0 (0x072c7a63) bgeu    s8, s2, pc + 116
core   0: 3 0x8000c6f0 (0x072c7a63)
core   0: 0x8000c764 (0x00a5e1b3) or      gp, a1, a0
core   0: 3 0x8000c764 (0x00a5e1b3) x 3 0x70011000
core   0: 0x8000c768 (0x0095d5b3) srl     a1, a1, s1
core   0: 3 0x8000c768 (0x0095d5b3) x11 0x07000000
core   0: 0x8000c76c (0x41815833) sra     a6, sp, s8
core   0: 3 0x8000c76c (0x41815833) x16 0xff800287
core   0: 0x8000c770 (0xb1223b13) sltiu   s6, tp, -1262
core   0: 3 0x8000c770 (0xb1223b13) x22 0x00000001
core   0: 0x8000c774 (0x00afb8b3) sltu    a7, t6, a0
core   0: 3 0x8000c774 (0x00afb8b3) x17 0x00000000
core   0: 0x8000c778 (0x01951eb3) sll     t4, a0, s9
core   0: 3 0x8000c778 (0x01951eb3) x29 0x00000000
core   0: 0x8000c77c (0x00289093) slli    ra, a7, 2
core   0: 3 0x8000c77c (0x00289093) x 1 0x00000000
core   0: 0x8000c780 (0x449ac413) xori    s0, s5, 1097
core   0: 3 0x8000c780 (0x449ac413) x 8 0xfdb016f2
core   0: 0x8000c784 (0x0169b9b3) sltu    s3, s3, s6
core   0: 3 0x8000c784 (0x0169b9b3) x19 0x00000000
core   0: 0x8000c788 (0x032c9c63) bne     s9, s2, pc + 56
core   0: 3 0x8000c788 (0x032c9c63)
core   0: 0x8000c7c0 (0x38606837) lui     a6, 0x38606
core   0: 3 0x8000c7c0 (0x38606837) x16 0x38606000
core   0: 0x8000c7c4 (0x00a04863) blt     zero, a0, pc + 16
core   0: 3 0x8000c7c4 (0x00a04863)
core   0: 0x8000c7d4 (0x019f93b3) sll     t2, t6, s9
core   0: 3 0x8000c7d4 (0x019f93b3) x 7 0xc0000000
core   0: 0x8000c7d8 (0xdc1f8e13) addi    t3, t6, -575
core   0: 3 0x8000c7d8 (0xdc1f8e13) x28 0x0051af47
core   0: 0x8000c7dc (0x3336a093) slti    ra, a3, 819
core   0: 3 0x8000c7dc (0x3336a093) x 1 0x00000001
core   0: 0x8000c7e0 (0x0040d013) srli    zero, ra, 4
core   0: 3 0x8000c7e0 (0x0040d013)
core   0: 0x8000c7e4 (0x00811e63) bne     sp, s0, pc + 28
core   0: 3 0x8000c7e4 (0x00811e63)
core   0: 0x8000c800 (0x41e7d593) srai    a1, a5, 30
core   0: 3 0x8000c800 (0x41e7d593) x11 0xffffffff
core   0: 0x8000c804 (0x01dc0633) add     a2, s8, t4
core   0: 3 0x8000c804 (0x01dc0633) x12 0x00000028
core   0: 0x8000c808 (0xa18a3a17) auipc   s4, 0xa18a3
core   0: 3 0x8000c808 (0xa18a3a17) x20 0x218af808
core   0: 0x8000c80c (0x3373fd93) andi    s11, t2, 823
core   0: 3 0x8000c80c (0x3373fd93) x27 0x00000000
core   0: 0x8000c810 (0x04c41863) bne     s0, a2, pc + 80
core   0: 3 0x8000c810 (0x04c41863)
core   0: 0x8000c860 (0x0382c863) blt     t0, s8, pc + 48
core   0: 3 0x8000c860 (0x0382c863)
core   0: 0x8000c890 (0x01457fb3) and     t6, a0, s4
core   0: 3 0x8000c890 (0x01457fb3) x31 0x00001000
core   0: 0x8000c894 (0x04876263) bltu    a4, s0, pc + 68
core   0: 3 0x8000c894 (0x04876263)
core   0: 0x8000c8d8 (0x058a6263) bltu    s4, s8, pc + 68
core   0: 3 0x8000c8d8 (0x058a6263)
core   0: 0x8000c8dc (0xcc3812b7) lui     t0, 0xcc381
core   0: 3 0x8000c8dc (0xcc3812b7) x 5 0xcc381000
core   0: 0x8000c8e0 (0x01731293) slli    t0, t1, 23
core   0: 3 0x8000c8e0 (0x01731293) x 5 0x00800000
core   0: 0x8000c8e4 (0x4017d593) srai    a1, a5, 1
core   0: 3 0x8000c8e4 (0x4017d593) x11 0xfffffd45
core   0: 0x8000c8e8 (0xe0147e93) andi    t4, s0, -511
core   0: 3 0x8000c8e8 (0xe0147e93) x29 0xfdb01600
core   0: 0x8000c8ec (0x4bc63f93) sltiu   t6, a2, 1212
core   0: 3 0x8000c8ec (0x4bc63f93) x31 0x00000001
core   0: 0x8000c8f0 (0x407dd793) srai    a5, s11, 7
core   0: 3 0x8000c8f0 (0x407dd793) x15 0x00000000
core   0: 0x8000c8f4 (0x3a50a093) slti    ra, ra, 933
core   0: 3 0x8000c8f4 (0x3a50a093) x 1 0x00000001
core   0: 0x8000c8f8 (0x40110f33) sub     t5, sp, ra
core   0: 3 0x8000c8f8 (0x40110f33) x30 0x8002877a
core   0: 0x8000c8fc (0x004f6a33) or      s4, t5, tp
core   0: 3 0x8000c8fc (0x004f6a33) x20 0x8002877b
core   0: 0x8000c900 (0x0ff0000f) fence   iorw,iorw
core   0: 3 0x8000c900 (0x0ff0000f)
core   0: 0x8000c904 (0x03190263) beq     s2, a7, pc + 36
core   0: 3 0x8000c904 (0x03190263)
core   0: 0x8000c908 (0xf75cc613) xori    a2, s9, -139
core   0: 3 0x8000c908 (0xf75cc613) x12 0xff5c9428
core   0: 0x8000c90c (0x7f652293) slti    t0, a0, 2038
core   0: 3 0x8000c90c (0x7f652293) x 5 0x00000000
core   0: 0x8000c910 (0x00c39333) sll     t1, t2, a2
core   0: 3 0x8000c910 (0x00c39333) x 6 0x00000000
core   0: 0x8000c914 (0x001878b3) and     a7, a6, ra
core   0: 3 0x8000c914 (0x001878b3) x17 0x00000000
core   0: 0x8000c918 (0x1e8f4013) xori    zero, t5, 488
core   0: 3 0x8000c918 (0x1e8f4013)
core   0: 0x8000c91c (0x27f18713) addi    a4, gp, 639
core   0: 3 0x8000c91c (0x27f18713) x14 0x7001127f
core   0: 0x8000c920 (0x0128cc63) blt     a7, s2, pc + 24
core   0: 3 0x8000c920 (0x0128cc63)
core   0: 0x8000c938 (0x41c652b3) sra     t0, a2, t3
core   0: 3 0x8000c938 (0x41c652b3) x 5 0xfffeb928
core   0: 0x8000c93c (0x05375463) bge     a4, s3, pc + 72
core   0: 3 0x8000c93c (0x05375463)
core   0: 0x8000c984 (0x40795eb3) sra     t4, s2, t2
core   0: 3 0x8000c984 (0x40795eb3) x29 0x0000000f
core   0: 0x8000c988 (0x0ff0000f) fence   iorw,iorw
core   0: 3 0x8000c988 (0x0ff0000f)
core   0: 0x8000c98c (0x04111863) bne     sp, ra, pc + 80
core   0: 3 0x8000c98c (0x04111863)
core   0: 0x8000c9dc (0x02457863) bgeu    a0, tp, pc + 48
core   0: 3 0x8000c9dc (0x02457863)
core   0: 0x8000ca0c (0x37936b37) lui     s6, 0x37936
core   0: 3 0x8000ca0c (0x37936b37) x22 0x37936000
core   0: 0x8000ca10 (0x00c8d913) srli    s2, a7, 12
core   0: 3 0x8000ca10 (0x00c8d913) x18 0x00000000
core   0: 0x8000ca14 (0x04cbd063) bge     s7, a2, pc + 64
core   0: 3 0x8000ca14 (0x04cbd063)
core   0: 0x8000ca18 (0x9f4de393) ori     t2, s11, -1548
core   0: 3 0x8000ca18 (0x9f4de393) x 7 0xfffff9f4
core   0: 0x8000ca1c (0x00599e93) slli    t4, s3, 5
core   0: 3 0x8000ca1c (0x00599e93) x29 0x00000000
core   0: 0x8000ca20 (0x001b4633) xor     a2, s6, ra
core   0: 3 0x8000ca20 (0x001b4633) x12 0x37936001
core   0: 0x8000ca24 (0x410ed193) srai    gp, t4, 16
core   0: 3 0x8000ca24 (0x410ed193) x 3 0x00000000
core   0: 0x8000ca28 (0x05c1d263) bge     gp, t3, pc + 68
core   0: 3 0x8000ca28 (0x05c1d263)
core   0: 0x8000ca2c (0x001f1e13) slli    t3, t5, 1
core   0: 3 0x8000ca2c (0x001f1e13) x28 0x00050ef4
core   0: 0x8000ca30 (0x0404f063) bgeu    s1, zero, pc + 64
core   0: 3 0x8000ca30 (0x0404f063)
core   0: 0x8000ca70 (0x05620463) beq     tp, s6, pc + 72
core   0: 3 0x8000ca70 (0x05620463)
core   0: 0x8000ca74 (0x034fea63) bltu    t6, s4, pc + 52
core   0: 3 0x8000ca74 (0x034fea63)
core   0: 0x8000caa8 (0x01081d13) slli    s10, a6, 16
core   0: 3 0x8000caa8 (0x01081d13) x26 0x60000000
core   0: 0x8000caac (0x02ab6c63) bltu    s6, a0, pc + 56
core   0: 3 0x8000caac (0x02ab6c63)
core   0: 0x8000cab0 (0x00901993) slli    s3, zero, 9
core   0: 3 0x8000cab0 (0x00901993) x19 0x00000000
core   0: 0x8000cab4 (0x72f3cd17) auipc   s10, 0x72f3c
core   0: 3 0x8000cab4 (0x72f3cd17) x26 0xf2f48ab4
core   0: 0x8000cab8 (0x1bcaef13) ori     t5, s5, 444
core   0: 3 0x8000cab8 (0x1bcaef13) x30 0xfdb013bf
core   0: 0x8000cabc (0x002287b3) add     a5, t0, sp
core   0: 3 0x8000cabc (0x002287b3) x15 0x800140a3
core   0: 0x8000cac0 (0x01835b13) srli    s6, t1, 24
core   0: 3 0x8000cac0 (0x01835b13) x22 0x00000000
core   0: 0x8000cac4 (0x413b5f33) sra     t5, s6, s3
core   0: 3 0x8000cac4 (0x413b5f33) x30 0x00000000
core   0: 0x8000cac8 (0x00203033) snez    zero, sp
core   0: 3 0x8000cac8 (0x00203033)
core   0: 0x8000cacc (0x1ae1cd13) xori    s10, gp, 430
core   0: 3 0x8000cacc (0x1ae1cd13) x26 0x000001ae
core   0: 0x8000cad0 (0x016b9663) bne     s7, s6, pc + 12
core   0: 3 0x8000cad0 (0x016b9663)
core   0: 0x8000cadc (0x0ff0000f) fence   iorw,iorw
core   0: 3 0x8000cadc (0x0ff0000f)
core   0: 0x8000cae0 (0x028f6c63) bltu    t5, s0, pc + 56
core   0: 3 0x8000cae0 (0x028f6c63)
core   0: 0x8000cb18 (0x00270533) add     a0, a4, sp
core   0: 3 0x8000cb18 (0x00270533) x10 0xf00399fa
core   0: 0x8000cb1c (0x66214c93) xori    s9, sp, 1634
core   0: 3 0x8000cb1c (0x66214c93) x25 0x80028119
core   0: 0x8000cb20 (0x00cec333) xor     t1, t4, a2
core   0: 3 0x8000cb20 (0x00cec333) x 6 0x37936001
core   0: 0x8000cb24 (0x00b97733) and     a4, s2, a1
core   0: 3 0x8000cb24 (0x00b97733) x14 0x00000000
core   0: 0x8000cb28 (0x0140e863) bltu    ra, s4, pc + 16
core   0: 3 0x8000cb28 (0x0140e863)
core   0: 0x8000cb38 (0x0000100f) fence.i
core   0: 3 0x8000cb38 (0x0000100f)
core   0: 0x8000cb3c (0x33ce4193) xori    gp, t3, 828
core   0: 3 0x8000cb3c (0x33ce4193) x 3 0x00050dc8
core   0: 0x8000cb40 (0x00000013) nop
core   0: 3 0x8000cb40 (0x00000013)
core   0: 0x8000cb44 (0x01271663) bne     a4, s2, pc + 12
core   0: 3 0x8000cb44 (0x01271663)
core   0: 0x8000cb48 (0xf99bbf93) sltiu   t6, s7, -103
core   0: 3 0x8000cb48 (0xf99bbf93) x31 0x00000001
core   0: 0x8000cb4c (0x00f78863) beq     a5, a5, pc + 16
core   0: 3 0x8000cb4c (0x00f78863)
core   0: 0x8000cb5c (0x006088b3) add     a7, ra, t1
core   0: 3 0x8000cb5c (0x006088b3) x17 0x37936002
core   0: 0x8000cb60 (0x00da9f33) sll     t5, s5, a3
core   0: 3 0x8000cb60 (0x00da9f33) x30 0xfb602576
core   0: 0x8000cb64 (0x00d79c63) bne     a5, a3, pc + 24
core   0: 3 0x8000cb64 (0x00d79c63)
core   0: 0x8000cb7c (0x00d29333) sll     t1, t0, a3
core   0: 3 0x8000cb7c (0x00d29333) x 6 0xfffd7250
core   0: 0x8000cb80 (0xa1218f13) addi    t5, gp, -1518
core   0: 3 0x8000cb80 (0xa1218f13) x30 0x000507da
core   0: 0x8000cb84 (0x02b3ec63) bltu    t2, a1, pc + 56
core   0: 3 0x8000cb84 (0x02b3ec63)
core   0: 0x8000cbbc (0x4155deb3) sra     t4, a1, s5
core   0: 3 0x8000cbbc (0x4155deb3) x29 0xffffffff
core   0: 0x8000cbc0 (0x016ef033) and     zero, t4, s6
core   0: 3 0x8000cbc0 (0x016ef033)
core   0: 0x8000cbc4 (0x01e060b3) or      ra, zero, t5
core   0: 3 0x8000cbc4 (0x01e060b3) x 1 0x000507da
core   0: 0x8000cbc8 (0x5115b993) sltiu   s3, a1, 1297
core   0: 3 0x8000cbc8 (0x5115b993) x19 0x00000000
core   0: 0x8000cbcc (0x0387d663) bge     a5, s8, pc + 44
core   0: 3 0x8000cbcc (0x0387d663)
core   0: 0x8000cbd0 (0x0473f463) bgeu    t2, t2, pc + 72
core   0: 3 0x8000cbd0 (0x0473f463)
core   0: 0x8000cc18 (0x01981e63) bne     a6, s9, pc + 28
core   0: 3 0x8000cc18 (0x01981e63)
core   0: 0x8000cc34 (0x0ff0000f) fence   iorw,iorw
core   0: 3 0x8000cc34 (0x0ff0000f)
core   0: 0x8000cc38 (0x0040d8b3) srl     a7, ra, tp
core   0: 3 0x8000cc38 (0x0040d8b3) x17 0x000283ed
core   0: 0x8000cc3c (0x01aae933) or      s2, s5, s10
core   0: 3 0x8000cc3c (0x01aae933) x18 0xfdb013bf
core   0: 0x8000cc40 (0x010388b3) add     a7, t2, a6
core   0: 3 0x8000cc40 (0x010388b3) x17 0x386059f4
core   0: 0x8000cc44 (0x013eafb3) slt     t6, t4, s3
core   0: 3 0x8000cc44 (0x013eafb3) x31 0x00000001
core   0: 0x8000cc48 (0x041e1863) bne     t3, ra, pc + 80
core   0: 3 0x8000cc48 (0x041e1863)
core   0: 0x8000cc98 (0xdc1aa817) auipc   a6, 0xdc1aa
core   0: 3 0x8000cc98 (0xdc1aa817) x16 0x5c1b6c98
core   0: 0x8000cc9c (0xaa83e313) ori     t1, t2, -1368
core   0: 3 0x8000cc9c (0xaa83e313) x 6 0xfffffbfc
core   0: 0x8000cca0 (0x85243b13) sltiu   s6, s0, -1966
core   0: 3 0x8000cca0 (0x85243b13) x22 0x00000001
core   0: 0x8000cca4 (0x41f885b3) sub     a1, a7, t6
core   0: 3 0x8000cca4 (0x41f885b3) x11 0x386059f3
core   0: 0x8000cca8 (0x40cd08b3) sub     a7, s10, a2
core   0: 3 0x8000cca8 (0x40cd08b3) x17 0xc86ca1ad
core   0: 0x8000ccac (0x01901433) sll     s0, zero, s9
core   0: 3 0x8000ccac (0x01901433) x 8 0x00000000
core   0: 0x8000ccb0 (0x01a069b3) or      s3, zero, s10
core   0: 3 0x8000ccb0 (0x01a069b3) x19 0x000001ae
core   0: 0x8000ccb4 (0x00afee63) bltu    t6, a0, pc + 28
core   0: 3 0x8000ccb4 (0x00afee63)
core   0: 0x8000ccd0 (0x01e9d9b3) srl     s3, s3, t5
core   0: 3 0x8000ccd0 (0x01e9d9b3) x19 0x00000000
core   0: 0x8000ccd4 (0x0016af33) slt     t5, a3, ra
core   0: 3 0x8000ccd4 (0x0016af33) x30 0x00000001
core   0: 0x8000ccd8 (0x41e5d833) sra     a6, a1, t5
core   0: 3 0x8000ccd8 (0x41e5d833) x16 0x1c302cf9
core   0: 0x8000ccdc (0x0ff0000f) fence   iorw,iorw
core   0: 3 0x8000ccdc (0x0ff0000f)
core   0: 0x8000cce0 (0x93db0213) addi    tp, s6, -1731
core   0: 3 0x8000cce0 (0x93db0213) x 4 0xfffff93e
core   0: 0x8000cce4 (0x01bf6c63) bltu    t5, s11, pc + 24
core   0: 3 0x8000cce4 (0x01bf6c63)
core   0: 0x8000cce8 (0x00000013) nop
core   0: 3 0x8000cce8 (0x00000013)
core   0: 0x8000ccec (0x035d4263) blt     s10, s5, pc + 36
core   0: 3 0x8000ccec (0x035d4263)
core   0: 0x8000ccf0 (0x00984eb3) xor     t4, a6, s1
core   0: 3 0x8000ccf0 (0x00984eb3) x29 0x9c32a01d
core   0: 0x8000ccf4 (0x0043a633) slt     a2, t2, tp
core   0: 3 0x8000ccf4 (0x0043a633) x12 0x00000000
core   0: 0x8000ccf8 (0x01f22db3) slt     s11, tp, t6
core   0: 3 0x8000ccf8 (0x01f22db3) x27 0x00000001
core   0: 0x8000ccfc (0x0ccfd863) bge     t6, a2, pc + 208
core   0: 3 0x8000ccfc (0x0ccfd863)
core   0: 0x8000cdcc (0x40ab5233) sra     tp, s6, a0
core   0: 3 0x8000cdcc (0x40ab5233) x 4 0x00000000
core   0: 0x8000cdd0 (0x011a2db3) slt     s11, s4, a7
core   0: 3 0x8000cdd0 (0x011a2db3) x27 0x00000001
core   0: 0x8000cdd4 (0x00300293) li      t0, 3
core   0: 3 0x8000cdd4 (0x00300293) x 5 0x00000003
core   0: 0x8000cdd8 (0x0ff0000f) fence   iorw,iorw
core   0: 3 0x8000cdd8 (0x0ff0000f)
core   0: 0x8000cddc (0x01453e33) sltu    t3, a0, s4
core   0: 3 0x8000cddc (0x01453e33) x28 0x00000000
core   0: 0x8000cde0 (0x41d4d233) sra     tp, s1, t4
core   0: 3 0x8000cde0 (0x41d4d233) x 4 0xfffffffc
core   0: 0x8000cde4 (0x011a75b3) and     a1, s4, a7
core   0: 3 0x8000cde4 (0x011a75b3) x11 0x80008129
core   0: 0x8000cde8 (0x40b8d0b3) sra     ra, a7, a1
core   0: 3 0x8000cde8 (0x40b8d0b3) x 1 0xffe43650
core   0: 0x8000cdec (0x016b9a13) slli    s4, s7, 22
core   0: 3 0x8000cdec (0x016b9a13) x20 0x8a000000
core   0: 0x8000cdf0 (0x001ea033) slt     zero, t4, ra
core   0: 3 0x8000cdf0 (0x001ea033)
core   0: 0x8000cdf4 (0x01864a33) xor     s4, a2, s8
core   0: 3 0x8000cdf4 (0x01864a33) x20 0x00000028
core   0: 0x8000cdf8 (0xffa00813) li      a6, -6
core   0: 3 0x8000cdf8 (0xffa00813) x16 0xfffffffa
core   0: 0x8000cdfc (0xe414bc13) sltiu   s8, s1, -447
core   0: 3 0x8000cdfc (0xe414bc13) x24 0x00000001
core   0: 0x8000ce00 (0x41d28e33) sub     t3, t0, t4
core   0: 3 0x8000ce00 (0x41d28e33) x28 0x63cd5fe6
core   0: 0x8000ce04 (0x00b3d693) srli    a3, t2, 11
core   0: 3 0x8000ce04 (0x00b3d693) x13 0x001fffff
core   0: 0x8000ce08 (0x2cb9b213) sltiu   tp, s3, 715
core   0: 3 0x8000ce08 (0x2cb9b213) x 4 0x00000001
core   0: 0x8000ce0c (0x41a55eb3) sra     t4, a0, s10
core   0: 3 0x8000ce0c (0x41a55eb3) x29 0xffffc00e
core   0: 0x8000ce10 (0x40b186b3) sub     a3, gp, a1
core   0: 3 0x8000ce10 (0x40b186b3) x13 0x80048c9f
core   0: 0x8000ce14 (0x13d44993) xori    s3, s0, 317
core   0: 3 0x8000ce14 (0x13d44993) x19 0x0000013d
core   0: 0x8000ce18 (0x00d19c13) slli    s8, gp, 13
core   0: 3 0x8000ce18 (0x00d19c13) x24 0xa1b90000
core   0: 0x8000ce1c (0x0ff0000f) fence   iorw,iorw
core   0: 3 0x8000ce1c (0x0ff0000f)
core   0: 0x8000ce20 (0x00000013) nop
core   0: 3 0x8000ce20 (0x00000013)
core   0: 0x8000ce24 (0x013c8133) add     sp, s9, s3
core   0: 3 0x8000ce24 (0x013c8133) x 2 0x80028256
core   0: 0x8000ce28 (0x006151b3) srl     gp, sp, t1
core   0: 3 0x8000ce28 (0x006151b3) x 3 0x00000008
core   0: 0x8000ce2c (0xff728293) addi    t0, t0, -9
core   0: 3 0x8000ce2c (0xff728293) x 5 0xfffffffa
core   0: 0x8000ce30 (0x4194dd33) sra     s10, s1, s9
core   0: 3 0x8000ce30 (0x4194dd33) x26 0xffffffc0
core   0: 0x8000ce34 (0x01999a33) sll     s4, s3, s9
core   0: 3 0x8000ce34 (0x01999a33) x20 0x7a000000
core   0: 0x8000ce38 (0x00df98b3) sll     a7, t6, a3
core   0: 3 0x8000ce38 (0x00df98b3) x17 0x80000000
core   0: 0x8000ce3c (0xfd028ae3) beq     t0, a6, pc - 44
core   0: 3 0x8000ce3c (0xfd028ae3)
core   0: 0x8000ce10 (0x40b186b3) sub     a3, gp, a1
core   0: 3 0x8000ce10 (0x40b186b3) x13 0x7fff7edf
core   0: 0x8000ce14 (0x13d44993) xori    s3, s0, 317
core   0: 3 0x8000ce14 (0x13d44993) x19 0x0000013d
core   0: 0x8000ce18 (0x00d19c13) slli    s8, gp, 13
core   0: 3 0x8000ce18 (0x00d19c13) x24 0x00010000
core   0: 0x8000ce1c (0x0ff0000f) fence   iorw,iorw
core   0: 3 0x8000ce1c (0x0ff0000f)
core   0: 0x8000ce20 (0x00000013) nop
core   0: 3 0x8000ce20 (0x00000013)
core   0: 0x8000ce24 (0x013c8133) add     sp, s9, s3
core   0: 3 0x8000ce24 (0x013c8133) x 2 0x80028256
core   0: 0x8000ce28 (0x006151b3) srl     gp, sp, t1
core   0: 3 0x8000ce28 (0x006151b3) x 3 0x00000008
core   0: 0x8000ce2c (0xff728293) addi    t0, t0, -9
core   0: 3 0x8000ce2c (0xff728293) x 5 0xfffffff1
core   0: 0x8000ce30 (0x4194dd33) sra     s10, s1, s9
core   0: 3 0x8000ce30 (0x4194dd33) x26 0xffffffc0
core   0: 0x8000ce34 (0x01999a33) sll     s4, s3, s9
core   0: 3 0x8000ce34 (0x01999a33) x20 0x7a000000
core   0: 0x8000ce38 (0x00df98b3) sll     a7, t6, a3
core   0: 3 0x8000ce38 (0x00df98b3) x17 0x80000000
core   0: 0x8000ce3c (0xfd028ae3) beq     t0, a6, pc - 44
core   0: 3 0x8000ce3c (0xfd028ae3)
core   0: 0x8000ce40 (0xb6d3ec93) ori     s9, t2, -1171
core   0: 3 0x8000ce40 (0xb6d3ec93) x25 0xfffffbfd
core   0: 0x8000ce44 (0x3ea4b213) sltiu   tp, s1, 1002
core   0: 3 0x8000ce44 (0x3ea4b213) x 4 0x00000000
core   0: 0x8000ce48 (0x019d60b3) or      ra, s10, s9
core   0: 3 0x8000ce48 (0x019d60b3) x 1 0xfffffffd
core   0: 0x8000ce4c (0x08b66013) ori     zero, a2, 139
core   0: 3 0x8000ce4c (0x08b66013)
core   0: 0x8000ce50 (0x41605e13) srai    t3, zero, 22
core   0: 3 0x8000ce50 (0x41605e13) x28 0x00000000
core   0: 0x8000ce54 (0x7ae56e93) ori     t4, a0, 1966
core   0: 3 0x8000ce54 (0x7ae56e93) x29 0xf0039ffe
core   0: 0x8000ce58 (0x03e04263) blt     zero, t5, pc + 36
core   0: 3 0x8000ce58 (0x03e04263)
core   0: 0x8000ce7c (0x015c4cb3) xor     s9, s8, s5
core   0: 3 0x8000ce7c (0x015c4cb3) x25 0xfdb112bb
core   0: 0x8000ce80 (0x01226f33) or      t5, tp, s2
core   0: 3 0x8000ce80 (0x01226f33) x30 0xfdb013bf
core   0: 0x8000ce84 (0x07a5e663) bltu    a1, s10, pc + 108
core   0: 3 0x8000ce84 (0x07a5e663)
core   0: 0x8000cef0 (0x0114ec33) or      s8, s1, a7
core   0: 3 0x8000cef0 (0x0114ec33) x24 0x80028ce4
core   0: 0x8000cef4 (0x005ad993) srli    s3, s5, 5
core   0: 3 0x8000cef4 (0x005ad993) x19 0x07ed8095
core   0: 0x8000cef8 (0x005d6eb3) or      t4, s10, t0
core   0: 3 0x8000cef8 (0x005d6eb3) x29 0xfffffff1
core   0: 0x8000cefc (0x63218c37) lui     s8, 0x63218
core   0: 3 0x8000cefc (0x63218c37) x24 0x63218000
core   0: 0x8000cf00 (0xd3f34793) xori    a5, t1, -705
core   0: 3 0x8000cf00 (0xd3f34793) x15 0x000006c3
core   0: 0x8000cf04 (0x0ff0000f) fence   iorw,iorw
core   0: 3 0x8000cf04 (0x0ff0000f)
core   0: 0x8000cf08 (0x0000100f) fence.i
core   0: 3 0x8000cf08 (0x0000100f)
core   0: 0x8000cf0c (0x4122d793) srai    a5, t0, 18
core   0: 3 0x8000cf0c (0x4122d793) x15 0xffffffff
core   0: 0x8000cf10 (0x01d51893) slli    a7, a0, 29
core   0: 3 0x8000cf10 (0x01d51893) x17 0x40000000
core   0: 0x8000cf14 (0x00001917) auipc   s2, 0x1
core   0: 3 0x8000cf14 (0x00001917) x18 0x8000df14
core   0: 0x8000cf18 (0x8e090913) addi    s2, s2, -1824
core   0: 3 0x8000cf18 (0x8e090913) x18 0x8000d7f4
core   0: 0x8000cf1c (0xd6190913) addi    s2, s2, -671
core   0: 3 0x8000cf1c (0xd6190913) x18 0x8000d555
core   0: 0x8000cf20 (0x0150a233) slt     tp, ra, s5
core   0: 3 0x8000cf20 (0x0150a233) x 4 0x00000000
core   0: 0x8000cf24 (0x00f4bf33) sltu    t5, s1, a5
core   0: 3 0x8000cf24 (0x00f4bf33) x30 0x00000001
core   0: 0x8000cf28 (0x29f907e7) jalr    a5, s2, 671
core   0: 3 0x8000cf28 (0x29f907e7) x15 0x8000cf2c
core   0: 0x8000d7f4 (0x01345fb3) srl     t6, s0, s3
core   0: 3 0x8000d7f4 (0x01345fb3) x31 0x00000000
core   0: 0x8000d7f8 (0x01f471b3) and     gp, s0, t6
core   0: 3 0x8000d7f8 (0x01f471b3) x 3 0x00000000
core   0: 0x8000d7fc (0x850f4313) xori    t1, t5, -1968
core   0: 3 0x8000d7fc (0x850f4313) x 6 0xfffff851
core   0: 0x8000d800 (0x40638a33) sub     s4, t2, t1
core   0: 3 0x8000d800 (0x40638a33) x20 0x000001a3
core   0: 0x8000d804 (0x57ceef13) ori     t5, t4, 1404
core   0: 3 0x8000d804 (0x57ceef13) x30 0xfffffffd
core   0: 0x8000d808 (0xfd0b8b93) addi    s7, s7, -48
core   0: 3 0x8000d808 (0xfd0b8b93) x23 0x80024df8
core   0: 0x8000d80c (0x0ff0000f) fence   iorw,iorw
core   0: 3 0x8000d80c (0x0ff0000f)
core   0: 0x8000d810 (0x4020d393) srai    t2, ra, 2
core   0: 3 0x8000d810 (0x4020d393) x 7 0xffffffff
core   0: 0x8000d814 (0x00fba223) sw      a5, 4(s7)
core   0: 3 0x8000d814 (0x00fba223) mem 0x80024dfc 0x8000cf2c
core   0: 0x8000d818 (0x015eb633) sltu    a2, t4, s5
core   0: 3 0x8000d818 (0x015eb633) x12 0x00000000
core   0: 0x8000d81c (0x17e23c17) auipc   s8, 0x17e23
core   0: 3 0x8000d81c (0x17e23c17) x24 0x97e3081c
core   0: 0x8000d820 (0x01cb1e33) sll     t3, s6, t3
core   0: 3 0x8000d820 (0x01cb1e33) x28 0x00000001
core   0: 0x8000d824 (0x00100213) li      tp, 1
core   0: 3 0x8000d824 (0x00100213) x 4 0x00000001
core   0: 0x8000d828 (0x09945837) lui     a6, 0x9945
core   0: 3 0x8000d828 (0x09945837) x16 0x09945000
core   0: 0x8000d82c (0x8a406a17) auipc   s4, 0x8a406
core   0: 3 0x8000d82c (0x8a406a17) x20 0x0a41382c
core   0: 0x8000d830 (0x011ec1b3) xor     gp, t4, a7
core   0: 3 0x8000d830 (0x011ec1b3) x 3 0xbffffff1
core   0: 0x8000d834 (0x0130a633) slt     a2, ra, s3
core   0: 3 0x8000d834 (0x0130a633) x12 0x00000001
core   0: 0x8000d838 (0x01457333) and     t1, a0, s4
core   0: 3 0x8000d838 (0x01457333) x 6 0x00011828
core   0: 0x8000d83c (0x01659e93) slli    t4, a1, 22
core   0: 3 0x8000d83c (0x01659e93) x29 0x4a400000
core   0: 0x8000d840 (0x01e5d533) srl     a0, a1, t5
core   0: 3 0x8000d840 (0x01e5d533) x10 0x00000004
core   0: 0x8000d844 (0x5bea8e93) addi    t4, s5, 1470
core   0: 3 0x8000d844 (0x5bea8e93) x29 0xfdb01879
core   0: 0x8000d848 (0x0ff0000f) fence   iorw,iorw
core   0: 3 0x8000d848 (0x0ff0000f)
core   0: 0x8000d84c (0x015e62b3) or      t0, t3, s5
core   0: 3 0x8000d84c (0x015e62b3) x 5 0xfdb012bb
core   0: 0x8000d850 (0x6efcce93) xori    t4, s9, 1775
core   0: 3 0x8000d850 (0x6efcce93) x29 0xfdb11454
core   0: 0x8000d854 (0x00700093) li      ra, 7
core   0: 3 0x8000d854 (0x00700093) x 1 0x00000007
core   0: 0x8000d858 (0x0000100f) fence.i
core   0: 3 0x8000d858 (0x0000100f)
core   0: 0x8000d85c (0x008daa33) slt     s4, s11, s0
core   0: 3 0x8000d85c (0x008daa33) x20 0x00000000
core   0: 0x8000d860 (0x3efe8c93) addi    s9, t4, 1007
core   0: 3 0x8000d860 (0x3efe8c93) x25 0xfdb11843
core   0: 0x8000d864 (0x00120213) addi    tp, tp, 1
core   0: 3 0x8000d864 (0x00120213) x 4 0x00000002
core   0: 0x8000d868 (0x00c51e13) slli    t3, a0, 12
core   0: 3 0x8000d868 (0x00c51e13) x28 0x00004000
core   0: 0x8000d86c (0xd05a2313) slti    t1, s4, -763
core   0: 3 0x8000d86c (0xd05a2313) x 6 0x00000000
core   0: 0x8000d870 (0x8b633297) auipc   t0, 0x8b633
core   0: 3 0x8000d870 (0x8b633297) x 5 0x0b640870
core   0: 0x8000d874 (0x86eaee93) ori     t4, s5, -1938
core   0: 3 0x8000d874 (0x86eaee93) x29 0xfffffaff
core   0: 0x8000d878 (0xdd2a7713) andi    a4, s4, -558
core   0: 3 0x8000d878 (0xdd2a7713) x14 0x00000000
core   0: 0x8000d87c (0xfe1212e3) bne     tp, ra, pc - 28
core   0: 3 0x8000d87c (0xfe1212e3)
core   0: 0x8000d860 (0x3efe8c93) addi    s9, t4, 1007
core   0: 3 0x8000d860 (0x3efe8c93) x25 0xfffffeee
core   0: 0x8000d864 (0x00120213) addi    tp, tp, 1
core   0: 3 0x8000d864 (0x00120213) x 4 0x00000003
core   0: 0x8000d868 (0x00c51e13) slli    t3, a0, 12
core   0: 3 0x8000d868 (0x00c51e13) x28 0x00004000
core   0: 0x8000d86c (0xd05a2313) slti    t1, s4, -763
core   0: 3 0x8000d86c (0xd05a2313) x 6 0x00000000
core   0: 0x8000d870 (0x8b633297) auipc   t0, 0x8b633
core   0: 3 0x8000d870 (0x8b633297) x 5 0x0b640870
core   0: 0x8000d874 (0x86eaee93) ori     t4, s5, -1938
core   0: 3 0x8000d874 (0x86eaee93) x29 0xfffffaff
core   0: 0x8000d878 (0xdd2a7713) andi    a4, s4, -558
core   0: 3 0x8000d878 (0xdd2a7713) x14 0x00000000
core   0: 0x8000d87c (0xfe1212e3) bne     tp, ra, pc - 28
core   0: 3 0x8000d87c (0xfe1212e3)
core   0: 0x8000d860 (0x3efe8c93) addi    s9, t4, 1007
core   0: 3 0x8000d860 (0x3efe8c93) x25 0xfffffeee
core   0: 0x8000d864 (0x00120213) addi    tp, tp, 1
core   0: 3 0x8000d864 (0x00120213) x 4 0x00000004
core   0: 0x8000d868 (0x00c51e13) slli    t3, a0, 12
core   0: 3 0x8000d868 (0x00c51e13) x28 0x00004000
core   0: 0x8000d86c (0xd05a2313) slti    t1, s4, -763
core   0: 3 0x8000d86c (0xd05a2313) x 6 0x00000000
core   0: 0x8000d870 (0x8b633297) auipc   t0, 0x8b633
core   0: 3 0x8000d870 (0x8b633297) x 5 0x0b640870
core   0: 0x8000d874 (0x86eaee93) ori     t4, s5, -1938
core   0: 3 0x8000d874 (0x86eaee93) x29 0xfffffaff
core   0: 0x8000d878 (0xdd2a7713) andi    a4, s4, -558
core   0: 3 0x8000d878 (0xdd2a7713) x14 0x00000000
core   0: 0x8000d87c (0xfe1212e3) bne     tp, ra, pc - 28
core   0: 3 0x8000d87c (0xfe1212e3)
core   0: 0x8000d860 (0x3efe8c93) addi    s9, t4, 1007
core   0: 3 0x8000d860 (0x3efe8c93) x25 0xfffffeee
core   0: 0x8000d864 (0x00120213) addi    tp, tp, 1
core   0: 3 0x8000d864 (0x00120213) x 4 0x00000005
core   0: 0x8000d868 (0x00c51e13) slli    t3, a0, 12
core   0: 3 0x8000d868 (0x00c51e13) x28 0x00004000
core   0: 0x8000d86c (0xd05a2313) slti    t1, s4, -763
core   0: 3 0x8000d86c (0xd05a2313) x 6 0x00000000
core   0: 0x8000d870 (0x8b633297) auipc   t0, 0x8b633
core   0: 3 0x8000d870 (0x8b633297) x 5 0x0b640870
core   0: 0x8000d874 (0x86eaee93) ori     t4, s5, -1938
core   0: 3 0x8000d874 (0x86eaee93) x29 0xfffffaff
core   0: 0x8000d878 (0xdd2a7713) andi    a4, s4, -558
core   0: 3 0x8000d878 (0xdd2a7713) x14 0x00000000
core   0: 0x8000d87c (0xfe1212e3) bne     tp, ra, pc - 28
core   0: 3 0x8000d87c (0xfe1212e3)
core   0: 0x8000d860 (0x3efe8c93) addi    s9, t4, 1007
core   0: 3 0x8000d860 (0x3efe8c93) x25 0xfffffeee
core   0: 0x8000d864 (0x00120213) addi    tp, tp, 1
core   0: 3 0x8000d864 (0x00120213) x 4 0x00000006
core   0: 0x8000d868 (0x00c51e13) slli    t3, a0, 12
core   0: 3 0x8000d868 (0x00c51e13) x28 0x00004000
core   0: 0x8000d86c (0xd05a2313) slti    t1, s4, -763
core   0: 3 0x8000d86c (0xd05a2313) x 6 0x00000000
core   0: 0x8000d870 (0x8b633297) auipc   t0, 0x8b633
core   0: 3 0x8000d870 (0x8b633297) x 5 0x0b640870
core   0: 0x8000d874 (0x86eaee93) ori     t4, s5, -1938
core   0: 3 0x8000d874 (0x86eaee93) x29 0xfffffaff
core   0: 0x8000d878 (0xdd2a7713) andi    a4, s4, -558
core   0: 3 0x8000d878 (0xdd2a7713) x14 0x00000000
core   0: 0x8000d87c (0xfe1212e3) bne     tp, ra, pc - 28
core   0: 3 0x8000d87c (0xfe1212e3)
core   0: 0x8000d860 (0x3efe8c93) addi    s9, t4, 1007
core   0: 3 0x8000d860 (0x3efe8c93) x25 0xfffffeee
core   0: 0x8000d864 (0x00120213) addi    tp, tp, 1
core   0: 3 0x8000d864 (0x00120213) x 4 0x00000007
core   0: 0x8000d868 (0x00c51e13) slli    t3, a0, 12
core   0: 3 0x8000d868 (0x00c51e13) x28 0x00004000
core   0: 0x8000d86c (0xd05a2313) slti    t1, s4, -763
core   0: 3 0x8000d86c (0xd05a2313) x 6 0x00000000
core   0: 0x8000d870 (0x8b633297) auipc   t0, 0x8b633
core   0: 3 0x8000d870 (0x8b633297) x 5 0x0b640870
core   0: 0x8000d874 (0x86eaee93) ori     t4, s5, -1938
core   0: 3 0x8000d874 (0x86eaee93) x29 0xfffffaff
core   0: 0x8000d878 (0xdd2a7713) andi    a4, s4, -558
core   0: 3 0x8000d878 (0xdd2a7713) x14 0x00000000
core   0: 0x8000d87c (0xfe1212e3) bne     tp, ra, pc - 28
core   0: 3 0x8000d87c (0xfe1212e3)
core   0: 0x8000d880 (0x00f36433) or      s0, t1, a5
core   0: 3 0x8000d880 (0x00f36433) x 8 0x8000cf2c
core   0: 0x8000d884 (0xffb00313) li      t1, -5
core   0: 3 0x8000d884 (0xffb00313) x 6 0xfffffffb
core   0: 0x8000d888 (0x50d70193) addi    gp, a4, 1293
core   0: 3 0x8000d888 (0x50d70193) x 3 0x0000050d
core   0: 0x8000d88c (0x01219993) slli    s3, gp, 18
core   0: 3 0x8000d88c (0x01219993) x19 0x14340000
core   0: 0x8000d890 (0x01406433) or      s0, zero, s4
core   0: 3 0x8000d890 (0x01406433) x 8 0x00000000
core   0: 0x8000d894 (0xfff00613) li      a2, -1
core   0: 3 0x8000d894 (0xfff00613) x12 0xffffffff
core   0: 0x8000d898 (0x00000013) nop
core   0: 3 0x8000d898 (0x00000013)
core   0: 0x8000d89c (0x417b8e33) sub     t3, s7, s7
core   0: 3 0x8000d89c (0x417b8e33) x28 0x00000000
core   0: 0x8000d8a0 (0x00430313) addi    t1, t1, 4
core   0: 3 0x8000d8a0 (0x00430313) x 6 0xffffffff
core   0: 0x8000d8a4 (0xffc00513) li      a0, -4
core   0: 3 0x8000d8a4 (0xffc00513) x10 0xfffffffc
core   0: 0x8000d8a8 (0x75c0af13) slti    t5, ra, 1884
core   0: 3 0x8000d8a8 (0x75c0af13) x30 0x00000001
core   0: 0x8000d8ac (0x411f58b3) sra     a7, t5, a7
core   0: 3 0x8000d8ac (0x411f58b3) x17 0x00000001
core   0: 0x8000d8b0 (0x01400d13) li      s10, 20
core   0: 3 0x8000d8b0 (0x01400d13) x26 0x00000014
core   0: 0x8000d8b4 (0x00c2a2b3) slt     t0, t0, a2
core   0: 3 0x8000d8b4 (0x00c2a2b3) x 5 0x00000000
core   0: 0x8000d8b8 (0x7b589f17) auipc   t5, 0x7b589
core   0: 3 0x8000d8b8 (0x7b589f17) x30 0xfb5968b8
core   0: 0x8000d8bc (0x80680413) addi    s0, a6, -2042
core   0: 3 0x8000d8bc (0x80680413) x 8 0x09944806
core   0: 0x8000d8c0 (0x00a50513) addi    a0, a0, 10
core   0: 3 0x8000d8c0 (0x00a50513) x10 0x00000006
core   0: 0x8000d8c4 (0x40fc5793) srai    a5, s8, 15
core   0: 3 0x8000d8c4 (0x40fc5793) x15 0xffff2fc6
core   0: 0x8000d8c8 (0xffa56ae3) bltu    a0, s10, pc - 12
core   0: 3 0x8000d8c8 (0xffa56ae3)
core   0: 0x8000d8bc (0x80680413) addi    s0, a6, -2042
core   0: 3 0x8000d8bc (0x80680413) x 8 0x09944806
core   0: 0x8000d8c0 (0x00a50513) addi    a0, a0, 10
core   0: 3 0x8000d8c0 (0x00a50513) x10 0x00000010
core   0: 0x8000d8c4 (0x40fc5793) srai    a5, s8, 15
core   0: 3 0x8000d8c4 (0x40fc5793) x15 0xffff2fc6
core   0: 0x8000d8c8 (0xffa56ae3) bltu    a0, s10, pc - 12
core   0: 3 0x8000d8c8 (0xffa56ae3)
core   0: 0x8000d8bc (0x80680413) addi    s0, a6, -2042
core   0: 3 0x8000d8bc (0x80680413) x 8 0x09944806
core   0: 0x8000d8c0 (0x00a50513) addi    a0, a0, 10
core   0: 3 0x8000d8c0 (0x00a50513) x10 0x0000001a
core   0: 0x8000d8c4 (0x40fc5793) srai    a5, s8, 15
core   0: 3 0x8000d8c4 (0x40fc5793) x15 0xffff2fc6
core   0: 0x8000d8c8 (0xffa56ae3) bltu    a0, s10, pc - 12
core   0: 3 0x8000d8c8 (0xffa56ae3)
core   0: 0x8000d8cc (0xfcc318e3) bne     t1, a2, pc - 48
core   0: 3 0x8000d8cc (0xfcc318e3)
core   0: 0x8000d8d0 (0x010ab233) sltu    tp, s5, a6
core   0: 3 0x8000d8d0 (0x010ab233) x 4 0x00000000
core   0: 0x8000d8d4 (0x00000513) li      a0, 0
core   0: 3 0x8000d8d4 (0x00000513) x10 0x00000000
core   0: 0x8000d8d8 (0x41c387b3) sub     a5, t2, t3
core   0: 3 0x8000d8d8 (0x41c387b3) x15 0xffffffff
core   0: 0x8000d8dc (0x3dbabd93) sltiu   s11, s5, 987
core   0: 3 0x8000d8dc (0x3dbabd93) x27 0x00000000
core   0: 0x8000d8e0 (0x3c466093) ori     ra, a2, 964
core   0: 3 0x8000d8e0 (0x3c466093) x 1 0xffffffff
core   0: 0x8000d8e4 (0x41d1de13) srai    t3, gp, 29
core   0: 3 0x8000d8e4 (0x41d1de13) x28 0x00000000
core   0: 0x8000d8e8 (0xb57da893) slti    a7, s11, -1193
core   0: 3 0x8000d8e8 (0xb57da893) x17 0x00000000
core   0: 0x8000d8ec (0x01514fb3) xor     t6, sp, s5
core   0: 3 0x8000d8ec (0x01514fb3) x31 0x7db290ed
core   0: 0x8000d8f0 (0x00800593) li      a1, 8
core   0: 3 0x8000d8f0 (0x00800593) x11 0x00000008
core   0: 0x8000d8f4 (0x0040c633) xor     a2, ra, tp
core   0: 3 0x8000d8f4 (0x0040c633) x12 0xffffffff
core   0: 0x8000d8f8 (0x41585933) sra     s2, a6, s5
core   0: 3 0x8000d8f8 (0x41585933) x18 0x00000001
core   0: 0x8000d8fc (0x6e778f13) addi    t5, a5, 1767
core   0: 3 0x8000d8fc (0x6e778f13) x30 0x000006e6
core   0: 0x8000d900 (0x000ac0b3) xor     ra, s5, zero
core   0: 3 0x8000d900 (0x000ac0b3) x 1 0xfdb012bb
core   0: 0x8000d904 (0x00000013) nop
core   0: 3 0x8000d904 (0x00000013)
core   0: 0x8000d908 (0x40ea5013) srai    zero, s4, 14
core   0: 3 0x8000d908 (0x40ea5013)
core   0: 0x8000d90c (0x00850513) addi    a0, a0, 8
core   0: 3 0x8000d90c (0x00850513) x10 0x00000008
core   0: 0x8000d910 (0xffd00713) li      a4, -3
core   0: 3 0x8000d910 (0xffd00713) x14 0xfffffffd
core   0: 0x8000d914 (0x009ebf33) sltu    t5, t4, s1
core   0: 3 0x8000d914 (0x009ebf33) x30 0x00000000
core   0: 0x8000d918 (0x40a006b3) sub     a3, zero, a0
core   0: 3 0x8000d918 (0x40a006b3) x13 0xfffffff8
core   0: 0x8000d91c (0x01a11a33) sll     s4, sp, s10
core   0: 3 0x8000d91c (0x01a11a33) x20 0x25600000
core   0: 0x8000d920 (0x01400293) li      t0, 20
core   0: 3 0x8000d920 (0x01400293) x 5 0x00000014
core   0: 0x8000d924 (0x0090fc33) and     s8, ra, s1
core   0: 3 0x8000d924 (0x0090fc33) x24 0x800000a0
core   0: 0x8000d928 (0x00cdb433) sltu    s0, s11, a2
core   0: 3 0x8000d928 (0x00cdb433) x 8 0x00000001
core   0: 0x8000d92c (0x40450933) sub     s2, a0, tp
core   0: 3 0x8000d92c (0x40450933) x18 0x00000008
core   0: 0x8000d930 (0x00a70713) addi    a4, a4, 10
core   0: 3 0x8000d930 (0x00a70713) x14 0x00000007
core   0: 0x8000d934 (0x0019c033) xor     zero, s3, ra
core   0: 3 0x8000d934 (0x0019c033)
core   0: 0x8000d938 (0xfe5746e3) blt     a4, t0, pc - 20
core   0: 3 0x8000d938 (0xfe5746e3)
core   0: 0x8000d924 (0x0090fc33) and     s8, ra, s1
core   0: 3 0x8000d924 (0x0090fc33) x24 0x800000a0
core   0: 0x8000d928 (0x00cdb433) sltu    s0, s11, a2
core   0: 3 0x8000d928 (0x00cdb433) x 8 0x00000001
core   0: 0x8000d92c (0x40450933) sub     s2, a0, tp
core   0: 3 0x8000d92c (0x40450933) x18 0x00000008
core   0: 0x8000d930 (0x00a70713) addi    a4, a4, 10
core   0: 3 0x8000d930 (0x00a70713) x14 0x00000011
core   0: 0x8000d934 (0x0019c033) xor     zero, s3, ra
core   0: 3 0x8000d934 (0x0019c033)
core   0: 0x8000d938 (0xfe5746e3) blt     a4, t0, pc - 20
core   0: 3 0x8000d938 (0xfe5746e3)
core   0: 0x8000d924 (0x0090fc33) and     s8, ra, s1
core   0: 3 0x8000d924 (0x0090fc33) x24 0x800000a0
core   0: 0x8000d928 (0x00cdb433) sltu    s0, s11, a2
core   0: 3 0x8000d928 (0x00cdb433) x 8 0x00000001
core   0: 0x8000d92c (0x40450933) sub     s2, a0, tp
core   0: 3 0x8000d92c (0x40450933) x18 0x00000008
core   0: 0x8000d930 (0x00a70713) addi    a4, a4, 10
core   0: 3 0x8000d930 (0x00a70713) x14 0x0000001b
core   0: 0x8000d934 (0x0019c033) xor     zero, s3, ra
core   0: 3 0x8000d934 (0x0019c033)
core   0: 0x8000d938 (0xfe5746e3) blt     a4, t0, pc - 20
core   0: 3 0x8000d938 (0xfe5746e3)
core   0: 0x8000d93c (0xbefeb617) auipc   a2, 0xbefeb
core   0: 3 0x8000d93c (0xbefeb617) x12 0x3eff893c
core   0: 0x8000d940 (0x2677c893) xori    a7, a5, 615
core   0: 3 0x8000d940 (0x2677c893) x17 0xfffffd98
core   0: 0x8000d944 (0xfcb500e3) beq     a0, a1, pc - 64
core   0: 3 0x8000d944 (0xfcb500e3)
core   0: 0x8000d904 (0x00000013) nop
core   0: 3 0x8000d904 (0x00000013)
core   0: 0x8000d908 (0x40ea5013) srai    zero, s4, 14
core   0: 3 0x8000d908 (0x40ea5013)
core   0: 0x8000d90c (0x00850513) addi    a0, a0, 8
core   0: 3 0x8000d90c (0x00850513) x10 0x00000010
core   0: 0x8000d910 (0xffd00713) li      a4, -3
core   0: 3 0x8000d910 (0xffd00713) x14 0xfffffffd
core   0: 0x8000d914 (0x009ebf33) sltu    t5, t4, s1
core   0: 3 0x8000d914 (0x009ebf33) x30 0x00000000
core   0: 0x8000d918 (0x40a006b3) sub     a3, zero, a0
core   0: 3 0x8000d918 (0x40a006b3) x13 0xfffffff0
core   0: 0x8000d91c (0x01a11a33) sll     s4, sp, s10
core   0: 3 0x8000d91c (0x01a11a33) x20 0x25600000
core   0: 0x8000d920 (0x01400293) li      t0, 20
core   0: 3 0x8000d920 (0x01400293) x 5 0x00000014
core   0: 0x8000d924 (0x0090fc33) and     s8, ra, s1
core   0: 3 0x8000d924 (0x0090fc33) x24 0x800000a0
core   0: 0x8000d928 (0x00cdb433) sltu    s0, s11, a2
core   0: 3 0x8000d928 (0x00cdb433) x 8 0x00000001
core   0: 0x8000d92c (0x40450933) sub     s2, a0, tp
core   0: 3 0x8000d92c (0x40450933) x18 0x00000010
core   0: 0x8000d930 (0x00a70713) addi    a4, a4, 10
core   0: 3 0x8000d930 (0x00a70713) x14 0x00000007
core   0: 0x8000d934 (0x0019c033) xor     zero, s3, ra
core   0: 3 0x8000d934 (0x0019c033)
core   0: 0x8000d938 (0xfe5746e3) blt     a4, t0, pc - 20
core   0: 3 0x8000d938 (0xfe5746e3)
core   0: 0x8000d924 (0x0090fc33) and     s8, ra, s1
core   0: 3 0x8000d924 (0x0090fc33) x24 0x800000a0
core   0: 0x8000d928 (0x00cdb433) sltu    s0, s11, a2
core   0: 3 0x8000d928 (0x00cdb433) x 8 0x00000001
core   0: 0x8000d92c (0x40450933) sub     s2, a0, tp
core   0: 3 0x8000d92c (0x40450933) x18 0x00000010
core   0: 0x8000d930 (0x00a70713) addi    a4, a4, 10
core   0: 3 0x8000d930 (0x00a70713) x14 0x00000011
core   0: 0x8000d934 (0x0019c033) xor     zero, s3, ra
core   0: 3 0x8000d934 (0x0019c033)
core   0: 0x8000d938 (0xfe5746e3) blt     a4, t0, pc - 20
core   0: 3 0x8000d938 (0xfe5746e3)
core   0: 0x8000d924 (0x0090fc33) and     s8, ra, s1
core   0: 3 0x8000d924 (0x0090fc33) x24 0x800000a0
core   0: 0x8000d928 (0x00cdb433) sltu    s0, s11, a2
core   0: 3 0x8000d928 (0x00cdb433) x 8 0x00000001
core   0: 0x8000d92c (0x40450933) sub     s2, a0, tp
core   0: 3 0x8000d92c (0x40450933) x18 0x00000010
core   0: 0x8000d930 (0x00a70713) addi    a4, a4, 10
core   0: 3 0x8000d930 (0x00a70713) x14 0x0000001b
core   0: 0x8000d934 (0x0019c033) xor     zero, s3, ra
core   0: 3 0x8000d934 (0x0019c033)
core   0: 0x8000d938 (0xfe5746e3) blt     a4, t0, pc - 20
core   0: 3 0x8000d938 (0xfe5746e3)
core   0: 0x8000d93c (0xbefeb617) auipc   a2, 0xbefeb
core   0: 3 0x8000d93c (0xbefeb617) x12 0x3eff893c
core   0: 0x8000d940 (0x2677c893) xori    a7, a5, 615
core   0: 3 0x8000d940 (0x2677c893) x17 0xfffffd98
core   0: 0x8000d944 (0xfcb500e3) beq     a0, a1, pc - 64
core   0: 3 0x8000d944 (0xfcb500e3)
core   0: 0x8000d948 (0x51df9a17) auipc   s4, 0x51df9
core   0: 3 0x8000d948 (0x51df9a17) x20 0xd1e06948
core   0: 0x8000d94c (0xfff00e93) li      t4, -1
core   0: 3 0x8000d94c (0xfff00e93) x29 0xffffffff
core   0: 0x8000d950 (0x01c68cb3) add     s9, a3, t3
core   0: 3 0x8000d950 (0x01c68cb3) x25 0xfffffff0
core   0: 0x8000d954 (0x0000100f) fence.i
core   0: 3 0x8000d954 (0x0000100f)
core   0: 0x8000d958 (0x00000013) nop
core   0: 3 0x8000d958 (0x00000013)
core   0: 0x8000d95c (0x00a27e33) and     t3, tp, a0
core   0: 3 0x8000d95c (0x00a27e33) x28 0x00000000
core   0: 0x8000d960 (0x012807b3) add     a5, a6, s2
core   0: 3 0x8000d960 (0x012807b3) x15 0x09945010
core   0: 0x8000d964 (0x0ff0000f) fence   iorw,iorw
core   0: 3 0x8000d964 (0x0ff0000f)
core   0: 0x8000d968 (0x0ff0000f) fence   iorw,iorw
core   0: 3 0x8000d968 (0x0ff0000f)
core   0: 0x8000d96c (0x0060d9b3) srl     s3, ra, t1
core   0: 3 0x8000d96c (0x0060d9b3) x19 0x00000001
core   0: 0x8000d970 (0x27c42e13) slti    t3, s0, 636
core   0: 3 0x8000d970 (0x27c42e13) x28 0x00000001
core   0: 0x8000d974 (0x00000d93) li      s11, 0
core   0: 3 0x8000d974 (0x00000d93) x27 0x00000000
core   0: 0x8000d978 (0x2003e413) ori     s0, t2, 512
core   0: 3 0x8000d978 (0x2003e413) x 8 0xffffffff
core   0: 0x8000d97c (0xcd687d13) andi    s10, a6, -810
core   0: 3 0x8000d97c (0xcd687d13) x26 0x09945000
core   0: 0x8000d980 (0x8f6ae193) ori     gp, s5, -1802
core   0: 3 0x8000d980 (0x8f6ae193) x 3 0xfffffaff
core   0: 0x8000d984 (0x41065993) srai    s3, a2, 16
core   0: 3 0x8000d984 (0x41065993) x19 0x00003eff
core   0: 0x8000d988 (0x006e8e93) addi    t4, t4, 6
core   0: 3 0x8000d988 (0x006e8e93) x29 0x00000005
core   0: 0x8000d98c (0x01d4ea33) or      s4, s1, t4
core   0: 3 0x8000d98c (0x01d4ea33) x20 0x80028ce5
core   0: 0x8000d990 (0x41785293) srai    t0, a6, 23
core   0: 3 0x8000d990 (0x41785293) x 5 0x00000013
core   0: 0x8000d994 (0x00326533) or      a0, tp, gp
core   0: 3 0x8000d994 (0x00326533) x10 0xfffffaff
core   0: 0x8000d998 (0x00b15093) srli    ra, sp, 11
core   0: 3 0x8000d998 (0x00b15093) x 1 0x00100050
core   0: 0x8000d99c (0x01f299b3) sll     s3, t0, t6
core   0: 3 0x8000d99c (0x01f299b3) x19 0x00026000
core   0: 0x8000d9a0 (0xfa480c93) addi    s9, a6, -92
core   0: 3 0x8000d9a0 (0xfa480c93) x25 0x09944fa4
core   0: 0x8000d9a4 (0x419109b3) sub     s3, sp, s9
core   0: 3 0x8000d9a4 (0x419109b3) x19 0x766e32b2
core   0: 0x8000d9a8 (0xfdbecae3) blt     t4, s11, pc - 44
core   0: 3 0x8000d9a8 (0xfdbecae3)
core   0: 0x8000d9ac (0x01b498b3) sll     a7, s1, s11
core   0: 3 0x8000d9ac (0x01b498b3) x17 0x80028ce4
core   0: 0x8000d9b0 (0xffe00d13) li      s10, -2
core   0: 3 0x8000d9b0 (0xffe00d13) x26 0xfffffffe
core   0: 0x8000d9b4 (0xff200513) li      a0, -14
core   0: 3 0x8000d9b4 (0xff200513) x10 0xfffffff2
core   0: 0x8000d9b8 (0x006649b3) xor     s3, a2, t1
core   0: 3 0x8000d9b8 (0x006649b3) x19 0xc10076c3
core   0: 0x8000d9bc (0xffdd0d13) addi    s10, s10, -3
core   0: 3 0x8000d9bc (0xffdd0d13) x26 0xfffffffb
core   0: 0x8000d9c0 (0xffa00693) li      a3, -6
core   0: 3 0x8000d9c0 (0xffa00693) x13 0xfffffffa
core   0: 0x8000d9c4 (0x01000b13) li      s6, 16
core   0: 3 0x8000d9c4 (0x01000b13) x22 0x00000010
core   0: 0x8000d9c8 (0xe32edd97) auipc   s11, 0xe32ed
core   0: 3 0x8000d9c8 (0xe32edd97) x27 0x632fa9c8
core   0: 0x8000d9cc (0x00668693) addi    a3, a3, 6
core   0: 3 0x8000d9cc (0x00668693) x13 0x00000000
core   0: 0x8000d9d0 (0xff66cce3) blt     a3, s6, pc - 8
core   0: 3 0x8000d9d0 (0xff66cce3)
core   0: 0x8000d9c8 (0xe32edd97) auipc   s11, 0xe32ed
core   0: 3 0x8000d9c8 (0xe32edd97) x27 0x632fa9c8
core   0: 0x8000d9cc (0x00668693) addi    a3, a3, 6
core   0: 3 0x8000d9cc (0x00668693) x13 0x00000006
core   0: 0x8000d9d0 (0xff66cce3) blt     a3, s6, pc - 8
core   0: 3 0x8000d9d0 (0xff66cce3)
core   0: 0x8000d9c8 (0xe32edd97) auipc   s11, 0xe32ed
core   0: 3 0x8000d9c8 (0xe32edd97) x27 0x632fa9c8
core   0: 0x8000d9cc (0x00668693) addi    a3, a3, 6
core   0: 3 0x8000d9cc (0x00668693) x13 0x0000000c
core   0: 0x8000d9d0 (0xff66cce3) blt     a3, s6, pc - 8
core   0: 3 0x8000d9d0 (0xff66cce3)
core   0: 0x8000d9c8 (0xe32edd97) auipc   s11, 0xe32ed
core   0: 3 0x8000d9c8 (0xe32edd97) x27 0x632fa9c8
core   0: 0x8000d9cc (0x00668693) addi    a3, a3, 6
core   0: 3 0x8000d9cc (0x00668693) x13 0x00000012
core   0: 0x8000d9d0 (0xff66cce3) blt     a3, s6, pc - 8
core   0: 3 0x8000d9d0 (0xff66cce3)
core   0: 0x8000d9d4 (0xfead12e3) bne     s10, a0, pc - 28
core   0: 3 0x8000d9d4 (0xfead12e3)
core   0: 0x8000d9b8 (0x006649b3) xor     s3, a2, t1
core   0: 3 0x8000d9b8 (0x006649b3) x19 0xc10076c3
core   0: 0x8000d9bc (0xffdd0d13) addi    s10, s10, -3
core   0: 3 0x8000d9bc (0xffdd0d13) x26 0xfffffff8
core   0: 0x8000d9c0 (0xffa00693) li      a3, -6
core   0: 3 0x8000d9c0 (0xffa00693) x13 0xfffffffa
core   0: 0x8000d9c4 (0x01000b13) li      s6, 16
core   0: 3 0x8000d9c4 (0x01000b13) x22 0x00000010
core   0: 0x8000d9c8 (0xe32edd97) auipc   s11, 0xe32ed
core   0: 3 0x8000d9c8 (0xe32edd97) x27 0x632fa9c8
core   0: 0x8000d9cc (0x00668693) addi    a3, a3, 6
core   0: 3 0x8000d9cc (0x00668693) x13 0x00000000
core   0: 0x8000d9d0 (0xff66cce3) blt     a3, s6, pc - 8
core   0: 3 0x8000d9d0 (0xff66cce3)
core   0: 0x8000d9c8 (0xe32edd97) auipc   s11, 0xe32ed
core   0: 3 0x8000d9c8 (0xe32edd97) x27 0x632fa9c8
core   0: 0x8000d9cc (0x00668693) addi    a3, a3, 6
core   0: 3 0x8000d9cc (0x00668693) x13 0x00000006
core   0: 0x8000d9d0 (0xff66cce3) blt     a3, s6, pc - 8
core   0: 3 0x8000d9d0 (0xff66cce3)
core   0: 0x8000d9c8 (0xe32edd97) auipc   s11, 0xe32ed
core   0: 3 0x8000d9c8 (0xe32edd97) x27 0x632fa9c8
core   0: 0x8000d9cc (0x00668693) addi    a3, a3, 6
core   0: 3 0x8000d9cc (0x00668693) x13 0x0000000c
core   0: 0x8000d9d0 (0xff66cce3) blt     a3, s6, pc - 8
core   0: 3 0x8000d9d0 (0xff66cce3)
core   0: 0x8000d9c8 (0xe32edd97) auipc   s11, 0xe32ed
core   0: 3 0x8000d9c8 (0xe32edd97) x27 0x632fa9c8
core   0: 0x8000d9cc (0x00668693) addi    a3, a3, 6
core   0: 3 0x8000d9cc (0x00668693) x13 0x00000012
core   0: 0x8000d9d0 (0xff66cce3) blt     a3, s6, pc - 8
core   0: 3 0x8000d9d0 (0xff66cce3)
core   0: 0x8000d9d4 (0xfead12e3) bne     s10, a0, pc - 28
core   0: 3 0x8000d9d4 (0xfead12e3)
core   0: 0x8000d9b8 (0x006649b3) xor     s3, a2, t1
core   0: 3 0x8000d9b8 (0x006649b3) x19 0xc10076c3
core   0: 0x8000d9bc (0xffdd0d13) addi    s10, s10, -3
core   0: 3 0x8000d9bc (0xffdd0d13) x26 0xfffffff5
core   0: 0x8000d9c0 (0xffa00693) li      a3, -6
core   0: 3 0x8000d9c0 (0xffa00693) x13 0xfffffffa
core   0: 0x8000d9c4 (0x01000b13) li      s6, 16
core   0: 3 0x8000d9c4 (0x01000b13) x22 0x00000010
core   0: 0x8000d9c8 (0xe32edd97) auipc   s11, 0xe32ed
core   0: 3 0x8000d9c8 (0xe32edd97) x27 0x632fa9c8
core   0: 0x8000d9cc (0x00668693) addi    a3, a3, 6
core   0: 3 0x8000d9cc (0x00668693) x13 0x00000000
core   0: 0x8000d9d0 (0xff66cce3) blt     a3, s6, pc - 8
core   0: 3 0x8000d9d0 (0xff66cce3)
core   0: 0x8000d9c8 (0xe32edd97) auipc   s11, 0xe32ed
core   0: 3 0x8000d9c8 (0xe32edd97) x27 0x632fa9c8
core   0: 0x8000d9cc (0x00668693) addi    a3, a3, 6
core   0: 3 0x8000d9cc (0x00668693) x13 0x00000006
core   0: 0x8000d9d0 (0xff66cce3) blt     a3, s6, pc - 8
core   0: 3 0x8000d9d0 (0xff66cce3)
core   0: 0x8000d9c8 (0xe32edd97) auipc   s11, 0xe32ed
core   0: 3 0x8000d9c8 (0xe32edd97) x27 0x632fa9c8
core   0: 0x8000d9cc (0x00668693) addi    a3, a3, 6
core   0: 3 0x8000d9cc (0x00668693) x13 0x0000000c
core   0: 0x8000d9d0 (0xff66cce3) blt     a3, s6, pc - 8
core   0: 3 0x8000d9d0 (0xff66cce3)
core   0: 0x8000d9c8 (0xe32edd97) auipc   s11, 0xe32ed
core   0: 3 0x8000d9c8 (0xe32edd97) x27 0x632fa9c8
core   0: 0x8000d9cc (0x00668693) addi    a3, a3, 6
core   0: 3 0x8000d9cc (0x00668693) x13 0x00000012
core   0: 0x8000d9d0 (0xff66cce3) blt     a3, s6, pc - 8
core   0: 3 0x8000d9d0 (0xff66cce3)
core   0: 0x8000d9d4 (0xfead12e3) bne     s10, a0, pc - 28
core   0: 3 0x8000d9d4 (0xfead12e3)
core   0: 0x8000d9b8 (0x006649b3) xor     s3, a2, t1
core   0: 3 0x8000d9b8 (0x006649b3) x19 0xc10076c3
core   0: 0x8000d9bc (0xffdd0d13) addi    s10, s10, -3
core   0: 3 0x8000d9bc (0xffdd0d13) x26 0xfffffff2
core   0: 0x8000d9c0 (0xffa00693) li      a3, -6
core   0: 3 0x8000d9c0 (0xffa00693) x13 0xfffffffa
core   0: 0x8000d9c4 (0x01000b13) li      s6, 16
core   0: 3 0x8000d9c4 (0x01000b13) x22 0x00000010
core   0: 0x8000d9c8 (0xe32edd97) auipc   s11, 0xe32ed
core   0: 3 0x8000d9c8 (0xe32edd97) x27 0x632fa9c8
core   0: 0x8000d9cc (0x00668693) addi    a3, a3, 6
core   0: 3 0x8000d9cc (0x00668693) x13 0x00000000
core   0: 0x8000d9d0 (0xff66cce3) blt     a3, s6, pc - 8
core   0: 3 0x8000d9d0 (0xff66cce3)
core   0: 0x8000d9c8 (0xe32edd97) auipc   s11, 0xe32ed
core   0: 3 0x8000d9c8 (0xe32edd97) x27 0x632fa9c8
core   0: 0x8000d9cc (0x00668693) addi    a3, a3, 6
core   0: 3 0x8000d9cc (0x00668693) x13 0x00000006
core   0: 0x8000d9d0 (0xff66cce3) blt     a3, s6, pc - 8
core   0: 3 0x8000d9d0 (0xff66cce3)
core   0: 0x8000d9c8 (0xe32edd97) auipc   s11, 0xe32ed
core   0: 3 0x8000d9c8 (0xe32edd97) x27 0x632fa9c8
core   0: 0x8000d9cc (0x00668693) addi    a3, a3, 6
core   0: 3 0x8000d9cc (0x00668693) x13 0x0000000c
core   0: 0x8000d9d0 (0xff66cce3) blt     a3, s6, pc - 8
core   0: 3 0x8000d9d0 (0xff66cce3)
core   0: 0x8000d9c8 (0xe32edd97) auipc   s11, 0xe32ed
core   0: 3 0x8000d9c8 (0xe32edd97) x27 0x632fa9c8
core   0: 0x8000d9cc (0x00668693) addi    a3, a3, 6
core   0: 3 0x8000d9cc (0x00668693) x13 0x00000012
core   0: 0x8000d9d0 (0xff66cce3) blt     a3, s6, pc - 8
core   0: 3 0x8000d9d0 (0xff66cce3)
core   0: 0x8000d9d4 (0xfead12e3) bne     s10, a0, pc - 28
core   0: 3 0x8000d9d4 (0xfead12e3)
core   0: 0x8000d9d8 (0x011fd9b3) srl     s3, t6, a7
core   0: 3 0x8000d9d8 (0x011fd9b3) x19 0x07db290e
core   0: 0x8000d9dc (0x00a00c13) li      s8, 10
core   0: 3 0x8000d9dc (0x00a00c13) x24 0x0000000a
core   0: 0x8000d9e0 (0xb3f1ff17) auipc   t5, 0xb3f1f
core   0: 3 0x8000d9e0 (0xb3f1ff17) x30 0x33f2c9e0
core   0: 0x8000d9e4 (0x00700e93) li      t4, 7
core   0: 3 0x8000d9e4 (0x00700e93) x29 0x00000007
core   0: 0x8000d9e8 (0x01c45693) srli    a3, s0, 28
core   0: 3 0x8000d9e8 (0x01c45693) x13 0x0000000f
core   0: 0x8000d9ec (0xca17b913) sltiu   s2, a5, -863
core   0: 3 0x8000d9ec (0xca17b913) x18 0x00000001
core   0: 0x8000d9f0 (0x001dcdb3) xor     s11, s11, ra
core   0: 3 0x8000d9f0 (0x001dcdb3) x27 0x633fa998
core   0: 0x8000d9f4 (0xfdb0e893) ori     a7, ra, -37
core   0: 3 0x8000d9f4 (0xfdb0e893) x17 0xffffffdb
core   0: 0x8000d9f8 (0xa72b4093) xori    ra, s6, -1422
core   0: 3 0x8000d9f8 (0xa72b4093) x 1 0xfffffa62
core   0: 0x8000d9fc (0x01b618b3) sll     a7, a2, s11
core   0: 3 0x8000d9fc (0x01b618b3) x17 0x3c000000
core   0: 0x8000da00 (0xffac0c13) addi    s8, s8, -6
core   0: 3 0x8000da00 (0xffac0c13) x24 0x00000004
core   0: 0x8000da04 (0x010a66b3) or      a3, s4, a6
core   0: 3 0x8000da04 (0x010a66b3) x13 0x8996dce5
core   0: 0x8000da08 (0x018ed993) srli    s3, t4, 24
core   0: 3 0x8000da08 (0x018ed993) x19 0x00000000
core   0: 0x8000da0c (0x226bb713) sltiu   a4, s7, 550
core   0: 3 0x8000da0c (0x226bb713) x14 0x00000000
core   0: 0x8000da10 (0x00000013) nop
core   0: 3 0x8000da10 (0x00000013)
core   0: 0x8000da14 (0x0186ed33) or      s10, a3, s8
core   0: 3 0x8000da14 (0x0186ed33) x26 0x8996dce5
core   0: 0x8000da18 (0x0105d433) srl     s0, a1, a6
core   0: 3 0x8000da18 (0x0105d433) x 8 0x00000008
core   0: 0x8000da1c (0xfddc7ae3) bgeu    s8, t4, pc - 44
core   0: 3 0x8000da1c (0xfddc7ae3)
core   0: 0x8000da20 (0x34a16d37) lui     s10, 0x34a16
core   0: 3 0x8000da20 (0x34a16d37) x26 0x34a16000
core   0: 0x8000da24 (0x13a7c1b7) lui     gp, 0x13a7c
core   0: 3 0x8000da24 (0x13a7c1b7) x 3 0x13a7c000
core   0: 0x8000da28 (0x0032dd33) srl     s10, t0, gp
core   0: 3 0x8000da28 (0x0032dd33) x26 0x00000013
core   0: 0x8000da2c (0xf8630617) auipc   a2, 0xf8630
core   0: 3 0x8000da2c (0xf8630617) x12 0x7863da2c
core   0: 0x8000da30 (0x0251c863) blt     gp, t0, pc + 48
core   0: 3 0x8000da30 (0x0251c863)
core   0: 0x8000da34 (0xda8acf93) xori    t6, s5, -600
core   0: 3 0x8000da34 (0xda8acf93) x31 0x024fef13
core   0: 0x8000da38 (0xcc7eb113) sltiu   sp, t4, -825
core   0: 3 0x8000da38 (0xcc7eb113) x 2 0x00000001
core   0: 0x8000da3c (0x40ab56b3) sra     a3, s6, a0
core   0: 3 0x8000da3c (0x40ab56b3) x13 0x00000000
core   0: 0x8000da40 (0x0120c933) xor     s2, ra, s2
core   0: 3 0x8000da40 (0x0120c933) x18 0xfffffa63
core   0: 0x8000da44 (0x00170863) beq     a4, ra, pc + 16
core   0: 3 0x8000da44 (0x00170863)
core   0: 0x8000da48 (0x00000013) nop
core   0: 3 0x8000da48 (0x00000013)
core   0: 0x8000da4c (0x00496fb3) or      t6, s2, tp
core   0: 3 0x8000da4c (0x00496fb3) x31 0xfffffa63
core   0: 0x8000da50 (0x0076ce63) blt     a3, t2, pc + 28
core   0: 3 0x8000da50 (0x0076ce63)
core   0: 0x8000da54 (0x3c493713) sltiu   a4, s2, 964
core   0: 3 0x8000da54 (0x3c493713) x14 0x00000000
core   0: 0x8000da58 (0x0144b1b3) sltu    gp, s1, s4
core   0: 3 0x8000da58 (0x0144b1b3) x 3 0x00000001
core   0: 0x8000da5c (0xde4013b7) lui     t2, 0xde401
core   0: 3 0x8000da5c (0xde4013b7) x 7 0xde401000
core   0: 0x8000da60 (0x04b16063) bltu    sp, a1, pc + 64
core   0: 3 0x8000da60 (0x04b16063)
core   0: 0x8000daa0 (0x009f5b13) srli    s6, t5, 9
core   0: 3 0x8000daa0 (0x009f5b13) x22 0x0019f964
core   0: 0x8000daa4 (0x01e1f8b3) and     a7, gp, t5
core   0: 3 0x8000daa4 (0x01e1f8b3) x17 0x00000000
core   0: 0x8000daa8 (0x36b05e97) auipc   t4, 0x36b05
core   0: 3 0x8000daa8 (0x36b05e97) x29 0xb6b12aa8
core   0: 0x8000daac (0x00000013) nop
core   0: 3 0x8000daac (0x00000013)
core   0: 0x8000dab0 (0x2dbbe997) auipc   s3, 0x2dbbe
core   0: 3 0x8000dab0 (0x2dbbe997) x19 0xadbcbab0
core   0: 0x8000dab4 (0x00000013) nop
core   0: 3 0x8000dab4 (0x00000013)
core   0: 0x8000dab8 (0x014f3e33) sltu    t3, t5, s4
core   0: 3 0x8000dab8 (0x014f3e33) x28 0x00000001
core   0: 0x8000dabc (0x0190ccb3) xor     s9, ra, s9
core   0: 3 0x8000dabc (0x0190ccb3) x25 0xf66bb5c6
core   0: 0x8000dac0 (0x005548b3) xor     a7, a0, t0
core   0: 3 0x8000dac0 (0x005548b3) x17 0xffffffe1
core   0: 0x8000dac4 (0xf0ba4893) xori    a7, s4, -245
core   0: 3 0x8000dac4 (0xf0ba4893) x17 0x7ffd73ee
core   0: 0x8000dac8 (0x010ea433) slt     s0, t4, a6
core   0: 3 0x8000dac8 (0x010ea433) x 8 0x00000001
core   0: 0x8000dacc (0x18dd6693) ori     a3, s10, 397
core   0: 3 0x8000dacc (0x18dd6693) x13 0x0000019f
core   0: 0x8000dad0 (0x01181463) bne     a6, a7, pc + 8
core   0: 3 0x8000dad0 (0x01181463)
core   0: 0x8000dad8 (0x8ace4b13) xori    s6, t3, -1876
core   0: 3 0x8000dad8 (0x8ace4b13) x22 0xfffff8ad
core   0: 0x8000dadc (0x01273f33) sltu    t5, a4, s2
core   0: 3 0x8000dadc (0x01273f33) x30 0x00000001
core   0: 0x8000dae0 (0x401d5833) sra     a6, s10, ra
core   0: 3 0x8000dae0 (0x401d5833) x16 0x00000004
core   0: 0x8000dae4 (0x8d210913) addi    s2, sp, -1838
core   0: 3 0x8000dae4 (0x8d210913) x18 0xfffff8d3
core   0: 0x8000dae8 (0x00135293) srli    t0, t1, 1
core   0: 3 0x8000dae8 (0x00135293) x 5 0x7fffffff
core   0: 0x8000daec (0x0157d463) bge     a5, s5, pc + 8
core   0: 3 0x8000daec (0x0157d463)
core   0: 0x8000daf4 (0x8c76bf13) sltiu   t5, a3, -1849
core   0: 3 0x8000daf4 (0x8c76bf13) x30 0x00000001
core   0: 0x8000daf8 (0xdcc23093) sltiu   ra, tp, -564
core   0: 3 0x8000daf8 (0xdcc23093) x 1 0x00000001
core   0: 0x8000dafc (0x012a5913) srli    s2, s4, 18
core   0: 3 0x8000dafc (0x012a5913) x18 0x00002000
core   0: 0x8000db00 (0x030fca63) blt     t6, a6, pc + 52
core   0: 3 0x8000db00 (0x030fca63)
core   0: 0x8000db34 (0x010e5eb3) srl     t4, t3, a6
core   0: 3 0x8000db34 (0x010e5eb3) x29 0x00000000
core   0: 0x8000db38 (0x00d84b33) xor     s6, a6, a3
core   0: 3 0x8000db38 (0x00d84b33) x22 0x0000019b
core   0: 0x8000db3c (0x01fe9113) slli    sp, t4, 31
core   0: 3 0x8000db3c (0x01fe9113) x 2 0x00000000
core   0: 0x8000db40 (0x05236463) bltu    t1, s2, pc + 72
core   0: 3 0x8000db40 (0x05236463)
core   0: 0x8000db44 (0x00000013) nop
core   0: 3 0x8000db44 (0x00000013)
core   0: 0x8000db48 (0x03cade63) bge     s5, t3, pc + 60
core   0: 3 0x8000db48 (0x03cade63)
core   0: 0x8000db4c (0x6dd3be93) sltiu   t4, t2, 1757
core   0: 3 0x8000db4c (0x6dd3be93) x29 0x00000000
core   0: 0x8000db50 (0x04180463) beq     a6, ra, pc + 72
core   0: 3 0x8000db50 (0x04180463)
core   0: 0x8000db54 (0x0ff0000f) fence   iorw,iorw
core   0: 3 0x8000db54 (0x0ff0000f)
core   0: 0x8000db58 (0x04c14863) blt     sp, a2, pc + 80
core   0: 3 0x8000db58 (0x04c14863)
core   0: 0x8000dba8 (0x0000100f) fence.i
core   0: 3 0x8000dba8 (0x0000100f)
core   0: 0x8000dbac (0x00e32433) slt     s0, t1, a4
core   0: 3 0x8000dbac (0x00e32433) x 8 0x00000001
core   0: 0x8000dbb0 (0x00668a63) beq     a3, t1, pc + 20
core   0: 3 0x8000dbb0 (0x00668a63)
core   0: 0x8000dbb4 (0x00e98333) add     t1, s3, a4
core   0: 3 0x8000dbb4 (0x00e98333) x 6 0xadbcbab0
core   0: 0x8000dbb8 (0x02b9ca63) blt     s3, a1, pc + 52
core   0: 3 0x8000dbb8 (0x02b9ca63)
core   0: 0x8000dbec (0x00000013) nop
core   0: 3 0x8000dbec (0x00000013)
core   0: 0x8000dbf0 (0x00000013) nop
core   0: 3 0x8000dbf0 (0x00000013)
core   0: 0x8000dbf4 (0x4133ddb3) sra     s11, t2, s3
core   0: 3 0x8000dbf4 (0x4133ddb3) x27 0xffffde40
core   0: 0x8000dbf8 (0x02e0dc63) bge     ra, a4, pc + 56
core   0: 3 0x8000dbf8 (0x02e0dc63)
core   0: 0x8000dc30 (0x01587cb3) and     s9, a6, s5
core   0: 3 0x8000dc30 (0x01587cb3) x25 0x00000000
core   0: 0x8000dc34 (0x08294613) xori    a2, s2, 130
core   0: 3 0x8000dc34 (0x08294613) x12 0x00002082
core   0: 0x8000dc38 (0x00b1d613) srli    a2, gp, 11
core   0: 3 0x8000dc38 (0x00b1d613) x12 0x00000000
core   0: 0x8000dc3c (0x93773517) auipc   a0, 0x93773
core   0: 3 0x8000dc3c (0x93773517) x10 0x13780c3c
core   0: 0x8000dc40 (0x0144f9b3) and     s3, s1, s4
core   0: 3 0x8000dc40 (0x0144f9b3) x19 0x80028ce4
core   0: 0x8000dc44 (0x28390593) addi    a1, s2, 643
core   0: 3 0x8000dc44 (0x28390593) x11 0x00002283
core   0: 0x8000dc48 (0x00fd6cb3) or      s9, s10, a5
core   0: 3 0x8000dc48 (0x00fd6cb3) x25 0x09945013
core   0: 0x8000dc4c (0x01561863) bne     a2, s5, pc + 16
core   0: 3 0x8000dc4c (0x01561863)
core   0: 0x8000dc5c (0x03051e63) bne     a0, a6, pc + 60
core   0: 3 0x8000dc5c (0x03051e63)
core   0: 0x8000dc98 (0x80388c93) addi    s9, a7, -2045
core   0: 3 0x8000dc98 (0x80388c93) x25 0x7ffd6bf1
core   0: 0x8000dc9c (0x01055f93) srli    t6, a0, 16
core   0: 3 0x8000dc9c (0x01055f93) x31 0x00001378
core   0: 0x8000dca0 (0x4153db33) sra     s6, t2, s5
core   0: 3 0x8000dca0 (0x4153db33) x22 0xfffffffb
core   0: 0x8000dca4 (0x01905993) srli    s3, zero, 25
core   0: 3 0x8000dca4 (0x01905993) x19 0x00000000
core   0: 0x8000dca8 (0x0ff0000f) fence   iorw,iorw
core   0: 3 0x8000dca8 (0x0ff0000f)
core   0: 0x8000dcac (0x013ee433) or      s0, t4, s3
core   0: 3 0x8000dcac (0x013ee433) x 8 0x00000000
core   0: 0x8000dcb0 (0x0000100f) fence.i
core   0: 3 0x8000dcb0 (0x0000100f)
core   0: 0x8000dcb4 (0x285f8693) addi    a3, t6, 645
core   0: 3 0x8000dcb4 (0x285f8693) x13 0x000015fd
core   0: 0x8000dcb8 (0xc0a6e713) ori     a4, a3, -1014
core   0: 3 0x8000dcb8 (0xc0a6e713) x14 0xfffffdff
core   0: 0x8000dcbc (0x0000100f) fence.i
core   0: 3 0x8000dcbc (0x0000100f)
core   0: 0x8000dcc0 (0x00000013) nop
core   0: 3 0x8000dcc0 (0x00000013)
core   0: 0x8000dcc4 (0xb9927b13) andi    s6, tp, -1127
core   0: 3 0x8000dcc4 (0xb9927b13) x22 0x00000000
core   0: 0x8000dcc8 (0x0a5b7313) andi    t1, s6, 165
core   0: 3 0x8000dcc8 (0x0a5b7313) x 6 0x00000000
core   0: 0x8000dccc (0x03c15c63) bge     sp, t3, pc + 56
core   0: 3 0x8000dccc (0x03c15c63)
core   0: 0x8000dcd0 (0x01457cb3) and     s9, a0, s4
core   0: 3 0x8000dcd0 (0x01457cb3) x25 0x00000c24
core   0: 0x8000dcd4 (0x00000013) nop
core   0: 3 0x8000dcd4 (0x00000013)
core   0: 0x8000dcd8 (0x013175b3) and     a1, sp, s3
core   0: 3 0x8000dcd8 (0x013175b3) x11 0x00000000
core   0: 0x8000dcdc (0x00000013) nop
core   0: 3 0x8000dcdc (0x00000013)
core   0: 0x8000dce0 (0x417ed693) srai    a3, t4, 23
core   0: 3 0x8000dce0 (0x417ed693) x13 0x00000000
core   0: 0x8000dce4 (0x1fcfe413) ori     s0, t6, 508
core   0: 3 0x8000dce4 (0x1fcfe413) x 8 0x000013fc
core   0: 0x8000dce8 (0x02311e63) bne     sp, gp, pc + 60
core   0: 3 0x8000dce8 (0x02311e63)
core   0: 0x8000dd24 (0x202e7617) auipc   a2, 0x202e7
core   0: 3 0x8000dd24 (0x202e7617) x12 0xa02f4d24
core   0: 0x8000dd28 (0x010e0663) beq     t3, a6, pc + 12
core   0: 3 0x8000dd28 (0x010e0663)
core   0: 0x8000dd2c (0x01625cb3) srl     s9, tp, s6
core   0: 3 0x8000dd2c (0x01625cb3) x25 0x00000000
core   0: 0x8000dd30 (0xce72c693) xori    a3, t0, -793
core   0: 3 0x8000dd30 (0xce72c693) x13 0x80000318
core   0: 0x8000dd34 (0x0138ac33) slt     s8, a7, s3
core   0: 3 0x8000dd34 (0x0138ac33) x24 0x00000000
core   0: 0x8000dd38 (0x0079ca63) blt     s3, t2, pc + 20
core   0: 3 0x8000dd38 (0x0079ca63)
core   0: 0x8000dd3c (0x8c4af117) auipc   sp, 0x8c4af
core   0: 3 0x8000dd3c (0x8c4af117) x 2 0x0c4bcd3c
core   0: 0x8000dd40 (0x0ff0000f) fence   iorw,iorw
core   0: 3 0x8000dd40 (0x0ff0000f)
core   0: 0x8000dd44 (0x010aa8b3) slt     a7, s5, a6
core   0: 3 0x8000dd44 (0x010aa8b3) x17 0x00000001
core   0: 0x8000dd48 (0x00000013) nop
core   0: 3 0x8000dd48 (0x00000013)
core   0: 0x8000dd4c (0x279dc413) xori    s0, s11, 633
core   0: 3 0x8000dd4c (0x279dc413) x 8 0xffffdc39
core   0: 0x8000dd50 (0x41b30633) sub     a2, t1, s11
core   0: 3 0x8000dd50 (0x41b30633) x12 0x000021c0
core   0: 0x8000dd54 (0xb2b4bd93) sltiu   s11, s1, -1237
core   0: 3 0x8000dd54 (0xb2b4bd93) x27 0x00000001
core   0: 0x8000dd58 (0x0000100f) fence.i
core   0: 3 0x8000dd58 (0x0000100f)
core   0: 0x8000dd5c (0x23bb6113) ori     sp, s6, 571
core   0: 3 0x8000dd5c (0x23bb6113) x 2 0x0000023b
core   0: 0x8000dd60 (0x40d8dcb3) sra     s9, a7, a3
core   0: 3 0x8000dd60 (0x40d8dcb3) x25 0x00000000
core   0: 0x8000dd64 (0x1cddc593) xori    a1, s11, 461
core   0: 3 0x8000dd64 (0x1cddc593) x11 0x000001cc
core   0: 0x8000dd68 (0x008633b3) sltu    t2, a2, s0
core   0: 3 0x8000dd68 (0x008633b3) x 7 0x00000001
core   0: 0x8000dd6c (0x0000100f) fence.i
core   0: 3 0x8000dd6c (0x0000100f)
core   0: 0x8000dd70 (0x40625f13) srai    t5, tp, 6
core   0: 3 0x8000dd70 (0x40625f13) x30 0x00000000
core   0: 0x8000dd74 (0x03845263) bge     s0, s8, pc + 36
core   0: 3 0x8000dd74 (0x03845263)
core   0: 0x8000dd78 (0x0ff0000f) fence   iorw,iorw
core   0: 3 0x8000dd78 (0x0ff0000f)
core   0: 0x8000dd7c (0x00a3b233) sltu    tp, t2, a0
core   0: 3 0x8000dd7c (0x00a3b233) x 4 0x00000001
core   0: 0x8000dd80 (0x000c2fb3) slt     t6, s8, zero
core   0: 3 0x8000dd80 (0x000c2fb3) x31 0x00000000
core   0: 0x8000dd84 (0x01741d93) slli    s11, s0, 23
core   0: 3 0x8000dd84 (0x01741d93) x27 0x1c800000
core   0: 0x8000dd88 (0x11427313) andi    t1, tp, 276
core   0: 3 0x8000dd88 (0x11427313) x 6 0x00000000
core   0: 0x8000dd8c (0x416a86b3) sub     a3, s5, s6
core   0: 3 0x8000dd8c (0x416a86b3) x13 0xfdb012bb
core   0: 0x8000dd90 (0x007422b3) slt     t0, s0, t2
core   0: 3 0x8000dd90 (0x007422b3) x 5 0x00000001
core   0: 0x8000dd94 (0x524c0193) addi    gp, s8, 1316
core   0: 3 0x8000dd94 (0x524c0193) x 3 0x00000524
core   0: 0x8000dd98 (0x296d8913) addi    s2, s11, 662
core   0: 3 0x8000dd98 (0x296d8913) x18 0x1c800296
core   0: 0x8000dd9c (0x03747463) bgeu    s0, s7, pc + 40
core   0: 3 0x8000dd9c (0x03747463)
core   0: 0x8000ddc4 (0x00000013) nop
core   0: 3 0x8000ddc4 (0x00000013)
core   0: 0x8000ddc8 (0x04b64063) blt     a2, a1, pc + 64
core   0: 3 0x8000ddc8 (0x04b64063)
core   0: 0x8000ddcc (0x40d0dfb3) sra     t6, ra, a3
core   0: 3 0x8000ddcc (0x40d0dfb3) x31 0x00000000
core   0: 0x8000ddd0 (0x00b79863) bne     a5, a1, pc + 16
core   0: 3 0x8000ddd0 (0x00b79863)
core   0: 0x8000dde0 (0x055b0863) beq     s6, s5, pc + 80
core   0: 3 0x8000dde0 (0x055b0863)
core   0: 0x8000dde4 (0x034e6e63) bltu    t3, s4, pc + 60
core   0: 3 0x8000dde4 (0x034e6e63)
core   0: 0x8000de20 (0x1813f113) andi    sp, t2, 385
core   0: 3 0x8000de20 (0x1813f113) x 2 0x00000001
core   0: 0x8000de24 (0x0117e7b3) or      a5, a5, a7
core   0: 3 0x8000de24 (0x0117e7b3) x15 0x09945011
core   0: 0x8000de28 (0x25a4a593) slti    a1, s1, 602
core   0: 3 0x8000de28 (0x25a4a593) x11 0x00000001
core   0: 0x8000de2c (0x00bf1793) slli    a5, t5, 11
core   0: 3 0x8000de2c (0x00bf1793) x15 0x00000000
core   0: 0x8000de30 (0x005e1113) slli    sp, t3, 5
core   0: 3 0x8000de30 (0x005e1113) x 2 0x00000020
core   0: 0x8000de34 (0x00a15a33) srl     s4, sp, a0
core   0: 3 0x8000de34 (0x00a15a33) x20 0x00000000
core   0: 0x8000de38 (0x7a69ca13) xori    s4, s3, 1958
core   0: 3 0x8000de38 (0x7a69ca13) x20 0x000007a6
core   0: 0x8000de3c (0x401ad433) sra     s0, s5, ra
core   0: 3 0x8000de3c (0x401ad433) x 8 0xfed8095d
core   0: 0x8000de40 (0xade1f913) andi    s2, gp, -1314
core   0: 3 0x8000de40 (0xade1f913) x18 0x00000004
core   0: 0x8000de44 (0x00b646b3) xor     a3, a2, a1
core   0: 3 0x8000de44 (0x00b646b3) x13 0x000021c1
core   0: 0x8000de48 (0x40915e33) sra     t3, sp, s1
core   0: 3 0x8000de48 (0x40915e33) x28 0x00000002
core   0: 0x8000de4c (0x00000013) nop
core   0: 3 0x8000de4c (0x00000013)
core   0: 0x8000de50 (0x795ace93) xori    t4, s5, 1941
core   0: 3 0x8000de50 (0x795ace93) x29 0xfdb0152e
core   0: 0x8000de54 (0x018ae1b3) or      gp, s5, s8
core   0: 3 0x8000de54 (0x018ae1b3) x 3 0xfdb012bb
core   0: 0x8000de58 (0x01c02cb3) slt     s9, zero, t3
core   0: 3 0x8000de58 (0x01c02cb3) x25 0x00000001
core   0: 0x8000de5c (0x978e4513) xori    a0, t3, -1672
core   0: 3 0x8000de5c (0x978e4513) x10 0xfffff97a
core   0: 0x8000de60 (0x008662b3) or      t0, a2, s0
core   0: 3 0x8000de60 (0x008662b3) x 5 0xfed829dd
core   0: 0x8000de64 (0x01e676b3) and     a3, a2, t5
core   0: 3 0x8000de64 (0x01e676b3) x13 0x00000000
core   0: 0x8000de68 (0x0149e933) or      s2, s3, s4
core   0: 3 0x8000de68 (0x0149e933) x18 0x000007a6
core   0: 0x8000de6c (0x01bc0e33) add     t3, s8, s11
core   0: 3 0x8000de6c (0x01bc0e33) x28 0x1c800000
core   0: 0x8000de70 (0xec6a9f37) lui     t5, 0xec6a9
core   0: 3 0x8000de70 (0xec6a9f37) x30 0xec6a9000
core   0: 0x8000de74 (0x4048d893) srai    a7, a7, 4
core   0: 3 0x8000de74 (0x4048d893) x17 0x00000000
core   0: 0x8000de78 (0x01f257b3) srl     a5, tp, t6
core   0: 3 0x8000de78 (0x01f257b3) x15 0x00000001
core   0: 0x8000de7c (0x41a15cb3) sra     s9, sp, s10
core   0: 3 0x8000de7c (0x41a15cb3) x25 0x00000000
core   0: 0x8000de80 (0x009678b3) and     a7, a2, s1
core   0: 3 0x8000de80 (0x009678b3) x17 0x000000c0
core   0: 0x8000de84 (0x276be193) ori     gp, s7, 630
core   0: 3 0x8000de84 (0x276be193) x 3 0x80024ffe
core   0: 0x8000de88 (0x0034f863) bgeu    s1, gp, pc + 16
core   0: 3 0x8000de88 (0x0034f863)
core   0: 0x8000de98 (0x01b91f93) slli    t6, s2, 27
core   0: 3 0x8000de98 (0x01b91f93) x31 0x30000000
core   0: 0x8000de9c (0x5b8e2a37) lui     s4, 0x5b8e2
core   0: 3 0x8000de9c (0x5b8e2a37) x20 0x5b8e2000
core   0: 0x8000dea0 (0x00bcdf93) srli    t6, s9, 11
core   0: 3 0x8000dea0 (0x00bcdf93) x31 0x00000000
core   0: 0x8000dea4 (0x0e6e5517) auipc   a0, 0xe6e5
core   0: 3 0x8000dea4 (0x0e6e5517) x10 0x8e6f2ea4
core   0: 0x8000dea8 (0x00589c33) sll     s8, a7, t0
core   0: 3 0x8000dea8 (0x00589c33) x24 0x00000000
core   0: 0x8000deac (0xea9c2613) slti    a2, s8, -343
core   0: 3 0x8000deac (0xea9c2613) x12 0x00000000
core   0: 0x8000deb0 (0xd3ca8913) addi    s2, s5, -708
core   0: 3 0x8000deb0 (0xd3ca8913) x18 0xfdb00ff7
core   0: 0x8000deb4 (0x5726c213) xori    tp, a3, 1394
core   0: 3 0x8000deb4 (0x5726c213) x 4 0x00000572
core   0: 0x8000deb8 (0x00f5e0b3) or      ra, a1, a5
core   0: 3 0x8000deb8 (0x00f5e0b3) x 1 0x00000001
core   0: 0x8000debc (0xbd8ac013) xori    zero, s5, -1064
core   0: 3 0x8000debc (0xbd8ac013)
core   0: 0x8000dec0 (0x00f48a63) beq     s1, a5, pc + 20
core   0: 3 0x8000dec0 (0x00f48a63)
core   0: 0x8000dec4 (0x41528e33) sub     t3, t0, s5
core   0: 3 0x8000dec4 (0x41528e33) x28 0x01281722
core   0: 0x8000dec8 (0x015bf863) bgeu    s7, s5, pc + 16
core   0: 3 0x8000dec8 (0x015bf863)
core   0: 0x8000decc (0x0000100f) fence.i
core   0: 3 0x8000decc (0x0000100f)
core   0: 0x8000ded0 (0x41a17b13) andi    s6, sp, 1050
core   0: 3 0x8000ded0 (0x41a17b13) x22 0x00000000
core   0: 0x8000ded4 (0x837d2693) slti    a3, s10, -1993
core   0: 3 0x8000ded4 (0x837d2693) x13 0x00000000
core   0: 0x8000ded8 (0x00b1ba33) sltu    s4, gp, a1
core   0: 3 0x8000ded8 (0x00b1ba33) x20 0x00000000
core   0: 0x8000dedc (0x410d8033) sub     zero, s11, a6
core   0: 3 0x8000dedc (0x410d8033)
core   0: 0x8000dee0 (0xe5708713) addi    a4, ra, -425
core   0: 3 0x8000dee0 (0xe5708713) x14 0xfffffe58
core   0: 0x8000dee4 (0x02558063) beq     a1, t0, pc + 32
core   0: 3 0x8000dee4 (0x02558063)
core   0: 0x8000dee8 (0x0000100f) fence.i
core   0: 3 0x8000dee8 (0x0000100f)
core   0: 0x8000deec (0x01030cb3) add     s9, t1, a6
core   0: 3 0x8000deec (0x01030cb3) x25 0x00000004
core   0: 0x8000def0 (0x0ff0000f) fence   iorw,iorw
core   0: 3 0x8000def0 (0x0ff0000f)
core   0: 0x8000def4 (0x00000013) nop
core   0: 3 0x8000def4 (0x00000013)
core   0: 0x8000def8 (0x175d7a13) andi    s4, s10, 373
core   0: 3 0x8000def8 (0x175d7a13) x20 0x00000011
core   0: 0x8000defc (0x02bb9863) bne     s7, a1, pc + 48
core   0: 3 0x8000defc (0x02bb9863)
core   0: 0x8000df2c (0x4016df33) sra     t5, a3, ra
core   0: 3 0x8000df2c (0x4016df33) x30 0x00000000
core   0: 0x8000df30 (0xc3b86293) ori     t0, a6, -965
core   0: 3 0x8000df30 (0xc3b86293) x 5 0xfffffc3f
core   0: 0x8000df34 (0x00c63a33) sltu    s4, a2, a2
core   0: 3 0x8000df34 (0x00c63a33) x20 0x00000000
core   0: 0x8000df38 (0x0000100f) fence.i
core   0: 3 0x8000df38 (0x0000100f)
core   0: 0x8000df3c (0x017d1893) slli    a7, s10, 23
core   0: 3 0x8000df3c (0x017d1893) x17 0x09800000
core   0: 0x8000df40 (0x821abe93) sltiu   t4, s5, -2015
core   0: 3 0x8000df40 (0x821abe93) x29 0x00000001
core   0: 0x8000df44 (0x02fafc13) andi    s8, s5, 47
core   0: 3 0x8000df44 (0x02fafc13) x24 0x0000002b
core   0: 0x8000df48 (0x002ae3b3) or      t2, s5, sp
core   0: 3 0x8000df48 (0x002ae3b3) x 7 0xfdb012bb
core   0: 0x8000df4c (0x01bbc633) xor     a2, s7, s11
core   0: 3 0x8000df4c (0x01bbc633) x12 0x9c824df8
core   0: 0x8000df50 (0x7d5bb993) sltiu   s3, s7, 2005
core   0: 3 0x8000df50 (0x7d5bb993) x19 0x00000000
core   0: 0x8000df54 (0x00000013) nop
core   0: 3 0x8000df54 (0x00000013)
core   0: 0x8000df58 (0x004ba783) lw      a5, 4(s7)
core   0: 3 0x8000df58 (0x004ba783) x15 0x8000cf2c mem 0x80024dfc
core   0: 0x8000df5c (0xe010ad13) slti    s10, ra, -511
core   0: 3 0x8000df5c (0xe010ad13) x26 0x00000000
core   0: 0x8000df60 (0x030b8b93) addi    s7, s7, 48
core   0: 3 0x8000df60 (0x030b8b93) x23 0x80024e28
core   0: 0x8000df64 (0x40938133) sub     sp, t2, s1
core   0: 3 0x8000df64 (0x40938133) x 2 0x7dad85d7
core   0: 0x8000df68 (0x39576893) ori     a7, a4, 917
core   0: 3 0x8000df68 (0x39576893) x17 0xffffffdd
core   0: 0x8000df6c (0xd44eb413) sltiu   s0, t4, -700
core   0: 3 0x8000df6c (0xd44eb413) x 8 0x00000001
core   0: 0x8000df70 (0x0000100f) fence.i
core   0: 3 0x8000df70 (0x0000100f)
core   0: 0x8000df74 (0xb58b7c93) andi    s9, s6, -1192
core   0: 3 0x8000df74 (0xb58b7c93) x25 0x00000000
core   0: 0x8000df78 (0x00178693) addi    a3, a5, 1
core   0: 3 0x8000df78 (0x00178693) x13 0x8000cf2d
core   0: 0x8000df7c (0x000686e7) jalr    a3, a3, 0
core   0: 3 0x8000df7c (0x000686e7) x13 0x8000df80
core   0: 0x8000cf2c (0xbb144913) xori    s2, s0, -1103
core   0: 3 0x8000cf2c (0xbb144913) x18 0xfffffbb0
core   0: 0x8000cf30 (0x0b22ad97) auipc   s11, 0xb22a
core   0: 3 0x8000cf30 (0x0b22ad97) x27 0x8b236f30
core   0: 0x8000cf34 (0x016625b3) slt     a1, a2, s6
core   0: 3 0x8000cf34 (0x016625b3) x11 0x00000001
core   0: 0x8000cf38 (0x4011db33) sra     s6, gp, ra
core   0: 3 0x8000cf38 (0x4011db33) x22 0xc00127ff
core   0: 0x8000cf3c (0x00671eb3) sll     t4, a4, t1
core   0: 3 0x8000cf3c (0x00671eb3) x29 0xfffffe58
core   0: 0x8000cf40 (0x001d7e63) bgeu    s10, ra, pc + 28
core   0: 3 0x8000cf40 (0x001d7e63)
core   0: 0x8000cf44 (0xe20e8f93) addi    t6, t4, -480
core   0: 3 0x8000cf44 (0xe20e8f93) x31 0xfffffc78
core   0: 0x8000cf48 (0x00e41433) sll     s0, s0, a4
core   0: 3 0x8000cf48 (0x00e41433) x 8 0x01000000
core   0: 0x8000cf4c (0x0ff0000f) fence   iorw,iorw
core   0: 3 0x8000cf4c (0x0ff0000f)
core   0: 0x8000cf50 (0x01eb5193) srli    gp, s6, 30
core   0: 3 0x8000cf50 (0x01eb5193) x 3 0x00000003
core   0: 0x8000cf54 (0x07f87893) andi    a7, a6, 127
core   0: 3 0x8000cf54 (0x07f87893) x17 0x00000004
core   0: 0x8000cf58 (0x01918cb3) add     s9, gp, s9
core   0: 3 0x8000cf58 (0x01918cb3) x25 0x00000003
core   0: 0x8000cf5c (0xe99bb293) sltiu   t0, s7, -359
core   0: 3 0x8000cf5c (0xe99bb293) x 5 0x00000001
core   0: 0x8000cf60 (0x018641b3) xor     gp, a2, s8
core   0: 3 0x8000cf60 (0x018641b3) x 3 0x9c824dd3
core   0: 0x8000cf64 (0x40868633) sub     a2, a3, s0
core   0: 3 0x8000cf64 (0x40868633) x12 0x7f00df80
core   0: 0x8000cf68 (0x00069d33) sll     s10, a3, zero
core   0: 3 0x8000cf68 (0x00069d33) x26 0x8000df80
core   0: 0x8000cf6c (0x0037d413) srli    s0, a5, 3
core   0: 3 0x8000cf6c (0x0037d413) x 8 0x100019e5
core   0: 0x8000cf70 (0x01331513) slli    a0, t1, 19
core   0: 3 0x8000cf70 (0x01331513) x10 0x00000000
core   0: 0x8000cf74 (0x00e34833) xor     a6, t1, a4
core   0: 3 0x8000cf74 (0x00e34833) x16 0xfffffe58
core   0: 0x8000cf78 (0x01a6bfb3) sltu    t6, a3, s10
core   0: 3 0x8000cf78 (0x01a6bfb3) x31 0x00000000
core   0: 0x8000cf7c (0x01e7c433) xor     s0, a5, t5
core   0: 3 0x8000cf7c (0x01e7c433) x 8 0x8000cf2c
core   0: 0x8000cf80 (0x01f0a633) slt     a2, ra, t6
core   0: 3 0x8000cf80 (0x01f0a633) x12 0x00000000
core   0: 0x8000cf84 (0x0000100f) fence.i
core   0: 3 0x8000cf84 (0x0000100f)
core   0: 0x8000cf88 (0x0000100f) fence.i
core   0: 3 0x8000cf88 (0x0000100f)
core   0: 0x8000cf8c (0x00f95cb3) srl     s9, s2, a5
core   0: 3 0x8000cf8c (0x00f95cb3) x25 0x000fffff
core   0: 0x8000cf90 (0x00000013) nop
core   0: 3 0x8000cf90 (0x00000013)
core   0: 0x8000cf94 (0xb1913893) sltiu   a7, sp, -1255
core   0: 3 0x8000cf94 (0xb1913893) x17 0x00000001
core   0: 0x8000cf98 (0x027ee663) bltu    t4, t2, pc + 44
core   0: 3 0x8000cf98 (0x027ee663)
core   0: 0x8000cf9c (0x04856463) bltu    a0, s0, pc + 72
core   0: 3 0x8000cf9c (0x04856463)
core   0: 0x8000cfe4 (0x05de5263) bge     t3, t4, pc + 68
core   0: 3 0x8000cfe4 (0x05de5263)
core   0: 0x8000d028 (0x8ed37d97) auipc   s11, 0x8ed37
core   0: 3 0x8000d028 (0x8ed37d97) x27 0x0ed44028
core   0: 0x8000d02c (0x04a5d063) bge     a1, a0, pc + 64
core   0: 3 0x8000d02c (0x04a5d063)
core   0: 0x8000d06c (0x00b3f133) and     sp, t2, a1
core   0: 3 0x8000d06c (0x00b3f133) x 2 0x00000001
core   0: 0x8000d070 (0x00000013) nop
core   0: 3 0x8000d070 (0x00000013)
core   0: 0x8000d074 (0x0457e663) bltu    a5, t0, pc + 76
core   0: 3 0x8000d074 (0x0457e663)
core   0: 0x8000d078 (0xd53f3a37) lui     s4, 0xd53f3
core   0: 3 0x8000d078 (0xd53f3a37) x20 0xd53f3000
core   0: 0x8000d07c (0x0ff0000f) fence   iorw,iorw
core   0: 3 0x8000d07c (0x0ff0000f)
core   0: 0x8000d080 (0x011d5833) srl     a6, s10, a7
core   0: 3 0x8000d080 (0x011d5833) x16 0x40006fc0
core   0: 0x8000d084 (0x41a309b3) sub     s3, t1, s10
core   0: 3 0x8000d084 (0x41a309b3) x19 0x7fff2080
core   0: 0x8000d088 (0x09d958b7) lui     a7, 0x9d95
core   0: 3 0x8000d088 (0x09d958b7) x17 0x09d95000
core   0: 0x8000d08c (0x011f8e63) beq     t6, a7, pc + 28
core   0: 3 0x8000d08c (0x011f8e63)
core   0: 0x8000d090 (0x018dd513) srli    a0, s11, 24
core   0: 3 0x8000d090 (0x018dd513) x10 0x0000000e
core   0: 0x8000d094 (0x0ff0000f) fence   iorw,iorw
core   0: 3 0x8000d094 (0x0ff0000f)
core   0: 0x8000d098 (0x406f5313) srai    t1, t5, 6
core   0: 3 0x8000d098 (0x406f5313) x 6 0x00000000
core   0: 0x8000d09c (0x00169593) slli    a1, a3, 1
core   0: 3 0x8000d09c (0x00169593) x11 0x0001bf00
core   0: 0x8000d0a0 (0x8fffb1b7) lui     gp, 0x8fffb
core   0: 3 0x8000d0a0 (0x8fffb1b7) x 3 0x8fffb000
core   0: 0x8000d0a4 (0x41c00b33) sub     s6, zero, t3
core   0: 3 0x8000d0a4 (0x41c00b33) x22 0xfed7e8de
core   0: 0x8000d0a8 (0xef33c593) xori    a1, t2, -269
core   0: 3 0x8000d0a8 (0xef33c593) x11 0x024fec48
core   0: 0x8000d0ac (0xbaaeb117) auipc   sp, 0xbaaeb
core   0: 3 0x8000d0ac (0xbaaeb117) x 2 0x3aaf80ac
core   0: 0x8000d0b0 (0x715ea093) slti    ra, t4, 1813
core   0: 3 0x8000d0b0 (0x715ea093) x 1 0x00000001
core   0: 0x8000d0b4 (0x01258c63) beq     a1, s2, pc + 24
core   0: 3 0x8000d0b4 (0x01258c63)
core   0: 0x8000d0b8 (0x03f37a63) bgeu    t1, t6, pc + 52
core   0: 3 0x8000d0b8 (0x03f37a63)
core   0: 0x8000d0ec (0x00000013) nop
core   0: 3 0x8000d0ec (0x00000013)
core   0: 0x8000d0f0 (0x04234063) blt     t1, sp, pc + 64
core   0: 3 0x8000d0f0 (0x04234063)
core   0: 0x8000d130 (0x01064c63) blt     a2, a6, pc + 24
core   0: 3 0x8000d130 (0x01064c63)
core   0: 0x8000d148 (0x00515193) srli    gp, sp, 5
core   0: 3 0x8000d148 (0x00515193) x 3 0x01d57c05
core   0: 0x8000d14c (0x00d57533) and     a0, a0, a3
core   0: 3 0x8000d14c (0x00d57533) x10 0x00000000
core   0: 0x8000d150 (0x0ff0000f) fence   iorw,iorw
core   0: 3 0x8000d150 (0x0ff0000f)
core   0: 0x8000d154 (0x120ee813) ori     a6, t4, 288
core   0: 3 0x8000d154 (0x120ee813) x16 0xffffff78
core   0: 0x8000d158 (0x01ff50b3) srl     ra, t5, t6
core   0: 3 0x8000d158 (0x01ff50b3) x 1 0x00000000
core   0: 0x8000d15c (0xd5d94f93) xori    t6, s2, -675
core   0: 3 0x8000d15c (0xd5d94f93) x31 0x000006ed
core   0: 0x8000d160 (0x02a74313) xori    t1, a4, 42
core   0: 3 0x8000d160 (0x02a74313) x 6 0xfffffe72
core   0: 0x8000d164 (0x004a13b3) sll     t2, s4, tp
core   0: 3 0x8000d164 (0x004a13b3) x 7 0xc0000000
core   0: 0x8000d168 (0x9454ff93) andi    t6, s1, -1723
core   0: 3 0x8000d168 (0x9454ff93) x31 0x80028844
core   0: 0x8000d16c (0x0129a833) slt     a6, s3, s2
core   0: 3 0x8000d16c (0x0129a833) x16 0x00000000
core   0: 0x8000d170 (0x012168b3) or      a7, sp, s2
core   0: 3 0x8000d170 (0x012168b3) x17 0xfffffbbc
core   0: 0x8000d174 (0x019cbfb3) sltu    t6, s9, s9
core   0: 3 0x8000d174 (0x019cbfb3) x31 0x00000000
core   0: 0x8000d178 (0x058d1863) bne     s10, s8, pc + 80
core   0: 3 0x8000d178 (0x058d1863)
core   0: 0x8000d1c8 (0x1c4f2393) slti    t2, t5, 452
core   0: 3 0x8000d1c8 (0x1c4f2393) x 7 0x00000001
core   0: 0x8000d1cc (0x002c5c63) bge     s8, sp, pc + 24
core   0: 3 0x8000d1cc (0x002c5c63)
core   0: 0x8000d1d0 (0x7a37f637) lui     a2, 0x7a37f
core   0: 3 0x8000d1d0 (0x7a37f637) x12 0x7a37f000
core   0: 0x8000d1d4 (0x01ce8633) add     a2, t4, t3
core   0: 3 0x8000d1d4 (0x01ce8633) x12 0x0128157a
core   0: 0x8000d1d8 (0x0115e863) bltu    a1, a7, pc + 16
core   0: 3 0x8000d1d8 (0x0115e863)
core   0: 0x8000d1e8 (0x0009f663) bgeu    s3, zero, pc + 12
core   0: 3 0x8000d1e8 (0x0009f663)
core   0: 0x8000d1f4 (0x01c39e93) slli    t4, t2, 28
core   0: 3 0x8000d1f4 (0x01c39e93) x29 0x10000000
core   0: 0x8000d1f8 (0x01d67863) bgeu    a2, t4, pc + 16
core   0: 3 0x8000d1f8 (0x01d67863)
core   0: 0x8000d1fc (0x002b3fb3) sltu    t6, s6, sp
core   0: 3 0x8000d1fc (0x002b3fb3) x31 0x00000000
core   0: 0x8000d200 (0x000a6e33) or      t3, s4, zero
core   0: 3 0x8000d200 (0x000a6e33) x28 0xd53f3000
core   0: 0x8000d204 (0x0ff0000f) fence   iorw,iorw
core   0: 3 0x8000d204 (0x0ff0000f)
core   0: 0x8000d208 (0xaad83c13) sltiu   s8, a6, -1363
core   0: 3 0x8000d208 (0xaad83c13) x24 0x00000001
core   0: 0x8000d20c (0x3b307893) andi    a7, zero, 947
core   0: 3 0x8000d20c (0x3b307893) x17 0x00000000
core   0: 0x8000d210 (0x00d0d793) srli    a5, ra, 13
core   0: 3 0x8000d210 (0x00d0d793) x15 0x00000000
core   0: 0x8000d214 (0x11f52b17) auipc   s6, 0x11f52
core   0: 3 0x8000d214 (0x11f52b17) x22 0x91f5f214
core   0: 0x8000d218 (0x01043d33) sltu    s10, s0, a6
core   0: 3 0x8000d218 (0x01043d33) x26 0x00000000
core   0: 0x8000d21c (0x6c7f2197) auipc   gp, 0x6c7f2
core   0: 3 0x8000d21c (0x6c7f2197) x 3 0xec7ff21c
core   0: 0x8000d220 (0x007dc033) xor     zero, s11, t2
core   0: 3 0x8000d220 (0x007dc033)
core   0: 0x8000d224 (0x004b1693) slli    a3, s6, 4
core   0: 3 0x8000d224 (0x004b1693) x13 0x1f5f2140
core   0: 0x8000d228 (0x41375693) srai    a3, a4, 19
core   0: 3 0x8000d228 (0x41375693) x13 0xffffffff
core   0: 0x8000d22c (0x007af863) bgeu    s5, t2, pc + 16
core   0: 3 0x8000d22c (0x007af863)
core   0: 0x8000d23c (0x41370833) sub     a6, a4, s3
core   0: 3 0x8000d23c (0x41370833) x16 0x8000ddd8
core   0: 0x8000d240 (0x00246433) or      s0, s0, sp
core   0: 3 0x8000d240 (0x00246433) x 8 0xbaafcfac
core   0: 0x8000d244 (0xff600b13) li      s6, -10
core   0: 3 0x8000d244 (0xff600b13) x22 0xfffffff6
core   0: 0x8000d248 (0x000b12b3) sll     t0, s6, zero
core   0: 3 0x8000d248 (0x000b12b3) x 5 0xfffffff6
core   0: 0x8000d24c (0xff700e93) li      t4, -9
core   0: 3 0x8000d24c (0xff700e93) x29 0xfffffff7
core   0: 0x8000d250 (0xaf872593) slti    a1, a4, -1288
core   0: 3 0x8000d250 (0xaf872593) x11 0x00000000
core   0: 0x8000d254 (0x001b0b13) addi    s6, s6, 1
core   0: 3 0x8000d254 (0x001b0b13) x22 0xfffffff7
core   0: 0x8000d258 (0x79447f93) andi    t6, s0, 1940
core   0: 3 0x8000d258 (0x79447f93) x31 0x00000784
core   0: 0x8000d25c (0xfff00f13) li      t5, -1
core   0: 3 0x8000d25c (0xfff00f13) x30 0xffffffff
core   0: 0x8000d260 (0x01f19713) slli    a4, gp, 31
core   0: 3 0x8000d260 (0x01f19713) x14 0x00000000
core   0: 0x8000d264 (0xfef00d13) li      s10, -17
core   0: 3 0x8000d264 (0xfef00d13) x26 0xffffffef
core   0: 0x8000d268 (0x000ba633) slt     a2, s7, zero
core   0: 3 0x8000d268 (0x000ba633) x12 0x00000001
core   0: 0x8000d26c (0x014a1c33) sll     s8, s4, s4
core   0: 3 0x8000d26c (0x014a1c33) x24 0xd53f3000
core   0: 0x8000d270 (0x40f00a33) sub     s4, zero, a5
core   0: 3 0x8000d270 (0x40f00a33) x20 0x00000000
core   0: 0x8000d274 (0xffcf0f13) addi    t5, t5, -4
core   0: 3 0x8000d274 (0xffcf0f13) x30 0xfffffffb
core   0: 0x8000d278 (0xffaf08e3) beq     t5, s10, pc - 16
core   0: 3 0x8000d278 (0xffaf08e3)
core   0: 0x8000d27c (0xf61766b7) lui     a3, 0xf6176
core   0: 3 0x8000d27c (0xf61766b7) x13 0xf6176000
core   0: 0x8000d280 (0x019aacb3) slt     s9, s5, s9
core   0: 3 0x8000d280 (0x019aacb3) x25 0x00000001
core   0: 0x8000d284 (0xfddb16e3) bne     s6, t4, pc - 52
core   0: 3 0x8000d284 (0xfddb16e3)
core   0: 0x8000d288 (0x40e386b3) sub     a3, t2, a4
core   0: 3 0x8000d288 (0x40e386b3) x13 0x00000001
core   0: 0x8000d28c (0x96b20797) auipc   a5, 0x96b20
core   0: 3 0x8000d28c (0x96b20797) x15 0x16b2d28c
core   0: 0x8000d290 (0x00127eb3) and     t4, tp, ra
core   0: 3 0x8000d290 (0x00127eb3) x29 0x00000000
core   0: 0x8000d294 (0x05edd263) bge     s11, t5, pc + 68
core   0: 3 0x8000d294 (0x05edd263)
core   0: 0x8000d2d8 (0x40020433) sub     s0, tp, zero
core   0: 3 0x8000d2d8 (0x40020433) x 8 0x00000572
core   0: 0x8000d2dc (0x01e1cc33) xor     s8, gp, t5
core   0: 3 0x8000d2dc (0x01e1cc33) x24 0x13800de7
core   0: 0x8000d2e0 (0x00f166b3) or      a3, sp, a5
core   0: 3 0x8000d2e0 (0x00f166b3) x13 0x3ebfd2ac
core   0: 0x8000d2e4 (0x410652b3) sra     t0, a2, a6
core   0: 3 0x8000d2e4 (0x410652b3) x 5 0x00000000
core   0: 0x8000d2e8 (0x00cec5b3) xor     a1, t4, a2
core   0: 3 0x8000d2e8 (0x00cec5b3) x11 0x00000001
core   0: 0x8000d2ec (0x01a551b3) srl     gp, a0, s10
core   0: 3 0x8000d2ec (0x01a551b3) x 3 0x00000000
core   0: 0x8000d2f0 (0x00edc263) blt     s11, a4, pc + 4
core   0: 3 0x8000d2f0 (0x00edc263)
core   0: 0x8000d2f4 (0x0ff0000f) fence   iorw,iorw
core   0: 3 0x8000d2f4 (0x0ff0000f)
core   0: 0x8000d2f8 (0xc5454d17) auipc   s10, 0xc5454
core   0: 3 0x8000d2f8 (0xc5454d17) x26 0x454612f8
core   0: 0x8000d2fc (0x00136133) or      sp, t1, ra
core   0: 3 0x8000d2fc (0x00136133) x 2 0xfffffe72
core   0: 0x8000d300 (0x6f3ee213) ori     tp, t4, 1779
core   0: 3 0x8000d300 (0x6f3ee213) x 4 0x000006f3
core   0: 0x8000d304 (0x0ff0000f) fence   iorw,iorw
core   0: 3 0x8000d304 (0x0ff0000f)
core   0: 0x8000d308 (0x001a35b3) sltu    a1, s4, ra
core   0: 3 0x8000d308 (0x001a35b3) x11 0x00000000
core   0: 0x8000d30c (0x0100cc63) blt     ra, a6, pc + 24
core   0: 3 0x8000d30c (0x0100cc63)
core   0: 0x8000d310 (0x003aadb3) slt     s11, s5, gp
core   0: 3 0x8000d310 (0x003aadb3) x27 0x00000001
core   0: 0x8000d314 (0x0ff0000f) fence   iorw,iorw
core   0: 3 0x8000d314 (0x0ff0000f)
core   0: 0x8000d318 (0x0506d863) bge     a3, a6, pc + 80
core   0: 3 0x8000d318 (0x0506d863)
core   0: 0x8000d368 (0x0a2d0013) addi    zero, s10, 162
core   0: 3 0x8000d368 (0x0a2d0013)
core   0: 0x8000d36c (0x00900c13) li      s8, 9
core   0: 3 0x8000d36c (0x00900c13) x24 0x00000009
core   0: 0x8000d370 (0x0ff0000f) fence   iorw,iorw
core   0: 3 0x8000d370 (0x0ff0000f)
core   0: 0x8000d374 (0x01c6e7b3) or      a5, a3, t3
core   0: 3 0x8000d374 (0x01c6e7b3) x15 0xffbff2ac
core   0: 0x8000d378 (0x00366e33) or      t3, a2, gp
core   0: 3 0x8000d378 (0x00366e33) x28 0x00000001
core   0: 0x8000d37c (0x40620833) sub     a6, tp, t1
core   0: 3 0x8000d37c (0x40620833) x16 0x00000881
core   0: 0x8000d380 (0x00700413) li      s0, 7
core   0: 3 0x8000d380 (0x00700413) x 8 0x00000007
core   0: 0x8000d384 (0x2a3f7793) andi    a5, t5, 675
core   0: 3 0x8000d384 (0x2a3f7793) x15 0x000002a3
core   0: 0x8000d388 (0x23d09c97) auipc   s9, 0x23d09
core   0: 3 0x8000d388 (0x23d09c97) x25 0xa3d16388
core   0: 0x8000d38c (0x6f77b893) sltiu   a7, a5, 1783
core   0: 3 0x8000d38c (0x6f77b893) x17 0x00000001
core   0: 0x8000d390 (0x401cdcb3) sra     s9, s9, ra
core   0: 3 0x8000d390 (0x401cdcb3) x25 0xa3d16388
core   0: 0x8000d394 (0x70964e37) lui     t3, 0x70964
core   0: 3 0x8000d394 (0x70964e37) x28 0x70964000
core   0: 0x8000d398 (0xffdc0c13) addi    s8, s8, -3
core   0: 3 0x8000d398 (0xffdc0c13) x24 0x00000006
core   0: 0x8000d39c (0x00b6f1b3) and     gp, a3, a1
core   0: 3 0x8000d39c (0x00b6f1b3) x 3 0x00000000
core   0: 0x8000d3a0 (0x41c10cb3) sub     s9, sp, t3
core   0: 3 0x8000d3a0 (0x41c10cb3) x25 0x8f69be72
core   0: 0x8000d3a4 (0x002e4033) xor     zero, t3, sp
core   0: 3 0x8000d3a4 (0x002e4033)
core   0: 0x8000d3a8 (0xdfc2b193) sltiu   gp, t0, -516
core   0: 3 0x8000d3a8 (0xdfc2b193) x 3 0x00000001
core   0: 0x8000d3ac (0x01b15693) srli    a3, sp, 27
core   0: 3 0x8000d3ac (0x01b15693) x13 0x0000001f
core   0: 0x8000d3b0 (0xee064293) xori    t0, a2, -288
core   0: 3 0x8000d3b0 (0xee064293) x 5 0xfffffee1
core   0: 0x8000d3b4 (0x00689013) slli    zero, a7, 6
core   0: 3 0x8000d3b4 (0x00689013)
core   0: 0x8000d3b8 (0x0043eb33) or      s6, t2, tp
core   0: 3 0x8000d3b8 (0x0043eb33) x22 0x000006f3
core   0: 0x8000d3bc (0x235589b7) lui     s3, 0x23558
core   0: 3 0x8000d3bc (0x235589b7) x19 0x23558000
core   0: 0x8000d3c0 (0x41d80eb3) sub     t4, a6, t4
core   0: 3 0x8000d3c0 (0x41d80eb3) x29 0x00000881
core   0: 0x8000d3c4 (0x411ed9b3) sra     s3, t4, a7
core   0: 3 0x8000d3c4 (0x411ed9b3) x19 0x00000440
core   0: 0x8000d3c8 (0x00738333) add     t1, t2, t2
core   0: 3 0x8000d3c8 (0x00738333) x 6 0x00000002
core   0: 0x8000d3cc (0x4b8dcc93) xori    s9, s11, 1208
core   0: 3 0x8000d3cc (0x4b8dcc93) x25 0x000004b9
core   0: 0x8000d3d0 (0xffae2f93) slti    t6, t3, -6
core   0: 3 0x8000d3d0 (0xffae2f93) x31 0x00000000
core   0: 0x8000d3d4 (0xfa8c7ce3) bgeu    s8, s0, pc - 72
core   0: 3 0x8000d3d4 (0xfa8c7ce3)
core   0: 0x8000d3d8 (0x41808633) sub     a2, ra, s8
core   0: 3 0x8000d3d8 (0x41808633) x12 0xfffffffa
core   0: 0x8000d3dc (0x012a9263) bne     s5, s2, pc + 4
core   0: 3 0x8000d3dc (0x012a9263)
core   0: 0x8000d3e0 (0x41f48d33) sub     s10, s1, t6
core   0: 3 0x8000d3e0 (0x41f48d33) x26 0x80028ce4
core   0: 0x8000d3e4 (0x01821863) bne     tp, s8, pc + 16
core   0: 3 0x8000d3e4 (0x01821863)
core   0: 0x8000d3f4 (0x00992f33) slt     t5, s2, s1
core   0: 3 0x8000d3f4 (0x00992f33) x30 0x00000000
core   0: 0x8000d3f8 (0x40d1d893) srai    a7, gp, 13
core   0: 3 0x8000d3f8 (0x40d1d893) x17 0x00000000
core   0: 0x8000d3fc (0x00db1f93) slli    t6, s6, 13
core   0: 3 0x8000d3fc (0x00db1f93) x31 0x00de6000
core   0: 0x8000d400 (0x00aa0b33) add     s6, s4, a0
core   0: 3 0x8000d400 (0x00aa0b33) x22 0x00000000
core   0: 0x8000d404 (0x41595313) srai    t1, s2, 21
core   0: 3 0x8000d404 (0x41595313) x 6 0xffffffff
core   0: 0x8000d408 (0x001cbf33) sltu    t5, s9, ra
core   0: 3 0x8000d408 (0x001cbf33) x30 0x00000000
core   0: 0x8000d40c (0x01db5863) bge     s6, t4, pc + 16
core   0: 3 0x8000d40c (0x01db5863)
core   0: 0x8000d410 (0xe5786d93) ori     s11, a6, -425
core   0: 3 0x8000d410 (0xe5786d93) x27 0xfffffed7
core   0: 0x8000d414 (0x0ff0000f) fence   iorw,iorw
core   0: 3 0x8000d414 (0x0ff0000f)
core   0: 0x8000d418 (0x4d2ff313) andi    t1, t6, 1234
core   0: 3 0x8000d418 (0x4d2ff313) x 6 0x00000000
core   0: 0x8000d41c (0x41775713) srai    a4, a4, 23
core   0: 3 0x8000d41c (0x41775713) x14 0x00000000
core   0: 0x8000d420 (0x0ff0000f) fence   iorw,iorw
core   0: 3 0x8000d420 (0x0ff0000f)
core   0: 0x8000d424 (0xaa34d837) lui     a6, 0xaa34d
core   0: 3 0x8000d424 (0xaa34d837) x16 0xaa34d000
core   0: 0x8000d428 (0xbc210e13) addi    t3, sp, -1086
core   0: 3 0x8000d428 (0xbc210e13) x28 0xfffffa34
core   0: 0x8000d42c (0x010ea3b3) slt     t2, t4, a6
core   0: 3 0x8000d42c (0x010ea3b3) x 7 0x00000000
core   0: 0x8000d430 (0x04ed9863) bne     s11, a4, pc + 80
core   0: 3 0x8000d430 (0x04ed9863)
core   0: 0x8000d480 (0x0ff0000f) fence   iorw,iorw
core   0: 3 0x8000d480 (0x0ff0000f)
core   0: 0x8000d484 (0x0277d263) bge     a5, t2, pc + 36
core   0: 3 0x8000d484 (0x0277d263)
core   0: 0x8000d4a8 (0x0ff0000f) fence   iorw,iorw
core   0: 3 0x8000d4a8 (0x0ff0000f)
core   0: 0x8000d4ac (0x40b4d413) srai    s0, s1, 11
core   0: 3 0x8000d4ac (0x40b4d413) x 8 0xfff00051
core   0: 0x8000d4b0 (0x01261593) slli    a1, a2, 18
core   0: 3 0x8000d4b0 (0x01261593) x11 0xffe80000
core   0: 0x8000d4b4 (0x00d6e2b3) or      t0, a3, a3
core   0: 3 0x8000d4b4 (0x00d6e2b3) x 5 0x0000001f
core   0: 0x8000d4b8 (0x00000013) nop
core   0: 3 0x8000d4b8 (0x00000013)
core   0: 0x8000d4bc (0x40dfdf13) srai    t5, t6, 13
core   0: 3 0x8000d4bc (0x40dfdf13) x30 0x000006f3
core   0: 0x8000d4c0 (0x01eb5663) bge     s6, t5, pc + 12
core   0: 3 0x8000d4c0 (0x01eb5663)
core   0: 0x8000d4c4 (0x0000100f) fence.i
core   0: 3 0x8000d4c4 (0x0000100f)
core   0: 0x8000d4c8 (0x019eea33) or      s4, t4, s9
core   0: 3 0x8000d4c8 (0x019eea33) x20 0x00000cb9
core   0: 0x8000d4cc (0xb9c87c97) auipc   s9, 0xb9c87
core   0: 3 0x8000d4cc (0xb9c87c97) x25 0x39c944cc
core   0: 0x8000d4d0 (0x0104a533) slt     a0, s1, a6
core   0: 3 0x8000d4d0 (0x0104a533) x10 0x00000001
core   0: 0x8000d4d4 (0x00c05a33) srl     s4, zero, a2
core   0: 3 0x8000d4d4 (0x00c05a33) x20 0x00000000
core   0: 0x8000d4d8 (0x013f9913) slli    s2, t6, 19
core   0: 3 0x8000d4d8 (0x013f9913) x18 0x00000000
core   0: 0x8000d4dc (0x0000100f) fence.i
core   0: 3 0x8000d4dc (0x0000100f)
core   0: 0x8000d4e0 (0x0000100f) fence.i
core   0: 3 0x8000d4e0 (0x0000100f)
core   0: 0x8000d4e4 (0x01fe5c13) srli    s8, t3, 31
core   0: 3 0x8000d4e4 (0x01fe5c13) x24 0x00000001
core   0: 0x8000d4e8 (0x00859d33) sll     s10, a1, s0
core   0: 3 0x8000d4e8 (0x00859d33) x26 0x00000000
core   0: 0x8000d4ec (0x016f5c33) srl     s8, t5, s6
core   0: 3 0x8000d4ec (0x016f5c33) x24 0x000006f3
core   0: 0x8000d4f0 (0x40768633) sub     a2, a3, t2
core   0: 3 0x8000d4f0 (0x40768633) x12 0x0000001f
core   0: 0x8000d4f4 (0x03d80a63) beq     a6, t4, pc + 52
core   0: 3 0x8000d4f4 (0x03d80a63)
core   0: 0x8000d4f8 (0x011506b3) add     a3, a0, a7
core   0: 3 0x8000d4f8 (0x011506b3) x13 0x00000001
core   0: 0x8000d4fc (0x04030663) beqz    t1, pc + 76
core   0: 3 0x8000d4fc (0x04030663)
core   0: 0x8000d548 (0xa1b4a7b7) lui     a5, 0xa1b4a
core   0: 3 0x8000d548 (0xa1b4a7b7) x15 0xa1b4a000
core   0: 0x8000d54c (0x0135fc63) bgeu    a1, s3, pc + 24
core   0: 3 0x8000d54c (0x0135fc63)
core   0: 0x8000d564 (0x41c882b3) sub     t0, a7, t3
core   0: 3 0x8000d564 (0x41c882b3) x 5 0x000005cc
core   0: 0x8000d568 (0x86fbed13) ori     s10, s7, -1937
core   0: 3 0x8000d568 (0x86fbed13) x26 0xfffffe6f
core   0: 0x8000d56c (0x401d2037) lui     zero, 0x401d2
core   0: 3 0x8000d56c (0x401d2037)
core   0: 0x8000d570 (0x01ba4e63) blt     s4, s11, pc + 28
core   0: 3 0x8000d570 (0x01ba4e63)
core   0: 0x8000d574 (0x01d50b33) add     s6, a0, t4
core   0: 3 0x8000d574 (0x01d50b33) x22 0x00000882
core   0: 0x8000d578 (0x0057d693) srli    a3, a5, 5
core   0: 3 0x8000d578 (0x0057d693) x13 0x050da500
core   0: 0x8000d57c (0x03bb6663) bltu    s6, s11, pc + 44
core   0: 3 0x8000d57c (0x03bb6663)
core   0: 0x8000d5a8 (0x02006c63) bltu    zero, zero, pc + 56
core   0: 3 0x8000d5a8 (0x02006c63)
core   0: 0x8000d5ac (0xef68a797) auipc   a5, 0xef68a
core   0: 3 0x8000d5ac (0xef68a797) x15 0x6f6975ac
core   0: 0x8000d5b0 (0x1223c113) xori    sp, t2, 290
core   0: 3 0x8000d5b0 (0x1223c113) x 2 0x00000122
core   0: 0x8000d5b4 (0x012af5b3) and     a1, s5, s2
core   0: 3 0x8000d5b4 (0x012af5b3) x11 0x00000000
core   0: 0x8000d5b8 (0x01c4df33) srl     t5, s1, t3
core   0: 3 0x8000d5b8 (0x01c4df33) x30 0x00000800
core   0: 0x8000d5bc (0x002c0b33) add     s6, s8, sp
core   0: 3 0x8000d5bc (0x002c0b33) x22 0x00000815
core   0: 0x8000d5c0 (0x0ff0000f) fence   iorw,iorw
core   0: 3 0x8000d5c0 (0x0ff0000f)
core   0: 0x8000d5c4 (0xe0dfac93) slti    s9, t6, -499
core   0: 3 0x8000d5c4 (0xe0dfac93) x25 0x00000000
core   0: 0x8000d5c8 (0xf64bffb7) lui     t6, 0xf64bf
core   0: 3 0x8000d5c8 (0xf64bffb7) x31 0xf64bf000
core   0: 0x8000d5cc (0x01b70663) beq     a4, s11, pc + 12
core   0: 3 0x8000d5cc (0x01b70663)
core   0: 0x8000d5d0 (0x3789f697) auipc   a3, 0x3789f
core   0: 3 0x8000d5d0 (0x3789f697) x13 0xb78ac5d0
core   0: 0x8000d5d4 (0x0054dd33) srl     s10, s1, t0
core   0: 3 0x8000d5d4 (0x0054dd33) x26 0x00080028
core   0: 0x8000d5d8 (0xc9be2793) slti    a5, t3, -869
core   0: 3 0x8000d5d8 (0xc9be2793) x15 0x00000001
core   0: 0x8000d5dc (0x01db2233) slt     tp, s6, t4
core   0: 3 0x8000d5dc (0x01db2233) x 4 0x00000001
core   0: 0x8000d5e0 (0x5c76bb13) sltiu   s6, a3, 1479
core   0: 3 0x8000d5e0 (0x5c76bb13) x22 0x00000000
core   0: 0x8000d5e4 (0x00d86e33) or      t3, a6, a3
core   0: 3 0x8000d5e4 (0x00d86e33) x28 0xbfbed5d0
core   0: 0x8000d5e8 (0x000732b3) sltu    t0, a4, zero
core   0: 3 0x8000d5e8 (0x000732b3) x 5 0x00000000
core   0: 0x8000d5ec (0xa8ce6e13) ori     t3, t3, -1396
core   0: 3 0x8000d5ec (0xa8ce6e13) x28 0xffffffdc
core   0: 0x8000d5f0 (0x01c397b3) sll     a5, t2, t3
core   0: 3 0x8000d5f0 (0x01c397b3) x15 0x00000000
core   0: 0x8000d5f4 (0x01e14863) blt     sp, t5, pc + 16
core   0: 3 0x8000d5f4 (0x01e14863)
core   0: 0x8000d604 (0x01d798b3) sll     a7, a5, t4
core   0: 3 0x8000d604 (0x01d798b3) x17 0x00000000
core   0: 0x8000d608 (0x5ff0b213) sltiu   tp, ra, 1535
core   0: 3 0x8000d608 (0x5ff0b213) x 4 0x00000001
core   0: 0x8000d60c (0x78913913) sltiu   s2, sp, 1929
core   0: 3 0x8000d60c (0x78913913) x18 0x00000001
core   0: 0x8000d610 (0x004b25b3) slt     a1, s6, tp
core   0: 3 0x8000d610 (0x004b25b3) x11 0x00000001
core   0: 0x8000d614 (0x00824c63) blt     tp, s0, pc + 24
core   0: 3 0x8000d614 (0x00824c63)
core   0: 0x8000d618 (0x40f288b3) sub     a7, t0, a5
core   0: 3 0x8000d618 (0x40f288b3) x17 0x00000000
core   0: 0x8000d61c (0x00000013) nop
core   0: 3 0x8000d61c (0x00000013)
core   0: 0x8000d620 (0x35596e37) lui     t3, 0x35596
core   0: 3 0x8000d620 (0x35596e37) x28 0x35596000
core   0: 0x8000d624 (0x41f05133) sra     sp, zero, t6
core   0: 3 0x8000d624 (0x41f05133) x 2 0x00000000
core   0: 0x8000d628 (0xbf5f3e93) sltiu   t4, t5, -1035
core   0: 3 0x8000d628 (0xbf5f3e93) x29 0x00000001
core   0: 0x8000d62c (0x02dc6c63) bltu    s8, a3, pc + 56
core   0: 3 0x8000d62c (0x02dc6c63)
core   0: 0x8000d664 (0x00251d93) slli    s11, a0, 2
core   0: 3 0x8000d664 (0x00251d93) x27 0x00000004
core   0: 0x8000d668 (0x40b65f93) srai    t6, a2, 11
core   0: 3 0x8000d668 (0x40b65f93) x31 0x00000000
core   0: 0x8000d66c (0x52d3bf13) sltiu   t5, t2, 1325
core   0: 3 0x8000d66c (0x52d3bf13) x30 0x00000001
core   0: 0x8000d670 (0x00000013) nop
core   0: 3 0x8000d670 (0x00000013)
core   0: 0x8000d674 (0x41e0df93) srai    t6, ra, 30
core   0: 3 0x8000d674 (0x41e0df93) x31 0x00000000
core   0: 0x8000d678 (0x01cbd313) srli    t1, s7, 28
core   0: 3 0x8000d678 (0x01cbd313) x 6 0x00000008
core   0: 0x8000d67c (0xce9ec213) xori    tp, t4, -791
core   0: 3 0x8000d67c (0xce9ec213) x 4 0xfffffce8
core   0: 0x8000d680 (0xd4c7fa13) andi    s4, a5, -692
core   0: 3 0x8000d680 (0xd4c7fa13) x20 0x00000000
core   0: 0x8000d684 (0x0ff0000f) fence   iorw,iorw
core   0: 3 0x8000d684 (0x0ff0000f)
core   0: 0x8000d688 (0xd660c913) xori    s2, ra, -666
core   0: 3 0x8000d688 (0xd660c913) x18 0xfffffd66
core   0: 0x8000d68c (0xafdae093) ori     ra, s5, -1283
core   0: 3 0x8000d68c (0xafdae093) x 1 0xfffffaff
core   0: 0x8000d690 (0x4056d9b3) sra     s3, a3, t0
core   0: 3 0x8000d690 (0x4056d9b3) x19 0xb78ac5d0
core   0: 0x8000d694 (0x0069beb3) sltu    t4, s3, t1
core   0: 3 0x8000d694 (0x0069beb3) x29 0x00000000
core   0: 0x8000d698 (0x69985797) auipc   a5, 0x69985
core   0: 3 0x8000d698 (0x69985797) x15 0xe9992698
core   0: 0x8000d69c (0x0e660113) addi    sp, a2, 230
core   0: 3 0x8000d69c (0x0e660113) x 2 0x00000105
core   0: 0x8000d6a0 (0x008f0e63) beq     t5, s0, pc + 28
core   0: 3 0x8000d6a0 (0x008f0e63)
core   0: 0x8000d6a4 (0x200bf217) auipc   tp, 0x200bf
core   0: 3 0x8000d6a4 (0x200bf217) x 4 0xa00cc6a4
core   0: 0x8000d6a8 (0x40f70c33) sub     s8, a4, a5
core   0: 3 0x8000d6a8 (0x40f70c33) x24 0x1666d968
core   0: 0x8000d6ac (0x04306063) bltu    zero, gp, pc + 64
core   0: 3 0x8000d6ac (0x04306063)
core   0: 0x8000d6ec (0x00a6d2b3) srl     t0, a3, a0
core   0: 3 0x8000d6ec (0x00a6d2b3) x 5 0x5bc562e8
core   0: 0x8000d6f0 (0x00ed6d33) or      s10, s10, a4
core   0: 3 0x8000d6f0 (0x00ed6d33) x26 0x00080028
core   0: 0x8000d6f4 (0xc2ada013) slti    zero, s11, -982
core   0: 3 0x8000d6f4 (0xc2ada013)
core   0: 0x8000d6f8 (0x0106ce63) blt     a3, a6, pc + 28
core   0: 3 0x8000d6f8 (0x0106ce63)
core   0: 0x8000d6fc (0x02957c63) bgeu    a0, s1, pc + 56
core   0: 3 0x8000d6fc (0x02957c63)
core   0: 0x8000d700 (0x5e186e17) auipc   t3, 0x5e186
core   0: 3 0x8000d700 (0x5e186e17) x28 0xde193700
core   0: 0x8000d704 (0x84ad4393) xori    t2, s10, -1974
core   0: 3 0x8000d704 (0x84ad4393) x 7 0xfff7f862
core   0: 0x8000d708 (0x03260663) beq     a2, s2, pc + 44
core   0: 3 0x8000d708 (0x03260663)
core   0: 0x8000d70c (0xb84fe993) ori     s3, t6, -1148
core   0: 3 0x8000d70c (0xb84fe993) x19 0xfffffb84
core   0: 0x8000d710 (0x62efca13) xori    s4, t6, 1582
core   0: 3 0x8000d710 (0x62efca13) x20 0x0000062e
core   0: 0x8000d714 (0x00f23233) sltu    tp, tp, a5
core   0: 3 0x8000d714 (0x00f23233) x 4 0x00000001
core   0: 0x8000d718 (0x01e415b3) sll     a1, s0, t5
core   0: 3 0x8000d718 (0x01e415b3) x11 0xffe000a2
core   0: 0x8000d71c (0x04f96463) bltu    s2, a5, pc + 72
core   0: 3 0x8000d71c (0x04f96463)
core   0: 0x8000d720 (0x01e47eb3) and     t4, s0, t5
core   0: 3 0x8000d720 (0x01e47eb3) x29 0x00000001
core   0: 0x8000d724 (0x01286e63) bltu    a6, s2, pc + 28
core   0: 3 0x8000d724 (0x01286e63)
core   0: 0x8000d740 (0x0000100f) fence.i
core   0: 3 0x8000d740 (0x0000100f)
core   0: 0x8000d744 (0x8ed30993) addi    s3, t1, -1811
core   0: 3 0x8000d744 (0x8ed30993) x19 0xfffff8f5
core   0: 0x8000d748 (0x008e0c63) beq     t3, s0, pc + 24
core   0: 3 0x8000d748 (0x008e0c63)
core   0: 0x8000d74c (0x00000013) nop
core   0: 3 0x8000d74c (0x00000013)
core   0: 0x8000d750 (0x00d51db3) sll     s11, a0, a3
core   0: 3 0x8000d750 (0x00d51db3) x27 0x00010000
core   0: 0x8000d754 (0x00c45d93) srli    s11, s0, 12
core   0: 3 0x8000d754 (0x00c45d93) x27 0x000fff00
core   0: 0x8000d758 (0xa62ce693) ori     a3, s9, -1438
core   0: 3 0x8000d758 (0xa62ce693) x13 0xfffffa62
core   0: 0x8000d75c (0x0ff0000f) fence   iorw,iorw
core   0: 3 0x8000d75c (0x0ff0000f)
core   0: 0x8000d760 (0x419bd233) sra     tp, s7, s9
core   0: 3 0x8000d760 (0x419bd233) x 4 0x80024e28
core   0: 0x8000d764 (0x01dfdeb3) srl     t4, t6, t4
core   0: 3 0x8000d764 (0x01dfdeb3) x29 0x00000000
core   0: 0x8000d768 (0x01785eb3) srl     t4, a6, s7
core   0: 3 0x8000d768 (0x01785eb3) x29 0x00aa34d0
core   0: 0x8000d76c (0x0000100f) fence.i
core   0: 3 0x8000d76c (0x0000100f)
core   0: 0x8000d770 (0x00d56663) bltu    a0, a3, pc + 12
core   0: 3 0x8000d770 (0x00d56663)
core   0: 0x8000d77c (0x99882c13) slti    s8, a6, -1640
core   0: 3 0x8000d77c (0x99882c13) x24 0x00000001
core   0: 0x8000d780 (0x01b002b3) add     t0, zero, s11
core   0: 3 0x8000d780 (0x01b002b3) x 5 0x000fff00
core   0: 0x8000d784 (0x1152b913) sltiu   s2, t0, 277
core   0: 3 0x8000d784 (0x1152b913) x18 0x00000000
core   0: 0x8000d788 (0x4054d513) srai    a0, s1, 5
core   0: 3 0x8000d788 (0x4054d513) x10 0xfc001467
core   0: 0x8000d78c (0x85187e97) auipc   t4, 0x85187
core   0: 3 0x8000d78c (0x85187e97) x29 0x0519478c
core   0: 0x8000d790 (0x01682633) slt     a2, a6, s6
core   0: 3 0x8000d790 (0x01682633) x12 0x00000001
core   0: 0x8000d794 (0x012e2133) slt     sp, t3, s2
core   0: 3 0x8000d794 (0x012e2133) x 2 0x00000001
core   0: 0x8000d798 (0x02e35863) bge     t1, a4, pc + 48
core   0: 3 0x8000d798 (0x02e35863)
core   0: 0x8000d7c8 (0x00e15313) srli    t1, sp, 14
core   0: 3 0x8000d7c8 (0x00e15313) x 6 0x00000000
core   0: 0x8000d7cc (0x40d9d2b3) sra     t0, s3, a3
core   0: 3 0x8000d7cc (0x40d9d2b3) x 5 0xfffffe3d
core   0: 0x8000d7d0 (0x01bf9833) sll     a6, t6, s11
core   0: 3 0x8000d7d0 (0x01bf9833) x16 0x00000000
core   0: 0x8000d7d4 (0x01169413) slli    s0, a3, 17
core   0: 3 0x8000d7d4 (0x01169413) x 8 0xf4c40000
core   0: 0x8000d7d8 (0x004ba783) lw      a5, 4(s7)
core   0: 3 0x8000d7d8 (0x004ba783) x15 0x8000a920 mem 0x80024e2c
core   0: 0x8000d7dc (0x6918b217) auipc   tp, 0x6918b
core   0: 3 0x8000d7dc (0x6918b217) x 4 0xe91987dc
core   0: 0x8000d7e0 (0x018b8b93) addi    s7, s7, 24
core   0: 3 0x8000d7e0 (0x018b8b93) x23 0x80024e40
core   0: 0x8000d7e4 (0x004c8fb3) add     t6, s9, tp
core   0: 3 0x8000d7e4 (0x004c8fb3) x31 0xe91987dc
core   0: 0x8000d7e8 (0x419dd233) sra     tp, s11, s9
core   0: 3 0x8000d7e8 (0x419dd233) x 4 0x000fff00
core   0: 0x8000d7ec (0x00078893) mv      a7, a5
core   0: 3 0x8000d7ec (0x00078893) x17 0x8000a920
core   0: 0x8000d7f0 (0x000888e7) jalr    a7, a7, 0
core   0: 3 0x8000d7f0 (0x000888e7) x17 0x8000d7f4
core   0: 0x8000a920 (0x03868463) beq     a3, s8, pc + 40
core   0: 3 0x8000a920 (0x03868463)
core   0: 0x8000a924 (0x038e9e63) bne     t4, s8, pc + 60
core   0: 3 0x8000a924 (0x038e9e63)
core   0: 0x8000a960 (0x41f20c33) sub     s8, tp, t6
core   0: 3 0x8000a960 (0x41f20c33) x24 0x16f67724
core   0: 0x8000a964 (0x03c6b397) auipc   t2, 0x3c6b
core   0: 3 0x8000a964 (0x03c6b397) x 7 0x83c75964
core   0: 0x8000a968 (0x01359793) slli    a5, a1, 19
core   0: 3 0x8000a968 (0x01359793) x15 0x05100000
core   0: 0x8000a96c (0x001d59b3) srl     s3, s10, ra
core   0: 3 0x8000a96c (0x001d59b3) x19 0x00000000
core   0: 0x8000a970 (0x004c5393) srli    t2, s8, 4
core   0: 3 0x8000a970 (0x004c5393) x 7 0x016f6772
core   0: 0x8000a974 (0x001c9e63) bne     s9, ra, pc + 28
core   0: 3 0x8000a974 (0x001c9e63)
core   0: 0x8000a990 (0x056b6263) bltu    s6, s6, pc + 68
core   0: 3 0x8000a990 (0x056b6263)
core   0: 0x8000a994 (0x010be663) bltu    s7, a6, pc + 12
core   0: 3 0x8000a994 (0x010be663)
core   0: 0x8000a998 (0xb8e53813) sltiu   a6, a0, -1138
core   0: 3 0x8000a998 (0xb8e53813) x16 0x00000001
core   0: 0x8000a99c (0x03df4463) blt     t5, t4, pc + 40
core   0: 3 0x8000a99c (0x03df4463)
core   0: 0x8000a9c4 (0x59a0b293) sltiu   t0, ra, 1434
core   0: 3 0x8000a9c4 (0x59a0b293) x 5 0x00000000
core   0: 0x8000a9c8 (0x00dc37b3) sltu    a5, s8, a3
core   0: 3 0x8000a9c8 (0x00dc37b3) x15 0x00000001
core   0: 0x8000a9cc (0x74582713) slti    a4, a6, 1861
core   0: 3 0x8000a9cc (0x74582713) x14 0x00000001
core   0: 0x8000a9d0 (0x007c2733) slt     a4, s8, t2
core   0: 3 0x8000a9d0 (0x007c2733) x14 0x00000000
core   0: 0x8000a9d4 (0x01c21193) slli    gp, tp, 28
core   0: 3 0x8000a9d4 (0x01c21193) x 3 0x00000000
core   0: 0x8000a9d8 (0x40955eb3) sra     t4, a0, s1
core   0: 3 0x8000a9d8 (0x40955eb3) x29 0xffc00146
core   0: 0x8000a9dc (0x003af033) and     zero, s5, gp
core   0: 3 0x8000a9dc (0x003af033)
core   0: 0x8000a9e0 (0x40498b33) sub     s6, s3, tp
core   0: 3 0x8000a9e0 (0x40498b33) x22 0xfff00100
core   0: 0x8000a9e4 (0x41080fb3) sub     t6, a6, a6
core   0: 3 0x8000a9e4 (0x41080fb3) x31 0x00000000
core   0: 0x8000a9e8 (0x000cc5b3) xor     a1, s9, zero
core   0: 3 0x8000a9e8 (0x000cc5b3) x11 0x00000000
core   0: 0x8000a9ec (0x0000100f) fence.i
core   0: 3 0x8000a9ec (0x0000100f)
core   0: 0x8000a9f0 (0x404387b3) sub     a5, t2, tp
core   0: 3 0x8000a9f0 (0x404387b3) x15 0x015f6872
core   0: 0x8000a9f4 (0x01770663) beq     a4, s7, pc + 12
core   0: 3 0x8000a9f4 (0x01770663)
core   0: 0x8000a9f8 (0xbe328693) addi    a3, t0, -1053
core   0: 3 0x8000a9f8 (0xbe328693) x13 0xfffffbe3
core   0: 0x8000a9fc (0x650c6d13) ori     s10, s8, 1616
core   0: 3 0x8000a9fc (0x650c6d13) x26 0x16f67774
core   0: 0x8000aa00 (0x00b4f6b3) and     a3, s1, a1
core   0: 3 0x8000aa00 (0x00b4f6b3) x13 0x00000000
core   0: 0x8000aa04 (0x0bc80f97) auipc   t6, 0xbc80
core   0: 3 0x8000aa04 (0x0bc80f97) x31 0x8bc8aa04
core   0: 0x8000aa08 (0x412f0eb3) sub     t4, t5, s2
core   0: 3 0x8000aa08 (0x412f0eb3) x29 0x00000001
core   0: 0x8000aa0c (0x02761463) bne     a2, t2, pc + 40
core   0: 3 0x8000aa0c (0x02761463)
core   0: 0x8000aa34 (0x01cb2c33) slt     s8, s6, t3
core   0: 3 0x8000aa34 (0x01cb2c33) x24 0x00000000
core   0: 0x8000aa38 (0x01895413) srli    s0, s2, 24
core   0: 3 0x8000aa38 (0x01895413) x 8 0x00000000
core   0: 0x8000aa3c (0x01dd0263) beq     s10, t4, pc + 4
core   0: 3 0x8000aa3c (0x01dd0263)
core   0: 0x8000aa40 (0x031cf663) bgeu    s9, a7, pc + 44
core   0: 3 0x8000aa40 (0x031cf663)
core   0: 0x8000aa44 (0x014e5093) srli    ra, t3, 20
core   0: 3 0x8000aa44 (0x014e5093) x 1 0x00000de1
core   0: 0x8000aa48 (0x0000100f) fence.i
core   0: 3 0x8000aa48 (0x0000100f)
core   0: 0x8000aa4c (0x00000013) nop
core   0: 3 0x8000aa4c (0x00000013)
core   0: 0x8000aa50 (0x02c1c863) blt     gp, a2, pc + 48
core   0: 3 0x8000aa50 (0x02c1c863)
core   0: 0x8000aa80 (0xc18aef93) ori     t6, s5, -1000
core   0: 3 0x8000aa80 (0xc18aef93) x31 0xfffffebb
core   0: 0x8000aa84 (0x6e9d4e93) xori    t4, s10, 1769
core   0: 3 0x8000aa84 (0x6e9d4e93) x29 0x16f6719d
core   0: 0x8000aa88 (0x024a7263) bgeu    s4, tp, pc + 36
core   0: 3 0x8000aa88 (0x024a7263)
core   0: 0x8000aa8c (0x04779063) bne     a5, t2, pc + 64
core   0: 3 0x8000aa8c (0x04779063)
core   0: 0x8000aacc (0x005eea33) or      s4, t4, t0
core   0: 3 0x8000aacc (0x005eea33) x20 0x16f6719d
core   0: 0x8000aad0 (0x2a710f93) addi    t6, sp, 679
core   0: 3 0x8000aad0 (0x2a710f93) x31 0x000002a8
core   0: 0x8000aad4 (0x01541733) sll     a4, s0, s5
core   0: 3 0x8000aad4 (0x01541733) x14 0x00000000
core   0: 0x8000aad8 (0x01c81f33) sll     t5, a6, t3
core   0: 3 0x8000aad8 (0x01c81f33) x30 0x00000001
core   0: 0x8000aadc (0x006762b3) or      t0, a4, t1
core   0: 3 0x8000aadc (0x006762b3) x 5 0x00000000
core   0: 0x8000aae0 (0x746fb893) sltiu   a7, t6, 1862
core   0: 3 0x8000aae0 (0x746fb893) x17 0x00000001
core   0: 0x8000aae4 (0x03140263) beq     s0, a7, pc + 36
core   0: 3 0x8000aae4 (0x03140263)
core   0: 0x8000aae8 (0x000adb13) srli    s6, s5, 0
core   0: 3 0x8000aae8 (0x000adb13) x22 0xfdb012bb
core   0: 0x8000aaec (0x00000013) nop
core   0: 3 0x8000aaec (0x00000013)
core   0: 0x8000aaf0 (0x40180133) sub     sp, a6, ra
core   0: 3 0x8000aaf0 (0x40180133) x 2 0xfffff220
core   0: 0x8000aaf4 (0x0ff0000f) fence   iorw,iorw
core   0: 3 0x8000aaf4 (0x0ff0000f)
core   0: 0x8000aaf8 (0x879a6113) ori     sp, s4, -1927
core   0: 3 0x8000aaf8 (0x879a6113) x 2 0xfffff9fd
core   0: 0x8000aafc (0x0522f063) bgeu    t0, s2, pc + 64
core   0: 3 0x8000aafc (0x0522f063)
core   0: 0x8000ab3c (0x4099d093) srai    ra, s3, 9
core   0: 3 0x8000ab3c (0x4099d093) x 1 0x00000000
core   0: 0x8000ab40 (0x01c375b3) and     a1, t1, t3
core   0: 3 0x8000ab40 (0x01c375b3) x11 0x00000000
core   0: 0x8000ab44 (0x015b1913) slli    s2, s6, 21
core   0: 3 0x8000ab44 (0x015b1913) x18 0x57600000
core   0: 0x8000ab48 (0x419b0d33) sub     s10, s6, s9
core   0: 3 0x8000ab48 (0x419b0d33) x26 0xfdb012bb
core   0: 0x8000ab4c (0x8ac37513) andi    a0, t1, -1876
core   0: 3 0x8000ab4c (0x8ac37513) x10 0x00000000
core   0: 0x8000ab50 (0x05859063) bne     a1, s8, pc + 64
core   0: 3 0x8000ab50 (0x05859063)
core   0: 0x8000ab54 (0x01695663) bge     s2, s6, pc + 12
core   0: 3 0x8000ab54 (0x01695663)
core   0: 0x8000ab60 (0x001d55b3) srl     a1, s10, ra
core   0: 3 0x8000ab60 (0x001d55b3) x11 0xfdb012bb
core   0: 0x8000ab64 (0x0ff0000f) fence   iorw,iorw
core   0: 3 0x8000ab64 (0x0ff0000f)
core   0: 0x8000ab68 (0x01055e63) bge     a0, a6, pc + 28
core   0: 3 0x8000ab68 (0x01055e63)
core   0: 0x8000ab6c (0x008526b3) slt     a3, a0, s0
core   0: 3 0x8000ab6c (0x008526b3) x13 0x00000000
core   0: 0x8000ab70 (0x40c60b33) sub     s6, a2, a2
core   0: 3 0x8000ab70 (0x40c60b33) x22 0x00000000
core   0: 0x8000ab74 (0x00801e13) slli    t3, zero, 8
core   0: 3 0x8000ab74 (0x00801e13) x28 0x00000000
core   0: 0x8000ab78 (0x01ac2d33) slt     s10, s8, s10
core   0: 3 0x8000ab78 (0x01ac2d33) x26 0x00000000
core   0: 0x8000ab7c (0x039b9863) bne     s7, s9, pc + 48
core   0: 3 0x8000ab7c (0x039b9863)
core   0: 0x8000abac (0x01c95a63) bge     s2, t3, pc + 20
core   0: 3 0x8000abac (0x01c95a63)
core   0: 0x8000abc0 (0x01549e63) bne     s1, s5, pc + 28
core   0: 3 0x8000abc0 (0x01549e63)
core   0: 0x8000abdc (0x41848633) sub     a2, s1, s8
core   0: 3 0x8000abdc (0x41848633) x12 0x80028ce4
core   0: 0x8000abe0 (0x008371b3) and     gp, t1, s0
core   0: 3 0x8000abe0 (0x008371b3) x 3 0x00000000
core   0: 0x8000abe4 (0x01d15663) bge     sp, t4, pc + 12
core   0: 3 0x8000abe4 (0x01d15663)
core   0: 0x8000abe8 (0x0064b833) sltu    a6, s1, t1
core   0: 3 0x8000abe8 (0x0064b833) x16 0x00000000
core   0: 0x8000abec (0x1208a813) slti    a6, a7, 288
core   0: 3 0x8000abec (0x1208a813) x16 0x00000001
core   0: 0x8000abf0 (0x00bbc663) blt     s7, a1, pc + 12
core   0: 3 0x8000abf0 (0x00bbc663)
core   0: 0x8000abfc (0x00ba3cb3) sltu    s9, s4, a1
core   0: 3 0x8000abfc (0x00ba3cb3) x25 0x00000001
core   0: 0x8000ac00 (0x00000013) nop
core   0: 3 0x8000ac00 (0x00000013)
core   0: 0x8000ac04 (0x0ff0000f) fence   iorw,iorw
core   0: 3 0x8000ac04 (0x0ff0000f)
core   0: 0x8000ac08 (0x01d333b3) sltu    t2, t1, t4
core   0: 3 0x8000ac08 (0x01d333b3) x 7 0x00000001
core   0: 0x8000ac0c (0x002a5293) srli    t0, s4, 2
core   0: 3 0x8000ac0c (0x002a5293) x 5 0x05bd9c67
core   0: 0x8000ac10 (0xe11f3693) sltiu   a3, t5, -495
core   0: 3 0x8000ac10 (0xe11f3693) x13 0x00000001
core   0: 0x8000ac14 (0x3db3cf13) xori    t5, t2, 987
core   0: 3 0x8000ac14 (0x3db3cf13) x30 0x000003da
core   0: 0x8000ac18 (0xb70cde37) lui     t3, 0xb70cd
core   0: 3 0x8000ac18 (0xb70cde37) x28 0xb70cd000
core   0: 0x8000ac1c (0x013588b3) add     a7, a1, s3
core   0: 3 0x8000ac1c (0x013588b3) x17 0xfdb012bb
core   0: 0x8000ac20 (0x0009b0b3) sltu    ra, s3, zero
core   0: 3 0x8000ac20 (0x0009b0b3) x 1 0x00000000
core   0: 0x8000ac24 (0x00c36033) or      zero, t1, a2
core   0: 3 0x8000ac24 (0x00c36033)
core   0: 0x8000ac28 (0x05715263) bge     sp, s7, pc + 68
core   0: 3 0x8000ac28 (0x05715263)
core   0: 0x8000ac6c (0x053bc263) blt     s7, s3, pc + 68
core   0: 3 0x8000ac6c (0x053bc263)
core   0: 0x8000acb0 (0x40555293) srai    t0, a0, 5
core   0: 3 0x8000acb0 (0x40555293) x 5 0x00000000
core   0: 0x8000acb4 (0xeab60c13) addi    s8, a2, -341
core   0: 3 0x8000acb4 (0xeab60c13) x24 0x80028b8f
core   0: 0x8000acb8 (0xc7db9397) auipc   t2, 0xc7db9
core   0: 3 0x8000acb8 (0xc7db9397) x 7 0x47dc3cb8
core   0: 0x8000acbc (0xe3e4f717) auipc   a4, 0xe3e4f
core   0: 3 0x8000acbc (0xe3e4f717) x14 0x63e59cbc
core   0: 0x8000acc0 (0x010490b3) sll     ra, s1, a6
core   0: 3 0x8000acc0 (0x010490b3) x 1 0x000519c8
core   0: 0x8000acc4 (0x0190d513) srli    a0, ra, 25
core   0: 3 0x8000acc4 (0x0190d513) x10 0x00000000
core   0: 0x8000acc8 (0x01324e33) xor     t3, tp, s3
core   0: 3 0x8000acc8 (0x01324e33) x28 0x000fff00
core   0: 0x8000accc (0x439bbc93) sltiu   s9, s7, 1081
core   0: 3 0x8000accc (0x439bbc93) x25 0x00000000
core   0: 0x8000acd0 (0x01d55833) srl     a6, a0, t4
core   0: 3 0x8000acd0 (0x01d55833) x16 0x00000000
core   0: 0x8000acd4 (0x00daa9b3) slt     s3, s5, a3
core   0: 3 0x8000acd4 (0x00daa9b3) x19 0x00000001
core   0: 0x8000acd8 (0x011911b3) sll     gp, s2, a7
core   0: 3 0x8000acd8 (0x011911b3) x 3 0x00000000
core   0: 0x8000acdc (0x40e858b3) sra     a7, a6, a4
core   0: 3 0x8000acdc (0x40e858b3) x17 0x00000000
core   0: 0x8000ace0 (0xa3ba6193) ori     gp, s4, -1477
core   0: 3 0x8000ace0 (0xa3ba6193) x 3 0xfffffbbf
core   0: 0x8000ace4 (0x73aa7f93) andi    t6, s4, 1850
core   0: 3 0x8000ace4 (0x73aa7f93) x31 0x00000118
core   0: 0x8000ace8 (0x018a33b3) sltu    t2, s4, s8
core   0: 3 0x8000ace8 (0x018a33b3) x 7 0x00000001
core   0: 0x8000acec (0x0ff0000f) fence   iorw,iorw
core   0: 3 0x8000acec (0x0ff0000f)
core   0: 0x8000acf0 (0x41675c13) srai    s8, a4, 22
core   0: 3 0x8000acf0 (0x41675c13) x24 0x0000018f
core   0: 0x8000acf4 (0x40ae5eb3) sra     t4, t3, a0
core   0: 3 0x8000acf4 (0x40ae5eb3) x29 0x000fff00
core   0: 0x8000acf8 (0x014ae933) or      s2, s5, s4
core   0: 3 0x8000acf8 (0x014ae933) x18 0xfff673bf
core   0: 0x8000acfc (0x002e5233) srl     tp, t3, sp
core   0: 3 0x8000acfc (0x002e5233) x 4 0x00000000
core   0: 0x8000ad00 (0x01acdc63) bge     s9, s10, pc + 24
core   0: 3 0x8000ad00 (0x01acdc63)
core   0: 0x8000ad18 (0x268037ef) jal     a5, pc + 0x3268
core   0: 3 0x8000ad18 (0x268037ef) x15 0x8000ad1c
core   0: 0x8000df80 (0xff0b8b93) addi    s7, s7, -16
core   0: 3 0x8000df80 (0xff0b8b93) x23 0x80024e30
core   0: 0x8000df84 (0x00701733) sll     a4, zero, t2
core   0: 3 0x8000df84 (0x00701733) x14 0x00000000
core   0: 0x8000df88 (0x00000013) nop
core   0: 3 0x8000df88 (0x00000013)
core   0: 0x8000df8c (0x00fba223) sw      a5, 4(s7)
core   0: 3 0x8000df8c (0x00fba223) mem 0x80024e34 0x8000ad1c
core   0: 0x8000df90 (0x0ff0000f) fence   iorw,iorw
core   0: 3 0x8000df90 (0x0ff0000f)
core   0: 0x8000df94 (0x00b72333) slt     t1, a4, a1
core   0: 3 0x8000df94 (0x00b72333) x 6 0x00000000
core   0: 0x8000df98 (0xff600513) li      a0, -10
core   0: 3 0x8000df98 (0xff600513) x10 0xfffffff6
core   0: 0x8000df9c (0xfc984f17) auipc   t5, 0xfc984
core   0: 3 0x8000df9c (0xfc984f17) x30 0x7c991f9c
core   0: 0x8000dfa0 (0xd491e313) ori     t1, gp, -695
core   0: 3 0x8000dfa0 (0xd491e313) x 6 0xffffffff
core   0: 0x8000dfa4 (0x01000c93) li      s9, 16
core   0: 3 0x8000dfa4 (0x01000c93) x25 0x00000010
core   0: 0x8000dfa8 (0x005ca8b3) slt     a7, s9, t0
core   0: 3 0x8000dfa8 (0x005ca8b3) x17 0x00000000
core   0: 0x8000dfac (0xfbe9c093) xori    ra, s3, -66
core   0: 3 0x8000dfac (0xfbe9c093) x 1 0xffffffbf
core   0: 0x8000dfb0 (0x40218933) sub     s2, gp, sp
core   0: 3 0x8000dfb0 (0x40218933) x18 0x000001c2
core   0: 0x8000dfb4 (0x00850513) addi    a0, a0, 8
core   0: 3 0x8000dfb4 (0x00850513) x10 0xfffffffe
core   0: 0x8000dfb8 (0x40f086b3) sub     a3, ra, a5
core   0: 3 0x8000dfb8 (0x40f086b3) x13 0x7fff52a3
core   0: 0x8000dfbc (0x00494fb3) xor     t6, s2, tp
core   0: 3 0x8000dfbc (0x00494fb3) x31 0x000001c2
core   0: 0x8000dfc0 (0x0000100f) fence.i
core   0: 3 0x8000dfc0 (0x0000100f)
core   0: 0x8000dfc4 (0x00000013) nop
core   0: 3 0x8000dfc4 (0x00000013)
core   0: 0x8000dfc8 (0x39a9f613) andi    a2, s3, 922
core   0: 3 0x8000dfc8 (0x39a9f613) x12 0x00000000
core   0: 0x8000dfcc (0x422a8193) addi    gp, s5, 1058
core   0: 3 0x8000dfcc (0x422a8193) x 3 0xfdb016dd
core   0: 0x8000dfd0 (0xfd956ce3) bltu    a0, s9, pc - 40
core   0: 3 0x8000dfd0 (0xfd956ce3)
core   0: 0x8000dfd4 (0x019ea6b3) slt     a3, t4, s9
core   0: 3 0x8000dfd4 (0x019ea6b3) x13 0x00000000
core   0: 0x8000dfd8 (0x00d72733) slt     a4, a4, a3
core   0: 3 0x8000dfd8 (0x00d72733) x14 0x00000000
core   0: 0x8000dfdc (0x01783433) sltu    s0, a6, s7
core   0: 3 0x8000dfdc (0x01783433) x 8 0x00000001
core   0: 0x8000dfe0 (0x013d1833) sll     a6, s10, s3
core   0: 3 0x8000dfe0 (0x013d1833) x16 0x00000000
core   0: 0x8000dfe4 (0xc8844293) xori    t0, s0, -888
core   0: 3 0x8000dfe4 (0xc8844293) x 5 0xfffffc89
core   0: 0x8000dfe8 (0x02f5cc63) blt     a1, a5, pc + 56
core   0: 3 0x8000dfe8 (0x02f5cc63)
core   0: 0x8000dfec (0x1f754093) xori    ra, a0, 503
core   0: 3 0x8000dfec (0x1f754093) x 1 0xfffffe09
core   0: 0x8000dff0 (0xee4d4d13) xori    s10, s10, -284
core   0: 3 0x8000dff0 (0xee4d4d13) x26 0xfffffee4
core   0: 0x8000dff4 (0x4e868793) addi    a5, a3, 1256
core   0: 3 0x8000dff4 (0x4e868793) x15 0x000004e8
core   0: 0x8000dff8 (0x4b83c013) xori    zero, t2, 1208
core   0: 3 0x8000dff8 (0x4b83c013)
core   0: 0x8000dffc (0x82e4b893) sltiu   a7, s1, -2002
core   0: 3 0x8000dffc (0x82e4b893) x17 0x00000001
core   0: 0x8000e000 (0xba6f8e93) addi    t4, t6, -1114
core   0: 3 0x8000e000 (0xba6f8e93) x29 0xfffffd68
core   0: 0x8000e004 (0x01e00863) beq     zero, t5, pc + 16
core   0: 3 0x8000e004 (0x01e00863)
core   0: 0x8000e008 (0x00000013) nop
core   0: 3 0x8000e008 (0x00000013)
core   0: 0x8000e00c (0x0229c663) blt     s3, sp, pc + 44
core   0: 3 0x8000e00c (0x0229c663)
core   0: 0x8000e010 (0x8ebecb13) xori    s6, t4, -1813
core   0: 3 0x8000e010 (0x8ebecb13) x22 0x00000583
core   0: 0x8000e014 (0x0022c133) xor     sp, t0, sp
core   0: 3 0x8000e014 (0x0022c133) x 2 0x00000574
core   0: 0x8000e018 (0xe7400c93) li      s9, -396
core   0: 3 0x8000e018 (0xe7400c93) x25 0xfffffe74
core   0: 0x8000e01c (0x418edc93) srai    s9, t4, 24
core   0: 3 0x8000e01c (0x418edc93) x25 0xffffffff
core   0: 0x8000e020 (0x01882833) slt     a6, a6, s8
core   0: 3 0x8000e020 (0x01882833) x16 0x00000001
core   0: 0x8000e024 (0x05045463) bge     s0, a6, pc + 72
core   0: 3 0x8000e024 (0x05045463)
core   0: 0x8000e06c (0x4123dc33) sra     s8, t2, s2
core   0: 3 0x8000e06c (0x4123dc33) x24 0x00000000
core   0: 0x8000e070 (0x00270b33) add     s6, a4, sp
core   0: 3 0x8000e070 (0x00270b33) x22 0x00000574
core   0: 0x8000e074 (0x02f54063) blt     a0, a5, pc + 32
core   0: 3 0x8000e074 (0x02f54063)
core   0: 0x8000e094 (0x0188e863) bltu    a7, s8, pc + 16
core   0: 3 0x8000e094 (0x0188e863)
core   0: 0x8000e098 (0x008e4e33) xor     t3, t3, s0
core   0: 3 0x8000e098 (0x008e4e33) x28 0x000fff01
core   0: 0x8000e09c (0xa8c9a037) lui     zero, 0xa8c9a
core   0: 3 0x8000e09c (0xa8c9a037)
core   0: 0x8000e0a0 (0x016c1e63) bne     s8, s6, pc + 28
core   0: 3 0x8000e0a0 (0x016c1e63)
core   0: 0x8000e0bc (0x05c6f063) bgeu    a3, t3, pc + 64
core   0: 3 0x8000e0bc (0x05c6f063)
core   0: 0x8000e0c0 (0x018a1b13) slli    s6, s4, 24
core   0: 3 0x8000e0c0 (0x018a1b13) x22 0x9d000000
core   0: 0x8000e0c4 (0x404ad833) sra     a6, s5, tp
core   0: 3 0x8000e0c4 (0x404ad833) x16 0xfdb012bb
core   0: 0x8000e0c8 (0x694d8413) addi    s0, s11, 1684
core   0: 3 0x8000e0c8 (0x694d8413) x 8 0x00100594
core   0: 0x8000e0cc (0x0000100f) fence.i
core   0: 3 0x8000e0cc (0x0000100f)
core   0: 0x8000e0d0 (0x0142f5b3) and     a1, t0, s4
core   0: 3 0x8000e0d0 (0x0142f5b3) x11 0x16f67089
core   0: 0x8000e0d4 (0x01b15db3) srl     s11, sp, s11
core   0: 3 0x8000e0d4 (0x01b15db3) x27 0x00000574
core   0: 0x8000e0d8 (0x00000013) nop
core   0: 3 0x8000e0d8 (0x00000013)
core   0: 0x8000e0dc (0x00c985b3) add     a1, s3, a2
core   0: 3 0x8000e0dc (0x00c985b3) x11 0x00000001
core   0: 0x8000e0e0 (0x54dc0c93) addi    s9, s8, 1357
core   0: 3 0x8000e0e0 (0x54dc0c93) x25 0x0000054d
core   0: 0x8000e0e4 (0x2d87a713) slti    a4, a5, 728
core   0: 3 0x8000e0e4 (0x2d87a713) x14 0x00000000
core   0: 0x8000e0e8 (0xf066e413) ori     s0, a3, -250
core   0: 3 0x8000e0e8 (0xf066e413) x 8 0xffffff06
core   0: 0x8000e0ec (0x93050c13) addi    s8, a0, -1744
core   0: 3 0x8000e0ec (0x93050c13) x24 0xfffff92e
core   0: 0x8000e0f0 (0xe5a4a317) auipc   t1, 0xe5a4a
core   0: 3 0x8000e0f0 (0xe5a4a317) x 6 0x65a580f0
core   0: 0x8000e0f4 (0x01d2e033) or      zero, t0, t4
core   0: 3 0x8000e0f4 (0x01d2e033)
core   0: 0x8000e0f8 (0x414001b3) sub     gp, zero, s4
core   0: 3 0x8000e0f8 (0x414001b3) x 3 0xe9098e63
core   0: 0x8000e0fc (0x01d150b3) srl     ra, sp, t4
core   0: 3 0x8000e0fc (0x01d150b3) x 1 0x00000005
core   0: 0x8000e100 (0x00033733) sltu    a4, t1, zero
core   0: 3 0x8000e100 (0x00033733) x14 0x00000000
core   0: 0x8000e104 (0x3e963413) sltiu   s0, a2, 1001
core   0: 3 0x8000e104 (0x3e963413) x 8 0x00000001
core   0: 0x8000e108 (0x004ba783) lw      a5, 4(s7)
core   0: 3 0x8000e108 (0x004ba783) x15 0x8000ad1c mem 0x80024e34
core   0: 0x8000e10c (0x90b35317) auipc   t1, 0x90b35
core   0: 3 0x8000e10c (0x90b35317) x 6 0x10b4310c
core   0: 0x8000e110 (0x00c20a33) add     s4, tp, a2
core   0: 3 0x8000e110 (0x00c20a33) x20 0x00000000
core   0: 0x8000e114 (0x010b8b93) addi    s7, s7, 16
core   0: 3 0x8000e114 (0x010b8b93) x23 0x80024e40
core   0: 0x8000e118 (0x00a58fb3) add     t6, a1, a0
core   0: 3 0x8000e118 (0x00a58fb3) x31 0xffffffff
core   0: 0x8000e11c (0xc2df8913) addi    s2, t6, -979
core   0: 3 0x8000e11c (0xc2df8913) x18 0xfffffc2c
core   0: 0x8000e120 (0x0161d2b3) srl     t0, gp, s6
core   0: 3 0x8000e120 (0x0161d2b3) x 5 0xe9098e63
core   0: 0x8000e124 (0x00178a13) addi    s4, a5, 1
core   0: 3 0x8000e124 (0x00178a13) x20 0x8000ad1d
core   0: 0x8000e128 (0x000a0a67) jalr    s4, s4, 0
core   0: 3 0x8000e128 (0x000a0a67) x20 0x8000e12c
core   0: 0x8000ad1c (0x0000100f) fence.i
core   0: 3 0x8000ad1c (0x0000100f)
core   0: 0x8000ad20 (0x03e45463) bge     s0, t5, pc + 40
core   0: 3 0x8000ad20 (0x03e45463)
core   0: 0x8000ad24 (0x0000100f) fence.i
core   0: 3 0x8000ad24 (0x0000100f)
core   0: 0x8000ad28 (0x41f0d733) sra     a4, ra, t6
core   0: 3 0x8000ad28 (0x41f0d733) x14 0x00000000
core   0: 0x8000ad2c (0x415eda33) sra     s4, t4, s5
core   0: 3 0x8000ad2c (0x415eda33) x20 0xffffffff
core   0: 0x8000ad30 (0x0402c063) bltz    t0, pc + 64
core   0: 3 0x8000ad30 (0x0402c063)
core   0: 0x8000ad70 (0x006e5313) srli    t1, t3, 6
core   0: 3 0x8000ad70 (0x006e5313) x 6 0x00003ffc
core   0: 0x8000ad74 (0x2015c893) xori    a7, a1, 513
core   0: 3 0x8000ad74 (0x2015c893) x17 0x00000200
core   0: 0x8000ad78 (0x004db0b3) sltu    ra, s11, tp
core   0: 3 0x8000ad78 (0x004db0b3) x 1 0x00000000
core   0: 0x8000ad7c (0x6d53e613) ori     a2, t2, 1749
core   0: 3 0x8000ad7c (0x6d53e613) x12 0x000006d5
core   0: 0x8000ad80 (0xc06b8117) auipc   sp, 0xc06b8
core   0: 3 0x8000ad80 (0xc06b8117) x 2 0x406c2d80
core   0: 0x8000ad84 (0x00785833) srl     a6, a6, t2
core   0: 3 0x8000ad84 (0x00785833) x16 0x7ed8095d
core   0: 0x8000ad88 (0xe97650b7) lui     ra, 0xe9765
core   0: 3 0x8000ad88 (0xe97650b7) x 1 0xe9765000
core   0: 0x8000ad8c (0x00000013) nop
core   0: 3 0x8000ad8c (0x00000013)
core   0: 0x8000ad90 (0x0b9e4f93) xori    t6, t3, 185
core   0: 3 0x8000ad90 (0x0b9e4f93) x31 0x000fffb8
core   0: 0x8000ad94 (0x04be9063) bne     t4, a1, pc + 64
core   0: 3 0x8000ad94 (0x04be9063)
core   0: 0x8000add4 (0x400c50b3) sra     ra, s8, zero
core   0: 3 0x8000add4 (0x400c50b3) x 1 0xfffff92e
core   0: 0x8000add8 (0x04b27863) bgeu    tp, a1, pc + 80
core   0: 3 0x8000add8 (0x04b27863)
core   0: 0x8000addc (0x3a75cd13) xori    s10, a1, 935
core   0: 3 0x8000addc (0x3a75cd13) x26 0x000003a6
core   0: 0x8000ade0 (0x01b37663) bgeu    t1, s11, pc + 12
core   0: 3 0x8000ade0 (0x01b37663)
core   0: 0x8000adec (0x0121d313) srli    t1, gp, 18
core   0: 3 0x8000adec (0x0121d313) x 6 0x00003a42
core   0: 0x8000adf0 (0x00704663) blt     zero, t2, pc + 12
core   0: 3 0x8000adf0 (0x00704663)
core   0: 0x8000adfc (0xc747c293) xori    t0, a5, -908
core   0: 3 0x8000adfc (0xc747c293) x 5 0x7fff5168
core   0: 0x8000ae00 (0x01105813) srli    a6, zero, 17
core   0: 3 0x8000ae00 (0x01105813) x16 0x00000000
core   0: 0x8000ae04 (0x03b66e63) bltu    a2, s11, pc + 60
core   0: 3 0x8000ae04 (0x03b66e63)
core   0: 0x8000ae08 (0x0000100f) fence.i
core   0: 3 0x8000ae08 (0x0000100f)
core   0: 0x8000ae0c (0x1cbc3413) sltiu   s0, s8, 459
core   0: 3 0x8000ae0c (0x1cbc3413) x 8 0x00000000
core   0: 0x8000ae10 (0x014b0233) add     tp, s6, s4
core   0: 3 0x8000ae10 (0x014b0233) x 4 0x9cffffff
core   0: 0x8000ae14 (0x40035733) sra     a4, t1, zero
core   0: 3 0x8000ae14 (0x40035733) x14 0x00003a42
core   0: 0x8000ae18 (0xc3be7693) andi    a3, t3, -965
core   0: 3 0x8000ae18 (0xc3be7693) x13 0x000ffc01
core   0: 0x8000ae1c (0x2dfc2237) lui     tp, 0x2dfc2
core   0: 3 0x8000ae1c (0x2dfc2237) x 4 0x2dfc2000
core   0: 0x8000ae20 (0x4027dcb3) sra     s9, a5, sp
core   0: 3 0x8000ae20 (0x4027dcb3) x25 0x8000ad1c
core   0: 0x8000ae24 (0x05b58263) beq     a1, s11, pc + 68
core   0: 3 0x8000ae24 (0x05b58263)
core   0: 0x8000ae28 (0x018ba833) slt     a6, s7, s8
core   0: 3 0x8000ae28 (0x018ba833) x16 0x00000001
core   0: 0x8000ae2c (0x03d5e663) bltu    a1, t4, pc + 44
core   0: 3 0x8000ae2c (0x03d5e663)
core   0: 0x8000ae58 (0x004fc8b3) xor     a7, t6, tp
core   0: 3 0x8000ae58 (0x004fc8b3) x17 0x2df3dfb8
core   0: 0x8000ae5c (0x0460d063) bge     ra, t1, pc + 64
core   0: 3 0x8000ae5c (0x0460d063)
core   0: 0x8000ae60 (0x413458b3) sra     a7, s0, s3
core   0: 3 0x8000ae60 (0x413458b3) x17 0x00000000
core   0: 0x8000ae64 (0x015f8033) add     zero, t6, s5
core   0: 3 0x8000ae64 (0x015f8033)
core   0: 0x8000ae68 (0x0000100f) fence.i
core   0: 3 0x8000ae68 (0x0000100f)
core   0: 0x8000ae6c (0x004545b3) xor     a1, a0, tp
core   0: 3 0x8000ae6c (0x004545b3) x11 0xd203dffe
core   0: 0x8000ae70 (0xdb1f7993) andi    s3, t5, -591
core   0: 3 0x8000ae70 (0xdb1f7993) x19 0x7c991d90
core   0: 0x8000ae74 (0x4808bb13) sltiu   s6, a7, 1152
core   0: 3 0x8000ae74 (0x4808bb13) x22 0x00000001
core   0: 0x8000ae78 (0x053f9263) bne     t6, s3, pc + 68
core   0: 3 0x8000ae78 (0x053f9263)
core   0: 0x8000aebc (0x0114da33) srl     s4, s1, a7
core   0: 3 0x8000aebc (0x0114da33) x20 0x80028ce4
core   0: 0x8000aec0 (0x04cac263) blt     s5, a2, pc + 68
core   0: 3 0x8000aec0 (0x04cac263)
core   0: 0x8000af04 (0x407e5cb3) sra     s9, t3, t2
core   0: 3 0x8000af04 (0x407e5cb3) x25 0x0007ff80
core   0: 0x8000af08 (0x00000013) nop
core   0: 3 0x8000af08 (0x00000013)
core   0: 0x8000af0c (0x412bd6b3) sra     a3, s7, s2
core   0: 3 0x8000af0c (0x412bd6b3) x13 0xfff80024
core   0: 0x8000af10 (0x6d704813) xori    a6, zero, 1751
core   0: 3 0x8000af10 (0x6d704813) x16 0x000006d7
core   0: 0x8000af14 (0x8e113417) auipc   s0, 0x8e113
core   0: 3 0x8000af14 (0x8e113417) x 8 0x0e11df14
core   0: 0x8000af18 (0x005dacb3) slt     s9, s11, t0
core   0: 3 0x8000af18 (0x005dacb3) x25 0x00000001
core   0: 0x8000af1c (0x00c35db3) srl     s11, t1, a2
core   0: 3 0x8000af1c (0x00c35db3) x27 0x00000000
core   0: 0x8000af20 (0x40928d33) sub     s10, t0, s1
core   0: 3 0x8000af20 (0x40928d33) x26 0xfffcc484
core   0: 0x8000af24 (0x9d9dce93) xori    t4, s11, -1575
core   0: 3 0x8000af24 (0x9d9dce93) x29 0xfffff9d9
core   0: 0x8000af28 (0x0042fe63) bgeu    t0, tp, pc + 28
core   0: 3 0x8000af28 (0x0042fe63)
core   0: 0x8000af44 (0x40a4de93) srai    t4, s1, 10
core   0: 3 0x8000af44 (0x40a4de93) x29 0xffe000a3
core   0: 0x8000af48 (0x95d4ae93) slti    t4, s1, -1699
core   0: 3 0x8000af48 (0x95d4ae93) x29 0x00000001
core   0: 0x8000af4c (0x000d90b3) sll     ra, s11, zero
core   0: 3 0x8000af4c (0x000d90b3) x 1 0x00000000
core   0: 0x8000af50 (0x40da5993) srai    s3, s4, 13
core   0: 3 0x8000af50 (0x40da5993) x19 0xfffc0014
core   0: 0x8000af54 (0x005ca3b3) slt     t2, s9, t0
core   0: 3 0x8000af54 (0x005ca3b3) x 7 0x00000001
core   0: 0x8000af58 (0x00000013) nop
core   0: 3 0x8000af58 (0x00000013)
core   0: 0x8000af5c (0x0096c633) xor     a2, a3, s1
core   0: 3 0x8000af5c (0x0096c633) x12 0x7ffa8cc0
core   0: 0x8000af60 (0x0003dc63) bgez    t2, pc + 24
core   0: 3 0x8000af60 (0x0003dc63)
core   0: 0x8000af78 (0xe4ae8b13) addi    s6, t4, -438
core   0: 3 0x8000af78 (0xe4ae8b13) x22 0xfffffe4b
core   0: 0x8000af7c (0xa4c2e0b7) lui     ra, 0xa4c2e
core   0: 3 0x8000af7c (0xa4c2e0b7) x 1 0xa4c2e000
core   0: 0x8000af80 (0x4a364c93) xori    s9, a2, 1187
core   0: 3 0x8000af80 (0x4a364c93) x25 0x7ffa8863
core   0: 0x8000af84 (0x01c5d8b3) srl     a7, a1, t3
core   0: 3 0x8000af84 (0x01c5d8b3) x17 0x6901efff
core   0: 0x8000af88 (0x01036833) or      a6, t1, a6
core   0: 3 0x8000af88 (0x01036833) x16 0x00003ed7
core   0: 0x8000af8c (0x0040ed33) or      s10, ra, tp
core   0: 3 0x8000af8c (0x0040ed33) x26 0xadfee000
core   0: 0x8000af90 (0xaf11b613) sltiu   a2, gp, -1295
core   0: 3 0x8000af90 (0xaf11b613) x12 0x00000001
core   0: 0x8000af94 (0x4196ddb3) sra     s11, a3, s9
core   0: 3 0x8000af94 (0x4196ddb3) x27 0xffff0004
core   0: 0x8000af98 (0x4070dc93) srai    s9, ra, 7
core   0: 3 0x8000af98 (0x4070dc93) x25 0xff4985c0
core   0: 0x8000af9c (0x39febc13) sltiu   s8, t4, 927
core   0: 3 0x8000af9c (0x39febc13) x24 0x00000001
core   0: 0x8000afa0 (0x003a8e63) beq     s5, gp, pc + 28
core   0: 3 0x8000afa0 (0x003a8e63)
core   0: 0x8000afa4 (0xa873fa13) andi    s4, t2, -1401
core   0: 3 0x8000afa4 (0xa873fa13) x20 0x00000001
core   0: 0x8000afa8 (0x00f18a33) add     s4, gp, a5
core   0: 3 0x8000afa8 (0x00f18a33) x20 0x690a3b7f
core   0: 0x8000afac (0x006c6d33) or      s10, s8, t1
core   0: 3 0x8000afac (0x006c6d33) x26 0x00003a43
core   0: 0x8000afb0 (0x0185ec33) or      s8, a1, s8
core   0: 3 0x8000afb0 (0x0185ec33) x24 0xd203dfff
core   0: 0x8000afb4 (0x42c67113) andi    sp, a2, 1068
core   0: 3 0x8000afb4 (0x42c67113) x 2 0x00000000
core   0: 0x8000afb8 (0x0ff0000f) fence   iorw,iorw
core   0: 3 0x8000afb8 (0x0ff0000f)
core   0: 0x8000afbc (0x03aed463) bge     t4, s10, pc + 40
core   0: 3 0x8000afbc (0x03aed463)
core   0: 0x8000afc0 (0x2e477c93) andi    s9, a4, 740
core   0: 3 0x8000afc0 (0x2e477c93) x25 0x00000240
core   0: 0x8000afc4 (0x01c7cf33) xor     t5, a5, t3
core   0: 3 0x8000afc4 (0x01c7cf33) x30 0x800f521d
core   0: 0x8000afc8 (0x0000100f) fence.i
core   0: 3 0x8000afc8 (0x0000100f)
core   0: 0x8000afcc (0x310b4013) xori    zero, s6, 784
core   0: 3 0x8000afcc (0x310b4013)
core   0: 0x8000afd0 (0x01070663) beq     a4, a6, pc + 12
core   0: 3 0x8000afd0 (0x01070663)
core   0: 0x8000afd4 (0x0153e8b3) or      a7, t2, s5
core   0: 3 0x8000afd4 (0x0153e8b3) x17 0xfdb012bb
core   0: 0x8000afd8 (0x019cceb3) xor     t4, s9, s9
core   0: 3 0x8000afd8 (0x019cceb3) x29 0x00000000
core   0: 0x8000afdc (0x002f1413) slli    s0, t5, 2
core   0: 3 0x8000afdc (0x002f1413) x 8 0x003d4874
core   0: 0x8000afe0 (0x0558a313) slti    t1, a7, 85
core   0: 3 0x8000afe0 (0x0558a313) x 6 0x00000001
core   0: 0x8000afe4 (0x01010db3) add     s11, sp, a6
core   0: 3 0x8000afe4 (0x01010db3) x27 0x00003ed7
core   0: 0x8000afe8 (0x50644a13) xori    s4, s0, 1286
core   0: 3 0x8000afe8 (0x50644a13) x20 0x003d4d72
core   0: 0x8000afec (0x409edd13) srai    s10, t4, 9
core   0: 3 0x8000afec (0x409edd13) x26 0x00000000
core   0: 0x8000aff0 (0xea7e6f13) ori     t5, t3, -345
core   0: 3 0x8000aff0 (0xea7e6f13) x30 0xffffffa7
core   0: 0x8000aff4 (0x925e3213) sltiu   tp, t3, -1755
core   0: 3 0x8000aff4 (0x925e3213) x 4 0x00000001
core   0: 0x8000aff8 (0x02f71a63) bne     a4, a5, pc + 52
core   0: 3 0x8000aff8 (0x02f71a63)
core   0: 0x8000b02c (0xb954f213) andi    tp, s1, -1131
core   0: 3 0x8000b02c (0xb954f213) x 4 0x80028884
core   0: 0x8000b030 (0x049d9063) bne     s11, s1, pc + 64
core   0: 3 0x8000b030 (0x049d9063)
core   0: 0x8000b070 (0x9c467f93) andi    t6, a2, -1596
core   0: 3 0x8000b070 (0x9c467f93) x31 0x00000000
core   0: 0x8000b074 (0x341c7693) andi    a3, s8, 833
core   0: 3 0x8000b074 (0x341c7693) x13 0x00000341
core   0: 0x8000b078 (0x00723cb3) sltu    s9, tp, t2
core   0: 3 0x8000b078 (0x00723cb3) x25 0x00000000
core   0: 0x8000b07c (0x00000013) nop
core   0: 3 0x8000b07c (0x00000013)
core   0: 0x8000b080 (0xb9ea8613) addi    a2, s5, -1122
core   0: 3 0x8000b080 (0xb9ea8613) x12 0xfdb00e59
core   0: 0x8000b084 (0x37fcef97) auipc   t6, 0x37fce
core   0: 3 0x8000b084 (0x37fcef97) x31 0xb7fd9084
core   0: 0x8000b088 (0x74b3e293) ori     t0, t2, 1867
core   0: 3 0x8000b088 (0x74b3e293) x 5 0x0000074b
core   0: 0x8000b08c (0xfe941617) auipc   a2, 0xfe941
core   0: 3 0x8000b08c (0xfe941617) x12 0x7e94c08c
core   0: 0x8000b090 (0x2304cb17) auipc   s6, 0x2304c
core   0: 3 0x8000b090 (0x2304cb17) x22 0xa3057090
core   0: 0x8000b094 (0x052c0063) beq     s8, s2, pc + 64
core   0: 3 0x8000b094 (0x052c0063)
core   0: 0x8000b098 (0x015fde63) bge     t6, s5, pc + 28
core   0: 3 0x8000b098 (0x015fde63)
core   0: 0x8000b09c (0xf8986c13) ori     s8, a6, -119
core   0: 3 0x8000b09c (0xf8986c13) x24 0xffffffdf
core   0: 0x8000b0a0 (0x01f91933) sll     s2, s2, t6
core   0: 3 0x8000b0a0 (0x01f91933) x18 0xffffc2c0
core   0: 0x8000b0a4 (0x00000013) nop
core   0: 3 0x8000b0a4 (0x00000013)
core   0: 0x8000b0a8 (0x400b5333) sra     t1, s6, zero
core   0: 3 0x8000b0a8 (0x400b5333) x 6 0xa3057090
core   0: 0x8000b0ac (0x85d27013) andi    zero, tp, -1955
core   0: 3 0x8000b0ac (0x85d27013)
core   0: 0x8000b0b0 (0x0136f133) and     sp, a3, s3
core   0: 3 0x8000b0b0 (0x0136f133) x 2 0x00000000
core   0: 0x8000b0b4 (0x0054be33) sltu    t3, s1, t0
core   0: 3 0x8000b0b4 (0x0054be33) x28 0x00000000
core   0: 0x8000b0b8 (0x0296d863) bge     a3, s1, pc + 48
core   0: 3 0x8000b0b8 (0x0296d863)
core   0: 0x8000b0e8 (0x003b39b3) sltu    s3, s6, gp
core   0: 3 0x8000b0e8 (0x003b39b3) x19 0x00000001
core   0: 0x8000b0ec (0x00b9d093) srli    ra, s3, 11
core   0: 3 0x8000b0ec (0x00b9d093) x 1 0x00000000
core   0: 0x8000b0f0 (0x0444f263) bgeu    s1, tp, pc + 68
core   0: 3 0x8000b0f0 (0x0444f263)
core   0: 0x8000b134 (0x04d7e063) bltu    a5, a3, pc + 64
core   0: 3 0x8000b134 (0x04d7e063)
core   0: 0x8000b138 (0xb081c993) xori    s3, gp, -1272
core   0: 3 0x8000b138 (0xb081c993) x19 0x16f6756b
core   0: 0x8000b13c (0x8b800613) li      a2, -1864
core   0: 3 0x8000b13c (0x8b800613) x12 0xfffff8b8
core   0: 0x8000b140 (0x018952b3) srl     t0, s2, s8
core   0: 3 0x8000b140 (0x018952b3) x 5 0x00000001
core   0: 0x8000b144 (0x987f8293) addi    t0, t6, -1657
core   0: 3 0x8000b144 (0x987f8293) x 5 0xb7fd8a0b
core   0: 0x8000b148 (0x00b49793) slli    a5, s1, 11
core   0: 3 0x8000b148 (0x00b49793) x15 0x14672000
core   0: 0x8000b14c (0x00a57233) and     tp, a0, a0
core   0: 3 0x8000b14c (0x00a57233) x 4 0xfffffffe
core   0: 0x8000b150 (0x0ff0000f) fence   iorw,iorw
core   0: 3 0x8000b150 (0x0ff0000f)
core   0: 0x8000b154 (0xca3cf897) auipc   a7, 0xca3cf
core   0: 3 0x8000b154 (0xca3cf897) x17 0x4a3da154
core   0: 0x8000b158 (0x017ed793) srli    a5, t4, 23
core   0: 3 0x8000b158 (0x017ed793) x15 0x00000000
core   0: 0x8000b15c (0x00047433) and     s0, s0, zero
core   0: 3 0x8000b15c (0x00047433) x 8 0x00000000
core   0: 0x8000b160 (0x00491eb3) sll     t4, s2, tp
core   0: 3 0x8000b160 (0x00491eb3) x29 0x00000000
core   0: 0x8000b164 (0x01b07663) bgeu    zero, s11, pc + 12
core   0: 3 0x8000b164 (0x01b07663)
core   0: 0x8000b168 (0x0000100f) fence.i
core   0: 3 0x8000b168 (0x0000100f)
core   0: 0x8000b16c (0x0089d913) srli    s2, s3, 8
core   0: 3 0x8000b16c (0x0089d913) x18 0x0016f675
core   0: 0x8000b170 (0x3c51c613) xori    a2, gp, 965
core   0: 3 0x8000b170 (0x3c51c613) x12 0xe9098da6
core   0: 0x8000b174 (0x42ee8893) addi    a7, t4, 1070
core   0: 3 0x8000b174 (0x42ee8893) x17 0x0000042e
core   0: 0x8000b178 (0x05f31263) bne     t1, t6, pc + 68
core   0: 3 0x8000b178 (0x05f31263)
core   0: 0x8000b1bc (0x4128d193) srai    gp, a7, 18
core   0: 3 0x8000b1bc (0x4128d193) x 3 0x00000000
core   0: 0x8000b1c0 (0x00e34db3) xor     s11, t1, a4
core   0: 3 0x8000b1c0 (0x00e34db3) x27 0xa3054ad2
core   0: 0x8000b1c4 (0x01bc9d13) slli    s10, s9, 27
core   0: 3 0x8000b1c4 (0x01bc9d13) x26 0x00000000
core   0: 0x8000b1c8 (0x00c4de33) srl     t3, s1, a2
core   0: 3 0x8000b1c8 (0x00c4de33) x28 0x02000a33
core   0: 0x8000b1cc (0x04998263) beq     s3, s1, pc + 68
core   0: 3 0x8000b1cc (0x04998263)
core   0: 0x8000b1d0 (0x0068fa33) and     s4, a7, t1
core   0: 3 0x8000b1d0 (0x0068fa33) x20 0x00000000
core   0: 0x8000b1d4 (0x9760f597) auipc   a1, 0x9760f
core   0: 3 0x8000b1d4 (0x9760f597) x11 0x1761a1d4
core   0: 0x8000b1d8 (0x01481d33) sll     s10, a6, s4
core   0: 3 0x8000b1d8 (0x01481d33) x26 0x00003ed7
core   0: 0x8000b1dc (0x0008c1b3) xor     gp, a7, zero
core   0: 3 0x8000b1dc (0x0008c1b3) x 3 0x0000042e
core   0: 0x8000b1e0 (0x002ded33) or      s10, s11, sp
core   0: 3 0x8000b1e0 (0x002ded33) x26 0xa3054ad2
core   0: 0x8000b1e4 (0x7119c613) xori    a2, s3, 1809
core   0: 3 0x8000b1e4 (0x7119c613) x12 0x16f6727a
core   0: 0x8000b1e8 (0x01f82233) slt     tp, a6, t6
core   0: 3 0x8000b1e8 (0x01f82233) x 4 0x00000000
core   0: 0x8000b1ec (0x171451b7) lui     gp, 0x17145
core   0: 3 0x8000b1ec (0x171451b7) x 3 0x17145000
core   0: 0x8000b1f0 (0x00e2d413) srli    s0, t0, 14
core   0: 3 0x8000b1f0 (0x00e2d413) x 8 0x0002dff6
core   0: 0x8000b1f4 (0x01de7233) and     tp, t3, t4
core   0: 3 0x8000b1f4 (0x01de7233) x 4 0x00000000
core   0: 0x8000b1f8 (0x6dd60693) addi    a3, a2, 1757
core   0: 3 0x8000b1f8 (0x6dd60693) x13 0x16f67957
core   0: 0x8000b1fc (0x40430db3) sub     s11, t1, tp
core   0: 3 0x8000b1fc (0x40430db3) x27 0xa3057090
core   0: 0x8000b200 (0x01f9ce63) blt     s3, t6, pc + 28
core   0: 3 0x8000b200 (0x01f9ce63)
core   0: 0x8000b204 (0x0000100f) fence.i
core   0: 3 0x8000b204 (0x0000100f)
core   0: 0x8000b208 (0x790dbc13) sltiu   s8, s11, 1936
core   0: 3 0x8000b208 (0x790dbc13) x24 0x00000000
core   0: 0x8000b20c (0xf11a3637) lui     a2, 0xf11a3
core   0: 3 0x8000b20c (0xf11a3637) x12 0xf11a3000
core   0: 0x8000b210 (0x008fcb33) xor     s6, t6, s0
core   0: 3 0x8000b210 (0x008fcb33) x22 0xb7ff4f72
core   0: 0x8000b214 (0x048c8263) beq     s9, s0, pc + 68
core   0: 3 0x8000b214 (0x048c8263)
core   0: 0x8000b218 (0xa62ef193) andi    gp, t4, -1438
core   0: 3 0x8000b218 (0xa62ef193) x 3 0x00000000
core   0: 0x8000b21c (0x01554133) xor     sp, a0, s5
core   0: 3 0x8000b21c (0x01554133) x 2 0x024fed45
core   0: 0x8000b220 (0x0073ec63) bltu    t2, t2, pc + 24
core   0: 3 0x8000b220 (0x0073ec63)
core   0: 0x8000b224 (0x0002b433) sltu    s0, t0, zero
core   0: 3 0x8000b224 (0x0002b433) x 8 0x00000000
core   0: 0x8000b228 (0x00074833) xor     a6, a4, zero
core   0: 3 0x8000b228 (0x00074833) x16 0x00003a42
core   0: 0x8000b22c (0x40ac09b3) sub     s3, s8, a0
core   0: 3 0x8000b22c (0x40ac09b3) x19 0x00000002
core   0: 0x8000b230 (0x003003b3) add     t2, zero, gp
core   0: 3 0x8000b230 (0x003003b3) x 7 0x00000000
core   0: 0x8000b234 (0x0179d693) srli    a3, s3, 23
core   0: 3 0x8000b234 (0x0179d693) x13 0x00000000
core   0: 0x8000b238 (0x1849e637) lui     a2, 0x1849e
core   0: 3 0x8000b238 (0x1849e637) x12 0x1849e000
core   0: 0x8000b23c (0x00000013) nop
core   0: 3 0x8000b23c (0x00000013)
core   0: 0x8000b240 (0x008cd663) bge     s9, s0, pc + 12
core   0: 3 0x8000b240 (0x008cd663)
core   0: 0x8000b24c (0x000be3b3) or      t2, s7, zero
core   0: 3 0x8000b24c (0x000be3b3) x 7 0x80024e40
core   0: 0x8000b250 (0x41448433) sub     s0, s1, s4
core   0: 3 0x8000b250 (0x41448433) x 8 0x80028ce4
core   0: 0x8000b254 (0x01b311b3) sll     gp, t1, s11
core   0: 3 0x8000b254 (0x01b311b3) x 3 0x70900000
core   0: 0x8000b258 (0x1cbd7397) auipc   t2, 0x1cbd7
core   0: 3 0x8000b258 (0x1cbd7397) x 7 0x9cbe2258
core   0: 0x8000b25c (0xfd82fc93) andi    s9, t0, -40
core   0: 3 0x8000b25c (0xfd82fc93) x25 0xb7fd8a08
core   0: 0x8000b260 (0x01365a13) srli    s4, a2, 19
core   0: 3 0x8000b260 (0x01365a13) x20 0x00000309
core   0: 0x8000b264 (0x00911cb3) sll     s9, sp, s1
core   0: 3 0x8000b264 (0x00911cb3) x25 0x24fed450
core   0: 0x8000b268 (0x00176663) bltu    a4, ra, pc + 12
core   0: 3 0x8000b268 (0x00176663)
core   0: 0x8000b26c (0x00bc1f93) slli    t6, s8, 11
core   0: 3 0x8000b26c (0x00bc1f93) x31 0x00000000
core   0: 0x8000b270 (0x0242d263) bge     t0, tp, pc + 36
core   0: 3 0x8000b270 (0x0242d263)
core   0: 0x8000b274 (0x00dc17b3) sll     a5, s8, a3
core   0: 3 0x8000b274 (0x00dc17b3) x15 0x00000000
core   0: 0x8000b278 (0x034fea63) bltu    t6, s4, pc + 52
core   0: 3 0x8000b278 (0x034fea63)
core   0: 0x8000b2ac (0x0154cb33) xor     s6, s1, s5
core   0: 3 0x8000b2ac (0x0154cb33) x22 0x7db29e5f
core   0: 0x8000b2b0 (0x771ab293) sltiu   t0, s5, 1905
core   0: 3 0x8000b2b0 (0x771ab293) x 5 0x00000000
core   0: 0x8000b2b4 (0x0ff0000f) fence   iorw,iorw
core   0: 3 0x8000b2b4 (0x0ff0000f)
core   0: 0x8000b2b8 (0x0051b9b3) sltu    s3, gp, t0
core   0: 3 0x8000b2b8 (0x0051b9b3) x19 0x00000000
core   0: 0x8000b2bc (0x003360b3) or      ra, t1, gp
core   0: 3 0x8000b2bc (0x003360b3) x 1 0xf3957090
core   0: 0x8000b2c0 (0x10affa13) andi    s4, t6, 266
core   0: 3 0x8000b2c0 (0x10affa13) x20 0x00000000
core   0: 0x8000b2c4 (0x5a7f8593) addi    a1, t6, 1447
core   0: 3 0x8000b2c4 (0x5a7f8593) x11 0x000005a7
core   0: 0x8000b2c8 (0xcf016413) ori     s0, sp, -784
core   0: 3 0x8000b2c8 (0xcf016413) x 8 0xfffffdf5
core   0: 0x8000b2cc (0x0187e733) or      a4, a5, s8
core   0: 3 0x8000b2cc (0x0187e733) x14 0x00000000
core   0: 0x8000b2d0 (0xaaacf693) andi    a3, s9, -1366
core   0: 3 0x8000b2d0 (0xaaacf693) x13 0x24fed000
core   0: 0x8000b2d4 (0x00515663) bge     sp, t0, pc + 12
core   0: 3 0x8000b2d4 (0x00515663)
core   0: 0x8000b2e0 (0x41bbd993) srai    s3, s7, 27
core   0: 3 0x8000b2e0 (0x41bbd993) x19 0xfffffff0
core   0: 0x8000b2e4 (0x0000100f) fence.i
core   0: 3 0x8000b2e4 (0x0000100f)
core   0: 0x8000b2e8 (0x41348733) sub     a4, s1, s3
core   0: 3 0x8000b2e8 (0x41348733) x14 0x80028cf4
core   0: 0x8000b2ec (0x00a066b3) or      a3, zero, a0
core   0: 3 0x8000b2ec (0x00a066b3) x13 0xfffffffe
core   0: 0x8000b2f0 (0x0b8cc063) blt     s9, s8, pc + 160
core   0: 3 0x8000b2f0 (0x0b8cc063)
core   0: 0x8000b2f4 (0x413808b3) sub     a7, a6, s3
core   0: 3 0x8000b2f4 (0x413808b3) x17 0x00003a52
core   0: 0x8000b2f8 (0x102c2c37) lui     s8, 0x102c2
core   0: 3 0x8000b2f8 (0x102c2c37) x24 0x102c2000
core   0: 0x8000b2fc (0x00868cb3) add     s9, a3, s0
core   0: 3 0x8000b2fc (0x00868cb3) x25 0xfffffdf3
core   0: 0x8000b300 (0x00100993) li      s3, 1
core   0: 3 0x8000b300 (0x00100993) x19 0x00000001
core   0: 0x8000b304 (0x01a00f33) add     t5, zero, s10
core   0: 3 0x8000b304 (0x01a00f33) x30 0xa3054ad2
core   0: 0x8000b308 (0x00a3a433) slt     s0, t2, a0
core   0: 3 0x8000b308 (0x00a3a433) x 8 0x00000001
core   0: 0x8000b30c (0x41b28a33) sub     s4, t0, s11
core   0: 3 0x8000b30c (0x41b28a33) x20 0x5cfa8f70
core   0: 0x8000b310 (0x6ea17193) andi    gp, sp, 1770
core   0: 3 0x8000b310 (0x6ea17193) x 3 0x00000440
core   0: 0x8000b314 (0xa0687d93) andi    s11, a6, -1530
core   0: 3 0x8000b314 (0xa0687d93) x27 0x00003a02
core   0: 0x8000b318 (0x010f1793) slli    a5, t5, 16
core   0: 3 0x8000b318 (0x010f1793) x15 0x4ad20000
core   0: 0x8000b31c (0xf22b2113) slti    sp, s6, -222
core   0: 3 0x8000b31c (0xf22b2113) x 2 0x00000000
core   0: 0x8000b320 (0x6301b193) sltiu   gp, gp, 1584
core   0: 3 0x8000b320 (0x6301b193) x 3 0x00000001
core   0: 0x8000b324 (0x0ff0000f) fence   iorw,iorw
core   0: 3 0x8000b324 (0x0ff0000f)
core   0: 0x8000b328 (0x5c4ef513) andi    a0, t4, 1476
core   0: 3 0x8000b328 (0x5c4ef513) x10 0x00000000
core   0: 0x8000b32c (0x00800293) li      t0, 8
core   0: 3 0x8000b32c (0x00800293) x 5 0x00000008
core   0: 0x8000b330 (0x415ad193) srai    gp, s5, 21
core   0: 3 0x8000b330 (0x415ad193) x 3 0xffffffed
core   0: 0x8000b334 (0x76c14613) xori    a2, sp, 1900
core   0: 3 0x8000b334 (0x76c14613) x12 0x0000076c
core   0: 0x8000b338 (0x000f30b3) sltu    ra, t5, zero
core   0: 3 0x8000b338 (0x000f30b3) x 1 0x00000000
core   0: 0x8000b33c (0x017388b3) add     a7, t2, s7
core   0: 3 0x8000b33c (0x017388b3) x17 0x1cc07098
core   0: 0x8000b340 (0x0129d8b3) srl     a7, s3, s2
core   0: 3 0x8000b340 (0x0129d8b3) x17 0x00000000
core   0: 0x8000b344 (0x1b8bd817) auipc   a6, 0x1b8bd
core   0: 3 0x8000b344 (0x1b8bd817) x16 0x9b8c8344
core   0: 0x8000b348 (0x00298993) addi    s3, s3, 2
core   0: 3 0x8000b348 (0x00298993) x19 0x00000003
core   0: 0x8000b34c (0x00000013) nop
core   0: 3 0x8000b34c (0x00000013)
core   0: 0x8000b350 (0x41c38b33) sub     s6, t2, t3
core   0: 3 0x8000b350 (0x41c38b33) x22 0x9abe1825
core   0: 0x8000b354 (0x414d5193) srai    gp, s10, 20
core   0: 3 0x8000b354 (0x414d5193) x 3 0xfffffa30
core   0: 0x8000b358 (0x003f13b3) sll     t2, t5, gp
core   0: 3 0x8000b358 (0x003f13b3) x 7 0x4ad20000
core   0: 0x8000b35c (0xbeb1ae93) slti    t4, gp, -1045
core   0: 3 0x8000b35c (0xbeb1ae93) x29 0x00000001
core   0: 0x8000b360 (0x41175833) sra     a6, a4, a7
core   0: 3 0x8000b360 (0x41175833) x16 0x80028cf4
core   0: 0x8000b364 (0x01101713) slli    a4, zero, 17
core   0: 3 0x8000b364 (0x01101713) x14 0x00000000
core   0: 0x8000b368 (0x65100f97) auipc   t6, 0x65100
core   0: 3 0x8000b368 (0x65100f97) x31 0xe510b368
core   0: 0x8000b36c (0x1d8a7713) andi    a4, s4, 472
core   0: 3 0x8000b36c (0x1d8a7713) x14 0x00000150
core   0: 0x8000b370 (0xfc59c2e3) blt     s3, t0, pc - 60
core   0: 3 0x8000b370 (0xfc59c2e3)
core   0: 0x8000b334 (0x76c14613) xori    a2, sp, 1900
core   0: 3 0x8000b334 (0x76c14613) x12 0x0000076c
core   0: 0x8000b338 (0x000f30b3) sltu    ra, t5, zero
core   0: 3 0x8000b338 (0x000f30b3) x 1 0x00000000
core   0: 0x8000b33c (0x017388b3) add     a7, t2, s7
core   0: 3 0x8000b33c (0x017388b3) x17 0xcad44e40
core   0: 0x8000b340 (0x0129d8b3) srl     a7, s3, s2
core   0: 3 0x8000b340 (0x0129d8b3) x17 0x00000000
core   0: 0x8000b344 (0x1b8bd817) auipc   a6, 0x1b8bd
core   0: 3 0x8000b344 (0x1b8bd817) x16 0x9b8c8344
core   0: 0x8000b348 (0x00298993) addi    s3, s3, 2
core   0: 3 0x8000b348 (0x00298993) x19 0x00000005
core   0: 0x8000b34c (0x00000013) nop
core   0: 3 0x8000b34c (0x00000013)
core   0: 0x8000b350 (0x41c38b33) sub     s6, t2, t3
core   0: 3 0x8000b350 (0x41c38b33) x22 0x48d1f5cd
core   0: 0x8000b354 (0x414d5193) srai    gp, s10, 20
core   0: 3 0x8000b354 (0x414d5193) x 3 0xfffffa30
core   0: 0x8000b358 (0x003f13b3) sll     t2, t5, gp
core   0: 3 0x8000b358 (0x003f13b3) x 7 0x4ad20000
core   0: 0x8000b35c (0xbeb1ae93) slti    t4, gp, -1045
core   0: 3 0x8000b35c (0xbeb1ae93) x29 0x00000001
core   0: 0x8000b360 (0x41175833) sra     a6, a4, a7
core   0: 3 0x8000b360 (0x41175833) x16 0x00000150
core   0: 0x8000b364 (0x01101713) slli    a4, zero, 17
core   0: 3 0x8000b364 (0x01101713) x14 0x00000000
core   0: 0x8000b368 (0x65100f97) auipc   t6, 0x65100
core   0: 3 0x8000b368 (0x65100f97) x31 0xe510b368
core   0: 0x8000b36c (0x1d8a7713) andi    a4, s4, 472
core   0: 3 0x8000b36c (0x1d8a7713) x14 0x00000150
core   0: 0x8000b370 (0xfc59c2e3) blt     s3, t0, pc - 60
core   0: 3 0x8000b370 (0xfc59c2e3)
core   0: 0x8000b334 (0x76c14613) xori    a2, sp, 1900
core   0: 3 0x8000b334 (0x76c14613) x12 0x0000076c
core   0: 0x8000b338 (0x000f30b3) sltu    ra, t5, zero
core   0: 3 0x8000b338 (0x000f30b3) x 1 0x00000000
core   0: 0x8000b33c (0x017388b3) add     a7, t2, s7
core   0: 3 0x8000b33c (0x017388b3) x17 0xcad44e40
core   0: 0x8000b340 (0x0129d8b3) srl     a7, s3, s2
core   0: 3 0x8000b340 (0x0129d8b3) x17 0x00000000
core   0: 0x8000b344 (0x1b8bd817) auipc   a6, 0x1b8bd
core   0: 3 0x8000b344 (0x1b8bd817) x16 0x9b8c8344
core   0: 0x8000b348 (0x00298993) addi    s3, s3, 2
core   0: 3 0x8000b348 (0x00298993) x19 0x00000007
core   0: 0x8000b34c (0x00000013) nop
core   0: 3 0x8000b34c (0x00000013)
core   0: 0x8000b350 (0x41c38b33) sub     s6, t2, t3
core   0: 3 0x8000b350 (0x41c38b33) x22 0x48d1f5cd
core   0: 0x8000b354 (0x414d5193) srai    gp, s10, 20
core   0: 3 0x8000b354 (0x414d5193) x 3 0xfffffa30
core   0: 0x8000b358 (0x003f13b3) sll     t2, t5, gp
core   0: 3 0x8000b358 (0x003f13b3) x 7 0x4ad20000
core   0: 0x8000b35c (0xbeb1ae93) slti    t4, gp, -1045
core   0: 3 0x8000b35c (0xbeb1ae93) x29 0x00000001
core   0: 0x8000b360 (0x41175833) sra     a6, a4, a7
core   0: 3 0x8000b360 (0x41175833) x16 0x00000150
core   0: 0x8000b364 (0x01101713) slli    a4, zero, 17
core   0: 3 0x8000b364 (0x01101713) x14 0x00000000
core   0: 0x8000b368 (0x65100f97) auipc   t6, 0x65100
core   0: 3 0x8000b368 (0x65100f97) x31 0xe510b368
core   0: 0x8000b36c (0x1d8a7713) andi    a4, s4, 472
core   0: 3 0x8000b36c (0x1d8a7713) x14 0x00000150
core   0: 0x8000b370 (0xfc59c2e3) blt     s3, t0, pc - 60
core   0: 3 0x8000b370 (0xfc59c2e3)
core   0: 0x8000b334 (0x76c14613) xori    a2, sp, 1900
core   0: 3 0x8000b334 (0x76c14613) x12 0x0000076c
core   0: 0x8000b338 (0x000f30b3) sltu    ra, t5, zero
core   0: 3 0x8000b338 (0x000f30b3) x 1 0x00000000
core   0: 0x8000b33c (0x017388b3) add     a7, t2, s7
core   0: 3 0x8000b33c (0x017388b3) x17 0xcad44e40
core   0: 0x8000b340 (0x0129d8b3) srl     a7, s3, s2
core   0: 3 0x8000b340 (0x0129d8b3) x17 0x00000000
core   0: 0x8000b344 (0x1b8bd817) auipc   a6, 0x1b8bd
core   0: 3 0x8000b344 (0x1b8bd817) x16 0x9b8c8344
core   0: 0x8000b348 (0x00298993) addi    s3, s3, 2
core   0: 3 0x8000b348 (0x00298993) x19 0x00000009
core   0: 0x8000b34c (0x00000013) nop
core   0: 3 0x8000b34c (0x00000013)
core   0: 0x8000b350 (0x41c38b33) sub     s6, t2, t3
core   0: 3 0x8000b350 (0x41c38b33) x22 0x48d1f5cd
core   0: 0x8000b354 (0x414d5193) srai    gp, s10, 20
core   0: 3 0x8000b354 (0x414d5193) x 3 0xfffffa30
core   0: 0x8000b358 (0x003f13b3) sll     t2, t5, gp
core   0: 3 0x8000b358 (0x003f13b3) x 7 0x4ad20000
core   0: 0x8000b35c (0xbeb1ae93) slti    t4, gp, -1045
core   0: 3 0x8000b35c (0xbeb1ae93) x29 0x00000001
core   0: 0x8000b360 (0x41175833) sra     a6, a4, a7
core   0: 3 0x8000b360 (0x41175833) x16 0x00000150
core   0: 0x8000b364 (0x01101713) slli    a4, zero, 17
core   0: 3 0x8000b364 (0x01101713) x14 0x00000000
core   0: 0x8000b368 (0x65100f97) auipc   t6, 0x65100
core   0: 3 0x8000b368 (0x65100f97) x31 0xe510b368
core   0: 0x8000b36c (0x1d8a7713) andi    a4, s4, 472
core   0: 3 0x8000b36c (0x1d8a7713) x14 0x00000150
core   0: 0x8000b370 (0xfc59c2e3) blt     s3, t0, pc - 60
core   0: 3 0x8000b370 (0xfc59c2e3)
core   0: 0x8000b374 (0x6d1cee13) ori     t3, s9, 1745
core   0: 3 0x8000b374 (0x6d1cee13) x28 0xfffffff3
core   0: 0x8000b378 (0x1df72093) slti    ra, a4, 479
core   0: 3 0x8000b378 (0x1df72093) x 1 0x00000001
core   0: 0x8000b37c (0x0108ea63) bltu    a7, a6, pc + 20
core   0: 3 0x8000b37c (0x0108ea63)
core   0: 0x8000b390 (0x41bed593) srai    a1, t4, 27
core   0: 3 0x8000b390 (0x41bed593) x11 0x00000000
core   0: 0x8000b394 (0x03ac6c63) bltu    s8, s10, pc + 56
core   0: 3 0x8000b394 (0x03ac6c63)
core   0: 0x8000b3cc (0x02fede63) bge     t4, a5, pc + 60
core   0: 3 0x8000b3cc (0x02fede63)
core   0: 0x8000b3d0 (0x00647533) and     a0, s0, t1
core   0: 3 0x8000b3d0 (0x00647533) x10 0x00000000
core   0: 0x8000b3d4 (0x01551113) slli    sp, a0, 21
core   0: 3 0x8000b3d4 (0x01551113) x 2 0x00000000
core   0: 0x8000b3d8 (0x0ff0000f) fence   iorw,iorw
core   0: 3 0x8000b3d8 (0x0ff0000f)
core   0: 0x8000b3dc (0x00ebb033) sltu    zero, s7, a4
core   0: 3 0x8000b3dc (0x00ebb033)
core   0: 0x8000b3e0 (0x000f1e63) bnez    t5, pc + 28
core   0: 3 0x8000b3e0 (0x000f1e63)
core   0: 0x8000b3fc (0x0020ecb3) or      s9, ra, sp
core   0: 3 0x8000b3fc (0x0020ecb3) x25 0x00000001
core   0: 0x8000b400 (0x0022ee33) or      t3, t0, sp
core   0: 3 0x8000b400 (0x0022ee33) x28 0x00000008
core   0: 0x8000b404 (0x1140a993) slti    s3, ra, 276
core   0: 3 0x8000b404 (0x1140a993) x19 0x00000001
core   0: 0x8000b408 (0x02629463) bne     t0, t1, pc + 40
core   0: 3 0x8000b408 (0x02629463)
core   0: 0x8000b430 (0x0ff0000f) fence   iorw,iorw
core   0: 3 0x8000b430 (0x0ff0000f)
core   0: 0x8000b434 (0x013fd663) bge     t6, s3, pc + 12
core   0: 3 0x8000b434 (0x013fd663)
core   0: 0x8000b438 (0x41548633) sub     a2, s1, s5
core   0: 3 0x8000b438 (0x41548633) x12 0x82527a29
core   0: 0x8000b43c (0x01e55c63) bge     a0, t5, pc + 24
core   0: 3 0x8000b43c (0x01e55c63)
core   0: 0x8000b454 (0x001000b3) add     ra, zero, ra
core   0: 3 0x8000b454 (0x001000b3) x 1 0x00000001
core   0: 0x8000b458 (0x019c2733) slt     a4, s8, s9
core   0: 3 0x8000b458 (0x019c2733) x14 0x00000000
core   0: 0x8000b45c (0x01dba5b3) slt     a1, s7, t4
core   0: 3 0x8000b45c (0x01dba5b3) x11 0x00000001
core   0: 0x8000b460 (0x003f6533) or      a0, t5, gp
core   0: 3 0x8000b460 (0x003f6533) x10 0xfffffaf2
core   0: 0x8000b464 (0x018217b3) sll     a5, tp, s8
core   0: 3 0x8000b464 (0x018217b3) x15 0x00000000
core   0: 0x8000b468 (0x00f1a3b3) slt     t2, gp, a5
core   0: 3 0x8000b468 (0x00f1a3b3) x 7 0x00000001
core   0: 0x8000b46c (0x00459f33) sll     t5, a1, tp
core   0: 3 0x8000b46c (0x00459f33) x30 0x00000001
core   0: 0x8000b470 (0xf807b393) sltiu   t2, a5, -128
core   0: 3 0x8000b470 (0xf807b393) x 7 0x00000001
core   0: 0x8000b474 (0x0ff0000f) fence   iorw,iorw
core   0: 3 0x8000b474 (0x0ff0000f)
core   0: 0x8000b478 (0x707f0c13) addi    s8, t5, 1799
core   0: 3 0x8000b478 (0x707f0c13) x24 0x00000708
core   0: 0x8000b47c (0x75c6c813) xori    a6, a3, 1884
core   0: 3 0x8000b47c (0x75c6c813) x16 0xfffff8a2
core   0: 0x8000b480 (0x011eb3b3) sltu    t2, t4, a7
core   0: 3 0x8000b480 (0x011eb3b3) x 7 0x00000000
core   0: 0x8000b484 (0x008695b3) sll     a1, a3, s0
core   0: 3 0x8000b484 (0x008695b3) x11 0xfffffffc
core   0: 0x8000b488 (0x00101793) slli    a5, zero, 1
core   0: 3 0x8000b488 (0x00101793) x15 0x00000000
core   0: 0x8000b48c (0xff800613) li      a2, -8
core   0: 3 0x8000b48c (0xff800613) x12 0xfffffff8
core   0: 0x8000b490 (0x405f00b3) sub     ra, t5, t0
core   0: 3 0x8000b490 (0x405f00b3) x 1 0xfffffff9
core   0: 0x8000b494 (0x40480cb3) sub     s9, a6, tp
core   0: 3 0x8000b494 (0x40480cb3) x25 0xfffff8a2
core   0: 0x8000b498 (0x01c236b3) sltu    a3, tp, t3
core   0: 3 0x8000b498 (0x01c236b3) x13 0x00000001
core   0: 0x8000b49c (0x008c22b3) slt     t0, s8, s0
core   0: 3 0x8000b49c (0x008c22b3) x 5 0x00000000
core   0: 0x8000b4a0 (0x88344697) auipc   a3, 0x88344
core   0: 3 0x8000b4a0 (0x88344697) x13 0x0834f4a0
core   0: 0x8000b4a4 (0x00f57d33) and     s10, a0, a5
core   0: 3 0x8000b4a4 (0x00f57d33) x26 0x00000000
core   0: 0x8000b4a8 (0x4024ae93) slti    t4, s1, 1026
core   0: 3 0x8000b4a8 (0x4024ae93) x29 0x00000001
core   0: 0x8000b4ac (0x0a7dc737) lui     a4, 0xa7dc
core   0: 3 0x8000b4ac (0x0a7dc737) x14 0x0a7dc000
core   0: 0x8000b4b0 (0x0e677013) andi    zero, a4, 230
core   0: 3 0x8000b4b0 (0x0e677013)
core   0: 0x8000b4b4 (0xfee00413) li      s0, -18
core   0: 3 0x8000b4b4 (0xfee00413) x 8 0xffffffee
core   0: 0x8000b4b8 (0x6db14c17) auipc   s8, 0x6db14
core   0: 3 0x8000b4b8 (0x6db14c17) x24 0xedb1f4b8
core   0: 0x8000b4bc (0x0000100f) fence.i
core   0: 3 0x8000b4bc (0x0000100f)
core   0: 0x8000b4c0 (0x0154d513) srli    a0, s1, 21
core   0: 3 0x8000b4c0 (0x0154d513) x10 0x00000400
core   0: 0x8000b4c4 (0x00e15233) srl     tp, sp, a4
core   0: 3 0x8000b4c4 (0x00e15233) x 4 0x00000000
core   0: 0x8000b4c8 (0xff660613) addi    a2, a2, -10
core   0: 3 0x8000b4c8 (0xff660613) x12 0xffffffee
core   0: 0x8000b4cc (0x00929033) sll     zero, t0, s1
core   0: 3 0x8000b4cc (0x00929033)
core   0: 0x8000b4d0 (0x009e2cb3) slt     s9, t3, s1
core   0: 3 0x8000b4d0 (0x009e2cb3) x25 0x00000000
core   0: 0x8000b4d4 (0x0ff0000f) fence   iorw,iorw
core   0: 3 0x8000b4d4 (0x0ff0000f)
core   0: 0x8000b4d8 (0x25b37513) andi    a0, t1, 603
core   0: 3 0x8000b4d8 (0x25b37513) x10 0x00000010
core   0: 0x8000b4dc (0xfc861ee3) bne     a2, s0, pc - 36
core   0: 3 0x8000b4dc (0xfc861ee3)
core   0: 0x8000b4e0 (0x011e66b3) or      a3, t3, a7
core   0: 3 0x8000b4e0 (0x011e66b3) x13 0x00000008
core   0: 0x8000b4e4 (0x0000100f) fence.i
core   0: 3 0x8000b4e4 (0x0000100f)
core   0: 0x8000b4e8 (0x0ff0000f) fence   iorw,iorw
core   0: 3 0x8000b4e8 (0x0ff0000f)
core   0: 0x8000b4ec (0x00ffdc33) srl     s8, t6, a5
core   0: 3 0x8000b4ec (0x00ffdc33) x24 0xe510b368
core   0: 0x8000b4f0 (0x7bddb393) sltiu   t2, s11, 1981
core   0: 3 0x8000b4f0 (0x7bddb393) x 7 0x00000000
core   0: 0x8000b4f4 (0x01d16333) or      t1, sp, t4
core   0: 3 0x8000b4f4 (0x01d16333) x 6 0x00000001
core   0: 0x8000b4f8 (0x009e2cb3) slt     s9, t3, s1
core   0: 3 0x8000b4f8 (0x009e2cb3) x25 0x00000000
core   0: 0x8000b4fc (0xca0b7a13) andi    s4, s6, -864
core   0: 3 0x8000b4fc (0xca0b7a13) x20 0x48d1f480
core   0: 0x8000b500 (0x0525f063) bgeu    a1, s2, pc + 64
core   0: 3 0x8000b500 (0x0525f063)
core   0: 0x8000b540 (0x97f822b7) lui     t0, 0x97f82
core   0: 3 0x8000b540 (0x97f822b7) x 5 0x97f82000
core   0: 0x8000b544 (0x41b9d233) sra     tp, s3, s11
core   0: 3 0x8000b544 (0x41b9d233) x 4 0x00000000
core   0: 0x8000b548 (0x01c87b33) and     s6, a6, t3
core   0: 3 0x8000b548 (0x01c87b33) x22 0x00000000
core   0: 0x8000b54c (0x94486513) ori     a0, a6, -1724
core   0: 3 0x8000b54c (0x94486513) x10 0xfffff9e6
core   0: 0x8000b550 (0x54f58c37) lui     s8, 0x54f58
core   0: 3 0x8000b550 (0x54f58c37) x24 0x54f58000
core   0: 0x8000b554 (0x02fa5463) bge     s4, a5, pc + 40
core   0: 3 0x8000b554 (0x02fa5463)
core   0: 0x8000b57c (0x33487f93) andi    t6, a6, 820
core   0: 3 0x8000b57c (0x33487f93) x31 0x00000020
core   0: 0x8000b580 (0x9a100a13) li      s4, -1631
core   0: 3 0x8000b580 (0x9a100a13) x20 0xfffff9a1
core   0: 0x8000b584 (0x00c8f663) bgeu    a7, a2, pc + 12
core   0: 3 0x8000b584 (0x00c8f663)
core   0: 0x8000b588 (0x0000100f) fence.i
core   0: 3 0x8000b588 (0x0000100f)
core   0: 0x8000b58c (0x0099b7b3) sltu    a5, s3, s1
core   0: 3 0x8000b58c (0x0099b7b3) x15 0x00000001
core   0: 0x8000b590 (0x013cb9b3) sltu    s3, s9, s3
core   0: 3 0x8000b590 (0x013cb9b3) x19 0x00000001
core   0: 0x8000b594 (0xb26bc113) xori    sp, s7, -1242
core   0: 3 0x8000b594 (0xb26bc113) x 2 0x7ffdb566
core   0: 0x8000b598 (0xa7dde713) ori     a4, s11, -1411
core   0: 3 0x8000b598 (0xa7dde713) x14 0xfffffa7f
core   0: 0x8000b59c (0x00d35993) srli    s3, t1, 13
core   0: 3 0x8000b59c (0x00d35993) x19 0x00000000
core   0: 0x8000b5a0 (0x0ff0000f) fence   iorw,iorw
core   0: 3 0x8000b5a0 (0x0ff0000f)
core   0: 0x8000b5a4 (0xc782c113) xori    sp, t0, -904
core   0: 3 0x8000b5a4 (0xc782c113) x 2 0x6807dc78
core   0: 0x8000b5a8 (0x004ba783) lw      a5, 4(s7)
core   0: 3 0x8000b5a8 (0x004ba783) x15 0x800098c4 mem 0x80024e44
core   0: 0x8000b5ac (0x0004de33) srl     t3, s1, zero
core   0: 3 0x8000b5ac (0x0004de33) x28 0x80028ce4
core   0: 0x8000b5b0 (0x01bbad33) slt     s10, s7, s11
core   0: 3 0x8000b5b0 (0x01bbad33) x26 0x00000001
core   0: 0x8000b5b4 (0x018b8b93) addi    s7, s7, 24
core   0: 3 0x8000b5b4 (0x018b8b93) x23 0x80024e58
core   0: 0x8000b5b8 (0x01231033) sll     zero, t1, s2
core   0: 3 0x8000b5b8 (0x01231033)
core   0: 0x8000b5bc (0x9d988697) auipc   a3, 0x9d988
core   0: 3 0x8000b5bc (0x9d988697) x13 0x1d9935bc
core   0: 0x8000b5c0 (0x0195efb3) or      t6, a1, s9
core   0: 3 0x8000b5c0 (0x0195efb3) x31 0xfffffffc
core   0: 0x8000b5c4 (0x00178213) addi    tp, a5, 1
core   0: 3 0x8000b5c4 (0x00178213) x 4 0x800098c5
core   0: 0x8000b5c8 (0x00020267) jalr    tp, tp, 0
core   0: 3 0x8000b5c8 (0x00020267) x 4 0x8000b5cc
core   0: 0x800098c4 (0x014cecb3) or      s9, s9, s4
core   0: 3 0x800098c4 (0x014cecb3) x25 0xfffff9a1
core   0: 0x800098c8 (0x00000013) nop
core   0: 3 0x800098c8 (0x00000013)
core   0: 0x800098cc (0x16480613) addi    a2, a6, 356
core   0: 3 0x800098cc (0x16480613) x12 0xfffffa06
core   0: 0x800098d0 (0x02e5d063) bge     a1, a4, pc + 32
core   0: 3 0x800098d0 (0x02e5d063)
core   0: 0x800098f0 (0x59ee7013) andi    zero, t3, 1438
core   0: 3 0x800098f0 (0x59ee7013)
core   0: 0x800098f4 (0x01538863) beq     t2, s5, pc + 16
core   0: 3 0x800098f4 (0x01538863)
core   0: 0x800098f8 (0x015110b3) sll     ra, sp, s5
core   0: 3 0x800098f8 (0x015110b3) x 1 0xc0000000
core   0: 0x800098fc (0x00ac5663) bge     s8, a0, pc + 12
core   0: 3 0x800098fc (0x00ac5663)
core   0: 0x80009908 (0x4067dcb3) sra     s9, a5, t1
core   0: 3 0x80009908 (0x4067dcb3) x25 0xc0004c62
core   0: 0x8000990c (0x003a1c63) bne     s4, gp, pc + 24
core   0: 3 0x8000990c (0x003a1c63)
core   0: 0x80009924 (0x01a1c9b3) xor     s3, gp, s10
core   0: 3 0x80009924 (0x01a1c9b3) x19 0xfffffa31
core   0: 0x80009928 (0x41770633) sub     a2, a4, s7
core   0: 3 0x80009928 (0x41770633) x12 0x7ffdac27
core   0: 0x8000992c (0x0ff0000f) fence   iorw,iorw
core   0: 3 0x8000992c (0x0ff0000f)
core   0: 0x80009930 (0x0276c313) xori    t1, a3, 39
core   0: 3 0x80009930 (0x0276c313) x 6 0x1d99359b
core   0: 0x80009934 (0x00000013) nop
core   0: 3 0x80009934 (0x00000013)
core   0: 0x80009938 (0x0000100f) fence.i
core   0: 3 0x80009938 (0x0000100f)
core   0: 0x8000993c (0x017a9263) bne     s5, s7, pc + 4
core   0: 3 0x8000993c (0x017a9263)
core   0: 0x80009940 (0x6e6afc93) andi    s9, s5, 1766
core   0: 3 0x80009940 (0x6e6afc93) x25 0x000002a2
core   0: 0x80009944 (0x750f2b13) slti    s6, t5, 1872
core   0: 3 0x80009944 (0x750f2b13) x22 0x00000001
core   0: 0x80009948 (0x0092ea33) or      s4, t0, s1
core   0: 3 0x80009948 (0x0092ea33) x20 0x97faace4
core   0: 0x8000994c (0x1d7be9b7) lui     s3, 0x1d7be
core   0: 3 0x8000994c (0x1d7be9b7) x19 0x1d7be000
core   0: 0x80009950 (0xa2833593) sltiu   a1, t1, -1496
core   0: 3 0x80009950 (0xa2833593) x11 0x00000001
core   0: 0x80009954 (0x0136ec63) bltu    a3, s3, pc + 24
core   0: 3 0x80009954 (0x0136ec63)
core   0: 0x80009958 (0x00a47663) bgeu    s0, a0, pc + 12
core   0: 3 0x80009958 (0x00a47663)
core   0: 0x80009964 (0x01f55833) srl     a6, a0, t6
core   0: 3 0x80009964 (0x01f55833) x16 0x0000000f
core   0: 0x80009968 (0xdca36a13) ori     s4, t1, -566
core   0: 3 0x80009968 (0xdca36a13) x20 0xfffffddb
core   0: 0x8000996c (0x8b283213) sltiu   tp, a6, -1870
core   0: 3 0x8000996c (0x8b283213) x 4 0x00000001
core   0: 0x80009970 (0x00c4e263) bltu    s1, a2, pc + 4
core   0: 3 0x80009970 (0x00c4e263)
core   0: 0x80009974 (0x002e4e63) blt     t3, sp, pc + 28
core   0: 3 0x80009974 (0x002e4e63)
core   0: 0x80009990 (0x028da337) lui     t1, 0x28da
core   0: 3 0x80009990 (0x028da337) x 6 0x028da000
core   0: 0x80009994 (0x003646b3) xor     a3, a2, gp
core   0: 3 0x80009994 (0x003646b3) x13 0x80025617
core   0: 0x80009998 (0x02564663) blt     a2, t0, pc + 44
core   0: 3 0x80009998 (0x02564663)
core   0: 0x8000999c (0x0123f663) bgeu    t2, s2, pc + 12
core   0: 3 0x8000999c (0x0123f663)
core   0: 0x800099a0 (0x02b29263) bne     t0, a1, pc + 36
core   0: 3 0x800099a0 (0x02b29263)
core   0: 0x800099c4 (0xac091b37) lui     s6, 0xac091
core   0: 3 0x800099c4 (0xac091b37) x22 0xac091000
core   0: 0x800099c8 (0x41ae0233) sub     tp, t3, s10
core   0: 3 0x800099c8 (0x41ae0233) x 4 0x80028ce3
core   0: 0x800099cc (0x00f2d133) srl     sp, t0, a5
core   0: 3 0x800099cc (0x00f2d133) x 2 0x097f8200
core   0: 0x800099d0 (0x0058d863) bge     a7, t0, pc + 16
core   0: 3 0x800099d0 (0x0058d863)
core   0: 0x800099e0 (0x01e7c3b3) xor     t2, a5, t5
core   0: 3 0x800099e0 (0x01e7c3b3) x 7 0x800098c5
core   0: 0x800099e4 (0x853cfc93) andi    s9, s9, -1965
core   0: 3 0x800099e4 (0x853cfc93) x25 0x00000002
core   0: 0x800099e8 (0x0265ca63) blt     a1, t1, pc + 52
core   0: 3 0x800099e8 (0x0265ca63)
core   0: 0x80009a1c (0x0000100f) fence.i
core   0: 3 0x80009a1c (0x0000100f)
core   0: 0x80009a20 (0xcc496393) ori     t2, s2, -828
core   0: 3 0x80009a20 (0xcc496393) x 7 0xfffffef5
core   0: 0x80009a24 (0x01a41b33) sll     s6, s0, s10
core   0: 3 0x80009a24 (0x01a41b33) x22 0xffffffdc
core   0: 0x80009a28 (0x4148d533) sra     a0, a7, s4
core   0: 3 0x80009a28 (0x4148d533) x10 0x00000000
core   0: 0x80009a2c (0x00257433) and     s0, a0, sp
core   0: 3 0x80009a2c (0x00257433) x 8 0x00000000
core   0: 0x80009a30 (0x01ea6eb3) or      t4, s4, t5
core   0: 3 0x80009a30 (0x01ea6eb3) x29 0xfffffddb
core   0: 0x80009a34 (0x98c8f193) andi    gp, a7, -1652
core   0: 3 0x80009a34 (0x98c8f193) x 3 0x00000000
core   0: 0x80009a38 (0x258ec113) xori    sp, t4, 600
core   0: 3 0x80009a38 (0x258ec113) x 2 0xffffff83
core   0: 0x80009a3c (0xf314b013) sltiu   zero, s1, -207
core   0: 3 0x80009a3c (0xf314b013)
core   0: 0x80009a40 (0xccfa2213) slti    tp, s4, -817
core   0: 3 0x80009a40 (0xccfa2213) x 4 0x00000000
core   0: 0x80009a44 (0x008f67b3) or      a5, t5, s0
core   0: 3 0x80009a44 (0x008f67b3) x15 0x00000001
core   0: 0x80009a48 (0x01f8de93) srli    t4, a7, 31
core   0: 3 0x80009a48 (0x01f8de93) x29 0x00000000
core   0: 0x80009a4c (0x01f83db3) sltu    s11, a6, t6
core   0: 3 0x80009a4c (0x01f83db3) x27 0x00000001
core   0: 0x80009a50 (0x01d6e863) bltu    a3, t4, pc + 16
core   0: 3 0x80009a50 (0x01d6e863)
core   0: 0x80009a54 (0xd02d6f13) ori     t5, s10, -766
core   0: 3 0x80009a54 (0xd02d6f13) x30 0xfffffd03
core   0: 0x80009a58 (0x6b5c8e37) lui     t3, 0x6b5c8
core   0: 3 0x80009a58 (0x6b5c8e37) x28 0x6b5c8000
core   0: 0x80009a5c (0x00d39e63) bne     t2, a3, pc + 28
core   0: 3 0x80009a5c (0x00d39e63)
core   0: 0x80009a78 (0x69690093) addi    ra, s2, 1686
core   0: 3 0x80009a78 (0x69690093) x 1 0x0016fd0b
core   0: 0x80009a7c (0x0ff0000f) fence   iorw,iorw
core   0: 3 0x80009a7c (0x0ff0000f)
core   0: 0x80009a80 (0x0914a413) slti    s0, s1, 145
core   0: 3 0x80009a80 (0x0914a413) x 8 0x00000001
core   0: 0x80009a84 (0x0060dc13) srli    s8, ra, 6
core   0: 3 0x80009a84 (0x0060dc13) x24 0x00005bf4
core   0: 0x80009a88 (0xbc830513) addi    a0, t1, -1080
core   0: 3 0x80009a88 (0xbc830513) x10 0x028d9bc8
core   0: 0x80009a8c (0x02a35863) bge     t1, a0, pc + 48
core   0: 3 0x80009a8c (0x02a35863)
core   0: 0x80009abc (0x89a1f593) andi    a1, gp, -1894
core   0: 3 0x80009abc (0x89a1f593) x11 0x00000000
core   0: 0x80009ac0 (0x0c241c63) bne     s0, sp, pc + 216
core   0: 3 0x80009ac0 (0x0c241c63)
core   0: 0x80009b98 (0x01df8a63) beq     t6, t4, pc + 20
core   0: 3 0x80009b98 (0x01df8a63)
core   0: 0x80009b9c (0x861aa313) slti    t1, s5, -1951
core   0: 3 0x80009b9c (0x861aa313) x 6 0x00000001
core   0: 0x80009ba0 (0x010302b3) add     t0, t1, a6
core   0: 3 0x80009ba0 (0x010302b3) x 5 0x00000010
core   0: 0x80009ba4 (0xd27f0313) addi    t1, t5, -729
core   0: 3 0x80009ba4 (0xd27f0313) x 6 0xfffffa2a
core   0: 0x80009ba8 (0x01ba96b3) sll     a3, s5, s11
core   0: 3 0x80009ba8 (0x01ba96b3) x13 0xfb602576
core   0: 0x80009bac (0x403fd833) sra     a6, t6, gp
core   0: 3 0x80009bac (0x403fd833) x16 0xfffffffc
core   0: 0x80009bb0 (0x01ae88b3) add     a7, t4, s10
core   0: 3 0x80009bb0 (0x01ae88b3) x17 0x00000001
core   0: 0x80009bb4 (0x05424863) blt     tp, s4, pc + 80
core   0: 3 0x80009bb4 (0x05424863)
core   0: 0x80009bb8 (0x01d75113) srli    sp, a4, 29
core   0: 3 0x80009bb8 (0x01d75113) x 2 0x00000007
core   0: 0x80009bbc (0x01b44db3) xor     s11, s0, s11
core   0: 3 0x80009bbc (0x01b44db3) x27 0x00000000
core   0: 0x80009bc0 (0xff3a0897) auipc   a7, 0xff3a0
core   0: 3 0x80009bc0 (0xff3a0897) x17 0x7f3a9bc0
core   0: 0x80009bc4 (0x018b82b3) add     t0, s7, s8
core   0: 3 0x80009bc4 (0x018b82b3) x 5 0x8002aa4c
core   0: 0x80009bc8 (0x415750b3) sra     ra, a4, s5
core   0: 3 0x80009bc8 (0x415750b3) x 1 0xffffffff
core   0: 0x80009bcc (0x0353e463) bltu    t2, s5, pc + 40
core   0: 3 0x80009bcc (0x0353e463)
core   0: 0x80009bd0 (0x00d49833) sll     a6, s1, a3
core   0: 3 0x80009bd0 (0x00d49833) x16 0x39000000
core   0: 0x80009bd4 (0x68ee2513) slti    a0, t3, 1678
core   0: 3 0x80009bd4 (0x68ee2513) x10 0x00000000
core   0: 0x80009bd8 (0xa3a90593) addi    a1, s2, -1478
core   0: 3 0x80009bd8 (0xa3a90593) x11 0x0016f0af
core   0: 0x80009bdc (0x0184ef33) or      t5, s1, s8
core   0: 3 0x80009bdc (0x0184ef33) x30 0x8002dff4
core   0: 0x80009be0 (0x00220a63) beq     tp, sp, pc + 20
core   0: 3 0x80009be0 (0x00220a63)
core   0: 0x80009be4 (0x40ed0eb3) sub     t4, s10, a4
core   0: 3 0x80009be4 (0x40ed0eb3) x29 0x00000582
core   0: 0x80009be8 (0x40c1d093) srai    ra, gp, 12
core   0: 3 0x80009be8 (0x40c1d093) x 1 0x00000000
core   0: 0x80009bec (0x404ede33) sra     t3, t4, tp
core   0: 3 0x80009bec (0x404ede33) x28 0x00000582
core   0: 0x80009bf0 (0x00a27c63) bgeu    tp, a0, pc + 24
core   0: 3 0x80009bf0 (0x00a27c63)
core   0: 0x80009c08 (0x004418b3) sll     a7, s0, tp
core   0: 3 0x80009c08 (0x004418b3) x17 0x00000001
core   0: 0x80009c0c (0x01449813) slli    a6, s1, 20
core   0: 3 0x80009c0c (0x01449813) x16 0xce400000
core   0: 0x80009c10 (0x00d30fb3) add     t6, t1, a3
core   0: 3 0x80009c10 (0x00d30fb3) x31 0xfb601fa0
core   0: 0x80009c14 (0x00004633) xor     a2, zero, zero
core   0: 3 0x80009c14 (0x00004633) x12 0x00000000
core   0: 0x80009c18 (0xa2adfc93) andi    s9, s11, -1494
core   0: 3 0x80009c18 (0xa2adfc93) x25 0x00000000
core   0: 0x80009c1c (0x01e8c663) blt     a7, t5, pc + 12
core   0: 3 0x80009c1c (0x01e8c663)
core   0: 0x80009c20 (0x018d8933) add     s2, s11, s8
core   0: 3 0x80009c20 (0x018d8933) x18 0x00005bf4
core   0: 0x80009c24 (0x02ad9863) bne     s11, a0, pc + 48
core   0: 3 0x80009c24 (0x02ad9863)
core   0: 0x80009c28 (0x01e21863) bne     tp, t5, pc + 16
core   0: 3 0x80009c28 (0x01e21863)
core   0: 0x80009c38 (0x40f9d993) srai    s3, s3, 15
core   0: 3 0x80009c38 (0x40f9d993) x19 0x00003af7
core   0: 0x80009c3c (0x17962b13) slti    s6, a2, 377
core   0: 3 0x80009c3c (0x17962b13) x22 0x00000001
core   0: 0x80009c40 (0x02c88663) beq     a7, a2, pc + 44
core   0: 3 0x80009c40 (0x02c88663)
core   0: 0x80009c44 (0x01fe5f33) srl     t5, t3, t6
core   0: 3 0x80009c44 (0x01fe5f33) x30 0x00000582
core   0: 0x80009c48 (0x6570a593) slti    a1, ra, 1623
core   0: 3 0x80009c48 (0x6570a593) x11 0x00000001
core   0: 0x80009c4c (0xd31cc393) xori    t2, s9, -719
core   0: 3 0x80009c4c (0xd31cc393) x 7 0xfffffd31
core   0: 0x80009c50 (0x003b0a63) beq     s6, gp, pc + 20
core   0: 3 0x80009c50 (0x003b0a63)
core   0: 0x80009c54 (0x00000013) nop
core   0: 3 0x80009c54 (0x00000013)
core   0: 0x80009c58 (0xffa70713) addi    a4, a4, -6
core   0: 3 0x80009c58 (0xffa70713) x14 0xfffffa79
core   0: 0x80009c5c (0x416d8e33) sub     t3, s11, s6
core   0: 3 0x80009c5c (0x416d8e33) x28 0xffffffff
core   0: 0x80009c60 (0x0ff0000f) fence   iorw,iorw
core   0: 3 0x80009c60 (0x0ff0000f)
core   0: 0x80009c64 (0xdae48b17) auipc   s6, 0xdae48
core   0: 3 0x80009c64 (0xdae48b17) x22 0x5ae51c64
core   0: 0x80009c68 (0x0243d463) bge     t2, tp, pc + 40
core   0: 3 0x80009c68 (0x0243d463)
core   0: 0x80009c6c (0x0da5c813) xori    a6, a1, 218
core   0: 3 0x80009c6c (0x0da5c813) x16 0x000000db
core   0: 0x80009c70 (0x01193833) sltu    a6, s2, a7
core   0: 3 0x80009c70 (0x01193833) x16 0x00000000
core   0: 0x80009c74 (0x0ff0000f) fence   iorw,iorw
core   0: 3 0x80009c74 (0x0ff0000f)
core   0: 0x80009c78 (0x03006863) bltu    zero, a6, pc + 48
core   0: 3 0x80009c78 (0x03006863)
core   0: 0x80009c7c (0x0000100f) fence.i
core   0: 3 0x80009c7c (0x0000100f)
core   0: 0x80009c80 (0x00b27eb3) and     t4, tp, a1
core   0: 3 0x80009c80 (0x00b27eb3) x29 0x00000000
core   0: 0x80009c84 (0x01b91a63) bne     s2, s11, pc + 20
core   0: 3 0x80009c84 (0x01b91a63)
core   0: 0x80009c98 (0x01f3f2b3) and     t0, t2, t6
core   0: 3 0x80009c98 (0x01f3f2b3) x 5 0xfb601d20
core   0: 0x80009c9c (0x0ff0000f) fence   iorw,iorw
core   0: 3 0x80009c9c (0x0ff0000f)
core   0: 0x80009ca0 (0x00000013) nop
core   0: 3 0x80009ca0 (0x00000013)
core   0: 0x80009ca4 (0x00459293) slli    t0, a1, 4
core   0: 3 0x80009ca4 (0x00459293) x 5 0x00000010
core   0: 0x80009ca8 (0x019e0c63) beq     t3, s9, pc + 24
core   0: 3 0x80009ca8 (0x019e0c63)
core   0: 0x80009cac (0x03df9063) bne     t6, t4, pc + 32
core   0: 3 0x80009cac (0x03df9063)
core   0: 0x80009ccc (0x4106d633) sra     a2, a3, a6
core   0: 3 0x80009ccc (0x4106d633) x12 0xfb602576
core   0: 0x80009cd0 (0x01b01613) slli    a2, zero, 27
core   0: 3 0x80009cd0 (0x01b01613) x12 0x00000000
core   0: 0x80009cd4 (0x8bb33793) sltiu   a5, t1, -1861
core   0: 3 0x80009cd4 (0x8bb33793) x15 0x00000000
core   0: 0x80009cd8 (0x00000013) nop
core   0: 3 0x80009cd8 (0x00000013)
core   0: 0x80009cdc (0x7eafec93) ori     s9, t6, 2026
core   0: 3 0x80009cdc (0x7eafec93) x25 0xfb601fea
core   0: 0x80009ce0 (0x402489b3) sub     s3, s1, sp
core   0: 3 0x80009ce0 (0x402489b3) x19 0x80028cdd
core   0: 0x80009ce4 (0x01942d33) slt     s10, s0, s9
core   0: 3 0x80009ce4 (0x01942d33) x26 0x00000000
core   0: 0x80009ce8 (0x00b5d3b3) srl     t2, a1, a1
core   0: 3 0x80009ce8 (0x00b5d3b3) x 7 0x00000000
core   0: 0x80009cec (0x00000013) nop
core   0: 3 0x80009cec (0x00000013)
core   0: 0x80009cf0 (0xc2617093) andi    ra, sp, -986
core   0: 3 0x80009cf0 (0xc2617093) x 1 0x00000006
core   0: 0x80009cf4 (0x00a02b33) slt     s6, zero, a0
core   0: 3 0x80009cf4 (0x00a02b33) x22 0x00000000
core   0: 0x80009cf8 (0x00939e63) bne     t2, s1, pc + 28
core   0: 3 0x80009cf8 (0x00939e63)
core   0: 0x80009d14 (0x513dc797) auipc   a5, 0x513dc
core   0: 3 0x80009d14 (0x513dc797) x15 0xd13e5d14
core   0: 0x80009d18 (0xdf0f4813) xori    a6, t5, -528
core   0: 3 0x80009d18 (0xdf0f4813) x16 0xfffff872
core   0: 0x80009d1c (0x014d1733) sll     a4, s10, s4
core   0: 3 0x80009d1c (0x014d1733) x14 0x00000000
core   0: 0x80009d20 (0x0075a933) slt     s2, a1, t2
core   0: 3 0x80009d20 (0x0075a933) x18 0x00000000
core   0: 0x80009d24 (0x00bdd263) bge     s11, a1, pc + 4
core   0: 3 0x80009d24 (0x00bdd263)
core   0: 0x80009d28 (0x01d453b3) srl     t2, s0, t4
core   0: 3 0x80009d28 (0x01d453b3) x 7 0x00000001
core   0: 0x80009d2c (0x011860b3) or      ra, a6, a7
core   0: 3 0x80009d2c (0x011860b3) x 1 0xfffff873
core   0: 0x80009d30 (0x40520933) sub     s2, tp, t0
core   0: 3 0x80009d30 (0x40520933) x18 0xfffffff0
core   0: 0x80009d34 (0x015ec663) blt     t4, s5, pc + 12
core   0: 3 0x80009d34 (0x015ec663)
core   0: 0x80009d38 (0x019eb3b3) sltu    t2, t4, s9
core   0: 3 0x80009d38 (0x019eb3b3) x 7 0x00000001
core   0: 0x80009d3c (0x00227c63) bgeu    tp, sp, pc + 24
core   0: 3 0x80009d3c (0x00227c63)
core   0: 0x80009d40 (0x05de8863) beq     t4, t4, pc + 80
core   0: 3 0x80009d40 (0x05de8863)
core   0: 0x80009d90 (0x01c13e33) sltu    t3, sp, t3
core   0: 3 0x80009d90 (0x01c13e33) x28 0x00000001
core   0: 0x80009d94 (0x0000100f) fence.i
core   0: 3 0x80009d94 (0x0000100f)
core   0: 0x80009d98 (0x00065233) srl     tp, a2, zero
core   0: 3 0x80009d98 (0x00065233) x 4 0x00000000
core   0: 0x80009d9c (0x008e9263) bne     t4, s0, pc + 4
core   0: 3 0x80009d9c (0x008e9263)
core   0: 0x80009da0 (0x412c0fb3) sub     t6, s8, s2
core   0: 3 0x80009da0 (0x412c0fb3) x31 0x00005c04
core   0: 0x80009da4 (0x006089b3) add     s3, ra, t1
core   0: 3 0x80009da4 (0x006089b3) x19 0xfffff29d
core   0: 0x80009da8 (0x417f5413) srai    s0, t5, 23
core   0: 3 0x80009da8 (0x417f5413) x 8 0x00000000
core   0: 0x80009dac (0x01a812b3) sll     t0, a6, s10
core   0: 3 0x80009dac (0x01a812b3) x 5 0xfffff872
core   0: 0x80009db0 (0x004f83b3) add     t2, t6, tp
core   0: 3 0x80009db0 (0x004f83b3) x 7 0x00005c04
core   0: 0x80009db4 (0x01a5d833) srl     a6, a1, s10
core   0: 3 0x80009db4 (0x01a5d833) x16 0x00000001
core   0: 0x80009db8 (0x05bbd663) bge     s7, s11, pc + 76
core   0: 3 0x80009db8 (0x05bbd663)
core   0: 0x80009dbc (0x00eba033) slt     zero, s7, a4
core   0: 3 0x80009dbc (0x00eba033)
core   0: 0x80009dc0 (0x73172b13) slti    s6, a4, 1841
core   0: 3 0x80009dc0 (0x73172b13) x22 0x00000001
core   0: 0x80009dc4 (0x01eae0b3) or      ra, s5, t5
core   0: 3 0x80009dc4 (0x01eae0b3) x 1 0xfdb017bb
core   0: 0x80009dc8 (0xde8c4293) xori    t0, s8, -536
core   0: 3 0x80009dc8 (0xde8c4293) x 5 0xffffa61c
core   0: 0x80009dcc (0xa4300b13) li      s6, -1469
core   0: 3 0x80009dcc (0xa4300b13) x22 0xfffffa43
core   0: 0x80009dd0 (0x4baaa613) slti    a2, s5, 1210
core   0: 3 0x80009dd0 (0x4baaa613) x12 0x00000001
core   0: 0x80009dd4 (0x73aa0093) addi    ra, s4, 1850
core   0: 3 0x80009dd4 (0x73aa0093) x 1 0x00000515
core   0: 0x80009dd8 (0x0ff0000f) fence   iorw,iorw
core   0: 3 0x80009dd8 (0x0ff0000f)
core   0: 0x80009ddc (0x418956b3) sra     a3, s2, s8
core   0: 3 0x80009ddc (0x418956b3) x13 0xffffffff
core   0: 0x80009de0 (0x41145f93) srai    t6, s0, 17
core   0: 3 0x80009de0 (0x41145f93) x31 0x00000000
core   0: 0x80009de4 (0x0272c063) blt     t0, t2, pc + 32
core   0: 3 0x80009de4 (0x0272c063)
core   0: 0x80009e04 (0x012657b3) srl     a5, a2, s2
core   0: 3 0x80009e04 (0x012657b3) x15 0x00000000
core   0: 0x80009e08 (0x004ba783) lw      a5, 4(s7)
core   0: 3 0x80009e08 (0x004ba783) x15 0x80005a90 mem 0x80024e5c
core   0: 0x80009e0c (0x00cb8b93) addi    s7, s7, 12
core   0: 3 0x80009e0c (0x00cb8b93) x23 0x80024e64
core   0: 0x80009e10 (0x83e58f97) auipc   t6, 0x83e58
core   0: 3 0x80009e10 (0x83e58f97) x31 0x03e61e10
core   0: 0x80009e14 (0xe1632f93) slti    t6, t1, -490
core   0: 3 0x80009e14 (0xe1632f93) x31 0x00000001
core   0: 0x80009e18 (0x00b0b6b3) sltu    a3, ra, a1
core   0: 3 0x80009e18 (0x00b0b6b3) x13 0x00000000
core   0: 0x80009e1c (0x0ff0000f) fence   iorw,iorw
core   0: 3 0x80009e1c (0x0ff0000f)
core   0: 0x80009e20 (0x01035d93) srli    s11, t1, 16
core   0: 3 0x80009e20 (0x01035d93) x27 0x0000ffff
core   0: 0x80009e24 (0x00078513) mv      a0, a5
core   0: 3 0x80009e24 (0x00078513) x10 0x80005a90
core   0: 0x80009e28 (0x00050567) jalr    a0, a0, 0
core   0: 3 0x80009e28 (0x00050567) x10 0x80009e2c
core   0: 0x80005a90 (0x00ec0833) add     a6, s8, a4
core   0: 3 0x80005a90 (0x00ec0833) x16 0x00005bf4
core   0: 0x80005a94 (0x0ff0000f) fence   iorw,iorw
core   0: 3 0x80005a94 (0x0ff0000f)
core   0: 0x80005a98 (0x04a38863) beq     t2, a0, pc + 80
core   0: 3 0x80005a98 (0x04a38863)
core   0: 0x80005a9c (0x007be863) bltu    s7, t2, pc + 16
core   0: 3 0x80005a9c (0x007be863)
core   0: 0x80005aa0 (0x41f9da33) sra     s4, s3, t6
core   0: 3 0x80005aa0 (0x41f9da33) x20 0xfffff94e
core   0: 0x80005aa4 (0x00d0f233) and     tp, ra, a3
core   0: 3 0x80005aa4 (0x00d0f233) x 4 0x00000000
core   0: 0x80005aa8 (0x011f8fb3) add     t6, t6, a7
core   0: 3 0x80005aa8 (0x011f8fb3) x31 0x00000002
core   0: 0x80005aac (0x007bd313) srli    t1, s7, 7
core   0: 3 0x80005aac (0x007bd313) x 6 0x0100049c
core   0: 0x80005ab0 (0x4d1e2913) slti    s2, t3, 1233
core   0: 3 0x80005ab0 (0x4d1e2913) x18 0x00000001
core   0: 0x80005ab4 (0x05480863) beq     a6, s4, pc + 80
core   0: 3 0x80005ab4 (0x05480863)
core   0: 0x80005ab8 (0x0000100f) fence.i
core   0: 3 0x80005ab8 (0x0000100f)
core   0: 0x80005abc (0x0000100f) fence.i
core   0: 3 0x80005abc (0x0000100f)
core   0: 0x80005ac0 (0x0000100f) fence.i
core   0: 3 0x80005ac0 (0x0000100f)
core   0: 0x80005ac4 (0x41f0dcb3) sra     s9, ra, t6
core   0: 3 0x80005ac4 (0x41f0dcb3) x25 0x00000145
core   0: 0x80005ac8 (0x40828fb3) sub     t6, t0, s0
core   0: 3 0x80005ac8 (0x40828fb3) x31 0xffffa61c
core   0: 0x80005acc (0x018a4433) xor     s0, s4, s8
core   0: 3 0x80005acc (0x018a4433) x 8 0xffffa2ba
core   0: 0x80005ad0 (0x01b1ae33) slt     t3, gp, s11
core   0: 3 0x80005ad0 (0x01b1ae33) x28 0x00000001
core   0: 0x80005ad4 (0x04fa0463) beq     s4, a5, pc + 72
core   0: 3 0x80005ad4 (0x04fa0463)
core   0: 0x80005ad8 (0x40be5b33) sra     s6, t3, a1
core   0: 3 0x80005ad8 (0x40be5b33) x22 0x00000000
core   0: 0x80005adc (0x006756b3) srl     a3, a4, t1
core   0: 3 0x80005adc (0x006756b3) x13 0x00000000
core   0: 0x80005ae0 (0x2e227893) andi    a7, tp, 738
core   0: 3 0x80005ae0 (0x2e227893) x17 0x00000000
core   0: 0x80005ae4 (0x00000013) nop
core   0: 3 0x80005ae4 (0x00000013)
core   0: 0x80005ae8 (0x03325263) bge     tp, s3, pc + 36
core   0: 3 0x80005ae8 (0x03325263)
core   0: 0x80005b0c (0x05b36663) bltu    t1, s11, pc + 76
core   0: 3 0x80005b0c (0x05b36663)
core   0: 0x80005b10 (0x0006fd33) and     s10, a3, zero
core   0: 3 0x80005b10 (0x0006fd33) x26 0x00000000
core   0: 0x80005b14 (0x0000100f) fence.i
core   0: 3 0x80005b14 (0x0000100f)
core   0: 0x80005b18 (0x005a4b33) xor     s6, s4, t0
core   0: 3 0x80005b18 (0x005a4b33) x22 0x00005f52
core   0: 0x80005b1c (0x01e8c663) blt     a7, t5, pc + 12
core   0: 3 0x80005b1c (0x01e8c663)
core   0: 0x80005b28 (0x01b96633) or      a2, s2, s11
core   0: 3 0x80005b28 (0x01b96633) x12 0x0000ffff
core   0: 0x80005b2c (0x0a5c0a63) beq     s8, t0, pc + 180
core   0: 3 0x80005b2c (0x0a5c0a63)
core   0: 0x80005b30 (0x3d3ffd13) andi    s10, t6, 979
core   0: 3 0x80005b30 (0x3d3ffd13) x26 0x00000210
core   0: 0x80005b34 (0x00a69463) bne     a3, a0, pc + 8
core   0: 3 0x80005b34 (0x00a69463)
core   0: 0x80005b3c (0x0d1e4263) blt     t3, a7, pc + 196
core   0: 3 0x80005b3c (0x0d1e4263)
core   0: 0x80005b40 (0x004a3eb3) sltu    t4, s4, tp
core   0: 3 0x80005b40 (0x004a3eb3) x29 0x00000000
core   0: 0x80005b44 (0x0c966063) bltu    a2, s1, pc + 192
core   0: 3 0x80005b44 (0x0c966063)
core   0: 0x80005c04 (0x0062b1b3) sltu    gp, t0, t1
core   0: 3 0x80005c04 (0x0062b1b3) x 3 0x00000000
core   0: 0x80005c08 (0x01a70b33) add     s6, a4, s10
core   0: 3 0x80005c08 (0x01a70b33) x22 0x00000210
core   0: 0x80005c0c (0xdde12393) slti    t2, sp, -546
core   0: 3 0x80005c0c (0xdde12393) x 7 0x00000000
core   0: 0x80005c10 (0x00c09933) sll     s2, ra, a2
core   0: 3 0x80005c10 (0x00c09933) x18 0x80000000
core   0: 0x80005c14 (0x4119ddb3) sra     s11, s3, a7
core   0: 3 0x80005c14 (0x4119ddb3) x27 0xfffff29d
core   0: 0x80005c18 (0x0000100f) fence.i
core   0: 3 0x80005c18 (0x0000100f)
core   0: 0x80005c1c (0x01ab5913) srli    s2, s6, 26
core   0: 3 0x80005c1c (0x01ab5913) x18 0x00000000
core   0: 0x80005c20 (0x01176863) bltu    a4, a7, pc + 16
core   0: 3 0x80005c20 (0x01176863)
core   0: 0x80005c24 (0x5eec6313) ori     t1, s8, 1518
core   0: 3 0x80005c24 (0x5eec6313) x 6 0x00005ffe
core   0: 0x80005c28 (0x048ff463) bgeu    t6, s0, pc + 72
core   0: 3 0x80005c28 (0x048ff463)
core   0: 0x80005c70 (0xe3e45797) auipc   a5, 0xe3e45
core   0: 3 0x80005c70 (0xe3e45797) x15 0x63e4ac70
core   0: 0x80005c74 (0xe75769b7) lui     s3, 0xe7576
core   0: 3 0x80005c74 (0xe75769b7) x19 0xe7576000
core   0: 0x80005c78 (0x01da9413) slli    s0, s5, 29
core   0: 3 0x80005c78 (0x01da9413) x 8 0x60000000
core   0: 0x80005c7c (0x00a99e13) slli    t3, s3, 10
core   0: 3 0x80005c7c (0x00a99e13) x28 0x5d800000
core   0: 0x80005c80 (0x0ff0000f) fence   iorw,iorw
core   0: 3 0x80005c80 (0x0ff0000f)
core   0: 0x80005c84 (0x05437663) bgeu    t1, s4, pc + 76
core   0: 3 0x80005c84 (0x05437663)
core   0: 0x80005c88 (0x01515933) srl     s2, sp, s5
core   0: 3 0x80005c88 (0x01515933) x18 0x00000000
core   0: 0x80005c8c (0x514da993) slti    s3, s11, 1300
core   0: 3 0x80005c8c (0x514da993) x19 0x00000001
core   0: 0x80005c90 (0x7833e613) ori     a2, t2, 1923
core   0: 3 0x80005c90 (0x7833e613) x12 0x00000783
core   0: 0x80005c94 (0x04700863) beq     zero, t2, pc + 80
core   0: 3 0x80005c94 (0x04700863)
core   0: 0x80005ce4 (0x599f4e37) lui     t3, 0x599f4
core   0: 3 0x80005ce4 (0x599f4e37) x28 0x599f4000
core   0: 0x80005ce8 (0x01c4e863) bltu    s1, t3, pc + 16
core   0: 3 0x80005ce8 (0x01c4e863)
core   0: 0x80005cec (0x0ff0000f) fence   iorw,iorw
core   0: 3 0x80005cec (0x0ff0000f)
core   0: 0x80005cf0 (0x046a6863) bltu    s4, t1, pc + 80
core   0: 3 0x80005cf0 (0x046a6863)
core   0: 0x80005cf4 (0x25f32693) slti    a3, t1, 607
core   0: 3 0x80005cf4 (0x25f32693) x13 0x00000000
core   0: 0x80005cf8 (0x000a43b3) xor     t2, s4, zero
core   0: 3 0x80005cf8 (0x000a43b3) x 7 0xfffff94e
core   0: 0x80005cfc (0x0160d393) srli    t2, ra, 22
core   0: 3 0x80005cfc (0x0160d393) x 7 0x00000000
core   0: 0x80005d00 (0xf84bf917) auipc   s2, 0xf84bf
core   0: 3 0x80005d00 (0xf84bf917) x18 0x784c4d00
core   0: 0x80005d04 (0x0ff0000f) fence   iorw,iorw
core   0: 3 0x80005d04 (0x0ff0000f)
core   0: 0x80005d08 (0xe2ee2597) auipc   a1, 0xe2ee2
core   0: 3 0x80005d08 (0xe2ee2597) x11 0x62ee7d08
core   0: 0x80005d0c (0x031f0863) beq     t5, a7, pc + 48
core   0: 3 0x80005d0c (0x031f0863)
core   0: 0x80005d10 (0x37a77393) andi    t2, a4, 890
core   0: 3 0x80005d10 (0x37a77393) x 7 0x00000000
core   0: 0x80005d14 (0x0ff0000f) fence   iorw,iorw
core   0: 3 0x80005d14 (0x0ff0000f)
core   0: 0x80005d18 (0x0290f863) bgeu    ra, s1, pc + 48
core   0: 3 0x80005d18 (0x0290f863)
core   0: 0x80005d1c (0x0000100f) fence.i
core   0: 3 0x80005d1c (0x0000100f)
core   0: 0x80005d20 (0x016b53b3) srl     t2, s6, s6
core   0: 3 0x80005d20 (0x016b53b3) x 7 0x00000000
core   0: 0x80005d24 (0x01f621b3) slt     gp, a2, t6
core   0: 3 0x80005d24 (0x01f621b3) x 3 0x00000000
core   0: 0x80005d28 (0x40c9d033) sra     zero, s3, a2
core   0: 3 0x80005d28 (0x40c9d033)
core   0: 0x80005d2c (0x00af3533) sltu    a0, t5, a0
core   0: 3 0x80005d2c (0x00af3533) x10 0x00000001
core   0: 0x80005d30 (0x01d778b3) and     a7, a4, t4
core   0: 3 0x80005d30 (0x01d778b3) x17 0x00000000
core   0: 0x80005d34 (0x00e17663) bgeu    sp, a4, pc + 12
core   0: 3 0x80005d34 (0x00e17663)
core   0: 0x80005d40 (0x023a5263) bge     s4, gp, pc + 36
core   0: 3 0x80005d40 (0x023a5263)
core   0: 0x80005d44 (0x0ff0000f) fence   iorw,iorw
core   0: 3 0x80005d44 (0x0ff0000f)
core   0: 0x80005d48 (0x415f8fb3) sub     t6, t6, s5
core   0: 3 0x80005d48 (0x415f8fb3) x31 0x024f9361
core   0: 0x80005d4c (0xa1596a13) ori     s4, s2, -1515
core   0: 3 0x80005d4c (0xa1596a13) x20 0xffffff15
core   0: 0x80005d50 (0xb3ac7513) andi    a0, s8, -1222
core   0: 3 0x80005d50 (0xb3ac7513) x10 0x00005b30
core   0: 0x80005d54 (0x0000100f) fence.i
core   0: 3 0x80005d54 (0x0000100f)
core   0: 0x80005d58 (0x1dfb3393) sltiu   t2, s6, 479
core   0: 3 0x80005d58 (0x1dfb3393) x 7 0x00000000
core   0: 0x80005d5c (0x37409e37) lui     t3, 0x37409
core   0: 3 0x80005d5c (0x37409e37) x28 0x37409000
core   0: 0x80005d60 (0x05db7863) bgeu    s6, t4, pc + 80
core   0: 3 0x80005d60 (0x05db7863)
core   0: 0x80005db0 (0x0189e633) or      a2, s3, s8
core   0: 3 0x80005db0 (0x0189e633) x12 0x00005bf5
core   0: 0x80005db4 (0x9229c737) lui     a4, 0x9229c
core   0: 3 0x80005db4 (0x9229c737) x14 0x9229c000
core   0: 0x80005db8 (0x41fad433) sra     s0, s5, t6
core   0: 3 0x80005db8 (0x41fad433) x 8 0xfed8095d
core   0: 0x80005dbc (0x4131dd33) sra     s10, gp, s3
core   0: 3 0x80005dbc (0x4131dd33) x26 0x00000000
core   0: 0x80005dc0 (0x00e958b3) srl     a7, s2, a4
core   0: 3 0x80005dc0 (0x00e958b3) x17 0x784c4d00
core   0: 0x80005dc4 (0x00000013) nop
core   0: 3 0x80005dc4 (0x00000013)
core   0: 0x80005dc8 (0x00c05b33) srl     s6, zero, a2
core   0: 3 0x80005dc8 (0x00c05b33) x22 0x00000000
core   0: 0x80005dcc (0x00921933) sll     s2, tp, s1
core   0: 3 0x80005dcc (0x00921933) x18 0x00000000
core   0: 0x80005dd0 (0x21827293) andi    t0, tp, 536
core   0: 3 0x80005dd0 (0x21827293) x 5 0x00000000
core   0: 0x80005dd4 (0x04d64663) blt     a2, a3, pc + 76
core   0: 3 0x80005dd4 (0x04d64663)
core   0: 0x80005dd8 (0xa89d3513) sltiu   a0, s10, -1399
core   0: 3 0x80005dd8 (0xa89d3513) x10 0x00000001
core   0: 0x80005ddc (0x40938b33) sub     s6, t2, s1
core   0: 3 0x80005ddc (0x40938b33) x22 0x7ffd731c
core   0: 0x80005de0 (0x00aef663) bgeu    t4, a0, pc + 12
core   0: 3 0x80005de0 (0x00aef663)
core   0: 0x80005de4 (0xc9129d17) auipc   s10, 0xc9129
core   0: 3 0x80005de4 (0xc9129d17) x26 0x4912ede4
core   0: 0x80005de8 (0x05390463) beq     s2, s3, pc + 72
core   0: 3 0x80005de8 (0x05390463)
core   0: 0x80005dec (0x00797cb3) and     s9, s2, t2
core   0: 3 0x80005dec (0x00797cb3) x25 0x00000000
core   0: 0x80005df0 (0x3157a797) auipc   a5, 0x3157a
core   0: 3 0x80005df0 (0x3157a797) x15 0xb157fdf0
core   0: 0x80005df4 (0x41fbdf13) srai    t5, s7, 31
core   0: 3 0x80005df4 (0x41fbdf13) x30 0xffffffff
core   0: 0x80005df8 (0x00eaa9b3) slt     s3, s5, a4
core   0: 3 0x80005df8 (0x00eaa9b3) x19 0x00000000
core   0: 0x80005dfc (0x0187e0b3) or      ra, a5, s8
core   0: 3 0x80005dfc (0x0187e0b3) x 1 0xb157fff4
core   0: 0x80005e00 (0x0062cb33) xor     s6, t0, t1
core   0: 3 0x80005e00 (0x0062cb33) x22 0x00005ffe
core   0: 0x80005e04 (0x01b8d833) srl     a6, a7, s11
core   0: 3 0x80005e04 (0x01b8d833) x16 0x00000003
core   0: 0x80005e08 (0xc0da82b7) lui     t0, 0xc0da8
core   0: 3 0x80005e08 (0xc0da82b7) x 5 0xc0da8000
core   0: 0x80005e0c (0x03f09e63) bne     ra, t6, pc + 60
core   0: 3 0x80005e0c (0x03f09e63)
core   0: 0x80005e48 (0x01544133) xor     sp, s0, s5
core   0: 3 0x80005e48 (0x01544133) x 2 0x03681be6
core   0: 0x80005e4c (0x0000100f) fence.i
core   0: 3 0x80005e4c (0x0000100f)
core   0: 0x80005e50 (0x05e7f863) bgeu    a5, t5, pc + 80
core   0: 3 0x80005e50 (0x05e7f863)
core   0: 0x80005e54 (0xdf376393) ori     t2, a4, -525
core   0: 3 0x80005e54 (0xdf376393) x 7 0xfffffdf3
core   0: 0x80005e58 (0x012a3833) sltu    a6, s4, s2
core   0: 3 0x80005e58 (0x012a3833) x16 0x00000000
core   0: 0x80005e5c (0xafdbf713) andi    a4, s7, -1283
core   0: 3 0x80005e5c (0xafdbf713) x14 0x80024a64
core   0: 0x80005e60 (0x3c39c113) xori    sp, s3, 963
core   0: 3 0x80005e60 (0x3c39c113) x 2 0x000003c3
core   0: 0x80005e64 (0x00fed863) bge     t4, a5, pc + 16
core   0: 3 0x80005e64 (0x00fed863)
core   0: 0x80005e74 (0x016101b3) add     gp, sp, s6
core   0: 3 0x80005e74 (0x016101b3) x 3 0x000063c1
core   0: 0x80005e78 (0x01d5ecb3) or      s9, a1, t4
core   0: 3 0x80005e78 (0x01d5ecb3) x25 0x62ee7d08
core   0: 0x80005e7c (0x89732893) slti    a7, t1, -1897
core   0: 3 0x80005e7c (0x89732893) x17 0x00000000
core   0: 0x80005e80 (0x00000013) nop
core   0: 3 0x80005e80 (0x00000013)
core   0: 0x80005e84 (0x000ad7b3) srl     a5, s5, zero
core   0: 3 0x80005e84 (0x000ad7b3) x15 0xfdb012bb
core   0: 0x80005e88 (0x017827b3) slt     a5, a6, s7
core   0: 3 0x80005e88 (0x017827b3) x15 0x00000000
core   0: 0x80005e8c (0x010c9813) slli    a6, s9, 16
core   0: 3 0x80005e8c (0x010c9813) x16 0x7d080000
core   0: 0x80005e90 (0x0ff0000f) fence   iorw,iorw
core   0: 3 0x80005e90 (0x0ff0000f)
core   0: 0x80005e94 (0x002f1a33) sll     s4, t5, sp
core   0: 3 0x80005e94 (0x002f1a33) x20 0xfffffff8
core   0: 0x80005e98 (0x058c6863) bltu    s8, s8, pc + 80
core   0: 3 0x80005e98 (0x058c6863)
core   0: 0x80005e9c (0xa8373813) sltiu   a6, a4, -1405
core   0: 3 0x80005e9c (0xa8373813) x16 0x00000001
core   0: 0x80005ea0 (0x75727e13) andi    t3, tp, 1879
core   0: 3 0x80005ea0 (0x75727e13) x28 0x00000000
core   0: 0x80005ea4 (0x0062af33) slt     t5, t0, t1
core   0: 3 0x80005ea4 (0x0062af33) x30 0x00000001
core   0: 0x80005ea8 (0x00e702b3) add     t0, a4, a4
core   0: 3 0x80005ea8 (0x00e702b3) x 5 0x000494c8
core   0: 0x80005eac (0x013fc1b3) xor     gp, t6, s3
core   0: 3 0x80005eac (0x013fc1b3) x 3 0x024f9361
core   0: 0x80005eb0 (0xa7550e93) addi    t4, a0, -1419
core   0: 3 0x80005eb0 (0xa7550e93) x29 0xfffffa76
core   0: 0x80005eb4 (0x00afc233) xor     tp, t6, a0
core   0: 3 0x80005eb4 (0x00afc233) x 4 0x024f9360
core   0: 0x80005eb8 (0x37a2a393) slti    t2, t0, 890
core   0: 3 0x80005eb8 (0x37a2a393) x 7 0x00000000
core   0: 0x80005ebc (0x00f35b33) srl     s6, t1, a5
core   0: 3 0x80005ebc (0x00f35b33) x22 0x00005ffe
core   0: 0x80005ec0 (0x257d2913) slti    s2, s10, 599
core   0: 3 0x80005ec0 (0x257d2913) x18 0x00000000
core   0: 0x80005ec4 (0xfe86c793) xori    a5, a3, -24
core   0: 3 0x80005ec4 (0xfe86c793) x15 0xffffffe8
core   0: 0x80005ec8 (0x0053a3b3) slt     t2, t2, t0
core   0: 3 0x80005ec8 (0x0053a3b3) x 7 0x00000001
core   0: 0x80005ecc (0xec270f93) addi    t6, a4, -318
core   0: 3 0x80005ecc (0xec270f93) x31 0x80024926
core   0: 0x80005ed0 (0x50a2a713) slti    a4, t0, 1290
core   0: 3 0x80005ed0 (0x50a2a713) x14 0x00000000
core   0: 0x80005ed4 (0xdc466c13) ori     s8, a2, -572
core   0: 3 0x80005ed4 (0xdc466c13) x24 0xfffffff5
core   0: 0x80005ed8 (0x01924333) xor     t1, tp, s9
core   0: 3 0x80005ed8 (0x01924333) x 6 0x60a1ee68
core   0: 0x80005edc (0x00585d93) srli    s11, a6, 5
core   0: 3 0x80005edc (0x00585d93) x27 0x00000000
core   0: 0x80005ee0 (0x00b34c63) blt     t1, a1, pc + 24
core   0: 3 0x80005ee0 (0x00b34c63)
core   0: 0x80005ef8 (0x01cc9e93) slli    t4, s9, 28
core   0: 3 0x80005ef8 (0x01cc9e93) x29 0x80000000
core   0: 0x80005efc (0xf673f613) andi    a2, t2, -153
core   0: 3 0x80005efc (0xf673f613) x12 0x00000001
core   0: 0x80005f00 (0x01f20933) add     s2, tp, t6
core   0: 3 0x80005f00 (0x01f20933) x18 0x8251dc86
core   0: 0x80005f04 (0x5e727513) andi    a0, tp, 1511
core   0: 3 0x80005f04 (0x5e727513) x10 0x00000160
core   0: 0x80005f08 (0x00b7f9b3) and     s3, a5, a1
core   0: 3 0x80005f08 (0x00b7f9b3) x19 0x62ee7d08
core   0: 0x80005f0c (0x009a9513) slli    a0, s5, 9
core   0: 3 0x80005f0c (0x009a9513) x10 0x60257600
core   0: 0x80005f10 (0x2d9ddf17) auipc   t5, 0x2d9dd
core   0: 3 0x80005f10 (0x2d9ddf17) x30 0xad9e2f10
core   0: 0x80005f14 (0x01200e63) beq     zero, s2, pc + 28
core   0: 3 0x80005f14 (0x01200e63)
core   0: 0x80005f18 (0x00437db3) and     s11, t1, tp
core   0: 3 0x80005f18 (0x00437db3) x27 0x00018260
core   0: 0x80005f1c (0x02111a63) bne     sp, ra, pc + 52
core   0: 3 0x80005f1c (0x02111a63)
core   0: 0x80005f50 (0x408b0f33) sub     t5, s6, s0
core   0: 3 0x80005f50 (0x408b0f33) x30 0x012856a1
core   0: 0x80005f54 (0xe6700293) li      t0, -409
core   0: 3 0x80005f54 (0xe6700293) x 5 0xfffffe67
core   0: 0x80005f58 (0xa9d6e3b7) lui     t2, 0xa9d6e
core   0: 3 0x80005f58 (0xa9d6e3b7) x 7 0xa9d6e000
core   0: 0x80005f5c (0x01343eb3) sltu    t4, s0, s3
core   0: 3 0x80005f5c (0x01343eb3) x29 0x00000000
core   0: 0x80005f60 (0x3a254013) xori    zero, a0, 930
core   0: 3 0x80005f60 (0x3a254013)
core   0: 0x80005f64 (0xa379fa13) andi    s4, s3, -1481
core   0: 3 0x80005f64 (0xa379fa13) x20 0x62ee7800
core   0: 0x80005f68 (0x05554063) blt     a0, s5, pc + 64
core   0: 3 0x80005f68 (0x05554063)
core   0: 0x80005f6c (0x40a85c33) sra     s8, a6, a0
core   0: 3 0x80005f6c (0x40a85c33) x24 0x00000001
core   0: 0x80005f70 (0x9f5fcf13) xori    t5, t6, -1547
core   0: 3 0x80005f70 (0x9f5fcf13) x30 0x7ffdb0d3
core   0: 0x80005f74 (0x0000100f) fence.i
core   0: 3 0x80005f74 (0x0000100f)
core   0: 0x80005f78 (0x00bca0b3) slt     ra, s9, a1
core   0: 3 0x80005f78 (0x00bca0b3) x 1 0x00000000
core   0: 0x80005f7c (0x402ad613) srai    a2, s5, 2
core   0: 3 0x80005f7c (0x402ad613) x12 0xff6c04ae
core   0: 0x80005f80 (0x018612b3) sll     t0, a2, s8
core   0: 3 0x80005f80 (0x018612b3) x 5 0xfed8095c
core   0: 0x80005f84 (0x01ee7eb3) and     t4, t3, t5
core   0: 3 0x80005f84 (0x01ee7eb3) x29 0x00000000
core   0: 0x80005f88 (0x017b03b3) add     t2, s6, s7
core   0: 3 0x80005f88 (0x017b03b3) x 7 0x8002ae62
core   0: 0x80005f8c (0x41848db3) sub     s11, s1, s8
core   0: 3 0x80005f8c (0x41848db3) x27 0x80028ce3
core   0: 0x80005f90 (0x01206e63) bltu    zero, s2, pc + 28
core   0: 3 0x80005f90 (0x01206e63)
core   0: 0x80005fac (0x004e1863) bne     t3, tp, pc + 16
core   0: 3 0x80005fac (0x004e1863)
core   0: 0x80005fbc (0x010e1013) slli    zero, t3, 16
core   0: 3 0x80005fbc (0x010e1013)
core   0: 0x80005fc0 (0x4045dd93) srai    s11, a1, 4
core   0: 3 0x80005fc0 (0x4045dd93) x27 0x062ee7d0
core   0: 0x80005fc4 (0x18997a17) auipc   s4, 0x18997
core   0: 3 0x80005fc4 (0x18997a17) x20 0x9899cfc4
core   0: 0x80005fc8 (0x0278d863) bge     a7, t2, pc + 48
core   0: 3 0x80005fc8 (0x0278d863)
core   0: 0x80005ff8 (0x0047d593) srli    a1, a5, 4
core   0: 3 0x80005ff8 (0x0047d593) x11 0x0ffffffe
core   0: 0x80005ffc (0x008e5d33) srl     s10, t3, s0
core   0: 3 0x80005ffc (0x008e5d33) x26 0x00000000
core   0: 0x80006000 (0x0000100f) fence.i
core   0: 3 0x80006000 (0x0000100f)
core   0: 0x80006004 (0x401253b3) sra     t2, tp, ra
core   0: 3 0x80006004 (0x401253b3) x 7 0x024f9360
core   0: 0x80006008 (0x01434e33) xor     t3, t1, s4
core   0: 3 0x80006008 (0x01434e33) x28 0xf83821ac
core   0: 0x8000600c (0x041acd13) xori    s10, s5, 65
core   0: 3 0x8000600c (0x041acd13) x26 0xfdb012fa
core   0: 0x80006010 (0x0ff0000f) fence   iorw,iorw
core   0: 3 0x80006010 (0x0ff0000f)
core   0: 0x80006014 (0x40c75533) sra     a0, a4, a2
core   0: 3 0x80006014 (0x40c75533) x10 0x00000000
core   0: 0x80006018 (0x7b518b13) addi    s6, gp, 1973
core   0: 3 0x80006018 (0x7b518b13) x22 0x024f9b16
core   0: 0x8000601c (0x00f7a733) slt     a4, a5, a5
core   0: 3 0x8000601c (0x00f7a733) x14 0x00000000
core   0: 0x80006020 (0x7b2e2213) slti    tp, t3, 1970
core   0: 3 0x80006020 (0x7b2e2213) x 4 0x00000001
core   0: 0x80006024 (0x05038063) beq     t2, a6, pc + 64
core   0: 3 0x80006024 (0x05038063)
core   0: 0x80006028 (0x0d094f93) xori    t6, s2, 208
core   0: 3 0x80006028 (0x0d094f93) x31 0x8251dc56
core   0: 0x8000602c (0x4131d013) srai    zero, gp, 19
core   0: 3 0x8000602c (0x4131d013)
core   0: 0x80006030 (0x0317f663) bgeu    a5, a7, pc + 44
core   0: 3 0x80006030 (0x0317f663)
core   0: 0x8000605c (0x03688863) beq     a7, s6, pc + 48
core   0: 3 0x8000605c (0x03688863)
core   0: 0x80006060 (0x02a95263) bge     s2, a0, pc + 36
core   0: 3 0x80006060 (0x02a95263)
core   0: 0x80006064 (0x0ff0000f) fence   iorw,iorw
core   0: 3 0x80006064 (0x0ff0000f)
core   0: 0x80006068 (0x01615c93) srli    s9, sp, 22
core   0: 3 0x80006068 (0x01615c93) x25 0x00000000
core   0: 0x8000606c (0x01f7a1b3) slt     gp, a5, t6
core   0: 3 0x8000606c (0x01f7a1b3) x 3 0x00000000
core   0: 0x80006070 (0x0140d093) srli    ra, ra, 20
core   0: 3 0x80006070 (0x0140d093) x 1 0x00000000
core   0: 0x80006074 (0x00199313) slli    t1, s3, 1
core   0: 3 0x80006074 (0x00199313) x 6 0xc5dcfa10
core   0: 0x80006078 (0x08918393) addi    t2, gp, 137
core   0: 3 0x80006078 (0x08918393) x 7 0x00000089
core   0: 0x8000607c (0x00f518b3) sll     a7, a0, a5
core   0: 3 0x8000607c (0x00f518b3) x17 0x00000000
core   0: 0x80006080 (0x0059b833) sltu    a6, s3, t0
core   0: 3 0x80006080 (0x0059b833) x16 0x00000001
core   0: 0x80006084 (0x400d8433) sub     s0, s11, zero
core   0: 3 0x80006084 (0x400d8433) x 8 0x062ee7d0
core   0: 0x80006088 (0x0043f6b3) and     a3, t2, tp
core   0: 3 0x80006088 (0x0043f6b3) x13 0x00000001
core   0: 0x8000608c (0xdae6a593) slti    a1, a3, -594
core   0: 3 0x8000608c (0xdae6a593) x11 0x00000000
core   0: 0x80006090 (0x00bfe863) bltu    t6, a1, pc + 16
core   0: 3 0x80006090 (0x00bfe863)
core   0: 0x80006094 (0x0669e993) ori     s3, s3, 102
core   0: 3 0x80006094 (0x0669e993) x19 0x62ee7d6e
core   0: 0x80006098 (0x00099a33) sll     s4, s3, zero
core   0: 3 0x80006098 (0x00099a33) x20 0x62ee7d6e
core   0: 0x8000609c (0x00492cb3) slt     s9, s2, tp
core   0: 3 0x8000609c (0x00492cb3) x25 0x00000001
core   0: 0x800060a0 (0x023fea63) bltu    t6, gp, pc + 52
core   0: 3 0x800060a0 (0x023fea63)
core   0: 0x800060a4 (0x41740a33) sub     s4, s0, s7
core   0: 3 0x800060a4 (0x41740a33) x20 0x862c996c
core   0: 0x800060a8 (0x01c50433) add     s0, a0, t3
core   0: 3 0x800060a8 (0x01c50433) x 8 0xf83821ac
core   0: 0x800060ac (0x00541f13) slli    t5, s0, 5
core   0: 3 0x800060ac (0x00541f13) x30 0x07043580
core   0: 0x800060b0 (0xd323f593) andi    a1, t2, -718
core   0: 3 0x800060b0 (0xd323f593) x11 0x00000000
core   0: 0x800060b4 (0x01792733) slt     a4, s2, s7
core   0: 3 0x800060b4 (0x01792733) x14 0x00000000
core   0: 0x800060b8 (0x0090c333) xor     t1, ra, s1
core   0: 3 0x800060b8 (0x0090c333) x 6 0x80028ce4
core   0: 0x800060bc (0x014f5993) srli    s3, t5, 20
core   0: 3 0x800060bc (0x014f5993) x19 0x00000070
core   0: 0x800060c0 (0x04f38063) beq     t2, a5, pc + 64
core   0: 3 0x800060c0 (0x04f38063)
core   0: 0x800060c4 (0x00cfd213) srli    tp, t6, 12
core   0: 3 0x800060c4 (0x00cfd213) x 4 0x0008251d
core   0: 0x800060c8 (0x05911863) bne     sp, s9, pc + 80
core   0: 3 0x800060c8 (0x05911863)
core   0: 0x80006118 (0x00b375b3) and     a1, t1, a1
core   0: 3 0x80006118 (0x00b375b3) x11 0x00000000
core   0: 0x8000611c (0x407c5513) srai    a0, s8, 7
core   0: 3 0x8000611c (0x407c5513) x10 0x00000000
core   0: 0x80006120 (0x01f86a33) or      s4, a6, t6
core   0: 3 0x80006120 (0x01f86a33) x20 0x8251dc57
core   0: 0x80006124 (0x04e25463) bge     tp, a4, pc + 72
core   0: 3 0x80006124 (0x04e25463)
core   0: 0x8000616c (0x87d9b013) sltiu   zero, s3, -1923
core   0: 3 0x8000616c (0x87d9b013)
core   0: 0x80006170 (0x2601c2b7) lui     t0, 0x2601c
core   0: 3 0x80006170 (0x2601c2b7) x 5 0x2601c000
core   0: 0x80006174 (0x00771933) sll     s2, a4, t2
core   0: 3 0x80006174 (0x00771933) x18 0x00000000
core   0: 0x80006178 (0x24b71237) lui     tp, 0x24b71
core   0: 3 0x80006178 (0x24b71237) x 4 0x24b71000
core   0: 0x8000617c (0x011d5eb3) srl     t4, s10, a7
core   0: 3 0x8000617c (0x011d5eb3) x29 0xfdb012fa
core   0: 0x80006180 (0x40ba5193) srai    gp, s4, 11
core   0: 3 0x80006180 (0x40ba5193) x 3 0xfff04a3b
core   0: 0x80006184 (0x008406b3) add     a3, s0, s0
core   0: 3 0x80006184 (0x008406b3) x13 0xf0704358
core   0: 0x80006188 (0xc28db913) sltiu   s2, s11, -984
core   0: 3 0x80006188 (0xc28db913) x18 0x00000001
core   0: 0x8000618c (0x004d2033) slt     zero, s10, tp
core   0: 3 0x8000618c (0x004d2033)
core   0: 0x80006190 (0x01122633) slt     a2, tp, a7
core   0: 3 0x80006190 (0x01122633) x12 0x00000000
core   0: 0x80006194 (0x01c13e33) sltu    t3, sp, t3
core   0: 3 0x80006194 (0x01c13e33) x28 0x00000001
core   0: 0x80006198 (0x45a83193) sltiu   gp, a6, 1114
core   0: 3 0x80006198 (0x45a83193) x 3 0x00000001
core   0: 0x8000619c (0x0ff0000f) fence   iorw,iorw
core   0: 3 0x8000619c (0x0ff0000f)
core   0: 0x800061a0 (0x08e7a813) slti    a6, a5, 142
core   0: 3 0x800061a0 (0x08e7a813) x16 0x00000001
core   0: 0x800061a4 (0x02749863) bne     s1, t2, pc + 48
core   0: 3 0x800061a4 (0x02749863)
core   0: 0x800061d4 (0x00000013) nop
core   0: 3 0x800061d4 (0x00000013)
core   0: 0x800061d8 (0x01c73e33) sltu    t3, a4, t3
core   0: 3 0x800061d8 (0x01c73e33) x28 0x00000001
core   0: 0x800061dc (0x000727b3) slt     a5, a4, zero
core   0: 3 0x800061dc (0x000727b3) x15 0x00000000
core   0: 0x800061e0 (0x00e161b3) or      gp, sp, a4
core   0: 3 0x800061e0 (0x00e161b3) x 3 0x000003c3
core   0: 0x800061e4 (0x04709863) bne     ra, t2, pc + 80
core   0: 3 0x800061e4 (0x04709863)
core   0: 0x80006234 (0x5efb4413) xori    s0, s6, 1519
core   0: 3 0x80006234 (0x5efb4413) x 8 0x024f9ef9
core   0: 0x80006238 (0xd41d7e13) andi    t3, s10, -703
core   0: 3 0x80006238 (0xd41d7e13) x28 0xfdb01040
core   0: 0x8000623c (0x413a80b3) sub     ra, s5, s3
core   0: 3 0x8000623c (0x413a80b3) x 1 0xfdb0124b
core   0: 0x80006240 (0x01790eb3) add     t4, s2, s7
core   0: 3 0x80006240 (0x01790eb3) x29 0x80024e65
core   0: 0x80006244 (0x82c24c13) xori    s8, tp, -2004
core   0: 3 0x80006244 (0x82c24c13) x24 0xdb48e82c
core   0: 0x80006248 (0x00eddcb3) srl     s9, s11, a4
core   0: 3 0x80006248 (0x00eddcb3) x25 0x062ee7d0
core   0: 0x8000624c (0x0351fe63) bgeu    gp, s5, pc + 60
core   0: 3 0x8000624c (0x0351fe63)
core   0: 0x80006250 (0x407c07b3) sub     a5, s8, t2
core   0: 3 0x80006250 (0x407c07b3) x15 0xdb48e7a3
core   0: 0x80006254 (0x41985b13) srai    s6, a6, 25
core   0: 3 0x80006254 (0x41985b13) x22 0x00000000
core   0: 0x80006258 (0x41dc5033) sra     zero, s8, t4
core   0: 3 0x80006258 (0x41dc5033)
core   0: 0x8000625c (0x2b4ec693) xori    a3, t4, 692
core   0: 3 0x8000625c (0x2b4ec693) x13 0x80024cd1
core   0: 0x80006260 (0x003cf663) bgeu    s9, gp, pc + 12
core   0: 3 0x80006260 (0x003cf663)
core   0: 0x8000626c (0x0000100f) fence.i
core   0: 3 0x8000626c (0x0000100f)
core   0: 0x80006270 (0x97ed50b7) lui     ra, 0x97ed5
core   0: 3 0x80006270 (0x97ed50b7) x 1 0x97ed5000
core   0: 0x80006274 (0xf495ec93) ori     s9, a1, -183
core   0: 3 0x80006274 (0xf495ec93) x25 0xffffff49
core   0: 0x80006278 (0x00ab6333) or      t1, s6, a0
core   0: 3 0x80006278 (0x00ab6333) x 6 0x00000000
core   0: 0x8000627c (0x0ff0000f) fence   iorw,iorw
core   0: 3 0x8000627c (0x0ff0000f)
core   0: 0x80006280 (0x41565893) srai    a7, a2, 21
core   0: 3 0x80006280 (0x41565893) x17 0x00000000
core   0: 0x80006284 (0x00c6d6b3) srl     a3, a3, a2
core   0: 3 0x80006284 (0x00c6d6b3) x13 0x80024cd1
core   0: 0x80006288 (0x01a09663) bne     ra, s10, pc + 12
core   0: 3 0x80006288 (0x01a09663)
core   0: 0x80006294 (0x41e985b3) sub     a1, s3, t5
core   0: 3 0x80006294 (0x41e985b3) x11 0xf8fbcaf0
core   0: 0x80006298 (0x4470e293) ori     t0, ra, 1095
core   0: 3 0x80006298 (0x4470e293) x 5 0x97ed5447
core   0: 0x8000629c (0x016e0663) beq     t3, s6, pc + 12
core   0: 3 0x8000629c (0x016e0663)
core   0: 0x800062a0 (0x46818937) lui     s2, 0x46818
core   0: 3 0x800062a0 (0x46818937) x18 0x46818000
core   0: 0x800062a4 (0xbd9dafb7) lui     t6, 0xbd9da
core   0: 3 0x800062a4 (0xbd9dafb7) x31 0xbd9da000
core   0: 0x800062a8 (0x37ca3093) sltiu   ra, s4, 892
core   0: 3 0x800062a8 (0x37ca3093) x 1 0x00000000
core   0: 0x800062ac (0xf09f4093) xori    ra, t5, -247
core   0: 3 0x800062ac (0xf09f4093) x 1 0xf8fbca89
core   0: 0x800062b0 (0x91a42c93) slti    s9, s0, -1766
core   0: 3 0x800062b0 (0x91a42c93) x25 0x00000000
core   0: 0x800062b4 (0x01bba533) slt     a0, s7, s11
core   0: 3 0x800062b4 (0x01bba533) x10 0x00000001
core   0: 0x800062b8 (0x003e73b3) and     t2, t3, gp
core   0: 3 0x800062b8 (0x003e73b3) x 7 0x00000040
core   0: 0x800062bc (0x05dad863) bge     s5, t4, pc + 80
core   0: 3 0x800062bc (0x05dad863)
core   0: 0x8000630c (0x00332b33) slt     s6, t1, gp
core   0: 3 0x8000630c (0x00332b33) x22 0x00000001
core   0: 0x80006310 (0x03d60663) beq     a2, t4, pc + 44
core   0: 3 0x80006310 (0x03d60663)
core   0: 0x80006314 (0x4194d213) srai    tp, s1, 25
core   0: 3 0x80006314 (0x4194d213) x 4 0xffffffc0
core   0: 0x80006318 (0x00791033) sll     zero, s2, t2
core   0: 3 0x80006318 (0x00791033)
core   0: 0x8000631c (0x002590b3) sll     ra, a1, sp
core   0: 3 0x8000631c (0x002590b3) x 1 0xc7de5780
core   0: 0x80006320 (0x70857913) andi    s2, a0, 1800
core   0: 3 0x80006320 (0x70857913) x18 0x00000000
core   0: 0x80006324 (0x0ff0000f) fence   iorw,iorw
core   0: 3 0x80006324 (0x0ff0000f)
core   0: 0x80006328 (0x00e16133) or      sp, sp, a4
core   0: 3 0x80006328 (0x00e16133) x 2 0x000003c3
core   0: 0x8000632c (0x00b9cdb3) xor     s11, s3, a1
core   0: 3 0x8000632c (0x00b9cdb3) x27 0xf8fbca80
core   0: 0x80006330 (0x03f60263) beq     a2, t6, pc + 36
core   0: 3 0x80006330 (0x03f60263)
core   0: 0x80006334 (0x911a2237) lui     tp, 0x911a2
core   0: 3 0x80006334 (0x911a2237) x 4 0x911a2000
core   0: 0x80006338 (0x0000100f) fence.i
core   0: 3 0x80006338 (0x0000100f)
core   0: 0x8000633c (0xd3a1f113) andi    sp, gp, -710
core   0: 3 0x8000633c (0xd3a1f113) x 2 0x00000102
core   0: 0x80006340 (0x01a99f33) sll     t5, s3, s10
core   0: 3 0x80006340 (0x01a99f33) x30 0xc0000000
core   0: 0x80006344 (0xa3893693) sltiu   a3, s2, -1480
core   0: 3 0x80006344 (0xa3893693) x13 0x00000001
core   0: 0x80006348 (0x01bd5d33) srl     s10, s10, s11
core   0: 3 0x80006348 (0x01bd5d33) x26 0xfdb012fa
core   0: 0x8000634c (0x74f90293) addi    t0, s2, 1871
core   0: 3 0x8000634c (0x74f90293) x 5 0x0000074f
core   0: 0x80006350 (0x66be7093) andi    ra, t3, 1643
core   0: 3 0x80006350 (0x66be7093) x 1 0x00000040
core   0: 0x80006354 (0x02fa9863) bne     s5, a5, pc + 48
core   0: 3 0x80006354 (0x02fa9863)
core   0: 0x80006384 (0x4378f893) andi    a7, a7, 1079
core   0: 3 0x80006384 (0x4378f893) x17 0x00000000
core   0: 0x80006388 (0x00dd90b3) sll     ra, s11, a3
core   0: 3 0x80006388 (0x00dd90b3) x 1 0xf1f79500
core   0: 0x8000638c (0x058cc263) blt     s9, s8, pc + 68
core   0: 3 0x8000638c (0x058cc263)
core   0: 0x80006390 (0x40b65533) sra     a0, a2, a1
core   0: 3 0x80006390 (0x40b65533) x10 0x00000000
core   0: 0x80006394 (0x41c25833) sra     a6, tp, t3
core   0: 3 0x80006394 (0x41c25833) x16 0x911a2000
core   0: 0x80006398 (0x00000013) nop
core   0: 3 0x80006398 (0x00000013)
core   0: 0x8000639c (0x00b342b3) xor     t0, t1, a1
core   0: 3 0x8000639c (0x00b342b3) x 5 0xf8fbcaf0
core   0: 0x800063a0 (0x3cf7b413) sltiu   s0, a5, 975
core   0: 3 0x800063a0 (0x3cf7b413) x 8 0x00000000
core   0: 0x800063a4 (0x0000100f) fence.i
core   0: 3 0x800063a4 (0x0000100f)
core   0: 0x800063a8 (0xf36af593) andi    a1, s5, -202
core   0: 3 0x800063a8 (0xf36af593) x11 0xfdb01232
core   0: 0x800063ac (0x04c1f463) bgeu    gp, a2, pc + 72
core   0: 3 0x800063ac (0x04c1f463)
core   0: 0x800063f4 (0x00d06333) or      t1, zero, a3
core   0: 3 0x800063f4 (0x00d06333) x 6 0x00000001
core   0: 0x800063f8 (0x01211513) slli    a0, sp, 18
core   0: 3 0x800063f8 (0x01211513) x10 0x04080000
core   0: 0x800063fc (0x01b78033) add     zero, a5, s11
core   0: 3 0x800063fc (0x01b78033)
core   0: 0x80006400 (0x1b6d4893) xori    a7, s10, 438
core   0: 3 0x80006400 (0x1b6d4893) x17 0xfdb0134c
core   0: 0x80006404 (0x01a629b3) slt     s3, a2, s10
core   0: 3 0x80006404 (0x01a629b3) x19 0x00000000
core   0: 0x80006408 (0x00eaa6b3) slt     a3, s5, a4
core   0: 3 0x80006408 (0x00eaa6b3) x13 0x00000001
core   0: 0x8000640c (0x9685e213) ori     tp, a1, -1688
core   0: 3 0x8000640c (0x9685e213) x 4 0xfffffb7a
core   0: 0x80006410 (0xefa1e413) ori     s0, gp, -262
core   0: 3 0x80006410 (0xefa1e413) x 8 0xfffffffb
core   0: 0x80006414 (0x8d927397) auipc   t2, 0x8d927
core   0: 3 0x80006414 (0x8d927397) x 7 0x0d92d414
core   0: 0x80006418 (0x04f48093) addi    ra, s1, 79
core   0: 3 0x80006418 (0x04f48093) x 1 0x80028d33
core   0: 0x8000641c (0xfe56fa13) andi    s4, a3, -27
core   0: 3 0x8000641c (0xfe56fa13) x20 0x00000001
core   0: 0x80006420 (0x0000100f) fence.i
core   0: 3 0x80006420 (0x0000100f)
core   0: 0x80006424 (0x40cb5d93) srai    s11, s6, 12
core   0: 3 0x80006424 (0x40cb5d93) x27 0x00000000
core   0: 0x80006428 (0x00a8f133) and     sp, a7, a0
core   0: 3 0x80006428 (0x00a8f133) x 2 0x04000000
core   0: 0x8000642c (0x01e88cb3) add     s9, a7, t5
core   0: 3 0x8000642c (0x01e88cb3) x25 0xbdb0134c
core   0: 0x80006430 (0x0000100f) fence.i
core   0: 3 0x80006430 (0x0000100f)
core   0: 0x80006434 (0x4918be13) sltiu   t3, a7, 1169
core   0: 3 0x80006434 (0x4918be13) x28 0x00000000
core   0: 0x80006438 (0x00102a33) slt     s4, zero, ra
core   0: 3 0x80006438 (0x00102a33) x20 0x00000000
core   0: 0x8000643c (0x00425c33) srl     s8, tp, tp
core   0: 3 0x8000643c (0x00425c33) x24 0x0000003f
core   0: 0x80006440 (0x4d9be813) ori     a6, s7, 1241
core   0: 3 0x80006440 (0x4d9be813) x16 0x80024efd
core   0: 0x80006444 (0x013bb0b3) sltu    ra, s7, s3
core   0: 3 0x80006444 (0x013bb0b3) x 1 0x00000000
core   0: 0x80006448 (0x0ff0000f) fence   iorw,iorw
core   0: 3 0x80006448 (0x0ff0000f)
core   0: 0x8000644c (0x00afc1b3) xor     gp, t6, a0
core   0: 3 0x8000644c (0x00afc1b3) x 3 0xb995a000
core   0: 0x80006450 (0x40965eb3) sra     t4, a2, s1
core   0: 3 0x80006450 (0x40965eb3) x29 0x00000000
core   0: 0x80006454 (0x014622b3) slt     t0, a2, s4
core   0: 3 0x80006454 (0x014622b3) x 5 0x00000000
core   0: 0x80006458 (0x01f29863) bne     t0, t6, pc + 16
core   0: 3 0x80006458 (0x01f29863)
core   0: 0x80006468 (0x00cce433) or      s0, s9, a2
core   0: 3 0x80006468 (0x00cce433) x 8 0xbdb0134c
core   0: 0x8000646c (0x002e7e33) and     t3, t3, sp
core   0: 3 0x8000646c (0x002e7e33) x28 0x00000000
core   0: 0x80006470 (0xcc134793) xori    a5, t1, -831
core   0: 3 0x80006470 (0xcc134793) x15 0xfffffcc0
core   0: 0x80006474 (0xecf9a437) lui     s0, 0xecf9a
core   0: 3 0x80006474 (0xecf9a437) x 8 0xecf9a000
core   0: 0x80006478 (0x4032d2b3) sra     t0, t0, gp
core   0: 3 0x80006478 (0x4032d2b3) x 5 0x00000000
core   0: 0x8000647c (0xa6cd6097) auipc   ra, 0xa6cd6
core   0: 3 0x8000647c (0xa6cd6097) x 1 0x26cdc47c
core   0: 0x80006480 (0x0049f863) bgeu    s3, tp, pc + 16
core   0: 3 0x80006480 (0x0049f863)
core   0: 0x80006484 (0x297f3013) sltiu   zero, t5, 663
core   0: 3 0x80006484 (0x297f3013)
core   0: 0x80006488 (0x00401fb3) sll     t6, zero, tp
core   0: 3 0x80006488 (0x00401fb3) x31 0x00000000
core   0: 0x8000648c (0x00000013) nop
core   0: 3 0x8000648c (0x00000013)
core   0: 0x80006490 (0xb447c893) xori    a7, a5, -1212
core   0: 3 0x80006490 (0xb447c893) x17 0x00000784
core   0: 0x80006494 (0x0000100f) fence.i
core   0: 3 0x80006494 (0x0000100f)
core   0: 0x80006498 (0x013f1893) slli    a7, t5, 19
core   0: 3 0x80006498 (0x013f1893) x17 0x00000000
core   0: 0x8000649c (0x40328833) sub     a6, t0, gp
core   0: 3 0x8000649c (0x40328833) x16 0x466a6000
core   0: 0x800064a0 (0x00a67e33) and     t3, a2, a0
core   0: 3 0x800064a0 (0x00a67e33) x28 0x00000000
core   0: 0x800064a4 (0x00e2fc33) and     s8, t0, a4
core   0: 3 0x800064a4 (0x00e2fc33) x24 0x00000000
core   0: 0x800064a8 (0x553a3b17) auipc   s6, 0x553a3
core   0: 3 0x800064a8 (0x553a3b17) x22 0xd53a94a8
core   0: 0x800064ac (0x5b525417) auipc   s0, 0x5b525
core   0: 3 0x800064ac (0x5b525417) x 8 0xdb52b4ac
core   0: 0x800064b0 (0x008e1c93) slli    s9, t3, 8
core   0: 3 0x800064b0 (0x008e1c93) x25 0x00000000
core   0: 0x800064b4 (0x3faa9717) auipc   a4, 0x3faa9
core   0: 3 0x800064b4 (0x3faa9717) x14 0xbfaaf4b4
core   0: 0x800064b8 (0x0ff0000f) fence   iorw,iorw
core   0: 3 0x800064b8 (0x0ff0000f)
core   0: 0x800064bc (0x0067a0b3) slt     ra, a5, t1
core   0: 3 0x800064bc (0x0067a0b3) x 1 0x00000001
core   0: 0x800064c0 (0xdde8ff37) lui     t5, 0xdde8f
core   0: 3 0x800064c0 (0xdde8ff37) x30 0xdde8f000
core   0: 0x800064c4 (0x009daeb3) slt     t4, s11, s1
core   0: 3 0x800064c4 (0x009daeb3) x29 0x00000000
core   0: 0x800064c8 (0x00e75c93) srli    s9, a4, 14
core   0: 3 0x800064c8 (0x00e75c93) x25 0x0002feab
core   0: 0x800064cc (0x01011db3) sll     s11, sp, a6
core   0: 3 0x800064cc (0x01011db3) x27 0x04000000
core   0: 0x800064d0 (0x00f98db3) add     s11, s3, a5
core   0: 3 0x800064d0 (0x00f98db3) x27 0xfffffcc0
core   0: 0x800064d4 (0xed0f5037) lui     zero, 0xed0f5
core   0: 3 0x800064d4 (0xed0f5037)
core   0: 0x800064d8 (0xd8a37993) andi    s3, t1, -630
core   0: 3 0x800064d8 (0xd8a37993) x19 0x00000000
core   0: 0x800064dc (0x004edf33) srl     t5, t4, tp
core   0: 3 0x800064dc (0x004edf33) x30 0x00000000
core   0: 0x800064e0 (0x04964863) blt     a2, s1, pc + 80
core   0: 3 0x800064e0 (0x04964863)
core   0: 0x800064e4 (0x01f7f2b3) and     t0, a5, t6
core   0: 3 0x800064e4 (0x01f7f2b3) x 5 0x00000000
core   0: 0x800064e8 (0xa7b20313) addi    t1, tp, -1413
core   0: 3 0x800064e8 (0xa7b20313) x 6 0xfffff5f5
core   0: 0x800064ec (0x29b46093) ori     ra, s0, 667
core   0: 3 0x800064ec (0x29b46093) x 1 0xdb52b6bf
core   0: 0x800064f0 (0x016b1c63) bne     s6, s6, pc + 24
core   0: 3 0x800064f0 (0x016b1c63)
core   0: 0x800064f4 (0x58d2a893) slti    a7, t0, 1421
core   0: 3 0x800064f4 (0x58d2a893) x17 0x00000001
core   0: 0x800064f8 (0x0e902413) slti    s0, zero, 233
core   0: 3 0x800064f8 (0x0e902413) x 8 0x00000001
core   0: 0x800064fc (0x534c6893) ori     a7, s8, 1332
core   0: 3 0x800064fc (0x534c6893) x17 0x00000534
core   0: 0x80006500 (0x00e9dd93) srli    s11, s3, 14
core   0: 3 0x80006500 (0x00e9dd93) x27 0x00000000
core   0: 0x80006504 (0xab5600b7) lui     ra, 0xab560
core   0: 3 0x80006504 (0xab5600b7) x 1 0xab560000
core   0: 0x80006508 (0xb078c993) xori    s3, a7, -1273
core   0: 3 0x80006508 (0xb078c993) x19 0xfffffe33
core   0: 0x8000650c (0x07d86613) ori     a2, a6, 125
core   0: 3 0x8000650c (0x07d86613) x12 0x466a607d
core   0: 0x80006510 (0x4b435937) lui     s2, 0x4b435
core   0: 3 0x80006510 (0x4b435937) x18 0x4b435000
core   0: 0x80006514 (0x006a5133) srl     sp, s4, t1
core   0: 3 0x80006514 (0x006a5133) x 2 0x00000000
core   0: 0x80006518 (0x0ff0000f) fence   iorw,iorw
core   0: 3 0x80006518 (0x0ff0000f)
core   0: 0x8000651c (0x01dfe9b3) or      s3, t6, t4
core   0: 3 0x8000651c (0x01dfe9b3) x19 0x00000000
core   0: 0x80006520 (0x8c2a6f13) ori     t5, s4, -1854
core   0: 3 0x80006520 (0x8c2a6f13) x30 0xfffff8c2
core   0: 0x80006524 (0x40318233) sub     tp, gp, gp
core   0: 3 0x80006524 (0x40318233) x 4 0x00000000
core   0: 0x80006528 (0x409355b3) sra     a1, t1, s1
core   0: 3 0x80006528 (0x409355b3) x11 0xffffff5f
core   0: 0x8000652c (0x0ff0000f) fence   iorw,iorw
core   0: 3 0x8000652c (0x0ff0000f)
core   0: 0x80006530 (0x00e56633) or      a2, a0, a4
core   0: 3 0x80006530 (0x00e56633) x12 0xbfaaf4b4
core   0: 0x80006534 (0x5b56ce93) xori    t4, a3, 1461
core   0: 3 0x80006534 (0x5b56ce93) x29 0x000005b4
core   0: 0x80006538 (0x00e3bcb3) sltu    s9, t2, a4
core   0: 3 0x80006538 (0x00e3bcb3) x25 0x00000001
core   0: 0x8000653c (0x00b3d233) srl     tp, t2, a1
core   0: 3 0x8000653c (0x00b3d233) x 4 0x00000000
core   0: 0x80006540 (0x4148db33) sra     s6, a7, s4
core   0: 3 0x80006540 (0x4148db33) x22 0x00000534
core   0: 0x80006544 (0x2a6d8913) addi    s2, s11, 678
core   0: 3 0x80006544 (0x2a6d8913) x18 0x000002a6
core   0: 0x80006548 (0xb7b9d9b7) lui     s3, 0xb7b9d
core   0: 3 0x80006548 (0xb7b9d9b7) x19 0xb7b9d000
core   0: 0x8000654c (0x011efc33) and     s8, t4, a7
core   0: 3 0x8000654c (0x011efc33) x24 0x00000534
core   0: 0x80006550 (0x0151afb3) slt     t6, gp, s5
core   0: 3 0x80006550 (0x0151afb3) x31 0x00000001
core   0: 0x80006554 (0x01ff65b3) or      a1, t5, t6
core   0: 3 0x80006554 (0x01ff65b3) x11 0xfffff8c3
core   0: 0x80006558 (0x050f1463) bne     t5, a6, pc + 72
core   0: 3 0x80006558 (0x050f1463)
core   0: 0x800065a0 (0xec654a13) xori    s4, a0, -314
core   0: 3 0x800065a0 (0xec654a13) x20 0xfbf7fec6
core   0: 0x800065a4 (0x0153c833) xor     a6, t2, s5
core   0: 3 0x800065a4 (0x0153c833) x16 0xf022c6af
core   0: 0x800065a8 (0x5c254e93) xori    t4, a0, 1474
core   0: 3 0x800065a8 (0x5c254e93) x29 0x040805c2
core   0: 0x800065ac (0x00a59f93) slli    t6, a1, 10
core   0: 3 0x800065ac (0x00a59f93) x31 0xffe30c00
core   0: 0x800065b0 (0x01307e63) bgeu    zero, s3, pc + 28
core   0: 3 0x800065b0 (0x01307e63)
core   0: 0x800065b4 (0x0c94e463) bltu    s1, s1, pc + 200
core   0: 3 0x800065b4 (0x0c94e463)
core   0: 0x800065b8 (0x41a4db33) sra     s6, s1, s10
core   0: 3 0x800065b8 (0x41a4db33) x22 0xffffffe0
core   0: 0x800065bc (0x017e5863) bge     t3, s7, pc + 16
core   0: 3 0x800065bc (0x017e5863)
core   0: 0x800065cc (0x2c896093) ori     ra, s2, 712
core   0: 3 0x800065cc (0x2c896093) x 1 0x000002ee
core   0: 0x800065d0 (0x09439063) bne     t2, s4, pc + 128
core   0: 3 0x800065d0 (0x09439063)
core   0: 0x80006650 (0x013d7e63) bgeu    s10, s3, pc + 28
core   0: 3 0x80006650 (0x013d7e63)
core   0: 0x8000666c (0x011d8db3) add     s11, s11, a7
core   0: 3 0x8000666c (0x011d8db3) x27 0x00000534
core   0: 0x80006670 (0x0000100f) fence.i
core   0: 3 0x80006670 (0x0000100f)
core   0: 0x80006674 (0x05d70063) beq     a4, t4, pc + 64
core   0: 3 0x80006674 (0x05d70063)
core   0: 0x80006678 (0x012ce3b3) or      t2, s9, s2
core   0: 3 0x80006678 (0x012ce3b3) x 7 0x000002a7
core   0: 0x8000667c (0x460acc13) xori    s8, s5, 1120
core   0: 3 0x8000667c (0x460acc13) x24 0xfdb016db
core   0: 0x80006680 (0xa4a48713) addi    a4, s1, -1462
core   0: 3 0x80006680 (0xa4a48713) x14 0x8002872e
core   0: 0x80006684 (0x412b06b3) sub     a3, s6, s2
core   0: 3 0x80006684 (0x412b06b3) x13 0xfffffd3a
core   0: 0x80006688 (0x1b148293) addi    t0, s1, 433
core   0: 3 0x80006688 (0x1b148293) x 5 0x80028e95
core   0: 0x8000668c (0x00c8fe63) bgeu    a7, a2, pc + 28
core   0: 3 0x8000668c (0x00c8fe63)
core   0: 0x80006690 (0x7442ce17) auipc   t3, 0x7442c
core   0: 3 0x80006690 (0x7442ce17) x28 0xf4432690
core   0: 0x80006694 (0x00000013) nop
core   0: 3 0x80006694 (0x00000013)
core   0: 0x80006698 (0x59b0b537) lui     a0, 0x59b0b
core   0: 3 0x80006698 (0x59b0b537) x10 0x59b0b000
core   0: 0x8000669c (0x00408233) add     tp, ra, tp
core   0: 3 0x8000669c (0x00408233) x 4 0x000002ee
core   0: 0x800066a0 (0xc77e0917) auipc   s2, 0xc77e0
core   0: 3 0x800066a0 (0xc77e0917) x18 0x477e66a0
core   0: 0x800066a4 (0xeed66a13) ori     s4, a2, -275
core   0: 3 0x800066a4 (0xeed66a13) x20 0xfffffefd
core   0: 0x800066a8 (0x0ff0000f) fence   iorw,iorw
core   0: 3 0x800066a8 (0x0ff0000f)
core   0: 0x800066ac (0x05ece463) bltu    s9, t5, pc + 72
core   0: 3 0x800066ac (0x05ece463)
core   0: 0x800066f4 (0x00e80cb3) add     s9, a6, a4
core   0: 3 0x800066f4 (0x00e80cb3) x25 0x70254ddd
core   0: 0x800066f8 (0x006cdc63) bge     s9, t1, pc + 24
core   0: 3 0x800066f8 (0x006cdc63)
core   0: 0x80006710 (0x2d41a793) slti    a5, gp, 724
core   0: 3 0x80006710 (0x2d41a793) x15 0x00000001
core   0: 0x80006714 (0x01b638b3) sltu    a7, a2, s11
core   0: 3 0x80006714 (0x01b638b3) x17 0x00000000
core   0: 0x80006718 (0xa73d6397) auipc   t2, 0xa73d6
core   0: 3 0x80006718 (0xa73d6397) x 7 0x273dc718
core   0: 0x8000671c (0x019d90b3) sll     ra, s11, s9
core   0: 3 0x8000671c (0x019d90b3) x 1 0x80000000
core   0: 0x80006720 (0x7b5e8693) addi    a3, t4, 1973
core   0: 3 0x80006720 (0x7b5e8693) x13 0x04080d77
core   0: 0x80006724 (0x0ff0000f) fence   iorw,iorw
core   0: 3 0x80006724 (0x0ff0000f)
core   0: 0x80006728 (0x40165b33) sra     s6, a2, ra
core   0: 3 0x80006728 (0x40165b33) x22 0xbfaaf4b4
core   0: 0x8000672c (0x052c0463) beq     s8, s2, pc + 72
core   0: 3 0x8000672c (0x052c0463)
core   0: 0x80006730 (0x00d06533) or      a0, zero, a3
core   0: 3 0x80006730 (0x00d06533) x10 0x04080d77
core   0: 0x80006734 (0x01b1f3b3) and     t2, gp, s11
core   0: 3 0x80006734 (0x01b1f3b3) x 7 0x00000000
core   0: 0x80006738 (0x00000013) nop
core   0: 3 0x80006738 (0x00000013)
core   0: 0x8000673c (0x014b43b3) xor     t2, s6, s4
core   0: 3 0x8000673c (0x014b43b3) x 7 0x40550a49
core   0: 0x80006740 (0x05311463) bne     sp, s3, pc + 72
core   0: 3 0x80006740 (0x05311463)
core   0: 0x80006788 (0x018aad33) slt     s10, s5, s8
core   0: 3 0x80006788 (0x018aad33) x26 0x00000001
core   0: 0x8000678c (0x019bb9b3) sltu    s3, s7, s9
core   0: 3 0x8000678c (0x019bb9b3) x19 0x00000000
core   0: 0x80006790 (0x4c92d5b7) lui     a1, 0x4c92d
core   0: 3 0x80006790 (0x4c92d5b7) x11 0x4c92d000
core   0: 0x80006794 (0x0000100f) fence.i
core   0: 3 0x80006794 (0x0000100f)
core   0: 0x80006798 (0x5532a693) slti    a3, t0, 1363
core   0: 3 0x80006798 (0x5532a693) x13 0x00000001
core   0: 0x8000679c (0x00000013) nop
core   0: 3 0x8000679c (0x00000013)
core   0: 0x800067a0 (0x00000013) nop
core   0: 3 0x800067a0 (0x00000013)
core   0: 0x800067a4 (0x00791663) bne     s2, t2, pc + 12
core   0: 3 0x800067a4 (0x00791663)
core   0: 0x800067b0 (0x015d8cb3) add     s9, s11, s5
core   0: 3 0x800067b0 (0x015d8cb3) x25 0xfdb017ef
core   0: 0x800067b4 (0x0000100f) fence.i
core   0: 3 0x800067b4 (0x0000100f)
core   0: 0x800067b8 (0x01d6dfb3) srl     t6, a3, t4
core   0: 3 0x800067b8 (0x01d6dfb3) x31 0x00000000
core   0: 0x800067bc (0x00000013) nop
core   0: 3 0x800067bc (0x00000013)
core   0: 0x800067c0 (0xc0fc4513) xori    a0, s8, -1009
core   0: 3 0x800067c0 (0xc0fc4513) x10 0x024fead4
core   0: 0x800067c4 (0x41ae0f33) sub     t5, t3, s10
core   0: 3 0x800067c4 (0x41ae0f33) x30 0xf443268f
core   0: 0x800067c8 (0x00000013) nop
core   0: 3 0x800067c8 (0x00000013)
core   0: 0x800067cc (0x00d5fb33) and     s6, a1, a3
core   0: 3 0x800067cc (0x00d5fb33) x22 0x00000000
core   0: 0x800067d0 (0x0089b633) sltu    a2, s3, s0
core   0: 3 0x800067d0 (0x0089b633) x12 0x00000001
core   0: 0x800067d4 (0x0ff0000f) fence   iorw,iorw
core   0: 3 0x800067d4 (0x0ff0000f)
core   0: 0x800067d8 (0x0ff0000f) fence   iorw,iorw
core   0: 3 0x800067d8 (0x0ff0000f)
core   0: 0x800067dc (0x01782517) auipc   a0, 0x1782
core   0: 3 0x800067dc (0x01782517) x10 0x817887dc
core   0: 0x800067e0 (0x01c7afb3) slt     t6, a5, t3
core   0: 3 0x800067e0 (0x01c7afb3) x31 0x00000000
core   0: 0x800067e4 (0x025c4263) blt     s8, t0, pc + 36
core   0: 3 0x800067e4 (0x025c4263)
core   0: 0x800067e8 (0x003e4863) blt     t3, gp, pc + 16
core   0: 3 0x800067e8 (0x003e4863)
core   0: 0x800067ec (0x016e07b3) add     a5, t3, s6
core   0: 3 0x800067ec (0x016e07b3) x15 0xf4432690
core   0: 0x800067f0 (0xe645e913) ori     s2, a1, -412
core   0: 3 0x800067f0 (0xe645e913) x18 0xfffffe64
core   0: 0x800067f4 (0x04d25863) bge     tp, a3, pc + 80
core   0: 3 0x800067f4 (0x04d25863)
core   0: 0x80006844 (0x41770d33) sub     s10, a4, s7
core   0: 3 0x80006844 (0x41770d33) x26 0x000038ca
core   0: 0x80006848 (0x00bf1d93) slli    s11, t5, 11
core   0: 3 0x80006848 (0x00bf1d93) x27 0x19347800
core   0: 0x8000684c (0xb115fd93) andi    s11, a1, -1263
core   0: 3 0x8000684c (0xb115fd93) x27 0x4c92d000
core   0: 0x80006850 (0x09ef5463) bge     t5, t5, pc + 136
core   0: 3 0x80006850 (0x09ef5463)
core   0: 0x800068d8 (0x9d760f93) addi    t6, a2, -1577
core   0: 3 0x800068d8 (0x9d760f93) x31 0xfffff9d8
core   0: 0x800068dc (0x01027c63) bgeu    tp, a6, pc + 24
core   0: 3 0x800068dc (0x01027c63)
core   0: 0x800068e0 (0x0ff0000f) fence   iorw,iorw
core   0: 3 0x800068e0 (0x0ff0000f)
core   0: 0x800068e4 (0x00815893) srli    a7, sp, 8
core   0: 3 0x800068e4 (0x00815893) x17 0x00000000
core   0: 0x800068e8 (0x4031dc93) srai    s9, gp, 3
core   0: 3 0x800068e8 (0x4031dc93) x25 0xf732b400
core   0: 0x800068ec (0xaea28e13) addi    t3, t0, -1302
core   0: 3 0x800068ec (0xaea28e13) x28 0x8002897f
core   0: 0x800068f0 (0x00ac30b3) sltu    ra, s8, a0
core   0: 3 0x800068f0 (0x00ac30b3) x 1 0x00000000
core   0: 0x800068f4 (0x00e03cb3) snez    s9, a4
core   0: 3 0x800068f4 (0x00e03cb3) x25 0x00000001
core   0: 0x800068f8 (0x0000100f) fence.i
core   0: 3 0x800068f8 (0x0000100f)
core   0: 0x800068fc (0x02699863) bne     s3, t1, pc + 48
core   0: 3 0x800068fc (0x02699863)
core   0: 0x8000692c (0x01f49533) sll     a0, s1, t6
core   0: 3 0x8000692c (0x01f49533) x10 0xe4000000
core   0: 0x80006930 (0x61f2a513) slti    a0, t0, 1567
core   0: 3 0x80006930 (0x61f2a513) x10 0x00000001
core   0: 0x80006934 (0x0000100f) fence.i
core   0: 3 0x80006934 (0x0000100f)
core   0: 0x80006938 (0x00017633) and     a2, sp, zero
core   0: 3 0x80006938 (0x00017633) x12 0x00000000
core   0: 0x8000693c (0x50f38393) addi    t2, t2, 1295
core   0: 3 0x8000693c (0x50f38393) x 7 0x40550f58
core   0: 0x80006940 (0x39424c17) auipc   s8, 0x39424
core   0: 3 0x80006940 (0x39424c17) x24 0xb942a940
core   0: 0x80006944 (0x017295b3) sll     a1, t0, s7
core   0: 3 0x80006944 (0x017295b3) x11 0x0028e950
core   0: 0x80006948 (0x01bed593) srli    a1, t4, 27
core   0: 3 0x80006948 (0x01bed593) x11 0x00000000
core   0: 0x8000694c (0x0ff0000f) fence   iorw,iorw
core   0: 3 0x8000694c (0x0ff0000f)
core   0: 0x80006950 (0x407d5513) srai    a0, s10, 7
core   0: 3 0x80006950 (0x407d5513) x10 0x00000071
core   0: 0x80006954 (0x0105f463) bgeu    a1, a6, pc + 8
core   0: 3 0x80006954 (0x0105f463)
core   0: 0x80006958 (0x01458fb3) add     t6, a1, s4
core   0: 3 0x80006958 (0x01458fb3) x31 0xfffffefd
core   0: 0x8000695c (0x5daf6d93) ori     s11, t5, 1498
core   0: 3 0x8000695c (0x5daf6d93) x27 0xf44327df
core   0: 0x80006960 (0x40ad83b3) sub     t2, s11, a0
core   0: 3 0x80006960 (0x40ad83b3) x 7 0xf443276e
core   0: 0x80006964 (0x01791663) bne     s2, s7, pc + 12
core   0: 3 0x80006964 (0x01791663)
core   0: 0x80006970 (0x052bc863) blt     s7, s2, pc + 80
core   0: 3 0x80006970 (0x052bc863)
core   0: 0x800069c0 (0x40e65413) srai    s0, a2, 14
core   0: 3 0x800069c0 (0x40e65413) x 8 0x00000000
core   0: 0x800069c4 (0x0553f863) bgeu    t2, s5, pc + 80
core   0: 3 0x800069c4 (0x0553f863)
core   0: 0x800069c8 (0x02bcc263) blt     s9, a1, pc + 36
core   0: 3 0x800069c8 (0x02bcc263)
core   0: 0x800069cc (0x00a29b13) slli    s6, t0, 10
core   0: 3 0x800069cc (0x00a29b13) x22 0x0a3a5400
core   0: 0x800069d0 (0x00ae79b3) and     s3, t3, a0
core   0: 3 0x800069d0 (0x00ae79b3) x19 0x00000071
core   0: 0x800069d4 (0x95eaa697) auipc   a3, 0x95eaa
core   0: 3 0x800069d4 (0x95eaa697) x13 0x15eb09d4
core   0: 0x800069d8 (0x4f402237) lui     tp, 0x4f402
core   0: 3 0x800069d8 (0x4f402237) x 4 0x4f402000
core   0: 0x800069dc (0x816a5617) auipc   a2, 0x816a5
core   0: 3 0x800069dc (0x816a5617) x12 0x016ab9dc
core   0: 0x800069e0 (0x00000013) nop
core   0: 3 0x800069e0 (0x00000013)
core   0: 0x800069e4 (0x01658633) add     a2, a1, s6
core   0: 3 0x800069e4 (0x01658633) x12 0x0a3a5400
core   0: 0x800069e8 (0x003f9a33) sll     s4, t6, gp
core   0: 3 0x800069e8 (0x003f9a33) x20 0xfffffefd
core   0: 0x800069ec (0x01fcf9b3) and     s3, s9, t6
core   0: 3 0x800069ec (0x01fcf9b3) x19 0x00000001
core   0: 0x800069f0 (0x24a8af13) slti    t5, a7, 586
core   0: 3 0x800069f0 (0x24a8af13) x30 0x00000001
core   0: 0x800069f4 (0x01d9d913) srli    s2, s3, 29
core   0: 3 0x800069f4 (0x01d9d913) x18 0x00000000
core   0: 0x800069f8 (0xdc1eaf93) slti    t6, t4, -575
core   0: 3 0x800069f8 (0xdc1eaf93) x31 0x00000000
core   0: 0x800069fc (0x039be863) bltu    s7, s9, pc + 48
core   0: 3 0x800069fc (0x039be863)
core   0: 0x80006a00 (0x409e8233) sub     tp, t4, s1
core   0: 3 0x80006a00 (0x409e8233) x 4 0x840578de
core   0: 0x80006a04 (0x0138fcb3) and     s9, a7, s3
core   0: 3 0x80006a04 (0x0138fcb3) x25 0x00000000
core   0: 0x80006a08 (0x01d7b233) sltu    tp, a5, t4
core   0: 3 0x80006a08 (0x01d7b233) x 4 0x00000000
core   0: 0x80006a0c (0x044d5463) bge     s10, tp, pc + 72
core   0: 3 0x80006a0c (0x044d5463)
core   0: 0x80006a54 (0x00000013) nop
core   0: 3 0x80006a54 (0x00000013)
core   0: 0x80006a58 (0xe63d5817) auipc   a6, 0xe63d5
core   0: 3 0x80006a58 (0xe63d5817) x16 0x663dba58
core   0: 0x80006a5c (0x00100863) beq     zero, ra, pc + 16
core   0: 3 0x80006a5c (0x00100863)
core   0: 0x80006a6c (0x0ff0000f) fence   iorw,iorw
core   0: 3 0x80006a6c (0x0ff0000f)
core   0: 0x80006a70 (0xe1d7f693) andi    a3, a5, -483
core   0: 3 0x80006a70 (0xe1d7f693) x13 0xf4432610
core   0: 0x80006a74 (0xd5ccbb17) auipc   s6, 0xd5ccb
core   0: 3 0x80006a74 (0xd5ccbb17) x22 0x55cd1a74
core   0: 0x80006a78 (0x0ff0000f) fence   iorw,iorw
core   0: 3 0x80006a78 (0x0ff0000f)
core   0: 0x80006a7c (0x40d20fb3) sub     t6, tp, a3
core   0: 3 0x80006a7c (0x40d20fb3) x31 0x0bbcd9f0
core   0: 0x80006a80 (0x018c5b33) srl     s6, s8, s8
core   0: 3 0x80006a80 (0x018c5b33) x22 0xb942a940
core   0: 0x80006a84 (0x02b37863) bgeu    t1, a1, pc + 48
core   0: 3 0x80006a84 (0x02b37863)
core   0: 0x80006ab4 (0x01eb1593) slli    a1, s6, 30
core   0: 3 0x80006ab4 (0x01eb1593) x11 0x00000000
core   0: 0x80006ab8 (0x4400d717) auipc   a4, 0x4400d
core   0: 3 0x80006ab8 (0x4400d717) x14 0xc4013ab8
core   0: 0x80006abc (0x00635db3) srl     s11, t1, t1
core   0: 3 0x80006abc (0x00635db3) x27 0x000007ff
core   0: 0x80006ac0 (0x0000100f) fence.i
core   0: 3 0x80006ac0 (0x0000100f)
core   0: 0x80006ac4 (0xd90e4713) xori    a4, t3, -624
core   0: 3 0x80006ac4 (0xd90e4713) x14 0x7ffd74ef
core   0: 0x80006ac8 (0x055cfc13) andi    s8, s9, 85
core   0: 3 0x80006ac8 (0x055cfc13) x24 0x00000000
core   0: 0x80006acc (0x007c2b33) slt     s6, s8, t2
core   0: 3 0x80006acc (0x007c2b33) x22 0x00000000
core   0: 0x80006ad0 (0x00000013) nop
core   0: 3 0x80006ad0 (0x00000013)
core   0: 0x80006ad4 (0x00591193) slli    gp, s2, 5
core   0: 3 0x80006ad4 (0x00591193) x 3 0x00000000
core   0: 0x80006ad8 (0x0ad73193) sltiu   gp, a4, 173
core   0: 3 0x80006ad8 (0x0ad73193) x 3 0x00000000
core   0: 0x80006adc (0xd6757517) auipc   a0, 0xd6757
core   0: 3 0x80006adc (0xd6757517) x10 0x5675dadc
core   0: 0x80006ae0 (0x03e2f663) bgeu    t0, t5, pc + 44
core   0: 3 0x80006ae0 (0x03e2f663)
core   0: 0x80006b0c (0x0429f263) bgeu    s3, sp, pc + 68
core   0: 3 0x80006b0c (0x0429f263)
core   0: 0x80006b50 (0xc7584c93) xori    s9, a6, -907
core   0: 3 0x80006b50 (0xc7584c93) x25 0x99c2462d
core   0: 0x80006b54 (0x05959463) bne     a1, s9, pc + 72
core   0: 3 0x80006b54 (0x05959463)
core   0: 0x80006b9c (0xa79a6693) ori     a3, s4, -1415
core   0: 3 0x80006b9c (0xa79a6693) x13 0xfffffefd
core   0: 0x80006ba0 (0x0106de63) bge     a3, a6, pc + 28
core   0: 3 0x80006ba0 (0x0106de63)
core   0: 0x80006ba4 (0xe7c0b417) auipc   s0, 0xe7c0b
core   0: 3 0x80006ba4 (0xe7c0b417) x 8 0x67c11ba4
core   0: 0x80006ba8 (0x00bd43b3) xor     t2, s10, a1
core   0: 3 0x80006ba8 (0x00bd43b3) x 7 0x000038ca
core   0: 0x80006bac (0xdc21c293) xori    t0, gp, -574
core   0: 3 0x80006bac (0xdc21c293) x 5 0xfffffdc2
core   0: 0x80006bb0 (0x69060393) addi    t2, a2, 1680
core   0: 3 0x80006bb0 (0x69060393) x 7 0x0a3a5a90
core   0: 0x80006bb4 (0xfd6c0b37) lui     s6, 0xfd6c0
core   0: 3 0x80006bb4 (0xfd6c0b37) x22 0xfd6c0000
core   0: 0x80006bb8 (0x19f63013) sltiu   zero, a2, 415
core   0: 3 0x80006bb8 (0x19f63013)
core   0: 0x80006bbc (0xeb15a9b7) lui     s3, 0xeb15a
core   0: 3 0x80006bbc (0xeb15a9b7) x19 0xeb15a000
core   0: 0x80006bc0 (0xde908893) addi    a7, ra, -535
core   0: 3 0x80006bc0 (0xde908893) x17 0xfffffde9
core   0: 0x80006bc4 (0x512ebf17) auipc   t5, 0x512eb
core   0: 3 0x80006bc4 (0x512ebf17) x30 0xd12f1bc4
core   0: 0x80006bc8 (0x01c1a8b3) slt     a7, gp, t3
core   0: 3 0x80006bc8 (0x01c1a8b3) x17 0x00000000
core   0: 0x80006bcc (0x006ad213) srli    tp, s5, 6
core   0: 3 0x80006bcc (0x006ad213) x 4 0x03f6c04a
core   0: 0x80006bd0 (0x10b46413) ori     s0, s0, 267
core   0: 3 0x80006bd0 (0x10b46413) x 8 0x67c11baf
core   0: 0x80006bd4 (0x9eb63413) sltiu   s0, a2, -1557
core   0: 3 0x80006bd4 (0x9eb63413) x 8 0x00000001
core   0: 0x80006bd8 (0x01e58633) add     a2, a1, t5
core   0: 3 0x80006bd8 (0x01e58633) x12 0xd12f1bc4
core   0: 0x80006bdc (0x6c917b13) andi    s6, sp, 1737
core   0: 3 0x80006bdc (0x6c917b13) x22 0x00000000
core   0: 0x80006be0 (0x0160f663) bgeu    ra, s6, pc + 12
core   0: 3 0x80006be0 (0x0160f663)
core   0: 0x80006bec (0x05557663) bgeu    a0, s5, pc + 76
core   0: 3 0x80006bec (0x05557663)
core   0: 0x80006bf0 (0x01986933) or      s2, a6, s9
core   0: 3 0x80006bf0 (0x01986933) x18 0xfffffe7d
core   0: 0x80006bf4 (0x9900ec93) ori     s9, ra, -1648
core   0: 3 0x80006bf4 (0x9900ec93) x25 0xfffff990
core   0: 0x80006bf8 (0x005e0463) beq     t3, t0, pc + 8
core   0: 3 0x80006bf8 (0x005e0463)
core   0: 0x80006bfc (0x01e66133) or      sp, a2, t5
core   0: 3 0x80006bfc (0x01e66133) x 2 0xd12f1bc4
core   0: 0x80006c00 (0x0013c2b3) xor     t0, t2, ra
core   0: 3 0x80006c00 (0x0013c2b3) x 5 0x0a3a5a90
core   0: 0x80006c04 (0xf6f82513) slti    a0, a6, -145
core   0: 3 0x80006c04 (0xf6f82513) x10 0x00000000
core   0: 0x80006c08 (0x6d6dbe13) sltiu   t3, s11, 1750
core   0: 3 0x80006c08 (0x6d6dbe13) x28 0x00000000
core   0: 0x80006c0c (0x0157f8b3) and     a7, a5, s5
core   0: 3 0x80006c0c (0x0157f8b3) x17 0xf4000290
core   0: 0x80006c10 (0x01232f33) slt     t5, t1, s2
core   0: 3 0x80006c10 (0x01232f33) x30 0x00000001
core   0: 0x80006c14 (0x397ef813) andi    a6, t4, 919
core   0: 3 0x80006c14 (0x397ef813) x16 0x00000182
core   0: 0x80006c18 (0xa30c4d37) lui     s10, 0xa30c4
core   0: 3 0x80006c18 (0xa30c4d37) x26 0xa30c4000
core   0: 0x80006c1c (0x40628c33) sub     s8, t0, t1
core   0: 3 0x80006c1c (0x40628c33) x24 0x0a3a649b
core   0: 0x80006c20 (0x01e403b3) add     t2, s0, t5
core   0: 3 0x80006c20 (0x01e403b3) x 7 0x00000002
core   0: 0x80006c24 (0x00ed9db3) sll     s11, s11, a4
core   0: 3 0x80006c24 (0x00ed9db3) x27 0x03ff8000
core   0: 0x80006c28 (0x01e895b3) sll     a1, a7, t5
core   0: 3 0x80006c28 (0x01e895b3) x11 0xe8000520
core   0: 0x80006c2c (0x24934c93) xori    s9, t1, 585
core   0: 3 0x80006c2c (0x24934c93) x25 0xfffff7bc
core   0: 0x80006c30 (0x008b5193) srli    gp, s6, 8
core   0: 3 0x80006c30 (0x008b5193) x 3 0x00000000
core   0: 0x80006c34 (0x41975f93) srai    t6, a4, 25
core   0: 3 0x80006c34 (0x41975f93) x31 0x0000003f
core   0: 0x80006c38 (0x03c19663) bne     gp, t3, pc + 44
core   0: 3 0x80006c38 (0x03c19663)
core   0: 0x80006c3c (0x05d64863) blt     a2, t4, pc + 80
core   0: 3 0x80006c3c (0x05d64863)
core   0: 0x80006c8c (0x018d1e93) slli    t4, s10, 24
core   0: 3 0x80006c8c (0x018d1e93) x29 0x00000000
core   0: 0x80006c90 (0x00415d13) srli    s10, sp, 4
core   0: 3 0x80006c90 (0x00415d13) x26 0x0d12f1bc
core   0: 0x80006c94 (0x18683713) sltiu   a4, a6, 390
core   0: 3 0x80006c94 (0x18683713) x14 0x00000001
core   0: 0x80006c98 (0x027c8863) beq     s9, t2, pc + 48
core   0: 3 0x80006c98 (0x027c8863)
core   0: 0x80006c9c (0x04144863) blt     s0, ra, pc + 80
core   0: 3 0x80006c9c (0x04144863)
core   0: 0x80006ca0 (0x01b00463) beq     zero, s11, pc + 8
core   0: 3 0x80006ca0 (0x01b00463)
core   0: 0x80006ca4 (0x0000100f) fence.i
core   0: 3 0x80006ca4 (0x0000100f)
core   0: 0x80006ca8 (0x5357c017) auipc   zero, 0x5357c
core   0: 3 0x80006ca8 (0x5357c017)
core   0: 0x80006cac (0xf83aa893) slti    a7, s5, -125
core   0: 3 0x80006cac (0xf83aa893) x17 0x00000001
core   0: 0x80006cb0 (0x00476833) or      a6, a4, tp
core   0: 3 0x80006cb0 (0x00476833) x16 0x03f6c04b
core   0: 0x80006cb4 (0xdd07fc93) andi    s9, a5, -560
core   0: 3 0x80006cb4 (0xdd07fc93) x25 0xf4432490
core   0: 0x80006cb8 (0x019243b3) xor     t2, tp, s9
core   0: 3 0x80006cb8 (0x019243b3) x 7 0xf7b5e4da
core   0: 0x80006cbc (0x00634033) xor     zero, t1, t1
core   0: 3 0x80006cbc (0x00634033)
core   0: 0x80006cc0 (0x403cd593) srai    a1, s9, 3
core   0: 3 0x80006cc0 (0x403cd593) x11 0xfe886492
core   0: 0x80006cc4 (0x0ff0000f) fence   iorw,iorw
core   0: 3 0x80006cc4 (0x0ff0000f)
core   0: 0x80006cc8 (0x0ff0000f) fence   iorw,iorw
core   0: 3 0x80006cc8 (0x0ff0000f)
core   0: 0x80006ccc (0x04754463) blt     a0, t2, pc + 72
core   0: 3 0x80006ccc (0x04754463)
core   0: 0x80006cd0 (0x01c1cfb3) xor     t6, gp, t3
core   0: 3 0x80006cd0 (0x01c1cfb3) x31 0x00000000
core   0: 0x80006cd4 (0x40580533) sub     a0, a6, t0
core   0: 3 0x80006cd4 (0x40580533) x10 0xf9bc65bb
core   0: 0x80006cd8 (0x03170e63) beq     a4, a7, pc + 60
core   0: 3 0x80006cd8 (0x03170e63)
core   0: 0x80006d14 (0x030afa63) bgeu    s5, a6, pc + 52
core   0: 3 0x80006d14 (0x030afa63)
core   0: 0x80006d48 (0x012bd863) bge     s7, s2, pc + 16
core   0: 3 0x80006d48 (0x012bd863)
core   0: 0x80006d4c (0x00a1fcb3) and     s9, gp, a0
core   0: 3 0x80006d4c (0x00a1fcb3) x25 0x00000000
core   0: 0x80006d50 (0x010cd933) srl     s2, s9, a6
core   0: 3 0x80006d50 (0x010cd933) x18 0x00000000
core   0: 0x80006d54 (0x00459b13) slli    s6, a1, 4
core   0: 3 0x80006d54 (0x00459b13) x22 0xe8864920
core   0: 0x80006d58 (0x00cfde63) bge     t6, a2, pc + 28
core   0: 3 0x80006d58 (0x00cfde63)
core   0: 0x80006d74 (0x01b56c63) bltu    a0, s11, pc + 24
core   0: 3 0x80006d74 (0x01b56c63)
core   0: 0x80006d78 (0x4960f713) andi    a4, ra, 1174
core   0: 3 0x80006d78 (0x4960f713) x14 0x00000000
core   0: 0x80006d7c (0x036ff863) bgeu    t6, s6, pc + 48
core   0: 3 0x80006d7c (0x036ff863)
core   0: 0x80006d80 (0x40af5293) srai    t0, t5, 10
core   0: 3 0x80006d80 (0x40af5293) x 5 0x00000000
core   0: 0x80006d84 (0xe326ac13) slti    s8, a3, -462
core   0: 3 0x80006d84 (0xe326ac13) x24 0x00000000
core   0: 0x80006d88 (0x01a5d593) srli    a1, a1, 26
core   0: 3 0x80006d88 (0x01a5d593) x11 0x0000003f
core   0: 0x80006d8c (0x00000013) nop
core   0: 3 0x80006d8c (0x00000013)
core   0: 0x80006d90 (0x05946263) bltu    s0, s9, pc + 68
core   0: 3 0x80006d90 (0x05946263)
core   0: 0x80006d94 (0x4146d7b3) sra     a5, a3, s4
core   0: 3 0x80006d94 (0x4146d7b3) x15 0xffffffff
core   0: 0x80006d98 (0xf517b513) sltiu   a0, a5, -175
core   0: 3 0x80006d98 (0xf517b513) x10 0x00000000
core   0: 0x80006d9c (0x40fcdf93) srai    t6, s9, 15
core   0: 3 0x80006d9c (0x40fcdf93) x31 0x00000000
core   0: 0x80006da0 (0x04eb5463) bge     s6, a4, pc + 72
core   0: 3 0x80006da0 (0x04eb5463)
core   0: 0x80006da4 (0x00391413) slli    s0, s2, 3
core   0: 3 0x80006da4 (0x00391413) x 8 0x00000000
core   0: 0x80006da8 (0x04820863) beq     tp, s0, pc + 80
core   0: 3 0x80006da8 (0x04820863)
core   0: 0x80006dac (0x419406b3) sub     a3, s0, s9
core   0: 3 0x80006dac (0x419406b3) x13 0x00000000
core   0: 0x80006db0 (0xa7274e93) xori    t4, a4, -1422
core   0: 3 0x80006db0 (0xa7274e93) x29 0xfffffa72
core   0: 0x80006db4 (0x397df137) lui     sp, 0x397df
core   0: 3 0x80006db4 (0x397df137) x 2 0x397df000
core   0: 0x80006db8 (0xbcc0b993) sltiu   s3, ra, -1076
core   0: 3 0x80006db8 (0xbcc0b993) x19 0x00000001
core   0: 0x80006dbc (0x40a45fb3) sra     t6, s0, a0
core   0: 3 0x80006dbc (0x40a45fb3) x31 0x00000000
core   0: 0x80006dc0 (0x2f4ec613) xori    a2, t4, 756
core   0: 3 0x80006dc0 (0x2f4ec613) x12 0xfffff886
core   0: 0x80006dc4 (0x00bd7863) bgeu    s10, a1, pc + 16
core   0: 3 0x80006dc4 (0x00bd7863)
core   0: 0x80006dd4 (0x01771433) sll     s0, a4, s7
core   0: 3 0x80006dd4 (0x01771433) x 8 0x00000000
core   0: 0x80006dd8 (0xbaeb6593) ori     a1, s6, -1106
core   0: 3 0x80006dd8 (0xbaeb6593) x11 0xfffffbae
core   0: 0x80006ddc (0x014068b3) or      a7, zero, s4
core   0: 3 0x80006ddc (0x014068b3) x17 0xfffffefd
core   0: 0x80006de0 (0x0000100f) fence.i
core   0: 3 0x80006de0 (0x0000100f)
core   0: 0x80006de4 (0x0000100f) fence.i
core   0: 3 0x80006de4 (0x0000100f)
core   0: 0x80006de8 (0x01030033) add     zero, t1, a6
core   0: 3 0x80006de8 (0x01030033)
core   0: 0x80006dec (0x2c08e893) ori     a7, a7, 704
core   0: 3 0x80006dec (0x2c08e893) x17 0xfffffefd
core   0: 0x80006df0 (0x006327b3) slt     a5, t1, t1
core   0: 3 0x80006df0 (0x006327b3) x15 0x00000000
core   0: 0x80006df4 (0x01ce9f93) slli    t6, t4, 28
core   0: 3 0x80006df4 (0x01ce9f93) x31 0x20000000
core   0: 0x80006df8 (0x5f407c13) andi    s8, zero, 1524
core   0: 3 0x80006df8 (0x5f407c13) x24 0x00000000
core   0: 0x80006dfc (0x04ec1863) bne     s8, a4, pc + 80
core   0: 3 0x80006dfc (0x04ec1863)
core   0: 0x80006e00 (0xce147337) lui     t1, 0xce147
core   0: 3 0x80006e00 (0xce147337) x 6 0xce147000
core   0: 0x80006e04 (0x25cfc613) xori    a2, t6, 604
core   0: 3 0x80006e04 (0x25cfc613) x12 0x2000025c
core   0: 0x80006e08 (0x4a3cedb7) lui     s11, 0x4a3ce
core   0: 3 0x80006e08 (0x4a3cedb7) x27 0x4a3ce000
core   0: 0x80006e0c (0x00223c33) sltu    s8, tp, sp
core   0: 3 0x80006e0c (0x00223c33) x24 0x00000001
core   0: 0x80006e10 (0x403855b3) sra     a1, a6, gp
core   0: 3 0x80006e10 (0x403855b3) x11 0x03f6c04b
core   0: 0x80006e14 (0x04065263) bgez    a2, pc + 68
core   0: 3 0x80006e14 (0x04065263)
core   0: 0x80006e58 (0x019e65b3) or      a1, t3, s9
core   0: 3 0x80006e58 (0x019e65b3) x11 0x00000000
core   0: 0x80006e5c (0xc134c093) xori    ra, s1, -1005
core   0: 3 0x80006e5c (0xc134c093) x 1 0x7ffd70f7
core   0: 0x80006e60 (0x0169bb33) sltu    s6, s3, s6
core   0: 3 0x80006e60 (0x0169bb33) x22 0x00000001
core   0: 0x80006e64 (0xe4c4ea37) lui     s4, 0xe4c4e
core   0: 3 0x80006e64 (0xe4c4ea37) x20 0xe4c4e000
core   0: 0x80006e68 (0x4051d5b3) sra     a1, gp, t0
core   0: 3 0x80006e68 (0x4051d5b3) x11 0x00000000
core   0: 0x80006e6c (0xc5084b13) xori    s6, a6, -944
core   0: 3 0x80006e6c (0xc5084b13) x22 0xfc093c1b
core   0: 0x80006e70 (0x04694263) blt     s2, t1, pc + 68
core   0: 3 0x80006e70 (0x04694263)
core   0: 0x80006e74 (0x0499e463) bltu    s3, s1, pc + 72
core   0: 3 0x80006e74 (0x0499e463)
core   0: 0x80006ebc (0x4182da33) sra     s4, t0, s8
core   0: 3 0x80006ebc (0x4182da33) x20 0x00000000
core   0: 0x80006ec0 (0x629a8893) addi    a7, s5, 1577
core   0: 3 0x80006ec0 (0x629a8893) x17 0xfdb018e4
core   0: 0x80006ec4 (0x0ff0000f) fence   iorw,iorw
core   0: 3 0x80006ec4 (0x0ff0000f)
core   0: 0x80006ec8 (0x00e64e63) blt     a2, a4, pc + 28
core   0: 3 0x80006ec8 (0x00e64e63)
core   0: 0x80006ecc (0x01984e33) xor     t3, a6, s9
core   0: 3 0x80006ecc (0x01984e33) x28 0x03f6c04b
core   0: 0x80006ed0 (0xc71b9097) auipc   ra, 0xc71b9
core   0: 3 0x80006ed0 (0xc71b9097) x 1 0x471bfed0
core   0: 0x80006ed4 (0xae883693) sltiu   a3, a6, -1304
core   0: 3 0x80006ed4 (0xae883693) x13 0x00000001
core   0: 0x80006ed8 (0x9f118c13) addi    s8, gp, -1551
core   0: 3 0x80006ed8 (0x9f118c13) x24 0xfffff9f1
core   0: 0x80006edc (0x00ddd7b3) srl     a5, s11, a3
core   0: 3 0x80006edc (0x00ddd7b3) x15 0x251e7000
core   0: 0x80006ee0 (0x5b53dd37) lui     s10, 0x5b53d
core   0: 3 0x80006ee0 (0x5b53dd37) x26 0x5b53d000
core   0: 0x80006ee4 (0x0102e333) or      t1, t0, a6
core   0: 3 0x80006ee4 (0x0102e333) x 6 0x03f6c04b
core   0: 0x80006ee8 (0x41c3d893) srai    a7, t2, 28
core   0: 3 0x80006ee8 (0x41c3d893) x17 0xffffffff
core   0: 0x80006eec (0x019c0cb3) add     s9, s8, s9
core   0: 3 0x80006eec (0x019c0cb3) x25 0xfffff9f1
core   0: 0x80006ef0 (0x021bc863) blt     s7, ra, pc + 48
core   0: 3 0x80006ef0 (0x021bc863)
core   0: 0x80006f20 (0x0407c263) bltz    a5, pc + 68
core   0: 3 0x80006f20 (0x0407c263)
core   0: 0x80006f24 (0x03507863) bgeu    zero, s5, pc + 48
core   0: 3 0x80006f24 (0x03507863)
core   0: 0x80006f28 (0x01c7a9b3) slt     s3, a5, t3
core   0: 3 0x80006f28 (0x01c7a9b3) x19 0x00000000
core   0: 0x80006f2c (0x00057663) bgeu    a0, zero, pc + 12
core   0: 3 0x80006f2c (0x00057663)
core   0: 0x80006f38 (0xacd8b997) auipc   s3, 0xacd8b
core   0: 3 0x80006f38 (0xacd8b997) x19 0x2cd91f38
core   0: 0x80006f3c (0x0065ff33) and     t5, a1, t1
core   0: 3 0x80006f3c (0x0065ff33) x30 0x00000000
core   0: 0x80006f40 (0x04e7c463) blt     a5, a4, pc + 72
core   0: 3 0x80006f40 (0x04e7c463)
core   0: 0x80006f44 (0x00ecf233) and     tp, s9, a4
core   0: 3 0x80006f44 (0x00ecf233) x 4 0x00000000
core   0: 0x80006f48 (0x004e53b3) srl     t2, t3, tp
core   0: 3 0x80006f48 (0x004e53b3) x 7 0x03f6c04b
core   0: 0x80006f4c (0x00000013) nop
core   0: 3 0x80006f4c (0x00000013)
core   0: 0x80006f50 (0x01ab5f13) srli    t5, s6, 26
core   0: 3 0x80006f50 (0x01ab5f13) x30 0x0000003f
core   0: 0x80006f54 (0x85caa2b7) lui     t0, 0x85caa
core   0: 3 0x80006f54 (0x85caa2b7) x 5 0x85caa000
core   0: 0x80006f58 (0x0ff0000f) fence   iorw,iorw
core   0: 3 0x80006f58 (0x0ff0000f)
core   0: 0x80006f5c (0x014e6863) bltu    t3, s4, pc + 16
core   0: 3 0x80006f5c (0x014e6863)
core   0: 0x80006f60 (0x40898e33) sub     t3, s3, s0
core   0: 3 0x80006f60 (0x40898e33) x28 0x2cd91f38
core   0: 0x80006f64 (0x00ecd6b3) srl     a3, s9, a4
core   0: 3 0x80006f64 (0x00ecd6b3) x13 0xfffff9f1
core   0: 0x80006f68 (0x8dcac613) xori    a2, s5, -1828
core   0: 3 0x80006f68 (0x8dcac613) x12 0x024fea67
core   0: 0x80006f6c (0x419182b3) sub     t0, gp, s9
core   0: 3 0x80006f6c (0x419182b3) x 5 0x0000060f
core   0: 0x80006f70 (0x01865463) bge     a2, s8, pc + 8
core   0: 3 0x80006f70 (0x01865463)
core   0: 0x80006f78 (0x00000013) nop
core   0: 3 0x80006f78 (0x00000013)
core   0: 0x80006f7c (0x012abcb3) sltu    s9, s5, s2
core   0: 3 0x80006f7c (0x012abcb3) x25 0x00000000
core   0: 0x80006f80 (0x0047c6b3) xor     a3, a5, tp
core   0: 3 0x80006f80 (0x0047c6b3) x13 0x251e7000
core   0: 0x80006f84 (0x3e320c93) addi    s9, tp, 995
core   0: 3 0x80006f84 (0x3e320c93) x25 0x000003e3
core   0: 0x80006f88 (0x07e70893) addi    a7, a4, 126
core   0: 3 0x80006f88 (0x07e70893) x17 0x0000007e
core   0: 0x80006f8c (0x00f2eb33) or      s6, t0, a5
core   0: 3 0x80006f8c (0x00f2eb33) x22 0x251e760f
core   0: 0x80006f90 (0xbd53fa17) auipc   s4, 0xbd53f
core   0: 3 0x80006f90 (0xbd53fa17) x20 0x3d545f90
core   0: 0x80006f94 (0x01320533) add     a0, tp, s3
core   0: 3 0x80006f94 (0x01320533) x10 0x2cd91f38
core   0: 0x80006f98 (0x010849b3) xor     s3, a6, a6
core   0: 3 0x80006f98 (0x010849b3) x19 0x00000000
core   0: 0x80006f9c (0x02f95663) bge     s2, a5, pc + 44
core   0: 3 0x80006f9c (0x02f95663)
core   0: 0x80006fa0 (0x41e78fb3) sub     t6, a5, t5
core   0: 3 0x80006fa0 (0x41e78fb3) x31 0x251e6fc1
core   0: 0x80006fa4 (0x41b259b3) sra     s3, tp, s11
core   0: 3 0x80006fa4 (0x41b259b3) x19 0x00000000
core   0: 0x80006fa8 (0x00161eb3) sll     t4, a2, ra
core   0: 3 0x80006fa8 (0x00161eb3) x29 0xea670000
core   0: 0x80006fac (0x050e0463) beq     t3, a6, pc + 72
core   0: 3 0x80006fac (0x050e0463)
core   0: 0x80006fb0 (0x7bf6a113) slti    sp, a3, 1983
core   0: 3 0x80006fb0 (0x7bf6a113) x 2 0x00000000
core   0: 0x80006fb4 (0x00eb0a33) add     s4, s6, a4
core   0: 3 0x80006fb4 (0x00eb0a33) x20 0x251e760f
core   0: 0x80006fb8 (0x05fac863) blt     s5, t6, pc + 80
core   0: 3 0x80006fb8 (0x05fac863)
core   0: 0x80007008 (0x80e3e993) ori     s3, t2, -2034
core   0: 3 0x80007008 (0x80e3e993) x19 0xfffff84f
core   0: 0x8000700c (0x23d13613) sltiu   a2, sp, 573
core   0: 3 0x8000700c (0x23d13613) x12 0x00000001
core   0: 0x80007010 (0x00cfdc63) bge     t6, a2, pc + 24
core   0: 3 0x80007010 (0x00cfdc63)
core   0: 0x80007028 (0x41830333) sub     t1, t1, s8
core   0: 3 0x80007028 (0x41830333) x 6 0x03f6c65a
core   0: 0x8000702c (0x1d06a097) auipc   ra, 0x1d06a
core   0: 3 0x8000702c (0x1d06a097) x 1 0x9d07102c
core   0: 0x80007030 (0x014622b3) slt     t0, a2, s4
core   0: 3 0x80007030 (0x014622b3) x 5 0x00000001
core   0: 0x80007034 (0x018e6d33) or      s10, t3, s8
core   0: 3 0x80007034 (0x018e6d33) x26 0xfffffff9
core   0: 0x80007038 (0x1037b097) auipc   ra, 0x1037b
core   0: 3 0x80007038 (0x1037b097) x 1 0x90382038
core   0: 0x8000703c (0x41edd993) srai    s3, s11, 30
core   0: 3 0x8000703c (0x41edd993) x19 0x00000001
core   0: 0x80007040 (0xdef24293) xori    t0, tp, -529
core   0: 3 0x80007040 (0xdef24293) x 5 0xfffffdef
core   0: 0x80007044 (0x00ab4eb3) xor     t4, s6, a0
core   0: 3 0x80007044 (0x00ab4eb3) x29 0x09c76937
core   0: 0x80007048 (0x04cdd463) bge     s11, a2, pc + 72
core   0: 3 0x80007048 (0x04cdd463)
core   0: 0x80007090 (0x4ba37093) andi    ra, t1, 1210
core   0: 3 0x80007090 (0x4ba37093) x 1 0x0000041a
core   0: 0x80007094 (0x3c260a13) addi    s4, a2, 962
core   0: 3 0x80007094 (0x3c260a13) x20 0x000003c3
core   0: 0x80007098 (0x01889e93) slli    t4, a7, 24
core   0: 3 0x80007098 (0x01889e93) x29 0x7e000000
core   0: 0x8000709c (0x01a9e663) bltu    s3, s10, pc + 12
core   0: 3 0x8000709c (0x01a9e663)
core   0: 0x800070a8 (0x00666533) or      a0, a2, t1
core   0: 3 0x800070a8 (0x00666533) x10 0x03f6c65b
core   0: 0x800070ac (0x0024c9b3) xor     s3, s1, sp
core   0: 3 0x800070ac (0x0024c9b3) x19 0x80028ce4
core   0: 0x800070b0 (0x03b98f37) lui     t5, 0x3b98
core   0: 3 0x800070b0 (0x03b98f37) x30 0x03b98000
core   0: 0x800070b4 (0x4048d1b3) sra     gp, a7, tp
core   0: 3 0x800070b4 (0x4048d1b3) x 3 0x0000007e
core   0: 0x800070b8 (0xe10a4993) xori    s3, s4, -496
core   0: 3 0x800070b8 (0xe10a4993) x19 0xfffffdd3
core   0: 0x800070bc (0x01e577b3) and     a5, a0, t5
core   0: 3 0x800070bc (0x01e577b3) x15 0x03b08000
core   0: 0x800070c0 (0xcd61d8b7) lui     a7, 0xcd61d
core   0: 3 0x800070c0 (0xcd61d8b7) x17 0xcd61d000
core   0: 0x800070c4 (0x03580263) beq     a6, s5, pc + 36
core   0: 3 0x800070c4 (0x03580263)
core   0: 0x800070c8 (0x444bef13) ori     t5, s7, 1092
core   0: 3 0x800070c8 (0x444bef13) x30 0x80024e64
core   0: 0x800070cc (0xf2b7cd93) xori    s11, a5, -213
core   0: 3 0x800070cc (0xf2b7cd93) x27 0xfc4f7f2b
core   0: 0x800070d0 (0x61d80713) addi    a4, a6, 1565
core   0: 3 0x800070d0 (0x61d80713) x14 0x03f6c668
core   0: 0x800070d4 (0x00f1adb3) slt     s11, gp, a5
core   0: 3 0x800070d4 (0x00f1adb3) x27 0x00000001
core   0: 0x800070d8 (0x00000013) nop
core   0: 3 0x800070d8 (0x00000013)
core   0: 0x800070dc (0x40145e33) sra     t3, s0, ra
core   0: 3 0x800070dc (0x40145e33) x28 0x00000000
core   0: 0x800070e0 (0x73356013) ori     zero, a0, 1843
core   0: 3 0x800070e0 (0x73356013)
core   0: 0x800070e4 (0xaec10a17) auipc   s4, 0xaec10
core   0: 3 0x800070e4 (0xaec10a17) x20 0x2ec170e4
core   0: 0x800070e8 (0x01a8b9b3) sltu    s3, a7, s10
core   0: 3 0x800070e8 (0x01a8b9b3) x19 0x00000001
core   0: 0x800070ec (0x00cf1f93) slli    t6, t5, 12
core   0: 3 0x800070ec (0x00cf1f93) x31 0x24e64000
core   0: 0x800070f0 (0xe773f093) andi    ra, t2, -393
core   0: 3 0x800070f0 (0xe773f093) x 1 0x03f6c043
core   0: 0x800070f4 (0x0000100f) fence.i
core   0: 3 0x800070f4 (0x0000100f)
core   0: 0x800070f8 (0x36c0cf13) xori    t5, ra, 876
core   0: 3 0x800070f8 (0x36c0cf13) x30 0x03f6c32f
core   0: 0x800070fc (0x033ef863) bgeu    t4, s3, pc + 48
core   0: 3 0x800070fc (0x033ef863)
core   0: 0x8000712c (0x010cb533) sltu    a0, s9, a6
core   0: 3 0x8000712c (0x010cb533) x10 0x00000001
core   0: 0x80007130 (0x9ec66193) ori     gp, a2, -1556
core   0: 3 0x80007130 (0x9ec66193) x 3 0xfffff9ed
core   0: 0x80007134 (0x26760213) addi    tp, a2, 615
core   0: 3 0x80007134 (0x26760213) x 4 0x00000268
core   0: 0x80007138 (0x001cf463) bgeu    s9, ra, pc + 8
core   0: 3 0x80007138 (0x001cf463)
core   0: 0x8000713c (0x0c39af37) lui     t5, 0xc39a
core   0: 3 0x8000713c (0x0c39af37) x30 0x0c39a000
core   0: 0x80007140 (0x3410af13) slti    t5, ra, 833
core   0: 3 0x80007140 (0x3410af13) x30 0x00000000
core   0: 0x80007144 (0x0000100f) fence.i
core   0: 3 0x80007144 (0x0000100f)
core   0: 0x80007148 (0x723b8693) addi    a3, s7, 1827
core   0: 3 0x80007148 (0x723b8693) x13 0x80025587
core   0: 0x8000714c (0x54617e13) andi    t3, sp, 1350
core   0: 3 0x8000714c (0x54617e13) x28 0x00000000
core   0: 0x80007150 (0x021d0a63) beq     s10, ra, pc + 52
core   0: 3 0x80007150 (0x021d0a63)
core   0: 0x80007154 (0xd611a6b7) lui     a3, 0xd611a
core   0: 3 0x80007154 (0xd611a6b7) x13 0xd611a000
core   0: 0x80007158 (0xa2a7f713) andi    a4, a5, -1494
core   0: 3 0x80007158 (0xa2a7f713) x14 0x03b08000
core   0: 0x8000715c (0x00aa9733) sll     a4, s5, a0
core   0: 3 0x8000715c (0x00aa9733) x14 0xfb602576
core   0: 0x80007160 (0xbb15f093) andi    ra, a1, -1103
core   0: 3 0x80007160 (0xbb15f093) x 1 0x00000000
core   0: 0x80007164 (0x0e2a6e37) lui     t3, 0xe2a6
core   0: 3 0x80007164 (0x0e2a6e37) x28 0x0e2a6000
core   0: 0x80007168 (0xee523f13) sltiu   t5, tp, -283
core   0: 3 0x80007168 (0xee523f13) x30 0x00000001
core   0: 0x8000716c (0x4001d293) srai    t0, gp, 0
core   0: 3 0x8000716c (0x4001d293) x 5 0xfffff9ed
core   0: 0x80007170 (0x0000100f) fence.i
core   0: 3 0x80007170 (0x0000100f)
core   0: 0x80007174 (0x01a95e93) srli    t4, s2, 26
core   0: 3 0x80007174 (0x01a95e93) x29 0x00000000
core   0: 0x80007178 (0xe81bc5b7) lui     a1, 0xe81bc
core   0: 3 0x80007178 (0xe81bc5b7) x11 0xe81bc000
core   0: 0x8000717c (0x0c266113) ori     sp, a2, 194
core   0: 3 0x8000717c (0x0c266113) x 2 0x000000c3
core   0: 0x80007180 (0x89e0fd93) andi    s11, ra, -1890
core   0: 3 0x80007180 (0x89e0fd93) x27 0x00000000
core   0: 0x80007184 (0x012915b3) sll     a1, s2, s2
core   0: 3 0x80007184 (0x012915b3) x11 0x00000000
core   0: 0x80007188 (0x41a95013) srai    zero, s2, 26
core   0: 3 0x80007188 (0x41a95013)
core   0: 0x8000718c (0x470fac13) slti    s8, t6, 1136
core   0: 3 0x8000718c (0x470fac13) x24 0x00000000
core   0: 0x80007190 (0x04b14863) blt     sp, a1, pc + 80
core   0: 3 0x80007190 (0x04b14863)
core   0: 0x80007194 (0xda122393) slti    t2, tp, -607
core   0: 3 0x80007194 (0xda122393) x 7 0x00000000
core   0: 0x80007198 (0x0000100f) fence.i
core   0: 3 0x80007198 (0x0000100f)
core   0: 0x8000719c (0x9a403f13) sltiu   t5, zero, -1628
core   0: 3 0x8000719c (0x9a403f13) x30 0x00000001
core   0: 0x800071a0 (0x015e0fb3) add     t6, t3, s5
core   0: 3 0x800071a0 (0x015e0fb3) x31 0x0bda72bb
core   0: 0x800071a4 (0x80dc4c13) xori    s8, s8, -2035
core   0: 3 0x800071a4 (0x80dc4c13) x24 0xfffff80d
core   0: 0x800071a8 (0x40f0de33) sra     t3, ra, a5
core   0: 3 0x800071a8 (0x40f0de33) x28 0x00000000
core   0: 0x800071ac (0x017b0463) beq     s6, s7, pc + 8
core   0: 3 0x800071ac (0x017b0463)
core   0: 0x800071b0 (0x04d6d463) bge     a3, a3, pc + 72
core   0: 3 0x800071b0 (0x04d6d463)
core   0: 0x800071f8 (0x009f1393) slli    t2, t5, 9
core   0: 3 0x800071f8 (0x009f1393) x 7 0x00000200
core   0: 0x800071fc (0x82a56293) ori     t0, a0, -2006
core   0: 3 0x800071fc (0x82a56293) x 5 0xfffff82b
core   0: 0x80007200 (0xa17baf93) slti    t6, s7, -1513
core   0: 3 0x80007200 (0xa17baf93) x31 0x00000001
core   0: 0x80007204 (0x0000100f) fence.i
core   0: 3 0x80007204 (0x0000100f)
core   0: 0x80007208 (0xbc164813) xori    a6, a2, -1087
core   0: 3 0x80007208 (0xbc164813) x16 0xfffffbc0
core   0: 0x8000720c (0x00f32fb3) slt     t6, t1, a5
core   0: 3 0x8000720c (0x00f32fb3) x31 0x00000000
core   0: 0x80007210 (0x00495633) srl     a2, s2, tp
core   0: 3 0x80007210 (0x00495633) x12 0x00000000
core   0: 0x80007214 (0x0115da33) srl     s4, a1, a7
core   0: 3 0x80007214 (0x0115da33) x20 0x00000000
core   0: 0x80007218 (0x015979b3) and     s3, s2, s5
core   0: 3 0x80007218 (0x015979b3) x19 0x00000000
core   0: 0x8000721c (0x4143d413) srai    s0, t2, 20
core   0: 3 0x8000721c (0x4143d413) x 8 0x00000000
core   0: 0x80007220 (0x044d1663) bne     s10, tp, pc + 76
core   0: 3 0x80007220 (0x044d1663)
core   0: 0x8000726c (0x01ebeeb3) or      t4, s7, t5
core   0: 3 0x8000726c (0x01ebeeb3) x29 0x80024e65
core   0: 0x80007270 (0x050cf863) bgeu    s9, a6, pc + 80
core   0: 3 0x80007270 (0x050cf863)
core   0: 0x80007274 (0x00000013) nop
core   0: 3 0x80007274 (0x00000013)
core   0: 0x80007278 (0x016b0863) beq     s6, s6, pc + 16
core   0: 3 0x80007278 (0x016b0863)
core   0: 0x80007288 (0x404d5233) sra     tp, s10, tp
core   0: 3 0x80007288 (0x404d5233) x 4 0xffffffff
core   0: 0x8000728c (0x02dd6863) bltu    s10, a3, pc + 48
core   0: 3 0x8000728c (0x02dd6863)
core   0: 0x80007290 (0xcb9bd437) lui     s0, 0xcb9bd
core   0: 3 0x80007290 (0xcb9bd437) x 8 0xcb9bd000
core   0: 0x80007294 (0x05d50863) beq     a0, t4, pc + 80
core   0: 3 0x80007294 (0x05d50863)
core   0: 0x80007298 (0x04516063) bltu    sp, t0, pc + 64
core   0: 3 0x80007298 (0x04516063)
core   0: 0x800072d8 (0x007b7d33) and     s10, s6, t2
core   0: 3 0x800072d8 (0x007b7d33) x26 0x00000200
core   0: 0x800072dc (0x01c2c6b3) xor     a3, t0, t3
core   0: 3 0x800072dc (0x01c2c6b3) x13 0xfffff82b
core   0: 0x800072e0 (0x02084e63) bltz    a6, pc + 60
core   0: 3 0x800072e0 (0x02084e63)
core   0: 0x8000731c (0x4d1c6793) ori     a5, s8, 1233
core   0: 3 0x8000731c (0x4d1c6793) x15 0xfffffcdd
core   0: 0x80007320 (0x7bd24993) xori    s3, tp, 1981
core   0: 3 0x80007320 (0x7bd24993) x19 0xfffff842
core   0: 0x80007324 (0x5f016397) auipc   t2, 0x5f016
core   0: 3 0x80007324 (0x5f016397) x 7 0xdf01d324
core   0: 0x80007328 (0x014bde13) srli    t3, s7, 20
core   0: 3 0x80007328 (0x014bde13) x28 0x00000800
core   0: 0x8000732c (0x00de5e63) bge     t3, a3, pc + 28
core   0: 3 0x8000732c (0x00de5e63)
core   0: 0x80007348 (0x02714e63) blt     sp, t2, pc + 60
core   0: 3 0x80007348 (0x02714e63)
core   0: 0x8000734c (0x0ff0000f) fence   iorw,iorw
core   0: 3 0x8000734c (0x0ff0000f)
core   0: 0x80007350 (0x4045d8b3) sra     a7, a1, tp
core   0: 3 0x80007350 (0x4045d8b3) x17 0x00000000
core   0: 0x80007354 (0x0ff0000f) fence   iorw,iorw
core   0: 3 0x80007354 (0x0ff0000f)
core   0: 0x80007358 (0x012a4433) xor     s0, s4, s2
core   0: 3 0x80007358 (0x012a4433) x 8 0x00000000
core   0: 0x8000735c (0x005c3233) sltu    tp, s8, t0
core   0: 3 0x8000735c (0x005c3233) x 4 0x00000001
core   0: 0x80007360 (0x40f387b3) sub     a5, t2, a5
core   0: 3 0x80007360 (0x40f387b3) x15 0xdf01d647
core   0: 0x80007364 (0x012fc833) xor     a6, t6, s2
core   0: 3 0x80007364 (0x012fc833) x16 0x00000000
core   0: 0x80007368 (0x40db0433) sub     s0, s6, a3
core   0: 3 0x80007368 (0x40db0433) x 8 0x251e7de4
core   0: 0x8000736c (0x41f95f13) srai    t5, s2, 31
core   0: 3 0x8000736c (0x41f95f13) x30 0x00000000
core   0: 0x80007370 (0x0068c133) xor     sp, a7, t1
core   0: 3 0x80007370 (0x0068c133) x 2 0x03f6c65a
core   0: 0x80007374 (0x00000013) nop
core   0: 3 0x80007374 (0x00000013)
core   0: 0x80007378 (0x00ef52b3) srl     t0, t5, a4
core   0: 3 0x80007378 (0x00ef52b3) x 5 0x00000000
core   0: 0x8000737c (0x012ade33) srl     t3, s5, s2
core   0: 3 0x8000737c (0x012ade33) x28 0xfdb012bb
core   0: 0x80007380 (0x00e107b3) add     a5, sp, a4
core   0: 3 0x80007380 (0x00e107b3) x15 0xff56ebd0
core   0: 0x80007384 (0x05e57663) bgeu    a0, t5, pc + 76
core   0: 3 0x80007384 (0x05e57663)
core   0: 0x800073d0 (0xe269c413) xori    s0, s3, -474
core   0: 3 0x800073d0 (0xe269c413) x 8 0x00000664
core   0: 0x800073d4 (0x0114a133) slt     sp, s1, a7
core   0: 3 0x800073d4 (0x0114a133) x 2 0x00000001
core   0: 0x800073d8 (0x01910c33) add     s8, sp, s9
core   0: 3 0x800073d8 (0x01910c33) x24 0x000003e4
core   0: 0x800073dc (0x019c7fb3) and     t6, s8, s9
core   0: 3 0x800073dc (0x019c7fb3) x31 0x000003e0
core   0: 0x800073e0 (0x00000013) nop
core   0: 3 0x800073e0 (0x00000013)
core   0: 0x800073e4 (0x412dd313) srai    t1, s11, 18
core   0: 3 0x800073e4 (0x412dd313) x 6 0x00000000
core   0: 0x800073e8 (0x010f9533) sll     a0, t6, a6
core   0: 3 0x800073e8 (0x010f9533) x10 0x000003e0
core   0: 0x800073ec (0x00d4ab33) slt     s6, s1, a3
core   0: 3 0x800073ec (0x00d4ab33) x22 0x00000001
core   0: 0x800073f0 (0x4125d113) srai    sp, a1, 18
core   0: 3 0x800073f0 (0x4125d113) x 2 0x00000000
core   0: 0x800073f4 (0x03cd8a63) beq     s11, t3, pc + 52
core   0: 3 0x800073f4 (0x03cd8a63)
core   0: 0x800073f8 (0x4189d3b3) sra     t2, s3, s8
core   0: 3 0x800073f8 (0x4189d3b3) x 7 0xffffff84
core   0: 0x800073fc (0xd07f3e93) sltiu   t4, t5, -761
core   0: 3 0x800073fc (0xd07f3e93) x29 0x00000001
core   0: 0x80007400 (0x010edd13) srli    s10, t4, 16
core   0: 3 0x80007400 (0x010edd13) x26 0x00000000
core   0: 0x80007404 (0x00535f33) srl     t5, t1, t0
core   0: 3 0x80007404 (0x00535f33) x30 0x00000000
core   0: 0x80007408 (0x005a1c33) sll     s8, s4, t0
core   0: 3 0x80007408 (0x005a1c33) x24 0x00000000
core   0: 0x8000740c (0x019cd8b3) srl     a7, s9, s9
core   0: 3 0x8000740c (0x019cd8b3) x17 0x0000007c
core   0: 0x80007410 (0x01ee1133) sll     sp, t3, t5
core   0: 3 0x80007410 (0x01ee1133) x 2 0xfdb012bb
core   0: 0x80007414 (0x01ffce33) xor     t3, t6, t6
core   0: 3 0x80007414 (0x01ffce33) x28 0x00000000
core   0: 0x80007418 (0x01d71663) bne     a4, t4, pc + 12
core   0: 3 0x80007418 (0x01d71663)
core   0: 0x80007424 (0x056de863) bltu    s11, s6, pc + 80
core   0: 3 0x80007424 (0x056de863)
core   0: 0x80007474 (0x00f0c5b3) xor     a1, ra, a5
core   0: 3 0x80007474 (0x00f0c5b3) x11 0xff56ebd0
core   0: 0x80007478 (0x41700b33) sub     s6, zero, s7
core   0: 3 0x80007478 (0x41700b33) x22 0x7ffdb19c
core   0: 0x8000747c (0x018facb3) slt     s9, t6, s8
core   0: 3 0x8000747c (0x018facb3) x25 0x00000000
core   0: 0x80007480 (0x0ff0000f) fence   iorw,iorw
core   0: 3 0x80007480 (0x0ff0000f)
core   0: 0x80007484 (0x41c35633) sra     a2, t1, t3
core   0: 3 0x80007484 (0x41c35633) x12 0x00000000
core   0: 0x80007488 (0x6c0c8193) addi    gp, s9, 1728
core   0: 3 0x80007488 (0x6c0c8193) x 3 0x000006c0
core   0: 0x8000748c (0x21e62a13) slti    s4, a2, 542
core   0: 3 0x8000748c (0x21e62a13) x20 0x00000001
core   0: 0x80007490 (0x00147f33) and     t5, s0, ra
core   0: 3 0x80007490 (0x00147f33) x30 0x00000000
core   0: 0x80007494 (0x02ab4663) blt     s6, a0, pc + 44
core   0: 3 0x80007494 (0x02ab4663)
core   0: 0x80007498 (0x015f2c33) slt     s8, t5, s5
core   0: 3 0x80007498 (0x015f2c33) x24 0x00000000
core   0: 0x8000749c (0x007fd793) srli    a5, t6, 7
core   0: 3 0x8000749c (0x007fd793) x15 0x00000007
core   0: 0x800074a0 (0x01c3c7b3) xor     a5, t2, t3
core   0: 3 0x800074a0 (0x01c3c7b3) x15 0xffffff84
core   0: 0x800074a4 (0x012d8033) add     zero, s11, s2
core   0: 3 0x800074a4 (0x012d8033)
core   0: 0x800074a8 (0x6d31e813) ori     a6, gp, 1747
core   0: 3 0x800074a8 (0x6d31e813) x16 0x000006d3
core   0: 0x800074ac (0x059a9863) bne     s5, s9, pc + 80
core   0: 3 0x800074ac (0x059a9863)
core   0: 0x800074fc (0x01d80c63) beq     a6, t4, pc + 24
core   0: 3 0x800074fc (0x01d80c63)
core   0: 0x80007500 (0x08f1ac13) slti    s8, gp, 143
core   0: 3 0x80007500 (0x08f1ac13) x24 0x00000000
core   0: 0x80007504 (0x10bdbf13) sltiu   t5, s11, 267
core   0: 3 0x80007504 (0x10bdbf13) x30 0x00000001
core   0: 0x80007508 (0x04a8d263) bge     a7, a0, pc + 68
core   0: 3 0x80007508 (0x04a8d263)
core   0: 0x8000750c (0x40e95793) srai    a5, s2, 14
core   0: 3 0x8000750c (0x40e95793) x15 0x00000000
core   0: 0x80007510 (0x01e58133) add     sp, a1, t5
core   0: 3 0x80007510 (0x01e58133) x 2 0xff56ebd1
core   0: 0x80007514 (0x0ff0000f) fence   iorw,iorw
core   0: 3 0x80007514 (0x0ff0000f)
core   0: 0x80007518 (0x43682c13) slti    s8, a6, 1078
core   0: 3 0x80007518 (0x43682c13) x24 0x00000000
core   0: 0x8000751c (0x4105d633) sra     a2, a1, a6
core   0: 3 0x8000751c (0x4105d633) x12 0xffffffea
core   0: 0x80007520 (0x3fa73113) sltiu   sp, a4, 1018
core   0: 3 0x80007520 (0x3fa73113) x 2 0x00000000
core   0: 0x80007524 (0x05185263) bge     a6, a7, pc + 68
core   0: 3 0x80007524 (0x05185263)
core   0: 0x80007568 (0x0009b233) sltu    tp, s3, zero
core   0: 3 0x80007568 (0x0009b233) x 4 0x00000000
core   0: 0x8000756c (0x09b89463) bne     a7, s11, pc + 136
core   0: 3 0x8000756c (0x09b89463)
core   0: 0x800075f4 (0x0121fcb3) and     s9, gp, s2
core   0: 3 0x800075f4 (0x0121fcb3) x25 0x00000000
core   0: 0x800075f8 (0x0000100f) fence.i
core   0: 3 0x800075f8 (0x0000100f)
core   0: 0x800075fc (0x019eec63) bltu    t4, s9, pc + 24
core   0: 3 0x800075fc (0x019eec63)
core   0: 0x80007600 (0x0041c933) xor     s2, gp, tp
core   0: 3 0x80007600 (0x0041c933) x18 0x000006c0
core   0: 0x80007604 (0xecd5cb17) auipc   s6, 0xecd5c
core   0: 3 0x80007604 (0xecd5cb17) x22 0x6cd63604
core   0: 0x80007608 (0x009ff633) and     a2, t6, s1
core   0: 3 0x80007608 (0x009ff633) x12 0x000000e0
core   0: 0x8000760c (0x01118e33) add     t3, gp, a7
core   0: 3 0x8000760c (0x01118e33) x28 0x0000073c
core   0: 0x80007610 (0x05ffab13) slti    s6, t6, 95
core   0: 3 0x80007610 (0x05ffab13) x22 0x00000000
core   0: 0x80007614 (0x010c3233) sltu    tp, s8, a6
core   0: 3 0x80007614 (0x010c3233) x 4 0x00000001
core   0: 0x80007618 (0x00500413) li      s0, 5
core   0: 3 0x80007618 (0x00500413) x 8 0x00000005
core   0: 0x8000761c (0x33ccd297) auipc   t0, 0x33ccd
core   0: 3 0x8000761c (0x33ccd297) x 5 0xb3cd461c
core   0: 0x80007620 (0x01eee2b3) or      t0, t4, t5
core   0: 3 0x80007620 (0x01eee2b3) x 5 0x00000001
core   0: 0x80007624 (0x00b00c13) li      s8, 11
core   0: 3 0x80007624 (0x00b00c13) x24 0x0000000b
core   0: 0x80007628 (0x00c20933) add     s2, tp, a2
core   0: 3 0x80007628 (0x00c20933) x18 0x000000e1
core   0: 0x8000762c (0x00740413) addi    s0, s0, 7
core   0: 3 0x8000762c (0x00740413) x 8 0x0000000c
core   0: 0x80007630 (0x01a6a3b3) slt     t2, a3, s10
core   0: 3 0x80007630 (0x01a6a3b3) x 7 0x00000001
core   0: 0x80007634 (0x00400f93) li      t6, 4
core   0: 3 0x80007634 (0x00400f93) x31 0x00000004
core   0: 0x80007638 (0x00099393) slli    t2, s3, 0
core   0: 3 0x80007638 (0x00099393) x 7 0xfffff842
core   0: 0x8000763c (0x00e20133) add     sp, tp, a4
core   0: 3 0x8000763c (0x00e20133) x 2 0xfb602577
core   0: 0x80007640 (0x00000013) nop
core   0: 3 0x80007640 (0x00000013)
core   0: 0x80007644 (0x019133b3) sltu    t2, sp, s9
core   0: 3 0x80007644 (0x019133b3) x 7 0x00000000
core   0: 0x80007648 (0xc79f4893) xori    a7, t5, -903
core   0: 3 0x80007648 (0xc79f4893) x17 0xfffffc78
core   0: 0x8000764c (0x2d7fff13) andi    t5, t6, 727
core   0: 3 0x8000764c (0x2d7fff13) x30 0x00000004
core   0: 0x80007650 (0x0000100f) fence.i
core   0: 3 0x80007650 (0x0000100f)
core   0: 0x80007654 (0xffb00b13) li      s6, -5
core   0: 3 0x80007654 (0xffb00b13) x22 0xfffffffb
core   0: 0x80007658 (0x12750793) addi    a5, a0, 295
core   0: 3 0x80007658 (0x12750793) x15 0x00000507
core   0: 0x8000765c (0x0e97c693) xori    a3, a5, 233
core   0: 3 0x8000765c (0x0e97c693) x13 0x000005ee
core   0: 0x80007660 (0xff7f8f93) addi    t6, t6, -9
core   0: 3 0x80007660 (0xff7f8f93) x31 0xfffffffb
core   0: 0x80007664 (0xf39ee013) ori     zero, t4, -199
core   0: 3 0x80007664 (0xf39ee013)
core   0: 0x80007668 (0x011aceb3) xor     t4, s5, a7
core   0: 3 0x80007668 (0x011aceb3) x29 0x024feec3
core   0: 0x8000766c (0xff6f86e3) beq     t6, s6, pc - 20
core   0: 3 0x8000766c (0xff6f86e3)
core   0: 0x80007658 (0x12750793) addi    a5, a0, 295
core   0: 3 0x80007658 (0x12750793) x15 0x00000507
core   0: 0x8000765c (0x0e97c693) xori    a3, a5, 233
core   0: 3 0x8000765c (0x0e97c693) x13 0x000005ee
core   0: 0x80007660 (0xff7f8f93) addi    t6, t6, -9
core   0: 3 0x80007660 (0xff7f8f93) x31 0xfffffff2
core   0: 0x80007664 (0xf39ee013) ori     zero, t4, -199
core   0: 3 0x80007664 (0xf39ee013)
core   0: 0x80007668 (0x011aceb3) xor     t4, s5, a7
core   0: 3 0x80007668 (0x011aceb3) x29 0x024feec3
core   0: 0x8000766c (0xff6f86e3) beq     t6, s6, pc - 20
core   0: 3 0x8000766c (0xff6f86e3)
core   0: 0x80007670 (0x00802eb3) slt     t4, zero, s0
core   0: 3 0x80007670 (0x00802eb3) x29 0x00000001
core   0: 0x80007674 (0xfb846ae3) bltu    s0, s8, pc - 76
core   0: 3 0x80007674 (0xfb846ae3)
core   0: 0x80007678 (0x00000013) nop
core   0: 3 0x80007678 (0x00000013)
core   0: 0x8000767c (0x03cb9a63) bne     s7, t3, pc + 52
core   0: 3 0x8000767c (0x03cb9a63)
core   0: 0x800076b0 (0x00151c93) slli    s9, a0, 1
core   0: 3 0x800076b0 (0x00151c93) x25 0x000007c0
core   0: 0x800076b4 (0x015f9c93) slli    s9, t6, 21
core   0: 3 0x800076b4 (0x015f9c93) x25 0xfe400000
core   0: 0x800076b8 (0x9279ef93) ori     t6, s3, -1753
core   0: 3 0x800076b8 (0x9279ef93) x31 0xfffff967
core   0: 0x800076bc (0x05b17863) bgeu    sp, s11, pc + 80
core   0: 3 0x800076bc (0x05b17863)
core   0: 0x8000770c (0x040a9463) bnez    s5, pc + 72
core   0: 3 0x8000770c (0x040a9463)
core   0: 0x80007754 (0x18d46993) ori     s3, s0, 397
core   0: 3 0x80007754 (0x18d46993) x19 0x0000018d
core   0: 0x80007758 (0x41dc5693) srai    a3, s8, 29
core   0: 3 0x80007758 (0x41dc5693) x13 0x00000000
core   0: 0x8000775c (0x04c07863) bgeu    zero, a2, pc + 80
core   0: 3 0x8000775c (0x04c07863)
core   0: 0x80007760 (0x00811663) bne     sp, s0, pc + 12
core   0: 3 0x80007760 (0x00811663)
core   0: 0x8000776c (0x00cca5b3) slt     a1, s9, a2
core   0: 3 0x8000776c (0x00cca5b3) x11 0x00000001
core   0: 0x80007770 (0x01372eb3) slt     t4, a4, s3
core   0: 3 0x80007770 (0x01372eb3) x29 0x00000001
core   0: 0x80007774 (0x04eb6463) bltu    s6, a4, pc + 72
core   0: 3 0x80007774 (0x04eb6463)
core   0: 0x80007778 (0x41638933) sub     s2, t2, s6
core   0: 3 0x80007778 (0x41638933) x18 0x00000005
core   0: 0x8000777c (0x00000013) nop
core   0: 3 0x8000777c (0x00000013)
core   0: 0x80007780 (0x016c7433) and     s0, s8, s6
core   0: 3 0x80007780 (0x016c7433) x 8 0x0000000b
core   0: 0x80007784 (0x3d04b813) sltiu   a6, s1, 976
core   0: 3 0x80007784 (0x3d04b813) x16 0x00000000
core   0: 0x80007788 (0x00aabfb3) sltu    t6, s5, a0
core   0: 3 0x80007788 (0x00aabfb3) x31 0x00000000
core   0: 0x8000778c (0x0ff0000f) fence   iorw,iorw
core   0: 3 0x8000778c (0x0ff0000f)
core   0: 0x80007790 (0x01475913) srli    s2, a4, 20
core   0: 3 0x80007790 (0x01475913) x18 0x00000fb6
core   0: 0x80007794 (0x765345b7) lui     a1, 0x76534
core   0: 3 0x80007794 (0x765345b7) x11 0x76534000
core   0: 0x80007798 (0x0426d463) bge     a3, sp, pc + 72
core   0: 3 0x80007798 (0x0426d463)
core   0: 0x800077e0 (0x0000100f) fence.i
core   0: 3 0x800077e0 (0x0000100f)
core   0: 0x800077e4 (0x004bdcb3) srl     s9, s7, tp
core   0: 3 0x800077e4 (0x004bdcb3) x25 0x40012732
core   0: 0x800077e8 (0xe9142413) slti    s0, s0, -367
core   0: 3 0x800077e8 (0xe9142413) x 8 0x00000000
core   0: 0x800077ec (0x41e40a33) sub     s4, s0, t5
core   0: 3 0x800077ec (0x41e40a33) x20 0xfffffffc
core   0: 0x800077f0 (0x41db8633) sub     a2, s7, t4
core   0: 3 0x800077f0 (0x41db8633) x12 0x80024e63
core   0: 0x800077f4 (0x0ff0000f) fence   iorw,iorw
core   0: 3 0x800077f4 (0x0ff0000f)
core   0: 0x800077f8 (0x86c37193) andi    gp, t1, -1940
core   0: 3 0x800077f8 (0x86c37193) x 3 0x00000000
core   0: 0x800077fc (0x006e9b33) sll     s6, t4, t1
core   0: 3 0x800077fc (0x006e9b33) x22 0x00000001
core   0: 0x80007800 (0x41e0d733) sra     a4, ra, t5
core   0: 3 0x80007800 (0x41e0d733) x14 0x00000000
core   0: 0x80007804 (0x40465393) srai    t2, a2, 4
core   0: 3 0x80007804 (0x40465393) x 7 0xf80024e6
core   0: 0x80007808 (0x01701f93) slli    t6, zero, 23
core   0: 3 0x80007808 (0x01701f93) x31 0x00000000
core   0: 0x8000780c (0x05d7f263) bgeu    a5, t4, pc + 68
core   0: 3 0x8000780c (0x05d7f263)
core   0: 0x80007850 (0x00275e13) srli    t3, a4, 2
core   0: 3 0x80007850 (0x00275e13) x28 0x00000000
core   0: 0x80007854 (0x4ca5ed13) ori     s10, a1, 1226
core   0: 3 0x80007854 (0x4ca5ed13) x26 0x765344ca
core   0: 0x80007858 (0x40640733) sub     a4, s0, t1
core   0: 3 0x80007858 (0x40640733) x14 0x00000000
core   0: 0x8000785c (0x6360f413) andi    s0, ra, 1590
core   0: 3 0x8000785c (0x6360f413) x 8 0x00000000
core   0: 0x80007860 (0x055c1863) bne     s8, s5, pc + 80
core   0: 3 0x80007860 (0x055c1863)
core   0: 0x800078b0 (0x04250863) beq     a0, sp, pc + 80
core   0: 3 0x800078b0 (0x04250863)
core   0: 0x800078b4 (0x015ceb33) or      s6, s9, s5
core   0: 3 0x800078b4 (0x015ceb33) x22 0xfdb137bb
core   0: 0x800078b8 (0x01af9313) slli    t1, t6, 26
core   0: 3 0x800078b8 (0x01af9313) x 6 0x00000000
core   0: 0x800078bc (0x011b5533) srl     a0, s6, a7
core   0: 3 0x800078bc (0x011b5533) x10 0x000000fd
core   0: 0x800078c0 (0x41375193) srai    gp, a4, 19
core   0: 3 0x800078c0 (0x41375193) x 3 0x00000000
core   0: 0x800078c4 (0x01b2d6b3) srl     a3, t0, s11
core   0: 3 0x800078c4 (0x01b2d6b3) x13 0x00000001
core   0: 0x800078c8 (0x41dddeb3) sra     t4, s11, t4
core   0: 3 0x800078c8 (0x41dddeb3) x29 0x00000000
core   0: 0x800078cc (0xd7696993) ori     s3, s2, -650
core   0: 3 0x800078cc (0xd7696993) x19 0xfffffff6
core   0: 0x800078d0 (0x403e5393) srai    t2, t3, 3
core   0: 3 0x800078d0 (0x403e5393) x 7 0x00000000
core   0: 0x800078d4 (0x005d7033) and     zero, s10, t0
core   0: 3 0x800078d4 (0x005d7033)
core   0: 0x800078d8 (0x01a9de63) bge     s3, s10, pc + 28
core   0: 3 0x800078d8 (0x01a9de63)
core   0: 0x800078dc (0xdac73d93) sltiu   s11, a4, -596
core   0: 3 0x800078dc (0xdac73d93) x27 0x00000001
core   0: 0x800078e0 (0x00565b13) srli    s6, a2, 5
core   0: 3 0x800078e0 (0x00565b13) x22 0x04001273
core   0: 0x800078e4 (0x008fc663) blt     t6, s0, pc + 12
core   0: 3 0x800078e4 (0x008fc663)
core   0: 0x800078e8 (0x006471b3) and     gp, s0, t1
core   0: 3 0x800078e8 (0x006471b3) x 3 0x00000000
core   0: 0x800078ec (0x04181263) bne     a6, ra, pc + 68
core   0: 3 0x800078ec (0x04181263)
core   0: 0x800078f0 (0x009b6d33) or      s10, s6, s1
core   0: 3 0x800078f0 (0x009b6d33) x26 0x84029ef7
core   0: 0x800078f4 (0x01dbc1b3) xor     gp, s7, t4
core   0: 3 0x800078f4 (0x01dbc1b3) x 3 0x80024e64
core   0: 0x800078f8 (0x0188d413) srli    s0, a7, 24
core   0: 3 0x800078f8 (0x0188d413) x 8 0x000000ff
core   0: 0x800078fc (0x401a5f13) srai    t5, s4, 1
core   0: 3 0x800078fc (0x401a5f13) x30 0xfffffffe
core   0: 0x80007900 (0x02947e63) bgeu    s0, s1, pc + 60
core   0: 3 0x80007900 (0x02947e63)
core   0: 0x80007904 (0x41955893) srai    a7, a0, 25
core   0: 3 0x80007904 (0x41955893) x17 0x00000000
core   0: 0x80007908 (0x0ff0000f) fence   iorw,iorw
core   0: 3 0x80007908 (0x0ff0000f)
core   0: 0x8000790c (0x7a5a6b13) ori     s6, s4, 1957
core   0: 3 0x8000790c (0x7a5a6b13) x22 0xfffffffd
core   0: 0x80007910 (0x00039c63) bnez    t2, pc + 24
core   0: 3 0x80007910 (0x00039c63)
core   0: 0x80007914 (0x00b91cb3) sll     s9, s2, a1
core   0: 3 0x80007914 (0x00b91cb3) x25 0x00000fb6
core   0: 0x80007918 (0x01af17b3) sll     a5, t5, s10
core   0: 3 0x80007918 (0x01af17b3) x15 0xff000000
core   0: 0x8000791c (0x01c0c633) xor     a2, ra, t3
core   0: 3 0x8000791c (0x01c0c633) x12 0x00000000
core   0: 0x80007920 (0x045f8263) beq     t6, t0, pc + 68
core   0: 3 0x80007920 (0x045f8263)
core   0: 0x80007924 (0x231f4413) xori    s0, t5, 561
core   0: 3 0x80007924 (0x231f4413) x 8 0xfffffdcf
core   0: 0x80007928 (0x419909b3) sub     s3, s2, s9
core   0: 3 0x80007928 (0x419909b3) x19 0x00000000
core   0: 0x8000792c (0x41580633) sub     a2, a6, s5
core   0: 3 0x8000792c (0x41580633) x12 0x024fed45
core   0: 0x80007930 (0x41cb8eb3) sub     t4, s7, t3
core   0: 3 0x80007930 (0x41cb8eb3) x29 0x80024e64
core   0: 0x80007934 (0xfb203f17) auipc   t5, 0xfb203
core   0: 3 0x80007934 (0xfb203f17) x30 0x7b20a934
core   0: 0x80007938 (0x022b7263) bgeu    s6, sp, pc + 36
core   0: 3 0x80007938 (0x022b7263)
core   0: 0x8000795c (0x402108b3) sub     a7, sp, sp
core   0: 3 0x8000795c (0x402108b3) x17 0x00000000
core   0: 0x80007960 (0x99b42537) lui     a0, 0x99b42
core   0: 3 0x80007960 (0x99b42537) x10 0x99b42000
core   0: 0x80007964 (0x0189c033) xor     zero, s3, s8
core   0: 3 0x80007964 (0x0189c033)
core   0: 0x80007968 (0xec7862b7) lui     t0, 0xec786
core   0: 3 0x80007968 (0xec7862b7) x 5 0xec786000
core   0: 0x8000796c (0x0024a2b3) slt     t0, s1, sp
core   0: 3 0x8000796c (0x0024a2b3) x 5 0x00000001
core   0: 0x80007970 (0x0ff0000f) fence   iorw,iorw
core   0: 3 0x80007970 (0x0ff0000f)
core   0: 0x80007974 (0x0f2d4813) xori    a6, s10, 242
core   0: 3 0x80007974 (0x0f2d4813) x16 0x84029e05
core   0: 0x80007978 (0xa2460213) addi    tp, a2, -1500
core   0: 3 0x80007978 (0xa2460213) x 4 0x024fe769
core   0: 0x8000797c (0x41ee57b3) sra     a5, t3, t5
core   0: 3 0x8000797c (0x41ee57b3) x15 0x00000000
core   0: 0x80007980 (0x01f49613) slli    a2, s1, 31
core   0: 3 0x80007980 (0x01f49613) x12 0x00000000
core   0: 0x80007984 (0x0159bcb3) sltu    s9, s3, s5
core   0: 3 0x80007984 (0x0159bcb3) x25 0x00000001
core   0: 0x80007988 (0x00000013) nop
core   0: 3 0x80007988 (0x00000013)
core   0: 0x8000798c (0x1686af13) slti    t5, a3, 360
core   0: 3 0x8000798c (0x1686af13) x30 0x00000001
core   0: 0x80007990 (0xb38af593) andi    a1, s5, -1224
core   0: 3 0x80007990 (0xb38af593) x11 0xfdb01238
core   0: 0x80007994 (0x418686b3) sub     a3, a3, s8
core   0: 3 0x80007994 (0x418686b3) x13 0xfffffff6
core   0: 0x80007998 (0x7a51ef93) ori     t6, gp, 1957
core   0: 3 0x80007998 (0x7a51ef93) x31 0x80024fe5
core   0: 0x8000799c (0x0b4d1863) bne     s10, s4, pc + 176
core   0: 3 0x8000799c (0x0b4d1863)
core   0: 0x80007a4c (0x006f7863) bgeu    t5, t1, pc + 16
core   0: 3 0x80007a4c (0x006f7863)
core   0: 0x80007a5c (0x001172b3) and     t0, sp, ra
core   0: 3 0x80007a5c (0x001172b3) x 5 0x00000000
core   0: 0x80007a60 (0x00000013) nop
core   0: 3 0x80007a60 (0x00000013)
core   0: 0x80007a64 (0x014523b3) slt     t2, a0, s4
core   0: 3 0x80007a64 (0x014523b3) x 7 0x00000001
core   0: 0x80007a68 (0x64c9ad17) auipc   s10, 0x64c9a
core   0: 3 0x80007a68 (0x64c9ad17) x26 0xe4ca1a68
core   0: 0x80007a6c (0x0161f863) bgeu    gp, s6, pc + 16
core   0: 3 0x80007a6c (0x0161f863)
core   0: 0x80007a70 (0x01930e33) add     t3, t1, s9
core   0: 3 0x80007a70 (0x01930e33) x28 0x00000001
core   0: 0x80007a74 (0x04109063) bne     ra, ra, pc + 64
core   0: 3 0x80007a74 (0x04109063)
core   0: 0x80007a78 (0x00449e93) slli    t4, s1, 4
core   0: 3 0x80007a78 (0x00449e93) x29 0x0028ce40
core   0: 0x80007a7c (0x055f4463) blt     t5, s5, pc + 72
core   0: 3 0x80007a7c (0x055f4463)
core   0: 0x80007a80 (0x01f3db13) srli    s6, t2, 31
core   0: 3 0x80007a80 (0x01f3db13) x22 0x00000000
core   0: 0x80007a84 (0x0000100f) fence.i
core   0: 3 0x80007a84 (0x0000100f)
core   0: 0x80007a88 (0xf4d2a213) slti    tp, t0, -179
core   0: 3 0x80007a88 (0xf4d2a213) x 4 0x00000000
core   0: 0x80007a8c (0x001b92b3) sll     t0, s7, ra
core   0: 3 0x80007a8c (0x001b92b3) x 5 0x80024e64
core   0: 0x80007a90 (0x410180b3) sub     ra, gp, a6
core   0: 3 0x80007a90 (0x410180b3) x 1 0xfbffb05f
core   0: 0x80007a94 (0xfc20ab13) slti    s6, ra, -62
core   0: 3 0x80007a94 (0xfc20ab13) x22 0x00000001
core   0: 0x80007a98 (0xcc956793) ori     a5, a0, -823
core   0: 3 0x80007a98 (0xcc956793) x15 0xfffffcc9
core   0: 0x80007a9c (0x00428833) add     a6, t0, tp
core   0: 3 0x80007a9c (0x00428833) x16 0x80024e64
core   0: 0x80007aa0 (0x0101f463) bgeu    gp, a6, pc + 8
core   0: 3 0x80007aa0 (0x0101f463)
core   0: 0x80007aa8 (0x4175d713) srai    a4, a1, 23
core   0: 3 0x80007aa8 (0x4175d713) x14 0xfffffffb
core   0: 0x80007aac (0x05078863) beq     a5, a6, pc + 80
core   0: 3 0x80007aac (0x05078863)
core   0: 0x80007ab0 (0x8d44ae93) slti    t4, s1, -1836
core   0: 3 0x80007ab0 (0x8d44ae93) x29 0x00000001
core   0: 0x80007ab4 (0x01c21f93) slli    t6, tp, 28
core   0: 3 0x80007ab4 (0x01c21f93) x31 0x00000000
core   0: 0x80007ab8 (0xf9654813) xori    a6, a0, -106
core   0: 3 0x80007ab8 (0xf9654813) x16 0x664bdf96
core   0: 0x80007abc (0xa02fb813) sltiu   a6, t6, -1534
core   0: 3 0x80007abc (0xa02fb813) x16 0x00000001
core   0: 0x80007ac0 (0x00db0463) beq     s6, a3, pc + 8
core   0: 3 0x80007ac0 (0x00db0463)
core   0: 0x80007ac4 (0x04b81863) bne     a6, a1, pc + 80
core   0: 3 0x80007ac4 (0x04b81863)
core   0: 0x80007b14 (0x0038c5b3) xor     a1, a7, gp
core   0: 3 0x80007b14 (0x0038c5b3) x11 0x80024e64
core   0: 0x80007b18 (0x01809413) slli    s0, ra, 24
core   0: 3 0x80007b18 (0x01809413) x 8 0x5f000000
core   0: 0x80007b1c (0x575b6913) ori     s2, s6, 1397
core   0: 3 0x80007b1c (0x575b6913) x18 0x00000575
core   0: 0x80007b20 (0x0428c863) blt     a7, sp, pc + 80
core   0: 3 0x80007b20 (0x0428c863)
core   0: 0x80007b24 (0x015d5593) srli    a1, s10, 21
core   0: 3 0x80007b24 (0x015d5593) x11 0x00000726
core   0: 0x80007b28 (0x0000100f) fence.i
core   0: 3 0x80007b28 (0x0000100f)
core   0: 0x80007b2c (0x82cbe193) ori     gp, s7, -2004
core   0: 3 0x80007b2c (0x82cbe193) x 3 0xfffffe6c
core   0: 0x80007b30 (0x1d664113) xori    sp, a2, 470
core   0: 3 0x80007b30 (0x1d664113) x 2 0x000001d6
core   0: 0x80007b34 (0x41248a33) sub     s4, s1, s2
core   0: 3 0x80007b34 (0x41248a33) x20 0x8002876f
core   0: 0x80007b38 (0x00cd7863) bgeu    s10, a2, pc + 16
core   0: 3 0x80007b38 (0x00cd7863)
core   0: 0x80007b48 (0x41970633) sub     a2, a4, s9
core   0: 3 0x80007b48 (0x41970633) x12 0xfffffffa
core   0: 0x80007b4c (0x01ddc8b3) xor     a7, s11, t4
core   0: 3 0x80007b4c (0x01ddc8b3) x17 0x00000000
core   0: 0x80007b50 (0x28e56613) ori     a2, a0, 654
core   0: 3 0x80007b50 (0x28e56613) x12 0x99b4228e
core   0: 0x80007b54 (0x0a8f5063) bge     t5, s0, pc + 160
core   0: 3 0x80007b54 (0x0a8f5063)
core   0: 0x80007b58 (0x0138c3b3) xor     t2, a7, s3
core   0: 3 0x80007b58 (0x0138c3b3) x 7 0x00000000
core   0: 0x80007b5c (0x06511c63) bne     sp, t0, pc + 120
core   0: 3 0x80007b5c (0x06511c63)
core   0: 0x80007bd4 (0x41705713) srai    a4, zero, 23
core   0: 3 0x80007bd4 (0x41705713) x14 0x00000000
core   0: 0x80007bd8 (0x119acf13) xori    t5, s5, 281
core   0: 3 0x80007bd8 (0x119acf13) x30 0xfdb013a2
core   0: 0x80007bdc (0x01665a33) srl     s4, a2, s6
core   0: 3 0x80007bdc (0x01665a33) x20 0x4cda1147
core   0: 0x80007be0 (0x031a1863) bne     s4, a7, pc + 48
core   0: 3 0x80007be0 (0x031a1863)
core   0: 0x80007c10 (0x6f0f6697) auipc   a3, 0x6f0f6
core   0: 3 0x80007c10 (0x6f0f6697) x13 0xef0fdc10
core   0: 0x80007c14 (0xd0f72693) slti    a3, a4, -753
core   0: 3 0x80007c14 (0xd0f72693) x13 0x00000000
core   0: 0x80007c18 (0x00a49463) bne     s1, a0, pc + 8
core   0: 3 0x80007c18 (0x00a49463)
core   0: 0x80007c20 (0x048ac863) blt     s5, s0, pc + 80
core   0: 3 0x80007c20 (0x048ac863)
core   0: 0x80007c70 (0x01aba133) slt     sp, s7, s10
core   0: 3 0x80007c70 (0x01aba133) x 2 0x00000001
core   0: 0x80007c74 (0xadcb8913) addi    s2, s7, -1316
core   0: 3 0x80007c74 (0xadcb8913) x18 0x80024940
core   0: 0x80007c78 (0x70fcf137) lui     sp, 0x70fcf
core   0: 3 0x80007c78 (0x70fcf137) x 2 0x70fcf000
core   0: 0x80007c7c (0x0000100f) fence.i
core   0: 3 0x80007c7c (0x0000100f)
core   0: 0x80007c80 (0x00278433) add     s0, a5, sp
core   0: 3 0x80007c80 (0x00278433) x 8 0x70fcecc9
core   0: 0x80007c84 (0xd9667837) lui     a6, 0xd9667
core   0: 3 0x80007c84 (0xd9667837) x16 0xd9667000
core   0: 0x80007c88 (0x0ff0000f) fence   iorw,iorw
core   0: 3 0x80007c88 (0x0ff0000f)
core   0: 0x80007c8c (0x00430c33) add     s8, t1, tp
core   0: 3 0x80007c8c (0x00430c33) x24 0x00000000
core   0: 0x80007c90 (0x00cb7233) and     tp, s6, a2
core   0: 3 0x80007c90 (0x00cb7233) x 4 0x00000000
core   0: 0x80007c94 (0xe72e4593) xori    a1, t3, -398
core   0: 3 0x80007c94 (0xe72e4593) x11 0xfffffe73
core   0: 0x80007c98 (0x01a8bf33) sltu    t5, a7, s10
core   0: 3 0x80007c98 (0x01a8bf33) x30 0x00000001
core   0: 0x80007c9c (0x35aaec93) ori     s9, s5, 858
core   0: 3 0x80007c9c (0x35aaec93) x25 0xfdb013fb
core   0: 0x80007ca0 (0x8b859f37) lui     t5, 0x8b859
core   0: 3 0x80007ca0 (0x8b859f37) x30 0x8b859000
core   0: 0x80007ca4 (0x40620833) sub     a6, tp, t1
core   0: 3 0x80007ca4 (0x40620833) x16 0x00000000
core   0: 0x80007ca8 (0xe0557f13) andi    t5, a0, -507
core   0: 3 0x80007ca8 (0xe0557f13) x30 0x99b42000
core   0: 0x80007cac (0x03cc8a63) beq     s9, t3, pc + 52
core   0: 3 0x80007cac (0x03cc8a63)
core   0: 0x80007cb0 (0xfbc7fa13) andi    s4, a5, -68
core   0: 3 0x80007cb0 (0xfbc7fa13) x20 0xfffffc88
core   0: 0x80007cb4 (0x01857293) andi    t0, a0, 24
core   0: 3 0x80007cb4 (0x01857293) x 5 0x00000000
core   0: 0x80007cb8 (0x1f380893) addi    a7, a6, 499
core   0: 3 0x80007cb8 (0x1f380893) x17 0x000001f3
core   0: 0x80007cbc (0x40cd58b3) sra     a7, s10, a2
core   0: 3 0x80007cbc (0x40cd58b3) x17 0xffff9328
core   0: 0x80007cc0 (0x025c4863) blt     s8, t0, pc + 48
core   0: 3 0x80007cc0 (0x025c4863)
core   0: 0x80007cc4 (0x002b5813) srli    a6, s6, 2
core   0: 3 0x80007cc4 (0x002b5813) x16 0x00000000
core   0: 0x80007cc8 (0x0475c863) blt     a1, t2, pc + 80
core   0: 3 0x80007cc8 (0x0475c863)
core   0: 0x80007d18 (0x01e11b33) sll     s6, sp, t5
core   0: 3 0x80007d18 (0x01e11b33) x22 0x70fcf000
core   0: 0x80007d1c (0x0ff0000f) fence   iorw,iorw
core   0: 3 0x80007d1c (0x0ff0000f)
core   0: 0x80007d20 (0x001ccf33) xor     t5, s9, ra
core   0: 3 0x80007d20 (0x001ccf33) x30 0x064fa3a4
core   0: 0x80007d24 (0x00ba2eb3) slt     t4, s4, a1
core   0: 3 0x80007d24 (0x00ba2eb3) x29 0x00000001
core   0: 0x80007d28 (0x96574a13) xori    s4, a4, -1691
core   0: 3 0x80007d28 (0x96574a13) x20 0xfffff965
core   0: 0x80007d2c (0x41cf5933) sra     s2, t5, t3
core   0: 3 0x80007d2c (0x41cf5933) x18 0x0327d1d2
core   0: 0x80007d30 (0x04b5f463) bgeu    a1, a1, pc + 72
core   0: 3 0x80007d30 (0x04b5f463)
core   0: 0x80007d78 (0x037a9663) bne     s5, s7, pc + 44
core   0: 3 0x80007d78 (0x037a9663)
core   0: 0x80007da4 (0x49042293) slti    t0, s0, 1168
core   0: 3 0x80007da4 (0x49042293) x 5 0x00000000
core   0: 0x80007da8 (0x40bdd713) srai    a4, s11, 11
core   0: 3 0x80007da8 (0x40bdd713) x14 0x00000000
core   0: 0x80007dac (0x03508863) beq     ra, s5, pc + 48
core   0: 3 0x80007dac (0x03508863)
core   0: 0x80007db0 (0x00000013) nop
core   0: 3 0x80007db0 (0x00000013)
core   0: 0x80007db4 (0x003dfcb3) and     s9, s11, gp
core   0: 3 0x80007db4 (0x003dfcb3) x25 0x00000000
core   0: 0x80007db8 (0x41dcda33) sra     s4, s9, t4
core   0: 3 0x80007db8 (0x41dcda33) x20 0x00000000
core   0: 0x80007dbc (0x008253b3) srl     t2, tp, s0
core   0: 3 0x80007dbc (0x008253b3) x 7 0x00000000
core   0: 0x80007dc0 (0xec920d17) auipc   s10, 0xec920
core   0: 3 0x80007dc0 (0xec920d17) x26 0x6c927dc0
core   0: 0x80007dc4 (0x005986b3) add     a3, s3, t0
core   0: 3 0x80007dc4 (0x005986b3) x13 0x00000000
core   0: 0x80007dc8 (0x2b6be193) ori     gp, s7, 694
core   0: 3 0x80007dc8 (0x2b6be193) x 3 0x80024ef6
core   0: 0x80007dcc (0x0000100f) fence.i
core   0: 3 0x80007dcc (0x0000100f)
core   0: 0x80007dd0 (0x629eb113) sltiu   sp, t4, 1577
core   0: 3 0x80007dd0 (0x629eb113) x 2 0x00000001
core   0: 0x80007dd4 (0x0567d463) bge     a5, s6, pc + 72
core   0: 3 0x80007dd4 (0x0567d463)
core   0: 0x80007dd8 (0x015b71b3) and     gp, s6, s5
core   0: 3 0x80007dd8 (0x015b71b3) x 3 0x70b01000
core   0: 0x80007ddc (0x79fba393) slti    t2, s7, 1951
core   0: 3 0x80007ddc (0x79fba393) x 7 0x00000001
core   0: 0x80007de0 (0x0000100f) fence.i
core   0: 3 0x80007de0 (0x0000100f)
core   0: 0x80007de4 (0x00195f13) srli    t5, s2, 1
core   0: 3 0x80007de4 (0x00195f13) x30 0x0193e8e9
core   0: 0x80007de8 (0x0000100f) fence.i
core   0: 3 0x80007de8 (0x0000100f)
core   0: 0x80007dec (0x00000013) nop
core   0: 3 0x80007dec (0x00000013)
core   0: 0x80007df0 (0x047c8263) beq     s9, t2, pc + 68
core   0: 3 0x80007df0 (0x047c8263)
core   0: 0x80007df4 (0x681e6b13) ori     s6, t3, 1665
core   0: 3 0x80007df4 (0x681e6b13) x22 0x00000681
core   0: 0x80007df8 (0x6101f317) auipc   t1, 0x6101f
core   0: 3 0x80007df8 (0x6101f317) x 6 0xe1026df8
core   0: 0x80007dfc (0x000b9533) sll     a0, s7, zero
core   0: 3 0x80007dfc (0x000b9533) x10 0x80024e64
core   0: 0x80007e00 (0x2b5ff3b7) lui     t2, 0x2b5ff
core   0: 3 0x80007e00 (0x2b5ff3b7) x 7 0x2b5ff000
core   0: 0x80007e04 (0x014e7b33) and     s6, t3, s4
core   0: 3 0x80007e04 (0x014e7b33) x22 0x00000000
core   0: 0x80007e08 (0x01be0733) add     a4, t3, s11
core   0: 3 0x80007e08 (0x01be0733) x14 0x00000002
core   0: 0x80007e0c (0x051ce063) bltu    s9, a7, pc + 64
core   0: 3 0x80007e0c (0x051ce063)
core   0: 0x80007e4c (0x0195a933) slt     s2, a1, s9
core   0: 3 0x80007e4c (0x0195a933) x18 0x00000001
core   0: 0x80007e50 (0x19882eb7) lui     t4, 0x19882
core   0: 3 0x80007e50 (0x19882eb7) x29 0x19882000
core   0: 0x80007e54 (0x01f15c63) bge     sp, t6, pc + 24
core   0: 3 0x80007e54 (0x01f15c63)
core   0: 0x80007e6c (0x14f12993) slti    s3, sp, 335
core   0: 3 0x80007e6c (0x14f12993) x19 0x00000001
core   0: 0x80007e70 (0x00aed0b3) srl     ra, t4, a0
core   0: 3 0x80007e70 (0x00aed0b3) x 1 0x01988200
core   0: 0x80007e74 (0x0000100f) fence.i
core   0: 3 0x80007e74 (0x0000100f)
core   0: 0x80007e78 (0x01251993) slli    s3, a0, 18
core   0: 3 0x80007e78 (0x01251993) x19 0x39900000
core   0: 0x80007e7c (0x0000100f) fence.i
core   0: 3 0x80007e7c (0x0000100f)
core   0: 0x80007e80 (0x08d4cb13) xori    s6, s1, 141
core   0: 3 0x80007e80 (0x08d4cb13) x22 0x80028c69
core   0: 0x80007e84 (0x2f572d13) slti    s10, a4, 757
core   0: 3 0x80007e84 (0x2f572d13) x26 0x00000001
core   0: 0x80007e88 (0x0195f233) and     tp, a1, s9
core   0: 3 0x80007e88 (0x0195f233) x 4 0x00000000
core   0: 0x80007e8c (0x01e81863) bne     a6, t5, pc + 16
core   0: 3 0x80007e8c (0x01e81863)
core   0: 0x80007e9c (0x01ece633) or      a2, s9, t5
core   0: 3 0x80007e9c (0x01ece633) x12 0x0193e8e9
core   0: 0x80007ea0 (0x0161ba33) sltu    s4, gp, s6
core   0: 3 0x80007ea0 (0x0161ba33) x20 0x00000001
core   0: 0x80007ea4 (0xb32fbf13) sltiu   t5, t6, -1230
core   0: 3 0x80007ea4 (0xb32fbf13) x30 0x00000001
core   0: 0x80007ea8 (0x00d45233) srl     tp, s0, a3
core   0: 3 0x80007ea8 (0x00d45233) x 4 0x70fcecc9
core   0: 0x80007eac (0xc08df813) andi    a6, s11, -1016
core   0: 3 0x80007eac (0xc08df813) x16 0x00000000
core   0: 0x80007eb0 (0x00ded0b3) srl     ra, t4, a3
core   0: 3 0x80007eb0 (0x00ded0b3) x 1 0x19882000
core   0: 0x80007eb4 (0xf10cad93) slti    s11, s9, -240
core   0: 3 0x80007eb4 (0xf10cad93) x27 0x00000000
core   0: 0x80007eb8 (0x01fcda13) srli    s4, s9, 31
core   0: 3 0x80007eb8 (0x01fcda13) x20 0x00000000
core   0: 0x80007ebc (0x014bd663) bge     s7, s4, pc + 12
core   0: 3 0x80007ebc (0x014bd663)
core   0: 0x80007ec0 (0x00068e63) beqz    a3, pc + 28
core   0: 3 0x80007ec0 (0x00068e63)
core   0: 0x80007edc (0x00c71f93) slli    t6, a4, 12
core   0: 3 0x80007edc (0x00c71f93) x31 0x00002000
core   0: 0x80007ee0 (0x00000013) nop
core   0: 3 0x80007ee0 (0x00000013)
core   0: 0x80007ee4 (0xdc00c993) xori    s3, ra, -576
core   0: 3 0x80007ee4 (0xdc00c993) x19 0xe677ddc0
core   0: 0x80007ee8 (0x04111263) bne     sp, ra, pc + 68
core   0: 3 0x80007ee8 (0x04111263)
core   0: 0x80007f2c (0x0475d863) bge     a1, t2, pc + 80
core   0: 3 0x80007f2c (0x0475d863)
core   0: 0x80007f30 (0x41f00333) sub     t1, zero, t6
core   0: 3 0x80007f30 (0x41f00333) x 6 0xffffe000
core   0: 0x80007f34 (0x01067533) and     a0, a2, a6
core   0: 3 0x80007f34 (0x01067533) x10 0x00000000
core   0: 0x80007f38 (0x3fff3913) sltiu   s2, t5, 1023
core   0: 3 0x80007f38 (0x3fff3913) x18 0x00000001
core   0: 0x80007f3c (0x0066c463) blt     a3, t1, pc + 8
core   0: 3 0x80007f3c (0x0066c463)
core   0: 0x80007f40 (0x22c9ad93) slti    s11, s3, 556
core   0: 3 0x80007f40 (0x22c9ad93) x27 0x00000001
core   0: 0x80007f44 (0x03fcc863) blt     s9, t6, pc + 48
core   0: 3 0x80007f44 (0x03fcc863)
core   0: 0x80007f74 (0x00000013) nop
core   0: 3 0x80007f74 (0x00000013)
core   0: 0x80007f78 (0x00562433) slt     s0, a2, t0
core   0: 3 0x80007f78 (0x00562433) x 8 0x00000000
core   0: 0x80007f7c (0x1f873913) sltiu   s2, a4, 504
core   0: 3 0x80007f7c (0x1f873913) x18 0x00000001
core   0: 0x80007f80 (0xc6678cb7) lui     s9, 0xc6678
core   0: 3 0x80007f80 (0xc6678cb7) x25 0xc6678000
core   0: 0x80007f84 (0x005be9b3) or      s3, s7, t0
core   0: 3 0x80007f84 (0x005be9b3) x19 0x80024e64
core   0: 0x80007f88 (0x0000100f) fence.i
core   0: 3 0x80007f88 (0x0000100f)
core   0: 0x80007f8c (0x0186de93) srli    t4, a3, 24
core   0: 3 0x80007f8c (0x0186de93) x29 0x00000000
core   0: 0x80007f90 (0x65c1c693) xori    a3, gp, 1628
core   0: 3 0x80007f90 (0x65c1c693) x13 0x70b0165c
core   0: 0x80007f94 (0x02d78263) beq     a5, a3, pc + 36
core   0: 3 0x80007f94 (0x02d78263)
core   0: 0x80007f98 (0xcc839b17) auipc   s6, 0xcc839
core   0: 3 0x80007f98 (0xcc839b17) x22 0x4c840f98
core   0: 0x80007f9c (0x011d1db3) sll     s11, s10, a7
core   0: 3 0x80007f9c (0x011d1db3) x27 0x00000100
core   0: 0x80007fa0 (0x01dac6b3) xor     a3, s5, t4
core   0: 3 0x80007fa0 (0x01dac6b3) x13 0xfdb012bb
core   0: 0x80007fa4 (0xed29a093) slti    ra, s3, -302
core   0: 3 0x80007fa4 (0xed29a093) x 1 0x00000001
core   0: 0x80007fa8 (0x02edfa63) bgeu    s11, a4, pc + 52
core   0: 3 0x80007fa8 (0x02edfa63)
core   0: 0x80007fdc (0x0ff0000f) fence   iorw,iorw
core   0: 3 0x80007fdc (0x0ff0000f)
core   0: 0x80007fe0 (0x01968b33) add     s6, a3, s9
core   0: 3 0x80007fe0 (0x01968b33) x22 0xc41792bb
core   0: 0x80007fe4 (0x41b1d293) srai    t0, gp, 27
core   0: 3 0x80007fe4 (0x41b1d293) x 5 0x0000000e
core   0: 0x80007fe8 (0x4ba46e13) ori     t3, s0, 1210
core   0: 3 0x80007fe8 (0x4ba46e13) x28 0x000004ba
core   0: 0x80007fec (0x013f4463) blt     t5, s3, pc + 8
core   0: 3 0x80007fec (0x013f4463)
core   0: 0x80007ff0 (0x01ff03b3) add     t2, t5, t6
core   0: 3 0x80007ff0 (0x01ff03b3) x 7 0x00002001
core   0: 0x80007ff4 (0x04bf5863) bge     t5, a1, pc + 80
core   0: 3 0x80007ff4 (0x04bf5863)
core   0: 0x80008044 (0x5519b693) sltiu   a3, s3, 1361
core   0: 3 0x80008044 (0x5519b693) x13 0x00000000
core   0: 0x80008048 (0xae456893) ori     a7, a0, -1308
core   0: 3 0x80008048 (0xae456893) x17 0xfffffae4
core   0: 0x8000804c (0x03c78663) beq     a5, t3, pc + 44
core   0: 3 0x8000804c (0x03c78663)
core   0: 0x80008050 (0x417ed1b3) sra     gp, t4, s7
core   0: 3 0x80008050 (0x417ed1b3) x 3 0x00000000
core   0: 0x80008054 (0x00d79db3) sll     s11, a5, a3
core   0: 3 0x80008054 (0x00d79db3) x27 0xfffffcc9
core   0: 0x80008058 (0x0368c863) blt     a7, s6, pc + 48
core   0: 3 0x80008058 (0x0368c863)
core   0: 0x8000805c (0x00eecdb3) xor     s11, t4, a4
core   0: 3 0x8000805c (0x00eecdb3) x27 0x00000002
core   0: 0x80008060 (0x1baece93) xori    t4, t4, 442
core   0: 3 0x80008060 (0x1baece93) x29 0x000001ba
core   0: 0x80008064 (0x40de5d33) sra     s10, t3, a3
core   0: 3 0x80008064 (0x40de5d33) x26 0x000004ba
core   0: 0x80008068 (0x0028beb3) sltu    t4, a7, sp
core   0: 3 0x80008068 (0x0028beb3) x29 0x00000000
core   0: 0x8000806c (0x03094a63) blt     s2, a6, pc + 52
core   0: 3 0x8000806c (0x03094a63)
core   0: 0x80008070 (0xa2d26613) ori     a2, tp, -1491
core   0: 3 0x80008070 (0xa2d26613) x12 0xfffffeed
core   0: 0x80008074 (0x01f61463) bne     a2, t6, pc + 8
core   0: 3 0x80008074 (0x01f61463)
core   0: 0x8000807c (0x3e89b093) sltiu   ra, s3, 1000
core   0: 3 0x8000807c (0x3e89b093) x 1 0x00000000
core   0: 0x80008080 (0xb83afe97) auipc   t4, 0xb83af
core   0: 3 0x80008080 (0xb83afe97) x29 0x383b7080
core   0: 0x80008084 (0x06b4fc93) andi    s9, s1, 107
core   0: 3 0x80008084 (0x06b4fc93) x25 0x00000060
core   0: 0x80008088 (0x0ecf8d93) addi    s11, t6, 236
core   0: 3 0x80008088 (0x0ecf8d93) x27 0x000020ec
core   0: 0x8000808c (0x00bad2b3) srl     t0, s5, a1
core   0: 3 0x8000808c (0x00bad2b3) x 5 0x00001fb6
core   0: 0x80008090 (0x016a5013) srli    zero, s4, 22
core   0: 3 0x80008090 (0x016a5013)
core   0: 0x80008094 (0x01b69663) bne     a3, s11, pc + 12
core   0: 3 0x80008094 (0x01b69663)
core   0: 0x800080a0 (0x2ccaa593) slti    a1, s5, 716
core   0: 3 0x800080a0 (0x2ccaa593) x11 0x00000001
core   0: 0x800080a4 (0x9993ce13) xori    t3, t2, -1639
core   0: 3 0x800080a4 (0x9993ce13) x28 0xffffd998
core   0: 0x800080a8 (0x00066033) or      zero, a2, zero
core   0: 3 0x800080a8 (0x00066033)
core   0: 0x800080ac (0x41af8333) sub     t1, t6, s10
core   0: 3 0x800080ac (0x41af8333) x 6 0x00001b46
core   0: 0x800080b0 (0x99503c93) sltiu   s9, zero, -1643
core   0: 3 0x800080b0 (0x99503c93) x25 0x00000001
core   0: 0x800080b4 (0x01a54eb3) xor     t4, a0, s10
core   0: 3 0x800080b4 (0x01a54eb3) x29 0x000004ba
core   0: 0x800080b8 (0x0ff0000f) fence   iorw,iorw
core   0: 3 0x800080b8 (0x0ff0000f)
core   0: 0x800080bc (0xcffeaf13) slti    t5, t4, -769
core   0: 3 0x800080bc (0xcffeaf13) x30 0x00000000
core   0: 0x800080c0 (0x0000100f) fence.i
core   0: 3 0x800080c0 (0x0000100f)
core   0: 0x800080c4 (0x0077dc93) srli    s9, a5, 7
core   0: 3 0x800080c4 (0x0077dc93) x25 0x01fffff9
core   0: 0x800080c8 (0x01415233) srl     tp, sp, s4
core   0: 3 0x800080c8 (0x01415233) x 4 0x00000001
core   0: 0x800080cc (0x36ccaa13) slti    s4, s9, 876
core   0: 3 0x800080cc (0x36ccaa13) x20 0x00000000
core   0: 0x800080d0 (0x01be6733) or      a4, t3, s11
core   0: 3 0x800080d0 (0x01be6733) x14 0xfffff9fc
core   0: 0x800080d4 (0x1d46ecb7) lui     s9, 0x1d46e
core   0: 3 0x800080d4 (0x1d46ecb7) x25 0x1d46e000
core   0: 0x800080d8 (0x017157b3) srl     a5, sp, s7
core   0: 3 0x800080d8 (0x017157b3) x15 0x00000000
core   0: 0x800080dc (0x51efc293) xori    t0, t6, 1310
core   0: 3 0x800080dc (0x51efc293) x 5 0x0000251e
core   0: 0x800080e0 (0xdf5da213) slti    tp, s11, -523
core   0: 3 0x800080e0 (0xdf5da213) x 4 0x00000000
core   0: 0x800080e4 (0x0833e1b7) lui     gp, 0x833e
core   0: 3 0x800080e4 (0x0833e1b7) x 3 0x0833e000
core   0: 0x800080e8 (0xbe3aec13) ori     s8, s5, -1053
core   0: 3 0x800080e8 (0xbe3aec13) x24 0xfffffbfb
core   0: 0x800080ec (0x018ec133) xor     sp, t4, s8
core   0: 3 0x800080ec (0x018ec133) x 2 0xffffff41
core   0: 0x800080f0 (0x8e4b7e93) andi    t4, s6, -1820
core   0: 3 0x800080f0 (0x8e4b7e93) x29 0xc41790a0
core   0: 0x800080f4 (0x00f71933) sll     s2, a4, a5
core   0: 3 0x800080f4 (0x00f71933) x18 0xfffff9fc
core   0: 0x800080f8 (0x41390c33) sub     s8, s2, s3
core   0: 3 0x800080f8 (0x41390c33) x24 0x7ffdab98
core   0: 0x800080fc (0x6e8d3013) sltiu   zero, s10, 1768
core   0: 3 0x800080fc (0x6e8d3013)
core   0: 0x80008100 (0xb4f38313) addi    t1, t2, -1201
core   0: 3 0x80008100 (0xb4f38313) x 6 0x00001b50
core   0: 0x80008104 (0x01158eb3) add     t4, a1, a7
core   0: 3 0x80008104 (0x01158eb3) x29 0xfffffae5
core   0: 0x80008108 (0x01fbc7b3) xor     a5, s7, t6
core   0: 3 0x80008108 (0x01fbc7b3) x15 0x80026e64
core   0: 0x8000810c (0xc8958593) addi    a1, a1, -887
core   0: 3 0x8000810c (0xc8958593) x11 0xfffffc8a
core   0: 0x80008110 (0x00d87533) and     a0, a6, a3
core   0: 3 0x80008110 (0x00d87533) x10 0x00000000
core   0: 0x80008114 (0x05924463) blt     tp, s9, pc + 72
core   0: 3 0x80008114 (0x05924463)
core   0: 0x8000815c (0x4234f993) andi    s3, s1, 1059
core   0: 3 0x8000815c (0x4234f993) x19 0x00000420
core   0: 0x80008160 (0x03a54e63) blt     a0, s10, pc + 60
core   0: 3 0x80008160 (0x03a54e63)
core   0: 0x8000819c (0x000d4463) bltz    s10, pc + 8
core   0: 3 0x8000819c (0x000d4463)
core   0: 0x800081a0 (0x6c207393) andi    t2, zero, 1730
core   0: 3 0x800081a0 (0x6c207393) x 7 0x00000000
core   0: 0x800081a4 (0x013533b3) sltu    t2, a0, s3
core   0: 3 0x800081a4 (0x013533b3) x 7 0x00000001
core   0: 0x800081a8 (0x01e47333) and     t1, s0, t5
core   0: 3 0x800081a8 (0x01e47333) x 6 0x00000000
core   0: 0x800081ac (0xabcbcc17) auipc   s8, 0xabcbc
core   0: 3 0x800081ac (0xabcbcc17) x24 0x2bcc41ac
core   0: 0x800081b0 (0xeaeac793) xori    a5, s5, -338
core   0: 3 0x800081b0 (0xeaeac793) x15 0x024fec15
core   0: 0x800081b4 (0x6167b697) auipc   a3, 0x6167b
core   0: 3 0x800081b4 (0x6167b697) x13 0xe16831b4
core   0: 0x800081b8 (0x00347cb3) and     s9, s0, gp
core   0: 3 0x800081b8 (0x00347cb3) x25 0x00000000
core   0: 0x800081bc (0x0000100f) fence.i
core   0: 3 0x800081bc (0x0000100f)
core   0: 0x800081c0 (0x00c2a533) slt     a0, t0, a2
core   0: 3 0x800081c0 (0x00c2a533) x10 0x00000000
core   0: 0x800081c4 (0x0486a813) slti    a6, a3, 72
core   0: 3 0x800081c4 (0x0486a813) x16 0x00000001
core   0: 0x800081c8 (0x041f4263) blt     t5, ra, pc + 68
core   0: 3 0x800081c8 (0x041f4263)
core   0: 0x800081cc (0xab8a2693) slti    a3, s4, -1352
core   0: 3 0x800081cc (0xab8a2693) x13 0x00000000
core   0: 0x800081d0 (0x01435e63) bge     t1, s4, pc + 28
core   0: 3 0x800081d0 (0x01435e63)
core   0: 0x800081ec (0xb2923293) sltiu   t0, tp, -1239
core   0: 3 0x800081ec (0xb2923293) x 5 0x00000001
core   0: 0x800081f0 (0xed8cee93) ori     t4, s9, -296
core   0: 3 0x800081f0 (0xed8cee93) x29 0xfffffed8
core   0: 0x800081f4 (0xba154593) xori    a1, a0, -1119
core   0: 3 0x800081f4 (0xba154593) x11 0xfffffba1
core   0: 0x800081f8 (0x01b97633) and     a2, s2, s11
core   0: 3 0x800081f8 (0x01b97633) x12 0x000020ec
core   0: 0x800081fc (0x00000013) nop
core   0: 3 0x800081fc (0x00000013)
core   0: 0x80008200 (0x01f73933) sltu    s2, a4, t6
core   0: 3 0x80008200 (0x01f73933) x18 0x00000000
core   0: 0x80008204 (0x04727263) bgeu    tp, t2, pc + 68
core   0: 3 0x80008204 (0x04727263)
core   0: 0x80008208 (0x01b0ecb3) or      s9, ra, s11
core   0: 3 0x80008208 (0x01b0ecb3) x25 0x000020ec
core   0: 0x8000820c (0x4d9ad5b7) lui     a1, 0x4d9ad
core   0: 3 0x8000820c (0x4d9ad5b7) x11 0x4d9ad000
core   0: 0x80008210 (0x00e8d863) bge     a7, a4, pc + 16
core   0: 3 0x80008210 (0x00e8d863)
core   0: 0x80008220 (0x00005633) srl     a2, zero, zero
core   0: 3 0x80008220 (0x00005633) x12 0x00000000
core   0: 0x80008224 (0x415ed593) srai    a1, t4, 21
core   0: 3 0x80008224 (0x415ed593) x11 0xffffffff
core   0: 0x80008228 (0x05265463) bge     a2, s2, pc + 72
core   0: 3 0x80008228 (0x05265463)
core   0: 0x80008270 (0x016c93b3) sll     t2, s9, s6
core   0: 3 0x80008270 (0x016c93b3) x 7 0x60000000
core   0: 0x80008274 (0x0187a8b3) slt     a7, a5, s8
core   0: 3 0x80008274 (0x0187a8b3) x17 0x00000001
core   0: 0x80008278 (0x00b31f93) slli    t6, t1, 11
core   0: 3 0x80008278 (0x00b31f93) x31 0x00000000
core   0: 0x8000827c (0x052df463) bgeu    s11, s2, pc + 72
core   0: 3 0x8000827c (0x052df463)
core   0: 0x800082c4 (0x403001b3) sub     gp, zero, gp
core   0: 3 0x800082c4 (0x403001b3) x 3 0xf7cc2000
core   0: 0x800082c8 (0x00c3b5b3) sltu    a1, t2, a2
core   0: 3 0x800082c8 (0x00c3b5b3) x11 0x00000000
core   0: 0x800082cc (0x00f1d933) srl     s2, gp, a5
core   0: 3 0x800082cc (0x00f1d933) x18 0x000007be
core   0: 0x800082d0 (0x01baf933) and     s2, s5, s11
core   0: 3 0x800082d0 (0x01baf933) x18 0x000000a8
core   0: 0x800082d4 (0x545bc813) xori    a6, s7, 1349
core   0: 3 0x800082d4 (0x545bc813) x16 0x80024b21
core   0: 0x800082d8 (0x01311813) slli    a6, sp, 19
core   0: 3 0x800082d8 (0x01311813) x16 0xfa080000
core   0: 0x800082dc (0x0150adb3) slt     s11, ra, s5
core   0: 3 0x800082dc (0x0150adb3) x27 0x00000000
core   0: 0x800082e0 (0xc0a37913) andi    s2, t1, -1014
core   0: 3 0x800082e0 (0xc0a37913) x18 0x00000000
core   0: 0x800082e4 (0x05d54263) blt     a0, t4, pc + 68
core   0: 3 0x800082e4 (0x05d54263)
core   0: 0x800082e8 (0xed960113) addi    sp, a2, -295
core   0: 3 0x800082e8 (0xed960113) x 2 0xfffffed9
core   0: 0x800082ec (0x050d6863) bltu    s10, a6, pc + 80
core   0: 3 0x800082ec (0x050d6863)
core   0: 0x8000833c (0x08e8fc63) bgeu    a7, a4, pc + 152
core   0: 3 0x8000833c (0x08e8fc63)
core   0: 0x80008340 (0x0206af93) slti    t6, a3, 32
core   0: 3 0x80008340 (0x0206af93) x31 0x00000001
core   0: 0x80008344 (0x01b9d093) srli    ra, s3, 27
core   0: 3 0x80008344 (0x01b9d093) x 1 0x00000000
core   0: 0x80008348 (0x001d6833) or      a6, s10, ra
core   0: 3 0x80008348 (0x001d6833) x16 0x000004ba
core   0: 0x8000834c (0x000c78b3) and     a7, s8, zero
core   0: 3 0x8000834c (0x000c78b3) x17 0x00000000
core   0: 0x80008350 (0x0a704613) xori    a2, zero, 167
core   0: 3 0x80008350 (0x0a704613) x12 0x000000a7
core   0: 0x80008354 (0x419508b3) sub     a7, a0, s9
core   0: 3 0x80008354 (0x419508b3) x17 0xffffdf14
core   0: 0x80008358 (0x1a604e93) xori    t4, zero, 422
core   0: 3 0x80008358 (0x1a604e93) x29 0x000001a6
core   0: 0x8000835c (0x00000013) nop
core   0: 3 0x8000835c (0x00000013)
core   0: 0x80008360 (0xffb00793) li      a5, -5
core   0: 3 0x80008360 (0xffb00793) x15 0xfffffffb
core   0: 0x80008364 (0x00000013) nop
core   0: 3 0x80008364 (0x00000013)
core   0: 0x80008368 (0x00f01a33) sll     s4, zero, a5
core   0: 3 0x80008368 (0x00f01a33) x20 0x00000000
core   0: 0x8000836c (0x400c5e33) sra     t3, s8, zero
core   0: 3 0x8000836c (0x400c5e33) x28 0x2bcc41ac
core   0: 0x80008370 (0x00d99a13) slli    s4, s3, 13
core   0: 3 0x80008370 (0x00d99a13) x20 0x00840000
core   0: 0x80008374 (0x00c652b3) srl     t0, a2, a2
core   0: 3 0x80008374 (0x00c652b3) x 5 0x00000001
core   0: 0x80008378 (0x6c8b3213) sltiu   tp, s6, 1736
core   0: 3 0x80008378 (0x6c8b3213) x 4 0x00000000
core   0: 0x8000837c (0x00900713) li      a4, 9
core   0: 3 0x8000837c (0x00900713) x14 0x00000009
core   0: 0x80008380 (0x0000100f) fence.i
core   0: 3 0x80008380 (0x0000100f)
core   0: 0x80008384 (0x01225f13) srli    t5, tp, 18
core   0: 3 0x80008384 (0x01225f13) x30 0x00000000
core   0: 0x80008388 (0x008da5b3) slt     a1, s11, s0
core   0: 3 0x80008388 (0x008da5b3) x11 0x00000000
core   0: 0x8000838c (0x016ae2b3) or      t0, s5, s6
core   0: 3 0x8000838c (0x016ae2b3) x 5 0xfdb792bb
core   0: 0x80008390 (0x00000013) nop
core   0: 3 0x80008390 (0x00000013)
core   0: 0x80008394 (0x419b8f33) sub     t5, s7, s9
core   0: 3 0x80008394 (0x419b8f33) x30 0x80022d78
core   0: 0x80008398 (0x00978793) addi    a5, a5, 9
core   0: 3 0x80008398 (0x00978793) x15 0x00000004
core   0: 0x8000839c (0x6b680f13) addi    t5, a6, 1718
core   0: 3 0x8000839c (0x6b680f13) x30 0x00000b70
core   0: 0x800083a0 (0x1af94013) xori    zero, s2, 431
core   0: 3 0x800083a0 (0x1af94013)
core   0: 0x800083a4 (0x00555993) srli    s3, a0, 5
core   0: 3 0x800083a4 (0x00555993) x19 0x00000000
core   0: 0x800083a8 (0x00d0f3b3) and     t2, ra, a3
core   0: 3 0x800083a8 (0x00d0f3b3) x 7 0x00000000
core   0: 0x800083ac (0x0066d433) srl     s0, a3, t1
core   0: 3 0x800083ac (0x0066d433) x 8 0x00000000
core   0: 0x800083b0 (0x2d211237) lui     tp, 0x2d211
core   0: 3 0x800083b0 (0x2d211237) x 4 0x2d211000
core   0: 0x800083b4 (0x0028a433) slt     s0, a7, sp
core   0: 3 0x800083b4 (0x0028a433) x 8 0x00000001
core   0: 0x800083b8 (0xc3aa2613) slti    a2, s4, -966
core   0: 3 0x800083b8 (0xc3aa2613) x12 0x00000000
core   0: 0x800083bc (0xfce7cae3) blt     a5, a4, pc - 44
core   0: 3 0x800083bc (0xfce7cae3)
core   0: 0x80008390 (0x00000013) nop
core   0: 3 0x80008390 (0x00000013)
core   0: 0x80008394 (0x419b8f33) sub     t5, s7, s9
core   0: 3 0x80008394 (0x419b8f33) x30 0x80022d78
core   0: 0x80008398 (0x00978793) addi    a5, a5, 9
core   0: 3 0x80008398 (0x00978793) x15 0x0000000d
core   0: 0x8000839c (0x6b680f13) addi    t5, a6, 1718
core   0: 3 0x8000839c (0x6b680f13) x30 0x00000b70
core   0: 0x800083a0 (0x1af94013) xori    zero, s2, 431
core   0: 3 0x800083a0 (0x1af94013)
core   0: 0x800083a4 (0x00555993) srli    s3, a0, 5
core   0: 3 0x800083a4 (0x00555993) x19 0x00000000
core   0: 0x800083a8 (0x00d0f3b3) and     t2, ra, a3
core   0: 3 0x800083a8 (0x00d0f3b3) x 7 0x00000000
core   0: 0x800083ac (0x0066d433) srl     s0, a3, t1
core   0: 3 0x800083ac (0x0066d433) x 8 0x00000000
core   0: 0x800083b0 (0x2d211237) lui     tp, 0x2d211
core   0: 3 0x800083b0 (0x2d211237) x 4 0x2d211000
core   0: 0x800083b4 (0x0028a433) slt     s0, a7, sp
core   0: 3 0x800083b4 (0x0028a433) x 8 0x00000001
core   0: 0x800083b8 (0xc3aa2613) slti    a2, s4, -966
core   0: 3 0x800083b8 (0xc3aa2613) x12 0x00000000
core   0: 0x800083bc (0xfce7cae3) blt     a5, a4, pc - 44
core   0: 3 0x800083bc (0xfce7cae3)
core   0: 0x800083c0 (0x0000100f) fence.i
core   0: 3 0x800083c0 (0x0000100f)
core   0: 0x800083c4 (0x008c27b3) slt     a5, s8, s0
core   0: 3 0x800083c4 (0x008c27b3) x15 0x00000000
core   0: 0x800083c8 (0x06e7de63) bge     a5, a4, pc + 124
core   0: 3 0x800083c8 (0x06e7de63)
core   0: 0x800083cc (0x5d00b113) sltiu   sp, ra, 1488
core   0: 3 0x800083cc (0x5d00b113) x 2 0x00000001
core   0: 0x800083d0 (0x41c8d993) srai    s3, a7, 28
core   0: 3 0x800083d0 (0x41c8d993) x19 0xffffffff
core   0: 0x800083d4 (0x01ca96b3) sll     a3, s5, t3
core   0: 3 0x800083d4 (0x01ca96b3) x13 0x012bb000
core   0: 0x800083d8 (0x01f361b3) or      gp, t1, t6
core   0: 3 0x800083d8 (0x01f361b3) x 3 0x00000001
core   0: 0x800083dc (0x0ff0000f) fence   iorw,iorw
core   0: 3 0x800083dc (0x0ff0000f)
core   0: 0x800083e0 (0x14e90637) lui     a2, 0x14e90
core   0: 3 0x800083e0 (0x14e90637) x12 0x14e90000
core   0: 0x800083e4 (0x06f6f463) bgeu    a3, a5, pc + 104
core   0: 3 0x800083e4 (0x06f6f463)
core   0: 0x8000844c (0x015b0033) add     zero, s6, s5
core   0: 3 0x8000844c (0x015b0033)
core   0: 0x80008450 (0x0000100f) fence.i
core   0: 3 0x80008450 (0x0000100f)
core   0: 0x80008454 (0x41d157b3) sra     a5, sp, t4
core   0: 3 0x80008454 (0x41d157b3) x15 0x00000000
core   0: 0x80008458 (0x0ff0000f) fence   iorw,iorw
core   0: 3 0x80008458 (0x0ff0000f)
core   0: 0x8000845c (0x0000100f) fence.i
core   0: 3 0x8000845c (0x0000100f)
core   0: 0x80008460 (0x00a35f33) srl     t5, t1, a0
core   0: 3 0x80008460 (0x00a35f33) x30 0x00000000
core   0: 0x80008464 (0xb5ccb897) auipc   a7, 0xb5ccb
core   0: 3 0x80008464 (0xb5ccb897) x17 0x35cd3464
core   0: 0x80008468 (0x0104f233) and     tp, s1, a6
core   0: 3 0x80008468 (0x0104f233) x 4 0x000004a0
core   0: 0x8000846c (0x98cbaf93) slti    t6, s7, -1652
core   0: 3 0x8000846c (0x98cbaf93) x31 0x00000001
core   0: 0x80008470 (0x01f856b3) srl     a3, a6, t6
core   0: 3 0x80008470 (0x01f856b3) x13 0x0000025d
core   0: 0x80008474 (0x01265a13) srli    s4, a2, 18
core   0: 3 0x80008474 (0x01265a13) x20 0x0000053a
core   0: 0x80008478 (0xafeb8893) addi    a7, s7, -1282
core   0: 3 0x80008478 (0xafeb8893) x17 0x80024962
core   0: 0x8000847c (0x030e9863) bne     t4, a6, pc + 48
core   0: 3 0x8000847c (0x030e9863)
core   0: 0x800084ac (0xffe8b997) auipc   s3, 0xffe8b
core   0: 3 0x800084ac (0xffe8b997) x19 0x7fe934ac
core   0: 0x800084b0 (0xb5cd4113) xori    sp, s10, -1188
core   0: 3 0x800084b0 (0xb5cd4113) x 2 0xffffffe6
core   0: 0x800084b4 (0x2c1bec13) ori     s8, s7, 705
core   0: 3 0x800084b4 (0x2c1bec13) x24 0x80024ee5
core   0: 0x800084b8 (0xeb680e13) addi    t3, a6, -330
core   0: 3 0x800084b8 (0xeb680e13) x28 0x00000370
core   0: 0x800084bc (0x4110da33) sra     s4, ra, a7
core   0: 3 0x800084bc (0x4110da33) x20 0x00000000
core   0: 0x800084c0 (0x00bd3533) sltu    a0, s10, a1
core   0: 3 0x800084c0 (0x00bd3533) x10 0x00000000
core   0: 0x800084c4 (0x41720633) sub     a2, tp, s7
core   0: 3 0x800084c4 (0x41720633) x12 0x7ffdb63c
core   0: 0x800084c8 (0x00435a33) srl     s4, t1, tp
core   0: 3 0x800084c8 (0x00435a33) x20 0x00000000
core   0: 0x800084cc (0x01ae0a63) beq     t3, s10, pc + 20
core   0: 3 0x800084cc (0x01ae0a63)
core   0: 0x800084d0 (0x96b54093) xori    ra, a0, -1685
core   0: 3 0x800084d0 (0x96b54093) x 1 0xfffff96b
core   0: 0x800084d4 (0x008a1663) bne     s4, s0, pc + 12
core   0: 3 0x800084d4 (0x008a1663)
core   0: 0x800084e0 (0x018c5033) srl     zero, s8, s8
core   0: 3 0x800084e0 (0x018c5033)
core   0: 0x800084e4 (0x00000a97) auipc   s5, 0x0
core   0: 3 0x800084e4 (0x00000a97) x21 0x800084e4
core   0: 0x800084e8 (0x00ca8a93) addi    s5, s5, 12
core   0: 3 0x800084e8 (0x00ca8a93) x21 0x800084f0
core   0: 0x800084ec (0x000a8067) jr      s5
core   0: 3 0x800084ec (0x000a8067)
core   0: 0x800084f0 (0x00100193) li      gp, 1
core   0: 3 0x800084f0 (0x00100193) x 3 0x00000001
core   0: 0x800084f4 (0x00000073) ecall
core   0: exception trap_machine_ecall, epc 0x800084f4
core   0: >>>>  mtvec_handler
core   0: 0x8000e13c (0xffc48493) addi    s1, s1, -4
core   0: 3 0x8000e13c (0xffc48493) x 9 0x80028ce0
core   0: 0x8000e140 (0x0174a023) sw      s7, 0(s1)
core   0: 3 0x8000e140 (0x0174a023) mem 0x80028ce0 0x80024e64
core   0: 0x8000e144 (0x00048bb3) add     s7, s1, zero
core   0: 3 0x8000e144 (0x00048bb3) x23 0x80028ce0
core   0: 0x8000e148 (0xf80b8b93) addi    s7, s7, -128
core   0: 3 0x8000e148 (0xf80b8b93) x23 0x80028c60
core   0: 0x8000e14c (0x001ba223) sw      ra, 4(s7)
core   0: 3 0x8000e14c (0x001ba223) mem 0x80028c64 0xfffff96b
core   0: 0x8000e150 (0x002ba423) sw      sp, 8(s7)
core   0: 3 0x8000e150 (0x002ba423) mem 0x80028c68 0xffffffe6
core   0: 0x8000e154 (0x003ba623) sw      gp, 12(s7)
core   0: 3 0x8000e154 (0x003ba623) mem 0x80028c6c 0x00000001
core   0: 0x8000e158 (0x004ba823) sw      tp, 16(s7)
core   0: 3 0x8000e158 (0x004ba823) mem 0x80028c70 0x000004a0
core   0: 0x8000e15c (0x005baa23) sw      t0, 20(s7)
core   0: 3 0x8000e15c (0x005baa23) mem 0x80028c74 0xfdb792bb
core   0: 0x8000e160 (0x006bac23) sw      t1, 24(s7)
core   0: 3 0x8000e160 (0x006bac23) mem 0x80028c78 0x00000000
core   0: 0x8000e164 (0x007bae23) sw      t2, 28(s7)
core   0: 3 0x8000e164 (0x007bae23) mem 0x80028c7c 0x00000000
core   0: 0x8000e168 (0x028ba023) sw      s0, 32(s7)
core   0: 3 0x8000e168 (0x028ba023) mem 0x80028c80 0x00000001
core   0: 0x8000e16c (0x029ba223) sw      s1, 36(s7)
core   0: 3 0x8000e16c (0x029ba223) mem 0x80028c84 0x80028ce0
core   0: 0x8000e170 (0x02aba423) sw      a0, 40(s7)
core   0: 3 0x8000e170 (0x02aba423) mem 0x80028c88 0x00000000
core   0: 0x8000e174 (0x02bba623) sw      a1, 44(s7)
core   0: 3 0x8000e174 (0x02bba623) mem 0x80028c8c 0x00000000
core   0: 0x8000e178 (0x02cba823) sw      a2, 48(s7)
core   0: 3 0x8000e178 (0x02cba823) mem 0x80028c90 0x7ffdb63c
core   0: 0x8000e17c (0x02dbaa23) sw      a3, 52(s7)
core   0: 3 0x8000e17c (0x02dbaa23) mem 0x80028c94 0x0000025d
core   0: 0x8000e180 (0x02ebac23) sw      a4, 56(s7)
core   0: 3 0x8000e180 (0x02ebac23) mem 0x80028c98 0x00000009
core   0: 0x8000e184 (0x02fbae23) sw      a5, 60(s7)
core   0: 3 0x8000e184 (0x02fbae23) mem 0x80028c9c 0x00000000
core   0: 0x8000e188 (0x050ba023) sw      a6, 64(s7)
core   0: 3 0x8000e188 (0x050ba023) mem 0x80028ca0 0x000004ba
core   0: 0x8000e18c (0x051ba223) sw      a7, 68(s7)
core   0: 3 0x8000e18c (0x051ba223) mem 0x80028ca4 0x80024962
core   0: 0x8000e190 (0x052ba423) sw      s2, 72(s7)
core   0: 3 0x8000e190 (0x052ba423) mem 0x80028ca8 0x00000000
core   0: 0x8000e194 (0x053ba623) sw      s3, 76(s7)
core   0: 3 0x8000e194 (0x053ba623) mem 0x80028cac 0x7fe934ac
core   0: 0x8000e198 (0x054ba823) sw      s4, 80(s7)
core   0: 3 0x8000e198 (0x054ba823) mem 0x80028cb0 0x00000000
core   0: 0x8000e19c (0x055baa23) sw      s5, 84(s7)
core   0: 3 0x8000e19c (0x055baa23) mem 0x80028cb4 0x800084f0
core   0: 0x8000e1a0 (0x056bac23) sw      s6, 88(s7)
core   0: 3 0x8000e1a0 (0x056bac23) mem 0x80028cb8 0xc41792bb
core   0: 0x8000e1a4 (0x057bae23) sw      s7, 92(s7)
core   0: 3 0x8000e1a4 (0x057bae23) mem 0x80028cbc 0x80028c60
core   0: 0x8000e1a8 (0x078ba023) sw      s8, 96(s7)
core   0: 3 0x8000e1a8 (0x078ba023) mem 0x80028cc0 0x80024ee5
core   0: 0x8000e1ac (0x079ba223) sw      s9, 100(s7)
core   0: 3 0x8000e1ac (0x079ba223) mem 0x80028cc4 0x000020ec
core   0: 0x8000e1b0 (0x07aba423) sw      s10, 104(s7)
core   0: 3 0x8000e1b0 (0x07aba423) mem 0x80028cc8 0x000004ba
core   0: 0x8000e1b4 (0x07bba623) sw      s11, 108(s7)
core   0: 3 0x8000e1b4 (0x07bba623) mem 0x80028ccc 0x00000000
core   0: 0x8000e1b8 (0x07cba823) sw      t3, 112(s7)
core   0: 3 0x8000e1b8 (0x07cba823) mem 0x80028cd0 0x00000370
core   0: 0x8000e1bc (0x07dbaa23) sw      t4, 116(s7)
core   0: 3 0x8000e1bc (0x07dbaa23) mem 0x80028cd4 0x000001a6
core   0: 0x8000e1c0 (0x07ebac23) sw      t5, 120(s7)
core   0: 3 0x8000e1c0 (0x07ebac23) mem 0x80028cd8 0x00000000
core   0: 0x8000e1c4 (0x07fbae23) sw      t6, 124(s7)
core   0: 3 0x8000e1c4 (0x07fbae23) mem 0x80028cdc 0x00000001
core   0: 0x8000e1c8 (0x000b84b3) add     s1, s7, zero
core   0: 3 0x8000e1c8 (0x000b84b3) x 9 0x80028c60
core   0: 0x8000e1cc (0x30002cf3) csrr    s9, mstatus
core   0: 3 0x8000e1cc (0x30002cf3) x25 0x00001800
core   0: 0x8000e1d0 (0x34202cf3) csrr    s9, mcause
core   0: 3 0x8000e1d0 (0x34202cf3) x25 0x0000000b
core   0: 0x8000e1d4 (0x01fcdc93) srli    s9, s9, 31
core   0: 3 0x8000e1d4 (0x01fcdc93) x25 0x00000000
core   0: 0x8000e1d8 (0x400c9463) bnez    s9, pc + 1032
core   0: 3 0x8000e1d8 (0x400c9463)
core   0: 0x8000e1dc (0x34102cf3) csrr    s9, mepc
core   0: 3 0x8000e1dc (0x34102cf3) x25 0x800084f4
core   0: 0x8000e1e0 (0x34202cf3) csrr    s9, mcause
core   0: 3 0x8000e1e0 (0x34202cf3) x25 0x0000000b
core   0: 0x8000e1e4 (0x00300413) li      s0, 3
core   0: 3 0x8000e1e4 (0x00300413) x 8 0x00000003
core   0: 0x8000e1e8 (0x2a8c8a63) beq     s9, s0, pc + 692
core   0: 3 0x8000e1e8 (0x2a8c8a63)
core   0: 0x8000e1ec (0x00800413) li      s0, 8
core   0: 3 0x8000e1ec (0x00800413) x 8 0x00000008
core   0: 0x8000e1f0 (0x048c8e63) beq     s9, s0, pc + 92
core   0: 3 0x8000e1f0 (0x048c8e63)
core   0: 0x8000e1f4 (0x00900413) li      s0, 9
core   0: 3 0x8000e1f4 (0x00900413) x 8 0x00000009
core   0: 0x8000e1f8 (0x048c8a63) beq     s9, s0, pc + 84
core   0: 3 0x8000e1f8 (0x048c8a63)
core   0: 0x8000e1fc (0x00b00413) li      s0, 11
core   0: 3 0x8000e1fc (0x00b00413) x 8 0x0000000b
core   0: 0x8000e200 (0x048c8663) beq     s9, s0, pc + 76
core   0: 3 0x8000e200 (0x048c8663)
core   0: 0x8000e24c (0xffff2c97) auipc   s9, 0xffff2
core   0: 3 0x8000e24c (0xffff2c97) x25 0x8000024c
core   0: 0x8000e250 (0xdb4c8c93) addi    s9, s9, -588
core   0: 3 0x8000e250 (0xdb4c8c93) x25 0x80000000
core   0: 0x8000e254 (0x000ca023) sw      zero, 0(s9)
core   0: 3 0x8000e254 (0x000ca023) mem 0x80000000 0x00000000
core   0: 0x8000e258 (0x001ca223) sw      ra, 4(s9)
core   0: 3 0x8000e258 (0x001ca223) mem 0x80000004 0xfffff96b
core   0: 0x8000e25c (0x002ca423) sw      sp, 8(s9)
core   0: 3 0x8000e25c (0x002ca423) mem 0x80000008 0xffffffe6
core   0: 0x8000e260 (0x003ca623) sw      gp, 12(s9)
core   0: 3 0x8000e260 (0x003ca623) mem 0x8000000c 0x00000001
core   0: 0x8000e264 (0x004ca823) sw      tp, 16(s9)
core   0: 3 0x8000e264 (0x004ca823) mem 0x80000010 0x000004a0
core   0: 0x8000e268 (0x005caa23) sw      t0, 20(s9)
core   0: 3 0x8000e268 (0x005caa23) mem 0x80000014 0xfdb792bb
core   0: 0x8000e26c (0x006cac23) sw      t1, 24(s9)
core   0: 3 0x8000e26c (0x006cac23) mem 0x80000018 0x00000000
core   0: 0x8000e270 (0x007cae23) sw      t2, 28(s9)
core   0: 3 0x8000e270 (0x007cae23) mem 0x8000001c 0x00000000
core   0: 0x8000e274 (0x028ca023) sw      s0, 32(s9)
core   0: 3 0x8000e274 (0x028ca023) mem 0x80000020 0x0000000b
core   0: 0x8000e278 (0x029ca223) sw      s1, 36(s9)
core   0: 3 0x8000e278 (0x029ca223) mem 0x80000024 0x80028c60
core   0: 0x8000e27c (0x02aca423) sw      a0, 40(s9)
core   0: 3 0x8000e27c (0x02aca423) mem 0x80000028 0x00000000
core   0: 0x8000e280 (0x02bca623) sw      a1, 44(s9)
core   0: 3 0x8000e280 (0x02bca623) mem 0x8000002c 0x00000000
core   0: 0x8000e284 (0x02cca823) sw      a2, 48(s9)
core   0: 3 0x8000e284 (0x02cca823) mem 0x80000030 0x7ffdb63c
core   0: 0x8000e288 (0x02dcaa23) sw      a3, 52(s9)
core   0: 3 0x8000e288 (0x02dcaa23) mem 0x80000034 0x0000025d
core   0: 0x8000e28c (0x02ecac23) sw      a4, 56(s9)
core   0: 3 0x8000e28c (0x02ecac23) mem 0x80000038 0x00000009
core   0: 0x8000e290 (0x02fcae23) sw      a5, 60(s9)
core   0: 3 0x8000e290 (0x02fcae23) mem 0x8000003c 0x00000000
core   0: 0x8000e294 (0x050ca023) sw      a6, 64(s9)
core   0: 3 0x8000e294 (0x050ca023) mem 0x80000040 0x000004ba
core   0: 0x8000e298 (0x051ca223) sw      a7, 68(s9)
core   0: 3 0x8000e298 (0x051ca223) mem 0x80000044 0x80024962
core   0: 0x8000e29c (0x052ca423) sw      s2, 72(s9)
core   0: 3 0x8000e29c (0x052ca423) mem 0x80000048 0x00000000
core   0: 0x8000e2a0 (0x053ca623) sw      s3, 76(s9)
core   0: 3 0x8000e2a0 (0x053ca623) mem 0x8000004c 0x7fe934ac
core   0: 0x8000e2a4 (0x054ca823) sw      s4, 80(s9)
core   0: 3 0x8000e2a4 (0x054ca823) mem 0x80000050 0x00000000
core   0: 0x8000e2a8 (0x055caa23) sw      s5, 84(s9)
core   0: 3 0x8000e2a8 (0x055caa23) mem 0x80000054 0x800084f0
core   0: 0x8000e2ac (0x056cac23) sw      s6, 88(s9)
core   0: 3 0x8000e2ac (0x056cac23) mem 0x80000058 0xc41792bb
core   0: 0x8000e2b0 (0x057cae23) sw      s7, 92(s9)
core   0: 3 0x8000e2b0 (0x057cae23) mem 0x8000005c 0x80028c60
core   0: 0x8000e2b4 (0x078ca023) sw      s8, 96(s9)
core   0: 3 0x8000e2b4 (0x078ca023) mem 0x80000060 0x80024ee5
core   0: 0x8000e2b8 (0x079ca223) sw      s9, 100(s9)
core   0: 3 0x8000e2b8 (0x079ca223) mem 0x80000064 0x80000000
core   0: 0x8000e2bc (0x07aca423) sw      s10, 104(s9)
core   0: 3 0x8000e2bc (0x07aca423) mem 0x80000068 0x000004ba
core   0: 0x8000e2c0 (0x07bca623) sw      s11, 108(s9)
core   0: 3 0x8000e2c0 (0x07bca623) mem 0x8000006c 0x00000000
core   0: 0x8000e2c4 (0x07cca823) sw      t3, 112(s9)
core   0: 3 0x8000e2c4 (0x07cca823) mem 0x80000070 0x00000370
core   0: 0x8000e2c8 (0x07dcaa23) sw      t4, 116(s9)
core   0: 3 0x8000e2c8 (0x07dcaa23) mem 0x80000074 0x000001a6
core   0: 0x8000e2cc (0x07ecac23) sw      t5, 120(s9)
core   0: 3 0x8000e2cc (0x07ecac23) mem 0x80000078 0x00000000
core   0: 0x8000e2d0 (0x07fcae23) sw      t6, 124(s9)
core   0: 3 0x8000e2d0 (0x07fcae23) mem 0x8000007c 0x00000001
core   0: 0x8000e2d4 (0x00000a97) auipc   s5, 0x0
core   0: 3 0x8000e2d4 (0x00000a97) x21 0x8000e2d4
core   0: 0x8000e2d8 (0xe58a8a93) addi    s5, s5, -424
core   0: 3 0x8000e2d8 (0xe58a8a93) x21 0x8000e12c
core   0: 0x8000e2dc (0x000a8067) jr      s5
core   0: 3 0x8000e2dc (0x000a8067)
core   0: 0x8000e12c (0x00001f17) auipc   t5, 0x1
core   0: 3 0x8000e12c (0x00001f17) x30 0x8000f12c
core   0: 0x8000e130 (0xec3f2a23) sw      gp, -300(t5)
core   0: 3 0x8000e130 (0xec3f2a23) mem 0x8000f000 0x00000001
core   0: 0x8000e134 (0xff9ff06f) j       pc - 0x8
core   0: 3 0x8000e134 (0xff9ff06f)
core   0: 0x8000e12c (0x00001f17) auipc   t5, 0x1
core   0: 3 0x8000e12c (0x00001f17) x30 0x8000f12c
core   0: 0x8000e130 (0xec3f2a23) sw      gp, -300(t5)
core   0: 3 0x8000e130 (0xec3f2a23) mem 0x8000f000 0x00000001
core   0: 0x8000e134 (0xff9ff06f) j       pc - 0x8
core   0: 3 0x8000e134 (0xff9ff06f)
core   0: 0x8000e12c (0x00001f17) auipc   t5, 0x1
core   0: 3 0x8000e12c (0x00001f17) x30 0x8000f12c
core   0: 0x8000e130 (0xec3f2a23) sw      gp, -300(t5)
core   0: 3 0x8000e130 (0xec3f2a23) mem 0x8000f000 0x00000001
core   0: 0x8000e134 (0xff9ff06f) j       pc - 0x8
core   0: 3 0x8000e134 (0xff9ff06f)
core   0: 0x8000e12c (0x00001f17) auipc   t5, 0x1
core   0: 3 0x8000e12c (0x00001f17) x30 0x8000f12c
core   0: 0x8000e130 (0xec3f2a23) sw      gp, -300(t5)
core   0: 3 0x8000e130 (0xec3f2a23) mem 0x8000f000 0x00000001
core   0: 0x8000e134 (0xff9ff06f) j       pc - 0x8
core   0: 3 0x8000e134 (0xff9ff06f)
core   0: 0x8000e12c (0x00001f17) auipc   t5, 0x1
core   0: 3 0x8000e12c (0x00001f17) x30 0x8000f12c
core   0: 0x8000e130 (0xec3f2a23) sw      gp, -300(t5)
core   0: 3 0x8000e130 (0xec3f2a23) mem 0x8000f000 0x00000001
core   0: 0x8000e134 (0xff9ff06f) j       pc - 0x8
core   0: 3 0x8000e134 (0xff9ff06f)
core   0: 0x8000e12c (0x00001f17) auipc   t5, 0x1
core   0: 3 0x8000e12c (0x00001f17) x30 0x8000f12c
core   0: 0x8000e130 (0xec3f2a23) sw      gp, -300(t5)
core   0: 3 0x8000e130 (0xec3f2a23) mem 0x8000f000 0x00000001
core   0: 0x8000e134 (0xff9ff06f) j       pc - 0x8
core   0: 3 0x8000e134 (0xff9ff06f)
core   0: 0x8000e12c (0x00001f17) auipc   t5, 0x1
core   0: 3 0x8000e12c (0x00001f17) x30 0x8000f12c
core   0: 0x8000e130 (0xec3f2a23) sw      gp, -300(t5)
core   0: 3 0x8000e130 (0xec3f2a23) mem 0x8000f000 0x00000001
core   0: 0x8000e134 (0xff9ff06f) j       pc - 0x8
core   0: 3 0x8000e134 (0xff9ff06f)
core   0: 0x8000e12c (0x00001f17) auipc   t5, 0x1
core   0: 3 0x8000e12c (0x00001f17) x30 0x8000f12c
core   0: 0x8000e130 (0xec3f2a23) sw      gp, -300(t5)
core   0: 3 0x8000e130 (0xec3f2a23) mem 0x8000f000 0x00000001
core   0: 0x8000e134 (0xff9ff06f) j       pc - 0x8
core   0: 3 0x8000e134 (0xff9ff06f)
core   0: 0x8000e12c (0x00001f17) auipc   t5, 0x1
core   0: 3 0x8000e12c (0x00001f17) x30 0x8000f12c
core   0: 0x8000e130 (0xec3f2a23) sw      gp, -300(t5)
core   0: 3 0x8000e130 (0xec3f2a23) mem 0x8000f000 0x00000001
core   0: 0x8000e134 (0xff9ff06f) j       pc - 0x8
core   0: 3 0x8000e134 (0xff9ff06f)
core   0: 0x8000e12c (0x00001f17) auipc   t5, 0x1
core   0: 3 0x8000e12c (0x00001f17) x30 0x8000f12c
core   0: 0x8000e130 (0xec3f2a23) sw      gp, -300(t5)
core   0: 3 0x8000e130 (0xec3f2a23) mem 0x8000f000 0x00000001
core   0: 0x8000e134 (0xff9ff06f) j       pc - 0x8
core   0: 3 0x8000e134 (0xff9ff06f)
core   0: 0x8000e12c (0x00001f17) auipc   t5, 0x1
core   0: 3 0x8000e12c (0x00001f17) x30 0x8000f12c
core   0: 0x8000e130 (0xec3f2a23) sw      gp, -300(t5)
core   0: 3 0x8000e130 (0xec3f2a23) mem 0x8000f000 0x00000001
core   0: 0x8000e134 (0xff9ff06f) j       pc - 0x8
core   0: 3 0x8000e134 (0xff9ff06f)
core   0: 0x8000e12c (0x00001f17) auipc   t5, 0x1
core   0: 3 0x8000e12c (0x00001f17) x30 0x8000f12c
core   0: 0x8000e130 (0xec3f2a23) sw      gp, -300(t5)
core   0: 3 0x8000e130 (0xec3f2a23) mem 0x8000f000 0x00000001
core   0: 0x8000e134 (0xff9ff06f) j       pc - 0x8
core   0: 3 0x8000e134 (0xff9ff06f)
core   0: 0x8000e12c (0x00001f17) auipc   t5, 0x1
core   0: 3 0x8000e12c (0x00001f17) x30 0x8000f12c
core   0: 0x8000e130 (0xec3f2a23) sw      gp, -300(t5)
core   0: 3 0x8000e130 (0xec3f2a23) mem 0x8000f000 0x00000001
core   0: 0x8000e134 (0xff9ff06f) j       pc - 0x8
core   0: 3 0x8000e134 (0xff9ff06f)
core   0: 0x8000e12c (0x00001f17) auipc   t5, 0x1
core   0: 3 0x8000e12c (0x00001f17) x30 0x8000f12c
core   0: 0x8000e130 (0xec3f2a23) sw      gp, -300(t5)
core   0: 3 0x8000e130 (0xec3f2a23) mem 0x8000f000 0x00000001
core   0: 0x8000e134 (0xff9ff06f) j       pc - 0x8
core   0: 3 0x8000e134 (0xff9ff06f)
core   0: 0x8000e12c (0x00001f17) auipc   t5, 0x1
core   0: 3 0x8000e12c (0x00001f17) x30 0x8000f12c
core   0: 0x8000e130 (0xec3f2a23) sw      gp, -300(t5)
core   0: 3 0x8000e130 (0xec3f2a23) mem 0x8000f000 0x00000001
core   0: 0x8000e134 (0xff9ff06f) j       pc - 0x8
core   0: 3 0x8000e134 (0xff9ff06f)
core   0: 0x8000e12c (0x00001f17) auipc   t5, 0x1
core   0: 3 0x8000e12c (0x00001f17) x30 0x8000f12c
core   0: 0x8000e130 (0xec3f2a23) sw      gp, -300(t5)
core   0: 3 0x8000e130 (0xec3f2a23) mem 0x8000f000 0x00000001
core   0: 0x8000e134 (0xff9ff06f) j       pc - 0x8
core   0: 3 0x8000e134 (0xff9ff06f)
core   0: 0x8000e12c (0x00001f17) auipc   t5, 0x1
core   0: 3 0x8000e12c (0x00001f17) x30 0x8000f12c
core   0: 0x8000e130 (0xec3f2a23) sw      gp, -300(t5)
core   0: 3 0x8000e130 (0xec3f2a23) mem 0x8000f000 0x00000001
core   0: 0x8000e134 (0xff9ff06f) j       pc - 0x8
core   0: 3 0x8000e134 (0xff9ff06f)
core   0: 0x8000e12c (0x00001f17) auipc   t5, 0x1
core   0: 3 0x8000e12c (0x00001f17) x30 0x8000f12c
core   0: 0x8000e130 (0xec3f2a23) sw      gp, -300(t5)
core   0: 3 0x8000e130 (0xec3f2a23) mem 0x8000f000 0x00000001
core   0: 0x8000e134 (0xff9ff06f) j       pc - 0x8
core   0: 3 0x8000e134 (0xff9ff06f)
core   0: 0x8000e12c (0x00001f17) auipc   t5, 0x1
core   0: 3 0x8000e12c (0x00001f17) x30 0x8000f12c
core   0: 0x8000e130 (0xec3f2a23) sw      gp, -300(t5)
core   0: 3 0x8000e130 (0xec3f2a23) mem 0x8000f000 0x00000001
core   0: 0x8000e134 (0xff9ff06f) j       pc - 0x8
core   0: 3 0x8000e134 (0xff9ff06f)
core   0: 0x8000e12c (0x00001f17) auipc   t5, 0x1
core   0: 3 0x8000e12c (0x00001f17) x30 0x8000f12c
core   0: 0x8000e130 (0xec3f2a23) sw      gp, -300(t5)
core   0: 3 0x8000e130 (0xec3f2a23) mem 0x8000f000 0x00000001
core   0: 0x8000e134 (0xff9ff06f) j       pc - 0x8
core   0: 3 0x8000e134 (0xff9ff06f)
core   0: 0x8000e12c (0x00001f17) auipc   t5, 0x1
core   0: 3 0x8000e12c (0x00001f17) x30 0x8000f12c
core   0: 0x8000e130 (0xec3f2a23) sw      gp, -300(t5)
core   0: 3 0x8000e130 (0xec3f2a23) mem 0x8000f000 0x00000001
core   0: 0x8000e134 (0xff9ff06f) j       pc - 0x8
core   0: 3 0x8000e134 (0xff9ff06f)
core   0: 0x8000e12c (0x00001f17) auipc   t5, 0x1
core   0: 3 0x8000e12c (0x00001f17) x30 0x8000f12c
core   0: 0x8000e130 (0xec3f2a23) sw      gp, -300(t5)
core   0: 3 0x8000e130 (0xec3f2a23) mem 0x8000f000 0x00000001
core   0: 0x8000e134 (0xff9ff06f) j       pc - 0x8
core   0: 3 0x8000e134 (0xff9ff06f)
core   0: 0x8000e12c (0x00001f17) auipc   t5, 0x1
core   0: 3 0x8000e12c (0x00001f17) x30 0x8000f12c
core   0: 0x8000e130 (0xec3f2a23) sw      gp, -300(t5)
core   0: 3 0x8000e130 (0xec3f2a23) mem 0x8000f000 0x00000001
core   0: 0x8000e134 (0xff9ff06f) j       pc - 0x8
core   0: 3 0x8000e134 (0xff9ff06f)
core   0: 0x8000e12c (0x00001f17) auipc   t5, 0x1
core   0: 3 0x8000e12c (0x00001f17) x30 0x8000f12c
core   0: 0x8000e130 (0xec3f2a23) sw      gp, -300(t5)
core   0: 3 0x8000e130 (0xec3f2a23) mem 0x8000f000 0x00000001
core   0: 0x8000e134 (0xff9ff06f) j       pc - 0x8
core   0: 3 0x8000e134 (0xff9ff06f)
core   0: 0x8000e12c (0x00001f17) auipc   t5, 0x1
core   0: 3 0x8000e12c (0x00001f17) x30 0x8000f12c
core   0: 0x8000e130 (0xec3f2a23) sw      gp, -300(t5)
core   0: 3 0x8000e130 (0xec3f2a23) mem 0x8000f000 0x00000001
core   0: 0x8000e134 (0xff9ff06f) j       pc - 0x8
core   0: 3 0x8000e134 (0xff9ff06f)
core   0: 0x8000e12c (0x00001f17) auipc   t5, 0x1
core   0: 3 0x8000e12c (0x00001f17) x30 0x8000f12c
core   0: 0x8000e130 (0xec3f2a23) sw      gp, -300(t5)
core   0: 3 0x8000e130 (0xec3f2a23) mem 0x8000f000 0x00000001
core   0: 0x8000e134 (0xff9ff06f) j       pc - 0x8
core   0: 3 0x8000e134 (0xff9ff06f)
core   0: 0x8000e12c (0x00001f17) auipc   t5, 0x1
core   0: 3 0x8000e12c (0x00001f17) x30 0x8000f12c
core   0: 0x8000e130 (0xec3f2a23) sw      gp, -300(t5)
core   0: 3 0x8000e130 (0xec3f2a23) mem 0x8000f000 0x00000001
core   0: 0x8000e134 (0xff9ff06f) j       pc - 0x8
core   0: 3 0x8000e134 (0xff9ff06f)
core   0: 0x8000e12c (0x00001f17) auipc   t5, 0x1
core   0: 3 0x8000e12c (0x00001f17) x30 0x8000f12c
core   0: 0x8000e130 (0xec3f2a23) sw      gp, -300(t5)
core   0: 3 0x8000e130 (0xec3f2a23) mem 0x8000f000 0x00000001
core   0: 0x8000e134 (0xff9ff06f) j       pc - 0x8
core   0: 3 0x8000e134 (0xff9ff06f)
core   0: 0x8000e12c (0x00001f17) auipc   t5, 0x1
core   0: 3 0x8000e12c (0x00001f17) x30 0x8000f12c
core   0: 0x8000e130 (0xec3f2a23) sw      gp, -300(t5)
core   0: 3 0x8000e130 (0xec3f2a23) mem 0x8000f000 0x00000001
core   0: 0x8000e134 (0xff9ff06f) j       pc - 0x8
core   0: 3 0x8000e134 (0xff9ff06f)
core   0: 0x8000e12c (0x00001f17) auipc   t5, 0x1
core   0: 3 0x8000e12c (0x00001f17) x30 0x8000f12c
core   0: 0x8000e130 (0xec3f2a23) sw      gp, -300(t5)
core   0: 3 0x8000e130 (0xec3f2a23) mem 0x8000f000 0x00000001
core   0: 0x8000e134 (0xff9ff06f) j       pc - 0x8
core   0: 3 0x8000e134 (0xff9ff06f)
core   0: 0x8000e12c (0x00001f17) auipc   t5, 0x1
core   0: 3 0x8000e12c (0x00001f17) x30 0x8000f12c
core   0: 0x8000e130 (0xec3f2a23) sw      gp, -300(t5)
core   0: 3 0x8000e130 (0xec3f2a23) mem 0x8000f000 0x00000001
core   0: 0x8000e134 (0xff9ff06f) j       pc - 0x8
core   0: 3 0x8000e134 (0xff9ff06f)
core   0: 0x8000e12c (0x00001f17) auipc   t5, 0x1
core   0: 3 0x8000e12c (0x00001f17) x30 0x8000f12c
core   0: 0x8000e130 (0xec3f2a23) sw      gp, -300(t5)
core   0: 3 0x8000e130 (0xec3f2a23) mem 0x8000f000 0x00000001
core   0: 0x8000e134 (0xff9ff06f) j       pc - 0x8
core   0: 3 0x8000e134 (0xff9ff06f)
core   0: 0x8000e12c (0x00001f17) auipc   t5, 0x1
core   0: 3 0x8000e12c (0x00001f17) x30 0x8000f12c
core   0: 0x8000e130 (0xec3f2a23) sw      gp, -300(t5)
core   0: 3 0x8000e130 (0xec3f2a23) mem 0x8000f000 0x00000001
core   0: 0x8000e134 (0xff9ff06f) j       pc - 0x8
core   0: 3 0x8000e134 (0xff9ff06f)
core   0: 0x8000e12c (0x00001f17) auipc   t5, 0x1
core   0: 3 0x8000e12c (0x00001f17) x30 0x8000f12c
core   0: 0x8000e130 (0xec3f2a23) sw      gp, -300(t5)
core   0: 3 0x8000e130 (0xec3f2a23) mem 0x8000f000 0x00000001
core   0: 0x8000e134 (0xff9ff06f) j       pc - 0x8
core   0: 3 0x8000e134 (0xff9ff06f)
core   0: 0x8000e12c (0x00001f17) auipc   t5, 0x1
core   0: 3 0x8000e12c (0x00001f17) x30 0x8000f12c
core   0: 0x8000e130 (0xec3f2a23) sw      gp, -300(t5)
core   0: 3 0x8000e130 (0xec3f2a23) mem 0x8000f000 0x00000001
core   0: 0x8000e134 (0xff9ff06f) j       pc - 0x8
core   0: 3 0x8000e134 (0xff9ff06f)
core   0: 0x8000e12c (0x00001f17) auipc   t5, 0x1
core   0: 3 0x8000e12c (0x00001f17) x30 0x8000f12c
core   0: 0x8000e130 (0xec3f2a23) sw      gp, -300(t5)
core   0: 3 0x8000e130 (0xec3f2a23) mem 0x8000f000 0x00000001
core   0: 0x8000e134 (0xff9ff06f) j       pc - 0x8
core   0: 3 0x8000e134 (0xff9ff06f)
core   0: 0x8000e12c (0x00001f17) auipc   t5, 0x1
core   0: 3 0x8000e12c (0x00001f17) x30 0x8000f12c
core   0: 0x8000e130 (0xec3f2a23) sw      gp, -300(t5)
core   0: 3 0x8000e130 (0xec3f2a23) mem 0x8000f000 0x00000001
core   0: 0x8000e134 (0xff9ff06f) j       pc - 0x8
core   0: 3 0x8000e134 (0xff9ff06f)
core   0: 0x8000e12c (0x00001f17) auipc   t5, 0x1
core   0: 3 0x8000e12c (0x00001f17) x30 0x8000f12c
core   0: 0x8000e130 (0xec3f2a23) sw      gp, -300(t5)
core   0: 3 0x8000e130 (0xec3f2a23) mem 0x8000f000 0x00000001
core   0: 0x8000e134 (0xff9ff06f) j       pc - 0x8
core   0: 3 0x8000e134 (0xff9ff06f)
core   0: 0x8000e12c (0x00001f17) auipc   t5, 0x1
core   0: 3 0x8000e12c (0x00001f17) x30 0x8000f12c
core   0: 0x8000e130 (0xec3f2a23) sw      gp, -300(t5)
core   0: 3 0x8000e130 (0xec3f2a23) mem 0x8000f000 0x00000001
core   0: 0x8000e134 (0xff9ff06f) j       pc - 0x8
core   0: 3 0x8000e134 (0xff9ff06f)
core   0: 0x8000e12c (0x00001f17) auipc   t5, 0x1
core   0: 3 0x8000e12c (0x00001f17) x30 0x8000f12c
core   0: 0x8000e130 (0xec3f2a23) sw      gp, -300(t5)
core   0: 3 0x8000e130 (0xec3f2a23) mem 0x8000f000 0x00000001
core   0: 0x8000e134 (0xff9ff06f) j       pc - 0x8
core   0: 3 0x8000e134 (0xff9ff06f)
core   0: 0x8000e12c (0x00001f17) auipc   t5, 0x1
core   0: 3 0x8000e12c (0x00001f17) x30 0x8000f12c
core   0: 0x8000e130 (0xec3f2a23) sw      gp, -300(t5)
core   0: 3 0x8000e130 (0xec3f2a23) mem 0x8000f000 0x00000001
core   0: 0x8000e134 (0xff9ff06f) j       pc - 0x8
core   0: 3 0x8000e134 (0xff9ff06f)
core   0: 0x8000e12c (0x00001f17) auipc   t5, 0x1
core   0: 3 0x8000e12c (0x00001f17) x30 0x8000f12c
core   0: 0x8000e130 (0xec3f2a23) sw      gp, -300(t5)
core   0: 3 0x8000e130 (0xec3f2a23) mem 0x8000f000 0x00000001
core   0: 0x8000e134 (0xff9ff06f) j       pc - 0x8
core   0: 3 0x8000e134 (0xff9ff06f)
core   0: 0x8000e12c (0x00001f17) auipc   t5, 0x1
core   0: 3 0x8000e12c (0x00001f17) x30 0x8000f12c
core   0: 0x8000e130 (0xec3f2a23) sw      gp, -300(t5)
core   0: 3 0x8000e130 (0xec3f2a23) mem 0x8000f000 0x00000001
core   0: 0x8000e134 (0xff9ff06f) j       pc - 0x8
core   0: 3 0x8000e134 (0xff9ff06f)
core   0: 0x8000e12c (0x00001f17) auipc   t5, 0x1
core   0: 3 0x8000e12c (0x00001f17) x30 0x8000f12c
core   0: 0x8000e130 (0xec3f2a23) sw      gp, -300(t5)
core   0: 3 0x8000e130 (0xec3f2a23) mem 0x8000f000 0x00000001
core   0: 0x8000e134 (0xff9ff06f) j       pc - 0x8
core   0: 3 0x8000e134 (0xff9ff06f)
core   0: 0x8000e12c (0x00001f17) auipc   t5, 0x1
core   0: 3 0x8000e12c (0x00001f17) x30 0x8000f12c
core   0: 0x8000e130 (0xec3f2a23) sw      gp, -300(t5)
core   0: 3 0x8000e130 (0xec3f2a23) mem 0x8000f000 0x00000001
core   0: 0x8000e134 (0xff9ff06f) j       pc - 0x8
core   0: 3 0x8000e134 (0xff9ff06f)
core   0: 0x8000e12c (0x00001f17) auipc   t5, 0x1
core   0: 3 0x8000e12c (0x00001f17) x30 0x8000f12c
core   0: 0x8000e130 (0xec3f2a23) sw      gp, -300(t5)
core   0: 3 0x8000e130 (0xec3f2a23) mem 0x8000f000 0x00000001
core   0: 0x8000e134 (0xff9ff06f) j       pc - 0x8
core   0: 3 0x8000e134 (0xff9ff06f)
core   0: 0x8000e12c (0x00001f17) auipc   t5, 0x1
core   0: 3 0x8000e12c (0x00001f17) x30 0x8000f12c
core   0: 0x8000e130 (0xec3f2a23) sw      gp, -300(t5)
core   0: 3 0x8000e130 (0xec3f2a23) mem 0x8000f000 0x00000001
core   0: 0x8000e134 (0xff9ff06f) j       pc - 0x8
core   0: 3 0x8000e134 (0xff9ff06f)
core   0: 0x8000e12c (0x00001f17) auipc   t5, 0x1
core   0: 3 0x8000e12c (0x00001f17) x30 0x8000f12c
core   0: 0x8000e130 (0xec3f2a23) sw      gp, -300(t5)
core   0: 3 0x8000e130 (0xec3f2a23) mem 0x8000f000 0x00000001
core   0: 0x8000e134 (0xff9ff06f) j       pc - 0x8
core   0: 3 0x8000e134 (0xff9ff06f)
core   0: 0x8000e12c (0x00001f17) auipc   t5, 0x1
core   0: 3 0x8000e12c (0x00001f17) x30 0x8000f12c
core   0: 0x8000e130 (0xec3f2a23) sw      gp, -300(t5)
core   0: 3 0x8000e130 (0xec3f2a23) mem 0x8000f000 0x00000001
core   0: 0x8000e134 (0xff9ff06f) j       pc - 0x8
core   0: 3 0x8000e134 (0xff9ff06f)
core   0: 0x8000e12c (0x00001f17) auipc   t5, 0x1
core   0: 3 0x8000e12c (0x00001f17) x30 0x8000f12c
core   0: 0x8000e130 (0xec3f2a23) sw      gp, -300(t5)
core   0: 3 0x8000e130 (0xec3f2a23) mem 0x8000f000 0x00000001
core   0: 0x8000e134 (0xff9ff06f) j       pc - 0x8
core   0: 3 0x8000e134 (0xff9ff06f)
core   0: 0x8000e12c (0x00001f17) auipc   t5, 0x1
core   0: 3 0x8000e12c (0x00001f17) x30 0x8000f12c
core   0: 0x8000e130 (0xec3f2a23) sw      gp, -300(t5)
core   0: 3 0x8000e130 (0xec3f2a23) mem 0x8000f000 0x00000001
core   0: 0x8000e134 (0xff9ff06f) j       pc - 0x8
core   0: 3 0x8000e134 (0xff9ff06f)
core   0: 0x8000e12c (0x00001f17) auipc   t5, 0x1
core   0: 3 0x8000e12c (0x00001f17) x30 0x8000f12c
core   0: 0x8000e130 (0xec3f2a23) sw      gp, -300(t5)
core   0: 3 0x8000e130 (0xec3f2a23) mem 0x8000f000 0x00000001
core   0: 0x8000e134 (0xff9ff06f) j       pc - 0x8
core   0: 3 0x8000e134 (0xff9ff06f)
core   0: 0x8000e12c (0x00001f17) auipc   t5, 0x1
core   0: 3 0x8000e12c (0x00001f17) x30 0x8000f12c
core   0: 0x8000e130 (0xec3f2a23) sw      gp, -300(t5)
core   0: 3 0x8000e130 (0xec3f2a23) mem 0x8000f000 0x00000001
core   0: 0x8000e134 (0xff9ff06f) j       pc - 0x8
core   0: 3 0x8000e134 (0xff9ff06f)
core   0: 0x8000e12c (0x00001f17) auipc   t5, 0x1
core   0: 3 0x8000e12c (0x00001f17) x30 0x8000f12c
core   0: 0x8000e130 (0xec3f2a23) sw      gp, -300(t5)
core   0: 3 0x8000e130 (0xec3f2a23) mem 0x8000f000 0x00000001
core   0: 0x8000e134 (0xff9ff06f) j       pc - 0x8
core   0: 3 0x8000e134 (0xff9ff06f)
core   0: 0x8000e12c (0x00001f17) auipc   t5, 0x1
core   0: 3 0x8000e12c (0x00001f17) x30 0x8000f12c
core   0: 0x8000e130 (0xec3f2a23) sw      gp, -300(t5)
core   0: 3 0x8000e130 (0xec3f2a23) mem 0x8000f000 0x00000001
core   0: 0x8000e134 (0xff9ff06f) j       pc - 0x8
core   0: 3 0x8000e134 (0xff9ff06f)
core   0: 0x8000e12c (0x00001f17) auipc   t5, 0x1
core   0: 3 0x8000e12c (0x00001f17) x30 0x8000f12c
core   0: 0x8000e130 (0xec3f2a23) sw      gp, -300(t5)
core   0: 3 0x8000e130 (0xec3f2a23) mem 0x8000f000 0x00000001
core   0: 0x8000e134 (0xff9ff06f) j       pc - 0x8
core   0: 3 0x8000e134 (0xff9ff06f)
core   0: 0x8000e12c (0x00001f17) auipc   t5, 0x1
core   0: 3 0x8000e12c (0x00001f17) x30 0x8000f12c
core   0: 0x8000e130 (0xec3f2a23) sw      gp, -300(t5)
core   0: 3 0x8000e130 (0xec3f2a23) mem 0x8000f000 0x00000001
core   0: 0x8000e134 (0xff9ff06f) j       pc - 0x8
core   0: 3 0x8000e134 (0xff9ff06f)
core   0: 0x8000e12c (0x00001f17) auipc   t5, 0x1
core   0: 3 0x8000e12c (0x00001f17) x30 0x8000f12c
core   0: 0x8000e130 (0xec3f2a23) sw      gp, -300(t5)
core   0: 3 0x8000e130 (0xec3f2a23) mem 0x8000f000 0x00000001
core   0: 0x8000e134 (0xff9ff06f) j       pc - 0x8
core   0: 3 0x8000e134 (0xff9ff06f)
core   0: 0x8000e12c (0x00001f17) auipc   t5, 0x1
core   0: 3 0x8000e12c (0x00001f17) x30 0x8000f12c
core   0: 0x8000e130 (0xec3f2a23) sw      gp, -300(t5)
core   0: 3 0x8000e130 (0xec3f2a23) mem 0x8000f000 0x00000001
core   0: 0x8000e134 (0xff9ff06f) j       pc - 0x8
core   0: 3 0x8000e134 (0xff9ff06f)
core   0: 0x8000e12c (0x00001f17) auipc   t5, 0x1
core   0: 3 0x8000e12c (0x00001f17) x30 0x8000f12c
core   0: 0x8000e130 (0xec3f2a23) sw      gp, -300(t5)
core   0: 3 0x8000e130 (0xec3f2a23) mem 0x8000f000 0x00000001
core   0: 0x8000e134 (0xff9ff06f) j       pc - 0x8
core   0: 3 0x8000e134 (0xff9ff06f)
core   0: 0x8000e12c (0x00001f17) auipc   t5, 0x1
core   0: 3 0x8000e12c (0x00001f17) x30 0x8000f12c
core   0: 0x8000e130 (0xec3f2a23) sw      gp, -300(t5)
core   0: 3 0x8000e130 (0xec3f2a23) mem 0x8000f000 0x00000001
core   0: 0x8000e134 (0xff9ff06f) j       pc - 0x8
core   0: 3 0x8000e134 (0xff9ff06f)
core   0: 0x8000e12c (0x00001f17) auipc   t5, 0x1
core   0: 3 0x8000e12c (0x00001f17) x30 0x8000f12c
core   0: 0x8000e130 (0xec3f2a23) sw      gp, -300(t5)
core   0: 3 0x8000e130 (0xec3f2a23) mem 0x8000f000 0x00000001
core   0: 0x8000e134 (0xff9ff06f) j       pc - 0x8
core   0: 3 0x8000e134 (0xff9ff06f)
core   0: 0x8000e12c (0x00001f17) auipc   t5, 0x1
core   0: 3 0x8000e12c (0x00001f17) x30 0x8000f12c
core   0: 0x8000e130 (0xec3f2a23) sw      gp, -300(t5)
core   0: 3 0x8000e130 (0xec3f2a23) mem 0x8000f000 0x00000001
core   0: 0x8000e134 (0xff9ff06f) j       pc - 0x8
core   0: 3 0x8000e134 (0xff9ff06f)
core   0: 0x8000e12c (0x00001f17) auipc   t5, 0x1
core   0: 3 0x8000e12c (0x00001f17) x30 0x8000f12c
core   0: 0x8000e130 (0xec3f2a23) sw      gp, -300(t5)
core   0: 3 0x8000e130 (0xec3f2a23) mem 0x8000f000 0x00000001
core   0: 0x8000e134 (0xff9ff06f) j       pc - 0x8
core   0: 3 0x8000e134 (0xff9ff06f)
core   0: 0x8000e12c (0x00001f17) auipc   t5, 0x1
core   0: 3 0x8000e12c (0x00001f17) x30 0x8000f12c
core   0: 0x8000e130 (0xec3f2a23) sw      gp, -300(t5)
core   0: 3 0x8000e130 (0xec3f2a23) mem 0x8000f000 0x00000001
core   0: 0x8000e134 (0xff9ff06f) j       pc - 0x8
core   0: 3 0x8000e134 (0xff9ff06f)
core   0: 0x8000e12c (0x00001f17) auipc   t5, 0x1
core   0: 3 0x8000e12c (0x00001f17) x30 0x8000f12c
core   0: 0x8000e130 (0xec3f2a23) sw      gp, -300(t5)
core   0: 3 0x8000e130 (0xec3f2a23) mem 0x8000f000 0x00000001
core   0: 0x8000e134 (0xff9ff06f) j       pc - 0x8
core   0: 3 0x8000e134 (0xff9ff06f)
core   0: 0x8000e12c (0x00001f17) auipc   t5, 0x1
core   0: 3 0x8000e12c (0x00001f17) x30 0x8000f12c
core   0: 0x8000e130 (0xec3f2a23) sw      gp, -300(t5)
core   0: 3 0x8000e130 (0xec3f2a23) mem 0x8000f000 0x00000001
core   0: 0x8000e134 (0xff9ff06f) j       pc - 0x8
core   0: 3 0x8000e134 (0xff9ff06f)
core   0: 0x8000e12c (0x00001f17) auipc   t5, 0x1
core   0: 3 0x8000e12c (0x00001f17) x30 0x8000f12c
core   0: 0x8000e130 (0xec3f2a23) sw      gp, -300(t5)
core   0: 3 0x8000e130 (0xec3f2a23) mem 0x8000f000 0x00000001
core   0: 0x8000e134 (0xff9ff06f) j       pc - 0x8
core   0: 3 0x8000e134 (0xff9ff06f)
core   0: 0x8000e12c (0x00001f17) auipc   t5, 0x1
core   0: 3 0x8000e12c (0x00001f17) x30 0x8000f12c
core   0: 0x8000e130 (0xec3f2a23) sw      gp, -300(t5)
core   0: 3 0x8000e130 (0xec3f2a23) mem 0x8000f000 0x00000001
core   0: 0x8000e134 (0xff9ff06f) j       pc - 0x8
core   0: 3 0x8000e134 (0xff9ff06f)
core   0: 0x8000e12c (0x00001f17) auipc   t5, 0x1
core   0: 3 0x8000e12c (0x00001f17) x30 0x8000f12c
core   0: 0x8000e130 (0xec3f2a23) sw      gp, -300(t5)
core   0: 3 0x8000e130 (0xec3f2a23) mem 0x8000f000 0x00000001
core   0: 0x8000e134 (0xff9ff06f) j       pc - 0x8
core   0: 3 0x8000e134 (0xff9ff06f)
core   0: 0x8000e12c (0x00001f17) auipc   t5, 0x1
core   0: 3 0x8000e12c (0x00001f17) x30 0x8000f12c
core   0: 0x8000e130 (0xec3f2a23) sw      gp, -300(t5)
core   0: 3 0x8000e130 (0xec3f2a23) mem 0x8000f000 0x00000001
core   0: 0x8000e134 (0xff9ff06f) j       pc - 0x8
core   0: 3 0x8000e134 (0xff9ff06f)
core   0: 0x8000e12c (0x00001f17) auipc   t5, 0x1
core   0: 3 0x8000e12c (0x00001f17) x30 0x8000f12c
core   0: 0x8000e130 (0xec3f2a23) sw      gp, -300(t5)
core   0: 3 0x8000e130 (0xec3f2a23) mem 0x8000f000 0x00000001
core   0: 0x8000e134 (0xff9ff06f) j       pc - 0x8
core   0: 3 0x8000e134 (0xff9ff06f)
core   0: 0x8000e12c (0x00001f17) auipc   t5, 0x1
core   0: 3 0x8000e12c (0x00001f17) x30 0x8000f12c
core   0: 0x8000e130 (0xec3f2a23) sw      gp, -300(t5)
core   0: 3 0x8000e130 (0xec3f2a23) mem 0x8000f000 0x00000001
core   0: 0x8000e134 (0xff9ff06f) j       pc - 0x8
core   0: 3 0x8000e134 (0xff9ff06f)
core   0: 0x8000e12c (0x00001f17) auipc   t5, 0x1
core   0: 3 0x8000e12c (0x00001f17) x30 0x8000f12c
core   0: 0x8000e130 (0xec3f2a23) sw      gp, -300(t5)
core   0: 3 0x8000e130 (0xec3f2a23) mem 0x8000f000 0x00000001
core   0: 0x8000e134 (0xff9ff06f) j       pc - 0x8
core   0: 3 0x8000e134 (0xff9ff06f)
core   0: 0x8000e12c (0x00001f17) auipc   t5, 0x1
core   0: 3 0x8000e12c (0x00001f17) x30 0x8000f12c
core   0: 0x8000e130 (0xec3f2a23) sw      gp, -300(t5)
core   0: 3 0x8000e130 (0xec3f2a23) mem 0x8000f000 0x00000001
core   0: 0x8000e134 (0xff9ff06f) j       pc - 0x8
core   0: 3 0x8000e134 (0xff9ff06f)
core   0: 0x8000e12c (0x00001f17) auipc   t5, 0x1
core   0: 3 0x8000e12c (0x00001f17) x30 0x8000f12c
core   0: 0x8000e130 (0xec3f2a23) sw      gp, -300(t5)
core   0: 3 0x8000e130 (0xec3f2a23) mem 0x8000f000 0x00000001
core   0: 0x8000e134 (0xff9ff06f) j       pc - 0x8
core   0: 3 0x8000e134 (0xff9ff06f)
core   0: 0x8000e12c (0x00001f17) auipc   t5, 0x1
core   0: 3 0x8000e12c (0x00001f17) x30 0x8000f12c
core   0: 0x8000e130 (0xec3f2a23) sw      gp, -300(t5)
core   0: 3 0x8000e130 (0xec3f2a23) mem 0x8000f000 0x00000001
core   0: 0x8000e134 (0xff9ff06f) j       pc - 0x8
core   0: 3 0x8000e134 (0xff9ff06f)
core   0: 0x8000e12c (0x00001f17) auipc   t5, 0x1
core   0: 3 0x8000e12c (0x00001f17) x30 0x8000f12c
core   0: 0x8000e130 (0xec3f2a23) sw      gp, -300(t5)
core   0: 3 0x8000e130 (0xec3f2a23) mem 0x8000f000 0x00000001
core   0: 0x8000e134 (0xff9ff06f) j       pc - 0x8
core   0: 3 0x8000e134 (0xff9ff06f)
core   0: 0x8000e12c (0x00001f17) auipc   t5, 0x1
core   0: 3 0x8000e12c (0x00001f17) x30 0x8000f12c
core   0: 0x8000e130 (0xec3f2a23) sw      gp, -300(t5)
core   0: 3 0x8000e130 (0xec3f2a23) mem 0x8000f000 0x00000001
core   0: 0x8000e134 (0xff9ff06f) j       pc - 0x8
core   0: 3 0x8000e134 (0xff9ff06f)
core   0: 0x8000e12c (0x00001f17) auipc   t5, 0x1
core   0: 3 0x8000e12c (0x00001f17) x30 0x8000f12c
core   0: 0x8000e130 (0xec3f2a23) sw      gp, -300(t5)
core   0: 3 0x8000e130 (0xec3f2a23) mem 0x8000f000 0x00000001
core   0: 0x8000e134 (0xff9ff06f) j       pc - 0x8
core   0: 3 0x8000e134 (0xff9ff06f)
core   0: 0x8000e12c (0x00001f17) auipc   t5, 0x1
core   0: 3 0x8000e12c (0x00001f17) x30 0x8000f12c
core   0: 0x8000e130 (0xec3f2a23) sw      gp, -300(t5)
core   0: 3 0x8000e130 (0xec3f2a23) mem 0x8000f000 0x00000001
core   0: 0x8000e134 (0xff9ff06f) j       pc - 0x8
core   0: 3 0x8000e134 (0xff9ff06f)
core   0: 0x8000e12c (0x00001f17) auipc   t5, 0x1
core   0: 3 0x8000e12c (0x00001f17) x30 0x8000f12c
core   0: 0x8000e130 (0xec3f2a23) sw      gp, -300(t5)
core   0: 3 0x8000e130 (0xec3f2a23) mem 0x8000f000 0x00000001
core   0: 0x8000e134 (0xff9ff06f) j       pc - 0x8
core   0: 3 0x8000e134 (0xff9ff06f)
core   0: 0x8000e12c (0x00001f17) auipc   t5, 0x1
core   0: 3 0x8000e12c (0x00001f17) x30 0x8000f12c
core   0: 0x8000e130 (0xec3f2a23) sw      gp, -300(t5)
core   0: 3 0x8000e130 (0xec3f2a23) mem 0x8000f000 0x00000001
core   0: 0x8000e134 (0xff9ff06f) j       pc - 0x8
core   0: 3 0x8000e134 (0xff9ff06f)
core   0: 0x8000e12c (0x00001f17) auipc   t5, 0x1
core   0: 3 0x8000e12c (0x00001f17) x30 0x8000f12c
core   0: 0x8000e130 (0xec3f2a23) sw      gp, -300(t5)
core   0: 3 0x8000e130 (0xec3f2a23) mem 0x8000f000 0x00000001
core   0: 0x8000e134 (0xff9ff06f) j       pc - 0x8
core   0: 3 0x8000e134 (0xff9ff06f)
core   0: 0x8000e12c (0x00001f17) auipc   t5, 0x1
core   0: 3 0x8000e12c (0x00001f17) x30 0x8000f12c
core   0: 0x8000e130 (0xec3f2a23) sw      gp, -300(t5)
core   0: 3 0x8000e130 (0xec3f2a23) mem 0x8000f000 0x00000001
core   0: 0x8000e134 (0xff9ff06f) j       pc - 0x8
core   0: 3 0x8000e134 (0xff9ff06f)
core   0: 0x8000e12c (0x00001f17) auipc   t5, 0x1
core   0: 3 0x8000e12c (0x00001f17) x30 0x8000f12c
core   0: 0x8000e130 (0xec3f2a23) sw      gp, -300(t5)
core   0: 3 0x8000e130 (0xec3f2a23) mem 0x8000f000 0x00000001
core   0: 0x8000e134 (0xff9ff06f) j       pc - 0x8
core   0: 3 0x8000e134 (0xff9ff06f)
core   0: 0x8000e12c (0x00001f17) auipc   t5, 0x1
core   0: 3 0x8000e12c (0x00001f17) x30 0x8000f12c
core   0: 0x8000e130 (0xec3f2a23) sw      gp, -300(t5)
core   0: 3 0x8000e130 (0xec3f2a23) mem 0x8000f000 0x00000001
core   0: 0x8000e134 (0xff9ff06f) j       pc - 0x8
core   0: 3 0x8000e134 (0xff9ff06f)
core   0: 0x8000e12c (0x00001f17) auipc   t5, 0x1
core   0: 3 0x8000e12c (0x00001f17) x30 0x8000f12c
core   0: 0x8000e130 (0xec3f2a23) sw      gp, -300(t5)
core   0: 3 0x8000e130 (0xec3f2a23) mem 0x8000f000 0x00000001
core   0: 0x8000e134 (0xff9ff06f) j       pc - 0x8
core   0: 3 0x8000e134 (0xff9ff06f)
core   0: 0x8000e12c (0x00001f17) auipc   t5, 0x1
core   0: 3 0x8000e12c (0x00001f17) x30 0x8000f12c
core   0: 0x8000e130 (0xec3f2a23) sw      gp, -300(t5)
core   0: 3 0x8000e130 (0xec3f2a23) mem 0x8000f000 0x00000001
core   0: 0x8000e134 (0xff9ff06f) j       pc - 0x8
core   0: 3 0x8000e134 (0xff9ff06f)
core   0: 0x8000e12c (0x00001f17) auipc   t5, 0x1
core   0: 3 0x8000e12c (0x00001f17) x30 0x8000f12c
core   0: 0x8000e130 (0xec3f2a23) sw      gp, -300(t5)
core   0: 3 0x8000e130 (0xec3f2a23) mem 0x8000f000 0x00000001
core   0: 0x8000e134 (0xff9ff06f) j       pc - 0x8
core   0: 3 0x8000e134 (0xff9ff06f)
core   0: 0x8000e12c (0x00001f17) auipc   t5, 0x1
core   0: 3 0x8000e12c (0x00001f17) x30 0x8000f12c
core   0: 0x8000e130 (0xec3f2a23) sw      gp, -300(t5)
core   0: 3 0x8000e130 (0xec3f2a23) mem 0x8000f000 0x00000001
core   0: 0x8000e134 (0xff9ff06f) j       pc - 0x8
core   0: 3 0x8000e134 (0xff9ff06f)
core   0: 0x8000e12c (0x00001f17) auipc   t5, 0x1
core   0: 3 0x8000e12c (0x00001f17) x30 0x8000f12c
core   0: 0x8000e130 (0xec3f2a23) sw      gp, -300(t5)
core   0: 3 0x8000e130 (0xec3f2a23) mem 0x8000f000 0x00000001
core   0: 0x8000e134 (0xff9ff06f) j       pc - 0x8
core   0: 3 0x8000e134 (0xff9ff06f)
core   0: 0x8000e12c (0x00001f17) auipc   t5, 0x1
core   0: 3 0x8000e12c (0x00001f17) x30 0x8000f12c
core   0: 0x8000e130 (0xec3f2a23) sw      gp, -300(t5)
core   0: 3 0x8000e130 (0xec3f2a23) mem 0x8000f000 0x00000001
core   0: 0x8000e134 (0xff9ff06f) j       pc - 0x8
core   0: 3 0x8000e134 (0xff9ff06f)
core   0: 0x8000e12c (0x00001f17) auipc   t5, 0x1
core   0: 3 0x8000e12c (0x00001f17) x30 0x8000f12c
core   0: 0x8000e130 (0xec3f2a23) sw      gp, -300(t5)
core   0: 3 0x8000e130 (0xec3f2a23) mem 0x8000f000 0x00000001
core   0: 0x8000e134 (0xff9ff06f) j       pc - 0x8
core   0: 3 0x8000e134 (0xff9ff06f)
core   0: 0x8000e12c (0x00001f17) auipc   t5, 0x1
core   0: 3 0x8000e12c (0x00001f17) x30 0x8000f12c
core   0: 0x8000e130 (0xec3f2a23) sw      gp, -300(t5)
core   0: 3 0x8000e130 (0xec3f2a23) mem 0x8000f000 0x00000001
core   0: 0x8000e134 (0xff9ff06f) j       pc - 0x8
core   0: 3 0x8000e134 (0xff9ff06f)
core   0: 0x8000e12c (0x00001f17) auipc   t5, 0x1
core   0: 3 0x8000e12c (0x00001f17) x30 0x8000f12c
core   0: 0x8000e130 (0xec3f2a23) sw      gp, -300(t5)
core   0: 3 0x8000e130 (0xec3f2a23) mem 0x8000f000 0x00000001
core   0: 0x8000e134 (0xff9ff06f) j       pc - 0x8
core   0: 3 0x8000e134 (0xff9ff06f)
core   0: 0x8000e12c (0x00001f17) auipc   t5, 0x1
core   0: 3 0x8000e12c (0x00001f17) x30 0x8000f12c
core   0: 0x8000e130 (0xec3f2a23) sw      gp, -300(t5)
core   0: 3 0x8000e130 (0xec3f2a23) mem 0x8000f000 0x00000001
core   0: 0x8000e134 (0xff9ff06f) j       pc - 0x8
core   0: 3 0x8000e134 (0xff9ff06f)
core   0: 0x8000e12c (0x00001f17) auipc   t5, 0x1
core   0: 3 0x8000e12c (0x00001f17) x30 0x8000f12c
core   0: 0x8000e130 (0xec3f2a23) sw      gp, -300(t5)
core   0: 3 0x8000e130 (0xec3f2a23) mem 0x8000f000 0x00000001
core   0: 0x8000e134 (0xff9ff06f) j       pc - 0x8
core   0: 3 0x8000e134 (0xff9ff06f)
core   0: 0x8000e12c (0x00001f17) auipc   t5, 0x1
core   0: 3 0x8000e12c (0x00001f17) x30 0x8000f12c
core   0: 0x8000e130 (0xec3f2a23) sw      gp, -300(t5)
core   0: 3 0x8000e130 (0xec3f2a23) mem 0x8000f000 0x00000001
core   0: 0x8000e134 (0xff9ff06f) j       pc - 0x8
core   0: 3 0x8000e134 (0xff9ff06f)
core   0: 0x8000e12c (0x00001f17) auipc   t5, 0x1
core   0: 3 0x8000e12c (0x00001f17) x30 0x8000f12c
core   0: 0x8000e130 (0xec3f2a23) sw      gp, -300(t5)
core   0: 3 0x8000e130 (0xec3f2a23) mem 0x8000f000 0x00000001
core   0: 0x8000e134 (0xff9ff06f) j       pc - 0x8
core   0: 3 0x8000e134 (0xff9ff06f)
core   0: 0x8000e12c (0x00001f17) auipc   t5, 0x1
core   0: 3 0x8000e12c (0x00001f17) x30 0x8000f12c
core   0: 0x8000e130 (0xec3f2a23) sw      gp, -300(t5)
core   0: 3 0x8000e130 (0xec3f2a23) mem 0x8000f000 0x00000001
core   0: 0x8000e134 (0xff9ff06f) j       pc - 0x8
core   0: 3 0x8000e134 (0xff9ff06f)
core   0: 0x8000e12c (0x00001f17) auipc   t5, 0x1
core   0: 3 0x8000e12c (0x00001f17) x30 0x8000f12c
core   0: 0x8000e130 (0xec3f2a23) sw      gp, -300(t5)
core   0: 3 0x8000e130 (0xec3f2a23) mem 0x8000f000 0x00000001
core   0: 0x8000e134 (0xff9ff06f) j       pc - 0x8
core   0: 3 0x8000e134 (0xff9ff06f)
core   0: 0x8000e12c (0x00001f17) auipc   t5, 0x1
core   0: 3 0x8000e12c (0x00001f17) x30 0x8000f12c
core   0: 0x8000e130 (0xec3f2a23) sw      gp, -300(t5)
core   0: 3 0x8000e130 (0xec3f2a23) mem 0x8000f000 0x00000001
core   0: 0x8000e134 (0xff9ff06f) j       pc - 0x8
core   0: 3 0x8000e134 (0xff9ff06f)
core   0: 0x8000e12c (0x00001f17) auipc   t5, 0x1
core   0: 3 0x8000e12c (0x00001f17) x30 0x8000f12c
core   0: 0x8000e130 (0xec3f2a23) sw      gp, -300(t5)
core   0: 3 0x8000e130 (0xec3f2a23) mem 0x8000f000 0x00000001
core   0: 0x8000e134 (0xff9ff06f) j       pc - 0x8
core   0: 3 0x8000e134 (0xff9ff06f)
core   0: 0x8000e12c (0x00001f17) auipc   t5, 0x1
core   0: 3 0x8000e12c (0x00001f17) x30 0x8000f12c
core   0: 0x8000e130 (0xec3f2a23) sw      gp, -300(t5)
core   0: 3 0x8000e130 (0xec3f2a23) mem 0x8000f000 0x00000001
core   0: 0x8000e134 (0xff9ff06f) j       pc - 0x8
core   0: 3 0x8000e134 (0xff9ff06f)
core   0: 0x8000e12c (0x00001f17) auipc   t5, 0x1
core   0: 3 0x8000e12c (0x00001f17) x30 0x8000f12c
core   0: 0x8000e130 (0xec3f2a23) sw      gp, -300(t5)
core   0: 3 0x8000e130 (0xec3f2a23) mem 0x8000f000 0x00000001
core   0: 0x8000e134 (0xff9ff06f) j       pc - 0x8
core   0: 3 0x8000e134 (0xff9ff06f)
core   0: 0x8000e12c (0x00001f17) auipc   t5, 0x1
core   0: 3 0x8000e12c (0x00001f17) x30 0x8000f12c
core   0: 0x8000e130 (0xec3f2a23) sw      gp, -300(t5)
core   0: 3 0x8000e130 (0xec3f2a23) mem 0x8000f000 0x00000001
core   0: 0x8000e134 (0xff9ff06f) j       pc - 0x8
core   0: 3 0x8000e134 (0xff9ff06f)
core   0: 0x8000e12c (0x00001f17) auipc   t5, 0x1
core   0: 3 0x8000e12c (0x00001f17) x30 0x8000f12c
core   0: 0x8000e130 (0xec3f2a23) sw      gp, -300(t5)
core   0: 3 0x8000e130 (0xec3f2a23) mem 0x8000f000 0x00000001
core   0: 0x8000e134 (0xff9ff06f) j       pc - 0x8
core   0: 3 0x8000e134 (0xff9ff06f)
core   0: 0x8000e12c (0x00001f17) auipc   t5, 0x1
core   0: 3 0x8000e12c (0x00001f17) x30 0x8000f12c
core   0: 0x8000e130 (0xec3f2a23) sw      gp, -300(t5)
core   0: 3 0x8000e130 (0xec3f2a23) mem 0x8000f000 0x00000001
core   0: 0x8000e134 (0xff9ff06f) j       pc - 0x8
core   0: 3 0x8000e134 (0xff9ff06f)
core   0: 0x8000e12c (0x00001f17) auipc   t5, 0x1
core   0: 3 0x8000e12c (0x00001f17) x30 0x8000f12c
core   0: 0x8000e130 (0xec3f2a23) sw      gp, -300(t5)
core   0: 3 0x8000e130 (0xec3f2a23) mem 0x8000f000 0x00000001
core   0: 0x8000e134 (0xff9ff06f) j       pc - 0x8
core   0: 3 0x8000e134 (0xff9ff06f)
core   0: 0x8000e12c (0x00001f17) auipc   t5, 0x1
core   0: 3 0x8000e12c (0x00001f17) x30 0x8000f12c
core   0: 0x8000e130 (0xec3f2a23) sw      gp, -300(t5)
core   0: 3 0x8000e130 (0xec3f2a23) mem 0x8000f000 0x00000001
core   0: 0x8000e134 (0xff9ff06f) j       pc - 0x8
core   0: 3 0x8000e134 (0xff9ff06f)
core   0: 0x8000e12c (0x00001f17) auipc   t5, 0x1
core   0: 3 0x8000e12c (0x00001f17) x30 0x8000f12c
core   0: 0x8000e130 (0xec3f2a23) sw      gp, -300(t5)
core   0: 3 0x8000e130 (0xec3f2a23) mem 0x8000f000 0x00000001
core   0: 0x8000e134 (0xff9ff06f) j       pc - 0x8
core   0: 3 0x8000e134 (0xff9ff06f)
core   0: 0x8000e12c (0x00001f17) auipc   t5, 0x1
core   0: 3 0x8000e12c (0x00001f17) x30 0x8000f12c
core   0: 0x8000e130 (0xec3f2a23) sw      gp, -300(t5)
core   0: 3 0x8000e130 (0xec3f2a23) mem 0x8000f000 0x00000001
core   0: 0x8000e134 (0xff9ff06f) j       pc - 0x8
core   0: 3 0x8000e134 (0xff9ff06f)
core   0: 0x8000e12c (0x00001f17) auipc   t5, 0x1
core   0: 3 0x8000e12c (0x00001f17) x30 0x8000f12c
core   0: 0x8000e130 (0xec3f2a23) sw      gp, -300(t5)
core   0: 3 0x8000e130 (0xec3f2a23) mem 0x8000f000 0x00000001
core   0: 0x8000e134 (0xff9ff06f) j       pc - 0x8
core   0: 3 0x8000e134 (0xff9ff06f)
core   0: 0x8000e12c (0x00001f17) auipc   t5, 0x1
core   0: 3 0x8000e12c (0x00001f17) x30 0x8000f12c
core   0: 0x8000e130 (0xec3f2a23) sw      gp, -300(t5)
core   0: 3 0x8000e130 (0xec3f2a23) mem 0x8000f000 0x00000001
core   0: 0x8000e134 (0xff9ff06f) j       pc - 0x8
core   0: 3 0x8000e134 (0xff9ff06f)
core   0: 0x8000e12c (0x00001f17) auipc   t5, 0x1
core   0: 3 0x8000e12c (0x00001f17) x30 0x8000f12c
core   0: 0x8000e130 (0xec3f2a23) sw      gp, -300(t5)
core   0: 3 0x8000e130 (0xec3f2a23) mem 0x8000f000 0x00000001
core   0: 0x8000e134 (0xff9ff06f) j       pc - 0x8
core   0: 3 0x8000e134 (0xff9ff06f)
core   0: 0x8000e12c (0x00001f17) auipc   t5, 0x1
core   0: 3 0x8000e12c (0x00001f17) x30 0x8000f12c
core   0: 0x8000e130 (0xec3f2a23) sw      gp, -300(t5)
core   0: 3 0x8000e130 (0xec3f2a23) mem 0x8000f000 0x00000001
core   0: 0x8000e134 (0xff9ff06f) j       pc - 0x8
core   0: 3 0x8000e134 (0xff9ff06f)
core   0: 0x8000e12c (0x00001f17) auipc   t5, 0x1
core   0: 3 0x8000e12c (0x00001f17) x30 0x8000f12c
core   0: 0x8000e130 (0xec3f2a23) sw      gp, -300(t5)
core   0: 3 0x8000e130 (0xec3f2a23) mem 0x8000f000 0x00000001
core   0: 0x8000e134 (0xff9ff06f) j       pc - 0x8
core   0: 3 0x8000e134 (0xff9ff06f)
core   0: 0x8000e12c (0x00001f17) auipc   t5, 0x1
core   0: 3 0x8000e12c (0x00001f17) x30 0x8000f12c
core   0: 0x8000e130 (0xec3f2a23) sw      gp, -300(t5)
core   0: 3 0x8000e130 (0xec3f2a23) mem 0x8000f000 0x00000001
core   0: 0x8000e134 (0xff9ff06f) j       pc - 0x8
core   0: 3 0x8000e134 (0xff9ff06f)
core   0: 0x8000e12c (0x00001f17) auipc   t5, 0x1
core   0: 3 0x8000e12c (0x00001f17) x30 0x8000f12c
core   0: 0x8000e130 (0xec3f2a23) sw      gp, -300(t5)
core   0: 3 0x8000e130 (0xec3f2a23) mem 0x8000f000 0x00000001
core   0: 0x8000e134 (0xff9ff06f) j       pc - 0x8
core   0: 3 0x8000e134 (0xff9ff06f)
core   0: 0x8000e12c (0x00001f17) auipc   t5, 0x1
core   0: 3 0x8000e12c (0x00001f17) x30 0x8000f12c
core   0: 0x8000e130 (0xec3f2a23) sw      gp, -300(t5)
core   0: 3 0x8000e130 (0xec3f2a23) mem 0x8000f000 0x00000001
core   0: 0x8000e134 (0xff9ff06f) j       pc - 0x8
core   0: 3 0x8000e134 (0xff9ff06f)
core   0: 0x8000e12c (0x00001f17) auipc   t5, 0x1
core   0: 3 0x8000e12c (0x00001f17) x30 0x8000f12c
core   0: 0x8000e130 (0xec3f2a23) sw      gp, -300(t5)
core   0: 3 0x8000e130 (0xec3f2a23) mem 0x8000f000 0x00000001
core   0: 0x8000e134 (0xff9ff06f) j       pc - 0x8
core   0: 3 0x8000e134 (0xff9ff06f)
core   0: 0x8000e12c (0x00001f17) auipc   t5, 0x1
core   0: 3 0x8000e12c (0x00001f17) x30 0x8000f12c
core   0: 0x8000e130 (0xec3f2a23) sw      gp, -300(t5)
core   0: 3 0x8000e130 (0xec3f2a23) mem 0x8000f000 0x00000001
core   0: 0x8000e134 (0xff9ff06f) j       pc - 0x8
core   0: 3 0x8000e134 (0xff9ff06f)
core   0: 0x8000e12c (0x00001f17) auipc   t5, 0x1
core   0: 3 0x8000e12c (0x00001f17) x30 0x8000f12c
core   0: 0x8000e130 (0xec3f2a23) sw      gp, -300(t5)
core   0: 3 0x8000e130 (0xec3f2a23) mem 0x8000f000 0x00000001
core   0: 0x8000e134 (0xff9ff06f) j       pc - 0x8
core   0: 3 0x8000e134 (0xff9ff06f)
core   0: 0x8000e12c (0x00001f17) auipc   t5, 0x1
core   0: 3 0x8000e12c (0x00001f17) x30 0x8000f12c
core   0: 0x8000e130 (0xec3f2a23) sw      gp, -300(t5)
core   0: 3 0x8000e130 (0xec3f2a23) mem 0x8000f000 0x00000001
core   0: 0x8000e134 (0xff9ff06f) j       pc - 0x8
core   0: 3 0x8000e134 (0xff9ff06f)
core   0: 0x8000e12c (0x00001f17) auipc   t5, 0x1
core   0: 3 0x8000e12c (0x00001f17) x30 0x8000f12c
core   0: 0x8000e130 (0xec3f2a23) sw      gp, -300(t5)
core   0: 3 0x8000e130 (0xec3f2a23) mem 0x8000f000 0x00000001
core   0: 0x8000e134 (0xff9ff06f) j       pc - 0x8
core   0: 3 0x8000e134 (0xff9ff06f)
core   0: 0x8000e12c (0x00001f17) auipc   t5, 0x1
core   0: 3 0x8000e12c (0x00001f17) x30 0x8000f12c
core   0: 0x8000e130 (0xec3f2a23) sw      gp, -300(t5)
core   0: 3 0x8000e130 (0xec3f2a23) mem 0x8000f000 0x00000001
core   0: 0x8000e134 (0xff9ff06f) j       pc - 0x8
core   0: 3 0x8000e134 (0xff9ff06f)
core   0: 0x8000e12c (0x00001f17) auipc   t5, 0x1
core   0: 3 0x8000e12c (0x00001f17) x30 0x8000f12c
core   0: 0x8000e130 (0xec3f2a23) sw      gp, -300(t5)
core   0: 3 0x8000e130 (0xec3f2a23) mem 0x8000f000 0x00000001
core   0: 0x8000e134 (0xff9ff06f) j       pc - 0x8
core   0: 3 0x8000e134 (0xff9ff06f)
core   0: 0x8000e12c (0x00001f17) auipc   t5, 0x1
core   0: 3 0x8000e12c (0x00001f17) x30 0x8000f12c
core   0: 0x8000e130 (0xec3f2a23) sw      gp, -300(t5)
core   0: 3 0x8000e130 (0xec3f2a23) mem 0x8000f000 0x00000001
core   0: 0x8000e134 (0xff9ff06f) j       pc - 0x8
core   0: 3 0x8000e134 (0xff9ff06f)
core   0: 0x8000e12c (0x00001f17) auipc   t5, 0x1
core   0: 3 0x8000e12c (0x00001f17) x30 0x8000f12c
core   0: 0x8000e130 (0xec3f2a23) sw      gp, -300(t5)
core   0: 3 0x8000e130 (0xec3f2a23) mem 0x8000f000 0x00000001
core   0: 0x8000e134 (0xff9ff06f) j       pc - 0x8
core   0: 3 0x8000e134 (0xff9ff06f)
core   0: 0x8000e12c (0x00001f17) auipc   t5, 0x1
core   0: 3 0x8000e12c (0x00001f17) x30 0x8000f12c
core   0: 0x8000e130 (0xec3f2a23) sw      gp, -300(t5)
core   0: 3 0x8000e130 (0xec3f2a23) mem 0x8000f000 0x00000001
core   0: 0x8000e134 (0xff9ff06f) j       pc - 0x8
core   0: 3 0x8000e134 (0xff9ff06f)
core   0: 0x8000e12c (0x00001f17) auipc   t5, 0x1
core   0: 3 0x8000e12c (0x00001f17) x30 0x8000f12c
core   0: 0x8000e130 (0xec3f2a23) sw      gp, -300(t5)
core   0: 3 0x8000e130 (0xec3f2a23) mem 0x8000f000 0x00000001
core   0: 0x8000e134 (0xff9ff06f) j       pc - 0x8
core   0: 3 0x8000e134 (0xff9ff06f)
core   0: 0x8000e12c (0x00001f17) auipc   t5, 0x1
core   0: 3 0x8000e12c (0x00001f17) x30 0x8000f12c
core   0: 0x8000e130 (0xec3f2a23) sw      gp, -300(t5)
core   0: 3 0x8000e130 (0xec3f2a23) mem 0x8000f000 0x00000001
core   0: 0x8000e134 (0xff9ff06f) j       pc - 0x8
core   0: 3 0x8000e134 (0xff9ff06f)
core   0: 0x8000e12c (0x00001f17) auipc   t5, 0x1
core   0: 3 0x8000e12c (0x00001f17) x30 0x8000f12c
core   0: 0x8000e130 (0xec3f2a23) sw      gp, -300(t5)
core   0: 3 0x8000e130 (0xec3f2a23) mem 0x8000f000 0x00000001
core   0: 0x8000e134 (0xff9ff06f) j       pc - 0x8
core   0: 3 0x8000e134 (0xff9ff06f)
core   0: 0x8000e12c (0x00001f17) auipc   t5, 0x1
core   0: 3 0x8000e12c (0x00001f17) x30 0x8000f12c
core   0: 0x8000e130 (0xec3f2a23) sw      gp, -300(t5)
core   0: 3 0x8000e130 (0xec3f2a23) mem 0x8000f000 0x00000001
core   0: 0x8000e134 (0xff9ff06f) j       pc - 0x8
core   0: 3 0x8000e134 (0xff9ff06f)
core   0: 0x8000e12c (0x00001f17) auipc   t5, 0x1
core   0: 3 0x8000e12c (0x00001f17) x30 0x8000f12c
core   0: 0x8000e130 (0xec3f2a23) sw      gp, -300(t5)
core   0: 3 0x8000e130 (0xec3f2a23) mem 0x8000f000 0x00000001
core   0: 0x8000e134 (0xff9ff06f) j       pc - 0x8
core   0: 3 0x8000e134 (0xff9ff06f)
core   0: 0x8000e12c (0x00001f17) auipc   t5, 0x1
core   0: 3 0x8000e12c (0x00001f17) x30 0x8000f12c
core   0: 0x8000e130 (0xec3f2a23) sw      gp, -300(t5)
core   0: 3 0x8000e130 (0xec3f2a23) mem 0x8000f000 0x00000001
core   0: 0x8000e134 (0xff9ff06f) j       pc - 0x8
core   0: 3 0x8000e134 (0xff9ff06f)
core   0: 0x8000e12c (0x00001f17) auipc   t5, 0x1
core   0: 3 0x8000e12c (0x00001f17) x30 0x8000f12c
core   0: 0x8000e130 (0xec3f2a23) sw      gp, -300(t5)
core   0: 3 0x8000e130 (0xec3f2a23) mem 0x8000f000 0x00000001
core   0: 0x8000e134 (0xff9ff06f) j       pc - 0x8
core   0: 3 0x8000e134 (0xff9ff06f)
core   0: 0x8000e12c (0x00001f17) auipc   t5, 0x1
core   0: 3 0x8000e12c (0x00001f17) x30 0x8000f12c
core   0: 0x8000e130 (0xec3f2a23) sw      gp, -300(t5)
core   0: 3 0x8000e130 (0xec3f2a23) mem 0x8000f000 0x00000001
core   0: 0x8000e134 (0xff9ff06f) j       pc - 0x8
core   0: 3 0x8000e134 (0xff9ff06f)
core   0: 0x8000e12c (0x00001f17) auipc   t5, 0x1
core   0: 3 0x8000e12c (0x00001f17) x30 0x8000f12c
core   0: 0x8000e130 (0xec3f2a23) sw      gp, -300(t5)
core   0: 3 0x8000e130 (0xec3f2a23) mem 0x8000f000 0x00000001
core   0: 0x8000e134 (0xff9ff06f) j       pc - 0x8
core   0: 3 0x8000e134 (0xff9ff06f)
core   0: 0x8000e12c (0x00001f17) auipc   t5, 0x1
core   0: 3 0x8000e12c (0x00001f17) x30 0x8000f12c
core   0: 0x8000e130 (0xec3f2a23) sw      gp, -300(t5)
core   0: 3 0x8000e130 (0xec3f2a23) mem 0x8000f000 0x00000001
core   0: 0x8000e134 (0xff9ff06f) j       pc - 0x8
core   0: 3 0x8000e134 (0xff9ff06f)
core   0: 0x8000e12c (0x00001f17) auipc   t5, 0x1
core   0: 3 0x8000e12c (0x00001f17) x30 0x8000f12c
core   0: 0x8000e130 (0xec3f2a23) sw      gp, -300(t5)
core   0: 3 0x8000e130 (0xec3f2a23) mem 0x8000f000 0x00000001
core   0: 0x8000e134 (0xff9ff06f) j       pc - 0x8
core   0: 3 0x8000e134 (0xff9ff06f)
core   0: 0x8000e12c (0x00001f17) auipc   t5, 0x1
core   0: 3 0x8000e12c (0x00001f17) x30 0x8000f12c
core   0: 0x8000e130 (0xec3f2a23) sw      gp, -300(t5)
core   0: 3 0x8000e130 (0xec3f2a23) mem 0x8000f000 0x00000001
core   0: 0x8000e134 (0xff9ff06f) j       pc - 0x8
core   0: 3 0x8000e134 (0xff9ff06f)
core   0: 0x8000e12c (0x00001f17) auipc   t5, 0x1
core   0: 3 0x8000e12c (0x00001f17) x30 0x8000f12c
core   0: 0x8000e130 (0xec3f2a23) sw      gp, -300(t5)
core   0: 3 0x8000e130 (0xec3f2a23) mem 0x8000f000 0x00000001
core   0: 0x8000e134 (0xff9ff06f) j       pc - 0x8
core   0: 3 0x8000e134 (0xff9ff06f)
core   0: 0x8000e12c (0x00001f17) auipc   t5, 0x1
core   0: 3 0x8000e12c (0x00001f17) x30 0x8000f12c
core   0: 0x8000e130 (0xec3f2a23) sw      gp, -300(t5)
core   0: 3 0x8000e130 (0xec3f2a23) mem 0x8000f000 0x00000001
core   0: 0x8000e134 (0xff9ff06f) j       pc - 0x8
core   0: 3 0x8000e134 (0xff9ff06f)
core   0: 0x8000e12c (0x00001f17) auipc   t5, 0x1
core   0: 3 0x8000e12c (0x00001f17) x30 0x8000f12c
core   0: 0x8000e130 (0xec3f2a23) sw      gp, -300(t5)
core   0: 3 0x8000e130 (0xec3f2a23) mem 0x8000f000 0x00000001
core   0: 0x8000e134 (0xff9ff06f) j       pc - 0x8
core   0: 3 0x8000e134 (0xff9ff06f)
core   0: 0x8000e12c (0x00001f17) auipc   t5, 0x1
core   0: 3 0x8000e12c (0x00001f17) x30 0x8000f12c
core   0: 0x8000e130 (0xec3f2a23) sw      gp, -300(t5)
core   0: 3 0x8000e130 (0xec3f2a23) mem 0x8000f000 0x00000001
core   0: 0x8000e134 (0xff9ff06f) j       pc - 0x8
core   0: 3 0x8000e134 (0xff9ff06f)
core   0: 0x8000e12c (0x00001f17) auipc   t5, 0x1
core   0: 3 0x8000e12c (0x00001f17) x30 0x8000f12c
core   0: 0x8000e130 (0xec3f2a23) sw      gp, -300(t5)
core   0: 3 0x8000e130 (0xec3f2a23) mem 0x8000f000 0x00000001
core   0: 0x8000e134 (0xff9ff06f) j       pc - 0x8
core   0: 3 0x8000e134 (0xff9ff06f)
core   0: 0x8000e12c (0x00001f17) auipc   t5, 0x1
core   0: 3 0x8000e12c (0x00001f17) x30 0x8000f12c
core   0: 0x8000e130 (0xec3f2a23) sw      gp, -300(t5)
core   0: 3 0x8000e130 (0xec3f2a23) mem 0x8000f000 0x00000001
core   0: 0x8000e134 (0xff9ff06f) j       pc - 0x8
core   0: 3 0x8000e134 (0xff9ff06f)
core   0: 0x8000e12c (0x00001f17) auipc   t5, 0x1
core   0: 3 0x8000e12c (0x00001f17) x30 0x8000f12c
core   0: 0x8000e130 (0xec3f2a23) sw      gp, -300(t5)
core   0: 3 0x8000e130 (0xec3f2a23) mem 0x8000f000 0x00000001
core   0: 0x8000e134 (0xff9ff06f) j       pc - 0x8
core   0: 3 0x8000e134 (0xff9ff06f)
core   0: 0x8000e12c (0x00001f17) auipc   t5, 0x1
core   0: 3 0x8000e12c (0x00001f17) x30 0x8000f12c
core   0: 0x8000e130 (0xec3f2a23) sw      gp, -300(t5)
core   0: 3 0x8000e130 (0xec3f2a23) mem 0x8000f000 0x00000001
core   0: 0x8000e134 (0xff9ff06f) j       pc - 0x8
core   0: 3 0x8000e134 (0xff9ff06f)
core   0: 0x8000e12c (0x00001f17) auipc   t5, 0x1
core   0: 3 0x8000e12c (0x00001f17) x30 0x8000f12c
core   0: 0x8000e130 (0xec3f2a23) sw      gp, -300(t5)
core   0: 3 0x8000e130 (0xec3f2a23) mem 0x8000f000 0x00000001
core   0: 0x8000e134 (0xff9ff06f) j       pc - 0x8
core   0: 3 0x8000e134 (0xff9ff06f)
core   0: 0x8000e12c (0x00001f17) auipc   t5, 0x1
core   0: 3 0x8000e12c (0x00001f17) x30 0x8000f12c
core   0: 0x8000e130 (0xec3f2a23) sw      gp, -300(t5)
core   0: 3 0x8000e130 (0xec3f2a23) mem 0x8000f000 0x00000001
core   0: 0x8000e134 (0xff9ff06f) j       pc - 0x8
core   0: 3 0x8000e134 (0xff9ff06f)
core   0: 0x8000e12c (0x00001f17) auipc   t5, 0x1
core   0: 3 0x8000e12c (0x00001f17) x30 0x8000f12c
core   0: 0x8000e130 (0xec3f2a23) sw      gp, -300(t5)
core   0: 3 0x8000e130 (0xec3f2a23) mem 0x8000f000 0x00000001
core   0: 0x8000e134 (0xff9ff06f) j       pc - 0x8
core   0: 3 0x8000e134 (0xff9ff06f)
core   0: 0x8000e12c (0x00001f17) auipc   t5, 0x1
core   0: 3 0x8000e12c (0x00001f17) x30 0x8000f12c
core   0: 0x8000e130 (0xec3f2a23) sw      gp, -300(t5)
core   0: 3 0x8000e130 (0xec3f2a23) mem 0x8000f000 0x00000001
core   0: 0x8000e134 (0xff9ff06f) j       pc - 0x8
core   0: 3 0x8000e134 (0xff9ff06f)
core   0: 0x8000e12c (0x00001f17) auipc   t5, 0x1
core   0: 3 0x8000e12c (0x00001f17) x30 0x8000f12c
core   0: 0x8000e130 (0xec3f2a23) sw      gp, -300(t5)
core   0: 3 0x8000e130 (0xec3f2a23) mem 0x8000f000 0x00000001
core   0: 0x8000e134 (0xff9ff06f) j       pc - 0x8
core   0: 3 0x8000e134 (0xff9ff06f)
core   0: 0x8000e12c (0x00001f17) auipc   t5, 0x1
core   0: 3 0x8000e12c (0x00001f17) x30 0x8000f12c
core   0: 0x8000e130 (0xec3f2a23) sw      gp, -300(t5)
core   0: 3 0x8000e130 (0xec3f2a23) mem 0x8000f000 0x00000001
core   0: 0x8000e134 (0xff9ff06f) j       pc - 0x8
core   0: 3 0x8000e134 (0xff9ff06f)
core   0: 0x8000e12c (0x00001f17) auipc   t5, 0x1
core   0: 3 0x8000e12c (0x00001f17) x30 0x8000f12c
core   0: 0x8000e130 (0xec3f2a23) sw      gp, -300(t5)
core   0: 3 0x8000e130 (0xec3f2a23) mem 0x8000f000 0x00000001
core   0: 0x8000e134 (0xff9ff06f) j       pc - 0x8
core   0: 3 0x8000e134 (0xff9ff06f)
core   0: 0x8000e12c (0x00001f17) auipc   t5, 0x1
core   0: 3 0x8000e12c (0x00001f17) x30 0x8000f12c
core   0: 0x8000e130 (0xec3f2a23) sw      gp, -300(t5)
core   0: 3 0x8000e130 (0xec3f2a23) mem 0x8000f000 0x00000001
core   0: 0x8000e134 (0xff9ff06f) j       pc - 0x8
core   0: 3 0x8000e134 (0xff9ff06f)
core   0: 0x8000e12c (0x00001f17) auipc   t5, 0x1
core   0: 3 0x8000e12c (0x00001f17) x30 0x8000f12c
core   0: 0x8000e130 (0xec3f2a23) sw      gp, -300(t5)
core   0: 3 0x8000e130 (0xec3f2a23) mem 0x8000f000 0x00000001
core   0: 0x8000e134 (0xff9ff06f) j       pc - 0x8
core   0: 3 0x8000e134 (0xff9ff06f)
core   0: 0x8000e12c (0x00001f17) auipc   t5, 0x1
core   0: 3 0x8000e12c (0x00001f17) x30 0x8000f12c
core   0: 0x8000e130 (0xec3f2a23) sw      gp, -300(t5)
core   0: 3 0x8000e130 (0xec3f2a23) mem 0x8000f000 0x00000001
core   0: 0x8000e134 (0xff9ff06f) j       pc - 0x8
core   0: 3 0x8000e134 (0xff9ff06f)
core   0: 0x8000e12c (0x00001f17) auipc   t5, 0x1
core   0: 3 0x8000e12c (0x00001f17) x30 0x8000f12c
core   0: 0x8000e130 (0xec3f2a23) sw      gp, -300(t5)
core   0: 3 0x8000e130 (0xec3f2a23) mem 0x8000f000 0x00000001
core   0: 0x8000e134 (0xff9ff06f) j       pc - 0x8
core   0: 3 0x8000e134 (0xff9ff06f)
core   0: 0x8000e12c (0x00001f17) auipc   t5, 0x1
core   0: 3 0x8000e12c (0x00001f17) x30 0x8000f12c
core   0: 0x8000e130 (0xec3f2a23) sw      gp, -300(t5)
core   0: 3 0x8000e130 (0xec3f2a23) mem 0x8000f000 0x00000001
core   0: 0x8000e134 (0xff9ff06f) j       pc - 0x8
core   0: 3 0x8000e134 (0xff9ff06f)
core   0: 0x8000e12c (0x00001f17) auipc   t5, 0x1
core   0: 3 0x8000e12c (0x00001f17) x30 0x8000f12c
core   0: 0x8000e130 (0xec3f2a23) sw      gp, -300(t5)
core   0: 3 0x8000e130 (0xec3f2a23) mem 0x8000f000 0x00000001
core   0: 0x8000e134 (0xff9ff06f) j       pc - 0x8
core   0: 3 0x8000e134 (0xff9ff06f)
core   0: 0x8000e12c (0x00001f17) auipc   t5, 0x1
core   0: 3 0x8000e12c (0x00001f17) x30 0x8000f12c
core   0: 0x8000e130 (0xec3f2a23) sw      gp, -300(t5)
core   0: 3 0x8000e130 (0xec3f2a23) mem 0x8000f000 0x00000001
core   0: 0x8000e134 (0xff9ff06f) j       pc - 0x8
core   0: 3 0x8000e134 (0xff9ff06f)
core   0: 0x8000e12c (0x00001f17) auipc   t5, 0x1
core   0: 3 0x8000e12c (0x00001f17) x30 0x8000f12c
core   0: 0x8000e130 (0xec3f2a23) sw      gp, -300(t5)
core   0: 3 0x8000e130 (0xec3f2a23) mem 0x8000f000 0x00000001
core   0: 0x8000e134 (0xff9ff06f) j       pc - 0x8
core   0: 3 0x8000e134 (0xff9ff06f)
core   0: 0x8000e12c (0x00001f17) auipc   t5, 0x1
core   0: 3 0x8000e12c (0x00001f17) x30 0x8000f12c
core   0: 0x8000e130 (0xec3f2a23) sw      gp, -300(t5)
core   0: 3 0x8000e130 (0xec3f2a23) mem 0x8000f000 0x00000001
core   0: 0x8000e134 (0xff9ff06f) j       pc - 0x8
core   0: 3 0x8000e134 (0xff9ff06f)
core   0: 0x8000e12c (0x00001f17) auipc   t5, 0x1
core   0: 3 0x8000e12c (0x00001f17) x30 0x8000f12c
core   0: 0x8000e130 (0xec3f2a23) sw      gp, -300(t5)
core   0: 3 0x8000e130 (0xec3f2a23) mem 0x8000f000 0x00000001
core   0: 0x8000e134 (0xff9ff06f) j       pc - 0x8
core   0: 3 0x8000e134 (0xff9ff06f)
core   0: 0x8000e12c (0x00001f17) auipc   t5, 0x1
core   0: 3 0x8000e12c (0x00001f17) x30 0x8000f12c
core   0: 0x8000e130 (0xec3f2a23) sw      gp, -300(t5)
core   0: 3 0x8000e130 (0xec3f2a23) mem 0x8000f000 0x00000001
core   0: 0x8000e134 (0xff9ff06f) j       pc - 0x8
core   0: 3 0x8000e134 (0xff9ff06f)
core   0: 0x8000e12c (0x00001f17) auipc   t5, 0x1
core   0: 3 0x8000e12c (0x00001f17) x30 0x8000f12c
core   0: 0x8000e130 (0xec3f2a23) sw      gp, -300(t5)
core   0: 3 0x8000e130 (0xec3f2a23) mem 0x8000f000 0x00000001
core   0: 0x8000e134 (0xff9ff06f) j       pc - 0x8
core   0: 3 0x8000e134 (0xff9ff06f)
core   0: 0x8000e12c (0x00001f17) auipc   t5, 0x1
core   0: 3 0x8000e12c (0x00001f17) x30 0x8000f12c
core   0: 0x8000e130 (0xec3f2a23) sw      gp, -300(t5)
core   0: 3 0x8000e130 (0xec3f2a23) mem 0x8000f000 0x00000001
core   0: 0x8000e134 (0xff9ff06f) j       pc - 0x8
core   0: 3 0x8000e134 (0xff9ff06f)
core   0: 0x8000e12c (0x00001f17) auipc   t5, 0x1
core   0: 3 0x8000e12c (0x00001f17) x30 0x8000f12c
core   0: 0x8000e130 (0xec3f2a23) sw      gp, -300(t5)
core   0: 3 0x8000e130 (0xec3f2a23) mem 0x8000f000 0x00000001
core   0: 0x8000e134 (0xff9ff06f) j       pc - 0x8
core   0: 3 0x8000e134 (0xff9ff06f)
core   0: 0x8000e12c (0x00001f17) auipc   t5, 0x1
core   0: 3 0x8000e12c (0x00001f17) x30 0x8000f12c
core   0: 0x8000e130 (0xec3f2a23) sw      gp, -300(t5)
core   0: 3 0x8000e130 (0xec3f2a23) mem 0x8000f000 0x00000001
core   0: 0x8000e134 (0xff9ff06f) j       pc - 0x8
core   0: 3 0x8000e134 (0xff9ff06f)
core   0: 0x8000e12c (0x00001f17) auipc   t5, 0x1
core   0: 3 0x8000e12c (0x00001f17) x30 0x8000f12c
core   0: 0x8000e130 (0xec3f2a23) sw      gp, -300(t5)
core   0: 3 0x8000e130 (0xec3f2a23) mem 0x8000f000 0x00000001
core   0: 0x8000e134 (0xff9ff06f) j       pc - 0x8
core   0: 3 0x8000e134 (0xff9ff06f)
core   0: 0x8000e12c (0x00001f17) auipc   t5, 0x1
core   0: 3 0x8000e12c (0x00001f17) x30 0x8000f12c
core   0: 0x8000e130 (0xec3f2a23) sw      gp, -300(t5)
core   0: 3 0x8000e130 (0xec3f2a23) mem 0x8000f000 0x00000001
core   0: 0x8000e134 (0xff9ff06f) j       pc - 0x8
core   0: 3 0x8000e134 (0xff9ff06f)
core   0: 0x8000e12c (0x00001f17) auipc   t5, 0x1
core   0: 3 0x8000e12c (0x00001f17) x30 0x8000f12c
core   0: 0x8000e130 (0xec3f2a23) sw      gp, -300(t5)
core   0: 3 0x8000e130 (0xec3f2a23) mem 0x8000f000 0x00000001
core   0: 0x8000e134 (0xff9ff06f) j       pc - 0x8
core   0: 3 0x8000e134 (0xff9ff06f)
core   0: 0x8000e12c (0x00001f17) auipc   t5, 0x1
core   0: 3 0x8000e12c (0x00001f17) x30 0x8000f12c
core   0: 0x8000e130 (0xec3f2a23) sw      gp, -300(t5)
core   0: 3 0x8000e130 (0xec3f2a23) mem 0x8000f000 0x00000001
core   0: 0x8000e134 (0xff9ff06f) j       pc - 0x8
core   0: 3 0x8000e134 (0xff9ff06f)
core   0: 0x8000e12c (0x00001f17) auipc   t5, 0x1
core   0: 3 0x8000e12c (0x00001f17) x30 0x8000f12c
core   0: 0x8000e130 (0xec3f2a23) sw      gp, -300(t5)
core   0: 3 0x8000e130 (0xec3f2a23) mem 0x8000f000 0x00000001
core   0: 0x8000e134 (0xff9ff06f) j       pc - 0x8
core   0: 3 0x8000e134 (0xff9ff06f)
core   0: 0x8000e12c (0x00001f17) auipc   t5, 0x1
core   0: 3 0x8000e12c (0x00001f17) x30 0x8000f12c
core   0: 0x8000e130 (0xec3f2a23) sw      gp, -300(t5)
core   0: 3 0x8000e130 (0xec3f2a23) mem 0x8000f000 0x00000001
core   0: 0x8000e134 (0xff9ff06f) j       pc - 0x8
core   0: 3 0x8000e134 (0xff9ff06f)
core   0: 0x8000e12c (0x00001f17) auipc   t5, 0x1
core   0: 3 0x8000e12c (0x00001f17) x30 0x8000f12c
core   0: 0x8000e130 (0xec3f2a23) sw      gp, -300(t5)
core   0: 3 0x8000e130 (0xec3f2a23) mem 0x8000f000 0x00000001
core   0: 0x8000e134 (0xff9ff06f) j       pc - 0x8
core   0: 3 0x8000e134 (0xff9ff06f)
core   0: 0x8000e12c (0x00001f17) auipc   t5, 0x1
core   0: 3 0x8000e12c (0x00001f17) x30 0x8000f12c
core   0: 0x8000e130 (0xec3f2a23) sw      gp, -300(t5)
core   0: 3 0x8000e130 (0xec3f2a23) mem 0x8000f000 0x00000001
core   0: 0x8000e134 (0xff9ff06f) j       pc - 0x8
core   0: 3 0x8000e134 (0xff9ff06f)
core   0: 0x8000e12c (0x00001f17) auipc   t5, 0x1
core   0: 3 0x8000e12c (0x00001f17) x30 0x8000f12c
core   0: 0x8000e130 (0xec3f2a23) sw      gp, -300(t5)
core   0: 3 0x8000e130 (0xec3f2a23) mem 0x8000f000 0x00000001
core   0: 0x8000e134 (0xff9ff06f) j       pc - 0x8
core   0: 3 0x8000e134 (0xff9ff06f)
core   0: 0x8000e12c (0x00001f17) auipc   t5, 0x1
core   0: 3 0x8000e12c (0x00001f17) x30 0x8000f12c
core   0: 0x8000e130 (0xec3f2a23) sw      gp, -300(t5)
core   0: 3 0x8000e130 (0xec3f2a23) mem 0x8000f000 0x00000001
core   0: 0x8000e134 (0xff9ff06f) j       pc - 0x8
core   0: 3 0x8000e134 (0xff9ff06f)
core   0: 0x8000e12c (0x00001f17) auipc   t5, 0x1
core   0: 3 0x8000e12c (0x00001f17) x30 0x8000f12c
core   0: 0x8000e130 (0xec3f2a23) sw      gp, -300(t5)
core   0: 3 0x8000e130 (0xec3f2a23) mem 0x8000f000 0x00000001
core   0: 0x8000e134 (0xff9ff06f) j       pc - 0x8
core   0: 3 0x8000e134 (0xff9ff06f)
core   0: 0x8000e12c (0x00001f17) auipc   t5, 0x1
core   0: 3 0x8000e12c (0x00001f17) x30 0x8000f12c
core   0: 0x8000e130 (0xec3f2a23) sw      gp, -300(t5)
core   0: 3 0x8000e130 (0xec3f2a23) mem 0x8000f000 0x00000001
core   0: 0x8000e134 (0xff9ff06f) j       pc - 0x8
core   0: 3 0x8000e134 (0xff9ff06f)
core   0: 0x8000e12c (0x00001f17) auipc   t5, 0x1
core   0: 3 0x8000e12c (0x00001f17) x30 0x8000f12c
core   0: 0x8000e130 (0xec3f2a23) sw      gp, -300(t5)
core   0: 3 0x8000e130 (0xec3f2a23) mem 0x8000f000 0x00000001
core   0: 0x8000e134 (0xff9ff06f) j       pc - 0x8
core   0: 3 0x8000e134 (0xff9ff06f)
core   0: 0x8000e12c (0x00001f17) auipc   t5, 0x1
core   0: 3 0x8000e12c (0x00001f17) x30 0x8000f12c
core   0: 0x8000e130 (0xec3f2a23) sw      gp, -300(t5)
core   0: 3 0x8000e130 (0xec3f2a23) mem 0x8000f000 0x00000001
core   0: 0x8000e134 (0xff9ff06f) j       pc - 0x8
core   0: 3 0x8000e134 (0xff9ff06f)
core   0: 0x8000e12c (0x00001f17) auipc   t5, 0x1
core   0: 3 0x8000e12c (0x00001f17) x30 0x8000f12c
core   0: 0x8000e130 (0xec3f2a23) sw      gp, -300(t5)
core   0: 3 0x8000e130 (0xec3f2a23) mem 0x8000f000 0x00000001
core   0: 0x8000e134 (0xff9ff06f) j       pc - 0x8
core   0: 3 0x8000e134 (0xff9ff06f)
core   0: 0x8000e12c (0x00001f17) auipc   t5, 0x1
core   0: 3 0x8000e12c (0x00001f17) x30 0x8000f12c
core   0: 0x8000e130 (0xec3f2a23) sw      gp, -300(t5)
core   0: 3 0x8000e130 (0xec3f2a23) mem 0x8000f000 0x00000001
core   0: 0x8000e134 (0xff9ff06f) j       pc - 0x8
core   0: 3 0x8000e134 (0xff9ff06f)
core   0: 0x8000e12c (0x00001f17) auipc   t5, 0x1
core   0: 3 0x8000e12c (0x00001f17) x30 0x8000f12c
core   0: 0x8000e130 (0xec3f2a23) sw      gp, -300(t5)
core   0: 3 0x8000e130 (0xec3f2a23) mem 0x8000f000 0x00000001
core   0: 0x8000e134 (0xff9ff06f) j       pc - 0x8
core   0: 3 0x8000e134 (0xff9ff06f)
core   0: 0x8000e12c (0x00001f17) auipc   t5, 0x1
core   0: 3 0x8000e12c (0x00001f17) x30 0x8000f12c
core   0: 0x8000e130 (0xec3f2a23) sw      gp, -300(t5)
core   0: 3 0x8000e130 (0xec3f2a23) mem 0x8000f000 0x00000001
core   0: 0x8000e134 (0xff9ff06f) j       pc - 0x8
core   0: 3 0x8000e134 (0xff9ff06f)
core   0: 0x8000e12c (0x00001f17) auipc   t5, 0x1
core   0: 3 0x8000e12c (0x00001f17) x30 0x8000f12c
core   0: 0x8000e130 (0xec3f2a23) sw      gp, -300(t5)
core   0: 3 0x8000e130 (0xec3f2a23) mem 0x8000f000 0x00000001
core   0: 0x8000e134 (0xff9ff06f) j       pc - 0x8
core   0: 3 0x8000e134 (0xff9ff06f)
core   0: 0x8000e12c (0x00001f17) auipc   t5, 0x1
core   0: 3 0x8000e12c (0x00001f17) x30 0x8000f12c
core   0: 0x8000e130 (0xec3f2a23) sw      gp, -300(t5)
core   0: 3 0x8000e130 (0xec3f2a23) mem 0x8000f000 0x00000001
core   0: 0x8000e134 (0xff9ff06f) j       pc - 0x8
core   0: 3 0x8000e134 (0xff9ff06f)
core   0: 0x8000e12c (0x00001f17) auipc   t5, 0x1
core   0: 3 0x8000e12c (0x00001f17) x30 0x8000f12c
core   0: 0x8000e130 (0xec3f2a23) sw      gp, -300(t5)
core   0: 3 0x8000e130 (0xec3f2a23) mem 0x8000f000 0x00000001
core   0: 0x8000e134 (0xff9ff06f) j       pc - 0x8
core   0: 3 0x8000e134 (0xff9ff06f)
core   0: 0x8000e12c (0x00001f17) auipc   t5, 0x1
core   0: 3 0x8000e12c (0x00001f17) x30 0x8000f12c
core   0: 0x8000e130 (0xec3f2a23) sw      gp, -300(t5)
core   0: 3 0x8000e130 (0xec3f2a23) mem 0x8000f000 0x00000001
core   0: 0x8000e134 (0xff9ff06f) j       pc - 0x8
core   0: 3 0x8000e134 (0xff9ff06f)
core   0: 0x8000e12c (0x00001f17) auipc   t5, 0x1
core   0: 3 0x8000e12c (0x00001f17) x30 0x8000f12c
core   0: 0x8000e130 (0xec3f2a23) sw      gp, -300(t5)
core   0: 3 0x8000e130 (0xec3f2a23) mem 0x8000f000 0x00000001
core   0: 0x8000e134 (0xff9ff06f) j       pc - 0x8
core   0: 3 0x8000e134 (0xff9ff06f)
core   0: 0x8000e12c (0x00001f17) auipc   t5, 0x1
core   0: 3 0x8000e12c (0x00001f17) x30 0x8000f12c
core   0: 0x8000e130 (0xec3f2a23) sw      gp, -300(t5)
core   0: 3 0x8000e130 (0xec3f2a23) mem 0x8000f000 0x00000001
core   0: 0x8000e134 (0xff9ff06f) j       pc - 0x8
core   0: 3 0x8000e134 (0xff9ff06f)
core   0: 0x8000e12c (0x00001f17) auipc   t5, 0x1
core   0: 3 0x8000e12c (0x00001f17) x30 0x8000f12c
core   0: 0x8000e130 (0xec3f2a23) sw      gp, -300(t5)
core   0: 3 0x8000e130 (0xec3f2a23) mem 0x8000f000 0x00000001
core   0: 0x8000e134 (0xff9ff06f) j       pc - 0x8
core   0: 3 0x8000e134 (0xff9ff06f)
core   0: 0x8000e12c (0x00001f17) auipc   t5, 0x1
core   0: 3 0x8000e12c (0x00001f17) x30 0x8000f12c
core   0: 0x8000e130 (0xec3f2a23) sw      gp, -300(t5)
core   0: 3 0x8000e130 (0xec3f2a23) mem 0x8000f000 0x00000001
core   0: 0x8000e134 (0xff9ff06f) j       pc - 0x8
core   0: 3 0x8000e134 (0xff9ff06f)
core   0: 0x8000e12c (0x00001f17) auipc   t5, 0x1
core   0: 3 0x8000e12c (0x00001f17) x30 0x8000f12c
core   0: 0x8000e130 (0xec3f2a23) sw      gp, -300(t5)
core   0: 3 0x8000e130 (0xec3f2a23) mem 0x8000f000 0x00000001
core   0: 0x8000e134 (0xff9ff06f) j       pc - 0x8
core   0: 3 0x8000e134 (0xff9ff06f)
core   0: 0x8000e12c (0x00001f17) auipc   t5, 0x1
core   0: 3 0x8000e12c (0x00001f17) x30 0x8000f12c
core   0: 0x8000e130 (0xec3f2a23) sw      gp, -300(t5)
core   0: 3 0x8000e130 (0xec3f2a23) mem 0x8000f000 0x00000001
core   0: 0x8000e134 (0xff9ff06f) j       pc - 0x8
core   0: 3 0x8000e134 (0xff9ff06f)
core   0: 0x8000e12c (0x00001f17) auipc   t5, 0x1
core   0: 3 0x8000e12c (0x00001f17) x30 0x8000f12c
core   0: 0x8000e130 (0xec3f2a23) sw      gp, -300(t5)
core   0: 3 0x8000e130 (0xec3f2a23) mem 0x8000f000 0x00000001
core   0: 0x8000e134 (0xff9ff06f) j       pc - 0x8
core   0: 3 0x8000e134 (0xff9ff06f)
core   0: 0x8000e12c (0x00001f17) auipc   t5, 0x1
core   0: 3 0x8000e12c (0x00001f17) x30 0x8000f12c
core   0: 0x8000e130 (0xec3f2a23) sw      gp, -300(t5)
core   0: 3 0x8000e130 (0xec3f2a23) mem 0x8000f000 0x00000001
core   0: 0x8000e134 (0xff9ff06f) j       pc - 0x8
core   0: 3 0x8000e134 (0xff9ff06f)
core   0: 0x8000e12c (0x00001f17) auipc   t5, 0x1
core   0: 3 0x8000e12c (0x00001f17) x30 0x8000f12c
core   0: 0x8000e130 (0xec3f2a23) sw      gp, -300(t5)
core   0: 3 0x8000e130 (0xec3f2a23) mem 0x8000f000 0x00000001
core   0: 0x8000e134 (0xff9ff06f) j       pc - 0x8
core   0: 3 0x8000e134 (0xff9ff06f)
core   0: 0x8000e12c (0x00001f17) auipc   t5, 0x1
core   0: 3 0x8000e12c (0x00001f17) x30 0x8000f12c
core   0: 0x8000e130 (0xec3f2a23) sw      gp, -300(t5)
core   0: 3 0x8000e130 (0xec3f2a23) mem 0x8000f000 0x00000001
core   0: 0x8000e134 (0xff9ff06f) j       pc - 0x8
core   0: 3 0x8000e134 (0xff9ff06f)
core   0: 0x8000e12c (0x00001f17) auipc   t5, 0x1
core   0: 3 0x8000e12c (0x00001f17) x30 0x8000f12c
core   0: 0x8000e130 (0xec3f2a23) sw      gp, -300(t5)
core   0: 3 0x8000e130 (0xec3f2a23) mem 0x8000f000 0x00000001
core   0: 0x8000e134 (0xff9ff06f) j       pc - 0x8
core   0: 3 0x8000e134 (0xff9ff06f)
core   0: 0x8000e12c (0x00001f17) auipc   t5, 0x1
core   0: 3 0x8000e12c (0x00001f17) x30 0x8000f12c
core   0: 0x8000e130 (0xec3f2a23) sw      gp, -300(t5)
core   0: 3 0x8000e130 (0xec3f2a23) mem 0x8000f000 0x00000001
core   0: 0x8000e134 (0xff9ff06f) j       pc - 0x8
core   0: 3 0x8000e134 (0xff9ff06f)
core   0: 0x8000e12c (0x00001f17) auipc   t5, 0x1
core   0: 3 0x8000e12c (0x00001f17) x30 0x8000f12c
core   0: 0x8000e130 (0xec3f2a23) sw      gp, -300(t5)
core   0: 3 0x8000e130 (0xec3f2a23) mem 0x8000f000 0x00000001
core   0: 0x8000e134 (0xff9ff06f) j       pc - 0x8
core   0: 3 0x8000e134 (0xff9ff06f)
core   0: 0x8000e12c (0x00001f17) auipc   t5, 0x1
core   0: 3 0x8000e12c (0x00001f17) x30 0x8000f12c
core   0: 0x8000e130 (0xec3f2a23) sw      gp, -300(t5)
core   0: 3 0x8000e130 (0xec3f2a23) mem 0x8000f000 0x00000001
core   0: 0x8000e134 (0xff9ff06f) j       pc - 0x8
core   0: 3 0x8000e134 (0xff9ff06f)
core   0: 0x8000e12c (0x00001f17) auipc   t5, 0x1
core   0: 3 0x8000e12c (0x00001f17) x30 0x8000f12c
core   0: 0x8000e130 (0xec3f2a23) sw      gp, -300(t5)
core   0: 3 0x8000e130 (0xec3f2a23) mem 0x8000f000 0x00000001
core   0: 0x8000e134 (0xff9ff06f) j       pc - 0x8
core   0: 3 0x8000e134 (0xff9ff06f)
core   0: 0x8000e12c (0x00001f17) auipc   t5, 0x1
core   0: 3 0x8000e12c (0x00001f17) x30 0x8000f12c
core   0: 0x8000e130 (0xec3f2a23) sw      gp, -300(t5)
core   0: 3 0x8000e130 (0xec3f2a23) mem 0x8000f000 0x00000001
core   0: 0x8000e134 (0xff9ff06f) j       pc - 0x8
core   0: 3 0x8000e134 (0xff9ff06f)
core   0: 0x8000e12c (0x00001f17) auipc   t5, 0x1
core   0: 3 0x8000e12c (0x00001f17) x30 0x8000f12c
core   0: 0x8000e130 (0xec3f2a23) sw      gp, -300(t5)
core   0: 3 0x8000e130 (0xec3f2a23) mem 0x8000f000 0x00000001
core   0: 0x8000e134 (0xff9ff06f) j       pc - 0x8
core   0: 3 0x8000e134 (0xff9ff06f)
core   0: 0x8000e12c (0x00001f17) auipc   t5, 0x1
core   0: 3 0x8000e12c (0x00001f17) x30 0x8000f12c
core   0: 0x8000e130 (0xec3f2a23) sw      gp, -300(t5)
core   0: 3 0x8000e130 (0xec3f2a23) mem 0x8000f000 0x00000001
core   0: 0x8000e134 (0xff9ff06f) j       pc - 0x8
core   0: 3 0x8000e134 (0xff9ff06f)
core   0: 0x8000e12c (0x00001f17) auipc   t5, 0x1
core   0: 3 0x8000e12c (0x00001f17) x30 0x8000f12c
core   0: 0x8000e130 (0xec3f2a23) sw      gp, -300(t5)
core   0: 3 0x8000e130 (0xec3f2a23) mem 0x8000f000 0x00000001
core   0: 0x8000e134 (0xff9ff06f) j       pc - 0x8
core   0: 3 0x8000e134 (0xff9ff06f)
core   0: 0x8000e12c (0x00001f17) auipc   t5, 0x1
core   0: 3 0x8000e12c (0x00001f17) x30 0x8000f12c
core   0: 0x8000e130 (0xec3f2a23) sw      gp, -300(t5)
core   0: 3 0x8000e130 (0xec3f2a23) mem 0x8000f000 0x00000001
core   0: 0x8000e134 (0xff9ff06f) j       pc - 0x8
core   0: 3 0x8000e134 (0xff9ff06f)
core   0: 0x8000e12c (0x00001f17) auipc   t5, 0x1
core   0: 3 0x8000e12c (0x00001f17) x30 0x8000f12c
core   0: 0x8000e130 (0xec3f2a23) sw      gp, -300(t5)
core   0: 3 0x8000e130 (0xec3f2a23) mem 0x8000f000 0x00000001
core   0: 0x8000e134 (0xff9ff06f) j       pc - 0x8
core   0: 3 0x8000e134 (0xff9ff06f)
core   0: 0x8000e12c (0x00001f17) auipc   t5, 0x1
core   0: 3 0x8000e12c (0x00001f17) x30 0x8000f12c
core   0: 0x8000e130 (0xec3f2a23) sw      gp, -300(t5)
core   0: 3 0x8000e130 (0xec3f2a23) mem 0x8000f000 0x00000001
core   0: 0x8000e134 (0xff9ff06f) j       pc - 0x8
core   0: 3 0x8000e134 (0xff9ff06f)
core   0: 0x8000e12c (0x00001f17) auipc   t5, 0x1
core   0: 3 0x8000e12c (0x00001f17) x30 0x8000f12c
core   0: 0x8000e130 (0xec3f2a23) sw      gp, -300(t5)
core   0: 3 0x8000e130 (0xec3f2a23) mem 0x8000f000 0x00000001
core   0: 0x8000e134 (0xff9ff06f) j       pc - 0x8
core   0: 3 0x8000e134 (0xff9ff06f)
core   0: 0x8000e12c (0x00001f17) auipc   t5, 0x1
core   0: 3 0x8000e12c (0x00001f17) x30 0x8000f12c
core   0: 0x8000e130 (0xec3f2a23) sw      gp, -300(t5)
core   0: 3 0x8000e130 (0xec3f2a23) mem 0x8000f000 0x00000001
core   0: 0x8000e134 (0xff9ff06f) j       pc - 0x8
core   0: 3 0x8000e134 (0xff9ff06f)
core   0: 0x8000e12c (0x00001f17) auipc   t5, 0x1
core   0: 3 0x8000e12c (0x00001f17) x30 0x8000f12c
core   0: 0x8000e130 (0xec3f2a23) sw      gp, -300(t5)
core   0: 3 0x8000e130 (0xec3f2a23) mem 0x8000f000 0x00000001
core   0: 0x8000e134 (0xff9ff06f) j       pc - 0x8
core   0: 3 0x8000e134 (0xff9ff06f)
core   0: 0x8000e12c (0x00001f17) auipc   t5, 0x1
core   0: 3 0x8000e12c (0x00001f17) x30 0x8000f12c
core   0: 0x8000e130 (0xec3f2a23) sw      gp, -300(t5)
core   0: 3 0x8000e130 (0xec3f2a23) mem 0x8000f000 0x00000001
core   0: 0x8000e134 (0xff9ff06f) j       pc - 0x8
core   0: 3 0x8000e134 (0xff9ff06f)
core   0: 0x8000e12c (0x00001f17) auipc   t5, 0x1
core   0: 3 0x8000e12c (0x00001f17) x30 0x8000f12c
core   0: 0x8000e130 (0xec3f2a23) sw      gp, -300(t5)
core   0: 3 0x8000e130 (0xec3f2a23) mem 0x8000f000 0x00000001
core   0: 0x8000e134 (0xff9ff06f) j       pc - 0x8
core   0: 3 0x8000e134 (0xff9ff06f)
core   0: 0x8000e12c (0x00001f17) auipc   t5, 0x1
core   0: 3 0x8000e12c (0x00001f17) x30 0x8000f12c
core   0: 0x8000e130 (0xec3f2a23) sw      gp, -300(t5)
core   0: 3 0x8000e130 (0xec3f2a23) mem 0x8000f000 0x00000001
core   0: 0x8000e134 (0xff9ff06f) j       pc - 0x8
core   0: 3 0x8000e134 (0xff9ff06f)
core   0: 0x8000e12c (0x00001f17) auipc   t5, 0x1
core   0: 3 0x8000e12c (0x00001f17) x30 0x8000f12c
core   0: 0x8000e130 (0xec3f2a23) sw      gp, -300(t5)
core   0: 3 0x8000e130 (0xec3f2a23) mem 0x8000f000 0x00000001
core   0: 0x8000e134 (0xff9ff06f) j       pc - 0x8
core   0: 3 0x8000e134 (0xff9ff06f)
core   0: 0x8000e12c (0x00001f17) auipc   t5, 0x1
core   0: 3 0x8000e12c (0x00001f17) x30 0x8000f12c
core   0: 0x8000e130 (0xec3f2a23) sw      gp, -300(t5)
core   0: 3 0x8000e130 (0xec3f2a23) mem 0x8000f000 0x00000001
core   0: 0x8000e134 (0xff9ff06f) j       pc - 0x8
core   0: 3 0x8000e134 (0xff9ff06f)
core   0: 0x8000e12c (0x00001f17) auipc   t5, 0x1
core   0: 3 0x8000e12c (0x00001f17) x30 0x8000f12c
core   0: 0x8000e130 (0xec3f2a23) sw      gp, -300(t5)
core   0: 3 0x8000e130 (0xec3f2a23) mem 0x8000f000 0x00000001
core   0: 0x8000e134 (0xff9ff06f) j       pc - 0x8
core   0: 3 0x8000e134 (0xff9ff06f)
core   0: 0x8000e12c (0x00001f17) auipc   t5, 0x1
core   0: 3 0x8000e12c (0x00001f17) x30 0x8000f12c
core   0: 0x8000e130 (0xec3f2a23) sw      gp, -300(t5)
core   0: 3 0x8000e130 (0xec3f2a23) mem 0x8000f000 0x00000001
core   0: 0x8000e134 (0xff9ff06f) j       pc - 0x8
core   0: 3 0x8000e134 (0xff9ff06f)
core   0: 0x8000e12c (0x00001f17) auipc   t5, 0x1
core   0: 3 0x8000e12c (0x00001f17) x30 0x8000f12c
core   0: 0x8000e130 (0xec3f2a23) sw      gp, -300(t5)
core   0: 3 0x8000e130 (0xec3f2a23) mem 0x8000f000 0x00000001
core   0: 0x8000e134 (0xff9ff06f) j       pc - 0x8
core   0: 3 0x8000e134 (0xff9ff06f)
core   0: 0x8000e12c (0x00001f17) auipc   t5, 0x1
core   0: 3 0x8000e12c (0x00001f17) x30 0x8000f12c
core   0: 0x8000e130 (0xec3f2a23) sw      gp, -300(t5)
core   0: 3 0x8000e130 (0xec3f2a23) mem 0x8000f000 0x00000001
core   0: 0x8000e134 (0xff9ff06f) j       pc - 0x8
core   0: 3 0x8000e134 (0xff9ff06f)
core   0: 0x8000e12c (0x00001f17) auipc   t5, 0x1
core   0: 3 0x8000e12c (0x00001f17) x30 0x8000f12c
core   0: 0x8000e130 (0xec3f2a23) sw      gp, -300(t5)
core   0: 3 0x8000e130 (0xec3f2a23) mem 0x8000f000 0x00000001
core   0: 0x8000e134 (0xff9ff06f) j       pc - 0x8
core   0: 3 0x8000e134 (0xff9ff06f)
core   0: 0x8000e12c (0x00001f17) auipc   t5, 0x1
core   0: 3 0x8000e12c (0x00001f17) x30 0x8000f12c
core   0: 0x8000e130 (0xec3f2a23) sw      gp, -300(t5)
core   0: 3 0x8000e130 (0xec3f2a23) mem 0x8000f000 0x00000001
core   0: 0x8000e134 (0xff9ff06f) j       pc - 0x8
core   0: 3 0x8000e134 (0xff9ff06f)
core   0: 0x8000e12c (0x00001f17) auipc   t5, 0x1
core   0: 3 0x8000e12c (0x00001f17) x30 0x8000f12c
core   0: 0x8000e130 (0xec3f2a23) sw      gp, -300(t5)
core   0: 3 0x8000e130 (0xec3f2a23) mem 0x8000f000 0x00000001
core   0: 0x8000e134 (0xff9ff06f) j       pc - 0x8
core   0: 3 0x8000e134 (0xff9ff06f)
core   0: 0x8000e12c (0x00001f17) auipc   t5, 0x1
core   0: 3 0x8000e12c (0x00001f17) x30 0x8000f12c
core   0: 0x8000e130 (0xec3f2a23) sw      gp, -300(t5)
core   0: 3 0x8000e130 (0xec3f2a23) mem 0x8000f000 0x00000001
core   0: 0x8000e134 (0xff9ff06f) j       pc - 0x8
core   0: 3 0x8000e134 (0xff9ff06f)
core   0: 0x8000e12c (0x00001f17) auipc   t5, 0x1
core   0: 3 0x8000e12c (0x00001f17) x30 0x8000f12c
core   0: 0x8000e130 (0xec3f2a23) sw      gp, -300(t5)
core   0: 3 0x8000e130 (0xec3f2a23) mem 0x8000f000 0x00000001
core   0: 0x8000e134 (0xff9ff06f) j       pc - 0x8
core   0: 3 0x8000e134 (0xff9ff06f)
core   0: 0x8000e12c (0x00001f17) auipc   t5, 0x1
core   0: 3 0x8000e12c (0x00001f17) x30 0x8000f12c
core   0: 0x8000e130 (0xec3f2a23) sw      gp, -300(t5)
core   0: 3 0x8000e130 (0xec3f2a23) mem 0x8000f000 0x00000001
core   0: 0x8000e134 (0xff9ff06f) j       pc - 0x8
core   0: 3 0x8000e134 (0xff9ff06f)
core   0: 0x8000e12c (0x00001f17) auipc   t5, 0x1
core   0: 3 0x8000e12c (0x00001f17) x30 0x8000f12c
core   0: 0x8000e130 (0xec3f2a23) sw      gp, -300(t5)
core   0: 3 0x8000e130 (0xec3f2a23) mem 0x8000f000 0x00000001
core   0: 0x8000e134 (0xff9ff06f) j       pc - 0x8
core   0: 3 0x8000e134 (0xff9ff06f)
core   0: 0x8000e12c (0x00001f17) auipc   t5, 0x1
core   0: 3 0x8000e12c (0x00001f17) x30 0x8000f12c
core   0: 0x8000e130 (0xec3f2a23) sw      gp, -300(t5)
core   0: 3 0x8000e130 (0xec3f2a23) mem 0x8000f000 0x00000001
core   0: 0x8000e134 (0xff9ff06f) j       pc - 0x8
core   0: 3 0x8000e134 (0xff9ff06f)
core   0: 0x8000e12c (0x00001f17) auipc   t5, 0x1
core   0: 3 0x8000e12c (0x00001f17) x30 0x8000f12c
core   0: 0x8000e130 (0xec3f2a23) sw      gp, -300(t5)
core   0: 3 0x8000e130 (0xec3f2a23) mem 0x8000f000 0x00000001
core   0: 0x8000e134 (0xff9ff06f) j       pc - 0x8
core   0: 3 0x8000e134 (0xff9ff06f)
core   0: 0x8000e12c (0x00001f17) auipc   t5, 0x1
core   0: 3 0x8000e12c (0x00001f17) x30 0x8000f12c
core   0: 0x8000e130 (0xec3f2a23) sw      gp, -300(t5)
core   0: 3 0x8000e130 (0xec3f2a23) mem 0x8000f000 0x00000001
core   0: 0x8000e134 (0xff9ff06f) j       pc - 0x8
core   0: 3 0x8000e134 (0xff9ff06f)
core   0: 0x8000e12c (0x00001f17) auipc   t5, 0x1
core   0: 3 0x8000e12c (0x00001f17) x30 0x8000f12c
core   0: 0x8000e130 (0xec3f2a23) sw      gp, -300(t5)
core   0: 3 0x8000e130 (0xec3f2a23) mem 0x8000f000 0x00000001
core   0: 0x8000e134 (0xff9ff06f) j       pc - 0x8
core   0: 3 0x8000e134 (0xff9ff06f)
core   0: 0x8000e12c (0x00001f17) auipc   t5, 0x1
core   0: 3 0x8000e12c (0x00001f17) x30 0x8000f12c
core   0: 0x8000e130 (0xec3f2a23) sw      gp, -300(t5)
core   0: 3 0x8000e130 (0xec3f2a23) mem 0x8000f000 0x00000001
core   0: 0x8000e134 (0xff9ff06f) j       pc - 0x8
core   0: 3 0x8000e134 (0xff9ff06f)
core   0: 0x8000e12c (0x00001f17) auipc   t5, 0x1
core   0: 3 0x8000e12c (0x00001f17) x30 0x8000f12c
core   0: 0x8000e130 (0xec3f2a23) sw      gp, -300(t5)
core   0: 3 0x8000e130 (0xec3f2a23) mem 0x8000f000 0x00000001
core   0: 0x8000e134 (0xff9ff06f) j       pc - 0x8
core   0: 3 0x8000e134 (0xff9ff06f)
core   0: 0x8000e12c (0x00001f17) auipc   t5, 0x1
core   0: 3 0x8000e12c (0x00001f17) x30 0x8000f12c
core   0: 0x8000e130 (0xec3f2a23) sw      gp, -300(t5)
core   0: 3 0x8000e130 (0xec3f2a23) mem 0x8000f000 0x00000001
core   0: 0x8000e134 (0xff9ff06f) j       pc - 0x8
core   0: 3 0x8000e134 (0xff9ff06f)
core   0: 0x8000e12c (0x00001f17) auipc   t5, 0x1
core   0: 3 0x8000e12c (0x00001f17) x30 0x8000f12c
core   0: 0x8000e130 (0xec3f2a23) sw      gp, -300(t5)
core   0: 3 0x8000e130 (0xec3f2a23) mem 0x8000f000 0x00000001
core   0: 0x8000e134 (0xff9ff06f) j       pc - 0x8
core   0: 3 0x8000e134 (0xff9ff06f)
core   0: 0x8000e12c (0x00001f17) auipc   t5, 0x1
core   0: 3 0x8000e12c (0x00001f17) x30 0x8000f12c
core   0: 0x8000e130 (0xec3f2a23) sw      gp, -300(t5)
core   0: 3 0x8000e130 (0xec3f2a23) mem 0x8000f000 0x00000001
core   0: 0x8000e134 (0xff9ff06f) j       pc - 0x8
core   0: 3 0x8000e134 (0xff9ff06f)
core   0: 0x8000e12c (0x00001f17) auipc   t5, 0x1
core   0: 3 0x8000e12c (0x00001f17) x30 0x8000f12c
core   0: 0x8000e130 (0xec3f2a23) sw      gp, -300(t5)
core   0: 3 0x8000e130 (0xec3f2a23) mem 0x8000f000 0x00000001
core   0: 0x8000e134 (0xff9ff06f) j       pc - 0x8
core   0: 3 0x8000e134 (0xff9ff06f)
core   0: 0x8000e12c (0x00001f17) auipc   t5, 0x1
core   0: 3 0x8000e12c (0x00001f17) x30 0x8000f12c
core   0: 0x8000e130 (0xec3f2a23) sw      gp, -300(t5)
core   0: 3 0x8000e130 (0xec3f2a23) mem 0x8000f000 0x00000001
core   0: 0x8000e134 (0xff9ff06f) j       pc - 0x8
core   0: 3 0x8000e134 (0xff9ff06f)
core   0: 0x8000e12c (0x00001f17) auipc   t5, 0x1
core   0: 3 0x8000e12c (0x00001f17) x30 0x8000f12c
core   0: 0x8000e130 (0xec3f2a23) sw      gp, -300(t5)
core   0: 3 0x8000e130 (0xec3f2a23) mem 0x8000f000 0x00000001
core   0: 0x8000e134 (0xff9ff06f) j       pc - 0x8
core   0: 3 0x8000e134 (0xff9ff06f)
core   0: 0x8000e12c (0x00001f17) auipc   t5, 0x1
core   0: 3 0x8000e12c (0x00001f17) x30 0x8000f12c
core   0: 0x8000e130 (0xec3f2a23) sw      gp, -300(t5)
core   0: 3 0x8000e130 (0xec3f2a23) mem 0x8000f000 0x00000001
core   0: 0x8000e134 (0xff9ff06f) j       pc - 0x8
core   0: 3 0x8000e134 (0xff9ff06f)
core   0: 0x8000e12c (0x00001f17) auipc   t5, 0x1
core   0: 3 0x8000e12c (0x00001f17) x30 0x8000f12c
core   0: 0x8000e130 (0xec3f2a23) sw      gp, -300(t5)
core   0: 3 0x8000e130 (0xec3f2a23) mem 0x8000f000 0x00000001
core   0: 0x8000e134 (0xff9ff06f) j       pc - 0x8
core   0: 3 0x8000e134 (0xff9ff06f)
core   0: 0x8000e12c (0x00001f17) auipc   t5, 0x1
core   0: 3 0x8000e12c (0x00001f17) x30 0x8000f12c
core   0: 0x8000e130 (0xec3f2a23) sw      gp, -300(t5)
core   0: 3 0x8000e130 (0xec3f2a23) mem 0x8000f000 0x00000001
core   0: 0x8000e134 (0xff9ff06f) j       pc - 0x8
core   0: 3 0x8000e134 (0xff9ff06f)
core   0: 0x8000e12c (0x00001f17) auipc   t5, 0x1
core   0: 3 0x8000e12c (0x00001f17) x30 0x8000f12c
core   0: 0x8000e130 (0xec3f2a23) sw      gp, -300(t5)
core   0: 3 0x8000e130 (0xec3f2a23) mem 0x8000f000 0x00000001
core   0: 0x8000e134 (0xff9ff06f) j       pc - 0x8
core   0: 3 0x8000e134 (0xff9ff06f)
core   0: 0x8000e12c (0x00001f17) auipc   t5, 0x1
core   0: 3 0x8000e12c (0x00001f17) x30 0x8000f12c
core   0: 0x8000e130 (0xec3f2a23) sw      gp, -300(t5)
core   0: 3 0x8000e130 (0xec3f2a23) mem 0x8000f000 0x00000001
core   0: 0x8000e134 (0xff9ff06f) j       pc - 0x8
core   0: 3 0x8000e134 (0xff9ff06f)
core   0: 0x8000e12c (0x00001f17) auipc   t5, 0x1
core   0: 3 0x8000e12c (0x00001f17) x30 0x8000f12c
core   0: 0x8000e130 (0xec3f2a23) sw      gp, -300(t5)
core   0: 3 0x8000e130 (0xec3f2a23) mem 0x8000f000 0x00000001
core   0: 0x8000e134 (0xff9ff06f) j       pc - 0x8
core   0: 3 0x8000e134 (0xff9ff06f)
core   0: 0x8000e12c (0x00001f17) auipc   t5, 0x1
core   0: 3 0x8000e12c (0x00001f17) x30 0x8000f12c
core   0: 0x8000e130 (0xec3f2a23) sw      gp, -300(t5)
core   0: 3 0x8000e130 (0xec3f2a23) mem 0x8000f000 0x00000001
core   0: 0x8000e134 (0xff9ff06f) j       pc - 0x8
core   0: 3 0x8000e134 (0xff9ff06f)
core   0: 0x8000e12c (0x00001f17) auipc   t5, 0x1
core   0: 3 0x8000e12c (0x00001f17) x30 0x8000f12c
core   0: 0x8000e130 (0xec3f2a23) sw      gp, -300(t5)
core   0: 3 0x8000e130 (0xec3f2a23) mem 0x8000f000 0x00000001
core   0: 0x8000e134 (0xff9ff06f) j       pc - 0x8
core   0: 3 0x8000e134 (0xff9ff06f)
core   0: 0x8000e12c (0x00001f17) auipc   t5, 0x1
core   0: 3 0x8000e12c (0x00001f17) x30 0x8000f12c
core   0: 0x8000e130 (0xec3f2a23) sw      gp, -300(t5)
core   0: 3 0x8000e130 (0xec3f2a23) mem 0x8000f000 0x00000001
core   0: 0x8000e134 (0xff9ff06f) j       pc - 0x8
core   0: 3 0x8000e134 (0xff9ff06f)
core   0: 0x8000e12c (0x00001f17) auipc   t5, 0x1
core   0: 3 0x8000e12c (0x00001f17) x30 0x8000f12c
core   0: 0x8000e130 (0xec3f2a23) sw      gp, -300(t5)
core   0: 3 0x8000e130 (0xec3f2a23) mem 0x8000f000 0x00000001
core   0: 0x8000e134 (0xff9ff06f) j       pc - 0x8
core   0: 3 0x8000e134 (0xff9ff06f)
core   0: 0x8000e12c (0x00001f17) auipc   t5, 0x1
core   0: 3 0x8000e12c (0x00001f17) x30 0x8000f12c
core   0: 0x8000e130 (0xec3f2a23) sw      gp, -300(t5)
core   0: 3 0x8000e130 (0xec3f2a23) mem 0x8000f000 0x00000001
core   0: 0x8000e134 (0xff9ff06f) j       pc - 0x8
core   0: 3 0x8000e134 (0xff9ff06f)
core   0: 0x8000e12c (0x00001f17) auipc   t5, 0x1
core   0: 3 0x8000e12c (0x00001f17) x30 0x8000f12c
core   0: 0x8000e130 (0xec3f2a23) sw      gp, -300(t5)
core   0: 3 0x8000e130 (0xec3f2a23) mem 0x8000f000 0x00000001
core   0: 0x8000e134 (0xff9ff06f) j       pc - 0x8
core   0: 3 0x8000e134 (0xff9ff06f)
core   0: 0x8000e12c (0x00001f17) auipc   t5, 0x1
core   0: 3 0x8000e12c (0x00001f17) x30 0x8000f12c
core   0: 0x8000e130 (0xec3f2a23) sw      gp, -300(t5)
core   0: 3 0x8000e130 (0xec3f2a23) mem 0x8000f000 0x00000001
core   0: 0x8000e134 (0xff9ff06f) j       pc - 0x8
core   0: 3 0x8000e134 (0xff9ff06f)
core   0: 0x8000e12c (0x00001f17) auipc   t5, 0x1
core   0: 3 0x8000e12c (0x00001f17) x30 0x8000f12c
core   0: 0x8000e130 (0xec3f2a23) sw      gp, -300(t5)
core   0: 3 0x8000e130 (0xec3f2a23) mem 0x8000f000 0x00000001
core   0: 0x8000e134 (0xff9ff06f) j       pc - 0x8
core   0: 3 0x8000e134 (0xff9ff06f)
core   0: 0x8000e12c (0x00001f17) auipc   t5, 0x1
core   0: 3 0x8000e12c (0x00001f17) x30 0x8000f12c
core   0: 0x8000e130 (0xec3f2a23) sw      gp, -300(t5)
core   0: 3 0x8000e130 (0xec3f2a23) mem 0x8000f000 0x00000001
core   0: 0x8000e134 (0xff9ff06f) j       pc - 0x8
core   0: 3 0x8000e134 (0xff9ff06f)
core   0: 0x8000e12c (0x00001f17) auipc   t5, 0x1
core   0: 3 0x8000e12c (0x00001f17) x30 0x8000f12c
core   0: 0x8000e130 (0xec3f2a23) sw      gp, -300(t5)
core   0: 3 0x8000e130 (0xec3f2a23) mem 0x8000f000 0x00000001
core   0: 0x8000e134 (0xff9ff06f) j       pc - 0x8
core   0: 3 0x8000e134 (0xff9ff06f)
core   0: 0x8000e12c (0x00001f17) auipc   t5, 0x1
core   0: 3 0x8000e12c (0x00001f17) x30 0x8000f12c
core   0: 0x8000e130 (0xec3f2a23) sw      gp, -300(t5)
core   0: 3 0x8000e130 (0xec3f2a23) mem 0x8000f000 0x00000001
core   0: 0x8000e134 (0xff9ff06f) j       pc - 0x8
core   0: 3 0x8000e134 (0xff9ff06f)
core   0: 0x8000e12c (0x00001f17) auipc   t5, 0x1
core   0: 3 0x8000e12c (0x00001f17) x30 0x8000f12c
core   0: 0x8000e130 (0xec3f2a23) sw      gp, -300(t5)
core   0: 3 0x8000e130 (0xec3f2a23) mem 0x8000f000 0x00000001
core   0: 0x8000e134 (0xff9ff06f) j       pc - 0x8
core   0: 3 0x8000e134 (0xff9ff06f)
core   0: 0x8000e12c (0x00001f17) auipc   t5, 0x1
core   0: 3 0x8000e12c (0x00001f17) x30 0x8000f12c
core   0: 0x8000e130 (0xec3f2a23) sw      gp, -300(t5)
core   0: 3 0x8000e130 (0xec3f2a23) mem 0x8000f000 0x00000001
core   0: 0x8000e134 (0xff9ff06f) j       pc - 0x8
core   0: 3 0x8000e134 (0xff9ff06f)
core   0: 0x8000e12c (0x00001f17) auipc   t5, 0x1
core   0: 3 0x8000e12c (0x00001f17) x30 0x8000f12c
core   0: 0x8000e130 (0xec3f2a23) sw      gp, -300(t5)
core   0: 3 0x8000e130 (0xec3f2a23) mem 0x8000f000 0x00000001
core   0: 0x8000e134 (0xff9ff06f) j       pc - 0x8
core   0: 3 0x8000e134 (0xff9ff06f)
core   0: 0x8000e12c (0x00001f17) auipc   t5, 0x1
core   0: 3 0x8000e12c (0x00001f17) x30 0x8000f12c
core   0: 0x8000e130 (0xec3f2a23) sw      gp, -300(t5)
core   0: 3 0x8000e130 (0xec3f2a23) mem 0x8000f000 0x00000001
core   0: 0x8000e134 (0xff9ff06f) j       pc - 0x8
core   0: 3 0x8000e134 (0xff9ff06f)
core   0: 0x8000e12c (0x00001f17) auipc   t5, 0x1
core   0: 3 0x8000e12c (0x00001f17) x30 0x8000f12c
core   0: 0x8000e130 (0xec3f2a23) sw      gp, -300(t5)
core   0: 3 0x8000e130 (0xec3f2a23) mem 0x8000f000 0x00000001
core   0: 0x8000e134 (0xff9ff06f) j       pc - 0x8
core   0: 3 0x8000e134 (0xff9ff06f)
core   0: 0x8000e12c (0x00001f17) auipc   t5, 0x1
core   0: 3 0x8000e12c (0x00001f17) x30 0x8000f12c
core   0: 0x8000e130 (0xec3f2a23) sw      gp, -300(t5)
core   0: 3 0x8000e130 (0xec3f2a23) mem 0x8000f000 0x00000001
core   0: 0x8000e134 (0xff9ff06f) j       pc - 0x8
core   0: 3 0x8000e134 (0xff9ff06f)
core   0: 0x8000e12c (0x00001f17) auipc   t5, 0x1
core   0: 3 0x8000e12c (0x00001f17) x30 0x8000f12c
core   0: 0x8000e130 (0xec3f2a23) sw      gp, -300(t5)
core   0: 3 0x8000e130 (0xec3f2a23) mem 0x8000f000 0x00000001
core   0: 0x8000e134 (0xff9ff06f) j       pc - 0x8
core   0: 3 0x8000e134 (0xff9ff06f)
core   0: 0x8000e12c (0x00001f17) auipc   t5, 0x1
core   0: 3 0x8000e12c (0x00001f17) x30 0x8000f12c
core   0: 0x8000e130 (0xec3f2a23) sw      gp, -300(t5)
core   0: 3 0x8000e130 (0xec3f2a23) mem 0x8000f000 0x00000001
core   0: 0x8000e134 (0xff9ff06f) j       pc - 0x8
core   0: 3 0x8000e134 (0xff9ff06f)
core   0: 0x8000e12c (0x00001f17) auipc   t5, 0x1
core   0: 3 0x8000e12c (0x00001f17) x30 0x8000f12c
core   0: 0x8000e130 (0xec3f2a23) sw      gp, -300(t5)
core   0: 3 0x8000e130 (0xec3f2a23) mem 0x8000f000 0x00000001
core   0: 0x8000e134 (0xff9ff06f) j       pc - 0x8
core   0: 3 0x8000e134 (0xff9ff06f)
core   0: 0x8000e12c (0x00001f17) auipc   t5, 0x1
core   0: 3 0x8000e12c (0x00001f17) x30 0x8000f12c
core   0: 0x8000e130 (0xec3f2a23) sw      gp, -300(t5)
core   0: 3 0x8000e130 (0xec3f2a23) mem 0x8000f000 0x00000001
core   0: 0x8000e134 (0xff9ff06f) j       pc - 0x8
core   0: 3 0x8000e134 (0xff9ff06f)
core   0: 0x8000e12c (0x00001f17) auipc   t5, 0x1
core   0: 3 0x8000e12c (0x00001f17) x30 0x8000f12c
core   0: 0x8000e130 (0xec3f2a23) sw      gp, -300(t5)
core   0: 3 0x8000e130 (0xec3f2a23) mem 0x8000f000 0x00000001
core   0: 0x8000e134 (0xff9ff06f) j       pc - 0x8
core   0: 3 0x8000e134 (0xff9ff06f)
core   0: 0x8000e12c (0x00001f17) auipc   t5, 0x1
core   0: 3 0x8000e12c (0x00001f17) x30 0x8000f12c
core   0: 0x8000e130 (0xec3f2a23) sw      gp, -300(t5)
core   0: 3 0x8000e130 (0xec3f2a23) mem 0x8000f000 0x00000001
core   0: 0x8000e134 (0xff9ff06f) j       pc - 0x8
core   0: 3 0x8000e134 (0xff9ff06f)
core   0: 0x8000e12c (0x00001f17) auipc   t5, 0x1
core   0: 3 0x8000e12c (0x00001f17) x30 0x8000f12c
core   0: 0x8000e130 (0xec3f2a23) sw      gp, -300(t5)
core   0: 3 0x8000e130 (0xec3f2a23) mem 0x8000f000 0x00000001
core   0: 0x8000e134 (0xff9ff06f) j       pc - 0x8
core   0: 3 0x8000e134 (0xff9ff06f)
core   0: 0x8000e12c (0x00001f17) auipc   t5, 0x1
core   0: 3 0x8000e12c (0x00001f17) x30 0x8000f12c
core   0: 0x8000e130 (0xec3f2a23) sw      gp, -300(t5)
core   0: 3 0x8000e130 (0xec3f2a23) mem 0x8000f000 0x00000001
core   0: 0x8000e134 (0xff9ff06f) j       pc - 0x8
core   0: 3 0x8000e134 (0xff9ff06f)
core   0: 0x8000e12c (0x00001f17) auipc   t5, 0x1
core   0: 3 0x8000e12c (0x00001f17) x30 0x8000f12c
core   0: 0x8000e130 (0xec3f2a23) sw      gp, -300(t5)
core   0: 3 0x8000e130 (0xec3f2a23) mem 0x8000f000 0x00000001
core   0: 0x8000e134 (0xff9ff06f) j       pc - 0x8
core   0: 3 0x8000e134 (0xff9ff06f)
core   0: 0x8000e12c (0x00001f17) auipc   t5, 0x1
core   0: 3 0x8000e12c (0x00001f17) x30 0x8000f12c
core   0: 0x8000e130 (0xec3f2a23) sw      gp, -300(t5)
core   0: 3 0x8000e130 (0xec3f2a23) mem 0x8000f000 0x00000001
core   0: 0x8000e134 (0xff9ff06f) j       pc - 0x8
core   0: 3 0x8000e134 (0xff9ff06f)
core   0: 0x8000e12c (0x00001f17) auipc   t5, 0x1
core   0: 3 0x8000e12c (0x00001f17) x30 0x8000f12c
core   0: 0x8000e130 (0xec3f2a23) sw      gp, -300(t5)
core   0: 3 0x8000e130 (0xec3f2a23) mem 0x8000f000 0x00000001
core   0: 0x8000e134 (0xff9ff06f) j       pc - 0x8
core   0: 3 0x8000e134 (0xff9ff06f)
core   0: 0x8000e12c (0x00001f17) auipc   t5, 0x1
core   0: 3 0x8000e12c (0x00001f17) x30 0x8000f12c
core   0: 0x8000e130 (0xec3f2a23) sw      gp, -300(t5)
core   0: 3 0x8000e130 (0xec3f2a23) mem 0x8000f000 0x00000001
core   0: 0x8000e134 (0xff9ff06f) j       pc - 0x8
core   0: 3 0x8000e134 (0xff9ff06f)
core   0: 0x8000e12c (0x00001f17) auipc   t5, 0x1
core   0: 3 0x8000e12c (0x00001f17) x30 0x8000f12c
core   0: 0x8000e130 (0xec3f2a23) sw      gp, -300(t5)
core   0: 3 0x8000e130 (0xec3f2a23) mem 0x8000f000 0x00000001
core   0: 0x8000e134 (0xff9ff06f) j       pc - 0x8
core   0: 3 0x8000e134 (0xff9ff06f)
core   0: 0x8000e12c (0x00001f17) auipc   t5, 0x1
core   0: 3 0x8000e12c (0x00001f17) x30 0x8000f12c
core   0: 0x8000e130 (0xec3f2a23) sw      gp, -300(t5)
core   0: 3 0x8000e130 (0xec3f2a23) mem 0x8000f000 0x00000001
core   0: 0x8000e134 (0xff9ff06f) j       pc - 0x8
core   0: 3 0x8000e134 (0xff9ff06f)
core   0: 0x8000e12c (0x00001f17) auipc   t5, 0x1
core   0: 3 0x8000e12c (0x00001f17) x30 0x8000f12c
core   0: 0x8000e130 (0xec3f2a23) sw      gp, -300(t5)
core   0: 3 0x8000e130 (0xec3f2a23) mem 0x8000f000 0x00000001
core   0: 0x8000e134 (0xff9ff06f) j       pc - 0x8
core   0: 3 0x8000e134 (0xff9ff06f)
core   0: 0x8000e12c (0x00001f17) auipc   t5, 0x1
core   0: 3 0x8000e12c (0x00001f17) x30 0x8000f12c
core   0: 0x8000e130 (0xec3f2a23) sw      gp, -300(t5)
core   0: 3 0x8000e130 (0xec3f2a23) mem 0x8000f000 0x00000001
core   0: 0x8000e134 (0xff9ff06f) j       pc - 0x8
core   0: 3 0x8000e134 (0xff9ff06f)
core   0: 0x8000e12c (0x00001f17) auipc   t5, 0x1
core   0: 3 0x8000e12c (0x00001f17) x30 0x8000f12c
core   0: 0x8000e130 (0xec3f2a23) sw      gp, -300(t5)
core   0: 3 0x8000e130 (0xec3f2a23) mem 0x8000f000 0x00000001
core   0: 0x8000e134 (0xff9ff06f) j       pc - 0x8
core   0: 3 0x8000e134 (0xff9ff06f)
core   0: 0x8000e12c (0x00001f17) auipc   t5, 0x1
core   0: 3 0x8000e12c (0x00001f17) x30 0x8000f12c
core   0: 0x8000e130 (0xec3f2a23) sw      gp, -300(t5)
core   0: 3 0x8000e130 (0xec3f2a23) mem 0x8000f000 0x00000001
core   0: 0x8000e134 (0xff9ff06f) j       pc - 0x8
core   0: 3 0x8000e134 (0xff9ff06f)
core   0: 0x8000e12c (0x00001f17) auipc   t5, 0x1
core   0: 3 0x8000e12c (0x00001f17) x30 0x8000f12c
core   0: 0x8000e130 (0xec3f2a23) sw      gp, -300(t5)
core   0: 3 0x8000e130 (0xec3f2a23) mem 0x8000f000 0x00000001
core   0: 0x8000e134 (0xff9ff06f) j       pc - 0x8
core   0: 3 0x8000e134 (0xff9ff06f)
core   0: 0x8000e12c (0x00001f17) auipc   t5, 0x1
core   0: 3 0x8000e12c (0x00001f17) x30 0x8000f12c
core   0: 0x8000e130 (0xec3f2a23) sw      gp, -300(t5)
core   0: 3 0x8000e130 (0xec3f2a23) mem 0x8000f000 0x00000001
core   0: 0x8000e134 (0xff9ff06f) j       pc - 0x8
core   0: 3 0x8000e134 (0xff9ff06f)
core   0: 0x8000e12c (0x00001f17) auipc   t5, 0x1
core   0: 3 0x8000e12c (0x00001f17) x30 0x8000f12c
core   0: 0x8000e130 (0xec3f2a23) sw      gp, -300(t5)
core   0: 3 0x8000e130 (0xec3f2a23) mem 0x8000f000 0x00000001
core   0: 0x8000e134 (0xff9ff06f) j       pc - 0x8
core   0: 3 0x8000e134 (0xff9ff06f)
core   0: 0x8000e12c (0x00001f17) auipc   t5, 0x1
core   0: 3 0x8000e12c (0x00001f17) x30 0x8000f12c
core   0: 0x8000e130 (0xec3f2a23) sw      gp, -300(t5)
core   0: 3 0x8000e130 (0xec3f2a23) mem 0x8000f000 0x00000001
core   0: 0x8000e134 (0xff9ff06f) j       pc - 0x8
core   0: 3 0x8000e134 (0xff9ff06f)
core   0: 0x8000e12c (0x00001f17) auipc   t5, 0x1
core   0: 3 0x8000e12c (0x00001f17) x30 0x8000f12c
core   0: 0x8000e130 (0xec3f2a23) sw      gp, -300(t5)
core   0: 3 0x8000e130 (0xec3f2a23) mem 0x8000f000 0x00000001
core   0: 0x8000e134 (0xff9ff06f) j       pc - 0x8
core   0: 3 0x8000e134 (0xff9ff06f)
core   0: 0x8000e12c (0x00001f17) auipc   t5, 0x1
core   0: 3 0x8000e12c (0x00001f17) x30 0x8000f12c
core   0: 0x8000e130 (0xec3f2a23) sw      gp, -300(t5)
core   0: 3 0x8000e130 (0xec3f2a23) mem 0x8000f000 0x00000001
core   0: 0x8000e134 (0xff9ff06f) j       pc - 0x8
core   0: 3 0x8000e134 (0xff9ff06f)
core   0: 0x8000e12c (0x00001f17) auipc   t5, 0x1
core   0: 3 0x8000e12c (0x00001f17) x30 0x8000f12c
core   0: 0x8000e130 (0xec3f2a23) sw      gp, -300(t5)
core   0: 3 0x8000e130 (0xec3f2a23) mem 0x8000f000 0x00000001
core   0: 0x8000e134 (0xff9ff06f) j       pc - 0x8
core   0: 3 0x8000e134 (0xff9ff06f)
core   0: 0x8000e12c (0x00001f17) auipc   t5, 0x1
core   0: 3 0x8000e12c (0x00001f17) x30 0x8000f12c
core   0: 0x8000e130 (0xec3f2a23) sw      gp, -300(t5)
core   0: 3 0x8000e130 (0xec3f2a23) mem 0x8000f000 0x00000001
core   0: 0x8000e134 (0xff9ff06f) j       pc - 0x8
core   0: 3 0x8000e134 (0xff9ff06f)
core   0: 0x8000e12c (0x00001f17) auipc   t5, 0x1
core   0: 3 0x8000e12c (0x00001f17) x30 0x8000f12c
core   0: 0x8000e130 (0xec3f2a23) sw      gp, -300(t5)
core   0: 3 0x8000e130 (0xec3f2a23) mem 0x8000f000 0x00000001
core   0: 0x8000e134 (0xff9ff06f) j       pc - 0x8
core   0: 3 0x8000e134 (0xff9ff06f)
core   0: 0x8000e12c (0x00001f17) auipc   t5, 0x1
core   0: 3 0x8000e12c (0x00001f17) x30 0x8000f12c
core   0: 0x8000e130 (0xec3f2a23) sw      gp, -300(t5)
core   0: 3 0x8000e130 (0xec3f2a23) mem 0x8000f000 0x00000001
core   0: 0x8000e134 (0xff9ff06f) j       pc - 0x8
core   0: 3 0x8000e134 (0xff9ff06f)
core   0: 0x8000e12c (0x00001f17) auipc   t5, 0x1
core   0: 3 0x8000e12c (0x00001f17) x30 0x8000f12c
core   0: 0x8000e130 (0xec3f2a23) sw      gp, -300(t5)
core   0: 3 0x8000e130 (0xec3f2a23) mem 0x8000f000 0x00000001
core   0: 0x8000e134 (0xff9ff06f) j       pc - 0x8
core   0: 3 0x8000e134 (0xff9ff06f)
core   0: 0x8000e12c (0x00001f17) auipc   t5, 0x1
core   0: 3 0x8000e12c (0x00001f17) x30 0x8000f12c
core   0: 0x8000e130 (0xec3f2a23) sw      gp, -300(t5)
core   0: 3 0x8000e130 (0xec3f2a23) mem 0x8000f000 0x00000001
core   0: 0x8000e134 (0xff9ff06f) j       pc - 0x8
core   0: 3 0x8000e134 (0xff9ff06f)
core   0: 0x8000e12c (0x00001f17) auipc   t5, 0x1
core   0: 3 0x8000e12c (0x00001f17) x30 0x8000f12c
core   0: 0x8000e130 (0xec3f2a23) sw      gp, -300(t5)
core   0: 3 0x8000e130 (0xec3f2a23) mem 0x8000f000 0x00000001
core   0: 0x8000e134 (0xff9ff06f) j       pc - 0x8
core   0: 3 0x8000e134 (0xff9ff06f)
core   0: 0x8000e12c (0x00001f17) auipc   t5, 0x1
core   0: 3 0x8000e12c (0x00001f17) x30 0x8000f12c
core   0: 0x8000e130 (0xec3f2a23) sw      gp, -300(t5)
core   0: 3 0x8000e130 (0xec3f2a23) mem 0x8000f000 0x00000001
core   0: 0x8000e134 (0xff9ff06f) j       pc - 0x8
core   0: 3 0x8000e134 (0xff9ff06f)
core   0: 0x8000e12c (0x00001f17) auipc   t5, 0x1
core   0: 3 0x8000e12c (0x00001f17) x30 0x8000f12c
core   0: 0x8000e130 (0xec3f2a23) sw      gp, -300(t5)
core   0: 3 0x8000e130 (0xec3f2a23) mem 0x8000f000 0x00000001
core   0: 0x8000e134 (0xff9ff06f) j       pc - 0x8
core   0: 3 0x8000e134 (0xff9ff06f)
core   0: 0x8000e12c (0x00001f17) auipc   t5, 0x1
core   0: 3 0x8000e12c (0x00001f17) x30 0x8000f12c
core   0: 0x8000e130 (0xec3f2a23) sw      gp, -300(t5)
core   0: 3 0x8000e130 (0xec3f2a23) mem 0x8000f000 0x00000001
core   0: 0x8000e134 (0xff9ff06f) j       pc - 0x8
core   0: 3 0x8000e134 (0xff9ff06f)
core   0: 0x8000e12c (0x00001f17) auipc   t5, 0x1
core   0: 3 0x8000e12c (0x00001f17) x30 0x8000f12c
core   0: 0x8000e130 (0xec3f2a23) sw      gp, -300(t5)
core   0: 3 0x8000e130 (0xec3f2a23) mem 0x8000f000 0x00000001
core   0: 0x8000e134 (0xff9ff06f) j       pc - 0x8
core   0: 3 0x8000e134 (0xff9ff06f)
core   0: 0x8000e12c (0x00001f17) auipc   t5, 0x1
core   0: 3 0x8000e12c (0x00001f17) x30 0x8000f12c
core   0: 0x8000e130 (0xec3f2a23) sw      gp, -300(t5)
core   0: 3 0x8000e130 (0xec3f2a23) mem 0x8000f000 0x00000001
core   0: 0x8000e134 (0xff9ff06f) j       pc - 0x8
core   0: 3 0x8000e134 (0xff9ff06f)
core   0: 0x8000e12c (0x00001f17) auipc   t5, 0x1
core   0: 3 0x8000e12c (0x00001f17) x30 0x8000f12c
core   0: 0x8000e130 (0xec3f2a23) sw      gp, -300(t5)
core   0: 3 0x8000e130 (0xec3f2a23) mem 0x8000f000 0x00000001
core   0: 0x8000e134 (0xff9ff06f) j       pc - 0x8
core   0: 3 0x8000e134 (0xff9ff06f)
core   0: 0x8000e12c (0x00001f17) auipc   t5, 0x1
core   0: 3 0x8000e12c (0x00001f17) x30 0x8000f12c
core   0: 0x8000e130 (0xec3f2a23) sw      gp, -300(t5)
core   0: 3 0x8000e130 (0xec3f2a23) mem 0x8000f000 0x00000001
core   0: 0x8000e134 (0xff9ff06f) j       pc - 0x8
core   0: 3 0x8000e134 (0xff9ff06f)
core   0: 0x8000e12c (0x00001f17) auipc   t5, 0x1
core   0: 3 0x8000e12c (0x00001f17) x30 0x8000f12c
core   0: 0x8000e130 (0xec3f2a23) sw      gp, -300(t5)
core   0: 3 0x8000e130 (0xec3f2a23) mem 0x8000f000 0x00000001
core   0: 0x8000e134 (0xff9ff06f) j       pc - 0x8
core   0: 3 0x8000e134 (0xff9ff06f)
core   0: 0x8000e12c (0x00001f17) auipc   t5, 0x1
core   0: 3 0x8000e12c (0x00001f17) x30 0x8000f12c
core   0: 0x8000e130 (0xec3f2a23) sw      gp, -300(t5)
core   0: 3 0x8000e130 (0xec3f2a23) mem 0x8000f000 0x00000001
core   0: 0x8000e134 (0xff9ff06f) j       pc - 0x8
core   0: 3 0x8000e134 (0xff9ff06f)
core   0: 0x8000e12c (0x00001f17) auipc   t5, 0x1
core   0: 3 0x8000e12c (0x00001f17) x30 0x8000f12c
core   0: 0x8000e130 (0xec3f2a23) sw      gp, -300(t5)
core   0: 3 0x8000e130 (0xec3f2a23) mem 0x8000f000 0x00000001
core   0: 0x8000e134 (0xff9ff06f) j       pc - 0x8
core   0: 3 0x8000e134 (0xff9ff06f)
core   0: 0x8000e12c (0x00001f17) auipc   t5, 0x1
core   0: 3 0x8000e12c (0x00001f17) x30 0x8000f12c
core   0: 0x8000e130 (0xec3f2a23) sw      gp, -300(t5)
core   0: 3 0x8000e130 (0xec3f2a23) mem 0x8000f000 0x00000001
core   0: 0x8000e134 (0xff9ff06f) j       pc - 0x8
core   0: 3 0x8000e134 (0xff9ff06f)
core   0: 0x8000e12c (0x00001f17) auipc   t5, 0x1
core   0: 3 0x8000e12c (0x00001f17) x30 0x8000f12c
core   0: 0x8000e130 (0xec3f2a23) sw      gp, -300(t5)
core   0: 3 0x8000e130 (0xec3f2a23) mem 0x8000f000 0x00000001
core   0: 0x8000e134 (0xff9ff06f) j       pc - 0x8
core   0: 3 0x8000e134 (0xff9ff06f)
core   0: 0x8000e12c (0x00001f17) auipc   t5, 0x1
core   0: 3 0x8000e12c (0x00001f17) x30 0x8000f12c
core   0: 0x8000e130 (0xec3f2a23) sw      gp, -300(t5)
core   0: 3 0x8000e130 (0xec3f2a23) mem 0x8000f000 0x00000001
core   0: 0x8000e134 (0xff9ff06f) j       pc - 0x8
core   0: 3 0x8000e134 (0xff9ff06f)
core   0: 0x8000e12c (0x00001f17) auipc   t5, 0x1
core   0: 3 0x8000e12c (0x00001f17) x30 0x8000f12c
core   0: 0x8000e130 (0xec3f2a23) sw      gp, -300(t5)
core   0: 3 0x8000e130 (0xec3f2a23) mem 0x8000f000 0x00000001
core   0: 0x8000e134 (0xff9ff06f) j       pc - 0x8
core   0: 3 0x8000e134 (0xff9ff06f)
core   0: 0x8000e12c (0x00001f17) auipc   t5, 0x1
core   0: 3 0x8000e12c (0x00001f17) x30 0x8000f12c
core   0: 0x8000e130 (0xec3f2a23) sw      gp, -300(t5)
core   0: 3 0x8000e130 (0xec3f2a23) mem 0x8000f000 0x00000001
core   0: 0x8000e134 (0xff9ff06f) j       pc - 0x8
core   0: 3 0x8000e134 (0xff9ff06f)
core   0: 0x8000e12c (0x00001f17) auipc   t5, 0x1
core   0: 3 0x8000e12c (0x00001f17) x30 0x8000f12c
core   0: 0x8000e130 (0xec3f2a23) sw      gp, -300(t5)
core   0: 3 0x8000e130 (0xec3f2a23) mem 0x8000f000 0x00000001
core   0: 0x8000e134 (0xff9ff06f) j       pc - 0x8
core   0: 3 0x8000e134 (0xff9ff06f)
core   0: 0x8000e12c (0x00001f17) auipc   t5, 0x1
core   0: 3 0x8000e12c (0x00001f17) x30 0x8000f12c
core   0: 0x8000e130 (0xec3f2a23) sw      gp, -300(t5)
core   0: 3 0x8000e130 (0xec3f2a23) mem 0x8000f000 0x00000001
core   0: 0x8000e134 (0xff9ff06f) j       pc - 0x8
core   0: 3 0x8000e134 (0xff9ff06f)
core   0: 0x8000e12c (0x00001f17) auipc   t5, 0x1
core   0: 3 0x8000e12c (0x00001f17) x30 0x8000f12c
core   0: 0x8000e130 (0xec3f2a23) sw      gp, -300(t5)
core   0: 3 0x8000e130 (0xec3f2a23) mem 0x8000f000 0x00000001
core   0: 0x8000e134 (0xff9ff06f) j       pc - 0x8
core   0: 3 0x8000e134 (0xff9ff06f)
core   0: 0x8000e12c (0x00001f17) auipc   t5, 0x1
core   0: 3 0x8000e12c (0x00001f17) x30 0x8000f12c
core   0: 0x8000e130 (0xec3f2a23) sw      gp, -300(t5)
core   0: 3 0x8000e130 (0xec3f2a23) mem 0x8000f000 0x00000001
core   0: 0x8000e134 (0xff9ff06f) j       pc - 0x8
core   0: 3 0x8000e134 (0xff9ff06f)
core   0: 0x8000e12c (0x00001f17) auipc   t5, 0x1
core   0: 3 0x8000e12c (0x00001f17) x30 0x8000f12c
core   0: 0x8000e130 (0xec3f2a23) sw      gp, -300(t5)
core   0: 3 0x8000e130 (0xec3f2a23) mem 0x8000f000 0x00000001
core   0: 0x8000e134 (0xff9ff06f) j       pc - 0x8
core   0: 3 0x8000e134 (0xff9ff06f)
core   0: 0x8000e12c (0x00001f17) auipc   t5, 0x1
core   0: 3 0x8000e12c (0x00001f17) x30 0x8000f12c
core   0: 0x8000e130 (0xec3f2a23) sw      gp, -300(t5)
core   0: 3 0x8000e130 (0xec3f2a23) mem 0x8000f000 0x00000001
core   0: 0x8000e134 (0xff9ff06f) j       pc - 0x8
core   0: 3 0x8000e134 (0xff9ff06f)
core   0: 0x8000e12c (0x00001f17) auipc   t5, 0x1
core   0: 3 0x8000e12c (0x00001f17) x30 0x8000f12c
core   0: 0x8000e130 (0xec3f2a23) sw      gp, -300(t5)
core   0: 3 0x8000e130 (0xec3f2a23) mem 0x8000f000 0x00000001
core   0: 0x8000e134 (0xff9ff06f) j       pc - 0x8
core   0: 3 0x8000e134 (0xff9ff06f)
core   0: 0x8000e12c (0x00001f17) auipc   t5, 0x1
core   0: 3 0x8000e12c (0x00001f17) x30 0x8000f12c
core   0: 0x8000e130 (0xec3f2a23) sw      gp, -300(t5)
core   0: 3 0x8000e130 (0xec3f2a23) mem 0x8000f000 0x00000001
core   0: 0x8000e134 (0xff9ff06f) j       pc - 0x8
core   0: 3 0x8000e134 (0xff9ff06f)
core   0: 0x8000e12c (0x00001f17) auipc   t5, 0x1
core   0: 3 0x8000e12c (0x00001f17) x30 0x8000f12c
core   0: 0x8000e130 (0xec3f2a23) sw      gp, -300(t5)
core   0: 3 0x8000e130 (0xec3f2a23) mem 0x8000f000 0x00000001
core   0: 0x8000e134 (0xff9ff06f) j       pc - 0x8
core   0: 3 0x8000e134 (0xff9ff06f)
core   0: 0x8000e12c (0x00001f17) auipc   t5, 0x1
core   0: 3 0x8000e12c (0x00001f17) x30 0x8000f12c
core   0: 0x8000e130 (0xec3f2a23) sw      gp, -300(t5)
core   0: 3 0x8000e130 (0xec3f2a23) mem 0x8000f000 0x00000001
core   0: 0x8000e134 (0xff9ff06f) j       pc - 0x8
core   0: 3 0x8000e134 (0xff9ff06f)
core   0: 0x8000e12c (0x00001f17) auipc   t5, 0x1
core   0: 3 0x8000e12c (0x00001f17) x30 0x8000f12c
core   0: 0x8000e130 (0xec3f2a23) sw      gp, -300(t5)
core   0: 3 0x8000e130 (0xec3f2a23) mem 0x8000f000 0x00000001
core   0: 0x8000e134 (0xff9ff06f) j       pc - 0x8
core   0: 3 0x8000e134 (0xff9ff06f)
core   0: 0x8000e12c (0x00001f17) auipc   t5, 0x1
core   0: 3 0x8000e12c (0x00001f17) x30 0x8000f12c
core   0: 0x8000e130 (0xec3f2a23) sw      gp, -300(t5)
core   0: 3 0x8000e130 (0xec3f2a23) mem 0x8000f000 0x00000001
core   0: 0x8000e134 (0xff9ff06f) j       pc - 0x8
core   0: 3 0x8000e134 (0xff9ff06f)
core   0: 0x8000e12c (0x00001f17) auipc   t5, 0x1
core   0: 3 0x8000e12c (0x00001f17) x30 0x8000f12c
core   0: 0x8000e130 (0xec3f2a23) sw      gp, -300(t5)
core   0: 3 0x8000e130 (0xec3f2a23) mem 0x8000f000 0x00000001
core   0: 0x8000e134 (0xff9ff06f) j       pc - 0x8
core   0: 3 0x8000e134 (0xff9ff06f)
core   0: 0x8000e12c (0x00001f17) auipc   t5, 0x1
core   0: 3 0x8000e12c (0x00001f17) x30 0x8000f12c
core   0: 0x8000e130 (0xec3f2a23) sw      gp, -300(t5)
core   0: 3 0x8000e130 (0xec3f2a23) mem 0x8000f000 0x00000001
core   0: 0x8000e134 (0xff9ff06f) j       pc - 0x8
core   0: 3 0x8000e134 (0xff9ff06f)
core   0: 0x8000e12c (0x00001f17) auipc   t5, 0x1
core   0: 3 0x8000e12c (0x00001f17) x30 0x8000f12c
core   0: 0x8000e130 (0xec3f2a23) sw      gp, -300(t5)
core   0: 3 0x8000e130 (0xec3f2a23) mem 0x8000f000 0x00000001
core   0: 0x8000e134 (0xff9ff06f) j       pc - 0x8
core   0: 3 0x8000e134 (0xff9ff06f)
core   0: 0x8000e12c (0x00001f17) auipc   t5, 0x1
core   0: 3 0x8000e12c (0x00001f17) x30 0x8000f12c
core   0: 0x8000e130 (0xec3f2a23) sw      gp, -300(t5)
core   0: 3 0x8000e130 (0xec3f2a23) mem 0x8000f000 0x00000001
core   0: 0x8000e134 (0xff9ff06f) j       pc - 0x8
core   0: 3 0x8000e134 (0xff9ff06f)
core   0: 0x8000e12c (0x00001f17) auipc   t5, 0x1
core   0: 3 0x8000e12c (0x00001f17) x30 0x8000f12c
core   0: 0x8000e130 (0xec3f2a23) sw      gp, -300(t5)
core   0: 3 0x8000e130 (0xec3f2a23) mem 0x8000f000 0x00000001
core   0: 0x8000e134 (0xff9ff06f) j       pc - 0x8
core   0: 3 0x8000e134 (0xff9ff06f)
core   0: 0x8000e12c (0x00001f17) auipc   t5, 0x1
core   0: 3 0x8000e12c (0x00001f17) x30 0x8000f12c
core   0: 0x8000e130 (0xec3f2a23) sw      gp, -300(t5)
core   0: 3 0x8000e130 (0xec3f2a23) mem 0x8000f000 0x00000001
core   0: 0x8000e134 (0xff9ff06f) j       pc - 0x8
core   0: 3 0x8000e134 (0xff9ff06f)
core   0: 0x8000e12c (0x00001f17) auipc   t5, 0x1
core   0: 3 0x8000e12c (0x00001f17) x30 0x8000f12c
core   0: 0x8000e130 (0xec3f2a23) sw      gp, -300(t5)
core   0: 3 0x8000e130 (0xec3f2a23) mem 0x8000f000 0x00000001
core   0: 0x8000e134 (0xff9ff06f) j       pc - 0x8
core   0: 3 0x8000e134 (0xff9ff06f)
core   0: 0x8000e12c (0x00001f17) auipc   t5, 0x1
core   0: 3 0x8000e12c (0x00001f17) x30 0x8000f12c
core   0: 0x8000e130 (0xec3f2a23) sw      gp, -300(t5)
core   0: 3 0x8000e130 (0xec3f2a23) mem 0x8000f000 0x00000001
core   0: 0x8000e134 (0xff9ff06f) j       pc - 0x8
core   0: 3 0x8000e134 (0xff9ff06f)
core   0: 0x8000e12c (0x00001f17) auipc   t5, 0x1
core   0: 3 0x8000e12c (0x00001f17) x30 0x8000f12c
core   0: 0x8000e130 (0xec3f2a23) sw      gp, -300(t5)
core   0: 3 0x8000e130 (0xec3f2a23) mem 0x8000f000 0x00000001
core   0: 0x8000e134 (0xff9ff06f) j       pc - 0x8
core   0: 3 0x8000e134 (0xff9ff06f)
core   0: 0x8000e12c (0x00001f17) auipc   t5, 0x1
core   0: 3 0x8000e12c (0x00001f17) x30 0x8000f12c
core   0: 0x8000e130 (0xec3f2a23) sw      gp, -300(t5)
core   0: 3 0x8000e130 (0xec3f2a23) mem 0x8000f000 0x00000001
core   0: 0x8000e134 (0xff9ff06f) j       pc - 0x8
core   0: 3 0x8000e134 (0xff9ff06f)
core   0: 0x8000e12c (0x00001f17) auipc   t5, 0x1
core   0: 3 0x8000e12c (0x00001f17) x30 0x8000f12c
core   0: 0x8000e130 (0xec3f2a23) sw      gp, -300(t5)
core   0: 3 0x8000e130 (0xec3f2a23) mem 0x8000f000 0x00000001
core   0: 0x8000e134 (0xff9ff06f) j       pc - 0x8
core   0: 3 0x8000e134 (0xff9ff06f)
core   0: 0x8000e12c (0x00001f17) auipc   t5, 0x1
core   0: 3 0x8000e12c (0x00001f17) x30 0x8000f12c
core   0: 0x8000e130 (0xec3f2a23) sw      gp, -300(t5)
core   0: 3 0x8000e130 (0xec3f2a23) mem 0x8000f000 0x00000001
core   0: 0x8000e134 (0xff9ff06f) j       pc - 0x8
core   0: 3 0x8000e134 (0xff9ff06f)
core   0: 0x8000e12c (0x00001f17) auipc   t5, 0x1
core   0: 3 0x8000e12c (0x00001f17) x30 0x8000f12c
core   0: 0x8000e130 (0xec3f2a23) sw      gp, -300(t5)
core   0: 3 0x8000e130 (0xec3f2a23) mem 0x8000f000 0x00000001
core   0: 0x8000e134 (0xff9ff06f) j       pc - 0x8
core   0: 3 0x8000e134 (0xff9ff06f)
core   0: 0x8000e12c (0x00001f17) auipc   t5, 0x1
core   0: 3 0x8000e12c (0x00001f17) x30 0x8000f12c
core   0: 0x8000e130 (0xec3f2a23) sw      gp, -300(t5)
core   0: 3 0x8000e130 (0xec3f2a23) mem 0x8000f000 0x00000001
core   0: 0x8000e134 (0xff9ff06f) j       pc - 0x8
core   0: 3 0x8000e134 (0xff9ff06f)
core   0: 0x8000e12c (0x00001f17) auipc   t5, 0x1
core   0: 3 0x8000e12c (0x00001f17) x30 0x8000f12c
core   0: 0x8000e130 (0xec3f2a23) sw      gp, -300(t5)
core   0: 3 0x8000e130 (0xec3f2a23) mem 0x8000f000 0x00000001
core   0: 0x8000e134 (0xff9ff06f) j       pc - 0x8
core   0: 3 0x8000e134 (0xff9ff06f)
core   0: 0x8000e12c (0x00001f17) auipc   t5, 0x1
core   0: 3 0x8000e12c (0x00001f17) x30 0x8000f12c
core   0: 0x8000e130 (0xec3f2a23) sw      gp, -300(t5)
core   0: 3 0x8000e130 (0xec3f2a23) mem 0x8000f000 0x00000001
core   0: 0x8000e134 (0xff9ff06f) j       pc - 0x8
core   0: 3 0x8000e134 (0xff9ff06f)
core   0: 0x8000e12c (0x00001f17) auipc   t5, 0x1
core   0: 3 0x8000e12c (0x00001f17) x30 0x8000f12c
core   0: 0x8000e130 (0xec3f2a23) sw      gp, -300(t5)
core   0: 3 0x8000e130 (0xec3f2a23) mem 0x8000f000 0x00000001
core   0: 0x8000e134 (0xff9ff06f) j       pc - 0x8
core   0: 3 0x8000e134 (0xff9ff06f)
core   0: 0x8000e12c (0x00001f17) auipc   t5, 0x1
core   0: 3 0x8000e12c (0x00001f17) x30 0x8000f12c
core   0: 0x8000e130 (0xec3f2a23) sw      gp, -300(t5)
core   0: 3 0x8000e130 (0xec3f2a23) mem 0x8000f000 0x00000001
core   0: 0x8000e134 (0xff9ff06f) j       pc - 0x8
core   0: 3 0x8000e134 (0xff9ff06f)
core   0: 0x8000e12c (0x00001f17) auipc   t5, 0x1
core   0: 3 0x8000e12c (0x00001f17) x30 0x8000f12c
core   0: 0x8000e130 (0xec3f2a23) sw      gp, -300(t5)
core   0: 3 0x8000e130 (0xec3f2a23) mem 0x8000f000 0x00000001
core   0: 0x8000e134 (0xff9ff06f) j       pc - 0x8
core   0: 3 0x8000e134 (0xff9ff06f)
core   0: 0x8000e12c (0x00001f17) auipc   t5, 0x1
core   0: 3 0x8000e12c (0x00001f17) x30 0x8000f12c
core   0: 0x8000e130 (0xec3f2a23) sw      gp, -300(t5)
core   0: 3 0x8000e130 (0xec3f2a23) mem 0x8000f000 0x00000001
core   0: 0x8000e134 (0xff9ff06f) j       pc - 0x8
core   0: 3 0x8000e134 (0xff9ff06f)
core   0: 0x8000e12c (0x00001f17) auipc   t5, 0x1
core   0: 3 0x8000e12c (0x00001f17) x30 0x8000f12c
core   0: 0x8000e130 (0xec3f2a23) sw      gp, -300(t5)
core   0: 3 0x8000e130 (0xec3f2a23) mem 0x8000f000 0x00000001
core   0: 0x8000e134 (0xff9ff06f) j       pc - 0x8
core   0: 3 0x8000e134 (0xff9ff06f)
core   0: 0x8000e12c (0x00001f17) auipc   t5, 0x1
core   0: 3 0x8000e12c (0x00001f17) x30 0x8000f12c
core   0: 0x8000e130 (0xec3f2a23) sw      gp, -300(t5)
core   0: 3 0x8000e130 (0xec3f2a23) mem 0x8000f000 0x00000001
core   0: 0x8000e134 (0xff9ff06f) j       pc - 0x8
core   0: 3 0x8000e134 (0xff9ff06f)
core   0: 0x8000e12c (0x00001f17) auipc   t5, 0x1
core   0: 3 0x8000e12c (0x00001f17) x30 0x8000f12c
core   0: 0x8000e130 (0xec3f2a23) sw      gp, -300(t5)
core   0: 3 0x8000e130 (0xec3f2a23) mem 0x8000f000 0x00000001
core   0: 0x8000e134 (0xff9ff06f) j       pc - 0x8
core   0: 3 0x8000e134 (0xff9ff06f)
core   0: 0x8000e12c (0x00001f17) auipc   t5, 0x1
core   0: 3 0x8000e12c (0x00001f17) x30 0x8000f12c
core   0: 0x8000e130 (0xec3f2a23) sw      gp, -300(t5)
core   0: 3 0x8000e130 (0xec3f2a23) mem 0x8000f000 0x00000001
core   0: 0x8000e134 (0xff9ff06f) j       pc - 0x8
core   0: 3 0x8000e134 (0xff9ff06f)
core   0: 0x8000e12c (0x00001f17) auipc   t5, 0x1
core   0: 3 0x8000e12c (0x00001f17) x30 0x8000f12c
core   0: 0x8000e130 (0xec3f2a23) sw      gp, -300(t5)
core   0: 3 0x8000e130 (0xec3f2a23) mem 0x8000f000 0x00000001
core   0: 0x8000e134 (0xff9ff06f) j       pc - 0x8
core   0: 3 0x8000e134 (0xff9ff06f)
core   0: 0x8000e12c (0x00001f17) auipc   t5, 0x1
core   0: 3 0x8000e12c (0x00001f17) x30 0x8000f12c
core   0: 0x8000e130 (0xec3f2a23) sw      gp, -300(t5)
core   0: 3 0x8000e130 (0xec3f2a23) mem 0x8000f000 0x00000001
core   0: 0x8000e134 (0xff9ff06f) j       pc - 0x8
core   0: 3 0x8000e134 (0xff9ff06f)
core   0: 0x8000e12c (0x00001f17) auipc   t5, 0x1
core   0: 3 0x8000e12c (0x00001f17) x30 0x8000f12c
core   0: 0x8000e130 (0xec3f2a23) sw      gp, -300(t5)
core   0: 3 0x8000e130 (0xec3f2a23) mem 0x8000f000 0x00000001
core   0: 0x8000e134 (0xff9ff06f) j       pc - 0x8
core   0: 3 0x8000e134 (0xff9ff06f)
core   0: 0x8000e12c (0x00001f17) auipc   t5, 0x1
core   0: 3 0x8000e12c (0x00001f17) x30 0x8000f12c
core   0: 0x8000e130 (0xec3f2a23) sw      gp, -300(t5)
core   0: 3 0x8000e130 (0xec3f2a23) mem 0x8000f000 0x00000001
core   0: 0x8000e134 (0xff9ff06f) j       pc - 0x8
core   0: 3 0x8000e134 (0xff9ff06f)
core   0: 0x8000e12c (0x00001f17) auipc   t5, 0x1
core   0: 3 0x8000e12c (0x00001f17) x30 0x8000f12c
core   0: 0x8000e130 (0xec3f2a23) sw      gp, -300(t5)
core   0: 3 0x8000e130 (0xec3f2a23) mem 0x8000f000 0x00000001
core   0: 0x8000e134 (0xff9ff06f) j       pc - 0x8
core   0: 3 0x8000e134 (0xff9ff06f)
core   0: 0x8000e12c (0x00001f17) auipc   t5, 0x1
core   0: 3 0x8000e12c (0x00001f17) x30 0x8000f12c
core   0: 0x8000e130 (0xec3f2a23) sw      gp, -300(t5)
core   0: 3 0x8000e130 (0xec3f2a23) mem 0x8000f000 0x00000001
core   0: 0x8000e134 (0xff9ff06f) j       pc - 0x8
core   0: 3 0x8000e134 (0xff9ff06f)
core   0: 0x8000e12c (0x00001f17) auipc   t5, 0x1
core   0: 3 0x8000e12c (0x00001f17) x30 0x8000f12c
core   0: 0x8000e130 (0xec3f2a23) sw      gp, -300(t5)
core   0: 3 0x8000e130 (0xec3f2a23) mem 0x8000f000 0x00000001
core   0: 0x8000e134 (0xff9ff06f) j       pc - 0x8
core   0: 3 0x8000e134 (0xff9ff06f)
core   0: 0x8000e12c (0x00001f17) auipc   t5, 0x1
core   0: 3 0x8000e12c (0x00001f17) x30 0x8000f12c
core   0: 0x8000e130 (0xec3f2a23) sw      gp, -300(t5)
core   0: 3 0x8000e130 (0xec3f2a23) mem 0x8000f000 0x00000001
core   0: 0x8000e134 (0xff9ff06f) j       pc - 0x8
core   0: 3 0x8000e134 (0xff9ff06f)
core   0: 0x8000e12c (0x00001f17) auipc   t5, 0x1
core   0: 3 0x8000e12c (0x00001f17) x30 0x8000f12c
core   0: 0x8000e130 (0xec3f2a23) sw      gp, -300(t5)
core   0: 3 0x8000e130 (0xec3f2a23) mem 0x8000f000 0x00000001
core   0: 0x8000e134 (0xff9ff06f) j       pc - 0x8
core   0: 3 0x8000e134 (0xff9ff06f)
core   0: 0x8000e12c (0x00001f17) auipc   t5, 0x1
core   0: 3 0x8000e12c (0x00001f17) x30 0x8000f12c
core   0: 0x8000e130 (0xec3f2a23) sw      gp, -300(t5)
core   0: 3 0x8000e130 (0xec3f2a23) mem 0x8000f000 0x00000001
core   0: 0x8000e134 (0xff9ff06f) j       pc - 0x8
core   0: 3 0x8000e134 (0xff9ff06f)
core   0: 0x8000e12c (0x00001f17) auipc   t5, 0x1
core   0: 3 0x8000e12c (0x00001f17) x30 0x8000f12c
core   0: 0x8000e130 (0xec3f2a23) sw      gp, -300(t5)
core   0: 3 0x8000e130 (0xec3f2a23) mem 0x8000f000 0x00000001
core   0: 0x8000e134 (0xff9ff06f) j       pc - 0x8
core   0: 3 0x8000e134 (0xff9ff06f)
core   0: 0x8000e12c (0x00001f17) auipc   t5, 0x1
core   0: 3 0x8000e12c (0x00001f17) x30 0x8000f12c
core   0: 0x8000e130 (0xec3f2a23) sw      gp, -300(t5)
core   0: 3 0x8000e130 (0xec3f2a23) mem 0x8000f000 0x00000001
core   0: 0x8000e134 (0xff9ff06f) j       pc - 0x8
core   0: 3 0x8000e134 (0xff9ff06f)
core   0: 0x8000e12c (0x00001f17) auipc   t5, 0x1
core   0: 3 0x8000e12c (0x00001f17) x30 0x8000f12c
core   0: 0x8000e130 (0xec3f2a23) sw      gp, -300(t5)
core   0: 3 0x8000e130 (0xec3f2a23) mem 0x8000f000 0x00000001
core   0: 0x8000e134 (0xff9ff06f) j       pc - 0x8
core   0: 3 0x8000e134 (0xff9ff06f)
core   0: 0x8000e12c (0x00001f17) auipc   t5, 0x1
core   0: 3 0x8000e12c (0x00001f17) x30 0x8000f12c
core   0: 0x8000e130 (0xec3f2a23) sw      gp, -300(t5)
core   0: 3 0x8000e130 (0xec3f2a23) mem 0x8000f000 0x00000001
core   0: 0x8000e134 (0xff9ff06f) j       pc - 0x8
core   0: 3 0x8000e134 (0xff9ff06f)
core   0: 0x8000e12c (0x00001f17) auipc   t5, 0x1
core   0: 3 0x8000e12c (0x00001f17) x30 0x8000f12c
core   0: 0x8000e130 (0xec3f2a23) sw      gp, -300(t5)
core   0: 3 0x8000e130 (0xec3f2a23) mem 0x8000f000 0x00000001
core   0: 0x8000e134 (0xff9ff06f) j       pc - 0x8
core   0: 3 0x8000e134 (0xff9ff06f)
core   0: 0x8000e12c (0x00001f17) auipc   t5, 0x1
core   0: 3 0x8000e12c (0x00001f17) x30 0x8000f12c
core   0: 0x8000e130 (0xec3f2a23) sw      gp, -300(t5)
core   0: 3 0x8000e130 (0xec3f2a23) mem 0x8000f000 0x00000001
core   0: 0x8000e134 (0xff9ff06f) j       pc - 0x8
core   0: 3 0x8000e134 (0xff9ff06f)
core   0: 0x8000e12c (0x00001f17) auipc   t5, 0x1
core   0: 3 0x8000e12c (0x00001f17) x30 0x8000f12c
core   0: 0x8000e130 (0xec3f2a23) sw      gp, -300(t5)
core   0: 3 0x8000e130 (0xec3f2a23) mem 0x8000f000 0x00000001
core   0: 0x8000e134 (0xff9ff06f) j       pc - 0x8
core   0: 3 0x8000e134 (0xff9ff06f)
core   0: 0x8000e12c (0x00001f17) auipc   t5, 0x1
core   0: 3 0x8000e12c (0x00001f17) x30 0x8000f12c
core   0: 0x8000e130 (0xec3f2a23) sw      gp, -300(t5)
core   0: 3 0x8000e130 (0xec3f2a23) mem 0x8000f000 0x00000001
core   0: 0x8000e134 (0xff9ff06f) j       pc - 0x8
core   0: 3 0x8000e134 (0xff9ff06f)
core   0: 0x8000e12c (0x00001f17) auipc   t5, 0x1
core   0: 3 0x8000e12c (0x00001f17) x30 0x8000f12c
core   0: 0x8000e130 (0xec3f2a23) sw      gp, -300(t5)
core   0: 3 0x8000e130 (0xec3f2a23) mem 0x8000f000 0x00000001
core   0: 0x8000e134 (0xff9ff06f) j       pc - 0x8
core   0: 3 0x8000e134 (0xff9ff06f)
core   0: 0x8000e12c (0x00001f17) auipc   t5, 0x1
core   0: 3 0x8000e12c (0x00001f17) x30 0x8000f12c
core   0: 0x8000e130 (0xec3f2a23) sw      gp, -300(t5)
core   0: 3 0x8000e130 (0xec3f2a23) mem 0x8000f000 0x00000001
core   0: 0x8000e134 (0xff9ff06f) j       pc - 0x8
core   0: 3 0x8000e134 (0xff9ff06f)
core   0: 0x8000e12c (0x00001f17) auipc   t5, 0x1
core   0: 3 0x8000e12c (0x00001f17) x30 0x8000f12c
core   0: 0x8000e130 (0xec3f2a23) sw      gp, -300(t5)
core   0: 3 0x8000e130 (0xec3f2a23) mem 0x8000f000 0x00000001
core   0: 0x8000e134 (0xff9ff06f) j       pc - 0x8
core   0: 3 0x8000e134 (0xff9ff06f)
core   0: 0x8000e12c (0x00001f17) auipc   t5, 0x1
core   0: 3 0x8000e12c (0x00001f17) x30 0x8000f12c
core   0: 0x8000e130 (0xec3f2a23) sw      gp, -300(t5)
core   0: 3 0x8000e130 (0xec3f2a23) mem 0x8000f000 0x00000001
core   0: 0x8000e134 (0xff9ff06f) j       pc - 0x8
core   0: 3 0x8000e134 (0xff9ff06f)
core   0: 0x8000e12c (0x00001f17) auipc   t5, 0x1
core   0: 3 0x8000e12c (0x00001f17) x30 0x8000f12c
core   0: 0x8000e130 (0xec3f2a23) sw      gp, -300(t5)
core   0: 3 0x8000e130 (0xec3f2a23) mem 0x8000f000 0x00000001
core   0: 0x8000e134 (0xff9ff06f) j       pc - 0x8
core   0: 3 0x8000e134 (0xff9ff06f)
core   0: 0x8000e12c (0x00001f17) auipc   t5, 0x1
core   0: 3 0x8000e12c (0x00001f17) x30 0x8000f12c
core   0: 0x8000e130 (0xec3f2a23) sw      gp, -300(t5)
core   0: 3 0x8000e130 (0xec3f2a23) mem 0x8000f000 0x00000001
core   0: 0x8000e134 (0xff9ff06f) j       pc - 0x8
core   0: 3 0x8000e134 (0xff9ff06f)
core   0: 0x8000e12c (0x00001f17) auipc   t5, 0x1
core   0: 3 0x8000e12c (0x00001f17) x30 0x8000f12c
core   0: 0x8000e130 (0xec3f2a23) sw      gp, -300(t5)
core   0: 3 0x8000e130 (0xec3f2a23) mem 0x8000f000 0x00000001
core   0: 0x8000e134 (0xff9ff06f) j       pc - 0x8
core   0: 3 0x8000e134 (0xff9ff06f)
core   0: 0x8000e12c (0x00001f17) auipc   t5, 0x1
core   0: 3 0x8000e12c (0x00001f17) x30 0x8000f12c
core   0: 0x8000e130 (0xec3f2a23) sw      gp, -300(t5)
core   0: 3 0x8000e130 (0xec3f2a23) mem 0x8000f000 0x00000001
core   0: 0x8000e134 (0xff9ff06f) j       pc - 0x8
core   0: 3 0x8000e134 (0xff9ff06f)
core   0: 0x8000e12c (0x00001f17) auipc   t5, 0x1
core   0: 3 0x8000e12c (0x00001f17) x30 0x8000f12c
core   0: 0x8000e130 (0xec3f2a23) sw      gp, -300(t5)
core   0: 3 0x8000e130 (0xec3f2a23) mem 0x8000f000 0x00000001
core   0: 0x8000e134 (0xff9ff06f) j       pc - 0x8
core   0: 3 0x8000e134 (0xff9ff06f)
core   0: 0x8000e12c (0x00001f17) auipc   t5, 0x1
core   0: 3 0x8000e12c (0x00001f17) x30 0x8000f12c
core   0: 0x8000e130 (0xec3f2a23) sw      gp, -300(t5)
core   0: 3 0x8000e130 (0xec3f2a23) mem 0x8000f000 0x00000001
core   0: 0x8000e134 (0xff9ff06f) j       pc - 0x8
core   0: 3 0x8000e134 (0xff9ff06f)
core   0: 0x8000e12c (0x00001f17) auipc   t5, 0x1
core   0: 3 0x8000e12c (0x00001f17) x30 0x8000f12c
core   0: 0x8000e130 (0xec3f2a23) sw      gp, -300(t5)
core   0: 3 0x8000e130 (0xec3f2a23) mem 0x8000f000 0x00000001
core   0: 0x8000e134 (0xff9ff06f) j       pc - 0x8
core   0: 3 0x8000e134 (0xff9ff06f)
core   0: 0x8000e12c (0x00001f17) auipc   t5, 0x1
core   0: 3 0x8000e12c (0x00001f17) x30 0x8000f12c
core   0: 0x8000e130 (0xec3f2a23) sw      gp, -300(t5)
core   0: 3 0x8000e130 (0xec3f2a23) mem 0x8000f000 0x00000001
core   0: 0x8000e134 (0xff9ff06f) j       pc - 0x8
core   0: 3 0x8000e134 (0xff9ff06f)
core   0: 0x8000e12c (0x00001f17) auipc   t5, 0x1
core   0: 3 0x8000e12c (0x00001f17) x30 0x8000f12c
core   0: 0x8000e130 (0xec3f2a23) sw      gp, -300(t5)
core   0: 3 0x8000e130 (0xec3f2a23) mem 0x8000f000 0x00000001
core   0: 0x8000e134 (0xff9ff06f) j       pc - 0x8
core   0: 3 0x8000e134 (0xff9ff06f)
core   0: 0x8000e12c (0x00001f17) auipc   t5, 0x1
core   0: 3 0x8000e12c (0x00001f17) x30 0x8000f12c
core   0: 0x8000e130 (0xec3f2a23) sw      gp, -300(t5)
core   0: 3 0x8000e130 (0xec3f2a23) mem 0x8000f000 0x00000001
core   0: 0x8000e134 (0xff9ff06f) j       pc - 0x8
core   0: 3 0x8000e134 (0xff9ff06f)
core   0: 0x8000e12c (0x00001f17) auipc   t5, 0x1
core   0: 3 0x8000e12c (0x00001f17) x30 0x8000f12c
core   0: 0x8000e130 (0xec3f2a23) sw      gp, -300(t5)
core   0: 3 0x8000e130 (0xec3f2a23) mem 0x8000f000 0x00000001
core   0: 0x8000e134 (0xff9ff06f) j       pc - 0x8
core   0: 3 0x8000e134 (0xff9ff06f)
core   0: 0x8000e12c (0x00001f17) auipc   t5, 0x1
core   0: 3 0x8000e12c (0x00001f17) x30 0x8000f12c
core   0: 0x8000e130 (0xec3f2a23) sw      gp, -300(t5)
core   0: 3 0x8000e130 (0xec3f2a23) mem 0x8000f000 0x00000001
core   0: 0x8000e134 (0xff9ff06f) j       pc - 0x8
core   0: 3 0x8000e134 (0xff9ff06f)
core   0: 0x8000e12c (0x00001f17) auipc   t5, 0x1
core   0: 3 0x8000e12c (0x00001f17) x30 0x8000f12c
core   0: 0x8000e130 (0xec3f2a23) sw      gp, -300(t5)
core   0: 3 0x8000e130 (0xec3f2a23) mem 0x8000f000 0x00000001
core   0: 0x8000e134 (0xff9ff06f) j       pc - 0x8
core   0: 3 0x8000e134 (0xff9ff06f)
core   0: 0x8000e12c (0x00001f17) auipc   t5, 0x1
core   0: 3 0x8000e12c (0x00001f17) x30 0x8000f12c
core   0: 0x8000e130 (0xec3f2a23) sw      gp, -300(t5)
core   0: 3 0x8000e130 (0xec3f2a23) mem 0x8000f000 0x00000001
core   0: 0x8000e134 (0xff9ff06f) j       pc - 0x8
core   0: 3 0x8000e134 (0xff9ff06f)
core   0: 0x8000e12c (0x00001f17) auipc   t5, 0x1
core   0: 3 0x8000e12c (0x00001f17) x30 0x8000f12c
core   0: 0x8000e130 (0xec3f2a23) sw      gp, -300(t5)
core   0: 3 0x8000e130 (0xec3f2a23) mem 0x8000f000 0x00000001
core   0: 0x8000e134 (0xff9ff06f) j       pc - 0x8
core   0: 3 0x8000e134 (0xff9ff06f)
core   0: 0x8000e12c (0x00001f17) auipc   t5, 0x1
core   0: 3 0x8000e12c (0x00001f17) x30 0x8000f12c
core   0: 0x8000e130 (0xec3f2a23) sw      gp, -300(t5)
core   0: 3 0x8000e130 (0xec3f2a23) mem 0x8000f000 0x00000001
core   0: 0x8000e134 (0xff9ff06f) j       pc - 0x8
core   0: 3 0x8000e134 (0xff9ff06f)
core   0: 0x8000e12c (0x00001f17) auipc   t5, 0x1
core   0: 3 0x8000e12c (0x00001f17) x30 0x8000f12c
core   0: 0x8000e130 (0xec3f2a23) sw      gp, -300(t5)
core   0: 3 0x8000e130 (0xec3f2a23) mem 0x8000f000 0x00000001
core   0: 0x8000e134 (0xff9ff06f) j       pc - 0x8
core   0: 3 0x8000e134 (0xff9ff06f)
core   0: 0x8000e12c (0x00001f17) auipc   t5, 0x1
core   0: 3 0x8000e12c (0x00001f17) x30 0x8000f12c
core   0: 0x8000e130 (0xec3f2a23) sw      gp, -300(t5)
core   0: 3 0x8000e130 (0xec3f2a23) mem 0x8000f000 0x00000001
core   0: 0x8000e134 (0xff9ff06f) j       pc - 0x8
core   0: 3 0x8000e134 (0xff9ff06f)
core   0: 0x8000e12c (0x00001f17) auipc   t5, 0x1
core   0: 3 0x8000e12c (0x00001f17) x30 0x8000f12c
core   0: 0x8000e130 (0xec3f2a23) sw      gp, -300(t5)
core   0: 3 0x8000e130 (0xec3f2a23) mem 0x8000f000 0x00000001
core   0: 0x8000e134 (0xff9ff06f) j       pc - 0x8
core   0: 3 0x8000e134 (0xff9ff06f)
core   0: 0x8000e12c (0x00001f17) auipc   t5, 0x1
core   0: 3 0x8000e12c (0x00001f17) x30 0x8000f12c
core   0: 0x8000e130 (0xec3f2a23) sw      gp, -300(t5)
core   0: 3 0x8000e130 (0xec3f2a23) mem 0x8000f000 0x00000001
core   0: 0x8000e134 (0xff9ff06f) j       pc - 0x8
core   0: 3 0x8000e134 (0xff9ff06f)
core   0: 0x8000e12c (0x00001f17) auipc   t5, 0x1
core   0: 3 0x8000e12c (0x00001f17) x30 0x8000f12c
core   0: 0x8000e130 (0xec3f2a23) sw      gp, -300(t5)
core   0: 3 0x8000e130 (0xec3f2a23) mem 0x8000f000 0x00000001
core   0: 0x8000e134 (0xff9ff06f) j       pc - 0x8
core   0: 3 0x8000e134 (0xff9ff06f)
core   0: 0x8000e12c (0x00001f17) auipc   t5, 0x1
core   0: 3 0x8000e12c (0x00001f17) x30 0x8000f12c
core   0: 0x8000e130 (0xec3f2a23) sw      gp, -300(t5)
core   0: 3 0x8000e130 (0xec3f2a23) mem 0x8000f000 0x00000001
core   0: 0x8000e134 (0xff9ff06f) j       pc - 0x8
core   0: 3 0x8000e134 (0xff9ff06f)
core   0: 0x8000e12c (0x00001f17) auipc   t5, 0x1
core   0: 3 0x8000e12c (0x00001f17) x30 0x8000f12c
core   0: 0x8000e130 (0xec3f2a23) sw      gp, -300(t5)
core   0: 3 0x8000e130 (0xec3f2a23) mem 0x8000f000 0x00000001
core   0: 0x8000e134 (0xff9ff06f) j       pc - 0x8
core   0: 3 0x8000e134 (0xff9ff06f)
core   0: 0x8000e12c (0x00001f17) auipc   t5, 0x1
core   0: 3 0x8000e12c (0x00001f17) x30 0x8000f12c
core   0: 0x8000e130 (0xec3f2a23) sw      gp, -300(t5)
core   0: 3 0x8000e130 (0xec3f2a23) mem 0x8000f000 0x00000001
core   0: 0x8000e134 (0xff9ff06f) j       pc - 0x8
core   0: 3 0x8000e134 (0xff9ff06f)
core   0: 0x8000e12c (0x00001f17) auipc   t5, 0x1
core   0: 3 0x8000e12c (0x00001f17) x30 0x8000f12c
core   0: 0x8000e130 (0xec3f2a23) sw      gp, -300(t5)
core   0: 3 0x8000e130 (0xec3f2a23) mem 0x8000f000 0x00000001
core   0: 0x8000e134 (0xff9ff06f) j       pc - 0x8
core   0: 3 0x8000e134 (0xff9ff06f)
core   0: 0x8000e12c (0x00001f17) auipc   t5, 0x1
core   0: 3 0x8000e12c (0x00001f17) x30 0x8000f12c
core   0: 0x8000e130 (0xec3f2a23) sw      gp, -300(t5)
core   0: 3 0x8000e130 (0xec3f2a23) mem 0x8000f000 0x00000001
core   0: 0x8000e134 (0xff9ff06f) j       pc - 0x8
core   0: 3 0x8000e134 (0xff9ff06f)
core   0: 0x8000e12c (0x00001f17) auipc   t5, 0x1
core   0: 3 0x8000e12c (0x00001f17) x30 0x8000f12c
core   0: 0x8000e130 (0xec3f2a23) sw      gp, -300(t5)
core   0: 3 0x8000e130 (0xec3f2a23) mem 0x8000f000 0x00000001
core   0: 0x8000e134 (0xff9ff06f) j       pc - 0x8
core   0: 3 0x8000e134 (0xff9ff06f)
core   0: 0x8000e12c (0x00001f17) auipc   t5, 0x1
core   0: 3 0x8000e12c (0x00001f17) x30 0x8000f12c
core   0: 0x8000e130 (0xec3f2a23) sw      gp, -300(t5)
core   0: 3 0x8000e130 (0xec3f2a23) mem 0x8000f000 0x00000001
core   0: 0x8000e134 (0xff9ff06f) j       pc - 0x8
core   0: 3 0x8000e134 (0xff9ff06f)
core   0: 0x8000e12c (0x00001f17) auipc   t5, 0x1
core   0: 3 0x8000e12c (0x00001f17) x30 0x8000f12c
core   0: 0x8000e130 (0xec3f2a23) sw      gp, -300(t5)
core   0: 3 0x8000e130 (0xec3f2a23) mem 0x8000f000 0x00000001
core   0: 0x8000e134 (0xff9ff06f) j       pc - 0x8
core   0: 3 0x8000e134 (0xff9ff06f)
core   0: 0x8000e12c (0x00001f17) auipc   t5, 0x1
core   0: 3 0x8000e12c (0x00001f17) x30 0x8000f12c
core   0: 0x8000e130 (0xec3f2a23) sw      gp, -300(t5)
core   0: 3 0x8000e130 (0xec3f2a23) mem 0x8000f000 0x00000001
core   0: 0x8000e134 (0xff9ff06f) j       pc - 0x8
core   0: 3 0x8000e134 (0xff9ff06f)
core   0: 0x8000e12c (0x00001f17) auipc   t5, 0x1
core   0: 3 0x8000e12c (0x00001f17) x30 0x8000f12c
core   0: 0x8000e130 (0xec3f2a23) sw      gp, -300(t5)
core   0: 3 0x8000e130 (0xec3f2a23) mem 0x8000f000 0x00000001
core   0: 0x8000e134 (0xff9ff06f) j       pc - 0x8
core   0: 3 0x8000e134 (0xff9ff06f)
core   0: 0x8000e12c (0x00001f17) auipc   t5, 0x1
core   0: 3 0x8000e12c (0x00001f17) x30 0x8000f12c
core   0: 0x8000e130 (0xec3f2a23) sw      gp, -300(t5)
core   0: 3 0x8000e130 (0xec3f2a23) mem 0x8000f000 0x00000001
core   0: 0x8000e134 (0xff9ff06f) j       pc - 0x8
core   0: 3 0x8000e134 (0xff9ff06f)
core   0: 0x8000e12c (0x00001f17) auipc   t5, 0x1
core   0: 3 0x8000e12c (0x00001f17) x30 0x8000f12c
core   0: 0x8000e130 (0xec3f2a23) sw      gp, -300(t5)
core   0: 3 0x8000e130 (0xec3f2a23) mem 0x8000f000 0x00000001
core   0: 0x8000e134 (0xff9ff06f) j       pc - 0x8
core   0: 3 0x8000e134 (0xff9ff06f)
core   0: 0x8000e12c (0x00001f17) auipc   t5, 0x1
core   0: 3 0x8000e12c (0x00001f17) x30 0x8000f12c
core   0: 0x8000e130 (0xec3f2a23) sw      gp, -300(t5)
core   0: 3 0x8000e130 (0xec3f2a23) mem 0x8000f000 0x00000001
core   0: 0x8000e134 (0xff9ff06f) j       pc - 0x8
core   0: 3 0x8000e134 (0xff9ff06f)
core   0: 0x8000e12c (0x00001f17) auipc   t5, 0x1
core   0: 3 0x8000e12c (0x00001f17) x30 0x8000f12c
core   0: 0x8000e130 (0xec3f2a23) sw      gp, -300(t5)
core   0: 3 0x8000e130 (0xec3f2a23) mem 0x8000f000 0x00000001
core   0: 0x8000e134 (0xff9ff06f) j       pc - 0x8
core   0: 3 0x8000e134 (0xff9ff06f)
core   0: 0x8000e12c (0x00001f17) auipc   t5, 0x1
core   0: 3 0x8000e12c (0x00001f17) x30 0x8000f12c
core   0: 0x8000e130 (0xec3f2a23) sw      gp, -300(t5)
core   0: 3 0x8000e130 (0xec3f2a23) mem 0x8000f000 0x00000001
core   0: 0x8000e134 (0xff9ff06f) j       pc - 0x8
core   0: 3 0x8000e134 (0xff9ff06f)
core   0: 0x8000e12c (0x00001f17) auipc   t5, 0x1
core   0: 3 0x8000e12c (0x00001f17) x30 0x8000f12c
core   0: 0x8000e130 (0xec3f2a23) sw      gp, -300(t5)
core   0: 3 0x8000e130 (0xec3f2a23) mem 0x8000f000 0x00000001
core   0: 0x8000e134 (0xff9ff06f) j       pc - 0x8
core   0: 3 0x8000e134 (0xff9ff06f)
core   0: 0x8000e12c (0x00001f17) auipc   t5, 0x1
core   0: 3 0x8000e12c (0x00001f17) x30 0x8000f12c
core   0: 0x8000e130 (0xec3f2a23) sw      gp, -300(t5)
core   0: 3 0x8000e130 (0xec3f2a23) mem 0x8000f000 0x00000001
core   0: 0x8000e134 (0xff9ff06f) j       pc - 0x8
core   0: 3 0x8000e134 (0xff9ff06f)
core   0: 0x8000e12c (0x00001f17) auipc   t5, 0x1
core   0: 3 0x8000e12c (0x00001f17) x30 0x8000f12c
core   0: 0x8000e130 (0xec3f2a23) sw      gp, -300(t5)
core   0: 3 0x8000e130 (0xec3f2a23) mem 0x8000f000 0x00000001
core   0: 0x8000e134 (0xff9ff06f) j       pc - 0x8
core   0: 3 0x8000e134 (0xff9ff06f)
core   0: 0x8000e12c (0x00001f17) auipc   t5, 0x1
core   0: 3 0x8000e12c (0x00001f17) x30 0x8000f12c
core   0: 0x8000e130 (0xec3f2a23) sw      gp, -300(t5)
core   0: 3 0x8000e130 (0xec3f2a23) mem 0x8000f000 0x00000001
core   0: 0x8000e134 (0xff9ff06f) j       pc - 0x8
core   0: 3 0x8000e134 (0xff9ff06f)
core   0: 0x8000e12c (0x00001f17) auipc   t5, 0x1
core   0: 3 0x8000e12c (0x00001f17) x30 0x8000f12c
core   0: 0x8000e130 (0xec3f2a23) sw      gp, -300(t5)
core   0: 3 0x8000e130 (0xec3f2a23) mem 0x8000f000 0x00000001
core   0: 0x8000e134 (0xff9ff06f) j       pc - 0x8
core   0: 3 0x8000e134 (0xff9ff06f)
core   0: 0x8000e12c (0x00001f17) auipc   t5, 0x1
core   0: 3 0x8000e12c (0x00001f17) x30 0x8000f12c
core   0: 0x8000e130 (0xec3f2a23) sw      gp, -300(t5)
core   0: 3 0x8000e130 (0xec3f2a23) mem 0x8000f000 0x00000001
core   0: 0x8000e134 (0xff9ff06f) j       pc - 0x8
core   0: 3 0x8000e134 (0xff9ff06f)
core   0: 0x8000e12c (0x00001f17) auipc   t5, 0x1
core   0: 3 0x8000e12c (0x00001f17) x30 0x8000f12c
core   0: 0x8000e130 (0xec3f2a23) sw      gp, -300(t5)
core   0: 3 0x8000e130 (0xec3f2a23) mem 0x8000f000 0x00000001
core   0: 0x8000e134 (0xff9ff06f) j       pc - 0x8
core   0: 3 0x8000e134 (0xff9ff06f)
core   0: 0x8000e12c (0x00001f17) auipc   t5, 0x1
core   0: 3 0x8000e12c (0x00001f17) x30 0x8000f12c
core   0: 0x8000e130 (0xec3f2a23) sw      gp, -300(t5)
core   0: 3 0x8000e130 (0xec3f2a23) mem 0x8000f000 0x00000001
core   0: 0x8000e134 (0xff9ff06f) j       pc - 0x8
core   0: 3 0x8000e134 (0xff9ff06f)
core   0: 0x8000e12c (0x00001f17) auipc   t5, 0x1
core   0: 3 0x8000e12c (0x00001f17) x30 0x8000f12c
core   0: 0x8000e130 (0xec3f2a23) sw      gp, -300(t5)
core   0: 3 0x8000e130 (0xec3f2a23) mem 0x8000f000 0x00000001
core   0: 0x8000e134 (0xff9ff06f) j       pc - 0x8
core   0: 3 0x8000e134 (0xff9ff06f)
core   0: 0x8000e12c (0x00001f17) auipc   t5, 0x1
core   0: 3 0x8000e12c (0x00001f17) x30 0x8000f12c
core   0: 0x8000e130 (0xec3f2a23) sw      gp, -300(t5)
core   0: 3 0x8000e130 (0xec3f2a23) mem 0x8000f000 0x00000001
core   0: 0x8000e134 (0xff9ff06f) j       pc - 0x8
core   0: 3 0x8000e134 (0xff9ff06f)
core   0: 0x8000e12c (0x00001f17) auipc   t5, 0x1
core   0: 3 0x8000e12c (0x00001f17) x30 0x8000f12c
core   0: 0x8000e130 (0xec3f2a23) sw      gp, -300(t5)
core   0: 3 0x8000e130 (0xec3f2a23) mem 0x8000f000 0x00000001
core   0: 0x8000e134 (0xff9ff06f) j       pc - 0x8
core   0: 3 0x8000e134 (0xff9ff06f)
core   0: 0x8000e12c (0x00001f17) auipc   t5, 0x1
core   0: 3 0x8000e12c (0x00001f17) x30 0x8000f12c
core   0: 0x8000e130 (0xec3f2a23) sw      gp, -300(t5)
core   0: 3 0x8000e130 (0xec3f2a23) mem 0x8000f000 0x00000001
core   0: 0x8000e134 (0xff9ff06f) j       pc - 0x8
core   0: 3 0x8000e134 (0xff9ff06f)
core   0: 0x8000e12c (0x00001f17) auipc   t5, 0x1
core   0: 3 0x8000e12c (0x00001f17) x30 0x8000f12c
core   0: 0x8000e130 (0xec3f2a23) sw      gp, -300(t5)
core   0: 3 0x8000e130 (0xec3f2a23) mem 0x8000f000 0x00000001
core   0: 0x8000e134 (0xff9ff06f) j       pc - 0x8
core   0: 3 0x8000e134 (0xff9ff06f)
core   0: 0x8000e12c (0x00001f17) auipc   t5, 0x1
core   0: 3 0x8000e12c (0x00001f17) x30 0x8000f12c
core   0: 0x8000e130 (0xec3f2a23) sw      gp, -300(t5)
core   0: 3 0x8000e130 (0xec3f2a23) mem 0x8000f000 0x00000001
core   0: 0x8000e134 (0xff9ff06f) j       pc - 0x8
core   0: 3 0x8000e134 (0xff9ff06f)
core   0: 0x8000e12c (0x00001f17) auipc   t5, 0x1
core   0: 3 0x8000e12c (0x00001f17) x30 0x8000f12c
core   0: 0x8000e130 (0xec3f2a23) sw      gp, -300(t5)
core   0: 3 0x8000e130 (0xec3f2a23) mem 0x8000f000 0x00000001
core   0: 0x8000e134 (0xff9ff06f) j       pc - 0x8
core   0: 3 0x8000e134 (0xff9ff06f)
core   0: 0x8000e12c (0x00001f17) auipc   t5, 0x1
core   0: 3 0x8000e12c (0x00001f17) x30 0x8000f12c
core   0: 0x8000e130 (0xec3f2a23) sw      gp, -300(t5)
core   0: 3 0x8000e130 (0xec3f2a23) mem 0x8000f000 0x00000001
core   0: 0x8000e134 (0xff9ff06f) j       pc - 0x8
core   0: 3 0x8000e134 (0xff9ff06f)
core   0: 0x8000e12c (0x00001f17) auipc   t5, 0x1
core   0: 3 0x8000e12c (0x00001f17) x30 0x8000f12c
core   0: 0x8000e130 (0xec3f2a23) sw      gp, -300(t5)
core   0: 3 0x8000e130 (0xec3f2a23) mem 0x8000f000 0x00000001
core   0: 0x8000e134 (0xff9ff06f) j       pc - 0x8
core   0: 3 0x8000e134 (0xff9ff06f)
core   0: 0x8000e12c (0x00001f17) auipc   t5, 0x1
core   0: 3 0x8000e12c (0x00001f17) x30 0x8000f12c
core   0: 0x8000e130 (0xec3f2a23) sw      gp, -300(t5)
core   0: 3 0x8000e130 (0xec3f2a23) mem 0x8000f000 0x00000001
core   0: 0x8000e134 (0xff9ff06f) j       pc - 0x8
core   0: 3 0x8000e134 (0xff9ff06f)
core   0: 0x8000e12c (0x00001f17) auipc   t5, 0x1
core   0: 3 0x8000e12c (0x00001f17) x30 0x8000f12c
core   0: 0x8000e130 (0xec3f2a23) sw      gp, -300(t5)
core   0: 3 0x8000e130 (0xec3f2a23) mem 0x8000f000 0x00000001
core   0: 0x8000e134 (0xff9ff06f) j       pc - 0x8
core   0: 3 0x8000e134 (0xff9ff06f)
core   0: 0x8000e12c (0x00001f17) auipc   t5, 0x1
core   0: 3 0x8000e12c (0x00001f17) x30 0x8000f12c
core   0: 0x8000e130 (0xec3f2a23) sw      gp, -300(t5)
core   0: 3 0x8000e130 (0xec3f2a23) mem 0x8000f000 0x00000001
core   0: 0x8000e134 (0xff9ff06f) j       pc - 0x8
core   0: 3 0x8000e134 (0xff9ff06f)
core   0: 0x8000e12c (0x00001f17) auipc   t5, 0x1
core   0: 3 0x8000e12c (0x00001f17) x30 0x8000f12c
core   0: 0x8000e130 (0xec3f2a23) sw      gp, -300(t5)
core   0: 3 0x8000e130 (0xec3f2a23) mem 0x8000f000 0x00000001
core   0: 0x8000e134 (0xff9ff06f) j       pc - 0x8
core   0: 3 0x8000e134 (0xff9ff06f)
core   0: 0x8000e12c (0x00001f17) auipc   t5, 0x1
core   0: 3 0x8000e12c (0x00001f17) x30 0x8000f12c
core   0: 0x8000e130 (0xec3f2a23) sw      gp, -300(t5)
core   0: 3 0x8000e130 (0xec3f2a23) mem 0x8000f000 0x00000001
core   0: 0x8000e134 (0xff9ff06f) j       pc - 0x8
core   0: 3 0x8000e134 (0xff9ff06f)
core   0: 0x8000e12c (0x00001f17) auipc   t5, 0x1
core   0: 3 0x8000e12c (0x00001f17) x30 0x8000f12c
core   0: 0x8000e130 (0xec3f2a23) sw      gp, -300(t5)
core   0: 3 0x8000e130 (0xec3f2a23) mem 0x8000f000 0x00000001
core   0: 0x8000e134 (0xff9ff06f) j       pc - 0x8
core   0: 3 0x8000e134 (0xff9ff06f)
core   0: 0x8000e12c (0x00001f17) auipc   t5, 0x1
core   0: 3 0x8000e12c (0x00001f17) x30 0x8000f12c
core   0: 0x8000e130 (0xec3f2a23) sw      gp, -300(t5)
core   0: 3 0x8000e130 (0xec3f2a23) mem 0x8000f000 0x00000001
core   0: 0x8000e134 (0xff9ff06f) j       pc - 0x8
core   0: 3 0x8000e134 (0xff9ff06f)
core   0: 0x8000e12c (0x00001f17) auipc   t5, 0x1
core   0: 3 0x8000e12c (0x00001f17) x30 0x8000f12c
core   0: 0x8000e130 (0xec3f2a23) sw      gp, -300(t5)
core   0: 3 0x8000e130 (0xec3f2a23) mem 0x8000f000 0x00000001
core   0: 0x8000e134 (0xff9ff06f) j       pc - 0x8
core   0: 3 0x8000e134 (0xff9ff06f)
core   0: 0x8000e12c (0x00001f17) auipc   t5, 0x1
core   0: 3 0x8000e12c (0x00001f17) x30 0x8000f12c
core   0: 0x8000e130 (0xec3f2a23) sw      gp, -300(t5)
core   0: 3 0x8000e130 (0xec3f2a23) mem 0x8000f000 0x00000001
core   0: 0x8000e134 (0xff9ff06f) j       pc - 0x8
core   0: 3 0x8000e134 (0xff9ff06f)
core   0: 0x8000e12c (0x00001f17) auipc   t5, 0x1
core   0: 3 0x8000e12c (0x00001f17) x30 0x8000f12c
core   0: 0x8000e130 (0xec3f2a23) sw      gp, -300(t5)
core   0: 3 0x8000e130 (0xec3f2a23) mem 0x8000f000 0x00000001
core   0: 0x8000e134 (0xff9ff06f) j       pc - 0x8
core   0: 3 0x8000e134 (0xff9ff06f)
core   0: 0x8000e12c (0x00001f17) auipc   t5, 0x1
core   0: 3 0x8000e12c (0x00001f17) x30 0x8000f12c
core   0: 0x8000e130 (0xec3f2a23) sw      gp, -300(t5)
core   0: 3 0x8000e130 (0xec3f2a23) mem 0x8000f000 0x00000001
core   0: 0x8000e134 (0xff9ff06f) j       pc - 0x8
core   0: 3 0x8000e134 (0xff9ff06f)
core   0: 0x8000e12c (0x00001f17) auipc   t5, 0x1
core   0: 3 0x8000e12c (0x00001f17) x30 0x8000f12c
core   0: 0x8000e130 (0xec3f2a23) sw      gp, -300(t5)
core   0: 3 0x8000e130 (0xec3f2a23) mem 0x8000f000 0x00000001
core   0: 0x8000e134 (0xff9ff06f) j       pc - 0x8
core   0: 3 0x8000e134 (0xff9ff06f)
core   0: 0x8000e12c (0x00001f17) auipc   t5, 0x1
core   0: 3 0x8000e12c (0x00001f17) x30 0x8000f12c
core   0: 0x8000e130 (0xec3f2a23) sw      gp, -300(t5)
core   0: 3 0x8000e130 (0xec3f2a23) mem 0x8000f000 0x00000001
core   0: 0x8000e134 (0xff9ff06f) j       pc - 0x8
core   0: 3 0x8000e134 (0xff9ff06f)
core   0: 0x8000e12c (0x00001f17) auipc   t5, 0x1
core   0: 3 0x8000e12c (0x00001f17) x30 0x8000f12c
core   0: 0x8000e130 (0xec3f2a23) sw      gp, -300(t5)
core   0: 3 0x8000e130 (0xec3f2a23) mem 0x8000f000 0x00000001
core   0: 0x8000e134 (0xff9ff06f) j       pc - 0x8
core   0: 3 0x8000e134 (0xff9ff06f)
core   0: 0x8000e12c (0x00001f17) auipc   t5, 0x1
core   0: 3 0x8000e12c (0x00001f17) x30 0x8000f12c
core   0: 0x8000e130 (0xec3f2a23) sw      gp, -300(t5)
core   0: 3 0x8000e130 (0xec3f2a23) mem 0x8000f000 0x00000001
core   0: 0x8000e134 (0xff9ff06f) j       pc - 0x8
core   0: 3 0x8000e134 (0xff9ff06f)
core   0: 0x8000e12c (0x00001f17) auipc   t5, 0x1
core   0: 3 0x8000e12c (0x00001f17) x30 0x8000f12c
core   0: 0x8000e130 (0xec3f2a23) sw      gp, -300(t5)
core   0: 3 0x8000e130 (0xec3f2a23) mem 0x8000f000 0x00000001
core   0: 0x8000e134 (0xff9ff06f) j       pc - 0x8
core   0: 3 0x8000e134 (0xff9ff06f)
core   0: 0x8000e12c (0x00001f17) auipc   t5, 0x1
core   0: 3 0x8000e12c (0x00001f17) x30 0x8000f12c
core   0: 0x8000e130 (0xec3f2a23) sw      gp, -300(t5)
core   0: 3 0x8000e130 (0xec3f2a23) mem 0x8000f000 0x00000001
core   0: 0x8000e134 (0xff9ff06f) j       pc - 0x8
core   0: 3 0x8000e134 (0xff9ff06f)
core   0: 0x8000e12c (0x00001f17) auipc   t5, 0x1
core   0: 3 0x8000e12c (0x00001f17) x30 0x8000f12c
core   0: 0x8000e130 (0xec3f2a23) sw      gp, -300(t5)
core   0: 3 0x8000e130 (0xec3f2a23) mem 0x8000f000 0x00000001
core   0: 0x8000e134 (0xff9ff06f) j       pc - 0x8
core   0: 3 0x8000e134 (0xff9ff06f)
core   0: 0x8000e12c (0x00001f17) auipc   t5, 0x1
core   0: 3 0x8000e12c (0x00001f17) x30 0x8000f12c
core   0: 0x8000e130 (0xec3f2a23) sw      gp, -300(t5)
core   0: 3 0x8000e130 (0xec3f2a23) mem 0x8000f000 0x00000001
core   0: 0x8000e134 (0xff9ff06f) j       pc - 0x8
core   0: 3 0x8000e134 (0xff9ff06f)
core   0: 0x8000e12c (0x00001f17) auipc   t5, 0x1
core   0: 3 0x8000e12c (0x00001f17) x30 0x8000f12c
core   0: 0x8000e130 (0xec3f2a23) sw      gp, -300(t5)
core   0: 3 0x8000e130 (0xec3f2a23) mem 0x8000f000 0x00000001
core   0: 0x8000e134 (0xff9ff06f) j       pc - 0x8
core   0: 3 0x8000e134 (0xff9ff06f)
core   0: 0x8000e12c (0x00001f17) auipc   t5, 0x1
core   0: 3 0x8000e12c (0x00001f17) x30 0x8000f12c
core   0: 0x8000e130 (0xec3f2a23) sw      gp, -300(t5)
core   0: 3 0x8000e130 (0xec3f2a23) mem 0x8000f000 0x00000001
core   0: 0x8000e134 (0xff9ff06f) j       pc - 0x8
core   0: 3 0x8000e134 (0xff9ff06f)
core   0: 0x8000e12c (0x00001f17) auipc   t5, 0x1
core   0: 3 0x8000e12c (0x00001f17) x30 0x8000f12c
core   0: 0x8000e130 (0xec3f2a23) sw      gp, -300(t5)
core   0: 3 0x8000e130 (0xec3f2a23) mem 0x8000f000 0x00000001
core   0: 0x8000e134 (0xff9ff06f) j       pc - 0x8
core   0: 3 0x8000e134 (0xff9ff06f)
core   0: 0x8000e12c (0x00001f17) auipc   t5, 0x1
core   0: 3 0x8000e12c (0x00001f17) x30 0x8000f12c
core   0: 0x8000e130 (0xec3f2a23) sw      gp, -300(t5)
core   0: 3 0x8000e130 (0xec3f2a23) mem 0x8000f000 0x00000001
core   0: 0x8000e134 (0xff9ff06f) j       pc - 0x8
core   0: 3 0x8000e134 (0xff9ff06f)
core   0: 0x8000e12c (0x00001f17) auipc   t5, 0x1
core   0: 3 0x8000e12c (0x00001f17) x30 0x8000f12c
core   0: 0x8000e130 (0xec3f2a23) sw      gp, -300(t5)
core   0: 3 0x8000e130 (0xec3f2a23) mem 0x8000f000 0x00000001
core   0: 0x8000e134 (0xff9ff06f) j       pc - 0x8
core   0: 3 0x8000e134 (0xff9ff06f)
core   0: 0x8000e12c (0x00001f17) auipc   t5, 0x1
core   0: 3 0x8000e12c (0x00001f17) x30 0x8000f12c
core   0: 0x8000e130 (0xec3f2a23) sw      gp, -300(t5)
core   0: 3 0x8000e130 (0xec3f2a23) mem 0x8000f000 0x00000001
core   0: 0x8000e134 (0xff9ff06f) j       pc - 0x8
core   0: 3 0x8000e134 (0xff9ff06f)
core   0: 0x8000e12c (0x00001f17) auipc   t5, 0x1
core   0: 3 0x8000e12c (0x00001f17) x30 0x8000f12c
core   0: 0x8000e130 (0xec3f2a23) sw      gp, -300(t5)
core   0: 3 0x8000e130 (0xec3f2a23) mem 0x8000f000 0x00000001
core   0: 0x8000e134 (0xff9ff06f) j       pc - 0x8
core   0: 3 0x8000e134 (0xff9ff06f)
core   0: 0x8000e12c (0x00001f17) auipc   t5, 0x1
core   0: 3 0x8000e12c (0x00001f17) x30 0x8000f12c
core   0: 0x8000e130 (0xec3f2a23) sw      gp, -300(t5)
core   0: 3 0x8000e130 (0xec3f2a23) mem 0x8000f000 0x00000001
core   0: 0x8000e134 (0xff9ff06f) j       pc - 0x8
core   0: 3 0x8000e134 (0xff9ff06f)
core   0: 0x8000e12c (0x00001f17) auipc   t5, 0x1
core   0: 3 0x8000e12c (0x00001f17) x30 0x8000f12c
core   0: 0x8000e130 (0xec3f2a23) sw      gp, -300(t5)
core   0: 3 0x8000e130 (0xec3f2a23) mem 0x8000f000 0x00000001
core   0: 0x8000e134 (0xff9ff06f) j       pc - 0x8
core   0: 3 0x8000e134 (0xff9ff06f)
core   0: 0x8000e12c (0x00001f17) auipc   t5, 0x1
core   0: 3 0x8000e12c (0x00001f17) x30 0x8000f12c
core   0: 0x8000e130 (0xec3f2a23) sw      gp, -300(t5)
core   0: 3 0x8000e130 (0xec3f2a23) mem 0x8000f000 0x00000001
core   0: 0x8000e134 (0xff9ff06f) j       pc - 0x8
core   0: 3 0x8000e134 (0xff9ff06f)
core   0: 0x8000e12c (0x00001f17) auipc   t5, 0x1
core   0: 3 0x8000e12c (0x00001f17) x30 0x8000f12c
core   0: 0x8000e130 (0xec3f2a23) sw      gp, -300(t5)
core   0: 3 0x8000e130 (0xec3f2a23) mem 0x8000f000 0x00000001
core   0: 0x8000e134 (0xff9ff06f) j       pc - 0x8
core   0: 3 0x8000e134 (0xff9ff06f)
core   0: 0x8000e12c (0x00001f17) auipc   t5, 0x1
core   0: 3 0x8000e12c (0x00001f17) x30 0x8000f12c
core   0: 0x8000e130 (0xec3f2a23) sw      gp, -300(t5)
core   0: 3 0x8000e130 (0xec3f2a23) mem 0x8000f000 0x00000001
core   0: 0x8000e134 (0xff9ff06f) j       pc - 0x8
core   0: 3 0x8000e134 (0xff9ff06f)
core   0: 0x8000e12c (0x00001f17) auipc   t5, 0x1
core   0: 3 0x8000e12c (0x00001f17) x30 0x8000f12c
core   0: 0x8000e130 (0xec3f2a23) sw      gp, -300(t5)
core   0: 3 0x8000e130 (0xec3f2a23) mem 0x8000f000 0x00000001
core   0: 0x8000e134 (0xff9ff06f) j       pc - 0x8
core   0: 3 0x8000e134 (0xff9ff06f)
core   0: 0x8000e12c (0x00001f17) auipc   t5, 0x1
core   0: 3 0x8000e12c (0x00001f17) x30 0x8000f12c
core   0: 0x8000e130 (0xec3f2a23) sw      gp, -300(t5)
core   0: 3 0x8000e130 (0xec3f2a23) mem 0x8000f000 0x00000001
core   0: 0x8000e134 (0xff9ff06f) j       pc - 0x8
core   0: 3 0x8000e134 (0xff9ff06f)
core   0: 0x8000e12c (0x00001f17) auipc   t5, 0x1
core   0: 3 0x8000e12c (0x00001f17) x30 0x8000f12c
core   0: 0x8000e130 (0xec3f2a23) sw      gp, -300(t5)
core   0: 3 0x8000e130 (0xec3f2a23) mem 0x8000f000 0x00000001
core   0: 0x8000e134 (0xff9ff06f) j       pc - 0x8
core   0: 3 0x8000e134 (0xff9ff06f)
core   0: 0x8000e12c (0x00001f17) auipc   t5, 0x1
core   0: 3 0x8000e12c (0x00001f17) x30 0x8000f12c
core   0: 0x8000e130 (0xec3f2a23) sw      gp, -300(t5)
core   0: 3 0x8000e130 (0xec3f2a23) mem 0x8000f000 0x00000001
core   0: 0x8000e134 (0xff9ff06f) j       pc - 0x8
core   0: 3 0x8000e134 (0xff9ff06f)
core   0: 0x8000e12c (0x00001f17) auipc   t5, 0x1
core   0: 3 0x8000e12c (0x00001f17) x30 0x8000f12c
core   0: 0x8000e130 (0xec3f2a23) sw      gp, -300(t5)
core   0: 3 0x8000e130 (0xec3f2a23) mem 0x8000f000 0x00000001
core   0: 0x8000e134 (0xff9ff06f) j       pc - 0x8
core   0: 3 0x8000e134 (0xff9ff06f)
core   0: 0x8000e12c (0x00001f17) auipc   t5, 0x1
core   0: 3 0x8000e12c (0x00001f17) x30 0x8000f12c
core   0: 0x8000e130 (0xec3f2a23) sw      gp, -300(t5)
core   0: 3 0x8000e130 (0xec3f2a23) mem 0x8000f000 0x00000001
core   0: 0x8000e134 (0xff9ff06f) j       pc - 0x8
core   0: 3 0x8000e134 (0xff9ff06f)
core   0: 0x8000e12c (0x00001f17) auipc   t5, 0x1
core   0: 3 0x8000e12c (0x00001f17) x30 0x8000f12c
core   0: 0x8000e130 (0xec3f2a23) sw      gp, -300(t5)
core   0: 3 0x8000e130 (0xec3f2a23) mem 0x8000f000 0x00000001
core   0: 0x8000e134 (0xff9ff06f) j       pc - 0x8
core   0: 3 0x8000e134 (0xff9ff06f)
core   0: 0x8000e12c (0x00001f17) auipc   t5, 0x1
core   0: 3 0x8000e12c (0x00001f17) x30 0x8000f12c
core   0: 0x8000e130 (0xec3f2a23) sw      gp, -300(t5)
core   0: 3 0x8000e130 (0xec3f2a23) mem 0x8000f000 0x00000001
core   0: 0x8000e134 (0xff9ff06f) j       pc - 0x8
core   0: 3 0x8000e134 (0xff9ff06f)
core   0: 0x8000e12c (0x00001f17) auipc   t5, 0x1
core   0: 3 0x8000e12c (0x00001f17) x30 0x8000f12c
core   0: 0x8000e130 (0xec3f2a23) sw      gp, -300(t5)
core   0: 3 0x8000e130 (0xec3f2a23) mem 0x8000f000 0x00000001
core   0: 0x8000e134 (0xff9ff06f) j       pc - 0x8
core   0: 3 0x8000e134 (0xff9ff06f)
core   0: 0x8000e12c (0x00001f17) auipc   t5, 0x1
core   0: 3 0x8000e12c (0x00001f17) x30 0x8000f12c
core   0: 0x8000e130 (0xec3f2a23) sw      gp, -300(t5)
core   0: 3 0x8000e130 (0xec3f2a23) mem 0x8000f000 0x00000001
core   0: 0x8000e134 (0xff9ff06f) j       pc - 0x8
core   0: 3 0x8000e134 (0xff9ff06f)
core   0: 0x8000e12c (0x00001f17) auipc   t5, 0x1
core   0: 3 0x8000e12c (0x00001f17) x30 0x8000f12c
core   0: 0x8000e130 (0xec3f2a23) sw      gp, -300(t5)
core   0: 3 0x8000e130 (0xec3f2a23) mem 0x8000f000 0x00000001
core   0: 0x8000e134 (0xff9ff06f) j       pc - 0x8
core   0: 3 0x8000e134 (0xff9ff06f)
core   0: 0x8000e12c (0x00001f17) auipc   t5, 0x1
core   0: 3 0x8000e12c (0x00001f17) x30 0x8000f12c
core   0: 0x8000e130 (0xec3f2a23) sw      gp, -300(t5)
core   0: 3 0x8000e130 (0xec3f2a23) mem 0x8000f000 0x00000001
core   0: 0x8000e134 (0xff9ff06f) j       pc - 0x8
core   0: 3 0x8000e134 (0xff9ff06f)
core   0: 0x8000e12c (0x00001f17) auipc   t5, 0x1
core   0: 3 0x8000e12c (0x00001f17) x30 0x8000f12c
core   0: 0x8000e130 (0xec3f2a23) sw      gp, -300(t5)
core   0: 3 0x8000e130 (0xec3f2a23) mem 0x8000f000 0x00000001
core   0: 0x8000e134 (0xff9ff06f) j       pc - 0x8
core   0: 3 0x8000e134 (0xff9ff06f)
core   0: 0x8000e12c (0x00001f17) auipc   t5, 0x1
core   0: 3 0x8000e12c (0x00001f17) x30 0x8000f12c
core   0: 0x8000e130 (0xec3f2a23) sw      gp, -300(t5)
core   0: 3 0x8000e130 (0xec3f2a23) mem 0x8000f000 0x00000001
core   0: 0x8000e134 (0xff9ff06f) j       pc - 0x8
core   0: 3 0x8000e134 (0xff9ff06f)
core   0: 0x8000e12c (0x00001f17) auipc   t5, 0x1
core   0: 3 0x8000e12c (0x00001f17) x30 0x8000f12c
core   0: 0x8000e130 (0xec3f2a23) sw      gp, -300(t5)
core   0: 3 0x8000e130 (0xec3f2a23) mem 0x8000f000 0x00000001
core   0: 0x8000e134 (0xff9ff06f) j       pc - 0x8
core   0: 3 0x8000e134 (0xff9ff06f)
core   0: 0x8000e12c (0x00001f17) auipc   t5, 0x1
core   0: 3 0x8000e12c (0x00001f17) x30 0x8000f12c
core   0: 0x8000e130 (0xec3f2a23) sw      gp, -300(t5)
core   0: 3 0x8000e130 (0xec3f2a23) mem 0x8000f000 0x00000001
core   0: 0x8000e134 (0xff9ff06f) j       pc - 0x8
core   0: 3 0x8000e134 (0xff9ff06f)
core   0: 0x8000e12c (0x00001f17) auipc   t5, 0x1
core   0: 3 0x8000e12c (0x00001f17) x30 0x8000f12c
core   0: 0x8000e130 (0xec3f2a23) sw      gp, -300(t5)
core   0: 3 0x8000e130 (0xec3f2a23) mem 0x8000f000 0x00000001
core   0: 0x8000e134 (0xff9ff06f) j       pc - 0x8
core   0: 3 0x8000e134 (0xff9ff06f)
core   0: 0x8000e12c (0x00001f17) auipc   t5, 0x1
core   0: 3 0x8000e12c (0x00001f17) x30 0x8000f12c
core   0: 0x8000e130 (0xec3f2a23) sw      gp, -300(t5)
core   0: 3 0x8000e130 (0xec3f2a23) mem 0x8000f000 0x00000001
core   0: 0x8000e134 (0xff9ff06f) j       pc - 0x8
core   0: 3 0x8000e134 (0xff9ff06f)
core   0: 0x8000e12c (0x00001f17) auipc   t5, 0x1
core   0: 3 0x8000e12c (0x00001f17) x30 0x8000f12c
core   0: 0x8000e130 (0xec3f2a23) sw      gp, -300(t5)
core   0: 3 0x8000e130 (0xec3f2a23) mem 0x8000f000 0x00000001
core   0: 0x8000e134 (0xff9ff06f) j       pc - 0x8
core   0: 3 0x8000e134 (0xff9ff06f)
core   0: 0x8000e12c (0x00001f17) auipc   t5, 0x1
core   0: 3 0x8000e12c (0x00001f17) x30 0x8000f12c
core   0: 0x8000e130 (0xec3f2a23) sw      gp, -300(t5)
core   0: 3 0x8000e130 (0xec3f2a23) mem 0x8000f000 0x00000001
core   0: 0x8000e134 (0xff9ff06f) j       pc - 0x8
core   0: 3 0x8000e134 (0xff9ff06f)
core   0: 0x8000e12c (0x00001f17) auipc   t5, 0x1
core   0: 3 0x8000e12c (0x00001f17) x30 0x8000f12c
core   0: 0x8000e130 (0xec3f2a23) sw      gp, -300(t5)
core   0: 3 0x8000e130 (0xec3f2a23) mem 0x8000f000 0x00000001
core   0: 0x8000e134 (0xff9ff06f) j       pc - 0x8
core   0: 3 0x8000e134 (0xff9ff06f)
core   0: 0x8000e12c (0x00001f17) auipc   t5, 0x1
core   0: 3 0x8000e12c (0x00001f17) x30 0x8000f12c
core   0: 0x8000e130 (0xec3f2a23) sw      gp, -300(t5)
core   0: 3 0x8000e130 (0xec3f2a23) mem 0x8000f000 0x00000001
core   0: 0x8000e134 (0xff9ff06f) j       pc - 0x8
core   0: 3 0x8000e134 (0xff9ff06f)
core   0: 0x8000e12c (0x00001f17) auipc   t5, 0x1
core   0: 3 0x8000e12c (0x00001f17) x30 0x8000f12c
core   0: 0x8000e130 (0xec3f2a23) sw      gp, -300(t5)
core   0: 3 0x8000e130 (0xec3f2a23) mem 0x8000f000 0x00000001
core   0: 0x8000e134 (0xff9ff06f) j       pc - 0x8
core   0: 3 0x8000e134 (0xff9ff06f)
core   0: 0x8000e12c (0x00001f17) auipc   t5, 0x1
core   0: 3 0x8000e12c (0x00001f17) x30 0x8000f12c
core   0: 0x8000e130 (0xec3f2a23) sw      gp, -300(t5)
core   0: 3 0x8000e130 (0xec3f2a23) mem 0x8000f000 0x00000001
core   0: 0x8000e134 (0xff9ff06f) j       pc - 0x8
core   0: 3 0x8000e134 (0xff9ff06f)
core   0: 0x8000e12c (0x00001f17) auipc   t5, 0x1
core   0: 3 0x8000e12c (0x00001f17) x30 0x8000f12c
core   0: 0x8000e130 (0xec3f2a23) sw      gp, -300(t5)
core   0: 3 0x8000e130 (0xec3f2a23) mem 0x8000f000 0x00000001
core   0: 0x8000e134 (0xff9ff06f) j       pc - 0x8
core   0: 3 0x8000e134 (0xff9ff06f)
core   0: 0x8000e12c (0x00001f17) auipc   t5, 0x1
core   0: 3 0x8000e12c (0x00001f17) x30 0x8000f12c
core   0: 0x8000e130 (0xec3f2a23) sw      gp, -300(t5)
core   0: 3 0x8000e130 (0xec3f2a23) mem 0x8000f000 0x00000001
core   0: 0x8000e134 (0xff9ff06f) j       pc - 0x8
core   0: 3 0x8000e134 (0xff9ff06f)
core   0: 0x8000e12c (0x00001f17) auipc   t5, 0x1
core   0: 3 0x8000e12c (0x00001f17) x30 0x8000f12c
core   0: 0x8000e130 (0xec3f2a23) sw      gp, -300(t5)
core   0: 3 0x8000e130 (0xec3f2a23) mem 0x8000f000 0x00000001
core   0: 0x8000e134 (0xff9ff06f) j       pc - 0x8
core   0: 3 0x8000e134 (0xff9ff06f)
core   0: 0x8000e12c (0x00001f17) auipc   t5, 0x1
core   0: 3 0x8000e12c (0x00001f17) x30 0x8000f12c
core   0: 0x8000e130 (0xec3f2a23) sw      gp, -300(t5)
core   0: 3 0x8000e130 (0xec3f2a23) mem 0x8000f000 0x00000001
core   0: 0x8000e134 (0xff9ff06f) j       pc - 0x8
core   0: 3 0x8000e134 (0xff9ff06f)
core   0: 0x8000e12c (0x00001f17) auipc   t5, 0x1
core   0: 3 0x8000e12c (0x00001f17) x30 0x8000f12c
core   0: 0x8000e130 (0xec3f2a23) sw      gp, -300(t5)
core   0: 3 0x8000e130 (0xec3f2a23) mem 0x8000f000 0x00000001
core   0: 0x8000e134 (0xff9ff06f) j       pc - 0x8
core   0: 3 0x8000e134 (0xff9ff06f)
core   0: 0x8000e12c (0x00001f17) auipc   t5, 0x1
core   0: 3 0x8000e12c (0x00001f17) x30 0x8000f12c
core   0: 0x8000e130 (0xec3f2a23) sw      gp, -300(t5)
core   0: 3 0x8000e130 (0xec3f2a23) mem 0x8000f000 0x00000001
core   0: 0x8000e134 (0xff9ff06f) j       pc - 0x8
core   0: 3 0x8000e134 (0xff9ff06f)
core   0: 0x8000e12c (0x00001f17) auipc   t5, 0x1
core   0: 3 0x8000e12c (0x00001f17) x30 0x8000f12c
core   0: 0x8000e130 (0xec3f2a23) sw      gp, -300(t5)
core   0: 3 0x8000e130 (0xec3f2a23) mem 0x8000f000 0x00000001
core   0: 0x8000e134 (0xff9ff06f) j       pc - 0x8
core   0: 3 0x8000e134 (0xff9ff06f)
core   0: 0x8000e12c (0x00001f17) auipc   t5, 0x1
core   0: 3 0x8000e12c (0x00001f17) x30 0x8000f12c
core   0: 0x8000e130 (0xec3f2a23) sw      gp, -300(t5)
core   0: 3 0x8000e130 (0xec3f2a23) mem 0x8000f000 0x00000001
core   0: 0x8000e134 (0xff9ff06f) j       pc - 0x8
core   0: 3 0x8000e134 (0xff9ff06f)
core   0: 0x8000e12c (0x00001f17) auipc   t5, 0x1
core   0: 3 0x8000e12c (0x00001f17) x30 0x8000f12c
core   0: 0x8000e130 (0xec3f2a23) sw      gp, -300(t5)
core   0: 3 0x8000e130 (0xec3f2a23) mem 0x8000f000 0x00000001
core   0: 0x8000e134 (0xff9ff06f) j       pc - 0x8
core   0: 3 0x8000e134 (0xff9ff06f)
core   0: 0x8000e12c (0x00001f17) auipc   t5, 0x1
core   0: 3 0x8000e12c (0x00001f17) x30 0x8000f12c
core   0: 0x8000e130 (0xec3f2a23) sw      gp, -300(t5)
core   0: 3 0x8000e130 (0xec3f2a23) mem 0x8000f000 0x00000001
core   0: 0x8000e134 (0xff9ff06f) j       pc - 0x8
core   0: 3 0x8000e134 (0xff9ff06f)
core   0: 0x8000e12c (0x00001f17) auipc   t5, 0x1
core   0: 3 0x8000e12c (0x00001f17) x30 0x8000f12c
core   0: 0x8000e130 (0xec3f2a23) sw      gp, -300(t5)
core   0: 3 0x8000e130 (0xec3f2a23) mem 0x8000f000 0x00000001
core   0: 0x8000e134 (0xff9ff06f) j       pc - 0x8
core   0: 3 0x8000e134 (0xff9ff06f)
core   0: 0x8000e12c (0x00001f17) auipc   t5, 0x1
core   0: 3 0x8000e12c (0x00001f17) x30 0x8000f12c
core   0: 0x8000e130 (0xec3f2a23) sw      gp, -300(t5)
core   0: 3 0x8000e130 (0xec3f2a23) mem 0x8000f000 0x00000001
core   0: 0x8000e134 (0xff9ff06f) j       pc - 0x8
core   0: 3 0x8000e134 (0xff9ff06f)
core   0: 0x8000e12c (0x00001f17) auipc   t5, 0x1
core   0: 3 0x8000e12c (0x00001f17) x30 0x8000f12c
core   0: 0x8000e130 (0xec3f2a23) sw      gp, -300(t5)
core   0: 3 0x8000e130 (0xec3f2a23) mem 0x8000f000 0x00000001
core   0: 0x8000e134 (0xff9ff06f) j       pc - 0x8
core   0: 3 0x8000e134 (0xff9ff06f)
core   0: 0x8000e12c (0x00001f17) auipc   t5, 0x1
core   0: 3 0x8000e12c (0x00001f17) x30 0x8000f12c
core   0: 0x8000e130 (0xec3f2a23) sw      gp, -300(t5)
core   0: 3 0x8000e130 (0xec3f2a23) mem 0x8000f000 0x00000001
core   0: 0x8000e134 (0xff9ff06f) j       pc - 0x8
core   0: 3 0x8000e134 (0xff9ff06f)
core   0: 0x8000e12c (0x00001f17) auipc   t5, 0x1
core   0: 3 0x8000e12c (0x00001f17) x30 0x8000f12c
core   0: 0x8000e130 (0xec3f2a23) sw      gp, -300(t5)
core   0: 3 0x8000e130 (0xec3f2a23) mem 0x8000f000 0x00000001
core   0: 0x8000e134 (0xff9ff06f) j       pc - 0x8
core   0: 3 0x8000e134 (0xff9ff06f)
core   0: 0x8000e12c (0x00001f17) auipc   t5, 0x1
core   0: 3 0x8000e12c (0x00001f17) x30 0x8000f12c
core   0: 0x8000e130 (0xec3f2a23) sw      gp, -300(t5)
core   0: 3 0x8000e130 (0xec3f2a23) mem 0x8000f000 0x00000001
core   0: 0x8000e134 (0xff9ff06f) j       pc - 0x8
core   0: 3 0x8000e134 (0xff9ff06f)
core   0: 0x8000e12c (0x00001f17) auipc   t5, 0x1
core   0: 3 0x8000e12c (0x00001f17) x30 0x8000f12c
core   0: 0x8000e130 (0xec3f2a23) sw      gp, -300(t5)
core   0: 3 0x8000e130 (0xec3f2a23) mem 0x8000f000 0x00000001
core   0: 0x8000e134 (0xff9ff06f) j       pc - 0x8
core   0: 3 0x8000e134 (0xff9ff06f)
core   0: 0x8000e12c (0x00001f17) auipc   t5, 0x1
core   0: 3 0x8000e12c (0x00001f17) x30 0x8000f12c
core   0: 0x8000e130 (0xec3f2a23) sw      gp, -300(t5)
core   0: 3 0x8000e130 (0xec3f2a23) mem 0x8000f000 0x00000001
core   0: 0x8000e134 (0xff9ff06f) j       pc - 0x8
core   0: 3 0x8000e134 (0xff9ff06f)
core   0: 0x8000e12c (0x00001f17) auipc   t5, 0x1
core   0: 3 0x8000e12c (0x00001f17) x30 0x8000f12c
core   0: 0x8000e130 (0xec3f2a23) sw      gp, -300(t5)
core   0: 3 0x8000e130 (0xec3f2a23) mem 0x8000f000 0x00000001
core   0: 0x8000e134 (0xff9ff06f) j       pc - 0x8
core   0: 3 0x8000e134 (0xff9ff06f)
core   0: 0x8000e12c (0x00001f17) auipc   t5, 0x1
core   0: 3 0x8000e12c (0x00001f17) x30 0x8000f12c
core   0: 0x8000e130 (0xec3f2a23) sw      gp, -300(t5)
core   0: 3 0x8000e130 (0xec3f2a23) mem 0x8000f000 0x00000001
core   0: 0x8000e134 (0xff9ff06f) j       pc - 0x8
core   0: 3 0x8000e134 (0xff9ff06f)
core   0: 0x8000e12c (0x00001f17) auipc   t5, 0x1
core   0: 3 0x8000e12c (0x00001f17) x30 0x8000f12c
core   0: 0x8000e130 (0xec3f2a23) sw      gp, -300(t5)
core   0: 3 0x8000e130 (0xec3f2a23) mem 0x8000f000 0x00000001
core   0: 0x8000e134 (0xff9ff06f) j       pc - 0x8
core   0: 3 0x8000e134 (0xff9ff06f)
core   0: 0x8000e12c (0x00001f17) auipc   t5, 0x1
core   0: 3 0x8000e12c (0x00001f17) x30 0x8000f12c
core   0: 0x8000e130 (0xec3f2a23) sw      gp, -300(t5)
core   0: 3 0x8000e130 (0xec3f2a23) mem 0x8000f000 0x00000001
core   0: 0x8000e134 (0xff9ff06f) j       pc - 0x8
core   0: 3 0x8000e134 (0xff9ff06f)
core   0: 0x8000e12c (0x00001f17) auipc   t5, 0x1
core   0: 3 0x8000e12c (0x00001f17) x30 0x8000f12c
core   0: 0x8000e130 (0xec3f2a23) sw      gp, -300(t5)
core   0: 3 0x8000e130 (0xec3f2a23) mem 0x8000f000 0x00000001
core   0: 0x8000e134 (0xff9ff06f) j       pc - 0x8
core   0: 3 0x8000e134 (0xff9ff06f)
core   0: 0x8000e12c (0x00001f17) auipc   t5, 0x1
core   0: 3 0x8000e12c (0x00001f17) x30 0x8000f12c
core   0: 0x8000e130 (0xec3f2a23) sw      gp, -300(t5)
core   0: 3 0x8000e130 (0xec3f2a23) mem 0x8000f000 0x00000001
core   0: 0x8000e134 (0xff9ff06f) j       pc - 0x8
core   0: 3 0x8000e134 (0xff9ff06f)
core   0: 0x8000e12c (0x00001f17) auipc   t5, 0x1
core   0: 3 0x8000e12c (0x00001f17) x30 0x8000f12c
core   0: 0x8000e130 (0xec3f2a23) sw      gp, -300(t5)
core   0: 3 0x8000e130 (0xec3f2a23) mem 0x8000f000 0x00000001
core   0: 0x8000e134 (0xff9ff06f) j       pc - 0x8
core   0: 3 0x8000e134 (0xff9ff06f)
core   0: 0x8000e12c (0x00001f17) auipc   t5, 0x1
core   0: 3 0x8000e12c (0x00001f17) x30 0x8000f12c
core   0: 0x8000e130 (0xec3f2a23) sw      gp, -300(t5)
core   0: 3 0x8000e130 (0xec3f2a23) mem 0x8000f000 0x00000001
core   0: 0x8000e134 (0xff9ff06f) j       pc - 0x8
core   0: 3 0x8000e134 (0xff9ff06f)
core   0: 0x8000e12c (0x00001f17) auipc   t5, 0x1
core   0: 3 0x8000e12c (0x00001f17) x30 0x8000f12c
core   0: 0x8000e130 (0xec3f2a23) sw      gp, -300(t5)
core   0: 3 0x8000e130 (0xec3f2a23) mem 0x8000f000 0x00000001
core   0: 0x8000e134 (0xff9ff06f) j       pc - 0x8
core   0: 3 0x8000e134 (0xff9ff06f)
core   0: 0x8000e12c (0x00001f17) auipc   t5, 0x1
core   0: 3 0x8000e12c (0x00001f17) x30 0x8000f12c
core   0: 0x8000e130 (0xec3f2a23) sw      gp, -300(t5)
core   0: 3 0x8000e130 (0xec3f2a23) mem 0x8000f000 0x00000001
core   0: 0x8000e134 (0xff9ff06f) j       pc - 0x8
core   0: 3 0x8000e134 (0xff9ff06f)
core   0: 0x8000e12c (0x00001f17) auipc   t5, 0x1
core   0: 3 0x8000e12c (0x00001f17) x30 0x8000f12c
core   0: 0x8000e130 (0xec3f2a23) sw      gp, -300(t5)
core   0: 3 0x8000e130 (0xec3f2a23) mem 0x8000f000 0x00000001
core   0: 0x8000e134 (0xff9ff06f) j       pc - 0x8
core   0: 3 0x8000e134 (0xff9ff06f)
core   0: 0x8000e12c (0x00001f17) auipc   t5, 0x1
core   0: 3 0x8000e12c (0x00001f17) x30 0x8000f12c
core   0: 0x8000e130 (0xec3f2a23) sw      gp, -300(t5)
core   0: 3 0x8000e130 (0xec3f2a23) mem 0x8000f000 0x00000001
core   0: 0x8000e134 (0xff9ff06f) j       pc - 0x8
core   0: 3 0x8000e134 (0xff9ff06f)
core   0: 0x8000e12c (0x00001f17) auipc   t5, 0x1
core   0: 3 0x8000e12c (0x00001f17) x30 0x8000f12c
core   0: 0x8000e130 (0xec3f2a23) sw      gp, -300(t5)
core   0: 3 0x8000e130 (0xec3f2a23) mem 0x8000f000 0x00000001
core   0: 0x8000e134 (0xff9ff06f) j       pc - 0x8
core   0: 3 0x8000e134 (0xff9ff06f)
core   0: 0x8000e12c (0x00001f17) auipc   t5, 0x1
core   0: 3 0x8000e12c (0x00001f17) x30 0x8000f12c
core   0: 0x8000e130 (0xec3f2a23) sw      gp, -300(t5)
core   0: 3 0x8000e130 (0xec3f2a23) mem 0x8000f000 0x00000001
core   0: 0x8000e134 (0xff9ff06f) j       pc - 0x8
core   0: 3 0x8000e134 (0xff9ff06f)
core   0: 0x8000e12c (0x00001f17) auipc   t5, 0x1
core   0: 3 0x8000e12c (0x00001f17) x30 0x8000f12c
core   0: 0x8000e130 (0xec3f2a23) sw      gp, -300(t5)
core   0: 3 0x8000e130 (0xec3f2a23) mem 0x8000f000 0x00000001
core   0: 0x8000e134 (0xff9ff06f) j       pc - 0x8
core   0: 3 0x8000e134 (0xff9ff06f)
core   0: 0x8000e12c (0x00001f17) auipc   t5, 0x1
core   0: 3 0x8000e12c (0x00001f17) x30 0x8000f12c
core   0: 0x8000e130 (0xec3f2a23) sw      gp, -300(t5)
core   0: 3 0x8000e130 (0xec3f2a23) mem 0x8000f000 0x00000001
core   0: 0x8000e134 (0xff9ff06f) j       pc - 0x8
core   0: 3 0x8000e134 (0xff9ff06f)
core   0: 0x8000e12c (0x00001f17) auipc   t5, 0x1
core   0: 3 0x8000e12c (0x00001f17) x30 0x8000f12c
core   0: 0x8000e130 (0xec3f2a23) sw      gp, -300(t5)
core   0: 3 0x8000e130 (0xec3f2a23) mem 0x8000f000 0x00000001
core   0: 0x8000e134 (0xff9ff06f) j       pc - 0x8
core   0: 3 0x8000e134 (0xff9ff06f)
core   0: 0x8000e12c (0x00001f17) auipc   t5, 0x1
core   0: 3 0x8000e12c (0x00001f17) x30 0x8000f12c
core   0: 0x8000e130 (0xec3f2a23) sw      gp, -300(t5)
core   0: 3 0x8000e130 (0xec3f2a23) mem 0x8000f000 0x00000001
core   0: 0x8000e134 (0xff9ff06f) j       pc - 0x8
core   0: 3 0x8000e134 (0xff9ff06f)
core   0: 0x8000e12c (0x00001f17) auipc   t5, 0x1
core   0: 3 0x8000e12c (0x00001f17) x30 0x8000f12c
core   0: 0x8000e130 (0xec3f2a23) sw      gp, -300(t5)
core   0: 3 0x8000e130 (0xec3f2a23) mem 0x8000f000 0x00000001
core   0: 0x8000e134 (0xff9ff06f) j       pc - 0x8
core   0: 3 0x8000e134 (0xff9ff06f)
core   0: 0x8000e12c (0x00001f17) auipc   t5, 0x1
core   0: 3 0x8000e12c (0x00001f17) x30 0x8000f12c
core   0: 0x8000e130 (0xec3f2a23) sw      gp, -300(t5)
core   0: 3 0x8000e130 (0xec3f2a23) mem 0x8000f000 0x00000001
core   0: 0x8000e134 (0xff9ff06f) j       pc - 0x8
core   0: 3 0x8000e134 (0xff9ff06f)
core   0: 0x8000e12c (0x00001f17) auipc   t5, 0x1
core   0: 3 0x8000e12c (0x00001f17) x30 0x8000f12c
core   0: 0x8000e130 (0xec3f2a23) sw      gp, -300(t5)
core   0: 3 0x8000e130 (0xec3f2a23) mem 0x8000f000 0x00000001
core   0: 0x8000e134 (0xff9ff06f) j       pc - 0x8
core   0: 3 0x8000e134 (0xff9ff06f)
core   0: 0x8000e12c (0x00001f17) auipc   t5, 0x1
core   0: 3 0x8000e12c (0x00001f17) x30 0x8000f12c
core   0: 0x8000e130 (0xec3f2a23) sw      gp, -300(t5)
core   0: 3 0x8000e130 (0xec3f2a23) mem 0x8000f000 0x00000001
core   0: 0x8000e134 (0xff9ff06f) j       pc - 0x8
core   0: 3 0x8000e134 (0xff9ff06f)
core   0: 0x8000e12c (0x00001f17) auipc   t5, 0x1
core   0: 3 0x8000e12c (0x00001f17) x30 0x8000f12c
core   0: 0x8000e130 (0xec3f2a23) sw      gp, -300(t5)
core   0: 3 0x8000e130 (0xec3f2a23) mem 0x8000f000 0x00000001
core   0: 0x8000e134 (0xff9ff06f) j       pc - 0x8
core   0: 3 0x8000e134 (0xff9ff06f)
core   0: 0x8000e12c (0x00001f17) auipc   t5, 0x1
core   0: 3 0x8000e12c (0x00001f17) x30 0x8000f12c
core   0: 0x8000e130 (0xec3f2a23) sw      gp, -300(t5)
core   0: 3 0x8000e130 (0xec3f2a23) mem 0x8000f000 0x00000001
core   0: 0x8000e134 (0xff9ff06f) j       pc - 0x8
core   0: 3 0x8000e134 (0xff9ff06f)
core   0: 0x8000e12c (0x00001f17) auipc   t5, 0x1
core   0: 3 0x8000e12c (0x00001f17) x30 0x8000f12c
core   0: 0x8000e130 (0xec3f2a23) sw      gp, -300(t5)
core   0: 3 0x8000e130 (0xec3f2a23) mem 0x8000f000 0x00000001
core   0: 0x8000e134 (0xff9ff06f) j       pc - 0x8
core   0: 3 0x8000e134 (0xff9ff06f)
core   0: 0x8000e12c (0x00001f17) auipc   t5, 0x1
core   0: 3 0x8000e12c (0x00001f17) x30 0x8000f12c
core   0: 0x8000e130 (0xec3f2a23) sw      gp, -300(t5)
core   0: 3 0x8000e130 (0xec3f2a23) mem 0x8000f000 0x00000001
core   0: 0x8000e134 (0xff9ff06f) j       pc - 0x8
core   0: 3 0x8000e134 (0xff9ff06f)
core   0: 0x8000e12c (0x00001f17) auipc   t5, 0x1
core   0: 3 0x8000e12c (0x00001f17) x30 0x8000f12c
core   0: 0x8000e130 (0xec3f2a23) sw      gp, -300(t5)
core   0: 3 0x8000e130 (0xec3f2a23) mem 0x8000f000 0x00000001
core   0: 0x8000e134 (0xff9ff06f) j       pc - 0x8
core   0: 3 0x8000e134 (0xff9ff06f)
core   0: 0x8000e12c (0x00001f17) auipc   t5, 0x1
core   0: 3 0x8000e12c (0x00001f17) x30 0x8000f12c
core   0: 0x8000e130 (0xec3f2a23) sw      gp, -300(t5)
core   0: 3 0x8000e130 (0xec3f2a23) mem 0x8000f000 0x00000001
core   0: 0x8000e134 (0xff9ff06f) j       pc - 0x8
core   0: 3 0x8000e134 (0xff9ff06f)
core   0: 0x8000e12c (0x00001f17) auipc   t5, 0x1
core   0: 3 0x8000e12c (0x00001f17) x30 0x8000f12c
core   0: 0x8000e130 (0xec3f2a23) sw      gp, -300(t5)
core   0: 3 0x8000e130 (0xec3f2a23) mem 0x8000f000 0x00000001
core   0: 0x8000e134 (0xff9ff06f) j       pc - 0x8
core   0: 3 0x8000e134 (0xff9ff06f)
core   0: 0x8000e12c (0x00001f17) auipc   t5, 0x1
core   0: 3 0x8000e12c (0x00001f17) x30 0x8000f12c
core   0: 0x8000e130 (0xec3f2a23) sw      gp, -300(t5)
core   0: 3 0x8000e130 (0xec3f2a23) mem 0x8000f000 0x00000001
core   0: 0x8000e134 (0xff9ff06f) j       pc - 0x8
core   0: 3 0x8000e134 (0xff9ff06f)
core   0: 0x8000e12c (0x00001f17) auipc   t5, 0x1
core   0: 3 0x8000e12c (0x00001f17) x30 0x8000f12c
core   0: 0x8000e130 (0xec3f2a23) sw      gp, -300(t5)
core   0: 3 0x8000e130 (0xec3f2a23) mem 0x8000f000 0x00000001
core   0: 0x8000e134 (0xff9ff06f) j       pc - 0x8
core   0: 3 0x8000e134 (0xff9ff06f)
core   0: 0x8000e12c (0x00001f17) auipc   t5, 0x1
core   0: 3 0x8000e12c (0x00001f17) x30 0x8000f12c
core   0: 0x8000e130 (0xec3f2a23) sw      gp, -300(t5)
core   0: 3 0x8000e130 (0xec3f2a23) mem 0x8000f000 0x00000001
core   0: 0x8000e134 (0xff9ff06f) j       pc - 0x8
core   0: 3 0x8000e134 (0xff9ff06f)
core   0: 0x8000e12c (0x00001f17) auipc   t5, 0x1
core   0: 3 0x8000e12c (0x00001f17) x30 0x8000f12c
core   0: 0x8000e130 (0xec3f2a23) sw      gp, -300(t5)
core   0: 3 0x8000e130 (0xec3f2a23) mem 0x8000f000 0x00000001
core   0: 0x8000e134 (0xff9ff06f) j       pc - 0x8
core   0: 3 0x8000e134 (0xff9ff06f)
core   0: 0x8000e12c (0x00001f17) auipc   t5, 0x1
core   0: 3 0x8000e12c (0x00001f17) x30 0x8000f12c
core   0: 0x8000e130 (0xec3f2a23) sw      gp, -300(t5)
core   0: 3 0x8000e130 (0xec3f2a23) mem 0x8000f000 0x00000001
core   0: 0x8000e134 (0xff9ff06f) j       pc - 0x8
core   0: 3 0x8000e134 (0xff9ff06f)
core   0: 0x8000e12c (0x00001f17) auipc   t5, 0x1
core   0: 3 0x8000e12c (0x00001f17) x30 0x8000f12c
core   0: 0x8000e130 (0xec3f2a23) sw      gp, -300(t5)
core   0: 3 0x8000e130 (0xec3f2a23) mem 0x8000f000 0x00000001
core   0: 0x8000e134 (0xff9ff06f) j       pc - 0x8
core   0: 3 0x8000e134 (0xff9ff06f)
core   0: 0x8000e12c (0x00001f17) auipc   t5, 0x1
core   0: 3 0x8000e12c (0x00001f17) x30 0x8000f12c
core   0: 0x8000e130 (0xec3f2a23) sw      gp, -300(t5)
core   0: 3 0x8000e130 (0xec3f2a23) mem 0x8000f000 0x00000001
core   0: 0x8000e134 (0xff9ff06f) j       pc - 0x8
core   0: 3 0x8000e134 (0xff9ff06f)
core   0: 0x8000e12c (0x00001f17) auipc   t5, 0x1
core   0: 3 0x8000e12c (0x00001f17) x30 0x8000f12c
core   0: 0x8000e130 (0xec3f2a23) sw      gp, -300(t5)
core   0: 3 0x8000e130 (0xec3f2a23) mem 0x8000f000 0x00000001
core   0: 0x8000e134 (0xff9ff06f) j       pc - 0x8
core   0: 3 0x8000e134 (0xff9ff06f)
core   0: 0x8000e12c (0x00001f17) auipc   t5, 0x1
core   0: 3 0x8000e12c (0x00001f17) x30 0x8000f12c
core   0: 0x8000e130 (0xec3f2a23) sw      gp, -300(t5)
core   0: 3 0x8000e130 (0xec3f2a23) mem 0x8000f000 0x00000001
core   0: 0x8000e134 (0xff9ff06f) j       pc - 0x8
core   0: 3 0x8000e134 (0xff9ff06f)
core   0: 0x8000e12c (0x00001f17) auipc   t5, 0x1
core   0: 3 0x8000e12c (0x00001f17) x30 0x8000f12c
core   0: 0x8000e130 (0xec3f2a23) sw      gp, -300(t5)
core   0: 3 0x8000e130 (0xec3f2a23) mem 0x8000f000 0x00000001
core   0: 0x8000e134 (0xff9ff06f) j       pc - 0x8
core   0: 3 0x8000e134 (0xff9ff06f)
core   0: 0x8000e12c (0x00001f17) auipc   t5, 0x1
core   0: 3 0x8000e12c (0x00001f17) x30 0x8000f12c
core   0: 0x8000e130 (0xec3f2a23) sw      gp, -300(t5)
core   0: 3 0x8000e130 (0xec3f2a23) mem 0x8000f000 0x00000001
core   0: 0x8000e134 (0xff9ff06f) j       pc - 0x8
core   0: 3 0x8000e134 (0xff9ff06f)
core   0: 0x8000e12c (0x00001f17) auipc   t5, 0x1
core   0: 3 0x8000e12c (0x00001f17) x30 0x8000f12c
core   0: 0x8000e130 (0xec3f2a23) sw      gp, -300(t5)
core   0: 3 0x8000e130 (0xec3f2a23) mem 0x8000f000 0x00000001
core   0: 0x8000e134 (0xff9ff06f) j       pc - 0x8
core   0: 3 0x8000e134 (0xff9ff06f)
core   0: 0x8000e12c (0x00001f17) auipc   t5, 0x1
core   0: 3 0x8000e12c (0x00001f17) x30 0x8000f12c
core   0: 0x8000e130 (0xec3f2a23) sw      gp, -300(t5)
core   0: 3 0x8000e130 (0xec3f2a23) mem 0x8000f000 0x00000001
core   0: 0x8000e134 (0xff9ff06f) j       pc - 0x8
core   0: 3 0x8000e134 (0xff9ff06f)
core   0: 0x8000e12c (0x00001f17) auipc   t5, 0x1
core   0: 3 0x8000e12c (0x00001f17) x30 0x8000f12c
core   0: 0x8000e130 (0xec3f2a23) sw      gp, -300(t5)
core   0: 3 0x8000e130 (0xec3f2a23) mem 0x8000f000 0x00000001
core   0: 0x8000e134 (0xff9ff06f) j       pc - 0x8
core   0: 3 0x8000e134 (0xff9ff06f)
core   0: 0x8000e12c (0x00001f17) auipc   t5, 0x1
core   0: 3 0x8000e12c (0x00001f17) x30 0x8000f12c
core   0: 0x8000e130 (0xec3f2a23) sw      gp, -300(t5)
core   0: 3 0x8000e130 (0xec3f2a23) mem 0x8000f000 0x00000001
core   0: 0x8000e134 (0xff9ff06f) j       pc - 0x8
core   0: 3 0x8000e134 (0xff9ff06f)
core   0: 0x8000e12c (0x00001f17) auipc   t5, 0x1
core   0: 3 0x8000e12c (0x00001f17) x30 0x8000f12c
core   0: 0x8000e130 (0xec3f2a23) sw      gp, -300(t5)
core   0: 3 0x8000e130 (0xec3f2a23) mem 0x8000f000 0x00000001
core   0: 0x8000e134 (0xff9ff06f) j       pc - 0x8
core   0: 3 0x8000e134 (0xff9ff06f)
core   0: 0x8000e12c (0x00001f17) auipc   t5, 0x1
core   0: 3 0x8000e12c (0x00001f17) x30 0x8000f12c
core   0: 0x8000e130 (0xec3f2a23) sw      gp, -300(t5)
core   0: 3 0x8000e130 (0xec3f2a23) mem 0x8000f000 0x00000001
core   0: 0x8000e134 (0xff9ff06f) j       pc - 0x8
core   0: 3 0x8000e134 (0xff9ff06f)
core   0: 0x8000e12c (0x00001f17) auipc   t5, 0x1
core   0: 3 0x8000e12c (0x00001f17) x30 0x8000f12c
core   0: 0x8000e130 (0xec3f2a23) sw      gp, -300(t5)
core   0: 3 0x8000e130 (0xec3f2a23) mem 0x8000f000 0x00000001
core   0: 0x8000e134 (0xff9ff06f) j       pc - 0x8
core   0: 3 0x8000e134 (0xff9ff06f)
core   0: 0x8000e12c (0x00001f17) auipc   t5, 0x1
core   0: 3 0x8000e12c (0x00001f17) x30 0x8000f12c
core   0: 0x8000e130 (0xec3f2a23) sw      gp, -300(t5)
core   0: 3 0x8000e130 (0xec3f2a23) mem 0x8000f000 0x00000001
core   0: 0x8000e134 (0xff9ff06f) j       pc - 0x8
core   0: 3 0x8000e134 (0xff9ff06f)
core   0: 0x8000e12c (0x00001f17) auipc   t5, 0x1
core   0: 3 0x8000e12c (0x00001f17) x30 0x8000f12c
core   0: 0x8000e130 (0xec3f2a23) sw      gp, -300(t5)
core   0: 3 0x8000e130 (0xec3f2a23) mem 0x8000f000 0x00000001
core   0: 0x8000e134 (0xff9ff06f) j       pc - 0x8
core   0: 3 0x8000e134 (0xff9ff06f)
core   0: 0x8000e12c (0x00001f17) auipc   t5, 0x1
core   0: 3 0x8000e12c (0x00001f17) x30 0x8000f12c
core   0: 0x8000e130 (0xec3f2a23) sw      gp, -300(t5)
core   0: 3 0x8000e130 (0xec3f2a23) mem 0x8000f000 0x00000001
core   0: 0x8000e134 (0xff9ff06f) j       pc - 0x8
core   0: 3 0x8000e134 (0xff9ff06f)
core   0: 0x8000e12c (0x00001f17) auipc   t5, 0x1
core   0: 3 0x8000e12c (0x00001f17) x30 0x8000f12c
core   0: 0x8000e130 (0xec3f2a23) sw      gp, -300(t5)
core   0: 3 0x8000e130 (0xec3f2a23) mem 0x8000f000 0x00000001
core   0: 0x8000e134 (0xff9ff06f) j       pc - 0x8
core   0: 3 0x8000e134 (0xff9ff06f)
core   0: 0x8000e12c (0x00001f17) auipc   t5, 0x1
core   0: 3 0x8000e12c (0x00001f17) x30 0x8000f12c
core   0: 0x8000e130 (0xec3f2a23) sw      gp, -300(t5)
core   0: 3 0x8000e130 (0xec3f2a23) mem 0x8000f000 0x00000001
core   0: 0x8000e134 (0xff9ff06f) j       pc - 0x8
core   0: 3 0x8000e134 (0xff9ff06f)
core   0: 0x8000e12c (0x00001f17) auipc   t5, 0x1
core   0: 3 0x8000e12c (0x00001f17) x30 0x8000f12c
core   0: 0x8000e130 (0xec3f2a23) sw      gp, -300(t5)
core   0: 3 0x8000e130 (0xec3f2a23) mem 0x8000f000 0x00000001
core   0: 0x8000e134 (0xff9ff06f) j       pc - 0x8
core   0: 3 0x8000e134 (0xff9ff06f)
core   0: 0x8000e12c (0x00001f17) auipc   t5, 0x1
core   0: 3 0x8000e12c (0x00001f17) x30 0x8000f12c
core   0: 0x8000e130 (0xec3f2a23) sw      gp, -300(t5)
core   0: 3 0x8000e130 (0xec3f2a23) mem 0x8000f000 0x00000001
core   0: 0x8000e134 (0xff9ff06f) j       pc - 0x8
core   0: 3 0x8000e134 (0xff9ff06f)
core   0: 0x8000e12c (0x00001f17) auipc   t5, 0x1
core   0: 3 0x8000e12c (0x00001f17) x30 0x8000f12c
core   0: 0x8000e130 (0xec3f2a23) sw      gp, -300(t5)
core   0: 3 0x8000e130 (0xec3f2a23) mem 0x8000f000 0x00000001
core   0: 0x8000e134 (0xff9ff06f) j       pc - 0x8
core   0: 3 0x8000e134 (0xff9ff06f)
core   0: 0x8000e12c (0x00001f17) auipc   t5, 0x1
core   0: 3 0x8000e12c (0x00001f17) x30 0x8000f12c
core   0: 0x8000e130 (0xec3f2a23) sw      gp, -300(t5)
core   0: 3 0x8000e130 (0xec3f2a23) mem 0x8000f000 0x00000001
core   0: 0x8000e134 (0xff9ff06f) j       pc - 0x8
core   0: 3 0x8000e134 (0xff9ff06f)
core   0: 0x8000e12c (0x00001f17) auipc   t5, 0x1
core   0: 3 0x8000e12c (0x00001f17) x30 0x8000f12c
core   0: 0x8000e130 (0xec3f2a23) sw      gp, -300(t5)
core   0: 3 0x8000e130 (0xec3f2a23) mem 0x8000f000 0x00000001
core   0: 0x8000e134 (0xff9ff06f) j       pc - 0x8
core   0: 3 0x8000e134 (0xff9ff06f)
core   0: 0x8000e12c (0x00001f17) auipc   t5, 0x1
core   0: 3 0x8000e12c (0x00001f17) x30 0x8000f12c
core   0: 0x8000e130 (0xec3f2a23) sw      gp, -300(t5)
core   0: 3 0x8000e130 (0xec3f2a23) mem 0x8000f000 0x00000001
core   0: 0x8000e134 (0xff9ff06f) j       pc - 0x8
core   0: 3 0x8000e134 (0xff9ff06f)
core   0: 0x8000e12c (0x00001f17) auipc   t5, 0x1
core   0: 3 0x8000e12c (0x00001f17) x30 0x8000f12c
core   0: 0x8000e130 (0xec3f2a23) sw      gp, -300(t5)
core   0: 3 0x8000e130 (0xec3f2a23) mem 0x8000f000 0x00000001
core   0: 0x8000e134 (0xff9ff06f) j       pc - 0x8
core   0: 3 0x8000e134 (0xff9ff06f)
core   0: 0x8000e12c (0x00001f17) auipc   t5, 0x1
core   0: 3 0x8000e12c (0x00001f17) x30 0x8000f12c
core   0: 0x8000e130 (0xec3f2a23) sw      gp, -300(t5)
core   0: 3 0x8000e130 (0xec3f2a23) mem 0x8000f000 0x00000001
core   0: 0x8000e134 (0xff9ff06f) j       pc - 0x8
core   0: 3 0x8000e134 (0xff9ff06f)
core   0: 0x8000e12c (0x00001f17) auipc   t5, 0x1
core   0: 3 0x8000e12c (0x00001f17) x30 0x8000f12c
core   0: 0x8000e130 (0xec3f2a23) sw      gp, -300(t5)
core   0: 3 0x8000e130 (0xec3f2a23) mem 0x8000f000 0x00000001
core   0: 0x8000e134 (0xff9ff06f) j       pc - 0x8
core   0: 3 0x8000e134 (0xff9ff06f)
core   0: 0x8000e12c (0x00001f17) auipc   t5, 0x1
core   0: 3 0x8000e12c (0x00001f17) x30 0x8000f12c
core   0: 0x8000e130 (0xec3f2a23) sw      gp, -300(t5)
core   0: 3 0x8000e130 (0xec3f2a23) mem 0x8000f000 0x00000001
core   0: 0x8000e134 (0xff9ff06f) j       pc - 0x8
core   0: 3 0x8000e134 (0xff9ff06f)
core   0: 0x8000e12c (0x00001f17) auipc   t5, 0x1
core   0: 3 0x8000e12c (0x00001f17) x30 0x8000f12c
core   0: 0x8000e130 (0xec3f2a23) sw      gp, -300(t5)
core   0: 3 0x8000e130 (0xec3f2a23) mem 0x8000f000 0x00000001
core   0: 0x8000e134 (0xff9ff06f) j       pc - 0x8
core   0: 3 0x8000e134 (0xff9ff06f)
core   0: 0x8000e12c (0x00001f17) auipc   t5, 0x1
core   0: 3 0x8000e12c (0x00001f17) x30 0x8000f12c
core   0: 0x8000e130 (0xec3f2a23) sw      gp, -300(t5)
core   0: 3 0x8000e130 (0xec3f2a23) mem 0x8000f000 0x00000001
core   0: 0x8000e134 (0xff9ff06f) j       pc - 0x8
core   0: 3 0x8000e134 (0xff9ff06f)
core   0: 0x8000e12c (0x00001f17) auipc   t5, 0x1
core   0: 3 0x8000e12c (0x00001f17) x30 0x8000f12c
core   0: 0x8000e130 (0xec3f2a23) sw      gp, -300(t5)
core   0: 3 0x8000e130 (0xec3f2a23) mem 0x8000f000 0x00000001
core   0: 0x8000e134 (0xff9ff06f) j       pc - 0x8
core   0: 3 0x8000e134 (0xff9ff06f)
core   0: 0x8000e12c (0x00001f17) auipc   t5, 0x1
core   0: 3 0x8000e12c (0x00001f17) x30 0x8000f12c
core   0: 0x8000e130 (0xec3f2a23) sw      gp, -300(t5)
core   0: 3 0x8000e130 (0xec3f2a23) mem 0x8000f000 0x00000001
core   0: 0x8000e134 (0xff9ff06f) j       pc - 0x8
core   0: 3 0x8000e134 (0xff9ff06f)
core   0: 0x8000e12c (0x00001f17) auipc   t5, 0x1
core   0: 3 0x8000e12c (0x00001f17) x30 0x8000f12c
core   0: 0x8000e130 (0xec3f2a23) sw      gp, -300(t5)
core   0: 3 0x8000e130 (0xec3f2a23) mem 0x8000f000 0x00000001
core   0: 0x8000e134 (0xff9ff06f) j       pc - 0x8
core   0: 3 0x8000e134 (0xff9ff06f)
core   0: 0x8000e12c (0x00001f17) auipc   t5, 0x1
core   0: 3 0x8000e12c (0x00001f17) x30 0x8000f12c
core   0: 0x8000e130 (0xec3f2a23) sw      gp, -300(t5)
core   0: 3 0x8000e130 (0xec3f2a23) mem 0x8000f000 0x00000001
core   0: 0x8000e134 (0xff9ff06f) j       pc - 0x8
core   0: 3 0x8000e134 (0xff9ff06f)
core   0: 0x8000e12c (0x00001f17) auipc   t5, 0x1
core   0: 3 0x8000e12c (0x00001f17) x30 0x8000f12c
core   0: 0x8000e130 (0xec3f2a23) sw      gp, -300(t5)
core   0: 3 0x8000e130 (0xec3f2a23) mem 0x8000f000 0x00000001
core   0: 0x8000e134 (0xff9ff06f) j       pc - 0x8
core   0: 3 0x8000e134 (0xff9ff06f)
core   0: 0x8000e12c (0x00001f17) auipc   t5, 0x1
core   0: 3 0x8000e12c (0x00001f17) x30 0x8000f12c
core   0: 0x8000e130 (0xec3f2a23) sw      gp, -300(t5)
core   0: 3 0x8000e130 (0xec3f2a23) mem 0x8000f000 0x00000001
core   0: 0x8000e134 (0xff9ff06f) j       pc - 0x8
core   0: 3 0x8000e134 (0xff9ff06f)
core   0: 0x8000e12c (0x00001f17) auipc   t5, 0x1
core   0: 3 0x8000e12c (0x00001f17) x30 0x8000f12c
core   0: 0x8000e130 (0xec3f2a23) sw      gp, -300(t5)
core   0: 3 0x8000e130 (0xec3f2a23) mem 0x8000f000 0x00000001
core   0: 0x8000e134 (0xff9ff06f) j       pc - 0x8
core   0: 3 0x8000e134 (0xff9ff06f)
core   0: 0x8000e12c (0x00001f17) auipc   t5, 0x1
core   0: 3 0x8000e12c (0x00001f17) x30 0x8000f12c
core   0: 0x8000e130 (0xec3f2a23) sw      gp, -300(t5)
core   0: 3 0x8000e130 (0xec3f2a23) mem 0x8000f000 0x00000001
core   0: 0x8000e134 (0xff9ff06f) j       pc - 0x8
core   0: 3 0x8000e134 (0xff9ff06f)
core   0: 0x8000e12c (0x00001f17) auipc   t5, 0x1
core   0: 3 0x8000e12c (0x00001f17) x30 0x8000f12c
core   0: 0x8000e130 (0xec3f2a23) sw      gp, -300(t5)
core   0: 3 0x8000e130 (0xec3f2a23) mem 0x8000f000 0x00000001
core   0: 0x8000e134 (0xff9ff06f) j       pc - 0x8
core   0: 3 0x8000e134 (0xff9ff06f)
core   0: 0x8000e12c (0x00001f17) auipc   t5, 0x1
core   0: 3 0x8000e12c (0x00001f17) x30 0x8000f12c
core   0: 0x8000e130 (0xec3f2a23) sw      gp, -300(t5)
core   0: 3 0x8000e130 (0xec3f2a23) mem 0x8000f000 0x00000001
core   0: 0x8000e134 (0xff9ff06f) j       pc - 0x8
core   0: 3 0x8000e134 (0xff9ff06f)
core   0: 0x8000e12c (0x00001f17) auipc   t5, 0x1
core   0: 3 0x8000e12c (0x00001f17) x30 0x8000f12c
core   0: 0x8000e130 (0xec3f2a23) sw      gp, -300(t5)
core   0: 3 0x8000e130 (0xec3f2a23) mem 0x8000f000 0x00000001
core   0: 0x8000e134 (0xff9ff06f) j       pc - 0x8
core   0: 3 0x8000e134 (0xff9ff06f)
core   0: 0x8000e12c (0x00001f17) auipc   t5, 0x1
core   0: 3 0x8000e12c (0x00001f17) x30 0x8000f12c
core   0: 0x8000e130 (0xec3f2a23) sw      gp, -300(t5)
core   0: 3 0x8000e130 (0xec3f2a23) mem 0x8000f000 0x00000001
core   0: 0x8000e134 (0xff9ff06f) j       pc - 0x8
core   0: 3 0x8000e134 (0xff9ff06f)
core   0: 0x8000e12c (0x00001f17) auipc   t5, 0x1
core   0: 3 0x8000e12c (0x00001f17) x30 0x8000f12c
core   0: 0x8000e130 (0xec3f2a23) sw      gp, -300(t5)
core   0: 3 0x8000e130 (0xec3f2a23) mem 0x8000f000 0x00000001
core   0: 0x8000e134 (0xff9ff06f) j       pc - 0x8
core   0: 3 0x8000e134 (0xff9ff06f)
core   0: 0x8000e12c (0x00001f17) auipc   t5, 0x1
core   0: 3 0x8000e12c (0x00001f17) x30 0x8000f12c
core   0: 0x8000e130 (0xec3f2a23) sw      gp, -300(t5)
core   0: 3 0x8000e130 (0xec3f2a23) mem 0x8000f000 0x00000001
core   0: 0x8000e134 (0xff9ff06f) j       pc - 0x8
core   0: 3 0x8000e134 (0xff9ff06f)
core   0: 0x8000e12c (0x00001f17) auipc   t5, 0x1
core   0: 3 0x8000e12c (0x00001f17) x30 0x8000f12c
core   0: 0x8000e130 (0xec3f2a23) sw      gp, -300(t5)
core   0: 3 0x8000e130 (0xec3f2a23) mem 0x8000f000 0x00000001
core   0: 0x8000e134 (0xff9ff06f) j       pc - 0x8
core   0: 3 0x8000e134 (0xff9ff06f)
core   0: 0x8000e12c (0x00001f17) auipc   t5, 0x1
core   0: 3 0x8000e12c (0x00001f17) x30 0x8000f12c
core   0: 0x8000e130 (0xec3f2a23) sw      gp, -300(t5)
core   0: 3 0x8000e130 (0xec3f2a23) mem 0x8000f000 0x00000001
core   0: 0x8000e134 (0xff9ff06f) j       pc - 0x8
core   0: 3 0x8000e134 (0xff9ff06f)
core   0: 0x8000e12c (0x00001f17) auipc   t5, 0x1
core   0: 3 0x8000e12c (0x00001f17) x30 0x8000f12c
core   0: 0x8000e130 (0xec3f2a23) sw      gp, -300(t5)
core   0: 3 0x8000e130 (0xec3f2a23) mem 0x8000f000 0x00000001
core   0: 0x8000e134 (0xff9ff06f) j       pc - 0x8
core   0: 3 0x8000e134 (0xff9ff06f)
core   0: 0x8000e12c (0x00001f17) auipc   t5, 0x1
core   0: 3 0x8000e12c (0x00001f17) x30 0x8000f12c
core   0: 0x8000e130 (0xec3f2a23) sw      gp, -300(t5)
core   0: 3 0x8000e130 (0xec3f2a23) mem 0x8000f000 0x00000001
core   0: 0x8000e134 (0xff9ff06f) j       pc - 0x8
core   0: 3 0x8000e134 (0xff9ff06f)
core   0: 0x8000e12c (0x00001f17) auipc   t5, 0x1
core   0: 3 0x8000e12c (0x00001f17) x30 0x8000f12c
core   0: 0x8000e130 (0xec3f2a23) sw      gp, -300(t5)
core   0: 3 0x8000e130 (0xec3f2a23) mem 0x8000f000 0x00000001
core   0: 0x8000e134 (0xff9ff06f) j       pc - 0x8
core   0: 3 0x8000e134 (0xff9ff06f)
core   0: 0x8000e12c (0x00001f17) auipc   t5, 0x1
core   0: 3 0x8000e12c (0x00001f17) x30 0x8000f12c
core   0: 0x8000e130 (0xec3f2a23) sw      gp, -300(t5)
core   0: 3 0x8000e130 (0xec3f2a23) mem 0x8000f000 0x00000001
core   0: 0x8000e134 (0xff9ff06f) j       pc - 0x8
core   0: 3 0x8000e134 (0xff9ff06f)
core   0: 0x8000e12c (0x00001f17) auipc   t5, 0x1
core   0: 3 0x8000e12c (0x00001f17) x30 0x8000f12c
core   0: 0x8000e130 (0xec3f2a23) sw      gp, -300(t5)
core   0: 3 0x8000e130 (0xec3f2a23) mem 0x8000f000 0x00000001
core   0: 0x8000e134 (0xff9ff06f) j       pc - 0x8
core   0: 3 0x8000e134 (0xff9ff06f)
core   0: 0x8000e12c (0x00001f17) auipc   t5, 0x1
core   0: 3 0x8000e12c (0x00001f17) x30 0x8000f12c
core   0: 0x8000e130 (0xec3f2a23) sw      gp, -300(t5)
core   0: 3 0x8000e130 (0xec3f2a23) mem 0x8000f000 0x00000001
core   0: 0x8000e134 (0xff9ff06f) j       pc - 0x8
core   0: 3 0x8000e134 (0xff9ff06f)
core   0: 0x8000e12c (0x00001f17) auipc   t5, 0x1
core   0: 3 0x8000e12c (0x00001f17) x30 0x8000f12c
core   0: 0x8000e130 (0xec3f2a23) sw      gp, -300(t5)
core   0: 3 0x8000e130 (0xec3f2a23) mem 0x8000f000 0x00000001
core   0: 0x8000e134 (0xff9ff06f) j       pc - 0x8
core   0: 3 0x8000e134 (0xff9ff06f)
core   0: 0x8000e12c (0x00001f17) auipc   t5, 0x1
core   0: 3 0x8000e12c (0x00001f17) x30 0x8000f12c
core   0: 0x8000e130 (0xec3f2a23) sw      gp, -300(t5)
core   0: 3 0x8000e130 (0xec3f2a23) mem 0x8000f000 0x00000001
core   0: 0x8000e134 (0xff9ff06f) j       pc - 0x8
core   0: 3 0x8000e134 (0xff9ff06f)
core   0: 0x8000e12c (0x00001f17) auipc   t5, 0x1
core   0: 3 0x8000e12c (0x00001f17) x30 0x8000f12c
core   0: 0x8000e130 (0xec3f2a23) sw      gp, -300(t5)
core   0: 3 0x8000e130 (0xec3f2a23) mem 0x8000f000 0x00000001
core   0: 0x8000e134 (0xff9ff06f) j       pc - 0x8
core   0: 3 0x8000e134 (0xff9ff06f)
core   0: 0x8000e12c (0x00001f17) auipc   t5, 0x1
core   0: 3 0x8000e12c (0x00001f17) x30 0x8000f12c
core   0: 0x8000e130 (0xec3f2a23) sw      gp, -300(t5)
core   0: 3 0x8000e130 (0xec3f2a23) mem 0x8000f000 0x00000001
core   0: 0x8000e134 (0xff9ff06f) j       pc - 0x8
core   0: 3 0x8000e134 (0xff9ff06f)
core   0: 0x8000e12c (0x00001f17) auipc   t5, 0x1
core   0: 3 0x8000e12c (0x00001f17) x30 0x8000f12c
core   0: 0x8000e130 (0xec3f2a23) sw      gp, -300(t5)
core   0: 3 0x8000e130 (0xec3f2a23) mem 0x8000f000 0x00000001
core   0: 0x8000e134 (0xff9ff06f) j       pc - 0x8
core   0: 3 0x8000e134 (0xff9ff06f)
core   0: 0x8000e12c (0x00001f17) auipc   t5, 0x1
core   0: 3 0x8000e12c (0x00001f17) x30 0x8000f12c
core   0: 0x8000e130 (0xec3f2a23) sw      gp, -300(t5)
core   0: 3 0x8000e130 (0xec3f2a23) mem 0x8000f000 0x00000001
core   0: 0x8000e134 (0xff9ff06f) j       pc - 0x8
core   0: 3 0x8000e134 (0xff9ff06f)
core   0: 0x8000e12c (0x00001f17) auipc   t5, 0x1
core   0: 3 0x8000e12c (0x00001f17) x30 0x8000f12c
core   0: 0x8000e130 (0xec3f2a23) sw      gp, -300(t5)
core   0: 3 0x8000e130 (0xec3f2a23) mem 0x8000f000 0x00000001
core   0: 0x8000e134 (0xff9ff06f) j       pc - 0x8
core   0: 3 0x8000e134 (0xff9ff06f)
core   0: 0x8000e12c (0x00001f17) auipc   t5, 0x1
core   0: 3 0x8000e12c (0x00001f17) x30 0x8000f12c
core   0: 0x8000e130 (0xec3f2a23) sw      gp, -300(t5)
core   0: 3 0x8000e130 (0xec3f2a23) mem 0x8000f000 0x00000001
core   0: 0x8000e134 (0xff9ff06f) j       pc - 0x8
core   0: 3 0x8000e134 (0xff9ff06f)
core   0: 0x8000e12c (0x00001f17) auipc   t5, 0x1
core   0: 3 0x8000e12c (0x00001f17) x30 0x8000f12c
core   0: 0x8000e130 (0xec3f2a23) sw      gp, -300(t5)
core   0: 3 0x8000e130 (0xec3f2a23) mem 0x8000f000 0x00000001
core   0: 0x8000e134 (0xff9ff06f) j       pc - 0x8
core   0: 3 0x8000e134 (0xff9ff06f)
core   0: 0x8000e12c (0x00001f17) auipc   t5, 0x1
core   0: 3 0x8000e12c (0x00001f17) x30 0x8000f12c
core   0: 0x8000e130 (0xec3f2a23) sw      gp, -300(t5)
core   0: 3 0x8000e130 (0xec3f2a23) mem 0x8000f000 0x00000001
core   0: 0x8000e134 (0xff9ff06f) j       pc - 0x8
core   0: 3 0x8000e134 (0xff9ff06f)
core   0: 0x8000e12c (0x00001f17) auipc   t5, 0x1
core   0: 3 0x8000e12c (0x00001f17) x30 0x8000f12c
core   0: 0x8000e130 (0xec3f2a23) sw      gp, -300(t5)
core   0: 3 0x8000e130 (0xec3f2a23) mem 0x8000f000 0x00000001
core   0: 0x8000e134 (0xff9ff06f) j       pc - 0x8
core   0: 3 0x8000e134 (0xff9ff06f)
core   0: 0x8000e12c (0x00001f17) auipc   t5, 0x1
core   0: 3 0x8000e12c (0x00001f17) x30 0x8000f12c
core   0: 0x8000e130 (0xec3f2a23) sw      gp, -300(t5)
core   0: 3 0x8000e130 (0xec3f2a23) mem 0x8000f000 0x00000001
core   0: 0x8000e134 (0xff9ff06f) j       pc - 0x8
core   0: 3 0x8000e134 (0xff9ff06f)
core   0: 0x8000e12c (0x00001f17) auipc   t5, 0x1
core   0: 3 0x8000e12c (0x00001f17) x30 0x8000f12c
core   0: 0x8000e130 (0xec3f2a23) sw      gp, -300(t5)
core   0: 3 0x8000e130 (0xec3f2a23) mem 0x8000f000 0x00000001
core   0: 0x8000e134 (0xff9ff06f) j       pc - 0x8
core   0: 3 0x8000e134 (0xff9ff06f)
core   0: 0x8000e12c (0x00001f17) auipc   t5, 0x1
core   0: 3 0x8000e12c (0x00001f17) x30 0x8000f12c
core   0: 0x8000e130 (0xec3f2a23) sw      gp, -300(t5)
core   0: 3 0x8000e130 (0xec3f2a23) mem 0x8000f000 0x00000001
core   0: 0x8000e134 (0xff9ff06f) j       pc - 0x8
core   0: 3 0x8000e134 (0xff9ff06f)
core   0: 0x8000e12c (0x00001f17) auipc   t5, 0x1
core   0: 3 0x8000e12c (0x00001f17) x30 0x8000f12c
core   0: 0x8000e130 (0xec3f2a23) sw      gp, -300(t5)
core   0: 3 0x8000e130 (0xec3f2a23) mem 0x8000f000 0x00000001
core   0: 0x8000e134 (0xff9ff06f) j       pc - 0x8
core   0: 3 0x8000e134 (0xff9ff06f)
core   0: 0x8000e12c (0x00001f17) auipc   t5, 0x1
core   0: 3 0x8000e12c (0x00001f17) x30 0x8000f12c
core   0: 0x8000e130 (0xec3f2a23) sw      gp, -300(t5)
core   0: 3 0x8000e130 (0xec3f2a23) mem 0x8000f000 0x00000001
core   0: 0x8000e134 (0xff9ff06f) j       pc - 0x8
core   0: 3 0x8000e134 (0xff9ff06f)
core   0: 0x8000e12c (0x00001f17) auipc   t5, 0x1
core   0: 3 0x8000e12c (0x00001f17) x30 0x8000f12c
core   0: 0x8000e130 (0xec3f2a23) sw      gp, -300(t5)
core   0: 3 0x8000e130 (0xec3f2a23) mem 0x8000f000 0x00000001
core   0: 0x8000e134 (0xff9ff06f) j       pc - 0x8
core   0: 3 0x8000e134 (0xff9ff06f)
core   0: 0x8000e12c (0x00001f17) auipc   t5, 0x1
core   0: 3 0x8000e12c (0x00001f17) x30 0x8000f12c
core   0: 0x8000e130 (0xec3f2a23) sw      gp, -300(t5)
core   0: 3 0x8000e130 (0xec3f2a23) mem 0x8000f000 0x00000001
core   0: 0x8000e134 (0xff9ff06f) j       pc - 0x8
core   0: 3 0x8000e134 (0xff9ff06f)
core   0: 0x8000e12c (0x00001f17) auipc   t5, 0x1
core   0: 3 0x8000e12c (0x00001f17) x30 0x8000f12c
core   0: 0x8000e130 (0xec3f2a23) sw      gp, -300(t5)
core   0: 3 0x8000e130 (0xec3f2a23) mem 0x8000f000 0x00000001
core   0: 0x8000e134 (0xff9ff06f) j       pc - 0x8
core   0: 3 0x8000e134 (0xff9ff06f)
core   0: 0x8000e12c (0x00001f17) auipc   t5, 0x1
core   0: 3 0x8000e12c (0x00001f17) x30 0x8000f12c
core   0: 0x8000e130 (0xec3f2a23) sw      gp, -300(t5)
core   0: 3 0x8000e130 (0xec3f2a23) mem 0x8000f000 0x00000001
core   0: 0x8000e134 (0xff9ff06f) j       pc - 0x8
core   0: 3 0x8000e134 (0xff9ff06f)
core   0: 0x8000e12c (0x00001f17) auipc   t5, 0x1
core   0: 3 0x8000e12c (0x00001f17) x30 0x8000f12c
core   0: 0x8000e130 (0xec3f2a23) sw      gp, -300(t5)
core   0: 3 0x8000e130 (0xec3f2a23) mem 0x8000f000 0x00000001
core   0: 0x8000e134 (0xff9ff06f) j       pc - 0x8
core   0: 3 0x8000e134 (0xff9ff06f)
core   0: 0x8000e12c (0x00001f17) auipc   t5, 0x1
core   0: 3 0x8000e12c (0x00001f17) x30 0x8000f12c
core   0: 0x8000e130 (0xec3f2a23) sw      gp, -300(t5)
core   0: 3 0x8000e130 (0xec3f2a23) mem 0x8000f000 0x00000001
core   0: 0x8000e134 (0xff9ff06f) j       pc - 0x8
core   0: 3 0x8000e134 (0xff9ff06f)
core   0: 0x8000e12c (0x00001f17) auipc   t5, 0x1
core   0: 3 0x8000e12c (0x00001f17) x30 0x8000f12c
core   0: 0x8000e130 (0xec3f2a23) sw      gp, -300(t5)
core   0: 3 0x8000e130 (0xec3f2a23) mem 0x8000f000 0x00000001
core   0: 0x8000e134 (0xff9ff06f) j       pc - 0x8
core   0: 3 0x8000e134 (0xff9ff06f)
core   0: 0x8000e12c (0x00001f17) auipc   t5, 0x1
core   0: 3 0x8000e12c (0x00001f17) x30 0x8000f12c
core   0: 0x8000e130 (0xec3f2a23) sw      gp, -300(t5)
core   0: 3 0x8000e130 (0xec3f2a23) mem 0x8000f000 0x00000001
core   0: 0x8000e134 (0xff9ff06f) j       pc - 0x8
core   0: 3 0x8000e134 (0xff9ff06f)
core   0: 0x8000e12c (0x00001f17) auipc   t5, 0x1
core   0: 3 0x8000e12c (0x00001f17) x30 0x8000f12c
core   0: 0x8000e130 (0xec3f2a23) sw      gp, -300(t5)
core   0: 3 0x8000e130 (0xec3f2a23) mem 0x8000f000 0x00000001
core   0: 0x8000e134 (0xff9ff06f) j       pc - 0x8
core   0: 3 0x8000e134 (0xff9ff06f)
core   0: 0x8000e12c (0x00001f17) auipc   t5, 0x1
core   0: 3 0x8000e12c (0x00001f17) x30 0x8000f12c
core   0: 0x8000e130 (0xec3f2a23) sw      gp, -300(t5)
core   0: 3 0x8000e130 (0xec3f2a23) mem 0x8000f000 0x00000001
core   0: 0x8000e134 (0xff9ff06f) j       pc - 0x8
core   0: 3 0x8000e134 (0xff9ff06f)
core   0: 0x8000e12c (0x00001f17) auipc   t5, 0x1
core   0: 3 0x8000e12c (0x00001f17) x30 0x8000f12c
core   0: 0x8000e130 (0xec3f2a23) sw      gp, -300(t5)
core   0: 3 0x8000e130 (0xec3f2a23) mem 0x8000f000 0x00000001
core   0: 0x8000e134 (0xff9ff06f) j       pc - 0x8
core   0: 3 0x8000e134 (0xff9ff06f)
core   0: 0x8000e12c (0x00001f17) auipc   t5, 0x1
core   0: 3 0x8000e12c (0x00001f17) x30 0x8000f12c
core   0: 0x8000e130 (0xec3f2a23) sw      gp, -300(t5)
core   0: 3 0x8000e130 (0xec3f2a23) mem 0x8000f000 0x00000001
core   0: 0x8000e134 (0xff9ff06f) j       pc - 0x8
core   0: 3 0x8000e134 (0xff9ff06f)
core   0: 0x8000e12c (0x00001f17) auipc   t5, 0x1
core   0: 3 0x8000e12c (0x00001f17) x30 0x8000f12c
core   0: 0x8000e130 (0xec3f2a23) sw      gp, -300(t5)
core   0: 3 0x8000e130 (0xec3f2a23) mem 0x8000f000 0x00000001
core   0: 0x8000e134 (0xff9ff06f) j       pc - 0x8
core   0: 3 0x8000e134 (0xff9ff06f)
core   0: 0x8000e12c (0x00001f17) auipc   t5, 0x1
core   0: 3 0x8000e12c (0x00001f17) x30 0x8000f12c
core   0: 0x8000e130 (0xec3f2a23) sw      gp, -300(t5)
core   0: 3 0x8000e130 (0xec3f2a23) mem 0x8000f000 0x00000001
core   0: 0x8000e134 (0xff9ff06f) j       pc - 0x8
core   0: 3 0x8000e134 (0xff9ff06f)
core   0: 0x8000e12c (0x00001f17) auipc   t5, 0x1
core   0: 3 0x8000e12c (0x00001f17) x30 0x8000f12c
core   0: 0x8000e130 (0xec3f2a23) sw      gp, -300(t5)
core   0: 3 0x8000e130 (0xec3f2a23) mem 0x8000f000 0x00000001
core   0: 0x8000e134 (0xff9ff06f) j       pc - 0x8
core   0: 3 0x8000e134 (0xff9ff06f)
core   0: 0x8000e12c (0x00001f17) auipc   t5, 0x1
core   0: 3 0x8000e12c (0x00001f17) x30 0x8000f12c
core   0: 0x8000e130 (0xec3f2a23) sw      gp, -300(t5)
core   0: 3 0x8000e130 (0xec3f2a23) mem 0x8000f000 0x00000001
core   0: 0x8000e134 (0xff9ff06f) j       pc - 0x8
core   0: 3 0x8000e134 (0xff9ff06f)
core   0: 0x8000e12c (0x00001f17) auipc   t5, 0x1
core   0: 3 0x8000e12c (0x00001f17) x30 0x8000f12c
core   0: 0x8000e130 (0xec3f2a23) sw      gp, -300(t5)
core   0: 3 0x8000e130 (0xec3f2a23) mem 0x8000f000 0x00000001
core   0: 0x8000e134 (0xff9ff06f) j       pc - 0x8
core   0: 3 0x8000e134 (0xff9ff06f)
core   0: 0x8000e12c (0x00001f17) auipc   t5, 0x1
core   0: 3 0x8000e12c (0x00001f17) x30 0x8000f12c
core   0: 0x8000e130 (0xec3f2a23) sw      gp, -300(t5)
core   0: 3 0x8000e130 (0xec3f2a23) mem 0x8000f000 0x00000001
core   0: 0x8000e134 (0xff9ff06f) j       pc - 0x8
core   0: 3 0x8000e134 (0xff9ff06f)
core   0: 0x8000e12c (0x00001f17) auipc   t5, 0x1
core   0: 3 0x8000e12c (0x00001f17) x30 0x8000f12c
core   0: 0x8000e130 (0xec3f2a23) sw      gp, -300(t5)
core   0: 3 0x8000e130 (0xec3f2a23) mem 0x8000f000 0x00000001
core   0: 0x8000e134 (0xff9ff06f) j       pc - 0x8
core   0: 3 0x8000e134 (0xff9ff06f)
core   0: 0x8000e12c (0x00001f17) auipc   t5, 0x1
core   0: 3 0x8000e12c (0x00001f17) x30 0x8000f12c
core   0: 0x8000e130 (0xec3f2a23) sw      gp, -300(t5)
core   0: 3 0x8000e130 (0xec3f2a23) mem 0x8000f000 0x00000001
core   0: 0x8000e134 (0xff9ff06f) j       pc - 0x8
core   0: 3 0x8000e134 (0xff9ff06f)
core   0: 0x8000e12c (0x00001f17) auipc   t5, 0x1
core   0: 3 0x8000e12c (0x00001f17) x30 0x8000f12c
core   0: 0x8000e130 (0xec3f2a23) sw      gp, -300(t5)
core   0: 3 0x8000e130 (0xec3f2a23) mem 0x8000f000 0x00000001
core   0: 0x8000e134 (0xff9ff06f) j       pc - 0x8
core   0: 3 0x8000e134 (0xff9ff06f)
core   0: 0x8000e12c (0x00001f17) auipc   t5, 0x1
core   0: 3 0x8000e12c (0x00001f17) x30 0x8000f12c
core   0: 0x8000e130 (0xec3f2a23) sw      gp, -300(t5)
core   0: 3 0x8000e130 (0xec3f2a23) mem 0x8000f000 0x00000001
core   0: 0x8000e134 (0xff9ff06f) j       pc - 0x8
core   0: 3 0x8000e134 (0xff9ff06f)
core   0: 0x8000e12c (0x00001f17) auipc   t5, 0x1
core   0: 3 0x8000e12c (0x00001f17) x30 0x8000f12c
core   0: 0x8000e130 (0xec3f2a23) sw      gp, -300(t5)
core   0: 3 0x8000e130 (0xec3f2a23) mem 0x8000f000 0x00000001
core   0: 0x8000e134 (0xff9ff06f) j       pc - 0x8
core   0: 3 0x8000e134 (0xff9ff06f)
core   0: 0x8000e12c (0x00001f17) auipc   t5, 0x1
core   0: 3 0x8000e12c (0x00001f17) x30 0x8000f12c
core   0: 0x8000e130 (0xec3f2a23) sw      gp, -300(t5)
core   0: 3 0x8000e130 (0xec3f2a23) mem 0x8000f000 0x00000001
core   0: 0x8000e134 (0xff9ff06f) j       pc - 0x8
core   0: 3 0x8000e134 (0xff9ff06f)
core   0: 0x8000e12c (0x00001f17) auipc   t5, 0x1
core   0: 3 0x8000e12c (0x00001f17) x30 0x8000f12c
core   0: 0x8000e130 (0xec3f2a23) sw      gp, -300(t5)
core   0: 3 0x8000e130 (0xec3f2a23) mem 0x8000f000 0x00000001
core   0: 0x8000e134 (0xff9ff06f) j       pc - 0x8
core   0: 3 0x8000e134 (0xff9ff06f)
core   0: 0x8000e12c (0x00001f17) auipc   t5, 0x1
core   0: 3 0x8000e12c (0x00001f17) x30 0x8000f12c
core   0: 0x8000e130 (0xec3f2a23) sw      gp, -300(t5)
core   0: 3 0x8000e130 (0xec3f2a23) mem 0x8000f000 0x00000001
core   0: 0x8000e134 (0xff9ff06f) j       pc - 0x8
core   0: 3 0x8000e134 (0xff9ff06f)
core   0: 0x8000e12c (0x00001f17) auipc   t5, 0x1
core   0: 3 0x8000e12c (0x00001f17) x30 0x8000f12c
core   0: 0x8000e130 (0xec3f2a23) sw      gp, -300(t5)
core   0: 3 0x8000e130 (0xec3f2a23) mem 0x8000f000 0x00000001
core   0: 0x8000e134 (0xff9ff06f) j       pc - 0x8
core   0: 3 0x8000e134 (0xff9ff06f)
core   0: 0x8000e12c (0x00001f17) auipc   t5, 0x1
core   0: 3 0x8000e12c (0x00001f17) x30 0x8000f12c
core   0: 0x8000e130 (0xec3f2a23) sw      gp, -300(t5)
core   0: 3 0x8000e130 (0xec3f2a23) mem 0x8000f000 0x00000001
core   0: 0x8000e134 (0xff9ff06f) j       pc - 0x8
core   0: 3 0x8000e134 (0xff9ff06f)
core   0: 0x8000e12c (0x00001f17) auipc   t5, 0x1
core   0: 3 0x8000e12c (0x00001f17) x30 0x8000f12c
core   0: 0x8000e130 (0xec3f2a23) sw      gp, -300(t5)
core   0: 3 0x8000e130 (0xec3f2a23) mem 0x8000f000 0x00000001
core   0: 0x8000e134 (0xff9ff06f) j       pc - 0x8
core   0: 3 0x8000e134 (0xff9ff06f)
core   0: 0x8000e12c (0x00001f17) auipc   t5, 0x1
core   0: 3 0x8000e12c (0x00001f17) x30 0x8000f12c
core   0: 0x8000e130 (0xec3f2a23) sw      gp, -300(t5)
core   0: 3 0x8000e130 (0xec3f2a23) mem 0x8000f000 0x00000001
core   0: 0x8000e134 (0xff9ff06f) j       pc - 0x8
core   0: 3 0x8000e134 (0xff9ff06f)
core   0: 0x8000e12c (0x00001f17) auipc   t5, 0x1
core   0: 3 0x8000e12c (0x00001f17) x30 0x8000f12c
core   0: 0x8000e130 (0xec3f2a23) sw      gp, -300(t5)
core   0: 3 0x8000e130 (0xec3f2a23) mem 0x8000f000 0x00000001
core   0: 0x8000e134 (0xff9ff06f) j       pc - 0x8
core   0: 3 0x8000e134 (0xff9ff06f)
core   0: 0x8000e12c (0x00001f17) auipc   t5, 0x1
core   0: 3 0x8000e12c (0x00001f17) x30 0x8000f12c
core   0: 0x8000e130 (0xec3f2a23) sw      gp, -300(t5)
core   0: 3 0x8000e130 (0xec3f2a23) mem 0x8000f000 0x00000001
core   0: 0x8000e134 (0xff9ff06f) j       pc - 0x8
core   0: 3 0x8000e134 (0xff9ff06f)
core   0: 0x8000e12c (0x00001f17) auipc   t5, 0x1
core   0: 3 0x8000e12c (0x00001f17) x30 0x8000f12c
core   0: 0x8000e130 (0xec3f2a23) sw      gp, -300(t5)
core   0: 3 0x8000e130 (0xec3f2a23) mem 0x8000f000 0x00000001
core   0: 0x8000e134 (0xff9ff06f) j       pc - 0x8
core   0: 3 0x8000e134 (0xff9ff06f)
core   0: 0x8000e12c (0x00001f17) auipc   t5, 0x1
core   0: 3 0x8000e12c (0x00001f17) x30 0x8000f12c
core   0: 0x8000e130 (0xec3f2a23) sw      gp, -300(t5)
core   0: 3 0x8000e130 (0xec3f2a23) mem 0x8000f000 0x00000001
core   0: 0x8000e134 (0xff9ff06f) j       pc - 0x8
core   0: 3 0x8000e134 (0xff9ff06f)
core   0: 0x8000e12c (0x00001f17) auipc   t5, 0x1
core   0: 3 0x8000e12c (0x00001f17) x30 0x8000f12c
core   0: 0x8000e130 (0xec3f2a23) sw      gp, -300(t5)
core   0: 3 0x8000e130 (0xec3f2a23) mem 0x8000f000 0x00000001
core   0: 0x8000e134 (0xff9ff06f) j       pc - 0x8
core   0: 3 0x8000e134 (0xff9ff06f)
core   0: 0x8000e12c (0x00001f17) auipc   t5, 0x1
core   0: 3 0x8000e12c (0x00001f17) x30 0x8000f12c
core   0: 0x8000e130 (0xec3f2a23) sw      gp, -300(t5)
core   0: 3 0x8000e130 (0xec3f2a23) mem 0x8000f000 0x00000001
core   0: 0x8000e134 (0xff9ff06f) j       pc - 0x8
core   0: 3 0x8000e134 (0xff9ff06f)
core   0: 0x8000e12c (0x00001f17) auipc   t5, 0x1
core   0: 3 0x8000e12c (0x00001f17) x30 0x8000f12c
core   0: 0x8000e130 (0xec3f2a23) sw      gp, -300(t5)
core   0: 3 0x8000e130 (0xec3f2a23) mem 0x8000f000 0x00000001
core   0: 0x8000e134 (0xff9ff06f) j       pc - 0x8
core   0: 3 0x8000e134 (0xff9ff06f)
core   0: 0x8000e12c (0x00001f17) auipc   t5, 0x1
core   0: 3 0x8000e12c (0x00001f17) x30 0x8000f12c
core   0: 0x8000e130 (0xec3f2a23) sw      gp, -300(t5)
core   0: 3 0x8000e130 (0xec3f2a23) mem 0x8000f000 0x00000001
core   0: 0x8000e134 (0xff9ff06f) j       pc - 0x8
core   0: 3 0x8000e134 (0xff9ff06f)
core   0: 0x8000e12c (0x00001f17) auipc   t5, 0x1
core   0: 3 0x8000e12c (0x00001f17) x30 0x8000f12c
core   0: 0x8000e130 (0xec3f2a23) sw      gp, -300(t5)
core   0: 3 0x8000e130 (0xec3f2a23) mem 0x8000f000 0x00000001
core   0: 0x8000e134 (0xff9ff06f) j       pc - 0x8
core   0: 3 0x8000e134 (0xff9ff06f)
core   0: 0x8000e12c (0x00001f17) auipc   t5, 0x1
core   0: 3 0x8000e12c (0x00001f17) x30 0x8000f12c
core   0: 0x8000e130 (0xec3f2a23) sw      gp, -300(t5)
core   0: 3 0x8000e130 (0xec3f2a23) mem 0x8000f000 0x00000001
core   0: 0x8000e134 (0xff9ff06f) j       pc - 0x8
core   0: 3 0x8000e134 (0xff9ff06f)
core   0: 0x8000e12c (0x00001f17) auipc   t5, 0x1
core   0: 3 0x8000e12c (0x00001f17) x30 0x8000f12c
core   0: 0x8000e130 (0xec3f2a23) sw      gp, -300(t5)
core   0: 3 0x8000e130 (0xec3f2a23) mem 0x8000f000 0x00000001
core   0: 0x8000e134 (0xff9ff06f) j       pc - 0x8
core   0: 3 0x8000e134 (0xff9ff06f)
core   0: 0x8000e12c (0x00001f17) auipc   t5, 0x1
core   0: 3 0x8000e12c (0x00001f17) x30 0x8000f12c
core   0: 0x8000e130 (0xec3f2a23) sw      gp, -300(t5)
core   0: 3 0x8000e130 (0xec3f2a23) mem 0x8000f000 0x00000001
core   0: 0x8000e134 (0xff9ff06f) j       pc - 0x8
core   0: 3 0x8000e134 (0xff9ff06f)
core   0: 0x8000e12c (0x00001f17) auipc   t5, 0x1
core   0: 3 0x8000e12c (0x00001f17) x30 0x8000f12c
core   0: 0x8000e130 (0xec3f2a23) sw      gp, -300(t5)
core   0: 3 0x8000e130 (0xec3f2a23) mem 0x8000f000 0x00000001
core   0: 0x8000e134 (0xff9ff06f) j       pc - 0x8
core   0: 3 0x8000e134 (0xff9ff06f)
core   0: 0x8000e12c (0x00001f17) auipc   t5, 0x1
core   0: 3 0x8000e12c (0x00001f17) x30 0x8000f12c
core   0: 0x8000e130 (0xec3f2a23) sw      gp, -300(t5)
core   0: 3 0x8000e130 (0xec3f2a23) mem 0x8000f000 0x00000001
core   0: 0x8000e134 (0xff9ff06f) j       pc - 0x8
core   0: 3 0x8000e134 (0xff9ff06f)
core   0: 0x8000e12c (0x00001f17) auipc   t5, 0x1
core   0: 3 0x8000e12c (0x00001f17) x30 0x8000f12c
core   0: 0x8000e130 (0xec3f2a23) sw      gp, -300(t5)
core   0: 3 0x8000e130 (0xec3f2a23) mem 0x8000f000 0x00000001
core   0: 0x8000e134 (0xff9ff06f) j       pc - 0x8
core   0: 3 0x8000e134 (0xff9ff06f)
core   0: 0x8000e12c (0x00001f17) auipc   t5, 0x1
core   0: 3 0x8000e12c (0x00001f17) x30 0x8000f12c
core   0: 0x8000e130 (0xec3f2a23) sw      gp, -300(t5)
core   0: 3 0x8000e130 (0xec3f2a23) mem 0x8000f000 0x00000001
core   0: 0x8000e134 (0xff9ff06f) j       pc - 0x8
core   0: 3 0x8000e134 (0xff9ff06f)
core   0: 0x8000e12c (0x00001f17) auipc   t5, 0x1
core   0: 3 0x8000e12c (0x00001f17) x30 0x8000f12c
core   0: 0x8000e130 (0xec3f2a23) sw      gp, -300(t5)
core   0: 3 0x8000e130 (0xec3f2a23) mem 0x8000f000 0x00000001
core   0: 0x8000e134 (0xff9ff06f) j       pc - 0x8
core   0: 3 0x8000e134 (0xff9ff06f)
core   0: 0x8000e12c (0x00001f17) auipc   t5, 0x1
core   0: 3 0x8000e12c (0x00001f17) x30 0x8000f12c
core   0: 0x8000e130 (0xec3f2a23) sw      gp, -300(t5)
core   0: 3 0x8000e130 (0xec3f2a23) mem 0x8000f000 0x00000001
core   0: 0x8000e134 (0xff9ff06f) j       pc - 0x8
core   0: 3 0x8000e134 (0xff9ff06f)
core   0: 0x8000e12c (0x00001f17) auipc   t5, 0x1
core   0: 3 0x8000e12c (0x00001f17) x30 0x8000f12c
core   0: 0x8000e130 (0xec3f2a23) sw      gp, -300(t5)
core   0: 3 0x8000e130 (0xec3f2a23) mem 0x8000f000 0x00000001
core   0: 0x8000e134 (0xff9ff06f) j       pc - 0x8
core   0: 3 0x8000e134 (0xff9ff06f)
core   0: 0x8000e12c (0x00001f17) auipc   t5, 0x1
core   0: 3 0x8000e12c (0x00001f17) x30 0x8000f12c
core   0: 0x8000e130 (0xec3f2a23) sw      gp, -300(t5)
core   0: 3 0x8000e130 (0xec3f2a23) mem 0x8000f000 0x00000001
core   0: 0x8000e134 (0xff9ff06f) j       pc - 0x8
core   0: 3 0x8000e134 (0xff9ff06f)
core   0: 0x8000e12c (0x00001f17) auipc   t5, 0x1
core   0: 3 0x8000e12c (0x00001f17) x30 0x8000f12c
core   0: 0x8000e130 (0xec3f2a23) sw      gp, -300(t5)
core   0: 3 0x8000e130 (0xec3f2a23) mem 0x8000f000 0x00000001
core   0: 0x8000e134 (0xff9ff06f) j       pc - 0x8
core   0: 3 0x8000e134 (0xff9ff06f)
core   0: 0x8000e12c (0x00001f17) auipc   t5, 0x1
core   0: 3 0x8000e12c (0x00001f17) x30 0x8000f12c
core   0: 0x8000e130 (0xec3f2a23) sw      gp, -300(t5)
core   0: 3 0x8000e130 (0xec3f2a23) mem 0x8000f000 0x00000001
core   0: 0x8000e134 (0xff9ff06f) j       pc - 0x8
core   0: 3 0x8000e134 (0xff9ff06f)
core   0: 0x8000e12c (0x00001f17) auipc   t5, 0x1
core   0: 3 0x8000e12c (0x00001f17) x30 0x8000f12c
core   0: 0x8000e130 (0xec3f2a23) sw      gp, -300(t5)
core   0: 3 0x8000e130 (0xec3f2a23) mem 0x8000f000 0x00000001
core   0: 0x8000e134 (0xff9ff06f) j       pc - 0x8
core   0: 3 0x8000e134 (0xff9ff06f)
core   0: 0x8000e12c (0x00001f17) auipc   t5, 0x1
core   0: 3 0x8000e12c (0x00001f17) x30 0x8000f12c
core   0: 0x8000e130 (0xec3f2a23) sw      gp, -300(t5)
core   0: 3 0x8000e130 (0xec3f2a23) mem 0x8000f000 0x00000001
core   0: 0x8000e134 (0xff9ff06f) j       pc - 0x8
core   0: 3 0x8000e134 (0xff9ff06f)
core   0: 0x8000e12c (0x00001f17) auipc   t5, 0x1
core   0: 3 0x8000e12c (0x00001f17) x30 0x8000f12c
core   0: 0x8000e130 (0xec3f2a23) sw      gp, -300(t5)
core   0: 3 0x8000e130 (0xec3f2a23) mem 0x8000f000 0x00000001
core   0: 0x8000e134 (0xff9ff06f) j       pc - 0x8
core   0: 3 0x8000e134 (0xff9ff06f)
core   0: 0x8000e12c (0x00001f17) auipc   t5, 0x1
core   0: 3 0x8000e12c (0x00001f17) x30 0x8000f12c
core   0: 0x8000e130 (0xec3f2a23) sw      gp, -300(t5)
core   0: 3 0x8000e130 (0xec3f2a23) mem 0x8000f000 0x00000001
core   0: 0x8000e134 (0xff9ff06f) j       pc - 0x8
core   0: 3 0x8000e134 (0xff9ff06f)
core   0: 0x8000e12c (0x00001f17) auipc   t5, 0x1
core   0: 3 0x8000e12c (0x00001f17) x30 0x8000f12c
core   0: 0x8000e130 (0xec3f2a23) sw      gp, -300(t5)
core   0: 3 0x8000e130 (0xec3f2a23) mem 0x8000f000 0x00000001
core   0: 0x8000e134 (0xff9ff06f) j       pc - 0x8
core   0: 3 0x8000e134 (0xff9ff06f)
core   0: 0x8000e12c (0x00001f17) auipc   t5, 0x1
core   0: 3 0x8000e12c (0x00001f17) x30 0x8000f12c
core   0: 0x8000e130 (0xec3f2a23) sw      gp, -300(t5)
core   0: 3 0x8000e130 (0xec3f2a23) mem 0x8000f000 0x00000001
core   0: 0x8000e134 (0xff9ff06f) j       pc - 0x8
core   0: 3 0x8000e134 (0xff9ff06f)
core   0: 0x8000e12c (0x00001f17) auipc   t5, 0x1
core   0: 3 0x8000e12c (0x00001f17) x30 0x8000f12c
core   0: 0x8000e130 (0xec3f2a23) sw      gp, -300(t5)
core   0: 3 0x8000e130 (0xec3f2a23) mem 0x8000f000 0x00000001
core   0: 0x8000e134 (0xff9ff06f) j       pc - 0x8
core   0: 3 0x8000e134 (0xff9ff06f)
core   0: 0x8000e12c (0x00001f17) auipc   t5, 0x1
core   0: 3 0x8000e12c (0x00001f17) x30 0x8000f12c
core   0: 0x8000e130 (0xec3f2a23) sw      gp, -300(t5)
core   0: 3 0x8000e130 (0xec3f2a23) mem 0x8000f000 0x00000001
core   0: 0x8000e134 (0xff9ff06f) j       pc - 0x8
core   0: 3 0x8000e134 (0xff9ff06f)
core   0: 0x8000e12c (0x00001f17) auipc   t5, 0x1
core   0: 3 0x8000e12c (0x00001f17) x30 0x8000f12c
core   0: 0x8000e130 (0xec3f2a23) sw      gp, -300(t5)
core   0: 3 0x8000e130 (0xec3f2a23) mem 0x8000f000 0x00000001
core   0: 0x8000e134 (0xff9ff06f) j       pc - 0x8
core   0: 3 0x8000e134 (0xff9ff06f)
core   0: 0x8000e12c (0x00001f17) auipc   t5, 0x1
core   0: 3 0x8000e12c (0x00001f17) x30 0x8000f12c
core   0: 0x8000e130 (0xec3f2a23) sw      gp, -300(t5)
core   0: 3 0x8000e130 (0xec3f2a23) mem 0x8000f000 0x00000001
core   0: 0x8000e134 (0xff9ff06f) j       pc - 0x8
core   0: 3 0x8000e134 (0xff9ff06f)
core   0: 0x8000e12c (0x00001f17) auipc   t5, 0x1
core   0: 3 0x8000e12c (0x00001f17) x30 0x8000f12c
core   0: 0x8000e130 (0xec3f2a23) sw      gp, -300(t5)
core   0: 3 0x8000e130 (0xec3f2a23) mem 0x8000f000 0x00000001
core   0: 0x8000e134 (0xff9ff06f) j       pc - 0x8
core   0: 3 0x8000e134 (0xff9ff06f)
core   0: 0x8000e12c (0x00001f17) auipc   t5, 0x1
core   0: 3 0x8000e12c (0x00001f17) x30 0x8000f12c
core   0: 0x8000e130 (0xec3f2a23) sw      gp, -300(t5)
core   0: 3 0x8000e130 (0xec3f2a23) mem 0x8000f000 0x00000001
core   0: 0x8000e134 (0xff9ff06f) j       pc - 0x8
core   0: 3 0x8000e134 (0xff9ff06f)
core   0: 0x8000e12c (0x00001f17) auipc   t5, 0x1
core   0: 3 0x8000e12c (0x00001f17) x30 0x8000f12c
core   0: 0x8000e130 (0xec3f2a23) sw      gp, -300(t5)
core   0: 3 0x8000e130 (0xec3f2a23) mem 0x8000f000 0x00000001
core   0: 0x8000e134 (0xff9ff06f) j       pc - 0x8
core   0: 3 0x8000e134 (0xff9ff06f)
core   0: 0x8000e12c (0x00001f17) auipc   t5, 0x1
core   0: 3 0x8000e12c (0x00001f17) x30 0x8000f12c
core   0: 0x8000e130 (0xec3f2a23) sw      gp, -300(t5)
core   0: 3 0x8000e130 (0xec3f2a23) mem 0x8000f000 0x00000001
core   0: 0x8000e134 (0xff9ff06f) j       pc - 0x8
core   0: 3 0x8000e134 (0xff9ff06f)
core   0: 0x8000e12c (0x00001f17) auipc   t5, 0x1
core   0: 3 0x8000e12c (0x00001f17) x30 0x8000f12c
core   0: 0x8000e130 (0xec3f2a23) sw      gp, -300(t5)
core   0: 3 0x8000e130 (0xec3f2a23) mem 0x8000f000 0x00000001
core   0: 0x8000e134 (0xff9ff06f) j       pc - 0x8
core   0: 3 0x8000e134 (0xff9ff06f)
core   0: 0x8000e12c (0x00001f17) auipc   t5, 0x1
core   0: 3 0x8000e12c (0x00001f17) x30 0x8000f12c
core   0: 0x8000e130 (0xec3f2a23) sw      gp, -300(t5)
core   0: 3 0x8000e130 (0xec3f2a23) mem 0x8000f000 0x00000001
core   0: 0x8000e134 (0xff9ff06f) j       pc - 0x8
core   0: 3 0x8000e134 (0xff9ff06f)
core   0: 0x8000e12c (0x00001f17) auipc   t5, 0x1
core   0: 3 0x8000e12c (0x00001f17) x30 0x8000f12c
core   0: 0x8000e130 (0xec3f2a23) sw      gp, -300(t5)
core   0: 3 0x8000e130 (0xec3f2a23) mem 0x8000f000 0x00000001
core   0: 0x8000e134 (0xff9ff06f) j       pc - 0x8
core   0: 3 0x8000e134 (0xff9ff06f)
core   0: 0x8000e12c (0x00001f17) auipc   t5, 0x1
core   0: 3 0x8000e12c (0x00001f17) x30 0x8000f12c
core   0: 0x8000e130 (0xec3f2a23) sw      gp, -300(t5)
core   0: 3 0x8000e130 (0xec3f2a23) mem 0x8000f000 0x00000001
core   0: 0x8000e134 (0xff9ff06f) j       pc - 0x8
core   0: 3 0x8000e134 (0xff9ff06f)
core   0: 0x8000e12c (0x00001f17) auipc   t5, 0x1
core   0: 3 0x8000e12c (0x00001f17) x30 0x8000f12c
core   0: 0x8000e130 (0xec3f2a23) sw      gp, -300(t5)
core   0: 3 0x8000e130 (0xec3f2a23) mem 0x8000f000 0x00000001
core   0: 0x8000e134 (0xff9ff06f) j       pc - 0x8
core   0: 3 0x8000e134 (0xff9ff06f)
core   0: 0x8000e12c (0x00001f17) auipc   t5, 0x1
core   0: 3 0x8000e12c (0x00001f17) x30 0x8000f12c
core   0: 0x8000e130 (0xec3f2a23) sw      gp, -300(t5)
core   0: 3 0x8000e130 (0xec3f2a23) mem 0x8000f000 0x00000001
core   0: 0x8000e134 (0xff9ff06f) j       pc - 0x8
core   0: 3 0x8000e134 (0xff9ff06f)
core   0: 0x8000e12c (0x00001f17) auipc   t5, 0x1
core   0: 3 0x8000e12c (0x00001f17) x30 0x8000f12c
core   0: 0x8000e130 (0xec3f2a23) sw      gp, -300(t5)
core   0: 3 0x8000e130 (0xec3f2a23) mem 0x8000f000 0x00000001
core   0: 0x8000e134 (0xff9ff06f) j       pc - 0x8
core   0: 3 0x8000e134 (0xff9ff06f)
core   0: 0x8000e12c (0x00001f17) auipc   t5, 0x1
core   0: 3 0x8000e12c (0x00001f17) x30 0x8000f12c
core   0: 0x8000e130 (0xec3f2a23) sw      gp, -300(t5)
core   0: 3 0x8000e130 (0xec3f2a23) mem 0x8000f000 0x00000001
core   0: 0x8000e134 (0xff9ff06f) j       pc - 0x8
core   0: 3 0x8000e134 (0xff9ff06f)
core   0: 0x8000e12c (0x00001f17) auipc   t5, 0x1
core   0: 3 0x8000e12c (0x00001f17) x30 0x8000f12c
core   0: 0x8000e130 (0xec3f2a23) sw      gp, -300(t5)
core   0: 3 0x8000e130 (0xec3f2a23) mem 0x8000f000 0x00000001
core   0: 0x8000e134 (0xff9ff06f) j       pc - 0x8
core   0: 3 0x8000e134 (0xff9ff06f)
core   0: 0x8000e12c (0x00001f17) auipc   t5, 0x1
core   0: 3 0x8000e12c (0x00001f17) x30 0x8000f12c
core   0: 0x8000e130 (0xec3f2a23) sw      gp, -300(t5)
core   0: 3 0x8000e130 (0xec3f2a23) mem 0x8000f000 0x00000001
core   0: 0x8000e134 (0xff9ff06f) j       pc - 0x8
core   0: 3 0x8000e134 (0xff9ff06f)
core   0: 0x8000e12c (0x00001f17) auipc   t5, 0x1
core   0: 3 0x8000e12c (0x00001f17) x30 0x8000f12c
core   0: 0x8000e130 (0xec3f2a23) sw      gp, -300(t5)
core   0: 3 0x8000e130 (0xec3f2a23) mem 0x8000f000 0x00000001
core   0: 0x8000e134 (0xff9ff06f) j       pc - 0x8
core   0: 3 0x8000e134 (0xff9ff06f)
core   0: 0x8000e12c (0x00001f17) auipc   t5, 0x1
core   0: 3 0x8000e12c (0x00001f17) x30 0x8000f12c
core   0: 0x8000e130 (0xec3f2a23) sw      gp, -300(t5)
core   0: 3 0x8000e130 (0xec3f2a23) mem 0x8000f000 0x00000001
core   0: 0x8000e134 (0xff9ff06f) j       pc - 0x8
core   0: 3 0x8000e134 (0xff9ff06f)
core   0: 0x8000e12c (0x00001f17) auipc   t5, 0x1
core   0: 3 0x8000e12c (0x00001f17) x30 0x8000f12c
core   0: 0x8000e130 (0xec3f2a23) sw      gp, -300(t5)
core   0: 3 0x8000e130 (0xec3f2a23) mem 0x8000f000 0x00000001
core   0: 0x8000e134 (0xff9ff06f) j       pc - 0x8
core   0: 3 0x8000e134 (0xff9ff06f)
core   0: 0x8000e12c (0x00001f17) auipc   t5, 0x1
core   0: 3 0x8000e12c (0x00001f17) x30 0x8000f12c
core   0: 0x8000e130 (0xec3f2a23) sw      gp, -300(t5)
core   0: 3 0x8000e130 (0xec3f2a23) mem 0x8000f000 0x00000001
core   0: 0x8000e134 (0xff9ff06f) j       pc - 0x8
core   0: 3 0x8000e134 (0xff9ff06f)
core   0: 0x8000e12c (0x00001f17) auipc   t5, 0x1
core   0: 3 0x8000e12c (0x00001f17) x30 0x8000f12c
core   0: 0x8000e130 (0xec3f2a23) sw      gp, -300(t5)
core   0: 3 0x8000e130 (0xec3f2a23) mem 0x8000f000 0x00000001
core   0: 0x8000e134 (0xff9ff06f) j       pc - 0x8
core   0: 3 0x8000e134 (0xff9ff06f)
core   0: 0x8000e12c (0x00001f17) auipc   t5, 0x1
core   0: 3 0x8000e12c (0x00001f17) x30 0x8000f12c
core   0: 0x8000e130 (0xec3f2a23) sw      gp, -300(t5)
core   0: 3 0x8000e130 (0xec3f2a23) mem 0x8000f000 0x00000001
core   0: 0x8000e134 (0xff9ff06f) j       pc - 0x8
core   0: 3 0x8000e134 (0xff9ff06f)
core   0: 0x8000e12c (0x00001f17) auipc   t5, 0x1
core   0: 3 0x8000e12c (0x00001f17) x30 0x8000f12c
core   0: 0x8000e130 (0xec3f2a23) sw      gp, -300(t5)
core   0: 3 0x8000e130 (0xec3f2a23) mem 0x8000f000 0x00000001
core   0: 0x8000e134 (0xff9ff06f) j       pc - 0x8
core   0: 3 0x8000e134 (0xff9ff06f)
core   0: 0x8000e12c (0x00001f17) auipc   t5, 0x1
core   0: 3 0x8000e12c (0x00001f17) x30 0x8000f12c
core   0: 0x8000e130 (0xec3f2a23) sw      gp, -300(t5)
core   0: 3 0x8000e130 (0xec3f2a23) mem 0x8000f000 0x00000001
core   0: 0x8000e134 (0xff9ff06f) j       pc - 0x8
core   0: 3 0x8000e134 (0xff9ff06f)
core   0: 0x8000e12c (0x00001f17) auipc   t5, 0x1
core   0: 3 0x8000e12c (0x00001f17) x30 0x8000f12c
core   0: 0x8000e130 (0xec3f2a23) sw      gp, -300(t5)
core   0: 3 0x8000e130 (0xec3f2a23) mem 0x8000f000 0x00000001
core   0: 0x8000e134 (0xff9ff06f) j       pc - 0x8
core   0: 3 0x8000e134 (0xff9ff06f)
core   0: 0x8000e12c (0x00001f17) auipc   t5, 0x1
core   0: 3 0x8000e12c (0x00001f17) x30 0x8000f12c
core   0: 0x8000e130 (0xec3f2a23) sw      gp, -300(t5)
core   0: 3 0x8000e130 (0xec3f2a23) mem 0x8000f000 0x00000001
core   0: 0x8000e134 (0xff9ff06f) j       pc - 0x8
core   0: 3 0x8000e134 (0xff9ff06f)
core   0: 0x8000e12c (0x00001f17) auipc   t5, 0x1
core   0: 3 0x8000e12c (0x00001f17) x30 0x8000f12c
core   0: 0x8000e130 (0xec3f2a23) sw      gp, -300(t5)
core   0: 3 0x8000e130 (0xec3f2a23) mem 0x8000f000 0x00000001
core   0: 0x8000e134 (0xff9ff06f) j       pc - 0x8
core   0: 3 0x8000e134 (0xff9ff06f)
core   0: 0x8000e12c (0x00001f17) auipc   t5, 0x1
core   0: 3 0x8000e12c (0x00001f17) x30 0x8000f12c
core   0: 0x8000e130 (0xec3f2a23) sw      gp, -300(t5)
core   0: 3 0x8000e130 (0xec3f2a23) mem 0x8000f000 0x00000001
core   0: 0x8000e134 (0xff9ff06f) j       pc - 0x8
core   0: 3 0x8000e134 (0xff9ff06f)
core   0: 0x8000e12c (0x00001f17) auipc   t5, 0x1
core   0: 3 0x8000e12c (0x00001f17) x30 0x8000f12c
core   0: 0x8000e130 (0xec3f2a23) sw      gp, -300(t5)
core   0: 3 0x8000e130 (0xec3f2a23) mem 0x8000f000 0x00000001
core   0: 0x8000e134 (0xff9ff06f) j       pc - 0x8
core   0: 3 0x8000e134 (0xff9ff06f)
core   0: 0x8000e12c (0x00001f17) auipc   t5, 0x1
core   0: 3 0x8000e12c (0x00001f17) x30 0x8000f12c
core   0: 0x8000e130 (0xec3f2a23) sw      gp, -300(t5)
core   0: 3 0x8000e130 (0xec3f2a23) mem 0x8000f000 0x00000001
core   0: 0x8000e134 (0xff9ff06f) j       pc - 0x8
core   0: 3 0x8000e134 (0xff9ff06f)
core   0: 0x8000e12c (0x00001f17) auipc   t5, 0x1
core   0: 3 0x8000e12c (0x00001f17) x30 0x8000f12c
core   0: 0x8000e130 (0xec3f2a23) sw      gp, -300(t5)
core   0: 3 0x8000e130 (0xec3f2a23) mem 0x8000f000 0x00000001
core   0: 0x8000e134 (0xff9ff06f) j       pc - 0x8
core   0: 3 0x8000e134 (0xff9ff06f)
core   0: 0x8000e12c (0x00001f17) auipc   t5, 0x1
core   0: 3 0x8000e12c (0x00001f17) x30 0x8000f12c
core   0: 0x8000e130 (0xec3f2a23) sw      gp, -300(t5)
core   0: 3 0x8000e130 (0xec3f2a23) mem 0x8000f000 0x00000001
core   0: 0x8000e134 (0xff9ff06f) j       pc - 0x8
core   0: 3 0x8000e134 (0xff9ff06f)
core   0: 0x8000e12c (0x00001f17) auipc   t5, 0x1
core   0: 3 0x8000e12c (0x00001f17) x30 0x8000f12c
core   0: 0x8000e130 (0xec3f2a23) sw      gp, -300(t5)
core   0: 3 0x8000e130 (0xec3f2a23) mem 0x8000f000 0x00000001
core   0: 0x8000e134 (0xff9ff06f) j       pc - 0x8
core   0: 3 0x8000e134 (0xff9ff06f)
core   0: 0x8000e12c (0x00001f17) auipc   t5, 0x1
core   0: 3 0x8000e12c (0x00001f17) x30 0x8000f12c
core   0: 0x8000e130 (0xec3f2a23) sw      gp, -300(t5)
core   0: 3 0x8000e130 (0xec3f2a23) mem 0x8000f000 0x00000001
core   0: 0x8000e134 (0xff9ff06f) j       pc - 0x8
core   0: 3 0x8000e134 (0xff9ff06f)
core   0: 0x8000e12c (0x00001f17) auipc   t5, 0x1
core   0: 3 0x8000e12c (0x00001f17) x30 0x8000f12c
core   0: 0x8000e130 (0xec3f2a23) sw      gp, -300(t5)
core   0: 3 0x8000e130 (0xec3f2a23) mem 0x8000f000 0x00000001
core   0: 0x8000e134 (0xff9ff06f) j       pc - 0x8
core   0: 3 0x8000e134 (0xff9ff06f)
core   0: 0x8000e12c (0x00001f17) auipc   t5, 0x1
core   0: 3 0x8000e12c (0x00001f17) x30 0x8000f12c
core   0: 0x8000e130 (0xec3f2a23) sw      gp, -300(t5)
core   0: 3 0x8000e130 (0xec3f2a23) mem 0x8000f000 0x00000001
core   0: 0x8000e134 (0xff9ff06f) j       pc - 0x8
core   0: 3 0x8000e134 (0xff9ff06f)
core   0: 0x8000e12c (0x00001f17) auipc   t5, 0x1
core   0: 3 0x8000e12c (0x00001f17) x30 0x8000f12c
core   0: 0x8000e130 (0xec3f2a23) sw      gp, -300(t5)
core   0: 3 0x8000e130 (0xec3f2a23) mem 0x8000f000 0x00000001
core   0: 0x8000e134 (0xff9ff06f) j       pc - 0x8
core   0: 3 0x8000e134 (0xff9ff06f)
core   0: 0x8000e12c (0x00001f17) auipc   t5, 0x1
core   0: 3 0x8000e12c (0x00001f17) x30 0x8000f12c
core   0: 0x8000e130 (0xec3f2a23) sw      gp, -300(t5)
core   0: 3 0x8000e130 (0xec3f2a23) mem 0x8000f000 0x00000001
core   0: 0x8000e134 (0xff9ff06f) j       pc - 0x8
core   0: 3 0x8000e134 (0xff9ff06f)
core   0: 0x8000e12c (0x00001f17) auipc   t5, 0x1
core   0: 3 0x8000e12c (0x00001f17) x30 0x8000f12c
core   0: 0x8000e130 (0xec3f2a23) sw      gp, -300(t5)
core   0: 3 0x8000e130 (0xec3f2a23) mem 0x8000f000 0x00000001
core   0: 0x8000e134 (0xff9ff06f) j       pc - 0x8
core   0: 3 0x8000e134 (0xff9ff06f)
core   0: 0x8000e12c (0x00001f17) auipc   t5, 0x1
core   0: 3 0x8000e12c (0x00001f17) x30 0x8000f12c
core   0: 0x8000e130 (0xec3f2a23) sw      gp, -300(t5)
core   0: 3 0x8000e130 (0xec3f2a23) mem 0x8000f000 0x00000001
core   0: 0x8000e134 (0xff9ff06f) j       pc - 0x8
core   0: 3 0x8000e134 (0xff9ff06f)
core   0: 0x8000e12c (0x00001f17) auipc   t5, 0x1
core   0: 3 0x8000e12c (0x00001f17) x30 0x8000f12c
core   0: 0x8000e130 (0xec3f2a23) sw      gp, -300(t5)
core   0: 3 0x8000e130 (0xec3f2a23) mem 0x8000f000 0x00000001
core   0: 0x8000e134 (0xff9ff06f) j       pc - 0x8
core   0: 3 0x8000e134 (0xff9ff06f)
core   0: 0x8000e12c (0x00001f17) auipc   t5, 0x1
core   0: 3 0x8000e12c (0x00001f17) x30 0x8000f12c
core   0: 0x8000e130 (0xec3f2a23) sw      gp, -300(t5)
core   0: 3 0x8000e130 (0xec3f2a23) mem 0x8000f000 0x00000001
core   0: 0x8000e134 (0xff9ff06f) j       pc - 0x8
core   0: 3 0x8000e134 (0xff9ff06f)
core   0: 0x8000e12c (0x00001f17) auipc   t5, 0x1
core   0: 3 0x8000e12c (0x00001f17) x30 0x8000f12c
core   0: 0x8000e130 (0xec3f2a23) sw      gp, -300(t5)
core   0: 3 0x8000e130 (0xec3f2a23) mem 0x8000f000 0x00000001
core   0: 0x8000e134 (0xff9ff06f) j       pc - 0x8
core   0: 3 0x8000e134 (0xff9ff06f)
core   0: 0x8000e12c (0x00001f17) auipc   t5, 0x1
core   0: 3 0x8000e12c (0x00001f17) x30 0x8000f12c
core   0: 0x8000e130 (0xec3f2a23) sw      gp, -300(t5)
core   0: 3 0x8000e130 (0xec3f2a23) mem 0x8000f000 0x00000001
core   0: 0x8000e134 (0xff9ff06f) j       pc - 0x8
core   0: 3 0x8000e134 (0xff9ff06f)
core   0: 0x8000e12c (0x00001f17) auipc   t5, 0x1
core   0: 3 0x8000e12c (0x00001f17) x30 0x8000f12c
core   0: 0x8000e130 (0xec3f2a23) sw      gp, -300(t5)
core   0: 3 0x8000e130 (0xec3f2a23) mem 0x8000f000 0x00000001
core   0: 0x8000e134 (0xff9ff06f) j       pc - 0x8
core   0: 3 0x8000e134 (0xff9ff06f)
core   0: 0x8000e12c (0x00001f17) auipc   t5, 0x1
core   0: 3 0x8000e12c (0x00001f17) x30 0x8000f12c
core   0: 0x8000e130 (0xec3f2a23) sw      gp, -300(t5)
core   0: 3 0x8000e130 (0xec3f2a23) mem 0x8000f000 0x00000001
core   0: 0x8000e134 (0xff9ff06f) j       pc - 0x8
core   0: 3 0x8000e134 (0xff9ff06f)
core   0: 0x8000e12c (0x00001f17) auipc   t5, 0x1
core   0: 3 0x8000e12c (0x00001f17) x30 0x8000f12c
core   0: 0x8000e130 (0xec3f2a23) sw      gp, -300(t5)
core   0: 3 0x8000e130 (0xec3f2a23) mem 0x8000f000 0x00000001
core   0: 0x8000e134 (0xff9ff06f) j       pc - 0x8
core   0: 3 0x8000e134 (0xff9ff06f)
core   0: 0x8000e12c (0x00001f17) auipc   t5, 0x1
core   0: 3 0x8000e12c (0x00001f17) x30 0x8000f12c
core   0: 0x8000e130 (0xec3f2a23) sw      gp, -300(t5)
core   0: 3 0x8000e130 (0xec3f2a23) mem 0x8000f000 0x00000001
core   0: 0x8000e134 (0xff9ff06f) j       pc - 0x8
core   0: 3 0x8000e134 (0xff9ff06f)
core   0: 0x8000e12c (0x00001f17) auipc   t5, 0x1
core   0: 3 0x8000e12c (0x00001f17) x30 0x8000f12c
core   0: 0x8000e130 (0xec3f2a23) sw      gp, -300(t5)
core   0: 3 0x8000e130 (0xec3f2a23) mem 0x8000f000 0x00000001
core   0: 0x8000e134 (0xff9ff06f) j       pc - 0x8
core   0: 3 0x8000e134 (0xff9ff06f)
core   0: 0x8000e12c (0x00001f17) auipc   t5, 0x1
core   0: 3 0x8000e12c (0x00001f17) x30 0x8000f12c
core   0: 0x8000e130 (0xec3f2a23) sw      gp, -300(t5)
core   0: 3 0x8000e130 (0xec3f2a23) mem 0x8000f000 0x00000001
core   0: 0x8000e134 (0xff9ff06f) j       pc - 0x8
core   0: 3 0x8000e134 (0xff9ff06f)
core   0: 0x8000e12c (0x00001f17) auipc   t5, 0x1
core   0: 3 0x8000e12c (0x00001f17) x30 0x8000f12c
core   0: 0x8000e130 (0xec3f2a23) sw      gp, -300(t5)
core   0: 3 0x8000e130 (0xec3f2a23) mem 0x8000f000 0x00000001
core   0: 0x8000e134 (0xff9ff06f) j       pc - 0x8
core   0: 3 0x8000e134 (0xff9ff06f)
core   0: 0x8000e12c (0x00001f17) auipc   t5, 0x1
core   0: 3 0x8000e12c (0x00001f17) x30 0x8000f12c
core   0: 0x8000e130 (0xec3f2a23) sw      gp, -300(t5)
core   0: 3 0x8000e130 (0xec3f2a23) mem 0x8000f000 0x00000001
core   0: 0x8000e134 (0xff9ff06f) j       pc - 0x8
core   0: 3 0x8000e134 (0xff9ff06f)
core   0: 0x8000e12c (0x00001f17) auipc   t5, 0x1
core   0: 3 0x8000e12c (0x00001f17) x30 0x8000f12c
core   0: 0x8000e130 (0xec3f2a23) sw      gp, -300(t5)
core   0: 3 0x8000e130 (0xec3f2a23) mem 0x8000f000 0x00000001
core   0: 0x8000e134 (0xff9ff06f) j       pc - 0x8
core   0: 3 0x8000e134 (0xff9ff06f)
core   0: 0x8000e12c (0x00001f17) auipc   t5, 0x1
core   0: 3 0x8000e12c (0x00001f17) x30 0x8000f12c
core   0: 0x8000e130 (0xec3f2a23) sw      gp, -300(t5)
core   0: 3 0x8000e130 (0xec3f2a23) mem 0x8000f000 0x00000001
core   0: 0x8000e134 (0xff9ff06f) j       pc - 0x8
core   0: 3 0x8000e134 (0xff9ff06f)
core   0: 0x8000e12c (0x00001f17) auipc   t5, 0x1
core   0: 3 0x8000e12c (0x00001f17) x30 0x8000f12c
core   0: 0x8000e130 (0xec3f2a23) sw      gp, -300(t5)
core   0: 3 0x8000e130 (0xec3f2a23) mem 0x8000f000 0x00000001
core   0: 0x8000e134 (0xff9ff06f) j       pc - 0x8
core   0: 3 0x8000e134 (0xff9ff06f)
core   0: 0x8000e12c (0x00001f17) auipc   t5, 0x1
core   0: 3 0x8000e12c (0x00001f17) x30 0x8000f12c
core   0: 0x8000e130 (0xec3f2a23) sw      gp, -300(t5)
core   0: 3 0x8000e130 (0xec3f2a23) mem 0x8000f000 0x00000001
core   0: 0x8000e134 (0xff9ff06f) j       pc - 0x8
core   0: 3 0x8000e134 (0xff9ff06f)
core   0: 0x8000e12c (0x00001f17) auipc   t5, 0x1
core   0: 3 0x8000e12c (0x00001f17) x30 0x8000f12c
core   0: 0x8000e130 (0xec3f2a23) sw      gp, -300(t5)
core   0: 3 0x8000e130 (0xec3f2a23) mem 0x8000f000 0x00000001
core   0: 0x8000e134 (0xff9ff06f) j       pc - 0x8
core   0: 3 0x8000e134 (0xff9ff06f)
core   0: 0x8000e12c (0x00001f17) auipc   t5, 0x1
core   0: 3 0x8000e12c (0x00001f17) x30 0x8000f12c
core   0: 0x8000e130 (0xec3f2a23) sw      gp, -300(t5)
core   0: 3 0x8000e130 (0xec3f2a23) mem 0x8000f000 0x00000001
core   0: 0x8000e134 (0xff9ff06f) j       pc - 0x8
core   0: 3 0x8000e134 (0xff9ff06f)
core   0: 0x8000e12c (0x00001f17) auipc   t5, 0x1
core   0: 3 0x8000e12c (0x00001f17) x30 0x8000f12c
core   0: 0x8000e130 (0xec3f2a23) sw      gp, -300(t5)
core   0: 3 0x8000e130 (0xec3f2a23) mem 0x8000f000 0x00000001
core   0: 0x8000e134 (0xff9ff06f) j       pc - 0x8
core   0: 3 0x8000e134 (0xff9ff06f)
core   0: 0x8000e12c (0x00001f17) auipc   t5, 0x1
core   0: 3 0x8000e12c (0x00001f17) x30 0x8000f12c
core   0: 0x8000e130 (0xec3f2a23) sw      gp, -300(t5)
core   0: 3 0x8000e130 (0xec3f2a23) mem 0x8000f000 0x00000001
core   0: 0x8000e134 (0xff9ff06f) j       pc - 0x8
core   0: 3 0x8000e134 (0xff9ff06f)
core   0: 0x8000e12c (0x00001f17) auipc   t5, 0x1
core   0: 3 0x8000e12c (0x00001f17) x30 0x8000f12c
core   0: 0x8000e130 (0xec3f2a23) sw      gp, -300(t5)
core   0: 3 0x8000e130 (0xec3f2a23) mem 0x8000f000 0x00000001
core   0: 0x8000e134 (0xff9ff06f) j       pc - 0x8
core   0: 3 0x8000e134 (0xff9ff06f)
core   0: 0x8000e12c (0x00001f17) auipc   t5, 0x1
core   0: 3 0x8000e12c (0x00001f17) x30 0x8000f12c
core   0: 0x8000e130 (0xec3f2a23) sw      gp, -300(t5)
core   0: 3 0x8000e130 (0xec3f2a23) mem 0x8000f000 0x00000001
core   0: 0x8000e134 (0xff9ff06f) j       pc - 0x8
core   0: 3 0x8000e134 (0xff9ff06f)
core   0: 0x8000e12c (0x00001f17) auipc   t5, 0x1
core   0: 3 0x8000e12c (0x00001f17) x30 0x8000f12c
core   0: 0x8000e130 (0xec3f2a23) sw      gp, -300(t5)
core   0: 3 0x8000e130 (0xec3f2a23) mem 0x8000f000 0x00000001
core   0: 0x8000e134 (0xff9ff06f) j       pc - 0x8
core   0: 3 0x8000e134 (0xff9ff06f)
core   0: 0x8000e12c (0x00001f17) auipc   t5, 0x1
core   0: 3 0x8000e12c (0x00001f17) x30 0x8000f12c
core   0: 0x8000e130 (0xec3f2a23) sw      gp, -300(t5)
core   0: 3 0x8000e130 (0xec3f2a23) mem 0x8000f000 0x00000001
core   0: 0x8000e134 (0xff9ff06f) j       pc - 0x8
core   0: 3 0x8000e134 (0xff9ff06f)
core   0: 0x8000e12c (0x00001f17) auipc   t5, 0x1
core   0: 3 0x8000e12c (0x00001f17) x30 0x8000f12c
core   0: 0x8000e130 (0xec3f2a23) sw      gp, -300(t5)
core   0: 3 0x8000e130 (0xec3f2a23) mem 0x8000f000 0x00000001
core   0: 0x8000e134 (0xff9ff06f) j       pc - 0x8
core   0: 3 0x8000e134 (0xff9ff06f)
core   0: 0x8000e12c (0x00001f17) auipc   t5, 0x1
core   0: 3 0x8000e12c (0x00001f17) x30 0x8000f12c
core   0: 0x8000e130 (0xec3f2a23) sw      gp, -300(t5)
core   0: 3 0x8000e130 (0xec3f2a23) mem 0x8000f000 0x00000001
core   0: 0x8000e134 (0xff9ff06f) j       pc - 0x8
core   0: 3 0x8000e134 (0xff9ff06f)
core   0: 0x8000e12c (0x00001f17) auipc   t5, 0x1
core   0: 3 0x8000e12c (0x00001f17) x30 0x8000f12c
core   0: 0x8000e130 (0xec3f2a23) sw      gp, -300(t5)
core   0: 3 0x8000e130 (0xec3f2a23) mem 0x8000f000 0x00000001
core   0: 0x8000e134 (0xff9ff06f) j       pc - 0x8
core   0: 3 0x8000e134 (0xff9ff06f)
core   0: 0x8000e12c (0x00001f17) auipc   t5, 0x1
core   0: 3 0x8000e12c (0x00001f17) x30 0x8000f12c
core   0: 0x8000e130 (0xec3f2a23) sw      gp, -300(t5)
core   0: 3 0x8000e130 (0xec3f2a23) mem 0x8000f000 0x00000001
core   0: 0x8000e134 (0xff9ff06f) j       pc - 0x8
core   0: 3 0x8000e134 (0xff9ff06f)
core   0: 0x8000e12c (0x00001f17) auipc   t5, 0x1
core   0: 3 0x8000e12c (0x00001f17) x30 0x8000f12c
core   0: 0x8000e130 (0xec3f2a23) sw      gp, -300(t5)
core   0: 3 0x8000e130 (0xec3f2a23) mem 0x8000f000 0x00000001
core   0: 0x8000e134 (0xff9ff06f) j       pc - 0x8
core   0: 3 0x8000e134 (0xff9ff06f)
core   0: 0x8000e12c (0x00001f17) auipc   t5, 0x1
core   0: 3 0x8000e12c (0x00001f17) x30 0x8000f12c
core   0: 0x8000e130 (0xec3f2a23) sw      gp, -300(t5)
core   0: 3 0x8000e130 (0xec3f2a23) mem 0x8000f000 0x00000001
core   0: 0x8000e134 (0xff9ff06f) j       pc - 0x8
core   0: 3 0x8000e134 (0xff9ff06f)
core   0: 0x8000e12c (0x00001f17) auipc   t5, 0x1
core   0: 3 0x8000e12c (0x00001f17) x30 0x8000f12c
core   0: 0x8000e130 (0xec3f2a23) sw      gp, -300(t5)
core   0: 3 0x8000e130 (0xec3f2a23) mem 0x8000f000 0x00000001
core   0: 0x8000e134 (0xff9ff06f) j       pc - 0x8
core   0: 3 0x8000e134 (0xff9ff06f)
core   0: 0x8000e12c (0x00001f17) auipc   t5, 0x1
core   0: 3 0x8000e12c (0x00001f17) x30 0x8000f12c
core   0: 0x8000e130 (0xec3f2a23) sw      gp, -300(t5)
core   0: 3 0x8000e130 (0xec3f2a23) mem 0x8000f000 0x00000001
core   0: 0x8000e134 (0xff9ff06f) j       pc - 0x8
core   0: 3 0x8000e134 (0xff9ff06f)
core   0: 0x8000e12c (0x00001f17) auipc   t5, 0x1
core   0: 3 0x8000e12c (0x00001f17) x30 0x8000f12c
core   0: 0x8000e130 (0xec3f2a23) sw      gp, -300(t5)
core   0: 3 0x8000e130 (0xec3f2a23) mem 0x8000f000 0x00000001
core   0: 0x8000e134 (0xff9ff06f) j       pc - 0x8
core   0: 3 0x8000e134 (0xff9ff06f)
core   0: 0x8000e12c (0x00001f17) auipc   t5, 0x1
core   0: 3 0x8000e12c (0x00001f17) x30 0x8000f12c
core   0: 0x8000e130 (0xec3f2a23) sw      gp, -300(t5)
core   0: 3 0x8000e130 (0xec3f2a23) mem 0x8000f000 0x00000001
core   0: 0x8000e134 (0xff9ff06f) j       pc - 0x8
core   0: 3 0x8000e134 (0xff9ff06f)
core   0: 0x8000e12c (0x00001f17) auipc   t5, 0x1
core   0: 3 0x8000e12c (0x00001f17) x30 0x8000f12c
core   0: 0x8000e130 (0xec3f2a23) sw      gp, -300(t5)
core   0: 3 0x8000e130 (0xec3f2a23) mem 0x8000f000 0x00000001
core   0: 0x8000e134 (0xff9ff06f) j       pc - 0x8
core   0: 3 0x8000e134 (0xff9ff06f)
core   0: 0x8000e12c (0x00001f17) auipc   t5, 0x1
core   0: 3 0x8000e12c (0x00001f17) x30 0x8000f12c
core   0: 0x8000e130 (0xec3f2a23) sw      gp, -300(t5)
core   0: 3 0x8000e130 (0xec3f2a23) mem 0x8000f000 0x00000001
core   0: 0x8000e134 (0xff9ff06f) j       pc - 0x8
core   0: 3 0x8000e134 (0xff9ff06f)
core   0: 0x8000e12c (0x00001f17) auipc   t5, 0x1
core   0: 3 0x8000e12c (0x00001f17) x30 0x8000f12c
core   0: 0x8000e130 (0xec3f2a23) sw      gp, -300(t5)
core   0: 3 0x8000e130 (0xec3f2a23) mem 0x8000f000 0x00000001
core   0: 0x8000e134 (0xff9ff06f) j       pc - 0x8
core   0: 3 0x8000e134 (0xff9ff06f)
core   0: 0x8000e12c (0x00001f17) auipc   t5, 0x1
core   0: 3 0x8000e12c (0x00001f17) x30 0x8000f12c
core   0: 0x8000e130 (0xec3f2a23) sw      gp, -300(t5)
core   0: 3 0x8000e130 (0xec3f2a23) mem 0x8000f000 0x00000001
core   0: 0x8000e134 (0xff9ff06f) j       pc - 0x8
core   0: 3 0x8000e134 (0xff9ff06f)
core   0: 0x8000e12c (0x00001f17) auipc   t5, 0x1
core   0: 3 0x8000e12c (0x00001f17) x30 0x8000f12c
core   0: 0x8000e130 (0xec3f2a23) sw      gp, -300(t5)
core   0: 3 0x8000e130 (0xec3f2a23) mem 0x8000f000 0x00000001
core   0: 0x8000e134 (0xff9ff06f) j       pc - 0x8
core   0: 3 0x8000e134 (0xff9ff06f)
core   0: 0x8000e12c (0x00001f17) auipc   t5, 0x1
core   0: 3 0x8000e12c (0x00001f17) x30 0x8000f12c
core   0: 0x8000e130 (0xec3f2a23) sw      gp, -300(t5)
core   0: 3 0x8000e130 (0xec3f2a23) mem 0x8000f000 0x00000001
core   0: 0x8000e134 (0xff9ff06f) j       pc - 0x8
core   0: 3 0x8000e134 (0xff9ff06f)
core   0: 0x8000e12c (0x00001f17) auipc   t5, 0x1
core   0: 3 0x8000e12c (0x00001f17) x30 0x8000f12c
core   0: 0x8000e130 (0xec3f2a23) sw      gp, -300(t5)
core   0: 3 0x8000e130 (0xec3f2a23) mem 0x8000f000 0x00000001
core   0: 0x8000e134 (0xff9ff06f) j       pc - 0x8
core   0: 3 0x8000e134 (0xff9ff06f)
core   0: 0x8000e12c (0x00001f17) auipc   t5, 0x1
core   0: 3 0x8000e12c (0x00001f17) x30 0x8000f12c
core   0: 0x8000e130 (0xec3f2a23) sw      gp, -300(t5)
core   0: 3 0x8000e130 (0xec3f2a23) mem 0x8000f000 0x00000001
core   0: 0x8000e134 (0xff9ff06f) j       pc - 0x8
core   0: 3 0x8000e134 (0xff9ff06f)
core   0: 0x8000e12c (0x00001f17) auipc   t5, 0x1
core   0: 3 0x8000e12c (0x00001f17) x30 0x8000f12c
core   0: 0x8000e130 (0xec3f2a23) sw      gp, -300(t5)
core   0: 3 0x8000e130 (0xec3f2a23) mem 0x8000f000 0x00000001
core   0: 0x8000e134 (0xff9ff06f) j       pc - 0x8
core   0: 3 0x8000e134 (0xff9ff06f)
core   0: 0x8000e12c (0x00001f17) auipc   t5, 0x1
core   0: 3 0x8000e12c (0x00001f17) x30 0x8000f12c
core   0: 0x8000e130 (0xec3f2a23) sw      gp, -300(t5)
core   0: 3 0x8000e130 (0xec3f2a23) mem 0x8000f000 0x00000001
core   0: 0x8000e134 (0xff9ff06f) j       pc - 0x8
core   0: 3 0x8000e134 (0xff9ff06f)
core   0: 0x8000e12c (0x00001f17) auipc   t5, 0x1
core   0: 3 0x8000e12c (0x00001f17) x30 0x8000f12c
core   0: 0x8000e130 (0xec3f2a23) sw      gp, -300(t5)
core   0: 3 0x8000e130 (0xec3f2a23) mem 0x8000f000 0x00000001
core   0: 0x8000e134 (0xff9ff06f) j       pc - 0x8
core   0: 3 0x8000e134 (0xff9ff06f)
core   0: 0x8000e12c (0x00001f17) auipc   t5, 0x1
core   0: 3 0x8000e12c (0x00001f17) x30 0x8000f12c
core   0: 0x8000e130 (0xec3f2a23) sw      gp, -300(t5)
core   0: 3 0x8000e130 (0xec3f2a23) mem 0x8000f000 0x00000001
core   0: 0x8000e134 (0xff9ff06f) j       pc - 0x8
core   0: 3 0x8000e134 (0xff9ff06f)
core   0: 0x8000e12c (0x00001f17) auipc   t5, 0x1
core   0: 3 0x8000e12c (0x00001f17) x30 0x8000f12c
core   0: 0x8000e130 (0xec3f2a23) sw      gp, -300(t5)
core   0: 3 0x8000e130 (0xec3f2a23) mem 0x8000f000 0x00000001
core   0: 0x8000e134 (0xff9ff06f) j       pc - 0x8
core   0: 3 0x8000e134 (0xff9ff06f)
core   0: 0x8000e12c (0x00001f17) auipc   t5, 0x1
core   0: 3 0x8000e12c (0x00001f17) x30 0x8000f12c
core   0: 0x8000e130 (0xec3f2a23) sw      gp, -300(t5)
core   0: 3 0x8000e130 (0xec3f2a23) mem 0x8000f000 0x00000001
core   0: 0x8000e134 (0xff9ff06f) j       pc - 0x8
core   0: 3 0x8000e134 (0xff9ff06f)
core   0: 0x8000e12c (0x00001f17) auipc   t5, 0x1
core   0: 3 0x8000e12c (0x00001f17) x30 0x8000f12c
core   0: 0x8000e130 (0xec3f2a23) sw      gp, -300(t5)
core   0: 3 0x8000e130 (0xec3f2a23) mem 0x8000f000 0x00000001
core   0: 0x8000e134 (0xff9ff06f) j       pc - 0x8
core   0: 3 0x8000e134 (0xff9ff06f)
core   0: 0x8000e12c (0x00001f17) auipc   t5, 0x1
core   0: 3 0x8000e12c (0x00001f17) x30 0x8000f12c
core   0: 0x8000e130 (0xec3f2a23) sw      gp, -300(t5)
core   0: 3 0x8000e130 (0xec3f2a23) mem 0x8000f000 0x00000001
core   0: 0x8000e134 (0xff9ff06f) j       pc - 0x8
core   0: 3 0x8000e134 (0xff9ff06f)
core   0: 0x8000e12c (0x00001f17) auipc   t5, 0x1
core   0: 3 0x8000e12c (0x00001f17) x30 0x8000f12c
core   0: 0x8000e130 (0xec3f2a23) sw      gp, -300(t5)
core   0: 3 0x8000e130 (0xec3f2a23) mem 0x8000f000 0x00000001
core   0: 0x8000e134 (0xff9ff06f) j       pc - 0x8
core   0: 3 0x8000e134 (0xff9ff06f)
core   0: 0x8000e12c (0x00001f17) auipc   t5, 0x1
core   0: 3 0x8000e12c (0x00001f17) x30 0x8000f12c
core   0: 0x8000e130 (0xec3f2a23) sw      gp, -300(t5)
core   0: 3 0x8000e130 (0xec3f2a23) mem 0x8000f000 0x00000001
core   0: 0x8000e134 (0xff9ff06f) j       pc - 0x8
core   0: 3 0x8000e134 (0xff9ff06f)
core   0: 0x8000e12c (0x00001f17) auipc   t5, 0x1
core   0: 3 0x8000e12c (0x00001f17) x30 0x8000f12c
core   0: 0x8000e130 (0xec3f2a23) sw      gp, -300(t5)
core   0: 3 0x8000e130 (0xec3f2a23) mem 0x8000f000 0x00000001
core   0: 0x8000e134 (0xff9ff06f) j       pc - 0x8
core   0: 3 0x8000e134 (0xff9ff06f)
core   0: 0x8000e12c (0x00001f17) auipc   t5, 0x1
core   0: 3 0x8000e12c (0x00001f17) x30 0x8000f12c
core   0: 0x8000e130 (0xec3f2a23) sw      gp, -300(t5)
core   0: 3 0x8000e130 (0xec3f2a23) mem 0x8000f000 0x00000001
core   0: 0x8000e134 (0xff9ff06f) j       pc - 0x8
core   0: 3 0x8000e134 (0xff9ff06f)
core   0: 0x8000e12c (0x00001f17) auipc   t5, 0x1
core   0: 3 0x8000e12c (0x00001f17) x30 0x8000f12c
core   0: 0x8000e130 (0xec3f2a23) sw      gp, -300(t5)
core   0: 3 0x8000e130 (0xec3f2a23) mem 0x8000f000 0x00000001
core   0: 0x8000e134 (0xff9ff06f) j       pc - 0x8
core   0: 3 0x8000e134 (0xff9ff06f)
core   0: 0x8000e12c (0x00001f17) auipc   t5, 0x1
core   0: 3 0x8000e12c (0x00001f17) x30 0x8000f12c
core   0: 0x8000e130 (0xec3f2a23) sw      gp, -300(t5)
core   0: 3 0x8000e130 (0xec3f2a23) mem 0x8000f000 0x00000001
core   0: 0x8000e134 (0xff9ff06f) j       pc - 0x8
core   0: 3 0x8000e134 (0xff9ff06f)
core   0: 0x8000e12c (0x00001f17) auipc   t5, 0x1
core   0: 3 0x8000e12c (0x00001f17) x30 0x8000f12c
core   0: 0x8000e130 (0xec3f2a23) sw      gp, -300(t5)
core   0: 3 0x8000e130 (0xec3f2a23) mem 0x8000f000 0x00000001
core   0: 0x8000e134 (0xff9ff06f) j       pc - 0x8
core   0: 3 0x8000e134 (0xff9ff06f)
core   0: 0x8000e12c (0x00001f17) auipc   t5, 0x1
core   0: 3 0x8000e12c (0x00001f17) x30 0x8000f12c
core   0: 0x8000e130 (0xec3f2a23) sw      gp, -300(t5)
core   0: 3 0x8000e130 (0xec3f2a23) mem 0x8000f000 0x00000001
core   0: 0x8000e134 (0xff9ff06f) j       pc - 0x8
core   0: 3 0x8000e134 (0xff9ff06f)
core   0: 0x8000e12c (0x00001f17) auipc   t5, 0x1
core   0: 3 0x8000e12c (0x00001f17) x30 0x8000f12c
core   0: 0x8000e130 (0xec3f2a23) sw      gp, -300(t5)
core   0: 3 0x8000e130 (0xec3f2a23) mem 0x8000f000 0x00000001
core   0: 0x8000e134 (0xff9ff06f) j       pc - 0x8
core   0: 3 0x8000e134 (0xff9ff06f)
core   0: 0x8000e12c (0x00001f17) auipc   t5, 0x1
core   0: 3 0x8000e12c (0x00001f17) x30 0x8000f12c
core   0: 0x8000e130 (0xec3f2a23) sw      gp, -300(t5)
core   0: 3 0x8000e130 (0xec3f2a23) mem 0x8000f000 0x00000001
core   0: 0x8000e134 (0xff9ff06f) j       pc - 0x8
core   0: 3 0x8000e134 (0xff9ff06f)
core   0: 0x8000e12c (0x00001f17) auipc   t5, 0x1
core   0: 3 0x8000e12c (0x00001f17) x30 0x8000f12c
core   0: 0x8000e130 (0xec3f2a23) sw      gp, -300(t5)
core   0: 3 0x8000e130 (0xec3f2a23) mem 0x8000f000 0x00000001
core   0: 0x8000e134 (0xff9ff06f) j       pc - 0x8
core   0: 3 0x8000e134 (0xff9ff06f)
core   0: 0x8000e12c (0x00001f17) auipc   t5, 0x1
core   0: 3 0x8000e12c (0x00001f17) x30 0x8000f12c
core   0: 0x8000e130 (0xec3f2a23) sw      gp, -300(t5)
core   0: 3 0x8000e130 (0xec3f2a23) mem 0x8000f000 0x00000001
core   0: 0x8000e134 (0xff9ff06f) j       pc - 0x8
core   0: 3 0x8000e134 (0xff9ff06f)
core   0: 0x8000e12c (0x00001f17) auipc   t5, 0x1
core   0: 3 0x8000e12c (0x00001f17) x30 0x8000f12c
core   0: 0x8000e130 (0xec3f2a23) sw      gp, -300(t5)
core   0: 3 0x8000e130 (0xec3f2a23) mem 0x8000f000 0x00000001
core   0: 0x8000e134 (0xff9ff06f) j       pc - 0x8
core   0: 3 0x8000e134 (0xff9ff06f)
core   0: 0x8000e12c (0x00001f17) auipc   t5, 0x1
core   0: 3 0x8000e12c (0x00001f17) x30 0x8000f12c
core   0: 0x8000e130 (0xec3f2a23) sw      gp, -300(t5)
core   0: 3 0x8000e130 (0xec3f2a23) mem 0x8000f000 0x00000001
core   0: 0x8000e134 (0xff9ff06f) j       pc - 0x8
core   0: 3 0x8000e134 (0xff9ff06f)
core   0: 0x8000e12c (0x00001f17) auipc   t5, 0x1
core   0: 3 0x8000e12c (0x00001f17) x30 0x8000f12c
core   0: 0x8000e130 (0xec3f2a23) sw      gp, -300(t5)
core   0: 3 0x8000e130 (0xec3f2a23) mem 0x8000f000 0x00000001
core   0: 0x8000e134 (0xff9ff06f) j       pc - 0x8
core   0: 3 0x8000e134 (0xff9ff06f)
core   0: 0x8000e12c (0x00001f17) auipc   t5, 0x1
core   0: 3 0x8000e12c (0x00001f17) x30 0x8000f12c
core   0: 0x8000e130 (0xec3f2a23) sw      gp, -300(t5)
core   0: 3 0x8000e130 (0xec3f2a23) mem 0x8000f000 0x00000001
core   0: 0x8000e134 (0xff9ff06f) j       pc - 0x8
core   0: 3 0x8000e134 (0xff9ff06f)
core   0: 0x8000e12c (0x00001f17) auipc   t5, 0x1
core   0: 3 0x8000e12c (0x00001f17) x30 0x8000f12c
core   0: 0x8000e130 (0xec3f2a23) sw      gp, -300(t5)
core   0: 3 0x8000e130 (0xec3f2a23) mem 0x8000f000 0x00000001
core   0: 0x8000e134 (0xff9ff06f) j       pc - 0x8
core   0: 3 0x8000e134 (0xff9ff06f)
core   0: 0x8000e12c (0x00001f17) auipc   t5, 0x1
core   0: 3 0x8000e12c (0x00001f17) x30 0x8000f12c
core   0: 0x8000e130 (0xec3f2a23) sw      gp, -300(t5)
core   0: 3 0x8000e130 (0xec3f2a23) mem 0x8000f000 0x00000001
core   0: 0x8000e134 (0xff9ff06f) j       pc - 0x8
core   0: 3 0x8000e134 (0xff9ff06f)
core   0: 0x8000e12c (0x00001f17) auipc   t5, 0x1
core   0: 3 0x8000e12c (0x00001f17) x30 0x8000f12c
core   0: 0x8000e130 (0xec3f2a23) sw      gp, -300(t5)
core   0: 3 0x8000e130 (0xec3f2a23) mem 0x8000f000 0x00000001
core   0: 0x8000e134 (0xff9ff06f) j       pc - 0x8
core   0: 3 0x8000e134 (0xff9ff06f)
core   0: 0x8000e12c (0x00001f17) auipc   t5, 0x1
core   0: 3 0x8000e12c (0x00001f17) x30 0x8000f12c
core   0: 0x8000e130 (0xec3f2a23) sw      gp, -300(t5)
core   0: 3 0x8000e130 (0xec3f2a23) mem 0x8000f000 0x00000001
core   0: 0x8000e134 (0xff9ff06f) j       pc - 0x8
core   0: 3 0x8000e134 (0xff9ff06f)
core   0: 0x8000e12c (0x00001f17) auipc   t5, 0x1
core   0: 3 0x8000e12c (0x00001f17) x30 0x8000f12c
core   0: 0x8000e130 (0xec3f2a23) sw      gp, -300(t5)
core   0: 3 0x8000e130 (0xec3f2a23) mem 0x8000f000 0x00000001
core   0: 0x8000e134 (0xff9ff06f) j       pc - 0x8
core   0: 3 0x8000e134 (0xff9ff06f)
core   0: 0x8000e12c (0x00001f17) auipc   t5, 0x1
core   0: 3 0x8000e12c (0x00001f17) x30 0x8000f12c
core   0: 0x8000e130 (0xec3f2a23) sw      gp, -300(t5)
core   0: 3 0x8000e130 (0xec3f2a23) mem 0x8000f000 0x00000001
core   0: 0x8000e134 (0xff9ff06f) j       pc - 0x8
core   0: 3 0x8000e134 (0xff9ff06f)
core   0: 0x8000e12c (0x00001f17) auipc   t5, 0x1
core   0: 3 0x8000e12c (0x00001f17) x30 0x8000f12c
core   0: 0x8000e130 (0xec3f2a23) sw      gp, -300(t5)
core   0: 3 0x8000e130 (0xec3f2a23) mem 0x8000f000 0x00000001
core   0: 0x8000e134 (0xff9ff06f) j       pc - 0x8
core   0: 3 0x8000e134 (0xff9ff06f)
core   0: 0x8000e12c (0x00001f17) auipc   t5, 0x1
core   0: 3 0x8000e12c (0x00001f17) x30 0x8000f12c
core   0: 0x8000e130 (0xec3f2a23) sw      gp, -300(t5)
core   0: 3 0x8000e130 (0xec3f2a23) mem 0x8000f000 0x00000001
core   0: 0x8000e134 (0xff9ff06f) j       pc - 0x8
core   0: 3 0x8000e134 (0xff9ff06f)
core   0: 0x8000e12c (0x00001f17) auipc   t5, 0x1
core   0: 3 0x8000e12c (0x00001f17) x30 0x8000f12c
core   0: 0x8000e130 (0xec3f2a23) sw      gp, -300(t5)
core   0: 3 0x8000e130 (0xec3f2a23) mem 0x8000f000 0x00000001
core   0: 0x8000e134 (0xff9ff06f) j       pc - 0x8
core   0: 3 0x8000e134 (0xff9ff06f)
core   0: 0x8000e12c (0x00001f17) auipc   t5, 0x1
core   0: 3 0x8000e12c (0x00001f17) x30 0x8000f12c
core   0: 0x8000e130 (0xec3f2a23) sw      gp, -300(t5)
core   0: 3 0x8000e130 (0xec3f2a23) mem 0x8000f000 0x00000001
core   0: 0x8000e134 (0xff9ff06f) j       pc - 0x8
core   0: 3 0x8000e134 (0xff9ff06f)
core   0: 0x8000e12c (0x00001f17) auipc   t5, 0x1
core   0: 3 0x8000e12c (0x00001f17) x30 0x8000f12c
core   0: 0x8000e130 (0xec3f2a23) sw      gp, -300(t5)
core   0: 3 0x8000e130 (0xec3f2a23) mem 0x8000f000 0x00000001
core   0: 0x8000e134 (0xff9ff06f) j       pc - 0x8
core   0: 3 0x8000e134 (0xff9ff06f)
core   0: 0x8000e12c (0x00001f17) auipc   t5, 0x1
core   0: 3 0x8000e12c (0x00001f17) x30 0x8000f12c
core   0: 0x8000e130 (0xec3f2a23) sw      gp, -300(t5)
core   0: 3 0x8000e130 (0xec3f2a23) mem 0x8000f000 0x00000001
core   0: 0x8000e134 (0xff9ff06f) j       pc - 0x8
core   0: 3 0x8000e134 (0xff9ff06f)
core   0: 0x8000e12c (0x00001f17) auipc   t5, 0x1
core   0: 3 0x8000e12c (0x00001f17) x30 0x8000f12c
core   0: 0x8000e130 (0xec3f2a23) sw      gp, -300(t5)
core   0: 3 0x8000e130 (0xec3f2a23) mem 0x8000f000 0x00000001
core   0: 0x8000e134 (0xff9ff06f) j       pc - 0x8
core   0: 3 0x8000e134 (0xff9ff06f)
core   0: 0x8000e12c (0x00001f17) auipc   t5, 0x1
core   0: 3 0x8000e12c (0x00001f17) x30 0x8000f12c
core   0: 0x8000e130 (0xec3f2a23) sw      gp, -300(t5)
core   0: 3 0x8000e130 (0xec3f2a23) mem 0x8000f000 0x00000001
core   0: 0x8000e134 (0xff9ff06f) j       pc - 0x8
core   0: 3 0x8000e134 (0xff9ff06f)
core   0: 0x8000e12c (0x00001f17) auipc   t5, 0x1
core   0: 3 0x8000e12c (0x00001f17) x30 0x8000f12c
core   0: 0x8000e130 (0xec3f2a23) sw      gp, -300(t5)
core   0: 3 0x8000e130 (0xec3f2a23) mem 0x8000f000 0x00000001
core   0: 0x8000e134 (0xff9ff06f) j       pc - 0x8
core   0: 3 0x8000e134 (0xff9ff06f)
core   0: 0x8000e12c (0x00001f17) auipc   t5, 0x1
core   0: 3 0x8000e12c (0x00001f17) x30 0x8000f12c
core   0: 0x8000e130 (0xec3f2a23) sw      gp, -300(t5)
core   0: 3 0x8000e130 (0xec3f2a23) mem 0x8000f000 0x00000001
core   0: 0x8000e134 (0xff9ff06f) j       pc - 0x8
core   0: 3 0x8000e134 (0xff9ff06f)
core   0: 0x8000e12c (0x00001f17) auipc   t5, 0x1
core   0: 3 0x8000e12c (0x00001f17) x30 0x8000f12c
core   0: 0x8000e130 (0xec3f2a23) sw      gp, -300(t5)
core   0: 3 0x8000e130 (0xec3f2a23) mem 0x8000f000 0x00000001
core   0: 0x8000e134 (0xff9ff06f) j       pc - 0x8
core   0: 3 0x8000e134 (0xff9ff06f)
core   0: 0x8000e12c (0x00001f17) auipc   t5, 0x1
core   0: 3 0x8000e12c (0x00001f17) x30 0x8000f12c
core   0: 0x8000e130 (0xec3f2a23) sw      gp, -300(t5)
core   0: 3 0x8000e130 (0xec3f2a23) mem 0x8000f000 0x00000001
core   0: 0x8000e134 (0xff9ff06f) j       pc - 0x8
core   0: 3 0x8000e134 (0xff9ff06f)
core   0: 0x8000e12c (0x00001f17) auipc   t5, 0x1
core   0: 3 0x8000e12c (0x00001f17) x30 0x8000f12c
core   0: 0x8000e130 (0xec3f2a23) sw      gp, -300(t5)
core   0: 3 0x8000e130 (0xec3f2a23) mem 0x8000f000 0x00000001
core   0: 0x8000e134 (0xff9ff06f) j       pc - 0x8
core   0: 3 0x8000e134 (0xff9ff06f)
core   0: 0x8000e12c (0x00001f17) auipc   t5, 0x1
core   0: 3 0x8000e12c (0x00001f17) x30 0x8000f12c
core   0: 0x8000e130 (0xec3f2a23) sw      gp, -300(t5)
core   0: 3 0x8000e130 (0xec3f2a23) mem 0x8000f000 0x00000001
core   0: 0x8000e134 (0xff9ff06f) j       pc - 0x8
core   0: 3 0x8000e134 (0xff9ff06f)
core   0: 0x8000e12c (0x00001f17) auipc   t5, 0x1
core   0: 3 0x8000e12c (0x00001f17) x30 0x8000f12c
core   0: 0x8000e130 (0xec3f2a23) sw      gp, -300(t5)
core   0: 3 0x8000e130 (0xec3f2a23) mem 0x8000f000 0x00000001
core   0: 0x8000e134 (0xff9ff06f) j       pc - 0x8
core   0: 3 0x8000e134 (0xff9ff06f)
core   0: 0x8000e12c (0x00001f17) auipc   t5, 0x1
core   0: 3 0x8000e12c (0x00001f17) x30 0x8000f12c
core   0: 0x8000e130 (0xec3f2a23) sw      gp, -300(t5)
core   0: 3 0x8000e130 (0xec3f2a23) mem 0x8000f000 0x00000001
core   0: 0x8000e134 (0xff9ff06f) j       pc - 0x8
core   0: 3 0x8000e134 (0xff9ff06f)
core   0: 0x8000e12c (0x00001f17) auipc   t5, 0x1
core   0: 3 0x8000e12c (0x00001f17) x30 0x8000f12c
core   0: 0x8000e130 (0xec3f2a23) sw      gp, -300(t5)
core   0: 3 0x8000e130 (0xec3f2a23) mem 0x8000f000 0x00000001
core   0: 0x8000e134 (0xff9ff06f) j       pc - 0x8
core   0: 3 0x8000e134 (0xff9ff06f)
core   0: 0x8000e12c (0x00001f17) auipc   t5, 0x1
core   0: 3 0x8000e12c (0x00001f17) x30 0x8000f12c
core   0: 0x8000e130 (0xec3f2a23) sw      gp, -300(t5)
core   0: 3 0x8000e130 (0xec3f2a23) mem 0x8000f000 0x00000001
core   0: 0x8000e134 (0xff9ff06f) j       pc - 0x8
core   0: 3 0x8000e134 (0xff9ff06f)
core   0: 0x8000e12c (0x00001f17) auipc   t5, 0x1
core   0: 3 0x8000e12c (0x00001f17) x30 0x8000f12c
core   0: 0x8000e130 (0xec3f2a23) sw      gp, -300(t5)
core   0: 3 0x8000e130 (0xec3f2a23) mem 0x8000f000 0x00000001
core   0: 0x8000e134 (0xff9ff06f) j       pc - 0x8
core   0: 3 0x8000e134 (0xff9ff06f)
core   0: 0x8000e12c (0x00001f17) auipc   t5, 0x1
core   0: 3 0x8000e12c (0x00001f17) x30 0x8000f12c
core   0: 0x8000e130 (0xec3f2a23) sw      gp, -300(t5)
core   0: 3 0x8000e130 (0xec3f2a23) mem 0x8000f000 0x00000001
core   0: 0x8000e134 (0xff9ff06f) j       pc - 0x8
core   0: 3 0x8000e134 (0xff9ff06f)
core   0: 0x8000e12c (0x00001f17) auipc   t5, 0x1
core   0: 3 0x8000e12c (0x00001f17) x30 0x8000f12c
core   0: 0x8000e130 (0xec3f2a23) sw      gp, -300(t5)
core   0: 3 0x8000e130 (0xec3f2a23) mem 0x8000f000 0x00000001
core   0: 0x8000e134 (0xff9ff06f) j       pc - 0x8
core   0: 3 0x8000e134 (0xff9ff06f)
core   0: 0x8000e12c (0x00001f17) auipc   t5, 0x1
core   0: 3 0x8000e12c (0x00001f17) x30 0x8000f12c
core   0: 0x8000e130 (0xec3f2a23) sw      gp, -300(t5)
core   0: 3 0x8000e130 (0xec3f2a23) mem 0x8000f000 0x00000001
core   0: 0x8000e134 (0xff9ff06f) j       pc - 0x8
core   0: 3 0x8000e134 (0xff9ff06f)
core   0: 0x8000e12c (0x00001f17) auipc   t5, 0x1
core   0: 3 0x8000e12c (0x00001f17) x30 0x8000f12c
core   0: 0x8000e130 (0xec3f2a23) sw      gp, -300(t5)
core   0: 3 0x8000e130 (0xec3f2a23) mem 0x8000f000 0x00000001
core   0: 0x8000e134 (0xff9ff06f) j       pc - 0x8
core   0: 3 0x8000e134 (0xff9ff06f)
core   0: 0x8000e12c (0x00001f17) auipc   t5, 0x1
core   0: 3 0x8000e12c (0x00001f17) x30 0x8000f12c
core   0: 0x8000e130 (0xec3f2a23) sw      gp, -300(t5)
core   0: 3 0x8000e130 (0xec3f2a23) mem 0x8000f000 0x00000001
core   0: 0x8000e134 (0xff9ff06f) j       pc - 0x8
core   0: 3 0x8000e134 (0xff9ff06f)
core   0: 0x8000e12c (0x00001f17) auipc   t5, 0x1
core   0: 3 0x8000e12c (0x00001f17) x30 0x8000f12c
core   0: 0x8000e130 (0xec3f2a23) sw      gp, -300(t5)
core   0: 3 0x8000e130 (0xec3f2a23) mem 0x8000f000 0x00000001
core   0: 0x8000e134 (0xff9ff06f) j       pc - 0x8
core   0: 3 0x8000e134 (0xff9ff06f)
core   0: 0x8000e12c (0x00001f17) auipc   t5, 0x1
core   0: 3 0x8000e12c (0x00001f17) x30 0x8000f12c
core   0: 0x8000e130 (0xec3f2a23) sw      gp, -300(t5)
core   0: 3 0x8000e130 (0xec3f2a23) mem 0x8000f000 0x00000001
core   0: 0x8000e134 (0xff9ff06f) j       pc - 0x8
core   0: 3 0x8000e134 (0xff9ff06f)
core   0: 0x8000e12c (0x00001f17) auipc   t5, 0x1
core   0: 3 0x8000e12c (0x00001f17) x30 0x8000f12c
core   0: 0x8000e130 (0xec3f2a23) sw      gp, -300(t5)
core   0: 3 0x8000e130 (0xec3f2a23) mem 0x8000f000 0x00000001
core   0: 0x8000e134 (0xff9ff06f) j       pc - 0x8
core   0: 3 0x8000e134 (0xff9ff06f)
core   0: 0x8000e12c (0x00001f17) auipc   t5, 0x1
core   0: 3 0x8000e12c (0x00001f17) x30 0x8000f12c
core   0: 0x8000e130 (0xec3f2a23) sw      gp, -300(t5)
core   0: 3 0x8000e130 (0xec3f2a23) mem 0x8000f000 0x00000001
core   0: 0x8000e134 (0xff9ff06f) j       pc - 0x8
core   0: 3 0x8000e134 (0xff9ff06f)
core   0: 0x8000e12c (0x00001f17) auipc   t5, 0x1
core   0: 3 0x8000e12c (0x00001f17) x30 0x8000f12c
core   0: 0x8000e130 (0xec3f2a23) sw      gp, -300(t5)
core   0: 3 0x8000e130 (0xec3f2a23) mem 0x8000f000 0x00000001
core   0: 0x8000e134 (0xff9ff06f) j       pc - 0x8
core   0: 3 0x8000e134 (0xff9ff06f)
core   0: 0x8000e12c (0x00001f17) auipc   t5, 0x1
core   0: 3 0x8000e12c (0x00001f17) x30 0x8000f12c
core   0: 0x8000e130 (0xec3f2a23) sw      gp, -300(t5)
core   0: 3 0x8000e130 (0xec3f2a23) mem 0x8000f000 0x00000001
core   0: 0x8000e134 (0xff9ff06f) j       pc - 0x8
core   0: 3 0x8000e134 (0xff9ff06f)
core   0: 0x8000e12c (0x00001f17) auipc   t5, 0x1
core   0: 3 0x8000e12c (0x00001f17) x30 0x8000f12c
core   0: 0x8000e130 (0xec3f2a23) sw      gp, -300(t5)
core   0: 3 0x8000e130 (0xec3f2a23) mem 0x8000f000 0x00000001
core   0: 0x8000e134 (0xff9ff06f) j       pc - 0x8
core   0: 3 0x8000e134 (0xff9ff06f)
core   0: 0x8000e12c (0x00001f17) auipc   t5, 0x1
core   0: 3 0x8000e12c (0x00001f17) x30 0x8000f12c
core   0: 0x8000e130 (0xec3f2a23) sw      gp, -300(t5)
core   0: 3 0x8000e130 (0xec3f2a23) mem 0x8000f000 0x00000001
core   0: 0x8000e134 (0xff9ff06f) j       pc - 0x8
core   0: 3 0x8000e134 (0xff9ff06f)
core   0: 0x8000e12c (0x00001f17) auipc   t5, 0x1
core   0: 3 0x8000e12c (0x00001f17) x30 0x8000f12c
core   0: 0x8000e130 (0xec3f2a23) sw      gp, -300(t5)
core   0: 3 0x8000e130 (0xec3f2a23) mem 0x8000f000 0x00000001
core   0: 0x8000e134 (0xff9ff06f) j       pc - 0x8
core   0: 3 0x8000e134 (0xff9ff06f)
core   0: 0x8000e12c (0x00001f17) auipc   t5, 0x1
core   0: 3 0x8000e12c (0x00001f17) x30 0x8000f12c
core   0: 0x8000e130 (0xec3f2a23) sw      gp, -300(t5)
core   0: 3 0x8000e130 (0xec3f2a23) mem 0x8000f000 0x00000001
core   0: 0x8000e134 (0xff9ff06f) j       pc - 0x8
core   0: 3 0x8000e134 (0xff9ff06f)
core   0: 0x8000e12c (0x00001f17) auipc   t5, 0x1
core   0: 3 0x8000e12c (0x00001f17) x30 0x8000f12c
core   0: 0x8000e130 (0xec3f2a23) sw      gp, -300(t5)
core   0: 3 0x8000e130 (0xec3f2a23) mem 0x8000f000 0x00000001
core   0: 0x8000e134 (0xff9ff06f) j       pc - 0x8
core   0: 3 0x8000e134 (0xff9ff06f)
core   0: 0x8000e12c (0x00001f17) auipc   t5, 0x1
core   0: 3 0x8000e12c (0x00001f17) x30 0x8000f12c
core   0: 0x8000e130 (0xec3f2a23) sw      gp, -300(t5)
core   0: 3 0x8000e130 (0xec3f2a23) mem 0x8000f000 0x00000001
core   0: 0x8000e134 (0xff9ff06f) j       pc - 0x8
core   0: 3 0x8000e134 (0xff9ff06f)
core   0: 0x8000e12c (0x00001f17) auipc   t5, 0x1
core   0: 3 0x8000e12c (0x00001f17) x30 0x8000f12c
core   0: 0x8000e130 (0xec3f2a23) sw      gp, -300(t5)
core   0: 3 0x8000e130 (0xec3f2a23) mem 0x8000f000 0x00000001
core   0: 0x8000e134 (0xff9ff06f) j       pc - 0x8
core   0: 3 0x8000e134 (0xff9ff06f)
core   0: 0x8000e12c (0x00001f17) auipc   t5, 0x1
core   0: 3 0x8000e12c (0x00001f17) x30 0x8000f12c
core   0: 0x8000e130 (0xec3f2a23) sw      gp, -300(t5)
core   0: 3 0x8000e130 (0xec3f2a23) mem 0x8000f000 0x00000001
core   0: 0x8000e134 (0xff9ff06f) j       pc - 0x8
core   0: 3 0x8000e134 (0xff9ff06f)
core   0: 0x8000e12c (0x00001f17) auipc   t5, 0x1
core   0: 3 0x8000e12c (0x00001f17) x30 0x8000f12c
core   0: 0x8000e130 (0xec3f2a23) sw      gp, -300(t5)
core   0: 3 0x8000e130 (0xec3f2a23) mem 0x8000f000 0x00000001
core   0: 0x8000e134 (0xff9ff06f) j       pc - 0x8
core   0: 3 0x8000e134 (0xff9ff06f)
core   0: 0x8000e12c (0x00001f17) auipc   t5, 0x1
core   0: 3 0x8000e12c (0x00001f17) x30 0x8000f12c
core   0: 0x8000e130 (0xec3f2a23) sw      gp, -300(t5)
core   0: 3 0x8000e130 (0xec3f2a23) mem 0x8000f000 0x00000001
core   0: 0x8000e134 (0xff9ff06f) j       pc - 0x8
core   0: 3 0x8000e134 (0xff9ff06f)
core   0: 0x8000e12c (0x00001f17) auipc   t5, 0x1
core   0: 3 0x8000e12c (0x00001f17) x30 0x8000f12c
core   0: 0x8000e130 (0xec3f2a23) sw      gp, -300(t5)
core   0: 3 0x8000e130 (0xec3f2a23) mem 0x8000f000 0x00000001
core   0: 0x8000e134 (0xff9ff06f) j       pc - 0x8
core   0: 3 0x8000e134 (0xff9ff06f)
core   0: 0x8000e12c (0x00001f17) auipc   t5, 0x1
core   0: 3 0x8000e12c (0x00001f17) x30 0x8000f12c
core   0: 0x8000e130 (0xec3f2a23) sw      gp, -300(t5)
core   0: 3 0x8000e130 (0xec3f2a23) mem 0x8000f000 0x00000001
core   0: 0x8000e134 (0xff9ff06f) j       pc - 0x8
core   0: 3 0x8000e134 (0xff9ff06f)
core   0: 0x8000e12c (0x00001f17) auipc   t5, 0x1
core   0: 3 0x8000e12c (0x00001f17) x30 0x8000f12c
core   0: 0x8000e130 (0xec3f2a23) sw      gp, -300(t5)
core   0: 3 0x8000e130 (0xec3f2a23) mem 0x8000f000 0x00000001
core   0: 0x8000e134 (0xff9ff06f) j       pc - 0x8
core   0: 3 0x8000e134 (0xff9ff06f)
core   0: 0x8000e12c (0x00001f17) auipc   t5, 0x1
core   0: 3 0x8000e12c (0x00001f17) x30 0x8000f12c
core   0: 0x8000e130 (0xec3f2a23) sw      gp, -300(t5)
core   0: 3 0x8000e130 (0xec3f2a23) mem 0x8000f000 0x00000001
core   0: 0x8000e134 (0xff9ff06f) j       pc - 0x8
core   0: 3 0x8000e134 (0xff9ff06f)
core   0: 0x8000e12c (0x00001f17) auipc   t5, 0x1
core   0: 3 0x8000e12c (0x00001f17) x30 0x8000f12c
core   0: 0x8000e130 (0xec3f2a23) sw      gp, -300(t5)
core   0: 3 0x8000e130 (0xec3f2a23) mem 0x8000f000 0x00000001
core   0: 0x8000e134 (0xff9ff06f) j       pc - 0x8
core   0: 3 0x8000e134 (0xff9ff06f)
core   0: 0x8000e12c (0x00001f17) auipc   t5, 0x1
core   0: 3 0x8000e12c (0x00001f17) x30 0x8000f12c
core   0: 0x8000e130 (0xec3f2a23) sw      gp, -300(t5)
core   0: 3 0x8000e130 (0xec3f2a23) mem 0x8000f000 0x00000001
core   0: 0x8000e134 (0xff9ff06f) j       pc - 0x8
core   0: 3 0x8000e134 (0xff9ff06f)
core   0: 0x8000e12c (0x00001f17) auipc   t5, 0x1
core   0: 3 0x8000e12c (0x00001f17) x30 0x8000f12c
core   0: 0x8000e130 (0xec3f2a23) sw      gp, -300(t5)
core   0: 3 0x8000e130 (0xec3f2a23) mem 0x8000f000 0x00000001
core   0: 0x8000e134 (0xff9ff06f) j       pc - 0x8
core   0: 3 0x8000e134 (0xff9ff06f)
core   0: 0x8000e12c (0x00001f17) auipc   t5, 0x1
core   0: 3 0x8000e12c (0x00001f17) x30 0x8000f12c
core   0: 0x8000e130 (0xec3f2a23) sw      gp, -300(t5)
core   0: 3 0x8000e130 (0xec3f2a23) mem 0x8000f000 0x00000001
core   0: 0x8000e134 (0xff9ff06f) j       pc - 0x8
core   0: 3 0x8000e134 (0xff9ff06f)
core   0: 0x8000e12c (0x00001f17) auipc   t5, 0x1
core   0: 3 0x8000e12c (0x00001f17) x30 0x8000f12c
core   0: 0x8000e130 (0xec3f2a23) sw      gp, -300(t5)
core   0: 3 0x8000e130 (0xec3f2a23) mem 0x8000f000 0x00000001
core   0: 0x8000e134 (0xff9ff06f) j       pc - 0x8
core   0: 3 0x8000e134 (0xff9ff06f)
core   0: 0x8000e12c (0x00001f17) auipc   t5, 0x1
core   0: 3 0x8000e12c (0x00001f17) x30 0x8000f12c
core   0: 0x8000e130 (0xec3f2a23) sw      gp, -300(t5)
core   0: 3 0x8000e130 (0xec3f2a23) mem 0x8000f000 0x00000001
core   0: 0x8000e134 (0xff9ff06f) j       pc - 0x8
core   0: 3 0x8000e134 (0xff9ff06f)
core   0: 0x8000e12c (0x00001f17) auipc   t5, 0x1
core   0: 3 0x8000e12c (0x00001f17) x30 0x8000f12c
core   0: 0x8000e130 (0xec3f2a23) sw      gp, -300(t5)
core   0: 3 0x8000e130 (0xec3f2a23) mem 0x8000f000 0x00000001
core   0: 0x8000e134 (0xff9ff06f) j       pc - 0x8
core   0: 3 0x8000e134 (0xff9ff06f)
core   0: 0x8000e12c (0x00001f17) auipc   t5, 0x1
core   0: 3 0x8000e12c (0x00001f17) x30 0x8000f12c
core   0: 0x8000e130 (0xec3f2a23) sw      gp, -300(t5)
core   0: 3 0x8000e130 (0xec3f2a23) mem 0x8000f000 0x00000001
core   0: 0x8000e134 (0xff9ff06f) j       pc - 0x8
core   0: 3 0x8000e134 (0xff9ff06f)
core   0: 0x8000e12c (0x00001f17) auipc   t5, 0x1
core   0: 3 0x8000e12c (0x00001f17) x30 0x8000f12c
core   0: 0x8000e130 (0xec3f2a23) sw      gp, -300(t5)
core   0: 3 0x8000e130 (0xec3f2a23) mem 0x8000f000 0x00000001
core   0: 0x8000e134 (0xff9ff06f) j       pc - 0x8
core   0: 3 0x8000e134 (0xff9ff06f)
core   0: 0x8000e12c (0x00001f17) auipc   t5, 0x1
core   0: 3 0x8000e12c (0x00001f17) x30 0x8000f12c
core   0: 0x8000e130 (0xec3f2a23) sw      gp, -300(t5)
core   0: 3 0x8000e130 (0xec3f2a23) mem 0x8000f000 0x00000001
core   0: 0x8000e134 (0xff9ff06f) j       pc - 0x8
core   0: 3 0x8000e134 (0xff9ff06f)
core   0: 0x8000e12c (0x00001f17) auipc   t5, 0x1
core   0: 3 0x8000e12c (0x00001f17) x30 0x8000f12c
core   0: 0x8000e130 (0xec3f2a23) sw      gp, -300(t5)
core   0: 3 0x8000e130 (0xec3f2a23) mem 0x8000f000 0x00000001
core   0: 0x8000e134 (0xff9ff06f) j       pc - 0x8
core   0: 3 0x8000e134 (0xff9ff06f)
core   0: 0x8000e12c (0x00001f17) auipc   t5, 0x1
core   0: 3 0x8000e12c (0x00001f17) x30 0x8000f12c
core   0: 0x8000e130 (0xec3f2a23) sw      gp, -300(t5)
core   0: 3 0x8000e130 (0xec3f2a23) mem 0x8000f000 0x00000001
core   0: 0x8000e134 (0xff9ff06f) j       pc - 0x8
core   0: 3 0x8000e134 (0xff9ff06f)
core   0: 0x8000e12c (0x00001f17) auipc   t5, 0x1
core   0: 3 0x8000e12c (0x00001f17) x30 0x8000f12c
core   0: 0x8000e130 (0xec3f2a23) sw      gp, -300(t5)
core   0: 3 0x8000e130 (0xec3f2a23) mem 0x8000f000 0x00000001
core   0: 0x8000e134 (0xff9ff06f) j       pc - 0x8
core   0: 3 0x8000e134 (0xff9ff06f)
core   0: 0x8000e12c (0x00001f17) auipc   t5, 0x1
core   0: 3 0x8000e12c (0x00001f17) x30 0x8000f12c
core   0: 0x8000e130 (0xec3f2a23) sw      gp, -300(t5)
core   0: 3 0x8000e130 (0xec3f2a23) mem 0x8000f000 0x00000001
core   0: 0x8000e134 (0xff9ff06f) j       pc - 0x8
core   0: 3 0x8000e134 (0xff9ff06f)
core   0: 0x8000e12c (0x00001f17) auipc   t5, 0x1
core   0: 3 0x8000e12c (0x00001f17) x30 0x8000f12c
core   0: 0x8000e130 (0xec3f2a23) sw      gp, -300(t5)
core   0: 3 0x8000e130 (0xec3f2a23) mem 0x8000f000 0x00000001
core   0: 0x8000e134 (0xff9ff06f) j       pc - 0x8
core   0: 3 0x8000e134 (0xff9ff06f)
core   0: 0x8000e12c (0x00001f17) auipc   t5, 0x1
core   0: 3 0x8000e12c (0x00001f17) x30 0x8000f12c
core   0: 0x8000e130 (0xec3f2a23) sw      gp, -300(t5)
core   0: 3 0x8000e130 (0xec3f2a23) mem 0x8000f000 0x00000001
core   0: 0x8000e134 (0xff9ff06f) j       pc - 0x8
core   0: 3 0x8000e134 (0xff9ff06f)
core   0: 0x8000e12c (0x00001f17) auipc   t5, 0x1
core   0: 3 0x8000e12c (0x00001f17) x30 0x8000f12c
core   0: 0x8000e130 (0xec3f2a23) sw      gp, -300(t5)
core   0: 3 0x8000e130 (0xec3f2a23) mem 0x8000f000 0x00000001
core   0: 0x8000e134 (0xff9ff06f) j       pc - 0x8
core   0: 3 0x8000e134 (0xff9ff06f)
core   0: 0x8000e12c (0x00001f17) auipc   t5, 0x1
core   0: 3 0x8000e12c (0x00001f17) x30 0x8000f12c
core   0: 0x8000e130 (0xec3f2a23) sw      gp, -300(t5)
core   0: 3 0x8000e130 (0xec3f2a23) mem 0x8000f000 0x00000001
core   0: 0x8000e134 (0xff9ff06f) j       pc - 0x8
core   0: 3 0x8000e134 (0xff9ff06f)
core   0: 0x8000e12c (0x00001f17) auipc   t5, 0x1
core   0: 3 0x8000e12c (0x00001f17) x30 0x8000f12c
core   0: 0x8000e130 (0xec3f2a23) sw      gp, -300(t5)
core   0: 3 0x8000e130 (0xec3f2a23) mem 0x8000f000 0x00000001
core   0: 0x8000e134 (0xff9ff06f) j       pc - 0x8
core   0: 3 0x8000e134 (0xff9ff06f)
core   0: 0x8000e12c (0x00001f17) auipc   t5, 0x1
core   0: 3 0x8000e12c (0x00001f17) x30 0x8000f12c
core   0: 0x8000e130 (0xec3f2a23) sw      gp, -300(t5)
core   0: 3 0x8000e130 (0xec3f2a23) mem 0x8000f000 0x00000001
core   0: 0x8000e134 (0xff9ff06f) j       pc - 0x8
core   0: 3 0x8000e134 (0xff9ff06f)
core   0: 0x8000e12c (0x00001f17) auipc   t5, 0x1
core   0: 3 0x8000e12c (0x00001f17) x30 0x8000f12c
core   0: 0x8000e130 (0xec3f2a23) sw      gp, -300(t5)
core   0: 3 0x8000e130 (0xec3f2a23) mem 0x8000f000 0x00000001
core   0: 0x8000e134 (0xff9ff06f) j       pc - 0x8
core   0: 3 0x8000e134 (0xff9ff06f)
core   0: 0x8000e12c (0x00001f17) auipc   t5, 0x1
core   0: 3 0x8000e12c (0x00001f17) x30 0x8000f12c
core   0: 0x8000e130 (0xec3f2a23) sw      gp, -300(t5)
core   0: 3 0x8000e130 (0xec3f2a23) mem 0x8000f000 0x00000001
core   0: 0x8000e134 (0xff9ff06f) j       pc - 0x8
core   0: 3 0x8000e134 (0xff9ff06f)
core   0: 0x8000e12c (0x00001f17) auipc   t5, 0x1
core   0: 3 0x8000e12c (0x00001f17) x30 0x8000f12c
core   0: 0x8000e130 (0xec3f2a23) sw      gp, -300(t5)
core   0: 3 0x8000e130 (0xec3f2a23) mem 0x8000f000 0x00000001
core   0: 0x8000e134 (0xff9ff06f) j       pc - 0x8
core   0: 3 0x8000e134 (0xff9ff06f)
core   0: 0x8000e12c (0x00001f17) auipc   t5, 0x1
core   0: 3 0x8000e12c (0x00001f17) x30 0x8000f12c
core   0: 0x8000e130 (0xec3f2a23) sw      gp, -300(t5)
core   0: 3 0x8000e130 (0xec3f2a23) mem 0x8000f000 0x00000001
core   0: 0x8000e134 (0xff9ff06f) j       pc - 0x8
core   0: 3 0x8000e134 (0xff9ff06f)
core   0: 0x8000e12c (0x00001f17) auipc   t5, 0x1
core   0: 3 0x8000e12c (0x00001f17) x30 0x8000f12c
core   0: 0x8000e130 (0xec3f2a23) sw      gp, -300(t5)
core   0: 3 0x8000e130 (0xec3f2a23) mem 0x8000f000 0x00000001
core   0: 0x8000e134 (0xff9ff06f) j       pc - 0x8
core   0: 3 0x8000e134 (0xff9ff06f)
core   0: 0x8000e12c (0x00001f17) auipc   t5, 0x1
core   0: 3 0x8000e12c (0x00001f17) x30 0x8000f12c
core   0: 0x8000e130 (0xec3f2a23) sw      gp, -300(t5)
core   0: 3 0x8000e130 (0xec3f2a23) mem 0x8000f000 0x00000001
core   0: 0x8000e134 (0xff9ff06f) j       pc - 0x8
core   0: 3 0x8000e134 (0xff9ff06f)
core   0: 0x8000e12c (0x00001f17) auipc   t5, 0x1
core   0: 3 0x8000e12c (0x00001f17) x30 0x8000f12c
core   0: 0x8000e130 (0xec3f2a23) sw      gp, -300(t5)
core   0: 3 0x8000e130 (0xec3f2a23) mem 0x8000f000 0x00000001
core   0: 0x8000e134 (0xff9ff06f) j       pc - 0x8
core   0: 3 0x8000e134 (0xff9ff06f)
core   0: 0x8000e12c (0x00001f17) auipc   t5, 0x1
core   0: 3 0x8000e12c (0x00001f17) x30 0x8000f12c
core   0: 0x8000e130 (0xec3f2a23) sw      gp, -300(t5)
core   0: 3 0x8000e130 (0xec3f2a23) mem 0x8000f000 0x00000001
core   0: 0x8000e134 (0xff9ff06f) j       pc - 0x8
core   0: 3 0x8000e134 (0xff9ff06f)
core   0: 0x8000e12c (0x00001f17) auipc   t5, 0x1
core   0: 3 0x8000e12c (0x00001f17) x30 0x8000f12c
core   0: 0x8000e130 (0xec3f2a23) sw      gp, -300(t5)
core   0: 3 0x8000e130 (0xec3f2a23) mem 0x8000f000 0x00000001
core   0: 0x8000e134 (0xff9ff06f) j       pc - 0x8
core   0: 3 0x8000e134 (0xff9ff06f)
core   0: 0x8000e12c (0x00001f17) auipc   t5, 0x1
core   0: 3 0x8000e12c (0x00001f17) x30 0x8000f12c
core   0: 0x8000e130 (0xec3f2a23) sw      gp, -300(t5)
core   0: 3 0x8000e130 (0xec3f2a23) mem 0x8000f000 0x00000001
core   0: 0x8000e134 (0xff9ff06f) j       pc - 0x8
core   0: 3 0x8000e134 (0xff9ff06f)
core   0: 0x8000e12c (0x00001f17) auipc   t5, 0x1
core   0: 3 0x8000e12c (0x00001f17) x30 0x8000f12c
core   0: 0x8000e130 (0xec3f2a23) sw      gp, -300(t5)
core   0: 3 0x8000e130 (0xec3f2a23) mem 0x8000f000 0x00000001
core   0: 0x8000e134 (0xff9ff06f) j       pc - 0x8
core   0: 3 0x8000e134 (0xff9ff06f)
core   0: 0x8000e12c (0x00001f17) auipc   t5, 0x1
core   0: 3 0x8000e12c (0x00001f17) x30 0x8000f12c
core   0: 0x8000e130 (0xec3f2a23) sw      gp, -300(t5)
core   0: 3 0x8000e130 (0xec3f2a23) mem 0x8000f000 0x00000001
core   0: 0x8000e134 (0xff9ff06f) j       pc - 0x8
core   0: 3 0x8000e134 (0xff9ff06f)
core   0: 0x8000e12c (0x00001f17) auipc   t5, 0x1
core   0: 3 0x8000e12c (0x00001f17) x30 0x8000f12c
core   0: 0x8000e130 (0xec3f2a23) sw      gp, -300(t5)
core   0: 3 0x8000e130 (0xec3f2a23) mem 0x8000f000 0x00000001
core   0: 0x8000e134 (0xff9ff06f) j       pc - 0x8
core   0: 3 0x8000e134 (0xff9ff06f)
core   0: 0x8000e12c (0x00001f17) auipc   t5, 0x1
core   0: 3 0x8000e12c (0x00001f17) x30 0x8000f12c
core   0: 0x8000e130 (0xec3f2a23) sw      gp, -300(t5)
core   0: 3 0x8000e130 (0xec3f2a23) mem 0x8000f000 0x00000001
core   0: 0x8000e134 (0xff9ff06f) j       pc - 0x8
core   0: 3 0x8000e134 (0xff9ff06f)
core   0: 0x8000e12c (0x00001f17) auipc   t5, 0x1
core   0: 3 0x8000e12c (0x00001f17) x30 0x8000f12c
core   0: 0x8000e130 (0xec3f2a23) sw      gp, -300(t5)
core   0: 3 0x8000e130 (0xec3f2a23) mem 0x8000f000 0x00000001
core   0: 0x8000e134 (0xff9ff06f) j       pc - 0x8
core   0: 3 0x8000e134 (0xff9ff06f)
core   0: 0x8000e12c (0x00001f17) auipc   t5, 0x1
core   0: 3 0x8000e12c (0x00001f17) x30 0x8000f12c
core   0: 0x8000e130 (0xec3f2a23) sw      gp, -300(t5)
core   0: 3 0x8000e130 (0xec3f2a23) mem 0x8000f000 0x00000001
core   0: 0x8000e134 (0xff9ff06f) j       pc - 0x8
core   0: 3 0x8000e134 (0xff9ff06f)
core   0: 0x8000e12c (0x00001f17) auipc   t5, 0x1
core   0: 3 0x8000e12c (0x00001f17) x30 0x8000f12c
core   0: 0x8000e130 (0xec3f2a23) sw      gp, -300(t5)
core   0: 3 0x8000e130 (0xec3f2a23) mem 0x8000f000 0x00000001
core   0: 0x8000e134 (0xff9ff06f) j       pc - 0x8
core   0: 3 0x8000e134 (0xff9ff06f)
core   0: 0x8000e12c (0x00001f17) auipc   t5, 0x1
core   0: 3 0x8000e12c (0x00001f17) x30 0x8000f12c
core   0: 0x8000e130 (0xec3f2a23) sw      gp, -300(t5)
core   0: 3 0x8000e130 (0xec3f2a23) mem 0x8000f000 0x00000001
core   0: 0x8000e134 (0xff9ff06f) j       pc - 0x8
core   0: 3 0x8000e134 (0xff9ff06f)
core   0: 0x8000e12c (0x00001f17) auipc   t5, 0x1
core   0: 3 0x8000e12c (0x00001f17) x30 0x8000f12c
core   0: 0x8000e130 (0xec3f2a23) sw      gp, -300(t5)
core   0: 3 0x8000e130 (0xec3f2a23) mem 0x8000f000 0x00000001
core   0: 0x8000e134 (0xff9ff06f) j       pc - 0x8
core   0: 3 0x8000e134 (0xff9ff06f)
core   0: 0x8000e12c (0x00001f17) auipc   t5, 0x1
core   0: 3 0x8000e12c (0x00001f17) x30 0x8000f12c
core   0: 0x8000e130 (0xec3f2a23) sw      gp, -300(t5)
core   0: 3 0x8000e130 (0xec3f2a23) mem 0x8000f000 0x00000001
core   0: 0x8000e134 (0xff9ff06f) j       pc - 0x8
core   0: 3 0x8000e134 (0xff9ff06f)
core   0: 0x8000e12c (0x00001f17) auipc   t5, 0x1
core   0: 3 0x8000e12c (0x00001f17) x30 0x8000f12c
core   0: 0x8000e130 (0xec3f2a23) sw      gp, -300(t5)
core   0: 3 0x8000e130 (0xec3f2a23) mem 0x8000f000 0x00000001
core   0: 0x8000e134 (0xff9ff06f) j       pc - 0x8
core   0: 3 0x8000e134 (0xff9ff06f)
core   0: 0x8000e12c (0x00001f17) auipc   t5, 0x1
core   0: 3 0x8000e12c (0x00001f17) x30 0x8000f12c
core   0: 0x8000e130 (0xec3f2a23) sw      gp, -300(t5)
core   0: 3 0x8000e130 (0xec3f2a23) mem 0x8000f000 0x00000001
core   0: 0x8000e134 (0xff9ff06f) j       pc - 0x8
core   0: 3 0x8000e134 (0xff9ff06f)
core   0: 0x8000e12c (0x00001f17) auipc   t5, 0x1
core   0: 3 0x8000e12c (0x00001f17) x30 0x8000f12c
core   0: 0x8000e130 (0xec3f2a23) sw      gp, -300(t5)
core   0: 3 0x8000e130 (0xec3f2a23) mem 0x8000f000 0x00000001
core   0: 0x8000e134 (0xff9ff06f) j       pc - 0x8
core   0: 3 0x8000e134 (0xff9ff06f)
core   0: 0x8000e12c (0x00001f17) auipc   t5, 0x1
core   0: 3 0x8000e12c (0x00001f17) x30 0x8000f12c
core   0: 0x8000e130 (0xec3f2a23) sw      gp, -300(t5)
core   0: 3 0x8000e130 (0xec3f2a23) mem 0x8000f000 0x00000001
core   0: 0x8000e134 (0xff9ff06f) j       pc - 0x8
core   0: 3 0x8000e134 (0xff9ff06f)
core   0: 0x8000e12c (0x00001f17) auipc   t5, 0x1
core   0: 3 0x8000e12c (0x00001f17) x30 0x8000f12c
core   0: 0x8000e130 (0xec3f2a23) sw      gp, -300(t5)
core   0: 3 0x8000e130 (0xec3f2a23) mem 0x8000f000 0x00000001
core   0: 0x8000e134 (0xff9ff06f) j       pc - 0x8
core   0: 3 0x8000e134 (0xff9ff06f)
core   0: 0x8000e12c (0x00001f17) auipc   t5, 0x1
core   0: 3 0x8000e12c (0x00001f17) x30 0x8000f12c
core   0: 0x8000e130 (0xec3f2a23) sw      gp, -300(t5)
core   0: 3 0x8000e130 (0xec3f2a23) mem 0x8000f000 0x00000001
core   0: 0x8000e134 (0xff9ff06f) j       pc - 0x8
core   0: 3 0x8000e134 (0xff9ff06f)
core   0: 0x8000e12c (0x00001f17) auipc   t5, 0x1
core   0: 3 0x8000e12c (0x00001f17) x30 0x8000f12c
core   0: 0x8000e130 (0xec3f2a23) sw      gp, -300(t5)
core   0: 3 0x8000e130 (0xec3f2a23) mem 0x8000f000 0x00000001
core   0: 0x8000e134 (0xff9ff06f) j       pc - 0x8
core   0: 3 0x8000e134 (0xff9ff06f)
core   0: 0x8000e12c (0x00001f17) auipc   t5, 0x1
core   0: 3 0x8000e12c (0x00001f17) x30 0x8000f12c
core   0: 0x8000e130 (0xec3f2a23) sw      gp, -300(t5)
core   0: 3 0x8000e130 (0xec3f2a23) mem 0x8000f000 0x00000001
core   0: 0x8000e134 (0xff9ff06f) j       pc - 0x8
core   0: 3 0x8000e134 (0xff9ff06f)
core   0: 0x8000e12c (0x00001f17) auipc   t5, 0x1
core   0: 3 0x8000e12c (0x00001f17) x30 0x8000f12c
core   0: 0x8000e130 (0xec3f2a23) sw      gp, -300(t5)
core   0: 3 0x8000e130 (0xec3f2a23) mem 0x8000f000 0x00000001
core   0: 0x8000e134 (0xff9ff06f) j       pc - 0x8
core   0: 3 0x8000e134 (0xff9ff06f)
core   0: 0x8000e12c (0x00001f17) auipc   t5, 0x1
core   0: 3 0x8000e12c (0x00001f17) x30 0x8000f12c
core   0: 0x8000e130 (0xec3f2a23) sw      gp, -300(t5)
core   0: 3 0x8000e130 (0xec3f2a23) mem 0x8000f000 0x00000001
core   0: 0x8000e134 (0xff9ff06f) j       pc - 0x8
core   0: 3 0x8000e134 (0xff9ff06f)
core   0: 0x8000e12c (0x00001f17) auipc   t5, 0x1
core   0: 3 0x8000e12c (0x00001f17) x30 0x8000f12c
core   0: 0x8000e130 (0xec3f2a23) sw      gp, -300(t5)
core   0: 3 0x8000e130 (0xec3f2a23) mem 0x8000f000 0x00000001
core   0: 0x8000e134 (0xff9ff06f) j       pc - 0x8
core   0: 3 0x8000e134 (0xff9ff06f)
core   0: 0x8000e12c (0x00001f17) auipc   t5, 0x1
core   0: 3 0x8000e12c (0x00001f17) x30 0x8000f12c
core   0: 0x8000e130 (0xec3f2a23) sw      gp, -300(t5)
core   0: 3 0x8000e130 (0xec3f2a23) mem 0x8000f000 0x00000001
core   0: 0x8000e134 (0xff9ff06f) j       pc - 0x8
core   0: 3 0x8000e134 (0xff9ff06f)
core   0: 0x8000e12c (0x00001f17) auipc   t5, 0x1
core   0: 3 0x8000e12c (0x00001f17) x30 0x8000f12c
core   0: 0x8000e130 (0xec3f2a23) sw      gp, -300(t5)
core   0: 3 0x8000e130 (0xec3f2a23) mem 0x8000f000 0x00000001
core   0: 0x8000e134 (0xff9ff06f) j       pc - 0x8
core   0: 3 0x8000e134 (0xff9ff06f)
core   0: 0x8000e12c (0x00001f17) auipc   t5, 0x1
core   0: 3 0x8000e12c (0x00001f17) x30 0x8000f12c
core   0: 0x8000e130 (0xec3f2a23) sw      gp, -300(t5)
core   0: 3 0x8000e130 (0xec3f2a23) mem 0x8000f000 0x00000001
core   0: 0x8000e134 (0xff9ff06f) j       pc - 0x8
core   0: 3 0x8000e134 (0xff9ff06f)
core   0: 0x8000e12c (0x00001f17) auipc   t5, 0x1
core   0: 3 0x8000e12c (0x00001f17) x30 0x8000f12c
core   0: 0x8000e130 (0xec3f2a23) sw      gp, -300(t5)
core   0: 3 0x8000e130 (0xec3f2a23) mem 0x8000f000 0x00000001
core   0: 0x8000e134 (0xff9ff06f) j       pc - 0x8
core   0: 3 0x8000e134 (0xff9ff06f)
core   0: 0x8000e12c (0x00001f17) auipc   t5, 0x1
core   0: 3 0x8000e12c (0x00001f17) x30 0x8000f12c
core   0: 0x8000e130 (0xec3f2a23) sw      gp, -300(t5)
core   0: 3 0x8000e130 (0xec3f2a23) mem 0x8000f000 0x00000001
core   0: 0x8000e134 (0xff9ff06f) j       pc - 0x8
core   0: 3 0x8000e134 (0xff9ff06f)
core   0: 0x8000e12c (0x00001f17) auipc   t5, 0x1
core   0: 3 0x8000e12c (0x00001f17) x30 0x8000f12c
core   0: 0x8000e130 (0xec3f2a23) sw      gp, -300(t5)
core   0: 3 0x8000e130 (0xec3f2a23) mem 0x8000f000 0x00000001
core   0: 0x8000e134 (0xff9ff06f) j       pc - 0x8
core   0: 3 0x8000e134 (0xff9ff06f)
core   0: 0x8000e12c (0x00001f17) auipc   t5, 0x1
core   0: 3 0x8000e12c (0x00001f17) x30 0x8000f12c
core   0: 0x8000e130 (0xec3f2a23) sw      gp, -300(t5)
core   0: 3 0x8000e130 (0xec3f2a23) mem 0x8000f000 0x00000001
core   0: 0x8000e134 (0xff9ff06f) j       pc - 0x8
core   0: 3 0x8000e134 (0xff9ff06f)
core   0: 0x8000e12c (0x00001f17) auipc   t5, 0x1
core   0: 3 0x8000e12c (0x00001f17) x30 0x8000f12c
core   0: 0x8000e130 (0xec3f2a23) sw      gp, -300(t5)
core   0: 3 0x8000e130 (0xec3f2a23) mem 0x8000f000 0x00000001
core   0: 0x8000e134 (0xff9ff06f) j       pc - 0x8
core   0: 3 0x8000e134 (0xff9ff06f)
core   0: 0x8000e12c (0x00001f17) auipc   t5, 0x1
core   0: 3 0x8000e12c (0x00001f17) x30 0x8000f12c
core   0: 0x8000e130 (0xec3f2a23) sw      gp, -300(t5)
core   0: 3 0x8000e130 (0xec3f2a23) mem 0x8000f000 0x00000001
core   0: 0x8000e134 (0xff9ff06f) j       pc - 0x8
core   0: 3 0x8000e134 (0xff9ff06f)
core   0: 0x8000e12c (0x00001f17) auipc   t5, 0x1
core   0: 3 0x8000e12c (0x00001f17) x30 0x8000f12c
core   0: 0x8000e130 (0xec3f2a23) sw      gp, -300(t5)
core   0: 3 0x8000e130 (0xec3f2a23) mem 0x8000f000 0x00000001
core   0: 0x8000e134 (0xff9ff06f) j       pc - 0x8
core   0: 3 0x8000e134 (0xff9ff06f)
core   0: 0x8000e12c (0x00001f17) auipc   t5, 0x1
core   0: 3 0x8000e12c (0x00001f17) x30 0x8000f12c
core   0: 0x8000e130 (0xec3f2a23) sw      gp, -300(t5)
core   0: 3 0x8000e130 (0xec3f2a23) mem 0x8000f000 0x00000001
core   0: 0x8000e134 (0xff9ff06f) j       pc - 0x8
core   0: 3 0x8000e134 (0xff9ff06f)
core   0: 0x8000e12c (0x00001f17) auipc   t5, 0x1
core   0: 3 0x8000e12c (0x00001f17) x30 0x8000f12c
core   0: 0x8000e130 (0xec3f2a23) sw      gp, -300(t5)
core   0: 3 0x8000e130 (0xec3f2a23) mem 0x8000f000 0x00000001
core   0: 0x8000e134 (0xff9ff06f) j       pc - 0x8
core   0: 3 0x8000e134 (0xff9ff06f)
core   0: 0x8000e12c (0x00001f17) auipc   t5, 0x1
core   0: 3 0x8000e12c (0x00001f17) x30 0x8000f12c
core   0: 0x8000e130 (0xec3f2a23) sw      gp, -300(t5)
core   0: 3 0x8000e130 (0xec3f2a23) mem 0x8000f000 0x00000001
core   0: 0x8000e134 (0xff9ff06f) j       pc - 0x8
core   0: 3 0x8000e134 (0xff9ff06f)
core   0: 0x8000e12c (0x00001f17) auipc   t5, 0x1
core   0: 3 0x8000e12c (0x00001f17) x30 0x8000f12c
core   0: 0x8000e130 (0xec3f2a23) sw      gp, -300(t5)
core   0: 3 0x8000e130 (0xec3f2a23) mem 0x8000f000 0x00000001
core   0: 0x8000e134 (0xff9ff06f) j       pc - 0x8
core   0: 3 0x8000e134 (0xff9ff06f)
core   0: 0x8000e12c (0x00001f17) auipc   t5, 0x1
core   0: 3 0x8000e12c (0x00001f17) x30 0x8000f12c
core   0: 0x8000e130 (0xec3f2a23) sw      gp, -300(t5)
core   0: 3 0x8000e130 (0xec3f2a23) mem 0x8000f000 0x00000001
core   0: 0x8000e134 (0xff9ff06f) j       pc - 0x8
core   0: 3 0x8000e134 (0xff9ff06f)
core   0: 0x8000e12c (0x00001f17) auipc   t5, 0x1
core   0: 3 0x8000e12c (0x00001f17) x30 0x8000f12c
core   0: 0x8000e130 (0xec3f2a23) sw      gp, -300(t5)
core   0: 3 0x8000e130 (0xec3f2a23) mem 0x8000f000 0x00000001
core   0: 0x8000e134 (0xff9ff06f) j       pc - 0x8
core   0: 3 0x8000e134 (0xff9ff06f)
core   0: 0x8000e12c (0x00001f17) auipc   t5, 0x1
core   0: 3 0x8000e12c (0x00001f17) x30 0x8000f12c
core   0: 0x8000e130 (0xec3f2a23) sw      gp, -300(t5)
core   0: 3 0x8000e130 (0xec3f2a23) mem 0x8000f000 0x00000001
core   0: 0x8000e134 (0xff9ff06f) j       pc - 0x8
core   0: 3 0x8000e134 (0xff9ff06f)
core   0: 0x8000e12c (0x00001f17) auipc   t5, 0x1
core   0: 3 0x8000e12c (0x00001f17) x30 0x8000f12c
core   0: 0x8000e130 (0xec3f2a23) sw      gp, -300(t5)
core   0: 3 0x8000e130 (0xec3f2a23) mem 0x8000f000 0x00000001
core   0: 0x8000e134 (0xff9ff06f) j       pc - 0x8
core   0: 3 0x8000e134 (0xff9ff06f)
core   0: 0x8000e12c (0x00001f17) auipc   t5, 0x1
core   0: 3 0x8000e12c (0x00001f17) x30 0x8000f12c
core   0: 0x8000e130 (0xec3f2a23) sw      gp, -300(t5)
core   0: 3 0x8000e130 (0xec3f2a23) mem 0x8000f000 0x00000001
core   0: 0x8000e134 (0xff9ff06f) j       pc - 0x8
core   0: 3 0x8000e134 (0xff9ff06f)
core   0: 0x8000e12c (0x00001f17) auipc   t5, 0x1
core   0: 3 0x8000e12c (0x00001f17) x30 0x8000f12c
core   0: 0x8000e130 (0xec3f2a23) sw      gp, -300(t5)
core   0: 3 0x8000e130 (0xec3f2a23) mem 0x8000f000 0x00000001
core   0: 0x8000e134 (0xff9ff06f) j       pc - 0x8
core   0: 3 0x8000e134 (0xff9ff06f)
core   0: 0x8000e12c (0x00001f17) auipc   t5, 0x1
core   0: 3 0x8000e12c (0x00001f17) x30 0x8000f12c
core   0: 0x8000e130 (0xec3f2a23) sw      gp, -300(t5)
core   0: 3 0x8000e130 (0xec3f2a23) mem 0x8000f000 0x00000001
core   0: 0x8000e134 (0xff9ff06f) j       pc - 0x8
core   0: 3 0x8000e134 (0xff9ff06f)
core   0: 0x8000e12c (0x00001f17) auipc   t5, 0x1
core   0: 3 0x8000e12c (0x00001f17) x30 0x8000f12c
core   0: 0x8000e130 (0xec3f2a23) sw      gp, -300(t5)
core   0: 3 0x8000e130 (0xec3f2a23) mem 0x8000f000 0x00000001
core   0: 0x8000e134 (0xff9ff06f) j       pc - 0x8
core   0: 3 0x8000e134 (0xff9ff06f)
core   0: 0x8000e12c (0x00001f17) auipc   t5, 0x1
core   0: 3 0x8000e12c (0x00001f17) x30 0x8000f12c
core   0: 0x8000e130 (0xec3f2a23) sw      gp, -300(t5)
core   0: 3 0x8000e130 (0xec3f2a23) mem 0x8000f000 0x00000001
core   0: 0x8000e134 (0xff9ff06f) j       pc - 0x8
core   0: 3 0x8000e134 (0xff9ff06f)
core   0: 0x8000e12c (0x00001f17) auipc   t5, 0x1
core   0: 3 0x8000e12c (0x00001f17) x30 0x8000f12c
core   0: 0x8000e130 (0xec3f2a23) sw      gp, -300(t5)
core   0: 3 0x8000e130 (0xec3f2a23) mem 0x8000f000 0x00000001
core   0: 0x8000e134 (0xff9ff06f) j       pc - 0x8
core   0: 3 0x8000e134 (0xff9ff06f)
core   0: 0x8000e12c (0x00001f17) auipc   t5, 0x1
core   0: 3 0x8000e12c (0x00001f17) x30 0x8000f12c
core   0: 0x8000e130 (0xec3f2a23) sw      gp, -300(t5)
core   0: 3 0x8000e130 (0xec3f2a23) mem 0x8000f000 0x00000001
core   0: 0x8000e134 (0xff9ff06f) j       pc - 0x8
core   0: 3 0x8000e134 (0xff9ff06f)
core   0: 0x8000e12c (0x00001f17) auipc   t5, 0x1
core   0: 3 0x8000e12c (0x00001f17) x30 0x8000f12c
core   0: 0x8000e130 (0xec3f2a23) sw      gp, -300(t5)
core   0: 3 0x8000e130 (0xec3f2a23) mem 0x8000f000 0x00000001
core   0: 0x8000e134 (0xff9ff06f) j       pc - 0x8
core   0: 3 0x8000e134 (0xff9ff06f)
core   0: 0x8000e12c (0x00001f17) auipc   t5, 0x1
core   0: 3 0x8000e12c (0x00001f17) x30 0x8000f12c
core   0: 0x8000e130 (0xec3f2a23) sw      gp, -300(t5)
core   0: 3 0x8000e130 (0xec3f2a23) mem 0x8000f000 0x00000001
core   0: 0x8000e134 (0xff9ff06f) j       pc - 0x8
core   0: 3 0x8000e134 (0xff9ff06f)
core   0: 0x8000e12c (0x00001f17) auipc   t5, 0x1
core   0: 3 0x8000e12c (0x00001f17) x30 0x8000f12c
core   0: 0x8000e130 (0xec3f2a23) sw      gp, -300(t5)
core   0: 3 0x8000e130 (0xec3f2a23) mem 0x8000f000 0x00000001
core   0: 0x8000e134 (0xff9ff06f) j       pc - 0x8
core   0: 3 0x8000e134 (0xff9ff06f)
core   0: 0x8000e12c (0x00001f17) auipc   t5, 0x1
core   0: 3 0x8000e12c (0x00001f17) x30 0x8000f12c
core   0: 0x8000e130 (0xec3f2a23) sw      gp, -300(t5)
core   0: 3 0x8000e130 (0xec3f2a23) mem 0x8000f000 0x00000001
core   0: 0x8000e134 (0xff9ff06f) j       pc - 0x8
core   0: 3 0x8000e134 (0xff9ff06f)
core   0: 0x8000e12c (0x00001f17) auipc   t5, 0x1
core   0: 3 0x8000e12c (0x00001f17) x30 0x8000f12c
core   0: 0x8000e130 (0xec3f2a23) sw      gp, -300(t5)
core   0: 3 0x8000e130 (0xec3f2a23) mem 0x8000f000 0x00000001
core   0: 0x8000e134 (0xff9ff06f) j       pc - 0x8
core   0: 3 0x8000e134 (0xff9ff06f)
core   0: 0x8000e12c (0x00001f17) auipc   t5, 0x1
core   0: 3 0x8000e12c (0x00001f17) x30 0x8000f12c
core   0: 0x8000e130 (0xec3f2a23) sw      gp, -300(t5)
core   0: 3 0x8000e130 (0xec3f2a23) mem 0x8000f000 0x00000001
core   0: 0x8000e134 (0xff9ff06f) j       pc - 0x8
core   0: 3 0x8000e134 (0xff9ff06f)
core   0: 0x8000e12c (0x00001f17) auipc   t5, 0x1
core   0: 3 0x8000e12c (0x00001f17) x30 0x8000f12c
core   0: 0x8000e130 (0xec3f2a23) sw      gp, -300(t5)
core   0: 3 0x8000e130 (0xec3f2a23) mem 0x8000f000 0x00000001
core   0: 0x8000e134 (0xff9ff06f) j       pc - 0x8
core   0: 3 0x8000e134 (0xff9ff06f)
core   0: 0x8000e12c (0x00001f17) auipc   t5, 0x1
core   0: 3 0x8000e12c (0x00001f17) x30 0x8000f12c
core   0: 0x8000e130 (0xec3f2a23) sw      gp, -300(t5)
core   0: 3 0x8000e130 (0xec3f2a23) mem 0x8000f000 0x00000001
core   0: 0x8000e134 (0xff9ff06f) j       pc - 0x8
core   0: 3 0x8000e134 (0xff9ff06f)
core   0: 0x8000e12c (0x00001f17) auipc   t5, 0x1
core   0: 3 0x8000e12c (0x00001f17) x30 0x8000f12c
core   0: 0x8000e130 (0xec3f2a23) sw      gp, -300(t5)
core   0: 3 0x8000e130 (0xec3f2a23) mem 0x8000f000 0x00000001
core   0: 0x8000e134 (0xff9ff06f) j       pc - 0x8
core   0: 3 0x8000e134 (0xff9ff06f)
core   0: 0x8000e12c (0x00001f17) auipc   t5, 0x1
core   0: 3 0x8000e12c (0x00001f17) x30 0x8000f12c
core   0: 0x8000e130 (0xec3f2a23) sw      gp, -300(t5)
core   0: 3 0x8000e130 (0xec3f2a23) mem 0x8000f000 0x00000001
core   0: 0x8000e134 (0xff9ff06f) j       pc - 0x8
core   0: 3 0x8000e134 (0xff9ff06f)
core   0: 0x8000e12c (0x00001f17) auipc   t5, 0x1
core   0: 3 0x8000e12c (0x00001f17) x30 0x8000f12c
core   0: 0x8000e130 (0xec3f2a23) sw      gp, -300(t5)
core   0: 3 0x8000e130 (0xec3f2a23) mem 0x8000f000 0x00000001
core   0: 0x8000e134 (0xff9ff06f) j       pc - 0x8
core   0: 3 0x8000e134 (0xff9ff06f)
core   0: 0x8000e12c (0x00001f17) auipc   t5, 0x1
core   0: 3 0x8000e12c (0x00001f17) x30 0x8000f12c
core   0: 0x8000e130 (0xec3f2a23) sw      gp, -300(t5)
core   0: 3 0x8000e130 (0xec3f2a23) mem 0x8000f000 0x00000001
core   0: 0x8000e134 (0xff9ff06f) j       pc - 0x8
core   0: 3 0x8000e134 (0xff9ff06f)
core   0: 0x8000e12c (0x00001f17) auipc   t5, 0x1
core   0: 3 0x8000e12c (0x00001f17) x30 0x8000f12c
core   0: 0x8000e130 (0xec3f2a23) sw      gp, -300(t5)
core   0: 3 0x8000e130 (0xec3f2a23) mem 0x8000f000 0x00000001
core   0: 0x8000e134 (0xff9ff06f) j       pc - 0x8
core   0: 3 0x8000e134 (0xff9ff06f)
core   0: 0x8000e12c (0x00001f17) auipc   t5, 0x1
core   0: 3 0x8000e12c (0x00001f17) x30 0x8000f12c
core   0: 0x8000e130 (0xec3f2a23) sw      gp, -300(t5)
core   0: 3 0x8000e130 (0xec3f2a23) mem 0x8000f000 0x00000001
core   0: 0x8000e134 (0xff9ff06f) j       pc - 0x8
core   0: 3 0x8000e134 (0xff9ff06f)
core   0: 0x8000e12c (0x00001f17) auipc   t5, 0x1
core   0: 3 0x8000e12c (0x00001f17) x30 0x8000f12c
core   0: 0x8000e130 (0xec3f2a23) sw      gp, -300(t5)
core   0: 3 0x8000e130 (0xec3f2a23) mem 0x8000f000 0x00000001
core   0: 0x8000e134 (0xff9ff06f) j       pc - 0x8
core   0: 3 0x8000e134 (0xff9ff06f)
core   0: 0x8000e12c (0x00001f17) auipc   t5, 0x1
core   0: 3 0x8000e12c (0x00001f17) x30 0x8000f12c
core   0: 0x8000e130 (0xec3f2a23) sw      gp, -300(t5)
core   0: 3 0x8000e130 (0xec3f2a23) mem 0x8000f000 0x00000001
core   0: 0x8000e134 (0xff9ff06f) j       pc - 0x8
core   0: 3 0x8000e134 (0xff9ff06f)
core   0: 0x8000e12c (0x00001f17) auipc   t5, 0x1
core   0: 3 0x8000e12c (0x00001f17) x30 0x8000f12c
core   0: 0x8000e130 (0xec3f2a23) sw      gp, -300(t5)
core   0: 3 0x8000e130 (0xec3f2a23) mem 0x8000f000 0x00000001
core   0: 0x8000e134 (0xff9ff06f) j       pc - 0x8
core   0: 3 0x8000e134 (0xff9ff06f)
core   0: 0x8000e12c (0x00001f17) auipc   t5, 0x1
core   0: 3 0x8000e12c (0x00001f17) x30 0x8000f12c
core   0: 0x8000e130 (0xec3f2a23) sw      gp, -300(t5)
core   0: 3 0x8000e130 (0xec3f2a23) mem 0x8000f000 0x00000001
core   0: 0x8000e134 (0xff9ff06f) j       pc - 0x8
core   0: 3 0x8000e134 (0xff9ff06f)
core   0: 0x8000e12c (0x00001f17) auipc   t5, 0x1
core   0: 3 0x8000e12c (0x00001f17) x30 0x8000f12c
core   0: 0x8000e130 (0xec3f2a23) sw      gp, -300(t5)
core   0: 3 0x8000e130 (0xec3f2a23) mem 0x8000f000 0x00000001
core   0: 0x8000e134 (0xff9ff06f) j       pc - 0x8
core   0: 3 0x8000e134 (0xff9ff06f)
core   0: 0x8000e12c (0x00001f17) auipc   t5, 0x1
core   0: 3 0x8000e12c (0x00001f17) x30 0x8000f12c
core   0: 0x8000e130 (0xec3f2a23) sw      gp, -300(t5)
core   0: 3 0x8000e130 (0xec3f2a23) mem 0x8000f000 0x00000001
core   0: 0x8000e134 (0xff9ff06f) j       pc - 0x8
core   0: 3 0x8000e134 (0xff9ff06f)
core   0: 0x8000e12c (0x00001f17) auipc   t5, 0x1
core   0: 3 0x8000e12c (0x00001f17) x30 0x8000f12c
core   0: 0x8000e130 (0xec3f2a23) sw      gp, -300(t5)
core   0: 3 0x8000e130 (0xec3f2a23) mem 0x8000f000 0x00000001
core   0: 0x8000e134 (0xff9ff06f) j       pc - 0x8
core   0: 3 0x8000e134 (0xff9ff06f)
core   0: 0x8000e12c (0x00001f17) auipc   t5, 0x1
core   0: 3 0x8000e12c (0x00001f17) x30 0x8000f12c
core   0: 0x8000e130 (0xec3f2a23) sw      gp, -300(t5)
core   0: 3 0x8000e130 (0xec3f2a23) mem 0x8000f000 0x00000001
core   0: 0x8000e134 (0xff9ff06f) j       pc - 0x8
core   0: 3 0x8000e134 (0xff9ff06f)
core   0: 0x8000e12c (0x00001f17) auipc   t5, 0x1
core   0: 3 0x8000e12c (0x00001f17) x30 0x8000f12c
core   0: 0x8000e130 (0xec3f2a23) sw      gp, -300(t5)
core   0: 3 0x8000e130 (0xec3f2a23) mem 0x8000f000 0x00000001
core   0: 0x8000e134 (0xff9ff06f) j       pc - 0x8
core   0: 3 0x8000e134 (0xff9ff06f)
core   0: 0x8000e12c (0x00001f17) auipc   t5, 0x1
core   0: 3 0x8000e12c (0x00001f17) x30 0x8000f12c
core   0: 0x8000e130 (0xec3f2a23) sw      gp, -300(t5)
core   0: 3 0x8000e130 (0xec3f2a23) mem 0x8000f000 0x00000001
core   0: 0x8000e134 (0xff9ff06f) j       pc - 0x8
core   0: 3 0x8000e134 (0xff9ff06f)
core   0: 0x8000e12c (0x00001f17) auipc   t5, 0x1
core   0: 3 0x8000e12c (0x00001f17) x30 0x8000f12c
core   0: 0x8000e130 (0xec3f2a23) sw      gp, -300(t5)
core   0: 3 0x8000e130 (0xec3f2a23) mem 0x8000f000 0x00000001
core   0: 0x8000e134 (0xff9ff06f) j       pc - 0x8
core   0: 3 0x8000e134 (0xff9ff06f)
core   0: 0x8000e12c (0x00001f17) auipc   t5, 0x1
core   0: 3 0x8000e12c (0x00001f17) x30 0x8000f12c
core   0: 0x8000e130 (0xec3f2a23) sw      gp, -300(t5)
core   0: 3 0x8000e130 (0xec3f2a23) mem 0x8000f000 0x00000001
core   0: 0x8000e134 (0xff9ff06f) j       pc - 0x8
core   0: 3 0x8000e134 (0xff9ff06f)
core   0: 0x8000e12c (0x00001f17) auipc   t5, 0x1
core   0: 3 0x8000e12c (0x00001f17) x30 0x8000f12c
core   0: 0x8000e130 (0xec3f2a23) sw      gp, -300(t5)
core   0: 3 0x8000e130 (0xec3f2a23) mem 0x8000f000 0x00000001
core   0: 0x8000e134 (0xff9ff06f) j       pc - 0x8
core   0: 3 0x8000e134 (0xff9ff06f)
core   0: 0x8000e12c (0x00001f17) auipc   t5, 0x1
core   0: 3 0x8000e12c (0x00001f17) x30 0x8000f12c
core   0: 0x8000e130 (0xec3f2a23) sw      gp, -300(t5)
core   0: 3 0x8000e130 (0xec3f2a23) mem 0x8000f000 0x00000001
core   0: 0x8000e134 (0xff9ff06f) j       pc - 0x8
core   0: 3 0x8000e134 (0xff9ff06f)
core   0: 0x8000e12c (0x00001f17) auipc   t5, 0x1
core   0: 3 0x8000e12c (0x00001f17) x30 0x8000f12c
core   0: 0x8000e130 (0xec3f2a23) sw      gp, -300(t5)
core   0: 3 0x8000e130 (0xec3f2a23) mem 0x8000f000 0x00000001
core   0: 0x8000e134 (0xff9ff06f) j       pc - 0x8
core   0: 3 0x8000e134 (0xff9ff06f)
core   0: 0x8000e12c (0x00001f17) auipc   t5, 0x1
core   0: 3 0x8000e12c (0x00001f17) x30 0x8000f12c
core   0: 0x8000e130 (0xec3f2a23) sw      gp, -300(t5)
core   0: 3 0x8000e130 (0xec3f2a23) mem 0x8000f000 0x00000001
core   0: 0x8000e134 (0xff9ff06f) j       pc - 0x8
core   0: 3 0x8000e134 (0xff9ff06f)
core   0: 0x8000e12c (0x00001f17) auipc   t5, 0x1
core   0: 3 0x8000e12c (0x00001f17) x30 0x8000f12c
core   0: 0x8000e130 (0xec3f2a23) sw      gp, -300(t5)
core   0: 3 0x8000e130 (0xec3f2a23) mem 0x8000f000 0x00000001
core   0: 0x8000e134 (0xff9ff06f) j       pc - 0x8
core   0: 3 0x8000e134 (0xff9ff06f)
core   0: 0x8000e12c (0x00001f17) auipc   t5, 0x1
core   0: 3 0x8000e12c (0x00001f17) x30 0x8000f12c
core   0: 0x8000e130 (0xec3f2a23) sw      gp, -300(t5)
core   0: 3 0x8000e130 (0xec3f2a23) mem 0x8000f000 0x00000001
core   0: 0x8000e134 (0xff9ff06f) j       pc - 0x8
core   0: 3 0x8000e134 (0xff9ff06f)
core   0: 0x8000e12c (0x00001f17) auipc   t5, 0x1
core   0: 3 0x8000e12c (0x00001f17) x30 0x8000f12c
core   0: 0x8000e130 (0xec3f2a23) sw      gp, -300(t5)
core   0: 3 0x8000e130 (0xec3f2a23) mem 0x8000f000 0x00000001
core   0: 0x8000e134 (0xff9ff06f) j       pc - 0x8
core   0: 3 0x8000e134 (0xff9ff06f)
core   0: 0x8000e12c (0x00001f17) auipc   t5, 0x1
core   0: 3 0x8000e12c (0x00001f17) x30 0x8000f12c
core   0: 0x8000e130 (0xec3f2a23) sw      gp, -300(t5)
core   0: 3 0x8000e130 (0xec3f2a23) mem 0x8000f000 0x00000001
core   0: 0x8000e134 (0xff9ff06f) j       pc - 0x8
core   0: 3 0x8000e134 (0xff9ff06f)
core   0: 0x8000e12c (0x00001f17) auipc   t5, 0x1
core   0: 3 0x8000e12c (0x00001f17) x30 0x8000f12c
core   0: 0x8000e130 (0xec3f2a23) sw      gp, -300(t5)
core   0: 3 0x8000e130 (0xec3f2a23) mem 0x8000f000 0x00000001
core   0: 0x8000e134 (0xff9ff06f) j       pc - 0x8
core   0: 3 0x8000e134 (0xff9ff06f)
core   0: 0x8000e12c (0x00001f17) auipc   t5, 0x1
core   0: 3 0x8000e12c (0x00001f17) x30 0x8000f12c
core   0: 0x8000e130 (0xec3f2a23) sw      gp, -300(t5)
core   0: 3 0x8000e130 (0xec3f2a23) mem 0x8000f000 0x00000001
core   0: 0x8000e134 (0xff9ff06f) j       pc - 0x8
core   0: 3 0x8000e134 (0xff9ff06f)
core   0: 0x8000e12c (0x00001f17) auipc   t5, 0x1
core   0: 3 0x8000e12c (0x00001f17) x30 0x8000f12c
core   0: 0x8000e130 (0xec3f2a23) sw      gp, -300(t5)
core   0: 3 0x8000e130 (0xec3f2a23) mem 0x8000f000 0x00000001
core   0: 0x8000e134 (0xff9ff06f) j       pc - 0x8
core   0: 3 0x8000e134 (0xff9ff06f)
core   0: 0x8000e12c (0x00001f17) auipc   t5, 0x1
core   0: 3 0x8000e12c (0x00001f17) x30 0x8000f12c
core   0: 0x8000e130 (0xec3f2a23) sw      gp, -300(t5)
core   0: 3 0x8000e130 (0xec3f2a23) mem 0x8000f000 0x00000001
core   0: 0x8000e134 (0xff9ff06f) j       pc - 0x8
core   0: 3 0x8000e134 (0xff9ff06f)
core   0: 0x8000e12c (0x00001f17) auipc   t5, 0x1
core   0: 3 0x8000e12c (0x00001f17) x30 0x8000f12c
core   0: 0x8000e130 (0xec3f2a23) sw      gp, -300(t5)
core   0: 3 0x8000e130 (0xec3f2a23) mem 0x8000f000 0x00000001
core   0: 0x8000e134 (0xff9ff06f) j       pc - 0x8
core   0: 3 0x8000e134 (0xff9ff06f)
core   0: 0x8000e12c (0x00001f17) auipc   t5, 0x1
core   0: 3 0x8000e12c (0x00001f17) x30 0x8000f12c
core   0: 0x8000e130 (0xec3f2a23) sw      gp, -300(t5)
core   0: 3 0x8000e130 (0xec3f2a23) mem 0x8000f000 0x00000001
core   0: 0x8000e134 (0xff9ff06f) j       pc - 0x8
core   0: 3 0x8000e134 (0xff9ff06f)
core   0: 0x8000e12c (0x00001f17) auipc   t5, 0x1
core   0: 3 0x8000e12c (0x00001f17) x30 0x8000f12c
core   0: 0x8000e130 (0xec3f2a23) sw      gp, -300(t5)
core   0: 3 0x8000e130 (0xec3f2a23) mem 0x8000f000 0x00000001
core   0: 0x8000e134 (0xff9ff06f) j       pc - 0x8
core   0: 3 0x8000e134 (0xff9ff06f)
core   0: 0x8000e12c (0x00001f17) auipc   t5, 0x1
core   0: 3 0x8000e12c (0x00001f17) x30 0x8000f12c
core   0: 0x8000e130 (0xec3f2a23) sw      gp, -300(t5)
core   0: 3 0x8000e130 (0xec3f2a23) mem 0x8000f000 0x00000001
core   0: 0x8000e134 (0xff9ff06f) j       pc - 0x8
core   0: 3 0x8000e134 (0xff9ff06f)
core   0: 0x8000e12c (0x00001f17) auipc   t5, 0x1
core   0: 3 0x8000e12c (0x00001f17) x30 0x8000f12c
core   0: 0x8000e130 (0xec3f2a23) sw      gp, -300(t5)
core   0: 3 0x8000e130 (0xec3f2a23) mem 0x8000f000 0x00000001
core   0: 0x8000e134 (0xff9ff06f) j       pc - 0x8
core   0: 3 0x8000e134 (0xff9ff06f)
core   0: 0x8000e12c (0x00001f17) auipc   t5, 0x1
core   0: 3 0x8000e12c (0x00001f17) x30 0x8000f12c
core   0: 0x8000e130 (0xec3f2a23) sw      gp, -300(t5)
core   0: 3 0x8000e130 (0xec3f2a23) mem 0x8000f000 0x00000001
core   0: 0x8000e134 (0xff9ff06f) j       pc - 0x8
core   0: 3 0x8000e134 (0xff9ff06f)
core   0: 0x8000e12c (0x00001f17) auipc   t5, 0x1
core   0: 3 0x8000e12c (0x00001f17) x30 0x8000f12c
core   0: 0x8000e130 (0xec3f2a23) sw      gp, -300(t5)
core   0: 3 0x8000e130 (0xec3f2a23) mem 0x8000f000 0x00000001
core   0: 0x8000e134 (0xff9ff06f) j       pc - 0x8
core   0: 3 0x8000e134 (0xff9ff06f)
core   0: 0x8000e12c (0x00001f17) auipc   t5, 0x1
core   0: 3 0x8000e12c (0x00001f17) x30 0x8000f12c
core   0: 0x8000e130 (0xec3f2a23) sw      gp, -300(t5)
core   0: 3 0x8000e130 (0xec3f2a23) mem 0x8000f000 0x00000001
core   0: 0x8000e134 (0xff9ff06f) j       pc - 0x8
core   0: 3 0x8000e134 (0xff9ff06f)
core   0: 0x8000e12c (0x00001f17) auipc   t5, 0x1
core   0: 3 0x8000e12c (0x00001f17) x30 0x8000f12c
core   0: 0x8000e130 (0xec3f2a23) sw      gp, -300(t5)
core   0: 3 0x8000e130 (0xec3f2a23) mem 0x8000f000 0x00000001
core   0: 0x8000e134 (0xff9ff06f) j       pc - 0x8
core   0: 3 0x8000e134 (0xff9ff06f)
core   0: 0x8000e12c (0x00001f17) auipc   t5, 0x1
core   0: 3 0x8000e12c (0x00001f17) x30 0x8000f12c
core   0: 0x8000e130 (0xec3f2a23) sw      gp, -300(t5)
core   0: 3 0x8000e130 (0xec3f2a23) mem 0x8000f000 0x00000001
core   0: 0x8000e134 (0xff9ff06f) j       pc - 0x8
core   0: 3 0x8000e134 (0xff9ff06f)
core   0: 0x8000e12c (0x00001f17) auipc   t5, 0x1
core   0: 3 0x8000e12c (0x00001f17) x30 0x8000f12c
core   0: 0x8000e130 (0xec3f2a23) sw      gp, -300(t5)
core   0: 3 0x8000e130 (0xec3f2a23) mem 0x8000f000 0x00000001
core   0: 0x8000e134 (0xff9ff06f) j       pc - 0x8
core   0: 3 0x8000e134 (0xff9ff06f)
core   0: 0x8000e12c (0x00001f17) auipc   t5, 0x1
core   0: 3 0x8000e12c (0x00001f17) x30 0x8000f12c
core   0: 0x8000e130 (0xec3f2a23) sw      gp, -300(t5)
core   0: 3 0x8000e130 (0xec3f2a23) mem 0x8000f000 0x00000001
core   0: 0x8000e134 (0xff9ff06f) j       pc - 0x8
core   0: 3 0x8000e134 (0xff9ff06f)
core   0: 0x8000e12c (0x00001f17) auipc   t5, 0x1
core   0: 3 0x8000e12c (0x00001f17) x30 0x8000f12c
core   0: 0x8000e130 (0xec3f2a23) sw      gp, -300(t5)
core   0: 3 0x8000e130 (0xec3f2a23) mem 0x8000f000 0x00000001
core   0: 0x8000e134 (0xff9ff06f) j       pc - 0x8
core   0: 3 0x8000e134 (0xff9ff06f)
core   0: 0x8000e12c (0x00001f17) auipc   t5, 0x1
core   0: 3 0x8000e12c (0x00001f17) x30 0x8000f12c
core   0: 0x8000e130 (0xec3f2a23) sw      gp, -300(t5)
core   0: 3 0x8000e130 (0xec3f2a23) mem 0x8000f000 0x00000001
core   0: 0x8000e134 (0xff9ff06f) j       pc - 0x8
core   0: 3 0x8000e134 (0xff9ff06f)
core   0: 0x8000e12c (0x00001f17) auipc   t5, 0x1
core   0: 3 0x8000e12c (0x00001f17) x30 0x8000f12c
core   0: 0x8000e130 (0xec3f2a23) sw      gp, -300(t5)
core   0: 3 0x8000e130 (0xec3f2a23) mem 0x8000f000 0x00000001
core   0: 0x8000e134 (0xff9ff06f) j       pc - 0x8
core   0: 3 0x8000e134 (0xff9ff06f)
core   0: 0x8000e12c (0x00001f17) auipc   t5, 0x1
core   0: 3 0x8000e12c (0x00001f17) x30 0x8000f12c
core   0: 0x8000e130 (0xec3f2a23) sw      gp, -300(t5)
core   0: 3 0x8000e130 (0xec3f2a23) mem 0x8000f000 0x00000001
core   0: 0x8000e134 (0xff9ff06f) j       pc - 0x8
core   0: 3 0x8000e134 (0xff9ff06f)
core   0: 0x8000e12c (0x00001f17) auipc   t5, 0x1
core   0: 3 0x8000e12c (0x00001f17) x30 0x8000f12c
core   0: 0x8000e130 (0xec3f2a23) sw      gp, -300(t5)
core   0: 3 0x8000e130 (0xec3f2a23) mem 0x8000f000 0x00000001
core   0: 0x8000e134 (0xff9ff06f) j       pc - 0x8
core   0: 3 0x8000e134 (0xff9ff06f)
core   0: 0x8000e12c (0x00001f17) auipc   t5, 0x1
core   0: 3 0x8000e12c (0x00001f17) x30 0x8000f12c
core   0: 0x8000e130 (0xec3f2a23) sw      gp, -300(t5)
core   0: 3 0x8000e130 (0xec3f2a23) mem 0x8000f000 0x00000001
core   0: 0x8000e134 (0xff9ff06f) j       pc - 0x8
core   0: 3 0x8000e134 (0xff9ff06f)
core   0: 0x8000e12c (0x00001f17) auipc   t5, 0x1
core   0: 3 0x8000e12c (0x00001f17) x30 0x8000f12c
core   0: 0x8000e130 (0xec3f2a23) sw      gp, -300(t5)
core   0: 3 0x8000e130 (0xec3f2a23) mem 0x8000f000 0x00000001
core   0: 0x8000e134 (0xff9ff06f) j       pc - 0x8
core   0: 3 0x8000e134 (0xff9ff06f)
core   0: 0x8000e12c (0x00001f17) auipc   t5, 0x1
core   0: 3 0x8000e12c (0x00001f17) x30 0x8000f12c
core   0: 0x8000e130 (0xec3f2a23) sw      gp, -300(t5)
core   0: 3 0x8000e130 (0xec3f2a23) mem 0x8000f000 0x00000001
core   0: 0x8000e134 (0xff9ff06f) j       pc - 0x8
core   0: 3 0x8000e134 (0xff9ff06f)
core   0: 0x8000e12c (0x00001f17) auipc   t5, 0x1
core   0: 3 0x8000e12c (0x00001f17) x30 0x8000f12c
core   0: 0x8000e130 (0xec3f2a23) sw      gp, -300(t5)
core   0: 3 0x8000e130 (0xec3f2a23) mem 0x8000f000 0x00000001
core   0: 0x8000e134 (0xff9ff06f) j       pc - 0x8
core   0: 3 0x8000e134 (0xff9ff06f)
core   0: 0x8000e12c (0x00001f17) auipc   t5, 0x1
core   0: 3 0x8000e12c (0x00001f17) x30 0x8000f12c
core   0: 0x8000e130 (0xec3f2a23) sw      gp, -300(t5)
core   0: 3 0x8000e130 (0xec3f2a23) mem 0x8000f000 0x00000001
core   0: 0x8000e134 (0xff9ff06f) j       pc - 0x8
core   0: 3 0x8000e134 (0xff9ff06f)
core   0: 0x8000e12c (0x00001f17) auipc   t5, 0x1
core   0: 3 0x8000e12c (0x00001f17) x30 0x8000f12c
core   0: 0x8000e130 (0xec3f2a23) sw      gp, -300(t5)
core   0: 3 0x8000e130 (0xec3f2a23) mem 0x8000f000 0x00000001
core   0: 0x8000e134 (0xff9ff06f) j       pc - 0x8
core   0: 3 0x8000e134 (0xff9ff06f)
core   0: 0x8000e12c (0x00001f17) auipc   t5, 0x1
core   0: 3 0x8000e12c (0x00001f17) x30 0x8000f12c
core   0: 0x8000e130 (0xec3f2a23) sw      gp, -300(t5)
core   0: 3 0x8000e130 (0xec3f2a23) mem 0x8000f000 0x00000001
core   0: 0x8000e134 (0xff9ff06f) j       pc - 0x8
core   0: 3 0x8000e134 (0xff9ff06f)
core   0: 0x8000e12c (0x00001f17) auipc   t5, 0x1
core   0: 3 0x8000e12c (0x00001f17) x30 0x8000f12c
core   0: 0x8000e130 (0xec3f2a23) sw      gp, -300(t5)
core   0: 3 0x8000e130 (0xec3f2a23) mem 0x8000f000 0x00000001
core   0: 0x8000e134 (0xff9ff06f) j       pc - 0x8
core   0: 3 0x8000e134 (0xff9ff06f)
core   0: 0x8000e12c (0x00001f17) auipc   t5, 0x1
core   0: 3 0x8000e12c (0x00001f17) x30 0x8000f12c
core   0: 0x8000e130 (0xec3f2a23) sw      gp, -300(t5)
core   0: 3 0x8000e130 (0xec3f2a23) mem 0x8000f000 0x00000001
core   0: 0x8000e134 (0xff9ff06f) j       pc - 0x8
core   0: 3 0x8000e134 (0xff9ff06f)
core   0: 0x8000e12c (0x00001f17) auipc   t5, 0x1
core   0: 3 0x8000e12c (0x00001f17) x30 0x8000f12c
core   0: 0x8000e130 (0xec3f2a23) sw      gp, -300(t5)
core   0: 3 0x8000e130 (0xec3f2a23) mem 0x8000f000 0x00000001
core   0: 0x8000e134 (0xff9ff06f) j       pc - 0x8
core   0: 3 0x8000e134 (0xff9ff06f)
core   0: 0x8000e12c (0x00001f17) auipc   t5, 0x1
core   0: 3 0x8000e12c (0x00001f17) x30 0x8000f12c
core   0: 0x8000e130 (0xec3f2a23) sw      gp, -300(t5)
core   0: 3 0x8000e130 (0xec3f2a23) mem 0x8000f000 0x00000001
core   0: 0x8000e134 (0xff9ff06f) j       pc - 0x8
core   0: 3 0x8000e134 (0xff9ff06f)
core   0: 0x8000e12c (0x00001f17) auipc   t5, 0x1
core   0: 3 0x8000e12c (0x00001f17) x30 0x8000f12c
core   0: 0x8000e130 (0xec3f2a23) sw      gp, -300(t5)
core   0: 3 0x8000e130 (0xec3f2a23) mem 0x8000f000 0x00000001
core   0: 0x8000e134 (0xff9ff06f) j       pc - 0x8
core   0: 3 0x8000e134 (0xff9ff06f)
core   0: 0x8000e12c (0x00001f17) auipc   t5, 0x1
core   0: 3 0x8000e12c (0x00001f17) x30 0x8000f12c
core   0: 0x8000e130 (0xec3f2a23) sw      gp, -300(t5)
core   0: 3 0x8000e130 (0xec3f2a23) mem 0x8000f000 0x00000001
core   0: 0x8000e134 (0xff9ff06f) j       pc - 0x8
core   0: 3 0x8000e134 (0xff9ff06f)
core   0: 0x8000e12c (0x00001f17) auipc   t5, 0x1
core   0: 3 0x8000e12c (0x00001f17) x30 0x8000f12c
core   0: 0x8000e130 (0xec3f2a23) sw      gp, -300(t5)
core   0: 3 0x8000e130 (0xec3f2a23) mem 0x8000f000 0x00000001
core   0: 0x8000e134 (0xff9ff06f) j       pc - 0x8
core   0: 3 0x8000e134 (0xff9ff06f)
core   0: 0x8000e12c (0x00001f17) auipc   t5, 0x1
core   0: 3 0x8000e12c (0x00001f17) x30 0x8000f12c
core   0: 0x8000e130 (0xec3f2a23) sw      gp, -300(t5)
core   0: 3 0x8000e130 (0xec3f2a23) mem 0x8000f000 0x00000001
core   0: 0x8000e134 (0xff9ff06f) j       pc - 0x8
core   0: 3 0x8000e134 (0xff9ff06f)
core   0: 0x8000e12c (0x00001f17) auipc   t5, 0x1
core   0: 3 0x8000e12c (0x00001f17) x30 0x8000f12c
core   0: 0x8000e130 (0xec3f2a23) sw      gp, -300(t5)
core   0: 3 0x8000e130 (0xec3f2a23) mem 0x8000f000 0x00000001
core   0: 0x8000e134 (0xff9ff06f) j       pc - 0x8
core   0: 3 0x8000e134 (0xff9ff06f)
core   0: 0x8000e12c (0x00001f17) auipc   t5, 0x1
core   0: 3 0x8000e12c (0x00001f17) x30 0x8000f12c
core   0: 0x8000e130 (0xec3f2a23) sw      gp, -300(t5)
core   0: 3 0x8000e130 (0xec3f2a23) mem 0x8000f000 0x00000001
core   0: 0x8000e134 (0xff9ff06f) j       pc - 0x8
core   0: 3 0x8000e134 (0xff9ff06f)
core   0: 0x8000e12c (0x00001f17) auipc   t5, 0x1
core   0: 3 0x8000e12c (0x00001f17) x30 0x8000f12c
core   0: 0x8000e130 (0xec3f2a23) sw      gp, -300(t5)
core   0: 3 0x8000e130 (0xec3f2a23) mem 0x8000f000 0x00000001
core   0: 0x8000e134 (0xff9ff06f) j       pc - 0x8
core   0: 3 0x8000e134 (0xff9ff06f)
core   0: 0x8000e12c (0x00001f17) auipc   t5, 0x1
core   0: 3 0x8000e12c (0x00001f17) x30 0x8000f12c
core   0: 0x8000e130 (0xec3f2a23) sw      gp, -300(t5)
core   0: 3 0x8000e130 (0xec3f2a23) mem 0x8000f000 0x00000001
core   0: 0x8000e134 (0xff9ff06f) j       pc - 0x8
core   0: 3 0x8000e134 (0xff9ff06f)
core   0: 0x8000e12c (0x00001f17) auipc   t5, 0x1
core   0: 3 0x8000e12c (0x00001f17) x30 0x8000f12c
core   0: 0x8000e130 (0xec3f2a23) sw      gp, -300(t5)
core   0: 3 0x8000e130 (0xec3f2a23) mem 0x8000f000 0x00000001
core   0: 0x8000e134 (0xff9ff06f) j       pc - 0x8
core   0: 3 0x8000e134 (0xff9ff06f)
core   0: 0x8000e12c (0x00001f17) auipc   t5, 0x1
core   0: 3 0x8000e12c (0x00001f17) x30 0x8000f12c
core   0: 0x8000e130 (0xec3f2a23) sw      gp, -300(t5)
core   0: 3 0x8000e130 (0xec3f2a23) mem 0x8000f000 0x00000001
core   0: 0x8000e134 (0xff9ff06f) j       pc - 0x8
core   0: 3 0x8000e134 (0xff9ff06f)
core   0: 0x8000e12c (0x00001f17) auipc   t5, 0x1
core   0: 3 0x8000e12c (0x00001f17) x30 0x8000f12c
core   0: 0x8000e130 (0xec3f2a23) sw      gp, -300(t5)
core   0: 3 0x8000e130 (0xec3f2a23) mem 0x8000f000 0x00000001
core   0: 0x8000e134 (0xff9ff06f) j       pc - 0x8
core   0: 3 0x8000e134 (0xff9ff06f)
core   0: 0x8000e12c (0x00001f17) auipc   t5, 0x1
core   0: 3 0x8000e12c (0x00001f17) x30 0x8000f12c
core   0: 0x8000e130 (0xec3f2a23) sw      gp, -300(t5)
core   0: 3 0x8000e130 (0xec3f2a23) mem 0x8000f000 0x00000001
core   0: 0x8000e134 (0xff9ff06f) j       pc - 0x8
core   0: 3 0x8000e134 (0xff9ff06f)
core   0: 0x8000e12c (0x00001f17) auipc   t5, 0x1
core   0: 3 0x8000e12c (0x00001f17) x30 0x8000f12c
core   0: 0x8000e130 (0xec3f2a23) sw      gp, -300(t5)
core   0: 3 0x8000e130 (0xec3f2a23) mem 0x8000f000 0x00000001
core   0: 0x8000e134 (0xff9ff06f) j       pc - 0x8
core   0: 3 0x8000e134 (0xff9ff06f)
core   0: 0x8000e12c (0x00001f17) auipc   t5, 0x1
core   0: 3 0x8000e12c (0x00001f17) x30 0x8000f12c
core   0: 0x8000e130 (0xec3f2a23) sw      gp, -300(t5)
core   0: 3 0x8000e130 (0xec3f2a23) mem 0x8000f000 0x00000001
core   0: 0x8000e134 (0xff9ff06f) j       pc - 0x8
core   0: 3 0x8000e134 (0xff9ff06f)
core   0: 0x8000e12c (0x00001f17) auipc   t5, 0x1
core   0: 3 0x8000e12c (0x00001f17) x30 0x8000f12c
core   0: 0x8000e130 (0xec3f2a23) sw      gp, -300(t5)
core   0: 3 0x8000e130 (0xec3f2a23) mem 0x8000f000 0x00000001
core   0: 0x8000e134 (0xff9ff06f) j       pc - 0x8
core   0: 3 0x8000e134 (0xff9ff06f)
core   0: 0x8000e12c (0x00001f17) auipc   t5, 0x1
core   0: 3 0x8000e12c (0x00001f17) x30 0x8000f12c
core   0: 0x8000e130 (0xec3f2a23) sw      gp, -300(t5)
core   0: 3 0x8000e130 (0xec3f2a23) mem 0x8000f000 0x00000001
core   0: 0x8000e134 (0xff9ff06f) j       pc - 0x8
core   0: 3 0x8000e134 (0xff9ff06f)
core   0: 0x8000e12c (0x00001f17) auipc   t5, 0x1
core   0: 3 0x8000e12c (0x00001f17) x30 0x8000f12c
core   0: 0x8000e130 (0xec3f2a23) sw      gp, -300(t5)
core   0: 3 0x8000e130 (0xec3f2a23) mem 0x8000f000 0x00000001
core   0: 0x8000e134 (0xff9ff06f) j       pc - 0x8
core   0: 3 0x8000e134 (0xff9ff06f)
core   0: 0x8000e12c (0x00001f17) auipc   t5, 0x1
core   0: 3 0x8000e12c (0x00001f17) x30 0x8000f12c
core   0: 0x8000e130 (0xec3f2a23) sw      gp, -300(t5)
core   0: 3 0x8000e130 (0xec3f2a23) mem 0x8000f000 0x00000001
core   0: 0x8000e134 (0xff9ff06f) j       pc - 0x8
core   0: 3 0x8000e134 (0xff9ff06f)
core   0: 0x8000e12c (0x00001f17) auipc   t5, 0x1
core   0: 3 0x8000e12c (0x00001f17) x30 0x8000f12c
core   0: 0x8000e130 (0xec3f2a23) sw      gp, -300(t5)
core   0: 3 0x8000e130 (0xec3f2a23) mem 0x8000f000 0x00000001
core   0: 0x8000e134 (0xff9ff06f) j       pc - 0x8
core   0: 3 0x8000e134 (0xff9ff06f)
core   0: 0x8000e12c (0x00001f17) auipc   t5, 0x1
core   0: 3 0x8000e12c (0x00001f17) x30 0x8000f12c
core   0: 0x8000e130 (0xec3f2a23) sw      gp, -300(t5)
core   0: 3 0x8000e130 (0xec3f2a23) mem 0x8000f000 0x00000001
core   0: 0x8000e134 (0xff9ff06f) j       pc - 0x8
core   0: 3 0x8000e134 (0xff9ff06f)
core   0: 0x8000e12c (0x00001f17) auipc   t5, 0x1
core   0: 3 0x8000e12c (0x00001f17) x30 0x8000f12c
core   0: 0x8000e130 (0xec3f2a23) sw      gp, -300(t5)
core   0: 3 0x8000e130 (0xec3f2a23) mem 0x8000f000 0x00000001
core   0: 0x8000e134 (0xff9ff06f) j       pc - 0x8
core   0: 3 0x8000e134 (0xff9ff06f)
core   0: 0x8000e12c (0x00001f17) auipc   t5, 0x1
core   0: 3 0x8000e12c (0x00001f17) x30 0x8000f12c
core   0: 0x8000e130 (0xec3f2a23) sw      gp, -300(t5)
core   0: 3 0x8000e130 (0xec3f2a23) mem 0x8000f000 0x00000001
core   0: 0x8000e134 (0xff9ff06f) j       pc - 0x8
core   0: 3 0x8000e134 (0xff9ff06f)
core   0: 0x8000e12c (0x00001f17) auipc   t5, 0x1
core   0: 3 0x8000e12c (0x00001f17) x30 0x8000f12c
core   0: 0x8000e130 (0xec3f2a23) sw      gp, -300(t5)
core   0: 3 0x8000e130 (0xec3f2a23) mem 0x8000f000 0x00000001
core   0: 0x8000e134 (0xff9ff06f) j       pc - 0x8
core   0: 3 0x8000e134 (0xff9ff06f)
core   0: 0x8000e12c (0x00001f17) auipc   t5, 0x1
core   0: 3 0x8000e12c (0x00001f17) x30 0x8000f12c
core   0: 0x8000e130 (0xec3f2a23) sw      gp, -300(t5)
core   0: 3 0x8000e130 (0xec3f2a23) mem 0x8000f000 0x00000001
core   0: 0x8000e134 (0xff9ff06f) j       pc - 0x8
core   0: 3 0x8000e134 (0xff9ff06f)
core   0: 0x8000e12c (0x00001f17) auipc   t5, 0x1
core   0: 3 0x8000e12c (0x00001f17) x30 0x8000f12c
core   0: 0x8000e130 (0xec3f2a23) sw      gp, -300(t5)
core   0: 3 0x8000e130 (0xec3f2a23) mem 0x8000f000 0x00000001
core   0: 0x8000e134 (0xff9ff06f) j       pc - 0x8
core   0: 3 0x8000e134 (0xff9ff06f)
core   0: 0x8000e12c (0x00001f17) auipc   t5, 0x1
core   0: 3 0x8000e12c (0x00001f17) x30 0x8000f12c
core   0: 0x8000e130 (0xec3f2a23) sw      gp, -300(t5)
core   0: 3 0x8000e130 (0xec3f2a23) mem 0x8000f000 0x00000001
core   0: 0x8000e134 (0xff9ff06f) j       pc - 0x8
core   0: 3 0x8000e134 (0xff9ff06f)
core   0: 0x8000e12c (0x00001f17) auipc   t5, 0x1
core   0: 3 0x8000e12c (0x00001f17) x30 0x8000f12c
core   0: 0x8000e130 (0xec3f2a23) sw      gp, -300(t5)
core   0: 3 0x8000e130 (0xec3f2a23) mem 0x8000f000 0x00000001
core   0: 0x8000e134 (0xff9ff06f) j       pc - 0x8
core   0: 3 0x8000e134 (0xff9ff06f)
core   0: 0x8000e12c (0x00001f17) auipc   t5, 0x1
core   0: 3 0x8000e12c (0x00001f17) x30 0x8000f12c
core   0: 0x8000e130 (0xec3f2a23) sw      gp, -300(t5)
core   0: 3 0x8000e130 (0xec3f2a23) mem 0x8000f000 0x00000001
core   0: 0x8000e134 (0xff9ff06f) j       pc - 0x8
core   0: 3 0x8000e134 (0xff9ff06f)
core   0: 0x8000e12c (0x00001f17) auipc   t5, 0x1
core   0: 3 0x8000e12c (0x00001f17) x30 0x8000f12c
core   0: 0x8000e130 (0xec3f2a23) sw      gp, -300(t5)
core   0: 3 0x8000e130 (0xec3f2a23) mem 0x8000f000 0x00000001
core   0: 0x8000e134 (0xff9ff06f) j       pc - 0x8
core   0: 3 0x8000e134 (0xff9ff06f)
core   0: 0x8000e12c (0x00001f17) auipc   t5, 0x1
core   0: 3 0x8000e12c (0x00001f17) x30 0x8000f12c
core   0: 0x8000e130 (0xec3f2a23) sw      gp, -300(t5)
core   0: 3 0x8000e130 (0xec3f2a23) mem 0x8000f000 0x00000001
core   0: 0x8000e134 (0xff9ff06f) j       pc - 0x8
core   0: 3 0x8000e134 (0xff9ff06f)
core   0: 0x8000e12c (0x00001f17) auipc   t5, 0x1
core   0: 3 0x8000e12c (0x00001f17) x30 0x8000f12c
core   0: 0x8000e130 (0xec3f2a23) sw      gp, -300(t5)
core   0: 3 0x8000e130 (0xec3f2a23) mem 0x8000f000 0x00000001
core   0: 0x8000e134 (0xff9ff06f) j       pc - 0x8
core   0: 3 0x8000e134 (0xff9ff06f)
core   0: 0x8000e12c (0x00001f17) auipc   t5, 0x1
core   0: 3 0x8000e12c (0x00001f17) x30 0x8000f12c
core   0: 0x8000e130 (0xec3f2a23) sw      gp, -300(t5)
core   0: 3 0x8000e130 (0xec3f2a23) mem 0x8000f000 0x00000001
core   0: 0x8000e134 (0xff9ff06f) j       pc - 0x8
core   0: 3 0x8000e134 (0xff9ff06f)
core   0: 0x8000e12c (0x00001f17) auipc   t5, 0x1
core   0: 3 0x8000e12c (0x00001f17) x30 0x8000f12c
core   0: 0x8000e130 (0xec3f2a23) sw      gp, -300(t5)
core   0: 3 0x8000e130 (0xec3f2a23) mem 0x8000f000 0x00000001
core   0: 0x8000e134 (0xff9ff06f) j       pc - 0x8
core   0: 3 0x8000e134 (0xff9ff06f)
core   0: 0x8000e12c (0x00001f17) auipc   t5, 0x1
core   0: 3 0x8000e12c (0x00001f17) x30 0x8000f12c
core   0: 0x8000e130 (0xec3f2a23) sw      gp, -300(t5)
core   0: 3 0x8000e130 (0xec3f2a23) mem 0x8000f000 0x00000001
core   0: 0x8000e134 (0xff9ff06f) j       pc - 0x8
core   0: 3 0x8000e134 (0xff9ff06f)
core   0: 0x8000e12c (0x00001f17) auipc   t5, 0x1
core   0: 3 0x8000e12c (0x00001f17) x30 0x8000f12c
core   0: 0x8000e130 (0xec3f2a23) sw      gp, -300(t5)
core   0: 3 0x8000e130 (0xec3f2a23) mem 0x8000f000 0x00000001
core   0: 0x8000e134 (0xff9ff06f) j       pc - 0x8
core   0: 3 0x8000e134 (0xff9ff06f)
core   0: 0x8000e12c (0x00001f17) auipc   t5, 0x1
core   0: 3 0x8000e12c (0x00001f17) x30 0x8000f12c
core   0: 0x8000e130 (0xec3f2a23) sw      gp, -300(t5)
core   0: 3 0x8000e130 (0xec3f2a23) mem 0x8000f000 0x00000001
core   0: 0x8000e134 (0xff9ff06f) j       pc - 0x8
core   0: 3 0x8000e134 (0xff9ff06f)
core   0: 0x8000e12c (0x00001f17) auipc   t5, 0x1
core   0: 3 0x8000e12c (0x00001f17) x30 0x8000f12c
core   0: 0x8000e130 (0xec3f2a23) sw      gp, -300(t5)
core   0: 3 0x8000e130 (0xec3f2a23) mem 0x8000f000 0x00000001
core   0: 0x8000e134 (0xff9ff06f) j       pc - 0x8
core   0: 3 0x8000e134 (0xff9ff06f)
core   0: 0x8000e12c (0x00001f17) auipc   t5, 0x1
core   0: 3 0x8000e12c (0x00001f17) x30 0x8000f12c
core   0: 0x8000e130 (0xec3f2a23) sw      gp, -300(t5)
core   0: 3 0x8000e130 (0xec3f2a23) mem 0x8000f000 0x00000001
core   0: 0x8000e134 (0xff9ff06f) j       pc - 0x8
core   0: 3 0x8000e134 (0xff9ff06f)
core   0: 0x8000e12c (0x00001f17) auipc   t5, 0x1
core   0: 3 0x8000e12c (0x00001f17) x30 0x8000f12c
core   0: 0x8000e130 (0xec3f2a23) sw      gp, -300(t5)
core   0: 3 0x8000e130 (0xec3f2a23) mem 0x8000f000 0x00000001
core   0: 0x8000e134 (0xff9ff06f) j       pc - 0x8
core   0: 3 0x8000e134 (0xff9ff06f)
core   0: 0x8000e12c (0x00001f17) auipc   t5, 0x1
core   0: 3 0x8000e12c (0x00001f17) x30 0x8000f12c
core   0: 0x8000e130 (0xec3f2a23) sw      gp, -300(t5)
core   0: 3 0x8000e130 (0xec3f2a23) mem 0x8000f000 0x00000001
core   0: 0x8000e134 (0xff9ff06f) j       pc - 0x8
core   0: 3 0x8000e134 (0xff9ff06f)
core   0: 0x8000e12c (0x00001f17) auipc   t5, 0x1
core   0: 3 0x8000e12c (0x00001f17) x30 0x8000f12c
core   0: 0x8000e130 (0xec3f2a23) sw      gp, -300(t5)
core   0: 3 0x8000e130 (0xec3f2a23) mem 0x8000f000 0x00000001
core   0: 0x8000e134 (0xff9ff06f) j       pc - 0x8
core   0: 3 0x8000e134 (0xff9ff06f)
core   0: 0x8000e12c (0x00001f17) auipc   t5, 0x1
core   0: 3 0x8000e12c (0x00001f17) x30 0x8000f12c
core   0: 0x8000e130 (0xec3f2a23) sw      gp, -300(t5)
core   0: 3 0x8000e130 (0xec3f2a23) mem 0x8000f000 0x00000001
core   0: 0x8000e134 (0xff9ff06f) j       pc - 0x8
core   0: 3 0x8000e134 (0xff9ff06f)
core   0: 0x8000e12c (0x00001f17) auipc   t5, 0x1
core   0: 3 0x8000e12c (0x00001f17) x30 0x8000f12c
core   0: 0x8000e130 (0xec3f2a23) sw      gp, -300(t5)
core   0: 3 0x8000e130 (0xec3f2a23) mem 0x8000f000 0x00000001
core   0: 0x8000e134 (0xff9ff06f) j       pc - 0x8
core   0: 3 0x8000e134 (0xff9ff06f)
core   0: 0x8000e12c (0x00001f17) auipc   t5, 0x1
core   0: 3 0x8000e12c (0x00001f17) x30 0x8000f12c
core   0: 0x8000e130 (0xec3f2a23) sw      gp, -300(t5)
core   0: 3 0x8000e130 (0xec3f2a23) mem 0x8000f000 0x00000001
core   0: 0x8000e134 (0xff9ff06f) j       pc - 0x8
core   0: 3 0x8000e134 (0xff9ff06f)
core   0: 0x8000e12c (0x00001f17) auipc   t5, 0x1
core   0: 3 0x8000e12c (0x00001f17) x30 0x8000f12c
core   0: 0x8000e130 (0xec3f2a23) sw      gp, -300(t5)
core   0: 3 0x8000e130 (0xec3f2a23) mem 0x8000f000 0x00000001
core   0: 0x8000e134 (0xff9ff06f) j       pc - 0x8
core   0: 3 0x8000e134 (0xff9ff06f)
core   0: 0x8000e12c (0x00001f17) auipc   t5, 0x1
core   0: 3 0x8000e12c (0x00001f17) x30 0x8000f12c
core   0: 0x8000e130 (0xec3f2a23) sw      gp, -300(t5)
core   0: 3 0x8000e130 (0xec3f2a23) mem 0x8000f000 0x00000001
core   0: 0x8000e134 (0xff9ff06f) j       pc - 0x8
core   0: 3 0x8000e134 (0xff9ff06f)
core   0: 0x8000e12c (0x00001f17) auipc   t5, 0x1
core   0: 3 0x8000e12c (0x00001f17) x30 0x8000f12c
core   0: 0x8000e130 (0xec3f2a23) sw      gp, -300(t5)
core   0: 3 0x8000e130 (0xec3f2a23) mem 0x8000f000 0x00000001
core   0: 0x8000e134 (0xff9ff06f) j       pc - 0x8
core   0: 3 0x8000e134 (0xff9ff06f)
core   0: 0x8000e12c (0x00001f17) auipc   t5, 0x1
core   0: 3 0x8000e12c (0x00001f17) x30 0x8000f12c
core   0: 0x8000e130 (0xec3f2a23) sw      gp, -300(t5)
core   0: 3 0x8000e130 (0xec3f2a23) mem 0x8000f000 0x00000001
core   0: 0x8000e134 (0xff9ff06f) j       pc - 0x8
core   0: 3 0x8000e134 (0xff9ff06f)
core   0: 0x8000e12c (0x00001f17) auipc   t5, 0x1
core   0: 3 0x8000e12c (0x00001f17) x30 0x8000f12c
core   0: 0x8000e130 (0xec3f2a23) sw      gp, -300(t5)
core   0: 3 0x8000e130 (0xec3f2a23) mem 0x8000f000 0x00000001
core   0: 0x8000e134 (0xff9ff06f) j       pc - 0x8
core   0: 3 0x8000e134 (0xff9ff06f)
core   0: 0x8000e12c (0x00001f17) auipc   t5, 0x1
core   0: 3 0x8000e12c (0x00001f17) x30 0x8000f12c
core   0: 0x8000e130 (0xec3f2a23) sw      gp, -300(t5)
core   0: 3 0x8000e130 (0xec3f2a23) mem 0x8000f000 0x00000001
core   0: 0x8000e134 (0xff9ff06f) j       pc - 0x8
core   0: 3 0x8000e134 (0xff9ff06f)
core   0: 0x8000e12c (0x00001f17) auipc   t5, 0x1
core   0: 3 0x8000e12c (0x00001f17) x30 0x8000f12c
core   0: 0x8000e130 (0xec3f2a23) sw      gp, -300(t5)
core   0: 3 0x8000e130 (0xec3f2a23) mem 0x8000f000 0x00000001
core   0: 0x8000e134 (0xff9ff06f) j       pc - 0x8
core   0: 3 0x8000e134 (0xff9ff06f)
core   0: 0x8000e12c (0x00001f17) auipc   t5, 0x1
core   0: 3 0x8000e12c (0x00001f17) x30 0x8000f12c
core   0: 0x8000e130 (0xec3f2a23) sw      gp, -300(t5)
core   0: 3 0x8000e130 (0xec3f2a23) mem 0x8000f000 0x00000001
core   0: 0x8000e134 (0xff9ff06f) j       pc - 0x8
core   0: 3 0x8000e134 (0xff9ff06f)
core   0: 0x8000e12c (0x00001f17) auipc   t5, 0x1
core   0: 3 0x8000e12c (0x00001f17) x30 0x8000f12c
core   0: 0x8000e130 (0xec3f2a23) sw      gp, -300(t5)
core   0: 3 0x8000e130 (0xec3f2a23) mem 0x8000f000 0x00000001
core   0: 0x8000e134 (0xff9ff06f) j       pc - 0x8
core   0: 3 0x8000e134 (0xff9ff06f)
core   0: 0x8000e12c (0x00001f17) auipc   t5, 0x1
core   0: 3 0x8000e12c (0x00001f17) x30 0x8000f12c
core   0: 0x8000e130 (0xec3f2a23) sw      gp, -300(t5)
core   0: 3 0x8000e130 (0xec3f2a23) mem 0x8000f000 0x00000001
core   0: 0x8000e134 (0xff9ff06f) j       pc - 0x8
core   0: 3 0x8000e134 (0xff9ff06f)
core   0: 0x8000e12c (0x00001f17) auipc   t5, 0x1
core   0: 3 0x8000e12c (0x00001f17) x30 0x8000f12c
core   0: 0x8000e130 (0xec3f2a23) sw      gp, -300(t5)
core   0: 3 0x8000e130 (0xec3f2a23) mem 0x8000f000 0x00000001
core   0: 0x8000e134 (0xff9ff06f) j       pc - 0x8
core   0: 3 0x8000e134 (0xff9ff06f)
core   0: 0x8000e12c (0x00001f17) auipc   t5, 0x1
core   0: 3 0x8000e12c (0x00001f17) x30 0x8000f12c
core   0: 0x8000e130 (0xec3f2a23) sw      gp, -300(t5)
core   0: 3 0x8000e130 (0xec3f2a23) mem 0x8000f000 0x00000001
core   0: 0x8000e134 (0xff9ff06f) j       pc - 0x8
core   0: 3 0x8000e134 (0xff9ff06f)
core   0: 0x8000e12c (0x00001f17) auipc   t5, 0x1
core   0: 3 0x8000e12c (0x00001f17) x30 0x8000f12c
core   0: 0x8000e130 (0xec3f2a23) sw      gp, -300(t5)
core   0: 3 0x8000e130 (0xec3f2a23) mem 0x8000f000 0x00000001
core   0: 0x8000e134 (0xff9ff06f) j       pc - 0x8
core   0: 3 0x8000e134 (0xff9ff06f)
core   0: 0x8000e12c (0x00001f17) auipc   t5, 0x1
core   0: 3 0x8000e12c (0x00001f17) x30 0x8000f12c
core   0: 0x8000e130 (0xec3f2a23) sw      gp, -300(t5)
core   0: 3 0x8000e130 (0xec3f2a23) mem 0x8000f000 0x00000001
core   0: 0x8000e134 (0xff9ff06f) j       pc - 0x8
core   0: 3 0x8000e134 (0xff9ff06f)
core   0: 0x8000e12c (0x00001f17) auipc   t5, 0x1
core   0: 3 0x8000e12c (0x00001f17) x30 0x8000f12c
core   0: 0x8000e130 (0xec3f2a23) sw      gp, -300(t5)
core   0: 3 0x8000e130 (0xec3f2a23) mem 0x8000f000 0x00000001
core   0: 0x8000e134 (0xff9ff06f) j       pc - 0x8
core   0: 3 0x8000e134 (0xff9ff06f)
core   0: 0x8000e12c (0x00001f17) auipc   t5, 0x1
core   0: 3 0x8000e12c (0x00001f17) x30 0x8000f12c
core   0: 0x8000e130 (0xec3f2a23) sw      gp, -300(t5)
core   0: 3 0x8000e130 (0xec3f2a23) mem 0x8000f000 0x00000001
core   0: 0x8000e134 (0xff9ff06f) j       pc - 0x8
core   0: 3 0x8000e134 (0xff9ff06f)
core   0: 0x8000e12c (0x00001f17) auipc   t5, 0x1
core   0: 3 0x8000e12c (0x00001f17) x30 0x8000f12c
core   0: 0x8000e130 (0xec3f2a23) sw      gp, -300(t5)
core   0: 3 0x8000e130 (0xec3f2a23) mem 0x8000f000 0x00000001
core   0: 0x8000e134 (0xff9ff06f) j       pc - 0x8
core   0: 3 0x8000e134 (0xff9ff06f)
core   0: 0x8000e12c (0x00001f17) auipc   t5, 0x1
core   0: 3 0x8000e12c (0x00001f17) x30 0x8000f12c
core   0: 0x8000e130 (0xec3f2a23) sw      gp, -300(t5)
core   0: 3 0x8000e130 (0xec3f2a23) mem 0x8000f000 0x00000001
core   0: 0x8000e134 (0xff9ff06f) j       pc - 0x8
core   0: 3 0x8000e134 (0xff9ff06f)
core   0: 0x8000e12c (0x00001f17) auipc   t5, 0x1
core   0: 3 0x8000e12c (0x00001f17) x30 0x8000f12c
core   0: 0x8000e130 (0xec3f2a23) sw      gp, -300(t5)
core   0: 3 0x8000e130 (0xec3f2a23) mem 0x8000f000 0x00000001
core   0: 0x8000e134 (0xff9ff06f) j       pc - 0x8
core   0: 3 0x8000e134 (0xff9ff06f)
core   0: 0x8000e12c (0x00001f17) auipc   t5, 0x1
core   0: 3 0x8000e12c (0x00001f17) x30 0x8000f12c
core   0: 0x8000e130 (0xec3f2a23) sw      gp, -300(t5)
core   0: 3 0x8000e130 (0xec3f2a23) mem 0x8000f000 0x00000001
core   0: 0x8000e134 (0xff9ff06f) j       pc - 0x8
core   0: 3 0x8000e134 (0xff9ff06f)
core   0: 0x8000e12c (0x00001f17) auipc   t5, 0x1
core   0: 3 0x8000e12c (0x00001f17) x30 0x8000f12c
core   0: 0x8000e130 (0xec3f2a23) sw      gp, -300(t5)
core   0: 3 0x8000e130 (0xec3f2a23) mem 0x8000f000 0x00000001
core   0: 0x8000e134 (0xff9ff06f) j       pc - 0x8
core   0: 3 0x8000e134 (0xff9ff06f)
core   0: 0x8000e12c (0x00001f17) auipc   t5, 0x1
core   0: 3 0x8000e12c (0x00001f17) x30 0x8000f12c
core   0: 0x8000e130 (0xec3f2a23) sw      gp, -300(t5)
core   0: 3 0x8000e130 (0xec3f2a23) mem 0x8000f000 0x00000001
core   0: 0x8000e134 (0xff9ff06f) j       pc - 0x8
core   0: 3 0x8000e134 (0xff9ff06f)
core   0: 0x8000e12c (0x00001f17) auipc   t5, 0x1
core   0: 3 0x8000e12c (0x00001f17) x30 0x8000f12c
core   0: 0x8000e130 (0xec3f2a23) sw      gp, -300(t5)
core   0: 3 0x8000e130 (0xec3f2a23) mem 0x8000f000 0x00000001
core   0: 0x8000e134 (0xff9ff06f) j       pc - 0x8
core   0: 3 0x8000e134 (0xff9ff06f)
core   0: 0x8000e12c (0x00001f17) auipc   t5, 0x1
core   0: 3 0x8000e12c (0x00001f17) x30 0x8000f12c
core   0: 0x8000e130 (0xec3f2a23) sw      gp, -300(t5)
core   0: 3 0x8000e130 (0xec3f2a23) mem 0x8000f000 0x00000001
core   0: 0x8000e134 (0xff9ff06f) j       pc - 0x8
core   0: 3 0x8000e134 (0xff9ff06f)
core   0: 0x8000e12c (0x00001f17) auipc   t5, 0x1
core   0: 3 0x8000e12c (0x00001f17) x30 0x8000f12c
core   0: 0x8000e130 (0xec3f2a23) sw      gp, -300(t5)
core   0: 3 0x8000e130 (0xec3f2a23) mem 0x8000f000 0x00000001
core   0: 0x8000e134 (0xff9ff06f) j       pc - 0x8
core   0: 3 0x8000e134 (0xff9ff06f)
core   0: 0x8000e12c (0x00001f17) auipc   t5, 0x1
core   0: 3 0x8000e12c (0x00001f17) x30 0x8000f12c
core   0: 0x8000e130 (0xec3f2a23) sw      gp, -300(t5)
core   0: 3 0x8000e130 (0xec3f2a23) mem 0x8000f000 0x00000001
core   0: 0x8000e134 (0xff9ff06f) j       pc - 0x8
core   0: 3 0x8000e134 (0xff9ff06f)
core   0: 0x8000e12c (0x00001f17) auipc   t5, 0x1
core   0: 3 0x8000e12c (0x00001f17) x30 0x8000f12c
core   0: 0x8000e130 (0xec3f2a23) sw      gp, -300(t5)
core   0: 3 0x8000e130 (0xec3f2a23) mem 0x8000f000 0x00000001
core   0: 0x8000e134 (0xff9ff06f) j       pc - 0x8
core   0: 3 0x8000e134 (0xff9ff06f)
core   0: 0x8000e12c (0x00001f17) auipc   t5, 0x1
core   0: 3 0x8000e12c (0x00001f17) x30 0x8000f12c
core   0: 0x8000e130 (0xec3f2a23) sw      gp, -300(t5)
core   0: 3 0x8000e130 (0xec3f2a23) mem 0x8000f000 0x00000001
core   0: 0x8000e134 (0xff9ff06f) j       pc - 0x8
core   0: 3 0x8000e134 (0xff9ff06f)
core   0: 0x8000e12c (0x00001f17) auipc   t5, 0x1
core   0: 3 0x8000e12c (0x00001f17) x30 0x8000f12c
core   0: 0x8000e130 (0xec3f2a23) sw      gp, -300(t5)
core   0: 3 0x8000e130 (0xec3f2a23) mem 0x8000f000 0x00000001
core   0: 0x8000e134 (0xff9ff06f) j       pc - 0x8
core   0: 3 0x8000e134 (0xff9ff06f)
core   0: 0x8000e12c (0x00001f17) auipc   t5, 0x1
core   0: 3 0x8000e12c (0x00001f17) x30 0x8000f12c
core   0: 0x8000e130 (0xec3f2a23) sw      gp, -300(t5)
core   0: 3 0x8000e130 (0xec3f2a23) mem 0x8000f000 0x00000001
core   0: 0x8000e134 (0xff9ff06f) j       pc - 0x8
core   0: 3 0x8000e134 (0xff9ff06f)
core   0: 0x8000e12c (0x00001f17) auipc   t5, 0x1
core   0: 3 0x8000e12c (0x00001f17) x30 0x8000f12c
core   0: 0x8000e130 (0xec3f2a23) sw      gp, -300(t5)
core   0: 3 0x8000e130 (0xec3f2a23) mem 0x8000f000 0x00000001
core   0: 0x8000e134 (0xff9ff06f) j       pc - 0x8
core   0: 3 0x8000e134 (0xff9ff06f)
core   0: 0x8000e12c (0x00001f17) auipc   t5, 0x1
core   0: 3 0x8000e12c (0x00001f17) x30 0x8000f12c
core   0: 0x8000e130 (0xec3f2a23) sw      gp, -300(t5)
core   0: 3 0x8000e130 (0xec3f2a23) mem 0x8000f000 0x00000001
core   0: 0x8000e134 (0xff9ff06f) j       pc - 0x8
core   0: 3 0x8000e134 (0xff9ff06f)
core   0: 0x8000e12c (0x00001f17) auipc   t5, 0x1
core   0: 3 0x8000e12c (0x00001f17) x30 0x8000f12c
core   0: 0x8000e130 (0xec3f2a23) sw      gp, -300(t5)
core   0: 3 0x8000e130 (0xec3f2a23) mem 0x8000f000 0x00000001
core   0: 0x8000e134 (0xff9ff06f) j       pc - 0x8
core   0: 3 0x8000e134 (0xff9ff06f)
core   0: 0x8000e12c (0x00001f17) auipc   t5, 0x1
core   0: 3 0x8000e12c (0x00001f17) x30 0x8000f12c
core   0: 0x8000e130 (0xec3f2a23) sw      gp, -300(t5)
core   0: 3 0x8000e130 (0xec3f2a23) mem 0x8000f000 0x00000001
core   0: 0x8000e134 (0xff9ff06f) j       pc - 0x8
core   0: 3 0x8000e134 (0xff9ff06f)
core   0: 0x8000e12c (0x00001f17) auipc   t5, 0x1
core   0: 3 0x8000e12c (0x00001f17) x30 0x8000f12c
core   0: 0x8000e130 (0xec3f2a23) sw      gp, -300(t5)
core   0: 3 0x8000e130 (0xec3f2a23) mem 0x8000f000 0x00000001
core   0: 0x8000e134 (0xff9ff06f) j       pc - 0x8
core   0: 3 0x8000e134 (0xff9ff06f)
core   0: 0x8000e12c (0x00001f17) auipc   t5, 0x1
core   0: 3 0x8000e12c (0x00001f17) x30 0x8000f12c
core   0: 0x8000e130 (0xec3f2a23) sw      gp, -300(t5)
core   0: 3 0x8000e130 (0xec3f2a23) mem 0x8000f000 0x00000001
core   0: 0x8000e134 (0xff9ff06f) j       pc - 0x8
core   0: 3 0x8000e134 (0xff9ff06f)
core   0: 0x8000e12c (0x00001f17) auipc   t5, 0x1
core   0: 3 0x8000e12c (0x00001f17) x30 0x8000f12c
core   0: 0x8000e130 (0xec3f2a23) sw      gp, -300(t5)
core   0: 3 0x8000e130 (0xec3f2a23) mem 0x8000f000 0x00000001
core   0: 0x8000e134 (0xff9ff06f) j       pc - 0x8
core   0: 3 0x8000e134 (0xff9ff06f)
core   0: 0x8000e12c (0x00001f17) auipc   t5, 0x1
core   0: 3 0x8000e12c (0x00001f17) x30 0x8000f12c
core   0: 0x8000e130 (0xec3f2a23) sw      gp, -300(t5)
core   0: 3 0x8000e130 (0xec3f2a23) mem 0x8000f000 0x00000001
core   0: 0x8000e134 (0xff9ff06f) j       pc - 0x8
core   0: 3 0x8000e134 (0xff9ff06f)
core   0: 0x8000e12c (0x00001f17) auipc   t5, 0x1
core   0: 3 0x8000e12c (0x00001f17) x30 0x8000f12c
core   0: 0x8000e130 (0xec3f2a23) sw      gp, -300(t5)
core   0: 3 0x8000e130 (0xec3f2a23) mem 0x8000f000 0x00000001
core   0: 0x8000e134 (0xff9ff06f) j       pc - 0x8
core   0: 3 0x8000e134 (0xff9ff06f)
core   0: 0x8000e12c (0x00001f17) auipc   t5, 0x1
core   0: 3 0x8000e12c (0x00001f17) x30 0x8000f12c
core   0: 0x8000e130 (0xec3f2a23) sw      gp, -300(t5)
core   0: 3 0x8000e130 (0xec3f2a23) mem 0x8000f000 0x00000001
core   0: 0x8000e134 (0xff9ff06f) j       pc - 0x8
core   0: 3 0x8000e134 (0xff9ff06f)
core   0: 0x8000e12c (0x00001f17) auipc   t5, 0x1
core   0: 3 0x8000e12c (0x00001f17) x30 0x8000f12c
core   0: 0x8000e130 (0xec3f2a23) sw      gp, -300(t5)
core   0: 3 0x8000e130 (0xec3f2a23) mem 0x8000f000 0x00000001
core   0: 0x8000e134 (0xff9ff06f) j       pc - 0x8
core   0: 3 0x8000e134 (0xff9ff06f)
core   0: 0x8000e12c (0x00001f17) auipc   t5, 0x1
core   0: 3 0x8000e12c (0x00001f17) x30 0x8000f12c
core   0: 0x8000e130 (0xec3f2a23) sw      gp, -300(t5)
core   0: 3 0x8000e130 (0xec3f2a23) mem 0x8000f000 0x00000001
core   0: 0x8000e134 (0xff9ff06f) j       pc - 0x8
core   0: 3 0x8000e134 (0xff9ff06f)
core   0: 0x8000e12c (0x00001f17) auipc   t5, 0x1
core   0: 3 0x8000e12c (0x00001f17) x30 0x8000f12c
core   0: 0x8000e130 (0xec3f2a23) sw      gp, -300(t5)
core   0: 3 0x8000e130 (0xec3f2a23) mem 0x8000f000 0x00000001
core   0: 0x8000e134 (0xff9ff06f) j       pc - 0x8
core   0: 3 0x8000e134 (0xff9ff06f)
core   0: 0x8000e12c (0x00001f17) auipc   t5, 0x1
core   0: 3 0x8000e12c (0x00001f17) x30 0x8000f12c
core   0: 0x8000e130 (0xec3f2a23) sw      gp, -300(t5)
core   0: 3 0x8000e130 (0xec3f2a23) mem 0x8000f000 0x00000001
core   0: 0x8000e134 (0xff9ff06f) j       pc - 0x8
core   0: 3 0x8000e134 (0xff9ff06f)
core   0: 0x8000e12c (0x00001f17) auipc   t5, 0x1
core   0: 3 0x8000e12c (0x00001f17) x30 0x8000f12c
core   0: 0x8000e130 (0xec3f2a23) sw      gp, -300(t5)
core   0: 3 0x8000e130 (0xec3f2a23) mem 0x8000f000 0x00000001
core   0: 0x8000e134 (0xff9ff06f) j       pc - 0x8
core   0: 3 0x8000e134 (0xff9ff06f)
core   0: 0x8000e12c (0x00001f17) auipc   t5, 0x1
core   0: 3 0x8000e12c (0x00001f17) x30 0x8000f12c
core   0: 0x8000e130 (0xec3f2a23) sw      gp, -300(t5)
core   0: 3 0x8000e130 (0xec3f2a23) mem 0x8000f000 0x00000001
core   0: 0x8000e134 (0xff9ff06f) j       pc - 0x8
core   0: 3 0x8000e134 (0xff9ff06f)
core   0: 0x8000e12c (0x00001f17) auipc   t5, 0x1
core   0: 3 0x8000e12c (0x00001f17) x30 0x8000f12c
core   0: 0x8000e130 (0xec3f2a23) sw      gp, -300(t5)
core   0: 3 0x8000e130 (0xec3f2a23) mem 0x8000f000 0x00000001
core   0: 0x8000e134 (0xff9ff06f) j       pc - 0x8
core   0: 3 0x8000e134 (0xff9ff06f)
core   0: 0x8000e12c (0x00001f17) auipc   t5, 0x1
core   0: 3 0x8000e12c (0x00001f17) x30 0x8000f12c
core   0: 0x8000e130 (0xec3f2a23) sw      gp, -300(t5)
core   0: 3 0x8000e130 (0xec3f2a23) mem 0x8000f000 0x00000001
core   0: 0x8000e134 (0xff9ff06f) j       pc - 0x8
core   0: 3 0x8000e134 (0xff9ff06f)
core   0: 0x8000e12c (0x00001f17) auipc   t5, 0x1
core   0: 3 0x8000e12c (0x00001f17) x30 0x8000f12c
core   0: 0x8000e130 (0xec3f2a23) sw      gp, -300(t5)
core   0: 3 0x8000e130 (0xec3f2a23) mem 0x8000f000 0x00000001
core   0: 0x8000e134 (0xff9ff06f) j       pc - 0x8
core   0: 3 0x8000e134 (0xff9ff06f)
core   0: 0x8000e12c (0x00001f17) auipc   t5, 0x1
core   0: 3 0x8000e12c (0x00001f17) x30 0x8000f12c
core   0: 0x8000e130 (0xec3f2a23) sw      gp, -300(t5)
core   0: 3 0x8000e130 (0xec3f2a23) mem 0x8000f000 0x00000001
core   0: 0x8000e134 (0xff9ff06f) j       pc - 0x8
core   0: 3 0x8000e134 (0xff9ff06f)
core   0: 0x8000e12c (0x00001f17) auipc   t5, 0x1
core   0: 3 0x8000e12c (0x00001f17) x30 0x8000f12c
core   0: 0x8000e130 (0xec3f2a23) sw      gp, -300(t5)
core   0: 3 0x8000e130 (0xec3f2a23) mem 0x8000f000 0x00000001
core   0: 0x8000e134 (0xff9ff06f) j       pc - 0x8
core   0: 3 0x8000e134 (0xff9ff06f)
core   0: 0x8000e12c (0x00001f17) auipc   t5, 0x1
core   0: 3 0x8000e12c (0x00001f17) x30 0x8000f12c
core   0: 0x8000e130 (0xec3f2a23) sw      gp, -300(t5)
core   0: 3 0x8000e130 (0xec3f2a23) mem 0x8000f000 0x00000001
core   0: 0x8000e134 (0xff9ff06f) j       pc - 0x8
core   0: 3 0x8000e134 (0xff9ff06f)
core   0: 0x8000e12c (0x00001f17) auipc   t5, 0x1
core   0: 3 0x8000e12c (0x00001f17) x30 0x8000f12c
core   0: 0x8000e130 (0xec3f2a23) sw      gp, -300(t5)
core   0: 3 0x8000e130 (0xec3f2a23) mem 0x8000f000 0x00000001
core   0: 0x8000e134 (0xff9ff06f) j       pc - 0x8
core   0: 3 0x8000e134 (0xff9ff06f)
core   0: 0x8000e12c (0x00001f17) auipc   t5, 0x1
core   0: 3 0x8000e12c (0x00001f17) x30 0x8000f12c
core   0: 0x8000e130 (0xec3f2a23) sw      gp, -300(t5)
core   0: 3 0x8000e130 (0xec3f2a23) mem 0x8000f000 0x00000001
core   0: 0x8000e134 (0xff9ff06f) j       pc - 0x8
core   0: 3 0x8000e134 (0xff9ff06f)
core   0: 0x8000e12c (0x00001f17) auipc   t5, 0x1
core   0: 3 0x8000e12c (0x00001f17) x30 0x8000f12c
core   0: 0x8000e130 (0xec3f2a23) sw      gp, -300(t5)
core   0: 3 0x8000e130 (0xec3f2a23) mem 0x8000f000 0x00000001
core   0: 0x8000e134 (0xff9ff06f) j       pc - 0x8
core   0: 3 0x8000e134 (0xff9ff06f)
core   0: 0x8000e12c (0x00001f17) auipc   t5, 0x1
core   0: 3 0x8000e12c (0x00001f17) x30 0x8000f12c
core   0: 0x8000e130 (0xec3f2a23) sw      gp, -300(t5)
core   0: 3 0x8000e130 (0xec3f2a23) mem 0x8000f000 0x00000001
core   0: 0x8000e134 (0xff9ff06f) j       pc - 0x8
core   0: 3 0x8000e134 (0xff9ff06f)
core   0: 0x8000e12c (0x00001f17) auipc   t5, 0x1
core   0: 3 0x8000e12c (0x00001f17) x30 0x8000f12c
core   0: 0x8000e130 (0xec3f2a23) sw      gp, -300(t5)
core   0: 3 0x8000e130 (0xec3f2a23) mem 0x8000f000 0x00000001
core   0: 0x8000e134 (0xff9ff06f) j       pc - 0x8
core   0: 3 0x8000e134 (0xff9ff06f)
core   0: 0x8000e12c (0x00001f17) auipc   t5, 0x1
core   0: 3 0x8000e12c (0x00001f17) x30 0x8000f12c
core   0: 0x8000e130 (0xec3f2a23) sw      gp, -300(t5)
core   0: 3 0x8000e130 (0xec3f2a23) mem 0x8000f000 0x00000001
core   0: 0x8000e134 (0xff9ff06f) j       pc - 0x8
core   0: 3 0x8000e134 (0xff9ff06f)
core   0: 0x8000e12c (0x00001f17) auipc   t5, 0x1
core   0: 3 0x8000e12c (0x00001f17) x30 0x8000f12c
core   0: 0x8000e130 (0xec3f2a23) sw      gp, -300(t5)
core   0: 3 0x8000e130 (0xec3f2a23) mem 0x8000f000 0x00000001
core   0: 0x8000e134 (0xff9ff06f) j       pc - 0x8
core   0: 3 0x8000e134 (0xff9ff06f)
core   0: 0x8000e12c (0x00001f17) auipc   t5, 0x1
core   0: 3 0x8000e12c (0x00001f17) x30 0x8000f12c
core   0: 0x8000e130 (0xec3f2a23) sw      gp, -300(t5)
core   0: 3 0x8000e130 (0xec3f2a23) mem 0x8000f000 0x00000001
core   0: 0x8000e134 (0xff9ff06f) j       pc - 0x8
core   0: 3 0x8000e134 (0xff9ff06f)
core   0: 0x8000e12c (0x00001f17) auipc   t5, 0x1
core   0: 3 0x8000e12c (0x00001f17) x30 0x8000f12c
core   0: 0x8000e130 (0xec3f2a23) sw      gp, -300(t5)
core   0: 3 0x8000e130 (0xec3f2a23) mem 0x8000f000 0x00000001
core   0: 0x8000e134 (0xff9ff06f) j       pc - 0x8
core   0: 3 0x8000e134 (0xff9ff06f)
core   0: 0x8000e12c (0x00001f17) auipc   t5, 0x1
core   0: 3 0x8000e12c (0x00001f17) x30 0x8000f12c
core   0: 0x8000e130 (0xec3f2a23) sw      gp, -300(t5)
core   0: 3 0x8000e130 (0xec3f2a23) mem 0x8000f000 0x00000001
core   0: 0x8000e134 (0xff9ff06f) j       pc - 0x8
core   0: 3 0x8000e134 (0xff9ff06f)
core   0: 0x8000e12c (0x00001f17) auipc   t5, 0x1
core   0: 3 0x8000e12c (0x00001f17) x30 0x8000f12c
core   0: 0x8000e130 (0xec3f2a23) sw      gp, -300(t5)
core   0: 3 0x8000e130 (0xec3f2a23) mem 0x8000f000 0x00000001
core   0: 0x8000e134 (0xff9ff06f) j       pc - 0x8
core   0: 3 0x8000e134 (0xff9ff06f)
core   0: 0x8000e12c (0x00001f17) auipc   t5, 0x1
core   0: 3 0x8000e12c (0x00001f17) x30 0x8000f12c
core   0: 0x8000e130 (0xec3f2a23) sw      gp, -300(t5)
core   0: 3 0x8000e130 (0xec3f2a23) mem 0x8000f000 0x00000001
core   0: 0x8000e134 (0xff9ff06f) j       pc - 0x8
core   0: 3 0x8000e134 (0xff9ff06f)
core   0: 0x8000e12c (0x00001f17) auipc   t5, 0x1
core   0: 3 0x8000e12c (0x00001f17) x30 0x8000f12c
core   0: 0x8000e130 (0xec3f2a23) sw      gp, -300(t5)
core   0: 3 0x8000e130 (0xec3f2a23) mem 0x8000f000 0x00000001
core   0: 0x8000e134 (0xff9ff06f) j       pc - 0x8
core   0: 3 0x8000e134 (0xff9ff06f)
core   0: 0x8000e12c (0x00001f17) auipc   t5, 0x1
core   0: 3 0x8000e12c (0x00001f17) x30 0x8000f12c
core   0: 0x8000e130 (0xec3f2a23) sw      gp, -300(t5)
core   0: 3 0x8000e130 (0xec3f2a23) mem 0x8000f000 0x00000001
core   0: 0x8000e134 (0xff9ff06f) j       pc - 0x8
core   0: 3 0x8000e134 (0xff9ff06f)
core   0: 0x8000e12c (0x00001f17) auipc   t5, 0x1
core   0: 3 0x8000e12c (0x00001f17) x30 0x8000f12c
core   0: 0x8000e130 (0xec3f2a23) sw      gp, -300(t5)
core   0: 3 0x8000e130 (0xec3f2a23) mem 0x8000f000 0x00000001
core   0: 0x8000e134 (0xff9ff06f) j       pc - 0x8
core   0: 3 0x8000e134 (0xff9ff06f)
core   0: 0x8000e12c (0x00001f17) auipc   t5, 0x1
core   0: 3 0x8000e12c (0x00001f17) x30 0x8000f12c
core   0: 0x8000e130 (0xec3f2a23) sw      gp, -300(t5)
core   0: 3 0x8000e130 (0xec3f2a23) mem 0x8000f000 0x00000001
core   0: 0x8000e134 (0xff9ff06f) j       pc - 0x8
core   0: 3 0x8000e134 (0xff9ff06f)
core   0: 0x8000e12c (0x00001f17) auipc   t5, 0x1
core   0: 3 0x8000e12c (0x00001f17) x30 0x8000f12c
core   0: 0x8000e130 (0xec3f2a23) sw      gp, -300(t5)
core   0: 3 0x8000e130 (0xec3f2a23) mem 0x8000f000 0x00000001
core   0: 0x8000e134 (0xff9ff06f) j       pc - 0x8
core   0: 3 0x8000e134 (0xff9ff06f)
core   0: 0x8000e12c (0x00001f17) auipc   t5, 0x1
core   0: 3 0x8000e12c (0x00001f17) x30 0x8000f12c
core   0: 0x8000e130 (0xec3f2a23) sw      gp, -300(t5)
core   0: 3 0x8000e130 (0xec3f2a23) mem 0x8000f000 0x00000001
core   0: 0x8000e134 (0xff9ff06f) j       pc - 0x8
core   0: 3 0x8000e134 (0xff9ff06f)
core   0: 0x8000e12c (0x00001f17) auipc   t5, 0x1
core   0: 3 0x8000e12c (0x00001f17) x30 0x8000f12c
core   0: 0x8000e130 (0xec3f2a23) sw      gp, -300(t5)
core   0: 3 0x8000e130 (0xec3f2a23) mem 0x8000f000 0x00000001
core   0: 0x8000e134 (0xff9ff06f) j       pc - 0x8
core   0: 3 0x8000e134 (0xff9ff06f)
core   0: 0x8000e12c (0x00001f17) auipc   t5, 0x1
core   0: 3 0x8000e12c (0x00001f17) x30 0x8000f12c
core   0: 0x8000e130 (0xec3f2a23) sw      gp, -300(t5)
core   0: 3 0x8000e130 (0xec3f2a23) mem 0x8000f000 0x00000001
core   0: 0x8000e134 (0xff9ff06f) j       pc - 0x8
core   0: 3 0x8000e134 (0xff9ff06f)
core   0: 0x8000e12c (0x00001f17) auipc   t5, 0x1
core   0: 3 0x8000e12c (0x00001f17) x30 0x8000f12c
core   0: 0x8000e130 (0xec3f2a23) sw      gp, -300(t5)
core   0: 3 0x8000e130 (0xec3f2a23) mem 0x8000f000 0x00000001
core   0: 0x8000e134 (0xff9ff06f) j       pc - 0x8
core   0: 3 0x8000e134 (0xff9ff06f)
core   0: 0x8000e12c (0x00001f17) auipc   t5, 0x1
core   0: 3 0x8000e12c (0x00001f17) x30 0x8000f12c
core   0: 0x8000e130 (0xec3f2a23) sw      gp, -300(t5)
core   0: 3 0x8000e130 (0xec3f2a23) mem 0x8000f000 0x00000001
core   0: 0x8000e134 (0xff9ff06f) j       pc - 0x8
core   0: 3 0x8000e134 (0xff9ff06f)
core   0: 0x8000e12c (0x00001f17) auipc   t5, 0x1
core   0: 3 0x8000e12c (0x00001f17) x30 0x8000f12c
core   0: 0x8000e130 (0xec3f2a23) sw      gp, -300(t5)
core   0: 3 0x8000e130 (0xec3f2a23) mem 0x8000f000 0x00000001
core   0: 0x8000e134 (0xff9ff06f) j       pc - 0x8
core   0: 3 0x8000e134 (0xff9ff06f)
core   0: 0x8000e12c (0x00001f17) auipc   t5, 0x1
core   0: 3 0x8000e12c (0x00001f17) x30 0x8000f12c
core   0: 0x8000e130 (0xec3f2a23) sw      gp, -300(t5)
core   0: 3 0x8000e130 (0xec3f2a23) mem 0x8000f000 0x00000001
core   0: 0x8000e134 (0xff9ff06f) j       pc - 0x8
core   0: 3 0x8000e134 (0xff9ff06f)
core   0: 0x8000e12c (0x00001f17) auipc   t5, 0x1
core   0: 3 0x8000e12c (0x00001f17) x30 0x8000f12c
core   0: 0x8000e130 (0xec3f2a23) sw      gp, -300(t5)
core   0: 3 0x8000e130 (0xec3f2a23) mem 0x8000f000 0x00000001
core   0: 0x8000e134 (0xff9ff06f) j       pc - 0x8
core   0: 3 0x8000e134 (0xff9ff06f)
core   0: 0x8000e12c (0x00001f17) auipc   t5, 0x1
core   0: 3 0x8000e12c (0x00001f17) x30 0x8000f12c
core   0: 0x8000e130 (0xec3f2a23) sw      gp, -300(t5)
core   0: 3 0x8000e130 (0xec3f2a23) mem 0x8000f000 0x00000001
core   0: 0x8000e134 (0xff9ff06f) j       pc - 0x8
core   0: 3 0x8000e134 (0xff9ff06f)
core   0: 0x8000e12c (0x00001f17) auipc   t5, 0x1
core   0: 3 0x8000e12c (0x00001f17) x30 0x8000f12c
core   0: 0x8000e130 (0xec3f2a23) sw      gp, -300(t5)
core   0: 3 0x8000e130 (0xec3f2a23) mem 0x8000f000 0x00000001
core   0: 0x8000e134 (0xff9ff06f) j       pc - 0x8
core   0: 3 0x8000e134 (0xff9ff06f)
core   0: 0x8000e12c (0x00001f17) auipc   t5, 0x1
core   0: 3 0x8000e12c (0x00001f17) x30 0x8000f12c
core   0: 0x8000e130 (0xec3f2a23) sw      gp, -300(t5)
core   0: 3 0x8000e130 (0xec3f2a23) mem 0x8000f000 0x00000001
core   0: 0x8000e134 (0xff9ff06f) j       pc - 0x8
core   0: 3 0x8000e134 (0xff9ff06f)
core   0: 0x8000e12c (0x00001f17) auipc   t5, 0x1
core   0: 3 0x8000e12c (0x00001f17) x30 0x8000f12c
core   0: 0x8000e130 (0xec3f2a23) sw      gp, -300(t5)
core   0: 3 0x8000e130 (0xec3f2a23) mem 0x8000f000 0x00000001
core   0: 0x8000e134 (0xff9ff06f) j       pc - 0x8
core   0: 3 0x8000e134 (0xff9ff06f)
core   0: 0x8000e12c (0x00001f17) auipc   t5, 0x1
core   0: 3 0x8000e12c (0x00001f17) x30 0x8000f12c
core   0: 0x8000e130 (0xec3f2a23) sw      gp, -300(t5)
core   0: 3 0x8000e130 (0xec3f2a23) mem 0x8000f000 0x00000001
core   0: 0x8000e134 (0xff9ff06f) j       pc - 0x8
core   0: 3 0x8000e134 (0xff9ff06f)
core   0: 0x8000e12c (0x00001f17) auipc   t5, 0x1
core   0: 3 0x8000e12c (0x00001f17) x30 0x8000f12c
core   0: 0x8000e130 (0xec3f2a23) sw      gp, -300(t5)
core   0: 3 0x8000e130 (0xec3f2a23) mem 0x8000f000 0x00000001
core   0: 0x8000e134 (0xff9ff06f) j       pc - 0x8
core   0: 3 0x8000e134 (0xff9ff06f)
core   0: 0x8000e12c (0x00001f17) auipc   t5, 0x1
core   0: 3 0x8000e12c (0x00001f17) x30 0x8000f12c
core   0: 0x8000e130 (0xec3f2a23) sw      gp, -300(t5)
core   0: 3 0x8000e130 (0xec3f2a23) mem 0x8000f000 0x00000001
core   0: 0x8000e134 (0xff9ff06f) j       pc - 0x8
core   0: 3 0x8000e134 (0xff9ff06f)
core   0: 0x8000e12c (0x00001f17) auipc   t5, 0x1
core   0: 3 0x8000e12c (0x00001f17) x30 0x8000f12c
core   0: 0x8000e130 (0xec3f2a23) sw      gp, -300(t5)
core   0: 3 0x8000e130 (0xec3f2a23) mem 0x8000f000 0x00000001
core   0: 0x8000e134 (0xff9ff06f) j       pc - 0x8
core   0: 3 0x8000e134 (0xff9ff06f)
core   0: 0x8000e12c (0x00001f17) auipc   t5, 0x1
core   0: 3 0x8000e12c (0x00001f17) x30 0x8000f12c
core   0: 0x8000e130 (0xec3f2a23) sw      gp, -300(t5)
core   0: 3 0x8000e130 (0xec3f2a23) mem 0x8000f000 0x00000001
core   0: 0x8000e134 (0xff9ff06f) j       pc - 0x8
core   0: 3 0x8000e134 (0xff9ff06f)
core   0: 0x8000e12c (0x00001f17) auipc   t5, 0x1
core   0: 3 0x8000e12c (0x00001f17) x30 0x8000f12c
core   0: 0x8000e130 (0xec3f2a23) sw      gp, -300(t5)
core   0: 3 0x8000e130 (0xec3f2a23) mem 0x8000f000 0x00000001
core   0: 0x8000e134 (0xff9ff06f) j       pc - 0x8
core   0: 3 0x8000e134 (0xff9ff06f)
core   0: 0x8000e12c (0x00001f17) auipc   t5, 0x1
core   0: 3 0x8000e12c (0x00001f17) x30 0x8000f12c
core   0: 0x8000e130 (0xec3f2a23) sw      gp, -300(t5)
core   0: 3 0x8000e130 (0xec3f2a23) mem 0x8000f000 0x00000001
core   0: 0x8000e134 (0xff9ff06f) j       pc - 0x8
core   0: 3 0x8000e134 (0xff9ff06f)
core   0: 0x8000e12c (0x00001f17) auipc   t5, 0x1
core   0: 3 0x8000e12c (0x00001f17) x30 0x8000f12c
core   0: 0x8000e130 (0xec3f2a23) sw      gp, -300(t5)
core   0: 3 0x8000e130 (0xec3f2a23) mem 0x8000f000 0x00000001
core   0: 0x8000e134 (0xff9ff06f) j       pc - 0x8
core   0: 3 0x8000e134 (0xff9ff06f)
core   0: 0x8000e12c (0x00001f17) auipc   t5, 0x1
core   0: 3 0x8000e12c (0x00001f17) x30 0x8000f12c
core   0: 0x8000e130 (0xec3f2a23) sw      gp, -300(t5)
core   0: 3 0x8000e130 (0xec3f2a23) mem 0x8000f000 0x00000001
core   0: 0x8000e134 (0xff9ff06f) j       pc - 0x8
core   0: 3 0x8000e134 (0xff9ff06f)
core   0: 0x8000e12c (0x00001f17) auipc   t5, 0x1
core   0: 3 0x8000e12c (0x00001f17) x30 0x8000f12c
core   0: 0x8000e130 (0xec3f2a23) sw      gp, -300(t5)
core   0: 3 0x8000e130 (0xec3f2a23) mem 0x8000f000 0x00000001
core   0: 0x8000e134 (0xff9ff06f) j       pc - 0x8
core   0: 3 0x8000e134 (0xff9ff06f)
core   0: 0x8000e12c (0x00001f17) auipc   t5, 0x1
core   0: 3 0x8000e12c (0x00001f17) x30 0x8000f12c
core   0: 0x8000e130 (0xec3f2a23) sw      gp, -300(t5)
core   0: 3 0x8000e130 (0xec3f2a23) mem 0x8000f000 0x00000001
core   0: 0x8000e134 (0xff9ff06f) j       pc - 0x8
core   0: 3 0x8000e134 (0xff9ff06f)
core   0: 0x8000e12c (0x00001f17) auipc   t5, 0x1
core   0: 3 0x8000e12c (0x00001f17) x30 0x8000f12c
core   0: 0x8000e130 (0xec3f2a23) sw      gp, -300(t5)
core   0: 3 0x8000e130 (0xec3f2a23) mem 0x8000f000 0x00000001
core   0: 0x8000e134 (0xff9ff06f) j       pc - 0x8
core   0: 3 0x8000e134 (0xff9ff06f)
core   0: 0x8000e12c (0x00001f17) auipc   t5, 0x1
core   0: 3 0x8000e12c (0x00001f17) x30 0x8000f12c
core   0: 0x8000e130 (0xec3f2a23) sw      gp, -300(t5)
core   0: 3 0x8000e130 (0xec3f2a23) mem 0x8000f000 0x00000001
core   0: 0x8000e134 (0xff9ff06f) j       pc - 0x8
core   0: 3 0x8000e134 (0xff9ff06f)
core   0: 0x8000e12c (0x00001f17) auipc   t5, 0x1
core   0: 3 0x8000e12c (0x00001f17) x30 0x8000f12c
core   0: 0x8000e130 (0xec3f2a23) sw      gp, -300(t5)
core   0: 3 0x8000e130 (0xec3f2a23) mem 0x8000f000 0x00000001
core   0: 0x8000e134 (0xff9ff06f) j       pc - 0x8
core   0: 3 0x8000e134 (0xff9ff06f)
core   0: 0x8000e12c (0x00001f17) auipc   t5, 0x1
core   0: 3 0x8000e12c (0x00001f17) x30 0x8000f12c
core   0: 0x8000e130 (0xec3f2a23) sw      gp, -300(t5)
core   0: 3 0x8000e130 (0xec3f2a23) mem 0x8000f000 0x00000001
core   0: 0x8000e134 (0xff9ff06f) j       pc - 0x8
core   0: 3 0x8000e134 (0xff9ff06f)
core   0: 0x8000e12c (0x00001f17) auipc   t5, 0x1
core   0: 3 0x8000e12c (0x00001f17) x30 0x8000f12c
core   0: 0x8000e130 (0xec3f2a23) sw      gp, -300(t5)
core   0: 3 0x8000e130 (0xec3f2a23) mem 0x8000f000 0x00000001
core   0: 0x8000e134 (0xff9ff06f) j       pc - 0x8
core   0: 3 0x8000e134 (0xff9ff06f)
core   0: 0x8000e12c (0x00001f17) auipc   t5, 0x1
core   0: 3 0x8000e12c (0x00001f17) x30 0x8000f12c
core   0: 0x8000e130 (0xec3f2a23) sw      gp, -300(t5)
core   0: 3 0x8000e130 (0xec3f2a23) mem 0x8000f000 0x00000001
core   0: 0x8000e134 (0xff9ff06f) j       pc - 0x8
core   0: 3 0x8000e134 (0xff9ff06f)
core   0: 0x8000e12c (0x00001f17) auipc   t5, 0x1
core   0: 3 0x8000e12c (0x00001f17) x30 0x8000f12c
core   0: 0x8000e130 (0xec3f2a23) sw      gp, -300(t5)
core   0: 3 0x8000e130 (0xec3f2a23) mem 0x8000f000 0x00000001
core   0: 0x8000e134 (0xff9ff06f) j       pc - 0x8
core   0: 3 0x8000e134 (0xff9ff06f)
core   0: 0x8000e12c (0x00001f17) auipc   t5, 0x1
core   0: 3 0x8000e12c (0x00001f17) x30 0x8000f12c
core   0: 0x8000e130 (0xec3f2a23) sw      gp, -300(t5)
core   0: 3 0x8000e130 (0xec3f2a23) mem 0x8000f000 0x00000001
core   0: 0x8000e134 (0xff9ff06f) j       pc - 0x8
core   0: 3 0x8000e134 (0xff9ff06f)
core   0: 0x8000e12c (0x00001f17) auipc   t5, 0x1
core   0: 3 0x8000e12c (0x00001f17) x30 0x8000f12c
core   0: 0x8000e130 (0xec3f2a23) sw      gp, -300(t5)
core   0: 3 0x8000e130 (0xec3f2a23) mem 0x8000f000 0x00000001
core   0: 0x8000e134 (0xff9ff06f) j       pc - 0x8
core   0: 3 0x8000e134 (0xff9ff06f)
core   0: 0x8000e12c (0x00001f17) auipc   t5, 0x1
core   0: 3 0x8000e12c (0x00001f17) x30 0x8000f12c
core   0: 0x8000e130 (0xec3f2a23) sw      gp, -300(t5)
core   0: 3 0x8000e130 (0xec3f2a23) mem 0x8000f000 0x00000001
core   0: 0x8000e134 (0xff9ff06f) j       pc - 0x8
core   0: 3 0x8000e134 (0xff9ff06f)
core   0: 0x8000e12c (0x00001f17) auipc   t5, 0x1
core   0: 3 0x8000e12c (0x00001f17) x30 0x8000f12c
core   0: 0x8000e130 (0xec3f2a23) sw      gp, -300(t5)
core   0: 3 0x8000e130 (0xec3f2a23) mem 0x8000f000 0x00000001
core   0: 0x8000e134 (0xff9ff06f) j       pc - 0x8
core   0: 3 0x8000e134 (0xff9ff06f)
core   0: 0x8000e12c (0x00001f17) auipc   t5, 0x1
core   0: 3 0x8000e12c (0x00001f17) x30 0x8000f12c
core   0: 0x8000e130 (0xec3f2a23) sw      gp, -300(t5)
core   0: 3 0x8000e130 (0xec3f2a23) mem 0x8000f000 0x00000001
core   0: 0x8000e134 (0xff9ff06f) j       pc - 0x8
core   0: 3 0x8000e134 (0xff9ff06f)
core   0: 0x8000e12c (0x00001f17) auipc   t5, 0x1
core   0: 3 0x8000e12c (0x00001f17) x30 0x8000f12c
core   0: 0x8000e130 (0xec3f2a23) sw      gp, -300(t5)
core   0: 3 0x8000e130 (0xec3f2a23) mem 0x8000f000 0x00000001
core   0: 0x8000e134 (0xff9ff06f) j       pc - 0x8
core   0: 3 0x8000e134 (0xff9ff06f)
core   0: 0x8000e12c (0x00001f17) auipc   t5, 0x1
core   0: 3 0x8000e12c (0x00001f17) x30 0x8000f12c
core   0: 0x8000e130 (0xec3f2a23) sw      gp, -300(t5)
core   0: 3 0x8000e130 (0xec3f2a23) mem 0x8000f000 0x00000001
core   0: 0x8000e134 (0xff9ff06f) j       pc - 0x8
core   0: 3 0x8000e134 (0xff9ff06f)
core   0: 0x8000e12c (0x00001f17) auipc   t5, 0x1
core   0: 3 0x8000e12c (0x00001f17) x30 0x8000f12c
core   0: 0x8000e130 (0xec3f2a23) sw      gp, -300(t5)
core   0: 3 0x8000e130 (0xec3f2a23) mem 0x8000f000 0x00000001
core   0: 0x8000e134 (0xff9ff06f) j       pc - 0x8
core   0: 3 0x8000e134 (0xff9ff06f)
core   0: 0x8000e12c (0x00001f17) auipc   t5, 0x1
core   0: 3 0x8000e12c (0x00001f17) x30 0x8000f12c
core   0: 0x8000e130 (0xec3f2a23) sw      gp, -300(t5)
core   0: 3 0x8000e130 (0xec3f2a23) mem 0x8000f000 0x00000001
core   0: 0x8000e134 (0xff9ff06f) j       pc - 0x8
core   0: 3 0x8000e134 (0xff9ff06f)
core   0: 0x8000e12c (0x00001f17) auipc   t5, 0x1
core   0: 3 0x8000e12c (0x00001f17) x30 0x8000f12c
core   0: 0x8000e130 (0xec3f2a23) sw      gp, -300(t5)
core   0: 3 0x8000e130 (0xec3f2a23) mem 0x8000f000 0x00000001
core   0: 0x8000e134 (0xff9ff06f) j       pc - 0x8
core   0: 3 0x8000e134 (0xff9ff06f)
core   0: 0x8000e12c (0x00001f17) auipc   t5, 0x1
core   0: 3 0x8000e12c (0x00001f17) x30 0x8000f12c
core   0: 0x8000e130 (0xec3f2a23) sw      gp, -300(t5)
core   0: 3 0x8000e130 (0xec3f2a23) mem 0x8000f000 0x00000001
core   0: 0x8000e134 (0xff9ff06f) j       pc - 0x8
core   0: 3 0x8000e134 (0xff9ff06f)
core   0: 0x8000e12c (0x00001f17) auipc   t5, 0x1
core   0: 3 0x8000e12c (0x00001f17) x30 0x8000f12c
core   0: 0x8000e130 (0xec3f2a23) sw      gp, -300(t5)
core   0: 3 0x8000e130 (0xec3f2a23) mem 0x8000f000 0x00000001
core   0: 0x8000e134 (0xff9ff06f) j       pc - 0x8
core   0: 3 0x8000e134 (0xff9ff06f)
core   0: 0x8000e12c (0x00001f17) auipc   t5, 0x1
core   0: 3 0x8000e12c (0x00001f17) x30 0x8000f12c
core   0: 0x8000e130 (0xec3f2a23) sw      gp, -300(t5)
core   0: 3 0x8000e130 (0xec3f2a23) mem 0x8000f000 0x00000001
core   0: 0x8000e134 (0xff9ff06f) j       pc - 0x8
core   0: 3 0x8000e134 (0xff9ff06f)
core   0: 0x8000e12c (0x00001f17) auipc   t5, 0x1
core   0: 3 0x8000e12c (0x00001f17) x30 0x8000f12c
core   0: 0x8000e130 (0xec3f2a23) sw      gp, -300(t5)
core   0: 3 0x8000e130 (0xec3f2a23) mem 0x8000f000 0x00000001
core   0: 0x8000e134 (0xff9ff06f) j       pc - 0x8
core   0: 3 0x8000e134 (0xff9ff06f)
core   0: 0x8000e12c (0x00001f17) auipc   t5, 0x1
core   0: 3 0x8000e12c (0x00001f17) x30 0x8000f12c
core   0: 0x8000e130 (0xec3f2a23) sw      gp, -300(t5)
core   0: 3 0x8000e130 (0xec3f2a23) mem 0x8000f000 0x00000001
core   0: 0x8000e134 (0xff9ff06f) j       pc - 0x8
core   0: 3 0x8000e134 (0xff9ff06f)
core   0: 0x8000e12c (0x00001f17) auipc   t5, 0x1
core   0: 3 0x8000e12c (0x00001f17) x30 0x8000f12c
core   0: 0x8000e130 (0xec3f2a23) sw      gp, -300(t5)
core   0: 3 0x8000e130 (0xec3f2a23) mem 0x8000f000 0x00000001
core   0: 0x8000e134 (0xff9ff06f) j       pc - 0x8
core   0: 3 0x8000e134 (0xff9ff06f)
core   0: 0x8000e12c (0x00001f17) auipc   t5, 0x1
core   0: 3 0x8000e12c (0x00001f17) x30 0x8000f12c
core   0: 0x8000e130 (0xec3f2a23) sw      gp, -300(t5)
core   0: 3 0x8000e130 (0xec3f2a23) mem 0x8000f000 0x00000001
core   0: 0x8000e134 (0xff9ff06f) j       pc - 0x8
core   0: 3 0x8000e134 (0xff9ff06f)
core   0: 0x8000e12c (0x00001f17) auipc   t5, 0x1
core   0: 3 0x8000e12c (0x00001f17) x30 0x8000f12c
core   0: 0x8000e130 (0xec3f2a23) sw      gp, -300(t5)
core   0: 3 0x8000e130 (0xec3f2a23) mem 0x8000f000 0x00000001
core   0: 0x8000e134 (0xff9ff06f) j       pc - 0x8
core   0: 3 0x8000e134 (0xff9ff06f)
core   0: 0x8000e12c (0x00001f17) auipc   t5, 0x1
core   0: 3 0x8000e12c (0x00001f17) x30 0x8000f12c
core   0: 0x8000e130 (0xec3f2a23) sw      gp, -300(t5)
core   0: 3 0x8000e130 (0xec3f2a23) mem 0x8000f000 0x00000001
core   0: 0x8000e134 (0xff9ff06f) j       pc - 0x8
core   0: 3 0x8000e134 (0xff9ff06f)
core   0: 0x8000e12c (0x00001f17) auipc   t5, 0x1
core   0: 3 0x8000e12c (0x00001f17) x30 0x8000f12c
core   0: 0x8000e130 (0xec3f2a23) sw      gp, -300(t5)
core   0: 3 0x8000e130 (0xec3f2a23) mem 0x8000f000 0x00000001
core   0: 0x8000e134 (0xff9ff06f) j       pc - 0x8
core   0: 3 0x8000e134 (0xff9ff06f)
core   0: 0x8000e12c (0x00001f17) auipc   t5, 0x1
core   0: 3 0x8000e12c (0x00001f17) x30 0x8000f12c
core   0: 0x8000e130 (0xec3f2a23) sw      gp, -300(t5)
core   0: 3 0x8000e130 (0xec3f2a23) mem 0x8000f000 0x00000001
core   0: 0x8000e134 (0xff9ff06f) j       pc - 0x8
core   0: 3 0x8000e134 (0xff9ff06f)
core   0: 0x8000e12c (0x00001f17) auipc   t5, 0x1
core   0: 3 0x8000e12c (0x00001f17) x30 0x8000f12c
core   0: 0x8000e130 (0xec3f2a23) sw      gp, -300(t5)
core   0: 3 0x8000e130 (0xec3f2a23) mem 0x8000f000 0x00000001
core   0: 0x8000e134 (0xff9ff06f) j       pc - 0x8
core   0: 3 0x8000e134 (0xff9ff06f)
core   0: 0x8000e12c (0x00001f17) auipc   t5, 0x1
core   0: 3 0x8000e12c (0x00001f17) x30 0x8000f12c
core   0: 0x8000e130 (0xec3f2a23) sw      gp, -300(t5)
core   0: 3 0x8000e130 (0xec3f2a23) mem 0x8000f000 0x00000001
core   0: 0x8000e134 (0xff9ff06f) j       pc - 0x8
core   0: 3 0x8000e134 (0xff9ff06f)
core   0: 0x8000e12c (0x00001f17) auipc   t5, 0x1
core   0: 3 0x8000e12c (0x00001f17) x30 0x8000f12c
core   0: 0x8000e130 (0xec3f2a23) sw      gp, -300(t5)
core   0: 3 0x8000e130 (0xec3f2a23) mem 0x8000f000 0x00000001
core   0: 0x8000e134 (0xff9ff06f) j       pc - 0x8
core   0: 3 0x8000e134 (0xff9ff06f)
core   0: 0x8000e12c (0x00001f17) auipc   t5, 0x1
core   0: 3 0x8000e12c (0x00001f17) x30 0x8000f12c
core   0: 0x8000e130 (0xec3f2a23) sw      gp, -300(t5)
core   0: 3 0x8000e130 (0xec3f2a23) mem 0x8000f000 0x00000001
core   0: 0x8000e134 (0xff9ff06f) j       pc - 0x8
core   0: 3 0x8000e134 (0xff9ff06f)
core   0: 0x8000e12c (0x00001f17) auipc   t5, 0x1
core   0: 3 0x8000e12c (0x00001f17) x30 0x8000f12c
core   0: 0x8000e130 (0xec3f2a23) sw      gp, -300(t5)
core   0: 3 0x8000e130 (0xec3f2a23) mem 0x8000f000 0x00000001
core   0: 0x8000e134 (0xff9ff06f) j       pc - 0x8
core   0: 3 0x8000e134 (0xff9ff06f)
core   0: 0x8000e12c (0x00001f17) auipc   t5, 0x1
core   0: 3 0x8000e12c (0x00001f17) x30 0x8000f12c
core   0: 0x8000e130 (0xec3f2a23) sw      gp, -300(t5)
core   0: 3 0x8000e130 (0xec3f2a23) mem 0x8000f000 0x00000001
core   0: 0x8000e134 (0xff9ff06f) j       pc - 0x8
core   0: 3 0x8000e134 (0xff9ff06f)
core   0: 0x8000e12c (0x00001f17) auipc   t5, 0x1
core   0: 3 0x8000e12c (0x00001f17) x30 0x8000f12c
core   0: 0x8000e130 (0xec3f2a23) sw      gp, -300(t5)
core   0: 3 0x8000e130 (0xec3f2a23) mem 0x8000f000 0x00000001
core   0: 0x8000e134 (0xff9ff06f) j       pc - 0x8
core   0: 3 0x8000e134 (0xff9ff06f)
core   0: 0x8000e12c (0x00001f17) auipc   t5, 0x1
core   0: 3 0x8000e12c (0x00001f17) x30 0x8000f12c
core   0: 0x8000e130 (0xec3f2a23) sw      gp, -300(t5)
core   0: 3 0x8000e130 (0xec3f2a23) mem 0x8000f000 0x00000001
core   0: 0x8000e134 (0xff9ff06f) j       pc - 0x8
core   0: 3 0x8000e134 (0xff9ff06f)
core   0: 0x8000e12c (0x00001f17) auipc   t5, 0x1
core   0: 3 0x8000e12c (0x00001f17) x30 0x8000f12c
core   0: 0x8000e130 (0xec3f2a23) sw      gp, -300(t5)
core   0: 3 0x8000e130 (0xec3f2a23) mem 0x8000f000 0x00000001
core   0: 0x8000e134 (0xff9ff06f) j       pc - 0x8
core   0: 3 0x8000e134 (0xff9ff06f)
core   0: 0x8000e12c (0x00001f17) auipc   t5, 0x1
core   0: 3 0x8000e12c (0x00001f17) x30 0x8000f12c
core   0: 0x8000e130 (0xec3f2a23) sw      gp, -300(t5)
core   0: 3 0x8000e130 (0xec3f2a23) mem 0x8000f000 0x00000001
core   0: 0x8000e134 (0xff9ff06f) j       pc - 0x8
core   0: 3 0x8000e134 (0xff9ff06f)
core   0: 0x8000e12c (0x00001f17) auipc   t5, 0x1
core   0: 3 0x8000e12c (0x00001f17) x30 0x8000f12c
core   0: 0x8000e130 (0xec3f2a23) sw      gp, -300(t5)
core   0: 3 0x8000e130 (0xec3f2a23) mem 0x8000f000 0x00000001
core   0: 0x8000e134 (0xff9ff06f) j       pc - 0x8
core   0: 3 0x8000e134 (0xff9ff06f)
core   0: 0x8000e12c (0x00001f17) auipc   t5, 0x1
core   0: 3 0x8000e12c (0x00001f17) x30 0x8000f12c
core   0: 0x8000e130 (0xec3f2a23) sw      gp, -300(t5)
core   0: 3 0x8000e130 (0xec3f2a23) mem 0x8000f000 0x00000001
core   0: 0x8000e134 (0xff9ff06f) j       pc - 0x8
core   0: 3 0x8000e134 (0xff9ff06f)
core   0: 0x8000e12c (0x00001f17) auipc   t5, 0x1
core   0: 3 0x8000e12c (0x00001f17) x30 0x8000f12c
core   0: 0x8000e130 (0xec3f2a23) sw      gp, -300(t5)
core   0: 3 0x8000e130 (0xec3f2a23) mem 0x8000f000 0x00000001
core   0: 0x8000e134 (0xff9ff06f) j       pc - 0x8
core   0: 3 0x8000e134 (0xff9ff06f)
core   0: 0x8000e12c (0x00001f17) auipc   t5, 0x1
core   0: 3 0x8000e12c (0x00001f17) x30 0x8000f12c
core   0: 0x8000e130 (0xec3f2a23) sw      gp, -300(t5)
core   0: 3 0x8000e130 (0xec3f2a23) mem 0x8000f000 0x00000001
core   0: 0x8000e134 (0xff9ff06f) j       pc - 0x8
core   0: 3 0x8000e134 (0xff9ff06f)
core   0: 0x8000e12c (0x00001f17) auipc   t5, 0x1
core   0: 3 0x8000e12c (0x00001f17) x30 0x8000f12c
core   0: 0x8000e130 (0xec3f2a23) sw      gp, -300(t5)
core   0: 3 0x8000e130 (0xec3f2a23) mem 0x8000f000 0x00000001
core   0: 0x8000e134 (0xff9ff06f) j       pc - 0x8
core   0: 3 0x8000e134 (0xff9ff06f)
core   0: 0x8000e12c (0x00001f17) auipc   t5, 0x1
core   0: 3 0x8000e12c (0x00001f17) x30 0x8000f12c
core   0: 0x8000e130 (0xec3f2a23) sw      gp, -300(t5)
core   0: 3 0x8000e130 (0xec3f2a23) mem 0x8000f000 0x00000001
core   0: 0x8000e134 (0xff9ff06f) j       pc - 0x8
core   0: 3 0x8000e134 (0xff9ff06f)
core   0: 0x8000e12c (0x00001f17) auipc   t5, 0x1
core   0: 3 0x8000e12c (0x00001f17) x30 0x8000f12c
core   0: 0x8000e130 (0xec3f2a23) sw      gp, -300(t5)
core   0: 3 0x8000e130 (0xec3f2a23) mem 0x8000f000 0x00000001
core   0: 0x8000e134 (0xff9ff06f) j       pc - 0x8
core   0: 3 0x8000e134 (0xff9ff06f)
core   0: 0x8000e12c (0x00001f17) auipc   t5, 0x1
core   0: 3 0x8000e12c (0x00001f17) x30 0x8000f12c
core   0: 0x8000e130 (0xec3f2a23) sw      gp, -300(t5)
core   0: 3 0x8000e130 (0xec3f2a23) mem 0x8000f000 0x00000001
core   0: 0x8000e134 (0xff9ff06f) j       pc - 0x8
core   0: 3 0x8000e134 (0xff9ff06f)
core   0: 0x8000e12c (0x00001f17) auipc   t5, 0x1
core   0: 3 0x8000e12c (0x00001f17) x30 0x8000f12c
core   0: 0x8000e130 (0xec3f2a23) sw      gp, -300(t5)
core   0: 3 0x8000e130 (0xec3f2a23) mem 0x8000f000 0x00000001
core   0: 0x8000e134 (0xff9ff06f) j       pc - 0x8
core   0: 3 0x8000e134 (0xff9ff06f)
core   0: 0x8000e12c (0x00001f17) auipc   t5, 0x1
core   0: 3 0x8000e12c (0x00001f17) x30 0x8000f12c
core   0: 0x8000e130 (0xec3f2a23) sw      gp, -300(t5)
core   0: 3 0x8000e130 (0xec3f2a23) mem 0x8000f000 0x00000001
core   0: 0x8000e134 (0xff9ff06f) j       pc - 0x8
core   0: 3 0x8000e134 (0xff9ff06f)
core   0: 0x8000e12c (0x00001f17) auipc   t5, 0x1
core   0: 3 0x8000e12c (0x00001f17) x30 0x8000f12c
core   0: 0x8000e130 (0xec3f2a23) sw      gp, -300(t5)
core   0: 3 0x8000e130 (0xec3f2a23) mem 0x8000f000 0x00000001
core   0: 0x8000e134 (0xff9ff06f) j       pc - 0x8
core   0: 3 0x8000e134 (0xff9ff06f)
core   0: 0x8000e12c (0x00001f17) auipc   t5, 0x1
core   0: 3 0x8000e12c (0x00001f17) x30 0x8000f12c
core   0: 0x8000e130 (0xec3f2a23) sw      gp, -300(t5)
core   0: 3 0x8000e130 (0xec3f2a23) mem 0x8000f000 0x00000001
core   0: 0x8000e134 (0xff9ff06f) j       pc - 0x8
core   0: 3 0x8000e134 (0xff9ff06f)
core   0: 0x8000e12c (0x00001f17) auipc   t5, 0x1
core   0: 3 0x8000e12c (0x00001f17) x30 0x8000f12c
core   0: 0x8000e130 (0xec3f2a23) sw      gp, -300(t5)
core   0: 3 0x8000e130 (0xec3f2a23) mem 0x8000f000 0x00000001
core   0: 0x8000e134 (0xff9ff06f) j       pc - 0x8
core   0: 3 0x8000e134 (0xff9ff06f)
core   0: 0x8000e12c (0x00001f17) auipc   t5, 0x1
core   0: 3 0x8000e12c (0x00001f17) x30 0x8000f12c
core   0: 0x8000e130 (0xec3f2a23) sw      gp, -300(t5)
core   0: 3 0x8000e130 (0xec3f2a23) mem 0x8000f000 0x00000001
core   0: 0x8000e134 (0xff9ff06f) j       pc - 0x8
core   0: 3 0x8000e134 (0xff9ff06f)
core   0: 0x8000e12c (0x00001f17) auipc   t5, 0x1
core   0: 3 0x8000e12c (0x00001f17) x30 0x8000f12c
core   0: 0x8000e130 (0xec3f2a23) sw      gp, -300(t5)
core   0: 3 0x8000e130 (0xec3f2a23) mem 0x8000f000 0x00000001
core   0: 0x8000e134 (0xff9ff06f) j       pc - 0x8
core   0: 3 0x8000e134 (0xff9ff06f)
core   0: 0x8000e12c (0x00001f17) auipc   t5, 0x1
core   0: 3 0x8000e12c (0x00001f17) x30 0x8000f12c
core   0: 0x8000e130 (0xec3f2a23) sw      gp, -300(t5)
core   0: 3 0x8000e130 (0xec3f2a23) mem 0x8000f000 0x00000001
core   0: 0x8000e134 (0xff9ff06f) j       pc - 0x8
core   0: 3 0x8000e134 (0xff9ff06f)
core   0: 0x8000e12c (0x00001f17) auipc   t5, 0x1
core   0: 3 0x8000e12c (0x00001f17) x30 0x8000f12c
core   0: 0x8000e130 (0xec3f2a23) sw      gp, -300(t5)
core   0: 3 0x8000e130 (0xec3f2a23) mem 0x8000f000 0x00000001
core   0: 0x8000e134 (0xff9ff06f) j       pc - 0x8
core   0: 3 0x8000e134 (0xff9ff06f)
core   0: 0x8000e12c (0x00001f17) auipc   t5, 0x1
core   0: 3 0x8000e12c (0x00001f17) x30 0x8000f12c
core   0: 0x8000e130 (0xec3f2a23) sw      gp, -300(t5)
core   0: 3 0x8000e130 (0xec3f2a23) mem 0x8000f000 0x00000001
core   0: 0x8000e134 (0xff9ff06f) j       pc - 0x8
core   0: 3 0x8000e134 (0xff9ff06f)
core   0: 0x8000e12c (0x00001f17) auipc   t5, 0x1
core   0: 3 0x8000e12c (0x00001f17) x30 0x8000f12c
core   0: 0x8000e130 (0xec3f2a23) sw      gp, -300(t5)
core   0: 3 0x8000e130 (0xec3f2a23) mem 0x8000f000 0x00000001
core   0: 0x8000e134 (0xff9ff06f) j       pc - 0x8
core   0: 3 0x8000e134 (0xff9ff06f)
core   0: 0x8000e12c (0x00001f17) auipc   t5, 0x1
core   0: 3 0x8000e12c (0x00001f17) x30 0x8000f12c
core   0: 0x8000e130 (0xec3f2a23) sw      gp, -300(t5)
core   0: 3 0x8000e130 (0xec3f2a23) mem 0x8000f000 0x00000001
core   0: 0x8000e134 (0xff9ff06f) j       pc - 0x8
core   0: 3 0x8000e134 (0xff9ff06f)
core   0: 0x8000e12c (0x00001f17) auipc   t5, 0x1
core   0: 3 0x8000e12c (0x00001f17) x30 0x8000f12c
core   0: 0x8000e130 (0xec3f2a23) sw      gp, -300(t5)
core   0: 3 0x8000e130 (0xec3f2a23) mem 0x8000f000 0x00000001
core   0: 0x8000e134 (0xff9ff06f) j       pc - 0x8
core   0: 3 0x8000e134 (0xff9ff06f)
core   0: 0x8000e12c (0x00001f17) auipc   t5, 0x1
core   0: 3 0x8000e12c (0x00001f17) x30 0x8000f12c
core   0: 0x8000e130 (0xec3f2a23) sw      gp, -300(t5)
core   0: 3 0x8000e130 (0xec3f2a23) mem 0x8000f000 0x00000001
core   0: 0x8000e134 (0xff9ff06f) j       pc - 0x8
core   0: 3 0x8000e134 (0xff9ff06f)
core   0: 0x8000e12c (0x00001f17) auipc   t5, 0x1
core   0: 3 0x8000e12c (0x00001f17) x30 0x8000f12c
core   0: 0x8000e130 (0xec3f2a23) sw      gp, -300(t5)
core   0: 3 0x8000e130 (0xec3f2a23) mem 0x8000f000 0x00000001
core   0: 0x8000e134 (0xff9ff06f) j       pc - 0x8
core   0: 3 0x8000e134 (0xff9ff06f)
core   0: 0x8000e12c (0x00001f17) auipc   t5, 0x1
core   0: 3 0x8000e12c (0x00001f17) x30 0x8000f12c
core   0: 0x8000e130 (0xec3f2a23) sw      gp, -300(t5)
core   0: 3 0x8000e130 (0xec3f2a23) mem 0x8000f000 0x00000001
core   0: 0x8000e134 (0xff9ff06f) j       pc - 0x8
core   0: 3 0x8000e134 (0xff9ff06f)
core   0: 0x8000e12c (0x00001f17) auipc   t5, 0x1
core   0: 3 0x8000e12c (0x00001f17) x30 0x8000f12c
core   0: 0x8000e130 (0xec3f2a23) sw      gp, -300(t5)
core   0: 3 0x8000e130 (0xec3f2a23) mem 0x8000f000 0x00000001
core   0: 0x8000e134 (0xff9ff06f) j       pc - 0x8
core   0: 3 0x8000e134 (0xff9ff06f)
core   0: 0x8000e12c (0x00001f17) auipc   t5, 0x1
core   0: 3 0x8000e12c (0x00001f17) x30 0x8000f12c
core   0: 0x8000e130 (0xec3f2a23) sw      gp, -300(t5)
core   0: 3 0x8000e130 (0xec3f2a23) mem 0x8000f000 0x00000001
core   0: 0x8000e134 (0xff9ff06f) j       pc - 0x8
core   0: 3 0x8000e134 (0xff9ff06f)
core   0: 0x8000e12c (0x00001f17) auipc   t5, 0x1
core   0: 3 0x8000e12c (0x00001f17) x30 0x8000f12c
core   0: 0x8000e130 (0xec3f2a23) sw      gp, -300(t5)
core   0: 3 0x8000e130 (0xec3f2a23) mem 0x8000f000 0x00000001
core   0: 0x8000e134 (0xff9ff06f) j       pc - 0x8
core   0: 3 0x8000e134 (0xff9ff06f)
core   0: 0x8000e12c (0x00001f17) auipc   t5, 0x1
core   0: 3 0x8000e12c (0x00001f17) x30 0x8000f12c
core   0: 0x8000e130 (0xec3f2a23) sw      gp, -300(t5)
core   0: 3 0x8000e130 (0xec3f2a23) mem 0x8000f000 0x00000001
core   0: 0x8000e134 (0xff9ff06f) j       pc - 0x8
core   0: 3 0x8000e134 (0xff9ff06f)
core   0: 0x8000e12c (0x00001f17) auipc   t5, 0x1
core   0: 3 0x8000e12c (0x00001f17) x30 0x8000f12c
core   0: 0x8000e130 (0xec3f2a23) sw      gp, -300(t5)
core   0: 3 0x8000e130 (0xec3f2a23) mem 0x8000f000 0x00000001
core   0: 0x8000e134 (0xff9ff06f) j       pc - 0x8
core   0: 3 0x8000e134 (0xff9ff06f)
core   0: 0x8000e12c (0x00001f17) auipc   t5, 0x1
core   0: 3 0x8000e12c (0x00001f17) x30 0x8000f12c
core   0: 0x8000e130 (0xec3f2a23) sw      gp, -300(t5)
core   0: 3 0x8000e130 (0xec3f2a23) mem 0x8000f000 0x00000001
core   0: 0x8000e134 (0xff9ff06f) j       pc - 0x8
core   0: 3 0x8000e134 (0xff9ff06f)
core   0: 0x8000e12c (0x00001f17) auipc   t5, 0x1
core   0: 3 0x8000e12c (0x00001f17) x30 0x8000f12c
core   0: 0x8000e130 (0xec3f2a23) sw      gp, -300(t5)
core   0: 3 0x8000e130 (0xec3f2a23) mem 0x8000f000 0x00000001
core   0: 0x8000e134 (0xff9ff06f) j       pc - 0x8
core   0: 3 0x8000e134 (0xff9ff06f)
core   0: 0x8000e12c (0x00001f17) auipc   t5, 0x1
core   0: 3 0x8000e12c (0x00001f17) x30 0x8000f12c
core   0: 0x8000e130 (0xec3f2a23) sw      gp, -300(t5)
core   0: 3 0x8000e130 (0xec3f2a23) mem 0x8000f000 0x00000001
core   0: 0x8000e134 (0xff9ff06f) j       pc - 0x8
core   0: 3 0x8000e134 (0xff9ff06f)
core   0: 0x8000e12c (0x00001f17) auipc   t5, 0x1
core   0: 3 0x8000e12c (0x00001f17) x30 0x8000f12c
core   0: 0x8000e130 (0xec3f2a23) sw      gp, -300(t5)
core   0: 3 0x8000e130 (0xec3f2a23) mem 0x8000f000 0x00000001
core   0: 0x8000e134 (0xff9ff06f) j       pc - 0x8
core   0: 3 0x8000e134 (0xff9ff06f)
core   0: 0x8000e12c (0x00001f17) auipc   t5, 0x1
core   0: 3 0x8000e12c (0x00001f17) x30 0x8000f12c
core   0: 0x8000e130 (0xec3f2a23) sw      gp, -300(t5)
core   0: 3 0x8000e130 (0xec3f2a23) mem 0x8000f000 0x00000001
core   0: 0x8000e134 (0xff9ff06f) j       pc - 0x8
core   0: 3 0x8000e134 (0xff9ff06f)
core   0: 0x8000e12c (0x00001f17) auipc   t5, 0x1
core   0: 3 0x8000e12c (0x00001f17) x30 0x8000f12c
core   0: 0x8000e130 (0xec3f2a23) sw      gp, -300(t5)
core   0: 3 0x8000e130 (0xec3f2a23) mem 0x8000f000 0x00000001
core   0: 0x8000e134 (0xff9ff06f) j       pc - 0x8
core   0: 3 0x8000e134 (0xff9ff06f)
core   0: 0x8000e12c (0x00001f17) auipc   t5, 0x1
core   0: 3 0x8000e12c (0x00001f17) x30 0x8000f12c
core   0: 0x8000e130 (0xec3f2a23) sw      gp, -300(t5)
core   0: 3 0x8000e130 (0xec3f2a23) mem 0x8000f000 0x00000001
core   0: 0x8000e134 (0xff9ff06f) j       pc - 0x8
core   0: 3 0x8000e134 (0xff9ff06f)
core   0: 0x8000e12c (0x00001f17) auipc   t5, 0x1
core   0: 3 0x8000e12c (0x00001f17) x30 0x8000f12c
core   0: 0x8000e130 (0xec3f2a23) sw      gp, -300(t5)
core   0: 3 0x8000e130 (0xec3f2a23) mem 0x8000f000 0x00000001
core   0: 0x8000e134 (0xff9ff06f) j       pc - 0x8
core   0: 3 0x8000e134 (0xff9ff06f)
core   0: 0x8000e12c (0x00001f17) auipc   t5, 0x1
core   0: 3 0x8000e12c (0x00001f17) x30 0x8000f12c
core   0: 0x8000e130 (0xec3f2a23) sw      gp, -300(t5)
core   0: 3 0x8000e130 (0xec3f2a23) mem 0x8000f000 0x00000001
core   0: 0x8000e134 (0xff9ff06f) j       pc - 0x8
core   0: 3 0x8000e134 (0xff9ff06f)
core   0: 0x8000e12c (0x00001f17) auipc   t5, 0x1
core   0: 3 0x8000e12c (0x00001f17) x30 0x8000f12c
core   0: 0x8000e130 (0xec3f2a23) sw      gp, -300(t5)
core   0: 3 0x8000e130 (0xec3f2a23) mem 0x8000f000 0x00000001
core   0: 0x8000e134 (0xff9ff06f) j       pc - 0x8
core   0: 3 0x8000e134 (0xff9ff06f)
core   0: 0x8000e12c (0x00001f17) auipc   t5, 0x1
core   0: 3 0x8000e12c (0x00001f17) x30 0x8000f12c
core   0: 0x8000e130 (0xec3f2a23) sw      gp, -300(t5)
core   0: 3 0x8000e130 (0xec3f2a23) mem 0x8000f000 0x00000001
core   0: 0x8000e134 (0xff9ff06f) j       pc - 0x8
core   0: 3 0x8000e134 (0xff9ff06f)
core   0: 0x8000e12c (0x00001f17) auipc   t5, 0x1
core   0: 3 0x8000e12c (0x00001f17) x30 0x8000f12c
core   0: 0x8000e130 (0xec3f2a23) sw      gp, -300(t5)
core   0: 3 0x8000e130 (0xec3f2a23) mem 0x8000f000 0x00000001
core   0: 0x8000e134 (0xff9ff06f) j       pc - 0x8
core   0: 3 0x8000e134 (0xff9ff06f)
core   0: 0x8000e12c (0x00001f17) auipc   t5, 0x1
core   0: 3 0x8000e12c (0x00001f17) x30 0x8000f12c
core   0: 0x8000e130 (0xec3f2a23) sw      gp, -300(t5)
core   0: 3 0x8000e130 (0xec3f2a23) mem 0x8000f000 0x00000001
core   0: 0x8000e134 (0xff9ff06f) j       pc - 0x8
core   0: 3 0x8000e134 (0xff9ff06f)
core   0: 0x8000e12c (0x00001f17) auipc   t5, 0x1
core   0: 3 0x8000e12c (0x00001f17) x30 0x8000f12c
core   0: 0x8000e130 (0xec3f2a23) sw      gp, -300(t5)
core   0: 3 0x8000e130 (0xec3f2a23) mem 0x8000f000 0x00000001
core   0: 0x8000e134 (0xff9ff06f) j       pc - 0x8
core   0: 3 0x8000e134 (0xff9ff06f)
core   0: 0x8000e12c (0x00001f17) auipc   t5, 0x1
core   0: 3 0x8000e12c (0x00001f17) x30 0x8000f12c
core   0: 0x8000e130 (0xec3f2a23) sw      gp, -300(t5)
core   0: 3 0x8000e130 (0xec3f2a23) mem 0x8000f000 0x00000001
core   0: 0x8000e134 (0xff9ff06f) j       pc - 0x8
core   0: 3 0x8000e134 (0xff9ff06f)
core   0: 0x8000e12c (0x00001f17) auipc   t5, 0x1
core   0: 3 0x8000e12c (0x00001f17) x30 0x8000f12c
core   0: 0x8000e130 (0xec3f2a23) sw      gp, -300(t5)
core   0: 3 0x8000e130 (0xec3f2a23) mem 0x8000f000 0x00000001
core   0: 0x8000e134 (0xff9ff06f) j       pc - 0x8
core   0: 3 0x8000e134 (0xff9ff06f)
core   0: 0x8000e12c (0x00001f17) auipc   t5, 0x1
core   0: 3 0x8000e12c (0x00001f17) x30 0x8000f12c
core   0: 0x8000e130 (0xec3f2a23) sw      gp, -300(t5)
core   0: 3 0x8000e130 (0xec3f2a23) mem 0x8000f000 0x00000001
core   0: 0x8000e134 (0xff9ff06f) j       pc - 0x8
core   0: 3 0x8000e134 (0xff9ff06f)
core   0: 0x8000e12c (0x00001f17) auipc   t5, 0x1
core   0: 3 0x8000e12c (0x00001f17) x30 0x8000f12c
core   0: 0x8000e130 (0xec3f2a23) sw      gp, -300(t5)
core   0: 3 0x8000e130 (0xec3f2a23) mem 0x8000f000 0x00000001
core   0: 0x8000e134 (0xff9ff06f) j       pc - 0x8
core   0: 3 0x8000e134 (0xff9ff06f)
core   0: 0x8000e12c (0x00001f17) auipc   t5, 0x1
core   0: 3 0x8000e12c (0x00001f17) x30 0x8000f12c
core   0: 0x8000e130 (0xec3f2a23) sw      gp, -300(t5)
core   0: 3 0x8000e130 (0xec3f2a23) mem 0x8000f000 0x00000001
core   0: 0x8000e134 (0xff9ff06f) j       pc - 0x8
core   0: 3 0x8000e134 (0xff9ff06f)
core   0: 0x8000e12c (0x00001f17) auipc   t5, 0x1
core   0: 3 0x8000e12c (0x00001f17) x30 0x8000f12c
core   0: 0x8000e130 (0xec3f2a23) sw      gp, -300(t5)
core   0: 3 0x8000e130 (0xec3f2a23) mem 0x8000f000 0x00000001
core   0: 0x8000e134 (0xff9ff06f) j       pc - 0x8
core   0: 3 0x8000e134 (0xff9ff06f)
core   0: 0x8000e12c (0x00001f17) auipc   t5, 0x1
core   0: 3 0x8000e12c (0x00001f17) x30 0x8000f12c
core   0: 0x8000e130 (0xec3f2a23) sw      gp, -300(t5)
core   0: 3 0x8000e130 (0xec3f2a23) mem 0x8000f000 0x00000001
core   0: 0x8000e134 (0xff9ff06f) j       pc - 0x8
core   0: 3 0x8000e134 (0xff9ff06f)
core   0: 0x8000e12c (0x00001f17) auipc   t5, 0x1
core   0: 3 0x8000e12c (0x00001f17) x30 0x8000f12c
core   0: 0x8000e130 (0xec3f2a23) sw      gp, -300(t5)
core   0: 3 0x8000e130 (0xec3f2a23) mem 0x8000f000 0x00000001
core   0: 0x8000e134 (0xff9ff06f) j       pc - 0x8
core   0: 3 0x8000e134 (0xff9ff06f)
core   0: 0x8000e12c (0x00001f17) auipc   t5, 0x1
core   0: 3 0x8000e12c (0x00001f17) x30 0x8000f12c
core   0: 0x8000e130 (0xec3f2a23) sw      gp, -300(t5)
core   0: 3 0x8000e130 (0xec3f2a23) mem 0x8000f000 0x00000001
core   0: 0x8000e134 (0xff9ff06f) j       pc - 0x8
core   0: 3 0x8000e134 (0xff9ff06f)
core   0: 0x8000e12c (0x00001f17) auipc   t5, 0x1
core   0: 3 0x8000e12c (0x00001f17) x30 0x8000f12c
core   0: 0x8000e130 (0xec3f2a23) sw      gp, -300(t5)
core   0: 3 0x8000e130 (0xec3f2a23) mem 0x8000f000 0x00000001
core   0: 0x8000e134 (0xff9ff06f) j       pc - 0x8
core   0: 3 0x8000e134 (0xff9ff06f)
core   0: 0x8000e12c (0x00001f17) auipc   t5, 0x1
core   0: 3 0x8000e12c (0x00001f17) x30 0x8000f12c
core   0: 0x8000e130 (0xec3f2a23) sw      gp, -300(t5)
core   0: 3 0x8000e130 (0xec3f2a23) mem 0x8000f000 0x00000001
core   0: 0x8000e134 (0xff9ff06f) j       pc - 0x8
core   0: 3 0x8000e134 (0xff9ff06f)
core   0: 0x8000e12c (0x00001f17) auipc   t5, 0x1
core   0: 3 0x8000e12c (0x00001f17) x30 0x8000f12c
core   0: 0x8000e130 (0xec3f2a23) sw      gp, -300(t5)
core   0: 3 0x8000e130 (0xec3f2a23) mem 0x8000f000 0x00000001
core   0: 0x8000e134 (0xff9ff06f) j       pc - 0x8
core   0: 3 0x8000e134 (0xff9ff06f)
core   0: 0x8000e12c (0x00001f17) auipc   t5, 0x1
core   0: 3 0x8000e12c (0x00001f17) x30 0x8000f12c
core   0: 0x8000e130 (0xec3f2a23) sw      gp, -300(t5)
core   0: 3 0x8000e130 (0xec3f2a23) mem 0x8000f000 0x00000001
core   0: 0x8000e134 (0xff9ff06f) j       pc - 0x8
core   0: 3 0x8000e134 (0xff9ff06f)
core   0: 0x8000e12c (0x00001f17) auipc   t5, 0x1
core   0: 3 0x8000e12c (0x00001f17) x30 0x8000f12c
core   0: 0x8000e130 (0xec3f2a23) sw      gp, -300(t5)
core   0: 3 0x8000e130 (0xec3f2a23) mem 0x8000f000 0x00000001
core   0: 0x8000e134 (0xff9ff06f) j       pc - 0x8
core   0: 3 0x8000e134 (0xff9ff06f)
core   0: 0x8000e12c (0x00001f17) auipc   t5, 0x1
core   0: 3 0x8000e12c (0x00001f17) x30 0x8000f12c
core   0: 0x8000e130 (0xec3f2a23) sw      gp, -300(t5)
core   0: 3 0x8000e130 (0xec3f2a23) mem 0x8000f000 0x00000001
core   0: 0x8000e134 (0xff9ff06f) j       pc - 0x8
core   0: 3 0x8000e134 (0xff9ff06f)
core   0: 0x8000e12c (0x00001f17) auipc   t5, 0x1
core   0: 3 0x8000e12c (0x00001f17) x30 0x8000f12c
core   0: 0x8000e130 (0xec3f2a23) sw      gp, -300(t5)
core   0: 3 0x8000e130 (0xec3f2a23) mem 0x8000f000 0x00000001
core   0: 0x8000e134 (0xff9ff06f) j       pc - 0x8
core   0: 3 0x8000e134 (0xff9ff06f)
core   0: 0x8000e12c (0x00001f17) auipc   t5, 0x1
core   0: 3 0x8000e12c (0x00001f17) x30 0x8000f12c
core   0: 0x8000e130 (0xec3f2a23) sw      gp, -300(t5)
core   0: 3 0x8000e130 (0xec3f2a23) mem 0x8000f000 0x00000001
core   0: 0x8000e134 (0xff9ff06f) j       pc - 0x8
core   0: 3 0x8000e134 (0xff9ff06f)
core   0: 0x8000e12c (0x00001f17) auipc   t5, 0x1
core   0: 3 0x8000e12c (0x00001f17) x30 0x8000f12c
core   0: 0x8000e130 (0xec3f2a23) sw      gp, -300(t5)
core   0: 3 0x8000e130 (0xec3f2a23) mem 0x8000f000 0x00000001
core   0: 0x8000e134 (0xff9ff06f) j       pc - 0x8
core   0: 3 0x8000e134 (0xff9ff06f)
core   0: 0x8000e12c (0x00001f17) auipc   t5, 0x1
core   0: 3 0x8000e12c (0x00001f17) x30 0x8000f12c
core   0: 0x8000e130 (0xec3f2a23) sw      gp, -300(t5)
core   0: 3 0x8000e130 (0xec3f2a23) mem 0x8000f000 0x00000001
core   0: 0x8000e134 (0xff9ff06f) j       pc - 0x8
core   0: 3 0x8000e134 (0xff9ff06f)
core   0: 0x8000e12c (0x00001f17) auipc   t5, 0x1
core   0: 3 0x8000e12c (0x00001f17) x30 0x8000f12c
core   0: 0x8000e130 (0xec3f2a23) sw      gp, -300(t5)
core   0: 3 0x8000e130 (0xec3f2a23) mem 0x8000f000 0x00000001
core   0: 0x8000e134 (0xff9ff06f) j       pc - 0x8
core   0: 3 0x8000e134 (0xff9ff06f)
core   0: 0x8000e12c (0x00001f17) auipc   t5, 0x1
core   0: 3 0x8000e12c (0x00001f17) x30 0x8000f12c
core   0: 0x8000e130 (0xec3f2a23) sw      gp, -300(t5)
core   0: 3 0x8000e130 (0xec3f2a23) mem 0x8000f000 0x00000001
core   0: 0x8000e134 (0xff9ff06f) j       pc - 0x8
core   0: 3 0x8000e134 (0xff9ff06f)
core   0: 0x8000e12c (0x00001f17) auipc   t5, 0x1
core   0: 3 0x8000e12c (0x00001f17) x30 0x8000f12c
core   0: 0x8000e130 (0xec3f2a23) sw      gp, -300(t5)
core   0: 3 0x8000e130 (0xec3f2a23) mem 0x8000f000 0x00000001
core   0: 0x8000e134 (0xff9ff06f) j       pc - 0x8
core   0: 3 0x8000e134 (0xff9ff06f)
core   0: 0x8000e12c (0x00001f17) auipc   t5, 0x1
core   0: 3 0x8000e12c (0x00001f17) x30 0x8000f12c
core   0: 0x8000e130 (0xec3f2a23) sw      gp, -300(t5)
core   0: 3 0x8000e130 (0xec3f2a23) mem 0x8000f000 0x00000001
core   0: 0x8000e134 (0xff9ff06f) j       pc - 0x8
core   0: 3 0x8000e134 (0xff9ff06f)
core   0: 0x8000e12c (0x00001f17) auipc   t5, 0x1
core   0: 3 0x8000e12c (0x00001f17) x30 0x8000f12c
core   0: 0x8000e130 (0xec3f2a23) sw      gp, -300(t5)
core   0: 3 0x8000e130 (0xec3f2a23) mem 0x8000f000 0x00000001
core   0: 0x8000e134 (0xff9ff06f) j       pc - 0x8
core   0: 3 0x8000e134 (0xff9ff06f)
core   0: 0x8000e12c (0x00001f17) auipc   t5, 0x1
core   0: 3 0x8000e12c (0x00001f17) x30 0x8000f12c
core   0: 0x8000e130 (0xec3f2a23) sw      gp, -300(t5)
core   0: 3 0x8000e130 (0xec3f2a23) mem 0x8000f000 0x00000001
core   0: 0x8000e134 (0xff9ff06f) j       pc - 0x8
core   0: 3 0x8000e134 (0xff9ff06f)
core   0: 0x8000e12c (0x00001f17) auipc   t5, 0x1
core   0: 3 0x8000e12c (0x00001f17) x30 0x8000f12c
core   0: 0x8000e130 (0xec3f2a23) sw      gp, -300(t5)
core   0: 3 0x8000e130 (0xec3f2a23) mem 0x8000f000 0x00000001
core   0: 0x8000e134 (0xff9ff06f) j       pc - 0x8
core   0: 3 0x8000e134 (0xff9ff06f)
core   0: 0x8000e12c (0x00001f17) auipc   t5, 0x1
core   0: 3 0x8000e12c (0x00001f17) x30 0x8000f12c
core   0: 0x8000e130 (0xec3f2a23) sw      gp, -300(t5)
core   0: 3 0x8000e130 (0xec3f2a23) mem 0x8000f000 0x00000001
core   0: 0x8000e134 (0xff9ff06f) j       pc - 0x8
core   0: 3 0x8000e134 (0xff9ff06f)
core   0: 0x8000e12c (0x00001f17) auipc   t5, 0x1
core   0: 3 0x8000e12c (0x00001f17) x30 0x8000f12c
core   0: 0x8000e130 (0xec3f2a23) sw      gp, -300(t5)
core   0: 3 0x8000e130 (0xec3f2a23) mem 0x8000f000 0x00000001
core   0: 0x8000e134 (0xff9ff06f) j       pc - 0x8
core   0: 3 0x8000e134 (0xff9ff06f)
core   0: 0x8000e12c (0x00001f17) auipc   t5, 0x1
core   0: 3 0x8000e12c (0x00001f17) x30 0x8000f12c
core   0: 0x8000e130 (0xec3f2a23) sw      gp, -300(t5)
core   0: 3 0x8000e130 (0xec3f2a23) mem 0x8000f000 0x00000001
core   0: 0x8000e134 (0xff9ff06f) j       pc - 0x8
core   0: 3 0x8000e134 (0xff9ff06f)
core   0: 0x8000e12c (0x00001f17) auipc   t5, 0x1
core   0: 3 0x8000e12c (0x00001f17) x30 0x8000f12c
core   0: 0x8000e130 (0xec3f2a23) sw      gp, -300(t5)
core   0: 3 0x8000e130 (0xec3f2a23) mem 0x8000f000 0x00000001
core   0: 0x8000e134 (0xff9ff06f) j       pc - 0x8
core   0: 3 0x8000e134 (0xff9ff06f)
core   0: 0x8000e12c (0x00001f17) auipc   t5, 0x1
core   0: 3 0x8000e12c (0x00001f17) x30 0x8000f12c
core   0: 0x8000e130 (0xec3f2a23) sw      gp, -300(t5)
core   0: 3 0x8000e130 (0xec3f2a23) mem 0x8000f000 0x00000001
core   0: 0x8000e134 (0xff9ff06f) j       pc - 0x8
core   0: 3 0x8000e134 (0xff9ff06f)
core   0: 0x8000e12c (0x00001f17) auipc   t5, 0x1
core   0: 3 0x8000e12c (0x00001f17) x30 0x8000f12c
core   0: 0x8000e130 (0xec3f2a23) sw      gp, -300(t5)
core   0: 3 0x8000e130 (0xec3f2a23) mem 0x8000f000 0x00000001
core   0: 0x8000e134 (0xff9ff06f) j       pc - 0x8
core   0: 3 0x8000e134 (0xff9ff06f)
core   0: 0x8000e12c (0x00001f17) auipc   t5, 0x1
core   0: 3 0x8000e12c (0x00001f17) x30 0x8000f12c
core   0: 0x8000e130 (0xec3f2a23) sw      gp, -300(t5)
core   0: 3 0x8000e130 (0xec3f2a23) mem 0x8000f000 0x00000001
core   0: 0x8000e134 (0xff9ff06f) j       pc - 0x8
core   0: 3 0x8000e134 (0xff9ff06f)
core   0: 0x8000e12c (0x00001f17) auipc   t5, 0x1
core   0: 3 0x8000e12c (0x00001f17) x30 0x8000f12c
core   0: 0x8000e130 (0xec3f2a23) sw      gp, -300(t5)
core   0: 3 0x8000e130 (0xec3f2a23) mem 0x8000f000 0x00000001
core   0: 0x8000e134 (0xff9ff06f) j       pc - 0x8
core   0: 3 0x8000e134 (0xff9ff06f)
core   0: 0x8000e12c (0x00001f17) auipc   t5, 0x1
core   0: 3 0x8000e12c (0x00001f17) x30 0x8000f12c
core   0: 0x8000e130 (0xec3f2a23) sw      gp, -300(t5)
core   0: 3 0x8000e130 (0xec3f2a23) mem 0x8000f000 0x00000001
core   0: 0x8000e134 (0xff9ff06f) j       pc - 0x8
core   0: 3 0x8000e134 (0xff9ff06f)
core   0: 0x8000e12c (0x00001f17) auipc   t5, 0x1
core   0: 3 0x8000e12c (0x00001f17) x30 0x8000f12c
core   0: 0x8000e130 (0xec3f2a23) sw      gp, -300(t5)
core   0: 3 0x8000e130 (0xec3f2a23) mem 0x8000f000 0x00000001
core   0: 0x8000e134 (0xff9ff06f) j       pc - 0x8
core   0: 3 0x8000e134 (0xff9ff06f)
core   0: 0x8000e12c (0x00001f17) auipc   t5, 0x1
core   0: 3 0x8000e12c (0x00001f17) x30 0x8000f12c
core   0: 0x8000e130 (0xec3f2a23) sw      gp, -300(t5)
core   0: 3 0x8000e130 (0xec3f2a23) mem 0x8000f000 0x00000001
core   0: 0x8000e134 (0xff9ff06f) j       pc - 0x8
core   0: 3 0x8000e134 (0xff9ff06f)
core   0: 0x8000e12c (0x00001f17) auipc   t5, 0x1
core   0: 3 0x8000e12c (0x00001f17) x30 0x8000f12c
core   0: 0x8000e130 (0xec3f2a23) sw      gp, -300(t5)
core   0: 3 0x8000e130 (0xec3f2a23) mem 0x8000f000 0x00000001
core   0: 0x8000e134 (0xff9ff06f) j       pc - 0x8
core   0: 3 0x8000e134 (0xff9ff06f)
core   0: 0x8000e12c (0x00001f17) auipc   t5, 0x1
core   0: 3 0x8000e12c (0x00001f17) x30 0x8000f12c
core   0: 0x8000e130 (0xec3f2a23) sw      gp, -300(t5)
core   0: 3 0x8000e130 (0xec3f2a23) mem 0x8000f000 0x00000001
core   0: 0x8000e134 (0xff9ff06f) j       pc - 0x8
core   0: 3 0x8000e134 (0xff9ff06f)
core   0: 0x8000e12c (0x00001f17) auipc   t5, 0x1
core   0: 3 0x8000e12c (0x00001f17) x30 0x8000f12c
core   0: 0x8000e130 (0xec3f2a23) sw      gp, -300(t5)
core   0: 3 0x8000e130 (0xec3f2a23) mem 0x8000f000 0x00000001
core   0: 0x8000e134 (0xff9ff06f) j       pc - 0x8
core   0: 3 0x8000e134 (0xff9ff06f)
core   0: 0x8000e12c (0x00001f17) auipc   t5, 0x1
core   0: 3 0x8000e12c (0x00001f17) x30 0x8000f12c
core   0: 0x8000e130 (0xec3f2a23) sw      gp, -300(t5)
core   0: 3 0x8000e130 (0xec3f2a23) mem 0x8000f000 0x00000001
core   0: 0x8000e134 (0xff9ff06f) j       pc - 0x8
core   0: 3 0x8000e134 (0xff9ff06f)
core   0: 0x8000e12c (0x00001f17) auipc   t5, 0x1
core   0: 3 0x8000e12c (0x00001f17) x30 0x8000f12c
core   0: 0x8000e130 (0xec3f2a23) sw      gp, -300(t5)
core   0: 3 0x8000e130 (0xec3f2a23) mem 0x8000f000 0x00000001
core   0: 0x8000e134 (0xff9ff06f) j       pc - 0x8
core   0: 3 0x8000e134 (0xff9ff06f)
core   0: 0x8000e12c (0x00001f17) auipc   t5, 0x1
core   0: 3 0x8000e12c (0x00001f17) x30 0x8000f12c
core   0: 0x8000e130 (0xec3f2a23) sw      gp, -300(t5)
core   0: 3 0x8000e130 (0xec3f2a23) mem 0x8000f000 0x00000001
core   0: 0x8000e134 (0xff9ff06f) j       pc - 0x8
core   0: 3 0x8000e134 (0xff9ff06f)
core   0: 0x8000e12c (0x00001f17) auipc   t5, 0x1
core   0: 3 0x8000e12c (0x00001f17) x30 0x8000f12c
core   0: 0x8000e130 (0xec3f2a23) sw      gp, -300(t5)
core   0: 3 0x8000e130 (0xec3f2a23) mem 0x8000f000 0x00000001
core   0: 0x8000e134 (0xff9ff06f) j       pc - 0x8
core   0: 3 0x8000e134 (0xff9ff06f)
core   0: 0x8000e12c (0x00001f17) auipc   t5, 0x1
core   0: 3 0x8000e12c (0x00001f17) x30 0x8000f12c
core   0: 0x8000e130 (0xec3f2a23) sw      gp, -300(t5)
core   0: 3 0x8000e130 (0xec3f2a23) mem 0x8000f000 0x00000001
core   0: 0x8000e134 (0xff9ff06f) j       pc - 0x8
core   0: 3 0x8000e134 (0xff9ff06f)
core   0: 0x8000e12c (0x00001f17) auipc   t5, 0x1
core   0: 3 0x8000e12c (0x00001f17) x30 0x8000f12c
core   0: 0x8000e130 (0xec3f2a23) sw      gp, -300(t5)
core   0: 3 0x8000e130 (0xec3f2a23) mem 0x8000f000 0x00000001
core   0: 0x8000e134 (0xff9ff06f) j       pc - 0x8
core   0: 3 0x8000e134 (0xff9ff06f)
core   0: 0x8000e12c (0x00001f17) auipc   t5, 0x1
core   0: 3 0x8000e12c (0x00001f17) x30 0x8000f12c
core   0: 0x8000e130 (0xec3f2a23) sw      gp, -300(t5)
core   0: 3 0x8000e130 (0xec3f2a23) mem 0x8000f000 0x00000001
core   0: 0x8000e134 (0xff9ff06f) j       pc - 0x8
core   0: 3 0x8000e134 (0xff9ff06f)
core   0: 0x8000e12c (0x00001f17) auipc   t5, 0x1
core   0: 3 0x8000e12c (0x00001f17) x30 0x8000f12c
core   0: 0x8000e130 (0xec3f2a23) sw      gp, -300(t5)
core   0: 3 0x8000e130 (0xec3f2a23) mem 0x8000f000 0x00000001
core   0: 0x8000e134 (0xff9ff06f) j       pc - 0x8
core   0: 3 0x8000e134 (0xff9ff06f)
core   0: 0x8000e12c (0x00001f17) auipc   t5, 0x1
core   0: 3 0x8000e12c (0x00001f17) x30 0x8000f12c
core   0: 0x8000e130 (0xec3f2a23) sw      gp, -300(t5)
core   0: 3 0x8000e130 (0xec3f2a23) mem 0x8000f000 0x00000001
core   0: 0x8000e134 (0xff9ff06f) j       pc - 0x8
core   0: 3 0x8000e134 (0xff9ff06f)
core   0: 0x8000e12c (0x00001f17) auipc   t5, 0x1
core   0: 3 0x8000e12c (0x00001f17) x30 0x8000f12c
core   0: 0x8000e130 (0xec3f2a23) sw      gp, -300(t5)
core   0: 3 0x8000e130 (0xec3f2a23) mem 0x8000f000 0x00000001
core   0: 0x8000e134 (0xff9ff06f) j       pc - 0x8
core   0: 3 0x8000e134 (0xff9ff06f)
core   0: 0x8000e12c (0x00001f17) auipc   t5, 0x1
core   0: 3 0x8000e12c (0x00001f17) x30 0x8000f12c
core   0: 0x8000e130 (0xec3f2a23) sw      gp, -300(t5)
core   0: 3 0x8000e130 (0xec3f2a23) mem 0x8000f000 0x00000001
core   0: 0x8000e134 (0xff9ff06f) j       pc - 0x8
core   0: 3 0x8000e134 (0xff9ff06f)
core   0: 0x8000e12c (0x00001f17) auipc   t5, 0x1
core   0: 3 0x8000e12c (0x00001f17) x30 0x8000f12c
core   0: 0x8000e130 (0xec3f2a23) sw      gp, -300(t5)
core   0: 3 0x8000e130 (0xec3f2a23) mem 0x8000f000 0x00000001
core   0: 0x8000e134 (0xff9ff06f) j       pc - 0x8
core   0: 3 0x8000e134 (0xff9ff06f)
core   0: 0x8000e12c (0x00001f17) auipc   t5, 0x1
core   0: 3 0x8000e12c (0x00001f17) x30 0x8000f12c
core   0: 0x8000e130 (0xec3f2a23) sw      gp, -300(t5)
core   0: 3 0x8000e130 (0xec3f2a23) mem 0x8000f000 0x00000001
core   0: 0x8000e134 (0xff9ff06f) j       pc - 0x8
core   0: 3 0x8000e134 (0xff9ff06f)
core   0: 0x8000e12c (0x00001f17) auipc   t5, 0x1
core   0: 3 0x8000e12c (0x00001f17) x30 0x8000f12c
core   0: 0x8000e130 (0xec3f2a23) sw      gp, -300(t5)
core   0: 3 0x8000e130 (0xec3f2a23) mem 0x8000f000 0x00000001
core   0: 0x8000e134 (0xff9ff06f) j       pc - 0x8
core   0: 3 0x8000e134 (0xff9ff06f)
core   0: 0x8000e12c (0x00001f17) auipc   t5, 0x1
core   0: 3 0x8000e12c (0x00001f17) x30 0x8000f12c
core   0: 0x8000e130 (0xec3f2a23) sw      gp, -300(t5)
core   0: 3 0x8000e130 (0xec3f2a23) mem 0x8000f000 0x00000001
core   0: 0x8000e134 (0xff9ff06f) j       pc - 0x8
core   0: 3 0x8000e134 (0xff9ff06f)
core   0: 0x8000e12c (0x00001f17) auipc   t5, 0x1
core   0: 3 0x8000e12c (0x00001f17) x30 0x8000f12c
core   0: 0x8000e130 (0xec3f2a23) sw      gp, -300(t5)
core   0: 3 0x8000e130 (0xec3f2a23) mem 0x8000f000 0x00000001
core   0: 0x8000e134 (0xff9ff06f) j       pc - 0x8
core   0: 3 0x8000e134 (0xff9ff06f)
core   0: 0x8000e12c (0x00001f17) auipc   t5, 0x1
core   0: 3 0x8000e12c (0x00001f17) x30 0x8000f12c
core   0: 0x8000e130 (0xec3f2a23) sw      gp, -300(t5)
core   0: 3 0x8000e130 (0xec3f2a23) mem 0x8000f000 0x00000001
core   0: 0x8000e134 (0xff9ff06f) j       pc - 0x8
core   0: 3 0x8000e134 (0xff9ff06f)
core   0: 0x8000e12c (0x00001f17) auipc   t5, 0x1
core   0: 3 0x8000e12c (0x00001f17) x30 0x8000f12c
core   0: 0x8000e130 (0xec3f2a23) sw      gp, -300(t5)
core   0: 3 0x8000e130 (0xec3f2a23) mem 0x8000f000 0x00000001
core   0: 0x8000e134 (0xff9ff06f) j       pc - 0x8
core   0: 3 0x8000e134 (0xff9ff06f)
core   0: 0x8000e12c (0x00001f17) auipc   t5, 0x1
core   0: 3 0x8000e12c (0x00001f17) x30 0x8000f12c
core   0: 0x8000e130 (0xec3f2a23) sw      gp, -300(t5)
core   0: 3 0x8000e130 (0xec3f2a23) mem 0x8000f000 0x00000001
core   0: 0x8000e134 (0xff9ff06f) j       pc - 0x8
core   0: 3 0x8000e134 (0xff9ff06f)
core   0: 0x8000e12c (0x00001f17) auipc   t5, 0x1
core   0: 3 0x8000e12c (0x00001f17) x30 0x8000f12c
core   0: 0x8000e130 (0xec3f2a23) sw      gp, -300(t5)
core   0: 3 0x8000e130 (0xec3f2a23) mem 0x8000f000 0x00000001
core   0: 0x8000e134 (0xff9ff06f) j       pc - 0x8
core   0: 3 0x8000e134 (0xff9ff06f)
core   0: 0x8000e12c (0x00001f17) auipc   t5, 0x1
core   0: 3 0x8000e12c (0x00001f17) x30 0x8000f12c
core   0: 0x8000e130 (0xec3f2a23) sw      gp, -300(t5)
core   0: 3 0x8000e130 (0xec3f2a23) mem 0x8000f000 0x00000001
core   0: 0x8000e134 (0xff9ff06f) j       pc - 0x8
core   0: 3 0x8000e134 (0xff9ff06f)
core   0: 0x8000e12c (0x00001f17) auipc   t5, 0x1
core   0: 3 0x8000e12c (0x00001f17) x30 0x8000f12c
core   0: 0x8000e130 (0xec3f2a23) sw      gp, -300(t5)
core   0: 3 0x8000e130 (0xec3f2a23) mem 0x8000f000 0x00000001
core   0: 0x8000e134 (0xff9ff06f) j       pc - 0x8
core   0: 3 0x8000e134 (0xff9ff06f)
core   0: 0x8000e12c (0x00001f17) auipc   t5, 0x1
core   0: 3 0x8000e12c (0x00001f17) x30 0x8000f12c
core   0: 0x8000e130 (0xec3f2a23) sw      gp, -300(t5)
core   0: 3 0x8000e130 (0xec3f2a23) mem 0x8000f000 0x00000001
core   0: 0x8000e134 (0xff9ff06f) j       pc - 0x8
core   0: 3 0x8000e134 (0xff9ff06f)
core   0: 0x8000e12c (0x00001f17) auipc   t5, 0x1
core   0: 3 0x8000e12c (0x00001f17) x30 0x8000f12c
core   0: 0x8000e130 (0xec3f2a23) sw      gp, -300(t5)
core   0: 3 0x8000e130 (0xec3f2a23) mem 0x8000f000 0x00000001
core   0: 0x8000e134 (0xff9ff06f) j       pc - 0x8
core   0: 3 0x8000e134 (0xff9ff06f)
core   0: 0x8000e12c (0x00001f17) auipc   t5, 0x1
core   0: 3 0x8000e12c (0x00001f17) x30 0x8000f12c
core   0: 0x8000e130 (0xec3f2a23) sw      gp, -300(t5)
core   0: 3 0x8000e130 (0xec3f2a23) mem 0x8000f000 0x00000001
core   0: 0x8000e134 (0xff9ff06f) j       pc - 0x8
core   0: 3 0x8000e134 (0xff9ff06f)
core   0: 0x8000e12c (0x00001f17) auipc   t5, 0x1
core   0: 3 0x8000e12c (0x00001f17) x30 0x8000f12c
core   0: 0x8000e130 (0xec3f2a23) sw      gp, -300(t5)
core   0: 3 0x8000e130 (0xec3f2a23) mem 0x8000f000 0x00000001
core   0: 0x8000e134 (0xff9ff06f) j       pc - 0x8
core   0: 3 0x8000e134 (0xff9ff06f)
core   0: 0x8000e12c (0x00001f17) auipc   t5, 0x1
core   0: 3 0x8000e12c (0x00001f17) x30 0x8000f12c
core   0: 0x8000e130 (0xec3f2a23) sw      gp, -300(t5)
core   0: 3 0x8000e130 (0xec3f2a23) mem 0x8000f000 0x00000001
core   0: 0x8000e134 (0xff9ff06f) j       pc - 0x8
core   0: 3 0x8000e134 (0xff9ff06f)
core   0: 0x8000e12c (0x00001f17) auipc   t5, 0x1
core   0: 3 0x8000e12c (0x00001f17) x30 0x8000f12c
core   0: 0x8000e130 (0xec3f2a23) sw      gp, -300(t5)
core   0: 3 0x8000e130 (0xec3f2a23) mem 0x8000f000 0x00000001
core   0: 0x8000e134 (0xff9ff06f) j       pc - 0x8
core   0: 3 0x8000e134 (0xff9ff06f)
core   0: 0x8000e12c (0x00001f17) auipc   t5, 0x1
core   0: 3 0x8000e12c (0x00001f17) x30 0x8000f12c
core   0: 0x8000e130 (0xec3f2a23) sw      gp, -300(t5)
core   0: 3 0x8000e130 (0xec3f2a23) mem 0x8000f000 0x00000001
core   0: 0x8000e134 (0xff9ff06f) j       pc - 0x8
core   0: 3 0x8000e134 (0xff9ff06f)
core   0: 0x8000e12c (0x00001f17) auipc   t5, 0x1
core   0: 3 0x8000e12c (0x00001f17) x30 0x8000f12c
core   0: 0x8000e130 (0xec3f2a23) sw      gp, -300(t5)
core   0: 3 0x8000e130 (0xec3f2a23) mem 0x8000f000 0x00000001
core   0: 0x8000e134 (0xff9ff06f) j       pc - 0x8
core   0: 3 0x8000e134 (0xff9ff06f)
core   0: 0x8000e12c (0x00001f17) auipc   t5, 0x1
core   0: 3 0x8000e12c (0x00001f17) x30 0x8000f12c
core   0: 0x8000e130 (0xec3f2a23) sw      gp, -300(t5)
core   0: 3 0x8000e130 (0xec3f2a23) mem 0x8000f000 0x00000001
core   0: 0x8000e134 (0xff9ff06f) j       pc - 0x8
core   0: 3 0x8000e134 (0xff9ff06f)
core   0: 0x8000e12c (0x00001f17) auipc   t5, 0x1
core   0: 3 0x8000e12c (0x00001f17) x30 0x8000f12c
core   0: 0x8000e130 (0xec3f2a23) sw      gp, -300(t5)
core   0: 3 0x8000e130 (0xec3f2a23) mem 0x8000f000 0x00000001
core   0: 0x8000e134 (0xff9ff06f) j       pc - 0x8
core   0: 3 0x8000e134 (0xff9ff06f)
core   0: 0x8000e12c (0x00001f17) auipc   t5, 0x1
core   0: 3 0x8000e12c (0x00001f17) x30 0x8000f12c
core   0: 0x8000e130 (0xec3f2a23) sw      gp, -300(t5)
core   0: 3 0x8000e130 (0xec3f2a23) mem 0x8000f000 0x00000001
core   0: 0x8000e134 (0xff9ff06f) j       pc - 0x8
core   0: 3 0x8000e134 (0xff9ff06f)
core   0: 0x8000e12c (0x00001f17) auipc   t5, 0x1
core   0: 3 0x8000e12c (0x00001f17) x30 0x8000f12c
core   0: 0x8000e130 (0xec3f2a23) sw      gp, -300(t5)
core   0: 3 0x8000e130 (0xec3f2a23) mem 0x8000f000 0x00000001
core   0: 0x8000e134 (0xff9ff06f) j       pc - 0x8
core   0: 3 0x8000e134 (0xff9ff06f)
core   0: 0x8000e12c (0x00001f17) auipc   t5, 0x1
core   0: 3 0x8000e12c (0x00001f17) x30 0x8000f12c
core   0: 0x8000e130 (0xec3f2a23) sw      gp, -300(t5)
core   0: 3 0x8000e130 (0xec3f2a23) mem 0x8000f000 0x00000001
core   0: 0x8000e134 (0xff9ff06f) j       pc - 0x8
core   0: 3 0x8000e134 (0xff9ff06f)
core   0: 0x8000e12c (0x00001f17) auipc   t5, 0x1
core   0: 3 0x8000e12c (0x00001f17) x30 0x8000f12c
core   0: 0x8000e130 (0xec3f2a23) sw      gp, -300(t5)
core   0: 3 0x8000e130 (0xec3f2a23) mem 0x8000f000 0x00000001
core   0: 0x8000e134 (0xff9ff06f) j       pc - 0x8
core   0: 3 0x8000e134 (0xff9ff06f)
core   0: 0x8000e12c (0x00001f17) auipc   t5, 0x1
core   0: 3 0x8000e12c (0x00001f17) x30 0x8000f12c
core   0: 0x8000e130 (0xec3f2a23) sw      gp, -300(t5)
core   0: 3 0x8000e130 (0xec3f2a23) mem 0x8000f000 0x00000001
core   0: 0x8000e134 (0xff9ff06f) j       pc - 0x8
core   0: 3 0x8000e134 (0xff9ff06f)
core   0: 0x8000e12c (0x00001f17) auipc   t5, 0x1
core   0: 3 0x8000e12c (0x00001f17) x30 0x8000f12c
core   0: 0x8000e130 (0xec3f2a23) sw      gp, -300(t5)
core   0: 3 0x8000e130 (0xec3f2a23) mem 0x8000f000 0x00000001
core   0: 0x8000e134 (0xff9ff06f) j       pc - 0x8
core   0: 3 0x8000e134 (0xff9ff06f)
core   0: 0x8000e12c (0x00001f17) auipc   t5, 0x1
core   0: 3 0x8000e12c (0x00001f17) x30 0x8000f12c
core   0: 0x8000e130 (0xec3f2a23) sw      gp, -300(t5)
core   0: 3 0x8000e130 (0xec3f2a23) mem 0x8000f000 0x00000001
core   0: 0x8000e134 (0xff9ff06f) j       pc - 0x8
core   0: 3 0x8000e134 (0xff9ff06f)
core   0: 0x8000e12c (0x00001f17) auipc   t5, 0x1
core   0: 3 0x8000e12c (0x00001f17) x30 0x8000f12c
core   0: 0x8000e130 (0xec3f2a23) sw      gp, -300(t5)
core   0: 3 0x8000e130 (0xec3f2a23) mem 0x8000f000 0x00000001
core   0: 0x8000e134 (0xff9ff06f) j       pc - 0x8
core   0: 3 0x8000e134 (0xff9ff06f)
core   0: 0x8000e12c (0x00001f17) auipc   t5, 0x1
core   0: 3 0x8000e12c (0x00001f17) x30 0x8000f12c
core   0: 0x8000e130 (0xec3f2a23) sw      gp, -300(t5)
core   0: 3 0x8000e130 (0xec3f2a23) mem 0x8000f000 0x00000001
core   0: 0x8000e134 (0xff9ff06f) j       pc - 0x8
core   0: 3 0x8000e134 (0xff9ff06f)
core   0: 0x8000e12c (0x00001f17) auipc   t5, 0x1
core   0: 3 0x8000e12c (0x00001f17) x30 0x8000f12c
core   0: 0x8000e130 (0xec3f2a23) sw      gp, -300(t5)
core   0: 3 0x8000e130 (0xec3f2a23) mem 0x8000f000 0x00000001
core   0: 0x8000e134 (0xff9ff06f) j       pc - 0x8
core   0: 3 0x8000e134 (0xff9ff06f)
core   0: 0x8000e12c (0x00001f17) auipc   t5, 0x1
core   0: 3 0x8000e12c (0x00001f17) x30 0x8000f12c
core   0: 0x8000e130 (0xec3f2a23) sw      gp, -300(t5)
core   0: 3 0x8000e130 (0xec3f2a23) mem 0x8000f000 0x00000001
core   0: 0x8000e134 (0xff9ff06f) j       pc - 0x8
core   0: 3 0x8000e134 (0xff9ff06f)
core   0: 0x8000e12c (0x00001f17) auipc   t5, 0x1
core   0: 3 0x8000e12c (0x00001f17) x30 0x8000f12c
core   0: 0x8000e130 (0xec3f2a23) sw      gp, -300(t5)
core   0: 3 0x8000e130 (0xec3f2a23) mem 0x8000f000 0x00000001
core   0: 0x8000e134 (0xff9ff06f) j       pc - 0x8
core   0: 3 0x8000e134 (0xff9ff06f)
core   0: 0x8000e12c (0x00001f17) auipc   t5, 0x1
core   0: 3 0x8000e12c (0x00001f17) x30 0x8000f12c
core   0: 0x8000e130 (0xec3f2a23) sw      gp, -300(t5)
core   0: 3 0x8000e130 (0xec3f2a23) mem 0x8000f000 0x00000001
core   0: 0x8000e134 (0xff9ff06f) j       pc - 0x8
core   0: 3 0x8000e134 (0xff9ff06f)
core   0: 0x8000e12c (0x00001f17) auipc   t5, 0x1
core   0: 3 0x8000e12c (0x00001f17) x30 0x8000f12c
core   0: 0x8000e130 (0xec3f2a23) sw      gp, -300(t5)
core   0: 3 0x8000e130 (0xec3f2a23) mem 0x8000f000 0x00000001
core   0: 0x8000e134 (0xff9ff06f) j       pc - 0x8
core   0: 3 0x8000e134 (0xff9ff06f)
core   0: 0x8000e12c (0x00001f17) auipc   t5, 0x1
core   0: 3 0x8000e12c (0x00001f17) x30 0x8000f12c
core   0: 0x8000e130 (0xec3f2a23) sw      gp, -300(t5)
core   0: 3 0x8000e130 (0xec3f2a23) mem 0x8000f000 0x00000001
core   0: 0x8000e134 (0xff9ff06f) j       pc - 0x8
core   0: 3 0x8000e134 (0xff9ff06f)
core   0: 0x8000e12c (0x00001f17) auipc   t5, 0x1
core   0: 3 0x8000e12c (0x00001f17) x30 0x8000f12c
core   0: 0x8000e130 (0xec3f2a23) sw      gp, -300(t5)
core   0: 3 0x8000e130 (0xec3f2a23) mem 0x8000f000 0x00000001
core   0: 0x8000e134 (0xff9ff06f) j       pc - 0x8
core   0: 3 0x8000e134 (0xff9ff06f)
core   0: 0x8000e12c (0x00001f17) auipc   t5, 0x1
core   0: 3 0x8000e12c (0x00001f17) x30 0x8000f12c
core   0: 0x8000e130 (0xec3f2a23) sw      gp, -300(t5)
core   0: 3 0x8000e130 (0xec3f2a23) mem 0x8000f000 0x00000001
core   0: 0x8000e134 (0xff9ff06f) j       pc - 0x8
core   0: 3 0x8000e134 (0xff9ff06f)
core   0: 0x8000e12c (0x00001f17) auipc   t5, 0x1
core   0: 3 0x8000e12c (0x00001f17) x30 0x8000f12c
core   0: 0x8000e130 (0xec3f2a23) sw      gp, -300(t5)
core   0: 3 0x8000e130 (0xec3f2a23) mem 0x8000f000 0x00000001
core   0: 0x8000e134 (0xff9ff06f) j       pc - 0x8
core   0: 3 0x8000e134 (0xff9ff06f)
core   0: 0x8000e12c (0x00001f17) auipc   t5, 0x1
core   0: 3 0x8000e12c (0x00001f17) x30 0x8000f12c
core   0: 0x8000e130 (0xec3f2a23) sw      gp, -300(t5)
core   0: 3 0x8000e130 (0xec3f2a23) mem 0x8000f000 0x00000001
core   0: 0x8000e134 (0xff9ff06f) j       pc - 0x8
core   0: 3 0x8000e134 (0xff9ff06f)
core   0: 0x8000e12c (0x00001f17) auipc   t5, 0x1
core   0: 3 0x8000e12c (0x00001f17) x30 0x8000f12c
core   0: 0x8000e130 (0xec3f2a23) sw      gp, -300(t5)
core   0: 3 0x8000e130 (0xec3f2a23) mem 0x8000f000 0x00000001
core   0: 0x8000e134 (0xff9ff06f) j       pc - 0x8
core   0: 3 0x8000e134 (0xff9ff06f)
core   0: 0x8000e12c (0x00001f17) auipc   t5, 0x1
core   0: 3 0x8000e12c (0x00001f17) x30 0x8000f12c
core   0: 0x8000e130 (0xec3f2a23) sw      gp, -300(t5)
core   0: 3 0x8000e130 (0xec3f2a23) mem 0x8000f000 0x00000001
core   0: 0x8000e134 (0xff9ff06f) j       pc - 0x8
core   0: 3 0x8000e134 (0xff9ff06f)
core   0: 0x8000e12c (0x00001f17) auipc   t5, 0x1
core   0: 3 0x8000e12c (0x00001f17) x30 0x8000f12c
core   0: 0x8000e130 (0xec3f2a23) sw      gp, -300(t5)
core   0: 3 0x8000e130 (0xec3f2a23) mem 0x8000f000 0x00000001
core   0: 0x8000e134 (0xff9ff06f) j       pc - 0x8
core   0: 3 0x8000e134 (0xff9ff06f)
core   0: 0x8000e12c (0x00001f17) auipc   t5, 0x1
core   0: 3 0x8000e12c (0x00001f17) x30 0x8000f12c
core   0: 0x8000e130 (0xec3f2a23) sw      gp, -300(t5)
core   0: 3 0x8000e130 (0xec3f2a23) mem 0x8000f000 0x00000001
core   0: 0x8000e134 (0xff9ff06f) j       pc - 0x8
core   0: 3 0x8000e134 (0xff9ff06f)
core   0: 0x8000e12c (0x00001f17) auipc   t5, 0x1
core   0: 3 0x8000e12c (0x00001f17) x30 0x8000f12c
core   0: 0x8000e130 (0xec3f2a23) sw      gp, -300(t5)
core   0: 3 0x8000e130 (0xec3f2a23) mem 0x8000f000 0x00000001
core   0: 0x8000e134 (0xff9ff06f) j       pc - 0x8
core   0: 3 0x8000e134 (0xff9ff06f)
core   0: 0x8000e12c (0x00001f17) auipc   t5, 0x1
core   0: 3 0x8000e12c (0x00001f17) x30 0x8000f12c
core   0: 0x8000e130 (0xec3f2a23) sw      gp, -300(t5)
core   0: 3 0x8000e130 (0xec3f2a23) mem 0x8000f000 0x00000001
core   0: 0x8000e134 (0xff9ff06f) j       pc - 0x8
core   0: 3 0x8000e134 (0xff9ff06f)
core   0: 0x8000e12c (0x00001f17) auipc   t5, 0x1
core   0: 3 0x8000e12c (0x00001f17) x30 0x8000f12c
core   0: 0x8000e130 (0xec3f2a23) sw      gp, -300(t5)
core   0: 3 0x8000e130 (0xec3f2a23) mem 0x8000f000 0x00000001
core   0: 0x8000e134 (0xff9ff06f) j       pc - 0x8
core   0: 3 0x8000e134 (0xff9ff06f)
core   0: 0x8000e12c (0x00001f17) auipc   t5, 0x1
core   0: 3 0x8000e12c (0x00001f17) x30 0x8000f12c
core   0: 0x8000e130 (0xec3f2a23) sw      gp, -300(t5)
core   0: 3 0x8000e130 (0xec3f2a23) mem 0x8000f000 0x00000001
core   0: 0x8000e134 (0xff9ff06f) j       pc - 0x8
core   0: 3 0x8000e134 (0xff9ff06f)
core   0: 0x8000e12c (0x00001f17) auipc   t5, 0x1
core   0: 3 0x8000e12c (0x00001f17) x30 0x8000f12c
core   0: 0x8000e130 (0xec3f2a23) sw      gp, -300(t5)
core   0: 3 0x8000e130 (0xec3f2a23) mem 0x8000f000 0x00000001
core   0: 0x8000e134 (0xff9ff06f) j       pc - 0x8
core   0: 3 0x8000e134 (0xff9ff06f)
core   0: 0x8000e12c (0x00001f17) auipc   t5, 0x1
core   0: 3 0x8000e12c (0x00001f17) x30 0x8000f12c
core   0: 0x8000e130 (0xec3f2a23) sw      gp, -300(t5)
core   0: 3 0x8000e130 (0xec3f2a23) mem 0x8000f000 0x00000001
core   0: 0x8000e134 (0xff9ff06f) j       pc - 0x8
core   0: 3 0x8000e134 (0xff9ff06f)
core   0: 0x8000e12c (0x00001f17) auipc   t5, 0x1
core   0: 3 0x8000e12c (0x00001f17) x30 0x8000f12c
core   0: 0x8000e130 (0xec3f2a23) sw      gp, -300(t5)
core   0: 3 0x8000e130 (0xec3f2a23) mem 0x8000f000 0x00000001
core   0: 0x8000e134 (0xff9ff06f) j       pc - 0x8
core   0: 3 0x8000e134 (0xff9ff06f)
core   0: 0x8000e12c (0x00001f17) auipc   t5, 0x1
core   0: 3 0x8000e12c (0x00001f17) x30 0x8000f12c
core   0: 0x8000e130 (0xec3f2a23) sw      gp, -300(t5)
core   0: 3 0x8000e130 (0xec3f2a23) mem 0x8000f000 0x00000001
core   0: 0x8000e134 (0xff9ff06f) j       pc - 0x8
core   0: 3 0x8000e134 (0xff9ff06f)
core   0: 0x8000e12c (0x00001f17) auipc   t5, 0x1
core   0: 3 0x8000e12c (0x00001f17) x30 0x8000f12c
core   0: 0x8000e130 (0xec3f2a23) sw      gp, -300(t5)
core   0: 3 0x8000e130 (0xec3f2a23) mem 0x8000f000 0x00000001
core   0: 0x8000e134 (0xff9ff06f) j       pc - 0x8
core   0: 3 0x8000e134 (0xff9ff06f)
core   0: 0x8000e12c (0x00001f17) auipc   t5, 0x1
core   0: 3 0x8000e12c (0x00001f17) x30 0x8000f12c
core   0: 0x8000e130 (0xec3f2a23) sw      gp, -300(t5)
core   0: 3 0x8000e130 (0xec3f2a23) mem 0x8000f000 0x00000001
core   0: 0x8000e134 (0xff9ff06f) j       pc - 0x8
core   0: 3 0x8000e134 (0xff9ff06f)
core   0: 0x8000e12c (0x00001f17) auipc   t5, 0x1
core   0: 3 0x8000e12c (0x00001f17) x30 0x8000f12c
core   0: 0x8000e130 (0xec3f2a23) sw      gp, -300(t5)
core   0: 3 0x8000e130 (0xec3f2a23) mem 0x8000f000 0x00000001
core   0: 0x8000e134 (0xff9ff06f) j       pc - 0x8
core   0: 3 0x8000e134 (0xff9ff06f)
core   0: 0x8000e12c (0x00001f17) auipc   t5, 0x1
core   0: 3 0x8000e12c (0x00001f17) x30 0x8000f12c
core   0: 0x8000e130 (0xec3f2a23) sw      gp, -300(t5)
core   0: 3 0x8000e130 (0xec3f2a23) mem 0x8000f000 0x00000001
core   0: 0x8000e134 (0xff9ff06f) j       pc - 0x8
core   0: 3 0x8000e134 (0xff9ff06f)
core   0: 0x8000e12c (0x00001f17) auipc   t5, 0x1
core   0: 3 0x8000e12c (0x00001f17) x30 0x8000f12c
core   0: 0x8000e130 (0xec3f2a23) sw      gp, -300(t5)
core   0: 3 0x8000e130 (0xec3f2a23) mem 0x8000f000 0x00000001
core   0: 0x8000e134 (0xff9ff06f) j       pc - 0x8
core   0: 3 0x8000e134 (0xff9ff06f)
core   0: 0x8000e12c (0x00001f17) auipc   t5, 0x1
core   0: 3 0x8000e12c (0x00001f17) x30 0x8000f12c
core   0: 0x8000e130 (0xec3f2a23) sw      gp, -300(t5)
core   0: 3 0x8000e130 (0xec3f2a23) mem 0x8000f000 0x00000001
core   0: 0x8000e134 (0xff9ff06f) j       pc - 0x8
core   0: 3 0x8000e134 (0xff9ff06f)
core   0: 0x8000e12c (0x00001f17) auipc   t5, 0x1
core   0: 3 0x8000e12c (0x00001f17) x30 0x8000f12c
core   0: 0x8000e130 (0xec3f2a23) sw      gp, -300(t5)
core   0: 3 0x8000e130 (0xec3f2a23) mem 0x8000f000 0x00000001
core   0: 0x8000e134 (0xff9ff06f) j       pc - 0x8
core   0: 3 0x8000e134 (0xff9ff06f)
core   0: 0x8000e12c (0x00001f17) auipc   t5, 0x1
core   0: 3 0x8000e12c (0x00001f17) x30 0x8000f12c
core   0: 0x8000e130 (0xec3f2a23) sw      gp, -300(t5)
core   0: 3 0x8000e130 (0xec3f2a23) mem 0x8000f000 0x00000001
core   0: 0x8000e134 (0xff9ff06f) j       pc - 0x8
core   0: 3 0x8000e134 (0xff9ff06f)
core   0: 0x8000e12c (0x00001f17) auipc   t5, 0x1
core   0: 3 0x8000e12c (0x00001f17) x30 0x8000f12c
core   0: 0x8000e130 (0xec3f2a23) sw      gp, -300(t5)
core   0: 3 0x8000e130 (0xec3f2a23) mem 0x8000f000 0x00000001
core   0: 0x8000e134 (0xff9ff06f) j       pc - 0x8
core   0: 3 0x8000e134 (0xff9ff06f)
core   0: 0x8000e12c (0x00001f17) auipc   t5, 0x1
core   0: 3 0x8000e12c (0x00001f17) x30 0x8000f12c
core   0: 0x8000e130 (0xec3f2a23) sw      gp, -300(t5)
core   0: 3 0x8000e130 (0xec3f2a23) mem 0x8000f000 0x00000001
core   0: 0x8000e134 (0xff9ff06f) j       pc - 0x8
core   0: 3 0x8000e134 (0xff9ff06f)
core   0: 0x8000e12c (0x00001f17) auipc   t5, 0x1
core   0: 3 0x8000e12c (0x00001f17) x30 0x8000f12c
core   0: 0x8000e130 (0xec3f2a23) sw      gp, -300(t5)
core   0: 3 0x8000e130 (0xec3f2a23) mem 0x8000f000 0x00000001
core   0: 0x8000e134 (0xff9ff06f) j       pc - 0x8
core   0: 3 0x8000e134 (0xff9ff06f)
core   0: 0x8000e12c (0x00001f17) auipc   t5, 0x1
core   0: 3 0x8000e12c (0x00001f17) x30 0x8000f12c
core   0: 0x8000e130 (0xec3f2a23) sw      gp, -300(t5)
core   0: 3 0x8000e130 (0xec3f2a23) mem 0x8000f000 0x00000001
core   0: 0x8000e134 (0xff9ff06f) j       pc - 0x8
core   0: 3 0x8000e134 (0xff9ff06f)
core   0: 0x8000e12c (0x00001f17) auipc   t5, 0x1
core   0: 3 0x8000e12c (0x00001f17) x30 0x8000f12c
core   0: 0x8000e130 (0xec3f2a23) sw      gp, -300(t5)
core   0: 3 0x8000e130 (0xec3f2a23) mem 0x8000f000 0x00000001
core   0: 0x8000e134 (0xff9ff06f) j       pc - 0x8
core   0: 3 0x8000e134 (0xff9ff06f)
core   0: 0x8000e12c (0x00001f17) auipc   t5, 0x1
core   0: 3 0x8000e12c (0x00001f17) x30 0x8000f12c
core   0: 0x8000e130 (0xec3f2a23) sw      gp, -300(t5)
core   0: 3 0x8000e130 (0xec3f2a23) mem 0x8000f000 0x00000001
core   0: 0x8000e134 (0xff9ff06f) j       pc - 0x8
core   0: 3 0x8000e134 (0xff9ff06f)
core   0: 0x8000e12c (0x00001f17) auipc   t5, 0x1
core   0: 3 0x8000e12c (0x00001f17) x30 0x8000f12c
core   0: 0x8000e130 (0xec3f2a23) sw      gp, -300(t5)
core   0: 3 0x8000e130 (0xec3f2a23) mem 0x8000f000 0x00000001
core   0: 0x8000e134 (0xff9ff06f) j       pc - 0x8
core   0: 3 0x8000e134 (0xff9ff06f)
core   0: 0x8000e12c (0x00001f17) auipc   t5, 0x1
core   0: 3 0x8000e12c (0x00001f17) x30 0x8000f12c
core   0: 0x8000e130 (0xec3f2a23) sw      gp, -300(t5)
core   0: 3 0x8000e130 (0xec3f2a23) mem 0x8000f000 0x00000001
core   0: 0x8000e134 (0xff9ff06f) j       pc - 0x8
core   0: 3 0x8000e134 (0xff9ff06f)
core   0: 0x8000e12c (0x00001f17) auipc   t5, 0x1
core   0: 3 0x8000e12c (0x00001f17) x30 0x8000f12c
core   0: 0x8000e130 (0xec3f2a23) sw      gp, -300(t5)
core   0: 3 0x8000e130 (0xec3f2a23) mem 0x8000f000 0x00000001
core   0: 0x8000e134 (0xff9ff06f) j       pc - 0x8
core   0: 3 0x8000e134 (0xff9ff06f)
core   0: 0x8000e12c (0x00001f17) auipc   t5, 0x1
core   0: 3 0x8000e12c (0x00001f17) x30 0x8000f12c
core   0: 0x8000e130 (0xec3f2a23) sw      gp, -300(t5)
core   0: 3 0x8000e130 (0xec3f2a23) mem 0x8000f000 0x00000001
core   0: 0x8000e134 (0xff9ff06f) j       pc - 0x8
core   0: 3 0x8000e134 (0xff9ff06f)
core   0: 0x8000e12c (0x00001f17) auipc   t5, 0x1
core   0: 3 0x8000e12c (0x00001f17) x30 0x8000f12c
core   0: 0x8000e130 (0xec3f2a23) sw      gp, -300(t5)
core   0: 3 0x8000e130 (0xec3f2a23) mem 0x8000f000 0x00000001
core   0: 0x8000e134 (0xff9ff06f) j       pc - 0x8
core   0: 3 0x8000e134 (0xff9ff06f)
core   0: 0x8000e12c (0x00001f17) auipc   t5, 0x1
core   0: 3 0x8000e12c (0x00001f17) x30 0x8000f12c
core   0: 0x8000e130 (0xec3f2a23) sw      gp, -300(t5)
core   0: 3 0x8000e130 (0xec3f2a23) mem 0x8000f000 0x00000001
core   0: 0x8000e134 (0xff9ff06f) j       pc - 0x8
core   0: 3 0x8000e134 (0xff9ff06f)
core   0: 0x8000e12c (0x00001f17) auipc   t5, 0x1
core   0: 3 0x8000e12c (0x00001f17) x30 0x8000f12c
core   0: 0x8000e130 (0xec3f2a23) sw      gp, -300(t5)
core   0: 3 0x8000e130 (0xec3f2a23) mem 0x8000f000 0x00000001
core   0: 0x8000e134 (0xff9ff06f) j       pc - 0x8
core   0: 3 0x8000e134 (0xff9ff06f)
core   0: 0x8000e12c (0x00001f17) auipc   t5, 0x1
core   0: 3 0x8000e12c (0x00001f17) x30 0x8000f12c
core   0: 0x8000e130 (0xec3f2a23) sw      gp, -300(t5)
core   0: 3 0x8000e130 (0xec3f2a23) mem 0x8000f000 0x00000001
core   0: 0x8000e134 (0xff9ff06f) j       pc - 0x8
core   0: 3 0x8000e134 (0xff9ff06f)
core   0: 0x8000e12c (0x00001f17) auipc   t5, 0x1
core   0: 3 0x8000e12c (0x00001f17) x30 0x8000f12c
core   0: 0x8000e130 (0xec3f2a23) sw      gp, -300(t5)
core   0: 3 0x8000e130 (0xec3f2a23) mem 0x8000f000 0x00000001
core   0: 0x8000e134 (0xff9ff06f) j       pc - 0x8
core   0: 3 0x8000e134 (0xff9ff06f)
core   0: 0x8000e12c (0x00001f17) auipc   t5, 0x1
core   0: 3 0x8000e12c (0x00001f17) x30 0x8000f12c
core   0: 0x8000e130 (0xec3f2a23) sw      gp, -300(t5)
core   0: 3 0x8000e130 (0xec3f2a23) mem 0x8000f000 0x00000001
core   0: 0x8000e134 (0xff9ff06f) j       pc - 0x8
core   0: 3 0x8000e134 (0xff9ff06f)
core   0: 0x8000e12c (0x00001f17) auipc   t5, 0x1
core   0: 3 0x8000e12c (0x00001f17) x30 0x8000f12c
core   0: 0x8000e130 (0xec3f2a23) sw      gp, -300(t5)
core   0: 3 0x8000e130 (0xec3f2a23) mem 0x8000f000 0x00000001
core   0: 0x8000e134 (0xff9ff06f) j       pc - 0x8
core   0: 3 0x8000e134 (0xff9ff06f)
core   0: 0x8000e12c (0x00001f17) auipc   t5, 0x1
core   0: 3 0x8000e12c (0x00001f17) x30 0x8000f12c
core   0: 0x8000e130 (0xec3f2a23) sw      gp, -300(t5)
core   0: 3 0x8000e130 (0xec3f2a23) mem 0x8000f000 0x00000001
core   0: 0x8000e134 (0xff9ff06f) j       pc - 0x8
core   0: 3 0x8000e134 (0xff9ff06f)
core   0: 0x8000e12c (0x00001f17) auipc   t5, 0x1
core   0: 3 0x8000e12c (0x00001f17) x30 0x8000f12c
core   0: 0x8000e130 (0xec3f2a23) sw      gp, -300(t5)
core   0: 3 0x8000e130 (0xec3f2a23) mem 0x8000f000 0x00000001
core   0: 0x8000e134 (0xff9ff06f) j       pc - 0x8
core   0: 3 0x8000e134 (0xff9ff06f)
core   0: 0x8000e12c (0x00001f17) auipc   t5, 0x1
core   0: 3 0x8000e12c (0x00001f17) x30 0x8000f12c
core   0: 0x8000e130 (0xec3f2a23) sw      gp, -300(t5)
core   0: 3 0x8000e130 (0xec3f2a23) mem 0x8000f000 0x00000001
core   0: 0x8000e134 (0xff9ff06f) j       pc - 0x8
core   0: 3 0x8000e134 (0xff9ff06f)
core   0: 0x8000e12c (0x00001f17) auipc   t5, 0x1
core   0: 3 0x8000e12c (0x00001f17) x30 0x8000f12c
core   0: 0x8000e130 (0xec3f2a23) sw      gp, -300(t5)
core   0: 3 0x8000e130 (0xec3f2a23) mem 0x8000f000 0x00000001
core   0: 0x8000e134 (0xff9ff06f) j       pc - 0x8
core   0: 3 0x8000e134 (0xff9ff06f)
core   0: 0x8000e12c (0x00001f17) auipc   t5, 0x1
core   0: 3 0x8000e12c (0x00001f17) x30 0x8000f12c
core   0: 0x8000e130 (0xec3f2a23) sw      gp, -300(t5)
core   0: 3 0x8000e130 (0xec3f2a23) mem 0x8000f000 0x00000001
core   0: 0x8000e134 (0xff9ff06f) j       pc - 0x8
core   0: 3 0x8000e134 (0xff9ff06f)
core   0: 0x8000e12c (0x00001f17) auipc   t5, 0x1
core   0: 3 0x8000e12c (0x00001f17) x30 0x8000f12c
core   0: 0x8000e130 (0xec3f2a23) sw      gp, -300(t5)
core   0: 3 0x8000e130 (0xec3f2a23) mem 0x8000f000 0x00000001
core   0: 0x8000e134 (0xff9ff06f) j       pc - 0x8
core   0: 3 0x8000e134 (0xff9ff06f)
core   0: 0x8000e12c (0x00001f17) auipc   t5, 0x1
core   0: 3 0x8000e12c (0x00001f17) x30 0x8000f12c
core   0: 0x8000e130 (0xec3f2a23) sw      gp, -300(t5)
core   0: 3 0x8000e130 (0xec3f2a23) mem 0x8000f000 0x00000001
core   0: 0x8000e134 (0xff9ff06f) j       pc - 0x8
core   0: 3 0x8000e134 (0xff9ff06f)
core   0: 0x8000e12c (0x00001f17) auipc   t5, 0x1
core   0: 3 0x8000e12c (0x00001f17) x30 0x8000f12c
core   0: 0x8000e130 (0xec3f2a23) sw      gp, -300(t5)
core   0: 3 0x8000e130 (0xec3f2a23) mem 0x8000f000 0x00000001
core   0: 0x8000e134 (0xff9ff06f) j       pc - 0x8
core   0: 3 0x8000e134 (0xff9ff06f)
core   0: 0x8000e12c (0x00001f17) auipc   t5, 0x1
core   0: 3 0x8000e12c (0x00001f17) x30 0x8000f12c
core   0: 0x8000e130 (0xec3f2a23) sw      gp, -300(t5)
core   0: 3 0x8000e130 (0xec3f2a23) mem 0x8000f000 0x00000001
core   0: 0x8000e134 (0xff9ff06f) j       pc - 0x8
core   0: 3 0x8000e134 (0xff9ff06f)
core   0: 0x8000e12c (0x00001f17) auipc   t5, 0x1
core   0: 3 0x8000e12c (0x00001f17) x30 0x8000f12c
core   0: 0x8000e130 (0xec3f2a23) sw      gp, -300(t5)
core   0: 3 0x8000e130 (0xec3f2a23) mem 0x8000f000 0x00000001
core   0: 0x8000e134 (0xff9ff06f) j       pc - 0x8
core   0: 3 0x8000e134 (0xff9ff06f)
core   0: 0x8000e12c (0x00001f17) auipc   t5, 0x1
core   0: 3 0x8000e12c (0x00001f17) x30 0x8000f12c
core   0: 0x8000e130 (0xec3f2a23) sw      gp, -300(t5)
core   0: 3 0x8000e130 (0xec3f2a23) mem 0x8000f000 0x00000001
core   0: 0x8000e134 (0xff9ff06f) j       pc - 0x8
core   0: 3 0x8000e134 (0xff9ff06f)
core   0: 0x8000e12c (0x00001f17) auipc   t5, 0x1
core   0: 3 0x8000e12c (0x00001f17) x30 0x8000f12c
core   0: 0x8000e130 (0xec3f2a23) sw      gp, -300(t5)
core   0: 3 0x8000e130 (0xec3f2a23) mem 0x8000f000 0x00000001
core   0: 0x8000e134 (0xff9ff06f) j       pc - 0x8
core   0: 3 0x8000e134 (0xff9ff06f)
core   0: 0x8000e12c (0x00001f17) auipc   t5, 0x1
core   0: 3 0x8000e12c (0x00001f17) x30 0x8000f12c
core   0: 0x8000e130 (0xec3f2a23) sw      gp, -300(t5)
core   0: 3 0x8000e130 (0xec3f2a23) mem 0x8000f000 0x00000001
core   0: 0x8000e134 (0xff9ff06f) j       pc - 0x8
core   0: 3 0x8000e134 (0xff9ff06f)
core   0: 0x8000e12c (0x00001f17) auipc   t5, 0x1
core   0: 3 0x8000e12c (0x00001f17) x30 0x8000f12c
core   0: 0x8000e130 (0xec3f2a23) sw      gp, -300(t5)
core   0: 3 0x8000e130 (0xec3f2a23) mem 0x8000f000 0x00000001
core   0: 0x8000e134 (0xff9ff06f) j       pc - 0x8
core   0: 3 0x8000e134 (0xff9ff06f)
core   0: 0x8000e12c (0x00001f17) auipc   t5, 0x1
core   0: 3 0x8000e12c (0x00001f17) x30 0x8000f12c
core   0: 0x8000e130 (0xec3f2a23) sw      gp, -300(t5)
core   0: 3 0x8000e130 (0xec3f2a23) mem 0x8000f000 0x00000001
core   0: 0x8000e134 (0xff9ff06f) j       pc - 0x8
core   0: 3 0x8000e134 (0xff9ff06f)
core   0: 0x8000e12c (0x00001f17) auipc   t5, 0x1
core   0: 3 0x8000e12c (0x00001f17) x30 0x8000f12c
core   0: 0x8000e130 (0xec3f2a23) sw      gp, -300(t5)
core   0: 3 0x8000e130 (0xec3f2a23) mem 0x8000f000 0x00000001
core   0: 0x8000e134 (0xff9ff06f) j       pc - 0x8
core   0: 3 0x8000e134 (0xff9ff06f)
core   0: 0x8000e12c (0x00001f17) auipc   t5, 0x1
core   0: 3 0x8000e12c (0x00001f17) x30 0x8000f12c
core   0: 0x8000e130 (0xec3f2a23) sw      gp, -300(t5)
core   0: 3 0x8000e130 (0xec3f2a23) mem 0x8000f000 0x00000001
core   0: 0x8000e134 (0xff9ff06f) j       pc - 0x8
core   0: 3 0x8000e134 (0xff9ff06f)
core   0: 0x8000e12c (0x00001f17) auipc   t5, 0x1
core   0: 3 0x8000e12c (0x00001f17) x30 0x8000f12c
core   0: 0x8000e130 (0xec3f2a23) sw      gp, -300(t5)
core   0: 3 0x8000e130 (0xec3f2a23) mem 0x8000f000 0x00000001
core   0: 0x8000e134 (0xff9ff06f) j       pc - 0x8
core   0: 3 0x8000e134 (0xff9ff06f)
core   0: 0x8000e12c (0x00001f17) auipc   t5, 0x1
core   0: 3 0x8000e12c (0x00001f17) x30 0x8000f12c
core   0: 0x8000e130 (0xec3f2a23) sw      gp, -300(t5)
core   0: 3 0x8000e130 (0xec3f2a23) mem 0x8000f000 0x00000001
core   0: 0x8000e134 (0xff9ff06f) j       pc - 0x8
core   0: 3 0x8000e134 (0xff9ff06f)
core   0: 0x8000e12c (0x00001f17) auipc   t5, 0x1
core   0: 3 0x8000e12c (0x00001f17) x30 0x8000f12c
core   0: 0x8000e130 (0xec3f2a23) sw      gp, -300(t5)
core   0: 3 0x8000e130 (0xec3f2a23) mem 0x8000f000 0x00000001
core   0: 0x8000e134 (0xff9ff06f) j       pc - 0x8
core   0: 3 0x8000e134 (0xff9ff06f)
core   0: 0x8000e12c (0x00001f17) auipc   t5, 0x1
core   0: 3 0x8000e12c (0x00001f17) x30 0x8000f12c
core   0: 0x8000e130 (0xec3f2a23) sw      gp, -300(t5)
core   0: 3 0x8000e130 (0xec3f2a23) mem 0x8000f000 0x00000001
core   0: 0x8000e134 (0xff9ff06f) j       pc - 0x8
core   0: 3 0x8000e134 (0xff9ff06f)
core   0: 0x8000e12c (0x00001f17) auipc   t5, 0x1
core   0: 3 0x8000e12c (0x00001f17) x30 0x8000f12c
core   0: 0x8000e130 (0xec3f2a23) sw      gp, -300(t5)
core   0: 3 0x8000e130 (0xec3f2a23) mem 0x8000f000 0x00000001
core   0: 0x8000e134 (0xff9ff06f) j       pc - 0x8
core   0: 3 0x8000e134 (0xff9ff06f)
core   0: 0x8000e12c (0x00001f17) auipc   t5, 0x1
core   0: 3 0x8000e12c (0x00001f17) x30 0x8000f12c
core   0: 0x8000e130 (0xec3f2a23) sw      gp, -300(t5)
core   0: 3 0x8000e130 (0xec3f2a23) mem 0x8000f000 0x00000001
core   0: 0x8000e134 (0xff9ff06f) j       pc - 0x8
core   0: 3 0x8000e134 (0xff9ff06f)
core   0: 0x8000e12c (0x00001f17) auipc   t5, 0x1
core   0: 3 0x8000e12c (0x00001f17) x30 0x8000f12c
core   0: 0x8000e130 (0xec3f2a23) sw      gp, -300(t5)
core   0: 3 0x8000e130 (0xec3f2a23) mem 0x8000f000 0x00000001
core   0: 0x8000e134 (0xff9ff06f) j       pc - 0x8
core   0: 3 0x8000e134 (0xff9ff06f)
core   0: 0x8000e12c (0x00001f17) auipc   t5, 0x1
core   0: 3 0x8000e12c (0x00001f17) x30 0x8000f12c
core   0: 0x8000e130 (0xec3f2a23) sw      gp, -300(t5)
core   0: 3 0x8000e130 (0xec3f2a23) mem 0x8000f000 0x00000001
core   0: 0x8000e134 (0xff9ff06f) j       pc - 0x8
core   0: 3 0x8000e134 (0xff9ff06f)
core   0: 0x8000e12c (0x00001f17) auipc   t5, 0x1
core   0: 3 0x8000e12c (0x00001f17) x30 0x8000f12c
core   0: 0x8000e130 (0xec3f2a23) sw      gp, -300(t5)
core   0: 3 0x8000e130 (0xec3f2a23) mem 0x8000f000 0x00000001
core   0: 0x8000e134 (0xff9ff06f) j       pc - 0x8
core   0: 3 0x8000e134 (0xff9ff06f)
core   0: 0x8000e12c (0x00001f17) auipc   t5, 0x1
core   0: 3 0x8000e12c (0x00001f17) x30 0x8000f12c
core   0: 0x8000e130 (0xec3f2a23) sw      gp, -300(t5)
core   0: 3 0x8000e130 (0xec3f2a23) mem 0x8000f000 0x00000001
core   0: 0x8000e134 (0xff9ff06f) j       pc - 0x8
core   0: 3 0x8000e134 (0xff9ff06f)
core   0: 0x8000e12c (0x00001f17) auipc   t5, 0x1
core   0: 3 0x8000e12c (0x00001f17) x30 0x8000f12c
core   0: 0x8000e130 (0xec3f2a23) sw      gp, -300(t5)
core   0: 3 0x8000e130 (0xec3f2a23) mem 0x8000f000 0x00000001
core   0: 0x8000e134 (0xff9ff06f) j       pc - 0x8
core   0: 3 0x8000e134 (0xff9ff06f)
core   0: 0x8000e12c (0x00001f17) auipc   t5, 0x1
core   0: 3 0x8000e12c (0x00001f17) x30 0x8000f12c
core   0: 0x8000e130 (0xec3f2a23) sw      gp, -300(t5)
core   0: 3 0x8000e130 (0xec3f2a23) mem 0x8000f000 0x00000001
core   0: 0x8000e134 (0xff9ff06f) j       pc - 0x8
core   0: 3 0x8000e134 (0xff9ff06f)
core   0: 0x8000e12c (0x00001f17) auipc   t5, 0x1
core   0: 3 0x8000e12c (0x00001f17) x30 0x8000f12c
core   0: 0x8000e130 (0xec3f2a23) sw      gp, -300(t5)
core   0: 3 0x8000e130 (0xec3f2a23) mem 0x8000f000 0x00000001
core   0: 0x8000e134 (0xff9ff06f) j       pc - 0x8
core   0: 3 0x8000e134 (0xff9ff06f)
core   0: 0x8000e12c (0x00001f17) auipc   t5, 0x1
core   0: 3 0x8000e12c (0x00001f17) x30 0x8000f12c
core   0: 0x8000e130 (0xec3f2a23) sw      gp, -300(t5)
core   0: 3 0x8000e130 (0xec3f2a23) mem 0x8000f000 0x00000001
core   0: 0x8000e134 (0xff9ff06f) j       pc - 0x8
core   0: 3 0x8000e134 (0xff9ff06f)
core   0: 0x8000e12c (0x00001f17) auipc   t5, 0x1
core   0: 3 0x8000e12c (0x00001f17) x30 0x8000f12c
core   0: 0x8000e130 (0xec3f2a23) sw      gp, -300(t5)
core   0: 3 0x8000e130 (0xec3f2a23) mem 0x8000f000 0x00000001
core   0: 0x8000e134 (0xff9ff06f) j       pc - 0x8
core   0: 3 0x8000e134 (0xff9ff06f)
core   0: 0x8000e12c (0x00001f17) auipc   t5, 0x1
core   0: 3 0x8000e12c (0x00001f17) x30 0x8000f12c
core   0: 0x8000e130 (0xec3f2a23) sw      gp, -300(t5)
core   0: 3 0x8000e130 (0xec3f2a23) mem 0x8000f000 0x00000001
core   0: 0x8000e134 (0xff9ff06f) j       pc - 0x8
core   0: 3 0x8000e134 (0xff9ff06f)
core   0: 0x8000e12c (0x00001f17) auipc   t5, 0x1
core   0: 3 0x8000e12c (0x00001f17) x30 0x8000f12c
core   0: 0x8000e130 (0xec3f2a23) sw      gp, -300(t5)
core   0: 3 0x8000e130 (0xec3f2a23) mem 0x8000f000 0x00000001
core   0: 0x8000e134 (0xff9ff06f) j       pc - 0x8
core   0: 3 0x8000e134 (0xff9ff06f)
core   0: 0x8000e12c (0x00001f17) auipc   t5, 0x1
core   0: 3 0x8000e12c (0x00001f17) x30 0x8000f12c
core   0: 0x8000e130 (0xec3f2a23) sw      gp, -300(t5)
core   0: 3 0x8000e130 (0xec3f2a23) mem 0x8000f000 0x00000001
core   0: 0x8000e134 (0xff9ff06f) j       pc - 0x8
core   0: 3 0x8000e134 (0xff9ff06f)
core   0: 0x8000e12c (0x00001f17) auipc   t5, 0x1
core   0: 3 0x8000e12c (0x00001f17) x30 0x8000f12c
core   0: 0x8000e130 (0xec3f2a23) sw      gp, -300(t5)
core   0: 3 0x8000e130 (0xec3f2a23) mem 0x8000f000 0x00000001
core   0: 0x8000e134 (0xff9ff06f) j       pc - 0x8
core   0: 3 0x8000e134 (0xff9ff06f)
core   0: 0x8000e12c (0x00001f17) auipc   t5, 0x1
core   0: 3 0x8000e12c (0x00001f17) x30 0x8000f12c
core   0: 0x8000e130 (0xec3f2a23) sw      gp, -300(t5)
core   0: 3 0x8000e130 (0xec3f2a23) mem 0x8000f000 0x00000001
core   0: 0x8000e134 (0xff9ff06f) j       pc - 0x8
core   0: 3 0x8000e134 (0xff9ff06f)
core   0: 0x8000e12c (0x00001f17) auipc   t5, 0x1
core   0: 3 0x8000e12c (0x00001f17) x30 0x8000f12c
core   0: 0x8000e130 (0xec3f2a23) sw      gp, -300(t5)
core   0: 3 0x8000e130 (0xec3f2a23) mem 0x8000f000 0x00000001
core   0: 0x8000e134 (0xff9ff06f) j       pc - 0x8
core   0: 3 0x8000e134 (0xff9ff06f)
core   0: 0x8000e12c (0x00001f17) auipc   t5, 0x1
core   0: 3 0x8000e12c (0x00001f17) x30 0x8000f12c
core   0: 0x8000e130 (0xec3f2a23) sw      gp, -300(t5)
core   0: 3 0x8000e130 (0xec3f2a23) mem 0x8000f000 0x00000001
core   0: 0x8000e134 (0xff9ff06f) j       pc - 0x8
core   0: 3 0x8000e134 (0xff9ff06f)
core   0: 0x8000e12c (0x00001f17) auipc   t5, 0x1
core   0: 3 0x8000e12c (0x00001f17) x30 0x8000f12c
core   0: 0x8000e130 (0xec3f2a23) sw      gp, -300(t5)
core   0: 3 0x8000e130 (0xec3f2a23) mem 0x8000f000 0x00000001
core   0: 0x8000e134 (0xff9ff06f) j       pc - 0x8
core   0: 3 0x8000e134 (0xff9ff06f)
core   0: 0x8000e12c (0x00001f17) auipc   t5, 0x1
core   0: 3 0x8000e12c (0x00001f17) x30 0x8000f12c
core   0: 0x8000e130 (0xec3f2a23) sw      gp, -300(t5)
core   0: 3 0x8000e130 (0xec3f2a23) mem 0x8000f000 0x00000001
core   0: 0x8000e134 (0xff9ff06f) j       pc - 0x8
core   0: 3 0x8000e134 (0xff9ff06f)
core   0: 0x8000e12c (0x00001f17) auipc   t5, 0x1
core   0: 3 0x8000e12c (0x00001f17) x30 0x8000f12c
core   0: 0x8000e130 (0xec3f2a23) sw      gp, -300(t5)
core   0: 3 0x8000e130 (0xec3f2a23) mem 0x8000f000 0x00000001
core   0: 0x8000e134 (0xff9ff06f) j       pc - 0x8
core   0: 3 0x8000e134 (0xff9ff06f)
core   0: 0x8000e12c (0x00001f17) auipc   t5, 0x1
core   0: 3 0x8000e12c (0x00001f17) x30 0x8000f12c
core   0: 0x8000e130 (0xec3f2a23) sw      gp, -300(t5)
core   0: 3 0x8000e130 (0xec3f2a23) mem 0x8000f000 0x00000001
core   0: 0x8000e134 (0xff9ff06f) j       pc - 0x8
core   0: 3 0x8000e134 (0xff9ff06f)
core   0: 0x8000e12c (0x00001f17) auipc   t5, 0x1
core   0: 3 0x8000e12c (0x00001f17) x30 0x8000f12c
core   0: 0x8000e130 (0xec3f2a23) sw      gp, -300(t5)
core   0: 3 0x8000e130 (0xec3f2a23) mem 0x8000f000 0x00000001
core   0: 0x8000e134 (0xff9ff06f) j       pc - 0x8
core   0: 3 0x8000e134 (0xff9ff06f)
core   0: 0x8000e12c (0x00001f17) auipc   t5, 0x1
core   0: 3 0x8000e12c (0x00001f17) x30 0x8000f12c
core   0: 0x8000e130 (0xec3f2a23) sw      gp, -300(t5)
core   0: 3 0x8000e130 (0xec3f2a23) mem 0x8000f000 0x00000001
core   0: 0x8000e134 (0xff9ff06f) j       pc - 0x8
core   0: 3 0x8000e134 (0xff9ff06f)
core   0: 0x8000e12c (0x00001f17) auipc   t5, 0x1
core   0: 3 0x8000e12c (0x00001f17) x30 0x8000f12c
core   0: 0x8000e130 (0xec3f2a23) sw      gp, -300(t5)
core   0: 3 0x8000e130 (0xec3f2a23) mem 0x8000f000 0x00000001
core   0: 0x8000e134 (0xff9ff06f) j       pc - 0x8
core   0: 3 0x8000e134 (0xff9ff06f)
core   0: 0x8000e12c (0x00001f17) auipc   t5, 0x1
core   0: 3 0x8000e12c (0x00001f17) x30 0x8000f12c
core   0: 0x8000e130 (0xec3f2a23) sw      gp, -300(t5)
core   0: 3 0x8000e130 (0xec3f2a23) mem 0x8000f000 0x00000001
core   0: 0x8000e134 (0xff9ff06f) j       pc - 0x8
core   0: 3 0x8000e134 (0xff9ff06f)
core   0: 0x8000e12c (0x00001f17) auipc   t5, 0x1
core   0: 3 0x8000e12c (0x00001f17) x30 0x8000f12c
core   0: 0x8000e130 (0xec3f2a23) sw      gp, -300(t5)
core   0: 3 0x8000e130 (0xec3f2a23) mem 0x8000f000 0x00000001
core   0: 0x8000e134 (0xff9ff06f) j       pc - 0x8
core   0: 3 0x8000e134 (0xff9ff06f)
core   0: 0x8000e12c (0x00001f17) auipc   t5, 0x1
core   0: 3 0x8000e12c (0x00001f17) x30 0x8000f12c
core   0: 0x8000e130 (0xec3f2a23) sw      gp, -300(t5)
core   0: 3 0x8000e130 (0xec3f2a23) mem 0x8000f000 0x00000001
core   0: 0x8000e134 (0xff9ff06f) j       pc - 0x8
core   0: 3 0x8000e134 (0xff9ff06f)
core   0: 0x8000e12c (0x00001f17) auipc   t5, 0x1
core   0: 3 0x8000e12c (0x00001f17) x30 0x8000f12c
core   0: 0x8000e130 (0xec3f2a23) sw      gp, -300(t5)
core   0: 3 0x8000e130 (0xec3f2a23) mem 0x8000f000 0x00000001
core   0: 0x8000e134 (0xff9ff06f) j       pc - 0x8
core   0: 3 0x8000e134 (0xff9ff06f)
core   0: 0x8000e12c (0x00001f17) auipc   t5, 0x1
core   0: 3 0x8000e12c (0x00001f17) x30 0x8000f12c
core   0: 0x8000e130 (0xec3f2a23) sw      gp, -300(t5)
core   0: 3 0x8000e130 (0xec3f2a23) mem 0x8000f000 0x00000001
core   0: 0x8000e134 (0xff9ff06f) j       pc - 0x8
core   0: 3 0x8000e134 (0xff9ff06f)
core   0: 0x8000e12c (0x00001f17) auipc   t5, 0x1
core   0: 3 0x8000e12c (0x00001f17) x30 0x8000f12c
core   0: 0x8000e130 (0xec3f2a23) sw      gp, -300(t5)
core   0: 3 0x8000e130 (0xec3f2a23) mem 0x8000f000 0x00000001
core   0: 0x8000e134 (0xff9ff06f) j       pc - 0x8
core   0: 3 0x8000e134 (0xff9ff06f)
core   0: 0x8000e12c (0x00001f17) auipc   t5, 0x1
core   0: 3 0x8000e12c (0x00001f17) x30 0x8000f12c
core   0: 0x8000e130 (0xec3f2a23) sw      gp, -300(t5)
core   0: 3 0x8000e130 (0xec3f2a23) mem 0x8000f000 0x00000001
core   0: 0x8000e134 (0xff9ff06f) j       pc - 0x8
core   0: 3 0x8000e134 (0xff9ff06f)
core   0: 0x8000e12c (0x00001f17) auipc   t5, 0x1
core   0: 3 0x8000e12c (0x00001f17) x30 0x8000f12c
core   0: 0x8000e130 (0xec3f2a23) sw      gp, -300(t5)
core   0: 3 0x8000e130 (0xec3f2a23) mem 0x8000f000 0x00000001
core   0: 0x8000e134 (0xff9ff06f) j       pc - 0x8
core   0: 3 0x8000e134 (0xff9ff06f)
core   0: 0x8000e12c (0x00001f17) auipc   t5, 0x1
core   0: 3 0x8000e12c (0x00001f17) x30 0x8000f12c
core   0: 0x8000e130 (0xec3f2a23) sw      gp, -300(t5)
core   0: 3 0x8000e130 (0xec3f2a23) mem 0x8000f000 0x00000001
core   0: 0x8000e134 (0xff9ff06f) j       pc - 0x8
core   0: 3 0x8000e134 (0xff9ff06f)
core   0: 0x8000e12c (0x00001f17) auipc   t5, 0x1
core   0: 3 0x8000e12c (0x00001f17) x30 0x8000f12c
core   0: 0x8000e130 (0xec3f2a23) sw      gp, -300(t5)
core   0: 3 0x8000e130 (0xec3f2a23) mem 0x8000f000 0x00000001
core   0: 0x8000e134 (0xff9ff06f) j       pc - 0x8
core   0: 3 0x8000e134 (0xff9ff06f)
core   0: 0x8000e12c (0x00001f17) auipc   t5, 0x1
core   0: 3 0x8000e12c (0x00001f17) x30 0x8000f12c
core   0: 0x8000e130 (0xec3f2a23) sw      gp, -300(t5)
core   0: 3 0x8000e130 (0xec3f2a23) mem 0x8000f000 0x00000001
core   0: 0x8000e134 (0xff9ff06f) j       pc - 0x8
core   0: 3 0x8000e134 (0xff9ff06f)
core   0: 0x8000e12c (0x00001f17) auipc   t5, 0x1
core   0: 3 0x8000e12c (0x00001f17) x30 0x8000f12c
core   0: 0x8000e130 (0xec3f2a23) sw      gp, -300(t5)
core   0: 3 0x8000e130 (0xec3f2a23) mem 0x8000f000 0x00000001
core   0: 0x8000e134 (0xff9ff06f) j       pc - 0x8
core   0: 3 0x8000e134 (0xff9ff06f)
core   0: 0x8000e12c (0x00001f17) auipc   t5, 0x1
core   0: 3 0x8000e12c (0x00001f17) x30 0x8000f12c
core   0: 0x8000e130 (0xec3f2a23) sw      gp, -300(t5)
core   0: 3 0x8000e130 (0xec3f2a23) mem 0x8000f000 0x00000001
core   0: 0x8000e134 (0xff9ff06f) j       pc - 0x8
core   0: 3 0x8000e134 (0xff9ff06f)
core   0: 0x8000e12c (0x00001f17) auipc   t5, 0x1
core   0: 3 0x8000e12c (0x00001f17) x30 0x8000f12c
core   0: 0x8000e130 (0xec3f2a23) sw      gp, -300(t5)
core   0: 3 0x8000e130 (0xec3f2a23) mem 0x8000f000 0x00000001
core   0: 0x8000e134 (0xff9ff06f) j       pc - 0x8
core   0: 3 0x8000e134 (0xff9ff06f)
core   0: 0x8000e12c (0x00001f17) auipc   t5, 0x1
core   0: 3 0x8000e12c (0x00001f17) x30 0x8000f12c
core   0: 0x8000e130 (0xec3f2a23) sw      gp, -300(t5)
core   0: 3 0x8000e130 (0xec3f2a23) mem 0x8000f000 0x00000001
core   0: 0x8000e134 (0xff9ff06f) j       pc - 0x8
core   0: 3 0x8000e134 (0xff9ff06f)
core   0: 0x8000e12c (0x00001f17) auipc   t5, 0x1
core   0: 3 0x8000e12c (0x00001f17) x30 0x8000f12c
core   0: 0x8000e130 (0xec3f2a23) sw      gp, -300(t5)
core   0: 3 0x8000e130 (0xec3f2a23) mem 0x8000f000 0x00000001
core   0: 0x8000e134 (0xff9ff06f) j       pc - 0x8
core   0: 3 0x8000e134 (0xff9ff06f)
core   0: 0x8000e12c (0x00001f17) auipc   t5, 0x1
core   0: 3 0x8000e12c (0x00001f17) x30 0x8000f12c
core   0: 0x8000e130 (0xec3f2a23) sw      gp, -300(t5)
core   0: 3 0x8000e130 (0xec3f2a23) mem 0x8000f000 0x00000001
core   0: 0x8000e134 (0xff9ff06f) j       pc - 0x8
core   0: 3 0x8000e134 (0xff9ff06f)
core   0: 0x8000e12c (0x00001f17) auipc   t5, 0x1
core   0: 3 0x8000e12c (0x00001f17) x30 0x8000f12c
core   0: 0x8000e130 (0xec3f2a23) sw      gp, -300(t5)
core   0: 3 0x8000e130 (0xec3f2a23) mem 0x8000f000 0x00000001
core   0: 0x8000e134 (0xff9ff06f) j       pc - 0x8
core   0: 3 0x8000e134 (0xff9ff06f)
core   0: 0x8000e12c (0x00001f17) auipc   t5, 0x1
core   0: 3 0x8000e12c (0x00001f17) x30 0x8000f12c
core   0: 0x8000e130 (0xec3f2a23) sw      gp, -300(t5)
core   0: 3 0x8000e130 (0xec3f2a23) mem 0x8000f000 0x00000001
core   0: 0x8000e134 (0xff9ff06f) j       pc - 0x8
core   0: 3 0x8000e134 (0xff9ff06f)
core   0: 0x8000e12c (0x00001f17) auipc   t5, 0x1
core   0: 3 0x8000e12c (0x00001f17) x30 0x8000f12c
core   0: 0x8000e130 (0xec3f2a23) sw      gp, -300(t5)
core   0: 3 0x8000e130 (0xec3f2a23) mem 0x8000f000 0x00000001
core   0: 0x8000e134 (0xff9ff06f) j       pc - 0x8
core   0: 3 0x8000e134 (0xff9ff06f)
core   0: 0x8000e12c (0x00001f17) auipc   t5, 0x1
core   0: 3 0x8000e12c (0x00001f17) x30 0x8000f12c
core   0: 0x8000e130 (0xec3f2a23) sw      gp, -300(t5)
core   0: 3 0x8000e130 (0xec3f2a23) mem 0x8000f000 0x00000001
core   0: 0x8000e134 (0xff9ff06f) j       pc - 0x8
core   0: 3 0x8000e134 (0xff9ff06f)
core   0: 0x8000e12c (0x00001f17) auipc   t5, 0x1
core   0: 3 0x8000e12c (0x00001f17) x30 0x8000f12c
core   0: 0x8000e130 (0xec3f2a23) sw      gp, -300(t5)
core   0: 3 0x8000e130 (0xec3f2a23) mem 0x8000f000 0x00000001
core   0: 0x8000e134 (0xff9ff06f) j       pc - 0x8
core   0: 3 0x8000e134 (0xff9ff06f)
core   0: 0x8000e12c (0x00001f17) auipc   t5, 0x1
core   0: 3 0x8000e12c (0x00001f17) x30 0x8000f12c
core   0: 0x8000e130 (0xec3f2a23) sw      gp, -300(t5)
core   0: 3 0x8000e130 (0xec3f2a23) mem 0x8000f000 0x00000001
core   0: 0x8000e134 (0xff9ff06f) j       pc - 0x8
core   0: 3 0x8000e134 (0xff9ff06f)
core   0: 0x8000e12c (0x00001f17) auipc   t5, 0x1
core   0: 3 0x8000e12c (0x00001f17) x30 0x8000f12c
core   0: 0x8000e130 (0xec3f2a23) sw      gp, -300(t5)
core   0: 3 0x8000e130 (0xec3f2a23) mem 0x8000f000 0x00000001
core   0: 0x8000e134 (0xff9ff06f) j       pc - 0x8
core   0: 3 0x8000e134 (0xff9ff06f)
core   0: 0x8000e12c (0x00001f17) auipc   t5, 0x1
core   0: 3 0x8000e12c (0x00001f17) x30 0x8000f12c
core   0: 0x8000e130 (0xec3f2a23) sw      gp, -300(t5)
core   0: 3 0x8000e130 (0xec3f2a23) mem 0x8000f000 0x00000001
core   0: 0x8000e134 (0xff9ff06f) j       pc - 0x8
core   0: 3 0x8000e134 (0xff9ff06f)
core   0: 0x8000e12c (0x00001f17) auipc   t5, 0x1
core   0: 3 0x8000e12c (0x00001f17) x30 0x8000f12c
core   0: 0x8000e130 (0xec3f2a23) sw      gp, -300(t5)
core   0: 3 0x8000e130 (0xec3f2a23) mem 0x8000f000 0x00000001
core   0: 0x8000e134 (0xff9ff06f) j       pc - 0x8
core   0: 3 0x8000e134 (0xff9ff06f)
core   0: 0x8000e12c (0x00001f17) auipc   t5, 0x1
core   0: 3 0x8000e12c (0x00001f17) x30 0x8000f12c
core   0: 0x8000e130 (0xec3f2a23) sw      gp, -300(t5)
core   0: 3 0x8000e130 (0xec3f2a23) mem 0x8000f000 0x00000001
core   0: 0x8000e134 (0xff9ff06f) j       pc - 0x8
core   0: 3 0x8000e134 (0xff9ff06f)
core   0: 0x8000e12c (0x00001f17) auipc   t5, 0x1
core   0: 3 0x8000e12c (0x00001f17) x30 0x8000f12c
core   0: 0x8000e130 (0xec3f2a23) sw      gp, -300(t5)
core   0: 3 0x8000e130 (0xec3f2a23) mem 0x8000f000 0x00000001
core   0: 0x8000e134 (0xff9ff06f) j       pc - 0x8
core   0: 3 0x8000e134 (0xff9ff06f)
core   0: 0x8000e12c (0x00001f17) auipc   t5, 0x1
core   0: 3 0x8000e12c (0x00001f17) x30 0x8000f12c
core   0: 0x8000e130 (0xec3f2a23) sw      gp, -300(t5)
core   0: 3 0x8000e130 (0xec3f2a23) mem 0x8000f000 0x00000001
core   0: 0x8000e134 (0xff9ff06f) j       pc - 0x8
core   0: 3 0x8000e134 (0xff9ff06f)
core   0: 0x8000e12c (0x00001f17) auipc   t5, 0x1
core   0: 3 0x8000e12c (0x00001f17) x30 0x8000f12c
core   0: 0x8000e130 (0xec3f2a23) sw      gp, -300(t5)
core   0: 3 0x8000e130 (0xec3f2a23) mem 0x8000f000 0x00000001
core   0: 0x8000e134 (0xff9ff06f) j       pc - 0x8
core   0: 3 0x8000e134 (0xff9ff06f)
core   0: 0x8000e12c (0x00001f17) auipc   t5, 0x1
core   0: 3 0x8000e12c (0x00001f17) x30 0x8000f12c
core   0: 0x8000e130 (0xec3f2a23) sw      gp, -300(t5)
core   0: 3 0x8000e130 (0xec3f2a23) mem 0x8000f000 0x00000001
core   0: 0x8000e134 (0xff9ff06f) j       pc - 0x8
core   0: 3 0x8000e134 (0xff9ff06f)
core   0: 0x8000e12c (0x00001f17) auipc   t5, 0x1
core   0: 3 0x8000e12c (0x00001f17) x30 0x8000f12c
core   0: 0x8000e130 (0xec3f2a23) sw      gp, -300(t5)
core   0: 3 0x8000e130 (0xec3f2a23) mem 0x8000f000 0x00000001
core   0: 0x8000e134 (0xff9ff06f) j       pc - 0x8
core   0: 3 0x8000e134 (0xff9ff06f)
core   0: 0x8000e12c (0x00001f17) auipc   t5, 0x1
core   0: 3 0x8000e12c (0x00001f17) x30 0x8000f12c
core   0: 0x8000e130 (0xec3f2a23) sw      gp, -300(t5)
core   0: 3 0x8000e130 (0xec3f2a23) mem 0x8000f000 0x00000001
core   0: 0x8000e134 (0xff9ff06f) j       pc - 0x8
core   0: 3 0x8000e134 (0xff9ff06f)
core   0: 0x8000e12c (0x00001f17) auipc   t5, 0x1
core   0: 3 0x8000e12c (0x00001f17) x30 0x8000f12c
core   0: 0x8000e130 (0xec3f2a23) sw      gp, -300(t5)
core   0: 3 0x8000e130 (0xec3f2a23) mem 0x8000f000 0x00000001
core   0: 0x8000e134 (0xff9ff06f) j       pc - 0x8
core   0: 3 0x8000e134 (0xff9ff06f)
core   0: 0x8000e12c (0x00001f17) auipc   t5, 0x1
core   0: 3 0x8000e12c (0x00001f17) x30 0x8000f12c
core   0: 0x8000e130 (0xec3f2a23) sw      gp, -300(t5)
core   0: 3 0x8000e130 (0xec3f2a23) mem 0x8000f000 0x00000001
core   0: 0x8000e134 (0xff9ff06f) j       pc - 0x8
core   0: 3 0x8000e134 (0xff9ff06f)
core   0: 0x8000e12c (0x00001f17) auipc   t5, 0x1
core   0: 3 0x8000e12c (0x00001f17) x30 0x8000f12c
core   0: 0x8000e130 (0xec3f2a23) sw      gp, -300(t5)
core   0: 3 0x8000e130 (0xec3f2a23) mem 0x8000f000 0x00000001
core   0: 0x8000e134 (0xff9ff06f) j       pc - 0x8
core   0: 3 0x8000e134 (0xff9ff06f)
core   0: 0x8000e12c (0x00001f17) auipc   t5, 0x1
core   0: 3 0x8000e12c (0x00001f17) x30 0x8000f12c
core   0: 0x8000e130 (0xec3f2a23) sw      gp, -300(t5)
core   0: 3 0x8000e130 (0xec3f2a23) mem 0x8000f000 0x00000001
core   0: 0x8000e134 (0xff9ff06f) j       pc - 0x8
core   0: 3 0x8000e134 (0xff9ff06f)
core   0: 0x8000e12c (0x00001f17) auipc   t5, 0x1
core   0: 3 0x8000e12c (0x00001f17) x30 0x8000f12c
core   0: 0x8000e130 (0xec3f2a23) sw      gp, -300(t5)
core   0: 3 0x8000e130 (0xec3f2a23) mem 0x8000f000 0x00000001
core   0: 0x8000e134 (0xff9ff06f) j       pc - 0x8
core   0: 3 0x8000e134 (0xff9ff06f)
core   0: 0x8000e12c (0x00001f17) auipc   t5, 0x1
core   0: 3 0x8000e12c (0x00001f17) x30 0x8000f12c
core   0: 0x8000e130 (0xec3f2a23) sw      gp, -300(t5)
core   0: 3 0x8000e130 (0xec3f2a23) mem 0x8000f000 0x00000001
core   0: 0x8000e134 (0xff9ff06f) j       pc - 0x8
core   0: 3 0x8000e134 (0xff9ff06f)
core   0: 0x8000e12c (0x00001f17) auipc   t5, 0x1
core   0: 3 0x8000e12c (0x00001f17) x30 0x8000f12c
core   0: 0x8000e130 (0xec3f2a23) sw      gp, -300(t5)
core   0: 3 0x8000e130 (0xec3f2a23) mem 0x8000f000 0x00000001
core   0: 0x8000e134 (0xff9ff06f) j       pc - 0x8
core   0: 3 0x8000e134 (0xff9ff06f)
core   0: 0x8000e12c (0x00001f17) auipc   t5, 0x1
core   0: 3 0x8000e12c (0x00001f17) x30 0x8000f12c
core   0: 0x8000e130 (0xec3f2a23) sw      gp, -300(t5)
core   0: 3 0x8000e130 (0xec3f2a23) mem 0x8000f000 0x00000001
core   0: 0x8000e134 (0xff9ff06f) j       pc - 0x8
core   0: 3 0x8000e134 (0xff9ff06f)
core   0: 0x8000e12c (0x00001f17) auipc   t5, 0x1
core   0: 3 0x8000e12c (0x00001f17) x30 0x8000f12c
core   0: 0x8000e130 (0xec3f2a23) sw      gp, -300(t5)
core   0: 3 0x8000e130 (0xec3f2a23) mem 0x8000f000 0x00000001
core   0: 0x8000e134 (0xff9ff06f) j       pc - 0x8
core   0: 3 0x8000e134 (0xff9ff06f)
core   0: 0x8000e12c (0x00001f17) auipc   t5, 0x1
core   0: 3 0x8000e12c (0x00001f17) x30 0x8000f12c
core   0: 0x8000e130 (0xec3f2a23) sw      gp, -300(t5)
core   0: 3 0x8000e130 (0xec3f2a23) mem 0x8000f000 0x00000001
core   0: 0x8000e134 (0xff9ff06f) j       pc - 0x8
core   0: 3 0x8000e134 (0xff9ff06f)
core   0: 0x8000e12c (0x00001f17) auipc   t5, 0x1
core   0: 3 0x8000e12c (0x00001f17) x30 0x8000f12c
core   0: 0x8000e130 (0xec3f2a23) sw      gp, -300(t5)
core   0: 3 0x8000e130 (0xec3f2a23) mem 0x8000f000 0x00000001
core   0: 0x8000e134 (0xff9ff06f) j       pc - 0x8
core   0: 3 0x8000e134 (0xff9ff06f)
core   0: 0x8000e12c (0x00001f17) auipc   t5, 0x1
core   0: 3 0x8000e12c (0x00001f17) x30 0x8000f12c
core   0: 0x8000e130 (0xec3f2a23) sw      gp, -300(t5)
core   0: 3 0x8000e130 (0xec3f2a23) mem 0x8000f000 0x00000001
core   0: 0x8000e134 (0xff9ff06f) j       pc - 0x8
core   0: 3 0x8000e134 (0xff9ff06f)
core   0: 0x8000e12c (0x00001f17) auipc   t5, 0x1
core   0: 3 0x8000e12c (0x00001f17) x30 0x8000f12c
core   0: 0x8000e130 (0xec3f2a23) sw      gp, -300(t5)
core   0: 3 0x8000e130 (0xec3f2a23) mem 0x8000f000 0x00000001
core   0: 0x8000e134 (0xff9ff06f) j       pc - 0x8
core   0: 3 0x8000e134 (0xff9ff06f)
core   0: 0x8000e12c (0x00001f17) auipc   t5, 0x1
core   0: 3 0x8000e12c (0x00001f17) x30 0x8000f12c
core   0: 0x8000e130 (0xec3f2a23) sw      gp, -300(t5)
core   0: 3 0x8000e130 (0xec3f2a23) mem 0x8000f000 0x00000001
core   0: 0x8000e134 (0xff9ff06f) j       pc - 0x8
core   0: 3 0x8000e134 (0xff9ff06f)
core   0: 0x8000e12c (0x00001f17) auipc   t5, 0x1
core   0: 3 0x8000e12c (0x00001f17) x30 0x8000f12c
core   0: 0x8000e130 (0xec3f2a23) sw      gp, -300(t5)
core   0: 3 0x8000e130 (0xec3f2a23) mem 0x8000f000 0x00000001
core   0: 0x8000e134 (0xff9ff06f) j       pc - 0x8
core   0: 3 0x8000e134 (0xff9ff06f)
core   0: 0x8000e12c (0x00001f17) auipc   t5, 0x1
core   0: 3 0x8000e12c (0x00001f17) x30 0x8000f12c
core   0: 0x8000e130 (0xec3f2a23) sw      gp, -300(t5)
core   0: 3 0x8000e130 (0xec3f2a23) mem 0x8000f000 0x00000001
core   0: 0x8000e134 (0xff9ff06f) j       pc - 0x8
core   0: 3 0x8000e134 (0xff9ff06f)
core   0: 0x8000e12c (0x00001f17) auipc   t5, 0x1
core   0: 3 0x8000e12c (0x00001f17) x30 0x8000f12c
core   0: 0x8000e130 (0xec3f2a23) sw      gp, -300(t5)
core   0: 3 0x8000e130 (0xec3f2a23) mem 0x8000f000 0x00000001
core   0: 0x8000e134 (0xff9ff06f) j       pc - 0x8
core   0: 3 0x8000e134 (0xff9ff06f)
core   0: 0x8000e12c (0x00001f17) auipc   t5, 0x1
core   0: 3 0x8000e12c (0x00001f17) x30 0x8000f12c
core   0: 0x8000e130 (0xec3f2a23) sw      gp, -300(t5)
core   0: 3 0x8000e130 (0xec3f2a23) mem 0x8000f000 0x00000001
core   0: 0x8000e134 (0xff9ff06f) j       pc - 0x8
core   0: 3 0x8000e134 (0xff9ff06f)
core   0: 0x8000e12c (0x00001f17) auipc   t5, 0x1
core   0: 3 0x8000e12c (0x00001f17) x30 0x8000f12c
core   0: 0x8000e130 (0xec3f2a23) sw      gp, -300(t5)
core   0: 3 0x8000e130 (0xec3f2a23) mem 0x8000f000 0x00000001
core   0: 0x8000e134 (0xff9ff06f) j       pc - 0x8
core   0: 3 0x8000e134 (0xff9ff06f)
core   0: 0x8000e12c (0x00001f17) auipc   t5, 0x1
core   0: 3 0x8000e12c (0x00001f17) x30 0x8000f12c
core   0: 0x8000e130 (0xec3f2a23) sw      gp, -300(t5)
core   0: 3 0x8000e130 (0xec3f2a23) mem 0x8000f000 0x00000001
core   0: 0x8000e134 (0xff9ff06f) j       pc - 0x8
core   0: 3 0x8000e134 (0xff9ff06f)
core   0: 0x8000e12c (0x00001f17) auipc   t5, 0x1
core   0: 3 0x8000e12c (0x00001f17) x30 0x8000f12c
core   0: 0x8000e130 (0xec3f2a23) sw      gp, -300(t5)
core   0: 3 0x8000e130 (0xec3f2a23) mem 0x8000f000 0x00000001
core   0: 0x8000e134 (0xff9ff06f) j       pc - 0x8
core   0: 3 0x8000e134 (0xff9ff06f)
core   0: 0x8000e12c (0x00001f17) auipc   t5, 0x1
core   0: 3 0x8000e12c (0x00001f17) x30 0x8000f12c
core   0: 0x8000e130 (0xec3f2a23) sw      gp, -300(t5)
core   0: 3 0x8000e130 (0xec3f2a23) mem 0x8000f000 0x00000001
core   0: 0x8000e134 (0xff9ff06f) j       pc - 0x8
core   0: 3 0x8000e134 (0xff9ff06f)
core   0: 0x8000e12c (0x00001f17) auipc   t5, 0x1
core   0: 3 0x8000e12c (0x00001f17) x30 0x8000f12c
core   0: 0x8000e130 (0xec3f2a23) sw      gp, -300(t5)
core   0: 3 0x8000e130 (0xec3f2a23) mem 0x8000f000 0x00000001
core   0: 0x8000e134 (0xff9ff06f) j       pc - 0x8
core   0: 3 0x8000e134 (0xff9ff06f)
core   0: 0x8000e12c (0x00001f17) auipc   t5, 0x1
core   0: 3 0x8000e12c (0x00001f17) x30 0x8000f12c
core   0: 0x8000e130 (0xec3f2a23) sw      gp, -300(t5)
core   0: 3 0x8000e130 (0xec3f2a23) mem 0x8000f000 0x00000001
core   0: 0x8000e134 (0xff9ff06f) j       pc - 0x8
core   0: 3 0x8000e134 (0xff9ff06f)
core   0: 0x8000e12c (0x00001f17) auipc   t5, 0x1
core   0: 3 0x8000e12c (0x00001f17) x30 0x8000f12c
core   0: 0x8000e130 (0xec3f2a23) sw      gp, -300(t5)
core   0: 3 0x8000e130 (0xec3f2a23) mem 0x8000f000 0x00000001
core   0: 0x8000e134 (0xff9ff06f) j       pc - 0x8
core   0: 3 0x8000e134 (0xff9ff06f)
core   0: 0x8000e12c (0x00001f17) auipc   t5, 0x1
core   0: 3 0x8000e12c (0x00001f17) x30 0x8000f12c
core   0: 0x8000e130 (0xec3f2a23) sw      gp, -300(t5)
core   0: 3 0x8000e130 (0xec3f2a23) mem 0x8000f000 0x00000001
core   0: 0x8000e134 (0xff9ff06f) j       pc - 0x8
core   0: 3 0x8000e134 (0xff9ff06f)
core   0: 0x8000e12c (0x00001f17) auipc   t5, 0x1
core   0: 3 0x8000e12c (0x00001f17) x30 0x8000f12c
core   0: 0x8000e130 (0xec3f2a23) sw      gp, -300(t5)
core   0: 3 0x8000e130 (0xec3f2a23) mem 0x8000f000 0x00000001
core   0: 0x8000e134 (0xff9ff06f) j       pc - 0x8
core   0: 3 0x8000e134 (0xff9ff06f)
core   0: 0x8000e12c (0x00001f17) auipc   t5, 0x1
core   0: 3 0x8000e12c (0x00001f17) x30 0x8000f12c
core   0: 0x8000e130 (0xec3f2a23) sw      gp, -300(t5)
core   0: 3 0x8000e130 (0xec3f2a23) mem 0x8000f000 0x00000001
core   0: 0x8000e134 (0xff9ff06f) j       pc - 0x8
core   0: 3 0x8000e134 (0xff9ff06f)
core   0: 0x8000e12c (0x00001f17) auipc   t5, 0x1
core   0: 3 0x8000e12c (0x00001f17) x30 0x8000f12c
core   0: 0x8000e130 (0xec3f2a23) sw      gp, -300(t5)
core   0: 3 0x8000e130 (0xec3f2a23) mem 0x8000f000 0x00000001
core   0: 0x8000e134 (0xff9ff06f) j       pc - 0x8
core   0: 3 0x8000e134 (0xff9ff06f)
core   0: 0x8000e12c (0x00001f17) auipc   t5, 0x1
core   0: 3 0x8000e12c (0x00001f17) x30 0x8000f12c
core   0: 0x8000e130 (0xec3f2a23) sw      gp, -300(t5)
core   0: 3 0x8000e130 (0xec3f2a23) mem 0x8000f000 0x00000001
core   0: 0x8000e134 (0xff9ff06f) j       pc - 0x8
core   0: 3 0x8000e134 (0xff9ff06f)
core   0: 0x8000e12c (0x00001f17) auipc   t5, 0x1
core   0: 3 0x8000e12c (0x00001f17) x30 0x8000f12c
core   0: 0x8000e130 (0xec3f2a23) sw      gp, -300(t5)
core   0: 3 0x8000e130 (0xec3f2a23) mem 0x8000f000 0x00000001
core   0: 0x8000e134 (0xff9ff06f) j       pc - 0x8
core   0: 3 0x8000e134 (0xff9ff06f)
core   0: 0x8000e12c (0x00001f17) auipc   t5, 0x1
core   0: 3 0x8000e12c (0x00001f17) x30 0x8000f12c
core   0: 0x8000e130 (0xec3f2a23) sw      gp, -300(t5)
core   0: 3 0x8000e130 (0xec3f2a23) mem 0x8000f000 0x00000001
core   0: 0x8000e134 (0xff9ff06f) j       pc - 0x8
core   0: 3 0x8000e134 (0xff9ff06f)
core   0: 0x8000e12c (0x00001f17) auipc   t5, 0x1
core   0: 3 0x8000e12c (0x00001f17) x30 0x8000f12c
core   0: 0x8000e130 (0xec3f2a23) sw      gp, -300(t5)
core   0: 3 0x8000e130 (0xec3f2a23) mem 0x8000f000 0x00000001
core   0: 0x8000e134 (0xff9ff06f) j       pc - 0x8
core   0: 3 0x8000e134 (0xff9ff06f)
core   0: 0x8000e12c (0x00001f17) auipc   t5, 0x1
core   0: 3 0x8000e12c (0x00001f17) x30 0x8000f12c
core   0: 0x8000e130 (0xec3f2a23) sw      gp, -300(t5)
core   0: 3 0x8000e130 (0xec3f2a23) mem 0x8000f000 0x00000001
core   0: 0x8000e134 (0xff9ff06f) j       pc - 0x8
core   0: 3 0x8000e134 (0xff9ff06f)
core   0: 0x8000e12c (0x00001f17) auipc   t5, 0x1
core   0: 3 0x8000e12c (0x00001f17) x30 0x8000f12c
core   0: 0x8000e130 (0xec3f2a23) sw      gp, -300(t5)
core   0: 3 0x8000e130 (0xec3f2a23) mem 0x8000f000 0x00000001
core   0: 0x8000e134 (0xff9ff06f) j       pc - 0x8
core   0: 3 0x8000e134 (0xff9ff06f)
core   0: 0x8000e12c (0x00001f17) auipc   t5, 0x1
core   0: 3 0x8000e12c (0x00001f17) x30 0x8000f12c
core   0: 0x8000e130 (0xec3f2a23) sw      gp, -300(t5)
core   0: 3 0x8000e130 (0xec3f2a23) mem 0x8000f000 0x00000001
core   0: 0x8000e134 (0xff9ff06f) j       pc - 0x8
core   0: 3 0x8000e134 (0xff9ff06f)
core   0: 0x8000e12c (0x00001f17) auipc   t5, 0x1
core   0: 3 0x8000e12c (0x00001f17) x30 0x8000f12c
core   0: 0x8000e130 (0xec3f2a23) sw      gp, -300(t5)
core   0: 3 0x8000e130 (0xec3f2a23) mem 0x8000f000 0x00000001
core   0: 0x8000e134 (0xff9ff06f) j       pc - 0x8
core   0: 3 0x8000e134 (0xff9ff06f)
core   0: 0x8000e12c (0x00001f17) auipc   t5, 0x1
core   0: 3 0x8000e12c (0x00001f17) x30 0x8000f12c
core   0: 0x8000e130 (0xec3f2a23) sw      gp, -300(t5)
core   0: 3 0x8000e130 (0xec3f2a23) mem 0x8000f000 0x00000001
core   0: 0x8000e134 (0xff9ff06f) j       pc - 0x8
core   0: 3 0x8000e134 (0xff9ff06f)
core   0: 0x8000e12c (0x00001f17) auipc   t5, 0x1
core   0: 3 0x8000e12c (0x00001f17) x30 0x8000f12c
core   0: 0x8000e130 (0xec3f2a23) sw      gp, -300(t5)
core   0: 3 0x8000e130 (0xec3f2a23) mem 0x8000f000 0x00000001
core   0: 0x8000e134 (0xff9ff06f) j       pc - 0x8
core   0: 3 0x8000e134 (0xff9ff06f)
core   0: 0x8000e12c (0x00001f17) auipc   t5, 0x1
core   0: 3 0x8000e12c (0x00001f17) x30 0x8000f12c
core   0: 0x8000e130 (0xec3f2a23) sw      gp, -300(t5)
core   0: 3 0x8000e130 (0xec3f2a23) mem 0x8000f000 0x00000001
core   0: 0x8000e134 (0xff9ff06f) j       pc - 0x8
core   0: 3 0x8000e134 (0xff9ff06f)
core   0: 0x8000e12c (0x00001f17) auipc   t5, 0x1
core   0: 3 0x8000e12c (0x00001f17) x30 0x8000f12c
core   0: 0x8000e130 (0xec3f2a23) sw      gp, -300(t5)
core   0: 3 0x8000e130 (0xec3f2a23) mem 0x8000f000 0x00000001
core   0: 0x8000e134 (0xff9ff06f) j       pc - 0x8
core   0: 3 0x8000e134 (0xff9ff06f)
core   0: 0x8000e12c (0x00001f17) auipc   t5, 0x1
core   0: 3 0x8000e12c (0x00001f17) x30 0x8000f12c
core   0: 0x8000e130 (0xec3f2a23) sw      gp, -300(t5)
core   0: 3 0x8000e130 (0xec3f2a23) mem 0x8000f000 0x00000001
core   0: 0x8000e134 (0xff9ff06f) j       pc - 0x8
core   0: 3 0x8000e134 (0xff9ff06f)
core   0: 0x8000e12c (0x00001f17) auipc   t5, 0x1
core   0: 3 0x8000e12c (0x00001f17) x30 0x8000f12c
core   0: 0x8000e130 (0xec3f2a23) sw      gp, -300(t5)
core   0: 3 0x8000e130 (0xec3f2a23) mem 0x8000f000 0x00000001
core   0: 0x8000e134 (0xff9ff06f) j       pc - 0x8
core   0: 3 0x8000e134 (0xff9ff06f)
core   0: 0x8000e12c (0x00001f17) auipc   t5, 0x1
core   0: 3 0x8000e12c (0x00001f17) x30 0x8000f12c
core   0: 0x8000e130 (0xec3f2a23) sw      gp, -300(t5)
core   0: 3 0x8000e130 (0xec3f2a23) mem 0x8000f000 0x00000001
core   0: 0x8000e134 (0xff9ff06f) j       pc - 0x8
core   0: 3 0x8000e134 (0xff9ff06f)
core   0: 0x8000e12c (0x00001f17) auipc   t5, 0x1
core   0: 3 0x8000e12c (0x00001f17) x30 0x8000f12c
core   0: 0x8000e130 (0xec3f2a23) sw      gp, -300(t5)
core   0: 3 0x8000e130 (0xec3f2a23) mem 0x8000f000 0x00000001
core   0: 0x8000e134 (0xff9ff06f) j       pc - 0x8
core   0: 3 0x8000e134 (0xff9ff06f)
core   0: 0x8000e12c (0x00001f17) auipc   t5, 0x1
core   0: 3 0x8000e12c (0x00001f17) x30 0x8000f12c
core   0: 0x8000e130 (0xec3f2a23) sw      gp, -300(t5)
core   0: 3 0x8000e130 (0xec3f2a23) mem 0x8000f000 0x00000001
core   0: 0x8000e134 (0xff9ff06f) j       pc - 0x8
core   0: 3 0x8000e134 (0xff9ff06f)
core   0: 0x8000e12c (0x00001f17) auipc   t5, 0x1
core   0: 3 0x8000e12c (0x00001f17) x30 0x8000f12c
core   0: 0x8000e130 (0xec3f2a23) sw      gp, -300(t5)
core   0: 3 0x8000e130 (0xec3f2a23) mem 0x8000f000 0x00000001
core   0: 0x8000e134 (0xff9ff06f) j       pc - 0x8
core   0: 3 0x8000e134 (0xff9ff06f)
core   0: 0x8000e12c (0x00001f17) auipc   t5, 0x1
core   0: 3 0x8000e12c (0x00001f17) x30 0x8000f12c
core   0: 0x8000e130 (0xec3f2a23) sw      gp, -300(t5)
core   0: 3 0x8000e130 (0xec3f2a23) mem 0x8000f000 0x00000001
core   0: 0x8000e134 (0xff9ff06f) j       pc - 0x8
core   0: 3 0x8000e134 (0xff9ff06f)
core   0: 0x8000e12c (0x00001f17) auipc   t5, 0x1
core   0: 3 0x8000e12c (0x00001f17) x30 0x8000f12c
core   0: 0x8000e130 (0xec3f2a23) sw      gp, -300(t5)
core   0: 3 0x8000e130 (0xec3f2a23) mem 0x8000f000 0x00000001
core   0: 0x8000e134 (0xff9ff06f) j       pc - 0x8
core   0: 3 0x8000e134 (0xff9ff06f)
core   0: 0x8000e12c (0x00001f17) auipc   t5, 0x1
core   0: 3 0x8000e12c (0x00001f17) x30 0x8000f12c
core   0: 0x8000e130 (0xec3f2a23) sw      gp, -300(t5)
core   0: 3 0x8000e130 (0xec3f2a23) mem 0x8000f000 0x00000001
core   0: 0x8000e134 (0xff9ff06f) j       pc - 0x8
core   0: 3 0x8000e134 (0xff9ff06f)
core   0: 0x8000e12c (0x00001f17) auipc   t5, 0x1
core   0: 3 0x8000e12c (0x00001f17) x30 0x8000f12c
core   0: 0x8000e130 (0xec3f2a23) sw      gp, -300(t5)
core   0: 3 0x8000e130 (0xec3f2a23) mem 0x8000f000 0x00000001
core   0: 0x8000e134 (0xff9ff06f) j       pc - 0x8
core   0: 3 0x8000e134 (0xff9ff06f)
core   0: 0x8000e12c (0x00001f17) auipc   t5, 0x1
core   0: 3 0x8000e12c (0x00001f17) x30 0x8000f12c
core   0: 0x8000e130 (0xec3f2a23) sw      gp, -300(t5)
core   0: 3 0x8000e130 (0xec3f2a23) mem 0x8000f000 0x00000001
core   0: 0x8000e134 (0xff9ff06f) j       pc - 0x8
core   0: 3 0x8000e134 (0xff9ff06f)
core   0: 0x8000e12c (0x00001f17) auipc   t5, 0x1
core   0: 3 0x8000e12c (0x00001f17) x30 0x8000f12c
core   0: 0x8000e130 (0xec3f2a23) sw      gp, -300(t5)
core   0: 3 0x8000e130 (0xec3f2a23) mem 0x8000f000 0x00000001
core   0: 0x8000e134 (0xff9ff06f) j       pc - 0x8
core   0: 3 0x8000e134 (0xff9ff06f)
core   0: 0x8000e12c (0x00001f17) auipc   t5, 0x1
core   0: 3 0x8000e12c (0x00001f17) x30 0x8000f12c
core   0: 0x8000e130 (0xec3f2a23) sw      gp, -300(t5)
core   0: 3 0x8000e130 (0xec3f2a23) mem 0x8000f000 0x00000001
core   0: 0x8000e134 (0xff9ff06f) j       pc - 0x8
core   0: 3 0x8000e134 (0xff9ff06f)
core   0: 0x8000e12c (0x00001f17) auipc   t5, 0x1
core   0: 3 0x8000e12c (0x00001f17) x30 0x8000f12c
core   0: 0x8000e130 (0xec3f2a23) sw      gp, -300(t5)
core   0: 3 0x8000e130 (0xec3f2a23) mem 0x8000f000 0x00000001
core   0: 0x8000e134 (0xff9ff06f) j       pc - 0x8
core   0: 3 0x8000e134 (0xff9ff06f)
core   0: 0x8000e12c (0x00001f17) auipc   t5, 0x1
core   0: 3 0x8000e12c (0x00001f17) x30 0x8000f12c
core   0: 0x8000e130 (0xec3f2a23) sw      gp, -300(t5)
core   0: 3 0x8000e130 (0xec3f2a23) mem 0x8000f000 0x00000001
core   0: 0x8000e134 (0xff9ff06f) j       pc - 0x8
core   0: 3 0x8000e134 (0xff9ff06f)
core   0: 0x8000e12c (0x00001f17) auipc   t5, 0x1
core   0: 3 0x8000e12c (0x00001f17) x30 0x8000f12c
core   0: 0x8000e130 (0xec3f2a23) sw      gp, -300(t5)
core   0: 3 0x8000e130 (0xec3f2a23) mem 0x8000f000 0x00000001
core   0: 0x8000e134 (0xff9ff06f) j       pc - 0x8
core   0: 3 0x8000e134 (0xff9ff06f)
core   0: 0x8000e12c (0x00001f17) auipc   t5, 0x1
core   0: 3 0x8000e12c (0x00001f17) x30 0x8000f12c
core   0: 0x8000e130 (0xec3f2a23) sw      gp, -300(t5)
core   0: 3 0x8000e130 (0xec3f2a23) mem 0x8000f000 0x00000001
core   0: 0x8000e134 (0xff9ff06f) j       pc - 0x8
core   0: 3 0x8000e134 (0xff9ff06f)
core   0: 0x8000e12c (0x00001f17) auipc   t5, 0x1
core   0: 3 0x8000e12c (0x00001f17) x30 0x8000f12c
core   0: 0x8000e130 (0xec3f2a23) sw      gp, -300(t5)
core   0: 3 0x8000e130 (0xec3f2a23) mem 0x8000f000 0x00000001
core   0: 0x8000e134 (0xff9ff06f) j       pc - 0x8
core   0: 3 0x8000e134 (0xff9ff06f)
core   0: 0x8000e12c (0x00001f17) auipc   t5, 0x1
core   0: 3 0x8000e12c (0x00001f17) x30 0x8000f12c
core   0: 0x8000e130 (0xec3f2a23) sw      gp, -300(t5)
core   0: 3 0x8000e130 (0xec3f2a23) mem 0x8000f000 0x00000001
core   0: 0x8000e134 (0xff9ff06f) j       pc - 0x8
core   0: 3 0x8000e134 (0xff9ff06f)
core   0: 0x8000e12c (0x00001f17) auipc   t5, 0x1
core   0: 3 0x8000e12c (0x00001f17) x30 0x8000f12c
core   0: 0x8000e130 (0xec3f2a23) sw      gp, -300(t5)
core   0: 3 0x8000e130 (0xec3f2a23) mem 0x8000f000 0x00000001
core   0: 0x8000e134 (0xff9ff06f) j       pc - 0x8
core   0: 3 0x8000e134 (0xff9ff06f)
core   0: 0x8000e12c (0x00001f17) auipc   t5, 0x1
core   0: 3 0x8000e12c (0x00001f17) x30 0x8000f12c
core   0: 0x8000e130 (0xec3f2a23) sw      gp, -300(t5)
core   0: 3 0x8000e130 (0xec3f2a23) mem 0x8000f000 0x00000001
core   0: 0x8000e134 (0xff9ff06f) j       pc - 0x8
core   0: 3 0x8000e134 (0xff9ff06f)
core   0: 0x8000e12c (0x00001f17) auipc   t5, 0x1
core   0: 3 0x8000e12c (0x00001f17) x30 0x8000f12c
core   0: 0x8000e130 (0xec3f2a23) sw      gp, -300(t5)
core   0: 3 0x8000e130 (0xec3f2a23) mem 0x8000f000 0x00000001
core   0: 0x8000e134 (0xff9ff06f) j       pc - 0x8
core   0: 3 0x8000e134 (0xff9ff06f)
core   0: 0x8000e12c (0x00001f17) auipc   t5, 0x1
core   0: 3 0x8000e12c (0x00001f17) x30 0x8000f12c
core   0: 0x8000e130 (0xec3f2a23) sw      gp, -300(t5)
core   0: 3 0x8000e130 (0xec3f2a23) mem 0x8000f000 0x00000001
core   0: 0x8000e134 (0xff9ff06f) j       pc - 0x8
core   0: 3 0x8000e134 (0xff9ff06f)
core   0: 0x8000e12c (0x00001f17) auipc   t5, 0x1
core   0: 3 0x8000e12c (0x00001f17) x30 0x8000f12c
core   0: 0x8000e130 (0xec3f2a23) sw      gp, -300(t5)
core   0: 3 0x8000e130 (0xec3f2a23) mem 0x8000f000 0x00000001
core   0: 0x8000e134 (0xff9ff06f) j       pc - 0x8
core   0: 3 0x8000e134 (0xff9ff06f)
core   0: 0x8000e12c (0x00001f17) auipc   t5, 0x1
core   0: 3 0x8000e12c (0x00001f17) x30 0x8000f12c
core   0: 0x8000e130 (0xec3f2a23) sw      gp, -300(t5)
core   0: 3 0x8000e130 (0xec3f2a23) mem 0x8000f000 0x00000001
core   0: 0x8000e134 (0xff9ff06f) j       pc - 0x8
core   0: 3 0x8000e134 (0xff9ff06f)
core   0: 0x8000e12c (0x00001f17) auipc   t5, 0x1
core   0: 3 0x8000e12c (0x00001f17) x30 0x8000f12c
core   0: 0x8000e130 (0xec3f2a23) sw      gp, -300(t5)
core   0: 3 0x8000e130 (0xec3f2a23) mem 0x8000f000 0x00000001
core   0: 0x8000e134 (0xff9ff06f) j       pc - 0x8
core   0: 3 0x8000e134 (0xff9ff06f)
core   0: 0x8000e12c (0x00001f17) auipc   t5, 0x1
core   0: 3 0x8000e12c (0x00001f17) x30 0x8000f12c
core   0: 0x8000e130 (0xec3f2a23) sw      gp, -300(t5)
core   0: 3 0x8000e130 (0xec3f2a23) mem 0x8000f000 0x00000001
core   0: 0x8000e134 (0xff9ff06f) j       pc - 0x8
core   0: 3 0x8000e134 (0xff9ff06f)
core   0: 0x8000e12c (0x00001f17) auipc   t5, 0x1
core   0: 3 0x8000e12c (0x00001f17) x30 0x8000f12c
core   0: 0x8000e130 (0xec3f2a23) sw      gp, -300(t5)
core   0: 3 0x8000e130 (0xec3f2a23) mem 0x8000f000 0x00000001
core   0: 0x8000e134 (0xff9ff06f) j       pc - 0x8
core   0: 3 0x8000e134 (0xff9ff06f)
core   0: 0x8000e12c (0x00001f17) auipc   t5, 0x1
core   0: 3 0x8000e12c (0x00001f17) x30 0x8000f12c
core   0: 0x8000e130 (0xec3f2a23) sw      gp, -300(t5)
core   0: 3 0x8000e130 (0xec3f2a23) mem 0x8000f000 0x00000001
core   0: 0x8000e134 (0xff9ff06f) j       pc - 0x8
core   0: 3 0x8000e134 (0xff9ff06f)
core   0: 0x8000e12c (0x00001f17) auipc   t5, 0x1
core   0: 3 0x8000e12c (0x00001f17) x30 0x8000f12c
core   0: 0x8000e130 (0xec3f2a23) sw      gp, -300(t5)
core   0: 3 0x8000e130 (0xec3f2a23) mem 0x8000f000 0x00000001
core   0: 0x8000e134 (0xff9ff06f) j       pc - 0x8
core   0: 3 0x8000e134 (0xff9ff06f)
core   0: 0x8000e12c (0x00001f17) auipc   t5, 0x1
core   0: 3 0x8000e12c (0x00001f17) x30 0x8000f12c
core   0: 0x8000e130 (0xec3f2a23) sw      gp, -300(t5)
core   0: 3 0x8000e130 (0xec3f2a23) mem 0x8000f000 0x00000001
core   0: 0x8000e134 (0xff9ff06f) j       pc - 0x8
core   0: 3 0x8000e134 (0xff9ff06f)
core   0: 0x8000e12c (0x00001f17) auipc   t5, 0x1
core   0: 3 0x8000e12c (0x00001f17) x30 0x8000f12c
core   0: 0x8000e130 (0xec3f2a23) sw      gp, -300(t5)
core   0: 3 0x8000e130 (0xec3f2a23) mem 0x8000f000 0x00000001
core   0: 0x8000e134 (0xff9ff06f) j       pc - 0x8
core   0: 3 0x8000e134 (0xff9ff06f)
core   0: 0x8000e12c (0x00001f17) auipc   t5, 0x1
core   0: 3 0x8000e12c (0x00001f17) x30 0x8000f12c
core   0: 0x8000e130 (0xec3f2a23) sw      gp, -300(t5)
core   0: 3 0x8000e130 (0xec3f2a23) mem 0x8000f000 0x00000001
core   0: 0x8000e134 (0xff9ff06f) j       pc - 0x8
core   0: 3 0x8000e134 (0xff9ff06f)
core   0: 0x8000e12c (0x00001f17) auipc   t5, 0x1
core   0: 3 0x8000e12c (0x00001f17) x30 0x8000f12c
core   0: 0x8000e130 (0xec3f2a23) sw      gp, -300(t5)
core   0: 3 0x8000e130 (0xec3f2a23) mem 0x8000f000 0x00000001
core   0: 0x8000e134 (0xff9ff06f) j       pc - 0x8
core   0: 3 0x8000e134 (0xff9ff06f)
core   0: 0x8000e12c (0x00001f17) auipc   t5, 0x1
core   0: 3 0x8000e12c (0x00001f17) x30 0x8000f12c
core   0: 0x8000e130 (0xec3f2a23) sw      gp, -300(t5)
core   0: 3 0x8000e130 (0xec3f2a23) mem 0x8000f000 0x00000001
core   0: 0x8000e134 (0xff9ff06f) j       pc - 0x8
core   0: 3 0x8000e134 (0xff9ff06f)
core   0: 0x8000e12c (0x00001f17) auipc   t5, 0x1
core   0: 3 0x8000e12c (0x00001f17) x30 0x8000f12c
core   0: 0x8000e130 (0xec3f2a23) sw      gp, -300(t5)
core   0: 3 0x8000e130 (0xec3f2a23) mem 0x8000f000 0x00000001
core   0: 0x8000e134 (0xff9ff06f) j       pc - 0x8
core   0: 3 0x8000e134 (0xff9ff06f)
core   0: 0x8000e12c (0x00001f17) auipc   t5, 0x1
core   0: 3 0x8000e12c (0x00001f17) x30 0x8000f12c
core   0: 0x8000e130 (0xec3f2a23) sw      gp, -300(t5)
core   0: 3 0x8000e130 (0xec3f2a23) mem 0x8000f000 0x00000001
core   0: 0x8000e134 (0xff9ff06f) j       pc - 0x8
core   0: 3 0x8000e134 (0xff9ff06f)
core   0: 0x8000e12c (0x00001f17) auipc   t5, 0x1
core   0: 3 0x8000e12c (0x00001f17) x30 0x8000f12c
core   0: 0x8000e130 (0xec3f2a23) sw      gp, -300(t5)
core   0: 3 0x8000e130 (0xec3f2a23) mem 0x8000f000 0x00000001
core   0: 0x8000e134 (0xff9ff06f) j       pc - 0x8
core   0: 3 0x8000e134 (0xff9ff06f)
core   0: 0x8000e12c (0x00001f17) auipc   t5, 0x1
core   0: 3 0x8000e12c (0x00001f17) x30 0x8000f12c
core   0: 0x8000e130 (0xec3f2a23) sw      gp, -300(t5)
core   0: 3 0x8000e130 (0xec3f2a23) mem 0x8000f000 0x00000001
core   0: 0x8000e134 (0xff9ff06f) j       pc - 0x8
core   0: 3 0x8000e134 (0xff9ff06f)
core   0: 0x8000e12c (0x00001f17) auipc   t5, 0x1
core   0: 3 0x8000e12c (0x00001f17) x30 0x8000f12c
core   0: 0x8000e130 (0xec3f2a23) sw      gp, -300(t5)
core   0: 3 0x8000e130 (0xec3f2a23) mem 0x8000f000 0x00000001
core   0: 0x8000e134 (0xff9ff06f) j       pc - 0x8
core   0: 3 0x8000e134 (0xff9ff06f)
core   0: 0x8000e12c (0x00001f17) auipc   t5, 0x1
core   0: 3 0x8000e12c (0x00001f17) x30 0x8000f12c
core   0: 0x8000e130 (0xec3f2a23) sw      gp, -300(t5)
core   0: 3 0x8000e130 (0xec3f2a23) mem 0x8000f000 0x00000001
core   0: 0x8000e134 (0xff9ff06f) j       pc - 0x8
core   0: 3 0x8000e134 (0xff9ff06f)
core   0: 0x8000e12c (0x00001f17) auipc   t5, 0x1
core   0: 3 0x8000e12c (0x00001f17) x30 0x8000f12c
core   0: 0x8000e130 (0xec3f2a23) sw      gp, -300(t5)
core   0: 3 0x8000e130 (0xec3f2a23) mem 0x8000f000 0x00000001
core   0: 0x8000e134 (0xff9ff06f) j       pc - 0x8
core   0: 3 0x8000e134 (0xff9ff06f)
core   0: 0x8000e12c (0x00001f17) auipc   t5, 0x1
core   0: 3 0x8000e12c (0x00001f17) x30 0x8000f12c
core   0: 0x8000e130 (0xec3f2a23) sw      gp, -300(t5)
core   0: 3 0x8000e130 (0xec3f2a23) mem 0x8000f000 0x00000001
core   0: 0x8000e134 (0xff9ff06f) j       pc - 0x8
core   0: 3 0x8000e134 (0xff9ff06f)
core   0: 0x8000e12c (0x00001f17) auipc   t5, 0x1
core   0: 3 0x8000e12c (0x00001f17) x30 0x8000f12c
core   0: 0x8000e130 (0xec3f2a23) sw      gp, -300(t5)
core   0: 3 0x8000e130 (0xec3f2a23) mem 0x8000f000 0x00000001
core   0: 0x8000e134 (0xff9ff06f) j       pc - 0x8
core   0: 3 0x8000e134 (0xff9ff06f)
core   0: 0x8000e12c (0x00001f17) auipc   t5, 0x1
core   0: 3 0x8000e12c (0x00001f17) x30 0x8000f12c
core   0: 0x8000e130 (0xec3f2a23) sw      gp, -300(t5)
core   0: 3 0x8000e130 (0xec3f2a23) mem 0x8000f000 0x00000001
core   0: 0x8000e134 (0xff9ff06f) j       pc - 0x8
core   0: 3 0x8000e134 (0xff9ff06f)
core   0: 0x8000e12c (0x00001f17) auipc   t5, 0x1
core   0: 3 0x8000e12c (0x00001f17) x30 0x8000f12c
core   0: 0x8000e130 (0xec3f2a23) sw      gp, -300(t5)
core   0: 3 0x8000e130 (0xec3f2a23) mem 0x8000f000 0x00000001
core   0: 0x8000e134 (0xff9ff06f) j       pc - 0x8
core   0: 3 0x8000e134 (0xff9ff06f)
core   0: 0x8000e12c (0x00001f17) auipc   t5, 0x1
core   0: 3 0x8000e12c (0x00001f17) x30 0x8000f12c
core   0: 0x8000e130 (0xec3f2a23) sw      gp, -300(t5)
core   0: 3 0x8000e130 (0xec3f2a23) mem 0x8000f000 0x00000001
core   0: 0x8000e134 (0xff9ff06f) j       pc - 0x8
core   0: 3 0x8000e134 (0xff9ff06f)
core   0: 0x8000e12c (0x00001f17) auipc   t5, 0x1
core   0: 3 0x8000e12c (0x00001f17) x30 0x8000f12c
core   0: 0x8000e130 (0xec3f2a23) sw      gp, -300(t5)
core   0: 3 0x8000e130 (0xec3f2a23) mem 0x8000f000 0x00000001
core   0: 0x8000e134 (0xff9ff06f) j       pc - 0x8
core   0: 3 0x8000e134 (0xff9ff06f)
core   0: 0x8000e12c (0x00001f17) auipc   t5, 0x1
core   0: 3 0x8000e12c (0x00001f17) x30 0x8000f12c
core   0: 0x8000e130 (0xec3f2a23) sw      gp, -300(t5)
core   0: 3 0x8000e130 (0xec3f2a23) mem 0x8000f000 0x00000001
core   0: 0x8000e134 (0xff9ff06f) j       pc - 0x8
core   0: 3 0x8000e134 (0xff9ff06f)
core   0: 0x8000e12c (0x00001f17) auipc   t5, 0x1
core   0: 3 0x8000e12c (0x00001f17) x30 0x8000f12c
core   0: 0x8000e130 (0xec3f2a23) sw      gp, -300(t5)
core   0: 3 0x8000e130 (0xec3f2a23) mem 0x8000f000 0x00000001
core   0: 0x8000e134 (0xff9ff06f) j       pc - 0x8
core   0: 3 0x8000e134 (0xff9ff06f)
core   0: 0x8000e12c (0x00001f17) auipc   t5, 0x1
core   0: 3 0x8000e12c (0x00001f17) x30 0x8000f12c
core   0: 0x8000e130 (0xec3f2a23) sw      gp, -300(t5)
core   0: 3 0x8000e130 (0xec3f2a23) mem 0x8000f000 0x00000001
core   0: 0x8000e134 (0xff9ff06f) j       pc - 0x8
core   0: 3 0x8000e134 (0xff9ff06f)
core   0: 0x8000e12c (0x00001f17) auipc   t5, 0x1
core   0: 3 0x8000e12c (0x00001f17) x30 0x8000f12c
core   0: 0x8000e130 (0xec3f2a23) sw      gp, -300(t5)
core   0: 3 0x8000e130 (0xec3f2a23) mem 0x8000f000 0x00000001
core   0: 0x8000e134 (0xff9ff06f) j       pc - 0x8
core   0: 3 0x8000e134 (0xff9ff06f)
core   0: 0x8000e12c (0x00001f17) auipc   t5, 0x1
core   0: 3 0x8000e12c (0x00001f17) x30 0x8000f12c
core   0: 0x8000e130 (0xec3f2a23) sw      gp, -300(t5)
core   0: 3 0x8000e130 (0xec3f2a23) mem 0x8000f000 0x00000001
core   0: 0x8000e134 (0xff9ff06f) j       pc - 0x8
core   0: 3 0x8000e134 (0xff9ff06f)
core   0: 0x8000e12c (0x00001f17) auipc   t5, 0x1
core   0: 3 0x8000e12c (0x00001f17) x30 0x8000f12c
core   0: 0x8000e130 (0xec3f2a23) sw      gp, -300(t5)
core   0: 3 0x8000e130 (0xec3f2a23) mem 0x8000f000 0x00000001
core   0: 0x8000e134 (0xff9ff06f) j       pc - 0x8
core   0: 3 0x8000e134 (0xff9ff06f)
core   0: 0x8000e12c (0x00001f17) auipc   t5, 0x1
core   0: 3 0x8000e12c (0x00001f17) x30 0x8000f12c
core   0: 0x8000e130 (0xec3f2a23) sw      gp, -300(t5)
core   0: 3 0x8000e130 (0xec3f2a23) mem 0x8000f000 0x00000001
core   0: 0x8000e134 (0xff9ff06f) j       pc - 0x8
core   0: 3 0x8000e134 (0xff9ff06f)
core   0: 0x8000e12c (0x00001f17) auipc   t5, 0x1
core   0: 3 0x8000e12c (0x00001f17) x30 0x8000f12c
core   0: 0x8000e130 (0xec3f2a23) sw      gp, -300(t5)
core   0: 3 0x8000e130 (0xec3f2a23) mem 0x8000f000 0x00000001
core   0: 0x8000e134 (0xff9ff06f) j       pc - 0x8
core   0: 3 0x8000e134 (0xff9ff06f)
core   0: 0x8000e12c (0x00001f17) auipc   t5, 0x1
core   0: 3 0x8000e12c (0x00001f17) x30 0x8000f12c
core   0: 0x8000e130 (0xec3f2a23) sw      gp, -300(t5)
core   0: 3 0x8000e130 (0xec3f2a23) mem 0x8000f000 0x00000001
core   0: 0x8000e134 (0xff9ff06f) j       pc - 0x8
core   0: 3 0x8000e134 (0xff9ff06f)
core   0: 0x8000e12c (0x00001f17) auipc   t5, 0x1
core   0: 3 0x8000e12c (0x00001f17) x30 0x8000f12c
core   0: 0x8000e130 (0xec3f2a23) sw      gp, -300(t5)
core   0: 3 0x8000e130 (0xec3f2a23) mem 0x8000f000 0x00000001
core   0: 0x8000e134 (0xff9ff06f) j       pc - 0x8
core   0: 3 0x8000e134 (0xff9ff06f)
core   0: 0x8000e12c (0x00001f17) auipc   t5, 0x1
core   0: 3 0x8000e12c (0x00001f17) x30 0x8000f12c
core   0: 0x8000e130 (0xec3f2a23) sw      gp, -300(t5)
core   0: 3 0x8000e130 (0xec3f2a23) mem 0x8000f000 0x00000001
core   0: 0x8000e134 (0xff9ff06f) j       pc - 0x8
core   0: 3 0x8000e134 (0xff9ff06f)
core   0: 0x8000e12c (0x00001f17) auipc   t5, 0x1
core   0: 3 0x8000e12c (0x00001f17) x30 0x8000f12c
core   0: 0x8000e130 (0xec3f2a23) sw      gp, -300(t5)
core   0: 3 0x8000e130 (0xec3f2a23) mem 0x8000f000 0x00000001
core   0: 0x8000e134 (0xff9ff06f) j       pc - 0x8
core   0: 3 0x8000e134 (0xff9ff06f)
core   0: 0x8000e12c (0x00001f17) auipc   t5, 0x1
core   0: 3 0x8000e12c (0x00001f17) x30 0x8000f12c
core   0: 0x8000e130 (0xec3f2a23) sw      gp, -300(t5)
core   0: 3 0x8000e130 (0xec3f2a23) mem 0x8000f000 0x00000001
core   0: 0x8000e134 (0xff9ff06f) j       pc - 0x8
core   0: 3 0x8000e134 (0xff9ff06f)
core   0: 0x8000e12c (0x00001f17) auipc   t5, 0x1
core   0: 3 0x8000e12c (0x00001f17) x30 0x8000f12c
core   0: 0x8000e130 (0xec3f2a23) sw      gp, -300(t5)
core   0: 3 0x8000e130 (0xec3f2a23) mem 0x8000f000 0x00000001
core   0: 0x8000e134 (0xff9ff06f) j       pc - 0x8
core   0: 3 0x8000e134 (0xff9ff06f)
core   0: 0x8000e12c (0x00001f17) auipc   t5, 0x1
core   0: 3 0x8000e12c (0x00001f17) x30 0x8000f12c
core   0: 0x8000e130 (0xec3f2a23) sw      gp, -300(t5)
core   0: 3 0x8000e130 (0xec3f2a23) mem 0x8000f000 0x00000001
core   0: 0x8000e134 (0xff9ff06f) j       pc - 0x8
core   0: 3 0x8000e134 (0xff9ff06f)
core   0: 0x8000e12c (0x00001f17) auipc   t5, 0x1
core   0: 3 0x8000e12c (0x00001f17) x30 0x8000f12c
core   0: 0x8000e130 (0xec3f2a23) sw      gp, -300(t5)
core   0: 3 0x8000e130 (0xec3f2a23) mem 0x8000f000 0x00000001
core   0: 0x8000e134 (0xff9ff06f) j       pc - 0x8
core   0: 3 0x8000e134 (0xff9ff06f)
core   0: 0x8000e12c (0x00001f17) auipc   t5, 0x1
core   0: 3 0x8000e12c (0x00001f17) x30 0x8000f12c
core   0: 0x8000e130 (0xec3f2a23) sw      gp, -300(t5)
core   0: 3 0x8000e130 (0xec3f2a23) mem 0x8000f000 0x00000001
core   0: 0x8000e134 (0xff9ff06f) j       pc - 0x8
core   0: 3 0x8000e134 (0xff9ff06f)
core   0: 0x8000e12c (0x00001f17) auipc   t5, 0x1
core   0: 3 0x8000e12c (0x00001f17) x30 0x8000f12c
core   0: 0x8000e130 (0xec3f2a23) sw      gp, -300(t5)
core   0: 3 0x8000e130 (0xec3f2a23) mem 0x8000f000 0x00000001
core   0: 0x8000e134 (0xff9ff06f) j       pc - 0x8
core   0: 3 0x8000e134 (0xff9ff06f)
core   0: 0x8000e12c (0x00001f17) auipc   t5, 0x1
core   0: 3 0x8000e12c (0x00001f17) x30 0x8000f12c
core   0: 0x8000e130 (0xec3f2a23) sw      gp, -300(t5)
core   0: 3 0x8000e130 (0xec3f2a23) mem 0x8000f000 0x00000001
core   0: 0x8000e134 (0xff9ff06f) j       pc - 0x8
core   0: 3 0x8000e134 (0xff9ff06f)
core   0: 0x8000e12c (0x00001f17) auipc   t5, 0x1
core   0: 3 0x8000e12c (0x00001f17) x30 0x8000f12c
core   0: 0x8000e130 (0xec3f2a23) sw      gp, -300(t5)
core   0: 3 0x8000e130 (0xec3f2a23) mem 0x8000f000 0x00000001
core   0: 0x8000e134 (0xff9ff06f) j       pc - 0x8
core   0: 3 0x8000e134 (0xff9ff06f)
core   0: 0x8000e12c (0x00001f17) auipc   t5, 0x1
core   0: 3 0x8000e12c (0x00001f17) x30 0x8000f12c
core   0: 0x8000e130 (0xec3f2a23) sw      gp, -300(t5)
core   0: 3 0x8000e130 (0xec3f2a23) mem 0x8000f000 0x00000001
core   0: 0x8000e134 (0xff9ff06f) j       pc - 0x8
core   0: 3 0x8000e134 (0xff9ff06f)
core   0: 0x8000e12c (0x00001f17) auipc   t5, 0x1
core   0: 3 0x8000e12c (0x00001f17) x30 0x8000f12c
core   0: 0x8000e130 (0xec3f2a23) sw      gp, -300(t5)
core   0: 3 0x8000e130 (0xec3f2a23) mem 0x8000f000 0x00000001
core   0: 0x8000e134 (0xff9ff06f) j       pc - 0x8
core   0: 3 0x8000e134 (0xff9ff06f)
core   0: 0x8000e12c (0x00001f17) auipc   t5, 0x1
core   0: 3 0x8000e12c (0x00001f17) x30 0x8000f12c
core   0: 0x8000e130 (0xec3f2a23) sw      gp, -300(t5)
core   0: 3 0x8000e130 (0xec3f2a23) mem 0x8000f000 0x00000001
core   0: 0x8000e134 (0xff9ff06f) j       pc - 0x8
core   0: 3 0x8000e134 (0xff9ff06f)
core   0: 0x8000e12c (0x00001f17) auipc   t5, 0x1
core   0: 3 0x8000e12c (0x00001f17) x30 0x8000f12c
core   0: 0x8000e130 (0xec3f2a23) sw      gp, -300(t5)
core   0: 3 0x8000e130 (0xec3f2a23) mem 0x8000f000 0x00000001
core   0: 0x8000e134 (0xff9ff06f) j       pc - 0x8
core   0: 3 0x8000e134 (0xff9ff06f)
core   0: 0x8000e12c (0x00001f17) auipc   t5, 0x1
core   0: 3 0x8000e12c (0x00001f17) x30 0x8000f12c
core   0: 0x8000e130 (0xec3f2a23) sw      gp, -300(t5)
core   0: 3 0x8000e130 (0xec3f2a23) mem 0x8000f000 0x00000001
core   0: 0x8000e134 (0xff9ff06f) j       pc - 0x8
core   0: 3 0x8000e134 (0xff9ff06f)
core   0: 0x8000e12c (0x00001f17) auipc   t5, 0x1
core   0: 3 0x8000e12c (0x00001f17) x30 0x8000f12c
core   0: 0x8000e130 (0xec3f2a23) sw      gp, -300(t5)
core   0: 3 0x8000e130 (0xec3f2a23) mem 0x8000f000 0x00000001
core   0: 0x8000e134 (0xff9ff06f) j       pc - 0x8
core   0: 3 0x8000e134 (0xff9ff06f)
core   0: 0x8000e12c (0x00001f17) auipc   t5, 0x1
core   0: 3 0x8000e12c (0x00001f17) x30 0x8000f12c
core   0: 0x8000e130 (0xec3f2a23) sw      gp, -300(t5)
core   0: 3 0x8000e130 (0xec3f2a23) mem 0x8000f000 0x00000001
core   0: 0x8000e134 (0xff9ff06f) j       pc - 0x8
core   0: 3 0x8000e134 (0xff9ff06f)
core   0: 0x8000e12c (0x00001f17) auipc   t5, 0x1
core   0: 3 0x8000e12c (0x00001f17) x30 0x8000f12c
core   0: 0x8000e130 (0xec3f2a23) sw      gp, -300(t5)
core   0: 3 0x8000e130 (0xec3f2a23) mem 0x8000f000 0x00000001
core   0: 0x8000e134 (0xff9ff06f) j       pc - 0x8
core   0: 3 0x8000e134 (0xff9ff06f)
core   0: 0x8000e12c (0x00001f17) auipc   t5, 0x1
core   0: 3 0x8000e12c (0x00001f17) x30 0x8000f12c
core   0: 0x8000e130 (0xec3f2a23) sw      gp, -300(t5)
core   0: 3 0x8000e130 (0xec3f2a23) mem 0x8000f000 0x00000001
core   0: 0x8000e134 (0xff9ff06f) j       pc - 0x8
core   0: 3 0x8000e134 (0xff9ff06f)
core   0: 0x8000e12c (0x00001f17) auipc   t5, 0x1
core   0: 3 0x8000e12c (0x00001f17) x30 0x8000f12c
core   0: 0x8000e130 (0xec3f2a23) sw      gp, -300(t5)
core   0: 3 0x8000e130 (0xec3f2a23) mem 0x8000f000 0x00000001
core   0: 0x8000e134 (0xff9ff06f) j       pc - 0x8
core   0: 3 0x8000e134 (0xff9ff06f)
core   0: 0x8000e12c (0x00001f17) auipc   t5, 0x1
core   0: 3 0x8000e12c (0x00001f17) x30 0x8000f12c
core   0: 0x8000e130 (0xec3f2a23) sw      gp, -300(t5)
core   0: 3 0x8000e130 (0xec3f2a23) mem 0x8000f000 0x00000001
core   0: 0x8000e134 (0xff9ff06f) j       pc - 0x8
core   0: 3 0x8000e134 (0xff9ff06f)
core   0: 0x8000e12c (0x00001f17) auipc   t5, 0x1
core   0: 3 0x8000e12c (0x00001f17) x30 0x8000f12c
core   0: 0x8000e130 (0xec3f2a23) sw      gp, -300(t5)
core   0: 3 0x8000e130 (0xec3f2a23) mem 0x8000f000 0x00000001
core   0: 0x8000e134 (0xff9ff06f) j       pc - 0x8
core   0: 3 0x8000e134 (0xff9ff06f)
core   0: 0x8000e12c (0x00001f17) auipc   t5, 0x1
core   0: 3 0x8000e12c (0x00001f17) x30 0x8000f12c
core   0: 0x8000e130 (0xec3f2a23) sw      gp, -300(t5)
core   0: 3 0x8000e130 (0xec3f2a23) mem 0x8000f000 0x00000001
core   0: 0x8000e134 (0xff9ff06f) j       pc - 0x8
core   0: 3 0x8000e134 (0xff9ff06f)
core   0: 0x8000e12c (0x00001f17) auipc   t5, 0x1
core   0: 3 0x8000e12c (0x00001f17) x30 0x8000f12c
core   0: 0x8000e130 (0xec3f2a23) sw      gp, -300(t5)
core   0: 3 0x8000e130 (0xec3f2a23) mem 0x8000f000 0x00000001
core   0: 0x8000e134 (0xff9ff06f) j       pc - 0x8
core   0: 3 0x8000e134 (0xff9ff06f)
core   0: 0x8000e12c (0x00001f17) auipc   t5, 0x1
core   0: 3 0x8000e12c (0x00001f17) x30 0x8000f12c
core   0: 0x8000e130 (0xec3f2a23) sw      gp, -300(t5)
core   0: 3 0x8000e130 (0xec3f2a23) mem 0x8000f000 0x00000001
core   0: 0x8000e134 (0xff9ff06f) j       pc - 0x8
core   0: 3 0x8000e134 (0xff9ff06f)
core   0: 0x8000e12c (0x00001f17) auipc   t5, 0x1
core   0: 3 0x8000e12c (0x00001f17) x30 0x8000f12c
core   0: 0x8000e130 (0xec3f2a23) sw      gp, -300(t5)
core   0: 3 0x8000e130 (0xec3f2a23) mem 0x8000f000 0x00000001
core   0: 0x8000e134 (0xff9ff06f) j       pc - 0x8
core   0: 3 0x8000e134 (0xff9ff06f)
core   0: 0x8000e12c (0x00001f17) auipc   t5, 0x1
core   0: 3 0x8000e12c (0x00001f17) x30 0x8000f12c
core   0: 0x8000e130 (0xec3f2a23) sw      gp, -300(t5)
core   0: 3 0x8000e130 (0xec3f2a23) mem 0x8000f000 0x00000001
core   0: 0x8000e134 (0xff9ff06f) j       pc - 0x8
core   0: 3 0x8000e134 (0xff9ff06f)
core   0: 0x8000e12c (0x00001f17) auipc   t5, 0x1
core   0: 3 0x8000e12c (0x00001f17) x30 0x8000f12c
core   0: 0x8000e130 (0xec3f2a23) sw      gp, -300(t5)
core   0: 3 0x8000e130 (0xec3f2a23) mem 0x8000f000 0x00000001
core   0: 0x8000e134 (0xff9ff06f) j       pc - 0x8
core   0: 3 0x8000e134 (0xff9ff06f)
core   0: 0x8000e12c (0x00001f17) auipc   t5, 0x1
core   0: 3 0x8000e12c (0x00001f17) x30 0x8000f12c
core   0: 0x8000e130 (0xec3f2a23) sw      gp, -300(t5)
core   0: 3 0x8000e130 (0xec3f2a23) mem 0x8000f000 0x00000001
core   0: 0x8000e134 (0xff9ff06f) j       pc - 0x8
core   0: 3 0x8000e134 (0xff9ff06f)
core   0: 0x8000e12c (0x00001f17) auipc   t5, 0x1
core   0: 3 0x8000e12c (0x00001f17) x30 0x8000f12c
core   0: 0x8000e130 (0xec3f2a23) sw      gp, -300(t5)
core   0: 3 0x8000e130 (0xec3f2a23) mem 0x8000f000 0x00000001
core   0: 0x8000e134 (0xff9ff06f) j       pc - 0x8
core   0: 3 0x8000e134 (0xff9ff06f)
core   0: 0x8000e12c (0x00001f17) auipc   t5, 0x1
core   0: 3 0x8000e12c (0x00001f17) x30 0x8000f12c
core   0: 0x8000e130 (0xec3f2a23) sw      gp, -300(t5)
core   0: 3 0x8000e130 (0xec3f2a23) mem 0x8000f000 0x00000001
core   0: 0x8000e134 (0xff9ff06f) j       pc - 0x8
core   0: 3 0x8000e134 (0xff9ff06f)
core   0: 0x8000e12c (0x00001f17) auipc   t5, 0x1
core   0: 3 0x8000e12c (0x00001f17) x30 0x8000f12c
core   0: 0x8000e130 (0xec3f2a23) sw      gp, -300(t5)
core   0: 3 0x8000e130 (0xec3f2a23) mem 0x8000f000 0x00000001
core   0: 0x8000e134 (0xff9ff06f) j       pc - 0x8
core   0: 3 0x8000e134 (0xff9ff06f)
core   0: 0x8000e12c (0x00001f17) auipc   t5, 0x1
core   0: 3 0x8000e12c (0x00001f17) x30 0x8000f12c
core   0: 0x8000e130 (0xec3f2a23) sw      gp, -300(t5)
core   0: 3 0x8000e130 (0xec3f2a23) mem 0x8000f000 0x00000001
core   0: 0x8000e134 (0xff9ff06f) j       pc - 0x8
core   0: 3 0x8000e134 (0xff9ff06f)
core   0: 0x8000e12c (0x00001f17) auipc   t5, 0x1
core   0: 3 0x8000e12c (0x00001f17) x30 0x8000f12c
core   0: 0x8000e130 (0xec3f2a23) sw      gp, -300(t5)
core   0: 3 0x8000e130 (0xec3f2a23) mem 0x8000f000 0x00000001
core   0: 0x8000e134 (0xff9ff06f) j       pc - 0x8
core   0: 3 0x8000e134 (0xff9ff06f)
core   0: 0x8000e12c (0x00001f17) auipc   t5, 0x1
core   0: 3 0x8000e12c (0x00001f17) x30 0x8000f12c
core   0: 0x8000e130 (0xec3f2a23) sw      gp, -300(t5)
core   0: 3 0x8000e130 (0xec3f2a23) mem 0x8000f000 0x00000001
core   0: 0x8000e134 (0xff9ff06f) j       pc - 0x8
core   0: 3 0x8000e134 (0xff9ff06f)
core   0: 0x8000e12c (0x00001f17) auipc   t5, 0x1
core   0: 3 0x8000e12c (0x00001f17) x30 0x8000f12c
core   0: 0x8000e130 (0xec3f2a23) sw      gp, -300(t5)
core   0: 3 0x8000e130 (0xec3f2a23) mem 0x8000f000 0x00000001
core   0: 0x8000e134 (0xff9ff06f) j       pc - 0x8
core   0: 3 0x8000e134 (0xff9ff06f)
core   0: 0x8000e12c (0x00001f17) auipc   t5, 0x1
core   0: 3 0x8000e12c (0x00001f17) x30 0x8000f12c
core   0: 0x8000e130 (0xec3f2a23) sw      gp, -300(t5)
core   0: 3 0x8000e130 (0xec3f2a23) mem 0x8000f000 0x00000001
core   0: 0x8000e134 (0xff9ff06f) j       pc - 0x8
core   0: 3 0x8000e134 (0xff9ff06f)
core   0: 0x8000e12c (0x00001f17) auipc   t5, 0x1
core   0: 3 0x8000e12c (0x00001f17) x30 0x8000f12c
core   0: 0x8000e130 (0xec3f2a23) sw      gp, -300(t5)
core   0: 3 0x8000e130 (0xec3f2a23) mem 0x8000f000 0x00000001
core   0: 0x8000e134 (0xff9ff06f) j       pc - 0x8
core   0: 3 0x8000e134 (0xff9ff06f)
core   0: 0x8000e12c (0x00001f17) auipc   t5, 0x1
core   0: 3 0x8000e12c (0x00001f17) x30 0x8000f12c
core   0: 0x8000e130 (0xec3f2a23) sw      gp, -300(t5)
core   0: 3 0x8000e130 (0xec3f2a23) mem 0x8000f000 0x00000001
core   0: 0x8000e134 (0xff9ff06f) j       pc - 0x8
core   0: 3 0x8000e134 (0xff9ff06f)
core   0: 0x8000e12c (0x00001f17) auipc   t5, 0x1
core   0: 3 0x8000e12c (0x00001f17) x30 0x8000f12c
core   0: 0x8000e130 (0xec3f2a23) sw      gp, -300(t5)
core   0: 3 0x8000e130 (0xec3f2a23) mem 0x8000f000 0x00000001
core   0: 0x8000e134 (0xff9ff06f) j       pc - 0x8
core   0: 3 0x8000e134 (0xff9ff06f)
core   0: 0x8000e12c (0x00001f17) auipc   t5, 0x1
core   0: 3 0x8000e12c (0x00001f17) x30 0x8000f12c
core   0: 0x8000e130 (0xec3f2a23) sw      gp, -300(t5)
core   0: 3 0x8000e130 (0xec3f2a23) mem 0x8000f000 0x00000001
core   0: 0x8000e134 (0xff9ff06f) j       pc - 0x8
core   0: 3 0x8000e134 (0xff9ff06f)
core   0: 0x8000e12c (0x00001f17) auipc   t5, 0x1
core   0: 3 0x8000e12c (0x00001f17) x30 0x8000f12c
core   0: 0x8000e130 (0xec3f2a23) sw      gp, -300(t5)
core   0: 3 0x8000e130 (0xec3f2a23) mem 0x8000f000 0x00000001
core   0: 0x8000e134 (0xff9ff06f) j       pc - 0x8
core   0: 3 0x8000e134 (0xff9ff06f)
core   0: 0x8000e12c (0x00001f17) auipc   t5, 0x1
core   0: 3 0x8000e12c (0x00001f17) x30 0x8000f12c
core   0: 0x8000e130 (0xec3f2a23) sw      gp, -300(t5)
core   0: 3 0x8000e130 (0xec3f2a23) mem 0x8000f000 0x00000001
core   0: 0x8000e134 (0xff9ff06f) j       pc - 0x8
core   0: 3 0x8000e134 (0xff9ff06f)
core   0: 0x8000e12c (0x00001f17) auipc   t5, 0x1
core   0: 3 0x8000e12c (0x00001f17) x30 0x8000f12c
core   0: 0x8000e130 (0xec3f2a23) sw      gp, -300(t5)
core   0: 3 0x8000e130 (0xec3f2a23) mem 0x8000f000 0x00000001
core   0: 0x8000e134 (0xff9ff06f) j       pc - 0x8
core   0: 3 0x8000e134 (0xff9ff06f)
core   0: 0x8000e12c (0x00001f17) auipc   t5, 0x1
core   0: 3 0x8000e12c (0x00001f17) x30 0x8000f12c
core   0: 0x8000e130 (0xec3f2a23) sw      gp, -300(t5)
core   0: 3 0x8000e130 (0xec3f2a23) mem 0x8000f000 0x00000001
core   0: 0x8000e134 (0xff9ff06f) j       pc - 0x8
core   0: 3 0x8000e134 (0xff9ff06f)
core   0: 0x8000e12c (0x00001f17) auipc   t5, 0x1
core   0: 3 0x8000e12c (0x00001f17) x30 0x8000f12c
core   0: 0x8000e130 (0xec3f2a23) sw      gp, -300(t5)
core   0: 3 0x8000e130 (0xec3f2a23) mem 0x8000f000 0x00000001
core   0: 0x8000e134 (0xff9ff06f) j       pc - 0x8
core   0: 3 0x8000e134 (0xff9ff06f)
core   0: 0x8000e12c (0x00001f17) auipc   t5, 0x1
core   0: 3 0x8000e12c (0x00001f17) x30 0x8000f12c
core   0: 0x8000e130 (0xec3f2a23) sw      gp, -300(t5)
core   0: 3 0x8000e130 (0xec3f2a23) mem 0x8000f000 0x00000001
core   0: 0x8000e134 (0xff9ff06f) j       pc - 0x8
core   0: 3 0x8000e134 (0xff9ff06f)
core   0: 0x8000e12c (0x00001f17) auipc   t5, 0x1
core   0: 3 0x8000e12c (0x00001f17) x30 0x8000f12c
core   0: 0x8000e130 (0xec3f2a23) sw      gp, -300(t5)
core   0: 3 0x8000e130 (0xec3f2a23) mem 0x8000f000 0x00000001
core   0: 0x8000e134 (0xff9ff06f) j       pc - 0x8
core   0: 3 0x8000e134 (0xff9ff06f)
core   0: 0x8000e12c (0x00001f17) auipc   t5, 0x1
core   0: 3 0x8000e12c (0x00001f17) x30 0x8000f12c
core   0: 0x8000e130 (0xec3f2a23) sw      gp, -300(t5)
core   0: 3 0x8000e130 (0xec3f2a23) mem 0x8000f000 0x00000001
core   0: 0x8000e134 (0xff9ff06f) j       pc - 0x8
core   0: 3 0x8000e134 (0xff9ff06f)
core   0: 0x8000e12c (0x00001f17) auipc   t5, 0x1
core   0: 3 0x8000e12c (0x00001f17) x30 0x8000f12c
core   0: 0x8000e130 (0xec3f2a23) sw      gp, -300(t5)
core   0: 3 0x8000e130 (0xec3f2a23) mem 0x8000f000 0x00000001
core   0: 0x8000e134 (0xff9ff06f) j       pc - 0x8
core   0: 3 0x8000e134 (0xff9ff06f)
core   0: 0x8000e12c (0x00001f17) auipc   t5, 0x1
core   0: 3 0x8000e12c (0x00001f17) x30 0x8000f12c
core   0: 0x8000e130 (0xec3f2a23) sw      gp, -300(t5)
core   0: 3 0x8000e130 (0xec3f2a23) mem 0x8000f000 0x00000001
core   0: 0x8000e134 (0xff9ff06f) j       pc - 0x8
core   0: 3 0x8000e134 (0xff9ff06f)
core   0: 0x8000e12c (0x00001f17) auipc   t5, 0x1
core   0: 3 0x8000e12c (0x00001f17) x30 0x8000f12c
core   0: 0x8000e130 (0xec3f2a23) sw      gp, -300(t5)
core   0: 3 0x8000e130 (0xec3f2a23) mem 0x8000f000 0x00000001
core   0: 0x8000e134 (0xff9ff06f) j       pc - 0x8
core   0: 3 0x8000e134 (0xff9ff06f)
core   0: 0x8000e12c (0x00001f17) auipc   t5, 0x1
core   0: 3 0x8000e12c (0x00001f17) x30 0x8000f12c
core   0: 0x8000e130 (0xec3f2a23) sw      gp, -300(t5)
core   0: 3 0x8000e130 (0xec3f2a23) mem 0x8000f000 0x00000001
core   0: 0x8000e134 (0xff9ff06f) j       pc - 0x8
core   0: 3 0x8000e134 (0xff9ff06f)
core   0: 0x8000e12c (0x00001f17) auipc   t5, 0x1
core   0: 3 0x8000e12c (0x00001f17) x30 0x8000f12c
core   0: 0x8000e130 (0xec3f2a23) sw      gp, -300(t5)
core   0: 3 0x8000e130 (0xec3f2a23) mem 0x8000f000 0x00000001
core   0: 0x8000e134 (0xff9ff06f) j       pc - 0x8
core   0: 3 0x8000e134 (0xff9ff06f)
core   0: 0x8000e12c (0x00001f17) auipc   t5, 0x1
core   0: 3 0x8000e12c (0x00001f17) x30 0x8000f12c
core   0: 0x8000e130 (0xec3f2a23) sw      gp, -300(t5)
core   0: 3 0x8000e130 (0xec3f2a23) mem 0x8000f000 0x00000001
core   0: 0x8000e134 (0xff9ff06f) j       pc - 0x8
core   0: 3 0x8000e134 (0xff9ff06f)
core   0: 0x8000e12c (0x00001f17) auipc   t5, 0x1
core   0: 3 0x8000e12c (0x00001f17) x30 0x8000f12c
core   0: 0x8000e130 (0xec3f2a23) sw      gp, -300(t5)
core   0: 3 0x8000e130 (0xec3f2a23) mem 0x8000f000 0x00000001
core   0: 0x8000e134 (0xff9ff06f) j       pc - 0x8
core   0: 3 0x8000e134 (0xff9ff06f)
core   0: 0x8000e12c (0x00001f17) auipc   t5, 0x1
core   0: 3 0x8000e12c (0x00001f17) x30 0x8000f12c
core   0: 0x8000e130 (0xec3f2a23) sw      gp, -300(t5)
core   0: 3 0x8000e130 (0xec3f2a23) mem 0x8000f000 0x00000001
core   0: 0x8000e134 (0xff9ff06f) j       pc - 0x8
core   0: 3 0x8000e134 (0xff9ff06f)
core   0: 0x8000e12c (0x00001f17) auipc   t5, 0x1
core   0: 3 0x8000e12c (0x00001f17) x30 0x8000f12c
core   0: 0x8000e130 (0xec3f2a23) sw      gp, -300(t5)
core   0: 3 0x8000e130 (0xec3f2a23) mem 0x8000f000 0x00000001
core   0: 0x8000e134 (0xff9ff06f) j       pc - 0x8
core   0: 3 0x8000e134 (0xff9ff06f)
core   0: 0x8000e12c (0x00001f17) auipc   t5, 0x1
core   0: 3 0x8000e12c (0x00001f17) x30 0x8000f12c
core   0: 0x8000e130 (0xec3f2a23) sw      gp, -300(t5)
core   0: 3 0x8000e130 (0xec3f2a23) mem 0x8000f000 0x00000001
core   0: 0x8000e134 (0xff9ff06f) j       pc - 0x8
core   0: 3 0x8000e134 (0xff9ff06f)
core   0: 0x8000e12c (0x00001f17) auipc   t5, 0x1
core   0: 3 0x8000e12c (0x00001f17) x30 0x8000f12c
core   0: 0x8000e130 (0xec3f2a23) sw      gp, -300(t5)
core   0: 3 0x8000e130 (0xec3f2a23) mem 0x8000f000 0x00000001
core   0: 0x8000e134 (0xff9ff06f) j       pc - 0x8
core   0: 3 0x8000e134 (0xff9ff06f)
core   0: 0x8000e12c (0x00001f17) auipc   t5, 0x1
core   0: 3 0x8000e12c (0x00001f17) x30 0x8000f12c
core   0: 0x8000e130 (0xec3f2a23) sw      gp, -300(t5)
core   0: 3 0x8000e130 (0xec3f2a23) mem 0x8000f000 0x00000001
core   0: 0x8000e134 (0xff9ff06f) j       pc - 0x8
core   0: 3 0x8000e134 (0xff9ff06f)
core   0: 0x8000e12c (0x00001f17) auipc   t5, 0x1
core   0: 3 0x8000e12c (0x00001f17) x30 0x8000f12c
core   0: 0x8000e130 (0xec3f2a23) sw      gp, -300(t5)
core   0: 3 0x8000e130 (0xec3f2a23) mem 0x8000f000 0x00000001
core   0: 0x8000e134 (0xff9ff06f) j       pc - 0x8
core   0: 3 0x8000e134 (0xff9ff06f)
core   0: 0x8000e12c (0x00001f17) auipc   t5, 0x1
core   0: 3 0x8000e12c (0x00001f17) x30 0x8000f12c
core   0: 0x8000e130 (0xec3f2a23) sw      gp, -300(t5)
core   0: 3 0x8000e130 (0xec3f2a23) mem 0x8000f000 0x00000001
core   0: 0x8000e134 (0xff9ff06f) j       pc - 0x8
core   0: 3 0x8000e134 (0xff9ff06f)
core   0: 0x8000e12c (0x00001f17) auipc   t5, 0x1
core   0: 3 0x8000e12c (0x00001f17) x30 0x8000f12c
core   0: 0x8000e130 (0xec3f2a23) sw      gp, -300(t5)
core   0: 3 0x8000e130 (0xec3f2a23) mem 0x8000f000 0x00000001
core   0: 0x8000e134 (0xff9ff06f) j       pc - 0x8
core   0: 3 0x8000e134 (0xff9ff06f)
core   0: 0x8000e12c (0x00001f17) auipc   t5, 0x1
core   0: 3 0x8000e12c (0x00001f17) x30 0x8000f12c
core   0: 0x8000e130 (0xec3f2a23) sw      gp, -300(t5)
core   0: 3 0x8000e130 (0xec3f2a23) mem 0x8000f000 0x00000001
core   0: 0x8000e134 (0xff9ff06f) j       pc - 0x8
core   0: 3 0x8000e134 (0xff9ff06f)
core   0: 0x8000e12c (0x00001f17) auipc   t5, 0x1
core   0: 3 0x8000e12c (0x00001f17) x30 0x8000f12c
core   0: 0x8000e130 (0xec3f2a23) sw      gp, -300(t5)
core   0: 3 0x8000e130 (0xec3f2a23) mem 0x8000f000 0x00000001
core   0: 0x8000e134 (0xff9ff06f) j       pc - 0x8
core   0: 3 0x8000e134 (0xff9ff06f)
core   0: 0x8000e12c (0x00001f17) auipc   t5, 0x1
core   0: 3 0x8000e12c (0x00001f17) x30 0x8000f12c
core   0: 0x8000e130 (0xec3f2a23) sw      gp, -300(t5)
core   0: 3 0x8000e130 (0xec3f2a23) mem 0x8000f000 0x00000001
core   0: 0x8000e134 (0xff9ff06f) j       pc - 0x8
core   0: 3 0x8000e134 (0xff9ff06f)
core   0: 0x8000e12c (0x00001f17) auipc   t5, 0x1
core   0: 3 0x8000e12c (0x00001f17) x30 0x8000f12c
core   0: 0x8000e130 (0xec3f2a23) sw      gp, -300(t5)
core   0: 3 0x8000e130 (0xec3f2a23) mem 0x8000f000 0x00000001
core   0: 0x8000e134 (0xff9ff06f) j       pc - 0x8
core   0: 3 0x8000e134 (0xff9ff06f)
core   0: 0x8000e12c (0x00001f17) auipc   t5, 0x1
core   0: 3 0x8000e12c (0x00001f17) x30 0x8000f12c
core   0: 0x8000e130 (0xec3f2a23) sw      gp, -300(t5)
core   0: 3 0x8000e130 (0xec3f2a23) mem 0x8000f000 0x00000001
core   0: 0x8000e134 (0xff9ff06f) j       pc - 0x8
core   0: 3 0x8000e134 (0xff9ff06f)
core   0: 0x8000e12c (0x00001f17) auipc   t5, 0x1
core   0: 3 0x8000e12c (0x00001f17) x30 0x8000f12c
core   0: 0x8000e130 (0xec3f2a23) sw      gp, -300(t5)
core   0: 3 0x8000e130 (0xec3f2a23) mem 0x8000f000 0x00000001
core   0: 0x8000e134 (0xff9ff06f) j       pc - 0x8
core   0: 3 0x8000e134 (0xff9ff06f)
core   0: 0x8000e12c (0x00001f17) auipc   t5, 0x1
core   0: 3 0x8000e12c (0x00001f17) x30 0x8000f12c
core   0: 0x8000e130 (0xec3f2a23) sw      gp, -300(t5)
core   0: 3 0x8000e130 (0xec3f2a23) mem 0x8000f000 0x00000001
core   0: 0x8000e134 (0xff9ff06f) j       pc - 0x8
core   0: 3 0x8000e134 (0xff9ff06f)
core   0: 0x8000e12c (0x00001f17) auipc   t5, 0x1
core   0: 3 0x8000e12c (0x00001f17) x30 0x8000f12c
core   0: 0x8000e130 (0xec3f2a23) sw      gp, -300(t5)
core   0: 3 0x8000e130 (0xec3f2a23) mem 0x8000f000 0x00000001
core   0: 0x8000e134 (0xff9ff06f) j       pc - 0x8
core   0: 3 0x8000e134 (0xff9ff06f)
core   0: 0x8000e12c (0x00001f17) auipc   t5, 0x1
core   0: 3 0x8000e12c (0x00001f17) x30 0x8000f12c
core   0: 0x8000e130 (0xec3f2a23) sw      gp, -300(t5)
core   0: 3 0x8000e130 (0xec3f2a23) mem 0x8000f000 0x00000001
core   0: 0x8000e134 (0xff9ff06f) j       pc - 0x8
core   0: 3 0x8000e134 (0xff9ff06f)
core   0: 0x8000e12c (0x00001f17) auipc   t5, 0x1
core   0: 3 0x8000e12c (0x00001f17) x30 0x8000f12c
core   0: 0x8000e130 (0xec3f2a23) sw      gp, -300(t5)
core   0: 3 0x8000e130 (0xec3f2a23) mem 0x8000f000 0x00000001
core   0: 0x8000e134 (0xff9ff06f) j       pc - 0x8
core   0: 3 0x8000e134 (0xff9ff06f)
core   0: 0x8000e12c (0x00001f17) auipc   t5, 0x1
core   0: 3 0x8000e12c (0x00001f17) x30 0x8000f12c
core   0: 0x8000e130 (0xec3f2a23) sw      gp, -300(t5)
core   0: 3 0x8000e130 (0xec3f2a23) mem 0x8000f000 0x00000001
core   0: 0x8000e134 (0xff9ff06f) j       pc - 0x8
core   0: 3 0x8000e134 (0xff9ff06f)
core   0: 0x8000e12c (0x00001f17) auipc   t5, 0x1
core   0: 3 0x8000e12c (0x00001f17) x30 0x8000f12c
core   0: 0x8000e130 (0xec3f2a23) sw      gp, -300(t5)
core   0: 3 0x8000e130 (0xec3f2a23) mem 0x8000f000 0x00000001
core   0: 0x8000e134 (0xff9ff06f) j       pc - 0x8
core   0: 3 0x8000e134 (0xff9ff06f)
core   0: 0x8000e12c (0x00001f17) auipc   t5, 0x1
core   0: 3 0x8000e12c (0x00001f17) x30 0x8000f12c
core   0: 0x8000e130 (0xec3f2a23) sw      gp, -300(t5)
core   0: 3 0x8000e130 (0xec3f2a23) mem 0x8000f000 0x00000001
core   0: 0x8000e134 (0xff9ff06f) j       pc - 0x8
core   0: 3 0x8000e134 (0xff9ff06f)
core   0: 0x8000e12c (0x00001f17) auipc   t5, 0x1
core   0: 3 0x8000e12c (0x00001f17) x30 0x8000f12c
core   0: 0x8000e130 (0xec3f2a23) sw      gp, -300(t5)
core   0: 3 0x8000e130 (0xec3f2a23) mem 0x8000f000 0x00000001
core   0: 0x8000e134 (0xff9ff06f) j       pc - 0x8
core   0: 3 0x8000e134 (0xff9ff06f)
core   0: 0x8000e12c (0x00001f17) auipc   t5, 0x1
core   0: 3 0x8000e12c (0x00001f17) x30 0x8000f12c
core   0: 0x8000e130 (0xec3f2a23) sw      gp, -300(t5)
core   0: 3 0x8000e130 (0xec3f2a23) mem 0x8000f000 0x00000001
core   0: 0x8000e134 (0xff9ff06f) j       pc - 0x8
core   0: 3 0x8000e134 (0xff9ff06f)
core   0: 0x8000e12c (0x00001f17) auipc   t5, 0x1
core   0: 3 0x8000e12c (0x00001f17) x30 0x8000f12c
core   0: 0x8000e130 (0xec3f2a23) sw      gp, -300(t5)
core   0: 3 0x8000e130 (0xec3f2a23) mem 0x8000f000 0x00000001
core   0: 0x8000e134 (0xff9ff06f) j       pc - 0x8
core   0: 3 0x8000e134 (0xff9ff06f)
core   0: 0x8000e12c (0x00001f17) auipc   t5, 0x1
core   0: 3 0x8000e12c (0x00001f17) x30 0x8000f12c
core   0: 0x8000e130 (0xec3f2a23) sw      gp, -300(t5)
core   0: 3 0x8000e130 (0xec3f2a23) mem 0x8000f000 0x00000001
core   0: 0x8000e134 (0xff9ff06f) j       pc - 0x8
core   0: 3 0x8000e134 (0xff9ff06f)
core   0: 0x8000e12c (0x00001f17) auipc   t5, 0x1
core   0: 3 0x8000e12c (0x00001f17) x30 0x8000f12c
core   0: 0x8000e130 (0xec3f2a23) sw      gp, -300(t5)
core   0: 3 0x8000e130 (0xec3f2a23) mem 0x8000f000 0x00000001
core   0: 0x8000e134 (0xff9ff06f) j       pc - 0x8
core   0: 3 0x8000e134 (0xff9ff06f)
core   0: 0x8000e12c (0x00001f17) auipc   t5, 0x1
core   0: 3 0x8000e12c (0x00001f17) x30 0x8000f12c
core   0: 0x8000e130 (0xec3f2a23) sw      gp, -300(t5)
core   0: 3 0x8000e130 (0xec3f2a23) mem 0x8000f000 0x00000001
core   0: 0x8000e134 (0xff9ff06f) j       pc - 0x8
core   0: 3 0x8000e134 (0xff9ff06f)
core   0: 0x8000e12c (0x00001f17) auipc   t5, 0x1
core   0: 3 0x8000e12c (0x00001f17) x30 0x8000f12c
core   0: 0x8000e130 (0xec3f2a23) sw      gp, -300(t5)
core   0: 3 0x8000e130 (0xec3f2a23) mem 0x8000f000 0x00000001
core   0: 0x8000e134 (0xff9ff06f) j       pc - 0x8
core   0: 3 0x8000e134 (0xff9ff06f)
core   0: 0x8000e12c (0x00001f17) auipc   t5, 0x1
core   0: 3 0x8000e12c (0x00001f17) x30 0x8000f12c
core   0: 0x8000e130 (0xec3f2a23) sw      gp, -300(t5)
core   0: 3 0x8000e130 (0xec3f2a23) mem 0x8000f000 0x00000001
core   0: 0x8000e134 (0xff9ff06f) j       pc - 0x8
core   0: 3 0x8000e134 (0xff9ff06f)
core   0: 0x8000e12c (0x00001f17) auipc   t5, 0x1
core   0: 3 0x8000e12c (0x00001f17) x30 0x8000f12c
core   0: 0x8000e130 (0xec3f2a23) sw      gp, -300(t5)
core   0: 3 0x8000e130 (0xec3f2a23) mem 0x8000f000 0x00000001
core   0: 0x8000e134 (0xff9ff06f) j       pc - 0x8
core   0: 3 0x8000e134 (0xff9ff06f)
core   0: 0x8000e12c (0x00001f17) auipc   t5, 0x1
core   0: 3 0x8000e12c (0x00001f17) x30 0x8000f12c
core   0: 0x8000e130 (0xec3f2a23) sw      gp, -300(t5)
core   0: 3 0x8000e130 (0xec3f2a23) mem 0x8000f000 0x00000001
core   0: 0x8000e134 (0xff9ff06f) j       pc - 0x8
core   0: 3 0x8000e134 (0xff9ff06f)
core   0: 0x8000e12c (0x00001f17) auipc   t5, 0x1
core   0: 3 0x8000e12c (0x00001f17) x30 0x8000f12c
core   0: 0x8000e130 (0xec3f2a23) sw      gp, -300(t5)
core   0: 3 0x8000e130 (0xec3f2a23) mem 0x8000f000 0x00000001
core   0: 0x8000e134 (0xff9ff06f) j       pc - 0x8
core   0: 3 0x8000e134 (0xff9ff06f)
core   0: 0x8000e12c (0x00001f17) auipc   t5, 0x1
core   0: 3 0x8000e12c (0x00001f17) x30 0x8000f12c
core   0: 0x8000e130 (0xec3f2a23) sw      gp, -300(t5)
core   0: 3 0x8000e130 (0xec3f2a23) mem 0x8000f000 0x00000001
core   0: 0x8000e134 (0xff9ff06f) j       pc - 0x8
core   0: 3 0x8000e134 (0xff9ff06f)
core   0: 0x8000e12c (0x00001f17) auipc   t5, 0x1
core   0: 3 0x8000e12c (0x00001f17) x30 0x8000f12c
core   0: 0x8000e130 (0xec3f2a23) sw      gp, -300(t5)
core   0: 3 0x8000e130 (0xec3f2a23) mem 0x8000f000 0x00000001
core   0: 0x8000e134 (0xff9ff06f) j       pc - 0x8
core   0: 3 0x8000e134 (0xff9ff06f)
core   0: 0x8000e12c (0x00001f17) auipc   t5, 0x1
core   0: 3 0x8000e12c (0x00001f17) x30 0x8000f12c
core   0: 0x8000e130 (0xec3f2a23) sw      gp, -300(t5)
core   0: 3 0x8000e130 (0xec3f2a23) mem 0x8000f000 0x00000001
core   0: 0x8000e134 (0xff9ff06f) j       pc - 0x8
core   0: 3 0x8000e134 (0xff9ff06f)
core   0: 0x8000e12c (0x00001f17) auipc   t5, 0x1
core   0: 3 0x8000e12c (0x00001f17) x30 0x8000f12c
core   0: 0x8000e130 (0xec3f2a23) sw      gp, -300(t5)
core   0: 3 0x8000e130 (0xec3f2a23) mem 0x8000f000 0x00000001
core   0: 0x8000e134 (0xff9ff06f) j       pc - 0x8
core   0: 3 0x8000e134 (0xff9ff06f)
core   0: 0x8000e12c (0x00001f17) auipc   t5, 0x1
core   0: 3 0x8000e12c (0x00001f17) x30 0x8000f12c
core   0: 0x8000e130 (0xec3f2a23) sw      gp, -300(t5)
core   0: 3 0x8000e130 (0xec3f2a23) mem 0x8000f000 0x00000001
core   0: 0x8000e134 (0xff9ff06f) j       pc - 0x8
core   0: 3 0x8000e134 (0xff9ff06f)
core   0: 0x8000e12c (0x00001f17) auipc   t5, 0x1
core   0: 3 0x8000e12c (0x00001f17) x30 0x8000f12c
core   0: 0x8000e130 (0xec3f2a23) sw      gp, -300(t5)
core   0: 3 0x8000e130 (0xec3f2a23) mem 0x8000f000 0x00000001
core   0: 0x8000e134 (0xff9ff06f) j       pc - 0x8
core   0: 3 0x8000e134 (0xff9ff06f)
core   0: 0x8000e12c (0x00001f17) auipc   t5, 0x1
core   0: 3 0x8000e12c (0x00001f17) x30 0x8000f12c
core   0: 0x8000e130 (0xec3f2a23) sw      gp, -300(t5)
core   0: 3 0x8000e130 (0xec3f2a23) mem 0x8000f000 0x00000001
core   0: 0x8000e134 (0xff9ff06f) j       pc - 0x8
core   0: 3 0x8000e134 (0xff9ff06f)
core   0: 0x8000e12c (0x00001f17) auipc   t5, 0x1
core   0: 3 0x8000e12c (0x00001f17) x30 0x8000f12c
core   0: 0x8000e130 (0xec3f2a23) sw      gp, -300(t5)
core   0: 3 0x8000e130 (0xec3f2a23) mem 0x8000f000 0x00000001
core   0: 0x8000e134 (0xff9ff06f) j       pc - 0x8
core   0: 3 0x8000e134 (0xff9ff06f)
core   0: 0x8000e12c (0x00001f17) auipc   t5, 0x1
core   0: 3 0x8000e12c (0x00001f17) x30 0x8000f12c
core   0: 0x8000e130 (0xec3f2a23) sw      gp, -300(t5)
core   0: 3 0x8000e130 (0xec3f2a23) mem 0x8000f000 0x00000001
core   0: 0x8000e134 (0xff9ff06f) j       pc - 0x8
core   0: 3 0x8000e134 (0xff9ff06f)
core   0: 0x8000e12c (0x00001f17) auipc   t5, 0x1
core   0: 3 0x8000e12c (0x00001f17) x30 0x8000f12c
core   0: 0x8000e130 (0xec3f2a23) sw      gp, -300(t5)
core   0: 3 0x8000e130 (0xec3f2a23) mem 0x8000f000 0x00000001
core   0: 0x8000e134 (0xff9ff06f) j       pc - 0x8
core   0: 3 0x8000e134 (0xff9ff06f)
core   0: 0x8000e12c (0x00001f17) auipc   t5, 0x1
core   0: 3 0x8000e12c (0x00001f17) x30 0x8000f12c
core   0: 0x8000e130 (0xec3f2a23) sw      gp, -300(t5)
core   0: 3 0x8000e130 (0xec3f2a23) mem 0x8000f000 0x00000001
core   0: 0x8000e134 (0xff9ff06f) j       pc - 0x8
core   0: 3 0x8000e134 (0xff9ff06f)
core   0: 0x8000e12c (0x00001f17) auipc   t5, 0x1
core   0: 3 0x8000e12c (0x00001f17) x30 0x8000f12c
core   0: 0x8000e130 (0xec3f2a23) sw      gp, -300(t5)
core   0: 3 0x8000e130 (0xec3f2a23) mem 0x8000f000 0x00000001
core   0: 0x8000e134 (0xff9ff06f) j       pc - 0x8
core   0: 3 0x8000e134 (0xff9ff06f)
core   0: 0x8000e12c (0x00001f17) auipc   t5, 0x1
core   0: 3 0x8000e12c (0x00001f17) x30 0x8000f12c
core   0: 0x8000e130 (0xec3f2a23) sw      gp, -300(t5)
core   0: 3 0x8000e130 (0xec3f2a23) mem 0x8000f000 0x00000001
core   0: 0x8000e134 (0xff9ff06f) j       pc - 0x8
core   0: 3 0x8000e134 (0xff9ff06f)
core   0: 0x8000e12c (0x00001f17) auipc   t5, 0x1
core   0: 3 0x8000e12c (0x00001f17) x30 0x8000f12c
core   0: 0x8000e130 (0xec3f2a23) sw      gp, -300(t5)
core   0: 3 0x8000e130 (0xec3f2a23) mem 0x8000f000 0x00000001
core   0: 0x8000e134 (0xff9ff06f) j       pc - 0x8
core   0: 3 0x8000e134 (0xff9ff06f)
core   0: 0x8000e12c (0x00001f17) auipc   t5, 0x1
core   0: 3 0x8000e12c (0x00001f17) x30 0x8000f12c
core   0: 0x8000e130 (0xec3f2a23) sw      gp, -300(t5)
core   0: 3 0x8000e130 (0xec3f2a23) mem 0x8000f000 0x00000001
core   0: 0x8000e134 (0xff9ff06f) j       pc - 0x8
core   0: 3 0x8000e134 (0xff9ff06f)
core   0: 0x8000e12c (0x00001f17) auipc   t5, 0x1
core   0: 3 0x8000e12c (0x00001f17) x30 0x8000f12c
core   0: 0x8000e130 (0xec3f2a23) sw      gp, -300(t5)
core   0: 3 0x8000e130 (0xec3f2a23) mem 0x8000f000 0x00000001
core   0: 0x8000e134 (0xff9ff06f) j       pc - 0x8
core   0: 3 0x8000e134 (0xff9ff06f)
core   0: 0x8000e12c (0x00001f17) auipc   t5, 0x1
core   0: 3 0x8000e12c (0x00001f17) x30 0x8000f12c
core   0: 0x8000e130 (0xec3f2a23) sw      gp, -300(t5)
core   0: 3 0x8000e130 (0xec3f2a23) mem 0x8000f000 0x00000001
core   0: 0x8000e134 (0xff9ff06f) j       pc - 0x8
core   0: 3 0x8000e134 (0xff9ff06f)
core   0: 0x8000e12c (0x00001f17) auipc   t5, 0x1
core   0: 3 0x8000e12c (0x00001f17) x30 0x8000f12c
core   0: 0x8000e130 (0xec3f2a23) sw      gp, -300(t5)
core   0: 3 0x8000e130 (0xec3f2a23) mem 0x8000f000 0x00000001
core   0: 0x8000e134 (0xff9ff06f) j       pc - 0x8
core   0: 3 0x8000e134 (0xff9ff06f)
core   0: 0x8000e12c (0x00001f17) auipc   t5, 0x1
core   0: 3 0x8000e12c (0x00001f17) x30 0x8000f12c
core   0: 0x8000e130 (0xec3f2a23) sw      gp, -300(t5)
core   0: 3 0x8000e130 (0xec3f2a23) mem 0x8000f000 0x00000001
core   0: 0x8000e134 (0xff9ff06f) j       pc - 0x8
core   0: 3 0x8000e134 (0xff9ff06f)
core   0: 0x8000e12c (0x00001f17) auipc   t5, 0x1
core   0: 3 0x8000e12c (0x00001f17) x30 0x8000f12c
core   0: 0x8000e130 (0xec3f2a23) sw      gp, -300(t5)
core   0: 3 0x8000e130 (0xec3f2a23) mem 0x8000f000 0x00000001
core   0: 0x8000e134 (0xff9ff06f) j       pc - 0x8
core   0: 3 0x8000e134 (0xff9ff06f)
core   0: 0x8000e12c (0x00001f17) auipc   t5, 0x1
core   0: 3 0x8000e12c (0x00001f17) x30 0x8000f12c
core   0: 0x8000e130 (0xec3f2a23) sw      gp, -300(t5)
core   0: 3 0x8000e130 (0xec3f2a23) mem 0x8000f000 0x00000001
core   0: 0x8000e134 (0xff9ff06f) j       pc - 0x8
core   0: 3 0x8000e134 (0xff9ff06f)
core   0: 0x8000e12c (0x00001f17) auipc   t5, 0x1
core   0: 3 0x8000e12c (0x00001f17) x30 0x8000f12c
core   0: 0x8000e130 (0xec3f2a23) sw      gp, -300(t5)
core   0: 3 0x8000e130 (0xec3f2a23) mem 0x8000f000 0x00000001
core   0: 0x8000e134 (0xff9ff06f) j       pc - 0x8
core   0: 3 0x8000e134 (0xff9ff06f)
core   0: 0x8000e12c (0x00001f17) auipc   t5, 0x1
core   0: 3 0x8000e12c (0x00001f17) x30 0x8000f12c
core   0: 0x8000e130 (0xec3f2a23) sw      gp, -300(t5)
core   0: 3 0x8000e130 (0xec3f2a23) mem 0x8000f000 0x00000001
core   0: 0x8000e134 (0xff9ff06f) j       pc - 0x8
core   0: 3 0x8000e134 (0xff9ff06f)
core   0: 0x8000e12c (0x00001f17) auipc   t5, 0x1
core   0: 3 0x8000e12c (0x00001f17) x30 0x8000f12c
core   0: 0x8000e130 (0xec3f2a23) sw      gp, -300(t5)
core   0: 3 0x8000e130 (0xec3f2a23) mem 0x8000f000 0x00000001
core   0: 0x8000e134 (0xff9ff06f) j       pc - 0x8
core   0: 3 0x8000e134 (0xff9ff06f)
core   0: 0x8000e12c (0x00001f17) auipc   t5, 0x1
core   0: 3 0x8000e12c (0x00001f17) x30 0x8000f12c
core   0: 0x8000e130 (0xec3f2a23) sw      gp, -300(t5)
core   0: 3 0x8000e130 (0xec3f2a23) mem 0x8000f000 0x00000001
core   0: 0x8000e134 (0xff9ff06f) j       pc - 0x8
core   0: 3 0x8000e134 (0xff9ff06f)
core   0: 0x8000e12c (0x00001f17) auipc   t5, 0x1
core   0: 3 0x8000e12c (0x00001f17) x30 0x8000f12c
core   0: 0x8000e130 (0xec3f2a23) sw      gp, -300(t5)
core   0: 3 0x8000e130 (0xec3f2a23) mem 0x8000f000 0x00000001
core   0: 0x8000e134 (0xff9ff06f) j       pc - 0x8
core   0: 3 0x8000e134 (0xff9ff06f)
core   0: 0x8000e12c (0x00001f17) auipc   t5, 0x1
core   0: 3 0x8000e12c (0x00001f17) x30 0x8000f12c
core   0: 0x8000e130 (0xec3f2a23) sw      gp, -300(t5)
core   0: 3 0x8000e130 (0xec3f2a23) mem 0x8000f000 0x00000001
core   0: 0x8000e134 (0xff9ff06f) j       pc - 0x8
core   0: 3 0x8000e134 (0xff9ff06f)
core   0: 0x8000e12c (0x00001f17) auipc   t5, 0x1
core   0: 3 0x8000e12c (0x00001f17) x30 0x8000f12c
core   0: 0x8000e130 (0xec3f2a23) sw      gp, -300(t5)
core   0: 3 0x8000e130 (0xec3f2a23) mem 0x8000f000 0x00000001
core   0: 0x8000e134 (0xff9ff06f) j       pc - 0x8
core   0: 3 0x8000e134 (0xff9ff06f)
core   0: 0x8000e12c (0x00001f17) auipc   t5, 0x1
core   0: 3 0x8000e12c (0x00001f17) x30 0x8000f12c
core   0: 0x8000e130 (0xec3f2a23) sw      gp, -300(t5)
core   0: 3 0x8000e130 (0xec3f2a23) mem 0x8000f000 0x00000001
core   0: 0x8000e134 (0xff9ff06f) j       pc - 0x8
core   0: 3 0x8000e134 (0xff9ff06f)
core   0: 0x8000e12c (0x00001f17) auipc   t5, 0x1
core   0: 3 0x8000e12c (0x00001f17) x30 0x8000f12c
core   0: 0x8000e130 (0xec3f2a23) sw      gp, -300(t5)
core   0: 3 0x8000e130 (0xec3f2a23) mem 0x8000f000 0x00000001
core   0: 0x8000e134 (0xff9ff06f) j       pc - 0x8
core   0: 3 0x8000e134 (0xff9ff06f)
core   0: 0x8000e12c (0x00001f17) auipc   t5, 0x1
core   0: 3 0x8000e12c (0x00001f17) x30 0x8000f12c
core   0: 0x8000e130 (0xec3f2a23) sw      gp, -300(t5)
core   0: 3 0x8000e130 (0xec3f2a23) mem 0x8000f000 0x00000001
core   0: 0x8000e134 (0xff9ff06f) j       pc - 0x8
core   0: 3 0x8000e134 (0xff9ff06f)
core   0: 0x8000e12c (0x00001f17) auipc   t5, 0x1
core   0: 3 0x8000e12c (0x00001f17) x30 0x8000f12c
core   0: 0x8000e130 (0xec3f2a23) sw      gp, -300(t5)
core   0: 3 0x8000e130 (0xec3f2a23) mem 0x8000f000 0x00000001
core   0: 0x8000e134 (0xff9ff06f) j       pc - 0x8
core   0: 3 0x8000e134 (0xff9ff06f)
core   0: 0x8000e12c (0x00001f17) auipc   t5, 0x1
core   0: 3 0x8000e12c (0x00001f17) x30 0x8000f12c
core   0: 0x8000e130 (0xec3f2a23) sw      gp, -300(t5)
core   0: 3 0x8000e130 (0xec3f2a23) mem 0x8000f000 0x00000001
core   0: 0x8000e134 (0xff9ff06f) j       pc - 0x8
core   0: 3 0x8000e134 (0xff9ff06f)
core   0: 0x8000e12c (0x00001f17) auipc   t5, 0x1
core   0: 3 0x8000e12c (0x00001f17) x30 0x8000f12c
core   0: 0x8000e130 (0xec3f2a23) sw      gp, -300(t5)
core   0: 3 0x8000e130 (0xec3f2a23) mem 0x8000f000 0x00000001
core   0: 0x8000e134 (0xff9ff06f) j       pc - 0x8
core   0: 3 0x8000e134 (0xff9ff06f)
core   0: 0x8000e12c (0x00001f17) auipc   t5, 0x1
core   0: 3 0x8000e12c (0x00001f17) x30 0x8000f12c
core   0: 0x8000e130 (0xec3f2a23) sw      gp, -300(t5)
core   0: 3 0x8000e130 (0xec3f2a23) mem 0x8000f000 0x00000001
core   0: 0x8000e134 (0xff9ff06f) j       pc - 0x8
core   0: 3 0x8000e134 (0xff9ff06f)
core   0: 0x8000e12c (0x00001f17) auipc   t5, 0x1
core   0: 3 0x8000e12c (0x00001f17) x30 0x8000f12c
core   0: 0x8000e130 (0xec3f2a23) sw      gp, -300(t5)
core   0: 3 0x8000e130 (0xec3f2a23) mem 0x8000f000 0x00000001
core   0: 0x8000e134 (0xff9ff06f) j       pc - 0x8
core   0: 3 0x8000e134 (0xff9ff06f)
core   0: 0x8000e12c (0x00001f17) auipc   t5, 0x1
core   0: 3 0x8000e12c (0x00001f17) x30 0x8000f12c
core   0: 0x8000e130 (0xec3f2a23) sw      gp, -300(t5)
core   0: 3 0x8000e130 (0xec3f2a23) mem 0x8000f000 0x00000001
core   0: 0x8000e134 (0xff9ff06f) j       pc - 0x8
core   0: 3 0x8000e134 (0xff9ff06f)
core   0: 0x8000e12c (0x00001f17) auipc   t5, 0x1
core   0: 3 0x8000e12c (0x00001f17) x30 0x8000f12c
core   0: 0x8000e130 (0xec3f2a23) sw      gp, -300(t5)
core   0: 3 0x8000e130 (0xec3f2a23) mem 0x8000f000 0x00000001
core   0: 0x8000e134 (0xff9ff06f) j       pc - 0x8
core   0: 3 0x8000e134 (0xff9ff06f)
core   0: 0x8000e12c (0x00001f17) auipc   t5, 0x1
core   0: 3 0x8000e12c (0x00001f17) x30 0x8000f12c
core   0: 0x8000e130 (0xec3f2a23) sw      gp, -300(t5)
core   0: 3 0x8000e130 (0xec3f2a23) mem 0x8000f000 0x00000001
core   0: 0x8000e134 (0xff9ff06f) j       pc - 0x8
core   0: 3 0x8000e134 (0xff9ff06f)
core   0: 0x8000e12c (0x00001f17) auipc   t5, 0x1
core   0: 3 0x8000e12c (0x00001f17) x30 0x8000f12c
core   0: 0x8000e130 (0xec3f2a23) sw      gp, -300(t5)
core   0: 3 0x8000e130 (0xec3f2a23) mem 0x8000f000 0x00000001
core   0: 0x8000e134 (0xff9ff06f) j       pc - 0x8
core   0: 3 0x8000e134 (0xff9ff06f)
core   0: 0x8000e12c (0x00001f17) auipc   t5, 0x1
core   0: 3 0x8000e12c (0x00001f17) x30 0x8000f12c
core   0: 0x8000e130 (0xec3f2a23) sw      gp, -300(t5)
core   0: 3 0x8000e130 (0xec3f2a23) mem 0x8000f000 0x00000001
core   0: 0x8000e134 (0xff9ff06f) j       pc - 0x8
core   0: 3 0x8000e134 (0xff9ff06f)
core   0: 0x8000e12c (0x00001f17) auipc   t5, 0x1
core   0: 3 0x8000e12c (0x00001f17) x30 0x8000f12c
core   0: 0x8000e130 (0xec3f2a23) sw      gp, -300(t5)
core   0: 3 0x8000e130 (0xec3f2a23) mem 0x8000f000 0x00000001
core   0: 0x8000e134 (0xff9ff06f) j       pc - 0x8
core   0: 3 0x8000e134 (0xff9ff06f)
core   0: 0x8000e12c (0x00001f17) auipc   t5, 0x1
core   0: 3 0x8000e12c (0x00001f17) x30 0x8000f12c
core   0: 0x8000e130 (0xec3f2a23) sw      gp, -300(t5)
core   0: 3 0x8000e130 (0xec3f2a23) mem 0x8000f000 0x00000001
core   0: 0x8000e134 (0xff9ff06f) j       pc - 0x8
core   0: 3 0x8000e134 (0xff9ff06f)
core   0: 0x8000e12c (0x00001f17) auipc   t5, 0x1
core   0: 3 0x8000e12c (0x00001f17) x30 0x8000f12c
core   0: 0x8000e130 (0xec3f2a23) sw      gp, -300(t5)
core   0: 3 0x8000e130 (0xec3f2a23) mem 0x8000f000 0x00000001
core   0: 0x8000e134 (0xff9ff06f) j       pc - 0x8
core   0: 3 0x8000e134 (0xff9ff06f)
core   0: 0x8000e12c (0x00001f17) auipc   t5, 0x1
core   0: 3 0x8000e12c (0x00001f17) x30 0x8000f12c
core   0: 0x8000e130 (0xec3f2a23) sw      gp, -300(t5)
core   0: 3 0x8000e130 (0xec3f2a23) mem 0x8000f000 0x00000001
core   0: 0x8000e134 (0xff9ff06f) j       pc - 0x8
core   0: 3 0x8000e134 (0xff9ff06f)
core   0: 0x8000e12c (0x00001f17) auipc   t5, 0x1
core   0: 3 0x8000e12c (0x00001f17) x30 0x8000f12c
core   0: 0x8000e130 (0xec3f2a23) sw      gp, -300(t5)
core   0: 3 0x8000e130 (0xec3f2a23) mem 0x8000f000 0x00000001
core   0: 0x8000e134 (0xff9ff06f) j       pc - 0x8
core   0: 3 0x8000e134 (0xff9ff06f)
core   0: 0x8000e12c (0x00001f17) auipc   t5, 0x1
core   0: 3 0x8000e12c (0x00001f17) x30 0x8000f12c
core   0: 0x8000e130 (0xec3f2a23) sw      gp, -300(t5)
core   0: 3 0x8000e130 (0xec3f2a23) mem 0x8000f000 0x00000001
core   0: 0x8000e134 (0xff9ff06f) j       pc - 0x8
core   0: 3 0x8000e134 (0xff9ff06f)
core   0: 0x8000e12c (0x00001f17) auipc   t5, 0x1
core   0: 3 0x8000e12c (0x00001f17) x30 0x8000f12c
core   0: 0x8000e130 (0xec3f2a23) sw      gp, -300(t5)
core   0: 3 0x8000e130 (0xec3f2a23) mem 0x8000f000 0x00000001
core   0: 0x8000e134 (0xff9ff06f) j       pc - 0x8
core   0: 3 0x8000e134 (0xff9ff06f)
core   0: 0x8000e12c (0x00001f17) auipc   t5, 0x1
core   0: 3 0x8000e12c (0x00001f17) x30 0x8000f12c
core   0: 0x8000e130 (0xec3f2a23) sw      gp, -300(t5)
core   0: 3 0x8000e130 (0xec3f2a23) mem 0x8000f000 0x00000001
core   0: 0x8000e134 (0xff9ff06f) j       pc - 0x8
core   0: 3 0x8000e134 (0xff9ff06f)
core   0: 0x8000e12c (0x00001f17) auipc   t5, 0x1
core   0: 3 0x8000e12c (0x00001f17) x30 0x8000f12c
core   0: 0x8000e130 (0xec3f2a23) sw      gp, -300(t5)
core   0: 3 0x8000e130 (0xec3f2a23) mem 0x8000f000 0x00000001
core   0: 0x8000e134 (0xff9ff06f) j       pc - 0x8
core   0: 3 0x8000e134 (0xff9ff06f)
core   0: 0x8000e12c (0x00001f17) auipc   t5, 0x1
core   0: 3 0x8000e12c (0x00001f17) x30 0x8000f12c
core   0: 0x8000e130 (0xec3f2a23) sw      gp, -300(t5)
core   0: 3 0x8000e130 (0xec3f2a23) mem 0x8000f000 0x00000001
core   0: 0x8000e134 (0xff9ff06f) j       pc - 0x8
core   0: 3 0x8000e134 (0xff9ff06f)
core   0: 0x8000e12c (0x00001f17) auipc   t5, 0x1
core   0: 3 0x8000e12c (0x00001f17) x30 0x8000f12c
core   0: 0x8000e130 (0xec3f2a23) sw      gp, -300(t5)
core   0: 3 0x8000e130 (0xec3f2a23) mem 0x8000f000 0x00000001
core   0: 0x8000e134 (0xff9ff06f) j       pc - 0x8
core   0: 3 0x8000e134 (0xff9ff06f)
core   0: 0x8000e12c (0x00001f17) auipc   t5, 0x1
core   0: 3 0x8000e12c (0x00001f17) x30 0x8000f12c
core   0: 0x8000e130 (0xec3f2a23) sw      gp, -300(t5)
core   0: 3 0x8000e130 (0xec3f2a23) mem 0x8000f000 0x00000001
core   0: 0x8000e134 (0xff9ff06f) j       pc - 0x8
core   0: 3 0x8000e134 (0xff9ff06f)
core   0: 0x8000e12c (0x00001f17) auipc   t5, 0x1
core   0: 3 0x8000e12c (0x00001f17) x30 0x8000f12c
core   0: 0x8000e130 (0xec3f2a23) sw      gp, -300(t5)
core   0: 3 0x8000e130 (0xec3f2a23) mem 0x8000f000 0x00000001
core   0: 0x8000e134 (0xff9ff06f) j       pc - 0x8
core   0: 3 0x8000e134 (0xff9ff06f)
core   0: 0x8000e12c (0x00001f17) auipc   t5, 0x1
core   0: 3 0x8000e12c (0x00001f17) x30 0x8000f12c
core   0: 0x8000e130 (0xec3f2a23) sw      gp, -300(t5)
core   0: 3 0x8000e130 (0xec3f2a23) mem 0x8000f000 0x00000001
core   0: 0x8000e134 (0xff9ff06f) j       pc - 0x8
core   0: 3 0x8000e134 (0xff9ff06f)
core   0: 0x8000e12c (0x00001f17) auipc   t5, 0x1
core   0: 3 0x8000e12c (0x00001f17) x30 0x8000f12c
core   0: 0x8000e130 (0xec3f2a23) sw      gp, -300(t5)
core   0: 3 0x8000e130 (0xec3f2a23) mem 0x8000f000 0x00000001
core   0: 0x8000e134 (0xff9ff06f) j       pc - 0x8
core   0: 3 0x8000e134 (0xff9ff06f)
core   0: 0x8000e12c (0x00001f17) auipc   t5, 0x1
core   0: 3 0x8000e12c (0x00001f17) x30 0x8000f12c
core   0: 0x8000e130 (0xec3f2a23) sw      gp, -300(t5)
core   0: 3 0x8000e130 (0xec3f2a23) mem 0x8000f000 0x00000001
core   0: 0x8000e134 (0xff9ff06f) j       pc - 0x8
core   0: 3 0x8000e134 (0xff9ff06f)
core   0: 0x8000e12c (0x00001f17) auipc   t5, 0x1
core   0: 3 0x8000e12c (0x00001f17) x30 0x8000f12c
core   0: 0x8000e130 (0xec3f2a23) sw      gp, -300(t5)
core   0: 3 0x8000e130 (0xec3f2a23) mem 0x8000f000 0x00000001
core   0: 0x8000e134 (0xff9ff06f) j       pc - 0x8
core   0: 3 0x8000e134 (0xff9ff06f)
core   0: 0x8000e12c (0x00001f17) auipc   t5, 0x1
core   0: 3 0x8000e12c (0x00001f17) x30 0x8000f12c
core   0: 0x8000e130 (0xec3f2a23) sw      gp, -300(t5)
core   0: 3 0x8000e130 (0xec3f2a23) mem 0x8000f000 0x00000001
core   0: 0x8000e134 (0xff9ff06f) j       pc - 0x8
core   0: 3 0x8000e134 (0xff9ff06f)
core   0: 0x8000e12c (0x00001f17) auipc   t5, 0x1
core   0: 3 0x8000e12c (0x00001f17) x30 0x8000f12c
core   0: 0x8000e130 (0xec3f2a23) sw      gp, -300(t5)
core   0: 3 0x8000e130 (0xec3f2a23) mem 0x8000f000 0x00000001
core   0: 0x8000e134 (0xff9ff06f) j       pc - 0x8
core   0: 3 0x8000e134 (0xff9ff06f)
core   0: 0x8000e12c (0x00001f17) auipc   t5, 0x1
core   0: 3 0x8000e12c (0x00001f17) x30 0x8000f12c
core   0: 0x8000e130 (0xec3f2a23) sw      gp, -300(t5)
core   0: 3 0x8000e130 (0xec3f2a23) mem 0x8000f000 0x00000001
core   0: 0x8000e134 (0xff9ff06f) j       pc - 0x8
core   0: 3 0x8000e134 (0xff9ff06f)
core   0: 0x8000e12c (0x00001f17) auipc   t5, 0x1
core   0: 3 0x8000e12c (0x00001f17) x30 0x8000f12c
core   0: 0x8000e130 (0xec3f2a23) sw      gp, -300(t5)
core   0: 3 0x8000e130 (0xec3f2a23) mem 0x8000f000 0x00000001
core   0: 0x8000e134 (0xff9ff06f) j       pc - 0x8
core   0: 3 0x8000e134 (0xff9ff06f)
core   0: 0x8000e12c (0x00001f17) auipc   t5, 0x1
core   0: 3 0x8000e12c (0x00001f17) x30 0x8000f12c
core   0: 0x8000e130 (0xec3f2a23) sw      gp, -300(t5)
core   0: 3 0x8000e130 (0xec3f2a23) mem 0x8000f000 0x00000001
core   0: 0x8000e134 (0xff9ff06f) j       pc - 0x8
core   0: 3 0x8000e134 (0xff9ff06f)
core   0: 0x8000e12c (0x00001f17) auipc   t5, 0x1
core   0: 3 0x8000e12c (0x00001f17) x30 0x8000f12c
core   0: 0x8000e130 (0xec3f2a23) sw      gp, -300(t5)
core   0: 3 0x8000e130 (0xec3f2a23) mem 0x8000f000 0x00000001
core   0: 0x8000e134 (0xff9ff06f) j       pc - 0x8
core   0: 3 0x8000e134 (0xff9ff06f)
core   0: 0x8000e12c (0x00001f17) auipc   t5, 0x1
core   0: 3 0x8000e12c (0x00001f17) x30 0x8000f12c
core   0: 0x8000e130 (0xec3f2a23) sw      gp, -300(t5)
core   0: 3 0x8000e130 (0xec3f2a23) mem 0x8000f000 0x00000001
core   0: 0x8000e134 (0xff9ff06f) j       pc - 0x8
core   0: 3 0x8000e134 (0xff9ff06f)
core   0: 0x8000e12c (0x00001f17) auipc   t5, 0x1
core   0: 3 0x8000e12c (0x00001f17) x30 0x8000f12c
core   0: 0x8000e130 (0xec3f2a23) sw      gp, -300(t5)
core   0: 3 0x8000e130 (0xec3f2a23) mem 0x8000f000 0x00000001
