core   0: 0x00001000 (0x00000297) auipc   t0, 0x0
core   0: 3 0x00001000 (0x00000297) x 5 0x00001000
core   0: 0x00001004 (0x02028593) addi    a1, t0, 32
core   0: 3 0x00001004 (0x02028593) x11 0x00001020
core   0: 0x00001008 (0xf1402573) csrr    a0, mhartid
core   0: 3 0x00001008 (0xf1402573) x10 0x00000000
core   0: 0x0000100c (0x0182a283) lw      t0, 24(t0)
core   0: 3 0x0000100c (0x0182a283) x 5 0x80000000 mem 0x00001018
core   0: 0x00001010 (0x00028067) jr      t0
core   0: 3 0x00001010 (0x00028067)
core   0: 0x80000000 (0xf14022f3) csrr    t0, mhartid
core   0: 3 0x80000000 (0xf14022f3) x 5 0x00000000
core   0: 0x80000004 (0x00000313) li      t1, 0
core   0: 3 0x80000004 (0x00000313) x 6 0x00000000
core   0: 0x80000008 (0x00628263) beq     t0, t1, pc + 4
core   0: 3 0x80000008 (0x00628263)
core   0: 0x8000000c (0x00000e97) auipc   t4, 0x0
core   0: 3 0x8000000c (0x00000e97) x29 0x8000000c
core   0: 0x80000010 (0x00ce8e93) addi    t4, t4, 12
core   0: 3 0x80000010 (0x00ce8e93) x29 0x80000018
core   0: 0x80000014 (0x000e8067) jr      t4
core   0: 3 0x80000014 (0x000e8067)
core   0: 0x80000018 (0x400003b7) lui     t2, 0x40000
core   0: 3 0x80000018 (0x400003b7) x 7 0x40000000
core   0: 0x8000001c (0x10038393) addi    t2, t2, 256
core   0: 3 0x8000001c (0x10038393) x 7 0x40000100
core   0: 0x80000020 (0x30139073) csrw    misa, t2
core   0: 3 0x80000020 (0x30139073) c769_misa 0x40140100
core   0: 0x80000024 (0x00015c97) auipc   s9, 0x15
core   0: 3 0x80000024 (0x00015c97) x25 0x80015024
core   0: 0x80000028 (0xcc0c8c93) addi    s9, s9, -832
core   0: 3 0x80000028 (0xcc0c8c93) x25 0x80014ce4
core   0: 0x8000002c (0x0000b397) auipc   t2, 0xb
core   0: 3 0x8000002c (0x0000b397) x 7 0x8000b02c
core   0: 0x80000030 (0x43c38393) addi    t2, t2, 1084
core   0: 3 0x80000030 (0x43c38393) x 7 0x8000b468
core   0: 0x80000034 (0x0003e393) ori     t2, t2, 0
core   0: 3 0x80000034 (0x0003e393) x 7 0x8000b468
core   0: 0x80000038 (0x30539073) csrw    mtvec, t2
core   0: 3 0x80000038 (0x30539073) c773_mtvec 0x8000b468
core   0: 0x8000003c (0x00000397) auipc   t2, 0x0
core   0: 3 0x8000003c (0x00000397) x 7 0x8000003c
core   0: 0x80000040 (0x02838393) addi    t2, t2, 40
core   0: 3 0x80000040 (0x02838393) x 7 0x80000064
core   0: 0x80000044 (0x34139073) csrw    mepc, t2
core   0: 3 0x80000044 (0x34139073) c833_mepc 0x80000064
core   0: 0x80000048 (0x00000013) nop
core   0: 3 0x80000048 (0x00000013)
core   0: 0x8000004c (0x000023b7) lui     t2, 0x2
core   0: 3 0x8000004c (0x000023b7) x 7 0x00002000
core   0: 0x80000050 (0x80038393) addi    t2, t2, -2048
core   0: 3 0x80000050 (0x80038393) x 7 0x00001800
core   0: 0x80000054 (0x30039073) csrw    mstatus, t2
core   0: 3 0x80000054 (0x30039073) c768_mstatus 0x00001800
core   0: 0x80000058 (0x00000393) li      t2, 0
core   0: 3 0x80000058 (0x00000393) x 7 0x00000000
core   0: 0x8000005c (0x30439073) csrw    mie, t2
core   0: 3 0x8000005c (0x30439073) c772_mie 0x00000000
core   0: 0x80000060 (0x30200073) mret
core   0: 3 0x80000060 (0x30200073) c768_mstatus 0x00000080
core   0: >>>>  init
core   0: 0x80000064 (0x95c9e037) lui     zero, 0x95c9e
core   0: 3 0x80000064 (0x95c9e037)
core   0: 0x80000068 (0x03b00013) li      zero, 59
core   0: 3 0x80000068 (0x03b00013)
core   0: 0x8000006c (0x93ffa0b7) lui     ra, 0x93ffa
core   0: 3 0x8000006c (0x93ffa0b7) x 1 0x93ffa000
core   0: 0x80000070 (0xe3708093) addi    ra, ra, -457
core   0: 3 0x80000070 (0xe3708093) x 1 0x93ff9e37
core   0: 0x80000074 (0x70f58137) lui     sp, 0x70f58
core   0: 3 0x80000074 (0x70f58137) x 2 0x70f58000
core   0: 0x80000078 (0x5f110113) addi    sp, sp, 1521
core   0: 3 0x80000078 (0x5f110113) x 2 0x70f585f1
core   0: 0x8000007c (0xf2e931b7) lui     gp, 0xf2e93
core   0: 3 0x8000007c (0xf2e931b7) x 3 0xf2e93000
core   0: 0x80000080 (0x10518193) addi    gp, gp, 261
core   0: 3 0x80000080 (0x10518193) x 3 0xf2e93105
core   0: 0x80000084 (0x862a8237) lui     tp, 0x862a8
core   0: 3 0x80000084 (0x862a8237) x 4 0x862a8000
core   0: 0x80000088 (0x21c20213) addi    tp, tp, 540
core   0: 3 0x80000088 (0x21c20213) x 4 0x862a821c
core   0: 0x8000008c (0x979cf2b7) lui     t0, 0x979cf
core   0: 3 0x8000008c (0x979cf2b7) x 5 0x979cf000
core   0: 0x80000090 (0x43f28293) addi    t0, t0, 1087
core   0: 3 0x80000090 (0x43f28293) x 5 0x979cf43f
core   0: 0x80000094 (0x80000337) lui     t1, 0x80000
core   0: 3 0x80000094 (0x80000337) x 6 0x80000000
core   0: 0x80000098 (0x00000393) li      t2, 0
core   0: 3 0x80000098 (0x00000393) x 7 0x00000000
core   0: 0x8000009c (0x800004b7) lui     s1, 0x80000
core   0: 3 0x8000009c (0x800004b7) x 9 0x80000000
core   0: 0x800000a0 (0x00000513) li      a0, 0
core   0: 3 0x800000a0 (0x00000513) x10 0x00000000
core   0: 0x800000a4 (0x800005b7) lui     a1, 0x80000
core   0: 3 0x800000a4 (0x800005b7) x11 0x80000000
core   0: 0x800000a8 (0x16783637) lui     a2, 0x16783
core   0: 3 0x800000a8 (0x16783637) x12 0x16783000
core   0: 0x800000ac (0x73c60613) addi    a2, a2, 1852
core   0: 3 0x800000ac (0x73c60613) x12 0x1678373c
core   0: 0x800000b0 (0x00000693) li      a3, 0
core   0: 3 0x800000b0 (0x00000693) x13 0x00000000
core   0: 0x800000b4 (0x80000737) lui     a4, 0x80000
core   0: 3 0x800000b4 (0x80000737) x14 0x80000000
core   0: 0x800000b8 (0xfd9e27b7) lui     a5, 0xfd9e2
core   0: 3 0x800000b8 (0xfd9e27b7) x15 0xfd9e2000
core   0: 0x800000bc (0xe1b78793) addi    a5, a5, -485
core   0: 3 0x800000bc (0xe1b78793) x15 0xfd9e1e1b
core   0: 0x800000c0 (0xf163e837) lui     a6, 0xf163e
core   0: 3 0x800000c0 (0xf163e837) x16 0xf163e000
core   0: 0x800000c4 (0xa6280813) addi    a6, a6, -1438
core   0: 3 0x800000c4 (0xa6280813) x16 0xf163da62
core   0: 0x800000c8 (0x800008b7) lui     a7, 0x80000
core   0: 3 0x800000c8 (0x800008b7) x17 0x80000000
core   0: 0x800000cc (0xf40de937) lui     s2, 0xf40de
core   0: 3 0x800000cc (0xf40de937) x18 0xf40de000
core   0: 0x800000d0 (0x52890913) addi    s2, s2, 1320
core   0: 3 0x800000d0 (0x52890913) x18 0xf40de528
core   0: 0x800000d4 (0x80a3f9b7) lui     s3, 0x80a3f
core   0: 3 0x800000d4 (0x80a3f9b7) x19 0x80a3f000
core   0: 0x800000d8 (0x21198993) addi    s3, s3, 529
core   0: 3 0x800000d8 (0x21198993) x19 0x80a3f211
core   0: 0x800000dc (0x00000a13) li      s4, 0
core   0: 3 0x800000dc (0x00000a13) x20 0x00000000
core   0: 0x800000e0 (0x00200a93) li      s5, 2
core   0: 3 0x800000e0 (0x00200a93) x21 0x00000002
core   0: 0x800000e4 (0x00800b13) li      s6, 8
core   0: 3 0x800000e4 (0x00800b13) x22 0x00000008
core   0: 0x800000e8 (0x80000bb7) lui     s7, 0x80000
core   0: 3 0x800000e8 (0x80000bb7) x23 0x80000000
core   0: 0x800000ec (0xf0313c37) lui     s8, 0xf0313
core   0: 3 0x800000ec (0xf0313c37) x24 0xf0313000
core   0: 0x800000f0 (0x640c0c13) addi    s8, s8, 1600
core   0: 3 0x800000f0 (0x640c0c13) x24 0xf0313640
core   0: 0x800000f4 (0x00400d13) li      s10, 4
core   0: 3 0x800000f4 (0x00400d13) x26 0x00000004
core   0: 0x800000f8 (0xf9c40db7) lui     s11, 0xf9c40
core   0: 3 0x800000f8 (0xf9c40db7) x27 0xf9c40000
core   0: 0x800000fc (0x213d8d93) addi    s11, s11, 531
core   0: 3 0x800000fc (0x213d8d93) x27 0xf9c40213
core   0: 0x80000100 (0x80000e37) lui     t3, 0x80000
core   0: 3 0x80000100 (0x80000e37) x28 0x80000000
core   0: 0x80000104 (0x80000eb7) lui     t4, 0x80000
core   0: 3 0x80000104 (0x80000eb7) x29 0x80000000
core   0: 0x80000108 (0xf3673f37) lui     t5, 0xf3673
core   0: 3 0x80000108 (0xf3673f37) x30 0xf3673000
core   0: 0x8000010c (0x926f0f13) addi    t5, t5, -1754
core   0: 3 0x8000010c (0x926f0f13) x30 0xf3672926
core   0: 0x80000110 (0x80000fb7) lui     t6, 0x80000
core   0: 3 0x80000110 (0x80000fb7) x31 0x80000000
core   0: 0x80000114 (0x00011417) auipc   s0, 0x11
core   0: 3 0x80000114 (0x00011417) x 8 0x80011114
core   0: 0x80000118 (0xd5040413) addi    s0, s0, -688
core   0: 3 0x80000118 (0xd5040413) x 8 0x80010e64
core   0: 0x8000011c (0x00000793) li      a5, 0
core   0: 3 0x8000011c (0x00000793) x15 0x00000000
core   0: 0x80000120 (0x80000137) lui     sp, 0x80000
core   0: 3 0x80000120 (0x80000137) x 2 0x80000000
core   0: 0x80000124 (0x4cb259b7) lui     s3, 0x4cb25
core   0: 3 0x80000124 (0x4cb259b7) x19 0x4cb25000
core   0: 0x80000128 (0xff498993) addi    s3, s3, -12
core   0: 3 0x80000128 (0xff498993) x19 0x4cb24ff4
core   0: 0x8000012c (0xfff00093) li      ra, -1
core   0: 3 0x8000012c (0xfff00093) x 1 0xffffffff
core   0: 0x80000130 (0xfff00493) li      s1, -1
core   0: 3 0x80000130 (0xfff00493) x 9 0xffffffff
core   0: 0x80000134 (0x31e7fe37) lui     t3, 0x31e7f
core   0: 3 0x80000134 (0x31e7fe37) x28 0x31e7f000
core   0: 0x80000138 (0x081e0e13) addi    t3, t3, 129
core   0: 3 0x80000138 (0x081e0e13) x28 0x31e7f081
core   0: 0x8000013c (0xb59562b7) lui     t0, 0xb5956
core   0: 3 0x8000013c (0xb59562b7) x 5 0xb5956000
core   0: 0x80000140 (0xb1e28293) addi    t0, t0, -1250
core   0: 3 0x80000140 (0xb1e28293) x 5 0xb5955b1e
core   0: 0x80000144 (0x42d67937) lui     s2, 0x42d67
core   0: 3 0x80000144 (0x42d67937) x18 0x42d67000
core   0: 0x80000148 (0x35590913) addi    s2, s2, 853
core   0: 3 0x80000148 (0x35590913) x18 0x42d67355
core   0: 0x8000014c (0xbc791bb7) lui     s7, 0xbc791
core   0: 3 0x8000014c (0xbc791bb7) x23 0xbc791000
core   0: 0x80000150 (0x605b8b93) addi    s7, s7, 1541
core   0: 3 0x80000150 (0x605b8b93) x23 0xbc791605
core   0: 0x80000154 (0xfff00593) li      a1, -1
core   0: 3 0x80000154 (0xfff00593) x11 0xffffffff
core   0: 0x80000158 (0x402e0133) sub     sp, t3, sp
core   0: 3 0x80000158 (0x402e0133) x 2 0xb1e7f081
core   0: 0x8000015c (0x9f3e3117) auipc   sp, 0x9f3e3
core   0: 3 0x8000015c (0x9f3e3117) x 2 0x1f3e315c
core   0: 0x80000160 (0x43ae70b7) lui     ra, 0x43ae7
core   0: 3 0x80000160 (0x43ae70b7) x 1 0x43ae7000
core   0: 0x80000164 (0xd3e78e13) addi    t3, a5, -706
core   0: 3 0x80000164 (0xd3e78e13) x28 0xfffffd3e
core   0: 0x80000168 (0x00000013) nop
core   0: 3 0x80000168 (0x00000013)
core   0: 0x8000016c (0x889e0b93) addi    s7, t3, -1911
core   0: 3 0x8000016c (0x889e0b93) x23 0xfffff5c7
core   0: 0x80000170 (0x00000013) nop
core   0: 3 0x80000170 (0x00000013)
core   0: 0x80000174 (0x00000013) nop
core   0: 3 0x80000174 (0x00000013)
core   0: 0x80000178 (0xf4d10993) addi    s3, sp, -179
core   0: 3 0x80000178 (0xf4d10993) x19 0x1f3e30a9
core   0: 0x8000017c (0x71a74bb7) lui     s7, 0x71a74
core   0: 3 0x8000017c (0x71a74bb7) x23 0x71a74000
core   0: 0x80000180 (0x34c08e13) addi    t3, ra, 844
core   0: 3 0x80000180 (0x34c08e13) x28 0x43ae734c
core   0: 0x80000184 (0x3dbdf2b7) lui     t0, 0x3dbdf
core   0: 3 0x80000184 (0x3dbdf2b7) x 5 0x3dbdf000
core   0: 0x80000188 (0x00000013) nop
core   0: 3 0x80000188 (0x00000013)
core   0: 0x8000018c (0x417e02b3) sub     t0, t3, s7
core   0: 3 0x8000018c (0x417e02b3) x 5 0xd207334c
core   0: 0x80000190 (0x00000013) nop
core   0: 3 0x80000190 (0x00000013)
core   0: 0x80000194 (0x005984b3) add     s1, s3, t0
core   0: 3 0x80000194 (0x005984b3) x 9 0xf14563f5
core   0: 0x80000198 (0xa9545937) lui     s2, 0xa9545
core   0: 3 0x80000198 (0xa9545937) x18 0xa9545000
core   0: 0x8000019c (0xeefdd937) lui     s2, 0xeefdd
core   0: 3 0x8000019c (0xeefdd937) x18 0xeefdd000
core   0: 0x800001a0 (0xb0b28e13) addi    t3, t0, -1269
core   0: 3 0x800001a0 (0xb0b28e13) x28 0xd2072e57
core   0: 0x800001a4 (0x358065b7) lui     a1, 0x35806
core   0: 3 0x800001a4 (0x358065b7) x11 0x35806000
core   0: 0x800001a8 (0x59398793) addi    a5, s3, 1427
core   0: 3 0x800001a8 (0x59398793) x15 0x1f3e363c
core   0: 0x800001ac (0xa63ec4b7) lui     s1, 0xa63ec
core   0: 3 0x800001ac (0xa63ec4b7) x 9 0xa63ec000
core   0: 0x800001b0 (0xb8f2f797) auipc   a5, 0xb8f2f
core   0: 3 0x800001b0 (0xb8f2f797) x15 0x38f2f1b0
core   0: 0x800001b4 (0x40fb82b3) sub     t0, s7, a5
core   0: 3 0x800001b4 (0x40fb82b3) x 5 0x38b44e50
core   0: 0x800001b8 (0xc5c0d337) lui     t1, 0xc5c0d
core   0: 3 0x800001b8 (0xc5c0d337) x 6 0xc5c0d000
core   0: 0x800001bc (0x4f930313) addi    t1, t1, 1273
core   0: 3 0x800001bc (0x4f930313) x 6 0xc5c0d4f9
core   0: 0x800001c0 (0x00000513) li      a0, 0
core   0: 3 0x800001c0 (0x00000513) x10 0x00000000
core   0: 0x800001c4 (0x800003b7) lui     t2, 0x80000
core   0: 3 0x800001c4 (0x800003b7) x 7 0x80000000
core   0: 0x800001c8 (0xfff00b93) li      s7, -1
core   0: 3 0x800001c8 (0xfff00b93) x23 0xffffffff
core   0: 0x800001cc (0xd88c9137) lui     sp, 0xd88c9
core   0: 3 0x800001cc (0xd88c9137) x 2 0xd88c9000
core   0: 0x800001d0 (0x1c110113) addi    sp, sp, 449
core   0: 3 0x800001d0 (0x1c110113) x 2 0xd88c91c1
core   0: 0x800001d4 (0x800004b7) lui     s1, 0x80000
core   0: 3 0x800001d4 (0x800004b7) x 9 0x80000000
core   0: 0x800001d8 (0x80000a37) lui     s4, 0x80000
core   0: 3 0x800001d8 (0x80000a37) x20 0x80000000
core   0: 0x800001dc (0x00000d13) li      s10, 0
core   0: 3 0x800001dc (0x00000d13) x26 0x00000000
core   0: 0x800001e0 (0x00000b13) li      s6, 0
core   0: 3 0x800001e0 (0x00000b13) x22 0x00000000
core   0: 0x800001e4 (0xee7b7c37) lui     s8, 0xee7b7
core   0: 3 0x800001e4 (0xee7b7c37) x24 0xee7b7000
core   0: 0x800001e8 (0xa4cc0c13) addi    s8, s8, -1460
core   0: 3 0x800001e8 (0xa4cc0c13) x24 0xee7b6a4c
core   0: 0x800001ec (0x40610b33) sub     s6, sp, t1
core   0: 3 0x800001ec (0x40610b33) x22 0x12cbbcc8
core   0: 0x800001f0 (0xf9f51117) auipc   sp, 0xf9f51
core   0: 3 0x800001f0 (0xf9f51117) x 2 0x79f511f0
core   0: 0x800001f4 (0x48948b93) addi    s7, s1, 1161
core   0: 3 0x800001f4 (0x48948b93) x23 0x80000489
core   0: 0x800001f8 (0x691b94b7) lui     s1, 0x691b9
core   0: 3 0x800001f8 (0x691b94b7) x 9 0x691b9000
core   0: 0x800001fc (0x2f370b37) lui     s6, 0x2f370
core   0: 3 0x800001fc (0x2f370b37) x22 0x2f370000
core   0: 0x80000200 (0x41748a33) sub     s4, s1, s7
core   0: 3 0x80000200 (0x41748a33) x20 0xe91b8b77
core   0: 0x80000204 (0x00000013) nop
core   0: 3 0x80000204 (0x00000013)
core   0: 0x80000208 (0x7ff3c517) auipc   a0, 0x7ff3c
core   0: 3 0x80000208 (0x7ff3c517) x10 0xfff3c208
core   0: 0x8000020c (0x0430fb37) lui     s6, 0x430f
core   0: 3 0x8000020c (0x0430fb37) x22 0x0430f000
core   0: 0x80000210 (0x418c0333) sub     t1, s8, s8
core   0: 3 0x80000210 (0x418c0333) x 6 0x00000000
core   0: 0x80000214 (0x49be9a37) lui     s4, 0x49be9
core   0: 3 0x80000214 (0x49be9a37) x20 0x49be9000
core   0: 0x80000218 (0x41730bb3) sub     s7, t1, s7
core   0: 3 0x80000218 (0x41730bb3) x23 0x7ffffb77
core   0: 0x8000021c (0xca5a0513) addi    a0, s4, -859
core   0: 3 0x8000021c (0xca5a0513) x10 0x49be8ca5
core   0: 0x80000220 (0x35d38c13) addi    s8, t2, 861
core   0: 3 0x80000220 (0x35d38c13) x24 0x8000035d
core   0: 0x80000224 (0x00000013) nop
core   0: 3 0x80000224 (0x00000013)
core   0: 0x80000228 (0x3db77397) auipc   t2, 0x3db77
core   0: 3 0x80000228 (0x3db77397) x 7 0xbdb77228
core   0: 0x8000022c (0x4a4d0b93) addi    s7, s10, 1188
core   0: 3 0x8000022c (0x4a4d0b93) x23 0x000004a4
core   0: 0x80000230 (0x177fb4b7) lui     s1, 0x177fb
core   0: 3 0x80000230 (0x177fb4b7) x 9 0x177fb000
core   0: 0x80000234 (0x016d0d33) add     s10, s10, s6
core   0: 3 0x80000234 (0x016d0d33) x26 0x0430f000
core   0: 0x80000238 (0x00000013) nop
core   0: 3 0x80000238 (0x00000013)
core   0: 0x8000023c (0xe07ec537) lui     a0, 0xe07ec
core   0: 3 0x8000023c (0xe07ec537) x10 0xe07ec000
core   0: 0x80000240 (0xc46ce117) auipc   sp, 0xc46ce
core   0: 3 0x80000240 (0xc46ce117) x 2 0x446ce240
core   0: 0x80000244 (0x93612537) lui     a0, 0x93612
core   0: 3 0x80000244 (0x93612537) x10 0x93612000
core   0: 0x80000248 (0x00000013) nop
core   0: 3 0x80000248 (0x00000013)
core   0: 0x8000024c (0x3c1c7d17) auipc   s10, 0x3c1c7
core   0: 3 0x8000024c (0x3c1c7d17) x26 0xbc1c724c
core   0: 0x80000250 (0x00948c33) add     s8, s1, s1
core   0: 3 0x80000250 (0x00948c33) x24 0x2eff6000
core   0: 0x80000254 (0x989f5b97) auipc   s7, 0x989f5
core   0: 3 0x80000254 (0x989f5b97) x23 0x189f5254
core   0: 0x80000258 (0x106986b7) lui     a3, 0x10698
core   0: 3 0x80000258 (0x106986b7) x13 0x10698000
core   0: 0x8000025c (0x5a068693) addi    a3, a3, 1440
core   0: 3 0x8000025c (0x5a068693) x13 0x106985a0
core   0: 0x80000260 (0xfff00913) li      s2, -1
core   0: 3 0x80000260 (0xfff00913) x18 0xffffffff
core   0: 0x80000264 (0x875d3db7) lui     s11, 0x875d3
core   0: 3 0x80000264 (0x875d3db7) x27 0x875d3000
core   0: 0x80000268 (0x6bcd8d93) addi    s11, s11, 1724
core   0: 3 0x80000268 (0x6bcd8d93) x27 0x875d36bc
core   0: 0x8000026c (0x2f1f2837) lui     a6, 0x2f1f2
core   0: 3 0x8000026c (0x2f1f2837) x16 0x2f1f2000
core   0: 0x80000270 (0xe8e80813) addi    a6, a6, -370
core   0: 3 0x80000270 (0xe8e80813) x16 0x2f1f1e8e
core   0: 0x80000274 (0x1aec5237) lui     tp, 0x1aec5
core   0: 3 0x80000274 (0x1aec5237) x 4 0x1aec5000
core   0: 0x80000278 (0x79b20213) addi    tp, tp, 1947
core   0: 3 0x80000278 (0x79b20213) x 4 0x1aec579b
core   0: 0x8000027c (0x00000093) li      ra, 0
core   0: 3 0x8000027c (0x00000093) x 1 0x00000000
core   0: 0x80000280 (0x00000313) li      t1, 0
core   0: 3 0x80000280 (0x00000313) x 6 0x00000000
core   0: 0x80000284 (0x00000293) li      t0, 0
core   0: 3 0x80000284 (0x00000293) x 5 0x00000000
core   0: 0x80000288 (0xfff00893) li      a7, -1
core   0: 3 0x80000288 (0xfff00893) x17 0xffffffff
core   0: 0x8000028c (0x94cb75b7) lui     a1, 0x94cb7
core   0: 3 0x8000028c (0x94cb75b7) x11 0x94cb7000
core   0: 0x80000290 (0x35d58593) addi    a1, a1, 861
core   0: 3 0x80000290 (0x35d58593) x11 0x94cb735d
core   0: 0x80000294 (0xd8258893) addi    a7, a1, -638
core   0: 3 0x80000294 (0xd8258893) x17 0x94cb70df
core   0: 0x80000298 (0x00b88db3) add     s11, a7, a1
core   0: 3 0x80000298 (0x00b88db3) x27 0x2996e43c
core   0: 0x8000029c (0x54953837) lui     a6, 0x54953
core   0: 3 0x8000029c (0x54953837) x16 0x54953000
core   0: 0x800002a0 (0x406586b3) sub     a3, a1, t1
core   0: 3 0x800002a0 (0x406586b3) x13 0x94cb735d
core   0: 0x800002a4 (0x8ea8d217) auipc   tp, 0x8ea8d
core   0: 3 0x800002a4 (0x8ea8d217) x 4 0x0ea8d2a4
core   0: 0x800002a8 (0xa894f5b7) lui     a1, 0xa894f
core   0: 3 0x800002a8 (0xa894f5b7) x11 0xa894f000
core   0: 0x800002ac (0x40128233) sub     tp, t0, ra
core   0: 3 0x800002ac (0x40128233) x 4 0x00000000
core   0: 0x800002b0 (0x00000013) nop
core   0: 3 0x800002b0 (0x00000013)
core   0: 0x800002b4 (0x40690833) sub     a6, s2, t1
core   0: 3 0x800002b4 (0x40690833) x16 0xffffffff
core   0: 0x800002b8 (0x40b688b3) sub     a7, a3, a1
core   0: 3 0x800002b8 (0x40b688b3) x17 0xec36835d
core   0: 0x800002bc (0x01b28833) add     a6, t0, s11
core   0: 3 0x800002bc (0x01b28833) x16 0x2996e43c
core   0: 0x800002c0 (0x03a180b7) lui     ra, 0x3a18
core   0: 3 0x800002c0 (0x03a180b7) x 1 0x03a18000
core   0: 0x800002c4 (0xa4630913) addi    s2, t1, -1466
core   0: 3 0x800002c4 (0xa4630913) x18 0xfffffa46
core   0: 0x800002c8 (0x004688b3) add     a7, a3, tp
core   0: 3 0x800002c8 (0x004688b3) x17 0x94cb735d
core   0: 0x800002cc (0x00000013) nop
core   0: 3 0x800002cc (0x00000013)
core   0: 0x800002d0 (0x8a677317) auipc   t1, 0x8a677
core   0: 3 0x800002d0 (0x8a677317) x 6 0x0a6772d0
core   0: 0x800002d4 (0x18ff4d97) auipc   s11, 0x18ff4
core   0: 3 0x800002d4 (0x18ff4d97) x27 0x98ff42d4
core   0: 0x800002d8 (0xc9390913) addi    s2, s2, -877
core   0: 3 0x800002d8 (0xc9390913) x18 0xfffff6d9
core   0: 0x800002dc (0x00000013) nop
core   0: 3 0x800002dc (0x00000013)
core   0: 0x800002e0 (0x40668933) sub     s2, a3, t1
core   0: 3 0x800002e0 (0x40668933) x18 0x8a64008d
core   0: 0x800002e4 (0x40458233) sub     tp, a1, tp
core   0: 3 0x800002e4 (0x40458233) x 4 0xa894f000
core   0: 0x800002e8 (0x8a0b56b7) lui     a3, 0x8a0b5
core   0: 3 0x800002e8 (0x8a0b56b7) x13 0x8a0b5000
core   0: 0x800002ec (0x00b08db3) add     s11, ra, a1
core   0: 3 0x800002ec (0x00b08db3) x27 0xac367000
core   0: 0x800002f0 (0x00490db3) add     s11, s2, tp
core   0: 3 0x800002f0 (0x00490db3) x27 0x32f8f08d
core   0: 0x800002f4 (0x00000013) nop
core   0: 3 0x800002f4 (0x00000013)
core   0: 0x800002f8 (0x006d8593) addi    a1, s11, 6
core   0: 3 0x800002f8 (0x006d8593) x11 0x32f8f093
core   0: 0x800002fc (0x00bd86b3) add     a3, s11, a1
core   0: 3 0x800002fc (0x00bd86b3) x13 0x65f1e120
core   0: 0x80000300 (0x00d58833) add     a6, a1, a3
core   0: 3 0x80000300 (0x00d58833) x16 0x98ead1b3
core   0: 0x80000304 (0x40dd82b3) sub     t0, s11, a3
core   0: 3 0x80000304 (0x40dd82b3) x 5 0xcd070f6d
core   0: 0x80000308 (0xfff00913) li      s2, -1
core   0: 3 0x80000308 (0xfff00913) x18 0xffffffff
core   0: 0x8000030c (0xefee11b7) lui     gp, 0xefee1
core   0: 3 0x8000030c (0xefee11b7) x 3 0xefee1000
core   0: 0x80000310 (0xd5c18193) addi    gp, gp, -676
core   0: 3 0x80000310 (0xd5c18193) x 3 0xefee0d5c
core   0: 0x80000314 (0x00000213) li      tp, 0
core   0: 3 0x80000314 (0x00000213) x 4 0x00000000
core   0: 0x80000318 (0x09fc7b37) lui     s6, 0x9fc7
core   0: 3 0x80000318 (0x09fc7b37) x22 0x09fc7000
core   0: 0x8000031c (0xdd1b0b13) addi    s6, s6, -559
core   0: 3 0x8000031c (0xdd1b0b13) x22 0x09fc6dd1
core   0: 0x80000320 (0xfff00793) li      a5, -1
core   0: 3 0x80000320 (0xfff00793) x15 0xffffffff
core   0: 0x80000324 (0x83751c37) lui     s8, 0x83751
core   0: 3 0x80000324 (0x83751c37) x24 0x83751000
core   0: 0x80000328 (0x720c0c13) addi    s8, s8, 1824
core   0: 3 0x80000328 (0x720c0c13) x24 0x83751720
core   0: 0x8000032c (0xfff00f93) li      t6, -1
core   0: 3 0x8000032c (0xfff00f93) x31 0xffffffff
core   0: 0x80000330 (0xfff00b93) li      s7, -1
core   0: 3 0x80000330 (0xfff00b93) x23 0xffffffff
core   0: 0x80000334 (0xfff00293) li      t0, -1
core   0: 3 0x80000334 (0xfff00293) x 5 0xffffffff
core   0: 0x80000338 (0xfff00813) li      a6, -1
core   0: 3 0x80000338 (0xfff00813) x16 0xffffffff
core   0: 0x8000033c (0x4a2f0797) auipc   a5, 0x4a2f0
core   0: 3 0x8000033c (0x4a2f0797) x15 0xca2f033c
core   0: 0x80000340 (0x00000013) nop
core   0: 3 0x80000340 (0x00000013)
core   0: 0x80000344 (0x55d261b7) lui     gp, 0x55d26
core   0: 3 0x80000344 (0x55d261b7) x 3 0x55d26000
core   0: 0x80000348 (0x99b78c13) addi    s8, a5, -1637
core   0: 3 0x80000348 (0x99b78c13) x24 0xca2efcd7
core   0: 0x8000034c (0x98c3b197) auipc   gp, 0x98c3b
core   0: 3 0x8000034c (0x98c3b197) x 3 0x18c3b34c
core   0: 0x80000350 (0x01678933) add     s2, a5, s6
core   0: 3 0x80000350 (0x01678933) x18 0xd42b710d
core   0: 0x80000354 (0x00000013) nop
core   0: 3 0x80000354 (0x00000013)
core   0: 0x80000358 (0x403787b3) sub     a5, a5, gp
core   0: 3 0x80000358 (0x403787b3) x15 0xb16b4ff0
core   0: 0x8000035c (0x00000013) nop
core   0: 3 0x8000035c (0x00000013)
core   0: 0x80000360 (0xb6878b13) addi    s6, a5, -1176
core   0: 3 0x80000360 (0xb6878b13) x22 0xb16b4b58
core   0: 0x80000364 (0xd1ed9797) auipc   a5, 0xd1ed9
core   0: 3 0x80000364 (0xd1ed9797) x15 0x51ed9364
core   0: 0x80000368 (0x018907b3) add     a5, s2, s8
core   0: 3 0x80000368 (0x018907b3) x15 0x9e5a6de4
core   0: 0x8000036c (0x00f90c33) add     s8, s2, a5
core   0: 3 0x8000036c (0x00f90c33) x24 0x7285def1
core   0: 0x80000370 (0x40428c33) sub     s8, t0, tp
core   0: 3 0x80000370 (0x40428c33) x24 0xffffffff
core   0: 0x80000374 (0x00000013) nop
core   0: 3 0x80000374 (0x00000013)
core   0: 0x80000378 (0x40490933) sub     s2, s2, tp
core   0: 3 0x80000378 (0x40490933) x18 0xd42b710d
core   0: 0x8000037c (0x00000013) nop
core   0: 3 0x8000037c (0x00000013)
core   0: 0x80000380 (0x00000013) nop
core   0: 3 0x80000380 (0x00000013)
core   0: 0x80000384 (0x252acc37) lui     s8, 0x252ac
core   0: 3 0x80000384 (0x252acc37) x24 0x252ac000
core   0: 0x80000388 (0x004f81b3) add     gp, t6, tp
core   0: 3 0x80000388 (0x004f81b3) x 3 0xffffffff
core   0: 0x8000038c (0xdcfb67b7) lui     a5, 0xdcfb6
core   0: 3 0x8000038c (0xdcfb67b7) x15 0xdcfb6000
core   0: 0x80000390 (0xfff00a13) li      s4, -1
core   0: 3 0x80000390 (0xfff00a13) x20 0xffffffff
core   0: 0x80000394 (0xfff00193) li      gp, -1
core   0: 3 0x80000394 (0xfff00193) x 3 0xffffffff
core   0: 0x80000398 (0x00000f13) li      t5, 0
core   0: 3 0x80000398 (0x00000f13) x30 0x00000000
core   0: 0x8000039c (0x80000337) lui     t1, 0x80000
core   0: 3 0x8000039c (0x80000337) x 6 0x80000000
core   0: 0x800003a0 (0xfff00993) li      s3, -1
core   0: 3 0x800003a0 (0xfff00993) x19 0xffffffff
core   0: 0x800003a4 (0xfff00e13) li      t3, -1
core   0: 3 0x800003a4 (0xfff00e13) x28 0xffffffff
core   0: 0x800003a8 (0x800007b7) lui     a5, 0x80000
core   0: 3 0x800003a8 (0x800007b7) x15 0x80000000
core   0: 0x800003ac (0x95728737) lui     a4, 0x95728
core   0: 3 0x800003ac (0x95728737) x14 0x95728000
core   0: 0x800003b0 (0x01670713) addi    a4, a4, 22
core   0: 3 0x800003b0 (0x01670713) x14 0x95728016
core   0: 0x800003b4 (0xba11dab7) lui     s5, 0xba11d
core   0: 3 0x800003b4 (0xba11dab7) x21 0xba11d000
core   0: 0x800003b8 (0x0fda8a93) addi    s5, s5, 253
core   0: 3 0x800003b8 (0x0fda8a93) x21 0xba11d0fd
core   0: 0x800003bc (0x00000213) li      tp, 0
core   0: 3 0x800003bc (0x00000213) x 4 0x00000000
core   0: 0x800003c0 (0x00418e33) add     t3, gp, tp
core   0: 3 0x800003c0 (0x00418e33) x28 0xffffffff
core   0: 0x800003c4 (0x19d98f13) addi    t5, s3, 413
core   0: 3 0x800003c4 (0x19d98f13) x30 0x0000019c
core   0: 0x800003c8 (0x839f0993) addi    s3, t5, -1991
core   0: 3 0x800003c8 (0x839f0993) x19 0xfffff9d5
core   0: 0x800003cc (0x00000013) nop
core   0: 3 0x800003cc (0x00000013)
core   0: 0x800003d0 (0x01c707b3) add     a5, a4, t3
core   0: 3 0x800003d0 (0x01c707b3) x15 0x95728015
core   0: 0x800003d4 (0x006e0a33) add     s4, t3, t1
core   0: 3 0x800003d4 (0x006e0a33) x20 0x7fffffff
core   0: 0x800003d8 (0x41498ab3) sub     s5, s3, s4
core   0: 3 0x800003d8 (0x41498ab3) x21 0x7ffff9d6
core   0: 0x800003dc (0xe3418993) addi    s3, gp, -460
core   0: 3 0x800003dc (0xe3418993) x19 0xfffffe33
core   0: 0x800003e0 (0x43f95e37) lui     t3, 0x43f95
core   0: 3 0x800003e0 (0x43f95e37) x28 0x43f95000
core   0: 0x800003e4 (0x00000013) nop
core   0: 3 0x800003e4 (0x00000013)
core   0: 0x800003e8 (0x40f209b3) sub     s3, tp, a5
core   0: 3 0x800003e8 (0x40f209b3) x19 0x6a8d7feb
core   0: 0x800003ec (0x0a520f13) addi    t5, tp, 165
core   0: 3 0x800003ec (0x0a520f13) x30 0x000000a5
core   0: 0x800003f0 (0x00000013) nop
core   0: 3 0x800003f0 (0x00000013)
core   0: 0x800003f4 (0xf43e0313) addi    t1, t3, -189
core   0: 3 0x800003f4 (0xf43e0313) x 6 0x43f94f43
core   0: 0x800003f8 (0xdf7f1797) auipc   a5, 0xdf7f1
core   0: 3 0x800003f8 (0xdf7f1797) x15 0x5f7f13f8
core   0: 0x800003fc (0x11af0993) addi    s3, t5, 282
core   0: 3 0x800003fc (0x11af0993) x19 0x000001bf
core   0: 0x80000400 (0x80000537) lui     a0, 0x80000
core   0: 3 0x80000400 (0x80000537) x10 0x80000000
core   0: 0x80000404 (0xfff00f13) li      t5, -1
core   0: 3 0x80000404 (0xfff00f13) x30 0xffffffff
core   0: 0x80000408 (0xfff00893) li      a7, -1
core   0: 3 0x80000408 (0xfff00893) x17 0xffffffff
core   0: 0x8000040c (0xfff00493) li      s1, -1
core   0: 3 0x8000040c (0xfff00493) x 9 0xffffffff
core   0: 0x80000410 (0xfff00693) li      a3, -1
core   0: 3 0x80000410 (0xfff00693) x13 0xffffffff
core   0: 0x80000414 (0x00000213) li      tp, 0
core   0: 3 0x80000414 (0x00000213) x 4 0x00000000
core   0: 0x80000418 (0x80000d37) lui     s10, 0x80000
core   0: 3 0x80000418 (0x80000d37) x26 0x80000000
core   0: 0x8000041c (0x0cb58bb7) lui     s7, 0xcb58
core   0: 3 0x8000041c (0x0cb58bb7) x23 0x0cb58000
core   0: 0x80000420 (0xf53b8b93) addi    s7, s7, -173
core   0: 3 0x80000420 (0xf53b8b93) x23 0x0cb57f53
core   0: 0x80000424 (0x00000f93) li      t6, 0
core   0: 3 0x80000424 (0x00000f93) x31 0x00000000
core   0: 0x80000428 (0xfff00e13) li      t3, -1
core   0: 3 0x80000428 (0xfff00e13) x28 0xffffffff
core   0: 0x8000042c (0x8ccd6e37) lui     t3, 0x8ccd6
core   0: 3 0x8000042c (0x8ccd6e37) x28 0x8ccd6000
core   0: 0x80000430 (0x01f208b3) add     a7, tp, t6
core   0: 3 0x80000430 (0x01f208b3) x17 0x00000000
core   0: 0x80000434 (0x00000013) nop
core   0: 3 0x80000434 (0x00000013)
core   0: 0x80000438 (0x01e488b3) add     a7, s1, t5
core   0: 3 0x80000438 (0x01e488b3) x17 0xfffffffe
core   0: 0x8000043c (0x5c4e0e17) auipc   t3, 0x5c4e0
core   0: 3 0x8000043c (0x5c4e0e17) x28 0xdc4e043c
core   0: 0x80000440 (0x41a484b3) sub     s1, s1, s10
core   0: 3 0x80000440 (0x41a484b3) x 9 0x7fffffff
core   0: 0x80000444 (0x00000013) nop
core   0: 3 0x80000444 (0x00000013)
core   0: 0x80000448 (0x8502b897) auipc   a7, 0x8502b
core   0: 3 0x80000448 (0x8502b897) x17 0x0502b448
core   0: 0x8000044c (0x44220693) addi    a3, tp, 1090
core   0: 3 0x8000044c (0x44220693) x13 0x00000442
core   0: 0x80000450 (0x00d50233) add     tp, a0, a3
core   0: 3 0x80000450 (0x00d50233) x 4 0x80000442
core   0: 0x80000454 (0x00000013) nop
core   0: 3 0x80000454 (0x00000013)
core   0: 0x80000458 (0x00000013) nop
core   0: 3 0x80000458 (0x00000013)
core   0: 0x8000045c (0x7dc49e37) lui     t3, 0x7dc49
core   0: 3 0x8000045c (0x7dc49e37) x28 0x7dc49000
core   0: 0x80000460 (0x1ecc9f17) auipc   t5, 0x1ecc9
core   0: 3 0x80000460 (0x1ecc9f17) x30 0x9ecc9460
core   0: 0x80000464 (0x00000013) nop
core   0: 3 0x80000464 (0x00000013)
core   0: 0x80000468 (0x46de3237) lui     tp, 0x46de3
core   0: 3 0x80000468 (0x46de3237) x 4 0x46de3000
core   0: 0x8000046c (0x00000013) nop
core   0: 3 0x8000046c (0x00000013)
core   0: 0x80000470 (0x0f6f0513) addi    a0, t5, 246
core   0: 3 0x80000470 (0x0f6f0513) x10 0x9ecc9556
core   0: 0x80000474 (0x004204b3) add     s1, tp, tp
core   0: 3 0x80000474 (0x004204b3) x 9 0x8dbc6000
core   0: 0x80000478 (0x00000013) nop
core   0: 3 0x80000478 (0x00000013)
core   0: 0x8000047c (0x41cb8f33) sub     t5, s7, t3
core   0: 3 0x8000047c (0x41cb8f33) x30 0x8ef0ef53
core   0: 0x80000480 (0x01a686b3) add     a3, a3, s10
core   0: 3 0x80000480 (0x01a686b3) x13 0x80000442
core   0: 0x80000484 (0x8269df17) auipc   t5, 0x8269d
core   0: 3 0x80000484 (0x8269df17) x30 0x0269d484
core   0: 0x80000488 (0x009e0533) add     a0, t3, s1
core   0: 3 0x80000488 (0x009e0533) x10 0x0b80f000
core   0: 0x8000048c (0xaa888897) auipc   a7, 0xaa888
core   0: 3 0x8000048c (0xaa888897) x17 0x2a88848c
core   0: 0x80000490 (0x00000013) nop
core   0: 3 0x80000490 (0x00000013)
core   0: 0x80000494 (0xfff00793) li      a5, -1
core   0: 3 0x80000494 (0xfff00793) x15 0xffffffff
core   0: 0x80000498 (0x800005b7) lui     a1, 0x80000
core   0: 3 0x80000498 (0x800005b7) x11 0x80000000
core   0: 0x8000049c (0x96a95db7) lui     s11, 0x96a95
core   0: 3 0x8000049c (0x96a95db7) x27 0x96a95000
core   0: 0x800004a0 (0xcf2d8d93) addi    s11, s11, -782
core   0: 3 0x800004a0 (0xcf2d8d93) x27 0x96a94cf2
core   0: 0x800004a4 (0xa3c206b7) lui     a3, 0xa3c20
core   0: 3 0x800004a4 (0xa3c206b7) x13 0xa3c20000
core   0: 0x800004a8 (0xe6a68693) addi    a3, a3, -406
core   0: 3 0x800004a8 (0xe6a68693) x13 0xa3c1fe6a
core   0: 0x800004ac (0xfff00313) li      t1, -1
core   0: 3 0x800004ac (0xfff00313) x 6 0xffffffff
core   0: 0x800004b0 (0xfff00613) li      a2, -1
core   0: 3 0x800004b0 (0xfff00613) x12 0xffffffff
core   0: 0x800004b4 (0x80000f37) lui     t5, 0x80000
core   0: 3 0x800004b4 (0x80000f37) x30 0x80000000
core   0: 0x800004b8 (0x80000937) lui     s2, 0x80000
core   0: 3 0x800004b8 (0x80000937) x18 0x80000000
core   0: 0x800004bc (0xfff00a93) li      s5, -1
core   0: 3 0x800004bc (0xfff00a93) x21 0xffffffff
core   0: 0x800004c0 (0x00000213) li      tp, 0
core   0: 3 0x800004c0 (0x00000213) x 4 0x00000000
core   0: 0x800004c4 (0x00c90933) add     s2, s2, a2
core   0: 3 0x800004c4 (0x00c90933) x18 0x7fffffff
core   0: 0x800004c8 (0x4d9d8613) addi    a2, s11, 1241
core   0: 3 0x800004c8 (0x4d9d8613) x12 0x96a951cb
core   0: 0x800004cc (0x00000013) nop
core   0: 3 0x800004cc (0x00000013)
core   0: 0x800004d0 (0x015906b3) add     a3, s2, s5
core   0: 3 0x800004d0 (0x015906b3) x13 0x7ffffffe
core   0: 0x800004d4 (0xb399a617) auipc   a2, 0xb399a
core   0: 3 0x800004d4 (0xb399a617) x12 0x3399a4d4
core   0: 0x800004d8 (0x00f586b3) add     a3, a1, a5
core   0: 3 0x800004d8 (0x00f586b3) x13 0x7fffffff
core   0: 0x800004dc (0x00000013) nop
core   0: 3 0x800004dc (0x00000013)
core   0: 0x800004e0 (0x01bd8233) add     tp, s11, s11
core   0: 3 0x800004e0 (0x01bd8233) x 4 0x2d5299e4
core   0: 0x800004e4 (0x00000013) nop
core   0: 3 0x800004e4 (0x00000013)
core   0: 0x800004e8 (0x38f64597) auipc   a1, 0x38f64
core   0: 3 0x800004e8 (0x38f64597) x11 0xb8f644e8
core   0: 0x800004ec (0x40d205b3) sub     a1, tp, a3
core   0: 3 0x800004ec (0x40d205b3) x11 0xad5299e5
core   0: 0x800004f0 (0x3b4ec317) auipc   t1, 0x3b4ec
core   0: 3 0x800004f0 (0x3b4ec317) x 6 0xbb4ec4f0
core   0: 0x800004f4 (0x00000013) nop
core   0: 3 0x800004f4 (0x00000013)
core   0: 0x800004f8 (0x0f4b8597) auipc   a1, 0xf4b8
core   0: 3 0x800004f8 (0x0f4b8597) x11 0x8f4b84f8
core   0: 0x800004fc (0x404306b3) sub     a3, t1, tp
core   0: 3 0x800004fc (0x404306b3) x13 0x8dfc2b0c
core   0: 0x80000500 (0x00000013) nop
core   0: 3 0x80000500 (0x00000013)
core   0: 0x80000504 (0x39628f37) lui     t5, 0x39628
core   0: 3 0x80000504 (0x39628f37) x30 0x39628000
core   0: 0x80000508 (0x53c35617) auipc   a2, 0x53c35
core   0: 3 0x80000508 (0x53c35617) x12 0xd3c35508
core   0: 0x8000050c (0x89290913) addi    s2, s2, -1902
core   0: 3 0x8000050c (0x89290913) x18 0x7ffff891
core   0: 0x80000510 (0x9badc217) auipc   tp, 0x9badc
core   0: 3 0x80000510 (0x9badc217) x 4 0x1badc510
core   0: 0x80000514 (0xdbe55f37) lui     t5, 0xdbe55
core   0: 3 0x80000514 (0xdbe55f37) x30 0xdbe55000
core   0: 0x80000518 (0x40fd8933) sub     s2, s11, a5
core   0: 3 0x80000518 (0x40fd8933) x18 0x96a94cf3
core   0: 0x8000051c (0x552a8313) addi    t1, s5, 1362
core   0: 3 0x8000051c (0x552a8313) x 6 0x00000551
core   0: 0x80000520 (0x00000013) nop
core   0: 3 0x80000520 (0x00000013)
core   0: 0x80000524 (0x00ba8ab3) add     s5, s5, a1
core   0: 3 0x80000524 (0x00ba8ab3) x21 0x8f4b84f7
core   0: 0x80000528 (0x40b78933) sub     s2, a5, a1
core   0: 3 0x80000528 (0x40b78933) x18 0x70b47b07
core   0: 0x8000052c (0x2ffd37b7) lui     a5, 0x2ffd3
core   0: 3 0x8000052c (0x2ffd37b7) x15 0x2ffd3000
core   0: 0x80000530 (0x30e55d97) auipc   s11, 0x30e55
core   0: 3 0x80000530 (0x30e55d97) x27 0xb0e55530
core   0: 0x80000534 (0x40f68633) sub     a2, a3, a5
core   0: 3 0x80000534 (0x40f68633) x12 0x5dfefb0c
core   0: 0x80000538 (0x800007b7) lui     a5, 0x80000
core   0: 3 0x80000538 (0x800007b7) x15 0x80000000
core   0: 0x8000053c (0x80000e37) lui     t3, 0x80000
core   0: 3 0x8000053c (0x80000e37) x28 0x80000000
core   0: 0x80000540 (0xfff00293) li      t0, -1
core   0: 3 0x80000540 (0xfff00293) x 5 0xffffffff
core   0: 0x80000544 (0x80000db7) lui     s11, 0x80000
core   0: 3 0x80000544 (0x80000db7) x27 0x80000000
core   0: 0x80000548 (0x232cff37) lui     t5, 0x232cf
core   0: 3 0x80000548 (0x232cff37) x30 0x232cf000
core   0: 0x8000054c (0x7ecf0f13) addi    t5, t5, 2028
core   0: 3 0x8000054c (0x7ecf0f13) x30 0x232cf7ec
core   0: 0x80000550 (0x7e5a1237) lui     tp, 0x7e5a1
core   0: 3 0x80000550 (0x7e5a1237) x 4 0x7e5a1000
core   0: 0x80000554 (0x74d20213) addi    tp, tp, 1869
core   0: 3 0x80000554 (0x74d20213) x 4 0x7e5a174d
core   0: 0x80000558 (0x23c9c0b7) lui     ra, 0x23c9c
core   0: 3 0x80000558 (0x23c9c0b7) x 1 0x23c9c000
core   0: 0x8000055c (0x97708093) addi    ra, ra, -1673
core   0: 3 0x8000055c (0x97708093) x 1 0x23c9b977
core   0: 0x80000560 (0x541aa837) lui     a6, 0x541aa
core   0: 3 0x80000560 (0x541aa837) x16 0x541aa000
core   0: 0x80000564 (0xd2b80813) addi    a6, a6, -725
core   0: 3 0x80000564 (0xd2b80813) x16 0x541a9d2b
core   0: 0x80000568 (0x00000713) li      a4, 0
core   0: 3 0x80000568 (0x00000713) x14 0x00000000
core   0: 0x8000056c (0x00000c13) li      s8, 0
core   0: 3 0x8000056c (0x00000c13) x24 0x00000000
core   0: 0x80000570 (0xf0ed8293) addi    t0, s11, -242
core   0: 3 0x80000570 (0xf0ed8293) x 5 0x7fffff0e
core   0: 0x80000574 (0xb3c31e37) lui     t3, 0xb3c31
core   0: 3 0x80000574 (0xb3c31e37) x28 0xb3c31000
core   0: 0x80000578 (0x40ef02b3) sub     t0, t5, a4
core   0: 3 0x80000578 (0x40ef02b3) x 5 0x232cf7ec
core   0: 0x8000057c (0x85ff0213) addi    tp, t5, -1953
core   0: 3 0x8000057c (0x85ff0213) x 4 0x232cf04b
core   0: 0x80000580 (0x00000013) nop
core   0: 3 0x80000580 (0x00000013)
core   0: 0x80000584 (0x82328d93) addi    s11, t0, -2013
core   0: 3 0x80000584 (0x82328d93) x27 0x232cf00f
core   0: 0x80000588 (0x40e700b3) sub     ra, a4, a4
core   0: 3 0x80000588 (0x40e700b3) x 1 0x00000000
core   0: 0x8000058c (0x00000013) nop
core   0: 3 0x8000058c (0x00000013)
core   0: 0x80000590 (0x8fc07737) lui     a4, 0x8fc07
core   0: 3 0x80000590 (0x8fc07737) x14 0x8fc07000
core   0: 0x80000594 (0x018c0db3) add     s11, s8, s8
core   0: 3 0x80000594 (0x018c0db3) x27 0x00000000
core   0: 0x80000598 (0xb04d82b7) lui     t0, 0xb04d8
core   0: 3 0x80000598 (0xb04d82b7) x 5 0xb04d8000
core   0: 0x8000059c (0x86bca837) lui     a6, 0x86bca
core   0: 3 0x8000059c (0x86bca837) x16 0x86bca000
core   0: 0x800005a0 (0x076ac217) auipc   tp, 0x76ac
core   0: 3 0x800005a0 (0x076ac217) x 4 0x876ac5a0
core   0: 0x800005a4 (0x001780b3) add     ra, a5, ra
core   0: 3 0x800005a4 (0x001780b3) x 1 0x80000000
core   0: 0x800005a8 (0xbeb29817) auipc   a6, 0xbeb29
core   0: 3 0x800005a8 (0xbeb29817) x16 0x3eb295a8
core   0: 0x800005ac (0x2a028793) addi    a5, t0, 672
core   0: 3 0x800005ac (0x2a028793) x15 0xb04d82a0
core   0: 0x800005b0 (0x48e927b7) lui     a5, 0x48e92
core   0: 3 0x800005b0 (0x48e927b7) x15 0x48e92000
core   0: 0x800005b4 (0x018c0833) add     a6, s8, s8
core   0: 3 0x800005b4 (0x018c0833) x16 0x00000000
core   0: 0x800005b8 (0x00000013) nop
core   0: 3 0x800005b8 (0x00000013)
core   0: 0x800005bc (0x00408733) add     a4, ra, tp
core   0: 3 0x800005bc (0x00408733) x14 0x076ac5a0
core   0: 0x800005c0 (0x4c217f37) lui     t5, 0x4c217
core   0: 3 0x800005c0 (0x4c217f37) x30 0x4c217000
core   0: 0x800005c4 (0xd04cb797) auipc   a5, 0xd04cb
core   0: 3 0x800005c4 (0xd04cb797) x15 0x504cb5c4
core   0: 0x800005c8 (0x00f78833) add     a6, a5, a5
core   0: 3 0x800005c8 (0x00f78833) x16 0xa0996b88
core   0: 0x800005cc (0x67837837) lui     a6, 0x67837
core   0: 3 0x800005cc (0x67837837) x16 0x67837000
core   0: 0x800005d0 (0xc3cad0b7) lui     ra, 0xc3cad
core   0: 3 0x800005d0 (0xc3cad0b7) x 1 0xc3cad000
core   0: 0x800005d4 (0xfff00313) li      t1, -1
core   0: 3 0x800005d4 (0xfff00313) x 6 0xffffffff
core   0: 0x800005d8 (0x00000913) li      s2, 0
core   0: 3 0x800005d8 (0x00000913) x18 0x00000000
core   0: 0x800005dc (0xfff00893) li      a7, -1
core   0: 3 0x800005dc (0xfff00893) x17 0xffffffff
core   0: 0x800005e0 (0xfff00093) li      ra, -1
core   0: 3 0x800005e0 (0xfff00093) x 1 0xffffffff
core   0: 0x800005e4 (0x80000ab7) lui     s5, 0x80000
core   0: 3 0x800005e4 (0x80000ab7) x21 0x80000000
core   0: 0x800005e8 (0x00000713) li      a4, 0
core   0: 3 0x800005e8 (0x00000713) x14 0x00000000
core   0: 0x800005ec (0x8b9317b7) lui     a5, 0x8b931
core   0: 3 0x800005ec (0x8b9317b7) x15 0x8b931000
core   0: 0x800005f0 (0x0b178793) addi    a5, a5, 177
core   0: 3 0x800005f0 (0x0b178793) x15 0x8b9310b1
core   0: 0x800005f4 (0xfff00193) li      gp, -1
core   0: 3 0x800005f4 (0xfff00193) x 3 0xffffffff
core   0: 0x800005f8 (0x0c4c79b7) lui     s3, 0xc4c7
core   0: 3 0x800005f8 (0x0c4c79b7) x19 0x0c4c7000
core   0: 0x800005fc (0xc6598993) addi    s3, s3, -923
core   0: 3 0x800005fc (0xc6598993) x19 0x0c4c6c65
core   0: 0x80000600 (0x00000493) li      s1, 0
core   0: 3 0x80000600 (0x00000493) x 9 0x00000000
core   0: 0x80000604 (0x00618933) add     s2, gp, t1
core   0: 3 0x80000604 (0x00618933) x18 0xfffffffe
core   0: 0x80000608 (0x009a8733) add     a4, s5, s1
core   0: 3 0x80000608 (0x009a8733) x14 0x80000000
core   0: 0x8000060c (0x00188733) add     a4, a7, ra
core   0: 3 0x8000060c (0x00188733) x14 0xfffffffe
core   0: 0x80000610 (0x00000013) nop
core   0: 3 0x80000610 (0x00000013)
core   0: 0x80000614 (0x015489b3) add     s3, s1, s5
core   0: 3 0x80000614 (0x015489b3) x19 0x80000000
core   0: 0x80000618 (0xaa890993) addi    s3, s2, -1368
core   0: 3 0x80000618 (0xaa890993) x19 0xfffffaa6
core   0: 0x8000061c (0x01378933) add     s2, a5, s3
core   0: 3 0x8000061c (0x01378933) x18 0x8b930b57
core   0: 0x80000620 (0x011a8933) add     s2, s5, a7
core   0: 3 0x80000620 (0x011a8933) x18 0x7fffffff
core   0: 0x80000624 (0x3860dab7) lui     s5, 0x3860d
core   0: 3 0x80000624 (0x3860dab7) x21 0x3860d000
core   0: 0x80000628 (0x89e294b7) lui     s1, 0x89e29
core   0: 3 0x80000628 (0x89e294b7) x 9 0x89e29000
core   0: 0x8000062c (0x1005a997) auipc   s3, 0x1005a
core   0: 3 0x8000062c (0x1005a997) x19 0x9005a62c
core   0: 0x80000630 (0x40f904b3) sub     s1, s2, a5
core   0: 3 0x80000630 (0x40f904b3) x 9 0xf46cef4e
core   0: 0x80000634 (0x96730493) addi    s1, t1, -1689
core   0: 3 0x80000634 (0x96730493) x 9 0xfffff966
core   0: 0x80000638 (0x01148733) add     a4, s1, a7
core   0: 3 0x80000638 (0x01148733) x14 0xfffff965
core   0: 0x8000063c (0x8cbaaa97) auipc   s5, 0x8cbaa
core   0: 3 0x8000063c (0x8cbaaa97) x21 0x0cbaa63c
core   0: 0x80000640 (0x00000013) nop
core   0: 3 0x80000640 (0x00000013)
core   0: 0x80000644 (0x00000013) nop
core   0: 3 0x80000644 (0x00000013)
core   0: 0x80000648 (0x81b70493) addi    s1, a4, -2021
core   0: 3 0x80000648 (0x81b70493) x 9 0xfffff180
core   0: 0x8000064c (0x33b10937) lui     s2, 0x33b10
core   0: 3 0x8000064c (0x33b10937) x18 0x33b10000
core   0: 0x80000650 (0x16956317) auipc   t1, 0x16956
core   0: 3 0x80000650 (0x16956317) x 6 0x96956650
core   0: 0x80000654 (0xe15c7ab7) lui     s5, 0xe15c7
core   0: 3 0x80000654 (0xe15c7ab7) x21 0xe15c7000
core   0: 0x80000658 (0xea602897) auipc   a7, 0xea602
core   0: 3 0x80000658 (0xea602897) x17 0x6a602658
core   0: 0x8000065c (0x00ea8733) add     a4, s5, a4
core   0: 3 0x8000065c (0x00ea8733) x14 0xe15c6965
core   0: 0x80000660 (0x15170993) addi    s3, a4, 337
core   0: 3 0x80000660 (0x15170993) x19 0xe15c6ab6
core   0: 0x80000664 (0x21070793) addi    a5, a4, 528
core   0: 3 0x80000664 (0x21070793) x15 0xe15c6b75
core   0: 0x80000668 (0x18293917) auipc   s2, 0x18293
core   0: 3 0x80000668 (0x18293917) x18 0x98293668
core   0: 0x8000066c (0xd8c78193) addi    gp, a5, -628
core   0: 3 0x8000066c (0xd8c78193) x 3 0xe15c6901
core   0: 0x80000670 (0xd811f7b7) lui     a5, 0xd811f
core   0: 3 0x80000670 (0xd811f7b7) x15 0xd811f000
core   0: 0x80000674 (0x69d23897) auipc   a7, 0x69d23
core   0: 3 0x80000674 (0x69d23897) x17 0xe9d23674
core   0: 0x80000678 (0xd5930793) addi    a5, t1, -679
core   0: 3 0x80000678 (0xd5930793) x15 0x969563a9
core   0: 0x8000067c (0x00000993) li      s3, 0
core   0: 3 0x8000067c (0x00000993) x19 0x00000000
core   0: 0x80000680 (0x00000913) li      s2, 0
core   0: 3 0x80000680 (0x00000913) x18 0x00000000
core   0: 0x80000684 (0x00000793) li      a5, 0
core   0: 3 0x80000684 (0x00000793) x15 0x00000000
core   0: 0x80000688 (0xfff00313) li      t1, -1
core   0: 3 0x80000688 (0xfff00313) x 6 0xffffffff
core   0: 0x8000068c (0x800008b7) lui     a7, 0x80000
core   0: 3 0x8000068c (0x800008b7) x17 0x80000000
core   0: 0x80000690 (0x00000213) li      tp, 0
core   0: 3 0x80000690 (0x00000213) x 4 0x00000000
core   0: 0x80000694 (0xfff00113) li      sp, -1
core   0: 3 0x80000694 (0xfff00113) x 2 0xffffffff
core   0: 0x80000698 (0xfff00a93) li      s5, -1
core   0: 3 0x80000698 (0xfff00a93) x21 0xffffffff
core   0: 0x8000069c (0xfff00593) li      a1, -1
core   0: 3 0x8000069c (0xfff00593) x11 0xffffffff
core   0: 0x800006a0 (0xfff00393) li      t2, -1
core   0: 3 0x800006a0 (0xfff00393) x 7 0xffffffff
core   0: 0x800006a4 (0x012789b3) add     s3, a5, s2
core   0: 3 0x800006a4 (0x012789b3) x19 0x00000000
core   0: 0x800006a8 (0x9783f7b7) lui     a5, 0x9783f
core   0: 3 0x800006a8 (0x9783f7b7) x15 0x9783f000
core   0: 0x800006ac (0xea420113) addi    sp, tp, -348
core   0: 3 0x800006ac (0xea420113) x 2 0xfffffea4
core   0: 0x800006b0 (0x166e0937) lui     s2, 0x166e0
core   0: 3 0x800006b0 (0x166e0937) x18 0x166e0000
core   0: 0x800006b4 (0xa9189597) auipc   a1, 0xa9189
core   0: 3 0x800006b4 (0xa9189597) x11 0x291896b4
core   0: 0x800006b8 (0x93816917) auipc   s2, 0x93816
core   0: 3 0x800006b8 (0x93816917) x18 0x138166b8
core   0: 0x800006bc (0x6ada8593) addi    a1, s5, 1709
core   0: 3 0x800006bc (0x6ada8593) x11 0x000006ac
core   0: 0x800006c0 (0x41358133) sub     sp, a1, s3
core   0: 3 0x800006c0 (0x41358133) x 2 0x000006ac
core   0: 0x800006c4 (0x01538933) add     s2, t2, s5
core   0: 3 0x800006c4 (0x01538933) x18 0xfffffffe
core   0: 0x800006c8 (0x00f88133) add     sp, a7, a5
core   0: 3 0x800006c8 (0x00f88133) x 2 0x1783f000
core   0: 0x800006cc (0x01230933) add     s2, t1, s2
core   0: 3 0x800006cc (0x01230933) x18 0xfffffffd
core   0: 0x800006d0 (0x53270217) auipc   tp, 0x53270
core   0: 3 0x800006d0 (0x53270217) x 4 0xd32706d0
core   0: 0x800006d4 (0x004788b3) add     a7, a5, tp
core   0: 3 0x800006d4 (0x004788b3) x17 0x6aaaf6d0
core   0: 0x800006d8 (0xcd1e5a97) auipc   s5, 0xcd1e5
core   0: 3 0x800006d8 (0xcd1e5a97) x21 0x4d1e56d8
core   0: 0x800006dc (0xec13c3b7) lui     t2, 0xec13c
core   0: 3 0x800006dc (0xec13c3b7) x 7 0xec13c000
core   0: 0x800006e0 (0x40798133) sub     sp, s3, t2
core   0: 3 0x800006e0 (0x40798133) x 2 0x13ec4000
core   0: 0x800006e4 (0x00000013) nop
core   0: 3 0x800006e4 (0x00000013)
core   0: 0x800006e8 (0x9ca067b7) lui     a5, 0x9ca06
core   0: 3 0x800006e8 (0x9ca067b7) x15 0x9ca06000
core   0: 0x800006ec (0x402389b3) sub     s3, t2, sp
core   0: 3 0x800006ec (0x402389b3) x19 0xd8278000
core   0: 0x800006f0 (0x006788b3) add     a7, a5, t1
core   0: 3 0x800006f0 (0x006788b3) x17 0x9ca05fff
core   0: 0x800006f4 (0x40488333) sub     t1, a7, tp
core   0: 3 0x800006f4 (0x40488333) x 6 0xc979592f
core   0: 0x800006f8 (0xa34a1797) auipc   a5, 0xa34a1
core   0: 3 0x800006f8 (0xa34a1797) x15 0x234a16f8
core   0: 0x800006fc (0x40610933) sub     s2, sp, t1
core   0: 3 0x800006fc (0x40610933) x18 0x4a72e6d1
core   0: 0x80000700 (0x9c59b937) lui     s2, 0x9c59b
core   0: 3 0x80000700 (0x9c59b937) x18 0x9c59b000
core   0: 0x80000704 (0x80000ab7) lui     s5, 0x80000
core   0: 3 0x80000704 (0x80000ab7) x21 0x80000000
core   0: 0x80000708 (0x00000893) li      a7, 0
core   0: 3 0x80000708 (0x00000893) x17 0x00000000
core   0: 0x8000070c (0x800003b7) lui     t2, 0x80000
core   0: 3 0x8000070c (0x800003b7) x 7 0x80000000
core   0: 0x80000710 (0x56947337) lui     t1, 0x56947
core   0: 3 0x80000710 (0x56947337) x 6 0x56947000
core   0: 0x80000714 (0x08e30313) addi    t1, t1, 142
core   0: 3 0x80000714 (0x08e30313) x 6 0x5694708e
core   0: 0x80000718 (0x00000513) li      a0, 0
core   0: 3 0x80000718 (0x00000513) x10 0x00000000
core   0: 0x8000071c (0x80000c37) lui     s8, 0x80000
core   0: 3 0x8000071c (0x80000c37) x24 0x80000000
core   0: 0x80000720 (0xcc794737) lui     a4, 0xcc794
core   0: 3 0x80000720 (0xcc794737) x14 0xcc794000
core   0: 0x80000724 (0xe8f70713) addi    a4, a4, -369
core   0: 3 0x80000724 (0xe8f70713) x14 0xcc793e8f
core   0: 0x80000728 (0x00000a13) li      s4, 0
core   0: 3 0x80000728 (0x00000a13) x20 0x00000000
core   0: 0x8000072c (0x1ac31837) lui     a6, 0x1ac31
core   0: 3 0x8000072c (0x1ac31837) x16 0x1ac31000
core   0: 0x80000730 (0x9b480813) addi    a6, a6, -1612
core   0: 3 0x80000730 (0x9b480813) x16 0x1ac309b4
core   0: 0x80000734 (0x763ffdb7) lui     s11, 0x763ff
core   0: 3 0x80000734 (0x763ffdb7) x27 0x763ff000
core   0: 0x80000738 (0xd6bd8d93) addi    s11, s11, -661
core   0: 3 0x80000738 (0xd6bd8d93) x27 0x763fed6b
core   0: 0x8000073c (0x40a70db3) sub     s11, a4, a0
core   0: 3 0x8000073c (0x40a70db3) x27 0xcc793e8f
core   0: 0x80000740 (0x70f38313) addi    t1, t2, 1807
core   0: 3 0x80000740 (0x70f38313) x 6 0x8000070f
core   0: 0x80000744 (0x41b50db3) sub     s11, a0, s11
core   0: 3 0x80000744 (0x41b50db3) x27 0x3386c171
core   0: 0x80000748 (0x40630db3) sub     s11, t1, t1
core   0: 3 0x80000748 (0x40630db3) x27 0x00000000
core   0: 0x8000074c (0x00000013) nop
core   0: 3 0x8000074c (0x00000013)
core   0: 0x80000750 (0x7fcd8d93) addi    s11, s11, 2044
core   0: 3 0x80000750 (0x7fcd8d93) x27 0x000007fc
core   0: 0x80000754 (0x015703b3) add     t2, a4, s5
core   0: 3 0x80000754 (0x015703b3) x 7 0x4c793e8f
core   0: 0x80000758 (0x00ad8533) add     a0, s11, a0
core   0: 3 0x80000758 (0x00ad8533) x10 0x000007fc
core   0: 0x8000075c (0x41170333) sub     t1, a4, a7
core   0: 3 0x8000075c (0x41170333) x 6 0xcc793e8f
core   0: 0x80000760 (0x01b383b3) add     t2, t2, s11
core   0: 3 0x80000760 (0x01b383b3) x 7 0x4c79468b
core   0: 0x80000764 (0x006a0733) add     a4, s4, t1
core   0: 3 0x80000764 (0x006a0733) x14 0xcc793e8f
core   0: 0x80000768 (0x1afc0713) addi    a4, s8, 431
core   0: 3 0x80000768 (0x1afc0713) x14 0x800001af
core   0: 0x8000076c (0x010c0533) add     a0, s8, a6
core   0: 3 0x8000076c (0x010c0533) x10 0x9ac309b4
core   0: 0x80000770 (0x00000013) nop
core   0: 3 0x80000770 (0x00000013)
core   0: 0x80000774 (0x00000013) nop
core   0: 3 0x80000774 (0x00000013)
core   0: 0x80000778 (0x77b6ec17) auipc   s8, 0x77b6e
core   0: 3 0x80000778 (0x77b6ec17) x24 0xf7b6e778
core   0: 0x8000077c (0x00000013) nop
core   0: 3 0x8000077c (0x00000013)
core   0: 0x80000780 (0xc2b46db7) lui     s11, 0xc2b46
core   0: 3 0x80000780 (0xc2b46db7) x27 0xc2b46000
core   0: 0x80000784 (0xac750d93) addi    s11, a0, -1337
core   0: 3 0x80000784 (0xac750d93) x27 0x9ac3047b
core   0: 0x80000788 (0x32fb3737) lui     a4, 0x32fb3
core   0: 3 0x80000788 (0x32fb3737) x14 0x32fb3000
core   0: 0x8000078c (0x41b308b3) sub     a7, t1, s11
core   0: 3 0x8000078c (0x41b308b3) x17 0x31b63a14
core   0: 0x80000790 (0x013c0d93) addi    s11, s8, 19
core   0: 3 0x80000790 (0x013c0d93) x27 0xf7b6e78b
core   0: 0x80000794 (0x5cf38513) addi    a0, t2, 1487
core   0: 3 0x80000794 (0x5cf38513) x10 0x4c794c5a
core   0: 0x80000798 (0x47f00537) lui     a0, 0x47f00
core   0: 3 0x80000798 (0x47f00537) x10 0x47f00000
core   0: 0x8000079c (0xbfaa63b7) lui     t2, 0xbfaa6
core   0: 3 0x8000079c (0xbfaa63b7) x 7 0xbfaa6000
core   0: 0x800007a0 (0x80000c37) lui     s8, 0x80000
core   0: 3 0x800007a0 (0x80000c37) x24 0x80000000
core   0: 0x800007a4 (0xfff00093) li      ra, -1
core   0: 3 0x800007a4 (0xfff00093) x 1 0xffffffff
core   0: 0x800007a8 (0xfff00f93) li      t6, -1
core   0: 3 0x800007a8 (0xfff00f93) x31 0xffffffff
core   0: 0x800007ac (0x80000e37) lui     t3, 0x80000
core   0: 3 0x800007ac (0x80000e37) x28 0x80000000
core   0: 0x800007b0 (0x800007b7) lui     a5, 0x80000
core   0: 3 0x800007b0 (0x800007b7) x15 0x80000000
core   0: 0x800007b4 (0xf89d2137) lui     sp, 0xf89d2
core   0: 3 0x800007b4 (0xf89d2137) x 2 0xf89d2000
core   0: 0x800007b8 (0x32e10113) addi    sp, sp, 814
core   0: 3 0x800007b8 (0x32e10113) x 2 0xf89d232e
core   0: 0x800007bc (0x00000a93) li      s5, 0
core   0: 3 0x800007bc (0x00000a93) x21 0x00000000
core   0: 0x800007c0 (0xfff00f13) li      t5, -1
core   0: 3 0x800007c0 (0xfff00f13) x30 0xffffffff
core   0: 0x800007c4 (0x800003b7) lui     t2, 0x80000
core   0: 3 0x800007c4 (0x800003b7) x 7 0x80000000
core   0: 0x800007c8 (0xfff00d93) li      s11, -1
core   0: 3 0x800007c8 (0xfff00d93) x27 0xffffffff
core   0: 0x800007cc (0x12003c37) lui     s8, 0x12003
core   0: 3 0x800007cc (0x12003c37) x24 0x12003000
core   0: 0x800007d0 (0x41808fb3) sub     t6, ra, s8
core   0: 3 0x800007d0 (0x41808fb3) x31 0xedffcfff
core   0: 0x800007d4 (0xce2e0a93) addi    s5, t3, -798
core   0: 3 0x800007d4 (0xce2e0a93) x21 0x7ffffce2
core   0: 0x800007d8 (0x00000013) nop
core   0: 3 0x800007d8 (0x00000013)
core   0: 0x800007dc (0x01ca83b3) add     t2, s5, t3
core   0: 3 0x800007dc (0x01ca83b3) x 7 0xfffffce2
core   0: 0x800007e0 (0x00000013) nop
core   0: 3 0x800007e0 (0x00000013)
core   0: 0x800007e4 (0x8a838793) addi    a5, t2, -1880
core   0: 3 0x800007e4 (0x8a838793) x15 0xfffff58a
core   0: 0x800007e8 (0x01cc0e33) add     t3, s8, t3
core   0: 3 0x800007e8 (0x01cc0e33) x28 0x92003000
core   0: 0x800007ec (0x01fe0ab3) add     s5, t3, t6
core   0: 3 0x800007ec (0x01fe0ab3) x21 0x7fffffff
core   0: 0x800007f0 (0xf1507db7) lui     s11, 0xf1507
core   0: 3 0x800007f0 (0xf1507db7) x27 0xf1507000
core   0: 0x800007f4 (0x001a8fb3) add     t6, s5, ra
core   0: 3 0x800007f4 (0x001a8fb3) x31 0x7ffffffe
core   0: 0x800007f8 (0x01fa8ab3) add     s5, s5, t6
core   0: 3 0x800007f8 (0x01fa8ab3) x21 0xfffffffd
core   0: 0x800007fc (0x00000013) nop
core   0: 3 0x800007fc (0x00000013)
core   0: 0x80000800 (0x5fb7f097) auipc   ra, 0x5fb7f
core   0: 3 0x80000800 (0x5fb7f097) x 1 0xdfb7f800
core   0: 0x80000804 (0x401e03b3) sub     t2, t3, ra
core   0: 3 0x80000804 (0x401e03b3) x 7 0xb2483800
core   0: 0x80000808 (0x59b9e797) auipc   a5, 0x59b9e
core   0: 3 0x80000808 (0x59b9e797) x15 0xd9b9e808
core   0: 0x8000080c (0x00000013) nop
core   0: 3 0x8000080c (0x00000013)
core   0: 0x80000810 (0x4bd9adb7) lui     s11, 0x4bd9a
core   0: 3 0x80000810 (0x4bd9adb7) x27 0x4bd9a000
core   0: 0x80000814 (0x00000013) nop
core   0: 3 0x80000814 (0x00000013)
core   0: 0x80000818 (0x41bc07b3) sub     a5, s8, s11
core   0: 3 0x80000818 (0x41bc07b3) x15 0xc6269000
core   0: 0x8000081c (0x01f08c33) add     s8, ra, t6
core   0: 3 0x8000081c (0x01f08c33) x24 0x5fb7f7fe
core   0: 0x80000820 (0x41ca87b3) sub     a5, s5, t3
core   0: 3 0x80000820 (0x41ca87b3) x15 0x6dffcffd
core   0: 0x80000824 (0x46fd2097) auipc   ra, 0x46fd2
core   0: 3 0x80000824 (0x46fd2097) x 1 0xc6fd2824
core   0: 0x80000828 (0x402c0f33) sub     t5, s8, sp
core   0: 3 0x80000828 (0x402c0f33) x30 0x671ad4d0
core   0: 0x8000082c (0x00000013) nop
core   0: 3 0x8000082c (0x00000013)
core   0: 0x80000830 (0x402e00b3) sub     ra, t3, sp
core   0: 3 0x80000830 (0x402e00b3) x 1 0x99630cd2
core   0: 0x80000834 (0x00000913) li      s2, 0
core   0: 3 0x80000834 (0x00000913) x18 0x00000000
core   0: 0x80000838 (0xfff00613) li      a2, -1
core   0: 3 0x80000838 (0xfff00613) x12 0xffffffff
core   0: 0x8000083c (0x00000213) li      tp, 0
core   0: 3 0x8000083c (0x00000213) x 4 0x00000000
core   0: 0x80000840 (0x80000ab7) lui     s5, 0x80000
core   0: 3 0x80000840 (0x80000ab7) x21 0x80000000
core   0: 0x80000844 (0x060d20b7) lui     ra, 0x60d2
core   0: 3 0x80000844 (0x060d20b7) x 1 0x060d2000
core   0: 0x80000848 (0xc5708093) addi    ra, ra, -937
core   0: 3 0x80000848 (0xc5708093) x 1 0x060d1c57
core   0: 0x8000084c (0xfff00713) li      a4, -1
core   0: 3 0x8000084c (0xfff00713) x14 0xffffffff
core   0: 0x80000850 (0x80000e37) lui     t3, 0x80000
core   0: 3 0x80000850 (0x80000e37) x28 0x80000000
core   0: 0x80000854 (0x429b77b7) lui     a5, 0x429b7
core   0: 3 0x80000854 (0x429b77b7) x15 0x429b7000
core   0: 0x80000858 (0x81878793) addi    a5, a5, -2024
core   0: 3 0x80000858 (0x81878793) x15 0x429b6818
core   0: 0x8000085c (0x80000fb7) lui     t6, 0x80000
core   0: 3 0x8000085c (0x80000fb7) x31 0x80000000
core   0: 0x80000860 (0xfff00193) li      gp, -1
core   0: 3 0x80000860 (0xfff00193) x 3 0xffffffff
core   0: 0x80000864 (0xa718bf97) auipc   t6, 0xa718b
core   0: 3 0x80000864 (0xa718bf97) x31 0x2718b864
core   0: 0x80000868 (0x35718e13) addi    t3, gp, 855
core   0: 3 0x80000868 (0x35718e13) x28 0x00000356
core   0: 0x8000086c (0x01c60933) add     s2, a2, t3
core   0: 3 0x8000086c (0x01c60933) x18 0x00000355
core   0: 0x80000870 (0x44b3ae37) lui     t3, 0x44b3a
core   0: 3 0x80000870 (0x44b3ae37) x28 0x44b3a000
core   0: 0x80000874 (0x01f60233) add     tp, a2, t6
core   0: 3 0x80000874 (0x01f60233) x 4 0x2718b863
core   0: 0x80000878 (0xa3198f97) auipc   t6, 0xa3198
core   0: 3 0x80000878 (0xa3198f97) x31 0x23198878
core   0: 0x8000087c (0x41208fb3) sub     t6, ra, s2
core   0: 3 0x8000087c (0x41208fb3) x31 0x060d1902
core   0: 0x80000880 (0x06620793) addi    a5, tp, 102
core   0: 3 0x80000880 (0x06620793) x15 0x2718b8c9
core   0: 0x80000884 (0x01f08733) add     a4, ra, t6
core   0: 3 0x80000884 (0x01f08733) x14 0x0c1a3559
core   0: 0x80000888 (0x35565ab7) lui     s5, 0x35565
core   0: 3 0x80000888 (0x35565ab7) x21 0x35565000
core   0: 0x8000088c (0x3c6bd097) auipc   ra, 0x3c6bd
core   0: 3 0x8000088c (0x3c6bd097) x 1 0xbc6bd88c
core   0: 0x80000890 (0x40f087b3) sub     a5, ra, a5
core   0: 3 0x80000890 (0x40f087b3) x15 0x95531fc3
core   0: 0x80000894 (0x00000013) nop
core   0: 3 0x80000894 (0x00000013)
core   0: 0x80000898 (0x00cf80b3) add     ra, t6, a2
core   0: 3 0x80000898 (0x00cf80b3) x 1 0x060d1901
core   0: 0x8000089c (0x75a08f93) addi    t6, ra, 1882
core   0: 3 0x8000089c (0x75a08f93) x31 0x060d205b
core   0: 0x800008a0 (0x015900b3) add     ra, s2, s5
core   0: 3 0x800008a0 (0x015900b3) x 1 0x35565355
core   0: 0x800008a4 (0x004a8933) add     s2, s5, tp
core   0: 3 0x800008a4 (0x004a8933) x18 0x5c6f0863
core   0: 0x800008a8 (0x00000013) nop
core   0: 3 0x800008a8 (0x00000013)
core   0: 0x800008ac (0x00000013) nop
core   0: 3 0x800008ac (0x00000013)
core   0: 0x800008b0 (0xa022a937) lui     s2, 0xa022a
core   0: 3 0x800008b0 (0xa022a937) x18 0xa022a000
core   0: 0x800008b4 (0x36ba3097) auipc   ra, 0x36ba3
core   0: 3 0x800008b4 (0x36ba3097) x 1 0xb6ba38b4
core   0: 0x800008b8 (0x00000013) nop
core   0: 3 0x800008b8 (0x00000013)
core   0: 0x800008bc (0x415601b3) sub     gp, a2, s5
core   0: 3 0x800008bc (0x415601b3) x 3 0xcaa9afff
core   0: 0x800008c0 (0xa38bd937) lui     s2, 0xa38bd
core   0: 3 0x800008c0 (0xa38bd937) x18 0xa38bd000
core   0: 0x800008c4 (0x00c607b3) add     a5, a2, a2
core   0: 3 0x800008c4 (0x00c607b3) x15 0xfffffffe
core   0: 0x800008c8 (0xf3ca8f93) addi    t6, s5, -196
core   0: 3 0x800008c8 (0xf3ca8f93) x31 0x35564f3c
core   0: 0x800008cc (0x4f590213) addi    tp, s2, 1269
core   0: 3 0x800008cc (0x4f590213) x 4 0xa38bd4f5
core   0: 0x800008d0 (0xb1122fb7) lui     t6, 0xb1122
core   0: 3 0x800008d0 (0xb1122fb7) x31 0xb1122000
core   0: 0x800008d4 (0x00000013) nop
core   0: 3 0x800008d4 (0x00000013)
core   0: 0x800008d8 (0x94361797) auipc   a5, 0x94361
core   0: 3 0x800008d8 (0x94361797) x15 0x143618d8
core   0: 0x800008dc (0xe2333b37) lui     s6, 0xe2333
core   0: 3 0x800008dc (0xe2333b37) x22 0xe2333000
core   0: 0x800008e0 (0x0f2b0b13) addi    s6, s6, 242
core   0: 3 0x800008e0 (0x0f2b0b13) x22 0xe23330f2
core   0: 0x800008e4 (0x800003b7) lui     t2, 0x80000
core   0: 3 0x800008e4 (0x800003b7) x 7 0x80000000
core   0: 0x800008e8 (0x800004b7) lui     s1, 0x80000
core   0: 3 0x800008e8 (0x800004b7) x 9 0x80000000
core   0: 0x800008ec (0x95dc88b7) lui     a7, 0x95dc8
core   0: 3 0x800008ec (0x95dc88b7) x17 0x95dc8000
core   0: 0x800008f0 (0xc0288893) addi    a7, a7, -1022
core   0: 3 0x800008f0 (0xc0288893) x17 0x95dc7c02
core   0: 0x800008f4 (0xc8ffe337) lui     t1, 0xc8ffe
core   0: 3 0x800008f4 (0xc8ffe337) x 6 0xc8ffe000
core   0: 0x800008f8 (0x80230313) addi    t1, t1, -2046
core   0: 3 0x800008f8 (0x80230313) x 6 0xc8ffd802
core   0: 0x800008fc (0x00000613) li      a2, 0
core   0: 3 0x800008fc (0x00000613) x12 0x00000000
core   0: 0x80000900 (0x00000913) li      s2, 0
core   0: 3 0x80000900 (0x00000913) x18 0x00000000
core   0: 0x80000904 (0xfff00193) li      gp, -1
core   0: 3 0x80000904 (0xfff00193) x 3 0xffffffff
core   0: 0x80000908 (0x00000113) li      sp, 0
core   0: 3 0x80000908 (0x00000113) x 2 0x00000000
core   0: 0x8000090c (0x80000737) lui     a4, 0x80000
core   0: 3 0x8000090c (0x80000737) x14 0x80000000
core   0: 0x80000910 (0x59f89917) auipc   s2, 0x59f89
core   0: 3 0x80000910 (0x59f89917) x18 0xd9f89910
core   0: 0x80000914 (0x41688633) sub     a2, a7, s6
core   0: 3 0x80000914 (0x41688633) x12 0xb3a94b10
core   0: 0x80000918 (0x31d97617) auipc   a2, 0x31d97
core   0: 3 0x80000918 (0x31d97617) x12 0xb1d97918
core   0: 0x8000091c (0x37d10b13) addi    s6, sp, 893
core   0: 3 0x8000091c (0x37d10b13) x22 0x0000037d
core   0: 0x80000920 (0x00000013) nop
core   0: 3 0x80000920 (0x00000013)
core   0: 0x80000924 (0x003104b3) add     s1, sp, gp
core   0: 3 0x80000924 (0x003104b3) x 9 0xffffffff
core   0: 0x80000928 (0x00000013) nop
core   0: 3 0x80000928 (0x00000013)
core   0: 0x8000092c (0x40260b33) sub     s6, a2, sp
core   0: 3 0x8000092c (0x40260b33) x22 0xb1d97918
core   0: 0x80000930 (0x012104b3) add     s1, sp, s2
core   0: 3 0x80000930 (0x012104b3) x 9 0xd9f89910
core   0: 0x80000934 (0x4f5533b7) lui     t2, 0x4f553
core   0: 3 0x80000934 (0x4f5533b7) x 7 0x4f553000
core   0: 0x80000938 (0x01288133) add     sp, a7, s2
core   0: 3 0x80000938 (0x01288133) x 2 0x6fd51512
core   0: 0x8000093c (0x29538493) addi    s1, t2, 661
core   0: 3 0x8000093c (0x29538493) x 9 0x4f553295
core   0: 0x80000940 (0x012b0133) add     sp, s6, s2
core   0: 3 0x80000940 (0x012b0133) x 2 0x8bd21228
core   0: 0x80000944 (0x40348133) sub     sp, s1, gp
core   0: 3 0x80000944 (0x40348133) x 2 0x4f553296
core   0: 0x80000948 (0x00c70b33) add     s6, a4, a2
core   0: 3 0x80000948 (0x00c70b33) x22 0x31d97918
core   0: 0x8000094c (0xaca10b13) addi    s6, sp, -1334
core   0: 3 0x8000094c (0xaca10b13) x22 0x4f552d60
core   0: 0x80000950 (0x1874db37) lui     s6, 0x1874d
core   0: 3 0x80000950 (0x1874db37) x22 0x1874d000
core   0: 0x80000954 (0x00000013) nop
core   0: 3 0x80000954 (0x00000013)
core   0: 0x80000958 (0x003092b3) sll     t0, ra, gp
core   0: 3 0x80000958 (0x003092b3) x 5 0x00000000
core   0: 0x8000095c (0x90a9e737) lui     a4, 0x90a9e
core   0: 3 0x8000095c (0x90a9e737) x14 0x90a9e000
core   0: 0x80000960 (0x01baea33) or      s4, s5, s11
core   0: 3 0x80000960 (0x01baea33) x20 0x7fdff000
core   0: 0x80000964 (0x0102b6b3) sltu    a3, t0, a6
core   0: 3 0x80000964 (0x0102b6b3) x13 0x00000001
core   0: 0x80000968 (0x41650db3) sub     s11, a0, s6
core   0: 3 0x80000968 (0x41650db3) x27 0x2f7b3000
core   0: 0x8000096c (0x8da5b893) sltiu   a7, a1, -1830
core   0: 3 0x8000096c (0x8da5b893) x17 0x00000001
core   0: 0x80000970 (0x0b43b493) sltiu   s1, t2, 180
core   0: 3 0x80000970 (0x0b43b493) x 9 0x00000000
core   0: 0x80000974 (0xeff1e313) ori     t1, gp, -257
core   0: 3 0x80000974 (0xeff1e313) x 6 0xffffffff
core   0: 0x80000978 (0x408c0db3) sub     s11, s8, s0
core   0: 3 0x80000978 (0x408c0db3) x27 0xdfb6e99a
core   0: 0x8000097c (0x00812fb3) slt     t6, sp, s0
core   0: 3 0x8000097c (0x00812fb3) x31 0x00000000
core   0: 0x80000980 (0x01890733) add     a4, s2, s8
core   0: 3 0x80000980 (0x01890733) x14 0x39b0910e
core   0: 0x80000984 (0x4018d7b3) sra     a5, a7, ra
core   0: 3 0x80000984 (0x4018d7b3) x15 0x00000000
core   0: 0x80000988 (0x09718713) addi    a4, gp, 151
core   0: 3 0x80000988 (0x09718713) x14 0x00000096
core   0: 0x8000098c (0x11b38093) addi    ra, t2, 283
core   0: 3 0x8000098c (0x11b38093) x 1 0x4f55311b
core   0: 0x80000990 (0x000d88b3) add     a7, s11, zero
core   0: 3 0x80000990 (0x000d88b3) x17 0xdfb6e99a
core   0: 0x80000994 (0x410c5b13) srai    s6, s8, 16
core   0: 3 0x80000994 (0x410c5b13) x22 0x00005fb7
core   0: 0x80000998 (0x00000013) nop
core   0: 3 0x80000998 (0x00000013)
core   0: 0x8000099c (0x85b1b797) auipc   a5, 0x85b1b
core   0: 3 0x8000099c (0x85b1b797) x15 0x05b1b99c
core   0: 0x800009a0 (0x01195f93) srli    t6, s2, 17
core   0: 3 0x800009a0 (0x01195f93) x31 0x00006cfc
core   0: 0x800009a4 (0x000934b3) sltu    s1, s2, zero
core   0: 3 0x800009a4 (0x000934b3) x 9 0x00000000
core   0: 0x800009a8 (0x00c2c5b3) xor     a1, t0, a2
core   0: 3 0x800009a8 (0x00c2c5b3) x11 0xb1d97918
core   0: 0x800009ac (0x40d05d13) srai    s10, zero, 13
core   0: 3 0x800009ac (0x40d05d13) x26 0x00000000
core   0: 0x800009b0 (0x00e87833) and     a6, a6, a4
core   0: 3 0x800009b0 (0x00e87833) x16 0x00000094
core   0: 0x800009b4 (0x1e90e993) ori     s3, ra, 489
core   0: 3 0x800009b4 (0x1e90e993) x19 0x4f5531fb
core   0: 0x800009b8 (0x01a3d393) srli    t2, t2, 26
core   0: 3 0x800009b8 (0x01a3d393) x 7 0x00000013
core   0: 0x800009bc (0x418d0b33) sub     s6, s10, s8
core   0: 3 0x800009bc (0x418d0b33) x22 0xa0480802
core   0: 0x800009c0 (0x003b1a33) sll     s4, s6, gp
core   0: 3 0x800009c0 (0x003b1a33) x20 0x00000000
core   0: 0x800009c4 (0x01eb9d13) slli    s10, s7, 30
core   0: 3 0x800009c4 (0x01eb9d13) x26 0xc0000000
core   0: 0x800009c8 (0x01b6f9b3) and     s3, a3, s11
core   0: 3 0x800009c8 (0x01b6f9b3) x19 0x00000000
core   0: 0x800009cc (0x01e7f3b3) and     t2, a5, t5
core   0: 3 0x800009cc (0x01e7f3b3) x 7 0x05109090
core   0: 0x800009d0 (0x00000013) nop
core   0: 3 0x800009d0 (0x00000013)
core   0: 0x800009d4 (0xa1f9e193) ori     gp, s3, -1505
core   0: 3 0x800009d4 (0xa1f9e193) x 3 0xfffffa1f
core   0: 0x800009d8 (0x00c810b3) sll     ra, a6, a2
core   0: 3 0x800009d8 (0x00c810b3) x 1 0x94000000
core   0: 0x800009dc (0x019890b3) sll     ra, a7, s9
core   0: 3 0x800009dc (0x019890b3) x 1 0xfb6e99a0
core   0: 0x800009e0 (0x017b59b3) srl     s3, s6, s7
core   0: 3 0x800009e0 (0x017b59b3) x19 0x00001409
core   0: 0x800009e4 (0x005a2a33) slt     s4, s4, t0
core   0: 3 0x800009e4 (0x005a2a33) x20 0x00000000
core   0: 0x800009e8 (0x417e8a33) sub     s4, t4, s7
core   0: 3 0x800009e8 (0x417e8a33) x20 0x734a80ad
core   0: 0x800009ec (0x01ea3733) sltu    a4, s4, t5
core   0: 3 0x800009ec (0x01ea3733) x14 0x00000000
core   0: 0x800009f0 (0x404a06b3) sub     a3, s4, tp
core   0: 3 0x800009f0 (0x404a06b3) x13 0xcfbeabb8
core   0: 0x800009f4 (0xb7930313) addi    t1, t1, -1159
core   0: 3 0x800009f4 (0xb7930313) x 6 0xfffffb78
core   0: 0x800009f8 (0xee08b213) sltiu   tp, a7, -288
core   0: 3 0x800009f8 (0xee08b213) x 4 0x00000001
core   0: 0x800009fc (0x01e997b3) sll     a5, s3, t5
core   0: 3 0x800009fc (0x01e997b3) x15 0x14090000
core   0: 0x80000a00 (0xeef17097) auipc   ra, 0xeef17
core   0: 3 0x80000a00 (0xeef17097) x 1 0x6ef17a00
core   0: 0x80000a04 (0x4014d4b3) sra     s1, s1, ra
core   0: 3 0x80000a04 (0x4014d4b3) x 9 0x00000000
core   0: 0x80000a08 (0x00d1cab3) xor     s5, gp, a3
core   0: 3 0x80000a08 (0x00d1cab3) x21 0x304151a7
core   0: 0x80000a0c (0x00f45933) srl     s2, s0, a5
core   0: 3 0x80000a0c (0x00f45933) x18 0x80010e64
core   0: 0x80000a10 (0x01133db3) sltu    s11, t1, a7
core   0: 3 0x80000a10 (0x01133db3) x27 0x00000000
core   0: 0x80000a14 (0x6e96ea13) ori     s4, a3, 1769
core   0: 3 0x80000a14 (0x6e96ea13) x20 0xcfbeaff9
core   0: 0x80000a18 (0x00000013) nop
core   0: 3 0x80000a18 (0x00000013)
core   0: 0x80000a1c (0x01a9d833) srl     a6, s3, s10
core   0: 3 0x80000a1c (0x01a9d833) x16 0x00001409
core   0: 0x80000a20 (0x00bd3033) sltu    zero, s10, a1
core   0: 3 0x80000a20 (0x00bd3033)
core   0: 0x80000a24 (0x00e31fb3) sll     t6, t1, a4
core   0: 3 0x80000a24 (0x00e31fb3) x31 0xfffffb78
core   0: 0x80000a28 (0x00f8d5b3) srl     a1, a7, a5
core   0: 3 0x80000a28 (0x00f8d5b3) x11 0xdfb6e99a
core   0: 0x80000a2c (0xd559de17) auipc   t3, 0xd559d
core   0: 3 0x80000a2c (0xd559de17) x28 0x5559da2c
core   0: 0x80000a30 (0x01983e33) sltu    t3, a6, s9
core   0: 3 0x80000a30 (0x01983e33) x28 0x00000001
core   0: 0x80000a34 (0x402a8733) sub     a4, s5, sp
core   0: 3 0x80000a34 (0x402a8733) x14 0xe0ec1f11
core   0: 0x80000a38 (0x2c57cc37) lui     s8, 0x2c57c
core   0: 3 0x80000a38 (0x2c57cc37) x24 0x2c57c000
core   0: 0x80000a3c (0x01c00ab3) add     s5, zero, t3
core   0: 3 0x80000a3c (0x01c00ab3) x21 0x00000001
core   0: 0x80000a40 (0x00a21813) slli    a6, tp, 10
core   0: 3 0x80000a40 (0x00a21813) x16 0x00000400
core   0: 0x80000a44 (0xc8645017) auipc   zero, 0xc8645
core   0: 3 0x80000a44 (0xc8645017)
core   0: 0x80000a48 (0x9d8cd6b7) lui     a3, 0x9d8cd
core   0: 3 0x80000a48 (0x9d8cd6b7) x13 0x9d8cd000
core   0: 0x80000a4c (0x89553a93) sltiu   s5, a0, -1899
core   0: 3 0x80000a4c (0x89553a93) x21 0x00000001
core   0: 0x80000a50 (0xa0fb4893) xori    a7, s6, -1521
core   0: 3 0x80000a50 (0xa0fb4893) x17 0x5fb7f20d
core   0: 0x80000a54 (0xf5657f13) andi    t5, a0, -170
core   0: 3 0x80000a54 (0xf5657f13) x30 0x47f00000
core   0: 0x80000a58 (0x00000013) nop
core   0: 3 0x80000a58 (0x00000013)
core   0: 0x80000a5c (0x00211d93) slli    s11, sp, 2
core   0: 3 0x80000a5c (0x00211d93) x27 0x3d54ca58
core   0: 0x80000a60 (0x00000013) nop
core   0: 3 0x80000a60 (0x00000013)
core   0: 0x80000a64 (0x012193b3) sll     t2, gp, s2
core   0: 3 0x80000a64 (0x012193b3) x 7 0xffffa1f0
core   0: 0x80000a68 (0x40025ab3) sra     s5, tp, zero
core   0: 3 0x80000a68 (0x40025ab3) x21 0x00000001
core   0: 0x80000a6c (0x00fbf8b3) and     a7, s7, a5
core   0: 3 0x80000a6c (0x00fbf8b3) x17 0x04010000
core   0: 0x80000a70 (0xe178fb37) lui     s6, 0xe178f
core   0: 3 0x80000a70 (0xe178fb37) x22 0xe178f000
core   0: 0x80000a74 (0x017ade13) srli    t3, s5, 23
core   0: 3 0x80000a74 (0x017ade13) x28 0x00000000
core   0: 0x80000a78 (0x00495d13) srli    s10, s2, 4
core   0: 3 0x80000a78 (0x00495d13) x26 0x080010e6
core   0: 0x80000a7c (0x0178c033) xor     zero, a7, s7
core   0: 3 0x80000a7c (0x0178c033)
core   0: 0x80000a80 (0x011efd33) and     s10, t4, a7
core   0: 3 0x80000a80 (0x011efd33) x26 0x00000000
core   0: 0x80000a84 (0x09b76893) ori     a7, a4, 155
core   0: 3 0x80000a84 (0x09b76893) x17 0xe0ec1f9b
core   0: 0x80000a88 (0x019a3333) sltu    t1, s4, s9
core   0: 3 0x80000a88 (0x019a3333) x 6 0x00000000
core   0: 0x80000a8c (0x002c9033) sll     zero, s9, sp
core   0: 3 0x80000a8c (0x002c9033)
core   0: 0x80000a90 (0x0152e733) or      a4, t0, s5
core   0: 3 0x80000a90 (0x0152e733) x14 0x00000001
core   0: 0x80000a94 (0x00831193) slli    gp, t1, 8
core   0: 3 0x80000a94 (0x00831193) x 3 0x00000000
core   0: 0x80000a98 (0x4ca391b7) lui     gp, 0x4ca39
core   0: 3 0x80000a98 (0x4ca391b7) x 3 0x4ca39000
core   0: 0x80000a9c (0x00e8b033) sltu    zero, a7, a4
core   0: 3 0x80000a9c (0x00e8b033)
core   0: 0x80000aa0 (0x963f3393) sltiu   t2, t5, -1693
core   0: 3 0x80000aa0 (0x963f3393) x 7 0x00000001
core   0: 0x80000aa4 (0x01313e33) sltu    t3, sp, s3
core   0: 3 0x80000aa4 (0x01313e33) x28 0x00000000
core   0: 0x80000aa8 (0x01028f33) add     t5, t0, a6
core   0: 3 0x80000aa8 (0x01028f33) x30 0x00000400
core   0: 0x80000aac (0x013c1b33) sll     s6, s8, s3
core   0: 3 0x80000aac (0x013c1b33) x22 0xaf800000
core   0: 0x80000ab0 (0x68115f17) auipc   t5, 0x68115
core   0: 3 0x80000ab0 (0x68115f17) x30 0xe8115ab0
core   0: 0x80000ab4 (0xd9b29d37) lui     s10, 0xd9b29
core   0: 3 0x80000ab4 (0xd9b29d37) x26 0xd9b29000
core   0: 0x80000ab8 (0x00000013) nop
core   0: 3 0x80000ab8 (0x00000013)
core   0: 0x80000abc (0x1b073793) sltiu   a5, a4, 432
core   0: 3 0x80000abc (0x1b073793) x15 0x00000001
core   0: 0x80000ac0 (0x5a7dc893) xori    a7, s11, 1447
core   0: 3 0x80000ac0 (0x5a7dc893) x17 0x3d54cfff
core   0: 0x80000ac4 (0x41df5c33) sra     s8, t5, t4
core   0: 3 0x80000ac4 (0x41df5c33) x24 0xe8115ab0
core   0: 0x80000ac8 (0xc3d0aa13) slti    s4, ra, -963
core   0: 3 0x80000ac8 (0xc3d0aa13) x20 0x00000000
core   0: 0x80000acc (0x43e8f813) andi    a6, a7, 1086
core   0: 3 0x80000acc (0x43e8f813) x16 0x0000043e
core   0: 0x80000ad0 (0x7eb8b993) sltiu   s3, a7, 2027
core   0: 3 0x80000ad0 (0x7eb8b993) x19 0x00000000
core   0: 0x80000ad4 (0x0076f533) and     a0, a3, t2
core   0: 3 0x80000ad4 (0x0076f533) x10 0x00000000
core   0: 0x80000ad8 (0x009d1813) slli    a6, s10, 9
core   0: 3 0x80000ad8 (0x009d1813) x16 0x65200000
core   0: 0x80000adc (0x00e5c933) xor     s2, a1, a4
core   0: 3 0x80000adc (0x00e5c933) x18 0xdfb6e99b
core   0: 0x80000ae0 (0x005ef0b3) and     ra, t4, t0
core   0: 3 0x80000ae0 (0x005ef0b3) x 1 0x00000000
core   0: 0x80000ae4 (0x001c1513) slli    a0, s8, 1
core   0: 3 0x80000ae4 (0x001c1513) x10 0xd022b560
core   0: 0x80000ae8 (0x1e9383b7) lui     t2, 0x1e938
core   0: 3 0x80000ae8 (0x1e9383b7) x 7 0x1e938000
core   0: 0x80000aec (0x017e5693) srli    a3, t3, 23
core   0: 3 0x80000aec (0x017e5693) x13 0x00000000
core   0: 0x80000af0 (0x00000013) nop
core   0: 3 0x80000af0 (0x00000013)
core   0: 0x80000af4 (0x00e49913) slli    s2, s1, 14
core   0: 3 0x80000af4 (0x00e49913) x18 0x00000000
core   0: 0x80000af8 (0x0045b7b3) sltu    a5, a1, tp
core   0: 3 0x80000af8 (0x0045b7b3) x15 0x00000000
core   0: 0x80000afc (0x004e30b3) sltu    ra, t3, tp
core   0: 3 0x80000afc (0x004e30b3) x 1 0x00000001
core   0: 0x80000b00 (0x40418333) sub     t1, gp, tp
core   0: 3 0x80000b00 (0x40418333) x 6 0x4ca38fff
core   0: 0x80000b04 (0x00260e33) add     t3, a2, sp
core   0: 3 0x80000b04 (0x00260e33) x28 0x012eabae
core   0: 0x80000b08 (0x01e36b33) or      s6, t1, t5
core   0: 3 0x80000b08 (0x01e36b33) x22 0xecb3dfff
core   0: 0x80000b0c (0x8c910093) addi    ra, sp, -1847
core   0: 3 0x80000b0c (0x8c910093) x 1 0x4f552b5f
core   0: 0x80000b10 (0x0081fb33) and     s6, gp, s0
core   0: 3 0x80000b10 (0x0081fb33) x22 0x00010000
core   0: 0x80000b14 (0x00d2bb33) sltu    s6, t0, a3
core   0: 3 0x80000b14 (0x00d2bb33) x22 0x00000000
core   0: 0x80000b18 (0x54bbe693) ori     a3, s7, 1355
core   0: 3 0x80000b18 (0x54bbe693) x13 0x0cb57f5b
core   0: 0x80000b1c (0x3c48e113) ori     sp, a7, 964
core   0: 3 0x80000b1c (0x3c48e113) x 2 0x3d54cfff
core   0: 0x80000b20 (0x01a640b3) xor     ra, a2, s10
core   0: 3 0x80000b20 (0x01a640b3) x 1 0x686be918
core   0: 0x80000b24 (0x00ea5133) srl     sp, s4, a4
core   0: 3 0x80000b24 (0x00ea5133) x 2 0x00000000
core   0: 0x80000b28 (0x01fa04b3) add     s1, s4, t6
core   0: 3 0x80000b28 (0x01fa04b3) x 9 0xfffffb78
core   0: 0x80000b2c (0x00000013) nop
core   0: 3 0x80000b2c (0x00000013)
core   0: 0x80000b30 (0x00c94133) xor     sp, s2, a2
core   0: 3 0x80000b30 (0x00c94133) x 2 0xb1d97918
core   0: 0x80000b34 (0x01fc9893) slli    a7, s9, 31
core   0: 3 0x80000b34 (0x01fc9893) x17 0x00000000
core   0: 0x80000b38 (0x0147a2b3) slt     t0, a5, s4
core   0: 3 0x80000b38 (0x0147a2b3) x 5 0x00000000
core   0: 0x80000b3c (0x414e0bb3) sub     s7, t3, s4
core   0: 3 0x80000b3c (0x414e0bb3) x23 0x012eabae
core   0: 0x80000b40 (0xc5c76113) ori     sp, a4, -932
core   0: 3 0x80000b40 (0xc5c76113) x 2 0xfffffc5d
core   0: 0x80000b44 (0xc9e1bd37) lui     s10, 0xc9e1b
core   0: 3 0x80000b44 (0xc9e1bd37) x26 0xc9e1b000
core   0: 0x80000b48 (0x86c42d93) slti    s11, s0, -1940
core   0: 3 0x80000b48 (0x86c42d93) x27 0x00000001
core   0: 0x80000b4c (0x016e4c33) xor     s8, t3, s6
core   0: 3 0x80000b4c (0x016e4c33) x24 0x012eabae
core   0: 0x80000b50 (0x86494593) xori    a1, s2, -1948
core   0: 3 0x80000b50 (0x86494593) x11 0xfffff864
core   0: 0x80000b54 (0x42290513) addi    a0, s2, 1058
core   0: 3 0x80000b54 (0x42290513) x10 0x00000422
core   0: 0x80000b58 (0x0045f2b3) and     t0, a1, tp
core   0: 3 0x80000b58 (0x0045f2b3) x 5 0x00000000
core   0: 0x80000b5c (0x9fc26393) ori     t2, tp, -1540
core   0: 3 0x80000b5c (0x9fc26393) x 7 0xfffff9fd
core   0: 0x80000b60 (0x016c0233) add     tp, s8, s6
core   0: 3 0x80000b60 (0x016c0233) x 4 0x012eabae
core   0: 0x80000b64 (0x00275d13) srli    s10, a4, 2
core   0: 3 0x80000b64 (0x00275d13) x26 0x00000000
core   0: 0x80000b68 (0x00e1f833) and     a6, gp, a4
core   0: 3 0x80000b68 (0x00e1f833) x16 0x00000000
core   0: 0x80000b6c (0x024ea097) auipc   ra, 0x24ea
core   0: 3 0x80000b6c (0x024ea097) x 1 0x824eab6c
core   0: 0x80000b70 (0x0182bbb3) sltu    s7, t0, s8
core   0: 3 0x80000b70 (0x0182bbb3) x23 0x00000001
core   0: 0x80000b74 (0x00c15b93) srli    s7, sp, 12
core   0: 3 0x80000b74 (0x00c15b93) x23 0x000fffff
core   0: 0x80000b78 (0x40a50c33) sub     s8, a0, a0
core   0: 3 0x80000b78 (0x40a50c33) x24 0x00000000
core   0: 0x80000b7c (0x4178d633) sra     a2, a7, s7
core   0: 3 0x80000b7c (0x4178d633) x12 0x00000000
core   0: 0x80000b80 (0x00279193) slli    gp, a5, 2
core   0: 3 0x80000b80 (0x00279193) x 3 0x00000000
core   0: 0x80000b84 (0x019bd4b3) srl     s1, s7, s9
core   0: 3 0x80000b84 (0x019bd4b3) x 9 0x0000ffff
core   0: 0x80000b88 (0xa1f46393) ori     t2, s0, -1505
core   0: 3 0x80000b88 (0xa1f46393) x 7 0xfffffe7f
core   0: 0x80000b8c (0x000d8733) add     a4, s11, zero
core   0: 3 0x80000b8c (0x000d8733) x14 0x00000001
core   0: 0x80000b90 (0x00000013) nop
core   0: 3 0x80000b90 (0x00000013)
core   0: 0x80000b94 (0xbd633d13) sltiu   s10, t1, -1066
core   0: 3 0x80000b94 (0xbd633d13) x26 0x00000001
core   0: 0x80000b98 (0x00000013) nop
core   0: 3 0x80000b98 (0x00000013)
core   0: 0x80000b9c (0x753f4e13) xori    t3, t5, 1875
core   0: 3 0x80000b9c (0x753f4e13) x28 0xe8115de3
core   0: 0x80000ba0 (0x01313233) sltu    tp, sp, s3
core   0: 3 0x80000ba0 (0x01313233) x 4 0x00000000
core   0: 0x80000ba4 (0x5887fe13) andi    t3, a5, 1416
core   0: 3 0x80000ba4 (0x5887fe13) x28 0x00000000
core   0: 0x80000ba8 (0x006838b3) sltu    a7, a6, t1
core   0: 3 0x80000ba8 (0x006838b3) x17 0x00000001
core   0: 0x80000bac (0x01a5b4b3) sltu    s1, a1, s10
core   0: 3 0x80000bac (0x01a5b4b3) x 9 0x00000000
core   0: 0x80000bb0 (0x40d584b3) sub     s1, a1, a3
core   0: 3 0x80000bb0 (0x40d584b3) x 9 0xf34a7909
core   0: 0x80000bb4 (0x0162a5b3) slt     a1, t0, s6
core   0: 3 0x80000bb4 (0x0162a5b3) x11 0x00000000
core   0: 0x80000bb8 (0x41058f33) sub     t5, a1, a6
core   0: 3 0x80000bb8 (0x41058f33) x30 0x00000000
core   0: 0x80000bbc (0x2fc7a113) slti    sp, a5, 764
core   0: 3 0x80000bbc (0x2fc7a113) x 2 0x00000001
core   0: 0x80000bc0 (0x00131b33) sll     s6, t1, ra
core   0: 3 0x80000bc0 (0x00131b33) x22 0x38fff000
core   0: 0x80000bc4 (0x1b247913) andi    s2, s0, 434
core   0: 3 0x80000bc4 (0x1b247913) x18 0x00000020
core   0: 0x80000bc8 (0x9c94e993) ori     s3, s1, -1591
core   0: 3 0x80000bc8 (0x9c94e993) x19 0xfffff9c9
core   0: 0x80000bcc (0x01213933) sltu    s2, sp, s2
core   0: 3 0x80000bcc (0x01213933) x18 0x00000001
core   0: 0x80000bd0 (0x0034fa33) and     s4, s1, gp
core   0: 3 0x80000bd0 (0x0034fa33) x20 0x00000000
core   0: 0x80000bd4 (0x40fe03b3) sub     t2, t3, a5
core   0: 3 0x80000bd4 (0x40fe03b3) x 7 0x00000000
core   0: 0x80000bd8 (0x04ff5f97) auipc   t6, 0x4ff5
core   0: 3 0x80000bd8 (0x04ff5f97) x31 0x84ff5bd8
core   0: 0x80000bdc (0x0171f633) and     a2, gp, s7
core   0: 3 0x80000bdc (0x0171f633) x12 0x00000000
core   0: 0x80000be0 (0x01110533) add     a0, sp, a7
core   0: 3 0x80000be0 (0x01110533) x10 0x00000002
core   0: 0x80000be4 (0x01c028b3) slt     a7, zero, t3
core   0: 3 0x80000be4 (0x01c028b3) x17 0x00000000
core   0: 0x80000be8 (0x00000013) nop
core   0: 3 0x80000be8 (0x00000013)
core   0: 0x80000bec (0x16053913) sltiu   s2, a0, 352
core   0: 3 0x80000bec (0x16053913) x18 0x00000001
core   0: 0x80000bf0 (0x407ed1b3) sra     gp, t4, t2
core   0: 3 0x80000bf0 (0x407ed1b3) x 3 0x80000000
core   0: 0x80000bf4 (0x014c8933) add     s2, s9, s4
core   0: 3 0x80000bf4 (0x014c8933) x18 0x80014ce4
core   0: 0x80000bf8 (0x00621a33) sll     s4, tp, t1
core   0: 3 0x80000bf8 (0x00621a33) x20 0x00000000
core   0: 0x80000bfc (0x010e1593) slli    a1, t3, 16
core   0: 3 0x80000bfc (0x010e1593) x11 0x00000000
core   0: 0x80000c00 (0x017ed113) srli    sp, t4, 23
core   0: 3 0x80000c00 (0x017ed113) x 2 0x00000100
core   0: 0x80000c04 (0x64ccc897) auipc   a7, 0x64ccc
core   0: 3 0x80000c04 (0x64ccc897) x17 0xe4cccc04
core   0: 0x80000c08 (0xea52f597) auipc   a1, 0xea52f
core   0: 3 0x80000c08 (0xea52f597) x11 0x6a52fc08
core   0: 0x80000c0c (0x412fd693) srai    a3, t6, 18
core   0: 3 0x80000c0c (0x412fd693) x13 0xffffe13f
core   0: 0x80000c10 (0x41f80c33) sub     s8, a6, t6
core   0: 3 0x80000c10 (0x41f80c33) x24 0x7b00a428
core   0: 0x80000c14 (0x000d5a33) srl     s4, s10, zero
core   0: 3 0x80000c14 (0x000d5a33) x20 0x00000001
core   0: 0x80000c18 (0x00000013) nop
core   0: 3 0x80000c18 (0x00000013)
core   0: 0x80000c1c (0x008fe133) or      sp, t6, s0
core   0: 3 0x80000c1c (0x008fe133) x 2 0x84ff5ffc
core   0: 0x80000c20 (0x0834e293) ori     t0, s1, 131
core   0: 3 0x80000c20 (0x0834e293) x 5 0xf34a798b
core   0: 0x80000c24 (0x580b0f93) addi    t6, s6, 1408
core   0: 3 0x80000c24 (0x580b0f93) x31 0x38fff580
core   0: 0x80000c28 (0x37966737) lui     a4, 0x37966
core   0: 3 0x80000c28 (0x37966737) x14 0x37966000
core   0: 0x80000c2c (0x01ab5713) srli    a4, s6, 26
core   0: 3 0x80000c2c (0x01ab5713) x14 0x0000000e
core   0: 0x80000c30 (0x00afbbb3) sltu    s7, t6, a0
core   0: 3 0x80000c30 (0x00afbbb3) x23 0x00000000
core   0: 0x80000c34 (0xeb3d6613) ori     a2, s10, -333
core   0: 3 0x80000c34 (0xeb3d6613) x12 0xfffffeb3
core   0: 0x80000c38 (0x013f1d93) slli    s11, t5, 19
core   0: 3 0x80000c38 (0x013f1d93) x27 0x00000000
core   0: 0x80000c3c (0xcc71ef93) ori     t6, gp, -825
core   0: 3 0x80000c3c (0xcc71ef93) x31 0xfffffcc7
core   0: 0x80000c40 (0x00169f93) slli    t6, a3, 1
core   0: 3 0x80000c40 (0x00169f93) x31 0xffffc27e
core   0: 0x80000c44 (0x01165a33) srl     s4, a2, a7
core   0: 3 0x80000c44 (0x01165a33) x20 0x0fffffeb
core   0: 0x80000c48 (0x0182f5b3) and     a1, t0, s8
core   0: 3 0x80000c48 (0x0182f5b3) x11 0x73002008
core   0: 0x80000c4c (0x66eee713) ori     a4, t4, 1646
core   0: 3 0x80000c4c (0x66eee713) x14 0x8000066e
core   0: 0x80000c50 (0x00cbd613) srli    a2, s7, 12
core   0: 3 0x80000c50 (0x00cbd613) x12 0x00000000
core   0: 0x80000c54 (0xbf5a7737) lui     a4, 0xbf5a7
core   0: 3 0x80000c54 (0xbf5a7737) x14 0xbf5a7000
core   0: 0x80000c58 (0x05cb4a93) xori    s5, s6, 92
core   0: 3 0x80000c58 (0x05cb4a93) x21 0x38fff05c
core   0: 0x80000c5c (0xde917f13) andi    t5, sp, -535
core   0: 3 0x80000c5c (0xde917f13) x30 0x84ff5de8
core   0: 0x80000c60 (0x001952b3) srl     t0, s2, ra
core   0: 3 0x80000c60 (0x001952b3) x 5 0x00080014
core   0: 0x80000c64 (0x41078fb3) sub     t6, a5, a6
core   0: 3 0x80000c64 (0x41078fb3) x31 0x00000000
core   0: 0x80000c68 (0x010d7733) and     a4, s10, a6
core   0: 3 0x80000c68 (0x010d7733) x14 0x00000000
core   0: 0x80000c6c (0x000474b3) and     s1, s0, zero
core   0: 3 0x80000c6c (0x000474b3) x 9 0x00000000
core   0: 0x80000c70 (0x01c7e4b3) or      s1, a5, t3
core   0: 3 0x80000c70 (0x01c7e4b3) x 9 0x00000000
core   0: 0x80000c74 (0x01966033) or      zero, a2, s9
core   0: 3 0x80000c74 (0x01966033)
core   0: 0x80000c78 (0x534dc693) xori    a3, s11, 1332
core   0: 3 0x80000c78 (0x534dc693) x13 0x00000534
core   0: 0x80000c7c (0x0167e6b3) or      a3, a5, s6
core   0: 3 0x80000c7c (0x0167e6b3) x13 0x38fff000
core   0: 0x80000c80 (0xa20a6db7) lui     s11, 0xa20a6
core   0: 3 0x80000c80 (0xa20a6db7) x27 0xa20a6000
core   0: 0x80000c84 (0x01f4c9b3) xor     s3, s1, t6
core   0: 3 0x80000c84 (0x01f4c9b3) x19 0x00000000
core   0: 0x80000c88 (0x01994bb3) xor     s7, s2, s9
core   0: 3 0x80000c88 (0x01994bb3) x23 0x00000000
core   0: 0x80000c8c (0xc8d24793) xori    a5, tp, -883
core   0: 3 0x80000c8c (0xc8d24793) x15 0xfffffc8d
core   0: 0x80000c90 (0x00000013) nop
core   0: 3 0x80000c90 (0x00000013)
core   0: 0x80000c94 (0x4022d633) sra     a2, t0, sp
core   0: 3 0x80000c94 (0x4022d633) x12 0x00000000
core   0: 0x80000c98 (0xc9b81517) auipc   a0, 0xc9b81
core   0: 3 0x80000c98 (0xc9b81517) x10 0x49b81c98
core   0: 0x80000c9c (0x01c0fab3) and     s5, ra, t3
core   0: 3 0x80000c9c (0x01c0fab3) x21 0x00000000
core   0: 0x80000ca0 (0x407dd293) srai    t0, s11, 7
core   0: 3 0x80000ca0 (0x407dd293) x 5 0xff4414c0
core   0: 0x80000ca4 (0xd3914493) xori    s1, sp, -711
core   0: 3 0x80000ca4 (0xd3914493) x 9 0x7b00a2c5
core   0: 0x80000ca8 (0x00ff8d33) add     s10, t6, a5
core   0: 3 0x80000ca8 (0x00ff8d33) x26 0xfffffc8d
core   0: 0x80000cac (0x800005b7) lui     a1, 0x80000
core   0: 3 0x80000cac (0x800005b7) x11 0x80000000
core   0: 0x80000cb0 (0xfc3c68b7) lui     a7, 0xfc3c6
core   0: 3 0x80000cb0 (0xfc3c68b7) x17 0xfc3c6000
core   0: 0x80000cb4 (0xd8588893) addi    a7, a7, -635
core   0: 3 0x80000cb4 (0xd8588893) x17 0xfc3c5d85
core   0: 0x80000cb8 (0x00000193) li      gp, 0
core   0: 3 0x80000cb8 (0x00000193) x 3 0x00000000
core   0: 0x80000cbc (0xc73aa837) lui     a6, 0xc73aa
core   0: 3 0x80000cbc (0xc73aa837) x16 0xc73aa000
core   0: 0x80000cc0 (0xc5880813) addi    a6, a6, -936
core   0: 3 0x80000cc0 (0xc5880813) x16 0xc73a9c58
core   0: 0x80000cc4 (0xfff00913) li      s2, -1
core   0: 3 0x80000cc4 (0xfff00913) x18 0xffffffff
core   0: 0x80000cc8 (0x557de2b7) lui     t0, 0x557de
core   0: 3 0x80000cc8 (0x557de2b7) x 5 0x557de000
core   0: 0x80000ccc (0x0f128293) addi    t0, t0, 241
core   0: 3 0x80000ccc (0x0f128293) x 5 0x557de0f1
core   0: 0x80000cd0 (0x00000993) li      s3, 0
core   0: 3 0x80000cd0 (0x00000993) x19 0x00000000
core   0: 0x80000cd4 (0xfff00f13) li      t5, -1
core   0: 3 0x80000cd4 (0xfff00f13) x30 0xffffffff
core   0: 0x80000cd8 (0x82dfcb37) lui     s6, 0x82dfc
core   0: 3 0x80000cd8 (0x82dfcb37) x22 0x82dfc000
core   0: 0x80000cdc (0xfccb0b13) addi    s6, s6, -52
core   0: 3 0x80000cdc (0xfccb0b13) x22 0x82dfbfcc
core   0: 0x80000ce0 (0x31276137) lui     sp, 0x31276
core   0: 3 0x80000ce0 (0x31276137) x 2 0x31276000
core   0: 0x80000ce4 (0xb1810113) addi    sp, sp, -1256
core   0: 3 0x80000ce4 (0xb1810113) x 2 0x31275b18
core   0: 0x80000ce8 (0xe84f0813) addi    a6, t5, -380
core   0: 3 0x80000ce8 (0xe84f0813) x16 0xfffffe83
core   0: 0x80000cec (0x65999197) auipc   gp, 0x65999
core   0: 3 0x80000cec (0x65999197) x 3 0xe5999cec
core   0: 0x80000cf0 (0x6e828593) addi    a1, t0, 1768
core   0: 3 0x80000cf0 (0x6e828593) x11 0x557de7d9
core   0: 0x80000cf4 (0x012189b3) add     s3, gp, s2
core   0: 3 0x80000cf4 (0x012189b3) x19 0xe5999ceb
core   0: 0x80000cf8 (0x34a28813) addi    a6, t0, 842
core   0: 3 0x80000cf8 (0x34a28813) x16 0x557de43b
core   0: 0x80000cfc (0x41ef0f33) sub     t5, t5, t5
core   0: 3 0x80000cfc (0x41ef0f33) x30 0x00000000
core   0: 0x80000d00 (0x402102b3) sub     t0, sp, sp
core   0: 3 0x80000d00 (0x402102b3) x 5 0x00000000
core   0: 0x80000d04 (0x66a29117) auipc   sp, 0x66a29
core   0: 3 0x80000d04 (0x66a29117) x 2 0xe6a29d04
core   0: 0x80000d08 (0x07def597) auipc   a1, 0x7def
core   0: 3 0x80000d08 (0x07def597) x11 0x87defd08
core   0: 0x80000d0c (0x00000013) nop
core   0: 3 0x80000d0c (0x00000013)
core   0: 0x80000d10 (0x00bf02b3) add     t0, t5, a1
core   0: 3 0x80000d10 (0x00bf02b3) x 5 0x87defd08
core   0: 0x80000d14 (0xd6d508b7) lui     a7, 0xd6d50
core   0: 3 0x80000d14 (0xd6d508b7) x17 0xd6d50000
core   0: 0x80000d18 (0xc6f54997) auipc   s3, 0xc6f54
core   0: 3 0x80000d18 (0xc6f54997) x19 0x46f54d18
core   0: 0x80000d1c (0x20d7d1b7) lui     gp, 0x20d7d
core   0: 3 0x80000d1c (0x20d7d1b7) x 3 0x20d7d000
core   0: 0x80000d20 (0x013989b3) add     s3, s3, s3
core   0: 3 0x80000d20 (0x013989b3) x19 0x8dea9a30
core   0: 0x80000d24 (0xf4e27837) lui     a6, 0xf4e27
core   0: 3 0x80000d24 (0xf4e27837) x16 0xf4e27000
core   0: 0x80000d28 (0xf8598893) addi    a7, s3, -123
core   0: 3 0x80000d28 (0xf8598893) x17 0x8dea99b5
core   0: 0x80000d2c (0x790d5117) auipc   sp, 0x790d5
core   0: 3 0x80000d2c (0x790d5117) x 2 0xf90d5d2c
core   0: 0x80000d30 (0xe53f0813) addi    a6, t5, -429
core   0: 3 0x80000d30 (0xe53f0813) x16 0xfffffe53
core   0: 0x80000d34 (0x877e9f17) auipc   t5, 0x877e9
core   0: 3 0x80000d34 (0x877e9f17) x30 0x077e9d34
core   0: 0x80000d38 (0xd653df37) lui     t5, 0xd653d
core   0: 3 0x80000d38 (0xd653df37) x30 0xd653d000
core   0: 0x80000d3c (0x00000013) nop
core   0: 3 0x80000d3c (0x00000013)
core   0: 0x80000d40 (0x00000013) nop
core   0: 3 0x80000d40 (0x00000013)
core   0: 0x80000d44 (0x00d2b733) sltu    a4, t0, a3
core   0: 3 0x80000d44 (0x00d2b733) x14 0x00000000
core   0: 0x80000d48 (0x014bd493) srli    s1, s7, 20
core   0: 3 0x80000d48 (0x014bd493) x 9 0x00000000
core   0: 0x80000d4c (0x40a75a33) sra     s4, a4, a0
core   0: 3 0x80000d4c (0x40a75a33) x20 0x00000000
core   0: 0x80000d50 (0x40bed4b3) sra     s1, t4, a1
core   0: 3 0x80000d50 (0x40bed4b3) x 9 0xff800000
core   0: 0x80000d54 (0xfcc0e793) ori     a5, ra, -52
core   0: 3 0x80000d54 (0xfcc0e793) x15 0xffffffec
core   0: 0x80000d58 (0x00a4d993) srli    s3, s1, 10
core   0: 3 0x80000d58 (0x00a4d993) x19 0x003fe000
core   0: 0x80000d5c (0x5b91c713) xori    a4, gp, 1465
core   0: 3 0x80000d5c (0x5b91c713) x14 0x20d7d5b9
core   0: 0x80000d60 (0x002d24b3) slt     s1, s10, sp
core   0: 3 0x80000d60 (0x002d24b3) x 9 0x00000000
core   0: 0x80000d64 (0x012a56b3) srl     a3, s4, s2
core   0: 3 0x80000d64 (0x012a56b3) x13 0x00000000
core   0: 0x80000d68 (0x00c21f93) slli    t6, tp, 12
core   0: 3 0x80000d68 (0x00c21f93) x31 0x00000000
core   0: 0x80000d6c (0x05802b93) slti    s7, zero, 88
core   0: 3 0x80000d6c (0x05802b93) x23 0x00000001
core   0: 0x80000d70 (0x3c6b7893) andi    a7, s6, 966
core   0: 3 0x80000d70 (0x3c6b7893) x17 0x000003c4
core   0: 0x80000d74 (0xfd740717) auipc   a4, 0xfd740
core   0: 3 0x80000d74 (0xfd740717) x14 0x7d740d74
core   0: 0x80000d78 (0x0079c8b3) xor     a7, s3, t2
core   0: 3 0x80000d78 (0x0079c8b3) x17 0x003fe000
core   0: 0x80000d7c (0x65262513) slti    a0, a2, 1618
core   0: 3 0x80000d7c (0x65262513) x10 0x00000001
core   0: 0x80000d80 (0x01394733) xor     a4, s2, s3
core   0: 3 0x80000d80 (0x01394733) x14 0xffc01fff
core   0: 0x80000d84 (0x01f72bb3) slt     s7, a4, t6
core   0: 3 0x80000d84 (0x01f72bb3) x23 0x00000001
core   0: 0x80000d88 (0x00000013) nop
core   0: 3 0x80000d88 (0x00000013)
core   0: 0x80000d8c (0x00845893) srli    a7, s0, 8
core   0: 3 0x80000d8c (0x00845893) x17 0x0080010e
core   0: 0x80000d90 (0x4154d693) srai    a3, s1, 21
core   0: 3 0x80000d90 (0x4154d693) x13 0x00000000
core   0: 0x80000d94 (0xebb2b793) sltiu   a5, t0, -325
core   0: 3 0x80000d94 (0xebb2b793) x15 0x00000001
core   0: 0x80000d98 (0x901c46b7) lui     a3, 0x901c4
core   0: 3 0x80000d98 (0x901c46b7) x13 0x901c4000
core   0: 0x80000d9c (0x00941c13) slli    s8, s0, 9
core   0: 3 0x80000d9c (0x00941c13) x24 0x021cc800
core   0: 0x80000da0 (0x01ce4e33) xor     t3, t3, t3
core   0: 3 0x80000da0 (0x01ce4e33) x28 0x00000000
core   0: 0x80000da4 (0x01f857b3) srl     a5, a6, t6
core   0: 3 0x80000da4 (0x01f857b3) x15 0xfffffe53
core   0: 0x80000da8 (0x014663b3) or      t2, a2, s4
core   0: 3 0x80000da8 (0x014663b3) x 7 0x00000000
core   0: 0x80000dac (0x0144dfb3) srl     t6, s1, s4
core   0: 3 0x80000dac (0x0144dfb3) x31 0x00000000
core   0: 0x80000db0 (0x40665033) sra     zero, a2, t1
core   0: 3 0x80000db0 (0x40665033)
core   0: 0x80000db4 (0x0042e933) or      s2, t0, tp
core   0: 3 0x80000db4 (0x0042e933) x18 0x87defd08
core   0: 0x80000db8 (0x3a730517) auipc   a0, 0x3a730
core   0: 3 0x80000db8 (0x3a730517) x10 0xba730db8
core   0: 0x80000dbc (0x5bd64513) xori    a0, a2, 1469
core   0: 3 0x80000dbc (0x5bd64513) x10 0x000005bd
core   0: 0x80000dc0 (0x002e7e33) and     t3, t3, sp
core   0: 3 0x80000dc0 (0x002e7e33) x28 0x00000000
core   0: 0x80000dc4 (0x00bffab3) and     s5, t6, a1
core   0: 3 0x80000dc4 (0x00bffab3) x21 0x00000000
core   0: 0x80000dc8 (0x00000013) nop
core   0: 3 0x80000dc8 (0x00000013)
core   0: 0x80000dcc (0x6e768c13) addi    s8, a3, 1767
core   0: 3 0x80000dcc (0x6e768c13) x24 0x901c46e7
core   0: 0x80000dd0 (0x00ebefb3) or      t6, s7, a4
core   0: 3 0x80000dd0 (0x00ebefb3) x31 0xffc01fff
core   0: 0x80000dd4 (0x00000013) nop
core   0: 3 0x80000dd4 (0x00000013)
core   0: 0x80000dd8 (0x40c4d533) sra     a0, s1, a2
core   0: 3 0x80000dd8 (0x40c4d533) x10 0x00000000
core   0: 0x80000ddc (0x0f173093) sltiu   ra, a4, 241
core   0: 3 0x80000ddc (0x0f173093) x 1 0x00000000
core   0: 0x80000de0 (0x3f4f2193) slti    gp, t5, 1012
core   0: 3 0x80000de0 (0x3f4f2193) x 3 0x00000001
core   0: 0x80000de4 (0x412f0a33) sub     s4, t5, s2
core   0: 3 0x80000de4 (0x412f0a33) x20 0x4e74d2f8
core   0: 0x80000de8 (0xd4a6fb93) andi    s7, a3, -694
core   0: 3 0x80000de8 (0xd4a6fb93) x23 0x901c4000
core   0: 0x80000dec (0x004c9093) slli    ra, s9, 4
core   0: 3 0x80000dec (0x004c9093) x 1 0x0014ce40
core   0: 0x80000df0 (0x40f950b3) sra     ra, s2, a5
core   0: 3 0x80000df0 (0x40f950b3) x 1 0xfffff0fb
core   0: 0x80000df4 (0x01080d33) add     s10, a6, a6
core   0: 3 0x80000df4 (0x01080d33) x26 0xfffffca6
core   0: 0x80000df8 (0xad351217) auipc   tp, 0xad351
core   0: 3 0x80000df8 (0xad351217) x 4 0x2d351df8
core   0: 0x80000dfc (0x40da5993) srai    s3, s4, 13
core   0: 3 0x80000dfc (0x40da5993) x19 0x000273a6
core   0: 0x80000e00 (0x00d84bb3) xor     s7, a6, a3
core   0: 3 0x80000e00 (0x00d84bb3) x23 0x6fe3be53
core   0: 0x80000e04 (0x0054d493) srli    s1, s1, 5
core   0: 3 0x80000e04 (0x0054d493) x 9 0x00000000
core   0: 0x80000e08 (0x42b66717) auipc   a4, 0x42b66
core   0: 3 0x80000e08 (0x42b66717) x14 0xc2b66e08
core   0: 0x80000e0c (0x0129bab3) sltu    s5, s3, s2
core   0: 3 0x80000e0c (0x0129bab3) x21 0x00000001
core   0: 0x80000e10 (0x00821d93) slli    s11, tp, 8
core   0: 3 0x80000e10 (0x00821d93) x27 0x351df800
core   0: 0x80000e14 (0x0180d693) srli    a3, ra, 24
core   0: 3 0x80000e14 (0x0180d693) x13 0x000000ff
core   0: 0x80000e18 (0x22127093) andi    ra, tp, 545
core   0: 3 0x80000e18 (0x22127093) x 1 0x00000020
core   0: 0x80000e1c (0x2a03ec13) ori     s8, t2, 672
core   0: 3 0x80000e1c (0x2a03ec13) x24 0x000002a0
core   0: 0x80000e20 (0x645f6797) auipc   a5, 0x645f6
core   0: 3 0x80000e20 (0x645f6797) x15 0xe45f6e20
core   0: 0x80000e24 (0x68907893) andi    a7, zero, 1673
core   0: 3 0x80000e24 (0x68907893) x17 0x00000000
core   0: 0x80000e28 (0xd0640b93) addi    s7, s0, -762
core   0: 3 0x80000e28 (0xd0640b93) x23 0x80010b6a
core   0: 0x80000e2c (0x4fcba737) lui     a4, 0x4fcba
core   0: 3 0x80000e2c (0x4fcba737) x14 0x4fcba000
core   0: 0x80000e30 (0x8836fd13) andi    s10, a3, -1917
core   0: 3 0x80000e30 (0x8836fd13) x26 0x00000083
core   0: 0x80000e34 (0x414fdab3) sra     s5, t6, s4
core   0: 3 0x80000e34 (0x414fdab3) x21 0xffffffff
core   0: 0x80000e38 (0x01466d33) or      s10, a2, s4
core   0: 3 0x80000e38 (0x01466d33) x26 0x4e74d2f8
core   0: 0x80000e3c (0x019932b3) sltu    t0, s2, s9
core   0: 3 0x80000e3c (0x019932b3) x 5 0x00000000
core   0: 0x80000e40 (0xc21d6213) ori     tp, s10, -991
core   0: 3 0x80000e40 (0xc21d6213) x 4 0xfffffef9
core   0: 0x80000e44 (0x77ee5db7) lui     s11, 0x77ee5
core   0: 3 0x80000e44 (0x77ee5db7) x27 0x77ee5000
core   0: 0x80000e48 (0x00c7c333) xor     t1, a5, a2
core   0: 3 0x80000e48 (0x00c7c333) x 6 0xe45f6e20
core   0: 0x80000e4c (0x000035b3) snez    a1, zero
core   0: 3 0x80000e4c (0x000035b3) x11 0x00000000
core   0: 0x80000e50 (0x01f8bdb3) sltu    s11, a7, t6
core   0: 3 0x80000e50 (0x01f8bdb3) x27 0x00000001
core   0: 0x80000e54 (0x2ac56ab7) lui     s5, 0x2ac56
core   0: 3 0x80000e54 (0x2ac56ab7) x21 0x2ac56000
core   0: 0x80000e58 (0x5782e5b7) lui     a1, 0x5782e
core   0: 3 0x80000e58 (0x5782e5b7) x11 0x5782e000
core   0: 0x80000e5c (0x009e91b3) sll     gp, t4, s1
core   0: 3 0x80000e5c (0x009e91b3) x 3 0x80000000
core   0: 0x80000e60 (0x98640a13) addi    s4, s0, -1658
core   0: 3 0x80000e60 (0x98640a13) x20 0x800107ea
core   0: 0x80000e64 (0x0cbbe893) ori     a7, s7, 203
core   0: 3 0x80000e64 (0x0cbbe893) x17 0x80010beb
core   0: 0x80000e68 (0x01515393) srli    t2, sp, 21
core   0: 3 0x80000e68 (0x01515393) x 7 0x000007c8
core   0: 0x80000e6c (0x006869b3) or      s3, a6, t1
core   0: 3 0x80000e6c (0x006869b3) x19 0xfffffe73
core   0: 0x80000e70 (0x7e443517) auipc   a0, 0x7e443
core   0: 3 0x80000e70 (0x7e443517) x10 0xfe443e70
core   0: 0x80000e74 (0x01a75393) srli    t2, a4, 26
core   0: 3 0x80000e74 (0x01a75393) x 7 0x00000013
core   0: 0x80000e78 (0x00ba9893) slli    a7, s5, 11
core   0: 3 0x80000e78 (0x00ba9893) x17 0x2b000000
core   0: 0x80000e7c (0x0043e633) or      a2, t2, tp
core   0: 3 0x80000e7c (0x0043e633) x12 0xfffffefb
core   0: 0x80000e80 (0x41165393) srai    t2, a2, 17
core   0: 3 0x80000e80 (0x41165393) x 7 0xffffffff
core   0: 0x80000e84 (0x071ae213) ori     tp, s5, 113
core   0: 3 0x80000e84 (0x071ae213) x 4 0x2ac56071
core   0: 0x80000e88 (0x000767b3) or      a5, a4, zero
core   0: 3 0x80000e88 (0x000767b3) x15 0x4fcba000
core   0: 0x80000e8c (0x18dc6f37) lui     t5, 0x18dc6
core   0: 3 0x80000e8c (0x18dc6f37) x30 0x18dc6000
core   0: 0x80000e90 (0x9b498893) addi    a7, s3, -1612
core   0: 3 0x80000e90 (0x9b498893) x17 0xfffff827
core   0: 0x80000e94 (0xf2e32313) slti    t1, t1, -210
core   0: 3 0x80000e94 (0xf2e32313) x 6 0x00000001
core   0: 0x80000e98 (0x0183b633) sltu    a2, t2, s8
core   0: 3 0x80000e98 (0x0183b633) x12 0x00000000
core   0: 0x80000e9c (0x10438513) addi    a0, t2, 260
core   0: 3 0x80000e9c (0x10438513) x10 0x00000103
core   0: 0x80000ea0 (0xc52ba013) slti    zero, s7, -942
core   0: 3 0x80000ea0 (0xc52ba013)
core   0: 0x80000ea4 (0x01c49a93) slli    s5, s1, 28
core   0: 3 0x80000ea4 (0x01c49a93) x21 0x00000000
core   0: 0x80000ea8 (0x006ed793) srli    a5, t4, 6
core   0: 3 0x80000ea8 (0x006ed793) x15 0x02000000
core   0: 0x80000eac (0xaddce213) ori     tp, s9, -1315
core   0: 3 0x80000eac (0xaddce213) x 4 0xfffffefd
core   0: 0x80000eb0 (0x00000013) nop
core   0: 3 0x80000eb0 (0x00000013)
core   0: 0x80000eb4 (0x018f00b3) add     ra, t5, s8
core   0: 3 0x80000eb4 (0x018f00b3) x 1 0x18dc62a0
core   0: 0x80000eb8 (0x00679333) sll     t1, a5, t1
core   0: 3 0x80000eb8 (0x00679333) x 6 0x04000000
core   0: 0x80000ebc (0x80000737) lui     a4, 0x80000
core   0: 3 0x80000ebc (0x80000737) x14 0x80000000
core   0: 0x80000ec0 (0x800005b7) lui     a1, 0x80000
core   0: 3 0x80000ec0 (0x800005b7) x11 0x80000000
core   0: 0x80000ec4 (0x38ce42b7) lui     t0, 0x38ce4
core   0: 3 0x80000ec4 (0x38ce42b7) x 5 0x38ce4000
core   0: 0x80000ec8 (0x8b028293) addi    t0, t0, -1872
core   0: 3 0x80000ec8 (0x8b028293) x 5 0x38ce38b0
core   0: 0x80000ecc (0x800008b7) lui     a7, 0x80000
core   0: 3 0x80000ecc (0x800008b7) x17 0x80000000
core   0: 0x80000ed0 (0x80000137) lui     sp, 0x80000
core   0: 3 0x80000ed0 (0x80000137) x 2 0x80000000
core   0: 0x80000ed4 (0x399b86b7) lui     a3, 0x399b8
core   0: 3 0x80000ed4 (0x399b86b7) x13 0x399b8000
core   0: 0x80000ed8 (0xdc768693) addi    a3, a3, -569
core   0: 3 0x80000ed8 (0xdc768693) x13 0x399b7dc7
core   0: 0x80000edc (0x80000d37) lui     s10, 0x80000
core   0: 3 0x80000edc (0x80000d37) x26 0x80000000
core   0: 0x80000ee0 (0x80000237) lui     tp, 0x80000
core   0: 3 0x80000ee0 (0x80000237) x 4 0x80000000
core   0: 0x80000ee4 (0x00000a13) li      s4, 0
core   0: 3 0x80000ee4 (0x00000a13) x20 0x00000000
core   0: 0x80000ee8 (0xfff00b93) li      s7, -1
core   0: 3 0x80000ee8 (0xfff00b93) x23 0xffffffff
core   0: 0x80000eec (0x01a588b3) add     a7, a1, s10
core   0: 3 0x80000eec (0x01a588b3) x17 0x00000000
core   0: 0x80000ef0 (0x47b9e8b7) lui     a7, 0x47b9e
core   0: 3 0x80000ef0 (0x47b9e8b7) x17 0x47b9e000
core   0: 0x80000ef4 (0x799da717) auipc   a4, 0x799da
core   0: 3 0x80000ef4 (0x799da717) x14 0xf99daef4
core   0: 0x80000ef8 (0x0ae5e697) auipc   a3, 0xae5e
core   0: 3 0x80000ef8 (0x0ae5e697) x13 0x8ae5eef8
core   0: 0x80000efc (0x00000013) nop
core   0: 3 0x80000efc (0x00000013)
core   0: 0x80000f00 (0x8b75b237) lui     tp, 0x8b75b
core   0: 3 0x80000f00 (0x8b75b237) x 4 0x8b75b000
core   0: 0x80000f04 (0x41128133) sub     sp, t0, a7
core   0: 3 0x80000f04 (0x41128133) x 2 0xf11458b0
core   0: 0x80000f08 (0xe1cf2737) lui     a4, 0xe1cf2
core   0: 3 0x80000f08 (0xe1cf2737) x14 0xe1cf2000
core   0: 0x80000f0c (0xe0e58d13) addi    s10, a1, -498
core   0: 3 0x80000f0c (0xe0e58d13) x26 0x7ffffe0e
core   0: 0x80000f10 (0xed9dd8b7) lui     a7, 0xed9dd
core   0: 3 0x80000f10 (0xed9dd8b7) x17 0xed9dd000
core   0: 0x80000f14 (0x45726d17) auipc   s10, 0x45726
core   0: 3 0x80000f14 (0x45726d17) x26 0xc5726f14
core   0: 0x80000f18 (0x00000013) nop
core   0: 3 0x80000f18 (0x00000013)
core   0: 0x80000f1c (0x42625117) auipc   sp, 0x42625
core   0: 3 0x80000f1c (0x42625117) x 2 0xc2625f1c
core   0: 0x80000f20 (0xa2710593) addi    a1, sp, -1497
core   0: 3 0x80000f20 (0xa2710593) x11 0xc2625943
core   0: 0x80000f24 (0xa8c9bd17) auipc   s10, 0xa8c9b
core   0: 3 0x80000f24 (0xa8c9bd17) x26 0x28c9bf24
core   0: 0x80000f28 (0x01a585b3) add     a1, a1, s10
core   0: 3 0x80000f28 (0x01a585b3) x11 0xeb2c1867
core   0: 0x80000f2c (0x00b20733) add     a4, tp, a1
core   0: 3 0x80000f2c (0x00b20733) x14 0x76a1c867
core   0: 0x80000f30 (0x004b8233) add     tp, s7, tp
core   0: 3 0x80000f30 (0x004b8233) x 4 0x8b75afff
core   0: 0x80000f34 (0x5aa4e697) auipc   a3, 0x5aa4e
core   0: 3 0x80000f34 (0x5aa4e697) x13 0xdaa4ef34
core   0: 0x80000f38 (0x40470d33) sub     s10, a4, tp
core   0: 3 0x80000f38 (0x40470d33) x26 0xeb2c1868
core   0: 0x80000f3c (0x00e58233) add     tp, a1, a4
core   0: 3 0x80000f3c (0x00e58233) x 4 0x61cde0ce
core   0: 0x80000f40 (0x9f2b8b93) addi    s7, s7, -1550
core   0: 3 0x80000f40 (0x9f2b8b93) x23 0xfffff9f1
core   0: 0x80000f44 (0x01b087b3) add     a5, ra, s11
core   0: 3 0x80000f44 (0x01b087b3) x15 0x18dc62a1
core   0: 0x80000f48 (0x29847e13) andi    t3, s0, 664
core   0: 3 0x80000f48 (0x29847e13) x28 0x00000200
core   0: 0x80000f4c (0x01c4da33) srl     s4, s1, t3
core   0: 3 0x80000f4c (0x01c4da33) x20 0x00000000
core   0: 0x80000f50 (0x00777533) and     a0, a4, t2
core   0: 3 0x80000f50 (0x00777533) x10 0x76a1c867
core   0: 0x80000f54 (0xc6948e13) addi    t3, s1, -919
core   0: 3 0x80000f54 (0xc6948e13) x28 0xfffffc69
core   0: 0x80000f58 (0x40585293) srai    t0, a6, 5
core   0: 3 0x80000f58 (0x40585293) x 5 0xfffffff2
core   0: 0x80000f5c (0x00a2c733) xor     a4, t0, a0
core   0: 3 0x80000f5c (0x00a2c733) x14 0x895e3795
core   0: 0x80000f60 (0x41c6d993) srai    s3, a3, 28
core   0: 3 0x80000f60 (0x41c6d993) x19 0xfffffffd
core   0: 0x80000f64 (0x1a5a3f13) sltiu   t5, s4, 421
core   0: 3 0x80000f64 (0x1a5a3f13) x30 0x00000001
core   0: 0x80000f68 (0x401c09b3) sub     s3, s8, ra
core   0: 3 0x80000f68 (0x401c09b3) x19 0xe723a000
core   0: 0x80000f6c (0x0111b5b3) sltu    a1, gp, a7
core   0: 3 0x80000f6c (0x0111b5b3) x11 0x00000001
core   0: 0x80000f70 (0x00d8e7b3) or      a5, a7, a3
core   0: 3 0x80000f70 (0x00d8e7b3) x15 0xffbdff34
core   0: 0x80000f74 (0xb9142493) slti    s1, s0, -1135
core   0: 3 0x80000f74 (0xb9142493) x 9 0x00000001
core   0: 0x80000f78 (0x409f5993) srai    s3, t5, 9
core   0: 3 0x80000f78 (0x409f5993) x19 0x00000000
core   0: 0x80000f7c (0x01011993) slli    s3, sp, 16
core   0: 3 0x80000f7c (0x01011993) x19 0x5f1c0000
core   0: 0x80000f80 (0x00fa91b3) sll     gp, s5, a5
core   0: 3 0x80000f80 (0x00fa91b3) x 3 0x00000000
core   0: 0x80000f84 (0x3f09fc37) lui     s8, 0x3f09f
core   0: 3 0x80000f84 (0x3f09fc37) x24 0x3f09f000
core   0: 0x80000f88 (0x00f8c633) xor     a2, a7, a5
core   0: 3 0x80000f88 (0x00f8c633) x12 0x12202f34
core   0: 0x80000f8c (0x01b628b3) slt     a7, a2, s11
core   0: 3 0x80000f8c (0x01b628b3) x17 0x00000000
core   0: 0x80000f90 (0x018cd213) srli    tp, s9, 24
core   0: 3 0x80000f90 (0x018cd213) x 4 0x00000080
core   0: 0x80000f94 (0x00290fb3) add     t6, s2, sp
core   0: 3 0x80000f94 (0x00290fb3) x31 0x4a415c24
core   0: 0x80000f98 (0x0150db33) srl     s6, ra, s5
core   0: 3 0x80000f98 (0x0150db33) x22 0x18dc62a0
core   0: 0x80000f9c (0xf91b2893) slti    a7, s6, -111
core   0: 3 0x80000f9c (0xf91b2893) x17 0x00000000
core   0: 0x80000fa0 (0x010a73b3) and     t2, s4, a6
core   0: 3 0x80000fa0 (0x010a73b3) x 7 0x00000000
core   0: 0x80000fa4 (0x0171d313) srli    t1, gp, 23
core   0: 3 0x80000fa4 (0x0171d313) x 6 0x00000000
core   0: 0x80000fa8 (0x01758db3) add     s11, a1, s7
core   0: 3 0x80000fa8 (0x01758db3) x27 0xfffff9f2
core   0: 0x80000fac (0x00000013) nop
core   0: 3 0x80000fac (0x00000013)
core   0: 0x80000fb0 (0x41ce81b3) sub     gp, t4, t3
core   0: 3 0x80000fb0 (0x41ce81b3) x 3 0x80000397
core   0: 0x80000fb4 (0x40705d93) srai    s11, zero, 7
core   0: 3 0x80000fb4 (0x40705d93) x27 0x00000000
core   0: 0x80000fb8 (0x00f89a13) slli    s4, a7, 15
core   0: 3 0x80000fb8 (0x00f89a13) x20 0x00000000
core   0: 0x80000fbc (0x40afd513) srai    a0, t6, 10
core   0: 3 0x80000fbc (0x40afd513) x10 0x00129057
core   0: 0x80000fc0 (0x01a49f13) slli    t5, s1, 26
core   0: 3 0x80000fc0 (0x01a49f13) x30 0x04000000
core   0: 0x80000fc4 (0x0086a8b3) slt     a7, a3, s0
core   0: 3 0x80000fc4 (0x0086a8b3) x17 0x00000000
core   0: 0x80000fc8 (0x01c652b3) srl     t0, a2, t3
core   0: 3 0x80000fc8 (0x01c652b3) x 5 0x00091017
core   0: 0x80000fcc (0xc5efbd93) sltiu   s11, t6, -930
core   0: 3 0x80000fcc (0xc5efbd93) x27 0x00000001
core   0: 0x80000fd0 (0x15be7a93) andi    s5, t3, 347
core   0: 3 0x80000fd0 (0x15be7a93) x21 0x00000049
core   0: 0x80000fd4 (0x00e48fb3) add     t6, s1, a4
core   0: 3 0x80000fd4 (0x00e48fb3) x31 0x895e3796
core   0: 0x80000fd8 (0xa8b98893) addi    a7, s3, -1397
core   0: 3 0x80000fd8 (0xa8b98893) x17 0x5f1bfa8b
core   0: 0x80000fdc (0x00206633) or      a2, zero, sp
core   0: 3 0x80000fdc (0x00206633) x12 0xc2625f1c
core   0: 0x80000fe0 (0x41118833) sub     a6, gp, a7
core   0: 3 0x80000fe0 (0x41118833) x16 0x20e4090c
core   0: 0x80000fe4 (0x9be42d17) auipc   s10, 0x9be42
core   0: 3 0x80000fe4 (0x9be42d17) x26 0x1be42fe4
core   0: 0x80000fe8 (0x41f2de33) sra     t3, t0, t6
core   0: 3 0x80000fe8 (0x41f2de33) x28 0x00000000
core   0: 0x80000fec (0x40fed8b3) sra     a7, t4, a5
core   0: 3 0x80000fec (0x40fed8b3) x17 0xfffff800
core   0: 0x80000ff0 (0x58356237) lui     tp, 0x58356
core   0: 3 0x80000ff0 (0x58356237) x 4 0x58356000
core   0: 0x80000ff4 (0x018a30b3) sltu    ra, s4, s8
core   0: 3 0x80000ff4 (0x018a30b3) x 1 0x00000001
core   0: 0x80000ff8 (0x387f0893) addi    a7, t5, 903
core   0: 3 0x80000ff8 (0x387f0893) x17 0x04000387
core   0: 0x80000ffc (0x00b78233) add     tp, a5, a1
core   0: 3 0x80000ffc (0x00b78233) x 4 0xffbdff35
core   0: 0x80001000 (0xf7bb4513) xori    a0, s6, -133
core   0: 3 0x80001000 (0xf7bb4513) x10 0xe7239ddb
core   0: 0x80001004 (0x016801b3) add     gp, a6, s6
core   0: 3 0x80001004 (0x016801b3) x 3 0x39c06bac
core   0: 0x80001008 (0x74d7a813) slti    a6, a5, 1869
core   0: 3 0x80001008 (0x74d7a813) x16 0x00000001
core   0: 0x8000100c (0x01b5d993) srli    s3, a1, 27
core   0: 3 0x8000100c (0x01b5d993) x19 0x00000000
core   0: 0x80001010 (0x4160d8b3) sra     a7, ra, s6
core   0: 3 0x80001010 (0x4160d8b3) x17 0x00000001
core   0: 0x80001014 (0x014d1133) sll     sp, s10, s4
core   0: 3 0x80001014 (0x014d1133) x 2 0x1be42fe4
core   0: 0x80001018 (0xe0b30937) lui     s2, 0xe0b30
core   0: 3 0x80001018 (0xe0b30937) x18 0xe0b30000
core   0: 0x8000101c (0xfc272f93) slti    t6, a4, -62
core   0: 3 0x8000101c (0xfc272f93) x31 0x00000001
core   0: 0x80001020 (0x01dfc4b3) xor     s1, t6, t4
core   0: 3 0x80001020 (0x01dfc4b3) x 9 0x80000001
core   0: 0x80001024 (0x0089b833) sltu    a6, s3, s0
core   0: 3 0x80001024 (0x0089b833) x16 0x00000001
core   0: 0x80001028 (0x00000013) nop
core   0: 3 0x80001028 (0x00000013)
core   0: 0x8000102c (0x019676b3) and     a3, a2, s9
core   0: 3 0x8000102c (0x019676b3) x13 0x80004c04
core   0: 0x80001030 (0x0075c333) xor     t1, a1, t2
core   0: 3 0x80001030 (0x0075c333) x 6 0x00000001
core   0: 0x80001034 (0x0165fc33) and     s8, a1, s6
core   0: 3 0x80001034 (0x0165fc33) x24 0x00000000
core   0: 0x80001038 (0x4fc3af93) slti    t6, t2, 1276
core   0: 3 0x80001038 (0x4fc3af93) x31 0x00000001
core   0: 0x8000103c (0x41a20a33) sub     s4, tp, s10
core   0: 3 0x8000103c (0x41a20a33) x20 0xe3d9cf51
core   0: 0x80001040 (0x009b5ab3) srl     s5, s6, s1
core   0: 3 0x80001040 (0x009b5ab3) x21 0x0c6e3150
core   0: 0x80001044 (0x00ce0033) add     zero, t3, a2
core   0: 3 0x80001044 (0x00ce0033)
core   0: 0x80001048 (0x3847c337) lui     t1, 0x3847c
core   0: 3 0x80001048 (0x3847c337) x 6 0x3847c000
core   0: 0x8000104c (0xdfc9ef93) ori     t6, s3, -516
core   0: 3 0x8000104c (0xdfc9ef93) x31 0xfffffdfc
core   0: 0x80001050 (0x00cb2833) slt     a6, s6, a2
core   0: 3 0x80001050 (0x00cb2833) x16 0x00000000
core   0: 0x80001054 (0x6b43f337) lui     t1, 0x6b43f
core   0: 3 0x80001054 (0x6b43f337) x 6 0x6b43f000
core   0: 0x80001058 (0x0081f6b3) and     a3, gp, s0
core   0: 3 0x80001058 (0x0081f6b3) x13 0x00000a24
core   0: 0x8000105c (0x69f56797) auipc   a5, 0x69f56
core   0: 3 0x8000105c (0x69f56797) x15 0xe9f5705c
core   0: 0x80001060 (0x01d79f33) sll     t5, a5, t4
core   0: 3 0x80001060 (0x01d79f33) x30 0xe9f5705c
core   0: 0x80001064 (0x006c8b33) add     s6, s9, t1
core   0: 3 0x80001064 (0x006c8b33) x22 0xeb453ce4
core   0: 0x80001068 (0x781cb093) sltiu   ra, s9, 1921
core   0: 3 0x80001068 (0x781cb093) x 1 0x00000000
core   0: 0x8000106c (0x41c20bb3) sub     s7, tp, t3
core   0: 3 0x8000106c (0x41c20bb3) x23 0xffbdff35
core   0: 0x80001070 (0x83d24c13) xori    s8, tp, -1987
core   0: 3 0x80001070 (0x83d24c13) x24 0x00420708
core   0: 0x80001074 (0x00000d93) li      s11, 0
core   0: 3 0x80001074 (0x00000d93) x27 0x00000000
core   0: 0x80001078 (0x632f7137) lui     sp, 0x632f7
core   0: 3 0x80001078 (0x632f7137) x 2 0x632f7000
core   0: 0x8000107c (0x4c110113) addi    sp, sp, 1217
core   0: 3 0x8000107c (0x4c110113) x 2 0x632f74c1
core   0: 0x80001080 (0x00000f93) li      t6, 0
core   0: 3 0x80001080 (0x00000f93) x31 0x00000000
core   0: 0x80001084 (0xfff00093) li      ra, -1
core   0: 3 0x80001084 (0xfff00093) x 1 0xffffffff
core   0: 0x80001088 (0xfff00d13) li      s10, -1
core   0: 3 0x80001088 (0xfff00d13) x26 0xffffffff
core   0: 0x8000108c (0x00000713) li      a4, 0
core   0: 3 0x8000108c (0x00000713) x14 0x00000000
core   0: 0x80001090 (0xe1962c37) lui     s8, 0xe1962
core   0: 3 0x80001090 (0xe1962c37) x24 0xe1962000
core   0: 0x80001094 (0x41cc0c13) addi    s8, s8, 1052
core   0: 3 0x80001094 (0x41cc0c13) x24 0xe196241c
core   0: 0x80001098 (0x00000913) li      s2, 0
core   0: 3 0x80001098 (0x00000913) x18 0x00000000
core   0: 0x8000109c (0xfff00193) li      gp, -1
core   0: 3 0x8000109c (0xfff00193) x 3 0xffffffff
core   0: 0x800010a0 (0xfff00493) li      s1, -1
core   0: 3 0x800010a0 (0xfff00493) x 9 0xffffffff
core   0: 0x800010a4 (0x00000013) nop
core   0: 3 0x800010a4 (0x00000013)
core   0: 0x800010a8 (0x00170133) add     sp, a4, ra
core   0: 3 0x800010a8 (0x00170133) x 2 0xffffffff
core   0: 0x800010ac (0xc2108113) addi    sp, ra, -991
core   0: 3 0x800010ac (0xc2108113) x 2 0xfffffc20
core   0: 0x800010b0 (0x5de19d97) auipc   s11, 0x5de19
core   0: 3 0x800010b0 (0x5de19d97) x27 0xdde1a0b0
core   0: 0x800010b4 (0x01ff80b3) add     ra, t6, t6
core   0: 3 0x800010b4 (0x01ff80b3) x 1 0x00000000
core   0: 0x800010b8 (0xd2418f93) addi    t6, gp, -732
core   0: 3 0x800010b8 (0xd2418f93) x31 0xfffffd23
core   0: 0x800010bc (0x018181b3) add     gp, gp, s8
core   0: 3 0x800010bc (0x018181b3) x 3 0xe196241b
core   0: 0x800010c0 (0x57923db7) lui     s11, 0x57923
core   0: 3 0x800010c0 (0x57923db7) x27 0x57923000
core   0: 0x800010c4 (0x418f8c33) sub     s8, t6, s8
core   0: 3 0x800010c4 (0x418f8c33) x24 0x1e69d907
core   0: 0x800010c8 (0xb397bc17) auipc   s8, 0xb397b
core   0: 3 0x800010c8 (0xb397bc17) x24 0x3397c0c8
core   0: 0x800010cc (0x01810133) add     sp, sp, s8
core   0: 3 0x800010cc (0x01810133) x 2 0x3397bce8
core   0: 0x800010d0 (0x47a30737) lui     a4, 0x47a30
core   0: 3 0x800010d0 (0x47a30737) x14 0x47a30000
core   0: 0x800010d4 (0x012d01b3) add     gp, s10, s2
core   0: 3 0x800010d4 (0x012d01b3) x 3 0xffffffff
core   0: 0x800010d8 (0x830c04b7) lui     s1, 0x830c0
core   0: 3 0x800010d8 (0x830c04b7) x 9 0x830c0000
core   0: 0x800010dc (0x00000013) nop
core   0: 3 0x800010dc (0x00000013)
core   0: 0x800010e0 (0xc5c15737) lui     a4, 0xc5c15
core   0: 3 0x800010e0 (0xc5c15737) x14 0xc5c15000
core   0: 0x800010e4 (0x01b90fb3) add     t6, s2, s11
core   0: 3 0x800010e4 (0x01b90fb3) x31 0x57923000
core   0: 0x800010e8 (0xb0a35937) lui     s2, 0xb0a35
core   0: 3 0x800010e8 (0xb0a35937) x18 0xb0a35000
core   0: 0x800010ec (0xe317a717) auipc   a4, 0xe317a
core   0: 3 0x800010ec (0xe317a717) x14 0x6317b0ec
core   0: 0x800010f0 (0x8d628717) auipc   a4, 0x8d628
core   0: 3 0x800010f0 (0x8d628717) x14 0x0d6290f0
core   0: 0x800010f4 (0x002484b3) add     s1, s1, sp
core   0: 3 0x800010f4 (0x002484b3) x 9 0xb6a3bce8
core   0: 0x800010f8 (0x88ecafb7) lui     t6, 0x88eca
core   0: 3 0x800010f8 (0x88ecafb7) x31 0x88eca000
core   0: 0x800010fc (0xb7470c13) addi    s8, a4, -1164
core   0: 3 0x800010fc (0xb7470c13) x24 0x0d628c64
core   0: 0x80001100 (0x00000013) nop
core   0: 3 0x80001100 (0x00000013)
core   0: 0x80001104 (0x00000013) nop
core   0: 3 0x80001104 (0x00000013)
core   0: 0x80001108 (0x401080b3) sub     ra, ra, ra
core   0: 3 0x80001108 (0x401080b3) x 1 0x00000000
core   0: 0x8000110c (0x8f1f8d93) addi    s11, t6, -1807
core   0: 3 0x8000110c (0x8f1f8d93) x27 0x88ec98f1
core   0: 0x80001110 (0xbbb08493) addi    s1, ra, -1093
core   0: 3 0x80001110 (0xbbb08493) x 9 0xfffffbbb
core   0: 0x80001114 (0x001c0733) add     a4, s8, ra
core   0: 3 0x80001114 (0x001c0733) x14 0x0d628c64
core   0: 0x80001118 (0x6f708f93) addi    t6, ra, 1783
core   0: 3 0x80001118 (0x6f708f93) x31 0x000006f7
core   0: 0x8000111c (0x5938ad93) slti    s11, a7, 1427
core   0: 3 0x8000111c (0x5938ad93) x27 0x00000001
core   0: 0x80001120 (0x0029dc13) srli    s8, s3, 2
core   0: 3 0x80001120 (0x0029dc13) x24 0x00000000
core   0: 0x80001124 (0x01f758b3) srl     a7, a4, t6
core   0: 3 0x80001124 (0x01f758b3) x17 0x0000001a
core   0: 0x80001128 (0xf0e7f213) andi    tp, a5, -242
core   0: 3 0x80001128 (0xf0e7f213) x 4 0xe9f5700c
core   0: 0x8000112c (0x4076da13) srai    s4, a3, 7
core   0: 3 0x8000112c (0x4076da13) x20 0x00000014
core   0: 0x80001130 (0x17a66613) ori     a2, a2, 378
core   0: 3 0x80001130 (0x17a66613) x12 0xc2625f7e
core   0: 0x80001134 (0x81c1b893) sltiu   a7, gp, -2020
core   0: 3 0x80001134 (0x81c1b893) x17 0x00000000
core   0: 0x80001138 (0x01b9de13) srli    t3, s3, 27
core   0: 3 0x80001138 (0x01b9de13) x28 0x00000000
core   0: 0x8000113c (0x8f71cd93) xori    s11, gp, -1801
core   0: 3 0x8000113c (0x8f71cd93) x27 0x00000708
core   0: 0x80001140 (0x9288e217) auipc   tp, 0x9288e
core   0: 3 0x80001140 (0x9288e217) x 4 0x1288f140
core   0: 0x80001144 (0x8b87cd13) xori    s10, a5, -1864
core   0: 3 0x80001144 (0x8b87cd13) x26 0x160a88e4
core   0: 0x80001148 (0x416254b3) sra     s1, tp, s6
core   0: 3 0x80001148 (0x416254b3) x 9 0x01288f14
core   0: 0x8000114c (0x41fb5b13) srai    s6, s6, 31
core   0: 3 0x8000114c (0x41fb5b13) x22 0xffffffff
core   0: 0x80001150 (0x95816913) ori     s2, sp, -1704
core   0: 3 0x80001150 (0x95816913) x18 0xfffffdf8
core   0: 0x80001154 (0x00fcedb3) or      s11, s9, a5
core   0: 3 0x80001154 (0x00fcedb3) x27 0xe9f57cfc
core   0: 0x80001158 (0xdf6cbd13) sltiu   s10, s9, -522
core   0: 3 0x80001158 (0xdf6cbd13) x26 0x00000001
core   0: 0x8000115c (0x019103b3) add     t2, sp, s9
core   0: 3 0x8000115c (0x019103b3) x 7 0xb39909cc
core   0: 0x80001160 (0x1f75bb13) sltiu   s6, a1, 503
core   0: 3 0x80001160 (0x1f75bb13) x22 0x00000001
core   0: 0x80001164 (0x01c606b3) add     a3, a2, t3
core   0: 3 0x80001164 (0x01c606b3) x13 0xc2625f7e
core   0: 0x80001168 (0x001a9a93) slli    s5, s5, 1
core   0: 3 0x80001168 (0x001a9a93) x21 0x18dc62a0
core   0: 0x8000116c (0x40515333) sra     t1, sp, t0
core   0: 3 0x8000116c (0x40515333) x 6 0x00000067
core   0: 0x80001170 (0x00000013) nop
core   0: 3 0x80001170 (0x00000013)
core   0: 0x80001174 (0x01a388b3) add     a7, t2, s10
core   0: 3 0x80001174 (0x01a388b3) x17 0xb39909cd
core   0: 0x80001178 (0x003a30b3) sltu    ra, s4, gp
core   0: 3 0x80001178 (0x003a30b3) x 1 0x00000001
core   0: 0x8000117c (0xa9f07813) andi    a6, zero, -1377
core   0: 3 0x8000117c (0xa9f07813) x16 0x00000000
core   0: 0x80001180 (0x00665a33) srl     s4, a2, t1
core   0: 3 0x80001180 (0x00665a33) x20 0x0184c4be
core   0: 0x80001184 (0xf85b4513) xori    a0, s6, -123
core   0: 3 0x80001184 (0xf85b4513) x10 0xffffff84
core   0: 0x80001188 (0x001e9193) slli    gp, t4, 1
core   0: 3 0x80001188 (0x001e9193) x 3 0x00000000
core   0: 0x8000118c (0x00846ab3) or      s5, s0, s0
core   0: 3 0x8000118c (0x00846ab3) x21 0x80010e64
core   0: 0x80001190 (0x5ed5ff13) andi    t5, a1, 1517
core   0: 3 0x80001190 (0x5ed5ff13) x30 0x00000001
core   0: 0x80001194 (0x5f4eb393) sltiu   t2, t4, 1524
core   0: 3 0x80001194 (0x5f4eb393) x 7 0x00000000
core   0: 0x80001198 (0x84387a13) andi    s4, a6, -1981
core   0: 3 0x80001198 (0x84387a13) x20 0x00000000
core   0: 0x8000119c (0x01d7a4b3) slt     s1, a5, t4
core   0: 3 0x8000119c (0x01d7a4b3) x 9 0x00000000
core   0: 0x800011a0 (0xdfadec13) ori     s8, s11, -518
core   0: 3 0x800011a0 (0xdfadec13) x24 0xfffffdfe
core   0: 0x800011a4 (0x160b6113) ori     sp, s6, 352
core   0: 3 0x800011a4 (0x160b6113) x 2 0x00000161
core   0: 0x800011a8 (0x40085333) sra     t1, a6, zero
core   0: 3 0x800011a8 (0x40085333) x 6 0x00000000
core   0: 0x800011ac (0x0e7d0513) addi    a0, s10, 231
core   0: 3 0x800011ac (0x0e7d0513) x10 0x000000e8
core   0: 0x800011b0 (0xd03ef393) andi    t2, t4, -765
core   0: 3 0x800011b0 (0xd03ef393) x 7 0x80000000
core   0: 0x800011b4 (0x001b5a13) srli    s4, s6, 1
core   0: 3 0x800011b4 (0x001b5a13) x20 0x00000000
core   0: 0x800011b8 (0x0025b6b3) sltu    a3, a1, sp
core   0: 3 0x800011b8 (0x0025b6b3) x13 0x00000001
core   0: 0x800011bc (0xb28b0f13) addi    t5, s6, -1240
core   0: 3 0x800011bc (0xb28b0f13) x30 0xfffffb29
core   0: 0x800011c0 (0x1f1f3393) sltiu   t2, t5, 497
core   0: 3 0x800011c0 (0x1f1f3393) x 7 0x00000000
core   0: 0x800011c4 (0x01d86e33) or      t3, a6, t4
core   0: 3 0x800011c4 (0x01d86e33) x28 0x80000000
core   0: 0x800011c8 (0x00aea533) slt     a0, t4, a0
core   0: 3 0x800011c8 (0x00aea533) x10 0x00000001
core   0: 0x800011cc (0x007a1bb3) sll     s7, s4, t2
core   0: 3 0x800011cc (0x007a1bb3) x23 0x00000000
core   0: 0x800011d0 (0xdb505db7) lui     s11, 0xdb505
core   0: 3 0x800011d0 (0xdb505db7) x27 0xdb505000
core   0: 0x800011d4 (0x40600633) sub     a2, zero, t1
core   0: 3 0x800011d4 (0x40600633) x12 0x00000000
core   0: 0x800011d8 (0xbd034f13) xori    t5, t1, -1072
core   0: 3 0x800011d8 (0xbd034f13) x30 0xfffffbd0
core   0: 0x800011dc (0x9c2faa93) slti    s5, t6, -1598
core   0: 3 0x800011dc (0x9c2faa93) x21 0x00000000
core   0: 0x800011e0 (0x403a0133) sub     sp, s4, gp
core   0: 3 0x800011e0 (0x403a0133) x 2 0x00000000
core   0: 0x800011e4 (0x419d5fb3) sra     t6, s10, s9
core   0: 3 0x800011e4 (0x419d5fb3) x31 0x00000000
core   0: 0x800011e8 (0x415e5633) sra     a2, t3, s5
core   0: 3 0x800011e8 (0x415e5633) x12 0x80000000
core   0: 0x800011ec (0x01b5e4b3) or      s1, a1, s11
core   0: 3 0x800011ec (0x01b5e4b3) x 9 0xdb505001
core   0: 0x800011f0 (0x01035b93) srli    s7, t1, 16
core   0: 3 0x800011f0 (0x01035b93) x23 0x00000000
core   0: 0x800011f4 (0x41cc5013) srai    zero, s8, 28
core   0: 3 0x800011f4 (0x41cc5013)
core   0: 0x800011f8 (0x004aa2b3) slt     t0, s5, tp
core   0: 3 0x800011f8 (0x004aa2b3) x 5 0x00000001
core   0: 0x800011fc (0x1445e193) ori     gp, a1, 324
core   0: 3 0x800011fc (0x1445e193) x 3 0x00000145
core   0: 0x80001200 (0xde09cab7) lui     s5, 0xde09c
core   0: 3 0x80001200 (0xde09cab7) x21 0xde09c000
core   0: 0x80001204 (0x01148833) add     a6, s1, a7
core   0: 3 0x80001204 (0x01148833) x16 0x8ee959ce
core   0: 0x80001208 (0x00856633) or      a2, a0, s0
core   0: 3 0x80001208 (0x00856633) x12 0x80010e65
core   0: 0x8000120c (0x00000013) nop
core   0: 3 0x8000120c (0x00000013)
core   0: 0x80001210 (0x016f1693) slli    a3, t5, 22
core   0: 3 0x80001210 (0x016f1693) x13 0xf4000000
core   0: 0x80001214 (0x41775093) srai    ra, a4, 23
core   0: 3 0x80001214 (0x41775093) x 1 0x0000001a
core   0: 0x80001218 (0x01b027b3) slt     a5, zero, s11
core   0: 3 0x80001218 (0x01b027b3) x15 0x00000000
core   0: 0x8000121c (0x72262213) slti    tp, a2, 1826
core   0: 3 0x8000121c (0x72262213) x 4 0x00000001
core   0: 0x80001220 (0x0066f5b3) and     a1, a3, t1
core   0: 3 0x80001220 (0x0066f5b3) x11 0x00000000
core   0: 0x80001224 (0x73a7cc13) xori    s8, a5, 1850
core   0: 3 0x80001224 (0x73a7cc13) x24 0x0000073a
core   0: 0x80001228 (0x5a2b6713) ori     a4, s6, 1442
core   0: 3 0x80001228 (0x5a2b6713) x14 0x000005a3
core   0: 0x8000122c (0x416086b3) sub     a3, ra, s6
core   0: 3 0x8000122c (0x416086b3) x13 0x00000019
core   0: 0x80001230 (0x010e59b3) srl     s3, t3, a6
core   0: 3 0x80001230 (0x010e59b3) x19 0x00020000
core   0: 0x80001234 (0x40dcdf13) srai    t5, s9, 13
core   0: 3 0x80001234 (0x40dcdf13) x30 0xfffc000a
core   0: 0x80001238 (0x006fdab3) srl     s5, t6, t1
core   0: 3 0x80001238 (0x006fdab3) x21 0x00000000
core   0: 0x8000123c (0x00000013) nop
core   0: 3 0x8000123c (0x00000013)
core   0: 0x80001240 (0xf7633b37) lui     s6, 0xf7633
core   0: 3 0x80001240 (0xf7633b37) x22 0xf7633000
core   0: 0x80001244 (0x42bac1b7) lui     gp, 0x42bac
core   0: 3 0x80001244 (0x42bac1b7) x 3 0x42bac000
core   0: 0x80001248 (0x40ffd0b3) sra     ra, t6, a5
core   0: 3 0x80001248 (0x40ffd0b3) x 1 0x00000000
core   0: 0x8000124c (0x01a006b3) add     a3, zero, s10
core   0: 3 0x8000124c (0x01a006b3) x13 0x00000001
core   0: 0x80001250 (0x41915533) sra     a0, sp, s9
core   0: 3 0x80001250 (0x41915533) x10 0x00000000
core   0: 0x80001254 (0x1e98e093) ori     ra, a7, 489
core   0: 3 0x80001254 (0x1e98e093) x 1 0xb39909ed
core   0: 0x80001258 (0x00c480b3) add     ra, s1, a2
core   0: 3 0x80001258 (0x00c480b3) x 1 0x5b515e66
core   0: 0x8000125c (0x018462b3) or      t0, s0, s8
core   0: 3 0x8000125c (0x018462b3) x 5 0x80010f7e
core   0: 0x80001260 (0x89600db7) lui     s11, 0x89600
core   0: 3 0x80001260 (0x89600db7) x27 0x89600000
core   0: 0x80001264 (0x01dbaf33) slt     t5, s7, t4
core   0: 3 0x80001264 (0x01dbaf33) x30 0x00000000
core   0: 0x80001268 (0x6a7e2317) auipc   t1, 0x6a7e2
core   0: 3 0x80001268 (0x6a7e2317) x 6 0xea7e3268
core   0: 0x8000126c (0x00000013) nop
core   0: 3 0x8000126c (0x00000013)
core   0: 0x80001270 (0xd3187813) andi    a6, a6, -719
core   0: 3 0x80001270 (0xd3187813) x16 0x8ee95900
core   0: 0x80001274 (0x4afee197) auipc   gp, 0x4afee
core   0: 3 0x80001274 (0x4afee197) x 3 0xcafef274
core   0: 0x80001278 (0x00000013) nop
core   0: 3 0x80001278 (0x00000013)
core   0: 0x8000127c (0xf439e113) ori     sp, s3, -189
core   0: 3 0x8000127c (0xf439e113) x 2 0xffffff43
core   0: 0x80001280 (0x01d248b3) xor     a7, tp, t4
core   0: 3 0x80001280 (0x01d248b3) x17 0x80000001
core   0: 0x80001284 (0x413cda93) srai    s5, s9, 19
core   0: 3 0x80001284 (0x413cda93) x21 0xfffff000
core   0: 0x80001288 (0x40c65213) srai    tp, a2, 12
core   0: 3 0x80001288 (0x40c65213) x 4 0xfff80010
core   0: 0x8000128c (0x017de333) or      t1, s11, s7
core   0: 3 0x8000128c (0x017de333) x 6 0x89600000
core   0: 0x80001290 (0x012c02b3) add     t0, s8, s2
core   0: 3 0x80001290 (0x012c02b3) x 5 0x00000532
core   0: 0x80001294 (0x00613c33) sltu    s8, sp, t1
core   0: 3 0x80001294 (0x00613c33) x24 0x00000000
core   0: 0x80001298 (0x01b834b3) sltu    s1, a6, s11
core   0: 3 0x80001298 (0x01b834b3) x 9 0x00000000
core   0: 0x8000129c (0x26d1ae13) slti    t3, gp, 621
core   0: 3 0x8000129c (0x26d1ae13) x28 0x00000001
core   0: 0x800012a0 (0x343b7813) andi    a6, s6, 835
core   0: 3 0x800012a0 (0x343b7813) x16 0x00000000
core   0: 0x800012a4 (0x00000013) nop
core   0: 3 0x800012a4 (0x00000013)
core   0: 0x800012a8 (0x3368f393) andi    t2, a7, 822
core   0: 3 0x800012a8 (0x3368f393) x 7 0x00000000
core   0: 0x800012ac (0x017b75b3) and     a1, s6, s7
core   0: 3 0x800012ac (0x017b75b3) x11 0x00000000
core   0: 0x800012b0 (0x4103d313) srai    t1, t2, 16
core   0: 3 0x800012b0 (0x4103d313) x 6 0x00000000
core   0: 0x800012b4 (0xc01ec1b7) lui     gp, 0xc01ec
core   0: 3 0x800012b4 (0xc01ec1b7) x 3 0xc01ec000
core   0: 0x800012b8 (0x00bec933) xor     s2, t4, a1
core   0: 3 0x800012b8 (0x00bec933) x18 0x80000000
core   0: 0x800012bc (0x00000013) nop
core   0: 3 0x800012bc (0x00000013)
core   0: 0x800012c0 (0x6610a893) slti    a7, ra, 1633
core   0: 3 0x800012c0 (0x6610a893) x17 0x00000000
core   0: 0x800012c4 (0x01afd193) srli    gp, t6, 26
core   0: 3 0x800012c4 (0x01afd193) x 3 0x00000000
core   0: 0x800012c8 (0x01a1c7b3) xor     a5, gp, s10
core   0: 3 0x800012c8 (0x01a1c7b3) x15 0x00000001
core   0: 0x800012cc (0x00bd3533) sltu    a0, s10, a1
core   0: 3 0x800012cc (0x00bd3533) x10 0x00000000
core   0: 0x800012d0 (0xf985f017) auipc   zero, 0xf985f
core   0: 3 0x800012d0 (0xf985f017)
core   0: 0x800012d4 (0x0165ffb3) and     t6, a1, s6
core   0: 3 0x800012d4 (0x0165ffb3) x31 0x00000000
core   0: 0x800012d8 (0x000c89b3) add     s3, s9, zero
core   0: 3 0x800012d8 (0x000c89b3) x19 0x80014ce4
core   0: 0x800012dc (0x01c143b3) xor     t2, sp, t3
core   0: 3 0x800012dc (0x01c143b3) x 7 0xffffff42
core   0: 0x800012e0 (0x01fa8db3) add     s11, s5, t6
core   0: 3 0x800012e0 (0x01fa8db3) x27 0xfffff000
core   0: 0x800012e4 (0x64da3193) sltiu   gp, s4, 1613
core   0: 3 0x800012e4 (0x64da3193) x 3 0x00000001
core   0: 0x800012e8 (0x00d73db3) sltu    s11, a4, a3
core   0: 3 0x800012e8 (0x00d73db3) x27 0x00000000
core   0: 0x800012ec (0xb098b037) lui     zero, 0xb098b
core   0: 3 0x800012ec (0xb098b037)
core   0: 0x800012f0 (0x0021aa93) slti    s5, gp, 2
core   0: 3 0x800012f0 (0x0021aa93) x21 0x00000001
core   0: 0x800012f4 (0x40c90ab3) sub     s5, s2, a2
core   0: 3 0x800012f4 (0x40c90ab3) x21 0xfffef19b
core   0: 0x800012f8 (0x01f78a33) add     s4, a5, t6
core   0: 3 0x800012f8 (0x01f78a33) x20 0x00000001
core   0: 0x800012fc (0x2dddc813) xori    a6, s11, 733
core   0: 3 0x800012fc (0x2dddc813) x16 0x000002dd
core   0: 0x80001300 (0x01e4f733) and     a4, s1, t5
core   0: 3 0x80001300 (0x01e4f733) x14 0x00000000
core   0: 0x80001304 (0x00e8c9b3) xor     s3, a7, a4
core   0: 3 0x80001304 (0x00e8c9b3) x19 0x00000000
core   0: 0x80001308 (0x3c45a793) slti    a5, a1, 964
core   0: 3 0x80001308 (0x3c45a793) x15 0x00000001
core   0: 0x8000130c (0x01939693) slli    a3, t2, 25
core   0: 3 0x8000130c (0x01939693) x13 0x84000000
core   0: 0x80001310 (0x00000013) nop
core   0: 3 0x80001310 (0x00000013)
core   0: 0x80001314 (0x01a9eb33) or      s6, s3, s10
core   0: 3 0x80001314 (0x01a9eb33) x22 0x00000001
core   0: 0x80001318 (0x8fe74113) xori    sp, a4, -1794
core   0: 3 0x80001318 (0x8fe74113) x 2 0xfffff8fe
core   0: 0x8000131c (0x616c8913) addi    s2, s9, 1558
core   0: 3 0x8000131c (0x616c8913) x18 0x800152fa
core   0: 0x80001320 (0x0146c733) xor     a4, a3, s4
core   0: 3 0x80001320 (0x0146c733) x14 0x84000001
core   0: 0x80001324 (0x01fb8e33) add     t3, s7, t6
core   0: 3 0x80001324 (0x01fb8e33) x28 0x00000000
core   0: 0x80001328 (0xcfbdcd13) xori    s10, s11, -773
core   0: 3 0x80001328 (0xcfbdcd13) x26 0xfffffcfb
core   0: 0x8000132c (0x0041b933) sltu    s2, gp, tp
core   0: 3 0x8000132c (0x0041b933) x18 0x00000001
core   0: 0x80001330 (0xbb45b793) sltiu   a5, a1, -1100
core   0: 3 0x80001330 (0xbb45b793) x15 0x00000001
core   0: 0x80001334 (0x5f66f693) andi    a3, a3, 1526
core   0: 3 0x80001334 (0x5f66f693) x13 0x00000000
core   0: 0x80001338 (0x009994b3) sll     s1, s3, s1
core   0: 3 0x80001338 (0x009994b3) x 9 0x00000000
core   0: 0x8000133c (0x401cd8b3) sra     a7, s9, ra
core   0: 3 0x8000133c (0x401cd8b3) x17 0xfe000533
core   0: 0x80001340 (0x01ec4bb3) xor     s7, s8, t5
core   0: 3 0x80001340 (0x01ec4bb3) x23 0x00000000
core   0: 0x80001344 (0x00971513) slli    a0, a4, 9
core   0: 3 0x80001344 (0x00971513) x10 0x00000200
core   0: 0x80001348 (0x004968b3) or      a7, s2, tp
core   0: 3 0x80001348 (0x004968b3) x17 0xfff80011
core   0: 0x8000134c (0x40f88833) sub     a6, a7, a5
core   0: 3 0x8000134c (0x40f88833) x16 0xfff80010
core   0: 0x80001350 (0x00000013) nop
core   0: 3 0x80001350 (0x00000013)
core   0: 0x80001354 (0x002458b3) srl     a7, s0, sp
core   0: 3 0x80001354 (0x002458b3) x17 0x00000002
core   0: 0x80001358 (0x0145e8b3) or      a7, a1, s4
core   0: 3 0x80001358 (0x0145e8b3) x17 0x00000001
core   0: 0x8000135c (0xa8d1a317) auipc   t1, 0xa8d1a
core   0: 3 0x8000135c (0xa8d1a317) x 6 0x28d1b35c
core   0: 0x80001360 (0x00c153b3) srl     t2, sp, a2
core   0: 3 0x80001360 (0x00c153b3) x 7 0x07ffffc7
core   0: 0x80001364 (0x41fa5a13) srai    s4, s4, 31
core   0: 3 0x80001364 (0x41fa5a13) x20 0x00000000
core   0: 0x80001368 (0x410c0e33) sub     t3, s8, a6
core   0: 3 0x80001368 (0x410c0e33) x28 0x0007fff0
core   0: 0x8000136c (0x01261313) slli    t1, a2, 18
core   0: 3 0x8000136c (0x01261313) x 6 0x39940000
core   0: 0x80001370 (0x00000013) nop
core   0: 3 0x80001370 (0x00000013)
core   0: 0x80001374 (0x001a6c33) or      s8, s4, ra
core   0: 3 0x80001374 (0x001a6c33) x24 0x5b515e66
core   0: 0x80001378 (0x21e0bd93) sltiu   s11, ra, 542
core   0: 3 0x80001378 (0x21e0bd93) x27 0x00000000
core   0: 0x8000137c (0x01267b33) and     s6, a2, s2
core   0: 3 0x8000137c (0x01267b33) x22 0x00000001
core   0: 0x80001380 (0x00c23e33) sltu    t3, tp, a2
core   0: 3 0x80001380 (0x00c23e33) x28 0x00000000
core   0: 0x80001384 (0x01150e33) add     t3, a0, a7
core   0: 3 0x80001384 (0x01150e33) x28 0x00000201
core   0: 0x80001388 (0x7af77c13) andi    s8, a4, 1967
core   0: 3 0x80001388 (0x7af77c13) x24 0x00000001
core   0: 0x8000138c (0x92644f13) xori    t5, s0, -1754
core   0: 3 0x8000138c (0x92644f13) x30 0x7ffef742
core   0: 0x80001390 (0x409fda13) srai    s4, t6, 9
core   0: 3 0x80001390 (0x409fda13) x20 0x00000000
core   0: 0x80001394 (0x74863d93) sltiu   s11, a2, 1864
core   0: 3 0x80001394 (0x74863d93) x27 0x00000000
core   0: 0x80001398 (0x01c47db3) and     s11, s0, t3
core   0: 3 0x80001398 (0x01c47db3) x27 0x00000200
core   0: 0x8000139c (0x803a7a93) andi    s5, s4, -2045
core   0: 3 0x8000139c (0x803a7a93) x21 0x00000000
core   0: 0x800013a0 (0x0117e4b3) or      s1, a5, a7
core   0: 3 0x800013a0 (0x0117e4b3) x 9 0x00000001
core   0: 0x800013a4 (0xb11eaa93) slti    s5, t4, -1263
core   0: 3 0x800013a4 (0xb11eaa93) x21 0x00000001
core   0: 0x800013a8 (0x01941f33) sll     t5, s0, s9
core   0: 3 0x800013a8 (0x01941f33) x30 0x0010e640
core   0: 0x800013ac (0x00966333) or      t1, a2, s1
core   0: 3 0x800013ac (0x00966333) x 6 0x80010e65
core   0: 0x800013b0 (0x00000013) nop
core   0: 3 0x800013b0 (0x00000013)
core   0: 0x800013b4 (0x41dfdf93) srai    t6, t6, 29
core   0: 3 0x800013b4 (0x41dfdf93) x31 0x00000000
core   0: 0x800013b8 (0x0139b7b3) sltu    a5, s3, s3
core   0: 3 0x800013b8 (0x0139b7b3) x15 0x00000000
core   0: 0x800013bc (0x01ba21b3) slt     gp, s4, s11
core   0: 3 0x800013bc (0x01ba21b3) x 3 0x00000001
core   0: 0x800013c0 (0x00bcf133) and     sp, s9, a1
core   0: 3 0x800013c0 (0x00bcf133) x 2 0x00000000
core   0: 0x800013c4 (0x41905e13) srai    t3, zero, 25
core   0: 3 0x800013c4 (0x41905e13) x28 0x00000000
core   0: 0x800013c8 (0x86a13d93) sltiu   s11, sp, -1942
core   0: 3 0x800013c8 (0x86a13d93) x27 0x00000001
core   0: 0x800013cc (0x9ef88237) lui     tp, 0x9ef88
core   0: 3 0x800013cc (0x9ef88237) x 4 0x9ef88000
core   0: 0x800013d0 (0x0075f2b3) and     t0, a1, t2
core   0: 3 0x800013d0 (0x0075f2b3) x 5 0x00000000
core   0: 0x800013d4 (0x006b5e33) srl     t3, s6, t1
core   0: 3 0x800013d4 (0x006b5e33) x28 0x00000000
core   0: 0x800013d8 (0x000c7bb3) and     s7, s8, zero
core   0: 3 0x800013d8 (0x000c7bb3) x23 0x00000000
core   0: 0x800013dc (0x00d91693) slli    a3, s2, 13
core   0: 3 0x800013dc (0x00d91693) x13 0x00002000
core   0: 0x800013e0 (0x6a278b93) addi    s7, a5, 1698
core   0: 3 0x800013e0 (0x6a278b93) x23 0x000006a2
core   0: 0x800013e4 (0x00a6d233) srl     tp, a3, a0
core   0: 3 0x800013e4 (0x00a6d233) x 4 0x00002000
core   0: 0x800013e8 (0xc568ea93) ori     s5, a7, -938
core   0: 3 0x800013e8 (0xc568ea93) x21 0xfffffc57
core   0: 0x800013ec (0x00ad65b3) or      a1, s10, a0
core   0: 3 0x800013ec (0x00ad65b3) x11 0xfffffefb
core   0: 0x800013f0 (0xe90e0393) addi    t2, t3, -368
core   0: 3 0x800013f0 (0xe90e0393) x 7 0xfffffe90
core   0: 0x800013f4 (0x00c3d833) srl     a6, t2, a2
core   0: 3 0x800013f4 (0x00c3d833) x16 0x07fffff4
core   0: 0x800013f8 (0x01a8adb3) slt     s11, a7, s10
core   0: 3 0x800013f8 (0x01a8adb3) x27 0x00000000
core   0: 0x800013fc (0x01f4d293) srli    t0, s1, 31
core   0: 3 0x800013fc (0x01f4d293) x 5 0x00000000
core   0: 0x80001400 (0xa2beb5b7) lui     a1, 0xa2beb
core   0: 3 0x80001400 (0xa2beb5b7) x11 0xa2beb000
core   0: 0x80001404 (0xd25e4693) xori    a3, t3, -731
core   0: 3 0x80001404 (0xd25e4693) x13 0xfffffd25
core   0: 0x80001408 (0xeef7b6b7) lui     a3, 0xeef7b
core   0: 3 0x80001408 (0xeef7b6b7) x13 0xeef7b000
core   0: 0x8000140c (0x49d90013) addi    zero, s2, 1181
core   0: 3 0x8000140c (0x49d90013)
core   0: 0x80001410 (0x00722833) slt     a6, tp, t2
core   0: 3 0x80001410 (0x00722833) x16 0x00000000
core   0: 0x80001414 (0x41405c13) srai    s8, zero, 20
core   0: 3 0x80001414 (0x41405c13) x24 0x00000000
core   0: 0x80001418 (0xbd04bd13) sltiu   s10, s1, -1072
core   0: 3 0x80001418 (0xbd04bd13) x26 0x00000001
core   0: 0x8000141c (0x3388a913) slti    s2, a7, 824
core   0: 3 0x8000141c (0x3388a913) x18 0x00000001
core   0: 0x80001420 (0x006bb5b3) sltu    a1, s7, t1
core   0: 3 0x80001420 (0x006bb5b3) x11 0x00000001
core   0: 0x80001424 (0x9796a393) slti    t2, a3, -1671
core   0: 3 0x80001424 (0x9796a393) x 7 0x00000001
core   0: 0x80001428 (0x0195e9b3) or      s3, a1, s9
core   0: 3 0x80001428 (0x0195e9b3) x19 0x80014ce5
core   0: 0x8000142c (0x00cb1193) slli    gp, s6, 12
core   0: 3 0x8000142c (0x00cb1193) x 3 0x00001000
core   0: 0x80001430 (0x00ade633) or      a2, s11, a0
core   0: 3 0x80001430 (0x00ade633) x12 0x00000200
core   0: 0x80001434 (0x41e55233) sra     tp, a0, t5
core   0: 3 0x80001434 (0x41e55233) x 4 0x00000200
core   0: 0x80001438 (0x4100d533) sra     a0, ra, a6
core   0: 3 0x80001438 (0x4100d533) x10 0x5b515e66
core   0: 0x8000143c (0x0c14a217) auipc   tp, 0xc14a
core   0: 3 0x8000143c (0x0c14a217) x 4 0x8c14b43c
core   0: 0x80001440 (0x006f31b3) sltu    gp, t5, t1
core   0: 3 0x80001440 (0x006f31b3) x 3 0x00000001
core   0: 0x80001444 (0x0a59d317) auipc   t1, 0xa59d
core   0: 3 0x80001444 (0x0a59d317) x 6 0x8a59e444
core   0: 0x80001448 (0x00000013) nop
core   0: 3 0x80001448 (0x00000013)
core   0: 0x8000144c (0x00700633) add     a2, zero, t2
core   0: 3 0x8000144c (0x00700633) x12 0x00000001
core   0: 0x80001450 (0x3bf26037) lui     zero, 0x3bf26
core   0: 3 0x80001450 (0x3bf26037)
core   0: 0x80001454 (0x00300933) add     s2, zero, gp
core   0: 3 0x80001454 (0x00300933) x18 0x00000001
core   0: 0x80001458 (0x00e29233) sll     tp, t0, a4
core   0: 3 0x80001458 (0x00e29233) x 4 0x00000000
core   0: 0x8000145c (0x011351b3) srl     gp, t1, a7
core   0: 3 0x8000145c (0x011351b3) x 3 0x452cf222
core   0: 0x80001460 (0x006a1933) sll     s2, s4, t1
core   0: 3 0x80001460 (0x006a1933) x18 0x00000000
core   0: 0x80001464 (0x408658b3) sra     a7, a2, s0
core   0: 3 0x80001464 (0x408658b3) x17 0x00000000
core   0: 0x80001468 (0xeccdef93) ori     t6, s11, -308
core   0: 3 0x80001468 (0xeccdef93) x31 0xfffffecc
core   0: 0x8000146c (0x012b74b3) and     s1, s6, s2
core   0: 3 0x8000146c (0x012b74b3) x 9 0x00000000
core   0: 0x80001470 (0xeb42f993) andi    s3, t0, -332
core   0: 3 0x80001470 (0xeb42f993) x19 0x00000000
core   0: 0x80001474 (0x1864fc13) andi    s8, s1, 390
core   0: 3 0x80001474 (0x1864fc13) x24 0x00000000
core   0: 0x80001478 (0x48482637) lui     a2, 0x48482
core   0: 3 0x80001478 (0x48482637) x12 0x48482000
core   0: 0x8000147c (0x11aae713) ori     a4, s5, 282
core   0: 3 0x8000147c (0x11aae713) x14 0xfffffd5f
core   0: 0x80001480 (0xc819ac13) slti    s8, s3, -895
core   0: 3 0x80001480 (0xc819ac13) x24 0x00000000
core   0: 0x80001484 (0x00f80833) add     a6, a6, a5
core   0: 3 0x80001484 (0x00f80833) x16 0x00000000
core   0: 0x80001488 (0x00630233) add     tp, t1, t1
core   0: 3 0x80001488 (0x00630233) x 4 0x14b3c888
core   0: 0x8000148c (0x003c1113) slli    sp, s8, 3
core   0: 3 0x8000148c (0x003c1113) x 2 0x00000000
core   0: 0x80001490 (0x00ec1493) slli    s1, s8, 14
core   0: 3 0x80001490 (0x00ec1493) x 9 0x00000000
core   0: 0x80001494 (0x00000013) nop
core   0: 3 0x80001494 (0x00000013)
core   0: 0x80001498 (0x14258b93) addi    s7, a1, 322
core   0: 3 0x80001498 (0x14258b93) x23 0x00000143
core   0: 0x8000149c (0x01531693) slli    a3, t1, 21
core   0: 3 0x8000149c (0x01531693) x13 0x88800000
core   0: 0x800014a0 (0x000d20b3) slt     ra, s10, zero
core   0: 3 0x800014a0 (0x000d20b3) x 1 0x00000000
core   0: 0x800014a4 (0x00605093) srli    ra, zero, 6
core   0: 3 0x800014a4 (0x00605093) x 1 0x00000000
core   0: 0x800014a8 (0x01dd1893) slli    a7, s10, 29
core   0: 3 0x800014a8 (0x01dd1893) x17 0x20000000
core   0: 0x800014ac (0xd8893293) sltiu   t0, s2, -632
core   0: 3 0x800014ac (0xd8893293) x 5 0x00000001
core   0: 0x800014b0 (0xba53b513) sltiu   a0, t2, -1115
core   0: 3 0x800014b0 (0xba53b513) x10 0x00000001
core   0: 0x800014b4 (0xdfb24793) xori    a5, tp, -517
core   0: 3 0x800014b4 (0xdfb24793) x15 0xeb4c3573
core   0: 0x800014b8 (0x00133bb3) sltu    s7, t1, ra
core   0: 3 0x800014b8 (0x00133bb3) x23 0x00000000
core   0: 0x800014bc (0x6cdee513) ori     a0, t4, 1741
core   0: 3 0x800014bc (0x6cdee513) x10 0x800006cd
core   0: 0x800014c0 (0x006b24b3) slt     s1, s6, t1
core   0: 3 0x800014c0 (0x006b24b3) x 9 0x00000000
core   0: 0x800014c4 (0x63ebaf13) slti    t5, s7, 1598
core   0: 3 0x800014c4 (0x63ebaf13) x30 0x00000001
core   0: 0x800014c8 (0x41755b93) srai    s7, a0, 23
core   0: 3 0x800014c8 (0x41755b93) x23 0xffffff00
core   0: 0x800014cc (0xdaa57213) andi    tp, a0, -598
core   0: 3 0x800014cc (0xdaa57213) x 4 0x80000488
core   0: 0x800014d0 (0x2cb40637) lui     a2, 0x2cb40
core   0: 3 0x800014d0 (0x2cb40637) x12 0x2cb40000
core   0: 0x800014d4 (0x3b503d93) sltiu   s11, zero, 949
core   0: 3 0x800014d4 (0x3b503d93) x27 0x00000001
core   0: 0x800014d8 (0x00767133) and     sp, a2, t2
core   0: 3 0x800014d8 (0x00767133) x 2 0x00000000
core   0: 0x800014dc (0x400e5493) srai    s1, t3, 0
core   0: 3 0x800014dc (0x400e5493) x 9 0x00000000
core   0: 0x800014e0 (0x014d2833) slt     a6, s10, s4
core   0: 3 0x800014e0 (0x014d2833) x16 0x00000000
core   0: 0x800014e4 (0x76c3b913) sltiu   s2, t2, 1900
core   0: 3 0x800014e4 (0x76c3b913) x18 0x00000001
core   0: 0x800014e8 (0x4028d233) sra     tp, a7, sp
core   0: 3 0x800014e8 (0x4028d233) x 4 0x20000000
core   0: 0x800014ec (0xa369c513) xori    a0, s3, -1482
core   0: 3 0x800014ec (0xa369c513) x10 0xfffffa36
core   0: 0x800014f0 (0x005bd4b3) srl     s1, s7, t0
core   0: 3 0x800014f0 (0x005bd4b3) x 9 0x7fffff80
core   0: 0x800014f4 (0x77317f93) andi    t6, sp, 1907
core   0: 3 0x800014f4 (0x77317f93) x31 0x00000000
core   0: 0x800014f8 (0xd97f4393) xori    t2, t5, -617
core   0: 3 0x800014f8 (0xd97f4393) x 7 0xfffffd96
core   0: 0x800014fc (0x01853633) sltu    a2, a0, s8
core   0: 3 0x800014fc (0x01853633) x12 0x00000000
core   0: 0x80001500 (0x40238b33) sub     s6, t2, sp
core   0: 3 0x80001500 (0x40238b33) x22 0xfffffd96
core   0: 0x80001504 (0x8ab68037) lui     zero, 0x8ab68
core   0: 3 0x80001504 (0x8ab68037)
core   0: 0x80001508 (0x1d6b7193) andi    gp, s6, 470
core   0: 3 0x80001508 (0x1d6b7193) x 3 0x00000196
core   0: 0x8000150c (0x1910b493) sltiu   s1, ra, 401
core   0: 3 0x8000150c (0x1910b493) x 9 0x00000001
core   0: 0x80001510 (0x65e30793) addi    a5, t1, 1630
core   0: 3 0x80001510 (0x65e30793) x15 0x8a59eaa2
core   0: 0x80001514 (0x00000013) nop
core   0: 3 0x80001514 (0x00000013)
core   0: 0x80001518 (0x00041393) slli    t2, s0, 0
core   0: 3 0x80001518 (0x00041393) x 7 0x80010e64
core   0: 0x8000151c (0x4042dc33) sra     s8, t0, tp
core   0: 3 0x8000151c (0x4042dc33) x24 0x00000001
core   0: 0x80001520 (0x67abcd13) xori    s10, s7, 1658
core   0: 3 0x80001520 (0x67abcd13) x26 0xfffff97a
core   0: 0x80001524 (0xd70f7013) andi    zero, t5, -656
core   0: 3 0x80001524 (0xd70f7013)
core   0: 0x80001528 (0x01325c33) srl     s8, tp, s3
core   0: 3 0x80001528 (0x01325c33) x24 0x20000000
core   0: 0x8000152c (0x8002f893) andi    a7, t0, -2048
core   0: 3 0x8000152c (0x8002f893) x17 0x00000000
core   0: 0x80001530 (0x01c9ff33) and     t5, s3, t3
core   0: 3 0x80001530 (0x01c9ff33) x30 0x00000000
core   0: 0x80001534 (0x63f94197) auipc   gp, 0x63f94
core   0: 3 0x80001534 (0x63f94197) x 3 0xe3f95534
core   0: 0x80001538 (0x7da9f813) andi    a6, s3, 2010
core   0: 3 0x80001538 (0x7da9f813) x16 0x00000000
core   0: 0x8000153c (0x2c5fc4b7) lui     s1, 0x2c5fc
core   0: 3 0x8000153c (0x2c5fc4b7) x 9 0x2c5fc000
core   0: 0x80001540 (0x410057b3) sra     a5, zero, a6
core   0: 3 0x80001540 (0x410057b3) x15 0x00000000
core   0: 0x80001544 (0x01e6cf33) xor     t5, a3, t5
core   0: 3 0x80001544 (0x01e6cf33) x30 0x88800000
core   0: 0x80001548 (0x00ac9313) slli    t1, s9, 10
core   0: 3 0x80001548 (0x00ac9313) x 6 0x05339000
core   0: 0x8000154c (0x04099797) auipc   a5, 0x4099
core   0: 3 0x8000154c (0x04099797) x15 0x8409a54c
core   0: 0x80001550 (0x00cade33) srl     t3, s5, a2
core   0: 3 0x80001550 (0x00cade33) x28 0xfffffc57
core   0: 0x80001554 (0x0039ff33) and     t5, s3, gp
core   0: 3 0x80001554 (0x0039ff33) x30 0x00000000
core   0: 0x80001558 (0x01caf333) and     t1, s5, t3
core   0: 3 0x80001558 (0x01caf333) x 6 0xfffffc57
core   0: 0x8000155c (0x00f65693) srli    a3, a2, 15
core   0: 3 0x8000155c (0x00f65693) x13 0x00000000
core   0: 0x80001560 (0xaeeac313) xori    t1, s5, -1298
core   0: 3 0x80001560 (0xaeeac313) x 6 0x000006b9
core   0: 0x80001564 (0x72b38b37) lui     s6, 0x72b38
core   0: 3 0x80001564 (0x72b38b37) x22 0x72b38000
core   0: 0x80001568 (0x005963b3) or      t2, s2, t0
core   0: 3 0x80001568 (0x005963b3) x 7 0x00000001
core   0: 0x8000156c (0xcaaa7393) andi    t2, s4, -854
core   0: 3 0x8000156c (0xcaaa7393) x 7 0x00000000
core   0: 0x80001570 (0x002384b3) add     s1, t2, sp
core   0: 3 0x80001570 (0x002384b3) x 9 0x00000000
core   0: 0x80001574 (0x7ffe7f93) andi    t6, t3, 2047
core   0: 3 0x80001574 (0x7ffe7f93) x31 0x00000457
core   0: 0x80001578 (0x01b7a7b3) slt     a5, a5, s11
core   0: 3 0x80001578 (0x01b7a7b3) x15 0x00000001
core   0: 0x8000157c (0x001f1133) sll     sp, t5, ra
core   0: 3 0x8000157c (0x001f1133) x 2 0x00000000
core   0: 0x80001580 (0x00962633) slt     a2, a2, s1
core   0: 3 0x80001580 (0x00962633) x12 0x00000000
core   0: 0x80001584 (0xb4e07093) andi    ra, zero, -1202
core   0: 3 0x80001584 (0xb4e07093) x 1 0x00000000
core   0: 0x80001588 (0x017ce1b3) or      gp, s9, s7
core   0: 3 0x80001588 (0x017ce1b3) x 3 0xffffffe4
core   0: 0x8000158c (0xb22ca813) slti    a6, s9, -1246
core   0: 3 0x8000158c (0xb22ca813) x16 0x00000001
core   0: 0x80001590 (0x41135733) sra     a4, t1, a7
core   0: 3 0x80001590 (0x41135733) x14 0x000006b9
core   0: 0x80001594 (0x018c6033) or      zero, s8, s8
core   0: 3 0x80001594 (0x018c6033)
core   0: 0x80001598 (0x00717e33) and     t3, sp, t2
core   0: 3 0x80001598 (0x00717e33) x28 0x00000000
core   0: 0x8000159c (0x01e28633) add     a2, t0, t5
core   0: 3 0x8000159c (0x01e28633) x12 0x00000001
core   0: 0x800015a0 (0x40fa5893) srai    a7, s4, 15
core   0: 3 0x800015a0 (0x40fa5893) x17 0x00000000
core   0: 0x800015a4 (0xe73116b7) lui     a3, 0xe7311
core   0: 3 0x800015a4 (0xe73116b7) x13 0xe7311000
core   0: 0x800015a8 (0x01149113) slli    sp, s1, 17
core   0: 3 0x800015a8 (0x01149113) x 2 0x00000000
core   0: 0x800015ac (0x00b0e9b3) or      s3, ra, a1
core   0: 3 0x800015ac (0x00b0e9b3) x19 0x00000001
core   0: 0x800015b0 (0x004231b3) sltu    gp, tp, tp
core   0: 3 0x800015b0 (0x004231b3) x 3 0x00000000
core   0: 0x800015b4 (0xb1786b93) ori     s7, a6, -1257
core   0: 3 0x800015b4 (0xb1786b93) x23 0xfffffb17
core   0: 0x800015b8 (0x01bde233) or      tp, s11, s11
core   0: 3 0x800015b8 (0x01bde233) x 4 0x00000001
core   0: 0x800015bc (0x52506397) auipc   t2, 0x52506
core   0: 3 0x800015bc (0x52506397) x 7 0xd25075bc
core   0: 0x800015c0 (0xbbe59897) auipc   a7, 0xbbe59
core   0: 3 0x800015c0 (0xbbe59897) x17 0x3be5a5c0
core   0: 0x800015c4 (0x007b5f93) srli    t6, s6, 7
core   0: 3 0x800015c4 (0x007b5f93) x31 0x00e56700
core   0: 0x800015c8 (0x0187e833) or      a6, a5, s8
core   0: 3 0x800015c8 (0x0187e833) x16 0x20000001
core   0: 0x800015cc (0x40370533) sub     a0, a4, gp
core   0: 3 0x800015cc (0x40370533) x10 0x000006b9
core   0: 0x800015d0 (0x00f800b3) add     ra, a6, a5
core   0: 3 0x800015d0 (0x00f800b3) x 1 0x20000002
core   0: 0x800015d4 (0x01747033) and     zero, s0, s7
core   0: 3 0x800015d4 (0x01747033)
core   0: 0x800015d8 (0x41630c33) sub     s8, t1, s6
core   0: 3 0x800015d8 (0x41630c33) x24 0x8d4c86b9
core   0: 0x800015dc (0x00b35333) srl     t1, t1, a1
core   0: 3 0x800015dc (0x00b35333) x 6 0x0000035c
core   0: 0x800015e0 (0x418156b3) sra     a3, sp, s8
core   0: 3 0x800015e0 (0x418156b3) x13 0x00000000
core   0: 0x800015e4 (0x40ebd2b3) sra     t0, s7, a4
core   0: 3 0x800015e4 (0x40ebd2b3) x 5 0xffffffff
core   0: 0x800015e8 (0x00217fb3) and     t6, sp, sp
core   0: 3 0x800015e8 (0x00217fb3) x31 0x00000000
core   0: 0x800015ec (0x7e01b913) sltiu   s2, gp, 2016
core   0: 3 0x800015ec (0x7e01b913) x18 0x00000001
core   0: 0x800015f0 (0x41c484b3) sub     s1, s1, t3
core   0: 3 0x800015f0 (0x41c484b3) x 9 0x00000000
core   0: 0x800015f4 (0xc4c2a513) slti    a0, t0, -948
core   0: 3 0x800015f4 (0xc4c2a513) x10 0x00000000
core   0: 0x800015f8 (0xfbf03617) auipc   a2, 0xfbf03
core   0: 3 0x800015f8 (0xfbf03617) x12 0x7bf045f8
core   0: 0x800015fc (0xf05bf393) andi    t2, s7, -251
core   0: 3 0x800015fc (0xf05bf393) x 7 0xfffffb05
core   0: 0x80001600 (0x79c02c13) slti    s8, zero, 1948
core   0: 3 0x80001600 (0x79c02c13) x24 0x00000001
core   0: 0x80001604 (0xbbc82a93) slti    s5, a6, -1092
core   0: 3 0x80001604 (0xbbc82a93) x21 0x00000000
core   0: 0x80001608 (0x40245633) sra     a2, s0, sp
core   0: 3 0x80001608 (0x40245633) x12 0x80010e64
core   0: 0x8000160c (0xc5294313) xori    t1, s2, -942
core   0: 3 0x8000160c (0xc5294313) x 6 0xfffffc53
core   0: 0x80001610 (0x7eeb3c13) sltiu   s8, s6, 2030
core   0: 3 0x80001610 (0x7eeb3c13) x24 0x00000000
core   0: 0x80001614 (0x00421633) sll     a2, tp, tp
core   0: 3 0x80001614 (0x00421633) x12 0x00000002
core   0: 0x80001618 (0xa2a8b893) sltiu   a7, a7, -1494
core   0: 3 0x80001618 (0xa2a8b893) x17 0x00000001
core   0: 0x8000161c (0x011188b3) add     a7, gp, a7
core   0: 3 0x8000161c (0x011188b3) x17 0x00000001
core   0: 0x80001620 (0x01b898b3) sll     a7, a7, s11
core   0: 3 0x80001620 (0x01b898b3) x17 0x00000002
core   0: 0x80001624 (0x20635697) auipc   a3, 0x20635
core   0: 3 0x80001624 (0x20635697) x13 0xa0636624
core   0: 0x80001628 (0xfb6b7913) andi    s2, s6, -74
core   0: 3 0x80001628 (0xfb6b7913) x18 0x72b38000
core   0: 0x8000162c (0x2a082693) slti    a3, a6, 672
core   0: 3 0x8000162c (0x2a082693) x13 0x00000000
core   0: 0x80001630 (0x24fc6f13) ori     t5, s8, 591
core   0: 3 0x80001630 (0x24fc6f13) x30 0x0000024f
core   0: 0x80001634 (0x01cf5a33) srl     s4, t5, t3
core   0: 3 0x80001634 (0x01cf5a33) x20 0x0000024f
core   0: 0x80001638 (0x408a57b3) sra     a5, s4, s0
core   0: 3 0x80001638 (0x408a57b3) x15 0x00000024
core   0: 0x8000163c (0x0028d833) srl     a6, a7, sp
core   0: 3 0x8000163c (0x0028d833) x16 0x00000002
core   0: 0x80001640 (0x410f8d33) sub     s10, t6, a6
core   0: 3 0x80001640 (0x410f8d33) x26 0xfffffffe
core   0: 0x80001644 (0x01b258b3) srl     a7, tp, s11
core   0: 3 0x80001644 (0x01b258b3) x17 0x00000000
core   0: 0x80001648 (0x4baecd93) xori    s11, t4, 1210
core   0: 3 0x80001648 (0x4baecd93) x27 0x800004ba
core   0: 0x8000164c (0x7615ac13) slti    s8, a1, 1889
core   0: 3 0x8000164c (0x7615ac13) x24 0x00000001
core   0: 0x80001650 (0xaf206913) ori     s2, zero, -1294
core   0: 3 0x80001650 (0xaf206913) x18 0xfffffaf2
core   0: 0x80001654 (0xa5857713) andi    a4, a0, -1448
core   0: 3 0x80001654 (0xa5857713) x14 0x00000000
core   0: 0x80001658 (0x412a0333) sub     t1, s4, s2
core   0: 3 0x80001658 (0x412a0333) x 6 0x0000075d
core   0: 0x8000165c (0x00000013) nop
core   0: 3 0x8000165c (0x00000013)
core   0: 0x80001660 (0x00000013) nop
core   0: 3 0x80001660 (0x00000013)
core   0: 0x80001664 (0x012dd293) srli    t0, s11, 18
core   0: 3 0x80001664 (0x012dd293) x 5 0x00002000
core   0: 0x80001668 (0x8a02e613) ori     a2, t0, -1888
core   0: 3 0x80001668 (0x8a02e613) x12 0xfffff8a0
core   0: 0x8000166c (0x01265233) srl     tp, a2, s2
core   0: 3 0x8000166c (0x01265233) x 4 0x00003fff
core   0: 0x80001670 (0x003b1b13) slli    s6, s6, 3
core   0: 3 0x80001670 (0x003b1b13) x22 0x959c0000
core   0: 0x80001674 (0x004a56b3) srl     a3, s4, tp
core   0: 3 0x80001674 (0x004a56b3) x13 0x00000000
core   0: 0x80001678 (0x00000013) nop
core   0: 3 0x80001678 (0x00000013)
core   0: 0x8000167c (0x4fdb2b37) lui     s6, 0x4fdb2
core   0: 3 0x8000167c (0x4fdb2b37) x22 0x4fdb2000
core   0: 0x80001680 (0x766ae193) ori     gp, s5, 1894
core   0: 3 0x80001680 (0x766ae193) x 3 0x00000766
core   0: 0x80001684 (0x01d80a33) add     s4, a6, t4
core   0: 3 0x80001684 (0x01d80a33) x20 0x80000002
core   0: 0x80001688 (0x00e2fa33) and     s4, t0, a4
core   0: 3 0x80001688 (0x00e2fa33) x20 0x00000000
core   0: 0x8000168c (0x74da0693) addi    a3, s4, 1869
core   0: 3 0x8000168c (0x74da0693) x13 0x0000074d
core   0: 0x80001690 (0xf940f813) andi    a6, ra, -108
core   0: 3 0x80001690 (0xf940f813) x16 0x20000000
core   0: 0x80001694 (0x01c81793) slli    a5, a6, 28
core   0: 3 0x80001694 (0x01c81793) x15 0x00000000
core   0: 0x80001698 (0x01db7fb3) and     t6, s6, t4
core   0: 3 0x80001698 (0x01db7fb3) x31 0x00000000
core   0: 0x8000169c (0x009bdf13) srli    t5, s7, 9
core   0: 3 0x8000169c (0x009bdf13) x30 0x007ffffd
core   0: 0x800016a0 (0x018e6233) or      tp, t3, s8
core   0: 3 0x800016a0 (0x018e6233) x 4 0x00000001
core   0: 0x800016a4 (0xdaf64893) xori    a7, a2, -593
core   0: 3 0x800016a4 (0xdaf64893) x17 0x0000050f
core   0: 0x800016a8 (0x1e562593) slti    a1, a2, 485
core   0: 3 0x800016a8 (0x1e562593) x11 0x00000001
core   0: 0x800016ac (0xfe236a13) ori     s4, t1, -30
core   0: 3 0x800016ac (0xfe236a13) x20 0xffffffff
core   0: 0x800016b0 (0x006a0e33) add     t3, s4, t1
core   0: 3 0x800016b0 (0x006a0e33) x28 0x0000075c
core   0: 0x800016b4 (0x012af933) and     s2, s5, s2
core   0: 3 0x800016b4 (0x012af933) x18 0x00000000
core   0: 0x800016b8 (0x01645793) srli    a5, s0, 22
core   0: 3 0x800016b8 (0x01645793) x15 0x00000200
core   0: 0x800016bc (0xa5767b93) andi    s7, a2, -1449
core   0: 3 0x800016bc (0xa5767b93) x23 0xfffff800
core   0: 0x800016c0 (0x01a0f8b3) and     a7, ra, s10
core   0: 3 0x800016c0 (0x01a0f8b3) x17 0x20000002
core   0: 0x800016c4 (0xc03d0293) addi    t0, s10, -1021
core   0: 3 0x800016c4 (0xc03d0293) x 5 0xfffffc01
core   0: 0x800016c8 (0x0a1d3193) sltiu   gp, s10, 161
core   0: 3 0x800016c8 (0x0a1d3193) x 3 0x00000000
core   0: 0x800016cc (0x009b7533) and     a0, s6, s1
core   0: 3 0x800016cc (0x009b7533) x10 0x00000000
core   0: 0x800016d0 (0x001b04b3) add     s1, s6, ra
core   0: 3 0x800016d0 (0x001b04b3) x 9 0x6fdb2002
core   0: 0x800016d4 (0x6ebc6f93) ori     t6, s8, 1771
core   0: 3 0x800016d4 (0x6ebc6f93) x31 0x000006eb
core   0: 0x800016d8 (0x7185cb93) xori    s7, a1, 1816
core   0: 3 0x800016d8 (0x7185cb93) x23 0x00000719
core   0: 0x800016dc (0x01595393) srli    t2, s2, 21
core   0: 3 0x800016dc (0x01595393) x 7 0x00000000
core   0: 0x800016e0 (0x3ce6a517) auipc   a0, 0x3ce6a
core   0: 3 0x800016e0 (0x3ce6a517) x10 0xbce6b6e0
core   0: 0x800016e4 (0x00000013) nop
core   0: 3 0x800016e4 (0x00000013)
core   0: 0x800016e8 (0x016b7133) and     sp, s6, s6
core   0: 3 0x800016e8 (0x016b7133) x 2 0x4fdb2000
core   0: 0x800016ec (0x0014cc33) xor     s8, s1, ra
core   0: 3 0x800016ec (0x0014cc33) x24 0x4fdb2000
core   0: 0x800016f0 (0x41705333) sra     t1, zero, s7
core   0: 3 0x800016f0 (0x41705333) x 6 0x00000000
core   0: 0x800016f4 (0x67a3c213) xori    tp, t2, 1658
core   0: 3 0x800016f4 (0x67a3c213) x 4 0x0000067a
core   0: 0x800016f8 (0x44f13613) sltiu   a2, sp, 1103
core   0: 3 0x800016f8 (0x44f13613) x12 0x00000000
core   0: 0x800016fc (0x2ca70693) addi    a3, a4, 714
core   0: 3 0x800016fc (0x2ca70693) x13 0x000002ca
core   0: 0x80001700 (0x3840c993) xori    s3, ra, 900
core   0: 3 0x80001700 (0x3840c993) x19 0x20000386
core   0: 0x80001704 (0x016cbc33) sltu    s8, s9, s6
core   0: 3 0x80001704 (0x016cbc33) x24 0x00000000
core   0: 0x80001708 (0x00335613) srli    a2, t1, 3
core   0: 3 0x80001708 (0x00335613) x12 0x00000000
core   0: 0x8000170c (0x40715fb3) sra     t6, sp, t2
core   0: 3 0x8000170c (0x40715fb3) x31 0x4fdb2000
core   0: 0x80001710 (0x0064d493) srli    s1, s1, 6
core   0: 3 0x80001710 (0x0064d493) x 9 0x01bf6c80
core   0: 0x80001714 (0x9cd23193) sltiu   gp, tp, -1587
core   0: 3 0x80001714 (0x9cd23193) x 3 0x00000001
core   0: 0x80001718 (0x00611c33) sll     s8, sp, t1
core   0: 3 0x80001718 (0x00611c33) x24 0x4fdb2000
core   0: 0x8000171c (0x01fc38b3) sltu    a7, s8, t6
core   0: 3 0x8000171c (0x01fc38b3) x17 0x00000000
core   0: 0x80001720 (0x0089dab3) srl     s5, s3, s0
core   0: 3 0x80001720 (0x0089dab3) x21 0x02000038
core   0: 0x80001724 (0x9571b797) auipc   a5, 0x9571b
core   0: 3 0x80001724 (0x9571b797) x15 0x1571c724
core   0: 0x80001728 (0x016a42b3) xor     t0, s4, s6
core   0: 3 0x80001728 (0x016a42b3) x 5 0xb024dfff
core   0: 0x8000172c (0x41ec5993) srai    s3, s8, 30
core   0: 3 0x8000172c (0x41ec5993) x19 0x00000001
core   0: 0x80001730 (0x006ec933) xor     s2, t4, t1
core   0: 3 0x80001730 (0x006ec933) x18 0x80000000
core   0: 0x80001734 (0x0045f333) and     t1, a1, tp
core   0: 3 0x80001734 (0x0045f333) x 6 0x00000000
core   0: 0x80001738 (0xdf7f7f13) andi    t5, t5, -521
core   0: 3 0x80001738 (0xdf7f7f13) x30 0x007ffdf5
core   0: 0x8000173c (0x003b1e13) slli    t3, s6, 3
core   0: 3 0x8000173c (0x003b1e13) x28 0x7ed90000
core   0: 0x80001740 (0xea2a97b7) lui     a5, 0xea2a9
core   0: 3 0x80001740 (0xea2a97b7) x15 0xea2a9000
core   0: 0x80001744 (0xfeb7a613) slti    a2, a5, -21
core   0: 3 0x80001744 (0xfeb7a613) x12 0x00000001
core   0: 0x80001748 (0x01add513) srli    a0, s11, 26
core   0: 3 0x80001748 (0x01add513) x10 0x00000020
core   0: 0x8000174c (0x000285b3) add     a1, t0, zero
core   0: 3 0x8000174c (0x000285b3) x11 0xb024dfff
core   0: 0x80001750 (0x004a44b3) xor     s1, s4, tp
core   0: 3 0x80001750 (0x004a44b3) x 9 0xfffff985
core   0: 0x80001754 (0x01145093) srli    ra, s0, 17
core   0: 3 0x80001754 (0x01145093) x 1 0x00004000
core   0: 0x80001758 (0x01a6f933) and     s2, a3, s10
core   0: 3 0x80001758 (0x01a6f933) x18 0x000002ca
core   0: 0x8000175c (0x019ae033) or      zero, s5, s9
core   0: 3 0x8000175c (0x019ae033)
core   0: 0x80001760 (0x0019a2b3) slt     t0, s3, ra
core   0: 3 0x80001760 (0x0019a2b3) x 5 0x00000001
core   0: 0x80001764 (0x014c1513) slli    a0, s8, 20
core   0: 3 0x80001764 (0x014c1513) x10 0x00000000
core   0: 0x80001768 (0x4d1c4493) xori    s1, s8, 1233
core   0: 3 0x80001768 (0x4d1c4493) x 9 0x4fdb24d1
core   0: 0x8000176c (0x39deff93) andi    t6, t4, 925
core   0: 3 0x8000176c (0x39deff93) x31 0x00000000
core   0: 0x80001770 (0x00c49833) sll     a6, s1, a2
core   0: 3 0x80001770 (0x00c49833) x16 0x9fb649a2
core   0: 0x80001774 (0x00000013) nop
core   0: 3 0x80001774 (0x00000013)
core   0: 0x80001778 (0x22867093) andi    ra, a2, 552
core   0: 3 0x80001778 (0x22867093) x 1 0x00000000
core   0: 0x8000177c (0xa213e513) ori     a0, t2, -1503
core   0: 3 0x8000177c (0xa213e513) x10 0xfffffa21
core   0: 0x80001780 (0x0b73b013) sltiu   zero, t2, 183
core   0: 3 0x80001780 (0x0b73b013)
core   0: 0x80001784 (0x01be2d33) slt     s10, t3, s11
core   0: 3 0x80001784 (0x01be2d33) x26 0x00000000
core   0: 0x80001788 (0x98ba4213) xori    tp, s4, -1653
core   0: 3 0x80001788 (0x98ba4213) x 4 0x00000674
core   0: 0x8000178c (0x010ef3b3) and     t2, t4, a6
core   0: 3 0x8000178c (0x010ef3b3) x 7 0x80000000
core   0: 0x80001790 (0x00456233) or      tp, a0, tp
core   0: 3 0x80001790 (0x00456233) x 4 0xfffffe75
core   0: 0x80001794 (0xe026ee13) ori     t3, a3, -510
core   0: 3 0x80001794 (0xe026ee13) x28 0xfffffeca
core   0: 0x80001798 (0x017da2b3) slt     t0, s11, s7
core   0: 3 0x80001798 (0x017da2b3) x 5 0x00000001
core   0: 0x8000179c (0x7f2c2613) slti    a2, s8, 2034
core   0: 3 0x8000179c (0x7f2c2613) x12 0x00000000
core   0: 0x800017a0 (0x01f1d5b3) srl     a1, gp, t6
core   0: 3 0x800017a0 (0x01f1d5b3) x11 0x00000001
core   0: 0x800017a4 (0x00000013) nop
core   0: 3 0x800017a4 (0x00000013)
core   0: 0x800017a8 (0x0035a0b3) slt     ra, a1, gp
core   0: 3 0x800017a8 (0x0035a0b3) x 1 0x00000000
core   0: 0x800017ac (0x01e706b3) add     a3, a4, t5
core   0: 3 0x800017ac (0x01e706b3) x13 0x007ffdf5
core   0: 0x800017b0 (0x40120c33) sub     s8, tp, ra
core   0: 3 0x800017b0 (0x40120c33) x24 0xfffffe75
core   0: 0x800017b4 (0x400e84b3) sub     s1, t4, zero
core   0: 3 0x800017b4 (0x400e84b3) x 9 0x80000000
core   0: 0x800017b8 (0x3acc0913) addi    s2, s8, 940
core   0: 3 0x800017b8 (0x3acc0913) x18 0x00000221
core   0: 0x800017bc (0x6e1a3493) sltiu   s1, s4, 1761
core   0: 3 0x800017bc (0x6e1a3493) x 9 0x00000000
core   0: 0x800017c0 (0xca15a093) slti    ra, a1, -863
core   0: 3 0x800017c0 (0xca15a093) x 1 0x00000000
core   0: 0x800017c4 (0x00fb30b3) sltu    ra, s6, a5
core   0: 3 0x800017c4 (0x00fb30b3) x 1 0x00000001
core   0: 0x800017c8 (0xf6120d93) addi    s11, tp, -159
core   0: 3 0x800017c8 (0xf6120d93) x27 0xfffffdd6
core   0: 0x800017cc (0x40480633) sub     a2, a6, tp
core   0: 3 0x800017cc (0x40480633) x12 0x9fb64b2d
core   0: 0x800017d0 (0xe9dc9517) auipc   a0, 0xe9dc9
core   0: 3 0x800017d0 (0xe9dc9517) x10 0x69dca7d0
core   0: 0x800017d4 (0xc62ba293) slti    t0, s7, -926
core   0: 3 0x800017d4 (0xc62ba293) x 5 0x00000000
core   0: 0x800017d8 (0x416f8533) sub     a0, t6, s6
core   0: 3 0x800017d8 (0x416f8533) x10 0xb024e000
core   0: 0x800017dc (0x00140e33) add     t3, s0, ra
core   0: 3 0x800017dc (0x00140e33) x28 0x80010e65
core   0: 0x800017e0 (0x0080b033) sltu    zero, ra, s0
core   0: 3 0x800017e0 (0x0080b033)
core   0: 0x800017e4 (0x41ad0333) sub     t1, s10, s10
core   0: 3 0x800017e4 (0x41ad0333) x 6 0x00000000
core   0: 0x800017e8 (0x4f60c813) xori    a6, ra, 1270
core   0: 3 0x800017e8 (0x4f60c813) x16 0x000004f7
core   0: 0x800017ec (0xe72ced93) ori     s11, s9, -398
core   0: 3 0x800017ec (0xe72ced93) x27 0xfffffef6
core   0: 0x800017f0 (0x412adfb3) sra     t6, s5, s2
core   0: 3 0x800017f0 (0x412adfb3) x31 0x0100001c
core   0: 0x800017f4 (0x00b48c33) add     s8, s1, a1
core   0: 3 0x800017f4 (0x00b48c33) x24 0x00000001
core   0: 0x800017f8 (0x014bcfb3) xor     t6, s7, s4
core   0: 3 0x800017f8 (0x014bcfb3) x31 0xfffff8e6
core   0: 0x800017fc (0x403fd613) srai    a2, t6, 3
core   0: 3 0x800017fc (0x403fd613) x12 0xffffff1c
core   0: 0x80001800 (0x943c6f93) ori     t6, s8, -1725
core   0: 3 0x80001800 (0x943c6f93) x31 0xfffff943
core   0: 0x80001804 (0x010f5213) srli    tp, t5, 16
core   0: 3 0x80001804 (0x010f5213) x 4 0x0000007f
core   0: 0x80001808 (0x01142fb3) slt     t6, s0, a7
core   0: 3 0x80001808 (0x01142fb3) x31 0x00000001
core   0: 0x8000180c (0x64010193) addi    gp, sp, 1600
core   0: 3 0x8000180c (0x64010193) x 3 0x4fdb2640
core   0: 0x80001810 (0x00c48f33) add     t5, s1, a2
core   0: 3 0x80001810 (0x00c48f33) x30 0xffffff1c
core   0: 0x80001814 (0x0da48793) addi    a5, s1, 218
core   0: 3 0x80001814 (0x0da48793) x15 0x000000da
core   0: 0x80001818 (0x40ba5533) sra     a0, s4, a1
core   0: 3 0x80001818 (0x40ba5533) x10 0xffffffff
core   0: 0x8000181c (0x00e154b3) srl     s1, sp, a4
core   0: 3 0x8000181c (0x00e154b3) x 9 0x4fdb2000
core   0: 0x80001820 (0xae36a513) slti    a0, a3, -1309
core   0: 3 0x80001820 (0xae36a513) x10 0x00000000
core   0: 0x80001824 (0x6d32ef93) ori     t6, t0, 1747
core   0: 3 0x80001824 (0x6d32ef93) x31 0x000006d3
core   0: 0x80001828 (0x42ea4113) xori    sp, s4, 1070
core   0: 3 0x80001828 (0x42ea4113) x 2 0xfffffbd1
core   0: 0x8000182c (0x12833a13) sltiu   s4, t1, 296
core   0: 3 0x8000182c (0x12833a13) x20 0x00000001
core   0: 0x80001830 (0x00325c33) srl     s8, tp, gp
core   0: 3 0x80001830 (0x00325c33) x24 0x0000007f
core   0: 0x80001834 (0xdb9daa13) slti    s4, s11, -583
core   0: 3 0x80001834 (0xdb9daa13) x20 0x00000000
core   0: 0x80001838 (0x41e7d1b3) sra     gp, a5, t5
core   0: 3 0x80001838 (0x41e7d1b3) x 3 0x00000000
core   0: 0x8000183c (0x26d50513) addi    a0, a0, 621
core   0: 3 0x8000183c (0x26d50513) x10 0x0000026d
core   0: 0x80001840 (0x4073d793) srai    a5, t2, 7
core   0: 3 0x80001840 (0x4073d793) x15 0xff000000
core   0: 0x80001844 (0x00465ab3) srl     s5, a2, tp
core   0: 3 0x80001844 (0x00465ab3) x21 0x00000001
core   0: 0x80001848 (0x405ddfb3) sra     t6, s11, t0
core   0: 3 0x80001848 (0x405ddfb3) x31 0xfffffef6
core   0: 0x8000184c (0xef11e5b7) lui     a1, 0xef11e
core   0: 3 0x8000184c (0xef11e5b7) x11 0xef11e000
core   0: 0x80001850 (0xaf337717) auipc   a4, 0xaf337
core   0: 3 0x80001850 (0xaf337717) x14 0x2f338850
core   0: 0x80001854 (0x00e9b613) sltiu   a2, s3, 14
core   0: 3 0x80001854 (0x00e9b613) x12 0x00000001
core   0: 0x80001858 (0x412bdd93) srai    s11, s7, 18
core   0: 3 0x80001858 (0x412bdd93) x27 0x00000000
core   0: 0x8000185c (0x0118fe33) and     t3, a7, a7
core   0: 3 0x8000185c (0x0118fe33) x28 0x00000000
core   0: 0x80001860 (0x010709b3) add     s3, a4, a6
core   0: 3 0x80001860 (0x010709b3) x19 0x2f338d47
core   0: 0x80001864 (0x3f6c0693) addi    a3, s8, 1014
core   0: 3 0x80001864 (0x3f6c0693) x13 0x00000475
core   0: 0x80001868 (0x00b0a533) slt     a0, ra, a1
core   0: 3 0x80001868 (0x00b0a533) x10 0x00000000
core   0: 0x8000186c (0x00609bb3) sll     s7, ra, t1
core   0: 3 0x8000186c (0x00609bb3) x23 0x00000001
core   0: 0x80001870 (0x40124893) xori    a7, tp, 1025
core   0: 3 0x80001870 (0x40124893) x17 0x0000047e
core   0: 0x80001874 (0x41ea0f33) sub     t5, s4, t5
core   0: 3 0x80001874 (0x41ea0f33) x30 0x000000e4
core   0: 0x80001878 (0xeb1f7093) andi    ra, t5, -335
core   0: 3 0x80001878 (0xeb1f7093) x 1 0x000000a0
core   0: 0x8000187c (0x415a01b3) sub     gp, s4, s5
core   0: 3 0x8000187c (0x415a01b3) x 3 0xffffffff
core   0: 0x80001880 (0x3febf013) andi    zero, s7, 1022
core   0: 3 0x80001880 (0x3febf013)
core   0: 0x80001884 (0x0059b333) sltu    t1, s3, t0
core   0: 3 0x80001884 (0x0059b333) x 6 0x00000000
core   0: 0x80001888 (0x00be4833) xor     a6, t3, a1
core   0: 3 0x80001888 (0x00be4833) x16 0xef11e000
core   0: 0x8000188c (0x01d137b3) sltu    a5, sp, t4
core   0: 3 0x8000188c (0x01d137b3) x15 0x00000000
core   0: 0x80001890 (0x009027b3) slt     a5, zero, s1
core   0: 3 0x80001890 (0x009027b3) x15 0x00000001
core   0: 0x80001894 (0x4d014893) xori    a7, sp, 1232
core   0: 3 0x80001894 (0x4d014893) x17 0xffffff01
core   0: 0x80001898 (0x00000013) nop
core   0: 3 0x80001898 (0x00000013)
core   0: 0x8000189c (0x00000013) nop
core   0: 3 0x8000189c (0x00000013)
core   0: 0x800018a0 (0x00000013) nop
core   0: 3 0x800018a0 (0x00000013)
core   0: 0x800018a4 (0xb9e16e13) ori     t3, sp, -1122
core   0: 3 0x800018a4 (0xb9e16e13) x28 0xfffffbdf
core   0: 0x800018a8 (0x4c35ea97) auipc   s5, 0x4c35e
core   0: 3 0x800018a8 (0x4c35ea97) x21 0xcc35f8a8
core   0: 0x800018ac (0x0031abb3) slt     s7, gp, gp
core   0: 3 0x800018ac (0x0031abb3) x23 0x00000000
core   0: 0x800018b0 (0x01ab1db3) sll     s11, s6, s10
core   0: 3 0x800018b0 (0x01ab1db3) x27 0x4fdb2000
core   0: 0x800018b4 (0x01f8e333) or      t1, a7, t6
core   0: 3 0x800018b4 (0x01f8e333) x 6 0xfffffff7
core   0: 0x800018b8 (0x01509d13) slli    s10, ra, 21
core   0: 3 0x800018b8 (0x01509d13) x26 0x14000000
core   0: 0x800018bc (0x01229c13) slli    s8, t0, 18
core   0: 3 0x800018bc (0x01229c13) x24 0x00000000
core   0: 0x800018c0 (0x007fc6b3) xor     a3, t6, t2
core   0: 3 0x800018c0 (0x007fc6b3) x13 0x7ffffef6
core   0: 0x800018c4 (0x0023b133) sltu    sp, t2, sp
core   0: 3 0x800018c4 (0x0023b133) x 2 0x00000001
core   0: 0x800018c8 (0x01f424b3) slt     s1, s0, t6
core   0: 3 0x800018c8 (0x01f424b3) x 9 0x00000001
core   0: 0x800018cc (0x00025d93) srli    s11, tp, 0
core   0: 3 0x800018cc (0x00025d93) x27 0x0000007f
core   0: 0x800018d0 (0xb769b693) sltiu   a3, s3, -1162
core   0: 3 0x800018d0 (0xb769b693) x13 0x00000001
core   0: 0x800018d4 (0x18fe7013) andi    zero, t3, 399
core   0: 3 0x800018d4 (0x18fe7013)
core   0: 0x800018d8 (0x41b101b3) sub     gp, sp, s11
core   0: 3 0x800018d8 (0x41b101b3) x 3 0xffffff82
core   0: 0x800018dc (0x645f6c13) ori     s8, t5, 1605
core   0: 3 0x800018dc (0x645f6c13) x24 0x000006e5
core   0: 0x800018e0 (0xa16f7713) andi    a4, t5, -1514
core   0: 3 0x800018e0 (0xa16f7713) x14 0x00000004
core   0: 0x800018e4 (0x00c6fc33) and     s8, a3, a2
core   0: 3 0x800018e4 (0x00c6fc33) x24 0x00000001
core   0: 0x800018e8 (0x00945f33) srl     t5, s0, s1
core   0: 3 0x800018e8 (0x00945f33) x30 0x40008732
core   0: 0x800018ec (0x401b5d13) srai    s10, s6, 1
core   0: 3 0x800018ec (0x401b5d13) x26 0x27ed9000
core   0: 0x800018f0 (0xfcb43c13) sltiu   s8, s0, -53
core   0: 3 0x800018f0 (0xfcb43c13) x24 0x00000001
core   0: 0x800018f4 (0x32d2ed13) ori     s10, t0, 813
core   0: 3 0x800018f4 (0x32d2ed13) x26 0x0000032d
core   0: 0x800018f8 (0x01d42533) slt     a0, s0, t4
core   0: 3 0x800018f8 (0x01d42533) x10 0x00000000
core   0: 0x800018fc (0x60e46013) ori     zero, s0, 1550
core   0: 3 0x800018fc (0x60e46013)
core   0: 0x80001900 (0x01816133) or      sp, sp, s8
core   0: 3 0x80001900 (0x01816133) x 2 0x00000001
core   0: 0x80001904 (0xf26b8113) addi    sp, s7, -218
core   0: 3 0x80001904 (0xf26b8113) x 2 0xffffff26
core   0: 0x80001908 (0x01a00f33) add     t5, zero, s10
core   0: 3 0x80001908 (0x01a00f33) x30 0x0000032d
core   0: 0x8000190c (0x40c1d4b3) sra     s1, gp, a2
core   0: 3 0x8000190c (0x40c1d4b3) x 9 0xffffffc1
core   0: 0x80001910 (0x003e1ab3) sll     s5, t3, gp
core   0: 3 0x80001910 (0x003e1ab3) x21 0xffffef7c
core   0: 0x80001914 (0x01dfbab3) sltu    s5, t6, t4
core   0: 3 0x80001914 (0x01dfbab3) x21 0x00000000
core   0: 0x80001918 (0xb7273617) auipc   a2, 0xb7273
core   0: 3 0x80001918 (0xb7273617) x12 0x37274918
core   0: 0x8000191c (0x01a7d533) srl     a0, a5, s10
core   0: 3 0x8000191c (0x01a7d533) x10 0x00000000
core   0: 0x80001920 (0x01adda93) srli    s5, s11, 26
core   0: 3 0x80001920 (0x01adda93) x21 0x00000000
core   0: 0x80001924 (0x007b1b93) slli    s7, s6, 7
core   0: 3 0x80001924 (0x007b1b93) x23 0xed900000
core   0: 0x80001928 (0xec4d7737) lui     a4, 0xec4d7
core   0: 3 0x80001928 (0xec4d7737) x14 0xec4d7000
core   0: 0x8000192c (0x416bdfb3) sra     t6, s7, s6
core   0: 3 0x8000192c (0x416bdfb3) x31 0xed900000
core   0: 0x80001930 (0x0100d913) srli    s2, ra, 16
core   0: 3 0x80001930 (0x0100d913) x18 0x00000000
core   0: 0x80001934 (0xcafb2b93) slti    s7, s6, -849
core   0: 3 0x80001934 (0xcafb2b93) x23 0x00000000
core   0: 0x80001938 (0x00501bb3) sll     s7, zero, t0
core   0: 3 0x80001938 (0x00501bb3) x23 0x00000000
core   0: 0x8000193c (0x01f567b3) or      a5, a0, t6
core   0: 3 0x8000193c (0x01f567b3) x15 0xed900000
core   0: 0x80001940 (0x01b71813) slli    a6, a4, 27
core   0: 3 0x80001940 (0x01b71813) x16 0x00000000
core   0: 0x80001944 (0x0010edb3) or      s11, ra, ra
core   0: 3 0x80001944 (0x0010edb3) x27 0x000000a0
core   0: 0x80001948 (0x005e41b3) xor     gp, t3, t0
core   0: 3 0x80001948 (0x005e41b3) x 3 0xfffffbdf
core   0: 0x8000194c (0x01bf0e33) add     t3, t5, s11
core   0: 3 0x8000194c (0x01bf0e33) x28 0x000003cd
core   0: 0x80001950 (0x0195d733) srl     a4, a1, s9
core   0: 3 0x80001950 (0x0195d733) x14 0x0ef11e00
core   0: 0x80001954 (0x0068cd33) xor     s10, a7, t1
core   0: 3 0x80001954 (0x0068cd33) x26 0x000000f6
core   0: 0x80001958 (0x00000013) nop
core   0: 3 0x80001958 (0x00000013)
core   0: 0x8000195c (0x01f20933) add     s2, tp, t6
core   0: 3 0x8000195c (0x01f20933) x18 0xed90007f
core   0: 0x80001960 (0xf78ac917) auipc   s2, 0xf78ac
core   0: 3 0x80001960 (0xf78ac917) x18 0x778ad960
core   0: 0x80001964 (0x41bcd2b3) sra     t0, s9, s11
core   0: 3 0x80001964 (0x41bcd2b3) x 5 0x80014ce4
core   0: 0x80001968 (0x09f74293) xori    t0, a4, 159
core   0: 3 0x80001968 (0x09f74293) x 5 0x0ef11e9f
core   0: 0x8000196c (0x40b580b3) sub     ra, a1, a1
core   0: 3 0x8000196c (0x40b580b3) x 1 0x00000000
core   0: 0x80001970 (0x00000013) nop
core   0: 3 0x80001970 (0x00000013)
core   0: 0x80001974 (0x0066c8b3) xor     a7, a3, t1
core   0: 3 0x80001974 (0x0066c8b3) x17 0xfffffff6
core   0: 0x80001978 (0x783b6813) ori     a6, s6, 1923
core   0: 3 0x80001978 (0x783b6813) x16 0x4fdb2783
core   0: 0x8000197c (0x017da2b3) slt     t0, s11, s7
core   0: 3 0x8000197c (0x017da2b3) x 5 0x00000000
core   0: 0x80001980 (0x00000013) nop
core   0: 3 0x80001980 (0x00000013)
core   0: 0x80001984 (0x40e75d93) srai    s11, a4, 14
core   0: 3 0x80001984 (0x40e75d93) x27 0x00003bc4
core   0: 0x80001988 (0xcd7b7493) andi    s1, s6, -809
core   0: 3 0x80001988 (0xcd7b7493) x 9 0x4fdb2000
core   0: 0x8000198c (0x77904213) xori    tp, zero, 1913
core   0: 3 0x8000198c (0x77904213) x 4 0x00000779
core   0: 0x80001990 (0x017d5533) srl     a0, s10, s7
core   0: 3 0x80001990 (0x017d5533) x10 0x000000f6
core   0: 0x80001994 (0x1b7b7913) andi    s2, s6, 439
core   0: 3 0x80001994 (0x1b7b7913) x18 0x00000000
core   0: 0x80001998 (0x00000013) nop
core   0: 3 0x80001998 (0x00000013)
core   0: 0x8000199c (0x00000013) nop
core   0: 3 0x8000199c (0x00000013)
core   0: 0x800019a0 (0x2d81cc13) xori    s8, gp, 728
core   0: 3 0x800019a0 (0x2d81cc13) x24 0xfffff907
core   0: 0x800019a4 (0x001fb633) sltu    a2, t6, ra
core   0: 3 0x800019a4 (0x001fb633) x12 0x00000000
core   0: 0x800019a8 (0x010c5013) srli    zero, s8, 16
core   0: 3 0x800019a8 (0x010c5013)
core   0: 0x800019ac (0xe8a1f993) andi    s3, gp, -374
core   0: 3 0x800019ac (0xe8a1f993) x19 0xfffffa8a
core   0: 0x800019b0 (0x87b00937) lui     s2, 0x87b00
core   0: 3 0x800019b0 (0x87b00937) x18 0x87b00000
core   0: 0x800019b4 (0xdc234913) xori    s2, t1, -574
core   0: 3 0x800019b4 (0xdc234913) x18 0x00000235
core   0: 0x800019b8 (0x01cca2b3) slt     t0, s9, t3
core   0: 3 0x800019b8 (0x01cca2b3) x 5 0x00000001
core   0: 0x800019bc (0xe8d63b93) sltiu   s7, a2, -371
core   0: 3 0x800019bc (0xe8d63b93) x23 0x00000001
core   0: 0x800019c0 (0x01aa0f33) add     t5, s4, s10
core   0: 3 0x800019c0 (0x01aa0f33) x30 0x000000f6
core   0: 0x800019c4 (0x00f15d13) srli    s10, sp, 15
core   0: 3 0x800019c4 (0x00f15d13) x26 0x0001ffff
core   0: 0x800019c8 (0x01cbf1b3) and     gp, s7, t3
core   0: 3 0x800019c8 (0x01cbf1b3) x 3 0x00000001
core   0: 0x800019cc (0x5a06ba13) sltiu   s4, a3, 1440
core   0: 3 0x800019cc (0x5a06ba13) x20 0x00000001
core   0: 0x800019d0 (0x3164e493) ori     s1, s1, 790
core   0: 3 0x800019d0 (0x3164e493) x 9 0x4fdb2316
core   0: 0x800019d4 (0x004c1793) slli    a5, s8, 4
core   0: 3 0x800019d4 (0x004c1793) x15 0xffff9070
core   0: 0x800019d8 (0x00000013) nop
core   0: 3 0x800019d8 (0x00000013)
core   0: 0x800019dc (0x01257e33) and     t3, a0, s2
core   0: 3 0x800019dc (0x01257e33) x28 0x00000034
core   0: 0x800019e0 (0xa9014493) xori    s1, sp, -1392
core   0: 3 0x800019e0 (0xa9014493) x 9 0x000005b6
core   0: 0x800019e4 (0xa5b5ae13) slti    t3, a1, -1445
core   0: 3 0x800019e4 (0xa5b5ae13) x28 0x00000001
core   0: 0x800019e8 (0x564bc993) xori    s3, s7, 1380
core   0: 3 0x800019e8 (0x564bc993) x19 0x00000565
core   0: 0x800019ec (0xfb818a13) addi    s4, gp, -72
core   0: 3 0x800019ec (0xfb818a13) x20 0xffffffb9
core   0: 0x800019f0 (0x41b38fb3) sub     t6, t2, s11
core   0: 3 0x800019f0 (0x41b38fb3) x31 0x7fffc43c
core   0: 0x800019f4 (0xa9b66db7) lui     s11, 0xa9b66
core   0: 3 0x800019f4 (0xa9b66db7) x27 0xa9b66000
core   0: 0x800019f8 (0x00000013) nop
core   0: 3 0x800019f8 (0x00000013)
core   0: 0x800019fc (0x90999837) lui     a6, 0x90999
core   0: 3 0x800019fc (0x90999837) x16 0x90999000
core   0: 0x80001a00 (0x016908b3) add     a7, s2, s6
core   0: 3 0x80001a00 (0x016908b3) x17 0x4fdb2235
core   0: 0x80001a04 (0x01942333) slt     t1, s0, s9
core   0: 3 0x80001a04 (0x01942333) x 6 0x00000001
core   0: 0x80001a08 (0x33ff2d13) slti    s10, t5, 831
core   0: 3 0x80001a08 (0x33ff2d13) x26 0x00000001
core   0: 0x80001a0c (0x01dcaab3) slt     s5, s9, t4
core   0: 3 0x80001a0c (0x01dcaab3) x21 0x00000000
core   0: 0x80001a10 (0x0011d033) srl     zero, gp, ra
core   0: 3 0x80001a10 (0x0011d033)
core   0: 0x80001a14 (0x9972b593) sltiu   a1, t0, -1641
core   0: 3 0x80001a14 (0x9972b593) x11 0x00000001
core   0: 0x80001a18 (0x4048df33) sra     t5, a7, tp
core   0: 3 0x80001a18 (0x4048df33) x30 0x00000027
core   0: 0x80001a1c (0x005c49b3) xor     s3, s8, t0
core   0: 3 0x80001a1c (0x005c49b3) x19 0xfffff906
core   0: 0x80001a20 (0x00000013) nop
core   0: 3 0x80001a20 (0x00000013)
core   0: 0x80001a24 (0x4059d093) srai    ra, s3, 5
core   0: 3 0x80001a24 (0x4059d093) x 1 0xffffffc8
core   0: 0x80001a28 (0x614af213) andi    tp, s5, 1556
core   0: 3 0x80001a28 (0x614af213) x 4 0x00000000
core   0: 0x80001a2c (0x4103d393) srai    t2, t2, 16
core   0: 3 0x80001a2c (0x4103d393) x 7 0xffff8000
core   0: 0x80001a30 (0x89953a13) sltiu   s4, a0, -1895
core   0: 3 0x80001a30 (0x89953a13) x20 0x00000001
core   0: 0x80001a34 (0x0001d013) srli    zero, gp, 0
core   0: 3 0x80001a34 (0x0001d013)
core   0: 0x80001a38 (0x37a5a1b7) lui     gp, 0x37a5a
core   0: 3 0x80001a38 (0x37a5a1b7) x 3 0x37a5a000
core   0: 0x80001a3c (0x40385e33) sra     t3, a6, gp
core   0: 3 0x80001a3c (0x40385e33) x28 0x90999000
core   0: 0x80001a40 (0x01a69813) slli    a6, a3, 26
core   0: 3 0x80001a40 (0x01a69813) x16 0x04000000
core   0: 0x80001a44 (0xde55c113) xori    sp, a1, -539
core   0: 3 0x80001a44 (0xde55c113) x 2 0xfffffde4
core   0: 0x80001a48 (0xa8eacf93) xori    t6, s5, -1394
core   0: 3 0x80001a48 (0xa8eacf93) x31 0xfffffa8e
core   0: 0x80001a4c (0x00000013) nop
core   0: 3 0x80001a4c (0x00000013)
core   0: 0x80001a50 (0x0ef16213) ori     tp, sp, 239
core   0: 3 0x80001a50 (0x0ef16213) x 4 0xfffffdef
core   0: 0x80001a54 (0x018f7db3) and     s11, t5, s8
core   0: 3 0x80001a54 (0x018f7db3) x27 0x00000007
core   0: 0x80001a58 (0xec97b113) sltiu   sp, a5, -311
core   0: 3 0x80001a58 (0xec97b113) x 2 0x00000001
core   0: 0x80001a5c (0x41cf5e13) srai    t3, t5, 28
core   0: 3 0x80001a5c (0x41cf5e13) x28 0x00000000
core   0: 0x80001a60 (0x01f7fc33) and     s8, a5, t6
core   0: 3 0x80001a60 (0x01f7fc33) x24 0xffff9000
core   0: 0x80001a64 (0x41d755b3) sra     a1, a4, t4
core   0: 3 0x80001a64 (0x41d755b3) x11 0x0ef11e00
core   0: 0x80001a68 (0x413dddb3) sra     s11, s11, s3
core   0: 3 0x80001a68 (0x413dddb3) x27 0x00000000
core   0: 0x80001a6c (0x01411733) sll     a4, sp, s4
core   0: 3 0x80001a6c (0x01411733) x14 0x00000002
core   0: 0x80001a70 (0x00835f33) srl     t5, t1, s0
core   0: 3 0x80001a70 (0x00835f33) x30 0x00000000
core   0: 0x80001a74 (0x01aec7b3) xor     a5, t4, s10
core   0: 3 0x80001a74 (0x01aec7b3) x15 0x80000001
core   0: 0x80001a78 (0x7abcbfb7) lui     t6, 0x7abcb
core   0: 3 0x80001a78 (0x7abcbfb7) x31 0x7abcb000
core   0: 0x80001a7c (0x0149ae33) slt     t3, s3, s4
core   0: 3 0x80001a7c (0x0149ae33) x28 0x00000001
core   0: 0x80001a80 (0x010175b3) and     a1, sp, a6
core   0: 3 0x80001a80 (0x010175b3) x11 0x00000000
core   0: 0x80001a84 (0x0190e2b3) or      t0, ra, s9
core   0: 3 0x80001a84 (0x0190e2b3) x 5 0xffffffec
core   0: 0x80001a88 (0xa7db4313) xori    t1, s6, -1411
core   0: 3 0x80001a88 (0xa7db4313) x 6 0xb024da7d
core   0: 0x80001a8c (0x01ae1993) slli    s3, t3, 26
core   0: 3 0x80001a8c (0x01ae1993) x19 0x04000000
core   0: 0x80001a90 (0x00f68933) add     s2, a3, a5
core   0: 3 0x80001a90 (0x00f68933) x18 0x80000002
core   0: 0x80001a94 (0x5e76df97) auipc   t6, 0x5e76d
core   0: 3 0x80001a94 (0x5e76df97) x31 0xde76ea94
core   0: 0x80001a98 (0x00a0fd33) and     s10, ra, a0
core   0: 3 0x80001a98 (0x00a0fd33) x26 0x000000c0
core   0: 0x80001a9c (0x01c7b7b3) sltu    a5, a5, t3
core   0: 3 0x80001a9c (0x01c7b7b3) x15 0x00000000
core   0: 0x80001aa0 (0x01d07c33) and     s8, zero, t4
core   0: 3 0x80001aa0 (0x01d07c33) x24 0x00000000
core   0: 0x80001aa4 (0xf000e113) ori     sp, ra, -256
core   0: 3 0x80001aa4 (0xf000e113) x 2 0xffffffc8
core   0: 0x80001aa8 (0x9a9f7a13) andi    s4, t5, -1623
core   0: 3 0x80001aa8 (0x9a9f7a13) x20 0x00000000
core   0: 0x80001aac (0x0077f6b3) and     a3, a5, t2
core   0: 3 0x80001aac (0x0077f6b3) x13 0x00000000
core   0: 0x80001ab0 (0x97138d13) addi    s10, t2, -1679
core   0: 3 0x80001ab0 (0x97138d13) x26 0xffff7971
core   0: 0x80001ab4 (0x001f85b3) add     a1, t6, ra
core   0: 3 0x80001ab4 (0x001f85b3) x11 0xde76ea5c
core   0: 0x80001ab8 (0xb73cb913) sltiu   s2, s9, -1165
core   0: 3 0x80001ab8 (0xb73cb913) x18 0x00000001
core   0: 0x80001abc (0x00ef1093) slli    ra, t5, 14
core   0: 3 0x80001abc (0x00ef1093) x 1 0x00000000
core   0: 0x80001ac0 (0x01f170b3) and     ra, sp, t6
core   0: 3 0x80001ac0 (0x01f170b3) x 1 0xde76ea80
core   0: 0x80001ac4 (0x91712893) slti    a7, sp, -1769
core   0: 3 0x80001ac4 (0x91712893) x17 0x00000000
core   0: 0x80001ac8 (0x01b49633) sll     a2, s1, s11
core   0: 3 0x80001ac8 (0x01b49633) x12 0x000005b6
core   0: 0x80001acc (0x41a35613) srai    a2, t1, 26
core   0: 3 0x80001acc (0x41a35613) x12 0xffffffec
core   0: 0x80001ad0 (0x0067e0b3) or      ra, a5, t1
core   0: 3 0x80001ad0 (0x0067e0b3) x 1 0xb024da7d
core   0: 0x80001ad4 (0x96fa7613) andi    a2, s4, -1681
core   0: 3 0x80001ad4 (0x96fa7613) x12 0x00000000
core   0: 0x80001ad8 (0x66fd8893) addi    a7, s11, 1647
core   0: 3 0x80001ad8 (0x66fd8893) x17 0x0000066f
core   0: 0x80001adc (0x019b73b3) and     t2, s6, s9
core   0: 3 0x80001adc (0x019b73b3) x 7 0x00010000
core   0: 0x80001ae0 (0x01dbf4b3) and     s1, s7, t4
core   0: 3 0x80001ae0 (0x01dbf4b3) x 9 0x00000000
core   0: 0x80001ae4 (0x0051e6b3) or      a3, gp, t0
core   0: 3 0x80001ae4 (0x0051e6b3) x13 0xffffffec
core   0: 0x80001ae8 (0x018b53b3) srl     t2, s6, s8
core   0: 3 0x80001ae8 (0x018b53b3) x 7 0x4fdb2000
core   0: 0x80001aec (0xbe67ee17) auipc   t3, 0xbe67e
core   0: 3 0x80001aec (0xbe67ee17) x28 0x3e67faec
core   0: 0x80001af0 (0x00612233) slt     tp, sp, t1
core   0: 3 0x80001af0 (0x00612233) x 4 0x00000000
core   0: 0x80001af4 (0x01a350b3) srl     ra, t1, s10
core   0: 3 0x80001af4 (0x01a350b3) x 1 0x00005812
core   0: 0x80001af8 (0x01cfddb3) srl     s11, t6, t3
core   0: 3 0x80001af8 (0x01cfddb3) x27 0x000de76e
core   0: 0x80001afc (0x40710ab3) sub     s5, sp, t2
core   0: 3 0x80001afc (0x40710ab3) x21 0xb024dfc8
core   0: 0x80001b00 (0x0185f533) and     a0, a1, s8
core   0: 3 0x80001b00 (0x0185f533) x10 0x00000000
core   0: 0x80001b04 (0x00840533) add     a0, s0, s0
core   0: 3 0x80001b04 (0x00840533) x10 0x00021cc8
core   0: 0x80001b08 (0x00b9d4b3) srl     s1, s3, a1
core   0: 3 0x80001b08 (0x00b9d4b3) x 9 0x00000000
core   0: 0x80001b0c (0x01529f33) sll     t5, t0, s5
core   0: 3 0x80001b0c (0x01529f33) x30 0xffffec00
core   0: 0x80001b10 (0x4049d633) sra     a2, s3, tp
core   0: 3 0x80001b10 (0x4049d633) x12 0x04000000
core   0: 0x80001b14 (0x00113c33) sltu    s8, sp, ra
core   0: 3 0x80001b14 (0x00113c33) x24 0x00000000
core   0: 0x80001b18 (0x01f76333) or      t1, a4, t6
core   0: 3 0x80001b18 (0x01f76333) x 6 0xde76ea96
core   0: 0x80001b1c (0xa9278093) addi    ra, a5, -1390
core   0: 3 0x80001b1c (0xa9278093) x 1 0xfffffa92
core   0: 0x80001b20 (0xff3ce093) ori     ra, s9, -13
core   0: 3 0x80001b20 (0xff3ce093) x 1 0xfffffff7
core   0: 0x80001b24 (0x013add33) srl     s10, s5, s3
core   0: 3 0x80001b24 (0x013add33) x26 0xb024dfc8
core   0: 0x80001b28 (0x402dda13) srai    s4, s11, 2
core   0: 3 0x80001b28 (0x402dda13) x20 0x000379db
core   0: 0x80001b2c (0x0137df13) srli    t5, a5, 19
core   0: 3 0x80001b2c (0x0137df13) x30 0x00000000
core   0: 0x80001b30 (0x4087d213) srai    tp, a5, 8
core   0: 3 0x80001b30 (0x4087d213) x 4 0x00000000
core   0: 0x80001b34 (0x007c86b3) add     a3, s9, t2
core   0: 3 0x80001b34 (0x007c86b3) x13 0xcfdc6ce4
core   0: 0x80001b38 (0x014851b3) srl     gp, a6, s4
core   0: 3 0x80001b38 (0x014851b3) x 3 0x00000000
core   0: 0x80001b3c (0x01b67833) and     a6, a2, s11
core   0: 3 0x80001b3c (0x01b67833) x16 0x00000000
core   0: 0x80001b40 (0xfe7b7f93) andi    t6, s6, -25
core   0: 3 0x80001b40 (0xfe7b7f93) x31 0x4fdb2000
core   0: 0x80001b44 (0x147c6493) ori     s1, s8, 327
core   0: 3 0x80001b44 (0x147c6493) x 9 0x00000147
core   0: 0x80001b48 (0x31ed2493) slti    s1, s10, 798
core   0: 3 0x80001b48 (0x31ed2493) x 9 0x00000001
core   0: 0x80001b4c (0x00a55793) srli    a5, a0, 10
core   0: 3 0x80001b4c (0x00a55793) x15 0x00000087
core   0: 0x80001b50 (0x01c5ed33) or      s10, a1, t3
core   0: 3 0x80001b50 (0x01c5ed33) x26 0xfe77fafc
core   0: 0x80001b54 (0xc9ca9ab7) lui     s5, 0xc9ca9
core   0: 3 0x80001b54 (0xc9ca9ab7) x21 0xc9ca9000
core   0: 0x80001b58 (0x11732b93) slti    s7, t1, 279
core   0: 3 0x80001b58 (0x11732b93) x23 0x00000001
core   0: 0x80001b5c (0x00101133) sll     sp, zero, ra
core   0: 3 0x80001b5c (0x00101133) x 2 0x00000000
core   0: 0x80001b60 (0x00524033) xor     zero, tp, t0
core   0: 3 0x80001b60 (0x00524033)
core   0: 0x80001b64 (0x007f1513) slli    a0, t5, 7
core   0: 3 0x80001b64 (0x007f1513) x10 0x00000000
core   0: 0x80001b68 (0x017e87b3) add     a5, t4, s7
core   0: 3 0x80001b68 (0x017e87b3) x15 0x80000001
core   0: 0x80001b6c (0x00000013) nop
core   0: 3 0x80001b6c (0x00000013)
core   0: 0x80001b70 (0xe2ea0d13) addi    s10, s4, -466
core   0: 3 0x80001b70 (0xe2ea0d13) x26 0x00037809
core   0: 0x80001b74 (0x71667313) andi    t1, a2, 1814
core   0: 3 0x80001b74 (0x71667313) x 6 0x00000000
core   0: 0x80001b78 (0x0c68df17) auipc   t5, 0xc68d
core   0: 3 0x80001b78 (0x0c68df17) x30 0x8c68eb78
core   0: 0x80001b7c (0x00709d93) slli    s11, ra, 7
core   0: 3 0x80001b7c (0x00709d93) x27 0xfffffb80
core   0: 0x80001b80 (0x8e66cd13) xori    s10, a3, -1818
core   0: 3 0x80001b80 (0x8e66cd13) x26 0x30239402
core   0: 0x80001b84 (0x000cafb3) slt     t6, s9, zero
core   0: 3 0x80001b84 (0x000cafb3) x31 0x00000001
core   0: 0x80001b88 (0x858b0897) auipc   a7, 0x858b0
core   0: 3 0x80001b88 (0x858b0897) x17 0x058b1b88
core   0: 0x80001b8c (0xf3140f13) addi    t5, s0, -207
core   0: 3 0x80001b8c (0xf3140f13) x30 0x80010d95
core   0: 0x80001b90 (0x0082d733) srl     a4, t0, s0
core   0: 3 0x80001b90 (0x0082d733) x14 0x0ffffffe
core   0: 0x80001b94 (0x01b4a6b3) slt     a3, s1, s11
core   0: 3 0x80001b94 (0x01b4a6b3) x13 0x00000000
core   0: 0x80001b98 (0x68a5b893) sltiu   a7, a1, 1674
core   0: 3 0x80001b98 (0x68a5b893) x17 0x00000000
core   0: 0x80001b9c (0x00d4a633) slt     a2, s1, a3
core   0: 3 0x80001b9c (0x00d4a633) x12 0x00000000
core   0: 0x80001ba0 (0x31c3cd93) xori    s11, t2, 796
core   0: 3 0x80001ba0 (0x31c3cd93) x27 0x4fdb231c
core   0: 0x80001ba4 (0x01a21f33) sll     t5, tp, s10
core   0: 3 0x80001ba4 (0x01a21f33) x30 0x00000000
core   0: 0x80001ba8 (0xf46c4d13) xori    s10, s8, -186
core   0: 3 0x80001ba8 (0xf46c4d13) x26 0xffffff46
core   0: 0x80001bac (0x009f8d13) addi    s10, t6, 9
core   0: 3 0x80001bac (0x009f8d13) x26 0x0000000a
core   0: 0x80001bb0 (0x00bffdb3) and     s11, t6, a1
core   0: 3 0x80001bb0 (0x00bffdb3) x27 0x00000000
core   0: 0x80001bb4 (0x0172eab3) or      s5, t0, s7
core   0: 3 0x80001bb4 (0x0172eab3) x21 0xffffffed
core   0: 0x80001bb8 (0x06050f93) addi    t6, a0, 96
core   0: 3 0x80001bb8 (0x06050f93) x31 0x00000060
core   0: 0x80001bbc (0x28ecfb93) andi    s7, s9, 654
core   0: 3 0x80001bbc (0x28ecfb93) x23 0x00000084
core   0: 0x80001bc0 (0x90a63917) auipc   s2, 0x90a63
core   0: 3 0x80001bc0 (0x90a63917) x18 0x10a64bc0
core   0: 0x80001bc4 (0x67ec4313) xori    t1, s8, 1662
core   0: 3 0x80001bc4 (0x67ec4313) x 6 0x0000067e
core   0: 0x80001bc8 (0xeb592693) slti    a3, s2, -331
core   0: 3 0x80001bc8 (0xeb592693) x13 0x00000000
core   0: 0x80001bcc (0x00000013) nop
core   0: 3 0x80001bcc (0x00000013)
core   0: 0x80001bd0 (0x0fcb2d17) auipc   s10, 0xfcb2
core   0: 3 0x80001bd0 (0x0fcb2d17) x26 0x8fcb3bd0
core   0: 0x80001bd4 (0x01c7b933) sltu    s2, a5, t3
core   0: 3 0x80001bd4 (0x01c7b933) x18 0x00000000
core   0: 0x80001bd8 (0x006c8133) add     sp, s9, t1
core   0: 3 0x80001bd8 (0x006c8133) x 2 0x80015362
core   0: 0x80001bdc (0x27437497) auipc   s1, 0x27437
core   0: 3 0x80001bdc (0x27437497) x 9 0xa7438bdc
core   0: 0x80001be0 (0x009fd013) srli    zero, t6, 9
core   0: 3 0x80001be0 (0x009fd013)
core   0: 0x80001be4 (0xa3770a13) addi    s4, a4, -1481
core   0: 3 0x80001be4 (0xa3770a13) x20 0x0ffffa35
core   0: 0x80001be8 (0x017a0ab3) add     s5, s4, s7
core   0: 3 0x80001be8 (0x017a0ab3) x21 0x0ffffab9
core   0: 0x80001bec (0x8fdce793) ori     a5, s9, -1795
core   0: 3 0x80001bec (0x8fdce793) x15 0xfffffcfd
core   0: 0x80001bf0 (0x01501193) slli    gp, zero, 21
core   0: 3 0x80001bf0 (0x01501193) x 3 0x00000000
core   0: 0x80001bf4 (0x7a003613) sltiu   a2, zero, 1952
core   0: 3 0x80001bf4 (0x7a003613) x12 0x00000001
core   0: 0x80001bf8 (0x013500b3) add     ra, a0, s3
core   0: 3 0x80001bf8 (0x013500b3) x 1 0x04000000
core   0: 0x80001bfc (0x00201113) slli    sp, zero, 2
core   0: 3 0x80001bfc (0x00201113) x 2 0x00000000
core   0: 0x80001c00 (0x00372333) slt     t1, a4, gp
core   0: 3 0x80001c00 (0x00372333) x 6 0x00000000
core   0: 0x80001c04 (0x4182ddb3) sra     s11, t0, s8
core   0: 3 0x80001c04 (0x4182ddb3) x27 0xffffffec
core   0: 0x80001c08 (0xbbea9a97) auipc   s5, 0xbbea9
core   0: 3 0x80001c08 (0xbbea9a97) x21 0x3beaac08
core   0: 0x80001c0c (0x41ec0bb3) sub     s7, s8, t5
core   0: 3 0x80001c0c (0x41ec0bb3) x23 0x00000000
core   0: 0x80001c10 (0x013b7733) and     a4, s6, s3
core   0: 3 0x80001c10 (0x013b7733) x14 0x04000000
core   0: 0x80001c14 (0x81dfa013) slti    zero, t6, -2019
core   0: 3 0x80001c14 (0x81dfa013)
core   0: 0x80001c18 (0x0043d933) srl     s2, t2, tp
core   0: 3 0x80001c18 (0x0043d933) x18 0x4fdb2000
core   0: 0x80001c1c (0x00000013) nop
core   0: 3 0x80001c1c (0x00000013)
core   0: 0x80001c20 (0x78aae893) ori     a7, s5, 1930
core   0: 3 0x80001c20 (0x78aae893) x17 0x3beaaf8a
core   0: 0x80001c24 (0xd7509517) auipc   a0, 0xd7509
core   0: 3 0x80001c24 (0xd7509517) x10 0x5750ac24
core   0: 0x80001c28 (0x015b1593) slli    a1, s6, 21
core   0: 3 0x80001c28 (0x015b1593) x11 0x00000000
core   0: 0x80001c2c (0x40750c33) sub     s8, a0, t2
core   0: 3 0x80001c2c (0x40750c33) x24 0x07758c24
core   0: 0x80001c30 (0x01822c33) slt     s8, tp, s8
core   0: 3 0x80001c30 (0x01822c33) x24 0x00000001
core   0: 0x80001c34 (0x0132e633) or      a2, t0, s3
core   0: 3 0x80001c34 (0x0132e633) x12 0xffffffec
core   0: 0x80001c38 (0xbf059a17) auipc   s4, 0xbf059
core   0: 3 0x80001c38 (0xbf059a17) x20 0x3f05ac38
core   0: 0x80001c3c (0x001dd193) srli    gp, s11, 1
core   0: 3 0x80001c3c (0x001dd193) x 3 0x7ffffff6
core   0: 0x80001c40 (0x01768c33) add     s8, a3, s7
core   0: 3 0x80001c40 (0x01768c33) x24 0x00000000
core   0: 0x80001c44 (0x00000013) nop
core   0: 3 0x80001c44 (0x00000013)
core   0: 0x80001c48 (0x2e6b0317) auipc   t1, 0x2e6b0
core   0: 3 0x80001c48 (0x2e6b0317) x 6 0xae6b1c48
core   0: 0x80001c4c (0x004858b3) srl     a7, a6, tp
core   0: 3 0x80001c4c (0x004858b3) x17 0x00000000
core   0: 0x80001c50 (0x41e60133) sub     sp, a2, t5
core   0: 3 0x80001c50 (0x41e60133) x 2 0xffffffec
core   0: 0x80001c54 (0x00111a93) slli    s5, sp, 1
core   0: 3 0x80001c54 (0x00111a93) x21 0xffffffd8
core   0: 0x80001c58 (0xf09e6e13) ori     t3, t3, -247
core   0: 3 0x80001c58 (0xf09e6e13) x28 0xffffffed
core   0: 0x80001c5c (0x00000013) nop
core   0: 3 0x80001c5c (0x00000013)
core   0: 0x80001c60 (0x7e41f693) andi    a3, gp, 2020
core   0: 3 0x80001c60 (0x7e41f693) x13 0x000007e4
core   0: 0x80001c64 (0x15367b13) andi    s6, a2, 339
core   0: 3 0x80001c64 (0x15367b13) x22 0x00000140
core   0: 0x80001c68 (0x4136d7b3) sra     a5, a3, s3
core   0: 3 0x80001c68 (0x4136d7b3) x15 0x000007e4
core   0: 0x80001c6c (0x2d106293) ori     t0, zero, 721
core   0: 3 0x80001c6c (0x2d106293) x 5 0x000002d1
core   0: 0x80001c70 (0x010f6533) or      a0, t5, a6
core   0: 3 0x80001c70 (0x010f6533) x10 0x00000000
core   0: 0x80001c74 (0xee750193) addi    gp, a0, -281
core   0: 3 0x80001c74 (0xee750193) x 3 0xfffffee7
core   0: 0x80001c78 (0x01783233) sltu    tp, a6, s7
core   0: 3 0x80001c78 (0x01783233) x 4 0x00000000
core   0: 0x80001c7c (0x00000013) nop
core   0: 3 0x80001c7c (0x00000013)
core   0: 0x80001c80 (0x5d357d93) andi    s11, a0, 1491
core   0: 3 0x80001c80 (0x5d357d93) x27 0x00000000
core   0: 0x80001c84 (0x00000013) nop
core   0: 3 0x80001c84 (0x00000013)
core   0: 0x80001c88 (0x012d44b3) xor     s1, s10, s2
core   0: 3 0x80001c88 (0x012d44b3) x 9 0xc0101bd0
core   0: 0x80001c8c (0xf8717113) andi    sp, sp, -121
core   0: 3 0x80001c8c (0xf8717113) x 2 0xffffff84
core   0: 0x80001c90 (0x01b779b3) and     s3, a4, s11
core   0: 3 0x80001c90 (0x01b779b3) x19 0x00000000
core   0: 0x80001c94 (0x41698333) sub     t1, s3, s6
core   0: 3 0x80001c94 (0x41698333) x 6 0xfffffec0
core   0: 0x80001c98 (0x009c3333) sltu    t1, s8, s1
core   0: 3 0x80001c98 (0x009c3333) x 6 0x00000001
core   0: 0x80001c9c (0x00e19313) slli    t1, gp, 14
core   0: 3 0x80001c9c (0x00e19313) x 6 0xffb9c000
core   0: 0x80001ca0 (0x01bc30b3) sltu    ra, s8, s11
core   0: 3 0x80001ca0 (0x01bc30b3) x 1 0x00000000
core   0: 0x80001ca4 (0x4052d913) srai    s2, t0, 5
core   0: 3 0x80001ca4 (0x4052d913) x18 0x00000016
core   0: 0x80001ca8 (0x01ec28b3) slt     a7, s8, t5
core   0: 3 0x80001ca8 (0x01ec28b3) x17 0x00000000
core   0: 0x80001cac (0x004e1c33) sll     s8, t3, tp
core   0: 3 0x80001cac (0x004e1c33) x24 0xffffffed
core   0: 0x80001cb0 (0x00000013) nop
core   0: 3 0x80001cb0 (0x00000013)
core   0: 0x80001cb4 (0x387bf013) andi    zero, s7, 903
core   0: 3 0x80001cb4 (0x387bf013)
core   0: 0x80001cb8 (0x00a54f33) xor     t5, a0, a0
core   0: 3 0x80001cb8 (0x00a54f33) x30 0x00000000
core   0: 0x80001cbc (0x0080a733) slt     a4, ra, s0
core   0: 3 0x80001cbc (0x0080a733) x14 0x00000000
core   0: 0x80001cc0 (0xa9880e13) addi    t3, a6, -1384
core   0: 3 0x80001cc0 (0xa9880e13) x28 0xfffffa98
core   0: 0x80001cc4 (0xa8821237) lui     tp, 0xa8821
core   0: 3 0x80001cc4 (0xa8821237) x 4 0xa8821000
core   0: 0x80001cc8 (0x00000013) nop
core   0: 3 0x80001cc8 (0x00000013)
core   0: 0x80001ccc (0x09497593) andi    a1, s2, 148
core   0: 3 0x80001ccc (0x09497593) x11 0x00000014
core   0: 0x80001cd0 (0x403a5a93) srai    s5, s4, 3
core   0: 3 0x80001cd0 (0x403a5a93) x21 0x07e0b587
core   0: 0x80001cd4 (0x00ba5ab3) srl     s5, s4, a1
core   0: 3 0x80001cd4 (0x00ba5ab3) x21 0x000003f0
core   0: 0x80001cd8 (0x004e1093) slli    ra, t3, 4
core   0: 3 0x80001cd8 (0x004e1093) x 1 0xffffa980
core   0: 0x80001cdc (0x00d06f33) or      t5, zero, a3
core   0: 3 0x80001cdc (0x00d06f33) x30 0x000007e4
core   0: 0x80001ce0 (0x01f6f5b3) and     a1, a3, t6
core   0: 3 0x80001ce0 (0x01f6f5b3) x11 0x00000060
core   0: 0x80001ce4 (0xbdd5fc17) auipc   s8, 0xbdd5f
core   0: 3 0x80001ce4 (0xbdd5fc17) x24 0x3dd60ce4
core   0: 0x80001ce8 (0x12450793) addi    a5, a0, 292
core   0: 3 0x80001ce8 (0x12450793) x15 0x00000124
core   0: 0x80001cec (0x00b14333) xor     t1, sp, a1
core   0: 3 0x80001cec (0x00b14333) x 6 0xffffffe4
core   0: 0x80001cf0 (0x007c5833) srl     a6, s8, t2
core   0: 3 0x80001cf0 (0x007c5833) x16 0x3dd60ce4
core   0: 0x80001cf4 (0x065be093) ori     ra, s7, 101
core   0: 3 0x80001cf4 (0x065be093) x 1 0x00000065
core   0: 0x80001cf8 (0xbc2f4937) lui     s2, 0xbc2f4
core   0: 3 0x80001cf8 (0xbc2f4937) x18 0xbc2f4000
core   0: 0x80001cfc (0x006ffab3) and     s5, t6, t1
core   0: 3 0x80001cfc (0x006ffab3) x21 0x00000060
core   0: 0x80001d00 (0x01a00bb3) add     s7, zero, s10
core   0: 3 0x80001d00 (0x01a00bb3) x23 0x8fcb3bd0
core   0: 0x80001d04 (0x00b5e4b3) or      s1, a1, a1
core   0: 3 0x80001d04 (0x00b5e4b3) x 9 0x00000060
core   0: 0x80001d08 (0x00ae7b33) and     s6, t3, a0
core   0: 3 0x80001d08 (0x00ae7b33) x22 0x00000000
core   0: 0x80001d0c (0x41575293) srai    t0, a4, 21
core   0: 3 0x80001d0c (0x41575293) x 5 0x00000000
core   0: 0x80001d10 (0x003b35b3) sltu    a1, s6, gp
core   0: 3 0x80001d10 (0x003b35b3) x11 0x00000001
core   0: 0x80001d14 (0x019ba833) slt     a6, s7, s9
core   0: 3 0x80001d14 (0x019ba833) x16 0x00000000
core   0: 0x80001d18 (0x00f26fb3) or      t6, tp, a5
core   0: 3 0x80001d18 (0x00f26fb3) x31 0xa8821124
core   0: 0x80001d1c (0x0015dbb3) srl     s7, a1, ra
core   0: 3 0x80001d1c (0x0015dbb3) x23 0x00000000
core   0: 0x80001d20 (0x154f0113) addi    sp, t5, 340
core   0: 3 0x80001d20 (0x154f0113) x 2 0x00000938
core   0: 0x80001d24 (0xff408613) addi    a2, ra, -12
core   0: 3 0x80001d24 (0xff408613) x12 0x00000059
core   0: 0x80001d28 (0xb23d9b17) auipc   s6, 0xb23d9
core   0: 3 0x80001d28 (0xb23d9b17) x22 0x323dad28
core   0: 0x80001d2c (0x41160733) sub     a4, a2, a7
core   0: 3 0x80001d2c (0x41160733) x14 0x00000059
core   0: 0x80001d30 (0x4052dab3) sra     s5, t0, t0
core   0: 3 0x80001d30 (0x4052dab3) x21 0x00000000
core   0: 0x80001d34 (0x003486b3) add     a3, s1, gp
core   0: 3 0x80001d34 (0x003486b3) x13 0xffffff47
core   0: 0x80001d38 (0xfe9cab13) slti    s6, s9, -23
core   0: 3 0x80001d38 (0xfe9cab13) x22 0x00000001
core   0: 0x80001d3c (0x00000013) nop
core   0: 3 0x80001d3c (0x00000013)
core   0: 0x80001d40 (0x01db8333) add     t1, s7, t4
core   0: 3 0x80001d40 (0x01db8333) x 6 0x80000000
core   0: 0x80001d44 (0x016d6d33) or      s10, s10, s6
core   0: 3 0x80001d44 (0x016d6d33) x26 0x8fcb3bd1
core   0: 0x80001d48 (0x41648db3) sub     s11, s1, s6
core   0: 3 0x80001d48 (0x41648db3) x27 0x0000005f
core   0: 0x80001d4c (0x010fb2b3) sltu    t0, t6, a6
core   0: 3 0x80001d4c (0x010fb2b3) x 5 0x00000000
core   0: 0x80001d50 (0x01460233) add     tp, a2, s4
core   0: 3 0x80001d50 (0x01460233) x 4 0x3f05ac91
core   0: 0x80001d54 (0x00000013) nop
core   0: 3 0x80001d54 (0x00000013)
core   0: 0x80001d58 (0x01e10a33) add     s4, sp, t5
core   0: 3 0x80001d58 (0x01e10a33) x20 0x0000111c
core   0: 0x80001d5c (0x00223533) sltu    a0, tp, sp
core   0: 3 0x80001d5c (0x00223533) x10 0x00000000
core   0: 0x80001d60 (0x000d5193) srli    gp, s10, 0
core   0: 3 0x80001d60 (0x000d5193) x 3 0x8fcb3bd1
core   0: 0x80001d64 (0xc5b32db7) lui     s11, 0xc5b32
core   0: 3 0x80001d64 (0xc5b32db7) x27 0xc5b32000
core   0: 0x80001d68 (0x01c764b3) or      s1, a4, t3
core   0: 3 0x80001d68 (0x01c764b3) x 9 0xfffffad9
core   0: 0x80001d6c (0x41ce5033) sra     zero, t3, t3
core   0: 3 0x80001d6c (0x41ce5033)
core   0: 0x80001d70 (0xe9d3e193) ori     gp, t2, -355
core   0: 3 0x80001d70 (0xe9d3e193) x 3 0xfffffe9d
core   0: 0x80001d74 (0x00f3cfb3) xor     t6, t2, a5
core   0: 3 0x80001d74 (0x00f3cfb3) x31 0x4fdb2124
core   0: 0x80001d78 (0x2547fa97) auipc   s5, 0x2547f
core   0: 3 0x80001d78 (0x2547fa97) x21 0xa5480d78
core   0: 0x80001d7c (0x710c4693) xori    a3, s8, 1808
core   0: 3 0x80001d7c (0x710c4693) x13 0x3dd60bf4
core   0: 0x80001d80 (0x00b66533) or      a0, a2, a1
core   0: 3 0x80001d80 (0x00b66533) x10 0x00000059
core   0: 0x80001d84 (0x00c8db93) srli    s7, a7, 12
core   0: 3 0x80001d84 (0x00c8db93) x23 0x00000000
core   0: 0x80001d88 (0x0151d913) srli    s2, gp, 21
core   0: 3 0x80001d88 (0x0151d913) x18 0x000007ff
core   0: 0x80001d8c (0x40980033) sub     zero, a6, s1
core   0: 3 0x80001d8c (0x40980033)
core   0: 0x80001d90 (0xf349c1b7) lui     gp, 0xf349c
core   0: 3 0x80001d90 (0xf349c1b7) x 3 0xf349c000
core   0: 0x80001d94 (0x45147993) andi    s3, s0, 1105
core   0: 3 0x80001d94 (0x45147993) x19 0x00000440
core   0: 0x80001d98 (0x00a757b3) srl     a5, a4, a0
core   0: 3 0x80001d98 (0x00a757b3) x15 0x00000000
core   0: 0x80001d9c (0x002261b3) or      gp, tp, sp
core   0: 3 0x80001d9c (0x002261b3) x 3 0x3f05adb9
core   0: 0x80001da0 (0x011dfdb3) and     s11, s11, a7
core   0: 3 0x80001da0 (0x011dfdb3) x27 0x00000000
core   0: 0x80001da4 (0x935cf293) andi    t0, s9, -1739
core   0: 3 0x80001da4 (0x935cf293) x 5 0x80014824
core   0: 0x80001da8 (0x81b77293) andi    t0, a4, -2021
core   0: 3 0x80001da8 (0x81b77293) x 5 0x00000019
core   0: 0x80001dac (0x6de7e713) ori     a4, a5, 1758
core   0: 3 0x80001dac (0x6de7e713) x14 0x000006de
core   0: 0x80001db0 (0x77445597) auipc   a1, 0x77445
core   0: 3 0x80001db0 (0x77445597) x11 0xf7446db0
core   0: 0x80001db4 (0x015a3f33) sltu    t5, s4, s5
core   0: 3 0x80001db4 (0x015a3f33) x30 0x00000001
core   0: 0x80001db8 (0xa8c42693) slti    a3, s0, -1396
core   0: 3 0x80001db8 (0xa8c42693) x13 0x00000001
core   0: 0x80001dbc (0x7945cc13) xori    s8, a1, 1940
core   0: 3 0x80001dbc (0x7945cc13) x24 0xf7446a24
core   0: 0x80001dc0 (0x0fecaf93) slti    t6, s9, 254
core   0: 3 0x80001dc0 (0x0fecaf93) x31 0x00000001
core   0: 0x80001dc4 (0x001573b3) and     t2, a0, ra
core   0: 3 0x80001dc4 (0x001573b3) x 7 0x00000041
core   0: 0x80001dc8 (0x401282b3) sub     t0, t0, ra
core   0: 3 0x80001dc8 (0x401282b3) x 5 0xffffffb4
core   0: 0x80001dcc (0x008c3bb3) sltu    s7, s8, s0
core   0: 3 0x80001dcc (0x008c3bb3) x23 0x00000000
core   0: 0x80001dd0 (0xfef16893) ori     a7, sp, -17
core   0: 3 0x80001dd0 (0xfef16893) x17 0xffffffff
core   0: 0x80001dd4 (0xc1748b37) lui     s6, 0xc1748
core   0: 3 0x80001dd4 (0xc1748b37) x22 0xc1748000
core   0: 0x80001dd8 (0x00e41393) slli    t2, s0, 14
core   0: 3 0x80001dd8 (0x00e41393) x 7 0x43990000
core   0: 0x80001ddc (0x01029833) sll     a6, t0, a6
core   0: 3 0x80001ddc (0x01029833) x16 0xffffffb4
core   0: 0x80001de0 (0xd02e9b17) auipc   s6, 0xd02e9
core   0: 3 0x80001de0 (0xd02e9b17) x22 0x502eade0
core   0: 0x80001de4 (0x00975f93) srli    t6, a4, 9
core   0: 3 0x80001de4 (0x00975f93) x31 0x00000003
core   0: 0x80001de8 (0xa7dda793) slti    a5, s11, -1411
core   0: 3 0x80001de8 (0xa7dda793) x15 0x00000000
core   0: 0x80001dec (0x0043f9b3) and     s3, t2, tp
core   0: 3 0x80001dec (0x0043f9b3) x19 0x03010000
core   0: 0x80001df0 (0x01df6d33) or      s10, t5, t4
core   0: 3 0x80001df0 (0x01df6d33) x26 0x80000001
core   0: 0x80001df4 (0x00000013) nop
core   0: 3 0x80001df4 (0x00000013)
core   0: 0x80001df8 (0x84c8a993) slti    s3, a7, -1972
core   0: 3 0x80001df8 (0x84c8a993) x19 0x00000000
core   0: 0x80001dfc (0x00891a33) sll     s4, s2, s0
core   0: 3 0x80001dfc (0x00891a33) x20 0x00007ff0
core   0: 0x80001e00 (0x0fa3b393) sltiu   t2, t2, 250
core   0: 3 0x80001e00 (0x0fa3b393) x 7 0x00000000
core   0: 0x80001e04 (0x017070b3) and     ra, zero, s7
core   0: 3 0x80001e04 (0x017070b3) x 1 0x00000000
core   0: 0x80001e08 (0x5fd03713) sltiu   a4, zero, 1533
core   0: 3 0x80001e08 (0x5fd03713) x14 0x00000001
core   0: 0x80001e0c (0x016c1833) sll     a6, s8, s6
core   0: 3 0x80001e0c (0x016c1833) x16 0xf7446a24
core   0: 0x80001e10 (0x01f07333) and     t1, zero, t6
core   0: 3 0x80001e10 (0x01f07333) x 6 0x00000000
core   0: 0x80001e14 (0x06dbe297) auipc   t0, 0x6dbe
core   0: 3 0x80001e14 (0x06dbe297) x 5 0x86dbfe14
core   0: 0x80001e18 (0x3e82c317) auipc   t1, 0x3e82c
core   0: 3 0x80001e18 (0x3e82c317) x 6 0xbe82de18
core   0: 0x80001e1c (0x4165d133) sra     sp, a1, s6
core   0: 3 0x80001e1c (0x4165d133) x 2 0xf7446db0
core   0: 0x80001e20 (0xd1ad6093) ori     ra, s10, -742
core   0: 3 0x80001e20 (0xd1ad6093) x 1 0xfffffd1b
core   0: 0x80001e24 (0x39ae3813) sltiu   a6, t3, 922
core   0: 3 0x80001e24 (0x39ae3813) x16 0x00000000
core   0: 0x80001e28 (0x66822a13) slti    s4, tp, 1640
core   0: 3 0x80001e28 (0x66822a13) x20 0x00000000
core   0: 0x80001e2c (0x0025a733) slt     a4, a1, sp
core   0: 3 0x80001e2c (0x0025a733) x14 0x00000000
core   0: 0x80001e30 (0x01a26db3) or      s11, tp, s10
core   0: 3 0x80001e30 (0x01a26db3) x27 0xbf05ac91
core   0: 0x80001e34 (0x01c57833) and     a6, a0, t3
core   0: 3 0x80001e34 (0x01c57833) x16 0x00000018
core   0: 0x80001e38 (0x00000013) nop
core   0: 3 0x80001e38 (0x00000013)
core   0: 0x80001e3c (0x41e55133) sra     sp, a0, t5
core   0: 3 0x80001e3c (0x41e55133) x 2 0x0000002c
core   0: 0x80001e40 (0x139fea93) ori     s5, t6, 313
core   0: 3 0x80001e40 (0x139fea93) x21 0x0000013b
core   0: 0x80001e44 (0x15ed8c13) addi    s8, s11, 350
core   0: 3 0x80001e44 (0x15ed8c13) x24 0xbf05adef
core   0: 0x80001e48 (0xf35ac093) xori    ra, s5, -203
core   0: 3 0x80001e48 (0xf35ac093) x 1 0xfffffe0e
core   0: 0x80001e4c (0x01d45693) srli    a3, s0, 29
core   0: 3 0x80001e4c (0x01d45693) x13 0x00000004
core   0: 0x80001e50 (0x07ac65b7) lui     a1, 0x7ac6
core   0: 3 0x80001e50 (0x07ac65b7) x11 0x07ac6000
core   0: 0x80001e54 (0xa1458593) addi    a1, a1, -1516
core   0: 3 0x80001e54 (0xa1458593) x11 0x07ac5a14
core   0: 0x80001e58 (0x00000b13) li      s6, 0
core   0: 3 0x80001e58 (0x00000b13) x22 0x00000000
core   0: 0x80001e5c (0xfff00b93) li      s7, -1
core   0: 3 0x80001e5c (0xfff00b93) x23 0xffffffff
core   0: 0x80001e60 (0xfff00e13) li      t3, -1
core   0: 3 0x80001e60 (0xfff00e13) x28 0xffffffff
core   0: 0x80001e64 (0x80000f37) lui     t5, 0x80000
core   0: 3 0x80001e64 (0x80000f37) x30 0x80000000
core   0: 0x80001e68 (0xfff00313) li      t1, -1
core   0: 3 0x80001e68 (0xfff00313) x 6 0xffffffff
core   0: 0x80001e6c (0x00000c13) li      s8, 0
core   0: 3 0x80001e6c (0x00000c13) x24 0x00000000
core   0: 0x80001e70 (0x00000793) li      a5, 0
core   0: 3 0x80001e70 (0x00000793) x15 0x00000000
core   0: 0x80001e74 (0xcf0bf8b7) lui     a7, 0xcf0bf
core   0: 3 0x80001e74 (0xcf0bf8b7) x17 0xcf0bf000
core   0: 0x80001e78 (0x89288893) addi    a7, a7, -1902
core   0: 3 0x80001e78 (0x89288893) x17 0xcf0be892
core   0: 0x80001e7c (0xc1231237) lui     tp, 0xc1231
core   0: 3 0x80001e7c (0xc1231237) x 4 0xc1231000
core   0: 0x80001e80 (0x48e20213) addi    tp, tp, 1166
core   0: 3 0x80001e80 (0x48e20213) x 4 0xc123148e
core   0: 0x80001e84 (0x01a6d337) lui     t1, 0x1a6d
core   0: 3 0x80001e84 (0x01a6d337) x 6 0x01a6d000
core   0: 0x80001e88 (0x00000013) nop
core   0: 3 0x80001e88 (0x00000013)
core   0: 0x80001e8c (0x00678f33) add     t5, a5, t1
core   0: 3 0x80001e8c (0x00678f33) x30 0x01a6d000
core   0: 0x80001e90 (0xdbbadc37) lui     s8, 0xdbbad
core   0: 3 0x80001e90 (0xdbbadc37) x24 0xdbbad000
core   0: 0x80001e94 (0x00000013) nop
core   0: 3 0x80001e94 (0x00000013)
core   0: 0x80001e98 (0x01ef0b33) add     s6, t5, t5
core   0: 3 0x80001e98 (0x01ef0b33) x22 0x034da000
core   0: 0x80001e9c (0x8c77d797) auipc   a5, 0x8c77d
core   0: 3 0x80001e9c (0x8c77d797) x15 0x0c77ee9c
core   0: 0x80001ea0 (0xc721be17) auipc   t3, 0xc721b
core   0: 3 0x80001ea0 (0xc721be17) x28 0x4721cea0
core   0: 0x80001ea4 (0xe87098b7) lui     a7, 0xe8709
core   0: 3 0x80001ea4 (0xe87098b7) x17 0xe8709000
core   0: 0x80001ea8 (0x00000013) nop
core   0: 3 0x80001ea8 (0x00000013)
core   0: 0x80001eac (0x00000013) nop
core   0: 3 0x80001eac (0x00000013)
core   0: 0x80001eb0 (0x70cc47b7) lui     a5, 0x70cc4
core   0: 3 0x80001eb0 (0x70cc47b7) x15 0x70cc4000
core   0: 0x80001eb4 (0x00000013) nop
core   0: 3 0x80001eb4 (0x00000013)
core   0: 0x80001eb8 (0x00000013) nop
core   0: 3 0x80001eb8 (0x00000013)
core   0: 0x80001ebc (0xbb678b13) addi    s6, a5, -1098
core   0: 3 0x80001ebc (0xbb678b13) x22 0x70cc3bb6
core   0: 0x80001ec0 (0x404e05b3) sub     a1, t3, tp
core   0: 3 0x80001ec0 (0x404e05b3) x11 0x85feba12
core   0: 0x80001ec4 (0x03e8bc17) auipc   s8, 0x3e8b
core   0: 3 0x80001ec4 (0x03e8bc17) x24 0x83e8cec4
core   0: 0x80001ec8 (0x001f9f93) slli    t6, t6, 1
core   0: 3 0x80001ec8 (0x001f9f93) x31 0x00000006
core   0: 0x80001ecc (0x00d29f33) sll     t5, t0, a3
core   0: 3 0x80001ecc (0x00d29f33) x30 0x6dbfe140
core   0: 0x80001ed0 (0x00e2df93) srli    t6, t0, 14
core   0: 3 0x80001ed0 (0x00e2df93) x31 0x00021b6f
core   0: 0x80001ed4 (0x4048dd13) srai    s10, a7, 4
core   0: 3 0x80001ed4 (0x4048dd13) x26 0xfe870900
core   0: 0x80001ed8 (0x0085b9b3) sltu    s3, a1, s0
core   0: 3 0x80001ed8 (0x0085b9b3) x19 0x00000000
core   0: 0x80001edc (0xa5e46713) ori     a4, s0, -1442
core   0: 3 0x80001edc (0xa5e46713) x14 0xfffffe7e
core   0: 0x80001ee0 (0x988c6393) ori     t2, s8, -1656
core   0: 3 0x80001ee0 (0x988c6393) x 7 0xffffffcc
core   0: 0x80001ee4 (0x00ab33b3) sltu    t2, s6, a0
core   0: 3 0x80001ee4 (0x00ab33b3) x 7 0x00000000
core   0: 0x80001ee8 (0x016a5793) srli    a5, s4, 22
core   0: 3 0x80001ee8 (0x016a5793) x15 0x00000000
core   0: 0x80001eec (0x4361b293) sltiu   t0, gp, 1078
core   0: 3 0x80001eec (0x4361b293) x 5 0x00000000
core   0: 0x80001ef0 (0x41db5a33) sra     s4, s6, t4
core   0: 3 0x80001ef0 (0x41db5a33) x20 0x70cc3bb6
core   0: 0x80001ef4 (0x000ad493) srli    s1, s5, 0
core   0: 3 0x80001ef4 (0x000ad493) x 9 0x0000013b
core   0: 0x80001ef8 (0x005d5993) srli    s3, s10, 5
core   0: 3 0x80001ef8 (0x005d5993) x19 0x07f43848
core   0: 0x80001efc (0x00a11a13) slli    s4, sp, 10
core   0: 3 0x80001efc (0x00a11a13) x20 0x0000b000
core   0: 0x80001f00 (0x03366f93) ori     t6, a2, 51
core   0: 3 0x80001f00 (0x03366f93) x31 0x0000007b
core   0: 0x80001f04 (0x013ddc33) srl     s8, s11, s3
core   0: 3 0x80001f04 (0x013ddc33) x24 0x00bf05ac
core   0: 0x80001f08 (0x82856893) ori     a7, a0, -2008
core   0: 3 0x80001f08 (0x82856893) x17 0xfffff879
core   0: 0x80001f0c (0x00389993) slli    s3, a7, 3
core   0: 3 0x80001f0c (0x00389993) x19 0xffffc3c8
core   0: 0x80001f10 (0xfe395797) auipc   a5, 0xfe395
core   0: 3 0x80001f10 (0xfe395797) x15 0x7e396f10
core   0: 0x80001f14 (0x41ebd6b3) sra     a3, s7, t5
core   0: 3 0x80001f14 (0x41ebd6b3) x13 0xffffffff
core   0: 0x80001f18 (0xa0d8c693) xori    a3, a7, -1523
core   0: 3 0x80001f18 (0xa0d8c693) x13 0x00000274
core   0: 0x80001f1c (0x06bcfe13) andi    t3, s9, 107
core   0: 3 0x80001f1c (0x06bcfe13) x28 0x00000060
core   0: 0x80001f20 (0x16440513) addi    a0, s0, 356
core   0: 3 0x80001f20 (0x16440513) x10 0x80010fc8
core   0: 0x80001f24 (0x01243933) sltu    s2, s0, s2
core   0: 3 0x80001f24 (0x01243933) x18 0x00000000
core   0: 0x80001f28 (0xe1d42013) slti    zero, s0, -483
core   0: 3 0x80001f28 (0xe1d42013)
core   0: 0x80001f2c (0x9e751c37) lui     s8, 0x9e751
core   0: 3 0x80001f2c (0x9e751c37) x24 0x9e751000
core   0: 0x80001f30 (0x00000013) nop
core   0: 3 0x80001f30 (0x00000013)
core   0: 0x80001f34 (0x41115493) srai    s1, sp, 17
core   0: 3 0x80001f34 (0x41115493) x 9 0x00000000
core   0: 0x80001f38 (0x75c96013) ori     zero, s2, 1884
core   0: 3 0x80001f38 (0x75c96013)
core   0: 0x80001f3c (0x0a614d93) xori    s11, sp, 166
core   0: 3 0x80001f3c (0x0a614d93) x27 0x0000008a
core   0: 0x80001f40 (0xaebfa593) slti    a1, t6, -1301
core   0: 3 0x80001f40 (0xaebfa593) x11 0x00000000
core   0: 0x80001f44 (0x00518fb3) add     t6, gp, t0
core   0: 3 0x80001f44 (0x00518fb3) x31 0x3f05adb9
core   0: 0x80001f48 (0x41c35e13) srai    t3, t1, 28
core   0: 3 0x80001f48 (0x41c35e13) x28 0x00000000
core   0: 0x80001f4c (0x01273fb3) sltu    t6, a4, s2
core   0: 3 0x80001f4c (0x01273fb3) x31 0x00000000
core   0: 0x80001f50 (0x01115c33) srl     s8, sp, a7
core   0: 3 0x80001f50 (0x01115c33) x24 0x00000000
core   0: 0x80001f54 (0x412f88b3) sub     a7, t6, s2
core   0: 3 0x80001f54 (0x412f88b3) x17 0x00000000
core   0: 0x80001f58 (0x55eafb93) andi    s7, s5, 1374
core   0: 3 0x80001f58 (0x55eafb93) x23 0x0000011a
core   0: 0x80001f5c (0xcd22eb13) ori     s6, t0, -814
core   0: 3 0x80001f5c (0xcd22eb13) x22 0xfffffcd2
core   0: 0x80001f60 (0x00318033) add     zero, gp, gp
core   0: 3 0x80001f60 (0x00318033)
core   0: 0x80001f64 (0x019a66b3) or      a3, s4, s9
core   0: 3 0x80001f64 (0x019a66b3) x13 0x8001fce4
core   0: 0x80001f68 (0x5e396593) ori     a1, s2, 1507
core   0: 3 0x80001f68 (0x5e396593) x11 0x000005e3
core   0: 0x80001f6c (0x6c3bc597) auipc   a1, 0x6c3bc
core   0: 3 0x80001f6c (0x6c3bc597) x11 0xec3bdf6c
core   0: 0x80001f70 (0x0005e133) or      sp, a1, zero
core   0: 3 0x80001f70 (0x0005e133) x 2 0xec3bdf6c
core   0: 0x80001f74 (0x55410d13) addi    s10, sp, 1364
core   0: 3 0x80001f74 (0x55410d13) x26 0xec3be4c0
core   0: 0x80001f78 (0x674b8f13) addi    t5, s7, 1652
core   0: 3 0x80001f78 (0x674b8f13) x30 0x0000078e
core   0: 0x80001f7c (0x41425893) srai    a7, tp, 20
core   0: 3 0x80001f7c (0x41425893) x17 0xfffffc12
core   0: 0x80001f80 (0xb78a6693) ori     a3, s4, -1160
core   0: 3 0x80001f80 (0xb78a6693) x13 0xfffffb78
core   0: 0x80001f84 (0x5b0a8d97) auipc   s11, 0x5b0a8
core   0: 3 0x80001f84 (0x5b0a8d97) x27 0xdb0a9f84
core   0: 0x80001f88 (0x01292c33) slt     s8, s2, s2
core   0: 3 0x80001f88 (0x01292c33) x24 0x00000000
core   0: 0x80001f8c (0x01b81693) slli    a3, a6, 27
core   0: 3 0x80001f8c (0x01b81693) x13 0xc0000000
core   0: 0x80001f90 (0x5e586a13) ori     s4, a6, 1509
core   0: 3 0x80001f90 (0x5e586a13) x20 0x000005fd
core   0: 0x80001f94 (0x014d1233) sll     tp, s10, s4
core   0: 3 0x80001f94 (0x014d1233) x 4 0x00000000
core   0: 0x80001f98 (0x00de7133) and     sp, t3, a3
core   0: 3 0x80001f98 (0x00de7133) x 2 0x00000000
core   0: 0x80001f9c (0x41c15293) srai    t0, sp, 28
core   0: 3 0x80001f9c (0x41c15293) x 5 0x00000000
core   0: 0x80001fa0 (0x40625f13) srai    t5, tp, 6
core   0: 3 0x80001fa0 (0x40625f13) x30 0x00000000
core   0: 0x80001fa4 (0x009103b3) add     t2, sp, s1
core   0: 3 0x80001fa4 (0x009103b3) x 7 0x00000000
core   0: 0x80001fa8 (0xfcd1a813) slti    a6, gp, -51
core   0: 3 0x80001fa8 (0xfcd1a813) x16 0x00000000
core   0: 0x80001fac (0x008ae133) or      sp, s5, s0
core   0: 3 0x80001fac (0x008ae133) x 2 0x80010f7f
core   0: 0x80001fb0 (0x009c5a13) srli    s4, s8, 9
core   0: 3 0x80001fb0 (0x009c5a13) x20 0x00000000
core   0: 0x80001fb4 (0x004f51b3) srl     gp, t5, tp
core   0: 3 0x80001fb4 (0x004f51b3) x 3 0x00000000
core   0: 0x80001fb8 (0x03406293) ori     t0, zero, 52
core   0: 3 0x80001fb8 (0x03406293) x 5 0x00000034
core   0: 0x80001fbc (0xd7b58e13) addi    t3, a1, -645
core   0: 3 0x80001fbc (0xd7b58e13) x28 0xec3bdce7
core   0: 0x80001fc0 (0x409c08b3) sub     a7, s8, s1
core   0: 3 0x80001fc0 (0x409c08b3) x17 0x00000000
core   0: 0x80001fc4 (0x015d27b3) slt     a5, s10, s5
core   0: 3 0x80001fc4 (0x015d27b3) x15 0x00000001
core   0: 0x80001fc8 (0xfb340d93) addi    s11, s0, -77
core   0: 3 0x80001fc8 (0xfb340d93) x27 0x80010e17
core   0: 0x80001fcc (0x00993c33) sltu    s8, s2, s1
core   0: 3 0x80001fcc (0x00993c33) x24 0x00000000
core   0: 0x80001fd0 (0x01cd1633) sll     a2, s10, t3
core   0: 3 0x80001fd0 (0x01cd1633) x12 0x1df26000
core   0: 0x80001fd4 (0x003bd013) srli    zero, s7, 3
core   0: 3 0x80001fd4 (0x003bd013)
core   0: 0x80001fd8 (0xed502a97) auipc   s5, 0xed502
core   0: 3 0x80001fd8 (0xed502a97) x21 0x6d503fd8
core   0: 0x80001fdc (0x00d49f33) sll     t5, s1, a3
core   0: 3 0x80001fdc (0x00d49f33) x30 0x00000000
core   0: 0x80001fe0 (0x2ed1d037) lui     zero, 0x2ed1d
core   0: 3 0x80001fe0 (0x2ed1d037)
core   0: 0x80001fe4 (0x40ff5d13) srai    s10, t5, 15
core   0: 3 0x80001fe4 (0x40ff5d13) x26 0x00000000
core   0: 0x80001fe8 (0x00ca9613) slli    a2, s5, 12
core   0: 3 0x80001fe8 (0x00ca9613) x12 0x03fd8000
core   0: 0x80001fec (0x010bde33) srl     t3, s7, a6
core   0: 3 0x80001fec (0x010bde33) x28 0x0000011a
core   0: 0x80001ff0 (0x411edab3) sra     s5, t4, a7
core   0: 3 0x80001ff0 (0x411edab3) x21 0x80000000
core   0: 0x80001ff4 (0x00000013) nop
core   0: 3 0x80001ff4 (0x00000013)
core   0: 0x80001ff8 (0x00a87db3) and     s11, a6, a0
core   0: 3 0x80001ff8 (0x00a87db3) x27 0x00000000
core   0: 0x80001ffc (0xbf250493) addi    s1, a0, -1038
core   0: 3 0x80001ffc (0xbf250493) x 9 0x80010bba
core   0: 0x80002000 (0x40f6d6b3) sra     a3, a3, a5
core   0: 3 0x80002000 (0x40f6d6b3) x13 0xe0000000
core   0: 0x80002004 (0x01d0b9b3) sltu    s3, ra, t4
core   0: 3 0x80002004 (0x01d0b9b3) x19 0x00000000
core   0: 0x80002008 (0x0119d633) srl     a2, s3, a7
core   0: 3 0x80002008 (0x0119d633) x12 0x00000000
core   0: 0x8000200c (0x164dbd13) sltiu   s10, s11, 356
core   0: 3 0x8000200c (0x164dbd13) x26 0x00000001
core   0: 0x80002010 (0xbae3b893) sltiu   a7, t2, -1106
core   0: 3 0x80002010 (0xbae3b893) x17 0x00000001
core   0: 0x80002014 (0x40f40833) sub     a6, s0, a5
core   0: 3 0x80002014 (0x40f40833) x16 0x80010e63
core   0: 0x80002018 (0x96bb7393) andi    t2, s6, -1685
core   0: 3 0x80002018 (0x96bb7393) x 7 0xfffff842
core   0: 0x8000201c (0xf184bf93) sltiu   t6, s1, -232
core   0: 3 0x8000201c (0xf184bf93) x31 0x00000001
core   0: 0x80002020 (0x41f505b3) sub     a1, a0, t6
core   0: 3 0x80002020 (0x41f505b3) x11 0x80010fc7
core   0: 0x80002024 (0x010e5133) srl     sp, t3, a6
core   0: 3 0x80002024 (0x010e5133) x 2 0x00000023
core   0: 0x80002028 (0xb8ed0d97) auipc   s11, 0xb8ed0
core   0: 3 0x80002028 (0xb8ed0d97) x27 0x38ed2028
core   0: 0x8000202c (0x01dc5113) srli    sp, s8, 29
core   0: 3 0x8000202c (0x01dc5113) x 2 0x00000000
core   0: 0x80002030 (0x40eb58b3) sra     a7, s6, a4
core   0: 3 0x80002030 (0x40eb58b3) x17 0xffffffff
core   0: 0x80002034 (0x8ec8b013) sltiu   zero, a7, -1812
core   0: 3 0x80002034 (0x8ec8b013)
core   0: 0x80002038 (0x002e9033) sll     zero, t4, sp
core   0: 3 0x80002038 (0x002e9033)
core   0: 0x8000203c (0x00fb24b3) slt     s1, s6, a5
core   0: 3 0x8000203c (0x00fb24b3) x 9 0x00000001
core   0: 0x80002040 (0x46e24b93) xori    s7, tp, 1134
core   0: 3 0x80002040 (0x46e24b93) x23 0x0000046e
core   0: 0x80002044 (0x008338b3) sltu    a7, t1, s0
core   0: 3 0x80002044 (0x008338b3) x17 0x00000001
core   0: 0x80002048 (0x73ccc213) xori    tp, s9, 1852
core   0: 3 0x80002048 (0x73ccc213) x 4 0x80014bd8
core   0: 0x8000204c (0x2e25f813) andi    a6, a1, 738
core   0: 3 0x8000204c (0x2e25f813) x16 0x000002c2
core   0: 0x80002050 (0x01709a13) slli    s4, ra, 23
core   0: 3 0x80002050 (0x01709a13) x20 0x07000000
core   0: 0x80002054 (0xd3f57497) auipc   s1, 0xd3f57
core   0: 3 0x80002054 (0xd3f57497) x 9 0x53f59054
core   0: 0x80002058 (0x00db0d33) add     s10, s6, a3
core   0: 3 0x80002058 (0x00db0d33) x26 0xdffffcd2
core   0: 0x8000205c (0x009ca833) slt     a6, s9, s1
core   0: 3 0x8000205c (0x009ca833) x16 0x00000001
core   0: 0x80002060 (0x41118933) sub     s2, gp, a7
core   0: 3 0x80002060 (0x41118933) x18 0xffffffff
core   0: 0x80002064 (0x7d152797) auipc   a5, 0x7d152
core   0: 3 0x80002064 (0x7d152797) x15 0xfd154064
core   0: 0x80002068 (0x01404313) xori    t1, zero, 20
core   0: 3 0x80002068 (0x01404313) x 6 0x00000014
core   0: 0x8000206c (0x1a2f7b13) andi    s6, t5, 418
core   0: 3 0x8000206c (0x1a2f7b13) x22 0x00000000
core   0: 0x80002070 (0xc90a8513) addi    a0, s5, -880
core   0: 3 0x80002070 (0xc90a8513) x10 0x7ffffc90
core   0: 0x80002074 (0x01aa0e33) add     t3, s4, s10
core   0: 3 0x80002074 (0x01aa0e33) x28 0xe6fffcd2
core   0: 0x80002078 (0x00b3bb33) sltu    s6, t2, a1
core   0: 3 0x80002078 (0x00b3bb33) x22 0x00000000
core   0: 0x8000207c (0x4077dfb3) sra     t6, a5, t2
core   0: 3 0x8000207c (0x4077dfb3) x31 0xff455019
core   0: 0x80002080 (0xbdc5a113) slti    sp, a1, -1060
core   0: 3 0x80002080 (0xbdc5a113) x 2 0x00000001
core   0: 0x80002084 (0x01635a33) srl     s4, t1, s6
core   0: 3 0x80002084 (0x01635a33) x20 0x00000014
core   0: 0x80002088 (0xbfffa713) slti    a4, t6, -1025
core   0: 3 0x80002088 (0xbfffa713) x14 0x00000001
core   0: 0x8000208c (0x8487c193) xori    gp, a5, -1976
core   0: 3 0x8000208c (0x8487c193) x 3 0x02eab82c
core   0: 0x80002090 (0x00f4b833) sltu    a6, s1, a5
core   0: 3 0x80002090 (0x00f4b833) x16 0x00000001
core   0: 0x80002094 (0xd57b8513) addi    a0, s7, -681
core   0: 3 0x80002094 (0xd57b8513) x10 0x000001c5
core   0: 0x80002098 (0x00b81113) slli    sp, a6, 11
core   0: 3 0x80002098 (0x00b81113) x 2 0x00000800
core   0: 0x8000209c (0x006c98b3) sll     a7, s9, t1
core   0: 3 0x8000209c (0x006c98b3) x17 0xce400000
core   0: 0x800020a0 (0xdd581c17) auipc   s8, 0xdd581
core   0: 3 0x800020a0 (0xdd581c17) x24 0x5d5830a0
core   0: 0x800020a4 (0x0d9c8793) addi    a5, s9, 217
core   0: 3 0x800020a4 (0x0d9c8793) x15 0x80014dbd
core   0: 0x800020a8 (0xd3d07813) andi    a6, zero, -707
core   0: 3 0x800020a8 (0xd3d07813) x16 0x00000000
core   0: 0x800020ac (0x01689613) slli    a2, a7, 22
core   0: 3 0x800020ac (0x01689613) x12 0x00000000
core   0: 0x800020b0 (0xa8192013) slti    zero, s2, -1407
core   0: 3 0x800020b0 (0xa8192013)
core   0: 0x800020b4 (0x01cd1593) slli    a1, s10, 28
core   0: 3 0x800020b4 (0x01cd1593) x11 0x20000000
core   0: 0x800020b8 (0x017474b3) and     s1, s0, s7
core   0: 3 0x800020b8 (0x017474b3) x 9 0x00000464
core   0: 0x800020bc (0xd2590393) addi    t2, s2, -731
core   0: 3 0x800020bc (0xd2590393) x 7 0xfffffd24
core   0: 0x800020c0 (0x01b95993) srli    s3, s2, 27
core   0: 3 0x800020c0 (0x01b95993) x19 0x0000001f
core   0: 0x800020c4 (0x00d76533) or      a0, a4, a3
core   0: 3 0x800020c4 (0x00d76533) x10 0xe0000001
core   0: 0x800020c8 (0x014986b3) add     a3, s3, s4
core   0: 3 0x800020c8 (0x014986b3) x13 0x00000033
core   0: 0x800020cc (0xfdf62b93) slti    s7, a2, -33
core   0: 3 0x800020cc (0xfdf62b93) x23 0x00000000
core   0: 0x800020d0 (0x00ad1693) slli    a3, s10, 10
core   0: 3 0x800020d0 (0x00ad1693) x13 0xfff34800
core   0: 0x800020d4 (0x3e29b693) sltiu   a3, s3, 994
core   0: 3 0x800020d4 (0x3e29b693) x13 0x00000001
core   0: 0x800020d8 (0x005745b3) xor     a1, a4, t0
core   0: 3 0x800020d8 (0x005745b3) x11 0x00000035
core   0: 0x800020dc (0x01a794b3) sll     s1, a5, s10
core   0: 3 0x800020dc (0x01a794b3) x 9 0x36f40000
core   0: 0x800020e0 (0x017db333) sltu    t1, s11, s7
core   0: 3 0x800020e0 (0x017db333) x 6 0x00000000
core   0: 0x800020e4 (0x0064c733) xor     a4, s1, t1
core   0: 3 0x800020e4 (0x0064c733) x14 0x36f40000
core   0: 0x800020e8 (0x01c01f93) slli    t6, zero, 28
core   0: 3 0x800020e8 (0x01c01f93) x31 0x00000000
core   0: 0x800020ec (0xff47ca93) xori    s5, a5, -12
core   0: 3 0x800020ec (0xff47ca93) x21 0x7ffeb249
core   0: 0x800020f0 (0xf7a66893) ori     a7, a2, -134
core   0: 3 0x800020f0 (0xf7a66893) x17 0xffffff7a
core   0: 0x800020f4 (0x2b754197) auipc   gp, 0x2b754
core   0: 3 0x800020f4 (0x2b754197) x 3 0xab7560f4
core   0: 0x800020f8 (0x01cb4fb3) xor     t6, s6, t3
core   0: 3 0x800020f8 (0x01cb4fb3) x31 0xe6fffcd2
core   0: 0x800020fc (0x00675593) srli    a1, a4, 6
core   0: 3 0x800020fc (0x00675593) x11 0x00dbd000
core   0: 0x80002100 (0x3985f893) andi    a7, a1, 920
core   0: 3 0x80002100 (0x3985f893) x17 0x00000000
core   0: 0x80002104 (0x01d36533) or      a0, t1, t4
core   0: 3 0x80002104 (0x01d36533) x10 0x80000000
core   0: 0x80002108 (0x003b82b3) add     t0, s7, gp
core   0: 3 0x80002108 (0x003b82b3) x 5 0xab7560f4
core   0: 0x8000210c (0x01505d33) srl     s10, zero, s5
core   0: 3 0x8000210c (0x01505d33) x26 0x00000000
core   0: 0x80002110 (0x40505b13) srai    s6, zero, 5
core   0: 3 0x80002110 (0x40505b13) x22 0x00000000
core   0: 0x80002114 (0x41fcd313) srai    t1, s9, 31
core   0: 3 0x80002114 (0x41fcd313) x 6 0xffffffff
core   0: 0x80002118 (0x00625d93) srli    s11, tp, 6
core   0: 3 0x80002118 (0x00625d93) x27 0x0200052f
core   0: 0x8000211c (0x01bbc633) xor     a2, s7, s11
core   0: 3 0x8000211c (0x01bbc633) x12 0x0200052f
core   0: 0x80002120 (0x4111d513) srai    a0, gp, 17
core   0: 3 0x80002120 (0x4111d513) x10 0xffffd5ba
core   0: 0x80002124 (0x41dcd013) srai    zero, s9, 29
core   0: 3 0x80002124 (0x41dcd013)
core   0: 0x80002128 (0x005dfc33) and     s8, s11, t0
core   0: 3 0x80002128 (0x005dfc33) x24 0x02000024
core   0: 0x8000212c (0x8392a337) lui     t1, 0x8392a
core   0: 3 0x8000212c (0x8392a337) x 6 0x8392a000
core   0: 0x80002130 (0x8629e197) auipc   gp, 0x8629e
core   0: 3 0x80002130 (0x8629e197) x 3 0x062a0130
core   0: 0x80002134 (0xb141bf13) sltiu   t5, gp, -1260
core   0: 3 0x80002134 (0xb141bf13) x30 0x00000001
core   0: 0x80002138 (0x00427933) and     s2, tp, tp
core   0: 3 0x80002138 (0x00427933) x18 0x80014bd8
core   0: 0x8000213c (0x011920b3) slt     ra, s2, a7
core   0: 3 0x8000213c (0x011920b3) x 1 0x00000001
core   0: 0x80002140 (0x00631c33) sll     s8, t1, t1
core   0: 3 0x80002140 (0x00631c33) x24 0x8392a000
core   0: 0x80002144 (0x41cc5d93) srai    s11, s8, 28
core   0: 3 0x80002144 (0x41cc5d93) x27 0xfffffff8
core   0: 0x80002148 (0x01db7133) and     sp, s6, t4
core   0: 3 0x80002148 (0x01db7133) x 2 0x00000000
core   0: 0x8000214c (0x00efc613) xori    a2, t6, 14
core   0: 3 0x8000214c (0x00efc613) x12 0xe6fffcdc
core   0: 0x80002150 (0x0047cb33) xor     s6, a5, tp
core   0: 3 0x80002150 (0x0047cb33) x22 0x00000665
core   0: 0x80002154 (0x41a75013) srai    zero, a4, 26
core   0: 3 0x80002154 (0x41a75013)
core   0: 0x80002158 (0x413a5ab3) sra     s5, s4, s3
core   0: 3 0x80002158 (0x413a5ab3) x21 0x00000000
core   0: 0x8000215c (0x53e04a13) xori    s4, zero, 1342
core   0: 3 0x8000215c (0x53e04a13) x20 0x0000053e
core   0: 0x80002160 (0x014c5313) srli    t1, s8, 20
core   0: 3 0x80002160 (0x014c5313) x 6 0x00000839
core   0: 0x80002164 (0xe0b03c13) sltiu   s8, zero, -501
core   0: 3 0x80002164 (0xe0b03c13) x24 0x00000001
core   0: 0x80002168 (0x01ecb8b3) sltu    a7, s9, t5
core   0: 3 0x80002168 (0x01ecb8b3) x17 0x00000000
core   0: 0x8000216c (0x01c1c633) xor     a2, gp, t3
core   0: 3 0x8000216c (0x01c1c633) x12 0xe0d5fde2
core   0: 0x80002170 (0x01179193) slli    gp, a5, 17
core   0: 3 0x80002170 (0x01179193) x 3 0x9b7a0000
core   0: 0x80002174 (0x00aad613) srli    a2, s5, 10
core   0: 3 0x80002174 (0x00aad613) x12 0x00000000
core   0: 0x80002178 (0x8a870313) addi    t1, a4, -1880
core   0: 3 0x80002178 (0x8a870313) x 6 0x36f3f8a8
core   0: 0x8000217c (0xe0466097) auipc   ra, 0xe0466
core   0: 3 0x8000217c (0xe0466097) x 1 0x6046817c
core   0: 0x80002180 (0x00875613) srli    a2, a4, 8
core   0: 3 0x80002180 (0x00875613) x12 0x0036f400
core   0: 0x80002184 (0x01959613) slli    a2, a1, 25
core   0: 3 0x80002184 (0x01959613) x12 0x00000000
core   0: 0x80002188 (0x00ba4db3) xor     s11, s4, a1
core   0: 3 0x80002188 (0x00ba4db3) x27 0x00dbd53e
core   0: 0x8000218c (0x221e0913) addi    s2, t3, 545
core   0: 3 0x8000218c (0x221e0913) x18 0xe6fffef3
core   0: 0x80002190 (0x6b6eef13) ori     t5, t4, 1718
core   0: 3 0x80002190 (0x6b6eef13) x30 0x800006b6
core   0: 0x80002194 (0x4825b493) sltiu   s1, a1, 1154
core   0: 3 0x80002194 (0x4825b493) x 9 0x00000000
core   0: 0x80002198 (0x62fb49b7) lui     s3, 0x62fb4
core   0: 3 0x80002198 (0x62fb49b7) x19 0x62fb4000
core   0: 0x8000219c (0x34902a13) slti    s4, zero, 841
core   0: 3 0x8000219c (0x34902a13) x20 0x00000001
core   0: 0x800021a0 (0xbff24013) xori    zero, tp, -1025
core   0: 3 0x800021a0 (0xbff24013)
core   0: 0x800021a4 (0xdeabbd13) sltiu   s10, s7, -534
core   0: 3 0x800021a4 (0xdeabbd13) x26 0x00000001
core   0: 0x800021a8 (0x0040d4b3) srl     s1, ra, tp
core   0: 3 0x800021a8 (0x0040d4b3) x 9 0x00000060
core   0: 0x800021ac (0x01cdd033) srl     zero, s11, t3
core   0: 3 0x800021ac (0x01cdd033)
core   0: 0x800021b0 (0x0063b8b3) sltu    a7, t2, t1
core   0: 3 0x800021b0 (0x0063b8b3) x17 0x00000000
core   0: 0x800021b4 (0x00e39733) sll     a4, t2, a4
core   0: 3 0x800021b4 (0x00e39733) x14 0xfffffd24
core   0: 0x800021b8 (0xe3516597) auipc   a1, 0xe3516
core   0: 3 0x800021b8 (0xe3516597) x11 0x635181b8
core   0: 0x800021bc (0x016473b3) and     t2, s0, s6
core   0: 3 0x800021bc (0x016473b3) x 7 0x00000664
core   0: 0x800021c0 (0x013a7133) and     sp, s4, s3
core   0: 3 0x800021c0 (0x013a7133) x 2 0x00000000
core   0: 0x800021c4 (0x4a774a13) xori    s4, a4, 1191
core   0: 3 0x800021c4 (0x4a774a13) x20 0xfffff983
core   0: 0x800021c8 (0x0144e033) or      zero, s1, s4
core   0: 3 0x800021c8 (0x0144e033)
core   0: 0x800021cc (0x421ad137) lui     sp, 0x421ad
core   0: 3 0x800021cc (0x421ad137) x 2 0x421ad000
core   0: 0x800021d0 (0x01287fb3) and     t6, a6, s2
core   0: 3 0x800021d0 (0x01287fb3) x31 0x00000000
core   0: 0x800021d4 (0x183c0513) addi    a0, s8, 387
core   0: 3 0x800021d4 (0x183c0513) x10 0x00000184
core   0: 0x800021d8 (0x00000013) nop
core   0: 3 0x800021d8 (0x00000013)
core   0: 0x800021dc (0x815a4293) xori    t0, s4, -2027
core   0: 3 0x800021dc (0x815a4293) x 5 0x00000196
core   0: 0x800021e0 (0x5fe2ec13) ori     s8, t0, 1534
core   0: 3 0x800021e0 (0x5fe2ec13) x24 0x000005fe
core   0: 0x800021e4 (0x593dc013) xori    zero, s11, 1427
core   0: 3 0x800021e4 (0x593dc013)
core   0: 0x800021e8 (0x40a78db3) sub     s11, a5, a0
core   0: 3 0x800021e8 (0x40a78db3) x27 0x80014c39
core   0: 0x800021ec (0x3a206913) ori     s2, zero, 930
core   0: 3 0x800021ec (0x3a206913) x18 0x000003a2
core   0: 0x800021f0 (0x40480933) sub     s2, a6, tp
core   0: 3 0x800021f0 (0x40480933) x18 0x7ffeb428
core   0: 0x800021f4 (0x5fb77793) andi    a5, a4, 1531
core   0: 3 0x800021f4 (0x5fb77793) x15 0x00000520
core   0: 0x800021f8 (0x1c280693) addi    a3, a6, 450
core   0: 3 0x800021f8 (0x1c280693) x13 0x000001c2
core   0: 0x800021fc (0x10ddc793) xori    a5, s11, 269
core   0: 3 0x800021fc (0x10ddc793) x15 0x80014d34
core   0: 0x80002200 (0x1fd8e837) lui     a6, 0x1fd8e
core   0: 3 0x80002200 (0x1fd8e837) x16 0x1fd8e000
core   0: 0x80002204 (0x41075813) srai    a6, a4, 16
core   0: 3 0x80002204 (0x41075813) x16 0xffffffff
core   0: 0x80002208 (0xb82a8493) addi    s1, s5, -1150
core   0: 3 0x80002208 (0xb82a8493) x 9 0xfffffb82
core   0: 0x8000220c (0x00b0f033) and     zero, ra, a1
core   0: 3 0x8000220c (0x00b0f033)
core   0: 0x80002210 (0x40e2d113) srai    sp, t0, 14
core   0: 3 0x80002210 (0x40e2d113) x 2 0x00000000
core   0: 0x80002214 (0x00484a33) xor     s4, a6, tp
core   0: 3 0x80002214 (0x00484a33) x20 0x7ffeb427
core   0: 0x80002218 (0x0727f593) andi    a1, a5, 114
core   0: 3 0x80002218 (0x0727f593) x11 0x00000030
core   0: 0x8000221c (0x574c8893) addi    a7, s9, 1396
core   0: 3 0x8000221c (0x574c8893) x17 0x80015258
core   0: 0x80002220 (0x00609d33) sll     s10, ra, t1
core   0: 3 0x80002220 (0x00609d33) x26 0x46817c00
core   0: 0x80002224 (0x0015d7b3) srl     a5, a1, ra
core   0: 3 0x80002224 (0x0015d7b3) x15 0x00000000
core   0: 0x80002228 (0x01e09a93) slli    s5, ra, 30
core   0: 3 0x80002228 (0x01e09a93) x21 0x00000000
core   0: 0x8000222c (0x0b0c3d93) sltiu   s11, s8, 176
core   0: 3 0x8000222c (0x0b0c3d93) x27 0x00000000
core   0: 0x80002230 (0x00666db3) or      s11, a2, t1
core   0: 3 0x80002230 (0x00666db3) x27 0x36f3f8a8
core   0: 0x80002234 (0x018322b3) slt     t0, t1, s8
core   0: 3 0x80002234 (0x018322b3) x 5 0x00000000
core   0: 0x80002238 (0x402904b3) sub     s1, s2, sp
core   0: 3 0x80002238 (0x402904b3) x 9 0x7ffeb428
core   0: 0x8000223c (0x46f6c4b7) lui     s1, 0x46f6c
core   0: 3 0x8000223c (0x46f6c4b7) x 9 0x46f6c000
core   0: 0x80002240 (0x00e29393) slli    t2, t0, 14
core   0: 3 0x80002240 (0x00e29393) x 7 0x00000000
core   0: 0x80002244 (0x40c7da33) sra     s4, a5, a2
core   0: 3 0x80002244 (0x40c7da33) x20 0x00000000
core   0: 0x80002248 (0xea687637) lui     a2, 0xea687
core   0: 3 0x80002248 (0xea687637) x12 0xea687000
core   0: 0x8000224c (0x103bf713) andi    a4, s7, 259
core   0: 3 0x8000224c (0x103bf713) x14 0x00000000
core   0: 0x80002250 (0x414bdd33) sra     s10, s7, s4
core   0: 3 0x80002250 (0x414bdd33) x26 0x00000000
core   0: 0x80002254 (0x00fd2933) slt     s2, s10, a5
core   0: 3 0x80002254 (0x00fd2933) x18 0x00000000
core   0: 0x80002258 (0xf7c70b17) auipc   s6, 0xf7c70
core   0: 3 0x80002258 (0xf7c70b17) x22 0x77c72258
core   0: 0x8000225c (0x00c73db3) sltu    s11, a4, a2
core   0: 3 0x8000225c (0x00c73db3) x27 0x00000001
core   0: 0x80002260 (0x009fb333) sltu    t1, t6, s1
core   0: 3 0x80002260 (0x009fb333) x 6 0x00000001
core   0: 0x80002264 (0x3cbcf493) andi    s1, s9, 971
core   0: 3 0x80002264 (0x3cbcf493) x 9 0x000000c0
core   0: 0x80002268 (0x0160d8b3) srl     a7, ra, s6
core   0: 3 0x80002268 (0x0160d8b3) x17 0x00000060
core   0: 0x8000226c (0xe8a06f13) ori     t5, zero, -374
core   0: 3 0x8000226c (0xe8a06f13) x30 0xfffffe8a
core   0: 0x80002270 (0xc959c213) xori    tp, s3, -875
core   0: 3 0x80002270 (0xc959c213) x 4 0x9d04bc95
core   0: 0x80002274 (0x01a1cdb3) xor     s11, gp, s10
core   0: 3 0x80002274 (0x01a1cdb3) x27 0x9b7a0000
core   0: 0x80002278 (0x01f41113) slli    sp, s0, 31
core   0: 3 0x80002278 (0x01f41113) x 2 0x00000000
core   0: 0x8000227c (0x53708993) addi    s3, ra, 1335
core   0: 3 0x8000227c (0x53708993) x19 0x604686b3
core   0: 0x80002280 (0x7547e193) ori     gp, a5, 1876
core   0: 3 0x80002280 (0x7547e193) x 3 0x00000754
core   0: 0x80002284 (0x0199f7b3) and     a5, s3, s9
core   0: 3 0x80002284 (0x0199f7b3) x15 0x000004a0
core   0: 0x80002288 (0x412d8333) sub     t1, s11, s2
core   0: 3 0x80002288 (0x412d8333) x 6 0x9b7a0000
core   0: 0x8000228c (0xcfd6ea93) ori     s5, a3, -771
core   0: 3 0x8000228c (0xcfd6ea93) x21 0xfffffdff
core   0: 0x80002290 (0x010b0f33) add     t5, s6, a6
core   0: 3 0x80002290 (0x010b0f33) x30 0x77c72257
core   0: 0x80002294 (0x00000013) nop
core   0: 3 0x80002294 (0x00000013)
core   0: 0x80002298 (0xf18bf737) lui     a4, 0xf18bf
core   0: 3 0x80002298 (0xf18bf737) x14 0xf18bf000
core   0: 0x8000229c (0x00c0cfb3) xor     t6, ra, a2
core   0: 3 0x8000229c (0x00c0cfb3) x31 0x8a2ef17c
core   0: 0x800022a0 (0xf9dae693) ori     a3, s5, -99
core   0: 3 0x800022a0 (0xf9dae693) x13 0xffffffff
core   0: 0x800022a4 (0x01c9f033) and     zero, s3, t3
core   0: 3 0x800022a4 (0x01c9f033)
core   0: 0x800022a8 (0x004d5593) srli    a1, s10, 4
core   0: 3 0x800022a8 (0x004d5593) x11 0x00000000
core   0: 0x800022ac (0x005987b3) add     a5, s3, t0
core   0: 3 0x800022ac (0x005987b3) x15 0x604686b3
core   0: 0x800022b0 (0x18a33517) auipc   a0, 0x18a33
core   0: 3 0x800022b0 (0x18a33517) x10 0x98a352b0
core   0: 0x800022b4 (0x005c7e33) and     t3, s8, t0
core   0: 3 0x800022b4 (0x005c7e33) x28 0x00000000
core   0: 0x800022b8 (0x01981633) sll     a2, a6, s9
core   0: 3 0x800022b8 (0x01981633) x12 0xfffffff0
core   0: 0x800022bc (0x00b07933) and     s2, zero, a1
core   0: 3 0x800022bc (0x00b07933) x18 0x00000000
core   0: 0x800022c0 (0x925d2393) slti    t2, s10, -1755
core   0: 3 0x800022c0 (0x925d2393) x 7 0x00000000
core   0: 0x800022c4 (0x00e73f33) sltu    t5, a4, a4
core   0: 3 0x800022c4 (0x00e73f33) x30 0x00000000
core   0: 0x800022c8 (0x014a4833) xor     a6, s4, s4
core   0: 3 0x800022c8 (0x014a4833) x16 0x00000000
core   0: 0x800022cc (0x01b2cd33) xor     s10, t0, s11
core   0: 3 0x800022cc (0x01b2cd33) x26 0x9b7a0000
core   0: 0x800022d0 (0x68b53537) lui     a0, 0x68b53
core   0: 3 0x800022d0 (0x68b53537) x10 0x68b53000
core   0: 0x800022d4 (0x01079b13) slli    s6, a5, 16
core   0: 3 0x800022d4 (0x01079b13) x22 0x86b30000
core   0: 0x800022d8 (0x27212793) slti    a5, sp, 626
core   0: 3 0x800022d8 (0x27212793) x15 0x00000001
core   0: 0x800022dc (0x015edf33) srl     t5, t4, s5
core   0: 3 0x800022dc (0x015edf33) x30 0x00000001
core   0: 0x800022e0 (0x01753bb3) sltu    s7, a0, s7
core   0: 3 0x800022e0 (0x01753bb3) x23 0x00000000
core   0: 0x800022e4 (0x4053d9b3) sra     s3, t2, t0
core   0: 3 0x800022e4 (0x4053d9b3) x19 0x00000000
core   0: 0x800022e8 (0x407b88b3) sub     a7, s7, t2
core   0: 3 0x800022e8 (0x407b88b3) x17 0x00000000
core   0: 0x800022ec (0x01b872b3) and     t0, a6, s11
core   0: 3 0x800022ec (0x01b872b3) x 5 0x00000000
core   0: 0x800022f0 (0xd4a5f013) andi    zero, a1, -694
core   0: 3 0x800022f0 (0xd4a5f013)
core   0: 0x800022f4 (0x40c45db3) sra     s11, s0, a2
core   0: 3 0x800022f4 (0x40c45db3) x27 0xffff8001
core   0: 0x800022f8 (0x40775db3) sra     s11, a4, t2
core   0: 3 0x800022f8 (0x40775db3) x27 0xf18bf000
core   0: 0x800022fc (0x794e1517) auipc   a0, 0x794e1
core   0: 3 0x800022fc (0x794e1517) x10 0xf94e32fc
core   0: 0x80002300 (0x0d01de37) lui     t3, 0xd01d
core   0: 3 0x80002300 (0x0d01de37) x28 0x0d01d000
core   0: 0x80002304 (0x413f8c33) sub     s8, t6, s3
core   0: 3 0x80002304 (0x413f8c33) x24 0x8a2ef17c
core   0: 0x80002308 (0x0078a333) slt     t1, a7, t2
core   0: 3 0x80002308 (0x0078a333) x 6 0x00000000
core   0: 0x8000230c (0x01a89133) sll     sp, a7, s10
core   0: 3 0x8000230c (0x01a89133) x 2 0x00000000
core   0: 0x80002310 (0x5af57713) andi    a4, a0, 1455
core   0: 3 0x80002310 (0x5af57713) x14 0x000000ac
core   0: 0x80002314 (0x73ed8117) auipc   sp, 0x73ed8
core   0: 3 0x80002314 (0x73ed8117) x 2 0xf3eda314
core   0: 0x80002318 (0x004fa8b3) slt     a7, t6, tp
core   0: 3 0x80002318 (0x004fa8b3) x17 0x00000001
core   0: 0x8000231c (0x00e5f3b3) and     t2, a1, a4
core   0: 3 0x8000231c (0x00e5f3b3) x 7 0x00000000
core   0: 0x80002320 (0x0593cfb7) lui     t6, 0x593c
core   0: 3 0x80002320 (0x0593cfb7) x31 0x0593c000
core   0: 0x80002324 (0x5b096e13) ori     t3, s2, 1456
core   0: 3 0x80002324 (0x5b096e13) x28 0x000005b0
core   0: 0x80002328 (0x7f356813) ori     a6, a0, 2035
core   0: 3 0x80002328 (0x7f356813) x16 0xf94e37ff
core   0: 0x8000232c (0x404a0333) sub     t1, s4, tp
core   0: 3 0x8000232c (0x404a0333) x 6 0x62fb436b
core   0: 0x80002330 (0x41ded4b3) sra     s1, t4, t4
core   0: 3 0x80002330 (0x41ded4b3) x 9 0x80000000
core   0: 0x80002334 (0xe8ce4493) xori    s1, t3, -372
core   0: 3 0x80002334 (0xe8ce4493) x 9 0xfffffb3c
core   0: 0x80002338 (0x00ea5b13) srli    s6, s4, 14
core   0: 3 0x80002338 (0x00ea5b13) x22 0x00000000
core   0: 0x8000233c (0x26deed13) ori     s10, t4, 621
core   0: 3 0x8000233c (0x26deed13) x26 0x8000026d
core   0: 0x80002340 (0x2b7d37b7) lui     a5, 0x2b7d3
core   0: 3 0x80002340 (0x2b7d37b7) x15 0x2b7d3000
core   0: 0x80002344 (0x21da0893) addi    a7, s4, 541
core   0: 3 0x80002344 (0x21da0893) x17 0x0000021d
core   0: 0x80002348 (0x754f6c17) auipc   s8, 0x754f6
core   0: 3 0x80002348 (0x754f6c17) x24 0xf54f8348
core   0: 0x8000234c (0xb6d4fd93) andi    s11, s1, -1171
core   0: 3 0x8000234c (0xb6d4fd93) x27 0xfffffb2c
core   0: 0x80002350 (0x6adab617) auipc   a2, 0x6adab
core   0: 3 0x80002350 (0x6adab617) x12 0xeadad350
core   0: 0x80002354 (0x00c1cd33) xor     s10, gp, a2
core   0: 3 0x80002354 (0x00c1cd33) x26 0xeadad404
core   0: 0x80002358 (0x5e26f693) andi    a3, a3, 1506
core   0: 3 0x80002358 (0x5e26f693) x13 0x000005e2
core   0: 0x8000235c (0x005cdf33) srl     t5, s9, t0
core   0: 3 0x8000235c (0x005cdf33) x30 0x80014ce4
core   0: 0x80002360 (0x46f63793) sltiu   a5, a2, 1135
core   0: 3 0x80002360 (0x46f63793) x15 0x00000000
core   0: 0x80002364 (0x1345c393) xori    t2, a1, 308
core   0: 3 0x80002364 (0x1345c393) x 7 0x00000134
core   0: 0x80002368 (0x01695d33) srl     s10, s2, s6
core   0: 3 0x80002368 (0x01695d33) x26 0x00000000
core   0: 0x8000236c (0x4145dd13) srai    s10, a1, 20
core   0: 3 0x8000236c (0x4145dd13) x26 0x00000000
core   0: 0x80002370 (0x00ace2b3) or      t0, s9, a0
core   0: 3 0x80002370 (0x00ace2b3) x 5 0xf94f7efc
core   0: 0x80002374 (0x44fb7713) andi    a4, s6, 1103
core   0: 3 0x80002374 (0x44fb7713) x14 0x00000000
core   0: 0x80002378 (0x40e15013) srai    zero, sp, 14
core   0: 3 0x80002378 (0x40e15013)
core   0: 0x8000237c (0x40c5d093) srai    ra, a1, 12
core   0: 3 0x8000237c (0x40c5d093) x 1 0x00000000
core   0: 0x80002380 (0x88f4ca13) xori    s4, s1, -1905
core   0: 3 0x80002380 (0x88f4ca13) x20 0x000003b3
core   0: 0x80002384 (0x52800b17) auipc   s6, 0x52800
core   0: 3 0x80002384 (0x52800b17) x22 0xd2802384
core   0: 0x80002388 (0xc0ae3913) sltiu   s2, t3, -1014
core   0: 3 0x80002388 (0xc0ae3913) x18 0x00000001
core   0: 0x8000238c (0x4125d593) srai    a1, a1, 18
core   0: 3 0x8000238c (0x4125d593) x11 0x00000000
core   0: 0x80002390 (0x01195113) srli    sp, s2, 17
core   0: 3 0x80002390 (0x01195113) x 2 0x00000000
core   0: 0x80002394 (0xe1b4b893) sltiu   a7, s1, -485
core   0: 3 0x80002394 (0xe1b4b893) x17 0x00000001
core   0: 0x80002398 (0x410c0b33) sub     s6, s8, a6
core   0: 3 0x80002398 (0x410c0b33) x22 0xfc014b49
core   0: 0x8000239c (0x40b4d493) srai    s1, s1, 11
core   0: 3 0x8000239c (0x40b4d493) x 9 0xffffffff
core   0: 0x800023a0 (0x0129b033) sltu    zero, s3, s2
core   0: 3 0x800023a0 (0x0129b033)
core   0: 0x800023a4 (0x0180e2b3) or      t0, ra, s8
core   0: 3 0x800023a4 (0x0180e2b3) x 5 0xf54f8348
core   0: 0x800023a8 (0x019848b3) xor     a7, a6, s9
core   0: 3 0x800023a8 (0x019848b3) x17 0x794f7b1b
core   0: 0x800023ac (0x01a0cab3) xor     s5, ra, s10
core   0: 3 0x800023ac (0x01a0cab3) x21 0x00000000
core   0: 0x800023b0 (0x7972cd93) xori    s11, t0, 1943
core   0: 3 0x800023b0 (0x7972cd93) x27 0xf54f84df
core   0: 0x800023b4 (0x010f6133) or      sp, t5, a6
core   0: 3 0x800023b4 (0x010f6133) x 2 0xf94f7fff
core   0: 0x800023b8 (0x9235b313) sltiu   t1, a1, -1757
core   0: 3 0x800023b8 (0x9235b313) x 6 0x00000001
core   0: 0x800023bc (0x41aad033) sra     zero, s5, s10
core   0: 3 0x800023bc (0x41aad033)
core   0: 0x800023c0 (0x55d9b3b7) lui     t2, 0x55d9b
core   0: 3 0x800023c0 (0x55d9b3b7) x 7 0x55d9b000
core   0: 0x800023c4 (0xaea0c393) xori    t2, ra, -1302
core   0: 3 0x800023c4 (0xaea0c393) x 7 0xfffffaea
core   0: 0x800023c8 (0x00000013) nop
core   0: 3 0x800023c8 (0x00000013)
core   0: 0x800023cc (0x41eada13) srai    s4, s5, 30
core   0: 3 0x800023cc (0x41eada13) x20 0x00000000
core   0: 0x800023d0 (0x41a35c13) srai    s8, t1, 26
core   0: 3 0x800023d0 (0x41a35c13) x24 0x00000000
core   0: 0x800023d4 (0x000b5893) srli    a7, s6, 0
core   0: 3 0x800023d4 (0x000b5893) x17 0xfc014b49
core   0: 0x800023d8 (0x838ced93) ori     s11, s9, -1992
core   0: 3 0x800023d8 (0x838ced93) x27 0xfffffcfc
core   0: 0x800023dc (0x00000013) nop
core   0: 3 0x800023dc (0x00000013)
core   0: 0x800023e0 (0x409b06b3) sub     a3, s6, s1
core   0: 3 0x800023e0 (0x409b06b3) x13 0xfc014b4a
core   0: 0x800023e4 (0x00000293) li      t0, 0
core   0: 3 0x800023e4 (0x00000293) x 5 0x00000000
core   0: 0x800023e8 (0x80000737) lui     a4, 0x80000
core   0: 3 0x800023e8 (0x80000737) x14 0x80000000
core   0: 0x800023ec (0xfff00a93) li      s5, -1
core   0: 3 0x800023ec (0xfff00a93) x21 0xffffffff
core   0: 0x800023f0 (0xfff00793) li      a5, -1
core   0: 3 0x800023f0 (0xfff00793) x15 0xffffffff
core   0: 0x800023f4 (0x00000513) li      a0, 0
core   0: 3 0x800023f4 (0x00000513) x10 0x00000000
core   0: 0x800023f8 (0x80000c37) lui     s8, 0x80000
core   0: 3 0x800023f8 (0x80000c37) x24 0x80000000
core   0: 0x800023fc (0x00000893) li      a7, 0
core   0: 3 0x800023fc (0x00000893) x17 0x00000000
core   0: 0x80002400 (0x800000b7) lui     ra, 0x80000
core   0: 3 0x80002400 (0x800000b7) x 1 0x80000000
core   0: 0x80002404 (0xfff00493) li      s1, -1
core   0: 3 0x80002404 (0xfff00493) x 9 0xffffffff
core   0: 0x80002408 (0x00000e13) li      t3, 0
core   0: 3 0x80002408 (0x00000e13) x28 0x00000000
core   0: 0x8000240c (0x63bfe537) lui     a0, 0x63bfe
core   0: 3 0x8000240c (0x63bfe537) x10 0x63bfe000
core   0: 0x80002410 (0x07546897) auipc   a7, 0x7546
core   0: 3 0x80002410 (0x07546897) x17 0x87548410
core   0: 0x80002414 (0x00f08ab3) add     s5, ra, a5
core   0: 3 0x80002414 (0x00f08ab3) x21 0x7fffffff
core   0: 0x80002418 (0x4d6a7c37) lui     s8, 0x4d6a7
core   0: 3 0x80002418 (0x4d6a7c37) x24 0x4d6a7000
core   0: 0x8000241c (0x20ebac17) auipc   s8, 0x20eba
core   0: 3 0x8000241c (0x20ebac17) x24 0xa0ebc41c
core   0: 0x80002420 (0x94446517) auipc   a0, 0x94446
core   0: 3 0x80002420 (0x94446517) x10 0x14448420
core   0: 0x80002424 (0xc8af00b7) lui     ra, 0xc8af0
core   0: 3 0x80002424 (0xc8af00b7) x 1 0xc8af0000
core   0: 0x80002428 (0x00000013) nop
core   0: 3 0x80002428 (0x00000013)
core   0: 0x8000242c (0x401c0733) sub     a4, s8, ra
core   0: 3 0x8000242c (0x401c0733) x14 0xd83cc41c
core   0: 0x80002430 (0xf0be0713) addi    a4, t3, -245
core   0: 3 0x80002430 (0xf0be0713) x14 0xffffff0b
core   0: 0x80002434 (0x018e04b3) add     s1, t3, s8
core   0: 3 0x80002434 (0x018e04b3) x 9 0xa0ebc41c
core   0: 0x80002438 (0x00f50533) add     a0, a0, a5
core   0: 3 0x80002438 (0x00f50533) x10 0x1444841f
core   0: 0x8000243c (0x41578e33) sub     t3, a5, s5
core   0: 3 0x8000243c (0x41578e33) x28 0x80000000
core   0: 0x80002440 (0x23215e17) auipc   t3, 0x23215
core   0: 3 0x80002440 (0x23215e17) x28 0xa3217440
core   0: 0x80002444 (0x5fdf0737) lui     a4, 0x5fdf0
core   0: 3 0x80002444 (0x5fdf0737) x14 0x5fdf0000
core   0: 0x80002448 (0x09448893) addi    a7, s1, 148
core   0: 3 0x80002448 (0x09448893) x17 0xa0ebc4b0
core   0: 0x8000244c (0x011e0ab3) add     s5, t3, a7
core   0: 3 0x8000244c (0x011e0ab3) x21 0x440d38f0
core   0: 0x80002450 (0x01e39513) slli    a0, t2, 30
core   0: 3 0x80002450 (0x01e39513) x10 0x80000000
core   0: 0x80002454 (0x4a81ac13) slti    s8, gp, 1192
core   0: 3 0x80002454 (0x4a81ac13) x24 0x00000000
core   0: 0x80002458 (0xa4a48037) lui     zero, 0xa4a48
core   0: 3 0x80002458 (0xa4a48037)
core   0: 0x8000245c (0x80eafe13) andi    t3, s5, -2034
core   0: 3 0x8000245c (0x80eafe13) x28 0x440d3800
core   0: 0x80002460 (0x01a5ebb3) or      s7, a1, s10
core   0: 3 0x80002460 (0x01a5ebb3) x23 0x00000000
core   0: 0x80002464 (0x38807d97) auipc   s11, 0x38807
core   0: 3 0x80002464 (0x38807d97) x27 0xb8809464
core   0: 0x80002468 (0x006886b3) add     a3, a7, t1
core   0: 3 0x80002468 (0x006886b3) x13 0xa0ebc4b1
core   0: 0x8000246c (0xb181e693) ori     a3, gp, -1256
core   0: 3 0x8000246c (0xb181e693) x13 0xffffff5c
core   0: 0x80002470 (0x01715f13) srli    t5, sp, 23
core   0: 3 0x80002470 (0x01715f13) x30 0x000001f2
core   0: 0x80002474 (0xcc03c893) xori    a7, t2, -832
core   0: 3 0x80002474 (0xcc03c893) x17 0x0000062a
core   0: 0x80002478 (0x00000013) nop
core   0: 3 0x80002478 (0x00000013)
core   0: 0x8000247c (0x4003d533) sra     a0, t2, zero
core   0: 3 0x8000247c (0x4003d533) x10 0xfffffaea
core   0: 0x80002480 (0x00bf3fb3) sltu    t6, t5, a1
core   0: 3 0x80002480 (0x00bf3fb3) x31 0x00000000
core   0: 0x80002484 (0x40fc5e33) sra     t3, s8, a5
core   0: 3 0x80002484 (0x40fc5e33) x28 0x00000000
core   0: 0x80002488 (0x5b9a7313) andi    t1, s4, 1465
core   0: 3 0x80002488 (0x5b9a7313) x 6 0x00000000
core   0: 0x8000248c (0xc318b013) sltiu   zero, a7, -975
core   0: 3 0x8000248c (0xc318b013)
core   0: 0x80002490 (0x013a83b3) add     t2, s5, s3
core   0: 3 0x80002490 (0x013a83b3) x 7 0x440d38f0
core   0: 0x80002494 (0xc0782a93) slti    s5, a6, -1017
core   0: 3 0x80002494 (0xc0782a93) x21 0x00000001
core   0: 0x80002498 (0x011a0733) add     a4, s4, a7
core   0: 3 0x80002498 (0x011a0733) x14 0x0000062a
core   0: 0x8000249c (0x7b6462b7) lui     t0, 0x7b646
core   0: 3 0x8000249c (0x7b6462b7) x 5 0x7b646000
core   0: 0x800024a0 (0x001a5a93) srli    s5, s4, 1
core   0: 3 0x800024a0 (0x001a5a93) x21 0x00000000
core   0: 0x800024a4 (0x00a05393) srli    t2, zero, 10
core   0: 3 0x800024a4 (0x00a05393) x 7 0x00000000
core   0: 0x800024a8 (0x40885113) srai    sp, a6, 8
core   0: 3 0x800024a8 (0x40885113) x 2 0xfff94e37
core   0: 0x800024ac (0x001370b3) and     ra, t1, ra
core   0: 3 0x800024ac (0x001370b3) x 1 0x00000000
core   0: 0x800024b0 (0x00bb84b3) add     s1, s7, a1
core   0: 3 0x800024b0 (0x00bb84b3) x 9 0x00000000
core   0: 0x800024b4 (0x7306b613) sltiu   a2, a3, 1840
core   0: 3 0x800024b4 (0x7306b613) x12 0x00000000
core   0: 0x800024b8 (0x006ebd33) sltu    s10, t4, t1
core   0: 3 0x800024b8 (0x006ebd33) x26 0x00000000
core   0: 0x800024bc (0x41190db3) sub     s11, s2, a7
core   0: 3 0x800024bc (0x41190db3) x27 0xfffff9d7
core   0: 0x800024c0 (0x00059d93) slli    s11, a1, 0
core   0: 3 0x800024c0 (0x00059d93) x27 0x00000000
core   0: 0x800024c4 (0x00cd3933) sltu    s2, s10, a2
core   0: 3 0x800024c4 (0x00cd3933) x18 0x00000000
core   0: 0x800024c8 (0x00bc5fb3) srl     t6, s8, a1
core   0: 3 0x800024c8 (0x00bc5fb3) x31 0x00000000
core   0: 0x800024cc (0x01219d13) slli    s10, gp, 18
core   0: 3 0x800024cc (0x01219d13) x26 0x1d500000
core   0: 0x800024d0 (0x401c51b3) sra     gp, s8, ra
core   0: 3 0x800024d0 (0x401c51b3) x 3 0x00000000
core   0: 0x800024d4 (0x72166c13) ori     s8, a2, 1825
core   0: 3 0x800024d4 (0x72166c13) x24 0x00000721
core   0: 0x800024d8 (0x0025f9b3) and     s3, a1, sp
core   0: 3 0x800024d8 (0x0025f9b3) x19 0x00000000
core   0: 0x800024dc (0x00512333) slt     t1, sp, t0
core   0: 3 0x800024dc (0x00512333) x 6 0x00000001
core   0: 0x800024e0 (0x11dc2893) slti    a7, s8, 285
core   0: 3 0x800024e0 (0x11dc2893) x17 0x00000000
core   0: 0x800024e4 (0xff077093) andi    ra, a4, -16
core   0: 3 0x800024e4 (0xff077093) x 1 0x00000620
core   0: 0x800024e8 (0x00a69693) slli    a3, a3, 10
core   0: 3 0x800024e8 (0x00a69693) x13 0xfffd7000
core   0: 0x800024ec (0x01fa4d33) xor     s10, s4, t6
core   0: 3 0x800024ec (0x01fa4d33) x26 0x00000000
core   0: 0x800024f0 (0x405bdd93) srai    s11, s7, 5
core   0: 3 0x800024f0 (0x405bdd93) x27 0x00000000
core   0: 0x800024f4 (0x1d5f6e17) auipc   t3, 0x1d5f6
core   0: 3 0x800024f4 (0x1d5f6e17) x28 0x9d5f84f4
core   0: 0x800024f8 (0x749e6e13) ori     t3, t3, 1865
core   0: 3 0x800024f8 (0x749e6e13) x28 0x9d5f87fd
core   0: 0x800024fc (0x0176bdb3) sltu    s11, a3, s7
core   0: 3 0x800024fc (0x0176bdb3) x27 0x00000000
core   0: 0x80002500 (0x41e1d933) sra     s2, gp, t5
core   0: 3 0x80002500 (0x41e1d933) x18 0x00000000
core   0: 0x80002504 (0x01862db3) slt     s11, a2, s8
core   0: 3 0x80002504 (0x01862db3) x27 0x00000001
core   0: 0x80002508 (0x0161d613) srli    a2, gp, 22
core   0: 3 0x80002508 (0x0161d613) x12 0x00000000
core   0: 0x8000250c (0x84693093) sltiu   ra, s2, -1978
core   0: 3 0x8000250c (0x84693093) x 1 0x00000001
core   0: 0x80002510 (0x41b35593) srai    a1, t1, 27
core   0: 3 0x80002510 (0x41b35593) x11 0x00000000
core   0: 0x80002514 (0x40bad2b3) sra     t0, s5, a1
core   0: 3 0x80002514 (0x40bad2b3) x 5 0x00000000
core   0: 0x80002518 (0x000ef1b3) and     gp, t4, zero
core   0: 3 0x80002518 (0x000ef1b3) x 3 0x00000000
core   0: 0x8000251c (0x019a5713) srli    a4, s4, 25
core   0: 3 0x8000251c (0x019a5713) x14 0x00000000
core   0: 0x80002520 (0x01787733) and     a4, a6, s7
core   0: 3 0x80002520 (0x01787733) x14 0x00000000
core   0: 0x80002524 (0x00263833) sltu    a6, a2, sp
core   0: 3 0x80002524 (0x00263833) x16 0x00000001
core   0: 0x80002528 (0x00ff74b3) and     s1, t5, a5
core   0: 3 0x80002528 (0x00ff74b3) x 9 0x000001f2
core   0: 0x8000252c (0x01daf6b3) and     a3, s5, t4
core   0: 3 0x8000252c (0x01daf6b3) x13 0x00000000
core   0: 0x80002530 (0x406c87b3) sub     a5, s9, t1
core   0: 3 0x80002530 (0x406c87b3) x15 0x80014ce3
core   0: 0x80002534 (0x00d29013) slli    zero, t0, 13
core   0: 3 0x80002534 (0x00d29013)
core   0: 0x80002538 (0x32430f13) addi    t5, t1, 804
core   0: 3 0x80002538 (0x32430f13) x30 0x00000325
core   0: 0x8000253c (0xad276293) ori     t0, a4, -1326
core   0: 3 0x8000253c (0xad276293) x 5 0xfffffad2
core   0: 0x80002540 (0x00000013) nop
core   0: 3 0x80002540 (0x00000013)
core   0: 0x80002544 (0x19708193) addi    gp, ra, 407
core   0: 3 0x80002544 (0x19708193) x 3 0x00000198
core   0: 0x80002548 (0x5f162d13) slti    s10, a2, 1521
core   0: 3 0x80002548 (0x5f162d13) x26 0x00000001
core   0: 0x8000254c (0x60f96817) auipc   a6, 0x60f96
core   0: 3 0x8000254c (0x60f96817) x16 0xe0f9854c
core   0: 0x80002550 (0x01661593) slli    a1, a2, 22
core   0: 3 0x80002550 (0x01661593) x11 0x00000000
core   0: 0x80002554 (0x41a65c33) sra     s8, a2, s10
core   0: 3 0x80002554 (0x41a65c33) x24 0x00000000
core   0: 0x80002558 (0x01483f33) sltu    t5, a6, s4
core   0: 3 0x80002558 (0x01483f33) x30 0x00000000
core   0: 0x8000255c (0x0796bd93) sltiu   s11, a3, 121
core   0: 3 0x8000255c (0x0796bd93) x27 0x00000001
core   0: 0x80002560 (0x00000013) nop
core   0: 3 0x80002560 (0x00000013)
core   0: 0x80002564 (0x00000013) nop
core   0: 3 0x80002564 (0x00000013)
core   0: 0x80002568 (0x013645b3) xor     a1, a2, s3
core   0: 3 0x80002568 (0x013645b3) x11 0x00000000
core   0: 0x8000256c (0x01ab2533) slt     a0, s6, s10
core   0: 3 0x8000256c (0x01ab2533) x10 0x00000001
core   0: 0x80002570 (0x045b7613) andi    a2, s6, 69
core   0: 3 0x80002570 (0x045b7613) x12 0x00000041
core   0: 0x80002574 (0x43917293) andi    t0, sp, 1081
core   0: 3 0x80002574 (0x43917293) x 5 0x00000431
core   0: 0x80002578 (0x000d2ab3) slt     s5, s10, zero
core   0: 3 0x80002578 (0x000d2ab3) x21 0x00000000
core   0: 0x8000257c (0x0002d133) srl     sp, t0, zero
core   0: 3 0x8000257c (0x0002d133) x 2 0x00000431
core   0: 0x80002580 (0xf2710d97) auipc   s11, 0xf2710
core   0: 3 0x80002580 (0xf2710d97) x27 0x72712580
core   0: 0x80002584 (0xa5736c13) ori     s8, t1, -1449
core   0: 3 0x80002584 (0xa5736c13) x24 0xfffffa57
core   0: 0x80002588 (0x01bf8033) add     zero, t6, s11
core   0: 3 0x80002588 (0x01bf8033)
core   0: 0x8000258c (0x41b65393) srai    t2, a2, 27
core   0: 3 0x8000258c (0x41b65393) x 7 0x00000000
core   0: 0x80002590 (0x993b8093) addi    ra, s7, -1645
core   0: 3 0x80002590 (0x993b8093) x 1 0xfffff993
core   0: 0x80002594 (0x0181e6b3) or      a3, gp, s8
core   0: 3 0x80002594 (0x0181e6b3) x13 0xfffffbdf
core   0: 0x80002598 (0x01b372b3) and     t0, t1, s11
core   0: 3 0x80002598 (0x01b372b3) x 5 0x00000000
core   0: 0x8000259c (0x018455b3) srl     a1, s0, s8
core   0: 3 0x8000259c (0x018455b3) x11 0x00000100
core   0: 0x800025a0 (0x40ba0f33) sub     t5, s4, a1
core   0: 3 0x800025a0 (0x40ba0f33) x30 0xffffff00
core   0: 0x800025a4 (0x00fc67b3) or      a5, s8, a5
core   0: 3 0x800025a4 (0x00fc67b3) x15 0xfffffef7
core   0: 0x800025a8 (0x6695b093) sltiu   ra, a1, 1641
core   0: 3 0x800025a8 (0x6695b093) x 1 0x00000001
core   0: 0x800025ac (0x002712b3) sll     t0, a4, sp
core   0: 3 0x800025ac (0x002712b3) x 5 0x00000000
core   0: 0x800025b0 (0x01e2a1b3) slt     gp, t0, t5
core   0: 3 0x800025b0 (0x01e2a1b3) x 3 0x00000000
core   0: 0x800025b4 (0x01946633) or      a2, s0, s9
core   0: 3 0x800025b4 (0x01946633) x12 0x80014ee4
core   0: 0x800025b8 (0xc1c5ad93) slti    s11, a1, -996
core   0: 3 0x800025b8 (0xc1c5ad93) x27 0x00000000
core   0: 0x800025bc (0x58f73493) sltiu   s1, a4, 1423
core   0: 3 0x800025bc (0x58f73493) x 9 0x00000001
core   0: 0x800025c0 (0x4e3fc9b7) lui     s3, 0x4e3fc
core   0: 3 0x800025c0 (0x4e3fc9b7) x19 0x4e3fc000
core   0: 0x800025c4 (0x003375b3) and     a1, t1, gp
core   0: 3 0x800025c4 (0x003375b3) x11 0x00000000
core   0: 0x800025c8 (0x5c83cc13) xori    s8, t2, 1480
core   0: 3 0x800025c8 (0x5c83cc13) x24 0x000005c8
core   0: 0x800025cc (0xbed44b13) xori    s6, s0, -1043
core   0: 3 0x800025cc (0xbed44b13) x22 0x7ffef589
core   0: 0x800025d0 (0x01805633) srl     a2, zero, s8
core   0: 3 0x800025d0 (0x01805633) x12 0x00000000
core   0: 0x800025d4 (0x018a1013) slli    zero, s4, 24
core   0: 3 0x800025d4 (0x018a1013)
core   0: 0x800025d8 (0x01fb2e33) slt     t3, s6, t6
core   0: 3 0x800025d8 (0x01fb2e33) x28 0x00000000
core   0: 0x800025dc (0x61858d13) addi    s10, a1, 1560
core   0: 3 0x800025dc (0x61858d13) x26 0x00000618
core   0: 0x800025e0 (0x01c23fb3) sltu    t6, tp, t3
core   0: 3 0x800025e0 (0x01c23fb3) x31 0x00000000
core   0: 0x800025e4 (0x788dfe17) auipc   t3, 0x788df
core   0: 3 0x800025e4 (0x788dfe17) x28 0xf88e15e4
core   0: 0x800025e8 (0xbcc0f7b7) lui     a5, 0xbcc0f
core   0: 3 0x800025e8 (0xbcc0f7b7) x15 0xbcc0f000
core   0: 0x800025ec (0x00000013) nop
core   0: 3 0x800025ec (0x00000013)
core   0: 0x800025f0 (0x41a28133) sub     sp, t0, s10
core   0: 3 0x800025f0 (0x41a28133) x 2 0xfffff9e8
core   0: 0x800025f4 (0x01105a93) srli    s5, zero, 17
core   0: 3 0x800025f4 (0x01105a93) x21 0x00000000
core   0: 0x800025f8 (0x00b402b3) add     t0, s0, a1
core   0: 3 0x800025f8 (0x00b402b3) x 5 0x80010e64
core   0: 0x800025fc (0x41afd633) sra     a2, t6, s10
core   0: 3 0x800025fc (0x41afd633) x12 0x00000000
core   0: 0x80002600 (0x00d1ef33) or      t5, gp, a3
core   0: 3 0x80002600 (0x00d1ef33) x30 0xfffffbdf
core   0: 0x80002604 (0x0120c6b3) xor     a3, ra, s2
core   0: 3 0x80002604 (0x0120c6b3) x13 0x00000001
core   0: 0x80002608 (0x00ca8233) add     tp, s5, a2
core   0: 3 0x80002608 (0x00ca8233) x 4 0x00000000
core   0: 0x8000260c (0x69f58093) addi    ra, a1, 1695
core   0: 3 0x8000260c (0x69f58093) x 1 0x0000069f
core   0: 0x80002610 (0x010b1793) slli    a5, s6, 16
core   0: 3 0x80002610 (0x010b1793) x15 0xf5890000
core   0: 0x80002614 (0x00f44d33) xor     s10, s0, a5
core   0: 3 0x80002614 (0x00f44d33) x26 0x75880e64
core   0: 0x80002618 (0x01ec9ab3) sll     s5, s9, t5
core   0: 3 0x80002618 (0x01ec9ab3) x21 0x00000000
core   0: 0x8000261c (0x0016a933) slt     s2, a3, ra
core   0: 3 0x8000261c (0x0016a933) x18 0x00000001
core   0: 0x80002620 (0xad4c37b7) lui     a5, 0xad4c3
core   0: 3 0x80002620 (0xad4c37b7) x15 0xad4c3000
core   0: 0x80002624 (0x00000013) nop
core   0: 3 0x80002624 (0x00000013)
core   0: 0x80002628 (0x004f27b3) slt     a5, t5, tp
core   0: 3 0x80002628 (0x004f27b3) x15 0x00000001
core   0: 0x8000262c (0x61f73013) sltiu   zero, a4, 1567
core   0: 3 0x8000262c (0x61f73013)
core   0: 0x80002630 (0x16fdfd93) andi    s11, s11, 367
core   0: 3 0x80002630 (0x16fdfd93) x27 0x00000000
core   0: 0x80002634 (0x404ebf93) sltiu   t6, t4, 1028
core   0: 3 0x80002634 (0x404ebf93) x31 0x00000000
core   0: 0x80002638 (0x40575213) srai    tp, a4, 5
core   0: 3 0x80002638 (0x40575213) x 4 0x00000000
core   0: 0x8000263c (0x00602733) slt     a4, zero, t1
core   0: 3 0x8000263c (0x00602733) x14 0x00000001
core   0: 0x80002640 (0x008c13b3) sll     t2, s8, s0
core   0: 3 0x80002640 (0x008c13b3) x 7 0x00005c80
core   0: 0x80002644 (0x00000013) nop
core   0: 3 0x80002644 (0x00000013)
core   0: 0x80002648 (0x01f05b93) srli    s7, zero, 31
core   0: 3 0x80002648 (0x01f05b93) x23 0x00000000
core   0: 0x8000264c (0x415c0b33) sub     s6, s8, s5
core   0: 3 0x8000264c (0x415c0b33) x22 0x000005c8
core   0: 0x80002650 (0x0199b7b3) sltu    a5, s3, s9
core   0: 3 0x80002650 (0x0199b7b3) x15 0x00000001
core   0: 0x80002654 (0x0070b8b3) sltu    a7, ra, t2
core   0: 3 0x80002654 (0x0070b8b3) x17 0x00000001
core   0: 0x80002658 (0x04994113) xori    sp, s2, 73
core   0: 3 0x80002658 (0x04994113) x 2 0x00000048
core   0: 0x8000265c (0x8f1cc5b7) lui     a1, 0x8f1cc
core   0: 3 0x8000265c (0x8f1cc5b7) x11 0x8f1cc000
core   0: 0x80002660 (0x01b4c6b3) xor     a3, s1, s11
core   0: 3 0x80002660 (0x01b4c6b3) x13 0x00000001
core   0: 0x80002664 (0x89706797) auipc   a5, 0x89706
core   0: 3 0x80002664 (0x89706797) x15 0x09708664
core   0: 0x80002668 (0x0022cfb3) xor     t6, t0, sp
core   0: 3 0x80002668 (0x0022cfb3) x31 0x80010e2c
core   0: 0x8000266c (0x52497a93) andi    s5, s2, 1316
core   0: 3 0x8000266c (0x52497a93) x21 0x00000000
core   0: 0x80002670 (0x014c1c13) slli    s8, s8, 20
core   0: 3 0x80002670 (0x014c1c13) x24 0x5c800000
core   0: 0x80002674 (0x896f5db7) lui     s11, 0x896f5
core   0: 3 0x80002674 (0x896f5db7) x27 0x896f5000
core   0: 0x80002678 (0x000d9a33) sll     s4, s11, zero
core   0: 3 0x80002678 (0x000d9a33) x20 0x896f5000
core   0: 0x8000267c (0x4103c993) xori    s3, t2, 1040
core   0: 3 0x8000267c (0x4103c993) x19 0x00005890
core   0: 0x80002680 (0x01152833) slt     a6, a0, a7
core   0: 3 0x80002680 (0x01152833) x16 0x00000000
core   0: 0x80002684 (0x012e27b3) slt     a5, t3, s2
core   0: 3 0x80002684 (0x012e27b3) x15 0x00000001
core   0: 0x80002688 (0x41f15933) sra     s2, sp, t6
core   0: 3 0x80002688 (0x41f15933) x18 0x00000000
core   0: 0x8000268c (0xcbfe2a93) slti    s5, t3, -833
core   0: 3 0x8000268c (0xcbfe2a93) x21 0x00000001
core   0: 0x80002690 (0x015f2b33) slt     s6, t5, s5
core   0: 3 0x80002690 (0x015f2b33) x22 0x00000001
core   0: 0x80002694 (0x4161dd13) srai    s10, gp, 22
core   0: 3 0x80002694 (0x4161dd13) x26 0x00000000
core   0: 0x80002698 (0x007901b3) add     gp, s2, t2
core   0: 3 0x80002698 (0x007901b3) x 3 0x00005c80
core   0: 0x8000269c (0x004cb9b3) sltu    s3, s9, tp
core   0: 3 0x8000269c (0x004cb9b3) x19 0x00000000
core   0: 0x800026a0 (0x9c7f6713) ori     a4, t5, -1593
core   0: 3 0x800026a0 (0x9c7f6713) x14 0xfffffbdf
core   0: 0x800026a4 (0x00f51533) sll     a0, a0, a5
core   0: 3 0x800026a4 (0x00f51533) x10 0x00000002
core   0: 0x800026a8 (0x8151f693) andi    a3, gp, -2027
core   0: 3 0x800026a8 (0x8151f693) x13 0x00005800
core   0: 0x800026ac (0x0115fab3) and     s5, a1, a7
core   0: 3 0x800026ac (0x0115fab3) x21 0x00000000
core   0: 0x800026b0 (0x41fc5ab3) sra     s5, s8, t6
core   0: 3 0x800026b0 (0x41fc5ab3) x21 0x0005c800
core   0: 0x800026b4 (0x00f30033) add     zero, t1, a5
core   0: 3 0x800026b4 (0x00f30033)
core   0: 0x800026b8 (0x0083d833) srl     a6, t2, s0
core   0: 3 0x800026b8 (0x0083d833) x16 0x000005c8
core   0: 0x800026bc (0x00000013) nop
core   0: 3 0x800026bc (0x00000013)
core   0: 0x800026c0 (0x26bb7d93) andi    s11, s6, 619
core   0: 3 0x800026c0 (0x26bb7d93) x27 0x00000001
core   0: 0x800026c4 (0x89362297) auipc   t0, 0x89362
core   0: 3 0x800026c4 (0x89362297) x 5 0x093646c4
core   0: 0x800026c8 (0x2baef013) andi    zero, t4, 698
core   0: 3 0x800026c8 (0x2baef013)
core   0: 0x800026cc (0x2f533a37) lui     s4, 0x2f533
core   0: 3 0x800026cc (0x2f533a37) x20 0x2f533000
core   0: 0x800026d0 (0x83d24393) xori    t2, tp, -1987
core   0: 3 0x800026d0 (0x83d24393) x 7 0xfffff83d
core   0: 0x800026d4 (0xdd636f93) ori     t6, t1, -554
core   0: 3 0x800026d4 (0xdd636f93) x31 0xfffffdd7
core   0: 0x800026d8 (0x9cdee213) ori     tp, t4, -1587
core   0: 3 0x800026d8 (0x9cdee213) x 4 0xfffff9cd
core   0: 0x800026dc (0x01b79613) slli    a2, a5, 27
core   0: 3 0x800026dc (0x01b79613) x12 0x08000000
core   0: 0x800026e0 (0xae864893) xori    a7, a2, -1304
core   0: 3 0x800026e0 (0xae864893) x17 0xf7fffae8
core   0: 0x800026e4 (0x6a907093) andi    ra, zero, 1705
core   0: 3 0x800026e4 (0x6a907093) x 1 0x00000000
core   0: 0x800026e8 (0x0f623093) sltiu   ra, tp, 246
core   0: 3 0x800026e8 (0x0f623093) x 1 0x00000000
core   0: 0x800026ec (0x009d8133) add     sp, s11, s1
core   0: 3 0x800026ec (0x009d8133) x 2 0x00000002
core   0: 0x800026f0 (0x01898f33) add     t5, s3, s8
core   0: 3 0x800026f0 (0x01898f33) x30 0x5c800000
core   0: 0x800026f4 (0x01d59c13) slli    s8, a1, 29
core   0: 3 0x800026f4 (0x01d59c13) x24 0x00000000
core   0: 0x800026f8 (0x00bbca33) xor     s4, s7, a1
core   0: 3 0x800026f8 (0x00bbca33) x20 0x8f1cc000
core   0: 0x800026fc (0x9cdeaf13) slti    t5, t4, -1587
core   0: 3 0x800026fc (0x9cdeaf13) x30 0x00000001
core   0: 0x80002700 (0x01839f33) sll     t5, t2, s8
core   0: 3 0x80002700 (0x01839f33) x30 0xfffff83d
core   0: 0x80002704 (0x017b0d33) add     s10, s6, s7
core   0: 3 0x80002704 (0x017b0d33) x26 0x00000001
core   0: 0x80002708 (0x01c9c2b3) xor     t0, s3, t3
core   0: 3 0x80002708 (0x01c9c2b3) x 5 0xf88e15e4
core   0: 0x8000270c (0x419e5bb3) sra     s7, t3, s9
core   0: 3 0x8000270c (0x419e5bb3) x23 0xff88e15e
core   0: 0x80002710 (0x79902237) lui     tp, 0x79902
core   0: 3 0x80002710 (0x79902237) x 4 0x79902000
core   0: 0x80002714 (0x8352f993) andi    s3, t0, -1995
core   0: 3 0x80002714 (0x8352f993) x19 0xf88e1024
core   0: 0x80002718 (0x01ac1c13) slli    s8, s8, 26
core   0: 3 0x80002718 (0x01ac1c13) x24 0x00000000
core   0: 0x8000271c (0x000c9a93) slli    s5, s9, 0
core   0: 3 0x8000271c (0x000c9a93) x21 0x80014ce4
core   0: 0x80002720 (0x1e200293) li      t0, 482
core   0: 3 0x80002720 (0x1e200293) x 5 0x000001e2
core   0: 0x80002724 (0x01530bb3) add     s7, t1, s5
core   0: 3 0x80002724 (0x01530bb3) x23 0x80014ce5
core   0: 0x80002728 (0x01b16f33) or      t5, sp, s11
core   0: 3 0x80002728 (0x01b16f33) x30 0x00000003
core   0: 0x8000272c (0x01457c33) and     s8, a0, s4
core   0: 3 0x8000272c (0x01457c33) x24 0x00000000
core   0: 0x80002730 (0x1330b693) sltiu   a3, ra, 307
core   0: 3 0x80002730 (0x1330b693) x13 0x00000001
core   0: 0x80002734 (0x40c484b3) sub     s1, s1, a2
core   0: 3 0x80002734 (0x40c484b3) x 9 0xf8000001
core   0: 0x80002738 (0xa4abc213) xori    tp, s7, -1462
core   0: 3 0x80002738 (0xa4abc213) x 4 0x7ffeb6af
core   0: 0x8000273c (0x8fa2a193) slti    gp, t0, -1798
core   0: 3 0x8000273c (0x8fa2a193) x 3 0x00000000
core   0: 0x80002740 (0x00920e33) add     t3, tp, s1
core   0: 3 0x80002740 (0x00920e33) x28 0x77feb6b0
core   0: 0x80002744 (0x41e85fb3) sra     t6, a6, t5
core   0: 3 0x80002744 (0x41e85fb3) x31 0x000000b9
core   0: 0x80002748 (0x0106d113) srli    sp, a3, 16
core   0: 3 0x80002748 (0x0106d113) x 2 0x00000000
core   0: 0x8000274c (0xbc4df813) andi    a6, s11, -1084
core   0: 3 0x8000274c (0xbc4df813) x16 0x00000000
core   0: 0x80002750 (0x40c98b33) sub     s6, s3, a2
core   0: 3 0x80002750 (0x40c98b33) x22 0xf08e1024
core   0: 0x80002754 (0x007b90b3) sll     ra, s7, t2
core   0: 3 0x80002754 (0x007b90b3) x 1 0xa0000000
core   0: 0x80002758 (0x400f05b3) sub     a1, t5, zero
core   0: 3 0x80002758 (0x400f05b3) x11 0x00000003
core   0: 0x8000275c (0x014f7333) and     t1, t5, s4
core   0: 3 0x8000275c (0x014f7333) x 6 0x00000000
core   0: 0x80002760 (0x008f5193) srli    gp, t5, 8
core   0: 3 0x80002760 (0x008f5193) x 3 0x00000000
core   0: 0x80002764 (0x01e2d7b3) srl     a5, t0, t5
core   0: 3 0x80002764 (0x01e2d7b3) x15 0x0000003c
core   0: 0x80002768 (0x00b17f33) and     t5, sp, a1
core   0: 3 0x80002768 (0x00b17f33) x30 0x00000000
core   0: 0x8000276c (0x01ab37b3) sltu    a5, s6, s10
core   0: 3 0x8000276c (0x01ab37b3) x15 0x00000000
core   0: 0x80002770 (0x41300233) sub     tp, zero, s3
core   0: 3 0x80002770 (0x41300233) x 4 0x0771efdc
core   0: 0x80002774 (0x413e5e33) sra     t3, t3, s3
core   0: 3 0x80002774 (0x413e5e33) x28 0x077feb6b
core   0: 0x80002778 (0x0011e533) or      a0, gp, ra
core   0: 3 0x80002778 (0x0011e533) x10 0xa0000000
core   0: 0x8000277c (0x01ef5293) srli    t0, t5, 30
core   0: 3 0x8000277c (0x01ef5293) x 5 0x00000000
core   0: 0x80002780 (0xe12b2c13) slti    s8, s6, -494
core   0: 3 0x80002780 (0xe12b2c13) x24 0x00000001
core   0: 0x80002784 (0xe6047613) andi    a2, s0, -416
core   0: 3 0x80002784 (0xe6047613) x12 0x80010e60
core   0: 0x80002788 (0x01dd5993) srli    s3, s10, 29
core   0: 3 0x80002788 (0x01dd5993) x19 0x00000000
core   0: 0x8000278c (0x00faeab3) or      s5, s5, a5
core   0: 3 0x8000278c (0x00faeab3) x21 0x80014ce4
core   0: 0x80002790 (0xac968913) addi    s2, a3, -1335
core   0: 3 0x80002790 (0xac968913) x18 0xfffffaca
core   0: 0x80002794 (0x40f90533) sub     a0, s2, a5
core   0: 3 0x80002794 (0x40f90533) x10 0xfffffaca
core   0: 0x80002798 (0x00801593) slli    a1, zero, 8
core   0: 3 0x80002798 (0x00801593) x11 0x00000000
core   0: 0x8000279c (0xae302197) auipc   gp, 0xae302
core   0: 3 0x8000279c (0xae302197) x 3 0x2e30479c
core   0: 0x800027a0 (0x01f33033) sltu    zero, t1, t6
core   0: 3 0x800027a0 (0x01f33033)
core   0: 0x800027a4 (0x01a89a13) slli    s4, a7, 26
core   0: 3 0x800027a4 (0x01a89a13) x20 0xa0000000
core   0: 0x800027a8 (0x01d09593) slli    a1, ra, 29
core   0: 3 0x800027a8 (0x01d09593) x11 0x00000000
core   0: 0x800027ac (0x00ec64b3) or      s1, s8, a4
core   0: 3 0x800027ac (0x00ec64b3) x 9 0xfffffbdf
core   0: 0x800027b0 (0x414b84b3) sub     s1, s7, s4
core   0: 3 0x800027b0 (0x414b84b3) x 9 0xe0014ce5
core   0: 0x800027b4 (0x0167db33) srl     s6, a5, s6
core   0: 3 0x800027b4 (0x0167db33) x22 0x00000000
core   0: 0x800027b8 (0x00de7c33) and     s8, t3, a3
core   0: 3 0x800027b8 (0x00de7c33) x24 0x00000001
core   0: 0x800027bc (0x002f9fb3) sll     t6, t6, sp
core   0: 3 0x800027bc (0x002f9fb3) x31 0x000000b9
core   0: 0x800027c0 (0x017b39b3) sltu    s3, s6, s7
core   0: 3 0x800027c0 (0x017b39b3) x19 0x00000001
core   0: 0x800027c4 (0x55096713) ori     a4, s2, 1360
core   0: 3 0x800027c4 (0x55096713) x14 0xffffffda
core   0: 0x800027c8 (0xbca2e113) ori     sp, t0, -1078
core   0: 3 0x800027c8 (0xbca2e113) x 2 0xfffffbca
core   0: 0x800027cc (0x002ffa33) and     s4, t6, sp
core   0: 3 0x800027cc (0x002ffa33) x20 0x00000088
core   0: 0x800027d0 (0x3ec0f137) lui     sp, 0x3ec0f
core   0: 3 0x800027d0 (0x3ec0f137) x 2 0x3ec0f000
core   0: 0x800027d4 (0x31720293) addi    t0, tp, 791
core   0: 3 0x800027d4 (0x31720293) x 5 0x0771f2f3
core   0: 0x800027d8 (0x6e904093) xori    ra, zero, 1769
core   0: 3 0x800027d8 (0x6e904093) x 1 0x000006e9
core   0: 0x800027dc (0x90dbc913) xori    s2, s7, -1779
core   0: 3 0x800027dc (0x90dbc913) x18 0x7ffeb5e8
core   0: 0x800027e0 (0xf622bd13) sltiu   s10, t0, -158
core   0: 3 0x800027e0 (0xf622bd13) x26 0x00000001
core   0: 0x800027e4 (0x00d47533) and     a0, s0, a3
core   0: 3 0x800027e4 (0x00d47533) x10 0x00000000
core   0: 0x800027e8 (0x00000013) nop
core   0: 3 0x800027e8 (0x00000013)
core   0: 0x800027ec (0x76f70c13) addi    s8, a4, 1903
core   0: 3 0x800027ec (0x76f70c13) x24 0x00000749
core   0: 0x800027f0 (0x004546b3) xor     a3, a0, tp
core   0: 3 0x800027f0 (0x004546b3) x13 0x0771efdc
core   0: 0x800027f4 (0x0194adb3) slt     s11, s1, s9
core   0: 3 0x800027f4 (0x0194adb3) x27 0x00000000
core   0: 0x800027f8 (0x2439ac17) auipc   s8, 0x2439a
core   0: 3 0x800027f8 (0x2439ac17) x24 0xa439c7f8
core   0: 0x800027fc (0x01390c33) add     s8, s2, s3
core   0: 3 0x800027fc (0x01390c33) x24 0x7ffeb5e9
core   0: 0x80002800 (0x00dbd513) srli    a0, s7, 13
core   0: 3 0x80002800 (0x00dbd513) x10 0x0004000a
core   0: 0x80002804 (0x00000013) nop
core   0: 3 0x80002804 (0x00000013)
core   0: 0x80002808 (0x4146de33) sra     t3, a3, s4
core   0: 3 0x80002808 (0x4146de33) x28 0x000771ef
core   0: 0x8000280c (0x011c36b3) sltu    a3, s8, a7
core   0: 3 0x8000280c (0x011c36b3) x13 0x00000001
core   0: 0x80002810 (0x09a66513) ori     a0, a2, 154
core   0: 3 0x80002810 (0x09a66513) x10 0x80010efa
core   0: 0x80002814 (0x00000013) nop
core   0: 3 0x80002814 (0x00000013)
core   0: 0x80002818 (0x00c00733) add     a4, zero, a2
core   0: 3 0x80002818 (0x00c00733) x14 0x80010e60
core   0: 0x8000281c (0x010e1f13) slli    t5, t3, 16
core   0: 3 0x8000281c (0x010e1f13) x30 0x71ef0000
core   0: 0x80002820 (0x009c5493) srli    s1, s8, 9
core   0: 3 0x80002820 (0x009c5493) x 9 0x003fff5a
core   0: 0x80002824 (0xe66c0213) addi    tp, s8, -410
core   0: 3 0x80002824 (0xe66c0213) x 4 0x7ffeb44f
core   0: 0x80002828 (0x01cddfb3) srl     t6, s11, t3
core   0: 3 0x80002828 (0x01cddfb3) x31 0x00000000
core   0: 0x8000282c (0x00000013) nop
core   0: 3 0x8000282c (0x00000013)
core   0: 0x80002830 (0xbbc84793) xori    a5, a6, -1092
core   0: 3 0x80002830 (0xbbc84793) x15 0xfffffbbc
core   0: 0x80002834 (0x006ea1b3) slt     gp, t4, t1
core   0: 3 0x80002834 (0x006ea1b3) x 3 0x00000001
core   0: 0x80002838 (0x99922293) slti    t0, tp, -1639
core   0: 3 0x80002838 (0x99922293) x 5 0x00000000
core   0: 0x8000283c (0x00321013) slli    zero, tp, 3
core   0: 3 0x8000283c (0x00321013)
core   0: 0x80002840 (0x01bcce33) xor     t3, s9, s11
core   0: 3 0x80002840 (0x01bcce33) x28 0x80014ce4
core   0: 0x80002844 (0xfa3f5997) auipc   s3, 0xfa3f5
core   0: 3 0x80002844 (0xfa3f5997) x19 0x7a3f7844
core   0: 0x80002848 (0x013bd5b3) srl     a1, s7, s3
core   0: 3 0x80002848 (0x013bd5b3) x11 0x080014ce
core   0: 0x8000284c (0xe1f3cc37) lui     s8, 0xe1f3c
core   0: 3 0x8000284c (0xe1f3cc37) x24 0xe1f3c000
core   0: 0x80002850 (0x01777f33) and     t5, a4, s7
core   0: 3 0x80002850 (0x01777f33) x30 0x80010c60
core   0: 0x80002854 (0x00f140b3) xor     ra, sp, a5
core   0: 3 0x80002854 (0x00f140b3) x 1 0xc13f0bbc
core   0: 0x80002858 (0x6767b993) sltiu   s3, a5, 1654
core   0: 3 0x80002858 (0x6767b993) x19 0x00000000
core   0: 0x8000285c (0x002828b3) slt     a7, a6, sp
core   0: 3 0x8000285c (0x002828b3) x17 0x00000001
core   0: 0x80002860 (0x416f5c33) sra     s8, t5, s6
core   0: 3 0x80002860 (0x416f5c33) x24 0x80010c60
core   0: 0x80002864 (0x40c1d713) srai    a4, gp, 12
core   0: 3 0x80002864 (0x40c1d713) x14 0x00000000
core   0: 0x80002868 (0x40175a93) srai    s5, a4, 1
core   0: 3 0x80002868 (0x40175a93) x21 0x00000000
core   0: 0x8000286c (0x0060f3b3) and     t2, ra, t1
core   0: 3 0x8000286c (0x0060f3b3) x 7 0x00000000
core   0: 0x80002870 (0x007fd133) srl     sp, t6, t2
core   0: 3 0x80002870 (0x007fd133) x 2 0x00000000
core   0: 0x80002874 (0x00339533) sll     a0, t2, gp
core   0: 3 0x80002874 (0x00339533) x10 0x00000000
core   0: 0x80002878 (0x05753b93) sltiu   s7, a0, 87
core   0: 3 0x80002878 (0x05753b93) x23 0x00000001
core   0: 0x8000287c (0x3345b717) auipc   a4, 0x3345b
core   0: 3 0x8000287c (0x3345b717) x14 0xb345d87c
core   0: 0x80002880 (0x00115d93) srli    s11, sp, 1
core   0: 3 0x80002880 (0x00115d93) x27 0x00000000
core   0: 0x80002884 (0x012a9bb3) sll     s7, s5, s2
core   0: 3 0x80002884 (0x012a9bb3) x23 0x00000000
core   0: 0x80002888 (0x1955ed13) ori     s10, a1, 405
core   0: 3 0x80002888 (0x1955ed13) x26 0x080015df
core   0: 0x8000288c (0x00a493b3) sll     t2, s1, a0
core   0: 3 0x8000288c (0x00a493b3) x 7 0x003fff5a
core   0: 0x80002890 (0x55e4ec13) ori     s8, s1, 1374
core   0: 3 0x80002890 (0x55e4ec13) x24 0x003fff5e
core   0: 0x80002894 (0x009b5333) srl     t1, s6, s1
core   0: 3 0x80002894 (0x009b5333) x 6 0x00000000
core   0: 0x80002898 (0x1ffb3093) sltiu   ra, s6, 511
core   0: 3 0x80002898 (0x1ffb3093) x 1 0x00000001
core   0: 0x8000289c (0xdbb92193) slti    gp, s2, -581
core   0: 3 0x8000289c (0xdbb92193) x 3 0x00000000
core   0: 0x800028a0 (0x56462a13) slti    s4, a2, 1380
core   0: 3 0x800028a0 (0x56462a13) x20 0x00000001
core   0: 0x800028a4 (0x01692d33) slt     s10, s2, s6
core   0: 3 0x800028a4 (0x01692d33) x26 0x00000000
core   0: 0x800028a8 (0x003dd5b3) srl     a1, s11, gp
core   0: 3 0x800028a8 (0x003dd5b3) x11 0x00000000
core   0: 0x800028ac (0x19503213) sltiu   tp, zero, 405
core   0: 3 0x800028ac (0x19503213) x 4 0x00000001
core   0: 0x800028b0 (0x01eb0633) add     a2, s6, t5
core   0: 3 0x800028b0 (0x01eb0633) x12 0x80010c60
core   0: 0x800028b4 (0x00075913) srli    s2, a4, 0
core   0: 3 0x800028b4 (0x00075913) x18 0xb345d87c
core   0: 0x800028b8 (0x01e29493) slli    s1, t0, 30
core   0: 3 0x800028b8 (0x01e29493) x 9 0x00000000
core   0: 0x800028bc (0x010dd033) srl     zero, s11, a6
core   0: 3 0x800028bc (0x010dd033)
core   0: 0x800028c0 (0x01ab2ab3) slt     s5, s6, s10
core   0: 3 0x800028c0 (0x01ab2ab3) x21 0x00000000
core   0: 0x800028c4 (0x01448b33) add     s6, s1, s4
core   0: 3 0x800028c4 (0x01448b33) x22 0x00000001
core   0: 0x800028c8 (0x99a81537) lui     a0, 0x99a81
core   0: 3 0x800028c8 (0x99a81537) x10 0x99a81000
core   0: 0x800028cc (0x3fd00493) li      s1, 1021
core   0: 3 0x800028cc (0x3fd00493) x 9 0x000003fd
core   0: 0x800028d0 (0x01859813) slli    a6, a1, 24
core   0: 3 0x800028d0 (0x01859813) x16 0x00000000
core   0: 0x800028d4 (0x00cfd193) srli    gp, t6, 12
core   0: 3 0x800028d4 (0x00cfd193) x 3 0x00000000
core   0: 0x800028d8 (0x7e990013) addi    zero, s2, 2025
core   0: 3 0x800028d8 (0x7e990013)
core   0: 0x800028dc (0x1aa38393) addi    t2, t2, 426
core   0: 3 0x800028dc (0x1aa38393) x 7 0x00400104
core   0: 0x800028e0 (0x013e7c33) and     s8, t3, s3
core   0: 3 0x800028e0 (0x013e7c33) x24 0x00000000
core   0: 0x800028e4 (0x016fcc33) xor     s8, t6, s6
core   0: 3 0x800028e4 (0x016fcc33) x24 0x00000001
core   0: 0x800028e8 (0x01154233) xor     tp, a0, a7
core   0: 3 0x800028e8 (0x01154233) x 4 0x99a81001
core   0: 0x800028ec (0x40c25a33) sra     s4, tp, a2
core   0: 3 0x800028ec (0x40c25a33) x20 0x99a81001
core   0: 0x800028f0 (0xb93f2193) slti    gp, t5, -1133
core   0: 3 0x800028f0 (0xb93f2193) x 3 0x00000001
core   0: 0x800028f4 (0x00fc1fb3) sll     t6, s8, a5
core   0: 3 0x800028f4 (0x00fc1fb3) x31 0x10000000
core   0: 0x800028f8 (0x005b9293) slli    t0, s7, 5
core   0: 3 0x800028f8 (0x005b9293) x 5 0x00000000
core   0: 0x800028fc (0x015785b3) add     a1, a5, s5
core   0: 3 0x800028fc (0x015785b3) x11 0xfffffbbc
core   0: 0x80002900 (0x0179f0b3) and     ra, s3, s7
core   0: 3 0x80002900 (0x0179f0b3) x 1 0x00000000
core   0: 0x80002904 (0x00c09233) sll     tp, ra, a2
core   0: 3 0x80002904 (0x00c09233) x 4 0x00000000
core   0: 0x80002908 (0x00359ab3) sll     s5, a1, gp
core   0: 3 0x80002908 (0x00359ab3) x21 0xfffff778
core   0: 0x8000290c (0xc503bb93) sltiu   s7, t2, -944
core   0: 3 0x8000290c (0xc503bb93) x23 0x00000001
core   0: 0x80002910 (0x2e33fd37) lui     s10, 0x2e33f
core   0: 3 0x80002910 (0x2e33fd37) x26 0x2e33f000
core   0: 0x80002914 (0x00000013) nop
core   0: 3 0x80002914 (0x00000013)
core   0: 0x80002918 (0x01159b93) slli    s7, a1, 17
core   0: 3 0x80002918 (0x01159b93) x23 0xf7780000
core   0: 0x8000291c (0x09ff55b7) lui     a1, 0x9ff5
core   0: 3 0x8000291c (0x09ff55b7) x11 0x09ff5000
core   0: 0x80002920 (0x00b82ab3) slt     s5, a6, a1
core   0: 3 0x80002920 (0x00b82ab3) x21 0x00000001
core   0: 0x80002924 (0x007378b3) and     a7, t1, t2
core   0: 3 0x80002924 (0x007378b3) x17 0x00000000
core   0: 0x80002928 (0x0eef3213) sltiu   tp, t5, 238
core   0: 3 0x80002928 (0x0eef3213) x 4 0x00000000
core   0: 0x8000292c (0x00f76833) or      a6, a4, a5
core   0: 3 0x8000292c (0x00f76833) x16 0xfffffbfc
core   0: 0x80002930 (0x01ecad33) slt     s10, s9, t5
core   0: 3 0x80002930 (0x01ecad33) x26 0x00000000
core   0: 0x80002934 (0x004692b3) sll     t0, a3, tp
core   0: 3 0x80002934 (0x004692b3) x 5 0x00000001
core   0: 0x80002938 (0x01de7ab3) and     s5, t3, t4
core   0: 3 0x80002938 (0x01de7ab3) x21 0x80000000
core   0: 0x8000293c (0x001feab3) or      s5, t6, ra
core   0: 3 0x8000293c (0x001feab3) x21 0x10000000
core   0: 0x80002940 (0x01b7a6b3) slt     a3, a5, s11
core   0: 3 0x80002940 (0x01b7a6b3) x13 0x00000001
core   0: 0x80002944 (0x009c8fb3) add     t6, s9, s1
core   0: 3 0x80002944 (0x009c8fb3) x31 0x800150e1
core   0: 0x80002948 (0xfff00993) li      s3, -1
core   0: 3 0x80002948 (0xfff00993) x19 0xffffffff
core   0: 0x8000294c (0x00000093) li      ra, 0
core   0: 3 0x8000294c (0x00000093) x 1 0x00000000
core   0: 0x80002950 (0x80000837) lui     a6, 0x80000
core   0: 3 0x80002950 (0x80000837) x16 0x80000000
core   0: 0x80002954 (0x00000193) li      gp, 0
core   0: 3 0x80002954 (0x00000193) x 3 0x00000000
core   0: 0x80002958 (0x00000613) li      a2, 0
core   0: 3 0x80002958 (0x00000613) x12 0x00000000
core   0: 0x8000295c (0xc1e1bb37) lui     s6, 0xc1e1b
core   0: 3 0x8000295c (0xc1e1bb37) x22 0xc1e1b000
core   0: 0x80002960 (0x6adb0b13) addi    s6, s6, 1709
core   0: 3 0x80002960 (0x6adb0b13) x22 0xc1e1b6ad
core   0: 0x80002964 (0x00000d13) li      s10, 0
core   0: 3 0x80002964 (0x00000d13) x26 0x00000000
core   0: 0x80002968 (0xfff00113) li      sp, -1
core   0: 3 0x80002968 (0xfff00113) x 2 0xffffffff
core   0: 0x8000296c (0x80000c37) lui     s8, 0x80000
core   0: 3 0x8000296c (0x80000c37) x24 0x80000000
core   0: 0x80002970 (0x80000fb7) lui     t6, 0x80000
core   0: 3 0x80002970 (0x80000fb7) x31 0x80000000
core   0: 0x80002974 (0xbfba20b7) lui     ra, 0xbfba2
core   0: 3 0x80002974 (0xbfba20b7) x 1 0xbfba2000
core   0: 0x80002978 (0x403609b3) sub     s3, a2, gp
core   0: 3 0x80002978 (0x403609b3) x19 0x00000000
core   0: 0x8000297c (0x401f8833) sub     a6, t6, ra
core   0: 3 0x8000297c (0x401f8833) x16 0xc045e000
core   0: 0x80002980 (0x15460c13) addi    s8, a2, 340
core   0: 3 0x80002980 (0x15460c13) x24 0x00000154
core   0: 0x80002984 (0x00000013) nop
core   0: 3 0x80002984 (0x00000013)
core   0: 0x80002988 (0x416d09b3) sub     s3, s10, s6
core   0: 3 0x80002988 (0x416d09b3) x19 0x3e1e4953
core   0: 0x8000298c (0xf1d44d17) auipc   s10, 0xf1d44
core   0: 3 0x8000298c (0xf1d44d17) x26 0x71d4698c
core   0: 0x80002990 (0x001f80b3) add     ra, t6, ra
core   0: 3 0x80002990 (0x001f80b3) x 1 0x3fba2000
core   0: 0x80002994 (0x41f60fb3) sub     t6, a2, t6
core   0: 3 0x80002994 (0x41f60fb3) x31 0x80000000
core   0: 0x80002998 (0x20c7b197) auipc   gp, 0x20c7b
core   0: 3 0x80002998 (0x20c7b197) x 3 0xa0c7d998
core   0: 0x8000299c (0xa43d0b13) addi    s6, s10, -1469
core   0: 3 0x8000299c (0xa43d0b13) x22 0x71d463cf
core   0: 0x800029a0 (0x013f8c33) add     s8, t6, s3
core   0: 3 0x800029a0 (0x013f8c33) x24 0xbe1e4953
core   0: 0x800029a4 (0x30260c13) addi    s8, a2, 770
core   0: 3 0x800029a4 (0x30260c13) x24 0x00000302
core   0: 0x800029a8 (0x41a98fb3) sub     t6, s3, s10
core   0: 3 0x800029a8 (0x41a98fb3) x31 0xcc49dfc7
core   0: 0x800029ac (0xb0faff97) auipc   t6, 0xb0faf
core   0: 3 0x800029ac (0xb0faff97) x31 0x30fb19ac
core   0: 0x800029b0 (0x5a912997) auipc   s3, 0x5a912
core   0: 3 0x800029b0 (0x5a912997) x19 0xda9149b0
core   0: 0x800029b4 (0x00380d33) add     s10, a6, gp
core   0: 3 0x800029b4 (0x00380d33) x26 0x610db998
core   0: 0x800029b8 (0xd5ff6fb7) lui     t6, 0xd5ff6
core   0: 3 0x800029b8 (0xd5ff6fb7) x31 0xd5ff6000
core   0: 0x800029bc (0x402609b3) sub     s3, a2, sp
core   0: 3 0x800029bc (0x402609b3) x19 0x00000001
core   0: 0x800029c0 (0x00000013) nop
core   0: 3 0x800029c0 (0x00000013)
core   0: 0x800029c4 (0x01860133) add     sp, a2, s8
core   0: 3 0x800029c4 (0x01860133) x 2 0x00000302
core   0: 0x800029c8 (0x40260b33) sub     s6, a2, sp
core   0: 3 0x800029c8 (0x40260b33) x22 0xfffffcfe
core   0: 0x800029cc (0xcb921097) auipc   ra, 0xcb921
core   0: 3 0x800029cc (0xcb921097) x 1 0x4b9239cc
core   0: 0x800029d0 (0x8d998613) addi    a2, s3, -1831
core   0: 3 0x800029d0 (0x8d998613) x12 0xfffff8da
core   0: 0x800029d4 (0x8f6ea893) slti    a7, t4, -1802
core   0: 3 0x800029d4 (0x8f6ea893) x17 0x00000001
core   0: 0x800029d8 (0x73317313) andi    t1, sp, 1843
core   0: 3 0x800029d8 (0x73317313) x 6 0x00000302
core   0: 0x800029dc (0x0037d513) srli    a0, a5, 3
core   0: 3 0x800029dc (0x0037d513) x10 0x1fffff77
core   0: 0x800029e0 (0x01ca9a33) sll     s4, s5, t3
core   0: 3 0x800029e0 (0x01ca9a33) x20 0x00000000
core   0: 0x800029e4 (0x0000c3b3) xor     t2, ra, zero
core   0: 3 0x800029e4 (0x0000c3b3) x 7 0x4b9239cc
core   0: 0x800029e8 (0x00b69513) slli    a0, a3, 11
core   0: 3 0x800029e8 (0x00b69513) x10 0x00000800
core   0: 0x800029ec (0xf4476893) ori     a7, a4, -188
core   0: 3 0x800029ec (0xf4476893) x17 0xffffff7c
core   0: 0x800029f0 (0x00703333) snez    t1, t2
core   0: 3 0x800029f0 (0x00703333) x 6 0x00000001
core   0: 0x800029f4 (0x40090833) sub     a6, s2, zero
core   0: 3 0x800029f4 (0x40090833) x16 0xb345d87c
core   0: 0x800029f8 (0x016b7133) and     sp, s6, s6
core   0: 3 0x800029f8 (0x016b7133) x 2 0xfffffcfe
core   0: 0x800029fc (0x41a0d493) srai    s1, ra, 26
core   0: 3 0x800029fc (0x41a0d493) x 9 0x00000012
core   0: 0x80002a00 (0xd02df8b7) lui     a7, 0xd02df
core   0: 3 0x80002a00 (0xd02df8b7) x17 0xd02df000
core   0: 0x80002a04 (0xa6457b93) andi    s7, a0, -1436
core   0: 3 0x80002a04 (0xa6457b93) x23 0x00000800
core   0: 0x80002a08 (0x0fbe4b93) xori    s7, t3, 251
core   0: 3 0x80002a08 (0x0fbe4b93) x23 0x80014c1f
core   0: 0x80002a0c (0x1e528fb7) lui     t6, 0x1e528
core   0: 3 0x80002a0c (0x1e528fb7) x31 0x1e528000
core   0: 0x80002a10 (0x40e48133) sub     sp, s1, a4
core   0: 3 0x80002a10 (0x40e48133) x 2 0x4cba2796
core   0: 0x80002a14 (0x5758ce37) lui     t3, 0x5758c
core   0: 3 0x80002a14 (0x5758ce37) x28 0x5758c000
core   0: 0x80002a18 (0x2aaea3b7) lui     t2, 0x2aaea
core   0: 3 0x80002a18 (0x2aaea3b7) x 7 0x2aaea000
core   0: 0x80002a1c (0x00000013) nop
core   0: 3 0x80002a1c (0x00000013)
core   0: 0x80002a20 (0x415150b3) sra     ra, sp, s5
core   0: 3 0x80002a20 (0x415150b3) x 1 0x4cba2796
core   0: 0x80002a24 (0x017098b3) sll     a7, ra, s7
core   0: 3 0x80002a24 (0x017098b3) x17 0x00000000
core   0: 0x80002a28 (0x49677013) andi    zero, a4, 1174
core   0: 3 0x80002a28 (0x49677013)
core   0: 0x80002a2c (0x191669b7) lui     s3, 0x19166
core   0: 3 0x80002a2c (0x191669b7) x19 0x19166000
core   0: 0x80002a30 (0x4058dd13) srai    s10, a7, 5
core   0: 3 0x80002a30 (0x4058dd13) x26 0x00000000
core   0: 0x80002a34 (0x4128d4b3) sra     s1, a7, s2
core   0: 3 0x80002a34 (0x4128d4b3) x 9 0x00000000
core   0: 0x80002a38 (0x69cd3893) sltiu   a7, s10, 1692
core   0: 3 0x80002a38 (0x69cd3893) x17 0x00000001
core   0: 0x80002a3c (0x01ab4b33) xor     s6, s6, s10
core   0: 3 0x80002a3c (0x01ab4b33) x22 0xfffffcfe
core   0: 0x80002a40 (0x00cff8b3) and     a7, t6, a2
core   0: 3 0x80002a40 (0x00cff8b3) x17 0x1e528000
core   0: 0x80002a44 (0x0166d493) srli    s1, a3, 22
core   0: 3 0x80002a44 (0x0166d493) x 9 0x00000000
core   0: 0x80002a48 (0x26d6bb93) sltiu   s7, a3, 621
core   0: 3 0x80002a48 (0x26d6bb93) x23 0x00000001
core   0: 0x80002a4c (0x0d95a013) slti    zero, a1, 217
core   0: 3 0x80002a4c (0x0d95a013)
core   0: 0x80002a50 (0x0059d4b3) srl     s1, s3, t0
core   0: 3 0x80002a50 (0x0059d4b3) x 9 0x0c8b3000
core   0: 0x80002a54 (0x656fb617) auipc   a2, 0x656fb
core   0: 3 0x80002a54 (0x656fb617) x12 0xe56fda54
core   0: 0x80002a58 (0x0023dfb3) srl     t6, t2, sp
core   0: 3 0x80002a58 (0x0023dfb3) x31 0x000000aa
core   0: 0x80002a5c (0x40b5d7b3) sra     a5, a1, a1
core   0: 3 0x80002a5c (0x40b5d7b3) x15 0x09ff5000
core   0: 0x80002a60 (0x41ff5a93) srai    s5, t5, 31
core   0: 3 0x80002a60 (0x41ff5a93) x21 0xffffffff
core   0: 0x80002a64 (0xc7b50893) addi    a7, a0, -901
core   0: 3 0x80002a64 (0xc7b50893) x17 0x0000047b
core   0: 0x80002a68 (0x01a16533) or      a0, sp, s10
core   0: 3 0x80002a68 (0x01a16533) x10 0x4cba2796
core   0: 0x80002a6c (0x01d414b3) sll     s1, s0, t4
core   0: 3 0x80002a6c (0x01d414b3) x 9 0x80010e64
core   0: 0x80002a70 (0x015c99b3) sll     s3, s9, s5
core   0: 3 0x80002a70 (0x015c99b3) x19 0x00000000
core   0: 0x80002a74 (0x5061ed93) ori     s11, gp, 1286
core   0: 3 0x80002a74 (0x5061ed93) x27 0xa0c7dd9e
core   0: 0x80002a78 (0x00000013) nop
core   0: 3 0x80002a78 (0x00000013)
core   0: 0x80002a7c (0x006112b3) sll     t0, sp, t1
core   0: 3 0x80002a7c (0x006112b3) x 5 0x99744f2c
core   0: 0x80002a80 (0x00973c33) sltu    s8, a4, s1
core   0: 3 0x80002a80 (0x00973c33) x24 0x00000000
core   0: 0x80002a84 (0x41505313) srai    t1, zero, 21
core   0: 3 0x80002a84 (0x41505313) x 6 0x00000000
core   0: 0x80002a88 (0x01f12233) slt     tp, sp, t6
core   0: 3 0x80002a88 (0x01f12233) x 4 0x00000000
core   0: 0x80002a8c (0x00f186b3) add     a3, gp, a5
core   0: 3 0x80002a8c (0x00f186b3) x13 0xaac72998
core   0: 0x80002a90 (0x7b6b1b17) auipc   s6, 0x7b6b1
core   0: 3 0x80002a90 (0x7b6b1b17) x22 0xfb6b3a90
core   0: 0x80002a94 (0x016f1a33) sll     s4, t5, s6
core   0: 3 0x80002a94 (0x016f1a33) x20 0x0c600000
core   0: 0x80002a98 (0x00553533) sltu    a0, a0, t0
core   0: 3 0x80002a98 (0x00553533) x10 0x00000001
core   0: 0x80002a9c (0x411e09b3) sub     s3, t3, a7
core   0: 3 0x80002a9c (0x411e09b3) x19 0x5758bb85
core   0: 0x80002aa0 (0x9d9f4d93) xori    s11, t5, -1575
core   0: 3 0x80002aa0 (0x9d9f4d93) x27 0x7ffef5b9
core   0: 0x80002aa4 (0xab2b8d13) addi    s10, s7, -1358
core   0: 3 0x80002aa4 (0xab2b8d13) x26 0xfffffab3
core   0: 0x80002aa8 (0x00fab6b3) sltu    a3, s5, a5
core   0: 3 0x80002aa8 (0x00fab6b3) x13 0x00000000
core   0: 0x80002aac (0xe4810793) addi    a5, sp, -440
core   0: 3 0x80002aac (0xe4810793) x15 0x4cba25de
core   0: 0x80002ab0 (0x006e74b3) and     s1, t3, t1
core   0: 3 0x80002ab0 (0x006e74b3) x 9 0x00000000
core   0: 0x80002ab4 (0x4112d133) sra     sp, t0, a7
core   0: 3 0x80002ab4 (0x4112d133) x 2 0xfffffff3
core   0: 0x80002ab8 (0x00a6d713) srli    a4, a3, 10
core   0: 3 0x80002ab8 (0x00a6d713) x14 0x00000000
core   0: 0x80002abc (0x01642ab3) slt     s5, s0, s6
core   0: 3 0x80002abc (0x01642ab3) x21 0x00000001
core   0: 0x80002ac0 (0x00f367b3) or      a5, t1, a5
core   0: 3 0x80002ac0 (0x00f367b3) x15 0x4cba25de
core   0: 0x80002ac4 (0x00063633) sltu    a2, a2, zero
core   0: 3 0x80002ac4 (0x00063633) x12 0x00000000
core   0: 0x80002ac8 (0x01549db3) sll     s11, s1, s5
core   0: 3 0x80002ac8 (0x01549db3) x27 0x00000000
core   0: 0x80002acc (0x63792113) slti    sp, s2, 1591
core   0: 3 0x80002acc (0x63792113) x 2 0x00000001
core   0: 0x80002ad0 (0x00b42233) slt     tp, s0, a1
core   0: 3 0x80002ad0 (0x00b42233) x 4 0x00000001
core   0: 0x80002ad4 (0x01d827b3) slt     a5, a6, t4
core   0: 3 0x80002ad4 (0x01d827b3) x15 0x00000000
core   0: 0x80002ad8 (0x8f28e913) ori     s2, a7, -1806
core   0: 3 0x80002ad8 (0x8f28e913) x18 0xfffffcfb
core   0: 0x80002adc (0x00979693) slli    a3, a5, 9
core   0: 3 0x80002adc (0x00979693) x13 0x00000000
core   0: 0x80002ae0 (0x110d3793) sltiu   a5, s10, 272
core   0: 3 0x80002ae0 (0x110d3793) x15 0x00000000
core   0: 0x80002ae4 (0x449a6913) ori     s2, s4, 1097
core   0: 3 0x80002ae4 (0x449a6913) x18 0x0c600449
core   0: 0x80002ae8 (0x41c1da93) srai    s5, gp, 28
core   0: 3 0x80002ae8 (0x41c1da93) x21 0xfffffffa
core   0: 0x80002aec (0x41ad5333) sra     t1, s10, s10
core   0: 3 0x80002aec (0x41ad5333) x 6 0xffffffff
core   0: 0x80002af0 (0xe0770393) addi    t2, a4, -505
core   0: 3 0x80002af0 (0xe0770393) x 7 0xfffffe07
core   0: 0x80002af4 (0x40fc83b3) sub     t2, s9, a5
core   0: 3 0x80002af4 (0x40fc83b3) x 7 0x80014ce4
core   0: 0x80002af8 (0x00640633) add     a2, s0, t1
core   0: 3 0x80002af8 (0x00640633) x12 0x80010e63
core   0: 0x80002afc (0x01f97a33) and     s4, s2, t6
core   0: 3 0x80002afc (0x01f97a33) x20 0x00000008
core   0: 0x80002b00 (0x0032e233) or      tp, t0, gp
core   0: 3 0x80002b00 (0x0032e233) x 4 0xb9f7dfbc
core   0: 0x80002b04 (0xd7892993) slti    s3, s2, -648
core   0: 3 0x80002b04 (0xd7892993) x19 0x00000000
core   0: 0x80002b08 (0xc991a093) slti    ra, gp, -871
core   0: 3 0x80002b08 (0xc991a093) x 1 0x00000001
core   0: 0x80002b0c (0x00ed35b3) sltu    a1, s10, a4
core   0: 3 0x80002b0c (0x00ed35b3) x11 0x00000000
core   0: 0x80002b10 (0x008505b3) add     a1, a0, s0
core   0: 3 0x80002b10 (0x008505b3) x11 0x80010e65
core   0: 0x80002b14 (0x53085f37) lui     t5, 0x53085
core   0: 3 0x80002b14 (0x53085f37) x30 0x53085000
core   0: 0x80002b18 (0x008b5013) srli    zero, s6, 8
core   0: 3 0x80002b18 (0x008b5013)
core   0: 0x80002b1c (0x417505b3) sub     a1, a0, s7
core   0: 3 0x80002b1c (0x417505b3) x11 0x00000000
core   0: 0x80002b20 (0x002d0fb3) add     t6, s10, sp
core   0: 3 0x80002b20 (0x002d0fb3) x31 0xfffffab4
core   0: 0x80002b24 (0x1102f593) andi    a1, t0, 272
core   0: 3 0x80002b24 (0x1102f593) x11 0x00000100
core   0: 0x80002b28 (0x6bf4bd13) sltiu   s10, s1, 1727
core   0: 3 0x80002b28 (0x6bf4bd13) x26 0x00000001
core   0: 0x80002b2c (0x01175193) srli    gp, a4, 17
core   0: 3 0x80002b2c (0x01175193) x 3 0x00000000
core   0: 0x80002b30 (0x680de313) ori     t1, s11, 1664
core   0: 3 0x80002b30 (0x680de313) x 6 0x00000680
core   0: 0x80002b34 (0x004723b3) slt     t2, a4, tp
core   0: 3 0x80002b34 (0x004723b3) x 7 0x00000000
core   0: 0x80002b38 (0x019e5513) srli    a0, t3, 25
core   0: 3 0x80002b38 (0x019e5513) x10 0x0000002b
core   0: 0x80002b3c (0x5e476c13) ori     s8, a4, 1508
core   0: 3 0x80002b3c (0x5e476c13) x24 0x000005e4
core   0: 0x80002b40 (0x41692b93) slti    s7, s2, 1046
core   0: 3 0x80002b40 (0x41692b93) x23 0x00000000
core   0: 0x80002b44 (0x00343833) sltu    a6, s0, gp
core   0: 3 0x80002b44 (0x00343833) x16 0x00000000
core   0: 0x80002b48 (0x00b8dd33) srl     s10, a7, a1
core   0: 3 0x80002b48 (0x00b8dd33) x26 0x0000047b
core   0: 0x80002b4c (0xc7913793) sltiu   a5, sp, -903
core   0: 3 0x80002b4c (0xc7913793) x15 0x00000001
core   0: 0x80002b50 (0x0181d8b3) srl     a7, gp, s8
core   0: 3 0x80002b50 (0x0181d8b3) x17 0x00000000
core   0: 0x80002b54 (0x01639633) sll     a2, t2, s6
core   0: 3 0x80002b54 (0x01639633) x12 0x00000000
core   0: 0x80002b58 (0x016a9613) slli    a2, s5, 22
core   0: 3 0x80002b58 (0x016a9613) x12 0xfe800000
core   0: 0x80002b5c (0x016fdb13) srli    s6, t6, 22
core   0: 3 0x80002b5c (0x016fdb13) x22 0x000003ff
core   0: 0x80002b60 (0x0070ffb3) and     t6, ra, t2
core   0: 3 0x80002b60 (0x0070ffb3) x31 0x00000000
core   0: 0x80002b64 (0x418d4793) xori    a5, s10, 1048
core   0: 3 0x80002b64 (0x418d4793) x15 0x00000063
core   0: 0x80002b68 (0x8e56c613) xori    a2, a3, -1819
core   0: 3 0x80002b68 (0x8e56c613) x12 0xfffff8e5
core   0: 0x80002b6c (0xd83b2617) auipc   a2, 0xd83b2
core   0: 3 0x80002b6c (0xd83b2617) x12 0x583b4b6c
core   0: 0x80002b70 (0xbba1e013) ori     zero, gp, -1094
core   0: 3 0x80002b70 (0xbba1e013)
core   0: 0x80002b74 (0x41c254b3) sra     s1, tp, t3
core   0: 3 0x80002b74 (0x41c254b3) x 9 0xb9f7dfbc
core   0: 0x80002b78 (0x886acc13) xori    s8, s5, -1914
core   0: 3 0x80002b78 (0x886acc13) x24 0x0000077c
core   0: 0x80002b7c (0xdb386c13) ori     s8, a6, -589
core   0: 3 0x80002b7c (0xdb386c13) x24 0xfffffdb3
core   0: 0x80002b80 (0x6de4c0b7) lui     ra, 0x6de4c
core   0: 3 0x80002b80 (0x6de4c0b7) x 1 0x6de4c000
core   0: 0x80002b84 (0x018243b3) xor     t2, tp, s8
core   0: 3 0x80002b84 (0x018243b3) x 7 0x4608220f
core   0: 0x80002b88 (0x006ea6b3) slt     a3, t4, t1
core   0: 3 0x80002b88 (0x006ea6b3) x13 0x00000001
core   0: 0x80002b8c (0x016368b3) or      a7, t1, s6
core   0: 3 0x80002b8c (0x016368b3) x17 0x000007ff
core   0: 0x80002b90 (0x01f44fb3) xor     t6, s0, t6
core   0: 3 0x80002b90 (0x01f44fb3) x31 0x80010e64
core   0: 0x80002b94 (0xf5d43713) sltiu   a4, s0, -163
core   0: 3 0x80002b94 (0xf5d43713) x14 0x00000001
core   0: 0x80002b98 (0x00589793) slli    a5, a7, 5
core   0: 3 0x80002b98 (0x00589793) x15 0x0000ffe0
core   0: 0x80002b9c (0x01151e13) slli    t3, a0, 17
core   0: 3 0x80002b9c (0x01151e13) x28 0x00560000
core   0: 0x80002ba0 (0x498a51b7) lui     gp, 0x498a5
core   0: 3 0x80002ba0 (0x498a51b7) x 3 0x498a5000
core   0: 0x80002ba4 (0x00a04733) xor     a4, zero, a0
core   0: 3 0x80002ba4 (0x00a04733) x14 0x0000002b
core   0: 0x80002ba8 (0x9e67b293) sltiu   t0, a5, -1562
core   0: 3 0x80002ba8 (0x9e67b293) x 5 0x00000001
core   0: 0x80002bac (0x80427f93) andi    t6, tp, -2044
core   0: 3 0x80002bac (0x80427f93) x31 0xb9f7d804
core   0: 0x80002bb0 (0x41bf5fb3) sra     t6, t5, s11
core   0: 3 0x80002bb0 (0x41bf5fb3) x31 0x53085000
core   0: 0x80002bb4 (0x00328d33) add     s10, t0, gp
core   0: 3 0x80002bb4 (0x00328d33) x26 0x498a5001
core   0: 0x80002bb8 (0x7a4af193) andi    gp, s5, 1956
core   0: 3 0x80002bb8 (0x7a4af193) x 3 0x000007a0
core   0: 0x80002bbc (0x1791ce37) lui     t3, 0x1791c
core   0: 3 0x80002bbc (0x1791ce37) x28 0x1791c000
core   0: 0x80002bc0 (0x40d7dd13) srai    s10, a5, 13
core   0: 3 0x80002bc0 (0x40d7dd13) x26 0x00000007
core   0: 0x80002bc4 (0x0123ef33) or      t5, t2, s2
core   0: 3 0x80002bc4 (0x0123ef33) x30 0x4e68264f
core   0: 0x80002bc8 (0x00d25993) srli    s3, tp, 13
core   0: 3 0x80002bc8 (0x00d25993) x19 0x0005cfbe
core   0: 0x80002bcc (0x018137b3) sltu    a5, sp, s8
core   0: 3 0x80002bcc (0x018137b3) x15 0x00000001
core   0: 0x80002bd0 (0x0184a233) slt     tp, s1, s8
core   0: 3 0x80002bd0 (0x0184a233) x 4 0x00000001
core   0: 0x80002bd4 (0x00ee54b3) srl     s1, t3, a4
core   0: 3 0x80002bd4 (0x00ee54b3) x 9 0x0002f238
core   0: 0x80002bd8 (0x015c38b3) sltu    a7, s8, s5
core   0: 3 0x80002bd8 (0x015c38b3) x17 0x00000001
core   0: 0x80002bdc (0x419555b3) sra     a1, a0, s9
core   0: 3 0x80002bdc (0x419555b3) x11 0x00000002
core   0: 0x80002be0 (0x0198b933) sltu    s2, a7, s9
core   0: 3 0x80002be0 (0x0198b933) x18 0x00000001
core   0: 0x80002be4 (0x01e25b93) srli    s7, tp, 30
core   0: 3 0x80002be4 (0x01e25b93) x23 0x00000000
core   0: 0x80002be8 (0x013fde13) srli    t3, t6, 19
core   0: 3 0x80002be8 (0x013fde13) x28 0x00000a61
core   0: 0x80002bec (0x00895493) srli    s1, s2, 8
core   0: 3 0x80002bec (0x00895493) x 9 0x00000000
core   0: 0x80002bf0 (0xac46fd93) andi    s11, a3, -1340
core   0: 3 0x80002bf0 (0xac46fd93) x27 0x00000000
core   0: 0x80002bf4 (0x01788b33) add     s6, a7, s7
core   0: 3 0x80002bf4 (0x01788b33) x22 0x00000001
core   0: 0x80002bf8 (0xab4b3b13) sltiu   s6, s6, -1356
core   0: 3 0x80002bf8 (0xab4b3b13) x22 0x00000001
core   0: 0x80002bfc (0x01dfc6b3) xor     a3, t6, t4
core   0: 3 0x80002bfc (0x01dfc6b3) x13 0xd3085000
core   0: 0x80002c00 (0xaff58213) addi    tp, a1, -1281
core   0: 3 0x80002c00 (0xaff58213) x 4 0xfffffb01
core   0: 0x80002c04 (0x233b3a13) sltiu   s4, s6, 563
core   0: 3 0x80002c04 (0x233b3a13) x20 0x00000001
core   0: 0x80002c08 (0x01f53db3) sltu    s11, a0, t6
core   0: 3 0x80002c08 (0x01f53db3) x27 0x00000001
core   0: 0x80002c0c (0x4ec40c17) auipc   s8, 0x4ec40
core   0: 3 0x80002c0c (0x4ec40c17) x24 0xcec42c0c
core   0: 0x80002c10 (0x987e4693) xori    a3, t3, -1657
core   0: 3 0x80002c10 (0x987e4693) x13 0xfffff3e6
core   0: 0x80002c14 (0xbc3de613) ori     a2, s11, -1085
core   0: 3 0x80002c14 (0xbc3de613) x12 0xfffffbc3
core   0: 0x80002c18 (0x01ed1f93) slli    t6, s10, 30
core   0: 3 0x80002c18 (0x01ed1f93) x31 0xc0000000
core   0: 0x80002c1c (0x015d6c33) or      s8, s10, s5
core   0: 3 0x80002c1c (0x015d6c33) x24 0xffffffff
core   0: 0x80002c20 (0xf2a06c37) lui     s8, 0xf2a06
core   0: 3 0x80002c20 (0xf2a06c37) x24 0xf2a06000
core   0: 0x80002c24 (0x00601393) slli    t2, zero, 6
core   0: 3 0x80002c24 (0x00601393) x 7 0x00000000
core   0: 0x80002c28 (0x0033d633) srl     a2, t2, gp
core   0: 3 0x80002c28 (0x0033d633) x12 0x00000000
core   0: 0x80002c2c (0x006e7ab3) and     s5, t3, t1
core   0: 3 0x80002c2c (0x006e7ab3) x21 0x00000200
core   0: 0x80002c30 (0x00ee59b3) srl     s3, t3, a4
core   0: 3 0x80002c30 (0x00ee59b3) x19 0x00000001
core   0: 0x80002c34 (0xcfa32593) slti    a1, t1, -774
core   0: 3 0x80002c34 (0xcfa32593) x11 0x00000000
core   0: 0x80002c38 (0x00000013) nop
core   0: 3 0x80002c38 (0x00000013)
core   0: 0x80002c3c (0xd20faab7) lui     s5, 0xd20fa
core   0: 3 0x80002c3c (0xd20faab7) x21 0xd20fa000
core   0: 0x80002c40 (0xaefe4d93) xori    s11, t3, -1297
core   0: 3 0x80002c40 (0xaefe4d93) x27 0xfffff08e
core   0: 0x80002c44 (0xdffd0313) addi    t1, s10, -513
core   0: 3 0x80002c44 (0xdffd0313) x 6 0xfffffe06
core   0: 0x80002c48 (0xdf95bd93) sltiu   s11, a1, -519
core   0: 3 0x80002c48 (0xdf95bd93) x27 0x00000001
core   0: 0x80002c4c (0x0014a7b3) slt     a5, s1, ra
core   0: 3 0x80002c4c (0x0014a7b3) x15 0x00000001
core   0: 0x80002c50 (0x01188fb3) add     t6, a7, a7
core   0: 3 0x80002c50 (0x01188fb3) x31 0x00000002
core   0: 0x80002c54 (0x24542493) slti    s1, s0, 581
core   0: 3 0x80002c54 (0x24542493) x 9 0x00000001
core   0: 0x80002c58 (0x40148633) sub     a2, s1, ra
core   0: 3 0x80002c58 (0x40148633) x12 0x921b4001
core   0: 0x80002c5c (0x411a8f33) sub     t5, s5, a7
core   0: 3 0x80002c5c (0x411a8f33) x30 0xd20f9fff
core   0: 0x80002c60 (0x012ddb13) srli    s6, s11, 18
core   0: 3 0x80002c60 (0x012ddb13) x22 0x00000000
core   0: 0x80002c64 (0x019f6533) or      a0, t5, s9
core   0: 3 0x80002c64 (0x019f6533) x10 0xd20fdfff
core   0: 0x80002c68 (0x40f60b33) sub     s6, a2, a5
core   0: 3 0x80002c68 (0x40f60b33) x22 0x921b4000
core   0: 0x80002c6c (0x52a16b93) ori     s7, sp, 1322
core   0: 3 0x80002c6c (0x52a16b93) x23 0x0000052b
core   0: 0x80002c70 (0x01735e33) srl     t3, t1, s7
core   0: 3 0x80002c70 (0x01735e33) x28 0x001fffff
core   0: 0x80002c74 (0xa2ab4497) auipc   s1, 0xa2ab4
core   0: 3 0x80002c74 (0xa2ab4497) x 9 0x22ab6c74
core   0: 0x80002c78 (0x09dd0513) addi    a0, s10, 157
core   0: 3 0x80002c78 (0x09dd0513) x10 0x000000a4
core   0: 0x80002c7c (0x00871613) slli    a2, a4, 8
core   0: 3 0x80002c7c (0x00871613) x12 0x00002b00
core   0: 0x80002c80 (0x15e12113) slti    sp, sp, 350
core   0: 3 0x80002c80 (0x15e12113) x 2 0x00000001
core   0: 0x80002c84 (0x007de033) or      zero, s11, t2
core   0: 3 0x80002c84 (0x007de033)
core   0: 0x80002c88 (0x013f1213) slli    tp, t5, 19
core   0: 3 0x80002c88 (0x013f1213) x 4 0xfff80000
core   0: 0x80002c8c (0xd9391897) auipc   a7, 0xd9391
core   0: 3 0x80002c8c (0xd9391897) x17 0x59393c8c
core   0: 0x80002c90 (0x0117c133) xor     sp, a5, a7
core   0: 3 0x80002c90 (0x0117c133) x 2 0x59393c8d
core   0: 0x80002c94 (0x42637c13) andi    s8, t1, 1062
core   0: 3 0x80002c94 (0x42637c13) x24 0x00000406
core   0: 0x80002c98 (0x00000013) nop
core   0: 3 0x80002c98 (0x00000013)
core   0: 0x80002c9c (0x00000013) nop
core   0: 3 0x80002c9c (0x00000013)
core   0: 0x80002ca0 (0x008c9fb3) sll     t6, s9, s0
core   0: 3 0x80002ca0 (0x008c9fb3) x31 0x0014ce40
core   0: 0x80002ca4 (0x0099a933) slt     s2, s3, s1
core   0: 3 0x80002ca4 (0x0099a933) x18 0x00000001
core   0: 0x80002ca8 (0x0157e233) or      tp, a5, s5
core   0: 3 0x80002ca8 (0x0157e233) x 4 0xd20fa001
core   0: 0x80002cac (0xc6c76193) ori     gp, a4, -916
core   0: 3 0x80002cac (0xc6c76193) x 3 0xfffffc6f
core   0: 0x80002cb0 (0xb9853d93) sltiu   s11, a0, -1128
core   0: 3 0x80002cb0 (0xb9853d93) x27 0x00000001
core   0: 0x80002cb4 (0xa4679b17) auipc   s6, 0xa4679
core   0: 3 0x80002cb4 (0xa4679b17) x22 0x2467bcb4
core   0: 0x80002cb8 (0x414c0b33) sub     s6, s8, s4
core   0: 3 0x80002cb8 (0x414c0b33) x22 0x00000405
core   0: 0x80002cbc (0x405c8533) sub     a0, s9, t0
core   0: 3 0x80002cbc (0x405c8533) x10 0x80014ce3
core   0: 0x80002cc0 (0x003a0533) add     a0, s4, gp
core   0: 3 0x80002cc0 (0x003a0533) x10 0xfffffc70
core   0: 0x80002cc4 (0x004358b3) srl     a7, t1, tp
core   0: 3 0x80002cc4 (0x004358b3) x17 0x7fffff03
core   0: 0x80002cc8 (0x407cdb93) srai    s7, s9, 7
core   0: 3 0x80002cc8 (0x407cdb93) x23 0xff000299
core   0: 0x80002ccc (0xf092cf13) xori    t5, t0, -247
core   0: 3 0x80002ccc (0xf092cf13) x30 0xffffff08
core   0: 0x80002cd0 (0x3f978f97) auipc   t6, 0x3f978
core   0: 3 0x80002cd0 (0x3f978f97) x31 0xbf97acd0
core   0: 0x80002cd4 (0x40215d33) sra     s10, sp, sp
core   0: 3 0x80002cd4 (0x40215d33) x26 0x0002c9c9
core   0: 0x80002cd8 (0x403cda13) srai    s4, s9, 3
core   0: 3 0x80002cd8 (0x403cda13) x20 0xf000299c
core   0: 0x80002cdc (0x00109293) slli    t0, ra, 1
core   0: 3 0x80002cdc (0x00109293) x 5 0xdbc98000
core   0: 0x80002ce0 (0xbaf25917) auipc   s2, 0xbaf25
core   0: 3 0x80002ce0 (0xbaf25917) x18 0x3af27ce0
core   0: 0x80002ce4 (0x012f1a33) sll     s4, t5, s2
core   0: 3 0x80002ce4 (0x012f1a33) x20 0xffffff08
core   0: 0x80002ce8 (0x68c48193) addi    gp, s1, 1676
core   0: 3 0x80002ce8 (0x68c48193) x 3 0x22ab7300
core   0: 0x80002cec (0xd8724693) xori    a3, tp, -633
core   0: 3 0x80002cec (0xd8724693) x13 0x2df05d86
core   0: 0x80002cf0 (0xe0f82193) slti    gp, a6, -497
core   0: 3 0x80002cf0 (0xe0f82193) x 3 0x00000000
core   0: 0x80002cf4 (0x40998633) sub     a2, s3, s1
core   0: 3 0x80002cf4 (0x40998633) x12 0xdd54938d
core   0: 0x80002cf8 (0x00209a13) slli    s4, ra, 2
core   0: 3 0x80002cf8 (0x00209a13) x20 0xb7930000
core   0: 0x80002cfc (0x00d51613) slli    a2, a0, 13
core   0: 3 0x80002cfc (0x00d51613) x12 0xff8e0000
core   0: 0x80002d00 (0x015f6733) or      a4, t5, s5
core   0: 3 0x80002d00 (0x015f6733) x14 0xffffff08
core   0: 0x80002d04 (0x4037d213) srai    tp, a5, 3
core   0: 3 0x80002d04 (0x4037d213) x 4 0x00000000
core   0: 0x80002d08 (0x002d0db3) add     s11, s10, sp
core   0: 3 0x80002d08 (0x002d0db3) x27 0x593c0656
core   0: 0x80002d0c (0x40205d33) sra     s10, zero, sp
core   0: 3 0x80002d0c (0x40205d33) x26 0x00000000
core   0: 0x80002d10 (0x0082d133) srl     sp, t0, s0
core   0: 3 0x80002d10 (0x0082d133) x 2 0x0dbc9800
core   0: 0x80002d14 (0xa361a913) slti    s2, gp, -1482
core   0: 3 0x80002d14 (0xa361a913) x18 0x00000000
core   0: 0x80002d18 (0xe2516193) ori     gp, sp, -475
core   0: 3 0x80002d18 (0xe2516193) x 3 0xfffffe25
core   0: 0x80002d1c (0xa6fef317) auipc   t1, 0xa6fef
core   0: 3 0x80002d1c (0xa6fef317) x 6 0x26ff1d1c
core   0: 0x80002d20 (0x013799b3) sll     s3, a5, s3
core   0: 3 0x80002d20 (0x013799b3) x19 0x00000002
core   0: 0x80002d24 (0xcb3f4613) xori    a2, t5, -845
core   0: 3 0x80002d24 (0xcb3f4613) x12 0x000003bb
core   0: 0x80002d28 (0x00a590b3) sll     ra, a1, a0
core   0: 3 0x80002d28 (0x00a590b3) x 1 0x00000000
core   0: 0x80002d2c (0x009942b3) xor     t0, s2, s1
core   0: 3 0x80002d2c (0x009942b3) x 5 0x22ab6c74
core   0: 0x80002d30 (0x41d40ab3) sub     s5, s0, t4
core   0: 3 0x80002d30 (0x41d40ab3) x21 0x00010e64
core   0: 0x80002d34 (0x00415633) srl     a2, sp, tp
core   0: 3 0x80002d34 (0x00415633) x12 0x0dbc9800
core   0: 0x80002d38 (0x011c58b3) srl     a7, s8, a7
core   0: 3 0x80002d38 (0x011c58b3) x17 0x00000080
core   0: 0x80002d3c (0x00000013) nop
core   0: 3 0x80002d3c (0x00000013)
core   0: 0x80002d40 (0x019b25b3) slt     a1, s6, s9
core   0: 3 0x80002d40 (0x019b25b3) x11 0x00000000
core   0: 0x80002d44 (0x00d6f233) and     tp, a3, a3
core   0: 3 0x80002d44 (0x00d6f233) x 4 0x2df05d86
core   0: 0x80002d48 (0x00e90733) add     a4, s2, a4
core   0: 3 0x80002d48 (0x00e90733) x14 0xffffff08
core   0: 0x80002d4c (0xccb5ec13) ori     s8, a1, -821
core   0: 3 0x80002d4c (0xccb5ec13) x24 0xfffffccb
core   0: 0x80002d50 (0x9441e813) ori     a6, gp, -1724
core   0: 3 0x80002d50 (0x9441e813) x16 0xffffff65
core   0: 0x80002d54 (0x415f5c33) sra     s8, t5, s5
core   0: 3 0x80002d54 (0x415f5c33) x24 0xfffffff0
core   0: 0x80002d58 (0xfc14bd13) sltiu   s10, s1, -63
core   0: 3 0x80002d58 (0xfc14bd13) x26 0x00000001
core   0: 0x80002d5c (0x00549c33) sll     s8, s1, t0
core   0: 3 0x80002d5c (0x00549c33) x24 0xc7400000
core   0: 0x80002d60 (0x00ae4633) xor     a2, t3, a0
core   0: 3 0x80002d60 (0x00ae4633) x12 0xffe0038f
core   0: 0x80002d64 (0x40e78f33) sub     t5, a5, a4
core   0: 3 0x80002d64 (0x40e78f33) x30 0x000000f9
core   0: 0x80002d68 (0x01a09613) slli    a2, ra, 26
core   0: 3 0x80002d68 (0x01a09613) x12 0x00000000
core   0: 0x80002d6c (0x01dda0b3) slt     ra, s11, t4
core   0: 3 0x80002d6c (0x01dda0b3) x 1 0x00000000
core   0: 0x80002d70 (0x00aab4b3) sltu    s1, s5, a0
core   0: 3 0x80002d70 (0x00aab4b3) x 9 0x00000001
core   0: 0x80002d74 (0x16e61917) auipc   s2, 0x16e61
core   0: 3 0x80002d74 (0x16e61917) x18 0x96e63d74
core   0: 0x80002d78 (0x006e70b3) and     ra, t3, t1
core   0: 3 0x80002d78 (0x006e70b3) x 1 0x001f1d1c
core   0: 0x80002d7c (0xbef43013) sltiu   zero, s0, -1041
core   0: 3 0x80002d7c (0xbef43013)
core   0: 0x80002d80 (0x01ab5913) srli    s2, s6, 26
core   0: 3 0x80002d80 (0x01ab5913) x18 0x00000000
core   0: 0x80002d84 (0x27c2be13) sltiu   t3, t0, 636
core   0: 3 0x80002d84 (0x27c2be13) x28 0x00000000
core   0: 0x80002d88 (0x07537093) andi    ra, t1, 117
core   0: 3 0x80002d88 (0x07537093) x 1 0x00000014
core   0: 0x80002d8c (0x00000013) nop
core   0: 3 0x80002d8c (0x00000013)
core   0: 0x80002d90 (0x00000013) nop
core   0: 3 0x80002d90 (0x00000013)
core   0: 0x80002d94 (0x40440033) sub     zero, s0, tp
core   0: 3 0x80002d94 (0x40440033)
core   0: 0x80002d98 (0x018eff33) and     t5, t4, s8
core   0: 3 0x80002d98 (0x018eff33) x30 0x80000000
core   0: 0x80002d9c (0x01b20533) add     a0, tp, s11
core   0: 3 0x80002d9c (0x01b20533) x10 0x872c63dc
core   0: 0x80002da0 (0xbfb6b8b7) lui     a7, 0xbfb6b
core   0: 3 0x80002da0 (0xbfb6b8b7) x17 0xbfb6b000
core   0: 0x80002da4 (0xbb2f2a93) slti    s5, t5, -1102
core   0: 3 0x80002da4 (0xbb2f2a93) x21 0x00000001
core   0: 0x80002da8 (0x6e533613) sltiu   a2, t1, 1765
core   0: 3 0x80002da8 (0x6e533613) x12 0x00000000
core   0: 0x80002dac (0x0094b4b3) sltu    s1, s1, s1
core   0: 3 0x80002dac (0x0094b4b3) x 9 0x00000000
core   0: 0x80002db0 (0x0123d513) srli    a0, t2, 18
core   0: 3 0x80002db0 (0x0123d513) x10 0x00000000
core   0: 0x80002db4 (0x8e3cf893) andi    a7, s9, -1821
core   0: 3 0x80002db4 (0x8e3cf893) x17 0x800148e0
core   0: 0x80002db8 (0x2de44d17) auipc   s10, 0x2de44
core   0: 3 0x80002db8 (0x2de44d17) x26 0xade46db8
core   0: 0x80002dbc (0x01b240b3) xor     ra, tp, s11
core   0: 3 0x80002dbc (0x01b240b3) x 1 0x74cc5bd0
core   0: 0x80002dc0 (0x00000013) nop
core   0: 3 0x80002dc0 (0x00000013)
core   0: 0x80002dc4 (0x00095613) srli    a2, s2, 0
core   0: 3 0x80002dc4 (0x00095613) x12 0x00000000
core   0: 0x80002dc8 (0x3464ff93) andi    t6, s1, 838
core   0: 3 0x80002dc8 (0x3464ff93) x31 0x00000000
core   0: 0x80002dcc (0x6731fd93) andi    s11, gp, 1651
core   0: 3 0x80002dcc (0x6731fd93) x27 0x00000621
core   0: 0x80002dd0 (0x0162c7b3) xor     a5, t0, s6
core   0: 3 0x80002dd0 (0x0162c7b3) x15 0x22ab6871
core   0: 0x80002dd4 (0x01ff5033) srl     zero, t5, t6
core   0: 3 0x80002dd4 (0x01ff5033)
core   0: 0x80002dd8 (0x411d58b3) sra     a7, s10, a7
core   0: 3 0x80002dd8 (0x411d58b3) x17 0xade46db8
core   0: 0x80002ddc (0x01888d33) add     s10, a7, s8
core   0: 3 0x80002ddc (0x01888d33) x26 0x75246db8
core   0: 0x80002de0 (0x557bcd93) xori    s11, s7, 1367
core   0: 3 0x80002de0 (0x557bcd93) x27 0xff0007ce
core   0: 0x80002de4 (0xc142ab13) slti    s6, t0, -1004
core   0: 3 0x80002de4 (0xc142ab13) x22 0x00000000
core   0: 0x80002de8 (0x01a80ab3) add     s5, a6, s10
core   0: 3 0x80002de8 (0x01a80ab3) x21 0x75246d1d
core   0: 0x80002dec (0x01ac1b33) sll     s6, s8, s10
core   0: 3 0x80002dec (0x01ac1b33) x22 0x00000000
core   0: 0x80002df0 (0x91613013) sltiu   zero, sp, -1770
core   0: 3 0x80002df0 (0x91613013)
core   0: 0x80002df4 (0x40f28bb3) sub     s7, t0, a5
core   0: 3 0x80002df4 (0x40f28bb3) x23 0x00000403
core   0: 0x80002df8 (0xec436913) ori     s2, t1, -316
core   0: 3 0x80002df8 (0xec436913) x18 0xffffffdc
core   0: 0x80002dfc (0x6b8f4c13) xori    s8, t5, 1720
core   0: 3 0x80002dfc (0x6b8f4c13) x24 0x800006b8
core   0: 0x80002e00 (0x40425693) srai    a3, tp, 4
core   0: 3 0x80002e00 (0x40425693) x13 0x02df05d8
core   0: 0x80002e04 (0x416409b3) sub     s3, s0, s6
core   0: 3 0x80002e04 (0x416409b3) x19 0x80010e64
core   0: 0x80002e08 (0x00000013) nop
core   0: 3 0x80002e08 (0x00000013)
core   0: 0x80002e0c (0x41418533) sub     a0, gp, s4
core   0: 3 0x80002e0c (0x41418533) x10 0x486cfe25
core   0: 0x80002e10 (0xe4f28f13) addi    t5, t0, -433
core   0: 3 0x80002e10 (0xe4f28f13) x30 0x22ab6ac3
core   0: 0x80002e14 (0x015d0733) add     a4, s10, s5
core   0: 3 0x80002e14 (0x015d0733) x14 0xea48dad5
core   0: 0x80002e18 (0x00401913) slli    s2, zero, 4
core   0: 3 0x80002e18 (0x00401913) x18 0x00000000
core   0: 0x80002e1c (0x01909113) slli    sp, ra, 25
core   0: 3 0x80002e1c (0x01909113) x 2 0xa0000000
core   0: 0x80002e20 (0x01881b93) slli    s7, a6, 24
core   0: 3 0x80002e20 (0x01881b93) x23 0x65000000
core   0: 0x80002e24 (0x415c06b3) sub     a3, s8, s5
core   0: 3 0x80002e24 (0x415c06b3) x13 0x0adb999b
core   0: 0x80002e28 (0x018f9793) slli    a5, t6, 24
core   0: 3 0x80002e28 (0x018f9793) x15 0x00000000
core   0: 0x80002e2c (0x901caf13) slti    t5, s9, -1791
core   0: 3 0x80002e2c (0x901caf13) x30 0x00000001
core   0: 0x80002e30 (0x9a3de013) ori     zero, s11, -1629
core   0: 3 0x80002e30 (0x9a3de013)
core   0: 0x80002e34 (0x0179df13) srli    t5, s3, 23
core   0: 3 0x80002e34 (0x0179df13) x30 0x00000100
core   0: 0x80002e38 (0x5256e893) ori     a7, a3, 1317
core   0: 3 0x80002e38 (0x5256e893) x17 0x0adb9dbf
core   0: 0x80002e3c (0x01d926b3) slt     a3, s2, t4
core   0: 3 0x80002e3c (0x01d926b3) x13 0x00000000
core   0: 0x80002e40 (0x01f14a33) xor     s4, sp, t6
core   0: 3 0x80002e40 (0x01f14a33) x20 0xa0000000
core   0: 0x80002e44 (0x630dba97) auipc   s5, 0x630db
core   0: 3 0x80002e44 (0x630dba97) x21 0xe30dde44
core   0: 0x80002e48 (0x007d3c33) sltu    s8, s10, t2
core   0: 3 0x80002e48 (0x007d3c33) x24 0x00000000
core   0: 0x80002e4c (0x589d4fb7) lui     t6, 0x589d4
core   0: 3 0x80002e4c (0x589d4fb7) x31 0x589d4000
core   0: 0x80002e50 (0x6efbac37) lui     s8, 0x6efba
core   0: 3 0x80002e50 (0x6efbac37) x24 0x6efba000
core   0: 0x80002e54 (0x00fa9713) slli    a4, s5, 15
core   0: 3 0x80002e54 (0x00fa9713) x14 0xef220000
core   0: 0x80002e58 (0xaf966fb7) lui     t6, 0xaf966
core   0: 3 0x80002e58 (0xaf966fb7) x31 0xaf966000
core   0: 0x80002e5c (0x00000013) nop
core   0: 3 0x80002e5c (0x00000013)
core   0: 0x80002e60 (0x4053dc13) srai    s8, t2, 5
core   0: 3 0x80002e60 (0x4053dc13) x24 0x00000000
core   0: 0x80002e64 (0x01965f13) srli    t5, a2, 25
core   0: 3 0x80002e64 (0x01965f13) x30 0x00000000
core   0: 0x80002e68 (0xa74afc17) auipc   s8, 0xa74af
core   0: 3 0x80002e68 (0xa74afc17) x24 0x274b1e68
core   0: 0x80002e6c (0x009fdd13) srli    s10, t6, 9
core   0: 3 0x80002e6c (0x009fdd13) x26 0x0057cb30
core   0: 0x80002e70 (0x7daf7b93) andi    s7, t5, 2010
core   0: 3 0x80002e70 (0x7daf7b93) x23 0x00000000
core   0: 0x80002e74 (0x01f100b3) add     ra, sp, t6
core   0: 3 0x80002e74 (0x01f100b3) x 1 0x4f966000
core   0: 0x80002e78 (0xa4ab8e13) addi    t3, s7, -1462
core   0: 3 0x80002e78 (0xa4ab8e13) x28 0xfffffa4a
core   0: 0x80002e7c (0x00000013) nop
core   0: 3 0x80002e7c (0x00000013)
core   0: 0x80002e80 (0x00d21f33) sll     t5, tp, a3
core   0: 3 0x80002e80 (0x00d21f33) x30 0x2df05d86
core   0: 0x80002e84 (0x405e0233) sub     tp, t3, t0
core   0: 3 0x80002e84 (0x405e0233) x 4 0xdd548dd6
core   0: 0x80002e88 (0x005e1c13) slli    s8, t3, 5
core   0: 3 0x80002e88 (0x005e1c13) x24 0xffff4940
core   0: 0x80002e8c (0xf4a80493) addi    s1, a6, -182
core   0: 3 0x80002e8c (0xf4a80493) x 9 0xfffffeaf
core   0: 0x80002e90 (0x01ec5d93) srli    s11, s8, 30
core   0: 3 0x80002e90 (0x01ec5d93) x27 0x00000003
core   0: 0x80002e94 (0x01259933) sll     s2, a1, s2
core   0: 3 0x80002e94 (0x01259933) x18 0x00000000
core   0: 0x80002e98 (0x01f0f233) and     tp, ra, t6
core   0: 3 0x80002e98 (0x01f0f233) x 4 0x0f966000
core   0: 0x80002e9c (0x006563b3) or      t2, a0, t1
core   0: 3 0x80002e9c (0x006563b3) x 7 0x6effff3d
core   0: 0x80002ea0 (0xe1146093) ori     ra, s0, -495
core   0: 3 0x80002ea0 (0xe1146093) x 1 0xfffffe75
core   0: 0x80002ea4 (0x0131afb3) slt     t6, gp, s3
core   0: 3 0x80002ea4 (0x0131afb3) x31 0x00000000
core   0: 0x80002ea8 (0x00830bb3) add     s7, t1, s0
core   0: 3 0x80002ea8 (0x00830bb3) x23 0xa7002b80
core   0: 0x80002eac (0x003f5f93) srli    t6, t5, 3
core   0: 3 0x80002eac (0x003f5f93) x31 0x05be0bb0
core   0: 0x80002eb0 (0x011228b3) slt     a7, tp, a7
core   0: 3 0x80002eb0 (0x011228b3) x17 0x00000000
core   0: 0x80002eb4 (0x01d5ec33) or      s8, a1, t4
core   0: 3 0x80002eb4 (0x01d5ec33) x24 0x80000000
core   0: 0x80002eb8 (0xc6b0f293) andi    t0, ra, -917
core   0: 3 0x80002eb8 (0xc6b0f293) x 5 0xfffffc61
core   0: 0x80002ebc (0x00a0a4b3) slt     s1, ra, a0
core   0: 3 0x80002ebc (0x00a0a4b3) x 9 0x00000001
core   0: 0x80002ec0 (0x00a5db13) srli    s6, a1, 10
core   0: 3 0x80002ec0 (0x00a5db13) x22 0x00000000
core   0: 0x80002ec4 (0x00ef1113) slli    sp, t5, 14
core   0: 3 0x80002ec4 (0x00ef1113) x 2 0x17618000
core   0: 0x80002ec8 (0x00a26c33) or      s8, tp, a0
core   0: 3 0x80002ec8 (0x00a26c33) x24 0x4ffefe25
core   0: 0x80002ecc (0x01201893) slli    a7, zero, 18
core   0: 3 0x80002ecc (0x01201893) x17 0x00000000
core   0: 0x80002ed0 (0x41138733) sub     a4, t2, a7
core   0: 3 0x80002ed0 (0x41138733) x14 0x6effff3d
core   0: 0x80002ed4 (0x01e216b3) sll     a3, tp, t5
core   0: 3 0x80002ed4 (0x01e216b3) x13 0xe5980000
core   0: 0x80002ed8 (0x21de0693) addi    a3, t3, 541
core   0: 3 0x80002ed8 (0x21de0693) x13 0xfffffc67
core   0: 0x80002edc (0x050f1837) lui     a6, 0x50f1
core   0: 3 0x80002edc (0x050f1837) x16 0x050f1000
core   0: 0x80002ee0 (0x01719513) slli    a0, gp, 23
core   0: 3 0x80002ee0 (0x01719513) x10 0x12800000
core   0: 0x80002ee4 (0xab22ab93) slti    s7, t0, -1358
core   0: 3 0x80002ee4 (0xab22ab93) x23 0x00000000
core   0: 0x80002ee8 (0x263dcbb7) lui     s7, 0x263dc
core   0: 3 0x80002ee8 (0x263dcbb7) x23 0x263dc000
core   0: 0x80002eec (0x004a3933) sltu    s2, s4, tp
core   0: 3 0x80002eec (0x004a3933) x18 0x00000000
core   0: 0x80002ef0 (0x69f4bfb7) lui     t6, 0x69f4b
core   0: 3 0x80002ef0 (0x69f4bfb7) x31 0x69f4b000
core   0: 0x80002ef4 (0x01d62c33) slt     s8, a2, t4
core   0: 3 0x80002ef4 (0x01d62c33) x24 0x00000000
core   0: 0x80002ef8 (0x01933133) sltu    sp, t1, s9
core   0: 3 0x80002ef8 (0x01933133) x 2 0x00000001
core   0: 0x80002efc (0x00e29a13) slli    s4, t0, 14
core   0: 3 0x80002efc (0x00e29a13) x20 0xff184000
core   0: 0x80002f00 (0x4d08fa93) andi    s5, a7, 1232
core   0: 3 0x80002f00 (0x4d08fa93) x21 0x00000000
core   0: 0x80002f04 (0x8e1aa813) slti    a6, s5, -1823
core   0: 3 0x80002f04 (0x8e1aa813) x16 0x00000000
core   0: 0x80002f08 (0x6762c017) auipc   zero, 0x6762c
core   0: 3 0x80002f08 (0x6762c017)
core   0: 0x80002f0c (0x405587b3) sub     a5, a1, t0
core   0: 3 0x80002f0c (0x405587b3) x15 0x0000039f
core   0: 0x80002f10 (0x01ad3b33) sltu    s6, s10, s10
core   0: 3 0x80002f10 (0x01ad3b33) x22 0x00000000
core   0: 0x80002f14 (0x7bc67a13) andi    s4, a2, 1980
core   0: 3 0x80002f14 (0x7bc67a13) x20 0x00000000
core   0: 0x80002f18 (0x01535013) srli    zero, t1, 21
core   0: 3 0x80002f18 (0x01535013)
core   0: 0x80002f1c (0xf96262b7) lui     t0, 0xf9626
core   0: 3 0x80002f1c (0xf96262b7) x 5 0xf9626000
core   0: 0x80002f20 (0x00d8e1b3) or      gp, a7, a3
core   0: 3 0x80002f20 (0x00d8e1b3) x 3 0xfffffc67
core   0: 0x80002f24 (0xacd3cf13) xori    t5, t2, -1331
core   0: 3 0x80002f24 (0xacd3cf13) x30 0x910005f0
core   0: 0x80002f28 (0x018ce4b3) or      s1, s9, s8
core   0: 3 0x80002f28 (0x018ce4b3) x 9 0x80014ce4
core   0: 0x80002f2c (0x00ba3233) sltu    tp, s4, a1
core   0: 3 0x80002f2c (0x00ba3233) x 4 0x00000000
core   0: 0x80002f30 (0x00a2c9b3) xor     s3, t0, a0
core   0: 3 0x80002f30 (0x00a2c9b3) x19 0xebe26000
core   0: 0x80002f34 (0x00a4d633) srl     a2, s1, a0
core   0: 3 0x80002f34 (0x00a4d633) x12 0x80014ce4
core   0: 0x80002f38 (0x01bb56b3) srl     a3, s6, s11
core   0: 3 0x80002f38 (0x01bb56b3) x13 0x00000000
core   0: 0x80002f3c (0xce903313) sltiu   t1, zero, -791
core   0: 3 0x80002f3c (0xce903313) x 6 0x00000001
core   0: 0x80002f40 (0xb5318b93) addi    s7, gp, -1197
core   0: 3 0x80002f40 (0xb5318b93) x23 0xfffff7ba
core   0: 0x80002f44 (0x01529893) slli    a7, t0, 21
core   0: 3 0x80002f44 (0x01529893) x17 0x00000000
core   0: 0x80002f48 (0xed8e4193) xori    gp, t3, -296
core   0: 3 0x80002f48 (0xed8e4193) x 3 0x00000492
core   0: 0x80002f4c (0x01da12b3) sll     t0, s4, t4
core   0: 3 0x80002f4c (0x01da12b3) x 5 0x00000000
core   0: 0x80002f50 (0x017447b3) xor     a5, s0, s7
core   0: 3 0x80002f50 (0x017447b3) x15 0x7ffef9de
core   0: 0x80002f54 (0x3d214513) xori    a0, sp, 978
core   0: 3 0x80002f54 (0x3d214513) x10 0x000003d3
core   0: 0x80002f58 (0x8a224113) xori    sp, tp, -1886
core   0: 3 0x80002f58 (0x8a224113) x 2 0xfffff8a2
core   0: 0x80002f5c (0x01c764b3) or      s1, a4, t3
core   0: 3 0x80002f5c (0x01c764b3) x 9 0xffffff7f
core   0: 0x80002f60 (0xddefc613) xori    a2, t6, -546
core   0: 3 0x80002f60 (0xddefc613) x12 0x960b4dde
core   0: 0x80002f64 (0x99fb4213) xori    tp, s6, -1633
core   0: 3 0x80002f64 (0x99fb4213) x 4 0xfffff99f
core   0: 0x80002f68 (0x386f0a93) addi    s5, t5, 902
core   0: 3 0x80002f68 (0x386f0a93) x21 0x91000976
core   0: 0x80002f6c (0x41ba0db3) sub     s11, s4, s11
core   0: 3 0x80002f6c (0x41ba0db3) x27 0xfffffffd
core   0: 0x80002f70 (0xf020f213) andi    tp, ra, -254
core   0: 3 0x80002f70 (0xf020f213) x 4 0xfffffe00
core   0: 0x80002f74 (0xf0def913) andi    s2, t4, -243
core   0: 3 0x80002f74 (0xf0def913) x18 0x80000000
core   0: 0x80002f78 (0x252b8793) addi    a5, s7, 594
core   0: 3 0x80002f78 (0x252b8793) x15 0xfffffa0c
core   0: 0x80002f7c (0x31a2b193) sltiu   gp, t0, 794
core   0: 3 0x80002f7c (0x31a2b193) x 3 0x00000001
core   0: 0x80002f80 (0x01c15793) srli    a5, sp, 28
core   0: 3 0x80002f80 (0x01c15793) x15 0x0000000f
core   0: 0x80002f84 (0x01ce43b3) xor     t2, t3, t3
core   0: 3 0x80002f84 (0x01ce43b3) x 7 0x00000000
core   0: 0x80002f88 (0x00473bb3) sltu    s7, a4, tp
core   0: 3 0x80002f88 (0x00473bb3) x23 0x00000001
core   0: 0x80002f8c (0x01de63b3) or      t2, t3, t4
core   0: 3 0x80002f8c (0x01de63b3) x 7 0xfffffa4a
core   0: 0x80002f90 (0x01991c13) slli    s8, s2, 25
core   0: 3 0x80002f90 (0x01991c13) x24 0x00000000
core   0: 0x80002f94 (0x2b182117) auipc   sp, 0x2b182
core   0: 3 0x80002f94 (0x2b182117) x 2 0xab184f94
core   0: 0x80002f98 (0xe8cb81b7) lui     gp, 0xe8cb8
core   0: 3 0x80002f98 (0xe8cb81b7) x 3 0xe8cb8000
core   0: 0x80002f9c (0x40228bb3) sub     s7, t0, sp
core   0: 3 0x80002f9c (0x40228bb3) x23 0x54e7b06c
core   0: 0x80002fa0 (0xfe23af13) slti    t5, t2, -30
core   0: 3 0x80002fa0 (0xfe23af13) x30 0x00000001
core   0: 0x80002fa4 (0x00348933) add     s2, s1, gp
core   0: 3 0x80002fa4 (0x00348933) x18 0xe8cb7f7f
core   0: 0x80002fa8 (0x25f4c6b7) lui     a3, 0x25f4c
core   0: 3 0x80002fa8 (0x25f4c6b7) x13 0x25f4c000
core   0: 0x80002fac (0x418cdd93) srai    s11, s9, 24
core   0: 3 0x80002fac (0x418cdd93) x27 0xffffff80
core   0: 0x80002fb0 (0x01ba8733) add     a4, s5, s11
core   0: 3 0x80002fb0 (0x01ba8733) x14 0x910008f6
core   0: 0x80002fb4 (0x46a82f13) slti    t5, a6, 1130
core   0: 3 0x80002fb4 (0x46a82f13) x30 0x00000001
core   0: 0x80002fb8 (0x01186ab3) or      s5, a6, a7
core   0: 3 0x80002fb8 (0x01186ab3) x21 0x00000000
core   0: 0x80002fbc (0x01ce75b3) and     a1, t3, t3
core   0: 3 0x80002fbc (0x01ce75b3) x11 0xfffffa4a
core   0: 0x80002fc0 (0x019b04b3) add     s1, s6, s9
core   0: 3 0x80002fc0 (0x019b04b3) x 9 0x80014ce4
core   0: 0x80002fc4 (0x70848e13) addi    t3, s1, 1800
core   0: 3 0x80002fc4 (0x70848e13) x28 0x800153ec
core   0: 0x80002fc8 (0x44494037) lui     zero, 0x44494
core   0: 3 0x80002fc8 (0x44494037)
core   0: 0x80002fcc (0x402cd793) srai    a5, s9, 2
core   0: 3 0x80002fcc (0x402cd793) x15 0xe0005339
core   0: 0x80002fd0 (0x004d64b3) or      s1, s10, tp
core   0: 3 0x80002fd0 (0x004d64b3) x 9 0xffffff30
core   0: 0x80002fd4 (0x00b67ab3) and     s5, a2, a1
core   0: 3 0x80002fd4 (0x00b67ab3) x21 0x960b484a
core   0: 0x80002fd8 (0x013cde33) srl     t3, s9, s3
core   0: 3 0x80002fd8 (0x013cde33) x28 0x80014ce4
core   0: 0x80002fdc (0x4034d493) srai    s1, s1, 3
core   0: 3 0x80002fdc (0x4034d493) x 9 0xffffffe6
core   0: 0x80002fe0 (0x001762b3) or      t0, a4, ra
core   0: 3 0x80002fe0 (0x001762b3) x 5 0xfffffef7
core   0: 0x80002fe4 (0x00000013) nop
core   0: 3 0x80002fe4 (0x00000013)
core   0: 0x80002fe8 (0x01b7c133) xor     sp, a5, s11
core   0: 3 0x80002fe8 (0x01b7c133) x 2 0x1fffacb9
core   0: 0x80002fec (0x0153f833) and     a6, t2, s5
core   0: 3 0x80002fec (0x0153f833) x16 0x960b484a
core   0: 0x80002ff0 (0x01490d33) add     s10, s2, s4
core   0: 3 0x80002ff0 (0x01490d33) x26 0xe8cb7f7f
core   0: 0x80002ff4 (0x3e809fb7) lui     t6, 0x3e809
core   0: 3 0x80002ff4 (0x3e809fb7) x31 0x3e809000
core   0: 0x80002ff8 (0x95af8b93) addi    s7, t6, -1702
core   0: 3 0x80002ff8 (0x95af8b93) x23 0x3e80895a
core   0: 0x80002ffc (0x01bc69b3) or      s3, s8, s11
core   0: 3 0x80002ffc (0x01bc69b3) x19 0xffffff80
core   0: 0x80003000 (0x4033d393) srai    t2, t2, 3
core   0: 3 0x80003000 (0x4033d393) x 7 0xffffff49
core   0: 0x80003004 (0xb463e293) ori     t0, t2, -1210
core   0: 3 0x80003004 (0xb463e293) x 5 0xffffff4f
core   0: 0x80003008 (0x6d744913) xori    s2, s0, 1751
core   0: 3 0x80003008 (0x6d744913) x18 0x800108b3
core   0: 0x8000300c (0xedb3a317) auipc   t1, 0xedb3a
core   0: 3 0x8000300c (0xedb3a317) x 6 0x6db3d00c
core   0: 0x80003010 (0x41020033) sub     zero, tp, a6
core   0: 3 0x80003010 (0x41020033)
core   0: 0x80003014 (0x19680193) addi    gp, a6, 406
core   0: 3 0x80003014 (0x19680193) x 3 0x960b49e0
core   0: 0x80003018 (0x010f8db3) add     s11, t6, a6
core   0: 3 0x80003018 (0x010f8db3) x27 0xd48bd84a
core   0: 0x8000301c (0x63d97097) auipc   ra, 0x63d97
core   0: 3 0x8000301c (0x63d97097) x 1 0xe3d9a01c
core   0: 0x80003020 (0x50d92d93) slti    s11, s2, 1293
core   0: 3 0x80003020 (0x50d92d93) x27 0x00000001
core   0: 0x80003024 (0x407c0fb3) sub     t6, s8, t2
core   0: 3 0x80003024 (0x407c0fb3) x31 0x000000b7
core   0: 0x80003028 (0x40b7d313) srai    t1, a5, 11
core   0: 3 0x80003028 (0x40b7d313) x 6 0xfffc000a
core   0: 0x8000302c (0x29067993) andi    s3, a2, 656
core   0: 3 0x8000302c (0x29067993) x19 0x00000090
core   0: 0x80003030 (0x00000013) nop
core   0: 3 0x80003030 (0x00000013)
core   0: 0x80003034 (0x013d1133) sll     sp, s10, s3
core   0: 3 0x80003034 (0x013d1133) x 2 0x7f7f0000
core   0: 0x80003038 (0x01c19093) slli    ra, gp, 28
core   0: 3 0x80003038 (0x01c19093) x 1 0x00000000
core   0: 0x8000303c (0xb8a28f93) addi    t6, t0, -1142
core   0: 3 0x8000303c (0xb8a28f93) x31 0xfffffad9
core   0: 0x80003040 (0x4047d3b3) sra     t2, a5, tp
core   0: 3 0x80003040 (0x4047d3b3) x 7 0xe0005339
core   0: 0x80003044 (0xf2ca4913) xori    s2, s4, -212
core   0: 3 0x80003044 (0xf2ca4913) x18 0xffffff2c
core   0: 0x80003048 (0x0035a633) slt     a2, a1, gp
core   0: 3 0x80003048 (0x0035a633) x12 0x00000000
core   0: 0x8000304c (0x01e3d713) srli    a4, t2, 30
core   0: 3 0x8000304c (0x01e3d713) x14 0x00000003
core   0: 0x80003050 (0xc1e1ac13) slti    s8, gp, -994
core   0: 3 0x80003050 (0xc1e1ac13) x24 0x00000001
core   0: 0x80003054 (0x00a8a4b3) slt     s1, a7, a0
core   0: 3 0x80003054 (0x00a8a4b3) x 9 0x00000001
core   0: 0x80003058 (0x705d9637) lui     a2, 0x705d9
core   0: 3 0x80003058 (0x705d9637) x12 0x705d9000
core   0: 0x8000305c (0x007eebb3) or      s7, t4, t2
core   0: 3 0x8000305c (0x007eebb3) x23 0xe0005339
core   0: 0x80003060 (0x009bdd93) srli    s11, s7, 9
core   0: 3 0x80003060 (0x009bdd93) x27 0x00700029
core   0: 0x80003064 (0x002f6833) or      a6, t5, sp
core   0: 3 0x80003064 (0x002f6833) x16 0x7f7f0001
core   0: 0x80003068 (0x02bdbd13) sltiu   s10, s11, 43
core   0: 3 0x80003068 (0x02bdbd13) x26 0x00000000
core   0: 0x8000306c (0x2cef0d13) addi    s10, t5, 718
core   0: 3 0x8000306c (0x2cef0d13) x26 0x000002cf
core   0: 0x80003070 (0x0153dd33) srl     s10, t2, s5
core   0: 3 0x80003070 (0x0153dd33) x26 0x00380014
core   0: 0x80003074 (0xfb3b7293) andi    t0, s6, -77
core   0: 3 0x80003074 (0xfb3b7293) x 5 0x00000000
core   0: 0x80003078 (0x2acfb493) sltiu   s1, t6, 684
core   0: 3 0x80003078 (0x2acfb493) x 9 0x00000000
core   0: 0x8000307c (0x1b7d2d93) slti    s11, s10, 439
core   0: 3 0x8000307c (0x1b7d2d93) x27 0x00000000
core   0: 0x80003080 (0x00000013) nop
core   0: 3 0x80003080 (0x00000013)
core   0: 0x80003084 (0x002a0a33) add     s4, s4, sp
core   0: 3 0x80003084 (0x002a0a33) x20 0x7f7f0000
core   0: 0x80003088 (0x00099633) sll     a2, s3, zero
core   0: 3 0x80003088 (0x00099633) x12 0x00000090
core   0: 0x8000308c (0x006152b3) srl     t0, sp, t1
core   0: 3 0x8000308c (0x006152b3) x 5 0x001fdfc0
core   0: 0x80003090 (0xc5bd3b93) sltiu   s7, s10, -933
core   0: 3 0x80003090 (0xc5bd3b93) x23 0x00000001
core   0: 0x80003094 (0xae099f37) lui     t5, 0xae099
core   0: 3 0x80003094 (0xae099f37) x30 0xae099000
core   0: 0x80003098 (0xbdcbb713) sltiu   a4, s7, -1060
core   0: 3 0x80003098 (0xbdcbb713) x14 0x00000001
core   0: 0x8000309c (0x41cfd293) srai    t0, t6, 28
core   0: 3 0x8000309c (0x41cfd293) x 5 0xffffffff
core   0: 0x800030a0 (0xd74cea97) auipc   s5, 0xd74ce
core   0: 3 0x800030a0 (0xd74cea97) x21 0x574d10a0
core   0: 0x800030a4 (0x83b8eb37) lui     s6, 0x83b8e
core   0: 3 0x800030a4 (0x83b8eb37) x22 0x83b8e000
core   0: 0x800030a8 (0x00b4d693) srli    a3, s1, 11
core   0: 3 0x800030a8 (0x00b4d693) x13 0x00000000
core   0: 0x800030ac (0x00d85593) srli    a1, a6, 13
core   0: 3 0x800030ac (0x00d85593) x11 0x0003fbf8
core   0: 0x800030b0 (0x009f59b3) srl     s3, t5, s1
core   0: 3 0x800030b0 (0x009f59b3) x19 0xae099000
core   0: 0x800030b4 (0x00586533) or      a0, a6, t0
core   0: 3 0x800030b4 (0x00586533) x10 0xffffffff
core   0: 0x800030b8 (0xcc44c613) xori    a2, s1, -828
core   0: 3 0x800030b8 (0xcc44c613) x12 0xfffffcc4
core   0: 0x800030bc (0xcb02b093) sltiu   ra, t0, -848
core   0: 3 0x800030bc (0xcb02b093) x 1 0x00000000
core   0: 0x800030c0 (0x01bc7533) and     a0, s8, s11
core   0: 3 0x800030c0 (0x01bc7533) x10 0x00000000
core   0: 0x800030c4 (0x01b55fb3) srl     t6, a0, s11
core   0: 3 0x800030c4 (0x01b55fb3) x31 0x00000000
core   0: 0x800030c8 (0xf0ab2493) slti    s1, s6, -246
core   0: 3 0x800030c8 (0xf0ab2493) x 9 0x00000001
core   0: 0x800030cc (0x00ba5333) srl     t1, s4, a1
core   0: 3 0x800030cc (0x00ba5333) x 6 0x0000007f
core   0: 0x800030d0 (0x007f8033) add     zero, t6, t2
core   0: 3 0x800030d0 (0x007f8033)
core   0: 0x800030d4 (0xca957093) andi    ra, a0, -855
core   0: 3 0x800030d4 (0xca957093) x 1 0x00000000
core   0: 0x800030d8 (0x01969d33) sll     s10, a3, s9
core   0: 3 0x800030d8 (0x01969d33) x26 0x00000000
core   0: 0x800030dc (0x41bbd8b3) sra     a7, s7, s11
core   0: 3 0x800030dc (0x41bbd8b3) x17 0x00000001
core   0: 0x800030e0 (0x17b27493) andi    s1, tp, 379
core   0: 3 0x800030e0 (0x17b27493) x 9 0x00000000
core   0: 0x800030e4 (0x00c2da93) srli    s5, t0, 12
core   0: 3 0x800030e4 (0x00c2da93) x21 0x000fffff
core   0: 0x800030e8 (0x745510b7) lui     ra, 0x74551
core   0: 3 0x800030e8 (0x745510b7) x 1 0x74551000
core   0: 0x800030ec (0x4147dfb3) sra     t6, a5, s4
core   0: 3 0x800030ec (0x4147dfb3) x31 0xe0005339
core   0: 0x800030f0 (0x43660713) addi    a4, a2, 1078
core   0: 3 0x800030f0 (0x43660713) x14 0x000000fa
core   0: 0x800030f4 (0x0e3a6e13) ori     t3, s4, 227
core   0: 3 0x800030f4 (0x0e3a6e13) x28 0x7f7f00e3
core   0: 0x800030f8 (0x01f4c033) xor     zero, s1, t6
core   0: 3 0x800030f8 (0x01f4c033)
core   0: 0x800030fc (0x01a03fb3) snez    t6, s10
core   0: 3 0x800030fc (0x01a03fb3) x31 0x00000000
core   0: 0x80003100 (0x40f3de13) srai    t3, t2, 15
core   0: 3 0x80003100 (0x40f3de13) x28 0xffffc000
core   0: 0x80003104 (0x01e51933) sll     s2, a0, t5
core   0: 3 0x80003104 (0x01e51933) x18 0x00000000
core   0: 0x80003108 (0x2c0ba513) slti    a0, s7, 704
core   0: 3 0x80003108 (0x2c0ba513) x10 0x00000001
core   0: 0x8000310c (0x005d9533) sll     a0, s11, t0
core   0: 3 0x8000310c (0x005d9533) x10 0x00000000
core   0: 0x80003110 (0x004e5d33) srl     s10, t3, tp
core   0: 3 0x80003110 (0x004e5d33) x26 0xffffc000
core   0: 0x80003114 (0x55b52537) lui     a0, 0x55b52
core   0: 3 0x80003114 (0x55b52537) x10 0x55b52000
core   0: 0x80003118 (0xa352c693) xori    a3, t0, -1483
core   0: 3 0x80003118 (0xa352c693) x13 0x000005ca
core   0: 0x8000311c (0x00a41b33) sll     s6, s0, a0
core   0: 3 0x8000311c (0x00a41b33) x22 0x80010e64
core   0: 0x80003120 (0x62204693) xori    a3, zero, 1570
core   0: 3 0x80003120 (0x62204693) x13 0x00000622
core   0: 0x80003124 (0x00000013) nop
core   0: 3 0x80003124 (0x00000013)
core   0: 0x80003128 (0xb0f8e713) ori     a4, a7, -1265
core   0: 3 0x80003128 (0xb0f8e713) x14 0xfffffb0f
core   0: 0x8000312c (0x01745733) srl     a4, s0, s7
core   0: 3 0x8000312c (0x01745733) x14 0x40008732
core   0: 0x80003130 (0x3b804893) xori    a7, zero, 952
core   0: 3 0x80003130 (0x3b804893) x17 0x000003b8
core   0: 0x80003134 (0x01fcdc33) srl     s8, s9, t6
core   0: 3 0x80003134 (0x01fcdc33) x24 0x80014ce4
core   0: 0x80003138 (0x01f0bb33) sltu    s6, ra, t6
core   0: 3 0x80003138 (0x01f0bb33) x22 0x00000000
core   0: 0x8000313c (0xee935497) auipc   s1, 0xee935
core   0: 3 0x8000313c (0xee935497) x 9 0x6e93813c
core   0: 0x80003140 (0x2683d2b7) lui     t0, 0x2683d
core   0: 3 0x80003140 (0x2683d2b7) x 5 0x2683d000
core   0: 0x80003144 (0xaa7d1d17) auipc   s10, 0xaa7d1
core   0: 3 0x80003144 (0xaa7d1d17) x26 0x2a7d4144
core   0: 0x80003148 (0x409783b3) sub     t2, a5, s1
core   0: 3 0x80003148 (0x409783b3) x 7 0x716cd1fd
core   0: 0x8000314c (0x57426613) ori     a2, tp, 1396
core   0: 3 0x8000314c (0x57426613) x12 0xffffff74
core   0: 0x80003150 (0xc5f60213) addi    tp, a2, -929
core   0: 3 0x80003150 (0xc5f60213) x 4 0xfffffbd3
core   0: 0x80003154 (0x40085b13) srai    s6, a6, 0
core   0: 3 0x80003154 (0x40085b13) x22 0x7f7f0001
core   0: 0x80003158 (0x01b47a33) and     s4, s0, s11
core   0: 3 0x80003158 (0x01b47a33) x20 0x00000000
core   0: 0x8000315c (0x41545333) sra     t1, s0, s5
core   0: 3 0x8000315c (0x41545333) x 6 0xffffffff
core   0: 0x80003160 (0x9cb72337) lui     t1, 0x9cb72
core   0: 3 0x80003160 (0x9cb72337) x 6 0x9cb72000
core   0: 0x80003164 (0x003e9033) sll     zero, t4, gp
core   0: 3 0x80003164 (0x003e9033)
core   0: 0x80003168 (0x0031d9b3) srl     s3, gp, gp
core   0: 3 0x80003168 (0x0031d9b3) x19 0x960b49e0
core   0: 0x8000316c (0x01e074b3) and     s1, zero, t5
core   0: 3 0x8000316c (0x01e074b3) x 9 0x00000000
core   0: 0x80003170 (0xe96115b7) lui     a1, 0xe9611
core   0: 3 0x80003170 (0xe96115b7) x11 0xe9611000
core   0: 0x80003174 (0x01d6b633) sltu    a2, a3, t4
core   0: 3 0x80003174 (0x01d6b633) x12 0x00000001
core   0: 0x80003178 (0x016543b3) xor     t2, a0, s6
core   0: 3 0x80003178 (0x016543b3) x 7 0x2aca2001
core   0: 0x8000317c (0x7e4f2613) slti    a2, t5, 2020
core   0: 3 0x8000317c (0x7e4f2613) x12 0x00000001
core   0: 0x80003180 (0x01d629b3) slt     s3, a2, t4
core   0: 3 0x80003180 (0x01d629b3) x19 0x00000000
core   0: 0x80003184 (0x41545233) sra     tp, s0, s5
core   0: 3 0x80003184 (0x41545233) x 4 0xffffffff
core   0: 0x80003188 (0x00d15013) srli    zero, sp, 13
core   0: 3 0x80003188 (0x00d15013)
core   0: 0x8000318c (0x01909693) slli    a3, ra, 25
core   0: 3 0x8000318c (0x01909693) x13 0x00000000
core   0: 0x80003190 (0x01c2e4b3) or      s1, t0, t3
core   0: 3 0x80003190 (0x01c2e4b3) x 9 0xffffd000
core   0: 0x80003194 (0x01005613) srli    a2, zero, 16
core   0: 3 0x80003194 (0x01005613) x12 0x00000000
core   0: 0x80003198 (0x014aff33) and     t5, s5, s4
core   0: 3 0x80003198 (0x014aff33) x30 0x00000000
core   0: 0x8000319c (0x00555b13) srli    s6, a0, 5
core   0: 3 0x8000319c (0x00555b13) x22 0x02ada900
core   0: 0x800031a0 (0x4d2e2fb7) lui     t6, 0x4d2e2
core   0: 3 0x800031a0 (0x4d2e2fb7) x31 0x4d2e2000
core   0: 0x800031a4 (0x36290f37) lui     t5, 0x36290
core   0: 3 0x800031a4 (0x36290f37) x30 0x36290000
core   0: 0x800031a8 (0x41fdd213) srai    tp, s11, 31
core   0: 3 0x800031a8 (0x41fdd213) x 4 0x00000000
core   0: 0x800031ac (0x00000013) nop
core   0: 3 0x800031ac (0x00000013)
core   0: 0x800031b0 (0x25a3ed93) ori     s11, t2, 602
core   0: 3 0x800031b0 (0x25a3ed93) x27 0x2aca225b
core   0: 0x800031b4 (0x00455fb3) srl     t6, a0, tp
core   0: 3 0x800031b4 (0x00455fb3) x31 0x55b52000
core   0: 0x800031b8 (0x005cf733) and     a4, s9, t0
core   0: 3 0x800031b8 (0x005cf733) x14 0x00014000
core   0: 0x800031bc (0xd49ab097) auipc   ra, 0xd49ab
core   0: 3 0x800031bc (0xd49ab097) x 1 0x549ae1bc
core   0: 0x800031c0 (0x010fbbb3) sltu    s7, t6, a6
core   0: 3 0x800031c0 (0x010fbbb3) x23 0x00000001
core   0: 0x800031c4 (0xd4e4a5b7) lui     a1, 0xd4e4a
core   0: 3 0x800031c4 (0xd4e4a5b7) x11 0xd4e4a000
core   0: 0x800031c8 (0x01a7c4b3) xor     s1, a5, s10
core   0: 3 0x800031c8 (0x01a7c4b3) x 9 0xca7d127d
core   0: 0x800031cc (0x93fd3c17) auipc   s8, 0x93fd3
core   0: 3 0x800031cc (0x93fd3c17) x24 0x13fd61cc
core   0: 0x800031d0 (0x00855213) srli    tp, a0, 8
core   0: 3 0x800031d0 (0x00855213) x 4 0x0055b520
core   0: 0x800031d4 (0x01c93233) sltu    tp, s2, t3
core   0: 3 0x800031d4 (0x01c93233) x 4 0x00000001
core   0: 0x800031d8 (0x40528733) sub     a4, t0, t0
core   0: 3 0x800031d8 (0x40528733) x14 0x00000000
core   0: 0x800031dc (0x0054c533) xor     a0, s1, t0
core   0: 3 0x800031dc (0x0054c533) x10 0xecfec27d
core   0: 0x800031e0 (0x82004197) auipc   gp, 0x82004
core   0: 3 0x800031e0 (0x82004197) x 3 0x020071e0
core   0: 0x800031e4 (0x01518d33) add     s10, gp, s5
core   0: 3 0x800031e4 (0x01518d33) x26 0x021071df
core   0: 0x800031e8 (0xb6558113) addi    sp, a1, -1179
core   0: 3 0x800031e8 (0xb6558113) x 2 0xd4e49b65
core   0: 0x800031ec (0x003eedb3) or      s11, t4, gp
core   0: 3 0x800031ec (0x003eedb3) x27 0x820071e0
core   0: 0x800031f0 (0x00239813) slli    a6, t2, 2
core   0: 3 0x800031f0 (0x00239813) x16 0xab288004
core   0: 0x800031f4 (0x00624333) xor     t1, tp, t1
core   0: 3 0x800031f4 (0x00624333) x 6 0x9cb72001
core   0: 0x800031f8 (0x1dc07613) andi    a2, zero, 476
core   0: 3 0x800031f8 (0x1dc07613) x12 0x00000000
core   0: 0x800031fc (0x72fa4b93) xori    s7, s4, 1839
core   0: 3 0x800031fc (0x72fa4b93) x23 0x0000072f
core   0: 0x80003200 (0x001a38b3) sltu    a7, s4, ra
core   0: 3 0x80003200 (0x001a38b3) x17 0x00000001
core   0: 0x80003204 (0x002e8633) add     a2, t4, sp
core   0: 3 0x80003204 (0x002e8633) x12 0x54e49b65
core   0: 0x80003208 (0x2d9c8b13) addi    s6, s9, 729
core   0: 3 0x80003208 (0x2d9c8b13) x22 0x80014fbd
core   0: 0x8000320c (0x00000013) nop
core   0: 3 0x8000320c (0x00000013)
core   0: 0x80003210 (0x40b1d7b3) sra     a5, gp, a1
core   0: 3 0x80003210 (0x40b1d7b3) x15 0x020071e0
core   0: 0x80003214 (0x37b0b313) sltiu   t1, ra, 891
core   0: 3 0x80003214 (0x37b0b313) x 6 0x00000000
core   0: 0x80003218 (0x00000013) nop
core   0: 3 0x80003218 (0x00000013)
core   0: 0x8000321c (0x961ecd13) xori    s10, t4, -1695
core   0: 3 0x8000321c (0x961ecd13) x26 0x7ffff961
core   0: 0x80003220 (0x00879a93) slli    s5, a5, 8
core   0: 3 0x80003220 (0x00879a93) x21 0x0071e000
core   0: 0x80003224 (0x95f52d93) slti    s11, a0, -1697
core   0: 3 0x80003224 (0x95f52d93) x27 0x00000001
core   0: 0x80003228 (0xd71dc113) xori    sp, s11, -655
core   0: 3 0x80003228 (0xd71dc113) x 2 0xfffffd70
core   0: 0x8000322c (0x8cd47213) andi    tp, s0, -1843
core   0: 3 0x8000322c (0x8cd47213) x 4 0x80010844
core   0: 0x80003230 (0x4174d313) srai    t1, s1, 23
core   0: 3 0x80003230 (0x4174d313) x 6 0xffffff94
core   0: 0x80003234 (0xa1468c13) addi    s8, a3, -1516
core   0: 3 0x80003234 (0xa1468c13) x24 0xfffffa14
core   0: 0x80003238 (0xec3dfa93) andi    s5, s11, -317
core   0: 3 0x80003238 (0xec3dfa93) x21 0x00000001
core   0: 0x8000323c (0x405007b7) lui     a5, 0x40500
core   0: 3 0x8000323c (0x405007b7) x15 0x40500000
core   0: 0x80003240 (0x2e73a1b7) lui     gp, 0x2e73a
core   0: 3 0x80003240 (0x2e73a1b7) x 3 0x2e73a000
core   0: 0x80003244 (0xec9f7793) andi    a5, t5, -311
core   0: 3 0x80003244 (0xec9f7793) x15 0x36290000
core   0: 0x80003248 (0x00000013) nop
core   0: 3 0x80003248 (0x00000013)
core   0: 0x8000324c (0x41e0d9b3) sra     s3, ra, t5
core   0: 3 0x8000324c (0x41e0d9b3) x19 0x549ae1bc
core   0: 0x80003250 (0x019724b3) slt     s1, a4, s9
core   0: 3 0x80003250 (0x019724b3) x 9 0x00000000
core   0: 0x80003254 (0x8ff86113) ori     sp, a6, -1793
core   0: 3 0x80003254 (0x8ff86113) x 2 0xfffff8ff
core   0: 0x80003258 (0x01b513b3) sll     t2, a0, s11
core   0: 3 0x80003258 (0x01b513b3) x 7 0xd9fd84fa
core   0: 0x8000325c (0x632e7013) andi    zero, t3, 1586
core   0: 3 0x8000325c (0x632e7013)
core   0: 0x80003260 (0x01e77133) and     sp, a4, t5
core   0: 3 0x80003260 (0x01e77133) x 2 0x00000000
core   0: 0x80003264 (0x41065993) srai    s3, a2, 16
core   0: 3 0x80003264 (0x41065993) x19 0x000054e4
core   0: 0x80003268 (0x87b74193) xori    gp, a4, -1925
core   0: 3 0x80003268 (0x87b74193) x 3 0xfffff87b
core   0: 0x8000326c (0x128f8793) addi    a5, t6, 296
core   0: 3 0x8000326c (0x128f8793) x15 0x55b52128
core   0: 0x80003270 (0xdad7e213) ori     tp, a5, -595
core   0: 3 0x80003270 (0xdad7e213) x 4 0xfffffdad
core   0: 0x80003274 (0x00bb76b3) and     a3, s6, a1
core   0: 3 0x80003274 (0x00bb76b3) x13 0x80000000
core   0: 0x80003278 (0x77fdfb97) auipc   s7, 0x77fdf
core   0: 3 0x80003278 (0x77fdfb97) x23 0xf7fe2278
core   0: 0x8000327c (0x00401c33) sll     s8, zero, tp
core   0: 3 0x8000327c (0x00401c33) x24 0x00000000
core   0: 0x80003280 (0x00000013) nop
core   0: 3 0x80003280 (0x00000013)
core   0: 0x80003284 (0xbe0af013) andi    zero, s5, -1056
core   0: 3 0x80003284 (0xbe0af013)
core   0: 0x80003288 (0x00e976b3) and     a3, s2, a4
core   0: 3 0x80003288 (0x00e976b3) x13 0x00000000
core   0: 0x8000328c (0x98badfb7) lui     t6, 0x98bad
core   0: 3 0x8000328c (0x98badfb7) x31 0x98bad000
core   0: 0x80003290 (0xe5e1f013) andi    zero, gp, -418
core   0: 3 0x80003290 (0xe5e1f013)
core   0: 0x80003294 (0x00000013) nop
core   0: 3 0x80003294 (0x00000013)
core   0: 0x80003298 (0x018d1c13) slli    s8, s10, 24
core   0: 3 0x80003298 (0x018d1c13) x24 0x61000000
core   0: 0x8000329c (0x00000013) nop
core   0: 3 0x8000329c (0x00000013)
core   0: 0x800032a0 (0x83577b13) andi    s6, a4, -1995
core   0: 3 0x800032a0 (0x83577b13) x22 0x00000000
core   0: 0x800032a4 (0x00242033) slt     zero, s0, sp
core   0: 3 0x800032a4 (0x00242033)
core   0: 0x800032a8 (0x0a1df693) andi    a3, s11, 161
core   0: 3 0x800032a8 (0x0a1df693) x13 0x00000001
core   0: 0x800032ac (0x3c5e3293) sltiu   t0, t3, 965
core   0: 3 0x800032ac (0x3c5e3293) x 5 0x00000000
core   0: 0x800032b0 (0x1a2dae13) slti    t3, s11, 418
core   0: 3 0x800032b0 (0x1a2dae13) x28 0x00000001
core   0: 0x800032b4 (0xfd38c513) xori    a0, a7, -45
core   0: 3 0x800032b4 (0xfd38c513) x10 0xffffffd2
core   0: 0x800032b8 (0x00561b13) slli    s6, a2, 5
core   0: 3 0x800032b8 (0x00561b13) x22 0x9c936ca0
core   0: 0x800032bc (0x404f5a13) srai    s4, t5, 4
core   0: 3 0x800032bc (0x404f5a13) x20 0x03629000
core   0: 0x800032c0 (0x00704033) xor     zero, zero, t2
core   0: 3 0x800032c0 (0x00704033)
core   0: 0x800032c4 (0x071aa237) lui     tp, 0x71aa
core   0: 3 0x800032c4 (0x071aa237) x 4 0x071aa000
core   0: 0x800032c8 (0x40c0de13) srai    t3, ra, 12
core   0: 3 0x800032c8 (0x40c0de13) x28 0x000549ae
core   0: 0x800032cc (0x408ad8b3) sra     a7, s5, s0
core   0: 3 0x800032cc (0x408ad8b3) x17 0x00000000
core   0: 0x800032d0 (0x00ad5893) srli    a7, s10, 10
core   0: 3 0x800032d0 (0x00ad5893) x17 0x001ffffe
core   0: 0x800032d4 (0x01de78b3) and     a7, t3, t4
core   0: 3 0x800032d4 (0x01de78b3) x17 0x00000000
core   0: 0x800032d8 (0x400f5793) srai    a5, t5, 0
core   0: 3 0x800032d8 (0x400f5793) x15 0x36290000
core   0: 0x800032dc (0x06393b97) auipc   s7, 0x6393
core   0: 3 0x800032dc (0x06393b97) x23 0x863962dc
core   0: 0x800032e0 (0x019b5a33) srl     s4, s6, s9
core   0: 3 0x800032e0 (0x019b5a33) x20 0x09c936ca
core   0: 0x800032e4 (0x4187dab3) sra     s5, a5, s8
core   0: 3 0x800032e4 (0x4187dab3) x21 0x36290000
core   0: 0x800032e8 (0x016e9d13) slli    s10, t4, 22
core   0: 3 0x800032e8 (0x016e9d13) x26 0x00000000
core   0: 0x800032ec (0x2a78b7b7) lui     a5, 0x2a78b
core   0: 3 0x800032ec (0x2a78b7b7) x15 0x2a78b000
core   0: 0x800032f0 (0x00a2a1b3) slt     gp, t0, a0
core   0: 3 0x800032f0 (0x00a2a1b3) x 3 0x00000000
core   0: 0x800032f4 (0x012cd933) srl     s2, s9, s2
core   0: 3 0x800032f4 (0x012cd933) x18 0x80014ce4
core   0: 0x800032f8 (0x92a1e193) ori     gp, gp, -1750
core   0: 3 0x800032f8 (0x92a1e193) x 3 0xfffff92a
core   0: 0x800032fc (0x015b54b3) srl     s1, s6, s5
core   0: 3 0x800032fc (0x015b54b3) x 9 0x9c936ca0
core   0: 0x80003300 (0x005f7db3) and     s11, t5, t0
core   0: 3 0x80003300 (0x005f7db3) x27 0x00000000
core   0: 0x80003304 (0x41b75db3) sra     s11, a4, s11
core   0: 3 0x80003304 (0x41b75db3) x27 0x00000000
core   0: 0x80003308 (0x631277b7) lui     a5, 0x63127
core   0: 3 0x80003308 (0x631277b7) x15 0x63127000
core   0: 0x8000330c (0xf43b3c13) sltiu   s8, s6, -189
core   0: 3 0x8000330c (0xf43b3c13) x24 0x00000001
core   0: 0x80003310 (0x2f1b8493) addi    s1, s7, 753
core   0: 3 0x80003310 (0x2f1b8493) x 9 0x863965cd
core   0: 0x80003314 (0xdd20fb37) lui     s6, 0xdd20f
core   0: 3 0x80003314 (0xdd20fb37) x22 0xdd20f000
core   0: 0x80003318 (0x4152de33) sra     t3, t0, s5
core   0: 3 0x80003318 (0x4152de33) x28 0x00000000
core   0: 0x8000331c (0x00ee3133) sltu    sp, t3, a4
core   0: 3 0x8000331c (0x00ee3133) x 2 0x00000000
core   0: 0x80003320 (0x0146ae33) slt     t3, a3, s4
core   0: 3 0x80003320 (0x0146ae33) x28 0x00000001
core   0: 0x80003324 (0x1e3a05b7) lui     a1, 0x1e3a0
core   0: 3 0x80003324 (0x1e3a05b7) x11 0x1e3a0000
core   0: 0x80003328 (0x47903f93) sltiu   t6, zero, 1145
core   0: 3 0x80003328 (0x47903f93) x31 0x00000001
core   0: 0x8000332c (0x00c7f733) and     a4, a5, a2
core   0: 3 0x8000332c (0x00c7f733) x14 0x40001000
core   0: 0x80003330 (0x41d7d2b3) sra     t0, a5, t4
core   0: 3 0x80003330 (0x41d7d2b3) x 5 0x63127000
core   0: 0x80003334 (0x00000013) nop
core   0: 3 0x80003334 (0x00000013)
core   0: 0x80003338 (0x00e48833) add     a6, s1, a4
core   0: 3 0x80003338 (0x00e48833) x16 0xc63975cd
core   0: 0x8000333c (0x42b14913) xori    s2, sp, 1067
core   0: 3 0x8000333c (0x42b14913) x18 0x0000042b
core   0: 0x80003340 (0x01bbf833) and     a6, s7, s11
core   0: 3 0x80003340 (0x01bbf833) x16 0x00000000
core   0: 0x80003344 (0x01a006b3) add     a3, zero, s10
core   0: 3 0x80003344 (0x01a006b3) x13 0x00000000
core   0: 0x80003348 (0x0185ad33) slt     s10, a1, s8
core   0: 3 0x80003348 (0x0185ad33) x26 0x00000000
core   0: 0x8000334c (0x01135613) srli    a2, t1, 17
core   0: 3 0x8000334c (0x01135613) x12 0x00007fff
core   0: 0x80003350 (0x0045c533) xor     a0, a1, tp
core   0: 3 0x80003350 (0x0045c533) x10 0x1920a000
core   0: 0x80003354 (0x4af8b213) sltiu   tp, a7, 1199
core   0: 3 0x80003354 (0x4af8b213) x 4 0x00000001
core   0: 0x80003358 (0x006fdb33) srl     s6, t6, t1
core   0: 3 0x80003358 (0x006fdb33) x22 0x00000000
core   0: 0x8000335c (0x4098df13) srai    t5, a7, 9
core   0: 3 0x8000335c (0x4098df13) x30 0x00000000
core   0: 0x80003360 (0x015962b3) or      t0, s2, s5
core   0: 3 0x80003360 (0x015962b3) x 5 0x3629042b
core   0: 0x80003364 (0x68517c13) andi    s8, sp, 1669
core   0: 3 0x80003364 (0x68517c13) x24 0x00000000
core   0: 0x80003368 (0x00a42ab3) slt     s5, s0, a0
core   0: 3 0x80003368 (0x00a42ab3) x21 0x00000001
core   0: 0x8000336c (0x95097393) andi    t2, s2, -1712
core   0: 3 0x8000336c (0x95097393) x 7 0x00000000
core   0: 0x80003370 (0xc8e47913) andi    s2, s0, -882
core   0: 3 0x80003370 (0xc8e47913) x18 0x80010c04
core   0: 0x80003374 (0x00445293) srli    t0, s0, 4
core   0: 3 0x80003374 (0x00445293) x 5 0x080010e6
core   0: 0x80003378 (0x010f9a33) sll     s4, t6, a6
core   0: 3 0x80003378 (0x010f9a33) x20 0x00000001
core   0: 0x8000337c (0x4134b013) sltiu   zero, s1, 1043
core   0: 3 0x8000337c (0x4134b013)
core   0: 0x80003380 (0x005ad233) srl     tp, s5, t0
core   0: 3 0x80003380 (0x005ad233) x 4 0x00000000
core   0: 0x80003384 (0x0186eab3) or      s5, a3, s8
core   0: 3 0x80003384 (0x0186eab3) x21 0x00000000
core   0: 0x80003388 (0x41485a33) sra     s4, a6, s4
core   0: 3 0x80003388 (0x41485a33) x20 0x00000000
core   0: 0x8000338c (0x5a40af93) slti    t6, ra, 1444
core   0: 3 0x8000338c (0x5a40af93) x31 0x00000000
core   0: 0x80003390 (0x009b5db3) srl     s11, s6, s1
core   0: 3 0x80003390 (0x009b5db3) x27 0x00000000
core   0: 0x80003394 (0x00a910b3) sll     ra, s2, a0
core   0: 3 0x80003394 (0x00a910b3) x 1 0x80010c04
core   0: 0x80003398 (0x307d0f93) addi    t6, s10, 775
core   0: 3 0x80003398 (0x307d0f93) x31 0x00000307
core   0: 0x8000339c (0x4102d733) sra     a4, t0, a6
core   0: 3 0x8000339c (0x4102d733) x14 0x080010e6
core   0: 0x800033a0 (0x011edc13) srli    s8, t4, 17
core   0: 3 0x800033a0 (0x011edc13) x24 0x00004000
core   0: 0x800033a4 (0x4d583f17) auipc   t5, 0x4d583
core   0: 3 0x800033a4 (0x4d583f17) x30 0xcd5863a4
core   0: 0x800033a8 (0x40d30333) sub     t1, t1, a3
core   0: 3 0x800033a8 (0x40d30333) x 6 0xffffff94
core   0: 0x800033ac (0x67e20b93) addi    s7, tp, 1662
core   0: 3 0x800033ac (0x67e20b93) x23 0x0000067e
core   0: 0x800033b0 (0x01257d33) and     s10, a0, s2
core   0: 3 0x800033b0 (0x01257d33) x26 0x00000000
core   0: 0x800033b4 (0x00841d93) slli    s11, s0, 8
core   0: 3 0x800033b4 (0x00841d93) x27 0x010e6400
core   0: 0x800033b8 (0x013c8c33) add     s8, s9, s3
core   0: 3 0x800033b8 (0x013c8c33) x24 0x8001a1c8
core   0: 0x800033bc (0x016c3333) sltu    t1, s8, s6
core   0: 3 0x800033bc (0x016c3333) x 6 0x00000000
core   0: 0x800033c0 (0x274effb7) lui     t6, 0x274ef
core   0: 3 0x800033c0 (0x274effb7) x31 0x274ef000
core   0: 0x800033c4 (0x41b20233) sub     tp, tp, s11
core   0: 3 0x800033c4 (0x41b20233) x 4 0xfef19c00
core   0: 0x800033c8 (0x01407933) and     s2, zero, s4
core   0: 3 0x800033c8 (0x01407933) x18 0x00000000
core   0: 0x800033cc (0x013d0d33) add     s10, s10, s3
core   0: 3 0x800033cc (0x013d0d33) x26 0x000054e4
core   0: 0x800033d0 (0x9f83c913) xori    s2, t2, -1544
core   0: 3 0x800033d0 (0x9f83c913) x18 0xfffff9f8
core   0: 0x800033d4 (0x01daf033) and     zero, s5, t4
core   0: 3 0x800033d4 (0x01daf033)
core   0: 0x800033d8 (0x0183e833) or      a6, t2, s8
core   0: 3 0x800033d8 (0x0183e833) x16 0x8001a1c8
core   0: 0x800033dc (0xf814f513) andi    a0, s1, -127
core   0: 3 0x800033dc (0xf814f513) x10 0x86396581
core   0: 0x800033e0 (0x407ad2b3) sra     t0, s5, t2
core   0: 3 0x800033e0 (0x407ad2b3) x 5 0x00000000
core   0: 0x800033e4 (0x00b4b933) sltu    s2, s1, a1
core   0: 3 0x800033e4 (0x00b4b933) x18 0x00000000
core   0: 0x800033e8 (0x004d5893) srli    a7, s10, 4
core   0: 3 0x800033e8 (0x004d5893) x17 0x0000054e
core   0: 0x800033ec (0x41f7aa13) slti    s4, a5, 1055
core   0: 3 0x800033ec (0x41f7aa13) x20 0x00000000
core   0: 0x800033f0 (0x027d8993) addi    s3, s11, 39
core   0: 3 0x800033f0 (0x027d8993) x19 0x010e6427
core   0: 0x800033f4 (0x403003b3) sub     t2, zero, gp
core   0: 3 0x800033f4 (0x403003b3) x 7 0x000006d6
core   0: 0x800033f8 (0x00f8f1b3) and     gp, a7, a5
core   0: 3 0x800033f8 (0x00f8f1b3) x 3 0x00000000
core   0: 0x800033fc (0x007e51b3) srl     gp, t3, t2
core   0: 3 0x800033fc (0x007e51b3) x 3 0x00000000
core   0: 0x80003400 (0x30b91db7) lui     s11, 0x30b91
core   0: 3 0x80003400 (0x30b91db7) x27 0x30b91000
core   0: 0x80003404 (0x002add93) srli    s11, s5, 2
core   0: 3 0x80003404 (0x002add93) x27 0x00000000
core   0: 0x80003408 (0x206a9db7) lui     s11, 0x206a9
core   0: 3 0x80003408 (0x206a9db7) x27 0x206a9000
core   0: 0x8000340c (0x00000013) nop
core   0: 3 0x8000340c (0x00000013)
core   0: 0x80003410 (0x001dd533) srl     a0, s11, ra
core   0: 3 0x80003410 (0x001dd533) x10 0x0206a900
core   0: 0x80003414 (0x40a18233) sub     tp, gp, a0
core   0: 3 0x80003414 (0x40a18233) x 4 0xfdf95700
core   0: 0x80003418 (0xd043e697) auipc   a3, 0xd043e
core   0: 3 0x80003418 (0xd043e697) x13 0x50441418
core   0: 0x8000341c (0xa19cfc13) andi    s8, s9, -1511
core   0: 3 0x8000341c (0xa19cfc13) x24 0x80014800
core   0: 0x80003420 (0x0015a9b3) slt     s3, a1, ra
core   0: 3 0x80003420 (0x0015a9b3) x19 0x00000000
core   0: 0x80003424 (0x41a60133) sub     sp, a2, s10
core   0: 3 0x80003424 (0x41a60133) x 2 0x00002b1b
core   0: 0x80003428 (0x284f8c13) addi    s8, t6, 644
core   0: 3 0x80003428 (0x284f8c13) x24 0x274ef284
core   0: 0x8000342c (0x40a2d793) srai    a5, t0, 10
core   0: 3 0x8000342c (0x40a2d793) x15 0x00000000
core   0: 0x80003430 (0x006844b3) xor     s1, a6, t1
core   0: 3 0x80003430 (0x006844b3) x 9 0x8001a1c8
core   0: 0x80003434 (0x01af5013) srli    zero, t5, 26
core   0: 3 0x80003434 (0x01af5013)
core   0: 0x80003438 (0x00040333) add     t1, s0, zero
core   0: 3 0x80003438 (0x00040333) x 6 0x80010e64
core   0: 0x8000343c (0x8aea0597) auipc   a1, 0x8aea0
core   0: 3 0x8000343c (0x8aea0597) x11 0x0aea343c
core   0: 0x80003440 (0x0095b633) sltu    a2, a1, s1
core   0: 3 0x80003440 (0x0095b633) x12 0x00000001
core   0: 0x80003444 (0x073ca397) auipc   t2, 0x73ca
core   0: 3 0x80003444 (0x073ca397) x 7 0x873cd444
core   0: 0x80003448 (0x00000013) nop
core   0: 3 0x80003448 (0x00000013)
core   0: 0x8000344c (0x00e4b6b3) sltu    a3, s1, a4
core   0: 3 0x8000344c (0x00e4b6b3) x13 0x00000000
core   0: 0x80003450 (0xd2fdff93) andi    t6, s11, -721
core   0: 3 0x80003450 (0xd2fdff93) x31 0x206a9000
core   0: 0x80003454 (0x01d19313) slli    t1, gp, 29
core   0: 3 0x80003454 (0x01d19313) x 6 0x00000000
core   0: 0x80003458 (0x00000013) nop
core   0: 3 0x80003458 (0x00000013)
core   0: 0x8000345c (0x7b626493) ori     s1, tp, 1974
core   0: 3 0x8000345c (0x7b626493) x 9 0xfdf957b6
core   0: 0x80003460 (0x00a19633) sll     a2, gp, a0
core   0: 3 0x80003460 (0x00a19633) x12 0x00000000
core   0: 0x80003464 (0x7627eb93) ori     s7, a5, 1890
core   0: 3 0x80003464 (0x7627eb93) x23 0x00000762
core   0: 0x80003468 (0x01e1bb33) sltu    s6, gp, t5
core   0: 3 0x80003468 (0x01e1bb33) x22 0x00000001
core   0: 0x8000346c (0xb6be2593) slti    a1, t3, -1173
core   0: 3 0x8000346c (0xb6be2593) x11 0x00000000
core   0: 0x80003470 (0x8398e393) ori     t2, a7, -1991
core   0: 3 0x80003470 (0x8398e393) x 7 0xfffffd7f
core   0: 0x80003474 (0xdeec4893) xori    a7, s8, -530
core   0: 3 0x80003474 (0xdeec4893) x17 0xd8b10f6a
core   0: 0x80003478 (0x01501f33) sll     t5, zero, s5
core   0: 3 0x80003478 (0x01501f33) x30 0x00000000
core   0: 0x8000347c (0x00a9cfb3) xor     t6, s3, a0
core   0: 3 0x8000347c (0x00a9cfb3) x31 0x0206a900
core   0: 0x80003480 (0x001cc8b3) xor     a7, s9, ra
core   0: 3 0x80003480 (0x001cc8b3) x17 0x000040e0
core   0: 0x80003484 (0xde430893) addi    a7, t1, -540
core   0: 3 0x80003484 (0xde430893) x17 0xfffffde4
core   0: 0x80003488 (0x00981033) sll     zero, a6, s1
core   0: 3 0x80003488 (0x00981033)
core   0: 0x8000348c (0x41a0de33) sra     t3, ra, s10
core   0: 3 0x8000348c (0x41a0de33) x28 0xf80010c0
core   0: 0x80003490 (0x9cb72693) slti    a3, a4, -1589
core   0: 3 0x80003490 (0x9cb72693) x13 0x00000000
core   0: 0x80003494 (0x978e4137) lui     sp, 0x978e4
core   0: 3 0x80003494 (0x978e4137) x 2 0x978e4000
core   0: 0x80003498 (0x9b588f13) addi    t5, a7, -1611
core   0: 3 0x80003498 (0x9b588f13) x30 0xfffff799
core   0: 0x8000349c (0xd4393d93) sltiu   s11, s2, -701
core   0: 3 0x8000349c (0xd4393d93) x27 0x00000001
core   0: 0x800034a0 (0x01212133) slt     sp, sp, s2
core   0: 3 0x800034a0 (0x01212133) x 2 0x00000001
core   0: 0x800034a4 (0xf5786993) ori     s3, a6, -169
core   0: 3 0x800034a4 (0xf5786993) x19 0xffffffdf
core   0: 0x800034a8 (0x40535db3) sra     s11, t1, t0
core   0: 3 0x800034a8 (0x40535db3) x27 0x00000000
core   0: 0x800034ac (0xcdae3493) sltiu   s1, t3, -806
core   0: 3 0x800034ac (0xcdae3493) x 9 0x00000001
core   0: 0x800034b0 (0x41c25913) srai    s2, tp, 28
core   0: 3 0x800034b0 (0x41c25913) x18 0xffffffff
core   0: 0x800034b4 (0x40720533) sub     a0, tp, t2
core   0: 3 0x800034b4 (0x40720533) x10 0xfdf95981
core   0: 0x800034b8 (0x01371f93) slli    t6, a4, 19
core   0: 3 0x800034b8 (0x01371f93) x31 0x87300000
core   0: 0x800034bc (0x1ccac797) auipc   a5, 0x1ccac
core   0: 3 0x800034bc (0x1ccac797) x15 0x9ccaf4bc
core   0: 0x800034c0 (0xbc92bf13) sltiu   t5, t0, -1079
core   0: 3 0x800034c0 (0xbc92bf13) x30 0x00000001
core   0: 0x800034c4 (0x015135b3) sltu    a1, sp, s5
core   0: 3 0x800034c4 (0x015135b3) x11 0x00000000
core   0: 0x800034c8 (0x67e38593) addi    a1, t2, 1662
core   0: 3 0x800034c8 (0x67e38593) x11 0x000003fd
core   0: 0x800034cc (0x00ac58b3) srl     a7, s8, a0
core   0: 3 0x800034cc (0x00ac58b3) x17 0x13a77942
core   0: 0x800034d0 (0x35368693) addi    a3, a3, 851
core   0: 3 0x800034d0 (0x35368693) x13 0x00000353
core   0: 0x800034d4 (0xbe534b93) xori    s7, t1, -1051
core   0: 3 0x800034d4 (0xbe534b93) x23 0xfffffbe5
core   0: 0x800034d8 (0xe9712d93) slti    s11, sp, -361
core   0: 3 0x800034d8 (0xe9712d93) x27 0x00000000
core   0: 0x800034dc (0x01f434b3) sltu    s1, s0, t6
core   0: 3 0x800034dc (0x01f434b3) x 9 0x00000001
core   0: 0x800034e0 (0x019387b3) add     a5, t2, s9
core   0: 3 0x800034e0 (0x019387b3) x15 0x80014a63
core   0: 0x800034e4 (0x016c6e33) or      t3, s8, s6
core   0: 3 0x800034e4 (0x016c6e33) x28 0x274ef285
core   0: 0x800034e8 (0x00571693) slli    a3, a4, 5
core   0: 3 0x800034e8 (0x00571693) x13 0x00021cc0
core   0: 0x800034ec (0x010aa6b3) slt     a3, s5, a6
core   0: 3 0x800034ec (0x010aa6b3) x13 0x00000000
core   0: 0x800034f0 (0x9cafcb13) xori    s6, t6, -1590
core   0: 3 0x800034f0 (0x9cafcb13) x22 0x78cff9ca
core   0: 0x800034f4 (0x6791cd93) xori    s11, gp, 1657
core   0: 3 0x800034f4 (0x6791cd93) x27 0x00000679
core   0: 0x800034f8 (0x0017da13) srli    s4, a5, 1
core   0: 3 0x800034f8 (0x0017da13) x20 0x4000a531
core   0: 0x800034fc (0x010fec33) or      s8, t6, a6
core   0: 3 0x800034fc (0x010fec33) x24 0x8731a1c8
core   0: 0x80003500 (0x00cf91b3) sll     gp, t6, a2
core   0: 3 0x80003500 (0x00cf91b3) x 3 0x87300000
core   0: 0x80003504 (0x00901833) sll     a6, zero, s1
core   0: 3 0x80003504 (0x00901833) x16 0x00000000
core   0: 0x80003508 (0x009da6b3) slt     a3, s11, s1
core   0: 3 0x80003508 (0x009da6b3) x13 0x00000000
core   0: 0x8000350c (0x015e72b7) lui     t0, 0x15e7
core   0: 3 0x8000350c (0x015e72b7) x 5 0x015e7000
core   0: 0x80003510 (0x0147b533) sltu    a0, a5, s4
core   0: 3 0x80003510 (0x0147b533) x10 0x00000000
core   0: 0x80003514 (0x41065493) srai    s1, a2, 16
core   0: 3 0x80003514 (0x41065493) x 9 0x00000000
core   0: 0x80003518 (0x4055d9b3) sra     s3, a1, t0
core   0: 3 0x80003518 (0x4055d9b3) x19 0x000003fd
core   0: 0x8000351c (0x26def613) andi    a2, t4, 621
core   0: 3 0x8000351c (0x26def613) x12 0x00000000
core   0: 0x80003520 (0x01375f33) srl     t5, a4, s3
core   0: 3 0x80003520 (0x01375f33) x30 0x00000000
core   0: 0x80003524 (0x0158e6b3) or      a3, a7, s5
core   0: 3 0x80003524 (0x0158e6b3) x13 0x13a77942
core   0: 0x80003528 (0x00000013) nop
core   0: 3 0x80003528 (0x00000013)
core   0: 0x8000352c (0x00f43f33) sltu    t5, s0, a5
core   0: 3 0x8000352c (0x00f43f33) x30 0x00000001
core   0: 0x80003530 (0x01741a13) slli    s4, s0, 23
core   0: 3 0x80003530 (0x01741a13) x20 0x32000000
core   0: 0x80003534 (0x84a11a37) lui     s4, 0x84a11
core   0: 3 0x80003534 (0x84a11a37) x20 0x84a11000
core   0: 0x80003538 (0x00000013) nop
core   0: 3 0x80003538 (0x00000013)
core   0: 0x8000353c (0xadff6097) auipc   ra, 0xadff6
core   0: 3 0x8000353c (0xadff6097) x 1 0x2dff953c
core   0: 0x80003540 (0x0171b6b3) sltu    a3, gp, s7
core   0: 3 0x80003540 (0x0171b6b3) x13 0x00000001
core   0: 0x80003544 (0x37192893) slti    a7, s2, 881
core   0: 3 0x80003544 (0x37192893) x17 0x00000001
core   0: 0x80003548 (0x00816e33) or      t3, sp, s0
core   0: 3 0x80003548 (0x00816e33) x28 0x80010e65
core   0: 0x8000354c (0x54b54193) xori    gp, a0, 1355
core   0: 3 0x8000354c (0x54b54193) x 3 0x0000054b
core   0: 0x80003550 (0xed30cb93) xori    s7, ra, -301
core   0: 3 0x80003550 (0xed30cb93) x23 0xd2006bef
core   0: 0x80003554 (0x00dd2833) slt     a6, s10, a3
core   0: 3 0x80003554 (0x00dd2833) x16 0x00000000
core   0: 0x80003558 (0x012f0d33) add     s10, t5, s2
core   0: 3 0x80003558 (0x012f0d33) x26 0x00000000
core   0: 0x8000355c (0xd1fd2193) slti    gp, s10, -737
core   0: 3 0x8000355c (0xd1fd2193) x 3 0x00000000
core   0: 0x80003560 (0x0170ec33) or      s8, ra, s7
core   0: 3 0x80003560 (0x0170ec33) x24 0xffffffff
core   0: 0x80003564 (0x401c84b3) sub     s1, s9, ra
core   0: 3 0x80003564 (0x401c84b3) x 9 0x5201b7a8
core   0: 0x80003568 (0x013a1933) sll     s2, s4, s3
core   0: 3 0x80003568 (0x013a1933) x18 0x00000000
core   0: 0x8000356c (0xe8ab3813) sltiu   a6, s6, -374
core   0: 3 0x8000356c (0xe8ab3813) x16 0x00000001
core   0: 0x80003570 (0x01aa04b3) add     s1, s4, s10
core   0: 3 0x80003570 (0x01aa04b3) x 9 0x84a11000
core   0: 0x80003574 (0x00d0c333) xor     t1, ra, a3
core   0: 3 0x80003574 (0x00d0c333) x 6 0x2dff953d
core   0: 0x80003578 (0x005dd133) srl     sp, s11, t0
core   0: 3 0x80003578 (0x005dd133) x 2 0x00000679
core   0: 0x8000357c (0x40525733) sra     a4, tp, t0
core   0: 3 0x8000357c (0x40525733) x14 0xfdf95700
core   0: 0x80003580 (0x00000013) nop
core   0: 3 0x80003580 (0x00000013)
core   0: 0x80003584 (0x007758b3) srl     a7, a4, t2
core   0: 3 0x80003584 (0x007758b3) x17 0x00000001
core   0: 0x80003588 (0x40e72493) slti    s1, a4, 1038
core   0: 3 0x80003588 (0x40e72493) x 9 0x00000001
core   0: 0x8000358c (0x00377733) and     a4, a4, gp
core   0: 3 0x8000358c (0x00377733) x14 0x00000000
core   0: 0x80003590 (0x019f7833) and     a6, t5, s9
core   0: 3 0x80003590 (0x019f7833) x16 0x00000000
core   0: 0x80003594 (0x00575913) srli    s2, a4, 5
core   0: 3 0x80003594 (0x00575913) x18 0x00000000
core   0: 0x80003598 (0x710e6b37) lui     s6, 0x710e6
core   0: 3 0x80003598 (0x710e6b37) x22 0x710e6000
core   0: 0x8000359c (0x49bd2093) slti    ra, s10, 1179
core   0: 3 0x8000359c (0x49bd2093) x 1 0x00000001
core   0: 0x800035a0 (0x003802b3) add     t0, a6, gp
core   0: 3 0x800035a0 (0x003802b3) x 5 0x00000000
core   0: 0x800035a4 (0x417d8fb3) sub     t6, s11, s7
core   0: 3 0x800035a4 (0x417d8fb3) x31 0x2dff9a8a
core   0: 0x800035a8 (0xed1cc917) auipc   s2, 0xed1cc
core   0: 3 0x800035a8 (0xed1cc917) x18 0x6d1cf5a8
core   0: 0x800035ac (0x413bd613) srai    a2, s7, 19
core   0: 3 0x800035ac (0x413bd613) x12 0xfffffa40
core   0: 0x800035b0 (0x003a59b3) srl     s3, s4, gp
core   0: 3 0x800035b0 (0x003a59b3) x19 0x84a11000
core   0: 0x800035b4 (0x2030c793) xori    a5, ra, 515
core   0: 3 0x800035b4 (0x2030c793) x15 0x00000202
core   0: 0x800035b8 (0x00000013) nop
core   0: 3 0x800035b8 (0x00000013)
core   0: 0x800035bc (0xb2ee8f93) addi    t6, t4, -1234
core   0: 3 0x800035bc (0xb2ee8f93) x31 0x7ffffb2e
core   0: 0x800035c0 (0xab970693) addi    a3, a4, -1351
core   0: 3 0x800035c0 (0xab970693) x13 0xfffffab9
core   0: 0x800035c4 (0x2da9cf93) xori    t6, s3, 730
core   0: 3 0x800035c4 (0x2da9cf93) x31 0x84a112da
core   0: 0x800035c8 (0x402456b3) sra     a3, s0, sp
core   0: 3 0x800035c8 (0x402456b3) x13 0xffffffc0
core   0: 0x800035cc (0x40f90633) sub     a2, s2, a5
core   0: 3 0x800035cc (0x40f90633) x12 0x6d1cf3a6
core   0: 0x800035d0 (0x40105d33) sra     s10, zero, ra
core   0: 3 0x800035d0 (0x40105d33) x26 0x00000000
core   0: 0x800035d4 (0x41265b33) sra     s6, a2, s2
core   0: 3 0x800035d4 (0x41265b33) x22 0x006d1cf3
core   0: 0x800035d8 (0x5a75e193) ori     gp, a1, 1447
core   0: 3 0x800035d8 (0x5a75e193) x 3 0x000007ff
core   0: 0x800035dc (0x26fb0293) addi    t0, s6, 623
core   0: 3 0x800035dc (0x26fb0293) x 5 0x006d1f62
core   0: 0x800035e0 (0xe32da737) lui     a4, 0xe32da
core   0: 3 0x800035e0 (0xe32da737) x14 0xe32da000
core   0: 0x800035e4 (0x00000013) nop
core   0: 3 0x800035e4 (0x00000013)
core   0: 0x800035e8 (0x008cde33) srl     t3, s9, s0
core   0: 3 0x800035e8 (0x008cde33) x28 0x080014ce
core   0: 0x800035ec (0x12eab293) sltiu   t0, s5, 302
core   0: 3 0x800035ec (0x12eab293) x 5 0x00000001
core   0: 0x800035f0 (0x413d5633) sra     a2, s10, s3
core   0: 3 0x800035f0 (0x413d5633) x12 0x00000000
core   0: 0x800035f4 (0xb52fbe37) lui     t3, 0xb52fb
core   0: 3 0x800035f4 (0xb52fbe37) x28 0xb52fb000
core   0: 0x800035f8 (0x00545a33) srl     s4, s0, t0
core   0: 3 0x800035f8 (0x00545a33) x20 0x40008732
core   0: 0x800035fc (0x01c971b3) and     gp, s2, t3
core   0: 3 0x800035fc (0x01c971b3) x 3 0x250cb000
core   0: 0x80003600 (0x0035ca33) xor     s4, a1, gp
core   0: 3 0x80003600 (0x0035ca33) x20 0x250cb3fd
core   0: 0x80003604 (0x9a8ae593) ori     a1, s5, -1624
core   0: 3 0x80003604 (0x9a8ae593) x11 0xfffff9a8
core   0: 0x80003608 (0x402f07b3) sub     a5, t5, sp
core   0: 3 0x80003608 (0x402f07b3) x15 0xfffff988
core   0: 0x8000360c (0x011f2a33) slt     s4, t5, a7
core   0: 3 0x8000360c (0x011f2a33) x20 0x00000000
core   0: 0x80003610 (0x010fffb3) and     t6, t6, a6
core   0: 3 0x80003610 (0x010fffb3) x31 0x00000000
core   0: 0x80003614 (0xebe47993) andi    s3, s0, -322
core   0: 3 0x80003614 (0xebe47993) x19 0x80010e24
core   0: 0x80003618 (0x40b55c13) srai    s8, a0, 11
core   0: 3 0x80003618 (0x40b55c13) x24 0x00000000
core   0: 0x8000361c (0x10baea93) ori     s5, s5, 267
core   0: 3 0x8000361c (0x10baea93) x21 0x0000010b
core   0: 0x80003620 (0x001c20b3) slt     ra, s8, ra
core   0: 3 0x80003620 (0x001c20b3) x 1 0x00000001
core   0: 0x80003624 (0x4036d633) sra     a2, a3, gp
core   0: 3 0x80003624 (0x4036d633) x12 0xffffffc0
core   0: 0x80003628 (0x8c576093) ori     ra, a4, -1851
core   0: 3 0x80003628 (0x8c576093) x 1 0xfffff8c5
core   0: 0x8000362c (0xc7d18f93) addi    t6, gp, -899
core   0: 3 0x8000362c (0xc7d18f93) x31 0x250cac7d
core   0: 0x80003630 (0x01248533) add     a0, s1, s2
core   0: 3 0x80003630 (0x01248533) x10 0x6d1cf5a9
core   0: 0x80003634 (0x2cdb6897) auipc   a7, 0x2cdb6
core   0: 3 0x80003634 (0x2cdb6897) x17 0xacdb9634
core   0: 0x80003638 (0xe08da897) auipc   a7, 0xe08da
core   0: 3 0x80003638 (0xe08da897) x17 0x608dd638
core   0: 0x8000363c (0x01c4df33) srl     t5, s1, t3
core   0: 3 0x8000363c (0x01c4df33) x30 0x00000001
core   0: 0x80003640 (0x014a88b3) add     a7, s5, s4
core   0: 3 0x80003640 (0x014a88b3) x17 0x0000010b
core   0: 0x80003644 (0x01f69c33) sll     s8, a3, t6
core   0: 3 0x80003644 (0x01f69c33) x24 0x00000000
core   0: 0x80003648 (0x00e56533) or      a0, a0, a4
core   0: 3 0x80003648 (0x00e56533) x10 0xef3df5a9
core   0: 0x8000364c (0x403fd133) sra     sp, t6, gp
core   0: 3 0x8000364c (0x403fd133) x 2 0x250cac7d
core   0: 0x80003650 (0x01da2533) slt     a0, s4, t4
core   0: 3 0x80003650 (0x01da2533) x10 0x00000000
core   0: 0x80003654 (0x00ecd1b3) srl     gp, s9, a4
core   0: 3 0x80003654 (0x00ecd1b3) x 3 0x80014ce4
core   0: 0x80003658 (0x00575213) srli    tp, a4, 5
core   0: 3 0x80003658 (0x00575213) x 4 0x07196d00
core   0: 0x8000365c (0x006195b3) sll     a1, gp, t1
core   0: 3 0x8000365c (0x006195b3) x11 0x80000000
core   0: 0x80003660 (0x01d8b4b3) sltu    s1, a7, t4
core   0: 3 0x80003660 (0x01d8b4b3) x 9 0x00000001
core   0: 0x80003664 (0x4e8ccc13) xori    s8, s9, 1256
core   0: 3 0x80003664 (0x4e8ccc13) x24 0x8001480c
core   0: 0x80003668 (0xff777593) andi    a1, a4, -9
core   0: 3 0x80003668 (0xff777593) x11 0xe32da000
core   0: 0x8000366c (0x047bc813) xori    a6, s7, 71
core   0: 3 0x8000366c (0x047bc813) x16 0xd2006ba8
core   0: 0x80003670 (0x06aabf93) sltiu   t6, s5, 106
core   0: 3 0x80003670 (0x06aabf93) x31 0x00000000
core   0: 0x80003674 (0x004bef33) or      t5, s7, tp
core   0: 3 0x80003674 (0x004bef33) x30 0xd7196fef
core   0: 0x80003678 (0x0054fe33) and     t3, s1, t0
core   0: 3 0x80003678 (0x0054fe33) x28 0x00000001
core   0: 0x8000367c (0xfc40fd93) andi    s11, ra, -60
core   0: 3 0x8000367c (0xfc40fd93) x27 0xfffff8c4
core   0: 0x80003680 (0x01777db3) and     s11, a4, s7
core   0: 3 0x80003680 (0x01777db3) x27 0xc2002000
core   0: 0x80003684 (0xd0b1f393) andi    t2, gp, -757
core   0: 3 0x80003684 (0xd0b1f393) x 7 0x80014c00
core   0: 0x80003688 (0x333ecd93) xori    s11, t4, 819
core   0: 3 0x80003688 (0x333ecd93) x27 0x80000333
core   0: 0x8000368c (0x19faed93) ori     s11, s5, 415
core   0: 3 0x8000368c (0x19faed93) x27 0x0000019f
core   0: 0x80003690 (0x00a6a333) slt     t1, a3, a0
core   0: 3 0x80003690 (0x00a6a333) x 6 0x00000001
core   0: 0x80003694 (0x00d3dab3) srl     s5, t2, a3
core   0: 3 0x80003694 (0x00d3dab3) x21 0x80014c00
core   0: 0x80003698 (0x01485e13) srli    t3, a6, 20
core   0: 3 0x80003698 (0x01485e13) x28 0x00000d20
core   0: 0x8000369c (0x40ea59b3) sra     s3, s4, a4
core   0: 3 0x8000369c (0x40ea59b3) x19 0x00000000
core   0: 0x800036a0 (0x00000013) nop
core   0: 3 0x800036a0 (0x00000013)
core   0: 0x800036a4 (0x9154df17) auipc   t5, 0x9154d
core   0: 3 0x800036a4 (0x9154df17) x30 0x115506a4
core   0: 0x800036a8 (0x252f3d93) sltiu   s11, t5, 594
core   0: 3 0x800036a8 (0x252f3d93) x27 0x00000000
core   0: 0x800036ac (0x9d4f8493) addi    s1, t6, -1580
core   0: 3 0x800036ac (0x9d4f8493) x 9 0xfffff9d4
core   0: 0x800036b0 (0x41ae53b3) sra     t2, t3, s10
core   0: 3 0x800036b0 (0x41ae53b3) x 7 0x00000d20
core   0: 0x800036b4 (0x0096e1b3) or      gp, a3, s1
core   0: 3 0x800036b4 (0x0096e1b3) x 3 0xffffffd4
core   0: 0x800036b8 (0x16bb0093) addi    ra, s6, 363
core   0: 3 0x800036b8 (0x16bb0093) x 1 0x006d1e5e
core   0: 0x800036bc (0x003c14b3) sll     s1, s8, gp
core   0: 3 0x800036bc (0x003c14b3) x 9 0x80c00000
core   0: 0x800036c0 (0x01fe0e33) add     t3, t3, t6
core   0: 3 0x800036c0 (0x01fe0e33) x28 0x00000d20
core   0: 0x800036c4 (0x1befad13) slti    s10, t6, 446
core   0: 3 0x800036c4 (0x1befad13) x26 0x00000001
core   0: 0x800036c8 (0x00018c33) add     s8, gp, zero
core   0: 3 0x800036c8 (0x00018c33) x24 0xffffffd4
core   0: 0x800036cc (0x4178d893) srai    a7, a7, 23
core   0: 3 0x800036cc (0x4178d893) x17 0x00000000
core   0: 0x800036d0 (0x019d8f33) add     t5, s11, s9
core   0: 3 0x800036d0 (0x019d8f33) x30 0x80014ce4
core   0: 0x800036d4 (0x00be2a33) slt     s4, t3, a1
core   0: 3 0x800036d4 (0x00be2a33) x20 0x00000000
core   0: 0x800036d8 (0x01059e13) slli    t3, a1, 16
core   0: 3 0x800036d8 (0x01059e13) x28 0xa0000000
core   0: 0x800036dc (0x01e4c033) xor     zero, s1, t5
core   0: 3 0x800036dc (0x01e4c033)
core   0: 0x800036e0 (0x40fcd9b3) sra     s3, s9, a5
core   0: 3 0x800036e0 (0x40fcd9b3) x19 0xff80014c
core   0: 0x800036e4 (0x01dd36b3) sltu    a3, s10, t4
core   0: 3 0x800036e4 (0x01dd36b3) x13 0x00000001
core   0: 0x800036e8 (0x01ce6e33) or      t3, t3, t3
core   0: 3 0x800036e8 (0x01ce6e33) x28 0xa0000000
core   0: 0x800036ec (0x2ba83d13) sltiu   s10, a6, 698
core   0: 3 0x800036ec (0x2ba83d13) x26 0x00000000
core   0: 0x800036f0 (0x00c55313) srli    t1, a0, 12
core   0: 3 0x800036f0 (0x00c55313) x 6 0x00000000
core   0: 0x800036f4 (0xa6b1ee17) auipc   t3, 0xa6b1e
core   0: 3 0x800036f4 (0xa6b1ee17) x28 0x26b216f4
core   0: 0x800036f8 (0x8aadc813) xori    a6, s11, -1878
core   0: 3 0x800036f8 (0x8aadc813) x16 0xfffff8aa
core   0: 0x800036fc (0xcd413293) sltiu   t0, sp, -812
core   0: 3 0x800036fc (0xcd413293) x 5 0x00000001
core   0: 0x80003700 (0x0004afb3) slt     t6, s1, zero
core   0: 3 0x80003700 (0x0004afb3) x31 0x00000001
core   0: 0x80003704 (0x41c2d193) srai    gp, t0, 28
core   0: 3 0x80003704 (0x41c2d193) x 3 0x00000000
core   0: 0x80003708 (0x00fc9093) slli    ra, s9, 15
core   0: 3 0x80003708 (0x00fc9093) x 1 0xa6720000
core   0: 0x8000370c (0x2b44bb93) sltiu   s7, s1, 692
core   0: 3 0x8000370c (0x2b44bb93) x23 0x00000000
core   0: 0x80003710 (0x40240333) sub     t1, s0, sp
core   0: 3 0x80003710 (0x40240333) x 6 0x5af461e7
core   0: 0x80003714 (0xaa297c17) auipc   s8, 0xaa297
core   0: 3 0x80003714 (0xaa297c17) x24 0x2a29a714
core   0: 0x80003718 (0xbb7ca113) slti    sp, s9, -1097
core   0: 3 0x80003718 (0xbb7ca113) x 2 0x00000001
core   0: 0x8000371c (0x41945193) srai    gp, s0, 25
core   0: 3 0x8000371c (0x41945193) x 3 0xffffffc0
core   0: 0x80003720 (0x0043f133) and     sp, t2, tp
core   0: 3 0x80003720 (0x0043f133) x 2 0x00000d00
core   0: 0x80003724 (0xfb9fa793) slti    a5, t6, -71
core   0: 3 0x80003724 (0xfb9fa793) x15 0x00000000
core   0: 0x80003728 (0x7ac86993) ori     s3, a6, 1964
core   0: 3 0x80003728 (0x7ac86993) x19 0xffffffae
core   0: 0x8000372c (0x41a15e13) srai    t3, sp, 26
core   0: 3 0x8000372c (0x41a15e13) x28 0x00000000
core   0: 0x80003730 (0x0078d913) srli    s2, a7, 7
core   0: 3 0x80003730 (0x0078d913) x18 0x00000000
core   0: 0x80003734 (0x013e2633) slt     a2, t3, s3
core   0: 3 0x80003734 (0x013e2633) x12 0x00000000
core   0: 0x80003738 (0x00731733) sll     a4, t1, t2
core   0: 3 0x80003738 (0x00731733) x14 0x5af461e7
core   0: 0x8000373c (0xb4729737) lui     a4, 0xb4729
core   0: 3 0x8000373c (0xb4729737) x14 0xb4729000
core   0: 0x80003740 (0x0187a9b3) slt     s3, a5, s8
core   0: 3 0x80003740 (0x0187a9b3) x19 0x00000001
core   0: 0x80003744 (0x00ca55b3) srl     a1, s4, a2
core   0: 3 0x80003744 (0x00ca55b3) x11 0x00000000
core   0: 0x80003748 (0x0c80ec13) ori     s8, ra, 200
core   0: 3 0x80003748 (0x0c80ec13) x24 0xa67200c8
core   0: 0x8000374c (0x01be9fb3) sll     t6, t4, s11
core   0: 3 0x8000374c (0x01be9fb3) x31 0x80000000
core   0: 0x80003750 (0x006eb9b3) sltu    s3, t4, t1
core   0: 3 0x80003750 (0x006eb9b3) x19 0x00000000
core   0: 0x80003754 (0x411bd7b3) sra     a5, s7, a7
core   0: 3 0x80003754 (0x411bd7b3) x15 0x00000000
core   0: 0x80003758 (0x00f4d533) srl     a0, s1, a5
core   0: 3 0x80003758 (0x00f4d533) x10 0x80c00000
core   0: 0x8000375c (0x002c71b3) and     gp, s8, sp
core   0: 3 0x8000375c (0x002c71b3) x 3 0x00000000
core   0: 0x80003760 (0x41035a13) srai    s4, t1, 16
core   0: 3 0x80003760 (0x41035a13) x20 0x00005af4
core   0: 0x80003764 (0x00c9a5b3) slt     a1, s3, a2
core   0: 3 0x80003764 (0x00c9a5b3) x11 0x00000000
core   0: 0x80003768 (0x014d81b3) add     gp, s11, s4
core   0: 3 0x80003768 (0x014d81b3) x 3 0x00005af4
core   0: 0x8000376c (0x47bc6297) auipc   t0, 0x47bc6
core   0: 3 0x8000376c (0x47bc6297) x 5 0xc7bc976c
core   0: 0x80003770 (0xf8a98f93) addi    t6, s3, -118
core   0: 3 0x80003770 (0xf8a98f93) x31 0xffffff8a
core   0: 0x80003774 (0x34966913) ori     s2, a2, 841
core   0: 3 0x80003774 (0x34966913) x18 0x00000349
core   0: 0x80003778 (0x40a6d1b3) sra     gp, a3, a0
core   0: 3 0x80003778 (0x40a6d1b3) x 3 0x00000001
core   0: 0x8000377c (0x4011de13) srai    t3, gp, 1
core   0: 3 0x8000377c (0x4011de13) x28 0x00000000
core   0: 0x80003780 (0x400e8e33) sub     t3, t4, zero
core   0: 3 0x80003780 (0x400e8e33) x28 0x80000000
core   0: 0x80003784 (0xec75a193) slti    gp, a1, -313
core   0: 3 0x80003784 (0xec75a193) x 3 0x00000000
core   0: 0x80003788 (0x00e29bb3) sll     s7, t0, a4
core   0: 3 0x80003788 (0x00e29bb3) x23 0xc7bc976c
core   0: 0x8000378c (0x00000013) nop
core   0: 3 0x8000378c (0x00000013)
core   0: 0x80003790 (0x016634b3) sltu    s1, a2, s6
core   0: 3 0x80003790 (0x016634b3) x 9 0x00000001
core   0: 0x80003794 (0x3177ed37) lui     s10, 0x3177e
core   0: 3 0x80003794 (0x3177ed37) x26 0x3177e000
core   0: 0x80003798 (0x30a8e193) ori     gp, a7, 778
core   0: 3 0x80003798 (0x30a8e193) x 3 0x0000030a
core   0: 0x8000379c (0x53fa3813) sltiu   a6, s4, 1343
core   0: 3 0x8000379c (0x53fa3813) x16 0x00000000
core   0: 0x800037a0 (0x0181f8b3) and     a7, gp, s8
core   0: 3 0x800037a0 (0x0181f8b3) x17 0x00000008
core   0: 0x800037a4 (0x00000013) nop
core   0: 3 0x800037a4 (0x00000013)
core   0: 0x800037a8 (0x00e67db3) and     s11, a2, a4
core   0: 3 0x800037a8 (0x00e67db3) x27 0x00000000
core   0: 0x800037ac (0x01b1bbb3) sltu    s7, gp, s11
core   0: 3 0x800037ac (0x01b1bbb3) x23 0x00000000
core   0: 0x800037b0 (0x418edd13) srai    s10, t4, 24
core   0: 3 0x800037b0 (0x418edd13) x26 0xffffff80
core   0: 0x800037b4 (0x40445b93) srai    s7, s0, 4
core   0: 3 0x800037b4 (0x40445b93) x23 0xf80010e6
core   0: 0x800037b8 (0x00dabbb3) sltu    s7, s5, a3
core   0: 3 0x800037b8 (0x00dabbb3) x23 0x00000000
core   0: 0x800037bc (0xf9f89797) auipc   a5, 0xf9f89
core   0: 3 0x800037bc (0xf9f89797) x15 0x79f8c7bc
core   0: 0x800037c0 (0x00ba8e33) add     t3, s5, a1
core   0: 3 0x800037c0 (0x00ba8e33) x28 0x80014c00
core   0: 0x800037c4 (0x017714b3) sll     s1, a4, s7
core   0: 3 0x800037c4 (0x017714b3) x 9 0xb4729000
core   0: 0x800037c8 (0xba673613) sltiu   a2, a4, -1114
core   0: 3 0x800037c8 (0xba673613) x12 0x00000001
core   0: 0x800037cc (0x71814e13) xori    t3, sp, 1816
core   0: 3 0x800037cc (0x71814e13) x28 0x00000a18
core   0: 0x800037d0 (0x011dd993) srli    s3, s11, 17
core   0: 3 0x800037d0 (0x011dd993) x19 0x00000000
core   0: 0x800037d4 (0x3905dc17) auipc   s8, 0x3905d
core   0: 3 0x800037d4 (0x3905dc17) x24 0xb90607d4
core   0: 0x800037d8 (0x008af5b3) and     a1, s5, s0
core   0: 3 0x800037d8 (0x008af5b3) x11 0x80010c00
core   0: 0x800037dc (0x018a0933) add     s2, s4, s8
core   0: 3 0x800037dc (0x018a0933) x18 0xb90662c8
core   0: 0x800037e0 (0x22d20397) auipc   t2, 0x22d20
core   0: 3 0x800037e0 (0x22d20397) x 7 0xa2d237e0
core   0: 0x800037e4 (0x417188b3) sub     a7, gp, s7
core   0: 3 0x800037e4 (0x417188b3) x17 0x0000030a
core   0: 0x800037e8 (0x004f05b3) add     a1, t5, tp
core   0: 3 0x800037e8 (0x004f05b3) x11 0x871ab9e4
core   0: 0x800037ec (0x01a264b3) or      s1, tp, s10
core   0: 3 0x800037ec (0x01a264b3) x 9 0xffffff80
core   0: 0x800037f0 (0x7dd91a17) auipc   s4, 0x7dd91
core   0: 3 0x800037f0 (0x7dd91a17) x20 0xfdd947f0
core   0: 0x800037f4 (0x00ae9113) slli    sp, t4, 10
core   0: 3 0x800037f4 (0x00ae9113) x 2 0x00000000
core   0: 0x800037f8 (0xec060493) addi    s1, a2, -320
core   0: 3 0x800037f8 (0xec060493) x 9 0xfffffec1
core   0: 0x800037fc (0x00000013) nop
core   0: 3 0x800037fc (0x00000013)
core   0: 0x80003800 (0x01a9ec33) or      s8, s3, s10
core   0: 3 0x80003800 (0x01a9ec33) x24 0xffffff80
core   0: 0x80003804 (0x00d8d633) srl     a2, a7, a3
core   0: 3 0x80003804 (0x00d8d633) x12 0x00000185
core   0: 0x80003808 (0xb5117197) auipc   gp, 0xb5117
core   0: 3 0x80003808 (0xb5117197) x 3 0x3511a808
core   0: 0x8000380c (0xbd0f4e17) auipc   t3, 0xbd0f4
core   0: 3 0x8000380c (0xbd0f4e17) x28 0x3d0f780c
core   0: 0x80003810 (0x00000013) nop
core   0: 3 0x80003810 (0x00000013)
core   0: 0x80003814 (0x0004b833) sltu    a6, s1, zero
core   0: 3 0x80003814 (0x0004b833) x16 0x00000000
core   0: 0x80003818 (0x00409893) slli    a7, ra, 4
core   0: 3 0x80003818 (0x00409893) x17 0x67200000
core   0: 0x8000381c (0x6d0efd17) auipc   s10, 0x6d0ef
core   0: 3 0x8000381c (0x6d0efd17) x26 0xed0f281c
core   0: 0x80003820 (0x40115a17) auipc   s4, 0x40115
core   0: 3 0x80003820 (0x40115a17) x20 0xc0118820
core   0: 0x80003824 (0x00fadf13) srli    t5, s5, 15
core   0: 3 0x80003824 (0x00fadf13) x30 0x00010002
core   0: 0x80003828 (0x7480d2b7) lui     t0, 0x7480d
core   0: 3 0x80003828 (0x7480d2b7) x 5 0x7480d000
core   0: 0x8000382c (0x002aeb33) or      s6, s5, sp
core   0: 3 0x8000382c (0x002aeb33) x22 0x80014c00
core   0: 0x80003830 (0x73016013) ori     zero, sp, 1840
core   0: 3 0x80003830 (0x73016013)
core   0: 0x80003834 (0x63ccc493) xori    s1, s9, 1596
core   0: 3 0x80003834 (0x63ccc493) x 9 0x80014ad8
core   0: 0x80003838 (0x00549233) sll     tp, s1, t0
core   0: 3 0x80003838 (0x00549233) x 4 0x80014ad8
core   0: 0x8000383c (0xa494f593) andi    a1, s1, -1463
core   0: 3 0x8000383c (0xa494f593) x11 0x80014a48
core   0: 0x80003840 (0xb741f813) andi    a6, gp, -1164
core   0: 3 0x80003840 (0xb741f813) x16 0x3511a800
core   0: 0x80003844 (0x010c6a33) or      s4, s8, a6
core   0: 3 0x80003844 (0x010c6a33) x20 0xffffff80
core   0: 0x80003848 (0x01541013) slli    zero, s0, 21
core   0: 3 0x80003848 (0x01541013)
core   0: 0x8000384c (0x003856b3) srl     a3, a6, gp
core   0: 3 0x8000384c (0x003856b3) x13 0x003511a8
core   0: 0x80003850 (0x0159c733) xor     a4, s3, s5
core   0: 3 0x80003850 (0x0159c733) x14 0x80014c00
core   0: 0x80003854 (0x00031e33) sll     t3, t1, zero
core   0: 3 0x80003854 (0x00031e33) x28 0x5af461e7
core   0: 0x80003858 (0x419b83b3) sub     t2, s7, s9
core   0: 3 0x80003858 (0x419b83b3) x 7 0x7ffeb31c
core   0: 0x8000385c (0x30eefa13) andi    s4, t4, 782
core   0: 3 0x8000385c (0x30eefa13) x20 0x00000000
core   0: 0x80003860 (0x00051b33) sll     s6, a0, zero
core   0: 3 0x80003860 (0x00051b33) x22 0x80c00000
core   0: 0x80003864 (0x7b1d8013) addi    zero, s11, 1969
core   0: 3 0x80003864 (0x7b1d8013)
core   0: 0x80003868 (0x01681d33) sll     s10, a6, s6
core   0: 3 0x80003868 (0x01681d33) x26 0x3511a800
core   0: 0x8000386c (0x00228b33) add     s6, t0, sp
core   0: 3 0x8000386c (0x00228b33) x22 0x7480d000
core   0: 0x80003870 (0x01835db3) srl     s11, t1, s8
core   0: 3 0x80003870 (0x01835db3) x27 0x5af461e7
core   0: 0x80003874 (0x0100d193) srli    gp, ra, 16
core   0: 3 0x80003874 (0x0100d193) x 3 0x0000a672
core   0: 0x80003878 (0xaa1fe813) ori     a6, t6, -1375
core   0: 3 0x80003878 (0xaa1fe813) x16 0xffffffab
core   0: 0x8000387c (0x403f5633) sra     a2, t5, gp
core   0: 3 0x8000387c (0x403f5633) x12 0x00000000
core   0: 0x80003880 (0x41ed54b3) sra     s1, s10, t5
core   0: 3 0x80003880 (0x41ed54b3) x 9 0x0d446a00
core   0: 0x80003884 (0x011d4ab3) xor     s5, s10, a7
core   0: 3 0x80003884 (0x011d4ab3) x21 0x5231a800
core   0: 0x80003888 (0xad73e137) lui     sp, 0xad73e
core   0: 3 0x80003888 (0xad73e137) x 2 0xad73e000
core   0: 0x8000388c (0x002d1993) slli    s3, s10, 2
core   0: 3 0x8000388c (0x002d1993) x19 0xd446a000
core   0: 0x80003890 (0xef760d93) addi    s11, a2, -265
core   0: 3 0x80003890 (0xef760d93) x27 0xfffffef7
core   0: 0x80003894 (0x003047b3) xor     a5, zero, gp
core   0: 3 0x80003894 (0x003047b3) x15 0x0000a672
core   0: 0x80003898 (0x99c8d237) lui     tp, 0x99c8d
core   0: 3 0x80003898 (0x99c8d237) x 4 0x99c8d000
core   0: 0x8000389c (0x41f00fb3) sub     t6, zero, t6
core   0: 3 0x8000389c (0x41f00fb3) x31 0x00000076
core   0: 0x800038a0 (0x000562b3) or      t0, a0, zero
core   0: 3 0x800038a0 (0x000562b3) x 5 0x80c00000
core   0: 0x800038a4 (0x00eaa2b3) slt     t0, s5, a4
core   0: 3 0x800038a4 (0x00eaa2b3) x 5 0x00000000
core   0: 0x800038a8 (0xd8aae893) ori     a7, s5, -630
core   0: 3 0x800038a8 (0xd8aae893) x17 0xfffffd8a
core   0: 0x800038ac (0x00ebc3b3) xor     t2, s7, a4
core   0: 3 0x800038ac (0x00ebc3b3) x 7 0x80014c00
core   0: 0x800038b0 (0x416282b3) sub     t0, t0, s6
core   0: 3 0x800038b0 (0x416282b3) x 5 0x8b7f3000
core   0: 0x800038b4 (0xd2a3c693) xori    a3, t2, -726
core   0: 3 0x800038b4 (0xd2a3c693) x13 0x7ffeb12a
core   0: 0x800038b8 (0x01a09fb3) sll     t6, ra, s10
core   0: 3 0x800038b8 (0x01a09fb3) x31 0xa6720000
core   0: 0x800038bc (0x7af18a13) addi    s4, gp, 1967
core   0: 3 0x800038bc (0x7af18a13) x20 0x0000ae21
core   0: 0x800038c0 (0x40910a33) sub     s4, sp, s1
core   0: 3 0x800038c0 (0x40910a33) x20 0xa02f7600
core   0: 0x800038c4 (0x00000013) nop
core   0: 3 0x800038c4 (0x00000013)
core   0: 0x800038c8 (0x41ebd013) srai    zero, s7, 30
core   0: 3 0x800038c8 (0x41ebd013)
core   0: 0x800038cc (0x00f45b13) srli    s6, s0, 15
core   0: 3 0x800038cc (0x00f45b13) x22 0x00010002
core   0: 0x800038d0 (0x41af5893) srai    a7, t5, 26
core   0: 3 0x800038d0 (0x41af5893) x17 0x00000000
core   0: 0x800038d4 (0x014639b3) sltu    s3, a2, s4
core   0: 3 0x800038d4 (0x014639b3) x19 0x00000001
core   0: 0x800038d8 (0xce158893) addi    a7, a1, -799
core   0: 3 0x800038d8 (0xce158893) x17 0x80014729
core   0: 0x800038dc (0x0baabd93) sltiu   s11, s5, 186
core   0: 3 0x800038dc (0x0baabd93) x27 0x00000000
core   0: 0x800038e0 (0x01f282b3) add     t0, t0, t6
core   0: 3 0x800038e0 (0x01f282b3) x 5 0x31f13000
core   0: 0x800038e4 (0x40b15933) sra     s2, sp, a1
core   0: 3 0x800038e4 (0x40b15933) x18 0xffad73e0
core   0: 0x800038e8 (0x010f7133) and     sp, t5, a6
core   0: 3 0x800038e8 (0x010f7133) x 2 0x00010002
core   0: 0x800038ec (0x0099d813) srli    a6, s3, 9
core   0: 3 0x800038ec (0x0099d813) x16 0x00000000
core   0: 0x800038f0 (0x001f12b3) sll     t0, t5, ra
core   0: 3 0x800038f0 (0x001f12b3) x 5 0x00010002
core   0: 0x800038f4 (0x4a4b0e13) addi    t3, s6, 1188
core   0: 3 0x800038f4 (0x4a4b0e13) x28 0x000104a6
core   0: 0x800038f8 (0x00000013) nop
core   0: 3 0x800038f8 (0x00000013)
core   0: 0x800038fc (0x34192c13) slti    s8, s2, 833
core   0: 3 0x800038fc (0x34192c13) x24 0x00000001
core   0: 0x80003900 (0xe257f993) andi    s3, a5, -475
core   0: 3 0x80003900 (0xe257f993) x19 0x0000a620
core   0: 0x80003904 (0x01379f33) sll     t5, a5, s3
core   0: 3 0x80003904 (0x01379f33) x30 0x0000a672
core   0: 0x80003908 (0x01e5a7b3) slt     a5, a1, t5
core   0: 3 0x80003908 (0x01e5a7b3) x15 0x00000001
core   0: 0x8000390c (0x017458b3) srl     a7, s0, s7
core   0: 3 0x8000390c (0x017458b3) x17 0x80010e64
core   0: 0x80003910 (0xd6c74a37) lui     s4, 0xd6c74
core   0: 3 0x80003910 (0xd6c74a37) x20 0xd6c74000
core   0: 0x80003914 (0x10108a93) addi    s5, ra, 257
core   0: 3 0x80003914 (0x10108a93) x21 0xa6720101
core   0: 0x80003918 (0x40885613) srai    a2, a6, 8
core   0: 3 0x80003918 (0x40885613) x12 0x00000000
core   0: 0x8000391c (0x7341e997) auipc   s3, 0x7341e
core   0: 3 0x8000391c (0x7341e997) x19 0xf342191c
core   0: 0x80003920 (0x000c28b3) slt     a7, s8, zero
core   0: 3 0x80003920 (0x000c28b3) x17 0x00000000
core   0: 0x80003924 (0xde600d93) li      s11, -538
core   0: 3 0x80003924 (0xde600d93) x27 0xfffffde6
core   0: 0x80003928 (0x00d018b3) sll     a7, zero, a3
core   0: 3 0x80003928 (0x00d018b3) x17 0x00000000
core   0: 0x8000392c (0xc9924d13) xori    s10, tp, -871
core   0: 3 0x8000392c (0xc9924d13) x26 0x66372c99
core   0: 0x80003930 (0x3605ef93) ori     t6, a1, 864
core   0: 3 0x80003930 (0x3605ef93) x31 0x80014b68
core   0: 0x80003934 (0x1ea7c793) xori    a5, a5, 490
core   0: 3 0x80003934 (0x1ea7c793) x15 0x000001eb
core   0: 0x80003938 (0x017ad233) srl     tp, s5, s7
core   0: 3 0x80003938 (0x017ad233) x 4 0xa6720101
core   0: 0x8000393c (0x01df1fb3) sll     t6, t5, t4
core   0: 3 0x8000393c (0x01df1fb3) x31 0x0000a672
core   0: 0x80003940 (0x01216933) or      s2, sp, s2
core   0: 3 0x80003940 (0x01216933) x18 0xffad73e2
core   0: 0x80003944 (0x410ed533) sra     a0, t4, a6
core   0: 3 0x80003944 (0x410ed533) x10 0x80000000
core   0: 0x80003948 (0x01ef08b3) add     a7, t5, t5
core   0: 3 0x80003948 (0x01ef08b3) x17 0x00014ce4
core   0: 0x8000394c (0x01063ab3) sltu    s5, a2, a6
core   0: 3 0x8000394c (0x01063ab3) x21 0x00000000
core   0: 0x80003950 (0xe101b913) sltiu   s2, gp, -496
core   0: 3 0x80003950 (0xe101b913) x18 0x00000001
core   0: 0x80003954 (0x01eff333) and     t1, t6, t5
core   0: 3 0x80003954 (0x01eff333) x 6 0x0000a672
core   0: 0x80003958 (0x00c89c33) sll     s8, a7, a2
core   0: 3 0x80003958 (0x00c89c33) x24 0x00014ce4
core   0: 0x8000395c (0x403d86b3) sub     a3, s11, gp
core   0: 3 0x8000395c (0x403d86b3) x13 0xffff5774
core   0: 0x80003960 (0x00716bb3) or      s7, sp, t2
core   0: 3 0x80003960 (0x00716bb3) x23 0x80014c02
core   0: 0x80003964 (0x414f80b3) sub     ra, t6, s4
core   0: 3 0x80003964 (0x414f80b3) x 1 0x29396672
core   0: 0x80003968 (0xa816d0b7) lui     ra, 0xa816d
core   0: 3 0x80003968 (0xa816d0b7) x 1 0xa816d000
core   0: 0x8000396c (0x28832193) slti    gp, t1, 648
core   0: 3 0x8000396c (0x28832193) x 3 0x00000000
core   0: 0x80003970 (0x407ad6b3) sra     a3, s5, t2
core   0: 3 0x80003970 (0x407ad6b3) x13 0x00000000
core   0: 0x80003974 (0xc7224f93) xori    t6, tp, -910
core   0: 3 0x80003974 (0xc7224f93) x31 0x598dfd73
core   0: 0x80003978 (0x915c7493) andi    s1, s8, -1771
core   0: 3 0x80003978 (0x915c7493) x 9 0x00014804
core   0: 0x8000397c (0x09717113) andi    sp, sp, 151
core   0: 3 0x8000397c (0x09717113) x 2 0x00000002
core   0: 0x80003980 (0xded67b93) andi    s7, a2, -531
core   0: 3 0x80003980 (0xded67b93) x23 0x00000000
core   0: 0x80003984 (0x015572b3) and     t0, a0, s5
core   0: 3 0x80003984 (0x015572b3) x 5 0x00000000
core   0: 0x80003988 (0xf3488093) addi    ra, a7, -204
core   0: 3 0x80003988 (0xf3488093) x 1 0x00014c18
core   0: 0x8000398c (0x406e02b3) sub     t0, t3, t1
core   0: 3 0x8000398c (0x406e02b3) x 5 0x00005e34
core   0: 0x80003990 (0xc2f13b97) auipc   s7, 0xc2f13
core   0: 3 0x80003990 (0xc2f13b97) x23 0x42f16990
core   0: 0x80003994 (0x00bf8933) add     s2, t6, a1
core   0: 3 0x80003994 (0x00bf8933) x18 0xd98f47bb
core   0: 0x80003998 (0x00000013) nop
core   0: 3 0x80003998 (0x00000013)
core   0: 0x8000399c (0xbf0442b7) lui     t0, 0xbf044
core   0: 3 0x8000399c (0xbf0442b7) x 5 0xbf044000
core   0: 0x800039a0 (0x00000013) nop
core   0: 3 0x800039a0 (0x00000013)
core   0: 0x800039a4 (0xc20c0293) addi    t0, s8, -992
core   0: 3 0x800039a4 (0xc20c0293) x 5 0x00014904
core   0: 0x800039a8 (0x44e6a513) slti    a0, a3, 1102
core   0: 3 0x800039a8 (0x44e6a513) x10 0x00000001
core   0: 0x800039ac (0x64b79397) auipc   t2, 0x64b79
core   0: 3 0x800039ac (0x64b79397) x 7 0xe4b7c9ac
core   0: 0x800039b0 (0x016acd33) xor     s10, s5, s6
core   0: 3 0x800039b0 (0x016acd33) x26 0x00010002
core   0: 0x800039b4 (0xb042a393) slti    t2, t0, -1276
core   0: 3 0x800039b4 (0xb042a393) x 7 0x00000000
core   0: 0x800039b8 (0x005948b3) xor     a7, s2, t0
core   0: 3 0x800039b8 (0x005948b3) x17 0xd98e0ebf
core   0: 0x800039bc (0x400c02b3) sub     t0, s8, zero
core   0: 3 0x800039bc (0x400c02b3) x 5 0x00014ce4
core   0: 0x800039c0 (0x415209b3) sub     s3, tp, s5
core   0: 3 0x800039c0 (0x415209b3) x19 0xa6720101
core   0: 0x800039c4 (0x56093213) sltiu   tp, s2, 1376
core   0: 3 0x800039c4 (0x56093213) x 4 0x00000000
core   0: 0x800039c8 (0x00000013) nop
core   0: 3 0x800039c8 (0x00000013)
core   0: 0x800039cc (0x006d48b3) xor     a7, s10, t1
core   0: 3 0x800039cc (0x006d48b3) x17 0x0001a670
core   0: 0x800039d0 (0x010eda13) srli    s4, t4, 16
core   0: 3 0x800039d0 (0x010eda13) x20 0x00008000
core   0: 0x800039d4 (0x410d5813) srai    a6, s10, 16
core   0: 3 0x800039d4 (0x410d5813) x16 0x00000001
core   0: 0x800039d8 (0x009c3133) sltu    sp, s8, s1
core   0: 3 0x800039d8 (0x009c3133) x 2 0x00000000
core   0: 0x800039dc (0x4015de13) srai    t3, a1, 1
core   0: 3 0x800039dc (0x4015de13) x28 0xc000a524
core   0: 0x800039e0 (0x006ed733) srl     a4, t4, t1
core   0: 3 0x800039e0 (0x006ed733) x14 0x00002000
core   0: 0x800039e4 (0x007ed1b3) srl     gp, t4, t2
core   0: 3 0x800039e4 (0x007ed1b3) x 3 0x80000000
core   0: 0x800039e8 (0x014c5733) srl     a4, s8, s4
core   0: 3 0x800039e8 (0x014c5733) x14 0x00014ce4
core   0: 0x800039ec (0x013f5233) srl     tp, t5, s3
core   0: 3 0x800039ec (0x013f5233) x 4 0x00005339
core   0: 0x800039f0 (0x517bde17) auipc   t3, 0x517bd
core   0: 3 0x800039f0 (0x517bde17) x28 0xd17c09f0
core   0: 0x800039f4 (0x98a086b7) lui     a3, 0x98a08
core   0: 3 0x800039f4 (0x98a086b7) x13 0x98a08000
core   0: 0x800039f8 (0x14c37313) andi    t1, t1, 332
core   0: 3 0x800039f8 (0x14c37313) x 6 0x00000040
core   0: 0x800039fc (0x01754db3) xor     s11, a0, s7
core   0: 3 0x800039fc (0x01754db3) x27 0x42f16991
core   0: 0x80003a00 (0x00371f93) slli    t6, a4, 3
core   0: 3 0x80003a00 (0x00371f93) x31 0x000a6720
core   0: 0x80003a04 (0x01fa1893) slli    a7, s4, 31
core   0: 3 0x80003a04 (0x01fa1893) x17 0x00000000
core   0: 0x80003a08 (0x41edd093) srai    ra, s11, 30
core   0: 3 0x80003a08 (0x41edd093) x 1 0x00000001
core   0: 0x80003a0c (0x611647b7) lui     a5, 0x61164
core   0: 3 0x80003a0c (0x611647b7) x15 0x61164000
core   0: 0x80003a10 (0xb406b693) sltiu   a3, a3, -1216
core   0: 3 0x80003a10 (0xb406b693) x13 0x00000001
core   0: 0x80003a14 (0x01152233) slt     tp, a0, a7
core   0: 3 0x80003a14 (0x01152233) x 4 0x00000000
core   0: 0x80003a18 (0x015c56b3) srl     a3, s8, s5
core   0: 3 0x80003a18 (0x015c56b3) x13 0x00014ce4
core   0: 0x80003a1c (0x011b72b3) and     t0, s6, a7
core   0: 3 0x80003a1c (0x011b72b3) x 5 0x00000000
core   0: 0x80003a20 (0x0e096e13) ori     t3, s2, 224
core   0: 3 0x80003a20 (0x0e096e13) x28 0xd98f47fb
core   0: 0x80003a24 (0x00a47733) and     a4, s0, a0
core   0: 3 0x80003a24 (0x00a47733) x14 0x00000000
core   0: 0x80003a28 (0x00bc0533) add     a0, s8, a1
core   0: 3 0x80003a28 (0x00bc0533) x10 0x8002972c
core   0: 0x80003a2c (0x36144b93) xori    s7, s0, 865
core   0: 3 0x80003a2c (0x36144b93) x23 0x80010d05
core   0: 0x80003a30 (0x009b0213) addi    tp, s6, 9
core   0: 3 0x80003a30 (0x009b0213) x 4 0x0001000b
core   0: 0x80003a34 (0x00392633) slt     a2, s2, gp
core   0: 3 0x80003a34 (0x00392633) x12 0x00000000
core   0: 0x80003a38 (0x00002533) slt     a0, zero, zero
core   0: 3 0x80003a38 (0x00002533) x10 0x00000000
core   0: 0x80003a3c (0x888cdb17) auipc   s6, 0x888cd
core   0: 3 0x80003a3c (0x888cdb17) x22 0x088d0a3c
core   0: 0x80003a40 (0x3d593913) sltiu   s2, s2, 981
core   0: 3 0x80003a40 (0x3d593913) x18 0x00000000
core   0: 0x80003a44 (0x03a4a313) slti    t1, s1, 58
core   0: 3 0x80003a44 (0x03a4a313) x 6 0x00000000
core   0: 0x80003a48 (0x00a7d513) srli    a0, a5, 10
core   0: 3 0x80003a48 (0x00a7d513) x10 0x00184590
core   0: 0x80003a4c (0x856cb113) sltiu   sp, s9, -1962
core   0: 3 0x80003a4c (0x856cb113) x 2 0x00000001
core   0: 0x80003a50 (0x00b29613) slli    a2, t0, 11
core   0: 3 0x80003a50 (0x00b29613) x12 0x00000000
core   0: 0x80003a54 (0xf489a313) slti    t1, s3, -184
core   0: 3 0x80003a54 (0xf489a313) x 6 0x00000001
core   0: 0x80003a58 (0x41670913) addi    s2, a4, 1046
core   0: 3 0x80003a58 (0x41670913) x18 0x00000416
core   0: 0x80003a5c (0x03c5e613) ori     a2, a1, 60
core   0: 3 0x80003a5c (0x03c5e613) x12 0x80014a7c
core   0: 0x80003a60 (0x403f8b33) sub     s6, t6, gp
core   0: 3 0x80003a60 (0x403f8b33) x22 0x800a6720
core   0: 0x80003a64 (0x41f280b3) sub     ra, t0, t6
core   0: 3 0x80003a64 (0x41f280b3) x 1 0xfff598e0
core   0: 0x80003a68 (0x00803e33) snez    t3, s0
core   0: 3 0x80003a68 (0x00803e33) x28 0x00000001
core   0: 0x80003a6c (0x41f1d9b3) sra     s3, gp, t6
core   0: 3 0x80003a6c (0x41f1d9b3) x19 0x80000000
core   0: 0x80003a70 (0x41d959b3) sra     s3, s2, t4
core   0: 3 0x80003a70 (0x41d959b3) x19 0x00000416
core   0: 0x80003a74 (0x6ba45d17) auipc   s10, 0x6ba45
core   0: 3 0x80003a74 (0x6ba45d17) x26 0xeba48a74
core   0: 0x80003a78 (0x01b61c13) slli    s8, a2, 27
core   0: 3 0x80003a78 (0x01b61c13) x24 0xe0000000
core   0: 0x80003a7c (0x299a6d93) ori     s11, s4, 665
core   0: 3 0x80003a7c (0x299a6d93) x27 0x00008299
core   0: 0x80003a80 (0x013df233) and     tp, s11, s3
core   0: 3 0x80003a80 (0x013df233) x 4 0x00000010
core   0: 0x80003a84 (0xb7b64a13) xori    s4, a2, -1157
core   0: 3 0x80003a84 (0xb7b64a13) x20 0x7ffeb107
core   0: 0x80003a88 (0x737d7f93) andi    t6, s10, 1847
core   0: 3 0x80003a88 (0x737d7f93) x31 0x00000234
core   0: 0x80003a8c (0x00333f33) sltu    t5, t1, gp
core   0: 3 0x80003a8c (0x00333f33) x30 0x00000001
core   0: 0x80003a90 (0x016644b3) xor     s1, a2, s6
core   0: 3 0x80003a90 (0x016644b3) x 9 0x000b2d5c
core   0: 0x80003a94 (0xabaf1497) auipc   s1, 0xabaf1
core   0: 3 0x80003a94 (0xabaf1497) x 9 0x2baf4a94
core   0: 0x80003a98 (0x00afd6b3) srl     a3, t6, a0
core   0: 3 0x80003a98 (0x00afd6b3) x13 0x00000000
core   0: 0x80003a9c (0x00000013) nop
core   0: 3 0x80003a9c (0x00000013)
core   0: 0x80003aa0 (0x0107b9b3) sltu    s3, a5, a6
core   0: 3 0x80003aa0 (0x0107b9b3) x19 0x00000000
core   0: 0x80003aa4 (0x06f45837) lui     a6, 0x6f45
core   0: 3 0x80003aa4 (0x06f45837) x16 0x06f45000
core   0: 0x80003aa8 (0x00000013) nop
core   0: 3 0x80003aa8 (0x00000013)
core   0: 0x80003aac (0x01671333) sll     t1, a4, s6
core   0: 3 0x80003aac (0x01671333) x 6 0x00000000
core   0: 0x80003ab0 (0x01c41d13) slli    s10, s0, 28
core   0: 3 0x80003ab0 (0x01c41d13) x26 0x40000000
core   0: 0x80003ab4 (0x75ad0537) lui     a0, 0x75ad0
core   0: 3 0x80003ab4 (0x75ad0537) x10 0x75ad0000
core   0: 0x80003ab8 (0x00d81fb3) sll     t6, a6, a3
core   0: 3 0x80003ab8 (0x00d81fb3) x31 0x06f45000
core   0: 0x80003abc (0x0527e013) ori     zero, a5, 82
core   0: 3 0x80003abc (0x0527e013)
core   0: 0x80003ac0 (0x418edf93) srai    t6, t4, 24
core   0: 3 0x80003ac0 (0x418edf93) x31 0xffffff80
core   0: 0x80003ac4 (0x00e247b3) xor     a5, tp, a4
core   0: 3 0x80003ac4 (0x00e247b3) x15 0x00000010
core   0: 0x80003ac8 (0x009c1033) sll     zero, s8, s1
core   0: 3 0x80003ac8 (0x009c1033)
core   0: 0x80003acc (0x005695b3) sll     a1, a3, t0
core   0: 3 0x80003acc (0x005695b3) x11 0x00000000
core   0: 0x80003ad0 (0x00708d33) add     s10, ra, t2
core   0: 3 0x80003ad0 (0x00708d33) x26 0xfff598e0
core   0: 0x80003ad4 (0x9d80f113) andi    sp, ra, -1576
core   0: 3 0x80003ad4 (0x9d80f113) x 2 0xfff598c0
core   0: 0x80003ad8 (0x00000013) nop
core   0: 3 0x80003ad8 (0x00000013)
core   0: 0x80003adc (0x010c31b3) sltu    gp, s8, a6
core   0: 3 0x80003adc (0x010c31b3) x 3 0x00000000
core   0: 0x80003ae0 (0x00d8adb3) slt     s11, a7, a3
core   0: 3 0x80003ae0 (0x00d8adb3) x27 0x00000000
core   0: 0x80003ae4 (0x01bb1f93) slli    t6, s6, 27
core   0: 3 0x80003ae4 (0x01bb1f93) x31 0x00000000
core   0: 0x80003ae8 (0x00facdb3) xor     s11, s5, a5
core   0: 3 0x80003ae8 (0x00facdb3) x27 0x00000010
core   0: 0x80003aec (0xd11f19b7) lui     s3, 0xd11f1
core   0: 3 0x80003aec (0xd11f19b7) x19 0xd11f1000
core   0: 0x80003af0 (0x2c4c4a13) xori    s4, s8, 708
core   0: 3 0x80003af0 (0x2c4c4a13) x20 0xe00002c4
core   0: 0x80003af4 (0x91ce8713) addi    a4, t4, -1764
core   0: 3 0x80003af4 (0x91ce8713) x14 0x7ffff91c
core   0: 0x80003af8 (0x4166de33) sra     t3, a3, s6
core   0: 3 0x80003af8 (0x4166de33) x28 0x00000000
core   0: 0x80003afc (0x01c864b3) or      s1, a6, t3
core   0: 3 0x80003afc (0x01c864b3) x 9 0x06f45000
core   0: 0x80003b00 (0x01ce2933) slt     s2, t3, t3
core   0: 3 0x80003b00 (0x01ce2933) x18 0x00000000
core   0: 0x80003b04 (0x00000013) nop
core   0: 3 0x80003b04 (0x00000013)
core   0: 0x80003b08 (0x363e3493) sltiu   s1, t3, 867
core   0: 3 0x80003b08 (0x363e3493) x 9 0x00000001
core   0: 0x80003b0c (0x002a2b33) slt     s6, s4, sp
core   0: 3 0x80003b0c (0x002a2b33) x22 0x00000001
core   0: 0x80003b10 (0x01951a13) slli    s4, a0, 25
core   0: 3 0x80003b10 (0x01951a13) x20 0x00000000
core   0: 0x80003b14 (0x00effa33) and     s4, t6, a4
core   0: 3 0x80003b14 (0x00effa33) x20 0x00000000
core   0: 0x80003b18 (0x00a9da33) srl     s4, s3, a0
core   0: 3 0x80003b18 (0x00a9da33) x20 0xd11f1000
core   0: 0x80003b1c (0x40b15633) sra     a2, sp, a1
core   0: 3 0x80003b1c (0x40b15633) x12 0xfff598c0
core   0: 0x80003b20 (0x4094d493) srai    s1, s1, 9
core   0: 3 0x80003b20 (0x4094d493) x 9 0x00000000
core   0: 0x80003b24 (0x472fb237) lui     tp, 0x472fb
core   0: 3 0x80003b24 (0x472fb237) x 4 0x472fb000
core   0: 0x80003b28 (0x000bde33) srl     t3, s7, zero
core   0: 3 0x80003b28 (0x000bde33) x28 0x80010d05
core   0: 0x80003b2c (0x8c5e4093) xori    ra, t3, -1851
core   0: 3 0x80003b2c (0x8c5e4093) x 1 0x7ffef5c0
core   0: 0x80003b30 (0x0032aab3) slt     s5, t0, gp
core   0: 3 0x80003b30 (0x0032aab3) x21 0x00000000
core   0: 0x80003b34 (0x41a08f33) sub     t5, ra, s10
core   0: 3 0x80003b34 (0x41a08f33) x30 0x80095ce0
core   0: 0x80003b38 (0xde037793) andi    a5, t1, -544
core   0: 3 0x80003b38 (0xde037793) x15 0x00000000
core   0: 0x80003b3c (0xe52ce813) ori     a6, s9, -430
core   0: 3 0x80003b3c (0xe52ce813) x16 0xfffffef6
core   0: 0x80003b40 (0x248dcd93) xori    s11, s11, 584
core   0: 3 0x80003b40 (0x248dcd93) x27 0x00000258
core   0: 0x80003b44 (0x413a06b3) sub     a3, s4, s3
core   0: 3 0x80003b44 (0x413a06b3) x13 0x00000000
core   0: 0x80003b48 (0x0038abb3) slt     s7, a7, gp
core   0: 3 0x80003b48 (0x0038abb3) x23 0x00000000
core   0: 0x80003b4c (0x001a9d93) slli    s11, s5, 1
core   0: 3 0x80003b4c (0x001a9d93) x27 0x00000000
core   0: 0x80003b50 (0x71ae9c17) auipc   s8, 0x71ae9
core   0: 3 0x80003b50 (0x71ae9c17) x24 0xf1aecb50
core   0: 0x80003b54 (0x3e6b7d13) andi    s10, s6, 998
core   0: 3 0x80003b54 (0x3e6b7d13) x26 0x00000000
core   0: 0x80003b58 (0x0179bc33) sltu    s8, s3, s7
core   0: 3 0x80003b58 (0x0179bc33) x24 0x00000000
core   0: 0x80003b5c (0xfd6a0337) lui     t1, 0xfd6a0
core   0: 3 0x80003b5c (0xfd6a0337) x 6 0xfd6a0000
core   0: 0x80003b60 (0x00000013) nop
core   0: 3 0x80003b60 (0x00000013)
core   0: 0x80003b64 (0x01dd86b3) add     a3, s11, t4
core   0: 3 0x80003b64 (0x01dd86b3) x13 0x80000000
core   0: 0x80003b68 (0x412c57b3) sra     a5, s8, s2
core   0: 3 0x80003b68 (0x412c57b3) x15 0x00000000
core   0: 0x80003b6c (0x003b91b3) sll     gp, s7, gp
core   0: 3 0x80003b6c (0x003b91b3) x 3 0x00000000
core   0: 0x80003b70 (0x00304e33) xor     t3, zero, gp
core   0: 3 0x80003b70 (0x00304e33) x28 0x00000000
core   0: 0x80003b74 (0x86a40997) auipc   s3, 0x86a40
core   0: 3 0x80003b74 (0x86a40997) x19 0x06a43b74
core   0: 0x80003b78 (0x0101aa33) slt     s4, gp, a6
core   0: 3 0x80003b78 (0x0101aa33) x20 0x00000000
core   0: 0x80003b7c (0x40c5de13) srai    t3, a1, 12
core   0: 3 0x80003b7c (0x40c5de13) x28 0x00000000
core   0: 0x80003b80 (0x3e0af713) andi    a4, s5, 992
core   0: 3 0x80003b80 (0x3e0af713) x14 0x00000000
core   0: 0x80003b84 (0x01ff9933) sll     s2, t6, t6
core   0: 3 0x80003b84 (0x01ff9933) x18 0x00000000
core   0: 0x80003b88 (0x00b1ad33) slt     s10, gp, a1
core   0: 3 0x80003b88 (0x00b1ad33) x26 0x00000000
core   0: 0x80003b8c (0xbd517f17) auipc   t5, 0xbd517
core   0: 3 0x80003b8c (0xbd517f17) x30 0x3d51ab8c
core   0: 0x80003b90 (0x40b255b3) sra     a1, tp, a1
core   0: 3 0x80003b90 (0x40b255b3) x11 0x472fb000
core   0: 0x80003b94 (0x002fa4b3) slt     s1, t6, sp
core   0: 3 0x80003b94 (0x002fa4b3) x 9 0x00000000
core   0: 0x80003b98 (0x0014df33) srl     t5, s1, ra
core   0: 3 0x80003b98 (0x0014df33) x30 0x00000000
core   0: 0x80003b9c (0x00e9b533) sltu    a0, s3, a4
core   0: 3 0x80003b9c (0x00e9b533) x10 0x00000000
core   0: 0x80003ba0 (0x70103613) sltiu   a2, zero, 1793
core   0: 3 0x80003ba0 (0x70103613) x12 0x00000001
core   0: 0x80003ba4 (0x012bb3b3) sltu    t2, s7, s2
core   0: 3 0x80003ba4 (0x012bb3b3) x 7 0x00000000
core   0: 0x80003ba8 (0x00000013) nop
core   0: 3 0x80003ba8 (0x00000013)
core   0: 0x80003bac (0x41538db3) sub     s11, t2, s5
core   0: 3 0x80003bac (0x41538db3) x27 0x00000000
core   0: 0x80003bb0 (0x41045c33) sra     s8, s0, a6
core   0: 3 0x80003bb0 (0x41045c33) x24 0xfffffe00
core   0: 0x80003bb4 (0x00c8dd93) srli    s11, a7, 12
core   0: 3 0x80003bb4 (0x00c8dd93) x27 0x00000000
core   0: 0x80003bb8 (0x00a547b3) xor     a5, a0, a0
core   0: 3 0x80003bb8 (0x00a547b3) x15 0x00000000
core   0: 0x80003bbc (0x406d8d33) sub     s10, s11, t1
core   0: 3 0x80003bbc (0x406d8d33) x26 0x02960000
core   0: 0x80003bc0 (0x003ec733) xor     a4, t4, gp
core   0: 3 0x80003bc0 (0x003ec733) x14 0x80000000
core   0: 0x80003bc4 (0xb43e0893) addi    a7, t3, -1213
core   0: 3 0x80003bc4 (0xb43e0893) x17 0xfffffb43
core   0: 0x80003bc8 (0x4e933a93) sltiu   s5, t1, 1257
core   0: 3 0x80003bc8 (0x4e933a93) x21 0x00000000
core   0: 0x80003bcc (0x014bbf33) sltu    t5, s7, s4
core   0: 3 0x80003bcc (0x014bbf33) x30 0x00000000
core   0: 0x80003bd0 (0x00885533) srl     a0, a6, s0
core   0: 3 0x80003bd0 (0x00885533) x10 0x0fffffef
core   0: 0x80003bd4 (0x409906b3) sub     a3, s2, s1
core   0: 3 0x80003bd4 (0x409906b3) x13 0x00000000
core   0: 0x80003bd8 (0x01156db3) or      s11, a0, a7
core   0: 3 0x80003bd8 (0x01156db3) x27 0xffffffef
core   0: 0x80003bdc (0x012639b3) sltu    s3, a2, s2
core   0: 3 0x80003bdc (0x012639b3) x19 0x00000000
core   0: 0x80003be0 (0x01ed66b3) or      a3, s10, t5
core   0: 3 0x80003be0 (0x01ed66b3) x13 0x02960000
core   0: 0x80003be4 (0x00ca5993) srli    s3, s4, 12
core   0: 3 0x80003be4 (0x00ca5993) x19 0x00000000
core   0: 0x80003be8 (0x40ca5f93) srai    t6, s4, 12
core   0: 3 0x80003be8 (0x40ca5f93) x31 0x00000000
core   0: 0x80003bec (0x408edb93) srai    s7, t4, 8
core   0: 3 0x80003bec (0x408edb93) x23 0xff800000
core   0: 0x80003bf0 (0x018c5e13) srli    t3, s8, 24
core   0: 3 0x80003bf0 (0x018c5e13) x28 0x000000ff
core   0: 0x80003bf4 (0x01b932b3) sltu    t0, s2, s11
core   0: 3 0x80003bf4 (0x01b932b3) x 5 0x00000001
core   0: 0x80003bf8 (0x40580c33) sub     s8, a6, t0
core   0: 3 0x80003bf8 (0x40580c33) x24 0xfffffef5
core   0: 0x80003bfc (0x3ff00e13) li      t3, 1023
core   0: 3 0x80003bfc (0x3ff00e13) x28 0x000003ff
core   0: 0x80003c00 (0x00dadb33) srl     s6, s5, a3
core   0: 3 0x80003c00 (0x00dadb33) x22 0x00000000
core   0: 0x80003c04 (0x01411633) sll     a2, sp, s4
core   0: 3 0x80003c04 (0x01411633) x12 0xfff598c0
core   0: 0x80003c08 (0x008cd793) srli    a5, s9, 8
core   0: 3 0x80003c08 (0x008cd793) x15 0x0080014c
core   0: 0x80003c0c (0x421f8493) addi    s1, t6, 1057
core   0: 3 0x80003c0c (0x421f8493) x 9 0x00000421
core   0: 0x80003c10 (0xaa4ab2b7) lui     t0, 0xaa4ab
core   0: 3 0x80003c10 (0xaa4ab2b7) x 5 0xaa4ab000
core   0: 0x80003c14 (0x00193c33) sltu    s8, s2, ra
core   0: 3 0x80003c14 (0x00193c33) x24 0x00000001
core   0: 0x80003c18 (0x0152f0b3) and     ra, t0, s5
core   0: 3 0x80003c18 (0x0152f0b3) x 1 0x00000000
core   0: 0x80003c1c (0x016aa9b3) slt     s3, s5, s6
core   0: 3 0x80003c1c (0x016aa9b3) x19 0x00000000
core   0: 0x80003c20 (0x011ebb33) sltu    s6, t4, a7
core   0: 3 0x80003c20 (0x011ebb33) x22 0x00000001
core   0: 0x80003c24 (0x26cd9c17) auipc   s8, 0x26cd9
core   0: 3 0x80003c24 (0x26cd9c17) x24 0xa6cdcc24
core   0: 0x80003c28 (0x01c117b3) sll     a5, sp, t3
core   0: 3 0x80003c28 (0x01c117b3) x15 0x00000000
core   0: 0x80003c2c (0x4176d113) srai    sp, a3, 23
core   0: 3 0x80003c2c (0x4176d113) x 2 0x00000005
core   0: 0x80003c30 (0x00319a13) slli    s4, gp, 3
core   0: 3 0x80003c30 (0x00319a13) x20 0x00000000
core   0: 0x80003c34 (0x01be6333) or      t1, t3, s11
core   0: 3 0x80003c34 (0x01be6333) x 6 0xffffffff
core   0: 0x80003c38 (0x40a30933) sub     s2, t1, a0
core   0: 3 0x80003c38 (0x40a30933) x18 0xf0000010
core   0: 0x80003c3c (0x008f37b3) sltu    a5, t5, s0
core   0: 3 0x80003c3c (0x008f37b3) x15 0x00000001
core   0: 0x80003c40 (0x4057d613) srai    a2, a5, 5
core   0: 3 0x80003c40 (0x4057d613) x12 0x00000000
core   0: 0x80003c44 (0x00b42733) slt     a4, s0, a1
core   0: 3 0x80003c44 (0x00b42733) x14 0x00000001
core   0: 0x80003c48 (0x01ef4633) xor     a2, t5, t5
core   0: 3 0x80003c48 (0x01ef4633) x12 0x00000000
core   0: 0x80003c4c (0x30f66b97) auipc   s7, 0x30f66
core   0: 3 0x80003c4c (0x30f66b97) x23 0xb0f69c4c
core   0: 0x80003c50 (0x00c574b3) and     s1, a0, a2
core   0: 3 0x80003c50 (0x00c574b3) x 9 0x00000000
core   0: 0x80003c54 (0xd850ad97) auipc   s11, 0xd850a
core   0: 3 0x80003c54 (0xd850ad97) x27 0x5850dc54
core   0: 0x80003c58 (0x419500b3) sub     ra, a0, s9
core   0: 3 0x80003c58 (0x419500b3) x 1 0x8ffeb30b
core   0: 0x80003c5c (0x40690e33) sub     t3, s2, t1
core   0: 3 0x80003c5c (0x40690e33) x28 0xf0000011
core   0: 0x80003c60 (0xfa2fa513) slti    a0, t6, -94
core   0: 3 0x80003c60 (0xfa2fa513) x10 0x00000000
core   0: 0x80003c64 (0x00bc9133) sll     sp, s9, a1
core   0: 3 0x80003c64 (0x00bc9133) x 2 0x80014ce4
core   0: 0x80003c68 (0x0098c4b3) xor     s1, a7, s1
core   0: 3 0x80003c68 (0x0098c4b3) x 9 0xfffffb43
core   0: 0x80003c6c (0x008b7e33) and     t3, s6, s0
core   0: 3 0x80003c6c (0x008b7e33) x28 0x00000000
core   0: 0x80003c70 (0x012dfab3) and     s5, s11, s2
core   0: 3 0x80003c70 (0x012dfab3) x21 0x50000010
core   0: 0x80003c74 (0x4179df33) sra     t5, s3, s7
core   0: 3 0x80003c74 (0x4179df33) x30 0x00000000
core   0: 0x80003c78 (0x00ba04b3) add     s1, s4, a1
core   0: 3 0x80003c78 (0x00ba04b3) x 9 0x472fb000
core   0: 0x80003c7c (0x0073abb3) slt     s7, t2, t2
core   0: 3 0x80003c7c (0x0073abb3) x23 0x00000000
core   0: 0x80003c80 (0x0142b933) sltu    s2, t0, s4
core   0: 3 0x80003c80 (0x0142b933) x18 0x00000000
core   0: 0x80003c84 (0x009484b3) add     s1, s1, s1
core   0: 3 0x80003c84 (0x009484b3) x 9 0x8e5f6000
core   0: 0x80003c88 (0x74673b13) sltiu   s6, a4, 1862
core   0: 3 0x80003c88 (0x74673b13) x22 0x00000001
core   0: 0x80003c8c (0x41e4db93) srai    s7, s1, 30
core   0: 3 0x80003c8c (0x41e4db93) x23 0xfffffffe
core   0: 0x80003c90 (0xe7838613) addi    a2, t2, -392
core   0: 3 0x80003c90 (0xe7838613) x12 0xfffffe78
core   0: 0x80003c94 (0x05494e13) xori    t3, s2, 84
core   0: 3 0x80003c94 (0x05494e13) x28 0x00000054
core   0: 0x80003c98 (0x0199b6b3) sltu    a3, s3, s9
core   0: 3 0x80003c98 (0x0199b6b3) x13 0x00000001
core   0: 0x80003c9c (0xdaa39017) auipc   zero, 0xdaa39
core   0: 3 0x80003c9c (0xdaa39017)
core   0: 0x80003ca0 (0xfc7a6293) ori     t0, s4, -57
core   0: 3 0x80003ca0 (0xfc7a6293) x 5 0xffffffc7
core   0: 0x80003ca4 (0x77f85db7) lui     s11, 0x77f85
core   0: 3 0x80003ca4 (0x77f85db7) x27 0x77f85000
core   0: 0x80003ca8 (0x00000013) nop
core   0: 3 0x80003ca8 (0x00000013)
core   0: 0x80003cac (0x0152d713) srli    a4, t0, 21
core   0: 3 0x80003cac (0x0152d713) x14 0x000007ff
core   0: 0x80003cb0 (0x4113db93) srai    s7, t2, 17
core   0: 3 0x80003cb0 (0x4113db93) x23 0x00000000
core   0: 0x80003cb4 (0x4057d393) srai    t2, a5, 5
core   0: 3 0x80003cb4 (0x4057d393) x 7 0x00000000
core   0: 0x80003cb8 (0x4f8a0fb7) lui     t6, 0x4f8a0
core   0: 3 0x80003cb8 (0x4f8a0fb7) x31 0x4f8a0000
core   0: 0x80003cbc (0xd9a14f13) xori    t5, sp, -614
core   0: 3 0x80003cbc (0xd9a14f13) x30 0x7ffeb17e
core   0: 0x80003cc0 (0x00f08bb3) add     s7, ra, a5
core   0: 3 0x80003cc0 (0x00f08bb3) x23 0x8ffeb30c
core   0: 0x80003cc4 (0x0100bc33) sltu    s8, ra, a6
core   0: 3 0x80003cc4 (0x0100bc33) x24 0x00000001
core   0: 0x80003cc8 (0xc981c197) auipc   gp, 0xc981c
core   0: 3 0x80003cc8 (0xc981c197) x 3 0x4981fcc8
core   0: 0x80003ccc (0x014d06b3) add     a3, s10, s4
core   0: 3 0x80003ccc (0x014d06b3) x13 0x02960000
core   0: 0x80003cd0 (0xd61f8297) auipc   t0, 0xd61f8
core   0: 3 0x80003cd0 (0xd61f8297) x 5 0x561fbcd0
core   0: 0x80003cd4 (0x01de9c13) slli    s8, t4, 29
core   0: 3 0x80003cd4 (0x01de9c13) x24 0x00000000
core   0: 0x80003cd8 (0x015c9233) sll     tp, s9, s5
core   0: 3 0x80003cd8 (0x015c9233) x 4 0x4ce40000
core   0: 0x80003cdc (0x01b806b3) add     a3, a6, s11
core   0: 3 0x80003cdc (0x01b806b3) x13 0x77f84ef6
core   0: 0x80003ce0 (0xf6c2c813) xori    a6, t0, -148
core   0: 3 0x80003ce0 (0xf6c2c813) x16 0xa9e043bc
core   0: 0x80003ce4 (0x84fc6493) ori     s1, s8, -1969
core   0: 3 0x80003ce4 (0x84fc6493) x 9 0xfffff84f
core   0: 0x80003ce8 (0x012f1e13) slli    t3, t5, 18
core   0: 3 0x80003ce8 (0x012f1e13) x28 0xc5f80000
core   0: 0x80003cec (0xa9c74b37) lui     s6, 0xa9c74
core   0: 3 0x80003cec (0xa9c74b37) x22 0xa9c74000
core   0: 0x80003cf0 (0x00413733) sltu    a4, sp, tp
core   0: 3 0x80003cf0 (0x00413733) x14 0x00000000
core   0: 0x80003cf4 (0x008a1fb3) sll     t6, s4, s0
core   0: 3 0x80003cf4 (0x008a1fb3) x31 0x00000000
core   0: 0x80003cf8 (0x40aad8b3) sra     a7, s5, a0
core   0: 3 0x80003cf8 (0x40aad8b3) x17 0x50000010
core   0: 0x80003cfc (0x00647c33) and     s8, s0, t1
core   0: 3 0x80003cfc (0x00647c33) x24 0x80010e64
core   0: 0x80003d00 (0x6ccd8713) addi    a4, s11, 1740
core   0: 3 0x80003d00 (0x6ccd8713) x14 0x77f856cc
core   0: 0x80003d04 (0x411555b3) sra     a1, a0, a7
core   0: 3 0x80003d04 (0x411555b3) x11 0x00000000
core   0: 0x80003d08 (0x000adbb3) srl     s7, s5, zero
core   0: 3 0x80003d08 (0x000adbb3) x23 0x50000010
core   0: 0x80003d0c (0x00000013) nop
core   0: 3 0x80003d0c (0x00000013)
core   0: 0x80003d10 (0x0079d193) srli    gp, s3, 7
core   0: 3 0x80003d10 (0x0079d193) x 3 0x00000000
core   0: 0x80003d14 (0x41ee5d13) srai    s10, t3, 30
core   0: 3 0x80003d14 (0x41ee5d13) x26 0xffffffff
core   0: 0x80003d18 (0xb86e7117) auipc   sp, 0xb86e7
core   0: 3 0x80003d18 (0xb86e7117) x 2 0x386ead18
core   0: 0x80003d1c (0x000ef7b3) and     a5, t4, zero
core   0: 3 0x80003d1c (0x000ef7b3) x15 0x00000000
core   0: 0x80003d20 (0x8adc4d93) xori    s11, s8, -1875
core   0: 3 0x80003d20 (0x8adc4d93) x27 0x7ffef6c9
core   0: 0x80003d24 (0x00440e33) add     t3, s0, tp
core   0: 3 0x80003d24 (0x00440e33) x28 0xcce50e64
core   0: 0x80003d28 (0x5a97a913) slti    s2, a5, 1449
core   0: 3 0x80003d28 (0x5a97a913) x18 0x00000001
core   0: 0x80003d2c (0x407701b3) sub     gp, a4, t2
core   0: 3 0x80003d2c (0x407701b3) x 3 0x77f856cc
core   0: 0x80003d30 (0x006f5fb3) srl     t6, t5, t1
core   0: 3 0x80003d30 (0x006f5fb3) x31 0x00000000
core   0: 0x80003d34 (0x01553f33) sltu    t5, a0, s5
core   0: 3 0x80003d34 (0x01553f33) x30 0x00000001
core   0: 0x80003d38 (0x4be51c17) auipc   s8, 0x4be51
core   0: 3 0x80003d38 (0x4be51c17) x24 0xcbe54d38
core   0: 0x80003d3c (0x67326b97) auipc   s7, 0x67326
core   0: 3 0x80003d3c (0x67326b97) x23 0xe7329d3c
core   0: 0x80003d40 (0x416d0633) sub     a2, s10, s6
core   0: 3 0x80003d40 (0x416d0633) x12 0x5638bfff
core   0: 0x80003d44 (0x977a7093) andi    ra, s4, -1673
core   0: 3 0x80003d44 (0x977a7093) x 1 0x00000000
core   0: 0x80003d48 (0x01c0a933) slt     s2, ra, t3
core   0: 3 0x80003d48 (0x01c0a933) x18 0x00000000
core   0: 0x80003d4c (0x00b68fb3) add     t6, a3, a1
core   0: 3 0x80003d4c (0x00b68fb3) x31 0x77f84ef6
core   0: 0x80003d50 (0x404fdb33) sra     s6, t6, tp
core   0: 3 0x80003d50 (0x404fdb33) x22 0x77f84ef6
core   0: 0x80003d54 (0x01767d33) and     s10, a2, s7
core   0: 3 0x80003d54 (0x01767d33) x26 0x46309d3c
core   0: 0x80003d58 (0x5ceabdb7) lui     s11, 0x5ceab
core   0: 3 0x80003d58 (0x5ceabdb7) x27 0x5ceab000
core   0: 0x80003d5c (0x01fb6b33) or      s6, s6, t6
core   0: 3 0x80003d5c (0x01fb6b33) x22 0x77f84ef6
core   0: 0x80003d60 (0x40625733) sra     a4, tp, t1
core   0: 3 0x80003d60 (0x40625733) x14 0x00000000
core   0: 0x80003d64 (0x0142d333) srl     t1, t0, s4
core   0: 3 0x80003d64 (0x0142d333) x 6 0x561fbcd0
core   0: 0x80003d68 (0xbef12e13) slti    t3, sp, -1041
core   0: 3 0x80003d68 (0xbef12e13) x28 0x00000000
core   0: 0x80003d6c (0x017013b3) sll     t2, zero, s7
core   0: 3 0x80003d6c (0x017013b3) x 7 0x00000000
core   0: 0x80003d70 (0x00000013) nop
core   0: 3 0x80003d70 (0x00000013)
core   0: 0x80003d74 (0xe9c6ef13) ori     t5, a3, -356
core   0: 3 0x80003d74 (0xe9c6ef13) x30 0xfffffefe
core   0: 0x80003d78 (0x92cb8013) addi    zero, s7, -1748
core   0: 3 0x80003d78 (0x92cb8013)
core   0: 0x80003d7c (0x1c18f293) andi    t0, a7, 449
core   0: 3 0x80003d7c (0x1c18f293) x 5 0x00000000
core   0: 0x80003d80 (0x41455893) srai    a7, a0, 20
core   0: 3 0x80003d80 (0x41455893) x17 0x00000000
core   0: 0x80003d84 (0x005f5f93) srli    t6, t5, 5
core   0: 3 0x80003d84 (0x005f5f93) x31 0x07fffff7
core   0: 0x80003d88 (0x0077bbb3) sltu    s7, a5, t2
core   0: 3 0x80003d88 (0x0077bbb3) x23 0x00000000
core   0: 0x80003d8c (0xfbabe813) ori     a6, s7, -70
core   0: 3 0x80003d8c (0xfbabe813) x16 0xffffffba
core   0: 0x80003d90 (0x413edfb3) sra     t6, t4, s3
core   0: 3 0x80003d90 (0x413edfb3) x31 0x80000000
core   0: 0x80003d94 (0x37281917) auipc   s2, 0x37281
core   0: 3 0x80003d94 (0x37281917) x18 0xb7284d94
core   0: 0x80003d98 (0x6506a313) slti    t1, a3, 1616
core   0: 3 0x80003d98 (0x6506a313) x 6 0x00000000
core   0: 0x80003d9c (0x01592bb3) slt     s7, s2, s5
core   0: 3 0x80003d9c (0x01592bb3) x23 0x00000001
core   0: 0x80003da0 (0xa5f0f237) lui     tp, 0xa5f0f
core   0: 3 0x80003da0 (0xa5f0f237) x 4 0xa5f0f000
core   0: 0x80003da4 (0x403dd893) srai    a7, s11, 3
core   0: 3 0x80003da4 (0x403dd893) x17 0x0b9d5600
core   0: 0x80003da8 (0x0128a7b3) slt     a5, a7, s2
core   0: 3 0x80003da8 (0x0128a7b3) x15 0x00000000
core   0: 0x80003dac (0x00494db3) xor     s11, s2, tp
core   0: 3 0x80003dac (0x00494db3) x27 0x12d8bd94
core   0: 0x80003db0 (0x01392d33) slt     s10, s2, s3
core   0: 3 0x80003db0 (0x01392d33) x26 0x00000001
core   0: 0x80003db4 (0x014edc13) srli    s8, t4, 20
core   0: 3 0x80003db4 (0x014edc13) x24 0x00000800
core   0: 0x80003db8 (0x01cf7633) and     a2, t5, t3
core   0: 3 0x80003db8 (0x01cf7633) x12 0x00000000
core   0: 0x80003dbc (0x01015f13) srli    t5, sp, 16
core   0: 3 0x80003dbc (0x01015f13) x30 0x0000386e
core   0: 0x80003dc0 (0x01771bb3) sll     s7, a4, s7
core   0: 3 0x80003dc0 (0x01771bb3) x23 0x00000000
core   0: 0x80003dc4 (0x409e8d17) auipc   s10, 0x409e8
core   0: 3 0x80003dc4 (0x409e8d17) x26 0xc09ebdc4
core   0: 0x80003dc8 (0x55ef2393) slti    t2, t5, 1374
core   0: 3 0x80003dc8 (0x55ef2393) x 7 0x00000000
core   0: 0x80003dcc (0x409204b3) sub     s1, tp, s1
core   0: 3 0x80003dcc (0x409204b3) x 9 0xa5f0f7b1
core   0: 0x80003dd0 (0x00a20a33) add     s4, tp, a0
core   0: 3 0x80003dd0 (0x00a20a33) x20 0xa5f0f000
core   0: 0x80003dd4 (0x00000013) nop
core   0: 3 0x80003dd4 (0x00000013)
core   0: 0x80003dd8 (0x60b03893) sltiu   a7, zero, 1547
core   0: 3 0x80003dd8 (0x60b03893) x17 0x00000001
core   0: 0x80003ddc (0x003d0a33) add     s4, s10, gp
core   0: 3 0x80003ddc (0x003d0a33) x20 0x38971490
core   0: 0x80003de0 (0xf3d4b193) sltiu   gp, s1, -195
core   0: 3 0x80003de0 (0xf3d4b193) x 3 0x00000001
core   0: 0x80003de4 (0x00000013) nop
core   0: 3 0x80003de4 (0x00000013)
core   0: 0x80003de8 (0x005144b3) xor     s1, sp, t0
core   0: 3 0x80003de8 (0x005144b3) x 9 0x386ead18
core   0: 0x80003dec (0x4014d2b3) sra     t0, s1, ra
core   0: 3 0x80003dec (0x4014d2b3) x 5 0x386ead18
core   0: 0x80003df0 (0x018b9b33) sll     s6, s7, s8
core   0: 3 0x80003df0 (0x018b9b33) x22 0x00000000
core   0: 0x80003df4 (0x01256bb3) or      s7, a0, s2
core   0: 3 0x80003df4 (0x01256bb3) x23 0xb7284d94
core   0: 0x80003df8 (0x406fd1b3) sra     gp, t6, t1
core   0: 3 0x80003df8 (0x406fd1b3) x 3 0x80000000
core   0: 0x80003dfc (0xb6e73613) sltiu   a2, a4, -1170
core   0: 3 0x80003dfc (0xb6e73613) x12 0x00000001
core   0: 0x80003e00 (0xc46f2493) slti    s1, t5, -954
core   0: 3 0x80003e00 (0xc46f2493) x 9 0x00000000
core   0: 0x80003e04 (0x00606f33) or      t5, zero, t1
core   0: 3 0x80003e04 (0x00606f33) x30 0x00000000
core   0: 0x80003e08 (0xd40dc913) xori    s2, s11, -704
core   0: 3 0x80003e08 (0xd40dc913) x18 0xed2740d4
core   0: 0x80003e0c (0x00929b33) sll     s6, t0, s1
core   0: 3 0x80003e0c (0x00929b33) x22 0x386ead18
core   0: 0x80003e10 (0x1e665ab7) lui     s5, 0x1e665
core   0: 3 0x80003e10 (0x1e665ab7) x21 0x1e665000
core   0: 0x80003e14 (0x2a377313) andi    t1, a4, 675
core   0: 3 0x80003e14 (0x2a377313) x 6 0x00000000
core   0: 0x80003e18 (0x00f239b3) sltu    s3, tp, a5
core   0: 3 0x80003e18 (0x00f239b3) x19 0x00000000
core   0: 0x80003e1c (0xa188fd13) andi    s10, a7, -1512
core   0: 3 0x80003e1c (0xa188fd13) x26 0x00000000
core   0: 0x80003e20 (0x2809aa93) slti    s5, s3, 640
core   0: 3 0x80003e20 (0x2809aa93) x21 0x00000001
core   0: 0x80003e24 (0x52c9c113) xori    sp, s3, 1324
core   0: 3 0x80003e24 (0x52c9c113) x 2 0x0000052c
core   0: 0x80003e28 (0x00068333) add     t1, a3, zero
core   0: 3 0x80003e28 (0x00068333) x 6 0x77f84ef6
core   0: 0x80003e2c (0x00b0cbb3) xor     s7, ra, a1
core   0: 3 0x80003e2c (0x00b0cbb3) x23 0x00000000
core   0: 0x80003e30 (0x01e768b3) or      a7, a4, t5
core   0: 3 0x80003e30 (0x01e768b3) x17 0x00000000
core   0: 0x80003e34 (0x40aa51b3) sra     gp, s4, a0
core   0: 3 0x80003e34 (0x40aa51b3) x 3 0x38971490
core   0: 0x80003e38 (0x01cc7333) and     t1, s8, t3
core   0: 3 0x80003e38 (0x01cc7333) x 6 0x00000000
core   0: 0x80003e3c (0x4197dbb3) sra     s7, a5, s9
core   0: 3 0x80003e3c (0x4197dbb3) x23 0x00000000
core   0: 0x80003e40 (0x41500db3) sub     s11, zero, s5
core   0: 3 0x80003e40 (0x41500db3) x27 0xffffffff
core   0: 0x80003e44 (0x0013f5b3) and     a1, t2, ra
core   0: 3 0x80003e44 (0x0013f5b3) x11 0x00000000
core   0: 0x80003e48 (0xfff00993) li      s3, -1
core   0: 3 0x80003e48 (0xfff00993) x19 0xffffffff
core   0: 0x80003e4c (0x80000137) lui     sp, 0x80000
core   0: 3 0x80003e4c (0x80000137) x 2 0x80000000
core   0: 0x80003e50 (0x00000293) li      t0, 0
core   0: 3 0x80003e50 (0x00000293) x 5 0x00000000
core   0: 0x80003e54 (0xe7d84337) lui     t1, 0xe7d84
core   0: 3 0x80003e54 (0xe7d84337) x 6 0xe7d84000
core   0: 0x80003e58 (0x56b30313) addi    t1, t1, 1387
core   0: 3 0x80003e58 (0x56b30313) x 6 0xe7d8456b
core   0: 0x80003e5c (0xfff00513) li      a0, -1
core   0: 3 0x80003e5c (0xfff00513) x10 0xffffffff
core   0: 0x80003e60 (0xc240ddb7) lui     s11, 0xc240d
core   0: 3 0x80003e60 (0xc240ddb7) x27 0xc240d000
core   0: 0x80003e64 (0x4d7d8d93) addi    s11, s11, 1239
core   0: 3 0x80003e64 (0x4d7d8d93) x27 0xc240d4d7
core   0: 0x80003e68 (0x00000693) li      a3, 0
core   0: 3 0x80003e68 (0x00000693) x13 0x00000000
core   0: 0x80003e6c (0x399871b7) lui     gp, 0x39987
core   0: 3 0x80003e6c (0x399871b7) x 3 0x39987000
core   0: 0x80003e70 (0x60718193) addi    gp, gp, 1543
core   0: 3 0x80003e70 (0x60718193) x 3 0x39987607
core   0: 0x80003e74 (0x0d1574b7) lui     s1, 0xd157
core   0: 3 0x80003e74 (0x0d1574b7) x 9 0x0d157000
core   0: 0x80003e78 (0xd4948493) addi    s1, s1, -695
core   0: 3 0x80003e78 (0xd4948493) x 9 0x0d156d49
core   0: 0x80003e7c (0xc61e9bb7) lui     s7, 0xc61e9
core   0: 3 0x80003e7c (0xc61e9bb7) x23 0xc61e9000
core   0: 0x80003e80 (0x1dab8b93) addi    s7, s7, 474
core   0: 3 0x80003e80 (0x1dab8b93) x23 0xc61e91da
core   0: 0x80003e84 (0x99c28d93) addi    s11, t0, -1636
core   0: 3 0x80003e84 (0x99c28d93) x27 0xfffff99c
core   0: 0x80003e88 (0x2dfb4bb7) lui     s7, 0x2dfb4
core   0: 3 0x80003e88 (0x2dfb4bb7) x23 0x2dfb4000
core   0: 0x80003e8c (0x8fb359b7) lui     s3, 0x8fb35
core   0: 3 0x80003e8c (0x8fb359b7) x19 0x8fb35000
core   0: 0x80003e90 (0x24030513) addi    a0, t1, 576
core   0: 3 0x80003e90 (0x24030513) x10 0xe7d847ab
core   0: 0x80003e94 (0x00000013) nop
core   0: 3 0x80003e94 (0x00000013)
core   0: 0x80003e98 (0x0f0f8517) auipc   a0, 0xf0f8
core   0: 3 0x80003e98 (0x0f0f8517) x10 0x8f0fbe98
core   0: 0x80003e9c (0x402502b3) sub     t0, a0, sp
core   0: 3 0x80003e9c (0x402502b3) x 5 0x0f0fbe98
core   0: 0x80003ea0 (0xb2710293) addi    t0, sp, -1241
core   0: 3 0x80003ea0 (0xb2710293) x 5 0x7ffffb27
core   0: 0x80003ea4 (0xb2948193) addi    gp, s1, -1239
core   0: 3 0x80003ea4 (0xb2948193) x 3 0x0d156872
core   0: 0x80003ea8 (0x002102b3) add     t0, sp, sp
core   0: 3 0x80003ea8 (0x002102b3) x 5 0x00000000
core   0: 0x80003eac (0x71dd8b97) auipc   s7, 0x71dd8
core   0: 3 0x80003eac (0x71dd8b97) x23 0xf1ddbeac
core   0: 0x80003eb0 (0x002186b3) add     a3, gp, sp
core   0: 3 0x80003eb0 (0x002186b3) x13 0x8d156872
core   0: 0x80003eb4 (0x00228133) add     sp, t0, sp
core   0: 3 0x80003eb4 (0x00228133) x 2 0x80000000
core   0: 0x80003eb8 (0x00000013) nop
core   0: 3 0x80003eb8 (0x00000013)
core   0: 0x80003ebc (0x00000013) nop
core   0: 3 0x80003ebc (0x00000013)
core   0: 0x80003ec0 (0xd826c337) lui     t1, 0xd826c
core   0: 3 0x80003ec0 (0xd826c337) x 6 0xd826c000
core   0: 0x80003ec4 (0x01b284b3) add     s1, t0, s11
core   0: 3 0x80003ec4 (0x01b284b3) x 9 0xfffff99c
core   0: 0x80003ec8 (0x402482b3) sub     t0, s1, sp
core   0: 3 0x80003ec8 (0x402482b3) x 5 0x7ffff99c
core   0: 0x80003ecc (0x41b50db3) sub     s11, a0, s11
core   0: 3 0x80003ecc (0x41b50db3) x27 0x8f0fc4fc
core   0: 0x80003ed0 (0x91228693) addi    a3, t0, -1774
core   0: 3 0x80003ed0 (0x91228693) x13 0x7ffff2ae
core   0: 0x80003ed4 (0x00000013) nop
core   0: 3 0x80003ed4 (0x00000013)
core   0: 0x80003ed8 (0x00d3ef33) or      t5, t2, a3
core   0: 3 0x80003ed8 (0x00d3ef33) x30 0x7ffff2ae
core   0: 0x80003edc (0xdf777013) andi    zero, a4, -521
core   0: 3 0x80003edc (0xdf777013)
core   0: 0x80003ee0 (0x0095dc13) srli    s8, a1, 9
core   0: 3 0x80003ee0 (0x0095dc13) x24 0x00000000
core   0: 0x80003ee4 (0x6c617293) andi    t0, sp, 1734
core   0: 3 0x80003ee4 (0x6c617293) x 5 0x00000000
core   0: 0x80003ee8 (0x00a902b3) add     t0, s2, a0
core   0: 3 0x80003ee8 (0x00a902b3) x 5 0x7c36ff6c
core   0: 0x80003eec (0x6eb3e013) ori     zero, t2, 1771
core   0: 3 0x80003eec (0x6eb3e013)
core   0: 0x80003ef0 (0x41755013) srai    zero, a0, 23
core   0: 3 0x80003ef0 (0x41755013)
core   0: 0x80003ef4 (0xb65e3493) sltiu   s1, t3, -1179
core   0: 3 0x80003ef4 (0xb65e3493) x 9 0x00000001
core   0: 0x80003ef8 (0xdeb32893) slti    a7, t1, -533
core   0: 3 0x80003ef8 (0xdeb32893) x17 0x00000001
core   0: 0x80003efc (0x0118a633) slt     a2, a7, a7
core   0: 3 0x80003efc (0x0118a633) x12 0x00000000
core   0: 0x80003f00 (0x00000013) nop
core   0: 3 0x80003f00 (0x00000013)
core   0: 0x80003f04 (0xa1a37093) andi    ra, t1, -1510
core   0: 3 0x80003f04 (0xa1a37093) x 1 0xd826c000
core   0: 0x80003f08 (0xaffd7237) lui     tp, 0xaffd7
core   0: 3 0x80003f08 (0xaffd7237) x 4 0xaffd7000
core   0: 0x80003f0c (0x40bf8fb3) sub     t6, t6, a1
core   0: 3 0x80003f0c (0x40bf8fb3) x31 0x80000000
core   0: 0x80003f10 (0x86f58093) addi    ra, a1, -1937
core   0: 3 0x80003f10 (0x86f58093) x 1 0xfffff86f
core   0: 0x80003f14 (0x00dc88b3) add     a7, s9, a3
core   0: 3 0x80003f14 (0x00dc88b3) x17 0x00013f92
core   0: 0x80003f18 (0xd3d47297) auipc   t0, 0xd3d47
core   0: 3 0x80003f18 (0xd3d47297) x 5 0x53d4af18
core   0: 0x80003f1c (0x009aa7b3) slt     a5, s5, s1
core   0: 3 0x80003f1c (0x009aa7b3) x15 0x00000000
core   0: 0x80003f20 (0x037a2693) slti    a3, s4, 55
core   0: 3 0x80003f20 (0x037a2693) x13 0x00000000
core   0: 0x80003f24 (0x00c7ba33) sltu    s4, a5, a2
core   0: 3 0x80003f24 (0x00c7ba33) x20 0x00000000
core   0: 0x80003f28 (0x01b8ee33) or      t3, a7, s11
core   0: 3 0x80003f28 (0x01b8ee33) x28 0x8f0ffffe
core   0: 0x80003f2c (0x012f20b3) slt     ra, t5, s2
core   0: 3 0x80003f2c (0x012f20b3) x 1 0x00000000
core   0: 0x80003f30 (0x7936b093) sltiu   ra, a3, 1939
core   0: 3 0x80003f30 (0x7936b093) x 1 0x00000001
core   0: 0x80003f34 (0x223c2913) slti    s2, s8, 547
core   0: 3 0x80003f34 (0x223c2913) x18 0x00000001
core   0: 0x80003f38 (0x01c074b3) and     s1, zero, t3
core   0: 3 0x80003f38 (0x01c074b3) x 9 0x00000000
core   0: 0x80003f3c (0x005f67b3) or      a5, t5, t0
core   0: 3 0x80003f3c (0x005f67b3) x15 0x7fffffbe
core   0: 0x80003f40 (0x0089aab3) slt     s5, s3, s0
core   0: 3 0x80003f40 (0x0089aab3) x21 0x00000000
core   0: 0x80003f44 (0x6f7ae517) auipc   a0, 0x6f7ae
core   0: 3 0x80003f44 (0x6f7ae517) x10 0xef7b1f44
core   0: 0x80003f48 (0x04604013) xori    zero, zero, 70
core   0: 3 0x80003f48 (0x04604013)
core   0: 0x80003f4c (0x01eb3133) sltu    sp, s6, t5
core   0: 3 0x80003f4c (0x01eb3133) x 2 0x00000001
core   0: 0x80003f50 (0x00000013) nop
core   0: 3 0x80003f50 (0x00000013)
core   0: 0x80003f54 (0x008a3133) sltu    sp, s4, s0
core   0: 3 0x80003f54 (0x008a3133) x 2 0x00000001
core   0: 0x80003f58 (0x40800db3) sub     s11, zero, s0
core   0: 3 0x80003f58 (0x40800db3) x27 0x7ffef19c
core   0: 0x80003f5c (0x009ea5b3) slt     a1, t4, s1
core   0: 3 0x80003f5c (0x009ea5b3) x11 0x00000001
core   0: 0x80003f60 (0x328ea493) slti    s1, t4, 808
core   0: 3 0x80003f60 (0x328ea493) x 9 0x00000001
core   0: 0x80003f64 (0x00be1793) slli    a5, t3, 11
core   0: 3 0x80003f64 (0x00be1793) x15 0x7ffff000
core   0: 0x80003f68 (0x78b1ba93) sltiu   s5, gp, 1931
core   0: 3 0x80003f68 (0x78b1ba93) x21 0x00000000
core   0: 0x80003f6c (0x00b8cfb3) xor     t6, a7, a1
core   0: 3 0x80003f6c (0x00b8cfb3) x31 0x00013f93
core   0: 0x80003f70 (0x406fde13) srai    t3, t6, 6
core   0: 3 0x80003f70 (0x406fde13) x28 0x000004fe
core   0: 0x80003f74 (0x416e04b3) sub     s1, t3, s6
core   0: 3 0x80003f74 (0x416e04b3) x 9 0xc79157e6
core   0: 0x80003f78 (0x41bed133) sra     sp, t4, s11
core   0: 3 0x80003f78 (0x41bed133) x 2 0xfffffff8
core   0: 0x80003f7c (0x018b1d93) slli    s11, s6, 24
core   0: 3 0x80003f7c (0x018b1d93) x27 0x18000000
core   0: 0x80003f80 (0x010313b3) sll     t2, t1, a6
core   0: 3 0x80003f80 (0x010313b3) x 7 0x00000000
core   0: 0x80003f84 (0xcd898013) addi    zero, s3, -808
core   0: 3 0x80003f84 (0xcd898013)
core   0: 0x80003f88 (0x01d42a33) slt     s4, s0, t4
core   0: 3 0x80003f88 (0x01d42a33) x20 0x00000000
core   0: 0x80003f8c (0x41a45db3) sra     s11, s0, s10
core   0: 3 0x80003f8c (0x41a45db3) x27 0x80010e64
core   0: 0x80003f90 (0x69de6a93) ori     s5, t3, 1693
core   0: 3 0x80003f90 (0x69de6a93) x21 0x000006ff
core   0: 0x80003f94 (0x41f98bb3) sub     s7, s3, t6
core   0: 3 0x80003f94 (0x41f98bb3) x23 0x8fb2106d
core   0: 0x80003f98 (0x00859fb3) sll     t6, a1, s0
core   0: 3 0x80003f98 (0x00859fb3) x31 0x00000010
core   0: 0x80003f9c (0x0beef693) andi    a3, t4, 190
core   0: 3 0x80003f9c (0x0beef693) x13 0x00000000
core   0: 0x80003fa0 (0xa382b713) sltiu   a4, t0, -1480
core   0: 3 0x80003fa0 (0xa382b713) x14 0x00000001
core   0: 0x80003fa4 (0x019679b3) and     s3, a2, s9
core   0: 3 0x80003fa4 (0x019679b3) x19 0x00000000
core   0: 0x80003fa8 (0xa12bf213) andi    tp, s7, -1518
core   0: 3 0x80003fa8 (0xa12bf213) x 4 0x8fb21000
core   0: 0x80003fac (0x00faae33) slt     t3, s5, a5
core   0: 3 0x80003fac (0x00faae33) x28 0x00000001
core   0: 0x80003fb0 (0x01e9c933) xor     s2, s3, t5
core   0: 3 0x80003fb0 (0x01e9c933) x18 0x7ffff2ae
core   0: 0x80003fb4 (0x00c94833) xor     a6, s2, a2
core   0: 3 0x80003fb4 (0x00c94833) x16 0x7ffff2ae
core   0: 0x80003fb8 (0x00e01113) slli    sp, zero, 14
core   0: 3 0x80003fb8 (0x00e01113) x 2 0x00000000
core   0: 0x80003fbc (0x7daae613) ori     a2, s5, 2010
core   0: 3 0x80003fbc (0x7daae613) x12 0x000007ff
core   0: 0x80003fc0 (0xd6b27013) andi    zero, tp, -661
core   0: 3 0x80003fc0 (0xd6b27013)
core   0: 0x80003fc4 (0x3fbd39b7) lui     s3, 0x3fbd3
core   0: 3 0x80003fc4 (0x3fbd39b7) x19 0x3fbd3000
core   0: 0x80003fc8 (0x004954b3) srl     s1, s2, tp
core   0: 3 0x80003fc8 (0x004954b3) x 9 0x7ffff2ae
core   0: 0x80003fcc (0x00515213) srli    tp, sp, 5
core   0: 3 0x80003fcc (0x00515213) x 4 0x00000000
core   0: 0x80003fd0 (0xcd274e13) xori    t3, a4, -814
core   0: 3 0x80003fd0 (0xcd274e13) x28 0xfffffcd3
core   0: 0x80003fd4 (0xd0f95537) lui     a0, 0xd0f95
core   0: 3 0x80003fd4 (0xd0f95537) x10 0xd0f95000
core   0: 0x80003fd8 (0x00c213b3) sll     t2, tp, a2
core   0: 3 0x80003fd8 (0x00c213b3) x 7 0x00000000
core   0: 0x80003fdc (0x01a05c33) srl     s8, zero, s10
core   0: 3 0x80003fdc (0x01a05c33) x24 0x00000000
core   0: 0x80003fe0 (0x96206013) ori     zero, zero, -1694
core   0: 3 0x80003fe0 (0x96206013)
core   0: 0x80003fe4 (0x41ebd5b3) sra     a1, s7, t5
core   0: 3 0x80003fe4 (0x41ebd5b3) x11 0xfffe3ec8
core   0: 0x80003fe8 (0x011f6033) or      zero, t5, a7
core   0: 3 0x80003fe8 (0x011f6033)
core   0: 0x80003fec (0x411a5db3) sra     s11, s4, a7
core   0: 3 0x80003fec (0x411a5db3) x27 0x00000000
core   0: 0x80003ff0 (0x01766fb3) or      t6, a2, s7
core   0: 3 0x80003ff0 (0x01766fb3) x31 0x8fb217ff
core   0: 0x80003ff4 (0x01205a33) srl     s4, zero, s2
core   0: 3 0x80003ff4 (0x01205a33) x20 0x00000000
core   0: 0x80003ff8 (0x5ab17093) andi    ra, sp, 1451
core   0: 3 0x80003ff8 (0x5ab17093) x 1 0x00000000
core   0: 0x80003ffc (0x46097313) andi    t1, s2, 1120
core   0: 3 0x80003ffc (0x46097313) x 6 0x00000020
core   0: 0x80004000 (0x9b580b13) addi    s6, a6, -1611
core   0: 3 0x80004000 (0x9b580b13) x22 0x7fffec63
core   0: 0x80004004 (0x417f5933) sra     s2, t5, s7
core   0: 3 0x80004004 (0x417f5933) x18 0x0003ffff
core   0: 0x80004008 (0x00000013) nop
core   0: 3 0x80004008 (0x00000013)
core   0: 0x8000400c (0x40c108b3) sub     a7, sp, a2
core   0: 3 0x8000400c (0x40c108b3) x17 0xfffff801
core   0: 0x80004010 (0x09faf493) andi    s1, s5, 159
core   0: 3 0x80004010 (0x09faf493) x 9 0x0000009f
core   0: 0x80004014 (0x49dd7b13) andi    s6, s10, 1181
core   0: 3 0x80004014 (0x49dd7b13) x22 0x00000000
core   0: 0x80004018 (0x000327b3) slt     a5, t1, zero
core   0: 3 0x80004018 (0x000327b3) x15 0x00000000
core   0: 0x8000401c (0x8d943a93) sltiu   s5, s0, -1831
core   0: 3 0x8000401c (0x8d943a93) x21 0x00000001
core   0: 0x80004020 (0x00c672b3) and     t0, a2, a2
core   0: 3 0x80004020 (0x00c672b3) x 5 0x000007ff
core   0: 0x80004024 (0x01905393) srli    t2, zero, 25
core   0: 3 0x80004024 (0x01905393) x 7 0x00000000
core   0: 0x80004028 (0xc8f0c513) xori    a0, ra, -881
core   0: 3 0x80004028 (0xc8f0c513) x10 0xfffffc8f
core   0: 0x8000402c (0x4118d813) srai    a6, a7, 17
core   0: 3 0x8000402c (0x4118d813) x16 0xffffffff
core   0: 0x80004030 (0x40fc5513) srai    a0, s8, 15
core   0: 3 0x80004030 (0x40fc5513) x10 0x00000000
core   0: 0x80004034 (0x012469b3) or      s3, s0, s2
core   0: 3 0x80004034 (0x012469b3) x19 0x8003ffff
core   0: 0x80004038 (0x005f9293) slli    t0, t6, 5
core   0: 3 0x80004038 (0x005f9293) x 5 0xf642ffe0
core   0: 0x8000403c (0x95ed8213) addi    tp, s11, -1698
core   0: 3 0x8000403c (0x95ed8213) x 4 0xfffff95e
core   0: 0x80004040 (0x0011bf33) sltu    t5, gp, ra
core   0: 3 0x80004040 (0x0011bf33) x30 0x00000000
core   0: 0x80004044 (0x015b5d13) srli    s10, s6, 21
core   0: 3 0x80004044 (0x015b5d13) x26 0x00000000
core   0: 0x80004048 (0x9d563b93) sltiu   s7, a2, -1579
core   0: 3 0x80004048 (0x9d563b93) x23 0x00000001
core   0: 0x8000404c (0x007b33b3) sltu    t2, s6, t2
core   0: 3 0x8000404c (0x007b33b3) x 7 0x00000000
core   0: 0x80004050 (0x01612ab3) slt     s5, sp, s6
core   0: 3 0x80004050 (0x01612ab3) x21 0x00000000
core   0: 0x80004054 (0xb08b71b7) lui     gp, 0xb08b7
core   0: 3 0x80004054 (0xb08b71b7) x 3 0xb08b7000
core   0: 0x80004058 (0x413b5813) srai    a6, s6, 19
core   0: 3 0x80004058 (0x413b5813) x16 0x00000000
core   0: 0x8000405c (0xa5be05b7) lui     a1, 0xa5be0
core   0: 3 0x8000405c (0xa5be05b7) x11 0xa5be0000
core   0: 0x80004060 (0x00e34db3) xor     s11, t1, a4
core   0: 3 0x80004060 (0x00e34db3) x27 0x00000021
core   0: 0x80004064 (0x409ad033) sra     zero, s5, s1
core   0: 3 0x80004064 (0x409ad033)
core   0: 0x80004068 (0x0118a033) slt     zero, a7, a7
core   0: 3 0x80004068 (0x0118a033)
core   0: 0x8000406c (0x33383113) sltiu   sp, a6, 819
core   0: 3 0x8000406c (0x33383113) x 2 0x00000001
core   0: 0x80004070 (0xe05f0b93) addi    s7, t5, -507
core   0: 3 0x80004070 (0xe05f0b93) x23 0xfffffe05
core   0: 0x80004074 (0xd9873913) sltiu   s2, a4, -616
core   0: 3 0x80004074 (0xd9873913) x18 0x00000001
core   0: 0x80004078 (0x41fb88b3) sub     a7, s7, t6
core   0: 3 0x80004078 (0x41fb88b3) x17 0x704de606
core   0: 0x8000407c (0x41db8bb3) sub     s7, s7, t4
core   0: 3 0x8000407c (0x41db8bb3) x23 0x7ffffe05
core   0: 0x80004080 (0xa1148513) addi    a0, s1, -1519
core   0: 3 0x80004080 (0xa1148513) x10 0xfffffab0
core   0: 0x80004084 (0x019584b3) add     s1, a1, s9
core   0: 3 0x80004084 (0x019584b3) x 9 0x25bf4ce4
core   0: 0x80004088 (0x01d00bb3) add     s7, zero, t4
core   0: 3 0x80004088 (0x01d00bb3) x23 0x80000000
core   0: 0x8000408c (0xc77f0db7) lui     s11, 0xc77f0
core   0: 3 0x8000408c (0xc77f0db7) x27 0xc77f0000
core   0: 0x80004090 (0x1c924813) xori    a6, tp, 457
core   0: 3 0x80004090 (0x1c924813) x16 0xfffff897
core   0: 0x80004094 (0x018d31b3) sltu    gp, s10, s8
core   0: 3 0x80004094 (0x018d31b3) x 3 0x00000000
core   0: 0x80004098 (0x002e7d33) and     s10, t3, sp
core   0: 3 0x80004098 (0x002e7d33) x26 0x00000001
core   0: 0x8000409c (0x014e5b33) srl     s6, t3, s4
core   0: 3 0x8000409c (0x014e5b33) x22 0xfffffcd3
core   0: 0x800040a0 (0x9e22bd17) auipc   s10, 0x9e22b
core   0: 3 0x800040a0 (0x9e22bd17) x26 0x1e22f0a0
core   0: 0x800040a4 (0x40670db3) sub     s11, a4, t1
core   0: 3 0x800040a4 (0x40670db3) x27 0xffffffe1
core   0: 0x800040a8 (0x01ddaf33) slt     t5, s11, t4
core   0: 3 0x800040a8 (0x01ddaf33) x30 0x00000000
core   0: 0x800040ac (0x011d2bb3) slt     s7, s10, a7
core   0: 3 0x800040ac (0x011d2bb3) x23 0x00000001
core   0: 0x800040b0 (0x1e5fc513) xori    a0, t6, 485
core   0: 3 0x800040b0 (0x1e5fc513) x10 0x8fb2161a
core   0: 0x800040b4 (0x443b8593) addi    a1, s7, 1091
core   0: 3 0x800040b4 (0x443b8593) x11 0x00000444
core   0: 0x800040b8 (0xa0d33297) auipc   t0, 0xa0d33
core   0: 3 0x800040b8 (0xa0d33297) x 5 0x20d370b8
core   0: 0x800040bc (0x1c1373b7) lui     t2, 0x1c137
core   0: 3 0x800040bc (0x1c1373b7) x 7 0x1c137000
core   0: 0x800040c0 (0xc8b38393) addi    t2, t2, -885
core   0: 3 0x800040c0 (0xc8b38393) x 7 0x1c136c8b
core   0: 0x800040c4 (0x800004b7) lui     s1, 0x80000
core   0: 3 0x800040c4 (0x800004b7) x 9 0x80000000
core   0: 0x800040c8 (0x80000b37) lui     s6, 0x80000
core   0: 3 0x800040c8 (0x80000b37) x22 0x80000000
core   0: 0x800040cc (0xfff00913) li      s2, -1
core   0: 3 0x800040cc (0xfff00913) x18 0xffffffff
core   0: 0x800040d0 (0x80000837) lui     a6, 0x80000
core   0: 3 0x800040d0 (0x80000837) x16 0x80000000
core   0: 0x800040d4 (0xfff00093) li      ra, -1
core   0: 3 0x800040d4 (0xfff00093) x 1 0xffffffff
core   0: 0x800040d8 (0x5eb866b7) lui     a3, 0x5eb86
core   0: 3 0x800040d8 (0x5eb866b7) x13 0x5eb86000
core   0: 0x800040dc (0x15168693) addi    a3, a3, 337
core   0: 3 0x800040dc (0x15168693) x13 0x5eb86151
core   0: 0x800040e0 (0xfff00193) li      gp, -1
core   0: 3 0x800040e0 (0xfff00193) x 3 0xffffffff
core   0: 0x800040e4 (0x80000137) lui     sp, 0x80000
core   0: 3 0x800040e4 (0x80000137) x 2 0x80000000
core   0: 0x800040e8 (0x800002b7) lui     t0, 0x80000
core   0: 3 0x800040e8 (0x800002b7) x 5 0x80000000
core   0: 0x800040ec (0x00548133) add     sp, s1, t0
core   0: 3 0x800040ec (0x00548133) x 2 0x00000000
core   0: 0x800040f0 (0x010683b3) add     t2, a3, a6
core   0: 3 0x800040f0 (0x010683b3) x 7 0xdeb86151
core   0: 0x800040f4 (0x00000013) nop
core   0: 3 0x800040f4 (0x00000013)
core   0: 0x800040f8 (0x403080b3) sub     ra, ra, gp
core   0: 3 0x800040f8 (0x403080b3) x 1 0x00000000
core   0: 0x800040fc (0xc57891b7) lui     gp, 0xc5789
core   0: 3 0x800040fc (0xc57891b7) x 3 0xc5789000
core   0: 0x80004100 (0xc91df0b7) lui     ra, 0xc91df
core   0: 3 0x80004100 (0xc91df0b7) x 1 0xc91df000
core   0: 0x80004104 (0xfb6b9817) auipc   a6, 0xfb6b9
core   0: 3 0x80004104 (0xfb6b9817) x16 0x7b6bd104
core   0: 0x80004108 (0x002b03b3) add     t2, s6, sp
core   0: 3 0x80004108 (0x002b03b3) x 7 0x80000000
core   0: 0x8000410c (0xd50b0913) addi    s2, s6, -688
core   0: 3 0x8000410c (0xd50b0913) x18 0x7ffffd50
core   0: 0x80004110 (0xd7fe56b7) lui     a3, 0xd7fe5
core   0: 3 0x80004110 (0xd7fe56b7) x13 0xd7fe5000
core   0: 0x80004114 (0x62733937) lui     s2, 0x62733
core   0: 3 0x80004114 (0x62733937) x18 0x62733000
core   0: 0x80004118 (0x643db6b7) lui     a3, 0x643db
core   0: 3 0x80004118 (0x643db6b7) x13 0x643db000
core   0: 0x8000411c (0x40528933) sub     s2, t0, t0
core   0: 3 0x8000411c (0x40528933) x18 0x00000000
core   0: 0x80004120 (0x13683817) auipc   a6, 0x13683
core   0: 3 0x80004120 (0x13683817) x16 0x93687120
core   0: 0x80004124 (0x25152117) auipc   sp, 0x25152
core   0: 3 0x80004124 (0x25152117) x 2 0xa5156124
core   0: 0x80004128 (0xd4785b17) auipc   s6, 0xd4785
core   0: 3 0x80004128 (0xd4785b17) x22 0x54789128
core   0: 0x8000412c (0x00000013) nop
core   0: 3 0x8000412c (0x00000013)
core   0: 0x80004130 (0xd4910693) addi    a3, sp, -695
core   0: 3 0x80004130 (0xd4910693) x13 0xa5155e6d
core   0: 0x80004134 (0x00074533) xor     a0, a4, zero
core   0: 3 0x80004134 (0x00074533) x10 0x00000001
core   0: 0x80004138 (0x004bf5b3) and     a1, s7, tp
core   0: 3 0x80004138 (0x004bf5b3) x11 0x00000000
core   0: 0x8000413c (0x0bf8f813) andi    a6, a7, 191
core   0: 3 0x8000413c (0x0bf8f813) x16 0x00000006
core   0: 0x80004140 (0x01e866b3) or      a3, a6, t5
core   0: 3 0x80004140 (0x01e866b3) x13 0x00000006
core   0: 0x80004144 (0x8192a513) slti    a0, t0, -2023
core   0: 3 0x80004144 (0x8192a513) x10 0x00000001
core   0: 0x80004148 (0x0185db13) srli    s6, a1, 24
core   0: 3 0x80004148 (0x0185db13) x22 0x00000000
core   0: 0x8000414c (0x019da133) slt     sp, s11, s9
core   0: 3 0x8000414c (0x019da133) x 2 0x00000000
core   0: 0x80004150 (0x0084a533) slt     a0, s1, s0
core   0: 3 0x80004150 (0x0084a533) x10 0x00000001
core   0: 0x80004154 (0x00d92633) slt     a2, s2, a3
core   0: 3 0x80004154 (0x00d92633) x12 0x00000001
core   0: 0x80004158 (0x0119f3b3) and     t2, s3, a7
core   0: 3 0x80004158 (0x0119f3b3) x 7 0x0001e606
core   0: 0x8000415c (0x00eacbb3) xor     s7, s5, a4
core   0: 3 0x8000415c (0x00eacbb3) x23 0x00000001
core   0: 0x80004160 (0x29682613) slti    a2, a6, 662
core   0: 3 0x80004160 (0x29682613) x12 0x00000001
core   0: 0x80004164 (0x77a5ca93) xori    s5, a1, 1914
core   0: 3 0x80004164 (0x77a5ca93) x21 0x0000077a
core   0: 0x80004168 (0x414d5293) srai    t0, s10, 20
core   0: 3 0x80004168 (0x414d5293) x 5 0x000001e2
core   0: 0x8000416c (0x01ebb9b3) sltu    s3, s7, t5
core   0: 3 0x8000416c (0x01ebb9b3) x19 0x00000000
core   0: 0x80004170 (0x001c21b3) slt     gp, s8, ra
core   0: 3 0x80004170 (0x001c21b3) x 3 0x00000000
core   0: 0x80004174 (0x40b385b3) sub     a1, t2, a1
core   0: 3 0x80004174 (0x40b385b3) x11 0x0001e606
core   0: 0x80004178 (0x012ada33) srl     s4, s5, s2
core   0: 3 0x80004178 (0x012ada33) x20 0x0000077a
core   0: 0x8000417c (0x01095ab3) srl     s5, s2, a6
core   0: 3 0x8000417c (0x01095ab3) x21 0x00000000
core   0: 0x80004180 (0x002a9d93) slli    s11, s5, 2
core   0: 3 0x80004180 (0x002a9d93) x27 0x00000000
core   0: 0x80004184 (0x01e90133) add     sp, s2, t5
core   0: 3 0x80004184 (0x01e90133) x 2 0x00000000
core   0: 0x80004188 (0x8cb9eb93) ori     s7, s3, -1845
core   0: 3 0x80004188 (0x8cb9eb93) x23 0xfffff8cb
core   0: 0x8000418c (0x00f845b3) xor     a1, a6, a5
core   0: 3 0x8000418c (0x00f845b3) x11 0x00000006
core   0: 0x80004190 (0x43d6c137) lui     sp, 0x43d6c
core   0: 3 0x80004190 (0x43d6c137) x 2 0x43d6c000
core   0: 0x80004194 (0x00035913) srli    s2, t1, 0
core   0: 3 0x80004194 (0x00035913) x18 0x00000020
core   0: 0x80004198 (0xe5054193) xori    gp, a0, -432
core   0: 3 0x80004198 (0xe5054193) x 3 0xfffffe51
core   0: 0x8000419c (0x00933633) sltu    a2, t1, s1
core   0: 3 0x8000419c (0x00933633) x12 0x00000001
core   0: 0x800041a0 (0x00c16c33) or      s8, sp, a2
core   0: 3 0x800041a0 (0x00c16c33) x24 0x43d6c001
core   0: 0x800041a4 (0x015d9733) sll     a4, s11, s5
core   0: 3 0x800041a4 (0x015d9733) x14 0x00000000
core   0: 0x800041a8 (0xe31a7ab7) lui     s5, 0xe31a7
core   0: 3 0x800041a8 (0xe31a7ab7) x21 0xe31a7000
core   0: 0x800041ac (0x00f07ab3) and     s5, zero, a5
core   0: 3 0x800041ac (0x00f07ab3) x21 0x00000000
core   0: 0x800041b0 (0x2c558337) lui     t1, 0x2c558
core   0: 3 0x800041b0 (0x2c558337) x 6 0x2c558000
core   0: 0x800041b4 (0x6a744d13) xori    s10, s0, 1703
core   0: 3 0x800041b4 (0x6a744d13) x26 0x800108c3
core   0: 0x800041b8 (0x01a46d33) or      s10, s0, s10
core   0: 3 0x800041b8 (0x01a46d33) x26 0x80010ee7
core   0: 0x800041bc (0x002414b3) sll     s1, s0, sp
core   0: 3 0x800041bc (0x002414b3) x 9 0x80010e64
core   0: 0x800041c0 (0x01127bb3) and     s7, tp, a7
core   0: 3 0x800041c0 (0x01127bb3) x23 0x704de006
core   0: 0x800041c4 (0x00000013) nop
core   0: 3 0x800041c4 (0x00000013)
core   0: 0x800041c8 (0x00000013) nop
core   0: 3 0x800041c8 (0x00000013)
core   0: 0x800041cc (0x5d988f93) addi    t6, a7, 1497
core   0: 3 0x800041cc (0x5d988f93) x31 0x704debdf
core   0: 0x800041d0 (0x76950d93) addi    s11, a0, 1897
core   0: 3 0x800041d0 (0x76950d93) x27 0x0000076a
core   0: 0x800041d4 (0x018a7bb3) and     s7, s4, s8
core   0: 3 0x800041d4 (0x018a7bb3) x23 0x00000000
core   0: 0x800041d8 (0x69b83793) sltiu   a5, a6, 1691
core   0: 3 0x800041d8 (0x69b83793) x15 0x00000001
core   0: 0x800041dc (0x00f9cd33) xor     s10, s3, a5
core   0: 3 0x800041dc (0x00f9cd33) x26 0x00000001
core   0: 0x800041e0 (0x01650033) add     zero, a0, s6
core   0: 3 0x800041e0 (0x01650033)
core   0: 0x800041e4 (0x41065933) sra     s2, a2, a6
core   0: 3 0x800041e4 (0x41065933) x18 0x00000000
core   0: 0x800041e8 (0x00000013) nop
core   0: 3 0x800041e8 (0x00000013)
core   0: 0x800041ec (0x00caabb3) slt     s7, s5, a2
core   0: 3 0x800041ec (0x00caabb3) x23 0x00000001
core   0: 0x800041f0 (0x017221b3) slt     gp, tp, s7
core   0: 3 0x800041f0 (0x017221b3) x 3 0x00000001
core   0: 0x800041f4 (0x0175dc33) srl     s8, a1, s7
core   0: 3 0x800041f4 (0x0175dc33) x24 0x00000003
core   0: 0x800041f8 (0x363d2013) slti    zero, s10, 867
core   0: 3 0x800041f8 (0x363d2013)
core   0: 0x800041fc (0x01afadb3) slt     s11, t6, s10
core   0: 3 0x800041fc (0x01afadb3) x27 0x00000000
core   0: 0x80004200 (0x3d36f213) andi    tp, a3, 979
core   0: 3 0x80004200 (0x3d36f213) x 4 0x00000002
core   0: 0x80004204 (0x003bdbb3) srl     s7, s7, gp
core   0: 3 0x80004204 (0x003bdbb3) x23 0x00000000
core   0: 0x80004208 (0x004d5b33) srl     s6, s10, tp
core   0: 3 0x80004208 (0x004d5b33) x22 0x00000000
core   0: 0x8000420c (0x000d88b3) add     a7, s11, zero
core   0: 3 0x8000420c (0x000d88b3) x17 0x00000000
core   0: 0x80004210 (0x0042d793) srli    a5, t0, 4
core   0: 3 0x80004210 (0x0042d793) x15 0x0000001e
core   0: 0x80004214 (0x00167233) and     tp, a2, ra
core   0: 3 0x80004214 (0x00167233) x 4 0x00000000
core   0: 0x80004218 (0x0007b7b3) sltu    a5, a5, zero
core   0: 3 0x80004218 (0x0007b7b3) x15 0x00000000
core   0: 0x8000421c (0xe5d9ca97) auipc   s5, 0xe5d9c
core   0: 3 0x8000421c (0xe5d9ca97) x21 0x65da021c
core   0: 0x80004220 (0xfe6af037) lui     zero, 0xfe6af
core   0: 3 0x80004220 (0xfe6af037)
core   0: 0x80004224 (0x9515eb93) ori     s7, a1, -1711
core   0: 3 0x80004224 (0x9515eb93) x23 0xfffff957
core   0: 0x80004228 (0x9c942113) slti    sp, s0, -1591
core   0: 3 0x80004228 (0x9c942113) x 2 0x00000001
core   0: 0x8000422c (0x001136b3) sltu    a3, sp, ra
core   0: 3 0x8000422c (0x001136b3) x13 0x00000001
core   0: 0x80004230 (0x34c73a93) sltiu   s5, a4, 844
core   0: 3 0x80004230 (0x34c73a93) x21 0x00000001
core   0: 0x80004234 (0x63b9f1b7) lui     gp, 0x63b9f
core   0: 3 0x80004234 (0x63b9f1b7) x 3 0x63b9f000
core   0: 0x80004238 (0x84bcca93) xori    s5, s9, -1973
core   0: 3 0x80004238 (0x84bcca93) x21 0x7ffeb4af
core   0: 0x8000423c (0xfdb3f513) andi    a0, t2, -37
core   0: 3 0x8000423c (0xfdb3f513) x10 0x0001e602
core   0: 0x80004240 (0x014fdc33) srl     s8, t6, s4
core   0: 3 0x80004240 (0x014fdc33) x24 0x0000001c
core   0: 0x80004244 (0x00a08133) add     sp, ra, a0
core   0: 3 0x80004244 (0x00a08133) x 2 0xc91fd602
core   0: 0x80004248 (0x00caa533) slt     a0, s5, a2
core   0: 3 0x80004248 (0x00caa533) x10 0x00000000
core   0: 0x8000424c (0x4157db93) srai    s7, a5, 21
core   0: 3 0x8000424c (0x4157db93) x23 0x00000000
core   0: 0x80004250 (0x41ce0a33) sub     s4, t3, t3
core   0: 3 0x80004250 (0x41ce0a33) x20 0x00000000
core   0: 0x80004254 (0x00d709b3) add     s3, a4, a3
core   0: 3 0x80004254 (0x00d709b3) x19 0x00000001
core   0: 0x80004258 (0x4cd48b13) addi    s6, s1, 1229
core   0: 3 0x80004258 (0x4cd48b13) x22 0x80011331
core   0: 0x8000425c (0x00cab533) sltu    a0, s5, a2
core   0: 3 0x8000425c (0x00cab533) x10 0x00000000
core   0: 0x80004260 (0x01d75d13) srli    s10, a4, 29
core   0: 3 0x80004260 (0x01d75d13) x26 0x00000000
core   0: 0x80004264 (0x01c95733) srl     a4, s2, t3
core   0: 3 0x80004264 (0x01c95733) x14 0x00000000
core   0: 0x80004268 (0x0187a9b3) slt     s3, a5, s8
core   0: 3 0x80004268 (0x0187a9b3) x19 0x00000001
core   0: 0x8000426c (0x01c7f233) and     tp, a5, t3
core   0: 3 0x8000426c (0x01c7f233) x 4 0x00000000
core   0: 0x80004270 (0x00ed90b3) sll     ra, s11, a4
core   0: 3 0x80004270 (0x00ed90b3) x 1 0x00000000
core   0: 0x80004274 (0x00de0233) add     tp, t3, a3
core   0: 3 0x80004274 (0x00de0233) x 4 0xfffffcd4
core   0: 0x80004278 (0x003e9a13) slli    s4, t4, 3
core   0: 3 0x80004278 (0x003e9a13) x20 0x00000000
core   0: 0x8000427c (0x00a0b6b3) sltu    a3, ra, a0
core   0: 3 0x8000427c (0x00a0b6b3) x13 0x00000000
core   0: 0x80004280 (0x0d4ef593) andi    a1, t4, 212
core   0: 3 0x80004280 (0x0d4ef593) x11 0x00000000
core   0: 0x80004284 (0x012af3b3) and     t2, s5, s2
core   0: 3 0x80004284 (0x012af3b3) x 7 0x00000000
core   0: 0x80004288 (0x01b57633) and     a2, a0, s11
core   0: 3 0x80004288 (0x01b57633) x12 0x00000000
core   0: 0x8000428c (0x4180d813) srai    a6, ra, 24
core   0: 3 0x8000428c (0x4180d813) x16 0x00000000
core   0: 0x80004290 (0x012f3bb3) sltu    s7, t5, s2
core   0: 3 0x80004290 (0x012f3bb3) x23 0x00000000
core   0: 0x80004294 (0x008ee7b3) or      a5, t4, s0
core   0: 3 0x80004294 (0x008ee7b3) x15 0x80010e64
core   0: 0x80004298 (0x4f933b97) auipc   s7, 0x4f933
core   0: 3 0x80004298 (0x4f933b97) x23 0xcf937298
core   0: 0x8000429c (0x011c61b3) or      gp, s8, a7
core   0: 3 0x8000429c (0x011c61b3) x 3 0x0000001c
core   0: 0x800042a0 (0x8e8ec193) xori    gp, t4, -1816
core   0: 3 0x800042a0 (0x8e8ec193) x 3 0x7ffff8e8
core   0: 0x800042a4 (0x77e88093) addi    ra, a7, 1918
core   0: 3 0x800042a4 (0x77e88093) x 1 0x0000077e
core   0: 0x800042a8 (0x5ec46c13) ori     s8, s0, 1516
core   0: 3 0x800042a8 (0x5ec46c13) x24 0x80010fec
core   0: 0x800042ac (0x0143ea33) or      s4, t2, s4
core   0: 3 0x800042ac (0x0143ea33) x20 0x00000000
core   0: 0x800042b0 (0x32a83a93) sltiu   s5, a6, 810
core   0: 3 0x800042b0 (0x32a83a93) x21 0x00000001
core   0: 0x800042b4 (0x2feda293) slti    t0, s11, 766
core   0: 3 0x800042b4 (0x2feda293) x 5 0x00000001
core   0: 0x800042b8 (0x4e1ff393) andi    t2, t6, 1249
core   0: 3 0x800042b8 (0x4e1ff393) x 7 0x000000c1
core   0: 0x800042bc (0xca6451b7) lui     gp, 0xca645
core   0: 3 0x800042bc (0xca6451b7) x 3 0xca645000
core   0: 0x800042c0 (0x013d31b3) sltu    gp, s10, s3
core   0: 3 0x800042c0 (0x013d31b3) x 3 0x00000001
core   0: 0x800042c4 (0x0169f733) and     a4, s3, s6
core   0: 3 0x800042c4 (0x0169f733) x14 0x00000001
core   0: 0x800042c8 (0x00ec1633) sll     a2, s8, a4
core   0: 3 0x800042c8 (0x00ec1633) x12 0x00021fd8
core   0: 0x800042cc (0x00d336b3) sltu    a3, t1, a3
core   0: 3 0x800042cc (0x00d336b3) x13 0x00000000
core   0: 0x800042d0 (0xda8c4593) xori    a1, s8, -600
core   0: 3 0x800042d0 (0xda8c4593) x11 0x7ffef244
core   0: 0x800042d4 (0x00ef84b3) add     s1, t6, a4
core   0: 3 0x800042d4 (0x00ef84b3) x 9 0x704debe0
core   0: 0x800042d8 (0x01dc9a13) slli    s4, s9, 29
core   0: 3 0x800042d8 (0x01dc9a13) x20 0x80000000
core   0: 0x800042dc (0xe928f613) andi    a2, a7, -366
core   0: 3 0x800042dc (0xe928f613) x12 0x00000000
core   0: 0x800042e0 (0xf8e9ed13) ori     s10, s3, -114
core   0: 3 0x800042e0 (0xf8e9ed13) x26 0xffffff8f
core   0: 0x800042e4 (0xe14b2c13) slti    s8, s6, -492
core   0: 3 0x800042e4 (0xe14b2c13) x24 0x00000001
core   0: 0x800042e8 (0x00431fb3) sll     t6, t1, tp
core   0: 3 0x800042e8 (0x00431fb3) x31 0x00000000
core   0: 0x800042ec (0x00000013) nop
core   0: 3 0x800042ec (0x00000013)
core   0: 0x800042f0 (0x00fcb033) sltu    zero, s9, a5
core   0: 3 0x800042f0 (0x00fcb033)
core   0: 0x800042f4 (0xb263c993) xori    s3, t2, -1242
core   0: 3 0x800042f4 (0xb263c993) x19 0xfffffbe7
core   0: 0x800042f8 (0x00cf00b3) add     ra, t5, a2
core   0: 3 0x800042f8 (0x00cf00b3) x 1 0x00000000
core   0: 0x800042fc (0x00cbeb33) or      s6, s7, a2
core   0: 3 0x800042fc (0x00cbeb33) x22 0xcf937298
core   0: 0x80004300 (0xe0c45a97) auipc   s5, 0xe0c45
core   0: 3 0x80004300 (0xe0c45a97) x21 0x60c49300
core   0: 0x80004304 (0x21fc3893) sltiu   a7, s8, 543
core   0: 3 0x80004304 (0x21fc3893) x17 0x00000001
core   0: 0x80004308 (0x01bd22b3) slt     t0, s10, s11
core   0: 3 0x80004308 (0x01bd22b3) x 5 0x00000001
core   0: 0x8000430c (0x840a3b93) sltiu   s7, s4, -1984
core   0: 3 0x8000430c (0x840a3b93) x23 0x00000001
core   0: 0x80004310 (0x00c59d33) sll     s10, a1, a2
core   0: 3 0x80004310 (0x00c59d33) x26 0x7ffef244
core   0: 0x80004314 (0x40fdd213) srai    tp, s11, 15
core   0: 3 0x80004314 (0x40fdd213) x 4 0x00000000
core   0: 0x80004318 (0x49e0bd93) sltiu   s11, ra, 1182
core   0: 3 0x80004318 (0x49e0bd93) x27 0x00000001
core   0: 0x8000431c (0x001fa5b3) slt     a1, t6, ra
core   0: 3 0x8000431c (0x001fa5b3) x11 0x00000000
core   0: 0x80004320 (0xcc7fa593) slti    a1, t6, -825
core   0: 3 0x80004320 (0xcc7fa593) x11 0x00000000
core   0: 0x80004324 (0x01d0c3b3) xor     t2, ra, t4
core   0: 3 0x80004324 (0x01d0c3b3) x 7 0x80000000
core   0: 0x80004328 (0x00000013) nop
core   0: 3 0x80004328 (0x00000013)
core   0: 0x8000432c (0xd1e1e793) ori     a5, gp, -738
core   0: 3 0x8000432c (0xd1e1e793) x15 0xfffffd1f
core   0: 0x80004330 (0x3fadb893) sltiu   a7, s11, 1018
core   0: 3 0x80004330 (0x3fadb893) x17 0x00000001
core   0: 0x80004334 (0x008e87b3) add     a5, t4, s0
core   0: 3 0x80004334 (0x008e87b3) x15 0x00010e64
core   0: 0x80004338 (0x1a97d117) auipc   sp, 0x1a97d
core   0: 3 0x80004338 (0x1a97d117) x 2 0x9a981338
core   0: 0x8000433c (0xde852d37) lui     s10, 0xde852
core   0: 3 0x8000433c (0xde852d37) x26 0xde852000
core   0: 0x80004340 (0x0013dbb3) srl     s7, t2, ra
core   0: 3 0x80004340 (0x0013dbb3) x23 0x80000000
core   0: 0x80004344 (0x00be07b3) add     a5, t3, a1
core   0: 3 0x80004344 (0x00be07b3) x15 0xfffffcd3
core   0: 0x80004348 (0x017bbe33) sltu    t3, s7, s7
core   0: 3 0x80004348 (0x017bbe33) x28 0x00000000
core   0: 0x8000434c (0x01ee5613) srli    a2, t3, 30
core   0: 3 0x8000434c (0x01ee5613) x12 0x00000000
core   0: 0x80004350 (0x01a55b93) srli    s7, a0, 26
core   0: 3 0x80004350 (0x01a55b93) x23 0x00000000
core   0: 0x80004354 (0x01371933) sll     s2, a4, s3
core   0: 3 0x80004354 (0x01371933) x18 0x00000080
core   0: 0x80004358 (0x018d2533) slt     a0, s10, s8
core   0: 3 0x80004358 (0x018d2533) x10 0x00000001
core   0: 0x8000435c (0xdc43e113) ori     sp, t2, -572
core   0: 3 0x8000435c (0xdc43e113) x 2 0xfffffdc4
core   0: 0x80004360 (0x00648033) add     zero, s1, t1
core   0: 3 0x80004360 (0x00648033)
core   0: 0x80004364 (0x01334533) xor     a0, t1, s3
core   0: 3 0x80004364 (0x01334533) x10 0xd3aa7be7
core   0: 0x80004368 (0x0187c0b3) xor     ra, a5, s8
core   0: 3 0x80004368 (0x0187c0b3) x 1 0xfffffcd2
core   0: 0x8000436c (0xf897bc13) sltiu   s8, a5, -119
core   0: 3 0x8000436c (0xf897bc13) x24 0x00000001
core   0: 0x80004370 (0x00000013) nop
core   0: 3 0x80004370 (0x00000013)
core   0: 0x80004374 (0x40f75c33) sra     s8, a4, a5
core   0: 3 0x80004374 (0x40f75c33) x24 0x00000000
core   0: 0x80004378 (0xb5b74993) xori    s3, a4, -1189
core   0: 3 0x80004378 (0xb5b74993) x19 0xfffffb5a
core   0: 0x8000437c (0x01e76fb3) or      t6, a4, t5
core   0: 3 0x8000437c (0x01e76fb3) x31 0x00000001
core   0: 0x80004380 (0x01ed9893) slli    a7, s11, 30
core   0: 3 0x80004380 (0x01ed9893) x17 0x40000000
core   0: 0x80004384 (0x01fea7b3) slt     a5, t4, t6
core   0: 3 0x80004384 (0x01fea7b3) x15 0x00000001
core   0: 0x80004388 (0x7feaee17) auipc   t3, 0x7feae
core   0: 3 0x80004388 (0x7feaee17) x28 0xffeb2388
core   0: 0x8000438c (0x7c21ff97) auipc   t6, 0x7c21f
core   0: 3 0x8000438c (0x7c21ff97) x31 0xfc22338c
core   0: 0x80004390 (0x01649293) slli    t0, s1, 22
core   0: 3 0x80004390 (0x01649293) x 5 0xf8000000
core   0: 0x80004394 (0x00de9b13) slli    s6, t4, 13
core   0: 3 0x80004394 (0x00de9b13) x22 0x00000000
core   0: 0x80004398 (0x00b3d313) srli    t1, t2, 11
core   0: 3 0x80004398 (0x00b3d313) x 6 0x00100000
core   0: 0x8000439c (0x01a29a33) sll     s4, t0, s10
core   0: 3 0x8000439c (0x01a29a33) x20 0xf8000000
core   0: 0x800043a0 (0x01109b13) slli    s6, ra, 17
core   0: 3 0x800043a0 (0x01109b13) x22 0xf9a40000
core   0: 0x800043a4 (0x01d5b333) sltu    t1, a1, t4
core   0: 3 0x800043a4 (0x01d5b333) x 6 0x00000001
core   0: 0x800043a8 (0x01c5d693) srli    a3, a1, 28
core   0: 3 0x800043a8 (0x01c5d693) x13 0x00000000
core   0: 0x800043ac (0x01b81993) slli    s3, a6, 27
core   0: 3 0x800043ac (0x01b81993) x19 0x00000000
core   0: 0x800043b0 (0x01645613) srli    a2, s0, 22
core   0: 3 0x800043b0 (0x01645613) x12 0x00000200
core   0: 0x800043b4 (0x00dcea33) or      s4, s9, a3
core   0: 3 0x800043b4 (0x00dcea33) x20 0x80014ce4
core   0: 0x800043b8 (0x2cf3aa93) slti    s5, t2, 719
core   0: 3 0x800043b8 (0x2cf3aa93) x21 0x00000001
core   0: 0x800043bc (0xf8b23a93) sltiu   s5, tp, -117
core   0: 3 0x800043bc (0xf8b23a93) x21 0x00000001
core   0: 0x800043c0 (0x01e229b3) slt     s3, tp, t5
core   0: 3 0x800043c0 (0x01e229b3) x19 0x00000000
core   0: 0x800043c4 (0x0717a793) slti    a5, a5, 113
core   0: 3 0x800043c4 (0x0717a793) x15 0x00000001
core   0: 0x800043c8 (0x41530db3) sub     s11, t1, s5
core   0: 3 0x800043c8 (0x41530db3) x27 0x00000000
core   0: 0x800043cc (0x01abec33) or      s8, s7, s10
core   0: 3 0x800043cc (0x01abec33) x24 0xde852000
core   0: 0x800043d0 (0x01677d33) and     s10, a4, s6
core   0: 3 0x800043d0 (0x01677d33) x26 0x00000000
core   0: 0x800043d4 (0x01db1013) slli    zero, s6, 29
core   0: 3 0x800043d4 (0x01db1013)
core   0: 0x800043d8 (0x40700333) sub     t1, zero, t2
core   0: 3 0x800043d8 (0x40700333) x 6 0x80000000
core   0: 0x800043dc (0x00955393) srli    t2, a0, 9
core   0: 3 0x800043dc (0x00955393) x 7 0x0069d53d
core   0: 0x800043e0 (0x00058f33) add     t5, a1, zero
core   0: 3 0x800043e0 (0x00058f33) x30 0x00000000
core   0: 0x800043e4 (0x40988633) sub     a2, a7, s1
core   0: 3 0x800043e4 (0x40988633) x12 0xcfb21420
core   0: 0x800043e8 (0x048be713) ori     a4, s7, 72
core   0: 3 0x800043e8 (0x048be713) x14 0x00000048
core   0: 0x800043ec (0xb6108f93) addi    t6, ra, -1183
core   0: 3 0x800043ec (0xb6108f93) x31 0xfffff833
core   0: 0x800043f0 (0x8df07c13) andi    s8, zero, -1825
core   0: 3 0x800043f0 (0x8df07c13) x24 0x00000000
core   0: 0x800043f4 (0x18ff7213) andi    tp, t5, 399
core   0: 3 0x800043f4 (0x18ff7213) x 4 0x00000000
core   0: 0x800043f8 (0x00fcee33) or      t3, s9, a5
core   0: 3 0x800043f8 (0x00fcee33) x28 0x80014ce5
core   0: 0x800043fc (0x41488b33) sub     s6, a7, s4
core   0: 3 0x800043fc (0x41488b33) x22 0xbffeb31c
core   0: 0x80004400 (0xc1f53d13) sltiu   s10, a0, -993
core   0: 3 0x80004400 (0xc1f53d13) x26 0x00000001
core   0: 0x80004404 (0x010d3e33) sltu    t3, s10, a6
core   0: 3 0x80004404 (0x010d3e33) x28 0x00000000
core   0: 0x80004408 (0x0135f5b3) and     a1, a1, s3
core   0: 3 0x80004408 (0x0135f5b3) x11 0x00000000
core   0: 0x8000440c (0x01749fb3) sll     t6, s1, s7
core   0: 3 0x8000440c (0x01749fb3) x31 0x704debe0
core   0: 0x80004410 (0x006717b3) sll     a5, a4, t1
core   0: 3 0x80004410 (0x006717b3) x15 0x00000048
core   0: 0x80004414 (0x6a11cb93) xori    s7, gp, 1697
core   0: 3 0x80004414 (0x6a11cb93) x23 0x000006a0
core   0: 0x80004418 (0x49dd2593) slti    a1, s10, 1181
core   0: 3 0x80004418 (0x49dd2593) x11 0x00000001
core   0: 0x8000441c (0x3bf67997) auipc   s3, 0x3bf67
core   0: 3 0x8000441c (0x3bf67997) x19 0xbbf6b41c
core   0: 0x80004420 (0x409e0fb3) sub     t6, t3, s1
core   0: 3 0x80004420 (0x409e0fb3) x31 0x8fb21420
core   0: 0x80004424 (0x00f3ec33) or      s8, t2, a5
core   0: 3 0x80004424 (0x00f3ec33) x24 0x0069d57d
core   0: 0x80004428 (0xe3b20793) addi    a5, tp, -453
core   0: 3 0x80004428 (0xe3b20793) x15 0xfffffe3b
core   0: 0x8000442c (0x00251fb3) sll     t6, a0, sp
core   0: 3 0x8000442c (0x00251fb3) x31 0x3aa7be70
core   0: 0x80004430 (0xef490313) addi    t1, s2, -268
core   0: 3 0x80004430 (0xef490313) x 6 0xffffff74
core   0: 0x80004434 (0xd5ecb613) sltiu   a2, s9, -674
core   0: 3 0x80004434 (0xd5ecb613) x12 0x00000001
core   0: 0x80004438 (0x41855d93) srai    s11, a0, 24
core   0: 3 0x80004438 (0x41855d93) x27 0xffffffd3
core   0: 0x8000443c (0x09e88013) addi    zero, a7, 158
core   0: 3 0x8000443c (0x09e88013)
core   0: 0x80004440 (0x01285f33) srl     t5, a6, s2
core   0: 3 0x80004440 (0x01285f33) x30 0x00000000
core   0: 0x80004444 (0x001a5633) srl     a2, s4, ra
core   0: 3 0x80004444 (0x001a5633) x12 0x00002000
core   0: 0x80004448 (0x0100c533) xor     a0, ra, a6
core   0: 3 0x80004448 (0x0100c533) x10 0xfffffcd2
core   0: 0x8000444c (0x01edc033) xor     zero, s11, t5
core   0: 3 0x8000444c (0x01edc033)
core   0: 0x80004450 (0xbe27f613) andi    a2, a5, -1054
core   0: 3 0x80004450 (0xbe27f613) x12 0xfffffa22
core   0: 0x80004454 (0x4051d633) sra     a2, gp, t0
core   0: 3 0x80004454 (0x4051d633) x12 0x00000001
core   0: 0x80004458 (0xeb5be993) ori     s3, s7, -331
core   0: 3 0x80004458 (0xeb5be993) x19 0xfffffeb5
core   0: 0x8000445c (0x0033b533) sltu    a0, t2, gp
core   0: 3 0x8000445c (0x0033b533) x10 0x00000000
core   0: 0x80004460 (0x46043a13) sltiu   s4, s0, 1120
core   0: 3 0x80004460 (0x46043a13) x20 0x00000000
core   0: 0x80004464 (0x00000493) li      s1, 0
core   0: 3 0x80004464 (0x00000493) x 9 0x00000000
core   0: 0x80004468 (0x00000b93) li      s7, 0
core   0: 3 0x80004468 (0x00000b93) x23 0x00000000
core   0: 0x8000446c (0x80000637) lui     a2, 0x80000
core   0: 3 0x8000446c (0x80000637) x12 0x80000000
core   0: 0x80004470 (0xd44c70b7) lui     ra, 0xd44c7
core   0: 3 0x80004470 (0xd44c70b7) x 1 0xd44c7000
core   0: 0x80004474 (0xde408093) addi    ra, ra, -540
core   0: 3 0x80004474 (0xde408093) x 1 0xd44c6de4
core   0: 0x80004478 (0xf72ae2b7) lui     t0, 0xf72ae
core   0: 3 0x80004478 (0xf72ae2b7) x 5 0xf72ae000
core   0: 0x8000447c (0x93628293) addi    t0, t0, -1738
core   0: 3 0x8000447c (0x93628293) x 5 0xf72ad936
core   0: 0x80004480 (0xf9b045b7) lui     a1, 0xf9b04
core   0: 3 0x80004480 (0xf9b045b7) x11 0xf9b04000
core   0: 0x80004484 (0xfe258593) addi    a1, a1, -30
core   0: 3 0x80004484 (0xfe258593) x11 0xf9b03fe2
core   0: 0x80004488 (0x00000693) li      a3, 0
core   0: 3 0x80004488 (0x00000693) x13 0x00000000
core   0: 0x8000448c (0xfff00913) li      s2, -1
core   0: 3 0x8000448c (0xfff00913) x18 0xffffffff
core   0: 0x80004490 (0xe0d3cab7) lui     s5, 0xe0d3c
core   0: 3 0x80004490 (0xe0d3cab7) x21 0xe0d3c000
core   0: 0x80004494 (0x5eaa8a93) addi    s5, s5, 1514
core   0: 3 0x80004494 (0x5eaa8a93) x21 0xe0d3c5ea
core   0: 0x80004498 (0x80000737) lui     a4, 0x80000
core   0: 3 0x80004498 (0x80000737) x14 0x80000000
core   0: 0x8000449c (0x70a28593) addi    a1, t0, 1802
core   0: 3 0x8000449c (0x70a28593) x11 0xf72ae040
core   0: 0x800044a0 (0x005905b3) add     a1, s2, t0
core   0: 3 0x800044a0 (0x005905b3) x11 0xf72ad935
core   0: 0x800044a4 (0xec7ef917) auipc   s2, 0xec7ef
core   0: 3 0x800044a4 (0xec7ef917) x18 0x6c7f34a4
core   0: 0x800044a8 (0x047f0ab7) lui     s5, 0x47f0
core   0: 3 0x800044a8 (0x047f0ab7) x21 0x047f0000
core   0: 0x800044ac (0x00000013) nop
core   0: 3 0x800044ac (0x00000013)
core   0: 0x800044b0 (0x40b70bb3) sub     s7, a4, a1
core   0: 3 0x800044b0 (0x40b70bb3) x23 0x88d526cb
core   0: 0x800044b4 (0x40eb8733) sub     a4, s7, a4
core   0: 3 0x800044b4 (0x40eb8733) x14 0x08d526cb
core   0: 0x800044b8 (0x00000013) nop
core   0: 3 0x800044b8 (0x00000013)
core   0: 0x800044bc (0x00000013) nop
core   0: 3 0x800044bc (0x00000013)
core   0: 0x800044c0 (0x017a8733) add     a4, s5, s7
core   0: 3 0x800044c0 (0x017a8733) x14 0x8d5426cb
core   0: 0x800044c4 (0x00000013) nop
core   0: 3 0x800044c4 (0x00000013)
core   0: 0x800044c8 (0x35170913) addi    s2, a4, 849
core   0: 3 0x800044c8 (0x35170913) x18 0x8d542a1c
core   0: 0x800044cc (0xa0ca8913) addi    s2, s5, -1524
core   0: 3 0x800044cc (0xa0ca8913) x18 0x047efa0c
core   0: 0x800044d0 (0x00000013) nop
core   0: 3 0x800044d0 (0x00000013)
core   0: 0x800044d4 (0xa0570913) addi    s2, a4, -1531
core   0: 3 0x800044d4 (0xa0570913) x18 0x8d5420d0
core   0: 0x800044d8 (0x40b60933) sub     s2, a2, a1
core   0: 3 0x800044d8 (0x40b60933) x18 0x88d526cb
core   0: 0x800044dc (0x75c92297) auipc   t0, 0x75c92
core   0: 3 0x800044dc (0x75c92297) x 5 0xf5c964dc
core   0: 0x800044e0 (0xe20d22b7) lui     t0, 0xe20d2
core   0: 3 0x800044e0 (0xe20d22b7) x 5 0xe20d2000
core   0: 0x800044e4 (0x13cb8913) addi    s2, s7, 316
core   0: 3 0x800044e4 (0x13cb8913) x18 0x88d52807
core   0: 0x800044e8 (0xa20f1937) lui     s2, 0xa20f1
core   0: 3 0x800044e8 (0xa20f1937) x18 0xa20f1000
core   0: 0x800044ec (0xe49f8637) lui     a2, 0xe49f8
core   0: 3 0x800044ec (0xe49f8637) x12 0xe49f8000
core   0: 0x800044f0 (0xb01ce637) lui     a2, 0xb01ce
core   0: 3 0x800044f0 (0xb01ce637) x12 0xb01ce000
core   0: 0x800044f4 (0x00489e33) sll     t3, a7, tp
core   0: 3 0x800044f4 (0x00489e33) x28 0x40000000
core   0: 0x800044f8 (0xf2136a93) ori     s5, t1, -223
core   0: 3 0x800044f8 (0xf2136a93) x21 0xffffff75
core   0: 0x800044fc (0xddd08697) auipc   a3, 0xddd08
core   0: 3 0x800044fc (0xddd08697) x13 0x5dd0c4fc
core   0: 0x80004500 (0x01a13e33) sltu    t3, sp, s10
core   0: 3 0x80004500 (0x01a13e33) x28 0x00000000
core   0: 0x80004504 (0x5b160b93) addi    s7, a2, 1457
core   0: 3 0x80004504 (0x5b160b93) x23 0xb01ce5b1
core   0: 0x80004508 (0x41a4d7b3) sra     a5, s1, s10
core   0: 3 0x80004508 (0x41a4d7b3) x15 0x00000000
core   0: 0x8000450c (0x40e788b3) sub     a7, a5, a4
core   0: 3 0x8000450c (0x40e788b3) x17 0x72abd935
core   0: 0x80004510 (0x71b68d17) auipc   s10, 0x71b68
core   0: 3 0x80004510 (0x71b68d17) x26 0xf1b6c510
core   0: 0x80004514 (0x000bf133) and     sp, s7, zero
core   0: 3 0x80004514 (0x000bf133) x 2 0x00000000
core   0: 0x80004518 (0x01a9d233) srl     tp, s3, s10
core   0: 3 0x80004518 (0x01a9d233) x 4 0x0000ffff
core   0: 0x8000451c (0x41720bb3) sub     s7, tp, s7
core   0: 3 0x8000451c (0x41720bb3) x23 0x4fe41a4e
core   0: 0x80004520 (0x01a20833) add     a6, tp, s10
core   0: 3 0x80004520 (0x01a20833) x16 0xf1b7c50f
core   0: 0x80004524 (0x00d66133) or      sp, a2, a3
core   0: 3 0x80004524 (0x00d66133) x 2 0xfddce4fc
core   0: 0x80004528 (0x00688533) add     a0, a7, t1
core   0: 3 0x80004528 (0x00688533) x10 0x72abd8a9
core   0: 0x8000452c (0x0086fbb3) and     s7, a3, s0
core   0: 3 0x8000452c (0x0086fbb3) x23 0x00000464
core   0: 0x80004530 (0x0080b833) sltu    a6, ra, s0
core   0: 3 0x80004530 (0x0080b833) x16 0x00000000
core   0: 0x80004534 (0x01cf78b3) and     a7, t5, t3
core   0: 3 0x80004534 (0x01cf78b3) x17 0x00000000
core   0: 0x80004538 (0x40dad0b3) sra     ra, s5, a3
core   0: 3 0x80004538 (0x40dad0b3) x 1 0xffffffff
core   0: 0x8000453c (0x013bbc33) sltu    s8, s7, s3
core   0: 3 0x8000453c (0x013bbc33) x24 0x00000001
core   0: 0x80004540 (0x706dc393) xori    t2, s11, 1798
core   0: 3 0x80004540 (0x706dc393) x 7 0xfffff8d5
core   0: 0x80004544 (0x5e498113) addi    sp, s3, 1508
core   0: 3 0x80004544 (0x5e498113) x 2 0x00000499
core   0: 0x80004548 (0x00b71933) sll     s2, a4, a1
core   0: 3 0x80004548 (0x00b71933) x18 0xd9600000
core   0: 0x8000454c (0x01df5613) srli    a2, t5, 29
core   0: 3 0x8000454c (0x01df5613) x12 0x00000000
core   0: 0x80004550 (0x01c32f33) slt     t5, t1, t3
core   0: 3 0x80004550 (0x01c32f33) x30 0x00000001
core   0: 0x80004554 (0x3c8bd897) auipc   a7, 0x3c8bd
core   0: 3 0x80004554 (0x3c8bd897) x17 0xbc8c1554
core   0: 0x80004558 (0x04a13693) sltiu   a3, sp, 74
core   0: 3 0x80004558 (0x04a13693) x13 0x00000000
core   0: 0x8000455c (0x0065b133) sltu    sp, a1, t1
core   0: 3 0x8000455c (0x0065b133) x 2 0x00000001
core   0: 0x80004560 (0x002321b3) slt     gp, t1, sp
core   0: 3 0x80004560 (0x002321b3) x 3 0x00000001
core   0: 0x80004564 (0x00141813) slli    a6, s0, 1
core   0: 3 0x80004564 (0x00141813) x16 0x00021cc8
core   0: 0x80004568 (0xe2630e13) addi    t3, t1, -474
core   0: 3 0x80004568 (0xe2630e13) x28 0xfffffd9a
core   0: 0x8000456c (0x80000937) lui     s2, 0x80000
core   0: 3 0x8000456c (0x80000937) x18 0x80000000
core   0: 0x80004570 (0x80000bb7) lui     s7, 0x80000
core   0: 3 0x80004570 (0x80000bb7) x23 0x80000000
core   0: 0x80004574 (0x800005b7) lui     a1, 0x80000
core   0: 3 0x80004574 (0x800005b7) x11 0x80000000
core   0: 0x80004578 (0xfff00393) li      t2, -1
core   0: 3 0x80004578 (0xfff00393) x 7 0xffffffff
core   0: 0x8000457c (0x800001b7) lui     gp, 0x80000
core   0: 3 0x8000457c (0x800001b7) x 3 0x80000000
core   0: 0x80004580 (0xfff00c13) li      s8, -1
core   0: 3 0x80004580 (0xfff00c13) x24 0xffffffff
core   0: 0x80004584 (0x00000f13) li      t5, 0
core   0: 3 0x80004584 (0x00000f13) x30 0x00000000
core   0: 0x80004588 (0x06f75737) lui     a4, 0x6f75
core   0: 3 0x80004588 (0x06f75737) x14 0x06f75000
core   0: 0x8000458c (0xd7470713) addi    a4, a4, -652
core   0: 3 0x8000458c (0xd7470713) x14 0x06f74d74
core   0: 0x80004590 (0x800007b7) lui     a5, 0x80000
core   0: 3 0x80004590 (0x800007b7) x15 0x80000000
core   0: 0x80004594 (0xfff00113) li      sp, -1
core   0: 3 0x80004594 (0xfff00113) x 2 0xffffffff
core   0: 0x80004598 (0x95f4e117) auipc   sp, 0x95f4e
core   0: 3 0x80004598 (0x95f4e117) x 2 0x15f52598
core   0: 0x8000459c (0x00000013) nop
core   0: 3 0x8000459c (0x00000013)
core   0: 0x800045a0 (0x4e038793) addi    a5, t2, 1248
core   0: 3 0x800045a0 (0x4e038793) x15 0x000004df
core   0: 0x800045a4 (0x00000013) nop
core   0: 3 0x800045a4 (0x00000013)
core   0: 0x800045a8 (0x007c0bb3) add     s7, s8, t2
core   0: 3 0x800045a8 (0x007c0bb3) x23 0xfffffffe
core   0: 0x800045ac (0x407f0c33) sub     s8, t5, t2
core   0: 3 0x800045ac (0x407f0c33) x24 0x00000001
core   0: 0x800045b0 (0x00b10c33) add     s8, sp, a1
core   0: 3 0x800045b0 (0x00b10c33) x24 0x95f52598
core   0: 0x800045b4 (0x40b105b3) sub     a1, sp, a1
core   0: 3 0x800045b4 (0x40b105b3) x11 0x95f52598
core   0: 0x800045b8 (0x2dcb6197) auipc   gp, 0x2dcb6
core   0: 3 0x800045b8 (0x2dcb6197) x 3 0xadcba5b8
core   0: 0x800045bc (0x3f214917) auipc   s2, 0x3f214
core   0: 3 0x800045bc (0x3f214917) x18 0xbf2185bc
core   0: 0x800045c0 (0xed2bcf17) auipc   t5, 0xed2bc
core   0: 3 0x800045c0 (0xed2bcf17) x30 0x6d2c05c0
core   0: 0x800045c4 (0xb5cb0397) auipc   t2, 0xb5cb0
core   0: 3 0x800045c4 (0xb5cb0397) x 7 0x35cb45c4
core   0: 0x800045c8 (0x417f03b3) sub     t2, t5, s7
core   0: 3 0x800045c8 (0x417f03b3) x 7 0x6d2c05c2
core   0: 0x800045cc (0x40ec0733) sub     a4, s8, a4
core   0: 3 0x800045cc (0x40ec0733) x14 0x8efdd824
core   0: 0x800045d0 (0x00b78c33) add     s8, a5, a1
core   0: 3 0x800045d0 (0x00b78c33) x24 0x95f52a77
core   0: 0x800045d4 (0xe46c0913) addi    s2, s8, -442
core   0: 3 0x800045d4 (0xe46c0913) x18 0x95f528bd
core   0: 0x800045d8 (0x05f58b93) addi    s7, a1, 95
core   0: 3 0x800045d8 (0x05f58b93) x23 0x95f525f7
core   0: 0x800045dc (0x00000013) nop
core   0: 3 0x800045dc (0x00000013)
core   0: 0x800045e0 (0xef593c37) lui     s8, 0xef593
core   0: 3 0x800045e0 (0xef593c37) x24 0xef593000
core   0: 0x800045e4 (0x00000013) nop
core   0: 3 0x800045e4 (0x00000013)
core   0: 0x800045e8 (0x00000013) nop
core   0: 3 0x800045e8 (0x00000013)
core   0: 0x800045ec (0x012c05b3) add     a1, s8, s2
core   0: 3 0x800045ec (0x012c05b3) x11 0x854e58bd
core   0: 0x800045f0 (0x003b8c33) add     s8, s7, gp
core   0: 3 0x800045f0 (0x003b8c33) x24 0x43c0cbaf
core   0: 0x800045f4 (0x00a56633) or      a2, a0, a0
core   0: 3 0x800045f4 (0x00a56633) x12 0x72abd8a9
core   0: 0x800045f8 (0xf0b94a93) xori    s5, s2, -245
core   0: 3 0x800045f8 (0xf0b94a93) x21 0x6a0ad7b6
core   0: 0x800045fc (0x0121e033) or      zero, gp, s2
core   0: 3 0x800045fc (0x0121e033)
core   0: 0x80004600 (0x01549913) slli    s2, s1, 21
core   0: 3 0x80004600 (0x01549913) x18 0x00000000
core   0: 0x80004604 (0xba273f13) sltiu   t5, a4, -1118
core   0: 3 0x80004604 (0xba273f13) x30 0x00000001
core   0: 0x80004608 (0x00bfedb3) or      s11, t6, a1
core   0: 3 0x80004608 (0x00bfedb3) x27 0xbfeffefd
core   0: 0x8000460c (0x03820713) addi    a4, tp, 56
core   0: 3 0x8000460c (0x03820713) x14 0x00010037
core   0: 0x80004610 (0x4075d013) srai    zero, a1, 7
core   0: 3 0x80004610 (0x4075d013)
core   0: 0x80004614 (0x01920733) add     a4, tp, s9
core   0: 3 0x80004614 (0x01920733) x14 0x80024ce3
core   0: 0x80004618 (0x41a706b3) sub     a3, a4, s10
core   0: 3 0x80004618 (0x41a706b3) x13 0x8e4b87d3
core   0: 0x8000461c (0x515dad13) slti    s10, s11, 1301
core   0: 3 0x8000461c (0x515dad13) x26 0x00000001
core   0: 0x80004620 (0x60f9c193) xori    gp, s3, 1551
core   0: 3 0x80004620 (0x60f9c193) x 3 0xfffff8ba
core   0: 0x80004624 (0x00e9cb33) xor     s6, s3, a4
core   0: 3 0x80004624 (0x00e9cb33) x22 0x7ffdb256
core   0: 0x80004628 (0x3d82bc13) sltiu   s8, t0, 984
core   0: 3 0x80004628 (0x3d82bc13) x24 0x00000000
core   0: 0x8000462c (0x00100633) add     a2, zero, ra
core   0: 3 0x8000462c (0x00100633) x12 0xffffffff
core   0: 0x80004630 (0x00ad8633) add     a2, s11, a0
core   0: 3 0x80004630 (0x00ad8633) x12 0x329bd7a6
core   0: 0x80004634 (0x00000013) nop
core   0: 3 0x80004634 (0x00000013)
core   0: 0x80004638 (0xc49a2f13) slti    t5, s4, -951
core   0: 3 0x80004638 (0xc49a2f13) x30 0x00000000
core   0: 0x8000463c (0x01afb4b3) sltu    s1, t6, s10
core   0: 3 0x8000463c (0x01afb4b3) x 9 0x00000000
core   0: 0x80004640 (0x001a35b3) sltu    a1, s4, ra
core   0: 3 0x80004640 (0x001a35b3) x11 0x00000001
core   0: 0x80004644 (0x0193d7b3) srl     a5, t2, s9
core   0: 3 0x80004644 (0x0193d7b3) x15 0x06d2c05c
core   0: 0x80004648 (0x417f5293) srai    t0, t5, 23
core   0: 3 0x80004648 (0x417f5293) x 5 0x00000000
core   0: 0x8000464c (0x00fa5733) srl     a4, s4, a5
core   0: 3 0x8000464c (0x00fa5733) x14 0x00000000
core   0: 0x80004650 (0x00aa4bb3) xor     s7, s4, a0
core   0: 3 0x80004650 (0x00aa4bb3) x23 0x72abd8a9
core   0: 0x80004654 (0x96198f93) addi    t6, s3, -1695
core   0: 3 0x80004654 (0x96198f93) x31 0xfffff816
core   0: 0x80004658 (0x01a4d733) srl     a4, s1, s10
core   0: 3 0x80004658 (0x01a4d733) x14 0x00000000
core   0: 0x8000465c (0x00f77ab3) and     s5, a4, a5
core   0: 3 0x8000465c (0x00f77ab3) x21 0x00000000
core   0: 0x80004660 (0xcf060193) addi    gp, a2, -784
core   0: 3 0x80004660 (0xcf060193) x 3 0x329bd496
core   0: 0x80004664 (0x00677233) and     tp, a4, t1
core   0: 3 0x80004664 (0x00677233) x 4 0x00000000
core   0: 0x80004668 (0x006ebfb3) sltu    t6, t4, t1
core   0: 3 0x80004668 (0x006ebfb3) x31 0x00000001
core   0: 0x8000466c (0x00000013) nop
core   0: 3 0x8000466c (0x00000013)
core   0: 0x80004670 (0x01708f33) add     t5, ra, s7
core   0: 3 0x80004670 (0x01708f33) x30 0x72abd8a8
core   0: 0x80004674 (0xefd436b7) lui     a3, 0xefd43
core   0: 3 0x80004674 (0xefd436b7) x13 0xefd43000
core   0: 0x80004678 (0x4caf3493) sltiu   s1, t5, 1226
core   0: 3 0x80004678 (0x4caf3493) x 9 0x00000000
core   0: 0x8000467c (0x41cc86b3) sub     a3, s9, t3
core   0: 3 0x8000467c (0x41cc86b3) x13 0x80014f4a
core   0: 0x80004680 (0x0026c633) xor     a2, a3, sp
core   0: 3 0x80004680 (0x0026c633) x12 0x95f46ad2
core   0: 0x80004684 (0x000b20b3) slt     ra, s6, zero
core   0: 3 0x80004684 (0x000b20b3) x 1 0x00000000
core   0: 0x80004688 (0x01d21733) sll     a4, tp, t4
core   0: 3 0x80004688 (0x01d21733) x14 0x00000000
core   0: 0x8000468c (0x01e0d993) srli    s3, ra, 30
core   0: 3 0x8000468c (0x01e0d993) x19 0x00000000
core   0: 0x80004690 (0xb9fdd8b7) lui     a7, 0xb9fdd
core   0: 3 0x80004690 (0xb9fdd8b7) x17 0xb9fdd000
core   0: 0x80004694 (0x01d4b9b3) sltu    s3, s1, t4
core   0: 3 0x80004694 (0x01d4b9b3) x19 0x00000001
core   0: 0x80004698 (0x9a5dff13) andi    t5, s11, -1627
core   0: 3 0x80004698 (0x9a5dff13) x30 0xbfeff8a5
core   0: 0x8000469c (0x010cd533) srl     a0, s9, a6
core   0: 3 0x8000469c (0x010cd533) x10 0x0080014c
core   0: 0x800046a0 (0x01c15b93) srli    s7, sp, 28
core   0: 3 0x800046a0 (0x01c15b93) x23 0x00000001
core   0: 0x800046a4 (0x41cb8a33) sub     s4, s7, t3
core   0: 3 0x800046a4 (0x41cb8a33) x20 0x00000267
core   0: 0x800046a8 (0x008cfbb3) and     s7, s9, s0
core   0: 3 0x800046a8 (0x008cfbb3) x23 0x80010c64
core   0: 0x800046ac (0x015988b3) add     a7, s3, s5
core   0: 3 0x800046ac (0x015988b3) x17 0x00000001
core   0: 0x800046b0 (0x01cf7733) and     a4, t5, t3
core   0: 3 0x800046b0 (0x01cf7733) x14 0xbfeff880
core   0: 0x800046b4 (0x0018b8b3) sltu    a7, a7, ra
core   0: 3 0x800046b4 (0x0018b8b3) x17 0x00000000
core   0: 0x800046b8 (0x11dfa393) slti    t2, t6, 285
core   0: 3 0x800046b8 (0x11dfa393) x 7 0x00000001
core   0: 0x800046bc (0x0bd28813) addi    a6, t0, 189
core   0: 3 0x800046bc (0x0bd28813) x16 0x000000bd
core   0: 0x800046c0 (0xa18de593) ori     a1, s11, -1512
core   0: 3 0x800046c0 (0xa18de593) x11 0xfffffefd
core   0: 0x800046c4 (0x419a03b3) sub     t2, s4, s9
core   0: 3 0x800046c4 (0x419a03b3) x 7 0x7ffeb583
core   0: 0x800046c8 (0x019c14b3) sll     s1, s8, s9
core   0: 3 0x800046c8 (0x019c14b3) x 9 0x00000000
core   0: 0x800046cc (0x5e09f513) andi    a0, s3, 1504
core   0: 3 0x800046cc (0x5e09f513) x10 0x00000000
core   0: 0x800046d0 (0x16e7c297) auipc   t0, 0x16e7c
core   0: 3 0x800046d0 (0x16e7c297) x 5 0x96e806d0
core   0: 0x800046d4 (0x0088fdb3) and     s11, a7, s0
core   0: 3 0x800046d4 (0x0088fdb3) x27 0x00000000
core   0: 0x800046d8 (0x011428b3) slt     a7, s0, a7
core   0: 3 0x800046d8 (0x011428b3) x17 0x00000001
core   0: 0x800046dc (0x002ec1b3) xor     gp, t4, sp
core   0: 3 0x800046dc (0x002ec1b3) x 3 0x95f52598
core   0: 0x800046e0 (0x22ba4d93) xori    s11, s4, 555
core   0: 3 0x800046e0 (0x22ba4d93) x27 0x0000004c
core   0: 0x800046e4 (0x003befb3) or      t6, s7, gp
core   0: 3 0x800046e4 (0x003befb3) x31 0x95f52dfc
core   0: 0x800046e8 (0x00000013) nop
core   0: 3 0x800046e8 (0x00000013)
core   0: 0x800046ec (0x00d069b3) or      s3, zero, a3
core   0: 3 0x800046ec (0x00d069b3) x19 0x80014f4a
core   0: 0x800046f0 (0x44e4ea13) ori     s4, s1, 1102
core   0: 3 0x800046f0 (0x44e4ea13) x20 0x0000044e
core   0: 0x800046f4 (0x01cf1f33) sll     t5, t5, t3
core   0: 3 0x800046f4 (0x01cf1f33) x30 0x94000000
core   0: 0x800046f8 (0xd05b4e13) xori    t3, s6, -763
core   0: 3 0x800046f8 (0xd05b4e13) x28 0x80024f53
core   0: 0x800046fc (0xf6913313) sltiu   t1, sp, -151
core   0: 3 0x800046fc (0xf6913313) x 6 0x00000001
core   0: 0x80004700 (0x41ec5633) sra     a2, s8, t5
core   0: 3 0x80004700 (0x41ec5633) x12 0x00000000
core   0: 0x80004704 (0x0151ddb3) srl     s11, gp, s5
core   0: 3 0x80004704 (0x0151ddb3) x27 0x95f52598
core   0: 0x80004708 (0x2f763213) sltiu   tp, a2, 759
core   0: 3 0x80004708 (0x2f763213) x 4 0x00000001
core   0: 0x8000470c (0x406a5833) sra     a6, s4, t1
core   0: 3 0x8000470c (0x406a5833) x16 0x00000227
core   0: 0x80004710 (0xf5becf93) xori    t6, t4, -165
core   0: 3 0x80004710 (0xf5becf93) x31 0x7fffff5b
core   0: 0x80004714 (0x00ce6fb3) or      t6, t3, a2
core   0: 3 0x80004714 (0x00ce6fb3) x31 0x80024f53
core   0: 0x80004718 (0x0118df93) srli    t6, a7, 17
core   0: 3 0x80004718 (0x0118df93) x31 0x00000000
core   0: 0x8000471c (0x93e7f793) andi    a5, a5, -1730
core   0: 3 0x8000471c (0x93e7f793) x15 0x06d2c01c
core   0: 0x80004720 (0x00eb23b3) slt     t2, s6, a4
core   0: 3 0x80004720 (0x00eb23b3) x 7 0x00000000
core   0: 0x80004724 (0x00837d33) and     s10, t1, s0
core   0: 3 0x80004724 (0x00837d33) x26 0x00000000
core   0: 0x80004728 (0x017e74b3) and     s1, t3, s7
core   0: 3 0x80004728 (0x017e74b3) x 9 0x80000c40
core   0: 0x8000472c (0xbdbac913) xori    s2, s5, -1061
core   0: 3 0x8000472c (0xbdbac913) x18 0xfffffbdb
core   0: 0x80004730 (0x01542333) slt     t1, s0, s5
core   0: 3 0x80004730 (0x01542333) x 6 0x00000001
core   0: 0x80004734 (0x01b35733) srl     a4, t1, s11
core   0: 3 0x80004734 (0x01b35733) x14 0x00000000
core   0: 0x80004738 (0xfe3ebd37) lui     s10, 0xfe3eb
core   0: 3 0x80004738 (0xfe3ebd37) x26 0xfe3eb000
core   0: 0x8000473c (0x869b7597) auipc   a1, 0x869b7
core   0: 3 0x8000473c (0x869b7597) x11 0x069bb73c
core   0: 0x80004740 (0x57f77a13) andi    s4, a4, 1407
core   0: 3 0x80004740 (0x57f77a13) x20 0x00000000
core   0: 0x80004744 (0x403c5893) srai    a7, s8, 3
core   0: 3 0x80004744 (0x403c5893) x17 0x00000000
core   0: 0x80004748 (0xd3d46113) ori     sp, s0, -707
core   0: 3 0x80004748 (0xd3d46113) x 2 0xffffff7d
core   0: 0x8000474c (0x4fbbfa93) andi    s5, s7, 1275
core   0: 3 0x8000474c (0x4fbbfa93) x21 0x00000460
core   0: 0x80004750 (0x5cc9c093) xori    ra, s3, 1484
core   0: 3 0x80004750 (0x5cc9c093) x 1 0x80014a86
core   0: 0x80004754 (0xd3d47493) andi    s1, s0, -707
core   0: 3 0x80004754 (0xd3d47493) x 9 0x80010c24
core   0: 0x80004758 (0x408b5e13) srai    t3, s6, 8
core   0: 3 0x80004758 (0x408b5e13) x28 0x007ffdb2
core   0: 0x8000475c (0x00719893) slli    a7, gp, 7
core   0: 3 0x8000475c (0x00719893) x17 0xfa92cc00
core   0: 0x80004760 (0x017c34b3) sltu    s1, s8, s7
core   0: 3 0x80004760 (0x017c34b3) x 9 0x00000001
core   0: 0x80004764 (0x00f8c6b3) xor     a3, a7, a5
core   0: 3 0x80004764 (0x00f8c6b3) x13 0xfc400c1c
core   0: 0x80004768 (0x414c0333) sub     t1, s8, s4
core   0: 3 0x80004768 (0x414c0333) x 6 0x00000000
core   0: 0x8000476c (0xd4117393) andi    t2, sp, -703
core   0: 3 0x8000476c (0xd4117393) x 7 0xfffffd41
core   0: 0x80004770 (0x01cd1033) sll     zero, s10, t3
core   0: 3 0x80004770 (0x01cd1033)
core   0: 0x80004774 (0xfd486997) auipc   s3, 0xfd486
core   0: 3 0x80004774 (0xfd486997) x19 0x7d48a774
core   0: 0x80004778 (0xb258ab93) slti    s7, a7, -1243
core   0: 3 0x80004778 (0xb258ab93) x23 0x00000001
core   0: 0x8000477c (0x01480633) add     a2, a6, s4
core   0: 3 0x8000477c (0x01480633) x12 0x00000227
core   0: 0x80004780 (0x009a4fb3) xor     t6, s4, s1
core   0: 3 0x80004780 (0x009a4fb3) x31 0x00000001
core   0: 0x80004784 (0x413ed3b3) sra     t2, t4, s3
core   0: 3 0x80004784 (0x413ed3b3) x 7 0xfffff800
core   0: 0x80004788 (0x9fb5cd93) xori    s11, a1, -1541
core   0: 3 0x80004788 (0x9fb5cd93) x27 0xf9644ec7
core   0: 0x8000478c (0x416dd4b3) sra     s1, s11, s6
core   0: 3 0x8000478c (0x416dd4b3) x 9 0xffffffe5
core   0: 0x80004790 (0xc6907393) andi    t2, zero, -919
core   0: 3 0x80004790 (0xc6907393) x 7 0x00000000
core   0: 0x80004794 (0x0660ed93) ori     s11, ra, 102
core   0: 3 0x80004794 (0x0660ed93) x27 0x80014ae6
core   0: 0x80004798 (0x146a2c13) slti    s8, s4, 326
core   0: 3 0x80004798 (0x146a2c13) x24 0x00000001
core   0: 0x8000479c (0x1c86f493) andi    s1, a3, 456
core   0: 3 0x8000479c (0x1c86f493) x 9 0x00000008
core   0: 0x800047a0 (0x01d48633) add     a2, s1, t4
core   0: 3 0x800047a0 (0x01d48633) x12 0x80000008
core   0: 0x800047a4 (0x016fa8b3) slt     a7, t6, s6
core   0: 3 0x800047a4 (0x016fa8b3) x17 0x00000001
core   0: 0x800047a8 (0x72fb6193) ori     gp, s6, 1839
core   0: 3 0x800047a8 (0x72fb6193) x 3 0x7ffdb77f
core   0: 0x800047ac (0x005a8d33) add     s10, s5, t0
core   0: 3 0x800047ac (0x005a8d33) x26 0x96e80b30
core   0: 0x800047b0 (0x00a60db3) add     s11, a2, a0
core   0: 3 0x800047b0 (0x00a60db3) x27 0x80000008
core   0: 0x800047b4 (0x012afb33) and     s6, s5, s2
core   0: 3 0x800047b4 (0x012afb33) x22 0x00000040
core   0: 0x800047b8 (0x0155b233) sltu    tp, a1, s5
core   0: 3 0x800047b8 (0x0155b233) x 4 0x00000000
core   0: 0x800047bc (0x00c056b3) srl     a3, zero, a2
core   0: 3 0x800047bc (0x00c056b3) x13 0x00000000
core   0: 0x800047c0 (0x180ab7b7) lui     a5, 0x180ab
core   0: 3 0x800047c0 (0x180ab7b7) x15 0x180ab000
core   0: 0x800047c4 (0x6338e6b7) lui     a3, 0x6338e
core   0: 3 0x800047c4 (0x6338e6b7) x13 0x6338e000
core   0: 0x800047c8 (0x40f95a13) srai    s4, s2, 15
core   0: 3 0x800047c8 (0x40f95a13) x20 0xffffffff
core   0: 0x800047cc (0x70a735b7) lui     a1, 0x70a73
core   0: 3 0x800047cc (0x70a735b7) x11 0x70a73000
core   0: 0x800047d0 (0x00a94133) xor     sp, s2, a0
core   0: 3 0x800047d0 (0x00a94133) x 2 0xfffffbdb
core   0: 0x800047d4 (0x82c96e13) ori     t3, s2, -2004
core   0: 3 0x800047d4 (0x82c96e13) x28 0xfffffbff
core   0: 0x800047d8 (0x9f2f7e13) andi    t3, t5, -1550
core   0: 3 0x800047d8 (0x9f2f7e13) x28 0x94000000
core   0: 0x800047dc (0x40865e33) sra     t3, a2, s0
core   0: 3 0x800047dc (0x40865e33) x28 0xf8000000
core   0: 0x800047e0 (0x72934ab7) lui     s5, 0x72934
core   0: 3 0x800047e0 (0x72934ab7) x21 0x72934000
core   0: 0x800047e4 (0xe506b013) sltiu   zero, a3, -432
core   0: 3 0x800047e4 (0xe506b013)
core   0: 0x800047e8 (0x00ef3933) sltu    s2, t5, a4
core   0: 3 0x800047e8 (0x00ef3933) x18 0x00000000
core   0: 0x800047ec (0x41175113) srai    sp, a4, 17
core   0: 3 0x800047ec (0x41175113) x 2 0x00000000
core   0: 0x800047f0 (0x00a5efb3) or      t6, a1, a0
core   0: 3 0x800047f0 (0x00a5efb3) x31 0x70a73000
core   0: 0x800047f4 (0x00000013) nop
core   0: 3 0x800047f4 (0x00000013)
core   0: 0x800047f8 (0x00000013) nop
core   0: 3 0x800047f8 (0x00000013)
core   0: 0x800047fc (0x016637b3) sltu    a5, a2, s6
core   0: 3 0x800047fc (0x016637b3) x15 0x00000000
core   0: 0x80004800 (0xf44a2893) slti    a7, s4, -188
core   0: 3 0x80004800 (0xf44a2893) x17 0x00000000
core   0: 0x80004804 (0x18d6d237) lui     tp, 0x18d6d
core   0: 3 0x80004804 (0x18d6d237) x 4 0x18d6d000
core   0: 0x80004808 (0xd29d8c13) addi    s8, s11, -727
core   0: 3 0x80004808 (0xd29d8c13) x24 0x7ffffd31
core   0: 0x8000480c (0x01e1cab3) xor     s5, gp, t5
core   0: 3 0x8000480c (0x01e1cab3) x21 0xebfdb77f
core   0: 0x80004810 (0x00ee5213) srli    tp, t3, 14
core   0: 3 0x80004810 (0x00ee5213) x 4 0x0003e000
core   0: 0x80004814 (0xf6881937) lui     s2, 0xf6881
core   0: 3 0x80004814 (0xf6881937) x18 0xf6881000
core   0: 0x80004818 (0x405ed8b3) sra     a7, t4, t0
core   0: 3 0x80004818 (0x405ed8b3) x17 0xffff8000
core   0: 0x8000481c (0x922ab497) auipc   s1, 0x922ab
core   0: 3 0x8000481c (0x922ab497) x 9 0x122af81c
core   0: 0x80004820 (0x41bc5913) srai    s2, s8, 27
core   0: 3 0x80004820 (0x41bc5913) x18 0x0000000f
core   0: 0x80004824 (0x41918f33) sub     t5, gp, s9
core   0: 3 0x80004824 (0x41918f33) x30 0xfffc6a9b
core   0: 0x80004828 (0x404bd133) sra     sp, s7, tp
core   0: 3 0x80004828 (0x404bd133) x 2 0x00000001
core   0: 0x8000482c (0x01304133) xor     sp, zero, s3
core   0: 3 0x8000482c (0x01304133) x 2 0x7d48a774
core   0: 0x80004830 (0x00ed07b3) add     a5, s10, a4
core   0: 3 0x80004830 (0x00ed07b3) x15 0x96e80b30
core   0: 0x80004834 (0x4d5e2193) slti    gp, t3, 1237
core   0: 3 0x80004834 (0x4d5e2193) x 3 0x00000001
core   0: 0x80004838 (0x006d5993) srli    s3, s10, 6
core   0: 3 0x80004838 (0x006d5993) x19 0x025ba02c
core   0: 0x8000483c (0x77d76d93) ori     s11, a4, 1917
core   0: 3 0x8000483c (0x77d76d93) x27 0x0000077d
core   0: 0x80004840 (0x3a188b13) addi    s6, a7, 929
core   0: 3 0x80004840 (0x3a188b13) x22 0xffff83a1
core   0: 0x80004844 (0x01f1ba33) sltu    s4, gp, t6
core   0: 3 0x80004844 (0x01f1ba33) x20 0x00000001
core   0: 0x80004848 (0x0104da93) srli    s5, s1, 16
core   0: 3 0x80004848 (0x0104da93) x21 0x0000122a
core   0: 0x8000484c (0x62f5eab7) lui     s5, 0x62f5e
core   0: 3 0x8000484c (0x62f5eab7) x21 0x62f5e000
core   0: 0x80004850 (0x00a49713) slli    a4, s1, 10
core   0: 3 0x80004850 (0x00a49713) x14 0xabe07000
core   0: 0x80004854 (0x017259b3) srl     s3, tp, s7
core   0: 3 0x80004854 (0x017259b3) x19 0x0001f000
core   0: 0x80004858 (0x00000013) nop
core   0: 3 0x80004858 (0x00000013)
core   0: 0x8000485c (0x00000013) nop
core   0: 3 0x8000485c (0x00000013)
core   0: 0x80004860 (0x01856137) lui     sp, 0x1856
core   0: 3 0x80004860 (0x01856137) x 2 0x01856000
core   0: 0x80004864 (0x008e60b3) or      ra, t3, s0
core   0: 3 0x80004864 (0x008e60b3) x 1 0xf8010e64
core   0: 0x80004868 (0x01b788b3) add     a7, a5, s11
core   0: 3 0x80004868 (0x01b788b3) x17 0x96e812ad
core   0: 0x8000486c (0x01f39493) slli    s1, t2, 31
core   0: 3 0x8000486c (0x01f39493) x 9 0x00000000
core   0: 0x80004870 (0x8fe3b217) auipc   tp, 0x8fe3b
core   0: 3 0x80004870 (0x8fe3b217) x 4 0x0fe3f870
core   0: 0x80004874 (0x0032fe33) and     t3, t0, gp
core   0: 3 0x80004874 (0x0032fe33) x28 0x00000000
core   0: 0x80004878 (0x00d1f8b3) and     a7, gp, a3
core   0: 3 0x80004878 (0x00d1f8b3) x17 0x00000000
core   0: 0x8000487c (0x92ad8993) addi    s3, s11, -1750
core   0: 3 0x8000487c (0x92ad8993) x19 0x000000a7
core   0: 0x80004880 (0x00d99913) slli    s2, s3, 13
core   0: 3 0x80004880 (0x00d99913) x18 0x0014e000
core   0: 0x80004884 (0x00000013) nop
core   0: 3 0x80004884 (0x00000013)
core   0: 0x80004888 (0xb5038c13) addi    s8, t2, -1200
core   0: 3 0x80004888 (0xb5038c13) x24 0xfffffb50
core   0: 0x8000488c (0x013d4c33) xor     s8, s10, s3
core   0: 3 0x8000488c (0x013d4c33) x24 0x96e80b97
core   0: 0x80004890 (0x41735913) srai    s2, t1, 23
core   0: 3 0x80004890 (0x41735913) x18 0x00000000
core   0: 0x80004894 (0xf3e5f393) andi    t2, a1, -194
core   0: 3 0x80004894 (0xf3e5f393) x 7 0x70a73000
core   0: 0x80004898 (0x00000393) li      t2, 0
core   0: 3 0x80004898 (0x00000393) x 7 0x00000000
core   0: 0x8000489c (0xf68f04b7) lui     s1, 0xf68f0
core   0: 3 0x8000489c (0xf68f04b7) x 9 0xf68f0000
core   0: 0x800048a0 (0x96248493) addi    s1, s1, -1694
core   0: 3 0x800048a0 (0x96248493) x 9 0xf68ef962
core   0: 0x800048a4 (0xe963afb7) lui     t6, 0xe963a
core   0: 3 0x800048a4 (0xe963afb7) x31 0xe963a000
core   0: 0x800048a8 (0x7c6f8f93) addi    t6, t6, 1990
core   0: 3 0x800048a8 (0x7c6f8f93) x31 0xe963a7c6
core   0: 0x800048ac (0x00000e13) li      t3, 0
core   0: 3 0x800048ac (0x00000e13) x28 0x00000000
core   0: 0x800048b0 (0x80000237) lui     tp, 0x80000
core   0: 3 0x800048b0 (0x80000237) x 4 0x80000000
core   0: 0x800048b4 (0x00000d13) li      s10, 0
core   0: 3 0x800048b4 (0x00000d13) x26 0x00000000
core   0: 0x800048b8 (0xfff00793) li      a5, -1
core   0: 3 0x800048b8 (0xfff00793) x15 0xffffffff
core   0: 0x800048bc (0xfff00693) li      a3, -1
core   0: 3 0x800048bc (0xfff00693) x13 0xffffffff
core   0: 0x800048c0 (0x80000537) lui     a0, 0x80000
core   0: 3 0x800048c0 (0x80000537) x10 0x80000000
core   0: 0x800048c4 (0xa7491637) lui     a2, 0xa7491
core   0: 3 0x800048c4 (0xa7491637) x12 0xa7491000
core   0: 0x800048c8 (0x68a60613) addi    a2, a2, 1674
core   0: 3 0x800048c8 (0x68a60613) x12 0xa749168a
core   0: 0x800048cc (0x01cf84b3) add     s1, t6, t3
core   0: 3 0x800048cc (0x01cf84b3) x 9 0xe963a7c6
core   0: 0x800048d0 (0xeb443e37) lui     t3, 0xeb443
core   0: 3 0x800048d0 (0xeb443e37) x28 0xeb443000
core   0: 0x800048d4 (0x41c48fb3) sub     t6, s1, t3
core   0: 3 0x800048d4 (0x41c48fb3) x31 0xfe1f77c6
core   0: 0x800048d8 (0x00000013) nop
core   0: 3 0x800048d8 (0x00000013)
core   0: 0x800048dc (0x65e15517) auipc   a0, 0x65e15
core   0: 3 0x800048dc (0x65e15517) x10 0xe5e198dc
core   0: 0x800048e0 (0x67068213) addi    tp, a3, 1648
core   0: 3 0x800048e0 (0x67068213) x 4 0x0000066f
core   0: 0x800048e4 (0x41cd03b3) sub     t2, s10, t3
core   0: 3 0x800048e4 (0x41cd03b3) x 7 0x14bbd000
core   0: 0x800048e8 (0x00000013) nop
core   0: 3 0x800048e8 (0x00000013)
core   0: 0x800048ec (0xf6b92e17) auipc   t3, 0xf6b92
core   0: 3 0x800048ec (0xf6b92e17) x28 0x76b968ec
core   0: 0x800048f0 (0x117a4397) auipc   t2, 0x117a4
core   0: 3 0x800048f0 (0x117a4397) x 7 0x917a88f0
core   0: 0x800048f4 (0x1c9d0393) addi    t2, s10, 457
core   0: 3 0x800048f4 (0x1c9d0393) x 7 0x000001c9
core   0: 0x800048f8 (0x53a20613) addi    a2, tp, 1338
core   0: 3 0x800048f8 (0x53a20613) x12 0x00000ba9
core   0: 0x800048fc (0xde5d5537) lui     a0, 0xde5d5
core   0: 3 0x800048fc (0xde5d5537) x10 0xde5d5000
core   0: 0x80004900 (0xc21bed37) lui     s10, 0xc21be
core   0: 3 0x80004900 (0xc21bed37) x26 0xc21be000
core   0: 0x80004904 (0x6e8ee6b7) lui     a3, 0x6e8ee
core   0: 3 0x80004904 (0x6e8ee6b7) x13 0x6e8ee000
core   0: 0x80004908 (0x00c78533) add     a0, a5, a2
core   0: 3 0x80004908 (0x00c78533) x10 0x00000ba8
core   0: 0x8000490c (0x61d38e13) addi    t3, t2, 1565
core   0: 3 0x8000490c (0x61d38e13) x28 0x000007e6
core   0: 0x80004910 (0x64338493) addi    s1, t2, 1603
core   0: 3 0x80004910 (0x64338493) x 9 0x0000080c
core   0: 0x80004914 (0xf213a397) auipc   t2, 0xf213a
core   0: 3 0x80004914 (0xf213a397) x 7 0x7213e914
core   0: 0x80004918 (0x00ad0d33) add     s10, s10, a0
core   0: 3 0x80004918 (0x00ad0d33) x26 0xc21beba8
core   0: 0x8000491c (0x2eb50493) addi    s1, a0, 747
core   0: 3 0x8000491c (0x2eb50493) x 9 0x00000e93
core   0: 0x80004920 (0xed7e8fb7) lui     t6, 0xed7e8
core   0: 3 0x80004920 (0xed7e8fb7) x31 0xed7e8000
core   0: 0x80004924 (0x015380b3) add     ra, t2, s5
core   0: 3 0x80004924 (0x015380b3) x 1 0xd509c914
core   0: 0x80004928 (0x00240633) add     a2, s0, sp
core   0: 3 0x80004928 (0x00240633) x12 0x81866e64
core   0: 0x8000492c (0x41b207b3) sub     a5, tp, s11
core   0: 3 0x8000492c (0x41b207b3) x15 0xfffffef2
core   0: 0x80004930 (0xf5b0abb7) lui     s7, 0xf5b0a
core   0: 3 0x80004930 (0xf5b0abb7) x23 0xf5b0a000
core   0: 0x80004934 (0x002ca333) slt     t1, s9, sp
core   0: 3 0x80004934 (0x002ca333) x 6 0x00000001
core   0: 0x80004938 (0x64632713) slti    a4, t1, 1606
core   0: 3 0x80004938 (0x64632713) x14 0x00000001
core   0: 0x8000493c (0x40b05833) sra     a6, zero, a1
core   0: 3 0x8000493c (0x40b05833) x16 0x00000000
core   0: 0x80004940 (0x00d73e33) sltu    t3, a4, a3
core   0: 3 0x80004940 (0x00d73e33) x28 0x00000001
core   0: 0x80004944 (0x48ee4d97) auipc   s11, 0x48ee4
core   0: 3 0x80004944 (0x48ee4d97) x27 0xc8ee8944
core   0: 0x80004948 (0x95625637) lui     a2, 0x95625
core   0: 3 0x80004948 (0x95625637) x12 0x95625000
core   0: 0x8000494c (0x41f3d9b3) sra     s3, t2, t6
core   0: 3 0x8000494c (0x41f3d9b3) x19 0x7213e914
core   0: 0x80004950 (0x007f2633) slt     a2, t5, t2
core   0: 3 0x80004950 (0x007f2633) x12 0x00000001
core   0: 0x80004954 (0x549c6993) ori     s3, s8, 1353
core   0: 3 0x80004954 (0x549c6993) x19 0x96e80fdf
core   0: 0x80004958 (0x6317fd93) andi    s11, a5, 1585
core   0: 3 0x80004958 (0x6317fd93) x27 0x00000630
core   0: 0x8000495c (0x411f84b3) sub     s1, t6, a7
core   0: 3 0x8000495c (0x411f84b3) x 9 0xed7e8000
core   0: 0x80004960 (0x00605293) srli    t0, zero, 6
core   0: 3 0x80004960 (0x00605293) x 5 0x00000000
core   0: 0x80004964 (0x47286e13) ori     t3, a6, 1138
core   0: 3 0x80004964 (0x47286e13) x28 0x00000472
core   0: 0x80004968 (0x01bfffb3) and     t6, t6, s11
core   0: 3 0x80004968 (0x01bfffb3) x31 0x00000000
core   0: 0x8000496c (0x01277e33) and     t3, a4, s2
core   0: 3 0x8000496c (0x01277e33) x28 0x00000000
core   0: 0x80004970 (0x00079193) slli    gp, a5, 0
core   0: 3 0x80004970 (0x00079193) x 3 0xfffffef2
core   0: 0x80004974 (0x3e6f0513) addi    a0, t5, 998
core   0: 3 0x80004974 (0x3e6f0513) x10 0xfffc6e81
core   0: 0x80004978 (0x0074b533) sltu    a0, s1, t2
core   0: 3 0x80004978 (0x0074b533) x10 0x00000000
core   0: 0x8000497c (0x0099ddb3) srl     s11, s3, s1
core   0: 3 0x8000497c (0x0099ddb3) x27 0x96e80fdf
core   0: 0x80004980 (0xea893c13) sltiu   s8, s2, -344
core   0: 3 0x80004980 (0xea893c13) x24 0x00000001
core   0: 0x80004984 (0x40dc83b3) sub     t2, s9, a3
core   0: 3 0x80004984 (0x40dc83b3) x 7 0x11726ce4
core   0: 0x80004988 (0x6ea32893) slti    a7, t1, 1770
core   0: 3 0x80004988 (0x6ea32893) x17 0x00000001
core   0: 0x8000498c (0x01675fb3) srl     t6, a4, s6
core   0: 3 0x8000498c (0x01675fb3) x31 0x00000000
core   0: 0x80004990 (0x01f57333) and     t1, a0, t6
core   0: 3 0x80004990 (0x01f57333) x 6 0x00000000
core   0: 0x80004994 (0x4106df33) sra     t5, a3, a6
core   0: 3 0x80004994 (0x4106df33) x30 0x6e8ee000
core   0: 0x80004998 (0x00417933) and     s2, sp, tp
core   0: 3 0x80004998 (0x00417933) x18 0x00000000
core   0: 0x8000499c (0x411dd893) srai    a7, s11, 17
core   0: 3 0x8000499c (0x411dd893) x17 0xffffcb74
core   0: 0x800049a0 (0xc3ffe813) ori     a6, t6, -961
core   0: 3 0x800049a0 (0xc3ffe813) x16 0xfffffc3f
core   0: 0x800049a4 (0x00000013) nop
core   0: 3 0x800049a4 (0x00000013)
core   0: 0x800049a8 (0x405b8b33) sub     s6, s7, t0
core   0: 3 0x800049a8 (0x405b8b33) x22 0xf5b0a000
core   0: 0x800049ac (0x40205d33) sra     s10, zero, sp
core   0: 3 0x800049ac (0x40205d33) x26 0x00000000
core   0: 0x800049b0 (0x00000013) nop
core   0: 3 0x800049b0 (0x00000013)
core   0: 0x800049b4 (0x013fda33) srl     s4, t6, s3
core   0: 3 0x800049b4 (0x013fda33) x20 0x00000000
core   0: 0x800049b8 (0xe05ca237) lui     tp, 0xe05ca
core   0: 3 0x800049b8 (0xe05ca237) x 4 0xe05ca000
core   0: 0x800049bc (0x007542b3) xor     t0, a0, t2
core   0: 3 0x800049bc (0x007542b3) x 5 0x11726ce4
core   0: 0x800049c0 (0x00000013) nop
core   0: 3 0x800049c0 (0x00000013)
core   0: 0x800049c4 (0x0044be33) sltu    t3, s1, tp
core   0: 3 0x800049c4 (0x0044be33) x28 0x00000000
core   0: 0x800049c8 (0x4014d2b3) sra     t0, s1, ra
core   0: 3 0x800049c8 (0x4014d2b3) x 5 0xfffffed7
core   0: 0x800049cc (0x005d3fb3) sltu    t6, s10, t0
core   0: 3 0x800049cc (0x005d3fb3) x31 0x00000001
core   0: 0x800049d0 (0x00204db3) xor     s11, zero, sp
core   0: 3 0x800049d0 (0x00204db3) x27 0x01856000
core   0: 0x800049d4 (0x5ad34113) xori    sp, t1, 1453
core   0: 3 0x800049d4 (0x5ad34113) x 2 0x000005ad
core   0: 0x800049d8 (0x01a520b3) slt     ra, a0, s10
core   0: 3 0x800049d8 (0x01a520b3) x 1 0x00000000
core   0: 0x800049dc (0x018d5b13) srli    s6, s10, 24
core   0: 3 0x800049dc (0x018d5b13) x22 0x00000000
core   0: 0x800049e0 (0x0a0cac13) slti    s8, s9, 160
core   0: 3 0x800049e0 (0x0a0cac13) x24 0x00000001
core   0: 0x800049e4 (0x4b48a793) slti    a5, a7, 1204
core   0: 3 0x800049e4 (0x4b48a793) x15 0x00000001
core   0: 0x800049e8 (0xd8eee493) ori     s1, t4, -626
core   0: 3 0x800049e8 (0xd8eee493) x 9 0xfffffd8e
core   0: 0x800049ec (0x2d032f93) slti    t6, t1, 720
core   0: 3 0x800049ec (0x2d032f93) x31 0x00000001
core   0: 0x800049f0 (0x01f2f7b3) and     a5, t0, t6
core   0: 3 0x800049f0 (0x01f2f7b3) x15 0x00000001
core   0: 0x800049f4 (0x016a65b3) or      a1, s4, s6
core   0: 3 0x800049f4 (0x016a65b3) x11 0x00000000
core   0: 0x800049f8 (0x008542b3) xor     t0, a0, s0
core   0: 3 0x800049f8 (0x008542b3) x 5 0x80010e64
core   0: 0x800049fc (0x411a5193) srai    gp, s4, 17
core   0: 3 0x800049fc (0x411a5193) x 3 0x00000000
core   0: 0x80004a00 (0x012d9a13) slli    s4, s11, 18
core   0: 3 0x80004a00 (0x012d9a13) x20 0x80000000
core   0: 0x80004a04 (0x462bff13) andi    t5, s7, 1122
core   0: 3 0x80004a04 (0x462bff13) x30 0x00000000
core   0: 0x80004a08 (0x34224513) xori    a0, tp, 834
core   0: 3 0x80004a08 (0x34224513) x10 0xe05ca342
core   0: 0x80004a0c (0x0089bfb3) sltu    t6, s3, s0
core   0: 3 0x80004a0c (0x0089bfb3) x31 0x00000000
core   0: 0x80004a10 (0x31bbb013) sltiu   zero, s7, 795
core   0: 3 0x80004a10 (0x31bbb013)
core   0: 0x80004a14 (0x00000013) nop
core   0: 3 0x80004a14 (0x00000013)
core   0: 0x80004a18 (0x01b7afb3) slt     t6, a5, s11
core   0: 3 0x80004a18 (0x01b7afb3) x31 0x00000001
core   0: 0x80004a1c (0x002d5e13) srli    t3, s10, 2
core   0: 3 0x80004a1c (0x002d5e13) x28 0x00000000
core   0: 0x80004a20 (0x017fd193) srli    gp, t6, 23
core   0: 3 0x80004a20 (0x017fd193) x 3 0x00000000
core   0: 0x80004a24 (0xe6297113) andi    sp, s2, -414
core   0: 3 0x80004a24 (0xe6297113) x 2 0x00000000
core   0: 0x80004a28 (0xcf456a93) ori     s5, a0, -780
core   0: 3 0x80004a28 (0xcf456a93) x21 0xfffffff6
core   0: 0x80004a2c (0x00001bb3) sll     s7, zero, zero
core   0: 3 0x80004a2c (0x00001bb3) x23 0x00000000
core   0: 0x80004a30 (0x8f4ff613) andi    a2, t6, -1804
core   0: 3 0x80004a30 (0x8f4ff613) x12 0x00000000
core   0: 0x80004a34 (0x018aec33) or      s8, s5, s8
core   0: 3 0x80004a34 (0x018aec33) x24 0xfffffff7
core   0: 0x80004a38 (0x01dc0db3) add     s11, s8, t4
core   0: 3 0x80004a38 (0x01dc0db3) x27 0x7ffffff7
core   0: 0x80004a3c (0x00e5a933) slt     s2, a1, a4
core   0: 3 0x80004a3c (0x00e5a933) x18 0x00000001
core   0: 0x80004a40 (0x01691933) sll     s2, s2, s6
core   0: 3 0x80004a40 (0x01691933) x18 0x00000001
core   0: 0x80004a44 (0x015de8b3) or      a7, s11, s5
core   0: 3 0x80004a44 (0x015de8b3) x17 0xfffffff7
core   0: 0x80004a48 (0x061c6613) ori     a2, s8, 97
core   0: 3 0x80004a48 (0x061c6613) x12 0xfffffff7
core   0: 0x80004a4c (0x01bc9033) sll     zero, s9, s11
core   0: 3 0x80004a4c (0x01bc9033)
core   0: 0x80004a50 (0x5668f893) andi    a7, a7, 1382
core   0: 3 0x80004a50 (0x5668f893) x17 0x00000566
core   0: 0x80004a54 (0x00000013) nop
core   0: 3 0x80004a54 (0x00000013)
core   0: 0x80004a58 (0x0023a533) slt     a0, t2, sp
core   0: 3 0x80004a58 (0x0023a533) x10 0x00000000
core   0: 0x80004a5c (0x95fe4593) xori    a1, t3, -1697
core   0: 3 0x80004a5c (0x95fe4593) x11 0xfffff95f
core   0: 0x80004a60 (0x00e3dfb3) srl     t6, t2, a4
core   0: 3 0x80004a60 (0x00e3dfb3) x31 0x08b93672
core   0: 0x80004a64 (0x00d55593) srli    a1, a0, 13
core   0: 3 0x80004a64 (0x00d55593) x11 0x00000000
core   0: 0x80004a68 (0x010e9533) sll     a0, t4, a6
core   0: 3 0x80004a68 (0x010e9533) x10 0x00000000
core   0: 0x80004a6c (0x00210533) add     a0, sp, sp
core   0: 3 0x80004a6c (0x00210533) x10 0x00000000
core   0: 0x80004a70 (0x00fa0e33) add     t3, s4, a5
core   0: 3 0x80004a70 (0x00fa0e33) x28 0x80000001
core   0: 0x80004a74 (0x2e09c513) xori    a0, s3, 736
core   0: 3 0x80004a74 (0x2e09c513) x10 0x96e80d3f
core   0: 0x80004a78 (0x0076f1b3) and     gp, a3, t2
core   0: 3 0x80004a78 (0x0076f1b3) x 3 0x00026000
core   0: 0x80004a7c (0x40125793) srai    a5, tp, 1
core   0: 3 0x80004a7c (0x40125793) x15 0xf02e5000
core   0: 0x80004a80 (0x01013233) sltu    tp, sp, a6
core   0: 3 0x80004a80 (0x01013233) x 4 0x00000001
core   0: 0x80004a84 (0x004d5613) srli    a2, s10, 4
core   0: 3 0x80004a84 (0x004d5613) x12 0x00000000
core   0: 0x80004a88 (0x00bc1d93) slli    s11, s8, 11
core   0: 3 0x80004a88 (0x00bc1d93) x27 0xffffb800
core   0: 0x80004a8c (0x40fd8733) sub     a4, s11, a5
core   0: 3 0x80004a8c (0x40fd8733) x14 0x0fd16800
core   0: 0x80004a90 (0x01c214b3) sll     s1, tp, t3
core   0: 3 0x80004a90 (0x01c214b3) x 9 0x00000002
core   0: 0x80004a94 (0xb11d2b97) auipc   s7, 0xb11d2
core   0: 3 0x80004a94 (0xb11d2b97) x23 0x311d6a94
core   0: 0x80004a98 (0xc56a8813) addi    a6, s5, -938
core   0: 3 0x80004a98 (0xc56a8813) x16 0xfffffc4c
core   0: 0x80004a9c (0x001bd393) srli    t2, s7, 1
core   0: 3 0x80004a9c (0x001bd393) x 7 0x188eb54a
core   0: 0x80004aa0 (0x003ed493) srli    s1, t4, 3
core   0: 3 0x80004aa0 (0x003ed493) x 9 0x10000000
core   0: 0x80004aa4 (0x01849b93) slli    s7, s1, 24
core   0: 3 0x80004aa4 (0x01849b93) x23 0x00000000
core   0: 0x80004aa8 (0x86c44113) xori    sp, s0, -1940
core   0: 3 0x80004aa8 (0x86c44113) x 2 0x7ffef608
core   0: 0x80004aac (0x410e5493) srai    s1, t3, 16
core   0: 3 0x80004aac (0x410e5493) x 9 0xffff8000
core   0: 0x80004ab0 (0x01eb8fb3) add     t6, s7, t5
core   0: 3 0x80004ab0 (0x01eb8fb3) x31 0x00000000
core   0: 0x80004ab4 (0x00000013) nop
core   0: 3 0x80004ab4 (0x00000013)
core   0: 0x80004ab8 (0x00000013) nop
core   0: 3 0x80004ab8 (0x00000013)
core   0: 0x80004abc (0x2c3b0613) addi    a2, s6, 707
core   0: 3 0x80004abc (0x2c3b0613) x12 0x000002c3
core   0: 0x80004ac0 (0x196d1337) lui     t1, 0x196d1
core   0: 3 0x80004ac0 (0x196d1337) x 6 0x196d1000
core   0: 0x80004ac4 (0x00d5e9b3) or      s3, a1, a3
core   0: 3 0x80004ac4 (0x00d5e9b3) x19 0x6e8ee000
core   0: 0x80004ac8 (0x6c544013) xori    zero, s0, 1733
core   0: 3 0x80004ac8 (0x6c544013)
core   0: 0x80004acc (0x00ff1213) slli    tp, t5, 15
core   0: 3 0x80004acc (0x00ff1213) x 4 0x00000000
core   0: 0x80004ad0 (0x70603d13) sltiu   s10, zero, 1798
core   0: 3 0x80004ad0 (0x70603d13) x26 0x00000001
core   0: 0x80004ad4 (0x00f77fb3) and     t6, a4, a5
core   0: 3 0x80004ad4 (0x00f77fb3) x31 0x00004000
core   0: 0x80004ad8 (0x00eada93) srli    s5, s5, 14
core   0: 3 0x80004ad8 (0x00eada93) x21 0x0003ffff
core   0: 0x80004adc (0xc8d94d13) xori    s10, s2, -883
core   0: 3 0x80004adc (0xc8d94d13) x26 0xfffffc8c
core   0: 0x80004ae0 (0x01a09493) slli    s1, ra, 26
core   0: 3 0x80004ae0 (0x01a09493) x 9 0x00000000
core   0: 0x80004ae4 (0x00381833) sll     a6, a6, gp
core   0: 3 0x80004ae4 (0x00381833) x16 0xfffffc4c
core   0: 0x80004ae8 (0xaf710a93) addi    s5, sp, -1289
core   0: 3 0x80004ae8 (0xaf710a93) x21 0x7ffef0ff
core   0: 0x80004aec (0xe4222b13) slti    s6, tp, -446
core   0: 3 0x80004aec (0xe4222b13) x22 0x00000000
core   0: 0x80004af0 (0x8307ce13) xori    t3, a5, -2000
core   0: 3 0x80004af0 (0x8307ce13) x28 0x0fd1a830
core   0: 0x80004af4 (0x01709133) sll     sp, ra, s7
core   0: 3 0x80004af4 (0x01709133) x 2 0x00000000
core   0: 0x80004af8 (0x01f84c33) xor     s8, a6, t6
core   0: 3 0x80004af8 (0x01f84c33) x24 0xffffbc4c
core   0: 0x80004afc (0xe44dc693) xori    a3, s11, -444
core   0: 3 0x80004afc (0xe44dc693) x13 0x00004644
core   0: 0x80004b00 (0x016d90b3) sll     ra, s11, s6
core   0: 3 0x80004b00 (0x016d90b3) x 1 0xffffb800
core   0: 0x80004b04 (0x7cb0b493) sltiu   s1, ra, 1995
core   0: 3 0x80004b04 (0x7cb0b493) x 9 0x00000000
core   0: 0x80004b08 (0x0529bb13) sltiu   s6, s3, 82
core   0: 3 0x80004b08 (0x0529bb13) x22 0x00000000
core   0: 0x80004b0c (0x402d80b3) sub     ra, s11, sp
core   0: 3 0x80004b0c (0x402d80b3) x 1 0xffffb800
core   0: 0x80004b10 (0x00445893) srli    a7, s0, 4
core   0: 3 0x80004b10 (0x00445893) x17 0x080010e6
core   0: 0x80004b14 (0x00c6c633) xor     a2, a3, a2
core   0: 3 0x80004b14 (0x00c6c633) x12 0x00004487
core   0: 0x80004b18 (0x00ec5713) srli    a4, s8, 14
core   0: 3 0x80004b18 (0x00ec5713) x14 0x0003fffe
core   0: 0x80004b1c (0x00627db3) and     s11, tp, t1
core   0: 3 0x80004b1c (0x00627db3) x27 0x00000000
core   0: 0x80004b20 (0x0537e513) ori     a0, a5, 83
core   0: 3 0x80004b20 (0x0537e513) x10 0xf02e5053
core   0: 0x80004b24 (0xdd957b93) andi    s7, a0, -551
core   0: 3 0x80004b24 (0xdd957b93) x23 0xf02e5051
core   0: 0x80004b28 (0xacf1b193) sltiu   gp, gp, -1329
core   0: 3 0x80004b28 (0xacf1b193) x 3 0x00000001
core   0: 0x80004b2c (0x41c5db93) srai    s7, a1, 28
core   0: 3 0x80004b2c (0x41c5db93) x23 0x00000000
core   0: 0x80004b30 (0xf29e3113) sltiu   sp, t3, -215
core   0: 3 0x80004b30 (0xf29e3113) x 2 0x00000001
core   0: 0x80004b34 (0x000bc033) xor     zero, s7, zero
core   0: 3 0x80004b34 (0x000bc033)
core   0: 0x80004b38 (0x00b5f2b3) and     t0, a1, a1
core   0: 3 0x80004b38 (0x00b5f2b3) x 5 0x00000000
core   0: 0x80004b3c (0x9466b193) sltiu   gp, a3, -1722
core   0: 3 0x80004b3c (0x9466b193) x 3 0x00000001
core   0: 0x80004b40 (0x3a1b7993) andi    s3, s6, 929
core   0: 3 0x80004b40 (0x3a1b7993) x19 0x00000000
core   0: 0x80004b44 (0xb126f213) andi    tp, a3, -1262
core   0: 3 0x80004b44 (0xb126f213) x 4 0x00004200
core   0: 0x80004b48 (0x8aa97393) andi    t2, s2, -1878
core   0: 3 0x80004b48 (0x8aa97393) x 7 0x00000000
core   0: 0x80004b4c (0x95600c13) li      s8, -1706
core   0: 3 0x80004b4c (0x95600c13) x24 0xfffff956
core   0: 0x80004b50 (0x677a8993) addi    s3, s5, 1655
core   0: 3 0x80004b50 (0x677a8993) x19 0x7ffef776
core   0: 0x80004b54 (0x41890f33) sub     t5, s2, s8
core   0: 3 0x80004b54 (0x41890f33) x30 0x000006ab
core   0: 0x80004b58 (0x01379613) slli    a2, a5, 19
core   0: 3 0x80004b58 (0x01379613) x12 0x80000000
core   0: 0x80004b5c (0xdcfac813) xori    a6, s5, -561
core   0: 3 0x80004b5c (0xdcfac813) x16 0x80010d30
core   0: 0x80004b60 (0x01f59f93) slli    t6, a1, 31
core   0: 3 0x80004b60 (0x01f59f93) x31 0x00000000
core   0: 0x80004b64 (0x0041b033) sltu    zero, gp, tp
core   0: 3 0x80004b64 (0x0041b033)
core   0: 0x80004b68 (0x006cfbb3) and     s7, s9, t1
core   0: 3 0x80004b68 (0x006cfbb3) x23 0x00010000
core   0: 0x80004b6c (0xfecbbf17) auipc   t5, 0xfecbb
core   0: 3 0x80004b6c (0xfecbbf17) x30 0x7ecbfb6c
core   0: 0x80004b70 (0x019d9d33) sll     s10, s11, s9
core   0: 3 0x80004b70 (0x019d9d33) x26 0x00000000
core   0: 0x80004b74 (0x41b45b93) srai    s7, s0, 27
core   0: 3 0x80004b74 (0x41b45b93) x23 0xfffffff0
core   0: 0x80004b78 (0x73fa2a93) slti    s5, s4, 1855
core   0: 3 0x80004b78 (0x73fa2a93) x21 0x00000001
core   0: 0x80004b7c (0xd182bdb7) lui     s11, 0xd182b
core   0: 3 0x80004b7c (0xd182bdb7) x27 0xd182b000
core   0: 0x80004b80 (0xa7915817) auipc   a6, 0xa7915
core   0: 3 0x80004b80 (0xa7915817) x16 0x27919b80
core   0: 0x80004b84 (0x01c474b3) and     s1, s0, t3
core   0: 3 0x80004b84 (0x01c474b3) x 9 0x00010820
core   0: 0x80004b88 (0x7014a813) slti    a6, s1, 1793
core   0: 3 0x80004b88 (0x7014a813) x16 0x00000000
core   0: 0x80004b8c (0x005c87b3) add     a5, s9, t0
core   0: 3 0x80004b8c (0x005c87b3) x15 0x80014ce4
core   0: 0x80004b90 (0xc36e4e13) xori    t3, t3, -970
core   0: 3 0x80004b90 (0xc36e4e13) x28 0xf02e5406
core   0: 0x80004b94 (0x014fdbb3) srl     s7, t6, s4
core   0: 3 0x80004b94 (0x014fdbb3) x23 0x00000000
core   0: 0x80004b98 (0x40a95913) srai    s2, s2, 10
core   0: 3 0x80004b98 (0x40a95913) x18 0x00000000
core   0: 0x80004b9c (0x01e01693) slli    a3, zero, 30
core   0: 3 0x80004b9c (0x01e01693) x13 0x00000000
core   0: 0x80004ba0 (0x01ade2b3) or      t0, s11, s10
core   0: 3 0x80004ba0 (0x01ade2b3) x 5 0xd182b000
core   0: 0x80004ba4 (0x00154ab3) xor     s5, a0, ra
core   0: 3 0x80004ba4 (0x00154ab3) x21 0x0fd1e853
core   0: 0x80004ba8 (0xddf07693) andi    a3, zero, -545
core   0: 3 0x80004ba8 (0xddf07693) x13 0x00000000
core   0: 0x80004bac (0xcab6cb37) lui     s6, 0xcab6c
core   0: 3 0x80004bac (0xcab6cb37) x22 0xcab6c000
core   0: 0x80004bb0 (0x01e60c33) add     s8, a2, t5
core   0: 3 0x80004bb0 (0x01e60c33) x24 0xfecbfb6c
core   0: 0x80004bb4 (0x01b8e4b3) or      s1, a7, s11
core   0: 3 0x80004bb4 (0x01b8e4b3) x 9 0xd982b0e6
core   0: 0x80004bb8 (0xbebd8a93) addi    s5, s11, -1045
core   0: 3 0x80004bb8 (0xbebd8a93) x21 0xd182abeb
core   0: 0x80004bbc (0x01424b33) xor     s6, tp, s4
core   0: 3 0x80004bbc (0x01424b33) x22 0x80004200
core   0: 0x80004bc0 (0x00ee6233) or      tp, t3, a4
core   0: 3 0x80004bc0 (0x00ee6233) x 4 0xf02ffffe
core   0: 0x80004bc4 (0xf1a5f993) andi    s3, a1, -230
core   0: 3 0x80004bc4 (0xf1a5f993) x19 0x00000000
core   0: 0x80004bc8 (0x00000013) nop
core   0: 3 0x80004bc8 (0x00000013)
core   0: 0x80004bcc (0x01ffebb3) or      s7, t6, t6
core   0: 3 0x80004bcc (0x01ffebb3) x23 0x00000000
core   0: 0x80004bd0 (0x6795bc13) sltiu   s8, a1, 1657
core   0: 3 0x80004bd0 (0x6795bc13) x24 0x00000001
core   0: 0x80004bd4 (0x54fa99b7) lui     s3, 0x54fa9
core   0: 3 0x80004bd4 (0x54fa99b7) x19 0x54fa9000
core   0: 0x80004bd8 (0x00f41513) slli    a0, s0, 15
core   0: 3 0x80004bd8 (0x00f41513) x10 0x87320000
core   0: 0x80004bdc (0x0059a533) slt     a0, s3, t0
core   0: 3 0x80004bdc (0x0059a533) x10 0x00000000
core   0: 0x80004be0 (0x0009dc13) srli    s8, s3, 0
core   0: 3 0x80004be0 (0x0009dc13) x24 0x54fa9000
core   0: 0x80004be4 (0x12a08393) addi    t2, ra, 298
core   0: 3 0x80004be4 (0x12a08393) x 7 0xffffb92a
core   0: 0x80004be8 (0x38687393) andi    t2, a6, 902
core   0: 3 0x80004be8 (0x38687393) x 7 0x00000000
core   0: 0x80004bec (0xb30f8c13) addi    s8, t6, -1232
core   0: 3 0x80004bec (0xb30f8c13) x24 0xfffffb30
core   0: 0x80004bf0 (0x00000013) nop
core   0: 3 0x80004bf0 (0x00000013)
core   0: 0x80004bf4 (0x017ed5b3) srl     a1, t4, s7
core   0: 3 0x80004bf4 (0x017ed5b3) x11 0x80000000
core   0: 0x80004bf8 (0x67b5cf13) xori    t5, a1, 1659
core   0: 3 0x80004bf8 (0x67b5cf13) x30 0x8000067b
core   0: 0x80004bfc (0xb1710993) addi    s3, sp, -1257
core   0: 3 0x80004bfc (0xb1710993) x19 0xfffffb18
core   0: 0x80004c00 (0x013d9a93) slli    s5, s11, 19
core   0: 3 0x80004c00 (0x013d9a93) x21 0x80000000
core   0: 0x80004c04 (0x01a9adb3) slt     s11, s3, s10
core   0: 3 0x80004c04 (0x01a9adb3) x27 0x00000001
core   0: 0x80004c08 (0x00bb39b3) sltu    s3, s6, a1
core   0: 3 0x80004c08 (0x00bb39b3) x19 0x00000000
core   0: 0x80004c0c (0xf6fa8997) auipc   s3, 0xf6fa8
core   0: 3 0x80004c0c (0xf6fa8997) x19 0x76facc0c
core   0: 0x80004c10 (0x1a376613) ori     a2, a4, 419
core   0: 3 0x80004c10 (0x1a376613) x12 0x0003ffff
core   0: 0x80004c14 (0x2c7d4917) auipc   s2, 0x2c7d4
core   0: 3 0x80004c14 (0x2c7d4917) x18 0xac7d8c14
core   0: 0x80004c18 (0x01ae9d33) sll     s10, t4, s10
core   0: 3 0x80004c18 (0x01ae9d33) x26 0x80000000
core   0: 0x80004c1c (0x00a2d2b3) srl     t0, t0, a0
core   0: 3 0x80004c1c (0x00a2d2b3) x 5 0xd182b000
core   0: 0x80004c20 (0x68dafd93) andi    s11, s5, 1677
core   0: 3 0x80004c20 (0x68dafd93) x27 0x00000000
core   0: 0x80004c24 (0x015a5c33) srl     s8, s4, s5
core   0: 3 0x80004c24 (0x015a5c33) x24 0x80000000
core   0: 0x80004c28 (0x00357f33) and     t5, a0, gp
core   0: 3 0x80004c28 (0x00357f33) x30 0x00000000
core   0: 0x80004c2c (0xfc9a3713) sltiu   a4, s4, -55
core   0: 3 0x80004c2c (0xfc9a3713) x14 0x00000001
core   0: 0x80004c30 (0x00edcd33) xor     s10, s11, a4
core   0: 3 0x80004c30 (0x00edcd33) x26 0x00000001
core   0: 0x80004c34 (0x00b55e33) srl     t3, a0, a1
core   0: 3 0x80004c34 (0x00b55e33) x28 0x00000000
core   0: 0x80004c38 (0x4163dc33) sra     s8, t2, s6
core   0: 3 0x80004c38 (0x4163dc33) x24 0x00000000
core   0: 0x80004c3c (0x408de197) auipc   gp, 0x408de
core   0: 3 0x80004c3c (0x408de197) x 3 0xc08e2c3c
core   0: 0x80004c40 (0x404401b3) sub     gp, s0, tp
core   0: 3 0x80004c40 (0x404401b3) x 3 0x8fd10e66
core   0: 0x80004c44 (0x01f302b3) add     t0, t1, t6
core   0: 3 0x80004c44 (0x01f302b3) x 5 0x196d1000
core   0: 0x80004c48 (0x01972e33) slt     t3, a4, s9
core   0: 3 0x80004c48 (0x01972e33) x28 0x00000000
core   0: 0x80004c4c (0x01681833) sll     a6, a6, s6
core   0: 3 0x80004c4c (0x01681833) x16 0x00000000
core   0: 0x80004c50 (0x1412b793) sltiu   a5, t0, 321
core   0: 3 0x80004c50 (0x1412b793) x15 0x00000000
core   0: 0x80004c54 (0x7a4a2213) slti    tp, s4, 1956
core   0: 3 0x80004c54 (0x7a4a2213) x 4 0x00000001
core   0: 0x80004c58 (0xccfc6b93) ori     s7, s8, -817
core   0: 3 0x80004c58 (0xccfc6b93) x23 0xfffffccf
core   0: 0x80004c5c (0x00bea333) slt     t1, t4, a1
core   0: 3 0x80004c5c (0x00bea333) x 6 0x00000000
core   0: 0x80004c60 (0x410ade13) srai    t3, s5, 16
core   0: 3 0x80004c60 (0x410ade13) x28 0xffff8000
core   0: 0x80004c64 (0x40575f13) srai    t5, a4, 5
core   0: 3 0x80004c64 (0x40575f13) x30 0x00000000
core   0: 0x80004c68 (0xe2203c13) sltiu   s8, zero, -478
core   0: 3 0x80004c68 (0xe2203c13) x24 0x00000001
core   0: 0x80004c6c (0x001009b3) add     s3, zero, ra
core   0: 3 0x80004c6c (0x001009b3) x19 0xffffb800
core   0: 0x80004c70 (0x416fdd93) srai    s11, t6, 22
core   0: 3 0x80004c70 (0x416fdd93) x27 0x00000000
core   0: 0x80004c74 (0x00828ab3) add     s5, t0, s0
core   0: 3 0x80004c74 (0x00828ab3) x21 0x996e1e64
core   0: 0x80004c78 (0x405ed593) srai    a1, t4, 5
core   0: 3 0x80004c78 (0x405ed593) x11 0xfc000000
core   0: 0x80004c7c (0xe2630693) addi    a3, t1, -474
core   0: 3 0x80004c7c (0xe2630693) x13 0xfffffe26
core   0: 0x80004c80 (0x0133d3b3) srl     t2, t2, s3
core   0: 3 0x80004c80 (0x0133d3b3) x 7 0x00000000
core   0: 0x80004c84 (0xb4adbe13) sltiu   t3, s11, -1206
core   0: 3 0x80004c84 (0xb4adbe13) x28 0x00000001
core   0: 0x80004c88 (0xfcc08793) addi    a5, ra, -52
core   0: 3 0x80004c88 (0xfcc08793) x15 0xffffb7cc
core   0: 0x80004c8c (0x01cbe5b3) or      a1, s7, t3
core   0: 3 0x80004c8c (0x01cbe5b3) x11 0xfffffccf
core   0: 0x80004c90 (0x57313693) sltiu   a3, sp, 1395
core   0: 3 0x80004c90 (0x57313693) x13 0x00000001
core   0: 0x80004c94 (0x013f5e33) srl     t3, t5, s3
core   0: 3 0x80004c94 (0x013f5e33) x28 0x00000000
core   0: 0x80004c98 (0x409cd733) sra     a4, s9, s1
core   0: 3 0x80004c98 (0x409cd733) x14 0xfe000533
core   0: 0x80004c9c (0x0109f833) and     a6, s3, a6
core   0: 3 0x80004c9c (0x0109f833) x16 0x00000000
core   0: 0x80004ca0 (0x00000013) nop
core   0: 3 0x80004ca0 (0x00000013)
core   0: 0x80004ca4 (0x41e0d933) sra     s2, ra, t5
core   0: 3 0x80004ca4 (0x41e0d933) x18 0xffffb800
core   0: 0x80004ca8 (0x015d4d33) xor     s10, s10, s5
core   0: 3 0x80004ca8 (0x015d4d33) x26 0x996e1e65
core   0: 0x80004cac (0x006dd933) srl     s2, s11, t1
core   0: 3 0x80004cac (0x006dd933) x18 0x00000000
core   0: 0x80004cb0 (0x731fed13) ori     s10, t6, 1841
core   0: 3 0x80004cb0 (0x731fed13) x26 0x00000731
core   0: 0x80004cb4 (0x01cfd093) srli    ra, t6, 28
core   0: 3 0x80004cb4 (0x01cfd093) x 1 0x00000000
core   0: 0x80004cb8 (0x40350233) sub     tp, a0, gp
core   0: 3 0x80004cb8 (0x40350233) x 4 0x702ef19a
core   0: 0x80004cbc (0x01a165b3) or      a1, sp, s10
core   0: 3 0x80004cbc (0x01a165b3) x11 0x00000731
core   0: 0x80004cc0 (0x30870f93) addi    t6, a4, 776
core   0: 3 0x80004cc0 (0x30870f93) x31 0xfe00083b
core   0: 0x80004cc4 (0x00e93b33) sltu    s6, s2, a4
core   0: 3 0x80004cc4 (0x00e93b33) x22 0x00000001
core   0: 0x80004cc8 (0xb2de2e13) slti    t3, t3, -1235
core   0: 3 0x80004cc8 (0xb2de2e13) x28 0x00000000
core   0: 0x80004ccc (0x4169d6b3) sra     a3, s3, s6
core   0: 3 0x80004ccc (0x4169d6b3) x13 0xffffdc00
core   0: 0x80004cd0 (0x018368b3) or      a7, t1, s8
core   0: 3 0x80004cd0 (0x018368b3) x17 0x00000001
core   0: 0x80004cd4 (0xced41297) auipc   t0, 0xced41
core   0: 3 0x80004cd4 (0xced41297) x 5 0x4ed45cd4
core   0: 0x80004cd8 (0x0ef62393) slti    t2, a2, 239
core   0: 3 0x80004cd8 (0x0ef62393) x 7 0x00000000
core   0: 0x80004cdc (0x00000013) nop
core   0: 3 0x80004cdc (0x00000013)
core   0: 0x80004ce0 (0x01b11793) slli    a5, sp, 27
core   0: 3 0x80004ce0 (0x01b11793) x15 0x08000000
core   0: 0x80004ce4 (0x01a89d93) slli    s11, a7, 26
core   0: 3 0x80004ce4 (0x01a89d93) x27 0x04000000
core   0: 0x80004ce8 (0x001f5d13) srli    s10, t5, 1
core   0: 3 0x80004ce8 (0x001f5d13) x26 0x00000000
core   0: 0x80004cec (0x014f9233) sll     tp, t6, s4
core   0: 3 0x80004cec (0x014f9233) x 4 0xfe00083b
core   0: 0x80004cf0 (0x422bb113) sltiu   sp, s7, 1058
core   0: 3 0x80004cf0 (0x422bb113) x 2 0x00000000
core   0: 0x80004cf4 (0x01769c13) slli    s8, a3, 23
core   0: 3 0x80004cf4 (0x01769c13) x24 0x00000000
core   0: 0x80004cf8 (0x010cc4b3) xor     s1, s9, a6
core   0: 3 0x80004cf8 (0x010cc4b3) x 9 0x80014ce4
core   0: 0x80004cfc (0x411bd213) srai    tp, s7, 17
core   0: 3 0x80004cfc (0x411bd213) x 4 0xffffffff
core   0: 0x80004d00 (0x4609cf17) auipc   t5, 0x4609c
core   0: 3 0x80004d00 (0x4609cf17) x30 0xc60a0d00
core   0: 0x80004d04 (0x00b9fb33) and     s6, s3, a1
core   0: 3 0x80004d04 (0x00b9fb33) x22 0x00000000
core   0: 0x80004d08 (0xfcc8eb97) auipc   s7, 0xfcc8e
core   0: 3 0x80004d08 (0xfcc8eb97) x23 0x7cc92d08
core   0: 0x80004d0c (0x0083a2b3) slt     t0, t2, s0
core   0: 3 0x80004d0c (0x0083a2b3) x 5 0x00000000
core   0: 0x80004d10 (0x232fba93) sltiu   s5, t6, 562
core   0: 3 0x80004d10 (0x232fba93) x21 0x00000000
core   0: 0x80004d14 (0x928bf513) andi    a0, s7, -1752
core   0: 3 0x80004d14 (0x928bf513) x10 0x7cc92908
core   0: 0x80004d18 (0x236b3f93) sltiu   t6, s6, 566
core   0: 3 0x80004d18 (0x236b3f93) x31 0x00000001
core   0: 0x80004d1c (0x010a9713) slli    a4, s5, 16
core   0: 3 0x80004d1c (0x010a9713) x14 0x00000000
core   0: 0x80004d20 (0x00000013) nop
core   0: 3 0x80004d20 (0x00000013)
core   0: 0x80004d24 (0x75eea793) slti    a5, t4, 1886
core   0: 3 0x80004d24 (0x75eea793) x15 0x00000001
core   0: 0x80004d28 (0xcba87d93) andi    s11, a6, -838
core   0: 3 0x80004d28 (0xcba87d93) x27 0x00000000
core   0: 0x80004d2c (0x8740e813) ori     a6, ra, -1932
core   0: 3 0x80004d2c (0x8740e813) x16 0xfffff874
core   0: 0x80004d30 (0x00910f33) add     t5, sp, s1
core   0: 3 0x80004d30 (0x00910f33) x30 0x80014ce4
core   0: 0x80004d34 (0x01b10233) add     tp, sp, s11
core   0: 3 0x80004d34 (0x01b10233) x 4 0x00000000
core   0: 0x80004d38 (0x00a1a633) slt     a2, gp, a0
core   0: 3 0x80004d38 (0x00a1a633) x12 0x00000001
core   0: 0x80004d3c (0x0158da33) srl     s4, a7, s5
core   0: 3 0x80004d3c (0x0158da33) x20 0x00000001
core   0: 0x80004d40 (0x00000013) nop
core   0: 3 0x80004d40 (0x00000013)
core   0: 0x80004d44 (0x010bbdb3) sltu    s11, s7, a6
core   0: 3 0x80004d44 (0x010bbdb3) x27 0x00000001
core   0: 0x80004d48 (0x017a8d33) add     s10, s5, s7
core   0: 3 0x80004d48 (0x017a8d33) x26 0x7cc92d08
core   0: 0x80004d4c (0xb2c59497) auipc   s1, 0xb2c59
core   0: 3 0x80004d4c (0xb2c59497) x 9 0x32c5dd4c
core   0: 0x80004d50 (0x3357e693) ori     a3, a5, 821
core   0: 3 0x80004d50 (0x3357e693) x13 0x00000335
core   0: 0x80004d54 (0x01eef0b3) and     ra, t4, t5
core   0: 3 0x80004d54 (0x01eef0b3) x 1 0x80000000
core   0: 0x80004d58 (0x00bcd293) srli    t0, s9, 11
core   0: 3 0x80004d58 (0x00bcd293) x 5 0x00100029
core   0: 0x80004d5c (0x0182e1b3) or      gp, t0, s8
core   0: 3 0x80004d5c (0x0182e1b3) x 3 0x00100029
core   0: 0x80004d60 (0x03a1bb13) sltiu   s6, gp, 58
core   0: 3 0x80004d60 (0x03a1bb13) x22 0x00000000
core   0: 0x80004d64 (0x0132abb3) slt     s7, t0, s3
core   0: 3 0x80004d64 (0x0132abb3) x23 0x00000000
core   0: 0x80004d68 (0xf45d0e13) addi    t3, s10, -187
core   0: 3 0x80004d68 (0xf45d0e13) x28 0x7cc92c4d
core   0: 0x80004d6c (0x4979d7b7) lui     a5, 0x4979d
core   0: 3 0x80004d6c (0x4979d7b7) x15 0x4979d000
core   0: 0x80004d70 (0x5c2b3893) sltiu   a7, s6, 1474
core   0: 3 0x80004d70 (0x5c2b3893) x17 0x00000001
core   0: 0x80004d74 (0x00000013) nop
core   0: 3 0x80004d74 (0x00000013)
core   0: 0x80004d78 (0xfc398913) addi    s2, s3, -61
core   0: 3 0x80004d78 (0xfc398913) x18 0xffffb7c3
core   0: 0x80004d7c (0x004ff533) and     a0, t6, tp
core   0: 3 0x80004d7c (0x004ff533) x10 0x00000000
core   0: 0x80004d80 (0x00000013) nop
core   0: 3 0x80004d80 (0x00000013)
core   0: 0x80004d84 (0xb1acf737) lui     a4, 0xb1acf
core   0: 3 0x80004d84 (0xb1acf737) x14 0xb1acf000
core   0: 0x80004d88 (0xa028e297) auipc   t0, 0xa028e
core   0: 3 0x80004d88 (0xa028e297) x 5 0x20292d88
core   0: 0x80004d8c (0x00d0e6b3) or      a3, ra, a3
core   0: 3 0x80004d8c (0x00d0e6b3) x13 0x80000335
core   0: 0x80004d90 (0xa3822a93) slti    s5, tp, -1480
core   0: 3 0x80004d90 (0xa3822a93) x21 0x00000000
core   0: 0x80004d94 (0x64f3e497) auipc   s1, 0x64f3e
core   0: 3 0x80004d94 (0x64f3e497) x 9 0xe4f42d94
core   0: 0x80004d98 (0x0110b733) sltu    a4, ra, a7
core   0: 3 0x80004d98 (0x0110b733) x14 0x00000000
core   0: 0x80004d9c (0x017c1a93) slli    s5, s8, 23
core   0: 3 0x80004d9c (0x017c1a93) x21 0x00000000
core   0: 0x80004da0 (0x00ff2133) slt     sp, t5, a5
core   0: 3 0x80004da0 (0x00ff2133) x 2 0x00000001
core   0: 0x80004da4 (0x0124d993) srli    s3, s1, 18
core   0: 3 0x80004da4 (0x0124d993) x19 0x0000393d
core   0: 0x80004da8 (0xb52d0893) addi    a7, s10, -1198
core   0: 3 0x80004da8 (0xb52d0893) x17 0x7cc9285a
core   0: 0x80004dac (0x001ff833) and     a6, t6, ra
core   0: 3 0x80004dac (0x001ff833) x16 0x00000000
core   0: 0x80004db0 (0xc94ef813) andi    a6, t4, -876
core   0: 3 0x80004db0 (0xc94ef813) x16 0x80000000
core   0: 0x80004db4 (0xa6aeec13) ori     s8, t4, -1430
core   0: 3 0x80004db4 (0xa6aeec13) x24 0xfffffa6a
core   0: 0x80004db8 (0x1c982997) auipc   s3, 0x1c982
core   0: 3 0x80004db8 (0x1c982997) x19 0x9c986db8
core   0: 0x80004dbc (0xf3939517) auipc   a0, 0xf3939
core   0: 3 0x80004dbc (0xf3939517) x10 0x7393ddbc
core   0: 0x80004dc0 (0x014601b3) add     gp, a2, s4
core   0: 3 0x80004dc0 (0x014601b3) x 3 0x00000002
core   0: 0x80004dc4 (0x00000013) nop
core   0: 3 0x80004dc4 (0x00000013)
core   0: 0x80004dc8 (0x00ce9e13) slli    t3, t4, 12
core   0: 3 0x80004dc8 (0x00ce9e13) x28 0x00000000
core   0: 0x80004dcc (0x2e8dffb7) lui     t6, 0x2e8df
core   0: 3 0x80004dcc (0x2e8dffb7) x31 0x2e8df000
core   0: 0x80004dd0 (0x00ff0db3) add     s11, t5, a5
core   0: 3 0x80004dd0 (0x00ff0db3) x27 0xc97b1ce4
core   0: 0x80004dd4 (0x8a5cb913) sltiu   s2, s9, -1883
core   0: 3 0x80004dd4 (0x8a5cb913) x18 0x00000001
core   0: 0x80004dd8 (0x407dd4b3) sra     s1, s11, t2
core   0: 3 0x80004dd8 (0x407dd4b3) x 9 0xc97b1ce4
core   0: 0x80004ddc (0xf9795b97) auipc   s7, 0xf9795
core   0: 3 0x80004ddc (0xf9795b97) x23 0x79799ddc
core   0: 0x80004de0 (0x01f84ab3) xor     s5, a6, t6
core   0: 3 0x80004de0 (0x01f84ab3) x21 0xae8df000
core   0: 0x80004de4 (0xd9fec193) xori    gp, t4, -609
core   0: 3 0x80004de4 (0xd9fec193) x 3 0x7ffffd9f
core   0: 0x80004de8 (0x6bd03613) sltiu   a2, zero, 1725
core   0: 3 0x80004de8 (0x6bd03613) x12 0x00000001
core   0: 0x80004dec (0x01e546b3) xor     a3, a0, t5
core   0: 3 0x80004dec (0x01e546b3) x13 0xf3929158
core   0: 0x80004df0 (0x8cf1cb13) xori    s6, gp, -1841
core   0: 3 0x80004df0 (0x8cf1cb13) x22 0x80000550
core   0: 0x80004df4 (0x453ffd93) andi    s11, t6, 1107
core   0: 3 0x80004df4 (0x453ffd93) x27 0x00000000
core   0: 0x80004df8 (0x00255933) srl     s2, a0, sp
core   0: 3 0x80004df8 (0x00255933) x18 0x39c9eede
core   0: 0x80004dfc (0x013bb1b3) sltu    gp, s7, s3
core   0: 3 0x80004dfc (0x013bb1b3) x 3 0x00000001
core   0: 0x80004e00 (0x85dc8913) addi    s2, s9, -1955
core   0: 3 0x80004e00 (0x85dc8913) x18 0x80014541
core   0: 0x80004e04 (0x0b580013) addi    zero, a6, 181
core   0: 3 0x80004e04 (0x0b580013)
core   0: 0x80004e08 (0x406d5a13) srai    s4, s10, 6
core   0: 3 0x80004e08 (0x406d5a13) x20 0x01f324b4
core   0: 0x80004e0c (0x8eed4093) xori    ra, s10, -1810
core   0: 3 0x80004e0c (0x8eed4093) x 1 0x8336d5e6
core   0: 0x80004e10 (0x1d373013) sltiu   zero, a4, 467
core   0: 3 0x80004e10 (0x1d373013)
core   0: 0x80004e14 (0xaa81e793) ori     a5, gp, -1368
core   0: 3 0x80004e14 (0xaa81e793) x15 0xfffffaa9
core   0: 0x80004e18 (0x0038f733) and     a4, a7, gp
core   0: 3 0x80004e18 (0x0038f733) x14 0x00000000
core   0: 0x80004e1c (0x019460b3) or      ra, s0, s9
core   0: 3 0x80004e1c (0x019460b3) x 1 0x80014ee4
core   0: 0x80004e20 (0x40945f13) srai    t5, s0, 9
core   0: 3 0x80004e20 (0x40945f13) x30 0xffc00087
core   0: 0x80004e24 (0x3d84b313) sltiu   t1, s1, 984
core   0: 3 0x80004e24 (0x3d84b313) x 6 0x00000000
core   0: 0x80004e28 (0x01b20bb3) add     s7, tp, s11
core   0: 3 0x80004e28 (0x01b20bb3) x23 0x00000000
core   0: 0x80004e2c (0x511984b7) lui     s1, 0x51198
core   0: 3 0x80004e2c (0x511984b7) x 9 0x51198000
core   0: 0x80004e30 (0x00c65e33) srl     t3, a2, a2
core   0: 3 0x80004e30 (0x00c65e33) x28 0x00000000
core   0: 0x80004e34 (0x410e5db3) sra     s11, t3, a6
core   0: 3 0x80004e34 (0x410e5db3) x27 0x00000000
core   0: 0x80004e38 (0x00000013) nop
core   0: 3 0x80004e38 (0x00000013)
core   0: 0x80004e3c (0x01899a33) sll     s4, s3, s8
core   0: 3 0x80004e3c (0x01899a33) x20 0x61b6e000
core   0: 0x80004e40 (0x41275c33) sra     s8, a4, s2
core   0: 3 0x80004e40 (0x41275c33) x24 0x00000000
core   0: 0x80004e44 (0x01c71e33) sll     t3, a4, t3
core   0: 3 0x80004e44 (0x01c71e33) x28 0x00000000
core   0: 0x80004e48 (0x416e5293) srai    t0, t3, 22
core   0: 3 0x80004e48 (0x416e5293) x 5 0x00000000
core   0: 0x80004e4c (0xd7687e13) andi    t3, a6, -650
core   0: 3 0x80004e4c (0xd7687e13) x28 0x80000000
core   0: 0x80004e50 (0x43e7be13) sltiu   t3, a5, 1086
core   0: 3 0x80004e50 (0x43e7be13) x28 0x00000000
core   0: 0x80004e54 (0x016894b3) sll     s1, a7, s6
core   0: 3 0x80004e54 (0x016894b3) x 9 0x285a0000
core   0: 0x80004e58 (0x9c2c7c13) andi    s8, s8, -1598
core   0: 3 0x80004e58 (0x9c2c7c13) x24 0x00000000
core   0: 0x80004e5c (0x01e29113) slli    sp, t0, 30
core   0: 3 0x80004e5c (0x01e29113) x 2 0x00000000
core   0: 0x80004e60 (0x00000013) nop
core   0: 3 0x80004e60 (0x00000013)
core   0: 0x80004e64 (0x410df113) andi    sp, s11, 1040
core   0: 3 0x80004e64 (0x410df113) x 2 0x00000000
core   0: 0x80004e68 (0x01429393) slli    t2, t0, 20
core   0: 3 0x80004e68 (0x01429393) x 7 0x00000000
core   0: 0x80004e6c (0x1a948e13) addi    t3, s1, 425
core   0: 3 0x80004e6c (0x1a948e13) x28 0x285a01a9
core   0: 0x80004e70 (0x011f41b3) xor     gp, t5, a7
core   0: 3 0x80004e70 (0x011f41b3) x 3 0x830928dd
core   0: 0x80004e74 (0x2015e617) auipc   a2, 0x2015e
core   0: 3 0x80004e74 (0x2015e617) x12 0xa0162e74
core   0: 0x80004e78 (0x005b92b3) sll     t0, s7, t0
core   0: 3 0x80004e78 (0x005b92b3) x 5 0x00000000
core   0: 0x80004e7c (0xed47e713) ori     a4, a5, -300
core   0: 3 0x80004e7c (0xed47e713) x14 0xfffffefd
core   0: 0x80004e80 (0x0106d813) srli    a6, a3, 16
core   0: 3 0x80004e80 (0x0106d813) x16 0x0000f392
core   0: 0x80004e84 (0x794f7b93) andi    s7, t5, 1940
core   0: 3 0x80004e84 (0x794f7b93) x23 0x00000084
core   0: 0x80004e88 (0x3f6b0813) addi    a6, s6, 1014
core   0: 3 0x80004e88 (0x3f6b0813) x16 0x80000946
core   0: 0x80004e8c (0x00000013) nop
core   0: 3 0x80004e8c (0x00000013)
core   0: 0x80004e90 (0x1121ac13) slti    s8, gp, 274
core   0: 3 0x80004e90 (0x1121ac13) x24 0x00000001
core   0: 0x80004e94 (0x406f00b3) sub     ra, t5, t1
core   0: 3 0x80004e94 (0x406f00b3) x 1 0xffc00087
core   0: 0x80004e98 (0x40addc13) srai    s8, s11, 10
core   0: 3 0x80004e98 (0x40addc13) x24 0x00000000
core   0: 0x80004e9c (0x006e9a13) slli    s4, t4, 6
core   0: 3 0x80004e9c (0x006e9a13) x20 0x00000000
core   0: 0x80004ea0 (0xc38a0d93) addi    s11, s4, -968
core   0: 3 0x80004ea0 (0xc38a0d93) x27 0xfffffc38
core   0: 0x80004ea4 (0xd1318697) auipc   a3, 0xd1318
core   0: 3 0x80004ea4 (0xd1318697) x13 0x5131cea4
core   0: 0x80004ea8 (0x01ed9f13) slli    t5, s11, 30
core   0: 3 0x80004ea8 (0x01ed9f13) x30 0x00000000
core   0: 0x80004eac (0x01b5a933) slt     s2, a1, s11
core   0: 3 0x80004eac (0x01b5a933) x18 0x00000000
core   0: 0x80004eb0 (0x01821533) sll     a0, tp, s8
core   0: 3 0x80004eb0 (0x01821533) x10 0x00000000
core   0: 0x80004eb4 (0x006719b3) sll     s3, a4, t1
core   0: 3 0x80004eb4 (0x006719b3) x19 0xfffffefd
core   0: 0x80004eb8 (0x013317b3) sll     a5, t1, s3
core   0: 3 0x80004eb8 (0x013317b3) x15 0x00000000
core   0: 0x80004ebc (0x00609993) slli    s3, ra, 6
core   0: 3 0x80004ebc (0x00609993) x19 0xf00021c0
core   0: 0x80004ec0 (0x01eac8b3) xor     a7, s5, t5
core   0: 3 0x80004ec0 (0x01eac8b3) x17 0xae8df000
core   0: 0x80004ec4 (0x01cb3db3) sltu    s11, s6, t3
core   0: 3 0x80004ec4 (0x01cb3db3) x27 0x00000000
core   0: 0x80004ec8 (0x60514c17) auipc   s8, 0x60514
core   0: 3 0x80004ec8 (0x60514c17) x24 0xe0518ec8
core   0: 0x80004ecc (0x41fe8c33) sub     s8, t4, t6
core   0: 3 0x80004ecc (0x41fe8c33) x24 0x51721000
core   0: 0x80004ed0 (0x40360733) sub     a4, a2, gp
core   0: 3 0x80004ed0 (0x40360733) x14 0x1d0d0597
core   0: 0x80004ed4 (0x01bb4833) xor     a6, s6, s11
core   0: 3 0x80004ed4 (0x01bb4833) x16 0x80000550
core   0: 0x80004ed8 (0x85d7b293) sltiu   t0, a5, -1955
core   0: 3 0x80004ed8 (0x85d7b293) x 5 0x00000001
core   0: 0x80004edc (0x0016d2b3) srl     t0, a3, ra
core   0: 3 0x80004edc (0x0016d2b3) x 5 0x00a2639d
core   0: 0x80004ee0 (0x6dec4b13) xori    s6, s8, 1758
core   0: 3 0x80004ee0 (0x6dec4b13) x22 0x517216de
core   0: 0x80004ee4 (0x002f1493) slli    s1, t5, 2
core   0: 3 0x80004ee4 (0x002f1493) x 9 0x00000000
core   0: 0x80004ee8 (0x00375f33) srl     t5, a4, gp
core   0: 3 0x80004ee8 (0x00375f33) x30 0x00000000
core   0: 0x80004eec (0x7bc44d97) auipc   s11, 0x7bc44
core   0: 3 0x80004eec (0x7bc44d97) x27 0xfbc48eec
core   0: 0x80004ef0 (0xa49e45b7) lui     a1, 0xa49e4
core   0: 3 0x80004ef0 (0xa49e45b7) x11 0xa49e4000
core   0: 0x80004ef4 (0x0000f4b3) and     s1, ra, zero
core   0: 3 0x80004ef4 (0x0000f4b3) x 9 0x00000000
core   0: 0x80004ef8 (0x01899393) slli    t2, s3, 24
core   0: 3 0x80004ef8 (0x01899393) x 7 0xc0000000
core   0: 0x80004efc (0x01fcb1b3) sltu    gp, s9, t6
core   0: 3 0x80004efc (0x01fcb1b3) x 3 0x00000000
core   0: 0x80004f00 (0xf2087397) auipc   t2, 0xf2087
core   0: 3 0x80004f00 (0xf2087397) x 7 0x7208bf00
core   0: 0x80004f04 (0x001cd833) srl     a6, s9, ra
core   0: 3 0x80004f04 (0x001cd833) x16 0x01000299
core   0: 0x80004f08 (0x40535f33) sra     t5, t1, t0
core   0: 3 0x80004f08 (0x40535f33) x30 0x00000000
core   0: 0x80004f0c (0x403bd533) sra     a0, s7, gp
core   0: 3 0x80004f0c (0x403bd533) x10 0x00000084
core   0: 0x80004f10 (0x00bb01b3) add     gp, s6, a1
core   0: 3 0x80004f10 (0x00bb01b3) x 3 0xf61056de
core   0: 0x80004f14 (0x1c5d2893) slti    a7, s10, 453
core   0: 3 0x80004f14 (0x1c5d2893) x17 0x00000000
core   0: 0x80004f18 (0x004d5013) srli    zero, s10, 4
core   0: 3 0x80004f18 (0x004d5013)
core   0: 0x80004f1c (0x10404313) xori    t1, zero, 260
core   0: 3 0x80004f1c (0x10404313) x 6 0x00000104
core   0: 0x80004f20 (0x017b9e33) sll     t3, s7, s7
core   0: 3 0x80004f20 (0x017b9e33) x28 0x00000840
core   0: 0x80004f24 (0xd93c8293) addi    t0, s9, -621
core   0: 3 0x80004f24 (0xd93c8293) x 5 0x80014a77
core   0: 0x80004f28 (0x00a636b3) sltu    a3, a2, a0
core   0: 3 0x80004f28 (0x00a636b3) x13 0x00000000
core   0: 0x80004f2c (0xd1a1cc13) xori    s8, gp, -742
core   0: 3 0x80004f2c (0xd1a1cc13) x24 0x09efabc4
core   0: 0x80004f30 (0x00363c33) sltu    s8, a2, gp
core   0: 3 0x80004f30 (0x00363c33) x24 0x00000001
core   0: 0x80004f34 (0x4eff8f97) auipc   t6, 0x4eff8
core   0: 3 0x80004f34 (0x4eff8f97) x31 0xceffcf34
core   0: 0x80004f38 (0x019c4333) xor     t1, s8, s9
core   0: 3 0x80004f38 (0x019c4333) x 6 0x80014ce5
core   0: 0x80004f3c (0x20137b93) andi    s7, t1, 513
core   0: 3 0x80004f3c (0x20137b93) x23 0x00000001
core   0: 0x80004f40 (0x00551993) slli    s3, a0, 5
core   0: 3 0x80004f40 (0x00551993) x19 0x00001080
core   0: 0x80004f44 (0x406d0633) sub     a2, s10, t1
core   0: 3 0x80004f44 (0x406d0633) x12 0xfcc7e023
core   0: 0x80004f48 (0x00000013) nop
core   0: 3 0x80004f48 (0x00000013)
core   0: 0x80004f4c (0x41e78c33) sub     s8, a5, t5
core   0: 3 0x80004f4c (0x41e78c33) x24 0x00000000
core   0: 0x80004f50 (0x61626393) ori     t2, tp, 1558
core   0: 3 0x80004f50 (0x61626393) x 7 0x00000616
core   0: 0x80004f54 (0xe6a4cd93) xori    s11, s1, -406
core   0: 3 0x80004f54 (0xe6a4cd93) x27 0xfffffe6a
core   0: 0x80004f58 (0x006a9933) sll     s2, s5, t1
core   0: 3 0x80004f58 (0x006a9933) x18 0xd1be0000
core   0: 0x80004f5c (0x64e22037) lui     zero, 0x64e22
core   0: 3 0x80004f5c (0x64e22037)
core   0: 0x80004f60 (0x0195a533) slt     a0, a1, s9
core   0: 3 0x80004f60 (0x0195a533) x10 0x00000000
core   0: 0x80004f64 (0xd9053917) auipc   s2, 0xd9053
core   0: 3 0x80004f64 (0xd9053917) x18 0x59057f64
core   0: 0x80004f68 (0x3981a4b7) lui     s1, 0x3981a
core   0: 3 0x80004f68 (0x3981a4b7) x 9 0x3981a000
core   0: 0x80004f6c (0x00dce8b3) or      a7, s9, a3
core   0: 3 0x80004f6c (0x00dce8b3) x17 0x80014ce4
core   0: 0x80004f70 (0x003ce3b3) or      t2, s9, gp
core   0: 3 0x80004f70 (0x003ce3b3) x 7 0xf6115efe
core   0: 0x80004f74 (0x01770233) add     tp, a4, s7
core   0: 3 0x80004f74 (0x01770233) x 4 0x1d0d0598
core   0: 0x80004f78 (0x01a77c13) andi    s8, a4, 26
core   0: 3 0x80004f78 (0x01a77c13) x24 0x00000012
core   0: 0x80004f7c (0x017462b3) or      t0, s0, s7
core   0: 3 0x80004f7c (0x017462b3) x 5 0x80010e65
core   0: 0x80004f80 (0x6d118a13) addi    s4, gp, 1745
core   0: 3 0x80004f80 (0x6d118a13) x20 0xf6105daf
core   0: 0x80004f84 (0x00000013) nop
core   0: 3 0x80004f84 (0x00000013)
core   0: 0x80004f88 (0x01fb7d33) and     s10, s6, t6
core   0: 3 0x80004f88 (0x01fb7d33) x26 0x40720614
core   0: 0x80004f8c (0x016db6b3) sltu    a3, s11, s6
core   0: 3 0x80004f8c (0x016db6b3) x13 0x00000000
core   0: 0x80004f90 (0x01dcdb13) srli    s6, s9, 29
core   0: 3 0x80004f90 (0x01dcdb13) x22 0x00000004
core   0: 0x80004f94 (0x00bdd1b3) srl     gp, s11, a1
core   0: 3 0x80004f94 (0x00bdd1b3) x 3 0xfffffe6a
core   0: 0x80004f98 (0x4154d1b3) sra     gp, s1, s5
core   0: 3 0x80004f98 (0x4154d1b3) x 3 0x3981a000
core   0: 0x80004f9c (0x3f68bb13) sltiu   s6, a7, 1014
core   0: 3 0x80004f9c (0x3f68bb13) x22 0x00000000
core   0: 0x80004fa0 (0x00a7a1b3) slt     gp, a5, a0
core   0: 3 0x80004fa0 (0x00a7a1b3) x 3 0x00000000
core   0: 0x80004fa4 (0x01feb533) sltu    a0, t4, t6
core   0: 3 0x80004fa4 (0x01feb533) x10 0x00000001
core   0: 0x80004fa8 (0x00fdf0b3) and     ra, s11, a5
core   0: 3 0x80004fa8 (0x00fdf0b3) x 1 0x00000000
core   0: 0x80004fac (0x00d2ddb3) srl     s11, t0, a3
core   0: 3 0x80004fac (0x00d2ddb3) x27 0x80010e65
core   0: 0x80004fb0 (0x531e0f93) addi    t6, t3, 1329
core   0: 3 0x80004fb0 (0x531e0f93) x31 0x00000d71
core   0: 0x80004fb4 (0x00621b33) sll     s6, tp, t1
core   0: 3 0x80004fb4 (0x00621b33) x22 0xa1a0b300
core   0: 0x80004fb8 (0x001ffab3) and     s5, t6, ra
core   0: 3 0x80004fb8 (0x001ffab3) x21 0x00000000
core   0: 0x80004fbc (0x4082dd13) srai    s10, t0, 8
core   0: 3 0x80004fbc (0x4082dd13) x26 0xff80010e
core   0: 0x80004fc0 (0x009a9993) slli    s3, s5, 9
core   0: 3 0x80004fc0 (0x009a9993) x19 0x00000000
core   0: 0x80004fc4 (0x00dac133) xor     sp, s5, a3
core   0: 3 0x80004fc4 (0x00dac133) x 2 0x00000000
core   0: 0x80004fc8 (0x00636233) or      tp, t1, t1
core   0: 3 0x80004fc8 (0x00636233) x 4 0x80014ce5
core   0: 0x80004fcc (0x01de9b93) slli    s7, t4, 29
core   0: 3 0x80004fcc (0x01de9b93) x23 0x00000000
core   0: 0x80004fd0 (0xc6231ab7) lui     s5, 0xc6231
core   0: 3 0x80004fd0 (0xc6231ab7) x21 0xc6231000
core   0: 0x80004fd4 (0xf7ffa397) auipc   t2, 0xf7ffa
core   0: 3 0x80004fd4 (0xf7ffa397) x 7 0x77ffefd4
core   0: 0x80004fd8 (0x01e931b3) sltu    gp, s2, t5
core   0: 3 0x80004fd8 (0x01e931b3) x 3 0x00000000
core   0: 0x80004fdc (0x38254593) xori    a1, a0, 898
core   0: 3 0x80004fdc (0x38254593) x11 0x00000383
core   0: 0x80004fe0 (0x01552e33) slt     t3, a0, s5
core   0: 3 0x80004fe0 (0x01552e33) x28 0x00000000
core   0: 0x80004fe4 (0x3953cdb7) lui     s11, 0x3953c
core   0: 3 0x80004fe4 (0x3953cdb7) x27 0x3953c000
core   0: 0x80004fe8 (0x01332033) slt     zero, t1, s3
core   0: 3 0x80004fe8 (0x01332033)
core   0: 0x80004fec (0x007934b3) sltu    s1, s2, t2
core   0: 3 0x80004fec (0x007934b3) x 9 0x00000001
core   0: 0x80004ff0 (0xb3a6c893) xori    a7, a3, -1222
core   0: 3 0x80004ff0 (0xb3a6c893) x17 0xfffffb3a
core   0: 0x80004ff4 (0x01fa23b3) slt     t2, s4, t6
core   0: 3 0x80004ff4 (0x01fa23b3) x 7 0x00000001
core   0: 0x80004ff8 (0x00ade6b3) or      a3, s11, a0
core   0: 3 0x80004ff8 (0x00ade6b3) x13 0x3953c001
core   0: 0x80004ffc (0xa84bbd13) sltiu   s10, s7, -1404
core   0: 3 0x80004ffc (0xa84bbd13) x26 0x00000001
core   0: 0x80005000 (0x0156df13) srli    t5, a3, 21
core   0: 3 0x80005000 (0x0156df13) x30 0x000001ca
core   0: 0x80005004 (0xf9717b13) andi    s6, sp, -105
core   0: 3 0x80005004 (0xf9717b13) x22 0x00000000
core   0: 0x80005008 (0x44f60993) addi    s3, a2, 1103
core   0: 3 0x80005008 (0x44f60993) x19 0xfcc7e472
core   0: 0x8000500c (0xf12e6b13) ori     s6, t3, -238
core   0: 3 0x8000500c (0xf12e6b13) x22 0xffffff12
core   0: 0x80005010 (0x00e81693) slli    a3, a6, 14
core   0: 3 0x80005010 (0x00e81693) x13 0x00a64000
core   0: 0x80005014 (0x11342b93) slti    s7, s0, 275
core   0: 3 0x80005014 (0x11342b93) x23 0x00000001
core   0: 0x80005018 (0x009fc9b3) xor     s3, t6, s1
core   0: 3 0x80005018 (0x009fc9b3) x19 0x00000d70
core   0: 0x8000501c (0x01ea0133) add     sp, s4, t5
core   0: 3 0x8000501c (0x01ea0133) x 2 0xf6105f79
core   0: 0x80005020 (0x01c296b3) sll     a3, t0, t3
core   0: 3 0x80005020 (0x01c296b3) x13 0x80010e65
core   0: 0x80005024 (0x400b5813) srai    a6, s6, 0
core   0: 3 0x80005024 (0x400b5813) x16 0xffffff12
core   0: 0x80005028 (0x01bde2b3) or      t0, s11, s11
core   0: 3 0x80005028 (0x01bde2b3) x 5 0x3953c000
core   0: 0x8000502c (0x01b4a633) slt     a2, s1, s11
core   0: 3 0x8000502c (0x01b4a633) x12 0x00000001
core   0: 0x80005030 (0x6637e097) auipc   ra, 0x6637e
core   0: 3 0x80005030 (0x6637e097) x 1 0xe6383030
core   0: 0x80005034 (0x000b1733) sll     a4, s6, zero
core   0: 3 0x80005034 (0x000b1733) x14 0xffffff12
core   0: 0x80005038 (0x0088fb33) and     s6, a7, s0
core   0: 3 0x80005038 (0x0088fb33) x22 0x80010a20
core   0: 0x8000503c (0xd71f2813) slti    a6, t5, -655
core   0: 3 0x8000503c (0xd71f2813) x16 0x00000000
core   0: 0x80005040 (0x01be2c33) slt     s8, t3, s11
core   0: 3 0x80005040 (0x01be2c33) x24 0x00000001
core   0: 0x80005044 (0x01e41c33) sll     s8, s0, t5
core   0: 3 0x80005044 (0x01e41c33) x24 0x04399000
core   0: 0x80005048 (0x403a5313) srai    t1, s4, 3
core   0: 3 0x80005048 (0x403a5313) x 6 0xfec20bb5
core   0: 0x8000504c (0x00053533) sltu    a0, a0, zero
core   0: 3 0x8000504c (0x00053533) x10 0x00000000
core   0: 0x80005050 (0x00000013) nop
core   0: 3 0x80005050 (0x00000013)
core   0: 0x80005054 (0x00ff0133) add     sp, t5, a5
core   0: 3 0x80005054 (0x00ff0133) x 2 0x000001ca
core   0: 0x80005058 (0x3efe1f97) auipc   t6, 0x3efe1
core   0: 3 0x80005058 (0x3efe1f97) x31 0xbefe6058
core   0: 0x8000505c (0x00a05093) srli    ra, zero, 10
core   0: 3 0x8000505c (0x00a05093) x 1 0x00000000
core   0: 0x80005060 (0x00d3e6b3) or      a3, t2, a3
core   0: 3 0x80005060 (0x00d3e6b3) x13 0x80010e65
core   0: 0x80005064 (0xe1607013) andi    zero, zero, -490
core   0: 3 0x80005064 (0xe1607013)
core   0: 0x80005068 (0x95d19097) auipc   ra, 0x95d19
core   0: 3 0x80005068 (0x95d19097) x 1 0x15d1e068
core   0: 0x8000506c (0x69cab797) auipc   a5, 0x69cab
core   0: 3 0x8000506c (0x69cab797) x15 0xe9cb006c
core   0: 0x80005070 (0x01bfe8b3) or      a7, t6, s11
core   0: 3 0x80005070 (0x01bfe8b3) x17 0xbfffe058
core   0: 0x80005074 (0x011913b3) sll     t2, s2, a7
core   0: 3 0x80005074 (0x011913b3) x 7 0x64000000
core   0: 0x80005078 (0x0185af33) slt     t5, a1, s8
core   0: 3 0x80005078 (0x0185af33) x30 0x00000001
core   0: 0x8000507c (0x01eb6333) or      t1, s6, t5
core   0: 3 0x8000507c (0x01eb6333) x 6 0x80010a21
core   0: 0x80005080 (0x008943b3) xor     t2, s2, s0
core   0: 3 0x80005080 (0x008943b3) x 7 0xd9047100
core   0: 0x80005084 (0x0143d193) srli    gp, t2, 20
core   0: 3 0x80005084 (0x0143d193) x 3 0x00000d90
core   0: 0x80005088 (0xd1294093) xori    ra, s2, -750
core   0: 3 0x80005088 (0xd1294093) x 1 0xa6fa8276
core   0: 0x8000508c (0x79b4f513) andi    a0, s1, 1947
core   0: 3 0x8000508c (0x79b4f513) x10 0x00000001
core   0: 0x80005090 (0xf3118193) addi    gp, gp, -207
core   0: 3 0x80005090 (0xf3118193) x 3 0x00000cc1
core   0: 0x80005094 (0x01a46033) or      zero, s0, s10
core   0: 3 0x80005094 (0x01a46033)
core   0: 0x80005098 (0x0186fab3) and     s5, a3, s8
core   0: 3 0x80005098 (0x0186fab3) x21 0x00010000
core   0: 0x8000509c (0x40678ab3) sub     s5, a5, t1
core   0: 3 0x8000509c (0x40678ab3) x21 0x69c9f64b
core   0: 0x800050a0 (0x012a0033) add     zero, s4, s2
core   0: 3 0x800050a0 (0x012a0033)
core   0: 0x800050a4 (0xeeba7913) andi    s2, s4, -277
core   0: 3 0x800050a4 (0xeeba7913) x18 0xf6105cab
core   0: 0x800050a8 (0x7934f313) andi    t1, s1, 1939
core   0: 3 0x800050a8 (0x7934f313) x 6 0x00000001
core   0: 0x800050ac (0x010e3e33) sltu    t3, t3, a6
core   0: 3 0x800050ac (0x010e3e33) x28 0x00000000
core   0: 0x800050b0 (0xf689b2b7) lui     t0, 0xf689b
core   0: 3 0x800050b0 (0xf689b2b7) x 5 0xf689b000
core   0: 0x800050b4 (0x007f9d13) slli    s10, t6, 7
core   0: 3 0x800050b4 (0x007f9d13) x26 0x7f302c00
core   0: 0x800050b8 (0x00c69293) slli    t0, a3, 12
core   0: 3 0x800050b8 (0x00c69293) x 5 0x10e65000
core   0: 0x800050bc (0xd29b7a13) andi    s4, s6, -727
core   0: 3 0x800050bc (0xd29b7a13) x20 0x80010820
core   0: 0x800050c0 (0x0161c8b3) xor     a7, gp, s6
core   0: 3 0x800050c0 (0x0161c8b3) x17 0x800106e1
core   0: 0x800050c4 (0x687b3093) sltiu   ra, s6, 1671
core   0: 3 0x800050c4 (0x687b3093) x 1 0x00000000
core   0: 0x800050c8 (0x01d23c33) sltu    s8, tp, t4
core   0: 3 0x800050c8 (0x01d23c33) x24 0x00000000
core   0: 0x800050cc (0x00e8b0b3) sltu    ra, a7, a4
core   0: 3 0x800050cc (0x00e8b0b3) x 1 0x00000001
core   0: 0x800050d0 (0x01353f33) sltu    t5, a0, s3
core   0: 3 0x800050d0 (0x01353f33) x30 0x00000001
core   0: 0x800050d4 (0x012dbc33) sltu    s8, s11, s2
core   0: 3 0x800050d4 (0x012dbc33) x24 0x00000001
core   0: 0x800050d8 (0xc04a6613) ori     a2, s4, -1020
core   0: 3 0x800050d8 (0xc04a6613) x12 0xfffffc24
core   0: 0x800050dc (0x00246633) or      a2, s0, sp
core   0: 3 0x800050dc (0x00246633) x12 0x80010fee
core   0: 0x800050e0 (0xd2912693) slti    a3, sp, -727
core   0: 3 0x800050e0 (0xd2912693) x13 0x00000000
core   0: 0x800050e4 (0x00f19c13) slli    s8, gp, 15
core   0: 3 0x800050e4 (0x00f19c13) x24 0x06608000
core   0: 0x800050e8 (0x837cc793) xori    a5, s9, -1993
core   0: 3 0x800050e8 (0x837cc793) x15 0x7ffeb4d3
core   0: 0x800050ec (0x018f8933) add     s2, t6, s8
core   0: 3 0x800050ec (0x018f8933) x18 0xc55ee058
core   0: 0x800050f0 (0x00000013) nop
core   0: 3 0x800050f0 (0x00000013)
core   0: 0x800050f4 (0x41f2d333) sra     t1, t0, t6
core   0: 3 0x800050f4 (0x41f2d333) x 6 0x00000010
core   0: 0x800050f8 (0x00f4fab3) and     s5, s1, a5
core   0: 3 0x800050f8 (0x00f4fab3) x21 0x00000001
core   0: 0x800050fc (0x4008d593) srai    a1, a7, 0
core   0: 3 0x800050fc (0x4008d593) x11 0x800106e1
core   0: 0x80005100 (0x01f9dbb3) srl     s7, s3, t6
core   0: 3 0x80005100 (0x01f9dbb3) x23 0x00000000
core   0: 0x80005104 (0x003fe6b3) or      a3, t6, gp
core   0: 3 0x80005104 (0x003fe6b3) x13 0xbefe6cd9
core   0: 0x80005108 (0x00409d93) slli    s11, ra, 4
core   0: 3 0x80005108 (0x00409d93) x27 0x00000010
core   0: 0x8000510c (0x401fd7b3) sra     a5, t6, ra
core   0: 3 0x8000510c (0x401fd7b3) x15 0xdf7f302c
core   0: 0x80005110 (0x01721f13) slli    t5, tp, 23
core   0: 3 0x80005110 (0x01721f13) x30 0x72800000
core   0: 0x80005114 (0x003866b3) or      a3, a6, gp
core   0: 3 0x80005114 (0x003866b3) x13 0x00000cc1
core   0: 0x80005118 (0x8f310a93) addi    s5, sp, -1805
core   0: 3 0x80005118 (0x8f310a93) x21 0xfffffabd
core   0: 0x8000511c (0x402f5693) srai    a3, t5, 2
core   0: 3 0x8000511c (0x402f5693) x13 0x1ca00000
core   0: 0x80005120 (0xc774af37) lui     t5, 0xc774a
core   0: 3 0x80005120 (0xc774af37) x30 0xc774a000
core   0: 0x80005124 (0xcd5e6d13) ori     s10, t3, -811
core   0: 3 0x80005124 (0xcd5e6d13) x26 0xfffffcd5
core   0: 0x80005128 (0x00e6d993) srli    s3, a3, 14
core   0: 3 0x80005128 (0x00e6d993) x19 0x00007280
core   0: 0x8000512c (0x4e72ca13) xori    s4, t0, 1255
core   0: 3 0x8000512c (0x4e72ca13) x20 0x10e654e7
core   0: 0x80005130 (0x00d46533) or      a0, s0, a3
core   0: 3 0x80005130 (0x00d46533) x10 0x9ca10e64
core   0: 0x80005134 (0x01947d33) and     s10, s0, s9
core   0: 3 0x80005134 (0x01947d33) x26 0x80010c64
core   0: 0x80005138 (0x2b4f2493) slti    s1, t5, 692
core   0: 3 0x80005138 (0x2b4f2493) x 9 0x00000001
core   0: 0x8000513c (0x0176c8b3) xor     a7, a3, s7
core   0: 3 0x8000513c (0x0176c8b3) x17 0x1ca00000
core   0: 0x80005140 (0x013debb3) or      s7, s11, s3
core   0: 3 0x80005140 (0x013debb3) x23 0x00007290
core   0: 0x80005144 (0x8cfdf337) lui     t1, 0x8cfdf
core   0: 3 0x80005144 (0x8cfdf337) x 6 0x8cfdf000
core   0: 0x80005148 (0x003ba033) slt     zero, s7, gp
core   0: 3 0x80005148 (0x003ba033)
core   0: 0x8000514c (0x40bbda13) srai    s4, s7, 11
core   0: 3 0x8000514c (0x40bbda13) x20 0x0000000e
core   0: 0x80005150 (0x00be1333) sll     t1, t3, a1
core   0: 3 0x80005150 (0x00be1333) x 6 0x00000000
core   0: 0x80005154 (0x6cf23513) sltiu   a0, tp, 1743
core   0: 3 0x80005154 (0x6cf23513) x10 0x00000000
core   0: 0x80005158 (0xf696c913) xori    s2, a3, -151
core   0: 3 0x80005158 (0xf696c913) x18 0xe35fff69
core   0: 0x8000515c (0x01b20f33) add     t5, tp, s11
core   0: 3 0x8000515c (0x01b20f33) x30 0x80014cf5
core   0: 0x80005160 (0x01b382b3) add     t0, t2, s11
core   0: 3 0x80005160 (0x01b382b3) x 5 0xd9047110
core   0: 0x80005164 (0x41ded813) srai    a6, t4, 29
core   0: 3 0x80005164 (0x41ded813) x16 0xfffffffc
core   0: 0x80005168 (0x00f39633) sll     a2, t2, a5
core   0: 3 0x80005168 (0x00f39633) x12 0x47100000
core   0: 0x8000516c (0x0022ff33) and     t5, t0, sp
core   0: 3 0x8000516c (0x0022ff33) x30 0x00000100
core   0: 0x80005170 (0xc0af8a93) addi    s5, t6, -1014
core   0: 3 0x80005170 (0xc0af8a93) x21 0xbefe5c62
core   0: 0x80005174 (0x7ab66113) ori     sp, a2, 1963
core   0: 3 0x80005174 (0x7ab66113) x 2 0x471007ab
core   0: 0x80005178 (0x0048e833) or      a6, a7, tp
core   0: 3 0x80005178 (0x0048e833) x16 0x9ca14ce5
core   0: 0x8000517c (0x00f15913) srli    s2, sp, 15
core   0: 3 0x8000517c (0x00f15913) x18 0x00008e20
core   0: 0x80005180 (0x011a9f93) slli    t6, s5, 17
core   0: 3 0x80005180 (0x011a9f93) x31 0xb8c40000
core   0: 0x80005184 (0x40cdd1b3) sra     gp, s11, a2
core   0: 3 0x80005184 (0x40cdd1b3) x 3 0x00000010
core   0: 0x80005188 (0x65afc213) xori    tp, t6, 1626
core   0: 3 0x80005188 (0x65afc213) x 4 0xb8c4065a
core   0: 0x8000518c (0x01d33f33) sltu    t5, t1, t4
core   0: 3 0x8000518c (0x01d33f33) x30 0x00000001
core   0: 0x80005190 (0x00000013) nop
core   0: 3 0x80005190 (0x00000013)
core   0: 0x80005194 (0x411ed033) sra     zero, t4, a7
core   0: 3 0x80005194 (0x411ed033)
core   0: 0x80005198 (0x01aaedb3) or      s11, s5, s10
core   0: 3 0x80005198 (0x01aaedb3) x27 0xbeff5c66
core   0: 0x8000519c (0xef0fc097) auipc   ra, 0xef0fc
core   0: 3 0x8000519c (0xef0fc097) x 1 0x6f10119c
core   0: 0x800051a0 (0x417201b3) sub     gp, tp, s7
core   0: 3 0x800051a0 (0x417201b3) x 3 0xb8c393ca
core   0: 0x800051a4 (0xca50aa13) slti    s4, ra, -859
core   0: 3 0x800051a4 (0xca50aa13) x20 0x00000000
core   0: 0x800051a8 (0x00569f33) sll     t5, a3, t0
core   0: 3 0x800051a8 (0x00569f33) x30 0x00000000
core   0: 0x800051ac (0x41badc33) sra     s8, s5, s11
core   0: 3 0x800051ac (0x41badc33) x24 0xfefbf971
core   0: 0x800051b0 (0x1c83f613) andi    a2, t2, 456
core   0: 3 0x800051b0 (0x1c83f613) x12 0x00000100
core   0: 0x800051b4 (0x016e4933) xor     s2, t3, s6
core   0: 3 0x800051b4 (0x016e4933) x18 0x80010a20
core   0: 0x800051b8 (0x4ce97c37) lui     s8, 0x4ce97
core   0: 3 0x800051b8 (0x4ce97c37) x24 0x4ce97000
core   0: 0x800051bc (0x40208533) sub     a0, ra, sp
core   0: 3 0x800051bc (0x40208533) x10 0x280009f1
core   0: 0x800051c0 (0x013a5a93) srli    s5, s4, 19
core   0: 3 0x800051c0 (0x013a5a93) x21 0x00000000
core   0: 0x800051c4 (0xb7bb8093) addi    ra, s7, -1157
core   0: 3 0x800051c4 (0xb7bb8093) x 1 0x00006e0b
core   0: 0x800051c8 (0xf9ab6913) ori     s2, s6, -102
core   0: 3 0x800051c8 (0xf9ab6913) x18 0xffffffba
core   0: 0x800051cc (0x013c1d33) sll     s10, s8, s3
core   0: 3 0x800051cc (0x013c1d33) x26 0x4ce97000
core   0: 0x800051d0 (0x4f220713) addi    a4, tp, 1266
core   0: 3 0x800051d0 (0x4f220713) x14 0xb8c40b4c
core   0: 0x800051d4 (0x00d8cdb3) xor     s11, a7, a3
core   0: 3 0x800051d4 (0x00d8cdb3) x27 0x00000000
core   0: 0x800051d8 (0x00000013) nop
core   0: 3 0x800051d8 (0x00000013)
core   0: 0x800051dc (0x01fae733) or      a4, s5, t6
core   0: 3 0x800051dc (0x01fae733) x14 0xb8c40000
core   0: 0x800051e0 (0x01579213) slli    tp, a5, 21
core   0: 3 0x800051e0 (0x01579213) x 4 0x05800000
core   0: 0x800051e4 (0xb789cc13) xori    s8, s3, -1160
core   0: 3 0x800051e4 (0xb789cc13) x24 0xffff89f8
core   0: 0x800051e8 (0x00000013) nop
core   0: 3 0x800051e8 (0x00000013)
core   0: 0x800051ec (0x008953b3) srl     t2, s2, s0
core   0: 3 0x800051ec (0x008953b3) x 7 0x0ffffffb
core   0: 0x800051f0 (0x01ed9033) sll     zero, s11, t5
core   0: 3 0x800051f0 (0x01ed9033)
core   0: 0x800051f4 (0x01f27633) and     a2, tp, t6
core   0: 3 0x800051f4 (0x01f27633) x12 0x00800000
core   0: 0x800051f8 (0x40e351b3) sra     gp, t1, a4
core   0: 3 0x800051f8 (0x40e351b3) x 3 0x00000000
core   0: 0x800051fc (0x01551793) slli    a5, a0, 21
core   0: 3 0x800051fc (0x01551793) x15 0x3e200000
core   0: 0x80005200 (0x40785493) srai    s1, a6, 7
core   0: 3 0x80005200 (0x40785493) x 9 0xff394299
core   0: 0x80005204 (0x74760493) addi    s1, a2, 1863
core   0: 3 0x80005204 (0x74760493) x 9 0x00800747
core   0: 0x80005208 (0x1a50a537) lui     a0, 0x1a50a
core   0: 3 0x80005208 (0x1a50a537) x10 0x1a50a000
core   0: 0x8000520c (0x811233b7) lui     t2, 0x81123
core   0: 3 0x8000520c (0x811233b7) x 7 0x81123000
core   0: 0x80005210 (0x019a86b3) add     a3, s5, s9
core   0: 3 0x80005210 (0x019a86b3) x13 0x80014ce4
core   0: 0x80005214 (0xd432c513) xori    a0, t0, -701
core   0: 3 0x80005214 (0xd432c513) x10 0x26fb8c53
core   0: 0x80005218 (0x20ede113) ori     sp, s11, 526
core   0: 3 0x80005218 (0x20ede113) x 2 0x0000020e
core   0: 0x8000521c (0x00f61813) slli    a6, a2, 15
core   0: 3 0x8000521c (0x00f61813) x16 0x00000000
core   0: 0x80005220 (0x889fed93) ori     s11, t6, -1911
core   0: 3 0x80005220 (0x889fed93) x27 0xfffff889
core   0: 0x80005224 (0x41535db3) sra     s11, t1, s5
core   0: 3 0x80005224 (0x41535db3) x27 0x00000000
core   0: 0x80005228 (0x2acaba93) sltiu   s5, s5, 684
core   0: 3 0x80005228 (0x2acaba93) x21 0x00000001
core   0: 0x8000522c (0x41f28ab3) sub     s5, t0, t6
core   0: 3 0x8000522c (0x41f28ab3) x21 0x20407110
core   0: 0x80005230 (0x410b59b3) sra     s3, s6, a6
core   0: 3 0x80005230 (0x410b59b3) x19 0x80010a20
core   0: 0x80005234 (0x01685033) srl     zero, a6, s6
core   0: 3 0x80005234 (0x01685033)
core   0: 0x80005238 (0xbbdb6b13) ori     s6, s6, -1091
core   0: 3 0x80005238 (0xbbdb6b13) x22 0xfffffbbd
core   0: 0x8000523c (0xaadfb013) sltiu   zero, t6, -1363
core   0: 3 0x8000523c (0xaadfb013)
core   0: 0x80005240 (0x01835293) srli    t0, t1, 24
core   0: 3 0x80005240 (0x01835293) x 5 0x00000000
core   0: 0x80005244 (0xdaa5e813) ori     a6, a1, -598
core   0: 3 0x80005244 (0xdaa5e813) x16 0xffffffeb
core   0: 0x80005248 (0xe18fa693) slti    a3, t6, -488
core   0: 3 0x80005248 (0xe18fa693) x13 0x00000001
core   0: 0x8000524c (0x00000013) nop
core   0: 3 0x8000524c (0x00000013)
core   0: 0x80005250 (0x003dc733) xor     a4, s11, gp
core   0: 3 0x80005250 (0x003dc733) x14 0x00000000
core   0: 0x80005254 (0x01f26633) or      a2, tp, t6
core   0: 3 0x80005254 (0x01f26633) x12 0xbdc40000
core   0: 0x80005258 (0x0112db13) srli    s6, t0, 17
core   0: 3 0x80005258 (0x0112db13) x22 0x00000000
core   0: 0x8000525c (0x290c9137) lui     sp, 0x290c9
core   0: 3 0x8000525c (0x290c9137) x 2 0x290c9000
core   0: 0x80005260 (0x0173d893) srli    a7, t2, 23
core   0: 3 0x80005260 (0x0173d893) x17 0x00000102
core   0: 0x80005264 (0x01f93fb3) sltu    t6, s2, t6
core   0: 3 0x80005264 (0x01f93fb3) x31 0x00000000
core   0: 0x80005268 (0x40ea08b3) sub     a7, s4, a4
core   0: 3 0x80005268 (0x40ea08b3) x17 0x00000000
core   0: 0x8000526c (0x405384b3) sub     s1, t2, t0
core   0: 3 0x8000526c (0x405384b3) x 9 0x81123000
core   0: 0x80005270 (0x00ccadb3) slt     s11, s9, a2
core   0: 3 0x80005270 (0x00ccadb3) x27 0x00000001
core   0: 0x80005274 (0x8c41ee13) ori     t3, gp, -1852
core   0: 3 0x80005274 (0x8c41ee13) x28 0xfffff8c4
core   0: 0x80005278 (0xec646613) ori     a2, s0, -314
core   0: 3 0x80005278 (0xec646613) x12 0xfffffee6
core   0: 0x8000527c (0x010f73b3) and     t2, t5, a6
core   0: 3 0x8000527c (0x010f73b3) x 7 0x00000000
core   0: 0x80005280 (0x00815213) srli    tp, sp, 8
core   0: 3 0x80005280 (0x00815213) x 4 0x00290c90
core   0: 0x80005284 (0x0143eb33) or      s6, t2, s4
core   0: 3 0x80005284 (0x0143eb33) x22 0x00000000
core   0: 0x80005288 (0xe9269817) auipc   a6, 0xe9269
core   0: 3 0x80005288 (0xe9269817) x16 0x6926e288
core   0: 0x8000528c (0x00e91093) slli    ra, s2, 14
core   0: 3 0x8000528c (0x00e91093) x 1 0xffee8000
core   0: 0x80005290 (0x01f22c33) slt     s8, tp, t6
core   0: 3 0x80005290 (0x01f22c33) x24 0x00000000
core   0: 0x80005294 (0x00000013) nop
core   0: 3 0x80005294 (0x00000013)
core   0: 0x80005298 (0x00dcdc13) srli    s8, s9, 13
core   0: 3 0x80005298 (0x00dcdc13) x24 0x0004000a
core   0: 0x8000529c (0xeb72b513) sltiu   a0, t0, -329
core   0: 3 0x8000529c (0xeb72b513) x10 0x00000001
core   0: 0x800052a0 (0x00d107b3) add     a5, sp, a3
core   0: 3 0x800052a0 (0x00d107b3) x15 0x290c9001
core   0: 0x800052a4 (0x000244b3) xor     s1, tp, zero
core   0: 3 0x800052a4 (0x000244b3) x 9 0x00290c90
core   0: 0x800052a8 (0x01e57133) and     sp, a0, t5
core   0: 3 0x800052a8 (0x01e57133) x 2 0x00000000
core   0: 0x800052ac (0xab783813) sltiu   a6, a6, -1353
core   0: 3 0x800052ac (0xab783813) x16 0x00000001
core   0: 0x800052b0 (0x0158d893) srli    a7, a7, 21
core   0: 3 0x800052b0 (0x0158d893) x17 0x00000000
core   0: 0x800052b4 (0x0112b933) sltu    s2, t0, a7
core   0: 3 0x800052b4 (0x0112b933) x18 0x00000000
core   0: 0x800052b8 (0x0185fab3) and     s5, a1, s8
core   0: 3 0x800052b8 (0x0185fab3) x21 0x00000000
core   0: 0x800052bc (0x00a59e33) sll     t3, a1, a0
core   0: 3 0x800052bc (0x00a59e33) x28 0x00020dc2
core   0: 0x800052c0 (0x01b6a3b3) slt     t2, a3, s11
core   0: 3 0x800052c0 (0x01b6a3b3) x 7 0x00000000
core   0: 0x800052c4 (0xfd36b113) sltiu   sp, a3, -45
core   0: 3 0x800052c4 (0xfd36b113) x 2 0x00000001
core   0: 0x800052c8 (0x0076fe33) and     t3, a3, t2
core   0: 3 0x800052c8 (0x0076fe33) x28 0x00000000
core   0: 0x800052cc (0x01b79c33) sll     s8, a5, s11
core   0: 3 0x800052cc (0x01b79c33) x24 0x52192002
core   0: 0x800052d0 (0x01585093) srli    ra, a6, 21
core   0: 3 0x800052d0 (0x01585093) x 1 0x00000000
core   0: 0x800052d4 (0x01ca98b3) sll     a7, s5, t3
core   0: 3 0x800052d4 (0x01ca98b3) x17 0x00000000
core   0: 0x800052d8 (0x4036dc33) sra     s8, a3, gp
core   0: 3 0x800052d8 (0x4036dc33) x24 0x00000001
core   0: 0x800052dc (0x01f288b3) add     a7, t0, t6
core   0: 3 0x800052dc (0x01f288b3) x17 0x00000000
core   0: 0x800052e0 (0x01e0db93) srli    s7, ra, 30
core   0: 3 0x800052e0 (0x01e0db93) x23 0x00000000
core   0: 0x800052e4 (0x014a9793) slli    a5, s5, 20
core   0: 3 0x800052e4 (0x014a9793) x15 0x00000000
core   0: 0x800052e8 (0x016473b3) and     t2, s0, s6
core   0: 3 0x800052e8 (0x016473b3) x 7 0x00000000
core   0: 0x800052ec (0x77f7cd13) xori    s10, a5, 1919
core   0: 3 0x800052ec (0x77f7cd13) x26 0x0000077f
core   0: 0x800052f0 (0x418cd213) srai    tp, s9, 24
core   0: 3 0x800052f0 (0x418cd213) x 4 0xffffff80
core   0: 0x800052f4 (0x0090d9b3) srl     s3, ra, s1
core   0: 3 0x800052f4 (0x0090d9b3) x19 0x00000000
core   0: 0x800052f8 (0x00e3d493) srli    s1, t2, 14
core   0: 3 0x800052f8 (0x00e3d493) x 9 0x00000000
core   0: 0x800052fc (0x00000013) nop
core   0: 3 0x800052fc (0x00000013)
core   0: 0x80005300 (0x016da033) slt     zero, s11, s6
core   0: 3 0x80005300 (0x016da033)
core   0: 0x80005304 (0x00d694b3) sll     s1, a3, a3
core   0: 3 0x80005304 (0x00d694b3) x 9 0x00000002
core   0: 0x80005308 (0x014d1ab3) sll     s5, s10, s4
core   0: 3 0x80005308 (0x014d1ab3) x21 0x0000077f
core   0: 0x8000530c (0x01afe233) or      tp, t6, s10
core   0: 3 0x8000530c (0x01afe233) x 4 0x0000077f
core   0: 0x80005310 (0x01e9d513) srli    a0, s3, 30
core   0: 3 0x80005310 (0x01e9d513) x10 0x00000000
core   0: 0x80005314 (0x006e24b3) slt     s1, t3, t1
core   0: 3 0x80005314 (0x006e24b3) x 9 0x00000000
core   0: 0x80005318 (0x51e97793) andi    a5, s2, 1310
core   0: 3 0x80005318 (0x51e97793) x15 0x00000000
core   0: 0x8000531c (0x006e00b3) add     ra, t3, t1
core   0: 3 0x8000531c (0x006e00b3) x 1 0x00000000
core   0: 0x80005320 (0x0028c2b3) xor     t0, a7, sp
core   0: 3 0x80005320 (0x0028c2b3) x 5 0x00000001
core   0: 0x80005324 (0x00135a93) srli    s5, t1, 1
core   0: 3 0x80005324 (0x00135a93) x21 0x00000000
core   0: 0x80005328 (0x00d6d213) srli    tp, a3, 13
core   0: 3 0x80005328 (0x00d6d213) x 4 0x00000000
core   0: 0x8000532c (0x40aadb33) sra     s6, s5, a0
core   0: 3 0x8000532c (0x40aadb33) x22 0x00000000
core   0: 0x80005330 (0xeeaaa993) slti    s3, s5, -278
core   0: 3 0x80005330 (0xeeaaa993) x19 0x00000000
core   0: 0x80005334 (0x00819e13) slli    t3, gp, 8
core   0: 3 0x80005334 (0x00819e13) x28 0x00000000
core   0: 0x80005338 (0x0141e1b3) or      gp, gp, s4
core   0: 3 0x80005338 (0x0141e1b3) x 3 0x00000000
core   0: 0x8000533c (0x7f5f2f93) slti    t6, t5, 2037
core   0: 3 0x8000533c (0x7f5f2f93) x31 0x00000001
core   0: 0x80005340 (0x00e8da33) srl     s4, a7, a4
core   0: 3 0x80005340 (0x00e8da33) x20 0x00000000
core   0: 0x80005344 (0x68026613) ori     a2, tp, 1664
core   0: 3 0x80005344 (0x68026613) x12 0x00000680
core   0: 0x80005348 (0x00000013) nop
core   0: 3 0x80005348 (0x00000013)
core   0: 0x8000534c (0x3c62e913) ori     s2, t0, 966
core   0: 3 0x8000534c (0x3c62e913) x18 0x000003c7
core   0: 0x80005350 (0x0048d7b3) srl     a5, a7, tp
core   0: 3 0x80005350 (0x0048d7b3) x15 0x00000000
core   0: 0x80005354 (0x0064ec33) or      s8, s1, t1
core   0: 3 0x80005354 (0x0064ec33) x24 0x00000000
core   0: 0x80005358 (0xff6d7193) andi    gp, s10, -10
core   0: 3 0x80005358 (0xff6d7193) x 3 0x00000776
core   0: 0x8000535c (0xc12e5117) auipc   sp, 0xc12e5
core   0: 3 0x8000535c (0xc12e5117) x 2 0x412ea35c
core   0: 0x80005360 (0x93dde913) ori     s2, s11, -1731
core   0: 3 0x80005360 (0x93dde913) x18 0xfffff93d
core   0: 0x80005364 (0x40895d33) sra     s10, s2, s0
core   0: 3 0x80005364 (0x40895d33) x26 0xffffff93
core   0: 0x80005368 (0x000467b3) or      a5, s0, zero
core   0: 3 0x80005368 (0x000467b3) x15 0x80010e64
core   0: 0x8000536c (0xa06d4693) xori    a3, s10, -1530
core   0: 3 0x8000536c (0xa06d4693) x13 0x00000595
core   0: 0x80005370 (0x40560db3) sub     s11, a2, t0
core   0: 3 0x80005370 (0x40560db3) x27 0x0000067f
core   0: 0x80005374 (0x26eca213) slti    tp, s9, 622
core   0: 3 0x80005374 (0x26eca213) x 4 0x00000001
core   0: 0x80005378 (0x009be4b3) or      s1, s7, s1
core   0: 3 0x80005378 (0x009be4b3) x 9 0x00000000
core   0: 0x8000537c (0x01bcf6b3) and     a3, s9, s11
core   0: 3 0x8000537c (0x01bcf6b3) x13 0x00000464
core   0: 0x80005380 (0x5a5f4997) auipc   s3, 0x5a5f4
core   0: 3 0x80005380 (0x5a5f4997) x19 0xda5f9380
core   0: 0x80005384 (0x01c61d93) slli    s11, a2, 28
core   0: 3 0x80005384 (0x01c61d93) x27 0x00000000
core   0: 0x80005388 (0x00cf51b3) srl     gp, t5, a2
core   0: 3 0x80005388 (0x00cf51b3) x 3 0x00000000
core   0: 0x8000538c (0xe7fff713) andi    a4, t6, -385
core   0: 3 0x8000538c (0xe7fff713) x14 0x00000001
core   0: 0x80005390 (0x0053c6b3) xor     a3, t2, t0
core   0: 3 0x80005390 (0x0053c6b3) x13 0x00000001
core   0: 0x80005394 (0x40bd5b13) srai    s6, s10, 11
core   0: 3 0x80005394 (0x40bd5b13) x22 0xffffffff
core   0: 0x80005398 (0xca8765b7) lui     a1, 0xca876
core   0: 3 0x80005398 (0xca8765b7) x11 0xca876000
core   0: 0x8000539c (0x40cd5d13) srai    s10, s10, 12
core   0: 3 0x8000539c (0x40cd5d13) x26 0xffffffff
core   0: 0x800053a0 (0xb21f8b97) auipc   s7, 0xb21f8
core   0: 3 0x800053a0 (0xb21f8b97) x23 0x321fd3a0
core   0: 0x800053a4 (0x01951533) sll     a0, a0, s9
core   0: 3 0x800053a4 (0x01951533) x10 0x00000000
core   0: 0x800053a8 (0x52d17813) andi    a6, sp, 1325
core   0: 3 0x800053a8 (0x52d17813) x16 0x0000010c
core   0: 0x800053ac (0x01eb84b3) add     s1, s7, t5
core   0: 3 0x800053ac (0x01eb84b3) x 9 0x321fd3a0
core   0: 0x800053b0 (0x0182c2b3) xor     t0, t0, s8
core   0: 3 0x800053b0 (0x0182c2b3) x 5 0x00000001
core   0: 0x800053b4 (0x403283b3) sub     t2, t0, gp
core   0: 3 0x800053b4 (0x403283b3) x 7 0x00000001
core   0: 0x800053b8 (0x01f909b3) add     s3, s2, t6
core   0: 3 0x800053b8 (0x01f909b3) x19 0xfffff93e
core   0: 0x800053bc (0x0193b7b3) sltu    a5, t2, s9
core   0: 3 0x800053bc (0x0193b7b3) x15 0x00000001
core   0: 0x800053c0 (0x00f95c13) srli    s8, s2, 15
core   0: 3 0x800053c0 (0x00f95c13) x24 0x0001ffff
core   0: 0x800053c4 (0x00744233) xor     tp, s0, t2
core   0: 3 0x800053c4 (0x00744233) x 4 0x80010e65
core   0: 0x800053c8 (0x00000013) nop
core   0: 3 0x800053c8 (0x00000013)
core   0: 0x800053cc (0x01d4d0b3) srl     ra, s1, t4
core   0: 3 0x800053cc (0x01d4d0b3) x 1 0x321fd3a0
core   0: 0x800053d0 (0x417c0db3) sub     s11, s8, s7
core   0: 3 0x800053d0 (0x417c0db3) x27 0xcde22c5f
core   0: 0x800053d4 (0x0087be33) sltu    t3, a5, s0
core   0: 3 0x800053d4 (0x0087be33) x28 0x00000001
core   0: 0x800053d8 (0x01f09133) sll     sp, ra, t6
core   0: 3 0x800053d8 (0x01f09133) x 2 0x643fa740
core   0: 0x800053dc (0x00c2dc33) srl     s8, t0, a2
core   0: 3 0x800053dc (0x00c2dc33) x24 0x00000001
core   0: 0x800053e0 (0xa0b21537) lui     a0, 0xa0b21
core   0: 3 0x800053e0 (0xa0b21537) x10 0xa0b21000
core   0: 0x800053e4 (0x409f53b3) sra     t2, t5, s1
core   0: 3 0x800053e4 (0x409f53b3) x 7 0x00000000
core   0: 0x800053e8 (0x811a3117) auipc   sp, 0x811a3
core   0: 3 0x800053e8 (0x811a3117) x 2 0x011a83e8
core   0: 0x800053ec (0x3413c993) xori    s3, t2, 833
core   0: 3 0x800053ec (0x3413c993) x19 0x00000341
core   0: 0x800053f0 (0x003f2fb3) slt     t6, t5, gp
core   0: 3 0x800053f0 (0x003f2fb3) x31 0x00000000
core   0: 0x800053f4 (0x00c19e13) slli    t3, gp, 12
core   0: 3 0x800053f4 (0x00c19e13) x28 0x00000000
core   0: 0x800053f8 (0x00cb7b33) and     s6, s6, a2
core   0: 3 0x800053f8 (0x00cb7b33) x22 0x00000680
core   0: 0x800053fc (0x011908b3) add     a7, s2, a7
core   0: 3 0x800053fc (0x011908b3) x17 0xfffff93d
core   0: 0x80005400 (0x00000013) nop
core   0: 3 0x80005400 (0x00000013)
core   0: 0x80005404 (0x199379b7) lui     s3, 0x19937
core   0: 3 0x80005404 (0x199379b7) x19 0x19937000
core   0: 0x80005408 (0x406e5f33) sra     t5, t3, t1
core   0: 3 0x80005408 (0x406e5f33) x30 0x00000000
core   0: 0x8000540c (0x00050633) add     a2, a0, zero
core   0: 3 0x8000540c (0x00050633) x12 0xa0b21000
core   0: 0x80005410 (0x40460ab3) sub     s5, a2, tp
core   0: 3 0x80005410 (0x40460ab3) x21 0x20b1019b
core   0: 0x80005414 (0x148a9c37) lui     s8, 0x148a9
core   0: 3 0x80005414 (0x148a9c37) x24 0x148a9000
core   0: 0x80005418 (0x01688c33) add     s8, a7, s6
core   0: 3 0x80005418 (0x01688c33) x24 0xffffffbd
core   0: 0x8000541c (0x00b35fb3) srl     t6, t1, a1
core   0: 3 0x8000541c (0x00b35fb3) x31 0x00000000
core   0: 0x80005420 (0x00d69db3) sll     s11, a3, a3
core   0: 3 0x80005420 (0x00d69db3) x27 0x00000002
core   0: 0x80005424 (0x00c675b3) and     a1, a2, a2
core   0: 3 0x80005424 (0x00c675b3) x11 0xa0b21000
core   0: 0x80005428 (0x40705193) srai    gp, zero, 7
core   0: 3 0x80005428 (0x40705193) x 3 0x00000000
core   0: 0x8000542c (0x00920a33) add     s4, tp, s1
core   0: 3 0x8000542c (0x00920a33) x20 0xb220e205
core   0: 0x80005430 (0x013c5f93) srli    t6, s8, 19
core   0: 3 0x80005430 (0x013c5f93) x31 0x00001fff
core   0: 0x80005434 (0x0118c533) xor     a0, a7, a7
core   0: 3 0x80005434 (0x0118c533) x10 0x00000000
core   0: 0x80005438 (0x5203cb93) xori    s7, t2, 1312
core   0: 3 0x80005438 (0x5203cb93) x23 0x00000520
core   0: 0x8000543c (0x009c7333) and     t1, s8, s1
core   0: 3 0x8000543c (0x009c7333) x 6 0x321fd3a0
core   0: 0x80005440 (0x000554b3) srl     s1, a0, zero
core   0: 3 0x80005440 (0x000554b3) x 9 0x00000000
core   0: 0x80005444 (0x66c24013) xori    zero, tp, 1644
core   0: 3 0x80005444 (0x66c24013)
core   0: 0x80005448 (0xd24a0317) auipc   t1, 0xd24a0
core   0: 3 0x80005448 (0xd24a0317) x 6 0x524a5448
core   0: 0x8000544c (0x47696213) ori     tp, s2, 1142
core   0: 3 0x8000544c (0x47696213) x 4 0xfffffd7f
core   0: 0x80005450 (0xe7ab9537) lui     a0, 0xe7ab9
core   0: 3 0x80005450 (0xe7ab9537) x10 0xe7ab9000
core   0: 0x80005454 (0x00779ab3) sll     s5, a5, t2
core   0: 3 0x80005454 (0x00779ab3) x21 0x00000001
core   0: 0x80005458 (0x01bb5d13) srli    s10, s6, 27
core   0: 3 0x80005458 (0x01bb5d13) x26 0x00000000
core   0: 0x8000545c (0x00efb4b3) sltu    s1, t6, a4
core   0: 3 0x8000545c (0x00efb4b3) x 9 0x00000000
core   0: 0x80005460 (0x007dce33) xor     t3, s11, t2
core   0: 3 0x80005460 (0x007dce33) x28 0x00000002
core   0: 0x80005464 (0xab6ceb13) ori     s6, s9, -1354
core   0: 3 0x80005464 (0xab6ceb13) x22 0xfffffef6
core   0: 0x80005468 (0x011dd533) srl     a0, s11, a7
core   0: 3 0x80005468 (0x011dd533) x10 0x00000000
core   0: 0x8000546c (0xbf0cb813) sltiu   a6, s9, -1040
core   0: 3 0x8000546c (0xbf0cb813) x16 0x00000001
core   0: 0x80005470 (0x4dcda213) slti    tp, s11, 1244
core   0: 3 0x80005470 (0x4dcda213) x 4 0x00000001
core   0: 0x80005474 (0x46f3ca13) xori    s4, t2, 1135
core   0: 3 0x80005474 (0x46f3ca13) x20 0x0000046f
core   0: 0x80005478 (0x01bb5db3) srl     s11, s6, s11
core   0: 3 0x80005478 (0x01bb5db3) x27 0x3fffffbd
core   0: 0x8000547c (0x169bff93) andi    t6, s7, 361
core   0: 3 0x8000547c (0x169bff93) x31 0x00000120
core   0: 0x80005480 (0x01f81a33) sll     s4, a6, t6
core   0: 3 0x80005480 (0x01f81a33) x20 0x00000001
core   0: 0x80005484 (0x9734b897) auipc   a7, 0x9734b
core   0: 3 0x80005484 (0x9734b897) x17 0x17350484
core   0: 0x80005488 (0x01231333) sll     t1, t1, s2
core   0: 3 0x80005488 (0x01231333) x 6 0x00000000
core   0: 0x8000548c (0x012a8c33) add     s8, s5, s2
core   0: 3 0x8000548c (0x012a8c33) x24 0xfffff93e
core   0: 0x80005490 (0xfee42813) slti    a6, s0, -18
core   0: 3 0x80005490 (0xfee42813) x16 0x00000001
core   0: 0x80005494 (0x4e630f93) addi    t6, t1, 1254
core   0: 3 0x80005494 (0x4e630f93) x31 0x000004e6
core   0: 0x80005498 (0x24542d93) slti    s11, s0, 581
core   0: 3 0x80005498 (0x24542d93) x27 0x00000001
core   0: 0x8000549c (0x000ea4b3) slt     s1, t4, zero
core   0: 3 0x8000549c (0x000ea4b3) x 9 0x00000001
core   0: 0x800054a0 (0x402fdd93) srai    s11, t6, 2
core   0: 3 0x800054a0 (0x402fdd93) x27 0x00000139
core   0: 0x800054a4 (0xb6862693) slti    a3, a2, -1176
core   0: 3 0x800054a4 (0xb6862693) x13 0x00000001
core   0: 0x800054a8 (0x8844fc13) andi    s8, s1, -1916
core   0: 3 0x800054a8 (0x8844fc13) x24 0x00000000
core   0: 0x800054ac (0x970384b7) lui     s1, 0x97038
core   0: 3 0x800054ac (0x970384b7) x 9 0x97038000
core   0: 0x800054b0 (0xbe8e6d93) ori     s11, t3, -1048
core   0: 3 0x800054b0 (0xbe8e6d93) x27 0xfffffbea
core   0: 0x800054b4 (0x3d570b93) addi    s7, a4, 981
core   0: 3 0x800054b4 (0x3d570b93) x23 0x000003d6
core   0: 0x800054b8 (0x016bad33) slt     s10, s7, s6
core   0: 3 0x800054b8 (0x016bad33) x26 0x00000000
core   0: 0x800054bc (0x00e43c33) sltu    s8, s0, a4
core   0: 3 0x800054bc (0x00e43c33) x24 0x00000000
core   0: 0x800054c0 (0xefc9a913) slti    s2, s3, -260
core   0: 3 0x800054c0 (0xefc9a913) x18 0x00000000
core   0: 0x800054c4 (0x0010d013) srli    zero, ra, 1
core   0: 3 0x800054c4 (0x0010d013)
core   0: 0x800054c8 (0xa25de093) ori     ra, s11, -1499
core   0: 3 0x800054c8 (0xa25de093) x 1 0xfffffbef
core   0: 0x800054cc (0x50f91797) auipc   a5, 0x50f91
core   0: 3 0x800054cc (0x50f91797) x15 0xd0f964cc
core   0: 0x800054d0 (0x01eb4c33) xor     s8, s6, t5
core   0: 3 0x800054d0 (0x01eb4c33) x24 0xfffffef6
core   0: 0x800054d4 (0x379c8397) auipc   t2, 0x379c8
core   0: 3 0x800054d4 (0x379c8397) x 7 0xb79cd4d4
core   0: 0x800054d8 (0x004f52b3) srl     t0, t5, tp
core   0: 3 0x800054d8 (0x004f52b3) x 5 0x00000000
core   0: 0x800054dc (0x00290333) add     t1, s2, sp
core   0: 3 0x800054dc (0x00290333) x 6 0x011a83e8
core   0: 0x800054e0 (0x22596713) ori     a4, s2, 549
core   0: 3 0x800054e0 (0x22596713) x14 0x00000225
core   0: 0x800054e4 (0x4a42bd13) sltiu   s10, t0, 1188
core   0: 3 0x800054e4 (0x4a42bd13) x26 0x00000001
core   0: 0x800054e8 (0xd2f57e13) andi    t3, a0, -721
core   0: 3 0x800054e8 (0xd2f57e13) x28 0x00000000
core   0: 0x800054ec (0x3c4bb213) sltiu   tp, s7, 964
core   0: 3 0x800054ec (0x3c4bb213) x 4 0x00000000
core   0: 0x800054f0 (0x01446333) or      t1, s0, s4
core   0: 3 0x800054f0 (0x01446333) x 6 0x80010e65
core   0: 0x800054f4 (0x01400f33) add     t5, zero, s4
core   0: 3 0x800054f4 (0x01400f33) x30 0x00000001
core   0: 0x800054f8 (0xdb593893) sltiu   a7, s2, -587
core   0: 3 0x800054f8 (0xdb593893) x17 0x00000001
core   0: 0x800054fc (0x00039fb3) sll     t6, t2, zero
core   0: 3 0x800054fc (0x00039fb3) x31 0xb79cd4d4
core   0: 0x80005500 (0x00000013) nop
core   0: 3 0x80005500 (0x00000013)
core   0: 0x80005504 (0x004d3ab3) sltu    s5, s10, tp
core   0: 3 0x80005504 (0x004d3ab3) x21 0x00000000
core   0: 0x80005508 (0x01c79d13) slli    s10, a5, 28
core   0: 3 0x80005508 (0x01c79d13) x26 0xc0000000
core   0: 0x8000550c (0x00aec3b3) xor     t2, t4, a0
core   0: 3 0x8000550c (0x00aec3b3) x 7 0x80000000
core   0: 0x80005510 (0x01e4ba33) sltu    s4, s1, t5
core   0: 3 0x80005510 (0x01e4ba33) x20 0x00000000
core   0: 0x80005514 (0x00ca29b3) slt     s3, s4, a2
core   0: 3 0x80005514 (0x00ca29b3) x19 0x00000000
core   0: 0x80005518 (0x0086c033) xor     zero, a3, s0
core   0: 3 0x80005518 (0x0086c033)
core   0: 0x8000551c (0x00aa1633) sll     a2, s4, a0
core   0: 3 0x8000551c (0x00aa1633) x12 0x00000000
core   0: 0x80005520 (0x019f1db3) sll     s11, t5, s9
core   0: 3 0x80005520 (0x019f1db3) x27 0x00000010
core   0: 0x80005524 (0x005ad313) srli    t1, s5, 5
core   0: 3 0x80005524 (0x005ad313) x 6 0x00000000
core   0: 0x80005528 (0x41e155b3) sra     a1, sp, t5
core   0: 3 0x80005528 (0x41e155b3) x11 0x008d41f4
core   0: 0x8000552c (0x00c714b3) sll     s1, a4, a2
core   0: 3 0x8000552c (0x00c714b3) x 9 0x00000225
core   0: 0x80005530 (0xf963ef17) auipc   t5, 0xf963e
core   0: 3 0x80005530 (0xf963ef17) x30 0x79643530
core   0: 0x80005534 (0x3b65ef17) auipc   t5, 0x3b65e
core   0: 3 0x80005534 (0x3b65ef17) x30 0xbb663534
core   0: 0x80005538 (0x4117d393) srai    t2, a5, 17
core   0: 3 0x80005538 (0x4117d393) x 7 0xffffe87c
core   0: 0x8000553c (0x8c974013) xori    zero, a4, -1847
core   0: 3 0x8000553c (0x8c974013)
core   0: 0x80005540 (0x9f8c2d13) slti    s10, s8, -1544
core   0: 3 0x80005540 (0x9f8c2d13) x26 0x00000000
core   0: 0x80005544 (0xf7254593) xori    a1, a0, -142
core   0: 3 0x80005544 (0xf7254593) x11 0xffffff72
core   0: 0x80005548 (0xe6e51317) auipc   t1, 0xe6e51
core   0: 3 0x80005548 (0xe6e51317) x 6 0x66e56548
core   0: 0x8000554c (0x260b0913) addi    s2, s6, 608
core   0: 3 0x8000554c (0x260b0913) x18 0x00000156
core   0: 0x80005550 (0xc4ff4e13) xori    t3, t5, -945
core   0: 3 0x80005550 (0xc4ff4e13) x28 0x4499c97b
core   0: 0x80005554 (0x0145d933) srl     s2, a1, s4
core   0: 3 0x80005554 (0x0145d933) x18 0xffffff72
core   0: 0x80005558 (0x00f4c633) xor     a2, s1, a5
core   0: 3 0x80005558 (0x00f4c633) x12 0xd0f966e9
core   0: 0x8000555c (0x4a4816b7) lui     a3, 0x4a481
core   0: 3 0x8000555c (0x4a4816b7) x13 0x4a481000
core   0: 0x80005560 (0x005ce833) or      a6, s9, t0
core   0: 3 0x80005560 (0x005ce833) x16 0x80014ce4
core   0: 0x80005564 (0x4d90c513) xori    a0, ra, 1241
core   0: 3 0x80005564 (0x4d90c513) x10 0xffffff36
core   0: 0x80005568 (0x00fc4733) xor     a4, s8, a5
core   0: 3 0x80005568 (0x00fc4733) x14 0x2f069a3a
core   0: 0x8000556c (0x406ad993) srai    s3, s5, 6
core   0: 3 0x8000556c (0x406ad993) x19 0x00000000
core   0: 0x80005570 (0xde2ee213) ori     tp, t4, -542
core   0: 3 0x80005570 (0xde2ee213) x 4 0xfffffde2
core   0: 0x80005574 (0x42dfb793) sltiu   a5, t6, 1069
core   0: 3 0x80005574 (0x42dfb793) x15 0x00000000
core   0: 0x80005578 (0x0140cc33) xor     s8, ra, s4
core   0: 3 0x80005578 (0x0140cc33) x24 0xfffffbef
core   0: 0x8000557c (0x213daa13) slti    s4, s11, 531
core   0: 3 0x8000557c (0x213daa13) x20 0x00000001
core   0: 0x80005580 (0x416900b3) sub     ra, s2, s6
core   0: 3 0x80005580 (0x416900b3) x 1 0x0000007c
core   0: 0x80005584 (0x7b986393) ori     t2, a6, 1977
core   0: 3 0x80005584 (0x7b986393) x 7 0x80014ffd
core   0: 0x80005588 (0x0117d693) srli    a3, a5, 17
core   0: 3 0x80005588 (0x0117d693) x13 0x00000000
core   0: 0x8000558c (0x00b6fab3) and     s5, a3, a1
core   0: 3 0x8000558c (0x00b6fab3) x21 0x00000000
core   0: 0x80005590 (0x011d2e33) slt     t3, s10, a7
core   0: 3 0x80005590 (0x011d2e33) x28 0x00000001
core   0: 0x80005594 (0xe459b9b7) lui     s3, 0xe459b
core   0: 3 0x80005594 (0xe459b9b7) x19 0xe459b000
core   0: 0x80005598 (0x0048c233) xor     tp, a7, tp
core   0: 3 0x80005598 (0x0048c233) x 4 0xfffffde3
core   0: 0x8000559c (0x45c93d13) sltiu   s10, s2, 1116
core   0: 3 0x8000559c (0x45c93d13) x26 0x00000000
core   0: 0x800055a0 (0x9902ebb7) lui     s7, 0x9902e
core   0: 3 0x800055a0 (0x9902ebb7) x23 0x9902e000
core   0: 0x800055a4 (0x00ddd8b3) srl     a7, s11, a3
core   0: 3 0x800055a4 (0x00ddd8b3) x17 0x00000010
core   0: 0x800055a8 (0x403106b3) sub     a3, sp, gp
core   0: 3 0x800055a8 (0x403106b3) x13 0x011a83e8
core   0: 0x800055ac (0x01860b33) add     s6, a2, s8
core   0: 3 0x800055ac (0x01860b33) x22 0xd0f962d8
core   0: 0x800055b0 (0xa8894093) xori    ra, s2, -1400
core   0: 3 0x800055b0 (0xa8894093) x 1 0x000005fa
core   0: 0x800055b4 (0x0035e033) or      zero, a1, gp
core   0: 3 0x800055b4 (0x0035e033)
core   0: 0x800055b8 (0x0058e9b3) or      s3, a7, t0
core   0: 3 0x800055b8 (0x0058e9b3) x19 0x00000010
core   0: 0x800055bc (0x00d39f93) slli    t6, t2, 13
core   0: 3 0x800055bc (0x00d39f93) x31 0x29ffa000
core   0: 0x800055c0 (0x00000013) nop
core   0: 3 0x800055c0 (0x00000013)
core   0: 0x800055c4 (0x354c3c13) sltiu   s8, s8, 852
core   0: 3 0x800055c4 (0x354c3c13) x24 0x00000000
core   0: 0x800055c8 (0x00000013) nop
core   0: 3 0x800055c8 (0x00000013)
core   0: 0x800055cc (0x4ba30993) addi    s3, t1, 1210
core   0: 3 0x800055cc (0x4ba30993) x19 0x66e56a02
core   0: 0x800055d0 (0x24dfca13) xori    s4, t6, 589
core   0: 3 0x800055d0 (0x24dfca13) x20 0x29ffa24d
core   0: 0x800055d4 (0x405c5633) sra     a2, s8, t0
core   0: 3 0x800055d4 (0x405c5633) x12 0x00000000
core   0: 0x800055d8 (0x00b15bb3) srl     s7, sp, a1
core   0: 3 0x800055d8 (0x00b15bb3) x23 0x00000046
core   0: 0x800055dc (0x413c5993) srai    s3, s8, 19
core   0: 3 0x800055dc (0x413c5993) x19 0x00000000
core   0: 0x800055e0 (0x0181ac33) slt     s8, gp, s8
core   0: 3 0x800055e0 (0x0181ac33) x24 0x00000000
core   0: 0x800055e4 (0x40d756b3) sra     a3, a4, a3
core   0: 3 0x800055e4 (0x40d756b3) x13 0x002f069a
core   0: 0x800055e8 (0x41f25e13) srai    t3, tp, 31
core   0: 3 0x800055e8 (0x41f25e13) x28 0xffffffff
core   0: 0x800055ec (0x4077d013) srai    zero, a5, 7
core   0: 3 0x800055ec (0x4077d013)
core   0: 0x800055f0 (0x03d0ca93) xori    s5, ra, 61
core   0: 3 0x800055f0 (0x03d0ca93) x21 0x000005c7
core   0: 0x800055f4 (0x008785b3) add     a1, a5, s0
core   0: 3 0x800055f4 (0x008785b3) x11 0x80010e64
core   0: 0x800055f8 (0x01658f33) add     t5, a1, s6
core   0: 3 0x800055f8 (0x01658f33) x30 0x50fa713c
core   0: 0x800055fc (0x01ef9b93) slli    s7, t6, 30
core   0: 3 0x800055fc (0x01ef9b93) x23 0x00000000
core   0: 0x80005600 (0xf1285fb7) lui     t6, 0xf1285
core   0: 3 0x80005600 (0xf1285fb7) x31 0xf1285000
core   0: 0x80005604 (0x018e9513) slli    a0, t4, 24
core   0: 3 0x80005604 (0x018e9513) x10 0x00000000
core   0: 0x80005608 (0x0133c233) xor     tp, t2, s3
core   0: 3 0x80005608 (0x0133c233) x 4 0x80014ffd
core   0: 0x8000560c (0xdf03b013) sltiu   zero, t2, -528
core   0: 3 0x8000560c (0xdf03b013)
core   0: 0x80005610 (0xf2aac693) xori    a3, s5, -214
core   0: 3 0x80005610 (0xf2aac693) x13 0xfffffaed
core   0: 0x80005614 (0x95be7993) andi    s3, t3, -1701
core   0: 3 0x80005614 (0x95be7993) x19 0xfffff95b
core   0: 0x80005618 (0x003aaf33) slt     t5, s5, gp
core   0: 3 0x80005618 (0x003aaf33) x30 0x00000000
core   0: 0x8000561c (0x005ee8b3) or      a7, t4, t0
core   0: 3 0x8000561c (0x005ee8b3) x17 0x80000000
core   0: 0x80005620 (0x0ac46893) ori     a7, s0, 172
core   0: 3 0x80005620 (0x0ac46893) x17 0x80010eec
core   0: 0x80005624 (0x4031df13) srai    t5, gp, 3
core   0: 3 0x80005624 (0x4031df13) x30 0x00000000
core   0: 0x80005628 (0xf3a9c913) xori    s2, s3, -198
core   0: 3 0x80005628 (0xf3a9c913) x18 0x00000661
core   0: 0x8000562c (0x00000b93) li      s7, 0
core   0: 3 0x8000562c (0x00000b93) x23 0x00000000
core   0: 0x80005630 (0x00000f93) li      t6, 0
core   0: 3 0x80005630 (0x00000f93) x31 0x00000000
core   0: 0x80005634 (0x00000913) li      s2, 0
core   0: 3 0x80005634 (0x00000913) x18 0x00000000
core   0: 0x80005638 (0xe4da4137) lui     sp, 0xe4da4
core   0: 3 0x80005638 (0xe4da4137) x 2 0xe4da4000
core   0: 0x8000563c (0xd5f10113) addi    sp, sp, -673
core   0: 3 0x8000563c (0xd5f10113) x 2 0xe4da3d5f
core   0: 0x80005640 (0xe67a09b7) lui     s3, 0xe67a0
core   0: 3 0x80005640 (0xe67a09b7) x19 0xe67a0000
core   0: 0x80005644 (0x2ae98993) addi    s3, s3, 686
core   0: 3 0x80005644 (0x2ae98993) x19 0xe67a02ae
core   0: 0x80005648 (0x00000e13) li      t3, 0
core   0: 3 0x80005648 (0x00000e13) x28 0x00000000
core   0: 0x8000564c (0xfbbda737) lui     a4, 0xfbbda
core   0: 3 0x8000564c (0xfbbda737) x14 0xfbbda000
core   0: 0x80005650 (0x8fe70713) addi    a4, a4, -1794
core   0: 3 0x80005650 (0x8fe70713) x14 0xfbbd98fe
core   0: 0x80005654 (0xfff00813) li      a6, -1
core   0: 3 0x80005654 (0xfff00813) x16 0xffffffff
core   0: 0x80005658 (0x80000337) lui     t1, 0x80000
core   0: 3 0x80005658 (0x80000337) x 6 0x80000000
core   0: 0x8000565c (0x00000d13) li      s10, 0
core   0: 3 0x8000565c (0x00000d13) x26 0x00000000
core   0: 0x80005660 (0x00000013) nop
core   0: 3 0x80005660 (0x00000013)
core   0: 0x80005664 (0xeffad317) auipc   t1, 0xeffad
core   0: 3 0x80005664 (0xeffad317) x 6 0x6ffb2664
core   0: 0x80005668 (0x5633eb97) auipc   s7, 0x5633e
core   0: 3 0x80005668 (0x5633eb97) x23 0xd6343668
core   0: 0x8000566c (0x00670fb3) add     t6, a4, t1
core   0: 3 0x8000566c (0x00670fb3) x31 0x6bb8bf62
core   0: 0x80005670 (0x00000013) nop
core   0: 3 0x80005670 (0x00000013)
core   0: 0x80005674 (0x00000013) nop
core   0: 3 0x80005674 (0x00000013)
core   0: 0x80005678 (0x406f8833) sub     a6, t6, t1
core   0: 3 0x80005678 (0x406f8833) x16 0xfbbd98fe
core   0: 0x8000567c (0x998f8b93) addi    s7, t6, -1640
core   0: 3 0x8000567c (0x998f8b93) x23 0x6bb8b8fa
core   0: 0x80005680 (0x00000013) nop
core   0: 3 0x80005680 (0x00000013)
core   0: 0x80005684 (0x00230bb3) add     s7, t1, sp
core   0: 3 0x80005684 (0x00230bb3) x23 0x54d563c3
core   0: 0x80005688 (0x41a809b3) sub     s3, a6, s10
core   0: 3 0x80005688 (0x41a809b3) x19 0xfbbd98fe
core   0: 0x8000568c (0x00000013) nop
core   0: 3 0x8000568c (0x00000013)
core   0: 0x80005690 (0x41f98e33) sub     t3, s3, t6
core   0: 3 0x80005690 (0x41f98e33) x28 0x9004d99c
core   0: 0x80005694 (0x40210d33) sub     s10, sp, sp
core   0: 3 0x80005694 (0x40210d33) x26 0x00000000
core   0: 0x80005698 (0x2cfc2d37) lui     s10, 0x2cfc2
core   0: 3 0x80005698 (0x2cfc2d37) x26 0x2cfc2000
core   0: 0x8000569c (0x00000013) nop
core   0: 3 0x8000569c (0x00000013)
core   0: 0x800056a0 (0x412309b3) sub     s3, t1, s2
core   0: 3 0x800056a0 (0x412309b3) x19 0x6ffb2664
core   0: 0x800056a4 (0x00298333) add     t1, s3, sp
core   0: 3 0x800056a4 (0x00298333) x 6 0x54d563c3
core   0: 0x800056a8 (0xbdd58f97) auipc   t6, 0xbdd58
core   0: 3 0x800056a8 (0xbdd58f97) x31 0x3dd5d6a8
core   0: 0x800056ac (0xfd68fe37) lui     t3, 0xfd68f
core   0: 3 0x800056ac (0xfd68fe37) x28 0xfd68f000
core   0: 0x800056b0 (0xcbcfcb97) auipc   s7, 0xcbcfc
core   0: 3 0x800056b0 (0xcbcfcb97) x23 0x4bd016b0
core   0: 0x800056b4 (0x00e10133) add     sp, sp, a4
core   0: 3 0x800056b4 (0x00e10133) x 2 0xe097d65d
core   0: 0x800056b8 (0x51f70713) addi    a4, a4, 1311
core   0: 3 0x800056b8 (0x51f70713) x14 0xfbbd9e1d
core   0: 0x800056bc (0x00eb88b3) add     a7, s7, a4
core   0: 3 0x800056bc (0x00eb88b3) x17 0x478db4cd
core   0: 0x800056c0 (0x100f2b13) slti    s6, t5, 256
core   0: 3 0x800056c0 (0x100f2b13) x22 0x00000001
core   0: 0x800056c4 (0x0004aab3) slt     s5, s1, zero
core   0: 3 0x800056c4 (0x0004aab3) x21 0x00000000
core   0: 0x800056c8 (0x418d5933) sra     s2, s10, s8
core   0: 3 0x800056c8 (0x418d5933) x18 0x2cfc2000
core   0: 0x800056cc (0x0039bab3) sltu    s5, s3, gp
core   0: 3 0x800056cc (0x0039bab3) x21 0x00000000
core   0: 0x800056d0 (0x0088e633) or      a2, a7, s0
core   0: 3 0x800056d0 (0x0088e633) x12 0xc78dbeed
core   0: 0x800056d4 (0xa89afe17) auipc   t3, 0xa89af
core   0: 3 0x800056d4 (0xa89afe17) x28 0x289b46d4
core   0: 0x800056d8 (0x01e00db3) add     s11, zero, t5
core   0: 3 0x800056d8 (0x01e00db3) x27 0x00000000
core   0: 0x800056dc (0xb260e793) ori     a5, ra, -1242
core   0: 3 0x800056dc (0xb260e793) x15 0xfffffffe
core   0: 0x800056e0 (0x00535fb3) srl     t6, t1, t0
core   0: 3 0x800056e0 (0x00535fb3) x31 0x54d563c3
core   0: 0x800056e4 (0x00bfcab3) xor     s5, t6, a1
core   0: 3 0x800056e4 (0x00bfcab3) x21 0xd4d46da7
core   0: 0x800056e8 (0x010ce833) or      a6, s9, a6
core   0: 3 0x800056e8 (0x010ce833) x16 0xfbbddcfe
core   0: 0x800056ec (0x20883f37) lui     t5, 0x20883
core   0: 3 0x800056ec (0x20883f37) x30 0x20883000
core   0: 0x800056f0 (0x004b2b33) slt     s6, s6, tp
core   0: 3 0x800056f0 (0x004b2b33) x22 0x00000000
core   0: 0x800056f4 (0x715f8793) addi    a5, t6, 1813
core   0: 3 0x800056f4 (0x715f8793) x15 0x54d56ad8
core   0: 0x800056f8 (0x41ac5d93) srai    s11, s8, 26
core   0: 3 0x800056f8 (0x41ac5d93) x27 0x00000000
core   0: 0x800056fc (0x5181e893) ori     a7, gp, 1304
core   0: 3 0x800056fc (0x5181e893) x17 0x00000518
core   0: 0x80005700 (0x41825c13) srai    s8, tp, 24
core   0: 3 0x80005700 (0x41825c13) x24 0xffffff80
core   0: 0x80005704 (0x01ec4ab3) xor     s5, s8, t5
core   0: 3 0x80005704 (0x01ec4ab3) x21 0xdf77cf80
core   0: 0x80005708 (0x0127f9b3) and     s3, a5, s2
core   0: 3 0x80005708 (0x0127f9b3) x19 0x04d42000
core   0: 0x8000570c (0x43bd0913) addi    s2, s10, 1083
core   0: 3 0x8000570c (0x43bd0913) x18 0x2cfc243b
core   0: 0x80005710 (0x00dd1d93) slli    s11, s10, 13
core   0: 3 0x80005710 (0x00dd1d93) x27 0x84000000
core   0: 0x80005714 (0x00000013) nop
core   0: 3 0x80005714 (0x00000013)
core   0: 0x80005718 (0x41c68b33) sub     s6, a3, t3
core   0: 3 0x80005718 (0x41c68b33) x22 0xd764b419
core   0: 0x8000571c (0x012ff7b3) and     a5, t6, s2
core   0: 3 0x8000571c (0x012ff7b3) x15 0x04d42003
core   0: 0x80005720 (0x410c04b3) sub     s1, s8, a6
core   0: 3 0x80005720 (0x410c04b3) x 9 0x04422282
core   0: 0x80005724 (0x0073f0b3) and     ra, t2, t2
core   0: 3 0x80005724 (0x0073f0b3) x 1 0x80014ffd
core   0: 0x80005728 (0x19712313) slti    t1, sp, 407
core   0: 3 0x80005728 (0x19712313) x 6 0x00000001
core   0: 0x8000572c (0x30499617) auipc   a2, 0x30499
core   0: 3 0x8000572c (0x30499617) x12 0xb049e72c
core   0: 0x80005730 (0x417b53b3) sra     t2, s6, s7
core   0: 3 0x80005730 (0x417b53b3) x 7 0xffffd764
core   0: 0x80005734 (0x407c8733) sub     a4, s9, t2
core   0: 3 0x80005734 (0x407c8733) x14 0x80017580
core   0: 0x80005738 (0x01ad89b3) add     s3, s11, s10
core   0: 3 0x80005738 (0x01ad89b3) x19 0xb0fc2000
core   0: 0x8000573c (0x01fa6533) or      a0, s4, t6
core   0: 3 0x8000573c (0x01fa6533) x10 0x7dffe3cf
core   0: 0x80005740 (0x0181d093) srli    ra, gp, 24
core   0: 3 0x80005740 (0x0181d093) x 1 0x00000000
core   0: 0x80005744 (0x004d0633) add     a2, s10, tp
core   0: 3 0x80005744 (0x004d0633) x12 0xacfd6ffd
core   0: 0x80005748 (0x00619913) slli    s2, gp, 6
core   0: 3 0x80005748 (0x00619913) x18 0x00000000
core   0: 0x8000574c (0x3be26293) ori     t0, tp, 958
core   0: 3 0x8000574c (0x3be26293) x 5 0x80014fff
core   0: 0x80005750 (0x01d0ba33) sltu    s4, ra, t4
core   0: 3 0x80005750 (0x01d0ba33) x20 0x00000001
core   0: 0x80005754 (0x01c6c2b3) xor     t0, a3, t3
core   0: 3 0x80005754 (0x01c6c2b3) x 5 0xd764bc39
core   0: 0x80005758 (0x41298333) sub     t1, s3, s2
core   0: 3 0x80005758 (0x41298333) x 6 0xb0fc2000
core   0: 0x8000575c (0x5481b013) sltiu   zero, gp, 1352
core   0: 3 0x8000575c (0x5481b013)
core   0: 0x80005760 (0x01d349b3) xor     s3, t1, t4
core   0: 3 0x80005760 (0x01d349b3) x19 0x30fc2000
core   0: 0x80005764 (0x412902b3) sub     t0, s2, s2
core   0: 3 0x80005764 (0x412902b3) x 5 0x00000000
core   0: 0x80005768 (0x00e7ec33) or      s8, a5, a4
core   0: 3 0x80005768 (0x00e7ec33) x24 0x84d57583
core   0: 0x8000576c (0x016c1f13) slli    t5, s8, 22
core   0: 3 0x8000576c (0x016c1f13) x30 0x60c00000
core   0: 0x80005770 (0x000ec4b3) xor     s1, t4, zero
core   0: 3 0x80005770 (0x000ec4b3) x 9 0x80000000
core   0: 0x80005774 (0x40740e33) sub     t3, s0, t2
core   0: 3 0x80005774 (0x40740e33) x28 0x80013700
core   0: 0x80005778 (0x012a6b33) or      s6, s4, s2
core   0: 3 0x80005778 (0x012a6b33) x22 0x00000001
core   0: 0x8000577c (0x003a09b3) add     s3, s4, gp
core   0: 3 0x8000577c (0x003a09b3) x19 0x00000001
core   0: 0x80005780 (0x00fc5513) srli    a0, s8, 15
core   0: 3 0x80005780 (0x00fc5513) x10 0x000109aa
core   0: 0x80005784 (0x0166c533) xor     a0, a3, s6
core   0: 3 0x80005784 (0x0166c533) x10 0xfffffaec
core   0: 0x80005788 (0x55db7717) auipc   a4, 0x55db7
core   0: 3 0x80005788 (0x55db7717) x14 0xd5dbc788
core   0: 0x8000578c (0x01d7bd33) sltu    s10, a5, t4
core   0: 3 0x8000578c (0x01d7bd33) x26 0x00000001
core   0: 0x80005790 (0x0063b533) sltu    a0, t2, t1
core   0: 3 0x80005790 (0x0063b533) x10 0x00000000
core   0: 0x80005794 (0x00f9bc33) sltu    s8, s3, a5
core   0: 3 0x80005794 (0x00f9bc33) x24 0x00000001
core   0: 0x80005798 (0x01569d33) sll     s10, a3, s5
core   0: 3 0x80005798 (0x01569d33) x26 0xfffffaed
core   0: 0x8000579c (0xa1943213) sltiu   tp, s0, -1511
core   0: 3 0x8000579c (0xa1943213) x 4 0x00000001
core   0: 0x800057a0 (0x412adf13) srai    t5, s5, 18
core   0: 3 0x800057a0 (0x412adf13) x30 0xfffff7dd
core   0: 0x800057a4 (0x40725a33) sra     s4, tp, t2
core   0: 3 0x800057a4 (0x40725a33) x20 0x00000000
core   0: 0x800057a8 (0x6da85497) auipc   s1, 0x6da85
core   0: 3 0x800057a8 (0x6da85497) x 9 0xeda8a7a8
core   0: 0x800057ac (0x00191333) sll     t1, s2, ra
core   0: 3 0x800057ac (0x00191333) x 6 0x00000000
core   0: 0x800057b0 (0x44a06317) auipc   t1, 0x44a06
core   0: 3 0x800057b0 (0x44a06317) x 6 0xc4a0b7b0
core   0: 0x800057b4 (0x018f9a13) slli    s4, t6, 24
core   0: 3 0x800057b4 (0x018f9a13) x20 0xc3000000
core   0: 0x800057b8 (0x00bee7b3) or      a5, t4, a1
core   0: 3 0x800057b8 (0x00bee7b3) x15 0x80010e64
core   0: 0x800057bc (0x00b43d33) sltu    s10, s0, a1
core   0: 3 0x800057bc (0x00b43d33) x26 0x00000000
core   0: 0x800057c0 (0x402a8633) sub     a2, s5, sp
core   0: 3 0x800057c0 (0x402a8633) x12 0xfedff923
core   0: 0x800057c4 (0x0077d193) srli    gp, a5, 7
core   0: 3 0x800057c4 (0x0077d193) x 3 0x0100021c
core   0: 0x800057c8 (0x414a02b3) sub     t0, s4, s4
core   0: 3 0x800057c8 (0x414a02b3) x 5 0x00000000
core   0: 0x800057cc (0xc5b80b13) addi    s6, a6, -933
core   0: 3 0x800057cc (0xc5b80b13) x22 0xfbbdd959
core   0: 0x800057d0 (0x003bdf33) srl     t5, s7, gp
core   0: 3 0x800057d0 (0x003bdf33) x30 0x00000004
core   0: 0x800057d4 (0x5ca8f717) auipc   a4, 0x5ca8f
core   0: 3 0x800057d4 (0x5ca8f717) x14 0xdca947d4
core   0: 0x800057d8 (0x4114d833) sra     a6, s1, a7
core   0: 3 0x800057d8 (0x4114d833) x16 0xffffffed
core   0: 0x800057dc (0x00564bb3) xor     s7, a2, t0
core   0: 3 0x800057dc (0x00564bb3) x23 0xfedff923
core   0: 0x800057e0 (0x016c5233) srl     tp, s8, s6
core   0: 3 0x800057e0 (0x016c5233) x 4 0x00000000
core   0: 0x800057e4 (0x39693fb7) lui     t6, 0x39693
core   0: 3 0x800057e4 (0x39693fb7) x31 0x39693000
core   0: 0x800057e8 (0x014a5813) srli    a6, s4, 20
core   0: 3 0x800057e8 (0x014a5813) x16 0x00000c30
core   0: 0x800057ec (0x00000013) nop
core   0: 3 0x800057ec (0x00000013)
core   0: 0x800057f0 (0x4097d513) srai    a0, a5, 9
core   0: 3 0x800057f0 (0x4097d513) x10 0xffc00087
core   0: 0x800057f4 (0x01f49a93) slli    s5, s1, 31
core   0: 3 0x800057f4 (0x01f49a93) x21 0x00000000
core   0: 0x800057f8 (0x012069b3) or      s3, zero, s2
core   0: 3 0x800057f8 (0x012069b3) x19 0x00000000
core   0: 0x800057fc (0x8c69c093) xori    ra, s3, -1850
core   0: 3 0x800057fc (0x8c69c093) x 1 0xfffff8c6
core   0: 0x80005800 (0x01b40133) add     sp, s0, s11
core   0: 3 0x80005800 (0x01b40133) x 2 0x04010e64
core   0: 0x80005804 (0x9de24093) xori    ra, tp, -1570
core   0: 3 0x80005804 (0x9de24093) x 1 0xfffff9de
core   0: 0x80005808 (0x01f9c0b3) xor     ra, s3, t6
core   0: 3 0x80005808 (0x01f9c0b3) x 1 0x39693000
core   0: 0x8000580c (0x0198dab3) srl     s5, a7, s9
core   0: 3 0x8000580c (0x0198dab3) x21 0x00000051
core   0: 0x80005810 (0x05635bb7) lui     s7, 0x5635
core   0: 3 0x80005810 (0x05635bb7) x23 0x05635000
core   0: 0x80005814 (0x8bce6093) ori     ra, t3, -1860
core   0: 3 0x80005814 (0x8bce6093) x 1 0xffffffbc
core   0: 0x80005818 (0x5482f793) andi    a5, t0, 1352
core   0: 3 0x80005818 (0x5482f793) x15 0x00000000
core   0: 0x8000581c (0x417edc33) sra     s8, t4, s7
core   0: 3 0x8000581c (0x417edc33) x24 0x80000000
core   0: 0x80005820 (0x2b3d6d13) ori     s10, s10, 691
core   0: 3 0x80005820 (0x2b3d6d13) x26 0x000002b3
core   0: 0x80005824 (0x3225e797) auipc   a5, 0x3225e
core   0: 3 0x80005824 (0x3225e797) x15 0xb2263824
core   0: 0x80005828 (0x0103f8b3) and     a7, t2, a6
core   0: 3 0x80005828 (0x0103f8b3) x17 0x00000420
core   0: 0x8000582c (0x00678c33) add     s8, a5, t1
core   0: 3 0x8000582c (0x00678c33) x24 0x76c6efd4
core   0: 0x80005830 (0x4124d993) srai    s3, s1, 18
core   0: 3 0x80005830 (0x4124d993) x19 0xfffffb6a
core   0: 0x80005834 (0x00000013) nop
core   0: 3 0x80005834 (0x00000013)
core   0: 0x80005838 (0x01f1ebb3) or      s7, gp, t6
core   0: 3 0x80005838 (0x01f1ebb3) x23 0x3969321c
core   0: 0x8000583c (0x00637633) and     a2, t1, t1
core   0: 3 0x8000583c (0x00637633) x12 0xc4a0b7b0
core   0: 0x80005840 (0x01e38f33) add     t5, t2, t5
core   0: 3 0x80005840 (0x01e38f33) x30 0xffffd768
core   0: 0x80005844 (0xf64d3813) sltiu   a6, s10, -156
core   0: 3 0x80005844 (0xf64d3813) x16 0x00000001
core   0: 0x80005848 (0x0185fc33) and     s8, a1, s8
core   0: 3 0x80005848 (0x0185fc33) x24 0x00000e44
core   0: 0x8000584c (0x0085d593) srli    a1, a1, 8
core   0: 3 0x8000584c (0x0085d593) x11 0x0080010e
core   0: 0x80005850 (0x0129a1b3) slt     gp, s3, s2
core   0: 3 0x80005850 (0x0129a1b3) x 3 0x00000001
core   0: 0x80005854 (0x01609893) slli    a7, ra, 22
core   0: 3 0x80005854 (0x01609893) x17 0xef000000
core   0: 0x80005858 (0x00000013) nop
core   0: 3 0x80005858 (0x00000013)
core   0: 0x8000585c (0x40ee5a13) srai    s4, t3, 14
core   0: 3 0x8000585c (0x40ee5a13) x20 0xfffe0004
core   0: 0x80005860 (0x00000013) nop
core   0: 3 0x80005860 (0x00000013)
core   0: 0x80005864 (0x82f54293) xori    t0, a0, -2001
core   0: 3 0x80005864 (0x82f54293) x 5 0x003ff8a8
core   0: 0x80005868 (0x00ea1293) slli    t0, s4, 14
core   0: 3 0x80005868 (0x00ea1293) x 5 0x80010000
core   0: 0x8000586c (0x0099c233) xor     tp, s3, s1
core   0: 3 0x8000586c (0x0099c233) x 4 0x12575cc2
core   0: 0x80005870 (0x0002d1b3) srl     gp, t0, zero
core   0: 3 0x80005870 (0x0002d1b3) x 3 0x80010000
core   0: 0x80005874 (0x40580a33) sub     s4, a6, t0
core   0: 3 0x80005874 (0x40580a33) x20 0x7fff0001
core   0: 0x80005878 (0x40b18133) sub     sp, gp, a1
core   0: 3 0x80005878 (0x40b18133) x 2 0x7f80fef2
core   0: 0x8000587c (0x00f5a3b3) slt     t2, a1, a5
core   0: 3 0x8000587c (0x00f5a3b3) x 7 0x00000000
core   0: 0x80005880 (0x3e777093) andi    ra, a4, 999
core   0: 3 0x80005880 (0x3e777093) x 1 0x000003c4
core   0: 0x80005884 (0x01056bb3) or      s7, a0, a6
core   0: 3 0x80005884 (0x01056bb3) x23 0xffc00087
core   0: 0x80005888 (0x40a7d033) sra     zero, a5, a0
core   0: 3 0x80005888 (0x40a7d033)
core   0: 0x8000588c (0x3eb6a893) slti    a7, a3, 1003
core   0: 3 0x8000588c (0x3eb6a893) x17 0x00000001
core   0: 0x80005890 (0x413c8733) sub     a4, s9, s3
core   0: 3 0x80005890 (0x413c8733) x14 0x8001517a
core   0: 0x80005894 (0x01a6dfb3) srl     t6, a3, s10
core   0: 3 0x80005894 (0x01a6dfb3) x31 0x00001fff
core   0: 0x80005898 (0x4169d493) srai    s1, s3, 22
core   0: 3 0x80005898 (0x4169d493) x 9 0xffffffff
core   0: 0x8000589c (0x00000013) nop
core   0: 3 0x8000589c (0x00000013)
core   0: 0x800058a0 (0x003ddb93) srli    s7, s11, 3
core   0: 3 0x800058a0 (0x003ddb93) x23 0x10800000
core   0: 0x800058a4 (0x41a4dd93) srai    s11, s1, 26
core   0: 3 0x800058a4 (0x41a4dd93) x27 0xffffffff
core   0: 0x800058a8 (0x00942b33) slt     s6, s0, s1
core   0: 3 0x800058a8 (0x00942b33) x22 0x00000001
core   0: 0x800058ac (0x35b3a597) auipc   a1, 0x35b3a
core   0: 3 0x800058ac (0x35b3a597) x11 0xb5b3f8ac
core   0: 0x800058b0 (0x0128e533) or      a0, a7, s2
core   0: 3 0x800058b0 (0x0128e533) x10 0x00000001
core   0: 0x800058b4 (0xc7b56893) ori     a7, a0, -901
core   0: 3 0x800058b4 (0xc7b56893) x17 0xfffffc7b
core   0: 0x800058b8 (0x018b8a33) add     s4, s7, s8
core   0: 3 0x800058b8 (0x018b8a33) x20 0x10800e44
core   0: 0x800058bc (0x00859d33) sll     s10, a1, s0
core   0: 3 0x800058bc (0x00859d33) x26 0x5b3f8ac0
core   0: 0x800058c0 (0x00d3f933) and     s2, t2, a3
core   0: 3 0x800058c0 (0x00d3f933) x18 0x00000000
core   0: 0x800058c4 (0x01ec9db3) sll     s11, s9, t5
core   0: 3 0x800058c4 (0x01ec9db3) x27 0x014ce400
core   0: 0x800058c8 (0x008a9e33) sll     t3, s5, s0
core   0: 3 0x800058c8 (0x008a9e33) x28 0x00000510
core   0: 0x800058cc (0x008bb9b3) sltu    s3, s7, s0
core   0: 3 0x800058cc (0x008bb9b3) x19 0x00000001
core   0: 0x800058d0 (0x03b5b837) lui     a6, 0x3b5b
core   0: 3 0x800058d0 (0x03b5b837) x16 0x03b5b000
core   0: 0x800058d4 (0x010fbdb3) sltu    s11, t6, a6
core   0: 3 0x800058d4 (0x010fbdb3) x27 0x00000001
core   0: 0x800058d8 (0x017c9133) sll     sp, s9, s7
core   0: 3 0x800058d8 (0x017c9133) x 2 0x80014ce4
core   0: 0x800058dc (0xff7c2a13) slti    s4, s8, -9
core   0: 3 0x800058dc (0xff7c2a13) x20 0x00000000
core   0: 0x800058e0 (0x23ea2337) lui     t1, 0x23ea2
core   0: 3 0x800058e0 (0x23ea2337) x 6 0x23ea2000
core   0: 0x800058e4 (0xd1c98713) addi    a4, s3, -740
core   0: 3 0x800058e4 (0xd1c98713) x14 0xfffffd1d
core   0: 0x800058e8 (0xe7c60213) addi    tp, a2, -388
core   0: 3 0x800058e8 (0xe7c60213) x 4 0xc4a0b62c
core   0: 0x800058ec (0x41b38933) sub     s2, t2, s11
core   0: 3 0x800058ec (0x41b38933) x18 0xffffffff
core   0: 0x800058f0 (0x0032bfb3) sltu    t6, t0, gp
core   0: 3 0x800058f0 (0x0032bfb3) x31 0x00000000
core   0: 0x800058f4 (0x407a52b3) sra     t0, s4, t2
core   0: 3 0x800058f4 (0x407a52b3) x 5 0x00000000
core   0: 0x800058f8 (0x0128a033) slt     zero, a7, s2
core   0: 3 0x800058f8 (0x0128a033)
core   0: 0x800058fc (0x005bf7b3) and     a5, s7, t0
core   0: 3 0x800058fc (0x005bf7b3) x15 0x00000000
core   0: 0x80005900 (0x01918d33) add     s10, gp, s9
core   0: 3 0x80005900 (0x01918d33) x26 0x00024ce4
core   0: 0x80005904 (0xda86b513) sltiu   a0, a3, -600
core   0: 3 0x80005904 (0xda86b513) x10 0x00000001
core   0: 0x80005908 (0x00ff8db3) add     s11, t6, a5
core   0: 3 0x80005908 (0x00ff8db3) x27 0x00000000
core   0: 0x8000590c (0x00e4ae33) slt     t3, s1, a4
core   0: 3 0x8000590c (0x00e4ae33) x28 0x00000000
core   0: 0x80005910 (0xbbb6e793) ori     a5, a3, -1093
core   0: 3 0x80005910 (0xbbb6e793) x15 0xfffffbff
core   0: 0x80005914 (0x011c1293) slli    t0, s8, 17
core   0: 3 0x80005914 (0x011c1293) x 5 0x1c880000
core   0: 0x80005918 (0x01a9c1b3) xor     gp, s3, s10
core   0: 3 0x80005918 (0x01a9c1b3) x 3 0x00024ce5
core   0: 0x8000591c (0xb724b913) sltiu   s2, s1, -1166
core   0: 3 0x8000591c (0xb724b913) x18 0x00000000
core   0: 0x80005920 (0xcafb0237) lui     tp, 0xcafb0
core   0: 3 0x80005920 (0xcafb0237) x 4 0xcafb0000
core   0: 0x80005924 (0x3ba72317) auipc   t1, 0x3ba72
core   0: 3 0x80005924 (0x3ba72317) x 6 0xbba77924
core   0: 0x80005928 (0x01c9ba33) sltu    s4, s3, t3
core   0: 3 0x80005928 (0x01c9ba33) x20 0x00000000
core   0: 0x8000592c (0x013a26b3) slt     a3, s4, s3
core   0: 3 0x8000592c (0x013a26b3) x13 0x00000001
core   0: 0x80005930 (0x883be693) ori     a3, s7, -1917
core   0: 3 0x80005930 (0x883be693) x13 0xfffff883
core   0: 0x80005934 (0x00369613) slli    a2, a3, 3
core   0: 3 0x80005934 (0x00369613) x12 0xffffc418
core   0: 0x80005938 (0x71458b17) auipc   s6, 0x71458
core   0: 3 0x80005938 (0x71458b17) x22 0xf145d938
core   0: 0x8000593c (0x01c52333) slt     t1, a0, t3
core   0: 3 0x8000593c (0x01c52333) x 6 0x00000000
core   0: 0x80005940 (0xee13ed93) ori     s11, t2, -287
core   0: 3 0x80005940 (0xee13ed93) x27 0xfffffee1
core   0: 0x80005944 (0x00530e33) add     t3, t1, t0
core   0: 3 0x80005944 (0x00530e33) x28 0x1c880000
core   0: 0x80005948 (0x0120c933) xor     s2, ra, s2
core   0: 3 0x80005948 (0x0120c933) x18 0x000003c4
core   0: 0x8000594c (0x00000013) nop
core   0: 3 0x8000594c (0x00000013)
core   0: 0x80005950 (0xf2c02293) slti    t0, zero, -212
core   0: 3 0x80005950 (0xf2c02293) x 5 0x00000000
core   0: 0x80005954 (0x01a8a7b3) slt     a5, a7, s10
core   0: 3 0x80005954 (0x01a8a7b3) x15 0x00000001
core   0: 0x80005958 (0xe69e6ab7) lui     s5, 0xe69e6
core   0: 3 0x80005958 (0xe69e6ab7) x21 0xe69e6000
core   0: 0x8000595c (0x01be18b3) sll     a7, t3, s11
core   0: 3 0x8000595c (0x01be18b3) x17 0x39100000
core   0: 0x80005960 (0x00a81293) slli    t0, a6, 10
core   0: 3 0x80005960 (0x00a81293) x 5 0xd6c00000
core   0: 0x80005964 (0x0096c0b3) xor     ra, a3, s1
core   0: 3 0x80005964 (0x0096c0b3) x 1 0x0000077c
core   0: 0x80005968 (0x0016d6b3) srl     a3, a3, ra
core   0: 3 0x80005968 (0x0016d6b3) x13 0x0000000f
core   0: 0x8000596c (0x00b600b3) add     ra, a2, a1
core   0: 3 0x8000596c (0x00b600b3) x 1 0xb5b3bcc4
core   0: 0x80005970 (0x00000013) nop
core   0: 3 0x80005970 (0x00000013)
core   0: 0x80005974 (0x000677b3) and     a5, a2, zero
core   0: 3 0x80005974 (0x000677b3) x15 0x00000000
core   0: 0x80005978 (0x9ff62493) slti    s1, a2, -1537
core   0: 3 0x80005978 (0x9ff62493) x 9 0x00000001
core   0: 0x8000597c (0x63158d93) addi    s11, a1, 1585
core   0: 3 0x8000597c (0x63158d93) x27 0xb5b3fedd
core   0: 0x80005980 (0x4ef0fb13) andi    s6, ra, 1263
core   0: 3 0x80005980 (0x4ef0fb13) x22 0x000004c4
core   0: 0x80005984 (0xa6f9a513) slti    a0, s3, -1425
core   0: 3 0x80005984 (0xa6f9a513) x10 0x00000000
core   0: 0x80005988 (0x00000013) nop
core   0: 3 0x80005988 (0x00000013)
core   0: 0x8000598c (0x00959593) slli    a1, a1, 9
core   0: 3 0x8000598c (0x00959593) x11 0x67f15800
core   0: 0x80005990 (0xb77b2617) auipc   a2, 0xb77b2
core   0: 3 0x80005990 (0xb77b2617) x12 0x377b7990
core   0: 0x80005994 (0x009175b3) and     a1, sp, s1
core   0: 3 0x80005994 (0x009175b3) x11 0x00000000
core   0: 0x80005998 (0x0151bfb3) sltu    t6, gp, s5
core   0: 3 0x80005998 (0x0151bfb3) x31 0x00000001
core   0: 0x8000599c (0x019ed6b3) srl     a3, t4, s9
core   0: 3 0x8000599c (0x019ed6b3) x13 0x08000000
core   0: 0x800059a0 (0xec24a193) slti    gp, s1, -318
core   0: 3 0x800059a0 (0xec24a193) x 3 0x00000000
core   0: 0x800059a4 (0x41d103b3) sub     t2, sp, t4
core   0: 3 0x800059a4 (0x41d103b3) x 7 0x00014ce4
core   0: 0x800059a8 (0x01f68333) add     t1, a3, t6
core   0: 3 0x800059a8 (0x01f68333) x 6 0x08000001
core   0: 0x800059ac (0x00589a13) slli    s4, a7, 5
core   0: 3 0x800059ac (0x00589a13) x20 0x22000000
core   0: 0x800059b0 (0x00f6d893) srli    a7, a3, 15
core   0: 3 0x800059b0 (0x00f6d893) x17 0x00001000
core   0: 0x800059b4 (0x002c0933) add     s2, s8, sp
core   0: 3 0x800059b4 (0x002c0933) x18 0x80015b28
core   0: 0x800059b8 (0x00b57033) and     zero, a0, a1
core   0: 3 0x800059b8 (0x00b57033)
core   0: 0x800059bc (0x01b65833) srl     a6, a2, s11
core   0: 3 0x800059bc (0x01b65833) x16 0x00000001
core   0: 0x800059c0 (0x53405c37) lui     s8, 0x53405
core   0: 3 0x800059c0 (0x53405c37) x24 0x53405000
core   0: 0x800059c4 (0x00d90e33) add     t3, s2, a3
core   0: 3 0x800059c4 (0x00d90e33) x28 0x88015b28
core   0: 0x800059c8 (0x1a578a93) addi    s5, a5, 421
core   0: 3 0x800059c8 (0x1a578a93) x21 0x000001a5
core   0: 0x800059cc (0x37e5f713) andi    a4, a1, 894
core   0: 3 0x800059cc (0x37e5f713) x14 0x00000000
core   0: 0x800059d0 (0x016b7733) and     a4, s6, s6
core   0: 3 0x800059d0 (0x016b7733) x14 0x000004c4
core   0: 0x800059d4 (0x4144d893) srai    a7, s1, 20
core   0: 3 0x800059d4 (0x4144d893) x17 0x00000000
core   0: 0x800059d8 (0x412450b3) sra     ra, s0, s2
core   0: 3 0x800059d8 (0x412450b3) x 1 0xff80010e
core   0: 0x800059dc (0x002cadb3) slt     s11, s9, sp
core   0: 3 0x800059dc (0x002cadb3) x27 0x00000000
core   0: 0x800059e0 (0x00b53bb3) sltu    s7, a0, a1
core   0: 3 0x800059e0 (0x00b53bb3) x23 0x00000000
core   0: 0x800059e4 (0x000a5a93) srli    s5, s4, 0
core   0: 3 0x800059e4 (0x000a5a93) x21 0x22000000
core   0: 0x800059e8 (0x004ad293) srli    t0, s5, 4
core   0: 3 0x800059e8 (0x004ad293) x 5 0x02200000
core   0: 0x800059ec (0x402e53b3) sra     t2, t3, sp
core   0: 3 0x800059ec (0x402e53b3) x 7 0xf88015b2
core   0: 0x800059f0 (0x0054a233) slt     tp, s1, t0
core   0: 3 0x800059f0 (0x0054a233) x 4 0x00000001
core   0: 0x800059f4 (0x6e5bc193) xori    gp, s7, 1765
core   0: 3 0x800059f4 (0x6e5bc193) x 3 0x000006e5
core   0: 0x800059f8 (0x43494013) xori    zero, s2, 1076
core   0: 3 0x800059f8 (0x43494013)
core   0: 0x800059fc (0x00791693) slli    a3, s2, 7
core   0: 3 0x800059fc (0x00791693) x13 0x00ad9400
core   0: 0x80005a00 (0xf9efe113) ori     sp, t6, -98
core   0: 3 0x80005a00 (0xf9efe113) x 2 0xffffff9f
core   0: 0x80005a04 (0x004ac833) xor     a6, s5, tp
core   0: 3 0x80005a04 (0x004ac833) x16 0x22000001
core   0: 0x80005a08 (0x00b1eb33) or      s6, gp, a1
core   0: 3 0x80005a08 (0x00b1eb33) x22 0x000006e5
core   0: 0x80005a0c (0x009f2633) slt     a2, t5, s1
core   0: 3 0x80005a0c (0x009f2633) x12 0x00000001
core   0: 0x80005a10 (0x59613093) sltiu   ra, sp, 1430
core   0: 3 0x80005a10 (0x59613093) x 1 0x00000000
core   0: 0x80005a14 (0x00b546b3) xor     a3, a0, a1
core   0: 3 0x80005a14 (0x00b546b3) x13 0x00000000
core   0: 0x80005a18 (0x00260fb3) add     t6, a2, sp
core   0: 3 0x80005a18 (0x00260fb3) x31 0xffffffa0
core   0: 0x80005a1c (0x00a4a633) slt     a2, s1, a0
core   0: 3 0x80005a1c (0x00a4a633) x12 0x00000000
core   0: 0x80005a20 (0x4083da93) srai    s5, t2, 8
core   0: 3 0x80005a20 (0x4083da93) x21 0xfff88015
core   0: 0x80005a24 (0x00e1f633) and     a2, gp, a4
core   0: 3 0x80005a24 (0x00e1f633) x12 0x000004c4
core   0: 0x80005a28 (0x6f880713) addi    a4, a6, 1784
core   0: 3 0x80005a28 (0x6f880713) x14 0x220006f9
core   0: 0x80005a2c (0x01060833) add     a6, a2, a6
core   0: 3 0x80005a2c (0x01060833) x16 0x220004c5
core   0: 0x80005a30 (0x40ea0833) sub     a6, s4, a4
core   0: 3 0x80005a30 (0x40ea0833) x16 0xfffff907
core   0: 0x80005a34 (0x413406b3) sub     a3, s0, s3
core   0: 3 0x80005a34 (0x413406b3) x13 0x80010e63
core   0: 0x80005a38 (0x000bf733) and     a4, s7, zero
core   0: 3 0x80005a38 (0x000bf733) x14 0x00000000
core   0: 0x80005a3c (0x01021333) sll     t1, tp, a6
core   0: 3 0x80005a3c (0x01021333) x 6 0x00000080
core   0: 0x80005a40 (0x016b8fb3) add     t6, s7, s6
core   0: 3 0x80005a40 (0x016b8fb3) x31 0x000006e5
core   0: 0x80005a44 (0x415dd013) srai    zero, s11, 21
core   0: 3 0x80005a44 (0x415dd013)
core   0: 0x80005a48 (0x008e5833) srl     a6, t3, s0
core   0: 3 0x80005a48 (0x008e5833) x16 0x088015b2
core   0: 0x80005a4c (0x01c34933) xor     s2, t1, t3
core   0: 3 0x80005a4c (0x01c34933) x18 0x88015ba8
core   0: 0x80005a50 (0xbb873a13) sltiu   s4, a4, -1096
core   0: 3 0x80005a50 (0xbb873a13) x20 0x00000001
core   0: 0x80005a54 (0xfb5ca037) lui     zero, 0xfb5ca
core   0: 3 0x80005a54 (0xfb5ca037)
core   0: 0x80005a58 (0x01870f33) add     t5, a4, s8
core   0: 3 0x80005a58 (0x01870f33) x30 0x53405000
core   0: 0x80005a5c (0x00546c33) or      s8, s0, t0
core   0: 3 0x80005a5c (0x00546c33) x24 0x82210e64
core   0: 0x80005a60 (0x00939633) sll     a2, t2, s1
core   0: 3 0x80005a60 (0x00939633) x12 0xf1002b64
core   0: 0x80005a64 (0x84373613) sltiu   a2, a4, -1981
core   0: 3 0x80005a64 (0x84373613) x12 0x00000001
core   0: 0x80005a68 (0x0199adb3) slt     s11, s3, s9
core   0: 3 0x80005a68 (0x0199adb3) x27 0x00000000
core   0: 0x80005a6c (0x404ed8b3) sra     a7, t4, tp
core   0: 3 0x80005a6c (0x404ed8b3) x17 0xc0000000
core   0: 0x80005a70 (0xa5478913) addi    s2, a5, -1452
core   0: 3 0x80005a70 (0xa5478913) x18 0xfffffa54
core   0: 0x80005a74 (0x7053bc13) sltiu   s8, t2, 1797
core   0: 3 0x80005a74 (0x7053bc13) x24 0x00000000
core   0: 0x80005a78 (0x0112d033) srl     zero, t0, a7
core   0: 3 0x80005a78 (0x0112d033)
core   0: 0x80005a7c (0x01d752b3) srl     t0, a4, t4
core   0: 3 0x80005a7c (0x01d752b3) x 5 0x00000000
core   0: 0x80005a80 (0x851f3213) sltiu   tp, t5, -1967
core   0: 3 0x80005a80 (0x851f3213) x 4 0x00000001
core   0: 0x80005a84 (0x28242713) slti    a4, s0, 642
core   0: 3 0x80005a84 (0x28242713) x14 0x00000001
core   0: 0x80005a88 (0xc9d775b7) lui     a1, 0xc9d77
core   0: 3 0x80005a88 (0xc9d775b7) x11 0xc9d77000
core   0: 0x80005a8c (0x01b5fab3) and     s5, a1, s11
core   0: 3 0x80005a8c (0x01b5fab3) x21 0x00000000
core   0: 0x80005a90 (0x00531193) slli    gp, t1, 5
core   0: 3 0x80005a90 (0x00531193) x 3 0x00001000
core   0: 0x80005a94 (0x00000013) nop
core   0: 3 0x80005a94 (0x00000013)
core   0: 0x80005a98 (0x78cfbd93) sltiu   s11, t6, 1932
core   0: 3 0x80005a98 (0x78cfbd93) x27 0x00000001
core   0: 0x80005a9c (0x01ddd333) srl     t1, s11, t4
core   0: 3 0x80005a9c (0x01ddd333) x 6 0x00000001
core   0: 0x80005aa0 (0x27340193) addi    gp, s0, 627
core   0: 3 0x80005aa0 (0x27340193) x 3 0x800110d7
core   0: 0x80005aa4 (0x401fdab3) sra     s5, t6, ra
core   0: 3 0x80005aa4 (0x401fdab3) x21 0x000006e5
core   0: 0x80005aa8 (0xca0cabb7) lui     s7, 0xca0ca
core   0: 3 0x80005aa8 (0xca0cabb7) x23 0xca0ca000
core   0: 0x80005aac (0x016745b3) xor     a1, a4, s6
core   0: 3 0x80005aac (0x016745b3) x11 0x000006e4
core   0: 0x80005ab0 (0x60b7ef37) lui     t5, 0x60b7e
core   0: 3 0x80005ab0 (0x60b7ef37) x30 0x60b7e000
core   0: 0x80005ab4 (0x009b64b3) or      s1, s6, s1
core   0: 3 0x80005ab4 (0x009b64b3) x 9 0x000006e5
core   0: 0x80005ab8 (0x01702d33) slt     s10, zero, s7
core   0: 3 0x80005ab8 (0x01702d33) x26 0x00000000
core   0: 0x80005abc (0x00bad213) srli    tp, s5, 11
core   0: 3 0x80005abc (0x00bad213) x 4 0x00000000
core   0: 0x80005ac0 (0x00e11f13) slli    t5, sp, 14
core   0: 3 0x80005ac0 (0x00e11f13) x30 0xffe7c000
core   0: 0x80005ac4 (0x00804f33) xor     t5, zero, s0
core   0: 3 0x80005ac4 (0x00804f33) x30 0x80010e64
core   0: 0x80005ac8 (0x01832d33) slt     s10, t1, s8
core   0: 3 0x80005ac8 (0x01832d33) x26 0x00000000
core   0: 0x80005acc (0x002a5133) srl     sp, s4, sp
core   0: 3 0x80005acc (0x002a5133) x 2 0x00000000
core   0: 0x80005ad0 (0x3aa6b0b7) lui     ra, 0x3aa6b
core   0: 3 0x80005ad0 (0x3aa6b0b7) x 1 0x3aa6b000
core   0: 0x80005ad4 (0xa4107293) andi    t0, zero, -1471
core   0: 3 0x80005ad4 (0xa4107293) x 5 0x00000000
core   0: 0x80005ad8 (0x010e8c33) add     s8, t4, a6
core   0: 3 0x80005ad8 (0x010e8c33) x24 0x888015b2
core   0: 0x80005adc (0xb3537b93) andi    s7, t1, -1227
core   0: 3 0x80005adc (0xb3537b93) x23 0x00000001
core   0: 0x80005ae0 (0x00e68533) add     a0, a3, a4
core   0: 3 0x80005ae0 (0x00e68533) x10 0x80010e64
core   0: 0x80005ae4 (0x414ed2b3) sra     t0, t4, s4
core   0: 3 0x80005ae4 (0x414ed2b3) x 5 0xc0000000
core   0: 0x80005ae8 (0x412557b3) sra     a5, a0, s2
core   0: 3 0x80005ae8 (0x412557b3) x15 0xfffff800
core   0: 0x80005aec (0x0144edb3) or      s11, s1, s4
core   0: 3 0x80005aec (0x0144edb3) x27 0x000006e5
core   0: 0x80005af0 (0x012f1db3) sll     s11, t5, s2
core   0: 3 0x80005af0 (0x012f1db3) x27 0xe6400000
core   0: 0x80005af4 (0x01489933) sll     s2, a7, s4
core   0: 3 0x80005af4 (0x01489933) x18 0x80000000
core   0: 0x80005af8 (0x01048db3) add     s11, s1, a6
core   0: 3 0x80005af8 (0x01048db3) x27 0x08801c97
core   0: 0x80005afc (0xd37d4a93) xori    s5, s10, -713
core   0: 3 0x80005afc (0xd37d4a93) x21 0xfffffd37
core   0: 0x80005b00 (0x5a0dd217) auipc   tp, 0x5a0dd
core   0: 3 0x80005b00 (0x5a0dd217) x 4 0xda0e2b00
core   0: 0x80005b04 (0xa28a3513) sltiu   a0, s4, -1496
core   0: 3 0x80005b04 (0xa28a3513) x10 0x00000001
core   0: 0x80005b08 (0x01e1d4b3) srl     s1, gp, t5
core   0: 3 0x80005b08 (0x01e1d4b3) x 9 0x0800110d
core   0: 0x80005b0c (0x41ebde33) sra     t3, s7, t5
core   0: 3 0x80005b0c (0x41ebde33) x28 0x00000000
core   0: 0x80005b10 (0x00133833) sltu    a6, t1, ra
core   0: 3 0x80005b10 (0x00133833) x16 0x00000001
core   0: 0x80005b14 (0x00e18133) add     sp, gp, a4
core   0: 3 0x80005b14 (0x00e18133) x 2 0x800110d8
core   0: 0x80005b18 (0xff148097) auipc   ra, 0xff148
core   0: 3 0x80005b18 (0xff148097) x 1 0x7f14db18
core   0: 0x80005b1c (0x1a784593) xori    a1, a6, 423
core   0: 3 0x80005b1c (0x1a784593) x11 0x000001a6
core   0: 0x80005b20 (0x186d6793) ori     a5, s10, 390
core   0: 3 0x80005b20 (0x186d6793) x15 0x00000186
core   0: 0x80005b24 (0x250dcc13) xori    s8, s11, 592
core   0: 3 0x80005b24 (0x250dcc13) x24 0x08801ec7
core   0: 0x80005b28 (0x0028b933) sltu    s2, a7, sp
core   0: 3 0x80005b28 (0x0028b933) x18 0x00000000
core   0: 0x80005b2c (0x71e51f17) auipc   t5, 0x71e51
core   0: 3 0x80005b2c (0x71e51f17) x30 0xf1e56b2c
core   0: 0x80005b30 (0x0065b533) sltu    a0, a1, t1
core   0: 3 0x80005b30 (0x0065b533) x10 0x00000000
core   0: 0x80005b34 (0x00fea5b3) slt     a1, t4, a5
core   0: 3 0x80005b34 (0x00fea5b3) x11 0x00000001
core   0: 0x80005b38 (0x00000013) nop
core   0: 3 0x80005b38 (0x00000013)
core   0: 0x80005b3c (0x04130513) addi    a0, t1, 65
core   0: 3 0x80005b3c (0x04130513) x10 0x00000042
core   0: 0x80005b40 (0xcbde8a93) addi    s5, t4, -835
core   0: 3 0x80005b40 (0xcbde8a93) x21 0x7ffffcbd
core   0: 0x80005b44 (0x01facab3) xor     s5, s5, t6
core   0: 3 0x80005b44 (0x01facab3) x21 0x7ffffa58
core   0: 0x80005b48 (0x41d102b3) sub     t0, sp, t4
core   0: 3 0x80005b48 (0x41d102b3) x 5 0x000110d8
core   0: 0x80005b4c (0x00159633) sll     a2, a1, ra
core   0: 3 0x80005b4c (0x00159633) x12 0x01000000
core   0: 0x80005b50 (0x0157ab33) slt     s6, a5, s5
core   0: 3 0x80005b50 (0x0157ab33) x22 0x00000001
core   0: 0x80005b54 (0x3a322813) slti    a6, tp, 931
core   0: 3 0x80005b54 (0x3a322813) x16 0x00000001
core   0: 0x80005b58 (0x00879893) slli    a7, a5, 8
core   0: 3 0x80005b58 (0x00879893) x17 0x00018600
core   0: 0x80005b5c (0x415c0f33) sub     t5, s8, s5
core   0: 3 0x80005b5c (0x415c0f33) x30 0x8880246f
core   0: 0x80005b60 (0x415982b3) sub     t0, s3, s5
core   0: 3 0x80005b60 (0x415982b3) x 5 0x800005a9
core   0: 0x80005b64 (0x0144b033) sltu    zero, s1, s4
core   0: 3 0x80005b64 (0x0144b033)
core   0: 0x80005b68 (0x89fdaf13) slti    t5, s11, -1889
core   0: 3 0x80005b68 (0x89fdaf13) x30 0x00000000
core   0: 0x80005b6c (0x685fb493) sltiu   s1, t6, 1669
core   0: 3 0x80005b6c (0x685fb493) x 9 0x00000000
core   0: 0x80005b70 (0xf6850213) addi    tp, a0, -152
core   0: 3 0x80005b70 (0xf6850213) x 4 0xffffffaa
core   0: 0x80005b74 (0x010b65b3) or      a1, s6, a6
core   0: 3 0x80005b74 (0x010b65b3) x11 0x00000001
core   0: 0x80005b78 (0x3a376693) ori     a3, a4, 931
core   0: 3 0x80005b78 (0x3a376693) x13 0x000003a3
core   0: 0x80005b7c (0x003d6f33) or      t5, s10, gp
core   0: 3 0x80005b7c (0x003d6f33) x30 0x800110d7
core   0: 0x80005b80 (0x011c1e33) sll     t3, s8, a7
core   0: 3 0x80005b80 (0x011c1e33) x28 0x08801ec7
core   0: 0x80005b84 (0xea99c213) xori    tp, s3, -343
core   0: 3 0x80005b84 (0xea99c213) x 4 0xfffffea8
core   0: 0x80005b88 (0x408b88b3) sub     a7, s7, s0
core   0: 3 0x80005b88 (0x408b88b3) x17 0x7ffef19d
core   0: 0x80005b8c (0x0173dab3) srl     s5, t2, s7
core   0: 3 0x80005b8c (0x0173dab3) x21 0x7c400ad9
core   0: 0x80005b90 (0xb9a94693) xori    a3, s2, -1126
core   0: 3 0x80005b90 (0xb9a94693) x13 0xfffffb9a
core   0: 0x80005b94 (0x00c7de13) srli    t3, a5, 12
core   0: 3 0x80005b94 (0x00c7de13) x28 0x00000000
core   0: 0x80005b98 (0xacaa3d13) sltiu   s10, s4, -1334
core   0: 3 0x80005b98 (0xacaa3d13) x26 0x00000001
core   0: 0x80005b9c (0x00b20733) add     a4, tp, a1
core   0: 3 0x80005b9c (0x00b20733) x14 0xfffffea9
core   0: 0x80005ba0 (0x1673c313) xori    t1, t2, 359
core   0: 3 0x80005ba0 (0x1673c313) x 6 0xf88014d5
core   0: 0x80005ba4 (0x00821033) sll     zero, tp, s0
core   0: 3 0x80005ba4 (0x00821033)
core   0: 0x80005ba8 (0x00a86e33) or      t3, a6, a0
core   0: 3 0x80005ba8 (0x00a86e33) x28 0x00000043
core   0: 0x80005bac (0x64b8cd13) xori    s10, a7, 1611
core   0: 3 0x80005bac (0x64b8cd13) x26 0x7ffef7d6
core   0: 0x80005bb0 (0x40355613) srai    a2, a0, 3
core   0: 3 0x80005bb0 (0x40355613) x12 0x00000008
core   0: 0x80005bb4 (0x9a06fc13) andi    s8, a3, -1632
core   0: 3 0x80005bb4 (0x9a06fc13) x24 0xfffff980
core   0: 0x80005bb8 (0x373b4513) xori    a0, s6, 883
core   0: 3 0x80005bb8 (0x373b4513) x10 0x00000372
core   0: 0x80005bbc (0x00000013) nop
core   0: 3 0x80005bbc (0x00000013)
core   0: 0x80005bc0 (0x01983b33) sltu    s6, a6, s9
core   0: 3 0x80005bc0 (0x01983b33) x22 0x00000001
core   0: 0x80005bc4 (0x0026edb3) or      s11, a3, sp
core   0: 3 0x80005bc4 (0x0026edb3) x27 0xfffffbda
core   0: 0x80005bc8 (0x01a087b3) add     a5, ra, s10
core   0: 3 0x80005bc8 (0x01a087b3) x15 0xff13d2ee
core   0: 0x80005bcc (0x013738b3) sltu    a7, a4, s3
core   0: 3 0x80005bcc (0x013738b3) x17 0x00000000
core   0: 0x80005bd0 (0x405c5a93) srai    s5, s8, 5
core   0: 3 0x80005bd0 (0x405c5a93) x21 0xffffffcc
core   0: 0x80005bd4 (0x00d05c13) srli    s8, zero, 13
core   0: 3 0x80005bd4 (0x00d05c13) x24 0x00000000
core   0: 0x80005bd8 (0x40eed533) sra     a0, t4, a4
core   0: 3 0x80005bd8 (0x40eed533) x10 0xffc00000
core   0: 0x80005bdc (0x400e0033) sub     zero, t3, zero
core   0: 3 0x80005bdc (0x400e0033)
core   0: 0x80005be0 (0x01284db3) xor     s11, a6, s2
core   0: 3 0x80005be0 (0x01284db3) x27 0x00000001
core   0: 0x80005be4 (0xc7f2c493) xori    s1, t0, -897
core   0: 3 0x80005be4 (0xc7f2c493) x 9 0x7ffff9d6
core   0: 0x80005be8 (0x005539b3) sltu    s3, a0, t0
core   0: 3 0x80005be8 (0x005539b3) x19 0x00000000
core   0: 0x80005bec (0x848dfd93) andi    s11, s11, -1976
core   0: 3 0x80005bec (0x848dfd93) x27 0x00000000
core   0: 0x80005bf0 (0x41bb0033) sub     zero, s6, s11
core   0: 3 0x80005bf0 (0x41bb0033)
core   0: 0x80005bf4 (0x00d81093) slli    ra, a6, 13
core   0: 3 0x80005bf4 (0x00d81093) x 1 0x00002000
core   0: 0x80005bf8 (0x4dbc3613) sltiu   a2, s8, 1243
core   0: 3 0x80005bf8 (0x4dbc3613) x12 0x00000001
core   0: 0x80005bfc (0xcb14cf93) xori    t6, s1, -847
core   0: 3 0x80005bfc (0xcb14cf93) x31 0x80000567
core   0: 0x80005c00 (0x003fe933) or      s2, t6, gp
core   0: 3 0x80005c00 (0x003fe933) x18 0x800115f7
core   0: 0x80005c04 (0x01849b13) slli    s6, s1, 24
core   0: 3 0x80005c04 (0x01849b13) x22 0xd6000000
core   0: 0x80005c08 (0x00349d93) slli    s11, s1, 3
core   0: 3 0x80005c08 (0x00349d93) x27 0xffffceb0
core   0: 0x80005c0c (0x8afcb693) sltiu   a3, s9, -1873
core   0: 3 0x80005c0c (0x8afcb693) x13 0x00000001
core   0: 0x80005c10 (0x40eadc33) sra     s8, s5, a4
core   0: 3 0x80005c10 (0x40eadc33) x24 0xffffffff
core   0: 0x80005c14 (0x0f544293) xori    t0, s0, 245
core   0: 3 0x80005c14 (0x0f544293) x 5 0x80010e91
core   0: 0x80005c18 (0x00786333) or      t1, a6, t2
core   0: 3 0x80005c18 (0x00786333) x 6 0xf88015b3
core   0: 0x80005c1c (0x7d1b7d93) andi    s11, s6, 2001
core   0: 3 0x80005c1c (0x7d1b7d93) x27 0x00000000
core   0: 0x80005c20 (0x3b38a713) slti    a4, a7, 947
core   0: 3 0x80005c20 (0x3b38a713) x14 0x00000001
core   0: 0x80005c24 (0x00f8da33) srl     s4, a7, a5
core   0: 3 0x80005c24 (0x00f8da33) x20 0x00000000
core   0: 0x80005c28 (0xc53bde37) lui     t3, 0xc53bd
core   0: 3 0x80005c28 (0xc53bde37) x28 0xc53bd000
core   0: 0x80005c2c (0xdb017a13) andi    s4, sp, -592
core   0: 3 0x80005c2c (0xdb017a13) x20 0x80011090
core   0: 0x80005c30 (0x0180db33) srl     s6, ra, s8
core   0: 3 0x80005c30 (0x0180db33) x22 0x00000000
core   0: 0x80005c34 (0x006e8333) add     t1, t4, t1
core   0: 3 0x80005c34 (0x006e8333) x 6 0x788015b3
core   0: 0x80005c38 (0x00fecb33) xor     s6, t4, a5
core   0: 3 0x80005c38 (0x00fecb33) x22 0x7f13d2ee
core   0: 0x80005c3c (0x41695013) srai    zero, s2, 22
core   0: 3 0x80005c3c (0x41695013)
core   0: 0x80005c40 (0x0021c4b3) xor     s1, gp, sp
core   0: 3 0x80005c40 (0x0021c4b3) x 9 0x0000000f
core   0: 0x80005c44 (0x004763b3) or      t2, a4, tp
core   0: 3 0x80005c44 (0x004763b3) x 7 0xfffffea9
core   0: 0x80005c48 (0x414a07b3) sub     a5, s4, s4
core   0: 3 0x80005c48 (0x414a07b3) x15 0x00000000
core   0: 0x80005c4c (0x21770137) lui     sp, 0x21770
core   0: 3 0x80005c4c (0x21770137) x 2 0x21770000
core   0: 0x80005c50 (0x0030ed33) or      s10, ra, gp
core   0: 3 0x80005c50 (0x0030ed33) x26 0x800130d7
core   0: 0x80005c54 (0x001b2133) slt     sp, s6, ra
core   0: 3 0x80005c54 (0x001b2133) x 2 0x00000000
core   0: 0x80005c58 (0x00b555b3) srl     a1, a0, a1
core   0: 3 0x80005c58 (0x00b555b3) x11 0x7fe00000
core   0: 0x80005c5c (0xe82a6293) ori     t0, s4, -382
core   0: 3 0x80005c5c (0xe82a6293) x 5 0xfffffe92
core   0: 0x80005c60 (0x8c870c13) addi    s8, a4, -1848
core   0: 3 0x80005c60 (0x8c870c13) x24 0xfffff8c9
core   0: 0x80005c64 (0x99d33f17) auipc   t5, 0x99d33
core   0: 3 0x80005c64 (0x99d33f17) x30 0x19d38c64
core   0: 0x80005c68 (0x4152de33) sra     t3, t0, s5
core   0: 3 0x80005c68 (0x4152de33) x28 0xffffffff
core   0: 0x80005c6c (0x1234b013) sltiu   zero, s1, 291
core   0: 3 0x80005c6c (0x1234b013)
core   0: 0x80005c70 (0x011b6c33) or      s8, s6, a7
core   0: 3 0x80005c70 (0x011b6c33) x24 0x7f13d2ee
core   0: 0x80005c74 (0xf0f7ec17) auipc   s8, 0xf0f7e
core   0: 3 0x80005c74 (0xf0f7ec17) x24 0x70f83c74
core   0: 0x80005c78 (0x01cea5b3) slt     a1, t4, t3
core   0: 3 0x80005c78 (0x01cea5b3) x11 0x00000001
core   0: 0x80005c7c (0x00963e33) sltu    t3, a2, s1
core   0: 3 0x80005c7c (0x00963e33) x28 0x00000001
core   0: 0x80005c80 (0xb174af13) slti    t5, s1, -1257
core   0: 3 0x80005c80 (0xb174af13) x30 0x00000000
core   0: 0x80005c84 (0x400d8133) sub     sp, s11, zero
core   0: 3 0x80005c84 (0x400d8133) x 2 0x00000000
core   0: 0x80005c88 (0x12a27f93) andi    t6, tp, 298
core   0: 3 0x80005c88 (0x12a27f93) x31 0x00000028
core   0: 0x80005c8c (0x016021b3) slt     gp, zero, s6
core   0: 3 0x80005c8c (0x016021b3) x 3 0x00000001
core   0: 0x80005c90 (0x00902133) slt     sp, zero, s1
core   0: 3 0x80005c90 (0x00902133) x 2 0x00000001
core   0: 0x80005c94 (0xdcd17193) andi    gp, sp, -563
core   0: 3 0x80005c94 (0xdcd17193) x 3 0x00000001
core   0: 0x80005c98 (0x00000013) nop
core   0: 3 0x80005c98 (0x00000013)
core   0: 0x80005c9c (0x01bc6bb3) or      s7, s8, s11
core   0: 3 0x80005c9c (0x01bc6bb3) x23 0x70f83c74
core   0: 0x80005ca0 (0x48edb593) sltiu   a1, s11, 1166
core   0: 3 0x80005ca0 (0x48edb593) x11 0x00000001
core   0: 0x80005ca4 (0x541e4893) xori    a7, t3, 1345
core   0: 3 0x80005ca4 (0x541e4893) x17 0x00000540
core   0: 0x80005ca8 (0x017b7db3) and     s11, s6, s7
core   0: 3 0x80005ca8 (0x017b7db3) x27 0x70101064
core   0: 0x80005cac (0x727a6593) ori     a1, s4, 1831
core   0: 3 0x80005cac (0x727a6593) x11 0x800117b7
core   0: 0x80005cb0 (0x01dd30b3) sltu    ra, s10, t4
core   0: 3 0x80005cb0 (0x01dd30b3) x 1 0x00000000
core   0: 0x80005cb4 (0xd3243993) sltiu   s3, s0, -718
core   0: 3 0x80005cb4 (0xd3243993) x19 0x00000001
core   0: 0x80005cb8 (0x4017dab3) sra     s5, a5, ra
core   0: 3 0x80005cb8 (0x4017dab3) x21 0x00000000
core   0: 0x80005cbc (0x6ce5bb93) sltiu   s7, a1, 1742
core   0: 3 0x80005cbc (0x6ce5bb93) x23 0x00000000
core   0: 0x80005cc0 (0x009cc133) xor     sp, s9, s1
core   0: 3 0x80005cc0 (0x009cc133) x 2 0x80014ceb
core   0: 0x80005cc4 (0xc07cb893) sltiu   a7, s9, -1017
core   0: 3 0x80005cc4 (0xc07cb893) x17 0x00000001
core   0: 0x80005cc8 (0x007711b3) sll     gp, a4, t2
core   0: 3 0x80005cc8 (0x007711b3) x 3 0x00000200
core   0: 0x80005ccc (0x013fd533) srl     a0, t6, s3
core   0: 3 0x80005ccc (0x013fd533) x10 0x00000014
core   0: 0x80005cd0 (0x4c1425b7) lui     a1, 0x4c142
core   0: 3 0x80005cd0 (0x4c1425b7) x11 0x4c142000
core   0: 0x80005cd4 (0x84a16213) ori     tp, sp, -1974
core   0: 3 0x80005cd4 (0x84a16213) x 4 0xfffffceb
core   0: 0x80005cd8 (0x00221533) sll     a0, tp, sp
core   0: 3 0x80005cd8 (0x00221533) x10 0xffe75800
core   0: 0x80005cdc (0x415a8bb3) sub     s7, s5, s5
core   0: 3 0x80005cdc (0x415a8bb3) x23 0x00000000
core   0: 0x80005ce0 (0x00000013) nop
core   0: 3 0x80005ce0 (0x00000013)
core   0: 0x80005ce4 (0x1c3c0513) addi    a0, s8, 451
core   0: 3 0x80005ce4 (0x1c3c0513) x10 0x70f83e37
core   0: 0x80005ce8 (0x00cb7bb3) and     s7, s6, a2
core   0: 3 0x80005ce8 (0x00cb7bb3) x23 0x00000000
core   0: 0x80005cec (0xd0fb2897) auipc   a7, 0xd0fb2
core   0: 3 0x80005cec (0xd0fb2897) x17 0x50fb7cec
core   0: 0x80005cf0 (0xb804fa13) andi    s4, s1, -1152
core   0: 3 0x80005cf0 (0xb804fa13) x20 0x00000000
core   0: 0x80005cf4 (0x01efa5b3) slt     a1, t6, t5
core   0: 3 0x80005cf4 (0x01efa5b3) x11 0x00000000
core   0: 0x80005cf8 (0x01d8d9b3) srl     s3, a7, t4
core   0: 3 0x80005cf8 (0x01d8d9b3) x19 0x50fb7cec
core   0: 0x80005cfc (0x0179adb3) slt     s11, s3, s7
core   0: 3 0x80005cfc (0x0179adb3) x27 0x00000000
core   0: 0x80005d00 (0xe62cc993) xori    s3, s9, -414
core   0: 3 0x80005d00 (0xe62cc993) x19 0x7ffeb286
core   0: 0x80005d04 (0x407b0533) sub     a0, s6, t2
core   0: 3 0x80005d04 (0x407b0533) x10 0x7f13d445
core   0: 0x80005d08 (0x006959b3) srl     s3, s2, t1
core   0: 3 0x80005d08 (0x006959b3) x19 0x00001000
core   0: 0x80005d0c (0x10fc8193) addi    gp, s9, 271
core   0: 3 0x80005d0c (0x10fc8193) x 3 0x80014df3
core   0: 0x80005d10 (0x40fad493) srai    s1, s5, 15
core   0: 3 0x80005d10 (0x40fad493) x 9 0x00000000
core   0: 0x80005d14 (0x00078b33) add     s6, a5, zero
core   0: 3 0x80005d14 (0x00078b33) x22 0x00000000
core   0: 0x80005d18 (0x003c7833) and     a6, s8, gp
core   0: 3 0x80005d18 (0x003c7833) x16 0x00000c70
core   0: 0x80005d1c (0x006bedb3) or      s11, s7, t1
core   0: 3 0x80005d1c (0x006bedb3) x27 0x788015b3
core   0: 0x80005d20 (0x00857db3) and     s11, a0, s0
core   0: 3 0x80005d20 (0x00857db3) x27 0x00010444
core   0: 0x80005d24 (0x003fb733) sltu    a4, t6, gp
core   0: 3 0x80005d24 (0x003fb733) x14 0x00000001
core   0: 0x80005d28 (0x00e4e4b3) or      s1, s1, a4
core   0: 3 0x80005d28 (0x00e4e4b3) x 9 0x00000001
core   0: 0x80005d2c (0xf916c137) lui     sp, 0xf916c
core   0: 3 0x80005d2c (0xf916c137) x 2 0xf916c000
core   0: 0x80005d30 (0x01af5f13) srli    t5, t5, 26
core   0: 3 0x80005d30 (0x01af5f13) x30 0x00000000
core   0: 0x80005d34 (0xa3a6ec13) ori     s8, a3, -1478
core   0: 3 0x80005d34 (0xa3a6ec13) x24 0xfffffa3b
core   0: 0x80005d38 (0x01ec50b3) srl     ra, s8, t5
core   0: 3 0x80005d38 (0x01ec50b3) x 1 0xfffffa3b
core   0: 0x80005d3c (0x002341b3) xor     gp, t1, sp
core   0: 3 0x80005d3c (0x002341b3) x 3 0x8196d5b3
core   0: 0x80005d40 (0x01c488b3) add     a7, s1, t3
core   0: 3 0x80005d40 (0x01c488b3) x17 0x00000002
core   0: 0x80005d44 (0x00000013) nop
core   0: 3 0x80005d44 (0x00000013)
core   0: 0x80005d48 (0x01572a33) slt     s4, a4, s5
core   0: 3 0x80005d48 (0x01572a33) x20 0x00000000
core   0: 0x80005d4c (0x01fbd713) srli    a4, s7, 31
core   0: 3 0x80005d4c (0x01fbd713) x14 0x00000000
core   0: 0x80005d50 (0x016079b3) and     s3, zero, s6
core   0: 3 0x80005d50 (0x016079b3) x19 0x00000000
core   0: 0x80005d54 (0x7ca4f693) andi    a3, s1, 1994
core   0: 3 0x80005d54 (0x7ca4f693) x13 0x00000000
core   0: 0x80005d58 (0xab966a93) ori     s5, a2, -1351
core   0: 3 0x80005d58 (0xab966a93) x21 0xfffffab9
core   0: 0x80005d5c (0x018c5233) srl     tp, s8, s8
core   0: 3 0x80005d5c (0x018c5233) x 4 0x0000001f
core   0: 0x80005d60 (0x00c53133) sltu    sp, a0, a2
core   0: 3 0x80005d60 (0x00c53133) x 2 0x00000000
core   0: 0x80005d64 (0xac7b3d97) auipc   s11, 0xac7b3
core   0: 3 0x80005d64 (0xac7b3d97) x27 0x2c7b8d64
core   0: 0x80005d68 (0x41c15513) srai    a0, sp, 28
core   0: 3 0x80005d68 (0x41c15513) x10 0x00000000
core   0: 0x80005d6c (0x63cec793) xori    a5, t4, 1596
core   0: 3 0x80005d6c (0x63cec793) x15 0x8000063c
core   0: 0x80005d70 (0x7ccd4d93) xori    s11, s10, 1996
core   0: 3 0x80005d70 (0x7ccd4d93) x27 0x8001371b
core   0: 0x80005d74 (0x007dd2b3) srl     t0, s11, t2
core   0: 3 0x80005d74 (0x007dd2b3) x 5 0x0040009b
core   0: 0x80005d78 (0x012de233) or      tp, s11, s2
core   0: 3 0x80005d78 (0x012de233) x 4 0x800137ff
core   0: 0x80005d7c (0xf53ffb93) andi    s7, t6, -173
core   0: 3 0x80005d7c (0xf53ffb93) x23 0x00000000
core   0: 0x80005d80 (0x40c6d1b3) sra     gp, a3, a2
core   0: 3 0x80005d80 (0x40c6d1b3) x 3 0x00000000
core   0: 0x80005d84 (0x011e68b3) or      a7, t3, a7
core   0: 3 0x80005d84 (0x011e68b3) x17 0x00000003
core   0: 0x80005d88 (0xfd50c237) lui     tp, 0xfd50c
core   0: 3 0x80005d88 (0xfd50c237) x 4 0xfd50c000
core   0: 0x80005d8c (0x00000013) nop
core   0: 3 0x80005d8c (0x00000013)
core   0: 0x80005d90 (0x01994233) xor     tp, s2, s9
core   0: 3 0x80005d90 (0x01994233) x 4 0x00005913
core   0: 0x80005d94 (0x41b488b3) sub     a7, s1, s11
core   0: 3 0x80005d94 (0x41b488b3) x17 0x7ffec8e6
core   0: 0x80005d98 (0x503d7797) auipc   a5, 0x503d7
core   0: 3 0x80005d98 (0x503d7797) x15 0xd03dcd98
core   0: 0x80005d9c (0x00000013) nop
core   0: 3 0x80005d9c (0x00000013)
core   0: 0x80005da0 (0xedb87193) andi    gp, a6, -293
core   0: 3 0x80005da0 (0xedb87193) x 3 0x00000c50
core   0: 0x80005da4 (0x014feb33) or      s6, t6, s4
core   0: 3 0x80005da4 (0x014feb33) x22 0x00000028
core   0: 0x80005da8 (0x01319033) sll     zero, gp, s3
core   0: 3 0x80005da8 (0x01319033)
core   0: 0x80005dac (0x40f28733) sub     a4, t0, a5
core   0: 3 0x80005dac (0x40f28733) x14 0x30023303
core   0: 0x80005db0 (0x009f1a33) sll     s4, t5, s1
core   0: 3 0x80005db0 (0x009f1a33) x20 0x00000000
core   0: 0x80005db4 (0x4080da13) srai    s4, ra, 8
core   0: 3 0x80005db4 (0x4080da13) x20 0xfffffffa
core   0: 0x80005db8 (0x41ead733) sra     a4, s5, t5
core   0: 3 0x80005db8 (0x41ead733) x14 0xfffffab9
core   0: 0x80005dbc (0x41228533) sub     a0, t0, s2
core   0: 3 0x80005dbc (0x41228533) x10 0x803eeaa4
core   0: 0x80005dc0 (0xc04c6113) ori     sp, s8, -1020
core   0: 3 0x80005dc0 (0xc04c6113) x 2 0xfffffe3f
core   0: 0x80005dc4 (0xf79505b7) lui     a1, 0xf7950
core   0: 3 0x80005dc4 (0xf79505b7) x11 0xf7950000
core   0: 0x80005dc8 (0x00d69db3) sll     s11, a3, a3
core   0: 3 0x80005dc8 (0x00d69db3) x27 0x00000000
core   0: 0x80005dcc (0x019fe2b3) or      t0, t6, s9
core   0: 3 0x80005dcc (0x019fe2b3) x 5 0x80014cec
core   0: 0x80005dd0 (0x01f0c333) xor     t1, ra, t6
core   0: 3 0x80005dd0 (0x01f0c333) x 6 0xfffffa13
core   0: 0x80005dd4 (0xd8379037) lui     zero, 0xd8379
core   0: 3 0x80005dd4 (0xd8379037)
core   0: 0x80005dd8 (0x0034d4b3) srl     s1, s1, gp
core   0: 3 0x80005dd8 (0x0034d4b3) x 9 0x00000000
core   0: 0x80005ddc (0x540eec13) ori     s8, t4, 1344
core   0: 3 0x80005ddc (0x540eec13) x24 0x80000540
core   0: 0x80005de0 (0xc5db1b17) auipc   s6, 0xc5db1
core   0: 3 0x80005de0 (0xc5db1b17) x22 0x45db6de0
core   0: 0x80005de4 (0x009c7033) and     zero, s8, s1
core   0: 3 0x80005de4 (0x009c7033)
core   0: 0x80005de8 (0x413b5613) srai    a2, s6, 19
core   0: 3 0x80005de8 (0x413b5613) x12 0x000008bb
core   0: 0x80005dec (0x00f3b533) sltu    a0, t2, a5
core   0: 3 0x80005dec (0x00f3b533) x10 0x00000000
core   0: 0x80005df0 (0x010c9493) slli    s1, s9, 16
core   0: 3 0x80005df0 (0x010c9493) x 9 0x4ce40000
core   0: 0x80005df4 (0x670e0393) addi    t2, t3, 1648
core   0: 3 0x80005df4 (0x670e0393) x 7 0x00000671
core   0: 0x80005df8 (0x8d4d7917) auipc   s2, 0x8d4d7
core   0: 3 0x80005df8 (0x8d4d7917) x18 0x0d4dcdf8
core   0: 0x80005dfc (0x8e93ff17) auipc   t5, 0x8e93f
core   0: 3 0x80005dfc (0x8e93ff17) x30 0x0e944dfc
core   0: 0x80005e00 (0x414b8833) sub     a6, s7, s4
core   0: 3 0x80005e00 (0x414b8833) x16 0x00000006
core   0: 0x80005e04 (0x32ddfa97) auipc   s5, 0x32ddf
core   0: 3 0x80005e04 (0x32ddfa97) x21 0xb2de4e04
core   0: 0x80005e08 (0x00000013) nop
core   0: 3 0x80005e08 (0x00000013)
core   0: 0x80005e0c (0x41fe5813) srai    a6, t3, 31
core   0: 3 0x80005e0c (0x41fe5813) x16 0x00000000
core   0: 0x80005e10 (0x00010e33) add     t3, sp, zero
core   0: 3 0x80005e10 (0x00010e33) x28 0xfffffe3f
core   0: 0x80005e14 (0xcca33f93) sltiu   t6, t1, -822
core   0: 3 0x80005e14 (0xcca33f93) x31 0x00000001
core   0: 0x80005e18 (0x00b79c33) sll     s8, a5, a1
core   0: 3 0x80005e18 (0x00b79c33) x24 0xd03dcd98
core   0: 0x80005e1c (0x40c6dd33) sra     s10, a3, a2
core   0: 3 0x80005e1c (0x40c6dd33) x26 0x00000000
core   0: 0x80005e20 (0x017715b3) sll     a1, a4, s7
core   0: 3 0x80005e20 (0x017715b3) x11 0xfffffab9
core   0: 0x80005e24 (0x002e9d13) slli    s10, t4, 2
core   0: 3 0x80005e24 (0x002e9d13) x26 0x00000000
core   0: 0x80005e28 (0x00d98b13) addi    s6, s3, 13
core   0: 3 0x80005e28 (0x00d98b13) x22 0x0000000d
core   0: 0x80005e2c (0xe4792393) slti    t2, s2, -441
core   0: 3 0x80005e2c (0xe4792393) x 7 0x00000000
core   0: 0x80005e30 (0x0196d013) srli    zero, a3, 25
core   0: 3 0x80005e30 (0x0196d013)
core   0: 0x80005e34 (0x4852ba93) sltiu   s5, t0, 1157
core   0: 3 0x80005e34 (0x4852ba93) x21 0x00000000
core   0: 0x80005e38 (0x011940b3) xor     ra, s2, a7
core   0: 3 0x80005e38 (0x011940b3) x 1 0x72b3051e
core   0: 0x80005e3c (0x41bb5133) sra     sp, s6, s11
core   0: 3 0x80005e3c (0x41bb5133) x 2 0x0000000d
core   0: 0x80005e40 (0xcfb52217) auipc   tp, 0xcfb52
core   0: 3 0x80005e40 (0xcfb52217) x 4 0x4fb57e40
core   0: 0x80005e44 (0x012bde13) srli    t3, s7, 18
core   0: 3 0x80005e44 (0x012bde13) x28 0x00000000
core   0: 0x80005e48 (0x41ba5a33) sra     s4, s4, s11
core   0: 3 0x80005e48 (0x41ba5a33) x20 0xfffffffa
core   0: 0x80005e4c (0x1c7ef517) auipc   a0, 0x1c7ef
core   0: 3 0x80005e4c (0x1c7ef517) x10 0x9c7f4e4c
core   0: 0x80005e50 (0x00529db3) sll     s11, t0, t0
core   0: 3 0x80005e50 (0x00529db3) x27 0x14cec000
core   0: 0x80005e54 (0x015c1693) slli    a3, s8, 21
core   0: 3 0x80005e54 (0x015c1693) x13 0xb3000000
core   0: 0x80005e58 (0x00837f33) and     t5, t1, s0
core   0: 3 0x80005e58 (0x00837f33) x30 0x80010a00
core   0: 0x80005e5c (0x00b7da13) srli    s4, a5, 11
core   0: 3 0x80005e5c (0x00b7da13) x20 0x001a07b9
core   0: 0x80005e60 (0x40545393) srai    t2, s0, 5
core   0: 3 0x80005e60 (0x40545393) x 7 0xfc000873
core   0: 0x80005e64 (0x0191a5b3) slt     a1, gp, s9
core   0: 3 0x80005e64 (0x0191a5b3) x11 0x00000000
core   0: 0x80005e68 (0x4180db33) sra     s6, ra, s8
core   0: 3 0x80005e68 (0x4180db33) x22 0x00000072
core   0: 0x80005e6c (0x002822b3) slt     t0, a6, sp
core   0: 3 0x80005e6c (0x002822b3) x 5 0x00000001
core   0: 0x80005e70 (0xd2d9c513) xori    a0, s3, -723
core   0: 3 0x80005e70 (0xd2d9c513) x10 0xfffffd2d
core   0: 0x80005e74 (0x019fe833) or      a6, t6, s9
core   0: 3 0x80005e74 (0x019fe833) x16 0x80014ce5
core   0: 0x80005e78 (0x5fac8693) addi    a3, s9, 1530
core   0: 3 0x80005e78 (0x5fac8693) x13 0x800152de
core   0: 0x80005e7c (0xffca7517) auipc   a0, 0xffca7
core   0: 3 0x80005e7c (0xffca7517) x10 0x7fcace7c
core   0: 0x80005e80 (0x00015233) srl     tp, sp, zero
core   0: 3 0x80005e80 (0x00015233) x 4 0x0000000d
core   0: 0x80005e84 (0x01730133) add     sp, t1, s7
core   0: 3 0x80005e84 (0x01730133) x 2 0xfffffa13
core   0: 0x80005e88 (0x007b0333) add     t1, s6, t2
core   0: 3 0x80005e88 (0x007b0333) x 6 0xfc0008e5
core   0: 0x80005e8c (0x4796c6b7) lui     a3, 0x4796c
core   0: 3 0x80005e8c (0x4796c6b7) x13 0x4796c000
core   0: 0x80005e90 (0x7fd68693) addi    a3, a3, 2045
core   0: 3 0x80005e90 (0x7fd68693) x13 0x4796c7fd
core   0: 0x80005e94 (0x80000f37) lui     t5, 0x80000
core   0: 3 0x80005e94 (0x80000f37) x30 0x80000000
core   0: 0x80005e98 (0x80000e37) lui     t3, 0x80000
core   0: 3 0x80005e98 (0x80000e37) x28 0x80000000
core   0: 0x80005e9c (0x80000bb7) lui     s7, 0x80000
core   0: 3 0x80005e9c (0x80000bb7) x23 0x80000000
core   0: 0x80005ea0 (0xfff00b13) li      s6, -1
core   0: 3 0x80005ea0 (0xfff00b13) x22 0xffffffff
core   0: 0x80005ea4 (0xe7a082b7) lui     t0, 0xe7a08
core   0: 3 0x80005ea4 (0xe7a082b7) x 5 0xe7a08000
core   0: 0x80005ea8 (0xd6328293) addi    t0, t0, -669
core   0: 3 0x80005ea8 (0xd6328293) x 5 0xe7a07d63
core   0: 0x80005eac (0xfff00a93) li      s5, -1
core   0: 3 0x80005eac (0xfff00a93) x21 0xffffffff
core   0: 0x80005eb0 (0x32d8fc37) lui     s8, 0x32d8f
core   0: 3 0x80005eb0 (0x32d8fc37) x24 0x32d8f000
core   0: 0x80005eb4 (0xe55c0c13) addi    s8, s8, -427
core   0: 3 0x80005eb4 (0xe55c0c13) x24 0x32d8ee55
core   0: 0x80005eb8 (0x80000837) lui     a6, 0x80000
core   0: 3 0x80005eb8 (0x80000837) x16 0x80000000
core   0: 0x80005ebc (0xf366f1b7) lui     gp, 0xf366f
core   0: 3 0x80005ebc (0xf366f1b7) x 3 0xf366f000
core   0: 0x80005ec0 (0x49218193) addi    gp, gp, 1170
core   0: 3 0x80005ec0 (0x49218193) x 3 0xf366f492
core   0: 0x80005ec4 (0x003a8e33) add     t3, s5, gp
core   0: 3 0x80005ec4 (0x003a8e33) x28 0xf366f491
core   0: 0x80005ec8 (0x40df0f33) sub     t5, t5, a3
core   0: 3 0x80005ec8 (0x40df0f33) x30 0x38693803
core   0: 0x80005ecc (0xc6e1e197) auipc   gp, 0xc6e1e
core   0: 3 0x80005ecc (0xc6e1e197) x 3 0x46e23ecc
core   0: 0x80005ed0 (0x018e0833) add     a6, t3, s8
core   0: 3 0x80005ed0 (0x018e0833) x16 0x263fe2e6
core   0: 0x80005ed4 (0x01e186b3) add     a3, gp, t5
core   0: 3 0x80005ed4 (0x01e186b3) x13 0x7f4b76cf
core   0: 0x80005ed8 (0x003b06b3) add     a3, s6, gp
core   0: 3 0x80005ed8 (0x003b06b3) x13 0x46e23ecb
core   0: 0x80005edc (0x36468193) addi    gp, a3, 868
core   0: 3 0x80005edc (0x36468193) x 3 0x46e2422f
core   0: 0x80005ee0 (0xb737d837) lui     a6, 0xb737d
core   0: 3 0x80005ee0 (0xb737d837) x16 0xb737d000
core   0: 0x80005ee4 (0x016e0e33) add     t3, t3, s6
core   0: 3 0x80005ee4 (0x016e0e33) x28 0xf366f490
core   0: 0x80005ee8 (0xe7073817) auipc   a6, 0xe7073
core   0: 3 0x80005ee8 (0xe7073817) x16 0x67078ee8
core   0: 0x80005eec (0x017686b3) add     a3, a3, s7
core   0: 3 0x80005eec (0x017686b3) x13 0xc6e23ecb
core   0: 0x80005ef0 (0x405a8833) sub     a6, s5, t0
core   0: 3 0x80005ef0 (0x405a8833) x16 0x185f829c
core   0: 0x80005ef4 (0x00000013) nop
core   0: 3 0x80005ef4 (0x00000013)
core   0: 0x80005ef8 (0xd3e3a197) auipc   gp, 0xd3e3a
core   0: 3 0x80005ef8 (0xd3e3a197) x 3 0x53e3fef8
core   0: 0x80005efc (0x19d2ef17) auipc   t5, 0x19d2e
core   0: 3 0x80005efc (0x19d2ef17) x30 0x99d33efc
core   0: 0x80005f00 (0x00000013) nop
core   0: 3 0x80005f00 (0x00000013)
core   0: 0x80005f04 (0x41c47c17) auipc   s8, 0x41c47
core   0: 3 0x80005f04 (0x41c47c17) x24 0xc1c4cf04
core   0: 0x80005f08 (0x405c0ab3) sub     s5, s8, t0
core   0: 3 0x80005f08 (0x405c0ab3) x21 0xda2451a1
core   0: 0x80005f0c (0x00000013) nop
core   0: 3 0x80005f0c (0x00000013)
core   0: 0x80005f10 (0x4e96eb97) auipc   s7, 0x4e96e
core   0: 3 0x80005f10 (0x4e96eb97) x23 0xce973f10
core   0: 0x80005f14 (0x00000013) nop
core   0: 3 0x80005f14 (0x00000013)
core   0: 0x80005f18 (0x15580b13) addi    s6, a6, 341
core   0: 3 0x80005f18 (0x15580b13) x22 0x185f83f1
core   0: 0x80005f1c (0x42d18693) addi    a3, gp, 1069
core   0: 3 0x80005f1c (0x42d18693) x13 0x53e40325
core   0: 0x80005f20 (0x0e551c37) lui     s8, 0xe551
core   0: 3 0x80005f20 (0x0e551c37) x24 0x0e551000
core   0: 0x80005f24 (0x410182b3) sub     t0, gp, a6
core   0: 3 0x80005f24 (0x410182b3) x 5 0x3b847c5c
core   0: 0x80005f28 (0xcde371b7) lui     gp, 0xcde37
core   0: 3 0x80005f28 (0xcde371b7) x 3 0xcde37000
core   0: 0x80005f2c (0x40d282b3) sub     t0, t0, a3
core   0: 3 0x80005f2c (0x40d282b3) x 5 0xe7a07937
core   0: 0x80005f30 (0x1bbb8b93) addi    s7, s7, 443
core   0: 3 0x80005f30 (0x1bbb8b93) x23 0xce9740cb
core   0: 0x80005f34 (0x7f9e42b7) lui     t0, 0x7f9e4
core   0: 3 0x80005f34 (0x7f9e42b7) x 5 0x7f9e4000
core   0: 0x80005f38 (0x00be50b3) srl     ra, t3, a1
core   0: 3 0x80005f38 (0x00be50b3) x 1 0xf366f490
core   0: 0x80005f3c (0x1b8127b7) lui     a5, 0x1b812
core   0: 3 0x80005f3c (0x1b8127b7) x15 0x1b812000
core   0: 0x80005f40 (0x405255b3) sra     a1, tp, t0
core   0: 3 0x80005f40 (0x405255b3) x11 0x0000000d
core   0: 0x80005f44 (0x01020633) add     a2, tp, a6
core   0: 3 0x80005f44 (0x01020633) x12 0x185f82a9
core   0: 0x80005f48 (0x00e29613) slli    a2, t0, 14
core   0: 3 0x80005f48 (0x00e29613) x12 0x90000000
core   0: 0x80005f4c (0x0090a033) slt     zero, ra, s1
core   0: 3 0x80005f4c (0x0090a033)
core   0: 0x80005f50 (0x6158f193) andi    gp, a7, 1557
core   0: 3 0x80005f50 (0x6158f193) x 3 0x00000004
core   0: 0x80005f54 (0x4068d933) sra     s2, a7, t1
core   0: 3 0x80005f54 (0x4068d933) x18 0x03fff647
core   0: 0x80005f58 (0x0183e9b3) or      s3, t2, s8
core   0: 3 0x80005f58 (0x0183e9b3) x19 0xfe551873
core   0: 0x80005f5c (0x8fc36a13) ori     s4, t1, -1796
core   0: 3 0x80005f5c (0x8fc36a13) x20 0xfffff8fd
core   0: 0x80005f60 (0x41f88f33) sub     t5, a7, t6
core   0: 3 0x80005f60 (0x41f88f33) x30 0x7ffec8e5
core   0: 0x80005f64 (0xbd90e613) ori     a2, ra, -1063
core   0: 3 0x80005f64 (0xbd90e613) x12 0xffffffd9
core   0: 0x80005f68 (0x011e96b3) sll     a3, t4, a7
core   0: 3 0x80005f68 (0x011e96b3) x13 0x00000000
core   0: 0x80005f6c (0x896e3d93) sltiu   s11, t3, -1898
core   0: 3 0x80005f6c (0x896e3d93) x27 0x00000001
core   0: 0x80005f70 (0x01972333) slt     t1, a4, s9
core   0: 3 0x80005f70 (0x01972333) x 6 0x00000000
core   0: 0x80005f74 (0xaf325a17) auipc   s4, 0xaf325
core   0: 3 0x80005f74 (0xaf325a17) x20 0x2f32af74
core   0: 0x80005f78 (0x26f68993) addi    s3, a3, 623
core   0: 3 0x80005f78 (0x26f68993) x19 0x0000026f
core   0: 0x80005f7c (0xd067ae13) slti    t3, a5, -762
core   0: 3 0x80005f7c (0xd067ae13) x28 0x00000000
core   0: 0x80005f80 (0x010f2e33) slt     t3, t5, a6
core   0: 3 0x80005f80 (0x010f2e33) x28 0x00000000
core   0: 0x80005f84 (0x741d9717) auipc   a4, 0x741d9
core   0: 3 0x80005f84 (0x741d9717) x14 0xf41def84
core   0: 0x80005f88 (0x5127cf13) xori    t5, a5, 1298
core   0: 3 0x80005f88 (0x5127cf13) x30 0x1b812512
core   0: 0x80005f8c (0x013587b3) add     a5, a1, s3
core   0: 3 0x80005f8c (0x013587b3) x15 0x0000027c
core   0: 0x80005f90 (0x00dee4b3) or      s1, t4, a3
core   0: 3 0x80005f90 (0x00dee4b3) x 9 0x80000000
core   0: 0x80005f94 (0x018252b3) srl     t0, tp, s8
core   0: 3 0x80005f94 (0x018252b3) x 5 0x0000000d
core   0: 0x80005f98 (0x40df87b3) sub     a5, t6, a3
core   0: 3 0x80005f98 (0x40df87b3) x15 0x00000001
core   0: 0x80005f9c (0x00936733) or      a4, t1, s1
core   0: 3 0x80005f9c (0x00936733) x14 0x80000000
core   0: 0x80005fa0 (0x20f46d93) ori     s11, s0, 527
core   0: 3 0x80005fa0 (0x20f46d93) x27 0x80010e6f
core   0: 0x80005fa4 (0x00221193) slli    gp, tp, 2
core   0: 3 0x80005fa4 (0x00221193) x 3 0x00000034
core   0: 0x80005fa8 (0x4038d393) srai    t2, a7, 3
core   0: 3 0x80005fa8 (0x4038d393) x 7 0x0fffd91c
core   0: 0x80005fac (0x019ac9b3) xor     s3, s5, s9
core   0: 3 0x80005fac (0x019ac9b3) x19 0x5a251d45
core   0: 0x80005fb0 (0x410106b3) sub     a3, sp, a6
core   0: 3 0x80005fb0 (0x410106b3) x13 0xe7a07777
core   0: 0x80005fb4 (0x402705b3) sub     a1, a4, sp
core   0: 3 0x80005fb4 (0x402705b3) x11 0x800005ed
core   0: 0x80005fb8 (0x01845a33) srl     s4, s0, s8
core   0: 3 0x80005fb8 (0x01845a33) x20 0x80010e64
core   0: 0x80005fbc (0x00311313) slli    t1, sp, 3
core   0: 3 0x80005fbc (0x00311313) x 6 0xffffd098
core   0: 0x80005fc0 (0x0121cf33) xor     t5, gp, s2
core   0: 3 0x80005fc0 (0x0121cf33) x30 0x03fff673
core   0: 0x80005fc4 (0x41968fb3) sub     t6, a3, s9
core   0: 3 0x80005fc4 (0x41968fb3) x31 0x679f2a93
core   0: 0x80005fc8 (0x4085dfb3) sra     t6, a1, s0
core   0: 3 0x80005fc8 (0x4085dfb3) x31 0xf800005e
core   0: 0x80005fcc (0x6fa086b7) lui     a3, 0x6fa08
core   0: 3 0x80005fcc (0x6fa086b7) x13 0x6fa08000
core   0: 0x80005fd0 (0x01fd1833) sll     a6, s10, t6
core   0: 3 0x80005fd0 (0x01fd1833) x16 0x00000000
core   0: 0x80005fd4 (0x00455993) srli    s3, a0, 4
core   0: 3 0x80005fd4 (0x00455993) x19 0x07fcace7
core   0: 0x80005fd8 (0x2b5ecd13) xori    s10, t4, 693
core   0: 3 0x80005fd8 (0x2b5ecd13) x26 0x800002b5
core   0: 0x80005fdc (0xae666b93) ori     s7, a2, -1306
core   0: 3 0x80005fdc (0xae666b93) x23 0xffffffff
core   0: 0x80005fe0 (0x00428bb3) add     s7, t0, tp
core   0: 3 0x80005fe0 (0x00428bb3) x23 0x0000001a
core   0: 0x80005fe4 (0xae52e113) ori     sp, t0, -1307
core   0: 3 0x80005fe4 (0xae52e113) x 2 0xfffffaed
core   0: 0x80005fe8 (0x00000013) nop
core   0: 3 0x80005fe8 (0x00000013)
core   0: 0x80005fec (0x01ba2e33) slt     t3, s4, s11
core   0: 3 0x80005fec (0x01ba2e33) x28 0x00000001
core   0: 0x80005ff0 (0x01101a33) sll     s4, zero, a7
core   0: 3 0x80005ff0 (0x01101a33) x20 0x00000000
core   0: 0x80005ff4 (0xff746013) ori     zero, s0, -9
core   0: 3 0x80005ff4 (0xff746013)
core   0: 0x80005ff8 (0x01eec9b3) xor     s3, t4, t5
core   0: 3 0x80005ff8 (0x01eec9b3) x19 0x83fff673
core   0: 0x80005ffc (0x3a002293) slti    t0, zero, 928
core   0: 3 0x80005ffc (0x3a002293) x 5 0x00000001
core   0: 0x80006000 (0x4a114113) xori    sp, sp, 1185
core   0: 3 0x80006000 (0x4a114113) x 2 0xfffffe4c
core   0: 0x80006004 (0x00933333) sltu    t1, t1, s1
core   0: 3 0x80006004 (0x00933333) x 6 0x00000000
core   0: 0x80006008 (0x01f06033) or      zero, zero, t6
core   0: 3 0x80006008 (0x01f06033)
core   0: 0x8000600c (0x56a58093) addi    ra, a1, 1386
core   0: 3 0x8000600c (0x56a58093) x 1 0x80000b57
core   0: 0x80006010 (0xf03abd93) sltiu   s11, s5, -253
core   0: 3 0x80006010 (0xf03abd93) x27 0x00000001
core   0: 0x80006014 (0x01fddfb3) srl     t6, s11, t6
core   0: 3 0x80006014 (0x01fddfb3) x31 0x00000000
core   0: 0x80006018 (0x0012e233) or      tp, t0, ra
core   0: 3 0x80006018 (0x0012e233) x 4 0x80000b57
core   0: 0x8000601c (0xe7bb1037) lui     zero, 0xe7bb1
core   0: 3 0x8000601c (0xe7bb1037)
core   0: 0x80006020 (0x4112d613) srai    a2, t0, 17
core   0: 3 0x80006020 (0x4112d613) x12 0x00000000
core   0: 0x80006024 (0x01152033) slt     zero, a0, a7
core   0: 3 0x80006024 (0x01152033)
core   0: 0x80006028 (0x41cd56b3) sra     a3, s10, t3
core   0: 3 0x80006028 (0x41cd56b3) x13 0xc000015a
core   0: 0x8000602c (0x41e68333) sub     t1, a3, t5
core   0: 3 0x8000602c (0x41e68333) x 6 0xbc000ae7
core   0: 0x80006030 (0x000f96b3) sll     a3, t6, zero
core   0: 3 0x80006030 (0x000f96b3) x13 0x00000000
core   0: 0x80006034 (0x00a337b3) sltu    a5, t1, a0
core   0: 3 0x80006034 (0x00a337b3) x15 0x00000000
core   0: 0x80006038 (0x0163ae33) slt     t3, t2, s6
core   0: 3 0x80006038 (0x0163ae33) x28 0x00000001
core   0: 0x8000603c (0x0049ee33) or      t3, s3, tp
core   0: 3 0x8000603c (0x0049ee33) x28 0x83ffff77
core   0: 0x80006040 (0xe105fb93) andi    s7, a1, -496
core   0: 3 0x80006040 (0xe105fb93) x23 0x80000400
core   0: 0x80006044 (0x00f879b3) and     s3, a6, a5
core   0: 3 0x80006044 (0x00f879b3) x19 0x00000000
core   0: 0x80006048 (0x00855db3) srl     s11, a0, s0
core   0: 3 0x80006048 (0x00855db3) x27 0x07fcace7
core   0: 0x8000604c (0x41b98233) sub     tp, s3, s11
core   0: 3 0x8000604c (0x41b98233) x 4 0xf8035319
core   0: 0x80006050 (0x56fb3893) sltiu   a7, s6, 1391
core   0: 3 0x80006050 (0x56fb3893) x17 0x00000000
core   0: 0x80006054 (0xad450d13) addi    s10, a0, -1324
core   0: 3 0x80006054 (0xad450d13) x26 0x7fcac950
core   0: 0x80006058 (0x00000013) nop
core   0: 3 0x80006058 (0x00000013)
core   0: 0x8000605c (0x01579513) slli    a0, a5, 21
core   0: 3 0x8000605c (0x01579513) x10 0x00000000
core   0: 0x80006060 (0x0090d6b3) srl     a3, ra, s1
core   0: 3 0x80006060 (0x0090d6b3) x13 0x80000b57
core   0: 0x80006064 (0x00fa5613) srli    a2, s4, 15
core   0: 3 0x80006064 (0x00fa5613) x12 0x00000000
core   0: 0x80006068 (0x012d4633) xor     a2, s10, s2
core   0: 3 0x80006068 (0x012d4633) x12 0x7c353f17
core   0: 0x8000606c (0x481b8313) addi    t1, s7, 1153
core   0: 3 0x8000606c (0x481b8313) x 6 0x80000881
core   0: 0x80006070 (0x4e5e0d93) addi    s11, t3, 1253
core   0: 3 0x80006070 (0x4e5e0d93) x27 0x8400045c
core   0: 0x80006074 (0x01155d33) srl     s10, a0, a7
core   0: 3 0x80006074 (0x01155d33) x26 0x00000000
core   0: 0x80006078 (0x40ac87b3) sub     a5, s9, a0
core   0: 3 0x80006078 (0x40ac87b3) x15 0x80014ce4
core   0: 0x8000607c (0x01619793) slli    a5, gp, 22
core   0: 3 0x8000607c (0x01619793) x15 0x0d000000
core   0: 0x80006080 (0x00ce1b93) slli    s7, t3, 12
core   0: 3 0x80006080 (0x00ce1b93) x23 0xfff77000
core   0: 0x80006084 (0x0197d893) srli    a7, a5, 25
core   0: 3 0x80006084 (0x0197d893) x17 0x00000006
core   0: 0x80006088 (0x018ee133) or      sp, t4, s8
core   0: 3 0x80006088 (0x018ee133) x 2 0x8e551000
core   0: 0x8000608c (0x0048f733) and     a4, a7, tp
core   0: 3 0x8000608c (0x0048f733) x14 0x00000000
core   0: 0x80006090 (0x73602493) slti    s1, zero, 1846
core   0: 3 0x80006090 (0x73602493) x 9 0x00000001
core   0: 0x80006094 (0x10c6b793) sltiu   a5, a3, 268
core   0: 3 0x80006094 (0x10c6b793) x15 0x00000000
core   0: 0x80006098 (0x00000013) nop
core   0: 3 0x80006098 (0x00000013)
core   0: 0x8000609c (0x00ff7333) and     t1, t5, a5
core   0: 3 0x8000609c (0x00ff7333) x 6 0x00000000
core   0: 0x800060a0 (0x00000013) nop
core   0: 3 0x800060a0 (0x00000013)
core   0: 0x800060a4 (0xd2cdfb13) andi    s6, s11, -724
core   0: 3 0x800060a4 (0xd2cdfb13) x22 0x8400040c
core   0: 0x800060a8 (0x00f604b3) add     s1, a2, a5
core   0: 3 0x800060a8 (0x00f604b3) x 9 0x7c353f17
core   0: 0x800060ac (0x86040193) addi    gp, s0, -1952
core   0: 3 0x800060ac (0x86040193) x 3 0x800106c4
core   0: 0x800060b0 (0x011284b3) add     s1, t0, a7
core   0: 3 0x800060b0 (0x011284b3) x 9 0x00000007
core   0: 0x800060b4 (0x15f42ab7) lui     s5, 0x15f42
core   0: 3 0x800060b4 (0x15f42ab7) x21 0x15f42000
core   0: 0x800060b8 (0xe56b4113) xori    sp, s6, -426
core   0: 3 0x800060b8 (0xe56b4113) x 2 0x7bfffa5a
core   0: 0x800060bc (0x7f8de697) auipc   a3, 0x7f8de
core   0: 3 0x800060bc (0x7f8de697) x13 0xff8e40bc
core   0: 0x800060c0 (0x65cd8fb7) lui     t6, 0x65cd8
core   0: 3 0x800060c0 (0x65cd8fb7) x31 0x65cd8000
core   0: 0x800060c4 (0x005f5393) srli    t2, t5, 5
core   0: 3 0x800060c4 (0x005f5393) x 7 0x001fffb3
core   0: 0x800060c8 (0xc9b46193) ori     gp, s0, -869
core   0: 3 0x800060c8 (0xc9b46193) x 3 0xfffffeff
core   0: 0x800060cc (0x00e30833) add     a6, t1, a4
core   0: 3 0x800060cc (0x00e30833) x16 0x00000000
core   0: 0x800060d0 (0x0191adb3) slt     s11, gp, s9
core   0: 3 0x800060d0 (0x0191adb3) x27 0x00000000
core   0: 0x800060d4 (0x828f0013) addi    zero, t5, -2008
core   0: 3 0x800060d4 (0x828f0013)
core   0: 0x800060d8 (0xdd667f13) andi    t5, a2, -554
core   0: 3 0x800060d8 (0xdd667f13) x30 0x7c353d16
core   0: 0x800060dc (0x005df4b3) and     s1, s11, t0
core   0: 3 0x800060dc (0x005df4b3) x 9 0x00000000
core   0: 0x800060e0 (0x01f65b33) srl     s6, a2, t6
core   0: 3 0x800060e0 (0x01f65b33) x22 0x7c353f17
core   0: 0x800060e4 (0x01101693) slli    a3, zero, 17
core   0: 3 0x800060e4 (0x01101693) x13 0x00000000
core   0: 0x800060e8 (0x000e9133) sll     sp, t4, zero
core   0: 3 0x800060e8 (0x000e9133) x 2 0x80000000
core   0: 0x800060ec (0x00000013) nop
core   0: 3 0x800060ec (0x00000013)
core   0: 0x800060f0 (0xd2868a93) addi    s5, a3, -728
core   0: 3 0x800060f0 (0xd2868a93) x21 0xfffffd28
core   0: 0x800060f4 (0x00cc9493) slli    s1, s9, 12
core   0: 3 0x800060f4 (0x00cc9493) x 9 0x14ce4000
core   0: 0x800060f8 (0xbd1b0993) addi    s3, s6, -1071
core   0: 3 0x800060f8 (0xbd1b0993) x19 0x7c353ae8
core   0: 0x800060fc (0x1486c893) xori    a7, a3, 328
core   0: 3 0x800060fc (0x1486c893) x17 0x00000148
core   0: 0x80006100 (0x00b160b3) or      ra, sp, a1
core   0: 3 0x80006100 (0x00b160b3) x 1 0x800005ed
core   0: 0x80006104 (0x01d39133) sll     sp, t2, t4
core   0: 3 0x80006104 (0x01d39133) x 2 0x001fffb3
core   0: 0x80006108 (0x41890db3) sub     s11, s2, s8
core   0: 3 0x80006108 (0x41890db3) x27 0xf5aae647
core   0: 0x8000610c (0x01a85a33) srl     s4, a6, s10
core   0: 3 0x8000610c (0x01a85a33) x20 0x00000000
core   0: 0x80006110 (0x001dc3b3) xor     t2, s11, ra
core   0: 3 0x80006110 (0x001dc3b3) x 7 0x75aae3aa
core   0: 0x80006114 (0x1d7d21b7) lui     gp, 0x1d7d2
core   0: 3 0x80006114 (0x1d7d21b7) x 3 0x1d7d2000
core   0: 0x80006118 (0x00000013) nop
core   0: 3 0x80006118 (0x00000013)
core   0: 0x8000611c (0x000a1293) slli    t0, s4, 0
core   0: 3 0x8000611c (0x000a1293) x 5 0x00000000
core   0: 0x80006120 (0x41ae5f13) srai    t5, t3, 26
core   0: 3 0x80006120 (0x41ae5f13) x30 0xffffffe0
core   0: 0x80006124 (0x4131d5b3) sra     a1, gp, s3
core   0: 3 0x80006124 (0x4131d5b3) x11 0x001d7d20
core   0: 0x80006128 (0x00cf0833) add     a6, t5, a2
core   0: 3 0x80006128 (0x00cf0833) x16 0x7c353ef7
core   0: 0x8000612c (0x8f55c613) xori    a2, a1, -1803
core   0: 3 0x8000612c (0x8f55c613) x12 0xffe285d5
core   0: 0x80006130 (0x41038233) sub     tp, t2, a6
core   0: 3 0x80006130 (0x41038233) x 4 0xf975a4b3
core   0: 0x80006134 (0xf5546d13) ori     s10, s0, -171
core   0: 3 0x80006134 (0xf5546d13) x26 0xffffff75
core   0: 0x80006138 (0x00000013) nop
core   0: 3 0x80006138 (0x00000013)
core   0: 0x8000613c (0x014b1313) slli    t1, s6, 20
core   0: 3 0x8000613c (0x014b1313) x 6 0xf1700000
core   0: 0x80006140 (0x01719593) slli    a1, gp, 23
core   0: 3 0x80006140 (0x01719593) x11 0x00000000
core   0: 0x80006144 (0x01de5913) srli    s2, t3, 29
core   0: 3 0x80006144 (0x01de5913) x18 0x00000004
core   0: 0x80006148 (0x0c2abe13) sltiu   t3, s5, 194
core   0: 3 0x80006148 (0x0c2abe13) x28 0x00000000
core   0: 0x8000614c (0x01d82bb3) slt     s7, a6, t4
core   0: 3 0x8000614c (0x01d82bb3) x23 0x00000000
core   0: 0x80006150 (0x01ba3833) sltu    a6, s4, s11
core   0: 3 0x80006150 (0x01ba3833) x16 0x00000001
core   0: 0x80006154 (0x00000013) nop
core   0: 3 0x80006154 (0x00000013)
core   0: 0x80006158 (0x27e5a313) slti    t1, a1, 638
core   0: 3 0x80006158 (0x27e5a313) x 6 0x00000001
core   0: 0x8000615c (0x0181a533) slt     a0, gp, s8
core   0: 3 0x8000615c (0x0181a533) x10 0x00000000
core   0: 0x80006160 (0x01cd20b3) slt     ra, s10, t3
core   0: 3 0x80006160 (0x01cd20b3) x 1 0x00000001
core   0: 0x80006164 (0x01cf1e33) sll     t3, t5, t3
core   0: 3 0x80006164 (0x01cf1e33) x28 0xffffffe0
core   0: 0x80006168 (0x00000013) nop
core   0: 3 0x80006168 (0x00000013)
core   0: 0x8000616c (0x01ef7ab3) and     s5, t5, t5
core   0: 3 0x8000616c (0x01ef7ab3) x21 0xffffffe0
core   0: 0x80006170 (0x01269333) sll     t1, a3, s2
core   0: 3 0x80006170 (0x01269333) x 6 0x00000000
core   0: 0x80006174 (0x0174d793) srli    a5, s1, 23
core   0: 3 0x80006174 (0x0174d793) x15 0x00000029
core   0: 0x80006178 (0x401c7ab7) lui     s5, 0x401c7
core   0: 3 0x80006178 (0x401c7ab7) x21 0x401c7000
core   0: 0x8000617c (0x83fe0517) auipc   a0, 0x83fe0
core   0: 3 0x8000617c (0x83fe0517) x10 0x03fe617c
core   0: 0x80006180 (0x019bf4b3) and     s1, s7, s9
core   0: 3 0x80006180 (0x019bf4b3) x 9 0x00000000
core   0: 0x80006184 (0xc6343193) sltiu   gp, s0, -925
core   0: 3 0x80006184 (0xc6343193) x 3 0x00000001
core   0: 0x80006188 (0x6914ab97) auipc   s7, 0x6914a
core   0: 3 0x80006188 (0x6914ab97) x23 0xe9150188
core   0: 0x8000618c (0x00145b93) srli    s7, s0, 1
core   0: 3 0x8000618c (0x00145b93) x23 0x40008732
core   0: 0x80006190 (0x008689b3) add     s3, a3, s0
core   0: 3 0x80006190 (0x008689b3) x19 0x80010e64
core   0: 0x80006194 (0xda142113) slti    sp, s0, -607
core   0: 3 0x80006194 (0xda142113) x 2 0x00000001
core   0: 0x80006198 (0x01828bb3) add     s7, t0, s8
core   0: 3 0x80006198 (0x01828bb3) x23 0x0e551000
core   0: 0x8000619c (0x01036bb3) or      s7, t1, a6
core   0: 3 0x8000619c (0x01036bb3) x23 0x00000001
core   0: 0x800061a0 (0x013f3733) sltu    a4, t5, s3
core   0: 3 0x800061a0 (0x013f3733) x14 0x00000000
core   0: 0x800061a4 (0x00000013) nop
core   0: 3 0x800061a4 (0x00000013)
core   0: 0x800061a8 (0x016f14b3) sll     s1, t5, s6
core   0: 3 0x800061a8 (0x016f14b3) x 9 0xf0000000
core   0: 0x800061ac (0xdda60a13) addi    s4, a2, -550
core   0: 3 0x800061ac (0xdda60a13) x20 0xffe283af
core   0: 0x800061b0 (0x8ed8fc13) andi    s8, a7, -1811
core   0: 3 0x800061b0 (0x8ed8fc13) x24 0x00000048
core   0: 0x800061b4 (0x00c7dc13) srli    s8, a5, 12
core   0: 3 0x800061b4 (0x00c7dc13) x24 0x00000000
core   0: 0x800061b8 (0x019fe8b3) or      a7, t6, s9
core   0: 3 0x800061b8 (0x019fe8b3) x17 0xe5cdcce4
core   0: 0x800061bc (0x0069ce33) xor     t3, s3, t1
core   0: 3 0x800061bc (0x0069ce33) x28 0x80010e64
core   0: 0x800061c0 (0x627a3713) sltiu   a4, s4, 1575
core   0: 3 0x800061c0 (0x627a3713) x14 0x00000000
core   0: 0x800061c4 (0x002f21b3) slt     gp, t5, sp
core   0: 3 0x800061c4 (0x002f21b3) x 3 0x00000001
core   0: 0x800061c8 (0x0139a5b3) slt     a1, s3, s3
core   0: 3 0x800061c8 (0x0139a5b3) x11 0x00000000
core   0: 0x800061cc (0x40c50c33) sub     s8, a0, a2
core   0: 3 0x800061cc (0x40c50c33) x24 0x041bdba7
core   0: 0x800061d0 (0xd22eed93) ori     s11, t4, -734
core   0: 3 0x800061d0 (0xd22eed93) x27 0xfffffd22
core   0: 0x800061d4 (0x01c46c33) or      s8, s0, t3
core   0: 3 0x800061d4 (0x01c46c33) x24 0x80010e64
core   0: 0x800061d8 (0x8a27b513) sltiu   a0, a5, -1886
core   0: 3 0x800061d8 (0x8a27b513) x10 0x00000001
core   0: 0x800061dc (0x01e782b3) add     t0, a5, t5
core   0: 3 0x800061dc (0x01e782b3) x 5 0x00000009
core   0: 0x800061e0 (0x7946a613) slti    a2, a3, 1940
core   0: 3 0x800061e0 (0x7946a613) x12 0x00000001
core   0: 0x800061e4 (0xc5be3493) sltiu   s1, t3, -933
core   0: 3 0x800061e4 (0xc5be3493) x 9 0x00000001
core   0: 0x800061e8 (0x41b584b3) sub     s1, a1, s11
core   0: 3 0x800061e8 (0x41b584b3) x 9 0x000002de
core   0: 0x800061ec (0x00d61713) slli    a4, a2, 13
core   0: 3 0x800061ec (0x00d61713) x14 0x00002000
core   0: 0x800061f0 (0x0139ae33) slt     t3, s3, s3
core   0: 3 0x800061f0 (0x0139ae33) x28 0x00000000
core   0: 0x800061f4 (0x00c39233) sll     tp, t2, a2
core   0: 3 0x800061f4 (0x00c39233) x 4 0xeb55c754
core   0: 0x800061f8 (0x40160bb3) sub     s7, a2, ra
core   0: 3 0x800061f8 (0x40160bb3) x23 0x00000000
core   0: 0x800061fc (0x0189c133) xor     sp, s3, s8
core   0: 3 0x800061fc (0x0189c133) x 2 0x00000000
core   0: 0x80006200 (0x013c48b3) xor     a7, s8, s3
core   0: 3 0x80006200 (0x013c48b3) x17 0x00000000
core   0: 0x80006204 (0x0029d313) srli    t1, s3, 2
core   0: 3 0x80006204 (0x0029d313) x 6 0x20004399
core   0: 0x80006208 (0xa1ff0c13) addi    s8, t5, -1505
core   0: 3 0x80006208 (0xa1ff0c13) x24 0xfffff9ff
core   0: 0x8000620c (0x3420f293) andi    t0, ra, 834
core   0: 3 0x8000620c (0x3420f293) x 5 0x00000000
core   0: 0x80006210 (0x1a48f493) andi    s1, a7, 420
core   0: 3 0x80006210 (0x1a48f493) x 9 0x00000000
core   0: 0x80006214 (0x00000013) nop
core   0: 3 0x80006214 (0x00000013)
core   0: 0x80006218 (0x12a5eb93) ori     s7, a1, 298
core   0: 3 0x80006218 (0x12a5eb93) x23 0x0000012a
core   0: 0x8000621c (0xf5ad2893) slti    a7, s10, -166
core   0: 3 0x8000621c (0xf5ad2893) x17 0x00000000
core   0: 0x80006220 (0x665ca197) auipc   gp, 0x665ca
core   0: 3 0x80006220 (0x665ca197) x 3 0xe65d0220
core   0: 0x80006224 (0x12bd3313) sltiu   t1, s10, 299
core   0: 3 0x80006224 (0x12bd3313) x 6 0x00000000
core   0: 0x80006228 (0xb6706913) ori     s2, zero, -1177
core   0: 3 0x80006228 (0xb6706913) x18 0xfffffb67
core   0: 0x8000622c (0x869dc913) xori    s2, s11, -1943
core   0: 3 0x8000622c (0x869dc913) x18 0x0000054b
core   0: 0x80006230 (0x059ec693) xori    a3, t4, 89
core   0: 3 0x80006230 (0x059ec693) x13 0x80000059
core   0: 0x80006234 (0x01ea43b3) xor     t2, s4, t5
core   0: 3 0x80006234 (0x01ea43b3) x 7 0x001d7c4f
core   0: 0x80006238 (0x405b8db3) sub     s11, s7, t0
core   0: 3 0x80006238 (0x405b8db3) x27 0x0000012a
core   0: 0x8000623c (0x00f84fb3) xor     t6, a6, a5
core   0: 3 0x8000623c (0x00f84fb3) x31 0x00000028
core   0: 0x80006240 (0x19be0317) auipc   t1, 0x19be0
core   0: 3 0x80006240 (0x19be0317) x 6 0x99be6240
core   0: 0x80006244 (0x0050c733) xor     a4, ra, t0
core   0: 3 0x80006244 (0x0050c733) x14 0x00000001
core   0: 0x80006248 (0x00cb8333) add     t1, s7, a2
core   0: 3 0x80006248 (0x00cb8333) x 6 0x0000012b
core   0: 0x8000624c (0x40708fb3) sub     t6, ra, t2
core   0: 3 0x8000624c (0x40708fb3) x31 0xffe283b2
core   0: 0x80006250 (0x01285f13) srli    t5, a6, 18
core   0: 3 0x80006250 (0x01285f13) x30 0x00000000
core   0: 0x80006254 (0x40f78793) addi    a5, a5, 1039
core   0: 3 0x80006254 (0x40f78793) x15 0x00000438
core   0: 0x80006258 (0xb8028313) addi    t1, t0, -1152
core   0: 3 0x80006258 (0xb8028313) x 6 0xfffffb80
core   0: 0x8000625c (0x41068233) sub     tp, a3, a6
core   0: 3 0x8000625c (0x41068233) x 4 0x80000058
core   0: 0x80006260 (0xeb4f5b97) auipc   s7, 0xeb4f5
core   0: 3 0x80006260 (0xeb4f5b97) x23 0x6b4fb260
core   0: 0x80006264 (0x00fa5b33) srl     s6, s4, a5
core   0: 3 0x80006264 (0x00fa5b33) x22 0x000000ff
core   0: 0x80006268 (0x0032f6b3) and     a3, t0, gp
core   0: 3 0x80006268 (0x0032f6b3) x13 0x00000000
core   0: 0x8000626c (0x00a78b33) add     s6, a5, a0
core   0: 3 0x8000626c (0x00a78b33) x22 0x00000439
core   0: 0x80006270 (0x00c305b7) lui     a1, 0xc30
core   0: 3 0x80006270 (0x00c305b7) x11 0x00c30000
core   0: 0x80006274 (0x00ccde13) srli    t3, s9, 12
core   0: 3 0x80006274 (0x00ccde13) x28 0x00080014
core   0: 0x80006278 (0x2e08fe13) andi    t3, a7, 736
core   0: 3 0x80006278 (0x2e08fe13) x28 0x00000000
core   0: 0x8000627c (0x4e314113) xori    sp, sp, 1251
core   0: 3 0x8000627c (0x4e314113) x 2 0x000004e3
core   0: 0x80006280 (0x83fbcf97) auipc   t6, 0x83fbc
core   0: 3 0x80006280 (0x83fbcf97) x31 0x03fc2280
core   0: 0x80006284 (0x00d7f6b3) and     a3, a5, a3
core   0: 3 0x80006284 (0x00d7f6b3) x13 0x00000000
core   0: 0x80006288 (0x407ad633) sra     a2, s5, t2
core   0: 3 0x80006288 (0x407ad633) x12 0x00008038
core   0: 0x8000628c (0xa2f52d93) slti    s11, a0, -1489
core   0: 3 0x8000628c (0xa2f52d93) x27 0x00000000
core   0: 0x80006290 (0xfff00993) li      s3, -1
core   0: 3 0x80006290 (0xfff00993) x19 0xffffffff
core   0: 0x80006294 (0x80000d37) lui     s10, 0x80000
core   0: 3 0x80006294 (0x80000d37) x26 0x80000000
core   0: 0x80006298 (0x80000c37) lui     s8, 0x80000
core   0: 3 0x80006298 (0x80000c37) x24 0x80000000
core   0: 0x8000629c (0xb96c00b7) lui     ra, 0xb96c0
core   0: 3 0x8000629c (0xb96c00b7) x 1 0xb96c0000
core   0: 0x800062a0 (0x63e08093) addi    ra, ra, 1598
core   0: 3 0x800062a0 (0x63e08093) x 1 0xb96c063e
core   0: 0x800062a4 (0xfff00f93) li      t6, -1
core   0: 3 0x800062a4 (0xfff00f93) x31 0xffffffff
core   0: 0x800062a8 (0x00000293) li      t0, 0
core   0: 3 0x800062a8 (0x00000293) x 5 0x00000000
core   0: 0x800062ac (0x00000393) li      t2, 0
core   0: 3 0x800062ac (0x00000393) x 7 0x00000000
core   0: 0x800062b0 (0x00000e13) li      t3, 0
core   0: 3 0x800062b0 (0x00000e13) x28 0x00000000
core   0: 0x800062b4 (0x00000813) li      a6, 0
core   0: 3 0x800062b4 (0x00000813) x16 0x00000000
core   0: 0x800062b8 (0xfff00f13) li      t5, -1
core   0: 3 0x800062b8 (0xfff00f13) x30 0xffffffff
core   0: 0x800062bc (0xed8f8093) addi    ra, t6, -296
core   0: 3 0x800062bc (0xed8f8093) x 1 0xfffffed7
core   0: 0x800062c0 (0x791f5097) auipc   ra, 0x791f5
core   0: 3 0x800062c0 (0x791f5097) x 1 0xf91fb2c0
core   0: 0x800062c4 (0x418e03b3) sub     t2, t3, s8
core   0: 3 0x800062c4 (0x418e03b3) x 7 0x80000000
core   0: 0x800062c8 (0x497f7997) auipc   s3, 0x497f7
core   0: 3 0x800062c8 (0x497f7997) x19 0xc97fd2c8
core   0: 0x800062cc (0x00000013) nop
core   0: 3 0x800062cc (0x00000013)
core   0: 0x800062d0 (0x00000013) nop
core   0: 3 0x800062d0 (0x00000013)
core   0: 0x800062d4 (0x8ea699b7) lui     s3, 0x8ea69
core   0: 3 0x800062d4 (0x8ea699b7) x19 0x8ea69000
core   0: 0x800062d8 (0x00000013) nop
core   0: 3 0x800062d8 (0x00000013)
core   0: 0x800062dc (0xe15f0293) addi    t0, t5, -491
core   0: 3 0x800062dc (0xe15f0293) x 5 0xfffffe14
core   0: 0x800062e0 (0x413c0fb3) sub     t6, s8, s3
core   0: 3 0x800062e0 (0x413c0fb3) x31 0xf1597000
core   0: 0x800062e4 (0x21d059b7) lui     s3, 0x21d05
core   0: 3 0x800062e4 (0x21d059b7) x19 0x21d05000
core   0: 0x800062e8 (0xf3cb4397) auipc   t2, 0xf3cb4
core   0: 3 0x800062e8 (0xf3cb4397) x 7 0x73cba2e8
core   0: 0x800062ec (0x41a38f33) sub     t5, t2, s10
core   0: 3 0x800062ec (0x41a38f33) x30 0xf3cba2e8
core   0: 0x800062f0 (0x41338f33) sub     t5, t2, s3
core   0: 3 0x800062f0 (0x41338f33) x30 0x51fb52e8
core   0: 0x800062f4 (0x00000013) nop
core   0: 3 0x800062f4 (0x00000013)
core   0: 0x800062f8 (0x0fa399b7) lui     s3, 0xfa39
core   0: 3 0x800062f8 (0x0fa399b7) x19 0x0fa39000
core   0: 0x800062fc (0x03608f13) addi    t5, ra, 54
core   0: 3 0x800062fc (0x03608f13) x30 0xf91fb2f6
core   0: 0x80006300 (0x00000013) nop
core   0: 3 0x80006300 (0x00000013)
core   0: 0x80006304 (0x259a2817) auipc   a6, 0x259a2
core   0: 3 0x80006304 (0x259a2817) x16 0xa59a8304
core   0: 0x80006308 (0x00000013) nop
core   0: 3 0x80006308 (0x00000013)
core   0: 0x8000630c (0x01a08c33) add     s8, ra, s10
core   0: 3 0x8000630c (0x01a08c33) x24 0x791fb2c0
core   0: 0x80006310 (0x01cc0f33) add     t5, s8, t3
core   0: 3 0x80006310 (0x01cc0f33) x30 0x791fb2c0
core   0: 0x80006314 (0xcc108093) addi    ra, ra, -831
core   0: 3 0x80006314 (0xcc108093) x 1 0xf91faf81
core   0: 0x80006318 (0x298f8293) addi    t0, t6, 664
core   0: 3 0x80006318 (0x298f8293) x 5 0xf1597298
core   0: 0x8000631c (0x004c4533) xor     a0, s8, tp
core   0: 3 0x8000631c (0x004c4533) x10 0xf91fb298
core   0: 0x80006320 (0x00000013) nop
core   0: 3 0x80006320 (0x00000013)
core   0: 0x80006324 (0x00fa83b3) add     t2, s5, a5
core   0: 3 0x80006324 (0x00fa83b3) x 7 0x401c7438
core   0: 0x80006328 (0x01345693) srli    a3, s0, 19
core   0: 3 0x80006328 (0x01345693) x13 0x00001000
core   0: 0x8000632c (0xe3560613) addi    a2, a2, -459
core   0: 3 0x8000632c (0xe3560613) x12 0x00007e6d
core   0: 0x80006330 (0x00000013) nop
core   0: 3 0x80006330 (0x00000013)
core   0: 0x80006334 (0x019c2333) slt     t1, s8, s9
core   0: 3 0x80006334 (0x019c2333) x 6 0x00000000
core   0: 0x80006338 (0x01c5d533) srl     a0, a1, t3
core   0: 3 0x80006338 (0x01c5d533) x10 0x00c30000
core   0: 0x8000633c (0x41125f93) srai    t6, tp, 17
core   0: 3 0x8000633c (0x41125f93) x31 0xffffc000
core   0: 0x80006340 (0x00000013) nop
core   0: 3 0x80006340 (0x00000013)
core   0: 0x80006344 (0x00cfdb33) srl     s6, t6, a2
core   0: 3 0x80006344 (0x00cfdb33) x22 0x0007fffe
core   0: 0x80006348 (0x01bcd313) srli    t1, s9, 27
core   0: 3 0x80006348 (0x01bcd313) x 6 0x00000010
core   0: 0x8000634c (0x01a78f33) add     t5, a5, s10
core   0: 3 0x8000634c (0x01a78f33) x30 0x80000438
core   0: 0x80006350 (0x8b713f93) sltiu   t6, sp, -1865
core   0: 3 0x80006350 (0x8b713f93) x31 0x00000001
core   0: 0x80006354 (0xe0d4c993) xori    s3, s1, -499
core   0: 3 0x80006354 (0xe0d4c993) x19 0xfffffe0d
core   0: 0x80006358 (0x01555c13) srli    s8, a0, 21
core   0: 3 0x80006358 (0x01555c13) x24 0x00000006
core   0: 0x8000635c (0xfff59297) auipc   t0, 0xfff59
core   0: 3 0x8000635c (0xfff59297) x 5 0x7ff5f35c
core   0: 0x80006360 (0x00b8d0b3) srl     ra, a7, a1
core   0: 3 0x80006360 (0x00b8d0b3) x 1 0x00000000
core   0: 0x80006364 (0xced0ad93) slti    s11, ra, -787
core   0: 3 0x80006364 (0xced0ad93) x27 0x00000000
core   0: 0x80006368 (0x01a49ab3) sll     s5, s1, s10
core   0: 3 0x80006368 (0x01a49ab3) x21 0x00000000
core   0: 0x8000636c (0x01887bb3) and     s7, a6, s8
core   0: 3 0x8000636c (0x01887bb3) x23 0x00000004
core   0: 0x80006370 (0xfe642713) slti    a4, s0, -26
core   0: 3 0x80006370 (0xfe642713) x14 0x00000001
core   0: 0x80006374 (0x40fc0fb3) sub     t6, s8, a5
core   0: 3 0x80006374 (0x40fc0fb3) x31 0xfffffbce
core   0: 0x80006378 (0xe0e58a97) auipc   s5, 0xe0e58
core   0: 3 0x80006378 (0xe0e58a97) x21 0x60e5e378
core   0: 0x8000637c (0x000b21b3) slt     gp, s6, zero
core   0: 3 0x8000637c (0x000b21b3) x 3 0x00000000
core   0: 0x80006380 (0x01758733) add     a4, a1, s7
core   0: 3 0x80006380 (0x01758733) x14 0x00c30004
core   0: 0x80006384 (0xcfb4aa93) slti    s5, s1, -773
core   0: 3 0x80006384 (0xcfb4aa93) x21 0x00000000
core   0: 0x80006388 (0x41900d33) sub     s10, zero, s9
core   0: 3 0x80006388 (0x41900d33) x26 0x7ffeb31c
core   0: 0x8000638c (0xb3cf3037) lui     zero, 0xb3cf3
core   0: 3 0x8000638c (0xb3cf3037)
core   0: 0x80006390 (0x0084d0b3) srl     ra, s1, s0
core   0: 3 0x80006390 (0x0084d0b3) x 1 0x00000000
core   0: 0x80006394 (0x003bd0b3) srl     ra, s7, gp
core   0: 3 0x80006394 (0x003bd0b3) x 1 0x00000004
core   0: 0x80006398 (0x19eb4693) xori    a3, s6, 414
core   0: 3 0x80006398 (0x19eb4693) x13 0x0007fe60
core   0: 0x8000639c (0x01a74233) xor     tp, a4, s10
core   0: 3 0x8000639c (0x01a74233) x 4 0x7f3db318
core   0: 0x800063a0 (0x62fbf013) andi    zero, s7, 1583
core   0: 3 0x800063a0 (0x62fbf013)
core   0: 0x800063a4 (0x01743033) sltu    zero, s0, s7
core   0: 3 0x800063a4 (0x01743033)
core   0: 0x800063a8 (0x004287b3) add     a5, t0, tp
core   0: 3 0x800063a8 (0x004287b3) x15 0xff33a674
core   0: 0x800063ac (0x405c5fb3) sra     t6, s8, t0
core   0: 3 0x800063ac (0x405c5fb3) x31 0x00000000
core   0: 0x800063b0 (0x00945533) srl     a0, s0, s1
core   0: 3 0x800063b0 (0x00945533) x10 0x80010e64
core   0: 0x800063b4 (0xc5fede37) lui     t3, 0xc5fed
core   0: 3 0x800063b4 (0xc5fede37) x28 0xc5fed000
core   0: 0x800063b8 (0x00000013) nop
core   0: 3 0x800063b8 (0x00000013)
core   0: 0x800063bc (0x00b60db3) add     s11, a2, a1
core   0: 3 0x800063bc (0x00b60db3) x27 0x00c37e6d
core   0: 0x800063c0 (0xb3849217) auipc   tp, 0xb3849
core   0: 3 0x800063c0 (0xb3849217) x 4 0x3384f3c0
core   0: 0x800063c4 (0x0111b1b3) sltu    gp, gp, a7
core   0: 3 0x800063c4 (0x0111b1b3) x 3 0x00000000
core   0: 0x800063c8 (0x015b58b3) srl     a7, s6, s5
core   0: 3 0x800063c8 (0x015b58b3) x17 0x0007fffe
core   0: 0x800063cc (0x00000013) nop
core   0: 3 0x800063cc (0x00000013)
core   0: 0x800063d0 (0x9d373113) sltiu   sp, a4, -1581
core   0: 3 0x800063d0 (0x9d373113) x 2 0x00000001
core   0: 0x800063d4 (0x01fa13b3) sll     t2, s4, t6
core   0: 3 0x800063d4 (0x01fa13b3) x 7 0xffe283af
core   0: 0x800063d8 (0x410c5233) sra     tp, s8, a6
core   0: 3 0x800063d8 (0x410c5233) x 4 0x00000000
core   0: 0x800063dc (0x01531933) sll     s2, t1, s5
core   0: 3 0x800063dc (0x01531933) x18 0x00000010
core   0: 0x800063e0 (0x01200b33) add     s6, zero, s2
core   0: 3 0x800063e0 (0x01200b33) x22 0x00000010
core   0: 0x800063e4 (0xad64ef13) ori     t5, s1, -1322
core   0: 3 0x800063e4 (0xad64ef13) x30 0xfffffad6
core   0: 0x800063e8 (0x296cf913) andi    s2, s9, 662
core   0: 3 0x800063e8 (0x296cf913) x18 0x00000084
core   0: 0x800063ec (0xee117193) andi    gp, sp, -287
core   0: 3 0x800063ec (0xee117193) x 3 0x00000001
core   0: 0x800063f0 (0x01ae1133) sll     sp, t3, s10
core   0: 3 0x800063f0 (0x01ae1133) x 2 0x00000000
core   0: 0x800063f4 (0x00000013) nop
core   0: 3 0x800063f4 (0x00000013)
core   0: 0x800063f8 (0x417a89b3) sub     s3, s5, s7
core   0: 3 0x800063f8 (0x417a89b3) x19 0xfffffffc
core   0: 0x800063fc (0xb8852f13) slti    t5, a0, -1144
core   0: 3 0x800063fc (0xb8852f13) x30 0x00000001
core   0: 0x80006400 (0x01b0a133) slt     sp, ra, s11
core   0: 3 0x80006400 (0x01b0a133) x 2 0x00000001
core   0: 0x80006404 (0x90fdca97) auipc   s5, 0x90fdc
core   0: 3 0x80006404 (0x90fdca97) x21 0x10fe2404
core   0: 0x80006408 (0xbb0f2a97) auipc   s5, 0xbb0f2
core   0: 3 0x80006408 (0xbb0f2a97) x21 0x3b0f8408
core   0: 0x8000640c (0x01758d33) add     s10, a1, s7
core   0: 3 0x8000640c (0x01758d33) x26 0x00c30004
core   0: 0x80006410 (0x0111efb3) or      t6, gp, a7
core   0: 3 0x80006410 (0x0111efb3) x31 0x0007ffff
core   0: 0x80006414 (0x4191db13) srai    s6, gp, 25
core   0: 3 0x80006414 (0x4191db13) x22 0x00000000
core   0: 0x80006418 (0xa6ee2c17) auipc   s8, 0xa6ee2
core   0: 3 0x80006418 (0xa6ee2c17) x24 0x26ee8418
core   0: 0x8000641c (0x407406b3) sub     a3, s0, t2
core   0: 3 0x8000641c (0x407406b3) x13 0x801e8ab5
core   0: 0x80006420 (0x017cd113) srli    sp, s9, 23
core   0: 3 0x80006420 (0x017cd113) x 2 0x00000100
core   0: 0x80006424 (0x14a20f93) addi    t6, tp, 330
core   0: 3 0x80006424 (0x14a20f93) x31 0x0000014a
core   0: 0x80006428 (0xd92d3613) sltiu   a2, s10, -622
core   0: 3 0x80006428 (0xd92d3613) x12 0x00000001
core   0: 0x8000642c (0x00709093) slli    ra, ra, 7
core   0: 3 0x8000642c (0x00709093) x 1 0x00000200
core   0: 0x80006430 (0x009804b3) add     s1, a6, s1
core   0: 3 0x80006430 (0x009804b3) x 9 0xa59a8304
core   0: 0x80006434 (0x41eddf93) srai    t6, s11, 30
core   0: 3 0x80006434 (0x41eddf93) x31 0x00000000
core   0: 0x80006438 (0x00585233) srl     tp, a6, t0
core   0: 3 0x80006438 (0x00585233) x 4 0x0000000a
core   0: 0x8000643c (0x0015f633) and     a2, a1, ra
core   0: 3 0x8000643c (0x0015f633) x12 0x00000000
core   0: 0x80006440 (0x40715893) srai    a7, sp, 7
core   0: 3 0x80006440 (0x40715893) x17 0x00000002
core   0: 0x80006444 (0x01c59e13) slli    t3, a1, 28
core   0: 3 0x80006444 (0x01c59e13) x28 0x00000000
core   0: 0x80006448 (0x00905b33) srl     s6, zero, s1
core   0: 3 0x80006448 (0x00905b33) x22 0x00000000
core   0: 0x8000644c (0xbd0e7013) andi    zero, t3, -1072
core   0: 3 0x8000644c (0xbd0e7013)
core   0: 0x80006450 (0x41438a33) sub     s4, t2, s4
core   0: 3 0x80006450 (0x41438a33) x20 0x00000000
core   0: 0x80006454 (0x1673f613) andi    a2, t2, 359
core   0: 3 0x80006454 (0x1673f613) x12 0x00000127
core   0: 0x80006458 (0x00bccd33) xor     s10, s9, a1
core   0: 3 0x80006458 (0x00bccd33) x26 0x80c24ce4
core   0: 0x8000645c (0x00d52db3) slt     s11, a0, a3
core   0: 3 0x8000645c (0x00d52db3) x27 0x00000001
core   0: 0x80006460 (0xc8c5e813) ori     a6, a1, -884
core   0: 3 0x80006460 (0xc8c5e813) x16 0xfffffc8c
core   0: 0x80006464 (0x00ad27b3) slt     a5, s10, a0
core   0: 3 0x80006464 (0x00ad27b3) x15 0x00000000
core   0: 0x80006468 (0x40c55db3) sra     s11, a0, a2
core   0: 3 0x80006468 (0x40c55db3) x27 0xff00021c
core   0: 0x8000646c (0x406b5933) sra     s2, s6, t1
core   0: 3 0x8000646c (0x406b5933) x18 0x00000000
core   0: 0x80006470 (0x41ff58b3) sra     a7, t5, t6
core   0: 3 0x80006470 (0x41ff58b3) x17 0x00000001
core   0: 0x80006474 (0x00445813) srli    a6, s0, 4
core   0: 3 0x80006474 (0x00445813) x16 0x080010e6
core   0: 0x80006478 (0xabf5b293) sltiu   t0, a1, -1345
core   0: 3 0x80006478 (0xabf5b293) x 5 0x00000001
core   0: 0x8000647c (0x013113b3) sll     t2, sp, s3
core   0: 3 0x8000647c (0x013113b3) x 7 0x00000000
core   0: 0x80006480 (0x00f95693) srli    a3, s2, 15
core   0: 3 0x80006480 (0x00f95693) x13 0x00000000
core   0: 0x80006484 (0x01d2afb3) slt     t6, t0, t4
core   0: 3 0x80006484 (0x01d2afb3) x31 0x00000000
core   0: 0x80006488 (0x0161f733) and     a4, gp, s6
core   0: 3 0x80006488 (0x0161f733) x14 0x00000000
core   0: 0x8000648c (0x00bed4b3) srl     s1, t4, a1
core   0: 3 0x8000648c (0x00bed4b3) x 9 0x80000000
core   0: 0x80006490 (0x6ef0a013) slti    zero, ra, 1775
core   0: 3 0x80006490 (0x6ef0a013)
core   0: 0x80006494 (0x00000013) nop
core   0: 3 0x80006494 (0x00000013)
core   0: 0x80006498 (0x9868c093) xori    ra, a7, -1658
core   0: 3 0x80006498 (0x9868c093) x 1 0xfffff987
core   0: 0x8000649c (0xbfcd7e13) andi    t3, s10, -1028
core   0: 3 0x8000649c (0xbfcd7e13) x28 0x80c248e4
core   0: 0x800064a0 (0x7a41d617) auipc   a2, 0x7a41d
core   0: 3 0x800064a0 (0x7a41d617) x12 0xfa4234a0
core   0: 0x800064a4 (0x014281b3) add     gp, t0, s4
core   0: 3 0x800064a4 (0x014281b3) x 3 0x00000001
core   0: 0x800064a8 (0x01c98f33) add     t5, s3, t3
core   0: 3 0x800064a8 (0x01c98f33) x30 0x80c248e0
core   0: 0x800064ac (0xea31b393) sltiu   t2, gp, -349
core   0: 3 0x800064ac (0xea31b393) x 7 0x00000001
core   0: 0x800064b0 (0x3deb8fb7) lui     t6, 0x3deb8
core   0: 3 0x800064b0 (0x3deb8fb7) x31 0x3deb8000
core   0: 0x800064b4 (0x01d17d33) and     s10, sp, t4
core   0: 3 0x800064b4 (0x01d17d33) x26 0x00000000
core   0: 0x800064b8 (0x41ad5d93) srai    s11, s10, 26
core   0: 3 0x800064b8 (0x41ad5d93) x27 0x00000000
core   0: 0x800064bc (0x01b76db3) or      s11, a4, s11
core   0: 3 0x800064bc (0x01b76db3) x27 0x00000000
core   0: 0x800064c0 (0x41cf8933) sub     s2, t6, t3
core   0: 3 0x800064c0 (0x41cf8933) x18 0xbd29371c
core   0: 0x800064c4 (0x00b8d913) srli    s2, a7, 11
core   0: 3 0x800064c4 (0x00b8d913) x18 0x00000000
core   0: 0x800064c8 (0x6e866693) ori     a3, a2, 1768
core   0: 3 0x800064c8 (0x6e866693) x13 0xfa4236e8
core   0: 0x800064cc (0x013b19b3) sll     s3, s6, s3
core   0: 3 0x800064cc (0x013b19b3) x19 0x00000000
core   0: 0x800064d0 (0x00000013) nop
core   0: 3 0x800064d0 (0x00000013)
core   0: 0x800064d4 (0x012a9093) slli    ra, s5, 18
core   0: 3 0x800064d4 (0x012a9093) x 1 0x10200000
core   0: 0x800064d8 (0x01c3bab3) sltu    s5, t2, t3
core   0: 3 0x800064d8 (0x01c3bab3) x21 0x00000001
core   0: 0x800064dc (0x84b4af93) slti    t6, s1, -1973
core   0: 3 0x800064dc (0x84b4af93) x31 0x00000001
core   0: 0x800064e0 (0x06593193) sltiu   gp, s2, 101
core   0: 3 0x800064e0 (0x06593193) x 3 0x00000001
core   0: 0x800064e4 (0x013976b3) and     a3, s2, s3
core   0: 3 0x800064e4 (0x013976b3) x13 0x00000000
core   0: 0x800064e8 (0x012f56b3) srl     a3, t5, s2
core   0: 3 0x800064e8 (0x012f56b3) x13 0x80c248e0
core   0: 0x800064ec (0x00433ab3) sltu    s5, t1, tp
core   0: 3 0x800064ec (0x00433ab3) x21 0x00000000
core   0: 0x800064f0 (0x0b4fa613) slti    a2, t6, 180
core   0: 3 0x800064f0 (0x0b4fa613) x12 0x00000001
core   0: 0x800064f4 (0xe86e0393) addi    t2, t3, -378
core   0: 3 0x800064f4 (0xe86e0393) x 7 0x80c2476a
core   0: 0x800064f8 (0x34b82d13) slti    s10, a6, 843
core   0: 3 0x800064f8 (0x34b82d13) x26 0x00000000
core   0: 0x800064fc (0x4e9b0317) auipc   t1, 0x4e9b0
core   0: 3 0x800064fc (0x4e9b0317) x 6 0xce9b64fc
core   0: 0x80006500 (0x12b34537) lui     a0, 0x12b34
core   0: 3 0x80006500 (0x12b34537) x10 0x12b34000
core   0: 0x80006504 (0x007361b3) or      gp, t1, t2
core   0: 3 0x80006504 (0x007361b3) x 3 0xcedb67fe
core   0: 0x80006508 (0x00a3a4b3) slt     s1, t2, a0
core   0: 3 0x80006508 (0x00a3a4b3) x 9 0x00000001
core   0: 0x8000650c (0x00000013) nop
core   0: 3 0x8000650c (0x00000013)
core   0: 0x80006510 (0xb3ccf7b7) lui     a5, 0xb3ccf
core   0: 3 0x80006510 (0xb3ccf7b7) x15 0xb3ccf000
core   0: 0x80006514 (0x00f48533) add     a0, s1, a5
core   0: 3 0x80006514 (0x00f48533) x10 0xb3ccf001
core   0: 0x80006518 (0x416101b3) sub     gp, sp, s6
core   0: 3 0x80006518 (0x416101b3) x 3 0x00000100
core   0: 0x8000651c (0x00078e33) add     t3, a5, zero
core   0: 3 0x8000651c (0x00078e33) x28 0xb3ccf000
core   0: 0x80006520 (0x00248833) add     a6, s1, sp
core   0: 3 0x80006520 (0x00248833) x16 0x00000101
core   0: 0x80006524 (0x018d2d33) slt     s10, s10, s8
core   0: 3 0x80006524 (0x018d2d33) x26 0x00000001
core   0: 0x80006528 (0x40c85813) srai    a6, a6, 12
core   0: 3 0x80006528 (0x40c85813) x16 0x00000000
core   0: 0x8000652c (0x3d393f93) sltiu   t6, s2, 979
core   0: 3 0x8000652c (0x3d393f93) x31 0x00000001
core   0: 0x80006530 (0x91bd7b13) andi    s6, s10, -1765
core   0: 3 0x80006530 (0x91bd7b13) x22 0x00000001
core   0: 0x80006534 (0x004aa233) slt     tp, s5, tp
core   0: 3 0x80006534 (0x004aa233) x 4 0x00000001
core   0: 0x80006538 (0x401f03b3) sub     t2, t5, ra
core   0: 3 0x80006538 (0x401f03b3) x 7 0x70a248e0
core   0: 0x8000653c (0x00c816b3) sll     a3, a6, a2
core   0: 3 0x8000653c (0x00c816b3) x13 0x00000000
core   0: 0x80006540 (0x00b69933) sll     s2, a3, a1
core   0: 3 0x80006540 (0x00b69933) x18 0x00000000
core   0: 0x80006544 (0x0183de13) srli    t3, t2, 24
core   0: 3 0x80006544 (0x0183de13) x28 0x00000070
core   0: 0x80006548 (0x898fc813) xori    a6, t6, -1896
core   0: 3 0x80006548 (0x898fc813) x16 0xfffff899
core   0: 0x8000654c (0x00543533) sltu    a0, s0, t0
core   0: 3 0x8000654c (0x00543533) x10 0x00000000
core   0: 0x80006550 (0x0025d913) srli    s2, a1, 2
core   0: 3 0x80006550 (0x0025d913) x18 0x0030c000
core   0: 0x80006554 (0x0068b4b3) sltu    s1, a7, t1
core   0: 3 0x80006554 (0x0068b4b3) x 9 0x00000001
core   0: 0x80006558 (0x402b08b3) sub     a7, s6, sp
core   0: 3 0x80006558 (0x402b08b3) x17 0xffffff01
core   0: 0x8000655c (0xbd22bd93) sltiu   s11, t0, -1070
core   0: 3 0x8000655c (0xbd22bd93) x27 0x00000001
core   0: 0x80006560 (0x56296e13) ori     t3, s2, 1378
core   0: 3 0x80006560 (0x56296e13) x28 0x0030c562
core   0: 0x80006564 (0x008593b3) sll     t2, a1, s0
core   0: 3 0x80006564 (0x008593b3) x 7 0x0c300000
core   0: 0x80006568 (0x4a663193) sltiu   gp, a2, 1190
core   0: 3 0x80006568 (0x4a663193) x 3 0x00000001
core   0: 0x8000656c (0x4156da13) srai    s4, a3, 21
core   0: 3 0x8000656c (0x4156da13) x20 0x00000000
core   0: 0x80006570 (0xc4aa04b7) lui     s1, 0xc4aa0
core   0: 3 0x80006570 (0xc4aa04b7) x 9 0xc4aa0000
core   0: 0x80006574 (0x017bf8b3) and     a7, s7, s7
core   0: 3 0x80006574 (0x017bf8b3) x17 0x00000004
core   0: 0x80006578 (0x007525b3) slt     a1, a0, t2
core   0: 3 0x80006578 (0x007525b3) x11 0x00000001
core   0: 0x8000657c (0x013cd813) srli    a6, s9, 19
core   0: 3 0x8000657c (0x013cd813) x16 0x00001000
core   0: 0x80006580 (0x00819a13) slli    s4, gp, 8
core   0: 3 0x80006580 (0x00819a13) x20 0x00000100
core   0: 0x80006584 (0x00099233) sll     tp, s3, zero
core   0: 3 0x80006584 (0x00099233) x 4 0x00000000
core   0: 0x80006588 (0xc3108b13) addi    s6, ra, -975
core   0: 3 0x80006588 (0xc3108b13) x22 0x101ffc31
core   0: 0x8000658c (0x0177ffb3) and     t6, a5, s7
core   0: 3 0x8000658c (0x0177ffb3) x31 0x00000000
core   0: 0x80006590 (0xfff00893) li      a7, -1
core   0: 3 0x80006590 (0xfff00893) x17 0xffffffff
core   0: 0x80006594 (0x80000937) lui     s2, 0x80000
core   0: 3 0x80006594 (0x80000937) x18 0x80000000
core   0: 0x80006598 (0x00000a13) li      s4, 0
core   0: 3 0x80006598 (0x00000a13) x20 0x00000000
core   0: 0x8000659c (0x80000d37) lui     s10, 0x80000
core   0: 3 0x8000659c (0x80000d37) x26 0x80000000
core   0: 0x800065a0 (0xfff00e13) li      t3, -1
core   0: 3 0x800065a0 (0xfff00e13) x28 0xffffffff
core   0: 0x800065a4 (0x81c427b7) lui     a5, 0x81c42
core   0: 3 0x800065a4 (0x81c427b7) x15 0x81c42000
core   0: 0x800065a8 (0xe1778793) addi    a5, a5, -489
core   0: 3 0x800065a8 (0xe1778793) x15 0x81c41e17
core   0: 0x800065ac (0xfff00113) li      sp, -1
core   0: 3 0x800065ac (0xfff00113) x 2 0xffffffff
core   0: 0x800065b0 (0x80000837) lui     a6, 0x80000
core   0: 3 0x800065b0 (0x80000837) x16 0x80000000
core   0: 0x800065b4 (0x9f4820b7) lui     ra, 0x9f482
core   0: 3 0x800065b4 (0x9f4820b7) x 1 0x9f482000
core   0: 0x800065b8 (0x50008093) addi    ra, ra, 1280
core   0: 3 0x800065b8 (0x50008093) x 1 0x9f482500
core   0: 0x800065bc (0x00000c13) li      s8, 0
core   0: 3 0x800065bc (0x00000c13) x24 0x00000000
core   0: 0x800065c0 (0x68f78913) addi    s2, a5, 1679
core   0: 3 0x800065c0 (0x68f78913) x18 0x81c424a6
core   0: 0x800065c4 (0x2401e137) lui     sp, 0x2401e
core   0: 3 0x800065c4 (0x2401e137) x 2 0x2401e000
core   0: 0x800065c8 (0x40fd0c33) sub     s8, s10, a5
core   0: 3 0x800065c8 (0x40fd0c33) x24 0xfe3be1e9
core   0: 0x800065cc (0x45728c37) lui     s8, 0x45728
core   0: 3 0x800065cc (0x45728c37) x24 0x45728000
core   0: 0x800065d0 (0x68ff8117) auipc   sp, 0x68ff8
core   0: 3 0x800065d0 (0x68ff8117) x 2 0xe8ffe5d0
core   0: 0x800065d4 (0x62878c13) addi    s8, a5, 1576
core   0: 3 0x800065d4 (0x62878c13) x24 0x81c4243f
core   0: 0x800065d8 (0x41a78c33) sub     s8, a5, s10
core   0: 3 0x800065d8 (0x41a78c33) x24 0x01c41e17
core   0: 0x800065dc (0x001807b3) add     a5, a6, ra
core   0: 3 0x800065dc (0x001807b3) x15 0x1f482500
core   0: 0x800065e0 (0xffe41a37) lui     s4, 0xffe41
core   0: 3 0x800065e0 (0xffe41a37) x20 0xffe41000
core   0: 0x800065e4 (0x410100b3) sub     ra, sp, a6
core   0: 3 0x800065e4 (0x410100b3) x 1 0x68ffe5d0
core   0: 0x800065e8 (0x41008133) sub     sp, ra, a6
core   0: 3 0x800065e8 (0x41008133) x 2 0xe8ffe5d0
core   0: 0x800065ec (0x410087b3) sub     a5, ra, a6
core   0: 3 0x800065ec (0x410087b3) x15 0xe8ffe5d0
core   0: 0x800065f0 (0x7c14aa17) auipc   s4, 0x7c14a
core   0: 3 0x800065f0 (0x7c14aa17) x20 0xfc1505f0
core   0: 0x800065f4 (0xdfc608b7) lui     a7, 0xdfc60
core   0: 3 0x800065f4 (0xdfc608b7) x17 0xdfc60000
core   0: 0x800065f8 (0x41090a33) sub     s4, s2, a6
core   0: 3 0x800065f8 (0x41090a33) x20 0x01c424a6
core   0: 0x800065fc (0x00000013) nop
core   0: 3 0x800065fc (0x00000013)
core   0: 0x80006600 (0x00000013) nop
core   0: 3 0x80006600 (0x00000013)
core   0: 0x80006604 (0x402c07b3) sub     a5, s8, sp
core   0: 3 0x80006604 (0x402c07b3) x15 0x18c43847
core   0: 0x80006608 (0x418d0133) sub     sp, s10, s8
core   0: 3 0x80006608 (0x418d0133) x 2 0x7e3be1e9
core   0: 0x8000660c (0x00000013) nop
core   0: 3 0x8000660c (0x00000013)
core   0: 0x80006610 (0x00000013) nop
core   0: 3 0x80006610 (0x00000013)
core   0: 0x80006614 (0x0494e0b7) lui     ra, 0x494e
core   0: 3 0x80006614 (0x0494e0b7) x 1 0x0494e000
core   0: 0x80006618 (0x41c10d33) sub     s10, sp, t3
core   0: 3 0x80006618 (0x41c10d33) x26 0x7e3be1ea
core   0: 0x8000661c (0x010787b3) add     a5, a5, a6
core   0: 3 0x8000661c (0x010787b3) x15 0x98c43847
core   0: 0x80006620 (0x41ce00b3) sub     ra, t3, t3
core   0: 3 0x80006620 (0x41ce00b3) x 1 0x00000000
core   0: 0x80006624 (0x414a0e33) sub     t3, s4, s4
core   0: 3 0x80006624 (0x414a0e33) x28 0x00000000
core   0: 0x80006628 (0x01ca0d33) add     s10, s4, t3
core   0: 3 0x80006628 (0x01ca0d33) x26 0x01c424a6
core   0: 0x8000662c (0x01c2b7b3) sltu    a5, t0, t3
core   0: 3 0x8000662c (0x01c2b7b3) x15 0x00000000
core   0: 0x80006630 (0xf4e1c893) xori    a7, gp, -178
core   0: 3 0x80006630 (0xf4e1c893) x17 0xffffff4f
core   0: 0x80006634 (0x00e61393) slli    t2, a2, 14
core   0: 3 0x80006634 (0x00e61393) x 7 0x00004000
core   0: 0x80006638 (0x009dab33) slt     s6, s11, s1
core   0: 3 0x80006638 (0x009dab33) x22 0x00000000
core   0: 0x8000663c (0x016ce6b3) or      a3, s9, s6
core   0: 3 0x8000663c (0x016ce6b3) x13 0x80014ce4
core   0: 0x80006640 (0x402b0e33) sub     t3, s6, sp
core   0: 3 0x80006640 (0x402b0e33) x28 0x81c41e17
core   0: 0x80006644 (0x00275d13) srli    s10, a4, 2
core   0: 3 0x80006644 (0x00275d13) x26 0x00000000
core   0: 0x80006648 (0x41c5df93) srai    t6, a1, 28
core   0: 3 0x80006648 (0x41c5df93) x31 0x00000000
core   0: 0x8000664c (0x0135b5b3) sltu    a1, a1, s3
core   0: 3 0x8000664c (0x0135b5b3) x11 0x00000000
core   0: 0x80006650 (0x40025e13) srai    t3, tp, 0
core   0: 3 0x80006650 (0x40025e13) x28 0x00000000
core   0: 0x80006654 (0x016a7bb3) and     s7, s4, s6
core   0: 3 0x80006654 (0x016a7bb3) x23 0x00000000
core   0: 0x80006658 (0x01d8de13) srli    t3, a7, 29
core   0: 3 0x80006658 (0x01d8de13) x28 0x00000007
core   0: 0x8000665c (0x0138c933) xor     s2, a7, s3
core   0: 3 0x8000665c (0x0138c933) x18 0xffffff4f
core   0: 0x80006660 (0x410f09b3) sub     s3, t5, a6
core   0: 3 0x80006660 (0x410f09b3) x19 0x00c248e0
core   0: 0x80006664 (0x01a6f3b3) and     t2, a3, s10
core   0: 3 0x80006664 (0x01a6f3b3) x 7 0x00000000
core   0: 0x80006668 (0x00000013) nop
core   0: 3 0x80006668 (0x00000013)
core   0: 0x8000666c (0x3c320997) auipc   s3, 0x3c320
core   0: 3 0x8000666c (0x3c320997) x19 0xbc32666c
core   0: 0x80006670 (0x0147ee33) or      t3, a5, s4
core   0: 3 0x80006670 (0x0147ee33) x28 0x01c424a6
core   0: 0x80006674 (0x3dc1ffb7) lui     t6, 0x3dc1f
core   0: 3 0x80006674 (0x3dc1ffb7) x31 0x3dc1f000
core   0: 0x80006678 (0xc617fb93) andi    s7, a5, -927
core   0: 3 0x80006678 (0xc617fb93) x23 0x00000000
core   0: 0x8000667c (0x01406c33) or      s8, zero, s4
core   0: 3 0x8000667c (0x01406c33) x24 0x01c424a6
core   0: 0x80006680 (0xa4efa893) slti    a7, t6, -1458
core   0: 3 0x80006680 (0xa4efa893) x17 0x00000000
core   0: 0x80006684 (0x5b2ae093) ori     ra, s5, 1458
core   0: 3 0x80006684 (0x5b2ae093) x 1 0x000005b2
core   0: 0x80006688 (0x006edd93) srli    s11, t4, 6
core   0: 3 0x80006688 (0x006edd93) x27 0x02000000
core   0: 0x8000668c (0x00d06e33) or      t3, zero, a3
core   0: 3 0x8000668c (0x00d06e33) x28 0x80014ce4
core   0: 0x80006690 (0x59daa813) slti    a6, s5, 1437
core   0: 3 0x80006690 (0x59daa813) x16 0x00000001
core   0: 0x80006694 (0x418fdc13) srai    s8, t6, 24
core   0: 3 0x80006694 (0x418fdc13) x24 0x0000003d
core   0: 0x80006698 (0x4089d933) sra     s2, s3, s0
core   0: 3 0x80006698 (0x4089d933) x18 0xfbc32666
core   0: 0x8000669c (0x00000013) nop
core   0: 3 0x8000669c (0x00000013)
core   0: 0x800066a0 (0x014bd013) srli    zero, s7, 20
core   0: 3 0x800066a0 (0x014bd013)
core   0: 0x800066a4 (0xe6528593) addi    a1, t0, -411
core   0: 3 0x800066a4 (0xe6528593) x11 0xfffffe66
core   0: 0x800066a8 (0x00bf2a33) slt     s4, t5, a1
core   0: 3 0x800066a8 (0x00bf2a33) x20 0x00000001
core   0: 0x800066ac (0xcfab3793) sltiu   a5, s6, -774
core   0: 3 0x800066ac (0xcfab3793) x15 0x00000001
core   0: 0x800066b0 (0x410c5db3) sra     s11, s8, a6
core   0: 3 0x800066b0 (0x410c5db3) x27 0x0000001e
core   0: 0x800066b4 (0x00229493) slli    s1, t0, 2
core   0: 3 0x800066b4 (0x00229493) x 9 0x00000004
core   0: 0x800066b8 (0x003724b3) slt     s1, a4, gp
core   0: 3 0x800066b8 (0x003724b3) x 9 0x00000001
core   0: 0x800066bc (0x018f5333) srl     t1, t5, s8
core   0: 3 0x800066bc (0x018f5333) x 6 0x00000004
core   0: 0x800066c0 (0x00000013) nop
core   0: 3 0x800066c0 (0x00000013)
core   0: 0x800066c4 (0x150c0513) addi    a0, s8, 336
core   0: 3 0x800066c4 (0x150c0513) x10 0x0000018d
core   0: 0x800066c8 (0xb10af813) andi    a6, s5, -1264
core   0: 3 0x800066c8 (0xb10af813) x16 0x00000000
core   0: 0x800066cc (0x01ae83b3) add     t2, t4, s10
core   0: 3 0x800066cc (0x01ae83b3) x 7 0x80000000
core   0: 0x800066d0 (0x015a1933) sll     s2, s4, s5
core   0: 3 0x800066d0 (0x015a1933) x18 0x00000001
core   0: 0x800066d4 (0x4665bc13) sltiu   s8, a1, 1126
core   0: 3 0x800066d4 (0x4665bc13) x24 0x00000000
core   0: 0x800066d8 (0x0077c9b3) xor     s3, a5, t2
core   0: 3 0x800066d8 (0x0077c9b3) x19 0x80000001
core   0: 0x800066dc (0x33bfec13) ori     s8, t6, 827
core   0: 3 0x800066dc (0x33bfec13) x24 0x3dc1f33b
core   0: 0x800066e0 (0x0099bf33) sltu    t5, s3, s1
core   0: 3 0x800066e0 (0x0099bf33) x30 0x00000000
core   0: 0x800066e4 (0x41f40033) sub     zero, s0, t6
core   0: 3 0x800066e4 (0x41f40033)
core   0: 0x800066e8 (0xf414f993) andi    s3, s1, -191
core   0: 3 0x800066e8 (0xf414f993) x19 0x00000001
core   0: 0x800066ec (0x58b77193) andi    gp, a4, 1419
core   0: 3 0x800066ec (0x58b77193) x 3 0x00000000
core   0: 0x800066f0 (0x00b9d333) srl     t1, s3, a1
core   0: 3 0x800066f0 (0x00b9d333) x 6 0x00000000
core   0: 0x800066f4 (0x5b662197) auipc   gp, 0x5b662
core   0: 3 0x800066f4 (0x5b662197) x 3 0xdb6686f4
core   0: 0x800066f8 (0xe35ac793) xori    a5, s5, -459
core   0: 3 0x800066f8 (0xe35ac793) x15 0xfffffe35
core   0: 0x800066fc (0x00000013) nop
core   0: 3 0x800066fc (0x00000013)
core   0: 0x80006700 (0x01360fb3) add     t6, a2, s3
core   0: 3 0x80006700 (0x01360fb3) x31 0x00000002
core   0: 0x80006704 (0x3bbba513) slti    a0, s7, 955
core   0: 3 0x80006704 (0x3bbba513) x10 0x00000001
core   0: 0x80006708 (0x011c5e13) srli    t3, s8, 17
core   0: 3 0x80006708 (0x011c5e13) x28 0x00001ee0
core   0: 0x8000670c (0xc6e73513) sltiu   a0, a4, -914
core   0: 3 0x8000670c (0xc6e73513) x10 0x00000001
core   0: 0x80006710 (0x00c4ba33) sltu    s4, s1, a2
core   0: 3 0x80006710 (0x00c4ba33) x20 0x00000000
core   0: 0x80006714 (0x42e44493) xori    s1, s0, 1070
core   0: 3 0x80006714 (0x42e44493) x 9 0x80010a4a
core   0: 0x80006718 (0x00ef9393) slli    t2, t6, 14
core   0: 3 0x80006718 (0x00ef9393) x 7 0x00008000
core   0: 0x8000671c (0x0003b9b3) sltu    s3, t2, zero
core   0: 3 0x8000671c (0x0003b9b3) x19 0x00000000
core   0: 0x80006720 (0x8b93cd13) xori    s10, t2, -1863
core   0: 3 0x80006720 (0x8b93cd13) x26 0xffff78b9
core   0: 0x80006724 (0x221df913) andi    s2, s11, 545
core   0: 3 0x80006724 (0x221df913) x18 0x00000000
core   0: 0x80006728 (0x400fd5b3) sra     a1, t6, zero
core   0: 3 0x80006728 (0x400fd5b3) x11 0x00000002
core   0: 0x8000672c (0x413cdd33) sra     s10, s9, s3
core   0: 3 0x8000672c (0x413cdd33) x26 0x80014ce4
core   0: 0x80006730 (0x00e30d33) add     s10, t1, a4
core   0: 3 0x80006730 (0x00e30d33) x26 0x00000000
core   0: 0x80006734 (0x01dc5393) srli    t2, s8, 29
core   0: 3 0x80006734 (0x01dc5393) x 7 0x00000001
core   0: 0x80006738 (0x6a80b493) sltiu   s1, ra, 1704
core   0: 3 0x80006738 (0x6a80b493) x 9 0x00000001
core   0: 0x8000673c (0x00e2bc33) sltu    s8, t0, a4
core   0: 3 0x8000673c (0x00e2bc33) x24 0x00000000
core   0: 0x80006740 (0x01bb88b3) add     a7, s7, s11
core   0: 3 0x80006740 (0x01bb88b3) x17 0x0000001e
core   0: 0x80006744 (0xbe884617) auipc   a2, 0xbe884
core   0: 3 0x80006744 (0xbe884617) x12 0x3e88a744
core   0: 0x80006748 (0x06274a13) xori    s4, a4, 98
core   0: 3 0x80006748 (0x06274a13) x20 0x00000062
core   0: 0x8000674c (0x18a0a013) slti    zero, ra, 394
core   0: 3 0x8000674c (0x18a0a013)
core   0: 0x80006750 (0x00ad3a33) sltu    s4, s10, a0
core   0: 3 0x80006750 (0x00ad3a33) x20 0x00000001
core   0: 0x80006754 (0x00e2e3b3) or      t2, t0, a4
core   0: 3 0x80006754 (0x00e2e3b3) x 7 0x00000001
core   0: 0x80006758 (0x00000013) nop
core   0: 3 0x80006758 (0x00000013)
core   0: 0x8000675c (0x8c640113) addi    sp, s0, -1850
core   0: 3 0x8000675c (0x8c640113) x 2 0x8001072a
core   0: 0x80006760 (0x019fcf33) xor     t5, t6, s9
core   0: 3 0x80006760 (0x019fcf33) x30 0x80014ce6
core   0: 0x80006764 (0x4b4a0b93) addi    s7, s4, 1204
core   0: 3 0x80006764 (0x4b4a0b93) x23 0x000004b5
core   0: 0x80006768 (0x0006e4b3) or      s1, a3, zero
core   0: 3 0x80006768 (0x0006e4b3) x 9 0x80014ce4
core   0: 0x8000676c (0x004c4f33) xor     t5, s8, tp
core   0: 3 0x8000676c (0x004c4f33) x30 0x00000000
core   0: 0x80006770 (0x7115aa13) slti    s4, a1, 1809
core   0: 3 0x80006770 (0x7115aa13) x20 0x00000001
core   0: 0x80006774 (0x47a78993) addi    s3, a5, 1146
core   0: 3 0x80006774 (0x47a78993) x19 0x000002af
core   0: 0x80006778 (0x018de6b3) or      a3, s11, s8
core   0: 3 0x80006778 (0x018de6b3) x13 0x0000001e
core   0: 0x8000677c (0x00c3c533) xor     a0, t2, a2
core   0: 3 0x8000677c (0x00c3c533) x10 0x3e88a745
core   0: 0x80006780 (0x40c88ab3) sub     s5, a7, a2
core   0: 3 0x80006780 (0x40c88ab3) x21 0xc17758da
core   0: 0x80006784 (0x01885c13) srli    s8, a6, 24
core   0: 3 0x80006784 (0x01885c13) x24 0x00000000
core   0: 0x80006788 (0x419903b3) sub     t2, s2, s9
core   0: 3 0x80006788 (0x419903b3) x 7 0x7ffeb31c
core   0: 0x8000678c (0x01c89c33) sll     s8, a7, t3
core   0: 3 0x8000678c (0x01c89c33) x24 0x0000001e
core   0: 0x80006790 (0x00999093) slli    ra, s3, 9
core   0: 3 0x80006790 (0x00999093) x 1 0x00055e00
core   0: 0x80006794 (0x0089e733) or      a4, s3, s0
core   0: 3 0x80006794 (0x0089e733) x14 0x80010eef
core   0: 0x80006798 (0x012bedb3) or      s11, s7, s2
core   0: 3 0x80006798 (0x012bedb3) x27 0x000004b5
core   0: 0x8000679c (0x56564a93) xori    s5, a2, 1381
core   0: 3 0x8000679c (0x56564a93) x21 0x3e88a221
core   0: 0x800067a0 (0x00bbd533) srl     a0, s7, a1
core   0: 3 0x800067a0 (0x00bbd533) x10 0x0000012d
core   0: 0x800067a4 (0x00000013) nop
core   0: 3 0x800067a4 (0x00000013)
core   0: 0x800067a8 (0x0069f093) andi    ra, s3, 6
core   0: 3 0x800067a8 (0x0069f093) x 1 0x00000006
core   0: 0x800067ac (0xf8e44e13) xori    t3, s0, -114
core   0: 3 0x800067ac (0xf8e44e13) x28 0x7ffef1ea
core   0: 0x800067b0 (0x9fbbeb13) ori     s6, s7, -1541
core   0: 3 0x800067b0 (0x9fbbeb13) x22 0xfffffdff
core   0: 0x800067b4 (0x00000013) nop
core   0: 3 0x800067b4 (0x00000013)
core   0: 0x800067b8 (0x403fd693) srai    a3, t6, 3
core   0: 3 0x800067b8 (0x403fd693) x13 0x00000000
core   0: 0x800067bc (0xa181aa93) slti    s5, gp, -1512
core   0: 3 0x800067bc (0xa181aa93) x21 0x00000001
core   0: 0x800067c0 (0x1fdd0337) lui     t1, 0x1fdd0
core   0: 3 0x800067c0 (0x1fdd0337) x 6 0x1fdd0000
core   0: 0x800067c4 (0x003a1933) sll     s2, s4, gp
core   0: 3 0x800067c4 (0x003a1933) x18 0x00100000
core   0: 0x800067c8 (0x07553f13) sltiu   t5, a0, 117
core   0: 3 0x800067c8 (0x07553f13) x30 0x00000000
core   0: 0x800067cc (0x00f06333) or      t1, zero, a5
core   0: 3 0x800067cc (0x00f06333) x 6 0xfffffe35
core   0: 0x800067d0 (0x00000013) nop
core   0: 3 0x800067d0 (0x00000013)
core   0: 0x800067d4 (0x0113a2b3) slt     t0, t2, a7
core   0: 3 0x800067d4 (0x0113a2b3) x 5 0x00000000
core   0: 0x800067d8 (0xdaf58d93) addi    s11, a1, -593
core   0: 3 0x800067d8 (0xdaf58d93) x27 0xfffffdb1
core   0: 0x800067dc (0x5b542037) lui     zero, 0x5b542
core   0: 3 0x800067dc (0x5b542037)
core   0: 0x800067e0 (0x00655113) srli    sp, a0, 6
core   0: 3 0x800067e0 (0x00655113) x 2 0x00000004
core   0: 0x800067e4 (0x9db63493) sltiu   s1, a2, -1573
core   0: 3 0x800067e4 (0x9db63493) x 9 0x00000001
core   0: 0x800067e8 (0x201cea13) ori     s4, s9, 513
core   0: 3 0x800067e8 (0x201cea13) x20 0x80014ee5
core   0: 0x800067ec (0x407f5293) srai    t0, t5, 7
core   0: 3 0x800067ec (0x407f5293) x 5 0x00000000
core   0: 0x800067f0 (0x00bec933) xor     s2, t4, a1
core   0: 3 0x800067f0 (0x00bec933) x18 0x80000002
core   0: 0x800067f4 (0x01553933) sltu    s2, a0, s5
core   0: 3 0x800067f4 (0x01553933) x18 0x00000000
core   0: 0x800067f8 (0x01b69493) slli    s1, a3, 27
core   0: 3 0x800067f8 (0x01b69493) x 9 0x00000000
core   0: 0x800067fc (0x017d80b3) add     ra, s11, s7
core   0: 3 0x800067fc (0x017d80b3) x 1 0x00000266
core   0: 0x80006800 (0xaa894f97) auipc   t6, 0xaa894
core   0: 3 0x80006800 (0xaa894f97) x31 0x2a89a800
core   0: 0x80006804 (0x01be6bb3) or      s7, t3, s11
core   0: 3 0x80006804 (0x01be6bb3) x23 0xfffffdfb
core   0: 0x80006808 (0x00000013) nop
core   0: 3 0x80006808 (0x00000013)
core   0: 0x8000680c (0xc5707d13) andi    s10, zero, -937
core   0: 3 0x8000680c (0xc5707d13) x26 0x00000000
core   0: 0x80006810 (0x003847b3) xor     a5, a6, gp
core   0: 3 0x80006810 (0x003847b3) x15 0xdb6686f4
core   0: 0x80006814 (0x41ce0333) sub     t1, t3, t3
core   0: 3 0x80006814 (0x41ce0333) x 6 0x00000000
core   0: 0x80006818 (0x01f45013) srli    zero, s0, 31
core   0: 3 0x80006818 (0x01f45013)
core   0: 0x8000681c (0x4e757c17) auipc   s8, 0x4e757
core   0: 3 0x8000681c (0x4e757c17) x24 0xce75d81c
core   0: 0x80006820 (0x8ab63b93) sltiu   s7, a2, -1877
core   0: 3 0x80006820 (0x8ab63b93) x23 0x00000001
core   0: 0x80006824 (0x6361a093) slti    ra, gp, 1590
core   0: 3 0x80006824 (0x6361a093) x 1 0x00000001
core   0: 0x80006828 (0x00650633) add     a2, a0, t1
core   0: 3 0x80006828 (0x00650633) x12 0x0000012d
core   0: 0x8000682c (0x48708b37) lui     s6, 0x48708
core   0: 3 0x8000682c (0x48708b37) x22 0x48708000
core   0: 0x80006830 (0x0009a4b3) slt     s1, s3, zero
core   0: 3 0x80006830 (0x0009a4b3) x 9 0x00000000
core   0: 0x80006834 (0x00000013) nop
core   0: 3 0x80006834 (0x00000013)
core   0: 0x80006838 (0x41b38ab3) sub     s5, t2, s11
core   0: 3 0x80006838 (0x41b38ab3) x21 0x7ffeb56b
core   0: 0x8000683c (0x44eeaf13) slti    t5, t4, 1102
core   0: 3 0x8000683c (0x44eeaf13) x30 0x00000001
core   0: 0x80006840 (0x409d5633) sra     a2, s10, s1
core   0: 3 0x80006840 (0x409d5633) x12 0x00000000
core   0: 0x80006844 (0x4031da93) srai    s5, gp, 3
core   0: 3 0x80006844 (0x4031da93) x21 0xfb6cd0de
core   0: 0x80006848 (0xb0d36393) ori     t2, t1, -1267
core   0: 3 0x80006848 (0xb0d36393) x 7 0xfffffb0d
core   0: 0x8000684c (0x41755833) sra     a6, a0, s7
core   0: 3 0x8000684c (0x41755833) x16 0x00000096
core   0: 0x80006850 (0x0031ad33) slt     s10, gp, gp
core   0: 3 0x80006850 (0x0031ad33) x26 0x00000000
core   0: 0x80006854 (0x017632b3) sltu    t0, a2, s7
core   0: 3 0x80006854 (0x017632b3) x 5 0x00000001
core   0: 0x80006858 (0x01f39d33) sll     s10, t2, t6
core   0: 3 0x80006858 (0x01f39d33) x26 0xfffffb0d
core   0: 0x8000685c (0x0cbb7013) andi    zero, s6, 203
core   0: 3 0x8000685c (0x0cbb7013)
core   0: 0x80006860 (0x004f3533) sltu    a0, t5, tp
core   0: 3 0x80006860 (0x004f3533) x10 0x00000000
core   0: 0x80006864 (0x01d97f33) and     t5, s2, t4
core   0: 3 0x80006864 (0x01d97f33) x30 0x00000000
core   0: 0x80006868 (0x84bbfd93) andi    s11, s7, -1973
core   0: 3 0x80006868 (0x84bbfd93) x27 0x00000001
core   0: 0x8000686c (0x60ba2893) slti    a7, s4, 1547
core   0: 3 0x8000686c (0x60ba2893) x17 0x00000001
core   0: 0x80006870 (0x41d188b3) sub     a7, gp, t4
core   0: 3 0x80006870 (0x41d188b3) x17 0x5b6686f4
core   0: 0x80006874 (0x00740c33) add     s8, s0, t2
core   0: 3 0x80006874 (0x00740c33) x24 0x80010971
core   0: 0x80006878 (0x00b15a93) srli    s5, sp, 11
core   0: 3 0x80006878 (0x00b15a93) x21 0x00000000
core   0: 0x8000687c (0x34d54bb7) lui     s7, 0x34d54
core   0: 3 0x8000687c (0x34d54bb7) x23 0x34d54000
core   0: 0x80006880 (0x019450b3) srl     ra, s0, s9
core   0: 3 0x80006880 (0x019450b3) x 1 0x080010e6
core   0: 0x80006884 (0x00000013) nop
core   0: 3 0x80006884 (0x00000013)
core   0: 0x80006888 (0x00000013) nop
core   0: 3 0x80006888 (0x00000013)
core   0: 0x8000688c (0x40cada13) srai    s4, s5, 12
core   0: 3 0x8000688c (0x40cada13) x20 0x00000000
core   0: 0x80006890 (0x018b3ab3) sltu    s5, s6, s8
core   0: 3 0x80006890 (0x018b3ab3) x21 0x00000001
core   0: 0x80006894 (0xd83da493) slti    s1, s11, -637
core   0: 3 0x80006894 (0xd83da493) x 9 0x00000000
core   0: 0x80006898 (0x00d46fb3) or      t6, s0, a3
core   0: 3 0x80006898 (0x00d46fb3) x31 0x80010e64
core   0: 0x8000689c (0xaf585697) auipc   a3, 0xaf585
core   0: 3 0x8000689c (0xaf585697) x13 0x2f58b89c
core   0: 0x800068a0 (0xce673b13) sltiu   s6, a4, -794
core   0: 3 0x800068a0 (0xce673b13) x22 0x00000001
core   0: 0x800068a4 (0x007fa9b3) slt     s3, t6, t2
core   0: 3 0x800068a4 (0x007fa9b3) x19 0x00000001
core   0: 0x800068a8 (0x41768333) sub     t1, a3, s7
core   0: 3 0x800068a8 (0x41768333) x 6 0xfa83789c
core   0: 0x800068ac (0x010051b3) srl     gp, zero, a6
core   0: 3 0x800068ac (0x010051b3) x 3 0x00000000
core   0: 0x800068b0 (0x40875d93) srai    s11, a4, 8
core   0: 3 0x800068b0 (0x40875d93) x27 0xff80010e
core   0: 0x800068b4 (0x4173d593) srai    a1, t2, 23
core   0: 3 0x800068b4 (0x4173d593) x11 0xffffffff
core   0: 0x800068b8 (0x002774b3) and     s1, a4, sp
core   0: 3 0x800068b8 (0x002774b3) x 9 0x00000004
core   0: 0x800068bc (0x40620033) sub     zero, tp, t1
core   0: 3 0x800068bc (0x40620033)
core   0: 0x800068c0 (0x01941e33) sll     t3, s0, s9
core   0: 3 0x800068c0 (0x01941e33) x28 0x0010e640
core   0: 0x800068c4 (0x412f4493) xori    s1, t5, 1042
core   0: 3 0x800068c4 (0x412f4493) x 9 0x00000412
core   0: 0x800068c8 (0x0068f4b3) and     s1, a7, t1
core   0: 3 0x800068c8 (0x0068f4b3) x 9 0x5a020094
core   0: 0x800068cc (0x417451b3) sra     gp, s0, s7
core   0: 3 0x800068cc (0x417451b3) x 3 0x80010e64
core   0: 0x800068d0 (0x0c988593) addi    a1, a7, 201
core   0: 3 0x800068d0 (0x0c988593) x11 0x5b6687bd
core   0: 0x800068d4 (0x0126b3b3) sltu    t2, a3, s2
core   0: 3 0x800068d4 (0x0126b3b3) x 7 0x00000000
core   0: 0x800068d8 (0x00121733) sll     a4, tp, ra
core   0: 3 0x800068d8 (0x00121733) x14 0x00000000
core   0: 0x800068dc (0x0083cbb3) xor     s7, t2, s0
core   0: 3 0x800068dc (0x0083cbb3) x23 0x80010e64
core   0: 0x800068e0 (0xecc2ca93) xori    s5, t0, -308
core   0: 3 0x800068e0 (0xecc2ca93) x21 0xfffffecd
core   0: 0x800068e4 (0x4d87c813) xori    a6, a5, 1240
core   0: 3 0x800068e4 (0x4d87c813) x16 0xdb66822c
core   0: 0x800068e8 (0x0b9fe593) ori     a1, t6, 185
core   0: 3 0x800068e8 (0x0b9fe593) x11 0x80010efd
core   0: 0x800068ec (0x01442833) slt     a6, s0, s4
core   0: 3 0x800068ec (0x01442833) x16 0x00000001
core   0: 0x800068f0 (0x00000013) nop
core   0: 3 0x800068f0 (0x00000013)
core   0: 0x800068f4 (0x0027f533) and     a0, a5, sp
core   0: 3 0x800068f4 (0x0027f533) x10 0x00000004
core   0: 0x800068f8 (0x40a7d893) srai    a7, a5, 10
core   0: 3 0x800068f8 (0x40a7d893) x17 0xfff6d9a1
core   0: 0x800068fc (0x407151b3) sra     gp, sp, t2
core   0: 3 0x800068fc (0x407151b3) x 3 0x00000004
core   0: 0x80006900 (0x003f91b3) sll     gp, t6, gp
core   0: 3 0x80006900 (0x003f91b3) x 3 0x0010e640
core   0: 0x80006904 (0x0178a733) slt     a4, a7, s7
core   0: 3 0x80006904 (0x0178a733) x14 0x00000000
core   0: 0x80006908 (0x01d84d33) xor     s10, a6, t4
core   0: 3 0x80006908 (0x01d84d33) x26 0x80000001
core   0: 0x8000690c (0x00181c13) slli    s8, a6, 1
core   0: 3 0x8000690c (0x00181c13) x24 0x00000002
core   0: 0x80006910 (0x01527133) and     sp, tp, s5
core   0: 3 0x80006910 (0x01527133) x 2 0x00000000
core   0: 0x80006914 (0x013ade33) srl     t3, s5, s3
core   0: 3 0x80006914 (0x013ade33) x28 0x7fffff66
core   0: 0x80006918 (0x0151a733) slt     a4, gp, s5
core   0: 3 0x80006918 (0x0151a733) x14 0x00000000
core   0: 0x8000691c (0x25010d93) addi    s11, sp, 592
core   0: 3 0x8000691c (0x25010d93) x27 0x00000250
core   0: 0x80006920 (0x014be7b3) or      a5, s7, s4
core   0: 3 0x80006920 (0x014be7b3) x15 0x80010e64
core   0: 0x80006924 (0x4cbfa013) slti    zero, t6, 1227
core   0: 3 0x80006924 (0x4cbfa013)
core   0: 0x80006928 (0x00a19013) slli    zero, gp, 10
core   0: 3 0x80006928 (0x00a19013)
core   0: 0x8000692c (0x41bad8b3) sra     a7, s5, s11
core   0: 3 0x8000692c (0x41bad8b3) x17 0xffffffff
core   0: 0x80006930 (0x34644493) xori    s1, s0, 838
core   0: 3 0x80006930 (0x34644493) x 9 0x80010d22
core   0: 0x80006934 (0x01cd9593) slli    a1, s11, 28
core   0: 3 0x80006934 (0x01cd9593) x11 0x00000000
core   0: 0x80006938 (0x41900133) sub     sp, zero, s9
core   0: 3 0x80006938 (0x41900133) x 2 0x7ffeb31c
core   0: 0x8000693c (0x00d37b33) and     s6, t1, a3
core   0: 3 0x8000693c (0x00d37b33) x22 0x2a00389c
core   0: 0x80006940 (0x007d7733) and     a4, s10, t2
core   0: 3 0x80006940 (0x007d7733) x14 0x00000000
core   0: 0x80006944 (0xb63cb293) sltiu   t0, s9, -1181
core   0: 3 0x80006944 (0xb63cb293) x 5 0x00000001
core   0: 0x80006948 (0xbcf70293) addi    t0, a4, -1073
core   0: 3 0x80006948 (0xbcf70293) x 5 0xfffffbcf
core   0: 0x8000694c (0x407e5bb3) sra     s7, t3, t2
core   0: 3 0x8000694c (0x407e5bb3) x23 0x7fffff66
core   0: 0x80006950 (0x41d5d4b3) sra     s1, a1, t4
core   0: 3 0x80006950 (0x41d5d4b3) x 9 0x00000000
core   0: 0x80006954 (0x4067d993) srai    s3, a5, 6
core   0: 3 0x80006954 (0x4067d993) x19 0xfe000439
core   0: 0x80006958 (0x01a8cc33) xor     s8, a7, s10
core   0: 3 0x80006958 (0x01a8cc33) x24 0x7ffffffe
core   0: 0x8000695c (0x414b0a33) sub     s4, s6, s4
core   0: 3 0x8000695c (0x414b0a33) x20 0x2a00389c
core   0: 0x80006960 (0x3cb34d97) auipc   s11, 0x3cb34
core   0: 3 0x80006960 (0x3cb34d97) x27 0xbcb3a960
core   0: 0x80006964 (0x01f611b3) sll     gp, a2, t6
core   0: 3 0x80006964 (0x01f611b3) x 3 0x00000000
core   0: 0x80006968 (0x007df933) and     s2, s11, t2
core   0: 3 0x80006968 (0x007df933) x18 0x00000000
core   0: 0x8000696c (0xecf8e213) ori     tp, a7, -305
core   0: 3 0x8000696c (0xecf8e213) x 4 0xffffffff
core   0: 0x80006970 (0x012e4333) xor     t1, t3, s2
core   0: 3 0x80006970 (0x012e4333) x 6 0x7fffff66
core   0: 0x80006974 (0x4145da93) srai    s5, a1, 20
core   0: 3 0x80006974 (0x4145da93) x21 0x00000000
core   0: 0x80006978 (0x64a05fb7) lui     t6, 0x64a05
core   0: 3 0x80006978 (0x64a05fb7) x31 0x64a05000
core   0: 0x8000697c (0x008a4fb3) xor     t6, s4, s0
core   0: 3 0x8000697c (0x008a4fb3) x31 0xaa0136f8
core   0: 0x80006980 (0x00ead133) srl     sp, s5, a4
core   0: 3 0x80006980 (0x00ead133) x 2 0x00000000
core   0: 0x80006984 (0x01c4c233) xor     tp, s1, t3
core   0: 3 0x80006984 (0x01c4c233) x 4 0x7fffff66
core   0: 0x80006988 (0x3af6a7b7) lui     a5, 0x3af6a
core   0: 3 0x80006988 (0x3af6a7b7) x15 0x3af6a000
core   0: 0x8000698c (0x16f80d93) addi    s11, a6, 367
core   0: 3 0x8000698c (0x16f80d93) x27 0x00000170
core   0: 0x80006990 (0x2c11aa17) auipc   s4, 0x2c11a
core   0: 3 0x80006990 (0x2c11aa17) x20 0xac120990
core   0: 0x80006994 (0x8ae860b7) lui     ra, 0x8ae86
core   0: 3 0x80006994 (0x8ae860b7) x 1 0x8ae86000
core   0: 0x80006998 (0x57f7bd13) sltiu   s10, a5, 1407
core   0: 3 0x80006998 (0x57f7bd13) x26 0x00000000
core   0: 0x8000699c (0x5c150593) addi    a1, a0, 1473
core   0: 3 0x8000699c (0x5c150593) x11 0x000005c5
core   0: 0x800069a0 (0x00000013) nop
core   0: 3 0x800069a0 (0x00000013)
core   0: 0x800069a4 (0x0017ac33) slt     s8, a5, ra
core   0: 3 0x800069a4 (0x0017ac33) x24 0x00000000
core   0: 0x800069a8 (0xb6e4bc13) sltiu   s8, s1, -1170
core   0: 3 0x800069a8 (0xb6e4bc13) x24 0x00000001
core   0: 0x800069ac (0x41e407b3) sub     a5, s0, t5
core   0: 3 0x800069ac (0x41e407b3) x15 0x80010e64
core   0: 0x800069b0 (0x00025533) srl     a0, tp, zero
core   0: 3 0x800069b0 (0x00025533) x10 0x7fffff66
core   0: 0x800069b4 (0xc2192c13) slti    s8, s2, -991
core   0: 3 0x800069b4 (0xc2192c13) x24 0x00000000
core   0: 0x800069b8 (0x00c6cbb3) xor     s7, a3, a2
core   0: 3 0x800069b8 (0x00c6cbb3) x23 0x2f58b89c
core   0: 0x800069bc (0x4113dc13) srai    s8, t2, 17
core   0: 3 0x800069bc (0x4113dc13) x24 0x00000000
core   0: 0x800069c0 (0x0011e4b3) or      s1, gp, ra
core   0: 3 0x800069c0 (0x0011e4b3) x 9 0x8ae86000
core   0: 0x800069c4 (0x40530033) sub     zero, t1, t0
core   0: 3 0x800069c4 (0x40530033)
core   0: 0x800069c8 (0x8486ec17) auipc   s8, 0x8486e
core   0: 3 0x800069c8 (0x8486ec17) x24 0x048749c8
core   0: 0x800069cc (0x406008b3) sub     a7, zero, t1
core   0: 3 0x800069cc (0x406008b3) x17 0x8000009a
core   0: 0x800069d0 (0x3e273313) sltiu   t1, a4, 994
core   0: 3 0x800069d0 (0x3e273313) x 6 0x00000001
core   0: 0x800069d4 (0x005f5f93) srli    t6, t5, 5
core   0: 3 0x800069d4 (0x005f5f93) x31 0x00000000
core   0: 0x800069d8 (0x00000013) nop
core   0: 3 0x800069d8 (0x00000013)
core   0: 0x800069dc (0x0005d093) srli    ra, a1, 0
core   0: 3 0x800069dc (0x0005d093) x 1 0x000005c5
core   0: 0x800069e0 (0x41475fb3) sra     t6, a4, s4
core   0: 3 0x800069e0 (0x41475fb3) x31 0x00000000
core   0: 0x800069e4 (0x011e1d13) slli    s10, t3, 17
core   0: 3 0x800069e4 (0x011e1d13) x26 0xfecc0000
core   0: 0x800069e8 (0x008c9b13) slli    s6, s9, 8
core   0: 3 0x800069e8 (0x008c9b13) x22 0x014ce400
core   0: 0x800069ec (0xfd660493) addi    s1, a2, -42
core   0: 3 0x800069ec (0xfd660493) x 9 0xffffffd6
core   0: 0x800069f0 (0x00000013) nop
core   0: 3 0x800069f0 (0x00000013)
core   0: 0x800069f4 (0x00729f13) slli    t5, t0, 7
core   0: 3 0x800069f4 (0x00729f13) x30 0xfffde780
core   0: 0x800069f8 (0xd1620713) addi    a4, tp, -746
core   0: 3 0x800069f8 (0xd1620713) x14 0x7ffffc7c
core   0: 0x800069fc (0x00000013) nop
core   0: 3 0x800069fc (0x00000013)
core   0: 0x80006a00 (0x01b55913) srli    s2, a0, 27
core   0: 3 0x80006a00 (0x01b55913) x18 0x0000000f
core   0: 0x80006a04 (0x00000013) nop
core   0: 3 0x80006a04 (0x00000013)
core   0: 0x80006a08 (0x00000013) nop
core   0: 3 0x80006a08 (0x00000013)
core   0: 0x80006a0c (0x008a5d13) srli    s10, s4, 8
core   0: 3 0x80006a0c (0x008a5d13) x26 0x00ac1209
core   0: 0x80006a10 (0xad852813) slti    a6, a0, -1320
core   0: 3 0x80006a10 (0xad852813) x16 0x00000000
core   0: 0x80006a14 (0x00f4d313) srli    t1, s1, 15
core   0: 3 0x80006a14 (0x00f4d313) x 6 0x0001ffff
core   0: 0x80006a18 (0x01329633) sll     a2, t0, s3
core   0: 3 0x80006a18 (0x01329633) x12 0x9e000000
core   0: 0x80006a1c (0x01809b13) slli    s6, ra, 24
core   0: 3 0x80006a1c (0x01809b13) x22 0xc5000000
core   0: 0x80006a20 (0x41eb81b3) sub     gp, s7, t5
core   0: 3 0x80006a20 (0x41eb81b3) x 3 0x2f5ad11c
core   0: 0x80006a24 (0xb4561e17) auipc   t3, 0xb4561
core   0: 3 0x80006a24 (0xb4561e17) x28 0x34567a24
core   0: 0x80006a28 (0xc5cb8913) addi    s2, s7, -932
core   0: 3 0x80006a28 (0xc5cb8913) x18 0x2f58b4f8
core   0: 0x80006a2c (0x013b9533) sll     a0, s7, s3
core   0: 3 0x80006a2c (0x013b9533) x10 0x38000000
core   0: 0x80006a30 (0x0f0cef93) ori     t6, s9, 240
core   0: 3 0x80006a30 (0x0f0cef93) x31 0x80014cf4
core   0: 0x80006a34 (0x0034adb3) slt     s11, s1, gp
core   0: 3 0x80006a34 (0x0034adb3) x27 0x00000001
core   0: 0x80006a38 (0x53be8f97) auipc   t6, 0x53be8
core   0: 3 0x80006a38 (0x53be8f97) x31 0xd3beea38
core   0: 0x80006a3c (0x010a52b3) srl     t0, s4, a6
core   0: 3 0x80006a3c (0x010a52b3) x 5 0xac120990
core   0: 0x80006a40 (0x00000013) nop
core   0: 3 0x80006a40 (0x00000013)
core   0: 0x80006a44 (0x5f613913) sltiu   s2, sp, 1526
core   0: 3 0x80006a44 (0x5f613913) x18 0x00000001
core   0: 0x80006a48 (0x571a7693) andi    a3, s4, 1393
core   0: 3 0x80006a48 (0x571a7693) x13 0x00000110
core   0: 0x80006a4c (0x014ec933) xor     s2, t4, s4
core   0: 3 0x80006a4c (0x014ec933) x18 0x2c120990
core   0: 0x80006a50 (0x3333b793) sltiu   a5, t2, 819
core   0: 3 0x80006a50 (0x3333b793) x15 0x00000001
core   0: 0x80006a54 (0x01b3cf33) xor     t5, t2, s11
core   0: 3 0x80006a54 (0x01b3cf33) x30 0x00000001
core   0: 0x80006a58 (0xe8f84f93) xori    t6, a6, -369
core   0: 3 0x80006a58 (0xe8f84f93) x31 0xfffffe8f
core   0: 0x80006a5c (0xcda40e13) addi    t3, s0, -806
core   0: 3 0x80006a5c (0xcda40e13) x28 0x80010b3e
core   0: 0x80006a60 (0x00000013) nop
core   0: 3 0x80006a60 (0x00000013)
core   0: 0x80006a64 (0x35309237) lui     tp, 0x35309
core   0: 3 0x80006a64 (0x35309237) x 4 0x35309000
core   0: 0x80006a68 (0x23b5ca93) xori    s5, a1, 571
core   0: 3 0x80006a68 (0x23b5ca93) x21 0x000007fe
core   0: 0x80006a6c (0x7acea993) slti    s3, t4, 1964
core   0: 3 0x80006a6c (0x7acea993) x19 0x00000001
core   0: 0x80006a70 (0x004bd333) srl     t1, s7, tp
core   0: 3 0x80006a70 (0x004bd333) x 6 0x2f58b89c
core   0: 0x80006a74 (0x007e1693) slli    a3, t3, 7
core   0: 3 0x80006a74 (0x007e1693) x13 0x00859f00
core   0: 0x80006a78 (0x1d7cb993) sltiu   s3, s9, 471
core   0: 3 0x80006a78 (0x1d7cb993) x19 0x00000000
core   0: 0x80006a7c (0x017ca133) slt     sp, s9, s7
core   0: 3 0x80006a7c (0x017ca133) x 2 0x00000001
core   0: 0x80006a80 (0x00218633) add     a2, gp, sp
core   0: 3 0x80006a80 (0x00218633) x12 0x2f5ad11d
core   0: 0x80006a84 (0x4120d513) srai    a0, ra, 18
core   0: 3 0x80006a84 (0x4120d513) x10 0x00000000
core   0: 0x80006a88 (0x00000013) nop
core   0: 3 0x80006a88 (0x00000013)
core   0: 0x80006a8c (0x00000013) nop
core   0: 3 0x80006a8c (0x00000013)
core   0: 0x80006a90 (0xd101e893) ori     a7, gp, -752
core   0: 3 0x80006a90 (0xd101e893) x17 0xfffffd1c
core   0: 0x80006a94 (0x0187fe33) and     t3, a5, s8
core   0: 3 0x80006a94 (0x0187fe33) x28 0x00000000
core   0: 0x80006a98 (0x9187c093) xori    ra, a5, -1768
core   0: 3 0x80006a98 (0x9187c093) x 1 0xfffff919
core   0: 0x80006a9c (0x010c37b3) sltu    a5, s8, a6
core   0: 3 0x80006a9c (0x010c37b3) x15 0x00000000
core   0: 0x80006aa0 (0x9776cd37) lui     s10, 0x9776c
core   0: 3 0x80006aa0 (0x9776cd37) x26 0x9776c000
core   0: 0x80006aa4 (0x33b0c513) xori    a0, ra, 827
core   0: 3 0x80006aa4 (0x33b0c513) x10 0xfffffa22
core   0: 0x80006aa8 (0x41055733) sra     a4, a0, a6
core   0: 3 0x80006aa8 (0x41055733) x14 0xfffffa22
core   0: 0x80006aac (0x0022ed33) or      s10, t0, sp
core   0: 3 0x80006aac (0x0022ed33) x26 0xac120991
core   0: 0x80006ab0 (0x00a31f13) slli    t5, t1, 10
core   0: 3 0x80006ab0 (0x00a31f13) x30 0x62e27000
core   0: 0x80006ab4 (0x00a38ab3) add     s5, t2, a0
core   0: 3 0x80006ab4 (0x00a38ab3) x21 0xfffffa22
core   0: 0x80006ab8 (0x40d3d313) srai    t1, t2, 13
core   0: 3 0x80006ab8 (0x40d3d313) x 6 0x00000000
core   0: 0x80006abc (0x476fb697) auipc   a3, 0x476fb
core   0: 3 0x80006abc (0x476fb697) x13 0xc7701abc
core   0: 0x80006ac0 (0x416d8133) sub     sp, s11, s6
core   0: 3 0x80006ac0 (0x416d8133) x 2 0x3b000001
core   0: 0x80006ac4 (0xce856d13) ori     s10, a0, -792
core   0: 3 0x80006ac4 (0xce856d13) x26 0xfffffeea
core   0: 0x80006ac8 (0x8d4227b7) lui     a5, 0x8d422
core   0: 3 0x80006ac8 (0x8d4227b7) x15 0x8d422000
core   0: 0x80006acc (0x0d1ac493) xori    s1, s5, 209
core   0: 3 0x80006acc (0x0d1ac493) x 9 0xfffffaf3
core   0: 0x80006ad0 (0x78b5bf93) sltiu   t6, a1, 1931
core   0: 3 0x80006ad0 (0x78b5bf93) x31 0x00000001
core   0: 0x80006ad4 (0x40c1d813) srai    a6, gp, 12
core   0: 3 0x80006ad4 (0x40c1d813) x16 0x0002f5ad
core   0: 0x80006ad8 (0x01f8a5b3) slt     a1, a7, t6
core   0: 3 0x80006ad8 (0x01f8a5b3) x11 0x00000001
core   0: 0x80006adc (0x8dcf0d13) addi    s10, t5, -1828
core   0: 3 0x80006adc (0x8dcf0d13) x26 0x62e268dc
core   0: 0x80006ae0 (0x015b6e33) or      t3, s6, s5
core   0: 3 0x80006ae0 (0x015b6e33) x28 0xfffffa22
core   0: 0x80006ae4 (0x40c80933) sub     s2, a6, a2
core   0: 3 0x80006ae4 (0x40c80933) x18 0xd0a82490
core   0: 0x80006ae8 (0x4196d593) srai    a1, a3, 25
core   0: 3 0x80006ae8 (0x4196d593) x11 0xffffffe3
core   0: 0x80006aec (0x007a7013) andi    zero, s4, 7
core   0: 3 0x80006aec (0x007a7013)
core   0: 0x80006af0 (0xafa40713) addi    a4, s0, -1286
core   0: 3 0x80006af0 (0xafa40713) x14 0x8001095e
core   0: 0x80006af4 (0x40020ab3) sub     s5, tp, zero
core   0: 3 0x80006af4 (0x40020ab3) x21 0x35309000
core   0: 0x80006af8 (0x408bd193) srai    gp, s7, 8
core   0: 3 0x80006af8 (0x408bd193) x 3 0x002f58b8
core   0: 0x80006afc (0x43a47613) andi    a2, s0, 1082
core   0: 3 0x80006afc (0x43a47613) x12 0x00000420
core   0: 0x80006b00 (0x56602213) slti    tp, zero, 1382
core   0: 3 0x80006b00 (0x56602213) x 4 0x00000001
core   0: 0x80006b04 (0x6a31d097) auipc   ra, 0x6a31d
core   0: 3 0x80006b04 (0x6a31d097) x 1 0xea323b04
core   0: 0x80006b08 (0x27086a93) ori     s5, a6, 624
core   0: 3 0x80006b08 (0x27086a93) x21 0x0002f7fd
core   0: 0x80006b0c (0x00e3ffb3) and     t6, t2, a4
core   0: 3 0x80006b0c (0x00e3ffb3) x31 0x00000000
core   0: 0x80006b10 (0x40f8d193) srai    gp, a7, 15
core   0: 3 0x80006b10 (0x40f8d193) x 3 0xffffffff
core   0: 0x80006b14 (0x01c21d13) slli    s10, tp, 28
core   0: 3 0x80006b14 (0x01c21d13) x26 0x10000000
core   0: 0x80006b18 (0x01c45793) srli    a5, s0, 28
core   0: 3 0x80006b18 (0x01c45793) x15 0x00000008
core   0: 0x80006b1c (0x018523b3) slt     t2, a0, s8
core   0: 3 0x80006b1c (0x018523b3) x 7 0x00000001
core   0: 0x80006b20 (0x0110dc13) srli    s8, ra, 17
core   0: 3 0x80006b20 (0x0110dc13) x24 0x00007519
core   0: 0x80006b24 (0x006ee033) or      zero, t4, t1
core   0: 3 0x80006b24 (0x006ee033)
core   0: 0x80006b28 (0xb34c7f93) andi    t6, s8, -1228
core   0: 3 0x80006b28 (0xb34c7f93) x31 0x00007110
core   0: 0x80006b2c (0x01ef6b33) or      s6, t5, t5
core   0: 3 0x80006b2c (0x01ef6b33) x22 0x62e27000
core   0: 0x80006b30 (0x01595333) srl     t1, s2, s5
core   0: 3 0x80006b30 (0x01595333) x 6 0x00000006
core   0: 0x80006b34 (0x3fff2117) auipc   sp, 0x3fff2
core   0: 3 0x80006b34 (0x3fff2117) x 2 0xbfff8b34
core   0: 0x80006b38 (0xa9140593) addi    a1, s0, -1391
core   0: 3 0x80006b38 (0xa9140593) x11 0x800108f5
core   0: 0x80006b3c (0x01b25e13) srli    t3, tp, 27
core   0: 3 0x80006b3c (0x01b25e13) x28 0x00000000
core   0: 0x80006b40 (0x00a2e133) or      sp, t0, a0
core   0: 3 0x80006b40 (0x00a2e133) x 2 0xfffffbb2
core   0: 0x80006b44 (0x4135d4b3) sra     s1, a1, s3
core   0: 3 0x80006b44 (0x4135d4b3) x 9 0x800108f5
core   0: 0x80006b48 (0x01e11bb3) sll     s7, sp, t5
core   0: 3 0x80006b48 (0x01e11bb3) x23 0xfffffbb2
core   0: 0x80006b4c (0x01a6da33) srl     s4, a3, s10
core   0: 3 0x80006b4c (0x01a6da33) x20 0xc7701abc
core   0: 0x80006b50 (0xbffd7f93) andi    t6, s10, -1025
core   0: 3 0x80006b50 (0xbffd7f93) x31 0x10000000
core   0: 0x80006b54 (0xb615a313) slti    t1, a1, -1183
core   0: 3 0x80006b54 (0xb615a313) x 6 0x00000001
core   0: 0x80006b58 (0x00489293) slli    t0, a7, 4
core   0: 3 0x80006b58 (0x00489293) x 5 0xffffd1c0
core   0: 0x80006b5c (0x64ff2313) slti    t1, t5, 1615
core   0: 3 0x80006b5c (0x64ff2313) x 6 0x00000000
core   0: 0x80006b60 (0x0082bc33) sltu    s8, t0, s0
core   0: 3 0x80006b60 (0x0082bc33) x24 0x00000000
core   0: 0x80006b64 (0xf110ad13) slti    s10, ra, -239
core   0: 3 0x80006b64 (0xf110ad13) x26 0x00000001
core   0: 0x80006b68 (0x01cd3ab3) sltu    s5, s10, t3
core   0: 3 0x80006b68 (0x01cd3ab3) x21 0x00000000
core   0: 0x80006b6c (0x01f474b3) and     s1, s0, t6
core   0: 3 0x80006b6c (0x01f474b3) x 9 0x00000000
core   0: 0x80006b70 (0x41d287b3) sub     a5, t0, t4
core   0: 3 0x80006b70 (0x41d287b3) x15 0x7fffd1c0
core   0: 0x80006b74 (0x412b8fb3) sub     t6, s7, s2
core   0: 3 0x80006b74 (0x412b8fb3) x31 0x2f57d722
core   0: 0x80006b78 (0x01241493) slli    s1, s0, 18
core   0: 3 0x80006b78 (0x01241493) x 9 0x39900000
core   0: 0x80006b7c (0x0191c233) xor     tp, gp, s9
core   0: 3 0x80006b7c (0x0191c233) x 4 0x7ffeb31b
core   0: 0x80006b80 (0x99e3fb13) andi    s6, t2, -1634
core   0: 3 0x80006b80 (0x99e3fb13) x22 0x00000000
core   0: 0x80006b84 (0x0197b8b3) sltu    a7, a5, s9
core   0: 3 0x80006b84 (0x0197b8b3) x17 0x00000001
core   0: 0x80006b88 (0xe860a893) slti    a7, ra, -378
core   0: 3 0x80006b88 (0xe860a893) x17 0x00000001
core   0: 0x80006b8c (0x01bfe5b3) or      a1, t6, s11
core   0: 3 0x80006b8c (0x01bfe5b3) x11 0x2f57d723
core   0: 0x80006b90 (0x005c2533) slt     a0, s8, t0
core   0: 3 0x80006b90 (0x005c2533) x10 0x00000000
core   0: 0x80006b94 (0x41ddf493) andi    s1, s11, 1053
core   0: 3 0x80006b94 (0x41ddf493) x 9 0x00000001
core   0: 0x80006b98 (0x004dbbb3) sltu    s7, s11, tp
core   0: 3 0x80006b98 (0x004dbbb3) x23 0x00000001
core   0: 0x80006b9c (0x1cd4ab37) lui     s6, 0x1cd4a
core   0: 3 0x80006b9c (0x1cd4ab37) x22 0x1cd4a000
core   0: 0x80006ba0 (0x001a1533) sll     a0, s4, ra
core   0: 3 0x80006ba0 (0x001a1533) x10 0x7701abc0
core   0: 0x80006ba4 (0x48316813) ori     a6, sp, 1155
core   0: 3 0x80006ba4 (0x48316813) x16 0xffffffb3
core   0: 0x80006ba8 (0x41c600b3) sub     ra, a2, t3
core   0: 3 0x80006ba8 (0x41c600b3) x 1 0x00000420
core   0: 0x80006bac (0x00bcd613) srli    a2, s9, 11
core   0: 3 0x80006bac (0x00bcd613) x12 0x00100029
core   0: 0x80006bb0 (0x00000013) nop
core   0: 3 0x80006bb0 (0x00000013)
core   0: 0x80006bb4 (0xd19a1217) auipc   tp, 0xd19a1
core   0: 3 0x80006bb4 (0xd19a1217) x 4 0x519a7bb4
core   0: 0x80006bb8 (0xbae28837) lui     a6, 0xbae28
core   0: 3 0x80006bb8 (0xbae28837) x16 0xbae28000
core   0: 0x80006bbc (0xcd86c693) xori    a3, a3, -808
core   0: 3 0x80006bbc (0xcd86c693) x13 0x388fe664
core   0: 0x80006bc0 (0x41910133) sub     sp, sp, s9
core   0: 3 0x80006bc0 (0x41910133) x 2 0x7ffeaece
core   0: 0x80006bc4 (0x96a13697) auipc   a3, 0x96a13
core   0: 3 0x80006bc4 (0x96a13697) x13 0x16a19bc4
core   0: 0x80006bc8 (0x00a71e33) sll     t3, a4, a0
core   0: 3 0x80006bc8 (0x00a71e33) x28 0x8001095e
core   0: 0x80006bcc (0x00000013) nop
core   0: 3 0x80006bcc (0x00000013)
core   0: 0x80006bd0 (0x01369313) slli    t1, a3, 19
core   0: 3 0x80006bd0 (0x01369313) x 6 0xde200000
core   0: 0x80006bd4 (0x6af57a13) andi    s4, a0, 1711
core   0: 3 0x80006bd4 (0x6af57a13) x20 0x00000280
core   0: 0x80006bd8 (0x017481b3) add     gp, s1, s7
core   0: 3 0x80006bd8 (0x017481b3) x 3 0x00000002
core   0: 0x80006bdc (0x40ae8bb3) sub     s7, t4, a0
core   0: 3 0x80006bdc (0x40ae8bb3) x23 0x08fe5440
core   0: 0x80006be0 (0x00000013) nop
core   0: 3 0x80006be0 (0x00000013)
core   0: 0x80006be4 (0x0024b7b3) sltu    a5, s1, sp
core   0: 3 0x80006be4 (0x0024b7b3) x15 0x00000001
core   0: 0x80006be8 (0x319f2a13) slti    s4, t5, 793
core   0: 3 0x80006be8 (0x319f2a13) x20 0x00000000
core   0: 0x80006bec (0x01fd8ab3) add     s5, s11, t6
core   0: 3 0x80006bec (0x01fd8ab3) x21 0x2f57d723
core   0: 0x80006bf0 (0x81418d13) addi    s10, gp, -2028
core   0: 3 0x80006bf0 (0x81418d13) x26 0xfffff816
core   0: 0x80006bf4 (0x00e6ae33) slt     t3, a3, a4
core   0: 3 0x80006bf4 (0x00e6ae33) x28 0x00000000
core   0: 0x80006bf8 (0x6e638293) addi    t0, t2, 1766
core   0: 3 0x80006bf8 (0x6e638293) x 5 0x000006e7
core   0: 0x80006bfc (0x45527a93) andi    s5, tp, 1109
core   0: 3 0x80006bfc (0x45527a93) x21 0x00000014
core   0: 0x80006c00 (0x0158d393) srli    t2, a7, 21
core   0: 3 0x80006c00 (0x0158d393) x 7 0x00000000
core   0: 0x80006c04 (0x0195a233) slt     tp, a1, s9
core   0: 3 0x80006c04 (0x0195a233) x 4 0x00000000
core   0: 0x80006c08 (0x219d0893) addi    a7, s10, 537
core   0: 3 0x80006c08 (0x219d0893) x17 0xfffffa2f
core   0: 0x80006c0c (0x017df233) and     tp, s11, s7
core   0: 3 0x80006c0c (0x017df233) x 4 0x00000000
core   0: 0x80006c10 (0x0118e833) or      a6, a7, a7
core   0: 3 0x80006c10 (0x0118e833) x16 0xfffffa2f
core   0: 0x80006c14 (0x7344a993) slti    s3, s1, 1844
core   0: 3 0x80006c14 (0x7344a993) x19 0x00000001
core   0: 0x80006c18 (0x0034c7b3) xor     a5, s1, gp
core   0: 3 0x80006c18 (0x0034c7b3) x15 0x00000003
core   0: 0x80006c1c (0x5b58cb93) xori    s7, a7, 1461
core   0: 3 0x80006c1c (0x5b58cb93) x23 0xffffff9a
core   0: 0x80006c20 (0x327a8a93) addi    s5, s5, 807
core   0: 3 0x80006c20 (0x327a8a93) x21 0x0000033b
core   0: 0x80006c24 (0xee028b17) auipc   s6, 0xee028
core   0: 3 0x80006c24 (0xee028b17) x22 0x6e02ec24
core   0: 0x80006c28 (0x015ffe33) and     t3, t6, s5
core   0: 3 0x80006c28 (0x015ffe33) x28 0x00000322
core   0: 0x80006c2c (0x00000013) nop
core   0: 3 0x80006c2c (0x00000013)
core   0: 0x80006c30 (0x00755a13) srli    s4, a0, 7
core   0: 3 0x80006c30 (0x00755a13) x20 0x00ee0357
core   0: 0x80006c34 (0x402e5393) srai    t2, t3, 2
core   0: 3 0x80006c34 (0x402e5393) x 7 0x000000c8
core   0: 0x80006c38 (0x0a406713) ori     a4, zero, 164
core   0: 3 0x80006c38 (0x0a406713) x14 0x000000a4
core   0: 0x80006c3c (0x01c85833) srl     a6, a6, t3
core   0: 3 0x80006c3c (0x01c85833) x16 0x3ffffe8b
core   0: 0x80006c40 (0x00000013) nop
core   0: 3 0x80006c40 (0x00000013)
core   0: 0x80006c44 (0x82417b93) andi    s7, sp, -2012
core   0: 3 0x80006c44 (0x82417b93) x23 0x7ffea804
core   0: 0x80006c48 (0x018fd033) srl     zero, t6, s8
core   0: 3 0x80006c48 (0x018fd033)
core   0: 0x80006c4c (0x00aa5513) srli    a0, s4, 10
core   0: 3 0x80006c4c (0x00aa5513) x10 0x00003b80
core   0: 0x80006c50 (0x011e1393) slli    t2, t3, 17
core   0: 3 0x80006c50 (0x011e1393) x 7 0x06440000
core   0: 0x80006c54 (0xd4f5c493) xori    s1, a1, -689
core   0: 3 0x80006c54 (0xd4f5c493) x 9 0xd0a82a6c
core   0: 0x80006c58 (0x001f9c13) slli    s8, t6, 1
core   0: 3 0x80006c58 (0x001f9c13) x24 0x5eafae44
core   0: 0x80006c5c (0x01682033) slt     zero, a6, s6
core   0: 3 0x80006c5c (0x01682033)
core   0: 0x80006c60 (0x00e41213) slli    tp, s0, 14
core   0: 3 0x80006c60 (0x00e41213) x 4 0x43990000
core   0: 0x80006c64 (0x01c8de33) srl     t3, a7, t3
core   0: 3 0x80006c64 (0x01c8de33) x28 0x3ffffe8b
core   0: 0x80006c68 (0x4a7c3a13) sltiu   s4, s8, 1191
core   0: 3 0x80006c68 (0x4a7c3a13) x20 0x00000000
core   0: 0x80006c6c (0x01b9f633) and     a2, s3, s11
core   0: 3 0x80006c6c (0x01b9f633) x12 0x00000001
core   0: 0x80006c70 (0x00296133) or      sp, s2, sp
core   0: 3 0x80006c70 (0x00296133) x 2 0xfffeaede
core   0: 0x80006c74 (0x41678d33) sub     s10, a5, s6
core   0: 3 0x80006c74 (0x41678d33) x26 0x91fd13df
core   0: 0x80006c78 (0x01d4c4b3) xor     s1, s1, t4
core   0: 3 0x80006c78 (0x01d4c4b3) x 9 0x50a82a6c
core   0: 0x80006c7c (0x41780e33) sub     t3, a6, s7
core   0: 3 0x80006c7c (0x41780e33) x28 0xc0015687
core   0: 0x80006c80 (0xec0a75b7) lui     a1, 0xec0a7
core   0: 3 0x80006c80 (0xec0a75b7) x11 0xec0a7000
core   0: 0x80006c84 (0x01f85f33) srl     t5, a6, t6
core   0: 3 0x80006c84 (0x01f85f33) x30 0x0fffffa2
core   0: 0x80006c88 (0x40cb85b3) sub     a1, s7, a2
core   0: 3 0x80006c88 (0x40cb85b3) x11 0x7ffea803
core   0: 0x80006c8c (0x40025b93) srai    s7, tp, 0
core   0: 3 0x80006c8c (0x40025b93) x23 0x43990000
core   0: 0x80006c90 (0xdbee1c37) lui     s8, 0xdbee1
core   0: 3 0x80006c90 (0xdbee1c37) x24 0xdbee1000
core   0: 0x80006c94 (0x0124d293) srli    t0, s1, 18
core   0: 3 0x80006c94 (0x0124d293) x 5 0x0000142a
core   0: 0x80006c98 (0x01279e13) slli    t3, a5, 18
core   0: 3 0x80006c98 (0x01279e13) x28 0x000c0000
core   0: 0x80006c9c (0x009c5313) srli    t1, s8, 9
core   0: 3 0x80006c9c (0x009c5313) x 6 0x006df708
core   0: 0x80006ca0 (0x0186ff33) and     t5, a3, s8
core   0: 3 0x80006ca0 (0x0186ff33) x30 0x12a01000
core   0: 0x80006ca4 (0x00f745b3) xor     a1, a4, a5
core   0: 3 0x80006ca4 (0x00f745b3) x11 0x000000a7
core   0: 0x80006ca8 (0x1a310c13) addi    s8, sp, 419
core   0: 3 0x80006ca8 (0x1a310c13) x24 0xfffeb081
core   0: 0x80006cac (0xd0c3ec17) auipc   s8, 0xd0c3e
core   0: 3 0x80006cac (0xd0c3ec17) x24 0x50c44cac
core   0: 0x80006cb0 (0x856e8113) addi    sp, t4, -1962
core   0: 3 0x80006cb0 (0x856e8113) x 2 0x7ffff856
core   0: 0x80006cb4 (0xed53b013) sltiu   zero, t2, -299
core   0: 3 0x80006cb4 (0xed53b013)
core   0: 0x80006cb8 (0x00773b33) sltu    s6, a4, t2
core   0: 3 0x80006cb8 (0x00773b33) x22 0x00000001
core   0: 0x80006cbc (0x01ceb033) sltu    zero, t4, t3
core   0: 3 0x80006cbc (0x01ceb033)
core   0: 0x80006cc0 (0x27c8f893) andi    a7, a7, 636
core   0: 3 0x80006cc0 (0x27c8f893) x17 0x0000022c
core   0: 0x80006cc4 (0xec48ac13) slti    s8, a7, -316
core   0: 3 0x80006cc4 (0xec48ac13) x24 0x00000000
core   0: 0x80006cc8 (0x00319b33) sll     s6, gp, gp
core   0: 3 0x80006cc8 (0x00319b33) x22 0x00000008
core   0: 0x80006ccc (0x00a59193) slli    gp, a1, 10
core   0: 3 0x80006ccc (0x00a59193) x 3 0x00029c00
core   0: 0x80006cd0 (0x000440b3) xor     ra, s0, zero
core   0: 3 0x80006cd0 (0x000440b3) x 1 0x80010e64
core   0: 0x80006cd4 (0x006135b3) sltu    a1, sp, t1
core   0: 3 0x80006cd4 (0x006135b3) x11 0x00000000
core   0: 0x80006cd8 (0x21222513) slti    a0, tp, 530
core   0: 3 0x80006cd8 (0x21222513) x10 0x00000000
core   0: 0x80006cdc (0x005d7833) and     a6, s10, t0
core   0: 3 0x80006cdc (0x005d7833) x16 0x0000100a
core   0: 0x80006ce0 (0x99c5ce13) xori    t3, a1, -1636
core   0: 3 0x80006ce0 (0x99c5ce13) x28 0xfffff99c
core   0: 0x80006ce4 (0x41ba50b3) sra     ra, s4, s11
core   0: 3 0x80006ce4 (0x41ba50b3) x 1 0x00000000
core   0: 0x80006ce8 (0x845a3a13) sltiu   s4, s4, -1979
core   0: 3 0x80006ce8 (0x845a3a13) x20 0x00000001
core   0: 0x80006cec (0xb62b6bb7) lui     s7, 0xb62b6
core   0: 3 0x80006cec (0xb62b6bb7) x23 0xb62b6000
core   0: 0x80006cf0 (0x01034db3) xor     s11, t1, a6
core   0: 3 0x80006cf0 (0x01034db3) x27 0x006de702
core   0: 0x80006cf4 (0x010749b3) xor     s3, a4, a6
core   0: 3 0x80006cf4 (0x010749b3) x19 0x000010ae
core   0: 0x80006cf8 (0x000ad313) srli    t1, s5, 0
core   0: 3 0x80006cf8 (0x000ad313) x 6 0x0000033b
core   0: 0x80006cfc (0x00000013) nop
core   0: 3 0x80006cfc (0x00000013)
core   0: 0x80006d00 (0x018595b3) sll     a1, a1, s8
core   0: 3 0x80006d00 (0x018595b3) x11 0x00000000
core   0: 0x80006d04 (0x00756233) or      tp, a0, t2
core   0: 3 0x80006d04 (0x00756233) x 4 0x06440000
core   0: 0x80006d08 (0x4192d813) srai    a6, t0, 25
core   0: 3 0x80006d08 (0x4192d813) x16 0x00000000
core   0: 0x80006d0c (0x00458f33) add     t5, a1, tp
core   0: 3 0x80006d0c (0x00458f33) x30 0x06440000
core   0: 0x80006d10 (0x00000013) nop
core   0: 3 0x80006d10 (0x00000013)
core   0: 0x80006d14 (0x00b6d313) srli    t1, a3, 11
core   0: 3 0x80006d14 (0x00b6d313) x 6 0x0002d433
core   0: 0x80006d18 (0xa7d42613) slti    a2, s0, -1411
core   0: 3 0x80006d18 (0xa7d42613) x12 0x00000001
core   0: 0x80006d1c (0x4055d393) srai    t2, a1, 5
core   0: 3 0x80006d1c (0x4055d393) x 7 0x00000000
core   0: 0x80006d20 (0x007135b3) sltu    a1, sp, t2
core   0: 3 0x80006d20 (0x007135b3) x11 0x00000000
core   0: 0x80006d24 (0x00163333) sltu    t1, a2, ra
core   0: 3 0x80006d24 (0x00163333) x 6 0x00000000
core   0: 0x80006d28 (0x58038a93) addi    s5, t2, 1408
core   0: 3 0x80006d28 (0x58038a93) x21 0x00000580
core   0: 0x80006d2c (0x00116ab3) or      s5, sp, ra
core   0: 3 0x80006d2c (0x00116ab3) x21 0x7ffff856
core   0: 0x80006d30 (0x009fc133) xor     sp, t6, s1
core   0: 3 0x80006d30 (0x009fc133) x 2 0x7ffffd4e
core   0: 0x80006d34 (0x0d482b13) slti    s6, a6, 212
core   0: 3 0x80006d34 (0x0d482b13) x22 0x00000001
core   0: 0x80006d38 (0x01d9cdb3) xor     s11, s3, t4
core   0: 3 0x80006d38 (0x01d9cdb3) x27 0x800010ae
core   0: 0x80006d3c (0x01641ab3) sll     s5, s0, s6
core   0: 3 0x80006d3c (0x01641ab3) x21 0x00021cc8
core   0: 0x80006d40 (0xec604813) xori    a6, zero, -314
core   0: 3 0x80006d40 (0xec604813) x16 0xfffffec6
core   0: 0x80006d44 (0x001dc833) xor     a6, s11, ra
core   0: 3 0x80006d44 (0x001dc833) x16 0x800010ae
core   0: 0x80006d48 (0x166fbd93) sltiu   s11, t6, 358
core   0: 3 0x80006d48 (0x166fbd93) x27 0x00000000
core   0: 0x80006d4c (0xdf140293) addi    t0, s0, -527
core   0: 3 0x80006d4c (0xdf140293) x 5 0x80010c55
core   0: 0x80006d50 (0x47121a37) lui     s4, 0x47121
core   0: 3 0x80006d50 (0x47121a37) x20 0x47121000
core   0: 0x80006d54 (0x0d2acf93) xori    t6, s5, 210
core   0: 3 0x80006d54 (0x0d2acf93) x31 0x00021c1a
core   0: 0x80006d58 (0x41ed5633) sra     a2, s10, t5
core   0: 3 0x80006d58 (0x41ed5633) x12 0x91fd13df
core   0: 0x80006d5c (0x00000013) nop
core   0: 3 0x80006d5c (0x00000013)
core   0: 0x80006d60 (0x73096093) ori     ra, s2, 1840
core   0: 3 0x80006d60 (0x73096093) x 1 0xd0a827b0
core   0: 0x80006d64 (0x41d48b33) sub     s6, s1, t4
core   0: 3 0x80006d64 (0x41d48b33) x22 0xd0a82a6c
core   0: 0x80006d68 (0x00992bb3) slt     s7, s2, s1
core   0: 3 0x80006d68 (0x00992bb3) x23 0x00000001
core   0: 0x80006d6c (0xfeaefc13) andi    s8, t4, -22
core   0: 3 0x80006d6c (0xfeaefc13) x24 0x80000000
core   0: 0x80006d70 (0x004b9613) slli    a2, s7, 4
core   0: 3 0x80006d70 (0x004b9613) x12 0x00000010
core   0: 0x80006d74 (0x6a84b613) sltiu   a2, s1, 1704
core   0: 3 0x80006d74 (0x6a84b613) x12 0x00000000
core   0: 0x80006d78 (0x00000013) nop
core   0: 3 0x80006d78 (0x00000013)
core   0: 0x80006d7c (0x00000013) nop
core   0: 3 0x80006d7c (0x00000013)
core   0: 0x80006d80 (0x338dcd13) xori    s10, s11, 824
core   0: 3 0x80006d80 (0x338dcd13) x26 0x00000338
core   0: 0x80006d84 (0xf348c213) xori    tp, a7, -204
core   0: 3 0x80006d84 (0xf348c213) x 4 0xfffffd18
core   0: 0x80006d88 (0x40d585b3) sub     a1, a1, a3
core   0: 3 0x80006d88 (0x40d585b3) x11 0xe95e643c
core   0: 0x80006d8c (0x0b9db917) auipc   s2, 0xb9db
core   0: 3 0x80006d8c (0x0b9db917) x18 0x8b9e1d8c
core   0: 0x80006d90 (0x31540f13) addi    t5, s0, 789
core   0: 3 0x80006d90 (0x31540f13) x30 0x80011179
core   0: 0x80006d94 (0x349bbe13) sltiu   t3, s7, 841
core   0: 3 0x80006d94 (0x349bbe13) x28 0x00000001
core   0: 0x80006d98 (0x84753217) auipc   tp, 0x84753
core   0: 3 0x80006d98 (0x84753217) x 4 0x04759d98
core   0: 0x80006d9c (0x0196a7b3) slt     a5, a3, s9
core   0: 3 0x80006d9c (0x0196a7b3) x15 0x00000000
core   0: 0x80006da0 (0x8eb27593) andi    a1, tp, -1813
core   0: 3 0x80006da0 (0x8eb27593) x11 0x04759888
core   0: 0x80006da4 (0x400d5193) srai    gp, s10, 0
core   0: 3 0x80006da4 (0x400d5193) x 3 0x00000338
core   0: 0x80006da8 (0x408683b3) sub     t2, a3, s0
core   0: 3 0x80006da8 (0x408683b3) x 7 0x96a08d60
core   0: 0x80006dac (0x01b450b3) srl     ra, s0, s11
core   0: 3 0x80006dac (0x01b450b3) x 1 0x80010e64
core   0: 0x80006db0 (0x01b334b3) sltu    s1, t1, s11
core   0: 3 0x80006db0 (0x01b334b3) x 9 0x00000000
core   0: 0x80006db4 (0x016aa833) slt     a6, s5, s6
core   0: 3 0x80006db4 (0x016aa833) x16 0x00000000
core   0: 0x80006db8 (0x64973893) sltiu   a7, a4, 1609
core   0: 3 0x80006db8 (0x64973893) x17 0x00000001
core   0: 0x80006dbc (0x00000013) nop
core   0: 3 0x80006dbc (0x00000013)
core   0: 0x80006dc0 (0x0106e9b3) or      s3, a3, a6
core   0: 3 0x80006dc0 (0x0106e9b3) x19 0x16a19bc4
core   0: 0x80006dc4 (0x01319113) slli    sp, gp, 19
core   0: 3 0x80006dc4 (0x01319113) x 2 0x19c00000
core   0: 0x80006dc8 (0x40f6d6b3) sra     a3, a3, a5
core   0: 3 0x80006dc8 (0x40f6d6b3) x13 0x16a19bc4
core   0: 0x80006dcc (0x06c1e513) ori     a0, gp, 108
core   0: 3 0x80006dcc (0x06c1e513) x10 0x0000037c
core   0: 0x80006dd0 (0x41f4df13) srai    t5, s1, 31
core   0: 3 0x80006dd0 (0x41f4df13) x30 0x00000000
core   0: 0x80006dd4 (0x41605d33) sra     s10, zero, s6
core   0: 3 0x80006dd4 (0x41605d33) x26 0x00000000
core   0: 0x80006dd8 (0x1e3f2113) slti    sp, t5, 483
core   0: 3 0x80006dd8 (0x1e3f2113) x 2 0x00000001
core   0: 0x80006ddc (0xe97ae493) ori     s1, s5, -361
core   0: 3 0x80006ddc (0xe97ae493) x 9 0xfffffedf
core   0: 0x80006de0 (0x30123393) sltiu   t2, tp, 769
core   0: 3 0x80006de0 (0x30123393) x 7 0x00000000
core   0: 0x80006de4 (0x000fefb3) or      t6, t6, zero
core   0: 3 0x80006de4 (0x000fefb3) x31 0x00021c1a
core   0: 0x80006de8 (0x000344b3) xor     s1, t1, zero
core   0: 3 0x80006de8 (0x000344b3) x 9 0x00000000
core   0: 0x80006dec (0xc68de893) ori     a7, s11, -920
core   0: 3 0x80006dec (0xc68de893) x17 0xfffffc68
core   0: 0x80006df0 (0x41d8d893) srai    a7, a7, 29
core   0: 3 0x80006df0 (0x41d8d893) x17 0xffffffff
core   0: 0x80006df4 (0x4045d693) srai    a3, a1, 4
core   0: 3 0x80006df4 (0x4045d693) x13 0x00475988
core   0: 0x80006df8 (0x0039cdb3) xor     s11, s3, gp
core   0: 3 0x80006df8 (0x0039cdb3) x27 0x16a198fc
core   0: 0x80006dfc (0x01c049b3) xor     s3, zero, t3
core   0: 3 0x80006dfc (0x01c049b3) x19 0x00000001
core   0: 0x80006e00 (0x40ac5693) srai    a3, s8, 10
core   0: 3 0x80006e00 (0x40ac5693) x13 0xffe00000
core   0: 0x80006e04 (0x00fd78b3) and     a7, s10, a5
core   0: 3 0x80006e04 (0x00fd78b3) x17 0x00000000
core   0: 0x80006e08 (0xd5e97093) andi    ra, s2, -674
core   0: 3 0x80006e08 (0xd5e97093) x 1 0x8b9e1d0c
core   0: 0x80006e0c (0x015221b3) slt     gp, tp, s5
core   0: 3 0x80006e0c (0x015221b3) x 3 0x00000000
core   0: 0x80006e10 (0x00b05593) srli    a1, zero, 11
core   0: 3 0x80006e10 (0x00b05593) x11 0x00000000
core   0: 0x80006e14 (0x01da2f33) slt     t5, s4, t4
core   0: 3 0x80006e14 (0x01da2f33) x30 0x00000000
core   0: 0x80006e18 (0x01803933) snez    s2, s8
core   0: 3 0x80006e18 (0x01803933) x18 0x00000001
core   0: 0x80006e1c (0x8c4ec613) xori    a2, t4, -1852
core   0: 3 0x80006e1c (0x8c4ec613) x12 0x7ffff8c4
core   0: 0x80006e20 (0x41fd5113) srai    sp, s10, 31
core   0: 3 0x80006e20 (0x41fd5113) x 2 0x00000000
core   0: 0x80006e24 (0x009a80b3) add     ra, s5, s1
core   0: 3 0x80006e24 (0x009a80b3) x 1 0x00021cc8
core   0: 0x80006e28 (0x4aeaa393) slti    t2, s5, 1198
core   0: 3 0x80006e28 (0x4aeaa393) x 7 0x00000000
core   0: 0x80006e2c (0xf9c3cf97) auipc   t6, 0xf9c3c
core   0: 3 0x80006e2c (0xf9c3cf97) x31 0x79c42e2c
core   0: 0x80006e30 (0x00000013) nop
core   0: 3 0x80006e30 (0x00000013)
core   0: 0x80006e34 (0x001e2233) slt     tp, t3, ra
core   0: 3 0x80006e34 (0x001e2233) x 4 0x00000001
core   0: 0x80006e38 (0x4157d033) sra     zero, a5, s5
core   0: 3 0x80006e38 (0x4157d033)
core   0: 0x80006e3c (0x00755fb3) srl     t6, a0, t2
core   0: 3 0x80006e3c (0x00755fb3) x31 0x0000037c
core   0: 0x80006e40 (0x40b687b3) sub     a5, a3, a1
core   0: 3 0x80006e40 (0x40b687b3) x15 0xffe00000
core   0: 0x80006e44 (0x27f5ea13) ori     s4, a1, 639
core   0: 3 0x80006e44 (0x27f5ea13) x20 0x0000027f
core   0: 0x80006e48 (0x4154d293) srai    t0, s1, 21
core   0: 3 0x80006e48 (0x4154d293) x 5 0x00000000
core   0: 0x80006e4c (0x01c9bc33) sltu    s8, s3, t3
core   0: 3 0x80006e4c (0x01c9bc33) x24 0x00000000
core   0: 0x80006e50 (0x00000013) nop
core   0: 3 0x80006e50 (0x00000013)
core   0: 0x80006e54 (0x407cd5b3) sra     a1, s9, t2
core   0: 3 0x80006e54 (0x407cd5b3) x11 0x80014ce4
core   0: 0x80006e58 (0x0b1357b7) lui     a5, 0xb135
core   0: 3 0x80006e58 (0x0b1357b7) x15 0x0b135000
core   0: 0x80006e5c (0xe91c9697) auipc   a3, 0xe91c9
core   0: 3 0x80006e5c (0xe91c9697) x13 0x691cfe5c
core   0: 0x80006e60 (0x00000013) nop
core   0: 3 0x80006e60 (0x00000013)
core   0: 0x80006e64 (0x1c674f93) xori    t6, a4, 454
core   0: 3 0x80006e64 (0x1c674f93) x31 0x00000162
core   0: 0x80006e68 (0x75f90a93) addi    s5, s2, 1887
core   0: 3 0x80006e68 (0x75f90a93) x21 0x00000760
core   0: 0x80006e6c (0x400ad493) srai    s1, s5, 0
core   0: 3 0x80006e6c (0x400ad493) x 9 0x00000760
core   0: 0x80006e70 (0x00f9b0b3) sltu    ra, s3, a5
core   0: 3 0x80006e70 (0x00f9b0b3) x 1 0x00000001
core   0: 0x80006e74 (0x00505f33) srl     t5, zero, t0
core   0: 3 0x80006e74 (0x00505f33) x30 0x00000000
core   0: 0x80006e78 (0x002b1d93) slli    s11, s6, 2
core   0: 3 0x80006e78 (0x002b1d93) x27 0x42a0a9b0
core   0: 0x80006e7c (0x01296933) or      s2, s2, s2
core   0: 3 0x80006e7c (0x01296933) x18 0x00000001
core   0: 0x80006e80 (0x00c80633) add     a2, a6, a2
core   0: 3 0x80006e80 (0x00c80633) x12 0x7ffff8c4
core   0: 0x80006e84 (0x00000013) nop
core   0: 3 0x80006e84 (0x00000013)
core   0: 0x80006e88 (0x01a8cd33) xor     s10, a7, s10
core   0: 3 0x80006e88 (0x01a8cd33) x26 0x00000000
core   0: 0x80006e8c (0x009fd213) srli    tp, t6, 9
core   0: 3 0x80006e8c (0x009fd213) x 4 0x00000000
core   0: 0x80006e90 (0x1055fe13) andi    t3, a1, 261
core   0: 3 0x80006e90 (0x1055fe13) x28 0x00000004
core   0: 0x80006e94 (0x3e95ac13) slti    s8, a1, 1001
core   0: 3 0x80006e94 (0x3e95ac13) x24 0x00000001
core   0: 0x80006e98 (0x99fef117) auipc   sp, 0x99fef
core   0: 3 0x80006e98 (0x99fef117) x 2 0x19ff5e98
core   0: 0x80006e9c (0x40c2da93) srai    s5, t0, 12
core   0: 3 0x80006e9c (0x40c2da93) x21 0x00000000
core   0: 0x80006ea0 (0x4d9d3d13) sltiu   s10, s10, 1241
core   0: 3 0x80006ea0 (0x4d9d3d13) x26 0x00000001
core   0: 0x80006ea4 (0xf2783793) sltiu   a5, a6, -217
core   0: 3 0x80006ea4 (0xf2783793) x15 0x00000001
core   0: 0x80006ea8 (0x00e55b93) srli    s7, a0, 14
core   0: 3 0x80006ea8 (0x00e55b93) x23 0x00000000
core   0: 0x80006eac (0x012732b3) sltu    t0, a4, s2
core   0: 3 0x80006eac (0x012732b3) x 5 0x00000000
core   0: 0x80006eb0 (0x40fc06b3) sub     a3, s8, a5
core   0: 3 0x80006eb0 (0x40fc06b3) x13 0x00000000
core   0: 0x80006eb4 (0xc6692997) auipc   s3, 0xc6692
core   0: 3 0x80006eb4 (0xc6692997) x19 0x46698eb4
core   0: 0x80006eb8 (0xcf758c13) addi    s8, a1, -777
core   0: 3 0x80006eb8 (0xcf758c13) x24 0x800149db
core   0: 0x80006ebc (0x2210ac13) slti    s8, ra, 545
core   0: 3 0x80006ebc (0x2210ac13) x24 0x00000001
core   0: 0x80006ec0 (0x01ce1093) slli    ra, t3, 28
core   0: 3 0x80006ec0 (0x01ce1093) x 1 0x40000000
core   0: 0x80006ec4 (0x40fd0ab3) sub     s5, s10, a5
core   0: 3 0x80006ec4 (0x40fd0ab3) x21 0x00000000
core   0: 0x80006ec8 (0x419fd8b3) sra     a7, t6, s9
core   0: 3 0x80006ec8 (0x419fd8b3) x17 0x00000016
core   0: 0x80006ecc (0x88500f13) li      t5, -1915
core   0: 3 0x80006ecc (0x88500f13) x30 0xfffff885
core   0: 0x80006ed0 (0x000bd613) srli    a2, s7, 0
core   0: 3 0x80006ed0 (0x000bd613) x12 0x00000000
core   0: 0x80006ed4 (0x012dd8b3) srl     a7, s11, s2
core   0: 3 0x80006ed4 (0x012dd8b3) x17 0x215054d8
core   0: 0x80006ed8 (0xfcf5f493) andi    s1, a1, -49
core   0: 3 0x80006ed8 (0xfcf5f493) x 9 0x80014cc4
core   0: 0x80006edc (0x00e5aa33) slt     s4, a1, a4
core   0: 3 0x80006edc (0x00e5aa33) x20 0x00000001
core   0: 0x80006ee0 (0x010434b3) sltu    s1, s0, a6
core   0: 3 0x80006ee0 (0x010434b3) x 9 0x00000000
core   0: 0x80006ee4 (0x1f83ab93) slti    s7, t2, 504
core   0: 3 0x80006ee4 (0x1f83ab93) x23 0x00000001
core   0: 0x80006ee8 (0x067e4193) xori    gp, t3, 103
core   0: 3 0x80006ee8 (0x067e4193) x 3 0x00000063
core   0: 0x80006eec (0x2e038593) addi    a1, t2, 736
core   0: 3 0x80006eec (0x2e038593) x11 0x000002e0
core   0: 0x80006ef0 (0x8a5b12b7) lui     t0, 0x8a5b1
core   0: 3 0x80006ef0 (0x8a5b12b7) x 5 0x8a5b1000
core   0: 0x80006ef4 (0x01e822b3) slt     t0, a6, t5
core   0: 3 0x80006ef4 (0x01e822b3) x 5 0x00000000
core   0: 0x80006ef8 (0xe61ec093) xori    ra, t4, -415
core   0: 3 0x80006ef8 (0xe61ec093) x 1 0x7ffffe61
core   0: 0x80006efc (0x6e52f193) andi    gp, t0, 1765
core   0: 3 0x80006efc (0x6e52f193) x 3 0x00000000
core   0: 0x80006f00 (0x2b6e2193) slti    gp, t3, 694
core   0: 3 0x80006f00 (0x2b6e2193) x 3 0x00000001
core   0: 0x80006f04 (0x010637b3) sltu    a5, a2, a6
core   0: 3 0x80006f04 (0x010637b3) x15 0x00000000
core   0: 0x80006f08 (0x0111c8b3) xor     a7, gp, a7
core   0: 3 0x80006f08 (0x0111c8b3) x17 0x215054d9
core   0: 0x80006f0c (0x00481e33) sll     t3, a6, tp
core   0: 3 0x80006f0c (0x00481e33) x28 0x00000000
core   0: 0x80006f10 (0x6a84e793) ori     a5, s1, 1704
core   0: 3 0x80006f10 (0x6a84e793) x15 0x000006a8
core   0: 0x80006f14 (0x412a8033) sub     zero, s5, s2
core   0: 3 0x80006f14 (0x412a8033)
core   0: 0x80006f18 (0x013108b3) add     a7, sp, s3
core   0: 3 0x80006f18 (0x013108b3) x17 0x6068ed4c
core   0: 0x80006f1c (0xd172c113) xori    sp, t0, -745
core   0: 3 0x80006f1c (0xd172c113) x 2 0xfffffd17
core   0: 0x80006f20 (0x356c3293) sltiu   t0, s8, 854
core   0: 3 0x80006f20 (0x356c3293) x 5 0x00000001
core   0: 0x80006f24 (0x010f9613) slli    a2, t6, 16
core   0: 3 0x80006f24 (0x010f9613) x12 0x01620000
core   0: 0x80006f28 (0x9531fe37) lui     t3, 0x9531f
core   0: 3 0x80006f28 (0x9531fe37) x28 0x9531f000
core   0: 0x80006f2c (0x41f15893) srai    a7, sp, 31
core   0: 3 0x80006f2c (0x41f15893) x17 0xffffffff
core   0: 0x80006f30 (0x407a84b3) sub     s1, s5, t2
core   0: 3 0x80006f30 (0x407a84b3) x 9 0x00000000
core   0: 0x80006f34 (0x414f8d33) sub     s10, t6, s4
core   0: 3 0x80006f34 (0x414f8d33) x26 0x00000161
core   0: 0x80006f38 (0x40bf0b33) sub     s6, t5, a1
core   0: 3 0x80006f38 (0x40bf0b33) x22 0xfffff5a5
core   0: 0x80006f3c (0xfc178313) addi    t1, a5, -63
core   0: 3 0x80006f3c (0xfc178313) x 6 0x00000669
core   0: 0x80006f40 (0x40810c33) sub     s8, sp, s0
core   0: 3 0x80006f40 (0x40810c33) x24 0x7ffeeeb3
core   0: 0x80006f44 (0x00000013) nop
core   0: 3 0x80006f44 (0x00000013)
core   0: 0x80006f48 (0x40ef0533) sub     a0, t5, a4
core   0: 3 0x80006f48 (0x40ef0533) x10 0xfffff7e1
core   0: 0x80006f4c (0x40b40033) sub     zero, s0, a1
core   0: 3 0x80006f4c (0x40b40033)
core   0: 0x80006f50 (0x126d3297) auipc   t0, 0x126d3
core   0: 3 0x80006f50 (0x126d3297) x 5 0x926d9f50
core   0: 0x80006f54 (0x371a3793) sltiu   a5, s4, 881
core   0: 3 0x80006f54 (0x371a3793) x15 0x00000001
core   0: 0x80006f58 (0x41e253b3) sra     t2, tp, t5
core   0: 3 0x80006f58 (0x41e253b3) x 7 0x00000000
core   0: 0x80006f5c (0x06affb13) andi    s6, t6, 106
core   0: 3 0x80006f5c (0x06affb13) x22 0x00000062
core   0: 0x80006f60 (0x00c95d33) srl     s10, s2, a2
core   0: 3 0x80006f60 (0x00c95d33) x26 0x00000001
core   0: 0x80006f64 (0x01e75513) srli    a0, a4, 30
core   0: 3 0x80006f64 (0x01e75513) x10 0x00000000
core   0: 0x80006f68 (0x864ce497) auipc   s1, 0x864ce
core   0: 3 0x80006f68 (0x864ce497) x 9 0x064d4f68
core   0: 0x80006f6c (0xd2496793) ori     a5, s2, -732
core   0: 3 0x80006f6c (0xd2496793) x15 0xfffffd25
core   0: 0x80006f70 (0x01de1233) sll     tp, t3, t4
core   0: 3 0x80006f70 (0x01de1233) x 4 0x9531f000
core   0: 0x80006f74 (0x01236933) or      s2, t1, s2
core   0: 3 0x80006f74 (0x01236933) x18 0x00000669
core   0: 0x80006f78 (0x2415f2b7) lui     t0, 0x2415f
core   0: 3 0x80006f78 (0x2415f2b7) x 5 0x2415f000
core   0: 0x80006f7c (0x00e72ab3) slt     s5, a4, a4
core   0: 3 0x80006f7c (0x00e72ab3) x21 0x00000000
core   0: 0x80006f80 (0x6dcaf993) andi    s3, s5, 1756
core   0: 3 0x80006f80 (0x6dcaf993) x19 0x00000000
core   0: 0x80006f84 (0xf23714b7) lui     s1, 0xf2371
core   0: 3 0x80006f84 (0xf23714b7) x 9 0xf2371000
core   0: 0x80006f88 (0x00494f33) xor     t5, s2, tp
core   0: 3 0x80006f88 (0x00494f33) x30 0x9531f669
core   0: 0x80006f8c (0x41fc00b3) sub     ra, s8, t6
core   0: 3 0x80006f8c (0x41fc00b3) x 1 0x7ffeed51
core   0: 0x80006f90 (0xdf0f2797) auipc   a5, 0xdf0f2
core   0: 3 0x80006f90 (0xdf0f2797) x15 0x5f0f8f90
core   0: 0x80006f94 (0x00d4dbb3) srl     s7, s1, a3
core   0: 3 0x80006f94 (0x00d4dbb3) x23 0xf2371000
core   0: 0x80006f98 (0x40815733) sra     a4, sp, s0
core   0: 3 0x80006f98 (0x40815733) x14 0xffffffd1
core   0: 0x80006f9c (0x00ee7b33) and     s6, t3, a4
core   0: 3 0x80006f9c (0x00ee7b33) x22 0x9531f000
core   0: 0x80006fa0 (0x00398033) add     zero, s3, gp
core   0: 3 0x80006fa0 (0x00398033)
core   0: 0x80006fa4 (0x3385b213) sltiu   tp, a1, 824
core   0: 3 0x80006fa4 (0x3385b213) x 4 0x00000001
core   0: 0x80006fa8 (0x41a35b93) srai    s7, t1, 26
core   0: 3 0x80006fa8 (0x41a35b93) x23 0x00000000
core   0: 0x80006fac (0xca3c2993) slti    s3, s8, -861
core   0: 3 0x80006fac (0xca3c2993) x19 0x00000000
core   0: 0x80006fb0 (0x0d39a113) slti    sp, s3, 211
core   0: 3 0x80006fb0 (0x0d39a113) x 2 0x00000001
core   0: 0x80006fb4 (0x41978333) sub     t1, a5, s9
core   0: 3 0x80006fb4 (0x41978333) x 6 0xdf0e42ac
core   0: 0x80006fb8 (0x811a4893) xori    a7, s4, -2031
core   0: 3 0x80006fb8 (0x811a4893) x17 0xfffff810
core   0: 0x80006fbc (0xec7748b7) lui     a7, 0xec774
core   0: 3 0x80006fbc (0xec7748b7) x17 0xec774000
core   0: 0x80006fc0 (0x00b9e8b3) or      a7, s3, a1
core   0: 3 0x80006fc0 (0x00b9e8b3) x17 0x000002e0
core   0: 0x80006fc4 (0x000bcab3) xor     s5, s7, zero
core   0: 3 0x80006fc4 (0x000bcab3) x21 0x00000000
core   0: 0x80006fc8 (0x0f494813) xori    a6, s2, 244
core   0: 3 0x80006fc8 (0x0f494813) x16 0x0000069d
core   0: 0x80006fcc (0x00b88b33) add     s6, a7, a1
core   0: 3 0x80006fcc (0x00b88b33) x22 0x000005c0
core   0: 0x80006fd0 (0x01d257b3) srl     a5, tp, t4
core   0: 3 0x80006fd0 (0x01d257b3) x15 0x00000001
core   0: 0x80006fd4 (0x41ff0ab3) sub     s5, t5, t6
core   0: 3 0x80006fd4 (0x41ff0ab3) x21 0x9531f507
core   0: 0x80006fd8 (0x00000013) nop
core   0: 3 0x80006fd8 (0x00000013)
core   0: 0x80006fdc (0xb093cc13) xori    s8, t2, -1271
core   0: 3 0x80006fdc (0xb093cc13) x24 0xfffffb09
core   0: 0x80006fe0 (0x947b2e37) lui     t3, 0x947b2
core   0: 3 0x80006fe0 (0x947b2e37) x28 0x947b2000
core   0: 0x80006fe4 (0xc3cb8593) addi    a1, s7, -964
core   0: 3 0x80006fe4 (0xc3cb8593) x11 0xfffffc3c
core   0: 0x80006fe8 (0x05ef4697) auipc   a3, 0x5ef4
core   0: 3 0x80006fe8 (0x05ef4697) x13 0x85efafe8
core   0: 0x80006fec (0x07d78193) addi    gp, a5, 125
core   0: 3 0x80006fec (0x07d78193) x 3 0x0000007e
core   0: 0x80006ff0 (0x00000013) nop
core   0: 3 0x80006ff0 (0x00000013)
core   0: 0x80006ff4 (0x01ada4b3) slt     s1, s11, s10
core   0: 3 0x80006ff4 (0x01ada4b3) x 9 0x00000000
core   0: 0x80006ff8 (0x00fe7733) and     a4, t3, a5
core   0: 3 0x80006ff8 (0x00fe7733) x14 0x00000000
core   0: 0x80006ffc (0x00440e33) add     t3, s0, tp
core   0: 3 0x80006ffc (0x00440e33) x28 0x80010e65
core   0: 0x80007000 (0x0128a933) slt     s2, a7, s2
core   0: 3 0x80007000 (0x0128a933) x18 0x00000001
core   0: 0x80007004 (0xdf1a2d93) slti    s11, s4, -527
core   0: 3 0x80007004 (0xdf1a2d93) x27 0x00000000
core   0: 0x80007008 (0x01fec2b3) xor     t0, t4, t6
core   0: 3 0x80007008 (0x01fec2b3) x 5 0x80000162
core   0: 0x8000700c (0x0027efb3) or      t6, a5, sp
core   0: 3 0x8000700c (0x0027efb3) x31 0x00000001
core   0: 0x80007010 (0xccd2b317) auipc   t1, 0xccd2b
core   0: 3 0x80007010 (0xccd2b317) x 6 0x4cd32010
core   0: 0x80007014 (0x414d84b3) sub     s1, s11, s4
core   0: 3 0x80007014 (0x414d84b3) x 9 0xffffffff
core   0: 0x80007018 (0x00365333) srl     t1, a2, gp
core   0: 3 0x80007018 (0x00365333) x 6 0x00000000
core   0: 0x8000701c (0x26826113) ori     sp, tp, 616
core   0: 3 0x8000701c (0x26826113) x 2 0x00000269
core   0: 0x80007020 (0x41015193) srai    gp, sp, 16
core   0: 3 0x80007020 (0x41015193) x 3 0x00000000
core   0: 0x80007024 (0x01eb5493) srli    s1, s6, 30
core   0: 3 0x80007024 (0x01eb5493) x 9 0x00000000
core   0: 0x80007028 (0x4f507f93) andi    t6, zero, 1269
core   0: 3 0x80007028 (0x4f507f93) x31 0x00000000
core   0: 0x8000702c (0x00000013) nop
core   0: 3 0x8000702c (0x00000013)
core   0: 0x80007030 (0xf7e60693) addi    a3, a2, -130
core   0: 3 0x80007030 (0xf7e60693) x13 0x0161ff7e
core   0: 0x80007034 (0x7f487317) auipc   t1, 0x7f487
core   0: 3 0x80007034 (0x7f487317) x 6 0xff48e034
core   0: 0x80007038 (0x89338393) addi    t2, t2, -1901
core   0: 3 0x80007038 (0x89338393) x 7 0xfffff893
core   0: 0x8000703c (0x414201b3) sub     gp, tp, s4
core   0: 3 0x8000703c (0x414201b3) x 3 0x00000000
core   0: 0x80007040 (0x925ce493) ori     s1, s9, -1755
core   0: 3 0x80007040 (0x925ce493) x 9 0xfffffde5
core   0: 0x80007044 (0x40fbdb93) srai    s7, s7, 15
core   0: 3 0x80007044 (0x40fbdb93) x23 0x00000000
core   0: 0x80007048 (0xe4ec1237) lui     tp, 0xe4ec1
core   0: 3 0x80007048 (0xe4ec1237) x 4 0xe4ec1000
core   0: 0x8000704c (0x00f5dab3) srl     s5, a1, a5
core   0: 3 0x8000704c (0x00f5dab3) x21 0x7ffffe1e
core   0: 0x80007050 (0xe92d8293) addi    t0, s11, -366
core   0: 3 0x80007050 (0xe92d8293) x 5 0xfffffe92
core   0: 0x80007054 (0x06b28713) addi    a4, t0, 107
core   0: 3 0x80007054 (0x06b28713) x14 0xfffffefd
core   0: 0x80007058 (0x00b9dfb3) srl     t6, s3, a1
core   0: 3 0x80007058 (0x00b9dfb3) x31 0x00000000
core   0: 0x8000705c (0x8f86f713) andi    a4, a3, -1800
core   0: 3 0x8000705c (0x8f86f713) x14 0x0161f878
core   0: 0x80007060 (0x00faa033) slt     zero, s5, a5
core   0: 3 0x80007060 (0x00faa033)
core   0: 0x80007064 (0x608e0813) addi    a6, t3, 1544
core   0: 3 0x80007064 (0x608e0813) x16 0x8001146d
core   0: 0x80007068 (0x53e36493) ori     s1, t1, 1342
core   0: 3 0x80007068 (0x53e36493) x 9 0xff48e53e
core   0: 0x8000706c (0xc71dca97) auipc   s5, 0xc71dc
core   0: 3 0x8000706c (0xc71dca97) x21 0x471e306c
core   0: 0x80007070 (0x00d3f6b3) and     a3, t2, a3
core   0: 3 0x80007070 (0x00d3f6b3) x13 0x0161f812
core   0: 0x80007074 (0x97e24b13) xori    s6, tp, -1666
core   0: 3 0x80007074 (0x97e24b13) x22 0x1b13e97e
core   0: 0x80007078 (0xa28f0093) addi    ra, t5, -1496
core   0: 3 0x80007078 (0xa28f0093) x 1 0x9531f091
core   0: 0x8000707c (0x00000013) nop
core   0: 3 0x8000707c (0x00000013)
core   0: 0x80007080 (0xd936fa93) andi    s5, a3, -621
core   0: 3 0x80007080 (0xd936fa93) x21 0x0161f812
core   0: 0x80007084 (0x09cba893) slti    a7, s7, 156
core   0: 3 0x80007084 (0x09cba893) x17 0x00000001
core   0: 0x80007088 (0x0143e6b3) or      a3, t2, s4
core   0: 3 0x80007088 (0x0143e6b3) x13 0xfffff893
core   0: 0x8000708c (0x9ba56f13) ori     t5, a0, -1606
core   0: 3 0x8000708c (0x9ba56f13) x30 0xfffff9ba
core   0: 0x80007090 (0xfbbd6a97) auipc   s5, 0xfbbd6
core   0: 3 0x80007090 (0xfbbd6a97) x21 0x7bbdd090
core   0: 0x80007094 (0x001f58b3) srl     a7, t5, ra
core   0: 3 0x80007094 (0x001f58b3) x17 0x00007fff
core   0: 0x80007098 (0x005da9b3) slt     s3, s11, t0
core   0: 3 0x80007098 (0x005da9b3) x19 0x00000000
core   0: 0x8000709c (0x004e65b3) or      a1, t3, tp
core   0: 3 0x8000709c (0x004e65b3) x11 0xe4ed1e65
core   0: 0x800070a0 (0x00fdbbb3) sltu    s7, s11, a5
core   0: 3 0x800070a0 (0x00fdbbb3) x23 0x00000001
core   0: 0x800070a4 (0x56c4f393) andi    t2, s1, 1388
core   0: 3 0x800070a4 (0x56c4f393) x 7 0x0000052c
core   0: 0x800070a8 (0x403303b3) sub     t2, t1, gp
core   0: 3 0x800070a8 (0x403303b3) x 7 0xff48e034
core   0: 0x800070ac (0x75267093) andi    ra, a2, 1874
core   0: 3 0x800070ac (0x75267093) x 1 0x00000000
core   0: 0x800070b0 (0x0068c0b3) xor     ra, a7, t1
core   0: 3 0x800070b0 (0x0068c0b3) x 1 0xff489fcb
core   0: 0x800070b4 (0xa70a7393) andi    t2, s4, -1424
core   0: 3 0x800070b4 (0xa70a7393) x 7 0x00000000
core   0: 0x800070b8 (0xa716b517) auipc   a0, 0xa716b
core   0: 3 0x800070b8 (0xa716b517) x10 0x271720b8
core   0: 0x800070bc (0x40a85393) srai    t2, a6, 10
core   0: 3 0x800070bc (0x40a85393) x 7 0xffe00045
core   0: 0x800070c0 (0x00a1ee33) or      t3, gp, a0
core   0: 3 0x800070c0 (0x00a1ee33) x28 0x271720b8
core   0: 0x800070c4 (0x01d076b3) and     a3, zero, t4
core   0: 3 0x800070c4 (0x01d076b3) x13 0x00000000
core   0: 0x800070c8 (0x40c78233) sub     tp, a5, a2
core   0: 3 0x800070c8 (0x40c78233) x 4 0xfe9e0001
core   0: 0x800070cc (0x1295af17) auipc   t5, 0x1295a
core   0: 3 0x800070cc (0x1295af17) x30 0x929610cc
core   0: 0x800070d0 (0x0074abb3) slt     s7, s1, t2
core   0: 3 0x800070d0 (0x0074abb3) x23 0x00000001
core   0: 0x800070d4 (0x66440b93) addi    s7, s0, 1636
core   0: 3 0x800070d4 (0x66440b93) x23 0x800114c8
core   0: 0x800070d8 (0x01aa57b3) srl     a5, s4, s10
core   0: 3 0x800070d8 (0x01aa57b3) x15 0x00000000
core   0: 0x800070dc (0x01872ab3) slt     s5, a4, s8
core   0: 3 0x800070dc (0x01872ab3) x21 0x00000000
core   0: 0x800070e0 (0x003fa633) slt     a2, t6, gp
core   0: 3 0x800070e0 (0x003fa633) x12 0x00000000
core   0: 0x800070e4 (0x411a5533) sra     a0, s4, a7
core   0: 3 0x800070e4 (0x411a5533) x10 0x00000000
core   0: 0x800070e8 (0x00cef7b3) and     a5, t4, a2
core   0: 3 0x800070e8 (0x00cef7b3) x15 0x00000000
core   0: 0x800070ec (0x40db5933) sra     s2, s6, a3
core   0: 3 0x800070ec (0x40db5933) x18 0x1b13e97e
core   0: 0x800070f0 (0x00b93c33) sltu    s8, s2, a1
core   0: 3 0x800070f0 (0x00b93c33) x24 0x00000001
core   0: 0x800070f4 (0x402a86b3) sub     a3, s5, sp
core   0: 3 0x800070f4 (0x402a86b3) x13 0xfffffd97
core   0: 0x800070f8 (0x00ab16b3) sll     a3, s6, a0
core   0: 3 0x800070f8 (0x00ab16b3) x13 0x1b13e97e
core   0: 0x800070fc (0x019ba6b3) slt     a3, s7, s9
core   0: 3 0x800070fc (0x019ba6b3) x13 0x00000001
core   0: 0x80007100 (0x9a457993) andi    s3, a0, -1628
core   0: 3 0x80007100 (0x9a457993) x19 0x00000000
core   0: 0x80007104 (0x007aedb3) or      s11, s5, t2
core   0: 3 0x80007104 (0x007aedb3) x27 0xffe00045
core   0: 0x80007108 (0x01a47db3) and     s11, s0, s10
core   0: 3 0x80007108 (0x01a47db3) x27 0x00000000
core   0: 0x8000710c (0x013790b3) sll     ra, a5, s3
core   0: 3 0x8000710c (0x013790b3) x 1 0x00000000
core   0: 0x80007110 (0x00389613) slli    a2, a7, 3
core   0: 3 0x80007110 (0x00389613) x12 0x0003fff8
core   0: 0x80007114 (0x01ba85b3) add     a1, s5, s11
core   0: 3 0x80007114 (0x01ba85b3) x11 0x00000000
core   0: 0x80007118 (0x009e9d33) sll     s10, t4, s1
core   0: 3 0x80007118 (0x009e9d33) x26 0x00000000
core   0: 0x8000711c (0xd62fa893) slti    a7, t6, -670
core   0: 3 0x8000711c (0xd62fa893) x17 0x00000000
core   0: 0x80007120 (0xe2716917) auipc   s2, 0xe2716
core   0: 3 0x80007120 (0xe2716917) x18 0x6271d120
core   0: 0x80007124 (0x2bfd0513) addi    a0, s10, 703
core   0: 3 0x80007124 (0x2bfd0513) x10 0x000002bf
core   0: 0x80007128 (0x77544093) xori    ra, s0, 1909
core   0: 3 0x80007128 (0x77544093) x 1 0x80010911
core   0: 0x8000712c (0xbc19ad93) slti    s11, s3, -1087
core   0: 3 0x8000712c (0xbc19ad93) x27 0x00000000
core   0: 0x80007130 (0x4c77ad13) slti    s10, a5, 1223
core   0: 3 0x80007130 (0x4c77ad13) x26 0x00000001
core   0: 0x80007134 (0x01e5db13) srli    s6, a1, 30
core   0: 3 0x80007134 (0x01e5db13) x22 0x00000000
core   0: 0x80007138 (0x0004c6b3) xor     a3, s1, zero
core   0: 3 0x80007138 (0x0004c6b3) x13 0xff48e53e
core   0: 0x8000713c (0x01299d93) slli    s11, s3, 18
core   0: 3 0x8000713c (0x01299d93) x27 0x00000000
core   0: 0x80007140 (0x71dc7813) andi    a6, s8, 1821
core   0: 3 0x80007140 (0x71dc7813) x16 0x00000001
core   0: 0x80007144 (0x0149a2b3) slt     t0, s3, s4
core   0: 3 0x80007144 (0x0149a2b3) x 5 0x00000001
core   0: 0x80007148 (0x01d16bb3) or      s7, sp, t4
core   0: 3 0x80007148 (0x01d16bb3) x23 0x80000269
core   0: 0x8000714c (0x00bf57b3) srl     a5, t5, a1
core   0: 3 0x8000714c (0x00bf57b3) x15 0x929610cc
core   0: 0x80007150 (0xb61dba93) sltiu   s5, s11, -1183
core   0: 3 0x80007150 (0xb61dba93) x21 0x00000001
core   0: 0x80007154 (0x414d0b33) sub     s6, s10, s4
core   0: 3 0x80007154 (0x414d0b33) x22 0x00000000
core   0: 0x80007158 (0x0094f933) and     s2, s1, s1
core   0: 3 0x80007158 (0x0094f933) x18 0xff48e53e
core   0: 0x8000715c (0x403456b3) sra     a3, s0, gp
core   0: 3 0x8000715c (0x403456b3) x13 0x80010e64
core   0: 0x80007160 (0x00e54333) xor     t1, a0, a4
core   0: 3 0x80007160 (0x00e54333) x 6 0x0161fac7
core   0: 0x80007164 (0x3d8b7393) andi    t2, s6, 984
core   0: 3 0x80007164 (0x3d8b7393) x 7 0x00000000
core   0: 0x80007168 (0xea54af13) slti    t5, s1, -347
core   0: 3 0x80007168 (0xea54af13) x30 0x00000001
core   0: 0x8000716c (0x01219833) sll     a6, gp, s2
core   0: 3 0x8000716c (0x01219833) x16 0x00000000
core   0: 0x80007170 (0x01aef133) and     sp, t4, s10
core   0: 3 0x80007170 (0x01aef133) x 2 0x00000000
core   0: 0x80007174 (0x01c881b3) add     gp, a7, t3
core   0: 3 0x80007174 (0x01c881b3) x 3 0x271720b8
core   0: 0x80007178 (0xff78bd13) sltiu   s10, a7, -9
core   0: 3 0x80007178 (0xff78bd13) x26 0x00000001
core   0: 0x8000717c (0x01e97fb3) and     t6, s2, t5
core   0: 3 0x8000717c (0x01e97fb3) x31 0x00000000
core   0: 0x80007180 (0x47557a13) andi    s4, a0, 1141
core   0: 3 0x80007180 (0x47557a13) x20 0x00000035
core   0: 0x80007184 (0x86ba3113) sltiu   sp, s4, -1941
core   0: 3 0x80007184 (0x86ba3113) x 2 0x00000001
core   0: 0x80007188 (0xffa0b993) sltiu   s3, ra, -6
core   0: 3 0x80007188 (0xffa0b993) x19 0x00000001
core   0: 0x8000718c (0x4149da33) sra     s4, s3, s4
core   0: 3 0x8000718c (0x4149da33) x20 0x00000000
core   0: 0x80007190 (0x0125e117) auipc   sp, 0x125e
core   0: 3 0x80007190 (0x0125e117) x 2 0x81265190
core   0: 0x80007194 (0x01f94ab3) xor     s5, s2, t6
core   0: 3 0x80007194 (0x01f94ab3) x21 0xff48e53e
core   0: 0x80007198 (0x01cb9693) slli    a3, s7, 28
core   0: 3 0x80007198 (0x01cb9693) x13 0x90000000
core   0: 0x8000719c (0x00000013) nop
core   0: 3 0x8000719c (0x00000013)
core   0: 0x800071a0 (0x017e2f33) slt     t5, t3, s7
core   0: 3 0x800071a0 (0x017e2f33) x30 0x00000000
core   0: 0x800071a4 (0x406e88b3) sub     a7, t4, t1
core   0: 3 0x800071a4 (0x406e88b3) x17 0x7e9e0539
core   0: 0x800071a8 (0x4887c213) xori    tp, a5, 1160
core   0: 3 0x800071a8 (0x4887c213) x 4 0x92961444
core   0: 0x800071ac (0x01223fb3) sltu    t6, tp, s2
core   0: 3 0x800071ac (0x01223fb3) x31 0x00000001
core   0: 0x800071b0 (0x411f8c33) sub     s8, t6, a7
core   0: 3 0x800071b0 (0x411f8c33) x24 0x8161fac8
core   0: 0x800071b4 (0xb7b8b393) sltiu   t2, a7, -1157
core   0: 3 0x800071b4 (0xb7b8b393) x 7 0x00000001
core   0: 0x800071b8 (0x86b19017) auipc   zero, 0x86b19
core   0: 3 0x800071b8 (0x86b19017)
core   0: 0x800071bc (0x01d3d4b3) srl     s1, t2, t4
core   0: 3 0x800071bc (0x01d3d4b3) x 9 0x00000001
core   0: 0x800071c0 (0x01ebc0b3) xor     ra, s7, t5
core   0: 3 0x800071c0 (0x01ebc0b3) x 1 0x80000269
core   0: 0x800071c4 (0x00ce4633) xor     a2, t3, a2
core   0: 3 0x800071c4 (0x00ce4633) x12 0x2714df40
core   0: 0x800071c8 (0x01d8a733) slt     a4, a7, t4
core   0: 3 0x800071c8 (0x01d8a733) x14 0x00000000
core   0: 0x800071cc (0x65f27893) andi    a7, tp, 1631
core   0: 3 0x800071cc (0x65f27893) x17 0x00000444
core   0: 0x800071d0 (0x00058933) add     s2, a1, zero
core   0: 3 0x800071d0 (0x00058933) x18 0x00000000
core   0: 0x800071d4 (0x00509513) slli    a0, ra, 5
core   0: 3 0x800071d4 (0x00509513) x10 0x00004d20
core   0: 0x800071d8 (0x44437897) auipc   a7, 0x44437
core   0: 3 0x800071d8 (0x44437897) x17 0xc443e1d8
core   0: 0x800071dc (0x670c8b93) addi    s7, s9, 1648
core   0: 3 0x800071dc (0x670c8b93) x23 0x80015354
core   0: 0x800071e0 (0x006278b3) and     a7, tp, t1
core   0: 3 0x800071e0 (0x006278b3) x17 0x00001044
core   0: 0x800071e4 (0x4ed62913) slti    s2, a2, 1261
core   0: 3 0x800071e4 (0x4ed62913) x18 0x00000000
core   0: 0x800071e8 (0xff910b93) addi    s7, sp, -7
core   0: 3 0x800071e8 (0xff910b93) x23 0x81265189
core   0: 0x800071ec (0x40af53b3) sra     t2, t5, a0
core   0: 3 0x800071ec (0x40af53b3) x 7 0x00000000
core   0: 0x800071f0 (0x00000013) nop
core   0: 3 0x800071f0 (0x00000013)
core   0: 0x800071f4 (0x001373b3) and     t2, t1, ra
core   0: 3 0x800071f4 (0x001373b3) x 7 0x00000241
core   0: 0x800071f8 (0x0149ddb3) srl     s11, s3, s4
core   0: 3 0x800071f8 (0x0149ddb3) x27 0x00000001
core   0: 0x800071fc (0x01c6c133) xor     sp, a3, t3
core   0: 3 0x800071fc (0x01c6c133) x 2 0xb71720b8
core   0: 0x80007200 (0x01c356b3) srl     a3, t1, t3
core   0: 3 0x80007200 (0x01c356b3) x13 0x00000001
core   0: 0x80007204 (0x0020fb33) and     s6, ra, sp
core   0: 3 0x80007204 (0x0020fb33) x22 0x80000028
core   0: 0x80007208 (0x007e20b3) slt     ra, t3, t2
core   0: 3 0x80007208 (0x007e20b3) x 1 0x00000000
core   0: 0x8000720c (0x01c608b3) add     a7, a2, t3
core   0: 3 0x8000720c (0x01c608b3) x17 0x4e2bfff8
core   0: 0x80007210 (0x40c657b3) sra     a5, a2, a2
core   0: 3 0x80007210 (0x40c657b3) x15 0x2714df40
core   0: 0x80007214 (0x68456493) ori     s1, a0, 1668
core   0: 3 0x80007214 (0x68456493) x 9 0x00004fa4
core   0: 0x80007218 (0x0071e1b3) or      gp, gp, t2
core   0: 3 0x80007218 (0x0071e1b3) x 3 0x271722f9
core   0: 0x8000721c (0x41965ab3) sra     s5, a2, s9
core   0: 3 0x8000721c (0x41965ab3) x21 0x02714df4
core   0: 0x80007220 (0x2502bf93) sltiu   t6, t0, 592
core   0: 3 0x80007220 (0x2502bf93) x31 0x00000001
core   0: 0x80007224 (0x0084e9b3) or      s3, s1, s0
core   0: 3 0x80007224 (0x0084e9b3) x19 0x80014fe4
core   0: 0x80007228 (0x00810e33) add     t3, sp, s0
core   0: 3 0x80007228 (0x00810e33) x28 0x37182f1c
core   0: 0x8000722c (0x001dd713) srli    a4, s11, 1
core   0: 3 0x8000722c (0x001dd713) x14 0x00000000
core   0: 0x80007230 (0x00c21613) slli    a2, tp, 12
core   0: 3 0x80007230 (0x00c21613) x12 0x61444000
core   0: 0x80007234 (0x01a494b3) sll     s1, s1, s10
core   0: 3 0x80007234 (0x01a494b3) x 9 0x00009f48
core   0: 0x80007238 (0x0088be33) sltu    t3, a7, s0
core   0: 3 0x80007238 (0x0088be33) x28 0x00000001
core   0: 0x8000723c (0x29eace37) lui     t3, 0x29eac
core   0: 3 0x8000723c (0x29eace37) x28 0x29eac000
core   0: 0x80007240 (0x005f9fb3) sll     t6, t6, t0
core   0: 3 0x80007240 (0x005f9fb3) x31 0x00000002
core   0: 0x80007244 (0x964c95b7) lui     a1, 0x964c9
core   0: 3 0x80007244 (0x964c95b7) x11 0x964c9000
core   0: 0x80007248 (0x01c44f33) xor     t5, s0, t3
core   0: 3 0x80007248 (0x01c44f33) x30 0xa9ebce64
core   0: 0x8000724c (0x32918b17) auipc   s6, 0x32918
core   0: 3 0x8000724c (0x32918b17) x22 0xb291f24c
core   0: 0x80007250 (0x4e322f93) slti    t6, tp, 1251
core   0: 3 0x80007250 (0x4e322f93) x31 0x00000001
core   0: 0x80007254 (0x5d88e093) ori     ra, a7, 1496
core   0: 3 0x80007254 (0x5d88e093) x 1 0x4e2bfff8
core   0: 0x80007258 (0x00000013) nop
core   0: 3 0x80007258 (0x00000013)
core   0: 0x8000725c (0x008d1813) slli    a6, s10, 8
core   0: 3 0x8000725c (0x008d1813) x16 0x00000100
core   0: 0x80007260 (0x4103d533) sra     a0, t2, a6
core   0: 3 0x80007260 (0x4103d533) x10 0x00000241
core   0: 0x80007264 (0x0045c833) xor     a6, a1, tp
core   0: 3 0x80007264 (0x0045c833) x16 0x04da8444
core   0: 0x80007268 (0xc5480e17) auipc   t3, 0xc5480
core   0: 3 0x80007268 (0xc5480e17) x28 0x45487268
core   0: 0x8000726c (0xe2aa2993) slti    s3, s4, -470
core   0: 3 0x8000726c (0xe2aa2993) x19 0x00000000
core   0: 0x80007270 (0x00b3b4b3) sltu    s1, t2, a1
core   0: 3 0x80007270 (0x00b3b4b3) x 9 0x00000001
core   0: 0x80007274 (0x8fe0bd93) sltiu   s11, ra, -1794
core   0: 3 0x80007274 (0x8fe0bd93) x27 0x00000001
core   0: 0x80007278 (0xee8d6997) auipc   s3, 0xee8d6
core   0: 3 0x80007278 (0xee8d6997) x19 0x6e8dd278
core   0: 0x8000727c (0x000ac4b3) xor     s1, s5, zero
core   0: 3 0x8000727c (0x000ac4b3) x 9 0x02714df4
core   0: 0x80007280 (0xdba97e13) andi    t3, s2, -582
core   0: 3 0x80007280 (0xdba97e13) x28 0x00000000
core   0: 0x80007284 (0xc1dfb313) sltiu   t1, t6, -995
core   0: 3 0x80007284 (0xc1dfb313) x 6 0x00000001
core   0: 0x80007288 (0x005fae33) slt     t3, t6, t0
core   0: 3 0x80007288 (0x005fae33) x28 0x00000000
core   0: 0x8000728c (0x0094a0b3) slt     ra, s1, s1
core   0: 3 0x8000728c (0x0094a0b3) x 1 0x00000000
core   0: 0x80007290 (0xf0e33d93) sltiu   s11, t1, -242
core   0: 3 0x80007290 (0xf0e33d93) x27 0x00000001
core   0: 0x80007294 (0xc2c977b7) lui     a5, 0xc2c97
core   0: 3 0x80007294 (0xc2c977b7) x15 0xc2c97000
core   0: 0x80007298 (0x01c9b533) sltu    a0, s3, t3
core   0: 3 0x80007298 (0x01c9b533) x10 0x00000000
core   0: 0x8000729c (0x019a8bb3) add     s7, s5, s9
core   0: 3 0x8000729c (0x019a8bb3) x23 0x82729ad8
core   0: 0x800072a0 (0xf7154213) xori    tp, a0, -143
core   0: 3 0x800072a0 (0xf7154213) x 4 0xffffff71
core   0: 0x800072a4 (0x415a8633) sub     a2, s5, s5
core   0: 3 0x800072a4 (0x415a8633) x12 0x00000000
core   0: 0x800072a8 (0x0033c5b3) xor     a1, t2, gp
core   0: 3 0x800072a8 (0x0033c5b3) x11 0x271720b8
core   0: 0x800072ac (0x41ced933) sra     s2, t4, t3
core   0: 3 0x800072ac (0x41ced933) x18 0x80000000
core   0: 0x800072b0 (0xdfe40193) addi    gp, s0, -514
core   0: 3 0x800072b0 (0xdfe40193) x 3 0x80010c62
core   0: 0x800072b4 (0x00a273b3) and     t2, tp, a0
core   0: 3 0x800072b4 (0x00a273b3) x 7 0x00000000
core   0: 0x800072b8 (0x00e72533) slt     a0, a4, a4
core   0: 3 0x800072b8 (0x00e72533) x10 0x00000000
core   0: 0x800072bc (0x40605fb3) sra     t6, zero, t1
core   0: 3 0x800072bc (0x40605fb3) x31 0x00000000
core   0: 0x800072c0 (0x00025a13) srli    s4, tp, 0
core   0: 3 0x800072c0 (0x00025a13) x20 0xffffff71
core   0: 0x800072c4 (0x013dd293) srli    t0, s11, 19
core   0: 3 0x800072c4 (0x013dd293) x 5 0x00000000
core   0: 0x800072c8 (0x01b9e2b3) or      t0, s3, s11
core   0: 3 0x800072c8 (0x01b9e2b3) x 5 0x6e8dd279
core   0: 0x800072cc (0xa8fb4993) xori    s3, s6, -1393
core   0: 3 0x800072cc (0xa8fb4993) x19 0x4d6e08c3
core   0: 0x800072d0 (0x00000013) nop
core   0: 3 0x800072d0 (0x00000013)
core   0: 0x800072d4 (0x009192b3) sll     t0, gp, s1
core   0: 3 0x800072d4 (0x009192b3) x 5 0xc6200000
core   0: 0x800072d8 (0x41a95b33) sra     s6, s2, s10
core   0: 3 0x800072d8 (0x41a95b33) x22 0xc0000000
core   0: 0x800072dc (0xa110ab93) slti    s7, ra, -1519
core   0: 3 0x800072dc (0xa110ab93) x23 0x00000000
core   0: 0x800072e0 (0x01818fb3) add     t6, gp, s8
core   0: 3 0x800072e0 (0x01818fb3) x31 0x0163072a
core   0: 0x800072e4 (0x00000013) nop
core   0: 3 0x800072e4 (0x00000013)
core   0: 0x800072e8 (0x400ddab3) sra     s5, s11, zero
core   0: 3 0x800072e8 (0x400ddab3) x21 0x00000001
core   0: 0x800072ec (0x01818933) add     s2, gp, s8
core   0: 3 0x800072ec (0x01818933) x18 0x0163072a
core   0: 0x800072f0 (0x01b6cdb3) xor     s11, a3, s11
core   0: 3 0x800072f0 (0x01b6cdb3) x27 0x00000000
core   0: 0x800072f4 (0x01b5f9b3) and     s3, a1, s11
core   0: 3 0x800072f4 (0x01b5f9b3) x19 0x00000000
core   0: 0x800072f8 (0xc1d6d937) lui     s2, 0xc1d6d
core   0: 3 0x800072f8 (0xc1d6d937) x18 0xc1d6d000
core   0: 0x800072fc (0x01211233) sll     tp, sp, s2
core   0: 3 0x800072fc (0x01211233) x 4 0xb71720b8
core   0: 0x80007300 (0x7d8b3017) auipc   zero, 0x7d8b3
core   0: 3 0x80007300 (0x7d8b3017)
core   0: 0x80007304 (0x0002f933) and     s2, t0, zero
core   0: 3 0x80007304 (0x0002f933) x18 0x00000000
core   0: 0x80007308 (0x01c87933) and     s2, a6, t3
core   0: 3 0x80007308 (0x01c87933) x18 0x00000000
core   0: 0x8000730c (0x817dc813) xori    a6, s11, -2025
core   0: 3 0x8000730c (0x817dc813) x16 0xfffff817
core   0: 0x80007310 (0x8d721f17) auipc   t5, 0x8d721
core   0: 3 0x80007310 (0x8d721f17) x30 0x0d728310
core   0: 0x80007314 (0x01e65493) srli    s1, a2, 30
core   0: 3 0x80007314 (0x01e65493) x 9 0x00000000
core   0: 0x80007318 (0x9f572f17) auipc   t5, 0x9f572
core   0: 3 0x80007318 (0x9f572f17) x30 0x1f579318
core   0: 0x8000731c (0x41b70633) sub     a2, a4, s11
core   0: 3 0x8000731c (0x41b70633) x12 0x00000000
core   0: 0x80007320 (0x01437ab3) and     s5, t1, s4
core   0: 3 0x80007320 (0x01437ab3) x21 0x00000001
core   0: 0x80007324 (0xab254613) xori    a2, a0, -1358
core   0: 3 0x80007324 (0xab254613) x12 0xfffffab2
core   0: 0x80007328 (0x9b658793) addi    a5, a1, -1610
core   0: 3 0x80007328 (0x9b658793) x15 0x27171a6e
core   0: 0x8000732c (0xc08fb693) sltiu   a3, t6, -1016
core   0: 3 0x8000732c (0xc08fb693) x13 0x00000001
core   0: 0x80007330 (0x4113d213) srai    tp, t2, 17
core   0: 3 0x80007330 (0x4113d213) x 4 0x00000000
core   0: 0x80007334 (0xb358c093) xori    ra, a7, -1227
core   0: 3 0x80007334 (0xb358c093) x 1 0xb1d404cd
core   0: 0x80007338 (0x013185b3) add     a1, gp, s3
core   0: 3 0x80007338 (0x013185b3) x11 0x80010c62
core   0: 0x8000733c (0x01720333) add     t1, tp, s7
core   0: 3 0x8000733c (0x01720333) x 6 0x00000000
core   0: 0x80007340 (0x276b8b93) addi    s7, s7, 630
core   0: 3 0x80007340 (0x276b8b93) x23 0x00000276
core   0: 0x80007344 (0x4015d133) sra     sp, a1, ra
core   0: 3 0x80007344 (0x4015d133) x 2 0xfffc0008
core   0: 0x80007348 (0x00856633) or      a2, a0, s0
core   0: 3 0x80007348 (0x00856633) x12 0x80010e64
core   0: 0x8000734c (0x41e45ab3) sra     s5, s0, t5
core   0: 3 0x8000734c (0x41e45ab3) x21 0xffffff80
core   0: 0x80007350 (0x006a3833) sltu    a6, s4, t1
core   0: 3 0x80007350 (0x006a3833) x16 0x00000000
core   0: 0x80007354 (0x00aa2233) slt     tp, s4, a0
core   0: 3 0x80007354 (0x00aa2233) x 4 0x00000001
core   0: 0x80007358 (0x4e3df113) andi    sp, s11, 1251
core   0: 3 0x80007358 (0x4e3df113) x 2 0x00000000
core   0: 0x8000735c (0xe2138193) addi    gp, t2, -479
core   0: 3 0x8000735c (0xe2138193) x 3 0xfffffe21
core   0: 0x80007360 (0x01e7d913) srli    s2, a5, 30
core   0: 3 0x80007360 (0x01e7d913) x18 0x00000000
core   0: 0x80007364 (0x01335833) srl     a6, t1, s3
core   0: 3 0x80007364 (0x01335833) x16 0x00000000
core   0: 0x80007368 (0x012d1933) sll     s2, s10, s2
core   0: 3 0x80007368 (0x012d1933) x18 0x00000001
core   0: 0x8000736c (0x00184e33) xor     t3, a6, ra
core   0: 3 0x8000736c (0x00184e33) x28 0xb1d404cd
core   0: 0x80007370 (0x00a86233) or      tp, a6, a0
core   0: 3 0x80007370 (0x00a86233) x 4 0x00000000
core   0: 0x80007374 (0x2113ed37) lui     s10, 0x2113e
core   0: 3 0x80007374 (0x2113ed37) x26 0x2113e000
core   0: 0x80007378 (0xec1b2313) slti    t1, s6, -319
core   0: 3 0x80007378 (0xec1b2313) x 6 0x00000001
core   0: 0x8000737c (0x00162c33) slt     s8, a2, ra
core   0: 3 0x8000737c (0x00162c33) x24 0x00000001
core   0: 0x80007380 (0xb5a2ef17) auipc   t5, 0xb5a2e
core   0: 3 0x80007380 (0xb5a2ef17) x30 0x35a35380
core   0: 0x80007384 (0x41add793) srai    a5, s11, 26
core   0: 3 0x80007384 (0x41add793) x15 0x00000000
core   0: 0x80007388 (0x018e84b3) add     s1, t4, s8
core   0: 3 0x80007388 (0x018e84b3) x 9 0x80000001
core   0: 0x8000738c (0x00e4abb3) slt     s7, s1, a4
core   0: 3 0x8000738c (0x00e4abb3) x23 0x00000001
core   0: 0x80007390 (0x01bcd113) srli    sp, s9, 27
core   0: 3 0x80007390 (0x01bcd113) x 2 0x00000010
core   0: 0x80007394 (0x412f0c33) sub     s8, t5, s2
core   0: 3 0x80007394 (0x412f0c33) x24 0x35a3537f
core   0: 0x80007398 (0x01d8a833) slt     a6, a7, t4
core   0: 3 0x80007398 (0x01d8a833) x16 0x00000000
core   0: 0x8000739c (0x9476ef13) ori     t5, a3, -1721
core   0: 3 0x8000739c (0x9476ef13) x30 0xfffff947
core   0: 0x800073a0 (0x01244233) xor     tp, s0, s2
core   0: 3 0x800073a0 (0x01244233) x 4 0x80010e65
core   0: 0x800073a4 (0xa4b08013) addi    zero, ra, -1461
core   0: 3 0x800073a4 (0xa4b08013)
core   0: 0x800073a8 (0x00b435b3) sltu    a1, s0, a1
core   0: 3 0x800073a8 (0x00b435b3) x11 0x00000000
core   0: 0x800073ac (0x00000013) nop
core   0: 3 0x800073ac (0x00000013)
core   0: 0x800073b0 (0xdda2b837) lui     a6, 0xdda2b
core   0: 3 0x800073b0 (0xdda2b837) x16 0xdda2b000
core   0: 0x800073b4 (0x014db3b3) sltu    t2, s11, s4
core   0: 3 0x800073b4 (0x014db3b3) x 7 0x00000001
core   0: 0x800073b8 (0x7334dbb7) lui     s7, 0x7334d
core   0: 3 0x800073b8 (0x7334dbb7) x23 0x7334d000
core   0: 0x800073bc (0xb8e1e393) ori     t2, gp, -1138
core   0: 3 0x800073bc (0xb8e1e393) x 7 0xffffffaf
core   0: 0x800073c0 (0xce75b793) sltiu   a5, a1, -793
core   0: 3 0x800073c0 (0xce75b793) x15 0x00000001
core   0: 0x800073c4 (0x41345db3) sra     s11, s0, s3
core   0: 3 0x800073c4 (0x41345db3) x27 0x80010e64
core   0: 0x800073c8 (0x51055497) auipc   s1, 0x51055
core   0: 3 0x800073c8 (0x51055497) x 9 0xd105c3c8
core   0: 0x800073cc (0x01529b13) slli    s6, t0, 21
core   0: 3 0x800073cc (0x01529b13) x22 0x00000000
core   0: 0x800073d0 (0x7082a513) slti    a0, t0, 1800
core   0: 3 0x800073d0 (0x7082a513) x10 0x00000001
core   0: 0x800073d4 (0x017e8633) add     a2, t4, s7
core   0: 3 0x800073d4 (0x017e8633) x12 0xf334d000
core   0: 0x800073d8 (0x01d1d993) srli    s3, gp, 29
core   0: 3 0x800073d8 (0x01d1d993) x19 0x00000007
core   0: 0x800073dc (0x01ed9bb3) sll     s7, s11, t5
core   0: 3 0x800073dc (0x01ed9bb3) x23 0x00873200
core   0: 0x800073e0 (0xbd4bc8b7) lui     a7, 0xbd4bc
core   0: 3 0x800073e0 (0xbd4bc8b7) x17 0xbd4bc000
core   0: 0x800073e4 (0x014fdab3) srl     s5, t6, s4
core   0: 3 0x800073e4 (0x014fdab3) x21 0x000000b1
core   0: 0x800073e8 (0x406786b3) sub     a3, a5, t1
core   0: 3 0x800073e8 (0x406786b3) x13 0x00000000
core   0: 0x800073ec (0x4e984213) xori    tp, a6, 1257
core   0: 3 0x800073ec (0x4e984213) x 4 0xdda2b4e9
core   0: 0x800073f0 (0xfef13993) sltiu   s3, sp, -17
core   0: 3 0x800073f0 (0xfef13993) x19 0x00000001
core   0: 0x800073f4 (0x416a5713) srai    a4, s4, 22
core   0: 3 0x800073f4 (0x416a5713) x14 0xffffffff
core   0: 0x800073f8 (0x412206b3) sub     a3, tp, s2
core   0: 3 0x800073f8 (0x412206b3) x13 0xdda2b4e8
core   0: 0x800073fc (0xf7daba97) auipc   s5, 0xf7dab
core   0: 3 0x800073fc (0xf7daba97) x21 0x77db23fc
core   0: 0x80007400 (0x6b097b93) andi    s7, s2, 1712
core   0: 3 0x80007400 (0x6b097b93) x23 0x00000000
core   0: 0x80007404 (0x00d90a33) add     s4, s2, a3
core   0: 3 0x80007404 (0x00d90a33) x20 0xdda2b4e9
core   0: 0x80007408 (0x00fa6fb3) or      t6, s4, a5
core   0: 3 0x80007408 (0x00fa6fb3) x31 0xdda2b4e9
core   0: 0x8000740c (0x01301ab3) sll     s5, zero, s3
core   0: 3 0x8000740c (0x01301ab3) x21 0x00000000
core   0: 0x80007410 (0x77430713) addi    a4, t1, 1908
core   0: 3 0x80007410 (0x77430713) x14 0x00000775
core   0: 0x80007414 (0x416904b3) sub     s1, s2, s6
core   0: 3 0x80007414 (0x416904b3) x 9 0x00000001
core   0: 0x80007418 (0xa110bc13) sltiu   s8, ra, -1519
core   0: 3 0x80007418 (0xa110bc13) x24 0x00000001
core   0: 0x8000741c (0x008b1693) slli    a3, s6, 8
core   0: 3 0x8000741c (0x008b1693) x13 0x00000000
core   0: 0x80007420 (0xdfaebb93) sltiu   s7, t4, -518
core   0: 3 0x80007420 (0xdfaebb93) x23 0x00000001
core   0: 0x80007424 (0x00ed1d93) slli    s11, s10, 14
core   0: 3 0x80007424 (0x00ed1d93) x27 0xf8000000
core   0: 0x80007428 (0xecb94317) auipc   t1, 0xecb94
core   0: 3 0x80007428 (0xecb94317) x 6 0x6cb9b428
core   0: 0x8000742c (0xda92a013) slti    zero, t0, -599
core   0: 3 0x8000742c (0xda92a013)
core   0: 0x80007430 (0x015c75b3) and     a1, s8, s5
core   0: 3 0x80007430 (0x015c75b3) x11 0x00000000
core   0: 0x80007434 (0x41fa5f33) sra     t5, s4, t6
core   0: 3 0x80007434 (0x41fa5f33) x30 0xffeed15a
core   0: 0x80007438 (0x4146db13) srai    s6, a3, 20
core   0: 3 0x80007438 (0x4146db13) x22 0x00000000
core   0: 0x8000743c (0x0123dc13) srli    s8, t2, 18
core   0: 3 0x8000743c (0x0123dc13) x24 0x00003fff
core   0: 0x80007440 (0x3594f997) auipc   s3, 0x3594f
core   0: 3 0x80007440 (0x3594f997) x19 0xb5956440
core   0: 0x80007444 (0x00000013) nop
core   0: 3 0x80007444 (0x00000013)
core   0: 0x80007448 (0x41c155b3) sra     a1, sp, t3
core   0: 3 0x80007448 (0x41c155b3) x11 0x00000000
core   0: 0x8000744c (0x00d3d4b3) srl     s1, t2, a3
core   0: 3 0x8000744c (0x00d3d4b3) x 9 0xffffffaf
core   0: 0x80007450 (0x5540ac13) slti    s8, ra, 1364
core   0: 3 0x80007450 (0x5540ac13) x24 0x00000001
core   0: 0x80007454 (0x40d280b3) sub     ra, t0, a3
core   0: 3 0x80007454 (0x40d280b3) x 1 0xc6200000
core   0: 0x80007458 (0x01be5213) srli    tp, t3, 27
core   0: 3 0x80007458 (0x01be5213) x 4 0x00000016
core   0: 0x8000745c (0x40e40333) sub     t1, s0, a4
core   0: 3 0x8000745c (0x40e40333) x 6 0x800106ef
core   0: 0x80007460 (0x405d8ab3) sub     s5, s11, t0
core   0: 3 0x80007460 (0x405d8ab3) x21 0x31e00000
core   0: 0x80007464 (0x413400b3) sub     ra, s0, s3
core   0: 3 0x80007464 (0x413400b3) x 1 0xca6baa24
core   0: 0x80007468 (0x00e594b3) sll     s1, a1, a4
core   0: 3 0x80007468 (0x00e594b3) x 9 0x00000000
core   0: 0x8000746c (0x00725e13) srli    t3, tp, 7
core   0: 3 0x8000746c (0x00725e13) x28 0x00000000
core   0: 0x80007470 (0x012f8133) add     sp, t6, s2
core   0: 3 0x80007470 (0x012f8133) x 2 0xdda2b4ea
core   0: 0x80007474 (0xc9c3ff93) andi    t6, t2, -868
core   0: 3 0x80007474 (0xc9c3ff93) x31 0xfffffc8c
core   0: 0x80007478 (0x4fe90593) addi    a1, s2, 1278
core   0: 3 0x80007478 (0x4fe90593) x11 0x000004ff
core   0: 0x8000747c (0x00631113) slli    sp, t1, 6
core   0: 3 0x8000747c (0x00631113) x 2 0x0041bbc0
core   0: 0x80007480 (0x00301e33) sll     t3, zero, gp
core   0: 3 0x80007480 (0x00301e33) x28 0x00000000
core   0: 0x80007484 (0x00a78bb3) add     s7, a5, a0
core   0: 3 0x80007484 (0x00a78bb3) x23 0x00000002
core   0: 0x80007488 (0x3d8b7593) andi    a1, s6, 984
core   0: 3 0x80007488 (0x3d8b7593) x11 0x00000000
core   0: 0x8000748c (0x4166d3b3) sra     t2, a3, s6
core   0: 3 0x8000748c (0x4166d3b3) x 7 0x00000000
core   0: 0x80007490 (0xab94bf93) sltiu   t6, s1, -1351
core   0: 3 0x80007490 (0xab94bf93) x31 0x00000001
core   0: 0x80007494 (0x36f2bdb7) lui     s11, 0x36f2b
core   0: 3 0x80007494 (0x36f2bdb7) x27 0x36f2b000
core   0: 0x80007498 (0x0188f7b3) and     a5, a7, s8
core   0: 3 0x80007498 (0x0188f7b3) x15 0x00000000
core   0: 0x8000749c (0x2a22a913) slti    s2, t0, 674
core   0: 3 0x8000749c (0x2a22a913) x18 0x00000001
core   0: 0x800074a0 (0x40a55b13) srai    s6, a0, 10
core   0: 3 0x800074a0 (0x40a55b13) x22 0x00000000
core   0: 0x800074a4 (0x1f23bf93) sltiu   t6, t2, 498
core   0: 3 0x800074a4 (0x1f23bf93) x31 0x00000001
core   0: 0x800074a8 (0x00a39913) slli    s2, t2, 10
core   0: 3 0x800074a8 (0x00a39913) x18 0x00000000
core   0: 0x800074ac (0x010ec733) xor     a4, t4, a6
core   0: 3 0x800074ac (0x010ec733) x14 0x5da2b000
core   0: 0x800074b0 (0x8055b593) sltiu   a1, a1, -2043
core   0: 3 0x800074b0 (0x8055b593) x11 0x00000001
core   0: 0x800074b4 (0x0add4b13) xori    s6, s10, 173
core   0: 3 0x800074b4 (0x0add4b13) x22 0x2113e0ad
core   0: 0x800074b8 (0x0054dc33) srl     s8, s1, t0
core   0: 3 0x800074b8 (0x0054dc33) x24 0x00000000
core   0: 0x800074bc (0x417e0a33) sub     s4, t3, s7
core   0: 3 0x800074bc (0x417e0a33) x20 0xfffffffe
core   0: 0x800074c0 (0x017d9233) sll     tp, s11, s7
core   0: 3 0x800074c0 (0x017d9233) x 4 0xdbcac000
core   0: 0x800074c4 (0x40c885b3) sub     a1, a7, a2
core   0: 3 0x800074c4 (0x40c885b3) x11 0xca16f000
core   0: 0x800074c8 (0x01509893) slli    a7, ra, 21
core   0: 3 0x800074c8 (0x01509893) x17 0x44800000
core   0: 0x800074cc (0x01356ab3) or      s5, a0, s3
core   0: 3 0x800074cc (0x01356ab3) x21 0xb5956441
core   0: 0x800074d0 (0xce242293) slti    t0, s0, -798
core   0: 3 0x800074d0 (0xce242293) x 5 0x00000001
core   0: 0x800074d4 (0x012cd633) srl     a2, s9, s2
core   0: 3 0x800074d4 (0x012cd633) x12 0x80014ce4
core   0: 0x800074d8 (0xf562c593) xori    a1, t0, -170
core   0: 3 0x800074d8 (0xf562c593) x11 0xffffff57
core   0: 0x800074dc (0x01266f33) or      t5, a2, s2
core   0: 3 0x800074dc (0x01266f33) x30 0x80014ce4
core   0: 0x800074e0 (0x00f08833) add     a6, ra, a5
core   0: 3 0x800074e0 (0x00f08833) x16 0xca6baa24
core   0: 0x800074e4 (0xfe496e13) ori     t3, s2, -28
core   0: 3 0x800074e4 (0xfe496e13) x28 0xffffffe4
core   0: 0x800074e8 (0xfd53fb13) andi    s6, t2, -43
core   0: 3 0x800074e8 (0xfd53fb13) x22 0x00000000
core   0: 0x800074ec (0x019526b7) lui     a3, 0x1952
core   0: 3 0x800074ec (0x019526b7) x13 0x01952000
core   0: 0x800074f0 (0x40365033) sra     zero, a2, gp
core   0: 3 0x800074f0 (0x40365033)
core   0: 0x800074f4 (0x001094b3) sll     s1, ra, ra
core   0: 3 0x800074f4 (0x001094b3) x 9 0xa6baa240
core   0: 0x800074f8 (0xcaebc113) xori    sp, s7, -850
core   0: 3 0x800074f8 (0xcaebc113) x 2 0xfffffcac
core   0: 0x800074fc (0x4011da13) srai    s4, gp, 1
core   0: 3 0x800074fc (0x4011da13) x20 0xffffff10
core   0: 0x80007500 (0x00000013) nop
core   0: 3 0x80007500 (0x00000013)
core   0: 0x80007504 (0x00ac2fb3) slt     t6, s8, a0
core   0: 3 0x80007504 (0x00ac2fb3) x31 0x00000001
core   0: 0x80007508 (0x00aad913) srli    s2, s5, 10
core   0: 3 0x80007508 (0x00aad913) x18 0x002d6559
core   0: 0x8000750c (0x17557393) andi    t2, a0, 373
core   0: 3 0x8000750c (0x17557393) x 7 0x00000001
core   0: 0x80007510 (0x018252b3) srl     t0, tp, s8
core   0: 3 0x80007510 (0x018252b3) x 5 0xdbcac000
core   0: 0x80007514 (0x01918633) add     a2, gp, s9
core   0: 3 0x80007514 (0x01918633) x12 0x80014b05
core   0: 0x80007518 (0x41e05db3) sra     s11, zero, t5
core   0: 3 0x80007518 (0x41e05db3) x27 0x00000000
core   0: 0x8000751c (0x4126d193) srai    gp, a3, 18
core   0: 3 0x8000751c (0x4126d193) x 3 0x00000065
core   0: 0x80007520 (0x013c4db3) xor     s11, s8, s3
core   0: 3 0x80007520 (0x013c4db3) x27 0xb5956440
core   0: 0x80007524 (0x0099d793) srli    a5, s3, 9
core   0: 3 0x80007524 (0x0099d793) x15 0x005acab2
core   0: 0x80007528 (0x004e2fb3) slt     t6, t3, tp
core   0: 3 0x80007528 (0x004e2fb3) x31 0x00000000
core   0: 0x8000752c (0x012318b3) sll     a7, t1, s2
core   0: 3 0x8000752c (0x012318b3) x17 0xde000000
core   0: 0x80007530 (0xbb09f693) andi    a3, s3, -1104
core   0: 3 0x80007530 (0xbb09f693) x13 0xb5956000
core   0: 0x80007534 (0xec23ab93) slti    s7, t2, -318
core   0: 3 0x80007534 (0xec23ab93) x23 0x00000000
core   0: 0x80007538 (0x0040c5b3) xor     a1, ra, tp
core   0: 3 0x80007538 (0x0040c5b3) x11 0x11a16a24
core   0: 0x8000753c (0xe364b893) sltiu   a7, s1, -458
core   0: 3 0x8000753c (0xe364b893) x17 0x00000001
core   0: 0x80007540 (0x67d4a313) slti    t1, s1, 1661
core   0: 3 0x80007540 (0x67d4a313) x 6 0x00000001
core   0: 0x80007544 (0x002fce33) xor     t3, t6, sp
core   0: 3 0x80007544 (0x002fce33) x28 0xfffffcac
core   0: 0x80007548 (0xbac3dd37) lui     s10, 0xbac3d
core   0: 3 0x80007548 (0xbac3dd37) x26 0xbac3d000
core   0: 0x8000754c (0x3781ae37) lui     t3, 0x3781a
core   0: 3 0x8000754c (0x3781ae37) x28 0x3781a000
core   0: 0x80007550 (0x019960b3) or      ra, s2, s9
core   0: 3 0x80007550 (0x019960b3) x 1 0x802d6dfd
core   0: 0x80007554 (0x00e32633) slt     a2, t1, a4
core   0: 3 0x80007554 (0x00e32633) x12 0x00000001
core   0: 0x80007558 (0x9ce94f13) xori    t5, s2, -1586
core   0: 3 0x80007558 (0x9ce94f13) x30 0xffd29c97
core   0: 0x8000755c (0x018593b3) sll     t2, a1, s8
core   0: 3 0x8000755c (0x018593b3) x 7 0x11a16a24
core   0: 0x80007560 (0x06840b93) addi    s7, s0, 104
core   0: 3 0x80007560 (0x06840b93) x23 0x80010ecc
core   0: 0x80007564 (0x00d042b3) xor     t0, zero, a3
core   0: 3 0x80007564 (0x00d042b3) x 5 0xb5956000
core   0: 0x80007568 (0x9e53b693) sltiu   a3, t2, -1563
core   0: 3 0x80007568 (0x9e53b693) x13 0x00000001
core   0: 0x8000756c (0x00ab6933) or      s2, s6, a0
core   0: 3 0x8000756c (0x00ab6933) x18 0x00000001
core   0: 0x80007570 (0x29303893) sltiu   a7, zero, 659
core   0: 3 0x80007570 (0x29303893) x17 0x00000001
core   0: 0x80007574 (0x00936a33) or      s4, t1, s1
core   0: 3 0x80007574 (0x00936a33) x20 0xa6baa241
core   0: 0x80007578 (0x0144c9b3) xor     s3, s1, s4
core   0: 3 0x80007578 (0x0144c9b3) x19 0x00000001
core   0: 0x8000757c (0x012c9033) sll     zero, s9, s2
core   0: 3 0x8000757c (0x012c9033)
core   0: 0x80007580 (0x3bc6ba97) auipc   s5, 0x3bc6b
core   0: 3 0x80007580 (0x3bc6ba97) x21 0xbbc72580
core   0: 0x80007584 (0x006f4033) xor     zero, t5, t1
core   0: 3 0x80007584 (0x006f4033)
core   0: 0x80007588 (0x0031ed33) or      s10, gp, gp
core   0: 3 0x80007588 (0x0031ed33) x26 0x00000065
core   0: 0x8000758c (0x11c4f113) andi    sp, s1, 284
core   0: 3 0x8000758c (0x11c4f113) x 2 0x00000000
core   0: 0x80007590 (0x01781093) slli    ra, a6, 23
core   0: 3 0x80007590 (0x01781093) x 1 0x12000000
core   0: 0x80007594 (0x01f5c8b3) xor     a7, a1, t6
core   0: 3 0x80007594 (0x01f5c8b3) x17 0x11a16a24
core   0: 0x80007598 (0x405e5933) sra     s2, t3, t0
core   0: 3 0x80007598 (0x405e5933) x18 0x3781a000
core   0: 0x8000759c (0x007a4033) xor     zero, s4, t2
core   0: 3 0x8000759c (0x007a4033)
core   0: 0x800075a0 (0x00fbd633) srl     a2, s7, a5
core   0: 3 0x800075a0 (0x00fbd633) x12 0x00002000
core   0: 0x800075a4 (0x01b91a33) sll     s4, s2, s11
core   0: 3 0x800075a4 (0x01b91a33) x20 0x3781a000
core   0: 0x800075a8 (0x408f8233) sub     tp, t6, s0
core   0: 3 0x800075a8 (0x408f8233) x 4 0x7ffef19c
core   0: 0x800075ac (0x019484b3) add     s1, s1, s9
core   0: 3 0x800075ac (0x019484b3) x 9 0x26bbef24
core   0: 0x800075b0 (0xdf56e493) ori     s1, a3, -523
core   0: 3 0x800075b0 (0xdf56e493) x 9 0xfffffdf5
core   0: 0x800075b4 (0x272d7c13) andi    s8, s10, 626
core   0: 3 0x800075b4 (0x272d7c13) x24 0x00000060
core   0: 0x800075b8 (0x4ea90693) addi    a3, s2, 1258
core   0: 3 0x800075b8 (0x4ea90693) x13 0x3781a4ea
core   0: 0x800075bc (0x014bfc33) and     s8, s7, s4
core   0: 3 0x800075bc (0x014bfc33) x24 0x00010000
core   0: 0x800075c0 (0x00000013) nop
core   0: 3 0x800075c0 (0x00000013)
core   0: 0x800075c4 (0x0b547093) andi    ra, s0, 181
core   0: 3 0x800075c4 (0x0b547093) x 1 0x00000024
core   0: 0x800075c8 (0x0041c333) xor     t1, gp, tp
core   0: 3 0x800075c8 (0x0041c333) x 6 0x7ffef1f9
core   0: 0x800075cc (0x007cd8b3) srl     a7, s9, t2
core   0: 3 0x800075cc (0x007cd8b3) x17 0x080014ce
core   0: 0x800075d0 (0x7bede493) ori     s1, s11, 1982
core   0: 3 0x800075d0 (0x7bede493) x 9 0xb59567fe
core   0: 0x800075d4 (0x40968133) sub     sp, a3, s1
core   0: 3 0x800075d4 (0x40968133) x 2 0x81ec3cec
core   0: 0x800075d8 (0x01f80db3) add     s11, a6, t6
core   0: 3 0x800075d8 (0x01f80db3) x27 0xca6baa24
core   0: 0x800075dc (0x01432a33) slt     s4, t1, s4
core   0: 3 0x800075dc (0x01432a33) x20 0x00000000
core   0: 0x800075e0 (0x01937333) and     t1, t1, s9
core   0: 3 0x800075e0 (0x01937333) x 6 0x000040e0
core   0: 0x800075e4 (0x000ba617) auipc   a2, 0xba
core   0: 3 0x800075e4 (0x000ba617) x12 0x800c15e4
core   0: 0x800075e8 (0xb807fa37) lui     s4, 0xb807f
core   0: 3 0x800075e8 (0xb807fa37) x20 0xb807f000
core   0: 0x800075ec (0x5aabba93) sltiu   s5, s7, 1450
core   0: 3 0x800075ec (0x5aabba93) x21 0x00000000
core   0: 0x800075f0 (0x424b4193) xori    gp, s6, 1060
core   0: 3 0x800075f0 (0x424b4193) x 3 0x00000424
core   0: 0x800075f4 (0x00f65db3) srl     s11, a2, a5
core   0: 3 0x800075f4 (0x00f65db3) x27 0x00002003
core   0: 0x800075f8 (0x012c90b3) sll     ra, s9, s2
core   0: 3 0x800075f8 (0x012c90b3) x 1 0x80014ce4
core   0: 0x800075fc (0x4087db13) srai    s6, a5, 8
core   0: 3 0x800075fc (0x4087db13) x22 0x00005aca
core   0: 0x80007600 (0x00e0d393) srli    t2, ra, 14
core   0: 3 0x80007600 (0x00e0d393) x 7 0x00020005
core   0: 0x80007604 (0x00000013) nop
core   0: 3 0x80007604 (0x00000013)
core   0: 0x80007608 (0x895a6193) ori     gp, s4, -1899
core   0: 3 0x80007608 (0x895a6193) x 3 0xfffff895
core   0: 0x8000760c (0x01dc9633) sll     a2, s9, t4
core   0: 3 0x8000760c (0x01dc9633) x12 0x80014ce4
core   0: 0x80007610 (0xbea0ef37) lui     t5, 0xbea0e
core   0: 3 0x80007610 (0xbea0ef37) x30 0xbea0e000
core   0: 0x80007614 (0x00b3d1b3) srl     gp, t2, a1
core   0: 3 0x80007614 (0x00b3d1b3) x 3 0x00002000
core   0: 0x80007618 (0x3f72b313) sltiu   t1, t0, 1015
core   0: 3 0x80007618 (0x3f72b313) x 6 0x00000000
core   0: 0x8000761c (0x9e9f6513) ori     a0, t5, -1559
core   0: 3 0x8000761c (0x9e9f6513) x10 0xfffff9e9
core   0: 0x80007620 (0xb1efe893) ori     a7, t6, -1250
core   0: 3 0x80007620 (0xb1efe893) x17 0xfffffb1e
core   0: 0x80007624 (0xd8ae6397) auipc   t2, 0xd8ae6
core   0: 3 0x80007624 (0xd8ae6397) x 7 0x58aed624
core   0: 0x80007628 (0x00000013) nop
core   0: 3 0x80007628 (0x00000013)
core   0: 0x8000762c (0xbbd72993) slti    s3, a4, -1091
core   0: 3 0x8000762c (0xbbd72993) x19 0x00000000
core   0: 0x80007630 (0x0117b633) sltu    a2, a5, a7
core   0: 3 0x80007630 (0x0117b633) x12 0x00000001
core   0: 0x80007634 (0xde3ce493) ori     s1, s9, -541
core   0: 3 0x80007634 (0xde3ce493) x 9 0xfffffde7
core   0: 0x80007638 (0x01e178b3) and     a7, sp, t5
core   0: 3 0x80007638 (0x01e178b3) x17 0x80a02000
core   0: 0x8000763c (0x418cd093) srai    ra, s9, 24
core   0: 3 0x8000763c (0x418cd093) x 1 0xffffff80
core   0: 0x80007640 (0x0a790c13) addi    s8, s2, 167
core   0: 3 0x80007640 (0x0a790c13) x24 0x3781a0a7
core   0: 0x80007644 (0x00d29493) slli    s1, t0, 13
core   0: 3 0x80007644 (0x00d29493) x 9 0xac000000
core   0: 0x80007648 (0x017ef933) and     s2, t4, s7
core   0: 3 0x80007648 (0x017ef933) x18 0x80000000
core   0: 0x8000764c (0x002f09b3) add     s3, t5, sp
core   0: 3 0x8000764c (0x002f09b3) x19 0x408d1cec
core   0: 0x80007650 (0x0c5be693) ori     a3, s7, 197
core   0: 3 0x80007650 (0x0c5be693) x13 0x80010ecd
core   0: 0x80007654 (0x0105e533) or      a0, a1, a6
core   0: 3 0x80007654 (0x0105e533) x10 0xdbebea24
core   0: 0x80007658 (0xb92feb93) ori     s7, t6, -1134
core   0: 3 0x80007658 (0xb92feb93) x23 0xfffffb92
core   0: 0x8000765c (0x41f75e13) srai    t3, a4, 31
core   0: 3 0x8000765c (0x41f75e13) x28 0x00000000
core   0: 0x80007660 (0x00000013) nop
core   0: 3 0x80007660 (0x00000013)
core   0: 0x80007664 (0x015d6db3) or      s11, s10, s5
core   0: 3 0x80007664 (0x015d6db3) x27 0x00000065
core   0: 0x80007668 (0x01f64bb3) xor     s7, a2, t6
core   0: 3 0x80007668 (0x01f64bb3) x23 0x00000001
core   0: 0x8000766c (0x01d30033) add     zero, t1, t4
core   0: 3 0x8000766c (0x01d30033)
core   0: 0x80007670 (0x001c37b3) sltu    a5, s8, ra
core   0: 3 0x80007670 (0x001c37b3) x15 0x00000001
core   0: 0x80007674 (0x00b61db3) sll     s11, a2, a1
core   0: 3 0x80007674 (0x00b61db3) x27 0x00000010
core   0: 0x80007678 (0x01d491b3) sll     gp, s1, t4
core   0: 3 0x80007678 (0x01d491b3) x 3 0xac000000
core   0: 0x8000767c (0x63a62c17) auipc   s8, 0x63a62
core   0: 3 0x8000767c (0x63a62c17) x24 0xe3a6967c
core   0: 0x80007680 (0xd364bf13) sltiu   t5, s1, -714
core   0: 3 0x80007680 (0xd364bf13) x30 0x00000001
core   0: 0x80007684 (0x40775133) sra     sp, a4, t2
core   0: 3 0x80007684 (0x40775133) x 2 0x05da2b00
core   0: 0x80007688 (0x01248fb3) add     t6, s1, s2
core   0: 3 0x80007688 (0x01248fb3) x31 0x2c000000
core   0: 0x8000768c (0x017a4c33) xor     s8, s4, s7
core   0: 3 0x8000768c (0x017a4c33) x24 0xb807f001
core   0: 0x80007690 (0x00a2bb33) sltu    s6, t0, a0
core   0: 3 0x80007690 (0x00a2bb33) x22 0x00000001
core   0: 0x80007694 (0x7aebff37) lui     t5, 0x7aebf
core   0: 3 0x80007694 (0x7aebff37) x30 0x7aebf000
core   0: 0x80007698 (0x64f9fb93) andi    s7, s3, 1615
core   0: 3 0x80007698 (0x64f9fb93) x23 0x0000044c
core   0: 0x8000769c (0x00000013) nop
core   0: 3 0x8000769c (0x00000013)
core   0: 0x800076a0 (0x00ee1c33) sll     s8, t3, a4
core   0: 3 0x800076a0 (0x00ee1c33) x24 0x00000000
core   0: 0x800076a4 (0xe315bf17) auipc   t5, 0xe315b
core   0: 3 0x800076a4 (0xe315bf17) x30 0x631626a4
core   0: 0x800076a8 (0x00000013) nop
core   0: 3 0x800076a8 (0x00000013)
core   0: 0x800076ac (0x01189d93) slli    s11, a7, 17
core   0: 3 0x800076ac (0x01189d93) x27 0x40000000
core   0: 0x800076b0 (0x45506913) ori     s2, zero, 1109
core   0: 3 0x800076b0 (0x45506913) x18 0x00000455
core   0: 0x800076b4 (0x003923b3) slt     t2, s2, gp
core   0: 3 0x800076b4 (0x003923b3) x 7 0x00000000
core   0: 0x800076b8 (0x00709333) sll     t1, ra, t2
core   0: 3 0x800076b8 (0x00709333) x 6 0xffffff80
core   0: 0x800076bc (0x006d90b3) sll     ra, s11, t1
core   0: 3 0x800076bc (0x006d90b3) x 1 0x40000000
core   0: 0x800076c0 (0x0c354d97) auipc   s11, 0xc354
core   0: 3 0x800076c0 (0x0c354d97) x27 0x8c35b6c0
core   0: 0x800076c4 (0x9b738193) addi    gp, t2, -1609
core   0: 3 0x800076c4 (0x9b738193) x 3 0xfffff9b7
core   0: 0x800076c8 (0x008b92b3) sll     t0, s7, s0
core   0: 3 0x800076c8 (0x008b92b3) x 5 0x000044c0
core   0: 0x800076cc (0x108ae513) ori     a0, s5, 264
core   0: 3 0x800076cc (0x108ae513) x10 0x00000108
core   0: 0x800076d0 (0x00e95113) srli    sp, s2, 14
core   0: 3 0x800076d0 (0x00e95113) x 2 0x00000000
core   0: 0x800076d4 (0x0069df93) srli    t6, s3, 6
core   0: 3 0x800076d4 (0x0069df93) x31 0x01023473
core   0: 0x800076d8 (0x00a5bdb3) sltu    s11, a1, a0
core   0: 3 0x800076d8 (0x00a5bdb3) x27 0x00000000
core   0: 0x800076dc (0x0119cf33) xor     t5, s3, a7
core   0: 3 0x800076dc (0x0119cf33) x30 0xc02d3cec
core   0: 0x800076e0 (0x0129a733) slt     a4, s3, s2
core   0: 3 0x800076e0 (0x0129a733) x14 0x00000000
core   0: 0x800076e4 (0xab626713) ori     a4, tp, -1354
core   0: 3 0x800076e4 (0xab626713) x14 0xfffffbbe
core   0: 0x800076e8 (0x4bc64b13) xori    s6, a2, 1212
core   0: 3 0x800076e8 (0x4bc64b13) x22 0x000004bd
core   0: 0x800076ec (0x52f3d717) auipc   a4, 0x52f3d
core   0: 3 0x800076ec (0x52f3d717) x14 0xd2f446ec
core   0: 0x800076f0 (0x419c00b3) sub     ra, s8, s9
core   0: 3 0x800076f0 (0x419c00b3) x 1 0x7ffeb31c
core   0: 0x800076f4 (0x00195813) srli    a6, s2, 1
core   0: 3 0x800076f4 (0x00195813) x16 0x0000022a
core   0: 0x800076f8 (0x2faec393) xori    t2, t4, 762
core   0: 3 0x800076f8 (0x2faec393) x 7 0x800002fa
core   0: 0x800076fc (0xcecaff93) andi    t6, s5, -788
core   0: 3 0x800076fc (0xcecaff93) x31 0x00000000
core   0: 0x80007700 (0x01e39093) slli    ra, t2, 30
core   0: 3 0x80007700 (0x01e39093) x 1 0x80000000
core   0: 0x80007704 (0x01952533) slt     a0, a0, s9
core   0: 3 0x80007704 (0x01952533) x10 0x00000000
core   0: 0x80007708 (0x01705213) srli    tp, zero, 23
core   0: 3 0x80007708 (0x01705213) x 4 0x00000000
core   0: 0x8000770c (0xfb974193) xori    gp, a4, -71
core   0: 3 0x8000770c (0xfb974193) x 3 0x2d0bb955
core   0: 0x80007710 (0x40c6d893) srai    a7, a3, 12
core   0: 3 0x80007710 (0x40c6d893) x17 0xfff80010
core   0: 0x80007714 (0x019067b3) or      a5, zero, s9
core   0: 3 0x80007714 (0x019067b3) x15 0x80014ce4
core   0: 0x80007718 (0x00389ab3) sll     s5, a7, gp
core   0: 3 0x80007718 (0x00389ab3) x21 0x02000000
core   0: 0x8000771c (0x410edfb3) sra     t6, t4, a6
core   0: 3 0x8000771c (0x410edfb3) x31 0xffe00000
core   0: 0x80007720 (0xb17ac813) xori    a6, s5, -1257
core   0: 3 0x80007720 (0xb17ac813) x16 0xfdfffb17
core   0: 0x80007724 (0x89228493) addi    s1, t0, -1902
core   0: 3 0x80007724 (0x89228493) x 9 0x00003d52
core   0: 0x80007728 (0xddb5e717) auipc   a4, 0xddb5e
core   0: 3 0x80007728 (0xddb5e717) x14 0x5db65728
core   0: 0x8000772c (0x86657293) andi    t0, a0, -1946
core   0: 3 0x8000772c (0x86657293) x 5 0x00000000
core   0: 0x80007730 (0x21362693) slti    a3, a2, 531
core   0: 3 0x80007730 (0x21362693) x13 0x00000001
core   0: 0x80007734 (0x015340b3) xor     ra, t1, s5
core   0: 3 0x80007734 (0x015340b3) x 1 0xfdffff80
core   0: 0x80007738 (0x198d4e13) xori    t3, s10, 408
core   0: 3 0x80007738 (0x198d4e13) x28 0x000001fd
core   0: 0x8000773c (0x00beea33) or      s4, t4, a1
core   0: 3 0x8000773c (0x00beea33) x20 0x91a16a24
core   0: 0x80007740 (0x40c55833) sra     a6, a0, a2
core   0: 3 0x80007740 (0x40c55833) x16 0x00000000
core   0: 0x80007744 (0x00000013) nop
core   0: 3 0x80007744 (0x00000013)
core   0: 0x80007748 (0xf358fd17) auipc   s10, 0xf358f
core   0: 3 0x80007748 (0xf358fd17) x26 0x73596748
core   0: 0x8000774c (0x004adb93) srli    s7, s5, 4
core   0: 3 0x8000774c (0x004adb93) x23 0x00200000
core   0: 0x80007750 (0x682eddb7) lui     s11, 0x682ed
core   0: 3 0x80007750 (0x682eddb7) x27 0x682ed000
core   0: 0x80007754 (0x0086dd93) srli    s11, a3, 8
core   0: 3 0x80007754 (0x0086dd93) x27 0x00000000
core   0: 0x80007758 (0x00730133) add     sp, t1, t2
core   0: 3 0x80007758 (0x00730133) x 2 0x8000027a
core   0: 0x8000775c (0xa23e7313) andi    t1, t3, -1501
core   0: 3 0x8000775c (0xa23e7313) x 6 0x00000021
core   0: 0x80007760 (0x41f08133) sub     sp, ra, t6
core   0: 3 0x80007760 (0x41f08133) x 2 0xfe1fff80
core   0: 0x80007764 (0x407fdab3) sra     s5, t6, t2
core   0: 3 0x80007764 (0x407fdab3) x21 0xffffffff
core   0: 0x80007768 (0xdc903b37) lui     s6, 0xdc903
core   0: 3 0x80007768 (0xdc903b37) x22 0xdc903000
core   0: 0x8000776c (0x23cb0b13) addi    s6, s6, 572
core   0: 3 0x8000776c (0x23cb0b13) x22 0xdc90323c
core   0: 0x80007770 (0x80000937) lui     s2, 0x80000
core   0: 3 0x80007770 (0x80000937) x18 0x80000000
core   0: 0x80007774 (0x800006b7) lui     a3, 0x80000
core   0: 3 0x80007774 (0x800006b7) x13 0x80000000
core   0: 0x80007778 (0xfa0e0337) lui     t1, 0xfa0e0
core   0: 3 0x80007778 (0xfa0e0337) x 6 0xfa0e0000
core   0: 0x8000777c (0x8bf30313) addi    t1, t1, -1857
core   0: 3 0x8000777c (0x8bf30313) x 6 0xfa0df8bf
core   0: 0x80007780 (0x80000537) lui     a0, 0x80000
core   0: 3 0x80007780 (0x80000537) x10 0x80000000
core   0: 0x80007784 (0xfff00d13) li      s10, -1
core   0: 3 0x80007784 (0xfff00d13) x26 0xffffffff
core   0: 0x80007788 (0x00000813) li      a6, 0
core   0: 3 0x80007788 (0x00000813) x16 0x00000000
core   0: 0x8000778c (0x80000a37) lui     s4, 0x80000
core   0: 3 0x8000778c (0x80000a37) x20 0x80000000
core   0: 0x80007790 (0x00000f13) li      t5, 0
core   0: 3 0x80007790 (0x00000f13) x30 0x00000000
core   0: 0x80007794 (0x00000f93) li      t6, 0
core   0: 3 0x80007794 (0x00000f93) x31 0x00000000
core   0: 0x80007798 (0x41690333) sub     t1, s2, s6
core   0: 3 0x80007798 (0x41690333) x 6 0xa36fcdc4
core   0: 0x8000779c (0x733e8697) auipc   a3, 0x733e8
core   0: 3 0x8000779c (0x733e8697) x13 0xf33ef79c
core   0: 0x800077a0 (0xe19b1fb7) lui     t6, 0xe19b1
core   0: 3 0x800077a0 (0xe19b1fb7) x31 0xe19b1000
core   0: 0x800077a4 (0x41f50a33) sub     s4, a0, t6
core   0: 3 0x800077a4 (0x41f50a33) x20 0x9e64f000
core   0: 0x800077a8 (0x00000013) nop
core   0: 3 0x800077a8 (0x00000013)
core   0: 0x800077ac (0x01050533) add     a0, a0, a6
core   0: 3 0x800077ac (0x01050533) x10 0x80000000
core   0: 0x800077b0 (0x016686b3) add     a3, a3, s6
core   0: 3 0x800077b0 (0x016686b3) x13 0xcfcf29d8
core   0: 0x800077b4 (0x8eed4537) lui     a0, 0x8eed4
core   0: 3 0x800077b4 (0x8eed4537) x10 0x8eed4000
core   0: 0x800077b8 (0x41fb0fb3) sub     t6, s6, t6
core   0: 3 0x800077b8 (0x41fb0fb3) x31 0xfaf5223c
core   0: 0x800077bc (0x00000013) nop
core   0: 3 0x800077bc (0x00000013)
core   0: 0x800077c0 (0x659f5f17) auipc   t5, 0x659f5
core   0: 3 0x800077c0 (0x659f5f17) x30 0xe59fc7c0
core   0: 0x800077c4 (0x1f4b0913) addi    s2, s6, 500
core   0: 3 0x800077c4 (0x1f4b0913) x18 0xdc903430
core   0: 0x800077c8 (0x6b368693) addi    a3, a3, 1715
core   0: 3 0x800077c8 (0x6b368693) x13 0xcfcf308b
core   0: 0x800077cc (0xa7d50693) addi    a3, a0, -1411
core   0: 3 0x800077cc (0xa7d50693) x13 0x8eed3a7d
core   0: 0x800077d0 (0x0376b817) auipc   a6, 0x376b
core   0: 3 0x800077d0 (0x0376b817) x16 0x837727d0
core   0: 0x800077d4 (0x00000013) nop
core   0: 3 0x800077d4 (0x00000013)
core   0: 0x800077d8 (0x41030d33) sub     s10, t1, a6
core   0: 3 0x800077d8 (0x41030d33) x26 0x1ff8a5f4
core   0: 0x800077dc (0x00000013) nop
core   0: 3 0x800077dc (0x00000013)
core   0: 0x800077e0 (0x00000013) nop
core   0: 3 0x800077e0 (0x00000013)
core   0: 0x800077e4 (0xc030d517) auipc   a0, 0xc030d
core   0: 3 0x800077e4 (0xc030d517) x10 0x403147e4
core   0: 0x800077e8 (0x40a80b33) sub     s6, a6, a0
core   0: 3 0x800077e8 (0x40a80b33) x22 0x4345dfec
core   0: 0x800077ec (0x00000013) nop
core   0: 3 0x800077ec (0x00000013)
core   0: 0x800077f0 (0x7c71a6b7) lui     a3, 0x7c71a
core   0: 3 0x800077f0 (0x7c71a6b7) x13 0x7c71a000
core   0: 0x800077f4 (0x202f0b13) addi    s6, t5, 514
core   0: 3 0x800077f4 (0x202f0b13) x22 0xe59fc9c2
core   0: 0x800077f8 (0x9b47aa37) lui     s4, 0x9b47a
core   0: 3 0x800077f8 (0x9b47aa37) x20 0x9b47a000
core   0: 0x800077fc (0x54940317) auipc   t1, 0x54940
core   0: 3 0x800077fc (0x54940317) x 6 0xd49477fc
core   0: 0x80007800 (0x00a80533) add     a0, a6, a0
core   0: 3 0x80007800 (0x00a80533) x10 0xc3a86fb4
core   0: 0x80007804 (0x3a2ef837) lui     a6, 0x3a2ef
core   0: 3 0x80007804 (0x3a2ef837) x16 0x3a2ef000
core   0: 0x80007808 (0x19193b37) lui     s6, 0x19193
core   0: 3 0x80007808 (0x19193b37) x22 0x19193000
core   0: 0x8000780c (0x017e6e33) or      t3, t3, s7
core   0: 3 0x8000780c (0x017e6e33) x28 0x002001fd
core   0: 0x80007810 (0x9f937d13) andi    s10, t1, -1543
core   0: 3 0x80007810 (0x9f937d13) x26 0xd49471f8
core   0: 0x80007814 (0x00435013) srli    zero, t1, 4
core   0: 3 0x80007814 (0x00435013)
core   0: 0x80007818 (0x005998b3) sll     a7, s3, t0
core   0: 3 0x80007818 (0x005998b3) x17 0x408d1cec
core   0: 0x8000781c (0x003bbbb3) sltu    s7, s7, gp
core   0: 3 0x8000781c (0x003bbbb3) x23 0x00000001
core   0: 0x80007820 (0xba76c537) lui     a0, 0xba76c
core   0: 3 0x80007820 (0xba76c537) x10 0xba76c000
core   0: 0x80007824 (0x41ce0833) sub     a6, t3, t3
core   0: 3 0x80007824 (0x41ce0833) x16 0x00000000
core   0: 0x80007828 (0x00ce8733) add     a4, t4, a2
core   0: 3 0x80007828 (0x00ce8733) x14 0x80000001
core   0: 0x8000782c (0x728e4ab7) lui     s5, 0x728e4
core   0: 3 0x8000782c (0x728e4ab7) x21 0x728e4000
core   0: 0x80007830 (0xfe51fd93) andi    s11, gp, -27
core   0: 3 0x80007830 (0xfe51fd93) x27 0x2d0bb945
core   0: 0x80007834 (0x0375b713) sltiu   a4, a1, 55
core   0: 3 0x80007834 (0x0375b713) x14 0x00000000
core   0: 0x80007838 (0x00000013) nop
core   0: 3 0x80007838 (0x00000013)
core   0: 0x8000783c (0x418dd5b3) sra     a1, s11, s8
core   0: 3 0x8000783c (0x418dd5b3) x11 0x2d0bb945
core   0: 0x80007840 (0x500d2917) auipc   s2, 0x500d2
core   0: 3 0x80007840 (0x500d2917) x18 0xd00d9840
core   0: 0x80007844 (0x4cfcb613) sltiu   a2, s9, 1231
core   0: 3 0x80007844 (0x4cfcb613) x12 0x00000000
core   0: 0x80007848 (0x40fb5f33) sra     t5, s6, a5
core   0: 3 0x80007848 (0x40fb5f33) x30 0x01919300
core   0: 0x8000784c (0x41b4d4b3) sra     s1, s1, s11
core   0: 3 0x8000784c (0x41b4d4b3) x 9 0x000001ea
core   0: 0x80007850 (0x2e05ec13) ori     s8, a1, 736
core   0: 3 0x80007850 (0x2e05ec13) x24 0x2d0bbbe5
core   0: 0x80007854 (0x00e5e733) or      a4, a1, a4
core   0: 3 0x80007854 (0x00e5e733) x14 0x2d0bb945
core   0: 0x80007858 (0x9649a913) slti    s2, s3, -1692
core   0: 3 0x80007858 (0x9649a913) x18 0x00000000
core   0: 0x8000785c (0x01f14ab3) xor     s5, sp, t6
core   0: 3 0x8000785c (0x01f14ab3) x21 0x04eaddbc
core   0: 0x80007860 (0x00915b13) srli    s6, sp, 9
core   0: 3 0x80007860 (0x00915b13) x22 0x007f0fff
core   0: 0x80007864 (0x005775b3) and     a1, a4, t0
core   0: 3 0x80007864 (0x005775b3) x11 0x00000000
core   0: 0x80007868 (0x4187d613) srai    a2, a5, 24
core   0: 3 0x80007868 (0x4187d613) x12 0xffffff80
core   0: 0x8000786c (0x88c03293) sltiu   t0, zero, -1908
core   0: 3 0x8000786c (0x88c03293) x 5 0x00000001
core   0: 0x80007870 (0x85b7bc13) sltiu   s8, a5, -1957
core   0: 3 0x80007870 (0x85b7bc13) x24 0x00000001
core   0: 0x80007874 (0x002e7ab3) and     s5, t3, sp
core   0: 3 0x80007874 (0x002e7ab3) x21 0x00000180
core   0: 0x80007878 (0x0cd47693) andi    a3, s0, 205
core   0: 3 0x80007878 (0x0cd47693) x13 0x00000044
core   0: 0x8000787c (0xdb60db37) lui     s6, 0xdb60d
core   0: 3 0x8000787c (0xdb60db37) x22 0xdb60d000
core   0: 0x80007880 (0x002974b3) and     s1, s2, sp
core   0: 3 0x80007880 (0x002974b3) x 9 0x00000000
core   0: 0x80007884 (0x41705ab3) sra     s5, zero, s7
core   0: 3 0x80007884 (0x41705ab3) x21 0x00000000
core   0: 0x80007888 (0x00388c33) add     s8, a7, gp
core   0: 3 0x80007888 (0x00388c33) x24 0x6d98d641
core   0: 0x8000788c (0x00000013) nop
core   0: 3 0x8000788c (0x00000013)
core   0: 0x80007890 (0x2a2d4e13) xori    t3, s10, 674
core   0: 3 0x80007890 (0x2a2d4e13) x28 0xd494735a
core   0: 0x80007894 (0x4f0f6297) auipc   t0, 0x4f0f6
core   0: 3 0x80007894 (0x4f0f6297) x 5 0xcf0fd894
core   0: 0x80007898 (0x418b0c33) sub     s8, s6, s8
core   0: 3 0x80007898 (0x418b0c33) x24 0x6dc7f9bf
core   0: 0x8000789c (0x00d5f533) and     a0, a1, a3
core   0: 3 0x8000789c (0x00d5f533) x10 0x00000000
core   0: 0x800078a0 (0x3ea6bf13) sltiu   t5, a3, 1002
core   0: 3 0x800078a0 (0x3ea6bf13) x30 0x00000001
core   0: 0x800078a4 (0x40e55113) srai    sp, a0, 14
core   0: 3 0x800078a4 (0x40e55113) x 2 0x00000000
core   0: 0x800078a8 (0x001d7a33) and     s4, s10, ra
core   0: 3 0x800078a8 (0x001d7a33) x20 0xd4947180
core   0: 0x800078ac (0x8d9fb693) sltiu   a3, t6, -1831
core   0: 3 0x800078ac (0x8d9fb693) x13 0x00000001
core   0: 0x800078b0 (0xce89c693) xori    a3, s3, -792
core   0: 3 0x800078b0 (0xce89c693) x13 0xbf72e004
core   0: 0x800078b4 (0x10d8fc13) andi    s8, a7, 269
core   0: 3 0x800078b4 (0x10d8fc13) x24 0x0000000c
core   0: 0x800078b8 (0xa422b013) sltiu   zero, t0, -1470
core   0: 3 0x800078b8 (0xa422b013)
core   0: 0x800078bc (0x00365b13) srli    s6, a2, 3
core   0: 3 0x800078bc (0x00365b13) x22 0x1ffffff0
core   0: 0x800078c0 (0x41b68a33) sub     s4, a3, s11
core   0: 3 0x800078c0 (0x41b68a33) x20 0x926726bf
core   0: 0x800078c4 (0x41cc8a33) sub     s4, s9, t3
core   0: 3 0x800078c4 (0x41cc8a33) x20 0xab6cd98a
core   0: 0x800078c8 (0x7cbc4a37) lui     s4, 0x7cbc4
core   0: 3 0x800078c8 (0x7cbc4a37) x20 0x7cbc4000
core   0: 0x800078cc (0x011f9933) sll     s2, t6, a7
core   0: 3 0x800078cc (0x011f9933) x18 0x5223c000
core   0: 0x800078d0 (0x00459a93) slli    s5, a1, 4
core   0: 3 0x800078d0 (0x00459a93) x21 0x00000000
core   0: 0x800078d4 (0x012a9c13) slli    s8, s5, 18
core   0: 3 0x800078d4 (0x012a9c13) x24 0x00000000
core   0: 0x800078d8 (0x00d2b9b3) sltu    s3, t0, a3
core   0: 3 0x800078d8 (0x00d2b9b3) x19 0x00000000
core   0: 0x800078dc (0x0114da13) srli    s4, s1, 17
core   0: 3 0x800078dc (0x0114da13) x20 0x00000000
core   0: 0x800078e0 (0xe7f5f393) andi    t2, a1, -385
core   0: 3 0x800078e0 (0xe7f5f393) x 7 0x00000000
core   0: 0x800078e4 (0x41880db3) sub     s11, a6, s8
core   0: 3 0x800078e4 (0x41880db3) x27 0x00000000
core   0: 0x800078e8 (0x01af31b3) sltu    gp, t5, s10
core   0: 3 0x800078e8 (0x01af31b3) x 3 0x00000001
core   0: 0x800078ec (0x703b5e17) auipc   t3, 0x703b5
core   0: 3 0x800078ec (0x703b5e17) x28 0xf03bc8ec
core   0: 0x800078f0 (0x2da4f393) andi    t2, s1, 730
core   0: 3 0x800078f0 (0x2da4f393) x 7 0x00000000
core   0: 0x800078f4 (0x004e5b33) srl     s6, t3, tp
core   0: 3 0x800078f4 (0x004e5b33) x22 0xf03bc8ec
core   0: 0x800078f8 (0x0185a7b3) slt     a5, a1, s8
core   0: 3 0x800078f8 (0x0185a7b3) x15 0x00000000
core   0: 0x800078fc (0x0123b733) sltu    a4, t2, s2
core   0: 3 0x800078fc (0x0123b733) x14 0x00000001
core   0: 0x80007900 (0x00c2a033) slt     zero, t0, a2
core   0: 3 0x80007900 (0x00c2a033)
core   0: 0x80007904 (0x408e07b3) sub     a5, t3, s0
core   0: 3 0x80007904 (0x408e07b3) x15 0x703aba88
core   0: 0x80007908 (0x00000013) nop
core   0: 3 0x80007908 (0x00000013)
core   0: 0x8000790c (0x00daee33) or      t3, s5, a3
core   0: 3 0x8000790c (0x00daee33) x28 0xbf72e004
core   0: 0x80007910 (0x400908b3) sub     a7, s2, zero
core   0: 3 0x80007910 (0x400908b3) x17 0x5223c000
core   0: 0x80007914 (0x002300b3) add     ra, t1, sp
core   0: 3 0x80007914 (0x002300b3) x 1 0xd49477fc
core   0: 0x80007918 (0xac54a193) slti    gp, s1, -1339
core   0: 3 0x80007918 (0xac54a193) x 3 0x00000000
core   0: 0x8000791c (0x4187dc13) srai    s8, a5, 24
core   0: 3 0x8000791c (0x4187dc13) x24 0x00000070
core   0: 0x80007920 (0x40ef0bb3) sub     s7, t5, a4
core   0: 3 0x80007920 (0x40ef0bb3) x23 0x00000000
core   0: 0x80007924 (0xb5306493) ori     s1, zero, -1197
core   0: 3 0x80007924 (0xb5306493) x 9 0xfffffb53
core   0: 0x80007928 (0x4160de13) srai    t3, ra, 22
core   0: 3 0x80007928 (0x4160de13) x28 0xffffff52
core   0: 0x8000792c (0xeb146613) ori     a2, s0, -335
core   0: 3 0x8000792c (0xeb146613) x12 0xfffffef5
core   0: 0x80007930 (0x00000013) nop
core   0: 3 0x80007930 (0x00000013)
core   0: 0x80007934 (0x001e60b3) or      ra, t3, ra
core   0: 3 0x80007934 (0x001e60b3) x 1 0xfffffffe
core   0: 0x80007938 (0x00828633) add     a2, t0, s0
core   0: 3 0x80007938 (0x00828633) x12 0x4f10e6f8
core   0: 0x8000793c (0x018cac33) slt     s8, s9, s8
core   0: 3 0x8000793c (0x018cac33) x24 0x00000001
core   0: 0x80007940 (0x00439f13) slli    t5, t2, 4
core   0: 3 0x80007940 (0x00439f13) x30 0x00000000
core   0: 0x80007944 (0x407bd793) srai    a5, s7, 7
core   0: 3 0x80007944 (0x407bd793) x15 0x00000000
core   0: 0x80007948 (0x00268bb3) add     s7, a3, sp
core   0: 3 0x80007948 (0x00268bb3) x23 0xbf72e004
core   0: 0x8000794c (0x8c000913) li      s2, -1856
core   0: 3 0x8000794c (0x8c000913) x18 0xfffff8c0
core   0: 0x80007950 (0x40dedf13) srai    t5, t4, 13
core   0: 3 0x80007950 (0x40dedf13) x30 0xfffc0000
core   0: 0x80007954 (0x010e7333) and     t1, t3, a6
core   0: 3 0x80007954 (0x010e7333) x 6 0x00000000
core   0: 0x80007958 (0xd7c87793) andi    a5, a6, -644
core   0: 3 0x80007958 (0xd7c87793) x15 0x00000000
core   0: 0x8000795c (0x62f5b393) sltiu   t2, a1, 1583
core   0: 3 0x8000795c (0x62f5b393) x 7 0x00000001
core   0: 0x80007960 (0x7a7fec13) ori     s8, t6, 1959
core   0: 3 0x80007960 (0x7a7fec13) x24 0xfaf527bf
core   0: 0x80007964 (0x017378b3) and     a7, t1, s7
core   0: 3 0x80007964 (0x017378b3) x17 0x00000000
core   0: 0x80007968 (0x00e4b033) sltu    zero, s1, a4
core   0: 3 0x80007968 (0x00e4b033)
core   0: 0x8000796c (0x414bda13) srai    s4, s7, 20
core   0: 3 0x8000796c (0x414bda13) x20 0xfffffbf7
core   0: 0x80007970 (0x015bf233) and     tp, s7, s5
core   0: 3 0x80007970 (0x015bf233) x 4 0x00000000
core   0: 0x80007974 (0x414f54b3) sra     s1, t5, s4
core   0: 3 0x80007974 (0x414f54b3) x 9 0xffffffff
core   0: 0x80007978 (0x40908d33) sub     s10, ra, s1
core   0: 3 0x80007978 (0x40908d33) x26 0xffffffff
core   0: 0x8000797c (0x00a958b3) srl     a7, s2, a0
core   0: 3 0x8000797c (0x00a958b3) x17 0xfffff8c0
core   0: 0x80007980 (0x01546e33) or      t3, s0, s5
core   0: 3 0x80007980 (0x01546e33) x28 0x80010e64
core   0: 0x80007984 (0x5e553e13) sltiu   t3, a0, 1509
core   0: 3 0x80007984 (0x5e553e13) x28 0x00000001
core   0: 0x80007988 (0x417e86b3) sub     a3, t4, s7
core   0: 3 0x80007988 (0x417e86b3) x13 0xc08d1ffc
core   0: 0x8000798c (0x01106033) or      zero, zero, a7
core   0: 3 0x8000798c (0x01106033)
core   0: 0x80007990 (0x00471d93) slli    s11, a4, 4
core   0: 3 0x80007990 (0x00471d93) x27 0x00000010
core   0: 0x80007994 (0x41685a33) sra     s4, a6, s6
core   0: 3 0x80007994 (0x41685a33) x20 0x00000000
core   0: 0x80007998 (0x0453ac13) slti    s8, t2, 69
core   0: 3 0x80007998 (0x0453ac13) x24 0x00000001
core   0: 0x8000799c (0x00d76733) or      a4, a4, a3
core   0: 3 0x8000799c (0x00d76733) x14 0xc08d1ffd
core   0: 0x800079a0 (0xc4c6e713) ori     a4, a3, -948
core   0: 3 0x800079a0 (0xc4c6e713) x14 0xfffffffc
core   0: 0x800079a4 (0x02edc113) xori    sp, s11, 46
core   0: 3 0x800079a4 (0x02edc113) x 2 0x0000003e
core   0: 0x800079a8 (0x41dd0533) sub     a0, s10, t4
core   0: 3 0x800079a8 (0x41dd0533) x10 0x7fffffff
core   0: 0x800079ac (0x010bd833) srl     a6, s7, a6
core   0: 3 0x800079ac (0x010bd833) x16 0xbf72e004
core   0: 0x800079b0 (0x00000013) nop
core   0: 3 0x800079b0 (0x00000013)
core   0: 0x800079b4 (0x01aa6633) or      a2, s4, s10
core   0: 3 0x800079b4 (0x01aa6633) x12 0xffffffff
core   0: 0x800079b8 (0x4137d593) srai    a1, a5, 19
core   0: 3 0x800079b8 (0x4137d593) x11 0x00000000
core   0: 0x800079bc (0xab670013) addi    zero, a4, -1354
core   0: 3 0x800079bc (0xab670013)
core   0: 0x800079c0 (0x41698fb3) sub     t6, s3, s6
core   0: 3 0x800079c0 (0x41698fb3) x31 0x0fc43714
core   0: 0x800079c4 (0xb83dbd13) sltiu   s10, s11, -1149
core   0: 3 0x800079c4 (0xb83dbd13) x26 0x00000001
core   0: 0x800079c8 (0x01e51493) slli    s1, a0, 30
core   0: 3 0x800079c8 (0x01e51493) x 9 0xc0000000
core   0: 0x800079cc (0x00216e33) or      t3, sp, sp
core   0: 3 0x800079cc (0x00216e33) x28 0x0000003e
core   0: 0x800079d0 (0x41a25333) sra     t1, tp, s10
core   0: 3 0x800079d0 (0x41a25333) x 6 0x00000000
core   0: 0x800079d4 (0x00ba9593) slli    a1, s5, 11
core   0: 3 0x800079d4 (0x00ba9593) x11 0x00000000
core   0: 0x800079d8 (0x401fdd93) srai    s11, t6, 1
core   0: 3 0x800079d8 (0x401fdd93) x27 0x07e21b8a
core   0: 0x800079dc (0x0135da93) srli    s5, a1, 19
core   0: 3 0x800079dc (0x0135da93) x21 0x00000000
core   0: 0x800079e0 (0xebcb4d97) auipc   s11, 0xebcb4
core   0: 3 0x800079e0 (0xebcb4d97) x27 0x6bcbb9e0
core   0: 0x800079e4 (0xb576b693) sltiu   a3, a3, -1193
core   0: 3 0x800079e4 (0xb576b693) x13 0x00000001
core   0: 0x800079e8 (0x00e3bb33) sltu    s6, t2, a4
core   0: 3 0x800079e8 (0x00e3bb33) x22 0x00000001
core   0: 0x800079ec (0x00f5f5b3) and     a1, a1, a5
core   0: 3 0x800079ec (0x00f5f5b3) x11 0x00000000
core   0: 0x800079f0 (0x40d35a33) sra     s4, t1, a3
core   0: 3 0x800079f0 (0x40d35a33) x20 0x00000000
core   0: 0x800079f4 (0x014ace33) xor     t3, s5, s4
core   0: 3 0x800079f4 (0x014ace33) x28 0x00000000
core   0: 0x800079f8 (0x00cb9d13) slli    s10, s7, 12
core   0: 3 0x800079f8 (0x00cb9d13) x26 0x2e004000
core   0: 0x800079fc (0x0188b5b3) sltu    a1, a7, s8
core   0: 3 0x800079fc (0x0188b5b3) x11 0x00000000
core   0: 0x80007a00 (0x67fd3d93) sltiu   s11, s10, 1663
core   0: 3 0x80007a00 (0x67fd3d93) x27 0x00000000
core   0: 0x80007a04 (0x408b01b3) sub     gp, s6, s0
core   0: 3 0x80007a04 (0x408b01b3) x 3 0x7ffef19d
core   0: 0x80007a08 (0x015ae9b3) or      s3, s5, s5
core   0: 3 0x80007a08 (0x015ae9b3) x19 0x00000000
core   0: 0x80007a0c (0xab82a617) auipc   a2, 0xab82a
core   0: 3 0x80007a0c (0xab82a617) x12 0x2b831a0c
core   0: 0x80007a10 (0xc06fb293) sltiu   t0, t6, -1018
core   0: 3 0x80007a10 (0xc06fb293) x 5 0x00000001
core   0: 0x80007a14 (0x010e5793) srli    a5, t3, 16
core   0: 3 0x80007a14 (0x010e5793) x15 0x00000000
core   0: 0x80007a18 (0x00882ab3) slt     s5, a6, s0
core   0: 3 0x80007a18 (0x00882ab3) x21 0x00000000
core   0: 0x80007a1c (0x40d75833) sra     a6, a4, a3
core   0: 3 0x80007a1c (0x40d75833) x16 0xfffffffe
core   0: 0x80007a20 (0x005194b3) sll     s1, gp, t0
core   0: 3 0x80007a20 (0x005194b3) x 9 0xfffde33a
core   0: 0x80007a24 (0x01538033) add     zero, t2, s5
core   0: 3 0x80007a24 (0x01538033)
core   0: 0x80007a28 (0x00b25193) srli    gp, tp, 11
core   0: 3 0x80007a28 (0x00b25193) x 3 0x00000000
core   0: 0x80007a2c (0x01c507b3) add     a5, a0, t3
core   0: 3 0x80007a2c (0x01c507b3) x15 0x7fffffff
core   0: 0x80007a30 (0x4193da93) srai    s5, t2, 25
core   0: 3 0x80007a30 (0x4193da93) x21 0x00000000
core   0: 0x80007a34 (0x404cd533) sra     a0, s9, tp
core   0: 3 0x80007a34 (0x404cd533) x10 0x80014ce4
core   0: 0x80007a38 (0x01311113) slli    sp, sp, 19
core   0: 3 0x80007a38 (0x01311113) x 2 0x01f00000
core   0: 0x80007a3c (0x3405a337) lui     t1, 0x3405a
core   0: 3 0x80007a3c (0x3405a337) x 6 0x3405a000
core   0: 0x80007a40 (0x4192dc13) srai    s8, t0, 25
core   0: 3 0x80007a40 (0x4192dc13) x24 0x00000000
core   0: 0x80007a44 (0x40a55333) sra     t1, a0, a0
core   0: 3 0x80007a44 (0x40a55333) x 6 0xf80014ce
core   0: 0x80007a48 (0x018d94b3) sll     s1, s11, s8
core   0: 3 0x80007a48 (0x018d94b3) x 9 0x00000000
core   0: 0x80007a4c (0x40a906b3) sub     a3, s2, a0
core   0: 3 0x80007a4c (0x40a906b3) x13 0x7ffeabdc
core   0: 0x80007a50 (0x01a35b13) srli    s6, t1, 26
core   0: 3 0x80007a50 (0x01a35b13) x22 0x0000003e
core   0: 0x80007a54 (0x41015893) srai    a7, sp, 16
core   0: 3 0x80007a54 (0x41015893) x17 0x000001f0
core   0: 0x80007a58 (0xd8a98893) addi    a7, s3, -630
core   0: 3 0x80007a58 (0xd8a98893) x17 0xfffffd8a
core   0: 0x80007a5c (0x62ad1d17) auipc   s10, 0x62ad1
core   0: 3 0x80007a5c (0x62ad1d17) x26 0xe2ad8a5c
core   0: 0x80007a60 (0x011266b3) or      a3, tp, a7
core   0: 3 0x80007a60 (0x011266b3) x13 0xfffffd8a
core   0: 0x80007a64 (0x0097ab33) slt     s6, a5, s1
core   0: 3 0x80007a64 (0x0097ab33) x22 0x00000000
core   0: 0x80007a68 (0x00e0a1b3) slt     gp, ra, a4
core   0: 3 0x80007a68 (0x00e0a1b3) x 3 0x00000000
core   0: 0x80007a6c (0x84ba2693) slti    a3, s4, -1973
core   0: 3 0x80007a6c (0x84ba2693) x13 0x00000000
core   0: 0x80007a70 (0x00e8f833) and     a6, a7, a4
core   0: 3 0x80007a70 (0x00e8f833) x16 0xfffffd88
core   0: 0x80007a74 (0x00000013) nop
core   0: 3 0x80007a74 (0x00000013)
core   0: 0x80007a78 (0xc6c97d93) andi    s11, s2, -916
core   0: 3 0x80007a78 (0xc6c97d93) x27 0xfffff840
core   0: 0x80007a7c (0x99dc8793) addi    a5, s9, -1635
core   0: 3 0x80007a7c (0x99dc8793) x15 0x80014681
core   0: 0x80007a80 (0x53e02093) slti    ra, zero, 1342
core   0: 3 0x80007a80 (0x53e02093) x 1 0x00000001
core   0: 0x80007a84 (0xb90a7d13) andi    s10, s4, -1136
core   0: 3 0x80007a84 (0xb90a7d13) x26 0x00000000
core   0: 0x80007a88 (0x9d535317) auipc   t1, 0x9d535
core   0: 3 0x80007a88 (0x9d535317) x 6 0x1d53ca88
core   0: 0x80007a8c (0x013f7333) and     t1, t5, s3
core   0: 3 0x80007a8c (0x013f7333) x 6 0x00000000
core   0: 0x80007a90 (0x01b2d213) srli    tp, t0, 27
core   0: 3 0x80007a90 (0x01b2d213) x 4 0x00000000
core   0: 0x80007a94 (0x00575813) srli    a6, a4, 5
core   0: 3 0x80007a94 (0x00575813) x16 0x07ffffff
core   0: 0x80007a98 (0x354ae817) auipc   a6, 0x354ae
core   0: 3 0x80007a98 (0x354ae817) x16 0xb54b5a98
core   0: 0x80007a9c (0x0022a3b3) slt     t2, t0, sp
core   0: 3 0x80007a9c (0x0022a3b3) x 7 0x00000001
core   0: 0x80007aa0 (0x008c0fb3) add     t6, s8, s0
core   0: 3 0x80007aa0 (0x008c0fb3) x31 0x80010e64
core   0: 0x80007aa4 (0x00000013) nop
core   0: 3 0x80007aa4 (0x00000013)
core   0: 0x80007aa8 (0x01bcd993) srli    s3, s9, 27
core   0: 3 0x80007aa8 (0x01bcd993) x19 0x00000010
core   0: 0x80007aac (0x01e0b1b3) sltu    gp, ra, t5
core   0: 3 0x80007aac (0x01e0b1b3) x 3 0x00000001
core   0: 0x80007ab0 (0xcf5a6713) ori     a4, s4, -779
core   0: 3 0x80007ab0 (0xcf5a6713) x14 0xfffffcf5
core   0: 0x80007ab4 (0x00323fb3) sltu    t6, tp, gp
core   0: 3 0x80007ab4 (0x00323fb3) x31 0x00000001
core   0: 0x80007ab8 (0x01b1c7b3) xor     a5, gp, s11
core   0: 3 0x80007ab8 (0x01b1c7b3) x15 0xfffff841
core   0: 0x80007abc (0xcced7213) andi    tp, s10, -818
core   0: 3 0x80007abc (0xcced7213) x 4 0x00000000
core   0: 0x80007ac0 (0x0106db33) srl     s6, a3, a6
core   0: 3 0x80007ac0 (0x0106db33) x22 0x00000000
core   0: 0x80007ac4 (0x0067d893) srli    a7, a5, 6
core   0: 3 0x80007ac4 (0x0067d893) x17 0x03ffffe1
core   0: 0x80007ac8 (0x2f702b17) auipc   s6, 0x2f702
core   0: 3 0x80007ac8 (0x2f702b17) x22 0xaf709ac8
core   0: 0x80007acc (0x002b0733) add     a4, s6, sp
core   0: 3 0x80007acc (0x002b0733) x14 0xb1609ac8
core   0: 0x80007ad0 (0x653f2f17) auipc   t5, 0x653f2
core   0: 3 0x80007ad0 (0x653f2f17) x30 0xe53f9ad0
core   0: 0x80007ad4 (0x00135633) srl     a2, t1, ra
core   0: 3 0x80007ad4 (0x00135633) x12 0x00000000
core   0: 0x80007ad8 (0x0f9f3e17) auipc   t3, 0xf9f3
core   0: 3 0x80007ad8 (0x0f9f3e17) x28 0x8f9faad8
core   0: 0x80007adc (0x01879a93) slli    s5, a5, 24
core   0: 3 0x80007adc (0x01879a93) x21 0x41000000
core   0: 0x80007ae0 (0x4188d193) srai    gp, a7, 24
core   0: 3 0x80007ae0 (0x4188d193) x 3 0x00000003
core   0: 0x80007ae4 (0x000eaf33) slt     t5, t4, zero
core   0: 3 0x80007ae4 (0x000eaf33) x30 0x00000001
core   0: 0x80007ae8 (0x0008ebb3) or      s7, a7, zero
core   0: 3 0x80007ae8 (0x0008ebb3) x23 0x03ffffe1
core   0: 0x80007aec (0x009844b3) xor     s1, a6, s1
core   0: 3 0x80007aec (0x009844b3) x 9 0xb54b5a98
core   0: 0x80007af0 (0x0040cab3) xor     s5, ra, tp
core   0: 3 0x80007af0 (0x0040cab3) x21 0x00000001
core   0: 0x80007af4 (0x00ce64b3) or      s1, t3, a2
core   0: 3 0x80007af4 (0x00ce64b3) x 9 0x8f9faad8
core   0: 0x80007af8 (0x00a769b3) or      s3, a4, a0
core   0: 3 0x80007af8 (0x00a769b3) x19 0xb161deec
core   0: 0x80007afc (0xc2dcb913) sltiu   s2, s9, -979
core   0: 3 0x80007afc (0xc2dcb913) x18 0x00000001
core   0: 0x80007b00 (0x0143d293) srli    t0, t2, 20
core   0: 3 0x80007b00 (0x0143d293) x 5 0x00000000
core   0: 0x80007b04 (0x01fdd733) srl     a4, s11, t6
core   0: 3 0x80007b04 (0x01fdd733) x14 0x7ffffc20
core   0: 0x80007b08 (0x0185f333) and     t1, a1, s8
core   0: 3 0x80007b08 (0x0185f333) x 6 0x00000000
core   0: 0x80007b0c (0xdf70b513) sltiu   a0, ra, -521
core   0: 3 0x80007b0c (0xdf70b513) x10 0x00000001
core   0: 0x80007b10 (0xb67f4613) xori    a2, t5, -1177
core   0: 3 0x80007b10 (0xb67f4613) x12 0xfffffb66
core   0: 0x80007b14 (0x01bce733) or      a4, s9, s11
core   0: 3 0x80007b14 (0x01bce733) x14 0xfffffce4
core   0: 0x80007b18 (0x00895913) srli    s2, s2, 8
core   0: 3 0x80007b18 (0x00895913) x18 0x00000000
core   0: 0x80007b1c (0x0037f9b3) and     s3, a5, gp
core   0: 3 0x80007b1c (0x0037f9b3) x19 0x00000001
core   0: 0x80007b20 (0x418c5db3) sra     s11, s8, s8
core   0: 3 0x80007b20 (0x418c5db3) x27 0x00000000
core   0: 0x80007b24 (0x0198b533) sltu    a0, a7, s9
core   0: 3 0x80007b24 (0x0198b533) x10 0x00000001
core   0: 0x80007b28 (0x01c1cb33) xor     s6, gp, t3
core   0: 3 0x80007b28 (0x01c1cb33) x22 0x8f9faadb
core   0: 0x80007b2c (0x6100c693) xori    a3, ra, 1552
core   0: 3 0x80007b2c (0x6100c693) x13 0x00000611
core   0: 0x80007b30 (0x00e226b3) slt     a3, tp, a4
core   0: 3 0x80007b30 (0x00e226b3) x13 0x00000000
core   0: 0x80007b34 (0x5828a913) slti    s2, a7, 1410
core   0: 3 0x80007b34 (0x5828a913) x18 0x00000000
core   0: 0x80007b38 (0x59903a13) sltiu   s4, zero, 1433
core   0: 3 0x80007b38 (0x59903a13) x20 0x00000001
core   0: 0x80007b3c (0x00be7b33) and     s6, t3, a1
core   0: 3 0x80007b3c (0x00be7b33) x22 0x00000000
core   0: 0x80007b40 (0x01ceac33) slt     s8, t4, t3
core   0: 3 0x80007b40 (0x01ceac33) x24 0x00000001
core   0: 0x80007b44 (0x00000013) nop
core   0: 3 0x80007b44 (0x00000013)
core   0: 0x80007b48 (0xfef94e13) xori    t3, s2, -17
core   0: 3 0x80007b48 (0xfef94e13) x28 0xffffffef
core   0: 0x80007b4c (0x004ff9b3) and     s3, t6, tp
core   0: 3 0x80007b4c (0x004ff9b3) x19 0x00000000
core   0: 0x80007b50 (0x018726b3) slt     a3, a4, s8
core   0: 3 0x80007b50 (0x018726b3) x13 0x00000001
core   0: 0x80007b54 (0x0876bb13) sltiu   s6, a3, 135
core   0: 3 0x80007b54 (0x0876bb13) x22 0x00000001
core   0: 0x80007b58 (0x01aa48b3) xor     a7, s4, s10
core   0: 3 0x80007b58 (0x01aa48b3) x17 0x00000001
core   0: 0x80007b5c (0xd7428e13) addi    t3, t0, -652
core   0: 3 0x80007b5c (0xd7428e13) x28 0xfffffd74
core   0: 0x80007b60 (0x00009233) sll     tp, ra, zero
core   0: 3 0x80007b60 (0x00009233) x 4 0x00000001
core   0: 0x80007b64 (0x01c44d33) xor     s10, s0, t3
core   0: 3 0x80007b64 (0x01c44d33) x26 0x7ffef310
core   0: 0x80007b68 (0xf809c513) xori    a0, s3, -128
core   0: 3 0x80007b68 (0xf809c513) x10 0xffffff80
core   0: 0x80007b6c (0x01d3ff33) and     t5, t2, t4
core   0: 3 0x80007b6c (0x01d3ff33) x30 0x00000000
core   0: 0x80007b70 (0x00dd5493) srli    s1, s10, 13
core   0: 3 0x80007b70 (0x00dd5493) x 9 0x0003fff7
core   0: 0x80007b74 (0x00000013) nop
core   0: 3 0x80007b74 (0x00000013)
core   0: 0x80007b78 (0x01189a13) slli    s4, a7, 17
core   0: 3 0x80007b78 (0x01189a13) x20 0x00020000
core   0: 0x80007b7c (0x401eda93) srai    s5, t4, 1
core   0: 3 0x80007b7c (0x401eda93) x21 0xc0000000
core   0: 0x80007b80 (0x01069e13) slli    t3, a3, 16
core   0: 3 0x80007b80 (0x01069e13) x28 0x00010000
core   0: 0x80007b84 (0x407454b3) sra     s1, s0, t2
core   0: 3 0x80007b84 (0x407454b3) x 9 0xc0008732
core   0: 0x80007b88 (0x016adc33) srl     s8, s5, s6
core   0: 3 0x80007b88 (0x016adc33) x24 0x60000000
core   0: 0x80007b8c (0x45e62013) slti    zero, a2, 1118
core   0: 3 0x80007b8c (0x45e62013)
core   0: 0x80007b90 (0x0029e233) or      tp, s3, sp
core   0: 3 0x80007b90 (0x0029e233) x 4 0x01f00000
core   0: 0x80007b94 (0x0e820b13) addi    s6, tp, 232
core   0: 3 0x80007b94 (0x0e820b13) x22 0x01f000e8
core   0: 0x80007b98 (0xd4ab3313) sltiu   t1, s6, -694
core   0: 3 0x80007b98 (0xd4ab3313) x 6 0x00000001
core   0: 0x80007b9c (0x366b7f13) andi    t5, s6, 870
core   0: 3 0x80007b9c (0x366b7f13) x30 0x00000060
core   0: 0x80007ba0 (0x0072edb3) or      s11, t0, t2
core   0: 3 0x80007ba0 (0x0072edb3) x27 0x00000001
core   0: 0x80007ba4 (0x7d25ab93) slti    s7, a1, 2002
core   0: 3 0x80007ba4 (0x7d25ab93) x23 0x00000001
core   0: 0x80007ba8 (0x65938d13) addi    s10, t2, 1625
core   0: 3 0x80007ba8 (0x65938d13) x26 0x0000065a
core   0: 0x80007bac (0xbc2cb693) sltiu   a3, s9, -1086
core   0: 3 0x80007bac (0xbc2cb693) x13 0x00000001
core   0: 0x80007bb0 (0x01aec9b3) xor     s3, t4, s10
core   0: 3 0x80007bb0 (0x01aec9b3) x19 0x8000065a
core   0: 0x80007bb4 (0x0194cb33) xor     s6, s1, s9
core   0: 3 0x80007bb4 (0x0194cb33) x22 0x4001cbd6
core   0: 0x80007bb8 (0xbe047893) andi    a7, s0, -1056
core   0: 3 0x80007bb8 (0xbe047893) x17 0x80010a60
core   0: 0x80007bbc (0x00b157b3) srl     a5, sp, a1
core   0: 3 0x80007bbc (0x00b157b3) x15 0x01f00000
core   0: 0x80007bc0 (0xe2e70993) addi    s3, a4, -466
core   0: 3 0x80007bc0 (0xe2e70993) x19 0xfffffb12
core   0: 0x80007bc4 (0x41fcde13) srai    t3, s9, 31
core   0: 3 0x80007bc4 (0x41fcde13) x28 0xffffffff
core   0: 0x80007bc8 (0x8b2e4d13) xori    s10, t3, -1870
core   0: 3 0x80007bc8 (0x8b2e4d13) x26 0x0000074d
core   0: 0x80007bcc (0x3b0fbc17) auipc   s8, 0x3b0fb
core   0: 3 0x80007bcc (0x3b0fbc17) x24 0xbb102bcc
core   0: 0x80007bd0 (0x0171a9b3) slt     s3, gp, s7
core   0: 3 0x80007bd0 (0x0171a9b3) x19 0x00000000
core   0: 0x80007bd4 (0x9e4dc193) xori    gp, s11, -1564
core   0: 3 0x80007bd4 (0x9e4dc193) x 3 0xfffff9e5
core   0: 0x80007bd8 (0x981eba13) sltiu   s4, t4, -1663
core   0: 3 0x80007bd8 (0x981eba13) x20 0x00000001
core   0: 0x80007bdc (0x401bd0b3) sra     ra, s7, ra
core   0: 3 0x80007bdc (0x401bd0b3) x 1 0x00000000
core   0: 0x80007be0 (0x00bfb233) sltu    tp, t6, a1
core   0: 3 0x80007be0 (0x00bfb233) x 4 0x00000000
core   0: 0x80007be4 (0x01b3a633) slt     a2, t2, s11
core   0: 3 0x80007be4 (0x01b3a633) x12 0x00000000
core   0: 0x80007be8 (0x6b330493) addi    s1, t1, 1715
core   0: 3 0x80007be8 (0x6b330493) x 9 0x000006b4
core   0: 0x80007bec (0x733b6893) ori     a7, s6, 1843
core   0: 3 0x80007bec (0x733b6893) x17 0x4001cff7
core   0: 0x80007bf0 (0x0848cc13) xori    s8, a7, 132
core   0: 3 0x80007bf0 (0x0848cc13) x24 0x4001cf73
core   0: 0x80007bf4 (0x405b5113) srai    sp, s6, 5
core   0: 3 0x80007bf4 (0x405b5113) x 2 0x02000e5e
core   0: 0x80007bf8 (0xd44a0193) addi    gp, s4, -700
core   0: 3 0x80007bf8 (0xd44a0193) x 3 0xfffffd45
core   0: 0x80007bfc (0x00333a33) sltu    s4, t1, gp
core   0: 3 0x80007bfc (0x00333a33) x20 0x00000001
core   0: 0x80007c00 (0x0016a6b3) slt     a3, a3, ra
core   0: 3 0x80007c00 (0x0016a6b3) x13 0x00000000
core   0: 0x80007c04 (0x4043dab3) sra     s5, t2, tp
core   0: 3 0x80007c04 (0x4043dab3) x21 0x00000001
core   0: 0x80007c08 (0x829933b7) lui     t2, 0x82993
core   0: 3 0x80007c08 (0x829933b7) x 7 0x82993000
core   0: 0x80007c0c (0xef698013) addi    zero, s3, -266
core   0: 3 0x80007c0c (0xef698013)
core   0: 0x80007c10 (0x007c3933) sltu    s2, s8, t2
core   0: 3 0x80007c10 (0x007c3933) x18 0x00000001
core   0: 0x80007c14 (0x37912d93) slti    s11, sp, 889
core   0: 3 0x80007c14 (0x37912d93) x27 0x00000000
core   0: 0x80007c18 (0x010684b3) add     s1, a3, a6
core   0: 3 0x80007c18 (0x010684b3) x 9 0xb54b5a98
core   0: 0x80007c1c (0x00981493) slli    s1, a6, 9
core   0: 3 0x80007c1c (0x00981493) x 9 0x96b53000
core   0: 0x80007c20 (0xeb2ac993) xori    s3, s5, -334
core   0: 3 0x80007c20 (0xeb2ac993) x19 0xfffffeb3
core   0: 0x80007c24 (0x0035ae33) slt     t3, a1, gp
core   0: 3 0x80007c24 (0x0035ae33) x28 0x00000000
core   0: 0x80007c28 (0x9a0d0c17) auipc   s8, 0x9a0d0
core   0: 3 0x80007c28 (0x9a0d0c17) x24 0x1a0d7c28
core   0: 0x80007c2c (0x867de693) ori     a3, s11, -1945
core   0: 3 0x80007c2c (0x867de693) x13 0xfffff867
core   0: 0x80007c30 (0x40a9dc33) sra     s8, s3, a0
core   0: 3 0x80007c30 (0x40a9dc33) x24 0xfffffeb3
core   0: 0x80007c34 (0x00fb4db3) xor     s11, s6, a5
core   0: 3 0x80007c34 (0x00fb4db3) x27 0x41f1cbd6
core   0: 0x80007c38 (0x28f90313) addi    t1, s2, 655
core   0: 3 0x80007c38 (0x28f90313) x 6 0x00000290
core   0: 0x80007c3c (0xadbde493) ori     s1, s11, -1317
core   0: 3 0x80007c3c (0xadbde493) x 9 0xfffffbdf
core   0: 0x80007c40 (0x00000013) nop
core   0: 3 0x80007c40 (0x00000013)
core   0: 0x80007c44 (0x0129ff33) and     t5, s3, s2
core   0: 3 0x80007c44 (0x0129ff33) x30 0x00000001
core   0: 0x80007c48 (0x00258f33) add     t5, a1, sp
core   0: 3 0x80007c48 (0x00258f33) x30 0x02000e5e
core   0: 0x80007c4c (0xc2217c17) auipc   s8, 0xc2217
core   0: 3 0x80007c4c (0xc2217c17) x24 0x4221ec4c
core   0: 0x80007c50 (0x005a4233) xor     tp, s4, t0
core   0: 3 0x80007c50 (0x005a4233) x 4 0x00000001
core   0: 0x80007c54 (0x01d3d493) srli    s1, t2, 29
core   0: 3 0x80007c54 (0x01d3d493) x 9 0x00000004
core   0: 0x80007c58 (0x00b39333) sll     t1, t2, a1
core   0: 3 0x80007c58 (0x00b39333) x 6 0x82993000
core   0: 0x80007c5c (0x0056d733) srl     a4, a3, t0
core   0: 3 0x80007c5c (0x0056d733) x14 0xfffff867
core   0: 0x80007c60 (0x009c54b3) srl     s1, s8, s1
core   0: 3 0x80007c60 (0x009c54b3) x 9 0x04221ec4
core   0: 0x80007c64 (0x014554b3) srl     s1, a0, s4
core   0: 3 0x80007c64 (0x014554b3) x 9 0x7fffffc0
core   0: 0x80007c68 (0x979e3537) lui     a0, 0x979e3
core   0: 3 0x80007c68 (0x979e3537) x10 0x979e3000
core   0: 0x80007c6c (0x403c00b3) sub     ra, s8, gp
core   0: 3 0x80007c6c (0x403c00b3) x 1 0x4221ef07
core   0: 0x80007c70 (0xbe28ca93) xori    s5, a7, -1054
core   0: 3 0x80007c70 (0xbe28ca93) x21 0xbffe3415
core   0: 0x80007c74 (0x08deb713) sltiu   a4, t4, 141
core   0: 3 0x80007c74 (0x08deb713) x14 0x00000000
core   0: 0x80007c78 (0x400c5f13) srai    t5, s8, 0
core   0: 3 0x80007c78 (0x400c5f13) x30 0x4221ec4c
core   0: 0x80007c7c (0x00000013) nop
core   0: 3 0x80007c7c (0x00000013)
core   0: 0x80007c80 (0x01e25293) srli    t0, tp, 30
core   0: 3 0x80007c80 (0x01e25293) x 5 0x00000000
core   0: 0x80007c84 (0x007a1d93) slli    s11, s4, 7
core   0: 3 0x80007c84 (0x007a1d93) x27 0x00000080
core   0: 0x80007c88 (0x01219333) sll     t1, gp, s2
core   0: 3 0x80007c88 (0x01219333) x 6 0xfffffa8a
core   0: 0x80007c8c (0x01297033) and     zero, s2, s2
core   0: 3 0x80007c8c (0x01297033)
core   0: 0x80007c90 (0xf9f42e13) slti    t3, s0, -97
core   0: 3 0x80007c90 (0xf9f42e13) x28 0x00000001
core   0: 0x80007c94 (0xbd7ee393) ori     t2, t4, -1065
core   0: 3 0x80007c94 (0xbd7ee393) x 7 0xfffffbd7
core   0: 0x80007c98 (0x008312b3) sll     t0, t1, s0
core   0: 3 0x80007c98 (0x008312b3) x 5 0xffffa8a0
core   0: 0x80007c9c (0x01c75f93) srli    t6, a4, 28
core   0: 3 0x80007c9c (0x01c75f93) x31 0x00000000
core   0: 0x80007ca0 (0x6e4e7693) andi    a3, t3, 1764
core   0: 3 0x80007ca0 (0x6e4e7693) x13 0x00000000
core   0: 0x80007ca4 (0x00ebdd13) srli    s10, s7, 14
core   0: 3 0x80007ca4 (0x00ebdd13) x26 0x00000000
core   0: 0x80007ca8 (0x01719f13) slli    t5, gp, 23
core   0: 3 0x80007ca8 (0x01719f13) x30 0xa2800000
core   0: 0x80007cac (0x4b3e3b17) auipc   s6, 0x4b3e3
core   0: 3 0x80007cac (0x4b3e3b17) x22 0xcb3eacac
core   0: 0x80007cb0 (0x40a78c33) sub     s8, a5, a0
core   0: 3 0x80007cb0 (0x40a78c33) x24 0x6a51d000
core   0: 0x80007cb4 (0x002a2033) slt     zero, s4, sp
core   0: 3 0x80007cb4 (0x002a2033)
core   0: 0x80007cb8 (0x00b0e133) or      sp, ra, a1
core   0: 3 0x80007cb8 (0x00b0e133) x 2 0x4221ef07
core   0: 0x80007cbc (0x01c31c13) slli    s8, t1, 28
core   0: 3 0x80007cbc (0x01c31c13) x24 0xa0000000
core   0: 0x80007cc0 (0x8fa30013) addi    zero, t1, -1798
core   0: 3 0x80007cc0 (0x8fa30013)
core   0: 0x80007cc4 (0x000670b3) and     ra, a2, zero
core   0: 3 0x80007cc4 (0x000670b3) x 1 0x00000000
core   0: 0x80007cc8 (0x007bbab3) sltu    s5, s7, t2
core   0: 3 0x80007cc8 (0x007bbab3) x21 0x00000001
core   0: 0x80007ccc (0x00e00ab3) add     s5, zero, a4
core   0: 3 0x80007ccc (0x00e00ab3) x21 0x00000000
core   0: 0x80007cd0 (0x44dcf813) andi    a6, s9, 1101
core   0: 3 0x80007cd0 (0x44dcf813) x16 0x00000444
core   0: 0x80007cd4 (0x44abb513) sltiu   a0, s7, 1098
core   0: 3 0x80007cd4 (0x44abb513) x10 0x00000001
core   0: 0x80007cd8 (0x9adccd13) xori    s10, s9, -1619
core   0: 3 0x80007cd8 (0x9adccd13) x26 0x7ffeb549
core   0: 0x80007cdc (0xef1df893) andi    a7, s11, -271
core   0: 3 0x80007cdc (0xef1df893) x17 0x00000080
core   0: 0x80007ce0 (0x003f6f33) or      t5, t5, gp
core   0: 3 0x80007ce0 (0x003f6f33) x30 0xfffffd45
core   0: 0x80007ce4 (0x017c23b3) slt     t2, s8, s7
core   0: 3 0x80007ce4 (0x017c23b3) x 7 0x00000001
core   0: 0x80007ce8 (0x29e1c293) xori    t0, gp, 670
core   0: 3 0x80007ce8 (0x29e1c293) x 5 0xffffffdb
core   0: 0x80007cec (0x15a02d93) slti    s11, zero, 346
core   0: 3 0x80007cec (0x15a02d93) x27 0x00000001
core   0: 0x80007cf0 (0x01811db3) sll     s11, sp, s8
core   0: 3 0x80007cf0 (0x01811db3) x27 0x4221ef07
core   0: 0x80007cf4 (0xe4f3bc37) lui     s8, 0xe4f3b
core   0: 3 0x80007cf4 (0xe4f3bc37) x24 0xe4f3b000
core   0: 0x80007cf8 (0x009c72b3) and     t0, s8, s1
core   0: 3 0x80007cf8 (0x009c72b3) x 5 0x64f3b000
core   0: 0x80007cfc (0x001099b3) sll     s3, ra, ra
core   0: 3 0x80007cfc (0x001099b3) x19 0x00000000
core   0: 0x80007d00 (0x0f404013) xori    zero, zero, 244
core   0: 3 0x80007d00 (0x0f404013)
core   0: 0x80007d04 (0x007cff33) and     t5, s9, t2
core   0: 3 0x80007d04 (0x007cff33) x30 0x00000000
core   0: 0x80007d08 (0x9e74c513) xori    a0, s1, -1561
core   0: 3 0x80007d08 (0x9e74c513) x10 0x80000627
core   0: 0x80007d0c (0x01876db3) or      s11, a4, s8
core   0: 3 0x80007d0c (0x01876db3) x27 0xe4f3b000
core   0: 0x80007d10 (0x00305fb3) srl     t6, zero, gp
core   0: 3 0x80007d10 (0x00305fb3) x31 0x00000000
core   0: 0x80007d14 (0xff1b7c13) andi    s8, s6, -15
core   0: 3 0x80007d14 (0xff1b7c13) x24 0xcb3eaca0
core   0: 0x80007d18 (0x0070ddb3) srl     s11, ra, t2
core   0: 3 0x80007d18 (0x0070ddb3) x27 0x00000000
core   0: 0x80007d1c (0x00d4f933) and     s2, s1, a3
core   0: 3 0x80007d1c (0x00d4f933) x18 0x00000000
core   0: 0x80007d20 (0x00000013) nop
core   0: 3 0x80007d20 (0x00000013)
core   0: 0x80007d24 (0x0135fb33) and     s6, a1, s3
core   0: 3 0x80007d24 (0x0135fb33) x22 0x00000000
core   0: 0x80007d28 (0x78e1bb13) sltiu   s6, gp, 1934
core   0: 3 0x80007d28 (0x78e1bb13) x22 0x00000000
core   0: 0x80007d2c (0x003671b3) and     gp, a2, gp
core   0: 3 0x80007d2c (0x003671b3) x 3 0x00000000
core   0: 0x80007d30 (0x01aa5493) srli    s1, s4, 26
core   0: 3 0x80007d30 (0x01aa5493) x 9 0x00000000
core   0: 0x80007d34 (0x007a7d33) and     s10, s4, t2
core   0: 3 0x80007d34 (0x007a7d33) x26 0x00000001
core   0: 0x80007d38 (0x016644b3) xor     s1, a2, s6
core   0: 3 0x80007d38 (0x016644b3) x 9 0x00000000
core   0: 0x80007d3c (0xfaa56493) ori     s1, a0, -86
core   0: 3 0x80007d3c (0xfaa56493) x 9 0xffffffaf
core   0: 0x80007d40 (0x00a6f9b3) and     s3, a3, a0
core   0: 3 0x80007d40 (0x00a6f9b3) x19 0x00000000
core   0: 0x80007d44 (0x00777c33) and     s8, a4, t2
core   0: 3 0x80007d44 (0x00777c33) x24 0x00000000
core   0: 0x80007d48 (0x2fd40897) auipc   a7, 0x2fd40
core   0: 3 0x80007d48 (0x2fd40897) x17 0xafd47d48
core   0: 0x80007d4c (0xbf83b013) sltiu   zero, t2, -1032
core   0: 3 0x80007d4c (0xbf83b013)
core   0: 0x80007d50 (0xe2340c13) addi    s8, s0, -477
core   0: 3 0x80007d50 (0xe2340c13) x24 0x80010c87
core   0: 0x80007d54 (0x40805933) sra     s2, zero, s0
core   0: 3 0x80007d54 (0x40805933) x18 0x00000000
core   0: 0x80007d58 (0x015ab1b3) sltu    gp, s5, s5
core   0: 3 0x80007d58 (0x015ab1b3) x 3 0x00000000
core   0: 0x80007d5c (0x0194c833) xor     a6, s1, s9
core   0: 3 0x80007d5c (0x0194c833) x16 0x7ffeb34b
core   0: 0x80007d60 (0x003d5f13) srli    t5, s10, 3
core   0: 3 0x80007d60 (0x003d5f13) x30 0x00000000
core   0: 0x80007d64 (0xddb99397) auipc   t2, 0xddb99
core   0: 3 0x80007d64 (0xddb99397) x 7 0x5dba0d64
core   0: 0x80007d68 (0xc6853f17) auipc   t5, 0xc6853
core   0: 3 0x80007d68 (0xc6853f17) x30 0x4685ad68
core   0: 0x80007d6c (0x4082d793) srai    a5, t0, 8
core   0: 3 0x80007d6c (0x4082d793) x15 0x0064f3b0
core   0: 0x80007d70 (0x00e1dd13) srli    s10, gp, 14
core   0: 3 0x80007d70 (0x00e1dd13) x26 0x00000000
core   0: 0x80007d74 (0x00703a33) snez    s4, t2
core   0: 3 0x80007d74 (0x00703a33) x20 0x00000001
core   0: 0x80007d78 (0x5ba24037) lui     zero, 0x5ba24
core   0: 3 0x80007d78 (0x5ba24037)
core   0: 0x80007d7c (0x41e880b3) sub     ra, a7, t5
core   0: 3 0x80007d7c (0x41e880b3) x 1 0x694ecfe0
core   0: 0x80007d80 (0x00000013) nop
core   0: 3 0x80007d80 (0x00000013)
core   0: 0x80007d84 (0x015fd293) srli    t0, t6, 21
core   0: 3 0x80007d84 (0x015fd293) x 5 0x00000000
core   0: 0x80007d88 (0xe3c2a913) slti    s2, t0, -452
core   0: 3 0x80007d88 (0xe3c2a913) x18 0x00000000
core   0: 0x80007d8c (0x013c0f33) add     t5, s8, s3
core   0: 3 0x80007d8c (0x013c0f33) x30 0x80010c87
core   0: 0x80007d90 (0x00023ab3) sltu    s5, tp, zero
core   0: 3 0x80007d90 (0x00023ab3) x21 0x00000000
core   0: 0x80007d94 (0x0083fa33) and     s4, t2, s0
core   0: 3 0x80007d94 (0x0083fa33) x20 0x00000c64
core   0: 0x80007d98 (0x1c70cf13) xori    t5, ra, 455
core   0: 3 0x80007d98 (0x1c70cf13) x30 0x694ece27
core   0: 0x80007d9c (0x00d127b3) slt     a5, sp, a3
core   0: 3 0x80007d9c (0x00d127b3) x15 0x00000000
core   0: 0x80007da0 (0x005e35b3) sltu    a1, t3, t0
core   0: 3 0x80007da0 (0x005e35b3) x11 0x00000000
core   0: 0x80007da4 (0x574b4913) xori    s2, s6, 1396
core   0: 3 0x80007da4 (0x574b4913) x18 0x00000574
core   0: 0x80007da8 (0x5e6f8493) addi    s1, t6, 1510
core   0: 3 0x80007da8 (0x5e6f8493) x 9 0x000005e6
core   0: 0x80007dac (0xfd09c793) xori    a5, s3, -48
core   0: 3 0x80007dac (0xfd09c793) x15 0xffffffd0
core   0: 0x80007db0 (0xc69f5217) auipc   tp, 0xc69f5
core   0: 3 0x80007db0 (0xc69f5217) x 4 0x469fcdb0
core   0: 0x80007db4 (0xd1ba4a13) xori    s4, s4, -741
core   0: 3 0x80007db4 (0xd1ba4a13) x20 0xfffff17f
core   0: 0x80007db8 (0x00000013) nop
core   0: 3 0x80007db8 (0x00000013)
core   0: 0x80007dbc (0x37b33f93) sltiu   t6, t1, 891
core   0: 3 0x80007dbc (0x37b33f93) x31 0x00000000
core   0: 0x80007dc0 (0x00000013) nop
core   0: 3 0x80007dc0 (0x00000013)
core   0: 0x80007dc4 (0x00f9c233) xor     tp, s3, a5
core   0: 3 0x80007dc4 (0x00f9c233) x 4 0xffffffd0
core   0: 0x80007dc8 (0x00180033) add     zero, a6, ra
core   0: 3 0x80007dc8 (0x00180033)
core   0: 0x80007dcc (0xb949de17) auipc   t3, 0xb949d
core   0: 3 0x80007dcc (0xb949de17) x28 0x394a4dcc
core   0: 0x80007dd0 (0xa2a8f893) andi    a7, a7, -1494
core   0: 3 0x80007dd0 (0xa2a8f893) x17 0xafd47808
core   0: 0x80007dd4 (0x01157733) and     a4, a0, a7
core   0: 3 0x80007dd4 (0x01157733) x14 0x80000000
core   0: 0x80007dd8 (0x017fb7b3) sltu    a5, t6, s7
core   0: 3 0x80007dd8 (0x017fb7b3) x15 0x00000001
core   0: 0x80007ddc (0x406cdb93) srai    s7, s9, 6
core   0: 3 0x80007ddc (0x406cdb93) x23 0xfe000533
core   0: 0x80007de0 (0x00a1b533) sltu    a0, gp, a0
core   0: 3 0x80007de0 (0x00a1b533) x10 0x00000001
core   0: 0x80007de4 (0xfae6fa93) andi    s5, a3, -82
core   0: 3 0x80007de4 (0xfae6fa93) x21 0x00000000
core   0: 0x80007de8 (0x253fb513) sltiu   a0, t6, 595
core   0: 3 0x80007de8 (0x253fb513) x10 0x00000001
core   0: 0x80007dec (0xeb666a13) ori     s4, a2, -330
core   0: 3 0x80007dec (0xeb666a13) x20 0xfffffeb6
core   0: 0x80007df0 (0xc8f2ff13) andi    t5, t0, -881
core   0: 3 0x80007df0 (0xc8f2ff13) x30 0x00000000
core   0: 0x80007df4 (0x46d86113) ori     sp, a6, 1133
core   0: 3 0x80007df4 (0x46d86113) x 2 0x7ffeb76f
core   0: 0x80007df8 (0x01d0f933) and     s2, ra, t4
core   0: 3 0x80007df8 (0x01d0f933) x18 0x00000000
core   0: 0x80007dfc (0x407e5c33) sra     s8, t3, t2
core   0: 3 0x80007dfc (0x407e5c33) x24 0x0394a4dc
core   0: 0x80007e00 (0x56483813) sltiu   a6, a6, 1380
core   0: 3 0x80007e00 (0x56483813) x16 0x00000000
core   0: 0x80007e04 (0x0005fe33) and     t3, a1, zero
core   0: 3 0x80007e04 (0x0005fe33) x28 0x00000000
core   0: 0x80007e08 (0x00f1fa33) and     s4, gp, a5
core   0: 3 0x80007e08 (0x00f1fa33) x20 0x00000000
core   0: 0x80007e0c (0x00000013) nop
core   0: 3 0x80007e0c (0x00000013)
core   0: 0x80007e10 (0x4043d033) sra     zero, t2, tp
core   0: 3 0x80007e10 (0x4043d033)
core   0: 0x80007e14 (0x0198dfb3) srl     t6, a7, s9
core   0: 3 0x80007e14 (0x0198dfb3) x31 0x0afd4780
core   0: 0x80007e18 (0x013dd693) srli    a3, s11, 19
core   0: 3 0x80007e18 (0x013dd693) x13 0x00000000
core   0: 0x80007e1c (0x0e372213) slti    tp, a4, 227
core   0: 3 0x80007e1c (0x0e372213) x 4 0x00000001
core   0: 0x80007e20 (0xb798a017) auipc   zero, 0xb798a
core   0: 3 0x80007e20 (0xb798a017)
core   0: 0x80007e24 (0x000c49b3) xor     s3, s8, zero
core   0: 3 0x80007e24 (0x000c49b3) x19 0x0394a4dc
core   0: 0x80007e28 (0x01bf9393) slli    t2, t6, 27
core   0: 3 0x80007e28 (0x01bf9393) x 7 0x00000000
core   0: 0x80007e2c (0x40245c33) sra     s8, s0, sp
core   0: 3 0x80007e2c (0x40245c33) x24 0xffff0002
core   0: 0x80007e30 (0x0005d6b3) srl     a3, a1, zero
core   0: 3 0x80007e30 (0x0005d6b3) x13 0x00000000
core   0: 0x80007e34 (0x00bf7733) and     a4, t5, a1
core   0: 3 0x80007e34 (0x00bf7733) x14 0x00000000
core   0: 0x80007e38 (0x002d4e33) xor     t3, s10, sp
core   0: 3 0x80007e38 (0x002d4e33) x28 0x7ffeb76f
core   0: 0x80007e3c (0x00000013) nop
core   0: 3 0x80007e3c (0x00000013)
core   0: 0x80007e40 (0x41f9d1b3) sra     gp, s3, t6
core   0: 3 0x80007e40 (0x41f9d1b3) x 3 0x0394a4dc
core   0: 0x80007e44 (0x00bd2733) slt     a4, s10, a1
core   0: 3 0x80007e44 (0x00bd2733) x14 0x00000000
core   0: 0x80007e48 (0x337d4013) xori    zero, s10, 823
core   0: 3 0x80007e48 (0x337d4013)
core   0: 0x80007e4c (0x0056a633) slt     a2, a3, t0
core   0: 3 0x80007e4c (0x0056a633) x12 0x00000000
core   0: 0x80007e50 (0x00000013) nop
core   0: 3 0x80007e50 (0x00000013)
core   0: 0x80007e54 (0xc66a3313) sltiu   t1, s4, -922
core   0: 3 0x80007e54 (0xc66a3313) x 6 0x00000001
core   0: 0x80007e58 (0x016b5513) srli    a0, s6, 22
core   0: 3 0x80007e58 (0x016b5513) x10 0x00000000
core   0: 0x80007e5c (0x00850bb3) add     s7, a0, s0
core   0: 3 0x80007e5c (0x00850bb3) x23 0x80010e64
core   0: 0x80007e60 (0x0091c133) xor     sp, gp, s1
core   0: 3 0x80007e60 (0x0091c133) x 2 0x0394a13a
core   0: 0x80007e64 (0x00a2f633) and     a2, t0, a0
core   0: 3 0x80007e64 (0x00a2f633) x12 0x00000000
core   0: 0x80007e68 (0x3767c313) xori    t1, a5, 886
core   0: 3 0x80007e68 (0x3767c313) x 6 0x00000377
core   0: 0x80007e6c (0x019a4ab3) xor     s5, s4, s9
core   0: 3 0x80007e6c (0x019a4ab3) x21 0x80014ce4
core   0: 0x80007e70 (0x00deb733) sltu    a4, t4, a3
core   0: 3 0x80007e70 (0x00deb733) x14 0x00000000
core   0: 0x80007e74 (0x019bb733) sltu    a4, s7, s9
core   0: 3 0x80007e74 (0x019bb733) x14 0x00000001
core   0: 0x80007e78 (0xa567fd93) andi    s11, a5, -1450
core   0: 3 0x80007e78 (0xa567fd93) x27 0x00000000
core   0: 0x80007e7c (0x00000013) nop
core   0: 3 0x80007e7c (0x00000013)
core   0: 0x80007e80 (0x8eba6393) ori     t2, s4, -1813
core   0: 3 0x80007e80 (0x8eba6393) x 7 0xfffff8eb
core   0: 0x80007e84 (0x015b4137) lui     sp, 0x15b4
core   0: 3 0x80007e84 (0x015b4137) x 2 0x015b4000
core   0: 0x80007e88 (0xf875a593) slti    a1, a1, -121
core   0: 3 0x80007e88 (0xf875a593) x11 0x00000000
core   0: 0x80007e8c (0x0012d4b3) srl     s1, t0, ra
core   0: 3 0x80007e8c (0x0012d4b3) x 9 0x00000000
core   0: 0x80007e90 (0xf8ec8893) addi    a7, s9, -114
core   0: 3 0x80007e90 (0xf8ec8893) x17 0x80014c72
core   0: 0x80007e94 (0x01ef7d33) and     s10, t5, t5
core   0: 3 0x80007e94 (0x01ef7d33) x26 0x00000000
core   0: 0x80007e98 (0xa051e637) lui     a2, 0xa051e
core   0: 3 0x80007e98 (0xa051e637) x12 0xa051e000
core   0: 0x80007e9c (0x003efbb3) and     s7, t4, gp
core   0: 3 0x80007e9c (0x003efbb3) x23 0x00000000
core   0: 0x80007ea0 (0xab573237) lui     tp, 0xab573
core   0: 3 0x80007ea0 (0xab573237) x 4 0xab573000
core   0: 0x80007ea4 (0x00b184b3) add     s1, gp, a1
core   0: 3 0x80007ea4 (0x00b184b3) x 9 0x0394a4dc
core   0: 0x80007ea8 (0x40010b33) sub     s6, sp, zero
core   0: 3 0x80007ea8 (0x40010b33) x22 0x015b4000
core   0: 0x80007eac (0x4db78a13) addi    s4, a5, 1243
core   0: 3 0x80007eac (0x4db78a13) x20 0x000004dc
core   0: 0x80007eb0 (0x4c0a8713) addi    a4, s5, 1216
core   0: 3 0x80007eb0 (0x4c0a8713) x14 0x800151a4
core   0: 0x80007eb4 (0x41f0dd13) srai    s10, ra, 31
core   0: 3 0x80007eb4 (0x41f0dd13) x26 0x00000000
core   0: 0x80007eb8 (0x008b51b3) srl     gp, s6, s0
core   0: 3 0x80007eb8 (0x008b51b3) x 3 0x0015b400
core   0: 0x80007ebc (0x3d7f0813) addi    a6, t5, 983
core   0: 3 0x80007ebc (0x3d7f0813) x16 0x000003d7
core   0: 0x80007ec0 (0x5a14e193) ori     gp, s1, 1441
core   0: 3 0x80007ec0 (0x5a14e193) x 3 0x0394a5fd
core   0: 0x80007ec4 (0x4140db13) srai    s6, ra, 20
core   0: 3 0x80007ec4 (0x4140db13) x22 0x00000694
core   0: 0x80007ec8 (0x00f64633) xor     a2, a2, a5
core   0: 3 0x80007ec8 (0x00f64633) x12 0xa051e001
core   0: 0x80007ecc (0xbbd70d93) addi    s11, a4, -1091
core   0: 3 0x80007ecc (0xbbd70d93) x27 0x80014d61
core   0: 0x80007ed0 (0x011cb333) sltu    t1, s9, a7
core   0: 3 0x80007ed0 (0x011cb333) x 6 0x00000000
core   0: 0x80007ed4 (0x40408533) sub     a0, ra, tp
core   0: 3 0x80007ed4 (0x40408533) x10 0xbdf79fe0
core   0: 0x80007ed8 (0x00000013) nop
core   0: 3 0x80007ed8 (0x00000013)
core   0: 0x80007edc (0x012e9593) slli    a1, t4, 18
core   0: 3 0x80007edc (0x012e9593) x11 0x00000000
core   0: 0x80007ee0 (0x00b725b3) slt     a1, a4, a1
core   0: 3 0x80007ee0 (0x00b725b3) x11 0x00000001
core   0: 0x80007ee4 (0x1fba7793) andi    a5, s4, 507
core   0: 3 0x80007ee4 (0x1fba7793) x15 0x000000d8
core   0: 0x80007ee8 (0xbe17f613) andi    a2, a5, -1055
core   0: 3 0x80007ee8 (0xbe17f613) x12 0x000000c0
core   0: 0x80007eec (0x0109cdb3) xor     s11, s3, a6
core   0: 3 0x80007eec (0x0109cdb3) x27 0x0394a70b
core   0: 0x80007ef0 (0x00067033) and     zero, a2, zero
core   0: 3 0x80007ef0 (0x00067033)
core   0: 0x80007ef4 (0x0136b3b3) sltu    t2, a3, s3
core   0: 3 0x80007ef4 (0x0136b3b3) x 7 0x00000001
core   0: 0x80007ef8 (0x01da4ab3) xor     s5, s4, t4
core   0: 3 0x80007ef8 (0x01da4ab3) x21 0x800004dc
core   0: 0x80007efc (0x1f6ae393) ori     t2, s5, 502
core   0: 3 0x80007efc (0x1f6ae393) x 7 0x800005fe
core   0: 0x80007f00 (0x00000013) nop
core   0: 3 0x80007f00 (0x00000013)
core   0: 0x80007f04 (0x4030df93) srai    t6, ra, 3
core   0: 3 0x80007f04 (0x4030df93) x31 0x0d29d9fc
core   0: 0x80007f08 (0xfaa53893) sltiu   a7, a0, -86
core   0: 3 0x80007f08 (0xfaa53893) x17 0x00000001
core   0: 0x80007f0c (0x0019d493) srli    s1, s3, 1
core   0: 3 0x80007f0c (0x0019d493) x 9 0x01ca526e
core   0: 0x80007f10 (0x01c27533) and     a0, tp, t3
core   0: 3 0x80007f10 (0x01c27533) x10 0x2b563000
core   0: 0x80007f14 (0x406a5513) srai    a0, s4, 6
core   0: 3 0x80007f14 (0x406a5513) x10 0x00000013
core   0: 0x80007f18 (0x1f547d93) andi    s11, s0, 501
core   0: 3 0x80007f18 (0x1f547d93) x27 0x00000064
core   0: 0x80007f1c (0xaeca6d93) ori     s11, s4, -1300
core   0: 3 0x80007f1c (0xaeca6d93) x27 0xfffffefc
core   0: 0x80007f20 (0x01261313) slli    t1, a2, 18
core   0: 3 0x80007f20 (0x01261313) x 6 0x03000000
core   0: 0x80007f24 (0x00704933) xor     s2, zero, t2
core   0: 3 0x80007f24 (0x00704933) x18 0x800005fe
core   0: 0x80007f28 (0x8cd3aa37) lui     s4, 0x8cd3a
core   0: 3 0x80007f28 (0x8cd3aa37) x20 0x8cd3a000
core   0: 0x80007f2c (0x33497793) andi    a5, s2, 820
core   0: 3 0x80007f2c (0x33497793) x15 0x00000134
core   0: 0x80007f30 (0x013ad733) srl     a4, s5, s3
core   0: 3 0x80007f30 (0x013ad733) x14 0x00000008
core   0: 0x80007f34 (0x0144d633) srl     a2, s1, s4
core   0: 3 0x80007f34 (0x0144d633) x12 0x01ca526e
core   0: 0x80007f38 (0x014ad913) srli    s2, s5, 20
core   0: 3 0x80007f38 (0x014ad913) x18 0x00000800
core   0: 0x80007f3c (0x00084533) xor     a0, a6, zero
core   0: 3 0x80007f3c (0x00084533) x10 0x000003d7
core   0: 0x80007f40 (0x012c5ab3) srl     s5, s8, s2
core   0: 3 0x80007f40 (0x012c5ab3) x21 0xffff0002
core   0: 0x80007f44 (0x03238493) addi    s1, t2, 50
core   0: 3 0x80007f44 (0x03238493) x 9 0x80000630
core   0: 0x80007f48 (0x41d554b3) sra     s1, a0, t4
core   0: 3 0x80007f48 (0x41d554b3) x 9 0x000003d7
core   0: 0x80007f4c (0xfc272993) slti    s3, a4, -62
core   0: 3 0x80007f4c (0xfc272993) x19 0x00000000
core   0: 0x80007f50 (0x40c988b3) sub     a7, s3, a2
core   0: 3 0x80007f50 (0x40c988b3) x17 0xfe35ad92
core   0: 0x80007f54 (0x40dfd913) srai    s2, t6, 13
core   0: 3 0x80007f54 (0x40dfd913) x18 0x0000694e
core   0: 0x80007f58 (0xfcbd46b7) lui     a3, 0xfcbd4
core   0: 3 0x80007f58 (0xfcbd46b7) x13 0xfcbd4000
core   0: 0x80007f5c (0x95f6b313) sltiu   t1, a3, -1697
core   0: 3 0x80007f5c (0x95f6b313) x 6 0x00000001
core   0: 0x80007f60 (0x015beab3) or      s5, s7, s5
core   0: 3 0x80007f60 (0x015beab3) x21 0xffff0002
core   0: 0x80007f64 (0x009ab233) sltu    tp, s5, s1
core   0: 3 0x80007f64 (0x009ab233) x 4 0x00000000
core   0: 0x80007f68 (0xd83a6893) ori     a7, s4, -637
core   0: 3 0x80007f68 (0xd83a6893) x17 0xfffffd83
core   0: 0x80007f6c (0x01f8b133) sltu    sp, a7, t6
core   0: 3 0x80007f6c (0x01f8b133) x 2 0x00000000
core   0: 0x80007f70 (0x00000013) nop
core   0: 3 0x80007f70 (0x00000013)
core   0: 0x80007f74 (0x00274033) xor     zero, a4, sp
core   0: 3 0x80007f74 (0x00274033)
core   0: 0x80007f78 (0x00e89f13) slli    t5, a7, 14
core   0: 3 0x80007f78 (0x00e89f13) x30 0xff60c000
core   0: 0x80007f7c (0x01289c13) slli    s8, a7, 18
core   0: 3 0x80007f7c (0x01289c13) x24 0xf60c0000
core   0: 0x80007f80 (0x6fc5ef97) auipc   t6, 0x6fc5e
core   0: 3 0x80007f80 (0x6fc5ef97) x31 0xefc65f80
core   0: 0x80007f84 (0x41f5d3b3) sra     t2, a1, t6
core   0: 3 0x80007f84 (0x41f5d3b3) x 7 0x00000001
core   0: 0x80007f88 (0xb3f10613) addi    a2, sp, -1217
core   0: 3 0x80007f88 (0xb3f10613) x12 0xfffffb3f
core   0: 0x80007f8c (0x13b1a037) lui     zero, 0x13b1a
core   0: 3 0x80007f8c (0x13b1a037)
core   0: 0x80007f90 (0x41295993) srai    s3, s2, 18
core   0: 3 0x80007f90 (0x41295993) x19 0x00000000
core   0: 0x80007f94 (0x41dbd7b3) sra     a5, s7, t4
core   0: 3 0x80007f94 (0x41dbd7b3) x15 0x00000000
core   0: 0x80007f98 (0x4037d033) sra     zero, a5, gp
core   0: 3 0x80007f98 (0x4037d033)
core   0: 0x80007f9c (0x00213c33) sltu    s8, sp, sp
core   0: 3 0x80007f9c (0x00213c33) x24 0x00000000
core   0: 0x80007fa0 (0x00291093) slli    ra, s2, 2
core   0: 3 0x80007fa0 (0x00291093) x 1 0x0001a538
core   0: 0x80007fa4 (0x418b8ab3) sub     s5, s7, s8
core   0: 3 0x80007fa4 (0x418b8ab3) x21 0x00000000
core   0: 0x80007fa8 (0x0148ddb3) srl     s11, a7, s4
core   0: 3 0x80007fa8 (0x0148ddb3) x27 0xfffffd83
core   0: 0x80007fac (0x1c53e393) ori     t2, t2, 453
core   0: 3 0x80007fac (0x1c53e393) x 7 0x000001c5
core   0: 0x80007fb0 (0x9a684313) xori    t1, a6, -1626
core   0: 3 0x80007fb0 (0x9a684313) x 6 0xfffffa71
core   0: 0x80007fb4 (0x001626b3) slt     a3, a2, ra
core   0: 3 0x80007fb4 (0x001626b3) x13 0x00000001
core   0: 0x80007fb8 (0x0162f5b3) and     a1, t0, s6
core   0: 3 0x80007fb8 (0x0162f5b3) x11 0x00000000
core   0: 0x80007fbc (0x011ffbb3) and     s7, t6, a7
core   0: 3 0x80007fbc (0x011ffbb3) x23 0xefc65d80
core   0: 0x80007fc0 (0x00d904b3) add     s1, s2, a3
core   0: 3 0x80007fc0 (0x00d904b3) x 9 0x0000694f
core   0: 0x80007fc4 (0x00f99bb3) sll     s7, s3, a5
core   0: 3 0x80007fc4 (0x00f99bb3) x23 0x00000000
core   0: 0x80007fc8 (0x00a454b3) srl     s1, s0, a0
core   0: 3 0x80007fc8 (0x00a454b3) x 9 0x00000100
core   0: 0x80007fcc (0xeb542b93) slti    s7, s0, -331
core   0: 3 0x80007fcc (0xeb542b93) x23 0x00000001
core   0: 0x80007fd0 (0x7f4b0293) addi    t0, s6, 2036
core   0: 3 0x80007fd0 (0x7f4b0293) x 5 0x00000e88
core   0: 0x80007fd4 (0x01299293) slli    t0, s3, 18
core   0: 3 0x80007fd4 (0x01299293) x 5 0x00000000
core   0: 0x80007fd8 (0x41655833) sra     a6, a0, s6
core   0: 3 0x80007fd8 (0x41655833) x16 0x00000000
core   0: 0x80007fdc (0x00fbc1b3) xor     gp, s7, a5
core   0: 3 0x80007fdc (0x00fbc1b3) x 3 0x00000001
core   0: 0x80007fe0 (0x19f77713) andi    a4, a4, 415
core   0: 3 0x80007fe0 (0x19f77713) x14 0x00000008
core   0: 0x80007fe4 (0x41825f33) sra     t5, tp, s8
core   0: 3 0x80007fe4 (0x41825f33) x30 0x00000000
core   0: 0x80007fe8 (0x9f653a93) sltiu   s5, a0, -1546
core   0: 3 0x80007fe8 (0x9f653a93) x21 0x00000001
core   0: 0x80007fec (0x00b66ab3) or      s5, a2, a1
core   0: 3 0x80007fec (0x00b66ab3) x21 0xfffffb3f
core   0: 0x80007ff0 (0x0012dab3) srl     s5, t0, ra
core   0: 3 0x80007ff0 (0x0012dab3) x21 0x00000000
core   0: 0x80007ff4 (0x409051b3) sra     gp, zero, s1
core   0: 3 0x80007ff4 (0x409051b3) x 3 0x00000000
core   0: 0x80007ff8 (0x97ea2b13) slti    s6, s4, -1666
core   0: 3 0x80007ff8 (0x97ea2b13) x22 0x00000001
core   0: 0x80007ffc (0x00000013) nop
core   0: 3 0x80007ffc (0x00000013)
core   0: 0x80008000 (0x6d3caf93) slti    t6, s9, 1747
core   0: 3 0x80008000 (0x6d3caf93) x31 0x00000001
core   0: 0x80008004 (0x40d4d713) srai    a4, s1, 13
core   0: 3 0x80008004 (0x40d4d713) x14 0x00000000
core   0: 0x80008008 (0xc8248913) addi    s2, s1, -894
core   0: 3 0x80008008 (0xc8248913) x18 0xfffffd82
core   0: 0x8000800c (0x002e0a33) add     s4, t3, sp
core   0: 3 0x8000800c (0x002e0a33) x20 0x7ffeb76f
core   0: 0x80008010 (0x400ada33) sra     s4, s5, zero
core   0: 3 0x80008010 (0x400ada33) x20 0x00000000
core   0: 0x80008014 (0x00c4b633) sltu    a2, s1, a2
core   0: 3 0x80008014 (0x00c4b633) x12 0x00000001
core   0: 0x80008018 (0x00565833) srl     a6, a2, t0
core   0: 3 0x80008018 (0x00565833) x16 0x00000001
core   0: 0x8000801c (0x4066d233) sra     tp, a3, t1
core   0: 3 0x8000801c (0x4066d233) x 4 0x00000000
core   0: 0x80008020 (0x0d494fb7) lui     t6, 0xd494
core   0: 3 0x80008020 (0x0d494fb7) x31 0x0d494000
core   0: 0x80008024 (0x40d98ab3) sub     s5, s3, a3
core   0: 3 0x80008024 (0x40d98ab3) x21 0xffffffff
core   0: 0x80008028 (0x00af2ab3) slt     s5, t5, a0
core   0: 3 0x80008028 (0x00af2ab3) x21 0x00000001
core   0: 0x8000802c (0x0117c733) xor     a4, a5, a7
core   0: 3 0x8000802c (0x0117c733) x14 0xfffffd83
core   0: 0x80008030 (0x418e5233) sra     tp, t3, s8
core   0: 3 0x80008030 (0x418e5233) x 4 0x7ffeb76f
core   0: 0x80008034 (0x0029d933) srl     s2, s3, sp
core   0: 3 0x80008034 (0x0029d933) x18 0x00000000
core   0: 0x80008038 (0x013d98b3) sll     a7, s11, s3
core   0: 3 0x80008038 (0x013d98b3) x17 0xfffffd83
core   0: 0x8000803c (0x6acee337) lui     t1, 0x6acee
core   0: 3 0x8000803c (0x6acee337) x 6 0x6acee000
core   0: 0x80008040 (0x002762b3) or      t0, a4, sp
core   0: 3 0x80008040 (0x002762b3) x 5 0xfffffd83
core   0: 0x80008044 (0x012297b3) sll     a5, t0, s2
core   0: 3 0x80008044 (0x012297b3) x15 0xfffffd83
core   0: 0x80008048 (0x41dcd713) srai    a4, s9, 29
core   0: 3 0x80008048 (0x41dcd713) x14 0xfffffffc
core   0: 0x8000804c (0x00000013) nop
core   0: 3 0x8000804c (0x00000013)
core   0: 0x80008050 (0x7c548a93) addi    s5, s1, 1989
core   0: 3 0x80008050 (0x7c548a93) x21 0x000008c5
core   0: 0x80008054 (0x00f124b3) slt     s1, sp, a5
core   0: 3 0x80008054 (0x00f124b3) x 9 0x00000000
core   0: 0x80008058 (0x01bf1a93) slli    s5, t5, 27
core   0: 3 0x80008058 (0x01bf1a93) x21 0x00000000
core   0: 0x8000805c (0x0041dd93) srli    s11, gp, 4
core   0: 3 0x8000805c (0x0041dd93) x27 0x00000000
core   0: 0x80008060 (0xe3f86293) ori     t0, a6, -449
core   0: 3 0x80008060 (0xe3f86293) x 5 0xfffffe3f
core   0: 0x80008064 (0x004b3db3) sltu    s11, s6, tp
core   0: 3 0x80008064 (0x004b3db3) x27 0x00000001
core   0: 0x80008068 (0x0176afb3) slt     t6, a3, s7
core   0: 3 0x80008068 (0x0176afb3) x31 0x00000000
core   0: 0x8000806c (0x00c68fb3) add     t6, a3, a2
core   0: 3 0x8000806c (0x00c68fb3) x31 0x00000002
core   0: 0x80008070 (0x25987b93) andi    s7, a6, 601
core   0: 3 0x80008070 (0x25987b93) x23 0x00000001
core   0: 0x80008074 (0xc81e3693) sltiu   a3, t3, -895
core   0: 3 0x80008074 (0xc81e3693) x13 0x00000001
core   0: 0x80008078 (0x009aa1b3) slt     gp, s5, s1
core   0: 3 0x80008078 (0x009aa1b3) x 3 0x00000000
core   0: 0x8000807c (0x4023d293) srai    t0, t2, 2
core   0: 3 0x8000807c (0x4023d293) x 5 0x00000071
core   0: 0x80008080 (0x00000013) nop
core   0: 3 0x80008080 (0x00000013)
core   0: 0x80008084 (0x00798fb3) add     t6, s3, t2
core   0: 3 0x80008084 (0x00798fb3) x31 0x000001c5
core   0: 0x80008088 (0x01df0f33) add     t5, t5, t4
core   0: 3 0x80008088 (0x01df0f33) x30 0x80000000
core   0: 0x8000808c (0xfb76fc13) andi    s8, a3, -73
core   0: 3 0x8000808c (0xfb76fc13) x24 0x00000001
core   0: 0x80008090 (0x0078db13) srli    s6, a7, 7
core   0: 3 0x80008090 (0x0078db13) x22 0x01fffffb
core   0: 0x80008094 (0x00000013) nop
core   0: 3 0x80008094 (0x00000013)
core   0: 0x80008098 (0x01c21d33) sll     s10, tp, t3
core   0: 3 0x80008098 (0x01c21d33) x26 0x5bb78000
core   0: 0x8000809c (0xa32b4293) xori    t0, s6, -1486
core   0: 3 0x8000809c (0xa32b4293) x 5 0xfe0005c9
core   0: 0x800080a0 (0x00b75ab3) srl     s5, a4, a1
core   0: 3 0x800080a0 (0x00b75ab3) x21 0xfffffffc
core   0: 0x800080a4 (0x4f4cb197) auipc   gp, 0x4f4cb
core   0: 3 0x800080a4 (0x4f4cb197) x 3 0xcf4d30a4
core   0: 0x800080a8 (0x001594b3) sll     s1, a1, ra
core   0: 3 0x800080a8 (0x001594b3) x 9 0x00000000
core   0: 0x800080ac (0x00000013) nop
core   0: 3 0x800080ac (0x00000013)
core   0: 0x800080b0 (0x00000013) nop
core   0: 3 0x800080b0 (0x00000013)
core   0: 0x800080b4 (0x41f5df93) srai    t6, a1, 31
core   0: 3 0x800080b4 (0x41f5df93) x31 0x00000000
core   0: 0x800080b8 (0x00249db3) sll     s11, s1, sp
core   0: 3 0x800080b8 (0x00249db3) x27 0x00000000
core   0: 0x800080bc (0x010b5213) srli    tp, s6, 16
core   0: 3 0x800080bc (0x010b5213) x 4 0x000001ff
core   0: 0x800080c0 (0x00f100b3) add     ra, sp, a5
core   0: 3 0x800080c0 (0x00f100b3) x 1 0xfffffd83
core   0: 0x800080c4 (0x4e88c893) xori    a7, a7, 1256
core   0: 3 0x800080c4 (0x4e88c893) x17 0xfffff96b
core   0: 0x800080c8 (0x00825313) srli    t1, tp, 8
core   0: 3 0x800080c8 (0x00825313) x 6 0x00000001
core   0: 0x800080cc (0x41df0d33) sub     s10, t5, t4
core   0: 3 0x800080cc (0x41df0d33) x26 0x00000000
core   0: 0x800080d0 (0xbe3a9237) lui     tp, 0xbe3a9
core   0: 3 0x800080d0 (0xbe3a9237) x 4 0xbe3a9000
core   0: 0x800080d4 (0x404057b3) sra     a5, zero, tp
core   0: 3 0x800080d4 (0x404057b3) x15 0x00000000
core   0: 0x800080d8 (0x013a5993) srli    s3, s4, 19
core   0: 3 0x800080d8 (0x013a5993) x19 0x00000000
core   0: 0x800080dc (0x01951633) sll     a2, a0, s9
core   0: 3 0x800080dc (0x01951633) x12 0x00003d70
core   0: 0x800080e0 (0x00e822b3) slt     t0, a6, a4
core   0: 3 0x800080e0 (0x00e822b3) x 5 0x00000000
core   0: 0x800080e4 (0x01b98233) add     tp, s3, s11
core   0: 3 0x800080e4 (0x01b98233) x 4 0x00000000
core   0: 0x800080e8 (0x1b97f837) lui     a6, 0x1b97f
core   0: 3 0x800080e8 (0x1b97f837) x16 0x1b97f000
core   0: 0x800080ec (0x012e17b3) sll     a5, t3, s2
core   0: 3 0x800080ec (0x012e17b3) x15 0x7ffeb76f
core   0: 0x800080f0 (0x41bfd733) sra     a4, t6, s11
core   0: 3 0x800080f0 (0x41bfd733) x14 0x00000000
core   0: 0x800080f4 (0x00f3a033) slt     zero, t2, a5
core   0: 3 0x800080f4 (0x00f3a033)
core   0: 0x800080f8 (0x00f895b3) sll     a1, a7, a5
core   0: 3 0x800080f8 (0x00f895b3) x11 0xfcb58000
core   0: 0x800080fc (0x000934b3) sltu    s1, s2, zero
core   0: 3 0x800080fc (0x000934b3) x 9 0x00000000
core   0: 0x80008100 (0x0115b6b3) sltu    a3, a1, a7
core   0: 3 0x80008100 (0x0115b6b3) x13 0x00000001
core   0: 0x80008104 (0x014d1c33) sll     s8, s10, s4
core   0: 3 0x80008104 (0x014d1c33) x24 0x00000000
core   0: 0x80008108 (0x016241b3) xor     gp, tp, s6
core   0: 3 0x80008108 (0x016241b3) x 3 0x01fffffb
core   0: 0x8000810c (0x405905b3) sub     a1, s2, t0
core   0: 3 0x8000810c (0x405905b3) x11 0x00000000
core   0: 0x80008110 (0x01c660b3) or      ra, a2, t3
core   0: 3 0x80008110 (0x01c660b3) x 1 0x7ffebf7f
core   0: 0x80008114 (0x00e4a8b3) slt     a7, s1, a4
core   0: 3 0x80008114 (0x00e4a8b3) x17 0x00000000
core   0: 0x80008118 (0x0196e7b3) or      a5, a3, s9
core   0: 3 0x80008118 (0x0196e7b3) x15 0x80014ce5
core   0: 0x8000811c (0x01187133) and     sp, a6, a7
core   0: 3 0x8000811c (0x01187133) x 2 0x00000000
core   0: 0x80008120 (0x7ab16393) ori     t2, sp, 1963
core   0: 3 0x80008120 (0x7ab16393) x 7 0x000007ab
core   0: 0x80008124 (0x00000013) nop
core   0: 3 0x80008124 (0x00000013)
core   0: 0x80008128 (0x01c276b3) and     a3, tp, t3
core   0: 3 0x80008128 (0x01c276b3) x13 0x00000000
core   0: 0x8000812c (0xd3b96713) ori     a4, s2, -709
core   0: 3 0x8000812c (0xd3b96713) x14 0xfffffd3b
core   0: 0x80008130 (0x003285b3) add     a1, t0, gp
core   0: 3 0x80008130 (0x003285b3) x11 0x01fffffb
core   0: 0x80008134 (0x00536733) or      a4, t1, t0
core   0: 3 0x80008134 (0x00536733) x14 0x00000001
core   0: 0x80008138 (0x41d3d893) srai    a7, t2, 29
core   0: 3 0x80008138 (0x41d3d893) x17 0x00000000
core   0: 0x8000813c (0x41d0dc33) sra     s8, ra, t4
core   0: 3 0x8000813c (0x41d0dc33) x24 0x7ffebf7f
core   0: 0x80008140 (0x013943b3) xor     t2, s2, s3
core   0: 3 0x80008140 (0x013943b3) x 7 0x00000000
core   0: 0x80008144 (0x5b283b93) sltiu   s7, a6, 1458
core   0: 3 0x80008144 (0x5b283b93) x23 0x00000000
core   0: 0x80008148 (0x01b6e233) or      tp, a3, s11
core   0: 3 0x80008148 (0x01b6e233) x 4 0x00000000
core   0: 0x8000814c (0x00987d33) and     s10, a6, s1
core   0: 3 0x8000814c (0x00987d33) x26 0x00000000
core   0: 0x80008150 (0x406bd013) srai    zero, s7, 6
core   0: 3 0x80008150 (0x406bd013)
core   0: 0x80008154 (0x009abf33) sltu    t5, s5, s1
core   0: 3 0x80008154 (0x009abf33) x30 0x00000000
core   0: 0x80008158 (0x30544613) xori    a2, s0, 773
core   0: 3 0x80008158 (0x30544613) x12 0x80010d61
core   0: 0x8000815c (0x0076a3b3) slt     t2, a3, t2
core   0: 3 0x8000815c (0x0076a3b3) x 7 0x00000000
core   0: 0x80008160 (0x001f84b3) add     s1, t6, ra
core   0: 3 0x80008160 (0x001f84b3) x 9 0x7ffebf7f
core   0: 0x80008164 (0x009de633) or      a2, s11, s1
core   0: 3 0x80008164 (0x009de633) x12 0x7ffebf7f
core   0: 0x80008168 (0x03f56013) ori     zero, a0, 63
core   0: 3 0x80008168 (0x03f56013)
core   0: 0x8000816c (0xbfc37c37) lui     s8, 0xbfc37
core   0: 3 0x8000816c (0xbfc37c37) x24 0xbfc37000
core   0: 0x80008170 (0x41095b13) srai    s6, s2, 16
core   0: 3 0x80008170 (0x41095b13) x22 0x00000000
core   0: 0x80008174 (0xad8da493) slti    s1, s11, -1320
core   0: 3 0x80008174 (0xad8da493) x 9 0x00000000
core   0: 0x80008178 (0x008de233) or      tp, s11, s0
core   0: 3 0x80008178 (0x008de233) x 4 0x80010e64
core   0: 0x8000817c (0xd1b0ec13) ori     s8, ra, -741
core   0: 3 0x8000817c (0xd1b0ec13) x24 0xffffff7f
core   0: 0x80008180 (0x0e836d13) ori     s10, t1, 232
core   0: 3 0x80008180 (0x0e836d13) x26 0x000000e9
core   0: 0x80008184 (0x26fd2a93) slti    s5, s10, 623
core   0: 3 0x80008184 (0x26fd2a93) x21 0x00000001
core   0: 0x80008188 (0x00497c33) and     s8, s2, tp
core   0: 3 0x80008188 (0x00497c33) x24 0x00000000
core   0: 0x8000818c (0x01149313) slli    t1, s1, 17
core   0: 3 0x8000818c (0x01149313) x 6 0x00000000
core   0: 0x80008190 (0x016cc4b3) xor     s1, s9, s6
core   0: 3 0x80008190 (0x016cc4b3) x 9 0x80014ce4
core   0: 0x80008194 (0x008141b3) xor     gp, sp, s0
core   0: 3 0x80008194 (0x008141b3) x 3 0x80010e64
core   0: 0x80008198 (0xd6460f93) addi    t6, a2, -668
core   0: 3 0x80008198 (0xd6460f93) x31 0x7ffebce3
core   0: 0x8000819c (0x01b003b3) add     t2, zero, s11
core   0: 3 0x8000819c (0x01b003b3) x 7 0x00000000
core   0: 0x800081a0 (0x000bee33) or      t3, s7, zero
core   0: 3 0x800081a0 (0x000bee33) x28 0x00000000
core   0: 0x800081a4 (0x29bf3517) auipc   a0, 0x29bf3
core   0: 3 0x800081a4 (0x29bf3517) x10 0xa9bfb1a4
core   0: 0x800081a8 (0x0000c533) xor     a0, ra, zero
core   0: 3 0x800081a8 (0x0000c533) x10 0x7ffebf7f
core   0: 0x800081ac (0x00c905b3) add     a1, s2, a2
core   0: 3 0x800081ac (0x00c905b3) x11 0x7ffebf7f
core   0: 0x800081b0 (0xec3e7013) andi    zero, t3, -317
core   0: 3 0x800081b0 (0xec3e7013)
core   0: 0x800081b4 (0x00c60fb3) add     t6, a2, a2
core   0: 3 0x800081b4 (0x00c60fb3) x31 0xfffd7efe
core   0: 0x800081b8 (0x01534fb3) xor     t6, t1, s5
core   0: 3 0x800081b8 (0x01534fb3) x31 0x00000001
core   0: 0x800081bc (0x40efdd13) srai    s10, t6, 14
core   0: 3 0x800081bc (0x40efdd13) x26 0x00000000
core   0: 0x800081c0 (0x01456fb3) or      t6, a0, s4
core   0: 3 0x800081c0 (0x01456fb3) x31 0x7ffebf7f
core   0: 0x800081c4 (0x00a028b3) slt     a7, zero, a0
core   0: 3 0x800081c4 (0x00a028b3) x17 0x00000001
core   0: 0x800081c8 (0x87696b37) lui     s6, 0x87696
core   0: 3 0x800081c8 (0x87696b37) x22 0x87696000
core   0: 0x800081cc (0x01359b13) slli    s6, a1, 19
core   0: 3 0x800081cc (0x01359b13) x22 0xfbf80000
core   0: 0x800081d0 (0x00723bb3) sltu    s7, tp, t2
core   0: 3 0x800081d0 (0x00723bb3) x23 0x00000000
core   0: 0x800081d4 (0x01e4cc33) xor     s8, s1, t5
core   0: 3 0x800081d4 (0x01e4cc33) x24 0x80014ce4
core   0: 0x800081d8 (0x46b24813) xori    a6, tp, 1131
core   0: 3 0x800081d8 (0x46b24813) x16 0x80010a0f
core   0: 0x800081dc (0x40035713) srai    a4, t1, 0
core   0: 3 0x800081dc (0x40035713) x14 0x00000000
core   0: 0x800081e0 (0xe0276697) auipc   a3, 0xe0276
core   0: 3 0x800081e0 (0xe0276697) x13 0x6027e1e0
core   0: 0x800081e4 (0x0113afb3) slt     t6, t2, a7
core   0: 3 0x800081e4 (0x0113afb3) x31 0x00000001
core   0: 0x800081e8 (0x00000013) nop
core   0: 3 0x800081e8 (0x00000013)
core   0: 0x800081ec (0x006ab733) sltu    a4, s5, t1
core   0: 3 0x800081ec (0x006ab733) x14 0x00000000
core   0: 0x800081f0 (0x019fb633) sltu    a2, t6, s9
core   0: 3 0x800081f0 (0x019fb633) x12 0x00000001
core   0: 0x800081f4 (0x00b753b3) srl     t2, a4, a1
core   0: 3 0x800081f4 (0x00b753b3) x 7 0x00000000
core   0: 0x800081f8 (0x419ed733) sra     a4, t4, s9
core   0: 3 0x800081f8 (0x419ed733) x14 0xf8000000
core   0: 0x800081fc (0x016bcbb3) xor     s7, s7, s6
core   0: 3 0x800081fc (0x016bcbb3) x23 0xfbf80000
core   0: 0x80008200 (0x010c7b33) and     s6, s8, a6
core   0: 3 0x80008200 (0x010c7b33) x22 0x80010804
core   0: 0x80008204 (0x00465c33) srl     s8, a2, tp
core   0: 3 0x80008204 (0x00465c33) x24 0x00000000
core   0: 0x80008208 (0x01c63d33) sltu    s10, a2, t3
core   0: 3 0x80008208 (0x01c63d33) x26 0x00000000
core   0: 0x8000820c (0x00b4e4b3) or      s1, s1, a1
core   0: 3 0x8000820c (0x00b4e4b3) x 9 0xffffffff
core   0: 0x80008210 (0x21271197) auipc   gp, 0x21271
core   0: 3 0x80008210 (0x21271197) x 3 0xa1279210
core   0: 0x80008214 (0x00ec1113) slli    sp, s8, 14
core   0: 3 0x80008214 (0x00ec1113) x 2 0x00000000
core   0: 0x80008218 (0x00c8ddb3) srl     s11, a7, a2
core   0: 3 0x80008218 (0x00c8ddb3) x27 0x00000000
core   0: 0x8000821c (0xe8642813) slti    a6, s0, -378
core   0: 3 0x8000821c (0xe8642813) x16 0x00000001
core   0: 0x80008220 (0x4099d5b3) sra     a1, s3, s1
core   0: 3 0x80008220 (0x4099d5b3) x11 0x00000000
core   0: 0x80008224 (0x003934b3) sltu    s1, s2, gp
core   0: 3 0x80008224 (0x003934b3) x 9 0x00000001
core   0: 0x80008228 (0x00d54ab3) xor     s5, a0, a3
core   0: 3 0x80008228 (0x00d54ab3) x21 0x1fd95e9f
core   0: 0x8000822c (0x00ad8533) add     a0, s11, a0
core   0: 3 0x8000822c (0x00ad8533) x10 0x7ffebf7f
core   0: 0x80008230 (0x00000013) nop
core   0: 3 0x80008230 (0x00000013)
core   0: 0x80008234 (0x00000013) nop
core   0: 3 0x80008234 (0x00000013)
core   0: 0x80008238 (0x17a42b13) slti    s6, s0, 378
core   0: 3 0x80008238 (0x17a42b13) x22 0x00000001
core   0: 0x8000823c (0x00aed6b3) srl     a3, t4, a0
core   0: 3 0x8000823c (0x00aed6b3) x13 0x00000001
core   0: 0x80008240 (0x8eb37913) andi    s2, t1, -1813
core   0: 3 0x80008240 (0x8eb37913) x18 0x00000000
core   0: 0x80008244 (0x0159b2b3) sltu    t0, s3, s5
core   0: 3 0x80008244 (0x0159b2b3) x 5 0x00000001
core   0: 0x80008248 (0x40c18c33) sub     s8, gp, a2
core   0: 3 0x80008248 (0x40c18c33) x24 0xa127920f
core   0: 0x8000824c (0x01731c33) sll     s8, t1, s7
core   0: 3 0x8000824c (0x01731c33) x24 0x00000000
core   0: 0x80008250 (0x408754b3) sra     s1, a4, s0
core   0: 3 0x80008250 (0x408754b3) x 9 0xff800000
core   0: 0x80008254 (0xeeed6493) ori     s1, s10, -274
core   0: 3 0x80008254 (0xeeed6493) x 9 0xfffffeee
core   0: 0x80008258 (0x0d48a493) slti    s1, a7, 212
core   0: 3 0x80008258 (0x0d48a493) x 9 0x00000001
core   0: 0x8000825c (0x419dd093) srai    ra, s11, 25
core   0: 3 0x8000825c (0x419dd093) x 1 0x00000000
core   0: 0x80008260 (0x01deddb3) srl     s11, t4, t4
core   0: 3 0x80008260 (0x01deddb3) x27 0x80000000
core   0: 0x80008264 (0x00d6aab3) slt     s5, a3, a3
core   0: 3 0x80008264 (0x00d6aab3) x21 0x00000000
core   0: 0x80008268 (0x1847f393) andi    t2, a5, 388
core   0: 3 0x80008268 (0x1847f393) x 7 0x00000084
core   0: 0x8000826c (0x4d024093) xori    ra, tp, 1232
core   0: 3 0x8000826c (0x4d024093) x 1 0x80010ab4
core   0: 0x80008270 (0x57694ab7) lui     s5, 0x57694
core   0: 3 0x80008270 (0x57694ab7) x21 0x57694000
core   0: 0x80008274 (0x0161ef33) or      t5, gp, s6
core   0: 3 0x80008274 (0x0161ef33) x30 0xa1279211
core   0: 0x80008278 (0x00000013) nop
core   0: 3 0x80008278 (0x00000013)
core   0: 0x8000827c (0x00c71333) sll     t1, a4, a2
core   0: 3 0x8000827c (0x00c71333) x 6 0xf0000000
core   0: 0x80008280 (0x338c2f93) slti    t6, s8, 824
core   0: 3 0x80008280 (0x338c2f93) x31 0x00000001
core   0: 0x80008284 (0x9b9f0c13) addi    s8, t5, -1607
core   0: 3 0x80008284 (0x9b9f0c13) x24 0xa1278bca
core   0: 0x80008288 (0x00c5ae33) slt     t3, a1, a2
core   0: 3 0x80008288 (0x00c5ae33) x28 0x00000001
core   0: 0x8000828c (0x0035ff33) and     t5, a1, gp
core   0: 3 0x8000828c (0x0035ff33) x30 0x00000000
core   0: 0x80008290 (0x6576db17) auipc   s6, 0x6576d
core   0: 3 0x80008290 (0x6576db17) x22 0xe5775290
core   0: 0x80008294 (0xe4537293) andi    t0, t1, -443
core   0: 3 0x80008294 (0xe4537293) x 5 0xf0000000
core   0: 0x80008298 (0x40fdd193) srai    gp, s11, 15
core   0: 3 0x80008298 (0x40fdd193) x 3 0xffff0000
core   0: 0x8000829c (0x00751893) slli    a7, a0, 7
core   0: 3 0x8000829c (0x00751893) x17 0xff5fbf80
core   0: 0x800082a0 (0x41f35533) sra     a0, t1, t6
core   0: 3 0x800082a0 (0x41f35533) x10 0xf8000000
core   0: 0x800082a4 (0xbb344493) xori    s1, s0, -1101
core   0: 3 0x800082a4 (0xbb344493) x 9 0x7ffef5d7
core   0: 0x800082a8 (0x5e02ae13) slti    t3, t0, 1504
core   0: 3 0x800082a8 (0x5e02ae13) x28 0x00000001
core   0: 0x800082ac (0x000d98b3) sll     a7, s11, zero
core   0: 3 0x800082ac (0x000d98b3) x17 0x80000000
core   0: 0x800082b0 (0x014fdf93) srli    t6, t6, 20
core   0: 3 0x800082b0 (0x014fdf93) x31 0x00000000
core   0: 0x800082b4 (0x00000013) nop
core   0: 3 0x800082b4 (0x00000013)
core   0: 0x800082b8 (0x00f06fb3) or      t6, zero, a5
core   0: 3 0x800082b8 (0x00f06fb3) x31 0x80014ce5
core   0: 0x800082bc (0x66628d13) addi    s10, t0, 1638
core   0: 3 0x800082bc (0x66628d13) x26 0xf0000666
core   0: 0x800082c0 (0x00f286b3) add     a3, t0, a5
core   0: 3 0x800082c0 (0x00f286b3) x13 0x70014ce5
core   0: 0x800082c4 (0x146d4693) xori    a3, s10, 326
core   0: 3 0x800082c4 (0x146d4693) x13 0xf0000720
core   0: 0x800082c8 (0x2fcecf93) xori    t6, t4, 764
core   0: 3 0x800082c8 (0x2fcecf93) x31 0x800002fc
core   0: 0x800082cc (0x00b87ab3) and     s5, a6, a1
core   0: 3 0x800082cc (0x00b87ab3) x21 0x00000000
core   0: 0x800082d0 (0x01a90c33) add     s8, s2, s10
core   0: 3 0x800082d0 (0x01a90c33) x24 0xf0000666
core   0: 0x800082d4 (0x4f676793) ori     a5, a4, 1270
core   0: 3 0x800082d4 (0x4f676793) x15 0xf80004f6
core   0: 0x800082d8 (0x40bbd593) srai    a1, s7, 11
core   0: 3 0x800082d8 (0x40bbd593) x11 0xffff7f00
core   0: 0x800082dc (0x00bbd113) srli    sp, s7, 11
core   0: 3 0x800082dc (0x00bbd113) x 2 0x001f7f00
core   0: 0x800082e0 (0x41235713) srai    a4, t1, 18
core   0: 3 0x800082e0 (0x41235713) x14 0xfffffc00
core   0: 0x800082e4 (0xddfd8593) addi    a1, s11, -545
core   0: 3 0x800082e4 (0xddfd8593) x11 0x7ffffddf
core   0: 0x800082e8 (0x00bee5b3) or      a1, t4, a1
core   0: 3 0x800082e8 (0x00bee5b3) x11 0xfffffddf
core   0: 0x800082ec (0x01c21ab3) sll     s5, tp, t3
core   0: 3 0x800082ec (0x01c21ab3) x21 0x00021cc8
core   0: 0x800082f0 (0x418c5033) sra     zero, s8, s8
core   0: 3 0x800082f0 (0x418c5033)
core   0: 0x800082f4 (0x001695b3) sll     a1, a3, ra
core   0: 3 0x800082f4 (0x001695b3) x11 0x72000000
core   0: 0x800082f8 (0x00574a33) xor     s4, a4, t0
core   0: 3 0x800082f8 (0x00574a33) x20 0x0ffffc00
core   0: 0x800082fc (0x412bdb93) srai    s7, s7, 18
core   0: 3 0x800082fc (0x412bdb93) x23 0xfffffefe
core   0: 0x80008300 (0x0133b2b3) sltu    t0, t2, s3
core   0: 3 0x80008300 (0x0133b2b3) x 5 0x00000000
core   0: 0x80008304 (0x01b23b33) sltu    s6, tp, s11
core   0: 3 0x80008304 (0x01b23b33) x22 0x00000000
core   0: 0x80008308 (0x01955513) srli    a0, a0, 25
core   0: 3 0x80008308 (0x01955513) x10 0x0000007c
core   0: 0x8000830c (0xf6167e13) andi    t3, a2, -159
core   0: 3 0x8000830c (0xf6167e13) x28 0x00000001
core   0: 0x80008310 (0xa6b86393) ori     t2, a6, -1429
core   0: 3 0x80008310 (0xa6b86393) x 7 0xfffffa6b
core   0: 0x80008314 (0x00c0af33) slt     t5, ra, a2
core   0: 3 0x80008314 (0x00c0af33) x30 0x00000001
core   0: 0x80008318 (0x01053e33) sltu    t3, a0, a6
core   0: 3 0x80008318 (0x01053e33) x28 0x00000000
core   0: 0x8000831c (0x3fe8a513) slti    a0, a7, 1022
core   0: 3 0x8000831c (0x3fe8a513) x10 0x00000001
core   0: 0x80008320 (0x009717b3) sll     a5, a4, s1
core   0: 3 0x80008320 (0x009717b3) x15 0x00000000
core   0: 0x80008324 (0xe41dbf93) sltiu   t6, s11, -447
core   0: 3 0x80008324 (0xe41dbf93) x31 0x00000001
core   0: 0x80008328 (0x40a9d593) srai    a1, s3, 10
core   0: 3 0x80008328 (0x40a9d593) x11 0x00000000
core   0: 0x8000832c (0x01531513) slli    a0, t1, 21
core   0: 3 0x8000832c (0x01531513) x10 0x00000000
core   0: 0x80008330 (0x01e49113) slli    sp, s1, 30
core   0: 3 0x80008330 (0x01e49113) x 2 0xc0000000
core   0: 0x80008334 (0x014cb3b3) sltu    t2, s9, s4
core   0: 3 0x80008334 (0x014cb3b3) x 7 0x00000000
core   0: 0x80008338 (0x0150b233) sltu    tp, ra, s5
core   0: 3 0x80008338 (0x0150b233) x 4 0x00000000
core   0: 0x8000833c (0xeabc6213) ori     tp, s8, -341
core   0: 3 0x8000833c (0xeabc6213) x 4 0xfffffeef
core   0: 0x80008340 (0x0154a333) slt     t1, s1, s5
core   0: 3 0x80008340 (0x0154a333) x 6 0x00000000
core   0: 0x80008344 (0xffed7293) andi    t0, s10, -2
core   0: 3 0x80008344 (0xffed7293) x 5 0xf0000666
core   0: 0x80008348 (0xf43c0013) addi    zero, s8, -189
core   0: 3 0x80008348 (0xf43c0013)
core   0: 0x8000834c (0x01ad2f33) slt     t5, s10, s10
core   0: 3 0x8000834c (0x01ad2f33) x30 0x00000000
core   0: 0x80008350 (0x40e65b33) sra     s6, a2, a4
core   0: 3 0x80008350 (0x40e65b33) x22 0x00000001
core   0: 0x80008354 (0x415edc13) srai    s8, t4, 21
core   0: 3 0x80008354 (0x415edc13) x24 0xfffffc00
core   0: 0x80008358 (0xec367813) andi    a6, a2, -317
core   0: 3 0x80008358 (0xec367813) x16 0x00000001
core   0: 0x8000835c (0x017c2733) slt     a4, s8, s7
core   0: 3 0x8000835c (0x017c2733) x14 0x00000001
core   0: 0x80008360 (0x00000013) nop
core   0: 3 0x80008360 (0x00000013)
core   0: 0x80008364 (0x01fe29b3) slt     s3, t3, t6
core   0: 3 0x80008364 (0x01fe29b3) x19 0x00000001
core   0: 0x80008368 (0xf66e6a93) ori     s5, t3, -154
core   0: 3 0x80008368 (0xf66e6a93) x21 0xffffff66
core   0: 0x8000836c (0x0141be33) sltu    t3, gp, s4
core   0: 3 0x8000836c (0x0141be33) x28 0x00000000
core   0: 0x80008370 (0x00000013) nop
core   0: 3 0x80008370 (0x00000013)
core   0: 0x80008374 (0x01cc82b3) add     t0, s9, t3
core   0: 3 0x80008374 (0x01cc82b3) x 5 0x80014ce4
core   0: 0x80008378 (0x01961633) sll     a2, a2, s9
core   0: 3 0x80008378 (0x01961633) x12 0x00000010
core   0: 0x8000837c (0x01149013) slli    zero, s1, 17
core   0: 3 0x8000837c (0x01149013)
core   0: 0x80008380 (0x0c28ac37) lui     s8, 0xc28a
core   0: 3 0x80008380 (0x0c28ac37) x24 0x0c28a000
core   0: 0x80008384 (0x016ce633) or      a2, s9, s6
core   0: 3 0x80008384 (0x016ce633) x12 0x80014ce5
core   0: 0x80008388 (0x00639a33) sll     s4, t2, t1
core   0: 3 0x80008388 (0x00639a33) x20 0x00000000
core   0: 0x8000838c (0x411c58b3) sra     a7, s8, a7
core   0: 3 0x8000838c (0x411c58b3) x17 0x0c28a000
core   0: 0x80008390 (0x41b5d213) srai    tp, a1, 27
core   0: 3 0x80008390 (0x41b5d213) x 4 0x00000000
core   0: 0x80008394 (0x00cd2c33) slt     s8, s10, a2
core   0: 3 0x80008394 (0x00cd2c33) x24 0x00000000
core   0: 0x80008398 (0xeb299d37) lui     s10, 0xeb299
core   0: 3 0x80008398 (0xeb299d37) x26 0xeb299000
core   0: 0x8000839c (0x00e9efb3) or      t6, s3, a4
core   0: 3 0x8000839c (0x00e9efb3) x31 0x00000001
core   0: 0x800083a0 (0x01383633) sltu    a2, a6, s3
core   0: 3 0x800083a0 (0x01383633) x12 0x00000000
core   0: 0x800083a4 (0x85d5a293) slti    t0, a1, -1955
core   0: 3 0x800083a4 (0x85d5a293) x 5 0x00000000
core   0: 0x800083a8 (0x00000013) nop
core   0: 3 0x800083a8 (0x00000013)
core   0: 0x800083ac (0x407408b3) sub     a7, s0, t2
core   0: 3 0x800083ac (0x407408b3) x17 0x80010e64
core   0: 0x800083b0 (0x01574233) xor     tp, a4, s5
core   0: 3 0x800083b0 (0x01574233) x 4 0xffffff67
core   0: 0x800083b4 (0x1640ff93) andi    t6, ra, 356
core   0: 3 0x800083b4 (0x1640ff93) x31 0x00000024
core   0: 0x800083b8 (0xd3550637) lui     a2, 0xd3550
core   0: 3 0x800083b8 (0xd3550637) x12 0xd3550000
core   0: 0x800083bc (0x0152d533) srl     a0, t0, s5
core   0: 3 0x800083bc (0x0152d533) x10 0x00000000
core   0: 0x800083c0 (0x00759e13) slli    t3, a1, 7
core   0: 3 0x800083c0 (0x00759e13) x28 0x00000000
core   0: 0x800083c4 (0x4b20cb13) xori    s6, ra, 1202
core   0: 3 0x800083c4 (0x4b20cb13) x22 0x80010e06
core   0: 0x800083c8 (0x35320d37) lui     s10, 0x35320
core   0: 3 0x800083c8 (0x35320d37) x26 0x35320000
core   0: 0x800083cc (0x01ee1113) slli    sp, t3, 30
core   0: 3 0x800083cc (0x01ee1113) x 2 0x00000000
core   0: 0x800083d0 (0x00c38333) add     t1, t2, a2
core   0: 3 0x800083d0 (0x00c38333) x 6 0xd3550000
core   0: 0x800083d4 (0x41465f13) srai    t5, a2, 20
core   0: 3 0x800083d4 (0x41465f13) x30 0xfffffd35
core   0: 0x800083d8 (0x0143fdb3) and     s11, t2, s4
core   0: 3 0x800083d8 (0x0143fdb3) x27 0x00000000
core   0: 0x800083dc (0x21028217) auipc   tp, 0x21028
core   0: 3 0x800083dc (0x21028217) x 4 0xa10303dc
core   0: 0x800083e0 (0x8edc2ab7) lui     s5, 0x8edc2
core   0: 3 0x800083e0 (0x8edc2ab7) x21 0x8edc2000
core   0: 0x800083e4 (0x01fab633) sltu    a2, s5, t6
core   0: 3 0x800083e4 (0x01fab633) x12 0x00000000
core   0: 0x800083e8 (0x00d8d393) srli    t2, a7, 13
core   0: 3 0x800083e8 (0x00d8d393) x 7 0x00040008
core   0: 0x800083ec (0x00dddb33) srl     s6, s11, a3
core   0: 3 0x800083ec (0x00dddb33) x22 0x00000000
core   0: 0x800083f0 (0x6a436a13) ori     s4, t1, 1700
core   0: 3 0x800083f0 (0x6a436a13) x20 0xd35506a4
core   0: 0x800083f4 (0x6ac44193) xori    gp, s0, 1708
core   0: 3 0x800083f4 (0x6ac44193) x 3 0x800108c8
core   0: 0x800083f8 (0x5165e793) ori     a5, a1, 1302
core   0: 3 0x800083f8 (0x5165e793) x15 0x00000516
core   0: 0x800083fc (0x40f982b3) sub     t0, s3, a5
core   0: 3 0x800083fc (0x40f982b3) x 5 0xfffffaeb
core   0: 0x80008400 (0x93913593) sltiu   a1, sp, -1735
core   0: 3 0x80008400 (0x93913593) x11 0x00000001
core   0: 0x80008404 (0x01983933) sltu    s2, a6, s9
core   0: 3 0x80008404 (0x01983933) x18 0x00000001
core   0: 0x80008408 (0x6bcde293) ori     t0, s11, 1724
core   0: 3 0x80008408 (0x6bcde293) x 5 0x000006bc
core   0: 0x8000840c (0x01ffde33) srl     t3, t6, t6
core   0: 3 0x8000840c (0x01ffde33) x28 0x00000002
core   0: 0x80008410 (0x01739713) slli    a4, t2, 23
core   0: 3 0x80008410 (0x01739713) x14 0x04000000
core   0: 0x80008414 (0x004050b3) srl     ra, zero, tp
core   0: 3 0x80008414 (0x004050b3) x 1 0x00000000
core   0: 0x80008418 (0x00868933) add     s2, a3, s0
core   0: 3 0x80008418 (0x00868933) x18 0x70011584
core   0: 0x8000841c (0x01c89c13) slli    s8, a7, 28
core   0: 3 0x8000841c (0x01c89c13) x24 0x40000000
core   0: 0x80008420 (0x01e75f93) srli    t6, a4, 30
core   0: 3 0x80008420 (0x01e75f93) x31 0x00000000
core   0: 0x80008424 (0x01dd3a33) sltu    s4, s10, t4
core   0: 3 0x80008424 (0x01dd3a33) x20 0x00000001
core   0: 0x80008428 (0x01d25db3) srl     s11, tp, t4
core   0: 3 0x80008428 (0x01d25db3) x27 0xa10303dc
core   0: 0x8000842c (0x92553913) sltiu   s2, a0, -1755
core   0: 3 0x8000842c (0x92553913) x18 0x00000001
core   0: 0x80008430 (0x009e5f33) srl     t5, t3, s1
core   0: 3 0x80008430 (0x009e5f33) x30 0x00000000
core   0: 0x80008434 (0x67aa3517) auipc   a0, 0x67aa3
core   0: 3 0x80008434 (0x67aa3517) x10 0xe7aab434
core   0: 0x80008438 (0x1dc6bd13) sltiu   s10, a3, 476
core   0: 3 0x80008438 (0x1dc6bd13) x26 0x00000000
core   0: 0x8000843c (0xa7406293) ori     t0, zero, -1420
core   0: 3 0x8000843c (0xa7406293) x 5 0xfffffa74
core   0: 0x80008440 (0xbcd04493) xori    s1, zero, -1075
core   0: 3 0x80008440 (0xbcd04493) x 9 0xfffffbcd
core   0: 0x80008444 (0xed7fb493) sltiu   s1, t6, -297
core   0: 3 0x80008444 (0xed7fb493) x 9 0x00000001
core   0: 0x80008448 (0x415e5833) sra     a6, t3, s5
core   0: 3 0x80008448 (0x415e5833) x16 0x00000002
core   0: 0x8000844c (0x4121d293) srai    t0, gp, 18
core   0: 3 0x8000844c (0x4121d293) x 5 0xffffe000
core   0: 0x80008450 (0x40d45e13) srai    t3, s0, 13
core   0: 3 0x80008450 (0x40d45e13) x28 0xfffc0008
core   0: 0x80008454 (0xbd219837) lui     a6, 0xbd219
core   0: 3 0x80008454 (0xbd219837) x16 0xbd219000
core   0: 0x80008458 (0x41418b33) sub     s6, gp, s4
core   0: 3 0x80008458 (0x41418b33) x22 0x800108c7
core   0: 0x8000845c (0x16834f93) xori    t6, t1, 360
core   0: 3 0x8000845c (0x16834f93) x31 0xd3550168
core   0: 0x80008460 (0x004174b3) and     s1, sp, tp
core   0: 3 0x80008460 (0x004174b3) x 9 0x00000000
core   0: 0x80008464 (0xc661b893) sltiu   a7, gp, -922
core   0: 3 0x80008464 (0xc661b893) x17 0x00000001
core   0: 0x80008468 (0x00cd3bb3) sltu    s7, s10, a2
core   0: 3 0x80008468 (0x00cd3bb3) x23 0x00000000
core   0: 0x8000846c (0x01ac9693) slli    a3, s9, 26
core   0: 3 0x8000846c (0x01ac9693) x13 0x90000000
core   0: 0x80008470 (0x18e77213) andi    tp, a4, 398
core   0: 3 0x80008470 (0x18e77213) x 4 0x00000000
core   0: 0x80008474 (0xe08c6f93) ori     t6, s8, -504
core   0: 3 0x80008474 (0xe08c6f93) x31 0xfffffe08
core   0: 0x80008478 (0x00ab1e33) sll     t3, s6, a0
core   0: 3 0x80008478 (0x00ab1e33) x28 0x8c700000
core   0: 0x8000847c (0x485e8c13) addi    s8, t4, 1157
core   0: 3 0x8000847c (0x485e8c13) x24 0x80000485
core   0: 0x80008480 (0x01d9c4b3) xor     s1, s3, t4
core   0: 3 0x80008480 (0x01d9c4b3) x 9 0x80000001
core   0: 0x80008484 (0x408dd3b3) sra     t2, s11, s0
core   0: 3 0x80008484 (0x408dd3b3) x 7 0xfa10303d
core   0: 0x80008488 (0xe1cb8a13) addi    s4, s7, -484
core   0: 3 0x80008488 (0xe1cb8a13) x20 0xfffffe1c
core   0: 0x8000848c (0x4aec9e17) auipc   t3, 0x4aec9
core   0: 3 0x8000848c (0x4aec9e17) x28 0xcaed148c
core   0: 0x80008490 (0x017dcbb3) xor     s7, s11, s7
core   0: 3 0x80008490 (0x017dcbb3) x23 0xa10303dc
core   0: 0x80008494 (0x01d63fb3) sltu    t6, a2, t4
core   0: 3 0x80008494 (0x01d63fb3) x31 0x00000001
core   0: 0x80008498 (0xad3ccb13) xori    s6, s9, -1325
core   0: 3 0x80008498 (0xad3ccb13) x22 0x7ffeb637
core   0: 0x8000849c (0x17717613) andi    a2, sp, 375
core   0: 3 0x8000849c (0x17717613) x12 0x00000000
core   0: 0x800084a0 (0x00dd1e33) sll     t3, s10, a3
core   0: 3 0x800084a0 (0x00dd1e33) x28 0x00000000
core   0: 0x800084a4 (0x01c074b3) and     s1, zero, t3
core   0: 3 0x800084a4 (0x01c074b3) x 9 0x00000000
core   0: 0x800084a8 (0xd2445137) lui     sp, 0xd2445
core   0: 3 0x800084a8 (0xd2445137) x 2 0xd2445000
core   0: 0x800084ac (0x01634bb3) xor     s7, t1, s6
core   0: 3 0x800084ac (0x01634bb3) x23 0xacabb637
core   0: 0x800084b0 (0x41035b33) sra     s6, t1, a6
core   0: 3 0x800084b0 (0x41035b33) x22 0xd3550000
core   0: 0x800084b4 (0x016f27b3) slt     a5, t5, s6
core   0: 3 0x800084b4 (0x016f27b3) x15 0x00000000
core   0: 0x800084b8 (0x002e98b3) sll     a7, t4, sp
core   0: 3 0x800084b8 (0x002e98b3) x17 0x80000000
core   0: 0x800084bc (0xa9a14e13) xori    t3, sp, -1382
core   0: 3 0x800084bc (0xa9a14e13) x28 0x2dbbaa9a
core   0: 0x800084c0 (0x40945c13) srai    s8, s0, 9
core   0: 3 0x800084c0 (0x40945c13) x24 0xffc00087
core   0: 0x800084c4 (0xcd0ffe13) andi    t3, t6, -816
core   0: 3 0x800084c4 (0xcd0ffe13) x28 0x00000000
core   0: 0x800084c8 (0x005dcd33) xor     s10, s11, t0
core   0: 3 0x800084c8 (0x005dcd33) x26 0x5efce3dc
core   0: 0x800084cc (0x16424513) xori    a0, tp, 356
core   0: 3 0x800084cc (0x16424513) x10 0x00000164
core   0: 0x800084d0 (0x41ff87b3) sub     a5, t6, t6
core   0: 3 0x800084d0 (0x41ff87b3) x15 0x00000000
core   0: 0x800084d4 (0x95e93213) sltiu   tp, s2, -1698
core   0: 3 0x800084d4 (0x95e93213) x 4 0x00000001
core   0: 0x800084d8 (0x00000013) nop
core   0: 3 0x800084d8 (0x00000013)
core   0: 0x800084dc (0x8efd2b13) slti    s6, s10, -1809
core   0: 3 0x800084dc (0x8efd2b13) x22 0x00000000
core   0: 0x800084e0 (0x00b7e633) or      a2, a5, a1
core   0: 3 0x800084e0 (0x00b7e633) x12 0x00000001
core   0: 0x800084e4 (0x01cffa33) and     s4, t6, t3
core   0: 3 0x800084e4 (0x01cffa33) x20 0x00000000
core   0: 0x800084e8 (0xc43e6bb7) lui     s7, 0xc43e6
core   0: 3 0x800084e8 (0xc43e6bb7) x23 0xc43e6000
core   0: 0x800084ec (0x2f614913) xori    s2, sp, 758
core   0: 3 0x800084ec (0x2f614913) x18 0xd24452f6
core   0: 0x800084f0 (0x405e8ab3) sub     s5, t4, t0
core   0: 3 0x800084f0 (0x405e8ab3) x21 0x80002000
core   0: 0x800084f4 (0xb0833a13) sltiu   s4, t1, -1272
core   0: 3 0x800084f4 (0xb0833a13) x20 0x00000001
core   0: 0x800084f8 (0x002b1293) slli    t0, s6, 2
core   0: 3 0x800084f8 (0x002b1293) x 5 0x00000000
core   0: 0x800084fc (0x017169b3) or      s3, sp, s7
core   0: 3 0x800084fc (0x017169b3) x19 0xd67e7000
core   0: 0x80008500 (0xc65df513) andi    a0, s11, -923
core   0: 3 0x80008500 (0xc65df513) x10 0xa1030044
core   0: 0x80008504 (0x40638b33) sub     s6, t2, t1
core   0: 3 0x80008504 (0x40638b33) x22 0x26bb303d
core   0: 0x80008508 (0x01993ab3) sltu    s5, s2, s9
core   0: 3 0x80008508 (0x01993ab3) x21 0x00000000
core   0: 0x8000850c (0x406b51b3) sra     gp, s6, t1
core   0: 3 0x8000850c (0x406b51b3) x 3 0x26bb303d
core   0: 0x80008510 (0x00146d33) or      s10, s0, ra
core   0: 3 0x80008510 (0x00146d33) x26 0x80010e64
core   0: 0x80008514 (0x01a99613) slli    a2, s3, 26
core   0: 3 0x80008514 (0x01a99613) x12 0x00000000
core   0: 0x80008518 (0xfaba6213) ori     tp, s4, -85
core   0: 3 0x80008518 (0xfaba6213) x 4 0xffffffab
core   0: 0x8000851c (0x715b8697) auipc   a3, 0x715b8
core   0: 3 0x8000851c (0x715b8697) x13 0xf15c051c
core   0: 0x80008520 (0x01ed0a33) add     s4, s10, t5
core   0: 3 0x80008520 (0x01ed0a33) x20 0x80010e64
core   0: 0x80008524 (0x47d96393) ori     t2, s2, 1149
core   0: 3 0x80008524 (0x47d96393) x 7 0xd24456ff
core   0: 0x80008528 (0x01e5bab3) sltu    s5, a1, t5
core   0: 3 0x80008528 (0x01e5bab3) x21 0x00000000
core   0: 0x8000852c (0x8efc9517) auipc   a0, 0x8efc9
core   0: 3 0x8000852c (0x8efc9517) x10 0x0efd152c
core   0: 0x80008530 (0x00891db3) sll     s11, s2, s0
core   0: 3 0x80008530 (0x00891db3) x27 0x24452f60
core   0: 0x80008534 (0x403e0db3) sub     s11, t3, gp
core   0: 3 0x80008534 (0x403e0db3) x27 0xd944cfc3
core   0: 0x80008538 (0x008862b3) or      t0, a6, s0
core   0: 3 0x80008538 (0x008862b3) x 5 0xbd219e64
core   0: 0x8000853c (0x009fd913) srli    s2, t6, 9
core   0: 3 0x8000853c (0x009fd913) x18 0x00000000
core   0: 0x80008540 (0xef0a8113) addi    sp, s5, -272
core   0: 3 0x80008540 (0xef0a8113) x 2 0xfffffef0
core   0: 0x80008544 (0x4038d5b3) sra     a1, a7, gp
core   0: 3 0x80008544 (0x4038d5b3) x11 0xfffffffc
core   0: 0x80008548 (0x984ff513) andi    a0, t6, -1660
core   0: 3 0x80008548 (0x984ff513) x10 0x00000000
core   0: 0x8000854c (0x007700b3) add     ra, a4, t2
core   0: 3 0x8000854c (0x007700b3) x 1 0xd64456ff
core   0: 0x80008550 (0x01cbf2b3) and     t0, s7, t3
core   0: 3 0x80008550 (0x01cbf2b3) x 5 0x00000000
core   0: 0x80008554 (0x8532a893) slti    a7, t0, -1965
core   0: 3 0x80008554 (0x8532a893) x17 0x00000000
core   0: 0x80008558 (0x00000013) nop
core   0: 3 0x80008558 (0x00000013)
core   0: 0x8000855c (0x01d42533) slt     a0, s0, t4
core   0: 3 0x8000855c (0x01d42533) x10 0x00000000
core   0: 0x80008560 (0x4082d4b3) sra     s1, t0, s0
core   0: 3 0x80008560 (0x4082d4b3) x 9 0x00000000
core   0: 0x80008564 (0x01e6e1b3) or      gp, a3, t5
core   0: 3 0x80008564 (0x01e6e1b3) x 3 0xf15c051c
core   0: 0x80008568 (0x2cbcbc13) sltiu   s8, s9, 715
core   0: 3 0x80008568 (0x2cbcbc13) x24 0x00000000
core   0: 0x8000856c (0x005023b3) slt     t2, zero, t0
core   0: 3 0x8000856c (0x005023b3) x 7 0x00000000
core   0: 0x80008570 (0x412f84b3) sub     s1, t6, s2
core   0: 3 0x80008570 (0x412f84b3) x 9 0x00000001
core   0: 0x80008574 (0x931c6f93) ori     t6, s8, -1743
core   0: 3 0x80008574 (0x931c6f93) x31 0xfffff931
core   0: 0x80008578 (0xd2122513) slti    a0, tp, -735
core   0: 3 0x80008578 (0xd2122513) x10 0x00000000
core   0: 0x8000857c (0x014c1213) slli    tp, s8, 20
core   0: 3 0x8000857c (0x014c1213) x 4 0x00000000
core   0: 0x80008580 (0x63054693) xori    a3, a0, 1584
core   0: 3 0x80008580 (0x63054693) x13 0x00000630
core   0: 0x80008584 (0x00a53fb3) sltu    t6, a0, a0
core   0: 3 0x80008584 (0x00a53fb3) x31 0x00000000
core   0: 0x80008588 (0xe3cd8a93) addi    s5, s11, -452
core   0: 3 0x80008588 (0xe3cd8a93) x21 0xd944cdff
core   0: 0x8000858c (0x01b3eb33) or      s6, t2, s11
core   0: 3 0x8000858c (0x01b3eb33) x22 0xd944cfc3
core   0: 0x80008590 (0x011b7fb3) and     t6, s6, a7
core   0: 3 0x80008590 (0x011b7fb3) x31 0x00000000
core   0: 0x80008594 (0x28c4a093) slti    ra, s1, 652
core   0: 3 0x80008594 (0x28c4a093) x 1 0x00000001
core   0: 0x80008598 (0xae4f0193) addi    gp, t5, -1308
core   0: 3 0x80008598 (0xae4f0193) x 3 0xfffffae4
core   0: 0x8000859c (0x3f104f13) xori    t5, zero, 1009
core   0: 3 0x8000859c (0x3f104f13) x30 0x000003f1
core   0: 0x800085a0 (0xc6ac4d13) xori    s10, s8, -918
core   0: 3 0x800085a0 (0xc6ac4d13) x26 0xfffffc6a
core   0: 0x800085a4 (0x00154933) xor     s2, a0, ra
core   0: 3 0x800085a4 (0x00154933) x18 0x00000001
core   0: 0x800085a8 (0x40fb0833) sub     a6, s6, a5
core   0: 3 0x800085a8 (0x40fb0833) x16 0xd944cfc3
core   0: 0x800085ac (0x414e5493) srai    s1, t3, 20
core   0: 3 0x800085ac (0x414e5493) x 9 0x00000000
core   0: 0x800085b0 (0x00dc1193) slli    gp, s8, 13
core   0: 3 0x800085b0 (0x00dc1193) x 3 0x00000000
core   0: 0x800085b4 (0x011714b3) sll     s1, a4, a7
core   0: 3 0x800085b4 (0x011714b3) x 9 0x04000000
core   0: 0x800085b8 (0x002cef33) or      t5, s9, sp
core   0: 3 0x800085b8 (0x002cef33) x30 0xfffffef4
core   0: 0x800085bc (0x25003637) lui     a2, 0x25003
core   0: 3 0x800085bc (0x25003637) x12 0x25003000
core   0: 0x800085c0 (0x4bd42b93) slti    s7, s0, 1213
core   0: 3 0x800085c0 (0x4bd42b93) x23 0x00000001
core   0: 0x800085c4 (0x014704b3) add     s1, a4, s4
core   0: 3 0x800085c4 (0x014704b3) x 9 0x84010e64
core   0: 0x800085c8 (0x54e3f313) andi    t1, t2, 1358
core   0: 3 0x800085c8 (0x54e3f313) x 6 0x00000000
core   0: 0x800085cc (0x01bf5f93) srli    t6, t5, 27
core   0: 3 0x800085cc (0x01bf5f93) x31 0x0000001f
core   0: 0x800085d0 (0x003162b3) or      t0, sp, gp
core   0: 3 0x800085d0 (0x003162b3) x 5 0xfffffef0
core   0: 0x800085d4 (0x13d2ef93) ori     t6, t0, 317
core   0: 3 0x800085d4 (0x13d2ef93) x31 0xfffffffd
core   0: 0x800085d8 (0xf8052f93) slti    t6, a0, -128
core   0: 3 0x800085d8 (0xf8052f93) x31 0x00000000
core   0: 0x800085dc (0xb71a0893) addi    a7, s4, -1167
core   0: 3 0x800085dc (0xb71a0893) x17 0x800109d5
core   0: 0x800085e0 (0x005a2e33) slt     t3, s4, t0
core   0: 3 0x800085e0 (0x005a2e33) x28 0x00000001
core   0: 0x800085e4 (0x68784c13) xori    s8, a6, 1671
core   0: 3 0x800085e4 (0x68784c13) x24 0xd944c944
core   0: 0x800085e8 (0xf14da313) slti    t1, s11, -236
core   0: 3 0x800085e8 (0xf14da313) x 6 0x00000001
core   0: 0x800085ec (0xf227e137) lui     sp, 0xf227e
core   0: 3 0x800085ec (0xf227e137) x 2 0xf227e000
core   0: 0x800085f0 (0xb1722a93) slti    s5, tp, -1257
core   0: 3 0x800085f0 (0xb1722a93) x21 0x00000000
core   0: 0x800085f4 (0xe8f88093) addi    ra, a7, -369
core   0: 3 0x800085f4 (0xe8f88093) x 1 0x80010864
core   0: 0x800085f8 (0x9376c813) xori    a6, a3, -1737
core   0: 3 0x800085f8 (0x9376c813) x16 0xffffff07
core   0: 0x800085fc (0x0064c633) xor     a2, s1, t1
core   0: 3 0x800085fc (0x0064c633) x12 0x84010e65
core   0: 0x80008600 (0x01dd99b3) sll     s3, s11, t4
core   0: 3 0x80008600 (0x01dd99b3) x19 0xd944cfc3
core   0: 0x80008604 (0x01b002b3) add     t0, zero, s11
core   0: 3 0x80008604 (0x01b002b3) x 5 0xd944cfc3
core   0: 0x80008608 (0x9f6146b7) lui     a3, 0x9f614
core   0: 3 0x80008608 (0x9f6146b7) x13 0x9f614000
core   0: 0x8000860c (0x0c82f217) auipc   tp, 0xc82f
core   0: 3 0x8000860c (0x0c82f217) x 4 0x8c83760c
core   0: 0x80008610 (0x0094cd33) xor     s10, s1, s1
core   0: 3 0x80008610 (0x0094cd33) x26 0x00000000
core   0: 0x80008614 (0xa66d0393) addi    t2, s10, -1434
core   0: 3 0x80008614 (0xa66d0393) x 7 0xfffffa66
core   0: 0x80008618 (0xb1749297) auipc   t0, 0xb1749
core   0: 3 0x80008618 (0xb1749297) x 5 0x31751618
core   0: 0x8000861c (0x41a387b3) sub     a5, t2, s10
core   0: 3 0x8000861c (0x41a387b3) x15 0xfffffa66
core   0: 0x80008620 (0x00000013) nop
core   0: 3 0x80008620 (0x00000013)
core   0: 0x80008624 (0x408f5b93) srai    s7, t5, 8
core   0: 3 0x80008624 (0x408f5b93) x23 0xfffffffe
core   0: 0x80008628 (0x01759533) sll     a0, a1, s7
core   0: 3 0x80008628 (0x01759533) x10 0x00000000
core   0: 0x8000862c (0x01248f33) add     t5, s1, s2
core   0: 3 0x8000862c (0x01248f33) x30 0x84010e65
core   0: 0x80008630 (0x52d1c313) xori    t1, gp, 1325
core   0: 3 0x80008630 (0x52d1c313) x 6 0x0000052d
core   0: 0x80008634 (0x019b5533) srl     a0, s6, s9
core   0: 3 0x80008634 (0x019b5533) x10 0x0d944cfc
core   0: 0x80008638 (0x00b88fb3) add     t6, a7, a1
core   0: 3 0x80008638 (0x00b88fb3) x31 0x800109d1
core   0: 0x8000863c (0xfff00d93) li      s11, -1
core   0: 3 0x8000863c (0xfff00d93) x27 0xffffffff
core   0: 0x80008640 (0x80000337) lui     t1, 0x80000
core   0: 3 0x80008640 (0x80000337) x 6 0x80000000
core   0: 0x80008644 (0x00000f13) li      t5, 0
core   0: 3 0x80008644 (0x00000f13) x30 0x00000000
core   0: 0x80008648 (0xb53c6b37) lui     s6, 0xb53c6
core   0: 3 0x80008648 (0xb53c6b37) x22 0xb53c6000
core   0: 0x8000864c (0xf36b0b13) addi    s6, s6, -202
core   0: 3 0x8000864c (0xf36b0b13) x22 0xb53c5f36
core   0: 0x80008650 (0xfff00e13) li      t3, -1
core   0: 3 0x80008650 (0xfff00e13) x28 0xffffffff
core   0: 0x80008654 (0x80000937) lui     s2, 0x80000
core   0: 3 0x80008654 (0x80000937) x18 0x80000000
core   0: 0x80008658 (0xfff00593) li      a1, -1
core   0: 3 0x80008658 (0xfff00593) x11 0xffffffff
core   0: 0x8000865c (0x00000513) li      a0, 0
core   0: 3 0x8000865c (0x00000513) x10 0x00000000
core   0: 0x80008660 (0xfff00993) li      s3, -1
core   0: 3 0x80008660 (0xfff00993) x19 0xffffffff
core   0: 0x80008664 (0x00000293) li      t0, 0
core   0: 3 0x80008664 (0x00000293) x 5 0x00000000
core   0: 0x80008668 (0x00a309b3) add     s3, t1, a0
core   0: 3 0x80008668 (0x00a309b3) x19 0x80000000
core   0: 0x8000866c (0x16a47997) auipc   s3, 0x16a47
core   0: 3 0x8000866c (0x16a47997) x19 0x96a4f66c
core   0: 0x80008670 (0xcc5a8e37) lui     t3, 0xcc5a8
core   0: 3 0x80008670 (0xcc5a8e37) x28 0xcc5a8000
core   0: 0x80008674 (0xfcf40337) lui     t1, 0xfcf40
core   0: 3 0x80008674 (0xfcf40337) x 6 0xfcf40000
core   0: 0x80008678 (0x33728993) addi    s3, t0, 823
core   0: 3 0x80008678 (0x33728993) x19 0x00000337
core   0: 0x8000867c (0x00b509b3) add     s3, a0, a1
core   0: 3 0x8000867c (0x00b509b3) x19 0xffffffff
core   0: 0x80008680 (0xcefd3297) auipc   t0, 0xcefd3
core   0: 3 0x80008680 (0xcefd3297) x 5 0x4efdb680
core   0: 0x80008684 (0x1dfe0593) addi    a1, t3, 479
core   0: 3 0x80008684 (0x1dfe0593) x11 0xcc5a81df
core   0: 0x80008688 (0x40be0db3) sub     s11, t3, a1
core   0: 3 0x80008688 (0x40be0db3) x27 0xfffffe21
core   0: 0x8000868c (0x01b982b3) add     t0, s3, s11
core   0: 3 0x8000868c (0x01b982b3) x 5 0xfffffe20
core   0: 0x80008690 (0x01ce0b33) add     s6, t3, t3
core   0: 3 0x80008690 (0x01ce0b33) x22 0x98b50000
core   0: 0x80008694 (0xda0e0313) addi    t1, t3, -608
core   0: 3 0x80008694 (0xda0e0313) x 6 0xcc5a7da0
core   0: 0x80008698 (0x01358db3) add     s11, a1, s3
core   0: 3 0x80008698 (0x01358db3) x27 0xcc5a81de
core   0: 0x8000869c (0x00b309b3) add     s3, t1, a1
core   0: 3 0x8000869c (0x00b309b3) x19 0x98b4ff7f
core   0: 0x800086a0 (0x72ee0e13) addi    t3, t3, 1838
core   0: 3 0x800086a0 (0x72ee0e13) x28 0xcc5a872e
core   0: 0x800086a4 (0xa76de317) auipc   t1, 0xa76de
core   0: 3 0x800086a4 (0xa76de317) x 6 0x276e66a4
core   0: 0x800086a8 (0xedce4f37) lui     t5, 0xedce4
core   0: 3 0x800086a8 (0xedce4f37) x30 0xedce4000
core   0: 0x800086ac (0x4ae77937) lui     s2, 0x4ae77
core   0: 3 0x800086ac (0x4ae77937) x18 0x4ae77000
core   0: 0x800086b0 (0xb71ecdb7) lui     s11, 0xb71ec
core   0: 3 0x800086b0 (0xb71ecdb7) x27 0xb71ec000
core   0: 0x800086b4 (0x42ce0593) addi    a1, t3, 1068
core   0: 3 0x800086b4 (0x42ce0593) x11 0xcc5a8b5a
core   0: 0x800086b8 (0xc3e58f37) lui     t5, 0xc3e58
core   0: 3 0x800086b8 (0xc3e58f37) x30 0xc3e58000
core   0: 0x800086bc (0x5ed58e13) addi    t3, a1, 1517
core   0: 3 0x800086bc (0x5ed58e13) x28 0xcc5a9147
core   0: 0x800086c0 (0x00000013) nop
core   0: 3 0x800086c0 (0x00000013)
core   0: 0x800086c4 (0x92cc4d97) auipc   s11, 0x92cc4
core   0: 3 0x800086c4 (0x92cc4d97) x27 0x12ccc6c4
core   0: 0x800086c8 (0xe3c10337) lui     t1, 0xe3c10
core   0: 3 0x800086c8 (0xe3c10337) x 6 0xe3c10000
core   0: 0x800086cc (0x00ae09b3) add     s3, t3, a0
core   0: 3 0x800086cc (0x00ae09b3) x19 0xcc5a9147
core   0: 0x800086d0 (0x01b58533) add     a0, a1, s11
core   0: 3 0x800086d0 (0x01b58533) x10 0xdf27521e
core   0: 0x800086d4 (0x01d1c233) xor     tp, gp, t4
core   0: 3 0x800086d4 (0x01d1c233) x 4 0x80000000
core   0: 0x800086d8 (0x014b33b3) sltu    t2, s6, s4
core   0: 3 0x800086d8 (0x014b33b3) x 7 0x00000000
core   0: 0x800086dc (0x83d838b7) lui     a7, 0x83d83
core   0: 3 0x800086dc (0x83d838b7) x17 0x83d83000
core   0: 0x800086e0 (0x0f1abf93) sltiu   t6, s5, 241
core   0: 3 0x800086e0 (0x0f1abf93) x31 0x00000001
core   0: 0x800086e4 (0x007c0ab3) add     s5, s8, t2
core   0: 3 0x800086e4 (0x007c0ab3) x21 0xd944c944
core   0: 0x800086e8 (0x011cafb3) slt     t6, s9, a7
core   0: 3 0x800086e8 (0x011cafb3) x31 0x00000001
core   0: 0x800086ec (0x40a5d4b3) sra     s1, a1, a0
core   0: 3 0x800086ec (0x40a5d4b3) x 9 0xffffffff
core   0: 0x800086f0 (0x01066933) or      s2, a2, a6
core   0: 3 0x800086f0 (0x01066933) x18 0xffffff67
core   0: 0x800086f4 (0xfe954d13) xori    s10, a0, -23
core   0: 3 0x800086f4 (0xfe954d13) x26 0x20d8adf7
core   0: 0x800086f8 (0x00227133) and     sp, tp, sp
core   0: 3 0x800086f8 (0x00227133) x 2 0x80000000
core   0: 0x800086fc (0x41195d13) srai    s10, s2, 17
core   0: 3 0x800086fc (0x41195d13) x26 0xffffffff
core   0: 0x80008700 (0x40205633) sra     a2, zero, sp
core   0: 3 0x80008700 (0x40205633) x12 0x00000000
core   0: 0x80008704 (0x01676333) or      t1, a4, s6
core   0: 3 0x80008704 (0x01676333) x 6 0x9cb50000
core   0: 0x80008708 (0x0ead0593) addi    a1, s10, 234
core   0: 3 0x80008708 (0x0ead0593) x11 0x000000e9
core   0: 0x8000870c (0x124f7693) andi    a3, t5, 292
core   0: 3 0x8000870c (0x124f7693) x13 0x00000000
core   0: 0x80008710 (0xcda64f17) auipc   t5, 0xcda64
core   0: 3 0x80008710 (0xcda64f17) x30 0x4da6c710
core   0: 0x80008714 (0xccaa4813) xori    a6, s4, -822
core   0: 3 0x80008714 (0xccaa4813) x16 0x7ffef2ae
core   0: 0x80008718 (0x41875b93) srai    s7, a4, 24
core   0: 3 0x80008718 (0x41875b93) x23 0x00000004
core   0: 0x8000871c (0xb1a13b13) sltiu   s6, sp, -1254
core   0: 3 0x8000871c (0xb1a13b13) x22 0x00000001
core   0: 0x80008720 (0x017ec533) xor     a0, t4, s7
core   0: 3 0x80008720 (0x017ec533) x10 0x80000004
core   0: 0x80008724 (0x0107af33) slt     t5, a5, a6
core   0: 3 0x80008724 (0x0107af33) x30 0x00000001
core   0: 0x80008728 (0xca13e693) ori     a3, t2, -863
core   0: 3 0x80008728 (0xca13e693) x13 0xfffffca1
core   0: 0x8000872c (0x7d885397) auipc   t2, 0x7d885
core   0: 3 0x8000872c (0x7d885397) x 7 0xfd88d72c
core   0: 0x80008730 (0x67653393) sltiu   t2, a0, 1654
core   0: 3 0x80008730 (0x67653393) x 7 0x00000000
core   0: 0x80008734 (0x01759913) slli    s2, a1, 23
core   0: 3 0x80008734 (0x01759913) x18 0x74800000
core   0: 0x80008738 (0x009af533) and     a0, s5, s1
core   0: 3 0x80008738 (0x009af533) x10 0xd944c944
core   0: 0x8000873c (0x012a6db3) or      s11, s4, s2
core   0: 3 0x8000873c (0x012a6db3) x27 0xf4810e64
core   0: 0x80008740 (0x41405f33) sra     t5, zero, s4
core   0: 3 0x80008740 (0x41405f33) x30 0x00000000
core   0: 0x80008744 (0x5f516813) ori     a6, sp, 1525
core   0: 3 0x80008744 (0x5f516813) x16 0x800005f5
core   0: 0x80008748 (0x0170d4b3) srl     s1, ra, s7
core   0: 3 0x80008748 (0x0170d4b3) x 9 0x08001086
core   0: 0x8000874c (0x00b5bb33) sltu    s6, a1, a1
core   0: 3 0x8000874c (0x00b5bb33) x22 0x00000000
core   0: 0x80008750 (0x01fb81b3) add     gp, s7, t6
core   0: 3 0x80008750 (0x01fb81b3) x 3 0x00000005
core   0: 0x80008754 (0x01e02e33) slt     t3, zero, t5
core   0: 3 0x80008754 (0x01e02e33) x28 0x00000000
core   0: 0x80008758 (0x00429f33) sll     t5, t0, tp
core   0: 3 0x80008758 (0x00429f33) x30 0xfffffe20
core   0: 0x8000875c (0x404ad633) sra     a2, s5, tp
core   0: 3 0x8000875c (0x404ad633) x12 0xd944c944
core   0: 0x80008760 (0x009db833) sltu    a6, s11, s1
core   0: 3 0x80008760 (0x009db833) x16 0x00000000
core   0: 0x80008764 (0x0193a4b3) slt     s1, t2, s9
core   0: 3 0x80008764 (0x0193a4b3) x 9 0x00000000
core   0: 0x80008768 (0x40715833) sra     a6, sp, t2
core   0: 3 0x80008768 (0x40715833) x16 0x80000000
core   0: 0x8000876c (0x415584b3) sub     s1, a1, s5
core   0: 3 0x8000876c (0x415584b3) x 9 0x26bb37a5
core   0: 0x80008770 (0x01ee95b3) sll     a1, t4, t5
core   0: 3 0x80008770 (0x01ee95b3) x11 0x80000000
core   0: 0x80008774 (0x418581b3) sub     gp, a1, s8
core   0: 3 0x80008774 (0x418581b3) x 3 0xa6bb36bc
core   0: 0x80008778 (0x01905733) srl     a4, zero, s9
core   0: 3 0x80008778 (0x01905733) x14 0x00000000
core   0: 0x8000877c (0xf69db513) sltiu   a0, s11, -151
core   0: 3 0x8000877c (0xf69db513) x10 0x00000001
core   0: 0x80008780 (0x41e9d513) srai    a0, s3, 30
core   0: 3 0x80008780 (0x41e9d513) x10 0xffffffff
core   0: 0x80008784 (0x6fe4d3b7) lui     t2, 0x6fe4d
core   0: 3 0x80008784 (0x6fe4d3b7) x 7 0x6fe4d000
core   0: 0x80008788 (0x0e2b6c13) ori     s8, s6, 226
core   0: 3 0x80008788 (0x0e2b6c13) x24 0x000000e2
core   0: 0x8000878c (0x41c9d293) srai    t0, s3, 28
core   0: 3 0x8000878c (0x41c9d293) x 5 0xfffffffc
core   0: 0x80008790 (0x0078c733) xor     a4, a7, t2
core   0: 3 0x80008790 (0x0078c733) x14 0xec3ce000
core   0: 0x80008794 (0x01144533) xor     a0, s0, a7
core   0: 3 0x80008794 (0x01144533) x10 0x03d93e64
core   0: 0x80008798 (0x0115df93) srli    t6, a1, 17
core   0: 3 0x80008798 (0x0115df93) x31 0x00004000
core   0: 0x8000879c (0xc227fa13) andi    s4, a5, -990
core   0: 3 0x8000879c (0xc227fa13) x20 0xfffff822
core   0: 0x800087a0 (0x012084b3) add     s1, ra, s2
core   0: 3 0x800087a0 (0x012084b3) x 9 0xf4810864
core   0: 0x800087a4 (0xfaa0be13) sltiu   t3, ra, -86
core   0: 3 0x800087a4 (0xfaa0be13) x28 0x00000001
core   0: 0x800087a8 (0xc801ee13) ori     t3, gp, -896
core   0: 3 0x800087a8 (0xc801ee13) x28 0xfffffebc
core   0: 0x800087ac (0x002c9693) slli    a3, s9, 2
core   0: 3 0x800087ac (0x002c9693) x13 0x00053390
core   0: 0x800087b0 (0x4163df93) srai    t6, t2, 22
core   0: 3 0x800087b0 (0x4163df93) x31 0x000001bf
core   0: 0x800087b4 (0x22142613) slti    a2, s0, 545
core   0: 3 0x800087b4 (0x22142613) x12 0x00000001
core   0: 0x800087b8 (0x0d3c68b7) lui     a7, 0xd3c6
core   0: 3 0x800087b8 (0x0d3c68b7) x17 0x0d3c6000
core   0: 0x800087bc (0x7bfe8b13) addi    s6, t4, 1983
core   0: 3 0x800087bc (0x7bfe8b13) x22 0x800007bf
core   0: 0x800087c0 (0x014d96b3) sll     a3, s11, s4
core   0: 3 0x800087c0 (0x014d96b3) x13 0xd2043990
core   0: 0x800087c4 (0x00d524b3) slt     s1, a0, a3
core   0: 3 0x800087c4 (0x00d524b3) x 9 0x00000000
core   0: 0x800087c8 (0x01f39913) slli    s2, t2, 31
core   0: 3 0x800087c8 (0x01f39913) x18 0x00000000
core   0: 0x800087cc (0x614fbe13) sltiu   t3, t6, 1556
core   0: 3 0x800087cc (0x614fbe13) x28 0x00000001
core   0: 0x800087d0 (0x86e26d13) ori     s10, tp, -1938
core   0: 3 0x800087d0 (0x86e26d13) x26 0xfffff86e
core   0: 0x800087d4 (0x004fa7b3) slt     a5, t6, tp
core   0: 3 0x800087d4 (0x004fa7b3) x15 0x00000000
core   0: 0x800087d8 (0x2af4fb93) andi    s7, s1, 687
core   0: 3 0x800087d8 (0x2af4fb93) x23 0x00000000
core   0: 0x800087dc (0x415e5693) srai    a3, t3, 21
core   0: 3 0x800087dc (0x415e5693) x13 0x00000000
core   0: 0x800087e0 (0x01855313) srli    t1, a0, 24
core   0: 3 0x800087e0 (0x01855313) x 6 0x00000003
core   0: 0x800087e4 (0x019e8a33) add     s4, t4, s9
core   0: 3 0x800087e4 (0x019e8a33) x20 0x00014ce4
core   0: 0x800087e8 (0x00ca7333) and     t1, s4, a2
core   0: 3 0x800087e8 (0x00ca7333) x 6 0x00000000
core   0: 0x800087ec (0x29a7e293) ori     t0, a5, 666
core   0: 3 0x800087ec (0x29a7e293) x 5 0x0000029a
core   0: 0x800087f0 (0x00c8a233) slt     tp, a7, a2
core   0: 3 0x800087f0 (0x00c8a233) x 4 0x00000000
core   0: 0x800087f4 (0x010f24b3) slt     s1, t5, a6
core   0: 3 0x800087f4 (0x010f24b3) x 9 0x00000000
core   0: 0x800087f8 (0x016d1693) slli    a3, s10, 22
core   0: 3 0x800087f8 (0x016d1693) x13 0x1b800000
core   0: 0x800087fc (0xbbe38b13) addi    s6, t2, -1090
core   0: 3 0x800087fc (0xbbe38b13) x22 0x6fe4cbbe
core   0: 0x80008800 (0x5c167f13) andi    t5, a2, 1473
core   0: 3 0x80008800 (0x5c167f13) x30 0x00000001
core   0: 0x80008804 (0x40465a13) srai    s4, a2, 4
core   0: 3 0x80008804 (0x40465a13) x20 0x00000000
core   0: 0x80008808 (0xcbbd7d93) andi    s11, s10, -837
core   0: 3 0x80008808 (0xcbbd7d93) x27 0xfffff82a
core   0: 0x8000880c (0x00000013) nop
core   0: 3 0x8000880c (0x00000013)
core   0: 0x80008810 (0x41be8533) sub     a0, t4, s11
core   0: 3 0x80008810 (0x41be8533) x10 0x800007d6
core   0: 0x80008814 (0x26700c13) li      s8, 615
core   0: 3 0x80008814 (0x26700c13) x24 0x00000267
core   0: 0x80008818 (0x004002b3) add     t0, zero, tp
core   0: 3 0x80008818 (0x004002b3) x 5 0x00000000
core   0: 0x8000881c (0x00000013) nop
core   0: 3 0x8000881c (0x00000013)
core   0: 0x80008820 (0x392ece13) xori    t3, t4, 914
core   0: 3 0x80008820 (0x392ece13) x28 0x80000392
core   0: 0x80008824 (0x41c5d313) srai    t1, a1, 28
core   0: 3 0x80008824 (0x41c5d313) x 6 0xfffffff8
core   0: 0x80008828 (0x00cfd1b3) srl     gp, t6, a2
core   0: 3 0x80008828 (0x00cfd1b3) x 3 0x000000df
core   0: 0x8000882c (0x01285933) srl     s2, a6, s2
core   0: 3 0x8000882c (0x01285933) x18 0x80000000
core   0: 0x80008830 (0x01b11393) slli    t2, sp, 27
core   0: 3 0x80008830 (0x01b11393) x 7 0x00000000
core   0: 0x80008834 (0x4c53b517) auipc   a0, 0x4c53b
core   0: 3 0x80008834 (0x4c53b517) x10 0xcc543834
core   0: 0x80008838 (0x80000937) lui     s2, 0x80000
core   0: 3 0x80008838 (0x80000937) x18 0x80000000
core   0: 0x8000883c (0xa7b77db7) lui     s11, 0xa7b77
core   0: 3 0x8000883c (0xa7b77db7) x27 0xa7b77000
core   0: 0x80008840 (0x853d8d93) addi    s11, s11, -1965
core   0: 3 0x80008840 (0x853d8d93) x27 0xa7b76853
core   0: 0x80008844 (0x00000993) li      s3, 0
core   0: 3 0x80008844 (0x00000993) x19 0x00000000
core   0: 0x80008848 (0xfff00e13) li      t3, -1
core   0: 3 0x80008848 (0xfff00e13) x28 0xffffffff
core   0: 0x8000884c (0x8e144837) lui     a6, 0x8e144
core   0: 3 0x8000884c (0x8e144837) x16 0x8e144000
core   0: 0x80008850 (0xa2780813) addi    a6, a6, -1497
core   0: 3 0x80008850 (0xa2780813) x16 0x8e143a27
core   0: 0x80008854 (0x6b3767b7) lui     a5, 0x6b376
core   0: 3 0x80008854 (0x6b3767b7) x15 0x6b376000
core   0: 0x80008858 (0xd1578793) addi    a5, a5, -747
core   0: 3 0x80008858 (0xd1578793) x15 0x6b375d15
core   0: 0x8000885c (0xfff00a13) li      s4, -1
core   0: 3 0x8000885c (0xfff00a13) x20 0xffffffff
core   0: 0x80008860 (0x00000c13) li      s8, 0
core   0: 3 0x80008860 (0x00000c13) x24 0x00000000
core   0: 0x80008864 (0x80000737) lui     a4, 0x80000
core   0: 3 0x80008864 (0x80000737) x14 0x80000000
core   0: 0x80008868 (0xfff00113) li      sp, -1
core   0: 3 0x80008868 (0xfff00113) x 2 0xffffffff
core   0: 0x8000886c (0x30bbdc37) lui     s8, 0x30bbd
core   0: 3 0x8000886c (0x30bbdc37) x24 0x30bbd000
core   0: 0x80008870 (0x7adc0813) addi    a6, s8, 1965
core   0: 3 0x80008870 (0x7adc0813) x16 0x30bbd7ad
core   0: 0x80008874 (0x010d8133) add     sp, s11, a6
core   0: 3 0x80008874 (0x010d8133) x 2 0xd8734000
core   0: 0x80008878 (0x01070993) addi    s3, a4, 16
core   0: 3 0x80008878 (0x01070993) x19 0x80000010
core   0: 0x8000887c (0x01810db3) add     s11, sp, s8
core   0: 3 0x8000887c (0x01810db3) x27 0x092f1000
core   0: 0x80008880 (0x41080e33) sub     t3, a6, a6
core   0: 3 0x80008880 (0x41080e33) x28 0x00000000
core   0: 0x80008884 (0x40f10e33) sub     t3, sp, a5
core   0: 3 0x80008884 (0x40f10e33) x28 0x6d3be2eb
core   0: 0x80008888 (0x010a0e33) add     t3, s4, a6
core   0: 3 0x80008888 (0x010a0e33) x28 0x30bbd7ac
core   0: 0x8000888c (0x013a0733) add     a4, s4, s3
core   0: 3 0x8000888c (0x013a0733) x14 0x8000000f
core   0: 0x80008890 (0x00000013) nop
core   0: 3 0x80008890 (0x00000013)
core   0: 0x80008894 (0x36fd8793) addi    a5, s11, 879
core   0: 3 0x80008894 (0x36fd8793) x15 0x092f136f
core   0: 0x80008898 (0x40ee0a33) sub     s4, t3, a4
core   0: 3 0x80008898 (0x40ee0a33) x20 0xb0bbd79d
core   0: 0x8000889c (0x41bd8a33) sub     s4, s11, s11
core   0: 3 0x8000889c (0x41bd8a33) x20 0x00000000
core   0: 0x800088a0 (0x647a0e13) addi    t3, s4, 1607
core   0: 3 0x800088a0 (0x647a0e13) x28 0x00000647
core   0: 0x800088a4 (0x01010833) add     a6, sp, a6
core   0: 3 0x800088a4 (0x01010833) x16 0x092f17ad
core   0: 0x800088a8 (0x00000013) nop
core   0: 3 0x800088a8 (0x00000013)
core   0: 0x800088ac (0x00000013) nop
core   0: 3 0x800088ac (0x00000013)
core   0: 0x800088b0 (0x40f5d233) sra     tp, a1, a5
core   0: 3 0x800088b0 (0x40f5d233) x 4 0xffff0000
core   0: 0x800088b4 (0x0199c633) xor     a2, s3, s9
core   0: 3 0x800088b4 (0x0199c633) x12 0x00014cf4
core   0: 0x800088b8 (0x0512d697) auipc   a3, 0x512d
core   0: 3 0x800088b8 (0x0512d697) x13 0x851358b8
core   0: 0x800088bc (0x0101f933) and     s2, gp, a6
core   0: 3 0x800088bc (0x0101f933) x18 0x0000008d
core   0: 0x800088c0 (0x016944b3) xor     s1, s2, s6
core   0: 3 0x800088c0 (0x016944b3) x 9 0x6fe4cb33
core   0: 0x800088c4 (0x63cee293) ori     t0, t4, 1596
core   0: 3 0x800088c4 (0x63cee293) x 5 0x8000063c
core   0: 0x800088c8 (0x001cdab3) srl     s5, s9, ra
core   0: 3 0x800088c8 (0x001cdab3) x21 0x080014ce
core   0: 0x800088cc (0x00ec6f33) or      t5, s8, a4
core   0: 3 0x800088cc (0x00ec6f33) x30 0xb0bbd00f
core   0: 0x800088d0 (0x01aa4733) xor     a4, s4, s10
core   0: 3 0x800088d0 (0x01aa4733) x14 0xfffff86e
core   0: 0x800088d4 (0x4155db93) srai    s7, a1, 21
core   0: 3 0x800088d4 (0x4155db93) x23 0xfffffc00
core   0: 0x800088d8 (0x00d9b4b3) sltu    s1, s3, a3
core   0: 3 0x800088d8 (0x00d9b4b3) x 9 0x00000001
core   0: 0x800088dc (0x6357e8b7) lui     a7, 0x6357e
core   0: 3 0x800088dc (0x6357e8b7) x17 0x6357e000
core   0: 0x800088e0 (0x0182e9b3) or      s3, t0, s8
core   0: 3 0x800088e0 (0x0182e9b3) x19 0xb0bbd63c
core   0: 0x800088e4 (0x41afc213) xori    tp, t6, 1050
core   0: 3 0x800088e4 (0x41afc213) x 4 0x000005a5
core   0: 0x800088e8 (0x930ced93) ori     s11, s9, -1744
core   0: 3 0x800088e8 (0x930ced93) x27 0xfffffdf4
core   0: 0x800088ec (0x4d558093) addi    ra, a1, 1237
core   0: 3 0x800088ec (0x4d558093) x 1 0x800004d5
core   0: 0x800088f0 (0x00000013) nop
core   0: 3 0x800088f0 (0x00000013)
core   0: 0x800088f4 (0x01483fb3) sltu    t6, a6, s4
core   0: 3 0x800088f4 (0x01483fb3) x31 0x00000000
core   0: 0x800088f8 (0x00b6dc13) srli    s8, a3, 11
core   0: 3 0x800088f8 (0x00b6dc13) x24 0x0010a26b
core   0: 0x800088fc (0x01a15ab3) srl     s5, sp, s10
core   0: 3 0x800088fc (0x01a15ab3) x21 0x000361cd
core   0: 0x80008900 (0xb2e7af97) auipc   t6, 0xb2e7a
core   0: 3 0x80008900 (0xb2e7af97) x31 0x32e82900
core   0: 0x80008904 (0x016ef6b3) and     a3, t4, s6
core   0: 3 0x80008904 (0x016ef6b3) x13 0x00000000
core   0: 0x80008908 (0x00ae45b3) xor     a1, t3, a0
core   0: 3 0x80008908 (0x00ae45b3) x11 0xcc543e73
core   0: 0x8000890c (0x40a55913) srai    s2, a0, 10
core   0: 3 0x8000890c (0x40a55913) x18 0xfff3150e
core   0: 0x80008910 (0x019748b3) xor     a7, a4, s9
core   0: 3 0x80008910 (0x019748b3) x17 0x7ffeb48a
core   0: 0x80008914 (0xae37cb93) xori    s7, a5, -1309
core   0: 3 0x80008914 (0xae37cb93) x23 0xf6d0e98c
core   0: 0x80008918 (0x01649793) slli    a5, s1, 22
core   0: 3 0x80008918 (0x01649793) x15 0x00400000
core   0: 0x8000891c (0x00822233) slt     tp, tp, s0
core   0: 3 0x8000891c (0x00822233) x 4 0x00000000
core   0: 0x80008920 (0x33893e13) sltiu   t3, s2, 824
core   0: 3 0x80008920 (0x33893e13) x28 0x00000000
core   0: 0x80008924 (0xa5c38493) addi    s1, t2, -1444
core   0: 3 0x80008924 (0xa5c38493) x 9 0xfffffa5c
core   0: 0x80008928 (0xf717b137) lui     sp, 0xf717b
core   0: 3 0x80008928 (0xf717b137) x 2 0xf717b000
core   0: 0x8000892c (0x2d40f693) andi    a3, ra, 724
core   0: 3 0x8000892c (0x2d40f693) x13 0x000000d4
core   0: 0x80008930 (0x00730c33) add     s8, t1, t2
core   0: 3 0x80008930 (0x00730c33) x24 0xfffffff8
core   0: 0x80008934 (0x01561533) sll     a0, a2, s5
core   0: 3 0x80008934 (0x01561533) x10 0x299e8000
core   0: 0x80008938 (0x5048d6b7) lui     a3, 0x5048d
core   0: 3 0x80008938 (0x5048d6b7) x13 0x5048d000
core   0: 0x8000893c (0x40e182b3) sub     t0, gp, a4
core   0: 3 0x8000893c (0x40e182b3) x 5 0x00000871
core   0: 0x80008940 (0x011be933) or      s2, s7, a7
core   0: 3 0x80008940 (0x011be933) x18 0xfffefd8e
core   0: 0x80008944 (0x018dfb33) and     s6, s11, s8
core   0: 3 0x80008944 (0x018dfb33) x22 0xfffffdf0
core   0: 0x80008948 (0x9c68f713) andi    a4, a7, -1594
core   0: 3 0x80008948 (0x9c68f713) x14 0x7ffeb082
core   0: 0x8000894c (0x4fa12a93) slti    s5, sp, 1274
core   0: 3 0x8000894c (0x4fa12a93) x21 0x00000001
core   0: 0x80008950 (0x41978c33) sub     s8, a5, s9
core   0: 3 0x80008950 (0x41978c33) x24 0x803eb31c
core   0: 0x80008954 (0x00f24b33) xor     s6, tp, a5
core   0: 3 0x80008954 (0x00f24b33) x22 0x00400000
core   0: 0x80008958 (0x012ea333) slt     t1, t4, s2
core   0: 3 0x80008958 (0x012ea333) x 6 0x00000001
core   0: 0x8000895c (0x3aab8613) addi    a2, s7, 938
core   0: 3 0x8000895c (0x3aab8613) x12 0xf6d0ed36
core   0: 0x80008960 (0xdffcc493) xori    s1, s9, -513
core   0: 3 0x80008960 (0xdffcc493) x 9 0x7ffeb11b
core   0: 0x80008964 (0x51d82e13) slti    t3, a6, 1309
core   0: 3 0x80008964 (0x51d82e13) x28 0x00000000
core   0: 0x80008968 (0x7a8d4393) xori    t2, s10, 1960
core   0: 3 0x80008968 (0x7a8d4393) x 7 0xffffffc6
core   0: 0x8000896c (0x41385c13) srai    s8, a6, 19
core   0: 3 0x8000896c (0x41385c13) x24 0x00000125
core   0: 0x80008970 (0x00bf01b3) add     gp, t5, a1
core   0: 3 0x80008970 (0x00bf01b3) x 3 0x7d100e82
core   0: 0x80008974 (0x00d97933) and     s2, s2, a3
core   0: 3 0x80008974 (0x00d97933) x18 0x5048d000
core   0: 0x80008978 (0xdcdee693) ori     a3, t4, -563
core   0: 3 0x80008978 (0xdcdee693) x13 0xfffffdcd
core   0: 0x8000897c (0x302ce593) ori     a1, s9, 770
core   0: 3 0x8000897c (0x302ce593) x11 0x80014fe6
core   0: 0x80008980 (0x00d050b3) srl     ra, zero, a3
core   0: 3 0x80008980 (0x00d050b3) x 1 0x00000000
core   0: 0x80008984 (0xefe13a13) sltiu   s4, sp, -258
core   0: 3 0x80008984 (0xefe13a13) x20 0x00000001
core   0: 0x80008988 (0x01f6f9b3) and     s3, a3, t6
core   0: 3 0x80008988 (0x01f6f9b3) x19 0x32e82900
core   0: 0x8000898c (0x80f54213) xori    tp, a0, -2033
core   0: 3 0x8000898c (0x80f54213) x 4 0xd661780f
core   0: 0x80008990 (0x01b5d2b3) srl     t0, a1, s11
core   0: 3 0x80008990 (0x01b5d2b3) x 5 0x00000800
core   0: 0x80008994 (0xf3b7d8b7) lui     a7, 0xf3b7d
core   0: 3 0x80008994 (0xf3b7d8b7) x17 0xf3b7d000
core   0: 0x80008998 (0x00783a33) sltu    s4, a6, t2
core   0: 3 0x80008998 (0x00783a33) x20 0x00000001
core   0: 0x8000899c (0x414dd833) sra     a6, s11, s4
core   0: 3 0x8000899c (0x414dd833) x16 0xfffffefa
core   0: 0x800089a0 (0x00208833) add     a6, ra, sp
core   0: 3 0x800089a0 (0x00208833) x16 0xf717b000
core   0: 0x800089a4 (0x001ec733) xor     a4, t4, ra
core   0: 3 0x800089a4 (0x001ec733) x14 0x80000000
core   0: 0x800089a8 (0x01398ab3) add     s5, s3, s3
core   0: 3 0x800089a8 (0x01398ab3) x21 0x65d05200
core   0: 0x800089ac (0xf63b6d93) ori     s11, s6, -157
core   0: 3 0x800089ac (0xf63b6d93) x27 0xffffff63
core   0: 0x800089b0 (0x0015bdb3) sltu    s11, a1, ra
core   0: 3 0x800089b0 (0x0015bdb3) x27 0x00000000
core   0: 0x800089b4 (0x005d9733) sll     a4, s11, t0
core   0: 3 0x800089b4 (0x005d9733) x14 0x00000000
core   0: 0x800089b8 (0x010b0033) add     zero, s6, a6
core   0: 3 0x800089b8 (0x010b0033)
core   0: 0x800089bc (0x017b5333) srl     t1, s6, s7
core   0: 3 0x800089bc (0x017b5333) x 6 0x00000400
core   0: 0x800089c0 (0x01189b33) sll     s6, a7, a7
core   0: 3 0x800089c0 (0x01189b33) x22 0xf3b7d000
core   0: 0x800089c4 (0x01cb5f33) srl     t5, s6, t3
core   0: 3 0x800089c4 (0x01cb5f33) x30 0xf3b7d000
core   0: 0x800089c8 (0x013676b3) and     a3, a2, s3
core   0: 3 0x800089c8 (0x013676b3) x13 0x32c02900
core   0: 0x800089cc (0x00567933) and     s2, a2, t0
core   0: 3 0x800089cc (0x00567933) x18 0x00000800
core   0: 0x800089d0 (0x01b41793) slli    a5, s0, 27
core   0: 3 0x800089d0 (0x01b41793) x15 0x20000000
core   0: 0x800089d4 (0x8b61ab93) slti    s7, gp, -1866
core   0: 3 0x800089d4 (0x8b61ab93) x23 0x00000000
core   0: 0x800089d8 (0x8da6b193) sltiu   gp, a3, -1830
core   0: 3 0x800089d8 (0x8da6b193) x 3 0x00000001
core   0: 0x800089dc (0x0014d913) srli    s2, s1, 1
core   0: 3 0x800089dc (0x0014d913) x18 0x3fff588d
core   0: 0x800089e0 (0x008f6033) or      zero, t5, s0
core   0: 3 0x800089e0 (0x008f6033)
core   0: 0x800089e4 (0x5c8a7f93) andi    t6, s4, 1480
core   0: 3 0x800089e4 (0x5c8a7f93) x31 0x00000000
core   0: 0x800089e8 (0x00e83d33) sltu    s10, a6, a4
core   0: 3 0x800089e8 (0x00e83d33) x26 0x00000000
core   0: 0x800089ec (0x00e5d113) srli    sp, a1, 14
core   0: 3 0x800089ec (0x00e5d113) x 2 0x00020005
core   0: 0x800089f0 (0x00b1e3b3) or      t2, gp, a1
core   0: 3 0x800089f0 (0x00b1e3b3) x 7 0x80014fe7
core   0: 0x800089f4 (0x5e503d93) sltiu   s11, zero, 1509
core   0: 3 0x800089f4 (0x5e503d93) x27 0x00000001
core   0: 0x800089f8 (0x00000013) nop
core   0: 3 0x800089f8 (0x00000013)
core   0: 0x800089fc (0x6d2bca17) auipc   s4, 0x6d2bc
core   0: 3 0x800089fc (0x6d2bca17) x20 0xed2c49fc
core   0: 0x80008a00 (0x35840313) addi    t1, s0, 856
core   0: 3 0x80008a00 (0x35840313) x 6 0x800111bc
core   0: 0x80008a04 (0x01133933) sltu    s2, t1, a7
core   0: 3 0x80008a04 (0x01133933) x18 0x00000001
core   0: 0x80008a08 (0x41d302b3) sub     t0, t1, t4
core   0: 3 0x80008a08 (0x41d302b3) x 5 0x000111bc
core   0: 0x80008a0c (0x00c1fe33) and     t3, gp, a2
core   0: 3 0x80008a0c (0x00c1fe33) x28 0x00000000
core   0: 0x80008a10 (0x410bdfb3) sra     t6, s7, a6
core   0: 3 0x80008a10 (0x410bdfb3) x31 0x00000000
core   0: 0x80008a14 (0x41680f33) sub     t5, a6, s6
core   0: 3 0x80008a14 (0x41680f33) x30 0x035fe000
core   0: 0x80008a18 (0x000d0833) add     a6, s10, zero
core   0: 3 0x80008a18 (0x000d0833) x16 0x00000000
core   0: 0x80008a1c (0x32265b17) auipc   s6, 0x32265
core   0: 3 0x80008a1c (0x32265b17) x22 0xb226da1c
core   0: 0x80008a20 (0x01b34f33) xor     t5, t1, s11
core   0: 3 0x80008a20 (0x01b34f33) x30 0x800111bd
core   0: 0x80008a24 (0x018fe0b3) or      ra, t6, s8
core   0: 3 0x80008a24 (0x018fe0b3) x 1 0x00000125
core   0: 0x80008a28 (0x27c9a113) slti    sp, s3, 636
core   0: 3 0x80008a28 (0x27c9a113) x 2 0x00000000
core   0: 0x80008a2c (0x3a6c2213) slti    tp, s8, 934
core   0: 3 0x80008a2c (0x3a6c2213) x 4 0x00000001
core   0: 0x80008a30 (0x40bf05b3) sub     a1, t5, a1
core   0: 3 0x80008a30 (0x40bf05b3) x11 0xffffc1d7
core   0: 0x80008a34 (0x017c2e33) slt     t3, s8, s7
core   0: 3 0x80008a34 (0x017c2e33) x28 0x00000000
core   0: 0x80008a38 (0x017d83b3) add     t2, s11, s7
core   0: 3 0x80008a38 (0x017d83b3) x 7 0x00000001
core   0: 0x80008a3c (0xd93e2d37) lui     s10, 0xd93e2
core   0: 3 0x80008a3c (0xd93e2d37) x26 0xd93e2000
core   0: 0x80008a40 (0x0043f0b3) and     ra, t2, tp
core   0: 3 0x80008a40 (0x0043f0b3) x 1 0x00000001
core   0: 0x80008a44 (0x00b2f3b3) and     t2, t0, a1
core   0: 3 0x80008a44 (0x00b2f3b3) x 7 0x00010194
core   0: 0x80008a48 (0x0053c833) xor     a6, t2, t0
core   0: 3 0x80008a48 (0x0053c833) x16 0x00001028
core   0: 0x80008a4c (0x00f68933) add     s2, a3, a5
core   0: 3 0x80008a4c (0x00f68933) x18 0x52c02900
core   0: 0x80008a50 (0xe8147137) lui     sp, 0xe8147
core   0: 3 0x80008a50 (0xe8147137) x 2 0xe8147000
core   0: 0x80008a54 (0x0044c533) xor     a0, s1, tp
core   0: 3 0x80008a54 (0x0044c533) x10 0x7ffeb11a
core   0: 0x80008a58 (0x40a4db13) srai    s6, s1, 10
core   0: 3 0x80008a58 (0x40a4db13) x22 0x001fffac
core   0: 0x80008a5c (0x40afdd93) srai    s11, t6, 10
core   0: 3 0x80008a5c (0x40afdd93) x27 0x00000000
core   0: 0x80008a60 (0x411bde13) srai    t3, s7, 17
core   0: 3 0x80008a60 (0x411bde13) x28 0x00000000
core   0: 0x80008a64 (0x6169f513) andi    a0, s3, 1558
core   0: 3 0x80008a64 (0x6169f513) x10 0x00000000
core   0: 0x80008a68 (0x2856ad13) slti    s10, a3, 645
core   0: 3 0x80008a68 (0x2856ad13) x26 0x00000000
core   0: 0x80008a6c (0x00ba36b3) sltu    a3, s4, a1
core   0: 3 0x80008a6c (0x00ba36b3) x13 0x00000001
core   0: 0x80008a70 (0x41d45d93) srai    s11, s0, 29
core   0: 3 0x80008a70 (0x41d45d93) x27 0xfffffffc
core   0: 0x80008a74 (0x00e79233) sll     tp, a5, a4
core   0: 3 0x80008a74 (0x00e79233) x 4 0x20000000
core   0: 0x80008a78 (0x00c1d633) srl     a2, gp, a2
core   0: 3 0x80008a78 (0x00c1d633) x12 0x00000000
core   0: 0x80008a7c (0x01f58c33) add     s8, a1, t6
core   0: 3 0x80008a7c (0x01f58c33) x24 0xffffc1d7
core   0: 0x80008a80 (0x00a16033) or      zero, sp, a0
core   0: 3 0x80008a80 (0x00a16033)
core   0: 0x80008a84 (0x01ab5e33) srl     t3, s6, s10
core   0: 3 0x80008a84 (0x01ab5e33) x28 0x001fffac
core   0: 0x80008a88 (0x8c547a93) andi    s5, s0, -1851
core   0: 3 0x80008a88 (0x8c547a93) x21 0x80010844
core   0: 0x80008a8c (0x0056a5b3) slt     a1, a3, t0
core   0: 3 0x80008a8c (0x0056a5b3) x11 0x00000001
core   0: 0x80008a90 (0x00d0b333) sltu    t1, ra, a3
core   0: 3 0x80008a90 (0x00d0b333) x 6 0x00000000
core   0: 0x80008a94 (0x5284ff17) auipc   t5, 0x5284f
core   0: 3 0x80008a94 (0x5284ff17) x30 0xd2857a94
core   0: 0x80008a98 (0x00314333) xor     t1, sp, gp
core   0: 3 0x80008a98 (0x00314333) x 6 0xe8147001
core   0: 0x80008a9c (0x00e41013) slli    zero, s0, 14
core   0: 3 0x80008a9c (0x00e41013)
core   0: 0x80008aa0 (0x00877333) and     t1, a4, s0
core   0: 3 0x80008aa0 (0x00877333) x 6 0x00000000
core   0: 0x80008aa4 (0x001923b3) slt     t2, s2, ra
core   0: 3 0x80008aa4 (0x001923b3) x 7 0x00000000
core   0: 0x80008aa8 (0xe623e713) ori     a4, t2, -414
core   0: 3 0x80008aa8 (0xe623e713) x14 0xfffffe62
core   0: 0x80008aac (0x1a27f293) andi    t0, a5, 418
core   0: 3 0x80008aac (0x1a27f293) x 5 0x00000000
core   0: 0x80008ab0 (0x99043513) sltiu   a0, s0, -1648
core   0: 3 0x80008ab0 (0x99043513) x10 0x00000001
core   0: 0x80008ab4 (0x00000013) nop
core   0: 3 0x80008ab4 (0x00000013)
core   0: 0x80008ab8 (0x92a53b13) sltiu   s6, a0, -1750
core   0: 3 0x80008ab8 (0x92a53b13) x22 0x00000001
core   0: 0x80008abc (0x00763733) sltu    a4, a2, t2
core   0: 3 0x80008abc (0x00763733) x14 0x00000000
core   0: 0x80008ac0 (0x00951593) slli    a1, a0, 9
core   0: 3 0x80008ac0 (0x00951593) x11 0x00000200
core   0: 0x80008ac4 (0xf5434c13) xori    s8, t1, -172
core   0: 3 0x80008ac4 (0xf5434c13) x24 0xffffff54
core   0: 0x80008ac8 (0x01f76e33) or      t3, a4, t6
core   0: 3 0x80008ac8 (0x01f76e33) x28 0x00000000
core   0: 0x80008acc (0xa5902393) slti    t2, zero, -1447
core   0: 3 0x80008acc (0xa5902393) x 7 0x00000000
core   0: 0x80008ad0 (0x4184d4b3) sra     s1, s1, s8
core   0: 3 0x80008ad0 (0x4184d4b3) x 9 0x000007ff
core   0: 0x80008ad4 (0x00ddb6b3) sltu    a3, s11, a3
core   0: 3 0x80008ad4 (0x00ddb6b3) x13 0x00000000
core   0: 0x80008ad8 (0x10af7693) andi    a3, t5, 266
core   0: 3 0x80008ad8 (0x10af7693) x13 0x00000000
core   0: 0x80008adc (0x30e03393) sltiu   t2, zero, 782
core   0: 3 0x80008adc (0x30e03393) x 7 0x00000001
core   0: 0x80008ae0 (0x40ff87b3) sub     a5, t6, a5
core   0: 3 0x80008ae0 (0x40ff87b3) x15 0xe0000000
core   0: 0x80008ae4 (0x304404b7) lui     s1, 0x30440
core   0: 3 0x80008ae4 (0x304404b7) x 9 0x30440000
core   0: 0x80008ae8 (0x011ca933) slt     s2, s9, a7
core   0: 3 0x80008ae8 (0x011ca933) x18 0x00000001
core   0: 0x80008aec (0xb9bfc037) lui     zero, 0xb9bfc
core   0: 3 0x80008aec (0xb9bfc037)
core   0: 0x80008af0 (0x005580b3) add     ra, a1, t0
core   0: 3 0x80008af0 (0x005580b3) x 1 0x00000200
core   0: 0x80008af4 (0x31af0b13) addi    s6, t5, 794
core   0: 3 0x80008af4 (0x31af0b13) x22 0xd2857dae
core   0: 0x80008af8 (0x00799693) slli    a3, s3, 7
core   0: 3 0x80008af8 (0x00799693) x13 0x74148000
core   0: 0x80008afc (0xd85f2793) slti    a5, t5, -635
core   0: 3 0x80008afc (0xd85f2793) x15 0x00000001
core   0: 0x80008b00 (0x006dfbb3) and     s7, s11, t1
core   0: 3 0x80008b00 (0x006dfbb3) x23 0x00000000
core   0: 0x80008b04 (0x622bb493) sltiu   s1, s7, 1570
core   0: 3 0x80008b04 (0x622bb493) x 9 0x00000001
core   0: 0x80008b08 (0x005fc2b3) xor     t0, t6, t0
core   0: 3 0x80008b08 (0x005fc2b3) x 5 0x00000000
core   0: 0x80008b0c (0x00000013) nop
core   0: 3 0x80008b0c (0x00000013)
core   0: 0x80008b10 (0x1d134b93) xori    s7, t1, 465
core   0: 3 0x80008b10 (0x1d134b93) x23 0x000001d1
core   0: 0x80008b14 (0xf2b00d93) li      s11, -213
core   0: 3 0x80008b14 (0xf2b00d93) x27 0xffffff2b
core   0: 0x80008b18 (0x01f8f933) and     s2, a7, t6
core   0: 3 0x80008b18 (0x01f8f933) x18 0x00000000
core   0: 0x80008b1c (0xc7b36793) ori     a5, t1, -901
core   0: 3 0x80008b1c (0xc7b36793) x15 0xfffffc7b
core   0: 0x80008b20 (0x0155b8b3) sltu    a7, a1, s5
core   0: 3 0x80008b20 (0x0155b8b3) x17 0x00000001
core   0: 0x80008b24 (0x41435f93) srai    t6, t1, 20
core   0: 3 0x80008b24 (0x41435f93) x31 0x00000000
core   0: 0x80008b28 (0xb4bc6813) ori     a6, s8, -1205
core   0: 3 0x80008b28 (0xb4bc6813) x16 0xffffff5f
core   0: 0x80008b2c (0x411ad013) srai    zero, s5, 17
core   0: 3 0x80008b2c (0x411ad013)
core   0: 0x80008b30 (0xb03d7713) andi    a4, s10, -1277
core   0: 3 0x80008b30 (0xb03d7713) x14 0x00000000
core   0: 0x80008b34 (0xa5c9ad93) slti    s11, s3, -1444
core   0: 3 0x80008b34 (0xa5c9ad93) x27 0x00000000
core   0: 0x80008b38 (0x868e8f93) addi    t6, t4, -1944
core   0: 3 0x80008b38 (0x868e8f93) x31 0x7ffff868
core   0: 0x80008b3c (0x00580633) add     a2, a6, t0
core   0: 3 0x80008b3c (0x00580633) x12 0xffffff5f
core   0: 0x80008b40 (0x00acad33) slt     s10, s9, a0
core   0: 3 0x80008b40 (0x00acad33) x26 0x00000001
core   0: 0x80008b44 (0x89377493) andi    s1, a4, -1901
core   0: 3 0x80008b44 (0x89377493) x 9 0x00000000
core   0: 0x80008b48 (0xc539e793) ori     a5, s3, -941
core   0: 3 0x80008b48 (0xc539e793) x15 0xfffffd53
core   0: 0x80008b4c (0x131f65b7) lui     a1, 0x131f6
core   0: 3 0x80008b4c (0x131f65b7) x11 0x131f6000
core   0: 0x80008b50 (0x015142b3) xor     t0, sp, s5
core   0: 3 0x80008b50 (0x015142b3) x 5 0x68157844
core   0: 0x80008b54 (0x1ca7e793) ori     a5, a5, 458
core   0: 3 0x80008b54 (0x1ca7e793) x15 0xfffffddb
core   0: 0x80008b58 (0x001921b3) slt     gp, s2, ra
core   0: 3 0x80008b58 (0x001921b3) x 3 0x00000001
core   0: 0x80008b5c (0x4154d493) srai    s1, s1, 21
core   0: 3 0x80008b5c (0x4154d493) x 9 0x00000000
core   0: 0x80008b60 (0x01099113) slli    sp, s3, 16
core   0: 3 0x80008b60 (0x01099113) x 2 0x29000000
core   0: 0x80008b64 (0x40a98db3) sub     s11, s3, a0
core   0: 3 0x80008b64 (0x40a98db3) x27 0x32e828ff
core   0: 0x80008b68 (0x010ff1b3) and     gp, t6, a6
core   0: 3 0x80008b68 (0x010ff1b3) x 3 0x7ffff848
core   0: 0x80008b6c (0x01da5633) srl     a2, s4, t4
core   0: 3 0x80008b6c (0x01da5633) x12 0xed2c49fc
core   0: 0x80008b70 (0x01179893) slli    a7, a5, 17
core   0: 3 0x80008b70 (0x01179893) x17 0xfbb60000
core   0: 0x80008b74 (0x01e312b3) sll     t0, t1, t5
core   0: 3 0x80008b74 (0x01e312b3) x 5 0x00000000
core   0: 0x80008b78 (0xccb38e13) addi    t3, t2, -821
core   0: 3 0x80008b78 (0xccb38e13) x28 0xfffffccc
core   0: 0x80008b7c (0x4c8fc113) xori    sp, t6, 1224
core   0: 3 0x80008b7c (0x4c8fc113) x 2 0x7ffffca0
core   0: 0x80008b80 (0x00046d33) or      s10, s0, zero
core   0: 3 0x80008b80 (0x00046d33) x26 0x80010e64
core   0: 0x80008b84 (0x00000013) nop
core   0: 3 0x80008b84 (0x00000013)
core   0: 0x80008b88 (0x001b1033) sll     zero, s6, ra
core   0: 3 0x80008b88 (0x001b1033)
core   0: 0x80008b8c (0x41c55593) srai    a1, a0, 28
core   0: 3 0x80008b8c (0x41c55593) x11 0x00000000
core   0: 0x80008b90 (0x0106b3b3) sltu    t2, a3, a6
core   0: 3 0x80008b90 (0x0106b3b3) x 7 0x00000001
core   0: 0x80008b94 (0x407c8fb3) sub     t6, s9, t2
core   0: 3 0x80008b94 (0x407c8fb3) x31 0x80014ce3
core   0: 0x80008b98 (0x01b858b3) srl     a7, a6, s11
core   0: 3 0x80008b98 (0x01b858b3) x17 0x00000001
core   0: 0x80008b9c (0x45213393) sltiu   t2, sp, 1106
core   0: 3 0x80008b9c (0x45213393) x 7 0x00000000
core   0: 0x80008ba0 (0x984a7813) andi    a6, s4, -1660
core   0: 3 0x80008ba0 (0x984a7813) x16 0xed2c4984
core   0: 0x80008ba4 (0x012df5b3) and     a1, s11, s2
core   0: 3 0x80008ba4 (0x012df5b3) x11 0x00000000
core   0: 0x80008ba8 (0x1378f393) andi    t2, a7, 311
core   0: 3 0x80008ba8 (0x1378f393) x 7 0x00000001
core   0: 0x80008bac (0x00551213) slli    tp, a0, 5
core   0: 3 0x80008bac (0x00551213) x 4 0x00000020
core   0: 0x80008bb0 (0x3d3ec393) xori    t2, t4, 979
core   0: 3 0x80008bb0 (0x3d3ec393) x 7 0x800003d3
core   0: 0x80008bb4 (0x00c87533) and     a0, a6, a2
core   0: 3 0x80008bb4 (0x00c87533) x10 0xed2c4984
core   0: 0x80008bb8 (0x0140cdb3) xor     s11, ra, s4
core   0: 3 0x80008bb8 (0x0140cdb3) x27 0xed2c4bfc
core   0: 0x80008bbc (0x006e36b3) sltu    a3, t3, t1
core   0: 3 0x80008bbc (0x006e36b3) x13 0x00000000
core   0: 0x80008bc0 (0x99e3ab97) auipc   s7, 0x99e3a
core   0: 3 0x80008bc0 (0x99e3ab97) x23 0x19e42bc0
core   0: 0x80008bc4 (0x19cb5937) lui     s2, 0x19cb5
core   0: 3 0x80008bc4 (0x19cb5937) x18 0x19cb5000
core   0: 0x80008bc8 (0x46243137) lui     sp, 0x46243
core   0: 3 0x80008bc8 (0x46243137) x 2 0x46243000
core   0: 0x80008bcc (0x09fd8913) addi    s2, s11, 159
core   0: 3 0x80008bcc (0x09fd8913) x18 0xed2c4c9b
core   0: 0x80008bd0 (0xd80fd817) auipc   a6, 0xd80fd
core   0: 3 0x80008bd0 (0xd80fd817) x16 0x58105bd0
core   0: 0x80008bd4 (0x4d103c13) sltiu   s8, zero, 1233
core   0: 3 0x80008bd4 (0x4d103c13) x24 0x00000001
core   0: 0x80008bd8 (0x00cc33b3) sltu    t2, s8, a2
core   0: 3 0x80008bd8 (0x00cc33b3) x 7 0x00000001
core   0: 0x80008bdc (0x418dde13) srai    t3, s11, 24
core   0: 3 0x80008bdc (0x418dde13) x28 0xffffffed
core   0: 0x80008be0 (0x01ddb8b3) sltu    a7, s11, t4
core   0: 3 0x80008be0 (0x01ddb8b3) x17 0x00000000
core   0: 0x80008be4 (0x00f5f8b3) and     a7, a1, a5
core   0: 3 0x80008be4 (0x00f5f8b3) x17 0x00000000
core   0: 0x80008be8 (0x9e4ba713) slti    a4, s7, -1564
core   0: 3 0x80008be8 (0x9e4ba713) x14 0x00000000
core   0: 0x80008bec (0xfe0f4713) xori    a4, t5, -32
core   0: 3 0x80008bec (0xfe0f4713) x14 0x2d7a8574
core   0: 0x80008bf0 (0x0194fab3) and     s5, s1, s9
core   0: 3 0x80008bf0 (0x0194fab3) x21 0x00000000
core   0: 0x80008bf4 (0x0100b5b3) sltu    a1, ra, a6
core   0: 3 0x80008bf4 (0x0100b5b3) x11 0x00000001
core   0: 0x80008bf8 (0x00e1f533) and     a0, gp, a4
core   0: 3 0x80008bf8 (0x00e1f533) x10 0x2d7a8040
core   0: 0x80008bfc (0x00000013) nop
core   0: 3 0x80008bfc (0x00000013)
core   0: 0x80008c00 (0x41ba0fb3) sub     t6, s4, s11
core   0: 3 0x80008c00 (0x41ba0fb3) x31 0xfffffe00
core   0: 0x80008c04 (0xb6e5c613) xori    a2, a1, -1170
core   0: 3 0x80008c04 (0xb6e5c613) x12 0xfffffb6f
core   0: 0x80008c08 (0x88e3bb93) sltiu   s7, t2, -1906
core   0: 3 0x80008c08 (0x88e3bb93) x23 0x00000001
core   0: 0x80008c0c (0x0086eab3) or      s5, a3, s0
core   0: 3 0x80008c0c (0x0086eab3) x21 0x80010e64
core   0: 0x80008c10 (0x5f602db7) lui     s11, 0x5f602
core   0: 3 0x80008c10 (0x5f602db7) x27 0x5f602000
core   0: 0x80008c14 (0x003537b3) sltu    a5, a0, gp
core   0: 3 0x80008c14 (0x003537b3) x15 0x00000001
core   0: 0x80008c18 (0x009e9c13) slli    s8, t4, 9
core   0: 3 0x80008c18 (0x009e9c13) x24 0x00000000
core   0: 0x80008c1c (0x003e99b3) sll     s3, t4, gp
core   0: 3 0x80008c1c (0x003e99b3) x19 0x00000000
core   0: 0x80008c20 (0xf3a48b93) addi    s7, s1, -198
core   0: 3 0x80008c20 (0xf3a48b93) x23 0xffffff3a
core   0: 0x80008c24 (0x40eb5913) srai    s2, s6, 14
core   0: 3 0x80008c24 (0x40eb5913) x18 0xffff4a15
core   0: 0x80008c28 (0x01991f33) sll     t5, s2, s9
core   0: 3 0x80008c28 (0x01991f33) x30 0xfff4a150
core   0: 0x80008c2c (0x01ce2033) slt     zero, t3, t3
core   0: 3 0x80008c2c (0x01ce2033)
core   0: 0x80008c30 (0x94303513) sltiu   a0, zero, -1725
core   0: 3 0x80008c30 (0x94303513) x10 0x00000001
core   0: 0x80008c34 (0x01bda133) slt     sp, s11, s11
core   0: 3 0x80008c34 (0x01bda133) x 2 0x00000000
core   0: 0x80008c38 (0x3a934913) xori    s2, t1, 937
core   0: 3 0x80008c38 (0x3a934913) x18 0x000003a9
core   0: 0x80008c3c (0x01316233) or      tp, sp, s3
core   0: 3 0x80008c3c (0x01316233) x 4 0x00000000
core   0: 0x80008c40 (0x0144cf33) xor     t5, s1, s4
core   0: 3 0x80008c40 (0x0144cf33) x30 0xed2c49fc
core   0: 0x80008c44 (0x954c2813) slti    a6, s8, -1708
core   0: 3 0x80008c44 (0x954c2813) x16 0x00000000
core   0: 0x80008c48 (0x00755f93) srli    t6, a0, 7
core   0: 3 0x80008c48 (0x00755f93) x31 0x00000000
core   0: 0x80008c4c (0x6b833c13) sltiu   s8, t1, 1720
core   0: 3 0x80008c4c (0x6b833c13) x24 0x00000001
core   0: 0x80008c50 (0x007eadb3) slt     s11, t4, t2
core   0: 3 0x80008c50 (0x007eadb3) x27 0x00000001
core   0: 0x80008c54 (0x0f92ca93) xori    s5, t0, 249
core   0: 3 0x80008c54 (0x0f92ca93) x21 0x000000f9
core   0: 0x80008c58 (0x76221a17) auipc   s4, 0x76221
core   0: 3 0x80008c58 (0x76221a17) x20 0xf6229c58
core   0: 0x80008c5c (0x5b37fa93) andi    s5, a5, 1459
core   0: 3 0x80008c5c (0x5b37fa93) x21 0x00000001
core   0: 0x80008c60 (0x01454ab3) xor     s5, a0, s4
core   0: 3 0x80008c60 (0x01454ab3) x21 0xf6229c59
core   0: 0x80008c64 (0x010c85b3) add     a1, s9, a6
core   0: 3 0x80008c64 (0x010c85b3) x11 0x80014ce4
core   0: 0x80008c68 (0x008a1b33) sll     s6, s4, s0
core   0: 3 0x80008c68 (0x008a1b33) x22 0x6229c580
core   0: 0x80008c6c (0x40db5993) srai    s3, s6, 13
core   0: 3 0x80008c6c (0x40db5993) x19 0x0003114e
core   0: 0x80008c70 (0xec8da593) slti    a1, s11, -312
core   0: 3 0x80008c70 (0xec8da593) x11 0x00000000
core   0: 0x80008c74 (0x00455c33) srl     s8, a0, tp
core   0: 3 0x80008c74 (0x00455c33) x24 0x00000001
core   0: 0x80008c78 (0x012772b3) and     t0, a4, s2
core   0: 3 0x80008c78 (0x012772b3) x 5 0x00000120
core   0: 0x80008c7c (0x01b06133) or      sp, zero, s11
core   0: 3 0x80008c7c (0x01b06133) x 2 0x00000001
core   0: 0x80008c80 (0x010d0fb3) add     t6, s10, a6
core   0: 3 0x80008c80 (0x010d0fb3) x31 0x80010e64
core   0: 0x80008c84 (0x00136833) or      a6, t1, ra
core   0: 3 0x80008c84 (0x00136833) x16 0x00000200
core   0: 0x80008c88 (0x019ad493) srli    s1, s5, 25
core   0: 3 0x80008c88 (0x019ad493) x 9 0x0000007b
core   0: 0x80008c8c (0x412405b3) sub     a1, s0, s2
core   0: 3 0x80008c8c (0x412405b3) x11 0x80010abb
core   0: 0x80008c90 (0x4d7e4ab7) lui     s5, 0x4d7e4
core   0: 3 0x80008c90 (0x4d7e4ab7) x21 0x4d7e4000
core   0: 0x80008c94 (0x54af8d93) addi    s11, t6, 1354
core   0: 3 0x80008c94 (0x54af8d93) x27 0x800113ae
core   0: 0x80008c98 (0x01fbeb33) or      s6, s7, t6
core   0: 3 0x80008c98 (0x01fbeb33) x22 0xffffff7e
core   0: 0x80008c9c (0x4162d513) srai    a0, t0, 22
core   0: 3 0x80008c9c (0x4162d513) x10 0x00000000
core   0: 0x80008ca0 (0x007f9d13) slli    s10, t6, 7
core   0: 3 0x80008ca0 (0x007f9d13) x26 0x00873200
core   0: 0x80008ca4 (0x649e3b93) sltiu   s7, t3, 1609
core   0: 3 0x80008ca4 (0x649e3b93) x23 0x00000000
core   0: 0x80008ca8 (0x00000013) nop
core   0: 3 0x80008ca8 (0x00000013)
core   0: 0x80008cac (0x01f85e13) srli    t3, a6, 31
core   0: 3 0x80008cac (0x01f85e13) x28 0x00000000
core   0: 0x80008cb0 (0xb6da7f17) auipc   t5, 0xb6da7
core   0: 3 0x80008cb0 (0xb6da7f17) x30 0x36dafcb0
core   0: 0x80008cb4 (0x788f3513) sltiu   a0, t5, 1928
core   0: 3 0x80008cb4 (0x788f3513) x10 0x00000000
core   0: 0x80008cb8 (0x000871b3) and     gp, a6, zero
core   0: 3 0x80008cb8 (0x000871b3) x 3 0x00000000
core   0: 0x80008cbc (0x0155bdb3) sltu    s11, a1, s5
core   0: 3 0x80008cbc (0x0155bdb3) x27 0x00000000
core   0: 0x80008cc0 (0x40c65f93) srai    t6, a2, 12
core   0: 3 0x80008cc0 (0x40c65f93) x31 0xffffffff
core   0: 0x80008cc4 (0x0075c933) xor     s2, a1, t2
core   0: 3 0x80008cc4 (0x0075c933) x18 0x80010aba
core   0: 0x80008cc8 (0x00000013) nop
core   0: 3 0x80008cc8 (0x00000013)
core   0: 0x80008ccc (0x00d3f9b3) and     s3, t2, a3
core   0: 3 0x80008ccc (0x00d3f9b3) x19 0x00000000
core   0: 0x80008cd0 (0x00581993) slli    s3, a6, 5
core   0: 3 0x80008cd0 (0x00581993) x19 0x00004000
core   0: 0x80008cd4 (0x21d46893) ori     a7, s0, 541
core   0: 3 0x80008cd4 (0x21d46893) x17 0x80010e7d
core   0: 0x80008cd8 (0x41245833) sra     a6, s0, s2
core   0: 3 0x80008cd8 (0x41245833) x16 0xffffffe0
core   0: 0x80008cdc (0x00492233) slt     tp, s2, tp
core   0: 3 0x80008cdc (0x00492233) x 4 0x00000001
core   0: 0x80008ce0 (0x5677b493) sltiu   s1, a5, 1383
core   0: 3 0x80008ce0 (0x5677b493) x 9 0x00000001
core   0: 0x80008ce4 (0x0022d9b3) srl     s3, t0, sp
core   0: 3 0x80008ce4 (0x0022d9b3) x19 0x00000090
core   0: 0x80008ce8 (0x0122e933) or      s2, t0, s2
core   0: 3 0x80008ce8 (0x0122e933) x18 0x80010bba
core   0: 0x80008cec (0x007f53b3) srl     t2, t5, t2
core   0: 3 0x80008cec (0x007f53b3) x 7 0x1b6d7e58
core   0: 0x80008cf0 (0x00000393) li      t2, 0
core   0: 3 0x80008cf0 (0x00000393) x 7 0x00000000
core   0: 0x80008cf4 (0x5e9e31b7) lui     gp, 0x5e9e3
core   0: 3 0x80008cf4 (0x5e9e31b7) x 3 0x5e9e3000
core   0: 0x80008cf8 (0xe6a18193) addi    gp, gp, -406
core   0: 3 0x80008cf8 (0xe6a18193) x 3 0x5e9e2e6a
core   0: 0x80008cfc (0x00000593) li      a1, 0
core   0: 3 0x80008cfc (0x00000593) x11 0x00000000
core   0: 0x80008d00 (0x80000f37) lui     t5, 0x80000
core   0: 3 0x80008d00 (0x80000f37) x30 0x80000000
core   0: 0x80008d04 (0xfff00813) li      a6, -1
core   0: 3 0x80008d04 (0xfff00813) x16 0xffffffff
core   0: 0x80008d08 (0xbee5d9b7) lui     s3, 0xbee5d
core   0: 3 0x80008d08 (0xbee5d9b7) x19 0xbee5d000
core   0: 0x80008d0c (0x5ec98993) addi    s3, s3, 1516
core   0: 3 0x80008d0c (0x5ec98993) x19 0xbee5d5ec
core   0: 0x80008d10 (0x80000fb7) lui     t6, 0x80000
core   0: 3 0x80008d10 (0x80000fb7) x31 0x80000000
core   0: 0x80008d14 (0xa1ffb937) lui     s2, 0xa1ffb
core   0: 3 0x80008d14 (0xa1ffb937) x18 0xa1ffb000
core   0: 0x80008d18 (0x18690913) addi    s2, s2, 390
core   0: 3 0x80008d18 (0x18690913) x18 0xa1ffb186
core   0: 0x80008d1c (0x7f73d0b7) lui     ra, 0x7f73d
core   0: 3 0x80008d1c (0x7f73d0b7) x 1 0x7f73d000
core   0: 0x80008d20 (0x4b208093) addi    ra, ra, 1202
core   0: 3 0x80008d20 (0x4b208093) x 1 0x7f73d4b2
core   0: 0x80008d24 (0x80000137) lui     sp, 0x80000
core   0: 3 0x80008d24 (0x80000137) x 2 0x80000000
core   0: 0x80008d28 (0x3b580913) addi    s2, a6, 949
core   0: 3 0x80008d28 (0x3b580913) x18 0x000003b4
core   0: 0x80008d2c (0x00000013) nop
core   0: 3 0x80008d2c (0x00000013)
core   0: 0x80008d30 (0x00000013) nop
core   0: 3 0x80008d30 (0x00000013)
core   0: 0x80008d34 (0xc7538813) addi    a6, t2, -907
core   0: 3 0x80008d34 (0xc7538813) x16 0xfffffc75
core   0: 0x80008d38 (0x31290993) addi    s3, s2, 786
core   0: 3 0x80008d38 (0x31290993) x19 0x000006c6
core   0: 0x80008d3c (0xfa887597) auipc   a1, 0xfa887
core   0: 3 0x80008d3c (0xfa887597) x11 0x7a88fd3c
core   0: 0x80008d40 (0x401f8133) sub     sp, t6, ra
core   0: 3 0x80008d40 (0x401f8133) x 2 0x008c2b4e
core   0: 0x80008d44 (0x012980b3) add     ra, s3, s2
core   0: 3 0x80008d44 (0x012980b3) x 1 0x00000a7a
core   0: 0x80008d48 (0x00000013) nop
core   0: 3 0x80008d48 (0x00000013)
core   0: 0x80008d4c (0x01f18fb3) add     t6, gp, t6
core   0: 3 0x80008d4c (0x01f18fb3) x31 0xde9e2e6a
core   0: 0x80008d50 (0x01f08133) add     sp, ra, t6
core   0: 3 0x80008d50 (0x01f08133) x 2 0xde9e38e4
core   0: 0x80008d54 (0x948f8113) addi    sp, t6, -1720
core   0: 3 0x80008d54 (0x948f8113) x 2 0xde9e27b2
core   0: 0x80008d58 (0x407f0fb3) sub     t6, t5, t2
core   0: 3 0x80008d58 (0x407f0fb3) x31 0x80000000
core   0: 0x80008d5c (0x00000013) nop
core   0: 3 0x80008d5c (0x00000013)
core   0: 0x80008d60 (0x00000013) nop
core   0: 3 0x80008d60 (0x00000013)
core   0: 0x80008d64 (0xbfe58913) addi    s2, a1, -1026
core   0: 3 0x80008d64 (0xbfe58913) x18 0x7a88f93a
core   0: 0x80008d68 (0x114510b7) lui     ra, 0x11451
core   0: 3 0x80008d68 (0x114510b7) x 1 0x11451000
core   0: 0x80008d6c (0xd58ab813) sltiu   a6, s5, -680
core   0: 3 0x80008d6c (0xd58ab813) x16 0x00000001
core   0: 0x80008d70 (0x01791f93) slli    t6, s2, 23
core   0: 3 0x80008d70 (0x01791f93) x31 0x9d000000
core   0: 0x80008d74 (0x0150abb3) slt     s7, ra, s5
core   0: 3 0x80008d74 (0x0150abb3) x23 0x00000001
core   0: 0x80008d78 (0x001fdc13) srli    s8, t6, 1
core   0: 3 0x80008d78 (0x001fdc13) x24 0x4e800000
core   0: 0x80008d7c (0x01e82e33) slt     t3, a6, t5
core   0: 3 0x80008d7c (0x01e82e33) x28 0x00000000
core   0: 0x80008d80 (0x001bf9b3) and     s3, s7, ra
core   0: 3 0x80008d80 (0x001bf9b3) x19 0x00000000
core   0: 0x80008d84 (0x001d5133) srl     sp, s10, ra
core   0: 3 0x80008d84 (0x001d5133) x 2 0x00873200
core   0: 0x80008d88 (0x0021ce33) xor     t3, gp, sp
core   0: 3 0x80008d88 (0x0021ce33) x28 0x5e191c6a
core   0: 0x80008d8c (0x014c7833) and     a6, s8, s4
core   0: 3 0x80008d8c (0x014c7833) x16 0x46000000
core   0: 0x80008d90 (0x00b4fb33) and     s6, s1, a1
core   0: 3 0x80008d90 (0x00b4fb33) x22 0x00000000
core   0: 0x80008d94 (0x7c62f093) andi    ra, t0, 1990
core   0: 3 0x80008d94 (0x7c62f093) x 1 0x00000100
core   0: 0x80008d98 (0x015d9193) slli    gp, s11, 21
core   0: 3 0x80008d98 (0x015d9193) x 3 0x00000000
core   0: 0x80008d9c (0x69a80593) addi    a1, a6, 1690
core   0: 3 0x80008d9c (0x69a80593) x11 0x4600069a
core   0: 0x80008da0 (0x4e6f8397) auipc   t2, 0x4e6f8
core   0: 3 0x80008da0 (0x4e6f8397) x 7 0xce700da0
core   0: 0x80008da4 (0x012cec33) or      s8, s9, s2
core   0: 3 0x80008da4 (0x012cec33) x24 0xfa89fdfe
core   0: 0x80008da8 (0x012b87b3) add     a5, s7, s2
core   0: 3 0x80008da8 (0x012b87b3) x15 0x7a88f93b
core   0: 0x80008dac (0x00a0bbb3) sltu    s7, ra, a0
core   0: 3 0x80008dac (0x00a0bbb3) x23 0x00000000
core   0: 0x80008db0 (0x0036ae33) slt     t3, a3, gp
core   0: 3 0x80008db0 (0x0036ae33) x28 0x00000000
core   0: 0x80008db4 (0x01a2d333) srl     t1, t0, s10
core   0: 3 0x80008db4 (0x01a2d333) x 6 0x00000120
core   0: 0x80008db8 (0x00f1e833) or      a6, gp, a5
core   0: 3 0x80008db8 (0x00f1e833) x16 0x7a88f93b
core   0: 0x80008dbc (0x741ad317) auipc   t1, 0x741ad
core   0: 3 0x80008dbc (0x741ad317) x 6 0xf41b5dbc
core   0: 0x80008dc0 (0x006b8b33) add     s6, s7, t1
core   0: 3 0x80008dc0 (0x006b8b33) x22 0xf41b5dbc
core   0: 0x80008dc4 (0x40500f33) sub     t5, zero, t0
core   0: 3 0x80008dc4 (0x40500f33) x30 0xfffffee0
core   0: 0x80008dc8 (0x1c213a97) auipc   s5, 0x1c213
core   0: 3 0x80008dc8 (0x1c213a97) x21 0x9c21bdc8
core   0: 0x80008dcc (0x01861333) sll     t1, a2, s8
core   0: 3 0x80008dcc (0x01861333) x 6 0xc0000000
core   0: 0x80008dd0 (0x40dd8b33) sub     s6, s11, a3
core   0: 3 0x80008dd0 (0x40dd8b33) x22 0x00000000
core   0: 0x80008dd4 (0xeda339b7) lui     s3, 0xeda33
core   0: 3 0x80008dd4 (0xeda339b7) x19 0xeda33000
core   0: 0x80008dd8 (0x01f4efb3) or      t6, s1, t6
core   0: 3 0x80008dd8 (0x01f4efb3) x31 0x9d000001
core   0: 0x80008ddc (0x4068d933) sra     s2, a7, t1
core   0: 3 0x80008ddc (0x4068d933) x18 0x80010e7d
core   0: 0x80008de0 (0x41818c33) sub     s8, gp, s8
core   0: 3 0x80008de0 (0x41818c33) x24 0x05760202
core   0: 0x80008de4 (0x309d8113) addi    sp, s11, 777
core   0: 3 0x80008de4 (0x309d8113) x 2 0x00000309
core   0: 0x80008de8 (0xec7ebc13) sltiu   s8, t4, -313
core   0: 3 0x80008de8 (0xec7ebc13) x24 0x00000001
core   0: 0x80008dec (0x01e73e33) sltu    t3, a4, t5
core   0: 3 0x80008dec (0x01e73e33) x28 0x00000001
core   0: 0x80008df0 (0x006484b3) add     s1, s1, t1
core   0: 3 0x80008df0 (0x006484b3) x 9 0xc0000001
core   0: 0x80008df4 (0x0190ffb3) and     t6, ra, s9
core   0: 3 0x80008df4 (0x0190ffb3) x31 0x00000000
core   0: 0x80008df8 (0x41de8c33) sub     s8, t4, t4
core   0: 3 0x80008df8 (0x41de8c33) x24 0x00000000
core   0: 0x80008dfc (0x00a1f033) and     zero, gp, a0
core   0: 3 0x80008dfc (0x00a1f033)
core   0: 0x80008e00 (0xc7f9c693) xori    a3, s3, -897
core   0: 3 0x80008e00 (0xc7f9c693) x13 0x125ccc7f
core   0: 0x80008e04 (0x019b9213) slli    tp, s7, 25
core   0: 3 0x80008e04 (0x019b9213) x 4 0x00000000
core   0: 0x80008e08 (0x00a8d193) srli    gp, a7, 10
core   0: 3 0x80008e08 (0x00a8d193) x 3 0x00200043
core   0: 0x80008e0c (0x67524713) xori    a4, tp, 1653
core   0: 3 0x80008e0c (0x67524713) x14 0x00000675
core   0: 0x80008e10 (0x005686b3) add     a3, a3, t0
core   0: 3 0x80008e10 (0x005686b3) x13 0x125ccd9f
core   0: 0x80008e14 (0x38708793) addi    a5, ra, 903
core   0: 3 0x80008e14 (0x38708793) x15 0x00000487
core   0: 0x80008e18 (0xfc2c6093) ori     ra, s8, -62
core   0: 3 0x80008e18 (0xfc2c6093) x 1 0xffffffc2
core   0: 0x80008e1c (0x007140b3) xor     ra, sp, t2
core   0: 3 0x80008e1c (0x007140b3) x 1 0xce700ea9
core   0: 0x80008e20 (0x00000013) nop
core   0: 3 0x80008e20 (0x00000013)
core   0: 0x80008e24 (0xe5e2ac13) slti    s8, t0, -418
core   0: 3 0x80008e24 (0xe5e2ac13) x24 0x00000000
core   0: 0x80008e28 (0x0189fc33) and     s8, s3, s8
core   0: 3 0x80008e28 (0x0189fc33) x24 0x00000000
core   0: 0x80008e2c (0x9555be17) auipc   t3, 0x9555b
core   0: 3 0x80008e2c (0x9555be17) x28 0x15563e2c
core   0: 0x80008e30 (0xe2d93a17) auipc   s4, 0xe2d93
core   0: 3 0x80008e30 (0xe2d93a17) x20 0x62d9be30
core   0: 0x80008e34 (0x014fc033) xor     zero, t6, s4
core   0: 3 0x80008e34 (0x014fc033)
core   0: 0x80008e38 (0x6bfef517) auipc   a0, 0x6bfef
core   0: 3 0x80008e38 (0x6bfef517) x10 0xebff7e38
core   0: 0x80008e3c (0x4cf23713) sltiu   a4, tp, 1231
core   0: 3 0x80008e3c (0x4cf23713) x14 0x00000001
core   0: 0x80008e40 (0x0041f7b3) and     a5, gp, tp
core   0: 3 0x80008e40 (0x0041f7b3) x15 0x00000000
core   0: 0x80008e44 (0x00b71133) sll     sp, a4, a1
core   0: 3 0x80008e44 (0x00b71133) x 2 0x04000000
core   0: 0x80008e48 (0x01aa5393) srli    t2, s4, 26
core   0: 3 0x80008e48 (0x01aa5393) x 7 0x00000018
core   0: 0x80008e4c (0x00a9cc33) xor     s8, s3, a0
core   0: 3 0x80008e4c (0x00a9cc33) x24 0x065c4e38
core   0: 0x80008e50 (0x0097a3b3) slt     t2, a5, s1
core   0: 3 0x80008e50 (0x0097a3b3) x 7 0x00000000
core   0: 0x80008e54 (0x000cc4b3) xor     s1, s9, zero
core   0: 3 0x80008e54 (0x000cc4b3) x 9 0x80014ce4
core   0: 0x80008e58 (0x415f5533) sra     a0, t5, s5
core   0: 3 0x80008e58 (0x415f5533) x10 0xfffffffe
core   0: 0x80008e5c (0x01f86c33) or      s8, a6, t6
core   0: 3 0x80008e5c (0x01f86c33) x24 0x7a88f93b
core   0: 0x80008e60 (0xf2920b37) lui     s6, 0xf2920
core   0: 3 0x80008e60 (0xf2920b37) x22 0xf2920000
core   0: 0x80008e64 (0xe9edcf93) xori    t6, s11, -354
core   0: 3 0x80008e64 (0xe9edcf93) x31 0xfffffe9e
core   0: 0x80008e68 (0x400cd193) srai    gp, s9, 0
core   0: 3 0x80008e68 (0x400cd193) x 3 0x80014ce4
core   0: 0x80008e6c (0xbea14093) xori    ra, sp, -1046
core   0: 3 0x80008e6c (0xbea14093) x 1 0xfbfffbea
core   0: 0x80008e70 (0x00748e33) add     t3, s1, t2
core   0: 3 0x80008e70 (0x00748e33) x28 0x80014ce4
core   0: 0x80008e74 (0x00a592b3) sll     t0, a1, a0
core   0: 3 0x80008e74 (0x00a592b3) x 5 0x80000000
core   0: 0x80008e78 (0x28202613) slti    a2, zero, 642
core   0: 3 0x80008e78 (0x28202613) x12 0x00000001
core   0: 0x80008e7c (0xaba8c513) xori    a0, a7, -1350
core   0: 3 0x80008e7c (0xaba8c513) x10 0x7ffef4c7
core   0: 0x80008e80 (0x01759c13) slli    s8, a1, 23
core   0: 3 0x80008e80 (0x01759c13) x24 0x4d000000
core   0: 0x80008e84 (0x657e6d13) ori     s10, t3, 1623
core   0: 3 0x80008e84 (0x657e6d13) x26 0x80014ef7
core   0: 0x80008e88 (0xdc230f13) addi    t5, t1, -574
core   0: 3 0x80008e88 (0xdc230f13) x30 0xbffffdc2
core   0: 0x80008e8c (0x4112d5b3) sra     a1, t0, a7
core   0: 3 0x80008e8c (0x4112d5b3) x11 0xfffffffc
core   0: 0x80008e90 (0x00dadb13) srli    s6, s5, 13
core   0: 3 0x80008e90 (0x00dadb13) x22 0x0004e10d
core   0: 0x80008e94 (0x00d79b33) sll     s6, a5, a3
core   0: 3 0x80008e94 (0x00d79b33) x22 0x00000000
core   0: 0x80008e98 (0x002bd513) srli    a0, s7, 2
core   0: 3 0x80008e98 (0x002bd513) x10 0x00000000
core   0: 0x80008e9c (0x01cc1c33) sll     s8, s8, t3
core   0: 3 0x80008e9c (0x01cc1c33) x24 0xd0000000
core   0: 0x80008ea0 (0x01e1ba33) sltu    s4, gp, t5
core   0: 3 0x80008ea0 (0x01e1ba33) x20 0x00000001
core   0: 0x80008ea4 (0x41260db3) sub     s11, a2, s2
core   0: 3 0x80008ea4 (0x41260db3) x27 0x7ffef184
core   0: 0x80008ea8 (0x81044a13) xori    s4, s0, -2032
core   0: 3 0x80008ea8 (0x81044a13) x20 0x7ffef674
core   0: 0x80008eac (0xa1ad0697) auipc   a3, 0xa1ad0
core   0: 3 0x80008eac (0xa1ad0697) x13 0x21ad8eac
core   0: 0x80008eb0 (0x01fdd8b3) srl     a7, s11, t6
core   0: 3 0x80008eb0 (0x01fdd8b3) x17 0x00000001
core   0: 0x80008eb4 (0x40f95c33) sra     s8, s2, a5
core   0: 3 0x80008eb4 (0x40f95c33) x24 0x80010e7d
core   0: 0x80008eb8 (0x016efc33) and     s8, t4, s6
core   0: 3 0x80008eb8 (0x016efc33) x24 0x00000000
core   0: 0x80008ebc (0x00eb23b3) slt     t2, s6, a4
core   0: 3 0x80008ebc (0x00eb23b3) x 7 0x00000001
core   0: 0x80008ec0 (0x00000013) nop
core   0: 3 0x80008ec0 (0x00000013)
core   0: 0x80008ec4 (0x01e53333) sltu    t1, a0, t5
core   0: 3 0x80008ec4 (0x01e53333) x 6 0x00000001
core   0: 0x80008ec8 (0x9b426393) ori     t2, tp, -1612
core   0: 3 0x80008ec8 (0x9b426393) x 7 0xfffff9b4
core   0: 0x80008ecc (0x4154d393) srai    t2, s1, 21
core   0: 3 0x80008ecc (0x4154d393) x 7 0xfffffc00
core   0: 0x80008ed0 (0x006ad613) srli    a2, s5, 6
core   0: 3 0x80008ed0 (0x006ad613) x12 0x027086f7
core   0: 0x80008ed4 (0x417053b3) sra     t2, zero, s7
core   0: 3 0x80008ed4 (0x417053b3) x 7 0x00000000
core   0: 0x80008ed8 (0x01df1c33) sll     s8, t5, t4
core   0: 3 0x80008ed8 (0x01df1c33) x24 0xbffffdc2
core   0: 0x80008edc (0x00000013) nop
core   0: 3 0x80008edc (0x00000013)
core   0: 0x80008ee0 (0x40895133) sra     sp, s2, s0
core   0: 3 0x80008ee0 (0x40895133) x 2 0xf80010e7
core   0: 0x80008ee4 (0x01394c33) xor     s8, s2, s3
core   0: 3 0x80008ee4 (0x01394c33) x24 0x6da23e7d
core   0: 0x80008ee8 (0xee2d0493) addi    s1, s10, -286
core   0: 3 0x80008ee8 (0xee2d0493) x 9 0x80014dd9
core   0: 0x80008eec (0x64d3cb13) xori    s6, t2, 1613
core   0: 3 0x80008eec (0x64d3cb13) x22 0x0000064d
core   0: 0x80008ef0 (0x013178b3) and     a7, sp, s3
core   0: 3 0x80008ef0 (0x013178b3) x17 0xe8001000
core   0: 0x80008ef4 (0x512f6b13) ori     s6, t5, 1298
core   0: 3 0x80008ef4 (0x512f6b13) x22 0xbffffdd2
core   0: 0x80008ef8 (0x00249113) slli    sp, s1, 2
core   0: 3 0x80008ef8 (0x00249113) x 2 0x00053764
core   0: 0x80008efc (0x40948333) sub     t1, s1, s1
core   0: 3 0x80008efc (0x40948333) x 6 0x00000000
core   0: 0x80008f00 (0xf33d36b7) lui     a3, 0xf33d3
core   0: 3 0x80008f00 (0xf33d36b7) x13 0xf33d3000
core   0: 0x80008f04 (0xb0b14e37) lui     t3, 0xb0b14
core   0: 3 0x80008f04 (0xb0b14e37) x28 0xb0b14000
core   0: 0x80008f08 (0x01756db3) or      s11, a0, s7
core   0: 3 0x80008f08 (0x01756db3) x27 0x00000000
core   0: 0x80008f0c (0xd79c0d13) addi    s10, s8, -647
core   0: 3 0x80008f0c (0xd79c0d13) x26 0x6da23bf6
core   0: 0x80008f10 (0x018f40b3) xor     ra, t5, s8
core   0: 3 0x80008f10 (0x018f40b3) x 1 0xd25dc3bf
core   0: 0x80008f14 (0x01e67a33) and     s4, a2, t5
core   0: 3 0x80008f14 (0x01e67a33) x20 0x027084c2
core   0: 0x80008f18 (0x41f45713) srai    a4, s0, 31
core   0: 3 0x80008f18 (0x41f45713) x14 0xffffffff
core   0: 0x80008f1c (0xaaa72637) lui     a2, 0xaaa72
core   0: 3 0x80008f1c (0xaaa72637) x12 0xaaa72000
core   0: 0x80008f20 (0xef9aa693) slti    a3, s5, -263
core   0: 3 0x80008f20 (0xef9aa693) x13 0x00000001
core   0: 0x80008f24 (0x4033db93) srai    s7, t2, 3
core   0: 3 0x80008f24 (0x4033db93) x23 0x00000000
core   0: 0x80008f28 (0x00711b13) slli    s6, sp, 7
core   0: 3 0x80008f28 (0x00711b13) x22 0x029bb200
core   0: 0x80008f2c (0xc2bf0293) addi    t0, t5, -981
core   0: 3 0x80008f2c (0xc2bf0293) x 5 0xbffff9ed
core   0: 0x80008f30 (0x00000013) nop
core   0: 3 0x80008f30 (0x00000013)
core   0: 0x80008f34 (0xb81f2f93) slti    t6, t5, -1151
core   0: 3 0x80008f34 (0xb81f2f93) x31 0x00000001
core   0: 0x80008f38 (0x41e15bb3) sra     s7, sp, t5
core   0: 3 0x80008f38 (0x41e15bb3) x23 0x00014dd9
core   0: 0x80008f3c (0x00ee1933) sll     s2, t3, a4
core   0: 3 0x80008f3c (0x00ee1933) x18 0x00000000
core   0: 0x80008f40 (0x41360033) sub     zero, a2, s3
core   0: 3 0x80008f40 (0x41360033)
core   0: 0x80008f44 (0x000b4c33) xor     s8, s6, zero
core   0: 3 0x80008f44 (0x000b4c33) x24 0x029bb200
core   0: 0x80008f48 (0x01cc2d33) slt     s10, s8, t3
core   0: 3 0x80008f48 (0x01cc2d33) x26 0x00000000
core   0: 0x80008f4c (0x719be113) ori     sp, s7, 1817
core   0: 3 0x80008f4c (0x719be113) x 2 0x00014fd9
core   0: 0x80008f50 (0x00a700b3) add     ra, a4, a0
core   0: 3 0x80008f50 (0x00a700b3) x 1 0xffffffff
core   0: 0x80008f54 (0x419c5533) sra     a0, s8, s9
core   0: 3 0x80008f54 (0x419c5533) x10 0x0029bb20
core   0: 0x80008f58 (0x007f4fb3) xor     t6, t5, t2
core   0: 3 0x80008f58 (0x007f4fb3) x31 0xbffffdc2
core   0: 0x80008f5c (0x6f442313) slti    t1, s0, 1780
core   0: 3 0x80008f5c (0x6f442313) x 6 0x00000001
core   0: 0x80008f60 (0x7598e093) ori     ra, a7, 1881
core   0: 3 0x80008f60 (0x7598e093) x 1 0xe8001759
core   0: 0x80008f64 (0x32d83a13) sltiu   s4, a6, 813
core   0: 3 0x80008f64 (0x32d83a13) x20 0x00000000
core   0: 0x80008f68 (0x40795813) srai    a6, s2, 7
core   0: 3 0x80008f68 (0x40795813) x16 0x00000000
core   0: 0x80008f6c (0x71ca0d37) lui     s10, 0x71ca0
core   0: 3 0x80008f6c (0x71ca0d37) x26 0x71ca0000
core   0: 0x80008f70 (0x413ddf93) srai    t6, s11, 19
core   0: 3 0x80008f70 (0x413ddf93) x31 0x00000000
core   0: 0x80008f74 (0x000e9093) slli    ra, t4, 0
core   0: 3 0x80008f74 (0x000e9093) x 1 0x80000000
core   0: 0x80008f78 (0x3d623b13) sltiu   s6, tp, 982
core   0: 3 0x80008f78 (0x3d623b13) x22 0x00000001
core   0: 0x80008f7c (0x00ed04b3) add     s1, s10, a4
core   0: 3 0x80008f7c (0x00ed04b3) x 9 0x71c9ffff
core   0: 0x80008f80 (0x321ec693) xori    a3, t4, 801
core   0: 3 0x80008f80 (0x321ec693) x13 0x80000321
core   0: 0x80008f84 (0x0139fab3) and     s5, s3, s3
core   0: 3 0x80008f84 (0x0139fab3) x21 0xeda33000
core   0: 0x80008f88 (0x40390d33) sub     s10, s2, gp
core   0: 3 0x80008f88 (0x40390d33) x26 0x7ffeb31c
core   0: 0x80008f8c (0x00000013) nop
core   0: 3 0x80008f8c (0x00000013)
core   0: 0x80008f90 (0x001a7933) and     s2, s4, ra
core   0: 3 0x80008f90 (0x001a7933) x18 0x00000000
core   0: 0x80008f94 (0xe9886013) ori     zero, a6, -360
core   0: 3 0x80008f94 (0xe9886013)
core   0: 0x80008f98 (0x819d2113) slti    sp, s10, -2023
core   0: 3 0x80008f98 (0x819d2113) x 2 0x00000000
core   0: 0x80008f9c (0xcf307793) andi    a5, zero, -781
core   0: 3 0x80008f9c (0xcf307793) x15 0x00000000
core   0: 0x80008fa0 (0x000ab133) sltu    sp, s5, zero
core   0: 3 0x80008fa0 (0x000ab133) x 2 0x00000000
core   0: 0x80008fa4 (0x00fdde13) srli    t3, s11, 15
core   0: 3 0x80008fa4 (0x00fdde13) x28 0x00000000
core   0: 0x80008fa8 (0x00b7d913) srli    s2, a5, 11
core   0: 3 0x80008fa8 (0x00b7d913) x18 0x00000000
core   0: 0x80008fac (0x01ff58b3) srl     a7, t5, t6
core   0: 3 0x80008fac (0x01ff58b3) x17 0xbffffdc2
core   0: 0x80008fb0 (0x01735813) srli    a6, t1, 23
core   0: 3 0x80008fb0 (0x01735813) x16 0x00000000
core   0: 0x80008fb4 (0x41590f33) sub     t5, s2, s5
core   0: 3 0x80008fb4 (0x41590f33) x30 0x125cd000
core   0: 0x80008fb8 (0x5c5fa093) slti    ra, t6, 1477
core   0: 3 0x80008fb8 (0x5c5fa093) x 1 0x00000001
core   0: 0x80008fbc (0x017b9fb3) sll     t6, s7, s7
core   0: 3 0x80008fbc (0x017b9fb3) x31 0xb2000000
core   0: 0x80008fc0 (0x0140e933) or      s2, ra, s4
core   0: 3 0x80008fc0 (0x0140e933) x18 0x00000001
core   0: 0x80008fc4 (0xca0c8513) addi    a0, s9, -864
core   0: 3 0x80008fc4 (0xca0c8513) x10 0x80014984
core   0: 0x80008fc8 (0xcb61cb37) lui     s6, 0xcb61c
core   0: 3 0x80008fc8 (0xcb61cb37) x22 0xcb61c000
core   0: 0x80008fcc (0xd3790493) addi    s1, s2, -713
core   0: 3 0x80008fcc (0xd3790493) x 9 0xfffffd38
core   0: 0x80008fd0 (0x01b0f9b3) and     s3, ra, s11
core   0: 3 0x80008fd0 (0x01b0f9b3) x19 0x00000000
core   0: 0x80008fd4 (0xf9734d93) xori    s11, t1, -105
core   0: 3 0x80008fd4 (0xf9734d93) x27 0xffffff96
core   0: 0x80008fd8 (0x40be0c33) sub     s8, t3, a1
core   0: 3 0x80008fd8 (0x40be0c33) x24 0x00000004
core   0: 0x80008fdc (0x001091b3) sll     gp, ra, ra
core   0: 3 0x80008fdc (0x001091b3) x 3 0x00000002
core   0: 0x80008fe0 (0x00cad033) srl     zero, s5, a2
core   0: 3 0x80008fe0 (0x00cad033)
core   0: 0x80008fe4 (0x40835113) srai    sp, t1, 8
core   0: 3 0x80008fe4 (0x40835113) x 2 0x00000000
core   0: 0x80008fe8 (0x41b259b3) sra     s3, tp, s11
core   0: 3 0x80008fe8 (0x41b259b3) x19 0x00000000
core   0: 0x80008fec (0x00000013) nop
core   0: 3 0x80008fec (0x00000013)
core   0: 0x80008ff0 (0xe3823813) sltiu   a6, tp, -456
core   0: 3 0x80008ff0 (0xe3823813) x16 0x00000001
core   0: 0x80008ff4 (0x014f10b3) sll     ra, t5, s4
core   0: 3 0x80008ff4 (0x014f10b3) x 1 0x125cd000
core   0: 0x80008ff8 (0xd03fa3b7) lui     t2, 0xd03fa
core   0: 3 0x80008ff8 (0xd03fa3b7) x 7 0xd03fa000
core   0: 0x80008ffc (0x007fb3b3) sltu    t2, t6, t2
core   0: 3 0x80008ffc (0x007fb3b3) x 7 0x00000001
core   0: 0x80009000 (0x015a10b3) sll     ra, s4, s5
core   0: 3 0x80009000 (0x015a10b3) x 1 0x00000000
core   0: 0x80009004 (0x01cb1b13) slli    s6, s6, 28
core   0: 3 0x80009004 (0x01cb1b13) x22 0x00000000
core   0: 0x80009008 (0x401c5293) srai    t0, s8, 1
core   0: 3 0x80009008 (0x401c5293) x 5 0x00000002
core   0: 0x8000900c (0x006d1693) slli    a3, s10, 6
core   0: 3 0x8000900c (0x006d1693) x13 0xffacc700
core   0: 0x80009010 (0x01455013) srli    zero, a0, 20
core   0: 3 0x80009010 (0x01455013)
core   0: 0x80009014 (0x41258033) sub     zero, a1, s2
core   0: 3 0x80009014 (0x41258033)
core   0: 0x80009018 (0x01ee1913) slli    s2, t3, 30
core   0: 3 0x80009018 (0x01ee1913) x18 0x00000000
core   0: 0x8000901c (0x009c5693) srli    a3, s8, 9
core   0: 3 0x8000901c (0x009c5693) x13 0x00000000
core   0: 0x80009020 (0x01dc4533) xor     a0, s8, t4
core   0: 3 0x80009020 (0x01dc4533) x10 0x80000004
core   0: 0x80009024 (0x41308d33) sub     s10, ra, s3
core   0: 3 0x80009024 (0x41308d33) x26 0x00000000
core   0: 0x80009028 (0x442c0593) addi    a1, s8, 1090
core   0: 3 0x80009028 (0x442c0593) x11 0x00000446
core   0: 0x8000902c (0x01cfd513) srli    a0, t6, 28
core   0: 3 0x8000902c (0x01cfd513) x10 0x0000000b
core   0: 0x80009030 (0x00000013) nop
core   0: 3 0x80009030 (0x00000013)
core   0: 0x80009034 (0x40ae56b3) sra     a3, t3, a0
core   0: 3 0x80009034 (0x40ae56b3) x13 0x00000000
core   0: 0x80009038 (0x87967893) andi    a7, a2, -1927
core   0: 3 0x80009038 (0x87967893) x17 0xaaa72000
core   0: 0x8000903c (0x01b95b13) srli    s6, s2, 27
core   0: 3 0x8000903c (0x01b95b13) x22 0x00000000
core   0: 0x80009040 (0x8827fe17) auipc   t3, 0x8827f
core   0: 3 0x80009040 (0x8827fe17) x28 0x08288040
core   0: 0x80009044 (0x00598c33) add     s8, s3, t0
core   0: 3 0x80009044 (0x00598c33) x24 0x00000002
core   0: 0x80009048 (0x01801d93) slli    s11, zero, 24
core   0: 3 0x80009048 (0x01801d93) x27 0x00000000
core   0: 0x8000904c (0x6715ff93) andi    t6, a1, 1649
core   0: 3 0x8000904c (0x6715ff93) x31 0x00000440
core   0: 0x80009050 (0x75e50993) addi    s3, a0, 1886
core   0: 3 0x80009050 (0x75e50993) x19 0x00000769
core   0: 0x80009054 (0xd39aee13) ori     t3, s5, -711
core   0: 3 0x80009054 (0xd39aee13) x28 0xfffffd39
core   0: 0x80009058 (0x8a6bf513) andi    a0, s7, -1882
core   0: 3 0x80009058 (0x8a6bf513) x10 0x00014880
core   0: 0x8000905c (0x416fd313) srai    t1, t6, 22
core   0: 3 0x8000905c (0x416fd313) x 6 0x00000000
core   0: 0x80009060 (0x413c0db3) sub     s11, s8, s3
core   0: 3 0x80009060 (0x413c0db3) x27 0xfffff899
core   0: 0x80009064 (0x4044dd93) srai    s11, s1, 4
core   0: 3 0x80009064 (0x4044dd93) x27 0xffffffd3
core   0: 0x80009068 (0x1c37ff13) andi    t5, a5, 451
core   0: 3 0x80009068 (0x1c37ff13) x30 0x00000000
core   0: 0x8000906c (0x70d60f93) addi    t6, a2, 1805
core   0: 3 0x8000906c (0x70d60f93) x31 0xaaa7270d
core   0: 0x80009070 (0x41dc8533) sub     a0, s9, t4
core   0: 3 0x80009070 (0x41dc8533) x10 0x00014ce4
core   0: 0x80009074 (0xb375a993) slti    s3, a1, -1225
core   0: 3 0x80009074 (0xb375a993) x19 0x00000000
core   0: 0x80009078 (0x41ccd193) srai    gp, s9, 28
core   0: 3 0x80009078 (0x41ccd193) x 3 0xfffffff8
core   0: 0x8000907c (0x75e30493) addi    s1, t1, 1886
core   0: 3 0x8000907c (0x75e30493) x 9 0x0000075e
core   0: 0x80009080 (0x01e18ab3) add     s5, gp, t5
core   0: 3 0x80009080 (0x01e18ab3) x21 0xfffffff8
core   0: 0x80009084 (0x41a756b3) sra     a3, a4, s10
core   0: 3 0x80009084 (0x41a756b3) x13 0xffffffff
core   0: 0x80009088 (0x40a28a33) sub     s4, t0, a0
core   0: 3 0x80009088 (0x40a28a33) x20 0xfffeb31e
core   0: 0x8000908c (0x40f058b3) sra     a7, zero, a5
core   0: 3 0x8000908c (0x40f058b3) x17 0x00000000
core   0: 0x80009090 (0x015a47b3) xor     a5, s4, s5
core   0: 3 0x80009090 (0x015a47b3) x15 0x00014ce6
core   0: 0x80009094 (0xf430b213) sltiu   tp, ra, -189
core   0: 3 0x80009094 (0xf430b213) x 4 0x00000001
core   0: 0x80009098 (0x01de6bb3) or      s7, t3, t4
core   0: 3 0x80009098 (0x01de6bb3) x23 0xfffffd39
core   0: 0x8000909c (0x408a8e33) sub     t3, s5, s0
core   0: 3 0x8000909c (0x408a8e33) x28 0x7ffef194
core   0: 0x800090a0 (0x41755793) srai    a5, a0, 23
core   0: 3 0x800090a0 (0x41755793) x15 0x00000000
core   0: 0x800090a4 (0x009093b3) sll     t2, ra, s1
core   0: 3 0x800090a4 (0x009093b3) x 7 0x00000000
core   0: 0x800090a8 (0xc1c08613) addi    a2, ra, -996
core   0: 3 0x800090a8 (0xc1c08613) x12 0xfffffc1c
core   0: 0x800090ac (0xb4abef13) ori     t5, s7, -1206
core   0: 3 0x800090ac (0xb4abef13) x30 0xffffff7b
core   0: 0x800090b0 (0x01158733) add     a4, a1, a7
core   0: 3 0x800090b0 (0x01158733) x14 0x00000446
core   0: 0x800090b4 (0x53f4ad17) auipc   s10, 0x53f4a
core   0: 3 0x800090b4 (0x53f4ad17) x26 0xd3f530b4
core   0: 0x800090b8 (0x00f563b3) or      t2, a0, a5
core   0: 3 0x800090b8 (0x00f563b3) x 7 0x00014ce4
core   0: 0x800090bc (0xae4df093) andi    ra, s11, -1308
core   0: 3 0x800090bc (0xae4df093) x 1 0xfffffac0
core   0: 0x800090c0 (0x00000013) nop
core   0: 3 0x800090c0 (0x00000013)
core   0: 0x800090c4 (0x012705b3) add     a1, a4, s2
core   0: 3 0x800090c4 (0x012705b3) x11 0x00000446
core   0: 0x800090c8 (0xbe232113) slti    sp, t1, -1054
core   0: 3 0x800090c8 (0xbe232113) x 2 0x00000000
core   0: 0x800090cc (0xfafd8893) addi    a7, s11, -81
core   0: 3 0x800090cc (0xfafd8893) x17 0xffffff82
core   0: 0x800090d0 (0x01a0fa33) and     s4, ra, s10
core   0: 3 0x800090d0 (0x01a0fa33) x20 0xd3f53080
core   0: 0x800090d4 (0x08245a97) auipc   s5, 0x8245
core   0: 3 0x800090d4 (0x08245a97) x21 0x8824e0d4
core   0: 0x800090d8 (0xabf9b893) sltiu   a7, s3, -1345
core   0: 3 0x800090d8 (0xabf9b893) x17 0x00000001
core   0: 0x800090dc (0x00000013) nop
core   0: 3 0x800090dc (0x00000013)
core   0: 0x800090e0 (0x400a06b3) sub     a3, s4, zero
core   0: 3 0x800090e0 (0x400a06b3) x13 0xd3f53080
core   0: 0x800090e4 (0x63940793) addi    a5, s0, 1593
core   0: 3 0x800090e4 (0x63940793) x15 0x8001149d
core   0: 0x800090e8 (0x423ea693) slti    a3, t4, 1059
core   0: 3 0x800090e8 (0x423ea693) x13 0x00000001
core   0: 0x800090ec (0x00000013) nop
core   0: 3 0x800090ec (0x00000013)
core   0: 0x800090f0 (0x007411b3) sll     gp, s0, t2
core   0: 3 0x800090f0 (0x007411b3) x 3 0x0010e640
core   0: 0x800090f4 (0x01779f13) slli    t5, a5, 23
core   0: 3 0x800090f4 (0x01779f13) x30 0x4e800000
core   0: 0x800090f8 (0x015e90b3) sll     ra, t4, s5
core   0: 3 0x800090f8 (0x015e90b3) x 1 0x00000000
core   0: 0x800090fc (0x00000013) nop
core   0: 3 0x800090fc (0x00000013)
core   0: 0x80009100 (0x01ef3c33) sltu    s8, t5, t5
core   0: 3 0x80009100 (0x01ef3c33) x24 0x00000000
core   0: 0x80009104 (0x00893b33) sltu    s6, s2, s0
core   0: 3 0x80009104 (0x00893b33) x22 0x00000001
core   0: 0x80009108 (0x00000013) nop
core   0: 3 0x80009108 (0x00000013)
core   0: 0x8000910c (0x00bf8bb3) add     s7, t6, a1
core   0: 3 0x8000910c (0x00bf8bb3) x23 0xaaa72b53
core   0: 0x80009110 (0x010e5b33) srl     s6, t3, a6
core   0: 3 0x80009110 (0x010e5b33) x22 0x3fff78ca
core   0: 0x80009114 (0x019067b3) or      a5, zero, s9
core   0: 3 0x80009114 (0x019067b3) x15 0x80014ce4
core   0: 0x80009118 (0xeb896c13) ori     s8, s2, -328
core   0: 3 0x80009118 (0xeb896c13) x24 0xfffffeb8
core   0: 0x8000911c (0x00bd5b13) srli    s6, s10, 11
core   0: 3 0x8000911c (0x00bd5b13) x22 0x001a7ea6
core   0: 0x80009120 (0x009c61b3) or      gp, s8, s1
core   0: 3 0x80009120 (0x009c61b3) x 3 0xfffffffe
core   0: 0x80009124 (0x2f59af93) slti    t6, s3, 757
core   0: 3 0x80009124 (0x2f59af93) x31 0x00000001
core   0: 0x80009128 (0x01b59033) sll     zero, a1, s11
core   0: 3 0x80009128 (0x01b59033)
core   0: 0x8000912c (0x01db2793) slti    a5, s6, 29
core   0: 3 0x8000912c (0x01db2793) x15 0x00000000
core   0: 0x80009130 (0x01971133) sll     sp, a4, s9
core   0: 3 0x80009130 (0x01971133) x 2 0x00004460
core   0: 0x80009134 (0x648ca513) slti    a0, s9, 1608
core   0: 3 0x80009134 (0x648ca513) x10 0x00000001
core   0: 0x80009138 (0x0099dfb3) srl     t6, s3, s1
core   0: 3 0x80009138 (0x0099dfb3) x31 0x00000000
core   0: 0x8000913c (0x00060fb3) add     t6, a2, zero
core   0: 3 0x8000913c (0x00060fb3) x31 0xfffffc1c
core   0: 0x80009140 (0x0d19f613) andi    a2, s3, 209
core   0: 3 0x80009140 (0x0d19f613) x12 0x00000000
core   0: 0x80009144 (0xa1c10b13) addi    s6, sp, -1508
core   0: 3 0x80009144 (0xa1c10b13) x22 0x00003e7c
core   0: 0x80009148 (0x5492e293) ori     t0, t0, 1353
core   0: 3 0x80009148 (0x5492e293) x 5 0x0000054b
core   0: 0x8000914c (0x00000013) nop
core   0: 3 0x8000914c (0x00000013)
core   0: 0x80009150 (0x7688b313) sltiu   t1, a7, 1896
core   0: 3 0x80009150 (0x7688b313) x 6 0x00000001
core   0: 0x80009154 (0x01ffdd33) srl     s10, t6, t6
core   0: 3 0x80009154 (0x01ffdd33) x26 0x0000000f
core   0: 0x80009158 (0x405bd233) sra     tp, s7, t0
core   0: 3 0x80009158 (0x405bd233) x 4 0xfff554e5
core   0: 0x8000915c (0x3a6e0d97) auipc   s11, 0x3a6e0
core   0: 3 0x8000915c (0x3a6e0d97) x27 0xba6e915c
core   0: 0x80009160 (0xbc933513) sltiu   a0, t1, -1079
core   0: 3 0x80009160 (0xbc933513) x10 0x00000001
core   0: 0x80009164 (0x923b41b7) lui     gp, 0x923b4
core   0: 3 0x80009164 (0x923b41b7) x 3 0x923b4000
core   0: 0x80009168 (0x0120d993) srli    s3, ra, 18
core   0: 3 0x80009168 (0x0120d993) x19 0x00000000
core   0: 0x8000916c (0x00e4a5b3) slt     a1, s1, a4
core   0: 3 0x8000916c (0x00e4a5b3) x11 0x00000000
core   0: 0x80009170 (0x1aedb513) sltiu   a0, s11, 430
core   0: 3 0x80009170 (0x1aedb513) x10 0x00000000
core   0: 0x80009174 (0x562dfa93) andi    s5, s11, 1378
core   0: 3 0x80009174 (0x562dfa93) x21 0x00000140
core   0: 0x80009178 (0x006397b3) sll     a5, t2, t1
core   0: 3 0x80009178 (0x006397b3) x15 0x000299c8
core   0: 0x8000917c (0x017c3a33) sltu    s4, s8, s7
core   0: 3 0x8000917c (0x017c3a33) x20 0x00000000
core   0: 0x80009180 (0x002c0313) addi    t1, s8, 2
core   0: 3 0x80009180 (0x002c0313) x 6 0xfffffeba
core   0: 0x80009184 (0x01ba95b3) sll     a1, s5, s11
core   0: 3 0x80009184 (0x01ba95b3) x11 0x00000000
core   0: 0x80009188 (0xd7bcea13) ori     s4, s9, -645
core   0: 3 0x80009188 (0xd7bcea13) x20 0xfffffdff
core   0: 0x8000918c (0x00bd64b3) or      s1, s10, a1
core   0: 3 0x8000918c (0x00bd64b3) x 9 0x0000000f
core   0: 0x80009190 (0xd8420f93) addi    t6, tp, -636
core   0: 3 0x80009190 (0xd8420f93) x31 0xfff55269
core   0: 0x80009194 (0x341fe213) ori     tp, t6, 833
core   0: 3 0x80009194 (0x341fe213) x 4 0xfff55369
core   0: 0x80009198 (0x00666133) or      sp, a2, t1
core   0: 3 0x80009198 (0x00666133) x 2 0xfffffeba
core   0: 0x8000919c (0x40b65313) srai    t1, a2, 11
core   0: 3 0x8000919c (0x40b65313) x 6 0x00000000
core   0: 0x800091a0 (0x4757a613) slti    a2, a5, 1141
core   0: 3 0x800091a0 (0x4757a613) x12 0x00000000
core   0: 0x800091a4 (0x01a430b3) sltu    ra, s0, s10
core   0: 3 0x800091a4 (0x01a430b3) x 1 0x00000000
core   0: 0x800091a8 (0x8ad5fe13) andi    t3, a1, -1875
core   0: 3 0x800091a8 (0x8ad5fe13) x28 0x00000000
core   0: 0x800091ac (0x0123dd33) srl     s10, t2, s2
core   0: 3 0x800091ac (0x0123dd33) x26 0x00014ce4
core   0: 0x800091b0 (0x01729293) slli    t0, t0, 23
core   0: 3 0x800091b0 (0x01729293) x 5 0xa5800000
core   0: 0x800091b4 (0x007f1393) slli    t2, t5, 7
core   0: 3 0x800091b4 (0x007f1393) x 7 0x40000000
core   0: 0x800091b8 (0x01df5293) srli    t0, t5, 29
core   0: 3 0x800091b8 (0x01df5293) x 5 0x00000002
core   0: 0x800091bc (0xfe7e6113) ori     sp, t3, -25
core   0: 3 0x800091bc (0xfe7e6113) x 2 0xffffffe7
core   0: 0x800091c0 (0x4110d993) srai    s3, ra, 17
core   0: 3 0x800091c0 (0x4110d993) x19 0x00000000
core   0: 0x800091c4 (0x401609b3) sub     s3, a2, ra
core   0: 3 0x800091c4 (0x401609b3) x19 0x00000000
core   0: 0x800091c8 (0x00b60db3) add     s11, a2, a1
core   0: 3 0x800091c8 (0x00b60db3) x27 0x00000000
core   0: 0x800091cc (0x017d5c13) srli    s8, s10, 23
core   0: 3 0x800091cc (0x017d5c13) x24 0x00000000
core   0: 0x800091d0 (0x00839a13) slli    s4, t2, 8
core   0: 3 0x800091d0 (0x00839a13) x20 0x00000000
core   0: 0x800091d4 (0x972938b7) lui     a7, 0x97293
core   0: 3 0x800091d4 (0x972938b7) x17 0x97293000
core   0: 0x800091d8 (0x012c8333) add     t1, s9, s2
core   0: 3 0x800091d8 (0x012c8333) x 6 0x80014ce4
core   0: 0x800091dc (0x011f6033) or      zero, t5, a7
core   0: 3 0x800091dc (0x011f6033)
core   0: 0x800091e0 (0x00b3b733) sltu    a4, t2, a1
core   0: 3 0x800091e0 (0x00b3b733) x14 0x00000000
core   0: 0x800091e4 (0x015a34b3) sltu    s1, s4, s5
core   0: 3 0x800091e4 (0x015a34b3) x 9 0x00000001
core   0: 0x800091e8 (0x55651b37) lui     s6, 0x55651
core   0: 3 0x800091e8 (0x55651b37) x22 0x55651000
core   0: 0x800091ec (0x01061293) slli    t0, a2, 16
core   0: 3 0x800091ec (0x01061293) x 5 0x00000000
core   0: 0x800091f0 (0x0032c333) xor     t1, t0, gp
core   0: 3 0x800091f0 (0x0032c333) x 6 0x923b4000
core   0: 0x800091f4 (0x7217fa93) andi    s5, a5, 1825
core   0: 3 0x800091f4 (0x7217fa93) x21 0x00000100
core   0: 0x800091f8 (0x0087b4b3) sltu    s1, a5, s0
core   0: 3 0x800091f8 (0x0087b4b3) x 9 0x00000001
core   0: 0x800091fc (0x018e1393) slli    t2, t3, 24
core   0: 3 0x800091fc (0x018e1393) x 7 0x00000000
core   0: 0x80009200 (0x26510793) addi    a5, sp, 613
core   0: 3 0x80009200 (0x26510793) x15 0x0000024c
core   0: 0x80009204 (0x0065f533) and     a0, a1, t1
core   0: 3 0x80009204 (0x0065f533) x10 0x00000000
core   0: 0x80009208 (0x403cdc13) srai    s8, s9, 3
core   0: 3 0x80009208 (0x403cdc13) x24 0xf000299c
core   0: 0x8000920c (0x28e00b13) li      s6, 654
core   0: 3 0x8000920c (0x28e00b13) x22 0x0000028e
core   0: 0x80009210 (0x00e380b3) add     ra, t2, a4
core   0: 3 0x80009210 (0x00e380b3) x 1 0x00000000
core   0: 0x80009214 (0x029d4d93) xori    s11, s10, 41
core   0: 3 0x80009214 (0x029d4d93) x27 0x00014ccd
core   0: 0x80009218 (0x01bef2b3) and     t0, t4, s11
core   0: 3 0x80009218 (0x01bef2b3) x 5 0x00000000
core   0: 0x8000921c (0x01729733) sll     a4, t0, s7
core   0: 3 0x8000921c (0x01729733) x14 0x00000000
core   0: 0x80009220 (0x403b5533) sra     a0, s6, gp
core   0: 3 0x80009220 (0x403b5533) x10 0x0000028e
core   0: 0x80009224 (0x80fea893) slti    a7, t4, -2033
core   0: 3 0x80009224 (0x80fea893) x17 0x00000001
core   0: 0x80009228 (0x00820a33) add     s4, tp, s0
core   0: 3 0x80009228 (0x00820a33) x20 0x7ff661cd
core   0: 0x8000922c (0x017ac1b3) xor     gp, s5, s7
core   0: 3 0x8000922c (0x017ac1b3) x 3 0xaaa72a53
core   0: 0x80009230 (0x01175513) srli    a0, a4, 17
core   0: 3 0x80009230 (0x01175513) x10 0x00000000
core   0: 0x80009234 (0x40a5d293) srai    t0, a1, 10
core   0: 3 0x80009234 (0x40a5d293) x 5 0x00000000
core   0: 0x80009238 (0x3b868e13) addi    t3, a3, 952
core   0: 3 0x80009238 (0x3b868e13) x28 0x000003b9
core   0: 0x8000923c (0x0101b133) sltu    sp, gp, a6
core   0: 3 0x8000923c (0x0101b133) x 2 0x00000000
core   0: 0x80009240 (0x40708333) sub     t1, ra, t2
core   0: 3 0x80009240 (0x40708333) x 6 0x00000000
core   0: 0x80009244 (0x4905ff37) lui     t5, 0x4905f
core   0: 3 0x80009244 (0x4905ff37) x30 0x4905f000
core   0: 0x80009248 (0x25597193) andi    gp, s2, 597
core   0: 3 0x80009248 (0x25597193) x 3 0x00000000
core   0: 0x8000924c (0x0179e4b3) or      s1, s3, s7
core   0: 3 0x8000924c (0x0179e4b3) x 9 0xaaa72b53
core   0: 0x80009250 (0x01b9ea33) or      s4, s3, s11
core   0: 3 0x80009250 (0x01b9ea33) x20 0x00014ccd
core   0: 0x80009254 (0x01ff5233) srl     tp, t5, t6
core   0: 3 0x80009254 (0x01ff5233) x 4 0x002482f8
core   0: 0x80009258 (0x019c8b33) add     s6, s9, s9
core   0: 3 0x80009258 (0x019c8b33) x22 0x000299c8
core   0: 0x8000925c (0x00bb9793) slli    a5, s7, 11
core   0: 3 0x8000925c (0x00bb9793) x15 0x395a9800
core   0: 0x80009260 (0x9175f013) andi    zero, a1, -1769
core   0: 3 0x80009260 (0x9175f013)
core   0: 0x80009264 (0xabd7ef37) lui     t5, 0xabd7e
core   0: 3 0x80009264 (0xabd7ef37) x30 0xabd7e000
core   0: 0x80009268 (0x31f7ac37) lui     s8, 0x31f7a
core   0: 3 0x80009268 (0x31f7ac37) x24 0x31f7a000
core   0: 0x8000926c (0x6f01fb13) andi    s6, gp, 1776
core   0: 3 0x8000926c (0x6f01fb13) x22 0x00000000
core   0: 0x80009270 (0xc50f4097) auipc   ra, 0xc50f4
core   0: 3 0x80009270 (0xc50f4097) x 1 0x450fd270
core   0: 0x80009274 (0x01569ab3) sll     s5, a3, s5
core   0: 3 0x80009274 (0x01569ab3) x21 0x00000001
core   0: 0x80009278 (0x2010f617) auipc   a2, 0x2010f
core   0: 3 0x80009278 (0x2010f617) x12 0xa0118278
core   0: 0x8000927c (0x94364b93) xori    s7, a2, -1725
core   0: 3 0x8000927c (0x94364b93) x23 0x5fee7b3b
core   0: 0x80009280 (0xc327ba93) sltiu   s5, a5, -974
core   0: 3 0x80009280 (0xc327ba93) x21 0x00000001
core   0: 0x80009284 (0x01850bb3) add     s7, a0, s8
core   0: 3 0x80009284 (0x01850bb3) x23 0x31f7a000
core   0: 0x80009288 (0x040ca613) slti    a2, s9, 64
core   0: 3 0x80009288 (0x040ca613) x12 0x00000001
core   0: 0x8000928c (0xc8868e37) lui     t3, 0xc8868
core   0: 3 0x8000928c (0xc8868e37) x28 0xc8868000
core   0: 0x80009290 (0x009ebdb3) sltu    s11, t4, s1
core   0: 3 0x80009290 (0x009ebdb3) x27 0x00000001
core   0: 0x80009294 (0x01f1ddb3) srl     s11, gp, t6
core   0: 3 0x80009294 (0x01f1ddb3) x27 0x00000000
core   0: 0x80009298 (0x01cb7033) and     zero, s6, t3
core   0: 3 0x80009298 (0x01cb7033)
core   0: 0x8000929c (0x013e6833) or      a6, t3, s3
core   0: 3 0x8000929c (0x013e6833) x16 0xc8868000
core   0: 0x800092a0 (0x00018f33) add     t5, gp, zero
core   0: 3 0x800092a0 (0x00018f33) x30 0x00000000
core   0: 0x800092a4 (0x9c02c193) xori    gp, t0, -1600
core   0: 3 0x800092a4 (0x9c02c193) x 3 0xfffff9c0
core   0: 0x800092a8 (0xb8d72213) slti    tp, a4, -1139
core   0: 3 0x800092a8 (0xb8d72213) x 4 0x00000000
core   0: 0x800092ac (0x00000013) nop
core   0: 3 0x800092ac (0x00000013)
core   0: 0x800092b0 (0x00c9e3b7) lui     t2, 0xc9e
core   0: 3 0x800092b0 (0x00c9e3b7) x 7 0x00c9e000
core   0: 0x800092b4 (0x00000013) nop
core   0: 3 0x800092b4 (0x00000013)
core   0: 0x800092b8 (0x402f5d13) srai    s10, t5, 2
core   0: 3 0x800092b8 (0x402f5d13) x26 0x00000000
core   0: 0x800092bc (0x40855493) srai    s1, a0, 8
core   0: 3 0x800092bc (0x40855493) x 9 0x00000000
core   0: 0x800092c0 (0x015d0033) add     zero, s10, s5
core   0: 3 0x800092c0 (0x015d0033)
core   0: 0x800092c4 (0x08557a13) andi    s4, a0, 133
core   0: 3 0x800092c4 (0x08557a13) x20 0x00000000
core   0: 0x800092c8 (0x00dd2233) slt     tp, s10, a3
core   0: 3 0x800092c8 (0x00dd2233) x 4 0x00000001
core   0: 0x800092cc (0x22caefb7) lui     t6, 0x22cae
core   0: 3 0x800092cc (0x22caefb7) x31 0x22cae000
core   0: 0x800092d0 (0x01779fb3) sll     t6, a5, s7
core   0: 3 0x800092d0 (0x01779fb3) x31 0x395a9800
core   0: 0x800092d4 (0x00a9dc13) srli    s8, s3, 10
core   0: 3 0x800092d4 (0x00a9dc13) x24 0x00000000
core   0: 0x800092d8 (0x273d3093) sltiu   ra, s10, 627
core   0: 3 0x800092d8 (0x273d3093) x 1 0x00000001
core   0: 0x800092dc (0x87cb7f93) andi    t6, s6, -1924
core   0: 3 0x800092dc (0x87cb7f93) x31 0x00000000
core   0: 0x800092e0 (0x008d03b3) add     t2, s10, s0
core   0: 3 0x800092e0 (0x008d03b3) x 7 0x80010e64
core   0: 0x800092e4 (0x00e2d993) srli    s3, t0, 14
core   0: 3 0x800092e4 (0x00e2d993) x19 0x00000000
core   0: 0x800092e8 (0x00000013) nop
core   0: 3 0x800092e8 (0x00000013)
core   0: 0x800092ec (0x4167d013) srai    zero, a5, 22
core   0: 3 0x800092ec (0x4167d013)
core   0: 0x800092f0 (0x419b0133) sub     sp, s6, s9
core   0: 3 0x800092f0 (0x419b0133) x 2 0x7ffeb31c
core   0: 0x800092f4 (0x40a658b3) sra     a7, a2, a0
core   0: 3 0x800092f4 (0x40a658b3) x17 0x00000001
core   0: 0x800092f8 (0x01fc9613) slli    a2, s9, 31
core   0: 3 0x800092f8 (0x01fc9613) x12 0x00000000
core   0: 0x800092fc (0x4091d533) sra     a0, gp, s1
core   0: 3 0x800092fc (0x4091d533) x10 0xfffff9c0
core   0: 0x80009300 (0x00c973b3) and     t2, s2, a2
core   0: 3 0x80009300 (0x00c973b3) x 7 0x00000000
core   0: 0x80009304 (0x018a7db3) and     s11, s4, s8
core   0: 3 0x80009304 (0x018a7db3) x27 0x00000000
core   0: 0x80009308 (0x2b7bfd13) andi    s10, s7, 695
core   0: 3 0x80009308 (0x2b7bfd13) x26 0x00000000
core   0: 0x8000930c (0x53a80613) addi    a2, a6, 1338
core   0: 3 0x8000930c (0x53a80613) x12 0xc886853a
core   0: 0x80009310 (0x7d003393) sltiu   t2, zero, 2000
core   0: 3 0x80009310 (0x7d003393) x 7 0x00000001
core   0: 0x80009314 (0x000bcd33) xor     s10, s7, zero
core   0: 3 0x80009314 (0x000bcd33) x26 0x31f7a000
core   0: 0x80009318 (0x2004aab7) lui     s5, 0x2004a
core   0: 3 0x80009318 (0x2004aab7) x21 0x2004a000
core   0: 0x8000931c (0x016bf933) and     s2, s7, s6
core   0: 3 0x8000931c (0x016bf933) x18 0x00000000
core   0: 0x80009320 (0x450b8093) addi    ra, s7, 1104
core   0: 3 0x80009320 (0x450b8093) x 1 0x31f7a450
core   0: 0x80009324 (0x01debab3) sltu    s5, t4, t4
core   0: 3 0x80009324 (0x01debab3) x21 0x00000000
core   0: 0x80009328 (0x00a83333) sltu    t1, a6, a0
core   0: 3 0x80009328 (0x00a83333) x 6 0x00000001
core   0: 0x8000932c (0x00000013) nop
core   0: 3 0x8000932c (0x00000013)
core   0: 0x80009330 (0x5f06cd93) xori    s11, a3, 1520
core   0: 3 0x80009330 (0x5f06cd93) x27 0x000005f1
core   0: 0x80009334 (0x00000013) nop
core   0: 3 0x80009334 (0x00000013)
core   0: 0x80009338 (0x141f2037) lui     zero, 0x141f2
core   0: 3 0x80009338 (0x141f2037)
core   0: 0x8000933c (0x40335393) srai    t2, t1, 3
core   0: 3 0x8000933c (0x40335393) x 7 0x00000000
core   0: 0x80009340 (0x00204fb3) xor     t6, zero, sp
core   0: 3 0x80009340 (0x00204fb3) x31 0x7ffeb31c
core   0: 0x80009344 (0x005ecfb3) xor     t6, t4, t0
core   0: 3 0x80009344 (0x005ecfb3) x31 0x80000000
core   0: 0x80009348 (0x00c09513) slli    a0, ra, 12
core   0: 3 0x80009348 (0x00c09513) x10 0x7a450000
core   0: 0x8000934c (0x00ba0fb3) add     t6, s4, a1
core   0: 3 0x8000934c (0x00ba0fb3) x31 0x00000000
core   0: 0x80009350 (0x00000013) nop
core   0: 3 0x80009350 (0x00000013)
core   0: 0x80009354 (0x7e2beb93) ori     s7, s7, 2018
core   0: 3 0x80009354 (0x7e2beb93) x23 0x31f7a7e2
core   0: 0x80009358 (0xa389a813) slti    a6, s3, -1480
core   0: 3 0x80009358 (0xa389a813) x16 0x00000000
core   0: 0x8000935c (0x68815817) auipc   a6, 0x68815
core   0: 3 0x8000935c (0x68815817) x16 0xe881e35c
core   0: 0x80009360 (0x64c9f117) auipc   sp, 0x64c9f
core   0: 3 0x80009360 (0x64c9f117) x 2 0xe4ca8360
core   0: 0x80009364 (0x01fd70b3) and     ra, s10, t6
core   0: 3 0x80009364 (0x01fd70b3) x 1 0x00000000
core   0: 0x80009368 (0x4173d913) srai    s2, t2, 23
core   0: 3 0x80009368 (0x4173d913) x18 0x00000000
core   0: 0x8000936c (0x01b493b3) sll     t2, s1, s11
core   0: 3 0x8000936c (0x01b493b3) x 7 0x00000000
core   0: 0x80009370 (0x643d6013) ori     zero, s10, 1603
core   0: 3 0x80009370 (0x643d6013)
core   0: 0x80009374 (0x01d2b1b3) sltu    gp, t0, t4
core   0: 3 0x80009374 (0x01d2b1b3) x 3 0x00000001
core   0: 0x80009378 (0x01d3f0b3) and     ra, t2, t4
core   0: 3 0x80009378 (0x01d3f0b3) x 1 0x00000000
core   0: 0x8000937c (0x419fd633) sra     a2, t6, s9
core   0: 3 0x8000937c (0x419fd633) x12 0x00000000
core   0: 0x80009380 (0x404a5033) sra     zero, s4, tp
core   0: 3 0x80009380 (0x404a5033)
core   0: 0x80009384 (0x5b8aae13) slti    t3, s5, 1464
core   0: 3 0x80009384 (0x5b8aae13) x28 0x00000001
core   0: 0x80009388 (0x213fba93) sltiu   s5, t6, 531
core   0: 3 0x80009388 (0x213fba93) x21 0x00000001
core   0: 0x8000938c (0x0d516913) ori     s2, sp, 213
core   0: 3 0x8000938c (0x0d516913) x18 0xe4ca83f5
core   0: 0x80009390 (0x419283b3) sub     t2, t0, s9
core   0: 3 0x80009390 (0x419283b3) x 7 0x7ffeb31c
core   0: 0x80009394 (0x00886ab3) or      s5, a6, s0
core   0: 3 0x80009394 (0x00886ab3) x21 0xe881ef7c
core   0: 0x80009398 (0x584d0593) addi    a1, s10, 1412
core   0: 3 0x80009398 (0x584d0593) x11 0x31f7a584
core   0: 0x8000939c (0x176ecd37) lui     s10, 0x176ec
core   0: 3 0x8000939c (0x176ecd37) x26 0x176ec000
core   0: 0x800093a0 (0xfdee2513) slti    a0, t3, -34
core   0: 3 0x800093a0 (0xfdee2513) x10 0x00000000
core   0: 0x800093a4 (0x00e9f833) and     a6, s3, a4
core   0: 3 0x800093a4 (0x00e9f833) x16 0x00000000
core   0: 0x800093a8 (0x414ef193) andi    gp, t4, 1044
core   0: 3 0x800093a8 (0x414ef193) x 3 0x00000000
core   0: 0x800093ac (0x00c276b3) and     a3, tp, a2
core   0: 3 0x800093ac (0x00c276b3) x13 0x00000000
core   0: 0x800093b0 (0x00000013) nop
core   0: 3 0x800093b0 (0x00000013)
core   0: 0x800093b4 (0x00000013) nop
core   0: 3 0x800093b4 (0x00000013)
core   0: 0x800093b8 (0x019b2db3) slt     s11, s6, s9
core   0: 3 0x800093b8 (0x019b2db3) x27 0x00000000
core   0: 0x800093bc (0x59e22293) slti    t0, tp, 1438
core   0: 3 0x800093bc (0x59e22293) x 5 0x00000001
core   0: 0x800093c0 (0x0084d8b3) srl     a7, s1, s0
core   0: 3 0x800093c0 (0x0084d8b3) x17 0x00000000
core   0: 0x800093c4 (0x4345a813) slti    a6, a1, 1076
core   0: 3 0x800093c4 (0x4345a813) x16 0x00000000
core   0: 0x800093c8 (0x01a41113) slli    sp, s0, 26
core   0: 3 0x800093c8 (0x01a41113) x 2 0x90000000
core   0: 0x800093cc (0x72277693) andi    a3, a4, 1826
core   0: 3 0x800093cc (0x72277693) x13 0x00000000
core   0: 0x800093d0 (0x8dd06193) ori     gp, zero, -1827
core   0: 3 0x800093d0 (0x8dd06193) x 3 0xfffff8dd
core   0: 0x800093d4 (0x004a38b3) sltu    a7, s4, tp
core   0: 3 0x800093d4 (0x004a38b3) x17 0x00000001
core   0: 0x800093d8 (0x00417233) and     tp, sp, tp
core   0: 3 0x800093d8 (0x00417233) x 4 0x00000000
core   0: 0x800093dc (0xe3c53c13) sltiu   s8, a0, -452
core   0: 3 0x800093dc (0xe3c53c13) x24 0x00000001
core   0: 0x800093e0 (0x01a25a33) srl     s4, tp, s10
core   0: 3 0x800093e0 (0x01a25a33) x20 0x00000000
core   0: 0x800093e4 (0x015c6133) or      sp, s8, s5
core   0: 3 0x800093e4 (0x015c6133) x 2 0xe881ef7d
core   0: 0x800093e8 (0x4140db93) srai    s7, ra, 20
core   0: 3 0x800093e8 (0x4140db93) x23 0x00000000
core   0: 0x800093ec (0x010778b3) and     a7, a4, a6
core   0: 3 0x800093ec (0x010778b3) x17 0x00000000
core   0: 0x800093f0 (0x41a05513) srai    a0, zero, 26
core   0: 3 0x800093f0 (0x41a05513) x10 0x00000000
core   0: 0x800093f4 (0xcdaae913) ori     s2, s5, -806
core   0: 3 0x800093f4 (0xcdaae913) x18 0xfffffffe
core   0: 0x800093f8 (0x13f11f97) auipc   t6, 0x13f11
core   0: 3 0x800093f8 (0x13f11f97) x31 0x93f1a3f8
core   0: 0x800093fc (0x41b06613) ori     a2, zero, 1051
core   0: 3 0x800093fc (0x41b06613) x12 0x0000041b
core   0: 0x80009400 (0x55140513) addi    a0, s0, 1361
core   0: 3 0x80009400 (0x55140513) x10 0x800113b5
core   0: 0x80009404 (0x01fc9913) slli    s2, s9, 31
core   0: 3 0x80009404 (0x01fc9913) x18 0x00000000
core   0: 0x80009408 (0xc3982a93) slti    s5, a6, -967
core   0: 3 0x80009408 (0xc3982a93) x21 0x00000000
core   0: 0x8000940c (0x0000e633) or      a2, ra, zero
core   0: 3 0x8000940c (0x0000e633) x12 0x00000000
core   0: 0x80009410 (0x008f0633) add     a2, t5, s0
core   0: 3 0x80009410 (0x008f0633) x12 0x80010e64
core   0: 0x80009414 (0x8001e213) ori     tp, gp, -2048
core   0: 3 0x80009414 (0x8001e213) x 4 0xfffff8dd
core   0: 0x80009418 (0xaf73e693) ori     a3, t2, -1289
core   0: 3 0x80009418 (0xaf73e693) x13 0xfffffbff
core   0: 0x8000941c (0x4e5f0a13) addi    s4, t5, 1253
core   0: 3 0x8000941c (0x4e5f0a13) x20 0x000004e5
core   0: 0x80009420 (0x00cc39b3) sltu    s3, s8, a2
core   0: 3 0x80009420 (0x00cc39b3) x19 0x00000001
core   0: 0x80009424 (0x00788d33) add     s10, a7, t2
core   0: 3 0x80009424 (0x00788d33) x26 0x7ffeb31c
core   0: 0x80009428 (0x01588c33) add     s8, a7, s5
core   0: 3 0x80009428 (0x01588c33) x24 0x00000000
core   0: 0x8000942c (0x01a9a933) slt     s2, s3, s10
core   0: 3 0x8000942c (0x01a9a933) x18 0x00000001
core   0: 0x80009430 (0x0168c6b3) xor     a3, a7, s6
core   0: 3 0x80009430 (0x0168c6b3) x13 0x00000000
core   0: 0x80009434 (0x00d35193) srli    gp, t1, 13
core   0: 3 0x80009434 (0x00d35193) x 3 0x00000000
core   0: 0x80009438 (0x01792f33) slt     t5, s2, s7
core   0: 3 0x80009438 (0x01792f33) x30 0x00000000
core   0: 0x8000943c (0x0bf6bd93) sltiu   s11, a3, 191
core   0: 3 0x8000943c (0x0bf6bd93) x27 0x00000001
core   0: 0x80009440 (0xc6273913) sltiu   s2, a4, -926
core   0: 3 0x80009440 (0xc6273913) x18 0x00000001
core   0: 0x80009444 (0x3e4b3393) sltiu   t2, s6, 996
core   0: 3 0x80009444 (0x3e4b3393) x 7 0x00000001
core   0: 0x80009448 (0x00a75533) srl     a0, a4, a0
core   0: 3 0x80009448 (0x00a75533) x10 0x00000000
core   0: 0x8000944c (0xb9de4793) xori    a5, t3, -1123
core   0: 3 0x8000944c (0xb9de4793) x15 0xfffffb9c
core   0: 0x80009450 (0x00000013) nop
core   0: 3 0x80009450 (0x00000013)
core   0: 0x80009454 (0x015c1c13) slli    s8, s8, 21
core   0: 3 0x80009454 (0x015c1c13) x24 0x00000000
core   0: 0x80009458 (0x8045a213) slti    tp, a1, -2044
core   0: 3 0x80009458 (0x8045a213) x 4 0x00000000
core   0: 0x8000945c (0xdbc29f97) auipc   t6, 0xdbc29
core   0: 3 0x8000945c (0xdbc29f97) x31 0x5bc3245c
core   0: 0x80009460 (0x406e5e33) sra     t3, t3, t1
core   0: 3 0x80009460 (0x406e5e33) x28 0x00000000
core   0: 0x80009464 (0x00c05493) srli    s1, zero, 12
core   0: 3 0x80009464 (0x00c05493) x 9 0x00000000
core   0: 0x80009468 (0x00a0d793) srli    a5, ra, 10
core   0: 3 0x80009468 (0x00a0d793) x15 0x00000000
core   0: 0x8000946c (0x314af013) andi    zero, s5, 788
core   0: 3 0x8000946c (0x314af013)
core   0: 0x80009470 (0x412dd7b3) sra     a5, s11, s2
core   0: 3 0x80009470 (0x412dd7b3) x15 0x00000000
core   0: 0x80009474 (0x954b8d93) addi    s11, s7, -1708
core   0: 3 0x80009474 (0x954b8d93) x27 0xfffff954
core   0: 0x80009478 (0xd4db8e13) addi    t3, s7, -691
core   0: 3 0x80009478 (0xd4db8e13) x28 0xfffffd4d
core   0: 0x8000947c (0xf6ec3593) sltiu   a1, s8, -146
core   0: 3 0x8000947c (0xf6ec3593) x11 0x00000001
core   0: 0x80009480 (0x405e0e33) sub     t3, t3, t0
core   0: 3 0x80009480 (0x405e0e33) x28 0xfffffd4c
core   0: 0x80009484 (0xccf72d13) slti    s10, a4, -817
core   0: 3 0x80009484 (0xccf72d13) x26 0x00000000
core   0: 0x80009488 (0x40d25733) sra     a4, tp, a3
core   0: 3 0x80009488 (0x40d25733) x14 0x00000000
core   0: 0x8000948c (0x406704b3) sub     s1, a4, t1
core   0: 3 0x8000948c (0x406704b3) x 9 0xffffffff
core   0: 0x80009490 (0x01a1ee33) or      t3, gp, s10
core   0: 3 0x80009490 (0x01a1ee33) x28 0x00000000
core   0: 0x80009494 (0x4058d113) srai    sp, a7, 5
core   0: 3 0x80009494 (0x4058d113) x 2 0x00000000
core   0: 0x80009498 (0x01b0a233) slt     tp, ra, s11
core   0: 3 0x80009498 (0x01b0a233) x 4 0x00000000
core   0: 0x8000949c (0x010b8c33) add     s8, s7, a6
core   0: 3 0x8000949c (0x010b8c33) x24 0x00000000
core   0: 0x800094a0 (0x01147533) and     a0, s0, a7
core   0: 3 0x800094a0 (0x01147533) x10 0x00000000
core   0: 0x800094a4 (0x006c9633) sll     a2, s9, t1
core   0: 3 0x800094a4 (0x006c9633) x12 0x000299c8
core   0: 0x800094a8 (0x00000013) nop
core   0: 3 0x800094a8 (0x00000013)
core   0: 0x800094ac (0x0070b7b3) sltu    a5, ra, t2
core   0: 3 0x800094ac (0x0070b7b3) x15 0x00000001
core   0: 0x800094b0 (0xd269eb13) ori     s6, s3, -730
core   0: 3 0x800094b0 (0xd269eb13) x22 0xfffffd27
core   0: 0x800094b4 (0xa890c713) xori    a4, ra, -1399
core   0: 3 0x800094b4 (0xa890c713) x14 0xfffffa89
core   0: 0x800094b8 (0x40f7d9b3) sra     s3, a5, a5
core   0: 3 0x800094b8 (0x40f7d9b3) x19 0x00000000
core   0: 0x800094bc (0x016904b3) add     s1, s2, s6
core   0: 3 0x800094bc (0x016904b3) x 9 0xfffffd28
core   0: 0x800094c0 (0x693a2093) slti    ra, s4, 1683
core   0: 3 0x800094c0 (0x693a2093) x 1 0x00000001
core   0: 0x800094c4 (0x006ee0b3) or      ra, t4, t1
core   0: 3 0x800094c4 (0x006ee0b3) x 1 0x80000001
core   0: 0x800094c8 (0x40b1d193) srai    gp, gp, 11
core   0: 3 0x800094c8 (0x40b1d193) x 3 0x00000000
core   0: 0x800094cc (0x41ae8933) sub     s2, t4, s10
core   0: 3 0x800094cc (0x41ae8933) x18 0x80000000
core   0: 0x800094d0 (0xc1616713) ori     a4, sp, -1002
core   0: 3 0x800094d0 (0xc1616713) x14 0xfffffc16
core   0: 0x800094d4 (0x018b9b93) slli    s7, s7, 24
core   0: 3 0x800094d4 (0x018b9b93) x23 0x00000000
core   0: 0x800094d8 (0x01328b33) add     s6, t0, s3
core   0: 3 0x800094d8 (0x01328b33) x22 0x00000001
core   0: 0x800094dc (0x5902a313) slti    t1, t0, 1424
core   0: 3 0x800094dc (0x5902a313) x 6 0x00000001
core   0: 0x800094e0 (0x40cc8633) sub     a2, s9, a2
core   0: 3 0x800094e0 (0x40cc8633) x12 0x7ffeb31c
core   0: 0x800094e4 (0x01cd49b3) xor     s3, s10, t3
core   0: 3 0x800094e4 (0x01cd49b3) x19 0x00000000
core   0: 0x800094e8 (0x00eb0b33) add     s6, s6, a4
core   0: 3 0x800094e8 (0x00eb0b33) x22 0xfffffc17
core   0: 0x800094ec (0x65137e13) andi    t3, t1, 1617
core   0: 3 0x800094ec (0x65137e13) x28 0x00000001
core   0: 0x800094f0 (0x00ac9d13) slli    s10, s9, 10
core   0: 3 0x800094f0 (0x00ac9d13) x26 0x05339000
core   0: 0x800094f4 (0x00000013) nop
core   0: 3 0x800094f4 (0x00000013)
core   0: 0x800094f8 (0xc6f4e913) ori     s2, s1, -913
core   0: 3 0x800094f8 (0xc6f4e913) x18 0xfffffd6f
core   0: 0x800094fc (0xd642f017) auipc   zero, 0xd642f
core   0: 3 0x800094fc (0xd642f017)
core   0: 0x80009500 (0x0123bc33) sltu    s8, t2, s2
core   0: 3 0x80009500 (0x0123bc33) x24 0x00000001
core   0: 0x80009504 (0x3afee8b7) lui     a7, 0x3afee
core   0: 3 0x80009504 (0x3afee8b7) x17 0x3afee000
core   0: 0x80009508 (0x00cfa633) slt     a2, t6, a2
core   0: 3 0x80009508 (0x00cfa633) x12 0x00000001
core   0: 0x8000950c (0x000786b3) add     a3, a5, zero
core   0: 3 0x8000950c (0x000786b3) x13 0x00000001
core   0: 0x80009510 (0x01d3cf33) xor     t5, t2, t4
core   0: 3 0x80009510 (0x01d3cf33) x30 0x80000001
core   0: 0x80009514 (0x253a6493) ori     s1, s4, 595
core   0: 3 0x80009514 (0x253a6493) x 9 0x000006f7
core   0: 0x80009518 (0x6c08b193) sltiu   gp, a7, 1728
core   0: 3 0x80009518 (0x6c08b193) x 3 0x00000000
core   0: 0x8000951c (0x00ffbb33) sltu    s6, t6, a5
core   0: 3 0x8000951c (0x00ffbb33) x22 0x00000000
core   0: 0x80009520 (0xc87d7d13) andi    s10, s10, -889
core   0: 3 0x80009520 (0xc87d7d13) x26 0x05339000
core   0: 0x80009524 (0x01b19d13) slli    s10, gp, 27
core   0: 3 0x80009524 (0x01b19d13) x26 0x00000000
core   0: 0x80009528 (0x00069e13) slli    t3, a3, 0
core   0: 3 0x80009528 (0x00069e13) x28 0x00000001
core   0: 0x8000952c (0x3cc69d37) lui     s10, 0x3cc69
core   0: 3 0x8000952c (0x3cc69d37) x26 0x3cc69000
core   0: 0x80009530 (0x01a50533) add     a0, a0, s10
core   0: 3 0x80009530 (0x01a50533) x10 0x3cc69000
core   0: 0x80009534 (0xc6886593) ori     a1, a6, -920
core   0: 3 0x80009534 (0xc6886593) x11 0xfffffc68
core   0: 0x80009538 (0x437cb993) sltiu   s3, s9, 1079
core   0: 3 0x80009538 (0x437cb993) x19 0x00000000
core   0: 0x8000953c (0x89ca4617) auipc   a2, 0x89ca4
core   0: 3 0x8000953c (0x89ca4617) x12 0x09cad53c
core   0: 0x80009540 (0x64c8fd37) lui     s10, 0x64c8f
core   0: 3 0x80009540 (0x64c8fd37) x26 0x64c8f000
core   0: 0x80009544 (0x016e74b3) and     s1, t3, s6
core   0: 3 0x80009544 (0x016e74b3) x 9 0x00000000
core   0: 0x80009548 (0x00000013) nop
core   0: 3 0x80009548 (0x00000013)
core   0: 0x8000954c (0x88942293) slti    t0, s0, -1911
core   0: 3 0x8000954c (0x88942293) x 5 0x00000001
core   0: 0x80009550 (0x0041f633) and     a2, gp, tp
core   0: 3 0x80009550 (0x0041f633) x12 0x00000000
core   0: 0x80009554 (0x012ca233) slt     tp, s9, s2
core   0: 3 0x80009554 (0x012ca233) x 4 0x00000001
core   0: 0x80009558 (0x2fb44d13) xori    s10, s0, 763
core   0: 3 0x80009558 (0x2fb44d13) x26 0x80010c9f
core   0: 0x8000955c (0x00c3e0b3) or      ra, t2, a2
core   0: 3 0x8000955c (0x00c3e0b3) x 1 0x00000001
core   0: 0x80009560 (0x43d28493) addi    s1, t0, 1085
core   0: 3 0x80009560 (0x43d28493) x 9 0x0000043e
core   0: 0x80009564 (0x6c15c5b7) lui     a1, 0x6c15c
core   0: 3 0x80009564 (0x6c15c5b7) x11 0x6c15c000
core   0: 0x80009568 (0x59ab9697) auipc   a3, 0x59ab9
core   0: 3 0x80009568 (0x59ab9697) x13 0xd9ac2568
core   0: 0x8000956c (0x006c5333) srl     t1, s8, t1
core   0: 3 0x8000956c (0x006c5333) x 6 0x00000000
core   0: 0x80009570 (0x408b86b3) sub     a3, s7, s0
core   0: 3 0x80009570 (0x408b86b3) x13 0x7ffef19c
core   0: 0x80009574 (0xdf5dae17) auipc   t3, 0xdf5da
core   0: 3 0x80009574 (0xdf5dae17) x28 0x5f5e3574
core   0: 0x80009578 (0x00476b33) or      s6, a4, tp
core   0: 3 0x80009578 (0x00476b33) x22 0xfffffc17
core   0: 0x8000957c (0x00411313) slli    t1, sp, 4
core   0: 3 0x8000957c (0x00411313) x 6 0x00000000
core   0: 0x80009580 (0x75929317) auipc   t1, 0x75929
core   0: 3 0x80009580 (0x75929317) x 6 0xf5932580
core   0: 0x80009584 (0x685de193) ori     gp, s11, 1669
core   0: 3 0x80009584 (0x685de193) x 3 0xffffffd5
core   0: 0x80009588 (0x41635493) srai    s1, t1, 22
core   0: 3 0x80009588 (0x41635493) x 9 0xffffffd6
core   0: 0x8000958c (0x01889db3) sll     s11, a7, s8
core   0: 3 0x8000958c (0x01889db3) x27 0x75fdc000
core   0: 0x80009590 (0x00cd96b3) sll     a3, s11, a2
core   0: 3 0x80009590 (0x00cd96b3) x13 0x75fdc000
core   0: 0x80009594 (0x00873533) sltu    a0, a4, s0
core   0: 3 0x80009594 (0x00873533) x10 0x00000000
core   0: 0x80009598 (0x00f30733) add     a4, t1, a5
core   0: 3 0x80009598 (0x00f30733) x14 0xf5932581
core   0: 0x8000959c (0x61ac6393) ori     t2, s8, 1562
core   0: 3 0x8000959c (0x61ac6393) x 7 0x0000061b
core   0: 0x800095a0 (0x01aeefb3) or      t6, t4, s10
core   0: 3 0x800095a0 (0x01aeefb3) x31 0x80010c9f
core   0: 0x800095a4 (0x001e2bb3) slt     s7, t3, ra
core   0: 3 0x800095a4 (0x001e2bb3) x23 0x00000000
core   0: 0x800095a8 (0x0742f493) andi    s1, t0, 116
core   0: 3 0x800095a8 (0x0742f493) x 9 0x00000000
core   0: 0x800095ac (0x002761b3) or      gp, a4, sp
core   0: 3 0x800095ac (0x002761b3) x 3 0xf5932581
core   0: 0x800095b0 (0x84a547b7) lui     a5, 0x84a54
core   0: 3 0x800095b0 (0x84a547b7) x15 0x84a54000
core   0: 0x800095b4 (0x00d5f933) and     s2, a1, a3
core   0: 3 0x800095b4 (0x00d5f933) x18 0x6415c000
core   0: 0x800095b8 (0x00106833) or      a6, zero, ra
core   0: 3 0x800095b8 (0x00106833) x16 0x00000001
core   0: 0x800095bc (0x40c5dd93) srai    s11, a1, 12
core   0: 3 0x800095bc (0x40c5dd93) x27 0x0006c15c
core   0: 0x800095c0 (0xe0f6e493) ori     s1, a3, -497
core   0: 3 0x800095c0 (0xe0f6e493) x 9 0xfffffe0f
core   0: 0x800095c4 (0x015fc233) xor     tp, t6, s5
core   0: 3 0x800095c4 (0x015fc233) x 4 0x80010c9f
core   0: 0x800095c8 (0x0be58193) addi    gp, a1, 190
core   0: 3 0x800095c8 (0x0be58193) x 3 0x6c15c0be
core   0: 0x800095cc (0xaee02d13) slti    s10, zero, -1298
core   0: 3 0x800095cc (0xaee02d13) x26 0x00000000
core   0: 0x800095d0 (0x41f25d13) srai    s10, tp, 31
core   0: 3 0x800095d0 (0x41f25d13) x26 0xffffffff
core   0: 0x800095d4 (0x00d15813) srli    a6, sp, 13
core   0: 3 0x800095d4 (0x00d15813) x16 0x00000000
core   0: 0x800095d8 (0x00c3e7b3) or      a5, t2, a2
core   0: 3 0x800095d8 (0x00c3e7b3) x15 0x0000061b
core   0: 0x800095dc (0xe65ec193) xori    gp, t4, -411
core   0: 3 0x800095dc (0xe65ec193) x 3 0x7ffffe65
core   0: 0x800095e0 (0x007e9fb3) sll     t6, t4, t2
core   0: 3 0x800095e0 (0x007e9fb3) x31 0x00000000
core   0: 0x800095e4 (0xfda70893) addi    a7, a4, -38
core   0: 3 0x800095e4 (0xfda70893) x17 0xf593255b
core   0: 0x800095e8 (0xe665f113) andi    sp, a1, -410
core   0: 3 0x800095e8 (0xe665f113) x 2 0x6c15c000
core   0: 0x800095ec (0x001a17b3) sll     a5, s4, ra
core   0: 3 0x800095ec (0x001a17b3) x15 0x000009ca
core   0: 0x800095f0 (0xaf380593) addi    a1, a6, -1293
core   0: 3 0x800095f0 (0xaf380593) x11 0xfffffaf3
core   0: 0x800095f4 (0x40b95733) sra     a4, s2, a1
core   0: 3 0x800095f4 (0x40b95733) x14 0x00000c82
core   0: 0x800095f8 (0x99d50a13) addi    s4, a0, -1635
core   0: 3 0x800095f8 (0x99d50a13) x20 0xfffff99d
core   0: 0x800095fc (0x017c8e33) add     t3, s9, s7
core   0: 3 0x800095fc (0x017c8e33) x28 0x80014ce4
core   0: 0x80009600 (0x00205c33) srl     s8, zero, sp
core   0: 3 0x80009600 (0x00205c33) x24 0x00000000
core   0: 0x80009604 (0x411c5ab3) sra     s5, s8, a7
core   0: 3 0x80009604 (0x411c5ab3) x21 0x00000000
core   0: 0x80009608 (0x00dfd913) srli    s2, t6, 13
core   0: 3 0x80009608 (0x00dfd913) x18 0x00000000
core   0: 0x8000960c (0x01b417b3) sll     a5, s0, s11
core   0: 3 0x8000960c (0x01b417b3) x15 0x40000000
core   0: 0x80009610 (0x41455993) srai    s3, a0, 20
core   0: 3 0x80009610 (0x41455993) x19 0x00000000
core   0: 0x80009614 (0xc1b6ff13) andi    t5, a3, -997
core   0: 3 0x80009614 (0xc1b6ff13) x30 0x75fdc000
core   0: 0x80009618 (0x4076d113) srai    sp, a3, 7
core   0: 3 0x80009618 (0x4076d113) x 2 0x00ebfb80
core   0: 0x8000961c (0xbdbf1a37) lui     s4, 0xbdbf1
core   0: 3 0x8000961c (0xbdbf1a37) x20 0xbdbf1000
core   0: 0x80009620 (0x00faeab3) or      s5, s5, a5
core   0: 3 0x80009620 (0x00faeab3) x21 0x40000000
core   0: 0x80009624 (0x00000013) nop
core   0: 3 0x80009624 (0x00000013)
core   0: 0x80009628 (0x4c4d3c13) sltiu   s8, s10, 1220
core   0: 3 0x80009628 (0x4c4d3c13) x24 0x00000000
core   0: 0x8000962c (0xfe35f213) andi    tp, a1, -29
core   0: 3 0x8000962c (0xfe35f213) x 4 0xfffffae3
core   0: 0x80009630 (0x01905c33) srl     s8, zero, s9
core   0: 3 0x80009630 (0x01905c33) x24 0x00000000
core   0: 0x80009634 (0x0146f4b3) and     s1, a3, s4
core   0: 3 0x80009634 (0x0146f4b3) x 9 0x35bd0000
core   0: 0x80009638 (0x00f24f33) xor     t5, tp, a5
core   0: 3 0x80009638 (0x00f24f33) x30 0xbffffae3
core   0: 0x8000963c (0x009d1613) slli    a2, s10, 9
core   0: 3 0x8000963c (0x009d1613) x12 0xfffffe00
core   0: 0x80009640 (0x40fc5893) srai    a7, s8, 15
core   0: 3 0x80009640 (0x40fc5893) x17 0x00000000
core   0: 0x80009644 (0x475eb837) lui     a6, 0x475eb
core   0: 3 0x80009644 (0x475eb837) x16 0x475eb000
core   0: 0x80009648 (0x010ca8b3) slt     a7, s9, a6
core   0: 3 0x80009648 (0x010ca8b3) x17 0x00000001
core   0: 0x8000964c (0xe3577713) andi    a4, a4, -459
core   0: 3 0x8000964c (0xe3577713) x14 0x00000c00
core   0: 0x80009650 (0x403ad593) srai    a1, s5, 3
core   0: 3 0x80009650 (0x403ad593) x11 0x08000000
core   0: 0x80009654 (0x00000013) nop
core   0: 3 0x80009654 (0x00000013)
core   0: 0x80009658 (0x012433b3) sltu    t2, s0, s2
core   0: 3 0x80009658 (0x012433b3) x 7 0x00000000
core   0: 0x8000965c (0x00895893) srli    a7, s2, 8
core   0: 3 0x8000965c (0x00895893) x17 0x00000000
core   0: 0x80009660 (0x2ef44513) xori    a0, s0, 751
core   0: 3 0x80009660 (0x2ef44513) x10 0x80010c8b
core   0: 0x80009664 (0x77fef3b7) lui     t2, 0x77fef
core   0: 3 0x80009664 (0x77fef3b7) x 7 0x77fef000
core   0: 0x80009668 (0x00d237b3) sltu    a5, tp, a3
core   0: 3 0x80009668 (0x00d237b3) x15 0x00000000
core   0: 0x8000966c (0xfac37493) andi    s1, t1, -84
core   0: 3 0x8000966c (0xfac37493) x 9 0xf5932580
core   0: 0x80009670 (0xb2530b13) addi    s6, t1, -1243
core   0: 3 0x80009670 (0xb2530b13) x22 0xf59320a5
core   0: 0x80009674 (0x0084ca33) xor     s4, s1, s0
core   0: 3 0x80009674 (0x0084ca33) x20 0x75922be4
core   0: 0x80009678 (0x01d15133) srl     sp, sp, t4
core   0: 3 0x80009678 (0x01d15133) x 2 0x00ebfb80
core   0: 0x8000967c (0x019a3d33) sltu    s10, s4, s9
core   0: 3 0x8000967c (0x019a3d33) x26 0x00000001
core   0: 0x80009680 (0xc49e0797) auipc   a5, 0xc49e0
core   0: 3 0x80009680 (0xc49e0797) x15 0x449e9680
core   0: 0x80009684 (0x00105093) srli    ra, zero, 1
core   0: 3 0x80009684 (0x00105093) x 1 0x00000000
core   0: 0x80009688 (0x41cc0d33) sub     s10, s8, t3
core   0: 3 0x80009688 (0x41cc0d33) x26 0x7ffeb31c
core   0: 0x8000968c (0xb19fa713) slti    a4, t6, -1255
core   0: 3 0x8000968c (0xb19fa713) x14 0x00000000
core   0: 0x80009690 (0x000d1893) slli    a7, s10, 0
core   0: 3 0x80009690 (0x000d1893) x17 0x7ffeb31c
core   0: 0x80009694 (0x5198fd13) andi    s10, a7, 1305
core   0: 3 0x80009694 (0x5198fd13) x26 0x00000118
core   0: 0x80009698 (0x013277b3) and     a5, tp, s3
core   0: 3 0x80009698 (0x013277b3) x15 0x00000000
core   0: 0x8000969c (0x00a8b333) sltu    t1, a7, a0
core   0: 3 0x8000969c (0x00a8b333) x 6 0x00000001
core   0: 0x800096a0 (0x00143333) sltu    t1, s0, ra
core   0: 3 0x800096a0 (0x00143333) x 6 0x00000000
core   0: 0x800096a4 (0x002c5733) srl     a4, s8, sp
core   0: 3 0x800096a4 (0x002c5733) x14 0x00000000
core   0: 0x800096a8 (0x01c9b733) sltu    a4, s3, t3
core   0: 3 0x800096a8 (0x01c9b733) x14 0x00000001
core   0: 0x800096ac (0x87497e13) andi    t3, s2, -1932
core   0: 3 0x800096ac (0x87497e13) x28 0x00000000
core   0: 0x800096b0 (0x01289893) slli    a7, a7, 18
core   0: 3 0x800096b0 (0x01289893) x17 0xcc700000
core   0: 0x800096b4 (0x41f9d1b3) sra     gp, s3, t6
core   0: 3 0x800096b4 (0x41f9d1b3) x 3 0x00000000
core   0: 0x800096b8 (0x45b66f93) ori     t6, a2, 1115
core   0: 3 0x800096b8 (0x45b66f93) x31 0xfffffe5b
core   0: 0x800096bc (0xc3c4bc13) sltiu   s8, s1, -964
core   0: 3 0x800096bc (0xc3c4bc13) x24 0x00000001
core   0: 0x800096c0 (0x13f20193) addi    gp, tp, 319
core   0: 3 0x800096c0 (0x13f20193) x 3 0xfffffc22
core   0: 0x800096c4 (0x1d602213) slti    tp, zero, 470
core   0: 3 0x800096c4 (0x1d602213) x 4 0x00000001
core   0: 0x800096c8 (0x012e4633) xor     a2, t3, s2
core   0: 3 0x800096c8 (0x012e4633) x12 0x00000000
core   0: 0x800096cc (0x41c38c33) sub     s8, t2, t3
core   0: 3 0x800096cc (0x41c38c33) x24 0x77fef000
core   0: 0x800096d0 (0x00d2e033) or      zero, t0, a3
core   0: 3 0x800096d0 (0x00d2e033)
core   0: 0x800096d4 (0x00c9c3b3) xor     t2, s3, a2
core   0: 3 0x800096d4 (0x00c9c3b3) x 7 0x00000000
core   0: 0x800096d8 (0x27ce6913) ori     s2, t3, 636
core   0: 3 0x800096d8 (0x27ce6913) x18 0x0000027c
core   0: 0x800096dc (0x006f9f13) slli    t5, t6, 6
core   0: 3 0x800096dc (0x006f9f13) x30 0xffff96c0
core   0: 0x800096e0 (0x00dd31b3) sltu    gp, s10, a3
core   0: 3 0x800096e0 (0x00dd31b3) x 3 0x00000001
core   0: 0x800096e4 (0x01b8d093) srli    ra, a7, 27
core   0: 3 0x800096e4 (0x01b8d093) x 1 0x00000019
core   0: 0x800096e8 (0x4d8a6093) ori     ra, s4, 1240
core   0: 3 0x800096e8 (0x4d8a6093) x 1 0x75922ffc
core   0: 0x800096ec (0x01b48133) add     sp, s1, s11
core   0: 3 0x800096ec (0x01b48133) x 2 0xf599e6dc
core   0: 0x800096f0 (0x011a1293) slli    t0, s4, 17
core   0: 3 0x800096f0 (0x011a1293) x 5 0x57c80000
core   0: 0x800096f4 (0x0192d293) srli    t0, t0, 25
core   0: 3 0x800096f4 (0x0192d293) x 5 0x0000002b
core   0: 0x800096f8 (0x00a97fb3) and     t6, s2, a0
core   0: 3 0x800096f8 (0x00a97fb3) x31 0x00000008
core   0: 0x800096fc (0x740f4213) xori    tp, t5, 1856
core   0: 3 0x800096fc (0x740f4213) x 4 0xffff9180
core   0: 0x80009700 (0x00000013) nop
core   0: 3 0x80009700 (0x00000013)
core   0: 0x80009704 (0x01265733) srl     a4, a2, s2
core   0: 3 0x80009704 (0x01265733) x14 0x00000000
core   0: 0x80009708 (0x41e35993) srai    s3, t1, 30
core   0: 3 0x80009708 (0x41e35993) x19 0x00000000
core   0: 0x8000970c (0x00000013) nop
core   0: 3 0x8000970c (0x00000013)
core   0: 0x80009710 (0x017ccb33) xor     s6, s9, s7
core   0: 3 0x80009710 (0x017ccb33) x22 0x80014ce4
core   0: 0x80009714 (0x40250e33) sub     t3, a0, sp
core   0: 3 0x80009714 (0x40250e33) x28 0x8a6725af
core   0: 0x80009718 (0x017ebab3) sltu    s5, t4, s7
core   0: 3 0x80009718 (0x017ebab3) x21 0x00000000
core   0: 0x8000971c (0x010aa3b3) slt     t2, s5, a6
core   0: 3 0x8000971c (0x010aa3b3) x 7 0x00000001
core   0: 0x80009720 (0x8a1c0393) addi    t2, s8, -1887
core   0: 3 0x80009720 (0x8a1c0393) x 7 0x77fee8a1
core   0: 0x80009724 (0x93cf4137) lui     sp, 0x93cf4
core   0: 3 0x80009724 (0x93cf4137) x 2 0x93cf4000
core   0: 0x80009728 (0x55142013) slti    zero, s0, 1361
core   0: 3 0x80009728 (0x55142013)
core   0: 0x8000972c (0x004ead33) slt     s10, t4, tp
core   0: 3 0x8000972c (0x004ead33) x26 0x00000001
core   0: 0x80009730 (0x006f8733) add     a4, t6, t1
core   0: 3 0x80009730 (0x006f8733) x14 0x00000008
core   0: 0x80009734 (0xf4533993) sltiu   s3, t1, -187
core   0: 3 0x80009734 (0xf4533993) x19 0x00000001
core   0: 0x80009738 (0x00af84b3) add     s1, t6, a0
core   0: 3 0x80009738 (0x00af84b3) x 9 0x80010c93
core   0: 0x8000973c (0x0f493717) auipc   a4, 0xf493
core   0: 3 0x8000973c (0x0f493717) x14 0x8f49c73c
core   0: 0x80009740 (0x015bdd93) srli    s11, s7, 21
core   0: 3 0x80009740 (0x015bdd93) x27 0x00000000
core   0: 0x80009744 (0xfc0cab93) slti    s7, s9, -64
core   0: 3 0x80009744 (0xfc0cab93) x23 0x00000001
core   0: 0x80009748 (0x0e079197) auipc   gp, 0xe079
core   0: 3 0x80009748 (0x0e079197) x 3 0x8e082748
core   0: 0x8000974c (0xef9524b7) lui     s1, 0xef952
core   0: 3 0x8000974c (0xef9524b7) x 9 0xef952000
core   0: 0x80009750 (0x41df5493) srai    s1, t5, 29
core   0: 3 0x80009750 (0x41df5493) x 9 0xffffffff
core   0: 0x80009754 (0x000d46b3) xor     a3, s10, zero
core   0: 3 0x80009754 (0x000d46b3) x13 0x00000001
core   0: 0x80009758 (0x978ff693) andi    a3, t6, -1672
core   0: 3 0x80009758 (0x978ff693) x13 0x00000008
core   0: 0x8000975c (0x00000013) nop
core   0: 3 0x8000975c (0x00000013)
core   0: 0x80009760 (0x494e2f17) auipc   t5, 0x494e2
core   0: 3 0x80009760 (0x494e2f17) x30 0xc94eb760
core   0: 0x80009764 (0xc9d9f493) andi    s1, s3, -867
core   0: 3 0x80009764 (0xc9d9f493) x 9 0x00000001
core   0: 0x80009768 (0x002e4933) xor     s2, t3, sp
core   0: 3 0x80009768 (0x002e4933) x18 0x19a865af
core   0: 0x8000976c (0x00000013) nop
core   0: 3 0x8000976c (0x00000013)
core   0: 0x80009770 (0x00f8c4b3) xor     s1, a7, a5
core   0: 3 0x80009770 (0x00f8c4b3) x 9 0xcc700000
core   0: 0x80009774 (0x008fa7b3) slt     a5, t6, s0
core   0: 3 0x80009774 (0x008fa7b3) x15 0x00000000
core   0: 0x80009778 (0x6fef3013) sltiu   zero, t5, 1790
core   0: 3 0x80009778 (0x6fef3013)
core   0: 0x8000977c (0x5d463493) sltiu   s1, a2, 1492
core   0: 3 0x8000977c (0x5d463493) x 9 0x00000001
core   0: 0x80009780 (0x00f4cc33) xor     s8, s1, a5
core   0: 3 0x80009780 (0x00f4cc33) x24 0x00000001
core   0: 0x80009784 (0x0141b3b3) sltu    t2, gp, s4
core   0: 3 0x80009784 (0x0141b3b3) x 7 0x00000000
core   0: 0x80009788 (0x0044df93) srli    t6, s1, 4
core   0: 3 0x80009788 (0x0044df93) x31 0x00000000
core   0: 0x8000978c (0x015887b3) add     a5, a7, s5
core   0: 3 0x8000978c (0x015887b3) x15 0xcc700000
core   0: 0x80009790 (0x4661c5b7) lui     a1, 0x4661c
core   0: 3 0x80009790 (0x4661c5b7) x11 0x4661c000
core   0: 0x80009794 (0x9f880137) lui     sp, 0x9f880
core   0: 3 0x80009794 (0x9f880137) x 2 0x9f880000
core   0: 0x80009798 (0x89f14513) xori    a0, sp, -1889
core   0: 3 0x80009798 (0x89f14513) x10 0x6077f89f
core   0: 0x8000979c (0x00000013) nop
core   0: 3 0x8000979c (0x00000013)
core   0: 0x800097a0 (0x406987b3) sub     a5, s3, t1
core   0: 3 0x800097a0 (0x406987b3) x15 0x00000001
core   0: 0x800097a4 (0x0103ff33) and     t5, t2, a6
core   0: 3 0x800097a4 (0x0103ff33) x30 0x00000000
core   0: 0x800097a8 (0x007dd833) srl     a6, s11, t2
core   0: 3 0x800097a8 (0x007dd833) x16 0x00000000
core   0: 0x800097ac (0x017ea6b3) slt     a3, t4, s7
core   0: 3 0x800097ac (0x017ea6b3) x13 0x00000001
core   0: 0x800097b0 (0x00d7dc13) srli    s8, a5, 13
core   0: 3 0x800097b0 (0x00d7dc13) x24 0x00000000
core   0: 0x800097b4 (0x85084f93) xori    t6, a6, -1968
core   0: 3 0x800097b4 (0x85084f93) x31 0xfffff850
core   0: 0x800097b8 (0x006238b3) sltu    a7, tp, t1
core   0: 3 0x800097b8 (0x006238b3) x17 0x00000000
core   0: 0x800097bc (0xfda6c293) xori    t0, a3, -38
core   0: 3 0x800097bc (0xfda6c293) x 5 0xffffffdb
core   0: 0x800097c0 (0xe023b613) sltiu   a2, t2, -510
core   0: 3 0x800097c0 (0xe023b613) x12 0x00000001
core   0: 0x800097c4 (0x013e5093) srli    ra, t3, 19
core   0: 3 0x800097c4 (0x013e5093) x 1 0x0000114c
core   0: 0x800097c8 (0x0132ffb3) and     t6, t0, s3
core   0: 3 0x800097c8 (0x0132ffb3) x31 0x00000001
core   0: 0x800097cc (0x00abdf93) srli    t6, s7, 10
core   0: 3 0x800097cc (0x00abdf93) x31 0x00000000
core   0: 0x800097d0 (0x007dad33) slt     s10, s11, t2
core   0: 3 0x800097d0 (0x007dad33) x26 0x00000000
core   0: 0x800097d4 (0x00479b33) sll     s6, a5, tp
core   0: 3 0x800097d4 (0x00479b33) x22 0x00000001
core   0: 0x800097d8 (0x41a40f33) sub     t5, s0, s10
core   0: 3 0x800097d8 (0x41a40f33) x30 0x80010e64
core   0: 0x800097dc (0x00ea6c33) or      s8, s4, a4
core   0: 3 0x800097dc (0x00ea6c33) x24 0xffdbeffc
core   0: 0x800097e0 (0xc2de9b37) lui     s6, 0xc2de9
core   0: 3 0x800097e0 (0xc2de9b37) x22 0xc2de9000
core   0: 0x800097e4 (0x001767b3) or      a5, a4, ra
core   0: 3 0x800097e4 (0x001767b3) x15 0x8f49d77c
core   0: 0x800097e8 (0x01949713) slli    a4, s1, 25
core   0: 3 0x800097e8 (0x01949713) x14 0x02000000
core   0: 0x800097ec (0x004683b3) add     t2, a3, tp
core   0: 3 0x800097ec (0x004683b3) x 7 0xffff9181
core   0: 0x800097f0 (0xd8e0fa93) andi    s5, ra, -626
core   0: 3 0x800097f0 (0xd8e0fa93) x21 0x0000110c
core   0: 0x800097f4 (0xd9af2513) slti    a0, t5, -614
core   0: 3 0x800097f4 (0xd9af2513) x10 0x00000001
core   0: 0x800097f8 (0x01512733) slt     a4, sp, s5
core   0: 3 0x800097f8 (0x01512733) x14 0x00000001
core   0: 0x800097fc (0x016edab3) srl     s5, t4, s6
core   0: 3 0x800097fc (0x016edab3) x21 0x80000000
core   0: 0x80009800 (0x00bbbc33) sltu    s8, s7, a1
core   0: 3 0x80009800 (0x00bbbc33) x24 0x00000001
core   0: 0x80009804 (0x000c9333) sll     t1, s9, zero
core   0: 3 0x80009804 (0x000c9333) x 6 0x80014ce4
core   0: 0x80009808 (0xc0066d93) ori     s11, a2, -1024
core   0: 3 0x80009808 (0xc0066d93) x27 0xfffffc01
core   0: 0x8000980c (0x000c6333) or      t1, s8, zero
core   0: 3 0x8000980c (0x000c6333) x 6 0x00000001
core   0: 0x80009810 (0x25918813) addi    a6, gp, 601
core   0: 3 0x80009810 (0x25918813) x16 0x8e0829a1
core   0: 0x80009814 (0x0aaa7813) andi    a6, s4, 170
core   0: 3 0x80009814 (0x0aaa7813) x16 0x000000a0
core   0: 0x80009818 (0x00892e33) slt     t3, s2, s0
core   0: 3 0x80009818 (0x00892e33) x28 0x00000000
core   0: 0x8000981c (0x409fd6b3) sra     a3, t6, s1
core   0: 3 0x8000981c (0x409fd6b3) x13 0x00000000
core   0: 0x80009820 (0x194e8293) addi    t0, t4, 404
core   0: 3 0x80009820 (0x194e8293) x 5 0x80000194
core   0: 0x80009824 (0x00000013) nop
core   0: 3 0x80009824 (0x00000013)
core   0: 0x80009828 (0x002801b3) add     gp, a6, sp
core   0: 3 0x80009828 (0x002801b3) x 3 0x9f8800a0
core   0: 0x8000982c (0x891d7293) andi    t0, s10, -1903
core   0: 3 0x8000982c (0x891d7293) x 5 0x00000000
core   0: 0x80009830 (0x410350b3) sra     ra, t1, a6
core   0: 3 0x80009830 (0x410350b3) x 1 0x00000001
core   0: 0x80009834 (0x00fedb13) srli    s6, t4, 15
core   0: 3 0x80009834 (0x00fedb13) x22 0x00010000
core   0: 0x80009838 (0x01eb5c13) srli    s8, s6, 30
core   0: 3 0x80009838 (0x01eb5c13) x24 0x00000000
core   0: 0x8000983c (0x414c8c33) sub     s8, s9, s4
core   0: 3 0x8000983c (0x414c8c33) x24 0x0a6f2100
core   0: 0x80009840 (0x00406733) or      a4, zero, tp
core   0: 3 0x80009840 (0x00406733) x14 0xffff9180
core   0: 0x80009844 (0xc2207213) andi    tp, zero, -990
core   0: 3 0x80009844 (0xc2207213) x 4 0x00000000
core   0: 0x80009848 (0x01b75c33) srl     s8, a4, s11
core   0: 3 0x80009848 (0x01b75c33) x24 0x7fffc8c0
core   0: 0x8000984c (0x33d9fa13) andi    s4, s3, 829
core   0: 3 0x8000984c (0x33d9fa13) x20 0x00000001
core   0: 0x80009850 (0x01285693) srli    a3, a6, 18
core   0: 3 0x80009850 (0x01285693) x13 0x00000000
core   0: 0x80009854 (0x0002d0b3) srl     ra, t0, zero
core   0: 3 0x80009854 (0x0002d0b3) x 1 0x00000000
core   0: 0x80009858 (0x00321893) slli    a7, tp, 3
core   0: 3 0x80009858 (0x00321893) x17 0x00000000
core   0: 0x8000985c (0x410f5b93) srai    s7, t5, 16
core   0: 3 0x8000985c (0x410f5b93) x23 0xffff8001
core   0: 0x80009860 (0x00efbbb3) sltu    s7, t6, a4
core   0: 3 0x80009860 (0x00efbbb3) x23 0x00000001
core   0: 0x80009864 (0x009075b3) and     a1, zero, s1
core   0: 3 0x80009864 (0x009075b3) x11 0x00000000
core   0: 0x80009868 (0x019d5993) srli    s3, s10, 25
core   0: 3 0x80009868 (0x019d5993) x19 0x00000000
core   0: 0x8000986c (0x001fd593) srli    a1, t6, 1
core   0: 3 0x8000986c (0x001fd593) x11 0x00000000
core   0: 0x80009870 (0x00529a93) slli    s5, t0, 5
core   0: 3 0x80009870 (0x00529a93) x21 0x00000000
core   0: 0x80009874 (0x80db0013) addi    zero, s6, -2035
core   0: 3 0x80009874 (0x80db0013)
core   0: 0x80009878 (0x2ab57513) andi    a0, a0, 683
core   0: 3 0x80009878 (0x2ab57513) x10 0x00000001
core   0: 0x8000987c (0x6688ca13) xori    s4, a7, 1640
core   0: 3 0x8000987c (0x6688ca13) x20 0x00000668
core   0: 0x80009880 (0x00000013) nop
core   0: 3 0x80009880 (0x00000013)
core   0: 0x80009884 (0x004bebb3) or      s7, s7, tp
core   0: 3 0x80009884 (0x004bebb3) x23 0x00000001
core   0: 0x80009888 (0xe4684c17) auipc   s8, 0xe4684
core   0: 3 0x80009888 (0xe4684c17) x24 0x6468d888
core   0: 0x8000988c (0x00000013) nop
core   0: 3 0x8000988c (0x00000013)
core   0: 0x80009890 (0x011bf6b3) and     a3, s7, a7
core   0: 3 0x80009890 (0x011bf6b3) x13 0x00000000
core   0: 0x80009894 (0x00c9f8b3) and     a7, s3, a2
core   0: 3 0x80009894 (0x00c9f8b3) x17 0x00000000
core   0: 0x80009898 (0x00695d93) srli    s11, s2, 6
core   0: 3 0x80009898 (0x00695d93) x27 0x0066a196
core   0: 0x8000989c (0x0a252f93) slti    t6, a0, 162
core   0: 3 0x8000989c (0x0a252f93) x31 0x00000001
core   0: 0x800098a0 (0x01b82733) slt     a4, a6, s11
core   0: 3 0x800098a0 (0x01b82733) x14 0x00000001
core   0: 0x800098a4 (0x01bc5733) srl     a4, s8, s11
core   0: 3 0x800098a4 (0x01bc5733) x14 0x00000191
core   0: 0x800098a8 (0x0071c533) xor     a0, gp, t2
core   0: 3 0x800098a8 (0x0071c533) x10 0x60779121
core   0: 0x800098ac (0x00000013) nop
core   0: 3 0x800098ac (0x00000013)
core   0: 0x800098b0 (0xda3092b7) lui     t0, 0xda309
core   0: 3 0x800098b0 (0xda3092b7) x 5 0xda309000
core   0: 0x800098b4 (0x979c04b7) lui     s1, 0x979c0
core   0: 3 0x800098b4 (0x979c04b7) x 9 0x979c0000
core   0: 0x800098b8 (0xa9e36993) ori     s3, t1, -1378
core   0: 3 0x800098b8 (0xa9e36993) x19 0xfffffa9f
core   0: 0x800098bc (0x6c966893) ori     a7, a2, 1737
core   0: 3 0x800098bc (0x6c966893) x17 0x000006c9
core   0: 0x800098c0 (0xd52ae693) ori     a3, s5, -686
core   0: 3 0x800098c0 (0xd52ae693) x13 0xfffffd52
core   0: 0x800098c4 (0x0020de13) srli    t3, ra, 2
core   0: 3 0x800098c4 (0x0020de13) x28 0x00000000
core   0: 0x800098c8 (0x018db2b3) sltu    t0, s11, s8
core   0: 3 0x800098c8 (0x018db2b3) x 5 0x00000001
core   0: 0x800098cc (0xf8ba3393) sltiu   t2, s4, -117
core   0: 3 0x800098cc (0xf8ba3393) x 7 0x00000001
core   0: 0x800098d0 (0x00eaa6b3) slt     a3, s5, a4
core   0: 3 0x800098d0 (0x00eaa6b3) x13 0x00000001
core   0: 0x800098d4 (0x00000013) nop
core   0: 3 0x800098d4 (0x00000013)
core   0: 0x800098d8 (0xc8256a13) ori     s4, a0, -894
core   0: 3 0x800098d8 (0xc8256a13) x20 0xfffffda3
core   0: 0x800098dc (0x005891b3) sll     gp, a7, t0
core   0: 3 0x800098dc (0x005891b3) x 3 0x00000d92
core   0: 0x800098e0 (0x40d2d133) sra     sp, t0, a3
core   0: 3 0x800098e0 (0x40d2d133) x 2 0x00000000
core   0: 0x800098e4 (0x40585a93) srai    s5, a6, 5
core   0: 3 0x800098e4 (0x40585a93) x21 0x00000005
core   0: 0x800098e8 (0x01f29133) sll     sp, t0, t6
core   0: 3 0x800098e8 (0x01f29133) x 2 0x00000002
core   0: 0x800098ec (0x01f7eb33) or      s6, a5, t6
core   0: 3 0x800098ec (0x01f7eb33) x22 0x8f49d77d
core   0: 0x800098f0 (0x018c4333) xor     t1, s8, s8
core   0: 3 0x800098f0 (0x018c4333) x 6 0x00000000
core   0: 0x800098f4 (0x4025ddb3) sra     s11, a1, sp
core   0: 3 0x800098f4 (0x4025ddb3) x27 0x00000000
core   0: 0x800098f8 (0x00000013) nop
core   0: 3 0x800098f8 (0x00000013)
core   0: 0x800098fc (0xd5a54f93) xori    t6, a0, -678
core   0: 3 0x800098fc (0xd5a54f93) x31 0x9f886c7b
core   0: 0x80009900 (0xb0884d93) xori    s11, a6, -1272
core   0: 3 0x80009900 (0xb0884d93) x27 0xfffffba8
core   0: 0x80009904 (0x01365993) srli    s3, a2, 19
core   0: 3 0x80009904 (0x01365993) x19 0x00000000
core   0: 0x80009908 (0x01fa3d33) sltu    s10, s4, t6
core   0: 3 0x80009908 (0x01fa3d33) x26 0x00000000
core   0: 0x8000990c (0x778e2e13) slti    t3, t3, 1912
core   0: 3 0x8000990c (0x778e2e13) x28 0x00000001
core   0: 0x80009910 (0x010cf033) and     zero, s9, a6
core   0: 3 0x80009910 (0x010cf033)
core   0: 0x80009914 (0x42400a13) li      s4, 1060
core   0: 3 0x80009914 (0x42400a13) x20 0x00000424
core   0: 0x80009918 (0x41ebdf33) sra     t5, s7, t5
core   0: 3 0x80009918 (0x41ebdf33) x30 0x00000000
core   0: 0x8000991c (0x40d05133) sra     sp, zero, a3
core   0: 3 0x8000991c (0x40d05133) x 2 0x00000000
core   0: 0x80009920 (0x01718233) add     tp, gp, s7
core   0: 3 0x80009920 (0x01718233) x 4 0x00000d93
core   0: 0x80009924 (0x00821c33) sll     s8, tp, s0
core   0: 3 0x80009924 (0x00821c33) x24 0x0000d930
core   0: 0x80009928 (0x01612a33) slt     s4, sp, s6
core   0: 3 0x80009928 (0x01612a33) x20 0x00000000
core   0: 0x8000992c (0x41f6dd33) sra     s10, a3, t6
core   0: 3 0x8000992c (0x41f6dd33) x26 0x00000000
core   0: 0x80009930 (0xfd1d0b13) addi    s6, s10, -47
core   0: 3 0x80009930 (0xfd1d0b13) x22 0xffffffd1
core   0: 0x80009934 (0x008616b3) sll     a3, a2, s0
core   0: 3 0x80009934 (0x008616b3) x13 0x00000010
core   0: 0x80009938 (0xff214b97) auipc   s7, 0xff214
core   0: 3 0x80009938 (0xff214b97) x23 0x7f21d938
core   0: 0x8000993c (0xf9128937) lui     s2, 0xf9128
core   0: 3 0x8000993c (0xf9128937) x18 0xf9128000
core   0: 0x80009940 (0x00000013) nop
core   0: 3 0x80009940 (0x00000013)
core   0: 0x80009944 (0x2f3bba13) sltiu   s4, s7, 755
core   0: 3 0x80009944 (0x2f3bba13) x20 0x00000000
core   0: 0x80009948 (0x013bfdb3) and     s11, s7, s3
core   0: 3 0x80009948 (0x013bfdb3) x27 0x00000000
core   0: 0x8000994c (0x001488b3) add     a7, s1, ra
core   0: 3 0x8000994c (0x001488b3) x17 0x979c0000
core   0: 0x80009950 (0x002b5993) srli    s3, s6, 2
core   0: 3 0x80009950 (0x002b5993) x19 0x3ffffff4
core   0: 0x80009954 (0x00bd80b3) add     ra, s11, a1
core   0: 3 0x80009954 (0x00bd80b3) x 1 0x00000000
core   0: 0x80009958 (0x01f15f33) srl     t5, sp, t6
core   0: 3 0x80009958 (0x01f15f33) x30 0x00000000
core   0: 0x8000995c (0x3e4fed13) ori     s10, t6, 996
core   0: 3 0x8000995c (0x3e4fed13) x26 0x9f886fff
core   0: 0x80009960 (0x00000013) nop
core   0: 3 0x80009960 (0x00000013)
core   0: 0x80009964 (0x01bd74b3) and     s1, s10, s11
core   0: 3 0x80009964 (0x01bd74b3) x 9 0x00000000
core   0: 0x80009968 (0x1e8be637) lui     a2, 0x1e8be
core   0: 3 0x80009968 (0x1e8be637) x12 0x1e8be000
core   0: 0x8000996c (0x82a04f97) auipc   t6, 0x82a04
core   0: 3 0x8000996c (0x82a04f97) x31 0x02a0d96c
core   0: 0x80009970 (0x0c764193) xori    gp, a2, 199
core   0: 3 0x80009970 (0x0c764193) x 3 0x1e8be0c7
core   0: 0x80009974 (0x00a7d813) srli    a6, a5, 10
core   0: 3 0x80009974 (0x00a7d813) x16 0x0023d275
core   0: 0x80009978 (0x408fdf13) srai    t5, t6, 8
core   0: 3 0x80009978 (0x408fdf13) x30 0x0002a0d9
core   0: 0x8000997c (0x07ea6d93) ori     s11, s4, 126
core   0: 3 0x8000997c (0x07ea6d93) x27 0x0000007e
core   0: 0x80009980 (0x401e8db3) sub     s11, t4, ra
core   0: 3 0x80009980 (0x401e8db3) x27 0x80000000
core   0: 0x80009984 (0x80d6f213) andi    tp, a3, -2035
core   0: 3 0x80009984 (0x80d6f213) x 4 0x00000000
core   0: 0x80009988 (0x00000013) nop
core   0: 3 0x80009988 (0x00000013)
core   0: 0x8000998c (0x00000013) nop
core   0: 3 0x8000998c (0x00000013)
core   0: 0x80009990 (0x003734b3) sltu    s1, a4, gp
core   0: 3 0x80009990 (0x003734b3) x 9 0x00000001
core   0: 0x80009994 (0x0006ebb3) or      s7, a3, zero
core   0: 3 0x80009994 (0x0006ebb3) x23 0x00000010
core   0: 0x80009998 (0x908a0713) addi    a4, s4, -1784
core   0: 3 0x80009998 (0x908a0713) x14 0xfffff908
core   0: 0x8000999c (0x00a30533) add     a0, t1, a0
core   0: 3 0x8000999c (0x00a30533) x10 0x60779121
core   0: 0x800099a0 (0xa5ce2793) slti    a5, t3, -1444
core   0: 3 0x800099a0 (0xa5ce2793) x15 0x00000000
core   0: 0x800099a4 (0x00e16ab3) or      s5, sp, a4
core   0: 3 0x800099a4 (0x00e16ab3) x21 0xfffff908
core   0: 0x800099a8 (0x01a064b3) or      s1, zero, s10
core   0: 3 0x800099a8 (0x01a064b3) x 9 0x9f886fff
core   0: 0x800099ac (0x00fc9ab3) sll     s5, s9, a5
core   0: 3 0x800099ac (0x00fc9ab3) x21 0x80014ce4
core   0: 0x800099b0 (0x00000013) nop
core   0: 3 0x800099b0 (0x00000013)
core   0: 0x800099b4 (0xfd5f6b93) ori     s7, t5, -43
core   0: 3 0x800099b4 (0xfd5f6b93) x23 0xffffffdd
core   0: 0x800099b8 (0x005d1513) slli    a0, s10, 5
core   0: 3 0x800099b8 (0x005d1513) x10 0xf10dffe0
core   0: 0x800099bc (0xa0a88893) addi    a7, a7, -1526
core   0: 3 0x800099bc (0xa0a88893) x17 0x979bfa0a
core   0: 0x800099c0 (0x011f4233) xor     tp, t5, a7
core   0: 3 0x800099c0 (0x011f4233) x 4 0x97995ad3
core   0: 0x800099c4 (0x00c818b3) sll     a7, a6, a2
core   0: 3 0x800099c4 (0x00c818b3) x17 0x0023d275
core   0: 0x800099c8 (0x00000013) nop
core   0: 3 0x800099c8 (0x00000013)
core   0: 0x800099cc (0x011a3b33) sltu    s6, s4, a7
core   0: 3 0x800099cc (0x011a3b33) x22 0x00000001
core   0: 0x800099d0 (0xc4fe4d13) xori    s10, t3, -945
core   0: 3 0x800099d0 (0xc4fe4d13) x26 0xfffffc4e
core   0: 0x800099d4 (0x4661f213) andi    tp, gp, 1126
core   0: 3 0x800099d4 (0x4661f213) x 4 0x00000046
core   0: 0x800099d8 (0x00b25513) srli    a0, tp, 11
core   0: 3 0x800099d8 (0x00b25513) x10 0x00000000
core   0: 0x800099dc (0x9d278313) addi    t1, a5, -1582
core   0: 3 0x800099dc (0x9d278313) x 6 0xfffff9d2
core   0: 0x800099e0 (0x6c90a113) slti    sp, ra, 1737
core   0: 3 0x800099e0 (0x6c90a113) x 2 0x00000001
core   0: 0x800099e4 (0x00d1c233) xor     tp, gp, a3
core   0: 3 0x800099e4 (0x00d1c233) x 4 0x1e8be0d7
core   0: 0x800099e8 (0x00a95633) srl     a2, s2, a0
core   0: 3 0x800099e8 (0x00a95633) x12 0xf9128000
core   0: 0x800099ec (0x183cb713) sltiu   a4, s9, 387
core   0: 3 0x800099ec (0x183cb713) x14 0x00000000
core   0: 0x800099f0 (0x41a0d6b3) sra     a3, ra, s10
core   0: 3 0x800099f0 (0x41a0d6b3) x13 0x00000000
core   0: 0x800099f4 (0x9bcb7d93) andi    s11, s6, -1604
core   0: 3 0x800099f4 (0x9bcb7d93) x27 0x00000000
core   0: 0x800099f8 (0x00499813) slli    a6, s3, 4
core   0: 3 0x800099f8 (0x00499813) x16 0xffffff40
core   0: 0x800099fc (0xa500ea13) ori     s4, ra, -1456
core   0: 3 0x800099fc (0xa500ea13) x20 0xfffffa50
core   0: 0x80009a00 (0xc229a393) slti    t2, s3, -990
core   0: 3 0x80009a00 (0xc229a393) x 7 0x00000000
core   0: 0x80009a04 (0x00bd8533) add     a0, s11, a1
core   0: 3 0x80009a04 (0x00bd8533) x10 0x00000000
core   0: 0x80009a08 (0x41aedab3) sra     s5, t4, s10
core   0: 3 0x80009a08 (0x41aedab3) x21 0xfffe0000
core   0: 0x80009a0c (0x00000013) nop
core   0: 3 0x80009a0c (0x00000013)
core   0: 0x80009a10 (0x418b5833) sra     a6, s6, s8
core   0: 3 0x80009a10 (0x418b5833) x16 0x00000000
core   0: 0x80009a14 (0xdac07693) andi    a3, zero, -596
core   0: 3 0x80009a14 (0xdac07693) x13 0x00000000
core   0: 0x80009a18 (0x00617633) and     a2, sp, t1
core   0: 3 0x80009a18 (0x00617633) x12 0x00000000
core   0: 0x80009a1c (0x01ff43b3) xor     t2, t5, t6
core   0: 3 0x80009a1c (0x01ff43b3) x 7 0x02a279b5
core   0: 0x80009a20 (0x012770b3) and     ra, a4, s2
core   0: 3 0x80009a20 (0x012770b3) x 1 0x00000000
core   0: 0x80009a24 (0x16f83893) sltiu   a7, a6, 367
core   0: 3 0x80009a24 (0x16f83893) x17 0x00000001
core   0: 0x80009a28 (0x00000013) nop
core   0: 3 0x80009a28 (0x00000013)
core   0: 0x80009a2c (0x01d772b3) and     t0, a4, t4
core   0: 3 0x80009a2c (0x01d772b3) x 5 0x00000000
core   0: 0x80009a30 (0xe8e14293) xori    t0, sp, -370
core   0: 3 0x80009a30 (0xe8e14293) x 5 0xfffffe8f
core   0: 0x80009a34 (0x00db4633) xor     a2, s6, a3
core   0: 3 0x80009a34 (0x00db4633) x12 0x00000001
core   0: 0x80009a38 (0x260e4c13) xori    s8, t3, 608
core   0: 3 0x80009a38 (0x260e4c13) x24 0x00000261
core   0: 0x80009a3c (0x418408b3) sub     a7, s0, s8
core   0: 3 0x80009a3c (0x418408b3) x17 0x80010c03
core   0: 0x80009a40 (0x01b28e33) add     t3, t0, s11
core   0: 3 0x80009a40 (0x01b28e33) x28 0xfffffe8f
core   0: 0x80009a44 (0x00169833) sll     a6, a3, ra
core   0: 3 0x80009a44 (0x00169833) x16 0x00000000
core   0: 0x80009a48 (0x001a5833) srl     a6, s4, ra
core   0: 3 0x80009a48 (0x001a5833) x16 0xfffffa50
core   0: 0x80009a4c (0x01c0d013) srli    zero, ra, 28
core   0: 3 0x80009a4c (0x01c0d013)
core   0: 0x80009a50 (0x917a3d93) sltiu   s11, s4, -1769
core   0: 3 0x80009a50 (0x917a3d93) x27 0x00000000
core   0: 0x80009a54 (0x7796e013) ori     zero, a3, 1913
core   0: 3 0x80009a54 (0x7796e013)
core   0: 0x80009a58 (0x401ad613) srai    a2, s5, 1
core   0: 3 0x80009a58 (0x401ad613) x12 0xffff0000
core   0: 0x80009a5c (0x412003b3) sub     t2, zero, s2
core   0: 3 0x80009a5c (0x412003b3) x 7 0x06ed8000
core   0: 0x80009a60 (0xd494a193) slti    gp, s1, -695
core   0: 3 0x80009a60 (0xd494a193) x 3 0x00000001
core   0: 0x80009a64 (0x00000013) nop
core   0: 3 0x80009a64 (0x00000013)
core   0: 0x80009a68 (0x884c8313) addi    t1, s9, -1916
core   0: 3 0x80009a68 (0x884c8313) x 6 0x80014568
core   0: 0x80009a6c (0x419bd593) srai    a1, s7, 25
core   0: 3 0x80009a6c (0x419bd593) x11 0xffffffff
core   0: 0x80009a70 (0x93bd0513) addi    a0, s10, -1733
core   0: 3 0x80009a70 (0x93bd0513) x10 0xfffff589
core   0: 0x80009a74 (0x0068e6b3) or      a3, a7, t1
core   0: 3 0x80009a74 (0x0068e6b3) x13 0x80014d6b
core   0: 0x80009a78 (0xad00f093) andi    ra, ra, -1328
core   0: 3 0x80009a78 (0xad00f093) x 1 0x00000000
core   0: 0x80009a7c (0x60da0517) auipc   a0, 0x60da0
core   0: 3 0x80009a7c (0x60da0517) x10 0xe0da9a7c
core   0: 0x80009a80 (0x000813b3) sll     t2, a6, zero
core   0: 3 0x80009a80 (0x000813b3) x 7 0xfffffa50
core   0: 0x80009a84 (0x6d05cd13) xori    s10, a1, 1744
core   0: 3 0x80009a84 (0x6d05cd13) x26 0xfffff92f
core   0: 0x80009a88 (0x41476613) ori     a2, a4, 1044
core   0: 3 0x80009a88 (0x41476613) x12 0x00000414
core   0: 0x80009a8c (0x9df8c913) xori    s2, a7, -1569
core   0: 3 0x80009a8c (0x9df8c913) x18 0x7ffef5dc
core   0: 0x80009a90 (0x0093d613) srli    a2, t2, 9
core   0: 3 0x80009a90 (0x0093d613) x12 0x007ffffd
core   0: 0x80009a94 (0x00000013) nop
core   0: 3 0x80009a94 (0x00000013)
core   0: 0x80009a98 (0x0e788493) addi    s1, a7, 231
core   0: 3 0x80009a98 (0x0e788493) x 9 0x80010cea
core   0: 0x80009a9c (0x40d90333) sub     t1, s2, a3
core   0: 3 0x80009a9c (0x40d90333) x 6 0xfffda871
core   0: 0x80009aa0 (0x00078ab3) add     s5, a5, zero
core   0: 3 0x80009aa0 (0x00078ab3) x21 0x00000000
core   0: 0x80009aa4 (0x00e88e33) add     t3, a7, a4
core   0: 3 0x80009aa4 (0x00e88e33) x28 0x80010c03
core   0: 0x80009aa8 (0x7e41ee37) lui     t3, 0x7e41e
core   0: 3 0x80009aa8 (0x7e41ee37) x28 0x7e41e000
core   0: 0x80009aac (0x2fddee37) lui     t3, 0x2fdde
core   0: 3 0x80009aac (0x2fddee37) x28 0x2fdde000
core   0: 0x80009ab0 (0x00f81033) sll     zero, a6, a5
core   0: 3 0x80009ab0 (0x00f81033)
core   0: 0x80009ab4 (0x00000013) nop
core   0: 3 0x80009ab4 (0x00000013)
core   0: 0x80009ab8 (0x3a23e093) ori     ra, t2, 930
core   0: 3 0x80009ab8 (0x3a23e093) x 1 0xfffffbf2
core   0: 0x80009abc (0x87b82513) slti    a0, a6, -1925
core   0: 3 0x80009abc (0x87b82513) x10 0x00000000
core   0: 0x80009ac0 (0x41825e13) srai    t3, tp, 24
core   0: 3 0x80009ac0 (0x41825e13) x28 0x0000001e
core   0: 0x80009ac4 (0x00000013) nop
core   0: 3 0x80009ac4 (0x00000013)
core   0: 0x80009ac8 (0x40795a33) sra     s4, s2, t2
core   0: 3 0x80009ac8 (0x40795a33) x20 0x00007ffe
core   0: 0x80009acc (0x001ed0b3) srl     ra, t4, ra
core   0: 3 0x80009acc (0x001ed0b3) x 1 0x00002000
core   0: 0x80009ad0 (0x8199f913) andi    s2, s3, -2023
core   0: 3 0x80009ad0 (0x8199f913) x18 0x3ffff810
core   0: 0x80009ad4 (0x40afd513) srai    a0, t6, 10
core   0: 3 0x80009ad4 (0x40afd513) x10 0x0000a836
core   0: 0x80009ad8 (0x01eae013) ori     zero, s5, 30
core   0: 3 0x80009ad8 (0x01eae013)
core   0: 0x80009adc (0x01e25933) srl     s2, tp, t5
core   0: 3 0x80009adc (0x01e25933) x18 0x0000000f
core   0: 0x80009ae0 (0x016842b3) xor     t0, a6, s6
core   0: 3 0x80009ae0 (0x016842b3) x 5 0xfffffa51
core   0: 0x80009ae4 (0x00e542b3) xor     t0, a0, a4
core   0: 3 0x80009ae4 (0x00e542b3) x 5 0x0000a836
core   0: 0x80009ae8 (0x00825d13) srli    s10, tp, 8
core   0: 3 0x80009ae8 (0x00825d13) x26 0x001e8be0
core   0: 0x80009aec (0x003f3833) sltu    a6, t5, gp
core   0: 3 0x80009aec (0x003f3833) x16 0x00000000
core   0: 0x80009af0 (0x41ad5f33) sra     t5, s10, s10
core   0: 3 0x80009af0 (0x41ad5f33) x30 0x001e8be0
core   0: 0x80009af4 (0x01b35333) srl     t1, t1, s11
core   0: 3 0x80009af4 (0x01b35333) x 6 0xfffda871
core   0: 0x80009af8 (0xe730f013) andi    zero, ra, -397
core   0: 3 0x80009af8 (0xe730f013)
core   0: 0x80009afc (0x01b15a13) srli    s4, sp, 27
core   0: 3 0x80009afc (0x01b15a13) x20 0x00000000
core   0: 0x80009b00 (0x01245833) srl     a6, s0, s2
core   0: 3 0x80009b00 (0x01245833) x16 0x00010002
core   0: 0x80009b04 (0x24bac013) xori    zero, s5, 587
core   0: 3 0x80009b04 (0x24bac013)
core   0: 0x80009b08 (0x33e85897) auipc   a7, 0x33e85
core   0: 3 0x80009b08 (0x33e85897) x17 0xb3e8eb08
core   0: 0x80009b0c (0xccfba317) auipc   t1, 0xccfba
core   0: 3 0x80009b0c (0xccfba317) x 6 0x4cfc3b0c
core   0: 0x80009b10 (0x002a3733) sltu    a4, s4, sp
core   0: 3 0x80009b10 (0x002a3733) x14 0x00000001
core   0: 0x80009b14 (0x41b7d3b3) sra     t2, a5, s11
core   0: 3 0x80009b14 (0x41b7d3b3) x 7 0x00000000
core   0: 0x80009b18 (0x7c620693) addi    a3, tp, 1990
core   0: 3 0x80009b18 (0x7c620693) x13 0x1e8be89d
core   0: 0x80009b1c (0x4198d1b3) sra     gp, a7, s9
core   0: 3 0x80009b1c (0x4198d1b3) x 3 0xfb3e8eb0
core   0: 0x80009b20 (0x3ba0ee13) ori     t3, ra, 954
core   0: 3 0x80009b20 (0x3ba0ee13) x28 0x000023ba
core   0: 0x80009b24 (0x01415593) srli    a1, sp, 20
core   0: 3 0x80009b24 (0x01415593) x11 0x00000000
core   0: 0x80009b28 (0x24ea3a13) sltiu   s4, s4, 590
core   0: 3 0x80009b28 (0x24ea3a13) x20 0x00000001
core   0: 0x80009b2c (0x4187d793) srai    a5, a5, 24
core   0: 3 0x80009b2c (0x4187d793) x15 0x00000000
core   0: 0x80009b30 (0x01071913) slli    s2, a4, 16
core   0: 3 0x80009b30 (0x01071913) x18 0x00010000
core   0: 0x80009b34 (0x40905d13) srai    s10, zero, 9
core   0: 3 0x80009b34 (0x40905d13) x26 0x00000000
core   0: 0x80009b38 (0x0026b233) sltu    tp, a3, sp
core   0: 3 0x80009b38 (0x0026b233) x 4 0x00000000
core   0: 0x80009b3c (0x01000133) add     sp, zero, a6
core   0: 3 0x80009b3c (0x01000133) x 2 0x00010002
core   0: 0x80009b40 (0x042502b7) lui     t0, 0x4250
core   0: 3 0x80009b40 (0x042502b7) x 5 0x04250000
core   0: 0x80009b44 (0x40d6db13) srai    s6, a3, 13
core   0: 3 0x80009b44 (0x40d6db13) x22 0x0000f45f
core   0: 0x80009b48 (0x0072d233) srl     tp, t0, t2
core   0: 3 0x80009b48 (0x0072d233) x 4 0x04250000
core   0: 0x80009b4c (0x014d7b33) and     s6, s10, s4
core   0: 3 0x80009b4c (0x014d7b33) x22 0x00000000
core   0: 0x80009b50 (0x0044d713) srli    a4, s1, 4
core   0: 3 0x80009b50 (0x0044d713) x14 0x080010ce
core   0: 0x80009b54 (0xd1e97013) andi    zero, s2, -738
core   0: 3 0x80009b54 (0xd1e97013)
core   0: 0x80009b58 (0x018a88b3) add     a7, s5, s8
core   0: 3 0x80009b58 (0x018a88b3) x17 0x00000261
core   0: 0x80009b5c (0x015432b3) sltu    t0, s0, s5
core   0: 3 0x80009b5c (0x015432b3) x 5 0x00000000
core   0: 0x80009b60 (0x0cf40193) addi    gp, s0, 207
core   0: 3 0x80009b60 (0x0cf40193) x 3 0x80010f33
core   0: 0x80009b64 (0x67414313) xori    t1, sp, 1652
core   0: 3 0x80009b64 (0x67414313) x 6 0x00010676
core   0: 0x80009b68 (0x40175493) srai    s1, a4, 1
core   0: 3 0x80009b68 (0x40175493) x 9 0x04000867
core   0: 0x80009b6c (0x01883133) sltu    sp, a6, s8
core   0: 3 0x80009b6c (0x01883133) x 2 0x00000000
core   0: 0x80009b70 (0x000d51b3) srl     gp, s10, zero
core   0: 3 0x80009b70 (0x000d51b3) x 3 0x00000000
core   0: 0x80009b74 (0x0073b733) sltu    a4, t2, t2
core   0: 3 0x80009b74 (0x0073b733) x14 0x00000000
core   0: 0x80009b78 (0x01d705b3) add     a1, a4, t4
core   0: 3 0x80009b78 (0x01d705b3) x11 0x80000000
core   0: 0x80009b7c (0x92f2a613) slti    a2, t0, -1745
core   0: 3 0x80009b7c (0x92f2a613) x12 0x00000000
core   0: 0x80009b80 (0x01bbfbb3) and     s7, s7, s11
core   0: 3 0x80009b80 (0x01bbfbb3) x23 0x00000000
core   0: 0x80009b84 (0x0075d5b3) srl     a1, a1, t2
core   0: 3 0x80009b84 (0x0075d5b3) x11 0x80000000
core   0: 0x80009b88 (0xdccc5037) lui     zero, 0xdccc5
core   0: 3 0x80009b88 (0xdccc5037)
core   0: 0x80009b8c (0x00000013) nop
core   0: 3 0x80009b8c (0x00000013)
core   0: 0x80009b90 (0x00f65f13) srli    t5, a2, 15
core   0: 3 0x80009b90 (0x00f65f13) x30 0x00000000
core   0: 0x80009b94 (0xecca2137) lui     sp, 0xecca2
core   0: 3 0x80009b94 (0xecca2137) x 2 0xecca2000
core   0: 0x80009b98 (0x88d76493) ori     s1, a4, -1907
core   0: 3 0x80009b98 (0x88d76493) x 9 0xfffff88d
core   0: 0x80009b9c (0x66602493) slti    s1, zero, 1638
core   0: 3 0x80009b9c (0x66602493) x 9 0x00000001
core   0: 0x80009ba0 (0x0067c5b3) xor     a1, a5, t1
core   0: 3 0x80009ba0 (0x0067c5b3) x11 0x00010676
core   0: 0x80009ba4 (0x013e12b3) sll     t0, t3, s3
core   0: 3 0x80009ba4 (0x013e12b3) x 5 0x3ba00000
core   0: 0x80009ba8 (0x003728b3) slt     a7, a4, gp
core   0: 3 0x80009ba8 (0x003728b3) x17 0x00000000
core   0: 0x80009bac (0x00e252b3) srl     t0, tp, a4
core   0: 3 0x80009bac (0x00e252b3) x 5 0x04250000
core   0: 0x80009bb0 (0x410b0d33) sub     s10, s6, a6
core   0: 3 0x80009bb0 (0x410b0d33) x26 0xfffefffe
core   0: 0x80009bb4 (0x037afd93) andi    s11, s5, 55
core   0: 3 0x80009bb4 (0x037afd93) x27 0x00000000
core   0: 0x80009bb8 (0xb8095617) auipc   a2, 0xb8095
core   0: 3 0x80009bb8 (0xb8095617) x12 0x3809ebb8
core   0: 0x80009bbc (0x001770b3) and     ra, a4, ra
core   0: 3 0x80009bbc (0x001770b3) x 1 0x00000000
core   0: 0x80009bc0 (0xe97eea93) ori     s5, t4, -361
core   0: 3 0x80009bc0 (0xe97eea93) x21 0xfffffe97
core   0: 0x80009bc4 (0x01405613) srli    a2, zero, 20
core   0: 3 0x80009bc4 (0x01405613) x12 0x00000000
core   0: 0x80009bc8 (0xc86e3d13) sltiu   s10, t3, -890
core   0: 3 0x80009bc8 (0xc86e3d13) x26 0x00000001
core   0: 0x80009bcc (0x4041dd13) srai    s10, gp, 4
core   0: 3 0x80009bcc (0x4041dd13) x26 0x00000000
core   0: 0x80009bd0 (0x00000013) nop
core   0: 3 0x80009bd0 (0x00000013)
core   0: 0x80009bd4 (0x01fa10b3) sll     ra, s4, t6
core   0: 3 0x80009bd4 (0x01fa10b3) x 1 0x00001000
core   0: 0x80009bd8 (0x0108ea33) or      s4, a7, a6
core   0: 3 0x80009bd8 (0x0108ea33) x20 0x00010002
core   0: 0x80009bdc (0xbc1f8a97) auipc   s5, 0xbc1f8
core   0: 3 0x80009bdc (0xbc1f8a97) x21 0x3c201bdc
core   0: 0x80009be0 (0x4029d3b3) sra     t2, s3, sp
core   0: 3 0x80009be0 (0x4029d3b3) x 7 0x3ffffff4
core   0: 0x80009be4 (0x00981933) sll     s2, a6, s1
core   0: 3 0x80009be4 (0x00981933) x18 0x00020004
core   0: 0x80009be8 (0x94fe32b7) lui     t0, 0x94fe3
core   0: 3 0x80009be8 (0x94fe32b7) x 5 0x94fe3000
core   0: 0x80009bec (0x008aa6b3) slt     a3, s5, s0
core   0: 3 0x80009bec (0x008aa6b3) x13 0x00000000
core   0: 0x80009bf0 (0xe89bc517) auipc   a0, 0xe89bc
core   0: 3 0x80009bf0 (0xe89bc517) x10 0x689c5bf0
core   0: 0x80009bf4 (0x7e51b393) sltiu   t2, gp, 2021
core   0: 3 0x80009bf4 (0x7e51b393) x 7 0x00000001
core   0: 0x80009bf8 (0x01710fb3) add     t6, sp, s7
core   0: 3 0x80009bf8 (0x01710fb3) x31 0xecca2000
core   0: 0x80009bfc (0x0f700a13) li      s4, 247
core   0: 3 0x80009bfc (0x0f700a13) x20 0x000000f7
core   0: 0x80009c00 (0x00d373b3) and     t2, t1, a3
core   0: 3 0x80009c00 (0x00d373b3) x 7 0x00000000
core   0: 0x80009c04 (0x36d6ee13) ori     t3, a3, 877
core   0: 3 0x80009c04 (0x36d6ee13) x28 0x0000036d
core   0: 0x80009c08 (0x008ee533) or      a0, t4, s0
core   0: 3 0x80009c08 (0x008ee533) x10 0x80010e64
core   0: 0x80009c0c (0x44254c13) xori    s8, a0, 1090
core   0: 3 0x80009c0c (0x44254c13) x24 0x80010a26
core   0: 0x80009c10 (0x00436733) or      a4, t1, tp
core   0: 3 0x80009c10 (0x00436733) x14 0x04250676
core   0: 0x80009c14 (0xa783fc13) andi    s8, t2, -1416
core   0: 3 0x80009c14 (0xa783fc13) x24 0x00000000
core   0: 0x80009c18 (0x3a020b13) addi    s6, tp, 928
core   0: 3 0x80009c18 (0x3a020b13) x22 0x042503a0
core   0: 0x80009c1c (0x01be94b3) sll     s1, t4, s11
core   0: 3 0x80009c1c (0x01be94b3) x 9 0x80000000
core   0: 0x80009c20 (0x01aee3b3) or      t2, t4, s10
core   0: 3 0x80009c20 (0x01aee3b3) x 7 0x80000000
core   0: 0x80009c24 (0x00baa5b3) slt     a1, s5, a1
core   0: 3 0x80009c24 (0x00baa5b3) x11 0x00000000
core   0: 0x80009c28 (0x01c9c5b3) xor     a1, s3, t3
core   0: 3 0x80009c28 (0x01c9c5b3) x11 0x3ffffc99
core   0: 0x80009c2c (0xb060bd93) sltiu   s11, ra, -1274
core   0: 3 0x80009c2c (0xb060bd93) x27 0x00000001
core   0: 0x80009c30 (0xabacb693) sltiu   a3, s9, -1350
core   0: 3 0x80009c30 (0xabacb693) x13 0x00000001
core   0: 0x80009c34 (0x00c480b3) add     ra, s1, a2
core   0: 3 0x80009c34 (0x00c480b3) x 1 0x80000000
core   0: 0x80009c38 (0x40b80833) sub     a6, a6, a1
core   0: 3 0x80009c38 (0x40b80833) x16 0xc0010369
core   0: 0x80009c3c (0xe4d63137) lui     sp, 0xe4d63
core   0: 3 0x80009c3c (0xe4d63137) x 2 0xe4d63000
core   0: 0x80009c40 (0x01cde6b3) or      a3, s11, t3
core   0: 3 0x80009c40 (0x01cde6b3) x13 0x0000036d
core   0: 0x80009c44 (0x0113a633) slt     a2, t2, a7
core   0: 3 0x80009c44 (0x0113a633) x12 0x00000001
core   0: 0x80009c48 (0x86c76fb7) lui     t6, 0x86c76
core   0: 3 0x80009c48 (0x86c76fb7) x31 0x86c76000
core   0: 0x80009c4c (0x40ad87b3) sub     a5, s11, a0
core   0: 3 0x80009c4c (0x40ad87b3) x15 0x7ffef19d
core   0: 0x80009c50 (0x015523b3) slt     t2, a0, s5
core   0: 3 0x80009c50 (0x015523b3) x 7 0x00000001
core   0: 0x80009c54 (0x40a75033) sra     zero, a4, a0
core   0: 3 0x80009c54 (0x40a75033)
core   0: 0x80009c58 (0x413d8e33) sub     t3, s11, s3
core   0: 3 0x80009c58 (0x413d8e33) x28 0xc000000d
core   0: 0x80009c5c (0x0004d913) srli    s2, s1, 0
core   0: 3 0x80009c5c (0x0004d913) x18 0x80000000
core   0: 0x80009c60 (0x409f0b33) sub     s6, t5, s1
core   0: 3 0x80009c60 (0x409f0b33) x22 0x80000000
core   0: 0x80009c64 (0x2b18a997) auipc   s3, 0x2b18a
core   0: 3 0x80009c64 (0x2b18a997) x19 0xab193c64
core   0: 0x80009c68 (0x00fe3733) sltu    a4, t3, a5
core   0: 3 0x80009c68 (0x00fe3733) x14 0x00000000
core   0: 0x80009c6c (0x00ed5ab3) srl     s5, s10, a4
core   0: 3 0x80009c6c (0x00ed5ab3) x21 0x00000000
core   0: 0x80009c70 (0xed64ff13) andi    t5, s1, -298
core   0: 3 0x80009c70 (0xed64ff13) x30 0x80000000
core   0: 0x80009c74 (0x012ab533) sltu    a0, s5, s2
core   0: 3 0x80009c74 (0x012ab533) x10 0x00000001
core   0: 0x80009c78 (0x00b9d3b3) srl     t2, s3, a1
core   0: 3 0x80009c78 (0x00b9d3b3) x 7 0x00000055
core   0: 0x80009c7c (0x01d8b1b3) sltu    gp, a7, t4
core   0: 3 0x80009c7c (0x01d8b1b3) x 3 0x00000001
core   0: 0x80009c80 (0x6ed71517) auipc   a0, 0x6ed71
core   0: 3 0x80009c80 (0x6ed71517) x10 0xeed7ac80
core   0: 0x80009c84 (0x01195d93) srli    s11, s2, 17
core   0: 3 0x80009c84 (0x01195d93) x27 0x00004000
core   0: 0x80009c88 (0x414cdf93) srai    t6, s9, 20
core   0: 3 0x80009c88 (0x414cdf93) x31 0xfffff800
core   0: 0x80009c8c (0x007d1893) slli    a7, s10, 7
core   0: 3 0x80009c8c (0x007d1893) x17 0x00000000
core   0: 0x80009c90 (0x01dc69b3) or      s3, s8, t4
core   0: 3 0x80009c90 (0x01dc69b3) x19 0x80000000
core   0: 0x80009c94 (0x008dabb3) slt     s7, s11, s0
core   0: 3 0x80009c94 (0x008dabb3) x23 0x00000000
core   0: 0x80009c98 (0x012d8533) add     a0, s11, s2
core   0: 3 0x80009c98 (0x012d8533) x10 0x80004000
core   0: 0x80009c9c (0x00000113) li      sp, 0
core   0: 3 0x80009c9c (0x00000113) x 2 0x00000000
core   0: 0x80009ca0 (0xb7604c37) lui     s8, 0xb7604
core   0: 3 0x80009ca0 (0xb7604c37) x24 0xb7604000
core   0: 0x80009ca4 (0x082c0c13) addi    s8, s8, 130
core   0: 3 0x80009ca4 (0x082c0c13) x24 0xb7604082
core   0: 0x80009ca8 (0x800003b7) lui     t2, 0x80000
core   0: 3 0x80009ca8 (0x800003b7) x 7 0x80000000
core   0: 0x80009cac (0x800006b7) lui     a3, 0x80000
core   0: 3 0x80009cac (0x800006b7) x13 0x80000000
core   0: 0x80009cb0 (0x00000493) li      s1, 0
core   0: 3 0x80009cb0 (0x00000493) x 9 0x00000000
core   0: 0x80009cb4 (0x36436db7) lui     s11, 0x36436
core   0: 3 0x80009cb4 (0x36436db7) x27 0x36436000
core   0: 0x80009cb8 (0x6fbd8d93) addi    s11, s11, 1787
core   0: 3 0x80009cb8 (0x6fbd8d93) x27 0x364366fb
core   0: 0x80009cbc (0x54e77737) lui     a4, 0x54e77
core   0: 3 0x80009cbc (0x54e77737) x14 0x54e77000
core   0: 0x80009cc0 (0x89e70713) addi    a4, a4, -1890
core   0: 3 0x80009cc0 (0x89e70713) x14 0x54e7689e
core   0: 0x80009cc4 (0xfff00793) li      a5, -1
core   0: 3 0x80009cc4 (0xfff00793) x15 0xffffffff
core   0: 0x80009cc8 (0xbd4c6937) lui     s2, 0xbd4c6
core   0: 3 0x80009cc8 (0xbd4c6937) x18 0xbd4c6000
core   0: 0x80009ccc (0x1d290913) addi    s2, s2, 466
core   0: 3 0x80009ccc (0x1d290913) x18 0xbd4c61d2
core   0: 0x80009cd0 (0x80000d37) lui     s10, 0x80000
core   0: 3 0x80009cd0 (0x80000d37) x26 0x80000000
core   0: 0x80009cd4 (0xf3790d37) lui     s10, 0xf3790
core   0: 3 0x80009cd4 (0xf3790d37) x26 0xf3790000
core   0: 0x80009cd8 (0x412c03b3) sub     t2, s8, s2
core   0: 3 0x80009cd8 (0x412c03b3) x 7 0xfa13deb0
core   0: 0x80009cdc (0x00000013) nop
core   0: 3 0x80009cdc (0x00000013)
core   0: 0x80009ce0 (0xba9564b7) lui     s1, 0xba956
core   0: 3 0x80009ce0 (0xba9564b7) x 9 0xba956000
core   0: 0x80009ce4 (0x6299fd37) lui     s10, 0x6299f
core   0: 3 0x80009ce4 (0x6299fd37) x26 0x6299f000
core   0: 0x80009ce8 (0x78268393) addi    t2, a3, 1922
core   0: 3 0x80009ce8 (0x78268393) x 7 0x80000782
core   0: 0x80009cec (0xace42497) auipc   s1, 0xace42
core   0: 3 0x80009cec (0xace42497) x 9 0x2ce4bcec
core   0: 0x80009cf0 (0xb7f78397) auipc   t2, 0xb7f78
core   0: 3 0x80009cf0 (0xb7f78397) x 7 0x37f81cf0
core   0: 0x80009cf4 (0x409783b3) sub     t2, a5, s1
core   0: 3 0x80009cf4 (0x409783b3) x 7 0xd31b4313
core   0: 0x80009cf8 (0x009483b3) add     t2, s1, s1
core   0: 3 0x80009cf8 (0x009483b3) x 7 0x59c979d8
core   0: 0x80009cfc (0xcad7d137) lui     sp, 0xcad7d
core   0: 3 0x80009cfc (0xcad7d137) x 2 0xcad7d000
core   0: 0x80009d00 (0x00000013) nop
core   0: 3 0x80009d00 (0x00000013)
core   0: 0x80009d04 (0x4f12e497) auipc   s1, 0x4f12e
core   0: 3 0x80009d04 (0x4f12e497) x 9 0xcf137d04
core   0: 0x80009d08 (0xa225d6b7) lui     a3, 0xa225d
core   0: 3 0x80009d08 (0xa225d6b7) x13 0xa225d000
core   0: 0x80009d0c (0xec661d37) lui     s10, 0xec661
core   0: 3 0x80009d0c (0xec661d37) x26 0xec661000
core   0: 0x80009d10 (0xae768c13) addi    s8, a3, -1305
core   0: 3 0x80009d10 (0xae768c13) x24 0xa225cae7
core   0: 0x80009d14 (0x00000013) nop
core   0: 3 0x80009d14 (0x00000013)
core   0: 0x80009d18 (0x40f70933) sub     s2, a4, a5
core   0: 3 0x80009d18 (0x40f70933) x18 0x54e7689f
core   0: 0x80009d1c (0xf7b62db7) lui     s11, 0xf7b62
core   0: 3 0x80009d1c (0xf7b62db7) x27 0xf7b62000
core   0: 0x80009d20 (0x012d8c33) add     s8, s11, s2
core   0: 3 0x80009d20 (0x012d8c33) x24 0x4c9d889f
core   0: 0x80009d24 (0x00000013) nop
core   0: 3 0x80009d24 (0x00000013)
core   0: 0x80009d28 (0x009d0c33) add     s8, s10, s1
core   0: 3 0x80009d28 (0x009d0c33) x24 0xbb798d04
core   0: 0x80009d2c (0x418d0933) sub     s2, s10, s8
core   0: 3 0x80009d2c (0x418d0933) x18 0x30ec82fc
core   0: 0x80009d30 (0xcd524937) lui     s2, 0xcd524
core   0: 3 0x80009d30 (0xcd524937) x18 0xcd524000
core   0: 0x80009d34 (0x00000013) nop
core   0: 3 0x80009d34 (0x00000013)
core   0: 0x80009d38 (0x51d65697) auipc   a3, 0x51d65
core   0: 3 0x80009d38 (0x51d65697) x13 0xd1d6ed38
core   0: 0x80009d3c (0x00000013) nop
core   0: 3 0x80009d3c (0x00000013)
core   0: 0x80009d40 (0x00000013) nop
core   0: 3 0x80009d40 (0x00000013)
core   0: 0x80009d44 (0x40fc03b3) sub     t2, s8, a5
core   0: 3 0x80009d44 (0x40fc03b3) x 7 0xbb798d05
core   0: 0x80009d48 (0x40f15c33) sra     s8, sp, a5
core   0: 3 0x80009d48 (0x40f15c33) x24 0xffffffff
core   0: 0x80009d4c (0xf6a08393) addi    t2, ra, -150
core   0: 3 0x80009d4c (0xf6a08393) x 7 0x7fffff6a
core   0: 0x80009d50 (0x8d478093) addi    ra, a5, -1836
core   0: 3 0x80009d50 (0x8d478093) x 1 0xfffff8d3
core   0: 0x80009d54 (0x0194dfb3) srl     t6, s1, s9
core   0: 3 0x80009d54 (0x0194dfb3) x31 0x0cf137d0
core   0: 0x80009d58 (0x3a96a813) slti    a6, a3, 937
core   0: 3 0x80009d58 (0x3a96a813) x16 0x00000001
core   0: 0x80009d5c (0x3277d317) auipc   t1, 0x3277d
core   0: 3 0x80009d5c (0x3277d317) x 6 0xb2786d5c
core   0: 0x80009d60 (0xab616a93) ori     s5, sp, -1354
core   0: 3 0x80009d60 (0xab616a93) x21 0xfffffab6
core   0: 0x80009d64 (0x01b9d093) srli    ra, s3, 27
core   0: 3 0x80009d64 (0x01b9d093) x 1 0x00000010
core   0: 0x80009d68 (0x003675b3) and     a1, a2, gp
core   0: 3 0x80009d68 (0x003675b3) x11 0x00000001
core   0: 0x80009d6c (0xee4e4493) xori    s1, t3, -284
core   0: 3 0x80009d6c (0xee4e4493) x 9 0x3ffffee9
core   0: 0x80009d70 (0x01b186b3) add     a3, gp, s11
core   0: 3 0x80009d70 (0x01b186b3) x13 0xf7b62001
core   0: 0x80009d74 (0x00bf71b3) and     gp, t5, a1
core   0: 3 0x80009d74 (0x00bf71b3) x 3 0x00000000
core   0: 0x80009d78 (0x0186d513) srli    a0, a3, 24
core   0: 3 0x80009d78 (0x0186d513) x10 0x000000f7
core   0: 0x80009d7c (0x007e8ab3) add     s5, t4, t2
core   0: 3 0x80009d7c (0x007e8ab3) x21 0xffffff6a
core   0: 0x80009d80 (0x58bf3b93) sltiu   s7, t5, 1419
core   0: 3 0x80009d80 (0x58bf3b93) x23 0x00000000
core   0: 0x80009d84 (0x016a7c33) and     s8, s4, s6
core   0: 3 0x80009d84 (0x016a7c33) x24 0x00000000
core   0: 0x80009d88 (0x402ad613) srai    a2, s5, 2
core   0: 3 0x80009d88 (0x402ad613) x12 0xffffffda
core   0: 0x80009d8c (0x988cf293) andi    t0, s9, -1656
core   0: 3 0x80009d8c (0x988cf293) x 5 0x80014880
core   0: 0x80009d90 (0x008ee5b3) or      a1, t4, s0
core   0: 3 0x80009d90 (0x008ee5b3) x11 0x80010e64
core   0: 0x80009d94 (0xfff1a817) auipc   a6, 0xfff1a
core   0: 3 0x80009d94 (0xfff1a817) x16 0x7ff23d94
core   0: 0x80009d98 (0x01cb06b3) add     a3, s6, t3
core   0: 3 0x80009d98 (0x01cb06b3) x13 0x4000000d
core   0: 0x80009d9c (0x01c62fb3) slt     t6, a2, t3
core   0: 3 0x80009d9c (0x01c62fb3) x31 0x00000000
core   0: 0x80009da0 (0x07f05637) lui     a2, 0x7f05
core   0: 3 0x80009da0 (0x07f05637) x12 0x07f05000
core   0: 0x80009da4 (0x4086d893) srai    a7, a3, 8
core   0: 3 0x80009da4 (0x4086d893) x17 0x00400000
core   0: 0x80009da8 (0x00cde233) or      tp, s11, a2
core   0: 3 0x80009da8 (0x00cde233) x 4 0xf7f67000
core   0: 0x80009dac (0xd5504c13) xori    s8, zero, -683
core   0: 3 0x80009dac (0xd5504c13) x24 0xfffffd55
core   0: 0x80009db0 (0x03c61a97) auipc   s5, 0x3c61
core   0: 3 0x80009db0 (0x03c61a97) x21 0x83c6adb0
core   0: 0x80009db4 (0x008fa9b3) slt     s3, t6, s0
core   0: 3 0x80009db4 (0x008fa9b3) x19 0x00000000
core   0: 0x80009db8 (0x01825933) srl     s2, tp, s8
core   0: 3 0x80009db8 (0x01825933) x18 0x000007bf
core   0: 0x80009dbc (0x00ce5533) srl     a0, t3, a2
core   0: 3 0x80009dbc (0x00ce5533) x10 0xc000000d
core   0: 0x80009dc0 (0x00aa9ab3) sll     s5, s5, a0
core   0: 3 0x80009dc0 (0x00aa9ab3) x21 0xd5b60000
core   0: 0x80009dc4 (0x01031493) slli    s1, t1, 16
core   0: 3 0x80009dc4 (0x01031493) x 9 0x6d5c0000
core   0: 0x80009dc8 (0x003f0033) add     zero, t5, gp
core   0: 3 0x80009dc8 (0x003f0033)
core   0: 0x80009dcc (0x345f2313) slti    t1, t5, 837
core   0: 3 0x80009dcc (0x345f2313) x 6 0x00000001
core   0: 0x80009dd0 (0xfd524517) auipc   a0, 0xfd524
core   0: 3 0x80009dd0 (0xfd524517) x10 0x7d52ddd0
core   0: 0x80009dd4 (0x4176d133) sra     sp, a3, s7
core   0: 3 0x80009dd4 (0x4176d133) x 2 0x4000000d
core   0: 0x80009dd8 (0x3e5b0f97) auipc   t6, 0x3e5b0
core   0: 3 0x80009dd8 (0x3e5b0f97) x31 0xbe5b9dd8
core   0: 0x80009ddc (0x006b34b3) sltu    s1, s6, t1
core   0: 3 0x80009ddc (0x006b34b3) x 9 0x00000000
core   0: 0x80009de0 (0x00000013) nop
core   0: 3 0x80009de0 (0x00000013)
core   0: 0x80009de4 (0x008479b3) and     s3, s0, s0
core   0: 3 0x80009de4 (0x008479b3) x19 0x80010e64
core   0: 0x80009de8 (0x000aa133) slt     sp, s5, zero
core   0: 3 0x80009de8 (0x000aa133) x 2 0x00000001
core   0: 0x80009dec (0x0154d493) srli    s1, s1, 21
core   0: 3 0x80009dec (0x0154d493) x 9 0x00000000
core   0: 0x80009df0 (0xcdec7813) andi    a6, s8, -802
core   0: 3 0x80009df0 (0xcdec7813) x16 0xfffffc54
core   0: 0x80009df4 (0x96a02b93) slti    s7, zero, -1686
core   0: 3 0x80009df4 (0x96a02b93) x23 0x00000000
core   0: 0x80009df8 (0x00e32a33) slt     s4, t1, a4
core   0: 3 0x80009df8 (0x00e32a33) x20 0x00000001
core   0: 0x80009dfc (0x82e44693) xori    a3, s0, -2002
core   0: 3 0x80009dfc (0x82e44693) x13 0x7ffef64a
core   0: 0x80009e00 (0x89b3a813) slti    a6, t2, -1893
core   0: 3 0x80009e00 (0x89b3a813) x16 0x00000000
core   0: 0x80009e04 (0x01bd0133) add     sp, s10, s11
core   0: 3 0x80009e04 (0x01bd0133) x 2 0xe41c3000
core   0: 0x80009e08 (0x00000013) nop
core   0: 3 0x80009e08 (0x00000013)
core   0: 0x80009e0c (0x00599533) sll     a0, s3, t0
core   0: 3 0x80009e0c (0x00599533) x10 0x80010e64
core   0: 0x80009e10 (0xdc6fb593) sltiu   a1, t6, -570
core   0: 3 0x80009e10 (0xdc6fb593) x11 0x00000001
core   0: 0x80009e14 (0x4054d633) sra     a2, s1, t0
core   0: 3 0x80009e14 (0x4054d633) x12 0x00000000
core   0: 0x80009e18 (0x003ef633) and     a2, t4, gp
core   0: 3 0x80009e18 (0x003ef633) x12 0x00000000
core   0: 0x80009e1c (0x01fe28b3) slt     a7, t3, t6
core   0: 3 0x80009e1c (0x01fe28b3) x17 0x00000000
core   0: 0x80009e20 (0x5ca23793) sltiu   a5, tp, 1482
core   0: 3 0x80009e20 (0x5ca23793) x15 0x00000000
core   0: 0x80009e24 (0xfdd87313) andi    t1, a6, -35
core   0: 3 0x80009e24 (0xfdd87313) x 6 0x00000000
core   0: 0x80009e28 (0x3d54cb17) auipc   s6, 0x3d54c
core   0: 3 0x80009e28 (0x3d54cb17) x22 0xbd555e28
core   0: 0x80009e2c (0x4390fa13) andi    s4, ra, 1081
core   0: 3 0x80009e2c (0x4390fa13) x20 0x00000010
core   0: 0x80009e30 (0x930f8f97) auipc   t6, 0x930f8
core   0: 3 0x80009e30 (0x930f8f97) x31 0x13101e30
core   0: 0x80009e34 (0x00b352b3) srl     t0, t1, a1
core   0: 3 0x80009e34 (0x00b352b3) x 5 0x00000000
core   0: 0x80009e38 (0x40af8c33) sub     s8, t6, a0
core   0: 3 0x80009e38 (0x40af8c33) x24 0x930f0fcc
core   0: 0x80009e3c (0xfca6e593) ori     a1, a3, -54
core   0: 3 0x80009e3c (0xfca6e593) x11 0xffffffca
core   0: 0x80009e40 (0x007f3f33) sltu    t5, t5, t2
core   0: 3 0x80009e40 (0x007f3f33) x30 0x00000000
core   0: 0x80009e44 (0x3d53bd93) sltiu   s11, t2, 981
core   0: 3 0x80009e44 (0x3d53bd93) x27 0x00000000
core   0: 0x80009e48 (0x01c19bb3) sll     s7, gp, t3
core   0: 3 0x80009e48 (0x01c19bb3) x23 0x00000000
core   0: 0x80009e4c (0x00192e33) slt     t3, s2, ra
core   0: 3 0x80009e4c (0x00192e33) x28 0x00000000
core   0: 0x80009e50 (0x012904b3) add     s1, s2, s2
core   0: 3 0x80009e50 (0x012904b3) x 9 0x00000f7e
core   0: 0x80009e54 (0x4196d9b3) sra     s3, a3, s9
core   0: 3 0x80009e54 (0x4196d9b3) x19 0x07ffef64
core   0: 0x80009e58 (0x00142633) slt     a2, s0, ra
core   0: 3 0x80009e58 (0x00142633) x12 0x00000001
core   0: 0x80009e5c (0x6cee4313) xori    t1, t3, 1742
core   0: 3 0x80009e5c (0x6cee4313) x 6 0x000006ce
core   0: 0x80009e60 (0x00000013) nop
core   0: 3 0x80009e60 (0x00000013)
core   0: 0x80009e64 (0x037a3637) lui     a2, 0x37a3
core   0: 3 0x80009e64 (0x037a3637) x12 0x037a3000
core   0: 0x80009e68 (0x012c1213) slli    tp, s8, 18
core   0: 3 0x80009e68 (0x012c1213) x 4 0x3f300000
core   0: 0x80009e6c (0x41c55ab3) sra     s5, a0, t3
core   0: 3 0x80009e6c (0x41c55ab3) x21 0x80010e64
core   0: 0x80009e70 (0x01eb3b33) sltu    s6, s6, t5
core   0: 3 0x80009e70 (0x01eb3b33) x22 0x00000000
core   0: 0x80009e74 (0x00dc1133) sll     sp, s8, a3
core   0: 3 0x80009e74 (0x00dc1133) x 2 0x3c3f3000
core   0: 0x80009e78 (0x00ced593) srli    a1, t4, 12
core   0: 3 0x80009e78 (0x00ced593) x11 0x00080000
core   0: 0x80009e7c (0x40e45ab3) sra     s5, s0, a4
core   0: 3 0x80009e7c (0x40e45ab3) x21 0xfffffffe
core   0: 0x80009e80 (0x007f1d33) sll     s10, t5, t2
core   0: 3 0x80009e80 (0x007f1d33) x26 0x00000000
core   0: 0x80009e84 (0x00b34fb3) xor     t6, t1, a1
core   0: 3 0x80009e84 (0x00b34fb3) x31 0x000806ce
core   0: 0x80009e88 (0x6ee17f13) andi    t5, sp, 1774
core   0: 3 0x80009e88 (0x6ee17f13) x30 0x00000000
core   0: 0x80009e8c (0x8e622b93) slti    s7, tp, -1818
core   0: 3 0x80009e8c (0x8e622b93) x23 0x00000000
core   0: 0x80009e90 (0x003a3033) sltu    zero, s4, gp
core   0: 3 0x80009e90 (0x003a3033)
core   0: 0x80009e94 (0x044f0e17) auipc   t3, 0x44f0
core   0: 3 0x80009e94 (0x044f0e17) x28 0x844f9e94
core   0: 0x80009e98 (0x4806b393) sltiu   t2, a3, 1152
core   0: 3 0x80009e98 (0x4806b393) x 7 0x00000000
core   0: 0x80009e9c (0x0019d133) srl     sp, s3, ra
core   0: 3 0x80009e9c (0x0019d133) x 2 0x000007ff
core   0: 0x80009ea0 (0x73b12013) slti    zero, sp, 1851
core   0: 3 0x80009ea0 (0x73b12013)
core   0: 0x80009ea4 (0x003397b3) sll     a5, t2, gp
core   0: 3 0x80009ea4 (0x003397b3) x15 0x00000000
core   0: 0x80009ea8 (0x00f114b3) sll     s1, sp, a5
core   0: 3 0x80009ea8 (0x00f114b3) x 9 0x000007ff
core   0: 0x80009eac (0x01465b13) srli    s6, a2, 20
core   0: 3 0x80009eac (0x01465b13) x22 0x00000037
core   0: 0x80009eb0 (0x2ea92b17) auipc   s6, 0x2ea92
core   0: 3 0x80009eb0 (0x2ea92b17) x22 0xaea9beb0
core   0: 0x80009eb4 (0x009a3b33) sltu    s6, s4, s1
core   0: 3 0x80009eb4 (0x009a3b33) x22 0x00000001
core   0: 0x80009eb8 (0x01783233) sltu    tp, a6, s7
core   0: 3 0x80009eb8 (0x01783233) x 4 0x00000000
core   0: 0x80009ebc (0x018a68b3) or      a7, s4, s8
core   0: 3 0x80009ebc (0x018a68b3) x17 0x930f0fdc
core   0: 0x80009ec0 (0x44ddff93) andi    t6, s11, 1101
core   0: 3 0x80009ec0 (0x44ddff93) x31 0x00000000
core   0: 0x80009ec4 (0xd72194b7) lui     s1, 0xd7219
core   0: 3 0x80009ec4 (0xd72194b7) x 9 0xd7219000
core   0: 0x80009ec8 (0x0171be33) sltu    t3, gp, s7
core   0: 3 0x80009ec8 (0x0171be33) x28 0x00000000
core   0: 0x80009ecc (0x003993b3) sll     t2, s3, gp
core   0: 3 0x80009ecc (0x003993b3) x 7 0x07ffef64
core   0: 0x80009ed0 (0x00ff1113) slli    sp, t5, 15
core   0: 3 0x80009ed0 (0x00ff1113) x 2 0x00000000
core   0: 0x80009ed4 (0x4acdcb13) xori    s6, s11, 1196
core   0: 3 0x80009ed4 (0x4acdcb13) x22 0x000004ac
core   0: 0x80009ed8 (0x7fa7fd13) andi    s10, a5, 2042
core   0: 3 0x80009ed8 (0x7fa7fd13) x26 0x00000000
core   0: 0x80009edc (0x00e82133) slt     sp, a6, a4
core   0: 3 0x80009edc (0x00e82133) x 2 0x00000001
core   0: 0x80009ee0 (0x019ab9b3) sltu    s3, s5, s9
core   0: 3 0x80009ee0 (0x019ab9b3) x19 0x00000000
core   0: 0x80009ee4 (0x67f14537) lui     a0, 0x67f14
core   0: 3 0x80009ee4 (0x67f14537) x10 0x67f14000
core   0: 0x80009ee8 (0x016d1d93) slli    s11, s10, 22
core   0: 3 0x80009ee8 (0x016d1d93) x27 0x00000000
core   0: 0x80009eec (0x4a823ab7) lui     s5, 0x4a823
core   0: 3 0x80009eec (0x4a823ab7) x21 0x4a823000
core   0: 0x80009ef0 (0x00729a93) slli    s5, t0, 7
core   0: 3 0x80009ef0 (0x00729a93) x21 0x00000000
core   0: 0x80009ef4 (0x010f7c33) and     s8, t5, a6
core   0: 3 0x80009ef4 (0x010f7c33) x24 0x00000000
core   0: 0x80009ef8 (0x41e009b3) sub     s3, zero, t5
core   0: 3 0x80009ef8 (0x41e009b3) x19 0x00000000
core   0: 0x80009efc (0x00a961b3) or      gp, s2, a0
core   0: 3 0x80009efc (0x00a961b3) x 3 0x67f147bf
core   0: 0x80009f00 (0x93264093) xori    ra, a2, -1742
core   0: 3 0x80009f00 (0x93264093) x 1 0xfc85c932
core   0: 0x80009f04 (0x010bdf33) srl     t5, s7, a6
core   0: 3 0x80009f04 (0x010bdf33) x30 0x00000000
core   0: 0x80009f08 (0x424baa13) slti    s4, s7, 1060
core   0: 3 0x80009f08 (0x424baa13) x20 0x00000001
core   0: 0x80009f0c (0x41bddc33) sra     s8, s11, s11
core   0: 3 0x80009f0c (0x41bddc33) x24 0x00000000
core   0: 0x80009f10 (0x4068df13) srai    t5, a7, 6
core   0: 3 0x80009f10 (0x4068df13) x30 0xfe4c3c3f
core   0: 0x80009f14 (0x00e3af33) slt     t5, t2, a4
core   0: 3 0x80009f14 (0x00e3af33) x30 0x00000001
core   0: 0x80009f18 (0xe530e713) ori     a4, ra, -429
core   0: 3 0x80009f18 (0xe530e713) x14 0xffffff73
core   0: 0x80009f1c (0x4130d813) srai    a6, ra, 19
core   0: 3 0x80009f1c (0x4130d813) x16 0xffffff90
core   0: 0x80009f20 (0x8a6d8293) addi    t0, s11, -1882
core   0: 3 0x80009f20 (0x8a6d8293) x 5 0xfffff8a6
core   0: 0x80009f24 (0x40b7d893) srai    a7, a5, 11
core   0: 3 0x80009f24 (0x40b7d893) x17 0x00000000
core   0: 0x80009f28 (0x01a45333) srl     t1, s0, s10
core   0: 3 0x80009f28 (0x01a45333) x 6 0x80010e64
core   0: 0x80009f2c (0x00e45d33) srl     s10, s0, a4
core   0: 3 0x80009f2c (0x00e45d33) x26 0x00001000
core   0: 0x80009f30 (0x01182933) slt     s2, a6, a7
core   0: 3 0x80009f30 (0x01182933) x18 0x00000001
core   0: 0x80009f34 (0xd7ea4013) xori    zero, s4, -642
core   0: 3 0x80009f34 (0xd7ea4013)
core   0: 0x80009f38 (0x004e3f33) sltu    t5, t3, tp
core   0: 3 0x80009f38 (0x004e3f33) x30 0x00000000
core   0: 0x80009f3c (0xa2762b13) slti    s6, a2, -1497
core   0: 3 0x80009f3c (0xa2762b13) x22 0x00000000
core   0: 0x80009f40 (0x002e2bb3) slt     s7, t3, sp
core   0: 3 0x80009f40 (0x002e2bb3) x23 0x00000001
core   0: 0x80009f44 (0xeb8eb213) sltiu   tp, t4, -328
core   0: 3 0x80009f44 (0xeb8eb213) x 4 0x00000001
core   0: 0x80009f48 (0x01584333) xor     t1, a6, s5
core   0: 3 0x80009f48 (0x01584333) x 6 0xffffff90
core   0: 0x80009f4c (0x3cf66c13) ori     s8, a2, 975
core   0: 3 0x80009f4c (0x3cf66c13) x24 0x037a33cf
core   0: 0x80009f50 (0xb797bd17) auipc   s10, 0xb797b
core   0: 3 0x80009f50 (0xb797bd17) x26 0x37984f50
core   0: 0x80009f54 (0x007c5213) srli    tp, s8, 7
core   0: 3 0x80009f54 (0x007c5213) x 4 0x0006f467
core   0: 0x80009f58 (0x013db0b3) sltu    ra, s11, s3
core   0: 3 0x80009f58 (0x013db0b3) x 1 0x00000000
core   0: 0x80009f5c (0xb24c4013) xori    zero, s8, -1244
core   0: 3 0x80009f5c (0xb24c4013)
core   0: 0x80009f60 (0x942c0d13) addi    s10, s8, -1726
core   0: 3 0x80009f60 (0x942c0d13) x26 0x037a2d11
core   0: 0x80009f64 (0x88ca0813) addi    a6, s4, -1908
core   0: 3 0x80009f64 (0x88ca0813) x16 0xfffff88d
core   0: 0x80009f68 (0x12014313) xori    t1, sp, 288
core   0: 3 0x80009f68 (0x12014313) x 6 0x00000121
core   0: 0x80009f6c (0x00000013) nop
core   0: 3 0x80009f6c (0x00000013)
core   0: 0x80009f70 (0x52ac2e13) slti    t3, s8, 1322
core   0: 3 0x80009f70 (0x52ac2e13) x28 0x00000000
core   0: 0x80009f74 (0x3095b813) sltiu   a6, a1, 777
core   0: 3 0x80009f74 (0x3095b813) x16 0x00000000
core   0: 0x80009f78 (0x004e1b93) slli    s7, t3, 4
core   0: 3 0x80009f78 (0x004e1b93) x23 0x00000000
core   0: 0x80009f7c (0x00d34033) xor     zero, t1, a3
core   0: 3 0x80009f7c (0x00d34033)
core   0: 0x80009f80 (0x00870d33) add     s10, a4, s0
core   0: 3 0x80009f80 (0x00870d33) x26 0x80010dd7
core   0: 0x80009f84 (0x41d8dc33) sra     s8, a7, t4
core   0: 3 0x80009f84 (0x41d8dc33) x24 0x00000000
core   0: 0x80009f88 (0x01be72b3) and     t0, t3, s11
core   0: 3 0x80009f88 (0x01be72b3) x 5 0x00000000
core   0: 0x80009f8c (0x40528fb3) sub     t6, t0, t0
core   0: 3 0x80009f8c (0x40528fb3) x31 0x00000000
core   0: 0x80009f90 (0x41f5dc13) srai    s8, a1, 31
core   0: 3 0x80009f90 (0x41f5dc13) x24 0x00000000
core   0: 0x80009f94 (0x40565293) srai    t0, a2, 5
core   0: 3 0x80009f94 (0x40565293) x 5 0x001bd180
core   0: 0x80009f98 (0x2a940c13) addi    s8, s0, 681
core   0: 3 0x80009f98 (0x2a940c13) x24 0x8001110d
core   0: 0x80009f9c (0x0097b3b3) sltu    t2, a5, s1
core   0: 3 0x80009f9c (0x0097b3b3) x 7 0x00000001
core   0: 0x80009fa0 (0x00b1c833) xor     a6, gp, a1
core   0: 3 0x80009fa0 (0x00b1c833) x16 0x67f947bf
core   0: 0x80009fa4 (0xab1aab13) slti    s6, s5, -1359
core   0: 3 0x80009fa4 (0xab1aab13) x22 0x00000000
core   0: 0x80009fa8 (0xf12b27b7) lui     a5, 0xf12b2
core   0: 3 0x80009fa8 (0xf12b27b7) x15 0xf12b2000
core   0: 0x80009fac (0x01cbcab3) xor     s5, s7, t3
core   0: 3 0x80009fac (0x01cbcab3) x21 0x00000000
core   0: 0x80009fb0 (0x0117b6b3) sltu    a3, a5, a7
core   0: 3 0x80009fb0 (0x0117b6b3) x13 0x00000000
core   0: 0x80009fb4 (0x60a17b13) andi    s6, sp, 1546
core   0: 3 0x80009fb4 (0x60a17b13) x22 0x00000000
core   0: 0x80009fb8 (0x00320533) add     a0, tp, gp
core   0: 3 0x80009fb8 (0x00320533) x10 0x67f83c26
core   0: 0x80009fbc (0x414204b3) sub     s1, tp, s4
core   0: 3 0x80009fbc (0x414204b3) x 9 0x0006f466
core   0: 0x80009fc0 (0x01329c13) slli    s8, t0, 19
core   0: 3 0x80009fc0 (0x01329c13) x24 0x8c000000
core   0: 0x80009fc4 (0xd77ea793) slti    a5, t4, -649
core   0: 3 0x80009fc4 (0xd77ea793) x15 0x00000001
core   0: 0x80009fc8 (0xe80bfbb7) lui     s7, 0xe80bf
core   0: 3 0x80009fc8 (0xe80bfbb7) x23 0xe80bf000
core   0: 0x80009fcc (0x0c083893) sltiu   a7, a6, 192
core   0: 3 0x80009fcc (0x0c083893) x17 0x00000000
core   0: 0x80009fd0 (0x968b8293) addi    t0, s7, -1688
core   0: 3 0x80009fd0 (0x968b8293) x 5 0xe80be968
core   0: 0x80009fd4 (0x40a70733) sub     a4, a4, a0
core   0: 3 0x80009fd4 (0x40a70733) x14 0x9807c34d
core   0: 0x80009fd8 (0x00dcc6b3) xor     a3, s9, a3
core   0: 3 0x80009fd8 (0x00dcc6b3) x13 0x80014ce4
core   0: 0x80009fdc (0x00cd1093) slli    ra, s10, 12
core   0: 3 0x80009fdc (0x00cd1093) x 1 0x10dd7000
core   0: 0x80009fe0 (0x019c1db3) sll     s11, s8, s9
core   0: 3 0x80009fe0 (0x019c1db3) x27 0xc0000000
core   0: 0x80009fe4 (0x01fada33) srl     s4, s5, t6
core   0: 3 0x80009fe4 (0x01fada33) x20 0x00000000
core   0: 0x80009fe8 (0x01a3bfb3) sltu    t6, t2, s10
core   0: 3 0x80009fe8 (0x01a3bfb3) x31 0x00000001
core   0: 0x80009fec (0x4644f917) auipc   s2, 0x4644f
core   0: 3 0x80009fec (0x4644f917) x18 0xc6458fec
core   0: 0x80009ff0 (0x458f6e13) ori     t3, t5, 1112
core   0: 3 0x80009ff0 (0x458f6e13) x28 0x00000458
core   0: 0x80009ff4 (0x002b3c33) sltu    s8, s6, sp
core   0: 3 0x80009ff4 (0x002b3c33) x24 0x00000001
core   0: 0x80009ff8 (0x00eb04b3) add     s1, s6, a4
core   0: 3 0x80009ff8 (0x00eb04b3) x 9 0x9807c34d
core   0: 0x80009ffc (0x417ddf93) srai    t6, s11, 23
core   0: 3 0x80009ffc (0x417ddf93) x31 0xffffff80
core   0: 0x8000a000 (0x415c8b33) sub     s6, s9, s5
core   0: 3 0x8000a000 (0x415c8b33) x22 0x80014ce4
core   0: 0x8000a004 (0x413b82b3) sub     t0, s7, s3
core   0: 3 0x8000a004 (0x413b82b3) x 5 0xe80bf000
core   0: 0x8000a008 (0x41f15633) sra     a2, sp, t6
core   0: 3 0x8000a008 (0x41f15633) x12 0x00000001
core   0: 0x8000a00c (0x41525833) sra     a6, tp, s5
core   0: 3 0x8000a00c (0x41525833) x16 0x0006f467
core   0: 0x8000a010 (0x1f2bef93) ori     t6, s7, 498
core   0: 3 0x8000a010 (0x1f2bef93) x31 0xe80bf1f2
core   0: 0x8000a014 (0x003bcf33) xor     t5, s7, gp
core   0: 3 0x8000a014 (0x003bcf33) x30 0x8ffab7bf
core   0: 0x8000a018 (0x418c5193) srai    gp, s8, 24
core   0: 3 0x8000a018 (0x418c5193) x 3 0x00000000
core   0: 0x8000a01c (0x00502d33) slt     s10, zero, t0
core   0: 3 0x8000a01c (0x00502d33) x26 0x00000000
core   0: 0x8000a020 (0x01635393) srli    t2, t1, 22
core   0: 3 0x8000a020 (0x01635393) x 7 0x00000000
core   0: 0x8000a024 (0x01bf6e33) or      t3, t5, s11
core   0: 3 0x8000a024 (0x01bf6e33) x28 0xcffab7bf
core   0: 0x8000a028 (0x00b96733) or      a4, s2, a1
core   0: 3 0x8000a028 (0x00b96733) x14 0xc64d8fec
core   0: 0x8000a02c (0x40f259b3) sra     s3, tp, a5
core   0: 3 0x8000a02c (0x40f259b3) x19 0x00037a33
core   0: 0x8000a030 (0xeb2b6213) ori     tp, s6, -334
core   0: 3 0x8000a030 (0xeb2b6213) x 4 0xfffffef6
core   0: 0x8000a034 (0x013d3733) sltu    a4, s10, s3
core   0: 3 0x8000a034 (0x013d3733) x14 0x00000001
core   0: 0x8000a038 (0x006c0833) add     a6, s8, t1
core   0: 3 0x8000a038 (0x006c0833) x16 0x00000122
core   0: 0x8000a03c (0x00000013) nop
core   0: 3 0x8000a03c (0x00000013)
core   0: 0x8000a040 (0xd103a293) slti    t0, t2, -752
core   0: 3 0x8000a040 (0xd103a293) x 5 0x00000000
core   0: 0x8000a044 (0x00502333) slt     t1, zero, t0
core   0: 3 0x8000a044 (0x00502333) x 6 0x00000000
core   0: 0x8000a048 (0x225ca893) slti    a7, s9, 549
core   0: 3 0x8000a048 (0x225ca893) x17 0x00000001
core   0: 0x8000a04c (0x22d48113) addi    sp, s1, 557
core   0: 3 0x8000a04c (0x22d48113) x 2 0x9807c57a
core   0: 0x8000a050 (0x01512bb3) slt     s7, sp, s5
core   0: 3 0x8000a050 (0x01512bb3) x23 0x00000001
core   0: 0x8000a054 (0x41ccd333) sra     t1, s9, t3
core   0: 3 0x8000a054 (0x41ccd333) x 6 0xffffffff
core   0: 0x8000a058 (0x00219733) sll     a4, gp, sp
core   0: 3 0x8000a058 (0x00219733) x14 0x00000000
core   0: 0x8000a05c (0xb337c213) xori    tp, a5, -1229
core   0: 3 0x8000a05c (0xb337c213) x 4 0xfffffb32
core   0: 0x8000a060 (0x92133a93) sltiu   s5, t1, -1759
core   0: 3 0x8000a060 (0x92133a93) x21 0x00000000
core   0: 0x8000a064 (0x2c4eed97) auipc   s11, 0x2c4ee
core   0: 3 0x8000a064 (0x2c4eed97) x27 0xac4f8064
core   0: 0x8000a068 (0x01bb5ab3) srl     s5, s6, s11
core   0: 3 0x8000a068 (0x01bb5ab3) x21 0x080014ce
core   0: 0x8000a06c (0x017913b3) sll     t2, s2, s7
core   0: 3 0x8000a06c (0x017913b3) x 7 0x8c8b1fd8
core   0: 0x8000a070 (0x00b7adb3) slt     s11, a5, a1
core   0: 3 0x8000a070 (0x00b7adb3) x27 0x00000001
core   0: 0x8000a074 (0x01defd93) andi    s11, t4, 29
core   0: 3 0x8000a074 (0x01defd93) x27 0x00000000
core   0: 0x8000a078 (0x007b08b3) add     a7, s6, t2
core   0: 3 0x8000a078 (0x007b08b3) x17 0x0c8c6cbc
core   0: 0x8000a07c (0x41785233) sra     tp, a6, s7
core   0: 3 0x8000a07c (0x41785233) x 4 0x00000091
core   0: 0x8000a080 (0x40425313) srai    t1, tp, 4
core   0: 3 0x8000a080 (0x40425313) x 6 0x00000009
core   0: 0x8000a084 (0x01991b13) slli    s6, s2, 25
core   0: 3 0x8000a084 (0x01991b13) x22 0xd8000000
core   0: 0x8000a088 (0x01bc5633) srl     a2, s8, s11
core   0: 3 0x8000a088 (0x01bc5633) x12 0x00000001
core   0: 0x8000a08c (0x0092aab3) slt     s5, t0, s1
core   0: 3 0x8000a08c (0x0092aab3) x21 0x00000000
core   0: 0x8000a090 (0x00595513) srli    a0, s2, 5
core   0: 3 0x8000a090 (0x00595513) x10 0x06322c7f
core   0: 0x8000a094 (0xa30bfab7) lui     s5, 0xa30bf
core   0: 3 0x8000a094 (0xa30bfab7) x21 0xa30bf000
core   0: 0x8000a098 (0x00c9b6b3) sltu    a3, s3, a2
core   0: 3 0x8000a098 (0x00c9b6b3) x13 0x00000000
core   0: 0x8000a09c (0x01fa3c33) sltu    s8, s4, t6
core   0: 3 0x8000a09c (0x01fa3c33) x24 0x00000001
core   0: 0x8000a0a0 (0x0096f2b3) and     t0, a3, s1
core   0: 3 0x8000a0a0 (0x0096f2b3) x 5 0x00000000
core   0: 0x8000a0a4 (0x40da5d13) srai    s10, s4, 13
core   0: 3 0x8000a0a4 (0x40da5d13) x26 0x00000000
core   0: 0x8000a0a8 (0xa5f8ef93) ori     t6, a7, -1441
core   0: 3 0x8000a0a8 (0xa5f8ef93) x31 0xfffffeff
core   0: 0x8000a0ac (0xe8257193) andi    gp, a0, -382
core   0: 3 0x8000a0ac (0xe8257193) x 3 0x06322c02
core   0: 0x8000a0b0 (0xdd7b7bb7) lui     s7, 0xdd7b7
core   0: 3 0x8000a0b0 (0xdd7b7bb7) x23 0xdd7b7000
core   0: 0x8000a0b4 (0x6f166693) ori     a3, a2, 1777
core   0: 3 0x8000a0b4 (0x6f166693) x13 0x000006f1
core   0: 0x8000a0b8 (0x772aac13) slti    s8, s5, 1906
core   0: 3 0x8000a0b8 (0x772aac13) x24 0x00000001
core   0: 0x8000a0bc (0x512e7bb7) lui     s7, 0x512e7
core   0: 3 0x8000a0bc (0x512e7bb7) x23 0x512e7000
core   0: 0x8000a0c0 (0x0175c3b3) xor     t2, a1, s7
core   0: 3 0x8000a0c0 (0x0175c3b3) x 7 0x51267000
core   0: 0x8000a0c4 (0x01355533) srl     a0, a0, s3
core   0: 3 0x8000a0c4 (0x01355533) x10 0x000000c6
core   0: 0x8000a0c8 (0xa4d7ff13) andi    t5, a5, -1459
core   0: 3 0x8000a0c8 (0xa4d7ff13) x30 0x00000001
core   0: 0x8000a0cc (0x38d0b893) sltiu   a7, ra, 909
core   0: 3 0x8000a0cc (0x38d0b893) x17 0x00000000
core   0: 0x8000a0d0 (0x3183ef13) ori     t5, t2, 792
core   0: 3 0x8000a0d0 (0x3183ef13) x30 0x51267318
core   0: 0x8000a0d4 (0x1f354b93) xori    s7, a0, 499
core   0: 3 0x8000a0d4 (0x1f354b93) x23 0x00000135
core   0: 0x8000a0d8 (0x01135a93) srli    s5, t1, 17
core   0: 3 0x8000a0d8 (0x01135a93) x21 0x00000000
core   0: 0x8000a0dc (0x00938033) add     zero, t2, s1
core   0: 3 0x8000a0dc (0x00938033)
core   0: 0x8000a0e0 (0x01981ab3) sll     s5, a6, s9
core   0: 3 0x8000a0e0 (0x01981ab3) x21 0x00001220
core   0: 0x8000a0e4 (0x202f8913) addi    s2, t6, 514
core   0: 3 0x8000a0e4 (0x202f8913) x18 0x00000101
core   0: 0x8000a0e8 (0x004fa833) slt     a6, t6, tp
core   0: 3 0x8000a0e8 (0x004fa833) x16 0x00000001
core   0: 0x8000a0ec (0x012bcab3) xor     s5, s7, s2
core   0: 3 0x8000a0ec (0x012bcab3) x21 0x00000034
core   0: 0x8000a0f0 (0x15e3f213) andi    tp, t2, 350
core   0: 3 0x8000a0f0 (0x15e3f213) x 4 0x00000000
core   0: 0x8000a0f4 (0x04f23093) sltiu   ra, tp, 79
core   0: 3 0x8000a0f4 (0x04f23093) x 1 0x00000001
core   0: 0x8000a0f8 (0x1b43f193) andi    gp, t2, 436
core   0: 3 0x8000a0f8 (0x1b43f193) x 3 0x00000000
core   0: 0x8000a0fc (0xde42af13) slti    t5, t0, -540
core   0: 3 0x8000a0fc (0xde42af13) x30 0x00000000
core   0: 0x8000a100 (0x002e97b3) sll     a5, t4, sp
core   0: 3 0x8000a100 (0x002e97b3) x15 0x00000000
core   0: 0x8000a104 (0x00000013) nop
core   0: 3 0x8000a104 (0x00000013)
core   0: 0x8000a108 (0x01c9e7b3) or      a5, s3, t3
core   0: 3 0x8000a108 (0x01c9e7b3) x15 0xcffbffbf
core   0: 0x8000a10c (0x00000013) nop
core   0: 3 0x8000a10c (0x00000013)
core   0: 0x8000a110 (0x013b6ab3) or      s5, s6, s3
core   0: 3 0x8000a110 (0x013b6ab3) x21 0xd8037a33
core   0: 0x8000a114 (0x009c9633) sll     a2, s9, s1
core   0: 3 0x8000a114 (0x009c9633) x12 0x299c8000
core   0: 0x8000a118 (0x566e7793) andi    a5, t3, 1382
core   0: 3 0x8000a118 (0x566e7793) x15 0x00000526
core   0: 0x8000a11c (0x01b824b3) slt     s1, a6, s11
core   0: 3 0x8000a11c (0x01b824b3) x 9 0x00000000
core   0: 0x8000a120 (0x01e5d333) srl     t1, a1, t5
core   0: 3 0x8000a120 (0x01e5d333) x 6 0x00080000
core   0: 0x8000a124 (0x57c98f93) addi    t6, s3, 1404
core   0: 3 0x8000a124 (0x57c98f93) x31 0x00037faf
core   0: 0x8000a128 (0x00a64c33) xor     s8, a2, a0
core   0: 3 0x8000a128 (0x00a64c33) x24 0x299c80c6
core   0: 0x8000a12c (0x1f9ea393) slti    t2, t4, 505
core   0: 3 0x8000a12c (0x1f9ea393) x 7 0x00000001
core   0: 0x8000a130 (0x010c7633) and     a2, s8, a6
core   0: 3 0x8000a130 (0x010c7633) x12 0x00000000
core   0: 0x8000a134 (0xf30c2c13) slti    s8, s8, -208
core   0: 3 0x8000a134 (0xf30c2c13) x24 0x00000000
core   0: 0x8000a138 (0x406280b3) sub     ra, t0, t1
core   0: 3 0x8000a138 (0x406280b3) x 1 0xfff80000
core   0: 0x8000a13c (0x9d088b93) addi    s7, a7, -1584
core   0: 3 0x8000a13c (0x9d088b93) x23 0xfffff9d0
core   0: 0x8000a140 (0x9ba96593) ori     a1, s2, -1606
core   0: 3 0x8000a140 (0x9ba96593) x11 0xfffff9bb
core   0: 0x8000a144 (0x426a8c13) addi    s8, s5, 1062
core   0: 3 0x8000a144 (0x426a8c13) x24 0xd8037e59
core   0: 0x8000a148 (0x41a2d0b3) sra     ra, t0, s10
core   0: 3 0x8000a148 (0x41a2d0b3) x 1 0x00000000
core   0: 0x8000a14c (0x01a5b5b3) sltu    a1, a1, s10
core   0: 3 0x8000a14c (0x01a5b5b3) x11 0x00000000
core   0: 0x8000a150 (0x00afe533) or      a0, t6, a0
core   0: 3 0x8000a150 (0x00afe533) x10 0x00037fef
core   0: 0x8000a154 (0x1ad6b517) auipc   a0, 0x1ad6b
core   0: 3 0x8000a154 (0x1ad6b517) x10 0x9ad75154
core   0: 0x8000a158 (0x00000013) nop
core   0: 3 0x8000a158 (0x00000013)
core   0: 0x8000a15c (0x43da4e13) xori    t3, s4, 1085
core   0: 3 0x8000a15c (0x43da4e13) x28 0x0000043d
core   0: 0x8000a160 (0xbcd9c513) xori    a0, s3, -1075
core   0: 3 0x8000a160 (0xbcd9c513) x10 0xfffc81fe
core   0: 0x8000a164 (0x01a63ab3) sltu    s5, a2, s10
core   0: 3 0x8000a164 (0x01a63ab3) x21 0x00000000
core   0: 0x8000a168 (0x01d70533) add     a0, a4, t4
core   0: 3 0x8000a168 (0x01d70533) x10 0x80000000
core   0: 0x8000a16c (0xceb1e293) ori     t0, gp, -789
core   0: 3 0x8000a16c (0xceb1e293) x 5 0xfffffceb
core   0: 0x8000a170 (0x01d42db3) slt     s11, s0, t4
core   0: 3 0x8000a170 (0x01d42db3) x27 0x00000000
core   0: 0x8000a174 (0xad5c2313) slti    t1, s8, -1323
core   0: 3 0x8000a174 (0xad5c2313) x 6 0x00000001
core   0: 0x8000a178 (0x0acc6993) ori     s3, s8, 172
core   0: 3 0x8000a178 (0x0acc6993) x19 0xd8037efd
core   0: 0x8000a17c (0x015b36b3) sltu    a3, s6, s5
core   0: 3 0x8000a17c (0x015b36b3) x13 0x00000000
core   0: 0x8000a180 (0x0134d333) srl     t1, s1, s3
core   0: 3 0x8000a180 (0x0134d333) x 6 0x00000000
core   0: 0x8000a184 (0x01575833) srl     a6, a4, s5
core   0: 3 0x8000a184 (0x01575833) x16 0x00000000
core   0: 0x8000a188 (0x0186de33) srl     t3, a3, s8
core   0: 3 0x8000a188 (0x0186de33) x28 0x00000000
core   0: 0x8000a18c (0x41ea0033) sub     zero, s4, t5
core   0: 3 0x8000a18c (0x41ea0033)
core   0: 0x8000a190 (0xbb1ef393) andi    t2, t4, -1103
core   0: 3 0x8000a190 (0xbb1ef393) x 7 0x80000000
core   0: 0x8000a194 (0x0220fa17) auipc   s4, 0x220f
core   0: 3 0x8000a194 (0x0220fa17) x20 0x82219194
core   0: 0x8000a198 (0x005c5333) srl     t1, s8, t0
core   0: 3 0x8000a198 (0x005c5333) x 6 0x001b006f
core   0: 0x8000a19c (0x9311ca13) xori    s4, gp, -1743
core   0: 3 0x8000a19c (0x9311ca13) x20 0xfffff931
core   0: 0x8000a1a0 (0x005f6233) or      tp, t5, t0
core   0: 3 0x8000a1a0 (0x005f6233) x 4 0xfffffceb
core   0: 0x8000a1a4 (0x017d6d33) or      s10, s10, s7
core   0: 3 0x8000a1a4 (0x017d6d33) x26 0xfffff9d0
core   0: 0x8000a1a8 (0x03e88893) addi    a7, a7, 62
core   0: 3 0x8000a1a8 (0x03e88893) x17 0x0000003e
core   0: 0x8000a1ac (0x018f7633) and     a2, t5, s8
core   0: 3 0x8000a1ac (0x018f7633) x12 0x00000000
core   0: 0x8000a1b0 (0x018893b3) sll     t2, a7, s8
core   0: 3 0x8000a1b0 (0x018893b3) x 7 0x7c000000
core   0: 0x8000a1b4 (0x003559b3) srl     s3, a0, gp
core   0: 3 0x8000a1b4 (0x003559b3) x19 0x80000000
core   0: 0x8000a1b8 (0x002b98b3) sll     a7, s7, sp
core   0: 3 0x8000a1b8 (0x002b98b3) x17 0x40000000
core   0: 0x8000a1bc (0x01d0f133) and     sp, ra, t4
core   0: 3 0x8000a1bc (0x01d0f133) x 2 0x00000000
core   0: 0x8000a1c0 (0x00e130b3) sltu    ra, sp, a4
core   0: 3 0x8000a1c0 (0x00e130b3) x 1 0x00000000
core   0: 0x8000a1c4 (0x00000013) nop
core   0: 3 0x8000a1c4 (0x00000013)
core   0: 0x8000a1c8 (0x001f5533) srl     a0, t5, ra
core   0: 3 0x8000a1c8 (0x001f5533) x10 0x00000000
core   0: 0x8000a1cc (0x004a4133) xor     sp, s4, tp
core   0: 3 0x8000a1cc (0x004a4133) x 2 0x000005da
core   0: 0x8000a1d0 (0x518cc213) xori    tp, s9, 1304
core   0: 3 0x8000a1d0 (0x518cc213) x 4 0x800149fc
core   0: 0x8000a1d4 (0x01d39a33) sll     s4, t2, t4
core   0: 3 0x8000a1d4 (0x01d39a33) x20 0x7c000000
core   0: 0x8000a1d8 (0x01cbda13) srli    s4, s7, 28
core   0: 3 0x8000a1d8 (0x01cbda13) x20 0x0000000f
core   0: 0x8000a1dc (0x0137a933) slt     s2, a5, s3
core   0: 3 0x8000a1dc (0x0137a933) x18 0x00000000
core   0: 0x8000a1e0 (0x01977533) and     a0, a4, s9
core   0: 3 0x8000a1e0 (0x01977533) x10 0x00000000
core   0: 0x8000a1e4 (0x7723e993) ori     s3, t2, 1906
core   0: 3 0x8000a1e4 (0x7723e993) x19 0x7c000772
core   0: 0x8000a1e8 (0x00d46c33) or      s8, s0, a3
core   0: 3 0x8000a1e8 (0x00d46c33) x24 0x80010e64
core   0: 0x8000a1ec (0x01f4e233) or      tp, s1, t6
core   0: 3 0x8000a1ec (0x01f4e233) x 4 0x00037faf
core   0: 0x8000a1f0 (0x00505e33) srl     t3, zero, t0
core   0: 3 0x8000a1f0 (0x00505e33) x28 0x00000000
core   0: 0x8000a1f4 (0x3aa83213) sltiu   tp, a6, 938
core   0: 3 0x8000a1f4 (0x3aa83213) x 4 0x00000001
core   0: 0x8000a1f8 (0x7a27a993) slti    s3, a5, 1954
core   0: 3 0x8000a1f8 (0x7a27a993) x19 0x00000001
core   0: 0x8000a1fc (0x40afd493) srai    s1, t6, 10
core   0: 3 0x8000a1fc (0x40afd493) x 9 0x000000df
core   0: 0x8000a200 (0x4117d513) srai    a0, a5, 17
core   0: 3 0x8000a200 (0x4117d513) x10 0x00000000
core   0: 0x8000a204 (0x1b8c6493) ori     s1, s8, 440
core   0: 3 0x8000a204 (0x1b8c6493) x 9 0x80010ffc
core   0: 0x8000a208 (0x00215a93) srli    s5, sp, 2
core   0: 3 0x8000a208 (0x00215a93) x21 0x00000176
core   0: 0x8000a20c (0x01821193) slli    gp, tp, 24
core   0: 3 0x8000a20c (0x01821193) x 3 0x01000000
core   0: 0x8000a210 (0xdd6beb93) ori     s7, s7, -554
core   0: 3 0x8000a210 (0xdd6beb93) x23 0xfffffdd6
core   0: 0x8000a214 (0x00000013) nop
core   0: 3 0x8000a214 (0x00000013)
core   0: 0x8000a218 (0x01c85ab3) srl     s5, a6, t3
core   0: 3 0x8000a218 (0x01c85ab3) x21 0x00000000
core   0: 0x8000a21c (0x00f306b3) add     a3, t1, a5
core   0: 3 0x8000a21c (0x00f306b3) x13 0x001b0595
core   0: 0x8000a220 (0x6f25a793) slti    a5, a1, 1778
core   0: 3 0x8000a220 (0x6f25a793) x15 0x00000001
core   0: 0x8000a224 (0x05f3e393) ori     t2, t2, 95
core   0: 3 0x8000a224 (0x05f3e393) x 7 0x7c00005f
core   0: 0x8000a228 (0x0100e133) or      sp, ra, a6
core   0: 3 0x8000a228 (0x0100e133) x 2 0x00000000
core   0: 0x8000a22c (0xfdeb7713) andi    a4, s6, -34
core   0: 3 0x8000a22c (0xfdeb7713) x14 0xd8000000
core   0: 0x8000a230 (0x0190c1b3) xor     gp, ra, s9
core   0: 3 0x8000a230 (0x0190c1b3) x 3 0x80014ce4
core   0: 0x8000a234 (0x00c08333) add     t1, ra, a2
core   0: 3 0x8000a234 (0x00c08333) x 6 0x00000000
core   0: 0x8000a238 (0x00000013) nop
core   0: 3 0x8000a238 (0x00000013)
core   0: 0x8000a23c (0xc1533993) sltiu   s3, t1, -1003
core   0: 3 0x8000a23c (0xc1533993) x19 0x00000001
core   0: 0x8000a240 (0x25b02493) slti    s1, zero, 603
core   0: 3 0x8000a240 (0x25b02493) x 9 0x00000001
core   0: 0x8000a244 (0xea2838b7) lui     a7, 0xea283
core   0: 3 0x8000a244 (0xea2838b7) x17 0xea283000
core   0: 0x8000a248 (0x8a5dc497) auipc   s1, 0x8a5dc
core   0: 3 0x8000a248 (0x8a5dc497) x 9 0x0a5e6248
core   0: 0x8000a24c (0x9243a593) slti    a1, t2, -1756
core   0: 3 0x8000a24c (0x9243a593) x11 0x00000000
core   0: 0x8000a250 (0x008b5393) srli    t2, s6, 8
core   0: 3 0x8000a250 (0x008b5393) x 7 0x00d80000
core   0: 0x8000a254 (0x41c50ab3) sub     s5, a0, t3
core   0: 3 0x8000a254 (0x41c50ab3) x21 0x00000000
core   0: 0x8000a258 (0x0126c0b3) xor     ra, a3, s2
core   0: 3 0x8000a258 (0x0126c0b3) x 1 0x001b0595
core   0: 0x8000a25c (0x0171ddb3) srl     s11, gp, s7
core   0: 3 0x8000a25c (0x0171ddb3) x27 0x00000200
core   0: 0x8000a260 (0x3f60c893) xori    a7, ra, 1014
core   0: 3 0x8000a260 (0x3f60c893) x17 0x001b0663
core   0: 0x8000a264 (0xe25eaa13) slti    s4, t4, -475
core   0: 3 0x8000a264 (0xe25eaa13) x20 0x00000001
core   0: 0x8000a268 (0x29654513) xori    a0, a0, 662
core   0: 3 0x8000a268 (0x29654513) x10 0x00000296
core   0: 0x8000a26c (0x00f01c13) slli    s8, zero, 15
core   0: 3 0x8000a26c (0x00f01c13) x24 0x00000000
core   0: 0x8000a270 (0x012f9933) sll     s2, t6, s2
core   0: 3 0x8000a270 (0x012f9933) x18 0x00037faf
core   0: 0x8000a274 (0xcb4b6e13) ori     t3, s6, -844
core   0: 3 0x8000a274 (0xcb4b6e13) x28 0xfffffcb4
core   0: 0x8000a278 (0x0068c6b3) xor     a3, a7, t1
core   0: 3 0x8000a278 (0x0068c6b3) x13 0x001b0663
core   0: 0x8000a27c (0x005f29b3) slt     s3, t5, t0
core   0: 3 0x8000a27c (0x005f29b3) x19 0x00000000
core   0: 0x8000a280 (0x00000013) nop
core   0: 3 0x8000a280 (0x00000013)
core   0: 0x8000a284 (0x60463513) sltiu   a0, a2, 1540
core   0: 3 0x8000a284 (0x60463513) x10 0x00000001
core   0: 0x8000a288 (0x01793b33) sltu    s6, s2, s7
core   0: 3 0x8000a288 (0x01793b33) x22 0x00000001
core   0: 0x8000a28c (0x018baab3) slt     s5, s7, s8
core   0: 3 0x8000a28c (0x018baab3) x21 0x00000001
core   0: 0x8000a290 (0xd592b537) lui     a0, 0xd592b
core   0: 3 0x8000a290 (0xd592b537) x10 0xd592b000
core   0: 0x8000a294 (0x75a391b7) lui     gp, 0x75a39
core   0: 3 0x8000a294 (0x75a391b7) x 3 0x75a39000
core   0: 0x8000a298 (0x1f774693) xori    a3, a4, 503
core   0: 3 0x8000a298 (0x1f774693) x13 0xd80001f7
core   0: 0x8000a29c (0x000a20b3) slt     ra, s4, zero
core   0: 3 0x8000a29c (0x000a20b3) x 1 0x00000000
core   0: 0x8000a2a0 (0x00f5be33) sltu    t3, a1, a5
core   0: 3 0x8000a2a0 (0x00f5be33) x28 0x00000001
core   0: 0x8000a2a4 (0x00cadbb3) srl     s7, s5, a2
core   0: 3 0x8000a2a4 (0x00cadbb3) x23 0x00000001
core   0: 0x8000a2a8 (0x00000013) nop
core   0: 3 0x8000a2a8 (0x00000013)
core   0: 0x8000a2ac (0x016cc733) xor     a4, s9, s6
core   0: 3 0x8000a2ac (0x016cc733) x14 0x80014ce5
core   0: 0x8000a2b0 (0x40505693) srai    a3, zero, 5
core   0: 3 0x8000a2b0 (0x40505693) x13 0x00000000
core   0: 0x8000a2b4 (0x40660133) sub     sp, a2, t1
core   0: 3 0x8000a2b4 (0x40660133) x 2 0x00000000
core   0: 0x8000a2b8 (0x00149db3) sll     s11, s1, ra
core   0: 3 0x8000a2b8 (0x00149db3) x27 0x0a5e6248
core   0: 0x8000a2bc (0x1496ff97) auipc   t6, 0x1496f
core   0: 3 0x8000a2bc (0x1496ff97) x31 0x949792bc
core   0: 0x8000a2c0 (0x01956833) or      a6, a0, s9
core   0: 3 0x8000a2c0 (0x01956833) x16 0xd593fce4
core   0: 0x8000a2c4 (0x006972b3) and     t0, s2, t1
core   0: 3 0x8000a2c4 (0x006972b3) x 5 0x00000000
core   0: 0x8000a2c8 (0xd5c2fb13) andi    s6, t0, -676
core   0: 3 0x8000a2c8 (0xd5c2fb13) x22 0x00000000
core   0: 0x8000a2cc (0x0174eab3) or      s5, s1, s7
core   0: 3 0x8000a2cc (0x0174eab3) x21 0x0a5e6249
core   0: 0x8000a2d0 (0x00011613) slli    a2, sp, 0
core   0: 3 0x8000a2d0 (0x00011613) x12 0x00000000
core   0: 0x8000a2d4 (0x93a4f197) auipc   gp, 0x93a4f
core   0: 3 0x8000a2d4 (0x93a4f197) x 3 0x13a592d4
core   0: 0x8000a2d8 (0x4c8da313) slti    t1, s11, 1224
core   0: 3 0x8000a2d8 (0x4c8da313) x 6 0x00000000
core   0: 0x8000a2dc (0x4106d893) srai    a7, a3, 16
core   0: 3 0x8000a2dc (0x4106d893) x17 0x00000000
core   0: 0x8000a2e0 (0x01a5c9b3) xor     s3, a1, s10
core   0: 3 0x8000a2e0 (0x01a5c9b3) x19 0xfffff9d0
core   0: 0x8000a2e4 (0x00a1dc33) srl     s8, gp, a0
core   0: 3 0x8000a2e4 (0x00a1dc33) x24 0x13a592d4
core   0: 0x8000a2e8 (0x012118b3) sll     a7, sp, s2
core   0: 3 0x8000a2e8 (0x012118b3) x17 0x00000000
core   0: 0x8000a2ec (0x00000013) nop
core   0: 3 0x8000a2ec (0x00000013)
core   0: 0x8000a2f0 (0x01f5aab3) slt     s5, a1, t6
core   0: 3 0x8000a2f0 (0x01f5aab3) x21 0x00000000
core   0: 0x8000a2f4 (0x000fabb3) slt     s7, t6, zero
core   0: 3 0x8000a2f4 (0x000fabb3) x23 0x00000001
core   0: 0x8000a2f8 (0x00000013) nop
core   0: 3 0x8000a2f8 (0x00000013)
core   0: 0x8000a2fc (0xdf81f093) andi    ra, gp, -520
core   0: 3 0x8000a2fc (0xdf81f093) x 1 0x13a590d0
core   0: 0x8000a300 (0x00000013) nop
core   0: 3 0x8000a300 (0x00000013)
core   0: 0x8000a304 (0x92cf4893) xori    a7, t5, -1748
core   0: 3 0x8000a304 (0x92cf4893) x17 0xfffff92c
core   0: 0x8000a308 (0x005ccdb3) xor     s11, s9, t0
core   0: 3 0x8000a308 (0x005ccdb3) x27 0x80014ce4
core   0: 0x8000a30c (0x50bb6693) ori     a3, s6, 1291
core   0: 3 0x8000a30c (0x50bb6693) x13 0x0000050b
core   0: 0x8000a310 (0x40205093) srai    ra, zero, 2
core   0: 3 0x8000a310 (0x40205093) x 1 0x00000000
core   0: 0x8000a314 (0xf137ab13) slti    s6, a5, -237
core   0: 3 0x8000a314 (0xf137ab13) x22 0x00000000
core   0: 0x8000a318 (0x20cbf493) andi    s1, s7, 524
core   0: 3 0x8000a318 (0x20cbf493) x 9 0x00000000
core   0: 0x8000a31c (0x01c38933) add     s2, t2, t3
core   0: 3 0x8000a31c (0x01c38933) x18 0x00d80001
core   0: 0x8000a320 (0x008f40b3) xor     ra, t5, s0
core   0: 3 0x8000a320 (0x008f40b3) x 1 0x80010e64
core   0: 0x8000a324 (0x93c22613) slti    a2, tp, -1732
core   0: 3 0x8000a324 (0x93c22613) x12 0x00000000
core   0: 0x8000a328 (0x01fb12b3) sll     t0, s6, t6
core   0: 3 0x8000a328 (0x01fb12b3) x 5 0x00000000
core   0: 0x8000a32c (0x2a992837) lui     a6, 0x2a992
core   0: 3 0x8000a32c (0x2a992837) x16 0x2a992000
core   0: 0x8000a330 (0x8c284837) lui     a6, 0x8c284
core   0: 3 0x8000a330 (0x8c284837) x16 0x8c284000
core   0: 0x8000a334 (0x7889f193) andi    gp, s3, 1928
core   0: 3 0x8000a334 (0x7889f193) x 3 0x00000180
core   0: 0x8000a338 (0x31816d13) ori     s10, sp, 792
core   0: 3 0x8000a338 (0x31816d13) x26 0x00000318
core   0: 0x8000a33c (0x402556b3) sra     a3, a0, sp
core   0: 3 0x8000a33c (0x402556b3) x13 0xd592b000
core   0: 0x8000a340 (0xf8a6bf13) sltiu   t5, a3, -118
core   0: 3 0x8000a340 (0xf8a6bf13) x30 0x00000001
core   0: 0x8000a344 (0xd30ec113) xori    sp, t4, -720
core   0: 3 0x8000a344 (0xd30ec113) x 2 0x7ffffd30
core   0: 0x8000a348 (0xa89201b7) lui     gp, 0xa8920
core   0: 3 0x8000a348 (0xa89201b7) x 3 0xa8920000
core   0: 0x8000a34c (0x9b7f8bb7) lui     s7, 0x9b7f8
core   0: 3 0x8000a34c (0x9b7f8bb7) x23 0x9b7f8000
core   0: 0x8000a350 (0x01233533) sltu    a0, t1, s2
core   0: 3 0x8000a350 (0x01233533) x10 0x00000001
core   0: 0x8000a354 (0xbf02ed93) ori     s11, t0, -1040
core   0: 3 0x8000a354 (0xbf02ed93) x27 0xfffffbf0
core   0: 0x8000a358 (0x412f5933) sra     s2, t5, s2
core   0: 3 0x8000a358 (0x412f5933) x18 0x00000000
core   0: 0x8000a35c (0x00779b13) slli    s6, a5, 7
core   0: 3 0x8000a35c (0x00779b13) x22 0x00000080
core   0: 0x8000a360 (0x01e02ab3) slt     s5, zero, t5
core   0: 3 0x8000a360 (0x01e02ab3) x21 0x00000001
core   0: 0x8000a364 (0x4183da33) sra     s4, t2, s8
core   0: 3 0x8000a364 (0x4183da33) x20 0x0000000d
core   0: 0x8000a368 (0x3a874313) xori    t1, a4, 936
core   0: 3 0x8000a368 (0x3a874313) x 6 0x80014f4d
core   0: 0x8000a36c (0xe6bb8913) addi    s2, s7, -405
core   0: 3 0x8000a36c (0xe6bb8913) x18 0x9b7f7e6b
core   0: 0x8000a370 (0x0d9ba193) slti    gp, s7, 217
core   0: 3 0x8000a370 (0x0d9ba193) x 3 0x00000001
core   0: 0x8000a374 (0x0096aa33) slt     s4, a3, s1
core   0: 3 0x8000a374 (0x0096aa33) x20 0x00000001
core   0: 0x8000a378 (0x41cf0733) sub     a4, t5, t3
core   0: 3 0x8000a378 (0x41cf0733) x14 0x00000000
core   0: 0x8000a37c (0x01ace2b3) or      t0, s9, s10
core   0: 3 0x8000a37c (0x01ace2b3) x 5 0x80014ffc
core   0: 0x8000a380 (0x0138c733) xor     a4, a7, s3
core   0: 3 0x8000a380 (0x0138c733) x14 0x000000fc
core   0: 0x8000a384 (0x00b07a33) and     s4, zero, a1
core   0: 3 0x8000a384 (0x00b07a33) x20 0x00000000
core   0: 0x8000a388 (0x89ee4637) lui     a2, 0x89ee4
core   0: 3 0x8000a388 (0x89ee4637) x12 0x89ee4000
core   0: 0x8000a38c (0x01e61c13) slli    s8, a2, 30
core   0: 3 0x8000a38c (0x01e61c13) x24 0x00000000
core   0: 0x8000a390 (0x40d65533) sra     a0, a2, a3
core   0: 3 0x8000a390 (0x40d65533) x10 0x89ee4000
core   0: 0x8000a394 (0x01215693) srli    a3, sp, 18
core   0: 3 0x8000a394 (0x01215693) x13 0x00001fff
core   0: 0x8000a398 (0x00cd57b3) srl     a5, s10, a2
core   0: 3 0x8000a398 (0x00cd57b3) x15 0x00000318
core   0: 0x8000a39c (0x006e38b3) sltu    a7, t3, t1
core   0: 3 0x8000a39c (0x006e38b3) x17 0x00000001
core   0: 0x8000a3a0 (0xffd1f713) andi    a4, gp, -3
core   0: 3 0x8000a3a0 (0xffd1f713) x14 0x00000001
core   0: 0x8000a3a4 (0x0066e2b3) or      t0, a3, t1
core   0: 3 0x8000a3a4 (0x0066e2b3) x 5 0x80015fff
core   0: 0x8000a3a8 (0x01c76bb3) or      s7, a4, t3
core   0: 3 0x8000a3a8 (0x01c76bb3) x23 0x00000001
core   0: 0x8000a3ac (0x722d3513) sltiu   a0, s10, 1826
core   0: 3 0x8000a3ac (0x722d3513) x10 0x00000001
core   0: 0x8000a3b0 (0x00000013) nop
core   0: 3 0x8000a3b0 (0x00000013)
core   0: 0x8000a3b4 (0xdf7b8913) addi    s2, s7, -521
core   0: 3 0x8000a3b4 (0xdf7b8913) x18 0xfffffdf8
core   0: 0x8000a3b8 (0x87e78e13) addi    t3, a5, -1922
core   0: 3 0x8000a3b8 (0x87e78e13) x28 0xfffffb96
core   0: 0x8000a3bc (0x01015013) srli    zero, sp, 16
core   0: 3 0x8000a3bc (0x01015013)
core   0: 0x8000a3c0 (0x1bd63213) sltiu   tp, a2, 445
core   0: 3 0x8000a3c0 (0x1bd63213) x 4 0x00000000
core   0: 0x8000a3c4 (0x00064633) xor     a2, a2, zero
core   0: 3 0x8000a3c4 (0x00064633) x12 0x89ee4000
core   0: 0x8000a3c8 (0xdfc0ed13) ori     s10, ra, -516
core   0: 3 0x8000a3c8 (0xdfc0ed13) x26 0xfffffffc
core   0: 0x8000a3cc (0x005e5013) srli    zero, t3, 5
core   0: 3 0x8000a3cc (0x005e5013)
core   0: 0x8000a3d0 (0x2abbbf97) auipc   t6, 0x2abbb
core   0: 3 0x8000a3d0 (0x2abbbf97) x31 0xaabc53d0
core   0: 0x8000a3d4 (0x1164bd13) sltiu   s10, s1, 278
core   0: 3 0x8000a3d4 (0x1164bd13) x26 0x00000001
core   0: 0x8000a3d8 (0x40dfd6b3) sra     a3, t6, a3
core   0: 3 0x8000a3d8 (0x40dfd6b3) x13 0xffffffff
core   0: 0x8000a3dc (0xff879997) auipc   s3, 0xff879
core   0: 3 0x8000a3dc (0xff879997) x19 0x7f8833dc
core   0: 0x8000a3e0 (0x019c16b3) sll     a3, s8, s9
core   0: 3 0x8000a3e0 (0x019c16b3) x13 0x00000000
core   0: 0x8000a3e4 (0x000b0033) add     zero, s6, zero
core   0: 3 0x8000a3e4 (0x000b0033)
core   0: 0x8000a3e8 (0x00000013) nop
core   0: 3 0x8000a3e8 (0x00000013)
core   0: 0x8000a3ec (0xc410b293) sltiu   t0, ra, -959
core   0: 3 0x8000a3ec (0xc410b293) x 5 0x00000001
core   0: 0x8000a3f0 (0x018708b3) add     a7, a4, s8
core   0: 3 0x8000a3f0 (0x018708b3) x17 0x00000001
core   0: 0x8000a3f4 (0xc3833d93) sltiu   s11, t1, -968
core   0: 3 0x8000a3f4 (0xc3833d93) x27 0x00000001
core   0: 0x8000a3f8 (0x017e72b3) and     t0, t3, s7
core   0: 3 0x8000a3f8 (0x017e72b3) x 5 0x00000000
core   0: 0x8000a3fc (0x0141d113) srli    sp, gp, 20
core   0: 3 0x8000a3fc (0x0141d113) x 2 0x00000000
core   0: 0x8000a400 (0x18976ab7) lui     s5, 0x18976
core   0: 3 0x8000a400 (0x18976ab7) x21 0x18976000
core   0: 0x8000a404 (0x00ca5f13) srli    t5, s4, 12
core   0: 3 0x8000a404 (0x00ca5f13) x30 0x00000000
core   0: 0x8000a408 (0x00d62b33) slt     s6, a2, a3
core   0: 3 0x8000a408 (0x00d62b33) x22 0x00000001
core   0: 0x8000a40c (0xc9fe2a93) slti    s5, t3, -865
core   0: 3 0x8000a40c (0xc9fe2a93) x21 0x00000001
core   0: 0x8000a410 (0x01bafbb3) and     s7, s5, s11
core   0: 3 0x8000a410 (0x01bafbb3) x23 0x00000001
core   0: 0x8000a414 (0x0190f233) and     tp, ra, s9
core   0: 3 0x8000a414 (0x0190f233) x 4 0x80010c64
core   0: 0x8000a418 (0x41e60233) sub     tp, a2, t5
core   0: 3 0x8000a418 (0x41e60233) x 4 0x89ee4000
core   0: 0x8000a41c (0xb4e67213) andi    tp, a2, -1202
core   0: 3 0x8000a41c (0xb4e67213) x 4 0x89ee4000
core   0: 0x8000a420 (0x36398093) addi    ra, s3, 867
core   0: 3 0x8000a420 (0x36398093) x 1 0x7f88373f
core   0: 0x8000a424 (0x01c79e33) sll     t3, a5, t3
core   0: 3 0x8000a424 (0x01c79e33) x28 0xc6000000
core   0: 0x8000a428 (0x016b5793) srli    a5, s6, 22
core   0: 3 0x8000a428 (0x016b5793) x15 0x00000000
core   0: 0x8000a42c (0x01413533) sltu    a0, sp, s4
core   0: 3 0x8000a42c (0x01413533) x10 0x00000000
core   0: 0x8000a430 (0x41965933) sra     s2, a2, s9
core   0: 3 0x8000a430 (0x41965933) x18 0xf89ee400
core   0: 0x8000a434 (0x1788a497) auipc   s1, 0x1788a
core   0: 3 0x8000a434 (0x1788a497) x 9 0x97894434
core   0: 0x8000a438 (0x002d6833) or      a6, s10, sp
core   0: 3 0x8000a438 (0x002d6833) x16 0x00000001
core   0: 0x8000a43c (0xf93f4a93) xori    s5, t5, -109
core   0: 3 0x8000a43c (0xf93f4a93) x21 0xffffff93
core   0: 0x8000a440 (0x01c0b033) sltu    zero, ra, t3
core   0: 3 0x8000a440 (0x01c0b033)
core   0: 0x8000a444 (0x002f6233) or      tp, t5, sp
core   0: 3 0x8000a444 (0x002f6233) x 4 0x00000000
core   0: 0x8000a448 (0x0151dc13) srli    s8, gp, 21
core   0: 3 0x8000a448 (0x0151dc13) x24 0x00000000
core   0: 0x8000a44c (0x40965233) sra     tp, a2, s1
core   0: 3 0x8000a44c (0x40965233) x 4 0xfffff89e
core   0: 0x8000a450 (0x006fd4b3) srl     s1, t6, t1
core   0: 3 0x8000a450 (0x006fd4b3) x 9 0x000555e2
core   0: 0x8000a454 (0x00468633) add     a2, a3, tp
core   0: 3 0x8000a454 (0x00468633) x12 0xfffff89e
core   0: 0x8000a458 (0xcb2d8393) addi    t2, s11, -846
core   0: 3 0x8000a458 (0xcb2d8393) x 7 0xfffffcb3
core   0: 0x8000a45c (0x01bd5d33) srl     s10, s10, s11
core   0: 3 0x8000a45c (0x01bd5d33) x26 0x00000000
core   0: 0x8000a460 (0xc9f76097) auipc   ra, 0xc9f76
core   0: 3 0x8000a460 (0xc9f76097) x 1 0x49f80460
core   0: 0x8000a464 (0x41cc54b3) sra     s1, s8, t3
core   0: 3 0x8000a464 (0x41cc54b3) x 9 0x00000000
core   0: 0x8000a468 (0x66e8f5b7) lui     a1, 0x66e8f
core   0: 3 0x8000a468 (0x66e8f5b7) x11 0x66e8f000
core   0: 0x8000a46c (0x0dea0893) addi    a7, s4, 222
core   0: 3 0x8000a46c (0x0dea0893) x17 0x000000de
core   0: 0x8000a470 (0x00b269b3) or      s3, tp, a1
core   0: 3 0x8000a470 (0x00b269b3) x19 0xfffff89e
core   0: 0x8000a474 (0x56d90c13) addi    s8, s2, 1389
core   0: 3 0x8000a474 (0x56d90c13) x24 0xf89ee96d
core   0: 0x8000a478 (0x00000013) nop
core   0: 3 0x8000a478 (0x00000013)
core   0: 0x8000a47c (0x45cbaa13) slti    s4, s7, 1116
core   0: 3 0x8000a47c (0x45cbaa13) x20 0x00000001
core   0: 0x8000a480 (0x00c8b0b3) sltu    ra, a7, a2
core   0: 3 0x8000a480 (0x00c8b0b3) x 1 0x00000001
core   0: 0x8000a484 (0x410e0db3) sub     s11, t3, a6
core   0: 3 0x8000a484 (0x410e0db3) x27 0xc5ffffff
core   0: 0x8000a488 (0x3dff3a93) sltiu   s5, t5, 991
core   0: 3 0x8000a488 (0x3dff3a93) x21 0x00000001
core   0: 0x8000a48c (0x010715b3) sll     a1, a4, a6
core   0: 3 0x8000a48c (0x010715b3) x11 0x00000002
core   0: 0x8000a490 (0x00000013) nop
core   0: 3 0x8000a490 (0x00000013)
core   0: 0x8000a494 (0x5f590617) auipc   a2, 0x5f590
core   0: 3 0x8000a494 (0x5f590617) x12 0xdf59a494
core   0: 0x8000a498 (0x01eb1293) slli    t0, s6, 30
core   0: 3 0x8000a498 (0x01eb1293) x 5 0x40000000
core   0: 0x8000a49c (0x02b03717) auipc   a4, 0x2b03
core   0: 3 0x8000a49c (0x02b03717) x14 0x82b0d49c
core   0: 0x8000a4a0 (0xf6bcf713) andi    a4, s9, -149
core   0: 3 0x8000a4a0 (0xf6bcf713) x14 0x80014c60
core   0: 0x8000a4a4 (0x442b9697) auipc   a3, 0x442b9
core   0: 3 0x8000a4a4 (0x442b9697) x13 0xc42c34a4
core   0: 0x8000a4a8 (0xced04493) xori    s1, zero, -787
core   0: 3 0x8000a4a8 (0xced04493) x 9 0xfffffced
core   0: 0x8000a4ac (0xe387b497) auipc   s1, 0xe387b
core   0: 3 0x8000a4ac (0xe387b497) x 9 0x638854ac
core   0: 0x8000a4b0 (0x01ce83b3) add     t2, t4, t3
core   0: 3 0x8000a4b0 (0x01ce83b3) x 7 0x46000000
core   0: 0x8000a4b4 (0x010185b3) add     a1, gp, a6
core   0: 3 0x8000a4b4 (0x010185b3) x11 0x00000002
core   0: 0x8000a4b8 (0x01839b13) slli    s6, t2, 24
core   0: 3 0x8000a4b8 (0x01839b13) x22 0x00000000
core   0: 0x8000a4bc (0xcdcb3913) sltiu   s2, s6, -804
core   0: 3 0x8000a4bc (0xcdcb3913) x18 0x00000001
core   0: 0x8000a4c0 (0x24572013) slti    zero, a4, 581
core   0: 3 0x8000a4c0 (0x24572013)
core   0: 0x8000a4c4 (0x0195eab3) or      s5, a1, s9
core   0: 3 0x8000a4c4 (0x0195eab3) x21 0x80014ce6
core   0: 0x8000a4c8 (0xd7468593) addi    a1, a3, -652
core   0: 3 0x8000a4c8 (0xd7468593) x11 0xc42c3218
core   0: 0x8000a4cc (0x8ef14293) xori    t0, sp, -1809
core   0: 3 0x8000a4cc (0x8ef14293) x 5 0xfffff8ef
core   0: 0x8000a4d0 (0xb8d7f213) andi    tp, a5, -1139
core   0: 3 0x8000a4d0 (0xb8d7f213) x 4 0x00000000
core   0: 0x8000a4d4 (0xe6648713) addi    a4, s1, -410
core   0: 3 0x8000a4d4 (0xe6648713) x14 0x63885312
core   0: 0x8000a4d8 (0x293faf13) slti    t5, t6, 659
core   0: 3 0x8000a4d8 (0x293faf13) x30 0x00000001
core   0: 0x8000a4dc (0x00d2cd33) xor     s10, t0, a3
core   0: 3 0x8000a4dc (0x00d2cd33) x26 0x3bd3cc4b
core   0: 0x8000a4e0 (0x89ba8e17) auipc   t3, 0x89ba8
core   0: 3 0x8000a4e0 (0x89ba8e17) x28 0x09bb24e0
core   0: 0x8000a4e4 (0x00e090b3) sll     ra, ra, a4
core   0: 3 0x8000a4e4 (0x00e090b3) x 1 0x00040000
core   0: 0x8000a4e8 (0x013c21b3) slt     gp, s8, s3
core   0: 3 0x8000a4e8 (0x013c21b3) x 3 0x00000001
core   0: 0x8000a4ec (0xa5788493) addi    s1, a7, -1449
core   0: 3 0x8000a4ec (0xa5788493) x 9 0xfffffb35
core   0: 0x8000a4f0 (0x013bbdb3) sltu    s11, s7, s3
core   0: 3 0x8000a4f0 (0x013bbdb3) x27 0x00000001
core   0: 0x8000a4f4 (0x41a3dd33) sra     s10, t2, s10
core   0: 3 0x8000a4f4 (0x41a3dd33) x26 0x0008c000
core   0: 0x8000a4f8 (0xe2c97293) andi    t0, s2, -468
core   0: 3 0x8000a4f8 (0xe2c97293) x 5 0x00000000
core   0: 0x8000a4fc (0x66597893) andi    a7, s2, 1637
core   0: 3 0x8000a4fc (0x66597893) x17 0x00000001
core   0: 0x8000a500 (0x41c15793) srai    a5, sp, 28
core   0: 3 0x8000a500 (0x41c15793) x15 0x00000000
core   0: 0x8000a504 (0x00000013) nop
core   0: 3 0x8000a504 (0x00000013)
core   0: 0x8000a508 (0x008943b3) xor     t2, s2, s0
core   0: 3 0x8000a508 (0x008943b3) x 7 0x80010e65
core   0: 0x8000a50c (0x00f721b3) slt     gp, a4, a5
core   0: 3 0x8000a50c (0x00f721b3) x 3 0x00000000
core   0: 0x8000a510 (0x005a5d93) srli    s11, s4, 5
core   0: 3 0x8000a510 (0x005a5d93) x27 0x00000000
core   0: 0x8000a514 (0xe1403493) sltiu   s1, zero, -492
core   0: 3 0x8000a514 (0xe1403493) x 9 0x00000001
core   0: 0x8000a518 (0x00b62db3) slt     s11, a2, a1
core   0: 3 0x8000a518 (0x00b62db3) x27 0x00000000
core   0: 0x8000a51c (0x0047c533) xor     a0, a5, tp
core   0: 3 0x8000a51c (0x0047c533) x10 0x00000000
core   0: 0x8000a520 (0x00079833) sll     a6, a5, zero
core   0: 3 0x8000a520 (0x00079833) x16 0x00000000
core   0: 0x8000a524 (0x40438a33) sub     s4, t2, tp
core   0: 3 0x8000a524 (0x40438a33) x20 0x80010e65
core   0: 0x8000a528 (0xc37356b7) lui     a3, 0xc3735
core   0: 3 0x8000a528 (0xc37356b7) x13 0xc3735000
core   0: 0x8000a52c (0x008a6833) or      a6, s4, s0
core   0: 3 0x8000a52c (0x008a6833) x16 0x80010e65
core   0: 0x8000a530 (0x01595493) srli    s1, s2, 21
core   0: 3 0x8000a530 (0x01595493) x 9 0x00000000
core   0: 0x8000a534 (0x1ab1a193) slti    gp, gp, 427
core   0: 3 0x8000a534 (0x1ab1a193) x 3 0x00000001
core   0: 0x8000a538 (0x41dd0ab3) sub     s5, s10, t4
core   0: 3 0x8000a538 (0x41dd0ab3) x21 0x8008c000
core   0: 0x8000a53c (0x00000013) nop
core   0: 3 0x8000a53c (0x00000013)
core   0: 0x8000a540 (0x93bab893) sltiu   a7, s5, -1733
core   0: 3 0x8000a540 (0x93bab893) x17 0x00000001
core   0: 0x8000a544 (0x01f01db3) sll     s11, zero, t6
core   0: 3 0x8000a544 (0x01f01db3) x27 0x00000000
core   0: 0x8000a548 (0x95aded97) auipc   s11, 0x95ade
core   0: 3 0x8000a548 (0x95aded97) x27 0x15ae8548
core   0: 0x8000a54c (0x416784b3) sub     s1, a5, s6
core   0: 3 0x8000a54c (0x416784b3) x 9 0x00000000
core   0: 0x8000a550 (0x97320913) addi    s2, tp, -1677
core   0: 3 0x8000a550 (0x97320913) x18 0xfffff973
core   0: 0x8000a554 (0x01990133) add     sp, s2, s9
core   0: 3 0x8000a554 (0x01990133) x 2 0x80014657
core   0: 0x8000a558 (0x00dbdc13) srli    s8, s7, 13
core   0: 3 0x8000a558 (0x00dbdc13) x24 0x00000000
core   0: 0x8000a55c (0x00f5e2b3) or      t0, a1, a5
core   0: 3 0x8000a55c (0x00f5e2b3) x 5 0xc42c3218
core   0: 0x8000a560 (0x41955033) sra     zero, a0, s9
core   0: 3 0x8000a560 (0x41955033)
core   0: 0x8000a564 (0x5ec57b93) andi    s7, a0, 1516
core   0: 3 0x8000a564 (0x5ec57b93) x23 0x00000000
core   0: 0x8000a568 (0x0158d533) srl     a0, a7, s5
core   0: 3 0x8000a568 (0x0158d533) x10 0x00000001
core   0: 0x8000a56c (0x40fa8333) sub     t1, s5, a5
core   0: 3 0x8000a56c (0x40fa8333) x 6 0x8008c000
core   0: 0x8000a570 (0x9e7eed93) ori     s11, t4, -1561
core   0: 3 0x8000a570 (0x9e7eed93) x27 0xfffff9e7
core   0: 0x8000a574 (0x003f02b3) add     t0, t5, gp
core   0: 3 0x8000a574 (0x003f02b3) x 5 0x00000002
core   0: 0x8000a578 (0x01c598b3) sll     a7, a1, t3
core   0: 3 0x8000a578 (0x01c598b3) x17 0xc42c3218
core   0: 0x8000a57c (0x011e81b3) add     gp, t4, a7
core   0: 3 0x8000a57c (0x011e81b3) x 3 0x442c3218
core   0: 0x8000a580 (0x41330ab3) sub     s5, t1, s3
core   0: 3 0x8000a580 (0x41330ab3) x21 0x8008c762
core   0: 0x8000a584 (0x01a858b3) srl     a7, a6, s10
core   0: 3 0x8000a584 (0x01a858b3) x17 0x80010e65
core   0: 0x8000a588 (0x01519313) slli    t1, gp, 21
core   0: 3 0x8000a588 (0x01519313) x 6 0x43000000
core   0: 0x8000a58c (0x00000013) nop
core   0: 3 0x8000a58c (0x00000013)
core   0: 0x8000a590 (0x91f62793) slti    a5, a2, -1761
core   0: 3 0x8000a590 (0x91f62793) x15 0x00000001
core   0: 0x8000a594 (0xffa20f93) addi    t6, tp, -6
core   0: 3 0x8000a594 (0xffa20f93) x31 0xfffffffa
core   0: 0x8000a598 (0x7f54fa13) andi    s4, s1, 2037
core   0: 3 0x8000a598 (0x7f54fa13) x20 0x00000000
core   0: 0x8000a59c (0x006c0db3) add     s11, s8, t1
core   0: 3 0x8000a59c (0x006c0db3) x27 0x43000000
core   0: 0x8000a5a0 (0xa0617513) andi    a0, sp, -1530
core   0: 3 0x8000a5a0 (0xa0617513) x10 0x80014206
core   0: 0x8000a5a4 (0x00cf6733) or      a4, t5, a2
core   0: 3 0x8000a5a4 (0x00cf6733) x14 0xdf59a495
core   0: 0x8000a5a8 (0x40fedd93) srai    s11, t4, 15
core   0: 3 0x8000a5a8 (0x40fedd93) x27 0xffff0000
core   0: 0x8000a5ac (0x01905d93) srli    s11, zero, 25
core   0: 3 0x8000a5ac (0x01905d93) x27 0x00000000
core   0: 0x8000a5b0 (0x4dc27213) andi    tp, tp, 1244
core   0: 3 0x8000a5b0 (0x4dc27213) x 4 0x00000000
core   0: 0x8000a5b4 (0x01f21a93) slli    s5, tp, 31
core   0: 3 0x8000a5b4 (0x01f21a93) x21 0x00000000
core   0: 0x8000a5b8 (0x01871db3) sll     s11, a4, s8
core   0: 3 0x8000a5b8 (0x01871db3) x27 0xdf59a495
core   0: 0x8000a5bc (0xae14b997) auipc   s3, 0xae14b
core   0: 3 0x8000a5bc (0xae14b997) x19 0x2e1555bc
core   0: 0x8000a5c0 (0x0667be13) sltiu   t3, a5, 102
core   0: 3 0x8000a5c0 (0x0667be13) x28 0x00000001
core   0: 0x8000a5c4 (0x01fcd913) srli    s2, s9, 31
core   0: 3 0x8000a5c4 (0x01fcd913) x18 0x00000001
core   0: 0x8000a5c8 (0x016fbfb3) sltu    t6, t6, s6
core   0: 3 0x8000a5c8 (0x016fbfb3) x31 0x00000000
core   0: 0x8000a5cc (0x3f0abd13) sltiu   s10, s5, 1008
core   0: 3 0x8000a5cc (0x3f0abd13) x26 0x00000001
core   0: 0x8000a5d0 (0x005639b3) sltu    s3, a2, t0
core   0: 3 0x8000a5d0 (0x005639b3) x19 0x00000000
core   0: 0x8000a5d4 (0x40eb5393) srai    t2, s6, 14
core   0: 3 0x8000a5d4 (0x40eb5393) x 7 0x00000000
core   0: 0x8000a5d8 (0x00241913) slli    s2, s0, 2
core   0: 3 0x8000a5d8 (0x00241913) x18 0x00043990
core   0: 0x8000a5dc (0x01c8d493) srli    s1, a7, 28
core   0: 3 0x8000a5dc (0x01c8d493) x 9 0x00000008
core   0: 0x8000a5e0 (0x01c79493) slli    s1, a5, 28
core   0: 3 0x8000a5e0 (0x01c79493) x 9 0x10000000
core   0: 0x8000a5e4 (0x41045f93) srai    t6, s0, 16
core   0: 3 0x8000a5e4 (0x41045f93) x31 0xffff8001
core   0: 0x8000a5e8 (0x82888113) addi    sp, a7, -2008
core   0: 3 0x8000a5e8 (0x82888113) x 2 0x8001068d
core   0: 0x8000a5ec (0xc41b0d13) addi    s10, s6, -959
core   0: 3 0x8000a5ec (0xc41b0d13) x26 0xfffffc41
core   0: 0x8000a5f0 (0x968c4813) xori    a6, s8, -1688
core   0: 3 0x8000a5f0 (0x968c4813) x16 0xfffff968
core   0: 0x8000a5f4 (0x41b75f33) sra     t5, a4, s11
core   0: 3 0x8000a5f4 (0x41b75f33) x30 0xfffffefa
core   0: 0x8000a5f8 (0xa458aa93) slti    s5, a7, -1467
core   0: 3 0x8000a5f8 (0xa458aa93) x21 0x00000001
core   0: 0x8000a5fc (0x40130733) sub     a4, t1, ra
core   0: 3 0x8000a5fc (0x40130733) x14 0x42fc0000
core   0: 0x8000a600 (0x005d8133) add     sp, s11, t0
core   0: 3 0x8000a600 (0x005d8133) x 2 0xdf59a497
core   0: 0x8000a604 (0x00f61113) slli    sp, a2, 15
core   0: 3 0x8000a604 (0x00f61113) x 2 0xd24a0000
core   0: 0x8000a608 (0x0123ff33) and     t5, t2, s2
core   0: 3 0x8000a608 (0x0123ff33) x30 0x00000000
core   0: 0x8000a60c (0x0113bab3) sltu    s5, t2, a7
core   0: 3 0x8000a60c (0x0113bab3) x21 0x00000001
core   0: 0x8000a610 (0x0011dd93) srli    s11, gp, 1
core   0: 3 0x8000a610 (0x0011dd93) x27 0x2216190c
core   0: 0x8000a614 (0x41d806b3) sub     a3, a6, t4
core   0: 3 0x8000a614 (0x41d806b3) x13 0x7ffff968
core   0: 0x8000a618 (0x404a5513) srai    a0, s4, 4
core   0: 3 0x8000a618 (0x404a5513) x10 0x00000000
core   0: 0x8000a61c (0xe230a993) slti    s3, ra, -477
core   0: 3 0x8000a61c (0xe230a993) x19 0x00000000
core   0: 0x8000a620 (0x01151213) slli    tp, a0, 17
core   0: 3 0x8000a620 (0x01151213) x 4 0x00000000
core   0: 0x8000a624 (0xbbf73497) auipc   s1, 0xbbf73
core   0: 3 0x8000a624 (0xbbf73497) x 9 0x3bf7d624
core   0: 0x8000a628 (0x00b80db3) add     s11, a6, a1
core   0: 3 0x8000a628 (0x00b80db3) x27 0xc42c2b80
core   0: 0x8000a62c (0x9b1a11b7) lui     gp, 0x9b1a1
core   0: 3 0x8000a62c (0x9b1a11b7) x 3 0x9b1a1000
core   0: 0x8000a630 (0x1a913193) sltiu   gp, sp, 425
core   0: 3 0x8000a630 (0x1a913193) x 3 0x00000000
core   0: 0x8000a634 (0x41fd01b3) sub     gp, s10, t6
core   0: 3 0x8000a634 (0x41fd01b3) x 3 0x00007c40
core   0: 0x8000a638 (0x018650b3) srl     ra, a2, s8
core   0: 3 0x8000a638 (0x018650b3) x 1 0xdf59a494
core   0: 0x8000a63c (0xe54de193) ori     gp, s11, -428
core   0: 3 0x8000a63c (0xe54de193) x 3 0xffffffd4
core   0: 0x8000a640 (0x412adbb3) sra     s7, s5, s2
core   0: 3 0x8000a640 (0x412adbb3) x23 0x00000000
core   0: 0x8000a644 (0x0184a4b3) slt     s1, s1, s8
core   0: 3 0x8000a644 (0x0184a4b3) x 9 0x00000000
core   0: 0x8000a648 (0x00000013) nop
core   0: 3 0x8000a648 (0x00000013)
core   0: 0x8000a64c (0xf9938693) addi    a3, t2, -103
core   0: 3 0x8000a64c (0xf9938693) x13 0xffffff99
core   0: 0x8000a650 (0x00d3ed33) or      s10, t2, a3
core   0: 3 0x8000a650 (0x00d3ed33) x26 0xffffff99
core   0: 0x8000a654 (0x00dfc9b3) xor     s3, t6, a3
core   0: 3 0x8000a654 (0x00dfc9b3) x19 0x00007f98
core   0: 0x8000a658 (0x00dd9293) slli    t0, s11, 13
core   0: 3 0x8000a658 (0x00dd9293) x 5 0x85700000
core   0: 0x8000a65c (0x475ae8b7) lui     a7, 0x475ae
core   0: 3 0x8000a65c (0x475ae8b7) x17 0x475ae000
core   0: 0x8000a660 (0xa216bd93) sltiu   s11, a3, -1503
core   0: 3 0x8000a660 (0xa216bd93) x27 0x00000000
core   0: 0x8000a664 (0x00a931b3) sltu    gp, s2, a0
core   0: 3 0x8000a664 (0x00a931b3) x 3 0x00000000
core   0: 0x8000a668 (0xbe4a4113) xori    sp, s4, -1052
core   0: 3 0x8000a668 (0xbe4a4113) x 2 0xfffffbe4
core   0: 0x8000a66c (0xe2cbb113) sltiu   sp, s7, -468
core   0: 3 0x8000a66c (0xe2cbb113) x 2 0x00000001
core   0: 0x8000a670 (0x33c4a313) slti    t1, s1, 828
core   0: 3 0x8000a670 (0x33c4a313) x 6 0x00000001
core   0: 0x8000a674 (0x0183dc33) srl     s8, t2, s8
core   0: 3 0x8000a674 (0x0183dc33) x24 0x00000000
core   0: 0x8000a678 (0x001a04b3) add     s1, s4, ra
core   0: 3 0x8000a678 (0x001a04b3) x 9 0xdf59a494
core   0: 0x8000a67c (0x012500b3) add     ra, a0, s2
core   0: 3 0x8000a67c (0x012500b3) x 1 0x00043990
core   0: 0x8000a680 (0x001729b3) slt     s3, a4, ra
core   0: 3 0x8000a680 (0x001729b3) x19 0x00000000
core   0: 0x8000a684 (0x00bdb8b3) sltu    a7, s11, a1
core   0: 3 0x8000a684 (0x00bdb8b3) x17 0x00000001
core   0: 0x8000a688 (0x86b13393) sltiu   t2, sp, -1941
core   0: 3 0x8000a688 (0x86b13393) x 7 0x00000001
core   0: 0x8000a68c (0x01bb3533) sltu    a0, s6, s11
core   0: 3 0x8000a68c (0x01bb3533) x10 0x00000000
core   0: 0x8000a690 (0x01f1c333) xor     t1, gp, t6
core   0: 3 0x8000a690 (0x01f1c333) x 6 0xffff8001
core   0: 0x8000a694 (0x00b803b3) add     t2, a6, a1
core   0: 3 0x8000a694 (0x00b803b3) x 7 0xc42c2b80
core   0: 0x8000a698 (0xf9f66213) ori     tp, a2, -97
core   0: 3 0x8000a698 (0xf9f66213) x 4 0xffffff9f
core   0: 0x8000a69c (0x8e88c397) auipc   t2, 0x8e88c
core   0: 3 0x8000a69c (0x8e88c397) x 7 0x0e89669c
core   0: 0x8000a6a0 (0x00d15193) srli    gp, sp, 13
core   0: 3 0x8000a6a0 (0x00d15193) x 3 0x00000000
core   0: 0x8000a6a4 (0x01c78333) add     t1, a5, t3
core   0: 3 0x8000a6a4 (0x01c78333) x 6 0x00000002
core   0: 0x8000a6a8 (0x03ac8193) addi    gp, s9, 58
core   0: 3 0x8000a6a8 (0x03ac8193) x 3 0x80014d1e
core   0: 0x8000a6ac (0x3e966313) ori     t1, a2, 1001
core   0: 3 0x8000a6ac (0x3e966313) x 6 0xdf59a7fd
core   0: 0x8000a6b0 (0x00dc7c33) and     s8, s8, a3
core   0: 3 0x8000a6b0 (0x00dc7c33) x24 0x00000000
core   0: 0x8000a6b4 (0x0125dbb3) srl     s7, a1, s2
core   0: 3 0x8000a6b4 (0x0125dbb3) x23 0x0000c42c
core   0: 0x8000a6b8 (0x6c784a13) xori    s4, a6, 1735
core   0: 3 0x8000a6b8 (0x6c784a13) x20 0xffffffaf
core   0: 0x8000a6bc (0x1b54ba13) sltiu   s4, s1, 437
core   0: 3 0x8000a6bc (0x1b54ba13) x20 0x00000000
core   0: 0x8000a6c0 (0x00f630b3) sltu    ra, a2, a5
core   0: 3 0x8000a6c0 (0x00f630b3) x 1 0x00000000
core   0: 0x8000a6c4 (0x00becab3) xor     s5, t4, a1
core   0: 3 0x8000a6c4 (0x00becab3) x21 0x442c3218
core   0: 0x8000a6c8 (0x96c7e9b7) lui     s3, 0x96c7e
core   0: 3 0x8000a6c8 (0x96c7e9b7) x19 0x96c7e000
core   0: 0x8000a6cc (0xbf812bb7) lui     s7, 0xbf812
core   0: 3 0x8000a6cc (0xbf812bb7) x23 0xbf812000
core   0: 0x8000a6d0 (0x017924b3) slt     s1, s2, s7
core   0: 3 0x8000a6d0 (0x017924b3) x 9 0x00000000
core   0: 0x8000a6d4 (0x01635533) srl     a0, t1, s6
core   0: 3 0x8000a6d4 (0x01635533) x10 0xdf59a7fd
core   0: 0x8000a6d8 (0xc69abd93) sltiu   s11, s5, -919
core   0: 3 0x8000a6d8 (0xc69abd93) x27 0x00000001
core   0: 0x8000a6dc (0x00cf2b33) slt     s6, t5, a2
core   0: 3 0x8000a6dc (0x00cf2b33) x22 0x00000000
core   0: 0x8000a6e0 (0x3c4d3393) sltiu   t2, s10, 964
core   0: 3 0x8000a6e0 (0x3c4d3393) x 7 0x00000000
core   0: 0x8000a6e4 (0x3c31f593) andi    a1, gp, 963
core   0: 3 0x8000a6e4 (0x3c31f593) x11 0x00000102
core   0: 0x8000a6e8 (0x403888b3) sub     a7, a7, gp
core   0: 3 0x8000a6e8 (0x403888b3) x17 0x7ffeb2e3
core   0: 0x8000a6ec (0x01792bb3) slt     s7, s2, s7
core   0: 3 0x8000a6ec (0x01792bb3) x23 0x00000000
core   0: 0x8000a6f0 (0x00b5ab33) slt     s6, a1, a1
core   0: 3 0x8000a6f0 (0x00b5ab33) x22 0x00000000
core   0: 0x8000a6f4 (0x00a49713) slli    a4, s1, 10
core   0: 3 0x8000a6f4 (0x00a49713) x14 0x00000000
core   0: 0x8000a6f8 (0x01f5cf33) xor     t5, a1, t6
core   0: 3 0x8000a6f8 (0x01f5cf33) x30 0xffff8103
core   0: 0x8000a6fc (0x8dd29717) auipc   a4, 0x8dd29
core   0: 3 0x8000a6fc (0x8dd29717) x14 0x0dd336fc
core   0: 0x8000a700 (0x41e50733) sub     a4, a0, t5
core   0: 3 0x8000a700 (0x41e50733) x14 0xdf5a26fa
core   0: 0x8000a704 (0x00000013) nop
core   0: 3 0x8000a704 (0x00000013)
core   0: 0x8000a708 (0xc0e07793) andi    a5, zero, -1010
core   0: 3 0x8000a708 (0xc0e07793) x15 0x00000000
core   0: 0x8000a70c (0x0163fa33) and     s4, t2, s6
core   0: 3 0x8000a70c (0x0163fa33) x20 0x00000000
core   0: 0x8000a710 (0x5bfec593) xori    a1, t4, 1471
core   0: 3 0x8000a710 (0x5bfec593) x11 0x800005bf
core   0: 0x8000a714 (0x007303b3) add     t2, t1, t2
core   0: 3 0x8000a714 (0x007303b3) x 7 0xdf59a7fd
core   0: 0x8000a718 (0x3afba893) slti    a7, s7, 943
core   0: 3 0x8000a718 (0x3afba893) x17 0x00000001
core   0: 0x8000a71c (0x4004d193) srai    gp, s1, 0
core   0: 3 0x8000a71c (0x4004d193) x 3 0x00000000
core   0: 0x8000a720 (0x0094e533) or      a0, s1, s1
core   0: 3 0x8000a720 (0x0094e533) x10 0x00000000
core   0: 0x8000a724 (0x00e113b3) sll     t2, sp, a4
core   0: 3 0x8000a724 (0x00e113b3) x 7 0x04000000
core   0: 0x8000a728 (0x0041e9b3) or      s3, gp, tp
core   0: 3 0x8000a728 (0x0041e9b3) x19 0xffffff9f
core   0: 0x8000a72c (0x002d5ab3) srl     s5, s10, sp
core   0: 3 0x8000a72c (0x002d5ab3) x21 0x7fffffcc
core   0: 0x8000a730 (0x01abcb33) xor     s6, s7, s10
core   0: 3 0x8000a730 (0x01abcb33) x22 0xffffff99
core   0: 0x8000a734 (0x001b5133) srl     sp, s6, ra
core   0: 3 0x8000a734 (0x001b5133) x 2 0xffffff99
core   0: 0x8000a738 (0x40c85593) srai    a1, a6, 12
core   0: 3 0x8000a738 (0x40c85593) x11 0xffffffff
core   0: 0x8000a73c (0x00a7d993) srli    s3, a5, 10
core   0: 3 0x8000a73c (0x00a7d993) x19 0x00000000
core   0: 0x8000a740 (0x00000013) nop
core   0: 3 0x8000a740 (0x00000013)
core   0: 0x8000a744 (0xb580a013) slti    zero, ra, -1192
core   0: 3 0x8000a744 (0xb580a013)
core   0: 0x8000a748 (0x00a7fdb3) and     s11, a5, a0
core   0: 3 0x8000a748 (0x00a7fdb3) x27 0x00000000
core   0: 0x8000a74c (0x68bf5c37) lui     s8, 0x68bf5
core   0: 3 0x8000a74c (0x68bf5c37) x24 0x68bf5000
core   0: 0x8000a750 (0x51088493) addi    s1, a7, 1296
core   0: 3 0x8000a750 (0x51088493) x 9 0x00000511
core   0: 0x8000a754 (0x0792bb37) lui     s6, 0x792b
core   0: 3 0x8000a754 (0x0792bb37) x22 0x0792b000
core   0: 0x8000a758 (0x01646233) or      tp, s0, s6
core   0: 3 0x8000a758 (0x01646233) x 4 0x8793be64
core   0: 0x8000a75c (0xa68fb637) lui     a2, 0xa68fb
core   0: 3 0x8000a75c (0xa68fb637) x12 0xa68fb000
core   0: 0x8000a760 (0xaf060613) addi    a2, a2, -1296
core   0: 3 0x8000a760 (0xaf060613) x12 0xa68faaf0
core   0: 0x8000a764 (0x00000493) li      s1, 0
core   0: 3 0x8000a764 (0x00000493) x 9 0x00000000
core   0: 0x8000a768 (0xcd09e1b7) lui     gp, 0xcd09e
core   0: 3 0x8000a768 (0xcd09e1b7) x 3 0xcd09e000
core   0: 0x8000a76c (0x00b18193) addi    gp, gp, 11
core   0: 3 0x8000a76c (0x00b18193) x 3 0xcd09e00b
core   0: 0x8000a770 (0x00000713) li      a4, 0
core   0: 3 0x8000a770 (0x00000713) x14 0x00000000
core   0: 0x8000a774 (0x80000337) lui     t1, 0x80000
core   0: 3 0x8000a774 (0x80000337) x 6 0x80000000
core   0: 0x8000a778 (0x80000d37) lui     s10, 0x80000
core   0: 3 0x8000a778 (0x80000d37) x26 0x80000000
core   0: 0x8000a77c (0xfff00513) li      a0, -1
core   0: 3 0x8000a77c (0xfff00513) x10 0xffffffff
core   0: 0x8000a780 (0xfff00893) li      a7, -1
core   0: 3 0x8000a780 (0xfff00893) x17 0xffffffff
core   0: 0x8000a784 (0xf7d09c37) lui     s8, 0xf7d09
core   0: 3 0x8000a784 (0xf7d09c37) x24 0xf7d09000
core   0: 0x8000a788 (0x625c0c13) addi    s8, s8, 1573
core   0: 3 0x8000a788 (0x625c0c13) x24 0xf7d09625
core   0: 0x8000a78c (0x4eac66b7) lui     a3, 0x4eac6
core   0: 3 0x8000a78c (0x4eac66b7) x13 0x4eac6000
core   0: 0x8000a790 (0x62d68693) addi    a3, a3, 1581
core   0: 3 0x8000a790 (0x62d68693) x13 0x4eac662d
core   0: 0x8000a794 (0x40968d33) sub     s10, a3, s1
core   0: 3 0x8000a794 (0x40968d33) x26 0x4eac662d
core   0: 0x8000a798 (0x0ebdfd17) auipc   s10, 0xebdf
core   0: 3 0x8000a798 (0x0ebdfd17) x26 0x8ebe9798
core   0: 0x8000a79c (0x01160d33) add     s10, a2, a7
core   0: 3 0x8000a79c (0x01160d33) x26 0xa68faaef
core   0: 0x8000a7a0 (0x009d08b3) add     a7, s10, s1
core   0: 3 0x8000a7a0 (0x009d08b3) x17 0xa68faaef
core   0: 0x8000a7a4 (0xc26ae317) auipc   t1, 0xc26ae
core   0: 3 0x8000a7a4 (0xc26ae317) x 6 0x426b87a4
core   0: 0x8000a7a8 (0x00000013) nop
core   0: 3 0x8000a7a8 (0x00000013)
core   0: 0x8000a7ac (0x701c0893) addi    a7, s8, 1793
core   0: 3 0x8000a7ac (0x701c0893) x17 0xf7d09d26
core   0: 0x8000a7b0 (0x00000013) nop
core   0: 3 0x8000a7b0 (0x00000013)
core   0: 0x8000a7b4 (0x40a18333) sub     t1, gp, a0
core   0: 3 0x8000a7b4 (0x40a18333) x 6 0xcd09e00c
core   0: 0x8000a7b8 (0x01ad01b3) add     gp, s10, s10
core   0: 3 0x8000a7b8 (0x01ad01b3) x 3 0x4d1f55de
core   0: 0x8000a7bc (0x2f550317) auipc   t1, 0x2f550
core   0: 3 0x8000a7bc (0x2f550317) x 6 0xaf55a7bc
core   0: 0x8000a7c0 (0x406604b3) sub     s1, a2, t1
core   0: 3 0x8000a7c0 (0x406604b3) x 9 0xf73a0334
core   0: 0x8000a7c4 (0x00000013) nop
core   0: 3 0x8000a7c4 (0x00000013)
core   0: 0x8000a7c8 (0xbdd2a737) lui     a4, 0xbdd2a
core   0: 3 0x8000a7c8 (0xbdd2a737) x14 0xbdd2a000
core   0: 0x8000a7cc (0x41850c33) sub     s8, a0, s8
core   0: 3 0x8000a7cc (0x41850c33) x24 0x082f69da
core   0: 0x8000a7d0 (0x40a308b3) sub     a7, t1, a0
core   0: 3 0x8000a7d0 (0x40a308b3) x17 0xaf55a7bd
core   0: 0x8000a7d4 (0xf9bd7c17) auipc   s8, 0xf9bd7
core   0: 3 0x8000a7d4 (0xf9bd7c17) x24 0x79be17d4
core   0: 0x8000a7d8 (0x40330333) sub     t1, t1, gp
core   0: 3 0x8000a7d8 (0x40330333) x 6 0x623651de
core   0: 0x8000a7dc (0x00a706b3) add     a3, a4, a0
core   0: 3 0x8000a7dc (0x00a706b3) x13 0xbdd29fff
core   0: 0x8000a7e0 (0x01a486b3) add     a3, s1, s10
core   0: 3 0x8000a7e0 (0x01a486b3) x13 0x9dc9ae23
core   0: 0x8000a7e4 (0xc2950893) addi    a7, a0, -983
core   0: 3 0x8000a7e4 (0xc2950893) x17 0xfffffc28
core   0: 0x8000a7e8 (0x4c78e1b7) lui     gp, 0x4c78e
core   0: 3 0x8000a7e8 (0x4c78e1b7) x 3 0x4c78e000
core   0: 0x8000a7ec (0x00000013) nop
core   0: 3 0x8000a7ec (0x00000013)
core   0: 0x8000a7f0 (0x80898613) addi    a2, s3, -2040
core   0: 3 0x8000a7f0 (0x80898613) x12 0xfffff808
core   0: 0x8000a7f4 (0x00b25333) srl     t1, tp, a1
core   0: 3 0x8000a7f4 (0x00b25333) x 6 0x00000001
core   0: 0x8000a7f8 (0x00000013) nop
core   0: 3 0x8000a7f8 (0x00000013)
core   0: 0x8000a7fc (0x40ec89b3) sub     s3, s9, a4
core   0: 3 0x8000a7fc (0x40ec89b3) x19 0xc22eace4
core   0: 0x8000a800 (0x00000013) nop
core   0: 3 0x8000a800 (0x00000013)
core   0: 0x8000a804 (0x00000013) nop
core   0: 3 0x8000a804 (0x00000013)
core   0: 0x8000a808 (0x40e7f893) andi    a7, a5, 1038
core   0: 3 0x8000a808 (0x40e7f893) x17 0x00000000
core   0: 0x8000a80c (0x00d2d733) srl     a4, t0, a3
core   0: 3 0x8000a80c (0x00d2d733) x14 0x10ae0000
core   0: 0x8000a810 (0x00000013) nop
core   0: 3 0x8000a810 (0x00000013)
core   0: 0x8000a814 (0x01613bb3) sltu    s7, sp, s6
core   0: 3 0x8000a814 (0x01613bb3) x23 0x00000000
core   0: 0x8000a818 (0x8bc84493) xori    s1, a6, -1860
core   0: 3 0x8000a818 (0x8bc84493) x 9 0x000001d4
core   0: 0x8000a81c (0x365eab17) auipc   s6, 0x365ea
core   0: 3 0x8000a81c (0x365eab17) x22 0xb65f481c
core   0: 0x8000a820 (0x414d5733) sra     a4, s10, s4
core   0: 3 0x8000a820 (0x414d5733) x14 0xa68faaef
core   0: 0x8000a824 (0x8e535bb7) lui     s7, 0x8e535
core   0: 3 0x8000a824 (0x8e535bb7) x23 0x8e535000
core   0: 0x8000a828 (0xf82abf97) auipc   t6, 0xf82ab
core   0: 3 0x8000a828 (0xf82abf97) x31 0x782b5828
core   0: 0x8000a82c (0x0100bf33) sltu    t5, ra, a6
core   0: 3 0x8000a82c (0x0100bf33) x30 0x00000001
core   0: 0x8000a830 (0x4013d493) srai    s1, t2, 1
core   0: 3 0x8000a830 (0x4013d493) x 9 0x02000000
core   0: 0x8000a834 (0x018a5f13) srli    t5, s4, 24
core   0: 3 0x8000a834 (0x018a5f13) x30 0x00000000
core   0: 0x8000a838 (0xbc84e693) ori     a3, s1, -1080
core   0: 3 0x8000a838 (0xbc84e693) x13 0xfffffbc8
core   0: 0x8000a83c (0x017bdd93) srli    s11, s7, 23
core   0: 3 0x8000a83c (0x017bdd93) x27 0x0000011c
core   0: 0x8000a840 (0x01670ab3) add     s5, a4, s6
core   0: 3 0x8000a840 (0x01670ab3) x21 0x5ceef30b
core   0: 0x8000a844 (0x002c5b33) srl     s6, s8, sp
core   0: 3 0x8000a844 (0x002c5b33) x22 0x0000003c
core   0: 0x8000a848 (0xddeb2a13) slti    s4, s6, -546
core   0: 3 0x8000a848 (0xddeb2a13) x20 0x00000000
core   0: 0x8000a84c (0xc6257a93) andi    s5, a0, -926
core   0: 3 0x8000a84c (0xc6257a93) x21 0xfffffc62
core   0: 0x8000a850 (0x5b414c13) xori    s8, sp, 1460
core   0: 3 0x8000a850 (0x5b414c13) x24 0xfffffa2d
core   0: 0x8000a854 (0x00f520b3) slt     ra, a0, a5
core   0: 3 0x8000a854 (0x00f520b3) x 1 0x00000001
core   0: 0x8000a858 (0x80000d37) lui     s10, 0x80000
core   0: 3 0x8000a858 (0x80000d37) x26 0x80000000
core   0: 0x8000a85c (0xfff00c13) li      s8, -1
core   0: 3 0x8000a85c (0xfff00c13) x24 0xffffffff
core   0: 0x8000a860 (0x800001b7) lui     gp, 0x80000
core   0: 3 0x8000a860 (0x800001b7) x 3 0x80000000
core   0: 0x8000a864 (0x00000113) li      sp, 0
core   0: 3 0x8000a864 (0x00000113) x 2 0x00000000
core   0: 0x8000a868 (0x80000b37) lui     s6, 0x80000
core   0: 3 0x8000a868 (0x80000b37) x22 0x80000000
core   0: 0x8000a86c (0x00000293) li      t0, 0
core   0: 3 0x8000a86c (0x00000293) x 5 0x00000000
core   0: 0x8000a870 (0xfff00e13) li      t3, -1
core   0: 3 0x8000a870 (0xfff00e13) x28 0xffffffff
core   0: 0x8000a874 (0xfff00d93) li      s11, -1
core   0: 3 0x8000a874 (0xfff00d93) x27 0xffffffff
core   0: 0x8000a878 (0x80000537) lui     a0, 0x80000
core   0: 3 0x8000a878 (0x80000537) x10 0x80000000
core   0: 0x8000a87c (0x00000f13) li      t5, 0
core   0: 3 0x8000a87c (0x00000f13) x30 0x00000000
core   0: 0x8000a880 (0x41828db3) sub     s11, t0, s8
core   0: 3 0x8000a880 (0x41828db3) x27 0x00000001
core   0: 0x8000a884 (0xe84f0193) addi    gp, t5, -380
core   0: 3 0x8000a884 (0xe84f0193) x 3 0xfffffe84
core   0: 0x8000a888 (0x41ac0533) sub     a0, s8, s10
core   0: 3 0x8000a888 (0x41ac0533) x10 0x7fffffff
core   0: 0x8000a88c (0x405181b3) sub     gp, gp, t0
core   0: 3 0x8000a88c (0x405181b3) x 3 0xfffffe84
core   0: 0x8000a890 (0xa54c0d93) addi    s11, s8, -1452
core   0: 3 0x8000a890 (0xa54c0d93) x27 0xfffffa53
core   0: 0x8000a894 (0x41818133) sub     sp, gp, s8
core   0: 3 0x8000a894 (0x41818133) x 2 0xfffffe85
core   0: 0x8000a898 (0x402b02b3) sub     t0, s6, sp
core   0: 3 0x8000a898 (0x402b02b3) x 5 0x8000017b
core   0: 0x8000a89c (0xbce7c137) lui     sp, 0xbce7c
core   0: 3 0x8000a89c (0xbce7c137) x 2 0xbce7c000
core   0: 0x8000a8a0 (0x36428d93) addi    s11, t0, 868
core   0: 3 0x8000a8a0 (0x36428d93) x27 0x800004df
core   0: 0x8000a8a4 (0x00000013) nop
core   0: 3 0x8000a8a4 (0x00000013)
core   0: 0x8000a8a8 (0x41ef0533) sub     a0, t5, t5
core   0: 3 0x8000a8a8 (0x41ef0533) x10 0x00000000
core   0: 0x8000a8ac (0xc8728b13) addi    s6, t0, -889
core   0: 3 0x8000a8ac (0xc8728b13) x22 0x7ffffe02
core   0: 0x8000a8b0 (0xa8f28293) addi    t0, t0, -1393
core   0: 3 0x8000a8b0 (0xa8f28293) x 5 0x7ffffc0a
core   0: 0x8000a8b4 (0x41e281b3) sub     gp, t0, t5
core   0: 3 0x8000a8b4 (0x41e281b3) x 3 0x7ffffc0a
core   0: 0x8000a8b8 (0x41be0db3) sub     s11, t3, s11
core   0: 3 0x8000a8b8 (0x41be0db3) x27 0x7ffffb20
core   0: 0x8000a8bc (0x5a850f13) addi    t5, a0, 1448
core   0: 3 0x8000a8bc (0x5a850f13) x30 0x000005a8
core   0: 0x8000a8c0 (0x41bd8c33) sub     s8, s11, s11
core   0: 3 0x8000a8c0 (0x41bd8c33) x24 0x00000000
core   0: 0x8000a8c4 (0x41a282b3) sub     t0, t0, s10
core   0: 3 0x8000a8c4 (0x41a282b3) x 5 0xfffffc0a
core   0: 0x8000a8c8 (0x402181b3) sub     gp, gp, sp
core   0: 3 0x8000a8c8 (0x402181b3) x 3 0xc3183c0a
core   0: 0x8000a8cc (0x005d8b33) add     s6, s11, t0
core   0: 3 0x8000a8cc (0x005d8b33) x22 0x7ffff72a
core   0: 0x8000a8d0 (0x8bed21b7) lui     gp, 0x8bed2
core   0: 3 0x8000a8d0 (0x8bed21b7) x 3 0x8bed2000
core   0: 0x8000a8d4 (0xc5966197) auipc   gp, 0xc5966
core   0: 3 0x8000a8d4 (0xc5966197) x 3 0x459708d4
core   0: 0x8000a8d8 (0x71084d17) auipc   s10, 0x71084
core   0: 3 0x8000a8d8 (0x71084d17) x26 0xf108e8d8
core   0: 0x8000a8dc (0x00000013) nop
core   0: 3 0x8000a8dc (0x00000013)
core   0: 0x8000a8e0 (0x00000013) nop
core   0: 3 0x8000a8e0 (0x00000013)
core   0: 0x8000a8e4 (0xb7d59b17) auipc   s6, 0xb7d59
core   0: 3 0x8000a8e4 (0xb7d59b17) x22 0x37d638e4
core   0: 0x8000a8e8 (0x5b13d1b7) lui     gp, 0x5b13d
core   0: 3 0x8000a8e8 (0x5b13d1b7) x 3 0x5b13d000
core   0: 0x8000a8ec (0x41850133) sub     sp, a0, s8
core   0: 3 0x8000a8ec (0x41850133) x 2 0x00000000
core   0: 0x8000a8f0 (0x73d10e13) addi    t3, sp, 1853
core   0: 3 0x8000a8f0 (0x73d10e13) x28 0x0000073d
core   0: 0x8000a8f4 (0x37c18e13) addi    t3, gp, 892
core   0: 3 0x8000a8f4 (0x37c18e13) x28 0x5b13d37c
core   0: 0x8000a8f8 (0x21e1ff37) lui     t5, 0x21e1f
core   0: 3 0x8000a8f8 (0x21e1ff37) x30 0x21e1f000
core   0: 0x8000a8fc (0x002875b3) and     a1, a6, sp
core   0: 3 0x8000a8fc (0x002875b3) x11 0x00000000
core   0: 0x8000a900 (0x006e2733) slt     a4, t3, t1
core   0: 3 0x8000a900 (0x006e2733) x14 0x00000000
core   0: 0x8000a904 (0x01b8a533) slt     a0, a7, s11
core   0: 3 0x8000a904 (0x01b8a533) x10 0x00000001
core   0: 0x8000a908 (0x01390133) add     sp, s2, s3
core   0: 3 0x8000a908 (0x01390133) x 2 0xc232e674
core   0: 0x8000a90c (0x40615fb3) sra     t6, sp, t1
core   0: 3 0x8000a90c (0x40615fb3) x31 0xe119733a
core   0: 0x8000a910 (0x01996bb3) or      s7, s2, s9
core   0: 3 0x8000a910 (0x01996bb3) x23 0x80057df4
core   0: 0x8000a914 (0x00871233) sll     tp, a4, s0
core   0: 3 0x8000a914 (0x00871233) x 4 0x00000000
core   0: 0x8000a918 (0x01f01f93) slli    t6, zero, 31
core   0: 3 0x8000a918 (0x01f01f93) x31 0x00000000
core   0: 0x8000a91c (0x9b636693) ori     a3, t1, -1610
core   0: 3 0x8000a91c (0x9b636693) x13 0xfffff9b7
core   0: 0x8000a920 (0x00207a33) and     s4, zero, sp
core   0: 3 0x8000a920 (0x00207a33) x20 0x00000000
core   0: 0x8000a924 (0xa478e093) ori     ra, a7, -1465
core   0: 3 0x8000a924 (0xa478e093) x 1 0xfffffa47
core   0: 0x8000a928 (0xf7f1d937) lui     s2, 0xf7f1d
core   0: 3 0x8000a928 (0xf7f1d937) x18 0xf7f1d000
core   0: 0x8000a92c (0x41010db3) sub     s11, sp, a6
core   0: 3 0x8000a92c (0x41010db3) x27 0xc232ed0c
core   0: 0x8000a930 (0x010b7b33) and     s6, s6, a6
core   0: 3 0x8000a930 (0x010b7b33) x22 0x37d63860
core   0: 0x8000a934 (0x41645a13) srai    s4, s0, 22
core   0: 3 0x8000a934 (0x41645a13) x20 0xfffffe00
core   0: 0x8000a938 (0x3b556d13) ori     s10, a0, 949
core   0: 3 0x8000a938 (0x3b556d13) x26 0x000003b5
core   0: 0x8000a93c (0x2e94c293) xori    t0, s1, 745
core   0: 3 0x8000a93c (0x2e94c293) x 5 0x020002e9
core   0: 0x8000a940 (0x0f403d13) sltiu   s10, zero, 244
core   0: 3 0x8000a940 (0x0f403d13) x26 0x00000001
core   0: 0x8000a944 (0x40275fb3) sra     t6, a4, sp
core   0: 3 0x8000a944 (0x40275fb3) x31 0x00000000
core   0: 0x8000a948 (0x685a6993) ori     s3, s4, 1669
core   0: 3 0x8000a948 (0x685a6993) x19 0xfffffe85
core   0: 0x8000a94c (0x4785cb13) xori    s6, a1, 1144
core   0: 3 0x8000a94c (0x4785cb13) x22 0x00000478
core   0: 0x8000a950 (0x4029d133) sra     sp, s3, sp
core   0: 3 0x8000a950 (0x4029d133) x 2 0xffffffff
core   0: 0x8000a954 (0x0079aa33) slt     s4, s3, t2
core   0: 3 0x8000a954 (0x0079aa33) x20 0x00000001
core   0: 0x8000a958 (0x01931f93) slli    t6, t1, 25
core   0: 3 0x8000a958 (0x01931f93) x31 0x02000000
core   0: 0x8000a95c (0x007389b3) add     s3, t2, t2
core   0: 3 0x8000a95c (0x007389b3) x19 0x08000000
core   0: 0x8000a960 (0x0053edb3) or      s11, t2, t0
core   0: 3 0x8000a960 (0x0053edb3) x27 0x060002e9
core   0: 0x8000a964 (0x0155d133) srl     sp, a1, s5
core   0: 3 0x8000a964 (0x0155d133) x 2 0x00000000
core   0: 0x8000a968 (0x008d4c33) xor     s8, s10, s0
core   0: 3 0x8000a968 (0x008d4c33) x24 0x80010e65
core   0: 0x8000a96c (0x00f2b333) sltu    t1, t0, a5
core   0: 3 0x8000a96c (0x00f2b333) x 6 0x00000000
core   0: 0x8000a970 (0x01f2b933) sltu    s2, t0, t6
core   0: 3 0x8000a970 (0x01f2b933) x18 0x00000000
core   0: 0x8000a974 (0x01f368b3) or      a7, t1, t6
core   0: 3 0x8000a974 (0x01f368b3) x17 0x02000000
core   0: 0x8000a978 (0x40100833) sub     a6, zero, ra
core   0: 3 0x8000a978 (0x40100833) x16 0x000005b9
core   0: 0x8000a97c (0x40c65713) srai    a4, a2, 12
core   0: 3 0x8000a97c (0x40c65713) x14 0xffffffff
core   0: 0x8000a980 (0x00aa1db3) sll     s11, s4, a0
core   0: 3 0x8000a980 (0x00aa1db3) x27 0x00000002
core   0: 0x8000a984 (0x00a65a13) srli    s4, a2, 10
core   0: 3 0x8000a984 (0x00a65a13) x20 0x003ffffe
core   0: 0x8000a988 (0x23fb2393) slti    t2, s6, 575
core   0: 3 0x8000a988 (0x23fb2393) x 7 0x00000000
core   0: 0x8000a98c (0x01a50f33) add     t5, a0, s10
core   0: 3 0x8000a98c (0x01a50f33) x30 0x00000002
core   0: 0x8000a990 (0x00d991b3) sll     gp, s3, a3
core   0: 3 0x8000a990 (0x00d991b3) x 3 0x00000000
core   0: 0x8000a994 (0x01e7b533) sltu    a0, a5, t5
core   0: 3 0x8000a994 (0x01e7b533) x10 0x00000001
core   0: 0x8000a998 (0x01880033) add     zero, a6, s8
core   0: 3 0x8000a998 (0x01880033)
core   0: 0x8000a99c (0x90e66013) ori     zero, a2, -1778
core   0: 3 0x8000a99c (0x90e66013)
core   0: 0x8000a9a0 (0x00f9d213) srli    tp, s3, 15
core   0: 3 0x8000a9a0 (0x00f9d213) x 4 0x00001000
core   0: 0x8000a9a4 (0xb4314593) xori    a1, sp, -1213
core   0: 3 0x8000a9a4 (0xb4314593) x11 0xfffffb43
core   0: 0x8000a9a8 (0x00368c33) add     s8, a3, gp
core   0: 3 0x8000a9a8 (0x00368c33) x24 0xfffff9b7
core   0: 0x8000a9ac (0x01231893) slli    a7, t1, 18
core   0: 3 0x8000a9ac (0x01231893) x17 0x00000000
core   0: 0x8000a9b0 (0x0166ddb3) srl     s11, a3, s6
core   0: 3 0x8000a9b0 (0x0166ddb3) x27 0x000000ff
core   0: 0x8000a9b4 (0x01a1aab3) slt     s5, gp, s10
core   0: 3 0x8000a9b4 (0x01a1aab3) x21 0x00000001
core   0: 0x8000a9b8 (0x00000013) nop
core   0: 3 0x8000a9b8 (0x00000013)
core   0: 0x8000a9bc (0x01e031b3) snez    gp, t5
core   0: 3 0x8000a9bc (0x01e031b3) x 3 0x00000001
core   0: 0x8000a9c0 (0x01b16db3) or      s11, sp, s11
core   0: 3 0x8000a9c0 (0x01b16db3) x27 0x000000ff
core   0: 0x8000a9c4 (0x5dad6d93) ori     s11, s10, 1498
core   0: 3 0x8000a9c4 (0x5dad6d93) x27 0x000005db
core   0: 0x8000a9c8 (0x832cf813) andi    a6, s9, -1998
core   0: 3 0x8000a9c8 (0x832cf813) x16 0x80014820
core   0: 0x8000a9cc (0xab1df693) andi    a3, s11, -1359
core   0: 3 0x8000a9cc (0xab1df693) x13 0x00000091
core   0: 0x8000a9d0 (0x414258b3) sra     a7, tp, s4
core   0: 3 0x8000a9d0 (0x414258b3) x17 0x00000000
core   0: 0x8000a9d4 (0x00000013) nop
core   0: 3 0x8000a9d4 (0x00000013)
core   0: 0x8000a9d8 (0xc637e917) auipc   s2, 0xc637e
core   0: 3 0x8000a9d8 (0xc637e917) x18 0x463889d8
core   0: 0x8000a9dc (0x0171c833) xor     a6, gp, s7
core   0: 3 0x8000a9dc (0x0171c833) x16 0x80057df5
core   0: 0x8000a9e0 (0x26c57713) andi    a4, a0, 620
core   0: 3 0x8000a9e0 (0x26c57713) x14 0x00000000
core   0: 0x8000a9e4 (0x01d4ac33) slt     s8, s1, t4
core   0: 3 0x8000a9e4 (0x01d4ac33) x24 0x00000000
core   0: 0x8000a9e8 (0x8a28cf13) xori    t5, a7, -1886
core   0: 3 0x8000a9e8 (0x8a28cf13) x30 0xfffff8a2
core   0: 0x8000a9ec (0x01d56233) or      tp, a0, t4
core   0: 3 0x8000a9ec (0x01d56233) x 4 0x80000001
core   0: 0x8000a9f0 (0x581c7537) lui     a0, 0x581c7
core   0: 3 0x8000a9f0 (0x581c7537) x10 0x581c7000
core   0: 0x8000a9f4 (0x01af1d33) sll     s10, t5, s10
core   0: 3 0x8000a9f4 (0x01af1d33) x26 0xfffff144
core   0: 0x8000a9f8 (0x682ed5b7) lui     a1, 0x682ed
core   0: 3 0x8000a9f8 (0x682ed5b7) x11 0x682ed000
core   0: 0x8000a9fc (0x00affd33) and     s10, t6, a0
core   0: 3 0x8000a9fc (0x00affd33) x26 0x00000000
core   0: 0x8000aa00 (0x63297113) andi    sp, s2, 1586
core   0: 3 0x8000aa00 (0x63297113) x 2 0x00000010
core   0: 0x8000aa04 (0x008f9733) sll     a4, t6, s0
core   0: 3 0x8000aa04 (0x008f9733) x14 0x20000000
core   0: 0x8000aa08 (0xebff0b13) addi    s6, t5, -321
core   0: 3 0x8000aa08 (0xebff0b13) x22 0xfffff761
core   0: 0x8000aa0c (0x01536833) or      a6, t1, s5
core   0: 3 0x8000aa0c (0x01536833) x16 0x00000001
core   0: 0x8000aa10 (0x05e44b13) xori    s6, s0, 94
core   0: 3 0x8000aa10 (0x05e44b13) x22 0x80010e3a
core   0: 0x8000aa14 (0x003b9493) slli    s1, s7, 3
core   0: 3 0x8000aa14 (0x003b9493) x 9 0x002befa0
core   0: 0x8000aa18 (0x403d5813) srai    a6, s10, 3
core   0: 3 0x8000aa18 (0x403d5813) x16 0x00000000
core   0: 0x8000aa1c (0x01f52ab3) slt     s5, a0, t6
core   0: 3 0x8000aa1c (0x01f52ab3) x21 0x00000000
core   0: 0x8000aa20 (0xad98fa13) andi    s4, a7, -1319
core   0: 3 0x8000aa20 (0xad98fa13) x20 0x00000000
core   0: 0x8000aa24 (0x007225b3) slt     a1, tp, t2
core   0: 3 0x8000aa24 (0x007225b3) x11 0x00000001
core   0: 0x8000aa28 (0x752ff913) andi    s2, t6, 1874
core   0: 3 0x8000aa28 (0x752ff913) x18 0x00000000
core   0: 0x8000aa2c (0x4026d493) srai    s1, a3, 2
core   0: 3 0x8000aa2c (0x4026d493) x 9 0x00000024
core   0: 0x8000aa30 (0x010b1c33) sll     s8, s6, a6
core   0: 3 0x8000aa30 (0x010b1c33) x24 0x80010e3a
core   0: 0x8000aa34 (0x01e75393) srli    t2, a4, 30
core   0: 3 0x8000aa34 (0x01e75393) x 7 0x00000000
core   0: 0x8000aa38 (0x0123e733) or      a4, t2, s2
core   0: 3 0x8000aa38 (0x0123e733) x14 0x00000000
core   0: 0x8000aa3c (0x401a0533) sub     a0, s4, ra
core   0: 3 0x8000aa3c (0x401a0533) x10 0x000005b9
core   0: 0x8000aa40 (0x00000013) nop
core   0: 3 0x8000aa40 (0x00000013)
core   0: 0x8000aa44 (0x003f8c33) add     s8, t6, gp
core   0: 3 0x8000aa44 (0x003f8c33) x24 0x02000001
core   0: 0x8000aa48 (0x411b8533) sub     a0, s7, a7
core   0: 3 0x8000aa48 (0x411b8533) x10 0x80057df4
core   0: 0x8000aa4c (0x481cf613) andi    a2, s9, 1153
core   0: 3 0x8000aa4c (0x481cf613) x12 0x00000480
core   0: 0x8000aa50 (0x00c07133) and     sp, zero, a2
core   0: 3 0x8000aa50 (0x00c07133) x 2 0x00000000
core   0: 0x8000aa54 (0x7318a693) slti    a3, a7, 1841
core   0: 3 0x8000aa54 (0x7318a693) x13 0x00000001
core   0: 0x8000aa58 (0x016778b3) and     a7, a4, s6
core   0: 3 0x8000aa58 (0x016778b3) x17 0x00000000
core   0: 0x8000aa5c (0xa3c58f37) lui     t5, 0xa3c58
core   0: 3 0x8000aa5c (0xa3c58f37) x30 0xa3c58000
core   0: 0x8000aa60 (0x1c55b993) sltiu   s3, a1, 453
core   0: 3 0x8000aa60 (0x1c55b993) x19 0x00000001
core   0: 0x8000aa64 (0x5eb63613) sltiu   a2, a2, 1515
core   0: 3 0x8000aa64 (0x5eb63613) x12 0x00000001
core   0: 0x8000aa68 (0x41078333) sub     t1, a5, a6
core   0: 3 0x8000aa68 (0x41078333) x 6 0x00000000
core   0: 0x8000aa6c (0x1d3fc813) xori    a6, t6, 467
core   0: 3 0x8000aa6c (0x1d3fc813) x16 0x020001d3
core   0: 0x8000aa70 (0x00b63133) sltu    sp, a2, a1
core   0: 3 0x8000aa70 (0x00b63133) x 2 0x00000000
core   0: 0x8000aa74 (0x3e492613) slti    a2, s2, 996
core   0: 3 0x8000aa74 (0x3e492613) x12 0x00000001
core   0: 0x8000aa78 (0x000c97b3) sll     a5, s9, zero
core   0: 3 0x8000aa78 (0x000c97b3) x15 0x80014ce4
core   0: 0x8000aa7c (0x41b45e13) srai    t3, s0, 27
core   0: 3 0x8000aa7c (0x41b45e13) x28 0xfffffff0
core   0: 0x8000aa80 (0x0113c2b3) xor     t0, t2, a7
core   0: 3 0x8000aa80 (0x0113c2b3) x 5 0x00000000
core   0: 0x8000aa84 (0x38a15e17) auipc   t3, 0x38a15
core   0: 3 0x8000aa84 (0x38a15e17) x28 0xb8a1fa84
core   0: 0x8000aa88 (0x018767b3) or      a5, a4, s8
core   0: 3 0x8000aa88 (0x018767b3) x15 0x02000001
core   0: 0x8000aa8c (0x01c2df13) srli    t5, t0, 28
core   0: 3 0x8000aa8c (0x01c2df13) x30 0x00000000
core   0: 0x8000aa90 (0xf129f213) andi    tp, s3, -238
core   0: 3 0x8000aa90 (0xf129f213) x 4 0x00000000
core   0: 0x8000aa94 (0x40987693) andi    a3, a6, 1033
core   0: 3 0x8000aa94 (0x40987693) x13 0x00000001
core   0: 0x8000aa98 (0xcc450d93) addi    s11, a0, -828
core   0: 3 0x8000aa98 (0xcc450d93) x27 0x80057ab8
core   0: 0x8000aa9c (0xbb05c013) xori    zero, a1, -1104
core   0: 3 0x8000aa9c (0xbb05c013)
core   0: 0x8000aaa0 (0x00d2d893) srli    a7, t0, 13
core   0: 3 0x8000aaa0 (0x00d2d893) x17 0x00000000
core   0: 0x8000aaa4 (0xde3f6693) ori     a3, t5, -541
core   0: 3 0x8000aaa4 (0xde3f6693) x13 0xfffffde3
core   0: 0x8000aaa8 (0xed2f3113) sltiu   sp, t5, -302
core   0: 3 0x8000aaa8 (0xed2f3113) x 2 0x00000001
core   0: 0x8000aaac (0x015e1033) sll     zero, t3, s5
core   0: 3 0x8000aaac (0x015e1033)
core   0: 0x8000aab0 (0x7905c013) xori    zero, a1, 1936
core   0: 3 0x8000aab0 (0x7905c013)
core   0: 0x8000aab4 (0x00da7bb3) and     s7, s4, a3
core   0: 3 0x8000aab4 (0x00da7bb3) x23 0x00000000
core   0: 0x8000aab8 (0x40205513) srai    a0, zero, 2
core   0: 3 0x8000aab8 (0x40205513) x10 0x00000000
core   0: 0x8000aabc (0x01d09db3) sll     s11, ra, t4
core   0: 3 0x8000aabc (0x01d09db3) x27 0xfffffa47
core   0: 0x8000aac0 (0xd9296993) ori     s3, s2, -622
core   0: 3 0x8000aac0 (0xd9296993) x19 0xfffffd92
core   0: 0x8000aac4 (0x017404b3) add     s1, s0, s7
core   0: 3 0x8000aac4 (0x017404b3) x 9 0x80010e64
core   0: 0x8000aac8 (0x3c36b993) sltiu   s3, a3, 963
core   0: 3 0x8000aac8 (0x3c36b993) x19 0x00000000
core   0: 0x8000aacc (0x0eb50493) addi    s1, a0, 235
core   0: 3 0x8000aacc (0x0eb50493) x 9 0x000000eb
core   0: 0x8000aad0 (0x4039d4b3) sra     s1, s3, gp
core   0: 3 0x8000aad0 (0x4039d4b3) x 9 0x00000000
core   0: 0x8000aad4 (0x41d45213) srai    tp, s0, 29
core   0: 3 0x8000aad4 (0x41d45213) x 4 0xfffffffc
core   0: 0x8000aad8 (0x86591a97) auipc   s5, 0x86591
core   0: 3 0x8000aad8 (0x86591a97) x21 0x0659bad8
core   0: 0x8000aadc (0x01240a33) add     s4, s0, s2
core   0: 3 0x8000aadc (0x01240a33) x20 0x80010e64
core   0: 0x8000aae0 (0x01fd19b3) sll     s3, s10, t6
core   0: 3 0x8000aae0 (0x01fd19b3) x19 0x00000000
core   0: 0x8000aae4 (0x49b4a113) slti    sp, s1, 1179
core   0: 3 0x8000aae4 (0x49b4a113) x 2 0x00000001
core   0: 0x8000aae8 (0x01654133) xor     sp, a0, s6
core   0: 3 0x8000aae8 (0x01654133) x 2 0x80010e3a
core   0: 0x8000aaec (0x84f93b13) sltiu   s6, s2, -1969
core   0: 3 0x8000aaec (0x84f93b13) x22 0x00000001
core   0: 0x8000aaf0 (0x005fc133) xor     sp, t6, t0
core   0: 3 0x8000aaf0 (0x005fc133) x 2 0x02000000
core   0: 0x8000aaf4 (0x00fc3833) sltu    a6, s8, a5
core   0: 3 0x8000aaf4 (0x00fc3833) x16 0x00000000
core   0: 0x8000aaf8 (0x01af3fb3) sltu    t6, t5, s10
core   0: 3 0x8000aaf8 (0x01af3fb3) x31 0x00000000
core   0: 0x8000aafc (0x007f0833) add     a6, t5, t2
core   0: 3 0x8000aafc (0x007f0833) x16 0x00000000
core   0: 0x8000ab00 (0x413fda93) srai    s5, t6, 19
core   0: 3 0x8000ab00 (0x413fda93) x21 0x00000000
core   0: 0x8000ab04 (0x00000813) li      a6, 0
core   0: 3 0x8000ab04 (0x00000813) x16 0x00000000
core   0: 0x8000ab08 (0x22d77137) lui     sp, 0x22d77
core   0: 3 0x8000ab08 (0x22d77137) x 2 0x22d77000
core   0: 0x8000ab0c (0x19b10113) addi    sp, sp, 411
core   0: 3 0x8000ab0c (0x19b10113) x 2 0x22d7719b
core   0: 0x8000ab10 (0x00000593) li      a1, 0
core   0: 3 0x8000ab10 (0x00000593) x11 0x00000000
core   0: 0x8000ab14 (0xfff00b13) li      s6, -1
core   0: 3 0x8000ab14 (0xfff00b13) x22 0xffffffff
core   0: 0x8000ab18 (0xfff00a13) li      s4, -1
core   0: 3 0x8000ab18 (0xfff00a13) x20 0xffffffff
core   0: 0x8000ab1c (0x00000c13) li      s8, 0
core   0: 3 0x8000ab1c (0x00000c13) x24 0x00000000
core   0: 0x8000ab20 (0x80000237) lui     tp, 0x80000
core   0: 3 0x8000ab20 (0x80000237) x 4 0x80000000
core   0: 0x8000ab24 (0xedbfffb7) lui     t6, 0xedbff
core   0: 3 0x8000ab24 (0xedbfffb7) x31 0xedbff000
core   0: 0x8000ab28 (0x4a3f8f93) addi    t6, t6, 1187
core   0: 3 0x8000ab28 (0x4a3f8f93) x31 0xedbff4a3
core   0: 0x8000ab2c (0x00000a93) li      s5, 0
core   0: 3 0x8000ab2c (0x00000a93) x21 0x00000000
core   0: 0x8000ab30 (0xfff00093) li      ra, -1
core   0: 3 0x8000ab30 (0xfff00093) x 1 0xffffffff
core   0: 0x8000ab34 (0x002b0233) add     tp, s6, sp
core   0: 3 0x8000ab34 (0x002b0233) x 4 0x22d7719a
core   0: 0x8000ab38 (0x40ba85b3) sub     a1, s5, a1
core   0: 3 0x8000ab38 (0x40ba85b3) x11 0x00000000
core   0: 0x8000ab3c (0xd8008093) addi    ra, ra, -640
core   0: 3 0x8000ab3c (0xd8008093) x 1 0xfffffd7f
core   0: 0x8000ab40 (0x00000013) nop
core   0: 3 0x8000ab40 (0x00000013)
core   0: 0x8000ab44 (0x00000013) nop
core   0: 3 0x8000ab44 (0x00000013)
core   0: 0x8000ab48 (0x40280fb3) sub     t6, a6, sp
core   0: 3 0x8000ab48 (0x40280fb3) x31 0xdd288e65
core   0: 0x8000ab4c (0x416b0c33) sub     s8, s6, s6
core   0: 3 0x8000ab4c (0x416b0c33) x24 0x00000000
core   0: 0x8000ab50 (0x698a8113) addi    sp, s5, 1688
core   0: 3 0x8000ab50 (0x698a8113) x 2 0x00000698
core   0: 0x8000ab54 (0xd46e9b17) auipc   s6, 0xd46e9
core   0: 3 0x8000ab54 (0xd46e9b17) x22 0x546f3b54
core   0: 0x8000ab58 (0x004c0233) add     tp, s8, tp
core   0: 3 0x8000ab58 (0x004c0233) x 4 0x22d7719a
core   0: 0x8000ab5c (0x6f4f8c13) addi    s8, t6, 1780
core   0: 3 0x8000ab5c (0x6f4f8c13) x24 0xdd289559
core   0: 0x8000ab60 (0x416080b3) sub     ra, ra, s6
core   0: 3 0x8000ab60 (0x416080b3) x 1 0xab90c22b
core   0: 0x8000ab64 (0x0db10113) addi    sp, sp, 219
core   0: 3 0x8000ab64 (0x0db10113) x 2 0x00000773
core   0: 0x8000ab68 (0x00000013) nop
core   0: 3 0x8000ab68 (0x00000013)
core   0: 0x8000ab6c (0x00000013) nop
core   0: 3 0x8000ab6c (0x00000013)
core   0: 0x8000ab70 (0xed979a97) auipc   s5, 0xed979
core   0: 3 0x8000ab70 (0xed979a97) x21 0x6d983b70
core   0: 0x8000ab74 (0x5a908f93) addi    t6, ra, 1449
core   0: 3 0x8000ab74 (0x5a908f93) x31 0xab90c7d4
core   0: 0x8000ab78 (0xe8aa8f93) addi    t6, s5, -374
core   0: 3 0x8000ab78 (0xe8aa8f93) x31 0x6d9839fa
core   0: 0x8000ab7c (0xdebf8b13) addi    s6, t6, -533
core   0: 3 0x8000ab7c (0xdebf8b13) x22 0x6d9837e5
core   0: 0x8000ab80 (0x00000013) nop
core   0: 3 0x8000ab80 (0x00000013)
core   0: 0x8000ab84 (0x010f85b3) add     a1, t6, a6
core   0: 3 0x8000ab84 (0x010f85b3) x11 0x6d9839fa
core   0: 0x8000ab88 (0x9a43a137) lui     sp, 0x9a43a
core   0: 3 0x8000ab88 (0x9a43a137) x 2 0x9a43a000
core   0: 0x8000ab8c (0x51af8c13) addi    s8, t6, 1306
core   0: 3 0x8000ab8c (0x51af8c13) x24 0x6d983f14
core   0: 0x8000ab90 (0xf60f3fb7) lui     t6, 0xf60f3
core   0: 3 0x8000ab90 (0xf60f3fb7) x31 0xf60f3000
core   0: 0x8000ab94 (0x156cf5b7) lui     a1, 0x156cf
core   0: 3 0x8000ab94 (0x156cf5b7) x11 0x156cf000
core   0: 0x8000ab98 (0xb866c217) auipc   tp, 0xb866c
core   0: 3 0x8000ab98 (0xb866c217) x 4 0x38676b98
core   0: 0x8000ab9c (0x01808ab3) add     s5, ra, s8
core   0: 3 0x8000ab9c (0x01808ab3) x21 0x1929013f
core   0: 0x8000aba0 (0x41620fb3) sub     t6, tp, s6
core   0: 3 0x8000aba0 (0x41620fb3) x31 0xcacf33b3
core   0: 0x8000aba4 (0x99a54993) xori    s3, a0, -1638
core   0: 3 0x8000aba4 (0x99a54993) x19 0xfffff99a
core   0: 0x8000aba8 (0xf3e4bb17) auipc   s6, 0xf3e4b
core   0: 3 0x8000aba8 (0xf3e4bb17) x22 0x73e55ba8
core   0: 0x8000abac (0x01b2e0b3) or      ra, t0, s11
core   0: 3 0x8000abac (0x01b2e0b3) x 1 0xfffffa47
core   0: 0x8000abb0 (0x015f5fb3) srl     t6, t5, s5
core   0: 3 0x8000abb0 (0x015f5fb3) x31 0x00000000
core   0: 0x8000abb4 (0xabfec137) lui     sp, 0xabfec
core   0: 3 0x8000abb4 (0xabfec137) x 2 0xabfec000
core   0: 0x8000abb8 (0x28c9cf93) xori    t6, s3, 652
core   0: 3 0x8000abb8 (0x28c9cf93) x31 0xfffffb16
core   0: 0x8000abbc (0x865d6497) auipc   s1, 0x865d6
core   0: 3 0x8000abbc (0x865d6497) x 9 0x065e0bbc
core   0: 0x8000abc0 (0x01cbf0b3) and     ra, s7, t3
core   0: 3 0x8000abc0 (0x01cbf0b3) x 1 0x00000000
core   0: 0x8000abc4 (0x01ec7933) and     s2, s8, t5
core   0: 3 0x8000abc4 (0x01ec7933) x18 0x00000000
core   0: 0x8000abc8 (0xa54815b7) lui     a1, 0xa5481
core   0: 3 0x8000abc8 (0xa54815b7) x11 0xa5481000
core   0: 0x8000abcc (0xaa71f317) auipc   t1, 0xaa71f
core   0: 3 0x8000abcc (0xaa71f317) x 6 0x2a729bcc
core   0: 0x8000abd0 (0x00000013) nop
core   0: 3 0x8000abd0 (0x00000013)
core   0: 0x8000abd4 (0x019378b3) and     a7, t1, s9
core   0: 3 0x8000abd4 (0x019378b3) x17 0x000008c4
core   0: 0x8000abd8 (0x01c41813) slli    a6, s0, 28
core   0: 3 0x8000abd8 (0x01c41813) x16 0x40000000
core   0: 0x8000abdc (0x01da54b3) srl     s1, s4, t4
core   0: 3 0x8000abdc (0x01da54b3) x 9 0xffffffff
core   0: 0x8000abe0 (0x42e12913) slti    s2, sp, 1070
core   0: 3 0x8000abe0 (0x42e12913) x18 0x00000001
core   0: 0x8000abe4 (0x416ddfb3) sra     t6, s11, s6
core   0: 3 0x8000abe4 (0x416ddfb3) x31 0xfffffffa
core   0: 0x8000abe8 (0x6bce9297) auipc   t0, 0x6bce9
core   0: 3 0x8000abe8 (0x6bce9297) x 5 0xebcf3be8
core   0: 0x8000abec (0x4025da13) srai    s4, a1, 2
core   0: 3 0x8000abec (0x4025da13) x20 0xe9520400
core   0: 0x8000abf0 (0x000e1c13) slli    s8, t3, 0
core   0: 3 0x8000abf0 (0x000e1c13) x24 0xb8a1fa84
core   0: 0x8000abf4 (0x40fb8333) sub     t1, s7, a5
core   0: 3 0x8000abf4 (0x40fb8333) x 6 0xfdffffff
core   0: 0x8000abf8 (0x408e5b13) srai    s6, t3, 8
core   0: 3 0x8000abf8 (0x408e5b13) x22 0xffb8a1fa
core   0: 0x8000abfc (0xeee13d93) sltiu   s11, sp, -274
core   0: 3 0x8000abfc (0xeee13d93) x27 0x00000001
core   0: 0x8000ac00 (0xf4d78993) addi    s3, a5, -179
core   0: 3 0x8000ac00 (0xf4d78993) x19 0x01ffff4e
core   0: 0x8000ac04 (0x3d353f93) sltiu   t6, a0, 979
core   0: 3 0x8000ac04 (0x3d353f93) x31 0x00000001
core   0: 0x8000ac08 (0x0107e6b3) or      a3, a5, a6
core   0: 3 0x8000ac08 (0x0107e6b3) x13 0x42000001
core   0: 0x8000ac0c (0x01621033) sll     zero, tp, s6
core   0: 3 0x8000ac0c (0x01621033)
core   0: 0x8000ac10 (0x1ed56d93) ori     s11, a0, 493
core   0: 3 0x8000ac10 (0x1ed56d93) x27 0x000001ed
core   0: 0x8000ac14 (0x02768793) addi    a5, a3, 39
core   0: 3 0x8000ac14 (0x02768793) x15 0x42000028
core   0: 0x8000ac18 (0x01e7d913) srli    s2, a5, 30
core   0: 3 0x8000ac18 (0x01e7d913) x18 0x00000001
core   0: 0x8000ac1c (0x9833b7b7) lui     a5, 0x9833b
core   0: 3 0x8000ac1c (0x9833b7b7) x15 0x9833b000
core   0: 0x8000ac20 (0xbe738f93) addi    t6, t2, -1049
core   0: 3 0x8000ac20 (0xbe738f93) x31 0xfffffbe7
core   0: 0x8000ac24 (0x00000013) nop
core   0: 3 0x8000ac24 (0x00000013)
core   0: 0x8000ac28 (0x28c7f8b7) lui     a7, 0x28c7f
core   0: 3 0x8000ac28 (0x28c7f8b7) x17 0x28c7f000
core   0: 0x8000ac2c (0x00788933) add     s2, a7, t2
core   0: 3 0x8000ac2c (0x00788933) x18 0x28c7f000
core   0: 0x8000ac30 (0x81134193) xori    gp, t1, -2031
core   0: 3 0x8000ac30 (0x81134193) x 3 0x020007ee
core   0: 0x8000ac34 (0x00e302b3) add     t0, t1, a4
core   0: 3 0x8000ac34 (0x00e302b3) x 5 0xfdffffff
core   0: 0x8000ac38 (0x017bbd33) sltu    s10, s7, s7
core   0: 3 0x8000ac38 (0x017bbd33) x26 0x00000000
core   0: 0x8000ac3c (0x62436613) ori     a2, t1, 1572
core   0: 3 0x8000ac3c (0x62436613) x12 0xfdffffff
core   0: 0x8000ac40 (0x0989e293) ori     t0, s3, 152
core   0: 3 0x8000ac40 (0x0989e293) x 5 0x01ffffde
core   0: 0x8000ac44 (0x00291213) slli    tp, s2, 2
core   0: 3 0x8000ac44 (0x00291213) x 4 0xa31fc000
core   0: 0x8000ac48 (0x401c5db3) sra     s11, s8, ra
core   0: 3 0x8000ac48 (0x401c5db3) x27 0xb8a1fa84
core   0: 0x8000ac4c (0x018af933) and     s2, s5, s8
core   0: 3 0x8000ac4c (0x018af933) x18 0x18210004
core   0: 0x8000ac50 (0xf8784613) xori    a2, a6, -121
core   0: 3 0x8000ac50 (0xf8784613) x12 0xbfffff87
core   0: 0x8000ac54 (0x00e488b3) add     a7, s1, a4
core   0: 3 0x8000ac54 (0x00e488b3) x17 0xffffffff
core   0: 0x8000ac58 (0x2b2a75b7) lui     a1, 0x2b2a7
core   0: 3 0x8000ac58 (0x2b2a75b7) x11 0x2b2a7000
core   0: 0x8000ac5c (0x010b1593) slli    a1, s6, 16
core   0: 3 0x8000ac5c (0x010b1593) x11 0xa1fa0000
core   0: 0x8000ac60 (0x0172f833) and     a6, t0, s7
core   0: 3 0x8000ac60 (0x0172f833) x16 0x00000000
core   0: 0x8000ac64 (0x416ede33) sra     t3, t4, s6
core   0: 3 0x8000ac64 (0x416ede33) x28 0xffffffe0
core   0: 0x8000ac68 (0x005d5b13) srli    s6, s10, 5
core   0: 3 0x8000ac68 (0x005d5b13) x22 0x00000000
core   0: 0x8000ac6c (0x00000013) nop
core   0: 3 0x8000ac6c (0x00000013)
core   0: 0x8000ac70 (0x40245ab3) sra     s5, s0, sp
core   0: 3 0x8000ac70 (0x40245ab3) x21 0x80010e64
core   0: 0x8000ac74 (0x01da5e33) srl     t3, s4, t4
core   0: 3 0x8000ac74 (0x01da5e33) x28 0xe9520400
core   0: 0x8000ac78 (0x40245313) srai    t1, s0, 2
core   0: 3 0x8000ac78 (0x40245313) x 6 0xe0004399
core   0: 0x8000ac7c (0x01ff54b3) srl     s1, t5, t6
core   0: 3 0x8000ac7c (0x01ff54b3) x 9 0x00000000
core   0: 0x8000ac80 (0xc8e34093) xori    ra, t1, -882
core   0: 3 0x8000ac80 (0xc8e34093) x 1 0x1fffbf17
core   0: 0x8000ac84 (0x00c80233) add     tp, a6, a2
core   0: 3 0x8000ac84 (0x00c80233) x 4 0xbfffff87
core   0: 0x8000ac88 (0xdc830717) auipc   a4, 0xdc830
core   0: 3 0x8000ac88 (0xdc830717) x14 0x5c83ac88
core   0: 0x8000ac8c (0x01e5e9b3) or      s3, a1, t5
core   0: 3 0x8000ac8c (0x01e5e9b3) x19 0xa1fa0000
core   0: 0x8000ac90 (0x009b1633) sll     a2, s6, s1
core   0: 3 0x8000ac90 (0x009b1633) x12 0x00000000
core   0: 0x8000ac94 (0xb6458013) addi    zero, a1, -1180
core   0: 3 0x8000ac94 (0xb6458013)
core   0: 0x8000ac98 (0x40a2dab3) sra     s5, t0, a0
core   0: 3 0x8000ac98 (0x40a2dab3) x21 0x01ffffde
core   0: 0x8000ac9c (0x01e98833) add     a6, s3, t5
core   0: 3 0x8000ac9c (0x01e98833) x16 0xa1fa0000
core   0: 0x8000aca0 (0x377e6593) ori     a1, t3, 887
core   0: 3 0x8000aca0 (0x377e6593) x11 0xe9520777
core   0: 0x8000aca4 (0x00fff033) and     zero, t6, a5
core   0: 3 0x8000aca4 (0x00fff033)
core   0: 0x8000aca8 (0x00e183b3) add     t2, gp, a4
core   0: 3 0x8000aca8 (0x00e183b3) x 7 0x5e83b476
core   0: 0x8000acac (0xccfb5ab7) lui     s5, 0xccfb5
core   0: 3 0x8000acac (0xccfb5ab7) x21 0xccfb5000
core   0: 0x8000acb0 (0x4099d2b3) sra     t0, s3, s1
core   0: 3 0x8000acb0 (0x4099d2b3) x 5 0xa1fa0000
core   0: 0x8000acb4 (0x750dc193) xori    gp, s11, 1872
core   0: 3 0x8000acb4 (0x750dc193) x 3 0xb8a1fdd4
core   0: 0x8000acb8 (0xd5683a13) sltiu   s4, a6, -682
core   0: 3 0x8000acb8 (0xd5683a13) x20 0x00000001
core   0: 0x8000acbc (0x00000013) nop
core   0: 3 0x8000acbc (0x00000013)
core   0: 0x8000acc0 (0xc2e463b7) lui     t2, 0xc2e46
core   0: 3 0x8000acc0 (0xc2e463b7) x 7 0xc2e46000
core   0: 0x8000acc4 (0x00145a93) srli    s5, s0, 1
core   0: 3 0x8000acc4 (0x00145a93) x21 0x40008732
core   0: 0x8000acc8 (0xae09e697) auipc   a3, 0xae09e
core   0: 3 0x8000acc8 (0xae09e697) x13 0x2e0a8cc8
core   0: 0x8000accc (0x649b4713) xori    a4, s6, 1609
core   0: 3 0x8000accc (0x649b4713) x14 0x00000649
core   0: 0x8000acd0 (0x49ef6e13) ori     t3, t5, 1182
core   0: 3 0x8000acd0 (0x49ef6e13) x28 0x0000049e
core   0: 0x8000acd4 (0x417a8933) sub     s2, s5, s7
core   0: 3 0x8000acd4 (0x417a8933) x18 0x40008732
core   0: 0x8000acd8 (0xcdad1a97) auipc   s5, 0xcdad1
core   0: 3 0x8000acd8 (0xcdad1a97) x21 0x4dadbcd8
core   0: 0x8000acdc (0x00fe5633) srl     a2, t3, a5
core   0: 3 0x8000acdc (0x00fe5633) x12 0x0000049e
core   0: 0x8000ace0 (0xd3584f93) xori    t6, a6, -715
core   0: 3 0x8000ace0 (0xd3584f93) x31 0x5e05fd35
core   0: 0x8000ace4 (0xb3c24b13) xori    s6, tp, -1220
core   0: 3 0x8000ace4 (0xb3c24b13) x22 0x400004bb
core   0: 0x8000ace8 (0x413b5913) srai    s2, s6, 19
core   0: 3 0x8000ace8 (0x413b5913) x18 0x00000800
core   0: 0x8000acec (0x000ae0b3) or      ra, s5, zero
core   0: 3 0x8000acec (0x000ae0b3) x 1 0x4dadbcd8
core   0: 0x8000acf0 (0x01eeb633) sltu    a2, t4, t5
core   0: 3 0x8000acf0 (0x01eeb633) x12 0x00000000
core   0: 0x8000acf4 (0x173c6f13) ori     t5, s8, 371
core   0: 3 0x8000acf4 (0x173c6f13) x30 0xb8a1fbf7
core   0: 0x8000acf8 (0x40869697) auipc   a3, 0x40869
core   0: 3 0x8000acf8 (0x40869697) x13 0xc0873cf8
core   0: 0x8000acfc (0x64104193) xori    gp, zero, 1601
core   0: 3 0x8000acfc (0x64104193) x 3 0x00000641
core   0: 0x8000ad00 (0x01a5f9b3) and     s3, a1, s10
core   0: 3 0x8000ad00 (0x01a5f9b3) x19 0x00000000
core   0: 0x8000ad04 (0x00d55f33) srl     t5, a0, a3
core   0: 3 0x8000ad04 (0x00d55f33) x30 0x00000000
core   0: 0x8000ad08 (0x40bb88b3) sub     a7, s7, a1
core   0: 3 0x8000ad08 (0x40bb88b3) x17 0x16adf889
core   0: 0x8000ad0c (0x005fa533) slt     a0, t6, t0
core   0: 3 0x8000ad0c (0x005fa533) x10 0x00000000
core   0: 0x8000ad10 (0x41badf13) srai    t5, s5, 27
core   0: 3 0x8000ad10 (0x41badf13) x30 0x00000009
core   0: 0x8000ad14 (0x280d2693) slti    a3, s10, 640
core   0: 3 0x8000ad14 (0x280d2693) x13 0x00000001
core   0: 0x8000ad18 (0xa0e63b13) sltiu   s6, a2, -1522
core   0: 3 0x8000ad18 (0xa0e63b13) x22 0x00000001
core   0: 0x8000ad1c (0x0198ea33) or      s4, a7, s9
core   0: 3 0x8000ad1c (0x0198ea33) x20 0x96adfced
core   0: 0x8000ad20 (0x41aa8c33) sub     s8, s5, s10
core   0: 3 0x8000ad20 (0x41aa8c33) x24 0x4dadbcd8
core   0: 0x8000ad24 (0x0af57d13) andi    s10, a0, 175
core   0: 3 0x8000ad24 (0x0af57d13) x26 0x00000000
core   0: 0x8000ad28 (0xb4448a13) addi    s4, s1, -1212
core   0: 3 0x8000ad28 (0xb4448a13) x20 0xfffffb44
core   0: 0x8000ad2c (0x00d22033) slt     zero, tp, a3
core   0: 3 0x8000ad2c (0x00d22033)
core   0: 0x8000ad30 (0x58ab0293) addi    t0, s6, 1418
core   0: 3 0x8000ad30 (0x58ab0293) x 5 0x0000058b
core   0: 0x8000ad34 (0x14d19d37) lui     s10, 0x14d19
core   0: 3 0x8000ad34 (0x14d19d37) x26 0x14d19000
core   0: 0x8000ad38 (0x2830c913) xori    s2, ra, 643
core   0: 3 0x8000ad38 (0x2830c913) x18 0x4dadbe5b
core   0: 0x8000ad3c (0x01f9e633) or      a2, s3, t6
core   0: 3 0x8000ad3c (0x01f9e633) x12 0x5e05fd35
core   0: 0x8000ad40 (0xfff00813) li      a6, -1
core   0: 3 0x8000ad40 (0xfff00813) x16 0xffffffff
core   0: 0x8000ad44 (0xfff00a13) li      s4, -1
core   0: 3 0x8000ad44 (0xfff00a13) x20 0xffffffff
core   0: 0x8000ad48 (0x80000637) lui     a2, 0x80000
core   0: 3 0x8000ad48 (0x80000637) x12 0x80000000
core   0: 0x8000ad4c (0x00000093) li      ra, 0
core   0: 3 0x8000ad4c (0x00000093) x 1 0x00000000
core   0: 0x8000ad50 (0x00000793) li      a5, 0
core   0: 3 0x8000ad50 (0x00000793) x15 0x00000000
core   0: 0x8000ad54 (0x00000a93) li      s5, 0
core   0: 3 0x8000ad54 (0x00000a93) x21 0x00000000
core   0: 0x8000ad58 (0x800001b7) lui     gp, 0x80000
core   0: 3 0x8000ad58 (0x800001b7) x 3 0x80000000
core   0: 0x8000ad5c (0x800004b7) lui     s1, 0x80000
core   0: 3 0x8000ad5c (0x800004b7) x 9 0x80000000
core   0: 0x8000ad60 (0x800002b7) lui     t0, 0x80000
core   0: 3 0x8000ad60 (0x800002b7) x 5 0x80000000
core   0: 0x8000ad64 (0xf7c76bb7) lui     s7, 0xf7c76
core   0: 3 0x8000ad64 (0xf7c76bb7) x23 0xf7c76000
core   0: 0x8000ad68 (0x0ebb8b93) addi    s7, s7, 235
core   0: 3 0x8000ad68 (0x0ebb8b93) x23 0xf7c760eb
core   0: 0x8000ad6c (0xf819d617) auipc   a2, 0xf819d
core   0: 3 0x8000ad6c (0xf819d617) x12 0x781a7d6c
core   0: 0x8000ad70 (0x414604b3) sub     s1, a2, s4
core   0: 3 0x8000ad70 (0x414604b3) x 9 0x781a7d6d
core   0: 0x8000ad74 (0x401b84b3) sub     s1, s7, ra
core   0: 3 0x8000ad74 (0x401b84b3) x 9 0xf7c760eb
core   0: 0x8000ad78 (0x41080833) sub     a6, a6, a6
core   0: 3 0x8000ad78 (0x41080833) x16 0x00000000
core   0: 0x8000ad7c (0xc07aeb97) auipc   s7, 0xc07ae
core   0: 3 0x8000ad7c (0xc07aeb97) x23 0x407b8d7c
core   0: 0x8000ad80 (0x00000013) nop
core   0: 3 0x8000ad80 (0x00000013)
core   0: 0x8000ad84 (0x93acca37) lui     s4, 0x93acc
core   0: 3 0x8000ad84 (0x93acca37) x20 0x93acc000
core   0: 0x8000ad88 (0x25308b93) addi    s7, ra, 595
core   0: 3 0x8000ad88 (0x25308b93) x23 0x00000253
core   0: 0x8000ad8c (0x005484b3) add     s1, s1, t0
core   0: 3 0x8000ad8c (0x005484b3) x 9 0x77c760eb
core   0: 0x8000ad90 (0x00000013) nop
core   0: 3 0x8000ad90 (0x00000013)
core   0: 0x8000ad94 (0x410a04b3) sub     s1, s4, a6
core   0: 3 0x8000ad94 (0x410a04b3) x 9 0x93acc000
core   0: 0x8000ad98 (0x37337097) auipc   ra, 0x37337
core   0: 3 0x8000ad98 (0x37337097) x 1 0xb7341d98
core   0: 0x8000ad9c (0x00000013) nop
core   0: 3 0x8000ad9c (0x00000013)
core   0: 0x8000ada0 (0x010602b3) add     t0, a2, a6
core   0: 3 0x8000ada0 (0x010602b3) x 5 0x781a7d6c
core   0: 0x8000ada4 (0x00000013) nop
core   0: 3 0x8000ada4 (0x00000013)
core   0: 0x8000ada8 (0x00c781b3) add     gp, a5, a2
core   0: 3 0x8000ada8 (0x00c781b3) x 3 0x781a7d6c
core   0: 0x8000adac (0xc0803617) auipc   a2, 0xc0803
core   0: 3 0x8000adac (0xc0803617) x12 0x4080ddac
core   0: 0x8000adb0 (0x00000013) nop
core   0: 3 0x8000adb0 (0x00000013)
core   0: 0x8000adb4 (0x009bce33) xor     t3, s7, s1
core   0: 3 0x8000adb4 (0x009bce33) x28 0x93acc253
core   0: 0x8000adb8 (0x00241b93) slli    s7, s0, 2
core   0: 3 0x8000adb8 (0x00241b93) x23 0x00043990
core   0: 0x8000adbc (0x00298933) add     s2, s3, sp
core   0: 3 0x8000adbc (0x00298933) x18 0xabfec000
core   0: 0x8000adc0 (0x011dc933) xor     s2, s11, a7
core   0: 3 0x8000adc0 (0x011dc933) x18 0xae0c020d
core   0: 0x8000adc4 (0x008426b3) slt     a3, s0, s0
core   0: 3 0x8000adc4 (0x008426b3) x13 0x00000000
core   0: 0x8000adc8 (0x88380617) auipc   a2, 0x88380
core   0: 3 0x8000adc8 (0x88380617) x12 0x0838adc8
core   0: 0x8000adcc (0x0004aab3) slt     s5, s1, zero
core   0: 3 0x8000adcc (0x0004aab3) x21 0x00000001
core   0: 0x8000add0 (0x00a203b3) add     t2, tp, a0
core   0: 3 0x8000add0 (0x00a203b3) x 7 0xbfffff87
core   0: 0x8000add4 (0x01312733) slt     a4, sp, s3
core   0: 3 0x8000add4 (0x01312733) x14 0x00000001
core   0: 0x8000add8 (0x0063d733) srl     a4, t2, t1
core   0: 3 0x8000add8 (0x0063d733) x14 0x0000005f
core   0: 0x8000addc (0x41c9d493) srai    s1, s3, 28
core   0: 3 0x8000addc (0x41c9d493) x 9 0x00000000
core   0: 0x8000ade0 (0x41705bb3) sra     s7, zero, s7
core   0: 3 0x8000ade0 (0x41705bb3) x23 0x00000000
core   0: 0x8000ade4 (0x40f5d613) srai    a2, a1, 15
core   0: 3 0x8000ade4 (0x40f5d613) x12 0xffffd2a4
core   0: 0x8000ade8 (0x01689a93) slli    s5, a7, 22
core   0: 3 0x8000ade8 (0x01689a93) x21 0x22400000
core   0: 0x8000adec (0x3591a893) slti    a7, gp, 857
core   0: 3 0x8000adec (0x3591a893) x17 0x00000000
core   0: 0x8000adf0 (0x0121fd33) and     s10, gp, s2
core   0: 3 0x8000adf0 (0x0121fd33) x26 0x2808000c
core   0: 0x8000adf4 (0xf6078fb7) lui     t6, 0xf6078
core   0: 3 0x8000adf4 (0xf6078fb7) x31 0xf6078000
core   0: 0x8000adf8 (0x40215e13) srai    t3, sp, 2
core   0: 3 0x8000adf8 (0x40215e13) x28 0xeaffb000
core   0: 0x8000adfc (0x1e718097) auipc   ra, 0x1e718
core   0: 3 0x8000adfc (0x1e718097) x 1 0x9e722dfc
core   0: 0x8000ae00 (0xff6c3893) sltiu   a7, s8, -10
core   0: 3 0x8000ae00 (0xff6c3893) x17 0x00000001
core   0: 0x8000ae04 (0x01afe1b3) or      gp, t6, s10
core   0: 3 0x8000ae04 (0x01afe1b3) x 3 0xfe0f800c
core   0: 0x8000ae08 (0x4198d813) srai    a6, a7, 25
core   0: 3 0x8000ae08 (0x4198d813) x16 0x00000000
core   0: 0x8000ae0c (0x843aa093) slti    ra, s5, -1981
core   0: 3 0x8000ae0c (0x843aa093) x 1 0x00000000
core   0: 0x8000ae10 (0x2c188f93) addi    t6, a7, 705
core   0: 3 0x8000ae10 (0x2c188f93) x31 0x000002c2
core   0: 0x8000ae14 (0x07d195b7) lui     a1, 0x7d19
core   0: 3 0x8000ae14 (0x07d195b7) x11 0x07d19000
core   0: 0x8000ae18 (0x41abd4b3) sra     s1, s7, s10
core   0: 3 0x8000ae18 (0x41abd4b3) x 9 0x00000000
core   0: 0x8000ae1c (0x010e0db3) add     s11, t3, a6
core   0: 3 0x8000ae1c (0x010e0db3) x27 0xeaffb000
core   0: 0x8000ae20 (0x3840b1b7) lui     gp, 0x3840b
core   0: 3 0x8000ae20 (0x3840b1b7) x 3 0x3840b000
core   0: 0x8000ae24 (0x00fedd93) srli    s11, t4, 15
core   0: 3 0x8000ae24 (0x00fedd93) x27 0x00010000
core   0: 0x8000ae28 (0x001351b3) srl     gp, t1, ra
core   0: 3 0x8000ae28 (0x001351b3) x 3 0xe0004399
core   0: 0x8000ae2c (0x01ff5b33) srl     s6, t5, t6
core   0: 3 0x8000ae2c (0x01ff5b33) x22 0x00000002
core   0: 0x8000ae30 (0x7520a293) slti    t0, ra, 1874
core   0: 3 0x8000ae30 (0x7520a293) x 5 0x00000001
core   0: 0x8000ae34 (0x00cea133) slt     sp, t4, a2
core   0: 3 0x8000ae34 (0x00cea133) x 2 0x00000001
core   0: 0x8000ae38 (0x8060fd37) lui     s10, 0x8060f
core   0: 3 0x8000ae38 (0x8060fd37) x26 0x8060f000
core   0: 0x8000ae3c (0x1e5d0d13) addi    s10, s10, 485
core   0: 3 0x8000ae3c (0x1e5d0d13) x26 0x8060f1e5
core   0: 0x8000ae40 (0x00000393) li      t2, 0
core   0: 3 0x8000ae40 (0x00000393) x 7 0x00000000
core   0: 0x8000ae44 (0xbb080f37) lui     t5, 0xbb080
core   0: 3 0x8000ae44 (0xbb080f37) x30 0xbb080000
core   0: 0x8000ae48 (0x654f0f13) addi    t5, t5, 1620
core   0: 3 0x8000ae48 (0x654f0f13) x30 0xbb080654
core   0: 0x8000ae4c (0x8d708237) lui     tp, 0x8d708
core   0: 3 0x8000ae4c (0x8d708237) x 4 0x8d708000
core   0: 0x8000ae50 (0xf5a20213) addi    tp, tp, -166
core   0: 3 0x8000ae50 (0xf5a20213) x 4 0x8d707f5a
core   0: 0x8000ae54 (0xfff00a13) li      s4, -1
core   0: 3 0x8000ae54 (0xfff00a13) x20 0xffffffff
core   0: 0x8000ae58 (0xf4102337) lui     t1, 0xf4102
core   0: 3 0x8000ae58 (0xf4102337) x 6 0xf4102000
core   0: 0x8000ae5c (0x5bf30313) addi    t1, t1, 1471
core   0: 3 0x8000ae5c (0x5bf30313) x 6 0xf41025bf
core   0: 0x8000ae60 (0x80000e37) lui     t3, 0x80000
core   0: 3 0x8000ae60 (0x80000e37) x28 0x80000000
core   0: 0x8000ae64 (0x800007b7) lui     a5, 0x80000
core   0: 3 0x8000ae64 (0x800007b7) x15 0x80000000
core   0: 0x8000ae68 (0xb03abc37) lui     s8, 0xb03ab
core   0: 3 0x8000ae68 (0xb03abc37) x24 0xb03ab000
core   0: 0x8000ae6c (0x620c0c13) addi    s8, s8, 1568
core   0: 3 0x8000ae6c (0x620c0c13) x24 0xb03ab620
core   0: 0x8000ae70 (0xa5d2fdb7) lui     s11, 0xa5d2f
core   0: 3 0x8000ae70 (0xa5d2fdb7) x27 0xa5d2f000
core   0: 0x8000ae74 (0x760d8d93) addi    s11, s11, 1888
core   0: 3 0x8000ae74 (0x760d8d93) x27 0xa5d2f760
core   0: 0x8000ae78 (0xa2ab3d37) lui     s10, 0xa2ab3
core   0: 3 0x8000ae78 (0xa2ab3d37) x26 0xa2ab3000
core   0: 0x8000ae7c (0xbc388d97) auipc   s11, 0xbc388
core   0: 3 0x8000ae7c (0xbc388d97) x27 0x3c392e7c
core   0: 0x8000ae80 (0x7cff0d13) addi    s10, t5, 1999
core   0: 3 0x8000ae80 (0x7cff0d13) x26 0xbb080e23
core   0: 0x8000ae84 (0x01e787b3) add     a5, a5, t5
core   0: 3 0x8000ae84 (0x01e787b3) x15 0x3b080654
core   0: 0x8000ae88 (0x407e03b3) sub     t2, t3, t2
core   0: 3 0x8000ae88 (0x407e03b3) x 7 0x80000000
core   0: 0x8000ae8c (0x00000013) nop
core   0: 3 0x8000ae8c (0x00000013)
core   0: 0x8000ae90 (0x2b7a0e13) addi    t3, s4, 695
core   0: 3 0x8000ae90 (0x2b7a0e13) x28 0x000002b6
core   0: 0x8000ae94 (0x01cd0c33) add     s8, s10, t3
core   0: 3 0x8000ae94 (0x01cd0c33) x24 0xbb0810d9
core   0: 0x8000ae98 (0x406a0233) sub     tp, s4, t1
core   0: 3 0x8000ae98 (0x406a0233) x 4 0x0befda40
core   0: 0x8000ae9c (0x4cb82e37) lui     t3, 0x4cb82
core   0: 3 0x8000ae9c (0x4cb82e37) x28 0x4cb82000
core   0: 0x8000aea0 (0x00000013) nop
core   0: 3 0x8000aea0 (0x00000013)
core   0: 0x8000aea4 (0x006f0333) add     t1, t5, t1
core   0: 3 0x8000aea4 (0x006f0333) x 6 0xaf182c13
core   0: 0x8000aea8 (0x795763b7) lui     t2, 0x79576
core   0: 3 0x8000aea8 (0x795763b7) x 7 0x79576000
core   0: 0x8000aeac (0x81894d37) lui     s10, 0x81894
core   0: 3 0x8000aeac (0x81894d37) x26 0x81894000
core   0: 0x8000aeb0 (0x5ad67a17) auipc   s4, 0x5ad67
core   0: 3 0x8000aeb0 (0x5ad67a17) x20 0xdad71eb0
core   0: 0x8000aeb4 (0xb481a797) auipc   a5, 0xb481a
core   0: 3 0x8000aeb4 (0xb481a797) x15 0x34824eb4
core   0: 0x8000aeb8 (0x406a0e33) sub     t3, s4, t1
core   0: 3 0x8000aeb8 (0x406a0e33) x28 0x2bbef29d
core   0: 0x8000aebc (0x9d9c0793) addi    a5, s8, -1575
core   0: 3 0x8000aebc (0x9d9c0793) x15 0xbb080ab2
core   0: 0x8000aec0 (0x3b39c7b7) lui     a5, 0x3b39c
core   0: 3 0x8000aec0 (0x3b39c7b7) x15 0x3b39c000
core   0: 0x8000aec4 (0x284ac237) lui     tp, 0x284ac
core   0: 3 0x8000aec4 (0x284ac237) x 4 0x284ac000
core   0: 0x8000aec8 (0x30071797) auipc   a5, 0x30071
core   0: 3 0x8000aec8 (0x30071797) x15 0xb007bec8
core   0: 0x8000aecc (0x01ef0f33) add     t5, t5, t5
core   0: 3 0x8000aecc (0x01ef0f33) x30 0x76100ca8
core   0: 0x8000aed0 (0x41b78333) sub     t1, a5, s11
core   0: 3 0x8000aed0 (0x41b78333) x 6 0x73ce904c
core   0: 0x8000aed4 (0x01430db3) add     s11, t1, s4
core   0: 3 0x8000aed4 (0x01430db3) x27 0x4ea5aefc
core   0: 0x8000aed8 (0x6e5b5d97) auipc   s11, 0x6e5b5
core   0: 3 0x8000aed8 (0x6e5b5d97) x27 0xee5bfed8
core   0: 0x8000aedc (0x01ae0f33) add     t5, t3, s10
core   0: 3 0x8000aedc (0x01ae0f33) x30 0xad48329d
core   0: 0x8000aee0 (0x00675733) srl     a4, a4, t1
core   0: 3 0x8000aee0 (0x00675733) x14 0x00000000
core   0: 0x8000aee4 (0x03af4e13) xori    t3, t5, 58
core   0: 3 0x8000aee4 (0x03af4e13) x28 0xad4832a7
core   0: 0x8000aee8 (0x01f49b93) slli    s7, s1, 31
core   0: 3 0x8000aee8 (0x01f49b93) x23 0x00000000
core   0: 0x8000aeec (0x00d55f13) srli    t5, a0, 13
core   0: 3 0x8000aeec (0x00d55f13) x30 0x00000000
core   0: 0x8000aef0 (0x00d69593) slli    a1, a3, 13
core   0: 3 0x8000aef0 (0x00d69593) x11 0x00000000
core   0: 0x8000aef4 (0x739b0993) addi    s3, s6, 1849
core   0: 3 0x8000aef4 (0x739b0993) x19 0x0000073b
core   0: 0x8000aef8 (0x006b4db3) xor     s11, s6, t1
core   0: 3 0x8000aef8 (0x006b4db3) x27 0x73ce904e
core   0: 0x8000aefc (0x00ef58b3) srl     a7, t5, a4
core   0: 3 0x8000aefc (0x00ef58b3) x17 0x00000000
core   0: 0x8000af00 (0x008836b3) sltu    a3, a6, s0
core   0: 3 0x8000af00 (0x008836b3) x13 0x00000001
core   0: 0x8000af04 (0x61594a13) xori    s4, s2, 1557
core   0: 3 0x8000af04 (0x61594a13) x20 0xae0c0418
core   0: 0x8000af08 (0x019dd293) srli    t0, s11, 25
core   0: 3 0x8000af08 (0x019dd293) x 5 0x00000039
core   0: 0x8000af0c (0x003802b3) add     t0, a6, gp
core   0: 3 0x8000af0c (0x003802b3) x 5 0xe0004399
core   0: 0x8000af10 (0x002ef033) and     zero, t4, sp
core   0: 3 0x8000af10 (0x002ef033)
core   0: 0x8000af14 (0x7c924813) xori    a6, tp, 1993
core   0: 3 0x8000af14 (0x7c924813) x16 0x284ac7c9
core   0: 0x8000af18 (0x002088b3) add     a7, ra, sp
core   0: 3 0x8000af18 (0x002088b3) x17 0x00000001
core   0: 0x8000af1c (0x5f110113) addi    sp, sp, 1521
core   0: 3 0x8000af1c (0x5f110113) x 2 0x000005f2
core   0: 0x8000af20 (0x00000013) nop
core   0: 3 0x8000af20 (0x00000013)
core   0: 0x8000af24 (0x1cf68313) addi    t1, a3, 463
core   0: 3 0x8000af24 (0x1cf68313) x 6 0x000001d0
core   0: 0x8000af28 (0x00ba7f33) and     t5, s4, a1
core   0: 3 0x8000af28 (0x00ba7f33) x30 0x00000000
core   0: 0x8000af2c (0x00000013) nop
core   0: 3 0x8000af2c (0x00000013)
core   0: 0x8000af30 (0x406a5233) sra     tp, s4, t1
core   0: 3 0x8000af30 (0x406a5233) x 4 0xffffae0c
core   0: 0x8000af34 (0x0e921917) auipc   s2, 0xe921
core   0: 3 0x8000af34 (0x0e921917) x18 0x8e92bf34
core   0: 0x8000af38 (0x00000013) nop
core   0: 3 0x8000af38 (0x00000013)
core   0: 0x8000af3c (0x01b6a333) slt     t1, a3, s11
core   0: 3 0x8000af3c (0x01b6a333) x 6 0x00000001
core   0: 0x8000af40 (0x00000013) nop
core   0: 3 0x8000af40 (0x00000013)
core   0: 0x8000af44 (0x019c4233) xor     tp, s8, s9
core   0: 3 0x8000af44 (0x019c4233) x 4 0x3b095c3d
core   0: 0x8000af48 (0xaee3ad13) slti    s10, t2, -1298
core   0: 3 0x8000af48 (0xaee3ad13) x26 0x00000000
core   0: 0x8000af4c (0x408954b3) sra     s1, s2, s0
core   0: 3 0x8000af4c (0x408954b3) x 9 0xf8e92bf3
core   0: 0x8000af50 (0x00f9b3b3) sltu    t2, s3, a5
core   0: 3 0x8000af50 (0x00f9b3b3) x 7 0x00000001
core   0: 0x8000af54 (0x410b5a13) srai    s4, s6, 16
core   0: 3 0x8000af54 (0x410b5a13) x20 0x00000000
core   0: 0x8000af58 (0x002bf333) and     t1, s7, sp
core   0: 3 0x8000af58 (0x002bf333) x 6 0x00000000
core   0: 0x8000af5c (0x01d1dd93) srli    s11, gp, 29
core   0: 3 0x8000af5c (0x01d1dd93) x27 0x00000007
core   0: 0x8000af60 (0xe0740593) addi    a1, s0, -505
core   0: 3 0x8000af60 (0xe0740593) x11 0x80010c6b
core   0: 0x8000af64 (0x0166df13) srli    t5, a3, 22
core   0: 3 0x8000af64 (0x0166df13) x30 0x00000000
core   0: 0x8000af68 (0xe04c8913) addi    s2, s9, -508
core   0: 3 0x8000af68 (0xe04c8913) x18 0x80014ae8
core   0: 0x8000af6c (0x01b3d513) srli    a0, t2, 27
core   0: 3 0x8000af6c (0x01b3d513) x10 0x00000000
core   0: 0x8000af70 (0x016522b3) slt     t0, a0, s6
core   0: 3 0x8000af70 (0x016522b3) x 5 0x00000001
core   0: 0x8000af74 (0x40e78ab3) sub     s5, a5, a4
core   0: 3 0x8000af74 (0x40e78ab3) x21 0xb007bec8
core   0: 0x8000af78 (0x00d61f93) slli    t6, a2, 13
core   0: 3 0x8000af78 (0x00d61f93) x31 0xfa548000
core   0: 0x8000af7c (0x01a406b3) add     a3, s0, s10
core   0: 3 0x8000af7c (0x01a406b3) x13 0x80010e64
core   0: 0x8000af80 (0xc43b0a93) addi    s5, s6, -957
core   0: 3 0x8000af80 (0xc43b0a93) x21 0xfffffc45
core   0: 0x8000af84 (0x68f5f013) andi    zero, a1, 1679
core   0: 3 0x8000af84 (0x68f5f013)
core   0: 0x8000af88 (0x406c08b3) sub     a7, s8, t1
core   0: 3 0x8000af88 (0x406c08b3) x17 0xbb0810d9
core   0: 0x8000af8c (0x5c8c4a93) xori    s5, s8, 1480
core   0: 3 0x8000af8c (0x5c8c4a93) x21 0xbb081511
core   0: 0x8000af90 (0x01a48ab3) add     s5, s1, s10
core   0: 3 0x8000af90 (0x01a48ab3) x21 0xf8e92bf3
core   0: 0x8000af94 (0x00000013) nop
core   0: 3 0x8000af94 (0x00000013)
core   0: 0x8000af98 (0xd9c46a13) ori     s4, s0, -612
core   0: 3 0x8000af98 (0xd9c46a13) x20 0xfffffffc
core   0: 0x8000af9c (0x00b58633) add     a2, a1, a1
core   0: 3 0x8000af9c (0x00b58633) x12 0x000218d6
core   0: 0x8000afa0 (0x01faba33) sltu    s4, s5, t6
core   0: 3 0x8000afa0 (0x01faba33) x20 0x00000001
core   0: 0x8000afa4 (0x5d84d037) lui     zero, 0x5d84d
core   0: 3 0x8000afa4 (0x5d84d037)
core   0: 0x8000afa8 (0xb8b0c713) xori    a4, ra, -1141
core   0: 3 0x8000afa8 (0xb8b0c713) x14 0xfffffb8b
core   0: 0x8000afac (0x83648513) addi    a0, s1, -1994
core   0: 3 0x8000afac (0x83648513) x10 0xf8e92429
core   0: 0x8000afb0 (0x00f44fb3) xor     t6, s0, a5
core   0: 3 0x8000afb0 (0x00f44fb3) x31 0x3006b0ac
core   0: 0x8000afb4 (0x0090db33) srl     s6, ra, s1
core   0: 3 0x8000afb4 (0x0090db33) x22 0x00000000
core   0: 0x8000afb8 (0xf6574b13) xori    s6, a4, -155
core   0: 3 0x8000afb8 (0xf6574b13) x22 0x000004ee
core   0: 0x8000afbc (0x002cb233) sltu    tp, s9, sp
core   0: 3 0x8000afbc (0x002cb233) x 4 0x00000000
core   0: 0x8000afc0 (0x01939c33) sll     s8, t2, s9
core   0: 3 0x8000afc0 (0x01939c33) x24 0x00000010
core   0: 0x8000afc4 (0x002da733) slt     a4, s11, sp
core   0: 3 0x8000afc4 (0x002da733) x14 0x00000001
core   0: 0x8000afc8 (0x442a8317) auipc   t1, 0x442a8
core   0: 3 0x8000afc8 (0x442a8317) x 6 0xc42b2fc8
core   0: 0x8000afcc (0x01e0ebb3) or      s7, ra, t5
core   0: 3 0x8000afcc (0x01e0ebb3) x23 0x00000000
core   0: 0x8000afd0 (0x619556b7) lui     a3, 0x61955
core   0: 3 0x8000afd0 (0x619556b7) x13 0x61955000
core   0: 0x8000afd4 (0x40ce04b3) sub     s1, t3, a2
core   0: 3 0x8000afd4 (0x40ce04b3) x 9 0xad4619d1
core   0: 0x8000afd8 (0x00ce0d33) add     s10, t3, a2
core   0: 3 0x8000afd8 (0x00ce0d33) x26 0xad4a4b7d
core   0: 0x8000afdc (0x58387a97) auipc   s5, 0x58387
core   0: 3 0x8000afdc (0x58387a97) x21 0xd8391fdc
core   0: 0x8000afe0 (0x00000013) nop
core   0: 3 0x8000afe0 (0x00000013)
core   0: 0x8000afe4 (0x00c70db3) add     s11, a4, a2
core   0: 3 0x8000afe4 (0x00c70db3) x27 0x000218d7
core   0: 0x8000afe8 (0x16ece793) ori     a5, s9, 366
core   0: 3 0x8000afe8 (0x16ece793) x15 0x80014dee
core   0: 0x8000afec (0x01ca5133) srl     sp, s4, t3
core   0: 3 0x8000afec (0x01ca5133) x 2 0x00000000
core   0: 0x8000aff0 (0x001e1c33) sll     s8, t3, ra
core   0: 3 0x8000aff0 (0x001e1c33) x24 0xad4832a7
core   0: 0x8000aff4 (0x40870333) sub     t1, a4, s0
core   0: 3 0x8000aff4 (0x40870333) x 6 0x7ffef19d
core   0: 0x8000aff8 (0x0179cc33) xor     s8, s3, s7
core   0: 3 0x8000aff8 (0x0179cc33) x24 0x0000073b
core   0: 0x8000affc (0x010f9bb3) sll     s7, t6, a6
core   0: 3 0x8000affc (0x010f9bb3) x23 0x0d615800
core   0: 0x8000b000 (0xc936ac13) slti    s8, a3, -877
core   0: 3 0x8000b000 (0xc936ac13) x24 0x00000000
core   0: 0x8000b004 (0xb5230037) lui     zero, 0xb5230
core   0: 3 0x8000b004 (0xb5230037)
core   0: 0x8000b008 (0xe2cd0193) addi    gp, s10, -468
core   0: 3 0x8000b008 (0xe2cd0193) x 3 0xad4a49a9
core   0: 0x8000b00c (0x01a8ae33) slt     t3, a7, s10
core   0: 3 0x8000b00c (0x01a8ae33) x28 0x00000000
core   0: 0x8000b010 (0xbd98c717) auipc   a4, 0xbd98c
core   0: 3 0x8000b010 (0xbd98c717) x14 0x3d997010
core   0: 0x8000b014 (0x63787e13) andi    t3, a6, 1591
core   0: 3 0x8000b014 (0x63787e13) x28 0x00000601
core   0: 0x8000b018 (0x7bc0bfb7) lui     t6, 0x7bc0b
core   0: 3 0x8000b018 (0x7bc0bfb7) x31 0x7bc0b000
core   0: 0x8000b01c (0x40105a93) srai    s5, zero, 1
core   0: 3 0x8000b01c (0x40105a93) x21 0x00000000
core   0: 0x8000b020 (0x00000213) li      tp, 0
core   0: 3 0x8000b020 (0x00000213) x 4 0x00000000
core   0: 0x8000b024 (0xeee02bb7) lui     s7, 0xeee02
core   0: 3 0x8000b024 (0xeee02bb7) x23 0xeee02000
core   0: 0x8000b028 (0x4f8b8b93) addi    s7, s7, 1272
core   0: 3 0x8000b028 (0x4f8b8b93) x23 0xeee024f8
core   0: 0x8000b02c (0x80000db7) lui     s11, 0x80000
core   0: 3 0x8000b02c (0x80000db7) x27 0x80000000
core   0: 0x8000b030 (0x80000e37) lui     t3, 0x80000
core   0: 3 0x8000b030 (0x80000e37) x28 0x80000000
core   0: 0x8000b034 (0x800000b7) lui     ra, 0x80000
core   0: 3 0x8000b034 (0x800000b7) x 1 0x80000000
core   0: 0x8000b038 (0x00000313) li      t1, 0
core   0: 3 0x8000b038 (0x00000313) x 6 0x00000000
core   0: 0x8000b03c (0xfff00193) li      gp, -1
core   0: 3 0x8000b03c (0xfff00193) x 3 0xffffffff
core   0: 0x8000b040 (0xb5f475b7) lui     a1, 0xb5f47
core   0: 3 0x8000b040 (0xb5f475b7) x11 0xb5f47000
core   0: 0x8000b044 (0xd7858593) addi    a1, a1, -648
core   0: 3 0x8000b044 (0xd7858593) x11 0xb5f46d78
core   0: 0x8000b048 (0x00000993) li      s3, 0
core   0: 3 0x8000b048 (0x00000993) x19 0x00000000
core   0: 0x8000b04c (0x00000a13) li      s4, 0
core   0: 3 0x8000b04c (0x00000a13) x20 0x00000000
core   0: 0x8000b050 (0x4c27c9b7) lui     s3, 0x4c27c
core   0: 3 0x8000b050 (0x4c27c9b7) x19 0x4c27c000
core   0: 0x8000b054 (0x0b9089b7) lui     s3, 0xb908
core   0: 3 0x8000b054 (0x0b9089b7) x19 0x0b908000
core   0: 0x8000b058 (0x00000013) nop
core   0: 3 0x8000b058 (0x00000013)
core   0: 0x8000b05c (0x00000013) nop
core   0: 3 0x8000b05c (0x00000013)
core   0: 0x8000b060 (0x07ed8a17) auipc   s4, 0x7ed8
core   0: 3 0x8000b060 (0x07ed8a17) x20 0x87ee3060
core   0: 0x8000b064 (0x00000013) nop
core   0: 3 0x8000b064 (0x00000013)
core   0: 0x8000b068 (0x40698233) sub     tp, s3, t1
core   0: 3 0x8000b068 (0x40698233) x 4 0x0b908000
core   0: 0x8000b06c (0x26f5d097) auipc   ra, 0x26f5d
core   0: 3 0x8000b06c (0x26f5d097) x 1 0xa6f6806c
core   0: 0x8000b070 (0x757a0213) addi    tp, s4, 1879
core   0: 3 0x8000b070 (0x757a0213) x 4 0x87ee37b7
core   0: 0x8000b074 (0x0e9a4317) auipc   t1, 0xe9a4
core   0: 3 0x8000b074 (0x0e9a4317) x 6 0x8e9af074
core   0: 0x8000b078 (0x00000013) nop
core   0: 3 0x8000b078 (0x00000013)
core   0: 0x8000b07c (0x401300b3) sub     ra, t1, ra
core   0: 3 0x8000b07c (0x401300b3) x 1 0xe7a47008
core   0: 0x8000b080 (0x1c237597) auipc   a1, 0x1c237
core   0: 3 0x8000b080 (0x1c237597) x11 0x9c242080
core   0: 0x8000b084 (0x07f18b93) addi    s7, gp, 127
core   0: 3 0x8000b084 (0x07f18b93) x23 0x0000007e
core   0: 0x8000b088 (0x00358e33) add     t3, a1, gp
core   0: 3 0x8000b088 (0x00358e33) x28 0x9c24207f
core   0: 0x8000b08c (0x46bbeb97) auipc   s7, 0x46bbe
core   0: 3 0x8000b08c (0x46bbeb97) x23 0xc6bc908c
core   0: 0x8000b090 (0x05fac0b7) lui     ra, 0x5fac
core   0: 3 0x8000b090 (0x05fac0b7) x 1 0x05fac000
core   0: 0x8000b094 (0x1ec18d97) auipc   s11, 0x1ec18
core   0: 3 0x8000b094 (0x1ec18d97) x27 0x9ec23094
core   0: 0x8000b098 (0x00000013) nop
core   0: 3 0x8000b098 (0x00000013)
core   0: 0x8000b09c (0xf15599b7) lui     s3, 0xf1559
core   0: 3 0x8000b09c (0xf15599b7) x19 0xf1559000
core   0: 0x8000b0a0 (0x01ba09b3) add     s3, s4, s11
core   0: 3 0x8000b0a0 (0x01ba09b3) x19 0x26b060f4
core   0: 0x8000b0a4 (0x51cf4d97) auipc   s11, 0x51cf4
core   0: 3 0x8000b0a4 (0x51cf4d97) x27 0xd1cff0a4
core   0: 0x8000b0a8 (0x013e0db3) add     s11, t3, s3
core   0: 3 0x8000b0a8 (0x013e0db3) x27 0xc2d48173
core   0: 0x8000b0ac (0x9b0439b7) lui     s3, 0x9b043
core   0: 3 0x8000b0ac (0x9b0439b7) x19 0x9b043000
core   0: 0x8000b0b0 (0x00000013) nop
core   0: 3 0x8000b0b0 (0x00000013)
core   0: 0x8000b0b4 (0x7854d337) lui     t1, 0x7854d
core   0: 3 0x8000b0b4 (0x7854d337) x 6 0x7854d000
core   0: 0x8000b0b8 (0x65e9d537) lui     a0, 0x65e9d
core   0: 3 0x8000b0b8 (0x65e9d537) x10 0x65e9d000
core   0: 0x8000b0bc (0x013ebdb3) sltu    s11, t4, s3
core   0: 3 0x8000b0bc (0x013ebdb3) x27 0x00000001
core   0: 0x8000b0c0 (0xe7f4fd37) lui     s10, 0xe7f4f
core   0: 3 0x8000b0c0 (0xe7f4fd37) x26 0xe7f4f000
core   0: 0x8000b0c4 (0x5030c893) xori    a7, ra, 1283
core   0: 3 0x8000b0c4 (0x5030c893) x17 0x05fac503
core   0: 0x8000b0c8 (0x00000013) nop
core   0: 3 0x8000b0c8 (0x00000013)
core   0: 0x8000b0cc (0xe5acf713) andi    a4, s9, -422
core   0: 3 0x8000b0cc (0xe5acf713) x14 0x80014c40
core   0: 0x8000b0d0 (0x00851db3) sll     s11, a0, s0
core   0: 3 0x8000b0d0 (0x00851db3) x27 0x5e9d0000
core   0: 0x8000b0d4 (0x41b70ab3) sub     s5, a4, s11
core   0: 3 0x8000b0d4 (0x41b70ab3) x21 0x21644c40
core   0: 0x8000b0d8 (0xb9e4fe13) andi    t3, s1, -1122
core   0: 3 0x8000b0d8 (0xb9e4fe13) x28 0xad461990
core   0: 0x8000b0dc (0x5e7bf593) andi    a1, s7, 1511
core   0: 3 0x8000b0dc (0x5e7bf593) x11 0x00000084
core   0: 0x8000b0e0 (0x40105e13) srai    t3, zero, 1
core   0: 3 0x8000b0e0 (0x40105e13) x28 0x00000000
core   0: 0x8000b0e4 (0x000b56b3) srl     a3, s6, zero
core   0: 3 0x8000b0e4 (0x000b56b3) x13 0x000004ee
core   0: 0x8000b0e8 (0x76d7bd13) sltiu   s10, a5, 1901
core   0: 3 0x8000b0e8 (0x76d7bd13) x26 0x00000000
core   0: 0x8000b0ec (0x00000013) nop
core   0: 3 0x8000b0ec (0x00000013)
core   0: 0x8000b0f0 (0x016750b3) srl     ra, a4, s6
core   0: 3 0x8000b0f0 (0x016750b3) x 1 0x00020005
core   0: 0x8000b0f4 (0x4135d613) srai    a2, a1, 19
core   0: 3 0x8000b0f4 (0x4135d613) x12 0x00000000
core   0: 0x8000b0f8 (0xabe9b893) sltiu   a7, s3, -1346
core   0: 3 0x8000b0f8 (0xabe9b893) x17 0x00000001
core   0: 0x8000b0fc (0x00000013) nop
core   0: 3 0x8000b0fc (0x00000013)
core   0: 0x8000b100 (0x7be44537) lui     a0, 0x7be44
core   0: 3 0x8000b100 (0x7be44537) x10 0x7be44000
core   0: 0x8000b104 (0x00fc9333) sll     t1, s9, a5
core   0: 3 0x8000b104 (0x00fc9333) x 6 0x53390000
core   0: 0x8000b108 (0x00adde33) srl     t3, s11, a0
core   0: 3 0x8000b108 (0x00adde33) x28 0x5e9d0000
core   0: 0x8000b10c (0x0052dc33) srl     s8, t0, t0
core   0: 3 0x8000b10c (0x0052dc33) x24 0x00000000
core   0: 0x8000b110 (0x413cd013) srai    zero, s9, 19
core   0: 3 0x8000b110 (0x413cd013)
core   0: 0x8000b114 (0x00000013) nop
core   0: 3 0x8000b114 (0x00000013)
core   0: 0x8000b118 (0x41d80db3) sub     s11, a6, t4
core   0: 3 0x8000b118 (0x41d80db3) x27 0xa84ac7c9
core   0: 0x8000b11c (0x00c75c13) srli    s8, a4, 12
core   0: 3 0x8000b11c (0x00c75c13) x24 0x00080014
core   0: 0x8000b120 (0x32663313) sltiu   t1, a2, 806
core   0: 3 0x8000b120 (0x32663313) x 6 0x00000001
core   0: 0x8000b124 (0x01b2a8b3) slt     a7, t0, s11
core   0: 3 0x8000b124 (0x01b2a8b3) x17 0x00000000
core   0: 0x8000b128 (0x40bfdd93) srai    s11, t6, 11
core   0: 3 0x8000b128 (0x40bfdd93) x27 0x000f7816
core   0: 0x8000b12c (0x01e6a6b3) slt     a3, a3, t5
core   0: 3 0x8000b12c (0x01e6a6b3) x13 0x00000000
core   0: 0x8000b130 (0x015b27b3) slt     a5, s6, s5
core   0: 3 0x8000b130 (0x015b27b3) x15 0x00000001
core   0: 0x8000b134 (0x01a1a733) slt     a4, gp, s10
core   0: 3 0x8000b134 (0x01a1a733) x14 0x00000001
core   0: 0x8000b138 (0x01e161b3) or      gp, sp, t5
core   0: 3 0x8000b138 (0x01e161b3) x 3 0x00000000
core   0: 0x8000b13c (0x4e044c13) xori    s8, s0, 1248
core   0: 3 0x8000b13c (0x4e044c13) x24 0x80010a84
core   0: 0x8000b140 (0x00477333) and     t1, a4, tp
core   0: 3 0x8000b140 (0x00477333) x 6 0x00000001
core   0: 0x8000b144 (0x900a7b13) andi    s6, s4, -1792
core   0: 3 0x8000b144 (0x900a7b13) x22 0x87ee3000
core   0: 0x8000b148 (0x2cd3f317) auipc   t1, 0x2cd3f
core   0: 3 0x8000b148 (0x2cd3f317) x 6 0xacd4a148
core   0: 0x8000b14c (0x00000013) nop
core   0: 3 0x8000b14c (0x00000013)
core   0: 0x8000b150 (0x00255213) srli    tp, a0, 2
core   0: 3 0x8000b150 (0x00255213) x 4 0x1ef91000
core   0: 0x8000b154 (0x3edc15b7) lui     a1, 0x3edc1
core   0: 3 0x8000b154 (0x3edc15b7) x11 0x3edc1000
core   0: 0x8000b158 (0x7c6c0993) addi    s3, s8, 1990
core   0: 3 0x8000b158 (0x7c6c0993) x19 0x8001124a
core   0: 0x8000b15c (0x0053dd33) srl     s10, t2, t0
core   0: 3 0x8000b15c (0x0053dd33) x26 0x00000000
core   0: 0x8000b160 (0x01e77333) and     t1, a4, t5
core   0: 3 0x8000b160 (0x01e77333) x 6 0x00000000
core   0: 0x8000b164 (0x00ed91b3) sll     gp, s11, a4
core   0: 3 0x8000b164 (0x00ed91b3) x 3 0x001ef02c
core   0: 0x8000b168 (0x8046f193) andi    gp, a3, -2044
core   0: 3 0x8000b168 (0x8046f193) x 3 0x00000000
core   0: 0x8000b16c (0x23eec617) auipc   a2, 0x23eec
core   0: 3 0x8000b16c (0x23eec617) x12 0xa3ef716c
core   0: 0x8000b170 (0x0156d8b3) srl     a7, a3, s5
core   0: 3 0x8000b170 (0x0156d8b3) x17 0x00000000
core   0: 0x8000b174 (0x0146f9b3) and     s3, a3, s4
core   0: 3 0x8000b174 (0x0146f9b3) x19 0x00000000
core   0: 0x8000b178 (0x005c1013) slli    zero, s8, 5
core   0: 3 0x8000b178 (0x005c1013)
core   0: 0x8000b17c (0xf58af217) auipc   tp, 0xf58af
core   0: 3 0x8000b17c (0xf58af217) x 4 0x758ba17c
core   0: 0x8000b180 (0x00311113) slli    sp, sp, 3
core   0: 3 0x8000b180 (0x00311113) x 2 0x00000000
core   0: 0x8000b184 (0x00811a13) slli    s4, sp, 8
core   0: 3 0x8000b184 (0x00811a13) x20 0x00000000
core   0: 0x8000b188 (0x8a14dd37) lui     s10, 0x8a14d
core   0: 3 0x8000b188 (0x8a14dd37) x26 0x8a14d000
core   0: 0x8000b18c (0xe9612f13) slti    t5, sp, -362
core   0: 3 0x8000b18c (0xe9612f13) x30 0x00000000
core   0: 0x8000b190 (0x01b2a0b3) slt     ra, t0, s11
core   0: 3 0x8000b190 (0x01b2a0b3) x 1 0x00000001
core   0: 0x8000b194 (0x621b0693) addi    a3, s6, 1569
core   0: 3 0x8000b194 (0x621b0693) x13 0x87ee3621
core   0: 0x8000b198 (0x15e91b37) lui     s6, 0x15e91
core   0: 3 0x8000b198 (0x15e91b37) x22 0x15e91000
core   0: 0x8000b19c (0x016a8133) add     sp, s5, s6
core   0: 3 0x8000b19c (0x016a8133) x 2 0x374d5c40
core   0: 0x8000b1a0 (0x0080c3b3) xor     t2, ra, s0
core   0: 3 0x8000b1a0 (0x0080c3b3) x 7 0x80010e65
core   0: 0x8000b1a4 (0x01576db3) or      s11, a4, s5
core   0: 3 0x8000b1a4 (0x01576db3) x27 0x21644c41
core   0: 0x8000b1a8 (0x4045d5b3) sra     a1, a1, tp
core   0: 3 0x8000b1a8 (0x4045d5b3) x11 0x00000003
core   0: 0x8000b1ac (0xe3cab737) lui     a4, 0xe3cab
core   0: 3 0x8000b1ac (0xe3cab737) x14 0xe3cab000
core   0: 0x8000b1b0 (0x00e1e633) or      a2, gp, a4
core   0: 3 0x8000b1b0 (0x00e1e633) x12 0xe3cab000
core   0: 0x8000b1b4 (0x01296033) or      zero, s2, s2
core   0: 3 0x8000b1b4 (0x01296033)
core   0: 0x8000b1b8 (0x00e0eb33) or      s6, ra, a4
core   0: 3 0x8000b1b8 (0x00e0eb33) x22 0xe3cab001
core   0: 0x8000b1bc (0x41c88733) sub     a4, a7, t3
core   0: 3 0x8000b1bc (0x41c88733) x14 0xa1630000
core   0: 0x8000b1c0 (0xaccc3a93) sltiu   s5, s8, -1332
core   0: 3 0x8000b1c0 (0xaccc3a93) x21 0x00000001
core   0: 0x8000b1c4 (0x00facdb3) xor     s11, s5, a5
core   0: 3 0x8000b1c4 (0x00facdb3) x27 0x00000000
core   0: 0x8000b1c8 (0x87efe6b7) lui     a3, 0x87efe
core   0: 3 0x8000b1c8 (0x87efe6b7) x13 0x87efe000
core   0: 0x8000b1cc (0x00953833) sltu    a6, a0, s1
core   0: 3 0x8000b1cc (0x00953833) x16 0x00000001
core   0: 0x8000b1d0 (0x01fb5733) srl     a4, s6, t6
core   0: 3 0x8000b1d0 (0x01fb5733) x14 0xe3cab001
core   0: 0x8000b1d4 (0x1b78f493) andi    s1, a7, 439
core   0: 3 0x8000b1d4 (0x1b78f493) x 9 0x00000000
core   0: 0x8000b1d8 (0x01608d33) add     s10, ra, s6
core   0: 3 0x8000b1d8 (0x01608d33) x26 0xe3cab002
core   0: 0x8000b1dc (0x00000013) nop
core   0: 3 0x8000b1dc (0x00000013)
core   0: 0x8000b1e0 (0x408a0f33) sub     t5, s4, s0
core   0: 3 0x8000b1e0 (0x408a0f33) x30 0x7ffef19c
core   0: 0x8000b1e4 (0x00152333) slt     t1, a0, ra
core   0: 3 0x8000b1e4 (0x00152333) x 6 0x00000000
core   0: 0x8000b1e8 (0xeb290017) auipc   zero, 0xeb290
core   0: 3 0x8000b1e8 (0xeb290017)
core   0: 0x8000b1ec (0x4190d0b3) sra     ra, ra, s9
core   0: 3 0x8000b1ec (0x4190d0b3) x 1 0x00000000
core   0: 0x8000b1f0 (0xaa8f3c37) lui     s8, 0xaa8f3
core   0: 3 0x8000b1f0 (0xaa8f3c37) x24 0xaa8f3000
core   0: 0x8000b1f4 (0x01b89b93) slli    s7, a7, 27
core   0: 3 0x8000b1f4 (0x01b89b93) x23 0x00000000
core   0: 0x8000b1f8 (0x0079f4b3) and     s1, s3, t2
core   0: 3 0x8000b1f8 (0x0079f4b3) x 9 0x00000000
core   0: 0x8000b1fc (0x01035d13) srli    s10, t1, 16
core   0: 3 0x8000b1fc (0x01035d13) x26 0x00000000
core   0: 0x8000b200 (0x0c750693) addi    a3, a0, 199
core   0: 3 0x8000b200 (0x0c750693) x13 0x7be440c7
core   0: 0x8000b204 (0x00fa91b3) sll     gp, s5, a5
core   0: 3 0x8000b204 (0x00fa91b3) x 3 0x00000002
core   0: 0x8000b208 (0x01011113) slli    sp, sp, 16
core   0: 3 0x8000b208 (0x01011113) x 2 0x5c400000
core   0: 0x8000b20c (0x01b811b3) sll     gp, a6, s11
core   0: 3 0x8000b20c (0x01b811b3) x 3 0x00000001
core   0: 0x8000b210 (0x8403b813) sltiu   a6, t2, -1984
core   0: 3 0x8000b210 (0x8403b813) x16 0x00000001
core   0: 0x8000b214 (0x4140df93) srai    t6, ra, 20
core   0: 3 0x8000b214 (0x4140df93) x31 0x00000000
core   0: 0x8000b218 (0x01b6b1b3) sltu    gp, a3, s11
core   0: 3 0x8000b218 (0x01b6b1b3) x 3 0x00000000
core   0: 0x8000b21c (0x41070ab3) sub     s5, a4, a6
core   0: 3 0x8000b21c (0x41070ab3) x21 0xe3cab000
core   0: 0x8000b220 (0xc1bfb613) sltiu   a2, t6, -997
core   0: 3 0x8000b220 (0xc1bfb613) x12 0x00000001
core   0: 0x8000b224 (0x01ae87b3) add     a5, t4, s10
core   0: 3 0x8000b224 (0x01ae87b3) x15 0x80000000
core   0: 0x8000b228 (0x00d80c33) add     s8, a6, a3
core   0: 3 0x8000b228 (0x00d80c33) x24 0x7be440c8
core   0: 0x8000b22c (0x09d3c193) xori    gp, t2, 157
core   0: 3 0x8000b22c (0x09d3c193) x 3 0x80010ef8
core   0: 0x8000b230 (0xa9cc7f93) andi    t6, s8, -1380
core   0: 3 0x8000b230 (0xa9cc7f93) x31 0x7be44088
core   0: 0x8000b234 (0x85ae8893) addi    a7, t4, -1958
core   0: 3 0x8000b234 (0x85ae8893) x17 0x7ffff85a
core   0: 0x8000b238 (0x416ed913) srai    s2, t4, 22
core   0: 3 0x8000b238 (0x416ed913) x18 0xfffffe00
core   0: 0x8000b23c (0x404a5fb3) sra     t6, s4, tp
core   0: 3 0x8000b23c (0x404a5fb3) x31 0x00000000
core   0: 0x8000b240 (0xae069097) auipc   ra, 0xae069
core   0: 3 0x8000b240 (0xae069097) x 1 0x2e074240
core   0: 0x8000b244 (0x00e0b5b3) sltu    a1, ra, a4
core   0: 3 0x8000b244 (0x00e0b5b3) x11 0x00000001
core   0: 0x8000b248 (0x00f55a13) srli    s4, a0, 15
core   0: 3 0x8000b248 (0x00f55a13) x20 0x0000f7c8
core   0: 0x8000b24c (0x01e1f9b3) and     s3, gp, t5
core   0: 3 0x8000b24c (0x01e1f9b3) x19 0x00000098
core   0: 0x8000b250 (0xe9437593) andi    a1, t1, -364
core   0: 3 0x8000b250 (0xe9437593) x11 0x00000000
core   0: 0x8000b254 (0xa0a54393) xori    t2, a0, -1526
core   0: 3 0x8000b254 (0xa0a54393) x 7 0x841bba0a
core   0: 0x8000b258 (0x500f7813) andi    a6, t5, 1280
core   0: 3 0x8000b258 (0x500f7813) x16 0x00000100
core   0: 0x8000b25c (0xa8a80113) addi    sp, a6, -1398
core   0: 3 0x8000b25c (0xa8a80113) x 2 0xfffffb8a
core   0: 0x8000b260 (0x01fe4c33) xor     s8, t3, t6
core   0: 3 0x8000b260 (0x01fe4c33) x24 0x5e9d0000
core   0: 0x8000b264 (0x00c47db3) and     s11, s0, a2
core   0: 3 0x8000b264 (0x00c47db3) x27 0x00000000
core   0: 0x8000b268 (0x73833c13) sltiu   s8, t1, 1848
core   0: 3 0x8000b268 (0x73833c13) x24 0x00000001
core   0: 0x8000b26c (0x41275033) sra     zero, a4, s2
core   0: 3 0x8000b26c (0x41275033)
core   0: 0x8000b270 (0xc3dcaf93) slti    t6, s9, -963
core   0: 3 0x8000b270 (0xc3dcaf93) x31 0x00000001
core   0: 0x8000b274 (0x01c58733) add     a4, a1, t3
core   0: 3 0x8000b274 (0x01c58733) x14 0x5e9d0000
core   0: 0x8000b278 (0x01518833) add     a6, gp, s5
core   0: 3 0x8000b278 (0x01518833) x16 0x63cbbef8
core   0: 0x8000b27c (0x008ed133) srl     sp, t4, s0
core   0: 3 0x8000b27c (0x008ed133) x 2 0x08000000
core   0: 0x8000b280 (0x00df67b3) or      a5, t5, a3
core   0: 3 0x8000b280 (0x00df67b3) x15 0x7ffef1df
core   0: 0x8000b284 (0xfd50c717) auipc   a4, 0xfd50c
core   0: 3 0x8000b284 (0xfd50c717) x14 0x7d517284
core   0: 0x8000b288 (0xa9886b93) ori     s7, a6, -1384
core   0: 3 0x8000b288 (0xa9886b93) x23 0xfffffef8
core   0: 0x8000b28c (0x9d909397) auipc   t2, 0x9d909
core   0: 3 0x8000b28c (0x9d909397) x 7 0x1d91428c
core   0: 0x8000b290 (0x002eafb3) slt     t6, t4, sp
core   0: 3 0x8000b290 (0x002eafb3) x31 0x00000001
core   0: 0x8000b294 (0x00dec933) xor     s2, t4, a3
core   0: 3 0x8000b294 (0x00dec933) x18 0xfbe440c7
core   0: 0x8000b298 (0x01081133) sll     sp, a6, a6
core   0: 3 0x8000b298 (0x01081133) x 2 0xf8000000
core   0: 0x8000b29c (0x011a5e13) srli    t3, s4, 17
core   0: 3 0x8000b29c (0x011a5e13) x28 0x00000000
core   0: 0x8000b2a0 (0x022ab493) sltiu   s1, s5, 34
core   0: 3 0x8000b2a0 (0x022ab493) x 9 0x00000000
core   0: 0x8000b2a4 (0xc2e13f93) sltiu   t6, sp, -978
core   0: 3 0x8000b2a4 (0xc2e13f93) x31 0x00000001
core   0: 0x8000b2a8 (0xd4e8e837) lui     a6, 0xd4e8e
core   0: 3 0x8000b2a8 (0xd4e8e837) x16 0xd4e8e000
core   0: 0x8000b2ac (0x01b0e633) or      a2, ra, s11
core   0: 3 0x8000b2ac (0x01b0e633) x12 0x2e074240
core   0: 0x8000b2b0 (0x002914b3) sll     s1, s2, sp
core   0: 3 0x8000b2b0 (0x002914b3) x 9 0xfbe440c7
core   0: 0x8000b2b4 (0x16bbac13) slti    s8, s7, 363
core   0: 3 0x8000b2b4 (0x16bbac13) x24 0x00000001
core   0: 0x8000b2b8 (0x7382a093) slti    ra, t0, 1848
core   0: 3 0x8000b2b8 (0x7382a093) x 1 0x00000001
core   0: 0x8000b2bc (0x002af3b3) and     t2, s5, sp
core   0: 3 0x8000b2bc (0x002af3b3) x 7 0xe0000000
core   0: 0x8000b2c0 (0x00884a33) xor     s4, a6, s0
core   0: 3 0x8000b2c0 (0x00884a33) x20 0x54e9ee64
core   0: 0x8000b2c4 (0x013b58b3) srl     a7, s6, s3
core   0: 3 0x8000b2c4 (0x013b58b3) x17 0x000000e3
core   0: 0x8000b2c8 (0xd5e1b893) sltiu   a7, gp, -674
core   0: 3 0x8000b2c8 (0xd5e1b893) x17 0x00000001
core   0: 0x8000b2cc (0x00069f33) sll     t5, a3, zero
core   0: 3 0x8000b2cc (0x00069f33) x30 0x7be440c7
core   0: 0x8000b2d0 (0x002f72b3) and     t0, t5, sp
core   0: 3 0x8000b2d0 (0x002f72b3) x 5 0x78000000
core   0: 0x8000b2d4 (0x21cd6013) ori     zero, s10, 540
core   0: 3 0x8000b2d4 (0x21cd6013)
core   0: 0x8000b2d8 (0x018bfab3) and     s5, s7, s8
core   0: 3 0x8000b2d8 (0x018bfab3) x21 0x00000000
core   0: 0x8000b2dc (0x0092dab3) srl     s5, t0, s1
core   0: 3 0x8000b2dc (0x0092dab3) x21 0x00f00000
core   0: 0x8000b2e0 (0x00760e33) add     t3, a2, t2
core   0: 3 0x8000b2e0 (0x00760e33) x28 0x0e074240
core   0: 0x8000b2e4 (0xe106b393) sltiu   t2, a3, -496
core   0: 3 0x8000b2e4 (0xe106b393) x 7 0x00000001
core   0: 0x8000b2e8 (0x40265db3) sra     s11, a2, sp
core   0: 3 0x8000b2e8 (0x40265db3) x27 0x2e074240
core   0: 0x8000b2ec (0x5101e913) ori     s2, gp, 1296
core   0: 3 0x8000b2ec (0x5101e913) x18 0x80010ff8
core   0: 0x8000b2f0 (0x014fda13) srli    s4, t6, 20
core   0: 3 0x8000b2f0 (0x014fda13) x20 0x00000000
core   0: 0x8000b2f4 (0x010df9b3) and     s3, s11, a6
core   0: 3 0x8000b2f4 (0x010df9b3) x19 0x04004000
core   0: 0x8000b2f8 (0x2fb16617) auipc   a2, 0x2fb16
core   0: 3 0x8000b2f8 (0x2fb16617) x12 0xafb212f8
core   0: 0x8000b2fc (0x00000013) nop
core   0: 3 0x8000b2fc (0x00000013)
core   0: 0x8000b300 (0x00000013) nop
core   0: 3 0x8000b300 (0x00000013)
core   0: 0x8000b304 (0x013543b3) xor     t2, a0, s3
core   0: 3 0x8000b304 (0x013543b3) x 7 0x7fe40000
core   0: 0x8000b308 (0x81f12193) slti    gp, sp, -2017
core   0: 3 0x8000b308 (0x81f12193) x 3 0x00000001
core   0: 0x8000b30c (0x41025d93) srai    s11, tp, 16
core   0: 3 0x8000b30c (0x41025d93) x27 0x0000758b
core   0: 0x8000b310 (0x015f9f33) sll     t5, t6, s5
core   0: 3 0x8000b310 (0x015f9f33) x30 0x00000001
core   0: 0x8000b314 (0xaa542513) slti    a0, s0, -1371
core   0: 3 0x8000b314 (0xaa542513) x10 0x00000001
core   0: 0x8000b318 (0x01ef13b3) sll     t2, t5, t5
core   0: 3 0x8000b318 (0x01ef13b3) x 7 0x00000002
core   0: 0x8000b31c (0x0044f2b3) and     t0, s1, tp
core   0: 3 0x8000b31c (0x0044f2b3) x 5 0x71800044
core   0: 0x8000b320 (0x49846f13) ori     t5, s0, 1176
core   0: 3 0x8000b320 (0x49846f13) x30 0x80010efc
core   0: 0x8000b324 (0x3b66b513) sltiu   a0, a3, 950
core   0: 3 0x8000b324 (0x3b66b513) x10 0x00000000
core   0: 0x8000b328 (0xfb93e193) ori     gp, t2, -71
core   0: 3 0x8000b328 (0xfb93e193) x 3 0xffffffbb
core   0: 0x8000b32c (0x3c987c13) andi    s8, a6, 969
core   0: 3 0x8000b32c (0x3c987c13) x24 0x00000000
core   0: 0x8000b330 (0x405105b3) sub     a1, sp, t0
core   0: 3 0x8000b330 (0x405105b3) x11 0x867fffbc
core   0: 0x8000b334 (0x01b1d0b3) srl     ra, gp, s11
core   0: 3 0x8000b334 (0x01b1d0b3) x 1 0x001fffff
core   0: 0x8000b338 (0xcd349897) auipc   a7, 0xcd349
core   0: 3 0x8000b338 (0xcd349897) x17 0x4d354338
core   0: 0x8000b33c (0x019c5e33) srl     t3, s8, s9
core   0: 3 0x8000b33c (0x019c5e33) x28 0x00000000
core   0: 0x8000b340 (0x3d3cfd93) andi    s11, s9, 979
core   0: 3 0x8000b340 (0x3d3cfd93) x27 0x000000c0
core   0: 0x8000b344 (0x001804b3) add     s1, a6, ra
core   0: 3 0x8000b344 (0x001804b3) x 9 0xd508dfff
core   0: 0x8000b348 (0xec176f13) ori     t5, a4, -319
core   0: 3 0x8000b348 (0xec176f13) x30 0xfffffec5
core   0: 0x8000b34c (0x01f540b3) xor     ra, a0, t6
core   0: 3 0x8000b34c (0x01f540b3) x 1 0x00000001
core   0: 0x8000b350 (0x019ba8b3) slt     a7, s7, s9
core   0: 3 0x8000b350 (0x019ba8b3) x17 0x00000000
core   0: 0x8000b354 (0x00b2a333) slt     t1, t0, a1
core   0: 3 0x8000b354 (0x00b2a333) x 6 0x00000000
core   0: 0x8000b358 (0xff968693) addi    a3, a3, -7
core   0: 3 0x8000b358 (0xff968693) x13 0x7be440c0
core   0: 0x8000b35c (0x005f52b3) srl     t0, t5, t0
core   0: 3 0x8000b35c (0x005f52b3) x 5 0x0fffffec
core   0: 0x8000b360 (0x01169993) slli    s3, a3, 17
core   0: 3 0x8000b360 (0x01169993) x19 0x81800000
core   0: 0x8000b364 (0x41855713) srai    a4, a0, 24
core   0: 3 0x8000b364 (0x41855713) x14 0x00000000
core   0: 0x8000b368 (0x19c78597) auipc   a1, 0x19c78
core   0: 3 0x8000b368 (0x19c78597) x11 0x99c83368
core   0: 0x8000b36c (0x6a990513) addi    a0, s2, 1705
core   0: 3 0x8000b36c (0x6a990513) x10 0x800116a1
core   0: 0x8000b370 (0x00ad4533) xor     a0, s10, a0
core   0: 3 0x8000b370 (0x00ad4533) x10 0x800116a1
core   0: 0x8000b374 (0x01749c13) slli    s8, s1, 23
core   0: 3 0x8000b374 (0x01749c13) x24 0xff800000
core   0: 0x8000b378 (0x4e282f37) lui     t5, 0x4e282
core   0: 3 0x8000b378 (0x4e282f37) x30 0x4e282000
core   0: 0x8000b37c (0x01e4afb3) slt     t6, s1, t5
core   0: 3 0x8000b37c (0x01e4afb3) x31 0x00000001
core   0: 0x8000b380 (0x00583c33) sltu    s8, a6, t0
core   0: 3 0x8000b380 (0x00583c33) x24 0x00000000
core   0: 0x8000b384 (0x010c6db3) or      s11, s8, a6
core   0: 3 0x8000b384 (0x010c6db3) x27 0xd4e8e000
core   0: 0x8000b388 (0x01255f13) srli    t5, a0, 18
core   0: 3 0x8000b388 (0x01255f13) x30 0x00002000
core   0: 0x8000b38c (0x6138f213) andi    tp, a7, 1555
core   0: 3 0x8000b38c (0x6138f213) x 4 0x00000000
core   0: 0x8000b390 (0x75afb013) sltiu   zero, t6, 1882
core   0: 3 0x8000b390 (0x75afb013)
core   0: 0x8000b394 (0x019dc833) xor     a6, s11, s9
core   0: 3 0x8000b394 (0x019dc833) x16 0x54e9ace4
core   0: 0x8000b398 (0x00db5393) srli    t2, s6, 13
core   0: 3 0x8000b398 (0x00db5393) x 7 0x00071e55
core   0: 0x8000b39c (0x019321b3) slt     gp, t1, s9
core   0: 3 0x8000b39c (0x019321b3) x 3 0x00000000
core   0: 0x8000b3a0 (0x00528c33) add     s8, t0, t0
core   0: 3 0x8000b3a0 (0x00528c33) x24 0x1fffffd8
core   0: 0x8000b3a4 (0x4023d893) srai    a7, t2, 2
core   0: 3 0x8000b3a4 (0x4023d893) x17 0x0001c795
core   0: 0x8000b3a8 (0x01825c13) srli    s8, tp, 24
core   0: 3 0x8000b3a8 (0x01825c13) x24 0x00000000
core   0: 0x8000b3ac (0x00ba95b3) sll     a1, s5, a1
core   0: 3 0x8000b3ac (0x00ba95b3) x11 0xf0000000
core   0: 0x8000b3b0 (0xd824ca13) xori    s4, s1, -638
core   0: 3 0x8000b3b0 (0xd824ca13) x20 0x2af7227d
core   0: 0x8000b3b4 (0xc01c7d13) andi    s10, s8, -1023
core   0: 3 0x8000b3b4 (0xc01c7d13) x26 0x00000000
core   0: 0x8000b3b8 (0x4171d933) sra     s2, gp, s7
core   0: 3 0x8000b3b8 (0x4171d933) x18 0x00000000
core   0: 0x8000b3bc (0x016be4b3) or      s1, s7, s6
core   0: 3 0x8000b3bc (0x016be4b3) x 9 0xfffffef9
core   0: 0x8000b3c0 (0x28766713) ori     a4, a2, 647
core   0: 3 0x8000b3c0 (0x28766713) x14 0xafb212ff
core   0: 0x8000b3c4 (0x00ea5813) srli    a6, s4, 14
core   0: 3 0x8000b3c4 (0x00ea5813) x16 0x0000abdc
core   0: 0x8000b3c8 (0x00000013) nop
core   0: 3 0x8000b3c8 (0x00000013)
core   0: 0x8000b3cc (0x014bc133) xor     sp, s7, s4
core   0: 3 0x8000b3cc (0x014bc133) x 2 0xd508dc85
core   0: 0x8000b3d0 (0xe19b2b93) slti    s7, s6, -487
core   0: 3 0x8000b3d0 (0xe19b2b93) x23 0x00000001
core   0: 0x8000b3d4 (0x1b658e13) addi    t3, a1, 438
core   0: 3 0x8000b3d4 (0x1b658e13) x28 0xf00001b6
core   0: 0x8000b3d8 (0x73bc7d93) andi    s11, s8, 1851
core   0: 3 0x8000b3d8 (0x73bc7d93) x27 0x00000000
core   0: 0x8000b3dc (0xf43e4b17) auipc   s6, 0xf43e4
core   0: 3 0x8000b3dc (0xf43e4b17) x22 0x743ef3dc
core   0: 0x8000b3e0 (0x01985333) srl     t1, a6, s9
core   0: 3 0x8000b3e0 (0x01985333) x 6 0x00000abd
core   0: 0x8000b3e4 (0x6d944e37) lui     t3, 0x6d944
core   0: 3 0x8000b3e4 (0x6d944e37) x28 0x6d944000
core   0: 0x8000b3e8 (0x6a3f1fb7) lui     t6, 0x6a3f1
core   0: 3 0x8000b3e8 (0x6a3f1fb7) x31 0x6a3f1000
core   0: 0x8000b3ec (0x0179cab3) xor     s5, s3, s7
core   0: 3 0x8000b3ec (0x0179cab3) x21 0x81800001
core   0: 0x8000b3f0 (0x39227137) lui     sp, 0x39227
core   0: 3 0x8000b3f0 (0x39227137) x 2 0x39227000
core   0: 0x8000b3f4 (0x41275a93) srai    s5, a4, 18
core   0: 3 0x8000b3f4 (0x41275a93) x21 0xffffebec
core   0: 0x8000b3f8 (0xc6490893) addi    a7, s2, -924
core   0: 3 0x8000b3f8 (0xc6490893) x17 0xfffffc64
core   0: 0x8000b3fc (0xf3e7c693) xori    a3, a5, -194
core   0: 3 0x8000b3fc (0xf3e7c693) x13 0x80010ee1
core   0: 0x8000b400 (0x30dd3bb7) lui     s7, 0x30dd3
core   0: 3 0x8000b400 (0x30dd3bb7) x23 0x30dd3000
core   0: 0x8000b404 (0x776418b7) lui     a7, 0x77641
core   0: 3 0x8000b404 (0x776418b7) x17 0x77641000
core   0: 0x8000b408 (0x41865f93) srai    t6, a2, 24
core   0: 3 0x8000b408 (0x41865f93) x31 0xffffffaf
core   0: 0x8000b40c (0xd7df4093) xori    ra, t5, -643
core   0: 3 0x8000b40c (0xd7df4093) x 1 0xffffdd7d
core   0: 0x8000b410 (0xb2584f93) xori    t6, a6, -1243
core   0: 3 0x8000b410 (0xb2584f93) x31 0xffff50f9
core   0: 0x8000b414 (0x40485293) srai    t0, a6, 4
core   0: 3 0x8000b414 (0x40485293) x 5 0x00000abd
core   0: 0x8000b418 (0x00a4a2b3) slt     t0, s1, a0
core   0: 3 0x8000b418 (0x00a4a2b3) x 5 0x00000000
core   0: 0x8000b41c (0x9b6b6f93) ori     t6, s6, -1610
core   0: 3 0x8000b41c (0x9b6b6f93) x31 0xfffffbfe
core   0: 0x8000b420 (0x01e49e13) slli    t3, s1, 30
core   0: 3 0x8000b420 (0x01e49e13) x28 0x40000000
core   0: 0x8000b424 (0x003b5c13) srli    s8, s6, 3
core   0: 3 0x8000b424 (0x003b5c13) x24 0x0e87de7b
core   0: 0x8000b428 (0x419b0bb3) sub     s7, s6, s9
core   0: 3 0x8000b428 (0x419b0bb3) x23 0xf43da6f8
core   0: 0x8000b42c (0x004510b3) sll     ra, a0, tp
core   0: 3 0x8000b42c (0x004510b3) x 1 0x800116a1
core   0: 0x8000b430 (0x00212f33) slt     t5, sp, sp
core   0: 3 0x8000b430 (0x00212f33) x30 0x00000000
core   0: 0x8000b434 (0x00000013) nop
core   0: 3 0x8000b434 (0x00000013)
core   0: 0x8000b438 (0x00000013) nop
core   0: 3 0x8000b438 (0x00000013)
core   0: 0x8000b43c (0x01603fb3) snez    t6, s6
core   0: 3 0x8000b43c (0x01603fb3) x31 0x00000001
core   0: 0x8000b440 (0x00db5a93) srli    s5, s6, 13
core   0: 3 0x8000b440 (0x00db5a93) x21 0x0003a1f7
core   0: 0x8000b444 (0x00000e97) auipc   t4, 0x0
core   0: 3 0x8000b444 (0x00000e97) x29 0x8000b444
core   0: 0x8000b448 (0x00ce8e93) addi    t4, t4, 12
core   0: 3 0x8000b448 (0x00ce8e93) x29 0x8000b450
core   0: 0x8000b44c (0x000e8067) jr      t4
core   0: 3 0x8000b44c (0x000e8067)
core   0: 0x8000b450 (0x00100193) li      gp, 1
core   0: 3 0x8000b450 (0x00100193) x 3 0x00000001
core   0: 0x8000b454 (0x00000073) ecall
core   0: exception trap_machine_ecall, epc 0x8000b454
core   0: >>>>  mtvec_handler
core   0: 0x8000b468 (0xffcc8c93) addi    s9, s9, -4
core   0: 3 0x8000b468 (0xffcc8c93) x25 0x80014ce0
core   0: 0x8000b46c (0x008ca023) sw      s0, 0(s9)
core   0: 3 0x8000b46c (0x008ca023) mem 0x80014ce0 0x80010e64
core   0: 0x8000b470 (0x000c8433) add     s0, s9, zero
core   0: 3 0x8000b470 (0x000c8433) x 8 0x80014ce0
core   0: 0x8000b474 (0xf8040413) addi    s0, s0, -128
core   0: 3 0x8000b474 (0xf8040413) x 8 0x80014c60
core   0: 0x8000b478 (0x00142223) sw      ra, 4(s0)
core   0: 3 0x8000b478 (0x00142223) mem 0x80014c64 0x800116a1
core   0: 0x8000b47c (0x00242423) sw      sp, 8(s0)
core   0: 3 0x8000b47c (0x00242423) mem 0x80014c68 0x39227000
core   0: 0x8000b480 (0x00342623) sw      gp, 12(s0)
core   0: 3 0x8000b480 (0x00342623) mem 0x80014c6c 0x00000001
core   0: 0x8000b484 (0x00442823) sw      tp, 16(s0)
core   0: 3 0x8000b484 (0x00442823) mem 0x80014c70 0x00000000
core   0: 0x8000b488 (0x00542a23) sw      t0, 20(s0)
core   0: 3 0x8000b488 (0x00542a23) mem 0x80014c74 0x00000000
core   0: 0x8000b48c (0x00642c23) sw      t1, 24(s0)
core   0: 3 0x8000b48c (0x00642c23) mem 0x80014c78 0x00000abd
core   0: 0x8000b490 (0x00742e23) sw      t2, 28(s0)
core   0: 3 0x8000b490 (0x00742e23) mem 0x80014c7c 0x00071e55
core   0: 0x8000b494 (0x02842023) sw      s0, 32(s0)
core   0: 3 0x8000b494 (0x02842023) mem 0x80014c80 0x80014c60
core   0: 0x8000b498 (0x02942223) sw      s1, 36(s0)
core   0: 3 0x8000b498 (0x02942223) mem 0x80014c84 0xfffffef9
core   0: 0x8000b49c (0x02a42423) sw      a0, 40(s0)
core   0: 3 0x8000b49c (0x02a42423) mem 0x80014c88 0x800116a1
core   0: 0x8000b4a0 (0x02b42623) sw      a1, 44(s0)
core   0: 3 0x8000b4a0 (0x02b42623) mem 0x80014c8c 0xf0000000
core   0: 0x8000b4a4 (0x02c42823) sw      a2, 48(s0)
core   0: 3 0x8000b4a4 (0x02c42823) mem 0x80014c90 0xafb212f8
core   0: 0x8000b4a8 (0x02d42a23) sw      a3, 52(s0)
core   0: 3 0x8000b4a8 (0x02d42a23) mem 0x80014c94 0x80010ee1
core   0: 0x8000b4ac (0x02e42c23) sw      a4, 56(s0)
core   0: 3 0x8000b4ac (0x02e42c23) mem 0x80014c98 0xafb212ff
core   0: 0x8000b4b0 (0x02f42e23) sw      a5, 60(s0)
core   0: 3 0x8000b4b0 (0x02f42e23) mem 0x80014c9c 0x7ffef1df
core   0: 0x8000b4b4 (0x05042023) sw      a6, 64(s0)
core   0: 3 0x8000b4b4 (0x05042023) mem 0x80014ca0 0x0000abdc
core   0: 0x8000b4b8 (0x05142223) sw      a7, 68(s0)
core   0: 3 0x8000b4b8 (0x05142223) mem 0x80014ca4 0x77641000
core   0: 0x8000b4bc (0x05242423) sw      s2, 72(s0)
core   0: 3 0x8000b4bc (0x05242423) mem 0x80014ca8 0x00000000
core   0: 0x8000b4c0 (0x05342623) sw      s3, 76(s0)
core   0: 3 0x8000b4c0 (0x05342623) mem 0x80014cac 0x81800000
core   0: 0x8000b4c4 (0x05442823) sw      s4, 80(s0)
core   0: 3 0x8000b4c4 (0x05442823) mem 0x80014cb0 0x2af7227d
core   0: 0x8000b4c8 (0x05542a23) sw      s5, 84(s0)
core   0: 3 0x8000b4c8 (0x05542a23) mem 0x80014cb4 0x0003a1f7
core   0: 0x8000b4cc (0x05642c23) sw      s6, 88(s0)
core   0: 3 0x8000b4cc (0x05642c23) mem 0x80014cb8 0x743ef3dc
core   0: 0x8000b4d0 (0x05742e23) sw      s7, 92(s0)
core   0: 3 0x8000b4d0 (0x05742e23) mem 0x80014cbc 0xf43da6f8
core   0: 0x8000b4d4 (0x07842023) sw      s8, 96(s0)
core   0: 3 0x8000b4d4 (0x07842023) mem 0x80014cc0 0x0e87de7b
core   0: 0x8000b4d8 (0x07942223) sw      s9, 100(s0)
core   0: 3 0x8000b4d8 (0x07942223) mem 0x80014cc4 0x80014ce0
core   0: 0x8000b4dc (0x07a42423) sw      s10, 104(s0)
core   0: 3 0x8000b4dc (0x07a42423) mem 0x80014cc8 0x00000000
core   0: 0x8000b4e0 (0x07b42623) sw      s11, 108(s0)
core   0: 3 0x8000b4e0 (0x07b42623) mem 0x80014ccc 0x00000000
core   0: 0x8000b4e4 (0x07c42823) sw      t3, 112(s0)
core   0: 3 0x8000b4e4 (0x07c42823) mem 0x80014cd0 0x40000000
core   0: 0x8000b4e8 (0x07d42a23) sw      t4, 116(s0)
core   0: 3 0x8000b4e8 (0x07d42a23) mem 0x80014cd4 0x8000b450
core   0: 0x8000b4ec (0x07e42c23) sw      t5, 120(s0)
core   0: 3 0x8000b4ec (0x07e42c23) mem 0x80014cd8 0x00000000
core   0: 0x8000b4f0 (0x07f42e23) sw      t6, 124(s0)
core   0: 3 0x8000b4f0 (0x07f42e23) mem 0x80014cdc 0x00000001
core   0: 0x8000b4f4 (0x00040cb3) add     s9, s0, zero
core   0: 3 0x8000b4f4 (0x00040cb3) x25 0x80014c60
core   0: 0x8000b4f8 (0x300023f3) csrr    t2, mstatus
core   0: 3 0x8000b4f8 (0x300023f3) x 7 0x00001800
core   0: 0x8000b4fc (0x342023f3) csrr    t2, mcause
core   0: 3 0x8000b4fc (0x342023f3) x 7 0x0000000b
core   0: 0x8000b500 (0x01f3d393) srli    t2, t2, 31
core   0: 3 0x8000b500 (0x01f3d393) x 7 0x00000000
core   0: 0x8000b504 (0x40039463) bnez    t2, pc + 1032
core   0: 3 0x8000b504 (0x40039463)
core   0: 0x8000b508 (0x341023f3) csrr    t2, mepc
core   0: 3 0x8000b508 (0x341023f3) x 7 0x8000b454
core   0: 0x8000b50c (0x342023f3) csrr    t2, mcause
core   0: 3 0x8000b50c (0x342023f3) x 7 0x0000000b
core   0: 0x8000b510 (0x00300513) li      a0, 3
core   0: 3 0x8000b510 (0x00300513) x10 0x00000003
core   0: 0x8000b514 (0x2aa38a63) beq     t2, a0, pc + 692
core   0: 3 0x8000b514 (0x2aa38a63)
core   0: 0x8000b518 (0x00800513) li      a0, 8
core   0: 3 0x8000b518 (0x00800513) x10 0x00000008
core   0: 0x8000b51c (0x04a38e63) beq     t2, a0, pc + 92
core   0: 3 0x8000b51c (0x04a38e63)
core   0: 0x8000b520 (0x00900513) li      a0, 9
core   0: 3 0x8000b520 (0x00900513) x10 0x00000009
core   0: 0x8000b524 (0x04a38a63) beq     t2, a0, pc + 84
core   0: 3 0x8000b524 (0x04a38a63)
core   0: 0x8000b528 (0x00b00513) li      a0, 11
core   0: 3 0x8000b528 (0x00b00513) x10 0x0000000b
core   0: 0x8000b52c (0x04a38663) beq     t2, a0, pc + 76
core   0: 3 0x8000b52c (0x04a38663)
core   0: 0x8000b578 (0xffff5397) auipc   t2, 0xffff5
core   0: 3 0x8000b578 (0xffff5397) x 7 0x80000578
core   0: 0x8000b57c (0xa8838393) addi    t2, t2, -1400
core   0: 3 0x8000b57c (0xa8838393) x 7 0x80000000
core   0: 0x8000b580 (0x0003a023) sw      zero, 0(t2)
core   0: 3 0x8000b580 (0x0003a023) mem 0x80000000 0x00000000
core   0: 0x8000b584 (0x0013a223) sw      ra, 4(t2)
core   0: 3 0x8000b584 (0x0013a223) mem 0x80000004 0x800116a1
core   0: 0x8000b588 (0x0023a423) sw      sp, 8(t2)
core   0: 3 0x8000b588 (0x0023a423) mem 0x80000008 0x39227000
core   0: 0x8000b58c (0x0033a623) sw      gp, 12(t2)
core   0: 3 0x8000b58c (0x0033a623) mem 0x8000000c 0x00000001
core   0: 0x8000b590 (0x0043a823) sw      tp, 16(t2)
core   0: 3 0x8000b590 (0x0043a823) mem 0x80000010 0x00000000
core   0: 0x8000b594 (0x0053aa23) sw      t0, 20(t2)
core   0: 3 0x8000b594 (0x0053aa23) mem 0x80000014 0x00000000
core   0: 0x8000b598 (0x0063ac23) sw      t1, 24(t2)
core   0: 3 0x8000b598 (0x0063ac23) mem 0x80000018 0x00000abd
core   0: 0x8000b59c (0x0073ae23) sw      t2, 28(t2)
core   0: 3 0x8000b59c (0x0073ae23) mem 0x8000001c 0x80000000
core   0: 0x8000b5a0 (0x0283a023) sw      s0, 32(t2)
core   0: 3 0x8000b5a0 (0x0283a023) mem 0x80000020 0x80014c60
core   0: 0x8000b5a4 (0x0293a223) sw      s1, 36(t2)
core   0: 3 0x8000b5a4 (0x0293a223) mem 0x80000024 0xfffffef9
core   0: 0x8000b5a8 (0x02a3a423) sw      a0, 40(t2)
core   0: 3 0x8000b5a8 (0x02a3a423) mem 0x80000028 0x0000000b
core   0: 0x8000b5ac (0x02b3a623) sw      a1, 44(t2)
core   0: 3 0x8000b5ac (0x02b3a623) mem 0x8000002c 0xf0000000
core   0: 0x8000b5b0 (0x02c3a823) sw      a2, 48(t2)
core   0: 3 0x8000b5b0 (0x02c3a823) mem 0x80000030 0xafb212f8
core   0: 0x8000b5b4 (0x02d3aa23) sw      a3, 52(t2)
core   0: 3 0x8000b5b4 (0x02d3aa23) mem 0x80000034 0x80010ee1
core   0: 0x8000b5b8 (0x02e3ac23) sw      a4, 56(t2)
core   0: 3 0x8000b5b8 (0x02e3ac23) mem 0x80000038 0xafb212ff
core   0: 0x8000b5bc (0x02f3ae23) sw      a5, 60(t2)
core   0: 3 0x8000b5bc (0x02f3ae23) mem 0x8000003c 0x7ffef1df
core   0: 0x8000b5c0 (0x0503a023) sw      a6, 64(t2)
core   0: 3 0x8000b5c0 (0x0503a023) mem 0x80000040 0x0000abdc
core   0: 0x8000b5c4 (0x0513a223) sw      a7, 68(t2)
core   0: 3 0x8000b5c4 (0x0513a223) mem 0x80000044 0x77641000
core   0: 0x8000b5c8 (0x0523a423) sw      s2, 72(t2)
core   0: 3 0x8000b5c8 (0x0523a423) mem 0x80000048 0x00000000
core   0: 0x8000b5cc (0x0533a623) sw      s3, 76(t2)
core   0: 3 0x8000b5cc (0x0533a623) mem 0x8000004c 0x81800000
core   0: 0x8000b5d0 (0x0543a823) sw      s4, 80(t2)
core   0: 3 0x8000b5d0 (0x0543a823) mem 0x80000050 0x2af7227d
core   0: 0x8000b5d4 (0x0553aa23) sw      s5, 84(t2)
core   0: 3 0x8000b5d4 (0x0553aa23) mem 0x80000054 0x0003a1f7
core   0: 0x8000b5d8 (0x0563ac23) sw      s6, 88(t2)
core   0: 3 0x8000b5d8 (0x0563ac23) mem 0x80000058 0x743ef3dc
core   0: 0x8000b5dc (0x0573ae23) sw      s7, 92(t2)
core   0: 3 0x8000b5dc (0x0573ae23) mem 0x8000005c 0xf43da6f8
core   0: 0x8000b5e0 (0x0783a023) sw      s8, 96(t2)
core   0: 3 0x8000b5e0 (0x0783a023) mem 0x80000060 0x0e87de7b
core   0: 0x8000b5e4 (0x0793a223) sw      s9, 100(t2)
core   0: 3 0x8000b5e4 (0x0793a223) mem 0x80000064 0x80014c60
core   0: 0x8000b5e8 (0x07a3a423) sw      s10, 104(t2)
core   0: 3 0x8000b5e8 (0x07a3a423) mem 0x80000068 0x00000000
core   0: 0x8000b5ec (0x07b3a623) sw      s11, 108(t2)
core   0: 3 0x8000b5ec (0x07b3a623) mem 0x8000006c 0x00000000
core   0: 0x8000b5f0 (0x07c3a823) sw      t3, 112(t2)
core   0: 3 0x8000b5f0 (0x07c3a823) mem 0x80000070 0x40000000
core   0: 0x8000b5f4 (0x07d3aa23) sw      t4, 116(t2)
core   0: 3 0x8000b5f4 (0x07d3aa23) mem 0x80000074 0x8000b450
core   0: 0x8000b5f8 (0x07e3ac23) sw      t5, 120(t2)
core   0: 3 0x8000b5f8 (0x07e3ac23) mem 0x80000078 0x00000000
core   0: 0x8000b5fc (0x07f3ae23) sw      t6, 124(t2)
core   0: 3 0x8000b5fc (0x07f3ae23) mem 0x8000007c 0x00000001
core   0: 0x8000b600 (0x00000e97) auipc   t4, 0x0
core   0: 3 0x8000b600 (0x00000e97) x29 0x8000b600
core   0: 0x8000b604 (0xe58e8e93) addi    t4, t4, -424
core   0: 3 0x8000b604 (0xe58e8e93) x29 0x8000b458
core   0: 0x8000b608 (0x000e8067) jr      t4
core   0: 3 0x8000b608 (0x000e8067)
core   0: 0x8000b458 (0x00001f17) auipc   t5, 0x1
core   0: 3 0x8000b458 (0x00001f17) x30 0x8000c458
core   0: 0x8000b45c (0xba3f2423) sw      gp, -1112(t5)
core   0: 3 0x8000b45c (0xba3f2423) mem 0x8000c000 0x00000001
core   0: 0x8000b460 (0xff9ff06f) j       pc - 0x8
core   0: 3 0x8000b460 (0xff9ff06f)
core   0: 0x8000b458 (0x00001f17) auipc   t5, 0x1
core   0: 3 0x8000b458 (0x00001f17) x30 0x8000c458
core   0: 0x8000b45c (0xba3f2423) sw      gp, -1112(t5)
core   0: 3 0x8000b45c (0xba3f2423) mem 0x8000c000 0x00000001
core   0: 0x8000b460 (0xff9ff06f) j       pc - 0x8
core   0: 3 0x8000b460 (0xff9ff06f)
core   0: 0x8000b458 (0x00001f17) auipc   t5, 0x1
core   0: 3 0x8000b458 (0x00001f17) x30 0x8000c458
core   0: 0x8000b45c (0xba3f2423) sw      gp, -1112(t5)
core   0: 3 0x8000b45c (0xba3f2423) mem 0x8000c000 0x00000001
core   0: 0x8000b460 (0xff9ff06f) j       pc - 0x8
core   0: 3 0x8000b460 (0xff9ff06f)
core   0: 0x8000b458 (0x00001f17) auipc   t5, 0x1
core   0: 3 0x8000b458 (0x00001f17) x30 0x8000c458
core   0: 0x8000b45c (0xba3f2423) sw      gp, -1112(t5)
core   0: 3 0x8000b45c (0xba3f2423) mem 0x8000c000 0x00000001
core   0: 0x8000b460 (0xff9ff06f) j       pc - 0x8
core   0: 3 0x8000b460 (0xff9ff06f)
core   0: 0x8000b458 (0x00001f17) auipc   t5, 0x1
core   0: 3 0x8000b458 (0x00001f17) x30 0x8000c458
core   0: 0x8000b45c (0xba3f2423) sw      gp, -1112(t5)
core   0: 3 0x8000b45c (0xba3f2423) mem 0x8000c000 0x00000001
core   0: 0x8000b460 (0xff9ff06f) j       pc - 0x8
core   0: 3 0x8000b460 (0xff9ff06f)
core   0: 0x8000b458 (0x00001f17) auipc   t5, 0x1
core   0: 3 0x8000b458 (0x00001f17) x30 0x8000c458
core   0: 0x8000b45c (0xba3f2423) sw      gp, -1112(t5)
core   0: 3 0x8000b45c (0xba3f2423) mem 0x8000c000 0x00000001
core   0: 0x8000b460 (0xff9ff06f) j       pc - 0x8
core   0: 3 0x8000b460 (0xff9ff06f)
core   0: 0x8000b458 (0x00001f17) auipc   t5, 0x1
core   0: 3 0x8000b458 (0x00001f17) x30 0x8000c458
core   0: 0x8000b45c (0xba3f2423) sw      gp, -1112(t5)
core   0: 3 0x8000b45c (0xba3f2423) mem 0x8000c000 0x00000001
core   0: 0x8000b460 (0xff9ff06f) j       pc - 0x8
core   0: 3 0x8000b460 (0xff9ff06f)
core   0: 0x8000b458 (0x00001f17) auipc   t5, 0x1
core   0: 3 0x8000b458 (0x00001f17) x30 0x8000c458
core   0: 0x8000b45c (0xba3f2423) sw      gp, -1112(t5)
core   0: 3 0x8000b45c (0xba3f2423) mem 0x8000c000 0x00000001
core   0: 0x8000b460 (0xff9ff06f) j       pc - 0x8
core   0: 3 0x8000b460 (0xff9ff06f)
core   0: 0x8000b458 (0x00001f17) auipc   t5, 0x1
core   0: 3 0x8000b458 (0x00001f17) x30 0x8000c458
core   0: 0x8000b45c (0xba3f2423) sw      gp, -1112(t5)
core   0: 3 0x8000b45c (0xba3f2423) mem 0x8000c000 0x00000001
core   0: 0x8000b460 (0xff9ff06f) j       pc - 0x8
core   0: 3 0x8000b460 (0xff9ff06f)
core   0: 0x8000b458 (0x00001f17) auipc   t5, 0x1
core   0: 3 0x8000b458 (0x00001f17) x30 0x8000c458
core   0: 0x8000b45c (0xba3f2423) sw      gp, -1112(t5)
core   0: 3 0x8000b45c (0xba3f2423) mem 0x8000c000 0x00000001
core   0: 0x8000b460 (0xff9ff06f) j       pc - 0x8
core   0: 3 0x8000b460 (0xff9ff06f)
core   0: 0x8000b458 (0x00001f17) auipc   t5, 0x1
core   0: 3 0x8000b458 (0x00001f17) x30 0x8000c458
core   0: 0x8000b45c (0xba3f2423) sw      gp, -1112(t5)
core   0: 3 0x8000b45c (0xba3f2423) mem 0x8000c000 0x00000001
core   0: 0x8000b460 (0xff9ff06f) j       pc - 0x8
core   0: 3 0x8000b460 (0xff9ff06f)
core   0: 0x8000b458 (0x00001f17) auipc   t5, 0x1
core   0: 3 0x8000b458 (0x00001f17) x30 0x8000c458
core   0: 0x8000b45c (0xba3f2423) sw      gp, -1112(t5)
core   0: 3 0x8000b45c (0xba3f2423) mem 0x8000c000 0x00000001
core   0: 0x8000b460 (0xff9ff06f) j       pc - 0x8
core   0: 3 0x8000b460 (0xff9ff06f)
core   0: 0x8000b458 (0x00001f17) auipc   t5, 0x1
core   0: 3 0x8000b458 (0x00001f17) x30 0x8000c458
core   0: 0x8000b45c (0xba3f2423) sw      gp, -1112(t5)
core   0: 3 0x8000b45c (0xba3f2423) mem 0x8000c000 0x00000001
core   0: 0x8000b460 (0xff9ff06f) j       pc - 0x8
core   0: 3 0x8000b460 (0xff9ff06f)
core   0: 0x8000b458 (0x00001f17) auipc   t5, 0x1
core   0: 3 0x8000b458 (0x00001f17) x30 0x8000c458
core   0: 0x8000b45c (0xba3f2423) sw      gp, -1112(t5)
core   0: 3 0x8000b45c (0xba3f2423) mem 0x8000c000 0x00000001
core   0: 0x8000b460 (0xff9ff06f) j       pc - 0x8
core   0: 3 0x8000b460 (0xff9ff06f)
core   0: 0x8000b458 (0x00001f17) auipc   t5, 0x1
core   0: 3 0x8000b458 (0x00001f17) x30 0x8000c458
core   0: 0x8000b45c (0xba3f2423) sw      gp, -1112(t5)
core   0: 3 0x8000b45c (0xba3f2423) mem 0x8000c000 0x00000001
core   0: 0x8000b460 (0xff9ff06f) j       pc - 0x8
core   0: 3 0x8000b460 (0xff9ff06f)
core   0: 0x8000b458 (0x00001f17) auipc   t5, 0x1
core   0: 3 0x8000b458 (0x00001f17) x30 0x8000c458
core   0: 0x8000b45c (0xba3f2423) sw      gp, -1112(t5)
core   0: 3 0x8000b45c (0xba3f2423) mem 0x8000c000 0x00000001
core   0: 0x8000b460 (0xff9ff06f) j       pc - 0x8
core   0: 3 0x8000b460 (0xff9ff06f)
core   0: 0x8000b458 (0x00001f17) auipc   t5, 0x1
core   0: 3 0x8000b458 (0x00001f17) x30 0x8000c458
core   0: 0x8000b45c (0xba3f2423) sw      gp, -1112(t5)
core   0: 3 0x8000b45c (0xba3f2423) mem 0x8000c000 0x00000001
core   0: 0x8000b460 (0xff9ff06f) j       pc - 0x8
core   0: 3 0x8000b460 (0xff9ff06f)
core   0: 0x8000b458 (0x00001f17) auipc   t5, 0x1
core   0: 3 0x8000b458 (0x00001f17) x30 0x8000c458
core   0: 0x8000b45c (0xba3f2423) sw      gp, -1112(t5)
core   0: 3 0x8000b45c (0xba3f2423) mem 0x8000c000 0x00000001
core   0: 0x8000b460 (0xff9ff06f) j       pc - 0x8
core   0: 3 0x8000b460 (0xff9ff06f)
core   0: 0x8000b458 (0x00001f17) auipc   t5, 0x1
core   0: 3 0x8000b458 (0x00001f17) x30 0x8000c458
core   0: 0x8000b45c (0xba3f2423) sw      gp, -1112(t5)
core   0: 3 0x8000b45c (0xba3f2423) mem 0x8000c000 0x00000001
core   0: 0x8000b460 (0xff9ff06f) j       pc - 0x8
core   0: 3 0x8000b460 (0xff9ff06f)
core   0: 0x8000b458 (0x00001f17) auipc   t5, 0x1
core   0: 3 0x8000b458 (0x00001f17) x30 0x8000c458
core   0: 0x8000b45c (0xba3f2423) sw      gp, -1112(t5)
core   0: 3 0x8000b45c (0xba3f2423) mem 0x8000c000 0x00000001
core   0: 0x8000b460 (0xff9ff06f) j       pc - 0x8
core   0: 3 0x8000b460 (0xff9ff06f)
core   0: 0x8000b458 (0x00001f17) auipc   t5, 0x1
core   0: 3 0x8000b458 (0x00001f17) x30 0x8000c458
core   0: 0x8000b45c (0xba3f2423) sw      gp, -1112(t5)
core   0: 3 0x8000b45c (0xba3f2423) mem 0x8000c000 0x00000001
core   0: 0x8000b460 (0xff9ff06f) j       pc - 0x8
core   0: 3 0x8000b460 (0xff9ff06f)
core   0: 0x8000b458 (0x00001f17) auipc   t5, 0x1
core   0: 3 0x8000b458 (0x00001f17) x30 0x8000c458
core   0: 0x8000b45c (0xba3f2423) sw      gp, -1112(t5)
core   0: 3 0x8000b45c (0xba3f2423) mem 0x8000c000 0x00000001
core   0: 0x8000b460 (0xff9ff06f) j       pc - 0x8
core   0: 3 0x8000b460 (0xff9ff06f)
core   0: 0x8000b458 (0x00001f17) auipc   t5, 0x1
core   0: 3 0x8000b458 (0x00001f17) x30 0x8000c458
core   0: 0x8000b45c (0xba3f2423) sw      gp, -1112(t5)
core   0: 3 0x8000b45c (0xba3f2423) mem 0x8000c000 0x00000001
core   0: 0x8000b460 (0xff9ff06f) j       pc - 0x8
core   0: 3 0x8000b460 (0xff9ff06f)
core   0: 0x8000b458 (0x00001f17) auipc   t5, 0x1
core   0: 3 0x8000b458 (0x00001f17) x30 0x8000c458
core   0: 0x8000b45c (0xba3f2423) sw      gp, -1112(t5)
core   0: 3 0x8000b45c (0xba3f2423) mem 0x8000c000 0x00000001
core   0: 0x8000b460 (0xff9ff06f) j       pc - 0x8
core   0: 3 0x8000b460 (0xff9ff06f)
core   0: 0x8000b458 (0x00001f17) auipc   t5, 0x1
core   0: 3 0x8000b458 (0x00001f17) x30 0x8000c458
core   0: 0x8000b45c (0xba3f2423) sw      gp, -1112(t5)
core   0: 3 0x8000b45c (0xba3f2423) mem 0x8000c000 0x00000001
core   0: 0x8000b460 (0xff9ff06f) j       pc - 0x8
core   0: 3 0x8000b460 (0xff9ff06f)
core   0: 0x8000b458 (0x00001f17) auipc   t5, 0x1
core   0: 3 0x8000b458 (0x00001f17) x30 0x8000c458
core   0: 0x8000b45c (0xba3f2423) sw      gp, -1112(t5)
core   0: 3 0x8000b45c (0xba3f2423) mem 0x8000c000 0x00000001
core   0: 0x8000b460 (0xff9ff06f) j       pc - 0x8
core   0: 3 0x8000b460 (0xff9ff06f)
core   0: 0x8000b458 (0x00001f17) auipc   t5, 0x1
core   0: 3 0x8000b458 (0x00001f17) x30 0x8000c458
core   0: 0x8000b45c (0xba3f2423) sw      gp, -1112(t5)
core   0: 3 0x8000b45c (0xba3f2423) mem 0x8000c000 0x00000001
core   0: 0x8000b460 (0xff9ff06f) j       pc - 0x8
core   0: 3 0x8000b460 (0xff9ff06f)
core   0: 0x8000b458 (0x00001f17) auipc   t5, 0x1
core   0: 3 0x8000b458 (0x00001f17) x30 0x8000c458
core   0: 0x8000b45c (0xba3f2423) sw      gp, -1112(t5)
core   0: 3 0x8000b45c (0xba3f2423) mem 0x8000c000 0x00000001
core   0: 0x8000b460 (0xff9ff06f) j       pc - 0x8
core   0: 3 0x8000b460 (0xff9ff06f)
core   0: 0x8000b458 (0x00001f17) auipc   t5, 0x1
core   0: 3 0x8000b458 (0x00001f17) x30 0x8000c458
core   0: 0x8000b45c (0xba3f2423) sw      gp, -1112(t5)
core   0: 3 0x8000b45c (0xba3f2423) mem 0x8000c000 0x00000001
core   0: 0x8000b460 (0xff9ff06f) j       pc - 0x8
core   0: 3 0x8000b460 (0xff9ff06f)
core   0: 0x8000b458 (0x00001f17) auipc   t5, 0x1
core   0: 3 0x8000b458 (0x00001f17) x30 0x8000c458
core   0: 0x8000b45c (0xba3f2423) sw      gp, -1112(t5)
core   0: 3 0x8000b45c (0xba3f2423) mem 0x8000c000 0x00000001
core   0: 0x8000b460 (0xff9ff06f) j       pc - 0x8
core   0: 3 0x8000b460 (0xff9ff06f)
core   0: 0x8000b458 (0x00001f17) auipc   t5, 0x1
core   0: 3 0x8000b458 (0x00001f17) x30 0x8000c458
core   0: 0x8000b45c (0xba3f2423) sw      gp, -1112(t5)
core   0: 3 0x8000b45c (0xba3f2423) mem 0x8000c000 0x00000001
core   0: 0x8000b460 (0xff9ff06f) j       pc - 0x8
core   0: 3 0x8000b460 (0xff9ff06f)
core   0: 0x8000b458 (0x00001f17) auipc   t5, 0x1
core   0: 3 0x8000b458 (0x00001f17) x30 0x8000c458
core   0: 0x8000b45c (0xba3f2423) sw      gp, -1112(t5)
core   0: 3 0x8000b45c (0xba3f2423) mem 0x8000c000 0x00000001
core   0: 0x8000b460 (0xff9ff06f) j       pc - 0x8
core   0: 3 0x8000b460 (0xff9ff06f)
core   0: 0x8000b458 (0x00001f17) auipc   t5, 0x1
core   0: 3 0x8000b458 (0x00001f17) x30 0x8000c458
core   0: 0x8000b45c (0xba3f2423) sw      gp, -1112(t5)
core   0: 3 0x8000b45c (0xba3f2423) mem 0x8000c000 0x00000001
core   0: 0x8000b460 (0xff9ff06f) j       pc - 0x8
core   0: 3 0x8000b460 (0xff9ff06f)
core   0: 0x8000b458 (0x00001f17) auipc   t5, 0x1
core   0: 3 0x8000b458 (0x00001f17) x30 0x8000c458
core   0: 0x8000b45c (0xba3f2423) sw      gp, -1112(t5)
core   0: 3 0x8000b45c (0xba3f2423) mem 0x8000c000 0x00000001
core   0: 0x8000b460 (0xff9ff06f) j       pc - 0x8
core   0: 3 0x8000b460 (0xff9ff06f)
core   0: 0x8000b458 (0x00001f17) auipc   t5, 0x1
core   0: 3 0x8000b458 (0x00001f17) x30 0x8000c458
core   0: 0x8000b45c (0xba3f2423) sw      gp, -1112(t5)
core   0: 3 0x8000b45c (0xba3f2423) mem 0x8000c000 0x00000001
core   0: 0x8000b460 (0xff9ff06f) j       pc - 0x8
core   0: 3 0x8000b460 (0xff9ff06f)
core   0: 0x8000b458 (0x00001f17) auipc   t5, 0x1
core   0: 3 0x8000b458 (0x00001f17) x30 0x8000c458
core   0: 0x8000b45c (0xba3f2423) sw      gp, -1112(t5)
core   0: 3 0x8000b45c (0xba3f2423) mem 0x8000c000 0x00000001
core   0: 0x8000b460 (0xff9ff06f) j       pc - 0x8
core   0: 3 0x8000b460 (0xff9ff06f)
core   0: 0x8000b458 (0x00001f17) auipc   t5, 0x1
core   0: 3 0x8000b458 (0x00001f17) x30 0x8000c458
core   0: 0x8000b45c (0xba3f2423) sw      gp, -1112(t5)
core   0: 3 0x8000b45c (0xba3f2423) mem 0x8000c000 0x00000001
core   0: 0x8000b460 (0xff9ff06f) j       pc - 0x8
core   0: 3 0x8000b460 (0xff9ff06f)
core   0: 0x8000b458 (0x00001f17) auipc   t5, 0x1
core   0: 3 0x8000b458 (0x00001f17) x30 0x8000c458
core   0: 0x8000b45c (0xba3f2423) sw      gp, -1112(t5)
core   0: 3 0x8000b45c (0xba3f2423) mem 0x8000c000 0x00000001
core   0: 0x8000b460 (0xff9ff06f) j       pc - 0x8
core   0: 3 0x8000b460 (0xff9ff06f)
core   0: 0x8000b458 (0x00001f17) auipc   t5, 0x1
core   0: 3 0x8000b458 (0x00001f17) x30 0x8000c458
core   0: 0x8000b45c (0xba3f2423) sw      gp, -1112(t5)
core   0: 3 0x8000b45c (0xba3f2423) mem 0x8000c000 0x00000001
core   0: 0x8000b460 (0xff9ff06f) j       pc - 0x8
core   0: 3 0x8000b460 (0xff9ff06f)
core   0: 0x8000b458 (0x00001f17) auipc   t5, 0x1
core   0: 3 0x8000b458 (0x00001f17) x30 0x8000c458
core   0: 0x8000b45c (0xba3f2423) sw      gp, -1112(t5)
core   0: 3 0x8000b45c (0xba3f2423) mem 0x8000c000 0x00000001
core   0: 0x8000b460 (0xff9ff06f) j       pc - 0x8
core   0: 3 0x8000b460 (0xff9ff06f)
core   0: 0x8000b458 (0x00001f17) auipc   t5, 0x1
core   0: 3 0x8000b458 (0x00001f17) x30 0x8000c458
core   0: 0x8000b45c (0xba3f2423) sw      gp, -1112(t5)
core   0: 3 0x8000b45c (0xba3f2423) mem 0x8000c000 0x00000001
core   0: 0x8000b460 (0xff9ff06f) j       pc - 0x8
core   0: 3 0x8000b460 (0xff9ff06f)
core   0: 0x8000b458 (0x00001f17) auipc   t5, 0x1
core   0: 3 0x8000b458 (0x00001f17) x30 0x8000c458
core   0: 0x8000b45c (0xba3f2423) sw      gp, -1112(t5)
core   0: 3 0x8000b45c (0xba3f2423) mem 0x8000c000 0x00000001
core   0: 0x8000b460 (0xff9ff06f) j       pc - 0x8
core   0: 3 0x8000b460 (0xff9ff06f)
core   0: 0x8000b458 (0x00001f17) auipc   t5, 0x1
core   0: 3 0x8000b458 (0x00001f17) x30 0x8000c458
core   0: 0x8000b45c (0xba3f2423) sw      gp, -1112(t5)
core   0: 3 0x8000b45c (0xba3f2423) mem 0x8000c000 0x00000001
core   0: 0x8000b460 (0xff9ff06f) j       pc - 0x8
core   0: 3 0x8000b460 (0xff9ff06f)
core   0: 0x8000b458 (0x00001f17) auipc   t5, 0x1
core   0: 3 0x8000b458 (0x00001f17) x30 0x8000c458
core   0: 0x8000b45c (0xba3f2423) sw      gp, -1112(t5)
core   0: 3 0x8000b45c (0xba3f2423) mem 0x8000c000 0x00000001
core   0: 0x8000b460 (0xff9ff06f) j       pc - 0x8
core   0: 3 0x8000b460 (0xff9ff06f)
core   0: 0x8000b458 (0x00001f17) auipc   t5, 0x1
core   0: 3 0x8000b458 (0x00001f17) x30 0x8000c458
core   0: 0x8000b45c (0xba3f2423) sw      gp, -1112(t5)
core   0: 3 0x8000b45c (0xba3f2423) mem 0x8000c000 0x00000001
core   0: 0x8000b460 (0xff9ff06f) j       pc - 0x8
core   0: 3 0x8000b460 (0xff9ff06f)
core   0: 0x8000b458 (0x00001f17) auipc   t5, 0x1
core   0: 3 0x8000b458 (0x00001f17) x30 0x8000c458
core   0: 0x8000b45c (0xba3f2423) sw      gp, -1112(t5)
core   0: 3 0x8000b45c (0xba3f2423) mem 0x8000c000 0x00000001
core   0: 0x8000b460 (0xff9ff06f) j       pc - 0x8
core   0: 3 0x8000b460 (0xff9ff06f)
core   0: 0x8000b458 (0x00001f17) auipc   t5, 0x1
core   0: 3 0x8000b458 (0x00001f17) x30 0x8000c458
core   0: 0x8000b45c (0xba3f2423) sw      gp, -1112(t5)
core   0: 3 0x8000b45c (0xba3f2423) mem 0x8000c000 0x00000001
core   0: 0x8000b460 (0xff9ff06f) j       pc - 0x8
core   0: 3 0x8000b460 (0xff9ff06f)
core   0: 0x8000b458 (0x00001f17) auipc   t5, 0x1
core   0: 3 0x8000b458 (0x00001f17) x30 0x8000c458
core   0: 0x8000b45c (0xba3f2423) sw      gp, -1112(t5)
core   0: 3 0x8000b45c (0xba3f2423) mem 0x8000c000 0x00000001
core   0: 0x8000b460 (0xff9ff06f) j       pc - 0x8
core   0: 3 0x8000b460 (0xff9ff06f)
core   0: 0x8000b458 (0x00001f17) auipc   t5, 0x1
core   0: 3 0x8000b458 (0x00001f17) x30 0x8000c458
core   0: 0x8000b45c (0xba3f2423) sw      gp, -1112(t5)
core   0: 3 0x8000b45c (0xba3f2423) mem 0x8000c000 0x00000001
core   0: 0x8000b460 (0xff9ff06f) j       pc - 0x8
core   0: 3 0x8000b460 (0xff9ff06f)
core   0: 0x8000b458 (0x00001f17) auipc   t5, 0x1
core   0: 3 0x8000b458 (0x00001f17) x30 0x8000c458
core   0: 0x8000b45c (0xba3f2423) sw      gp, -1112(t5)
core   0: 3 0x8000b45c (0xba3f2423) mem 0x8000c000 0x00000001
core   0: 0x8000b460 (0xff9ff06f) j       pc - 0x8
core   0: 3 0x8000b460 (0xff9ff06f)
core   0: 0x8000b458 (0x00001f17) auipc   t5, 0x1
core   0: 3 0x8000b458 (0x00001f17) x30 0x8000c458
core   0: 0x8000b45c (0xba3f2423) sw      gp, -1112(t5)
core   0: 3 0x8000b45c (0xba3f2423) mem 0x8000c000 0x00000001
core   0: 0x8000b460 (0xff9ff06f) j       pc - 0x8
core   0: 3 0x8000b460 (0xff9ff06f)
core   0: 0x8000b458 (0x00001f17) auipc   t5, 0x1
core   0: 3 0x8000b458 (0x00001f17) x30 0x8000c458
core   0: 0x8000b45c (0xba3f2423) sw      gp, -1112(t5)
core   0: 3 0x8000b45c (0xba3f2423) mem 0x8000c000 0x00000001
core   0: 0x8000b460 (0xff9ff06f) j       pc - 0x8
core   0: 3 0x8000b460 (0xff9ff06f)
core   0: 0x8000b458 (0x00001f17) auipc   t5, 0x1
core   0: 3 0x8000b458 (0x00001f17) x30 0x8000c458
core   0: 0x8000b45c (0xba3f2423) sw      gp, -1112(t5)
core   0: 3 0x8000b45c (0xba3f2423) mem 0x8000c000 0x00000001
core   0: 0x8000b460 (0xff9ff06f) j       pc - 0x8
core   0: 3 0x8000b460 (0xff9ff06f)
core   0: 0x8000b458 (0x00001f17) auipc   t5, 0x1
core   0: 3 0x8000b458 (0x00001f17) x30 0x8000c458
core   0: 0x8000b45c (0xba3f2423) sw      gp, -1112(t5)
core   0: 3 0x8000b45c (0xba3f2423) mem 0x8000c000 0x00000001
core   0: 0x8000b460 (0xff9ff06f) j       pc - 0x8
core   0: 3 0x8000b460 (0xff9ff06f)
core   0: 0x8000b458 (0x00001f17) auipc   t5, 0x1
core   0: 3 0x8000b458 (0x00001f17) x30 0x8000c458
core   0: 0x8000b45c (0xba3f2423) sw      gp, -1112(t5)
core   0: 3 0x8000b45c (0xba3f2423) mem 0x8000c000 0x00000001
core   0: 0x8000b460 (0xff9ff06f) j       pc - 0x8
core   0: 3 0x8000b460 (0xff9ff06f)
core   0: 0x8000b458 (0x00001f17) auipc   t5, 0x1
core   0: 3 0x8000b458 (0x00001f17) x30 0x8000c458
core   0: 0x8000b45c (0xba3f2423) sw      gp, -1112(t5)
core   0: 3 0x8000b45c (0xba3f2423) mem 0x8000c000 0x00000001
core   0: 0x8000b460 (0xff9ff06f) j       pc - 0x8
core   0: 3 0x8000b460 (0xff9ff06f)
core   0: 0x8000b458 (0x00001f17) auipc   t5, 0x1
core   0: 3 0x8000b458 (0x00001f17) x30 0x8000c458
core   0: 0x8000b45c (0xba3f2423) sw      gp, -1112(t5)
core   0: 3 0x8000b45c (0xba3f2423) mem 0x8000c000 0x00000001
core   0: 0x8000b460 (0xff9ff06f) j       pc - 0x8
core   0: 3 0x8000b460 (0xff9ff06f)
core   0: 0x8000b458 (0x00001f17) auipc   t5, 0x1
core   0: 3 0x8000b458 (0x00001f17) x30 0x8000c458
core   0: 0x8000b45c (0xba3f2423) sw      gp, -1112(t5)
core   0: 3 0x8000b45c (0xba3f2423) mem 0x8000c000 0x00000001
core   0: 0x8000b460 (0xff9ff06f) j       pc - 0x8
core   0: 3 0x8000b460 (0xff9ff06f)
core   0: 0x8000b458 (0x00001f17) auipc   t5, 0x1
core   0: 3 0x8000b458 (0x00001f17) x30 0x8000c458
core   0: 0x8000b45c (0xba3f2423) sw      gp, -1112(t5)
core   0: 3 0x8000b45c (0xba3f2423) mem 0x8000c000 0x00000001
core   0: 0x8000b460 (0xff9ff06f) j       pc - 0x8
core   0: 3 0x8000b460 (0xff9ff06f)
core   0: 0x8000b458 (0x00001f17) auipc   t5, 0x1
core   0: 3 0x8000b458 (0x00001f17) x30 0x8000c458
core   0: 0x8000b45c (0xba3f2423) sw      gp, -1112(t5)
core   0: 3 0x8000b45c (0xba3f2423) mem 0x8000c000 0x00000001
core   0: 0x8000b460 (0xff9ff06f) j       pc - 0x8
core   0: 3 0x8000b460 (0xff9ff06f)
core   0: 0x8000b458 (0x00001f17) auipc   t5, 0x1
core   0: 3 0x8000b458 (0x00001f17) x30 0x8000c458
core   0: 0x8000b45c (0xba3f2423) sw      gp, -1112(t5)
core   0: 3 0x8000b45c (0xba3f2423) mem 0x8000c000 0x00000001
core   0: 0x8000b460 (0xff9ff06f) j       pc - 0x8
core   0: 3 0x8000b460 (0xff9ff06f)
core   0: 0x8000b458 (0x00001f17) auipc   t5, 0x1
core   0: 3 0x8000b458 (0x00001f17) x30 0x8000c458
core   0: 0x8000b45c (0xba3f2423) sw      gp, -1112(t5)
core   0: 3 0x8000b45c (0xba3f2423) mem 0x8000c000 0x00000001
core   0: 0x8000b460 (0xff9ff06f) j       pc - 0x8
core   0: 3 0x8000b460 (0xff9ff06f)
core   0: 0x8000b458 (0x00001f17) auipc   t5, 0x1
core   0: 3 0x8000b458 (0x00001f17) x30 0x8000c458
core   0: 0x8000b45c (0xba3f2423) sw      gp, -1112(t5)
core   0: 3 0x8000b45c (0xba3f2423) mem 0x8000c000 0x00000001
core   0: 0x8000b460 (0xff9ff06f) j       pc - 0x8
core   0: 3 0x8000b460 (0xff9ff06f)
core   0: 0x8000b458 (0x00001f17) auipc   t5, 0x1
core   0: 3 0x8000b458 (0x00001f17) x30 0x8000c458
core   0: 0x8000b45c (0xba3f2423) sw      gp, -1112(t5)
core   0: 3 0x8000b45c (0xba3f2423) mem 0x8000c000 0x00000001
core   0: 0x8000b460 (0xff9ff06f) j       pc - 0x8
core   0: 3 0x8000b460 (0xff9ff06f)
core   0: 0x8000b458 (0x00001f17) auipc   t5, 0x1
core   0: 3 0x8000b458 (0x00001f17) x30 0x8000c458
core   0: 0x8000b45c (0xba3f2423) sw      gp, -1112(t5)
core   0: 3 0x8000b45c (0xba3f2423) mem 0x8000c000 0x00000001
core   0: 0x8000b460 (0xff9ff06f) j       pc - 0x8
core   0: 3 0x8000b460 (0xff9ff06f)
core   0: 0x8000b458 (0x00001f17) auipc   t5, 0x1
core   0: 3 0x8000b458 (0x00001f17) x30 0x8000c458
core   0: 0x8000b45c (0xba3f2423) sw      gp, -1112(t5)
core   0: 3 0x8000b45c (0xba3f2423) mem 0x8000c000 0x00000001
core   0: 0x8000b460 (0xff9ff06f) j       pc - 0x8
core   0: 3 0x8000b460 (0xff9ff06f)
core   0: 0x8000b458 (0x00001f17) auipc   t5, 0x1
core   0: 3 0x8000b458 (0x00001f17) x30 0x8000c458
core   0: 0x8000b45c (0xba3f2423) sw      gp, -1112(t5)
core   0: 3 0x8000b45c (0xba3f2423) mem 0x8000c000 0x00000001
core   0: 0x8000b460 (0xff9ff06f) j       pc - 0x8
core   0: 3 0x8000b460 (0xff9ff06f)
core   0: 0x8000b458 (0x00001f17) auipc   t5, 0x1
core   0: 3 0x8000b458 (0x00001f17) x30 0x8000c458
core   0: 0x8000b45c (0xba3f2423) sw      gp, -1112(t5)
core   0: 3 0x8000b45c (0xba3f2423) mem 0x8000c000 0x00000001
core   0: 0x8000b460 (0xff9ff06f) j       pc - 0x8
core   0: 3 0x8000b460 (0xff9ff06f)
core   0: 0x8000b458 (0x00001f17) auipc   t5, 0x1
core   0: 3 0x8000b458 (0x00001f17) x30 0x8000c458
core   0: 0x8000b45c (0xba3f2423) sw      gp, -1112(t5)
core   0: 3 0x8000b45c (0xba3f2423) mem 0x8000c000 0x00000001
core   0: 0x8000b460 (0xff9ff06f) j       pc - 0x8
core   0: 3 0x8000b460 (0xff9ff06f)
core   0: 0x8000b458 (0x00001f17) auipc   t5, 0x1
core   0: 3 0x8000b458 (0x00001f17) x30 0x8000c458
core   0: 0x8000b45c (0xba3f2423) sw      gp, -1112(t5)
core   0: 3 0x8000b45c (0xba3f2423) mem 0x8000c000 0x00000001
core   0: 0x8000b460 (0xff9ff06f) j       pc - 0x8
core   0: 3 0x8000b460 (0xff9ff06f)
core   0: 0x8000b458 (0x00001f17) auipc   t5, 0x1
core   0: 3 0x8000b458 (0x00001f17) x30 0x8000c458
core   0: 0x8000b45c (0xba3f2423) sw      gp, -1112(t5)
core   0: 3 0x8000b45c (0xba3f2423) mem 0x8000c000 0x00000001
core   0: 0x8000b460 (0xff9ff06f) j       pc - 0x8
core   0: 3 0x8000b460 (0xff9ff06f)
core   0: 0x8000b458 (0x00001f17) auipc   t5, 0x1
core   0: 3 0x8000b458 (0x00001f17) x30 0x8000c458
core   0: 0x8000b45c (0xba3f2423) sw      gp, -1112(t5)
core   0: 3 0x8000b45c (0xba3f2423) mem 0x8000c000 0x00000001
core   0: 0x8000b460 (0xff9ff06f) j       pc - 0x8
core   0: 3 0x8000b460 (0xff9ff06f)
core   0: 0x8000b458 (0x00001f17) auipc   t5, 0x1
core   0: 3 0x8000b458 (0x00001f17) x30 0x8000c458
core   0: 0x8000b45c (0xba3f2423) sw      gp, -1112(t5)
core   0: 3 0x8000b45c (0xba3f2423) mem 0x8000c000 0x00000001
core   0: 0x8000b460 (0xff9ff06f) j       pc - 0x8
core   0: 3 0x8000b460 (0xff9ff06f)
core   0: 0x8000b458 (0x00001f17) auipc   t5, 0x1
core   0: 3 0x8000b458 (0x00001f17) x30 0x8000c458
core   0: 0x8000b45c (0xba3f2423) sw      gp, -1112(t5)
core   0: 3 0x8000b45c (0xba3f2423) mem 0x8000c000 0x00000001
core   0: 0x8000b460 (0xff9ff06f) j       pc - 0x8
core   0: 3 0x8000b460 (0xff9ff06f)
core   0: 0x8000b458 (0x00001f17) auipc   t5, 0x1
core   0: 3 0x8000b458 (0x00001f17) x30 0x8000c458
core   0: 0x8000b45c (0xba3f2423) sw      gp, -1112(t5)
core   0: 3 0x8000b45c (0xba3f2423) mem 0x8000c000 0x00000001
core   0: 0x8000b460 (0xff9ff06f) j       pc - 0x8
core   0: 3 0x8000b460 (0xff9ff06f)
core   0: 0x8000b458 (0x00001f17) auipc   t5, 0x1
core   0: 3 0x8000b458 (0x00001f17) x30 0x8000c458
core   0: 0x8000b45c (0xba3f2423) sw      gp, -1112(t5)
core   0: 3 0x8000b45c (0xba3f2423) mem 0x8000c000 0x00000001
core   0: 0x8000b460 (0xff9ff06f) j       pc - 0x8
core   0: 3 0x8000b460 (0xff9ff06f)
core   0: 0x8000b458 (0x00001f17) auipc   t5, 0x1
core   0: 3 0x8000b458 (0x00001f17) x30 0x8000c458
core   0: 0x8000b45c (0xba3f2423) sw      gp, -1112(t5)
core   0: 3 0x8000b45c (0xba3f2423) mem 0x8000c000 0x00000001
core   0: 0x8000b460 (0xff9ff06f) j       pc - 0x8
core   0: 3 0x8000b460 (0xff9ff06f)
core   0: 0x8000b458 (0x00001f17) auipc   t5, 0x1
core   0: 3 0x8000b458 (0x00001f17) x30 0x8000c458
core   0: 0x8000b45c (0xba3f2423) sw      gp, -1112(t5)
core   0: 3 0x8000b45c (0xba3f2423) mem 0x8000c000 0x00000001
core   0: 0x8000b460 (0xff9ff06f) j       pc - 0x8
core   0: 3 0x8000b460 (0xff9ff06f)
core   0: 0x8000b458 (0x00001f17) auipc   t5, 0x1
core   0: 3 0x8000b458 (0x00001f17) x30 0x8000c458
core   0: 0x8000b45c (0xba3f2423) sw      gp, -1112(t5)
core   0: 3 0x8000b45c (0xba3f2423) mem 0x8000c000 0x00000001
core   0: 0x8000b460 (0xff9ff06f) j       pc - 0x8
core   0: 3 0x8000b460 (0xff9ff06f)
core   0: 0x8000b458 (0x00001f17) auipc   t5, 0x1
core   0: 3 0x8000b458 (0x00001f17) x30 0x8000c458
core   0: 0x8000b45c (0xba3f2423) sw      gp, -1112(t5)
core   0: 3 0x8000b45c (0xba3f2423) mem 0x8000c000 0x00000001
core   0: 0x8000b460 (0xff9ff06f) j       pc - 0x8
core   0: 3 0x8000b460 (0xff9ff06f)
core   0: 0x8000b458 (0x00001f17) auipc   t5, 0x1
core   0: 3 0x8000b458 (0x00001f17) x30 0x8000c458
core   0: 0x8000b45c (0xba3f2423) sw      gp, -1112(t5)
core   0: 3 0x8000b45c (0xba3f2423) mem 0x8000c000 0x00000001
core   0: 0x8000b460 (0xff9ff06f) j       pc - 0x8
core   0: 3 0x8000b460 (0xff9ff06f)
core   0: 0x8000b458 (0x00001f17) auipc   t5, 0x1
core   0: 3 0x8000b458 (0x00001f17) x30 0x8000c458
core   0: 0x8000b45c (0xba3f2423) sw      gp, -1112(t5)
core   0: 3 0x8000b45c (0xba3f2423) mem 0x8000c000 0x00000001
core   0: 0x8000b460 (0xff9ff06f) j       pc - 0x8
core   0: 3 0x8000b460 (0xff9ff06f)
core   0: 0x8000b458 (0x00001f17) auipc   t5, 0x1
core   0: 3 0x8000b458 (0x00001f17) x30 0x8000c458
core   0: 0x8000b45c (0xba3f2423) sw      gp, -1112(t5)
core   0: 3 0x8000b45c (0xba3f2423) mem 0x8000c000 0x00000001
core   0: 0x8000b460 (0xff9ff06f) j       pc - 0x8
core   0: 3 0x8000b460 (0xff9ff06f)
core   0: 0x8000b458 (0x00001f17) auipc   t5, 0x1
core   0: 3 0x8000b458 (0x00001f17) x30 0x8000c458
core   0: 0x8000b45c (0xba3f2423) sw      gp, -1112(t5)
core   0: 3 0x8000b45c (0xba3f2423) mem 0x8000c000 0x00000001
core   0: 0x8000b460 (0xff9ff06f) j       pc - 0x8
core   0: 3 0x8000b460 (0xff9ff06f)
core   0: 0x8000b458 (0x00001f17) auipc   t5, 0x1
core   0: 3 0x8000b458 (0x00001f17) x30 0x8000c458
core   0: 0x8000b45c (0xba3f2423) sw      gp, -1112(t5)
core   0: 3 0x8000b45c (0xba3f2423) mem 0x8000c000 0x00000001
core   0: 0x8000b460 (0xff9ff06f) j       pc - 0x8
core   0: 3 0x8000b460 (0xff9ff06f)
core   0: 0x8000b458 (0x00001f17) auipc   t5, 0x1
core   0: 3 0x8000b458 (0x00001f17) x30 0x8000c458
core   0: 0x8000b45c (0xba3f2423) sw      gp, -1112(t5)
core   0: 3 0x8000b45c (0xba3f2423) mem 0x8000c000 0x00000001
core   0: 0x8000b460 (0xff9ff06f) j       pc - 0x8
core   0: 3 0x8000b460 (0xff9ff06f)
core   0: 0x8000b458 (0x00001f17) auipc   t5, 0x1
core   0: 3 0x8000b458 (0x00001f17) x30 0x8000c458
core   0: 0x8000b45c (0xba3f2423) sw      gp, -1112(t5)
core   0: 3 0x8000b45c (0xba3f2423) mem 0x8000c000 0x00000001
core   0: 0x8000b460 (0xff9ff06f) j       pc - 0x8
core   0: 3 0x8000b460 (0xff9ff06f)
core   0: 0x8000b458 (0x00001f17) auipc   t5, 0x1
core   0: 3 0x8000b458 (0x00001f17) x30 0x8000c458
core   0: 0x8000b45c (0xba3f2423) sw      gp, -1112(t5)
core   0: 3 0x8000b45c (0xba3f2423) mem 0x8000c000 0x00000001
core   0: 0x8000b460 (0xff9ff06f) j       pc - 0x8
core   0: 3 0x8000b460 (0xff9ff06f)
core   0: 0x8000b458 (0x00001f17) auipc   t5, 0x1
core   0: 3 0x8000b458 (0x00001f17) x30 0x8000c458
core   0: 0x8000b45c (0xba3f2423) sw      gp, -1112(t5)
core   0: 3 0x8000b45c (0xba3f2423) mem 0x8000c000 0x00000001
core   0: 0x8000b460 (0xff9ff06f) j       pc - 0x8
core   0: 3 0x8000b460 (0xff9ff06f)
core   0: 0x8000b458 (0x00001f17) auipc   t5, 0x1
core   0: 3 0x8000b458 (0x00001f17) x30 0x8000c458
core   0: 0x8000b45c (0xba3f2423) sw      gp, -1112(t5)
core   0: 3 0x8000b45c (0xba3f2423) mem 0x8000c000 0x00000001
core   0: 0x8000b460 (0xff9ff06f) j       pc - 0x8
core   0: 3 0x8000b460 (0xff9ff06f)
core   0: 0x8000b458 (0x00001f17) auipc   t5, 0x1
core   0: 3 0x8000b458 (0x00001f17) x30 0x8000c458
core   0: 0x8000b45c (0xba3f2423) sw      gp, -1112(t5)
core   0: 3 0x8000b45c (0xba3f2423) mem 0x8000c000 0x00000001
core   0: 0x8000b460 (0xff9ff06f) j       pc - 0x8
core   0: 3 0x8000b460 (0xff9ff06f)
core   0: 0x8000b458 (0x00001f17) auipc   t5, 0x1
core   0: 3 0x8000b458 (0x00001f17) x30 0x8000c458
core   0: 0x8000b45c (0xba3f2423) sw      gp, -1112(t5)
core   0: 3 0x8000b45c (0xba3f2423) mem 0x8000c000 0x00000001
core   0: 0x8000b460 (0xff9ff06f) j       pc - 0x8
core   0: 3 0x8000b460 (0xff9ff06f)
core   0: 0x8000b458 (0x00001f17) auipc   t5, 0x1
core   0: 3 0x8000b458 (0x00001f17) x30 0x8000c458
core   0: 0x8000b45c (0xba3f2423) sw      gp, -1112(t5)
core   0: 3 0x8000b45c (0xba3f2423) mem 0x8000c000 0x00000001
core   0: 0x8000b460 (0xff9ff06f) j       pc - 0x8
core   0: 3 0x8000b460 (0xff9ff06f)
core   0: 0x8000b458 (0x00001f17) auipc   t5, 0x1
core   0: 3 0x8000b458 (0x00001f17) x30 0x8000c458
core   0: 0x8000b45c (0xba3f2423) sw      gp, -1112(t5)
core   0: 3 0x8000b45c (0xba3f2423) mem 0x8000c000 0x00000001
core   0: 0x8000b460 (0xff9ff06f) j       pc - 0x8
core   0: 3 0x8000b460 (0xff9ff06f)
core   0: 0x8000b458 (0x00001f17) auipc   t5, 0x1
core   0: 3 0x8000b458 (0x00001f17) x30 0x8000c458
core   0: 0x8000b45c (0xba3f2423) sw      gp, -1112(t5)
core   0: 3 0x8000b45c (0xba3f2423) mem 0x8000c000 0x00000001
core   0: 0x8000b460 (0xff9ff06f) j       pc - 0x8
core   0: 3 0x8000b460 (0xff9ff06f)
core   0: 0x8000b458 (0x00001f17) auipc   t5, 0x1
core   0: 3 0x8000b458 (0x00001f17) x30 0x8000c458
core   0: 0x8000b45c (0xba3f2423) sw      gp, -1112(t5)
core   0: 3 0x8000b45c (0xba3f2423) mem 0x8000c000 0x00000001
core   0: 0x8000b460 (0xff9ff06f) j       pc - 0x8
core   0: 3 0x8000b460 (0xff9ff06f)
core   0: 0x8000b458 (0x00001f17) auipc   t5, 0x1
core   0: 3 0x8000b458 (0x00001f17) x30 0x8000c458
core   0: 0x8000b45c (0xba3f2423) sw      gp, -1112(t5)
core   0: 3 0x8000b45c (0xba3f2423) mem 0x8000c000 0x00000001
core   0: 0x8000b460 (0xff9ff06f) j       pc - 0x8
core   0: 3 0x8000b460 (0xff9ff06f)
core   0: 0x8000b458 (0x00001f17) auipc   t5, 0x1
core   0: 3 0x8000b458 (0x00001f17) x30 0x8000c458
core   0: 0x8000b45c (0xba3f2423) sw      gp, -1112(t5)
core   0: 3 0x8000b45c (0xba3f2423) mem 0x8000c000 0x00000001
core   0: 0x8000b460 (0xff9ff06f) j       pc - 0x8
core   0: 3 0x8000b460 (0xff9ff06f)
core   0: 0x8000b458 (0x00001f17) auipc   t5, 0x1
core   0: 3 0x8000b458 (0x00001f17) x30 0x8000c458
core   0: 0x8000b45c (0xba3f2423) sw      gp, -1112(t5)
core   0: 3 0x8000b45c (0xba3f2423) mem 0x8000c000 0x00000001
core   0: 0x8000b460 (0xff9ff06f) j       pc - 0x8
core   0: 3 0x8000b460 (0xff9ff06f)
core   0: 0x8000b458 (0x00001f17) auipc   t5, 0x1
core   0: 3 0x8000b458 (0x00001f17) x30 0x8000c458
core   0: 0x8000b45c (0xba3f2423) sw      gp, -1112(t5)
core   0: 3 0x8000b45c (0xba3f2423) mem 0x8000c000 0x00000001
core   0: 0x8000b460 (0xff9ff06f) j       pc - 0x8
core   0: 3 0x8000b460 (0xff9ff06f)
core   0: 0x8000b458 (0x00001f17) auipc   t5, 0x1
core   0: 3 0x8000b458 (0x00001f17) x30 0x8000c458
core   0: 0x8000b45c (0xba3f2423) sw      gp, -1112(t5)
core   0: 3 0x8000b45c (0xba3f2423) mem 0x8000c000 0x00000001
core   0: 0x8000b460 (0xff9ff06f) j       pc - 0x8
core   0: 3 0x8000b460 (0xff9ff06f)
core   0: 0x8000b458 (0x00001f17) auipc   t5, 0x1
core   0: 3 0x8000b458 (0x00001f17) x30 0x8000c458
core   0: 0x8000b45c (0xba3f2423) sw      gp, -1112(t5)
core   0: 3 0x8000b45c (0xba3f2423) mem 0x8000c000 0x00000001
core   0: 0x8000b460 (0xff9ff06f) j       pc - 0x8
core   0: 3 0x8000b460 (0xff9ff06f)
core   0: 0x8000b458 (0x00001f17) auipc   t5, 0x1
core   0: 3 0x8000b458 (0x00001f17) x30 0x8000c458
core   0: 0x8000b45c (0xba3f2423) sw      gp, -1112(t5)
core   0: 3 0x8000b45c (0xba3f2423) mem 0x8000c000 0x00000001
core   0: 0x8000b460 (0xff9ff06f) j       pc - 0x8
core   0: 3 0x8000b460 (0xff9ff06f)
core   0: 0x8000b458 (0x00001f17) auipc   t5, 0x1
core   0: 3 0x8000b458 (0x00001f17) x30 0x8000c458
core   0: 0x8000b45c (0xba3f2423) sw      gp, -1112(t5)
core   0: 3 0x8000b45c (0xba3f2423) mem 0x8000c000 0x00000001
core   0: 0x8000b460 (0xff9ff06f) j       pc - 0x8
core   0: 3 0x8000b460 (0xff9ff06f)
core   0: 0x8000b458 (0x00001f17) auipc   t5, 0x1
core   0: 3 0x8000b458 (0x00001f17) x30 0x8000c458
core   0: 0x8000b45c (0xba3f2423) sw      gp, -1112(t5)
core   0: 3 0x8000b45c (0xba3f2423) mem 0x8000c000 0x00000001
core   0: 0x8000b460 (0xff9ff06f) j       pc - 0x8
core   0: 3 0x8000b460 (0xff9ff06f)
core   0: 0x8000b458 (0x00001f17) auipc   t5, 0x1
core   0: 3 0x8000b458 (0x00001f17) x30 0x8000c458
core   0: 0x8000b45c (0xba3f2423) sw      gp, -1112(t5)
core   0: 3 0x8000b45c (0xba3f2423) mem 0x8000c000 0x00000001
core   0: 0x8000b460 (0xff9ff06f) j       pc - 0x8
core   0: 3 0x8000b460 (0xff9ff06f)
core   0: 0x8000b458 (0x00001f17) auipc   t5, 0x1
core   0: 3 0x8000b458 (0x00001f17) x30 0x8000c458
core   0: 0x8000b45c (0xba3f2423) sw      gp, -1112(t5)
core   0: 3 0x8000b45c (0xba3f2423) mem 0x8000c000 0x00000001
core   0: 0x8000b460 (0xff9ff06f) j       pc - 0x8
core   0: 3 0x8000b460 (0xff9ff06f)
core   0: 0x8000b458 (0x00001f17) auipc   t5, 0x1
core   0: 3 0x8000b458 (0x00001f17) x30 0x8000c458
core   0: 0x8000b45c (0xba3f2423) sw      gp, -1112(t5)
core   0: 3 0x8000b45c (0xba3f2423) mem 0x8000c000 0x00000001
core   0: 0x8000b460 (0xff9ff06f) j       pc - 0x8
core   0: 3 0x8000b460 (0xff9ff06f)
core   0: 0x8000b458 (0x00001f17) auipc   t5, 0x1
core   0: 3 0x8000b458 (0x00001f17) x30 0x8000c458
core   0: 0x8000b45c (0xba3f2423) sw      gp, -1112(t5)
core   0: 3 0x8000b45c (0xba3f2423) mem 0x8000c000 0x00000001
core   0: 0x8000b460 (0xff9ff06f) j       pc - 0x8
core   0: 3 0x8000b460 (0xff9ff06f)
core   0: 0x8000b458 (0x00001f17) auipc   t5, 0x1
core   0: 3 0x8000b458 (0x00001f17) x30 0x8000c458
core   0: 0x8000b45c (0xba3f2423) sw      gp, -1112(t5)
core   0: 3 0x8000b45c (0xba3f2423) mem 0x8000c000 0x00000001
core   0: 0x8000b460 (0xff9ff06f) j       pc - 0x8
core   0: 3 0x8000b460 (0xff9ff06f)
core   0: 0x8000b458 (0x00001f17) auipc   t5, 0x1
core   0: 3 0x8000b458 (0x00001f17) x30 0x8000c458
core   0: 0x8000b45c (0xba3f2423) sw      gp, -1112(t5)
core   0: 3 0x8000b45c (0xba3f2423) mem 0x8000c000 0x00000001
core   0: 0x8000b460 (0xff9ff06f) j       pc - 0x8
core   0: 3 0x8000b460 (0xff9ff06f)
core   0: 0x8000b458 (0x00001f17) auipc   t5, 0x1
core   0: 3 0x8000b458 (0x00001f17) x30 0x8000c458
core   0: 0x8000b45c (0xba3f2423) sw      gp, -1112(t5)
core   0: 3 0x8000b45c (0xba3f2423) mem 0x8000c000 0x00000001
core   0: 0x8000b460 (0xff9ff06f) j       pc - 0x8
core   0: 3 0x8000b460 (0xff9ff06f)
core   0: 0x8000b458 (0x00001f17) auipc   t5, 0x1
core   0: 3 0x8000b458 (0x00001f17) x30 0x8000c458
core   0: 0x8000b45c (0xba3f2423) sw      gp, -1112(t5)
core   0: 3 0x8000b45c (0xba3f2423) mem 0x8000c000 0x00000001
core   0: 0x8000b460 (0xff9ff06f) j       pc - 0x8
core   0: 3 0x8000b460 (0xff9ff06f)
core   0: 0x8000b458 (0x00001f17) auipc   t5, 0x1
core   0: 3 0x8000b458 (0x00001f17) x30 0x8000c458
core   0: 0x8000b45c (0xba3f2423) sw      gp, -1112(t5)
core   0: 3 0x8000b45c (0xba3f2423) mem 0x8000c000 0x00000001
core   0: 0x8000b460 (0xff9ff06f) j       pc - 0x8
core   0: 3 0x8000b460 (0xff9ff06f)
core   0: 0x8000b458 (0x00001f17) auipc   t5, 0x1
core   0: 3 0x8000b458 (0x00001f17) x30 0x8000c458
core   0: 0x8000b45c (0xba3f2423) sw      gp, -1112(t5)
core   0: 3 0x8000b45c (0xba3f2423) mem 0x8000c000 0x00000001
core   0: 0x8000b460 (0xff9ff06f) j       pc - 0x8
core   0: 3 0x8000b460 (0xff9ff06f)
core   0: 0x8000b458 (0x00001f17) auipc   t5, 0x1
core   0: 3 0x8000b458 (0x00001f17) x30 0x8000c458
core   0: 0x8000b45c (0xba3f2423) sw      gp, -1112(t5)
core   0: 3 0x8000b45c (0xba3f2423) mem 0x8000c000 0x00000001
core   0: 0x8000b460 (0xff9ff06f) j       pc - 0x8
core   0: 3 0x8000b460 (0xff9ff06f)
core   0: 0x8000b458 (0x00001f17) auipc   t5, 0x1
core   0: 3 0x8000b458 (0x00001f17) x30 0x8000c458
core   0: 0x8000b45c (0xba3f2423) sw      gp, -1112(t5)
core   0: 3 0x8000b45c (0xba3f2423) mem 0x8000c000 0x00000001
core   0: 0x8000b460 (0xff9ff06f) j       pc - 0x8
core   0: 3 0x8000b460 (0xff9ff06f)
core   0: 0x8000b458 (0x00001f17) auipc   t5, 0x1
core   0: 3 0x8000b458 (0x00001f17) x30 0x8000c458
core   0: 0x8000b45c (0xba3f2423) sw      gp, -1112(t5)
core   0: 3 0x8000b45c (0xba3f2423) mem 0x8000c000 0x00000001
core   0: 0x8000b460 (0xff9ff06f) j       pc - 0x8
core   0: 3 0x8000b460 (0xff9ff06f)
core   0: 0x8000b458 (0x00001f17) auipc   t5, 0x1
core   0: 3 0x8000b458 (0x00001f17) x30 0x8000c458
core   0: 0x8000b45c (0xba3f2423) sw      gp, -1112(t5)
core   0: 3 0x8000b45c (0xba3f2423) mem 0x8000c000 0x00000001
core   0: 0x8000b460 (0xff9ff06f) j       pc - 0x8
core   0: 3 0x8000b460 (0xff9ff06f)
core   0: 0x8000b458 (0x00001f17) auipc   t5, 0x1
core   0: 3 0x8000b458 (0x00001f17) x30 0x8000c458
core   0: 0x8000b45c (0xba3f2423) sw      gp, -1112(t5)
core   0: 3 0x8000b45c (0xba3f2423) mem 0x8000c000 0x00000001
core   0: 0x8000b460 (0xff9ff06f) j       pc - 0x8
core   0: 3 0x8000b460 (0xff9ff06f)
core   0: 0x8000b458 (0x00001f17) auipc   t5, 0x1
core   0: 3 0x8000b458 (0x00001f17) x30 0x8000c458
core   0: 0x8000b45c (0xba3f2423) sw      gp, -1112(t5)
core   0: 3 0x8000b45c (0xba3f2423) mem 0x8000c000 0x00000001
core   0: 0x8000b460 (0xff9ff06f) j       pc - 0x8
core   0: 3 0x8000b460 (0xff9ff06f)
core   0: 0x8000b458 (0x00001f17) auipc   t5, 0x1
core   0: 3 0x8000b458 (0x00001f17) x30 0x8000c458
core   0: 0x8000b45c (0xba3f2423) sw      gp, -1112(t5)
core   0: 3 0x8000b45c (0xba3f2423) mem 0x8000c000 0x00000001
core   0: 0x8000b460 (0xff9ff06f) j       pc - 0x8
core   0: 3 0x8000b460 (0xff9ff06f)
core   0: 0x8000b458 (0x00001f17) auipc   t5, 0x1
core   0: 3 0x8000b458 (0x00001f17) x30 0x8000c458
core   0: 0x8000b45c (0xba3f2423) sw      gp, -1112(t5)
core   0: 3 0x8000b45c (0xba3f2423) mem 0x8000c000 0x00000001
core   0: 0x8000b460 (0xff9ff06f) j       pc - 0x8
core   0: 3 0x8000b460 (0xff9ff06f)
core   0: 0x8000b458 (0x00001f17) auipc   t5, 0x1
core   0: 3 0x8000b458 (0x00001f17) x30 0x8000c458
core   0: 0x8000b45c (0xba3f2423) sw      gp, -1112(t5)
core   0: 3 0x8000b45c (0xba3f2423) mem 0x8000c000 0x00000001
core   0: 0x8000b460 (0xff9ff06f) j       pc - 0x8
core   0: 3 0x8000b460 (0xff9ff06f)
core   0: 0x8000b458 (0x00001f17) auipc   t5, 0x1
core   0: 3 0x8000b458 (0x00001f17) x30 0x8000c458
core   0: 0x8000b45c (0xba3f2423) sw      gp, -1112(t5)
core   0: 3 0x8000b45c (0xba3f2423) mem 0x8000c000 0x00000001
core   0: 0x8000b460 (0xff9ff06f) j       pc - 0x8
core   0: 3 0x8000b460 (0xff9ff06f)
core   0: 0x8000b458 (0x00001f17) auipc   t5, 0x1
core   0: 3 0x8000b458 (0x00001f17) x30 0x8000c458
core   0: 0x8000b45c (0xba3f2423) sw      gp, -1112(t5)
core   0: 3 0x8000b45c (0xba3f2423) mem 0x8000c000 0x00000001
core   0: 0x8000b460 (0xff9ff06f) j       pc - 0x8
core   0: 3 0x8000b460 (0xff9ff06f)
core   0: 0x8000b458 (0x00001f17) auipc   t5, 0x1
core   0: 3 0x8000b458 (0x00001f17) x30 0x8000c458
core   0: 0x8000b45c (0xba3f2423) sw      gp, -1112(t5)
core   0: 3 0x8000b45c (0xba3f2423) mem 0x8000c000 0x00000001
core   0: 0x8000b460 (0xff9ff06f) j       pc - 0x8
core   0: 3 0x8000b460 (0xff9ff06f)
core   0: 0x8000b458 (0x00001f17) auipc   t5, 0x1
core   0: 3 0x8000b458 (0x00001f17) x30 0x8000c458
core   0: 0x8000b45c (0xba3f2423) sw      gp, -1112(t5)
core   0: 3 0x8000b45c (0xba3f2423) mem 0x8000c000 0x00000001
core   0: 0x8000b460 (0xff9ff06f) j       pc - 0x8
core   0: 3 0x8000b460 (0xff9ff06f)
core   0: 0x8000b458 (0x00001f17) auipc   t5, 0x1
core   0: 3 0x8000b458 (0x00001f17) x30 0x8000c458
core   0: 0x8000b45c (0xba3f2423) sw      gp, -1112(t5)
core   0: 3 0x8000b45c (0xba3f2423) mem 0x8000c000 0x00000001
core   0: 0x8000b460 (0xff9ff06f) j       pc - 0x8
core   0: 3 0x8000b460 (0xff9ff06f)
core   0: 0x8000b458 (0x00001f17) auipc   t5, 0x1
core   0: 3 0x8000b458 (0x00001f17) x30 0x8000c458
core   0: 0x8000b45c (0xba3f2423) sw      gp, -1112(t5)
core   0: 3 0x8000b45c (0xba3f2423) mem 0x8000c000 0x00000001
core   0: 0x8000b460 (0xff9ff06f) j       pc - 0x8
core   0: 3 0x8000b460 (0xff9ff06f)
core   0: 0x8000b458 (0x00001f17) auipc   t5, 0x1
core   0: 3 0x8000b458 (0x00001f17) x30 0x8000c458
core   0: 0x8000b45c (0xba3f2423) sw      gp, -1112(t5)
core   0: 3 0x8000b45c (0xba3f2423) mem 0x8000c000 0x00000001
core   0: 0x8000b460 (0xff9ff06f) j       pc - 0x8
core   0: 3 0x8000b460 (0xff9ff06f)
core   0: 0x8000b458 (0x00001f17) auipc   t5, 0x1
core   0: 3 0x8000b458 (0x00001f17) x30 0x8000c458
core   0: 0x8000b45c (0xba3f2423) sw      gp, -1112(t5)
core   0: 3 0x8000b45c (0xba3f2423) mem 0x8000c000 0x00000001
core   0: 0x8000b460 (0xff9ff06f) j       pc - 0x8
core   0: 3 0x8000b460 (0xff9ff06f)
core   0: 0x8000b458 (0x00001f17) auipc   t5, 0x1
core   0: 3 0x8000b458 (0x00001f17) x30 0x8000c458
core   0: 0x8000b45c (0xba3f2423) sw      gp, -1112(t5)
core   0: 3 0x8000b45c (0xba3f2423) mem 0x8000c000 0x00000001
core   0: 0x8000b460 (0xff9ff06f) j       pc - 0x8
core   0: 3 0x8000b460 (0xff9ff06f)
core   0: 0x8000b458 (0x00001f17) auipc   t5, 0x1
core   0: 3 0x8000b458 (0x00001f17) x30 0x8000c458
core   0: 0x8000b45c (0xba3f2423) sw      gp, -1112(t5)
core   0: 3 0x8000b45c (0xba3f2423) mem 0x8000c000 0x00000001
core   0: 0x8000b460 (0xff9ff06f) j       pc - 0x8
core   0: 3 0x8000b460 (0xff9ff06f)
core   0: 0x8000b458 (0x00001f17) auipc   t5, 0x1
core   0: 3 0x8000b458 (0x00001f17) x30 0x8000c458
core   0: 0x8000b45c (0xba3f2423) sw      gp, -1112(t5)
core   0: 3 0x8000b45c (0xba3f2423) mem 0x8000c000 0x00000001
core   0: 0x8000b460 (0xff9ff06f) j       pc - 0x8
core   0: 3 0x8000b460 (0xff9ff06f)
core   0: 0x8000b458 (0x00001f17) auipc   t5, 0x1
core   0: 3 0x8000b458 (0x00001f17) x30 0x8000c458
core   0: 0x8000b45c (0xba3f2423) sw      gp, -1112(t5)
core   0: 3 0x8000b45c (0xba3f2423) mem 0x8000c000 0x00000001
core   0: 0x8000b460 (0xff9ff06f) j       pc - 0x8
core   0: 3 0x8000b460 (0xff9ff06f)
core   0: 0x8000b458 (0x00001f17) auipc   t5, 0x1
core   0: 3 0x8000b458 (0x00001f17) x30 0x8000c458
core   0: 0x8000b45c (0xba3f2423) sw      gp, -1112(t5)
core   0: 3 0x8000b45c (0xba3f2423) mem 0x8000c000 0x00000001
core   0: 0x8000b460 (0xff9ff06f) j       pc - 0x8
core   0: 3 0x8000b460 (0xff9ff06f)
core   0: 0x8000b458 (0x00001f17) auipc   t5, 0x1
core   0: 3 0x8000b458 (0x00001f17) x30 0x8000c458
core   0: 0x8000b45c (0xba3f2423) sw      gp, -1112(t5)
core   0: 3 0x8000b45c (0xba3f2423) mem 0x8000c000 0x00000001
core   0: 0x8000b460 (0xff9ff06f) j       pc - 0x8
core   0: 3 0x8000b460 (0xff9ff06f)
core   0: 0x8000b458 (0x00001f17) auipc   t5, 0x1
core   0: 3 0x8000b458 (0x00001f17) x30 0x8000c458
core   0: 0x8000b45c (0xba3f2423) sw      gp, -1112(t5)
core   0: 3 0x8000b45c (0xba3f2423) mem 0x8000c000 0x00000001
core   0: 0x8000b460 (0xff9ff06f) j       pc - 0x8
core   0: 3 0x8000b460 (0xff9ff06f)
core   0: 0x8000b458 (0x00001f17) auipc   t5, 0x1
core   0: 3 0x8000b458 (0x00001f17) x30 0x8000c458
core   0: 0x8000b45c (0xba3f2423) sw      gp, -1112(t5)
core   0: 3 0x8000b45c (0xba3f2423) mem 0x8000c000 0x00000001
core   0: 0x8000b460 (0xff9ff06f) j       pc - 0x8
core   0: 3 0x8000b460 (0xff9ff06f)
core   0: 0x8000b458 (0x00001f17) auipc   t5, 0x1
core   0: 3 0x8000b458 (0x00001f17) x30 0x8000c458
core   0: 0x8000b45c (0xba3f2423) sw      gp, -1112(t5)
core   0: 3 0x8000b45c (0xba3f2423) mem 0x8000c000 0x00000001
core   0: 0x8000b460 (0xff9ff06f) j       pc - 0x8
core   0: 3 0x8000b460 (0xff9ff06f)
core   0: 0x8000b458 (0x00001f17) auipc   t5, 0x1
core   0: 3 0x8000b458 (0x00001f17) x30 0x8000c458
core   0: 0x8000b45c (0xba3f2423) sw      gp, -1112(t5)
core   0: 3 0x8000b45c (0xba3f2423) mem 0x8000c000 0x00000001
core   0: 0x8000b460 (0xff9ff06f) j       pc - 0x8
core   0: 3 0x8000b460 (0xff9ff06f)
core   0: 0x8000b458 (0x00001f17) auipc   t5, 0x1
core   0: 3 0x8000b458 (0x00001f17) x30 0x8000c458
core   0: 0x8000b45c (0xba3f2423) sw      gp, -1112(t5)
core   0: 3 0x8000b45c (0xba3f2423) mem 0x8000c000 0x00000001
core   0: 0x8000b460 (0xff9ff06f) j       pc - 0x8
core   0: 3 0x8000b460 (0xff9ff06f)
core   0: 0x8000b458 (0x00001f17) auipc   t5, 0x1
core   0: 3 0x8000b458 (0x00001f17) x30 0x8000c458
core   0: 0x8000b45c (0xba3f2423) sw      gp, -1112(t5)
core   0: 3 0x8000b45c (0xba3f2423) mem 0x8000c000 0x00000001
core   0: 0x8000b460 (0xff9ff06f) j       pc - 0x8
core   0: 3 0x8000b460 (0xff9ff06f)
core   0: 0x8000b458 (0x00001f17) auipc   t5, 0x1
core   0: 3 0x8000b458 (0x00001f17) x30 0x8000c458
core   0: 0x8000b45c (0xba3f2423) sw      gp, -1112(t5)
core   0: 3 0x8000b45c (0xba3f2423) mem 0x8000c000 0x00000001
core   0: 0x8000b460 (0xff9ff06f) j       pc - 0x8
core   0: 3 0x8000b460 (0xff9ff06f)
core   0: 0x8000b458 (0x00001f17) auipc   t5, 0x1
core   0: 3 0x8000b458 (0x00001f17) x30 0x8000c458
core   0: 0x8000b45c (0xba3f2423) sw      gp, -1112(t5)
core   0: 3 0x8000b45c (0xba3f2423) mem 0x8000c000 0x00000001
core   0: 0x8000b460 (0xff9ff06f) j       pc - 0x8
core   0: 3 0x8000b460 (0xff9ff06f)
core   0: 0x8000b458 (0x00001f17) auipc   t5, 0x1
core   0: 3 0x8000b458 (0x00001f17) x30 0x8000c458
core   0: 0x8000b45c (0xba3f2423) sw      gp, -1112(t5)
core   0: 3 0x8000b45c (0xba3f2423) mem 0x8000c000 0x00000001
core   0: 0x8000b460 (0xff9ff06f) j       pc - 0x8
core   0: 3 0x8000b460 (0xff9ff06f)
core   0: 0x8000b458 (0x00001f17) auipc   t5, 0x1
core   0: 3 0x8000b458 (0x00001f17) x30 0x8000c458
core   0: 0x8000b45c (0xba3f2423) sw      gp, -1112(t5)
core   0: 3 0x8000b45c (0xba3f2423) mem 0x8000c000 0x00000001
core   0: 0x8000b460 (0xff9ff06f) j       pc - 0x8
core   0: 3 0x8000b460 (0xff9ff06f)
core   0: 0x8000b458 (0x00001f17) auipc   t5, 0x1
core   0: 3 0x8000b458 (0x00001f17) x30 0x8000c458
core   0: 0x8000b45c (0xba3f2423) sw      gp, -1112(t5)
core   0: 3 0x8000b45c (0xba3f2423) mem 0x8000c000 0x00000001
core   0: 0x8000b460 (0xff9ff06f) j       pc - 0x8
core   0: 3 0x8000b460 (0xff9ff06f)
core   0: 0x8000b458 (0x00001f17) auipc   t5, 0x1
core   0: 3 0x8000b458 (0x00001f17) x30 0x8000c458
core   0: 0x8000b45c (0xba3f2423) sw      gp, -1112(t5)
core   0: 3 0x8000b45c (0xba3f2423) mem 0x8000c000 0x00000001
core   0: 0x8000b460 (0xff9ff06f) j       pc - 0x8
core   0: 3 0x8000b460 (0xff9ff06f)
core   0: 0x8000b458 (0x00001f17) auipc   t5, 0x1
core   0: 3 0x8000b458 (0x00001f17) x30 0x8000c458
core   0: 0x8000b45c (0xba3f2423) sw      gp, -1112(t5)
core   0: 3 0x8000b45c (0xba3f2423) mem 0x8000c000 0x00000001
core   0: 0x8000b460 (0xff9ff06f) j       pc - 0x8
core   0: 3 0x8000b460 (0xff9ff06f)
core   0: 0x8000b458 (0x00001f17) auipc   t5, 0x1
core   0: 3 0x8000b458 (0x00001f17) x30 0x8000c458
core   0: 0x8000b45c (0xba3f2423) sw      gp, -1112(t5)
core   0: 3 0x8000b45c (0xba3f2423) mem 0x8000c000 0x00000001
core   0: 0x8000b460 (0xff9ff06f) j       pc - 0x8
core   0: 3 0x8000b460 (0xff9ff06f)
core   0: 0x8000b458 (0x00001f17) auipc   t5, 0x1
core   0: 3 0x8000b458 (0x00001f17) x30 0x8000c458
core   0: 0x8000b45c (0xba3f2423) sw      gp, -1112(t5)
core   0: 3 0x8000b45c (0xba3f2423) mem 0x8000c000 0x00000001
core   0: 0x8000b460 (0xff9ff06f) j       pc - 0x8
core   0: 3 0x8000b460 (0xff9ff06f)
core   0: 0x8000b458 (0x00001f17) auipc   t5, 0x1
core   0: 3 0x8000b458 (0x00001f17) x30 0x8000c458
core   0: 0x8000b45c (0xba3f2423) sw      gp, -1112(t5)
core   0: 3 0x8000b45c (0xba3f2423) mem 0x8000c000 0x00000001
core   0: 0x8000b460 (0xff9ff06f) j       pc - 0x8
core   0: 3 0x8000b460 (0xff9ff06f)
core   0: 0x8000b458 (0x00001f17) auipc   t5, 0x1
core   0: 3 0x8000b458 (0x00001f17) x30 0x8000c458
core   0: 0x8000b45c (0xba3f2423) sw      gp, -1112(t5)
core   0: 3 0x8000b45c (0xba3f2423) mem 0x8000c000 0x00000001
core   0: 0x8000b460 (0xff9ff06f) j       pc - 0x8
core   0: 3 0x8000b460 (0xff9ff06f)
core   0: 0x8000b458 (0x00001f17) auipc   t5, 0x1
core   0: 3 0x8000b458 (0x00001f17) x30 0x8000c458
core   0: 0x8000b45c (0xba3f2423) sw      gp, -1112(t5)
core   0: 3 0x8000b45c (0xba3f2423) mem 0x8000c000 0x00000001
core   0: 0x8000b460 (0xff9ff06f) j       pc - 0x8
core   0: 3 0x8000b460 (0xff9ff06f)
core   0: 0x8000b458 (0x00001f17) auipc   t5, 0x1
core   0: 3 0x8000b458 (0x00001f17) x30 0x8000c458
core   0: 0x8000b45c (0xba3f2423) sw      gp, -1112(t5)
core   0: 3 0x8000b45c (0xba3f2423) mem 0x8000c000 0x00000001
core   0: 0x8000b460 (0xff9ff06f) j       pc - 0x8
core   0: 3 0x8000b460 (0xff9ff06f)
core   0: 0x8000b458 (0x00001f17) auipc   t5, 0x1
core   0: 3 0x8000b458 (0x00001f17) x30 0x8000c458
core   0: 0x8000b45c (0xba3f2423) sw      gp, -1112(t5)
core   0: 3 0x8000b45c (0xba3f2423) mem 0x8000c000 0x00000001
core   0: 0x8000b460 (0xff9ff06f) j       pc - 0x8
core   0: 3 0x8000b460 (0xff9ff06f)
core   0: 0x8000b458 (0x00001f17) auipc   t5, 0x1
core   0: 3 0x8000b458 (0x00001f17) x30 0x8000c458
core   0: 0x8000b45c (0xba3f2423) sw      gp, -1112(t5)
core   0: 3 0x8000b45c (0xba3f2423) mem 0x8000c000 0x00000001
core   0: 0x8000b460 (0xff9ff06f) j       pc - 0x8
core   0: 3 0x8000b460 (0xff9ff06f)
core   0: 0x8000b458 (0x00001f17) auipc   t5, 0x1
core   0: 3 0x8000b458 (0x00001f17) x30 0x8000c458
core   0: 0x8000b45c (0xba3f2423) sw      gp, -1112(t5)
core   0: 3 0x8000b45c (0xba3f2423) mem 0x8000c000 0x00000001
core   0: 0x8000b460 (0xff9ff06f) j       pc - 0x8
core   0: 3 0x8000b460 (0xff9ff06f)
core   0: 0x8000b458 (0x00001f17) auipc   t5, 0x1
core   0: 3 0x8000b458 (0x00001f17) x30 0x8000c458
core   0: 0x8000b45c (0xba3f2423) sw      gp, -1112(t5)
core   0: 3 0x8000b45c (0xba3f2423) mem 0x8000c000 0x00000001
core   0: 0x8000b460 (0xff9ff06f) j       pc - 0x8
core   0: 3 0x8000b460 (0xff9ff06f)
core   0: 0x8000b458 (0x00001f17) auipc   t5, 0x1
core   0: 3 0x8000b458 (0x00001f17) x30 0x8000c458
core   0: 0x8000b45c (0xba3f2423) sw      gp, -1112(t5)
core   0: 3 0x8000b45c (0xba3f2423) mem 0x8000c000 0x00000001
core   0: 0x8000b460 (0xff9ff06f) j       pc - 0x8
core   0: 3 0x8000b460 (0xff9ff06f)
core   0: 0x8000b458 (0x00001f17) auipc   t5, 0x1
core   0: 3 0x8000b458 (0x00001f17) x30 0x8000c458
core   0: 0x8000b45c (0xba3f2423) sw      gp, -1112(t5)
core   0: 3 0x8000b45c (0xba3f2423) mem 0x8000c000 0x00000001
core   0: 0x8000b460 (0xff9ff06f) j       pc - 0x8
core   0: 3 0x8000b460 (0xff9ff06f)
core   0: 0x8000b458 (0x00001f17) auipc   t5, 0x1
core   0: 3 0x8000b458 (0x00001f17) x30 0x8000c458
core   0: 0x8000b45c (0xba3f2423) sw      gp, -1112(t5)
core   0: 3 0x8000b45c (0xba3f2423) mem 0x8000c000 0x00000001
core   0: 0x8000b460 (0xff9ff06f) j       pc - 0x8
core   0: 3 0x8000b460 (0xff9ff06f)
core   0: 0x8000b458 (0x00001f17) auipc   t5, 0x1
core   0: 3 0x8000b458 (0x00001f17) x30 0x8000c458
core   0: 0x8000b45c (0xba3f2423) sw      gp, -1112(t5)
core   0: 3 0x8000b45c (0xba3f2423) mem 0x8000c000 0x00000001
core   0: 0x8000b460 (0xff9ff06f) j       pc - 0x8
core   0: 3 0x8000b460 (0xff9ff06f)
core   0: 0x8000b458 (0x00001f17) auipc   t5, 0x1
core   0: 3 0x8000b458 (0x00001f17) x30 0x8000c458
core   0: 0x8000b45c (0xba3f2423) sw      gp, -1112(t5)
core   0: 3 0x8000b45c (0xba3f2423) mem 0x8000c000 0x00000001
core   0: 0x8000b460 (0xff9ff06f) j       pc - 0x8
core   0: 3 0x8000b460 (0xff9ff06f)
core   0: 0x8000b458 (0x00001f17) auipc   t5, 0x1
core   0: 3 0x8000b458 (0x00001f17) x30 0x8000c458
core   0: 0x8000b45c (0xba3f2423) sw      gp, -1112(t5)
core   0: 3 0x8000b45c (0xba3f2423) mem 0x8000c000 0x00000001
core   0: 0x8000b460 (0xff9ff06f) j       pc - 0x8
core   0: 3 0x8000b460 (0xff9ff06f)
core   0: 0x8000b458 (0x00001f17) auipc   t5, 0x1
core   0: 3 0x8000b458 (0x00001f17) x30 0x8000c458
core   0: 0x8000b45c (0xba3f2423) sw      gp, -1112(t5)
core   0: 3 0x8000b45c (0xba3f2423) mem 0x8000c000 0x00000001
core   0: 0x8000b460 (0xff9ff06f) j       pc - 0x8
core   0: 3 0x8000b460 (0xff9ff06f)
core   0: 0x8000b458 (0x00001f17) auipc   t5, 0x1
core   0: 3 0x8000b458 (0x00001f17) x30 0x8000c458
core   0: 0x8000b45c (0xba3f2423) sw      gp, -1112(t5)
core   0: 3 0x8000b45c (0xba3f2423) mem 0x8000c000 0x00000001
core   0: 0x8000b460 (0xff9ff06f) j       pc - 0x8
core   0: 3 0x8000b460 (0xff9ff06f)
core   0: 0x8000b458 (0x00001f17) auipc   t5, 0x1
core   0: 3 0x8000b458 (0x00001f17) x30 0x8000c458
core   0: 0x8000b45c (0xba3f2423) sw      gp, -1112(t5)
core   0: 3 0x8000b45c (0xba3f2423) mem 0x8000c000 0x00000001
core   0: 0x8000b460 (0xff9ff06f) j       pc - 0x8
core   0: 3 0x8000b460 (0xff9ff06f)
core   0: 0x8000b458 (0x00001f17) auipc   t5, 0x1
core   0: 3 0x8000b458 (0x00001f17) x30 0x8000c458
core   0: 0x8000b45c (0xba3f2423) sw      gp, -1112(t5)
core   0: 3 0x8000b45c (0xba3f2423) mem 0x8000c000 0x00000001
core   0: 0x8000b460 (0xff9ff06f) j       pc - 0x8
core   0: 3 0x8000b460 (0xff9ff06f)
core   0: 0x8000b458 (0x00001f17) auipc   t5, 0x1
core   0: 3 0x8000b458 (0x00001f17) x30 0x8000c458
core   0: 0x8000b45c (0xba3f2423) sw      gp, -1112(t5)
core   0: 3 0x8000b45c (0xba3f2423) mem 0x8000c000 0x00000001
core   0: 0x8000b460 (0xff9ff06f) j       pc - 0x8
core   0: 3 0x8000b460 (0xff9ff06f)
core   0: 0x8000b458 (0x00001f17) auipc   t5, 0x1
core   0: 3 0x8000b458 (0x00001f17) x30 0x8000c458
core   0: 0x8000b45c (0xba3f2423) sw      gp, -1112(t5)
core   0: 3 0x8000b45c (0xba3f2423) mem 0x8000c000 0x00000001
core   0: 0x8000b460 (0xff9ff06f) j       pc - 0x8
core   0: 3 0x8000b460 (0xff9ff06f)
core   0: 0x8000b458 (0x00001f17) auipc   t5, 0x1
core   0: 3 0x8000b458 (0x00001f17) x30 0x8000c458
core   0: 0x8000b45c (0xba3f2423) sw      gp, -1112(t5)
core   0: 3 0x8000b45c (0xba3f2423) mem 0x8000c000 0x00000001
core   0: 0x8000b460 (0xff9ff06f) j       pc - 0x8
core   0: 3 0x8000b460 (0xff9ff06f)
core   0: 0x8000b458 (0x00001f17) auipc   t5, 0x1
core   0: 3 0x8000b458 (0x00001f17) x30 0x8000c458
core   0: 0x8000b45c (0xba3f2423) sw      gp, -1112(t5)
core   0: 3 0x8000b45c (0xba3f2423) mem 0x8000c000 0x00000001
core   0: 0x8000b460 (0xff9ff06f) j       pc - 0x8
core   0: 3 0x8000b460 (0xff9ff06f)
core   0: 0x8000b458 (0x00001f17) auipc   t5, 0x1
core   0: 3 0x8000b458 (0x00001f17) x30 0x8000c458
core   0: 0x8000b45c (0xba3f2423) sw      gp, -1112(t5)
core   0: 3 0x8000b45c (0xba3f2423) mem 0x8000c000 0x00000001
core   0: 0x8000b460 (0xff9ff06f) j       pc - 0x8
core   0: 3 0x8000b460 (0xff9ff06f)
core   0: 0x8000b458 (0x00001f17) auipc   t5, 0x1
core   0: 3 0x8000b458 (0x00001f17) x30 0x8000c458
core   0: 0x8000b45c (0xba3f2423) sw      gp, -1112(t5)
core   0: 3 0x8000b45c (0xba3f2423) mem 0x8000c000 0x00000001
core   0: 0x8000b460 (0xff9ff06f) j       pc - 0x8
core   0: 3 0x8000b460 (0xff9ff06f)
core   0: 0x8000b458 (0x00001f17) auipc   t5, 0x1
core   0: 3 0x8000b458 (0x00001f17) x30 0x8000c458
core   0: 0x8000b45c (0xba3f2423) sw      gp, -1112(t5)
core   0: 3 0x8000b45c (0xba3f2423) mem 0x8000c000 0x00000001
core   0: 0x8000b460 (0xff9ff06f) j       pc - 0x8
core   0: 3 0x8000b460 (0xff9ff06f)
core   0: 0x8000b458 (0x00001f17) auipc   t5, 0x1
core   0: 3 0x8000b458 (0x00001f17) x30 0x8000c458
core   0: 0x8000b45c (0xba3f2423) sw      gp, -1112(t5)
core   0: 3 0x8000b45c (0xba3f2423) mem 0x8000c000 0x00000001
core   0: 0x8000b460 (0xff9ff06f) j       pc - 0x8
core   0: 3 0x8000b460 (0xff9ff06f)
core   0: 0x8000b458 (0x00001f17) auipc   t5, 0x1
core   0: 3 0x8000b458 (0x00001f17) x30 0x8000c458
core   0: 0x8000b45c (0xba3f2423) sw      gp, -1112(t5)
core   0: 3 0x8000b45c (0xba3f2423) mem 0x8000c000 0x00000001
core   0: 0x8000b460 (0xff9ff06f) j       pc - 0x8
core   0: 3 0x8000b460 (0xff9ff06f)
core   0: 0x8000b458 (0x00001f17) auipc   t5, 0x1
core   0: 3 0x8000b458 (0x00001f17) x30 0x8000c458
core   0: 0x8000b45c (0xba3f2423) sw      gp, -1112(t5)
core   0: 3 0x8000b45c (0xba3f2423) mem 0x8000c000 0x00000001
core   0: 0x8000b460 (0xff9ff06f) j       pc - 0x8
core   0: 3 0x8000b460 (0xff9ff06f)
core   0: 0x8000b458 (0x00001f17) auipc   t5, 0x1
core   0: 3 0x8000b458 (0x00001f17) x30 0x8000c458
core   0: 0x8000b45c (0xba3f2423) sw      gp, -1112(t5)
core   0: 3 0x8000b45c (0xba3f2423) mem 0x8000c000 0x00000001
core   0: 0x8000b460 (0xff9ff06f) j       pc - 0x8
core   0: 3 0x8000b460 (0xff9ff06f)
core   0: 0x8000b458 (0x00001f17) auipc   t5, 0x1
core   0: 3 0x8000b458 (0x00001f17) x30 0x8000c458
core   0: 0x8000b45c (0xba3f2423) sw      gp, -1112(t5)
core   0: 3 0x8000b45c (0xba3f2423) mem 0x8000c000 0x00000001
core   0: 0x8000b460 (0xff9ff06f) j       pc - 0x8
core   0: 3 0x8000b460 (0xff9ff06f)
core   0: 0x8000b458 (0x00001f17) auipc   t5, 0x1
core   0: 3 0x8000b458 (0x00001f17) x30 0x8000c458
core   0: 0x8000b45c (0xba3f2423) sw      gp, -1112(t5)
core   0: 3 0x8000b45c (0xba3f2423) mem 0x8000c000 0x00000001
core   0: 0x8000b460 (0xff9ff06f) j       pc - 0x8
core   0: 3 0x8000b460 (0xff9ff06f)
core   0: 0x8000b458 (0x00001f17) auipc   t5, 0x1
core   0: 3 0x8000b458 (0x00001f17) x30 0x8000c458
core   0: 0x8000b45c (0xba3f2423) sw      gp, -1112(t5)
core   0: 3 0x8000b45c (0xba3f2423) mem 0x8000c000 0x00000001
core   0: 0x8000b460 (0xff9ff06f) j       pc - 0x8
core   0: 3 0x8000b460 (0xff9ff06f)
core   0: 0x8000b458 (0x00001f17) auipc   t5, 0x1
core   0: 3 0x8000b458 (0x00001f17) x30 0x8000c458
core   0: 0x8000b45c (0xba3f2423) sw      gp, -1112(t5)
core   0: 3 0x8000b45c (0xba3f2423) mem 0x8000c000 0x00000001
core   0: 0x8000b460 (0xff9ff06f) j       pc - 0x8
core   0: 3 0x8000b460 (0xff9ff06f)
core   0: 0x8000b458 (0x00001f17) auipc   t5, 0x1
core   0: 3 0x8000b458 (0x00001f17) x30 0x8000c458
core   0: 0x8000b45c (0xba3f2423) sw      gp, -1112(t5)
core   0: 3 0x8000b45c (0xba3f2423) mem 0x8000c000 0x00000001
core   0: 0x8000b460 (0xff9ff06f) j       pc - 0x8
core   0: 3 0x8000b460 (0xff9ff06f)
core   0: 0x8000b458 (0x00001f17) auipc   t5, 0x1
core   0: 3 0x8000b458 (0x00001f17) x30 0x8000c458
core   0: 0x8000b45c (0xba3f2423) sw      gp, -1112(t5)
core   0: 3 0x8000b45c (0xba3f2423) mem 0x8000c000 0x00000001
core   0: 0x8000b460 (0xff9ff06f) j       pc - 0x8
core   0: 3 0x8000b460 (0xff9ff06f)
core   0: 0x8000b458 (0x00001f17) auipc   t5, 0x1
core   0: 3 0x8000b458 (0x00001f17) x30 0x8000c458
core   0: 0x8000b45c (0xba3f2423) sw      gp, -1112(t5)
core   0: 3 0x8000b45c (0xba3f2423) mem 0x8000c000 0x00000001
core   0: 0x8000b460 (0xff9ff06f) j       pc - 0x8
core   0: 3 0x8000b460 (0xff9ff06f)
core   0: 0x8000b458 (0x00001f17) auipc   t5, 0x1
core   0: 3 0x8000b458 (0x00001f17) x30 0x8000c458
core   0: 0x8000b45c (0xba3f2423) sw      gp, -1112(t5)
core   0: 3 0x8000b45c (0xba3f2423) mem 0x8000c000 0x00000001
core   0: 0x8000b460 (0xff9ff06f) j       pc - 0x8
core   0: 3 0x8000b460 (0xff9ff06f)
core   0: 0x8000b458 (0x00001f17) auipc   t5, 0x1
core   0: 3 0x8000b458 (0x00001f17) x30 0x8000c458
core   0: 0x8000b45c (0xba3f2423) sw      gp, -1112(t5)
core   0: 3 0x8000b45c (0xba3f2423) mem 0x8000c000 0x00000001
core   0: 0x8000b460 (0xff9ff06f) j       pc - 0x8
core   0: 3 0x8000b460 (0xff9ff06f)
core   0: 0x8000b458 (0x00001f17) auipc   t5, 0x1
core   0: 3 0x8000b458 (0x00001f17) x30 0x8000c458
core   0: 0x8000b45c (0xba3f2423) sw      gp, -1112(t5)
core   0: 3 0x8000b45c (0xba3f2423) mem 0x8000c000 0x00000001
core   0: 0x8000b460 (0xff9ff06f) j       pc - 0x8
core   0: 3 0x8000b460 (0xff9ff06f)
core   0: 0x8000b458 (0x00001f17) auipc   t5, 0x1
core   0: 3 0x8000b458 (0x00001f17) x30 0x8000c458
core   0: 0x8000b45c (0xba3f2423) sw      gp, -1112(t5)
core   0: 3 0x8000b45c (0xba3f2423) mem 0x8000c000 0x00000001
core   0: 0x8000b460 (0xff9ff06f) j       pc - 0x8
core   0: 3 0x8000b460 (0xff9ff06f)
core   0: 0x8000b458 (0x00001f17) auipc   t5, 0x1
core   0: 3 0x8000b458 (0x00001f17) x30 0x8000c458
core   0: 0x8000b45c (0xba3f2423) sw      gp, -1112(t5)
core   0: 3 0x8000b45c (0xba3f2423) mem 0x8000c000 0x00000001
core   0: 0x8000b460 (0xff9ff06f) j       pc - 0x8
core   0: 3 0x8000b460 (0xff9ff06f)
core   0: 0x8000b458 (0x00001f17) auipc   t5, 0x1
core   0: 3 0x8000b458 (0x00001f17) x30 0x8000c458
core   0: 0x8000b45c (0xba3f2423) sw      gp, -1112(t5)
core   0: 3 0x8000b45c (0xba3f2423) mem 0x8000c000 0x00000001
core   0: 0x8000b460 (0xff9ff06f) j       pc - 0x8
core   0: 3 0x8000b460 (0xff9ff06f)
core   0: 0x8000b458 (0x00001f17) auipc   t5, 0x1
core   0: 3 0x8000b458 (0x00001f17) x30 0x8000c458
core   0: 0x8000b45c (0xba3f2423) sw      gp, -1112(t5)
core   0: 3 0x8000b45c (0xba3f2423) mem 0x8000c000 0x00000001
core   0: 0x8000b460 (0xff9ff06f) j       pc - 0x8
core   0: 3 0x8000b460 (0xff9ff06f)
core   0: 0x8000b458 (0x00001f17) auipc   t5, 0x1
core   0: 3 0x8000b458 (0x00001f17) x30 0x8000c458
core   0: 0x8000b45c (0xba3f2423) sw      gp, -1112(t5)
core   0: 3 0x8000b45c (0xba3f2423) mem 0x8000c000 0x00000001
core   0: 0x8000b460 (0xff9ff06f) j       pc - 0x8
core   0: 3 0x8000b460 (0xff9ff06f)
core   0: 0x8000b458 (0x00001f17) auipc   t5, 0x1
core   0: 3 0x8000b458 (0x00001f17) x30 0x8000c458
core   0: 0x8000b45c (0xba3f2423) sw      gp, -1112(t5)
core   0: 3 0x8000b45c (0xba3f2423) mem 0x8000c000 0x00000001
core   0: 0x8000b460 (0xff9ff06f) j       pc - 0x8
core   0: 3 0x8000b460 (0xff9ff06f)
core   0: 0x8000b458 (0x00001f17) auipc   t5, 0x1
core   0: 3 0x8000b458 (0x00001f17) x30 0x8000c458
core   0: 0x8000b45c (0xba3f2423) sw      gp, -1112(t5)
core   0: 3 0x8000b45c (0xba3f2423) mem 0x8000c000 0x00000001
core   0: 0x8000b460 (0xff9ff06f) j       pc - 0x8
core   0: 3 0x8000b460 (0xff9ff06f)
core   0: 0x8000b458 (0x00001f17) auipc   t5, 0x1
core   0: 3 0x8000b458 (0x00001f17) x30 0x8000c458
core   0: 0x8000b45c (0xba3f2423) sw      gp, -1112(t5)
core   0: 3 0x8000b45c (0xba3f2423) mem 0x8000c000 0x00000001
core   0: 0x8000b460 (0xff9ff06f) j       pc - 0x8
core   0: 3 0x8000b460 (0xff9ff06f)
core   0: 0x8000b458 (0x00001f17) auipc   t5, 0x1
core   0: 3 0x8000b458 (0x00001f17) x30 0x8000c458
core   0: 0x8000b45c (0xba3f2423) sw      gp, -1112(t5)
core   0: 3 0x8000b45c (0xba3f2423) mem 0x8000c000 0x00000001
core   0: 0x8000b460 (0xff9ff06f) j       pc - 0x8
core   0: 3 0x8000b460 (0xff9ff06f)
core   0: 0x8000b458 (0x00001f17) auipc   t5, 0x1
core   0: 3 0x8000b458 (0x00001f17) x30 0x8000c458
core   0: 0x8000b45c (0xba3f2423) sw      gp, -1112(t5)
core   0: 3 0x8000b45c (0xba3f2423) mem 0x8000c000 0x00000001
core   0: 0x8000b460 (0xff9ff06f) j       pc - 0x8
core   0: 3 0x8000b460 (0xff9ff06f)
core   0: 0x8000b458 (0x00001f17) auipc   t5, 0x1
core   0: 3 0x8000b458 (0x00001f17) x30 0x8000c458
core   0: 0x8000b45c (0xba3f2423) sw      gp, -1112(t5)
core   0: 3 0x8000b45c (0xba3f2423) mem 0x8000c000 0x00000001
core   0: 0x8000b460 (0xff9ff06f) j       pc - 0x8
core   0: 3 0x8000b460 (0xff9ff06f)
core   0: 0x8000b458 (0x00001f17) auipc   t5, 0x1
core   0: 3 0x8000b458 (0x00001f17) x30 0x8000c458
core   0: 0x8000b45c (0xba3f2423) sw      gp, -1112(t5)
core   0: 3 0x8000b45c (0xba3f2423) mem 0x8000c000 0x00000001
core   0: 0x8000b460 (0xff9ff06f) j       pc - 0x8
core   0: 3 0x8000b460 (0xff9ff06f)
core   0: 0x8000b458 (0x00001f17) auipc   t5, 0x1
core   0: 3 0x8000b458 (0x00001f17) x30 0x8000c458
core   0: 0x8000b45c (0xba3f2423) sw      gp, -1112(t5)
core   0: 3 0x8000b45c (0xba3f2423) mem 0x8000c000 0x00000001
core   0: 0x8000b460 (0xff9ff06f) j       pc - 0x8
core   0: 3 0x8000b460 (0xff9ff06f)
core   0: 0x8000b458 (0x00001f17) auipc   t5, 0x1
core   0: 3 0x8000b458 (0x00001f17) x30 0x8000c458
core   0: 0x8000b45c (0xba3f2423) sw      gp, -1112(t5)
core   0: 3 0x8000b45c (0xba3f2423) mem 0x8000c000 0x00000001
core   0: 0x8000b460 (0xff9ff06f) j       pc - 0x8
core   0: 3 0x8000b460 (0xff9ff06f)
core   0: 0x8000b458 (0x00001f17) auipc   t5, 0x1
core   0: 3 0x8000b458 (0x00001f17) x30 0x8000c458
core   0: 0x8000b45c (0xba3f2423) sw      gp, -1112(t5)
core   0: 3 0x8000b45c (0xba3f2423) mem 0x8000c000 0x00000001
core   0: 0x8000b460 (0xff9ff06f) j       pc - 0x8
core   0: 3 0x8000b460 (0xff9ff06f)
core   0: 0x8000b458 (0x00001f17) auipc   t5, 0x1
core   0: 3 0x8000b458 (0x00001f17) x30 0x8000c458
core   0: 0x8000b45c (0xba3f2423) sw      gp, -1112(t5)
core   0: 3 0x8000b45c (0xba3f2423) mem 0x8000c000 0x00000001
core   0: 0x8000b460 (0xff9ff06f) j       pc - 0x8
core   0: 3 0x8000b460 (0xff9ff06f)
core   0: 0x8000b458 (0x00001f17) auipc   t5, 0x1
core   0: 3 0x8000b458 (0x00001f17) x30 0x8000c458
core   0: 0x8000b45c (0xba3f2423) sw      gp, -1112(t5)
core   0: 3 0x8000b45c (0xba3f2423) mem 0x8000c000 0x00000001
core   0: 0x8000b460 (0xff9ff06f) j       pc - 0x8
core   0: 3 0x8000b460 (0xff9ff06f)
core   0: 0x8000b458 (0x00001f17) auipc   t5, 0x1
core   0: 3 0x8000b458 (0x00001f17) x30 0x8000c458
core   0: 0x8000b45c (0xba3f2423) sw      gp, -1112(t5)
core   0: 3 0x8000b45c (0xba3f2423) mem 0x8000c000 0x00000001
core   0: 0x8000b460 (0xff9ff06f) j       pc - 0x8
core   0: 3 0x8000b460 (0xff9ff06f)
core   0: 0x8000b458 (0x00001f17) auipc   t5, 0x1
core   0: 3 0x8000b458 (0x00001f17) x30 0x8000c458
core   0: 0x8000b45c (0xba3f2423) sw      gp, -1112(t5)
core   0: 3 0x8000b45c (0xba3f2423) mem 0x8000c000 0x00000001
core   0: 0x8000b460 (0xff9ff06f) j       pc - 0x8
core   0: 3 0x8000b460 (0xff9ff06f)
core   0: 0x8000b458 (0x00001f17) auipc   t5, 0x1
core   0: 3 0x8000b458 (0x00001f17) x30 0x8000c458
core   0: 0x8000b45c (0xba3f2423) sw      gp, -1112(t5)
core   0: 3 0x8000b45c (0xba3f2423) mem 0x8000c000 0x00000001
core   0: 0x8000b460 (0xff9ff06f) j       pc - 0x8
core   0: 3 0x8000b460 (0xff9ff06f)
core   0: 0x8000b458 (0x00001f17) auipc   t5, 0x1
core   0: 3 0x8000b458 (0x00001f17) x30 0x8000c458
core   0: 0x8000b45c (0xba3f2423) sw      gp, -1112(t5)
core   0: 3 0x8000b45c (0xba3f2423) mem 0x8000c000 0x00000001
core   0: 0x8000b460 (0xff9ff06f) j       pc - 0x8
core   0: 3 0x8000b460 (0xff9ff06f)
core   0: 0x8000b458 (0x00001f17) auipc   t5, 0x1
core   0: 3 0x8000b458 (0x00001f17) x30 0x8000c458
core   0: 0x8000b45c (0xba3f2423) sw      gp, -1112(t5)
core   0: 3 0x8000b45c (0xba3f2423) mem 0x8000c000 0x00000001
core   0: 0x8000b460 (0xff9ff06f) j       pc - 0x8
core   0: 3 0x8000b460 (0xff9ff06f)
core   0: 0x8000b458 (0x00001f17) auipc   t5, 0x1
core   0: 3 0x8000b458 (0x00001f17) x30 0x8000c458
core   0: 0x8000b45c (0xba3f2423) sw      gp, -1112(t5)
core   0: 3 0x8000b45c (0xba3f2423) mem 0x8000c000 0x00000001
core   0: 0x8000b460 (0xff9ff06f) j       pc - 0x8
core   0: 3 0x8000b460 (0xff9ff06f)
core   0: 0x8000b458 (0x00001f17) auipc   t5, 0x1
core   0: 3 0x8000b458 (0x00001f17) x30 0x8000c458
core   0: 0x8000b45c (0xba3f2423) sw      gp, -1112(t5)
core   0: 3 0x8000b45c (0xba3f2423) mem 0x8000c000 0x00000001
core   0: 0x8000b460 (0xff9ff06f) j       pc - 0x8
core   0: 3 0x8000b460 (0xff9ff06f)
core   0: 0x8000b458 (0x00001f17) auipc   t5, 0x1
core   0: 3 0x8000b458 (0x00001f17) x30 0x8000c458
core   0: 0x8000b45c (0xba3f2423) sw      gp, -1112(t5)
core   0: 3 0x8000b45c (0xba3f2423) mem 0x8000c000 0x00000001
core   0: 0x8000b460 (0xff9ff06f) j       pc - 0x8
core   0: 3 0x8000b460 (0xff9ff06f)
core   0: 0x8000b458 (0x00001f17) auipc   t5, 0x1
core   0: 3 0x8000b458 (0x00001f17) x30 0x8000c458
core   0: 0x8000b45c (0xba3f2423) sw      gp, -1112(t5)
core   0: 3 0x8000b45c (0xba3f2423) mem 0x8000c000 0x00000001
core   0: 0x8000b460 (0xff9ff06f) j       pc - 0x8
core   0: 3 0x8000b460 (0xff9ff06f)
core   0: 0x8000b458 (0x00001f17) auipc   t5, 0x1
core   0: 3 0x8000b458 (0x00001f17) x30 0x8000c458
core   0: 0x8000b45c (0xba3f2423) sw      gp, -1112(t5)
core   0: 3 0x8000b45c (0xba3f2423) mem 0x8000c000 0x00000001
core   0: 0x8000b460 (0xff9ff06f) j       pc - 0x8
core   0: 3 0x8000b460 (0xff9ff06f)
core   0: 0x8000b458 (0x00001f17) auipc   t5, 0x1
core   0: 3 0x8000b458 (0x00001f17) x30 0x8000c458
core   0: 0x8000b45c (0xba3f2423) sw      gp, -1112(t5)
core   0: 3 0x8000b45c (0xba3f2423) mem 0x8000c000 0x00000001
core   0: 0x8000b460 (0xff9ff06f) j       pc - 0x8
core   0: 3 0x8000b460 (0xff9ff06f)
core   0: 0x8000b458 (0x00001f17) auipc   t5, 0x1
core   0: 3 0x8000b458 (0x00001f17) x30 0x8000c458
core   0: 0x8000b45c (0xba3f2423) sw      gp, -1112(t5)
core   0: 3 0x8000b45c (0xba3f2423) mem 0x8000c000 0x00000001
core   0: 0x8000b460 (0xff9ff06f) j       pc - 0x8
core   0: 3 0x8000b460 (0xff9ff06f)
core   0: 0x8000b458 (0x00001f17) auipc   t5, 0x1
core   0: 3 0x8000b458 (0x00001f17) x30 0x8000c458
core   0: 0x8000b45c (0xba3f2423) sw      gp, -1112(t5)
core   0: 3 0x8000b45c (0xba3f2423) mem 0x8000c000 0x00000001
core   0: 0x8000b460 (0xff9ff06f) j       pc - 0x8
core   0: 3 0x8000b460 (0xff9ff06f)
core   0: 0x8000b458 (0x00001f17) auipc   t5, 0x1
core   0: 3 0x8000b458 (0x00001f17) x30 0x8000c458
core   0: 0x8000b45c (0xba3f2423) sw      gp, -1112(t5)
core   0: 3 0x8000b45c (0xba3f2423) mem 0x8000c000 0x00000001
core   0: 0x8000b460 (0xff9ff06f) j       pc - 0x8
core   0: 3 0x8000b460 (0xff9ff06f)
core   0: 0x8000b458 (0x00001f17) auipc   t5, 0x1
core   0: 3 0x8000b458 (0x00001f17) x30 0x8000c458
core   0: 0x8000b45c (0xba3f2423) sw      gp, -1112(t5)
core   0: 3 0x8000b45c (0xba3f2423) mem 0x8000c000 0x00000001
core   0: 0x8000b460 (0xff9ff06f) j       pc - 0x8
core   0: 3 0x8000b460 (0xff9ff06f)
core   0: 0x8000b458 (0x00001f17) auipc   t5, 0x1
core   0: 3 0x8000b458 (0x00001f17) x30 0x8000c458
core   0: 0x8000b45c (0xba3f2423) sw      gp, -1112(t5)
core   0: 3 0x8000b45c (0xba3f2423) mem 0x8000c000 0x00000001
core   0: 0x8000b460 (0xff9ff06f) j       pc - 0x8
core   0: 3 0x8000b460 (0xff9ff06f)
core   0: 0x8000b458 (0x00001f17) auipc   t5, 0x1
core   0: 3 0x8000b458 (0x00001f17) x30 0x8000c458
core   0: 0x8000b45c (0xba3f2423) sw      gp, -1112(t5)
core   0: 3 0x8000b45c (0xba3f2423) mem 0x8000c000 0x00000001
core   0: 0x8000b460 (0xff9ff06f) j       pc - 0x8
core   0: 3 0x8000b460 (0xff9ff06f)
core   0: 0x8000b458 (0x00001f17) auipc   t5, 0x1
core   0: 3 0x8000b458 (0x00001f17) x30 0x8000c458
core   0: 0x8000b45c (0xba3f2423) sw      gp, -1112(t5)
core   0: 3 0x8000b45c (0xba3f2423) mem 0x8000c000 0x00000001
core   0: 0x8000b460 (0xff9ff06f) j       pc - 0x8
core   0: 3 0x8000b460 (0xff9ff06f)
core   0: 0x8000b458 (0x00001f17) auipc   t5, 0x1
core   0: 3 0x8000b458 (0x00001f17) x30 0x8000c458
core   0: 0x8000b45c (0xba3f2423) sw      gp, -1112(t5)
core   0: 3 0x8000b45c (0xba3f2423) mem 0x8000c000 0x00000001
core   0: 0x8000b460 (0xff9ff06f) j       pc - 0x8
core   0: 3 0x8000b460 (0xff9ff06f)
core   0: 0x8000b458 (0x00001f17) auipc   t5, 0x1
core   0: 3 0x8000b458 (0x00001f17) x30 0x8000c458
core   0: 0x8000b45c (0xba3f2423) sw      gp, -1112(t5)
core   0: 3 0x8000b45c (0xba3f2423) mem 0x8000c000 0x00000001
core   0: 0x8000b460 (0xff9ff06f) j       pc - 0x8
core   0: 3 0x8000b460 (0xff9ff06f)
core   0: 0x8000b458 (0x00001f17) auipc   t5, 0x1
core   0: 3 0x8000b458 (0x00001f17) x30 0x8000c458
core   0: 0x8000b45c (0xba3f2423) sw      gp, -1112(t5)
core   0: 3 0x8000b45c (0xba3f2423) mem 0x8000c000 0x00000001
core   0: 0x8000b460 (0xff9ff06f) j       pc - 0x8
core   0: 3 0x8000b460 (0xff9ff06f)
core   0: 0x8000b458 (0x00001f17) auipc   t5, 0x1
core   0: 3 0x8000b458 (0x00001f17) x30 0x8000c458
core   0: 0x8000b45c (0xba3f2423) sw      gp, -1112(t5)
core   0: 3 0x8000b45c (0xba3f2423) mem 0x8000c000 0x00000001
core   0: 0x8000b460 (0xff9ff06f) j       pc - 0x8
core   0: 3 0x8000b460 (0xff9ff06f)
core   0: 0x8000b458 (0x00001f17) auipc   t5, 0x1
core   0: 3 0x8000b458 (0x00001f17) x30 0x8000c458
core   0: 0x8000b45c (0xba3f2423) sw      gp, -1112(t5)
core   0: 3 0x8000b45c (0xba3f2423) mem 0x8000c000 0x00000001
core   0: 0x8000b460 (0xff9ff06f) j       pc - 0x8
core   0: 3 0x8000b460 (0xff9ff06f)
core   0: 0x8000b458 (0x00001f17) auipc   t5, 0x1
core   0: 3 0x8000b458 (0x00001f17) x30 0x8000c458
core   0: 0x8000b45c (0xba3f2423) sw      gp, -1112(t5)
core   0: 3 0x8000b45c (0xba3f2423) mem 0x8000c000 0x00000001
core   0: 0x8000b460 (0xff9ff06f) j       pc - 0x8
core   0: 3 0x8000b460 (0xff9ff06f)
core   0: 0x8000b458 (0x00001f17) auipc   t5, 0x1
core   0: 3 0x8000b458 (0x00001f17) x30 0x8000c458
core   0: 0x8000b45c (0xba3f2423) sw      gp, -1112(t5)
core   0: 3 0x8000b45c (0xba3f2423) mem 0x8000c000 0x00000001
core   0: 0x8000b460 (0xff9ff06f) j       pc - 0x8
core   0: 3 0x8000b460 (0xff9ff06f)
core   0: 0x8000b458 (0x00001f17) auipc   t5, 0x1
core   0: 3 0x8000b458 (0x00001f17) x30 0x8000c458
core   0: 0x8000b45c (0xba3f2423) sw      gp, -1112(t5)
core   0: 3 0x8000b45c (0xba3f2423) mem 0x8000c000 0x00000001
core   0: 0x8000b460 (0xff9ff06f) j       pc - 0x8
core   0: 3 0x8000b460 (0xff9ff06f)
core   0: 0x8000b458 (0x00001f17) auipc   t5, 0x1
core   0: 3 0x8000b458 (0x00001f17) x30 0x8000c458
core   0: 0x8000b45c (0xba3f2423) sw      gp, -1112(t5)
core   0: 3 0x8000b45c (0xba3f2423) mem 0x8000c000 0x00000001
core   0: 0x8000b460 (0xff9ff06f) j       pc - 0x8
core   0: 3 0x8000b460 (0xff9ff06f)
core   0: 0x8000b458 (0x00001f17) auipc   t5, 0x1
core   0: 3 0x8000b458 (0x00001f17) x30 0x8000c458
core   0: 0x8000b45c (0xba3f2423) sw      gp, -1112(t5)
core   0: 3 0x8000b45c (0xba3f2423) mem 0x8000c000 0x00000001
core   0: 0x8000b460 (0xff9ff06f) j       pc - 0x8
core   0: 3 0x8000b460 (0xff9ff06f)
core   0: 0x8000b458 (0x00001f17) auipc   t5, 0x1
core   0: 3 0x8000b458 (0x00001f17) x30 0x8000c458
core   0: 0x8000b45c (0xba3f2423) sw      gp, -1112(t5)
core   0: 3 0x8000b45c (0xba3f2423) mem 0x8000c000 0x00000001
core   0: 0x8000b460 (0xff9ff06f) j       pc - 0x8
core   0: 3 0x8000b460 (0xff9ff06f)
core   0: 0x8000b458 (0x00001f17) auipc   t5, 0x1
core   0: 3 0x8000b458 (0x00001f17) x30 0x8000c458
core   0: 0x8000b45c (0xba3f2423) sw      gp, -1112(t5)
core   0: 3 0x8000b45c (0xba3f2423) mem 0x8000c000 0x00000001
core   0: 0x8000b460 (0xff9ff06f) j       pc - 0x8
core   0: 3 0x8000b460 (0xff9ff06f)
core   0: 0x8000b458 (0x00001f17) auipc   t5, 0x1
core   0: 3 0x8000b458 (0x00001f17) x30 0x8000c458
core   0: 0x8000b45c (0xba3f2423) sw      gp, -1112(t5)
core   0: 3 0x8000b45c (0xba3f2423) mem 0x8000c000 0x00000001
core   0: 0x8000b460 (0xff9ff06f) j       pc - 0x8
core   0: 3 0x8000b460 (0xff9ff06f)
core   0: 0x8000b458 (0x00001f17) auipc   t5, 0x1
core   0: 3 0x8000b458 (0x00001f17) x30 0x8000c458
core   0: 0x8000b45c (0xba3f2423) sw      gp, -1112(t5)
core   0: 3 0x8000b45c (0xba3f2423) mem 0x8000c000 0x00000001
core   0: 0x8000b460 (0xff9ff06f) j       pc - 0x8
core   0: 3 0x8000b460 (0xff9ff06f)
core   0: 0x8000b458 (0x00001f17) auipc   t5, 0x1
core   0: 3 0x8000b458 (0x00001f17) x30 0x8000c458
core   0: 0x8000b45c (0xba3f2423) sw      gp, -1112(t5)
core   0: 3 0x8000b45c (0xba3f2423) mem 0x8000c000 0x00000001
core   0: 0x8000b460 (0xff9ff06f) j       pc - 0x8
core   0: 3 0x8000b460 (0xff9ff06f)
core   0: 0x8000b458 (0x00001f17) auipc   t5, 0x1
core   0: 3 0x8000b458 (0x00001f17) x30 0x8000c458
core   0: 0x8000b45c (0xba3f2423) sw      gp, -1112(t5)
core   0: 3 0x8000b45c (0xba3f2423) mem 0x8000c000 0x00000001
core   0: 0x8000b460 (0xff9ff06f) j       pc - 0x8
core   0: 3 0x8000b460 (0xff9ff06f)
core   0: 0x8000b458 (0x00001f17) auipc   t5, 0x1
core   0: 3 0x8000b458 (0x00001f17) x30 0x8000c458
core   0: 0x8000b45c (0xba3f2423) sw      gp, -1112(t5)
core   0: 3 0x8000b45c (0xba3f2423) mem 0x8000c000 0x00000001
core   0: 0x8000b460 (0xff9ff06f) j       pc - 0x8
core   0: 3 0x8000b460 (0xff9ff06f)
core   0: 0x8000b458 (0x00001f17) auipc   t5, 0x1
core   0: 3 0x8000b458 (0x00001f17) x30 0x8000c458
core   0: 0x8000b45c (0xba3f2423) sw      gp, -1112(t5)
core   0: 3 0x8000b45c (0xba3f2423) mem 0x8000c000 0x00000001
core   0: 0x8000b460 (0xff9ff06f) j       pc - 0x8
core   0: 3 0x8000b460 (0xff9ff06f)
core   0: 0x8000b458 (0x00001f17) auipc   t5, 0x1
core   0: 3 0x8000b458 (0x00001f17) x30 0x8000c458
core   0: 0x8000b45c (0xba3f2423) sw      gp, -1112(t5)
core   0: 3 0x8000b45c (0xba3f2423) mem 0x8000c000 0x00000001
core   0: 0x8000b460 (0xff9ff06f) j       pc - 0x8
core   0: 3 0x8000b460 (0xff9ff06f)
core   0: 0x8000b458 (0x00001f17) auipc   t5, 0x1
core   0: 3 0x8000b458 (0x00001f17) x30 0x8000c458
core   0: 0x8000b45c (0xba3f2423) sw      gp, -1112(t5)
core   0: 3 0x8000b45c (0xba3f2423) mem 0x8000c000 0x00000001
core   0: 0x8000b460 (0xff9ff06f) j       pc - 0x8
core   0: 3 0x8000b460 (0xff9ff06f)
core   0: 0x8000b458 (0x00001f17) auipc   t5, 0x1
core   0: 3 0x8000b458 (0x00001f17) x30 0x8000c458
core   0: 0x8000b45c (0xba3f2423) sw      gp, -1112(t5)
core   0: 3 0x8000b45c (0xba3f2423) mem 0x8000c000 0x00000001
core   0: 0x8000b460 (0xff9ff06f) j       pc - 0x8
core   0: 3 0x8000b460 (0xff9ff06f)
core   0: 0x8000b458 (0x00001f17) auipc   t5, 0x1
core   0: 3 0x8000b458 (0x00001f17) x30 0x8000c458
core   0: 0x8000b45c (0xba3f2423) sw      gp, -1112(t5)
core   0: 3 0x8000b45c (0xba3f2423) mem 0x8000c000 0x00000001
core   0: 0x8000b460 (0xff9ff06f) j       pc - 0x8
core   0: 3 0x8000b460 (0xff9ff06f)
core   0: 0x8000b458 (0x00001f17) auipc   t5, 0x1
core   0: 3 0x8000b458 (0x00001f17) x30 0x8000c458
core   0: 0x8000b45c (0xba3f2423) sw      gp, -1112(t5)
core   0: 3 0x8000b45c (0xba3f2423) mem 0x8000c000 0x00000001
core   0: 0x8000b460 (0xff9ff06f) j       pc - 0x8
core   0: 3 0x8000b460 (0xff9ff06f)
core   0: 0x8000b458 (0x00001f17) auipc   t5, 0x1
core   0: 3 0x8000b458 (0x00001f17) x30 0x8000c458
core   0: 0x8000b45c (0xba3f2423) sw      gp, -1112(t5)
core   0: 3 0x8000b45c (0xba3f2423) mem 0x8000c000 0x00000001
core   0: 0x8000b460 (0xff9ff06f) j       pc - 0x8
core   0: 3 0x8000b460 (0xff9ff06f)
core   0: 0x8000b458 (0x00001f17) auipc   t5, 0x1
core   0: 3 0x8000b458 (0x00001f17) x30 0x8000c458
core   0: 0x8000b45c (0xba3f2423) sw      gp, -1112(t5)
core   0: 3 0x8000b45c (0xba3f2423) mem 0x8000c000 0x00000001
core   0: 0x8000b460 (0xff9ff06f) j       pc - 0x8
core   0: 3 0x8000b460 (0xff9ff06f)
core   0: 0x8000b458 (0x00001f17) auipc   t5, 0x1
core   0: 3 0x8000b458 (0x00001f17) x30 0x8000c458
core   0: 0x8000b45c (0xba3f2423) sw      gp, -1112(t5)
core   0: 3 0x8000b45c (0xba3f2423) mem 0x8000c000 0x00000001
core   0: 0x8000b460 (0xff9ff06f) j       pc - 0x8
core   0: 3 0x8000b460 (0xff9ff06f)
core   0: 0x8000b458 (0x00001f17) auipc   t5, 0x1
core   0: 3 0x8000b458 (0x00001f17) x30 0x8000c458
core   0: 0x8000b45c (0xba3f2423) sw      gp, -1112(t5)
core   0: 3 0x8000b45c (0xba3f2423) mem 0x8000c000 0x00000001
core   0: 0x8000b460 (0xff9ff06f) j       pc - 0x8
core   0: 3 0x8000b460 (0xff9ff06f)
core   0: 0x8000b458 (0x00001f17) auipc   t5, 0x1
core   0: 3 0x8000b458 (0x00001f17) x30 0x8000c458
core   0: 0x8000b45c (0xba3f2423) sw      gp, -1112(t5)
core   0: 3 0x8000b45c (0xba3f2423) mem 0x8000c000 0x00000001
core   0: 0x8000b460 (0xff9ff06f) j       pc - 0x8
core   0: 3 0x8000b460 (0xff9ff06f)
core   0: 0x8000b458 (0x00001f17) auipc   t5, 0x1
core   0: 3 0x8000b458 (0x00001f17) x30 0x8000c458
core   0: 0x8000b45c (0xba3f2423) sw      gp, -1112(t5)
core   0: 3 0x8000b45c (0xba3f2423) mem 0x8000c000 0x00000001
core   0: 0x8000b460 (0xff9ff06f) j       pc - 0x8
core   0: 3 0x8000b460 (0xff9ff06f)
core   0: 0x8000b458 (0x00001f17) auipc   t5, 0x1
core   0: 3 0x8000b458 (0x00001f17) x30 0x8000c458
core   0: 0x8000b45c (0xba3f2423) sw      gp, -1112(t5)
core   0: 3 0x8000b45c (0xba3f2423) mem 0x8000c000 0x00000001
core   0: 0x8000b460 (0xff9ff06f) j       pc - 0x8
core   0: 3 0x8000b460 (0xff9ff06f)
core   0: 0x8000b458 (0x00001f17) auipc   t5, 0x1
core   0: 3 0x8000b458 (0x00001f17) x30 0x8000c458
core   0: 0x8000b45c (0xba3f2423) sw      gp, -1112(t5)
core   0: 3 0x8000b45c (0xba3f2423) mem 0x8000c000 0x00000001
core   0: 0x8000b460 (0xff9ff06f) j       pc - 0x8
core   0: 3 0x8000b460 (0xff9ff06f)
core   0: 0x8000b458 (0x00001f17) auipc   t5, 0x1
core   0: 3 0x8000b458 (0x00001f17) x30 0x8000c458
core   0: 0x8000b45c (0xba3f2423) sw      gp, -1112(t5)
core   0: 3 0x8000b45c (0xba3f2423) mem 0x8000c000 0x00000001
core   0: 0x8000b460 (0xff9ff06f) j       pc - 0x8
core   0: 3 0x8000b460 (0xff9ff06f)
core   0: 0x8000b458 (0x00001f17) auipc   t5, 0x1
core   0: 3 0x8000b458 (0x00001f17) x30 0x8000c458
core   0: 0x8000b45c (0xba3f2423) sw      gp, -1112(t5)
core   0: 3 0x8000b45c (0xba3f2423) mem 0x8000c000 0x00000001
core   0: 0x8000b460 (0xff9ff06f) j       pc - 0x8
core   0: 3 0x8000b460 (0xff9ff06f)
core   0: 0x8000b458 (0x00001f17) auipc   t5, 0x1
core   0: 3 0x8000b458 (0x00001f17) x30 0x8000c458
core   0: 0x8000b45c (0xba3f2423) sw      gp, -1112(t5)
core   0: 3 0x8000b45c (0xba3f2423) mem 0x8000c000 0x00000001
core   0: 0x8000b460 (0xff9ff06f) j       pc - 0x8
core   0: 3 0x8000b460 (0xff9ff06f)
core   0: 0x8000b458 (0x00001f17) auipc   t5, 0x1
core   0: 3 0x8000b458 (0x00001f17) x30 0x8000c458
core   0: 0x8000b45c (0xba3f2423) sw      gp, -1112(t5)
core   0: 3 0x8000b45c (0xba3f2423) mem 0x8000c000 0x00000001
core   0: 0x8000b460 (0xff9ff06f) j       pc - 0x8
core   0: 3 0x8000b460 (0xff9ff06f)
core   0: 0x8000b458 (0x00001f17) auipc   t5, 0x1
core   0: 3 0x8000b458 (0x00001f17) x30 0x8000c458
core   0: 0x8000b45c (0xba3f2423) sw      gp, -1112(t5)
core   0: 3 0x8000b45c (0xba3f2423) mem 0x8000c000 0x00000001
core   0: 0x8000b460 (0xff9ff06f) j       pc - 0x8
core   0: 3 0x8000b460 (0xff9ff06f)
core   0: 0x8000b458 (0x00001f17) auipc   t5, 0x1
core   0: 3 0x8000b458 (0x00001f17) x30 0x8000c458
core   0: 0x8000b45c (0xba3f2423) sw      gp, -1112(t5)
core   0: 3 0x8000b45c (0xba3f2423) mem 0x8000c000 0x00000001
core   0: 0x8000b460 (0xff9ff06f) j       pc - 0x8
core   0: 3 0x8000b460 (0xff9ff06f)
core   0: 0x8000b458 (0x00001f17) auipc   t5, 0x1
core   0: 3 0x8000b458 (0x00001f17) x30 0x8000c458
core   0: 0x8000b45c (0xba3f2423) sw      gp, -1112(t5)
core   0: 3 0x8000b45c (0xba3f2423) mem 0x8000c000 0x00000001
core   0: 0x8000b460 (0xff9ff06f) j       pc - 0x8
core   0: 3 0x8000b460 (0xff9ff06f)
core   0: 0x8000b458 (0x00001f17) auipc   t5, 0x1
core   0: 3 0x8000b458 (0x00001f17) x30 0x8000c458
core   0: 0x8000b45c (0xba3f2423) sw      gp, -1112(t5)
core   0: 3 0x8000b45c (0xba3f2423) mem 0x8000c000 0x00000001
core   0: 0x8000b460 (0xff9ff06f) j       pc - 0x8
core   0: 3 0x8000b460 (0xff9ff06f)
core   0: 0x8000b458 (0x00001f17) auipc   t5, 0x1
core   0: 3 0x8000b458 (0x00001f17) x30 0x8000c458
core   0: 0x8000b45c (0xba3f2423) sw      gp, -1112(t5)
core   0: 3 0x8000b45c (0xba3f2423) mem 0x8000c000 0x00000001
core   0: 0x8000b460 (0xff9ff06f) j       pc - 0x8
core   0: 3 0x8000b460 (0xff9ff06f)
core   0: 0x8000b458 (0x00001f17) auipc   t5, 0x1
core   0: 3 0x8000b458 (0x00001f17) x30 0x8000c458
core   0: 0x8000b45c (0xba3f2423) sw      gp, -1112(t5)
core   0: 3 0x8000b45c (0xba3f2423) mem 0x8000c000 0x00000001
core   0: 0x8000b460 (0xff9ff06f) j       pc - 0x8
core   0: 3 0x8000b460 (0xff9ff06f)
core   0: 0x8000b458 (0x00001f17) auipc   t5, 0x1
core   0: 3 0x8000b458 (0x00001f17) x30 0x8000c458
core   0: 0x8000b45c (0xba3f2423) sw      gp, -1112(t5)
core   0: 3 0x8000b45c (0xba3f2423) mem 0x8000c000 0x00000001
core   0: 0x8000b460 (0xff9ff06f) j       pc - 0x8
core   0: 3 0x8000b460 (0xff9ff06f)
core   0: 0x8000b458 (0x00001f17) auipc   t5, 0x1
core   0: 3 0x8000b458 (0x00001f17) x30 0x8000c458
core   0: 0x8000b45c (0xba3f2423) sw      gp, -1112(t5)
core   0: 3 0x8000b45c (0xba3f2423) mem 0x8000c000 0x00000001
core   0: 0x8000b460 (0xff9ff06f) j       pc - 0x8
core   0: 3 0x8000b460 (0xff9ff06f)
core   0: 0x8000b458 (0x00001f17) auipc   t5, 0x1
core   0: 3 0x8000b458 (0x00001f17) x30 0x8000c458
core   0: 0x8000b45c (0xba3f2423) sw      gp, -1112(t5)
core   0: 3 0x8000b45c (0xba3f2423) mem 0x8000c000 0x00000001
core   0: 0x8000b460 (0xff9ff06f) j       pc - 0x8
core   0: 3 0x8000b460 (0xff9ff06f)
core   0: 0x8000b458 (0x00001f17) auipc   t5, 0x1
core   0: 3 0x8000b458 (0x00001f17) x30 0x8000c458
core   0: 0x8000b45c (0xba3f2423) sw      gp, -1112(t5)
core   0: 3 0x8000b45c (0xba3f2423) mem 0x8000c000 0x00000001
core   0: 0x8000b460 (0xff9ff06f) j       pc - 0x8
core   0: 3 0x8000b460 (0xff9ff06f)
core   0: 0x8000b458 (0x00001f17) auipc   t5, 0x1
core   0: 3 0x8000b458 (0x00001f17) x30 0x8000c458
core   0: 0x8000b45c (0xba3f2423) sw      gp, -1112(t5)
core   0: 3 0x8000b45c (0xba3f2423) mem 0x8000c000 0x00000001
core   0: 0x8000b460 (0xff9ff06f) j       pc - 0x8
core   0: 3 0x8000b460 (0xff9ff06f)
core   0: 0x8000b458 (0x00001f17) auipc   t5, 0x1
core   0: 3 0x8000b458 (0x00001f17) x30 0x8000c458
core   0: 0x8000b45c (0xba3f2423) sw      gp, -1112(t5)
core   0: 3 0x8000b45c (0xba3f2423) mem 0x8000c000 0x00000001
core   0: 0x8000b460 (0xff9ff06f) j       pc - 0x8
core   0: 3 0x8000b460 (0xff9ff06f)
core   0: 0x8000b458 (0x00001f17) auipc   t5, 0x1
core   0: 3 0x8000b458 (0x00001f17) x30 0x8000c458
core   0: 0x8000b45c (0xba3f2423) sw      gp, -1112(t5)
core   0: 3 0x8000b45c (0xba3f2423) mem 0x8000c000 0x00000001
core   0: 0x8000b460 (0xff9ff06f) j       pc - 0x8
core   0: 3 0x8000b460 (0xff9ff06f)
core   0: 0x8000b458 (0x00001f17) auipc   t5, 0x1
core   0: 3 0x8000b458 (0x00001f17) x30 0x8000c458
core   0: 0x8000b45c (0xba3f2423) sw      gp, -1112(t5)
core   0: 3 0x8000b45c (0xba3f2423) mem 0x8000c000 0x00000001
core   0: 0x8000b460 (0xff9ff06f) j       pc - 0x8
core   0: 3 0x8000b460 (0xff9ff06f)
core   0: 0x8000b458 (0x00001f17) auipc   t5, 0x1
core   0: 3 0x8000b458 (0x00001f17) x30 0x8000c458
core   0: 0x8000b45c (0xba3f2423) sw      gp, -1112(t5)
core   0: 3 0x8000b45c (0xba3f2423) mem 0x8000c000 0x00000001
core   0: 0x8000b460 (0xff9ff06f) j       pc - 0x8
core   0: 3 0x8000b460 (0xff9ff06f)
core   0: 0x8000b458 (0x00001f17) auipc   t5, 0x1
core   0: 3 0x8000b458 (0x00001f17) x30 0x8000c458
core   0: 0x8000b45c (0xba3f2423) sw      gp, -1112(t5)
core   0: 3 0x8000b45c (0xba3f2423) mem 0x8000c000 0x00000001
core   0: 0x8000b460 (0xff9ff06f) j       pc - 0x8
core   0: 3 0x8000b460 (0xff9ff06f)
core   0: 0x8000b458 (0x00001f17) auipc   t5, 0x1
core   0: 3 0x8000b458 (0x00001f17) x30 0x8000c458
core   0: 0x8000b45c (0xba3f2423) sw      gp, -1112(t5)
core   0: 3 0x8000b45c (0xba3f2423) mem 0x8000c000 0x00000001
core   0: 0x8000b460 (0xff9ff06f) j       pc - 0x8
core   0: 3 0x8000b460 (0xff9ff06f)
core   0: 0x8000b458 (0x00001f17) auipc   t5, 0x1
core   0: 3 0x8000b458 (0x00001f17) x30 0x8000c458
core   0: 0x8000b45c (0xba3f2423) sw      gp, -1112(t5)
core   0: 3 0x8000b45c (0xba3f2423) mem 0x8000c000 0x00000001
core   0: 0x8000b460 (0xff9ff06f) j       pc - 0x8
core   0: 3 0x8000b460 (0xff9ff06f)
core   0: 0x8000b458 (0x00001f17) auipc   t5, 0x1
core   0: 3 0x8000b458 (0x00001f17) x30 0x8000c458
core   0: 0x8000b45c (0xba3f2423) sw      gp, -1112(t5)
core   0: 3 0x8000b45c (0xba3f2423) mem 0x8000c000 0x00000001
core   0: 0x8000b460 (0xff9ff06f) j       pc - 0x8
core   0: 3 0x8000b460 (0xff9ff06f)
core   0: 0x8000b458 (0x00001f17) auipc   t5, 0x1
core   0: 3 0x8000b458 (0x00001f17) x30 0x8000c458
core   0: 0x8000b45c (0xba3f2423) sw      gp, -1112(t5)
core   0: 3 0x8000b45c (0xba3f2423) mem 0x8000c000 0x00000001
core   0: 0x8000b460 (0xff9ff06f) j       pc - 0x8
core   0: 3 0x8000b460 (0xff9ff06f)
core   0: 0x8000b458 (0x00001f17) auipc   t5, 0x1
core   0: 3 0x8000b458 (0x00001f17) x30 0x8000c458
core   0: 0x8000b45c (0xba3f2423) sw      gp, -1112(t5)
core   0: 3 0x8000b45c (0xba3f2423) mem 0x8000c000 0x00000001
core   0: 0x8000b460 (0xff9ff06f) j       pc - 0x8
core   0: 3 0x8000b460 (0xff9ff06f)
core   0: 0x8000b458 (0x00001f17) auipc   t5, 0x1
core   0: 3 0x8000b458 (0x00001f17) x30 0x8000c458
core   0: 0x8000b45c (0xba3f2423) sw      gp, -1112(t5)
core   0: 3 0x8000b45c (0xba3f2423) mem 0x8000c000 0x00000001
core   0: 0x8000b460 (0xff9ff06f) j       pc - 0x8
core   0: 3 0x8000b460 (0xff9ff06f)
core   0: 0x8000b458 (0x00001f17) auipc   t5, 0x1
core   0: 3 0x8000b458 (0x00001f17) x30 0x8000c458
core   0: 0x8000b45c (0xba3f2423) sw      gp, -1112(t5)
core   0: 3 0x8000b45c (0xba3f2423) mem 0x8000c000 0x00000001
core   0: 0x8000b460 (0xff9ff06f) j       pc - 0x8
core   0: 3 0x8000b460 (0xff9ff06f)
core   0: 0x8000b458 (0x00001f17) auipc   t5, 0x1
core   0: 3 0x8000b458 (0x00001f17) x30 0x8000c458
core   0: 0x8000b45c (0xba3f2423) sw      gp, -1112(t5)
core   0: 3 0x8000b45c (0xba3f2423) mem 0x8000c000 0x00000001
core   0: 0x8000b460 (0xff9ff06f) j       pc - 0x8
core   0: 3 0x8000b460 (0xff9ff06f)
core   0: 0x8000b458 (0x00001f17) auipc   t5, 0x1
core   0: 3 0x8000b458 (0x00001f17) x30 0x8000c458
core   0: 0x8000b45c (0xba3f2423) sw      gp, -1112(t5)
core   0: 3 0x8000b45c (0xba3f2423) mem 0x8000c000 0x00000001
core   0: 0x8000b460 (0xff9ff06f) j       pc - 0x8
core   0: 3 0x8000b460 (0xff9ff06f)
core   0: 0x8000b458 (0x00001f17) auipc   t5, 0x1
core   0: 3 0x8000b458 (0x00001f17) x30 0x8000c458
core   0: 0x8000b45c (0xba3f2423) sw      gp, -1112(t5)
core   0: 3 0x8000b45c (0xba3f2423) mem 0x8000c000 0x00000001
core   0: 0x8000b460 (0xff9ff06f) j       pc - 0x8
core   0: 3 0x8000b460 (0xff9ff06f)
core   0: 0x8000b458 (0x00001f17) auipc   t5, 0x1
core   0: 3 0x8000b458 (0x00001f17) x30 0x8000c458
core   0: 0x8000b45c (0xba3f2423) sw      gp, -1112(t5)
core   0: 3 0x8000b45c (0xba3f2423) mem 0x8000c000 0x00000001
core   0: 0x8000b460 (0xff9ff06f) j       pc - 0x8
core   0: 3 0x8000b460 (0xff9ff06f)
core   0: 0x8000b458 (0x00001f17) auipc   t5, 0x1
core   0: 3 0x8000b458 (0x00001f17) x30 0x8000c458
core   0: 0x8000b45c (0xba3f2423) sw      gp, -1112(t5)
core   0: 3 0x8000b45c (0xba3f2423) mem 0x8000c000 0x00000001
core   0: 0x8000b460 (0xff9ff06f) j       pc - 0x8
core   0: 3 0x8000b460 (0xff9ff06f)
core   0: 0x8000b458 (0x00001f17) auipc   t5, 0x1
core   0: 3 0x8000b458 (0x00001f17) x30 0x8000c458
core   0: 0x8000b45c (0xba3f2423) sw      gp, -1112(t5)
core   0: 3 0x8000b45c (0xba3f2423) mem 0x8000c000 0x00000001
core   0: 0x8000b460 (0xff9ff06f) j       pc - 0x8
core   0: 3 0x8000b460 (0xff9ff06f)
core   0: 0x8000b458 (0x00001f17) auipc   t5, 0x1
core   0: 3 0x8000b458 (0x00001f17) x30 0x8000c458
core   0: 0x8000b45c (0xba3f2423) sw      gp, -1112(t5)
core   0: 3 0x8000b45c (0xba3f2423) mem 0x8000c000 0x00000001
core   0: 0x8000b460 (0xff9ff06f) j       pc - 0x8
core   0: 3 0x8000b460 (0xff9ff06f)
core   0: 0x8000b458 (0x00001f17) auipc   t5, 0x1
core   0: 3 0x8000b458 (0x00001f17) x30 0x8000c458
core   0: 0x8000b45c (0xba3f2423) sw      gp, -1112(t5)
core   0: 3 0x8000b45c (0xba3f2423) mem 0x8000c000 0x00000001
core   0: 0x8000b460 (0xff9ff06f) j       pc - 0x8
core   0: 3 0x8000b460 (0xff9ff06f)
core   0: 0x8000b458 (0x00001f17) auipc   t5, 0x1
core   0: 3 0x8000b458 (0x00001f17) x30 0x8000c458
core   0: 0x8000b45c (0xba3f2423) sw      gp, -1112(t5)
core   0: 3 0x8000b45c (0xba3f2423) mem 0x8000c000 0x00000001
core   0: 0x8000b460 (0xff9ff06f) j       pc - 0x8
core   0: 3 0x8000b460 (0xff9ff06f)
core   0: 0x8000b458 (0x00001f17) auipc   t5, 0x1
core   0: 3 0x8000b458 (0x00001f17) x30 0x8000c458
core   0: 0x8000b45c (0xba3f2423) sw      gp, -1112(t5)
core   0: 3 0x8000b45c (0xba3f2423) mem 0x8000c000 0x00000001
core   0: 0x8000b460 (0xff9ff06f) j       pc - 0x8
core   0: 3 0x8000b460 (0xff9ff06f)
core   0: 0x8000b458 (0x00001f17) auipc   t5, 0x1
core   0: 3 0x8000b458 (0x00001f17) x30 0x8000c458
core   0: 0x8000b45c (0xba3f2423) sw      gp, -1112(t5)
core   0: 3 0x8000b45c (0xba3f2423) mem 0x8000c000 0x00000001
core   0: 0x8000b460 (0xff9ff06f) j       pc - 0x8
core   0: 3 0x8000b460 (0xff9ff06f)
core   0: 0x8000b458 (0x00001f17) auipc   t5, 0x1
core   0: 3 0x8000b458 (0x00001f17) x30 0x8000c458
core   0: 0x8000b45c (0xba3f2423) sw      gp, -1112(t5)
core   0: 3 0x8000b45c (0xba3f2423) mem 0x8000c000 0x00000001
core   0: 0x8000b460 (0xff9ff06f) j       pc - 0x8
core   0: 3 0x8000b460 (0xff9ff06f)
core   0: 0x8000b458 (0x00001f17) auipc   t5, 0x1
core   0: 3 0x8000b458 (0x00001f17) x30 0x8000c458
core   0: 0x8000b45c (0xba3f2423) sw      gp, -1112(t5)
core   0: 3 0x8000b45c (0xba3f2423) mem 0x8000c000 0x00000001
core   0: 0x8000b460 (0xff9ff06f) j       pc - 0x8
core   0: 3 0x8000b460 (0xff9ff06f)
core   0: 0x8000b458 (0x00001f17) auipc   t5, 0x1
core   0: 3 0x8000b458 (0x00001f17) x30 0x8000c458
core   0: 0x8000b45c (0xba3f2423) sw      gp, -1112(t5)
core   0: 3 0x8000b45c (0xba3f2423) mem 0x8000c000 0x00000001
core   0: 0x8000b460 (0xff9ff06f) j       pc - 0x8
core   0: 3 0x8000b460 (0xff9ff06f)
core   0: 0x8000b458 (0x00001f17) auipc   t5, 0x1
core   0: 3 0x8000b458 (0x00001f17) x30 0x8000c458
core   0: 0x8000b45c (0xba3f2423) sw      gp, -1112(t5)
core   0: 3 0x8000b45c (0xba3f2423) mem 0x8000c000 0x00000001
core   0: 0x8000b460 (0xff9ff06f) j       pc - 0x8
core   0: 3 0x8000b460 (0xff9ff06f)
core   0: 0x8000b458 (0x00001f17) auipc   t5, 0x1
core   0: 3 0x8000b458 (0x00001f17) x30 0x8000c458
core   0: 0x8000b45c (0xba3f2423) sw      gp, -1112(t5)
core   0: 3 0x8000b45c (0xba3f2423) mem 0x8000c000 0x00000001
core   0: 0x8000b460 (0xff9ff06f) j       pc - 0x8
core   0: 3 0x8000b460 (0xff9ff06f)
core   0: 0x8000b458 (0x00001f17) auipc   t5, 0x1
core   0: 3 0x8000b458 (0x00001f17) x30 0x8000c458
core   0: 0x8000b45c (0xba3f2423) sw      gp, -1112(t5)
core   0: 3 0x8000b45c (0xba3f2423) mem 0x8000c000 0x00000001
core   0: 0x8000b460 (0xff9ff06f) j       pc - 0x8
core   0: 3 0x8000b460 (0xff9ff06f)
core   0: 0x8000b458 (0x00001f17) auipc   t5, 0x1
core   0: 3 0x8000b458 (0x00001f17) x30 0x8000c458
core   0: 0x8000b45c (0xba3f2423) sw      gp, -1112(t5)
core   0: 3 0x8000b45c (0xba3f2423) mem 0x8000c000 0x00000001
core   0: 0x8000b460 (0xff9ff06f) j       pc - 0x8
core   0: 3 0x8000b460 (0xff9ff06f)
core   0: 0x8000b458 (0x00001f17) auipc   t5, 0x1
core   0: 3 0x8000b458 (0x00001f17) x30 0x8000c458
core   0: 0x8000b45c (0xba3f2423) sw      gp, -1112(t5)
core   0: 3 0x8000b45c (0xba3f2423) mem 0x8000c000 0x00000001
core   0: 0x8000b460 (0xff9ff06f) j       pc - 0x8
core   0: 3 0x8000b460 (0xff9ff06f)
core   0: 0x8000b458 (0x00001f17) auipc   t5, 0x1
core   0: 3 0x8000b458 (0x00001f17) x30 0x8000c458
core   0: 0x8000b45c (0xba3f2423) sw      gp, -1112(t5)
core   0: 3 0x8000b45c (0xba3f2423) mem 0x8000c000 0x00000001
core   0: 0x8000b460 (0xff9ff06f) j       pc - 0x8
core   0: 3 0x8000b460 (0xff9ff06f)
core   0: 0x8000b458 (0x00001f17) auipc   t5, 0x1
core   0: 3 0x8000b458 (0x00001f17) x30 0x8000c458
core   0: 0x8000b45c (0xba3f2423) sw      gp, -1112(t5)
core   0: 3 0x8000b45c (0xba3f2423) mem 0x8000c000 0x00000001
core   0: 0x8000b460 (0xff9ff06f) j       pc - 0x8
core   0: 3 0x8000b460 (0xff9ff06f)
core   0: 0x8000b458 (0x00001f17) auipc   t5, 0x1
core   0: 3 0x8000b458 (0x00001f17) x30 0x8000c458
core   0: 0x8000b45c (0xba3f2423) sw      gp, -1112(t5)
core   0: 3 0x8000b45c (0xba3f2423) mem 0x8000c000 0x00000001
core   0: 0x8000b460 (0xff9ff06f) j       pc - 0x8
core   0: 3 0x8000b460 (0xff9ff06f)
core   0: 0x8000b458 (0x00001f17) auipc   t5, 0x1
core   0: 3 0x8000b458 (0x00001f17) x30 0x8000c458
core   0: 0x8000b45c (0xba3f2423) sw      gp, -1112(t5)
core   0: 3 0x8000b45c (0xba3f2423) mem 0x8000c000 0x00000001
core   0: 0x8000b460 (0xff9ff06f) j       pc - 0x8
core   0: 3 0x8000b460 (0xff9ff06f)
core   0: 0x8000b458 (0x00001f17) auipc   t5, 0x1
core   0: 3 0x8000b458 (0x00001f17) x30 0x8000c458
core   0: 0x8000b45c (0xba3f2423) sw      gp, -1112(t5)
core   0: 3 0x8000b45c (0xba3f2423) mem 0x8000c000 0x00000001
core   0: 0x8000b460 (0xff9ff06f) j       pc - 0x8
core   0: 3 0x8000b460 (0xff9ff06f)
core   0: 0x8000b458 (0x00001f17) auipc   t5, 0x1
core   0: 3 0x8000b458 (0x00001f17) x30 0x8000c458
core   0: 0x8000b45c (0xba3f2423) sw      gp, -1112(t5)
core   0: 3 0x8000b45c (0xba3f2423) mem 0x8000c000 0x00000001
core   0: 0x8000b460 (0xff9ff06f) j       pc - 0x8
core   0: 3 0x8000b460 (0xff9ff06f)
core   0: 0x8000b458 (0x00001f17) auipc   t5, 0x1
core   0: 3 0x8000b458 (0x00001f17) x30 0x8000c458
core   0: 0x8000b45c (0xba3f2423) sw      gp, -1112(t5)
core   0: 3 0x8000b45c (0xba3f2423) mem 0x8000c000 0x00000001
core   0: 0x8000b460 (0xff9ff06f) j       pc - 0x8
core   0: 3 0x8000b460 (0xff9ff06f)
core   0: 0x8000b458 (0x00001f17) auipc   t5, 0x1
core   0: 3 0x8000b458 (0x00001f17) x30 0x8000c458
core   0: 0x8000b45c (0xba3f2423) sw      gp, -1112(t5)
core   0: 3 0x8000b45c (0xba3f2423) mem 0x8000c000 0x00000001
core   0: 0x8000b460 (0xff9ff06f) j       pc - 0x8
core   0: 3 0x8000b460 (0xff9ff06f)
core   0: 0x8000b458 (0x00001f17) auipc   t5, 0x1
core   0: 3 0x8000b458 (0x00001f17) x30 0x8000c458
core   0: 0x8000b45c (0xba3f2423) sw      gp, -1112(t5)
core   0: 3 0x8000b45c (0xba3f2423) mem 0x8000c000 0x00000001
core   0: 0x8000b460 (0xff9ff06f) j       pc - 0x8
core   0: 3 0x8000b460 (0xff9ff06f)
core   0: 0x8000b458 (0x00001f17) auipc   t5, 0x1
core   0: 3 0x8000b458 (0x00001f17) x30 0x8000c458
core   0: 0x8000b45c (0xba3f2423) sw      gp, -1112(t5)
core   0: 3 0x8000b45c (0xba3f2423) mem 0x8000c000 0x00000001
core   0: 0x8000b460 (0xff9ff06f) j       pc - 0x8
core   0: 3 0x8000b460 (0xff9ff06f)
core   0: 0x8000b458 (0x00001f17) auipc   t5, 0x1
core   0: 3 0x8000b458 (0x00001f17) x30 0x8000c458
core   0: 0x8000b45c (0xba3f2423) sw      gp, -1112(t5)
core   0: 3 0x8000b45c (0xba3f2423) mem 0x8000c000 0x00000001
core   0: 0x8000b460 (0xff9ff06f) j       pc - 0x8
core   0: 3 0x8000b460 (0xff9ff06f)
core   0: 0x8000b458 (0x00001f17) auipc   t5, 0x1
core   0: 3 0x8000b458 (0x00001f17) x30 0x8000c458
core   0: 0x8000b45c (0xba3f2423) sw      gp, -1112(t5)
core   0: 3 0x8000b45c (0xba3f2423) mem 0x8000c000 0x00000001
core   0: 0x8000b460 (0xff9ff06f) j       pc - 0x8
core   0: 3 0x8000b460 (0xff9ff06f)
core   0: 0x8000b458 (0x00001f17) auipc   t5, 0x1
core   0: 3 0x8000b458 (0x00001f17) x30 0x8000c458
core   0: 0x8000b45c (0xba3f2423) sw      gp, -1112(t5)
core   0: 3 0x8000b45c (0xba3f2423) mem 0x8000c000 0x00000001
core   0: 0x8000b460 (0xff9ff06f) j       pc - 0x8
core   0: 3 0x8000b460 (0xff9ff06f)
core   0: 0x8000b458 (0x00001f17) auipc   t5, 0x1
core   0: 3 0x8000b458 (0x00001f17) x30 0x8000c458
core   0: 0x8000b45c (0xba3f2423) sw      gp, -1112(t5)
core   0: 3 0x8000b45c (0xba3f2423) mem 0x8000c000 0x00000001
core   0: 0x8000b460 (0xff9ff06f) j       pc - 0x8
core   0: 3 0x8000b460 (0xff9ff06f)
core   0: 0x8000b458 (0x00001f17) auipc   t5, 0x1
core   0: 3 0x8000b458 (0x00001f17) x30 0x8000c458
core   0: 0x8000b45c (0xba3f2423) sw      gp, -1112(t5)
core   0: 3 0x8000b45c (0xba3f2423) mem 0x8000c000 0x00000001
core   0: 0x8000b460 (0xff9ff06f) j       pc - 0x8
core   0: 3 0x8000b460 (0xff9ff06f)
core   0: 0x8000b458 (0x00001f17) auipc   t5, 0x1
core   0: 3 0x8000b458 (0x00001f17) x30 0x8000c458
core   0: 0x8000b45c (0xba3f2423) sw      gp, -1112(t5)
core   0: 3 0x8000b45c (0xba3f2423) mem 0x8000c000 0x00000001
core   0: 0x8000b460 (0xff9ff06f) j       pc - 0x8
core   0: 3 0x8000b460 (0xff9ff06f)
core   0: 0x8000b458 (0x00001f17) auipc   t5, 0x1
core   0: 3 0x8000b458 (0x00001f17) x30 0x8000c458
core   0: 0x8000b45c (0xba3f2423) sw      gp, -1112(t5)
core   0: 3 0x8000b45c (0xba3f2423) mem 0x8000c000 0x00000001
core   0: 0x8000b460 (0xff9ff06f) j       pc - 0x8
core   0: 3 0x8000b460 (0xff9ff06f)
core   0: 0x8000b458 (0x00001f17) auipc   t5, 0x1
core   0: 3 0x8000b458 (0x00001f17) x30 0x8000c458
core   0: 0x8000b45c (0xba3f2423) sw      gp, -1112(t5)
core   0: 3 0x8000b45c (0xba3f2423) mem 0x8000c000 0x00000001
core   0: 0x8000b460 (0xff9ff06f) j       pc - 0x8
core   0: 3 0x8000b460 (0xff9ff06f)
core   0: 0x8000b458 (0x00001f17) auipc   t5, 0x1
core   0: 3 0x8000b458 (0x00001f17) x30 0x8000c458
core   0: 0x8000b45c (0xba3f2423) sw      gp, -1112(t5)
core   0: 3 0x8000b45c (0xba3f2423) mem 0x8000c000 0x00000001
core   0: 0x8000b460 (0xff9ff06f) j       pc - 0x8
core   0: 3 0x8000b460 (0xff9ff06f)
core   0: 0x8000b458 (0x00001f17) auipc   t5, 0x1
core   0: 3 0x8000b458 (0x00001f17) x30 0x8000c458
core   0: 0x8000b45c (0xba3f2423) sw      gp, -1112(t5)
core   0: 3 0x8000b45c (0xba3f2423) mem 0x8000c000 0x00000001
core   0: 0x8000b460 (0xff9ff06f) j       pc - 0x8
core   0: 3 0x8000b460 (0xff9ff06f)
core   0: 0x8000b458 (0x00001f17) auipc   t5, 0x1
core   0: 3 0x8000b458 (0x00001f17) x30 0x8000c458
core   0: 0x8000b45c (0xba3f2423) sw      gp, -1112(t5)
core   0: 3 0x8000b45c (0xba3f2423) mem 0x8000c000 0x00000001
core   0: 0x8000b460 (0xff9ff06f) j       pc - 0x8
core   0: 3 0x8000b460 (0xff9ff06f)
core   0: 0x8000b458 (0x00001f17) auipc   t5, 0x1
core   0: 3 0x8000b458 (0x00001f17) x30 0x8000c458
core   0: 0x8000b45c (0xba3f2423) sw      gp, -1112(t5)
core   0: 3 0x8000b45c (0xba3f2423) mem 0x8000c000 0x00000001
core   0: 0x8000b460 (0xff9ff06f) j       pc - 0x8
core   0: 3 0x8000b460 (0xff9ff06f)
core   0: 0x8000b458 (0x00001f17) auipc   t5, 0x1
core   0: 3 0x8000b458 (0x00001f17) x30 0x8000c458
core   0: 0x8000b45c (0xba3f2423) sw      gp, -1112(t5)
core   0: 3 0x8000b45c (0xba3f2423) mem 0x8000c000 0x00000001
core   0: 0x8000b460 (0xff9ff06f) j       pc - 0x8
core   0: 3 0x8000b460 (0xff9ff06f)
core   0: 0x8000b458 (0x00001f17) auipc   t5, 0x1
core   0: 3 0x8000b458 (0x00001f17) x30 0x8000c458
core   0: 0x8000b45c (0xba3f2423) sw      gp, -1112(t5)
core   0: 3 0x8000b45c (0xba3f2423) mem 0x8000c000 0x00000001
core   0: 0x8000b460 (0xff9ff06f) j       pc - 0x8
core   0: 3 0x8000b460 (0xff9ff06f)
core   0: 0x8000b458 (0x00001f17) auipc   t5, 0x1
core   0: 3 0x8000b458 (0x00001f17) x30 0x8000c458
core   0: 0x8000b45c (0xba3f2423) sw      gp, -1112(t5)
core   0: 3 0x8000b45c (0xba3f2423) mem 0x8000c000 0x00000001
core   0: 0x8000b460 (0xff9ff06f) j       pc - 0x8
core   0: 3 0x8000b460 (0xff9ff06f)
core   0: 0x8000b458 (0x00001f17) auipc   t5, 0x1
core   0: 3 0x8000b458 (0x00001f17) x30 0x8000c458
core   0: 0x8000b45c (0xba3f2423) sw      gp, -1112(t5)
core   0: 3 0x8000b45c (0xba3f2423) mem 0x8000c000 0x00000001
core   0: 0x8000b460 (0xff9ff06f) j       pc - 0x8
core   0: 3 0x8000b460 (0xff9ff06f)
core   0: 0x8000b458 (0x00001f17) auipc   t5, 0x1
core   0: 3 0x8000b458 (0x00001f17) x30 0x8000c458
core   0: 0x8000b45c (0xba3f2423) sw      gp, -1112(t5)
core   0: 3 0x8000b45c (0xba3f2423) mem 0x8000c000 0x00000001
core   0: 0x8000b460 (0xff9ff06f) j       pc - 0x8
core   0: 3 0x8000b460 (0xff9ff06f)
core   0: 0x8000b458 (0x00001f17) auipc   t5, 0x1
core   0: 3 0x8000b458 (0x00001f17) x30 0x8000c458
core   0: 0x8000b45c (0xba3f2423) sw      gp, -1112(t5)
core   0: 3 0x8000b45c (0xba3f2423) mem 0x8000c000 0x00000001
core   0: 0x8000b460 (0xff9ff06f) j       pc - 0x8
core   0: 3 0x8000b460 (0xff9ff06f)
core   0: 0x8000b458 (0x00001f17) auipc   t5, 0x1
core   0: 3 0x8000b458 (0x00001f17) x30 0x8000c458
core   0: 0x8000b45c (0xba3f2423) sw      gp, -1112(t5)
core   0: 3 0x8000b45c (0xba3f2423) mem 0x8000c000 0x00000001
core   0: 0x8000b460 (0xff9ff06f) j       pc - 0x8
core   0: 3 0x8000b460 (0xff9ff06f)
core   0: 0x8000b458 (0x00001f17) auipc   t5, 0x1
core   0: 3 0x8000b458 (0x00001f17) x30 0x8000c458
core   0: 0x8000b45c (0xba3f2423) sw      gp, -1112(t5)
core   0: 3 0x8000b45c (0xba3f2423) mem 0x8000c000 0x00000001
core   0: 0x8000b460 (0xff9ff06f) j       pc - 0x8
core   0: 3 0x8000b460 (0xff9ff06f)
core   0: 0x8000b458 (0x00001f17) auipc   t5, 0x1
core   0: 3 0x8000b458 (0x00001f17) x30 0x8000c458
core   0: 0x8000b45c (0xba3f2423) sw      gp, -1112(t5)
core   0: 3 0x8000b45c (0xba3f2423) mem 0x8000c000 0x00000001
core   0: 0x8000b460 (0xff9ff06f) j       pc - 0x8
core   0: 3 0x8000b460 (0xff9ff06f)
core   0: 0x8000b458 (0x00001f17) auipc   t5, 0x1
core   0: 3 0x8000b458 (0x00001f17) x30 0x8000c458
core   0: 0x8000b45c (0xba3f2423) sw      gp, -1112(t5)
core   0: 3 0x8000b45c (0xba3f2423) mem 0x8000c000 0x00000001
core   0: 0x8000b460 (0xff9ff06f) j       pc - 0x8
core   0: 3 0x8000b460 (0xff9ff06f)
core   0: 0x8000b458 (0x00001f17) auipc   t5, 0x1
core   0: 3 0x8000b458 (0x00001f17) x30 0x8000c458
core   0: 0x8000b45c (0xba3f2423) sw      gp, -1112(t5)
core   0: 3 0x8000b45c (0xba3f2423) mem 0x8000c000 0x00000001
core   0: 0x8000b460 (0xff9ff06f) j       pc - 0x8
core   0: 3 0x8000b460 (0xff9ff06f)
core   0: 0x8000b458 (0x00001f17) auipc   t5, 0x1
core   0: 3 0x8000b458 (0x00001f17) x30 0x8000c458
core   0: 0x8000b45c (0xba3f2423) sw      gp, -1112(t5)
core   0: 3 0x8000b45c (0xba3f2423) mem 0x8000c000 0x00000001
core   0: 0x8000b460 (0xff9ff06f) j       pc - 0x8
core   0: 3 0x8000b460 (0xff9ff06f)
core   0: 0x8000b458 (0x00001f17) auipc   t5, 0x1
core   0: 3 0x8000b458 (0x00001f17) x30 0x8000c458
core   0: 0x8000b45c (0xba3f2423) sw      gp, -1112(t5)
core   0: 3 0x8000b45c (0xba3f2423) mem 0x8000c000 0x00000001
core   0: 0x8000b460 (0xff9ff06f) j       pc - 0x8
core   0: 3 0x8000b460 (0xff9ff06f)
core   0: 0x8000b458 (0x00001f17) auipc   t5, 0x1
core   0: 3 0x8000b458 (0x00001f17) x30 0x8000c458
core   0: 0x8000b45c (0xba3f2423) sw      gp, -1112(t5)
core   0: 3 0x8000b45c (0xba3f2423) mem 0x8000c000 0x00000001
core   0: 0x8000b460 (0xff9ff06f) j       pc - 0x8
core   0: 3 0x8000b460 (0xff9ff06f)
core   0: 0x8000b458 (0x00001f17) auipc   t5, 0x1
core   0: 3 0x8000b458 (0x00001f17) x30 0x8000c458
core   0: 0x8000b45c (0xba3f2423) sw      gp, -1112(t5)
core   0: 3 0x8000b45c (0xba3f2423) mem 0x8000c000 0x00000001
core   0: 0x8000b460 (0xff9ff06f) j       pc - 0x8
core   0: 3 0x8000b460 (0xff9ff06f)
core   0: 0x8000b458 (0x00001f17) auipc   t5, 0x1
core   0: 3 0x8000b458 (0x00001f17) x30 0x8000c458
core   0: 0x8000b45c (0xba3f2423) sw      gp, -1112(t5)
core   0: 3 0x8000b45c (0xba3f2423) mem 0x8000c000 0x00000001
core   0: 0x8000b460 (0xff9ff06f) j       pc - 0x8
core   0: 3 0x8000b460 (0xff9ff06f)
core   0: 0x8000b458 (0x00001f17) auipc   t5, 0x1
core   0: 3 0x8000b458 (0x00001f17) x30 0x8000c458
core   0: 0x8000b45c (0xba3f2423) sw      gp, -1112(t5)
core   0: 3 0x8000b45c (0xba3f2423) mem 0x8000c000 0x00000001
core   0: 0x8000b460 (0xff9ff06f) j       pc - 0x8
core   0: 3 0x8000b460 (0xff9ff06f)
core   0: 0x8000b458 (0x00001f17) auipc   t5, 0x1
core   0: 3 0x8000b458 (0x00001f17) x30 0x8000c458
core   0: 0x8000b45c (0xba3f2423) sw      gp, -1112(t5)
core   0: 3 0x8000b45c (0xba3f2423) mem 0x8000c000 0x00000001
core   0: 0x8000b460 (0xff9ff06f) j       pc - 0x8
core   0: 3 0x8000b460 (0xff9ff06f)
core   0: 0x8000b458 (0x00001f17) auipc   t5, 0x1
core   0: 3 0x8000b458 (0x00001f17) x30 0x8000c458
core   0: 0x8000b45c (0xba3f2423) sw      gp, -1112(t5)
core   0: 3 0x8000b45c (0xba3f2423) mem 0x8000c000 0x00000001
core   0: 0x8000b460 (0xff9ff06f) j       pc - 0x8
core   0: 3 0x8000b460 (0xff9ff06f)
core   0: 0x8000b458 (0x00001f17) auipc   t5, 0x1
core   0: 3 0x8000b458 (0x00001f17) x30 0x8000c458
core   0: 0x8000b45c (0xba3f2423) sw      gp, -1112(t5)
core   0: 3 0x8000b45c (0xba3f2423) mem 0x8000c000 0x00000001
core   0: 0x8000b460 (0xff9ff06f) j       pc - 0x8
core   0: 3 0x8000b460 (0xff9ff06f)
core   0: 0x8000b458 (0x00001f17) auipc   t5, 0x1
core   0: 3 0x8000b458 (0x00001f17) x30 0x8000c458
core   0: 0x8000b45c (0xba3f2423) sw      gp, -1112(t5)
core   0: 3 0x8000b45c (0xba3f2423) mem 0x8000c000 0x00000001
core   0: 0x8000b460 (0xff9ff06f) j       pc - 0x8
core   0: 3 0x8000b460 (0xff9ff06f)
core   0: 0x8000b458 (0x00001f17) auipc   t5, 0x1
core   0: 3 0x8000b458 (0x00001f17) x30 0x8000c458
core   0: 0x8000b45c (0xba3f2423) sw      gp, -1112(t5)
core   0: 3 0x8000b45c (0xba3f2423) mem 0x8000c000 0x00000001
core   0: 0x8000b460 (0xff9ff06f) j       pc - 0x8
core   0: 3 0x8000b460 (0xff9ff06f)
core   0: 0x8000b458 (0x00001f17) auipc   t5, 0x1
core   0: 3 0x8000b458 (0x00001f17) x30 0x8000c458
core   0: 0x8000b45c (0xba3f2423) sw      gp, -1112(t5)
core   0: 3 0x8000b45c (0xba3f2423) mem 0x8000c000 0x00000001
core   0: 0x8000b460 (0xff9ff06f) j       pc - 0x8
core   0: 3 0x8000b460 (0xff9ff06f)
core   0: 0x8000b458 (0x00001f17) auipc   t5, 0x1
core   0: 3 0x8000b458 (0x00001f17) x30 0x8000c458
core   0: 0x8000b45c (0xba3f2423) sw      gp, -1112(t5)
core   0: 3 0x8000b45c (0xba3f2423) mem 0x8000c000 0x00000001
core   0: 0x8000b460 (0xff9ff06f) j       pc - 0x8
core   0: 3 0x8000b460 (0xff9ff06f)
core   0: 0x8000b458 (0x00001f17) auipc   t5, 0x1
core   0: 3 0x8000b458 (0x00001f17) x30 0x8000c458
core   0: 0x8000b45c (0xba3f2423) sw      gp, -1112(t5)
core   0: 3 0x8000b45c (0xba3f2423) mem 0x8000c000 0x00000001
core   0: 0x8000b460 (0xff9ff06f) j       pc - 0x8
core   0: 3 0x8000b460 (0xff9ff06f)
core   0: 0x8000b458 (0x00001f17) auipc   t5, 0x1
core   0: 3 0x8000b458 (0x00001f17) x30 0x8000c458
core   0: 0x8000b45c (0xba3f2423) sw      gp, -1112(t5)
core   0: 3 0x8000b45c (0xba3f2423) mem 0x8000c000 0x00000001
core   0: 0x8000b460 (0xff9ff06f) j       pc - 0x8
core   0: 3 0x8000b460 (0xff9ff06f)
core   0: 0x8000b458 (0x00001f17) auipc   t5, 0x1
core   0: 3 0x8000b458 (0x00001f17) x30 0x8000c458
core   0: 0x8000b45c (0xba3f2423) sw      gp, -1112(t5)
core   0: 3 0x8000b45c (0xba3f2423) mem 0x8000c000 0x00000001
core   0: 0x8000b460 (0xff9ff06f) j       pc - 0x8
core   0: 3 0x8000b460 (0xff9ff06f)
core   0: 0x8000b458 (0x00001f17) auipc   t5, 0x1
core   0: 3 0x8000b458 (0x00001f17) x30 0x8000c458
core   0: 0x8000b45c (0xba3f2423) sw      gp, -1112(t5)
core   0: 3 0x8000b45c (0xba3f2423) mem 0x8000c000 0x00000001
core   0: 0x8000b460 (0xff9ff06f) j       pc - 0x8
core   0: 3 0x8000b460 (0xff9ff06f)
core   0: 0x8000b458 (0x00001f17) auipc   t5, 0x1
core   0: 3 0x8000b458 (0x00001f17) x30 0x8000c458
core   0: 0x8000b45c (0xba3f2423) sw      gp, -1112(t5)
core   0: 3 0x8000b45c (0xba3f2423) mem 0x8000c000 0x00000001
core   0: 0x8000b460 (0xff9ff06f) j       pc - 0x8
core   0: 3 0x8000b460 (0xff9ff06f)
core   0: 0x8000b458 (0x00001f17) auipc   t5, 0x1
core   0: 3 0x8000b458 (0x00001f17) x30 0x8000c458
core   0: 0x8000b45c (0xba3f2423) sw      gp, -1112(t5)
core   0: 3 0x8000b45c (0xba3f2423) mem 0x8000c000 0x00000001
core   0: 0x8000b460 (0xff9ff06f) j       pc - 0x8
core   0: 3 0x8000b460 (0xff9ff06f)
core   0: 0x8000b458 (0x00001f17) auipc   t5, 0x1
core   0: 3 0x8000b458 (0x00001f17) x30 0x8000c458
core   0: 0x8000b45c (0xba3f2423) sw      gp, -1112(t5)
core   0: 3 0x8000b45c (0xba3f2423) mem 0x8000c000 0x00000001
core   0: 0x8000b460 (0xff9ff06f) j       pc - 0x8
core   0: 3 0x8000b460 (0xff9ff06f)
core   0: 0x8000b458 (0x00001f17) auipc   t5, 0x1
core   0: 3 0x8000b458 (0x00001f17) x30 0x8000c458
core   0: 0x8000b45c (0xba3f2423) sw      gp, -1112(t5)
core   0: 3 0x8000b45c (0xba3f2423) mem 0x8000c000 0x00000001
core   0: 0x8000b460 (0xff9ff06f) j       pc - 0x8
core   0: 3 0x8000b460 (0xff9ff06f)
core   0: 0x8000b458 (0x00001f17) auipc   t5, 0x1
core   0: 3 0x8000b458 (0x00001f17) x30 0x8000c458
core   0: 0x8000b45c (0xba3f2423) sw      gp, -1112(t5)
core   0: 3 0x8000b45c (0xba3f2423) mem 0x8000c000 0x00000001
core   0: 0x8000b460 (0xff9ff06f) j       pc - 0x8
core   0: 3 0x8000b460 (0xff9ff06f)
core   0: 0x8000b458 (0x00001f17) auipc   t5, 0x1
core   0: 3 0x8000b458 (0x00001f17) x30 0x8000c458
core   0: 0x8000b45c (0xba3f2423) sw      gp, -1112(t5)
core   0: 3 0x8000b45c (0xba3f2423) mem 0x8000c000 0x00000001
core   0: 0x8000b460 (0xff9ff06f) j       pc - 0x8
core   0: 3 0x8000b460 (0xff9ff06f)
core   0: 0x8000b458 (0x00001f17) auipc   t5, 0x1
core   0: 3 0x8000b458 (0x00001f17) x30 0x8000c458
core   0: 0x8000b45c (0xba3f2423) sw      gp, -1112(t5)
core   0: 3 0x8000b45c (0xba3f2423) mem 0x8000c000 0x00000001
core   0: 0x8000b460 (0xff9ff06f) j       pc - 0x8
core   0: 3 0x8000b460 (0xff9ff06f)
core   0: 0x8000b458 (0x00001f17) auipc   t5, 0x1
core   0: 3 0x8000b458 (0x00001f17) x30 0x8000c458
core   0: 0x8000b45c (0xba3f2423) sw      gp, -1112(t5)
core   0: 3 0x8000b45c (0xba3f2423) mem 0x8000c000 0x00000001
core   0: 0x8000b460 (0xff9ff06f) j       pc - 0x8
core   0: 3 0x8000b460 (0xff9ff06f)
core   0: 0x8000b458 (0x00001f17) auipc   t5, 0x1
core   0: 3 0x8000b458 (0x00001f17) x30 0x8000c458
core   0: 0x8000b45c (0xba3f2423) sw      gp, -1112(t5)
core   0: 3 0x8000b45c (0xba3f2423) mem 0x8000c000 0x00000001
core   0: 0x8000b460 (0xff9ff06f) j       pc - 0x8
core   0: 3 0x8000b460 (0xff9ff06f)
core   0: 0x8000b458 (0x00001f17) auipc   t5, 0x1
core   0: 3 0x8000b458 (0x00001f17) x30 0x8000c458
core   0: 0x8000b45c (0xba3f2423) sw      gp, -1112(t5)
core   0: 3 0x8000b45c (0xba3f2423) mem 0x8000c000 0x00000001
core   0: 0x8000b460 (0xff9ff06f) j       pc - 0x8
core   0: 3 0x8000b460 (0xff9ff06f)
core   0: 0x8000b458 (0x00001f17) auipc   t5, 0x1
core   0: 3 0x8000b458 (0x00001f17) x30 0x8000c458
core   0: 0x8000b45c (0xba3f2423) sw      gp, -1112(t5)
core   0: 3 0x8000b45c (0xba3f2423) mem 0x8000c000 0x00000001
core   0: 0x8000b460 (0xff9ff06f) j       pc - 0x8
core   0: 3 0x8000b460 (0xff9ff06f)
core   0: 0x8000b458 (0x00001f17) auipc   t5, 0x1
core   0: 3 0x8000b458 (0x00001f17) x30 0x8000c458
core   0: 0x8000b45c (0xba3f2423) sw      gp, -1112(t5)
core   0: 3 0x8000b45c (0xba3f2423) mem 0x8000c000 0x00000001
core   0: 0x8000b460 (0xff9ff06f) j       pc - 0x8
core   0: 3 0x8000b460 (0xff9ff06f)
core   0: 0x8000b458 (0x00001f17) auipc   t5, 0x1
core   0: 3 0x8000b458 (0x00001f17) x30 0x8000c458
core   0: 0x8000b45c (0xba3f2423) sw      gp, -1112(t5)
core   0: 3 0x8000b45c (0xba3f2423) mem 0x8000c000 0x00000001
core   0: 0x8000b460 (0xff9ff06f) j       pc - 0x8
core   0: 3 0x8000b460 (0xff9ff06f)
core   0: 0x8000b458 (0x00001f17) auipc   t5, 0x1
core   0: 3 0x8000b458 (0x00001f17) x30 0x8000c458
core   0: 0x8000b45c (0xba3f2423) sw      gp, -1112(t5)
core   0: 3 0x8000b45c (0xba3f2423) mem 0x8000c000 0x00000001
core   0: 0x8000b460 (0xff9ff06f) j       pc - 0x8
core   0: 3 0x8000b460 (0xff9ff06f)
core   0: 0x8000b458 (0x00001f17) auipc   t5, 0x1
core   0: 3 0x8000b458 (0x00001f17) x30 0x8000c458
core   0: 0x8000b45c (0xba3f2423) sw      gp, -1112(t5)
core   0: 3 0x8000b45c (0xba3f2423) mem 0x8000c000 0x00000001
core   0: 0x8000b460 (0xff9ff06f) j       pc - 0x8
core   0: 3 0x8000b460 (0xff9ff06f)
core   0: 0x8000b458 (0x00001f17) auipc   t5, 0x1
core   0: 3 0x8000b458 (0x00001f17) x30 0x8000c458
core   0: 0x8000b45c (0xba3f2423) sw      gp, -1112(t5)
core   0: 3 0x8000b45c (0xba3f2423) mem 0x8000c000 0x00000001
core   0: 0x8000b460 (0xff9ff06f) j       pc - 0x8
core   0: 3 0x8000b460 (0xff9ff06f)
core   0: 0x8000b458 (0x00001f17) auipc   t5, 0x1
core   0: 3 0x8000b458 (0x00001f17) x30 0x8000c458
core   0: 0x8000b45c (0xba3f2423) sw      gp, -1112(t5)
core   0: 3 0x8000b45c (0xba3f2423) mem 0x8000c000 0x00000001
core   0: 0x8000b460 (0xff9ff06f) j       pc - 0x8
core   0: 3 0x8000b460 (0xff9ff06f)
core   0: 0x8000b458 (0x00001f17) auipc   t5, 0x1
core   0: 3 0x8000b458 (0x00001f17) x30 0x8000c458
core   0: 0x8000b45c (0xba3f2423) sw      gp, -1112(t5)
core   0: 3 0x8000b45c (0xba3f2423) mem 0x8000c000 0x00000001
core   0: 0x8000b460 (0xff9ff06f) j       pc - 0x8
core   0: 3 0x8000b460 (0xff9ff06f)
core   0: 0x8000b458 (0x00001f17) auipc   t5, 0x1
core   0: 3 0x8000b458 (0x00001f17) x30 0x8000c458
core   0: 0x8000b45c (0xba3f2423) sw      gp, -1112(t5)
core   0: 3 0x8000b45c (0xba3f2423) mem 0x8000c000 0x00000001
core   0: 0x8000b460 (0xff9ff06f) j       pc - 0x8
core   0: 3 0x8000b460 (0xff9ff06f)
core   0: 0x8000b458 (0x00001f17) auipc   t5, 0x1
core   0: 3 0x8000b458 (0x00001f17) x30 0x8000c458
core   0: 0x8000b45c (0xba3f2423) sw      gp, -1112(t5)
core   0: 3 0x8000b45c (0xba3f2423) mem 0x8000c000 0x00000001
core   0: 0x8000b460 (0xff9ff06f) j       pc - 0x8
core   0: 3 0x8000b460 (0xff9ff06f)
core   0: 0x8000b458 (0x00001f17) auipc   t5, 0x1
core   0: 3 0x8000b458 (0x00001f17) x30 0x8000c458
core   0: 0x8000b45c (0xba3f2423) sw      gp, -1112(t5)
core   0: 3 0x8000b45c (0xba3f2423) mem 0x8000c000 0x00000001
core   0: 0x8000b460 (0xff9ff06f) j       pc - 0x8
core   0: 3 0x8000b460 (0xff9ff06f)
core   0: 0x8000b458 (0x00001f17) auipc   t5, 0x1
core   0: 3 0x8000b458 (0x00001f17) x30 0x8000c458
core   0: 0x8000b45c (0xba3f2423) sw      gp, -1112(t5)
core   0: 3 0x8000b45c (0xba3f2423) mem 0x8000c000 0x00000001
core   0: 0x8000b460 (0xff9ff06f) j       pc - 0x8
core   0: 3 0x8000b460 (0xff9ff06f)
core   0: 0x8000b458 (0x00001f17) auipc   t5, 0x1
core   0: 3 0x8000b458 (0x00001f17) x30 0x8000c458
core   0: 0x8000b45c (0xba3f2423) sw      gp, -1112(t5)
core   0: 3 0x8000b45c (0xba3f2423) mem 0x8000c000 0x00000001
core   0: 0x8000b460 (0xff9ff06f) j       pc - 0x8
core   0: 3 0x8000b460 (0xff9ff06f)
core   0: 0x8000b458 (0x00001f17) auipc   t5, 0x1
core   0: 3 0x8000b458 (0x00001f17) x30 0x8000c458
core   0: 0x8000b45c (0xba3f2423) sw      gp, -1112(t5)
core   0: 3 0x8000b45c (0xba3f2423) mem 0x8000c000 0x00000001
core   0: 0x8000b460 (0xff9ff06f) j       pc - 0x8
core   0: 3 0x8000b460 (0xff9ff06f)
core   0: 0x8000b458 (0x00001f17) auipc   t5, 0x1
core   0: 3 0x8000b458 (0x00001f17) x30 0x8000c458
core   0: 0x8000b45c (0xba3f2423) sw      gp, -1112(t5)
core   0: 3 0x8000b45c (0xba3f2423) mem 0x8000c000 0x00000001
core   0: 0x8000b460 (0xff9ff06f) j       pc - 0x8
core   0: 3 0x8000b460 (0xff9ff06f)
core   0: 0x8000b458 (0x00001f17) auipc   t5, 0x1
core   0: 3 0x8000b458 (0x00001f17) x30 0x8000c458
core   0: 0x8000b45c (0xba3f2423) sw      gp, -1112(t5)
core   0: 3 0x8000b45c (0xba3f2423) mem 0x8000c000 0x00000001
core   0: 0x8000b460 (0xff9ff06f) j       pc - 0x8
core   0: 3 0x8000b460 (0xff9ff06f)
core   0: 0x8000b458 (0x00001f17) auipc   t5, 0x1
core   0: 3 0x8000b458 (0x00001f17) x30 0x8000c458
core   0: 0x8000b45c (0xba3f2423) sw      gp, -1112(t5)
core   0: 3 0x8000b45c (0xba3f2423) mem 0x8000c000 0x00000001
core   0: 0x8000b460 (0xff9ff06f) j       pc - 0x8
core   0: 3 0x8000b460 (0xff9ff06f)
core   0: 0x8000b458 (0x00001f17) auipc   t5, 0x1
core   0: 3 0x8000b458 (0x00001f17) x30 0x8000c458
core   0: 0x8000b45c (0xba3f2423) sw      gp, -1112(t5)
core   0: 3 0x8000b45c (0xba3f2423) mem 0x8000c000 0x00000001
core   0: 0x8000b460 (0xff9ff06f) j       pc - 0x8
core   0: 3 0x8000b460 (0xff9ff06f)
core   0: 0x8000b458 (0x00001f17) auipc   t5, 0x1
core   0: 3 0x8000b458 (0x00001f17) x30 0x8000c458
core   0: 0x8000b45c (0xba3f2423) sw      gp, -1112(t5)
core   0: 3 0x8000b45c (0xba3f2423) mem 0x8000c000 0x00000001
core   0: 0x8000b460 (0xff9ff06f) j       pc - 0x8
core   0: 3 0x8000b460 (0xff9ff06f)
core   0: 0x8000b458 (0x00001f17) auipc   t5, 0x1
core   0: 3 0x8000b458 (0x00001f17) x30 0x8000c458
core   0: 0x8000b45c (0xba3f2423) sw      gp, -1112(t5)
core   0: 3 0x8000b45c (0xba3f2423) mem 0x8000c000 0x00000001
core   0: 0x8000b460 (0xff9ff06f) j       pc - 0x8
core   0: 3 0x8000b460 (0xff9ff06f)
core   0: 0x8000b458 (0x00001f17) auipc   t5, 0x1
core   0: 3 0x8000b458 (0x00001f17) x30 0x8000c458
core   0: 0x8000b45c (0xba3f2423) sw      gp, -1112(t5)
core   0: 3 0x8000b45c (0xba3f2423) mem 0x8000c000 0x00000001
core   0: 0x8000b460 (0xff9ff06f) j       pc - 0x8
core   0: 3 0x8000b460 (0xff9ff06f)
core   0: 0x8000b458 (0x00001f17) auipc   t5, 0x1
core   0: 3 0x8000b458 (0x00001f17) x30 0x8000c458
core   0: 0x8000b45c (0xba3f2423) sw      gp, -1112(t5)
core   0: 3 0x8000b45c (0xba3f2423) mem 0x8000c000 0x00000001
core   0: 0x8000b460 (0xff9ff06f) j       pc - 0x8
core   0: 3 0x8000b460 (0xff9ff06f)
core   0: 0x8000b458 (0x00001f17) auipc   t5, 0x1
core   0: 3 0x8000b458 (0x00001f17) x30 0x8000c458
core   0: 0x8000b45c (0xba3f2423) sw      gp, -1112(t5)
core   0: 3 0x8000b45c (0xba3f2423) mem 0x8000c000 0x00000001
core   0: 0x8000b460 (0xff9ff06f) j       pc - 0x8
core   0: 3 0x8000b460 (0xff9ff06f)
core   0: 0x8000b458 (0x00001f17) auipc   t5, 0x1
core   0: 3 0x8000b458 (0x00001f17) x30 0x8000c458
core   0: 0x8000b45c (0xba3f2423) sw      gp, -1112(t5)
core   0: 3 0x8000b45c (0xba3f2423) mem 0x8000c000 0x00000001
core   0: 0x8000b460 (0xff9ff06f) j       pc - 0x8
core   0: 3 0x8000b460 (0xff9ff06f)
core   0: 0x8000b458 (0x00001f17) auipc   t5, 0x1
core   0: 3 0x8000b458 (0x00001f17) x30 0x8000c458
core   0: 0x8000b45c (0xba3f2423) sw      gp, -1112(t5)
core   0: 3 0x8000b45c (0xba3f2423) mem 0x8000c000 0x00000001
core   0: 0x8000b460 (0xff9ff06f) j       pc - 0x8
core   0: 3 0x8000b460 (0xff9ff06f)
core   0: 0x8000b458 (0x00001f17) auipc   t5, 0x1
core   0: 3 0x8000b458 (0x00001f17) x30 0x8000c458
core   0: 0x8000b45c (0xba3f2423) sw      gp, -1112(t5)
core   0: 3 0x8000b45c (0xba3f2423) mem 0x8000c000 0x00000001
core   0: 0x8000b460 (0xff9ff06f) j       pc - 0x8
core   0: 3 0x8000b460 (0xff9ff06f)
core   0: 0x8000b458 (0x00001f17) auipc   t5, 0x1
core   0: 3 0x8000b458 (0x00001f17) x30 0x8000c458
core   0: 0x8000b45c (0xba3f2423) sw      gp, -1112(t5)
core   0: 3 0x8000b45c (0xba3f2423) mem 0x8000c000 0x00000001
core   0: 0x8000b460 (0xff9ff06f) j       pc - 0x8
core   0: 3 0x8000b460 (0xff9ff06f)
core   0: 0x8000b458 (0x00001f17) auipc   t5, 0x1
core   0: 3 0x8000b458 (0x00001f17) x30 0x8000c458
core   0: 0x8000b45c (0xba3f2423) sw      gp, -1112(t5)
core   0: 3 0x8000b45c (0xba3f2423) mem 0x8000c000 0x00000001
core   0: 0x8000b460 (0xff9ff06f) j       pc - 0x8
core   0: 3 0x8000b460 (0xff9ff06f)
core   0: 0x8000b458 (0x00001f17) auipc   t5, 0x1
core   0: 3 0x8000b458 (0x00001f17) x30 0x8000c458
core   0: 0x8000b45c (0xba3f2423) sw      gp, -1112(t5)
core   0: 3 0x8000b45c (0xba3f2423) mem 0x8000c000 0x00000001
core   0: 0x8000b460 (0xff9ff06f) j       pc - 0x8
core   0: 3 0x8000b460 (0xff9ff06f)
core   0: 0x8000b458 (0x00001f17) auipc   t5, 0x1
core   0: 3 0x8000b458 (0x00001f17) x30 0x8000c458
core   0: 0x8000b45c (0xba3f2423) sw      gp, -1112(t5)
core   0: 3 0x8000b45c (0xba3f2423) mem 0x8000c000 0x00000001
core   0: 0x8000b460 (0xff9ff06f) j       pc - 0x8
core   0: 3 0x8000b460 (0xff9ff06f)
core   0: 0x8000b458 (0x00001f17) auipc   t5, 0x1
core   0: 3 0x8000b458 (0x00001f17) x30 0x8000c458
core   0: 0x8000b45c (0xba3f2423) sw      gp, -1112(t5)
core   0: 3 0x8000b45c (0xba3f2423) mem 0x8000c000 0x00000001
core   0: 0x8000b460 (0xff9ff06f) j       pc - 0x8
core   0: 3 0x8000b460 (0xff9ff06f)
core   0: 0x8000b458 (0x00001f17) auipc   t5, 0x1
core   0: 3 0x8000b458 (0x00001f17) x30 0x8000c458
core   0: 0x8000b45c (0xba3f2423) sw      gp, -1112(t5)
core   0: 3 0x8000b45c (0xba3f2423) mem 0x8000c000 0x00000001
core   0: 0x8000b460 (0xff9ff06f) j       pc - 0x8
core   0: 3 0x8000b460 (0xff9ff06f)
core   0: 0x8000b458 (0x00001f17) auipc   t5, 0x1
core   0: 3 0x8000b458 (0x00001f17) x30 0x8000c458
core   0: 0x8000b45c (0xba3f2423) sw      gp, -1112(t5)
core   0: 3 0x8000b45c (0xba3f2423) mem 0x8000c000 0x00000001
core   0: 0x8000b460 (0xff9ff06f) j       pc - 0x8
core   0: 3 0x8000b460 (0xff9ff06f)
core   0: 0x8000b458 (0x00001f17) auipc   t5, 0x1
core   0: 3 0x8000b458 (0x00001f17) x30 0x8000c458
core   0: 0x8000b45c (0xba3f2423) sw      gp, -1112(t5)
core   0: 3 0x8000b45c (0xba3f2423) mem 0x8000c000 0x00000001
core   0: 0x8000b460 (0xff9ff06f) j       pc - 0x8
core   0: 3 0x8000b460 (0xff9ff06f)
core   0: 0x8000b458 (0x00001f17) auipc   t5, 0x1
core   0: 3 0x8000b458 (0x00001f17) x30 0x8000c458
core   0: 0x8000b45c (0xba3f2423) sw      gp, -1112(t5)
core   0: 3 0x8000b45c (0xba3f2423) mem 0x8000c000 0x00000001
core   0: 0x8000b460 (0xff9ff06f) j       pc - 0x8
core   0: 3 0x8000b460 (0xff9ff06f)
core   0: 0x8000b458 (0x00001f17) auipc   t5, 0x1
core   0: 3 0x8000b458 (0x00001f17) x30 0x8000c458
core   0: 0x8000b45c (0xba3f2423) sw      gp, -1112(t5)
core   0: 3 0x8000b45c (0xba3f2423) mem 0x8000c000 0x00000001
core   0: 0x8000b460 (0xff9ff06f) j       pc - 0x8
core   0: 3 0x8000b460 (0xff9ff06f)
core   0: 0x8000b458 (0x00001f17) auipc   t5, 0x1
core   0: 3 0x8000b458 (0x00001f17) x30 0x8000c458
core   0: 0x8000b45c (0xba3f2423) sw      gp, -1112(t5)
core   0: 3 0x8000b45c (0xba3f2423) mem 0x8000c000 0x00000001
core   0: 0x8000b460 (0xff9ff06f) j       pc - 0x8
core   0: 3 0x8000b460 (0xff9ff06f)
core   0: 0x8000b458 (0x00001f17) auipc   t5, 0x1
core   0: 3 0x8000b458 (0x00001f17) x30 0x8000c458
core   0: 0x8000b45c (0xba3f2423) sw      gp, -1112(t5)
core   0: 3 0x8000b45c (0xba3f2423) mem 0x8000c000 0x00000001
core   0: 0x8000b460 (0xff9ff06f) j       pc - 0x8
core   0: 3 0x8000b460 (0xff9ff06f)
core   0: 0x8000b458 (0x00001f17) auipc   t5, 0x1
core   0: 3 0x8000b458 (0x00001f17) x30 0x8000c458
core   0: 0x8000b45c (0xba3f2423) sw      gp, -1112(t5)
core   0: 3 0x8000b45c (0xba3f2423) mem 0x8000c000 0x00000001
core   0: 0x8000b460 (0xff9ff06f) j       pc - 0x8
core   0: 3 0x8000b460 (0xff9ff06f)
core   0: 0x8000b458 (0x00001f17) auipc   t5, 0x1
core   0: 3 0x8000b458 (0x00001f17) x30 0x8000c458
core   0: 0x8000b45c (0xba3f2423) sw      gp, -1112(t5)
core   0: 3 0x8000b45c (0xba3f2423) mem 0x8000c000 0x00000001
core   0: 0x8000b460 (0xff9ff06f) j       pc - 0x8
core   0: 3 0x8000b460 (0xff9ff06f)
core   0: 0x8000b458 (0x00001f17) auipc   t5, 0x1
core   0: 3 0x8000b458 (0x00001f17) x30 0x8000c458
core   0: 0x8000b45c (0xba3f2423) sw      gp, -1112(t5)
core   0: 3 0x8000b45c (0xba3f2423) mem 0x8000c000 0x00000001
core   0: 0x8000b460 (0xff9ff06f) j       pc - 0x8
core   0: 3 0x8000b460 (0xff9ff06f)
core   0: 0x8000b458 (0x00001f17) auipc   t5, 0x1
core   0: 3 0x8000b458 (0x00001f17) x30 0x8000c458
core   0: 0x8000b45c (0xba3f2423) sw      gp, -1112(t5)
core   0: 3 0x8000b45c (0xba3f2423) mem 0x8000c000 0x00000001
core   0: 0x8000b460 (0xff9ff06f) j       pc - 0x8
core   0: 3 0x8000b460 (0xff9ff06f)
core   0: 0x8000b458 (0x00001f17) auipc   t5, 0x1
core   0: 3 0x8000b458 (0x00001f17) x30 0x8000c458
core   0: 0x8000b45c (0xba3f2423) sw      gp, -1112(t5)
core   0: 3 0x8000b45c (0xba3f2423) mem 0x8000c000 0x00000001
core   0: 0x8000b460 (0xff9ff06f) j       pc - 0x8
core   0: 3 0x8000b460 (0xff9ff06f)
core   0: 0x8000b458 (0x00001f17) auipc   t5, 0x1
core   0: 3 0x8000b458 (0x00001f17) x30 0x8000c458
core   0: 0x8000b45c (0xba3f2423) sw      gp, -1112(t5)
core   0: 3 0x8000b45c (0xba3f2423) mem 0x8000c000 0x00000001
core   0: 0x8000b460 (0xff9ff06f) j       pc - 0x8
core   0: 3 0x8000b460 (0xff9ff06f)
core   0: 0x8000b458 (0x00001f17) auipc   t5, 0x1
core   0: 3 0x8000b458 (0x00001f17) x30 0x8000c458
core   0: 0x8000b45c (0xba3f2423) sw      gp, -1112(t5)
core   0: 3 0x8000b45c (0xba3f2423) mem 0x8000c000 0x00000001
core   0: 0x8000b460 (0xff9ff06f) j       pc - 0x8
core   0: 3 0x8000b460 (0xff9ff06f)
core   0: 0x8000b458 (0x00001f17) auipc   t5, 0x1
core   0: 3 0x8000b458 (0x00001f17) x30 0x8000c458
core   0: 0x8000b45c (0xba3f2423) sw      gp, -1112(t5)
core   0: 3 0x8000b45c (0xba3f2423) mem 0x8000c000 0x00000001
core   0: 0x8000b460 (0xff9ff06f) j       pc - 0x8
core   0: 3 0x8000b460 (0xff9ff06f)
core   0: 0x8000b458 (0x00001f17) auipc   t5, 0x1
core   0: 3 0x8000b458 (0x00001f17) x30 0x8000c458
core   0: 0x8000b45c (0xba3f2423) sw      gp, -1112(t5)
core   0: 3 0x8000b45c (0xba3f2423) mem 0x8000c000 0x00000001
core   0: 0x8000b460 (0xff9ff06f) j       pc - 0x8
core   0: 3 0x8000b460 (0xff9ff06f)
core   0: 0x8000b458 (0x00001f17) auipc   t5, 0x1
core   0: 3 0x8000b458 (0x00001f17) x30 0x8000c458
core   0: 0x8000b45c (0xba3f2423) sw      gp, -1112(t5)
core   0: 3 0x8000b45c (0xba3f2423) mem 0x8000c000 0x00000001
core   0: 0x8000b460 (0xff9ff06f) j       pc - 0x8
core   0: 3 0x8000b460 (0xff9ff06f)
core   0: 0x8000b458 (0x00001f17) auipc   t5, 0x1
core   0: 3 0x8000b458 (0x00001f17) x30 0x8000c458
core   0: 0x8000b45c (0xba3f2423) sw      gp, -1112(t5)
core   0: 3 0x8000b45c (0xba3f2423) mem 0x8000c000 0x00000001
core   0: 0x8000b460 (0xff9ff06f) j       pc - 0x8
core   0: 3 0x8000b460 (0xff9ff06f)
core   0: 0x8000b458 (0x00001f17) auipc   t5, 0x1
core   0: 3 0x8000b458 (0x00001f17) x30 0x8000c458
core   0: 0x8000b45c (0xba3f2423) sw      gp, -1112(t5)
core   0: 3 0x8000b45c (0xba3f2423) mem 0x8000c000 0x00000001
core   0: 0x8000b460 (0xff9ff06f) j       pc - 0x8
core   0: 3 0x8000b460 (0xff9ff06f)
core   0: 0x8000b458 (0x00001f17) auipc   t5, 0x1
core   0: 3 0x8000b458 (0x00001f17) x30 0x8000c458
core   0: 0x8000b45c (0xba3f2423) sw      gp, -1112(t5)
core   0: 3 0x8000b45c (0xba3f2423) mem 0x8000c000 0x00000001
core   0: 0x8000b460 (0xff9ff06f) j       pc - 0x8
core   0: 3 0x8000b460 (0xff9ff06f)
core   0: 0x8000b458 (0x00001f17) auipc   t5, 0x1
core   0: 3 0x8000b458 (0x00001f17) x30 0x8000c458
core   0: 0x8000b45c (0xba3f2423) sw      gp, -1112(t5)
core   0: 3 0x8000b45c (0xba3f2423) mem 0x8000c000 0x00000001
core   0: 0x8000b460 (0xff9ff06f) j       pc - 0x8
core   0: 3 0x8000b460 (0xff9ff06f)
core   0: 0x8000b458 (0x00001f17) auipc   t5, 0x1
core   0: 3 0x8000b458 (0x00001f17) x30 0x8000c458
core   0: 0x8000b45c (0xba3f2423) sw      gp, -1112(t5)
core   0: 3 0x8000b45c (0xba3f2423) mem 0x8000c000 0x00000001
core   0: 0x8000b460 (0xff9ff06f) j       pc - 0x8
core   0: 3 0x8000b460 (0xff9ff06f)
core   0: 0x8000b458 (0x00001f17) auipc   t5, 0x1
core   0: 3 0x8000b458 (0x00001f17) x30 0x8000c458
core   0: 0x8000b45c (0xba3f2423) sw      gp, -1112(t5)
core   0: 3 0x8000b45c (0xba3f2423) mem 0x8000c000 0x00000001
core   0: 0x8000b460 (0xff9ff06f) j       pc - 0x8
core   0: 3 0x8000b460 (0xff9ff06f)
core   0: 0x8000b458 (0x00001f17) auipc   t5, 0x1
core   0: 3 0x8000b458 (0x00001f17) x30 0x8000c458
core   0: 0x8000b45c (0xba3f2423) sw      gp, -1112(t5)
core   0: 3 0x8000b45c (0xba3f2423) mem 0x8000c000 0x00000001
core   0: 0x8000b460 (0xff9ff06f) j       pc - 0x8
core   0: 3 0x8000b460 (0xff9ff06f)
core   0: 0x8000b458 (0x00001f17) auipc   t5, 0x1
core   0: 3 0x8000b458 (0x00001f17) x30 0x8000c458
core   0: 0x8000b45c (0xba3f2423) sw      gp, -1112(t5)
core   0: 3 0x8000b45c (0xba3f2423) mem 0x8000c000 0x00000001
core   0: 0x8000b460 (0xff9ff06f) j       pc - 0x8
core   0: 3 0x8000b460 (0xff9ff06f)
core   0: 0x8000b458 (0x00001f17) auipc   t5, 0x1
core   0: 3 0x8000b458 (0x00001f17) x30 0x8000c458
core   0: 0x8000b45c (0xba3f2423) sw      gp, -1112(t5)
core   0: 3 0x8000b45c (0xba3f2423) mem 0x8000c000 0x00000001
core   0: 0x8000b460 (0xff9ff06f) j       pc - 0x8
core   0: 3 0x8000b460 (0xff9ff06f)
core   0: 0x8000b458 (0x00001f17) auipc   t5, 0x1
core   0: 3 0x8000b458 (0x00001f17) x30 0x8000c458
core   0: 0x8000b45c (0xba3f2423) sw      gp, -1112(t5)
core   0: 3 0x8000b45c (0xba3f2423) mem 0x8000c000 0x00000001
core   0: 0x8000b460 (0xff9ff06f) j       pc - 0x8
core   0: 3 0x8000b460 (0xff9ff06f)
core   0: 0x8000b458 (0x00001f17) auipc   t5, 0x1
core   0: 3 0x8000b458 (0x00001f17) x30 0x8000c458
core   0: 0x8000b45c (0xba3f2423) sw      gp, -1112(t5)
core   0: 3 0x8000b45c (0xba3f2423) mem 0x8000c000 0x00000001
core   0: 0x8000b460 (0xff9ff06f) j       pc - 0x8
core   0: 3 0x8000b460 (0xff9ff06f)
core   0: 0x8000b458 (0x00001f17) auipc   t5, 0x1
core   0: 3 0x8000b458 (0x00001f17) x30 0x8000c458
core   0: 0x8000b45c (0xba3f2423) sw      gp, -1112(t5)
core   0: 3 0x8000b45c (0xba3f2423) mem 0x8000c000 0x00000001
core   0: 0x8000b460 (0xff9ff06f) j       pc - 0x8
core   0: 3 0x8000b460 (0xff9ff06f)
core   0: 0x8000b458 (0x00001f17) auipc   t5, 0x1
core   0: 3 0x8000b458 (0x00001f17) x30 0x8000c458
core   0: 0x8000b45c (0xba3f2423) sw      gp, -1112(t5)
core   0: 3 0x8000b45c (0xba3f2423) mem 0x8000c000 0x00000001
core   0: 0x8000b460 (0xff9ff06f) j       pc - 0x8
core   0: 3 0x8000b460 (0xff9ff06f)
core   0: 0x8000b458 (0x00001f17) auipc   t5, 0x1
core   0: 3 0x8000b458 (0x00001f17) x30 0x8000c458
core   0: 0x8000b45c (0xba3f2423) sw      gp, -1112(t5)
core   0: 3 0x8000b45c (0xba3f2423) mem 0x8000c000 0x00000001
core   0: 0x8000b460 (0xff9ff06f) j       pc - 0x8
core   0: 3 0x8000b460 (0xff9ff06f)
core   0: 0x8000b458 (0x00001f17) auipc   t5, 0x1
core   0: 3 0x8000b458 (0x00001f17) x30 0x8000c458
core   0: 0x8000b45c (0xba3f2423) sw      gp, -1112(t5)
core   0: 3 0x8000b45c (0xba3f2423) mem 0x8000c000 0x00000001
core   0: 0x8000b460 (0xff9ff06f) j       pc - 0x8
core   0: 3 0x8000b460 (0xff9ff06f)
core   0: 0x8000b458 (0x00001f17) auipc   t5, 0x1
core   0: 3 0x8000b458 (0x00001f17) x30 0x8000c458
core   0: 0x8000b45c (0xba3f2423) sw      gp, -1112(t5)
core   0: 3 0x8000b45c (0xba3f2423) mem 0x8000c000 0x00000001
core   0: 0x8000b460 (0xff9ff06f) j       pc - 0x8
core   0: 3 0x8000b460 (0xff9ff06f)
core   0: 0x8000b458 (0x00001f17) auipc   t5, 0x1
core   0: 3 0x8000b458 (0x00001f17) x30 0x8000c458
core   0: 0x8000b45c (0xba3f2423) sw      gp, -1112(t5)
core   0: 3 0x8000b45c (0xba3f2423) mem 0x8000c000 0x00000001
core   0: 0x8000b460 (0xff9ff06f) j       pc - 0x8
core   0: 3 0x8000b460 (0xff9ff06f)
core   0: 0x8000b458 (0x00001f17) auipc   t5, 0x1
core   0: 3 0x8000b458 (0x00001f17) x30 0x8000c458
core   0: 0x8000b45c (0xba3f2423) sw      gp, -1112(t5)
core   0: 3 0x8000b45c (0xba3f2423) mem 0x8000c000 0x00000001
core   0: 0x8000b460 (0xff9ff06f) j       pc - 0x8
core   0: 3 0x8000b460 (0xff9ff06f)
core   0: 0x8000b458 (0x00001f17) auipc   t5, 0x1
core   0: 3 0x8000b458 (0x00001f17) x30 0x8000c458
core   0: 0x8000b45c (0xba3f2423) sw      gp, -1112(t5)
core   0: 3 0x8000b45c (0xba3f2423) mem 0x8000c000 0x00000001
core   0: 0x8000b460 (0xff9ff06f) j       pc - 0x8
core   0: 3 0x8000b460 (0xff9ff06f)
core   0: 0x8000b458 (0x00001f17) auipc   t5, 0x1
core   0: 3 0x8000b458 (0x00001f17) x30 0x8000c458
core   0: 0x8000b45c (0xba3f2423) sw      gp, -1112(t5)
core   0: 3 0x8000b45c (0xba3f2423) mem 0x8000c000 0x00000001
core   0: 0x8000b460 (0xff9ff06f) j       pc - 0x8
core   0: 3 0x8000b460 (0xff9ff06f)
core   0: 0x8000b458 (0x00001f17) auipc   t5, 0x1
core   0: 3 0x8000b458 (0x00001f17) x30 0x8000c458
core   0: 0x8000b45c (0xba3f2423) sw      gp, -1112(t5)
core   0: 3 0x8000b45c (0xba3f2423) mem 0x8000c000 0x00000001
core   0: 0x8000b460 (0xff9ff06f) j       pc - 0x8
core   0: 3 0x8000b460 (0xff9ff06f)
core   0: 0x8000b458 (0x00001f17) auipc   t5, 0x1
core   0: 3 0x8000b458 (0x00001f17) x30 0x8000c458
core   0: 0x8000b45c (0xba3f2423) sw      gp, -1112(t5)
core   0: 3 0x8000b45c (0xba3f2423) mem 0x8000c000 0x00000001
core   0: 0x8000b460 (0xff9ff06f) j       pc - 0x8
core   0: 3 0x8000b460 (0xff9ff06f)
core   0: 0x8000b458 (0x00001f17) auipc   t5, 0x1
core   0: 3 0x8000b458 (0x00001f17) x30 0x8000c458
core   0: 0x8000b45c (0xba3f2423) sw      gp, -1112(t5)
core   0: 3 0x8000b45c (0xba3f2423) mem 0x8000c000 0x00000001
core   0: 0x8000b460 (0xff9ff06f) j       pc - 0x8
core   0: 3 0x8000b460 (0xff9ff06f)
core   0: 0x8000b458 (0x00001f17) auipc   t5, 0x1
core   0: 3 0x8000b458 (0x00001f17) x30 0x8000c458
core   0: 0x8000b45c (0xba3f2423) sw      gp, -1112(t5)
core   0: 3 0x8000b45c (0xba3f2423) mem 0x8000c000 0x00000001
core   0: 0x8000b460 (0xff9ff06f) j       pc - 0x8
core   0: 3 0x8000b460 (0xff9ff06f)
core   0: 0x8000b458 (0x00001f17) auipc   t5, 0x1
core   0: 3 0x8000b458 (0x00001f17) x30 0x8000c458
core   0: 0x8000b45c (0xba3f2423) sw      gp, -1112(t5)
core   0: 3 0x8000b45c (0xba3f2423) mem 0x8000c000 0x00000001
core   0: 0x8000b460 (0xff9ff06f) j       pc - 0x8
core   0: 3 0x8000b460 (0xff9ff06f)
core   0: 0x8000b458 (0x00001f17) auipc   t5, 0x1
core   0: 3 0x8000b458 (0x00001f17) x30 0x8000c458
core   0: 0x8000b45c (0xba3f2423) sw      gp, -1112(t5)
core   0: 3 0x8000b45c (0xba3f2423) mem 0x8000c000 0x00000001
core   0: 0x8000b460 (0xff9ff06f) j       pc - 0x8
core   0: 3 0x8000b460 (0xff9ff06f)
core   0: 0x8000b458 (0x00001f17) auipc   t5, 0x1
core   0: 3 0x8000b458 (0x00001f17) x30 0x8000c458
core   0: 0x8000b45c (0xba3f2423) sw      gp, -1112(t5)
core   0: 3 0x8000b45c (0xba3f2423) mem 0x8000c000 0x00000001
core   0: 0x8000b460 (0xff9ff06f) j       pc - 0x8
core   0: 3 0x8000b460 (0xff9ff06f)
core   0: 0x8000b458 (0x00001f17) auipc   t5, 0x1
core   0: 3 0x8000b458 (0x00001f17) x30 0x8000c458
core   0: 0x8000b45c (0xba3f2423) sw      gp, -1112(t5)
core   0: 3 0x8000b45c (0xba3f2423) mem 0x8000c000 0x00000001
core   0: 0x8000b460 (0xff9ff06f) j       pc - 0x8
core   0: 3 0x8000b460 (0xff9ff06f)
core   0: 0x8000b458 (0x00001f17) auipc   t5, 0x1
core   0: 3 0x8000b458 (0x00001f17) x30 0x8000c458
core   0: 0x8000b45c (0xba3f2423) sw      gp, -1112(t5)
core   0: 3 0x8000b45c (0xba3f2423) mem 0x8000c000 0x00000001
core   0: 0x8000b460 (0xff9ff06f) j       pc - 0x8
core   0: 3 0x8000b460 (0xff9ff06f)
core   0: 0x8000b458 (0x00001f17) auipc   t5, 0x1
core   0: 3 0x8000b458 (0x00001f17) x30 0x8000c458
core   0: 0x8000b45c (0xba3f2423) sw      gp, -1112(t5)
core   0: 3 0x8000b45c (0xba3f2423) mem 0x8000c000 0x00000001
core   0: 0x8000b460 (0xff9ff06f) j       pc - 0x8
core   0: 3 0x8000b460 (0xff9ff06f)
core   0: 0x8000b458 (0x00001f17) auipc   t5, 0x1
core   0: 3 0x8000b458 (0x00001f17) x30 0x8000c458
core   0: 0x8000b45c (0xba3f2423) sw      gp, -1112(t5)
core   0: 3 0x8000b45c (0xba3f2423) mem 0x8000c000 0x00000001
core   0: 0x8000b460 (0xff9ff06f) j       pc - 0x8
core   0: 3 0x8000b460 (0xff9ff06f)
core   0: 0x8000b458 (0x00001f17) auipc   t5, 0x1
core   0: 3 0x8000b458 (0x00001f17) x30 0x8000c458
core   0: 0x8000b45c (0xba3f2423) sw      gp, -1112(t5)
core   0: 3 0x8000b45c (0xba3f2423) mem 0x8000c000 0x00000001
core   0: 0x8000b460 (0xff9ff06f) j       pc - 0x8
core   0: 3 0x8000b460 (0xff9ff06f)
core   0: 0x8000b458 (0x00001f17) auipc   t5, 0x1
core   0: 3 0x8000b458 (0x00001f17) x30 0x8000c458
core   0: 0x8000b45c (0xba3f2423) sw      gp, -1112(t5)
core   0: 3 0x8000b45c (0xba3f2423) mem 0x8000c000 0x00000001
core   0: 0x8000b460 (0xff9ff06f) j       pc - 0x8
core   0: 3 0x8000b460 (0xff9ff06f)
core   0: 0x8000b458 (0x00001f17) auipc   t5, 0x1
core   0: 3 0x8000b458 (0x00001f17) x30 0x8000c458
core   0: 0x8000b45c (0xba3f2423) sw      gp, -1112(t5)
core   0: 3 0x8000b45c (0xba3f2423) mem 0x8000c000 0x00000001
core   0: 0x8000b460 (0xff9ff06f) j       pc - 0x8
core   0: 3 0x8000b460 (0xff9ff06f)
core   0: 0x8000b458 (0x00001f17) auipc   t5, 0x1
core   0: 3 0x8000b458 (0x00001f17) x30 0x8000c458
core   0: 0x8000b45c (0xba3f2423) sw      gp, -1112(t5)
core   0: 3 0x8000b45c (0xba3f2423) mem 0x8000c000 0x00000001
core   0: 0x8000b460 (0xff9ff06f) j       pc - 0x8
core   0: 3 0x8000b460 (0xff9ff06f)
core   0: 0x8000b458 (0x00001f17) auipc   t5, 0x1
core   0: 3 0x8000b458 (0x00001f17) x30 0x8000c458
core   0: 0x8000b45c (0xba3f2423) sw      gp, -1112(t5)
core   0: 3 0x8000b45c (0xba3f2423) mem 0x8000c000 0x00000001
core   0: 0x8000b460 (0xff9ff06f) j       pc - 0x8
core   0: 3 0x8000b460 (0xff9ff06f)
core   0: 0x8000b458 (0x00001f17) auipc   t5, 0x1
core   0: 3 0x8000b458 (0x00001f17) x30 0x8000c458
core   0: 0x8000b45c (0xba3f2423) sw      gp, -1112(t5)
core   0: 3 0x8000b45c (0xba3f2423) mem 0x8000c000 0x00000001
core   0: 0x8000b460 (0xff9ff06f) j       pc - 0x8
core   0: 3 0x8000b460 (0xff9ff06f)
core   0: 0x8000b458 (0x00001f17) auipc   t5, 0x1
core   0: 3 0x8000b458 (0x00001f17) x30 0x8000c458
core   0: 0x8000b45c (0xba3f2423) sw      gp, -1112(t5)
core   0: 3 0x8000b45c (0xba3f2423) mem 0x8000c000 0x00000001
core   0: 0x8000b460 (0xff9ff06f) j       pc - 0x8
core   0: 3 0x8000b460 (0xff9ff06f)
core   0: 0x8000b458 (0x00001f17) auipc   t5, 0x1
core   0: 3 0x8000b458 (0x00001f17) x30 0x8000c458
core   0: 0x8000b45c (0xba3f2423) sw      gp, -1112(t5)
core   0: 3 0x8000b45c (0xba3f2423) mem 0x8000c000 0x00000001
core   0: 0x8000b460 (0xff9ff06f) j       pc - 0x8
core   0: 3 0x8000b460 (0xff9ff06f)
core   0: 0x8000b458 (0x00001f17) auipc   t5, 0x1
core   0: 3 0x8000b458 (0x00001f17) x30 0x8000c458
core   0: 0x8000b45c (0xba3f2423) sw      gp, -1112(t5)
core   0: 3 0x8000b45c (0xba3f2423) mem 0x8000c000 0x00000001
core   0: 0x8000b460 (0xff9ff06f) j       pc - 0x8
core   0: 3 0x8000b460 (0xff9ff06f)
core   0: 0x8000b458 (0x00001f17) auipc   t5, 0x1
core   0: 3 0x8000b458 (0x00001f17) x30 0x8000c458
core   0: 0x8000b45c (0xba3f2423) sw      gp, -1112(t5)
core   0: 3 0x8000b45c (0xba3f2423) mem 0x8000c000 0x00000001
core   0: 0x8000b460 (0xff9ff06f) j       pc - 0x8
core   0: 3 0x8000b460 (0xff9ff06f)
core   0: 0x8000b458 (0x00001f17) auipc   t5, 0x1
core   0: 3 0x8000b458 (0x00001f17) x30 0x8000c458
core   0: 0x8000b45c (0xba3f2423) sw      gp, -1112(t5)
core   0: 3 0x8000b45c (0xba3f2423) mem 0x8000c000 0x00000001
core   0: 0x8000b460 (0xff9ff06f) j       pc - 0x8
core   0: 3 0x8000b460 (0xff9ff06f)
core   0: 0x8000b458 (0x00001f17) auipc   t5, 0x1
core   0: 3 0x8000b458 (0x00001f17) x30 0x8000c458
core   0: 0x8000b45c (0xba3f2423) sw      gp, -1112(t5)
core   0: 3 0x8000b45c (0xba3f2423) mem 0x8000c000 0x00000001
core   0: 0x8000b460 (0xff9ff06f) j       pc - 0x8
core   0: 3 0x8000b460 (0xff9ff06f)
core   0: 0x8000b458 (0x00001f17) auipc   t5, 0x1
core   0: 3 0x8000b458 (0x00001f17) x30 0x8000c458
core   0: 0x8000b45c (0xba3f2423) sw      gp, -1112(t5)
core   0: 3 0x8000b45c (0xba3f2423) mem 0x8000c000 0x00000001
core   0: 0x8000b460 (0xff9ff06f) j       pc - 0x8
core   0: 3 0x8000b460 (0xff9ff06f)
core   0: 0x8000b458 (0x00001f17) auipc   t5, 0x1
core   0: 3 0x8000b458 (0x00001f17) x30 0x8000c458
core   0: 0x8000b45c (0xba3f2423) sw      gp, -1112(t5)
core   0: 3 0x8000b45c (0xba3f2423) mem 0x8000c000 0x00000001
core   0: 0x8000b460 (0xff9ff06f) j       pc - 0x8
core   0: 3 0x8000b460 (0xff9ff06f)
core   0: 0x8000b458 (0x00001f17) auipc   t5, 0x1
core   0: 3 0x8000b458 (0x00001f17) x30 0x8000c458
core   0: 0x8000b45c (0xba3f2423) sw      gp, -1112(t5)
core   0: 3 0x8000b45c (0xba3f2423) mem 0x8000c000 0x00000001
core   0: 0x8000b460 (0xff9ff06f) j       pc - 0x8
core   0: 3 0x8000b460 (0xff9ff06f)
core   0: 0x8000b458 (0x00001f17) auipc   t5, 0x1
core   0: 3 0x8000b458 (0x00001f17) x30 0x8000c458
core   0: 0x8000b45c (0xba3f2423) sw      gp, -1112(t5)
core   0: 3 0x8000b45c (0xba3f2423) mem 0x8000c000 0x00000001
core   0: 0x8000b460 (0xff9ff06f) j       pc - 0x8
core   0: 3 0x8000b460 (0xff9ff06f)
core   0: 0x8000b458 (0x00001f17) auipc   t5, 0x1
core   0: 3 0x8000b458 (0x00001f17) x30 0x8000c458
core   0: 0x8000b45c (0xba3f2423) sw      gp, -1112(t5)
core   0: 3 0x8000b45c (0xba3f2423) mem 0x8000c000 0x00000001
core   0: 0x8000b460 (0xff9ff06f) j       pc - 0x8
core   0: 3 0x8000b460 (0xff9ff06f)
core   0: 0x8000b458 (0x00001f17) auipc   t5, 0x1
core   0: 3 0x8000b458 (0x00001f17) x30 0x8000c458
core   0: 0x8000b45c (0xba3f2423) sw      gp, -1112(t5)
core   0: 3 0x8000b45c (0xba3f2423) mem 0x8000c000 0x00000001
core   0: 0x8000b460 (0xff9ff06f) j       pc - 0x8
core   0: 3 0x8000b460 (0xff9ff06f)
core   0: 0x8000b458 (0x00001f17) auipc   t5, 0x1
core   0: 3 0x8000b458 (0x00001f17) x30 0x8000c458
core   0: 0x8000b45c (0xba3f2423) sw      gp, -1112(t5)
core   0: 3 0x8000b45c (0xba3f2423) mem 0x8000c000 0x00000001
core   0: 0x8000b460 (0xff9ff06f) j       pc - 0x8
core   0: 3 0x8000b460 (0xff9ff06f)
core   0: 0x8000b458 (0x00001f17) auipc   t5, 0x1
core   0: 3 0x8000b458 (0x00001f17) x30 0x8000c458
core   0: 0x8000b45c (0xba3f2423) sw      gp, -1112(t5)
core   0: 3 0x8000b45c (0xba3f2423) mem 0x8000c000 0x00000001
core   0: 0x8000b460 (0xff9ff06f) j       pc - 0x8
core   0: 3 0x8000b460 (0xff9ff06f)
core   0: 0x8000b458 (0x00001f17) auipc   t5, 0x1
core   0: 3 0x8000b458 (0x00001f17) x30 0x8000c458
core   0: 0x8000b45c (0xba3f2423) sw      gp, -1112(t5)
core   0: 3 0x8000b45c (0xba3f2423) mem 0x8000c000 0x00000001
core   0: 0x8000b460 (0xff9ff06f) j       pc - 0x8
core   0: 3 0x8000b460 (0xff9ff06f)
core   0: 0x8000b458 (0x00001f17) auipc   t5, 0x1
core   0: 3 0x8000b458 (0x00001f17) x30 0x8000c458
core   0: 0x8000b45c (0xba3f2423) sw      gp, -1112(t5)
core   0: 3 0x8000b45c (0xba3f2423) mem 0x8000c000 0x00000001
core   0: 0x8000b460 (0xff9ff06f) j       pc - 0x8
core   0: 3 0x8000b460 (0xff9ff06f)
core   0: 0x8000b458 (0x00001f17) auipc   t5, 0x1
core   0: 3 0x8000b458 (0x00001f17) x30 0x8000c458
core   0: 0x8000b45c (0xba3f2423) sw      gp, -1112(t5)
core   0: 3 0x8000b45c (0xba3f2423) mem 0x8000c000 0x00000001
core   0: 0x8000b460 (0xff9ff06f) j       pc - 0x8
core   0: 3 0x8000b460 (0xff9ff06f)
core   0: 0x8000b458 (0x00001f17) auipc   t5, 0x1
core   0: 3 0x8000b458 (0x00001f17) x30 0x8000c458
core   0: 0x8000b45c (0xba3f2423) sw      gp, -1112(t5)
core   0: 3 0x8000b45c (0xba3f2423) mem 0x8000c000 0x00000001
core   0: 0x8000b460 (0xff9ff06f) j       pc - 0x8
core   0: 3 0x8000b460 (0xff9ff06f)
core   0: 0x8000b458 (0x00001f17) auipc   t5, 0x1
core   0: 3 0x8000b458 (0x00001f17) x30 0x8000c458
core   0: 0x8000b45c (0xba3f2423) sw      gp, -1112(t5)
core   0: 3 0x8000b45c (0xba3f2423) mem 0x8000c000 0x00000001
core   0: 0x8000b460 (0xff9ff06f) j       pc - 0x8
core   0: 3 0x8000b460 (0xff9ff06f)
core   0: 0x8000b458 (0x00001f17) auipc   t5, 0x1
core   0: 3 0x8000b458 (0x00001f17) x30 0x8000c458
core   0: 0x8000b45c (0xba3f2423) sw      gp, -1112(t5)
core   0: 3 0x8000b45c (0xba3f2423) mem 0x8000c000 0x00000001
core   0: 0x8000b460 (0xff9ff06f) j       pc - 0x8
core   0: 3 0x8000b460 (0xff9ff06f)
core   0: 0x8000b458 (0x00001f17) auipc   t5, 0x1
core   0: 3 0x8000b458 (0x00001f17) x30 0x8000c458
core   0: 0x8000b45c (0xba3f2423) sw      gp, -1112(t5)
core   0: 3 0x8000b45c (0xba3f2423) mem 0x8000c000 0x00000001
core   0: 0x8000b460 (0xff9ff06f) j       pc - 0x8
core   0: 3 0x8000b460 (0xff9ff06f)
core   0: 0x8000b458 (0x00001f17) auipc   t5, 0x1
core   0: 3 0x8000b458 (0x00001f17) x30 0x8000c458
core   0: 0x8000b45c (0xba3f2423) sw      gp, -1112(t5)
core   0: 3 0x8000b45c (0xba3f2423) mem 0x8000c000 0x00000001
core   0: 0x8000b460 (0xff9ff06f) j       pc - 0x8
core   0: 3 0x8000b460 (0xff9ff06f)
core   0: 0x8000b458 (0x00001f17) auipc   t5, 0x1
core   0: 3 0x8000b458 (0x00001f17) x30 0x8000c458
core   0: 0x8000b45c (0xba3f2423) sw      gp, -1112(t5)
core   0: 3 0x8000b45c (0xba3f2423) mem 0x8000c000 0x00000001
core   0: 0x8000b460 (0xff9ff06f) j       pc - 0x8
core   0: 3 0x8000b460 (0xff9ff06f)
core   0: 0x8000b458 (0x00001f17) auipc   t5, 0x1
core   0: 3 0x8000b458 (0x00001f17) x30 0x8000c458
core   0: 0x8000b45c (0xba3f2423) sw      gp, -1112(t5)
core   0: 3 0x8000b45c (0xba3f2423) mem 0x8000c000 0x00000001
core   0: 0x8000b460 (0xff9ff06f) j       pc - 0x8
core   0: 3 0x8000b460 (0xff9ff06f)
core   0: 0x8000b458 (0x00001f17) auipc   t5, 0x1
core   0: 3 0x8000b458 (0x00001f17) x30 0x8000c458
core   0: 0x8000b45c (0xba3f2423) sw      gp, -1112(t5)
core   0: 3 0x8000b45c (0xba3f2423) mem 0x8000c000 0x00000001
core   0: 0x8000b460 (0xff9ff06f) j       pc - 0x8
core   0: 3 0x8000b460 (0xff9ff06f)
core   0: 0x8000b458 (0x00001f17) auipc   t5, 0x1
core   0: 3 0x8000b458 (0x00001f17) x30 0x8000c458
core   0: 0x8000b45c (0xba3f2423) sw      gp, -1112(t5)
core   0: 3 0x8000b45c (0xba3f2423) mem 0x8000c000 0x00000001
core   0: 0x8000b460 (0xff9ff06f) j       pc - 0x8
core   0: 3 0x8000b460 (0xff9ff06f)
core   0: 0x8000b458 (0x00001f17) auipc   t5, 0x1
core   0: 3 0x8000b458 (0x00001f17) x30 0x8000c458
core   0: 0x8000b45c (0xba3f2423) sw      gp, -1112(t5)
core   0: 3 0x8000b45c (0xba3f2423) mem 0x8000c000 0x00000001
core   0: 0x8000b460 (0xff9ff06f) j       pc - 0x8
core   0: 3 0x8000b460 (0xff9ff06f)
core   0: 0x8000b458 (0x00001f17) auipc   t5, 0x1
core   0: 3 0x8000b458 (0x00001f17) x30 0x8000c458
core   0: 0x8000b45c (0xba3f2423) sw      gp, -1112(t5)
core   0: 3 0x8000b45c (0xba3f2423) mem 0x8000c000 0x00000001
core   0: 0x8000b460 (0xff9ff06f) j       pc - 0x8
core   0: 3 0x8000b460 (0xff9ff06f)
core   0: 0x8000b458 (0x00001f17) auipc   t5, 0x1
core   0: 3 0x8000b458 (0x00001f17) x30 0x8000c458
core   0: 0x8000b45c (0xba3f2423) sw      gp, -1112(t5)
core   0: 3 0x8000b45c (0xba3f2423) mem 0x8000c000 0x00000001
core   0: 0x8000b460 (0xff9ff06f) j       pc - 0x8
core   0: 3 0x8000b460 (0xff9ff06f)
core   0: 0x8000b458 (0x00001f17) auipc   t5, 0x1
core   0: 3 0x8000b458 (0x00001f17) x30 0x8000c458
core   0: 0x8000b45c (0xba3f2423) sw      gp, -1112(t5)
core   0: 3 0x8000b45c (0xba3f2423) mem 0x8000c000 0x00000001
core   0: 0x8000b460 (0xff9ff06f) j       pc - 0x8
core   0: 3 0x8000b460 (0xff9ff06f)
core   0: 0x8000b458 (0x00001f17) auipc   t5, 0x1
core   0: 3 0x8000b458 (0x00001f17) x30 0x8000c458
core   0: 0x8000b45c (0xba3f2423) sw      gp, -1112(t5)
core   0: 3 0x8000b45c (0xba3f2423) mem 0x8000c000 0x00000001
core   0: 0x8000b460 (0xff9ff06f) j       pc - 0x8
core   0: 3 0x8000b460 (0xff9ff06f)
core   0: 0x8000b458 (0x00001f17) auipc   t5, 0x1
core   0: 3 0x8000b458 (0x00001f17) x30 0x8000c458
core   0: 0x8000b45c (0xba3f2423) sw      gp, -1112(t5)
core   0: 3 0x8000b45c (0xba3f2423) mem 0x8000c000 0x00000001
core   0: 0x8000b460 (0xff9ff06f) j       pc - 0x8
core   0: 3 0x8000b460 (0xff9ff06f)
core   0: 0x8000b458 (0x00001f17) auipc   t5, 0x1
core   0: 3 0x8000b458 (0x00001f17) x30 0x8000c458
core   0: 0x8000b45c (0xba3f2423) sw      gp, -1112(t5)
core   0: 3 0x8000b45c (0xba3f2423) mem 0x8000c000 0x00000001
core   0: 0x8000b460 (0xff9ff06f) j       pc - 0x8
core   0: 3 0x8000b460 (0xff9ff06f)
core   0: 0x8000b458 (0x00001f17) auipc   t5, 0x1
core   0: 3 0x8000b458 (0x00001f17) x30 0x8000c458
core   0: 0x8000b45c (0xba3f2423) sw      gp, -1112(t5)
core   0: 3 0x8000b45c (0xba3f2423) mem 0x8000c000 0x00000001
core   0: 0x8000b460 (0xff9ff06f) j       pc - 0x8
core   0: 3 0x8000b460 (0xff9ff06f)
core   0: 0x8000b458 (0x00001f17) auipc   t5, 0x1
core   0: 3 0x8000b458 (0x00001f17) x30 0x8000c458
core   0: 0x8000b45c (0xba3f2423) sw      gp, -1112(t5)
core   0: 3 0x8000b45c (0xba3f2423) mem 0x8000c000 0x00000001
core   0: 0x8000b460 (0xff9ff06f) j       pc - 0x8
core   0: 3 0x8000b460 (0xff9ff06f)
core   0: 0x8000b458 (0x00001f17) auipc   t5, 0x1
core   0: 3 0x8000b458 (0x00001f17) x30 0x8000c458
core   0: 0x8000b45c (0xba3f2423) sw      gp, -1112(t5)
core   0: 3 0x8000b45c (0xba3f2423) mem 0x8000c000 0x00000001
core   0: 0x8000b460 (0xff9ff06f) j       pc - 0x8
core   0: 3 0x8000b460 (0xff9ff06f)
core   0: 0x8000b458 (0x00001f17) auipc   t5, 0x1
core   0: 3 0x8000b458 (0x00001f17) x30 0x8000c458
core   0: 0x8000b45c (0xba3f2423) sw      gp, -1112(t5)
core   0: 3 0x8000b45c (0xba3f2423) mem 0x8000c000 0x00000001
core   0: 0x8000b460 (0xff9ff06f) j       pc - 0x8
core   0: 3 0x8000b460 (0xff9ff06f)
core   0: 0x8000b458 (0x00001f17) auipc   t5, 0x1
core   0: 3 0x8000b458 (0x00001f17) x30 0x8000c458
core   0: 0x8000b45c (0xba3f2423) sw      gp, -1112(t5)
core   0: 3 0x8000b45c (0xba3f2423) mem 0x8000c000 0x00000001
core   0: 0x8000b460 (0xff9ff06f) j       pc - 0x8
core   0: 3 0x8000b460 (0xff9ff06f)
core   0: 0x8000b458 (0x00001f17) auipc   t5, 0x1
core   0: 3 0x8000b458 (0x00001f17) x30 0x8000c458
core   0: 0x8000b45c (0xba3f2423) sw      gp, -1112(t5)
core   0: 3 0x8000b45c (0xba3f2423) mem 0x8000c000 0x00000001
core   0: 0x8000b460 (0xff9ff06f) j       pc - 0x8
core   0: 3 0x8000b460 (0xff9ff06f)
core   0: 0x8000b458 (0x00001f17) auipc   t5, 0x1
core   0: 3 0x8000b458 (0x00001f17) x30 0x8000c458
core   0: 0x8000b45c (0xba3f2423) sw      gp, -1112(t5)
core   0: 3 0x8000b45c (0xba3f2423) mem 0x8000c000 0x00000001
core   0: 0x8000b460 (0xff9ff06f) j       pc - 0x8
core   0: 3 0x8000b460 (0xff9ff06f)
core   0: 0x8000b458 (0x00001f17) auipc   t5, 0x1
core   0: 3 0x8000b458 (0x00001f17) x30 0x8000c458
core   0: 0x8000b45c (0xba3f2423) sw      gp, -1112(t5)
core   0: 3 0x8000b45c (0xba3f2423) mem 0x8000c000 0x00000001
core   0: 0x8000b460 (0xff9ff06f) j       pc - 0x8
core   0: 3 0x8000b460 (0xff9ff06f)
core   0: 0x8000b458 (0x00001f17) auipc   t5, 0x1
core   0: 3 0x8000b458 (0x00001f17) x30 0x8000c458
core   0: 0x8000b45c (0xba3f2423) sw      gp, -1112(t5)
core   0: 3 0x8000b45c (0xba3f2423) mem 0x8000c000 0x00000001
core   0: 0x8000b460 (0xff9ff06f) j       pc - 0x8
core   0: 3 0x8000b460 (0xff9ff06f)
core   0: 0x8000b458 (0x00001f17) auipc   t5, 0x1
core   0: 3 0x8000b458 (0x00001f17) x30 0x8000c458
core   0: 0x8000b45c (0xba3f2423) sw      gp, -1112(t5)
core   0: 3 0x8000b45c (0xba3f2423) mem 0x8000c000 0x00000001
core   0: 0x8000b460 (0xff9ff06f) j       pc - 0x8
core   0: 3 0x8000b460 (0xff9ff06f)
core   0: 0x8000b458 (0x00001f17) auipc   t5, 0x1
core   0: 3 0x8000b458 (0x00001f17) x30 0x8000c458
core   0: 0x8000b45c (0xba3f2423) sw      gp, -1112(t5)
core   0: 3 0x8000b45c (0xba3f2423) mem 0x8000c000 0x00000001
core   0: 0x8000b460 (0xff9ff06f) j       pc - 0x8
core   0: 3 0x8000b460 (0xff9ff06f)
core   0: 0x8000b458 (0x00001f17) auipc   t5, 0x1
core   0: 3 0x8000b458 (0x00001f17) x30 0x8000c458
core   0: 0x8000b45c (0xba3f2423) sw      gp, -1112(t5)
core   0: 3 0x8000b45c (0xba3f2423) mem 0x8000c000 0x00000001
core   0: 0x8000b460 (0xff9ff06f) j       pc - 0x8
core   0: 3 0x8000b460 (0xff9ff06f)
core   0: 0x8000b458 (0x00001f17) auipc   t5, 0x1
core   0: 3 0x8000b458 (0x00001f17) x30 0x8000c458
core   0: 0x8000b45c (0xba3f2423) sw      gp, -1112(t5)
core   0: 3 0x8000b45c (0xba3f2423) mem 0x8000c000 0x00000001
core   0: 0x8000b460 (0xff9ff06f) j       pc - 0x8
core   0: 3 0x8000b460 (0xff9ff06f)
core   0: 0x8000b458 (0x00001f17) auipc   t5, 0x1
core   0: 3 0x8000b458 (0x00001f17) x30 0x8000c458
core   0: 0x8000b45c (0xba3f2423) sw      gp, -1112(t5)
core   0: 3 0x8000b45c (0xba3f2423) mem 0x8000c000 0x00000001
core   0: 0x8000b460 (0xff9ff06f) j       pc - 0x8
core   0: 3 0x8000b460 (0xff9ff06f)
core   0: 0x8000b458 (0x00001f17) auipc   t5, 0x1
core   0: 3 0x8000b458 (0x00001f17) x30 0x8000c458
core   0: 0x8000b45c (0xba3f2423) sw      gp, -1112(t5)
core   0: 3 0x8000b45c (0xba3f2423) mem 0x8000c000 0x00000001
core   0: 0x8000b460 (0xff9ff06f) j       pc - 0x8
core   0: 3 0x8000b460 (0xff9ff06f)
core   0: 0x8000b458 (0x00001f17) auipc   t5, 0x1
core   0: 3 0x8000b458 (0x00001f17) x30 0x8000c458
core   0: 0x8000b45c (0xba3f2423) sw      gp, -1112(t5)
core   0: 3 0x8000b45c (0xba3f2423) mem 0x8000c000 0x00000001
core   0: 0x8000b460 (0xff9ff06f) j       pc - 0x8
core   0: 3 0x8000b460 (0xff9ff06f)
core   0: 0x8000b458 (0x00001f17) auipc   t5, 0x1
core   0: 3 0x8000b458 (0x00001f17) x30 0x8000c458
core   0: 0x8000b45c (0xba3f2423) sw      gp, -1112(t5)
core   0: 3 0x8000b45c (0xba3f2423) mem 0x8000c000 0x00000001
core   0: 0x8000b460 (0xff9ff06f) j       pc - 0x8
core   0: 3 0x8000b460 (0xff9ff06f)
core   0: 0x8000b458 (0x00001f17) auipc   t5, 0x1
core   0: 3 0x8000b458 (0x00001f17) x30 0x8000c458
core   0: 0x8000b45c (0xba3f2423) sw      gp, -1112(t5)
core   0: 3 0x8000b45c (0xba3f2423) mem 0x8000c000 0x00000001
core   0: 0x8000b460 (0xff9ff06f) j       pc - 0x8
core   0: 3 0x8000b460 (0xff9ff06f)
core   0: 0x8000b458 (0x00001f17) auipc   t5, 0x1
core   0: 3 0x8000b458 (0x00001f17) x30 0x8000c458
core   0: 0x8000b45c (0xba3f2423) sw      gp, -1112(t5)
core   0: 3 0x8000b45c (0xba3f2423) mem 0x8000c000 0x00000001
core   0: 0x8000b460 (0xff9ff06f) j       pc - 0x8
core   0: 3 0x8000b460 (0xff9ff06f)
core   0: 0x8000b458 (0x00001f17) auipc   t5, 0x1
core   0: 3 0x8000b458 (0x00001f17) x30 0x8000c458
core   0: 0x8000b45c (0xba3f2423) sw      gp, -1112(t5)
core   0: 3 0x8000b45c (0xba3f2423) mem 0x8000c000 0x00000001
core   0: 0x8000b460 (0xff9ff06f) j       pc - 0x8
core   0: 3 0x8000b460 (0xff9ff06f)
core   0: 0x8000b458 (0x00001f17) auipc   t5, 0x1
core   0: 3 0x8000b458 (0x00001f17) x30 0x8000c458
core   0: 0x8000b45c (0xba3f2423) sw      gp, -1112(t5)
core   0: 3 0x8000b45c (0xba3f2423) mem 0x8000c000 0x00000001
core   0: 0x8000b460 (0xff9ff06f) j       pc - 0x8
core   0: 3 0x8000b460 (0xff9ff06f)
core   0: 0x8000b458 (0x00001f17) auipc   t5, 0x1
core   0: 3 0x8000b458 (0x00001f17) x30 0x8000c458
core   0: 0x8000b45c (0xba3f2423) sw      gp, -1112(t5)
core   0: 3 0x8000b45c (0xba3f2423) mem 0x8000c000 0x00000001
core   0: 0x8000b460 (0xff9ff06f) j       pc - 0x8
core   0: 3 0x8000b460 (0xff9ff06f)
core   0: 0x8000b458 (0x00001f17) auipc   t5, 0x1
core   0: 3 0x8000b458 (0x00001f17) x30 0x8000c458
core   0: 0x8000b45c (0xba3f2423) sw      gp, -1112(t5)
core   0: 3 0x8000b45c (0xba3f2423) mem 0x8000c000 0x00000001
core   0: 0x8000b460 (0xff9ff06f) j       pc - 0x8
core   0: 3 0x8000b460 (0xff9ff06f)
core   0: 0x8000b458 (0x00001f17) auipc   t5, 0x1
core   0: 3 0x8000b458 (0x00001f17) x30 0x8000c458
core   0: 0x8000b45c (0xba3f2423) sw      gp, -1112(t5)
core   0: 3 0x8000b45c (0xba3f2423) mem 0x8000c000 0x00000001
core   0: 0x8000b460 (0xff9ff06f) j       pc - 0x8
core   0: 3 0x8000b460 (0xff9ff06f)
core   0: 0x8000b458 (0x00001f17) auipc   t5, 0x1
core   0: 3 0x8000b458 (0x00001f17) x30 0x8000c458
core   0: 0x8000b45c (0xba3f2423) sw      gp, -1112(t5)
core   0: 3 0x8000b45c (0xba3f2423) mem 0x8000c000 0x00000001
core   0: 0x8000b460 (0xff9ff06f) j       pc - 0x8
core   0: 3 0x8000b460 (0xff9ff06f)
core   0: 0x8000b458 (0x00001f17) auipc   t5, 0x1
core   0: 3 0x8000b458 (0x00001f17) x30 0x8000c458
core   0: 0x8000b45c (0xba3f2423) sw      gp, -1112(t5)
core   0: 3 0x8000b45c (0xba3f2423) mem 0x8000c000 0x00000001
core   0: 0x8000b460 (0xff9ff06f) j       pc - 0x8
core   0: 3 0x8000b460 (0xff9ff06f)
core   0: 0x8000b458 (0x00001f17) auipc   t5, 0x1
core   0: 3 0x8000b458 (0x00001f17) x30 0x8000c458
core   0: 0x8000b45c (0xba3f2423) sw      gp, -1112(t5)
core   0: 3 0x8000b45c (0xba3f2423) mem 0x8000c000 0x00000001
core   0: 0x8000b460 (0xff9ff06f) j       pc - 0x8
core   0: 3 0x8000b460 (0xff9ff06f)
core   0: 0x8000b458 (0x00001f17) auipc   t5, 0x1
core   0: 3 0x8000b458 (0x00001f17) x30 0x8000c458
core   0: 0x8000b45c (0xba3f2423) sw      gp, -1112(t5)
core   0: 3 0x8000b45c (0xba3f2423) mem 0x8000c000 0x00000001
core   0: 0x8000b460 (0xff9ff06f) j       pc - 0x8
core   0: 3 0x8000b460 (0xff9ff06f)
core   0: 0x8000b458 (0x00001f17) auipc   t5, 0x1
core   0: 3 0x8000b458 (0x00001f17) x30 0x8000c458
core   0: 0x8000b45c (0xba3f2423) sw      gp, -1112(t5)
core   0: 3 0x8000b45c (0xba3f2423) mem 0x8000c000 0x00000001
core   0: 0x8000b460 (0xff9ff06f) j       pc - 0x8
core   0: 3 0x8000b460 (0xff9ff06f)
core   0: 0x8000b458 (0x00001f17) auipc   t5, 0x1
core   0: 3 0x8000b458 (0x00001f17) x30 0x8000c458
core   0: 0x8000b45c (0xba3f2423) sw      gp, -1112(t5)
core   0: 3 0x8000b45c (0xba3f2423) mem 0x8000c000 0x00000001
core   0: 0x8000b460 (0xff9ff06f) j       pc - 0x8
core   0: 3 0x8000b460 (0xff9ff06f)
core   0: 0x8000b458 (0x00001f17) auipc   t5, 0x1
core   0: 3 0x8000b458 (0x00001f17) x30 0x8000c458
core   0: 0x8000b45c (0xba3f2423) sw      gp, -1112(t5)
core   0: 3 0x8000b45c (0xba3f2423) mem 0x8000c000 0x00000001
core   0: 0x8000b460 (0xff9ff06f) j       pc - 0x8
core   0: 3 0x8000b460 (0xff9ff06f)
core   0: 0x8000b458 (0x00001f17) auipc   t5, 0x1
core   0: 3 0x8000b458 (0x00001f17) x30 0x8000c458
core   0: 0x8000b45c (0xba3f2423) sw      gp, -1112(t5)
core   0: 3 0x8000b45c (0xba3f2423) mem 0x8000c000 0x00000001
core   0: 0x8000b460 (0xff9ff06f) j       pc - 0x8
core   0: 3 0x8000b460 (0xff9ff06f)
core   0: 0x8000b458 (0x00001f17) auipc   t5, 0x1
core   0: 3 0x8000b458 (0x00001f17) x30 0x8000c458
core   0: 0x8000b45c (0xba3f2423) sw      gp, -1112(t5)
core   0: 3 0x8000b45c (0xba3f2423) mem 0x8000c000 0x00000001
core   0: 0x8000b460 (0xff9ff06f) j       pc - 0x8
core   0: 3 0x8000b460 (0xff9ff06f)
core   0: 0x8000b458 (0x00001f17) auipc   t5, 0x1
core   0: 3 0x8000b458 (0x00001f17) x30 0x8000c458
core   0: 0x8000b45c (0xba3f2423) sw      gp, -1112(t5)
core   0: 3 0x8000b45c (0xba3f2423) mem 0x8000c000 0x00000001
core   0: 0x8000b460 (0xff9ff06f) j       pc - 0x8
core   0: 3 0x8000b460 (0xff9ff06f)
core   0: 0x8000b458 (0x00001f17) auipc   t5, 0x1
core   0: 3 0x8000b458 (0x00001f17) x30 0x8000c458
core   0: 0x8000b45c (0xba3f2423) sw      gp, -1112(t5)
core   0: 3 0x8000b45c (0xba3f2423) mem 0x8000c000 0x00000001
core   0: 0x8000b460 (0xff9ff06f) j       pc - 0x8
core   0: 3 0x8000b460 (0xff9ff06f)
core   0: 0x8000b458 (0x00001f17) auipc   t5, 0x1
core   0: 3 0x8000b458 (0x00001f17) x30 0x8000c458
core   0: 0x8000b45c (0xba3f2423) sw      gp, -1112(t5)
core   0: 3 0x8000b45c (0xba3f2423) mem 0x8000c000 0x00000001
core   0: 0x8000b460 (0xff9ff06f) j       pc - 0x8
core   0: 3 0x8000b460 (0xff9ff06f)
core   0: 0x8000b458 (0x00001f17) auipc   t5, 0x1
core   0: 3 0x8000b458 (0x00001f17) x30 0x8000c458
core   0: 0x8000b45c (0xba3f2423) sw      gp, -1112(t5)
core   0: 3 0x8000b45c (0xba3f2423) mem 0x8000c000 0x00000001
core   0: 0x8000b460 (0xff9ff06f) j       pc - 0x8
core   0: 3 0x8000b460 (0xff9ff06f)
core   0: 0x8000b458 (0x00001f17) auipc   t5, 0x1
core   0: 3 0x8000b458 (0x00001f17) x30 0x8000c458
core   0: 0x8000b45c (0xba3f2423) sw      gp, -1112(t5)
core   0: 3 0x8000b45c (0xba3f2423) mem 0x8000c000 0x00000001
core   0: 0x8000b460 (0xff9ff06f) j       pc - 0x8
core   0: 3 0x8000b460 (0xff9ff06f)
core   0: 0x8000b458 (0x00001f17) auipc   t5, 0x1
core   0: 3 0x8000b458 (0x00001f17) x30 0x8000c458
core   0: 0x8000b45c (0xba3f2423) sw      gp, -1112(t5)
core   0: 3 0x8000b45c (0xba3f2423) mem 0x8000c000 0x00000001
core   0: 0x8000b460 (0xff9ff06f) j       pc - 0x8
core   0: 3 0x8000b460 (0xff9ff06f)
core   0: 0x8000b458 (0x00001f17) auipc   t5, 0x1
core   0: 3 0x8000b458 (0x00001f17) x30 0x8000c458
core   0: 0x8000b45c (0xba3f2423) sw      gp, -1112(t5)
core   0: 3 0x8000b45c (0xba3f2423) mem 0x8000c000 0x00000001
core   0: 0x8000b460 (0xff9ff06f) j       pc - 0x8
core   0: 3 0x8000b460 (0xff9ff06f)
core   0: 0x8000b458 (0x00001f17) auipc   t5, 0x1
core   0: 3 0x8000b458 (0x00001f17) x30 0x8000c458
core   0: 0x8000b45c (0xba3f2423) sw      gp, -1112(t5)
core   0: 3 0x8000b45c (0xba3f2423) mem 0x8000c000 0x00000001
core   0: 0x8000b460 (0xff9ff06f) j       pc - 0x8
core   0: 3 0x8000b460 (0xff9ff06f)
core   0: 0x8000b458 (0x00001f17) auipc   t5, 0x1
core   0: 3 0x8000b458 (0x00001f17) x30 0x8000c458
core   0: 0x8000b45c (0xba3f2423) sw      gp, -1112(t5)
core   0: 3 0x8000b45c (0xba3f2423) mem 0x8000c000 0x00000001
core   0: 0x8000b460 (0xff9ff06f) j       pc - 0x8
core   0: 3 0x8000b460 (0xff9ff06f)
core   0: 0x8000b458 (0x00001f17) auipc   t5, 0x1
core   0: 3 0x8000b458 (0x00001f17) x30 0x8000c458
core   0: 0x8000b45c (0xba3f2423) sw      gp, -1112(t5)
core   0: 3 0x8000b45c (0xba3f2423) mem 0x8000c000 0x00000001
core   0: 0x8000b460 (0xff9ff06f) j       pc - 0x8
core   0: 3 0x8000b460 (0xff9ff06f)
core   0: 0x8000b458 (0x00001f17) auipc   t5, 0x1
core   0: 3 0x8000b458 (0x00001f17) x30 0x8000c458
core   0: 0x8000b45c (0xba3f2423) sw      gp, -1112(t5)
core   0: 3 0x8000b45c (0xba3f2423) mem 0x8000c000 0x00000001
core   0: 0x8000b460 (0xff9ff06f) j       pc - 0x8
core   0: 3 0x8000b460 (0xff9ff06f)
core   0: 0x8000b458 (0x00001f17) auipc   t5, 0x1
core   0: 3 0x8000b458 (0x00001f17) x30 0x8000c458
core   0: 0x8000b45c (0xba3f2423) sw      gp, -1112(t5)
core   0: 3 0x8000b45c (0xba3f2423) mem 0x8000c000 0x00000001
core   0: 0x8000b460 (0xff9ff06f) j       pc - 0x8
core   0: 3 0x8000b460 (0xff9ff06f)
core   0: 0x8000b458 (0x00001f17) auipc   t5, 0x1
core   0: 3 0x8000b458 (0x00001f17) x30 0x8000c458
core   0: 0x8000b45c (0xba3f2423) sw      gp, -1112(t5)
core   0: 3 0x8000b45c (0xba3f2423) mem 0x8000c000 0x00000001
core   0: 0x8000b460 (0xff9ff06f) j       pc - 0x8
core   0: 3 0x8000b460 (0xff9ff06f)
core   0: 0x8000b458 (0x00001f17) auipc   t5, 0x1
core   0: 3 0x8000b458 (0x00001f17) x30 0x8000c458
core   0: 0x8000b45c (0xba3f2423) sw      gp, -1112(t5)
core   0: 3 0x8000b45c (0xba3f2423) mem 0x8000c000 0x00000001
core   0: 0x8000b460 (0xff9ff06f) j       pc - 0x8
core   0: 3 0x8000b460 (0xff9ff06f)
core   0: 0x8000b458 (0x00001f17) auipc   t5, 0x1
core   0: 3 0x8000b458 (0x00001f17) x30 0x8000c458
core   0: 0x8000b45c (0xba3f2423) sw      gp, -1112(t5)
core   0: 3 0x8000b45c (0xba3f2423) mem 0x8000c000 0x00000001
core   0: 0x8000b460 (0xff9ff06f) j       pc - 0x8
core   0: 3 0x8000b460 (0xff9ff06f)
core   0: 0x8000b458 (0x00001f17) auipc   t5, 0x1
core   0: 3 0x8000b458 (0x00001f17) x30 0x8000c458
core   0: 0x8000b45c (0xba3f2423) sw      gp, -1112(t5)
core   0: 3 0x8000b45c (0xba3f2423) mem 0x8000c000 0x00000001
core   0: 0x8000b460 (0xff9ff06f) j       pc - 0x8
core   0: 3 0x8000b460 (0xff9ff06f)
core   0: 0x8000b458 (0x00001f17) auipc   t5, 0x1
core   0: 3 0x8000b458 (0x00001f17) x30 0x8000c458
core   0: 0x8000b45c (0xba3f2423) sw      gp, -1112(t5)
core   0: 3 0x8000b45c (0xba3f2423) mem 0x8000c000 0x00000001
core   0: 0x8000b460 (0xff9ff06f) j       pc - 0x8
core   0: 3 0x8000b460 (0xff9ff06f)
core   0: 0x8000b458 (0x00001f17) auipc   t5, 0x1
core   0: 3 0x8000b458 (0x00001f17) x30 0x8000c458
core   0: 0x8000b45c (0xba3f2423) sw      gp, -1112(t5)
core   0: 3 0x8000b45c (0xba3f2423) mem 0x8000c000 0x00000001
core   0: 0x8000b460 (0xff9ff06f) j       pc - 0x8
core   0: 3 0x8000b460 (0xff9ff06f)
core   0: 0x8000b458 (0x00001f17) auipc   t5, 0x1
core   0: 3 0x8000b458 (0x00001f17) x30 0x8000c458
core   0: 0x8000b45c (0xba3f2423) sw      gp, -1112(t5)
core   0: 3 0x8000b45c (0xba3f2423) mem 0x8000c000 0x00000001
core   0: 0x8000b460 (0xff9ff06f) j       pc - 0x8
core   0: 3 0x8000b460 (0xff9ff06f)
core   0: 0x8000b458 (0x00001f17) auipc   t5, 0x1
core   0: 3 0x8000b458 (0x00001f17) x30 0x8000c458
core   0: 0x8000b45c (0xba3f2423) sw      gp, -1112(t5)
core   0: 3 0x8000b45c (0xba3f2423) mem 0x8000c000 0x00000001
core   0: 0x8000b460 (0xff9ff06f) j       pc - 0x8
core   0: 3 0x8000b460 (0xff9ff06f)
core   0: 0x8000b458 (0x00001f17) auipc   t5, 0x1
core   0: 3 0x8000b458 (0x00001f17) x30 0x8000c458
core   0: 0x8000b45c (0xba3f2423) sw      gp, -1112(t5)
core   0: 3 0x8000b45c (0xba3f2423) mem 0x8000c000 0x00000001
core   0: 0x8000b460 (0xff9ff06f) j       pc - 0x8
core   0: 3 0x8000b460 (0xff9ff06f)
core   0: 0x8000b458 (0x00001f17) auipc   t5, 0x1
core   0: 3 0x8000b458 (0x00001f17) x30 0x8000c458
core   0: 0x8000b45c (0xba3f2423) sw      gp, -1112(t5)
core   0: 3 0x8000b45c (0xba3f2423) mem 0x8000c000 0x00000001
core   0: 0x8000b460 (0xff9ff06f) j       pc - 0x8
core   0: 3 0x8000b460 (0xff9ff06f)
core   0: 0x8000b458 (0x00001f17) auipc   t5, 0x1
core   0: 3 0x8000b458 (0x00001f17) x30 0x8000c458
core   0: 0x8000b45c (0xba3f2423) sw      gp, -1112(t5)
core   0: 3 0x8000b45c (0xba3f2423) mem 0x8000c000 0x00000001
core   0: 0x8000b460 (0xff9ff06f) j       pc - 0x8
core   0: 3 0x8000b460 (0xff9ff06f)
core   0: 0x8000b458 (0x00001f17) auipc   t5, 0x1
core   0: 3 0x8000b458 (0x00001f17) x30 0x8000c458
core   0: 0x8000b45c (0xba3f2423) sw      gp, -1112(t5)
core   0: 3 0x8000b45c (0xba3f2423) mem 0x8000c000 0x00000001
core   0: 0x8000b460 (0xff9ff06f) j       pc - 0x8
core   0: 3 0x8000b460 (0xff9ff06f)
core   0: 0x8000b458 (0x00001f17) auipc   t5, 0x1
core   0: 3 0x8000b458 (0x00001f17) x30 0x8000c458
core   0: 0x8000b45c (0xba3f2423) sw      gp, -1112(t5)
core   0: 3 0x8000b45c (0xba3f2423) mem 0x8000c000 0x00000001
core   0: 0x8000b460 (0xff9ff06f) j       pc - 0x8
core   0: 3 0x8000b460 (0xff9ff06f)
core   0: 0x8000b458 (0x00001f17) auipc   t5, 0x1
core   0: 3 0x8000b458 (0x00001f17) x30 0x8000c458
core   0: 0x8000b45c (0xba3f2423) sw      gp, -1112(t5)
core   0: 3 0x8000b45c (0xba3f2423) mem 0x8000c000 0x00000001
core   0: 0x8000b460 (0xff9ff06f) j       pc - 0x8
core   0: 3 0x8000b460 (0xff9ff06f)
core   0: 0x8000b458 (0x00001f17) auipc   t5, 0x1
core   0: 3 0x8000b458 (0x00001f17) x30 0x8000c458
core   0: 0x8000b45c (0xba3f2423) sw      gp, -1112(t5)
core   0: 3 0x8000b45c (0xba3f2423) mem 0x8000c000 0x00000001
core   0: 0x8000b460 (0xff9ff06f) j       pc - 0x8
core   0: 3 0x8000b460 (0xff9ff06f)
core   0: 0x8000b458 (0x00001f17) auipc   t5, 0x1
core   0: 3 0x8000b458 (0x00001f17) x30 0x8000c458
core   0: 0x8000b45c (0xba3f2423) sw      gp, -1112(t5)
core   0: 3 0x8000b45c (0xba3f2423) mem 0x8000c000 0x00000001
core   0: 0x8000b460 (0xff9ff06f) j       pc - 0x8
core   0: 3 0x8000b460 (0xff9ff06f)
core   0: 0x8000b458 (0x00001f17) auipc   t5, 0x1
core   0: 3 0x8000b458 (0x00001f17) x30 0x8000c458
core   0: 0x8000b45c (0xba3f2423) sw      gp, -1112(t5)
core   0: 3 0x8000b45c (0xba3f2423) mem 0x8000c000 0x00000001
core   0: 0x8000b460 (0xff9ff06f) j       pc - 0x8
core   0: 3 0x8000b460 (0xff9ff06f)
core   0: 0x8000b458 (0x00001f17) auipc   t5, 0x1
core   0: 3 0x8000b458 (0x00001f17) x30 0x8000c458
core   0: 0x8000b45c (0xba3f2423) sw      gp, -1112(t5)
core   0: 3 0x8000b45c (0xba3f2423) mem 0x8000c000 0x00000001
core   0: 0x8000b460 (0xff9ff06f) j       pc - 0x8
core   0: 3 0x8000b460 (0xff9ff06f)
core   0: 0x8000b458 (0x00001f17) auipc   t5, 0x1
core   0: 3 0x8000b458 (0x00001f17) x30 0x8000c458
core   0: 0x8000b45c (0xba3f2423) sw      gp, -1112(t5)
core   0: 3 0x8000b45c (0xba3f2423) mem 0x8000c000 0x00000001
core   0: 0x8000b460 (0xff9ff06f) j       pc - 0x8
core   0: 3 0x8000b460 (0xff9ff06f)
core   0: 0x8000b458 (0x00001f17) auipc   t5, 0x1
core   0: 3 0x8000b458 (0x00001f17) x30 0x8000c458
core   0: 0x8000b45c (0xba3f2423) sw      gp, -1112(t5)
core   0: 3 0x8000b45c (0xba3f2423) mem 0x8000c000 0x00000001
core   0: 0x8000b460 (0xff9ff06f) j       pc - 0x8
core   0: 3 0x8000b460 (0xff9ff06f)
core   0: 0x8000b458 (0x00001f17) auipc   t5, 0x1
core   0: 3 0x8000b458 (0x00001f17) x30 0x8000c458
core   0: 0x8000b45c (0xba3f2423) sw      gp, -1112(t5)
core   0: 3 0x8000b45c (0xba3f2423) mem 0x8000c000 0x00000001
core   0: 0x8000b460 (0xff9ff06f) j       pc - 0x8
core   0: 3 0x8000b460 (0xff9ff06f)
core   0: 0x8000b458 (0x00001f17) auipc   t5, 0x1
core   0: 3 0x8000b458 (0x00001f17) x30 0x8000c458
core   0: 0x8000b45c (0xba3f2423) sw      gp, -1112(t5)
core   0: 3 0x8000b45c (0xba3f2423) mem 0x8000c000 0x00000001
core   0: 0x8000b460 (0xff9ff06f) j       pc - 0x8
core   0: 3 0x8000b460 (0xff9ff06f)
core   0: 0x8000b458 (0x00001f17) auipc   t5, 0x1
core   0: 3 0x8000b458 (0x00001f17) x30 0x8000c458
core   0: 0x8000b45c (0xba3f2423) sw      gp, -1112(t5)
core   0: 3 0x8000b45c (0xba3f2423) mem 0x8000c000 0x00000001
core   0: 0x8000b460 (0xff9ff06f) j       pc - 0x8
core   0: 3 0x8000b460 (0xff9ff06f)
core   0: 0x8000b458 (0x00001f17) auipc   t5, 0x1
core   0: 3 0x8000b458 (0x00001f17) x30 0x8000c458
core   0: 0x8000b45c (0xba3f2423) sw      gp, -1112(t5)
core   0: 3 0x8000b45c (0xba3f2423) mem 0x8000c000 0x00000001
core   0: 0x8000b460 (0xff9ff06f) j       pc - 0x8
core   0: 3 0x8000b460 (0xff9ff06f)
core   0: 0x8000b458 (0x00001f17) auipc   t5, 0x1
core   0: 3 0x8000b458 (0x00001f17) x30 0x8000c458
core   0: 0x8000b45c (0xba3f2423) sw      gp, -1112(t5)
core   0: 3 0x8000b45c (0xba3f2423) mem 0x8000c000 0x00000001
core   0: 0x8000b460 (0xff9ff06f) j       pc - 0x8
core   0: 3 0x8000b460 (0xff9ff06f)
core   0: 0x8000b458 (0x00001f17) auipc   t5, 0x1
core   0: 3 0x8000b458 (0x00001f17) x30 0x8000c458
core   0: 0x8000b45c (0xba3f2423) sw      gp, -1112(t5)
core   0: 3 0x8000b45c (0xba3f2423) mem 0x8000c000 0x00000001
core   0: 0x8000b460 (0xff9ff06f) j       pc - 0x8
core   0: 3 0x8000b460 (0xff9ff06f)
core   0: 0x8000b458 (0x00001f17) auipc   t5, 0x1
core   0: 3 0x8000b458 (0x00001f17) x30 0x8000c458
core   0: 0x8000b45c (0xba3f2423) sw      gp, -1112(t5)
core   0: 3 0x8000b45c (0xba3f2423) mem 0x8000c000 0x00000001
core   0: 0x8000b460 (0xff9ff06f) j       pc - 0x8
core   0: 3 0x8000b460 (0xff9ff06f)
core   0: 0x8000b458 (0x00001f17) auipc   t5, 0x1
core   0: 3 0x8000b458 (0x00001f17) x30 0x8000c458
core   0: 0x8000b45c (0xba3f2423) sw      gp, -1112(t5)
core   0: 3 0x8000b45c (0xba3f2423) mem 0x8000c000 0x00000001
core   0: 0x8000b460 (0xff9ff06f) j       pc - 0x8
core   0: 3 0x8000b460 (0xff9ff06f)
core   0: 0x8000b458 (0x00001f17) auipc   t5, 0x1
core   0: 3 0x8000b458 (0x00001f17) x30 0x8000c458
core   0: 0x8000b45c (0xba3f2423) sw      gp, -1112(t5)
core   0: 3 0x8000b45c (0xba3f2423) mem 0x8000c000 0x00000001
core   0: 0x8000b460 (0xff9ff06f) j       pc - 0x8
core   0: 3 0x8000b460 (0xff9ff06f)
core   0: 0x8000b458 (0x00001f17) auipc   t5, 0x1
core   0: 3 0x8000b458 (0x00001f17) x30 0x8000c458
core   0: 0x8000b45c (0xba3f2423) sw      gp, -1112(t5)
core   0: 3 0x8000b45c (0xba3f2423) mem 0x8000c000 0x00000001
core   0: 0x8000b460 (0xff9ff06f) j       pc - 0x8
core   0: 3 0x8000b460 (0xff9ff06f)
core   0: 0x8000b458 (0x00001f17) auipc   t5, 0x1
core   0: 3 0x8000b458 (0x00001f17) x30 0x8000c458
core   0: 0x8000b45c (0xba3f2423) sw      gp, -1112(t5)
core   0: 3 0x8000b45c (0xba3f2423) mem 0x8000c000 0x00000001
core   0: 0x8000b460 (0xff9ff06f) j       pc - 0x8
core   0: 3 0x8000b460 (0xff9ff06f)
core   0: 0x8000b458 (0x00001f17) auipc   t5, 0x1
core   0: 3 0x8000b458 (0x00001f17) x30 0x8000c458
core   0: 0x8000b45c (0xba3f2423) sw      gp, -1112(t5)
core   0: 3 0x8000b45c (0xba3f2423) mem 0x8000c000 0x00000001
core   0: 0x8000b460 (0xff9ff06f) j       pc - 0x8
core   0: 3 0x8000b460 (0xff9ff06f)
core   0: 0x8000b458 (0x00001f17) auipc   t5, 0x1
core   0: 3 0x8000b458 (0x00001f17) x30 0x8000c458
core   0: 0x8000b45c (0xba3f2423) sw      gp, -1112(t5)
core   0: 3 0x8000b45c (0xba3f2423) mem 0x8000c000 0x00000001
core   0: 0x8000b460 (0xff9ff06f) j       pc - 0x8
core   0: 3 0x8000b460 (0xff9ff06f)
core   0: 0x8000b458 (0x00001f17) auipc   t5, 0x1
core   0: 3 0x8000b458 (0x00001f17) x30 0x8000c458
core   0: 0x8000b45c (0xba3f2423) sw      gp, -1112(t5)
core   0: 3 0x8000b45c (0xba3f2423) mem 0x8000c000 0x00000001
core   0: 0x8000b460 (0xff9ff06f) j       pc - 0x8
core   0: 3 0x8000b460 (0xff9ff06f)
core   0: 0x8000b458 (0x00001f17) auipc   t5, 0x1
core   0: 3 0x8000b458 (0x00001f17) x30 0x8000c458
core   0: 0x8000b45c (0xba3f2423) sw      gp, -1112(t5)
core   0: 3 0x8000b45c (0xba3f2423) mem 0x8000c000 0x00000001
core   0: 0x8000b460 (0xff9ff06f) j       pc - 0x8
core   0: 3 0x8000b460 (0xff9ff06f)
core   0: 0x8000b458 (0x00001f17) auipc   t5, 0x1
core   0: 3 0x8000b458 (0x00001f17) x30 0x8000c458
core   0: 0x8000b45c (0xba3f2423) sw      gp, -1112(t5)
core   0: 3 0x8000b45c (0xba3f2423) mem 0x8000c000 0x00000001
core   0: 0x8000b460 (0xff9ff06f) j       pc - 0x8
core   0: 3 0x8000b460 (0xff9ff06f)
core   0: 0x8000b458 (0x00001f17) auipc   t5, 0x1
core   0: 3 0x8000b458 (0x00001f17) x30 0x8000c458
core   0: 0x8000b45c (0xba3f2423) sw      gp, -1112(t5)
core   0: 3 0x8000b45c (0xba3f2423) mem 0x8000c000 0x00000001
core   0: 0x8000b460 (0xff9ff06f) j       pc - 0x8
core   0: 3 0x8000b460 (0xff9ff06f)
core   0: 0x8000b458 (0x00001f17) auipc   t5, 0x1
core   0: 3 0x8000b458 (0x00001f17) x30 0x8000c458
core   0: 0x8000b45c (0xba3f2423) sw      gp, -1112(t5)
core   0: 3 0x8000b45c (0xba3f2423) mem 0x8000c000 0x00000001
core   0: 0x8000b460 (0xff9ff06f) j       pc - 0x8
core   0: 3 0x8000b460 (0xff9ff06f)
core   0: 0x8000b458 (0x00001f17) auipc   t5, 0x1
core   0: 3 0x8000b458 (0x00001f17) x30 0x8000c458
core   0: 0x8000b45c (0xba3f2423) sw      gp, -1112(t5)
core   0: 3 0x8000b45c (0xba3f2423) mem 0x8000c000 0x00000001
core   0: 0x8000b460 (0xff9ff06f) j       pc - 0x8
core   0: 3 0x8000b460 (0xff9ff06f)
core   0: 0x8000b458 (0x00001f17) auipc   t5, 0x1
core   0: 3 0x8000b458 (0x00001f17) x30 0x8000c458
core   0: 0x8000b45c (0xba3f2423) sw      gp, -1112(t5)
core   0: 3 0x8000b45c (0xba3f2423) mem 0x8000c000 0x00000001
core   0: 0x8000b460 (0xff9ff06f) j       pc - 0x8
core   0: 3 0x8000b460 (0xff9ff06f)
core   0: 0x8000b458 (0x00001f17) auipc   t5, 0x1
core   0: 3 0x8000b458 (0x00001f17) x30 0x8000c458
core   0: 0x8000b45c (0xba3f2423) sw      gp, -1112(t5)
core   0: 3 0x8000b45c (0xba3f2423) mem 0x8000c000 0x00000001
core   0: 0x8000b460 (0xff9ff06f) j       pc - 0x8
core   0: 3 0x8000b460 (0xff9ff06f)
core   0: 0x8000b458 (0x00001f17) auipc   t5, 0x1
core   0: 3 0x8000b458 (0x00001f17) x30 0x8000c458
core   0: 0x8000b45c (0xba3f2423) sw      gp, -1112(t5)
core   0: 3 0x8000b45c (0xba3f2423) mem 0x8000c000 0x00000001
core   0: 0x8000b460 (0xff9ff06f) j       pc - 0x8
core   0: 3 0x8000b460 (0xff9ff06f)
core   0: 0x8000b458 (0x00001f17) auipc   t5, 0x1
core   0: 3 0x8000b458 (0x00001f17) x30 0x8000c458
core   0: 0x8000b45c (0xba3f2423) sw      gp, -1112(t5)
core   0: 3 0x8000b45c (0xba3f2423) mem 0x8000c000 0x00000001
core   0: 0x8000b460 (0xff9ff06f) j       pc - 0x8
core   0: 3 0x8000b460 (0xff9ff06f)
core   0: 0x8000b458 (0x00001f17) auipc   t5, 0x1
core   0: 3 0x8000b458 (0x00001f17) x30 0x8000c458
core   0: 0x8000b45c (0xba3f2423) sw      gp, -1112(t5)
core   0: 3 0x8000b45c (0xba3f2423) mem 0x8000c000 0x00000001
core   0: 0x8000b460 (0xff9ff06f) j       pc - 0x8
core   0: 3 0x8000b460 (0xff9ff06f)
core   0: 0x8000b458 (0x00001f17) auipc   t5, 0x1
core   0: 3 0x8000b458 (0x00001f17) x30 0x8000c458
core   0: 0x8000b45c (0xba3f2423) sw      gp, -1112(t5)
core   0: 3 0x8000b45c (0xba3f2423) mem 0x8000c000 0x00000001
core   0: 0x8000b460 (0xff9ff06f) j       pc - 0x8
core   0: 3 0x8000b460 (0xff9ff06f)
core   0: 0x8000b458 (0x00001f17) auipc   t5, 0x1
core   0: 3 0x8000b458 (0x00001f17) x30 0x8000c458
core   0: 0x8000b45c (0xba3f2423) sw      gp, -1112(t5)
core   0: 3 0x8000b45c (0xba3f2423) mem 0x8000c000 0x00000001
core   0: 0x8000b460 (0xff9ff06f) j       pc - 0x8
core   0: 3 0x8000b460 (0xff9ff06f)
core   0: 0x8000b458 (0x00001f17) auipc   t5, 0x1
core   0: 3 0x8000b458 (0x00001f17) x30 0x8000c458
core   0: 0x8000b45c (0xba3f2423) sw      gp, -1112(t5)
core   0: 3 0x8000b45c (0xba3f2423) mem 0x8000c000 0x00000001
core   0: 0x8000b460 (0xff9ff06f) j       pc - 0x8
core   0: 3 0x8000b460 (0xff9ff06f)
core   0: 0x8000b458 (0x00001f17) auipc   t5, 0x1
core   0: 3 0x8000b458 (0x00001f17) x30 0x8000c458
core   0: 0x8000b45c (0xba3f2423) sw      gp, -1112(t5)
core   0: 3 0x8000b45c (0xba3f2423) mem 0x8000c000 0x00000001
core   0: 0x8000b460 (0xff9ff06f) j       pc - 0x8
core   0: 3 0x8000b460 (0xff9ff06f)
core   0: 0x8000b458 (0x00001f17) auipc   t5, 0x1
core   0: 3 0x8000b458 (0x00001f17) x30 0x8000c458
core   0: 0x8000b45c (0xba3f2423) sw      gp, -1112(t5)
core   0: 3 0x8000b45c (0xba3f2423) mem 0x8000c000 0x00000001
core   0: 0x8000b460 (0xff9ff06f) j       pc - 0x8
core   0: 3 0x8000b460 (0xff9ff06f)
core   0: 0x8000b458 (0x00001f17) auipc   t5, 0x1
core   0: 3 0x8000b458 (0x00001f17) x30 0x8000c458
core   0: 0x8000b45c (0xba3f2423) sw      gp, -1112(t5)
core   0: 3 0x8000b45c (0xba3f2423) mem 0x8000c000 0x00000001
core   0: 0x8000b460 (0xff9ff06f) j       pc - 0x8
core   0: 3 0x8000b460 (0xff9ff06f)
core   0: 0x8000b458 (0x00001f17) auipc   t5, 0x1
core   0: 3 0x8000b458 (0x00001f17) x30 0x8000c458
core   0: 0x8000b45c (0xba3f2423) sw      gp, -1112(t5)
core   0: 3 0x8000b45c (0xba3f2423) mem 0x8000c000 0x00000001
core   0: 0x8000b460 (0xff9ff06f) j       pc - 0x8
core   0: 3 0x8000b460 (0xff9ff06f)
core   0: 0x8000b458 (0x00001f17) auipc   t5, 0x1
core   0: 3 0x8000b458 (0x00001f17) x30 0x8000c458
core   0: 0x8000b45c (0xba3f2423) sw      gp, -1112(t5)
core   0: 3 0x8000b45c (0xba3f2423) mem 0x8000c000 0x00000001
core   0: 0x8000b460 (0xff9ff06f) j       pc - 0x8
core   0: 3 0x8000b460 (0xff9ff06f)
core   0: 0x8000b458 (0x00001f17) auipc   t5, 0x1
core   0: 3 0x8000b458 (0x00001f17) x30 0x8000c458
core   0: 0x8000b45c (0xba3f2423) sw      gp, -1112(t5)
core   0: 3 0x8000b45c (0xba3f2423) mem 0x8000c000 0x00000001
core   0: 0x8000b460 (0xff9ff06f) j       pc - 0x8
core   0: 3 0x8000b460 (0xff9ff06f)
core   0: 0x8000b458 (0x00001f17) auipc   t5, 0x1
core   0: 3 0x8000b458 (0x00001f17) x30 0x8000c458
core   0: 0x8000b45c (0xba3f2423) sw      gp, -1112(t5)
core   0: 3 0x8000b45c (0xba3f2423) mem 0x8000c000 0x00000001
core   0: 0x8000b460 (0xff9ff06f) j       pc - 0x8
core   0: 3 0x8000b460 (0xff9ff06f)
core   0: 0x8000b458 (0x00001f17) auipc   t5, 0x1
core   0: 3 0x8000b458 (0x00001f17) x30 0x8000c458
core   0: 0x8000b45c (0xba3f2423) sw      gp, -1112(t5)
core   0: 3 0x8000b45c (0xba3f2423) mem 0x8000c000 0x00000001
core   0: 0x8000b460 (0xff9ff06f) j       pc - 0x8
core   0: 3 0x8000b460 (0xff9ff06f)
core   0: 0x8000b458 (0x00001f17) auipc   t5, 0x1
core   0: 3 0x8000b458 (0x00001f17) x30 0x8000c458
core   0: 0x8000b45c (0xba3f2423) sw      gp, -1112(t5)
core   0: 3 0x8000b45c (0xba3f2423) mem 0x8000c000 0x00000001
core   0: 0x8000b460 (0xff9ff06f) j       pc - 0x8
core   0: 3 0x8000b460 (0xff9ff06f)
core   0: 0x8000b458 (0x00001f17) auipc   t5, 0x1
core   0: 3 0x8000b458 (0x00001f17) x30 0x8000c458
core   0: 0x8000b45c (0xba3f2423) sw      gp, -1112(t5)
core   0: 3 0x8000b45c (0xba3f2423) mem 0x8000c000 0x00000001
core   0: 0x8000b460 (0xff9ff06f) j       pc - 0x8
core   0: 3 0x8000b460 (0xff9ff06f)
core   0: 0x8000b458 (0x00001f17) auipc   t5, 0x1
core   0: 3 0x8000b458 (0x00001f17) x30 0x8000c458
core   0: 0x8000b45c (0xba3f2423) sw      gp, -1112(t5)
core   0: 3 0x8000b45c (0xba3f2423) mem 0x8000c000 0x00000001
core   0: 0x8000b460 (0xff9ff06f) j       pc - 0x8
core   0: 3 0x8000b460 (0xff9ff06f)
core   0: 0x8000b458 (0x00001f17) auipc   t5, 0x1
core   0: 3 0x8000b458 (0x00001f17) x30 0x8000c458
core   0: 0x8000b45c (0xba3f2423) sw      gp, -1112(t5)
core   0: 3 0x8000b45c (0xba3f2423) mem 0x8000c000 0x00000001
core   0: 0x8000b460 (0xff9ff06f) j       pc - 0x8
core   0: 3 0x8000b460 (0xff9ff06f)
core   0: 0x8000b458 (0x00001f17) auipc   t5, 0x1
core   0: 3 0x8000b458 (0x00001f17) x30 0x8000c458
core   0: 0x8000b45c (0xba3f2423) sw      gp, -1112(t5)
core   0: 3 0x8000b45c (0xba3f2423) mem 0x8000c000 0x00000001
core   0: 0x8000b460 (0xff9ff06f) j       pc - 0x8
core   0: 3 0x8000b460 (0xff9ff06f)
core   0: 0x8000b458 (0x00001f17) auipc   t5, 0x1
core   0: 3 0x8000b458 (0x00001f17) x30 0x8000c458
core   0: 0x8000b45c (0xba3f2423) sw      gp, -1112(t5)
core   0: 3 0x8000b45c (0xba3f2423) mem 0x8000c000 0x00000001
core   0: 0x8000b460 (0xff9ff06f) j       pc - 0x8
core   0: 3 0x8000b460 (0xff9ff06f)
core   0: 0x8000b458 (0x00001f17) auipc   t5, 0x1
core   0: 3 0x8000b458 (0x00001f17) x30 0x8000c458
core   0: 0x8000b45c (0xba3f2423) sw      gp, -1112(t5)
core   0: 3 0x8000b45c (0xba3f2423) mem 0x8000c000 0x00000001
core   0: 0x8000b460 (0xff9ff06f) j       pc - 0x8
core   0: 3 0x8000b460 (0xff9ff06f)
core   0: 0x8000b458 (0x00001f17) auipc   t5, 0x1
core   0: 3 0x8000b458 (0x00001f17) x30 0x8000c458
core   0: 0x8000b45c (0xba3f2423) sw      gp, -1112(t5)
core   0: 3 0x8000b45c (0xba3f2423) mem 0x8000c000 0x00000001
core   0: 0x8000b460 (0xff9ff06f) j       pc - 0x8
core   0: 3 0x8000b460 (0xff9ff06f)
core   0: 0x8000b458 (0x00001f17) auipc   t5, 0x1
core   0: 3 0x8000b458 (0x00001f17) x30 0x8000c458
core   0: 0x8000b45c (0xba3f2423) sw      gp, -1112(t5)
core   0: 3 0x8000b45c (0xba3f2423) mem 0x8000c000 0x00000001
core   0: 0x8000b460 (0xff9ff06f) j       pc - 0x8
core   0: 3 0x8000b460 (0xff9ff06f)
core   0: 0x8000b458 (0x00001f17) auipc   t5, 0x1
core   0: 3 0x8000b458 (0x00001f17) x30 0x8000c458
core   0: 0x8000b45c (0xba3f2423) sw      gp, -1112(t5)
core   0: 3 0x8000b45c (0xba3f2423) mem 0x8000c000 0x00000001
core   0: 0x8000b460 (0xff9ff06f) j       pc - 0x8
core   0: 3 0x8000b460 (0xff9ff06f)
core   0: 0x8000b458 (0x00001f17) auipc   t5, 0x1
core   0: 3 0x8000b458 (0x00001f17) x30 0x8000c458
core   0: 0x8000b45c (0xba3f2423) sw      gp, -1112(t5)
core   0: 3 0x8000b45c (0xba3f2423) mem 0x8000c000 0x00000001
core   0: 0x8000b460 (0xff9ff06f) j       pc - 0x8
core   0: 3 0x8000b460 (0xff9ff06f)
core   0: 0x8000b458 (0x00001f17) auipc   t5, 0x1
core   0: 3 0x8000b458 (0x00001f17) x30 0x8000c458
core   0: 0x8000b45c (0xba3f2423) sw      gp, -1112(t5)
core   0: 3 0x8000b45c (0xba3f2423) mem 0x8000c000 0x00000001
core   0: 0x8000b460 (0xff9ff06f) j       pc - 0x8
core   0: 3 0x8000b460 (0xff9ff06f)
core   0: 0x8000b458 (0x00001f17) auipc   t5, 0x1
core   0: 3 0x8000b458 (0x00001f17) x30 0x8000c458
core   0: 0x8000b45c (0xba3f2423) sw      gp, -1112(t5)
core   0: 3 0x8000b45c (0xba3f2423) mem 0x8000c000 0x00000001
core   0: 0x8000b460 (0xff9ff06f) j       pc - 0x8
core   0: 3 0x8000b460 (0xff9ff06f)
core   0: 0x8000b458 (0x00001f17) auipc   t5, 0x1
core   0: 3 0x8000b458 (0x00001f17) x30 0x8000c458
core   0: 0x8000b45c (0xba3f2423) sw      gp, -1112(t5)
core   0: 3 0x8000b45c (0xba3f2423) mem 0x8000c000 0x00000001
core   0: 0x8000b460 (0xff9ff06f) j       pc - 0x8
core   0: 3 0x8000b460 (0xff9ff06f)
core   0: 0x8000b458 (0x00001f17) auipc   t5, 0x1
core   0: 3 0x8000b458 (0x00001f17) x30 0x8000c458
core   0: 0x8000b45c (0xba3f2423) sw      gp, -1112(t5)
core   0: 3 0x8000b45c (0xba3f2423) mem 0x8000c000 0x00000001
core   0: 0x8000b460 (0xff9ff06f) j       pc - 0x8
core   0: 3 0x8000b460 (0xff9ff06f)
core   0: 0x8000b458 (0x00001f17) auipc   t5, 0x1
core   0: 3 0x8000b458 (0x00001f17) x30 0x8000c458
core   0: 0x8000b45c (0xba3f2423) sw      gp, -1112(t5)
core   0: 3 0x8000b45c (0xba3f2423) mem 0x8000c000 0x00000001
core   0: 0x8000b460 (0xff9ff06f) j       pc - 0x8
core   0: 3 0x8000b460 (0xff9ff06f)
core   0: 0x8000b458 (0x00001f17) auipc   t5, 0x1
core   0: 3 0x8000b458 (0x00001f17) x30 0x8000c458
core   0: 0x8000b45c (0xba3f2423) sw      gp, -1112(t5)
core   0: 3 0x8000b45c (0xba3f2423) mem 0x8000c000 0x00000001
core   0: 0x8000b460 (0xff9ff06f) j       pc - 0x8
core   0: 3 0x8000b460 (0xff9ff06f)
core   0: 0x8000b458 (0x00001f17) auipc   t5, 0x1
core   0: 3 0x8000b458 (0x00001f17) x30 0x8000c458
core   0: 0x8000b45c (0xba3f2423) sw      gp, -1112(t5)
core   0: 3 0x8000b45c (0xba3f2423) mem 0x8000c000 0x00000001
core   0: 0x8000b460 (0xff9ff06f) j       pc - 0x8
core   0: 3 0x8000b460 (0xff9ff06f)
core   0: 0x8000b458 (0x00001f17) auipc   t5, 0x1
core   0: 3 0x8000b458 (0x00001f17) x30 0x8000c458
core   0: 0x8000b45c (0xba3f2423) sw      gp, -1112(t5)
core   0: 3 0x8000b45c (0xba3f2423) mem 0x8000c000 0x00000001
core   0: 0x8000b460 (0xff9ff06f) j       pc - 0x8
core   0: 3 0x8000b460 (0xff9ff06f)
core   0: 0x8000b458 (0x00001f17) auipc   t5, 0x1
core   0: 3 0x8000b458 (0x00001f17) x30 0x8000c458
core   0: 0x8000b45c (0xba3f2423) sw      gp, -1112(t5)
core   0: 3 0x8000b45c (0xba3f2423) mem 0x8000c000 0x00000001
core   0: 0x8000b460 (0xff9ff06f) j       pc - 0x8
core   0: 3 0x8000b460 (0xff9ff06f)
core   0: 0x8000b458 (0x00001f17) auipc   t5, 0x1
core   0: 3 0x8000b458 (0x00001f17) x30 0x8000c458
core   0: 0x8000b45c (0xba3f2423) sw      gp, -1112(t5)
core   0: 3 0x8000b45c (0xba3f2423) mem 0x8000c000 0x00000001
core   0: 0x8000b460 (0xff9ff06f) j       pc - 0x8
core   0: 3 0x8000b460 (0xff9ff06f)
core   0: 0x8000b458 (0x00001f17) auipc   t5, 0x1
core   0: 3 0x8000b458 (0x00001f17) x30 0x8000c458
core   0: 0x8000b45c (0xba3f2423) sw      gp, -1112(t5)
core   0: 3 0x8000b45c (0xba3f2423) mem 0x8000c000 0x00000001
core   0: 0x8000b460 (0xff9ff06f) j       pc - 0x8
core   0: 3 0x8000b460 (0xff9ff06f)
core   0: 0x8000b458 (0x00001f17) auipc   t5, 0x1
core   0: 3 0x8000b458 (0x00001f17) x30 0x8000c458
core   0: 0x8000b45c (0xba3f2423) sw      gp, -1112(t5)
core   0: 3 0x8000b45c (0xba3f2423) mem 0x8000c000 0x00000001
core   0: 0x8000b460 (0xff9ff06f) j       pc - 0x8
core   0: 3 0x8000b460 (0xff9ff06f)
core   0: 0x8000b458 (0x00001f17) auipc   t5, 0x1
core   0: 3 0x8000b458 (0x00001f17) x30 0x8000c458
core   0: 0x8000b45c (0xba3f2423) sw      gp, -1112(t5)
core   0: 3 0x8000b45c (0xba3f2423) mem 0x8000c000 0x00000001
core   0: 0x8000b460 (0xff9ff06f) j       pc - 0x8
core   0: 3 0x8000b460 (0xff9ff06f)
core   0: 0x8000b458 (0x00001f17) auipc   t5, 0x1
core   0: 3 0x8000b458 (0x00001f17) x30 0x8000c458
core   0: 0x8000b45c (0xba3f2423) sw      gp, -1112(t5)
core   0: 3 0x8000b45c (0xba3f2423) mem 0x8000c000 0x00000001
core   0: 0x8000b460 (0xff9ff06f) j       pc - 0x8
core   0: 3 0x8000b460 (0xff9ff06f)
core   0: 0x8000b458 (0x00001f17) auipc   t5, 0x1
core   0: 3 0x8000b458 (0x00001f17) x30 0x8000c458
core   0: 0x8000b45c (0xba3f2423) sw      gp, -1112(t5)
core   0: 3 0x8000b45c (0xba3f2423) mem 0x8000c000 0x00000001
core   0: 0x8000b460 (0xff9ff06f) j       pc - 0x8
core   0: 3 0x8000b460 (0xff9ff06f)
core   0: 0x8000b458 (0x00001f17) auipc   t5, 0x1
core   0: 3 0x8000b458 (0x00001f17) x30 0x8000c458
core   0: 0x8000b45c (0xba3f2423) sw      gp, -1112(t5)
core   0: 3 0x8000b45c (0xba3f2423) mem 0x8000c000 0x00000001
core   0: 0x8000b460 (0xff9ff06f) j       pc - 0x8
core   0: 3 0x8000b460 (0xff9ff06f)
core   0: 0x8000b458 (0x00001f17) auipc   t5, 0x1
core   0: 3 0x8000b458 (0x00001f17) x30 0x8000c458
core   0: 0x8000b45c (0xba3f2423) sw      gp, -1112(t5)
core   0: 3 0x8000b45c (0xba3f2423) mem 0x8000c000 0x00000001
core   0: 0x8000b460 (0xff9ff06f) j       pc - 0x8
core   0: 3 0x8000b460 (0xff9ff06f)
core   0: 0x8000b458 (0x00001f17) auipc   t5, 0x1
core   0: 3 0x8000b458 (0x00001f17) x30 0x8000c458
core   0: 0x8000b45c (0xba3f2423) sw      gp, -1112(t5)
core   0: 3 0x8000b45c (0xba3f2423) mem 0x8000c000 0x00000001
core   0: 0x8000b460 (0xff9ff06f) j       pc - 0x8
core   0: 3 0x8000b460 (0xff9ff06f)
core   0: 0x8000b458 (0x00001f17) auipc   t5, 0x1
core   0: 3 0x8000b458 (0x00001f17) x30 0x8000c458
core   0: 0x8000b45c (0xba3f2423) sw      gp, -1112(t5)
core   0: 3 0x8000b45c (0xba3f2423) mem 0x8000c000 0x00000001
core   0: 0x8000b460 (0xff9ff06f) j       pc - 0x8
core   0: 3 0x8000b460 (0xff9ff06f)
core   0: 0x8000b458 (0x00001f17) auipc   t5, 0x1
core   0: 3 0x8000b458 (0x00001f17) x30 0x8000c458
core   0: 0x8000b45c (0xba3f2423) sw      gp, -1112(t5)
core   0: 3 0x8000b45c (0xba3f2423) mem 0x8000c000 0x00000001
core   0: 0x8000b460 (0xff9ff06f) j       pc - 0x8
core   0: 3 0x8000b460 (0xff9ff06f)
core   0: 0x8000b458 (0x00001f17) auipc   t5, 0x1
core   0: 3 0x8000b458 (0x00001f17) x30 0x8000c458
core   0: 0x8000b45c (0xba3f2423) sw      gp, -1112(t5)
core   0: 3 0x8000b45c (0xba3f2423) mem 0x8000c000 0x00000001
core   0: 0x8000b460 (0xff9ff06f) j       pc - 0x8
core   0: 3 0x8000b460 (0xff9ff06f)
core   0: 0x8000b458 (0x00001f17) auipc   t5, 0x1
core   0: 3 0x8000b458 (0x00001f17) x30 0x8000c458
core   0: 0x8000b45c (0xba3f2423) sw      gp, -1112(t5)
core   0: 3 0x8000b45c (0xba3f2423) mem 0x8000c000 0x00000001
core   0: 0x8000b460 (0xff9ff06f) j       pc - 0x8
core   0: 3 0x8000b460 (0xff9ff06f)
core   0: 0x8000b458 (0x00001f17) auipc   t5, 0x1
core   0: 3 0x8000b458 (0x00001f17) x30 0x8000c458
core   0: 0x8000b45c (0xba3f2423) sw      gp, -1112(t5)
core   0: 3 0x8000b45c (0xba3f2423) mem 0x8000c000 0x00000001
core   0: 0x8000b460 (0xff9ff06f) j       pc - 0x8
core   0: 3 0x8000b460 (0xff9ff06f)
core   0: 0x8000b458 (0x00001f17) auipc   t5, 0x1
core   0: 3 0x8000b458 (0x00001f17) x30 0x8000c458
core   0: 0x8000b45c (0xba3f2423) sw      gp, -1112(t5)
core   0: 3 0x8000b45c (0xba3f2423) mem 0x8000c000 0x00000001
core   0: 0x8000b460 (0xff9ff06f) j       pc - 0x8
core   0: 3 0x8000b460 (0xff9ff06f)
core   0: 0x8000b458 (0x00001f17) auipc   t5, 0x1
core   0: 3 0x8000b458 (0x00001f17) x30 0x8000c458
core   0: 0x8000b45c (0xba3f2423) sw      gp, -1112(t5)
core   0: 3 0x8000b45c (0xba3f2423) mem 0x8000c000 0x00000001
core   0: 0x8000b460 (0xff9ff06f) j       pc - 0x8
core   0: 3 0x8000b460 (0xff9ff06f)
core   0: 0x8000b458 (0x00001f17) auipc   t5, 0x1
core   0: 3 0x8000b458 (0x00001f17) x30 0x8000c458
core   0: 0x8000b45c (0xba3f2423) sw      gp, -1112(t5)
core   0: 3 0x8000b45c (0xba3f2423) mem 0x8000c000 0x00000001
core   0: 0x8000b460 (0xff9ff06f) j       pc - 0x8
core   0: 3 0x8000b460 (0xff9ff06f)
core   0: 0x8000b458 (0x00001f17) auipc   t5, 0x1
core   0: 3 0x8000b458 (0x00001f17) x30 0x8000c458
core   0: 0x8000b45c (0xba3f2423) sw      gp, -1112(t5)
core   0: 3 0x8000b45c (0xba3f2423) mem 0x8000c000 0x00000001
core   0: 0x8000b460 (0xff9ff06f) j       pc - 0x8
core   0: 3 0x8000b460 (0xff9ff06f)
core   0: 0x8000b458 (0x00001f17) auipc   t5, 0x1
core   0: 3 0x8000b458 (0x00001f17) x30 0x8000c458
core   0: 0x8000b45c (0xba3f2423) sw      gp, -1112(t5)
core   0: 3 0x8000b45c (0xba3f2423) mem 0x8000c000 0x00000001
core   0: 0x8000b460 (0xff9ff06f) j       pc - 0x8
core   0: 3 0x8000b460 (0xff9ff06f)
core   0: 0x8000b458 (0x00001f17) auipc   t5, 0x1
core   0: 3 0x8000b458 (0x00001f17) x30 0x8000c458
core   0: 0x8000b45c (0xba3f2423) sw      gp, -1112(t5)
core   0: 3 0x8000b45c (0xba3f2423) mem 0x8000c000 0x00000001
core   0: 0x8000b460 (0xff9ff06f) j       pc - 0x8
core   0: 3 0x8000b460 (0xff9ff06f)
core   0: 0x8000b458 (0x00001f17) auipc   t5, 0x1
core   0: 3 0x8000b458 (0x00001f17) x30 0x8000c458
core   0: 0x8000b45c (0xba3f2423) sw      gp, -1112(t5)
core   0: 3 0x8000b45c (0xba3f2423) mem 0x8000c000 0x00000001
core   0: 0x8000b460 (0xff9ff06f) j       pc - 0x8
core   0: 3 0x8000b460 (0xff9ff06f)
core   0: 0x8000b458 (0x00001f17) auipc   t5, 0x1
core   0: 3 0x8000b458 (0x00001f17) x30 0x8000c458
core   0: 0x8000b45c (0xba3f2423) sw      gp, -1112(t5)
core   0: 3 0x8000b45c (0xba3f2423) mem 0x8000c000 0x00000001
core   0: 0x8000b460 (0xff9ff06f) j       pc - 0x8
core   0: 3 0x8000b460 (0xff9ff06f)
core   0: 0x8000b458 (0x00001f17) auipc   t5, 0x1
core   0: 3 0x8000b458 (0x00001f17) x30 0x8000c458
core   0: 0x8000b45c (0xba3f2423) sw      gp, -1112(t5)
core   0: 3 0x8000b45c (0xba3f2423) mem 0x8000c000 0x00000001
core   0: 0x8000b460 (0xff9ff06f) j       pc - 0x8
core   0: 3 0x8000b460 (0xff9ff06f)
core   0: 0x8000b458 (0x00001f17) auipc   t5, 0x1
core   0: 3 0x8000b458 (0x00001f17) x30 0x8000c458
core   0: 0x8000b45c (0xba3f2423) sw      gp, -1112(t5)
core   0: 3 0x8000b45c (0xba3f2423) mem 0x8000c000 0x00000001
core   0: 0x8000b460 (0xff9ff06f) j       pc - 0x8
core   0: 3 0x8000b460 (0xff9ff06f)
core   0: 0x8000b458 (0x00001f17) auipc   t5, 0x1
core   0: 3 0x8000b458 (0x00001f17) x30 0x8000c458
core   0: 0x8000b45c (0xba3f2423) sw      gp, -1112(t5)
core   0: 3 0x8000b45c (0xba3f2423) mem 0x8000c000 0x00000001
core   0: 0x8000b460 (0xff9ff06f) j       pc - 0x8
core   0: 3 0x8000b460 (0xff9ff06f)
core   0: 0x8000b458 (0x00001f17) auipc   t5, 0x1
core   0: 3 0x8000b458 (0x00001f17) x30 0x8000c458
core   0: 0x8000b45c (0xba3f2423) sw      gp, -1112(t5)
core   0: 3 0x8000b45c (0xba3f2423) mem 0x8000c000 0x00000001
core   0: 0x8000b460 (0xff9ff06f) j       pc - 0x8
core   0: 3 0x8000b460 (0xff9ff06f)
core   0: 0x8000b458 (0x00001f17) auipc   t5, 0x1
core   0: 3 0x8000b458 (0x00001f17) x30 0x8000c458
core   0: 0x8000b45c (0xba3f2423) sw      gp, -1112(t5)
core   0: 3 0x8000b45c (0xba3f2423) mem 0x8000c000 0x00000001
core   0: 0x8000b460 (0xff9ff06f) j       pc - 0x8
core   0: 3 0x8000b460 (0xff9ff06f)
core   0: 0x8000b458 (0x00001f17) auipc   t5, 0x1
core   0: 3 0x8000b458 (0x00001f17) x30 0x8000c458
core   0: 0x8000b45c (0xba3f2423) sw      gp, -1112(t5)
core   0: 3 0x8000b45c (0xba3f2423) mem 0x8000c000 0x00000001
core   0: 0x8000b460 (0xff9ff06f) j       pc - 0x8
core   0: 3 0x8000b460 (0xff9ff06f)
core   0: 0x8000b458 (0x00001f17) auipc   t5, 0x1
core   0: 3 0x8000b458 (0x00001f17) x30 0x8000c458
core   0: 0x8000b45c (0xba3f2423) sw      gp, -1112(t5)
core   0: 3 0x8000b45c (0xba3f2423) mem 0x8000c000 0x00000001
core   0: 0x8000b460 (0xff9ff06f) j       pc - 0x8
core   0: 3 0x8000b460 (0xff9ff06f)
core   0: 0x8000b458 (0x00001f17) auipc   t5, 0x1
core   0: 3 0x8000b458 (0x00001f17) x30 0x8000c458
core   0: 0x8000b45c (0xba3f2423) sw      gp, -1112(t5)
core   0: 3 0x8000b45c (0xba3f2423) mem 0x8000c000 0x00000001
core   0: 0x8000b460 (0xff9ff06f) j       pc - 0x8
core   0: 3 0x8000b460 (0xff9ff06f)
core   0: 0x8000b458 (0x00001f17) auipc   t5, 0x1
core   0: 3 0x8000b458 (0x00001f17) x30 0x8000c458
core   0: 0x8000b45c (0xba3f2423) sw      gp, -1112(t5)
core   0: 3 0x8000b45c (0xba3f2423) mem 0x8000c000 0x00000001
core   0: 0x8000b460 (0xff9ff06f) j       pc - 0x8
core   0: 3 0x8000b460 (0xff9ff06f)
core   0: 0x8000b458 (0x00001f17) auipc   t5, 0x1
core   0: 3 0x8000b458 (0x00001f17) x30 0x8000c458
core   0: 0x8000b45c (0xba3f2423) sw      gp, -1112(t5)
core   0: 3 0x8000b45c (0xba3f2423) mem 0x8000c000 0x00000001
core   0: 0x8000b460 (0xff9ff06f) j       pc - 0x8
core   0: 3 0x8000b460 (0xff9ff06f)
core   0: 0x8000b458 (0x00001f17) auipc   t5, 0x1
core   0: 3 0x8000b458 (0x00001f17) x30 0x8000c458
core   0: 0x8000b45c (0xba3f2423) sw      gp, -1112(t5)
core   0: 3 0x8000b45c (0xba3f2423) mem 0x8000c000 0x00000001
core   0: 0x8000b460 (0xff9ff06f) j       pc - 0x8
core   0: 3 0x8000b460 (0xff9ff06f)
core   0: 0x8000b458 (0x00001f17) auipc   t5, 0x1
core   0: 3 0x8000b458 (0x00001f17) x30 0x8000c458
core   0: 0x8000b45c (0xba3f2423) sw      gp, -1112(t5)
core   0: 3 0x8000b45c (0xba3f2423) mem 0x8000c000 0x00000001
core   0: 0x8000b460 (0xff9ff06f) j       pc - 0x8
core   0: 3 0x8000b460 (0xff9ff06f)
core   0: 0x8000b458 (0x00001f17) auipc   t5, 0x1
core   0: 3 0x8000b458 (0x00001f17) x30 0x8000c458
core   0: 0x8000b45c (0xba3f2423) sw      gp, -1112(t5)
core   0: 3 0x8000b45c (0xba3f2423) mem 0x8000c000 0x00000001
core   0: 0x8000b460 (0xff9ff06f) j       pc - 0x8
core   0: 3 0x8000b460 (0xff9ff06f)
core   0: 0x8000b458 (0x00001f17) auipc   t5, 0x1
core   0: 3 0x8000b458 (0x00001f17) x30 0x8000c458
core   0: 0x8000b45c (0xba3f2423) sw      gp, -1112(t5)
core   0: 3 0x8000b45c (0xba3f2423) mem 0x8000c000 0x00000001
core   0: 0x8000b460 (0xff9ff06f) j       pc - 0x8
core   0: 3 0x8000b460 (0xff9ff06f)
core   0: 0x8000b458 (0x00001f17) auipc   t5, 0x1
core   0: 3 0x8000b458 (0x00001f17) x30 0x8000c458
core   0: 0x8000b45c (0xba3f2423) sw      gp, -1112(t5)
core   0: 3 0x8000b45c (0xba3f2423) mem 0x8000c000 0x00000001
core   0: 0x8000b460 (0xff9ff06f) j       pc - 0x8
core   0: 3 0x8000b460 (0xff9ff06f)
core   0: 0x8000b458 (0x00001f17) auipc   t5, 0x1
core   0: 3 0x8000b458 (0x00001f17) x30 0x8000c458
core   0: 0x8000b45c (0xba3f2423) sw      gp, -1112(t5)
core   0: 3 0x8000b45c (0xba3f2423) mem 0x8000c000 0x00000001
core   0: 0x8000b460 (0xff9ff06f) j       pc - 0x8
core   0: 3 0x8000b460 (0xff9ff06f)
core   0: 0x8000b458 (0x00001f17) auipc   t5, 0x1
core   0: 3 0x8000b458 (0x00001f17) x30 0x8000c458
core   0: 0x8000b45c (0xba3f2423) sw      gp, -1112(t5)
core   0: 3 0x8000b45c (0xba3f2423) mem 0x8000c000 0x00000001
core   0: 0x8000b460 (0xff9ff06f) j       pc - 0x8
core   0: 3 0x8000b460 (0xff9ff06f)
core   0: 0x8000b458 (0x00001f17) auipc   t5, 0x1
core   0: 3 0x8000b458 (0x00001f17) x30 0x8000c458
core   0: 0x8000b45c (0xba3f2423) sw      gp, -1112(t5)
core   0: 3 0x8000b45c (0xba3f2423) mem 0x8000c000 0x00000001
core   0: 0x8000b460 (0xff9ff06f) j       pc - 0x8
core   0: 3 0x8000b460 (0xff9ff06f)
core   0: 0x8000b458 (0x00001f17) auipc   t5, 0x1
core   0: 3 0x8000b458 (0x00001f17) x30 0x8000c458
core   0: 0x8000b45c (0xba3f2423) sw      gp, -1112(t5)
core   0: 3 0x8000b45c (0xba3f2423) mem 0x8000c000 0x00000001
core   0: 0x8000b460 (0xff9ff06f) j       pc - 0x8
core   0: 3 0x8000b460 (0xff9ff06f)
core   0: 0x8000b458 (0x00001f17) auipc   t5, 0x1
core   0: 3 0x8000b458 (0x00001f17) x30 0x8000c458
core   0: 0x8000b45c (0xba3f2423) sw      gp, -1112(t5)
core   0: 3 0x8000b45c (0xba3f2423) mem 0x8000c000 0x00000001
core   0: 0x8000b460 (0xff9ff06f) j       pc - 0x8
core   0: 3 0x8000b460 (0xff9ff06f)
core   0: 0x8000b458 (0x00001f17) auipc   t5, 0x1
core   0: 3 0x8000b458 (0x00001f17) x30 0x8000c458
core   0: 0x8000b45c (0xba3f2423) sw      gp, -1112(t5)
core   0: 3 0x8000b45c (0xba3f2423) mem 0x8000c000 0x00000001
core   0: 0x8000b460 (0xff9ff06f) j       pc - 0x8
core   0: 3 0x8000b460 (0xff9ff06f)
core   0: 0x8000b458 (0x00001f17) auipc   t5, 0x1
core   0: 3 0x8000b458 (0x00001f17) x30 0x8000c458
core   0: 0x8000b45c (0xba3f2423) sw      gp, -1112(t5)
core   0: 3 0x8000b45c (0xba3f2423) mem 0x8000c000 0x00000001
core   0: 0x8000b460 (0xff9ff06f) j       pc - 0x8
core   0: 3 0x8000b460 (0xff9ff06f)
core   0: 0x8000b458 (0x00001f17) auipc   t5, 0x1
core   0: 3 0x8000b458 (0x00001f17) x30 0x8000c458
core   0: 0x8000b45c (0xba3f2423) sw      gp, -1112(t5)
core   0: 3 0x8000b45c (0xba3f2423) mem 0x8000c000 0x00000001
core   0: 0x8000b460 (0xff9ff06f) j       pc - 0x8
core   0: 3 0x8000b460 (0xff9ff06f)
core   0: 0x8000b458 (0x00001f17) auipc   t5, 0x1
core   0: 3 0x8000b458 (0x00001f17) x30 0x8000c458
core   0: 0x8000b45c (0xba3f2423) sw      gp, -1112(t5)
core   0: 3 0x8000b45c (0xba3f2423) mem 0x8000c000 0x00000001
core   0: 0x8000b460 (0xff9ff06f) j       pc - 0x8
core   0: 3 0x8000b460 (0xff9ff06f)
core   0: 0x8000b458 (0x00001f17) auipc   t5, 0x1
core   0: 3 0x8000b458 (0x00001f17) x30 0x8000c458
core   0: 0x8000b45c (0xba3f2423) sw      gp, -1112(t5)
core   0: 3 0x8000b45c (0xba3f2423) mem 0x8000c000 0x00000001
core   0: 0x8000b460 (0xff9ff06f) j       pc - 0x8
core   0: 3 0x8000b460 (0xff9ff06f)
core   0: 0x8000b458 (0x00001f17) auipc   t5, 0x1
core   0: 3 0x8000b458 (0x00001f17) x30 0x8000c458
core   0: 0x8000b45c (0xba3f2423) sw      gp, -1112(t5)
core   0: 3 0x8000b45c (0xba3f2423) mem 0x8000c000 0x00000001
core   0: 0x8000b460 (0xff9ff06f) j       pc - 0x8
core   0: 3 0x8000b460 (0xff9ff06f)
core   0: 0x8000b458 (0x00001f17) auipc   t5, 0x1
core   0: 3 0x8000b458 (0x00001f17) x30 0x8000c458
core   0: 0x8000b45c (0xba3f2423) sw      gp, -1112(t5)
core   0: 3 0x8000b45c (0xba3f2423) mem 0x8000c000 0x00000001
core   0: 0x8000b460 (0xff9ff06f) j       pc - 0x8
core   0: 3 0x8000b460 (0xff9ff06f)
core   0: 0x8000b458 (0x00001f17) auipc   t5, 0x1
core   0: 3 0x8000b458 (0x00001f17) x30 0x8000c458
core   0: 0x8000b45c (0xba3f2423) sw      gp, -1112(t5)
core   0: 3 0x8000b45c (0xba3f2423) mem 0x8000c000 0x00000001
core   0: 0x8000b460 (0xff9ff06f) j       pc - 0x8
core   0: 3 0x8000b460 (0xff9ff06f)
core   0: 0x8000b458 (0x00001f17) auipc   t5, 0x1
core   0: 3 0x8000b458 (0x00001f17) x30 0x8000c458
core   0: 0x8000b45c (0xba3f2423) sw      gp, -1112(t5)
core   0: 3 0x8000b45c (0xba3f2423) mem 0x8000c000 0x00000001
core   0: 0x8000b460 (0xff9ff06f) j       pc - 0x8
core   0: 3 0x8000b460 (0xff9ff06f)
core   0: 0x8000b458 (0x00001f17) auipc   t5, 0x1
core   0: 3 0x8000b458 (0x00001f17) x30 0x8000c458
core   0: 0x8000b45c (0xba3f2423) sw      gp, -1112(t5)
core   0: 3 0x8000b45c (0xba3f2423) mem 0x8000c000 0x00000001
core   0: 0x8000b460 (0xff9ff06f) j       pc - 0x8
core   0: 3 0x8000b460 (0xff9ff06f)
core   0: 0x8000b458 (0x00001f17) auipc   t5, 0x1
core   0: 3 0x8000b458 (0x00001f17) x30 0x8000c458
core   0: 0x8000b45c (0xba3f2423) sw      gp, -1112(t5)
core   0: 3 0x8000b45c (0xba3f2423) mem 0x8000c000 0x00000001
core   0: 0x8000b460 (0xff9ff06f) j       pc - 0x8
core   0: 3 0x8000b460 (0xff9ff06f)
core   0: 0x8000b458 (0x00001f17) auipc   t5, 0x1
core   0: 3 0x8000b458 (0x00001f17) x30 0x8000c458
core   0: 0x8000b45c (0xba3f2423) sw      gp, -1112(t5)
core   0: 3 0x8000b45c (0xba3f2423) mem 0x8000c000 0x00000001
core   0: 0x8000b460 (0xff9ff06f) j       pc - 0x8
core   0: 3 0x8000b460 (0xff9ff06f)
core   0: 0x8000b458 (0x00001f17) auipc   t5, 0x1
core   0: 3 0x8000b458 (0x00001f17) x30 0x8000c458
core   0: 0x8000b45c (0xba3f2423) sw      gp, -1112(t5)
core   0: 3 0x8000b45c (0xba3f2423) mem 0x8000c000 0x00000001
core   0: 0x8000b460 (0xff9ff06f) j       pc - 0x8
core   0: 3 0x8000b460 (0xff9ff06f)
core   0: 0x8000b458 (0x00001f17) auipc   t5, 0x1
core   0: 3 0x8000b458 (0x00001f17) x30 0x8000c458
core   0: 0x8000b45c (0xba3f2423) sw      gp, -1112(t5)
core   0: 3 0x8000b45c (0xba3f2423) mem 0x8000c000 0x00000001
core   0: 0x8000b460 (0xff9ff06f) j       pc - 0x8
core   0: 3 0x8000b460 (0xff9ff06f)
core   0: 0x8000b458 (0x00001f17) auipc   t5, 0x1
core   0: 3 0x8000b458 (0x00001f17) x30 0x8000c458
core   0: 0x8000b45c (0xba3f2423) sw      gp, -1112(t5)
core   0: 3 0x8000b45c (0xba3f2423) mem 0x8000c000 0x00000001
core   0: 0x8000b460 (0xff9ff06f) j       pc - 0x8
core   0: 3 0x8000b460 (0xff9ff06f)
core   0: 0x8000b458 (0x00001f17) auipc   t5, 0x1
core   0: 3 0x8000b458 (0x00001f17) x30 0x8000c458
core   0: 0x8000b45c (0xba3f2423) sw      gp, -1112(t5)
core   0: 3 0x8000b45c (0xba3f2423) mem 0x8000c000 0x00000001
core   0: 0x8000b460 (0xff9ff06f) j       pc - 0x8
core   0: 3 0x8000b460 (0xff9ff06f)
core   0: 0x8000b458 (0x00001f17) auipc   t5, 0x1
core   0: 3 0x8000b458 (0x00001f17) x30 0x8000c458
core   0: 0x8000b45c (0xba3f2423) sw      gp, -1112(t5)
core   0: 3 0x8000b45c (0xba3f2423) mem 0x8000c000 0x00000001
core   0: 0x8000b460 (0xff9ff06f) j       pc - 0x8
core   0: 3 0x8000b460 (0xff9ff06f)
core   0: 0x8000b458 (0x00001f17) auipc   t5, 0x1
core   0: 3 0x8000b458 (0x00001f17) x30 0x8000c458
core   0: 0x8000b45c (0xba3f2423) sw      gp, -1112(t5)
core   0: 3 0x8000b45c (0xba3f2423) mem 0x8000c000 0x00000001
core   0: 0x8000b460 (0xff9ff06f) j       pc - 0x8
core   0: 3 0x8000b460 (0xff9ff06f)
core   0: 0x8000b458 (0x00001f17) auipc   t5, 0x1
core   0: 3 0x8000b458 (0x00001f17) x30 0x8000c458
core   0: 0x8000b45c (0xba3f2423) sw      gp, -1112(t5)
core   0: 3 0x8000b45c (0xba3f2423) mem 0x8000c000 0x00000001
core   0: 0x8000b460 (0xff9ff06f) j       pc - 0x8
core   0: 3 0x8000b460 (0xff9ff06f)
core   0: 0x8000b458 (0x00001f17) auipc   t5, 0x1
core   0: 3 0x8000b458 (0x00001f17) x30 0x8000c458
core   0: 0x8000b45c (0xba3f2423) sw      gp, -1112(t5)
core   0: 3 0x8000b45c (0xba3f2423) mem 0x8000c000 0x00000001
core   0: 0x8000b460 (0xff9ff06f) j       pc - 0x8
core   0: 3 0x8000b460 (0xff9ff06f)
core   0: 0x8000b458 (0x00001f17) auipc   t5, 0x1
core   0: 3 0x8000b458 (0x00001f17) x30 0x8000c458
core   0: 0x8000b45c (0xba3f2423) sw      gp, -1112(t5)
core   0: 3 0x8000b45c (0xba3f2423) mem 0x8000c000 0x00000001
core   0: 0x8000b460 (0xff9ff06f) j       pc - 0x8
core   0: 3 0x8000b460 (0xff9ff06f)
core   0: 0x8000b458 (0x00001f17) auipc   t5, 0x1
core   0: 3 0x8000b458 (0x00001f17) x30 0x8000c458
core   0: 0x8000b45c (0xba3f2423) sw      gp, -1112(t5)
core   0: 3 0x8000b45c (0xba3f2423) mem 0x8000c000 0x00000001
core   0: 0x8000b460 (0xff9ff06f) j       pc - 0x8
core   0: 3 0x8000b460 (0xff9ff06f)
core   0: 0x8000b458 (0x00001f17) auipc   t5, 0x1
core   0: 3 0x8000b458 (0x00001f17) x30 0x8000c458
core   0: 0x8000b45c (0xba3f2423) sw      gp, -1112(t5)
core   0: 3 0x8000b45c (0xba3f2423) mem 0x8000c000 0x00000001
core   0: 0x8000b460 (0xff9ff06f) j       pc - 0x8
core   0: 3 0x8000b460 (0xff9ff06f)
core   0: 0x8000b458 (0x00001f17) auipc   t5, 0x1
core   0: 3 0x8000b458 (0x00001f17) x30 0x8000c458
core   0: 0x8000b45c (0xba3f2423) sw      gp, -1112(t5)
core   0: 3 0x8000b45c (0xba3f2423) mem 0x8000c000 0x00000001
core   0: 0x8000b460 (0xff9ff06f) j       pc - 0x8
core   0: 3 0x8000b460 (0xff9ff06f)
core   0: 0x8000b458 (0x00001f17) auipc   t5, 0x1
core   0: 3 0x8000b458 (0x00001f17) x30 0x8000c458
core   0: 0x8000b45c (0xba3f2423) sw      gp, -1112(t5)
core   0: 3 0x8000b45c (0xba3f2423) mem 0x8000c000 0x00000001
core   0: 0x8000b460 (0xff9ff06f) j       pc - 0x8
core   0: 3 0x8000b460 (0xff9ff06f)
core   0: 0x8000b458 (0x00001f17) auipc   t5, 0x1
core   0: 3 0x8000b458 (0x00001f17) x30 0x8000c458
core   0: 0x8000b45c (0xba3f2423) sw      gp, -1112(t5)
core   0: 3 0x8000b45c (0xba3f2423) mem 0x8000c000 0x00000001
core   0: 0x8000b460 (0xff9ff06f) j       pc - 0x8
core   0: 3 0x8000b460 (0xff9ff06f)
core   0: 0x8000b458 (0x00001f17) auipc   t5, 0x1
core   0: 3 0x8000b458 (0x00001f17) x30 0x8000c458
core   0: 0x8000b45c (0xba3f2423) sw      gp, -1112(t5)
core   0: 3 0x8000b45c (0xba3f2423) mem 0x8000c000 0x00000001
core   0: 0x8000b460 (0xff9ff06f) j       pc - 0x8
core   0: 3 0x8000b460 (0xff9ff06f)
core   0: 0x8000b458 (0x00001f17) auipc   t5, 0x1
core   0: 3 0x8000b458 (0x00001f17) x30 0x8000c458
core   0: 0x8000b45c (0xba3f2423) sw      gp, -1112(t5)
core   0: 3 0x8000b45c (0xba3f2423) mem 0x8000c000 0x00000001
core   0: 0x8000b460 (0xff9ff06f) j       pc - 0x8
core   0: 3 0x8000b460 (0xff9ff06f)
core   0: 0x8000b458 (0x00001f17) auipc   t5, 0x1
core   0: 3 0x8000b458 (0x00001f17) x30 0x8000c458
core   0: 0x8000b45c (0xba3f2423) sw      gp, -1112(t5)
core   0: 3 0x8000b45c (0xba3f2423) mem 0x8000c000 0x00000001
core   0: 0x8000b460 (0xff9ff06f) j       pc - 0x8
core   0: 3 0x8000b460 (0xff9ff06f)
core   0: 0x8000b458 (0x00001f17) auipc   t5, 0x1
core   0: 3 0x8000b458 (0x00001f17) x30 0x8000c458
core   0: 0x8000b45c (0xba3f2423) sw      gp, -1112(t5)
core   0: 3 0x8000b45c (0xba3f2423) mem 0x8000c000 0x00000001
core   0: 0x8000b460 (0xff9ff06f) j       pc - 0x8
core   0: 3 0x8000b460 (0xff9ff06f)
core   0: 0x8000b458 (0x00001f17) auipc   t5, 0x1
core   0: 3 0x8000b458 (0x00001f17) x30 0x8000c458
core   0: 0x8000b45c (0xba3f2423) sw      gp, -1112(t5)
core   0: 3 0x8000b45c (0xba3f2423) mem 0x8000c000 0x00000001
core   0: 0x8000b460 (0xff9ff06f) j       pc - 0x8
core   0: 3 0x8000b460 (0xff9ff06f)
core   0: 0x8000b458 (0x00001f17) auipc   t5, 0x1
core   0: 3 0x8000b458 (0x00001f17) x30 0x8000c458
core   0: 0x8000b45c (0xba3f2423) sw      gp, -1112(t5)
core   0: 3 0x8000b45c (0xba3f2423) mem 0x8000c000 0x00000001
core   0: 0x8000b460 (0xff9ff06f) j       pc - 0x8
core   0: 3 0x8000b460 (0xff9ff06f)
core   0: 0x8000b458 (0x00001f17) auipc   t5, 0x1
core   0: 3 0x8000b458 (0x00001f17) x30 0x8000c458
core   0: 0x8000b45c (0xba3f2423) sw      gp, -1112(t5)
core   0: 3 0x8000b45c (0xba3f2423) mem 0x8000c000 0x00000001
core   0: 0x8000b460 (0xff9ff06f) j       pc - 0x8
core   0: 3 0x8000b460 (0xff9ff06f)
core   0: 0x8000b458 (0x00001f17) auipc   t5, 0x1
core   0: 3 0x8000b458 (0x00001f17) x30 0x8000c458
core   0: 0x8000b45c (0xba3f2423) sw      gp, -1112(t5)
core   0: 3 0x8000b45c (0xba3f2423) mem 0x8000c000 0x00000001
core   0: 0x8000b460 (0xff9ff06f) j       pc - 0x8
core   0: 3 0x8000b460 (0xff9ff06f)
core   0: 0x8000b458 (0x00001f17) auipc   t5, 0x1
core   0: 3 0x8000b458 (0x00001f17) x30 0x8000c458
core   0: 0x8000b45c (0xba3f2423) sw      gp, -1112(t5)
core   0: 3 0x8000b45c (0xba3f2423) mem 0x8000c000 0x00000001
core   0: 0x8000b460 (0xff9ff06f) j       pc - 0x8
core   0: 3 0x8000b460 (0xff9ff06f)
core   0: 0x8000b458 (0x00001f17) auipc   t5, 0x1
core   0: 3 0x8000b458 (0x00001f17) x30 0x8000c458
core   0: 0x8000b45c (0xba3f2423) sw      gp, -1112(t5)
core   0: 3 0x8000b45c (0xba3f2423) mem 0x8000c000 0x00000001
core   0: 0x8000b460 (0xff9ff06f) j       pc - 0x8
core   0: 3 0x8000b460 (0xff9ff06f)
core   0: 0x8000b458 (0x00001f17) auipc   t5, 0x1
core   0: 3 0x8000b458 (0x00001f17) x30 0x8000c458
core   0: 0x8000b45c (0xba3f2423) sw      gp, -1112(t5)
core   0: 3 0x8000b45c (0xba3f2423) mem 0x8000c000 0x00000001
core   0: 0x8000b460 (0xff9ff06f) j       pc - 0x8
core   0: 3 0x8000b460 (0xff9ff06f)
core   0: 0x8000b458 (0x00001f17) auipc   t5, 0x1
core   0: 3 0x8000b458 (0x00001f17) x30 0x8000c458
core   0: 0x8000b45c (0xba3f2423) sw      gp, -1112(t5)
core   0: 3 0x8000b45c (0xba3f2423) mem 0x8000c000 0x00000001
core   0: 0x8000b460 (0xff9ff06f) j       pc - 0x8
core   0: 3 0x8000b460 (0xff9ff06f)
core   0: 0x8000b458 (0x00001f17) auipc   t5, 0x1
core   0: 3 0x8000b458 (0x00001f17) x30 0x8000c458
core   0: 0x8000b45c (0xba3f2423) sw      gp, -1112(t5)
core   0: 3 0x8000b45c (0xba3f2423) mem 0x8000c000 0x00000001
core   0: 0x8000b460 (0xff9ff06f) j       pc - 0x8
core   0: 3 0x8000b460 (0xff9ff06f)
core   0: 0x8000b458 (0x00001f17) auipc   t5, 0x1
core   0: 3 0x8000b458 (0x00001f17) x30 0x8000c458
core   0: 0x8000b45c (0xba3f2423) sw      gp, -1112(t5)
core   0: 3 0x8000b45c (0xba3f2423) mem 0x8000c000 0x00000001
core   0: 0x8000b460 (0xff9ff06f) j       pc - 0x8
core   0: 3 0x8000b460 (0xff9ff06f)
core   0: 0x8000b458 (0x00001f17) auipc   t5, 0x1
core   0: 3 0x8000b458 (0x00001f17) x30 0x8000c458
core   0: 0x8000b45c (0xba3f2423) sw      gp, -1112(t5)
core   0: 3 0x8000b45c (0xba3f2423) mem 0x8000c000 0x00000001
core   0: 0x8000b460 (0xff9ff06f) j       pc - 0x8
core   0: 3 0x8000b460 (0xff9ff06f)
core   0: 0x8000b458 (0x00001f17) auipc   t5, 0x1
core   0: 3 0x8000b458 (0x00001f17) x30 0x8000c458
core   0: 0x8000b45c (0xba3f2423) sw      gp, -1112(t5)
core   0: 3 0x8000b45c (0xba3f2423) mem 0x8000c000 0x00000001
core   0: 0x8000b460 (0xff9ff06f) j       pc - 0x8
core   0: 3 0x8000b460 (0xff9ff06f)
core   0: 0x8000b458 (0x00001f17) auipc   t5, 0x1
core   0: 3 0x8000b458 (0x00001f17) x30 0x8000c458
core   0: 0x8000b45c (0xba3f2423) sw      gp, -1112(t5)
core   0: 3 0x8000b45c (0xba3f2423) mem 0x8000c000 0x00000001
core   0: 0x8000b460 (0xff9ff06f) j       pc - 0x8
core   0: 3 0x8000b460 (0xff9ff06f)
core   0: 0x8000b458 (0x00001f17) auipc   t5, 0x1
core   0: 3 0x8000b458 (0x00001f17) x30 0x8000c458
core   0: 0x8000b45c (0xba3f2423) sw      gp, -1112(t5)
core   0: 3 0x8000b45c (0xba3f2423) mem 0x8000c000 0x00000001
core   0: 0x8000b460 (0xff9ff06f) j       pc - 0x8
core   0: 3 0x8000b460 (0xff9ff06f)
core   0: 0x8000b458 (0x00001f17) auipc   t5, 0x1
core   0: 3 0x8000b458 (0x00001f17) x30 0x8000c458
core   0: 0x8000b45c (0xba3f2423) sw      gp, -1112(t5)
core   0: 3 0x8000b45c (0xba3f2423) mem 0x8000c000 0x00000001
core   0: 0x8000b460 (0xff9ff06f) j       pc - 0x8
core   0: 3 0x8000b460 (0xff9ff06f)
core   0: 0x8000b458 (0x00001f17) auipc   t5, 0x1
core   0: 3 0x8000b458 (0x00001f17) x30 0x8000c458
core   0: 0x8000b45c (0xba3f2423) sw      gp, -1112(t5)
core   0: 3 0x8000b45c (0xba3f2423) mem 0x8000c000 0x00000001
core   0: 0x8000b460 (0xff9ff06f) j       pc - 0x8
core   0: 3 0x8000b460 (0xff9ff06f)
core   0: 0x8000b458 (0x00001f17) auipc   t5, 0x1
core   0: 3 0x8000b458 (0x00001f17) x30 0x8000c458
core   0: 0x8000b45c (0xba3f2423) sw      gp, -1112(t5)
core   0: 3 0x8000b45c (0xba3f2423) mem 0x8000c000 0x00000001
core   0: 0x8000b460 (0xff9ff06f) j       pc - 0x8
core   0: 3 0x8000b460 (0xff9ff06f)
core   0: 0x8000b458 (0x00001f17) auipc   t5, 0x1
core   0: 3 0x8000b458 (0x00001f17) x30 0x8000c458
core   0: 0x8000b45c (0xba3f2423) sw      gp, -1112(t5)
core   0: 3 0x8000b45c (0xba3f2423) mem 0x8000c000 0x00000001
core   0: 0x8000b460 (0xff9ff06f) j       pc - 0x8
core   0: 3 0x8000b460 (0xff9ff06f)
core   0: 0x8000b458 (0x00001f17) auipc   t5, 0x1
core   0: 3 0x8000b458 (0x00001f17) x30 0x8000c458
core   0: 0x8000b45c (0xba3f2423) sw      gp, -1112(t5)
core   0: 3 0x8000b45c (0xba3f2423) mem 0x8000c000 0x00000001
core   0: 0x8000b460 (0xff9ff06f) j       pc - 0x8
core   0: 3 0x8000b460 (0xff9ff06f)
core   0: 0x8000b458 (0x00001f17) auipc   t5, 0x1
core   0: 3 0x8000b458 (0x00001f17) x30 0x8000c458
core   0: 0x8000b45c (0xba3f2423) sw      gp, -1112(t5)
core   0: 3 0x8000b45c (0xba3f2423) mem 0x8000c000 0x00000001
core   0: 0x8000b460 (0xff9ff06f) j       pc - 0x8
core   0: 3 0x8000b460 (0xff9ff06f)
core   0: 0x8000b458 (0x00001f17) auipc   t5, 0x1
core   0: 3 0x8000b458 (0x00001f17) x30 0x8000c458
core   0: 0x8000b45c (0xba3f2423) sw      gp, -1112(t5)
core   0: 3 0x8000b45c (0xba3f2423) mem 0x8000c000 0x00000001
core   0: 0x8000b460 (0xff9ff06f) j       pc - 0x8
core   0: 3 0x8000b460 (0xff9ff06f)
core   0: 0x8000b458 (0x00001f17) auipc   t5, 0x1
core   0: 3 0x8000b458 (0x00001f17) x30 0x8000c458
core   0: 0x8000b45c (0xba3f2423) sw      gp, -1112(t5)
core   0: 3 0x8000b45c (0xba3f2423) mem 0x8000c000 0x00000001
core   0: 0x8000b460 (0xff9ff06f) j       pc - 0x8
core   0: 3 0x8000b460 (0xff9ff06f)
core   0: 0x8000b458 (0x00001f17) auipc   t5, 0x1
core   0: 3 0x8000b458 (0x00001f17) x30 0x8000c458
core   0: 0x8000b45c (0xba3f2423) sw      gp, -1112(t5)
core   0: 3 0x8000b45c (0xba3f2423) mem 0x8000c000 0x00000001
core   0: 0x8000b460 (0xff9ff06f) j       pc - 0x8
core   0: 3 0x8000b460 (0xff9ff06f)
core   0: 0x8000b458 (0x00001f17) auipc   t5, 0x1
core   0: 3 0x8000b458 (0x00001f17) x30 0x8000c458
core   0: 0x8000b45c (0xba3f2423) sw      gp, -1112(t5)
core   0: 3 0x8000b45c (0xba3f2423) mem 0x8000c000 0x00000001
core   0: 0x8000b460 (0xff9ff06f) j       pc - 0x8
core   0: 3 0x8000b460 (0xff9ff06f)
core   0: 0x8000b458 (0x00001f17) auipc   t5, 0x1
core   0: 3 0x8000b458 (0x00001f17) x30 0x8000c458
core   0: 0x8000b45c (0xba3f2423) sw      gp, -1112(t5)
core   0: 3 0x8000b45c (0xba3f2423) mem 0x8000c000 0x00000001
core   0: 0x8000b460 (0xff9ff06f) j       pc - 0x8
core   0: 3 0x8000b460 (0xff9ff06f)
core   0: 0x8000b458 (0x00001f17) auipc   t5, 0x1
core   0: 3 0x8000b458 (0x00001f17) x30 0x8000c458
core   0: 0x8000b45c (0xba3f2423) sw      gp, -1112(t5)
core   0: 3 0x8000b45c (0xba3f2423) mem 0x8000c000 0x00000001
core   0: 0x8000b460 (0xff9ff06f) j       pc - 0x8
core   0: 3 0x8000b460 (0xff9ff06f)
core   0: 0x8000b458 (0x00001f17) auipc   t5, 0x1
core   0: 3 0x8000b458 (0x00001f17) x30 0x8000c458
core   0: 0x8000b45c (0xba3f2423) sw      gp, -1112(t5)
core   0: 3 0x8000b45c (0xba3f2423) mem 0x8000c000 0x00000001
core   0: 0x8000b460 (0xff9ff06f) j       pc - 0x8
core   0: 3 0x8000b460 (0xff9ff06f)
core   0: 0x8000b458 (0x00001f17) auipc   t5, 0x1
core   0: 3 0x8000b458 (0x00001f17) x30 0x8000c458
core   0: 0x8000b45c (0xba3f2423) sw      gp, -1112(t5)
core   0: 3 0x8000b45c (0xba3f2423) mem 0x8000c000 0x00000001
core   0: 0x8000b460 (0xff9ff06f) j       pc - 0x8
core   0: 3 0x8000b460 (0xff9ff06f)
core   0: 0x8000b458 (0x00001f17) auipc   t5, 0x1
core   0: 3 0x8000b458 (0x00001f17) x30 0x8000c458
core   0: 0x8000b45c (0xba3f2423) sw      gp, -1112(t5)
core   0: 3 0x8000b45c (0xba3f2423) mem 0x8000c000 0x00000001
core   0: 0x8000b460 (0xff9ff06f) j       pc - 0x8
core   0: 3 0x8000b460 (0xff9ff06f)
core   0: 0x8000b458 (0x00001f17) auipc   t5, 0x1
core   0: 3 0x8000b458 (0x00001f17) x30 0x8000c458
core   0: 0x8000b45c (0xba3f2423) sw      gp, -1112(t5)
core   0: 3 0x8000b45c (0xba3f2423) mem 0x8000c000 0x00000001
core   0: 0x8000b460 (0xff9ff06f) j       pc - 0x8
core   0: 3 0x8000b460 (0xff9ff06f)
core   0: 0x8000b458 (0x00001f17) auipc   t5, 0x1
core   0: 3 0x8000b458 (0x00001f17) x30 0x8000c458
core   0: 0x8000b45c (0xba3f2423) sw      gp, -1112(t5)
core   0: 3 0x8000b45c (0xba3f2423) mem 0x8000c000 0x00000001
core   0: 0x8000b460 (0xff9ff06f) j       pc - 0x8
core   0: 3 0x8000b460 (0xff9ff06f)
core   0: 0x8000b458 (0x00001f17) auipc   t5, 0x1
core   0: 3 0x8000b458 (0x00001f17) x30 0x8000c458
core   0: 0x8000b45c (0xba3f2423) sw      gp, -1112(t5)
core   0: 3 0x8000b45c (0xba3f2423) mem 0x8000c000 0x00000001
core   0: 0x8000b460 (0xff9ff06f) j       pc - 0x8
core   0: 3 0x8000b460 (0xff9ff06f)
core   0: 0x8000b458 (0x00001f17) auipc   t5, 0x1
core   0: 3 0x8000b458 (0x00001f17) x30 0x8000c458
core   0: 0x8000b45c (0xba3f2423) sw      gp, -1112(t5)
core   0: 3 0x8000b45c (0xba3f2423) mem 0x8000c000 0x00000001
core   0: 0x8000b460 (0xff9ff06f) j       pc - 0x8
core   0: 3 0x8000b460 (0xff9ff06f)
core   0: 0x8000b458 (0x00001f17) auipc   t5, 0x1
core   0: 3 0x8000b458 (0x00001f17) x30 0x8000c458
core   0: 0x8000b45c (0xba3f2423) sw      gp, -1112(t5)
core   0: 3 0x8000b45c (0xba3f2423) mem 0x8000c000 0x00000001
core   0: 0x8000b460 (0xff9ff06f) j       pc - 0x8
core   0: 3 0x8000b460 (0xff9ff06f)
core   0: 0x8000b458 (0x00001f17) auipc   t5, 0x1
core   0: 3 0x8000b458 (0x00001f17) x30 0x8000c458
core   0: 0x8000b45c (0xba3f2423) sw      gp, -1112(t5)
core   0: 3 0x8000b45c (0xba3f2423) mem 0x8000c000 0x00000001
core   0: 0x8000b460 (0xff9ff06f) j       pc - 0x8
core   0: 3 0x8000b460 (0xff9ff06f)
core   0: 0x8000b458 (0x00001f17) auipc   t5, 0x1
core   0: 3 0x8000b458 (0x00001f17) x30 0x8000c458
core   0: 0x8000b45c (0xba3f2423) sw      gp, -1112(t5)
core   0: 3 0x8000b45c (0xba3f2423) mem 0x8000c000 0x00000001
core   0: 0x8000b460 (0xff9ff06f) j       pc - 0x8
core   0: 3 0x8000b460 (0xff9ff06f)
core   0: 0x8000b458 (0x00001f17) auipc   t5, 0x1
core   0: 3 0x8000b458 (0x00001f17) x30 0x8000c458
core   0: 0x8000b45c (0xba3f2423) sw      gp, -1112(t5)
core   0: 3 0x8000b45c (0xba3f2423) mem 0x8000c000 0x00000001
core   0: 0x8000b460 (0xff9ff06f) j       pc - 0x8
core   0: 3 0x8000b460 (0xff9ff06f)
core   0: 0x8000b458 (0x00001f17) auipc   t5, 0x1
core   0: 3 0x8000b458 (0x00001f17) x30 0x8000c458
core   0: 0x8000b45c (0xba3f2423) sw      gp, -1112(t5)
core   0: 3 0x8000b45c (0xba3f2423) mem 0x8000c000 0x00000001
core   0: 0x8000b460 (0xff9ff06f) j       pc - 0x8
core   0: 3 0x8000b460 (0xff9ff06f)
core   0: 0x8000b458 (0x00001f17) auipc   t5, 0x1
core   0: 3 0x8000b458 (0x00001f17) x30 0x8000c458
core   0: 0x8000b45c (0xba3f2423) sw      gp, -1112(t5)
core   0: 3 0x8000b45c (0xba3f2423) mem 0x8000c000 0x00000001
core   0: 0x8000b460 (0xff9ff06f) j       pc - 0x8
core   0: 3 0x8000b460 (0xff9ff06f)
core   0: 0x8000b458 (0x00001f17) auipc   t5, 0x1
core   0: 3 0x8000b458 (0x00001f17) x30 0x8000c458
core   0: 0x8000b45c (0xba3f2423) sw      gp, -1112(t5)
core   0: 3 0x8000b45c (0xba3f2423) mem 0x8000c000 0x00000001
core   0: 0x8000b460 (0xff9ff06f) j       pc - 0x8
core   0: 3 0x8000b460 (0xff9ff06f)
core   0: 0x8000b458 (0x00001f17) auipc   t5, 0x1
core   0: 3 0x8000b458 (0x00001f17) x30 0x8000c458
core   0: 0x8000b45c (0xba3f2423) sw      gp, -1112(t5)
core   0: 3 0x8000b45c (0xba3f2423) mem 0x8000c000 0x00000001
core   0: 0x8000b460 (0xff9ff06f) j       pc - 0x8
core   0: 3 0x8000b460 (0xff9ff06f)
core   0: 0x8000b458 (0x00001f17) auipc   t5, 0x1
core   0: 3 0x8000b458 (0x00001f17) x30 0x8000c458
core   0: 0x8000b45c (0xba3f2423) sw      gp, -1112(t5)
core   0: 3 0x8000b45c (0xba3f2423) mem 0x8000c000 0x00000001
core   0: 0x8000b460 (0xff9ff06f) j       pc - 0x8
core   0: 3 0x8000b460 (0xff9ff06f)
core   0: 0x8000b458 (0x00001f17) auipc   t5, 0x1
core   0: 3 0x8000b458 (0x00001f17) x30 0x8000c458
core   0: 0x8000b45c (0xba3f2423) sw      gp, -1112(t5)
core   0: 3 0x8000b45c (0xba3f2423) mem 0x8000c000 0x00000001
core   0: 0x8000b460 (0xff9ff06f) j       pc - 0x8
core   0: 3 0x8000b460 (0xff9ff06f)
core   0: 0x8000b458 (0x00001f17) auipc   t5, 0x1
core   0: 3 0x8000b458 (0x00001f17) x30 0x8000c458
core   0: 0x8000b45c (0xba3f2423) sw      gp, -1112(t5)
core   0: 3 0x8000b45c (0xba3f2423) mem 0x8000c000 0x00000001
core   0: 0x8000b460 (0xff9ff06f) j       pc - 0x8
core   0: 3 0x8000b460 (0xff9ff06f)
core   0: 0x8000b458 (0x00001f17) auipc   t5, 0x1
core   0: 3 0x8000b458 (0x00001f17) x30 0x8000c458
core   0: 0x8000b45c (0xba3f2423) sw      gp, -1112(t5)
core   0: 3 0x8000b45c (0xba3f2423) mem 0x8000c000 0x00000001
core   0: 0x8000b460 (0xff9ff06f) j       pc - 0x8
core   0: 3 0x8000b460 (0xff9ff06f)
core   0: 0x8000b458 (0x00001f17) auipc   t5, 0x1
core   0: 3 0x8000b458 (0x00001f17) x30 0x8000c458
core   0: 0x8000b45c (0xba3f2423) sw      gp, -1112(t5)
core   0: 3 0x8000b45c (0xba3f2423) mem 0x8000c000 0x00000001
core   0: 0x8000b460 (0xff9ff06f) j       pc - 0x8
core   0: 3 0x8000b460 (0xff9ff06f)
core   0: 0x8000b458 (0x00001f17) auipc   t5, 0x1
core   0: 3 0x8000b458 (0x00001f17) x30 0x8000c458
core   0: 0x8000b45c (0xba3f2423) sw      gp, -1112(t5)
core   0: 3 0x8000b45c (0xba3f2423) mem 0x8000c000 0x00000001
core   0: 0x8000b460 (0xff9ff06f) j       pc - 0x8
core   0: 3 0x8000b460 (0xff9ff06f)
core   0: 0x8000b458 (0x00001f17) auipc   t5, 0x1
core   0: 3 0x8000b458 (0x00001f17) x30 0x8000c458
core   0: 0x8000b45c (0xba3f2423) sw      gp, -1112(t5)
core   0: 3 0x8000b45c (0xba3f2423) mem 0x8000c000 0x00000001
core   0: 0x8000b460 (0xff9ff06f) j       pc - 0x8
core   0: 3 0x8000b460 (0xff9ff06f)
core   0: 0x8000b458 (0x00001f17) auipc   t5, 0x1
core   0: 3 0x8000b458 (0x00001f17) x30 0x8000c458
core   0: 0x8000b45c (0xba3f2423) sw      gp, -1112(t5)
core   0: 3 0x8000b45c (0xba3f2423) mem 0x8000c000 0x00000001
core   0: 0x8000b460 (0xff9ff06f) j       pc - 0x8
core   0: 3 0x8000b460 (0xff9ff06f)
core   0: 0x8000b458 (0x00001f17) auipc   t5, 0x1
core   0: 3 0x8000b458 (0x00001f17) x30 0x8000c458
core   0: 0x8000b45c (0xba3f2423) sw      gp, -1112(t5)
core   0: 3 0x8000b45c (0xba3f2423) mem 0x8000c000 0x00000001
core   0: 0x8000b460 (0xff9ff06f) j       pc - 0x8
core   0: 3 0x8000b460 (0xff9ff06f)
core   0: 0x8000b458 (0x00001f17) auipc   t5, 0x1
core   0: 3 0x8000b458 (0x00001f17) x30 0x8000c458
core   0: 0x8000b45c (0xba3f2423) sw      gp, -1112(t5)
core   0: 3 0x8000b45c (0xba3f2423) mem 0x8000c000 0x00000001
core   0: 0x8000b460 (0xff9ff06f) j       pc - 0x8
core   0: 3 0x8000b460 (0xff9ff06f)
core   0: 0x8000b458 (0x00001f17) auipc   t5, 0x1
core   0: 3 0x8000b458 (0x00001f17) x30 0x8000c458
core   0: 0x8000b45c (0xba3f2423) sw      gp, -1112(t5)
core   0: 3 0x8000b45c (0xba3f2423) mem 0x8000c000 0x00000001
core   0: 0x8000b460 (0xff9ff06f) j       pc - 0x8
core   0: 3 0x8000b460 (0xff9ff06f)
core   0: 0x8000b458 (0x00001f17) auipc   t5, 0x1
core   0: 3 0x8000b458 (0x00001f17) x30 0x8000c458
core   0: 0x8000b45c (0xba3f2423) sw      gp, -1112(t5)
core   0: 3 0x8000b45c (0xba3f2423) mem 0x8000c000 0x00000001
core   0: 0x8000b460 (0xff9ff06f) j       pc - 0x8
core   0: 3 0x8000b460 (0xff9ff06f)
core   0: 0x8000b458 (0x00001f17) auipc   t5, 0x1
core   0: 3 0x8000b458 (0x00001f17) x30 0x8000c458
core   0: 0x8000b45c (0xba3f2423) sw      gp, -1112(t5)
core   0: 3 0x8000b45c (0xba3f2423) mem 0x8000c000 0x00000001
core   0: 0x8000b460 (0xff9ff06f) j       pc - 0x8
core   0: 3 0x8000b460 (0xff9ff06f)
core   0: 0x8000b458 (0x00001f17) auipc   t5, 0x1
core   0: 3 0x8000b458 (0x00001f17) x30 0x8000c458
core   0: 0x8000b45c (0xba3f2423) sw      gp, -1112(t5)
core   0: 3 0x8000b45c (0xba3f2423) mem 0x8000c000 0x00000001
core   0: 0x8000b460 (0xff9ff06f) j       pc - 0x8
core   0: 3 0x8000b460 (0xff9ff06f)
core   0: 0x8000b458 (0x00001f17) auipc   t5, 0x1
core   0: 3 0x8000b458 (0x00001f17) x30 0x8000c458
core   0: 0x8000b45c (0xba3f2423) sw      gp, -1112(t5)
core   0: 3 0x8000b45c (0xba3f2423) mem 0x8000c000 0x00000001
core   0: 0x8000b460 (0xff9ff06f) j       pc - 0x8
core   0: 3 0x8000b460 (0xff9ff06f)
core   0: 0x8000b458 (0x00001f17) auipc   t5, 0x1
core   0: 3 0x8000b458 (0x00001f17) x30 0x8000c458
core   0: 0x8000b45c (0xba3f2423) sw      gp, -1112(t5)
core   0: 3 0x8000b45c (0xba3f2423) mem 0x8000c000 0x00000001
core   0: 0x8000b460 (0xff9ff06f) j       pc - 0x8
core   0: 3 0x8000b460 (0xff9ff06f)
core   0: 0x8000b458 (0x00001f17) auipc   t5, 0x1
core   0: 3 0x8000b458 (0x00001f17) x30 0x8000c458
core   0: 0x8000b45c (0xba3f2423) sw      gp, -1112(t5)
core   0: 3 0x8000b45c (0xba3f2423) mem 0x8000c000 0x00000001
core   0: 0x8000b460 (0xff9ff06f) j       pc - 0x8
core   0: 3 0x8000b460 (0xff9ff06f)
core   0: 0x8000b458 (0x00001f17) auipc   t5, 0x1
core   0: 3 0x8000b458 (0x00001f17) x30 0x8000c458
core   0: 0x8000b45c (0xba3f2423) sw      gp, -1112(t5)
core   0: 3 0x8000b45c (0xba3f2423) mem 0x8000c000 0x00000001
core   0: 0x8000b460 (0xff9ff06f) j       pc - 0x8
core   0: 3 0x8000b460 (0xff9ff06f)
core   0: 0x8000b458 (0x00001f17) auipc   t5, 0x1
core   0: 3 0x8000b458 (0x00001f17) x30 0x8000c458
core   0: 0x8000b45c (0xba3f2423) sw      gp, -1112(t5)
core   0: 3 0x8000b45c (0xba3f2423) mem 0x8000c000 0x00000001
core   0: 0x8000b460 (0xff9ff06f) j       pc - 0x8
core   0: 3 0x8000b460 (0xff9ff06f)
core   0: 0x8000b458 (0x00001f17) auipc   t5, 0x1
core   0: 3 0x8000b458 (0x00001f17) x30 0x8000c458
core   0: 0x8000b45c (0xba3f2423) sw      gp, -1112(t5)
core   0: 3 0x8000b45c (0xba3f2423) mem 0x8000c000 0x00000001
core   0: 0x8000b460 (0xff9ff06f) j       pc - 0x8
core   0: 3 0x8000b460 (0xff9ff06f)
core   0: 0x8000b458 (0x00001f17) auipc   t5, 0x1
core   0: 3 0x8000b458 (0x00001f17) x30 0x8000c458
core   0: 0x8000b45c (0xba3f2423) sw      gp, -1112(t5)
core   0: 3 0x8000b45c (0xba3f2423) mem 0x8000c000 0x00000001
core   0: 0x8000b460 (0xff9ff06f) j       pc - 0x8
core   0: 3 0x8000b460 (0xff9ff06f)
core   0: 0x8000b458 (0x00001f17) auipc   t5, 0x1
core   0: 3 0x8000b458 (0x00001f17) x30 0x8000c458
core   0: 0x8000b45c (0xba3f2423) sw      gp, -1112(t5)
core   0: 3 0x8000b45c (0xba3f2423) mem 0x8000c000 0x00000001
core   0: 0x8000b460 (0xff9ff06f) j       pc - 0x8
core   0: 3 0x8000b460 (0xff9ff06f)
core   0: 0x8000b458 (0x00001f17) auipc   t5, 0x1
core   0: 3 0x8000b458 (0x00001f17) x30 0x8000c458
core   0: 0x8000b45c (0xba3f2423) sw      gp, -1112(t5)
core   0: 3 0x8000b45c (0xba3f2423) mem 0x8000c000 0x00000001
core   0: 0x8000b460 (0xff9ff06f) j       pc - 0x8
core   0: 3 0x8000b460 (0xff9ff06f)
core   0: 0x8000b458 (0x00001f17) auipc   t5, 0x1
core   0: 3 0x8000b458 (0x00001f17) x30 0x8000c458
core   0: 0x8000b45c (0xba3f2423) sw      gp, -1112(t5)
core   0: 3 0x8000b45c (0xba3f2423) mem 0x8000c000 0x00000001
core   0: 0x8000b460 (0xff9ff06f) j       pc - 0x8
core   0: 3 0x8000b460 (0xff9ff06f)
core   0: 0x8000b458 (0x00001f17) auipc   t5, 0x1
core   0: 3 0x8000b458 (0x00001f17) x30 0x8000c458
core   0: 0x8000b45c (0xba3f2423) sw      gp, -1112(t5)
core   0: 3 0x8000b45c (0xba3f2423) mem 0x8000c000 0x00000001
core   0: 0x8000b460 (0xff9ff06f) j       pc - 0x8
core   0: 3 0x8000b460 (0xff9ff06f)
core   0: 0x8000b458 (0x00001f17) auipc   t5, 0x1
core   0: 3 0x8000b458 (0x00001f17) x30 0x8000c458
core   0: 0x8000b45c (0xba3f2423) sw      gp, -1112(t5)
core   0: 3 0x8000b45c (0xba3f2423) mem 0x8000c000 0x00000001
core   0: 0x8000b460 (0xff9ff06f) j       pc - 0x8
core   0: 3 0x8000b460 (0xff9ff06f)
core   0: 0x8000b458 (0x00001f17) auipc   t5, 0x1
core   0: 3 0x8000b458 (0x00001f17) x30 0x8000c458
core   0: 0x8000b45c (0xba3f2423) sw      gp, -1112(t5)
core   0: 3 0x8000b45c (0xba3f2423) mem 0x8000c000 0x00000001
core   0: 0x8000b460 (0xff9ff06f) j       pc - 0x8
core   0: 3 0x8000b460 (0xff9ff06f)
core   0: 0x8000b458 (0x00001f17) auipc   t5, 0x1
core   0: 3 0x8000b458 (0x00001f17) x30 0x8000c458
core   0: 0x8000b45c (0xba3f2423) sw      gp, -1112(t5)
core   0: 3 0x8000b45c (0xba3f2423) mem 0x8000c000 0x00000001
core   0: 0x8000b460 (0xff9ff06f) j       pc - 0x8
core   0: 3 0x8000b460 (0xff9ff06f)
core   0: 0x8000b458 (0x00001f17) auipc   t5, 0x1
core   0: 3 0x8000b458 (0x00001f17) x30 0x8000c458
core   0: 0x8000b45c (0xba3f2423) sw      gp, -1112(t5)
core   0: 3 0x8000b45c (0xba3f2423) mem 0x8000c000 0x00000001
core   0: 0x8000b460 (0xff9ff06f) j       pc - 0x8
core   0: 3 0x8000b460 (0xff9ff06f)
core   0: 0x8000b458 (0x00001f17) auipc   t5, 0x1
core   0: 3 0x8000b458 (0x00001f17) x30 0x8000c458
core   0: 0x8000b45c (0xba3f2423) sw      gp, -1112(t5)
core   0: 3 0x8000b45c (0xba3f2423) mem 0x8000c000 0x00000001
core   0: 0x8000b460 (0xff9ff06f) j       pc - 0x8
core   0: 3 0x8000b460 (0xff9ff06f)
core   0: 0x8000b458 (0x00001f17) auipc   t5, 0x1
core   0: 3 0x8000b458 (0x00001f17) x30 0x8000c458
core   0: 0x8000b45c (0xba3f2423) sw      gp, -1112(t5)
core   0: 3 0x8000b45c (0xba3f2423) mem 0x8000c000 0x00000001
core   0: 0x8000b460 (0xff9ff06f) j       pc - 0x8
core   0: 3 0x8000b460 (0xff9ff06f)
core   0: 0x8000b458 (0x00001f17) auipc   t5, 0x1
core   0: 3 0x8000b458 (0x00001f17) x30 0x8000c458
core   0: 0x8000b45c (0xba3f2423) sw      gp, -1112(t5)
core   0: 3 0x8000b45c (0xba3f2423) mem 0x8000c000 0x00000001
core   0: 0x8000b460 (0xff9ff06f) j       pc - 0x8
core   0: 3 0x8000b460 (0xff9ff06f)
core   0: 0x8000b458 (0x00001f17) auipc   t5, 0x1
core   0: 3 0x8000b458 (0x00001f17) x30 0x8000c458
core   0: 0x8000b45c (0xba3f2423) sw      gp, -1112(t5)
core   0: 3 0x8000b45c (0xba3f2423) mem 0x8000c000 0x00000001
core   0: 0x8000b460 (0xff9ff06f) j       pc - 0x8
core   0: 3 0x8000b460 (0xff9ff06f)
core   0: 0x8000b458 (0x00001f17) auipc   t5, 0x1
core   0: 3 0x8000b458 (0x00001f17) x30 0x8000c458
core   0: 0x8000b45c (0xba3f2423) sw      gp, -1112(t5)
core   0: 3 0x8000b45c (0xba3f2423) mem 0x8000c000 0x00000001
core   0: 0x8000b460 (0xff9ff06f) j       pc - 0x8
core   0: 3 0x8000b460 (0xff9ff06f)
core   0: 0x8000b458 (0x00001f17) auipc   t5, 0x1
core   0: 3 0x8000b458 (0x00001f17) x30 0x8000c458
core   0: 0x8000b45c (0xba3f2423) sw      gp, -1112(t5)
core   0: 3 0x8000b45c (0xba3f2423) mem 0x8000c000 0x00000001
core   0: 0x8000b460 (0xff9ff06f) j       pc - 0x8
core   0: 3 0x8000b460 (0xff9ff06f)
core   0: 0x8000b458 (0x00001f17) auipc   t5, 0x1
core   0: 3 0x8000b458 (0x00001f17) x30 0x8000c458
core   0: 0x8000b45c (0xba3f2423) sw      gp, -1112(t5)
core   0: 3 0x8000b45c (0xba3f2423) mem 0x8000c000 0x00000001
core   0: 0x8000b460 (0xff9ff06f) j       pc - 0x8
core   0: 3 0x8000b460 (0xff9ff06f)
core   0: 0x8000b458 (0x00001f17) auipc   t5, 0x1
core   0: 3 0x8000b458 (0x00001f17) x30 0x8000c458
core   0: 0x8000b45c (0xba3f2423) sw      gp, -1112(t5)
core   0: 3 0x8000b45c (0xba3f2423) mem 0x8000c000 0x00000001
core   0: 0x8000b460 (0xff9ff06f) j       pc - 0x8
core   0: 3 0x8000b460 (0xff9ff06f)
core   0: 0x8000b458 (0x00001f17) auipc   t5, 0x1
core   0: 3 0x8000b458 (0x00001f17) x30 0x8000c458
core   0: 0x8000b45c (0xba3f2423) sw      gp, -1112(t5)
core   0: 3 0x8000b45c (0xba3f2423) mem 0x8000c000 0x00000001
core   0: 0x8000b460 (0xff9ff06f) j       pc - 0x8
core   0: 3 0x8000b460 (0xff9ff06f)
core   0: 0x8000b458 (0x00001f17) auipc   t5, 0x1
core   0: 3 0x8000b458 (0x00001f17) x30 0x8000c458
core   0: 0x8000b45c (0xba3f2423) sw      gp, -1112(t5)
core   0: 3 0x8000b45c (0xba3f2423) mem 0x8000c000 0x00000001
core   0: 0x8000b460 (0xff9ff06f) j       pc - 0x8
core   0: 3 0x8000b460 (0xff9ff06f)
core   0: 0x8000b458 (0x00001f17) auipc   t5, 0x1
core   0: 3 0x8000b458 (0x00001f17) x30 0x8000c458
core   0: 0x8000b45c (0xba3f2423) sw      gp, -1112(t5)
core   0: 3 0x8000b45c (0xba3f2423) mem 0x8000c000 0x00000001
core   0: 0x8000b460 (0xff9ff06f) j       pc - 0x8
core   0: 3 0x8000b460 (0xff9ff06f)
core   0: 0x8000b458 (0x00001f17) auipc   t5, 0x1
core   0: 3 0x8000b458 (0x00001f17) x30 0x8000c458
core   0: 0x8000b45c (0xba3f2423) sw      gp, -1112(t5)
core   0: 3 0x8000b45c (0xba3f2423) mem 0x8000c000 0x00000001
core   0: 0x8000b460 (0xff9ff06f) j       pc - 0x8
core   0: 3 0x8000b460 (0xff9ff06f)
core   0: 0x8000b458 (0x00001f17) auipc   t5, 0x1
core   0: 3 0x8000b458 (0x00001f17) x30 0x8000c458
core   0: 0x8000b45c (0xba3f2423) sw      gp, -1112(t5)
core   0: 3 0x8000b45c (0xba3f2423) mem 0x8000c000 0x00000001
core   0: 0x8000b460 (0xff9ff06f) j       pc - 0x8
core   0: 3 0x8000b460 (0xff9ff06f)
core   0: 0x8000b458 (0x00001f17) auipc   t5, 0x1
core   0: 3 0x8000b458 (0x00001f17) x30 0x8000c458
core   0: 0x8000b45c (0xba3f2423) sw      gp, -1112(t5)
core   0: 3 0x8000b45c (0xba3f2423) mem 0x8000c000 0x00000001
core   0: 0x8000b460 (0xff9ff06f) j       pc - 0x8
core   0: 3 0x8000b460 (0xff9ff06f)
core   0: 0x8000b458 (0x00001f17) auipc   t5, 0x1
core   0: 3 0x8000b458 (0x00001f17) x30 0x8000c458
core   0: 0x8000b45c (0xba3f2423) sw      gp, -1112(t5)
core   0: 3 0x8000b45c (0xba3f2423) mem 0x8000c000 0x00000001
core   0: 0x8000b460 (0xff9ff06f) j       pc - 0x8
core   0: 3 0x8000b460 (0xff9ff06f)
core   0: 0x8000b458 (0x00001f17) auipc   t5, 0x1
core   0: 3 0x8000b458 (0x00001f17) x30 0x8000c458
core   0: 0x8000b45c (0xba3f2423) sw      gp, -1112(t5)
core   0: 3 0x8000b45c (0xba3f2423) mem 0x8000c000 0x00000001
core   0: 0x8000b460 (0xff9ff06f) j       pc - 0x8
core   0: 3 0x8000b460 (0xff9ff06f)
core   0: 0x8000b458 (0x00001f17) auipc   t5, 0x1
core   0: 3 0x8000b458 (0x00001f17) x30 0x8000c458
core   0: 0x8000b45c (0xba3f2423) sw      gp, -1112(t5)
core   0: 3 0x8000b45c (0xba3f2423) mem 0x8000c000 0x00000001
core   0: 0x8000b460 (0xff9ff06f) j       pc - 0x8
core   0: 3 0x8000b460 (0xff9ff06f)
core   0: 0x8000b458 (0x00001f17) auipc   t5, 0x1
core   0: 3 0x8000b458 (0x00001f17) x30 0x8000c458
core   0: 0x8000b45c (0xba3f2423) sw      gp, -1112(t5)
core   0: 3 0x8000b45c (0xba3f2423) mem 0x8000c000 0x00000001
core   0: 0x8000b460 (0xff9ff06f) j       pc - 0x8
core   0: 3 0x8000b460 (0xff9ff06f)
core   0: 0x8000b458 (0x00001f17) auipc   t5, 0x1
core   0: 3 0x8000b458 (0x00001f17) x30 0x8000c458
core   0: 0x8000b45c (0xba3f2423) sw      gp, -1112(t5)
core   0: 3 0x8000b45c (0xba3f2423) mem 0x8000c000 0x00000001
core   0: 0x8000b460 (0xff9ff06f) j       pc - 0x8
core   0: 3 0x8000b460 (0xff9ff06f)
core   0: 0x8000b458 (0x00001f17) auipc   t5, 0x1
core   0: 3 0x8000b458 (0x00001f17) x30 0x8000c458
core   0: 0x8000b45c (0xba3f2423) sw      gp, -1112(t5)
core   0: 3 0x8000b45c (0xba3f2423) mem 0x8000c000 0x00000001
core   0: 0x8000b460 (0xff9ff06f) j       pc - 0x8
core   0: 3 0x8000b460 (0xff9ff06f)
core   0: 0x8000b458 (0x00001f17) auipc   t5, 0x1
core   0: 3 0x8000b458 (0x00001f17) x30 0x8000c458
core   0: 0x8000b45c (0xba3f2423) sw      gp, -1112(t5)
core   0: 3 0x8000b45c (0xba3f2423) mem 0x8000c000 0x00000001
core   0: 0x8000b460 (0xff9ff06f) j       pc - 0x8
core   0: 3 0x8000b460 (0xff9ff06f)
core   0: 0x8000b458 (0x00001f17) auipc   t5, 0x1
core   0: 3 0x8000b458 (0x00001f17) x30 0x8000c458
core   0: 0x8000b45c (0xba3f2423) sw      gp, -1112(t5)
core   0: 3 0x8000b45c (0xba3f2423) mem 0x8000c000 0x00000001
core   0: 0x8000b460 (0xff9ff06f) j       pc - 0x8
core   0: 3 0x8000b460 (0xff9ff06f)
core   0: 0x8000b458 (0x00001f17) auipc   t5, 0x1
core   0: 3 0x8000b458 (0x00001f17) x30 0x8000c458
core   0: 0x8000b45c (0xba3f2423) sw      gp, -1112(t5)
core   0: 3 0x8000b45c (0xba3f2423) mem 0x8000c000 0x00000001
core   0: 0x8000b460 (0xff9ff06f) j       pc - 0x8
core   0: 3 0x8000b460 (0xff9ff06f)
core   0: 0x8000b458 (0x00001f17) auipc   t5, 0x1
core   0: 3 0x8000b458 (0x00001f17) x30 0x8000c458
core   0: 0x8000b45c (0xba3f2423) sw      gp, -1112(t5)
core   0: 3 0x8000b45c (0xba3f2423) mem 0x8000c000 0x00000001
core   0: 0x8000b460 (0xff9ff06f) j       pc - 0x8
core   0: 3 0x8000b460 (0xff9ff06f)
core   0: 0x8000b458 (0x00001f17) auipc   t5, 0x1
core   0: 3 0x8000b458 (0x00001f17) x30 0x8000c458
core   0: 0x8000b45c (0xba3f2423) sw      gp, -1112(t5)
core   0: 3 0x8000b45c (0xba3f2423) mem 0x8000c000 0x00000001
core   0: 0x8000b460 (0xff9ff06f) j       pc - 0x8
core   0: 3 0x8000b460 (0xff9ff06f)
core   0: 0x8000b458 (0x00001f17) auipc   t5, 0x1
core   0: 3 0x8000b458 (0x00001f17) x30 0x8000c458
core   0: 0x8000b45c (0xba3f2423) sw      gp, -1112(t5)
core   0: 3 0x8000b45c (0xba3f2423) mem 0x8000c000 0x00000001
core   0: 0x8000b460 (0xff9ff06f) j       pc - 0x8
core   0: 3 0x8000b460 (0xff9ff06f)
core   0: 0x8000b458 (0x00001f17) auipc   t5, 0x1
core   0: 3 0x8000b458 (0x00001f17) x30 0x8000c458
core   0: 0x8000b45c (0xba3f2423) sw      gp, -1112(t5)
core   0: 3 0x8000b45c (0xba3f2423) mem 0x8000c000 0x00000001
core   0: 0x8000b460 (0xff9ff06f) j       pc - 0x8
core   0: 3 0x8000b460 (0xff9ff06f)
core   0: 0x8000b458 (0x00001f17) auipc   t5, 0x1
core   0: 3 0x8000b458 (0x00001f17) x30 0x8000c458
core   0: 0x8000b45c (0xba3f2423) sw      gp, -1112(t5)
core   0: 3 0x8000b45c (0xba3f2423) mem 0x8000c000 0x00000001
core   0: 0x8000b460 (0xff9ff06f) j       pc - 0x8
core   0: 3 0x8000b460 (0xff9ff06f)
core   0: 0x8000b458 (0x00001f17) auipc   t5, 0x1
core   0: 3 0x8000b458 (0x00001f17) x30 0x8000c458
core   0: 0x8000b45c (0xba3f2423) sw      gp, -1112(t5)
core   0: 3 0x8000b45c (0xba3f2423) mem 0x8000c000 0x00000001
core   0: 0x8000b460 (0xff9ff06f) j       pc - 0x8
core   0: 3 0x8000b460 (0xff9ff06f)
core   0: 0x8000b458 (0x00001f17) auipc   t5, 0x1
core   0: 3 0x8000b458 (0x00001f17) x30 0x8000c458
core   0: 0x8000b45c (0xba3f2423) sw      gp, -1112(t5)
core   0: 3 0x8000b45c (0xba3f2423) mem 0x8000c000 0x00000001
core   0: 0x8000b460 (0xff9ff06f) j       pc - 0x8
core   0: 3 0x8000b460 (0xff9ff06f)
core   0: 0x8000b458 (0x00001f17) auipc   t5, 0x1
core   0: 3 0x8000b458 (0x00001f17) x30 0x8000c458
core   0: 0x8000b45c (0xba3f2423) sw      gp, -1112(t5)
core   0: 3 0x8000b45c (0xba3f2423) mem 0x8000c000 0x00000001
core   0: 0x8000b460 (0xff9ff06f) j       pc - 0x8
core   0: 3 0x8000b460 (0xff9ff06f)
core   0: 0x8000b458 (0x00001f17) auipc   t5, 0x1
core   0: 3 0x8000b458 (0x00001f17) x30 0x8000c458
core   0: 0x8000b45c (0xba3f2423) sw      gp, -1112(t5)
core   0: 3 0x8000b45c (0xba3f2423) mem 0x8000c000 0x00000001
core   0: 0x8000b460 (0xff9ff06f) j       pc - 0x8
core   0: 3 0x8000b460 (0xff9ff06f)
core   0: 0x8000b458 (0x00001f17) auipc   t5, 0x1
core   0: 3 0x8000b458 (0x00001f17) x30 0x8000c458
core   0: 0x8000b45c (0xba3f2423) sw      gp, -1112(t5)
core   0: 3 0x8000b45c (0xba3f2423) mem 0x8000c000 0x00000001
core   0: 0x8000b460 (0xff9ff06f) j       pc - 0x8
core   0: 3 0x8000b460 (0xff9ff06f)
core   0: 0x8000b458 (0x00001f17) auipc   t5, 0x1
core   0: 3 0x8000b458 (0x00001f17) x30 0x8000c458
core   0: 0x8000b45c (0xba3f2423) sw      gp, -1112(t5)
core   0: 3 0x8000b45c (0xba3f2423) mem 0x8000c000 0x00000001
core   0: 0x8000b460 (0xff9ff06f) j       pc - 0x8
core   0: 3 0x8000b460 (0xff9ff06f)
core   0: 0x8000b458 (0x00001f17) auipc   t5, 0x1
core   0: 3 0x8000b458 (0x00001f17) x30 0x8000c458
core   0: 0x8000b45c (0xba3f2423) sw      gp, -1112(t5)
core   0: 3 0x8000b45c (0xba3f2423) mem 0x8000c000 0x00000001
core   0: 0x8000b460 (0xff9ff06f) j       pc - 0x8
core   0: 3 0x8000b460 (0xff9ff06f)
core   0: 0x8000b458 (0x00001f17) auipc   t5, 0x1
core   0: 3 0x8000b458 (0x00001f17) x30 0x8000c458
core   0: 0x8000b45c (0xba3f2423) sw      gp, -1112(t5)
core   0: 3 0x8000b45c (0xba3f2423) mem 0x8000c000 0x00000001
core   0: 0x8000b460 (0xff9ff06f) j       pc - 0x8
core   0: 3 0x8000b460 (0xff9ff06f)
core   0: 0x8000b458 (0x00001f17) auipc   t5, 0x1
core   0: 3 0x8000b458 (0x00001f17) x30 0x8000c458
core   0: 0x8000b45c (0xba3f2423) sw      gp, -1112(t5)
core   0: 3 0x8000b45c (0xba3f2423) mem 0x8000c000 0x00000001
core   0: 0x8000b460 (0xff9ff06f) j       pc - 0x8
core   0: 3 0x8000b460 (0xff9ff06f)
core   0: 0x8000b458 (0x00001f17) auipc   t5, 0x1
core   0: 3 0x8000b458 (0x00001f17) x30 0x8000c458
core   0: 0x8000b45c (0xba3f2423) sw      gp, -1112(t5)
core   0: 3 0x8000b45c (0xba3f2423) mem 0x8000c000 0x00000001
core   0: 0x8000b460 (0xff9ff06f) j       pc - 0x8
core   0: 3 0x8000b460 (0xff9ff06f)
core   0: 0x8000b458 (0x00001f17) auipc   t5, 0x1
core   0: 3 0x8000b458 (0x00001f17) x30 0x8000c458
core   0: 0x8000b45c (0xba3f2423) sw      gp, -1112(t5)
core   0: 3 0x8000b45c (0xba3f2423) mem 0x8000c000 0x00000001
core   0: 0x8000b460 (0xff9ff06f) j       pc - 0x8
core   0: 3 0x8000b460 (0xff9ff06f)
core   0: 0x8000b458 (0x00001f17) auipc   t5, 0x1
core   0: 3 0x8000b458 (0x00001f17) x30 0x8000c458
core   0: 0x8000b45c (0xba3f2423) sw      gp, -1112(t5)
core   0: 3 0x8000b45c (0xba3f2423) mem 0x8000c000 0x00000001
core   0: 0x8000b460 (0xff9ff06f) j       pc - 0x8
core   0: 3 0x8000b460 (0xff9ff06f)
core   0: 0x8000b458 (0x00001f17) auipc   t5, 0x1
core   0: 3 0x8000b458 (0x00001f17) x30 0x8000c458
core   0: 0x8000b45c (0xba3f2423) sw      gp, -1112(t5)
core   0: 3 0x8000b45c (0xba3f2423) mem 0x8000c000 0x00000001
core   0: 0x8000b460 (0xff9ff06f) j       pc - 0x8
core   0: 3 0x8000b460 (0xff9ff06f)
core   0: 0x8000b458 (0x00001f17) auipc   t5, 0x1
core   0: 3 0x8000b458 (0x00001f17) x30 0x8000c458
core   0: 0x8000b45c (0xba3f2423) sw      gp, -1112(t5)
core   0: 3 0x8000b45c (0xba3f2423) mem 0x8000c000 0x00000001
core   0: 0x8000b460 (0xff9ff06f) j       pc - 0x8
core   0: 3 0x8000b460 (0xff9ff06f)
core   0: 0x8000b458 (0x00001f17) auipc   t5, 0x1
core   0: 3 0x8000b458 (0x00001f17) x30 0x8000c458
core   0: 0x8000b45c (0xba3f2423) sw      gp, -1112(t5)
core   0: 3 0x8000b45c (0xba3f2423) mem 0x8000c000 0x00000001
core   0: 0x8000b460 (0xff9ff06f) j       pc - 0x8
core   0: 3 0x8000b460 (0xff9ff06f)
core   0: 0x8000b458 (0x00001f17) auipc   t5, 0x1
core   0: 3 0x8000b458 (0x00001f17) x30 0x8000c458
core   0: 0x8000b45c (0xba3f2423) sw      gp, -1112(t5)
core   0: 3 0x8000b45c (0xba3f2423) mem 0x8000c000 0x00000001
core   0: 0x8000b460 (0xff9ff06f) j       pc - 0x8
core   0: 3 0x8000b460 (0xff9ff06f)
core   0: 0x8000b458 (0x00001f17) auipc   t5, 0x1
core   0: 3 0x8000b458 (0x00001f17) x30 0x8000c458
core   0: 0x8000b45c (0xba3f2423) sw      gp, -1112(t5)
core   0: 3 0x8000b45c (0xba3f2423) mem 0x8000c000 0x00000001
core   0: 0x8000b460 (0xff9ff06f) j       pc - 0x8
core   0: 3 0x8000b460 (0xff9ff06f)
core   0: 0x8000b458 (0x00001f17) auipc   t5, 0x1
core   0: 3 0x8000b458 (0x00001f17) x30 0x8000c458
core   0: 0x8000b45c (0xba3f2423) sw      gp, -1112(t5)
core   0: 3 0x8000b45c (0xba3f2423) mem 0x8000c000 0x00000001
core   0: 0x8000b460 (0xff9ff06f) j       pc - 0x8
core   0: 3 0x8000b460 (0xff9ff06f)
core   0: 0x8000b458 (0x00001f17) auipc   t5, 0x1
core   0: 3 0x8000b458 (0x00001f17) x30 0x8000c458
core   0: 0x8000b45c (0xba3f2423) sw      gp, -1112(t5)
core   0: 3 0x8000b45c (0xba3f2423) mem 0x8000c000 0x00000001
core   0: 0x8000b460 (0xff9ff06f) j       pc - 0x8
core   0: 3 0x8000b460 (0xff9ff06f)
core   0: 0x8000b458 (0x00001f17) auipc   t5, 0x1
core   0: 3 0x8000b458 (0x00001f17) x30 0x8000c458
core   0: 0x8000b45c (0xba3f2423) sw      gp, -1112(t5)
core   0: 3 0x8000b45c (0xba3f2423) mem 0x8000c000 0x00000001
core   0: 0x8000b460 (0xff9ff06f) j       pc - 0x8
core   0: 3 0x8000b460 (0xff9ff06f)
core   0: 0x8000b458 (0x00001f17) auipc   t5, 0x1
core   0: 3 0x8000b458 (0x00001f17) x30 0x8000c458
core   0: 0x8000b45c (0xba3f2423) sw      gp, -1112(t5)
core   0: 3 0x8000b45c (0xba3f2423) mem 0x8000c000 0x00000001
core   0: 0x8000b460 (0xff9ff06f) j       pc - 0x8
core   0: 3 0x8000b460 (0xff9ff06f)
core   0: 0x8000b458 (0x00001f17) auipc   t5, 0x1
core   0: 3 0x8000b458 (0x00001f17) x30 0x8000c458
core   0: 0x8000b45c (0xba3f2423) sw      gp, -1112(t5)
core   0: 3 0x8000b45c (0xba3f2423) mem 0x8000c000 0x00000001
core   0: 0x8000b460 (0xff9ff06f) j       pc - 0x8
core   0: 3 0x8000b460 (0xff9ff06f)
core   0: 0x8000b458 (0x00001f17) auipc   t5, 0x1
core   0: 3 0x8000b458 (0x00001f17) x30 0x8000c458
core   0: 0x8000b45c (0xba3f2423) sw      gp, -1112(t5)
core   0: 3 0x8000b45c (0xba3f2423) mem 0x8000c000 0x00000001
core   0: 0x8000b460 (0xff9ff06f) j       pc - 0x8
core   0: 3 0x8000b460 (0xff9ff06f)
core   0: 0x8000b458 (0x00001f17) auipc   t5, 0x1
core   0: 3 0x8000b458 (0x00001f17) x30 0x8000c458
core   0: 0x8000b45c (0xba3f2423) sw      gp, -1112(t5)
core   0: 3 0x8000b45c (0xba3f2423) mem 0x8000c000 0x00000001
core   0: 0x8000b460 (0xff9ff06f) j       pc - 0x8
core   0: 3 0x8000b460 (0xff9ff06f)
core   0: 0x8000b458 (0x00001f17) auipc   t5, 0x1
core   0: 3 0x8000b458 (0x00001f17) x30 0x8000c458
core   0: 0x8000b45c (0xba3f2423) sw      gp, -1112(t5)
core   0: 3 0x8000b45c (0xba3f2423) mem 0x8000c000 0x00000001
core   0: 0x8000b460 (0xff9ff06f) j       pc - 0x8
core   0: 3 0x8000b460 (0xff9ff06f)
core   0: 0x8000b458 (0x00001f17) auipc   t5, 0x1
core   0: 3 0x8000b458 (0x00001f17) x30 0x8000c458
core   0: 0x8000b45c (0xba3f2423) sw      gp, -1112(t5)
core   0: 3 0x8000b45c (0xba3f2423) mem 0x8000c000 0x00000001
core   0: 0x8000b460 (0xff9ff06f) j       pc - 0x8
core   0: 3 0x8000b460 (0xff9ff06f)
core   0: 0x8000b458 (0x00001f17) auipc   t5, 0x1
core   0: 3 0x8000b458 (0x00001f17) x30 0x8000c458
core   0: 0x8000b45c (0xba3f2423) sw      gp, -1112(t5)
core   0: 3 0x8000b45c (0xba3f2423) mem 0x8000c000 0x00000001
core   0: 0x8000b460 (0xff9ff06f) j       pc - 0x8
core   0: 3 0x8000b460 (0xff9ff06f)
core   0: 0x8000b458 (0x00001f17) auipc   t5, 0x1
core   0: 3 0x8000b458 (0x00001f17) x30 0x8000c458
core   0: 0x8000b45c (0xba3f2423) sw      gp, -1112(t5)
core   0: 3 0x8000b45c (0xba3f2423) mem 0x8000c000 0x00000001
core   0: 0x8000b460 (0xff9ff06f) j       pc - 0x8
core   0: 3 0x8000b460 (0xff9ff06f)
core   0: 0x8000b458 (0x00001f17) auipc   t5, 0x1
core   0: 3 0x8000b458 (0x00001f17) x30 0x8000c458
core   0: 0x8000b45c (0xba3f2423) sw      gp, -1112(t5)
core   0: 3 0x8000b45c (0xba3f2423) mem 0x8000c000 0x00000001
core   0: 0x8000b460 (0xff9ff06f) j       pc - 0x8
core   0: 3 0x8000b460 (0xff9ff06f)
core   0: 0x8000b458 (0x00001f17) auipc   t5, 0x1
core   0: 3 0x8000b458 (0x00001f17) x30 0x8000c458
core   0: 0x8000b45c (0xba3f2423) sw      gp, -1112(t5)
core   0: 3 0x8000b45c (0xba3f2423) mem 0x8000c000 0x00000001
core   0: 0x8000b460 (0xff9ff06f) j       pc - 0x8
core   0: 3 0x8000b460 (0xff9ff06f)
core   0: 0x8000b458 (0x00001f17) auipc   t5, 0x1
core   0: 3 0x8000b458 (0x00001f17) x30 0x8000c458
core   0: 0x8000b45c (0xba3f2423) sw      gp, -1112(t5)
core   0: 3 0x8000b45c (0xba3f2423) mem 0x8000c000 0x00000001
core   0: 0x8000b460 (0xff9ff06f) j       pc - 0x8
core   0: 3 0x8000b460 (0xff9ff06f)
core   0: 0x8000b458 (0x00001f17) auipc   t5, 0x1
core   0: 3 0x8000b458 (0x00001f17) x30 0x8000c458
core   0: 0x8000b45c (0xba3f2423) sw      gp, -1112(t5)
core   0: 3 0x8000b45c (0xba3f2423) mem 0x8000c000 0x00000001
core   0: 0x8000b460 (0xff9ff06f) j       pc - 0x8
core   0: 3 0x8000b460 (0xff9ff06f)
core   0: 0x8000b458 (0x00001f17) auipc   t5, 0x1
core   0: 3 0x8000b458 (0x00001f17) x30 0x8000c458
core   0: 0x8000b45c (0xba3f2423) sw      gp, -1112(t5)
core   0: 3 0x8000b45c (0xba3f2423) mem 0x8000c000 0x00000001
core   0: 0x8000b460 (0xff9ff06f) j       pc - 0x8
core   0: 3 0x8000b460 (0xff9ff06f)
core   0: 0x8000b458 (0x00001f17) auipc   t5, 0x1
core   0: 3 0x8000b458 (0x00001f17) x30 0x8000c458
core   0: 0x8000b45c (0xba3f2423) sw      gp, -1112(t5)
core   0: 3 0x8000b45c (0xba3f2423) mem 0x8000c000 0x00000001
core   0: 0x8000b460 (0xff9ff06f) j       pc - 0x8
core   0: 3 0x8000b460 (0xff9ff06f)
core   0: 0x8000b458 (0x00001f17) auipc   t5, 0x1
core   0: 3 0x8000b458 (0x00001f17) x30 0x8000c458
core   0: 0x8000b45c (0xba3f2423) sw      gp, -1112(t5)
core   0: 3 0x8000b45c (0xba3f2423) mem 0x8000c000 0x00000001
core   0: 0x8000b460 (0xff9ff06f) j       pc - 0x8
core   0: 3 0x8000b460 (0xff9ff06f)
core   0: 0x8000b458 (0x00001f17) auipc   t5, 0x1
core   0: 3 0x8000b458 (0x00001f17) x30 0x8000c458
core   0: 0x8000b45c (0xba3f2423) sw      gp, -1112(t5)
core   0: 3 0x8000b45c (0xba3f2423) mem 0x8000c000 0x00000001
core   0: 0x8000b460 (0xff9ff06f) j       pc - 0x8
core   0: 3 0x8000b460 (0xff9ff06f)
core   0: 0x8000b458 (0x00001f17) auipc   t5, 0x1
core   0: 3 0x8000b458 (0x00001f17) x30 0x8000c458
core   0: 0x8000b45c (0xba3f2423) sw      gp, -1112(t5)
core   0: 3 0x8000b45c (0xba3f2423) mem 0x8000c000 0x00000001
core   0: 0x8000b460 (0xff9ff06f) j       pc - 0x8
core   0: 3 0x8000b460 (0xff9ff06f)
core   0: 0x8000b458 (0x00001f17) auipc   t5, 0x1
core   0: 3 0x8000b458 (0x00001f17) x30 0x8000c458
core   0: 0x8000b45c (0xba3f2423) sw      gp, -1112(t5)
core   0: 3 0x8000b45c (0xba3f2423) mem 0x8000c000 0x00000001
core   0: 0x8000b460 (0xff9ff06f) j       pc - 0x8
core   0: 3 0x8000b460 (0xff9ff06f)
core   0: 0x8000b458 (0x00001f17) auipc   t5, 0x1
core   0: 3 0x8000b458 (0x00001f17) x30 0x8000c458
core   0: 0x8000b45c (0xba3f2423) sw      gp, -1112(t5)
core   0: 3 0x8000b45c (0xba3f2423) mem 0x8000c000 0x00000001
core   0: 0x8000b460 (0xff9ff06f) j       pc - 0x8
core   0: 3 0x8000b460 (0xff9ff06f)
core   0: 0x8000b458 (0x00001f17) auipc   t5, 0x1
core   0: 3 0x8000b458 (0x00001f17) x30 0x8000c458
core   0: 0x8000b45c (0xba3f2423) sw      gp, -1112(t5)
core   0: 3 0x8000b45c (0xba3f2423) mem 0x8000c000 0x00000001
core   0: 0x8000b460 (0xff9ff06f) j       pc - 0x8
core   0: 3 0x8000b460 (0xff9ff06f)
core   0: 0x8000b458 (0x00001f17) auipc   t5, 0x1
core   0: 3 0x8000b458 (0x00001f17) x30 0x8000c458
core   0: 0x8000b45c (0xba3f2423) sw      gp, -1112(t5)
core   0: 3 0x8000b45c (0xba3f2423) mem 0x8000c000 0x00000001
core   0: 0x8000b460 (0xff9ff06f) j       pc - 0x8
core   0: 3 0x8000b460 (0xff9ff06f)
core   0: 0x8000b458 (0x00001f17) auipc   t5, 0x1
core   0: 3 0x8000b458 (0x00001f17) x30 0x8000c458
core   0: 0x8000b45c (0xba3f2423) sw      gp, -1112(t5)
core   0: 3 0x8000b45c (0xba3f2423) mem 0x8000c000 0x00000001
core   0: 0x8000b460 (0xff9ff06f) j       pc - 0x8
core   0: 3 0x8000b460 (0xff9ff06f)
core   0: 0x8000b458 (0x00001f17) auipc   t5, 0x1
core   0: 3 0x8000b458 (0x00001f17) x30 0x8000c458
core   0: 0x8000b45c (0xba3f2423) sw      gp, -1112(t5)
core   0: 3 0x8000b45c (0xba3f2423) mem 0x8000c000 0x00000001
core   0: 0x8000b460 (0xff9ff06f) j       pc - 0x8
core   0: 3 0x8000b460 (0xff9ff06f)
core   0: 0x8000b458 (0x00001f17) auipc   t5, 0x1
core   0: 3 0x8000b458 (0x00001f17) x30 0x8000c458
core   0: 0x8000b45c (0xba3f2423) sw      gp, -1112(t5)
core   0: 3 0x8000b45c (0xba3f2423) mem 0x8000c000 0x00000001
core   0: 0x8000b460 (0xff9ff06f) j       pc - 0x8
core   0: 3 0x8000b460 (0xff9ff06f)
core   0: 0x8000b458 (0x00001f17) auipc   t5, 0x1
core   0: 3 0x8000b458 (0x00001f17) x30 0x8000c458
core   0: 0x8000b45c (0xba3f2423) sw      gp, -1112(t5)
core   0: 3 0x8000b45c (0xba3f2423) mem 0x8000c000 0x00000001
core   0: 0x8000b460 (0xff9ff06f) j       pc - 0x8
core   0: 3 0x8000b460 (0xff9ff06f)
core   0: 0x8000b458 (0x00001f17) auipc   t5, 0x1
core   0: 3 0x8000b458 (0x00001f17) x30 0x8000c458
core   0: 0x8000b45c (0xba3f2423) sw      gp, -1112(t5)
core   0: 3 0x8000b45c (0xba3f2423) mem 0x8000c000 0x00000001
core   0: 0x8000b460 (0xff9ff06f) j       pc - 0x8
core   0: 3 0x8000b460 (0xff9ff06f)
core   0: 0x8000b458 (0x00001f17) auipc   t5, 0x1
core   0: 3 0x8000b458 (0x00001f17) x30 0x8000c458
core   0: 0x8000b45c (0xba3f2423) sw      gp, -1112(t5)
core   0: 3 0x8000b45c (0xba3f2423) mem 0x8000c000 0x00000001
core   0: 0x8000b460 (0xff9ff06f) j       pc - 0x8
core   0: 3 0x8000b460 (0xff9ff06f)
core   0: 0x8000b458 (0x00001f17) auipc   t5, 0x1
core   0: 3 0x8000b458 (0x00001f17) x30 0x8000c458
core   0: 0x8000b45c (0xba3f2423) sw      gp, -1112(t5)
core   0: 3 0x8000b45c (0xba3f2423) mem 0x8000c000 0x00000001
core   0: 0x8000b460 (0xff9ff06f) j       pc - 0x8
core   0: 3 0x8000b460 (0xff9ff06f)
core   0: 0x8000b458 (0x00001f17) auipc   t5, 0x1
core   0: 3 0x8000b458 (0x00001f17) x30 0x8000c458
core   0: 0x8000b45c (0xba3f2423) sw      gp, -1112(t5)
core   0: 3 0x8000b45c (0xba3f2423) mem 0x8000c000 0x00000001
core   0: 0x8000b460 (0xff9ff06f) j       pc - 0x8
core   0: 3 0x8000b460 (0xff9ff06f)
core   0: 0x8000b458 (0x00001f17) auipc   t5, 0x1
core   0: 3 0x8000b458 (0x00001f17) x30 0x8000c458
core   0: 0x8000b45c (0xba3f2423) sw      gp, -1112(t5)
core   0: 3 0x8000b45c (0xba3f2423) mem 0x8000c000 0x00000001
core   0: 0x8000b460 (0xff9ff06f) j       pc - 0x8
core   0: 3 0x8000b460 (0xff9ff06f)
core   0: 0x8000b458 (0x00001f17) auipc   t5, 0x1
core   0: 3 0x8000b458 (0x00001f17) x30 0x8000c458
core   0: 0x8000b45c (0xba3f2423) sw      gp, -1112(t5)
core   0: 3 0x8000b45c (0xba3f2423) mem 0x8000c000 0x00000001
core   0: 0x8000b460 (0xff9ff06f) j       pc - 0x8
core   0: 3 0x8000b460 (0xff9ff06f)
core   0: 0x8000b458 (0x00001f17) auipc   t5, 0x1
core   0: 3 0x8000b458 (0x00001f17) x30 0x8000c458
core   0: 0x8000b45c (0xba3f2423) sw      gp, -1112(t5)
core   0: 3 0x8000b45c (0xba3f2423) mem 0x8000c000 0x00000001
core   0: 0x8000b460 (0xff9ff06f) j       pc - 0x8
core   0: 3 0x8000b460 (0xff9ff06f)
core   0: 0x8000b458 (0x00001f17) auipc   t5, 0x1
core   0: 3 0x8000b458 (0x00001f17) x30 0x8000c458
core   0: 0x8000b45c (0xba3f2423) sw      gp, -1112(t5)
core   0: 3 0x8000b45c (0xba3f2423) mem 0x8000c000 0x00000001
core   0: 0x8000b460 (0xff9ff06f) j       pc - 0x8
core   0: 3 0x8000b460 (0xff9ff06f)
core   0: 0x8000b458 (0x00001f17) auipc   t5, 0x1
core   0: 3 0x8000b458 (0x00001f17) x30 0x8000c458
core   0: 0x8000b45c (0xba3f2423) sw      gp, -1112(t5)
core   0: 3 0x8000b45c (0xba3f2423) mem 0x8000c000 0x00000001
core   0: 0x8000b460 (0xff9ff06f) j       pc - 0x8
core   0: 3 0x8000b460 (0xff9ff06f)
core   0: 0x8000b458 (0x00001f17) auipc   t5, 0x1
core   0: 3 0x8000b458 (0x00001f17) x30 0x8000c458
core   0: 0x8000b45c (0xba3f2423) sw      gp, -1112(t5)
core   0: 3 0x8000b45c (0xba3f2423) mem 0x8000c000 0x00000001
core   0: 0x8000b460 (0xff9ff06f) j       pc - 0x8
core   0: 3 0x8000b460 (0xff9ff06f)
core   0: 0x8000b458 (0x00001f17) auipc   t5, 0x1
core   0: 3 0x8000b458 (0x00001f17) x30 0x8000c458
core   0: 0x8000b45c (0xba3f2423) sw      gp, -1112(t5)
core   0: 3 0x8000b45c (0xba3f2423) mem 0x8000c000 0x00000001
core   0: 0x8000b460 (0xff9ff06f) j       pc - 0x8
core   0: 3 0x8000b460 (0xff9ff06f)
core   0: 0x8000b458 (0x00001f17) auipc   t5, 0x1
core   0: 3 0x8000b458 (0x00001f17) x30 0x8000c458
core   0: 0x8000b45c (0xba3f2423) sw      gp, -1112(t5)
core   0: 3 0x8000b45c (0xba3f2423) mem 0x8000c000 0x00000001
core   0: 0x8000b460 (0xff9ff06f) j       pc - 0x8
core   0: 3 0x8000b460 (0xff9ff06f)
core   0: 0x8000b458 (0x00001f17) auipc   t5, 0x1
core   0: 3 0x8000b458 (0x00001f17) x30 0x8000c458
core   0: 0x8000b45c (0xba3f2423) sw      gp, -1112(t5)
core   0: 3 0x8000b45c (0xba3f2423) mem 0x8000c000 0x00000001
core   0: 0x8000b460 (0xff9ff06f) j       pc - 0x8
core   0: 3 0x8000b460 (0xff9ff06f)
core   0: 0x8000b458 (0x00001f17) auipc   t5, 0x1
core   0: 3 0x8000b458 (0x00001f17) x30 0x8000c458
core   0: 0x8000b45c (0xba3f2423) sw      gp, -1112(t5)
core   0: 3 0x8000b45c (0xba3f2423) mem 0x8000c000 0x00000001
core   0: 0x8000b460 (0xff9ff06f) j       pc - 0x8
core   0: 3 0x8000b460 (0xff9ff06f)
core   0: 0x8000b458 (0x00001f17) auipc   t5, 0x1
core   0: 3 0x8000b458 (0x00001f17) x30 0x8000c458
core   0: 0x8000b45c (0xba3f2423) sw      gp, -1112(t5)
core   0: 3 0x8000b45c (0xba3f2423) mem 0x8000c000 0x00000001
core   0: 0x8000b460 (0xff9ff06f) j       pc - 0x8
core   0: 3 0x8000b460 (0xff9ff06f)
core   0: 0x8000b458 (0x00001f17) auipc   t5, 0x1
core   0: 3 0x8000b458 (0x00001f17) x30 0x8000c458
core   0: 0x8000b45c (0xba3f2423) sw      gp, -1112(t5)
core   0: 3 0x8000b45c (0xba3f2423) mem 0x8000c000 0x00000001
core   0: 0x8000b460 (0xff9ff06f) j       pc - 0x8
core   0: 3 0x8000b460 (0xff9ff06f)
core   0: 0x8000b458 (0x00001f17) auipc   t5, 0x1
core   0: 3 0x8000b458 (0x00001f17) x30 0x8000c458
core   0: 0x8000b45c (0xba3f2423) sw      gp, -1112(t5)
core   0: 3 0x8000b45c (0xba3f2423) mem 0x8000c000 0x00000001
core   0: 0x8000b460 (0xff9ff06f) j       pc - 0x8
core   0: 3 0x8000b460 (0xff9ff06f)
core   0: 0x8000b458 (0x00001f17) auipc   t5, 0x1
core   0: 3 0x8000b458 (0x00001f17) x30 0x8000c458
core   0: 0x8000b45c (0xba3f2423) sw      gp, -1112(t5)
core   0: 3 0x8000b45c (0xba3f2423) mem 0x8000c000 0x00000001
core   0: 0x8000b460 (0xff9ff06f) j       pc - 0x8
core   0: 3 0x8000b460 (0xff9ff06f)
core   0: 0x8000b458 (0x00001f17) auipc   t5, 0x1
core   0: 3 0x8000b458 (0x00001f17) x30 0x8000c458
core   0: 0x8000b45c (0xba3f2423) sw      gp, -1112(t5)
core   0: 3 0x8000b45c (0xba3f2423) mem 0x8000c000 0x00000001
core   0: 0x8000b460 (0xff9ff06f) j       pc - 0x8
core   0: 3 0x8000b460 (0xff9ff06f)
core   0: 0x8000b458 (0x00001f17) auipc   t5, 0x1
core   0: 3 0x8000b458 (0x00001f17) x30 0x8000c458
core   0: 0x8000b45c (0xba3f2423) sw      gp, -1112(t5)
core   0: 3 0x8000b45c (0xba3f2423) mem 0x8000c000 0x00000001
core   0: 0x8000b460 (0xff9ff06f) j       pc - 0x8
core   0: 3 0x8000b460 (0xff9ff06f)
core   0: 0x8000b458 (0x00001f17) auipc   t5, 0x1
core   0: 3 0x8000b458 (0x00001f17) x30 0x8000c458
core   0: 0x8000b45c (0xba3f2423) sw      gp, -1112(t5)
core   0: 3 0x8000b45c (0xba3f2423) mem 0x8000c000 0x00000001
core   0: 0x8000b460 (0xff9ff06f) j       pc - 0x8
core   0: 3 0x8000b460 (0xff9ff06f)
core   0: 0x8000b458 (0x00001f17) auipc   t5, 0x1
core   0: 3 0x8000b458 (0x00001f17) x30 0x8000c458
core   0: 0x8000b45c (0xba3f2423) sw      gp, -1112(t5)
core   0: 3 0x8000b45c (0xba3f2423) mem 0x8000c000 0x00000001
core   0: 0x8000b460 (0xff9ff06f) j       pc - 0x8
core   0: 3 0x8000b460 (0xff9ff06f)
core   0: 0x8000b458 (0x00001f17) auipc   t5, 0x1
core   0: 3 0x8000b458 (0x00001f17) x30 0x8000c458
core   0: 0x8000b45c (0xba3f2423) sw      gp, -1112(t5)
core   0: 3 0x8000b45c (0xba3f2423) mem 0x8000c000 0x00000001
core   0: 0x8000b460 (0xff9ff06f) j       pc - 0x8
core   0: 3 0x8000b460 (0xff9ff06f)
core   0: 0x8000b458 (0x00001f17) auipc   t5, 0x1
core   0: 3 0x8000b458 (0x00001f17) x30 0x8000c458
core   0: 0x8000b45c (0xba3f2423) sw      gp, -1112(t5)
core   0: 3 0x8000b45c (0xba3f2423) mem 0x8000c000 0x00000001
core   0: 0x8000b460 (0xff9ff06f) j       pc - 0x8
core   0: 3 0x8000b460 (0xff9ff06f)
core   0: 0x8000b458 (0x00001f17) auipc   t5, 0x1
core   0: 3 0x8000b458 (0x00001f17) x30 0x8000c458
core   0: 0x8000b45c (0xba3f2423) sw      gp, -1112(t5)
core   0: 3 0x8000b45c (0xba3f2423) mem 0x8000c000 0x00000001
core   0: 0x8000b460 (0xff9ff06f) j       pc - 0x8
core   0: 3 0x8000b460 (0xff9ff06f)
core   0: 0x8000b458 (0x00001f17) auipc   t5, 0x1
core   0: 3 0x8000b458 (0x00001f17) x30 0x8000c458
core   0: 0x8000b45c (0xba3f2423) sw      gp, -1112(t5)
core   0: 3 0x8000b45c (0xba3f2423) mem 0x8000c000 0x00000001
core   0: 0x8000b460 (0xff9ff06f) j       pc - 0x8
core   0: 3 0x8000b460 (0xff9ff06f)
core   0: 0x8000b458 (0x00001f17) auipc   t5, 0x1
core   0: 3 0x8000b458 (0x00001f17) x30 0x8000c458
core   0: 0x8000b45c (0xba3f2423) sw      gp, -1112(t5)
core   0: 3 0x8000b45c (0xba3f2423) mem 0x8000c000 0x00000001
core   0: 0x8000b460 (0xff9ff06f) j       pc - 0x8
core   0: 3 0x8000b460 (0xff9ff06f)
core   0: 0x8000b458 (0x00001f17) auipc   t5, 0x1
core   0: 3 0x8000b458 (0x00001f17) x30 0x8000c458
core   0: 0x8000b45c (0xba3f2423) sw      gp, -1112(t5)
core   0: 3 0x8000b45c (0xba3f2423) mem 0x8000c000 0x00000001
core   0: 0x8000b460 (0xff9ff06f) j       pc - 0x8
core   0: 3 0x8000b460 (0xff9ff06f)
core   0: 0x8000b458 (0x00001f17) auipc   t5, 0x1
core   0: 3 0x8000b458 (0x00001f17) x30 0x8000c458
core   0: 0x8000b45c (0xba3f2423) sw      gp, -1112(t5)
core   0: 3 0x8000b45c (0xba3f2423) mem 0x8000c000 0x00000001
core   0: 0x8000b460 (0xff9ff06f) j       pc - 0x8
core   0: 3 0x8000b460 (0xff9ff06f)
core   0: 0x8000b458 (0x00001f17) auipc   t5, 0x1
core   0: 3 0x8000b458 (0x00001f17) x30 0x8000c458
core   0: 0x8000b45c (0xba3f2423) sw      gp, -1112(t5)
core   0: 3 0x8000b45c (0xba3f2423) mem 0x8000c000 0x00000001
core   0: 0x8000b460 (0xff9ff06f) j       pc - 0x8
core   0: 3 0x8000b460 (0xff9ff06f)
core   0: 0x8000b458 (0x00001f17) auipc   t5, 0x1
core   0: 3 0x8000b458 (0x00001f17) x30 0x8000c458
core   0: 0x8000b45c (0xba3f2423) sw      gp, -1112(t5)
core   0: 3 0x8000b45c (0xba3f2423) mem 0x8000c000 0x00000001
core   0: 0x8000b460 (0xff9ff06f) j       pc - 0x8
core   0: 3 0x8000b460 (0xff9ff06f)
core   0: 0x8000b458 (0x00001f17) auipc   t5, 0x1
core   0: 3 0x8000b458 (0x00001f17) x30 0x8000c458
core   0: 0x8000b45c (0xba3f2423) sw      gp, -1112(t5)
core   0: 3 0x8000b45c (0xba3f2423) mem 0x8000c000 0x00000001
core   0: 0x8000b460 (0xff9ff06f) j       pc - 0x8
core   0: 3 0x8000b460 (0xff9ff06f)
core   0: 0x8000b458 (0x00001f17) auipc   t5, 0x1
core   0: 3 0x8000b458 (0x00001f17) x30 0x8000c458
core   0: 0x8000b45c (0xba3f2423) sw      gp, -1112(t5)
core   0: 3 0x8000b45c (0xba3f2423) mem 0x8000c000 0x00000001
core   0: 0x8000b460 (0xff9ff06f) j       pc - 0x8
core   0: 3 0x8000b460 (0xff9ff06f)
core   0: 0x8000b458 (0x00001f17) auipc   t5, 0x1
core   0: 3 0x8000b458 (0x00001f17) x30 0x8000c458
core   0: 0x8000b45c (0xba3f2423) sw      gp, -1112(t5)
core   0: 3 0x8000b45c (0xba3f2423) mem 0x8000c000 0x00000001
core   0: 0x8000b460 (0xff9ff06f) j       pc - 0x8
core   0: 3 0x8000b460 (0xff9ff06f)
core   0: 0x8000b458 (0x00001f17) auipc   t5, 0x1
core   0: 3 0x8000b458 (0x00001f17) x30 0x8000c458
core   0: 0x8000b45c (0xba3f2423) sw      gp, -1112(t5)
core   0: 3 0x8000b45c (0xba3f2423) mem 0x8000c000 0x00000001
core   0: 0x8000b460 (0xff9ff06f) j       pc - 0x8
core   0: 3 0x8000b460 (0xff9ff06f)
core   0: 0x8000b458 (0x00001f17) auipc   t5, 0x1
core   0: 3 0x8000b458 (0x00001f17) x30 0x8000c458
core   0: 0x8000b45c (0xba3f2423) sw      gp, -1112(t5)
core   0: 3 0x8000b45c (0xba3f2423) mem 0x8000c000 0x00000001
core   0: 0x8000b460 (0xff9ff06f) j       pc - 0x8
core   0: 3 0x8000b460 (0xff9ff06f)
core   0: 0x8000b458 (0x00001f17) auipc   t5, 0x1
core   0: 3 0x8000b458 (0x00001f17) x30 0x8000c458
core   0: 0x8000b45c (0xba3f2423) sw      gp, -1112(t5)
core   0: 3 0x8000b45c (0xba3f2423) mem 0x8000c000 0x00000001
core   0: 0x8000b460 (0xff9ff06f) j       pc - 0x8
core   0: 3 0x8000b460 (0xff9ff06f)
core   0: 0x8000b458 (0x00001f17) auipc   t5, 0x1
core   0: 3 0x8000b458 (0x00001f17) x30 0x8000c458
core   0: 0x8000b45c (0xba3f2423) sw      gp, -1112(t5)
core   0: 3 0x8000b45c (0xba3f2423) mem 0x8000c000 0x00000001
core   0: 0x8000b460 (0xff9ff06f) j       pc - 0x8
core   0: 3 0x8000b460 (0xff9ff06f)
core   0: 0x8000b458 (0x00001f17) auipc   t5, 0x1
core   0: 3 0x8000b458 (0x00001f17) x30 0x8000c458
core   0: 0x8000b45c (0xba3f2423) sw      gp, -1112(t5)
core   0: 3 0x8000b45c (0xba3f2423) mem 0x8000c000 0x00000001
core   0: 0x8000b460 (0xff9ff06f) j       pc - 0x8
core   0: 3 0x8000b460 (0xff9ff06f)
core   0: 0x8000b458 (0x00001f17) auipc   t5, 0x1
core   0: 3 0x8000b458 (0x00001f17) x30 0x8000c458
core   0: 0x8000b45c (0xba3f2423) sw      gp, -1112(t5)
core   0: 3 0x8000b45c (0xba3f2423) mem 0x8000c000 0x00000001
core   0: 0x8000b460 (0xff9ff06f) j       pc - 0x8
core   0: 3 0x8000b460 (0xff9ff06f)
core   0: 0x8000b458 (0x00001f17) auipc   t5, 0x1
core   0: 3 0x8000b458 (0x00001f17) x30 0x8000c458
core   0: 0x8000b45c (0xba3f2423) sw      gp, -1112(t5)
core   0: 3 0x8000b45c (0xba3f2423) mem 0x8000c000 0x00000001
core   0: 0x8000b460 (0xff9ff06f) j       pc - 0x8
core   0: 3 0x8000b460 (0xff9ff06f)
core   0: 0x8000b458 (0x00001f17) auipc   t5, 0x1
core   0: 3 0x8000b458 (0x00001f17) x30 0x8000c458
core   0: 0x8000b45c (0xba3f2423) sw      gp, -1112(t5)
core   0: 3 0x8000b45c (0xba3f2423) mem 0x8000c000 0x00000001
core   0: 0x8000b460 (0xff9ff06f) j       pc - 0x8
core   0: 3 0x8000b460 (0xff9ff06f)
core   0: 0x8000b458 (0x00001f17) auipc   t5, 0x1
core   0: 3 0x8000b458 (0x00001f17) x30 0x8000c458
core   0: 0x8000b45c (0xba3f2423) sw      gp, -1112(t5)
core   0: 3 0x8000b45c (0xba3f2423) mem 0x8000c000 0x00000001
core   0: 0x8000b460 (0xff9ff06f) j       pc - 0x8
core   0: 3 0x8000b460 (0xff9ff06f)
core   0: 0x8000b458 (0x00001f17) auipc   t5, 0x1
core   0: 3 0x8000b458 (0x00001f17) x30 0x8000c458
core   0: 0x8000b45c (0xba3f2423) sw      gp, -1112(t5)
core   0: 3 0x8000b45c (0xba3f2423) mem 0x8000c000 0x00000001
core   0: 0x8000b460 (0xff9ff06f) j       pc - 0x8
core   0: 3 0x8000b460 (0xff9ff06f)
core   0: 0x8000b458 (0x00001f17) auipc   t5, 0x1
core   0: 3 0x8000b458 (0x00001f17) x30 0x8000c458
core   0: 0x8000b45c (0xba3f2423) sw      gp, -1112(t5)
core   0: 3 0x8000b45c (0xba3f2423) mem 0x8000c000 0x00000001
core   0: 0x8000b460 (0xff9ff06f) j       pc - 0x8
core   0: 3 0x8000b460 (0xff9ff06f)
core   0: 0x8000b458 (0x00001f17) auipc   t5, 0x1
core   0: 3 0x8000b458 (0x00001f17) x30 0x8000c458
core   0: 0x8000b45c (0xba3f2423) sw      gp, -1112(t5)
core   0: 3 0x8000b45c (0xba3f2423) mem 0x8000c000 0x00000001
core   0: 0x8000b460 (0xff9ff06f) j       pc - 0x8
core   0: 3 0x8000b460 (0xff9ff06f)
core   0: 0x8000b458 (0x00001f17) auipc   t5, 0x1
core   0: 3 0x8000b458 (0x00001f17) x30 0x8000c458
core   0: 0x8000b45c (0xba3f2423) sw      gp, -1112(t5)
core   0: 3 0x8000b45c (0xba3f2423) mem 0x8000c000 0x00000001
core   0: 0x8000b460 (0xff9ff06f) j       pc - 0x8
core   0: 3 0x8000b460 (0xff9ff06f)
core   0: 0x8000b458 (0x00001f17) auipc   t5, 0x1
core   0: 3 0x8000b458 (0x00001f17) x30 0x8000c458
core   0: 0x8000b45c (0xba3f2423) sw      gp, -1112(t5)
core   0: 3 0x8000b45c (0xba3f2423) mem 0x8000c000 0x00000001
core   0: 0x8000b460 (0xff9ff06f) j       pc - 0x8
core   0: 3 0x8000b460 (0xff9ff06f)
core   0: 0x8000b458 (0x00001f17) auipc   t5, 0x1
core   0: 3 0x8000b458 (0x00001f17) x30 0x8000c458
core   0: 0x8000b45c (0xba3f2423) sw      gp, -1112(t5)
core   0: 3 0x8000b45c (0xba3f2423) mem 0x8000c000 0x00000001
core   0: 0x8000b460 (0xff9ff06f) j       pc - 0x8
core   0: 3 0x8000b460 (0xff9ff06f)
core   0: 0x8000b458 (0x00001f17) auipc   t5, 0x1
core   0: 3 0x8000b458 (0x00001f17) x30 0x8000c458
core   0: 0x8000b45c (0xba3f2423) sw      gp, -1112(t5)
core   0: 3 0x8000b45c (0xba3f2423) mem 0x8000c000 0x00000001
core   0: 0x8000b460 (0xff9ff06f) j       pc - 0x8
core   0: 3 0x8000b460 (0xff9ff06f)
core   0: 0x8000b458 (0x00001f17) auipc   t5, 0x1
core   0: 3 0x8000b458 (0x00001f17) x30 0x8000c458
core   0: 0x8000b45c (0xba3f2423) sw      gp, -1112(t5)
core   0: 3 0x8000b45c (0xba3f2423) mem 0x8000c000 0x00000001
core   0: 0x8000b460 (0xff9ff06f) j       pc - 0x8
core   0: 3 0x8000b460 (0xff9ff06f)
core   0: 0x8000b458 (0x00001f17) auipc   t5, 0x1
core   0: 3 0x8000b458 (0x00001f17) x30 0x8000c458
core   0: 0x8000b45c (0xba3f2423) sw      gp, -1112(t5)
core   0: 3 0x8000b45c (0xba3f2423) mem 0x8000c000 0x00000001
core   0: 0x8000b460 (0xff9ff06f) j       pc - 0x8
core   0: 3 0x8000b460 (0xff9ff06f)
core   0: 0x8000b458 (0x00001f17) auipc   t5, 0x1
core   0: 3 0x8000b458 (0x00001f17) x30 0x8000c458
core   0: 0x8000b45c (0xba3f2423) sw      gp, -1112(t5)
core   0: 3 0x8000b45c (0xba3f2423) mem 0x8000c000 0x00000001
core   0: 0x8000b460 (0xff9ff06f) j       pc - 0x8
core   0: 3 0x8000b460 (0xff9ff06f)
core   0: 0x8000b458 (0x00001f17) auipc   t5, 0x1
core   0: 3 0x8000b458 (0x00001f17) x30 0x8000c458
core   0: 0x8000b45c (0xba3f2423) sw      gp, -1112(t5)
core   0: 3 0x8000b45c (0xba3f2423) mem 0x8000c000 0x00000001
core   0: 0x8000b460 (0xff9ff06f) j       pc - 0x8
core   0: 3 0x8000b460 (0xff9ff06f)
core   0: 0x8000b458 (0x00001f17) auipc   t5, 0x1
core   0: 3 0x8000b458 (0x00001f17) x30 0x8000c458
core   0: 0x8000b45c (0xba3f2423) sw      gp, -1112(t5)
core   0: 3 0x8000b45c (0xba3f2423) mem 0x8000c000 0x00000001
core   0: 0x8000b460 (0xff9ff06f) j       pc - 0x8
core   0: 3 0x8000b460 (0xff9ff06f)
core   0: 0x8000b458 (0x00001f17) auipc   t5, 0x1
core   0: 3 0x8000b458 (0x00001f17) x30 0x8000c458
core   0: 0x8000b45c (0xba3f2423) sw      gp, -1112(t5)
core   0: 3 0x8000b45c (0xba3f2423) mem 0x8000c000 0x00000001
core   0: 0x8000b460 (0xff9ff06f) j       pc - 0x8
core   0: 3 0x8000b460 (0xff9ff06f)
core   0: 0x8000b458 (0x00001f17) auipc   t5, 0x1
core   0: 3 0x8000b458 (0x00001f17) x30 0x8000c458
core   0: 0x8000b45c (0xba3f2423) sw      gp, -1112(t5)
core   0: 3 0x8000b45c (0xba3f2423) mem 0x8000c000 0x00000001
core   0: 0x8000b460 (0xff9ff06f) j       pc - 0x8
core   0: 3 0x8000b460 (0xff9ff06f)
core   0: 0x8000b458 (0x00001f17) auipc   t5, 0x1
core   0: 3 0x8000b458 (0x00001f17) x30 0x8000c458
core   0: 0x8000b45c (0xba3f2423) sw      gp, -1112(t5)
core   0: 3 0x8000b45c (0xba3f2423) mem 0x8000c000 0x00000001
core   0: 0x8000b460 (0xff9ff06f) j       pc - 0x8
core   0: 3 0x8000b460 (0xff9ff06f)
core   0: 0x8000b458 (0x00001f17) auipc   t5, 0x1
core   0: 3 0x8000b458 (0x00001f17) x30 0x8000c458
core   0: 0x8000b45c (0xba3f2423) sw      gp, -1112(t5)
core   0: 3 0x8000b45c (0xba3f2423) mem 0x8000c000 0x00000001
core   0: 0x8000b460 (0xff9ff06f) j       pc - 0x8
core   0: 3 0x8000b460 (0xff9ff06f)
core   0: 0x8000b458 (0x00001f17) auipc   t5, 0x1
core   0: 3 0x8000b458 (0x00001f17) x30 0x8000c458
core   0: 0x8000b45c (0xba3f2423) sw      gp, -1112(t5)
core   0: 3 0x8000b45c (0xba3f2423) mem 0x8000c000 0x00000001
core   0: 0x8000b460 (0xff9ff06f) j       pc - 0x8
core   0: 3 0x8000b460 (0xff9ff06f)
core   0: 0x8000b458 (0x00001f17) auipc   t5, 0x1
core   0: 3 0x8000b458 (0x00001f17) x30 0x8000c458
core   0: 0x8000b45c (0xba3f2423) sw      gp, -1112(t5)
core   0: 3 0x8000b45c (0xba3f2423) mem 0x8000c000 0x00000001
core   0: 0x8000b460 (0xff9ff06f) j       pc - 0x8
core   0: 3 0x8000b460 (0xff9ff06f)
core   0: 0x8000b458 (0x00001f17) auipc   t5, 0x1
core   0: 3 0x8000b458 (0x00001f17) x30 0x8000c458
core   0: 0x8000b45c (0xba3f2423) sw      gp, -1112(t5)
core   0: 3 0x8000b45c (0xba3f2423) mem 0x8000c000 0x00000001
core   0: 0x8000b460 (0xff9ff06f) j       pc - 0x8
core   0: 3 0x8000b460 (0xff9ff06f)
core   0: 0x8000b458 (0x00001f17) auipc   t5, 0x1
core   0: 3 0x8000b458 (0x00001f17) x30 0x8000c458
core   0: 0x8000b45c (0xba3f2423) sw      gp, -1112(t5)
core   0: 3 0x8000b45c (0xba3f2423) mem 0x8000c000 0x00000001
core   0: 0x8000b460 (0xff9ff06f) j       pc - 0x8
core   0: 3 0x8000b460 (0xff9ff06f)
core   0: 0x8000b458 (0x00001f17) auipc   t5, 0x1
core   0: 3 0x8000b458 (0x00001f17) x30 0x8000c458
core   0: 0x8000b45c (0xba3f2423) sw      gp, -1112(t5)
core   0: 3 0x8000b45c (0xba3f2423) mem 0x8000c000 0x00000001
core   0: 0x8000b460 (0xff9ff06f) j       pc - 0x8
core   0: 3 0x8000b460 (0xff9ff06f)
core   0: 0x8000b458 (0x00001f17) auipc   t5, 0x1
core   0: 3 0x8000b458 (0x00001f17) x30 0x8000c458
core   0: 0x8000b45c (0xba3f2423) sw      gp, -1112(t5)
core   0: 3 0x8000b45c (0xba3f2423) mem 0x8000c000 0x00000001
core   0: 0x8000b460 (0xff9ff06f) j       pc - 0x8
core   0: 3 0x8000b460 (0xff9ff06f)
core   0: 0x8000b458 (0x00001f17) auipc   t5, 0x1
core   0: 3 0x8000b458 (0x00001f17) x30 0x8000c458
core   0: 0x8000b45c (0xba3f2423) sw      gp, -1112(t5)
core   0: 3 0x8000b45c (0xba3f2423) mem 0x8000c000 0x00000001
core   0: 0x8000b460 (0xff9ff06f) j       pc - 0x8
core   0: 3 0x8000b460 (0xff9ff06f)
core   0: 0x8000b458 (0x00001f17) auipc   t5, 0x1
core   0: 3 0x8000b458 (0x00001f17) x30 0x8000c458
core   0: 0x8000b45c (0xba3f2423) sw      gp, -1112(t5)
core   0: 3 0x8000b45c (0xba3f2423) mem 0x8000c000 0x00000001
core   0: 0x8000b460 (0xff9ff06f) j       pc - 0x8
core   0: 3 0x8000b460 (0xff9ff06f)
core   0: 0x8000b458 (0x00001f17) auipc   t5, 0x1
core   0: 3 0x8000b458 (0x00001f17) x30 0x8000c458
core   0: 0x8000b45c (0xba3f2423) sw      gp, -1112(t5)
core   0: 3 0x8000b45c (0xba3f2423) mem 0x8000c000 0x00000001
core   0: 0x8000b460 (0xff9ff06f) j       pc - 0x8
core   0: 3 0x8000b460 (0xff9ff06f)
core   0: 0x8000b458 (0x00001f17) auipc   t5, 0x1
core   0: 3 0x8000b458 (0x00001f17) x30 0x8000c458
core   0: 0x8000b45c (0xba3f2423) sw      gp, -1112(t5)
core   0: 3 0x8000b45c (0xba3f2423) mem 0x8000c000 0x00000001
core   0: 0x8000b460 (0xff9ff06f) j       pc - 0x8
core   0: 3 0x8000b460 (0xff9ff06f)
core   0: 0x8000b458 (0x00001f17) auipc   t5, 0x1
core   0: 3 0x8000b458 (0x00001f17) x30 0x8000c458
core   0: 0x8000b45c (0xba3f2423) sw      gp, -1112(t5)
core   0: 3 0x8000b45c (0xba3f2423) mem 0x8000c000 0x00000001
core   0: 0x8000b460 (0xff9ff06f) j       pc - 0x8
core   0: 3 0x8000b460 (0xff9ff06f)
core   0: 0x8000b458 (0x00001f17) auipc   t5, 0x1
core   0: 3 0x8000b458 (0x00001f17) x30 0x8000c458
core   0: 0x8000b45c (0xba3f2423) sw      gp, -1112(t5)
core   0: 3 0x8000b45c (0xba3f2423) mem 0x8000c000 0x00000001
core   0: 0x8000b460 (0xff9ff06f) j       pc - 0x8
core   0: 3 0x8000b460 (0xff9ff06f)
core   0: 0x8000b458 (0x00001f17) auipc   t5, 0x1
core   0: 3 0x8000b458 (0x00001f17) x30 0x8000c458
core   0: 0x8000b45c (0xba3f2423) sw      gp, -1112(t5)
core   0: 3 0x8000b45c (0xba3f2423) mem 0x8000c000 0x00000001
core   0: 0x8000b460 (0xff9ff06f) j       pc - 0x8
core   0: 3 0x8000b460 (0xff9ff06f)
core   0: 0x8000b458 (0x00001f17) auipc   t5, 0x1
core   0: 3 0x8000b458 (0x00001f17) x30 0x8000c458
core   0: 0x8000b45c (0xba3f2423) sw      gp, -1112(t5)
core   0: 3 0x8000b45c (0xba3f2423) mem 0x8000c000 0x00000001
core   0: 0x8000b460 (0xff9ff06f) j       pc - 0x8
core   0: 3 0x8000b460 (0xff9ff06f)
core   0: 0x8000b458 (0x00001f17) auipc   t5, 0x1
core   0: 3 0x8000b458 (0x00001f17) x30 0x8000c458
core   0: 0x8000b45c (0xba3f2423) sw      gp, -1112(t5)
core   0: 3 0x8000b45c (0xba3f2423) mem 0x8000c000 0x00000001
core   0: 0x8000b460 (0xff9ff06f) j       pc - 0x8
core   0: 3 0x8000b460 (0xff9ff06f)
core   0: 0x8000b458 (0x00001f17) auipc   t5, 0x1
core   0: 3 0x8000b458 (0x00001f17) x30 0x8000c458
core   0: 0x8000b45c (0xba3f2423) sw      gp, -1112(t5)
core   0: 3 0x8000b45c (0xba3f2423) mem 0x8000c000 0x00000001
core   0: 0x8000b460 (0xff9ff06f) j       pc - 0x8
core   0: 3 0x8000b460 (0xff9ff06f)
core   0: 0x8000b458 (0x00001f17) auipc   t5, 0x1
core   0: 3 0x8000b458 (0x00001f17) x30 0x8000c458
core   0: 0x8000b45c (0xba3f2423) sw      gp, -1112(t5)
core   0: 3 0x8000b45c (0xba3f2423) mem 0x8000c000 0x00000001
core   0: 0x8000b460 (0xff9ff06f) j       pc - 0x8
core   0: 3 0x8000b460 (0xff9ff06f)
core   0: 0x8000b458 (0x00001f17) auipc   t5, 0x1
core   0: 3 0x8000b458 (0x00001f17) x30 0x8000c458
core   0: 0x8000b45c (0xba3f2423) sw      gp, -1112(t5)
core   0: 3 0x8000b45c (0xba3f2423) mem 0x8000c000 0x00000001
core   0: 0x8000b460 (0xff9ff06f) j       pc - 0x8
core   0: 3 0x8000b460 (0xff9ff06f)
core   0: 0x8000b458 (0x00001f17) auipc   t5, 0x1
core   0: 3 0x8000b458 (0x00001f17) x30 0x8000c458
core   0: 0x8000b45c (0xba3f2423) sw      gp, -1112(t5)
core   0: 3 0x8000b45c (0xba3f2423) mem 0x8000c000 0x00000001
core   0: 0x8000b460 (0xff9ff06f) j       pc - 0x8
core   0: 3 0x8000b460 (0xff9ff06f)
core   0: 0x8000b458 (0x00001f17) auipc   t5, 0x1
core   0: 3 0x8000b458 (0x00001f17) x30 0x8000c458
core   0: 0x8000b45c (0xba3f2423) sw      gp, -1112(t5)
core   0: 3 0x8000b45c (0xba3f2423) mem 0x8000c000 0x00000001
core   0: 0x8000b460 (0xff9ff06f) j       pc - 0x8
core   0: 3 0x8000b460 (0xff9ff06f)
core   0: 0x8000b458 (0x00001f17) auipc   t5, 0x1
core   0: 3 0x8000b458 (0x00001f17) x30 0x8000c458
core   0: 0x8000b45c (0xba3f2423) sw      gp, -1112(t5)
core   0: 3 0x8000b45c (0xba3f2423) mem 0x8000c000 0x00000001
core   0: 0x8000b460 (0xff9ff06f) j       pc - 0x8
core   0: 3 0x8000b460 (0xff9ff06f)
core   0: 0x8000b458 (0x00001f17) auipc   t5, 0x1
core   0: 3 0x8000b458 (0x00001f17) x30 0x8000c458
core   0: 0x8000b45c (0xba3f2423) sw      gp, -1112(t5)
core   0: 3 0x8000b45c (0xba3f2423) mem 0x8000c000 0x00000001
core   0: 0x8000b460 (0xff9ff06f) j       pc - 0x8
core   0: 3 0x8000b460 (0xff9ff06f)
core   0: 0x8000b458 (0x00001f17) auipc   t5, 0x1
core   0: 3 0x8000b458 (0x00001f17) x30 0x8000c458
core   0: 0x8000b45c (0xba3f2423) sw      gp, -1112(t5)
core   0: 3 0x8000b45c (0xba3f2423) mem 0x8000c000 0x00000001
core   0: 0x8000b460 (0xff9ff06f) j       pc - 0x8
core   0: 3 0x8000b460 (0xff9ff06f)
core   0: 0x8000b458 (0x00001f17) auipc   t5, 0x1
core   0: 3 0x8000b458 (0x00001f17) x30 0x8000c458
core   0: 0x8000b45c (0xba3f2423) sw      gp, -1112(t5)
core   0: 3 0x8000b45c (0xba3f2423) mem 0x8000c000 0x00000001
core   0: 0x8000b460 (0xff9ff06f) j       pc - 0x8
core   0: 3 0x8000b460 (0xff9ff06f)
core   0: 0x8000b458 (0x00001f17) auipc   t5, 0x1
core   0: 3 0x8000b458 (0x00001f17) x30 0x8000c458
core   0: 0x8000b45c (0xba3f2423) sw      gp, -1112(t5)
core   0: 3 0x8000b45c (0xba3f2423) mem 0x8000c000 0x00000001
core   0: 0x8000b460 (0xff9ff06f) j       pc - 0x8
core   0: 3 0x8000b460 (0xff9ff06f)
core   0: 0x8000b458 (0x00001f17) auipc   t5, 0x1
core   0: 3 0x8000b458 (0x00001f17) x30 0x8000c458
core   0: 0x8000b45c (0xba3f2423) sw      gp, -1112(t5)
core   0: 3 0x8000b45c (0xba3f2423) mem 0x8000c000 0x00000001
core   0: 0x8000b460 (0xff9ff06f) j       pc - 0x8
core   0: 3 0x8000b460 (0xff9ff06f)
core   0: 0x8000b458 (0x00001f17) auipc   t5, 0x1
core   0: 3 0x8000b458 (0x00001f17) x30 0x8000c458
core   0: 0x8000b45c (0xba3f2423) sw      gp, -1112(t5)
core   0: 3 0x8000b45c (0xba3f2423) mem 0x8000c000 0x00000001
core   0: 0x8000b460 (0xff9ff06f) j       pc - 0x8
core   0: 3 0x8000b460 (0xff9ff06f)
core   0: 0x8000b458 (0x00001f17) auipc   t5, 0x1
core   0: 3 0x8000b458 (0x00001f17) x30 0x8000c458
core   0: 0x8000b45c (0xba3f2423) sw      gp, -1112(t5)
core   0: 3 0x8000b45c (0xba3f2423) mem 0x8000c000 0x00000001
core   0: 0x8000b460 (0xff9ff06f) j       pc - 0x8
core   0: 3 0x8000b460 (0xff9ff06f)
core   0: 0x8000b458 (0x00001f17) auipc   t5, 0x1
core   0: 3 0x8000b458 (0x00001f17) x30 0x8000c458
core   0: 0x8000b45c (0xba3f2423) sw      gp, -1112(t5)
core   0: 3 0x8000b45c (0xba3f2423) mem 0x8000c000 0x00000001
core   0: 0x8000b460 (0xff9ff06f) j       pc - 0x8
core   0: 3 0x8000b460 (0xff9ff06f)
core   0: 0x8000b458 (0x00001f17) auipc   t5, 0x1
core   0: 3 0x8000b458 (0x00001f17) x30 0x8000c458
core   0: 0x8000b45c (0xba3f2423) sw      gp, -1112(t5)
core   0: 3 0x8000b45c (0xba3f2423) mem 0x8000c000 0x00000001
core   0: 0x8000b460 (0xff9ff06f) j       pc - 0x8
core   0: 3 0x8000b460 (0xff9ff06f)
core   0: 0x8000b458 (0x00001f17) auipc   t5, 0x1
core   0: 3 0x8000b458 (0x00001f17) x30 0x8000c458
core   0: 0x8000b45c (0xba3f2423) sw      gp, -1112(t5)
core   0: 3 0x8000b45c (0xba3f2423) mem 0x8000c000 0x00000001
core   0: 0x8000b460 (0xff9ff06f) j       pc - 0x8
core   0: 3 0x8000b460 (0xff9ff06f)
core   0: 0x8000b458 (0x00001f17) auipc   t5, 0x1
core   0: 3 0x8000b458 (0x00001f17) x30 0x8000c458
core   0: 0x8000b45c (0xba3f2423) sw      gp, -1112(t5)
core   0: 3 0x8000b45c (0xba3f2423) mem 0x8000c000 0x00000001
core   0: 0x8000b460 (0xff9ff06f) j       pc - 0x8
core   0: 3 0x8000b460 (0xff9ff06f)
core   0: 0x8000b458 (0x00001f17) auipc   t5, 0x1
core   0: 3 0x8000b458 (0x00001f17) x30 0x8000c458
core   0: 0x8000b45c (0xba3f2423) sw      gp, -1112(t5)
core   0: 3 0x8000b45c (0xba3f2423) mem 0x8000c000 0x00000001
core   0: 0x8000b460 (0xff9ff06f) j       pc - 0x8
core   0: 3 0x8000b460 (0xff9ff06f)
core   0: 0x8000b458 (0x00001f17) auipc   t5, 0x1
core   0: 3 0x8000b458 (0x00001f17) x30 0x8000c458
core   0: 0x8000b45c (0xba3f2423) sw      gp, -1112(t5)
core   0: 3 0x8000b45c (0xba3f2423) mem 0x8000c000 0x00000001
core   0: 0x8000b460 (0xff9ff06f) j       pc - 0x8
core   0: 3 0x8000b460 (0xff9ff06f)
core   0: 0x8000b458 (0x00001f17) auipc   t5, 0x1
core   0: 3 0x8000b458 (0x00001f17) x30 0x8000c458
core   0: 0x8000b45c (0xba3f2423) sw      gp, -1112(t5)
core   0: 3 0x8000b45c (0xba3f2423) mem 0x8000c000 0x00000001
core   0: 0x8000b460 (0xff9ff06f) j       pc - 0x8
core   0: 3 0x8000b460 (0xff9ff06f)
core   0: 0x8000b458 (0x00001f17) auipc   t5, 0x1
core   0: 3 0x8000b458 (0x00001f17) x30 0x8000c458
core   0: 0x8000b45c (0xba3f2423) sw      gp, -1112(t5)
core   0: 3 0x8000b45c (0xba3f2423) mem 0x8000c000 0x00000001
core   0: 0x8000b460 (0xff9ff06f) j       pc - 0x8
core   0: 3 0x8000b460 (0xff9ff06f)
core   0: 0x8000b458 (0x00001f17) auipc   t5, 0x1
core   0: 3 0x8000b458 (0x00001f17) x30 0x8000c458
core   0: 0x8000b45c (0xba3f2423) sw      gp, -1112(t5)
core   0: 3 0x8000b45c (0xba3f2423) mem 0x8000c000 0x00000001
core   0: 0x8000b460 (0xff9ff06f) j       pc - 0x8
core   0: 3 0x8000b460 (0xff9ff06f)
core   0: 0x8000b458 (0x00001f17) auipc   t5, 0x1
core   0: 3 0x8000b458 (0x00001f17) x30 0x8000c458
core   0: 0x8000b45c (0xba3f2423) sw      gp, -1112(t5)
core   0: 3 0x8000b45c (0xba3f2423) mem 0x8000c000 0x00000001
core   0: 0x8000b460 (0xff9ff06f) j       pc - 0x8
core   0: 3 0x8000b460 (0xff9ff06f)
core   0: 0x8000b458 (0x00001f17) auipc   t5, 0x1
core   0: 3 0x8000b458 (0x00001f17) x30 0x8000c458
core   0: 0x8000b45c (0xba3f2423) sw      gp, -1112(t5)
core   0: 3 0x8000b45c (0xba3f2423) mem 0x8000c000 0x00000001
core   0: 0x8000b460 (0xff9ff06f) j       pc - 0x8
core   0: 3 0x8000b460 (0xff9ff06f)
core   0: 0x8000b458 (0x00001f17) auipc   t5, 0x1
core   0: 3 0x8000b458 (0x00001f17) x30 0x8000c458
core   0: 0x8000b45c (0xba3f2423) sw      gp, -1112(t5)
core   0: 3 0x8000b45c (0xba3f2423) mem 0x8000c000 0x00000001
core   0: 0x8000b460 (0xff9ff06f) j       pc - 0x8
core   0: 3 0x8000b460 (0xff9ff06f)
core   0: 0x8000b458 (0x00001f17) auipc   t5, 0x1
core   0: 3 0x8000b458 (0x00001f17) x30 0x8000c458
core   0: 0x8000b45c (0xba3f2423) sw      gp, -1112(t5)
core   0: 3 0x8000b45c (0xba3f2423) mem 0x8000c000 0x00000001
core   0: 0x8000b460 (0xff9ff06f) j       pc - 0x8
core   0: 3 0x8000b460 (0xff9ff06f)
core   0: 0x8000b458 (0x00001f17) auipc   t5, 0x1
core   0: 3 0x8000b458 (0x00001f17) x30 0x8000c458
core   0: 0x8000b45c (0xba3f2423) sw      gp, -1112(t5)
core   0: 3 0x8000b45c (0xba3f2423) mem 0x8000c000 0x00000001
core   0: 0x8000b460 (0xff9ff06f) j       pc - 0x8
core   0: 3 0x8000b460 (0xff9ff06f)
core   0: 0x8000b458 (0x00001f17) auipc   t5, 0x1
core   0: 3 0x8000b458 (0x00001f17) x30 0x8000c458
core   0: 0x8000b45c (0xba3f2423) sw      gp, -1112(t5)
core   0: 3 0x8000b45c (0xba3f2423) mem 0x8000c000 0x00000001
core   0: 0x8000b460 (0xff9ff06f) j       pc - 0x8
core   0: 3 0x8000b460 (0xff9ff06f)
core   0: 0x8000b458 (0x00001f17) auipc   t5, 0x1
core   0: 3 0x8000b458 (0x00001f17) x30 0x8000c458
core   0: 0x8000b45c (0xba3f2423) sw      gp, -1112(t5)
core   0: 3 0x8000b45c (0xba3f2423) mem 0x8000c000 0x00000001
core   0: 0x8000b460 (0xff9ff06f) j       pc - 0x8
core   0: 3 0x8000b460 (0xff9ff06f)
core   0: 0x8000b458 (0x00001f17) auipc   t5, 0x1
core   0: 3 0x8000b458 (0x00001f17) x30 0x8000c458
core   0: 0x8000b45c (0xba3f2423) sw      gp, -1112(t5)
core   0: 3 0x8000b45c (0xba3f2423) mem 0x8000c000 0x00000001
core   0: 0x8000b460 (0xff9ff06f) j       pc - 0x8
core   0: 3 0x8000b460 (0xff9ff06f)
core   0: 0x8000b458 (0x00001f17) auipc   t5, 0x1
core   0: 3 0x8000b458 (0x00001f17) x30 0x8000c458
core   0: 0x8000b45c (0xba3f2423) sw      gp, -1112(t5)
core   0: 3 0x8000b45c (0xba3f2423) mem 0x8000c000 0x00000001
core   0: 0x8000b460 (0xff9ff06f) j       pc - 0x8
core   0: 3 0x8000b460 (0xff9ff06f)
core   0: 0x8000b458 (0x00001f17) auipc   t5, 0x1
core   0: 3 0x8000b458 (0x00001f17) x30 0x8000c458
core   0: 0x8000b45c (0xba3f2423) sw      gp, -1112(t5)
core   0: 3 0x8000b45c (0xba3f2423) mem 0x8000c000 0x00000001
core   0: 0x8000b460 (0xff9ff06f) j       pc - 0x8
core   0: 3 0x8000b460 (0xff9ff06f)
core   0: 0x8000b458 (0x00001f17) auipc   t5, 0x1
core   0: 3 0x8000b458 (0x00001f17) x30 0x8000c458
core   0: 0x8000b45c (0xba3f2423) sw      gp, -1112(t5)
core   0: 3 0x8000b45c (0xba3f2423) mem 0x8000c000 0x00000001
core   0: 0x8000b460 (0xff9ff06f) j       pc - 0x8
core   0: 3 0x8000b460 (0xff9ff06f)
core   0: 0x8000b458 (0x00001f17) auipc   t5, 0x1
core   0: 3 0x8000b458 (0x00001f17) x30 0x8000c458
core   0: 0x8000b45c (0xba3f2423) sw      gp, -1112(t5)
core   0: 3 0x8000b45c (0xba3f2423) mem 0x8000c000 0x00000001
core   0: 0x8000b460 (0xff9ff06f) j       pc - 0x8
core   0: 3 0x8000b460 (0xff9ff06f)
core   0: 0x8000b458 (0x00001f17) auipc   t5, 0x1
core   0: 3 0x8000b458 (0x00001f17) x30 0x8000c458
core   0: 0x8000b45c (0xba3f2423) sw      gp, -1112(t5)
core   0: 3 0x8000b45c (0xba3f2423) mem 0x8000c000 0x00000001
core   0: 0x8000b460 (0xff9ff06f) j       pc - 0x8
core   0: 3 0x8000b460 (0xff9ff06f)
core   0: 0x8000b458 (0x00001f17) auipc   t5, 0x1
core   0: 3 0x8000b458 (0x00001f17) x30 0x8000c458
core   0: 0x8000b45c (0xba3f2423) sw      gp, -1112(t5)
core   0: 3 0x8000b45c (0xba3f2423) mem 0x8000c000 0x00000001
core   0: 0x8000b460 (0xff9ff06f) j       pc - 0x8
core   0: 3 0x8000b460 (0xff9ff06f)
core   0: 0x8000b458 (0x00001f17) auipc   t5, 0x1
core   0: 3 0x8000b458 (0x00001f17) x30 0x8000c458
core   0: 0x8000b45c (0xba3f2423) sw      gp, -1112(t5)
core   0: 3 0x8000b45c (0xba3f2423) mem 0x8000c000 0x00000001
core   0: 0x8000b460 (0xff9ff06f) j       pc - 0x8
core   0: 3 0x8000b460 (0xff9ff06f)
core   0: 0x8000b458 (0x00001f17) auipc   t5, 0x1
core   0: 3 0x8000b458 (0x00001f17) x30 0x8000c458
core   0: 0x8000b45c (0xba3f2423) sw      gp, -1112(t5)
core   0: 3 0x8000b45c (0xba3f2423) mem 0x8000c000 0x00000001
core   0: 0x8000b460 (0xff9ff06f) j       pc - 0x8
core   0: 3 0x8000b460 (0xff9ff06f)
core   0: 0x8000b458 (0x00001f17) auipc   t5, 0x1
core   0: 3 0x8000b458 (0x00001f17) x30 0x8000c458
core   0: 0x8000b45c (0xba3f2423) sw      gp, -1112(t5)
core   0: 3 0x8000b45c (0xba3f2423) mem 0x8000c000 0x00000001
core   0: 0x8000b460 (0xff9ff06f) j       pc - 0x8
core   0: 3 0x8000b460 (0xff9ff06f)
core   0: 0x8000b458 (0x00001f17) auipc   t5, 0x1
core   0: 3 0x8000b458 (0x00001f17) x30 0x8000c458
core   0: 0x8000b45c (0xba3f2423) sw      gp, -1112(t5)
core   0: 3 0x8000b45c (0xba3f2423) mem 0x8000c000 0x00000001
core   0: 0x8000b460 (0xff9ff06f) j       pc - 0x8
core   0: 3 0x8000b460 (0xff9ff06f)
core   0: 0x8000b458 (0x00001f17) auipc   t5, 0x1
core   0: 3 0x8000b458 (0x00001f17) x30 0x8000c458
core   0: 0x8000b45c (0xba3f2423) sw      gp, -1112(t5)
core   0: 3 0x8000b45c (0xba3f2423) mem 0x8000c000 0x00000001
core   0: 0x8000b460 (0xff9ff06f) j       pc - 0x8
core   0: 3 0x8000b460 (0xff9ff06f)
core   0: 0x8000b458 (0x00001f17) auipc   t5, 0x1
core   0: 3 0x8000b458 (0x00001f17) x30 0x8000c458
core   0: 0x8000b45c (0xba3f2423) sw      gp, -1112(t5)
core   0: 3 0x8000b45c (0xba3f2423) mem 0x8000c000 0x00000001
core   0: 0x8000b460 (0xff9ff06f) j       pc - 0x8
core   0: 3 0x8000b460 (0xff9ff06f)
core   0: 0x8000b458 (0x00001f17) auipc   t5, 0x1
core   0: 3 0x8000b458 (0x00001f17) x30 0x8000c458
core   0: 0x8000b45c (0xba3f2423) sw      gp, -1112(t5)
core   0: 3 0x8000b45c (0xba3f2423) mem 0x8000c000 0x00000001
core   0: 0x8000b460 (0xff9ff06f) j       pc - 0x8
core   0: 3 0x8000b460 (0xff9ff06f)
core   0: 0x8000b458 (0x00001f17) auipc   t5, 0x1
core   0: 3 0x8000b458 (0x00001f17) x30 0x8000c458
core   0: 0x8000b45c (0xba3f2423) sw      gp, -1112(t5)
core   0: 3 0x8000b45c (0xba3f2423) mem 0x8000c000 0x00000001
core   0: 0x8000b460 (0xff9ff06f) j       pc - 0x8
core   0: 3 0x8000b460 (0xff9ff06f)
core   0: 0x8000b458 (0x00001f17) auipc   t5, 0x1
core   0: 3 0x8000b458 (0x00001f17) x30 0x8000c458
core   0: 0x8000b45c (0xba3f2423) sw      gp, -1112(t5)
core   0: 3 0x8000b45c (0xba3f2423) mem 0x8000c000 0x00000001
core   0: 0x8000b460 (0xff9ff06f) j       pc - 0x8
core   0: 3 0x8000b460 (0xff9ff06f)
core   0: 0x8000b458 (0x00001f17) auipc   t5, 0x1
core   0: 3 0x8000b458 (0x00001f17) x30 0x8000c458
core   0: 0x8000b45c (0xba3f2423) sw      gp, -1112(t5)
core   0: 3 0x8000b45c (0xba3f2423) mem 0x8000c000 0x00000001
core   0: 0x8000b460 (0xff9ff06f) j       pc - 0x8
core   0: 3 0x8000b460 (0xff9ff06f)
core   0: 0x8000b458 (0x00001f17) auipc   t5, 0x1
core   0: 3 0x8000b458 (0x00001f17) x30 0x8000c458
core   0: 0x8000b45c (0xba3f2423) sw      gp, -1112(t5)
core   0: 3 0x8000b45c (0xba3f2423) mem 0x8000c000 0x00000001
core   0: 0x8000b460 (0xff9ff06f) j       pc - 0x8
core   0: 3 0x8000b460 (0xff9ff06f)
core   0: 0x8000b458 (0x00001f17) auipc   t5, 0x1
core   0: 3 0x8000b458 (0x00001f17) x30 0x8000c458
core   0: 0x8000b45c (0xba3f2423) sw      gp, -1112(t5)
core   0: 3 0x8000b45c (0xba3f2423) mem 0x8000c000 0x00000001
core   0: 0x8000b460 (0xff9ff06f) j       pc - 0x8
core   0: 3 0x8000b460 (0xff9ff06f)
core   0: 0x8000b458 (0x00001f17) auipc   t5, 0x1
core   0: 3 0x8000b458 (0x00001f17) x30 0x8000c458
core   0: 0x8000b45c (0xba3f2423) sw      gp, -1112(t5)
core   0: 3 0x8000b45c (0xba3f2423) mem 0x8000c000 0x00000001
core   0: 0x8000b460 (0xff9ff06f) j       pc - 0x8
core   0: 3 0x8000b460 (0xff9ff06f)
core   0: 0x8000b458 (0x00001f17) auipc   t5, 0x1
core   0: 3 0x8000b458 (0x00001f17) x30 0x8000c458
core   0: 0x8000b45c (0xba3f2423) sw      gp, -1112(t5)
core   0: 3 0x8000b45c (0xba3f2423) mem 0x8000c000 0x00000001
core   0: 0x8000b460 (0xff9ff06f) j       pc - 0x8
core   0: 3 0x8000b460 (0xff9ff06f)
core   0: 0x8000b458 (0x00001f17) auipc   t5, 0x1
core   0: 3 0x8000b458 (0x00001f17) x30 0x8000c458
core   0: 0x8000b45c (0xba3f2423) sw      gp, -1112(t5)
core   0: 3 0x8000b45c (0xba3f2423) mem 0x8000c000 0x00000001
core   0: 0x8000b460 (0xff9ff06f) j       pc - 0x8
core   0: 3 0x8000b460 (0xff9ff06f)
core   0: 0x8000b458 (0x00001f17) auipc   t5, 0x1
core   0: 3 0x8000b458 (0x00001f17) x30 0x8000c458
core   0: 0x8000b45c (0xba3f2423) sw      gp, -1112(t5)
core   0: 3 0x8000b45c (0xba3f2423) mem 0x8000c000 0x00000001
core   0: 0x8000b460 (0xff9ff06f) j       pc - 0x8
core   0: 3 0x8000b460 (0xff9ff06f)
core   0: 0x8000b458 (0x00001f17) auipc   t5, 0x1
core   0: 3 0x8000b458 (0x00001f17) x30 0x8000c458
core   0: 0x8000b45c (0xba3f2423) sw      gp, -1112(t5)
core   0: 3 0x8000b45c (0xba3f2423) mem 0x8000c000 0x00000001
core   0: 0x8000b460 (0xff9ff06f) j       pc - 0x8
core   0: 3 0x8000b460 (0xff9ff06f)
core   0: 0x8000b458 (0x00001f17) auipc   t5, 0x1
core   0: 3 0x8000b458 (0x00001f17) x30 0x8000c458
core   0: 0x8000b45c (0xba3f2423) sw      gp, -1112(t5)
core   0: 3 0x8000b45c (0xba3f2423) mem 0x8000c000 0x00000001
core   0: 0x8000b460 (0xff9ff06f) j       pc - 0x8
core   0: 3 0x8000b460 (0xff9ff06f)
core   0: 0x8000b458 (0x00001f17) auipc   t5, 0x1
core   0: 3 0x8000b458 (0x00001f17) x30 0x8000c458
core   0: 0x8000b45c (0xba3f2423) sw      gp, -1112(t5)
core   0: 3 0x8000b45c (0xba3f2423) mem 0x8000c000 0x00000001
core   0: 0x8000b460 (0xff9ff06f) j       pc - 0x8
core   0: 3 0x8000b460 (0xff9ff06f)
core   0: 0x8000b458 (0x00001f17) auipc   t5, 0x1
core   0: 3 0x8000b458 (0x00001f17) x30 0x8000c458
core   0: 0x8000b45c (0xba3f2423) sw      gp, -1112(t5)
core   0: 3 0x8000b45c (0xba3f2423) mem 0x8000c000 0x00000001
core   0: 0x8000b460 (0xff9ff06f) j       pc - 0x8
core   0: 3 0x8000b460 (0xff9ff06f)
core   0: 0x8000b458 (0x00001f17) auipc   t5, 0x1
core   0: 3 0x8000b458 (0x00001f17) x30 0x8000c458
core   0: 0x8000b45c (0xba3f2423) sw      gp, -1112(t5)
core   0: 3 0x8000b45c (0xba3f2423) mem 0x8000c000 0x00000001
core   0: 0x8000b460 (0xff9ff06f) j       pc - 0x8
core   0: 3 0x8000b460 (0xff9ff06f)
core   0: 0x8000b458 (0x00001f17) auipc   t5, 0x1
core   0: 3 0x8000b458 (0x00001f17) x30 0x8000c458
core   0: 0x8000b45c (0xba3f2423) sw      gp, -1112(t5)
core   0: 3 0x8000b45c (0xba3f2423) mem 0x8000c000 0x00000001
core   0: 0x8000b460 (0xff9ff06f) j       pc - 0x8
core   0: 3 0x8000b460 (0xff9ff06f)
core   0: 0x8000b458 (0x00001f17) auipc   t5, 0x1
core   0: 3 0x8000b458 (0x00001f17) x30 0x8000c458
core   0: 0x8000b45c (0xba3f2423) sw      gp, -1112(t5)
core   0: 3 0x8000b45c (0xba3f2423) mem 0x8000c000 0x00000001
core   0: 0x8000b460 (0xff9ff06f) j       pc - 0x8
core   0: 3 0x8000b460 (0xff9ff06f)
core   0: 0x8000b458 (0x00001f17) auipc   t5, 0x1
core   0: 3 0x8000b458 (0x00001f17) x30 0x8000c458
core   0: 0x8000b45c (0xba3f2423) sw      gp, -1112(t5)
core   0: 3 0x8000b45c (0xba3f2423) mem 0x8000c000 0x00000001
core   0: 0x8000b460 (0xff9ff06f) j       pc - 0x8
core   0: 3 0x8000b460 (0xff9ff06f)
core   0: 0x8000b458 (0x00001f17) auipc   t5, 0x1
core   0: 3 0x8000b458 (0x00001f17) x30 0x8000c458
core   0: 0x8000b45c (0xba3f2423) sw      gp, -1112(t5)
core   0: 3 0x8000b45c (0xba3f2423) mem 0x8000c000 0x00000001
core   0: 0x8000b460 (0xff9ff06f) j       pc - 0x8
core   0: 3 0x8000b460 (0xff9ff06f)
core   0: 0x8000b458 (0x00001f17) auipc   t5, 0x1
core   0: 3 0x8000b458 (0x00001f17) x30 0x8000c458
core   0: 0x8000b45c (0xba3f2423) sw      gp, -1112(t5)
core   0: 3 0x8000b45c (0xba3f2423) mem 0x8000c000 0x00000001
core   0: 0x8000b460 (0xff9ff06f) j       pc - 0x8
core   0: 3 0x8000b460 (0xff9ff06f)
core   0: 0x8000b458 (0x00001f17) auipc   t5, 0x1
core   0: 3 0x8000b458 (0x00001f17) x30 0x8000c458
core   0: 0x8000b45c (0xba3f2423) sw      gp, -1112(t5)
core   0: 3 0x8000b45c (0xba3f2423) mem 0x8000c000 0x00000001
core   0: 0x8000b460 (0xff9ff06f) j       pc - 0x8
core   0: 3 0x8000b460 (0xff9ff06f)
core   0: 0x8000b458 (0x00001f17) auipc   t5, 0x1
core   0: 3 0x8000b458 (0x00001f17) x30 0x8000c458
core   0: 0x8000b45c (0xba3f2423) sw      gp, -1112(t5)
core   0: 3 0x8000b45c (0xba3f2423) mem 0x8000c000 0x00000001
core   0: 0x8000b460 (0xff9ff06f) j       pc - 0x8
core   0: 3 0x8000b460 (0xff9ff06f)
core   0: 0x8000b458 (0x00001f17) auipc   t5, 0x1
core   0: 3 0x8000b458 (0x00001f17) x30 0x8000c458
core   0: 0x8000b45c (0xba3f2423) sw      gp, -1112(t5)
core   0: 3 0x8000b45c (0xba3f2423) mem 0x8000c000 0x00000001
core   0: 0x8000b460 (0xff9ff06f) j       pc - 0x8
core   0: 3 0x8000b460 (0xff9ff06f)
core   0: 0x8000b458 (0x00001f17) auipc   t5, 0x1
core   0: 3 0x8000b458 (0x00001f17) x30 0x8000c458
core   0: 0x8000b45c (0xba3f2423) sw      gp, -1112(t5)
core   0: 3 0x8000b45c (0xba3f2423) mem 0x8000c000 0x00000001
core   0: 0x8000b460 (0xff9ff06f) j       pc - 0x8
core   0: 3 0x8000b460 (0xff9ff06f)
core   0: 0x8000b458 (0x00001f17) auipc   t5, 0x1
core   0: 3 0x8000b458 (0x00001f17) x30 0x8000c458
core   0: 0x8000b45c (0xba3f2423) sw      gp, -1112(t5)
core   0: 3 0x8000b45c (0xba3f2423) mem 0x8000c000 0x00000001
core   0: 0x8000b460 (0xff9ff06f) j       pc - 0x8
core   0: 3 0x8000b460 (0xff9ff06f)
core   0: 0x8000b458 (0x00001f17) auipc   t5, 0x1
core   0: 3 0x8000b458 (0x00001f17) x30 0x8000c458
core   0: 0x8000b45c (0xba3f2423) sw      gp, -1112(t5)
core   0: 3 0x8000b45c (0xba3f2423) mem 0x8000c000 0x00000001
core   0: 0x8000b460 (0xff9ff06f) j       pc - 0x8
core   0: 3 0x8000b460 (0xff9ff06f)
core   0: 0x8000b458 (0x00001f17) auipc   t5, 0x1
core   0: 3 0x8000b458 (0x00001f17) x30 0x8000c458
core   0: 0x8000b45c (0xba3f2423) sw      gp, -1112(t5)
core   0: 3 0x8000b45c (0xba3f2423) mem 0x8000c000 0x00000001
core   0: 0x8000b460 (0xff9ff06f) j       pc - 0x8
core   0: 3 0x8000b460 (0xff9ff06f)
core   0: 0x8000b458 (0x00001f17) auipc   t5, 0x1
core   0: 3 0x8000b458 (0x00001f17) x30 0x8000c458
core   0: 0x8000b45c (0xba3f2423) sw      gp, -1112(t5)
core   0: 3 0x8000b45c (0xba3f2423) mem 0x8000c000 0x00000001
core   0: 0x8000b460 (0xff9ff06f) j       pc - 0x8
core   0: 3 0x8000b460 (0xff9ff06f)
core   0: 0x8000b458 (0x00001f17) auipc   t5, 0x1
core   0: 3 0x8000b458 (0x00001f17) x30 0x8000c458
core   0: 0x8000b45c (0xba3f2423) sw      gp, -1112(t5)
core   0: 3 0x8000b45c (0xba3f2423) mem 0x8000c000 0x00000001
core   0: 0x8000b460 (0xff9ff06f) j       pc - 0x8
core   0: 3 0x8000b460 (0xff9ff06f)
core   0: 0x8000b458 (0x00001f17) auipc   t5, 0x1
core   0: 3 0x8000b458 (0x00001f17) x30 0x8000c458
core   0: 0x8000b45c (0xba3f2423) sw      gp, -1112(t5)
core   0: 3 0x8000b45c (0xba3f2423) mem 0x8000c000 0x00000001
core   0: 0x8000b460 (0xff9ff06f) j       pc - 0x8
core   0: 3 0x8000b460 (0xff9ff06f)
core   0: 0x8000b458 (0x00001f17) auipc   t5, 0x1
core   0: 3 0x8000b458 (0x00001f17) x30 0x8000c458
core   0: 0x8000b45c (0xba3f2423) sw      gp, -1112(t5)
core   0: 3 0x8000b45c (0xba3f2423) mem 0x8000c000 0x00000001
core   0: 0x8000b460 (0xff9ff06f) j       pc - 0x8
core   0: 3 0x8000b460 (0xff9ff06f)
core   0: 0x8000b458 (0x00001f17) auipc   t5, 0x1
core   0: 3 0x8000b458 (0x00001f17) x30 0x8000c458
core   0: 0x8000b45c (0xba3f2423) sw      gp, -1112(t5)
core   0: 3 0x8000b45c (0xba3f2423) mem 0x8000c000 0x00000001
core   0: 0x8000b460 (0xff9ff06f) j       pc - 0x8
core   0: 3 0x8000b460 (0xff9ff06f)
core   0: 0x8000b458 (0x00001f17) auipc   t5, 0x1
core   0: 3 0x8000b458 (0x00001f17) x30 0x8000c458
core   0: 0x8000b45c (0xba3f2423) sw      gp, -1112(t5)
core   0: 3 0x8000b45c (0xba3f2423) mem 0x8000c000 0x00000001
core   0: 0x8000b460 (0xff9ff06f) j       pc - 0x8
core   0: 3 0x8000b460 (0xff9ff06f)
core   0: 0x8000b458 (0x00001f17) auipc   t5, 0x1
core   0: 3 0x8000b458 (0x00001f17) x30 0x8000c458
core   0: 0x8000b45c (0xba3f2423) sw      gp, -1112(t5)
core   0: 3 0x8000b45c (0xba3f2423) mem 0x8000c000 0x00000001
core   0: 0x8000b460 (0xff9ff06f) j       pc - 0x8
core   0: 3 0x8000b460 (0xff9ff06f)
core   0: 0x8000b458 (0x00001f17) auipc   t5, 0x1
core   0: 3 0x8000b458 (0x00001f17) x30 0x8000c458
core   0: 0x8000b45c (0xba3f2423) sw      gp, -1112(t5)
core   0: 3 0x8000b45c (0xba3f2423) mem 0x8000c000 0x00000001
core   0: 0x8000b460 (0xff9ff06f) j       pc - 0x8
core   0: 3 0x8000b460 (0xff9ff06f)
core   0: 0x8000b458 (0x00001f17) auipc   t5, 0x1
core   0: 3 0x8000b458 (0x00001f17) x30 0x8000c458
core   0: 0x8000b45c (0xba3f2423) sw      gp, -1112(t5)
core   0: 3 0x8000b45c (0xba3f2423) mem 0x8000c000 0x00000001
core   0: 0x8000b460 (0xff9ff06f) j       pc - 0x8
core   0: 3 0x8000b460 (0xff9ff06f)
core   0: 0x8000b458 (0x00001f17) auipc   t5, 0x1
core   0: 3 0x8000b458 (0x00001f17) x30 0x8000c458
core   0: 0x8000b45c (0xba3f2423) sw      gp, -1112(t5)
core   0: 3 0x8000b45c (0xba3f2423) mem 0x8000c000 0x00000001
core   0: 0x8000b460 (0xff9ff06f) j       pc - 0x8
core   0: 3 0x8000b460 (0xff9ff06f)
core   0: 0x8000b458 (0x00001f17) auipc   t5, 0x1
core   0: 3 0x8000b458 (0x00001f17) x30 0x8000c458
core   0: 0x8000b45c (0xba3f2423) sw      gp, -1112(t5)
core   0: 3 0x8000b45c (0xba3f2423) mem 0x8000c000 0x00000001
core   0: 0x8000b460 (0xff9ff06f) j       pc - 0x8
core   0: 3 0x8000b460 (0xff9ff06f)
core   0: 0x8000b458 (0x00001f17) auipc   t5, 0x1
core   0: 3 0x8000b458 (0x00001f17) x30 0x8000c458
core   0: 0x8000b45c (0xba3f2423) sw      gp, -1112(t5)
core   0: 3 0x8000b45c (0xba3f2423) mem 0x8000c000 0x00000001
core   0: 0x8000b460 (0xff9ff06f) j       pc - 0x8
core   0: 3 0x8000b460 (0xff9ff06f)
core   0: 0x8000b458 (0x00001f17) auipc   t5, 0x1
core   0: 3 0x8000b458 (0x00001f17) x30 0x8000c458
core   0: 0x8000b45c (0xba3f2423) sw      gp, -1112(t5)
core   0: 3 0x8000b45c (0xba3f2423) mem 0x8000c000 0x00000001
core   0: 0x8000b460 (0xff9ff06f) j       pc - 0x8
core   0: 3 0x8000b460 (0xff9ff06f)
core   0: 0x8000b458 (0x00001f17) auipc   t5, 0x1
core   0: 3 0x8000b458 (0x00001f17) x30 0x8000c458
core   0: 0x8000b45c (0xba3f2423) sw      gp, -1112(t5)
core   0: 3 0x8000b45c (0xba3f2423) mem 0x8000c000 0x00000001
core   0: 0x8000b460 (0xff9ff06f) j       pc - 0x8
core   0: 3 0x8000b460 (0xff9ff06f)
core   0: 0x8000b458 (0x00001f17) auipc   t5, 0x1
core   0: 3 0x8000b458 (0x00001f17) x30 0x8000c458
core   0: 0x8000b45c (0xba3f2423) sw      gp, -1112(t5)
core   0: 3 0x8000b45c (0xba3f2423) mem 0x8000c000 0x00000001
core   0: 0x8000b460 (0xff9ff06f) j       pc - 0x8
core   0: 3 0x8000b460 (0xff9ff06f)
core   0: 0x8000b458 (0x00001f17) auipc   t5, 0x1
core   0: 3 0x8000b458 (0x00001f17) x30 0x8000c458
core   0: 0x8000b45c (0xba3f2423) sw      gp, -1112(t5)
core   0: 3 0x8000b45c (0xba3f2423) mem 0x8000c000 0x00000001
core   0: 0x8000b460 (0xff9ff06f) j       pc - 0x8
core   0: 3 0x8000b460 (0xff9ff06f)
core   0: 0x8000b458 (0x00001f17) auipc   t5, 0x1
core   0: 3 0x8000b458 (0x00001f17) x30 0x8000c458
core   0: 0x8000b45c (0xba3f2423) sw      gp, -1112(t5)
core   0: 3 0x8000b45c (0xba3f2423) mem 0x8000c000 0x00000001
core   0: 0x8000b460 (0xff9ff06f) j       pc - 0x8
core   0: 3 0x8000b460 (0xff9ff06f)
core   0: 0x8000b458 (0x00001f17) auipc   t5, 0x1
core   0: 3 0x8000b458 (0x00001f17) x30 0x8000c458
core   0: 0x8000b45c (0xba3f2423) sw      gp, -1112(t5)
core   0: 3 0x8000b45c (0xba3f2423) mem 0x8000c000 0x00000001
core   0: 0x8000b460 (0xff9ff06f) j       pc - 0x8
core   0: 3 0x8000b460 (0xff9ff06f)
core   0: 0x8000b458 (0x00001f17) auipc   t5, 0x1
core   0: 3 0x8000b458 (0x00001f17) x30 0x8000c458
core   0: 0x8000b45c (0xba3f2423) sw      gp, -1112(t5)
core   0: 3 0x8000b45c (0xba3f2423) mem 0x8000c000 0x00000001
core   0: 0x8000b460 (0xff9ff06f) j       pc - 0x8
core   0: 3 0x8000b460 (0xff9ff06f)
core   0: 0x8000b458 (0x00001f17) auipc   t5, 0x1
core   0: 3 0x8000b458 (0x00001f17) x30 0x8000c458
core   0: 0x8000b45c (0xba3f2423) sw      gp, -1112(t5)
core   0: 3 0x8000b45c (0xba3f2423) mem 0x8000c000 0x00000001
core   0: 0x8000b460 (0xff9ff06f) j       pc - 0x8
core   0: 3 0x8000b460 (0xff9ff06f)
core   0: 0x8000b458 (0x00001f17) auipc   t5, 0x1
core   0: 3 0x8000b458 (0x00001f17) x30 0x8000c458
core   0: 0x8000b45c (0xba3f2423) sw      gp, -1112(t5)
core   0: 3 0x8000b45c (0xba3f2423) mem 0x8000c000 0x00000001
core   0: 0x8000b460 (0xff9ff06f) j       pc - 0x8
core   0: 3 0x8000b460 (0xff9ff06f)
core   0: 0x8000b458 (0x00001f17) auipc   t5, 0x1
core   0: 3 0x8000b458 (0x00001f17) x30 0x8000c458
core   0: 0x8000b45c (0xba3f2423) sw      gp, -1112(t5)
core   0: 3 0x8000b45c (0xba3f2423) mem 0x8000c000 0x00000001
core   0: 0x8000b460 (0xff9ff06f) j       pc - 0x8
core   0: 3 0x8000b460 (0xff9ff06f)
core   0: 0x8000b458 (0x00001f17) auipc   t5, 0x1
core   0: 3 0x8000b458 (0x00001f17) x30 0x8000c458
core   0: 0x8000b45c (0xba3f2423) sw      gp, -1112(t5)
core   0: 3 0x8000b45c (0xba3f2423) mem 0x8000c000 0x00000001
core   0: 0x8000b460 (0xff9ff06f) j       pc - 0x8
core   0: 3 0x8000b460 (0xff9ff06f)
core   0: 0x8000b458 (0x00001f17) auipc   t5, 0x1
core   0: 3 0x8000b458 (0x00001f17) x30 0x8000c458
core   0: 0x8000b45c (0xba3f2423) sw      gp, -1112(t5)
core   0: 3 0x8000b45c (0xba3f2423) mem 0x8000c000 0x00000001
core   0: 0x8000b460 (0xff9ff06f) j       pc - 0x8
core   0: 3 0x8000b460 (0xff9ff06f)
core   0: 0x8000b458 (0x00001f17) auipc   t5, 0x1
core   0: 3 0x8000b458 (0x00001f17) x30 0x8000c458
core   0: 0x8000b45c (0xba3f2423) sw      gp, -1112(t5)
core   0: 3 0x8000b45c (0xba3f2423) mem 0x8000c000 0x00000001
core   0: 0x8000b460 (0xff9ff06f) j       pc - 0x8
core   0: 3 0x8000b460 (0xff9ff06f)
core   0: 0x8000b458 (0x00001f17) auipc   t5, 0x1
core   0: 3 0x8000b458 (0x00001f17) x30 0x8000c458
core   0: 0x8000b45c (0xba3f2423) sw      gp, -1112(t5)
core   0: 3 0x8000b45c (0xba3f2423) mem 0x8000c000 0x00000001
core   0: 0x8000b460 (0xff9ff06f) j       pc - 0x8
core   0: 3 0x8000b460 (0xff9ff06f)
core   0: 0x8000b458 (0x00001f17) auipc   t5, 0x1
core   0: 3 0x8000b458 (0x00001f17) x30 0x8000c458
core   0: 0x8000b45c (0xba3f2423) sw      gp, -1112(t5)
core   0: 3 0x8000b45c (0xba3f2423) mem 0x8000c000 0x00000001
core   0: 0x8000b460 (0xff9ff06f) j       pc - 0x8
core   0: 3 0x8000b460 (0xff9ff06f)
core   0: 0x8000b458 (0x00001f17) auipc   t5, 0x1
core   0: 3 0x8000b458 (0x00001f17) x30 0x8000c458
core   0: 0x8000b45c (0xba3f2423) sw      gp, -1112(t5)
core   0: 3 0x8000b45c (0xba3f2423) mem 0x8000c000 0x00000001
core   0: 0x8000b460 (0xff9ff06f) j       pc - 0x8
core   0: 3 0x8000b460 (0xff9ff06f)
core   0: 0x8000b458 (0x00001f17) auipc   t5, 0x1
core   0: 3 0x8000b458 (0x00001f17) x30 0x8000c458
core   0: 0x8000b45c (0xba3f2423) sw      gp, -1112(t5)
core   0: 3 0x8000b45c (0xba3f2423) mem 0x8000c000 0x00000001
core   0: 0x8000b460 (0xff9ff06f) j       pc - 0x8
core   0: 3 0x8000b460 (0xff9ff06f)
core   0: 0x8000b458 (0x00001f17) auipc   t5, 0x1
core   0: 3 0x8000b458 (0x00001f17) x30 0x8000c458
core   0: 0x8000b45c (0xba3f2423) sw      gp, -1112(t5)
core   0: 3 0x8000b45c (0xba3f2423) mem 0x8000c000 0x00000001
core   0: 0x8000b460 (0xff9ff06f) j       pc - 0x8
core   0: 3 0x8000b460 (0xff9ff06f)
core   0: 0x8000b458 (0x00001f17) auipc   t5, 0x1
core   0: 3 0x8000b458 (0x00001f17) x30 0x8000c458
core   0: 0x8000b45c (0xba3f2423) sw      gp, -1112(t5)
core   0: 3 0x8000b45c (0xba3f2423) mem 0x8000c000 0x00000001
core   0: 0x8000b460 (0xff9ff06f) j       pc - 0x8
core   0: 3 0x8000b460 (0xff9ff06f)
core   0: 0x8000b458 (0x00001f17) auipc   t5, 0x1
core   0: 3 0x8000b458 (0x00001f17) x30 0x8000c458
core   0: 0x8000b45c (0xba3f2423) sw      gp, -1112(t5)
core   0: 3 0x8000b45c (0xba3f2423) mem 0x8000c000 0x00000001
core   0: 0x8000b460 (0xff9ff06f) j       pc - 0x8
core   0: 3 0x8000b460 (0xff9ff06f)
core   0: 0x8000b458 (0x00001f17) auipc   t5, 0x1
core   0: 3 0x8000b458 (0x00001f17) x30 0x8000c458
core   0: 0x8000b45c (0xba3f2423) sw      gp, -1112(t5)
core   0: 3 0x8000b45c (0xba3f2423) mem 0x8000c000 0x00000001
core   0: 0x8000b460 (0xff9ff06f) j       pc - 0x8
core   0: 3 0x8000b460 (0xff9ff06f)
core   0: 0x8000b458 (0x00001f17) auipc   t5, 0x1
core   0: 3 0x8000b458 (0x00001f17) x30 0x8000c458
core   0: 0x8000b45c (0xba3f2423) sw      gp, -1112(t5)
core   0: 3 0x8000b45c (0xba3f2423) mem 0x8000c000 0x00000001
core   0: 0x8000b460 (0xff9ff06f) j       pc - 0x8
core   0: 3 0x8000b460 (0xff9ff06f)
core   0: 0x8000b458 (0x00001f17) auipc   t5, 0x1
core   0: 3 0x8000b458 (0x00001f17) x30 0x8000c458
core   0: 0x8000b45c (0xba3f2423) sw      gp, -1112(t5)
core   0: 3 0x8000b45c (0xba3f2423) mem 0x8000c000 0x00000001
core   0: 0x8000b460 (0xff9ff06f) j       pc - 0x8
core   0: 3 0x8000b460 (0xff9ff06f)
core   0: 0x8000b458 (0x00001f17) auipc   t5, 0x1
core   0: 3 0x8000b458 (0x00001f17) x30 0x8000c458
core   0: 0x8000b45c (0xba3f2423) sw      gp, -1112(t5)
core   0: 3 0x8000b45c (0xba3f2423) mem 0x8000c000 0x00000001
core   0: 0x8000b460 (0xff9ff06f) j       pc - 0x8
core   0: 3 0x8000b460 (0xff9ff06f)
core   0: 0x8000b458 (0x00001f17) auipc   t5, 0x1
core   0: 3 0x8000b458 (0x00001f17) x30 0x8000c458
core   0: 0x8000b45c (0xba3f2423) sw      gp, -1112(t5)
core   0: 3 0x8000b45c (0xba3f2423) mem 0x8000c000 0x00000001
core   0: 0x8000b460 (0xff9ff06f) j       pc - 0x8
core   0: 3 0x8000b460 (0xff9ff06f)
core   0: 0x8000b458 (0x00001f17) auipc   t5, 0x1
core   0: 3 0x8000b458 (0x00001f17) x30 0x8000c458
core   0: 0x8000b45c (0xba3f2423) sw      gp, -1112(t5)
core   0: 3 0x8000b45c (0xba3f2423) mem 0x8000c000 0x00000001
core   0: 0x8000b460 (0xff9ff06f) j       pc - 0x8
core   0: 3 0x8000b460 (0xff9ff06f)
core   0: 0x8000b458 (0x00001f17) auipc   t5, 0x1
core   0: 3 0x8000b458 (0x00001f17) x30 0x8000c458
core   0: 0x8000b45c (0xba3f2423) sw      gp, -1112(t5)
core   0: 3 0x8000b45c (0xba3f2423) mem 0x8000c000 0x00000001
core   0: 0x8000b460 (0xff9ff06f) j       pc - 0x8
core   0: 3 0x8000b460 (0xff9ff06f)
core   0: 0x8000b458 (0x00001f17) auipc   t5, 0x1
core   0: 3 0x8000b458 (0x00001f17) x30 0x8000c458
core   0: 0x8000b45c (0xba3f2423) sw      gp, -1112(t5)
core   0: 3 0x8000b45c (0xba3f2423) mem 0x8000c000 0x00000001
core   0: 0x8000b460 (0xff9ff06f) j       pc - 0x8
core   0: 3 0x8000b460 (0xff9ff06f)
core   0: 0x8000b458 (0x00001f17) auipc   t5, 0x1
core   0: 3 0x8000b458 (0x00001f17) x30 0x8000c458
core   0: 0x8000b45c (0xba3f2423) sw      gp, -1112(t5)
core   0: 3 0x8000b45c (0xba3f2423) mem 0x8000c000 0x00000001
core   0: 0x8000b460 (0xff9ff06f) j       pc - 0x8
core   0: 3 0x8000b460 (0xff9ff06f)
core   0: 0x8000b458 (0x00001f17) auipc   t5, 0x1
core   0: 3 0x8000b458 (0x00001f17) x30 0x8000c458
core   0: 0x8000b45c (0xba3f2423) sw      gp, -1112(t5)
core   0: 3 0x8000b45c (0xba3f2423) mem 0x8000c000 0x00000001
core   0: 0x8000b460 (0xff9ff06f) j       pc - 0x8
core   0: 3 0x8000b460 (0xff9ff06f)
core   0: 0x8000b458 (0x00001f17) auipc   t5, 0x1
core   0: 3 0x8000b458 (0x00001f17) x30 0x8000c458
core   0: 0x8000b45c (0xba3f2423) sw      gp, -1112(t5)
core   0: 3 0x8000b45c (0xba3f2423) mem 0x8000c000 0x00000001
core   0: 0x8000b460 (0xff9ff06f) j       pc - 0x8
core   0: 3 0x8000b460 (0xff9ff06f)
core   0: 0x8000b458 (0x00001f17) auipc   t5, 0x1
core   0: 3 0x8000b458 (0x00001f17) x30 0x8000c458
core   0: 0x8000b45c (0xba3f2423) sw      gp, -1112(t5)
core   0: 3 0x8000b45c (0xba3f2423) mem 0x8000c000 0x00000001
core   0: 0x8000b460 (0xff9ff06f) j       pc - 0x8
core   0: 3 0x8000b460 (0xff9ff06f)
core   0: 0x8000b458 (0x00001f17) auipc   t5, 0x1
core   0: 3 0x8000b458 (0x00001f17) x30 0x8000c458
core   0: 0x8000b45c (0xba3f2423) sw      gp, -1112(t5)
core   0: 3 0x8000b45c (0xba3f2423) mem 0x8000c000 0x00000001
core   0: 0x8000b460 (0xff9ff06f) j       pc - 0x8
core   0: 3 0x8000b460 (0xff9ff06f)
core   0: 0x8000b458 (0x00001f17) auipc   t5, 0x1
core   0: 3 0x8000b458 (0x00001f17) x30 0x8000c458
core   0: 0x8000b45c (0xba3f2423) sw      gp, -1112(t5)
core   0: 3 0x8000b45c (0xba3f2423) mem 0x8000c000 0x00000001
core   0: 0x8000b460 (0xff9ff06f) j       pc - 0x8
core   0: 3 0x8000b460 (0xff9ff06f)
core   0: 0x8000b458 (0x00001f17) auipc   t5, 0x1
core   0: 3 0x8000b458 (0x00001f17) x30 0x8000c458
core   0: 0x8000b45c (0xba3f2423) sw      gp, -1112(t5)
core   0: 3 0x8000b45c (0xba3f2423) mem 0x8000c000 0x00000001
core   0: 0x8000b460 (0xff9ff06f) j       pc - 0x8
core   0: 3 0x8000b460 (0xff9ff06f)
core   0: 0x8000b458 (0x00001f17) auipc   t5, 0x1
core   0: 3 0x8000b458 (0x00001f17) x30 0x8000c458
core   0: 0x8000b45c (0xba3f2423) sw      gp, -1112(t5)
core   0: 3 0x8000b45c (0xba3f2423) mem 0x8000c000 0x00000001
core   0: 0x8000b460 (0xff9ff06f) j       pc - 0x8
core   0: 3 0x8000b460 (0xff9ff06f)
core   0: 0x8000b458 (0x00001f17) auipc   t5, 0x1
core   0: 3 0x8000b458 (0x00001f17) x30 0x8000c458
core   0: 0x8000b45c (0xba3f2423) sw      gp, -1112(t5)
core   0: 3 0x8000b45c (0xba3f2423) mem 0x8000c000 0x00000001
core   0: 0x8000b460 (0xff9ff06f) j       pc - 0x8
core   0: 3 0x8000b460 (0xff9ff06f)
core   0: 0x8000b458 (0x00001f17) auipc   t5, 0x1
core   0: 3 0x8000b458 (0x00001f17) x30 0x8000c458
core   0: 0x8000b45c (0xba3f2423) sw      gp, -1112(t5)
core   0: 3 0x8000b45c (0xba3f2423) mem 0x8000c000 0x00000001
core   0: 0x8000b460 (0xff9ff06f) j       pc - 0x8
core   0: 3 0x8000b460 (0xff9ff06f)
core   0: 0x8000b458 (0x00001f17) auipc   t5, 0x1
core   0: 3 0x8000b458 (0x00001f17) x30 0x8000c458
core   0: 0x8000b45c (0xba3f2423) sw      gp, -1112(t5)
core   0: 3 0x8000b45c (0xba3f2423) mem 0x8000c000 0x00000001
core   0: 0x8000b460 (0xff9ff06f) j       pc - 0x8
core   0: 3 0x8000b460 (0xff9ff06f)
core   0: 0x8000b458 (0x00001f17) auipc   t5, 0x1
core   0: 3 0x8000b458 (0x00001f17) x30 0x8000c458
core   0: 0x8000b45c (0xba3f2423) sw      gp, -1112(t5)
core   0: 3 0x8000b45c (0xba3f2423) mem 0x8000c000 0x00000001
core   0: 0x8000b460 (0xff9ff06f) j       pc - 0x8
core   0: 3 0x8000b460 (0xff9ff06f)
core   0: 0x8000b458 (0x00001f17) auipc   t5, 0x1
core   0: 3 0x8000b458 (0x00001f17) x30 0x8000c458
core   0: 0x8000b45c (0xba3f2423) sw      gp, -1112(t5)
core   0: 3 0x8000b45c (0xba3f2423) mem 0x8000c000 0x00000001
core   0: 0x8000b460 (0xff9ff06f) j       pc - 0x8
core   0: 3 0x8000b460 (0xff9ff06f)
core   0: 0x8000b458 (0x00001f17) auipc   t5, 0x1
core   0: 3 0x8000b458 (0x00001f17) x30 0x8000c458
core   0: 0x8000b45c (0xba3f2423) sw      gp, -1112(t5)
core   0: 3 0x8000b45c (0xba3f2423) mem 0x8000c000 0x00000001
core   0: 0x8000b460 (0xff9ff06f) j       pc - 0x8
core   0: 3 0x8000b460 (0xff9ff06f)
core   0: 0x8000b458 (0x00001f17) auipc   t5, 0x1
core   0: 3 0x8000b458 (0x00001f17) x30 0x8000c458
core   0: 0x8000b45c (0xba3f2423) sw      gp, -1112(t5)
core   0: 3 0x8000b45c (0xba3f2423) mem 0x8000c000 0x00000001
core   0: 0x8000b460 (0xff9ff06f) j       pc - 0x8
core   0: 3 0x8000b460 (0xff9ff06f)
core   0: 0x8000b458 (0x00001f17) auipc   t5, 0x1
core   0: 3 0x8000b458 (0x00001f17) x30 0x8000c458
core   0: 0x8000b45c (0xba3f2423) sw      gp, -1112(t5)
core   0: 3 0x8000b45c (0xba3f2423) mem 0x8000c000 0x00000001
core   0: 0x8000b460 (0xff9ff06f) j       pc - 0x8
core   0: 3 0x8000b460 (0xff9ff06f)
core   0: 0x8000b458 (0x00001f17) auipc   t5, 0x1
core   0: 3 0x8000b458 (0x00001f17) x30 0x8000c458
core   0: 0x8000b45c (0xba3f2423) sw      gp, -1112(t5)
core   0: 3 0x8000b45c (0xba3f2423) mem 0x8000c000 0x00000001
core   0: 0x8000b460 (0xff9ff06f) j       pc - 0x8
core   0: 3 0x8000b460 (0xff9ff06f)
core   0: 0x8000b458 (0x00001f17) auipc   t5, 0x1
core   0: 3 0x8000b458 (0x00001f17) x30 0x8000c458
core   0: 0x8000b45c (0xba3f2423) sw      gp, -1112(t5)
core   0: 3 0x8000b45c (0xba3f2423) mem 0x8000c000 0x00000001
core   0: 0x8000b460 (0xff9ff06f) j       pc - 0x8
core   0: 3 0x8000b460 (0xff9ff06f)
core   0: 0x8000b458 (0x00001f17) auipc   t5, 0x1
core   0: 3 0x8000b458 (0x00001f17) x30 0x8000c458
core   0: 0x8000b45c (0xba3f2423) sw      gp, -1112(t5)
core   0: 3 0x8000b45c (0xba3f2423) mem 0x8000c000 0x00000001
core   0: 0x8000b460 (0xff9ff06f) j       pc - 0x8
core   0: 3 0x8000b460 (0xff9ff06f)
core   0: 0x8000b458 (0x00001f17) auipc   t5, 0x1
core   0: 3 0x8000b458 (0x00001f17) x30 0x8000c458
core   0: 0x8000b45c (0xba3f2423) sw      gp, -1112(t5)
core   0: 3 0x8000b45c (0xba3f2423) mem 0x8000c000 0x00000001
core   0: 0x8000b460 (0xff9ff06f) j       pc - 0x8
core   0: 3 0x8000b460 (0xff9ff06f)
core   0: 0x8000b458 (0x00001f17) auipc   t5, 0x1
core   0: 3 0x8000b458 (0x00001f17) x30 0x8000c458
core   0: 0x8000b45c (0xba3f2423) sw      gp, -1112(t5)
core   0: 3 0x8000b45c (0xba3f2423) mem 0x8000c000 0x00000001
core   0: 0x8000b460 (0xff9ff06f) j       pc - 0x8
core   0: 3 0x8000b460 (0xff9ff06f)
core   0: 0x8000b458 (0x00001f17) auipc   t5, 0x1
core   0: 3 0x8000b458 (0x00001f17) x30 0x8000c458
core   0: 0x8000b45c (0xba3f2423) sw      gp, -1112(t5)
core   0: 3 0x8000b45c (0xba3f2423) mem 0x8000c000 0x00000001
core   0: 0x8000b460 (0xff9ff06f) j       pc - 0x8
core   0: 3 0x8000b460 (0xff9ff06f)
core   0: 0x8000b458 (0x00001f17) auipc   t5, 0x1
core   0: 3 0x8000b458 (0x00001f17) x30 0x8000c458
core   0: 0x8000b45c (0xba3f2423) sw      gp, -1112(t5)
core   0: 3 0x8000b45c (0xba3f2423) mem 0x8000c000 0x00000001
core   0: 0x8000b460 (0xff9ff06f) j       pc - 0x8
core   0: 3 0x8000b460 (0xff9ff06f)
core   0: 0x8000b458 (0x00001f17) auipc   t5, 0x1
core   0: 3 0x8000b458 (0x00001f17) x30 0x8000c458
core   0: 0x8000b45c (0xba3f2423) sw      gp, -1112(t5)
core   0: 3 0x8000b45c (0xba3f2423) mem 0x8000c000 0x00000001
core   0: 0x8000b460 (0xff9ff06f) j       pc - 0x8
core   0: 3 0x8000b460 (0xff9ff06f)
core   0: 0x8000b458 (0x00001f17) auipc   t5, 0x1
core   0: 3 0x8000b458 (0x00001f17) x30 0x8000c458
core   0: 0x8000b45c (0xba3f2423) sw      gp, -1112(t5)
core   0: 3 0x8000b45c (0xba3f2423) mem 0x8000c000 0x00000001
core   0: 0x8000b460 (0xff9ff06f) j       pc - 0x8
core   0: 3 0x8000b460 (0xff9ff06f)
core   0: 0x8000b458 (0x00001f17) auipc   t5, 0x1
core   0: 3 0x8000b458 (0x00001f17) x30 0x8000c458
core   0: 0x8000b45c (0xba3f2423) sw      gp, -1112(t5)
core   0: 3 0x8000b45c (0xba3f2423) mem 0x8000c000 0x00000001
core   0: 0x8000b460 (0xff9ff06f) j       pc - 0x8
core   0: 3 0x8000b460 (0xff9ff06f)
core   0: 0x8000b458 (0x00001f17) auipc   t5, 0x1
core   0: 3 0x8000b458 (0x00001f17) x30 0x8000c458
core   0: 0x8000b45c (0xba3f2423) sw      gp, -1112(t5)
core   0: 3 0x8000b45c (0xba3f2423) mem 0x8000c000 0x00000001
core   0: 0x8000b460 (0xff9ff06f) j       pc - 0x8
core   0: 3 0x8000b460 (0xff9ff06f)
core   0: 0x8000b458 (0x00001f17) auipc   t5, 0x1
core   0: 3 0x8000b458 (0x00001f17) x30 0x8000c458
core   0: 0x8000b45c (0xba3f2423) sw      gp, -1112(t5)
core   0: 3 0x8000b45c (0xba3f2423) mem 0x8000c000 0x00000001
core   0: 0x8000b460 (0xff9ff06f) j       pc - 0x8
core   0: 3 0x8000b460 (0xff9ff06f)
core   0: 0x8000b458 (0x00001f17) auipc   t5, 0x1
core   0: 3 0x8000b458 (0x00001f17) x30 0x8000c458
core   0: 0x8000b45c (0xba3f2423) sw      gp, -1112(t5)
core   0: 3 0x8000b45c (0xba3f2423) mem 0x8000c000 0x00000001
core   0: 0x8000b460 (0xff9ff06f) j       pc - 0x8
core   0: 3 0x8000b460 (0xff9ff06f)
core   0: 0x8000b458 (0x00001f17) auipc   t5, 0x1
core   0: 3 0x8000b458 (0x00001f17) x30 0x8000c458
core   0: 0x8000b45c (0xba3f2423) sw      gp, -1112(t5)
core   0: 3 0x8000b45c (0xba3f2423) mem 0x8000c000 0x00000001
core   0: 0x8000b460 (0xff9ff06f) j       pc - 0x8
core   0: 3 0x8000b460 (0xff9ff06f)
core   0: 0x8000b458 (0x00001f17) auipc   t5, 0x1
core   0: 3 0x8000b458 (0x00001f17) x30 0x8000c458
core   0: 0x8000b45c (0xba3f2423) sw      gp, -1112(t5)
core   0: 3 0x8000b45c (0xba3f2423) mem 0x8000c000 0x00000001
core   0: 0x8000b460 (0xff9ff06f) j       pc - 0x8
core   0: 3 0x8000b460 (0xff9ff06f)
core   0: 0x8000b458 (0x00001f17) auipc   t5, 0x1
core   0: 3 0x8000b458 (0x00001f17) x30 0x8000c458
core   0: 0x8000b45c (0xba3f2423) sw      gp, -1112(t5)
core   0: 3 0x8000b45c (0xba3f2423) mem 0x8000c000 0x00000001
core   0: 0x8000b460 (0xff9ff06f) j       pc - 0x8
core   0: 3 0x8000b460 (0xff9ff06f)
core   0: 0x8000b458 (0x00001f17) auipc   t5, 0x1
core   0: 3 0x8000b458 (0x00001f17) x30 0x8000c458
core   0: 0x8000b45c (0xba3f2423) sw      gp, -1112(t5)
core   0: 3 0x8000b45c (0xba3f2423) mem 0x8000c000 0x00000001
core   0: 0x8000b460 (0xff9ff06f) j       pc - 0x8
core   0: 3 0x8000b460 (0xff9ff06f)
core   0: 0x8000b458 (0x00001f17) auipc   t5, 0x1
core   0: 3 0x8000b458 (0x00001f17) x30 0x8000c458
core   0: 0x8000b45c (0xba3f2423) sw      gp, -1112(t5)
core   0: 3 0x8000b45c (0xba3f2423) mem 0x8000c000 0x00000001
core   0: 0x8000b460 (0xff9ff06f) j       pc - 0x8
core   0: 3 0x8000b460 (0xff9ff06f)
core   0: 0x8000b458 (0x00001f17) auipc   t5, 0x1
core   0: 3 0x8000b458 (0x00001f17) x30 0x8000c458
core   0: 0x8000b45c (0xba3f2423) sw      gp, -1112(t5)
core   0: 3 0x8000b45c (0xba3f2423) mem 0x8000c000 0x00000001
core   0: 0x8000b460 (0xff9ff06f) j       pc - 0x8
core   0: 3 0x8000b460 (0xff9ff06f)
core   0: 0x8000b458 (0x00001f17) auipc   t5, 0x1
core   0: 3 0x8000b458 (0x00001f17) x30 0x8000c458
core   0: 0x8000b45c (0xba3f2423) sw      gp, -1112(t5)
core   0: 3 0x8000b45c (0xba3f2423) mem 0x8000c000 0x00000001
core   0: 0x8000b460 (0xff9ff06f) j       pc - 0x8
core   0: 3 0x8000b460 (0xff9ff06f)
core   0: 0x8000b458 (0x00001f17) auipc   t5, 0x1
core   0: 3 0x8000b458 (0x00001f17) x30 0x8000c458
core   0: 0x8000b45c (0xba3f2423) sw      gp, -1112(t5)
core   0: 3 0x8000b45c (0xba3f2423) mem 0x8000c000 0x00000001
core   0: 0x8000b460 (0xff9ff06f) j       pc - 0x8
core   0: 3 0x8000b460 (0xff9ff06f)
core   0: 0x8000b458 (0x00001f17) auipc   t5, 0x1
core   0: 3 0x8000b458 (0x00001f17) x30 0x8000c458
core   0: 0x8000b45c (0xba3f2423) sw      gp, -1112(t5)
core   0: 3 0x8000b45c (0xba3f2423) mem 0x8000c000 0x00000001
core   0: 0x8000b460 (0xff9ff06f) j       pc - 0x8
core   0: 3 0x8000b460 (0xff9ff06f)
core   0: 0x8000b458 (0x00001f17) auipc   t5, 0x1
core   0: 3 0x8000b458 (0x00001f17) x30 0x8000c458
core   0: 0x8000b45c (0xba3f2423) sw      gp, -1112(t5)
core   0: 3 0x8000b45c (0xba3f2423) mem 0x8000c000 0x00000001
core   0: 0x8000b460 (0xff9ff06f) j       pc - 0x8
core   0: 3 0x8000b460 (0xff9ff06f)
core   0: 0x8000b458 (0x00001f17) auipc   t5, 0x1
core   0: 3 0x8000b458 (0x00001f17) x30 0x8000c458
core   0: 0x8000b45c (0xba3f2423) sw      gp, -1112(t5)
core   0: 3 0x8000b45c (0xba3f2423) mem 0x8000c000 0x00000001
core   0: 0x8000b460 (0xff9ff06f) j       pc - 0x8
core   0: 3 0x8000b460 (0xff9ff06f)
core   0: 0x8000b458 (0x00001f17) auipc   t5, 0x1
core   0: 3 0x8000b458 (0x00001f17) x30 0x8000c458
core   0: 0x8000b45c (0xba3f2423) sw      gp, -1112(t5)
core   0: 3 0x8000b45c (0xba3f2423) mem 0x8000c000 0x00000001
core   0: 0x8000b460 (0xff9ff06f) j       pc - 0x8
core   0: 3 0x8000b460 (0xff9ff06f)
core   0: 0x8000b458 (0x00001f17) auipc   t5, 0x1
core   0: 3 0x8000b458 (0x00001f17) x30 0x8000c458
core   0: 0x8000b45c (0xba3f2423) sw      gp, -1112(t5)
core   0: 3 0x8000b45c (0xba3f2423) mem 0x8000c000 0x00000001
core   0: 0x8000b460 (0xff9ff06f) j       pc - 0x8
core   0: 3 0x8000b460 (0xff9ff06f)
core   0: 0x8000b458 (0x00001f17) auipc   t5, 0x1
core   0: 3 0x8000b458 (0x00001f17) x30 0x8000c458
core   0: 0x8000b45c (0xba3f2423) sw      gp, -1112(t5)
core   0: 3 0x8000b45c (0xba3f2423) mem 0x8000c000 0x00000001
core   0: 0x8000b460 (0xff9ff06f) j       pc - 0x8
core   0: 3 0x8000b460 (0xff9ff06f)
core   0: 0x8000b458 (0x00001f17) auipc   t5, 0x1
core   0: 3 0x8000b458 (0x00001f17) x30 0x8000c458
core   0: 0x8000b45c (0xba3f2423) sw      gp, -1112(t5)
core   0: 3 0x8000b45c (0xba3f2423) mem 0x8000c000 0x00000001
core   0: 0x8000b460 (0xff9ff06f) j       pc - 0x8
core   0: 3 0x8000b460 (0xff9ff06f)
core   0: 0x8000b458 (0x00001f17) auipc   t5, 0x1
core   0: 3 0x8000b458 (0x00001f17) x30 0x8000c458
core   0: 0x8000b45c (0xba3f2423) sw      gp, -1112(t5)
core   0: 3 0x8000b45c (0xba3f2423) mem 0x8000c000 0x00000001
core   0: 0x8000b460 (0xff9ff06f) j       pc - 0x8
core   0: 3 0x8000b460 (0xff9ff06f)
core   0: 0x8000b458 (0x00001f17) auipc   t5, 0x1
core   0: 3 0x8000b458 (0x00001f17) x30 0x8000c458
core   0: 0x8000b45c (0xba3f2423) sw      gp, -1112(t5)
core   0: 3 0x8000b45c (0xba3f2423) mem 0x8000c000 0x00000001
core   0: 0x8000b460 (0xff9ff06f) j       pc - 0x8
core   0: 3 0x8000b460 (0xff9ff06f)
core   0: 0x8000b458 (0x00001f17) auipc   t5, 0x1
core   0: 3 0x8000b458 (0x00001f17) x30 0x8000c458
core   0: 0x8000b45c (0xba3f2423) sw      gp, -1112(t5)
core   0: 3 0x8000b45c (0xba3f2423) mem 0x8000c000 0x00000001
core   0: 0x8000b460 (0xff9ff06f) j       pc - 0x8
core   0: 3 0x8000b460 (0xff9ff06f)
core   0: 0x8000b458 (0x00001f17) auipc   t5, 0x1
core   0: 3 0x8000b458 (0x00001f17) x30 0x8000c458
core   0: 0x8000b45c (0xba3f2423) sw      gp, -1112(t5)
core   0: 3 0x8000b45c (0xba3f2423) mem 0x8000c000 0x00000001
core   0: 0x8000b460 (0xff9ff06f) j       pc - 0x8
core   0: 3 0x8000b460 (0xff9ff06f)
core   0: 0x8000b458 (0x00001f17) auipc   t5, 0x1
core   0: 3 0x8000b458 (0x00001f17) x30 0x8000c458
core   0: 0x8000b45c (0xba3f2423) sw      gp, -1112(t5)
core   0: 3 0x8000b45c (0xba3f2423) mem 0x8000c000 0x00000001
core   0: 0x8000b460 (0xff9ff06f) j       pc - 0x8
core   0: 3 0x8000b460 (0xff9ff06f)
core   0: 0x8000b458 (0x00001f17) auipc   t5, 0x1
core   0: 3 0x8000b458 (0x00001f17) x30 0x8000c458
core   0: 0x8000b45c (0xba3f2423) sw      gp, -1112(t5)
core   0: 3 0x8000b45c (0xba3f2423) mem 0x8000c000 0x00000001
core   0: 0x8000b460 (0xff9ff06f) j       pc - 0x8
core   0: 3 0x8000b460 (0xff9ff06f)
core   0: 0x8000b458 (0x00001f17) auipc   t5, 0x1
core   0: 3 0x8000b458 (0x00001f17) x30 0x8000c458
core   0: 0x8000b45c (0xba3f2423) sw      gp, -1112(t5)
core   0: 3 0x8000b45c (0xba3f2423) mem 0x8000c000 0x00000001
core   0: 0x8000b460 (0xff9ff06f) j       pc - 0x8
core   0: 3 0x8000b460 (0xff9ff06f)
core   0: 0x8000b458 (0x00001f17) auipc   t5, 0x1
core   0: 3 0x8000b458 (0x00001f17) x30 0x8000c458
core   0: 0x8000b45c (0xba3f2423) sw      gp, -1112(t5)
core   0: 3 0x8000b45c (0xba3f2423) mem 0x8000c000 0x00000001
core   0: 0x8000b460 (0xff9ff06f) j       pc - 0x8
core   0: 3 0x8000b460 (0xff9ff06f)
core   0: 0x8000b458 (0x00001f17) auipc   t5, 0x1
core   0: 3 0x8000b458 (0x00001f17) x30 0x8000c458
core   0: 0x8000b45c (0xba3f2423) sw      gp, -1112(t5)
core   0: 3 0x8000b45c (0xba3f2423) mem 0x8000c000 0x00000001
core   0: 0x8000b460 (0xff9ff06f) j       pc - 0x8
core   0: 3 0x8000b460 (0xff9ff06f)
core   0: 0x8000b458 (0x00001f17) auipc   t5, 0x1
core   0: 3 0x8000b458 (0x00001f17) x30 0x8000c458
core   0: 0x8000b45c (0xba3f2423) sw      gp, -1112(t5)
core   0: 3 0x8000b45c (0xba3f2423) mem 0x8000c000 0x00000001
core   0: 0x8000b460 (0xff9ff06f) j       pc - 0x8
core   0: 3 0x8000b460 (0xff9ff06f)
core   0: 0x8000b458 (0x00001f17) auipc   t5, 0x1
core   0: 3 0x8000b458 (0x00001f17) x30 0x8000c458
core   0: 0x8000b45c (0xba3f2423) sw      gp, -1112(t5)
core   0: 3 0x8000b45c (0xba3f2423) mem 0x8000c000 0x00000001
core   0: 0x8000b460 (0xff9ff06f) j       pc - 0x8
core   0: 3 0x8000b460 (0xff9ff06f)
core   0: 0x8000b458 (0x00001f17) auipc   t5, 0x1
core   0: 3 0x8000b458 (0x00001f17) x30 0x8000c458
core   0: 0x8000b45c (0xba3f2423) sw      gp, -1112(t5)
core   0: 3 0x8000b45c (0xba3f2423) mem 0x8000c000 0x00000001
core   0: 0x8000b460 (0xff9ff06f) j       pc - 0x8
core   0: 3 0x8000b460 (0xff9ff06f)
core   0: 0x8000b458 (0x00001f17) auipc   t5, 0x1
core   0: 3 0x8000b458 (0x00001f17) x30 0x8000c458
core   0: 0x8000b45c (0xba3f2423) sw      gp, -1112(t5)
core   0: 3 0x8000b45c (0xba3f2423) mem 0x8000c000 0x00000001
core   0: 0x8000b460 (0xff9ff06f) j       pc - 0x8
core   0: 3 0x8000b460 (0xff9ff06f)
core   0: 0x8000b458 (0x00001f17) auipc   t5, 0x1
core   0: 3 0x8000b458 (0x00001f17) x30 0x8000c458
core   0: 0x8000b45c (0xba3f2423) sw      gp, -1112(t5)
core   0: 3 0x8000b45c (0xba3f2423) mem 0x8000c000 0x00000001
core   0: 0x8000b460 (0xff9ff06f) j       pc - 0x8
core   0: 3 0x8000b460 (0xff9ff06f)
core   0: 0x8000b458 (0x00001f17) auipc   t5, 0x1
core   0: 3 0x8000b458 (0x00001f17) x30 0x8000c458
core   0: 0x8000b45c (0xba3f2423) sw      gp, -1112(t5)
core   0: 3 0x8000b45c (0xba3f2423) mem 0x8000c000 0x00000001
core   0: 0x8000b460 (0xff9ff06f) j       pc - 0x8
core   0: 3 0x8000b460 (0xff9ff06f)
core   0: 0x8000b458 (0x00001f17) auipc   t5, 0x1
core   0: 3 0x8000b458 (0x00001f17) x30 0x8000c458
core   0: 0x8000b45c (0xba3f2423) sw      gp, -1112(t5)
core   0: 3 0x8000b45c (0xba3f2423) mem 0x8000c000 0x00000001
core   0: 0x8000b460 (0xff9ff06f) j       pc - 0x8
core   0: 3 0x8000b460 (0xff9ff06f)
core   0: 0x8000b458 (0x00001f17) auipc   t5, 0x1
core   0: 3 0x8000b458 (0x00001f17) x30 0x8000c458
core   0: 0x8000b45c (0xba3f2423) sw      gp, -1112(t5)
core   0: 3 0x8000b45c (0xba3f2423) mem 0x8000c000 0x00000001
core   0: 0x8000b460 (0xff9ff06f) j       pc - 0x8
core   0: 3 0x8000b460 (0xff9ff06f)
core   0: 0x8000b458 (0x00001f17) auipc   t5, 0x1
core   0: 3 0x8000b458 (0x00001f17) x30 0x8000c458
core   0: 0x8000b45c (0xba3f2423) sw      gp, -1112(t5)
core   0: 3 0x8000b45c (0xba3f2423) mem 0x8000c000 0x00000001
core   0: 0x8000b460 (0xff9ff06f) j       pc - 0x8
core   0: 3 0x8000b460 (0xff9ff06f)
core   0: 0x8000b458 (0x00001f17) auipc   t5, 0x1
core   0: 3 0x8000b458 (0x00001f17) x30 0x8000c458
core   0: 0x8000b45c (0xba3f2423) sw      gp, -1112(t5)
core   0: 3 0x8000b45c (0xba3f2423) mem 0x8000c000 0x00000001
core   0: 0x8000b460 (0xff9ff06f) j       pc - 0x8
core   0: 3 0x8000b460 (0xff9ff06f)
core   0: 0x8000b458 (0x00001f17) auipc   t5, 0x1
core   0: 3 0x8000b458 (0x00001f17) x30 0x8000c458
core   0: 0x8000b45c (0xba3f2423) sw      gp, -1112(t5)
core   0: 3 0x8000b45c (0xba3f2423) mem 0x8000c000 0x00000001
core   0: 0x8000b460 (0xff9ff06f) j       pc - 0x8
core   0: 3 0x8000b460 (0xff9ff06f)
core   0: 0x8000b458 (0x00001f17) auipc   t5, 0x1
core   0: 3 0x8000b458 (0x00001f17) x30 0x8000c458
core   0: 0x8000b45c (0xba3f2423) sw      gp, -1112(t5)
core   0: 3 0x8000b45c (0xba3f2423) mem 0x8000c000 0x00000001
core   0: 0x8000b460 (0xff9ff06f) j       pc - 0x8
core   0: 3 0x8000b460 (0xff9ff06f)
core   0: 0x8000b458 (0x00001f17) auipc   t5, 0x1
core   0: 3 0x8000b458 (0x00001f17) x30 0x8000c458
core   0: 0x8000b45c (0xba3f2423) sw      gp, -1112(t5)
core   0: 3 0x8000b45c (0xba3f2423) mem 0x8000c000 0x00000001
core   0: 0x8000b460 (0xff9ff06f) j       pc - 0x8
core   0: 3 0x8000b460 (0xff9ff06f)
core   0: 0x8000b458 (0x00001f17) auipc   t5, 0x1
core   0: 3 0x8000b458 (0x00001f17) x30 0x8000c458
core   0: 0x8000b45c (0xba3f2423) sw      gp, -1112(t5)
core   0: 3 0x8000b45c (0xba3f2423) mem 0x8000c000 0x00000001
core   0: 0x8000b460 (0xff9ff06f) j       pc - 0x8
core   0: 3 0x8000b460 (0xff9ff06f)
core   0: 0x8000b458 (0x00001f17) auipc   t5, 0x1
core   0: 3 0x8000b458 (0x00001f17) x30 0x8000c458
core   0: 0x8000b45c (0xba3f2423) sw      gp, -1112(t5)
core   0: 3 0x8000b45c (0xba3f2423) mem 0x8000c000 0x00000001
core   0: 0x8000b460 (0xff9ff06f) j       pc - 0x8
core   0: 3 0x8000b460 (0xff9ff06f)
core   0: 0x8000b458 (0x00001f17) auipc   t5, 0x1
core   0: 3 0x8000b458 (0x00001f17) x30 0x8000c458
core   0: 0x8000b45c (0xba3f2423) sw      gp, -1112(t5)
core   0: 3 0x8000b45c (0xba3f2423) mem 0x8000c000 0x00000001
core   0: 0x8000b460 (0xff9ff06f) j       pc - 0x8
core   0: 3 0x8000b460 (0xff9ff06f)
core   0: 0x8000b458 (0x00001f17) auipc   t5, 0x1
core   0: 3 0x8000b458 (0x00001f17) x30 0x8000c458
core   0: 0x8000b45c (0xba3f2423) sw      gp, -1112(t5)
core   0: 3 0x8000b45c (0xba3f2423) mem 0x8000c000 0x00000001
core   0: 0x8000b460 (0xff9ff06f) j       pc - 0x8
core   0: 3 0x8000b460 (0xff9ff06f)
core   0: 0x8000b458 (0x00001f17) auipc   t5, 0x1
core   0: 3 0x8000b458 (0x00001f17) x30 0x8000c458
core   0: 0x8000b45c (0xba3f2423) sw      gp, -1112(t5)
core   0: 3 0x8000b45c (0xba3f2423) mem 0x8000c000 0x00000001
core   0: 0x8000b460 (0xff9ff06f) j       pc - 0x8
core   0: 3 0x8000b460 (0xff9ff06f)
core   0: 0x8000b458 (0x00001f17) auipc   t5, 0x1
core   0: 3 0x8000b458 (0x00001f17) x30 0x8000c458
core   0: 0x8000b45c (0xba3f2423) sw      gp, -1112(t5)
core   0: 3 0x8000b45c (0xba3f2423) mem 0x8000c000 0x00000001
core   0: 0x8000b460 (0xff9ff06f) j       pc - 0x8
core   0: 3 0x8000b460 (0xff9ff06f)
core   0: 0x8000b458 (0x00001f17) auipc   t5, 0x1
core   0: 3 0x8000b458 (0x00001f17) x30 0x8000c458
core   0: 0x8000b45c (0xba3f2423) sw      gp, -1112(t5)
core   0: 3 0x8000b45c (0xba3f2423) mem 0x8000c000 0x00000001
core   0: 0x8000b460 (0xff9ff06f) j       pc - 0x8
core   0: 3 0x8000b460 (0xff9ff06f)
core   0: 0x8000b458 (0x00001f17) auipc   t5, 0x1
core   0: 3 0x8000b458 (0x00001f17) x30 0x8000c458
core   0: 0x8000b45c (0xba3f2423) sw      gp, -1112(t5)
core   0: 3 0x8000b45c (0xba3f2423) mem 0x8000c000 0x00000001
core   0: 0x8000b460 (0xff9ff06f) j       pc - 0x8
core   0: 3 0x8000b460 (0xff9ff06f)
core   0: 0x8000b458 (0x00001f17) auipc   t5, 0x1
core   0: 3 0x8000b458 (0x00001f17) x30 0x8000c458
core   0: 0x8000b45c (0xba3f2423) sw      gp, -1112(t5)
core   0: 3 0x8000b45c (0xba3f2423) mem 0x8000c000 0x00000001
core   0: 0x8000b460 (0xff9ff06f) j       pc - 0x8
core   0: 3 0x8000b460 (0xff9ff06f)
core   0: 0x8000b458 (0x00001f17) auipc   t5, 0x1
core   0: 3 0x8000b458 (0x00001f17) x30 0x8000c458
core   0: 0x8000b45c (0xba3f2423) sw      gp, -1112(t5)
core   0: 3 0x8000b45c (0xba3f2423) mem 0x8000c000 0x00000001
core   0: 0x8000b460 (0xff9ff06f) j       pc - 0x8
core   0: 3 0x8000b460 (0xff9ff06f)
core   0: 0x8000b458 (0x00001f17) auipc   t5, 0x1
core   0: 3 0x8000b458 (0x00001f17) x30 0x8000c458
core   0: 0x8000b45c (0xba3f2423) sw      gp, -1112(t5)
core   0: 3 0x8000b45c (0xba3f2423) mem 0x8000c000 0x00000001
core   0: 0x8000b460 (0xff9ff06f) j       pc - 0x8
core   0: 3 0x8000b460 (0xff9ff06f)
core   0: 0x8000b458 (0x00001f17) auipc   t5, 0x1
core   0: 3 0x8000b458 (0x00001f17) x30 0x8000c458
core   0: 0x8000b45c (0xba3f2423) sw      gp, -1112(t5)
core   0: 3 0x8000b45c (0xba3f2423) mem 0x8000c000 0x00000001
core   0: 0x8000b460 (0xff9ff06f) j       pc - 0x8
core   0: 3 0x8000b460 (0xff9ff06f)
core   0: 0x8000b458 (0x00001f17) auipc   t5, 0x1
core   0: 3 0x8000b458 (0x00001f17) x30 0x8000c458
core   0: 0x8000b45c (0xba3f2423) sw      gp, -1112(t5)
core   0: 3 0x8000b45c (0xba3f2423) mem 0x8000c000 0x00000001
core   0: 0x8000b460 (0xff9ff06f) j       pc - 0x8
core   0: 3 0x8000b460 (0xff9ff06f)
core   0: 0x8000b458 (0x00001f17) auipc   t5, 0x1
core   0: 3 0x8000b458 (0x00001f17) x30 0x8000c458
core   0: 0x8000b45c (0xba3f2423) sw      gp, -1112(t5)
core   0: 3 0x8000b45c (0xba3f2423) mem 0x8000c000 0x00000001
core   0: 0x8000b460 (0xff9ff06f) j       pc - 0x8
core   0: 3 0x8000b460 (0xff9ff06f)
core   0: 0x8000b458 (0x00001f17) auipc   t5, 0x1
core   0: 3 0x8000b458 (0x00001f17) x30 0x8000c458
core   0: 0x8000b45c (0xba3f2423) sw      gp, -1112(t5)
core   0: 3 0x8000b45c (0xba3f2423) mem 0x8000c000 0x00000001
core   0: 0x8000b460 (0xff9ff06f) j       pc - 0x8
core   0: 3 0x8000b460 (0xff9ff06f)
core   0: 0x8000b458 (0x00001f17) auipc   t5, 0x1
core   0: 3 0x8000b458 (0x00001f17) x30 0x8000c458
core   0: 0x8000b45c (0xba3f2423) sw      gp, -1112(t5)
core   0: 3 0x8000b45c (0xba3f2423) mem 0x8000c000 0x00000001
core   0: 0x8000b460 (0xff9ff06f) j       pc - 0x8
core   0: 3 0x8000b460 (0xff9ff06f)
core   0: 0x8000b458 (0x00001f17) auipc   t5, 0x1
core   0: 3 0x8000b458 (0x00001f17) x30 0x8000c458
core   0: 0x8000b45c (0xba3f2423) sw      gp, -1112(t5)
core   0: 3 0x8000b45c (0xba3f2423) mem 0x8000c000 0x00000001
core   0: 0x8000b460 (0xff9ff06f) j       pc - 0x8
core   0: 3 0x8000b460 (0xff9ff06f)
core   0: 0x8000b458 (0x00001f17) auipc   t5, 0x1
core   0: 3 0x8000b458 (0x00001f17) x30 0x8000c458
core   0: 0x8000b45c (0xba3f2423) sw      gp, -1112(t5)
core   0: 3 0x8000b45c (0xba3f2423) mem 0x8000c000 0x00000001
core   0: 0x8000b460 (0xff9ff06f) j       pc - 0x8
core   0: 3 0x8000b460 (0xff9ff06f)
core   0: 0x8000b458 (0x00001f17) auipc   t5, 0x1
core   0: 3 0x8000b458 (0x00001f17) x30 0x8000c458
core   0: 0x8000b45c (0xba3f2423) sw      gp, -1112(t5)
core   0: 3 0x8000b45c (0xba3f2423) mem 0x8000c000 0x00000001
core   0: 0x8000b460 (0xff9ff06f) j       pc - 0x8
core   0: 3 0x8000b460 (0xff9ff06f)
core   0: 0x8000b458 (0x00001f17) auipc   t5, 0x1
core   0: 3 0x8000b458 (0x00001f17) x30 0x8000c458
core   0: 0x8000b45c (0xba3f2423) sw      gp, -1112(t5)
core   0: 3 0x8000b45c (0xba3f2423) mem 0x8000c000 0x00000001
core   0: 0x8000b460 (0xff9ff06f) j       pc - 0x8
core   0: 3 0x8000b460 (0xff9ff06f)
core   0: 0x8000b458 (0x00001f17) auipc   t5, 0x1
core   0: 3 0x8000b458 (0x00001f17) x30 0x8000c458
core   0: 0x8000b45c (0xba3f2423) sw      gp, -1112(t5)
core   0: 3 0x8000b45c (0xba3f2423) mem 0x8000c000 0x00000001
core   0: 0x8000b460 (0xff9ff06f) j       pc - 0x8
core   0: 3 0x8000b460 (0xff9ff06f)
core   0: 0x8000b458 (0x00001f17) auipc   t5, 0x1
core   0: 3 0x8000b458 (0x00001f17) x30 0x8000c458
core   0: 0x8000b45c (0xba3f2423) sw      gp, -1112(t5)
core   0: 3 0x8000b45c (0xba3f2423) mem 0x8000c000 0x00000001
core   0: 0x8000b460 (0xff9ff06f) j       pc - 0x8
core   0: 3 0x8000b460 (0xff9ff06f)
core   0: 0x8000b458 (0x00001f17) auipc   t5, 0x1
core   0: 3 0x8000b458 (0x00001f17) x30 0x8000c458
core   0: 0x8000b45c (0xba3f2423) sw      gp, -1112(t5)
core   0: 3 0x8000b45c (0xba3f2423) mem 0x8000c000 0x00000001
core   0: 0x8000b460 (0xff9ff06f) j       pc - 0x8
core   0: 3 0x8000b460 (0xff9ff06f)
core   0: 0x8000b458 (0x00001f17) auipc   t5, 0x1
core   0: 3 0x8000b458 (0x00001f17) x30 0x8000c458
core   0: 0x8000b45c (0xba3f2423) sw      gp, -1112(t5)
core   0: 3 0x8000b45c (0xba3f2423) mem 0x8000c000 0x00000001
core   0: 0x8000b460 (0xff9ff06f) j       pc - 0x8
core   0: 3 0x8000b460 (0xff9ff06f)
core   0: 0x8000b458 (0x00001f17) auipc   t5, 0x1
core   0: 3 0x8000b458 (0x00001f17) x30 0x8000c458
core   0: 0x8000b45c (0xba3f2423) sw      gp, -1112(t5)
core   0: 3 0x8000b45c (0xba3f2423) mem 0x8000c000 0x00000001
core   0: 0x8000b460 (0xff9ff06f) j       pc - 0x8
core   0: 3 0x8000b460 (0xff9ff06f)
core   0: 0x8000b458 (0x00001f17) auipc   t5, 0x1
core   0: 3 0x8000b458 (0x00001f17) x30 0x8000c458
core   0: 0x8000b45c (0xba3f2423) sw      gp, -1112(t5)
core   0: 3 0x8000b45c (0xba3f2423) mem 0x8000c000 0x00000001
core   0: 0x8000b460 (0xff9ff06f) j       pc - 0x8
core   0: 3 0x8000b460 (0xff9ff06f)
core   0: 0x8000b458 (0x00001f17) auipc   t5, 0x1
core   0: 3 0x8000b458 (0x00001f17) x30 0x8000c458
core   0: 0x8000b45c (0xba3f2423) sw      gp, -1112(t5)
core   0: 3 0x8000b45c (0xba3f2423) mem 0x8000c000 0x00000001
core   0: 0x8000b460 (0xff9ff06f) j       pc - 0x8
core   0: 3 0x8000b460 (0xff9ff06f)
core   0: 0x8000b458 (0x00001f17) auipc   t5, 0x1
core   0: 3 0x8000b458 (0x00001f17) x30 0x8000c458
core   0: 0x8000b45c (0xba3f2423) sw      gp, -1112(t5)
core   0: 3 0x8000b45c (0xba3f2423) mem 0x8000c000 0x00000001
core   0: 0x8000b460 (0xff9ff06f) j       pc - 0x8
core   0: 3 0x8000b460 (0xff9ff06f)
core   0: 0x8000b458 (0x00001f17) auipc   t5, 0x1
core   0: 3 0x8000b458 (0x00001f17) x30 0x8000c458
core   0: 0x8000b45c (0xba3f2423) sw      gp, -1112(t5)
core   0: 3 0x8000b45c (0xba3f2423) mem 0x8000c000 0x00000001
core   0: 0x8000b460 (0xff9ff06f) j       pc - 0x8
core   0: 3 0x8000b460 (0xff9ff06f)
core   0: 0x8000b458 (0x00001f17) auipc   t5, 0x1
core   0: 3 0x8000b458 (0x00001f17) x30 0x8000c458
core   0: 0x8000b45c (0xba3f2423) sw      gp, -1112(t5)
core   0: 3 0x8000b45c (0xba3f2423) mem 0x8000c000 0x00000001
core   0: 0x8000b460 (0xff9ff06f) j       pc - 0x8
core   0: 3 0x8000b460 (0xff9ff06f)
core   0: 0x8000b458 (0x00001f17) auipc   t5, 0x1
core   0: 3 0x8000b458 (0x00001f17) x30 0x8000c458
core   0: 0x8000b45c (0xba3f2423) sw      gp, -1112(t5)
core   0: 3 0x8000b45c (0xba3f2423) mem 0x8000c000 0x00000001
core   0: 0x8000b460 (0xff9ff06f) j       pc - 0x8
core   0: 3 0x8000b460 (0xff9ff06f)
core   0: 0x8000b458 (0x00001f17) auipc   t5, 0x1
core   0: 3 0x8000b458 (0x00001f17) x30 0x8000c458
core   0: 0x8000b45c (0xba3f2423) sw      gp, -1112(t5)
core   0: 3 0x8000b45c (0xba3f2423) mem 0x8000c000 0x00000001
core   0: 0x8000b460 (0xff9ff06f) j       pc - 0x8
core   0: 3 0x8000b460 (0xff9ff06f)
core   0: 0x8000b458 (0x00001f17) auipc   t5, 0x1
core   0: 3 0x8000b458 (0x00001f17) x30 0x8000c458
core   0: 0x8000b45c (0xba3f2423) sw      gp, -1112(t5)
core   0: 3 0x8000b45c (0xba3f2423) mem 0x8000c000 0x00000001
core   0: 0x8000b460 (0xff9ff06f) j       pc - 0x8
core   0: 3 0x8000b460 (0xff9ff06f)
core   0: 0x8000b458 (0x00001f17) auipc   t5, 0x1
core   0: 3 0x8000b458 (0x00001f17) x30 0x8000c458
core   0: 0x8000b45c (0xba3f2423) sw      gp, -1112(t5)
core   0: 3 0x8000b45c (0xba3f2423) mem 0x8000c000 0x00000001
core   0: 0x8000b460 (0xff9ff06f) j       pc - 0x8
core   0: 3 0x8000b460 (0xff9ff06f)
core   0: 0x8000b458 (0x00001f17) auipc   t5, 0x1
core   0: 3 0x8000b458 (0x00001f17) x30 0x8000c458
core   0: 0x8000b45c (0xba3f2423) sw      gp, -1112(t5)
core   0: 3 0x8000b45c (0xba3f2423) mem 0x8000c000 0x00000001
core   0: 0x8000b460 (0xff9ff06f) j       pc - 0x8
core   0: 3 0x8000b460 (0xff9ff06f)
core   0: 0x8000b458 (0x00001f17) auipc   t5, 0x1
core   0: 3 0x8000b458 (0x00001f17) x30 0x8000c458
core   0: 0x8000b45c (0xba3f2423) sw      gp, -1112(t5)
core   0: 3 0x8000b45c (0xba3f2423) mem 0x8000c000 0x00000001
core   0: 0x8000b460 (0xff9ff06f) j       pc - 0x8
core   0: 3 0x8000b460 (0xff9ff06f)
core   0: 0x8000b458 (0x00001f17) auipc   t5, 0x1
core   0: 3 0x8000b458 (0x00001f17) x30 0x8000c458
core   0: 0x8000b45c (0xba3f2423) sw      gp, -1112(t5)
core   0: 3 0x8000b45c (0xba3f2423) mem 0x8000c000 0x00000001
core   0: 0x8000b460 (0xff9ff06f) j       pc - 0x8
core   0: 3 0x8000b460 (0xff9ff06f)
core   0: 0x8000b458 (0x00001f17) auipc   t5, 0x1
core   0: 3 0x8000b458 (0x00001f17) x30 0x8000c458
core   0: 0x8000b45c (0xba3f2423) sw      gp, -1112(t5)
core   0: 3 0x8000b45c (0xba3f2423) mem 0x8000c000 0x00000001
core   0: 0x8000b460 (0xff9ff06f) j       pc - 0x8
core   0: 3 0x8000b460 (0xff9ff06f)
core   0: 0x8000b458 (0x00001f17) auipc   t5, 0x1
core   0: 3 0x8000b458 (0x00001f17) x30 0x8000c458
core   0: 0x8000b45c (0xba3f2423) sw      gp, -1112(t5)
core   0: 3 0x8000b45c (0xba3f2423) mem 0x8000c000 0x00000001
core   0: 0x8000b460 (0xff9ff06f) j       pc - 0x8
core   0: 3 0x8000b460 (0xff9ff06f)
core   0: 0x8000b458 (0x00001f17) auipc   t5, 0x1
core   0: 3 0x8000b458 (0x00001f17) x30 0x8000c458
core   0: 0x8000b45c (0xba3f2423) sw      gp, -1112(t5)
core   0: 3 0x8000b45c (0xba3f2423) mem 0x8000c000 0x00000001
core   0: 0x8000b460 (0xff9ff06f) j       pc - 0x8
core   0: 3 0x8000b460 (0xff9ff06f)
core   0: 0x8000b458 (0x00001f17) auipc   t5, 0x1
core   0: 3 0x8000b458 (0x00001f17) x30 0x8000c458
core   0: 0x8000b45c (0xba3f2423) sw      gp, -1112(t5)
core   0: 3 0x8000b45c (0xba3f2423) mem 0x8000c000 0x00000001
core   0: 0x8000b460 (0xff9ff06f) j       pc - 0x8
core   0: 3 0x8000b460 (0xff9ff06f)
core   0: 0x8000b458 (0x00001f17) auipc   t5, 0x1
core   0: 3 0x8000b458 (0x00001f17) x30 0x8000c458
core   0: 0x8000b45c (0xba3f2423) sw      gp, -1112(t5)
core   0: 3 0x8000b45c (0xba3f2423) mem 0x8000c000 0x00000001
core   0: 0x8000b460 (0xff9ff06f) j       pc - 0x8
core   0: 3 0x8000b460 (0xff9ff06f)
core   0: 0x8000b458 (0x00001f17) auipc   t5, 0x1
core   0: 3 0x8000b458 (0x00001f17) x30 0x8000c458
core   0: 0x8000b45c (0xba3f2423) sw      gp, -1112(t5)
core   0: 3 0x8000b45c (0xba3f2423) mem 0x8000c000 0x00000001
core   0: 0x8000b460 (0xff9ff06f) j       pc - 0x8
core   0: 3 0x8000b460 (0xff9ff06f)
core   0: 0x8000b458 (0x00001f17) auipc   t5, 0x1
core   0: 3 0x8000b458 (0x00001f17) x30 0x8000c458
core   0: 0x8000b45c (0xba3f2423) sw      gp, -1112(t5)
core   0: 3 0x8000b45c (0xba3f2423) mem 0x8000c000 0x00000001
core   0: 0x8000b460 (0xff9ff06f) j       pc - 0x8
core   0: 3 0x8000b460 (0xff9ff06f)
core   0: 0x8000b458 (0x00001f17) auipc   t5, 0x1
core   0: 3 0x8000b458 (0x00001f17) x30 0x8000c458
core   0: 0x8000b45c (0xba3f2423) sw      gp, -1112(t5)
core   0: 3 0x8000b45c (0xba3f2423) mem 0x8000c000 0x00000001
core   0: 0x8000b460 (0xff9ff06f) j       pc - 0x8
core   0: 3 0x8000b460 (0xff9ff06f)
core   0: 0x8000b458 (0x00001f17) auipc   t5, 0x1
core   0: 3 0x8000b458 (0x00001f17) x30 0x8000c458
core   0: 0x8000b45c (0xba3f2423) sw      gp, -1112(t5)
core   0: 3 0x8000b45c (0xba3f2423) mem 0x8000c000 0x00000001
core   0: 0x8000b460 (0xff9ff06f) j       pc - 0x8
core   0: 3 0x8000b460 (0xff9ff06f)
core   0: 0x8000b458 (0x00001f17) auipc   t5, 0x1
core   0: 3 0x8000b458 (0x00001f17) x30 0x8000c458
core   0: 0x8000b45c (0xba3f2423) sw      gp, -1112(t5)
core   0: 3 0x8000b45c (0xba3f2423) mem 0x8000c000 0x00000001
core   0: 0x8000b460 (0xff9ff06f) j       pc - 0x8
core   0: 3 0x8000b460 (0xff9ff06f)
core   0: 0x8000b458 (0x00001f17) auipc   t5, 0x1
core   0: 3 0x8000b458 (0x00001f17) x30 0x8000c458
core   0: 0x8000b45c (0xba3f2423) sw      gp, -1112(t5)
core   0: 3 0x8000b45c (0xba3f2423) mem 0x8000c000 0x00000001
core   0: 0x8000b460 (0xff9ff06f) j       pc - 0x8
core   0: 3 0x8000b460 (0xff9ff06f)
core   0: 0x8000b458 (0x00001f17) auipc   t5, 0x1
core   0: 3 0x8000b458 (0x00001f17) x30 0x8000c458
core   0: 0x8000b45c (0xba3f2423) sw      gp, -1112(t5)
core   0: 3 0x8000b45c (0xba3f2423) mem 0x8000c000 0x00000001
core   0: 0x8000b460 (0xff9ff06f) j       pc - 0x8
core   0: 3 0x8000b460 (0xff9ff06f)
core   0: 0x8000b458 (0x00001f17) auipc   t5, 0x1
core   0: 3 0x8000b458 (0x00001f17) x30 0x8000c458
core   0: 0x8000b45c (0xba3f2423) sw      gp, -1112(t5)
core   0: 3 0x8000b45c (0xba3f2423) mem 0x8000c000 0x00000001
core   0: 0x8000b460 (0xff9ff06f) j       pc - 0x8
core   0: 3 0x8000b460 (0xff9ff06f)
core   0: 0x8000b458 (0x00001f17) auipc   t5, 0x1
core   0: 3 0x8000b458 (0x00001f17) x30 0x8000c458
core   0: 0x8000b45c (0xba3f2423) sw      gp, -1112(t5)
core   0: 3 0x8000b45c (0xba3f2423) mem 0x8000c000 0x00000001
core   0: 0x8000b460 (0xff9ff06f) j       pc - 0x8
core   0: 3 0x8000b460 (0xff9ff06f)
core   0: 0x8000b458 (0x00001f17) auipc   t5, 0x1
core   0: 3 0x8000b458 (0x00001f17) x30 0x8000c458
core   0: 0x8000b45c (0xba3f2423) sw      gp, -1112(t5)
core   0: 3 0x8000b45c (0xba3f2423) mem 0x8000c000 0x00000001
core   0: 0x8000b460 (0xff9ff06f) j       pc - 0x8
core   0: 3 0x8000b460 (0xff9ff06f)
core   0: 0x8000b458 (0x00001f17) auipc   t5, 0x1
core   0: 3 0x8000b458 (0x00001f17) x30 0x8000c458
core   0: 0x8000b45c (0xba3f2423) sw      gp, -1112(t5)
core   0: 3 0x8000b45c (0xba3f2423) mem 0x8000c000 0x00000001
core   0: 0x8000b460 (0xff9ff06f) j       pc - 0x8
core   0: 3 0x8000b460 (0xff9ff06f)
core   0: 0x8000b458 (0x00001f17) auipc   t5, 0x1
core   0: 3 0x8000b458 (0x00001f17) x30 0x8000c458
core   0: 0x8000b45c (0xba3f2423) sw      gp, -1112(t5)
core   0: 3 0x8000b45c (0xba3f2423) mem 0x8000c000 0x00000001
core   0: 0x8000b460 (0xff9ff06f) j       pc - 0x8
core   0: 3 0x8000b460 (0xff9ff06f)
core   0: 0x8000b458 (0x00001f17) auipc   t5, 0x1
core   0: 3 0x8000b458 (0x00001f17) x30 0x8000c458
core   0: 0x8000b45c (0xba3f2423) sw      gp, -1112(t5)
core   0: 3 0x8000b45c (0xba3f2423) mem 0x8000c000 0x00000001
core   0: 0x8000b460 (0xff9ff06f) j       pc - 0x8
core   0: 3 0x8000b460 (0xff9ff06f)
core   0: 0x8000b458 (0x00001f17) auipc   t5, 0x1
core   0: 3 0x8000b458 (0x00001f17) x30 0x8000c458
core   0: 0x8000b45c (0xba3f2423) sw      gp, -1112(t5)
core   0: 3 0x8000b45c (0xba3f2423) mem 0x8000c000 0x00000001
core   0: 0x8000b460 (0xff9ff06f) j       pc - 0x8
core   0: 3 0x8000b460 (0xff9ff06f)
core   0: 0x8000b458 (0x00001f17) auipc   t5, 0x1
core   0: 3 0x8000b458 (0x00001f17) x30 0x8000c458
core   0: 0x8000b45c (0xba3f2423) sw      gp, -1112(t5)
core   0: 3 0x8000b45c (0xba3f2423) mem 0x8000c000 0x00000001
core   0: 0x8000b460 (0xff9ff06f) j       pc - 0x8
core   0: 3 0x8000b460 (0xff9ff06f)
core   0: 0x8000b458 (0x00001f17) auipc   t5, 0x1
core   0: 3 0x8000b458 (0x00001f17) x30 0x8000c458
core   0: 0x8000b45c (0xba3f2423) sw      gp, -1112(t5)
core   0: 3 0x8000b45c (0xba3f2423) mem 0x8000c000 0x00000001
core   0: 0x8000b460 (0xff9ff06f) j       pc - 0x8
core   0: 3 0x8000b460 (0xff9ff06f)
core   0: 0x8000b458 (0x00001f17) auipc   t5, 0x1
core   0: 3 0x8000b458 (0x00001f17) x30 0x8000c458
core   0: 0x8000b45c (0xba3f2423) sw      gp, -1112(t5)
core   0: 3 0x8000b45c (0xba3f2423) mem 0x8000c000 0x00000001
core   0: 0x8000b460 (0xff9ff06f) j       pc - 0x8
core   0: 3 0x8000b460 (0xff9ff06f)
core   0: 0x8000b458 (0x00001f17) auipc   t5, 0x1
core   0: 3 0x8000b458 (0x00001f17) x30 0x8000c458
core   0: 0x8000b45c (0xba3f2423) sw      gp, -1112(t5)
core   0: 3 0x8000b45c (0xba3f2423) mem 0x8000c000 0x00000001
core   0: 0x8000b460 (0xff9ff06f) j       pc - 0x8
core   0: 3 0x8000b460 (0xff9ff06f)
core   0: 0x8000b458 (0x00001f17) auipc   t5, 0x1
core   0: 3 0x8000b458 (0x00001f17) x30 0x8000c458
core   0: 0x8000b45c (0xba3f2423) sw      gp, -1112(t5)
core   0: 3 0x8000b45c (0xba3f2423) mem 0x8000c000 0x00000001
core   0: 0x8000b460 (0xff9ff06f) j       pc - 0x8
core   0: 3 0x8000b460 (0xff9ff06f)
core   0: 0x8000b458 (0x00001f17) auipc   t5, 0x1
core   0: 3 0x8000b458 (0x00001f17) x30 0x8000c458
core   0: 0x8000b45c (0xba3f2423) sw      gp, -1112(t5)
core   0: 3 0x8000b45c (0xba3f2423) mem 0x8000c000 0x00000001
core   0: 0x8000b460 (0xff9ff06f) j       pc - 0x8
core   0: 3 0x8000b460 (0xff9ff06f)
core   0: 0x8000b458 (0x00001f17) auipc   t5, 0x1
core   0: 3 0x8000b458 (0x00001f17) x30 0x8000c458
core   0: 0x8000b45c (0xba3f2423) sw      gp, -1112(t5)
core   0: 3 0x8000b45c (0xba3f2423) mem 0x8000c000 0x00000001
core   0: 0x8000b460 (0xff9ff06f) j       pc - 0x8
core   0: 3 0x8000b460 (0xff9ff06f)
core   0: 0x8000b458 (0x00001f17) auipc   t5, 0x1
core   0: 3 0x8000b458 (0x00001f17) x30 0x8000c458
core   0: 0x8000b45c (0xba3f2423) sw      gp, -1112(t5)
core   0: 3 0x8000b45c (0xba3f2423) mem 0x8000c000 0x00000001
core   0: 0x8000b460 (0xff9ff06f) j       pc - 0x8
core   0: 3 0x8000b460 (0xff9ff06f)
core   0: 0x8000b458 (0x00001f17) auipc   t5, 0x1
core   0: 3 0x8000b458 (0x00001f17) x30 0x8000c458
core   0: 0x8000b45c (0xba3f2423) sw      gp, -1112(t5)
core   0: 3 0x8000b45c (0xba3f2423) mem 0x8000c000 0x00000001
core   0: 0x8000b460 (0xff9ff06f) j       pc - 0x8
core   0: 3 0x8000b460 (0xff9ff06f)
core   0: 0x8000b458 (0x00001f17) auipc   t5, 0x1
core   0: 3 0x8000b458 (0x00001f17) x30 0x8000c458
core   0: 0x8000b45c (0xba3f2423) sw      gp, -1112(t5)
core   0: 3 0x8000b45c (0xba3f2423) mem 0x8000c000 0x00000001
core   0: 0x8000b460 (0xff9ff06f) j       pc - 0x8
core   0: 3 0x8000b460 (0xff9ff06f)
core   0: 0x8000b458 (0x00001f17) auipc   t5, 0x1
core   0: 3 0x8000b458 (0x00001f17) x30 0x8000c458
core   0: 0x8000b45c (0xba3f2423) sw      gp, -1112(t5)
core   0: 3 0x8000b45c (0xba3f2423) mem 0x8000c000 0x00000001
core   0: 0x8000b460 (0xff9ff06f) j       pc - 0x8
core   0: 3 0x8000b460 (0xff9ff06f)
core   0: 0x8000b458 (0x00001f17) auipc   t5, 0x1
core   0: 3 0x8000b458 (0x00001f17) x30 0x8000c458
core   0: 0x8000b45c (0xba3f2423) sw      gp, -1112(t5)
core   0: 3 0x8000b45c (0xba3f2423) mem 0x8000c000 0x00000001
core   0: 0x8000b460 (0xff9ff06f) j       pc - 0x8
core   0: 3 0x8000b460 (0xff9ff06f)
core   0: 0x8000b458 (0x00001f17) auipc   t5, 0x1
core   0: 3 0x8000b458 (0x00001f17) x30 0x8000c458
core   0: 0x8000b45c (0xba3f2423) sw      gp, -1112(t5)
core   0: 3 0x8000b45c (0xba3f2423) mem 0x8000c000 0x00000001
core   0: 0x8000b460 (0xff9ff06f) j       pc - 0x8
core   0: 3 0x8000b460 (0xff9ff06f)
core   0: 0x8000b458 (0x00001f17) auipc   t5, 0x1
core   0: 3 0x8000b458 (0x00001f17) x30 0x8000c458
core   0: 0x8000b45c (0xba3f2423) sw      gp, -1112(t5)
core   0: 3 0x8000b45c (0xba3f2423) mem 0x8000c000 0x00000001
core   0: 0x8000b460 (0xff9ff06f) j       pc - 0x8
core   0: 3 0x8000b460 (0xff9ff06f)
core   0: 0x8000b458 (0x00001f17) auipc   t5, 0x1
core   0: 3 0x8000b458 (0x00001f17) x30 0x8000c458
core   0: 0x8000b45c (0xba3f2423) sw      gp, -1112(t5)
core   0: 3 0x8000b45c (0xba3f2423) mem 0x8000c000 0x00000001
core   0: 0x8000b460 (0xff9ff06f) j       pc - 0x8
core   0: 3 0x8000b460 (0xff9ff06f)
core   0: 0x8000b458 (0x00001f17) auipc   t5, 0x1
core   0: 3 0x8000b458 (0x00001f17) x30 0x8000c458
core   0: 0x8000b45c (0xba3f2423) sw      gp, -1112(t5)
core   0: 3 0x8000b45c (0xba3f2423) mem 0x8000c000 0x00000001
core   0: 0x8000b460 (0xff9ff06f) j       pc - 0x8
core   0: 3 0x8000b460 (0xff9ff06f)
core   0: 0x8000b458 (0x00001f17) auipc   t5, 0x1
core   0: 3 0x8000b458 (0x00001f17) x30 0x8000c458
core   0: 0x8000b45c (0xba3f2423) sw      gp, -1112(t5)
core   0: 3 0x8000b45c (0xba3f2423) mem 0x8000c000 0x00000001
core   0: 0x8000b460 (0xff9ff06f) j       pc - 0x8
core   0: 3 0x8000b460 (0xff9ff06f)
core   0: 0x8000b458 (0x00001f17) auipc   t5, 0x1
core   0: 3 0x8000b458 (0x00001f17) x30 0x8000c458
core   0: 0x8000b45c (0xba3f2423) sw      gp, -1112(t5)
core   0: 3 0x8000b45c (0xba3f2423) mem 0x8000c000 0x00000001
core   0: 0x8000b460 (0xff9ff06f) j       pc - 0x8
core   0: 3 0x8000b460 (0xff9ff06f)
core   0: 0x8000b458 (0x00001f17) auipc   t5, 0x1
core   0: 3 0x8000b458 (0x00001f17) x30 0x8000c458
core   0: 0x8000b45c (0xba3f2423) sw      gp, -1112(t5)
core   0: 3 0x8000b45c (0xba3f2423) mem 0x8000c000 0x00000001
core   0: 0x8000b460 (0xff9ff06f) j       pc - 0x8
core   0: 3 0x8000b460 (0xff9ff06f)
core   0: 0x8000b458 (0x00001f17) auipc   t5, 0x1
core   0: 3 0x8000b458 (0x00001f17) x30 0x8000c458
core   0: 0x8000b45c (0xba3f2423) sw      gp, -1112(t5)
core   0: 3 0x8000b45c (0xba3f2423) mem 0x8000c000 0x00000001
core   0: 0x8000b460 (0xff9ff06f) j       pc - 0x8
core   0: 3 0x8000b460 (0xff9ff06f)
core   0: 0x8000b458 (0x00001f17) auipc   t5, 0x1
core   0: 3 0x8000b458 (0x00001f17) x30 0x8000c458
core   0: 0x8000b45c (0xba3f2423) sw      gp, -1112(t5)
core   0: 3 0x8000b45c (0xba3f2423) mem 0x8000c000 0x00000001
core   0: 0x8000b460 (0xff9ff06f) j       pc - 0x8
core   0: 3 0x8000b460 (0xff9ff06f)
core   0: 0x8000b458 (0x00001f17) auipc   t5, 0x1
core   0: 3 0x8000b458 (0x00001f17) x30 0x8000c458
core   0: 0x8000b45c (0xba3f2423) sw      gp, -1112(t5)
core   0: 3 0x8000b45c (0xba3f2423) mem 0x8000c000 0x00000001
core   0: 0x8000b460 (0xff9ff06f) j       pc - 0x8
core   0: 3 0x8000b460 (0xff9ff06f)
core   0: 0x8000b458 (0x00001f17) auipc   t5, 0x1
core   0: 3 0x8000b458 (0x00001f17) x30 0x8000c458
core   0: 0x8000b45c (0xba3f2423) sw      gp, -1112(t5)
core   0: 3 0x8000b45c (0xba3f2423) mem 0x8000c000 0x00000001
core   0: 0x8000b460 (0xff9ff06f) j       pc - 0x8
core   0: 3 0x8000b460 (0xff9ff06f)
core   0: 0x8000b458 (0x00001f17) auipc   t5, 0x1
core   0: 3 0x8000b458 (0x00001f17) x30 0x8000c458
core   0: 0x8000b45c (0xba3f2423) sw      gp, -1112(t5)
core   0: 3 0x8000b45c (0xba3f2423) mem 0x8000c000 0x00000001
core   0: 0x8000b460 (0xff9ff06f) j       pc - 0x8
core   0: 3 0x8000b460 (0xff9ff06f)
core   0: 0x8000b458 (0x00001f17) auipc   t5, 0x1
core   0: 3 0x8000b458 (0x00001f17) x30 0x8000c458
core   0: 0x8000b45c (0xba3f2423) sw      gp, -1112(t5)
core   0: 3 0x8000b45c (0xba3f2423) mem 0x8000c000 0x00000001
core   0: 0x8000b460 (0xff9ff06f) j       pc - 0x8
core   0: 3 0x8000b460 (0xff9ff06f)
core   0: 0x8000b458 (0x00001f17) auipc   t5, 0x1
core   0: 3 0x8000b458 (0x00001f17) x30 0x8000c458
core   0: 0x8000b45c (0xba3f2423) sw      gp, -1112(t5)
core   0: 3 0x8000b45c (0xba3f2423) mem 0x8000c000 0x00000001
core   0: 0x8000b460 (0xff9ff06f) j       pc - 0x8
core   0: 3 0x8000b460 (0xff9ff06f)
core   0: 0x8000b458 (0x00001f17) auipc   t5, 0x1
core   0: 3 0x8000b458 (0x00001f17) x30 0x8000c458
core   0: 0x8000b45c (0xba3f2423) sw      gp, -1112(t5)
core   0: 3 0x8000b45c (0xba3f2423) mem 0x8000c000 0x00000001
core   0: 0x8000b460 (0xff9ff06f) j       pc - 0x8
core   0: 3 0x8000b460 (0xff9ff06f)
core   0: 0x8000b458 (0x00001f17) auipc   t5, 0x1
core   0: 3 0x8000b458 (0x00001f17) x30 0x8000c458
core   0: 0x8000b45c (0xba3f2423) sw      gp, -1112(t5)
core   0: 3 0x8000b45c (0xba3f2423) mem 0x8000c000 0x00000001
core   0: 0x8000b460 (0xff9ff06f) j       pc - 0x8
core   0: 3 0x8000b460 (0xff9ff06f)
core   0: 0x8000b458 (0x00001f17) auipc   t5, 0x1
core   0: 3 0x8000b458 (0x00001f17) x30 0x8000c458
core   0: 0x8000b45c (0xba3f2423) sw      gp, -1112(t5)
core   0: 3 0x8000b45c (0xba3f2423) mem 0x8000c000 0x00000001
core   0: 0x8000b460 (0xff9ff06f) j       pc - 0x8
core   0: 3 0x8000b460 (0xff9ff06f)
core   0: 0x8000b458 (0x00001f17) auipc   t5, 0x1
core   0: 3 0x8000b458 (0x00001f17) x30 0x8000c458
core   0: 0x8000b45c (0xba3f2423) sw      gp, -1112(t5)
core   0: 3 0x8000b45c (0xba3f2423) mem 0x8000c000 0x00000001
core   0: 0x8000b460 (0xff9ff06f) j       pc - 0x8
core   0: 3 0x8000b460 (0xff9ff06f)
core   0: 0x8000b458 (0x00001f17) auipc   t5, 0x1
core   0: 3 0x8000b458 (0x00001f17) x30 0x8000c458
core   0: 0x8000b45c (0xba3f2423) sw      gp, -1112(t5)
core   0: 3 0x8000b45c (0xba3f2423) mem 0x8000c000 0x00000001
core   0: 0x8000b460 (0xff9ff06f) j       pc - 0x8
core   0: 3 0x8000b460 (0xff9ff06f)
core   0: 0x8000b458 (0x00001f17) auipc   t5, 0x1
core   0: 3 0x8000b458 (0x00001f17) x30 0x8000c458
core   0: 0x8000b45c (0xba3f2423) sw      gp, -1112(t5)
core   0: 3 0x8000b45c (0xba3f2423) mem 0x8000c000 0x00000001
core   0: 0x8000b460 (0xff9ff06f) j       pc - 0x8
core   0: 3 0x8000b460 (0xff9ff06f)
core   0: 0x8000b458 (0x00001f17) auipc   t5, 0x1
core   0: 3 0x8000b458 (0x00001f17) x30 0x8000c458
core   0: 0x8000b45c (0xba3f2423) sw      gp, -1112(t5)
core   0: 3 0x8000b45c (0xba3f2423) mem 0x8000c000 0x00000001
core   0: 0x8000b460 (0xff9ff06f) j       pc - 0x8
core   0: 3 0x8000b460 (0xff9ff06f)
core   0: 0x8000b458 (0x00001f17) auipc   t5, 0x1
core   0: 3 0x8000b458 (0x00001f17) x30 0x8000c458
core   0: 0x8000b45c (0xba3f2423) sw      gp, -1112(t5)
core   0: 3 0x8000b45c (0xba3f2423) mem 0x8000c000 0x00000001
core   0: 0x8000b460 (0xff9ff06f) j       pc - 0x8
core   0: 3 0x8000b460 (0xff9ff06f)
core   0: 0x8000b458 (0x00001f17) auipc   t5, 0x1
core   0: 3 0x8000b458 (0x00001f17) x30 0x8000c458
core   0: 0x8000b45c (0xba3f2423) sw      gp, -1112(t5)
core   0: 3 0x8000b45c (0xba3f2423) mem 0x8000c000 0x00000001
core   0: 0x8000b460 (0xff9ff06f) j       pc - 0x8
core   0: 3 0x8000b460 (0xff9ff06f)
core   0: 0x8000b458 (0x00001f17) auipc   t5, 0x1
core   0: 3 0x8000b458 (0x00001f17) x30 0x8000c458
core   0: 0x8000b45c (0xba3f2423) sw      gp, -1112(t5)
core   0: 3 0x8000b45c (0xba3f2423) mem 0x8000c000 0x00000001
core   0: 0x8000b460 (0xff9ff06f) j       pc - 0x8
core   0: 3 0x8000b460 (0xff9ff06f)
core   0: 0x8000b458 (0x00001f17) auipc   t5, 0x1
core   0: 3 0x8000b458 (0x00001f17) x30 0x8000c458
core   0: 0x8000b45c (0xba3f2423) sw      gp, -1112(t5)
core   0: 3 0x8000b45c (0xba3f2423) mem 0x8000c000 0x00000001
core   0: 0x8000b460 (0xff9ff06f) j       pc - 0x8
core   0: 3 0x8000b460 (0xff9ff06f)
core   0: 0x8000b458 (0x00001f17) auipc   t5, 0x1
core   0: 3 0x8000b458 (0x00001f17) x30 0x8000c458
core   0: 0x8000b45c (0xba3f2423) sw      gp, -1112(t5)
core   0: 3 0x8000b45c (0xba3f2423) mem 0x8000c000 0x00000001
core   0: 0x8000b460 (0xff9ff06f) j       pc - 0x8
core   0: 3 0x8000b460 (0xff9ff06f)
core   0: 0x8000b458 (0x00001f17) auipc   t5, 0x1
core   0: 3 0x8000b458 (0x00001f17) x30 0x8000c458
core   0: 0x8000b45c (0xba3f2423) sw      gp, -1112(t5)
core   0: 3 0x8000b45c (0xba3f2423) mem 0x8000c000 0x00000001
core   0: 0x8000b460 (0xff9ff06f) j       pc - 0x8
core   0: 3 0x8000b460 (0xff9ff06f)
core   0: 0x8000b458 (0x00001f17) auipc   t5, 0x1
core   0: 3 0x8000b458 (0x00001f17) x30 0x8000c458
core   0: 0x8000b45c (0xba3f2423) sw      gp, -1112(t5)
core   0: 3 0x8000b45c (0xba3f2423) mem 0x8000c000 0x00000001
core   0: 0x8000b460 (0xff9ff06f) j       pc - 0x8
core   0: 3 0x8000b460 (0xff9ff06f)
core   0: 0x8000b458 (0x00001f17) auipc   t5, 0x1
core   0: 3 0x8000b458 (0x00001f17) x30 0x8000c458
core   0: 0x8000b45c (0xba3f2423) sw      gp, -1112(t5)
core   0: 3 0x8000b45c (0xba3f2423) mem 0x8000c000 0x00000001
core   0: 0x8000b460 (0xff9ff06f) j       pc - 0x8
core   0: 3 0x8000b460 (0xff9ff06f)
core   0: 0x8000b458 (0x00001f17) auipc   t5, 0x1
core   0: 3 0x8000b458 (0x00001f17) x30 0x8000c458
core   0: 0x8000b45c (0xba3f2423) sw      gp, -1112(t5)
core   0: 3 0x8000b45c (0xba3f2423) mem 0x8000c000 0x00000001
core   0: 0x8000b460 (0xff9ff06f) j       pc - 0x8
core   0: 3 0x8000b460 (0xff9ff06f)
core   0: 0x8000b458 (0x00001f17) auipc   t5, 0x1
core   0: 3 0x8000b458 (0x00001f17) x30 0x8000c458
core   0: 0x8000b45c (0xba3f2423) sw      gp, -1112(t5)
core   0: 3 0x8000b45c (0xba3f2423) mem 0x8000c000 0x00000001
core   0: 0x8000b460 (0xff9ff06f) j       pc - 0x8
core   0: 3 0x8000b460 (0xff9ff06f)
core   0: 0x8000b458 (0x00001f17) auipc   t5, 0x1
core   0: 3 0x8000b458 (0x00001f17) x30 0x8000c458
core   0: 0x8000b45c (0xba3f2423) sw      gp, -1112(t5)
core   0: 3 0x8000b45c (0xba3f2423) mem 0x8000c000 0x00000001
core   0: 0x8000b460 (0xff9ff06f) j       pc - 0x8
core   0: 3 0x8000b460 (0xff9ff06f)
core   0: 0x8000b458 (0x00001f17) auipc   t5, 0x1
core   0: 3 0x8000b458 (0x00001f17) x30 0x8000c458
core   0: 0x8000b45c (0xba3f2423) sw      gp, -1112(t5)
core   0: 3 0x8000b45c (0xba3f2423) mem 0x8000c000 0x00000001
core   0: 0x8000b460 (0xff9ff06f) j       pc - 0x8
core   0: 3 0x8000b460 (0xff9ff06f)
core   0: 0x8000b458 (0x00001f17) auipc   t5, 0x1
core   0: 3 0x8000b458 (0x00001f17) x30 0x8000c458
core   0: 0x8000b45c (0xba3f2423) sw      gp, -1112(t5)
core   0: 3 0x8000b45c (0xba3f2423) mem 0x8000c000 0x00000001
core   0: 0x8000b460 (0xff9ff06f) j       pc - 0x8
core   0: 3 0x8000b460 (0xff9ff06f)
core   0: 0x8000b458 (0x00001f17) auipc   t5, 0x1
core   0: 3 0x8000b458 (0x00001f17) x30 0x8000c458
core   0: 0x8000b45c (0xba3f2423) sw      gp, -1112(t5)
core   0: 3 0x8000b45c (0xba3f2423) mem 0x8000c000 0x00000001
core   0: 0x8000b460 (0xff9ff06f) j       pc - 0x8
core   0: 3 0x8000b460 (0xff9ff06f)
core   0: 0x8000b458 (0x00001f17) auipc   t5, 0x1
core   0: 3 0x8000b458 (0x00001f17) x30 0x8000c458
core   0: 0x8000b45c (0xba3f2423) sw      gp, -1112(t5)
core   0: 3 0x8000b45c (0xba3f2423) mem 0x8000c000 0x00000001
core   0: 0x8000b460 (0xff9ff06f) j       pc - 0x8
core   0: 3 0x8000b460 (0xff9ff06f)
core   0: 0x8000b458 (0x00001f17) auipc   t5, 0x1
core   0: 3 0x8000b458 (0x00001f17) x30 0x8000c458
core   0: 0x8000b45c (0xba3f2423) sw      gp, -1112(t5)
core   0: 3 0x8000b45c (0xba3f2423) mem 0x8000c000 0x00000001
core   0: 0x8000b460 (0xff9ff06f) j       pc - 0x8
core   0: 3 0x8000b460 (0xff9ff06f)
core   0: 0x8000b458 (0x00001f17) auipc   t5, 0x1
core   0: 3 0x8000b458 (0x00001f17) x30 0x8000c458
core   0: 0x8000b45c (0xba3f2423) sw      gp, -1112(t5)
core   0: 3 0x8000b45c (0xba3f2423) mem 0x8000c000 0x00000001
core   0: 0x8000b460 (0xff9ff06f) j       pc - 0x8
core   0: 3 0x8000b460 (0xff9ff06f)
core   0: 0x8000b458 (0x00001f17) auipc   t5, 0x1
core   0: 3 0x8000b458 (0x00001f17) x30 0x8000c458
core   0: 0x8000b45c (0xba3f2423) sw      gp, -1112(t5)
core   0: 3 0x8000b45c (0xba3f2423) mem 0x8000c000 0x00000001
core   0: 0x8000b460 (0xff9ff06f) j       pc - 0x8
core   0: 3 0x8000b460 (0xff9ff06f)
core   0: 0x8000b458 (0x00001f17) auipc   t5, 0x1
core   0: 3 0x8000b458 (0x00001f17) x30 0x8000c458
core   0: 0x8000b45c (0xba3f2423) sw      gp, -1112(t5)
core   0: 3 0x8000b45c (0xba3f2423) mem 0x8000c000 0x00000001
core   0: 0x8000b460 (0xff9ff06f) j       pc - 0x8
core   0: 3 0x8000b460 (0xff9ff06f)
core   0: 0x8000b458 (0x00001f17) auipc   t5, 0x1
core   0: 3 0x8000b458 (0x00001f17) x30 0x8000c458
core   0: 0x8000b45c (0xba3f2423) sw      gp, -1112(t5)
core   0: 3 0x8000b45c (0xba3f2423) mem 0x8000c000 0x00000001
core   0: 0x8000b460 (0xff9ff06f) j       pc - 0x8
core   0: 3 0x8000b460 (0xff9ff06f)
core   0: 0x8000b458 (0x00001f17) auipc   t5, 0x1
core   0: 3 0x8000b458 (0x00001f17) x30 0x8000c458
core   0: 0x8000b45c (0xba3f2423) sw      gp, -1112(t5)
core   0: 3 0x8000b45c (0xba3f2423) mem 0x8000c000 0x00000001
core   0: 0x8000b460 (0xff9ff06f) j       pc - 0x8
core   0: 3 0x8000b460 (0xff9ff06f)
core   0: 0x8000b458 (0x00001f17) auipc   t5, 0x1
core   0: 3 0x8000b458 (0x00001f17) x30 0x8000c458
core   0: 0x8000b45c (0xba3f2423) sw      gp, -1112(t5)
core   0: 3 0x8000b45c (0xba3f2423) mem 0x8000c000 0x00000001
core   0: 0x8000b460 (0xff9ff06f) j       pc - 0x8
core   0: 3 0x8000b460 (0xff9ff06f)
core   0: 0x8000b458 (0x00001f17) auipc   t5, 0x1
core   0: 3 0x8000b458 (0x00001f17) x30 0x8000c458
core   0: 0x8000b45c (0xba3f2423) sw      gp, -1112(t5)
core   0: 3 0x8000b45c (0xba3f2423) mem 0x8000c000 0x00000001
core   0: 0x8000b460 (0xff9ff06f) j       pc - 0x8
core   0: 3 0x8000b460 (0xff9ff06f)
core   0: 0x8000b458 (0x00001f17) auipc   t5, 0x1
core   0: 3 0x8000b458 (0x00001f17) x30 0x8000c458
core   0: 0x8000b45c (0xba3f2423) sw      gp, -1112(t5)
core   0: 3 0x8000b45c (0xba3f2423) mem 0x8000c000 0x00000001
core   0: 0x8000b460 (0xff9ff06f) j       pc - 0x8
core   0: 3 0x8000b460 (0xff9ff06f)
core   0: 0x8000b458 (0x00001f17) auipc   t5, 0x1
core   0: 3 0x8000b458 (0x00001f17) x30 0x8000c458
core   0: 0x8000b45c (0xba3f2423) sw      gp, -1112(t5)
core   0: 3 0x8000b45c (0xba3f2423) mem 0x8000c000 0x00000001
core   0: 0x8000b460 (0xff9ff06f) j       pc - 0x8
core   0: 3 0x8000b460 (0xff9ff06f)
core   0: 0x8000b458 (0x00001f17) auipc   t5, 0x1
core   0: 3 0x8000b458 (0x00001f17) x30 0x8000c458
core   0: 0x8000b45c (0xba3f2423) sw      gp, -1112(t5)
core   0: 3 0x8000b45c (0xba3f2423) mem 0x8000c000 0x00000001
core   0: 0x8000b460 (0xff9ff06f) j       pc - 0x8
core   0: 3 0x8000b460 (0xff9ff06f)
core   0: 0x8000b458 (0x00001f17) auipc   t5, 0x1
core   0: 3 0x8000b458 (0x00001f17) x30 0x8000c458
core   0: 0x8000b45c (0xba3f2423) sw      gp, -1112(t5)
core   0: 3 0x8000b45c (0xba3f2423) mem 0x8000c000 0x00000001
core   0: 0x8000b460 (0xff9ff06f) j       pc - 0x8
core   0: 3 0x8000b460 (0xff9ff06f)
core   0: 0x8000b458 (0x00001f17) auipc   t5, 0x1
core   0: 3 0x8000b458 (0x00001f17) x30 0x8000c458
core   0: 0x8000b45c (0xba3f2423) sw      gp, -1112(t5)
core   0: 3 0x8000b45c (0xba3f2423) mem 0x8000c000 0x00000001
core   0: 0x8000b460 (0xff9ff06f) j       pc - 0x8
core   0: 3 0x8000b460 (0xff9ff06f)
core   0: 0x8000b458 (0x00001f17) auipc   t5, 0x1
core   0: 3 0x8000b458 (0x00001f17) x30 0x8000c458
core   0: 0x8000b45c (0xba3f2423) sw      gp, -1112(t5)
core   0: 3 0x8000b45c (0xba3f2423) mem 0x8000c000 0x00000001
core   0: 0x8000b460 (0xff9ff06f) j       pc - 0x8
core   0: 3 0x8000b460 (0xff9ff06f)
core   0: 0x8000b458 (0x00001f17) auipc   t5, 0x1
core   0: 3 0x8000b458 (0x00001f17) x30 0x8000c458
core   0: 0x8000b45c (0xba3f2423) sw      gp, -1112(t5)
core   0: 3 0x8000b45c (0xba3f2423) mem 0x8000c000 0x00000001
core   0: 0x8000b460 (0xff9ff06f) j       pc - 0x8
core   0: 3 0x8000b460 (0xff9ff06f)
core   0: 0x8000b458 (0x00001f17) auipc   t5, 0x1
core   0: 3 0x8000b458 (0x00001f17) x30 0x8000c458
core   0: 0x8000b45c (0xba3f2423) sw      gp, -1112(t5)
core   0: 3 0x8000b45c (0xba3f2423) mem 0x8000c000 0x00000001
core   0: 0x8000b460 (0xff9ff06f) j       pc - 0x8
core   0: 3 0x8000b460 (0xff9ff06f)
core   0: 0x8000b458 (0x00001f17) auipc   t5, 0x1
core   0: 3 0x8000b458 (0x00001f17) x30 0x8000c458
core   0: 0x8000b45c (0xba3f2423) sw      gp, -1112(t5)
core   0: 3 0x8000b45c (0xba3f2423) mem 0x8000c000 0x00000001
core   0: 0x8000b460 (0xff9ff06f) j       pc - 0x8
core   0: 3 0x8000b460 (0xff9ff06f)
core   0: 0x8000b458 (0x00001f17) auipc   t5, 0x1
core   0: 3 0x8000b458 (0x00001f17) x30 0x8000c458
core   0: 0x8000b45c (0xba3f2423) sw      gp, -1112(t5)
core   0: 3 0x8000b45c (0xba3f2423) mem 0x8000c000 0x00000001
core   0: 0x8000b460 (0xff9ff06f) j       pc - 0x8
core   0: 3 0x8000b460 (0xff9ff06f)
core   0: 0x8000b458 (0x00001f17) auipc   t5, 0x1
core   0: 3 0x8000b458 (0x00001f17) x30 0x8000c458
core   0: 0x8000b45c (0xba3f2423) sw      gp, -1112(t5)
core   0: 3 0x8000b45c (0xba3f2423) mem 0x8000c000 0x00000001
core   0: 0x8000b460 (0xff9ff06f) j       pc - 0x8
core   0: 3 0x8000b460 (0xff9ff06f)
core   0: 0x8000b458 (0x00001f17) auipc   t5, 0x1
core   0: 3 0x8000b458 (0x00001f17) x30 0x8000c458
core   0: 0x8000b45c (0xba3f2423) sw      gp, -1112(t5)
core   0: 3 0x8000b45c (0xba3f2423) mem 0x8000c000 0x00000001
core   0: 0x8000b460 (0xff9ff06f) j       pc - 0x8
core   0: 3 0x8000b460 (0xff9ff06f)
core   0: 0x8000b458 (0x00001f17) auipc   t5, 0x1
core   0: 3 0x8000b458 (0x00001f17) x30 0x8000c458
core   0: 0x8000b45c (0xba3f2423) sw      gp, -1112(t5)
core   0: 3 0x8000b45c (0xba3f2423) mem 0x8000c000 0x00000001
core   0: 0x8000b460 (0xff9ff06f) j       pc - 0x8
core   0: 3 0x8000b460 (0xff9ff06f)
core   0: 0x8000b458 (0x00001f17) auipc   t5, 0x1
core   0: 3 0x8000b458 (0x00001f17) x30 0x8000c458
core   0: 0x8000b45c (0xba3f2423) sw      gp, -1112(t5)
core   0: 3 0x8000b45c (0xba3f2423) mem 0x8000c000 0x00000001
core   0: 0x8000b460 (0xff9ff06f) j       pc - 0x8
core   0: 3 0x8000b460 (0xff9ff06f)
core   0: 0x8000b458 (0x00001f17) auipc   t5, 0x1
core   0: 3 0x8000b458 (0x00001f17) x30 0x8000c458
core   0: 0x8000b45c (0xba3f2423) sw      gp, -1112(t5)
core   0: 3 0x8000b45c (0xba3f2423) mem 0x8000c000 0x00000001
core   0: 0x8000b460 (0xff9ff06f) j       pc - 0x8
core   0: 3 0x8000b460 (0xff9ff06f)
core   0: 0x8000b458 (0x00001f17) auipc   t5, 0x1
core   0: 3 0x8000b458 (0x00001f17) x30 0x8000c458
core   0: 0x8000b45c (0xba3f2423) sw      gp, -1112(t5)
core   0: 3 0x8000b45c (0xba3f2423) mem 0x8000c000 0x00000001
core   0: 0x8000b460 (0xff9ff06f) j       pc - 0x8
core   0: 3 0x8000b460 (0xff9ff06f)
core   0: 0x8000b458 (0x00001f17) auipc   t5, 0x1
core   0: 3 0x8000b458 (0x00001f17) x30 0x8000c458
core   0: 0x8000b45c (0xba3f2423) sw      gp, -1112(t5)
core   0: 3 0x8000b45c (0xba3f2423) mem 0x8000c000 0x00000001
core   0: 0x8000b460 (0xff9ff06f) j       pc - 0x8
core   0: 3 0x8000b460 (0xff9ff06f)
core   0: 0x8000b458 (0x00001f17) auipc   t5, 0x1
core   0: 3 0x8000b458 (0x00001f17) x30 0x8000c458
core   0: 0x8000b45c (0xba3f2423) sw      gp, -1112(t5)
core   0: 3 0x8000b45c (0xba3f2423) mem 0x8000c000 0x00000001
core   0: 0x8000b460 (0xff9ff06f) j       pc - 0x8
core   0: 3 0x8000b460 (0xff9ff06f)
core   0: 0x8000b458 (0x00001f17) auipc   t5, 0x1
core   0: 3 0x8000b458 (0x00001f17) x30 0x8000c458
core   0: 0x8000b45c (0xba3f2423) sw      gp, -1112(t5)
core   0: 3 0x8000b45c (0xba3f2423) mem 0x8000c000 0x00000001
core   0: 0x8000b460 (0xff9ff06f) j       pc - 0x8
core   0: 3 0x8000b460 (0xff9ff06f)
core   0: 0x8000b458 (0x00001f17) auipc   t5, 0x1
core   0: 3 0x8000b458 (0x00001f17) x30 0x8000c458
core   0: 0x8000b45c (0xba3f2423) sw      gp, -1112(t5)
core   0: 3 0x8000b45c (0xba3f2423) mem 0x8000c000 0x00000001
core   0: 0x8000b460 (0xff9ff06f) j       pc - 0x8
core   0: 3 0x8000b460 (0xff9ff06f)
core   0: 0x8000b458 (0x00001f17) auipc   t5, 0x1
core   0: 3 0x8000b458 (0x00001f17) x30 0x8000c458
core   0: 0x8000b45c (0xba3f2423) sw      gp, -1112(t5)
core   0: 3 0x8000b45c (0xba3f2423) mem 0x8000c000 0x00000001
core   0: 0x8000b460 (0xff9ff06f) j       pc - 0x8
core   0: 3 0x8000b460 (0xff9ff06f)
core   0: 0x8000b458 (0x00001f17) auipc   t5, 0x1
core   0: 3 0x8000b458 (0x00001f17) x30 0x8000c458
core   0: 0x8000b45c (0xba3f2423) sw      gp, -1112(t5)
core   0: 3 0x8000b45c (0xba3f2423) mem 0x8000c000 0x00000001
core   0: 0x8000b460 (0xff9ff06f) j       pc - 0x8
core   0: 3 0x8000b460 (0xff9ff06f)
core   0: 0x8000b458 (0x00001f17) auipc   t5, 0x1
core   0: 3 0x8000b458 (0x00001f17) x30 0x8000c458
core   0: 0x8000b45c (0xba3f2423) sw      gp, -1112(t5)
core   0: 3 0x8000b45c (0xba3f2423) mem 0x8000c000 0x00000001
core   0: 0x8000b460 (0xff9ff06f) j       pc - 0x8
core   0: 3 0x8000b460 (0xff9ff06f)
core   0: 0x8000b458 (0x00001f17) auipc   t5, 0x1
core   0: 3 0x8000b458 (0x00001f17) x30 0x8000c458
core   0: 0x8000b45c (0xba3f2423) sw      gp, -1112(t5)
core   0: 3 0x8000b45c (0xba3f2423) mem 0x8000c000 0x00000001
core   0: 0x8000b460 (0xff9ff06f) j       pc - 0x8
core   0: 3 0x8000b460 (0xff9ff06f)
core   0: 0x8000b458 (0x00001f17) auipc   t5, 0x1
core   0: 3 0x8000b458 (0x00001f17) x30 0x8000c458
core   0: 0x8000b45c (0xba3f2423) sw      gp, -1112(t5)
core   0: 3 0x8000b45c (0xba3f2423) mem 0x8000c000 0x00000001
core   0: 0x8000b460 (0xff9ff06f) j       pc - 0x8
core   0: 3 0x8000b460 (0xff9ff06f)
core   0: 0x8000b458 (0x00001f17) auipc   t5, 0x1
core   0: 3 0x8000b458 (0x00001f17) x30 0x8000c458
core   0: 0x8000b45c (0xba3f2423) sw      gp, -1112(t5)
core   0: 3 0x8000b45c (0xba3f2423) mem 0x8000c000 0x00000001
core   0: 0x8000b460 (0xff9ff06f) j       pc - 0x8
core   0: 3 0x8000b460 (0xff9ff06f)
core   0: 0x8000b458 (0x00001f17) auipc   t5, 0x1
core   0: 3 0x8000b458 (0x00001f17) x30 0x8000c458
core   0: 0x8000b45c (0xba3f2423) sw      gp, -1112(t5)
core   0: 3 0x8000b45c (0xba3f2423) mem 0x8000c000 0x00000001
core   0: 0x8000b460 (0xff9ff06f) j       pc - 0x8
core   0: 3 0x8000b460 (0xff9ff06f)
core   0: 0x8000b458 (0x00001f17) auipc   t5, 0x1
core   0: 3 0x8000b458 (0x00001f17) x30 0x8000c458
core   0: 0x8000b45c (0xba3f2423) sw      gp, -1112(t5)
core   0: 3 0x8000b45c (0xba3f2423) mem 0x8000c000 0x00000001
core   0: 0x8000b460 (0xff9ff06f) j       pc - 0x8
core   0: 3 0x8000b460 (0xff9ff06f)
core   0: 0x8000b458 (0x00001f17) auipc   t5, 0x1
core   0: 3 0x8000b458 (0x00001f17) x30 0x8000c458
core   0: 0x8000b45c (0xba3f2423) sw      gp, -1112(t5)
core   0: 3 0x8000b45c (0xba3f2423) mem 0x8000c000 0x00000001
core   0: 0x8000b460 (0xff9ff06f) j       pc - 0x8
core   0: 3 0x8000b460 (0xff9ff06f)
core   0: 0x8000b458 (0x00001f17) auipc   t5, 0x1
core   0: 3 0x8000b458 (0x00001f17) x30 0x8000c458
core   0: 0x8000b45c (0xba3f2423) sw      gp, -1112(t5)
core   0: 3 0x8000b45c (0xba3f2423) mem 0x8000c000 0x00000001
core   0: 0x8000b460 (0xff9ff06f) j       pc - 0x8
core   0: 3 0x8000b460 (0xff9ff06f)
core   0: 0x8000b458 (0x00001f17) auipc   t5, 0x1
core   0: 3 0x8000b458 (0x00001f17) x30 0x8000c458
core   0: 0x8000b45c (0xba3f2423) sw      gp, -1112(t5)
core   0: 3 0x8000b45c (0xba3f2423) mem 0x8000c000 0x00000001
core   0: 0x8000b460 (0xff9ff06f) j       pc - 0x8
core   0: 3 0x8000b460 (0xff9ff06f)
core   0: 0x8000b458 (0x00001f17) auipc   t5, 0x1
core   0: 3 0x8000b458 (0x00001f17) x30 0x8000c458
core   0: 0x8000b45c (0xba3f2423) sw      gp, -1112(t5)
core   0: 3 0x8000b45c (0xba3f2423) mem 0x8000c000 0x00000001
core   0: 0x8000b460 (0xff9ff06f) j       pc - 0x8
core   0: 3 0x8000b460 (0xff9ff06f)
core   0: 0x8000b458 (0x00001f17) auipc   t5, 0x1
core   0: 3 0x8000b458 (0x00001f17) x30 0x8000c458
core   0: 0x8000b45c (0xba3f2423) sw      gp, -1112(t5)
core   0: 3 0x8000b45c (0xba3f2423) mem 0x8000c000 0x00000001
core   0: 0x8000b460 (0xff9ff06f) j       pc - 0x8
core   0: 3 0x8000b460 (0xff9ff06f)
core   0: 0x8000b458 (0x00001f17) auipc   t5, 0x1
core   0: 3 0x8000b458 (0x00001f17) x30 0x8000c458
core   0: 0x8000b45c (0xba3f2423) sw      gp, -1112(t5)
core   0: 3 0x8000b45c (0xba3f2423) mem 0x8000c000 0x00000001
core   0: 0x8000b460 (0xff9ff06f) j       pc - 0x8
core   0: 3 0x8000b460 (0xff9ff06f)
core   0: 0x8000b458 (0x00001f17) auipc   t5, 0x1
core   0: 3 0x8000b458 (0x00001f17) x30 0x8000c458
core   0: 0x8000b45c (0xba3f2423) sw      gp, -1112(t5)
core   0: 3 0x8000b45c (0xba3f2423) mem 0x8000c000 0x00000001
core   0: 0x8000b460 (0xff9ff06f) j       pc - 0x8
core   0: 3 0x8000b460 (0xff9ff06f)
core   0: 0x8000b458 (0x00001f17) auipc   t5, 0x1
core   0: 3 0x8000b458 (0x00001f17) x30 0x8000c458
core   0: 0x8000b45c (0xba3f2423) sw      gp, -1112(t5)
core   0: 3 0x8000b45c (0xba3f2423) mem 0x8000c000 0x00000001
core   0: 0x8000b460 (0xff9ff06f) j       pc - 0x8
core   0: 3 0x8000b460 (0xff9ff06f)
core   0: 0x8000b458 (0x00001f17) auipc   t5, 0x1
core   0: 3 0x8000b458 (0x00001f17) x30 0x8000c458
core   0: 0x8000b45c (0xba3f2423) sw      gp, -1112(t5)
core   0: 3 0x8000b45c (0xba3f2423) mem 0x8000c000 0x00000001
core   0: 0x8000b460 (0xff9ff06f) j       pc - 0x8
core   0: 3 0x8000b460 (0xff9ff06f)
core   0: 0x8000b458 (0x00001f17) auipc   t5, 0x1
core   0: 3 0x8000b458 (0x00001f17) x30 0x8000c458
core   0: 0x8000b45c (0xba3f2423) sw      gp, -1112(t5)
core   0: 3 0x8000b45c (0xba3f2423) mem 0x8000c000 0x00000001
core   0: 0x8000b460 (0xff9ff06f) j       pc - 0x8
core   0: 3 0x8000b460 (0xff9ff06f)
core   0: 0x8000b458 (0x00001f17) auipc   t5, 0x1
core   0: 3 0x8000b458 (0x00001f17) x30 0x8000c458
core   0: 0x8000b45c (0xba3f2423) sw      gp, -1112(t5)
core   0: 3 0x8000b45c (0xba3f2423) mem 0x8000c000 0x00000001
core   0: 0x8000b460 (0xff9ff06f) j       pc - 0x8
core   0: 3 0x8000b460 (0xff9ff06f)
core   0: 0x8000b458 (0x00001f17) auipc   t5, 0x1
core   0: 3 0x8000b458 (0x00001f17) x30 0x8000c458
core   0: 0x8000b45c (0xba3f2423) sw      gp, -1112(t5)
core   0: 3 0x8000b45c (0xba3f2423) mem 0x8000c000 0x00000001
core   0: 0x8000b460 (0xff9ff06f) j       pc - 0x8
core   0: 3 0x8000b460 (0xff9ff06f)
core   0: 0x8000b458 (0x00001f17) auipc   t5, 0x1
core   0: 3 0x8000b458 (0x00001f17) x30 0x8000c458
core   0: 0x8000b45c (0xba3f2423) sw      gp, -1112(t5)
core   0: 3 0x8000b45c (0xba3f2423) mem 0x8000c000 0x00000001
core   0: 0x8000b460 (0xff9ff06f) j       pc - 0x8
core   0: 3 0x8000b460 (0xff9ff06f)
core   0: 0x8000b458 (0x00001f17) auipc   t5, 0x1
core   0: 3 0x8000b458 (0x00001f17) x30 0x8000c458
core   0: 0x8000b45c (0xba3f2423) sw      gp, -1112(t5)
core   0: 3 0x8000b45c (0xba3f2423) mem 0x8000c000 0x00000001
core   0: 0x8000b460 (0xff9ff06f) j       pc - 0x8
core   0: 3 0x8000b460 (0xff9ff06f)
core   0: 0x8000b458 (0x00001f17) auipc   t5, 0x1
core   0: 3 0x8000b458 (0x00001f17) x30 0x8000c458
core   0: 0x8000b45c (0xba3f2423) sw      gp, -1112(t5)
core   0: 3 0x8000b45c (0xba3f2423) mem 0x8000c000 0x00000001
core   0: 0x8000b460 (0xff9ff06f) j       pc - 0x8
core   0: 3 0x8000b460 (0xff9ff06f)
core   0: 0x8000b458 (0x00001f17) auipc   t5, 0x1
core   0: 3 0x8000b458 (0x00001f17) x30 0x8000c458
core   0: 0x8000b45c (0xba3f2423) sw      gp, -1112(t5)
core   0: 3 0x8000b45c (0xba3f2423) mem 0x8000c000 0x00000001
core   0: 0x8000b460 (0xff9ff06f) j       pc - 0x8
core   0: 3 0x8000b460 (0xff9ff06f)
core   0: 0x8000b458 (0x00001f17) auipc   t5, 0x1
core   0: 3 0x8000b458 (0x00001f17) x30 0x8000c458
core   0: 0x8000b45c (0xba3f2423) sw      gp, -1112(t5)
core   0: 3 0x8000b45c (0xba3f2423) mem 0x8000c000 0x00000001
core   0: 0x8000b460 (0xff9ff06f) j       pc - 0x8
core   0: 3 0x8000b460 (0xff9ff06f)
core   0: 0x8000b458 (0x00001f17) auipc   t5, 0x1
core   0: 3 0x8000b458 (0x00001f17) x30 0x8000c458
core   0: 0x8000b45c (0xba3f2423) sw      gp, -1112(t5)
core   0: 3 0x8000b45c (0xba3f2423) mem 0x8000c000 0x00000001
core   0: 0x8000b460 (0xff9ff06f) j       pc - 0x8
core   0: 3 0x8000b460 (0xff9ff06f)
core   0: 0x8000b458 (0x00001f17) auipc   t5, 0x1
core   0: 3 0x8000b458 (0x00001f17) x30 0x8000c458
core   0: 0x8000b45c (0xba3f2423) sw      gp, -1112(t5)
core   0: 3 0x8000b45c (0xba3f2423) mem 0x8000c000 0x00000001
core   0: 0x8000b460 (0xff9ff06f) j       pc - 0x8
core   0: 3 0x8000b460 (0xff9ff06f)
core   0: 0x8000b458 (0x00001f17) auipc   t5, 0x1
core   0: 3 0x8000b458 (0x00001f17) x30 0x8000c458
core   0: 0x8000b45c (0xba3f2423) sw      gp, -1112(t5)
core   0: 3 0x8000b45c (0xba3f2423) mem 0x8000c000 0x00000001
core   0: 0x8000b460 (0xff9ff06f) j       pc - 0x8
core   0: 3 0x8000b460 (0xff9ff06f)
core   0: 0x8000b458 (0x00001f17) auipc   t5, 0x1
core   0: 3 0x8000b458 (0x00001f17) x30 0x8000c458
core   0: 0x8000b45c (0xba3f2423) sw      gp, -1112(t5)
core   0: 3 0x8000b45c (0xba3f2423) mem 0x8000c000 0x00000001
core   0: 0x8000b460 (0xff9ff06f) j       pc - 0x8
core   0: 3 0x8000b460 (0xff9ff06f)
core   0: 0x8000b458 (0x00001f17) auipc   t5, 0x1
core   0: 3 0x8000b458 (0x00001f17) x30 0x8000c458
core   0: 0x8000b45c (0xba3f2423) sw      gp, -1112(t5)
core   0: 3 0x8000b45c (0xba3f2423) mem 0x8000c000 0x00000001
core   0: 0x8000b460 (0xff9ff06f) j       pc - 0x8
core   0: 3 0x8000b460 (0xff9ff06f)
core   0: 0x8000b458 (0x00001f17) auipc   t5, 0x1
core   0: 3 0x8000b458 (0x00001f17) x30 0x8000c458
core   0: 0x8000b45c (0xba3f2423) sw      gp, -1112(t5)
core   0: 3 0x8000b45c (0xba3f2423) mem 0x8000c000 0x00000001
core   0: 0x8000b460 (0xff9ff06f) j       pc - 0x8
core   0: 3 0x8000b460 (0xff9ff06f)
core   0: 0x8000b458 (0x00001f17) auipc   t5, 0x1
core   0: 3 0x8000b458 (0x00001f17) x30 0x8000c458
core   0: 0x8000b45c (0xba3f2423) sw      gp, -1112(t5)
core   0: 3 0x8000b45c (0xba3f2423) mem 0x8000c000 0x00000001
core   0: 0x8000b460 (0xff9ff06f) j       pc - 0x8
core   0: 3 0x8000b460 (0xff9ff06f)
core   0: 0x8000b458 (0x00001f17) auipc   t5, 0x1
core   0: 3 0x8000b458 (0x00001f17) x30 0x8000c458
core   0: 0x8000b45c (0xba3f2423) sw      gp, -1112(t5)
core   0: 3 0x8000b45c (0xba3f2423) mem 0x8000c000 0x00000001
core   0: 0x8000b460 (0xff9ff06f) j       pc - 0x8
core   0: 3 0x8000b460 (0xff9ff06f)
core   0: 0x8000b458 (0x00001f17) auipc   t5, 0x1
core   0: 3 0x8000b458 (0x00001f17) x30 0x8000c458
core   0: 0x8000b45c (0xba3f2423) sw      gp, -1112(t5)
core   0: 3 0x8000b45c (0xba3f2423) mem 0x8000c000 0x00000001
core   0: 0x8000b460 (0xff9ff06f) j       pc - 0x8
core   0: 3 0x8000b460 (0xff9ff06f)
core   0: 0x8000b458 (0x00001f17) auipc   t5, 0x1
core   0: 3 0x8000b458 (0x00001f17) x30 0x8000c458
core   0: 0x8000b45c (0xba3f2423) sw      gp, -1112(t5)
core   0: 3 0x8000b45c (0xba3f2423) mem 0x8000c000 0x00000001
core   0: 0x8000b460 (0xff9ff06f) j       pc - 0x8
core   0: 3 0x8000b460 (0xff9ff06f)
core   0: 0x8000b458 (0x00001f17) auipc   t5, 0x1
core   0: 3 0x8000b458 (0x00001f17) x30 0x8000c458
core   0: 0x8000b45c (0xba3f2423) sw      gp, -1112(t5)
core   0: 3 0x8000b45c (0xba3f2423) mem 0x8000c000 0x00000001
core   0: 0x8000b460 (0xff9ff06f) j       pc - 0x8
core   0: 3 0x8000b460 (0xff9ff06f)
core   0: 0x8000b458 (0x00001f17) auipc   t5, 0x1
core   0: 3 0x8000b458 (0x00001f17) x30 0x8000c458
core   0: 0x8000b45c (0xba3f2423) sw      gp, -1112(t5)
core   0: 3 0x8000b45c (0xba3f2423) mem 0x8000c000 0x00000001
core   0: 0x8000b460 (0xff9ff06f) j       pc - 0x8
core   0: 3 0x8000b460 (0xff9ff06f)
core   0: 0x8000b458 (0x00001f17) auipc   t5, 0x1
core   0: 3 0x8000b458 (0x00001f17) x30 0x8000c458
core   0: 0x8000b45c (0xba3f2423) sw      gp, -1112(t5)
core   0: 3 0x8000b45c (0xba3f2423) mem 0x8000c000 0x00000001
core   0: 0x8000b460 (0xff9ff06f) j       pc - 0x8
core   0: 3 0x8000b460 (0xff9ff06f)
core   0: 0x8000b458 (0x00001f17) auipc   t5, 0x1
core   0: 3 0x8000b458 (0x00001f17) x30 0x8000c458
core   0: 0x8000b45c (0xba3f2423) sw      gp, -1112(t5)
core   0: 3 0x8000b45c (0xba3f2423) mem 0x8000c000 0x00000001
core   0: 0x8000b460 (0xff9ff06f) j       pc - 0x8
core   0: 3 0x8000b460 (0xff9ff06f)
core   0: 0x8000b458 (0x00001f17) auipc   t5, 0x1
core   0: 3 0x8000b458 (0x00001f17) x30 0x8000c458
core   0: 0x8000b45c (0xba3f2423) sw      gp, -1112(t5)
core   0: 3 0x8000b45c (0xba3f2423) mem 0x8000c000 0x00000001
core   0: 0x8000b460 (0xff9ff06f) j       pc - 0x8
core   0: 3 0x8000b460 (0xff9ff06f)
core   0: 0x8000b458 (0x00001f17) auipc   t5, 0x1
core   0: 3 0x8000b458 (0x00001f17) x30 0x8000c458
core   0: 0x8000b45c (0xba3f2423) sw      gp, -1112(t5)
core   0: 3 0x8000b45c (0xba3f2423) mem 0x8000c000 0x00000001
core   0: 0x8000b460 (0xff9ff06f) j       pc - 0x8
core   0: 3 0x8000b460 (0xff9ff06f)
core   0: 0x8000b458 (0x00001f17) auipc   t5, 0x1
core   0: 3 0x8000b458 (0x00001f17) x30 0x8000c458
core   0: 0x8000b45c (0xba3f2423) sw      gp, -1112(t5)
core   0: 3 0x8000b45c (0xba3f2423) mem 0x8000c000 0x00000001
core   0: 0x8000b460 (0xff9ff06f) j       pc - 0x8
core   0: 3 0x8000b460 (0xff9ff06f)
core   0: 0x8000b458 (0x00001f17) auipc   t5, 0x1
core   0: 3 0x8000b458 (0x00001f17) x30 0x8000c458
core   0: 0x8000b45c (0xba3f2423) sw      gp, -1112(t5)
core   0: 3 0x8000b45c (0xba3f2423) mem 0x8000c000 0x00000001
core   0: 0x8000b460 (0xff9ff06f) j       pc - 0x8
core   0: 3 0x8000b460 (0xff9ff06f)
core   0: 0x8000b458 (0x00001f17) auipc   t5, 0x1
core   0: 3 0x8000b458 (0x00001f17) x30 0x8000c458
core   0: 0x8000b45c (0xba3f2423) sw      gp, -1112(t5)
core   0: 3 0x8000b45c (0xba3f2423) mem 0x8000c000 0x00000001
core   0: 0x8000b460 (0xff9ff06f) j       pc - 0x8
core   0: 3 0x8000b460 (0xff9ff06f)
core   0: 0x8000b458 (0x00001f17) auipc   t5, 0x1
core   0: 3 0x8000b458 (0x00001f17) x30 0x8000c458
core   0: 0x8000b45c (0xba3f2423) sw      gp, -1112(t5)
core   0: 3 0x8000b45c (0xba3f2423) mem 0x8000c000 0x00000001
core   0: 0x8000b460 (0xff9ff06f) j       pc - 0x8
core   0: 3 0x8000b460 (0xff9ff06f)
core   0: 0x8000b458 (0x00001f17) auipc   t5, 0x1
core   0: 3 0x8000b458 (0x00001f17) x30 0x8000c458
core   0: 0x8000b45c (0xba3f2423) sw      gp, -1112(t5)
core   0: 3 0x8000b45c (0xba3f2423) mem 0x8000c000 0x00000001
core   0: 0x8000b460 (0xff9ff06f) j       pc - 0x8
core   0: 3 0x8000b460 (0xff9ff06f)
core   0: 0x8000b458 (0x00001f17) auipc   t5, 0x1
core   0: 3 0x8000b458 (0x00001f17) x30 0x8000c458
core   0: 0x8000b45c (0xba3f2423) sw      gp, -1112(t5)
core   0: 3 0x8000b45c (0xba3f2423) mem 0x8000c000 0x00000001
core   0: 0x8000b460 (0xff9ff06f) j       pc - 0x8
core   0: 3 0x8000b460 (0xff9ff06f)
core   0: 0x8000b458 (0x00001f17) auipc   t5, 0x1
core   0: 3 0x8000b458 (0x00001f17) x30 0x8000c458
core   0: 0x8000b45c (0xba3f2423) sw      gp, -1112(t5)
core   0: 3 0x8000b45c (0xba3f2423) mem 0x8000c000 0x00000001
core   0: 0x8000b460 (0xff9ff06f) j       pc - 0x8
core   0: 3 0x8000b460 (0xff9ff06f)
core   0: 0x8000b458 (0x00001f17) auipc   t5, 0x1
core   0: 3 0x8000b458 (0x00001f17) x30 0x8000c458
core   0: 0x8000b45c (0xba3f2423) sw      gp, -1112(t5)
core   0: 3 0x8000b45c (0xba3f2423) mem 0x8000c000 0x00000001
core   0: 0x8000b460 (0xff9ff06f) j       pc - 0x8
core   0: 3 0x8000b460 (0xff9ff06f)
core   0: 0x8000b458 (0x00001f17) auipc   t5, 0x1
core   0: 3 0x8000b458 (0x00001f17) x30 0x8000c458
core   0: 0x8000b45c (0xba3f2423) sw      gp, -1112(t5)
core   0: 3 0x8000b45c (0xba3f2423) mem 0x8000c000 0x00000001
core   0: 0x8000b460 (0xff9ff06f) j       pc - 0x8
core   0: 3 0x8000b460 (0xff9ff06f)
core   0: 0x8000b458 (0x00001f17) auipc   t5, 0x1
core   0: 3 0x8000b458 (0x00001f17) x30 0x8000c458
core   0: 0x8000b45c (0xba3f2423) sw      gp, -1112(t5)
core   0: 3 0x8000b45c (0xba3f2423) mem 0x8000c000 0x00000001
core   0: 0x8000b460 (0xff9ff06f) j       pc - 0x8
core   0: 3 0x8000b460 (0xff9ff06f)
core   0: 0x8000b458 (0x00001f17) auipc   t5, 0x1
core   0: 3 0x8000b458 (0x00001f17) x30 0x8000c458
core   0: 0x8000b45c (0xba3f2423) sw      gp, -1112(t5)
core   0: 3 0x8000b45c (0xba3f2423) mem 0x8000c000 0x00000001
core   0: 0x8000b460 (0xff9ff06f) j       pc - 0x8
core   0: 3 0x8000b460 (0xff9ff06f)
core   0: 0x8000b458 (0x00001f17) auipc   t5, 0x1
core   0: 3 0x8000b458 (0x00001f17) x30 0x8000c458
core   0: 0x8000b45c (0xba3f2423) sw      gp, -1112(t5)
core   0: 3 0x8000b45c (0xba3f2423) mem 0x8000c000 0x00000001
core   0: 0x8000b460 (0xff9ff06f) j       pc - 0x8
core   0: 3 0x8000b460 (0xff9ff06f)
core   0: 0x8000b458 (0x00001f17) auipc   t5, 0x1
core   0: 3 0x8000b458 (0x00001f17) x30 0x8000c458
core   0: 0x8000b45c (0xba3f2423) sw      gp, -1112(t5)
core   0: 3 0x8000b45c (0xba3f2423) mem 0x8000c000 0x00000001
core   0: 0x8000b460 (0xff9ff06f) j       pc - 0x8
core   0: 3 0x8000b460 (0xff9ff06f)
core   0: 0x8000b458 (0x00001f17) auipc   t5, 0x1
core   0: 3 0x8000b458 (0x00001f17) x30 0x8000c458
core   0: 0x8000b45c (0xba3f2423) sw      gp, -1112(t5)
core   0: 3 0x8000b45c (0xba3f2423) mem 0x8000c000 0x00000001
core   0: 0x8000b460 (0xff9ff06f) j       pc - 0x8
core   0: 3 0x8000b460 (0xff9ff06f)
core   0: 0x8000b458 (0x00001f17) auipc   t5, 0x1
core   0: 3 0x8000b458 (0x00001f17) x30 0x8000c458
core   0: 0x8000b45c (0xba3f2423) sw      gp, -1112(t5)
core   0: 3 0x8000b45c (0xba3f2423) mem 0x8000c000 0x00000001
core   0: 0x8000b460 (0xff9ff06f) j       pc - 0x8
core   0: 3 0x8000b460 (0xff9ff06f)
core   0: 0x8000b458 (0x00001f17) auipc   t5, 0x1
core   0: 3 0x8000b458 (0x00001f17) x30 0x8000c458
core   0: 0x8000b45c (0xba3f2423) sw      gp, -1112(t5)
core   0: 3 0x8000b45c (0xba3f2423) mem 0x8000c000 0x00000001
core   0: 0x8000b460 (0xff9ff06f) j       pc - 0x8
core   0: 3 0x8000b460 (0xff9ff06f)
core   0: 0x8000b458 (0x00001f17) auipc   t5, 0x1
core   0: 3 0x8000b458 (0x00001f17) x30 0x8000c458
core   0: 0x8000b45c (0xba3f2423) sw      gp, -1112(t5)
core   0: 3 0x8000b45c (0xba3f2423) mem 0x8000c000 0x00000001
core   0: 0x8000b460 (0xff9ff06f) j       pc - 0x8
core   0: 3 0x8000b460 (0xff9ff06f)
core   0: 0x8000b458 (0x00001f17) auipc   t5, 0x1
core   0: 3 0x8000b458 (0x00001f17) x30 0x8000c458
core   0: 0x8000b45c (0xba3f2423) sw      gp, -1112(t5)
core   0: 3 0x8000b45c (0xba3f2423) mem 0x8000c000 0x00000001
core   0: 0x8000b460 (0xff9ff06f) j       pc - 0x8
core   0: 3 0x8000b460 (0xff9ff06f)
core   0: 0x8000b458 (0x00001f17) auipc   t5, 0x1
core   0: 3 0x8000b458 (0x00001f17) x30 0x8000c458
core   0: 0x8000b45c (0xba3f2423) sw      gp, -1112(t5)
core   0: 3 0x8000b45c (0xba3f2423) mem 0x8000c000 0x00000001
core   0: 0x8000b460 (0xff9ff06f) j       pc - 0x8
core   0: 3 0x8000b460 (0xff9ff06f)
core   0: 0x8000b458 (0x00001f17) auipc   t5, 0x1
core   0: 3 0x8000b458 (0x00001f17) x30 0x8000c458
core   0: 0x8000b45c (0xba3f2423) sw      gp, -1112(t5)
core   0: 3 0x8000b45c (0xba3f2423) mem 0x8000c000 0x00000001
core   0: 0x8000b460 (0xff9ff06f) j       pc - 0x8
core   0: 3 0x8000b460 (0xff9ff06f)
core   0: 0x8000b458 (0x00001f17) auipc   t5, 0x1
core   0: 3 0x8000b458 (0x00001f17) x30 0x8000c458
core   0: 0x8000b45c (0xba3f2423) sw      gp, -1112(t5)
core   0: 3 0x8000b45c (0xba3f2423) mem 0x8000c000 0x00000001
core   0: 0x8000b460 (0xff9ff06f) j       pc - 0x8
core   0: 3 0x8000b460 (0xff9ff06f)
core   0: 0x8000b458 (0x00001f17) auipc   t5, 0x1
core   0: 3 0x8000b458 (0x00001f17) x30 0x8000c458
core   0: 0x8000b45c (0xba3f2423) sw      gp, -1112(t5)
core   0: 3 0x8000b45c (0xba3f2423) mem 0x8000c000 0x00000001
core   0: 0x8000b460 (0xff9ff06f) j       pc - 0x8
core   0: 3 0x8000b460 (0xff9ff06f)
core   0: 0x8000b458 (0x00001f17) auipc   t5, 0x1
core   0: 3 0x8000b458 (0x00001f17) x30 0x8000c458
core   0: 0x8000b45c (0xba3f2423) sw      gp, -1112(t5)
core   0: 3 0x8000b45c (0xba3f2423) mem 0x8000c000 0x00000001
core   0: 0x8000b460 (0xff9ff06f) j       pc - 0x8
core   0: 3 0x8000b460 (0xff9ff06f)
core   0: 0x8000b458 (0x00001f17) auipc   t5, 0x1
core   0: 3 0x8000b458 (0x00001f17) x30 0x8000c458
core   0: 0x8000b45c (0xba3f2423) sw      gp, -1112(t5)
core   0: 3 0x8000b45c (0xba3f2423) mem 0x8000c000 0x00000001
core   0: 0x8000b460 (0xff9ff06f) j       pc - 0x8
core   0: 3 0x8000b460 (0xff9ff06f)
core   0: 0x8000b458 (0x00001f17) auipc   t5, 0x1
core   0: 3 0x8000b458 (0x00001f17) x30 0x8000c458
core   0: 0x8000b45c (0xba3f2423) sw      gp, -1112(t5)
core   0: 3 0x8000b45c (0xba3f2423) mem 0x8000c000 0x00000001
core   0: 0x8000b460 (0xff9ff06f) j       pc - 0x8
core   0: 3 0x8000b460 (0xff9ff06f)
core   0: 0x8000b458 (0x00001f17) auipc   t5, 0x1
core   0: 3 0x8000b458 (0x00001f17) x30 0x8000c458
core   0: 0x8000b45c (0xba3f2423) sw      gp, -1112(t5)
core   0: 3 0x8000b45c (0xba3f2423) mem 0x8000c000 0x00000001
core   0: 0x8000b460 (0xff9ff06f) j       pc - 0x8
core   0: 3 0x8000b460 (0xff9ff06f)
core   0: 0x8000b458 (0x00001f17) auipc   t5, 0x1
core   0: 3 0x8000b458 (0x00001f17) x30 0x8000c458
core   0: 0x8000b45c (0xba3f2423) sw      gp, -1112(t5)
core   0: 3 0x8000b45c (0xba3f2423) mem 0x8000c000 0x00000001
core   0: 0x8000b460 (0xff9ff06f) j       pc - 0x8
core   0: 3 0x8000b460 (0xff9ff06f)
core   0: 0x8000b458 (0x00001f17) auipc   t5, 0x1
core   0: 3 0x8000b458 (0x00001f17) x30 0x8000c458
core   0: 0x8000b45c (0xba3f2423) sw      gp, -1112(t5)
core   0: 3 0x8000b45c (0xba3f2423) mem 0x8000c000 0x00000001
core   0: 0x8000b460 (0xff9ff06f) j       pc - 0x8
core   0: 3 0x8000b460 (0xff9ff06f)
core   0: 0x8000b458 (0x00001f17) auipc   t5, 0x1
core   0: 3 0x8000b458 (0x00001f17) x30 0x8000c458
core   0: 0x8000b45c (0xba3f2423) sw      gp, -1112(t5)
core   0: 3 0x8000b45c (0xba3f2423) mem 0x8000c000 0x00000001
core   0: 0x8000b460 (0xff9ff06f) j       pc - 0x8
core   0: 3 0x8000b460 (0xff9ff06f)
core   0: 0x8000b458 (0x00001f17) auipc   t5, 0x1
core   0: 3 0x8000b458 (0x00001f17) x30 0x8000c458
core   0: 0x8000b45c (0xba3f2423) sw      gp, -1112(t5)
core   0: 3 0x8000b45c (0xba3f2423) mem 0x8000c000 0x00000001
core   0: 0x8000b460 (0xff9ff06f) j       pc - 0x8
core   0: 3 0x8000b460 (0xff9ff06f)
core   0: 0x8000b458 (0x00001f17) auipc   t5, 0x1
core   0: 3 0x8000b458 (0x00001f17) x30 0x8000c458
core   0: 0x8000b45c (0xba3f2423) sw      gp, -1112(t5)
core   0: 3 0x8000b45c (0xba3f2423) mem 0x8000c000 0x00000001
core   0: 0x8000b460 (0xff9ff06f) j       pc - 0x8
core   0: 3 0x8000b460 (0xff9ff06f)
core   0: 0x8000b458 (0x00001f17) auipc   t5, 0x1
core   0: 3 0x8000b458 (0x00001f17) x30 0x8000c458
core   0: 0x8000b45c (0xba3f2423) sw      gp, -1112(t5)
core   0: 3 0x8000b45c (0xba3f2423) mem 0x8000c000 0x00000001
core   0: 0x8000b460 (0xff9ff06f) j       pc - 0x8
core   0: 3 0x8000b460 (0xff9ff06f)
core   0: 0x8000b458 (0x00001f17) auipc   t5, 0x1
core   0: 3 0x8000b458 (0x00001f17) x30 0x8000c458
core   0: 0x8000b45c (0xba3f2423) sw      gp, -1112(t5)
core   0: 3 0x8000b45c (0xba3f2423) mem 0x8000c000 0x00000001
core   0: 0x8000b460 (0xff9ff06f) j       pc - 0x8
core   0: 3 0x8000b460 (0xff9ff06f)
core   0: 0x8000b458 (0x00001f17) auipc   t5, 0x1
core   0: 3 0x8000b458 (0x00001f17) x30 0x8000c458
core   0: 0x8000b45c (0xba3f2423) sw      gp, -1112(t5)
core   0: 3 0x8000b45c (0xba3f2423) mem 0x8000c000 0x00000001
core   0: 0x8000b460 (0xff9ff06f) j       pc - 0x8
core   0: 3 0x8000b460 (0xff9ff06f)
core   0: 0x8000b458 (0x00001f17) auipc   t5, 0x1
core   0: 3 0x8000b458 (0x00001f17) x30 0x8000c458
core   0: 0x8000b45c (0xba3f2423) sw      gp, -1112(t5)
core   0: 3 0x8000b45c (0xba3f2423) mem 0x8000c000 0x00000001
core   0: 0x8000b460 (0xff9ff06f) j       pc - 0x8
core   0: 3 0x8000b460 (0xff9ff06f)
core   0: 0x8000b458 (0x00001f17) auipc   t5, 0x1
core   0: 3 0x8000b458 (0x00001f17) x30 0x8000c458
core   0: 0x8000b45c (0xba3f2423) sw      gp, -1112(t5)
core   0: 3 0x8000b45c (0xba3f2423) mem 0x8000c000 0x00000001
core   0: 0x8000b460 (0xff9ff06f) j       pc - 0x8
core   0: 3 0x8000b460 (0xff9ff06f)
core   0: 0x8000b458 (0x00001f17) auipc   t5, 0x1
core   0: 3 0x8000b458 (0x00001f17) x30 0x8000c458
core   0: 0x8000b45c (0xba3f2423) sw      gp, -1112(t5)
core   0: 3 0x8000b45c (0xba3f2423) mem 0x8000c000 0x00000001
core   0: 0x8000b460 (0xff9ff06f) j       pc - 0x8
core   0: 3 0x8000b460 (0xff9ff06f)
core   0: 0x8000b458 (0x00001f17) auipc   t5, 0x1
core   0: 3 0x8000b458 (0x00001f17) x30 0x8000c458
core   0: 0x8000b45c (0xba3f2423) sw      gp, -1112(t5)
core   0: 3 0x8000b45c (0xba3f2423) mem 0x8000c000 0x00000001
core   0: 0x8000b460 (0xff9ff06f) j       pc - 0x8
core   0: 3 0x8000b460 (0xff9ff06f)
core   0: 0x8000b458 (0x00001f17) auipc   t5, 0x1
core   0: 3 0x8000b458 (0x00001f17) x30 0x8000c458
core   0: 0x8000b45c (0xba3f2423) sw      gp, -1112(t5)
core   0: 3 0x8000b45c (0xba3f2423) mem 0x8000c000 0x00000001
core   0: 0x8000b460 (0xff9ff06f) j       pc - 0x8
core   0: 3 0x8000b460 (0xff9ff06f)
core   0: 0x8000b458 (0x00001f17) auipc   t5, 0x1
core   0: 3 0x8000b458 (0x00001f17) x30 0x8000c458
core   0: 0x8000b45c (0xba3f2423) sw      gp, -1112(t5)
core   0: 3 0x8000b45c (0xba3f2423) mem 0x8000c000 0x00000001
core   0: 0x8000b460 (0xff9ff06f) j       pc - 0x8
core   0: 3 0x8000b460 (0xff9ff06f)
core   0: 0x8000b458 (0x00001f17) auipc   t5, 0x1
core   0: 3 0x8000b458 (0x00001f17) x30 0x8000c458
core   0: 0x8000b45c (0xba3f2423) sw      gp, -1112(t5)
core   0: 3 0x8000b45c (0xba3f2423) mem 0x8000c000 0x00000001
core   0: 0x8000b460 (0xff9ff06f) j       pc - 0x8
core   0: 3 0x8000b460 (0xff9ff06f)
core   0: 0x8000b458 (0x00001f17) auipc   t5, 0x1
core   0: 3 0x8000b458 (0x00001f17) x30 0x8000c458
core   0: 0x8000b45c (0xba3f2423) sw      gp, -1112(t5)
core   0: 3 0x8000b45c (0xba3f2423) mem 0x8000c000 0x00000001
core   0: 0x8000b460 (0xff9ff06f) j       pc - 0x8
core   0: 3 0x8000b460 (0xff9ff06f)
core   0: 0x8000b458 (0x00001f17) auipc   t5, 0x1
core   0: 3 0x8000b458 (0x00001f17) x30 0x8000c458
core   0: 0x8000b45c (0xba3f2423) sw      gp, -1112(t5)
core   0: 3 0x8000b45c (0xba3f2423) mem 0x8000c000 0x00000001
core   0: 0x8000b460 (0xff9ff06f) j       pc - 0x8
core   0: 3 0x8000b460 (0xff9ff06f)
core   0: 0x8000b458 (0x00001f17) auipc   t5, 0x1
core   0: 3 0x8000b458 (0x00001f17) x30 0x8000c458
core   0: 0x8000b45c (0xba3f2423) sw      gp, -1112(t5)
core   0: 3 0x8000b45c (0xba3f2423) mem 0x8000c000 0x00000001
core   0: 0x8000b460 (0xff9ff06f) j       pc - 0x8
core   0: 3 0x8000b460 (0xff9ff06f)
core   0: 0x8000b458 (0x00001f17) auipc   t5, 0x1
core   0: 3 0x8000b458 (0x00001f17) x30 0x8000c458
core   0: 0x8000b45c (0xba3f2423) sw      gp, -1112(t5)
core   0: 3 0x8000b45c (0xba3f2423) mem 0x8000c000 0x00000001
core   0: 0x8000b460 (0xff9ff06f) j       pc - 0x8
core   0: 3 0x8000b460 (0xff9ff06f)
core   0: 0x8000b458 (0x00001f17) auipc   t5, 0x1
core   0: 3 0x8000b458 (0x00001f17) x30 0x8000c458
core   0: 0x8000b45c (0xba3f2423) sw      gp, -1112(t5)
core   0: 3 0x8000b45c (0xba3f2423) mem 0x8000c000 0x00000001
core   0: 0x8000b460 (0xff9ff06f) j       pc - 0x8
core   0: 3 0x8000b460 (0xff9ff06f)
core   0: 0x8000b458 (0x00001f17) auipc   t5, 0x1
core   0: 3 0x8000b458 (0x00001f17) x30 0x8000c458
core   0: 0x8000b45c (0xba3f2423) sw      gp, -1112(t5)
core   0: 3 0x8000b45c (0xba3f2423) mem 0x8000c000 0x00000001
core   0: 0x8000b460 (0xff9ff06f) j       pc - 0x8
core   0: 3 0x8000b460 (0xff9ff06f)
core   0: 0x8000b458 (0x00001f17) auipc   t5, 0x1
core   0: 3 0x8000b458 (0x00001f17) x30 0x8000c458
core   0: 0x8000b45c (0xba3f2423) sw      gp, -1112(t5)
core   0: 3 0x8000b45c (0xba3f2423) mem 0x8000c000 0x00000001
core   0: 0x8000b460 (0xff9ff06f) j       pc - 0x8
core   0: 3 0x8000b460 (0xff9ff06f)
core   0: 0x8000b458 (0x00001f17) auipc   t5, 0x1
core   0: 3 0x8000b458 (0x00001f17) x30 0x8000c458
core   0: 0x8000b45c (0xba3f2423) sw      gp, -1112(t5)
core   0: 3 0x8000b45c (0xba3f2423) mem 0x8000c000 0x00000001
core   0: 0x8000b460 (0xff9ff06f) j       pc - 0x8
core   0: 3 0x8000b460 (0xff9ff06f)
core   0: 0x8000b458 (0x00001f17) auipc   t5, 0x1
core   0: 3 0x8000b458 (0x00001f17) x30 0x8000c458
core   0: 0x8000b45c (0xba3f2423) sw      gp, -1112(t5)
core   0: 3 0x8000b45c (0xba3f2423) mem 0x8000c000 0x00000001
core   0: 0x8000b460 (0xff9ff06f) j       pc - 0x8
core   0: 3 0x8000b460 (0xff9ff06f)
core   0: 0x8000b458 (0x00001f17) auipc   t5, 0x1
core   0: 3 0x8000b458 (0x00001f17) x30 0x8000c458
core   0: 0x8000b45c (0xba3f2423) sw      gp, -1112(t5)
core   0: 3 0x8000b45c (0xba3f2423) mem 0x8000c000 0x00000001
core   0: 0x8000b460 (0xff9ff06f) j       pc - 0x8
core   0: 3 0x8000b460 (0xff9ff06f)
core   0: 0x8000b458 (0x00001f17) auipc   t5, 0x1
core   0: 3 0x8000b458 (0x00001f17) x30 0x8000c458
core   0: 0x8000b45c (0xba3f2423) sw      gp, -1112(t5)
core   0: 3 0x8000b45c (0xba3f2423) mem 0x8000c000 0x00000001
core   0: 0x8000b460 (0xff9ff06f) j       pc - 0x8
core   0: 3 0x8000b460 (0xff9ff06f)
core   0: 0x8000b458 (0x00001f17) auipc   t5, 0x1
core   0: 3 0x8000b458 (0x00001f17) x30 0x8000c458
core   0: 0x8000b45c (0xba3f2423) sw      gp, -1112(t5)
core   0: 3 0x8000b45c (0xba3f2423) mem 0x8000c000 0x00000001
core   0: 0x8000b460 (0xff9ff06f) j       pc - 0x8
core   0: 3 0x8000b460 (0xff9ff06f)
core   0: 0x8000b458 (0x00001f17) auipc   t5, 0x1
core   0: 3 0x8000b458 (0x00001f17) x30 0x8000c458
core   0: 0x8000b45c (0xba3f2423) sw      gp, -1112(t5)
core   0: 3 0x8000b45c (0xba3f2423) mem 0x8000c000 0x00000001
core   0: 0x8000b460 (0xff9ff06f) j       pc - 0x8
core   0: 3 0x8000b460 (0xff9ff06f)
core   0: 0x8000b458 (0x00001f17) auipc   t5, 0x1
core   0: 3 0x8000b458 (0x00001f17) x30 0x8000c458
core   0: 0x8000b45c (0xba3f2423) sw      gp, -1112(t5)
core   0: 3 0x8000b45c (0xba3f2423) mem 0x8000c000 0x00000001
core   0: 0x8000b460 (0xff9ff06f) j       pc - 0x8
core   0: 3 0x8000b460 (0xff9ff06f)
core   0: 0x8000b458 (0x00001f17) auipc   t5, 0x1
core   0: 3 0x8000b458 (0x00001f17) x30 0x8000c458
core   0: 0x8000b45c (0xba3f2423) sw      gp, -1112(t5)
core   0: 3 0x8000b45c (0xba3f2423) mem 0x8000c000 0x00000001
core   0: 0x8000b460 (0xff9ff06f) j       pc - 0x8
core   0: 3 0x8000b460 (0xff9ff06f)
core   0: 0x8000b458 (0x00001f17) auipc   t5, 0x1
core   0: 3 0x8000b458 (0x00001f17) x30 0x8000c458
core   0: 0x8000b45c (0xba3f2423) sw      gp, -1112(t5)
core   0: 3 0x8000b45c (0xba3f2423) mem 0x8000c000 0x00000001
core   0: 0x8000b460 (0xff9ff06f) j       pc - 0x8
core   0: 3 0x8000b460 (0xff9ff06f)
core   0: 0x8000b458 (0x00001f17) auipc   t5, 0x1
core   0: 3 0x8000b458 (0x00001f17) x30 0x8000c458
core   0: 0x8000b45c (0xba3f2423) sw      gp, -1112(t5)
core   0: 3 0x8000b45c (0xba3f2423) mem 0x8000c000 0x00000001
core   0: 0x8000b460 (0xff9ff06f) j       pc - 0x8
core   0: 3 0x8000b460 (0xff9ff06f)
core   0: 0x8000b458 (0x00001f17) auipc   t5, 0x1
core   0: 3 0x8000b458 (0x00001f17) x30 0x8000c458
core   0: 0x8000b45c (0xba3f2423) sw      gp, -1112(t5)
core   0: 3 0x8000b45c (0xba3f2423) mem 0x8000c000 0x00000001
core   0: 0x8000b460 (0xff9ff06f) j       pc - 0x8
core   0: 3 0x8000b460 (0xff9ff06f)
core   0: 0x8000b458 (0x00001f17) auipc   t5, 0x1
core   0: 3 0x8000b458 (0x00001f17) x30 0x8000c458
core   0: 0x8000b45c (0xba3f2423) sw      gp, -1112(t5)
core   0: 3 0x8000b45c (0xba3f2423) mem 0x8000c000 0x00000001
core   0: 0x8000b460 (0xff9ff06f) j       pc - 0x8
core   0: 3 0x8000b460 (0xff9ff06f)
core   0: 0x8000b458 (0x00001f17) auipc   t5, 0x1
core   0: 3 0x8000b458 (0x00001f17) x30 0x8000c458
core   0: 0x8000b45c (0xba3f2423) sw      gp, -1112(t5)
core   0: 3 0x8000b45c (0xba3f2423) mem 0x8000c000 0x00000001
core   0: 0x8000b460 (0xff9ff06f) j       pc - 0x8
core   0: 3 0x8000b460 (0xff9ff06f)
core   0: 0x8000b458 (0x00001f17) auipc   t5, 0x1
core   0: 3 0x8000b458 (0x00001f17) x30 0x8000c458
core   0: 0x8000b45c (0xba3f2423) sw      gp, -1112(t5)
core   0: 3 0x8000b45c (0xba3f2423) mem 0x8000c000 0x00000001
core   0: 0x8000b460 (0xff9ff06f) j       pc - 0x8
core   0: 3 0x8000b460 (0xff9ff06f)
core   0: 0x8000b458 (0x00001f17) auipc   t5, 0x1
core   0: 3 0x8000b458 (0x00001f17) x30 0x8000c458
core   0: 0x8000b45c (0xba3f2423) sw      gp, -1112(t5)
core   0: 3 0x8000b45c (0xba3f2423) mem 0x8000c000 0x00000001
core   0: 0x8000b460 (0xff9ff06f) j       pc - 0x8
core   0: 3 0x8000b460 (0xff9ff06f)
core   0: 0x8000b458 (0x00001f17) auipc   t5, 0x1
core   0: 3 0x8000b458 (0x00001f17) x30 0x8000c458
core   0: 0x8000b45c (0xba3f2423) sw      gp, -1112(t5)
core   0: 3 0x8000b45c (0xba3f2423) mem 0x8000c000 0x00000001
core   0: 0x8000b460 (0xff9ff06f) j       pc - 0x8
core   0: 3 0x8000b460 (0xff9ff06f)
core   0: 0x8000b458 (0x00001f17) auipc   t5, 0x1
core   0: 3 0x8000b458 (0x00001f17) x30 0x8000c458
core   0: 0x8000b45c (0xba3f2423) sw      gp, -1112(t5)
core   0: 3 0x8000b45c (0xba3f2423) mem 0x8000c000 0x00000001
core   0: 0x8000b460 (0xff9ff06f) j       pc - 0x8
core   0: 3 0x8000b460 (0xff9ff06f)
core   0: 0x8000b458 (0x00001f17) auipc   t5, 0x1
core   0: 3 0x8000b458 (0x00001f17) x30 0x8000c458
core   0: 0x8000b45c (0xba3f2423) sw      gp, -1112(t5)
core   0: 3 0x8000b45c (0xba3f2423) mem 0x8000c000 0x00000001
core   0: 0x8000b460 (0xff9ff06f) j       pc - 0x8
core   0: 3 0x8000b460 (0xff9ff06f)
core   0: 0x8000b458 (0x00001f17) auipc   t5, 0x1
core   0: 3 0x8000b458 (0x00001f17) x30 0x8000c458
core   0: 0x8000b45c (0xba3f2423) sw      gp, -1112(t5)
core   0: 3 0x8000b45c (0xba3f2423) mem 0x8000c000 0x00000001
core   0: 0x8000b460 (0xff9ff06f) j       pc - 0x8
core   0: 3 0x8000b460 (0xff9ff06f)
core   0: 0x8000b458 (0x00001f17) auipc   t5, 0x1
core   0: 3 0x8000b458 (0x00001f17) x30 0x8000c458
core   0: 0x8000b45c (0xba3f2423) sw      gp, -1112(t5)
core   0: 3 0x8000b45c (0xba3f2423) mem 0x8000c000 0x00000001
core   0: 0x8000b460 (0xff9ff06f) j       pc - 0x8
core   0: 3 0x8000b460 (0xff9ff06f)
core   0: 0x8000b458 (0x00001f17) auipc   t5, 0x1
core   0: 3 0x8000b458 (0x00001f17) x30 0x8000c458
core   0: 0x8000b45c (0xba3f2423) sw      gp, -1112(t5)
core   0: 3 0x8000b45c (0xba3f2423) mem 0x8000c000 0x00000001
core   0: 0x8000b460 (0xff9ff06f) j       pc - 0x8
core   0: 3 0x8000b460 (0xff9ff06f)
core   0: 0x8000b458 (0x00001f17) auipc   t5, 0x1
core   0: 3 0x8000b458 (0x00001f17) x30 0x8000c458
core   0: 0x8000b45c (0xba3f2423) sw      gp, -1112(t5)
core   0: 3 0x8000b45c (0xba3f2423) mem 0x8000c000 0x00000001
core   0: 0x8000b460 (0xff9ff06f) j       pc - 0x8
core   0: 3 0x8000b460 (0xff9ff06f)
core   0: 0x8000b458 (0x00001f17) auipc   t5, 0x1
core   0: 3 0x8000b458 (0x00001f17) x30 0x8000c458
core   0: 0x8000b45c (0xba3f2423) sw      gp, -1112(t5)
core   0: 3 0x8000b45c (0xba3f2423) mem 0x8000c000 0x00000001
core   0: 0x8000b460 (0xff9ff06f) j       pc - 0x8
core   0: 3 0x8000b460 (0xff9ff06f)
core   0: 0x8000b458 (0x00001f17) auipc   t5, 0x1
core   0: 3 0x8000b458 (0x00001f17) x30 0x8000c458
core   0: 0x8000b45c (0xba3f2423) sw      gp, -1112(t5)
core   0: 3 0x8000b45c (0xba3f2423) mem 0x8000c000 0x00000001
core   0: 0x8000b460 (0xff9ff06f) j       pc - 0x8
core   0: 3 0x8000b460 (0xff9ff06f)
core   0: 0x8000b458 (0x00001f17) auipc   t5, 0x1
core   0: 3 0x8000b458 (0x00001f17) x30 0x8000c458
core   0: 0x8000b45c (0xba3f2423) sw      gp, -1112(t5)
core   0: 3 0x8000b45c (0xba3f2423) mem 0x8000c000 0x00000001
core   0: 0x8000b460 (0xff9ff06f) j       pc - 0x8
core   0: 3 0x8000b460 (0xff9ff06f)
core   0: 0x8000b458 (0x00001f17) auipc   t5, 0x1
core   0: 3 0x8000b458 (0x00001f17) x30 0x8000c458
core   0: 0x8000b45c (0xba3f2423) sw      gp, -1112(t5)
core   0: 3 0x8000b45c (0xba3f2423) mem 0x8000c000 0x00000001
core   0: 0x8000b460 (0xff9ff06f) j       pc - 0x8
core   0: 3 0x8000b460 (0xff9ff06f)
core   0: 0x8000b458 (0x00001f17) auipc   t5, 0x1
core   0: 3 0x8000b458 (0x00001f17) x30 0x8000c458
core   0: 0x8000b45c (0xba3f2423) sw      gp, -1112(t5)
core   0: 3 0x8000b45c (0xba3f2423) mem 0x8000c000 0x00000001
core   0: 0x8000b460 (0xff9ff06f) j       pc - 0x8
core   0: 3 0x8000b460 (0xff9ff06f)
core   0: 0x8000b458 (0x00001f17) auipc   t5, 0x1
core   0: 3 0x8000b458 (0x00001f17) x30 0x8000c458
core   0: 0x8000b45c (0xba3f2423) sw      gp, -1112(t5)
core   0: 3 0x8000b45c (0xba3f2423) mem 0x8000c000 0x00000001
core   0: 0x8000b460 (0xff9ff06f) j       pc - 0x8
core   0: 3 0x8000b460 (0xff9ff06f)
core   0: 0x8000b458 (0x00001f17) auipc   t5, 0x1
core   0: 3 0x8000b458 (0x00001f17) x30 0x8000c458
core   0: 0x8000b45c (0xba3f2423) sw      gp, -1112(t5)
core   0: 3 0x8000b45c (0xba3f2423) mem 0x8000c000 0x00000001
core   0: 0x8000b460 (0xff9ff06f) j       pc - 0x8
core   0: 3 0x8000b460 (0xff9ff06f)
core   0: 0x8000b458 (0x00001f17) auipc   t5, 0x1
core   0: 3 0x8000b458 (0x00001f17) x30 0x8000c458
core   0: 0x8000b45c (0xba3f2423) sw      gp, -1112(t5)
core   0: 3 0x8000b45c (0xba3f2423) mem 0x8000c000 0x00000001
core   0: 0x8000b460 (0xff9ff06f) j       pc - 0x8
core   0: 3 0x8000b460 (0xff9ff06f)
core   0: 0x8000b458 (0x00001f17) auipc   t5, 0x1
core   0: 3 0x8000b458 (0x00001f17) x30 0x8000c458
core   0: 0x8000b45c (0xba3f2423) sw      gp, -1112(t5)
core   0: 3 0x8000b45c (0xba3f2423) mem 0x8000c000 0x00000001
core   0: 0x8000b460 (0xff9ff06f) j       pc - 0x8
core   0: 3 0x8000b460 (0xff9ff06f)
core   0: 0x8000b458 (0x00001f17) auipc   t5, 0x1
core   0: 3 0x8000b458 (0x00001f17) x30 0x8000c458
core   0: 0x8000b45c (0xba3f2423) sw      gp, -1112(t5)
core   0: 3 0x8000b45c (0xba3f2423) mem 0x8000c000 0x00000001
core   0: 0x8000b460 (0xff9ff06f) j       pc - 0x8
core   0: 3 0x8000b460 (0xff9ff06f)
core   0: 0x8000b458 (0x00001f17) auipc   t5, 0x1
core   0: 3 0x8000b458 (0x00001f17) x30 0x8000c458
core   0: 0x8000b45c (0xba3f2423) sw      gp, -1112(t5)
core   0: 3 0x8000b45c (0xba3f2423) mem 0x8000c000 0x00000001
core   0: 0x8000b460 (0xff9ff06f) j       pc - 0x8
core   0: 3 0x8000b460 (0xff9ff06f)
core   0: 0x8000b458 (0x00001f17) auipc   t5, 0x1
core   0: 3 0x8000b458 (0x00001f17) x30 0x8000c458
core   0: 0x8000b45c (0xba3f2423) sw      gp, -1112(t5)
core   0: 3 0x8000b45c (0xba3f2423) mem 0x8000c000 0x00000001
core   0: 0x8000b460 (0xff9ff06f) j       pc - 0x8
core   0: 3 0x8000b460 (0xff9ff06f)
core   0: 0x8000b458 (0x00001f17) auipc   t5, 0x1
core   0: 3 0x8000b458 (0x00001f17) x30 0x8000c458
core   0: 0x8000b45c (0xba3f2423) sw      gp, -1112(t5)
core   0: 3 0x8000b45c (0xba3f2423) mem 0x8000c000 0x00000001
core   0: 0x8000b460 (0xff9ff06f) j       pc - 0x8
core   0: 3 0x8000b460 (0xff9ff06f)
core   0: 0x8000b458 (0x00001f17) auipc   t5, 0x1
core   0: 3 0x8000b458 (0x00001f17) x30 0x8000c458
core   0: 0x8000b45c (0xba3f2423) sw      gp, -1112(t5)
core   0: 3 0x8000b45c (0xba3f2423) mem 0x8000c000 0x00000001
core   0: 0x8000b460 (0xff9ff06f) j       pc - 0x8
core   0: 3 0x8000b460 (0xff9ff06f)
core   0: 0x8000b458 (0x00001f17) auipc   t5, 0x1
core   0: 3 0x8000b458 (0x00001f17) x30 0x8000c458
core   0: 0x8000b45c (0xba3f2423) sw      gp, -1112(t5)
core   0: 3 0x8000b45c (0xba3f2423) mem 0x8000c000 0x00000001
core   0: 0x8000b460 (0xff9ff06f) j       pc - 0x8
core   0: 3 0x8000b460 (0xff9ff06f)
core   0: 0x8000b458 (0x00001f17) auipc   t5, 0x1
core   0: 3 0x8000b458 (0x00001f17) x30 0x8000c458
core   0: 0x8000b45c (0xba3f2423) sw      gp, -1112(t5)
core   0: 3 0x8000b45c (0xba3f2423) mem 0x8000c000 0x00000001
core   0: 0x8000b460 (0xff9ff06f) j       pc - 0x8
core   0: 3 0x8000b460 (0xff9ff06f)
core   0: 0x8000b458 (0x00001f17) auipc   t5, 0x1
core   0: 3 0x8000b458 (0x00001f17) x30 0x8000c458
core   0: 0x8000b45c (0xba3f2423) sw      gp, -1112(t5)
core   0: 3 0x8000b45c (0xba3f2423) mem 0x8000c000 0x00000001
core   0: 0x8000b460 (0xff9ff06f) j       pc - 0x8
core   0: 3 0x8000b460 (0xff9ff06f)
core   0: 0x8000b458 (0x00001f17) auipc   t5, 0x1
core   0: 3 0x8000b458 (0x00001f17) x30 0x8000c458
core   0: 0x8000b45c (0xba3f2423) sw      gp, -1112(t5)
core   0: 3 0x8000b45c (0xba3f2423) mem 0x8000c000 0x00000001
core   0: 0x8000b460 (0xff9ff06f) j       pc - 0x8
core   0: 3 0x8000b460 (0xff9ff06f)
core   0: 0x8000b458 (0x00001f17) auipc   t5, 0x1
core   0: 3 0x8000b458 (0x00001f17) x30 0x8000c458
core   0: 0x8000b45c (0xba3f2423) sw      gp, -1112(t5)
core   0: 3 0x8000b45c (0xba3f2423) mem 0x8000c000 0x00000001
core   0: 0x8000b460 (0xff9ff06f) j       pc - 0x8
core   0: 3 0x8000b460 (0xff9ff06f)
core   0: 0x8000b458 (0x00001f17) auipc   t5, 0x1
core   0: 3 0x8000b458 (0x00001f17) x30 0x8000c458
core   0: 0x8000b45c (0xba3f2423) sw      gp, -1112(t5)
core   0: 3 0x8000b45c (0xba3f2423) mem 0x8000c000 0x00000001
core   0: 0x8000b460 (0xff9ff06f) j       pc - 0x8
core   0: 3 0x8000b460 (0xff9ff06f)
core   0: 0x8000b458 (0x00001f17) auipc   t5, 0x1
core   0: 3 0x8000b458 (0x00001f17) x30 0x8000c458
core   0: 0x8000b45c (0xba3f2423) sw      gp, -1112(t5)
core   0: 3 0x8000b45c (0xba3f2423) mem 0x8000c000 0x00000001
core   0: 0x8000b460 (0xff9ff06f) j       pc - 0x8
core   0: 3 0x8000b460 (0xff9ff06f)
core   0: 0x8000b458 (0x00001f17) auipc   t5, 0x1
core   0: 3 0x8000b458 (0x00001f17) x30 0x8000c458
core   0: 0x8000b45c (0xba3f2423) sw      gp, -1112(t5)
core   0: 3 0x8000b45c (0xba3f2423) mem 0x8000c000 0x00000001
core   0: 0x8000b460 (0xff9ff06f) j       pc - 0x8
core   0: 3 0x8000b460 (0xff9ff06f)
core   0: 0x8000b458 (0x00001f17) auipc   t5, 0x1
core   0: 3 0x8000b458 (0x00001f17) x30 0x8000c458
core   0: 0x8000b45c (0xba3f2423) sw      gp, -1112(t5)
core   0: 3 0x8000b45c (0xba3f2423) mem 0x8000c000 0x00000001
core   0: 0x8000b460 (0xff9ff06f) j       pc - 0x8
core   0: 3 0x8000b460 (0xff9ff06f)
core   0: 0x8000b458 (0x00001f17) auipc   t5, 0x1
core   0: 3 0x8000b458 (0x00001f17) x30 0x8000c458
core   0: 0x8000b45c (0xba3f2423) sw      gp, -1112(t5)
core   0: 3 0x8000b45c (0xba3f2423) mem 0x8000c000 0x00000001
core   0: 0x8000b460 (0xff9ff06f) j       pc - 0x8
core   0: 3 0x8000b460 (0xff9ff06f)
core   0: 0x8000b458 (0x00001f17) auipc   t5, 0x1
core   0: 3 0x8000b458 (0x00001f17) x30 0x8000c458
core   0: 0x8000b45c (0xba3f2423) sw      gp, -1112(t5)
core   0: 3 0x8000b45c (0xba3f2423) mem 0x8000c000 0x00000001
core   0: 0x8000b460 (0xff9ff06f) j       pc - 0x8
core   0: 3 0x8000b460 (0xff9ff06f)
core   0: 0x8000b458 (0x00001f17) auipc   t5, 0x1
core   0: 3 0x8000b458 (0x00001f17) x30 0x8000c458
core   0: 0x8000b45c (0xba3f2423) sw      gp, -1112(t5)
core   0: 3 0x8000b45c (0xba3f2423) mem 0x8000c000 0x00000001
core   0: 0x8000b460 (0xff9ff06f) j       pc - 0x8
core   0: 3 0x8000b460 (0xff9ff06f)
core   0: 0x8000b458 (0x00001f17) auipc   t5, 0x1
core   0: 3 0x8000b458 (0x00001f17) x30 0x8000c458
core   0: 0x8000b45c (0xba3f2423) sw      gp, -1112(t5)
core   0: 3 0x8000b45c (0xba3f2423) mem 0x8000c000 0x00000001
core   0: 0x8000b460 (0xff9ff06f) j       pc - 0x8
core   0: 3 0x8000b460 (0xff9ff06f)
core   0: 0x8000b458 (0x00001f17) auipc   t5, 0x1
core   0: 3 0x8000b458 (0x00001f17) x30 0x8000c458
core   0: 0x8000b45c (0xba3f2423) sw      gp, -1112(t5)
core   0: 3 0x8000b45c (0xba3f2423) mem 0x8000c000 0x00000001
core   0: 0x8000b460 (0xff9ff06f) j       pc - 0x8
core   0: 3 0x8000b460 (0xff9ff06f)
core   0: 0x8000b458 (0x00001f17) auipc   t5, 0x1
core   0: 3 0x8000b458 (0x00001f17) x30 0x8000c458
core   0: 0x8000b45c (0xba3f2423) sw      gp, -1112(t5)
core   0: 3 0x8000b45c (0xba3f2423) mem 0x8000c000 0x00000001
core   0: 0x8000b460 (0xff9ff06f) j       pc - 0x8
core   0: 3 0x8000b460 (0xff9ff06f)
core   0: 0x8000b458 (0x00001f17) auipc   t5, 0x1
core   0: 3 0x8000b458 (0x00001f17) x30 0x8000c458
core   0: 0x8000b45c (0xba3f2423) sw      gp, -1112(t5)
core   0: 3 0x8000b45c (0xba3f2423) mem 0x8000c000 0x00000001
core   0: 0x8000b460 (0xff9ff06f) j       pc - 0x8
core   0: 3 0x8000b460 (0xff9ff06f)
core   0: 0x8000b458 (0x00001f17) auipc   t5, 0x1
core   0: 3 0x8000b458 (0x00001f17) x30 0x8000c458
core   0: 0x8000b45c (0xba3f2423) sw      gp, -1112(t5)
core   0: 3 0x8000b45c (0xba3f2423) mem 0x8000c000 0x00000001
core   0: 0x8000b460 (0xff9ff06f) j       pc - 0x8
core   0: 3 0x8000b460 (0xff9ff06f)
core   0: 0x8000b458 (0x00001f17) auipc   t5, 0x1
core   0: 3 0x8000b458 (0x00001f17) x30 0x8000c458
core   0: 0x8000b45c (0xba3f2423) sw      gp, -1112(t5)
core   0: 3 0x8000b45c (0xba3f2423) mem 0x8000c000 0x00000001
core   0: 0x8000b460 (0xff9ff06f) j       pc - 0x8
core   0: 3 0x8000b460 (0xff9ff06f)
core   0: 0x8000b458 (0x00001f17) auipc   t5, 0x1
core   0: 3 0x8000b458 (0x00001f17) x30 0x8000c458
core   0: 0x8000b45c (0xba3f2423) sw      gp, -1112(t5)
core   0: 3 0x8000b45c (0xba3f2423) mem 0x8000c000 0x00000001
core   0: 0x8000b460 (0xff9ff06f) j       pc - 0x8
core   0: 3 0x8000b460 (0xff9ff06f)
core   0: 0x8000b458 (0x00001f17) auipc   t5, 0x1
core   0: 3 0x8000b458 (0x00001f17) x30 0x8000c458
core   0: 0x8000b45c (0xba3f2423) sw      gp, -1112(t5)
core   0: 3 0x8000b45c (0xba3f2423) mem 0x8000c000 0x00000001
core   0: 0x8000b460 (0xff9ff06f) j       pc - 0x8
core   0: 3 0x8000b460 (0xff9ff06f)
core   0: 0x8000b458 (0x00001f17) auipc   t5, 0x1
core   0: 3 0x8000b458 (0x00001f17) x30 0x8000c458
core   0: 0x8000b45c (0xba3f2423) sw      gp, -1112(t5)
core   0: 3 0x8000b45c (0xba3f2423) mem 0x8000c000 0x00000001
core   0: 0x8000b460 (0xff9ff06f) j       pc - 0x8
core   0: 3 0x8000b460 (0xff9ff06f)
core   0: 0x8000b458 (0x00001f17) auipc   t5, 0x1
core   0: 3 0x8000b458 (0x00001f17) x30 0x8000c458
core   0: 0x8000b45c (0xba3f2423) sw      gp, -1112(t5)
core   0: 3 0x8000b45c (0xba3f2423) mem 0x8000c000 0x00000001
core   0: 0x8000b460 (0xff9ff06f) j       pc - 0x8
core   0: 3 0x8000b460 (0xff9ff06f)
core   0: 0x8000b458 (0x00001f17) auipc   t5, 0x1
core   0: 3 0x8000b458 (0x00001f17) x30 0x8000c458
core   0: 0x8000b45c (0xba3f2423) sw      gp, -1112(t5)
core   0: 3 0x8000b45c (0xba3f2423) mem 0x8000c000 0x00000001
core   0: 0x8000b460 (0xff9ff06f) j       pc - 0x8
core   0: 3 0x8000b460 (0xff9ff06f)
core   0: 0x8000b458 (0x00001f17) auipc   t5, 0x1
core   0: 3 0x8000b458 (0x00001f17) x30 0x8000c458
core   0: 0x8000b45c (0xba3f2423) sw      gp, -1112(t5)
core   0: 3 0x8000b45c (0xba3f2423) mem 0x8000c000 0x00000001
core   0: 0x8000b460 (0xff9ff06f) j       pc - 0x8
core   0: 3 0x8000b460 (0xff9ff06f)
core   0: 0x8000b458 (0x00001f17) auipc   t5, 0x1
core   0: 3 0x8000b458 (0x00001f17) x30 0x8000c458
core   0: 0x8000b45c (0xba3f2423) sw      gp, -1112(t5)
core   0: 3 0x8000b45c (0xba3f2423) mem 0x8000c000 0x00000001
core   0: 0x8000b460 (0xff9ff06f) j       pc - 0x8
core   0: 3 0x8000b460 (0xff9ff06f)
core   0: 0x8000b458 (0x00001f17) auipc   t5, 0x1
core   0: 3 0x8000b458 (0x00001f17) x30 0x8000c458
core   0: 0x8000b45c (0xba3f2423) sw      gp, -1112(t5)
core   0: 3 0x8000b45c (0xba3f2423) mem 0x8000c000 0x00000001
core   0: 0x8000b460 (0xff9ff06f) j       pc - 0x8
core   0: 3 0x8000b460 (0xff9ff06f)
core   0: 0x8000b458 (0x00001f17) auipc   t5, 0x1
core   0: 3 0x8000b458 (0x00001f17) x30 0x8000c458
core   0: 0x8000b45c (0xba3f2423) sw      gp, -1112(t5)
core   0: 3 0x8000b45c (0xba3f2423) mem 0x8000c000 0x00000001
core   0: 0x8000b460 (0xff9ff06f) j       pc - 0x8
core   0: 3 0x8000b460 (0xff9ff06f)
core   0: 0x8000b458 (0x00001f17) auipc   t5, 0x1
core   0: 3 0x8000b458 (0x00001f17) x30 0x8000c458
core   0: 0x8000b45c (0xba3f2423) sw      gp, -1112(t5)
core   0: 3 0x8000b45c (0xba3f2423) mem 0x8000c000 0x00000001
core   0: 0x8000b460 (0xff9ff06f) j       pc - 0x8
core   0: 3 0x8000b460 (0xff9ff06f)
core   0: 0x8000b458 (0x00001f17) auipc   t5, 0x1
core   0: 3 0x8000b458 (0x00001f17) x30 0x8000c458
core   0: 0x8000b45c (0xba3f2423) sw      gp, -1112(t5)
core   0: 3 0x8000b45c (0xba3f2423) mem 0x8000c000 0x00000001
core   0: 0x8000b460 (0xff9ff06f) j       pc - 0x8
core   0: 3 0x8000b460 (0xff9ff06f)
core   0: 0x8000b458 (0x00001f17) auipc   t5, 0x1
core   0: 3 0x8000b458 (0x00001f17) x30 0x8000c458
core   0: 0x8000b45c (0xba3f2423) sw      gp, -1112(t5)
core   0: 3 0x8000b45c (0xba3f2423) mem 0x8000c000 0x00000001
core   0: 0x8000b460 (0xff9ff06f) j       pc - 0x8
core   0: 3 0x8000b460 (0xff9ff06f)
core   0: 0x8000b458 (0x00001f17) auipc   t5, 0x1
core   0: 3 0x8000b458 (0x00001f17) x30 0x8000c458
core   0: 0x8000b45c (0xba3f2423) sw      gp, -1112(t5)
core   0: 3 0x8000b45c (0xba3f2423) mem 0x8000c000 0x00000001
core   0: 0x8000b460 (0xff9ff06f) j       pc - 0x8
core   0: 3 0x8000b460 (0xff9ff06f)
core   0: 0x8000b458 (0x00001f17) auipc   t5, 0x1
core   0: 3 0x8000b458 (0x00001f17) x30 0x8000c458
core   0: 0x8000b45c (0xba3f2423) sw      gp, -1112(t5)
core   0: 3 0x8000b45c (0xba3f2423) mem 0x8000c000 0x00000001
core   0: 0x8000b460 (0xff9ff06f) j       pc - 0x8
core   0: 3 0x8000b460 (0xff9ff06f)
core   0: 0x8000b458 (0x00001f17) auipc   t5, 0x1
core   0: 3 0x8000b458 (0x00001f17) x30 0x8000c458
core   0: 0x8000b45c (0xba3f2423) sw      gp, -1112(t5)
core   0: 3 0x8000b45c (0xba3f2423) mem 0x8000c000 0x00000001
core   0: 0x8000b460 (0xff9ff06f) j       pc - 0x8
core   0: 3 0x8000b460 (0xff9ff06f)
core   0: 0x8000b458 (0x00001f17) auipc   t5, 0x1
core   0: 3 0x8000b458 (0x00001f17) x30 0x8000c458
core   0: 0x8000b45c (0xba3f2423) sw      gp, -1112(t5)
core   0: 3 0x8000b45c (0xba3f2423) mem 0x8000c000 0x00000001
core   0: 0x8000b460 (0xff9ff06f) j       pc - 0x8
core   0: 3 0x8000b460 (0xff9ff06f)
core   0: 0x8000b458 (0x00001f17) auipc   t5, 0x1
core   0: 3 0x8000b458 (0x00001f17) x30 0x8000c458
core   0: 0x8000b45c (0xba3f2423) sw      gp, -1112(t5)
core   0: 3 0x8000b45c (0xba3f2423) mem 0x8000c000 0x00000001
core   0: 0x8000b460 (0xff9ff06f) j       pc - 0x8
core   0: 3 0x8000b460 (0xff9ff06f)
core   0: 0x8000b458 (0x00001f17) auipc   t5, 0x1
core   0: 3 0x8000b458 (0x00001f17) x30 0x8000c458
core   0: 0x8000b45c (0xba3f2423) sw      gp, -1112(t5)
core   0: 3 0x8000b45c (0xba3f2423) mem 0x8000c000 0x00000001
core   0: 0x8000b460 (0xff9ff06f) j       pc - 0x8
core   0: 3 0x8000b460 (0xff9ff06f)
core   0: 0x8000b458 (0x00001f17) auipc   t5, 0x1
core   0: 3 0x8000b458 (0x00001f17) x30 0x8000c458
core   0: 0x8000b45c (0xba3f2423) sw      gp, -1112(t5)
core   0: 3 0x8000b45c (0xba3f2423) mem 0x8000c000 0x00000001
core   0: 0x8000b460 (0xff9ff06f) j       pc - 0x8
core   0: 3 0x8000b460 (0xff9ff06f)
core   0: 0x8000b458 (0x00001f17) auipc   t5, 0x1
core   0: 3 0x8000b458 (0x00001f17) x30 0x8000c458
core   0: 0x8000b45c (0xba3f2423) sw      gp, -1112(t5)
core   0: 3 0x8000b45c (0xba3f2423) mem 0x8000c000 0x00000001
core   0: 0x8000b460 (0xff9ff06f) j       pc - 0x8
core   0: 3 0x8000b460 (0xff9ff06f)
core   0: 0x8000b458 (0x00001f17) auipc   t5, 0x1
core   0: 3 0x8000b458 (0x00001f17) x30 0x8000c458
core   0: 0x8000b45c (0xba3f2423) sw      gp, -1112(t5)
core   0: 3 0x8000b45c (0xba3f2423) mem 0x8000c000 0x00000001
core   0: 0x8000b460 (0xff9ff06f) j       pc - 0x8
core   0: 3 0x8000b460 (0xff9ff06f)
core   0: 0x8000b458 (0x00001f17) auipc   t5, 0x1
core   0: 3 0x8000b458 (0x00001f17) x30 0x8000c458
core   0: 0x8000b45c (0xba3f2423) sw      gp, -1112(t5)
core   0: 3 0x8000b45c (0xba3f2423) mem 0x8000c000 0x00000001
core   0: 0x8000b460 (0xff9ff06f) j       pc - 0x8
core   0: 3 0x8000b460 (0xff9ff06f)
core   0: 0x8000b458 (0x00001f17) auipc   t5, 0x1
core   0: 3 0x8000b458 (0x00001f17) x30 0x8000c458
core   0: 0x8000b45c (0xba3f2423) sw      gp, -1112(t5)
core   0: 3 0x8000b45c (0xba3f2423) mem 0x8000c000 0x00000001
core   0: 0x8000b460 (0xff9ff06f) j       pc - 0x8
core   0: 3 0x8000b460 (0xff9ff06f)
core   0: 0x8000b458 (0x00001f17) auipc   t5, 0x1
core   0: 3 0x8000b458 (0x00001f17) x30 0x8000c458
core   0: 0x8000b45c (0xba3f2423) sw      gp, -1112(t5)
core   0: 3 0x8000b45c (0xba3f2423) mem 0x8000c000 0x00000001
core   0: 0x8000b460 (0xff9ff06f) j       pc - 0x8
core   0: 3 0x8000b460 (0xff9ff06f)
core   0: 0x8000b458 (0x00001f17) auipc   t5, 0x1
core   0: 3 0x8000b458 (0x00001f17) x30 0x8000c458
core   0: 0x8000b45c (0xba3f2423) sw      gp, -1112(t5)
core   0: 3 0x8000b45c (0xba3f2423) mem 0x8000c000 0x00000001
core   0: 0x8000b460 (0xff9ff06f) j       pc - 0x8
core   0: 3 0x8000b460 (0xff9ff06f)
core   0: 0x8000b458 (0x00001f17) auipc   t5, 0x1
core   0: 3 0x8000b458 (0x00001f17) x30 0x8000c458
core   0: 0x8000b45c (0xba3f2423) sw      gp, -1112(t5)
core   0: 3 0x8000b45c (0xba3f2423) mem 0x8000c000 0x00000001
core   0: 0x8000b460 (0xff9ff06f) j       pc - 0x8
core   0: 3 0x8000b460 (0xff9ff06f)
core   0: 0x8000b458 (0x00001f17) auipc   t5, 0x1
core   0: 3 0x8000b458 (0x00001f17) x30 0x8000c458
core   0: 0x8000b45c (0xba3f2423) sw      gp, -1112(t5)
core   0: 3 0x8000b45c (0xba3f2423) mem 0x8000c000 0x00000001
core   0: 0x8000b460 (0xff9ff06f) j       pc - 0x8
core   0: 3 0x8000b460 (0xff9ff06f)
core   0: 0x8000b458 (0x00001f17) auipc   t5, 0x1
core   0: 3 0x8000b458 (0x00001f17) x30 0x8000c458
core   0: 0x8000b45c (0xba3f2423) sw      gp, -1112(t5)
core   0: 3 0x8000b45c (0xba3f2423) mem 0x8000c000 0x00000001
core   0: 0x8000b460 (0xff9ff06f) j       pc - 0x8
core   0: 3 0x8000b460 (0xff9ff06f)
core   0: 0x8000b458 (0x00001f17) auipc   t5, 0x1
core   0: 3 0x8000b458 (0x00001f17) x30 0x8000c458
core   0: 0x8000b45c (0xba3f2423) sw      gp, -1112(t5)
core   0: 3 0x8000b45c (0xba3f2423) mem 0x8000c000 0x00000001
core   0: 0x8000b460 (0xff9ff06f) j       pc - 0x8
core   0: 3 0x8000b460 (0xff9ff06f)
core   0: 0x8000b458 (0x00001f17) auipc   t5, 0x1
core   0: 3 0x8000b458 (0x00001f17) x30 0x8000c458
core   0: 0x8000b45c (0xba3f2423) sw      gp, -1112(t5)
core   0: 3 0x8000b45c (0xba3f2423) mem 0x8000c000 0x00000001
core   0: 0x8000b460 (0xff9ff06f) j       pc - 0x8
core   0: 3 0x8000b460 (0xff9ff06f)
core   0: 0x8000b458 (0x00001f17) auipc   t5, 0x1
core   0: 3 0x8000b458 (0x00001f17) x30 0x8000c458
core   0: 0x8000b45c (0xba3f2423) sw      gp, -1112(t5)
core   0: 3 0x8000b45c (0xba3f2423) mem 0x8000c000 0x00000001
core   0: 0x8000b460 (0xff9ff06f) j       pc - 0x8
core   0: 3 0x8000b460 (0xff9ff06f)
core   0: 0x8000b458 (0x00001f17) auipc   t5, 0x1
core   0: 3 0x8000b458 (0x00001f17) x30 0x8000c458
core   0: 0x8000b45c (0xba3f2423) sw      gp, -1112(t5)
core   0: 3 0x8000b45c (0xba3f2423) mem 0x8000c000 0x00000001
core   0: 0x8000b460 (0xff9ff06f) j       pc - 0x8
core   0: 3 0x8000b460 (0xff9ff06f)
core   0: 0x8000b458 (0x00001f17) auipc   t5, 0x1
core   0: 3 0x8000b458 (0x00001f17) x30 0x8000c458
core   0: 0x8000b45c (0xba3f2423) sw      gp, -1112(t5)
core   0: 3 0x8000b45c (0xba3f2423) mem 0x8000c000 0x00000001
core   0: 0x8000b460 (0xff9ff06f) j       pc - 0x8
core   0: 3 0x8000b460 (0xff9ff06f)
core   0: 0x8000b458 (0x00001f17) auipc   t5, 0x1
core   0: 3 0x8000b458 (0x00001f17) x30 0x8000c458
core   0: 0x8000b45c (0xba3f2423) sw      gp, -1112(t5)
core   0: 3 0x8000b45c (0xba3f2423) mem 0x8000c000 0x00000001
core   0: 0x8000b460 (0xff9ff06f) j       pc - 0x8
core   0: 3 0x8000b460 (0xff9ff06f)
core   0: 0x8000b458 (0x00001f17) auipc   t5, 0x1
core   0: 3 0x8000b458 (0x00001f17) x30 0x8000c458
core   0: 0x8000b45c (0xba3f2423) sw      gp, -1112(t5)
core   0: 3 0x8000b45c (0xba3f2423) mem 0x8000c000 0x00000001
core   0: 0x8000b460 (0xff9ff06f) j       pc - 0x8
core   0: 3 0x8000b460 (0xff9ff06f)
core   0: 0x8000b458 (0x00001f17) auipc   t5, 0x1
core   0: 3 0x8000b458 (0x00001f17) x30 0x8000c458
core   0: 0x8000b45c (0xba3f2423) sw      gp, -1112(t5)
core   0: 3 0x8000b45c (0xba3f2423) mem 0x8000c000 0x00000001
core   0: 0x8000b460 (0xff9ff06f) j       pc - 0x8
core   0: 3 0x8000b460 (0xff9ff06f)
core   0: 0x8000b458 (0x00001f17) auipc   t5, 0x1
core   0: 3 0x8000b458 (0x00001f17) x30 0x8000c458
core   0: 0x8000b45c (0xba3f2423) sw      gp, -1112(t5)
core   0: 3 0x8000b45c (0xba3f2423) mem 0x8000c000 0x00000001
core   0: 0x8000b460 (0xff9ff06f) j       pc - 0x8
core   0: 3 0x8000b460 (0xff9ff06f)
core   0: 0x8000b458 (0x00001f17) auipc   t5, 0x1
core   0: 3 0x8000b458 (0x00001f17) x30 0x8000c458
core   0: 0x8000b45c (0xba3f2423) sw      gp, -1112(t5)
core   0: 3 0x8000b45c (0xba3f2423) mem 0x8000c000 0x00000001
core   0: 0x8000b460 (0xff9ff06f) j       pc - 0x8
core   0: 3 0x8000b460 (0xff9ff06f)
core   0: 0x8000b458 (0x00001f17) auipc   t5, 0x1
core   0: 3 0x8000b458 (0x00001f17) x30 0x8000c458
core   0: 0x8000b45c (0xba3f2423) sw      gp, -1112(t5)
core   0: 3 0x8000b45c (0xba3f2423) mem 0x8000c000 0x00000001
core   0: 0x8000b460 (0xff9ff06f) j       pc - 0x8
core   0: 3 0x8000b460 (0xff9ff06f)
core   0: 0x8000b458 (0x00001f17) auipc   t5, 0x1
core   0: 3 0x8000b458 (0x00001f17) x30 0x8000c458
core   0: 0x8000b45c (0xba3f2423) sw      gp, -1112(t5)
core   0: 3 0x8000b45c (0xba3f2423) mem 0x8000c000 0x00000001
core   0: 0x8000b460 (0xff9ff06f) j       pc - 0x8
core   0: 3 0x8000b460 (0xff9ff06f)
core   0: 0x8000b458 (0x00001f17) auipc   t5, 0x1
core   0: 3 0x8000b458 (0x00001f17) x30 0x8000c458
core   0: 0x8000b45c (0xba3f2423) sw      gp, -1112(t5)
core   0: 3 0x8000b45c (0xba3f2423) mem 0x8000c000 0x00000001
core   0: 0x8000b460 (0xff9ff06f) j       pc - 0x8
core   0: 3 0x8000b460 (0xff9ff06f)
core   0: 0x8000b458 (0x00001f17) auipc   t5, 0x1
core   0: 3 0x8000b458 (0x00001f17) x30 0x8000c458
core   0: 0x8000b45c (0xba3f2423) sw      gp, -1112(t5)
core   0: 3 0x8000b45c (0xba3f2423) mem 0x8000c000 0x00000001
core   0: 0x8000b460 (0xff9ff06f) j       pc - 0x8
core   0: 3 0x8000b460 (0xff9ff06f)
core   0: 0x8000b458 (0x00001f17) auipc   t5, 0x1
core   0: 3 0x8000b458 (0x00001f17) x30 0x8000c458
core   0: 0x8000b45c (0xba3f2423) sw      gp, -1112(t5)
core   0: 3 0x8000b45c (0xba3f2423) mem 0x8000c000 0x00000001
core   0: 0x8000b460 (0xff9ff06f) j       pc - 0x8
core   0: 3 0x8000b460 (0xff9ff06f)
core   0: 0x8000b458 (0x00001f17) auipc   t5, 0x1
core   0: 3 0x8000b458 (0x00001f17) x30 0x8000c458
core   0: 0x8000b45c (0xba3f2423) sw      gp, -1112(t5)
core   0: 3 0x8000b45c (0xba3f2423) mem 0x8000c000 0x00000001
core   0: 0x8000b460 (0xff9ff06f) j       pc - 0x8
core   0: 3 0x8000b460 (0xff9ff06f)
core   0: 0x8000b458 (0x00001f17) auipc   t5, 0x1
core   0: 3 0x8000b458 (0x00001f17) x30 0x8000c458
core   0: 0x8000b45c (0xba3f2423) sw      gp, -1112(t5)
core   0: 3 0x8000b45c (0xba3f2423) mem 0x8000c000 0x00000001
core   0: 0x8000b460 (0xff9ff06f) j       pc - 0x8
core   0: 3 0x8000b460 (0xff9ff06f)
core   0: 0x8000b458 (0x00001f17) auipc   t5, 0x1
core   0: 3 0x8000b458 (0x00001f17) x30 0x8000c458
core   0: 0x8000b45c (0xba3f2423) sw      gp, -1112(t5)
core   0: 3 0x8000b45c (0xba3f2423) mem 0x8000c000 0x00000001
core   0: 0x8000b460 (0xff9ff06f) j       pc - 0x8
core   0: 3 0x8000b460 (0xff9ff06f)
core   0: 0x8000b458 (0x00001f17) auipc   t5, 0x1
core   0: 3 0x8000b458 (0x00001f17) x30 0x8000c458
core   0: 0x8000b45c (0xba3f2423) sw      gp, -1112(t5)
core   0: 3 0x8000b45c (0xba3f2423) mem 0x8000c000 0x00000001
core   0: 0x8000b460 (0xff9ff06f) j       pc - 0x8
core   0: 3 0x8000b460 (0xff9ff06f)
core   0: 0x8000b458 (0x00001f17) auipc   t5, 0x1
core   0: 3 0x8000b458 (0x00001f17) x30 0x8000c458
core   0: 0x8000b45c (0xba3f2423) sw      gp, -1112(t5)
core   0: 3 0x8000b45c (0xba3f2423) mem 0x8000c000 0x00000001
core   0: 0x8000b460 (0xff9ff06f) j       pc - 0x8
core   0: 3 0x8000b460 (0xff9ff06f)
core   0: 0x8000b458 (0x00001f17) auipc   t5, 0x1
core   0: 3 0x8000b458 (0x00001f17) x30 0x8000c458
core   0: 0x8000b45c (0xba3f2423) sw      gp, -1112(t5)
core   0: 3 0x8000b45c (0xba3f2423) mem 0x8000c000 0x00000001
core   0: 0x8000b460 (0xff9ff06f) j       pc - 0x8
core   0: 3 0x8000b460 (0xff9ff06f)
core   0: 0x8000b458 (0x00001f17) auipc   t5, 0x1
core   0: 3 0x8000b458 (0x00001f17) x30 0x8000c458
core   0: 0x8000b45c (0xba3f2423) sw      gp, -1112(t5)
core   0: 3 0x8000b45c (0xba3f2423) mem 0x8000c000 0x00000001
core   0: 0x8000b460 (0xff9ff06f) j       pc - 0x8
core   0: 3 0x8000b460 (0xff9ff06f)
core   0: 0x8000b458 (0x00001f17) auipc   t5, 0x1
core   0: 3 0x8000b458 (0x00001f17) x30 0x8000c458
core   0: 0x8000b45c (0xba3f2423) sw      gp, -1112(t5)
core   0: 3 0x8000b45c (0xba3f2423) mem 0x8000c000 0x00000001
core   0: 0x8000b460 (0xff9ff06f) j       pc - 0x8
core   0: 3 0x8000b460 (0xff9ff06f)
core   0: 0x8000b458 (0x00001f17) auipc   t5, 0x1
core   0: 3 0x8000b458 (0x00001f17) x30 0x8000c458
core   0: 0x8000b45c (0xba3f2423) sw      gp, -1112(t5)
core   0: 3 0x8000b45c (0xba3f2423) mem 0x8000c000 0x00000001
core   0: 0x8000b460 (0xff9ff06f) j       pc - 0x8
core   0: 3 0x8000b460 (0xff9ff06f)
core   0: 0x8000b458 (0x00001f17) auipc   t5, 0x1
core   0: 3 0x8000b458 (0x00001f17) x30 0x8000c458
core   0: 0x8000b45c (0xba3f2423) sw      gp, -1112(t5)
core   0: 3 0x8000b45c (0xba3f2423) mem 0x8000c000 0x00000001
core   0: 0x8000b460 (0xff9ff06f) j       pc - 0x8
core   0: 3 0x8000b460 (0xff9ff06f)
core   0: 0x8000b458 (0x00001f17) auipc   t5, 0x1
core   0: 3 0x8000b458 (0x00001f17) x30 0x8000c458
core   0: 0x8000b45c (0xba3f2423) sw      gp, -1112(t5)
core   0: 3 0x8000b45c (0xba3f2423) mem 0x8000c000 0x00000001
core   0: 0x8000b460 (0xff9ff06f) j       pc - 0x8
core   0: 3 0x8000b460 (0xff9ff06f)
core   0: 0x8000b458 (0x00001f17) auipc   t5, 0x1
core   0: 3 0x8000b458 (0x00001f17) x30 0x8000c458
core   0: 0x8000b45c (0xba3f2423) sw      gp, -1112(t5)
core   0: 3 0x8000b45c (0xba3f2423) mem 0x8000c000 0x00000001
core   0: 0x8000b460 (0xff9ff06f) j       pc - 0x8
core   0: 3 0x8000b460 (0xff9ff06f)
core   0: 0x8000b458 (0x00001f17) auipc   t5, 0x1
core   0: 3 0x8000b458 (0x00001f17) x30 0x8000c458
core   0: 0x8000b45c (0xba3f2423) sw      gp, -1112(t5)
core   0: 3 0x8000b45c (0xba3f2423) mem 0x8000c000 0x00000001
core   0: 0x8000b460 (0xff9ff06f) j       pc - 0x8
core   0: 3 0x8000b460 (0xff9ff06f)
core   0: 0x8000b458 (0x00001f17) auipc   t5, 0x1
core   0: 3 0x8000b458 (0x00001f17) x30 0x8000c458
core   0: 0x8000b45c (0xba3f2423) sw      gp, -1112(t5)
core   0: 3 0x8000b45c (0xba3f2423) mem 0x8000c000 0x00000001
core   0: 0x8000b460 (0xff9ff06f) j       pc - 0x8
core   0: 3 0x8000b460 (0xff9ff06f)
core   0: 0x8000b458 (0x00001f17) auipc   t5, 0x1
core   0: 3 0x8000b458 (0x00001f17) x30 0x8000c458
core   0: 0x8000b45c (0xba3f2423) sw      gp, -1112(t5)
core   0: 3 0x8000b45c (0xba3f2423) mem 0x8000c000 0x00000001
core   0: 0x8000b460 (0xff9ff06f) j       pc - 0x8
core   0: 3 0x8000b460 (0xff9ff06f)
core   0: 0x8000b458 (0x00001f17) auipc   t5, 0x1
core   0: 3 0x8000b458 (0x00001f17) x30 0x8000c458
core   0: 0x8000b45c (0xba3f2423) sw      gp, -1112(t5)
core   0: 3 0x8000b45c (0xba3f2423) mem 0x8000c000 0x00000001
core   0: 0x8000b460 (0xff9ff06f) j       pc - 0x8
core   0: 3 0x8000b460 (0xff9ff06f)
core   0: 0x8000b458 (0x00001f17) auipc   t5, 0x1
core   0: 3 0x8000b458 (0x00001f17) x30 0x8000c458
core   0: 0x8000b45c (0xba3f2423) sw      gp, -1112(t5)
core   0: 3 0x8000b45c (0xba3f2423) mem 0x8000c000 0x00000001
core   0: 0x8000b460 (0xff9ff06f) j       pc - 0x8
core   0: 3 0x8000b460 (0xff9ff06f)
core   0: 0x8000b458 (0x00001f17) auipc   t5, 0x1
core   0: 3 0x8000b458 (0x00001f17) x30 0x8000c458
core   0: 0x8000b45c (0xba3f2423) sw      gp, -1112(t5)
core   0: 3 0x8000b45c (0xba3f2423) mem 0x8000c000 0x00000001
core   0: 0x8000b460 (0xff9ff06f) j       pc - 0x8
core   0: 3 0x8000b460 (0xff9ff06f)
core   0: 0x8000b458 (0x00001f17) auipc   t5, 0x1
core   0: 3 0x8000b458 (0x00001f17) x30 0x8000c458
core   0: 0x8000b45c (0xba3f2423) sw      gp, -1112(t5)
core   0: 3 0x8000b45c (0xba3f2423) mem 0x8000c000 0x00000001
core   0: 0x8000b460 (0xff9ff06f) j       pc - 0x8
core   0: 3 0x8000b460 (0xff9ff06f)
core   0: 0x8000b458 (0x00001f17) auipc   t5, 0x1
core   0: 3 0x8000b458 (0x00001f17) x30 0x8000c458
core   0: 0x8000b45c (0xba3f2423) sw      gp, -1112(t5)
core   0: 3 0x8000b45c (0xba3f2423) mem 0x8000c000 0x00000001
core   0: 0x8000b460 (0xff9ff06f) j       pc - 0x8
core   0: 3 0x8000b460 (0xff9ff06f)
core   0: 0x8000b458 (0x00001f17) auipc   t5, 0x1
core   0: 3 0x8000b458 (0x00001f17) x30 0x8000c458
core   0: 0x8000b45c (0xba3f2423) sw      gp, -1112(t5)
core   0: 3 0x8000b45c (0xba3f2423) mem 0x8000c000 0x00000001
core   0: 0x8000b460 (0xff9ff06f) j       pc - 0x8
core   0: 3 0x8000b460 (0xff9ff06f)
core   0: 0x8000b458 (0x00001f17) auipc   t5, 0x1
core   0: 3 0x8000b458 (0x00001f17) x30 0x8000c458
core   0: 0x8000b45c (0xba3f2423) sw      gp, -1112(t5)
core   0: 3 0x8000b45c (0xba3f2423) mem 0x8000c000 0x00000001
core   0: 0x8000b460 (0xff9ff06f) j       pc - 0x8
core   0: 3 0x8000b460 (0xff9ff06f)
core   0: 0x8000b458 (0x00001f17) auipc   t5, 0x1
core   0: 3 0x8000b458 (0x00001f17) x30 0x8000c458
core   0: 0x8000b45c (0xba3f2423) sw      gp, -1112(t5)
core   0: 3 0x8000b45c (0xba3f2423) mem 0x8000c000 0x00000001
core   0: 0x8000b460 (0xff9ff06f) j       pc - 0x8
core   0: 3 0x8000b460 (0xff9ff06f)
core   0: 0x8000b458 (0x00001f17) auipc   t5, 0x1
core   0: 3 0x8000b458 (0x00001f17) x30 0x8000c458
core   0: 0x8000b45c (0xba3f2423) sw      gp, -1112(t5)
core   0: 3 0x8000b45c (0xba3f2423) mem 0x8000c000 0x00000001
core   0: 0x8000b460 (0xff9ff06f) j       pc - 0x8
core   0: 3 0x8000b460 (0xff9ff06f)
core   0: 0x8000b458 (0x00001f17) auipc   t5, 0x1
core   0: 3 0x8000b458 (0x00001f17) x30 0x8000c458
core   0: 0x8000b45c (0xba3f2423) sw      gp, -1112(t5)
core   0: 3 0x8000b45c (0xba3f2423) mem 0x8000c000 0x00000001
core   0: 0x8000b460 (0xff9ff06f) j       pc - 0x8
core   0: 3 0x8000b460 (0xff9ff06f)
core   0: 0x8000b458 (0x00001f17) auipc   t5, 0x1
core   0: 3 0x8000b458 (0x00001f17) x30 0x8000c458
core   0: 0x8000b45c (0xba3f2423) sw      gp, -1112(t5)
core   0: 3 0x8000b45c (0xba3f2423) mem 0x8000c000 0x00000001
core   0: 0x8000b460 (0xff9ff06f) j       pc - 0x8
core   0: 3 0x8000b460 (0xff9ff06f)
core   0: 0x8000b458 (0x00001f17) auipc   t5, 0x1
core   0: 3 0x8000b458 (0x00001f17) x30 0x8000c458
core   0: 0x8000b45c (0xba3f2423) sw      gp, -1112(t5)
core   0: 3 0x8000b45c (0xba3f2423) mem 0x8000c000 0x00000001
core   0: 0x8000b460 (0xff9ff06f) j       pc - 0x8
core   0: 3 0x8000b460 (0xff9ff06f)
core   0: 0x8000b458 (0x00001f17) auipc   t5, 0x1
core   0: 3 0x8000b458 (0x00001f17) x30 0x8000c458
core   0: 0x8000b45c (0xba3f2423) sw      gp, -1112(t5)
core   0: 3 0x8000b45c (0xba3f2423) mem 0x8000c000 0x00000001
core   0: 0x8000b460 (0xff9ff06f) j       pc - 0x8
core   0: 3 0x8000b460 (0xff9ff06f)
core   0: 0x8000b458 (0x00001f17) auipc   t5, 0x1
core   0: 3 0x8000b458 (0x00001f17) x30 0x8000c458
core   0: 0x8000b45c (0xba3f2423) sw      gp, -1112(t5)
core   0: 3 0x8000b45c (0xba3f2423) mem 0x8000c000 0x00000001
core   0: 0x8000b460 (0xff9ff06f) j       pc - 0x8
core   0: 3 0x8000b460 (0xff9ff06f)
core   0: 0x8000b458 (0x00001f17) auipc   t5, 0x1
core   0: 3 0x8000b458 (0x00001f17) x30 0x8000c458
core   0: 0x8000b45c (0xba3f2423) sw      gp, -1112(t5)
core   0: 3 0x8000b45c (0xba3f2423) mem 0x8000c000 0x00000001
core   0: 0x8000b460 (0xff9ff06f) j       pc - 0x8
core   0: 3 0x8000b460 (0xff9ff06f)
core   0: 0x8000b458 (0x00001f17) auipc   t5, 0x1
core   0: 3 0x8000b458 (0x00001f17) x30 0x8000c458
core   0: 0x8000b45c (0xba3f2423) sw      gp, -1112(t5)
core   0: 3 0x8000b45c (0xba3f2423) mem 0x8000c000 0x00000001
core   0: 0x8000b460 (0xff9ff06f) j       pc - 0x8
core   0: 3 0x8000b460 (0xff9ff06f)
core   0: 0x8000b458 (0x00001f17) auipc   t5, 0x1
core   0: 3 0x8000b458 (0x00001f17) x30 0x8000c458
core   0: 0x8000b45c (0xba3f2423) sw      gp, -1112(t5)
core   0: 3 0x8000b45c (0xba3f2423) mem 0x8000c000 0x00000001
core   0: 0x8000b460 (0xff9ff06f) j       pc - 0x8
core   0: 3 0x8000b460 (0xff9ff06f)
core   0: 0x8000b458 (0x00001f17) auipc   t5, 0x1
core   0: 3 0x8000b458 (0x00001f17) x30 0x8000c458
core   0: 0x8000b45c (0xba3f2423) sw      gp, -1112(t5)
core   0: 3 0x8000b45c (0xba3f2423) mem 0x8000c000 0x00000001
core   0: 0x8000b460 (0xff9ff06f) j       pc - 0x8
core   0: 3 0x8000b460 (0xff9ff06f)
core   0: 0x8000b458 (0x00001f17) auipc   t5, 0x1
core   0: 3 0x8000b458 (0x00001f17) x30 0x8000c458
core   0: 0x8000b45c (0xba3f2423) sw      gp, -1112(t5)
core   0: 3 0x8000b45c (0xba3f2423) mem 0x8000c000 0x00000001
core   0: 0x8000b460 (0xff9ff06f) j       pc - 0x8
core   0: 3 0x8000b460 (0xff9ff06f)
core   0: 0x8000b458 (0x00001f17) auipc   t5, 0x1
core   0: 3 0x8000b458 (0x00001f17) x30 0x8000c458
core   0: 0x8000b45c (0xba3f2423) sw      gp, -1112(t5)
core   0: 3 0x8000b45c (0xba3f2423) mem 0x8000c000 0x00000001
core   0: 0x8000b460 (0xff9ff06f) j       pc - 0x8
core   0: 3 0x8000b460 (0xff9ff06f)
core   0: 0x8000b458 (0x00001f17) auipc   t5, 0x1
core   0: 3 0x8000b458 (0x00001f17) x30 0x8000c458
core   0: 0x8000b45c (0xba3f2423) sw      gp, -1112(t5)
core   0: 3 0x8000b45c (0xba3f2423) mem 0x8000c000 0x00000001
core   0: 0x8000b460 (0xff9ff06f) j       pc - 0x8
core   0: 3 0x8000b460 (0xff9ff06f)
core   0: 0x8000b458 (0x00001f17) auipc   t5, 0x1
core   0: 3 0x8000b458 (0x00001f17) x30 0x8000c458
core   0: 0x8000b45c (0xba3f2423) sw      gp, -1112(t5)
core   0: 3 0x8000b45c (0xba3f2423) mem 0x8000c000 0x00000001
core   0: 0x8000b460 (0xff9ff06f) j       pc - 0x8
core   0: 3 0x8000b460 (0xff9ff06f)
core   0: 0x8000b458 (0x00001f17) auipc   t5, 0x1
core   0: 3 0x8000b458 (0x00001f17) x30 0x8000c458
core   0: 0x8000b45c (0xba3f2423) sw      gp, -1112(t5)
core   0: 3 0x8000b45c (0xba3f2423) mem 0x8000c000 0x00000001
core   0: 0x8000b460 (0xff9ff06f) j       pc - 0x8
core   0: 3 0x8000b460 (0xff9ff06f)
core   0: 0x8000b458 (0x00001f17) auipc   t5, 0x1
core   0: 3 0x8000b458 (0x00001f17) x30 0x8000c458
core   0: 0x8000b45c (0xba3f2423) sw      gp, -1112(t5)
core   0: 3 0x8000b45c (0xba3f2423) mem 0x8000c000 0x00000001
core   0: 0x8000b460 (0xff9ff06f) j       pc - 0x8
core   0: 3 0x8000b460 (0xff9ff06f)
core   0: 0x8000b458 (0x00001f17) auipc   t5, 0x1
core   0: 3 0x8000b458 (0x00001f17) x30 0x8000c458
core   0: 0x8000b45c (0xba3f2423) sw      gp, -1112(t5)
core   0: 3 0x8000b45c (0xba3f2423) mem 0x8000c000 0x00000001
core   0: 0x8000b460 (0xff9ff06f) j       pc - 0x8
core   0: 3 0x8000b460 (0xff9ff06f)
core   0: 0x8000b458 (0x00001f17) auipc   t5, 0x1
core   0: 3 0x8000b458 (0x00001f17) x30 0x8000c458
core   0: 0x8000b45c (0xba3f2423) sw      gp, -1112(t5)
core   0: 3 0x8000b45c (0xba3f2423) mem 0x8000c000 0x00000001
core   0: 0x8000b460 (0xff9ff06f) j       pc - 0x8
core   0: 3 0x8000b460 (0xff9ff06f)
core   0: 0x8000b458 (0x00001f17) auipc   t5, 0x1
core   0: 3 0x8000b458 (0x00001f17) x30 0x8000c458
core   0: 0x8000b45c (0xba3f2423) sw      gp, -1112(t5)
core   0: 3 0x8000b45c (0xba3f2423) mem 0x8000c000 0x00000001
core   0: 0x8000b460 (0xff9ff06f) j       pc - 0x8
core   0: 3 0x8000b460 (0xff9ff06f)
core   0: 0x8000b458 (0x00001f17) auipc   t5, 0x1
core   0: 3 0x8000b458 (0x00001f17) x30 0x8000c458
core   0: 0x8000b45c (0xba3f2423) sw      gp, -1112(t5)
core   0: 3 0x8000b45c (0xba3f2423) mem 0x8000c000 0x00000001
core   0: 0x8000b460 (0xff9ff06f) j       pc - 0x8
core   0: 3 0x8000b460 (0xff9ff06f)
core   0: 0x8000b458 (0x00001f17) auipc   t5, 0x1
core   0: 3 0x8000b458 (0x00001f17) x30 0x8000c458
core   0: 0x8000b45c (0xba3f2423) sw      gp, -1112(t5)
core   0: 3 0x8000b45c (0xba3f2423) mem 0x8000c000 0x00000001
core   0: 0x8000b460 (0xff9ff06f) j       pc - 0x8
core   0: 3 0x8000b460 (0xff9ff06f)
core   0: 0x8000b458 (0x00001f17) auipc   t5, 0x1
core   0: 3 0x8000b458 (0x00001f17) x30 0x8000c458
core   0: 0x8000b45c (0xba3f2423) sw      gp, -1112(t5)
core   0: 3 0x8000b45c (0xba3f2423) mem 0x8000c000 0x00000001
core   0: 0x8000b460 (0xff9ff06f) j       pc - 0x8
core   0: 3 0x8000b460 (0xff9ff06f)
core   0: 0x8000b458 (0x00001f17) auipc   t5, 0x1
core   0: 3 0x8000b458 (0x00001f17) x30 0x8000c458
core   0: 0x8000b45c (0xba3f2423) sw      gp, -1112(t5)
core   0: 3 0x8000b45c (0xba3f2423) mem 0x8000c000 0x00000001
core   0: 0x8000b460 (0xff9ff06f) j       pc - 0x8
core   0: 3 0x8000b460 (0xff9ff06f)
core   0: 0x8000b458 (0x00001f17) auipc   t5, 0x1
core   0: 3 0x8000b458 (0x00001f17) x30 0x8000c458
core   0: 0x8000b45c (0xba3f2423) sw      gp, -1112(t5)
core   0: 3 0x8000b45c (0xba3f2423) mem 0x8000c000 0x00000001
core   0: 0x8000b460 (0xff9ff06f) j       pc - 0x8
core   0: 3 0x8000b460 (0xff9ff06f)
core   0: 0x8000b458 (0x00001f17) auipc   t5, 0x1
core   0: 3 0x8000b458 (0x00001f17) x30 0x8000c458
core   0: 0x8000b45c (0xba3f2423) sw      gp, -1112(t5)
core   0: 3 0x8000b45c (0xba3f2423) mem 0x8000c000 0x00000001
core   0: 0x8000b460 (0xff9ff06f) j       pc - 0x8
core   0: 3 0x8000b460 (0xff9ff06f)
core   0: 0x8000b458 (0x00001f17) auipc   t5, 0x1
core   0: 3 0x8000b458 (0x00001f17) x30 0x8000c458
core   0: 0x8000b45c (0xba3f2423) sw      gp, -1112(t5)
core   0: 3 0x8000b45c (0xba3f2423) mem 0x8000c000 0x00000001
core   0: 0x8000b460 (0xff9ff06f) j       pc - 0x8
core   0: 3 0x8000b460 (0xff9ff06f)
core   0: 0x8000b458 (0x00001f17) auipc   t5, 0x1
core   0: 3 0x8000b458 (0x00001f17) x30 0x8000c458
core   0: 0x8000b45c (0xba3f2423) sw      gp, -1112(t5)
core   0: 3 0x8000b45c (0xba3f2423) mem 0x8000c000 0x00000001
core   0: 0x8000b460 (0xff9ff06f) j       pc - 0x8
core   0: 3 0x8000b460 (0xff9ff06f)
core   0: 0x8000b458 (0x00001f17) auipc   t5, 0x1
core   0: 3 0x8000b458 (0x00001f17) x30 0x8000c458
core   0: 0x8000b45c (0xba3f2423) sw      gp, -1112(t5)
core   0: 3 0x8000b45c (0xba3f2423) mem 0x8000c000 0x00000001
core   0: 0x8000b460 (0xff9ff06f) j       pc - 0x8
core   0: 3 0x8000b460 (0xff9ff06f)
core   0: 0x8000b458 (0x00001f17) auipc   t5, 0x1
core   0: 3 0x8000b458 (0x00001f17) x30 0x8000c458
core   0: 0x8000b45c (0xba3f2423) sw      gp, -1112(t5)
core   0: 3 0x8000b45c (0xba3f2423) mem 0x8000c000 0x00000001
core   0: 0x8000b460 (0xff9ff06f) j       pc - 0x8
core   0: 3 0x8000b460 (0xff9ff06f)
core   0: 0x8000b458 (0x00001f17) auipc   t5, 0x1
core   0: 3 0x8000b458 (0x00001f17) x30 0x8000c458
core   0: 0x8000b45c (0xba3f2423) sw      gp, -1112(t5)
core   0: 3 0x8000b45c (0xba3f2423) mem 0x8000c000 0x00000001
core   0: 0x8000b460 (0xff9ff06f) j       pc - 0x8
core   0: 3 0x8000b460 (0xff9ff06f)
core   0: 0x8000b458 (0x00001f17) auipc   t5, 0x1
core   0: 3 0x8000b458 (0x00001f17) x30 0x8000c458
core   0: 0x8000b45c (0xba3f2423) sw      gp, -1112(t5)
core   0: 3 0x8000b45c (0xba3f2423) mem 0x8000c000 0x00000001
core   0: 0x8000b460 (0xff9ff06f) j       pc - 0x8
core   0: 3 0x8000b460 (0xff9ff06f)
core   0: 0x8000b458 (0x00001f17) auipc   t5, 0x1
core   0: 3 0x8000b458 (0x00001f17) x30 0x8000c458
core   0: 0x8000b45c (0xba3f2423) sw      gp, -1112(t5)
core   0: 3 0x8000b45c (0xba3f2423) mem 0x8000c000 0x00000001
core   0: 0x8000b460 (0xff9ff06f) j       pc - 0x8
core   0: 3 0x8000b460 (0xff9ff06f)
core   0: 0x8000b458 (0x00001f17) auipc   t5, 0x1
core   0: 3 0x8000b458 (0x00001f17) x30 0x8000c458
core   0: 0x8000b45c (0xba3f2423) sw      gp, -1112(t5)
core   0: 3 0x8000b45c (0xba3f2423) mem 0x8000c000 0x00000001
core   0: 0x8000b460 (0xff9ff06f) j       pc - 0x8
core   0: 3 0x8000b460 (0xff9ff06f)
core   0: 0x8000b458 (0x00001f17) auipc   t5, 0x1
core   0: 3 0x8000b458 (0x00001f17) x30 0x8000c458
core   0: 0x8000b45c (0xba3f2423) sw      gp, -1112(t5)
core   0: 3 0x8000b45c (0xba3f2423) mem 0x8000c000 0x00000001
core   0: 0x8000b460 (0xff9ff06f) j       pc - 0x8
core   0: 3 0x8000b460 (0xff9ff06f)
core   0: 0x8000b458 (0x00001f17) auipc   t5, 0x1
core   0: 3 0x8000b458 (0x00001f17) x30 0x8000c458
core   0: 0x8000b45c (0xba3f2423) sw      gp, -1112(t5)
core   0: 3 0x8000b45c (0xba3f2423) mem 0x8000c000 0x00000001
core   0: 0x8000b460 (0xff9ff06f) j       pc - 0x8
core   0: 3 0x8000b460 (0xff9ff06f)
core   0: 0x8000b458 (0x00001f17) auipc   t5, 0x1
core   0: 3 0x8000b458 (0x00001f17) x30 0x8000c458
core   0: 0x8000b45c (0xba3f2423) sw      gp, -1112(t5)
core   0: 3 0x8000b45c (0xba3f2423) mem 0x8000c000 0x00000001
core   0: 0x8000b460 (0xff9ff06f) j       pc - 0x8
core   0: 3 0x8000b460 (0xff9ff06f)
core   0: 0x8000b458 (0x00001f17) auipc   t5, 0x1
core   0: 3 0x8000b458 (0x00001f17) x30 0x8000c458
core   0: 0x8000b45c (0xba3f2423) sw      gp, -1112(t5)
core   0: 3 0x8000b45c (0xba3f2423) mem 0x8000c000 0x00000001
core   0: 0x8000b460 (0xff9ff06f) j       pc - 0x8
core   0: 3 0x8000b460 (0xff9ff06f)
core   0: 0x8000b458 (0x00001f17) auipc   t5, 0x1
core   0: 3 0x8000b458 (0x00001f17) x30 0x8000c458
core   0: 0x8000b45c (0xba3f2423) sw      gp, -1112(t5)
core   0: 3 0x8000b45c (0xba3f2423) mem 0x8000c000 0x00000001
core   0: 0x8000b460 (0xff9ff06f) j       pc - 0x8
core   0: 3 0x8000b460 (0xff9ff06f)
core   0: 0x8000b458 (0x00001f17) auipc   t5, 0x1
core   0: 3 0x8000b458 (0x00001f17) x30 0x8000c458
core   0: 0x8000b45c (0xba3f2423) sw      gp, -1112(t5)
core   0: 3 0x8000b45c (0xba3f2423) mem 0x8000c000 0x00000001
core   0: 0x8000b460 (0xff9ff06f) j       pc - 0x8
core   0: 3 0x8000b460 (0xff9ff06f)
core   0: 0x8000b458 (0x00001f17) auipc   t5, 0x1
core   0: 3 0x8000b458 (0x00001f17) x30 0x8000c458
core   0: 0x8000b45c (0xba3f2423) sw      gp, -1112(t5)
core   0: 3 0x8000b45c (0xba3f2423) mem 0x8000c000 0x00000001
core   0: 0x8000b460 (0xff9ff06f) j       pc - 0x8
core   0: 3 0x8000b460 (0xff9ff06f)
core   0: 0x8000b458 (0x00001f17) auipc   t5, 0x1
core   0: 3 0x8000b458 (0x00001f17) x30 0x8000c458
core   0: 0x8000b45c (0xba3f2423) sw      gp, -1112(t5)
core   0: 3 0x8000b45c (0xba3f2423) mem 0x8000c000 0x00000001
core   0: 0x8000b460 (0xff9ff06f) j       pc - 0x8
core   0: 3 0x8000b460 (0xff9ff06f)
core   0: 0x8000b458 (0x00001f17) auipc   t5, 0x1
core   0: 3 0x8000b458 (0x00001f17) x30 0x8000c458
core   0: 0x8000b45c (0xba3f2423) sw      gp, -1112(t5)
core   0: 3 0x8000b45c (0xba3f2423) mem 0x8000c000 0x00000001
core   0: 0x8000b460 (0xff9ff06f) j       pc - 0x8
core   0: 3 0x8000b460 (0xff9ff06f)
core   0: 0x8000b458 (0x00001f17) auipc   t5, 0x1
core   0: 3 0x8000b458 (0x00001f17) x30 0x8000c458
core   0: 0x8000b45c (0xba3f2423) sw      gp, -1112(t5)
core   0: 3 0x8000b45c (0xba3f2423) mem 0x8000c000 0x00000001
core   0: 0x8000b460 (0xff9ff06f) j       pc - 0x8
core   0: 3 0x8000b460 (0xff9ff06f)
core   0: 0x8000b458 (0x00001f17) auipc   t5, 0x1
core   0: 3 0x8000b458 (0x00001f17) x30 0x8000c458
core   0: 0x8000b45c (0xba3f2423) sw      gp, -1112(t5)
core   0: 3 0x8000b45c (0xba3f2423) mem 0x8000c000 0x00000001
core   0: 0x8000b460 (0xff9ff06f) j       pc - 0x8
core   0: 3 0x8000b460 (0xff9ff06f)
core   0: 0x8000b458 (0x00001f17) auipc   t5, 0x1
core   0: 3 0x8000b458 (0x00001f17) x30 0x8000c458
core   0: 0x8000b45c (0xba3f2423) sw      gp, -1112(t5)
core   0: 3 0x8000b45c (0xba3f2423) mem 0x8000c000 0x00000001
core   0: 0x8000b460 (0xff9ff06f) j       pc - 0x8
core   0: 3 0x8000b460 (0xff9ff06f)
core   0: 0x8000b458 (0x00001f17) auipc   t5, 0x1
core   0: 3 0x8000b458 (0x00001f17) x30 0x8000c458
core   0: 0x8000b45c (0xba3f2423) sw      gp, -1112(t5)
core   0: 3 0x8000b45c (0xba3f2423) mem 0x8000c000 0x00000001
core   0: 0x8000b460 (0xff9ff06f) j       pc - 0x8
core   0: 3 0x8000b460 (0xff9ff06f)
core   0: 0x8000b458 (0x00001f17) auipc   t5, 0x1
core   0: 3 0x8000b458 (0x00001f17) x30 0x8000c458
core   0: 0x8000b45c (0xba3f2423) sw      gp, -1112(t5)
core   0: 3 0x8000b45c (0xba3f2423) mem 0x8000c000 0x00000001
core   0: 0x8000b460 (0xff9ff06f) j       pc - 0x8
core   0: 3 0x8000b460 (0xff9ff06f)
core   0: 0x8000b458 (0x00001f17) auipc   t5, 0x1
core   0: 3 0x8000b458 (0x00001f17) x30 0x8000c458
core   0: 0x8000b45c (0xba3f2423) sw      gp, -1112(t5)
core   0: 3 0x8000b45c (0xba3f2423) mem 0x8000c000 0x00000001
core   0: 0x8000b460 (0xff9ff06f) j       pc - 0x8
core   0: 3 0x8000b460 (0xff9ff06f)
core   0: 0x8000b458 (0x00001f17) auipc   t5, 0x1
core   0: 3 0x8000b458 (0x00001f17) x30 0x8000c458
core   0: 0x8000b45c (0xba3f2423) sw      gp, -1112(t5)
core   0: 3 0x8000b45c (0xba3f2423) mem 0x8000c000 0x00000001
core   0: 0x8000b460 (0xff9ff06f) j       pc - 0x8
core   0: 3 0x8000b460 (0xff9ff06f)
core   0: 0x8000b458 (0x00001f17) auipc   t5, 0x1
core   0: 3 0x8000b458 (0x00001f17) x30 0x8000c458
core   0: 0x8000b45c (0xba3f2423) sw      gp, -1112(t5)
core   0: 3 0x8000b45c (0xba3f2423) mem 0x8000c000 0x00000001
core   0: 0x8000b460 (0xff9ff06f) j       pc - 0x8
core   0: 3 0x8000b460 (0xff9ff06f)
core   0: 0x8000b458 (0x00001f17) auipc   t5, 0x1
core   0: 3 0x8000b458 (0x00001f17) x30 0x8000c458
core   0: 0x8000b45c (0xba3f2423) sw      gp, -1112(t5)
core   0: 3 0x8000b45c (0xba3f2423) mem 0x8000c000 0x00000001
core   0: 0x8000b460 (0xff9ff06f) j       pc - 0x8
core   0: 3 0x8000b460 (0xff9ff06f)
core   0: 0x8000b458 (0x00001f17) auipc   t5, 0x1
core   0: 3 0x8000b458 (0x00001f17) x30 0x8000c458
core   0: 0x8000b45c (0xba3f2423) sw      gp, -1112(t5)
core   0: 3 0x8000b45c (0xba3f2423) mem 0x8000c000 0x00000001
core   0: 0x8000b460 (0xff9ff06f) j       pc - 0x8
core   0: 3 0x8000b460 (0xff9ff06f)
core   0: 0x8000b458 (0x00001f17) auipc   t5, 0x1
core   0: 3 0x8000b458 (0x00001f17) x30 0x8000c458
core   0: 0x8000b45c (0xba3f2423) sw      gp, -1112(t5)
core   0: 3 0x8000b45c (0xba3f2423) mem 0x8000c000 0x00000001
core   0: 0x8000b460 (0xff9ff06f) j       pc - 0x8
core   0: 3 0x8000b460 (0xff9ff06f)
core   0: 0x8000b458 (0x00001f17) auipc   t5, 0x1
core   0: 3 0x8000b458 (0x00001f17) x30 0x8000c458
core   0: 0x8000b45c (0xba3f2423) sw      gp, -1112(t5)
core   0: 3 0x8000b45c (0xba3f2423) mem 0x8000c000 0x00000001
core   0: 0x8000b460 (0xff9ff06f) j       pc - 0x8
core   0: 3 0x8000b460 (0xff9ff06f)
core   0: 0x8000b458 (0x00001f17) auipc   t5, 0x1
core   0: 3 0x8000b458 (0x00001f17) x30 0x8000c458
core   0: 0x8000b45c (0xba3f2423) sw      gp, -1112(t5)
core   0: 3 0x8000b45c (0xba3f2423) mem 0x8000c000 0x00000001
core   0: 0x8000b460 (0xff9ff06f) j       pc - 0x8
core   0: 3 0x8000b460 (0xff9ff06f)
core   0: 0x8000b458 (0x00001f17) auipc   t5, 0x1
core   0: 3 0x8000b458 (0x00001f17) x30 0x8000c458
core   0: 0x8000b45c (0xba3f2423) sw      gp, -1112(t5)
core   0: 3 0x8000b45c (0xba3f2423) mem 0x8000c000 0x00000001
core   0: 0x8000b460 (0xff9ff06f) j       pc - 0x8
core   0: 3 0x8000b460 (0xff9ff06f)
core   0: 0x8000b458 (0x00001f17) auipc   t5, 0x1
core   0: 3 0x8000b458 (0x00001f17) x30 0x8000c458
core   0: 0x8000b45c (0xba3f2423) sw      gp, -1112(t5)
core   0: 3 0x8000b45c (0xba3f2423) mem 0x8000c000 0x00000001
core   0: 0x8000b460 (0xff9ff06f) j       pc - 0x8
core   0: 3 0x8000b460 (0xff9ff06f)
core   0: 0x8000b458 (0x00001f17) auipc   t5, 0x1
core   0: 3 0x8000b458 (0x00001f17) x30 0x8000c458
core   0: 0x8000b45c (0xba3f2423) sw      gp, -1112(t5)
core   0: 3 0x8000b45c (0xba3f2423) mem 0x8000c000 0x00000001
core   0: 0x8000b460 (0xff9ff06f) j       pc - 0x8
core   0: 3 0x8000b460 (0xff9ff06f)
core   0: 0x8000b458 (0x00001f17) auipc   t5, 0x1
core   0: 3 0x8000b458 (0x00001f17) x30 0x8000c458
core   0: 0x8000b45c (0xba3f2423) sw      gp, -1112(t5)
core   0: 3 0x8000b45c (0xba3f2423) mem 0x8000c000 0x00000001
core   0: 0x8000b460 (0xff9ff06f) j       pc - 0x8
core   0: 3 0x8000b460 (0xff9ff06f)
core   0: 0x8000b458 (0x00001f17) auipc   t5, 0x1
core   0: 3 0x8000b458 (0x00001f17) x30 0x8000c458
core   0: 0x8000b45c (0xba3f2423) sw      gp, -1112(t5)
core   0: 3 0x8000b45c (0xba3f2423) mem 0x8000c000 0x00000001
core   0: 0x8000b460 (0xff9ff06f) j       pc - 0x8
core   0: 3 0x8000b460 (0xff9ff06f)
core   0: 0x8000b458 (0x00001f17) auipc   t5, 0x1
core   0: 3 0x8000b458 (0x00001f17) x30 0x8000c458
core   0: 0x8000b45c (0xba3f2423) sw      gp, -1112(t5)
core   0: 3 0x8000b45c (0xba3f2423) mem 0x8000c000 0x00000001
core   0: 0x8000b460 (0xff9ff06f) j       pc - 0x8
core   0: 3 0x8000b460 (0xff9ff06f)
core   0: 0x8000b458 (0x00001f17) auipc   t5, 0x1
core   0: 3 0x8000b458 (0x00001f17) x30 0x8000c458
core   0: 0x8000b45c (0xba3f2423) sw      gp, -1112(t5)
core   0: 3 0x8000b45c (0xba3f2423) mem 0x8000c000 0x00000001
core   0: 0x8000b460 (0xff9ff06f) j       pc - 0x8
core   0: 3 0x8000b460 (0xff9ff06f)
core   0: 0x8000b458 (0x00001f17) auipc   t5, 0x1
core   0: 3 0x8000b458 (0x00001f17) x30 0x8000c458
core   0: 0x8000b45c (0xba3f2423) sw      gp, -1112(t5)
core   0: 3 0x8000b45c (0xba3f2423) mem 0x8000c000 0x00000001
core   0: 0x8000b460 (0xff9ff06f) j       pc - 0x8
core   0: 3 0x8000b460 (0xff9ff06f)
core   0: 0x8000b458 (0x00001f17) auipc   t5, 0x1
core   0: 3 0x8000b458 (0x00001f17) x30 0x8000c458
core   0: 0x8000b45c (0xba3f2423) sw      gp, -1112(t5)
core   0: 3 0x8000b45c (0xba3f2423) mem 0x8000c000 0x00000001
core   0: 0x8000b460 (0xff9ff06f) j       pc - 0x8
core   0: 3 0x8000b460 (0xff9ff06f)
core   0: 0x8000b458 (0x00001f17) auipc   t5, 0x1
core   0: 3 0x8000b458 (0x00001f17) x30 0x8000c458
core   0: 0x8000b45c (0xba3f2423) sw      gp, -1112(t5)
core   0: 3 0x8000b45c (0xba3f2423) mem 0x8000c000 0x00000001
core   0: 0x8000b460 (0xff9ff06f) j       pc - 0x8
core   0: 3 0x8000b460 (0xff9ff06f)
core   0: 0x8000b458 (0x00001f17) auipc   t5, 0x1
core   0: 3 0x8000b458 (0x00001f17) x30 0x8000c458
core   0: 0x8000b45c (0xba3f2423) sw      gp, -1112(t5)
core   0: 3 0x8000b45c (0xba3f2423) mem 0x8000c000 0x00000001
core   0: 0x8000b460 (0xff9ff06f) j       pc - 0x8
core   0: 3 0x8000b460 (0xff9ff06f)
core   0: 0x8000b458 (0x00001f17) auipc   t5, 0x1
core   0: 3 0x8000b458 (0x00001f17) x30 0x8000c458
core   0: 0x8000b45c (0xba3f2423) sw      gp, -1112(t5)
core   0: 3 0x8000b45c (0xba3f2423) mem 0x8000c000 0x00000001
core   0: 0x8000b460 (0xff9ff06f) j       pc - 0x8
core   0: 3 0x8000b460 (0xff9ff06f)
core   0: 0x8000b458 (0x00001f17) auipc   t5, 0x1
core   0: 3 0x8000b458 (0x00001f17) x30 0x8000c458
core   0: 0x8000b45c (0xba3f2423) sw      gp, -1112(t5)
core   0: 3 0x8000b45c (0xba3f2423) mem 0x8000c000 0x00000001
core   0: 0x8000b460 (0xff9ff06f) j       pc - 0x8
core   0: 3 0x8000b460 (0xff9ff06f)
core   0: 0x8000b458 (0x00001f17) auipc   t5, 0x1
core   0: 3 0x8000b458 (0x00001f17) x30 0x8000c458
core   0: 0x8000b45c (0xba3f2423) sw      gp, -1112(t5)
core   0: 3 0x8000b45c (0xba3f2423) mem 0x8000c000 0x00000001
core   0: 0x8000b460 (0xff9ff06f) j       pc - 0x8
core   0: 3 0x8000b460 (0xff9ff06f)
core   0: 0x8000b458 (0x00001f17) auipc   t5, 0x1
core   0: 3 0x8000b458 (0x00001f17) x30 0x8000c458
core   0: 0x8000b45c (0xba3f2423) sw      gp, -1112(t5)
core   0: 3 0x8000b45c (0xba3f2423) mem 0x8000c000 0x00000001
core   0: 0x8000b460 (0xff9ff06f) j       pc - 0x8
core   0: 3 0x8000b460 (0xff9ff06f)
core   0: 0x8000b458 (0x00001f17) auipc   t5, 0x1
core   0: 3 0x8000b458 (0x00001f17) x30 0x8000c458
core   0: 0x8000b45c (0xba3f2423) sw      gp, -1112(t5)
core   0: 3 0x8000b45c (0xba3f2423) mem 0x8000c000 0x00000001
core   0: 0x8000b460 (0xff9ff06f) j       pc - 0x8
core   0: 3 0x8000b460 (0xff9ff06f)
core   0: 0x8000b458 (0x00001f17) auipc   t5, 0x1
core   0: 3 0x8000b458 (0x00001f17) x30 0x8000c458
core   0: 0x8000b45c (0xba3f2423) sw      gp, -1112(t5)
core   0: 3 0x8000b45c (0xba3f2423) mem 0x8000c000 0x00000001
core   0: 0x8000b460 (0xff9ff06f) j       pc - 0x8
core   0: 3 0x8000b460 (0xff9ff06f)
core   0: 0x8000b458 (0x00001f17) auipc   t5, 0x1
core   0: 3 0x8000b458 (0x00001f17) x30 0x8000c458
core   0: 0x8000b45c (0xba3f2423) sw      gp, -1112(t5)
core   0: 3 0x8000b45c (0xba3f2423) mem 0x8000c000 0x00000001
core   0: 0x8000b460 (0xff9ff06f) j       pc - 0x8
core   0: 3 0x8000b460 (0xff9ff06f)
core   0: 0x8000b458 (0x00001f17) auipc   t5, 0x1
core   0: 3 0x8000b458 (0x00001f17) x30 0x8000c458
core   0: 0x8000b45c (0xba3f2423) sw      gp, -1112(t5)
core   0: 3 0x8000b45c (0xba3f2423) mem 0x8000c000 0x00000001
core   0: 0x8000b460 (0xff9ff06f) j       pc - 0x8
core   0: 3 0x8000b460 (0xff9ff06f)
core   0: 0x8000b458 (0x00001f17) auipc   t5, 0x1
core   0: 3 0x8000b458 (0x00001f17) x30 0x8000c458
core   0: 0x8000b45c (0xba3f2423) sw      gp, -1112(t5)
core   0: 3 0x8000b45c (0xba3f2423) mem 0x8000c000 0x00000001
core   0: 0x8000b460 (0xff9ff06f) j       pc - 0x8
core   0: 3 0x8000b460 (0xff9ff06f)
core   0: 0x8000b458 (0x00001f17) auipc   t5, 0x1
core   0: 3 0x8000b458 (0x00001f17) x30 0x8000c458
core   0: 0x8000b45c (0xba3f2423) sw      gp, -1112(t5)
core   0: 3 0x8000b45c (0xba3f2423) mem 0x8000c000 0x00000001
core   0: 0x8000b460 (0xff9ff06f) j       pc - 0x8
core   0: 3 0x8000b460 (0xff9ff06f)
core   0: 0x8000b458 (0x00001f17) auipc   t5, 0x1
core   0: 3 0x8000b458 (0x00001f17) x30 0x8000c458
core   0: 0x8000b45c (0xba3f2423) sw      gp, -1112(t5)
core   0: 3 0x8000b45c (0xba3f2423) mem 0x8000c000 0x00000001
core   0: 0x8000b460 (0xff9ff06f) j       pc - 0x8
core   0: 3 0x8000b460 (0xff9ff06f)
core   0: 0x8000b458 (0x00001f17) auipc   t5, 0x1
core   0: 3 0x8000b458 (0x00001f17) x30 0x8000c458
core   0: 0x8000b45c (0xba3f2423) sw      gp, -1112(t5)
core   0: 3 0x8000b45c (0xba3f2423) mem 0x8000c000 0x00000001
core   0: 0x8000b460 (0xff9ff06f) j       pc - 0x8
core   0: 3 0x8000b460 (0xff9ff06f)
core   0: 0x8000b458 (0x00001f17) auipc   t5, 0x1
core   0: 3 0x8000b458 (0x00001f17) x30 0x8000c458
core   0: 0x8000b45c (0xba3f2423) sw      gp, -1112(t5)
core   0: 3 0x8000b45c (0xba3f2423) mem 0x8000c000 0x00000001
core   0: 0x8000b460 (0xff9ff06f) j       pc - 0x8
core   0: 3 0x8000b460 (0xff9ff06f)
core   0: 0x8000b458 (0x00001f17) auipc   t5, 0x1
core   0: 3 0x8000b458 (0x00001f17) x30 0x8000c458
core   0: 0x8000b45c (0xba3f2423) sw      gp, -1112(t5)
core   0: 3 0x8000b45c (0xba3f2423) mem 0x8000c000 0x00000001
core   0: 0x8000b460 (0xff9ff06f) j       pc - 0x8
core   0: 3 0x8000b460 (0xff9ff06f)
core   0: 0x8000b458 (0x00001f17) auipc   t5, 0x1
core   0: 3 0x8000b458 (0x00001f17) x30 0x8000c458
core   0: 0x8000b45c (0xba3f2423) sw      gp, -1112(t5)
core   0: 3 0x8000b45c (0xba3f2423) mem 0x8000c000 0x00000001
core   0: 0x8000b460 (0xff9ff06f) j       pc - 0x8
core   0: 3 0x8000b460 (0xff9ff06f)
core   0: 0x8000b458 (0x00001f17) auipc   t5, 0x1
core   0: 3 0x8000b458 (0x00001f17) x30 0x8000c458
core   0: 0x8000b45c (0xba3f2423) sw      gp, -1112(t5)
core   0: 3 0x8000b45c (0xba3f2423) mem 0x8000c000 0x00000001
core   0: 0x8000b460 (0xff9ff06f) j       pc - 0x8
core   0: 3 0x8000b460 (0xff9ff06f)
core   0: 0x8000b458 (0x00001f17) auipc   t5, 0x1
core   0: 3 0x8000b458 (0x00001f17) x30 0x8000c458
core   0: 0x8000b45c (0xba3f2423) sw      gp, -1112(t5)
core   0: 3 0x8000b45c (0xba3f2423) mem 0x8000c000 0x00000001
core   0: 0x8000b460 (0xff9ff06f) j       pc - 0x8
core   0: 3 0x8000b460 (0xff9ff06f)
core   0: 0x8000b458 (0x00001f17) auipc   t5, 0x1
core   0: 3 0x8000b458 (0x00001f17) x30 0x8000c458
core   0: 0x8000b45c (0xba3f2423) sw      gp, -1112(t5)
core   0: 3 0x8000b45c (0xba3f2423) mem 0x8000c000 0x00000001
core   0: 0x8000b460 (0xff9ff06f) j       pc - 0x8
core   0: 3 0x8000b460 (0xff9ff06f)
core   0: 0x8000b458 (0x00001f17) auipc   t5, 0x1
core   0: 3 0x8000b458 (0x00001f17) x30 0x8000c458
core   0: 0x8000b45c (0xba3f2423) sw      gp, -1112(t5)
core   0: 3 0x8000b45c (0xba3f2423) mem 0x8000c000 0x00000001
core   0: 0x8000b460 (0xff9ff06f) j       pc - 0x8
core   0: 3 0x8000b460 (0xff9ff06f)
core   0: 0x8000b458 (0x00001f17) auipc   t5, 0x1
core   0: 3 0x8000b458 (0x00001f17) x30 0x8000c458
core   0: 0x8000b45c (0xba3f2423) sw      gp, -1112(t5)
core   0: 3 0x8000b45c (0xba3f2423) mem 0x8000c000 0x00000001
core   0: 0x8000b460 (0xff9ff06f) j       pc - 0x8
core   0: 3 0x8000b460 (0xff9ff06f)
core   0: 0x8000b458 (0x00001f17) auipc   t5, 0x1
core   0: 3 0x8000b458 (0x00001f17) x30 0x8000c458
core   0: 0x8000b45c (0xba3f2423) sw      gp, -1112(t5)
core   0: 3 0x8000b45c (0xba3f2423) mem 0x8000c000 0x00000001
core   0: 0x8000b460 (0xff9ff06f) j       pc - 0x8
core   0: 3 0x8000b460 (0xff9ff06f)
core   0: 0x8000b458 (0x00001f17) auipc   t5, 0x1
core   0: 3 0x8000b458 (0x00001f17) x30 0x8000c458
core   0: 0x8000b45c (0xba3f2423) sw      gp, -1112(t5)
core   0: 3 0x8000b45c (0xba3f2423) mem 0x8000c000 0x00000001
core   0: 0x8000b460 (0xff9ff06f) j       pc - 0x8
core   0: 3 0x8000b460 (0xff9ff06f)
core   0: 0x8000b458 (0x00001f17) auipc   t5, 0x1
core   0: 3 0x8000b458 (0x00001f17) x30 0x8000c458
core   0: 0x8000b45c (0xba3f2423) sw      gp, -1112(t5)
core   0: 3 0x8000b45c (0xba3f2423) mem 0x8000c000 0x00000001
core   0: 0x8000b460 (0xff9ff06f) j       pc - 0x8
core   0: 3 0x8000b460 (0xff9ff06f)
core   0: 0x8000b458 (0x00001f17) auipc   t5, 0x1
core   0: 3 0x8000b458 (0x00001f17) x30 0x8000c458
core   0: 0x8000b45c (0xba3f2423) sw      gp, -1112(t5)
core   0: 3 0x8000b45c (0xba3f2423) mem 0x8000c000 0x00000001
core   0: 0x8000b460 (0xff9ff06f) j       pc - 0x8
core   0: 3 0x8000b460 (0xff9ff06f)
core   0: 0x8000b458 (0x00001f17) auipc   t5, 0x1
core   0: 3 0x8000b458 (0x00001f17) x30 0x8000c458
core   0: 0x8000b45c (0xba3f2423) sw      gp, -1112(t5)
core   0: 3 0x8000b45c (0xba3f2423) mem 0x8000c000 0x00000001
core   0: 0x8000b460 (0xff9ff06f) j       pc - 0x8
core   0: 3 0x8000b460 (0xff9ff06f)
core   0: 0x8000b458 (0x00001f17) auipc   t5, 0x1
core   0: 3 0x8000b458 (0x00001f17) x30 0x8000c458
core   0: 0x8000b45c (0xba3f2423) sw      gp, -1112(t5)
core   0: 3 0x8000b45c (0xba3f2423) mem 0x8000c000 0x00000001
core   0: 0x8000b460 (0xff9ff06f) j       pc - 0x8
core   0: 3 0x8000b460 (0xff9ff06f)
core   0: 0x8000b458 (0x00001f17) auipc   t5, 0x1
core   0: 3 0x8000b458 (0x00001f17) x30 0x8000c458
core   0: 0x8000b45c (0xba3f2423) sw      gp, -1112(t5)
core   0: 3 0x8000b45c (0xba3f2423) mem 0x8000c000 0x00000001
core   0: 0x8000b460 (0xff9ff06f) j       pc - 0x8
core   0: 3 0x8000b460 (0xff9ff06f)
core   0: 0x8000b458 (0x00001f17) auipc   t5, 0x1
core   0: 3 0x8000b458 (0x00001f17) x30 0x8000c458
core   0: 0x8000b45c (0xba3f2423) sw      gp, -1112(t5)
core   0: 3 0x8000b45c (0xba3f2423) mem 0x8000c000 0x00000001
core   0: 0x8000b460 (0xff9ff06f) j       pc - 0x8
core   0: 3 0x8000b460 (0xff9ff06f)
core   0: 0x8000b458 (0x00001f17) auipc   t5, 0x1
core   0: 3 0x8000b458 (0x00001f17) x30 0x8000c458
core   0: 0x8000b45c (0xba3f2423) sw      gp, -1112(t5)
core   0: 3 0x8000b45c (0xba3f2423) mem 0x8000c000 0x00000001
core   0: 0x8000b460 (0xff9ff06f) j       pc - 0x8
core   0: 3 0x8000b460 (0xff9ff06f)
core   0: 0x8000b458 (0x00001f17) auipc   t5, 0x1
core   0: 3 0x8000b458 (0x00001f17) x30 0x8000c458
core   0: 0x8000b45c (0xba3f2423) sw      gp, -1112(t5)
core   0: 3 0x8000b45c (0xba3f2423) mem 0x8000c000 0x00000001
core   0: 0x8000b460 (0xff9ff06f) j       pc - 0x8
core   0: 3 0x8000b460 (0xff9ff06f)
core   0: 0x8000b458 (0x00001f17) auipc   t5, 0x1
core   0: 3 0x8000b458 (0x00001f17) x30 0x8000c458
core   0: 0x8000b45c (0xba3f2423) sw      gp, -1112(t5)
core   0: 3 0x8000b45c (0xba3f2423) mem 0x8000c000 0x00000001
core   0: 0x8000b460 (0xff9ff06f) j       pc - 0x8
core   0: 3 0x8000b460 (0xff9ff06f)
core   0: 0x8000b458 (0x00001f17) auipc   t5, 0x1
core   0: 3 0x8000b458 (0x00001f17) x30 0x8000c458
core   0: 0x8000b45c (0xba3f2423) sw      gp, -1112(t5)
core   0: 3 0x8000b45c (0xba3f2423) mem 0x8000c000 0x00000001
core   0: 0x8000b460 (0xff9ff06f) j       pc - 0x8
core   0: 3 0x8000b460 (0xff9ff06f)
core   0: 0x8000b458 (0x00001f17) auipc   t5, 0x1
core   0: 3 0x8000b458 (0x00001f17) x30 0x8000c458
core   0: 0x8000b45c (0xba3f2423) sw      gp, -1112(t5)
core   0: 3 0x8000b45c (0xba3f2423) mem 0x8000c000 0x00000001
core   0: 0x8000b460 (0xff9ff06f) j       pc - 0x8
core   0: 3 0x8000b460 (0xff9ff06f)
core   0: 0x8000b458 (0x00001f17) auipc   t5, 0x1
core   0: 3 0x8000b458 (0x00001f17) x30 0x8000c458
core   0: 0x8000b45c (0xba3f2423) sw      gp, -1112(t5)
core   0: 3 0x8000b45c (0xba3f2423) mem 0x8000c000 0x00000001
core   0: 0x8000b460 (0xff9ff06f) j       pc - 0x8
core   0: 3 0x8000b460 (0xff9ff06f)
core   0: 0x8000b458 (0x00001f17) auipc   t5, 0x1
core   0: 3 0x8000b458 (0x00001f17) x30 0x8000c458
core   0: 0x8000b45c (0xba3f2423) sw      gp, -1112(t5)
core   0: 3 0x8000b45c (0xba3f2423) mem 0x8000c000 0x00000001
core   0: 0x8000b460 (0xff9ff06f) j       pc - 0x8
core   0: 3 0x8000b460 (0xff9ff06f)
core   0: 0x8000b458 (0x00001f17) auipc   t5, 0x1
core   0: 3 0x8000b458 (0x00001f17) x30 0x8000c458
core   0: 0x8000b45c (0xba3f2423) sw      gp, -1112(t5)
core   0: 3 0x8000b45c (0xba3f2423) mem 0x8000c000 0x00000001
core   0: 0x8000b460 (0xff9ff06f) j       pc - 0x8
core   0: 3 0x8000b460 (0xff9ff06f)
core   0: 0x8000b458 (0x00001f17) auipc   t5, 0x1
core   0: 3 0x8000b458 (0x00001f17) x30 0x8000c458
core   0: 0x8000b45c (0xba3f2423) sw      gp, -1112(t5)
core   0: 3 0x8000b45c (0xba3f2423) mem 0x8000c000 0x00000001
core   0: 0x8000b460 (0xff9ff06f) j       pc - 0x8
core   0: 3 0x8000b460 (0xff9ff06f)
core   0: 0x8000b458 (0x00001f17) auipc   t5, 0x1
core   0: 3 0x8000b458 (0x00001f17) x30 0x8000c458
core   0: 0x8000b45c (0xba3f2423) sw      gp, -1112(t5)
core   0: 3 0x8000b45c (0xba3f2423) mem 0x8000c000 0x00000001
core   0: 0x8000b460 (0xff9ff06f) j       pc - 0x8
core   0: 3 0x8000b460 (0xff9ff06f)
core   0: 0x8000b458 (0x00001f17) auipc   t5, 0x1
core   0: 3 0x8000b458 (0x00001f17) x30 0x8000c458
core   0: 0x8000b45c (0xba3f2423) sw      gp, -1112(t5)
core   0: 3 0x8000b45c (0xba3f2423) mem 0x8000c000 0x00000001
core   0: 0x8000b460 (0xff9ff06f) j       pc - 0x8
core   0: 3 0x8000b460 (0xff9ff06f)
core   0: 0x8000b458 (0x00001f17) auipc   t5, 0x1
core   0: 3 0x8000b458 (0x00001f17) x30 0x8000c458
core   0: 0x8000b45c (0xba3f2423) sw      gp, -1112(t5)
core   0: 3 0x8000b45c (0xba3f2423) mem 0x8000c000 0x00000001
core   0: 0x8000b460 (0xff9ff06f) j       pc - 0x8
core   0: 3 0x8000b460 (0xff9ff06f)
core   0: 0x8000b458 (0x00001f17) auipc   t5, 0x1
core   0: 3 0x8000b458 (0x00001f17) x30 0x8000c458
core   0: 0x8000b45c (0xba3f2423) sw      gp, -1112(t5)
core   0: 3 0x8000b45c (0xba3f2423) mem 0x8000c000 0x00000001
core   0: 0x8000b460 (0xff9ff06f) j       pc - 0x8
core   0: 3 0x8000b460 (0xff9ff06f)
core   0: 0x8000b458 (0x00001f17) auipc   t5, 0x1
core   0: 3 0x8000b458 (0x00001f17) x30 0x8000c458
core   0: 0x8000b45c (0xba3f2423) sw      gp, -1112(t5)
core   0: 3 0x8000b45c (0xba3f2423) mem 0x8000c000 0x00000001
core   0: 0x8000b460 (0xff9ff06f) j       pc - 0x8
core   0: 3 0x8000b460 (0xff9ff06f)
core   0: 0x8000b458 (0x00001f17) auipc   t5, 0x1
core   0: 3 0x8000b458 (0x00001f17) x30 0x8000c458
core   0: 0x8000b45c (0xba3f2423) sw      gp, -1112(t5)
core   0: 3 0x8000b45c (0xba3f2423) mem 0x8000c000 0x00000001
core   0: 0x8000b460 (0xff9ff06f) j       pc - 0x8
core   0: 3 0x8000b460 (0xff9ff06f)
core   0: 0x8000b458 (0x00001f17) auipc   t5, 0x1
core   0: 3 0x8000b458 (0x00001f17) x30 0x8000c458
core   0: 0x8000b45c (0xba3f2423) sw      gp, -1112(t5)
core   0: 3 0x8000b45c (0xba3f2423) mem 0x8000c000 0x00000001
core   0: 0x8000b460 (0xff9ff06f) j       pc - 0x8
core   0: 3 0x8000b460 (0xff9ff06f)
core   0: 0x8000b458 (0x00001f17) auipc   t5, 0x1
core   0: 3 0x8000b458 (0x00001f17) x30 0x8000c458
core   0: 0x8000b45c (0xba3f2423) sw      gp, -1112(t5)
core   0: 3 0x8000b45c (0xba3f2423) mem 0x8000c000 0x00000001
core   0: 0x8000b460 (0xff9ff06f) j       pc - 0x8
core   0: 3 0x8000b460 (0xff9ff06f)
core   0: 0x8000b458 (0x00001f17) auipc   t5, 0x1
core   0: 3 0x8000b458 (0x00001f17) x30 0x8000c458
core   0: 0x8000b45c (0xba3f2423) sw      gp, -1112(t5)
core   0: 3 0x8000b45c (0xba3f2423) mem 0x8000c000 0x00000001
core   0: 0x8000b460 (0xff9ff06f) j       pc - 0x8
core   0: 3 0x8000b460 (0xff9ff06f)
core   0: 0x8000b458 (0x00001f17) auipc   t5, 0x1
core   0: 3 0x8000b458 (0x00001f17) x30 0x8000c458
core   0: 0x8000b45c (0xba3f2423) sw      gp, -1112(t5)
core   0: 3 0x8000b45c (0xba3f2423) mem 0x8000c000 0x00000001
core   0: 0x8000b460 (0xff9ff06f) j       pc - 0x8
core   0: 3 0x8000b460 (0xff9ff06f)
core   0: 0x8000b458 (0x00001f17) auipc   t5, 0x1
core   0: 3 0x8000b458 (0x00001f17) x30 0x8000c458
core   0: 0x8000b45c (0xba3f2423) sw      gp, -1112(t5)
core   0: 3 0x8000b45c (0xba3f2423) mem 0x8000c000 0x00000001
core   0: 0x8000b460 (0xff9ff06f) j       pc - 0x8
core   0: 3 0x8000b460 (0xff9ff06f)
core   0: 0x8000b458 (0x00001f17) auipc   t5, 0x1
core   0: 3 0x8000b458 (0x00001f17) x30 0x8000c458
core   0: 0x8000b45c (0xba3f2423) sw      gp, -1112(t5)
core   0: 3 0x8000b45c (0xba3f2423) mem 0x8000c000 0x00000001
core   0: 0x8000b460 (0xff9ff06f) j       pc - 0x8
core   0: 3 0x8000b460 (0xff9ff06f)
core   0: 0x8000b458 (0x00001f17) auipc   t5, 0x1
core   0: 3 0x8000b458 (0x00001f17) x30 0x8000c458
core   0: 0x8000b45c (0xba3f2423) sw      gp, -1112(t5)
core   0: 3 0x8000b45c (0xba3f2423) mem 0x8000c000 0x00000001
core   0: 0x8000b460 (0xff9ff06f) j       pc - 0x8
core   0: 3 0x8000b460 (0xff9ff06f)
core   0: 0x8000b458 (0x00001f17) auipc   t5, 0x1
core   0: 3 0x8000b458 (0x00001f17) x30 0x8000c458
core   0: 0x8000b45c (0xba3f2423) sw      gp, -1112(t5)
core   0: 3 0x8000b45c (0xba3f2423) mem 0x8000c000 0x00000001
core   0: 0x8000b460 (0xff9ff06f) j       pc - 0x8
core   0: 3 0x8000b460 (0xff9ff06f)
core   0: 0x8000b458 (0x00001f17) auipc   t5, 0x1
core   0: 3 0x8000b458 (0x00001f17) x30 0x8000c458
core   0: 0x8000b45c (0xba3f2423) sw      gp, -1112(t5)
core   0: 3 0x8000b45c (0xba3f2423) mem 0x8000c000 0x00000001
core   0: 0x8000b460 (0xff9ff06f) j       pc - 0x8
core   0: 3 0x8000b460 (0xff9ff06f)
core   0: 0x8000b458 (0x00001f17) auipc   t5, 0x1
core   0: 3 0x8000b458 (0x00001f17) x30 0x8000c458
core   0: 0x8000b45c (0xba3f2423) sw      gp, -1112(t5)
core   0: 3 0x8000b45c (0xba3f2423) mem 0x8000c000 0x00000001
core   0: 0x8000b460 (0xff9ff06f) j       pc - 0x8
core   0: 3 0x8000b460 (0xff9ff06f)
core   0: 0x8000b458 (0x00001f17) auipc   t5, 0x1
core   0: 3 0x8000b458 (0x00001f17) x30 0x8000c458
core   0: 0x8000b45c (0xba3f2423) sw      gp, -1112(t5)
core   0: 3 0x8000b45c (0xba3f2423) mem 0x8000c000 0x00000001
core   0: 0x8000b460 (0xff9ff06f) j       pc - 0x8
core   0: 3 0x8000b460 (0xff9ff06f)
core   0: 0x8000b458 (0x00001f17) auipc   t5, 0x1
core   0: 3 0x8000b458 (0x00001f17) x30 0x8000c458
core   0: 0x8000b45c (0xba3f2423) sw      gp, -1112(t5)
core   0: 3 0x8000b45c (0xba3f2423) mem 0x8000c000 0x00000001
core   0: 0x8000b460 (0xff9ff06f) j       pc - 0x8
core   0: 3 0x8000b460 (0xff9ff06f)
core   0: 0x8000b458 (0x00001f17) auipc   t5, 0x1
core   0: 3 0x8000b458 (0x00001f17) x30 0x8000c458
core   0: 0x8000b45c (0xba3f2423) sw      gp, -1112(t5)
core   0: 3 0x8000b45c (0xba3f2423) mem 0x8000c000 0x00000001
core   0: 0x8000b460 (0xff9ff06f) j       pc - 0x8
core   0: 3 0x8000b460 (0xff9ff06f)
core   0: 0x8000b458 (0x00001f17) auipc   t5, 0x1
core   0: 3 0x8000b458 (0x00001f17) x30 0x8000c458
core   0: 0x8000b45c (0xba3f2423) sw      gp, -1112(t5)
core   0: 3 0x8000b45c (0xba3f2423) mem 0x8000c000 0x00000001
core   0: 0x8000b460 (0xff9ff06f) j       pc - 0x8
core   0: 3 0x8000b460 (0xff9ff06f)
core   0: 0x8000b458 (0x00001f17) auipc   t5, 0x1
core   0: 3 0x8000b458 (0x00001f17) x30 0x8000c458
core   0: 0x8000b45c (0xba3f2423) sw      gp, -1112(t5)
core   0: 3 0x8000b45c (0xba3f2423) mem 0x8000c000 0x00000001
core   0: 0x8000b460 (0xff9ff06f) j       pc - 0x8
core   0: 3 0x8000b460 (0xff9ff06f)
core   0: 0x8000b458 (0x00001f17) auipc   t5, 0x1
core   0: 3 0x8000b458 (0x00001f17) x30 0x8000c458
core   0: 0x8000b45c (0xba3f2423) sw      gp, -1112(t5)
core   0: 3 0x8000b45c (0xba3f2423) mem 0x8000c000 0x00000001
core   0: 0x8000b460 (0xff9ff06f) j       pc - 0x8
core   0: 3 0x8000b460 (0xff9ff06f)
core   0: 0x8000b458 (0x00001f17) auipc   t5, 0x1
core   0: 3 0x8000b458 (0x00001f17) x30 0x8000c458
core   0: 0x8000b45c (0xba3f2423) sw      gp, -1112(t5)
core   0: 3 0x8000b45c (0xba3f2423) mem 0x8000c000 0x00000001
core   0: 0x8000b460 (0xff9ff06f) j       pc - 0x8
core   0: 3 0x8000b460 (0xff9ff06f)
core   0: 0x8000b458 (0x00001f17) auipc   t5, 0x1
core   0: 3 0x8000b458 (0x00001f17) x30 0x8000c458
core   0: 0x8000b45c (0xba3f2423) sw      gp, -1112(t5)
core   0: 3 0x8000b45c (0xba3f2423) mem 0x8000c000 0x00000001
core   0: 0x8000b460 (0xff9ff06f) j       pc - 0x8
core   0: 3 0x8000b460 (0xff9ff06f)
core   0: 0x8000b458 (0x00001f17) auipc   t5, 0x1
core   0: 3 0x8000b458 (0x00001f17) x30 0x8000c458
core   0: 0x8000b45c (0xba3f2423) sw      gp, -1112(t5)
core   0: 3 0x8000b45c (0xba3f2423) mem 0x8000c000 0x00000001
core   0: 0x8000b460 (0xff9ff06f) j       pc - 0x8
core   0: 3 0x8000b460 (0xff9ff06f)
core   0: 0x8000b458 (0x00001f17) auipc   t5, 0x1
core   0: 3 0x8000b458 (0x00001f17) x30 0x8000c458
core   0: 0x8000b45c (0xba3f2423) sw      gp, -1112(t5)
core   0: 3 0x8000b45c (0xba3f2423) mem 0x8000c000 0x00000001
core   0: 0x8000b460 (0xff9ff06f) j       pc - 0x8
core   0: 3 0x8000b460 (0xff9ff06f)
core   0: 0x8000b458 (0x00001f17) auipc   t5, 0x1
core   0: 3 0x8000b458 (0x00001f17) x30 0x8000c458
core   0: 0x8000b45c (0xba3f2423) sw      gp, -1112(t5)
core   0: 3 0x8000b45c (0xba3f2423) mem 0x8000c000 0x00000001
core   0: 0x8000b460 (0xff9ff06f) j       pc - 0x8
core   0: 3 0x8000b460 (0xff9ff06f)
core   0: 0x8000b458 (0x00001f17) auipc   t5, 0x1
core   0: 3 0x8000b458 (0x00001f17) x30 0x8000c458
core   0: 0x8000b45c (0xba3f2423) sw      gp, -1112(t5)
core   0: 3 0x8000b45c (0xba3f2423) mem 0x8000c000 0x00000001
core   0: 0x8000b460 (0xff9ff06f) j       pc - 0x8
core   0: 3 0x8000b460 (0xff9ff06f)
core   0: 0x8000b458 (0x00001f17) auipc   t5, 0x1
core   0: 3 0x8000b458 (0x00001f17) x30 0x8000c458
core   0: 0x8000b45c (0xba3f2423) sw      gp, -1112(t5)
core   0: 3 0x8000b45c (0xba3f2423) mem 0x8000c000 0x00000001
core   0: 0x8000b460 (0xff9ff06f) j       pc - 0x8
core   0: 3 0x8000b460 (0xff9ff06f)
core   0: 0x8000b458 (0x00001f17) auipc   t5, 0x1
core   0: 3 0x8000b458 (0x00001f17) x30 0x8000c458
core   0: 0x8000b45c (0xba3f2423) sw      gp, -1112(t5)
core   0: 3 0x8000b45c (0xba3f2423) mem 0x8000c000 0x00000001
core   0: 0x8000b460 (0xff9ff06f) j       pc - 0x8
core   0: 3 0x8000b460 (0xff9ff06f)
core   0: 0x8000b458 (0x00001f17) auipc   t5, 0x1
core   0: 3 0x8000b458 (0x00001f17) x30 0x8000c458
core   0: 0x8000b45c (0xba3f2423) sw      gp, -1112(t5)
core   0: 3 0x8000b45c (0xba3f2423) mem 0x8000c000 0x00000001
core   0: 0x8000b460 (0xff9ff06f) j       pc - 0x8
core   0: 3 0x8000b460 (0xff9ff06f)
core   0: 0x8000b458 (0x00001f17) auipc   t5, 0x1
core   0: 3 0x8000b458 (0x00001f17) x30 0x8000c458
core   0: 0x8000b45c (0xba3f2423) sw      gp, -1112(t5)
core   0: 3 0x8000b45c (0xba3f2423) mem 0x8000c000 0x00000001
core   0: 0x8000b460 (0xff9ff06f) j       pc - 0x8
core   0: 3 0x8000b460 (0xff9ff06f)
core   0: 0x8000b458 (0x00001f17) auipc   t5, 0x1
core   0: 3 0x8000b458 (0x00001f17) x30 0x8000c458
core   0: 0x8000b45c (0xba3f2423) sw      gp, -1112(t5)
core   0: 3 0x8000b45c (0xba3f2423) mem 0x8000c000 0x00000001
core   0: 0x8000b460 (0xff9ff06f) j       pc - 0x8
core   0: 3 0x8000b460 (0xff9ff06f)
core   0: 0x8000b458 (0x00001f17) auipc   t5, 0x1
core   0: 3 0x8000b458 (0x00001f17) x30 0x8000c458
core   0: 0x8000b45c (0xba3f2423) sw      gp, -1112(t5)
core   0: 3 0x8000b45c (0xba3f2423) mem 0x8000c000 0x00000001
core   0: 0x8000b460 (0xff9ff06f) j       pc - 0x8
core   0: 3 0x8000b460 (0xff9ff06f)
core   0: 0x8000b458 (0x00001f17) auipc   t5, 0x1
core   0: 3 0x8000b458 (0x00001f17) x30 0x8000c458
core   0: 0x8000b45c (0xba3f2423) sw      gp, -1112(t5)
core   0: 3 0x8000b45c (0xba3f2423) mem 0x8000c000 0x00000001
core   0: 0x8000b460 (0xff9ff06f) j       pc - 0x8
core   0: 3 0x8000b460 (0xff9ff06f)
core   0: 0x8000b458 (0x00001f17) auipc   t5, 0x1
core   0: 3 0x8000b458 (0x00001f17) x30 0x8000c458
core   0: 0x8000b45c (0xba3f2423) sw      gp, -1112(t5)
core   0: 3 0x8000b45c (0xba3f2423) mem 0x8000c000 0x00000001
core   0: 0x8000b460 (0xff9ff06f) j       pc - 0x8
core   0: 3 0x8000b460 (0xff9ff06f)
core   0: 0x8000b458 (0x00001f17) auipc   t5, 0x1
core   0: 3 0x8000b458 (0x00001f17) x30 0x8000c458
core   0: 0x8000b45c (0xba3f2423) sw      gp, -1112(t5)
core   0: 3 0x8000b45c (0xba3f2423) mem 0x8000c000 0x00000001
core   0: 0x8000b460 (0xff9ff06f) j       pc - 0x8
core   0: 3 0x8000b460 (0xff9ff06f)
core   0: 0x8000b458 (0x00001f17) auipc   t5, 0x1
core   0: 3 0x8000b458 (0x00001f17) x30 0x8000c458
core   0: 0x8000b45c (0xba3f2423) sw      gp, -1112(t5)
core   0: 3 0x8000b45c (0xba3f2423) mem 0x8000c000 0x00000001
core   0: 0x8000b460 (0xff9ff06f) j       pc - 0x8
core   0: 3 0x8000b460 (0xff9ff06f)
core   0: 0x8000b458 (0x00001f17) auipc   t5, 0x1
core   0: 3 0x8000b458 (0x00001f17) x30 0x8000c458
core   0: 0x8000b45c (0xba3f2423) sw      gp, -1112(t5)
core   0: 3 0x8000b45c (0xba3f2423) mem 0x8000c000 0x00000001
core   0: 0x8000b460 (0xff9ff06f) j       pc - 0x8
core   0: 3 0x8000b460 (0xff9ff06f)
core   0: 0x8000b458 (0x00001f17) auipc   t5, 0x1
core   0: 3 0x8000b458 (0x00001f17) x30 0x8000c458
core   0: 0x8000b45c (0xba3f2423) sw      gp, -1112(t5)
core   0: 3 0x8000b45c (0xba3f2423) mem 0x8000c000 0x00000001
core   0: 0x8000b460 (0xff9ff06f) j       pc - 0x8
core   0: 3 0x8000b460 (0xff9ff06f)
core   0: 0x8000b458 (0x00001f17) auipc   t5, 0x1
core   0: 3 0x8000b458 (0x00001f17) x30 0x8000c458
core   0: 0x8000b45c (0xba3f2423) sw      gp, -1112(t5)
core   0: 3 0x8000b45c (0xba3f2423) mem 0x8000c000 0x00000001
core   0: 0x8000b460 (0xff9ff06f) j       pc - 0x8
core   0: 3 0x8000b460 (0xff9ff06f)
core   0: 0x8000b458 (0x00001f17) auipc   t5, 0x1
core   0: 3 0x8000b458 (0x00001f17) x30 0x8000c458
core   0: 0x8000b45c (0xba3f2423) sw      gp, -1112(t5)
core   0: 3 0x8000b45c (0xba3f2423) mem 0x8000c000 0x00000001
core   0: 0x8000b460 (0xff9ff06f) j       pc - 0x8
core   0: 3 0x8000b460 (0xff9ff06f)
core   0: 0x8000b458 (0x00001f17) auipc   t5, 0x1
core   0: 3 0x8000b458 (0x00001f17) x30 0x8000c458
core   0: 0x8000b45c (0xba3f2423) sw      gp, -1112(t5)
core   0: 3 0x8000b45c (0xba3f2423) mem 0x8000c000 0x00000001
core   0: 0x8000b460 (0xff9ff06f) j       pc - 0x8
core   0: 3 0x8000b460 (0xff9ff06f)
core   0: 0x8000b458 (0x00001f17) auipc   t5, 0x1
core   0: 3 0x8000b458 (0x00001f17) x30 0x8000c458
core   0: 0x8000b45c (0xba3f2423) sw      gp, -1112(t5)
core   0: 3 0x8000b45c (0xba3f2423) mem 0x8000c000 0x00000001
core   0: 0x8000b460 (0xff9ff06f) j       pc - 0x8
core   0: 3 0x8000b460 (0xff9ff06f)
core   0: 0x8000b458 (0x00001f17) auipc   t5, 0x1
core   0: 3 0x8000b458 (0x00001f17) x30 0x8000c458
core   0: 0x8000b45c (0xba3f2423) sw      gp, -1112(t5)
core   0: 3 0x8000b45c (0xba3f2423) mem 0x8000c000 0x00000001
core   0: 0x8000b460 (0xff9ff06f) j       pc - 0x8
core   0: 3 0x8000b460 (0xff9ff06f)
core   0: 0x8000b458 (0x00001f17) auipc   t5, 0x1
core   0: 3 0x8000b458 (0x00001f17) x30 0x8000c458
core   0: 0x8000b45c (0xba3f2423) sw      gp, -1112(t5)
core   0: 3 0x8000b45c (0xba3f2423) mem 0x8000c000 0x00000001
core   0: 0x8000b460 (0xff9ff06f) j       pc - 0x8
core   0: 3 0x8000b460 (0xff9ff06f)
core   0: 0x8000b458 (0x00001f17) auipc   t5, 0x1
core   0: 3 0x8000b458 (0x00001f17) x30 0x8000c458
core   0: 0x8000b45c (0xba3f2423) sw      gp, -1112(t5)
core   0: 3 0x8000b45c (0xba3f2423) mem 0x8000c000 0x00000001
core   0: 0x8000b460 (0xff9ff06f) j       pc - 0x8
core   0: 3 0x8000b460 (0xff9ff06f)
core   0: 0x8000b458 (0x00001f17) auipc   t5, 0x1
core   0: 3 0x8000b458 (0x00001f17) x30 0x8000c458
core   0: 0x8000b45c (0xba3f2423) sw      gp, -1112(t5)
core   0: 3 0x8000b45c (0xba3f2423) mem 0x8000c000 0x00000001
core   0: 0x8000b460 (0xff9ff06f) j       pc - 0x8
core   0: 3 0x8000b460 (0xff9ff06f)
core   0: 0x8000b458 (0x00001f17) auipc   t5, 0x1
core   0: 3 0x8000b458 (0x00001f17) x30 0x8000c458
core   0: 0x8000b45c (0xba3f2423) sw      gp, -1112(t5)
core   0: 3 0x8000b45c (0xba3f2423) mem 0x8000c000 0x00000001
core   0: 0x8000b460 (0xff9ff06f) j       pc - 0x8
core   0: 3 0x8000b460 (0xff9ff06f)
core   0: 0x8000b458 (0x00001f17) auipc   t5, 0x1
core   0: 3 0x8000b458 (0x00001f17) x30 0x8000c458
core   0: 0x8000b45c (0xba3f2423) sw      gp, -1112(t5)
core   0: 3 0x8000b45c (0xba3f2423) mem 0x8000c000 0x00000001
core   0: 0x8000b460 (0xff9ff06f) j       pc - 0x8
core   0: 3 0x8000b460 (0xff9ff06f)
core   0: 0x8000b458 (0x00001f17) auipc   t5, 0x1
core   0: 3 0x8000b458 (0x00001f17) x30 0x8000c458
core   0: 0x8000b45c (0xba3f2423) sw      gp, -1112(t5)
core   0: 3 0x8000b45c (0xba3f2423) mem 0x8000c000 0x00000001
core   0: 0x8000b460 (0xff9ff06f) j       pc - 0x8
core   0: 3 0x8000b460 (0xff9ff06f)
core   0: 0x8000b458 (0x00001f17) auipc   t5, 0x1
core   0: 3 0x8000b458 (0x00001f17) x30 0x8000c458
core   0: 0x8000b45c (0xba3f2423) sw      gp, -1112(t5)
core   0: 3 0x8000b45c (0xba3f2423) mem 0x8000c000 0x00000001
core   0: 0x8000b460 (0xff9ff06f) j       pc - 0x8
core   0: 3 0x8000b460 (0xff9ff06f)
core   0: 0x8000b458 (0x00001f17) auipc   t5, 0x1
core   0: 3 0x8000b458 (0x00001f17) x30 0x8000c458
core   0: 0x8000b45c (0xba3f2423) sw      gp, -1112(t5)
core   0: 3 0x8000b45c (0xba3f2423) mem 0x8000c000 0x00000001
core   0: 0x8000b460 (0xff9ff06f) j       pc - 0x8
core   0: 3 0x8000b460 (0xff9ff06f)
core   0: 0x8000b458 (0x00001f17) auipc   t5, 0x1
core   0: 3 0x8000b458 (0x00001f17) x30 0x8000c458
core   0: 0x8000b45c (0xba3f2423) sw      gp, -1112(t5)
core   0: 3 0x8000b45c (0xba3f2423) mem 0x8000c000 0x00000001
core   0: 0x8000b460 (0xff9ff06f) j       pc - 0x8
core   0: 3 0x8000b460 (0xff9ff06f)
core   0: 0x8000b458 (0x00001f17) auipc   t5, 0x1
core   0: 3 0x8000b458 (0x00001f17) x30 0x8000c458
core   0: 0x8000b45c (0xba3f2423) sw      gp, -1112(t5)
core   0: 3 0x8000b45c (0xba3f2423) mem 0x8000c000 0x00000001
core   0: 0x8000b460 (0xff9ff06f) j       pc - 0x8
core   0: 3 0x8000b460 (0xff9ff06f)
core   0: 0x8000b458 (0x00001f17) auipc   t5, 0x1
core   0: 3 0x8000b458 (0x00001f17) x30 0x8000c458
core   0: 0x8000b45c (0xba3f2423) sw      gp, -1112(t5)
core   0: 3 0x8000b45c (0xba3f2423) mem 0x8000c000 0x00000001
core   0: 0x8000b460 (0xff9ff06f) j       pc - 0x8
core   0: 3 0x8000b460 (0xff9ff06f)
core   0: 0x8000b458 (0x00001f17) auipc   t5, 0x1
core   0: 3 0x8000b458 (0x00001f17) x30 0x8000c458
core   0: 0x8000b45c (0xba3f2423) sw      gp, -1112(t5)
core   0: 3 0x8000b45c (0xba3f2423) mem 0x8000c000 0x00000001
core   0: 0x8000b460 (0xff9ff06f) j       pc - 0x8
core   0: 3 0x8000b460 (0xff9ff06f)
core   0: 0x8000b458 (0x00001f17) auipc   t5, 0x1
core   0: 3 0x8000b458 (0x00001f17) x30 0x8000c458
core   0: 0x8000b45c (0xba3f2423) sw      gp, -1112(t5)
core   0: 3 0x8000b45c (0xba3f2423) mem 0x8000c000 0x00000001
core   0: 0x8000b460 (0xff9ff06f) j       pc - 0x8
core   0: 3 0x8000b460 (0xff9ff06f)
core   0: 0x8000b458 (0x00001f17) auipc   t5, 0x1
core   0: 3 0x8000b458 (0x00001f17) x30 0x8000c458
core   0: 0x8000b45c (0xba3f2423) sw      gp, -1112(t5)
core   0: 3 0x8000b45c (0xba3f2423) mem 0x8000c000 0x00000001
core   0: 0x8000b460 (0xff9ff06f) j       pc - 0x8
core   0: 3 0x8000b460 (0xff9ff06f)
core   0: 0x8000b458 (0x00001f17) auipc   t5, 0x1
core   0: 3 0x8000b458 (0x00001f17) x30 0x8000c458
core   0: 0x8000b45c (0xba3f2423) sw      gp, -1112(t5)
core   0: 3 0x8000b45c (0xba3f2423) mem 0x8000c000 0x00000001
core   0: 0x8000b460 (0xff9ff06f) j       pc - 0x8
core   0: 3 0x8000b460 (0xff9ff06f)
core   0: 0x8000b458 (0x00001f17) auipc   t5, 0x1
core   0: 3 0x8000b458 (0x00001f17) x30 0x8000c458
core   0: 0x8000b45c (0xba3f2423) sw      gp, -1112(t5)
core   0: 3 0x8000b45c (0xba3f2423) mem 0x8000c000 0x00000001
core   0: 0x8000b460 (0xff9ff06f) j       pc - 0x8
core   0: 3 0x8000b460 (0xff9ff06f)
core   0: 0x8000b458 (0x00001f17) auipc   t5, 0x1
core   0: 3 0x8000b458 (0x00001f17) x30 0x8000c458
core   0: 0x8000b45c (0xba3f2423) sw      gp, -1112(t5)
core   0: 3 0x8000b45c (0xba3f2423) mem 0x8000c000 0x00000001
core   0: 0x8000b460 (0xff9ff06f) j       pc - 0x8
core   0: 3 0x8000b460 (0xff9ff06f)
core   0: 0x8000b458 (0x00001f17) auipc   t5, 0x1
core   0: 3 0x8000b458 (0x00001f17) x30 0x8000c458
core   0: 0x8000b45c (0xba3f2423) sw      gp, -1112(t5)
core   0: 3 0x8000b45c (0xba3f2423) mem 0x8000c000 0x00000001
core   0: 0x8000b460 (0xff9ff06f) j       pc - 0x8
core   0: 3 0x8000b460 (0xff9ff06f)
core   0: 0x8000b458 (0x00001f17) auipc   t5, 0x1
core   0: 3 0x8000b458 (0x00001f17) x30 0x8000c458
core   0: 0x8000b45c (0xba3f2423) sw      gp, -1112(t5)
core   0: 3 0x8000b45c (0xba3f2423) mem 0x8000c000 0x00000001
core   0: 0x8000b460 (0xff9ff06f) j       pc - 0x8
core   0: 3 0x8000b460 (0xff9ff06f)
core   0: 0x8000b458 (0x00001f17) auipc   t5, 0x1
core   0: 3 0x8000b458 (0x00001f17) x30 0x8000c458
core   0: 0x8000b45c (0xba3f2423) sw      gp, -1112(t5)
core   0: 3 0x8000b45c (0xba3f2423) mem 0x8000c000 0x00000001
core   0: 0x8000b460 (0xff9ff06f) j       pc - 0x8
core   0: 3 0x8000b460 (0xff9ff06f)
core   0: 0x8000b458 (0x00001f17) auipc   t5, 0x1
core   0: 3 0x8000b458 (0x00001f17) x30 0x8000c458
core   0: 0x8000b45c (0xba3f2423) sw      gp, -1112(t5)
core   0: 3 0x8000b45c (0xba3f2423) mem 0x8000c000 0x00000001
core   0: 0x8000b460 (0xff9ff06f) j       pc - 0x8
core   0: 3 0x8000b460 (0xff9ff06f)
core   0: 0x8000b458 (0x00001f17) auipc   t5, 0x1
core   0: 3 0x8000b458 (0x00001f17) x30 0x8000c458
core   0: 0x8000b45c (0xba3f2423) sw      gp, -1112(t5)
core   0: 3 0x8000b45c (0xba3f2423) mem 0x8000c000 0x00000001
core   0: 0x8000b460 (0xff9ff06f) j       pc - 0x8
core   0: 3 0x8000b460 (0xff9ff06f)
core   0: 0x8000b458 (0x00001f17) auipc   t5, 0x1
core   0: 3 0x8000b458 (0x00001f17) x30 0x8000c458
core   0: 0x8000b45c (0xba3f2423) sw      gp, -1112(t5)
core   0: 3 0x8000b45c (0xba3f2423) mem 0x8000c000 0x00000001
core   0: 0x8000b460 (0xff9ff06f) j       pc - 0x8
core   0: 3 0x8000b460 (0xff9ff06f)
core   0: 0x8000b458 (0x00001f17) auipc   t5, 0x1
core   0: 3 0x8000b458 (0x00001f17) x30 0x8000c458
core   0: 0x8000b45c (0xba3f2423) sw      gp, -1112(t5)
core   0: 3 0x8000b45c (0xba3f2423) mem 0x8000c000 0x00000001
core   0: 0x8000b460 (0xff9ff06f) j       pc - 0x8
core   0: 3 0x8000b460 (0xff9ff06f)
core   0: 0x8000b458 (0x00001f17) auipc   t5, 0x1
core   0: 3 0x8000b458 (0x00001f17) x30 0x8000c458
core   0: 0x8000b45c (0xba3f2423) sw      gp, -1112(t5)
core   0: 3 0x8000b45c (0xba3f2423) mem 0x8000c000 0x00000001
core   0: 0x8000b460 (0xff9ff06f) j       pc - 0x8
core   0: 3 0x8000b460 (0xff9ff06f)
core   0: 0x8000b458 (0x00001f17) auipc   t5, 0x1
core   0: 3 0x8000b458 (0x00001f17) x30 0x8000c458
core   0: 0x8000b45c (0xba3f2423) sw      gp, -1112(t5)
core   0: 3 0x8000b45c (0xba3f2423) mem 0x8000c000 0x00000001
core   0: 0x8000b460 (0xff9ff06f) j       pc - 0x8
core   0: 3 0x8000b460 (0xff9ff06f)
core   0: 0x8000b458 (0x00001f17) auipc   t5, 0x1
core   0: 3 0x8000b458 (0x00001f17) x30 0x8000c458
core   0: 0x8000b45c (0xba3f2423) sw      gp, -1112(t5)
core   0: 3 0x8000b45c (0xba3f2423) mem 0x8000c000 0x00000001
core   0: 0x8000b460 (0xff9ff06f) j       pc - 0x8
core   0: 3 0x8000b460 (0xff9ff06f)
core   0: 0x8000b458 (0x00001f17) auipc   t5, 0x1
core   0: 3 0x8000b458 (0x00001f17) x30 0x8000c458
core   0: 0x8000b45c (0xba3f2423) sw      gp, -1112(t5)
core   0: 3 0x8000b45c (0xba3f2423) mem 0x8000c000 0x00000001
core   0: 0x8000b460 (0xff9ff06f) j       pc - 0x8
core   0: 3 0x8000b460 (0xff9ff06f)
core   0: 0x8000b458 (0x00001f17) auipc   t5, 0x1
core   0: 3 0x8000b458 (0x00001f17) x30 0x8000c458
core   0: 0x8000b45c (0xba3f2423) sw      gp, -1112(t5)
core   0: 3 0x8000b45c (0xba3f2423) mem 0x8000c000 0x00000001
core   0: 0x8000b460 (0xff9ff06f) j       pc - 0x8
core   0: 3 0x8000b460 (0xff9ff06f)
core   0: 0x8000b458 (0x00001f17) auipc   t5, 0x1
core   0: 3 0x8000b458 (0x00001f17) x30 0x8000c458
core   0: 0x8000b45c (0xba3f2423) sw      gp, -1112(t5)
core   0: 3 0x8000b45c (0xba3f2423) mem 0x8000c000 0x00000001
core   0: 0x8000b460 (0xff9ff06f) j       pc - 0x8
core   0: 3 0x8000b460 (0xff9ff06f)
core   0: 0x8000b458 (0x00001f17) auipc   t5, 0x1
core   0: 3 0x8000b458 (0x00001f17) x30 0x8000c458
core   0: 0x8000b45c (0xba3f2423) sw      gp, -1112(t5)
core   0: 3 0x8000b45c (0xba3f2423) mem 0x8000c000 0x00000001
core   0: 0x8000b460 (0xff9ff06f) j       pc - 0x8
core   0: 3 0x8000b460 (0xff9ff06f)
core   0: 0x8000b458 (0x00001f17) auipc   t5, 0x1
core   0: 3 0x8000b458 (0x00001f17) x30 0x8000c458
core   0: 0x8000b45c (0xba3f2423) sw      gp, -1112(t5)
core   0: 3 0x8000b45c (0xba3f2423) mem 0x8000c000 0x00000001
core   0: 0x8000b460 (0xff9ff06f) j       pc - 0x8
core   0: 3 0x8000b460 (0xff9ff06f)
core   0: 0x8000b458 (0x00001f17) auipc   t5, 0x1
core   0: 3 0x8000b458 (0x00001f17) x30 0x8000c458
core   0: 0x8000b45c (0xba3f2423) sw      gp, -1112(t5)
core   0: 3 0x8000b45c (0xba3f2423) mem 0x8000c000 0x00000001
core   0: 0x8000b460 (0xff9ff06f) j       pc - 0x8
core   0: 3 0x8000b460 (0xff9ff06f)
core   0: 0x8000b458 (0x00001f17) auipc   t5, 0x1
core   0: 3 0x8000b458 (0x00001f17) x30 0x8000c458
core   0: 0x8000b45c (0xba3f2423) sw      gp, -1112(t5)
core   0: 3 0x8000b45c (0xba3f2423) mem 0x8000c000 0x00000001
core   0: 0x8000b460 (0xff9ff06f) j       pc - 0x8
core   0: 3 0x8000b460 (0xff9ff06f)
core   0: 0x8000b458 (0x00001f17) auipc   t5, 0x1
core   0: 3 0x8000b458 (0x00001f17) x30 0x8000c458
core   0: 0x8000b45c (0xba3f2423) sw      gp, -1112(t5)
core   0: 3 0x8000b45c (0xba3f2423) mem 0x8000c000 0x00000001
core   0: 0x8000b460 (0xff9ff06f) j       pc - 0x8
core   0: 3 0x8000b460 (0xff9ff06f)
core   0: 0x8000b458 (0x00001f17) auipc   t5, 0x1
core   0: 3 0x8000b458 (0x00001f17) x30 0x8000c458
core   0: 0x8000b45c (0xba3f2423) sw      gp, -1112(t5)
core   0: 3 0x8000b45c (0xba3f2423) mem 0x8000c000 0x00000001
core   0: 0x8000b460 (0xff9ff06f) j       pc - 0x8
core   0: 3 0x8000b460 (0xff9ff06f)
core   0: 0x8000b458 (0x00001f17) auipc   t5, 0x1
core   0: 3 0x8000b458 (0x00001f17) x30 0x8000c458
core   0: 0x8000b45c (0xba3f2423) sw      gp, -1112(t5)
core   0: 3 0x8000b45c (0xba3f2423) mem 0x8000c000 0x00000001
core   0: 0x8000b460 (0xff9ff06f) j       pc - 0x8
core   0: 3 0x8000b460 (0xff9ff06f)
core   0: 0x8000b458 (0x00001f17) auipc   t5, 0x1
core   0: 3 0x8000b458 (0x00001f17) x30 0x8000c458
core   0: 0x8000b45c (0xba3f2423) sw      gp, -1112(t5)
core   0: 3 0x8000b45c (0xba3f2423) mem 0x8000c000 0x00000001
core   0: 0x8000b460 (0xff9ff06f) j       pc - 0x8
core   0: 3 0x8000b460 (0xff9ff06f)
core   0: 0x8000b458 (0x00001f17) auipc   t5, 0x1
core   0: 3 0x8000b458 (0x00001f17) x30 0x8000c458
core   0: 0x8000b45c (0xba3f2423) sw      gp, -1112(t5)
core   0: 3 0x8000b45c (0xba3f2423) mem 0x8000c000 0x00000001
core   0: 0x8000b460 (0xff9ff06f) j       pc - 0x8
core   0: 3 0x8000b460 (0xff9ff06f)
core   0: 0x8000b458 (0x00001f17) auipc   t5, 0x1
core   0: 3 0x8000b458 (0x00001f17) x30 0x8000c458
core   0: 0x8000b45c (0xba3f2423) sw      gp, -1112(t5)
core   0: 3 0x8000b45c (0xba3f2423) mem 0x8000c000 0x00000001
core   0: 0x8000b460 (0xff9ff06f) j       pc - 0x8
core   0: 3 0x8000b460 (0xff9ff06f)
core   0: 0x8000b458 (0x00001f17) auipc   t5, 0x1
core   0: 3 0x8000b458 (0x00001f17) x30 0x8000c458
core   0: 0x8000b45c (0xba3f2423) sw      gp, -1112(t5)
core   0: 3 0x8000b45c (0xba3f2423) mem 0x8000c000 0x00000001
core   0: 0x8000b460 (0xff9ff06f) j       pc - 0x8
core   0: 3 0x8000b460 (0xff9ff06f)
core   0: 0x8000b458 (0x00001f17) auipc   t5, 0x1
core   0: 3 0x8000b458 (0x00001f17) x30 0x8000c458
core   0: 0x8000b45c (0xba3f2423) sw      gp, -1112(t5)
core   0: 3 0x8000b45c (0xba3f2423) mem 0x8000c000 0x00000001
core   0: 0x8000b460 (0xff9ff06f) j       pc - 0x8
core   0: 3 0x8000b460 (0xff9ff06f)
core   0: 0x8000b458 (0x00001f17) auipc   t5, 0x1
core   0: 3 0x8000b458 (0x00001f17) x30 0x8000c458
core   0: 0x8000b45c (0xba3f2423) sw      gp, -1112(t5)
core   0: 3 0x8000b45c (0xba3f2423) mem 0x8000c000 0x00000001
core   0: 0x8000b460 (0xff9ff06f) j       pc - 0x8
core   0: 3 0x8000b460 (0xff9ff06f)
core   0: 0x8000b458 (0x00001f17) auipc   t5, 0x1
core   0: 3 0x8000b458 (0x00001f17) x30 0x8000c458
core   0: 0x8000b45c (0xba3f2423) sw      gp, -1112(t5)
core   0: 3 0x8000b45c (0xba3f2423) mem 0x8000c000 0x00000001
core   0: 0x8000b460 (0xff9ff06f) j       pc - 0x8
core   0: 3 0x8000b460 (0xff9ff06f)
core   0: 0x8000b458 (0x00001f17) auipc   t5, 0x1
core   0: 3 0x8000b458 (0x00001f17) x30 0x8000c458
core   0: 0x8000b45c (0xba3f2423) sw      gp, -1112(t5)
core   0: 3 0x8000b45c (0xba3f2423) mem 0x8000c000 0x00000001
core   0: 0x8000b460 (0xff9ff06f) j       pc - 0x8
core   0: 3 0x8000b460 (0xff9ff06f)
core   0: 0x8000b458 (0x00001f17) auipc   t5, 0x1
core   0: 3 0x8000b458 (0x00001f17) x30 0x8000c458
core   0: 0x8000b45c (0xba3f2423) sw      gp, -1112(t5)
core   0: 3 0x8000b45c (0xba3f2423) mem 0x8000c000 0x00000001
core   0: 0x8000b460 (0xff9ff06f) j       pc - 0x8
core   0: 3 0x8000b460 (0xff9ff06f)
core   0: 0x8000b458 (0x00001f17) auipc   t5, 0x1
core   0: 3 0x8000b458 (0x00001f17) x30 0x8000c458
core   0: 0x8000b45c (0xba3f2423) sw      gp, -1112(t5)
core   0: 3 0x8000b45c (0xba3f2423) mem 0x8000c000 0x00000001
core   0: 0x8000b460 (0xff9ff06f) j       pc - 0x8
core   0: 3 0x8000b460 (0xff9ff06f)
core   0: 0x8000b458 (0x00001f17) auipc   t5, 0x1
core   0: 3 0x8000b458 (0x00001f17) x30 0x8000c458
core   0: 0x8000b45c (0xba3f2423) sw      gp, -1112(t5)
core   0: 3 0x8000b45c (0xba3f2423) mem 0x8000c000 0x00000001
core   0: 0x8000b460 (0xff9ff06f) j       pc - 0x8
core   0: 3 0x8000b460 (0xff9ff06f)
core   0: 0x8000b458 (0x00001f17) auipc   t5, 0x1
core   0: 3 0x8000b458 (0x00001f17) x30 0x8000c458
core   0: 0x8000b45c (0xba3f2423) sw      gp, -1112(t5)
core   0: 3 0x8000b45c (0xba3f2423) mem 0x8000c000 0x00000001
core   0: 0x8000b460 (0xff9ff06f) j       pc - 0x8
core   0: 3 0x8000b460 (0xff9ff06f)
core   0: 0x8000b458 (0x00001f17) auipc   t5, 0x1
core   0: 3 0x8000b458 (0x00001f17) x30 0x8000c458
core   0: 0x8000b45c (0xba3f2423) sw      gp, -1112(t5)
core   0: 3 0x8000b45c (0xba3f2423) mem 0x8000c000 0x00000001
core   0: 0x8000b460 (0xff9ff06f) j       pc - 0x8
core   0: 3 0x8000b460 (0xff9ff06f)
core   0: 0x8000b458 (0x00001f17) auipc   t5, 0x1
core   0: 3 0x8000b458 (0x00001f17) x30 0x8000c458
core   0: 0x8000b45c (0xba3f2423) sw      gp, -1112(t5)
core   0: 3 0x8000b45c (0xba3f2423) mem 0x8000c000 0x00000001
core   0: 0x8000b460 (0xff9ff06f) j       pc - 0x8
core   0: 3 0x8000b460 (0xff9ff06f)
core   0: 0x8000b458 (0x00001f17) auipc   t5, 0x1
core   0: 3 0x8000b458 (0x00001f17) x30 0x8000c458
core   0: 0x8000b45c (0xba3f2423) sw      gp, -1112(t5)
core   0: 3 0x8000b45c (0xba3f2423) mem 0x8000c000 0x00000001
core   0: 0x8000b460 (0xff9ff06f) j       pc - 0x8
core   0: 3 0x8000b460 (0xff9ff06f)
core   0: 0x8000b458 (0x00001f17) auipc   t5, 0x1
core   0: 3 0x8000b458 (0x00001f17) x30 0x8000c458
core   0: 0x8000b45c (0xba3f2423) sw      gp, -1112(t5)
core   0: 3 0x8000b45c (0xba3f2423) mem 0x8000c000 0x00000001
core   0: 0x8000b460 (0xff9ff06f) j       pc - 0x8
core   0: 3 0x8000b460 (0xff9ff06f)
core   0: 0x8000b458 (0x00001f17) auipc   t5, 0x1
core   0: 3 0x8000b458 (0x00001f17) x30 0x8000c458
core   0: 0x8000b45c (0xba3f2423) sw      gp, -1112(t5)
core   0: 3 0x8000b45c (0xba3f2423) mem 0x8000c000 0x00000001
core   0: 0x8000b460 (0xff9ff06f) j       pc - 0x8
core   0: 3 0x8000b460 (0xff9ff06f)
core   0: 0x8000b458 (0x00001f17) auipc   t5, 0x1
core   0: 3 0x8000b458 (0x00001f17) x30 0x8000c458
core   0: 0x8000b45c (0xba3f2423) sw      gp, -1112(t5)
core   0: 3 0x8000b45c (0xba3f2423) mem 0x8000c000 0x00000001
core   0: 0x8000b460 (0xff9ff06f) j       pc - 0x8
core   0: 3 0x8000b460 (0xff9ff06f)
core   0: 0x8000b458 (0x00001f17) auipc   t5, 0x1
core   0: 3 0x8000b458 (0x00001f17) x30 0x8000c458
core   0: 0x8000b45c (0xba3f2423) sw      gp, -1112(t5)
core   0: 3 0x8000b45c (0xba3f2423) mem 0x8000c000 0x00000001
core   0: 0x8000b460 (0xff9ff06f) j       pc - 0x8
core   0: 3 0x8000b460 (0xff9ff06f)
core   0: 0x8000b458 (0x00001f17) auipc   t5, 0x1
core   0: 3 0x8000b458 (0x00001f17) x30 0x8000c458
core   0: 0x8000b45c (0xba3f2423) sw      gp, -1112(t5)
core   0: 3 0x8000b45c (0xba3f2423) mem 0x8000c000 0x00000001
core   0: 0x8000b460 (0xff9ff06f) j       pc - 0x8
core   0: 3 0x8000b460 (0xff9ff06f)
core   0: 0x8000b458 (0x00001f17) auipc   t5, 0x1
core   0: 3 0x8000b458 (0x00001f17) x30 0x8000c458
core   0: 0x8000b45c (0xba3f2423) sw      gp, -1112(t5)
core   0: 3 0x8000b45c (0xba3f2423) mem 0x8000c000 0x00000001
core   0: 0x8000b460 (0xff9ff06f) j       pc - 0x8
core   0: 3 0x8000b460 (0xff9ff06f)
core   0: 0x8000b458 (0x00001f17) auipc   t5, 0x1
core   0: 3 0x8000b458 (0x00001f17) x30 0x8000c458
core   0: 0x8000b45c (0xba3f2423) sw      gp, -1112(t5)
core   0: 3 0x8000b45c (0xba3f2423) mem 0x8000c000 0x00000001
core   0: 0x8000b460 (0xff9ff06f) j       pc - 0x8
core   0: 3 0x8000b460 (0xff9ff06f)
core   0: 0x8000b458 (0x00001f17) auipc   t5, 0x1
core   0: 3 0x8000b458 (0x00001f17) x30 0x8000c458
core   0: 0x8000b45c (0xba3f2423) sw      gp, -1112(t5)
core   0: 3 0x8000b45c (0xba3f2423) mem 0x8000c000 0x00000001
core   0: 0x8000b460 (0xff9ff06f) j       pc - 0x8
core   0: 3 0x8000b460 (0xff9ff06f)
core   0: 0x8000b458 (0x00001f17) auipc   t5, 0x1
core   0: 3 0x8000b458 (0x00001f17) x30 0x8000c458
core   0: 0x8000b45c (0xba3f2423) sw      gp, -1112(t5)
core   0: 3 0x8000b45c (0xba3f2423) mem 0x8000c000 0x00000001
core   0: 0x8000b460 (0xff9ff06f) j       pc - 0x8
core   0: 3 0x8000b460 (0xff9ff06f)
core   0: 0x8000b458 (0x00001f17) auipc   t5, 0x1
core   0: 3 0x8000b458 (0x00001f17) x30 0x8000c458
core   0: 0x8000b45c (0xba3f2423) sw      gp, -1112(t5)
core   0: 3 0x8000b45c (0xba3f2423) mem 0x8000c000 0x00000001
core   0: 0x8000b460 (0xff9ff06f) j       pc - 0x8
core   0: 3 0x8000b460 (0xff9ff06f)
core   0: 0x8000b458 (0x00001f17) auipc   t5, 0x1
core   0: 3 0x8000b458 (0x00001f17) x30 0x8000c458
core   0: 0x8000b45c (0xba3f2423) sw      gp, -1112(t5)
core   0: 3 0x8000b45c (0xba3f2423) mem 0x8000c000 0x00000001
core   0: 0x8000b460 (0xff9ff06f) j       pc - 0x8
core   0: 3 0x8000b460 (0xff9ff06f)
core   0: 0x8000b458 (0x00001f17) auipc   t5, 0x1
core   0: 3 0x8000b458 (0x00001f17) x30 0x8000c458
core   0: 0x8000b45c (0xba3f2423) sw      gp, -1112(t5)
core   0: 3 0x8000b45c (0xba3f2423) mem 0x8000c000 0x00000001
core   0: 0x8000b460 (0xff9ff06f) j       pc - 0x8
core   0: 3 0x8000b460 (0xff9ff06f)
core   0: 0x8000b458 (0x00001f17) auipc   t5, 0x1
core   0: 3 0x8000b458 (0x00001f17) x30 0x8000c458
core   0: 0x8000b45c (0xba3f2423) sw      gp, -1112(t5)
core   0: 3 0x8000b45c (0xba3f2423) mem 0x8000c000 0x00000001
core   0: 0x8000b460 (0xff9ff06f) j       pc - 0x8
core   0: 3 0x8000b460 (0xff9ff06f)
core   0: 0x8000b458 (0x00001f17) auipc   t5, 0x1
core   0: 3 0x8000b458 (0x00001f17) x30 0x8000c458
core   0: 0x8000b45c (0xba3f2423) sw      gp, -1112(t5)
core   0: 3 0x8000b45c (0xba3f2423) mem 0x8000c000 0x00000001
core   0: 0x8000b460 (0xff9ff06f) j       pc - 0x8
core   0: 3 0x8000b460 (0xff9ff06f)
core   0: 0x8000b458 (0x00001f17) auipc   t5, 0x1
core   0: 3 0x8000b458 (0x00001f17) x30 0x8000c458
core   0: 0x8000b45c (0xba3f2423) sw      gp, -1112(t5)
core   0: 3 0x8000b45c (0xba3f2423) mem 0x8000c000 0x00000001
core   0: 0x8000b460 (0xff9ff06f) j       pc - 0x8
core   0: 3 0x8000b460 (0xff9ff06f)
core   0: 0x8000b458 (0x00001f17) auipc   t5, 0x1
core   0: 3 0x8000b458 (0x00001f17) x30 0x8000c458
core   0: 0x8000b45c (0xba3f2423) sw      gp, -1112(t5)
core   0: 3 0x8000b45c (0xba3f2423) mem 0x8000c000 0x00000001
core   0: 0x8000b460 (0xff9ff06f) j       pc - 0x8
core   0: 3 0x8000b460 (0xff9ff06f)
core   0: 0x8000b458 (0x00001f17) auipc   t5, 0x1
core   0: 3 0x8000b458 (0x00001f17) x30 0x8000c458
core   0: 0x8000b45c (0xba3f2423) sw      gp, -1112(t5)
core   0: 3 0x8000b45c (0xba3f2423) mem 0x8000c000 0x00000001
core   0: 0x8000b460 (0xff9ff06f) j       pc - 0x8
core   0: 3 0x8000b460 (0xff9ff06f)
core   0: 0x8000b458 (0x00001f17) auipc   t5, 0x1
core   0: 3 0x8000b458 (0x00001f17) x30 0x8000c458
core   0: 0x8000b45c (0xba3f2423) sw      gp, -1112(t5)
core   0: 3 0x8000b45c (0xba3f2423) mem 0x8000c000 0x00000001
core   0: 0x8000b460 (0xff9ff06f) j       pc - 0x8
core   0: 3 0x8000b460 (0xff9ff06f)
core   0: 0x8000b458 (0x00001f17) auipc   t5, 0x1
core   0: 3 0x8000b458 (0x00001f17) x30 0x8000c458
core   0: 0x8000b45c (0xba3f2423) sw      gp, -1112(t5)
core   0: 3 0x8000b45c (0xba3f2423) mem 0x8000c000 0x00000001
core   0: 0x8000b460 (0xff9ff06f) j       pc - 0x8
core   0: 3 0x8000b460 (0xff9ff06f)
core   0: 0x8000b458 (0x00001f17) auipc   t5, 0x1
core   0: 3 0x8000b458 (0x00001f17) x30 0x8000c458
core   0: 0x8000b45c (0xba3f2423) sw      gp, -1112(t5)
core   0: 3 0x8000b45c (0xba3f2423) mem 0x8000c000 0x00000001
core   0: 0x8000b460 (0xff9ff06f) j       pc - 0x8
core   0: 3 0x8000b460 (0xff9ff06f)
core   0: 0x8000b458 (0x00001f17) auipc   t5, 0x1
core   0: 3 0x8000b458 (0x00001f17) x30 0x8000c458
core   0: 0x8000b45c (0xba3f2423) sw      gp, -1112(t5)
core   0: 3 0x8000b45c (0xba3f2423) mem 0x8000c000 0x00000001
core   0: 0x8000b460 (0xff9ff06f) j       pc - 0x8
core   0: 3 0x8000b460 (0xff9ff06f)
core   0: 0x8000b458 (0x00001f17) auipc   t5, 0x1
core   0: 3 0x8000b458 (0x00001f17) x30 0x8000c458
core   0: 0x8000b45c (0xba3f2423) sw      gp, -1112(t5)
core   0: 3 0x8000b45c (0xba3f2423) mem 0x8000c000 0x00000001
core   0: 0x8000b460 (0xff9ff06f) j       pc - 0x8
core   0: 3 0x8000b460 (0xff9ff06f)
core   0: 0x8000b458 (0x00001f17) auipc   t5, 0x1
core   0: 3 0x8000b458 (0x00001f17) x30 0x8000c458
core   0: 0x8000b45c (0xba3f2423) sw      gp, -1112(t5)
core   0: 3 0x8000b45c (0xba3f2423) mem 0x8000c000 0x00000001
core   0: 0x8000b460 (0xff9ff06f) j       pc - 0x8
core   0: 3 0x8000b460 (0xff9ff06f)
core   0: 0x8000b458 (0x00001f17) auipc   t5, 0x1
core   0: 3 0x8000b458 (0x00001f17) x30 0x8000c458
core   0: 0x8000b45c (0xba3f2423) sw      gp, -1112(t5)
core   0: 3 0x8000b45c (0xba3f2423) mem 0x8000c000 0x00000001
core   0: 0x8000b460 (0xff9ff06f) j       pc - 0x8
core   0: 3 0x8000b460 (0xff9ff06f)
core   0: 0x8000b458 (0x00001f17) auipc   t5, 0x1
core   0: 3 0x8000b458 (0x00001f17) x30 0x8000c458
core   0: 0x8000b45c (0xba3f2423) sw      gp, -1112(t5)
core   0: 3 0x8000b45c (0xba3f2423) mem 0x8000c000 0x00000001
core   0: 0x8000b460 (0xff9ff06f) j       pc - 0x8
core   0: 3 0x8000b460 (0xff9ff06f)
core   0: 0x8000b458 (0x00001f17) auipc   t5, 0x1
core   0: 3 0x8000b458 (0x00001f17) x30 0x8000c458
core   0: 0x8000b45c (0xba3f2423) sw      gp, -1112(t5)
core   0: 3 0x8000b45c (0xba3f2423) mem 0x8000c000 0x00000001
core   0: 0x8000b460 (0xff9ff06f) j       pc - 0x8
core   0: 3 0x8000b460 (0xff9ff06f)
core   0: 0x8000b458 (0x00001f17) auipc   t5, 0x1
core   0: 3 0x8000b458 (0x00001f17) x30 0x8000c458
core   0: 0x8000b45c (0xba3f2423) sw      gp, -1112(t5)
core   0: 3 0x8000b45c (0xba3f2423) mem 0x8000c000 0x00000001
core   0: 0x8000b460 (0xff9ff06f) j       pc - 0x8
core   0: 3 0x8000b460 (0xff9ff06f)
core   0: 0x8000b458 (0x00001f17) auipc   t5, 0x1
core   0: 3 0x8000b458 (0x00001f17) x30 0x8000c458
core   0: 0x8000b45c (0xba3f2423) sw      gp, -1112(t5)
core   0: 3 0x8000b45c (0xba3f2423) mem 0x8000c000 0x00000001
core   0: 0x8000b460 (0xff9ff06f) j       pc - 0x8
core   0: 3 0x8000b460 (0xff9ff06f)
core   0: 0x8000b458 (0x00001f17) auipc   t5, 0x1
core   0: 3 0x8000b458 (0x00001f17) x30 0x8000c458
core   0: 0x8000b45c (0xba3f2423) sw      gp, -1112(t5)
core   0: 3 0x8000b45c (0xba3f2423) mem 0x8000c000 0x00000001
core   0: 0x8000b460 (0xff9ff06f) j       pc - 0x8
core   0: 3 0x8000b460 (0xff9ff06f)
core   0: 0x8000b458 (0x00001f17) auipc   t5, 0x1
core   0: 3 0x8000b458 (0x00001f17) x30 0x8000c458
core   0: 0x8000b45c (0xba3f2423) sw      gp, -1112(t5)
core   0: 3 0x8000b45c (0xba3f2423) mem 0x8000c000 0x00000001
core   0: 0x8000b460 (0xff9ff06f) j       pc - 0x8
core   0: 3 0x8000b460 (0xff9ff06f)
core   0: 0x8000b458 (0x00001f17) auipc   t5, 0x1
core   0: 3 0x8000b458 (0x00001f17) x30 0x8000c458
core   0: 0x8000b45c (0xba3f2423) sw      gp, -1112(t5)
core   0: 3 0x8000b45c (0xba3f2423) mem 0x8000c000 0x00000001
