core   0: 0x00001000 (0x00000297) auipc   t0, 0x0
core   0: 3 0x00001000 (0x00000297) x 5 0x00001000
core   0: 0x00001004 (0x02028593) addi    a1, t0, 32
core   0: 3 0x00001004 (0x02028593) x11 0x00001020
core   0: 0x00001008 (0xf1402573) csrr    a0, mhartid
core   0: 3 0x00001008 (0xf1402573) x10 0x00000000
core   0: 0x0000100c (0x0182a283) lw      t0, 24(t0)
core   0: 3 0x0000100c (0x0182a283) x 5 0x80000000 mem 0x00001018
core   0: 0x00001010 (0x00028067) jr      t0
core   0: 3 0x00001010 (0x00028067)
core   0: 0x80000000 (0xf14022f3) csrr    t0, mhartid
core   0: 3 0x80000000 (0xf14022f3) x 5 0x00000000
core   0: 0x80000004 (0x00000313) li      t1, 0
core   0: 3 0x80000004 (0x00000313) x 6 0x00000000
core   0: 0x80000008 (0x00628263) beq     t0, t1, pc + 4
core   0: 3 0x80000008 (0x00628263)
core   0: 0x8000000c (0x00000997) auipc   s3, 0x0
core   0: 3 0x8000000c (0x00000997) x19 0x8000000c
core   0: 0x80000010 (0x00c98993) addi    s3, s3, 12
core   0: 3 0x80000010 (0x00c98993) x19 0x80000018
core   0: 0x80000014 (0x00098067) jr      s3
core   0: 3 0x80000014 (0x00098067)
core   0: 0x80000018 (0x40000cb7) lui     s9, 0x40000
core   0: 3 0x80000018 (0x40000cb7) x25 0x40000000
core   0: 0x8000001c (0x100c8c93) addi    s9, s9, 256
core   0: 3 0x8000001c (0x100c8c93) x25 0x40000100
core   0: 0x80000020 (0x301c9073) csrw    misa, s9
core   0: 3 0x80000020 (0x301c9073) c769_misa 0x40140100
core   0: 0x80000024 (0x0002c217) auipc   tp, 0x2c
core   0: 3 0x80000024 (0x0002c217) x 4 0x8002c024
core   0: 0x80000028 (0xcc020213) addi    tp, tp, -832
core   0: 3 0x80000028 (0xcc020213) x 4 0x8002bce4
core   0: 0x8000002c (0x00011c97) auipc   s9, 0x11
core   0: 3 0x8000002c (0x00011c97) x25 0x8001102c
core   0: 0x80000030 (0x580c8c93) addi    s9, s9, 1408
core   0: 3 0x80000030 (0x580c8c93) x25 0x800115ac
core   0: 0x80000034 (0x000cec93) ori     s9, s9, 0
core   0: 3 0x80000034 (0x000cec93) x25 0x800115ac
core   0: 0x80000038 (0x305c9073) csrw    mtvec, s9
core   0: 3 0x80000038 (0x305c9073) c773_mtvec 0x800115ac
core   0: 0x8000003c (0x00000c97) auipc   s9, 0x0
core   0: 3 0x8000003c (0x00000c97) x25 0x8000003c
core   0: 0x80000040 (0x028c8c93) addi    s9, s9, 40
core   0: 3 0x80000040 (0x028c8c93) x25 0x80000064
core   0: 0x80000044 (0x341c9073) csrw    mepc, s9
core   0: 3 0x80000044 (0x341c9073) c833_mepc 0x80000064
core   0: 0x80000048 (0x00000013) nop
core   0: 3 0x80000048 (0x00000013)
core   0: 0x8000004c (0x00002cb7) lui     s9, 0x2
core   0: 3 0x8000004c (0x00002cb7) x25 0x00002000
core   0: 0x80000050 (0x800c8c93) addi    s9, s9, -2048
core   0: 3 0x80000050 (0x800c8c93) x25 0x00001800
core   0: 0x80000054 (0x300c9073) csrw    mstatus, s9
core   0: 3 0x80000054 (0x300c9073) c768_mstatus 0x00001800
core   0: 0x80000058 (0x00000c93) li      s9, 0
core   0: 3 0x80000058 (0x00000c93) x25 0x00000000
core   0: 0x8000005c (0x304c9073) csrw    mie, s9
core   0: 3 0x8000005c (0x304c9073) c772_mie 0x00000000
core   0: 0x80000060 (0x30200073) mret
core   0: 3 0x80000060 (0x30200073) c768_mstatus 0x00000080
core   0: >>>>  init
core   0: 0x80000064 (0xfd1af037) lui     zero, 0xfd1af
core   0: 3 0x80000064 (0xfd1af037)
core   0: 0x80000068 (0xffa00013) li      zero, -6
core   0: 3 0x80000068 (0xffa00013)
core   0: 0x8000006c (0x800000b7) lui     ra, 0x80000
core   0: 3 0x8000006c (0x800000b7) x 1 0x80000000
core   0: 0x80000070 (0x00f00113) li      sp, 15
core   0: 3 0x80000070 (0x00f00113) x 2 0x0000000f
core   0: 0x80000074 (0x800001b7) lui     gp, 0x80000
core   0: 3 0x80000074 (0x800001b7) x 3 0x80000000
core   0: 0x80000078 (0x00f00293) li      t0, 15
core   0: 3 0x80000078 (0x00f00293) x 5 0x0000000f
core   0: 0x8000007c (0x1568c337) lui     t1, 0x1568c
core   0: 3 0x8000007c (0x1568c337) x 6 0x1568c000
core   0: 0x80000080 (0x93a30313) addi    t1, t1, -1734
core   0: 3 0x80000080 (0x93a30313) x 6 0x1568b93a
core   0: 0x80000084 (0x00d00393) li      t2, 13
core   0: 3 0x80000084 (0x00d00393) x 7 0x0000000d
core   0: 0x80000088 (0xfadaa437) lui     s0, 0xfadaa
core   0: 3 0x80000088 (0xfadaa437) x 8 0xfadaa000
core   0: 0x8000008c (0x33540413) addi    s0, s0, 821
core   0: 3 0x8000008c (0x33540413) x 8 0xfadaa335
core   0: 0x80000090 (0x800004b7) lui     s1, 0x80000
core   0: 3 0x80000090 (0x800004b7) x 9 0x80000000
core   0: 0x80000094 (0x00000513) li      a0, 0
core   0: 3 0x80000094 (0x00000513) x10 0x00000000
core   0: 0x80000098 (0x00000593) li      a1, 0
core   0: 3 0x80000098 (0x00000593) x11 0x00000000
core   0: 0x8000009c (0x4aff2637) lui     a2, 0x4aff2
core   0: 3 0x8000009c (0x4aff2637) x12 0x4aff2000
core   0: 0x800000a0 (0x3a560613) addi    a2, a2, 933
core   0: 3 0x800000a0 (0x3a560613) x12 0x4aff23a5
core   0: 0x800000a4 (0x800006b7) lui     a3, 0x80000
core   0: 3 0x800000a4 (0x800006b7) x13 0x80000000
core   0: 0x800000a8 (0xe7aed737) lui     a4, 0xe7aed
core   0: 3 0x800000a8 (0xe7aed737) x14 0xe7aed000
core   0: 0x800000ac (0x0df70713) addi    a4, a4, 223
core   0: 3 0x800000ac (0x0df70713) x14 0xe7aed0df
core   0: 0x800000b0 (0x00000793) li      a5, 0
core   0: 3 0x800000b0 (0x00000793) x15 0x00000000
core   0: 0x800000b4 (0x00000813) li      a6, 0
core   0: 3 0x800000b4 (0x00000813) x16 0x00000000
core   0: 0x800000b8 (0x00d00893) li      a7, 13
core   0: 3 0x800000b8 (0x00d00893) x17 0x0000000d
core   0: 0x800000bc (0x141dc937) lui     s2, 0x141dc
core   0: 3 0x800000bc (0x141dc937) x18 0x141dc000
core   0: 0x800000c0 (0xb3890913) addi    s2, s2, -1224
core   0: 3 0x800000c0 (0xb3890913) x18 0x141dbb38
core   0: 0x800000c4 (0xfe64f9b7) lui     s3, 0xfe64f
core   0: 3 0x800000c4 (0xfe64f9b7) x19 0xfe64f000
core   0: 0x800000c8 (0xc9c98993) addi    s3, s3, -868
core   0: 3 0x800000c8 (0xc9c98993) x19 0xfe64ec9c
core   0: 0x800000cc (0x00000a13) li      s4, 0
core   0: 3 0x800000cc (0x00000a13) x20 0x00000000
core   0: 0x800000d0 (0x80000ab7) lui     s5, 0x80000
core   0: 3 0x800000d0 (0x80000ab7) x21 0x80000000
core   0: 0x800000d4 (0x80000bb7) lui     s7, 0x80000
core   0: 3 0x800000d4 (0x80000bb7) x23 0x80000000
core   0: 0x800000d8 (0xfd3cbc37) lui     s8, 0xfd3cb
core   0: 3 0x800000d8 (0xfd3cbc37) x24 0xfd3cb000
core   0: 0x800000dc (0x6dac0c13) addi    s8, s8, 1754
core   0: 3 0x800000dc (0x6dac0c13) x24 0xfd3cb6da
core   0: 0x800000e0 (0xf71e8cb7) lui     s9, 0xf71e8
core   0: 3 0x800000e0 (0xf71e8cb7) x25 0xf71e8000
core   0: 0x800000e4 (0x06ec8c93) addi    s9, s9, 110
core   0: 3 0x800000e4 (0x06ec8c93) x25 0xf71e806e
core   0: 0x800000e8 (0xdb643d37) lui     s10, 0xdb643
core   0: 3 0x800000e8 (0xdb643d37) x26 0xdb643000
core   0: 0x800000ec (0xcc6d0d13) addi    s10, s10, -826
core   0: 3 0x800000ec (0xcc6d0d13) x26 0xdb642cc6
core   0: 0x800000f0 (0x80000db7) lui     s11, 0x80000
core   0: 3 0x800000f0 (0x80000db7) x27 0x80000000
core   0: 0x800000f4 (0xfbc8ee37) lui     t3, 0xfbc8e
core   0: 3 0x800000f4 (0xfbc8ee37) x28 0xfbc8e000
core   0: 0x800000f8 (0x957e0e13) addi    t3, t3, -1705
core   0: 3 0x800000f8 (0x957e0e13) x28 0xfbc8d957
core   0: 0x800000fc (0xfc355eb7) lui     t4, 0xfc355
core   0: 3 0x800000fc (0xfc355eb7) x29 0xfc355000
core   0: 0x80000100 (0x6b8e8e93) addi    t4, t4, 1720
core   0: 3 0x80000100 (0x6b8e8e93) x29 0xfc3556b8
core   0: 0x80000104 (0x80000f37) lui     t5, 0x80000
core   0: 3 0x80000104 (0x80000f37) x30 0x80000000
core   0: 0x80000108 (0xc3321fb7) lui     t6, 0xc3321
core   0: 3 0x80000108 (0xc3321fb7) x31 0xc3321000
core   0: 0x8000010c (0x096f8f93) addi    t6, t6, 150
core   0: 3 0x8000010c (0x096f8f93) x31 0xc3321096
core   0: 0x80000110 (0x00028b17) auipc   s6, 0x28
core   0: 3 0x80000110 (0x00028b17) x22 0x80028110
core   0: 0x80000114 (0xd54b0b13) addi    s6, s6, -684
core   0: 3 0x80000114 (0xd54b0b13) x22 0x80027e64
core   0: 0x80000118 (0x00012317) auipc   t1, 0x12
core   0: 3 0x80000118 (0x00012317) x 6 0x80012118
core   0: 0x8000011c (0x67530313) addi    t1, t1, 1653
core   0: 3 0x8000011c (0x67530313) x 6 0x8001278d
core   0: 0x80000120 (0x00013517) auipc   a0, 0x13
core   0: 3 0x80000120 (0x00013517) x10 0x80013120
core   0: 0x80000124 (0x8bd50513) addi    a0, a0, -1859
core   0: 3 0x80000124 (0x8bd50513) x10 0x800129dd
core   0: 0x80000128 (0x00d30c83) lb      s9, 13(t1)
core   0: 3 0x80000128 (0x00d30c83) x25 0x00000051 mem 0x8001279a
core   0: 0x8000012c (0x06650b83) lb      s7, 102(a0)
core   0: 3 0x8000012c (0x06650b83) x23 0xfffffff8 mem 0x80012a43
core   0: 0x80000130 (0xf6a52fa3) sw      a0, -129(a0)
core   0: 3 0x80000130 (0xf6a52fa3) mem 0x8001295c 0x800129dd
core   0: 0x80000134 (0x00012617) auipc   a2, 0x12
core   0: 3 0x80000134 (0x00012617) x12 0x80012134
core   0: 0x80000138 (0x1bb60613) addi    a2, a2, 443
core   0: 3 0x80000138 (0x1bb60613) x12 0x800122ef
core   0: 0x8000013c (0x07450483) lb      s1, 116(a0)
core   0: 3 0x8000013c (0x07450483) x 9 0x0000000a mem 0x80012a51
core   0: 0x80000140 (0x00935e03) lhu     t3, 9(t1)
core   0: 3 0x80000140 (0x00935e03) x28 0x00004c4d mem 0x80012796
core   0: 0x80000144 (0xfe854b83) lbu     s7, -24(a0)
core   0: 3 0x80000144 (0xfe854b83) x23 0x0000007e mem 0x800129c5
core   0: 0x80000148 (0xfef30e23) sb      a5, -4(t1)
core   0: 3 0x80000148 (0xfef30e23) mem 0x80012789 0x0
core   0: 0x8000014c (0x00d626a3) sw      a3, 13(a2)
core   0: 3 0x8000014c (0x00d626a3) mem 0x800122fc 0x80000000
core   0: 0x80000150 (0xff535483) lhu     s1, -11(t1)
core   0: 3 0x80000150 (0xff535483) x 9 0x00003839 mem 0x80012782
core   0: 0x80000154 (0x0cb54703) lbu     a4, 203(a0)
core   0: 3 0x80000154 (0x0cb54703) x14 0x00000063 mem 0x80012aa8
core   0: 0x80000158 (0xffd30f03) lb      t5, -3(t1)
core   0: 3 0x80000158 (0xffd30f03) x30 0x00000041 mem 0x8001278a
core   0: 0x8000015c (0x00a64d03) lbu     s10, 10(a2)
core   0: 3 0x8000015c (0x00a64d03) x26 0x000000b2 mem 0x800122f9
core   0: 0x80000160 (0x00934a83) lbu     s5, 9(t1)
core   0: 3 0x80000160 (0x00934a83) x21 0x0000004d mem 0x80012796
core   0: 0x80000164 (0x03d50e23) sb      t4, 60(a0)
core   0: 3 0x80000164 (0x03d50e23) mem 0x80012a19 0xb8
core   0: 0x80000168 (0xffa64183) lbu     gp, -6(a2)
core   0: 3 0x80000168 (0xffa64183) x 3 0x000000a2 mem 0x800122e9
core   0: 0x8000016c (0xff634283) lbu     t0, -10(t1)
core   0: 3 0x8000016c (0xff634283) x 5 0x00000038 mem 0x80012783
core   0: 0x80000170 (0x03a54283) lbu     t0, 58(a0)
core   0: 3 0x80000170 (0x03a54283) x 5 0x000000cc mem 0x80012a17
core   0: 0x80000174 (0xf5654483) lbu     s1, -170(a0)
core   0: 3 0x80000174 (0xf5654483) x 9 0x000000e8 mem 0x80012933
core   0: 0x80000178 (0x08454283) lbu     t0, 132(a0)
core   0: 3 0x80000178 (0x08454283) x 5 0x0000001a mem 0x80012a61
core   0: 0x8000017c (0x00434183) lbu     gp, 4(t1)
core   0: 3 0x8000017c (0x00434183) x 3 0x0000004a mem 0x80012791
core   0: 0x80000180 (0x00c64403) lbu     s0, 12(a2)
core   0: 3 0x80000180 (0x00c64403) x 8 0x000000b0 mem 0x800122fb
core   0: 0x80000184 (0xff560da3) sb      s5, -5(a2)
core   0: 3 0x80000184 (0xff560da3) mem 0x800122ea 0x4d
core   0: 0x80000188 (0xff900313) li      t1, -7
core   0: 3 0x80000188 (0xff900313) x 6 0xfffffff9
core   0: 0x8000018c (0x00000013) nop
core   0: 3 0x8000018c (0x00000013)
core   0: 0x80000190 (0x01915433) srl     s0, sp, s9
core   0: 3 0x80000190 (0x01915433) x 8 0x00000000
core   0: 0x80000194 (0x00000013) nop
core   0: 3 0x80000194 (0x00000013)
core   0: 0x80000198 (0x01769113) slli    sp, a3, 23
core   0: 3 0x80000198 (0x01769113) x 2 0x00000000
core   0: 0x8000019c (0xcb712513) slti    a0, sp, -841
core   0: 3 0x8000019c (0xcb712513) x10 0x00000000
core   0: 0x800001a0 (0x79116613) ori     a2, sp, 1937
core   0: 3 0x800001a0 (0x79116613) x12 0x00000791
core   0: 0x800001a4 (0x0ff0000f) fence   iorw,iorw
core   0: 3 0x800001a4 (0x0ff0000f)
core   0: 0x800001a8 (0x00286933) or      s2, a6, sp
core   0: 3 0x800001a8 (0x00286933) x18 0x00000000
core   0: 0x800001ac (0x404a8bb3) sub     s7, s5, tp
core   0: 3 0x800001ac (0x404a8bb3) x23 0x7ffd4369
core   0: 0x800001b0 (0x00900f13) li      t5, 9
core   0: 3 0x800001b0 (0x00900f13) x30 0x00000009
core   0: 0x800001b4 (0x00c01c13) slli    s8, zero, 12
core   0: 3 0x800001b4 (0x00c01c13) x24 0x00000000
core   0: 0x800001b8 (0x0157ca33) xor     s4, a5, s5
core   0: 3 0x800001b8 (0x0157ca33) x20 0x0000004d
core   0: 0x800001bc (0x00c3be33) sltu    t3, t2, a2
core   0: 3 0x800001bc (0x00c3be33) x28 0x00000001
core   0: 0x800001c0 (0x00e32633) slt     a2, t1, a4
core   0: 3 0x800001c0 (0x00e32633) x12 0x00000001
core   0: 0x800001c4 (0x00830313) addi    t1, t1, 8
core   0: 3 0x800001c4 (0x00830313) x 6 0x00000001
core   0: 0x800001c8 (0x00443fb3) sltu    t6, s0, tp
core   0: 3 0x800001c8 (0x00443fb3) x31 0x00000001
core   0: 0x800001cc (0xe223e813) ori     a6, t2, -478
core   0: 3 0x800001cc (0xe223e813) x16 0xfffffe2f
core   0: 0x800001d0 (0x41180e33) sub     t3, a6, a7
core   0: 3 0x800001d0 (0x41180e33) x28 0xfffffe22
core   0: 0x800001d4 (0x0000100f) fence.i
core   0: 3 0x800001d4 (0x0000100f)
core   0: 0x800001d8 (0x40795733) sra     a4, s2, t2
core   0: 3 0x800001d8 (0x40795733) x14 0x00000000
core   0: 0x800001dc (0x00c631b3) sltu    gp, a2, a2
core   0: 3 0x800001dc (0x00c631b3) x 3 0x00000000
core   0: 0x800001e0 (0x20864393) xori    t2, a2, 520
core   0: 3 0x800001e0 (0x20864393) x 7 0x00000209
core   0: 0x800001e4 (0x0079ca33) xor     s4, s3, t2
core   0: 3 0x800001e4 (0x0079ca33) x20 0xfe64ee95
core   0: 0x800001e8 (0xfde34ae3) blt     t1, t5, pc - 44
core   0: 3 0x800001e8 (0xfde34ae3)
core   0: 0x800001bc (0x00c3be33) sltu    t3, t2, a2
core   0: 3 0x800001bc (0x00c3be33) x28 0x00000000
core   0: 0x800001c0 (0x00e32633) slt     a2, t1, a4
core   0: 3 0x800001c0 (0x00e32633) x12 0x00000000
core   0: 0x800001c4 (0x00830313) addi    t1, t1, 8
core   0: 3 0x800001c4 (0x00830313) x 6 0x00000009
core   0: 0x800001c8 (0x00443fb3) sltu    t6, s0, tp
core   0: 3 0x800001c8 (0x00443fb3) x31 0x00000001
core   0: 0x800001cc (0xe223e813) ori     a6, t2, -478
core   0: 3 0x800001cc (0xe223e813) x16 0xfffffe2b
core   0: 0x800001d0 (0x41180e33) sub     t3, a6, a7
core   0: 3 0x800001d0 (0x41180e33) x28 0xfffffe1e
core   0: 0x800001d4 (0x0000100f) fence.i
core   0: 3 0x800001d4 (0x0000100f)
core   0: 0x800001d8 (0x40795733) sra     a4, s2, t2
core   0: 3 0x800001d8 (0x40795733) x14 0x00000000
core   0: 0x800001dc (0x00c631b3) sltu    gp, a2, a2
core   0: 3 0x800001dc (0x00c631b3) x 3 0x00000000
core   0: 0x800001e0 (0x20864393) xori    t2, a2, 520
core   0: 3 0x800001e0 (0x20864393) x 7 0x00000208
core   0: 0x800001e4 (0x0079ca33) xor     s4, s3, t2
core   0: 3 0x800001e4 (0x0079ca33) x20 0xfe64ee94
core   0: 0x800001e8 (0xfde34ae3) blt     t1, t5, pc - 44
core   0: 3 0x800001e8 (0xfde34ae3)
core   0: 0x800001ec (0x772223b7) lui     t2, 0x77222
core   0: 3 0x800001ec (0x772223b7) x 7 0x77222000
core   0: 0x800001f0 (0x00013a17) auipc   s4, 0x13
core   0: 3 0x800001f0 (0x00013a17) x20 0x800131f0
core   0: 0x800001f4 (0x840a0a13) addi    s4, s4, -1984
core   0: 3 0x800001f4 (0x840a0a13) x20 0x80012a30
core   0: 0x800001f8 (0x3fba4583) lbu     a1, 1019(s4)
core   0: 3 0x800001f8 (0x3fba4583) x11 0x000000e0 mem 0x80012e2b
core   0: 0x800001fc (0x3fba0303) lb      t1, 1019(s4)
core   0: 3 0x800001fc (0x3fba0303) x 6 0xffffffe0 mem 0x80012e2b
core   0: 0x80000200 (0xbeea04a3) sb      a4, -1047(s4)
core   0: 3 0x80000200 (0xbeea04a3) mem 0x80012619 0x0
core   0: 0x80000204 (0xbe5a04a3) sb      t0, -1047(s4)
core   0: 3 0x80000204 (0xbe5a04a3) mem 0x80012619 0x1a
core   0: 0x80000208 (0x22aa4683) lbu     a3, 554(s4)
core   0: 3 0x80000208 (0x22aa4683) x13 0x00000011 mem 0x80012c5a
core   0: 0x8000020c (0x22aa0503) lb      a0, 554(s4)
core   0: 3 0x8000020c (0x22aa0503) x10 0x00000011 mem 0x80012c5a
core   0: 0x80000210 (0x23ba1523) sh      s11, 554(s4)
core   0: 3 0x80000210 (0x23ba1523) mem 0x80012c5a 0x0000
core   0: 0x80000214 (0x238a0523) sb      s8, 554(s4)
core   0: 3 0x80000214 (0x238a0523) mem 0x80012c5a 0x0
core   0: 0x80000218 (0x22aa1883) lh      a7, 554(s4)
core   0: 3 0x80000218 (0x22aa1883) x17 0x00000000 mem 0x80012c5a
core   0: 0x8000021c (0x23da1523) sh      t4, 554(s4)
core   0: 3 0x8000021c (0x23da1523) mem 0x80012c5a 0x56b8
core   0: 0x80000220 (0xa64dc393) xori    t2, s11, -1436
core   0: 3 0x80000220 (0xa64dc393) x 7 0x7ffffa64
core   0: 0x80000224 (0x2d3a0ca3) sb      s3, 729(s4)
core   0: 3 0x80000224 (0x2d3a0ca3) mem 0x80012d09 0x9c
core   0: 0x80000228 (0x7df14e13) xori    t3, sp, 2015
core   0: 3 0x80000228 (0x7df14e13) x28 0x000007df
core   0: 0x8000022c (0x2d9a0383) lb      t2, 729(s4)
core   0: 3 0x8000022c (0x2d9a0383) x 7 0xffffff9c mem 0x80012d09
core   0: 0x80000230 (0x2dfa0ca3) sb      t6, 729(s4)
core   0: 3 0x80000230 (0x2dfa0ca3) mem 0x80012d09 0x1
core   0: 0x80000234 (0x409edd33) sra     s10, t4, s1
core   0: 3 0x80000234 (0x409edd33) x26 0xfffc3556
core   0: 0x80000238 (0x59db6893) ori     a7, s6, 1437
core   0: 3 0x80000238 (0x59db6893) x17 0x80027ffd
core   0: 0x8000023c (0x2d7a0ca3) sb      s7, 729(s4)
core   0: 3 0x8000023c (0x2d7a0ca3) mem 0x80012d09 0x69
core   0: 0x80000240 (0x2d9a4e03) lbu     t3, 729(s4)
core   0: 3 0x80000240 (0x2d9a4e03) x28 0x00000069 mem 0x80012d09
core   0: 0x80000244 (0x2dea0ca3) sb      t5, 729(s4)
core   0: 3 0x80000244 (0x2dea0ca3) mem 0x80012d09 0x9
core   0: 0x80000248 (0x2d4a0ca3) sb      s4, 729(s4)
core   0: 3 0x80000248 (0x2d4a0ca3) mem 0x80012d09 0x30
core   0: 0x8000024c (0x2d9a0903) lb      s2, 729(s4)
core   0: 3 0x8000024c (0x2d9a0903) x18 0x00000030 mem 0x80012d09
core   0: 0x80000250 (0x2d9a0683) lb      a3, 729(s4)
core   0: 3 0x80000250 (0x2d9a0683) x13 0x00000030 mem 0x80012d09
core   0: 0x80000254 (0x0155f833) and     a6, a1, s5
core   0: 3 0x80000254 (0x0155f833) x16 0x00000040
core   0: 0x80000258 (0xed097c93) andi    s9, s2, -304
core   0: 3 0x80000258 (0xed097c93) x25 0x00000010
core   0: 0x8000025c (0xc16a0ba3) sb      s6, -1001(s4)
core   0: 3 0x8000025c (0xc16a0ba3) mem 0x80012647 0x64
core   0: 0x80000260 (0xff600193) li      gp, -10
core   0: 3 0x80000260 (0xff600193) x 3 0xfffffff6
core   0: 0x80000264 (0x01855a33) srl     s4, a0, s8
core   0: 3 0x80000264 (0x01855a33) x20 0x00000011
core   0: 0x80000268 (0x00b00413) li      s0, 11
core   0: 3 0x80000268 (0x00b00413) x 8 0x0000000b
core   0: 0x8000026c (0x0000100f) fence.i
core   0: 3 0x8000026c (0x0000100f)
core   0: 0x80000270 (0x00a44a33) xor     s4, s0, a0
core   0: 3 0x80000270 (0x00a44a33) x20 0x0000001a
core   0: 0x80000274 (0x014996b3) sll     a3, s3, s4
core   0: 3 0x80000274 (0x014996b3) x13 0x70000000
core   0: 0x80000278 (0x1ba87013) andi    zero, a6, 442
core   0: 3 0x80000278 (0x1ba87013)
core   0: 0x8000027c (0x0000100f) fence.i
core   0: 3 0x8000027c (0x0000100f)
core   0: 0x80000280 (0x00ca8db3) add     s11, s5, a2
core   0: 3 0x80000280 (0x00ca8db3) x27 0x0000004d
core   0: 0x80000284 (0x52826b93) ori     s7, tp, 1320
core   0: 3 0x80000284 (0x52826b93) x23 0x8002bdec
core   0: 0x80000288 (0x0ff0000f) fence   iorw,iorw
core   0: 3 0x80000288 (0x0ff0000f)
core   0: 0x8000028c (0x01c62333) slt     t1, a2, t3
core   0: 3 0x8000028c (0x01c62333) x 6 0x00000001
core   0: 0x80000290 (0xc5d195b7) lui     a1, 0xc5d19
core   0: 3 0x80000290 (0xc5d195b7) x11 0xc5d19000
core   0: 0x80000294 (0x41a95133) sra     sp, s2, s10
core   0: 3 0x80000294 (0x41a95133) x 2 0x00000000
core   0: 0x80000298 (0xc9fa7813) andi    a6, s4, -865
core   0: 3 0x80000298 (0xc9fa7813) x16 0x0000001a
core   0: 0x8000029c (0x00907833) and     a6, zero, s1
core   0: 3 0x8000029c (0x00907833) x16 0x00000000
core   0: 0x800002a0 (0x0ff0000f) fence   iorw,iorw
core   0: 3 0x800002a0 (0x0ff0000f)
core   0: 0x800002a4 (0x00000013) nop
core   0: 3 0x800002a4 (0x00000013)
core   0: 0x800002a8 (0x01ecdd33) srl     s10, s9, t5
core   0: 3 0x800002a8 (0x01ecdd33) x26 0x00000000
core   0: 0x800002ac (0x8daedd97) auipc   s11, 0x8daed
core   0: 3 0x800002ac (0x8daedd97) x27 0x0daed2ac
core   0: 0x800002b0 (0xc2f3e293) ori     t0, t2, -977
core   0: 3 0x800002b0 (0xc2f3e293) x 5 0xffffffbf
core   0: 0x800002b4 (0x01127a33) and     s4, tp, a7
core   0: 3 0x800002b4 (0x01127a33) x20 0x80023ce4
core   0: 0x800002b8 (0x4d9b3913) sltiu   s2, s6, 1241
core   0: 3 0x800002b8 (0x4d9b3913) x18 0x00000000
core   0: 0x800002bc (0x00a190b3) sll     ra, gp, a0
core   0: 3 0x800002bc (0x00a190b3) x 1 0xffec0000
core   0: 0x800002c0 (0x01150533) add     a0, a0, a7
core   0: 3 0x800002c0 (0x01150533) x10 0x8002800e
core   0: 0x800002c4 (0x00918193) addi    gp, gp, 9
core   0: 3 0x800002c4 (0x00918193) x 3 0xffffffff
core   0: 0x800002c8 (0x016328b3) slt     a7, t1, s6
core   0: 3 0x800002c8 (0x016328b3) x17 0x00000000
core   0: 0x800002cc (0x419e54b3) sra     s1, t3, s9
core   0: 3 0x800002cc (0x419e54b3) x 9 0x00000000
core   0: 0x800002d0 (0xfa81eee3) bltu    gp, s0, pc - 68
core   0: 3 0x800002d0 (0xfa81eee3)
core   0: 0x800002d4 (0x0ff0000f) fence   iorw,iorw
core   0: 3 0x800002d4 (0x0ff0000f)
core   0: 0x800002d8 (0x00013797) auipc   a5, 0x13
core   0: 3 0x800002d8 (0x00013797) x15 0x800132d8
core   0: 0x800002dc (0xa7678793) addi    a5, a5, -1418
core   0: 3 0x800002dc (0xa7678793) x15 0x80012d4e
core   0: 0x800002e0 (0x0001d517) auipc   a0, 0x1d
core   0: 3 0x800002e0 (0x0001d517) x10 0x8001d2e0
core   0: 0x800002e4 (0xc6050513) addi    a0, a0, -928
core   0: 3 0x800002e4 (0xc6050513) x10 0x8001cf40
core   0: 0x800002e8 (0x29879c03) lh      s8, 664(a5)
core   0: 3 0x800002e8 (0x29879c03) x24 0xffff9c9d mem 0x80012fe6
core   0: 0x800002ec (0x02750c03) lb      s8, 39(a0)
core   0: 3 0x800002ec (0x02750c03) x24 0x0000001c mem 0x8001cf67
core   0: 0x800002f0 (0xfe950483) lb      s1, -23(a0)
core   0: 3 0x800002f0 (0xfe950483) x 9 0xffffffe2 mem 0x8001cf29
core   0: 0x800002f4 (0xdf578a03) lb      s4, -523(a5)
core   0: 3 0x800002f4 (0xdf578a03) x20 0xfffffff8 mem 0x80012b43
core   0: 0x800002f8 (0x03b54283) lbu     t0, 59(a0)
core   0: 3 0x800002f8 (0x03b54283) x 5 0x00000030 mem 0x8001cf7b
core   0: 0x800002fc (0xadb78ca3) sb      s11, -1319(a5)
core   0: 3 0x800002fc (0xadb78ca3) mem 0x80012827 0xac
core   0: 0x80000300 (0x01b54903) lbu     s2, 27(a0)
core   0: 3 0x80000300 (0x01b54903) x18 0x00000010 mem 0x8001cf5b
core   0: 0x80000304 (0xf7f78303) lb      t1, -129(a5)
core   0: 3 0x80000304 (0xf7f78303) x 6 0xffffff86 mem 0x80012ccd
core   0: 0x80000308 (0xffe51d03) lh      s10, -2(a0)
core   0: 3 0x80000308 (0xffe51d03) x26 0xfffff4f5 mem 0x8001cf3e
core   0: 0x8000030c (0xa80785a3) sb      zero, -1397(a5)
core   0: 3 0x8000030c (0xa80785a3) mem 0x800127d9 0x0
core   0: 0x80000310 (0xf8a7cd83) lbu     s11, -118(a5)
core   0: 3 0x80000310 (0xf8a7cd83) x27 0x00000093 mem 0x80012cd8
core   0: 0x80000314 (0x0240036f) jal     t1, pc + 0x24
core   0: 3 0x80000314 (0x0240036f) x 6 0x80000318
core   0: 0x80000338 (0x01c000ef) jal     pc + 0x1c
core   0: 3 0x80000338 (0x01c000ef) x 1 0x8000033c
core   0: 0x80000354 (0x018007ef) jal     a5, pc + 0x18
core   0: 3 0x80000354 (0x018007ef) x15 0x80000358
core   0: 0x8000036c (0xfc1ff0ef) jal     pc - 0x40
core   0: 3 0x8000036c (0xfc1ff0ef) x 1 0x80000370
core   0: 0x8000032c (0x014000ef) jal     pc + 0x14
core   0: 3 0x8000032c (0x014000ef) x 1 0x80000330
core   0: 0x80000340 (0x024000ef) jal     pc + 0x24
core   0: 3 0x80000340 (0x024000ef) x 1 0x80000344
core   0: 0x80000364 (0xfe1ff36f) jal     t1, pc - 0x20
core   0: 3 0x80000364 (0xfe1ff36f) x 6 0x80000368
core   0: 0x80000344 (0x0300036f) jal     t1, pc + 0x30
core   0: 3 0x80000344 (0x0300036f) x 6 0x80000348
core   0: 0x80000374 (0xfd9ff0ef) jal     pc - 0x28
core   0: 3 0x80000374 (0xfd9ff0ef) x 1 0x80000378
core   0: 0x8000034c (0xfd1ff0ef) jal     pc - 0x30
core   0: 3 0x8000034c (0xfd1ff0ef) x 1 0x80000350
core   0: 0x8000031c (0x054000ef) jal     pc + 0x54
core   0: 3 0x8000031c (0x054000ef) x 1 0x80000320
core   0: 0x80000370 (0xfe1ff36f) jal     t1, pc - 0x20
core   0: 3 0x80000370 (0xfe1ff36f) x 6 0x80000374
core   0: 0x80000350 (0xfd1ff86f) jal     a6, pc - 0x30
core   0: 3 0x80000350 (0xfd1ff86f) x16 0x80000354
core   0: 0x80000320 (0x01c00aef) jal     s5, pc + 0x1c
core   0: 3 0x80000320 (0x01c00aef) x21 0x80000324
core   0: 0x8000033c (0xfddff0ef) jal     pc - 0x24
core   0: 3 0x8000033c (0xfddff0ef) x 1 0x80000340
core   0: 0x80000318 (0x06400def) jal     s11, pc + 0x64
core   0: 3 0x80000318 (0x06400def) x27 0x8000031c
core   0: 0x8000037c (0xfb5ff0ef) jal     pc - 0x4c
core   0: 3 0x8000037c (0xfb5ff0ef) x 1 0x80000380
core   0: 0x80000330 (0xff5ff0ef) jal     pc - 0xc
core   0: 3 0x80000330 (0xff5ff0ef) x 1 0x80000334
core   0: 0x80000324 (0x03c0036f) jal     t1, pc + 0x3c
core   0: 3 0x80000324 (0x03c0036f) x 6 0x80000328
core   0: 0x80000360 (0xffdff0ef) jal     pc - 0x4
core   0: 3 0x80000360 (0xffdff0ef) x 1 0x80000364
core   0: 0x8000035c (0x01c0036f) jal     t1, pc + 0x1c
core   0: 3 0x8000035c (0x01c0036f) x 6 0x80000360
core   0: 0x80000378 (0xff1ffdef) jal     s11, pc - 0x10
core   0: 3 0x80000378 (0xff1ffdef) x27 0x8000037c
core   0: 0x80000368 (0xfe1ff0ef) jal     pc - 0x20
core   0: 3 0x80000368 (0xfe1ff0ef) x 1 0x8000036c
core   0: 0x80000348 (0xfe1ffc6f) jal     s8, pc - 0x20
core   0: 3 0x80000348 (0xfe1ffc6f) x24 0x8000034c
core   0: 0x80000328 (0x00c000ef) jal     pc + 0xc
core   0: 3 0x80000328 (0x00c000ef) x 1 0x8000032c
core   0: 0x80000334 (0x024000ef) jal     pc + 0x24
core   0: 3 0x80000334 (0x024000ef) x 1 0x80000338
core   0: 0x80000358 (0x0280036f) jal     t1, pc + 0x28
core   0: 3 0x80000358 (0x0280036f) x 6 0x8000035c
core   0: 0x80000380 (0x00e19a93) slli    s5, gp, 14
core   0: 3 0x80000380 (0x00e19a93) x21 0xffffc000
core   0: 0x80000384 (0x00800793) li      a5, 8
core   0: 3 0x80000384 (0x00800793) x15 0x00000008
core   0: 0x80000388 (0x00a00813) li      a6, 10
core   0: 3 0x80000388 (0x00a00813) x16 0x0000000a
core   0: 0x8000038c (0x7e8aa2b7) lui     t0, 0x7e8aa
core   0: 3 0x8000038c (0x7e8aa2b7) x 5 0x7e8aa000
core   0: 0x80000390 (0x00a4a433) slt     s0, s1, a0
core   0: 3 0x80000390 (0x00a4a433) x 8 0x00000000
core   0: 0x80000394 (0x01df0eb3) add     t4, t5, t4
core   0: 3 0x80000394 (0x01df0eb3) x29 0xfc3556c1
core   0: 0x80000398 (0x5b6de413) ori     s0, s11, 1462
core   0: 3 0x80000398 (0x5b6de413) x 8 0x800007fe
core   0: 0x8000039c (0x013301b3) add     gp, t1, s3
core   0: 3 0x8000039c (0x013301b3) x 3 0x7e64eff8
core   0: 0x800003a0 (0x0cfe3193) sltiu   gp, t3, 207
core   0: 3 0x800003a0 (0x0cfe3193) x 3 0x00000001
core   0: 0x800003a4 (0x08ef7c13) andi    s8, t5, 142
core   0: 3 0x800003a4 (0x08ef7c13) x24 0x00000008
core   0: 0x800003a8 (0x0000100f) fence.i
core   0: 3 0x800003a8 (0x0000100f)
core   0: 0x800003ac (0x00a78793) addi    a5, a5, 10
core   0: 3 0x800003ac (0x00a78793) x15 0x00000012
core   0: 0x800003b0 (0x00b83bb3) sltu    s7, a6, a1
core   0: 3 0x800003b0 (0x00b83bb3) x23 0x00000001
core   0: 0x800003b4 (0x6de2e6b7) lui     a3, 0x6de2e
core   0: 3 0x800003b4 (0x6de2e6b7) x13 0x6de2e000
core   0: 0x800003b8 (0x01700e33) add     t3, zero, s7
core   0: 3 0x800003b8 (0x01700e33) x28 0x00000001
core   0: 0x800003bc (0x00000d13) li      s10, 0
core   0: 3 0x800003bc (0x00000d13) x26 0x00000000
core   0: 0x800003c0 (0x00300613) li      a2, 3
core   0: 3 0x800003c0 (0x00300613) x12 0x00000003
core   0: 0x800003c4 (0x892e3517) auipc   a0, 0x892e3
core   0: 3 0x800003c4 (0x892e3517) x10 0x092e33c4
core   0: 0x800003c8 (0x00000013) nop
core   0: 3 0x800003c8 (0x00000013)
core   0: 0x800003cc (0x008d0d13) addi    s10, s10, 8
core   0: 3 0x800003cc (0x008d0d13) x26 0x00000008
core   0: 0x800003d0 (0x00af62b3) or      t0, t5, a0
core   0: 3 0x800003d0 (0x00af62b3) x 5 0x092e33cd
core   0: 0x800003d4 (0xfecd48e3) blt     s10, a2, pc - 16
core   0: 3 0x800003d4 (0xfecd48e3)
core   0: 0x800003d8 (0x5b12c937) lui     s2, 0x5b12c
core   0: 3 0x800003d8 (0x5b12c937) x18 0x5b12c000
core   0: 0x800003dc (0x01fd02b3) add     t0, s10, t6
core   0: 3 0x800003dc (0x01fd02b3) x 5 0x00000009
core   0: 0x800003e0 (0xfb07cae3) blt     a5, a6, pc - 76
core   0: 3 0x800003e0 (0xfb07cae3)
core   0: 0x800003e4 (0x01c71c33) sll     s8, a4, t3
core   0: 3 0x800003e4 (0x01c71c33) x24 0x00000000
core   0: 0x800003e8 (0x00012e17) auipc   t3, 0x12
core   0: 3 0x800003e8 (0x00012e17) x28 0x800123e8
core   0: 0x800003ec (0x7ede0e13) addi    t3, t3, 2029
core   0: 3 0x800003ec (0x7ede0e13) x28 0x80012bd5
core   0: 0x800003f0 (0x01ee4283) lbu     t0, 30(t3)
core   0: 3 0x800003f0 (0x01ee4283) x 5 0x000000a8 mem 0x80012bf3
core   0: 0x800003f4 (0x01ee4b83) lbu     s7, 30(t3)
core   0: 3 0x800003f4 (0x01ee4b83) x23 0x000000a8 mem 0x80012bf3
core   0: 0x800003f8 (0x00f2deb3) srl     t4, t0, a5
core   0: 3 0x800003f8 (0x00f2deb3) x29 0x00000000
core   0: 0x800003fc (0x01dedf93) srli    t6, t4, 29
core   0: 3 0x800003fc (0x01dedf93) x31 0x00000000
core   0: 0x80000400 (0xfdae0a23) sb      s10, -44(t3)
core   0: 3 0x80000400 (0xfdae0a23) mem 0x80012ba9 0x8
core   0: 0x80000404 (0xff2e02a3) sb      s2, -27(t3)
core   0: 3 0x80000404 (0xff2e02a3) mem 0x80012bba 0x0
core   0: 0x80000408 (0xff6e02a3) sb      s6, -27(t3)
core   0: 3 0x80000408 (0xff6e02a3) mem 0x80012bba 0x64
core   0: 0x8000040c (0xfe5e1303) lh      t1, -27(t3)
core   0: 3 0x8000040c (0xfe5e1303) x 6 0x00007064 mem 0x80012bba
core   0: 0x80000410 (0xff9e12a3) sh      s9, -27(t3)
core   0: 3 0x80000410 (0xff9e12a3) mem 0x80012bba 0x0010
core   0: 0x80000414 (0xfe5e1003) lh      zero, -27(t3)
core   0: 3 0x80000414 (0xfe5e1003) mem 0x80012bba
core   0: 0x80000418 (0xfe5e5b83) lhu     s7, -27(t3)
core   0: 3 0x80000418 (0xfe5e5b83) x23 0x00000010 mem 0x80012bba
core   0: 0x8000041c (0x009a3733) sltu    a4, s4, s1
core   0: 3 0x8000041c (0x009a3733) x14 0x00000000
core   0: 0x80000420 (0x001e0da3) sb      ra, 27(t3)
core   0: 3 0x80000420 (0x001e0da3) mem 0x80012bf0 0x38
core   0: 0x80000424 (0x01be4903) lbu     s2, 27(t3)
core   0: 3 0x80000424 (0x01be4903) x18 0x00000038 mem 0x80012bf0
core   0: 0x80000428 (0xfd1e0b83) lb      s7, -47(t3)
core   0: 3 0x80000428 (0xfd1e0b83) x23 0x0000005d mem 0x80012ba6
core   0: 0x8000042c (0x00ce4a83) lbu     s5, 12(t3)
core   0: 3 0x8000042c (0x00ce4a83) x21 0x0000009a mem 0x80012be1
core   0: 0x80000430 (0x03ae4603) lbu     a2, 58(t3)
core   0: 3 0x80000430 (0x03ae4603) x12 0x000000c4 mem 0x80012c0f
core   0: 0x80000434 (0x03ae0f83) lb      t6, 58(t3)
core   0: 3 0x80000434 (0x03ae0f83) x31 0xffffffc4 mem 0x80012c0f
core   0: 0x80000438 (0x020e0d23) sb      zero, 58(t3)
core   0: 3 0x80000438 (0x020e0d23) mem 0x80012c0f 0x0
core   0: 0x8000043c (0x03ae4483) lbu     s1, 58(t3)
core   0: 3 0x8000043c (0x03ae4483) x 9 0x00000000 mem 0x80012c0f
core   0: 0x80000440 (0x70812613) slti    a2, sp, 1800
core   0: 3 0x80000440 (0x70812613) x12 0x00000001
core   0: 0x80000444 (0x03ae4f03) lbu     t5, 58(t3)
core   0: 3 0x80000444 (0x03ae4f03) x30 0x00000000 mem 0x80012c0f
core   0: 0x80000448 (0x03ee0d83) lb      s11, 62(t3)
core   0: 3 0x80000448 (0x03ee0d83) x27 0xffffffc8 mem 0x80012c13
core   0: 0x8000044c (0x896a0f13) addi    t5, s4, -1898
core   0: 3 0x8000044c (0x896a0f13) x30 0xfffff88e
core   0: 0x80000450 (0x019e0da3) sb      s9, 27(t3)
core   0: 3 0x80000450 (0x019e0da3) mem 0x80012bf0 0x10
core   0: 0x80000454 (0x00016e97) auipc   t4, 0x16
core   0: 3 0x80000454 (0x00016e97) x29 0x80016454
core   0: 0x80000458 (0x53be8e93) addi    t4, t4, 1339
core   0: 3 0x80000458 (0x53be8e93) x29 0x8001698f
core   0: 0x8000045c (0x0ff0000f) fence   iorw,iorw
core   0: 3 0x8000045c (0x0ff0000f)
core   0: 0x80000460 (0x00c15c33) srl     s8, sp, a2
core   0: 3 0x80000460 (0x00c15c33) x24 0x00000000
core   0: 0x80000464 (0xfece8323) sb      a2, -26(t4)
core   0: 3 0x80000464 (0xfece8323) mem 0x80016975 0x1
core   0: 0x80000468 (0x0187eab3) or      s5, a5, s8
core   0: 3 0x80000468 (0x0187eab3) x21 0x00000012
core   0: 0x8000046c (0xfd0e8103) lb      sp, -48(t4)
core   0: 3 0x8000046c (0xfd0e8103) x 2 0x00000014 mem 0x8001695f
core   0: 0x80000470 (0x022ea6a3) sw      sp, 45(t4)
core   0: 3 0x80000470 (0x022ea6a3) mem 0x800169bc 0x00000014
core   0: 0x80000474 (0xfc9ece03) lbu     t3, -55(t4)
core   0: 3 0x80000474 (0xfc9ece03) x28 0x00000013 mem 0x80016958
core   0: 0x80000478 (0x00c62ab3) slt     s5, a2, a2
core   0: 3 0x80000478 (0x00c62ab3) x21 0x00000000
core   0: 0x8000047c (0x029e8e03) lb      t3, 41(t4)
core   0: 3 0x8000047c (0x029e8e03) x28 0x00000073 mem 0x800169b8
core   0: 0x80000480 (0x03ce8f23) sb      t3, 62(t4)
core   0: 3 0x80000480 (0x03ce8f23) mem 0x800169cd 0x73
core   0: 0x80000484 (0xffce86a3) sb      t3, -19(t4)
core   0: 3 0x80000484 (0xffce86a3) mem 0x8001697c 0x73
core   0: 0x80000488 (0x01860133) add     sp, a2, s8
core   0: 3 0x80000488 (0x01860133) x 2 0x00000001
core   0: 0x8000048c (0x022e8ea3) sb      sp, 61(t4)
core   0: 3 0x8000048c (0x022e8ea3) mem 0x800169cc 0x1
core   0: 0x80000490 (0x037ec783) lbu     a5, 55(t4)
core   0: 3 0x80000490 (0x037ec783) x15 0x0000007d mem 0x800169c6
core   0: 0x80000494 (0xffce8da3) sb      t3, -5(t4)
core   0: 3 0x80000494 (0xffce8da3) mem 0x8001698a 0x73
core   0: 0x80000498 (0xf429b617) auipc   a2, 0xf429b
core   0: 3 0x80000498 (0xf429b617) x12 0x7429b498
core   0: 0x8000049c (0x03de9a83) lh      s5, 61(t4)
core   0: 3 0x8000049c (0x03de9a83) x21 0x00007301 mem 0x800169cc
core   0: 0x800004a0 (0x69b67c13) andi    s8, a2, 1691
core   0: 3 0x800004a0 (0x69b67c13) x24 0x00000498
core   0: 0x800004a4 (0x0000100f) fence.i
core   0: 3 0x800004a4 (0x0000100f)
core   0: 0x800004a8 (0x02ce8623) sb      a2, 44(t4)
core   0: 3 0x800004a8 (0x02ce8623) mem 0x800169bb 0x98
core   0: 0x800004ac (0xfece8623) sb      a2, -20(t4)
core   0: 3 0x800004ac (0xfece8623) mem 0x8001697b 0x98
core   0: 0x800004b0 (0xfe8eca83) lbu     s5, -24(t4)
core   0: 3 0x800004b0 (0xfe8eca83) x21 0x0000002c mem 0x80016977
core   0: 0x800004b4 (0x418a8633) sub     a2, s5, s8
core   0: 3 0x800004b4 (0x418a8633) x12 0xfffffb94
core   0: 0x800004b8 (0xfefea0a3) sw      a5, -31(t4)
core   0: 3 0x800004b8 (0xfefea0a3) mem 0x80016970 0x0000007d
core   0: 0x800004bc (0x027ed783) lhu     a5, 39(t4)
core   0: 3 0x800004bc (0x027ed783) x15 0x00006c6d mem 0x800169b6
core   0: 0x800004c0 (0xff5e83a3) sb      s5, -25(t4)
core   0: 3 0x800004c0 (0xff5e83a3) mem 0x80016976 0x2c
core   0: 0x800004c4 (0xfe3ed103) lhu     sp, -29(t4)
core   0: 3 0x800004c4 (0xfe3ed103) x 2 0x00000000 mem 0x80016972
core   0: 0x800004c8 (0x0ff0000f) fence   iorw,iorw
core   0: 3 0x800004c8 (0x0ff0000f)
core   0: 0x800004cc (0x01879a93) slli    s5, a5, 24
core   0: 3 0x800004cc (0x01879a93) x21 0x6d000000
core   0: 0x800004d0 (0x0ff0000f) fence   iorw,iorw
core   0: 3 0x800004d0 (0x0ff0000f)
core   0: 0x800004d4 (0xbac63a93) sltiu   s5, a2, -1108
core   0: 3 0x800004d4 (0xbac63a93) x21 0x00000001
core   0: 0x800004d8 (0x01c13633) sltu    a2, sp, t3
core   0: 3 0x800004d8 (0x01c13633) x12 0x00000001
core   0: 0x800004dc (0x01ae8e03) lb      t3, 26(t4)
core   0: 3 0x800004dc (0x01ae8e03) x28 0x00000062 mem 0x800169a9
core   0: 0x800004e0 (0x02feca83) lbu     s5, 47(t4)
core   0: 3 0x800004e0 (0x02feca83) x21 0x00000000 mem 0x800169be
core   0: 0x800004e4 (0xff5e99a3) sh      s5, -13(t4)
core   0: 3 0x800004e4 (0xff5e99a3) mem 0x80016982 0x0000
core   0: 0x800004e8 (0xfcce8c03) lb      s8, -52(t4)
core   0: 3 0x800004e8 (0xfcce8c03) x24 0x00000010 mem 0x8001695b
core   0: 0x800004ec (0x01814ab3) xor     s5, sp, s8
core   0: 3 0x800004ec (0x01814ab3) x21 0x00000010
core   0: 0x800004f0 (0xfddeac03) lw      s8, -35(t4)
core   0: 3 0x800004f0 (0xfddeac03) x24 0x24252627 mem 0x8001696c
core   0: 0x800004f4 (0xeadae793) ori     a5, s5, -339
core   0: 3 0x800004f4 (0xeadae793) x15 0xfffffebd
core   0: 0x800004f8 (0x00fad113) srli    sp, s5, 15
core   0: 3 0x800004f8 (0x00fad113) x 2 0x00000000
core   0: 0x800004fc (0x015e6c33) or      s8, t3, s5
core   0: 3 0x800004fc (0x015e6c33) x24 0x00000072
core   0: 0x80000500 (0x418ad7b3) sra     a5, s5, s8
core   0: 3 0x80000500 (0x418ad7b3) x15 0x00000000
core   0: 0x80000504 (0xc54aaa93) slti    s5, s5, -940
core   0: 3 0x80000504 (0xc54aaa93) x21 0x00000000
core   0: 0x80000508 (0x02ae8a83) lb      s5, 42(t4)
core   0: 3 0x80000508 (0x02ae8a83) x21 0x00000072 mem 0x800169b9
core   0: 0x8000050c (0x00000013) nop
core   0: 3 0x8000050c (0x00000013)
core   0: 0x80000510 (0x02ce85a3) sb      a2, 43(t4)
core   0: 3 0x80000510 (0x02ce85a3) mem 0x800169ba 0x1
core   0: 0x80000514 (0x002e8423) sb      sp, 8(t4)
core   0: 3 0x80000514 (0x002e8423) mem 0x80016997 0x0
core   0: 0x80000518 (0x415e07b3) sub     a5, t3, s5
core   0: 3 0x80000518 (0x415e07b3) x15 0xfffffff0
core   0: 0x8000051c (0xff0ec103) lbu     sp, -16(t4)
core   0: 3 0x8000051c (0xff0ec103) x 2 0x00000034 mem 0x8001697f
core   0: 0x80000520 (0x007ad113) srli    sp, s5, 7
core   0: 3 0x80000520 (0x007ad113) x 2 0x00000000
core   0: 0x80000524 (0x41fe5113) srai    sp, t3, 31
core   0: 3 0x80000524 (0x41fe5113) x 2 0x00000000
core   0: 0x80000528 (0xff5e8aa3) sb      s5, -11(t4)
core   0: 3 0x80000528 (0xff5e8aa3) mem 0x80016984 0x72
core   0: 0x8000052c (0xd6b04617) auipc   a2, 0xd6b04
core   0: 3 0x8000052c (0xd6b04617) x12 0x56b0452c
core   0: 0x80000530 (0x250a8113) addi    sp, s5, 592
core   0: 3 0x80000530 (0x250a8113) x 2 0x000002c2
core   0: 0x80000534 (0x01560633) add     a2, a2, s5
core   0: 3 0x80000534 (0x01560633) x12 0x56b0459e
core   0: 0x80000538 (0x01fede03) lhu     t3, 31(t4)
core   0: 3 0x80000538 (0x01fede03) x28 0x00006465 mem 0x800169ae
core   0: 0x8000053c (0x00018117) auipc   sp, 0x18
core   0: 3 0x8000053c (0x00018117) x 2 0x8001853c
core   0: 0x80000540 (0xdad10113) addi    sp, sp, -595
core   0: 3 0x80000540 (0xdad10113) x 2 0x800182e9
core   0: 0x80000544 (0xff511503) lh      a0, -11(sp)
core   0: 3 0x80000544 (0xff511503) x10 0xffff9495 mem 0x800182de
core   0: 0x80000548 (0xff610283) lb      t0, -10(sp)
core   0: 3 0x80000548 (0xff610283) x 5 0xffffff94 mem 0x800182df
core   0: 0x8000054c (0xffb14283) lbu     t0, -5(sp)
core   0: 3 0x8000054c (0xffb14283) x 5 0x0000009f mem 0x800182e4
core   0: 0x80000550 (0x019f04b3) add     s1, t5, s9
core   0: 3 0x80000550 (0x019f04b3) x 9 0xfffff89e
core   0: 0x80000554 (0x41e55533) sra     a0, a0, t5
core   0: 3 0x80000554 (0x41e55533) x10 0xfffffffe
core   0: 0x80000558 (0x17d52293) slti    t0, a0, 381
core   0: 3 0x80000558 (0x17d52293) x 5 0x00000001
core   0: 0x8000055c (0x01929533) sll     a0, t0, s9
core   0: 3 0x8000055c (0x01929533) x10 0x00010000
core   0: 0x80000560 (0x0000100f) fence.i
core   0: 3 0x80000560 (0x0000100f)
core   0: 0x80000564 (0xfff14383) lbu     t2, -1(sp)
core   0: 3 0x80000564 (0xfff14383) x 7 0x000000a3 mem 0x800182e8
core   0: 0x80000568 (0xfe710aa3) sb      t2, -11(sp)
core   0: 3 0x80000568 (0xfe710aa3) mem 0x800182de 0xa3
core   0: 0x8000056c (0x01014503) lbu     a0, 16(sp)
core   0: 3 0x8000056c (0x01014503) x10 0x000000b2 mem 0x800182f9
core   0: 0x80000570 (0x008f1513) slli    a0, t5, 8
core   0: 3 0x80000570 (0x008f1513) x10 0xfff88e00
core   0: 0x80000574 (0x0072a533) slt     a0, t0, t2
core   0: 3 0x80000574 (0x0072a533) x10 0x00000001
core   0: 0x80000578 (0x00a4f3b3) and     t2, s1, a0
core   0: 3 0x80000578 (0x00a4f3b3) x 7 0x00000000
core   0: 0x8000057c (0x00214483) lbu     s1, 2(sp)
core   0: 3 0x8000057c (0x00214483) x 9 0x000000a0 mem 0x800182eb
core   0: 0x80000580 (0xf53ce393) ori     t2, s9, -173
core   0: 3 0x80000580 (0xf53ce393) x 7 0xffffff53
core   0: 0x80000584 (0x0074a533) slt     a0, s1, t2
core   0: 3 0x80000584 (0x0074a533) x10 0x00000000
core   0: 0x80000588 (0x009cf2b3) and     t0, s9, s1
core   0: 3 0x80000588 (0x009cf2b3) x 5 0x00000000
core   0: 0x8000058c (0x143ccc93) xori    s9, s9, 323
core   0: 3 0x8000058c (0x143ccc93) x25 0x00000153
core   0: 0x80000590 (0xfff10383) lb      t2, -1(sp)
core   0: 3 0x80000590 (0xfff10383) x 7 0xffffffa3 mem 0x800182e8
core   0: 0x80000594 (0xffd10483) lb      s1, -3(sp)
core   0: 3 0x80000594 (0xffd10483) x 9 0xffffff9d mem 0x800182e6
core   0: 0x80000598 (0xce43c393) xori    t2, t2, -796
core   0: 3 0x80000598 (0xce43c393) x 7 0x00000347
core   0: 0x8000059c (0x05c38c93) addi    s9, t2, 92
core   0: 3 0x8000059c (0x05c38c93) x25 0x000003a3
core   0: 0x800005a0 (0x34a2e493) ori     s1, t0, 842
core   0: 3 0x800005a0 (0x34a2e493) x 9 0x0000034a
core   0: 0x800005a4 (0xfea10a23) sb      a0, -12(sp)
core   0: 3 0x800005a4 (0xfea10a23) mem 0x800182dd 0x0
core   0: 0x800005a8 (0xcfbdff17) auipc   t5, 0xcfbdf
core   0: 3 0x800005a8 (0xcfbdff17) x30 0x4fbdf5a8
core   0: 0x800005ac (0x009f54b3) srl     s1, t5, s1
core   0: 3 0x800005ac (0x009f54b3) x 9 0x0013ef7d
core   0: 0x800005b0 (0xfea11ca3) sh      a0, -7(sp)
core   0: 3 0x800005b0 (0xfea11ca3) mem 0x800182e2 0x0000
core   0: 0x800005b4 (0x2252bc93) sltiu   s9, t0, 549
core   0: 3 0x800005b4 (0x2252bc93) x25 0x00000001
core   0: 0x800005b8 (0x0054d533) srl     a0, s1, t0
core   0: 3 0x800005b8 (0x0054d533) x10 0x0013ef7d
core   0: 0x800005bc (0xed5f7393) andi    t2, t5, -299
core   0: 3 0x800005bc (0xed5f7393) x 7 0x4fbdf480
core   0: 0x800005c0 (0x3dd4af13) slti    t5, s1, 989
core   0: 3 0x800005c0 (0x3dd4af13) x30 0x00000000
core   0: 0x800005c4 (0xfe510c23) sb      t0, -8(sp)
core   0: 3 0x800005c4 (0xfe510c23) mem 0x800182e1 0x0
core   0: 0x800005c8 (0x00013917) auipc   s2, 0x13
core   0: 3 0x800005c8 (0x00013917) x18 0x800135c8
core   0: 0x800005cc (0xa1f90913) addi    s2, s2, -1505
core   0: 3 0x800005cc (0xa1f90913) x18 0x80012fe7
core   0: 0x800005d0 (0x00012317) auipc   t1, 0x12
core   0: 3 0x800005d0 (0x00012317) x 6 0x800125d0
core   0: 0x800005d4 (0xc3d30313) addi    t1, t1, -963
core   0: 3 0x800005d4 (0xc3d30313) x 6 0x8001220d
core   0: 0x800005d8 (0xfbd90723) sb      t4, -82(s2)
core   0: 3 0x800005d8 (0xfbd90723) mem 0x80012f95 0x8f
core   0: 0x800005dc (0x00012a97) auipc   s5, 0x12
core   0: 3 0x800005dc (0x00012a97) x21 0x800125dc
core   0: 0x800005e0 (0xccca8a93) addi    s5, s5, -820
core   0: 3 0x800005e0 (0xccca8a93) x21 0x800122a8
core   0: 0x800005e4 (0xff490383) lb      t2, -12(s2)
core   0: 3 0x800005e4 (0xff490383) x 7 0xffffff90 mem 0x80012fdb
core   0: 0x800005e8 (0x05e30703) lb      a4, 94(t1)
core   0: 3 0x800005e8 (0x05e30703) x14 0x00000020 mem 0x8001226b
core   0: 0x800005ec (0xf2394f83) lbu     t6, -221(s2)
core   0: 3 0x800005ec (0xf2394f83) x31 0x000000c1 mem 0x80012f0a
core   0: 0x800005f0 (0x033a8423) sb      s3, 40(s5)
core   0: 3 0x800005f0 (0x033a8423) mem 0x800122d0 0x9c
core   0: 0x800005f4 (0xe6234083) lbu     ra, -414(t1)
core   0: 3 0x800005f4 (0xe6234083) x 1 0x00000024 mem 0x8001206f
core   0: 0x800005f8 (0x4d331ea3) sh      s3, 1245(t1)
core   0: 3 0x800005f8 (0x4d331ea3) mem 0x800126ea 0xec9c
core   0: 0x800005fc (0xf2090123) sb      zero, -222(s2)
core   0: 3 0x800005fc (0xf2090123) mem 0x80012f09 0x0
core   0: 0x80000600 (0xfcea82a3) sb      a4, -59(s5)
core   0: 3 0x80000600 (0xfcea82a3) mem 0x8001226d 0x20
core   0: 0x80000604 (0x005a8d03) lb      s10, 5(s5)
core   0: 3 0x80000604 (0x005a8d03) x26 0x00000066 mem 0x800122ad
core   0: 0x80000608 (0x59a34883) lbu     a7, 1434(t1)
core   0: 3 0x80000608 (0x59a34883) x17 0x0000005c mem 0x800127a7
core   0: 0x8000060c (0xfe8a8123) sb      s0, -30(s5)
core   0: 3 0x8000060c (0xfe8a8123) mem 0x8001228a 0xfe
core   0: 0x80000610 (0xf5e904a3) sb      t5, -183(s2)
core   0: 3 0x80000610 (0xf5e904a3) mem 0x80012f30 0x0
core   0: 0x80000614 (0x02ca8883) lb      a7, 44(s5)
core   0: 3 0x80000614 (0x02ca8883) x17 0xffffff8f mem 0x800122d4
core   0: 0x80000618 (0x59b30d83) lb      s11, 1435(t1)
core   0: 3 0x80000618 (0x59b30d83) x27 0x00000063 mem 0x800127a8
core   0: 0x8000061c (0xfdda9223) sh      t4, -60(s5)
core   0: 3 0x8000061c (0xfdda9223) mem 0x8001226c 0x698f
core   0: 0x80000620 (0xff5ac883) lbu     a7, -11(s5)
core   0: 3 0x80000620 (0xff5ac883) x17 0x00000056 mem 0x8001229d
core   0: 0x80000624 (0x00013d17) auipc   s10, 0x13
core   0: 3 0x80000624 (0x00013d17) x26 0x80013624
core   0: 0x80000628 (0x4ffd0d13) addi    s10, s10, 1279
core   0: 3 0x80000628 (0x4ffd0d13) x26 0x80013b23
core   0: 0x8000062c (0x00012717) auipc   a4, 0x12
core   0: 3 0x8000062c (0x00012717) x14 0x8001262c
core   0: 0x80000630 (0xfe270713) addi    a4, a4, -30
core   0: 3 0x80000630 (0xfe270713) x14 0x8001260e
core   0: 0x80000634 (0x011d4a83) lbu     s5, 17(s10)
core   0: 3 0x80000634 (0x011d4a83) x21 0x000000ef mem 0x80013b34
core   0: 0x80000638 (0x02d70f03) lb      t5, 45(a4)
core   0: 3 0x80000638 (0x02d70f03) x30 0xfffffff0 mem 0x8001263b
core   0: 0x8000063c (0x03770003) lb      zero, 55(a4)
core   0: 3 0x8000063c (0x03770003) mem 0x80012645
core   0: 0x80000640 (0x15bd4383) lbu     t2, 347(s10)
core   0: 3 0x80000640 (0x15bd4383) x 7 0x00000035 mem 0x80013c7e
core   0: 0x80000644 (0xbc9d0523) sb      s1, -1078(s10)
core   0: 3 0x80000644 (0xbc9d0523) mem 0x800136ed 0x7d
core   0: 0x80000648 (0x937d4f83) lbu     t6, -1737(s10)
core   0: 3 0x80000648 (0x937d4f83) x31 0x00000011 mem 0x8001345a
core   0: 0x8000064c (0xfd774583) lbu     a1, -41(a4)
core   0: 3 0x8000064c (0xfd774583) x11 0x0000009e mem 0x800125e5
core   0: 0x80000650 (0x966d0603) lb      a2, -1690(s10)
core   0: 3 0x80000650 (0x966d0603) x12 0x00000042 mem 0x80013489
core   0: 0x80000654 (0xa2fd0e03) lb      t3, -1489(s10)
core   0: 3 0x80000654 (0xa2fd0e03) x28 0x00000009 mem 0x80013552
core   0: 0x80000658 (0x01471783) lh      a5, 20(a4)
core   0: 3 0x80000658 (0x01471783) x15 0xffffd8d9 mem 0x80012622
core   0: 0x8000065c (0xda9d0f23) sb      s1, -578(s10)
core   0: 3 0x8000065c (0xda9d0f23) mem 0x800138e1 0x7d
core   0: 0x80000660 (0x02471683) lh      a3, 36(a4)
core   0: 3 0x80000660 (0x02471683) x13 0xffffe8e9 mem 0x80012632
core   0: 0x80000664 (0x00012117) auipc   sp, 0x12
core   0: 3 0x80000664 (0x00012117) x 2 0x80012664
core   0: 0x80000668 (0x2fd10113) addi    sp, sp, 765
core   0: 3 0x80000668 (0x2fd10113) x 2 0x80012961
core   0: 0x8000066c (0xfc736893) ori     a7, t1, -57
core   0: 3 0x8000066c (0xfc736893) x17 0xffffffcf
core   0: 0x80000670 (0x003112a3) sh      gp, 5(sp)
core   0: 3 0x80000670 (0x003112a3) mem 0x80012966 0x0001
core   0: 0x80000674 (0xffd10e83) lb      t4, -3(sp)
core   0: 3 0x80000674 (0xffd10e83) x29 0x00000001 mem 0x8001295e
core   0: 0x80000678 (0x01010903) lb      s2, 16(sp)
core   0: 3 0x80000678 (0x01010903) x18 0x0000002a mem 0x80012971
core   0: 0x8000067c (0x01710823) sb      s7, 16(sp)
core   0: 3 0x8000067c (0x01710823) mem 0x80012971 0x5d
core   0: 0x80000680 (0x00410823) sb      tp, 16(sp)
core   0: 3 0x80000680 (0x00410823) mem 0x80012971 0xe4
core   0: 0x80000684 (0x0ff0000f) fence   iorw,iorw
core   0: 3 0x80000684 (0x0ff0000f)
core   0: 0x80000688 (0x01010883) lb      a7, 16(sp)
core   0: 3 0x80000688 (0x01010883) x17 0xffffffe4 mem 0x80012971
core   0: 0x8000068c (0x01014303) lbu     t1, 16(sp)
core   0: 3 0x8000068c (0x01014303) x 6 0x000000e4 mem 0x80012971
core   0: 0x80000690 (0x00d10e03) lb      t3, 13(sp)
core   0: 3 0x80000690 (0x00d10e03) x28 0x00000025 mem 0x8001296e
core   0: 0x80000694 (0x001d5e13) srli    t3, s10, 1
core   0: 3 0x80000694 (0x001d5e13) x28 0x40009d91
core   0: 0x80000698 (0xffc14683) lbu     a3, -4(sp)
core   0: 3 0x80000698 (0xffc14683) x13 0x00000029 mem 0x8001295d
core   0: 0x8000069c (0xffc14003) lbu     zero, -4(sp)
core   0: 3 0x8000069c (0xffc14003) mem 0x8001295d
core   0: 0x800006a0 (0xfff10e23) sb      t6, -4(sp)
core   0: 3 0x800006a0 (0xfff10e23) mem 0x8001295d 0x11
core   0: 0x800006a4 (0xfe010e23) sb      zero, -4(sp)
core   0: 3 0x800006a4 (0xfe010e23) mem 0x8001295d 0x0
core   0: 0x800006a8 (0xb49c3793) sltiu   a5, s8, -1207
core   0: 3 0x800006a8 (0xb49c3793) x15 0x00000001
core   0: 0x800006ac (0xfee10e23) sb      a4, -4(sp)
core   0: 3 0x800006ac (0xfee10e23) mem 0x8001295d 0xe
core   0: 0x800006b0 (0x001df333) and     t1, s11, ra
core   0: 3 0x800006b0 (0x001df333) x 6 0x00000020
core   0: 0x800006b4 (0xff012da3) sw      a6, -5(sp)
core   0: 3 0x800006b4 (0xff012da3) mem 0x8001295c 0x0000000a
core   0: 0x800006b8 (0x01468a33) add     s4, a3, s4
core   0: 3 0x800006b8 (0x01468a33) x20 0x00000021
core   0: 0x800006bc (0xffb15283) lhu     t0, -5(sp)
core   0: 3 0x800006bc (0xffb15283) x 5 0x0000000a mem 0x8001295c
core   0: 0x800006c0 (0xffb11883) lh      a7, -5(sp)
core   0: 3 0x800006c0 (0xffb11883) x17 0x0000000a mem 0x8001295c
core   0: 0x800006c4 (0x00114703) lbu     a4, 1(sp)
core   0: 3 0x800006c4 (0x00114703) x14 0x00000019 mem 0x80012962
core   0: 0x800006c8 (0x00a110a3) sh      a0, 1(sp)
core   0: 3 0x800006c8 (0x00a110a3) mem 0x80012962 0xef7d
core   0: 0x800006cc (0xff610303) lb      t1, -10(sp)
core   0: 3 0x800006cc (0xff610303) x 6 0x0000000c mem 0x80012957
core   0: 0x800006d0 (0xff110b23) sb      a7, -10(sp)
core   0: 3 0x800006d0 (0xff110b23) mem 0x80012957 0xa
core   0: 0x800006d4 (0x00012b97) auipc   s7, 0x12
core   0: 3 0x800006d4 (0x00012b97) x23 0x800126d4
core   0: 0x800006d8 (0x4c5b8b93) addi    s7, s7, 1221
core   0: 3 0x800006d8 (0x4c5b8b93) x23 0x80012b99
core   0: 0x800006dc (0x00012617) auipc   a2, 0x12
core   0: 3 0x800006dc (0x00012617) x12 0x800126dc
core   0: 0x800006e0 (0x1f860613) addi    a2, a2, 504
core   0: 3 0x800006e0 (0x1f860613) x12 0x800128d4
core   0: 0x800006e4 (0x00012917) auipc   s2, 0x12
core   0: 3 0x800006e4 (0x00012917) x18 0x800126e4
core   0: 0x800006e8 (0x76290913) addi    s2, s2, 1890
core   0: 3 0x800006e8 (0x76290913) x18 0x80012e46
core   0: 0x800006ec (0xfda61f83) lh      t6, -38(a2)
core   0: 3 0x800006ec (0xfda61f83) x31 0x00006465 mem 0x800128ae
core   0: 0x800006f0 (0xfe290c23) sb      sp, -8(s2)
core   0: 3 0x800006f0 (0xfe290c23) mem 0x80012e3e 0x61
core   0: 0x800006f4 (0xfbb60c03) lb      s8, -69(a2)
core   0: 3 0x800006f4 (0xfbb60c03) x24 0x00000044 mem 0x8001288f
core   0: 0x800006f8 (0x000bca03) lbu     s4, 0(s7)
core   0: 3 0x800006f8 (0x000bca03) x20 0x00000052 mem 0x80012b99
core   0: 0x800006fc (0xf5660883) lb      a7, -170(a2)
core   0: 3 0x800006fc (0xf5660883) x17 0xffffffe1 mem 0x8001282a
core   0: 0x80000700 (0x01d91423) sh      t4, 8(s2)
core   0: 3 0x80000700 (0x01d91423) mem 0x80012e4e 0x0001
core   0: 0x80000704 (0x008bcf83) lbu     t6, 8(s7)
core   0: 3 0x80000704 (0x008bcf83) x31 0x0000005a mem 0x80012ba1
core   0: 0x80000708 (0x00594883) lbu     a7, 5(s2)
core   0: 3 0x80000708 (0x00594883) x17 0x00000000 mem 0x80012e4b
core   0: 0x8000070c (0xfcc60583) lb      a1, -52(a2)
core   0: 3 0x8000070c (0xfcc60583) x11 0x0000005b mem 0x800128a0
core   0: 0x80000710 (0xfe290e23) sb      sp, -4(s2)
core   0: 3 0x80000710 (0xfe290e23) mem 0x80012e42 0x61
core   0: 0x80000714 (0xff1b9803) lh      a6, -15(s7)
core   0: 3 0x80000714 (0xff1b9803) x16 0x00004041 mem 0x80012b8a
core   0: 0x80000718 (0xf4760783) lb      a5, -185(a2)
core   0: 3 0x80000718 (0xf4760783) x15 0xffffffd0 mem 0x8001281b
core   0: 0x8000071c (0xffcb8a23) sb      t3, -12(s7)
core   0: 3 0x8000071c (0xffcb8a23) mem 0x80012b8d 0x91
core   0: 0x80000720 (0x0e164583) lbu     a1, 225(a2)
core   0: 3 0x80000720 (0x0e164583) x11 0x0000006e mem 0x800129b5
core   0: 0x80000724 (0x04a61c03) lh      s8, 74(a2)
core   0: 3 0x80000724 (0x04a61c03) x24 0xffffd4d5 mem 0x8001291e
core   0: 0x80000728 (0x00495183) lhu     gp, 4(s2)
core   0: 3 0x80000728 (0x00495183) x 3 0x00000001 mem 0x80012e4a
core   0: 0x8000072c (0x002b8c03) lb      s8, 2(s7)
core   0: 3 0x8000072c (0x002b8c03) x24 0x00000050 mem 0x80012b9b
core   0: 0x80000730 (0xfe990fa3) sb      s1, -1(s2)
core   0: 3 0x80000730 (0xfe990fa3) mem 0x80012e45 0x7d
core   0: 0x80000734 (0xf6665303) lhu     t1, -154(a2)
core   0: 3 0x80000734 (0xf6665303) x 6 0x0000f0f1 mem 0x8001283a
core   0: 0x80000738 (0xfff94103) lbu     sp, -1(s2)
core   0: 3 0x80000738 (0xfff94103) x 2 0x0000007d mem 0x80012e45
core   0: 0x8000073c (0x07e64f03) lbu     t5, 126(a2)
core   0: 3 0x8000073c (0x07e64f03) x30 0x00000009 mem 0x80012952
core   0: 0x80000740 (0xffd90803) lb      a6, -3(s2)
core   0: 3 0x80000740 (0xffd90803) x16 0xfffffff8 mem 0x80012e43
core   0: 0x80000744 (0x00016a97) auipc   s5, 0x16
core   0: 3 0x80000744 (0x00016a97) x21 0x80016744
core   0: 0x80000748 (0xd55a8a93) addi    s5, s5, -683
core   0: 3 0x80000748 (0xd55a8a93) x21 0x80016499
core   0: 0x8000074c (0x068ac003) lbu     zero, 104(s5)
core   0: 3 0x8000074c (0x068ac003) mem 0x80016501
core   0: 0x80000750 (0x057a8823) sb      s7, 80(s5)
core   0: 3 0x80000750 (0x057a8823) mem 0x800164e9 0x99
core   0: 0x80000754 (0x04da8823) sb      a3, 80(s5)
core   0: 3 0x80000754 (0x04da8823) mem 0x800164e9 0x29
core   0: 0x80000758 (0xfd3ac483) lbu     s1, -45(s5)
core   0: 3 0x80000758 (0xfd3ac483) x 9 0x00000027 mem 0x8001646c
core   0: 0x8000075c (0x005c0f33) add     t5, s8, t0
core   0: 3 0x8000075c (0x005c0f33) x30 0x0000005a
core   0: 0x80000760 (0xfe3aa903) lw      s2, -29(s5)
core   0: 3 0x80000760 (0xfe3aa903) x18 0x34353637 mem 0x8001647c
core   0: 0x80000764 (0xfe3aa1a3) sw      gp, -29(s5)
core   0: 3 0x80000764 (0xfe3aa1a3) mem 0x8001647c 0x00000001
core   0: 0x80000768 (0xfe3ace03) lbu     t3, -29(s5)
core   0: 3 0x80000768 (0xfe3ace03) x28 0x00000001 mem 0x8001647c
core   0: 0x8000076c (0x031acb83) lbu     s7, 49(s5)
core   0: 3 0x8000076c (0x031acb83) x23 0x00000081 mem 0x800164ca
core   0: 0x80000770 (0x02fa88a3) sb      a5, 49(s5)
core   0: 3 0x80000770 (0x02fa88a3) mem 0x800164ca 0xd0
core   0: 0x80000774 (0x031a9903) lh      s2, 49(s5)
core   0: 3 0x80000774 (0x031a9903) x18 0xffff80d0 mem 0x800164ca
core   0: 0x80000778 (0xf91ad083) lhu     ra, -111(s5)
core   0: 3 0x80000778 (0xf91ad083) x 1 0x0000e0e1 mem 0x8001642a
core   0: 0x8000077c (0x00012117) auipc   sp, 0x12
core   0: 3 0x8000077c (0x00012117) x 2 0x8001277c
core   0: 0x80000780 (0xfa610113) addi    sp, sp, -90
core   0: 3 0x80000780 (0xfa610113) x 2 0x80012722
core   0: 0x80000784 (0x01210283) lb      t0, 18(sp)
core   0: 3 0x80000784 (0x01210283) x 5 0xffffffef mem 0x80012734
core   0: 0x80000788 (0xfe514303) lbu     t1, -27(sp)
core   0: 3 0x80000788 (0xfe514303) x 6 0x000000bc mem 0x80012707
core   0: 0x8000078c (0xfee10da3) sb      a4, -5(sp)
core   0: 3 0x8000078c (0xfee10da3) mem 0x8001271d 0x19
core   0: 0x80000790 (0xffa11223) sh      s10, -28(sp)
core   0: 3 0x80000790 (0xffa11223) mem 0x80012706 0x3b23
core   0: 0x80000794 (0x01f10c03) lb      s8, 31(sp)
core   0: 3 0x80000794 (0x01f10c03) x24 0xfffffffa mem 0x80012741
core   0: 0x80000798 (0x7b1d2637) lui     a2, 0x7b1d2
core   0: 3 0x80000798 (0x7b1d2637) x12 0x7b1d2000
core   0: 0x8000079c (0xff110183) lb      gp, -15(sp)
core   0: 3 0x8000079c (0xff110183) x 3 0xffffffc8 mem 0x80012713
core   0: 0x800007a0 (0xfc910323) sb      s1, -58(sp)
core   0: 3 0x800007a0 (0xfc910323) mem 0x800126e8 0x27
core   0: 0x800007a4 (0x03f14283) lbu     t0, 63(sp)
core   0: 3 0x800007a4 (0x03f14283) x 5 0x0000001a mem 0x80012761
core   0: 0x800007a8 (0x00000013) nop
core   0: 3 0x800007a8 (0x00000013)
core   0: 0x800007ac (0xfe611303) lh      t1, -26(sp)
core   0: 3 0x800007ac (0xfe611303) x 6 0xffffc2c3 mem 0x80012708
core   0: 0x800007b0 (0x013d15b3) sll     a1, s10, s3
core   0: 3 0x800007b0 (0x013d15b3) x11 0x30000000
core   0: 0x800007b4 (0x00110683) lb      a3, 1(sp)
core   0: 3 0x800007b4 (0x00110683) x13 0xffffffd8 mem 0x80012723
core   0: 0x800007b8 (0x011a53b3) srl     t2, s4, a7
core   0: 3 0x800007b8 (0x011a53b3) x 7 0x00000052
core   0: 0x800007bc (0x01212703) lw      a4, 18(sp)
core   0: 3 0x800007bc (0x01212703) x14 0xecedeeef mem 0x80012734
core   0: 0x800007c0 (0xfcc14483) lbu     s1, -52(sp)
core   0: 3 0x800007c0 (0xfcc14483) x 9 0x000000a5 mem 0x800126ee
core   0: 0x800007c4 (0xfed10183) lb      gp, -19(sp)
core   0: 3 0x800007c4 (0xfed10183) x 3 0xffffffc4 mem 0x8001270f
core   0: 0x800007c8 (0xeee832b7) lui     t0, 0xeee83
core   0: 3 0x800007c8 (0xeee832b7) x 5 0xeee83000
core   0: 0x800007cc (0xff911223) sh      s9, -28(sp)
core   0: 3 0x800007cc (0xff911223) mem 0x80012706 0x0001
core   0: 0x800007d0 (0x02b10583) lb      a1, 43(sp)
core   0: 3 0x800007d0 (0x02b10583) x11 0x00000006 mem 0x8001274d
core   0: 0x800007d4 (0x02b10403) lb      s0, 43(sp)
core   0: 3 0x800007d4 (0x02b10403) x 8 0x00000006 mem 0x8001274d
core   0: 0x800007d8 (0x0173fdb3) and     s11, t2, s7
core   0: 3 0x800007d8 (0x0173fdb3) x27 0x00000000
core   0: 0x800007dc (0x79b87b93) andi    s7, a6, 1947
core   0: 3 0x800007dc (0x79b87b93) x23 0x00000798
core   0: 0x800007e0 (0x02a105a3) sb      a0, 43(sp)
core   0: 3 0x800007e0 (0x02a105a3) mem 0x8001274d 0x7d
core   0: 0x800007e4 (0x00811383) lh      t2, 8(sp)
core   0: 3 0x800007e4 (0x00811383) x 7 0xffffe0e1 mem 0x8001272a
core   0: 0x800007e8 (0xff900793) li      a5, -7
core   0: 3 0x800007e8 (0xff900793) x15 0xfffffff9
core   0: 0x800007ec (0x01265eb3) srl     t4, a2, s2
core   0: 3 0x800007ec (0x01265eb3) x29 0x00007b1d
core   0: 0x800007f0 (0xfec00813) li      a6, -20
core   0: 3 0x800007f0 (0xfec00813) x16 0xffffffec
core   0: 0x800007f4 (0x0ff0000f) fence   iorw,iorw
core   0: 3 0x800007f4 (0x0ff0000f)
core   0: 0x800007f8 (0x05782497) auipc   s1, 0x5782
core   0: 3 0x800007f8 (0x05782497) x 9 0x857827f8
core   0: 0x800007fc (0x01ba43b3) xor     t2, s4, s11
core   0: 3 0x800007fc (0x01ba43b3) x 7 0x00000052
core   0: 0x80000800 (0x0000100f) fence.i
core   0: 3 0x80000800 (0x0000100f)
core   0: 0x80000804 (0xffc78793) addi    a5, a5, -4
core   0: 3 0x80000804 (0xffc78793) x15 0xfffffff5
core   0: 0x80000808 (0x00100713) li      a4, 1
core   0: 3 0x80000808 (0x00100713) x14 0x00000001
core   0: 0x8000080c (0x00be5c93) srli    s9, t3, 11
core   0: 3 0x8000080c (0x00be5c93) x25 0x00000000
core   0: 0x80000810 (0xfed00313) li      t1, -19
core   0: 3 0x80000810 (0xfed00313) x 6 0xffffffed
core   0: 0x80000814 (0x00000013) nop
core   0: 3 0x80000814 (0x00000013)
core   0: 0x80000818 (0x00000013) nop
core   0: 3 0x80000818 (0x00000013)
core   0: 0x8000081c (0x5b97ff37) lui     t5, 0x5b97f
core   0: 3 0x8000081c (0x5b97ff37) x30 0x5b97f000
core   0: 0x80000820 (0xcbc5fc13) andi    s8, a1, -836
core   0: 3 0x80000820 (0xcbc5fc13) x24 0x00000004
core   0: 0x80000824 (0xffe70713) addi    a4, a4, -2
core   0: 3 0x80000824 (0xffe70713) x14 0xffffffff
core   0: 0x80000828 (0xfe6708e3) beq     a4, t1, pc - 16
core   0: 3 0x80000828 (0xfe6708e3)
core   0: 0x8000082c (0xfd07d6e3) bge     a5, a6, pc - 52
core   0: 3 0x8000082c (0xfd07d6e3)
core   0: 0x800007f8 (0x05782497) auipc   s1, 0x5782
core   0: 3 0x800007f8 (0x05782497) x 9 0x857827f8
core   0: 0x800007fc (0x01ba43b3) xor     t2, s4, s11
core   0: 3 0x800007fc (0x01ba43b3) x 7 0x00000052
core   0: 0x80000800 (0x0000100f) fence.i
core   0: 3 0x80000800 (0x0000100f)
core   0: 0x80000804 (0xffc78793) addi    a5, a5, -4
core   0: 3 0x80000804 (0xffc78793) x15 0xfffffff1
core   0: 0x80000808 (0x00100713) li      a4, 1
core   0: 3 0x80000808 (0x00100713) x14 0x00000001
core   0: 0x8000080c (0x00be5c93) srli    s9, t3, 11
core   0: 3 0x8000080c (0x00be5c93) x25 0x00000000
core   0: 0x80000810 (0xfed00313) li      t1, -19
core   0: 3 0x80000810 (0xfed00313) x 6 0xffffffed
core   0: 0x80000814 (0x00000013) nop
core   0: 3 0x80000814 (0x00000013)
core   0: 0x80000818 (0x00000013) nop
core   0: 3 0x80000818 (0x00000013)
core   0: 0x8000081c (0x5b97ff37) lui     t5, 0x5b97f
core   0: 3 0x8000081c (0x5b97ff37) x30 0x5b97f000
core   0: 0x80000820 (0xcbc5fc13) andi    s8, a1, -836
core   0: 3 0x80000820 (0xcbc5fc13) x24 0x00000004
core   0: 0x80000824 (0xffe70713) addi    a4, a4, -2
core   0: 3 0x80000824 (0xffe70713) x14 0xffffffff
core   0: 0x80000828 (0xfe6708e3) beq     a4, t1, pc - 16
core   0: 3 0x80000828 (0xfe6708e3)
core   0: 0x8000082c (0xfd07d6e3) bge     a5, a6, pc - 52
core   0: 3 0x8000082c (0xfd07d6e3)
core   0: 0x800007f8 (0x05782497) auipc   s1, 0x5782
core   0: 3 0x800007f8 (0x05782497) x 9 0x857827f8
core   0: 0x800007fc (0x01ba43b3) xor     t2, s4, s11
core   0: 3 0x800007fc (0x01ba43b3) x 7 0x00000052
core   0: 0x80000800 (0x0000100f) fence.i
core   0: 3 0x80000800 (0x0000100f)
core   0: 0x80000804 (0xffc78793) addi    a5, a5, -4
core   0: 3 0x80000804 (0xffc78793) x15 0xffffffed
core   0: 0x80000808 (0x00100713) li      a4, 1
core   0: 3 0x80000808 (0x00100713) x14 0x00000001
core   0: 0x8000080c (0x00be5c93) srli    s9, t3, 11
core   0: 3 0x8000080c (0x00be5c93) x25 0x00000000
core   0: 0x80000810 (0xfed00313) li      t1, -19
core   0: 3 0x80000810 (0xfed00313) x 6 0xffffffed
core   0: 0x80000814 (0x00000013) nop
core   0: 3 0x80000814 (0x00000013)
core   0: 0x80000818 (0x00000013) nop
core   0: 3 0x80000818 (0x00000013)
core   0: 0x8000081c (0x5b97ff37) lui     t5, 0x5b97f
core   0: 3 0x8000081c (0x5b97ff37) x30 0x5b97f000
core   0: 0x80000820 (0xcbc5fc13) andi    s8, a1, -836
core   0: 3 0x80000820 (0xcbc5fc13) x24 0x00000004
core   0: 0x80000824 (0xffe70713) addi    a4, a4, -2
core   0: 3 0x80000824 (0xffe70713) x14 0xffffffff
core   0: 0x80000828 (0xfe6708e3) beq     a4, t1, pc - 16
core   0: 3 0x80000828 (0xfe6708e3)
core   0: 0x8000082c (0xfd07d6e3) bge     a5, a6, pc - 52
core   0: 3 0x8000082c (0xfd07d6e3)
core   0: 0x800007f8 (0x05782497) auipc   s1, 0x5782
core   0: 3 0x800007f8 (0x05782497) x 9 0x857827f8
core   0: 0x800007fc (0x01ba43b3) xor     t2, s4, s11
core   0: 3 0x800007fc (0x01ba43b3) x 7 0x00000052
core   0: 0x80000800 (0x0000100f) fence.i
core   0: 3 0x80000800 (0x0000100f)
core   0: 0x80000804 (0xffc78793) addi    a5, a5, -4
core   0: 3 0x80000804 (0xffc78793) x15 0xffffffe9
core   0: 0x80000808 (0x00100713) li      a4, 1
core   0: 3 0x80000808 (0x00100713) x14 0x00000001
core   0: 0x8000080c (0x00be5c93) srli    s9, t3, 11
core   0: 3 0x8000080c (0x00be5c93) x25 0x00000000
core   0: 0x80000810 (0xfed00313) li      t1, -19
core   0: 3 0x80000810 (0xfed00313) x 6 0xffffffed
core   0: 0x80000814 (0x00000013) nop
core   0: 3 0x80000814 (0x00000013)
core   0: 0x80000818 (0x00000013) nop
core   0: 3 0x80000818 (0x00000013)
core   0: 0x8000081c (0x5b97ff37) lui     t5, 0x5b97f
core   0: 3 0x8000081c (0x5b97ff37) x30 0x5b97f000
core   0: 0x80000820 (0xcbc5fc13) andi    s8, a1, -836
core   0: 3 0x80000820 (0xcbc5fc13) x24 0x00000004
core   0: 0x80000824 (0xffe70713) addi    a4, a4, -2
core   0: 3 0x80000824 (0xffe70713) x14 0xffffffff
core   0: 0x80000828 (0xfe6708e3) beq     a4, t1, pc - 16
core   0: 3 0x80000828 (0xfe6708e3)
core   0: 0x8000082c (0xfd07d6e3) bge     a5, a6, pc - 52
core   0: 3 0x8000082c (0xfd07d6e3)
core   0: 0x80000830 (0x00abd933) srl     s2, s7, a0
core   0: 3 0x80000830 (0x00abd933) x18 0x00000000
core   0: 0x80000834 (0x00018a17) auipc   s4, 0x18
core   0: 3 0x80000834 (0x00018a17) x20 0x80018834
core   0: 0x80000838 (0x5d7a0a13) addi    s4, s4, 1495
core   0: 3 0x80000838 (0x5d7a0a13) x20 0x80018e0b
core   0: 0x8000083c (0x00013817) auipc   a6, 0x13
core   0: 3 0x8000083c (0x00013817) x16 0x8001383c
core   0: 0x80000840 (0xc1780813) addi    a6, a6, -1001
core   0: 3 0x80000840 (0xc1780813) x16 0x80013453
core   0: 0x80000844 (0xfe9a2283) lw      t0, -23(s4)
core   0: 3 0x80000844 (0xfe9a2283) x 5 0xacadaeaf mem 0x80018df4
core   0: 0x80000848 (0xfd680d23) sb      s6, -38(a6)
core   0: 3 0x80000848 (0xfd680d23) mem 0x8001342d 0x64
core   0: 0x8000084c (0x00da0003) lb      zero, 13(s4)
core   0: 3 0x8000084c (0x00da0003) mem 0x80018e18
core   0: 0x80000850 (0x0001ba97) auipc   s5, 0x1b
core   0: 3 0x80000850 (0x0001ba97) x21 0x8001b850
core   0: 0x80000854 (0xae7a8a93) addi    s5, s5, -1305
core   0: 3 0x80000854 (0xae7a8a93) x21 0x8001b337
core   0: 0x80000858 (0xfdda1283) lh      t0, -35(s4)
core   0: 3 0x80000858 (0xfdda1283) x 5 0xffffa2a3 mem 0x80018de8
core   0: 0x8000085c (0x05180023) sb      a7, 64(a6)
core   0: 3 0x8000085c (0x05180023) mem 0x80013493 0x0
core   0: 0x80000860 (0x0b6a8883) lb      a7, 182(s5)
core   0: 3 0x80000860 (0x0b6a8883) x17 0xffffffa6 mem 0x8001b3ed
core   0: 0x80000864 (0xf59a8703) lb      a4, -167(s5)
core   0: 3 0x80000864 (0xf59a8703) x14 0x0000004b mem 0x8001b290
core   0: 0x80000868 (0xfd9804a3) sb      s9, -55(a6)
core   0: 3 0x80000868 (0xfd9804a3) mem 0x8001341c 0x0
core   0: 0x8000086c (0xfdda5283) lhu     t0, -35(s4)
core   0: 3 0x8000086c (0xfdda5283) x 5 0x0000a2a3 mem 0x80018de8
core   0: 0x80000870 (0xf04ac483) lbu     s1, -252(s5)
core   0: 3 0x80000870 (0xf04ac483) x 9 0x000000f0 mem 0x8001b23b
core   0: 0x80000874 (0x027a2ea3) sw      t2, 61(s4)
core   0: 3 0x80000874 (0x027a2ea3) mem 0x80018e48 0x00000052
core   0: 0x80000878 (0xfcba5e03) lhu     t3, -53(s4)
core   0: 3 0x80000878 (0xfcba5e03) x28 0x00008c8d mem 0x80018dd6
core   0: 0x8000087c (0x02da5b83) lhu     s7, 45(s4)
core   0: 3 0x8000087c (0x02da5b83) x23 0x0000f2f3 mem 0x80018e38
core   0: 0x80000880 (0xfd785583) lhu     a1, -41(a6)
core   0: 3 0x80000880 (0xfd785583) x11 0x0000e0e1 mem 0x8001342a
core   0: 0x80000884 (0x042a8883) lb      a7, 66(s5)
core   0: 3 0x80000884 (0x042a8883) x17 0x00000032 mem 0x8001b379
core   0: 0x80000888 (0xf29a9da3) sh      s1, -197(s5)
core   0: 3 0x80000888 (0xf29a9da3) mem 0x8001b272 0x00f0
core   0: 0x8000088c (0xff3a5e03) lhu     t3, -13(s4)
core   0: 3 0x8000088c (0xff3a5e03) x28 0x0000b4b5 mem 0x80018dfe
core   0: 0x80000890 (0xff585603) lhu     a2, -11(a6)
core   0: 3 0x80000890 (0xff585603) x12 0x00000203 mem 0x80013448
core   0: 0x80000894 (0xfc6a4503) lbu     a0, -58(s4)
core   0: 3 0x80000894 (0xfc6a4503) x10 0x0000008a mem 0x80018dd1
core   0: 0x80000898 (0x057ac503) lbu     a0, 87(s5)
core   0: 3 0x80000898 (0x057ac503) x10 0x00000045 mem 0x8001b38e
core   0: 0x8000089c (0xff2a4303) lbu     t1, -14(s4)
core   0: 3 0x8000089c (0xff2a4303) x 6 0x000000b6 mem 0x80018dfd
core   0: 0x800008a0 (0xf62aa8a3) sw      sp, -143(s5)
core   0: 3 0x800008a0 (0xf62aa8a3) mem 0x8001b2a8 0x80012722
core   0: 0x800008a4 (0xf1ca8f23) sb      t3, -226(s5)
core   0: 3 0x800008a4 (0xf1ca8f23) mem 0x8001b255 0xb5
core   0: 0x800008a8 (0x0001ea97) auipc   s5, 0x1e
core   0: 3 0x800008a8 (0x0001ea97) x21 0x8001e8a8
core   0: 0x800008ac (0x9bda8a93) addi    s5, s5, -1603
core   0: 3 0x800008ac (0x9bda8a93) x21 0x8001e265
core   0: 0x800008b0 (0xff9a8d03) lb      s10, -7(s5)
core   0: 3 0x800008b0 (0xff9a8d03) x26 0x00000015 mem 0x8001e25e
core   0: 0x800008b4 (0x66c68913) addi    s2, a3, 1644
core   0: 3 0x800008b4 (0x66c68913) x18 0x00000644
core   0: 0x800008b8 (0xfe8a8e23) sb      s0, -4(s5)
core   0: 3 0x800008b8 (0xfe8a8e23) mem 0x8001e261 0x6
core   0: 0x800008bc (0x0ff0000f) fence   iorw,iorw
core   0: 3 0x800008bc (0x0ff0000f)
core   0: 0x800008c0 (0x01f00333) add     t1, zero, t6
core   0: 3 0x800008c0 (0x01f00333) x 6 0x0000005a
core   0: 0x800008c4 (0x4161d893) srai    a7, gp, 22
core   0: 3 0x800008c4 (0x4161d893) x17 0xffffffff
core   0: 0x800008c8 (0x010ac603) lbu     a2, 16(s5)
core   0: 3 0x800008c8 (0x010ac603) x12 0x0000002e mem 0x8001e275
core   0: 0x800008cc (0xfe9a8823) sb      s1, -16(s5)
core   0: 3 0x800008cc (0xfe9a8823) mem 0x8001e255 0xf0
core   0: 0x800008d0 (0x0000100f) fence.i
core   0: 3 0x800008d0 (0x0000100f)
core   0: 0x800008d4 (0x1369b813) sltiu   a6, s3, 310
core   0: 3 0x800008d4 (0x1369b813) x16 0x00000000
core   0: 0x800008d8 (0x010cacb3) slt     s9, s9, a6
core   0: 3 0x800008d8 (0x010cacb3) x25 0x00000000
core   0: 0x800008dc (0xfe6a8ea3) sb      t1, -3(s5)
core   0: 3 0x800008dc (0xfe6a8ea3) mem 0x8001e262 0x5a
core   0: 0x800008e0 (0x416a5d33) sra     s10, s4, s6
core   0: 3 0x800008e0 (0x416a5d33) x26 0xf80018e0
core   0: 0x800008e4 (0x00288a33) add     s4, a7, sp
core   0: 3 0x800008e4 (0x00288a33) x20 0x80012721
core   0: 0x800008e8 (0xff0a8923) sb      a6, -14(s5)
core   0: 3 0x800008e8 (0xff0a8923) mem 0x8001e257 0x0
core   0: 0x800008ec (0x0ff0000f) fence   iorw,iorw
core   0: 3 0x800008ec (0x0ff0000f)
core   0: 0x800008f0 (0xa211a593) slti    a1, gp, -1503
core   0: 3 0x800008f0 (0xa211a593) x11 0x00000000
core   0: 0x800008f4 (0x00000013) nop
core   0: 3 0x800008f4 (0x00000013)
core   0: 0x800008f8 (0x00aa8f03) lb      t5, 10(s5)
core   0: 3 0x800008f8 (0x00aa8f03) x30 0x00000024 mem 0x8001e26f
core   0: 0x800008fc (0xcc198917) auipc   s2, 0xcc198
core   0: 3 0x800008fc (0xcc198917) x18 0x4c1988fc
core   0: 0x80000900 (0x003aaa03) lw      s4, 3(s5)
core   0: 3 0x80000900 (0x003aaa03) x20 0x20212223 mem 0x8001e268
core   0: 0x80000904 (0x008a8623) sb      s0, 12(s5)
core   0: 3 0x80000904 (0x008a8623) mem 0x8001e271 0x6
core   0: 0x80000908 (0x004a8603) lb      a2, 4(s5)
core   0: 3 0x80000908 (0x004a8603) x12 0x00000022 mem 0x8001e269
core   0: 0x8000090c (0x00000013) nop
core   0: 3 0x8000090c (0x00000013)
core   0: 0x80000910 (0xff6acb83) lbu     s7, -10(s5)
core   0: 3 0x80000910 (0xff6acb83) x23 0x00000010 mem 0x8001e25b
core   0: 0x80000914 (0xffea8d03) lb      s10, -2(s5)
core   0: 3 0x80000914 (0xffea8d03) x26 0x00000018 mem 0x8001e263
core   0: 0x80000918 (0x01305493) srli    s1, zero, 19
core   0: 3 0x80000918 (0x01305493) x 9 0x00000000
core   0: 0x8000091c (0x016b58b3) srl     a7, s6, s6
core   0: 3 0x8000091c (0x016b58b3) x17 0x080027e6
core   0: 0x80000920 (0xff3ac283) lbu     t0, -13(s5)
core   0: 3 0x80000920 (0xff3ac283) x 5 0x00000013 mem 0x8001e258
core   0: 0x80000924 (0x00000013) nop
core   0: 3 0x80000924 (0x00000013)
core   0: 0x80000928 (0x0000100f) fence.i
core   0: 3 0x80000928 (0x0000100f)
core   0: 0x8000092c (0x000acb83) lbu     s7, 0(s5)
core   0: 3 0x8000092c (0x000acb83) x23 0x0000001e mem 0x8001e265
core   0: 0x80000930 (0x01ad94b3) sll     s1, s11, s10
core   0: 3 0x80000930 (0x01ad94b3) x 9 0x00000000
core   0: 0x80000934 (0x41f60c33) sub     s8, a2, t6
core   0: 3 0x80000934 (0x41f60c33) x24 0xffffffc8
core   0: 0x80000938 (0x00a46533) or      a0, s0, a0
core   0: 3 0x80000938 (0x00a46533) x10 0x00000047
core   0: 0x8000093c (0x006a8123) sb      t1, 2(s5)
core   0: 3 0x8000093c (0x006a8123) mem 0x8001e267 0x5a
core   0: 0x80000940 (0x4082de93) srai    t4, t0, 8
core   0: 3 0x80000940 (0x4082de93) x29 0x00000000
core   0: 0x80000944 (0x006a87a3) sb      t1, 15(s5)
core   0: 3 0x80000944 (0x006a87a3) mem 0x8001e274 0x5a
core   0: 0x80000948 (0x40675a33) sra     s4, a4, t1
core   0: 3 0x80000948 (0x40675a33) x20 0x00000000
core   0: 0x8000094c (0x005a9e03) lh      t3, 5(s5)
core   0: 3 0x8000094c (0x005a9e03) x28 0x00002021 mem 0x8001e26a
core   0: 0x80000950 (0x7ff6f093) andi    ra, a3, 2047
core   0: 3 0x80000950 (0x7ff6f093) x 1 0x000007d8
core   0: 0x80000954 (0x00dad083) lhu     ra, 13(s5)
core   0: 3 0x80000954 (0x00dad083) x 1 0x00002829 mem 0x8001e272
core   0: 0x80000958 (0x0140036f) jal     t1, pc + 0x14
core   0: 3 0x80000958 (0x0140036f) x 6 0x8000095c
core   0: 0x8000096c (0x040000ef) jal     pc + 0x40
core   0: 3 0x8000096c (0x040000ef) x 1 0x80000970
core   0: 0x800009ac (0x004000ef) jal     pc + 0x4
core   0: 3 0x800009ac (0x004000ef) x 1 0x800009b0
core   0: 0x800009b0 (0xfddff96f) jal     s2, pc - 0x24
core   0: 3 0x800009b0 (0xfddff96f) x18 0x800009b4
core   0: 0x8000098c (0x02c000ef) jal     pc + 0x2c
core   0: 3 0x8000098c (0x02c000ef) x 1 0x80000990
core   0: 0x800009b8 (0xfadff0ef) jal     pc - 0x54
core   0: 3 0x800009b8 (0xfadff0ef) x 1 0x800009bc
core   0: 0x80000964 (0x00c005ef) jal     a1, pc + 0xc
core   0: 3 0x80000964 (0x00c005ef) x11 0x80000968
core   0: 0x80000970 (0x034000ef) jal     pc + 0x34
core   0: 3 0x80000970 (0x034000ef) x 1 0x80000974
core   0: 0x800009a4 (0xfb9ff0ef) jal     pc - 0x48
core   0: 3 0x800009a4 (0xfb9ff0ef) x 1 0x800009a8
core   0: 0x8000095c (0x02c006ef) jal     a3, pc + 0x2c
core   0: 3 0x8000095c (0x02c006ef) x13 0x80000960
core   0: 0x80000988 (0xfd9ffa6f) jal     s4, pc - 0x28
core   0: 3 0x80000988 (0xfd9ffa6f) x20 0x8000098c
core   0: 0x80000960 (0x0300016f) jal     sp, pc + 0x30
core   0: 3 0x80000960 (0x0300016f) x 2 0x80000964
core   0: 0x80000990 (0x0040086f) jal     a6, pc + 0x4
core   0: 3 0x80000990 (0x0040086f) x16 0x80000994
core   0: 0x80000994 (0xfedff0ef) jal     pc - 0x14
core   0: 3 0x80000994 (0xfedff0ef) x 1 0x80000998
core   0: 0x80000980 (0x03c001ef) jal     gp, pc + 0x3c
core   0: 3 0x80000980 (0x03c001ef) x 3 0x80000984
core   0: 0x800009bc (0xfbdff36f) jal     t1, pc - 0x44
core   0: 3 0x800009bc (0xfbdff36f) x 6 0x800009c0
core   0: 0x80000978 (0x03000f6f) jal     t5, pc + 0x30
core   0: 3 0x80000978 (0x03000f6f) x30 0x8000097c
core   0: 0x800009a8 (0xff9ff36f) jal     t1, pc - 0x8
core   0: 3 0x800009a8 (0xff9ff36f) x 6 0x800009ac
core   0: 0x800009a0 (0x0240036f) jal     t1, pc + 0x24
core   0: 3 0x800009a0 (0x0240036f) x 6 0x800009a4
core   0: 0x800009c4 (0xffdff66f) jal     a2, pc - 0x4
core   0: 3 0x800009c4 (0xffdff66f) x12 0x800009c8
core   0: 0x800009c0 (0xfddff0ef) jal     pc - 0x24
core   0: 3 0x800009c0 (0xfddff0ef) x 1 0x800009c4
core   0: 0x8000099c (0x018000ef) jal     pc + 0x18
core   0: 3 0x8000099c (0x018000ef) x 1 0x800009a0
core   0: 0x800009b4 (0xfc1ff36f) jal     t1, pc - 0x40
core   0: 3 0x800009b4 (0xfc1ff36f) x 6 0x800009b8
core   0: 0x80000974 (0x0240036f) jal     t1, pc + 0x24
core   0: 3 0x80000974 (0x0240036f) x 6 0x80000978
core   0: 0x80000998 (0xfe5ff0ef) jal     pc - 0x1c
core   0: 3 0x80000998 (0xfe5ff0ef) x 1 0x8000099c
core   0: 0x8000097c (0x0080016f) jal     sp, pc + 0x8
core   0: 3 0x8000097c (0x0080016f) x 2 0x80000980
core   0: 0x80000984 (0xfe5ff0ef) jal     pc - 0x1c
core   0: 3 0x80000984 (0xfe5ff0ef) x 1 0x80000988
core   0: 0x80000968 (0x0600016f) jal     sp, pc + 0x60
core   0: 3 0x80000968 (0x0600016f) x 2 0x8000096c
core   0: 0x800009c8 (0x43b80313) addi    t1, a6, 1083
core   0: 3 0x800009c8 (0x43b80313) x 6 0x80000dcf
core   0: 0x800009cc (0x00012797) auipc   a5, 0x12
core   0: 3 0x800009cc (0x00012797) x15 0x800129cc
core   0: 0x800009d0 (0x03678793) addi    a5, a5, 54
core   0: 3 0x800009d0 (0x03678793) x15 0x80012a02
core   0: 0x800009d4 (0x00178f83) lb      t6, 1(a5)
core   0: 3 0x800009d4 (0x00178f83) x31 0xffffffb8 mem 0x80012a03
core   0: 0x800009d8 (0x00e7c403) lbu     s0, 14(a5)
core   0: 3 0x800009d8 (0x00e7c403) x 8 0x000000cb mem 0x80012a10
core   0: 0x800009dc (0x00b172b3) and     t0, sp, a1
core   0: 3 0x800009dc (0x00b172b3) x 5 0x80000968
core   0: 0x800009e0 (0x005780a3) sb      t0, 1(a5)
core   0: 3 0x800009e0 (0x005780a3) mem 0x80012a03 0x68
core   0: 0x800009e4 (0xc46de613) ori     a2, s11, -954
core   0: 3 0x800009e4 (0xc46de613) x12 0xfffffc46
core   0: 0x800009e8 (0xff578ea3) sb      s5, -3(a5)
core   0: 3 0x800009e8 (0xff578ea3) mem 0x800129ff 0x65
core   0: 0x800009ec (0x0109e8b3) or      a7, s3, a6
core   0: 3 0x800009ec (0x0109e8b3) x17 0xfe64ed9c
core   0: 0x800009f0 (0x01c7a8b3) slt     a7, a5, t3
core   0: 3 0x800009f0 (0x01c7a8b3) x17 0x00000001
core   0: 0x800009f4 (0x0066e133) or      sp, a3, t1
core   0: 3 0x800009f4 (0x0066e133) x 2 0x80000def
core   0: 0x800009f8 (0x006ec633) xor     a2, t4, t1
core   0: 3 0x800009f8 (0x006ec633) x12 0x80000dcf
core   0: 0x800009fc (0x3e9c4413) xori    s0, s8, 1001
core   0: 3 0x800009fc (0x3e9c4413) x 8 0xfffffc21
core   0: 0x80000a00 (0xff57c303) lbu     t1, -11(a5)
core   0: 3 0x80000a00 (0xff57c303) x 6 0x000000ac mem 0x800129f7
core   0: 0x80000a04 (0x01fe9d13) slli    s10, t4, 31
core   0: 3 0x80000a04 (0x01fe9d13) x26 0x00000000
core   0: 0x80000a08 (0x00000013) nop
core   0: 3 0x80000a08 (0x00000013)
core   0: 0x80000a0c (0xe0a8f713) andi    a4, a7, -502
core   0: 3 0x80000a0c (0xe0a8f713) x14 0x00000000
core   0: 0x80000a10 (0x010f9bb3) sll     s7, t6, a6
core   0: 3 0x80000a10 (0x010f9bb3) x23 0xfb800000
core   0: 0x80000a14 (0xffc78ea3) sb      t3, -3(a5)
core   0: 3 0x80000a14 (0xffc78ea3) mem 0x800129ff 0x21
core   0: 0x80000a18 (0x00a6c533) xor     a0, a3, a0
core   0: 3 0x80000a18 (0x00a6c533) x10 0x80000927
core   0: 0x80000a1c (0x01235b93) srli    s7, t1, 18
core   0: 3 0x80000a1c (0x01235b93) x23 0x00000000
core   0: 0x80000a20 (0x0ff0000f) fence   iorw,iorw
core   0: 3 0x80000a20 (0x0ff0000f)
core   0: 0x80000a24 (0xff47d603) lhu     a2, -12(a5)
core   0: 3 0x80000a24 (0xff47d603) x12 0x0000acad mem 0x800129f6
core   0: 0x80000a28 (0x003c66b3) or      a3, s8, gp
core   0: 3 0x80000a28 (0x003c66b3) x13 0xffffffcc
core   0: 0x80000a2c (0xff17cf03) lbu     t5, -15(a5)
core   0: 3 0x80000a2c (0xff17cf03) x30 0x000000a8 mem 0x800129f3
core   0: 0x80000a30 (0x41a55b93) srai    s7, a0, 26
core   0: 3 0x80000a30 (0x41a55b93) x23 0xffffffe0
core   0: 0x80000a34 (0x9adce137) lui     sp, 0x9adce
core   0: 3 0x80000a34 (0x9adce137) x 2 0x9adce000
core   0: 0x80000a38 (0x00dd7833) and     a6, s10, a3
core   0: 3 0x80000a38 (0x00dd7833) x16 0x00000000
core   0: 0x80000a3c (0xfe178ca3) sb      ra, -7(a5)
core   0: 3 0x80000a3c (0xfe178ca3) mem 0x800129fb 0x88
core   0: 0x80000a40 (0xfc833513) sltiu   a0, t1, -56
core   0: 3 0x80000a40 (0xfc833513) x10 0x00000001
core   0: 0x80000a44 (0x013ab733) sltu    a4, s5, s3
core   0: 3 0x80000a44 (0x013ab733) x14 0x00000001
core   0: 0x80000a48 (0x0cb24393) xori    t2, tp, 203
core   0: 3 0x80000a48 (0x0cb24393) x 7 0x8002bc2f
core   0: 0x80000a4c (0x01dba533) slt     a0, s7, t4
core   0: 3 0x80000a4c (0x01dba533) x10 0x00000001
core   0: 0x80000a50 (0x01553833) sltu    a6, a0, s5
core   0: 3 0x80000a50 (0x01553833) x16 0x00000001
core   0: 0x80000a54 (0x00b78583) lb      a1, 11(a5)
core   0: 3 0x80000a54 (0x00b78583) x11 0xffffffc6 mem 0x80012a0d
core   0: 0x80000a58 (0xfe479c23) sh      tp, -8(a5)
core   0: 3 0x80000a58 (0xfe479c23) mem 0x800129fa 0xbce4
core   0: 0x80000a5c (0x00ea2bb3) slt     s7, s4, a4
core   0: 3 0x80000a5c (0x00ea2bb3) x23 0x00000001
core   0: 0x80000a60 (0x01ffd6b3) srl     a3, t6, t6
core   0: 3 0x80000a60 (0x01ffd6b3) x13 0x000000ff
core   0: 0x80000a64 (0x01309593) slli    a1, ra, 19
core   0: 3 0x80000a64 (0x01309593) x11 0x4c400000
core   0: 0x80000a68 (0x01979723) sh      s9, 14(a5)
core   0: 3 0x80000a68 (0x01979723) mem 0x80012a10 0x0000
core   0: 0x80000a6c (0x0017c003) lbu     zero, 1(a5)
core   0: 3 0x80000a6c (0x0017c003) mem 0x80012a03
core   0: 0x80000a70 (0x57e48a13) addi    s4, s1, 1406
core   0: 3 0x80000a70 (0x57e48a13) x20 0x0000057e
core   0: 0x80000a74 (0x0003ffb3) and     t6, t2, zero
core   0: 3 0x80000a74 (0x0003ffb3) x31 0x00000000
core   0: 0x80000a78 (0x2c528c13) addi    s8, t0, 709
core   0: 3 0x80000a78 (0x2c528c13) x24 0x80000c2d
core   0: 0x80000a7c (0x00e541b3) xor     gp, a0, a4
core   0: 3 0x80000a7c (0x00e541b3) x 3 0x00000000
core   0: 0x80000a80 (0xffd78303) lb      t1, -3(a5)
core   0: 3 0x80000a80 (0xffd78303) x 6 0x00000021 mem 0x800129ff
core   0: 0x80000a84 (0x00011397) auipc   t2, 0x11
core   0: 3 0x80000a84 (0x00011397) x 7 0x80011a84
core   0: 0x80000a88 (0x6af38393) addi    t2, t2, 1711
core   0: 3 0x80000a88 (0x6af38393) x 7 0x80012133
core   0: 0x80000a8c (0x00938a03) lb      s4, 9(t2)
core   0: 3 0x80000a8c (0x00938a03) x20 0xfffffff7 mem 0x8001213c
core   0: 0x80000a90 (0x00011a97) auipc   s5, 0x11
core   0: 3 0x80000a90 (0x00011a97) x21 0x80011a90
core   0: 0x80000a94 (0x720a8a93) addi    s5, s5, 1824
core   0: 3 0x80000a94 (0x720a8a93) x21 0x800121b0
core   0: 0x80000a98 (0xfefa8603) lb      a2, -17(s5)
core   0: 3 0x80000a98 (0xfefa8603) x12 0x00000054 mem 0x8001219f
core   0: 0x80000a9c (0xff738923) sb      s7, -14(t2)
core   0: 3 0x80000a9c (0xff738923) mem 0x80012125 0x1
core   0: 0x80000aa0 (0xfd9acf03) lbu     t5, -39(s5)
core   0: 3 0x80000aa0 (0xfd9acf03) x30 0x00000042 mem 0x80012189
core   0: 0x80000aa4 (0xff6a8ea3) sb      s6, -3(s5)
core   0: 3 0x80000aa4 (0xff6a8ea3) mem 0x800121ad 0x64
core   0: 0x80000aa8 (0x0063c883) lbu     a7, 6(t2)
core   0: 3 0x80000aa8 (0x0063c883) x17 0x000000f2 mem 0x80012139
core   0: 0x80000aac (0x001ac903) lbu     s2, 1(s5)
core   0: 3 0x80000aac (0x001ac903) x18 0x0000006a mem 0x800121b1
core   0: 0x80000ab0 (0xfe9a8f83) lb      t6, -23(s5)
core   0: 3 0x80000ab0 (0xfe9a8f83) x31 0x00000052 mem 0x80012199
core   0: 0x80000ab4 (0xff438e23) sb      s4, -4(t2)
core   0: 3 0x80000ab4 (0xff438e23) mem 0x8001212f 0xf7
core   0: 0x80000ab8 (0xfc6a81a3) sb      t1, -61(s5)
core   0: 3 0x80000ab8 (0xfc6a81a3) mem 0x80012173 0x21
core   0: 0x80000abc (0xfcfac503) lbu     a0, -49(s5)
core   0: 3 0x80000abc (0xfcfac503) x10 0x00000034 mem 0x8001217f
core   0: 0x80000ac0 (0xfe4a9003) lh      zero, -28(s5)
core   0: 3 0x80000ac0 (0xfe4a9003) mem 0x80012194
core   0: 0x80000ac4 (0x00d3c283) lbu     t0, 13(t2)
core   0: 3 0x80000ac4 (0x00d3c283) x 5 0x000000fb mem 0x80012140
core   0: 0x80000ac8 (0x00a38b83) lb      s7, 10(t2)
core   0: 3 0x80000ac8 (0x00a38b83) x23 0xfffffff6 mem 0x8001213d
core   0: 0x80000acc (0x00019517) auipc   a0, 0x19
core   0: 3 0x80000acc (0x00019517) x10 0x80019acc
core   0: 0x80000ad0 (0x35150513) addi    a0, a0, 849
core   0: 3 0x80000ad0 (0x35150513) x10 0x80019e1d
core   0: 0x80000ad4 (0x4ef51183) lh      gp, 1263(a0)
core   0: 3 0x80000ad4 (0x4ef51183) x 3 0xffffc6c7 mem 0x8001a30c
core   0: 0x80000ad8 (0x32050b83) lb      s7, 800(a0)
core   0: 3 0x80000ad8 (0x32050b83) x23 0xfffffff6 mem 0x8001a13d
core   0: 0x80000adc (0x2b874f13) xori    t5, a4, 696
core   0: 3 0x80000adc (0x2b874f13) x30 0x000002b9
core   0: 0x80000ae0 (0x401907b3) sub     a5, s2, ra
core   0: 3 0x80000ae0 (0x401907b3) x15 0x7ffff6e2
core   0: 0x80000ae4 (0x0035b133) sltu    sp, a1, gp
core   0: 3 0x80000ae4 (0x0035b133) x 2 0x00000001
core   0: 0x80000ae8 (0xa2350923) sb      gp, -1486(a0)
core   0: 3 0x80000ae8 (0xa2350923) mem 0x8001984f 0xc7
core   0: 0x80000aec (0x01c4b833) sltu    a6, s1, t3
core   0: 3 0x80000aec (0x01c4b833) x16 0x00000001
core   0: 0x80000af0 (0x00e956b3) srl     a3, s2, a4
core   0: 3 0x80000af0 (0x00e956b3) x13 0x00000035
core   0: 0x80000af4 (0x0032be33) sltu    t3, t0, gp
core   0: 3 0x80000af4 (0x0032be33) x28 0x00000001
core   0: 0x80000af8 (0x23351703) lh      a4, 563(a0)
core   0: 3 0x80000af8 (0x23351703) x14 0x00000a0b mem 0x8001a050
core   0: 0x80000afc (0x46450ba3) sb      tp, 1143(a0)
core   0: 3 0x80000afc (0x46450ba3) mem 0x8001a294 0xe4
core   0: 0x80000b00 (0xc1d54783) lbu     a5, -995(a0)
core   0: 3 0x80000b00 (0xc1d54783) x15 0x000000f1 mem 0x80019a3a
core   0: 0x80000b04 (0x401ad313) srai    t1, s5, 1
core   0: 3 0x80000b04 (0x401ad313) x 6 0xc00090d8
core   0: 0x80000b08 (0x97c50b83) lb      s7, -1668(a0)
core   0: 3 0x80000b08 (0x97c50b83) x23 0x00000052 mem 0x80019799
core   0: 0x80000b0c (0x00bb08b3) add     a7, s6, a1
core   0: 3 0x80000b0c (0x00bb08b3) x17 0xcc427e64
core   0: 0x80000b10 (0xc232bc17) auipc   s8, 0xc232b
core   0: 3 0x80000b10 (0xc232bc17) x24 0x4232bb10
core   0: 0x80000b14 (0xcf250783) lb      a5, -782(a0)
core   0: 3 0x80000b14 (0xcf250783) x15 0xffffffc4 mem 0x80019b0f
core   0: 0x80000b18 (0x9e8511a3) sh      s0, -1565(a0)
core   0: 3 0x80000b18 (0x9e8511a3) mem 0x80019800 0xfc21
core   0: 0x80000b1c (0x17c50103) lb      sp, 380(a0)
core   0: 3 0x80000b1c (0x17c50103) x 2 0x00000052 mem 0x80019f99
core   0: 0x80000b20 (0xddb08613) addi    a2, ra, -549
core   0: 3 0x80000b20 (0xddb08613) x12 0x80000763
core   0: 0x80000b24 (0x150529a3) sw      a6, 339(a0)
core   0: 3 0x80000b24 (0x150529a3) mem 0x80019f70 0x00000001
core   0: 0x80000b28 (0x1e8502a3) sb      s0, 485(a0)
core   0: 3 0x80000b28 (0x1e8502a3) mem 0x8001a002 0x21
core   0: 0x80000b2c (0x8ca50123) sb      a0, -1854(a0)
core   0: 3 0x80000b2c (0x8ca50123) mem 0x800196df 0x1d
core   0: 0x80000b30 (0xf0351f83) lh      t6, -253(a0)
core   0: 3 0x80000b30 (0xf0351f83) x31 0xffffdadb mem 0x80019d20
core   0: 0x80000b34 (0x1ab55383) lhu     t2, 427(a0)
core   0: 3 0x80000b34 (0x1ab55383) x 7 0x00008283 mem 0x80019fc8
core   0: 0x80000b38 (0xc6054283) lbu     t0, -928(a0)
core   0: 3 0x80000b38 (0xc6054283) x 5 0x00000036 mem 0x80019a7d
core   0: 0x80000b3c (0xb2d525a3) sw      a3, -1237(a0)
core   0: 3 0x80000b3c (0xb2d525a3) mem 0x80019948 0x00000035
core   0: 0x80000b40 (0x403a5793) srai    a5, s4, 3
core   0: 3 0x80000b40 (0x403a5793) x15 0xfffffffe
core   0: 0x80000b44 (0xa6512d93) slti    s11, sp, -1435
core   0: 3 0x80000b44 (0xa6512d93) x27 0x00000000
core   0: 0x80000b48 (0x72d568b7) lui     a7, 0x72d56
core   0: 3 0x80000b48 (0x72d568b7) x17 0x72d56000
core   0: 0x80000b4c (0x001438b3) sltu    a7, s0, ra
core   0: 3 0x80000b4c (0x001438b3) x17 0x00000000
core   0: 0x80000b50 (0x4d7516a3) sh      s7, 1229(a0)
core   0: 3 0x80000b50 (0x4d7516a3) mem 0x8001a2ea 0x0052
core   0: 0x80000b54 (0xbb450d83) lb      s11, -1100(a0)
core   0: 3 0x80000b54 (0xbb450d83) x27 0xffffff8a mem 0x800199d1
core   0: 0x80000b58 (0x00a29033) sll     zero, t0, a0
core   0: 3 0x80000b58 (0x00a29033)
core   0: 0x80000b5c (0x0055b8b3) sltu    a7, a1, t0
core   0: 3 0x80000b5c (0x0055b8b3) x17 0x00000000
core   0: 0x80000b60 (0x00229413) slli    s0, t0, 2
core   0: 3 0x80000b60 (0x00229413) x 8 0x000000d8
core   0: 0x80000b64 (0x01ae34b3) sltu    s1, t3, s10
core   0: 3 0x80000b64 (0x01ae34b3) x 9 0x00000000
core   0: 0x80000b68 (0x00c600b3) add     ra, a2, a2
core   0: 3 0x80000b68 (0x00c600b3) x 1 0x00000ec6
core   0: 0x80000b6c (0x00c8d5b3) srl     a1, a7, a2
core   0: 3 0x80000b6c (0x00c8d5b3) x11 0x00000000
core   0: 0x80000b70 (0x0165c8b3) xor     a7, a1, s6
core   0: 3 0x80000b70 (0x0165c8b3) x17 0x80027e64
core   0: 0x80000b74 (0xf7050e23) sb      a6, -132(a0)
core   0: 3 0x80000b74 (0xf7050e23) mem 0x80019d99 0x1
core   0: 0x80000b78 (0x00011117) auipc   sp, 0x11
core   0: 3 0x80000b78 (0x00011117) x 2 0x80011b78
core   0: 0x80000b7c (0x62c10113) addi    sp, sp, 1580
core   0: 3 0x80000b7c (0x62c10113) x 2 0x800121a4
core   0: 0x80000b80 (0x0ff0000f) fence   iorw,iorw
core   0: 3 0x80000b80 (0x0ff0000f)
core   0: 0x80000b84 (0x01fc6833) or      a6, s8, t6
core   0: 3 0x80000b84 (0x01fc6833) x16 0xfffffbdb
core   0: 0x80000b88 (0x00c39c13) slli    s8, t2, 12
core   0: 3 0x80000b88 (0x00c39c13) x24 0x08283000
core   0: 0x80000b8c (0x0000100f) fence.i
core   0: 3 0x80000b8c (0x0000100f)
core   0: 0x80000b90 (0x0ff0000f) fence   iorw,iorw
core   0: 3 0x80000b90 (0x0ff0000f)
core   0: 0x80000b94 (0x41ffdc13) srai    s8, t6, 31
core   0: 3 0x80000b94 (0x41ffdc13) x24 0xffffffff
core   0: 0x80000b98 (0x3c43e613) ori     a2, t2, 964
core   0: 3 0x80000b98 (0x3c43e613) x12 0x000083c7
core   0: 0x80000b9c (0x0ff0000f) fence   iorw,iorw
core   0: 3 0x80000b9c (0x0ff0000f)
core   0: 0x80000ba0 (0x010c1a13) slli    s4, s8, 16
core   0: 3 0x80000ba0 (0x010c1a13) x20 0xffff0000
core   0: 0x80000ba4 (0xc2463f93) sltiu   t6, a2, -988
core   0: 3 0x80000ba4 (0xc2463f93) x31 0x00000001
core   0: 0x80000ba8 (0xff310603) lb      a2, -13(sp)
core   0: 3 0x80000ba8 (0xff310603) x12 0x0000004c mem 0x80012197
core   0: 0x80000bac (0x00000013) nop
core   0: 3 0x80000bac (0x00000013)
core   0: 0x80000bb0 (0xff910a03) lb      s4, -7(sp)
core   0: 3 0x80000bb0 (0xff910a03) x20 0x00000056 mem 0x8001219d
core   0: 0x80000bb4 (0x00786a33) or      s4, a6, t2
core   0: 3 0x80000bb4 (0x00786a33) x20 0xfffffbdb
core   0: 0x80000bb8 (0x219a4393) xori    t2, s4, 537
core   0: 3 0x80000bb8 (0x219a4393) x 7 0xfffff9c2
core   0: 0x80000bbc (0x00410603) lb      a2, 4(sp)
core   0: 3 0x80000bbc (0x00410603) x12 0x00000063 mem 0x800121a8
core   0: 0x80000bc0 (0x01011723) sh      a6, 14(sp)
core   0: 3 0x80000bc0 (0x01011723) mem 0x800121b2 0xfbdb
core   0: 0x80000bc4 (0x010107a3) sb      a6, 15(sp)
core   0: 3 0x80000bc4 (0x010107a3) mem 0x800121b3 0xdb
core   0: 0x80000bc8 (0x0ff0000f) fence   iorw,iorw
core   0: 3 0x80000bc8 (0x0ff0000f)
core   0: 0x80000bcc (0x414fda33) sra     s4, t6, s4
core   0: 3 0x80000bcc (0x414fda33) x20 0x00000000
core   0: 0x80000bd0 (0x00c11723) sh      a2, 14(sp)
core   0: 3 0x80000bd0 (0x00c11723) mem 0x800121b2 0x0063
core   0: 0x80000bd4 (0xfff10fa3) sb      t6, -1(sp)
core   0: 3 0x80000bd4 (0xfff10fa3) mem 0x800121a3 0x1
core   0: 0x80000bd8 (0xff415383) lhu     t2, -12(sp)
core   0: 3 0x80000bd8 (0xff415383) x 7 0x00005253 mem 0x80012198
core   0: 0x80000bdc (0xff012803) lw      a6, -16(sp)
core   0: 3 0x80000bdc (0xff012803) x16 0x4c4d4e4f mem 0x80012194
core   0: 0x80000be0 (0xff410803) lb      a6, -12(sp)
core   0: 3 0x80000be0 (0xff410803) x16 0x00000053 mem 0x80012198
core   0: 0x80000be4 (0x0ff0000f) fence   iorw,iorw
core   0: 3 0x80000be4 (0x0ff0000f)
core   0: 0x80000be8 (0xff314803) lbu     a6, -13(sp)
core   0: 3 0x80000be8 (0xff314803) x16 0x0000004c mem 0x80012197
core   0: 0x80000bec (0x0ff0000f) fence   iorw,iorw
core   0: 3 0x80000bec (0x0ff0000f)
core   0: 0x80000bf0 (0x00c85613) srli    a2, a6, 12
core   0: 3 0x80000bf0 (0x00c85613) x12 0x00000000
core   0: 0x80000bf4 (0x40c80fb3) sub     t6, a6, a2
core   0: 3 0x80000bf4 (0x40c80fb3) x31 0x0000004c
core   0: 0x80000bf8 (0x00ca4fb3) xor     t6, s4, a2
core   0: 3 0x80000bf8 (0x00ca4fb3) x31 0x00000000
core   0: 0x80000bfc (0x00610f83) lb      t6, 6(sp)
core   0: 3 0x80000bfc (0x00610f83) x31 0x00000061 mem 0x800121aa
core   0: 0x80000c00 (0x014100a3) sb      s4, 1(sp)
core   0: 3 0x80000c00 (0x014100a3) mem 0x800121a5 0x0
core   0: 0x80000c04 (0x0300036f) jal     t1, pc + 0x30
core   0: 3 0x80000c04 (0x0300036f) x 6 0x80000c08
core   0: 0x80000c34 (0xfd5ff0ef) jal     pc - 0x2c
core   0: 3 0x80000c34 (0xfd5ff0ef) x 1 0x80000c38
core   0: 0x80000c08 (0x010000ef) jal     pc + 0x10
core   0: 3 0x80000c08 (0x010000ef) x 1 0x80000c0c
core   0: 0x80000c18 (0x014000ef) jal     pc + 0x14
core   0: 3 0x80000c18 (0x014000ef) x 1 0x80000c1c
core   0: 0x80000c2c (0xfe1ff66f) jal     a2, pc - 0x20
core   0: 3 0x80000c2c (0xfe1ff66f) x12 0x80000c30
core   0: 0x80000c0c (0x030000ef) jal     pc + 0x30
core   0: 3 0x80000c0c (0x030000ef) x 1 0x80000c10
core   0: 0x80000c3c (0xfe5ff0ef) jal     pc - 0x1c
core   0: 3 0x80000c3c (0xfe5ff0ef) x 1 0x80000c40
core   0: 0x80000c20 (0x018000ef) jal     pc + 0x18
core   0: 3 0x80000c20 (0x018000ef) x 1 0x80000c24
core   0: 0x80000c38 (0xfedff0ef) jal     pc - 0x14
core   0: 3 0x80000c38 (0xfedff0ef) x 1 0x80000c3c
core   0: 0x80000c24 (0xff1ff36f) jal     t1, pc - 0x10
core   0: 3 0x80000c24 (0xff1ff36f) x 6 0x80000c28
core   0: 0x80000c14 (0x0080036f) jal     t1, pc + 0x8
core   0: 3 0x80000c14 (0x0080036f) x 6 0x80000c18
core   0: 0x80000c1c (0x00c000ef) jal     pc + 0xc
core   0: 3 0x80000c1c (0x00c000ef) x 1 0x80000c20
core   0: 0x80000c28 (0x018005ef) jal     a1, pc + 0x18
core   0: 3 0x80000c28 (0x018005ef) x11 0x80000c2c
core   0: 0x80000c40 (0xff1ffd6f) jal     s10, pc - 0x10
core   0: 3 0x80000c40 (0xff1ffd6f) x26 0x80000c44
core   0: 0x80000c30 (0xfe1ff0ef) jal     pc - 0x20
core   0: 3 0x80000c30 (0xfe1ff0ef) x 1 0x80000c34
core   0: 0x80000c10 (0x0340036f) jal     t1, pc + 0x34
core   0: 3 0x80000c10 (0x0340036f) x 6 0x80000c14
core   0: 0x80000c44 (0x19c54f13) xori    t5, a0, 412
core   0: 3 0x80000c44 (0x19c54f13) x30 0x80019f81
core   0: 0x80000c48 (0x00800693) li      a3, 8
core   0: 3 0x80000c48 (0x00800693) x13 0x00000008
core   0: 0x80000c4c (0x00000013) nop
core   0: 3 0x80000c4c (0x00000013)
core   0: 0x80000c50 (0x00700813) li      a6, 7
core   0: 3 0x80000c50 (0x00700813) x16 0x00000007
core   0: 0x80000c54 (0x015f9493) slli    s1, t6, 21
core   0: 3 0x80000c54 (0x015f9493) x 9 0x0c200000
core   0: 0x80000c58 (0x00ecba33) sltu    s4, s9, a4
core   0: 3 0x80000c58 (0x00ecba33) x20 0x00000001
core   0: 0x80000c5c (0x4171d913) srai    s2, gp, 23
core   0: 3 0x80000c5c (0x4171d913) x18 0xffffffff
core   0: 0x80000c60 (0x00b70533) add     a0, a4, a1
core   0: 3 0x80000c60 (0x00b70533) x10 0x80001637
core   0: 0x80000c64 (0x00769713) slli    a4, a3, 7
core   0: 3 0x80000c64 (0x00769713) x14 0x00000400
core   0: 0x80000c68 (0x01b12933) slt     s2, sp, s11
core   0: 3 0x80000c68 (0x01b12933) x18 0x00000001
core   0: 0x80000c6c (0xffa68693) addi    a3, a3, -6
core   0: 3 0x80000c6c (0xffa68693) x13 0x00000002
core   0: 0x80000c70 (0xa4033093) sltiu   ra, t1, -1472
core   0: 3 0x80000c70 (0xa4033093) x 1 0x00000001
core   0: 0x80000c74 (0x00100413) li      s0, 1
core   0: 3 0x80000c74 (0x00100413) x 8 0x00000001
core   0: 0x80000c78 (0x00f00b93) li      s7, 15
core   0: 3 0x80000c78 (0x00f00b93) x23 0x0000000f
core   0: 0x80000c7c (0x4005c613) xori    a2, a1, 1024
core   0: 3 0x80000c7c (0x4005c613) x12 0x8000082c
core   0: 0x80000c80 (0x00440413) addi    s0, s0, 4
core   0: 3 0x80000c80 (0x00440413) x 8 0x00000005
core   0: 0x80000c84 (0x013ec8b3) xor     a7, t4, s3
core   0: 3 0x80000c84 (0x013ec8b3) x17 0xfe64ec9c
core   0: 0x80000c88 (0xff744ae3) blt     s0, s7, pc - 12
core   0: 3 0x80000c88 (0xff744ae3)
core   0: 0x80000c7c (0x4005c613) xori    a2, a1, 1024
core   0: 3 0x80000c7c (0x4005c613) x12 0x8000082c
core   0: 0x80000c80 (0x00440413) addi    s0, s0, 4
core   0: 3 0x80000c80 (0x00440413) x 8 0x00000009
core   0: 0x80000c84 (0x013ec8b3) xor     a7, t4, s3
core   0: 3 0x80000c84 (0x013ec8b3) x17 0xfe64ec9c
core   0: 0x80000c88 (0xff744ae3) blt     s0, s7, pc - 12
core   0: 3 0x80000c88 (0xff744ae3)
core   0: 0x80000c7c (0x4005c613) xori    a2, a1, 1024
core   0: 3 0x80000c7c (0x4005c613) x12 0x8000082c
core   0: 0x80000c80 (0x00440413) addi    s0, s0, 4
core   0: 3 0x80000c80 (0x00440413) x 8 0x0000000d
core   0: 0x80000c84 (0x013ec8b3) xor     a7, t4, s3
core   0: 3 0x80000c84 (0x013ec8b3) x17 0xfe64ec9c
core   0: 0x80000c88 (0xff744ae3) blt     s0, s7, pc - 12
core   0: 3 0x80000c88 (0xff744ae3)
core   0: 0x80000c7c (0x4005c613) xori    a2, a1, 1024
core   0: 3 0x80000c7c (0x4005c613) x12 0x8000082c
core   0: 0x80000c80 (0x00440413) addi    s0, s0, 4
core   0: 3 0x80000c80 (0x00440413) x 8 0x00000011
core   0: 0x80000c84 (0x013ec8b3) xor     a7, t4, s3
core   0: 3 0x80000c84 (0x013ec8b3) x17 0xfe64ec9c
core   0: 0x80000c88 (0xff744ae3) blt     s0, s7, pc - 12
core   0: 3 0x80000c88 (0xff744ae3)
core   0: 0x80000c8c (0x0151cab3) xor     s5, gp, s5
core   0: 3 0x80000c8c (0x0151cab3) x21 0x7ffee777
core   0: 0x80000c90 (0x0a70e893) ori     a7, ra, 167
core   0: 3 0x80000c90 (0x0a70e893) x17 0x000000a7
core   0: 0x80000c94 (0x00000013) nop
core   0: 3 0x80000c94 (0x00000013)
core   0: 0x80000c98 (0x01da44b3) xor     s1, s4, t4
core   0: 3 0x80000c98 (0x01da44b3) x 9 0x00000001
core   0: 0x80000c9c (0x41310533) sub     a0, sp, s3
core   0: 3 0x80000c9c (0x41310533) x10 0x819c3508
core   0: 0x80000ca0 (0x9a9d4a93) xori    s5, s10, -1623
core   0: 3 0x80000ca0 (0x9a9d4a93) x21 0x7ffff5ed
core   0: 0x80000ca4 (0x01532033) slt     zero, t1, s5
core   0: 3 0x80000ca4 (0x01532033)
core   0: 0x80000ca8 (0x00000013) nop
core   0: 3 0x80000ca8 (0x00000013)
core   0: 0x80000cac (0x326194b7) lui     s1, 0x32619
core   0: 3 0x80000cac (0x326194b7) x 9 0x32619000
core   0: 0x80000cb0 (0x408e5c33) sra     s8, t3, s0
core   0: 3 0x80000cb0 (0x408e5c33) x24 0x00000000
core   0: 0x80000cb4 (0x0000100f) fence.i
core   0: 3 0x80000cb4 (0x0000100f)
core   0: 0x80000cb8 (0xfb06d8e3) bge     a3, a6, pc - 80
core   0: 3 0x80000cb8 (0xfb06d8e3)
core   0: 0x80000cbc (0xb40f7a13) andi    s4, t5, -1216
core   0: 3 0x80000cbc (0xb40f7a13) x20 0x80019b00
core   0: 0x80000cc0 (0x00011717) auipc   a4, 0x11
core   0: 3 0x80000cc0 (0x00011717) x14 0x80011cc0
core   0: 0x80000cc4 (0x61070713) addi    a4, a4, 1552
core   0: 3 0x80000cc4 (0x61070713) x14 0x800122d0
core   0: 0x80000cc8 (0x00012917) auipc   s2, 0x12
core   0: 3 0x80000cc8 (0x00012917) x18 0x80012cc8
core   0: 0x80000ccc (0xa7190913) addi    s2, s2, -1423
core   0: 3 0x80000ccc (0xa7190913) x18 0x80012739
core   0: 0x80000cd0 (0x00012697) auipc   a3, 0x12
core   0: 3 0x80000cd0 (0x00012697) x13 0x80012cd0
core   0: 0x80000cd4 (0x98168693) addi    a3, a3, -1663
core   0: 3 0x80000cd4 (0x98168693) x13 0x80012651
core   0: 0x80000cd8 (0x00012f97) auipc   t6, 0x12
core   0: 3 0x80000cd8 (0x00012f97) x31 0x80012cd8
core   0: 0x80000cdc (0xdf8f8f93) addi    t6, t6, -520
core   0: 3 0x80000cdc (0xdf8f8f93) x31 0x80012ad0
core   0: 0x80000ce0 (0xff169303) lh      t1, -15(a3)
core   0: 3 0x80000ce0 (0xff169303) x 6 0xfffff8f9 mem 0x80012642
core   0: 0x80000ce4 (0x01170a23) sb      a7, 20(a4)
core   0: 3 0x80000ce4 (0x01170a23) mem 0x800122e4 0xa7
core   0: 0x80000ce8 (0xf9991383) lh      t2, -103(s2)
core   0: 3 0x80000ce8 (0xf9991383) x 7 0xffff8889 mem 0x800126d2
core   0: 0x80000cec (0x00012297) auipc   t0, 0x12
core   0: 3 0x80000cec (0x00012297) x 5 0x80012cec
core   0: 0x80000cf0 (0x9f428293) addi    t0, t0, -1548
core   0: 3 0x80000cf0 (0x9f428293) x 5 0x800126e0
core   0: 0x80000cf4 (0xf4792483) lw      s1, -185(s2)
core   0: 3 0x80000cf4 (0xf4792483) x 9 0x38393a3b mem 0x80012680
core   0: 0x80000cf8 (0xffa68a23) sb      s10, -12(a3)
core   0: 3 0x80000cf8 (0xffa68a23) mem 0x80012645 0x44
core   0: 0x80000cfc (0xfd374583) lbu     a1, -45(a4)
core   0: 3 0x80000cfc (0xfd374583) x11 0x00000058 mem 0x800122a3
core   0: 0x80000d00 (0xc7c2d503) lhu     a0, -900(t0)
core   0: 3 0x80000d00 (0xc7c2d503) x10 0x00001617 mem 0x8001235c
core   0: 0x80000d04 (0xfd792a83) lw      s5, -41(s2)
core   0: 3 0x80000d04 (0xfd792a83) x21 0xc8c9cacb mem 0x80012710
core   0: 0x80000d08 (0xa302d883) lhu     a7, -1488(t0)
core   0: 3 0x80000d08 (0xa302d883) x17 0x0000cacb mem 0x80012110
core   0: 0x80000d0c (0x69628d03) lb      s10, 1686(t0)
core   0: 3 0x80000d0c (0x69628d03) x26 0x0000002d mem 0x80012d76
core   0: 0x80000d10 (0xfee708a3) sb      a4, -15(a4)
core   0: 3 0x80000d10 (0xfee708a3) mem 0x800122c1 0xd0
core   0: 0x80000d14 (0xff3f8aa3) sb      s3, -11(t6)
core   0: 3 0x80000d14 (0xff3f8aa3) mem 0x80012ac5 0x9c
core   0: 0x80000d18 (0xfce29f03) lh      t5, -50(t0)
core   0: 3 0x80000d18 (0xfce29f03) x30 0x00006465 mem 0x800126ae
core   0: 0x80000d1c (0x00370d83) lb      s11, 3(a4)
core   0: 3 0x80000d1c (0x00370d83) x27 0xffffff88 mem 0x800122d3
core   0: 0x80000d20 (0x025fa223) sw      t0, 36(t6)
core   0: 3 0x80000d20 (0x025fa223) mem 0x80012af4 0x800126e0
core   0: 0x80000d24 (0xffa70603) lb      a2, -6(a4)
core   0: 3 0x80000d24 (0xffa70603) x12 0xffffff81 mem 0x800122ca
core   0: 0x80000d28 (0xff16c603) lbu     a2, -15(a3)
core   0: 3 0x80000d28 (0xff16c603) x12 0x000000f9 mem 0x80012642
core   0: 0x80000d2c (0x0056d783) lhu     a5, 5(a3)
core   0: 3 0x80000d2c (0x0056d783) x15 0x00000c0d mem 0x80012656
core   0: 0x80000d30 (0xf7d90583) lb      a1, -131(s2)
core   0: 3 0x80000d30 (0xf7d90583) x11 0x0000006d mem 0x800126b6
core   0: 0x80000d34 (0xe5528103) lb      sp, -427(t0)
core   0: 3 0x80000d34 (0xe5528103) x 2 0xffffffee mem 0x80012535
core   0: 0x80000d38 (0xfd275f03) lhu     t5, -46(a4)
core   0: 3 0x80000d38 (0xfd275f03) x30 0x00005859 mem 0x800122a2
core   0: 0x80000d3c (0xdeb2cc83) lbu     s9, -533(t0)
core   0: 3 0x80000d3c (0xdeb2cc83) x25 0x00000080 mem 0x800124cb
core   0: 0x80000d40 (0xf4890823) sb      s0, -176(s2)
core   0: 3 0x80000d40 (0xf4890823) mem 0x80012689 0x11
core   0: 0x80000d44 (0xfe0fcf03) lbu     t5, -32(t6)
core   0: 3 0x80000d44 (0xfe0fcf03) x30 0x0000006b mem 0x80012ab0
core   0: 0x80000d48 (0xffe6cd83) lbu     s11, -2(a3)
core   0: 3 0x80000d48 (0xffe6cd83) x27 0x00000004 mem 0x8001264f
core   0: 0x80000d4c (0xffcf8ea3) sb      t3, -3(t6)
core   0: 3 0x80000d4c (0xffcf8ea3) mem 0x80012acd 0x1
core   0: 0x80000d50 (0x00768f03) lb      t5, 7(a3)
core   0: 3 0x80000d50 (0x00768f03) x30 0x00000013 mem 0x80012658
core   0: 0x80000d54 (0x08690b83) lb      s7, 134(s2)
core   0: 3 0x80000d54 (0x08690b83) x23 0x00000074 mem 0x800127bf
core   0: 0x80000d58 (0xee02ab83) lw      s7, -288(t0)
core   0: 3 0x80000d58 (0xee02ab83) x23 0x78797a7b mem 0x800125c0
core   0: 0x80000d5c (0xf2790a23) sb      t2, -204(s2)
core   0: 3 0x80000d5c (0xf2790a23) mem 0x8001266d 0x89
core   0: 0x80000d60 (0xfe268ca3) sb      sp, -7(a3)
core   0: 3 0x80000d60 (0xfe268ca3) mem 0x8001264a 0xee
core   0: 0x80000d64 (0xb3128c83) lb      s9, -1231(t0)
core   0: 3 0x80000d64 (0xb3128c83) x25 0xffffffca mem 0x80012211
core   0: 0x80000d68 (0x02770723) sb      t2, 46(a4)
core   0: 3 0x80000d68 (0x02770723) mem 0x800122fe 0x89
core   0: 0x80000d6c (0x2a928fa3) sb      s1, 703(t0)
core   0: 3 0x80000d6c (0x2a928fa3) mem 0x8001299f 0x3b
core   0: 0x80000d70 (0x00d69c03) lh      s8, 13(a3)
core   0: 3 0x80000d70 (0x00d69c03) x24 0x00001415 mem 0x8001265e
core   0: 0x80000d74 (0xfec72823) sw      a2, -16(a4)
core   0: 3 0x80000d74 (0xfec72823) mem 0x800122c0 0x000000f9
core   0: 0x80000d78 (0x00dfcd83) lbu     s11, 13(t6)
core   0: 3 0x80000d78 (0x00dfcd83) x27 0x00000096 mem 0x80012add
core   0: 0x80000d7c (0x00cf8f23) sb      a2, 30(t6)
core   0: 3 0x80000d7c (0x00cf8f23) mem 0x80012aee 0xf9
core   0: 0x80000d80 (0x00d6d383) lhu     t2, 13(a3)
core   0: 3 0x80000d80 (0x00d6d383) x 7 0x00001415 mem 0x8001265e
core   0: 0x80000d84 (0x0f390c23) sb      s3, 248(s2)
core   0: 3 0x80000d84 (0x0f390c23) mem 0x80012831 0x9c
core   0: 0x80000d88 (0x02270b23) sb      sp, 54(a4)
core   0: 3 0x80000d88 (0x02270b23) mem 0x80012306 0xee
core   0: 0x80000d8c (0x00568303) lb      t1, 5(a3)
core   0: 3 0x80000d8c (0x00568303) x 6 0x0000000d mem 0x80012656
core   0: 0x80000d90 (0x1432c803) lbu     a6, 323(t0)
core   0: 3 0x80000d90 (0x1432c803) x16 0x000000d8 mem 0x80012823
core   0: 0x80000d94 (0xf2a90403) lb      s0, -214(s2)
core   0: 3 0x80000d94 (0xf2a90403) x 8 0x00000018 mem 0x80012663
core   0: 0x80000d98 (0x00014317) auipc   t1, 0x14
core   0: 3 0x80000d98 (0x00014317) x 6 0x80014d98
core   0: 0x80000d9c (0xc8530313) addi    t1, t1, -891
core   0: 3 0x80000d9c (0xc8530313) x 6 0x80014a1d
core   0: 0x80000da0 (0x00012397) auipc   t2, 0x12
core   0: 3 0x80000da0 (0x00012397) x 7 0x80012da0
core   0: 0x80000da4 (0xb6a38393) addi    t2, t2, -1174
core   0: 3 0x80000da4 (0xb6a38393) x 7 0x8001290a
core   0: 0x80000da8 (0xfe830a23) sb      s0, -12(t1)
core   0: 3 0x80000da8 (0xfe830a23) mem 0x80014a11 0x18
core   0: 0x80000dac (0x00434683) lbu     a3, 4(t1)
core   0: 3 0x80000dac (0x00434683) x13 0x000000da mem 0x80014a21
core   0: 0x80000db0 (0x0f43df83) lhu     t6, 244(t2)
core   0: 3 0x80000db0 (0x0f43df83) x31 0x000021b5 mem 0x800129fe
core   0: 0x80000db4 (0x0f438c23) sb      s4, 248(t2)
core   0: 3 0x80000db4 (0x0f438c23) mem 0x80012a02 0x0
core   0: 0x80000db8 (0xff830903) lb      s2, -8(t1)
core   0: 3 0x80000db8 (0xff830903) x18 0xffffffce mem 0x80014a15
core   0: 0x80000dbc (0xff434c83) lbu     s9, -12(t1)
core   0: 3 0x80000dbc (0xff434c83) x25 0x00000018 mem 0x80014a11
core   0: 0x80000dc0 (0xfa43cf03) lbu     t5, -92(t2)
core   0: 3 0x80000dc0 (0xfa43cf03) x30 0x00000065 mem 0x800128ae
core   0: 0x80000dc4 (0x00430483) lb      s1, 4(t1)
core   0: 3 0x80000dc4 (0x00430483) x 9 0xffffffda mem 0x80014a21
core   0: 0x80000dc8 (0x01330623) sb      s3, 12(t1)
core   0: 3 0x80000dc8 (0x01330623) mem 0x80014a29 0x9c
core   0: 0x80000dcc (0x0bf384a3) sb      t6, 169(t2)
core   0: 3 0x80000dcc (0x0bf384a3) mem 0x800129b3 0xb5
core   0: 0x80000dd0 (0x00f31683) lh      a3, 15(t1)
core   0: 3 0x80000dd0 (0x00f31683) x13 0xffffe6e7 mem 0x80014a2c
core   0: 0x80000dd4 (0xff234c03) lbu     s8, -14(t1)
core   0: 3 0x80000dd4 (0xff234c03) x24 0x000000c4 mem 0x80014a0f
core   0: 0x80000dd8 (0xfec30e23) sb      a2, -4(t1)
core   0: 3 0x80000dd8 (0xfec30e23) mem 0x80014a19 0xf9
core   0: 0x80000ddc (0x00538603) lb      a2, 5(t2)
core   0: 3 0x80000ddc (0x00538603) x12 0xffffffc4 mem 0x8001290f
core   0: 0x80000de0 (0xffd30a23) sb      t4, -12(t1)
core   0: 3 0x80000de0 (0xffd30a23) mem 0x80014a11 0x0
core   0: 0x80000de4 (0x0e639b23) sh      t1, 246(t2)
core   0: 3 0x80000de4 (0x0e639b23) mem 0x80012a00 0x4a1d
core   0: 0x80000de8 (0x0001a197) auipc   gp, 0x1a
core   0: 3 0x80000de8 (0x0001a197) x 3 0x8001ade8
core   0: 0x80000dec (0x0ab18193) addi    gp, gp, 171
core   0: 3 0x80000dec (0x0ab18193) x 3 0x8001ae93
core   0: 0x80000df0 (0x00818a03) lb      s4, 8(gp)
core   0: 3 0x80000df0 (0x00818a03) x20 0x00000050 mem 0x8001ae9b
core   0: 0x80000df4 (0xff61ca03) lbu     s4, -10(gp)
core   0: 3 0x80000df4 (0xff61ca03) x20 0x00000042 mem 0x8001ae89
core   0: 0x80000df8 (0xfcf18fa3) sb      a5, -33(gp)
core   0: 3 0x80000df8 (0xfcf18fa3) mem 0x8001ae72 0xd
core   0: 0x80000dfc (0x148f8a17) auipc   s4, 0x148f8
core   0: 3 0x80000dfc (0x148f8a17) x20 0x948f8dfc
core   0: 0x80000e00 (0x6185ed93) ori     s11, a1, 1560
core   0: 3 0x80000e00 (0x6185ed93) x27 0x0000067d
core   0: 0x80000e04 (0x0191dd83) lhu     s11, 25(gp)
core   0: 3 0x80000e04 (0x0191dd83) x27 0x00006667 mem 0x8001aeac
core   0: 0x80000e08 (0xfc61cd83) lbu     s11, -58(gp)
core   0: 3 0x80000e08 (0xfc61cd83) x27 0x00000012 mem 0x8001ae59
core   0: 0x80000e0c (0x019de5b3) or      a1, s11, s9
core   0: 3 0x80000e0c (0x019de5b3) x11 0x0000001a
core   0: 0x80000e10 (0x0211cd83) lbu     s11, 33(gp)
core   0: 3 0x80000e10 (0x0211cd83) x27 0x0000006f mem 0x8001aeb4
core   0: 0x80000e14 (0x00f6edb3) or      s11, a3, a5
core   0: 3 0x80000e14 (0x00f6edb3) x27 0xffffeeef
core   0: 0x80000e18 (0x00000013) nop
core   0: 3 0x80000e18 (0x00000013)
core   0: 0x80000e1c (0x00000013) nop
core   0: 3 0x80000e1c (0x00000013)
core   0: 0x80000e20 (0x742d8d93) addi    s11, s11, 1858
core   0: 3 0x80000e20 (0x742d8d93) x27 0xfffff631
core   0: 0x80000e24 (0x01b59cb3) sll     s9, a1, s11
core   0: 3 0x80000e24 (0x01b59cb3) x25 0x00340000
core   0: 0x80000e28 (0x00b6e5b3) or      a1, a3, a1
core   0: 3 0x80000e28 (0x00b6e5b3) x11 0xffffe6ff
core   0: 0x80000e2c (0xff018683) lb      a3, -16(gp)
core   0: 3 0x80000e2c (0xff018683) x13 0x00000038 mem 0x8001ae83
core   0: 0x80000e30 (0x00b18d23) sb      a1, 26(gp)
core   0: 3 0x80000e30 (0x00b18d23) mem 0x8001aead 0xff
core   0: 0x80000e34 (0x01bdb7b3) sltu    a5, s11, s11
core   0: 3 0x80000e34 (0x01bdb7b3) x15 0x00000000
core   0: 0x80000e38 (0xfc61c683) lbu     a3, -58(gp)
core   0: 3 0x80000e38 (0xfc61c683) x13 0x00000012 mem 0x8001ae59
core   0: 0x80000e3c (0xff918c83) lb      s9, -7(gp)
core   0: 3 0x80000e3c (0xff918c83) x25 0x00000047 mem 0x8001ae8c
core   0: 0x80000e40 (0x019a35b3) sltu    a1, s4, s9
core   0: 3 0x80000e40 (0x019a35b3) x11 0x00000000
core   0: 0x80000e44 (0x02f18fa3) sb      a5, 63(gp)
core   0: 3 0x80000e44 (0x02f18fa3) mem 0x8001aed2 0x0
core   0: 0x80000e48 (0x04f18023) sb      a5, 64(gp)
core   0: 3 0x80000e48 (0x04f18023) mem 0x8001aed3 0x0
core   0: 0x80000e4c (0x01418223) sb      s4, 4(gp)
core   0: 3 0x80000e4c (0x01418223) mem 0x8001ae97 0xfc
core   0: 0x80000e50 (0x00000013) nop
core   0: 3 0x80000e50 (0x00000013)
core   0: 0x80000e54 (0xc6ba8a17) auipc   s4, 0xc6ba8
core   0: 3 0x80000e54 (0xc6ba8a17) x20 0x46ba8e54
core   0: 0x80000e58 (0x413a5a13) srai    s4, s4, 19
core   0: 3 0x80000e58 (0x413a5a13) x20 0x000008d7
core   0: 0x80000e5c (0x03b1dc83) lhu     s9, 59(gp)
core   0: 3 0x80000e5c (0x03b1dc83) x25 0x00008485 mem 0x8001aece
core   0: 0x80000e60 (0xff818a03) lb      s4, -8(gp)
core   0: 3 0x80000e60 (0xff818a03) x20 0x00000040 mem 0x8001ae8b
core   0: 0x80000e64 (0x01318783) lb      a5, 19(gp)
core   0: 3 0x80000e64 (0x01318783) x15 0x0000005d mem 0x8001aea6
core   0: 0x80000e68 (0xff618a03) lb      s4, -10(gp)
core   0: 3 0x80000e68 (0xff618a03) x20 0x00000042 mem 0x8001ae89
core   0: 0x80000e6c (0x03d18783) lb      a5, 61(gp)
core   0: 3 0x80000e6c (0x03d18783) x15 0xffffff8b mem 0x8001aed0
core   0: 0x80000e70 (0x01969a33) sll     s4, a3, s9
core   0: 3 0x80000e70 (0x01969a33) x20 0x00000240
core   0: 0x80000e74 (0x0091a683) lw      a3, 9(gp)
core   0: 3 0x80000e74 (0x0091a683) x13 0x54555657 mem 0x8001ae9c
core   0: 0x80000e78 (0xfe418d83) lb      s11, -28(gp)
core   0: 3 0x80000e78 (0xfe418d83) x27 0x0000002c mem 0x8001ae77
core   0: 0x80000e7c (0x00fd9a13) slli    s4, s11, 15
core   0: 3 0x80000e7c (0x00fd9a13) x20 0x00160000
core   0: 0x80000e80 (0x014184a3) sb      s4, 9(gp)
core   0: 3 0x80000e80 (0x014184a3) mem 0x8001ae9c 0x0
core   0: 0x80000e84 (0xfef1a6a3) sw      a5, -19(gp)
core   0: 3 0x80000e84 (0xfef1a6a3) mem 0x8001ae80 0xffffff8b
core   0: 0x80000e88 (0x0000100f) fence.i
core   0: 3 0x80000e88 (0x0000100f)
core   0: 0x80000e8c (0x03018783) lb      a5, 48(gp)
core   0: 3 0x80000e8c (0x03018783) x15 0x00000078 mem 0x8001aec3
core   0: 0x80000e90 (0xfdb18323) sb      s11, -58(gp)
core   0: 3 0x80000e90 (0xfdb18323) mem 0x8001ae59 0x2c
core   0: 0x80000e94 (0x7eb5e793) ori     a5, a1, 2027
core   0: 3 0x80000e94 (0x7eb5e793) x15 0x000007eb
core   0: 0x80000e98 (0x0271dd83) lhu     s11, 39(gp)
core   0: 3 0x80000e98 (0x0271dd83) x27 0x00007071 mem 0x8001aeba
core   0: 0x80000e9c (0x00d585b3) add     a1, a1, a3
core   0: 3 0x80000e9c (0x00d585b3) x11 0x54555657
core   0: 0x80000ea0 (0xfcb19c83) lh      s9, -53(gp)
core   0: 3 0x80000ea0 (0xfcb19c83) x25 0x00001415 mem 0x8001ae5e
core   0: 0x80000ea4 (0x00969793) slli    a5, a3, 9
core   0: 3 0x80000ea4 (0x00969793) x15 0xaaacae00
core   0: 0x80000ea8 (0xfd418683) lb      a3, -44(gp)
core   0: 3 0x80000ea8 (0xfd418683) x13 0x0000001c mem 0x8001ae67
core   0: 0x80000eac (0x0001ba17) auipc   s4, 0x1b
core   0: 3 0x80000eac (0x0001ba17) x20 0x8001beac
core   0: 0x80000eb0 (0x54ca0a13) addi    s4, s4, 1356
core   0: 3 0x80000eb0 (0x54ca0a13) x20 0x8001c3f8
core   0: 0x80000eb4 (0x008a0783) lb      a5, 8(s4)
core   0: 3 0x80000eb4 (0x008a0783) x15 0xffffffbb mem 0x8001c400
core   0: 0x80000eb8 (0x01982333) slt     t1, a6, s9
core   0: 3 0x80000eb8 (0x01982333) x 6 0x00000001
core   0: 0x80000ebc (0x00681333) sll     t1, a6, t1
core   0: 3 0x80000ebc (0x00681333) x 6 0x000001b0
core   0: 0x80000ec0 (0x3adc2cb7) lui     s9, 0x3adc2
core   0: 3 0x80000ec0 (0x3adc2cb7) x25 0x3adc2000
core   0: 0x80000ec4 (0x0147da93) srli    s5, a5, 20
core   0: 3 0x80000ec4 (0x0147da93) x21 0x00000fff
core   0: 0x80000ec8 (0x00685ab3) srl     s5, a6, t1
core   0: 3 0x80000ec8 (0x00685ab3) x21 0x00000000
core   0: 0x80000ecc (0x019a0123) sb      s9, 2(s4)
core   0: 3 0x80000ecc (0x019a0123) mem 0x8001c3fa 0x0
core   0: 0x80000ed0 (0x002a0783) lb      a5, 2(s4)
core   0: 3 0x80000ed0 (0x002a0783) x15 0x00000000 mem 0x8001c3fa
core   0: 0x80000ed4 (0x002a0783) lb      a5, 2(s4)
core   0: 3 0x80000ed4 (0x002a0783) x15 0x00000000 mem 0x8001c3fa
core   0: 0x80000ed8 (0x01937cb3) and     s9, t1, s9
core   0: 3 0x80000ed8 (0x01937cb3) x25 0x00000000
core   0: 0x80000edc (0x006a01a3) sb      t1, 3(s4)
core   0: 3 0x80000edc (0x006a01a3) mem 0x8001c3fb 0xb0
core   0: 0x80000ee0 (0x01831a93) slli    s5, t1, 24
core   0: 3 0x80000ee0 (0x01831a93) x21 0xb0000000
core   0: 0x80000ee4 (0x2d4ab793) sltiu   a5, s5, 724
core   0: 3 0x80000ee4 (0x2d4ab793) x15 0x00000000
core   0: 0x80000ee8 (0x015ac333) xor     t1, s5, s5
core   0: 3 0x80000ee8 (0x015ac333) x 6 0x00000000
core   0: 0x80000eec (0x015a1823) sh      s5, 16(s4)
core   0: 3 0x80000eec (0x015a1823) mem 0x8001c408 0x0000
core   0: 0x80000ef0 (0x0000100f) fence.i
core   0: 3 0x80000ef0 (0x0000100f)
core   0: 0x80000ef4 (0xffea0803) lb      a6, -2(s4)
core   0: 3 0x80000ef4 (0xffea0803) x16 0xffffffad mem 0x8001c3f6
core   0: 0x80000ef8 (0x00ca1803) lh      a6, 12(s4)
core   0: 3 0x80000ef8 (0x00ca1803) x16 0xffffbebf mem 0x8001c404
core   0: 0x80000efc (0x003a4703) lbu     a4, 3(s4)
core   0: 3 0x80000efc (0x003a4703) x14 0x000000b0 mem 0x8001c3fb
core   0: 0x80000f00 (0x01779793) slli    a5, a5, 23
core   0: 3 0x80000f00 (0x01779793) x15 0x00000000
core   0: 0x80000f04 (0xffaa1783) lh      a5, -6(s4)
core   0: 3 0x80000f04 (0xffaa1783) x15 0xffffa8a9 mem 0x8001c3f2
core   0: 0x80000f08 (0x405cd793) srai    a5, s9, 5
core   0: 3 0x80000f08 (0x405cd793) x15 0x00000000
core   0: 0x80000f0c (0xf3f77313) andi    t1, a4, -193
core   0: 3 0x80000f0c (0xf3f77313) x 6 0x00000030
core   0: 0x80000f10 (0x7037b813) sltiu   a6, a5, 1795
core   0: 3 0x80000f10 (0x7037b813) x16 0x00000001
core   0: 0x80000f14 (0xfffa0803) lb      a6, -1(s4)
core   0: 3 0x80000f14 (0xfffa0803) x16 0xffffffac mem 0x8001c3f7
core   0: 0x80000f18 (0x41a7d313) srai    t1, a5, 26
core   0: 3 0x80000f18 (0x41a7d313) x 6 0x00000000
core   0: 0x80000f1c (0x00ea05a3) sb      a4, 11(s4)
core   0: 3 0x80000f1c (0x00ea05a3) mem 0x8001c403 0xb0
core   0: 0x80000f20 (0x002a1783) lh      a5, 2(s4)
core   0: 3 0x80000f20 (0x002a1783) x15 0xffffb000 mem 0x8001c3fa
core   0: 0x80000f24 (0xff8a5803) lhu     a6, -8(s4)
core   0: 3 0x80000f24 (0xff8a5803) x16 0x0000aaab mem 0x8001c3f0
core   0: 0x80000f28 (0x009a4783) lbu     a5, 9(s4)
core   0: 3 0x80000f28 (0x009a4783) x15 0x000000ba mem 0x8001c401
core   0: 0x80000f2c (0x017a9813) slli    a6, s5, 23
core   0: 3 0x80000f2c (0x017a9813) x16 0x00000000
core   0: 0x80000f30 (0xffba4c83) lbu     s9, -5(s4)
core   0: 3 0x80000f30 (0xffba4c83) x25 0x000000a8 mem 0x8001c3f3
core   0: 0x80000f34 (0x00faeab3) or      s5, s5, a5
core   0: 3 0x80000f34 (0x00faeab3) x21 0xb00000ba
core   0: 0x80000f38 (0x01573cb3) sltu    s9, a4, s5
core   0: 3 0x80000f38 (0x01573cb3) x25 0x00000001
core   0: 0x80000f3c (0xff0a0aa3) sb      a6, -11(s4)
core   0: 3 0x80000f3c (0xff0a0aa3) mem 0x8001c3ed 0x0
core   0: 0x80000f40 (0xdda78793) addi    a5, a5, -550
core   0: 3 0x80000f40 (0xdda78793) x15 0xfffffe94
core   0: 0x80000f44 (0xff4a4803) lbu     a6, -12(s4)
core   0: 3 0x80000f44 (0xff4a4803) x16 0x000000a7 mem 0x8001c3ec
core   0: 0x80000f48 (0xff8a4803) lbu     a6, -8(s4)
core   0: 3 0x80000f48 (0xff8a4803) x16 0x000000ab mem 0x8001c3f0
core   0: 0x80000f4c (0x0067e7b3) or      a5, a5, t1
core   0: 3 0x80000f4c (0x0067e7b3) x15 0xfffffe94
core   0: 0x80000f50 (0x005a0303) lb      t1, 5(s4)
core   0: 3 0x80000f50 (0x005a0303) x 6 0xffffffb6 mem 0x8001c3fd
core   0: 0x80000f54 (0x00ba4303) lbu     t1, 11(s4)
core   0: 3 0x80000f54 (0x00ba4303) x 6 0x000000b0 mem 0x8001c403
core   0: 0x80000f58 (0xd5eaac93) slti    s9, s5, -674
core   0: 3 0x80000f58 (0xd5eaac93) x25 0x00000001
core   0: 0x80000f5c (0x4017d813) srai    a6, a5, 1
core   0: 3 0x80000f5c (0x4017d813) x16 0xffffff4a
core   0: 0x80000f60 (0x4067d833) sra     a6, a5, t1
core   0: 3 0x80000f60 (0x4067d833) x16 0xffffffff
core   0: 0x80000f64 (0x019a1723) sh      s9, 14(s4)
core   0: 3 0x80000f64 (0x019a1723) mem 0x8001c406 0x0001
core   0: 0x80000f68 (0x00018117) auipc   sp, 0x18
core   0: 3 0x80000f68 (0x00018117) x 2 0x80018f68
core   0: 0x80000f6c (0x20810113) addi    sp, sp, 520
core   0: 3 0x80000f6c (0x20810113) x 2 0x80019170
core   0: 0x80000f70 (0x0000100f) fence.i
core   0: 3 0x80000f70 (0x0000100f)
core   0: 0x80000f74 (0x01d107a3) sb      t4, 15(sp)
core   0: 3 0x80000f74 (0x01d107a3) mem 0x8001917f 0x0
core   0: 0x80000f78 (0xff710183) lb      gp, -9(sp)
core   0: 3 0x80000f78 (0xff710183) x 3 0x0000001c mem 0x80019167
core   0: 0x80000f7c (0x00d101a3) sb      a3, 3(sp)
core   0: 3 0x80000f7c (0x00d101a3) mem 0x80019173 0x1c
core   0: 0x80000f80 (0x01b12223) sw      s11, 4(sp)
core   0: 3 0x80000f80 (0x01b12223) mem 0x80019174 0x00007071
core   0: 0x80000f84 (0x01612223) sw      s6, 4(sp)
core   0: 3 0x80000f84 (0x01612223) mem 0x80019174 0x80027e64
core   0: 0x80000f88 (0x00410e03) lb      t3, 4(sp)
core   0: 3 0x80000f88 (0x00410e03) x28 0x00000064 mem 0x80019174
core   0: 0x80000f8c (0x00611d83) lh      s11, 6(sp)
core   0: 3 0x80000f8c (0x00611d83) x27 0xffff8002 mem 0x80019176
core   0: 0x80000f90 (0x00f5f033) and     zero, a1, a5
core   0: 3 0x80000f90 (0x00f5f033)
core   0: 0x80000f94 (0xff210b23) sb      s2, -10(sp)
core   0: 3 0x80000f94 (0xff210b23) mem 0x80019166 0xce
core   0: 0x80000f98 (0x01811423) sh      s8, 8(sp)
core   0: 3 0x80000f98 (0x01811423) mem 0x80019178 0x00c4
core   0: 0x80000f9c (0x01010d83) lb      s11, 16(sp)
core   0: 3 0x80000f9c (0x01010d83) x27 0x0000003b mem 0x80019180
core   0: 0x80000fa0 (0x40280a33) sub     s4, a6, sp
core   0: 3 0x80000fa0 (0x40280a33) x20 0x7ffe6e8f
core   0: 0x80000fa4 (0x018102a3) sb      s8, 5(sp)
core   0: 3 0x80000fa4 (0x018102a3) mem 0x80019175 0xc4
core   0: 0x80000fa8 (0x00514f03) lbu     t5, 5(sp)
core   0: 3 0x80000fa8 (0x00514f03) x30 0x000000c4 mem 0x80019175
core   0: 0x80000fac (0x00710503) lb      a0, 7(sp)
core   0: 3 0x80000fac (0x00710503) x10 0xffffff80 mem 0x80019177
core   0: 0x80000fb0 (0x00714303) lbu     t1, 7(sp)
core   0: 3 0x80000fb0 (0x00714303) x 6 0x00000080 mem 0x80019177
core   0: 0x80000fb4 (0x00e11003) lh      zero, 14(sp)
core   0: 3 0x80000fb4 (0x00e11003) mem 0x8001917e
core   0: 0x80000fb8 (0xff914a03) lbu     s4, -7(sp)
core   0: 3 0x80000fb8 (0xff914a03) x20 0x00000022 mem 0x80019169
core   0: 0x80000fbc (0x00021d97) auipc   s11, 0x21
core   0: 3 0x80000fbc (0x00021d97) x27 0x80021fbc
core   0: 0x80000fc0 (0xa4ad8d93) addi    s11, s11, -1462
core   0: 3 0x80000fc0 (0xa4ad8d93) x27 0x80021a06
core   0: 0x80000fc4 (0x0001e617) auipc   a2, 0x1e
core   0: 3 0x80000fc4 (0x0001e617) x12 0x8001efc4
core   0: 0x80000fc8 (0x79f60613) addi    a2, a2, 1951
core   0: 3 0x80000fc8 (0x79f60613) x12 0x8001f763
core   0: 0x80000fcc (0x0001a517) auipc   a0, 0x1a
core   0: 3 0x80000fcc (0x0001a517) x10 0x8001afcc
core   0: 0x80000fd0 (0x32550513) addi    a0, a0, 805
core   0: 3 0x80000fd0 (0x32550513) x10 0x8001b2f1
core   0: 0x80000fd4 (0xff860003) lb      zero, -8(a2)
core   0: 3 0x80000fd4 (0xff860003) mem 0x8001f75b
core   0: 0x80000fd8 (0x00951e83) lh      t4, 9(a0)
core   0: 3 0x80000fd8 (0x00951e83) x29 0xffffb0b1 mem 0x8001b2fa
core   0: 0x80000fdc (0x01a601a3) sb      s10, 3(a2)
core   0: 3 0x80000fdc (0x01a601a3) mem 0x8001f766 0x2d
core   0: 0x80000fe0 (0x00a60e03) lb      t3, 10(a2)
core   0: 3 0x80000fe0 (0x00a60e03) x28 0x00000026 mem 0x8001f76d
core   0: 0x80000fe4 (0x160dde03) lhu     t3, 352(s11)
core   0: 3 0x80000fe4 (0x160dde03) x28 0x00001c1d mem 0x80021b66
core   0: 0x80000fe8 (0xb6ad8da3) sb      a0, -1157(s11)
core   0: 3 0x80000fe8 (0xb6ad8da3) mem 0x80021581 0xf1
core   0: 0x80000fec (0xff561da3) sh      s5, -5(a2)
core   0: 3 0x80000fec (0xff561da3) mem 0x8001f75e 0x00ba
core   0: 0x80000ff0 (0x00f50223) sb      a5, 4(a0)
core   0: 3 0x80000ff0 (0x00f50223) mem 0x8001b2f5 0x94
core   0: 0x80000ff4 (0x00e60623) sb      a4, 12(a2)
core   0: 3 0x80000ff4 (0x00e60623) mem 0x8001f76f 0xb0
core   0: 0x80000ff8 (0x669d8c03) lb      s8, 1641(s11)
core   0: 3 0x80000ff8 (0x669d8c03) x24 0x00000024 mem 0x8002206f
core   0: 0x80000ffc (0x473dc083) lbu     ra, 1139(s11)
core   0: 3 0x80000ffc (0x473dc083) x 1 0x00000032 mem 0x80021e79
core   0: 0x80001000 (0xff364c03) lbu     s8, -13(a2)
core   0: 3 0x80001000 (0xff364c03) x24 0x0000000d mem 0x8001f756
core   0: 0x80001004 (0x00060483) lb      s1, 0(a2)
core   0: 3 0x80001004 (0x00060483) x 9 0x00000018 mem 0x8001f763
core   0: 0x80001008 (0xe9bdab23) sw      s11, -362(s11)
core   0: 3 0x80001008 (0xe9bdab23) mem 0x8002189c 0x80021a06
core   0: 0x8000100c (0x97fd8083) lb      ra, -1665(s11)
core   0: 3 0x8000100c (0x97fd8083) x 1 0x0000003e mem 0x80021385
core   0: 0x80001010 (0xb0adaf03) lw      t5, -1270(s11)
core   0: 3 0x80001010 (0xb0adaf03) x30 0xc8c9cacb mem 0x80021510
core   0: 0x80001014 (0xfe551da3) sh      t0, -5(a0)
core   0: 3 0x80001014 (0xfe551da3) mem 0x8001b2ec 0x26e0
core   0: 0x80001018 (0x3bad8f23) sb      s10, 958(s11)
core   0: 3 0x80001018 (0x3bad8f23) mem 0x80021dc4 0x2d
core   0: 0x8000101c (0xe16da523) sw      s6, -502(s11)
core   0: 3 0x8000101c (0xe16da523) mem 0x80021810 0x80027e64
core   0: 0x80001020 (0x7fddc283) lbu     t0, 2045(s11)
core   0: 3 0x80001020 (0x7fddc283) x 5 0x000000b8 mem 0x80022203
core   0: 0x80001024 (0x01060103) lb      sp, 16(a2)
core   0: 3 0x80001024 (0x01060103) x 2 0x00000028 mem 0x8001f773
core   0: 0x80001028 (0x03454f03) lbu     t5, 52(a0)
core   0: 3 0x80001028 (0x03454f03) x30 0x000000de mem 0x8001b325
core   0: 0x8000102c (0xfe054183) lbu     gp, -32(a0)
core   0: 3 0x8000102c (0xfe054183) x 3 0x0000008a mem 0x8001b2d1
core   0: 0x80001030 (0x0001f717) auipc   a4, 0x1f
core   0: 3 0x80001030 (0x0001f717) x14 0x80020030
core   0: 0x80001034 (0x6fe70713) addi    a4, a4, 1790
core   0: 3 0x80001034 (0x6fe70713) x14 0x8002072e
core   0: 0x80001038 (0xe7271283) lh      t0, -398(a4)
core   0: 3 0x80001038 (0xe7271283) x 5 0x00005a5b mem 0x800205a0
core   0: 0x8000103c (0x00011e97) auipc   t4, 0x11
core   0: 3 0x8000103c (0x00011e97) x29 0x8001203c
core   0: 0x80001040 (0x4c9e8e93) addi    t4, t4, 1225
core   0: 3 0x80001040 (0x4c9e8e93) x29 0x80012505
core   0: 0x80001044 (0x9eb70e23) sb      a1, -1540(a4)
core   0: 3 0x80001044 (0x9eb70e23) mem 0x8002012a 0x57
core   0: 0x80001048 (0x45771a23) sh      s7, 1108(a4)
core   0: 3 0x80001048 (0x45771a23) mem 0x80020b82 0x7a7b
core   0: 0x8000104c (0x2b675283) lhu     t0, 694(a4)
core   0: 3 0x8000104c (0x2b675283) x 5 0x00009e9f mem 0x800209e4
core   0: 0x80001050 (0xcca70aa3) sb      a0, -811(a4)
core   0: 3 0x80001050 (0xcca70aa3) mem 0x80020403 0xf1
core   0: 0x80001054 (0xf82ec003) lbu     zero, -126(t4)
core   0: 3 0x80001054 (0xf82ec003) mem 0x80012487
core   0: 0x80001058 (0xfeeec683) lbu     a3, -18(t4)
core   0: 3 0x80001058 (0xfeeec683) x13 0x000000a8 mem 0x800124f3
core   0: 0x8000105c (0x5cd70603) lb      a2, 1485(a4)
core   0: 3 0x8000105c (0x5cd70603) x12 0xffffffb0 mem 0x80020cfb
core   0: 0x80001060 (0x0c2e8483) lb      s1, 194(t4)
core   0: 3 0x80001060 (0x0c2e8483) x 9 0x0000007c mem 0x800125c7
core   0: 0x80001064 (0x034ec583) lbu     a1, 52(t4)
core   0: 3 0x80001064 (0x034ec583) x11 0x000000f2 mem 0x80012539
core   0: 0x80001068 (0x44970a23) sb      s1, 1108(a4)
core   0: 3 0x80001068 (0x44970a23) mem 0x80020b82 0x7c
core   0: 0x8000106c (0x0f9e9e03) lh      t3, 249(t4)
core   0: 3 0x8000106c (0x0f9e9e03) x28 0xffffb4b5 mem 0x800125fe
core   0: 0x80001070 (0x80974f03) lbu     t5, -2039(a4)
core   0: 3 0x80001070 (0x80974f03) x30 0x000000ec mem 0x8001ff37
core   0: 0x80001074 (0x00100e93) li      t4, 1
core   0: 3 0x80001074 (0x00100e93) x29 0x00000001
core   0: 0x80001078 (0x4ed26b93) ori     s7, tp, 1261
core   0: 3 0x80001078 (0x4ed26b93) x23 0x8002bced
core   0: 0x8000107c (0xe461cd13) xori    s10, gp, -442
core   0: 3 0x8000107c (0xe461cd13) x26 0xfffffecc
core   0: 0x80001080 (0xfff00093) li      ra, -1
core   0: 3 0x80001080 (0xfff00093) x 1 0xffffffff
core   0: 0x80001084 (0x012203b3) add     t2, tp, s2
core   0: 3 0x80001084 (0x012203b3) x 7 0x8002bcb2
core   0: 0x80001088 (0x01839d33) sll     s10, t2, s8
core   0: 3 0x80001088 (0x01839d33) x26 0x57964000
core   0: 0x8000108c (0xa9aafa13) andi    s4, s5, -1382
core   0: 3 0x8000108c (0xa9aafa13) x20 0xb000009a
core   0: 0x80001090 (0xffee8e93) addi    t4, t4, -2
core   0: 3 0x80001090 (0xffee8e93) x29 0xffffffff
core   0: 0x80001094 (0x00303033) snez    zero, gp
core   0: 3 0x80001094 (0x00303033)
core   0: 0x80001098 (0x030f4693) xori    a3, t5, 48
core   0: 3 0x80001098 (0x030f4693) x13 0x000000dc
core   0: 0x8000109c (0x00282f33) slt     t5, a6, sp
core   0: 3 0x8000109c (0x00282f33) x30 0x00000001
core   0: 0x800010a0 (0x0000100f) fence.i
core   0: 3 0x800010a0 (0x0000100f)
core   0: 0x800010a4 (0xfe1e94e3) bne     t4, ra, pc - 24
core   0: 3 0x800010a4 (0xfe1e94e3)
core   0: 0x800010a8 (0x41d0d813) srai    a6, ra, 29
core   0: 3 0x800010a8 (0x41d0d813) x16 0xffffffff
core   0: 0x800010ac (0x02c0036f) jal     t1, pc + 0x2c
core   0: 3 0x800010ac (0x02c0036f) x 6 0x800010b0
core   0: 0x800010d8 (0x00c0036f) jal     t1, pc + 0xc
core   0: 3 0x800010d8 (0x00c0036f) x 6 0x800010dc
core   0: 0x800010e4 (0xfd9ff6ef) jal     a3, pc - 0x28
core   0: 3 0x800010e4 (0xfd9ff6ef) x13 0x800010e8
core   0: 0x800010bc (0x00400e6f) jal     t3, pc + 0x4
core   0: 3 0x800010bc (0x00400e6f) x28 0x800010c0
core   0: 0x800010c0 (0xff5ff0ef) jal     pc - 0xc
core   0: 3 0x800010c0 (0xff5ff0ef) x 1 0x800010c4
core   0: 0x800010b4 (0x034000ef) jal     pc + 0x34
core   0: 3 0x800010b4 (0x034000ef) x 1 0x800010b8
core   0: 0x800010e8 (0xfe5ff8ef) jal     a7, pc - 0x1c
core   0: 3 0x800010e8 (0xfe5ff8ef) x17 0x800010ec
core   0: 0x800010cc (0x004000ef) jal     pc + 0x4
core   0: 3 0x800010cc (0x004000ef) x 1 0x800010d0
core   0: 0x800010d0 (0x02c000ef) jal     pc + 0x2c
core   0: 3 0x800010d0 (0x02c000ef) x 1 0x800010d4
core   0: 0x800010fc (0xfe5ff0ef) jal     pc - 0x1c
core   0: 3 0x800010fc (0xfe5ff0ef) x 1 0x80001100
core   0: 0x800010e0 (0x00c000ef) jal     pc + 0xc
core   0: 3 0x800010e0 (0x00c000ef) x 1 0x800010e4
core   0: 0x800010ec (0x0140036f) jal     t1, pc + 0x14
core   0: 3 0x800010ec (0x0140036f) x 6 0x800010f0
core   0: 0x80001100 (0xff5ff0ef) jal     pc - 0xc
core   0: 3 0x80001100 (0xff5ff0ef) x 1 0x80001104
core   0: 0x800010f4 (0xfd1fff6f) jal     t5, pc - 0x30
core   0: 3 0x800010f4 (0xfd1fff6f) x30 0x800010f8
core   0: 0x800010c4 (0x018000ef) jal     pc + 0x18
core   0: 3 0x800010c4 (0x018000ef) x 1 0x800010c8
core   0: 0x800010dc (0x014000ef) jal     pc + 0x14
core   0: 3 0x800010dc (0x014000ef) x 1 0x800010e0
core   0: 0x800010f0 (0x0080036f) jal     t1, pc + 0x8
core   0: 3 0x800010f0 (0x0080036f) x 6 0x800010f4
core   0: 0x800010f8 (0xfb9ffe6f) jal     t3, pc - 0x48
core   0: 3 0x800010f8 (0xfb9ffe6f) x28 0x800010fc
core   0: 0x800010b0 (0x008005ef) jal     a1, pc + 0x8
core   0: 3 0x800010b0 (0x008005ef) x11 0x800010b4
core   0: 0x800010b8 (0x01c000ef) jal     pc + 0x1c
core   0: 3 0x800010b8 (0x01c000ef) x 1 0x800010bc
core   0: 0x800010d4 (0xff5ff0ef) jal     pc - 0xc
core   0: 3 0x800010d4 (0xff5ff0ef) x 1 0x800010d8
core   0: 0x800010c8 (0x03c003ef) jal     t2, pc + 0x3c
core   0: 3 0x800010c8 (0x03c003ef) x 7 0x800010cc
core   0: 0x80001104 (0x0117cbb3) xor     s7, a5, a7
core   0: 3 0x80001104 (0x0117cbb3) x23 0x7fffee78
core   0: 0x80001108 (0x0001ad17) auipc   s10, 0x1a
core   0: 3 0x80001108 (0x0001ad17) x26 0x8001b108
core   0: 0x8000110c (0x190d0d13) addi    s10, s10, 400
core   0: 3 0x8000110c (0x190d0d13) x26 0x8001b298
core   0: 0x80001110 (0x01382ab3) slt     s5, a6, s3
core   0: 3 0x80001110 (0x01382ab3) x21 0x00000000
core   0: 0x80001114 (0x0ff0000f) fence   iorw,iorw
core   0: 3 0x80001114 (0x0ff0000f)
core   0: 0x80001118 (0x014f1193) slli    gp, t5, 20
core   0: 3 0x80001118 (0x014f1193) x 3 0x0f800000
core   0: 0x8000111c (0xe16e4337) lui     t1, 0xe16e4
core   0: 3 0x8000111c (0xe16e4337) x 6 0xe16e4000
core   0: 0x80001120 (0x41fc5813) srai    a6, s8, 31
core   0: 3 0x80001120 (0x41fc5813) x16 0x00000000
core   0: 0x80001124 (0xfe9d4783) lbu     a5, -23(s10)
core   0: 3 0x80001124 (0xfe9d4783) x15 0x0000003a mem 0x8001b281
core   0: 0x80001128 (0x011d0923) sb      a7, 18(s10)
core   0: 3 0x80001128 (0x011d0923) mem 0x8001b2aa 0xec
core   0: 0x8000112c (0x01cd1d83) lh      s11, 28(s10)
core   0: 3 0x8000112c (0x01cd1d83) x27 0x00006e6f mem 0x8001b2b4
core   0: 0x80001130 (0x004d5e33) srl     t3, s10, tp
core   0: 3 0x80001130 (0x004d5e33) x28 0x08001b29
core   0: 0x80001134 (0x00b95ab3) srl     s5, s2, a1
core   0: 3 0x80001134 (0x00b95ab3) x21 0x00000fff
core   0: 0x80001138 (0x33147713) andi    a4, s0, 817
core   0: 3 0x80001138 (0x33147713) x14 0x00000010
core   0: 0x8000113c (0x02fd0b83) lb      s7, 47(s10)
core   0: 3 0x8000113c (0x02fd0b83) x23 0x0000007c mem 0x8001b2c7
core   0: 0x80001140 (0xfffd2e23) sw      t6, -4(s10)
core   0: 3 0x80001140 (0xfffd2e23) mem 0x8001b294 0x000021b5
core   0: 0x80001144 (0x402552b3) sra     t0, a0, sp
core   0: 3 0x80001144 (0x402552b3) x 5 0xff8001b2
core   0: 0x80001148 (0x00000013) nop
core   0: 3 0x80001148 (0x00000013)
core   0: 0x8000114c (0x407f5793) srai    a5, t5, 7
core   0: 3 0x8000114c (0x407f5793) x15 0xff000021
core   0: 0x80001150 (0x002d0f23) sb      sp, 30(s10)
core   0: 3 0x80001150 (0x002d0f23) mem 0x8001b2b6 0x28
core   0: 0x80001154 (0x0ff0000f) fence   iorw,iorw
core   0: 3 0x80001154 (0x0ff0000f)
core   0: 0x80001158 (0xfe1d0703) lb      a4, -31(s10)
core   0: 3 0x80001158 (0xfe1d0703) x14 0x00000032 mem 0x8001b279
core   0: 0x8000115c (0x005617b3) sll     a5, a2, t0
core   0: 3 0x8000115c (0x005617b3) x15 0xfec00000
core   0: 0x80001160 (0x83837897) auipc   a7, 0x83837
core   0: 3 0x80001160 (0x83837897) x17 0x03838160
core   0: 0x80001164 (0x0000100f) fence.i
core   0: 3 0x80001164 (0x0000100f)
core   0: 0x80001168 (0x003d4b83) lbu     s7, 3(s10)
core   0: 3 0x80001168 (0x003d4b83) x23 0x00000050 mem 0x8001b29b
core   0: 0x8000116c (0x418b5493) srai    s1, s6, 24
core   0: 3 0x8000116c (0x418b5493) x 9 0xffffff80
core   0: 0x80001170 (0x021d0923) sb      ra, 50(s10)
core   0: 3 0x80001170 (0x021d0923) mem 0x8001b2ca 0xd8
core   0: 0x80001174 (0xd0196013) ori     zero, s2, -767
core   0: 3 0x80001174 (0xd0196013)
core   0: 0x80001178 (0x024d2783) lw      a5, 36(s10)
core   0: 3 0x80001178 (0x024d2783) x15 0x74757677 mem 0x8001b2bc
core   0: 0x8000117c (0x00bf67b3) or      a5, t5, a1
core   0: 3 0x8000117c (0x00bf67b3) x15 0x800010fc
core   0: 0x80001180 (0x9bb40193) addi    gp, s0, -1605
core   0: 3 0x80001180 (0x9bb40193) x 3 0xfffff9d3
core   0: 0x80001184 (0x00a92833) slt     a6, s2, a0
core   0: 3 0x80001184 (0x00a92833) x16 0x00000000
core   0: 0x80001188 (0xfd5d0483) lb      s1, -43(s10)
core   0: 3 0x80001188 (0xfd5d0483) x 9 0x00000026 mem 0x8001b26d
core   0: 0x8000118c (0xff8d5483) lhu     s1, -8(s10)
core   0: 3 0x8000118c (0xff8d5483) x 9 0x00004a4b mem 0x8001b290
core   0: 0x80001190 (0xfdbd05a3) sb      s11, -53(s10)
core   0: 3 0x80001190 (0xfdbd05a3) mem 0x8001b263 0x6f
core   0: 0x80001194 (0x02dd4903) lbu     s2, 45(s10)
core   0: 3 0x80001194 (0x02dd4903) x18 0x0000007e mem 0x8001b2c5
core   0: 0x80001198 (0x0001b117) auipc   sp, 0x1b
core   0: 3 0x80001198 (0x0001b117) x 2 0x8001c198
core   0: 0x8000119c (0x8f110113) addi    sp, sp, -1807
core   0: 3 0x8000119c (0x8f110113) x 2 0x8001ba89
core   0: 0x800011a0 (0xff710b23) sb      s7, -10(sp)
core   0: 3 0x800011a0 (0xff710b23) mem 0x8001ba7f 0x50
core   0: 0x800011a4 (0x0063c433) xor     s0, t2, t1
core   0: 3 0x800011a4 (0x0063c433) x 8 0x616e50cc
core   0: 0x800011a8 (0xff410603) lb      a2, -12(sp)
core   0: 3 0x800011a8 (0xff410603) x12 0x00000036 mem 0x8001ba7d
core   0: 0x800011ac (0xfeb10aa3) sb      a1, -11(sp)
core   0: 3 0x800011ac (0xfeb10aa3) mem 0x8001ba7e 0xb4
core   0: 0x800011b0 (0x01010e83) lb      t4, 16(sp)
core   0: 3 0x800011b0 (0x01010e83) x29 0x00000052 mem 0x8001ba99
core   0: 0x800011b4 (0x00d110a3) sh      a3, 1(sp)
core   0: 3 0x800011b4 (0x00d110a3) mem 0x8001ba8a 0x10e8
core   0: 0x800011b8 (0x20cef893) andi    a7, t4, 524
core   0: 3 0x800011b8 (0x20cef893) x17 0x00000000
core   0: 0x800011bc (0x00610b83) lb      s7, 6(sp)
core   0: 3 0x800011bc (0x00610b83) x23 0x00000044 mem 0x8001ba8f
core   0: 0x800011c0 (0xff014c83) lbu     s9, -16(sp)
core   0: 3 0x800011c0 (0xff014c83) x25 0x00000032 mem 0x8001ba79
core   0: 0x800011c4 (0xf39e3a13) sltiu   s4, t3, -199
core   0: 3 0x800011c4 (0xf39e3a13) x20 0x00000001
core   0: 0x800011c8 (0x00c14c83) lbu     s9, 12(sp)
core   0: 3 0x800011c8 (0x00c14c83) x25 0x0000004e mem 0x8001ba95
core   0: 0x800011cc (0xffb10ea3) sb      s11, -3(sp)
core   0: 3 0x800011cc (0xffb10ea3) mem 0x8001ba86 0x6f
core   0: 0x800011d0 (0xf68c1f37) lui     t5, 0xf68c1
core   0: 3 0x800011d0 (0xf68c1f37) x30 0xf68c1000
core   0: 0x800011d4 (0xf740c937) lui     s2, 0xf740c
core   0: 3 0x800011d4 (0xf740c937) x18 0xf740c000
core   0: 0x800011d8 (0xfeb10d23) sb      a1, -6(sp)
core   0: 3 0x800011d8 (0xfeb10d23) mem 0x8001ba83 0xb4
core   0: 0x800011dc (0x40bd0cb3) sub     s9, s10, a1
core   0: 3 0x800011dc (0x40bd0cb3) x25 0x0001a1e4
core   0: 0x800011e0 (0xff714183) lbu     gp, -9(sp)
core   0: 3 0x800011e0 (0xff714183) x 3 0x0000003b mem 0x8001ba80
core   0: 0x800011e4 (0x412fdbb3) sra     s7, t6, s2
core   0: 3 0x800011e4 (0x412fdbb3) x23 0x000021b5
core   0: 0x800011e8 (0x411ada13) srai    s4, s5, 17
core   0: 3 0x800011e8 (0x411ada13) x20 0x00000000
core   0: 0x800011ec (0x00310583) lb      a1, 3(sp)
core   0: 3 0x800011ec (0x00310583) x11 0x00000047 mem 0x8001ba8c
core   0: 0x800011f0 (0x00e2fd33) and     s10, t0, a4
core   0: 3 0x800011f0 (0x00e2fd33) x26 0x00000032
core   0: 0x800011f4 (0xff010883) lb      a7, -16(sp)
core   0: 3 0x800011f4 (0xff010883) x17 0x00000032 mem 0x8001ba79
core   0: 0x800011f8 (0xff414e03) lbu     t3, -12(sp)
core   0: 3 0x800011f8 (0xff414e03) x28 0x00000036 mem 0x8001ba7d
core   0: 0x800011fc (0xff312183) lw      gp, -13(sp)
core   0: 3 0x800011fc (0xff312183) x 3 0x50b43637 mem 0x8001ba7c
core   0: 0x80001200 (0x0123fcb3) and     s9, t2, s2
core   0: 3 0x80001200 (0x0123fcb3) x25 0x80000000
core   0: 0x80001204 (0xfff14f03) lbu     t5, -1(sp)
core   0: 3 0x80001204 (0xfff14f03) x30 0x00000043 mem 0x8001ba88
core   0: 0x80001208 (0x76ba9197) auipc   gp, 0x76ba9
core   0: 3 0x80001208 (0x76ba9197) x 3 0xf6baa208
core   0: 0x8000120c (0x0ff0000f) fence   iorw,iorw
core   0: 3 0x8000120c (0x0ff0000f)
core   0: 0x80001210 (0x00414703) lbu     a4, 4(sp)
core   0: 3 0x80001210 (0x00414703) x14 0x00000046 mem 0x8001ba8d
core   0: 0x80001214 (0x00000013) nop
core   0: 3 0x80001214 (0x00000013)
core   0: 0x80001218 (0x0ff0000f) fence   iorw,iorw
core   0: 3 0x80001218 (0x0ff0000f)
core   0: 0x8000121c (0x7ec60e13) addi    t3, a2, 2028
core   0: 3 0x8000121c (0x7ec60e13) x28 0x00000822
core   0: 0x80001220 (0x00514b83) lbu     s7, 5(sp)
core   0: 3 0x80001220 (0x00514b83) x23 0x00000045 mem 0x8001ba8e
core   0: 0x80001224 (0x00ea31b3) sltu    gp, s4, a4
core   0: 3 0x80001224 (0x00ea31b3) x 3 0x00000001
core   0: 0x80001228 (0x019116a3) sh      s9, 13(sp)
core   0: 3 0x80001228 (0x019116a3) mem 0x8001ba96 0x0000
core   0: 0x8000122c (0xff115003) lhu     zero, -15(sp)
core   0: 3 0x8000122c (0xff115003) mem 0x8001ba7a
core   0: 0x80001230 (0x0134e2b3) or      t0, s1, s3
core   0: 3 0x80001230 (0x0134e2b3) x 5 0xfe64eedf
core   0: 0x80001234 (0xffd14a83) lbu     s5, -3(sp)
core   0: 3 0x80001234 (0xffd14a83) x21 0x0000006f mem 0x8001ba86
core   0: 0x80001238 (0x004127a3) sw      tp, 15(sp)
core   0: 3 0x80001238 (0x004127a3) mem 0x8001ba98 0x8002bce4
core   0: 0x8000123c (0x419bd913) srai    s2, s7, 25
core   0: 3 0x8000123c (0x419bd913) x18 0x00000000
core   0: 0x80001240 (0x408d5b93) srai    s7, s10, 8
core   0: 3 0x80001240 (0x408d5b93) x23 0x00000000
core   0: 0x80001244 (0x00000013) nop
core   0: 3 0x80001244 (0x00000013)
core   0: 0x80001248 (0x015efc33) and     s8, t4, s5
core   0: 3 0x80001248 (0x015efc33) x24 0x00000042
core   0: 0x8000124c (0x0073ac33) slt     s8, t2, t2
core   0: 3 0x8000124c (0x0073ac33) x24 0x00000000
core   0: 0x80001250 (0x400e0433) sub     s0, t3, zero
core   0: 3 0x80001250 (0x400e0433) x 8 0x00000822
core   0: 0x80001254 (0x01b10423) sb      s11, 8(sp)
core   0: 3 0x80001254 (0x01b10423) mem 0x8001ba91 0x6f
core   0: 0x80001258 (0x013ad733) srl     a4, s5, s3
core   0: 3 0x80001258 (0x013ad733) x14 0x00000000
core   0: 0x8000125c (0xff911883) lh      a7, -7(sp)
core   0: 3 0x8000125c (0xff911883) x17 0xffffb439 mem 0x8001ba82
core   0: 0x80001260 (0x00ea9d13) slli    s10, s5, 14
core   0: 3 0x80001260 (0x00ea9d13) x26 0x001bc000
core   0: 0x80001264 (0x00000013) nop
core   0: 3 0x80001264 (0x00000013)
core   0: 0x80001268 (0x41485813) srai    a6, a6, 20
core   0: 3 0x80001268 (0x41485813) x16 0x00000000
core   0: 0x8000126c (0x01318033) add     zero, gp, s3
core   0: 3 0x8000126c (0x01318033)
core   0: 0x80001270 (0xff410aa3) sb      s4, -11(sp)
core   0: 3 0x80001270 (0xff410aa3) mem 0x8001ba7e 0x0
core   0: 0x80001274 (0x00814003) lbu     zero, 8(sp)
core   0: 3 0x80001274 (0x00814003) mem 0x8001ba91
core   0: 0x80001278 (0x00011897) auipc   a7, 0x11
core   0: 3 0x80001278 (0x00011897) x17 0x80012278
core   0: 0x8000127c (0x7f188893) addi    a7, a7, 2033
core   0: 3 0x8000127c (0x7f188893) x17 0x80012a69
core   0: 0x80001280 (0x00288f83) lb      t6, 2(a7)
core   0: 3 0x80001280 (0x00288f83) x31 0x00000020 mem 0x80012a6b
core   0: 0x80001284 (0x0288c903) lbu     s2, 40(a7)
core   0: 3 0x80001284 (0x0288c903) x18 0x0000004a mem 0x80012a91
core   0: 0x80001288 (0x00000013) nop
core   0: 3 0x80001288 (0x00000013)
core   0: 0x8000128c (0x01ecda93) srli    s5, s9, 30
core   0: 3 0x8000128c (0x01ecda93) x21 0x00000002
core   0: 0x80001290 (0x01ee23b3) slt     t2, t3, t5
core   0: 3 0x80001290 (0x01ee23b3) x 7 0x00000000
core   0: 0x80001294 (0x478c6693) ori     a3, s8, 1144
core   0: 3 0x80001294 (0x478c6693) x13 0x00000478
core   0: 0x80001298 (0x57bef337) lui     t1, 0x57bef
core   0: 3 0x80001298 (0x57bef337) x 6 0x57bef000
core   0: 0x8000129c (0x03a88e83) lb      t4, 58(a7)
core   0: 3 0x8000129c (0x03a88e83) x29 0x00000058 mem 0x80012aa3
core   0: 0x800012a0 (0x00877fb3) and     t6, a4, s0
core   0: 3 0x800012a0 (0x00877fb3) x31 0x00000000
core   0: 0x800012a4 (0x40a505b3) sub     a1, a0, a0
core   0: 3 0x800012a4 (0x40a505b3) x11 0x00000000
core   0: 0x800012a8 (0xfc788903) lb      s2, -57(a7)
core   0: 3 0x800012a8 (0xfc788903) x18 0xffffffeb mem 0x80012a30
core   0: 0x800012ac (0x6ac26793) ori     a5, tp, 1708
core   0: 3 0x800012ac (0x6ac26793) x15 0x8002beec
core   0: 0x800012b0 (0x00815d13) srli    s10, sp, 8
core   0: 3 0x800012b0 (0x00815d13) x26 0x008001ba
core   0: 0x800012b4 (0x03488f83) lb      t6, 52(a7)
core   0: 3 0x800012b4 (0x03488f83) x31 0x00000056 mem 0x80012a9d
core   0: 0x800012b8 (0x72557093) andi    ra, a0, 1829
core   0: 3 0x800012b8 (0x72557093) x 1 0x00000221
core   0: 0x800012bc (0x01788823) sb      s7, 16(a7)
core   0: 3 0x800012bc (0x01788823) mem 0x80012a79 0x0
core   0: 0x800012c0 (0x0ff0000f) fence   iorw,iorw
core   0: 3 0x800012c0 (0x0ff0000f)
core   0: 0x800012c4 (0xfec8cf03) lbu     t5, -20(a7)
core   0: 3 0x800012c4 (0xfec8cf03) x30 0x0000000e mem 0x80012a55
core   0: 0x800012c8 (0x02188923) sb      ra, 50(a7)
core   0: 3 0x800012c8 (0x02188923) mem 0x80012a9b 0x21
core   0: 0x800012cc (0x0ff0000f) fence   iorw,iorw
core   0: 3 0x800012cc (0x0ff0000f)
core   0: 0x800012d0 (0x02d8cf83) lbu     t6, 45(a7)
core   0: 3 0x800012d0 (0x02d8cf83) x31 0x0000004d mem 0x80012a96
core   0: 0x800012d4 (0x00000013) nop
core   0: 3 0x800012d4 (0x00000013)
core   0: 0x800012d8 (0x00488f03) lb      t5, 4(a7)
core   0: 3 0x800012d8 (0x00488f03) x30 0x00000026 mem 0x80012a6d
core   0: 0x800012dc (0x01a88003) lb      zero, 26(a7)
core   0: 3 0x800012dc (0x01a88003) mem 0x80012a83
core   0: 0x800012e0 (0xff288583) lb      a1, -14(a7)
core   0: 3 0x800012e0 (0xff288583) x11 0x00000010 mem 0x80012a5b
core   0: 0x800012e4 (0x01d18933) add     s2, gp, t4
core   0: 3 0x800012e4 (0x01d18933) x18 0x00000059
core   0: 0x800012e8 (0xffd89ca3) sh      t4, -7(a7)
core   0: 3 0x800012e8 (0xffd89ca3) mem 0x80012a62 0x0058
core   0: 0x800012ec (0xdf025717) auipc   a4, 0xdf025
core   0: 3 0x800012ec (0xdf025717) x14 0x5f0262ec
core   0: 0x800012f0 (0xfc288e83) lb      t4, -62(a7)
core   0: 3 0x800012f0 (0xfc288e83) x29 0xffffffe0 mem 0x80012a2b
core   0: 0x800012f4 (0x64ae8a17) auipc   s4, 0x64ae8
core   0: 3 0x800012f4 (0x64ae8a17) x20 0xe4ae92f4
core   0: 0x800012f8 (0x0328c703) lbu     a4, 50(a7)
core   0: 3 0x800012f8 (0x0328c703) x14 0x00000021 mem 0x80012a9b
core   0: 0x800012fc (0x40b085b3) sub     a1, ra, a1
core   0: 3 0x800012fc (0x40b085b3) x11 0x00000211
core   0: 0x80001300 (0xff788123) sb      s7, -30(a7)
core   0: 3 0x80001300 (0xff788123) mem 0x80012a4b 0x0
core   0: 0x80001304 (0x00f88123) sb      a5, 2(a7)
core   0: 3 0x80001304 (0x00f88123) mem 0x80012a6b 0xec
core   0: 0x80001308 (0x40a050b3) sra     ra, zero, a0
core   0: 3 0x80001308 (0x40a050b3) x 1 0x00000000
core   0: 0x8000130c (0x0ff0000f) fence   iorw,iorw
core   0: 3 0x8000130c (0x0ff0000f)
core   0: 0x80001310 (0x015eb0b3) sltu    ra, t4, s5
core   0: 3 0x80001310 (0x015eb0b3) x 1 0x00000000
core   0: 0x80001314 (0x41e05133) sra     sp, zero, t5
core   0: 3 0x80001314 (0x41e05133) x 2 0x00000000
core   0: 0x80001318 (0xfc28aba3) sw      sp, -41(a7)
core   0: 3 0x80001318 (0xfc28aba3) mem 0x80012a40 0x00000000
core   0: 0x8000131c (0x03088123) sb      a6, 34(a7)
core   0: 3 0x8000131c (0x03088123) mem 0x80012a8b 0x0
core   0: 0x80001320 (0x9ecb8413) addi    s0, s7, -1556
core   0: 3 0x80001320 (0x9ecb8413) x 8 0xfffff9ec
core   0: 0x80001324 (0x0110e033) or      zero, ra, a7
core   0: 3 0x80001324 (0x0110e033)
core   0: 0x80001328 (0x00919833) sll     a6, gp, s1
core   0: 3 0x80001328 (0x00919833) x16 0x00000800
core   0: 0x8000132c (0x0078a703) lw      a4, 7(a7)
core   0: 3 0x8000132c (0x0078a703) x14 0x28292a2b mem 0x80012a70
core   0: 0x80001330 (0x0240036f) jal     t1, pc + 0x24
core   0: 3 0x80001330 (0x0240036f) x 6 0x80001334
core   0: 0x80001354 (0x014000ef) jal     pc + 0x14
core   0: 3 0x80001354 (0x014000ef) x 1 0x80001358
core   0: 0x80001368 (0xfddff0ef) jal     pc - 0x24
core   0: 3 0x80001368 (0xfddff0ef) x 1 0x8000136c
core   0: 0x80001344 (0x03c0036f) jal     t1, pc + 0x3c
core   0: 3 0x80001344 (0x03c0036f) x 6 0x80001348
core   0: 0x80001380 (0xfb9ff0ef) jal     pc - 0x48
core   0: 3 0x80001380 (0xfb9ff0ef) x 1 0x80001384
core   0: 0x80001338 (0x004000ef) jal     pc + 0x4
core   0: 3 0x80001338 (0x004000ef) x 1 0x8000133c
core   0: 0x8000133c (0x03c000ef) jal     pc + 0x3c
core   0: 3 0x8000133c (0x03c000ef) x 1 0x80001340
core   0: 0x80001378 (0x00c0016f) jal     sp, pc + 0xc
core   0: 3 0x80001378 (0x00c0016f) x 2 0x8000137c
core   0: 0x80001384 (0xfd5ff36f) jal     t1, pc - 0x2c
core   0: 3 0x80001384 (0xfd5ff36f) x 6 0x80001388
core   0: 0x80001358 (0xff5ff36f) jal     t1, pc - 0xc
core   0: 3 0x80001358 (0xff5ff36f) x 6 0x8000135c
core   0: 0x8000134c (0x020001ef) jal     gp, pc + 0x20
core   0: 3 0x8000134c (0x020001ef) x 3 0x80001350
core   0: 0x8000136c (0xff9ff36f) jal     t1, pc - 0x8
core   0: 3 0x8000136c (0xff9ff36f) x 6 0x80001370
core   0: 0x80001364 (0xfd1ff0ef) jal     pc - 0x30
core   0: 3 0x80001364 (0xfd1ff0ef) x 1 0x80001368
core   0: 0x80001334 (0x048000ef) jal     pc + 0x48
core   0: 3 0x80001334 (0x048000ef) x 1 0x80001338
core   0: 0x8000137c (0x00c000ef) jal     pc + 0xc
core   0: 3 0x8000137c (0x00c000ef) x 1 0x80001380
core   0: 0x80001388 (0xfc1ff36f) jal     t1, pc - 0x40
core   0: 3 0x80001388 (0xfc1ff36f) x 6 0x8000138c
core   0: 0x80001348 (0xff9ff2ef) jal     t0, pc - 0x8
core   0: 3 0x80001348 (0xff9ff2ef) x 5 0x8000134c
core   0: 0x80001340 (0x01c000ef) jal     pc + 0x1c
core   0: 3 0x80001340 (0x01c000ef) x 1 0x80001344
core   0: 0x8000135c (0x004000ef) jal     pc + 0x4
core   0: 3 0x8000135c (0x004000ef) x 1 0x80001360
core   0: 0x80001360 (0xff1ff36f) jal     t1, pc - 0x10
core   0: 3 0x80001360 (0xff1ff36f) x 6 0x80001364
core   0: 0x80001350 (0x02000bef) jal     s7, pc + 0x20
core   0: 3 0x80001350 (0x02000bef) x23 0x80001354
core   0: 0x80001370 (0x01c001ef) jal     gp, pc + 0x1c
core   0: 3 0x80001370 (0x01c001ef) x 3 0x80001374
core   0: 0x8000138c (0xfe9ff36f) jal     t1, pc - 0x18
core   0: 3 0x8000138c (0xfe9ff36f) x 6 0x80001390
core   0: 0x80001374 (0x01c000ef) jal     pc + 0x1c
core   0: 3 0x80001374 (0x01c000ef) x 1 0x80001378
core   0: 0x80001390 (0x41305693) srai    a3, zero, 19
core   0: 3 0x80001390 (0x41305693) x13 0x00000000
core   0: 0x80001394 (0x00500713) li      a4, 5
core   0: 3 0x80001394 (0x00500713) x14 0x00000005
core   0: 0x80001398 (0xfed00b93) li      s7, -19
core   0: 3 0x80001398 (0xfed00b93) x23 0xffffffed
core   0: 0x8000139c (0x615ad517) auipc   a0, 0x615ad
core   0: 3 0x8000139c (0x615ad517) x10 0xe15ae39c
core   0: 0x800013a0 (0xfff70713) addi    a4, a4, -1
core   0: 3 0x800013a0 (0xfff70713) x14 0x00000004
core   0: 0x800013a4 (0x00ebba33) sltu    s4, s7, a4
core   0: 3 0x800013a4 (0x00ebba33) x20 0x00000000
core   0: 0x800013a8 (0x00f73933) sltu    s2, a4, a5
core   0: 3 0x800013a8 (0x00f73933) x18 0x00000001
core   0: 0x800013ac (0xff7708e3) beq     a4, s7, pc - 16
core   0: 3 0x800013ac (0xff7708e3)
core   0: 0x800013b0 (0x416dd6b3) sra     a3, s11, s6
core   0: 3 0x800013b0 (0x416dd6b3) x13 0x000006e6
core   0: 0x800013b4 (0x0001f717) auipc   a4, 0x1f
core   0: 3 0x800013b4 (0x0001f717) x14 0x800203b4
core   0: 0x800013b8 (0x0c170713) addi    a4, a4, 193
core   0: 3 0x800013b8 (0x0c170713) x14 0x80020475
core   0: 0x800013bc (0x02163193) sltiu   gp, a2, 33
core   0: 3 0x800013bc (0x02163193) x 3 0x00000000
core   0: 0x800013c0 (0x0000100f) fence.i
core   0: 3 0x800013c0 (0x0000100f)
core   0: 0x800013c4 (0xff571a83) lh      s5, -11(a4)
core   0: 3 0x800013c4 (0xff571a83) x21 0x00002021 mem 0x8002046a
core   0: 0x800013c8 (0x9d0ac613) xori    a2, s5, -1584
core   0: 3 0x800013c8 (0x9d0ac613) x12 0xffffd9f1
core   0: 0x800013cc (0xff270a23) sb      s2, -12(a4)
core   0: 3 0x800013cc (0xff270a23) mem 0x80020469 0x1
core   0: 0x800013d0 (0x01c65193) srli    gp, a2, 28
core   0: 3 0x800013d0 (0x01c65193) x 3 0x0000000f
core   0: 0x800013d4 (0x0000100f) fence.i
core   0: 3 0x800013d4 (0x0000100f)
core   0: 0x800013d8 (0x01070283) lb      t0, 16(a4)
core   0: 3 0x800013d8 (0x01070283) x 5 0x0000003e mem 0x80020485
core   0: 0x800013dc (0xeb4aaa93) slti    s5, s5, -332
core   0: 3 0x800013dc (0xeb4aaa93) x21 0x00000000
core   0: 0x800013e0 (0x00e70a83) lb      s5, 14(a4)
core   0: 3 0x800013e0 (0x00e70a83) x21 0x00000038 mem 0x80020483
core   0: 0x800013e4 (0x41290933) sub     s2, s2, s2
core   0: 3 0x800013e4 (0x41290933) x18 0x00000000
core   0: 0x800013e8 (0x00892633) slt     a2, s2, s0
core   0: 3 0x800013e8 (0x00892633) x12 0x00000000
core   0: 0x800013ec (0x00000013) nop
core   0: 3 0x800013ec (0x00000013)
core   0: 0x800013f0 (0x00f70183) lb      gp, 15(a4)
core   0: 3 0x800013f0 (0x00f70183) x 3 0x0000003f mem 0x80020484
core   0: 0x800013f4 (0x012af2b3) and     t0, s5, s2
core   0: 3 0x800013f4 (0x012af2b3) x 5 0x00000000
core   0: 0x800013f8 (0xff670a83) lb      s5, -10(a4)
core   0: 3 0x800013f8 (0xff670a83) x21 0x00000020 mem 0x8002046b
core   0: 0x800013fc (0x0f9901b7) lui     gp, 0xf990
core   0: 3 0x800013fc (0x0f9901b7) x 3 0x0f990000
core   0: 0x80001400 (0x00e70a83) lb      s5, 14(a4)
core   0: 3 0x80001400 (0x00e70a83) x21 0x00000038 mem 0x80020483
core   0: 0x80001404 (0x00175603) lhu     a2, 1(a4)
core   0: 3 0x80001404 (0x00175603) x12 0x00002c2d mem 0x80020476
core   0: 0x80001408 (0x00329933) sll     s2, t0, gp
core   0: 3 0x80001408 (0x00329933) x18 0x00000000
core   0: 0x8000140c (0xa5460913) addi    s2, a2, -1452
core   0: 3 0x8000140c (0xa5460913) x18 0x00002681
core   0: 0x80001410 (0x005700a3) sb      t0, 1(a4)
core   0: 3 0x80001410 (0x005700a3) mem 0x80020476 0x0
core   0: 0x80001414 (0x00845ab3) srl     s5, s0, s0
core   0: 3 0x80001414 (0x00845ab3) x21 0x000fffff
core   0: 0x80001418 (0xca528a93) addi    s5, t0, -859
core   0: 3 0x80001418 (0xca528a93) x21 0xfffffca5
core   0: 0x8000141c (0x00a1d193) srli    gp, gp, 10
core   0: 3 0x8000141c (0x00a1d193) x 3 0x0003e640
core   0: 0x80001420 (0xffa74903) lbu     s2, -6(a4)
core   0: 3 0x80001420 (0xffa74903) x18 0x00000024 mem 0x8002046f
core   0: 0x80001424 (0x00f72603) lw      a2, 15(a4)
core   0: 3 0x80001424 (0x00f72603) x12 0x3c3d3e3f mem 0x80020484
core   0: 0x80001428 (0x00570223) sb      t0, 4(a4)
core   0: 3 0x80001428 (0x00570223) mem 0x80020479 0x0
core   0: 0x8000142c (0xaf965417) auipc   s0, 0xaf965
core   0: 3 0x8000142c (0xaf965417) x 8 0x2f96642c
core   0: 0x80001430 (0x00e70403) lb      s0, 14(a4)
core   0: 3 0x80001430 (0x00e70403) x 8 0x00000038 mem 0x80020483
core   0: 0x80001434 (0x00f74903) lbu     s2, 15(a4)
core   0: 3 0x80001434 (0x00f74903) x18 0x0000003f mem 0x80020484
core   0: 0x80001438 (0xff575183) lhu     gp, -11(a4)
core   0: 3 0x80001438 (0xff575183) x 3 0x00002021 mem 0x8002046a
core   0: 0x8000143c (0xff774403) lbu     s0, -9(a4)
core   0: 3 0x8000143c (0xff774403) x 8 0x00000027 mem 0x8002046c
core   0: 0x80001440 (0x00c2a433) slt     s0, t0, a2
core   0: 3 0x80001440 (0x00c2a433) x 8 0x00000001
core   0: 0x80001444 (0x00670183) lb      gp, 6(a4)
core   0: 3 0x80001444 (0x00670183) x 3 0x00000030 mem 0x8002047b
core   0: 0x80001448 (0x41560933) sub     s2, a2, s5
core   0: 3 0x80001448 (0x41560933) x18 0x3c3d419a
core   0: 0x8000144c (0x0121a633) slt     a2, gp, s2
core   0: 3 0x8000144c (0x0121a633) x12 0x00000001
core   0: 0x80001450 (0x00870603) lb      a2, 8(a4)
core   0: 3 0x80001450 (0x00870603) x12 0x00000036 mem 0x8002047d
core   0: 0x80001454 (0x0082b933) sltu    s2, t0, s0
core   0: 3 0x80001454 (0x0082b933) x18 0x00000001
core   0: 0x80001458 (0x0ff0000f) fence   iorw,iorw
core   0: 3 0x80001458 (0x0ff0000f)
core   0: 0x8000145c (0x0121f633) and     a2, gp, s2
core   0: 3 0x8000145c (0x0121f633) x12 0x00000000
core   0: 0x80001460 (0xfe370f23) sb      gp, -2(a4)
core   0: 3 0x80001460 (0xfe370f23) mem 0x80020473 0x30
core   0: 0x80001464 (0x0280036f) jal     t1, pc + 0x28
core   0: 3 0x80001464 (0x0280036f) x 6 0x80001468
core   0: 0x8000148c (0x01800eef) jal     t4, pc + 0x18
core   0: 3 0x8000148c (0x01800eef) x29 0x80001490
core   0: 0x800014a4 (0xfc9ff0ef) jal     pc - 0x38
core   0: 3 0x800014a4 (0xfc9ff0ef) x 1 0x800014a8
core   0: 0x8000146c (0xffdffc6f) jal     s8, pc - 0x4
core   0: 3 0x8000146c (0xffdffc6f) x24 0x80001470
core   0: 0x80001468 (0x02c0036f) jal     t1, pc + 0x2c
core   0: 3 0x80001468 (0x02c0036f) x 6 0x8000146c
core   0: 0x80001494 (0xff1ff36f) jal     t1, pc - 0x10
core   0: 3 0x80001494 (0xff1ff36f) x 6 0x80001498
core   0: 0x80001484 (0x018000ef) jal     pc + 0x18
core   0: 3 0x80001484 (0x018000ef) x 1 0x80001488
core   0: 0x8000149c (0x014000ef) jal     pc + 0x14
core   0: 3 0x8000149c (0x014000ef) x 1 0x800014a0
core   0: 0x800014b0 (0xfe9ff0ef) jal     pc - 0x18
core   0: 3 0x800014b0 (0xfe9ff0ef) x 1 0x800014b4
core   0: 0x80001498 (0x01000bef) jal     s7, pc + 0x10
core   0: 3 0x80001498 (0x01000bef) x23 0x8000149c
core   0: 0x800014a8 (0xfd5ff36f) jal     t1, pc - 0x2c
core   0: 3 0x800014a8 (0xfd5ff36f) x 6 0x800014ac
core   0: 0x8000147c (0xff5ff0ef) jal     pc - 0xc
core   0: 3 0x8000147c (0xff5ff0ef) x 1 0x80001480
core   0: 0x80001470 (0x03c0066f) jal     a2, pc + 0x3c
core   0: 3 0x80001470 (0x03c0066f) x12 0x80001474
core   0: 0x800014ac (0xfcdff36f) jal     t1, pc - 0x34
core   0: 3 0x800014ac (0xfcdff36f) x 6 0x800014b0
core   0: 0x80001478 (0x008000ef) jal     pc + 0x8
core   0: 3 0x80001478 (0x008000ef) x 1 0x8000147c
core   0: 0x80001480 (0x0100036f) jal     t1, pc + 0x10
core   0: 3 0x80001480 (0x0100036f) x 6 0x80001484
core   0: 0x80001490 (0xff9ff36f) jal     t1, pc - 0x8
core   0: 3 0x80001490 (0xff9ff36f) x 6 0x80001494
core   0: 0x80001488 (0x018000ef) jal     pc + 0x18
core   0: 3 0x80001488 (0x018000ef) x 1 0x8000148c
core   0: 0x800014a0 (0xfd5ff36f) jal     t1, pc - 0x2c
core   0: 3 0x800014a0 (0xfd5ff36f) x 6 0x800014a4
core   0: 0x80001474 (0x04000c6f) jal     s8, pc + 0x40
core   0: 3 0x80001474 (0x04000c6f) x24 0x80001478
core   0: 0x800014b4 (0x0008bdb3) sltu    s11, a7, zero
core   0: 3 0x800014b4 (0x0008bdb3) x27 0x00000000
core   0: 0x800014b8 (0x0001d897) auipc   a7, 0x1d
core   0: 3 0x800014b8 (0x0001d897) x17 0x8001e4b8
core   0: 0x800014bc (0x75888893) addi    a7, a7, 1880
core   0: 3 0x800014bc (0x75888893) x17 0x8001ec10
core   0: 0x800014c0 (0x00011817) auipc   a6, 0x11
core   0: 3 0x800014c0 (0x00011817) x16 0x800124c0
core   0: 0x800014c4 (0x65380813) addi    a6, a6, 1619
core   0: 3 0x800014c4 (0x65380813) x16 0x80012b13
core   0: 0x800014c8 (0x49080a83) lb      s5, 1168(a6)
core   0: 3 0x800014c8 (0x49080a83) x21 0x00000058 mem 0x80012fa3
core   0: 0x800014cc (0x25880b23) sb      s8, 598(a6)
core   0: 3 0x800014cc (0x25880b23) mem 0x80012d69 0x78
core   0: 0x800014d0 (0xfa588183) lb      gp, -91(a7)
core   0: 3 0x800014d0 (0xfa588183) x 3 0x0000006e mem 0x8001ebb5
core   0: 0x800014d4 (0x12e80783) lb      a5, 302(a6)
core   0: 3 0x800014d4 (0x12e80783) x15 0xfffffffa mem 0x80012c41
core   0: 0x800014d8 (0x31980323) sb      s9, 774(a6)
core   0: 3 0x800014d8 (0x31980323) mem 0x80012e19 0x0
core   0: 0x800014dc (0x0d388303) lb      t1, 211(a7)
core   0: 3 0x800014dc (0x0d388303) x 6 0xffffff98 mem 0x8001ece3
core   0: 0x800014e0 (0xbd581b83) lh      s7, -1067(a6)
core   0: 3 0x800014e0 (0xbd581b83) x23 0xffffa227 mem 0x800126e8
core   0: 0x800014e4 (0x07e88823) sb      t5, 112(a7)
core   0: 3 0x800014e4 (0x07e88823) mem 0x8001ec80 0x26
core   0: 0x800014e8 (0xd2982f83) lw      t6, -727(a6)
core   0: 3 0x800014e8 (0xd2982f83) x31 0xf4f5f6f7 mem 0x8001283c
core   0: 0x800014ec (0x84f813a3) sh      a5, -1977(a6)
core   0: 3 0x800014ec (0x84f813a3) mem 0x8001235a 0xfffa
core   0: 0x800014f0 (0xff089723) sh      a6, -18(a7)
core   0: 3 0x800014f0 (0xff089723) mem 0x8001ebfe 0x2b13
core   0: 0x800014f4 (0xfbf8c683) lbu     a3, -65(a7)
core   0: 3 0x800014f4 (0xfbf8c683) x13 0x00000084 mem 0x8001ebcf
core   0: 0x800014f8 (0x36b81da3) sh      a1, 891(a6)
core   0: 3 0x800014f8 (0x36b81da3) mem 0x80012e8e 0x0211
core   0: 0x800014fc (0xffb00493) li      s1, -5
core   0: 3 0x800014fc (0xffb00493) x 9 0xfffffffb
core   0: 0x80001500 (0xff400193) li      gp, -12
core   0: 3 0x80001500 (0xff400193) x 3 0xfffffff4
core   0: 0x80001504 (0x280880b7) lui     ra, 0x28088
core   0: 3 0x80001504 (0x280880b7) x 1 0x28088000
core   0: 0x80001508 (0xff748493) addi    s1, s1, -9
core   0: 3 0x80001508 (0xff748493) x 9 0xfffffff2
core   0: 0x8000150c (0x00000013) nop
core   0: 3 0x8000150c (0x00000013)
core   0: 0x80001510 (0xfe34dae3) bge     s1, gp, pc - 12
core   0: 3 0x80001510 (0xfe34dae3)
core   0: 0x80001514 (0x413d5c93) srai    s9, s10, 19
core   0: 3 0x80001514 (0x413d5c93) x25 0x00000010
core   0: 0x80001518 (0x00012a17) auipc   s4, 0x12
core   0: 3 0x80001518 (0x00012a17) x20 0x80013518
core   0: 0x8000151c (0xab2a0a13) addi    s4, s4, -1358
core   0: 3 0x8000151c (0xab2a0a13) x20 0x80012fca
core   0: 0x80001520 (0xff5a4003) lbu     zero, -11(s4)
core   0: 3 0x80001520 (0xff5a4003) mem 0x80012fbf
core   0: 0x80001524 (0x00021a97) auipc   s5, 0x21
core   0: 3 0x80001524 (0x00021a97) x21 0x80022524
core   0: 0x80001528 (0xeb2a8a93) addi    s5, s5, -334
core   0: 3 0x80001528 (0xeb2a8a93) x21 0x800223d6
core   0: 0x8000152c (0x016a1523) sh      s6, 10(s4)
core   0: 3 0x8000152c (0x016a1523) mem 0x80012fd4 0x7e64
core   0: 0x80001530 (0x00aa2483) lw      s1, 10(s4)
core   0: 3 0x80001530 (0x00aa2483) x 9 0x8c8d7e64 mem 0x80012fd4
core   0: 0x80001534 (0xfccaad23) sw      a2, -38(s5)
core   0: 3 0x80001534 (0xfccaad23) mem 0x800223b0 0x80001474
core   0: 0x80001538 (0x03ca9403) lh      s0, 60(s5)
core   0: 3 0x80001538 (0x03ca9403) x 8 0xffffc8c9 mem 0x80022412
core   0: 0x8000153c (0xff6a1403) lh      s0, -10(s4)
core   0: 3 0x8000153c (0xff6a1403) x 8 0x00007a7b mem 0x80012fc0
core   0: 0x80001540 (0xfffa4d03) lbu     s10, -1(s4)
core   0: 3 0x80001540 (0xfffa4d03) x26 0x00000082 mem 0x80012fc9
core   0: 0x80001544 (0xfcea8383) lb      t2, -50(s5)
core   0: 3 0x80001544 (0xfcea8383) x 7 0x0000005f mem 0x800223a4
core   0: 0x80001548 (0x006a0f83) lb      t6, 6(s4)
core   0: 3 0x80001548 (0x006a0f83) x31 0xffffff8b mem 0x80012fd0
core   0: 0x8000154c (0x02ba8083) lb      ra, 43(s5)
core   0: 3 0x8000154c (0x02ba8083) x 1 0xffffffba mem 0x80022401
core   0: 0x80001550 (0x001a4603) lbu     a2, 1(s4)
core   0: 3 0x80001550 (0x001a4603) x12 0x00000080 mem 0x80012fcb
core   0: 0x80001554 (0xfd3acc83) lbu     s9, -45(s5)
core   0: 3 0x80001554 (0xfd3acc83) x25 0x00000062 mem 0x800223a9
core   0: 0x80001558 (0xfcaad803) lhu     a6, -54(s5)
core   0: 3 0x80001558 (0xfcaad803) x16 0x00005a5b mem 0x800223a0
core   0: 0x8000155c (0x006a4d83) lbu     s11, 6(s4)
core   0: 3 0x8000155c (0x006a4d83) x27 0x0000008b mem 0x80012fd0
core   0: 0x80001560 (0x00ea2903) lw      s2, 14(s4)
core   0: 3 0x80001560 (0x00ea2903) x18 0x90919293 mem 0x80012fd8
core   0: 0x80001564 (0x009a4183) lbu     gp, 9(s4)
core   0: 3 0x80001564 (0x009a4183) x 3 0x00000088 mem 0x80012fd3
core   0: 0x80001568 (0x00011617) auipc   a2, 0x11
core   0: 3 0x80001568 (0x00011617) x12 0x80012568
core   0: 0x8000156c (0xcb060613) addi    a2, a2, -848
core   0: 3 0x8000156c (0xcb060613) x12 0x80012218
core   0: 0x80001570 (0x00011697) auipc   a3, 0x11
core   0: 3 0x80001570 (0x00011697) x13 0x80012570
core   0: 0x80001574 (0x4c068693) addi    a3, a3, 1216
core   0: 3 0x80001574 (0x4c068693) x13 0x80012a30
core   0: 0x80001578 (0xdb168703) lb      a4, -591(a3)
core   0: 3 0x80001578 (0xdb168703) x14 0xffffff9a mem 0x800127e1
core   0: 0x8000157c (0x4876ce03) lbu     t3, 1159(a3)
core   0: 3 0x8000157c (0x4876ce03) x28 0x0000006c mem 0x80012eb7
core   0: 0x80001580 (0xfe760583) lb      a1, -25(a2)
core   0: 3 0x80001580 (0xfe760583) x11 0xffffffb4 mem 0x800121ff
core   0: 0x80001584 (0x00011417) auipc   s0, 0x11
core   0: 3 0x80001584 (0x00011417) x 8 0x80012584
core   0: 0x80001588 (0x16e40413) addi    s0, s0, 366
core   0: 3 0x80001588 (0x16e40413) x 8 0x800126f2
core   0: 0x8000158c (0x5766c283) lbu     t0, 1398(a3)
core   0: 3 0x8000158c (0x5766c283) x 5 0x0000005d mem 0x80012fa6
core   0: 0x80001590 (0x02360703) lb      a4, 35(a2)
core   0: 3 0x80001590 (0x02360703) x14 0xfffffff0 mem 0x8001223b
core   0: 0x80001594 (0xe016c383) lbu     t2, -511(a3)
core   0: 3 0x80001594 (0xe016c383) x 7 0x0000009c mem 0x80012831
core   0: 0x80001598 (0xfe160c03) lb      s8, -31(a2)
core   0: 3 0x80001598 (0xfe160c03) x24 0xffffffb2 mem 0x800121f9
core   0: 0x8000159c (0x00841423) sh      s0, 8(s0)
core   0: 3 0x8000159c (0x00841423) mem 0x800126fa 0x26f2
core   0: 0x800015a0 (0xfff40903) lb      s2, -1(s0)
core   0: 3 0x800015a0 (0xfff40903) x18 0xffffffaa mem 0x800126f1
core   0: 0x800015a4 (0x00760883) lb      a7, 7(a2)
core   0: 3 0x800015a4 (0x00760883) x17 0xffffffd4 mem 0x8001221f
core   0: 0x800015a8 (0xff340a83) lb      s5, -13(s0)
core   0: 3 0x800015a8 (0xff340a83) x21 0xffffff9e mem 0x800126e5
core   0: 0x800015ac (0xfff44183) lbu     gp, -1(s0)
core   0: 3 0x800015ac (0xfff44183) x 3 0x000000aa mem 0x800126f1
core   0: 0x800015b0 (0xffe41923) sh      t5, -14(s0)
core   0: 3 0x800015b0 (0xffe41923) mem 0x800126e4 0x0026
core   0: 0x800015b4 (0xd8a680a3) sb      a0, -639(a3)
core   0: 3 0x800015b4 (0xd8a680a3) mem 0x800127b1 0x9c
core   0: 0x800015b8 (0xfe561e23) sh      t0, -4(a2)
core   0: 3 0x800015b8 (0xfe561e23) mem 0x80012214 0x005d
core   0: 0x800015bc (0xfdc62183) lw      gp, -36(a2)
core   0: 3 0x800015bc (0xfdc62183) x 3 0xacadaeaf mem 0x800121f4
core   0: 0x800015c0 (0x01941223) sh      s9, 4(s0)
core   0: 3 0x800015c0 (0x01941223) mem 0x800126f6 0x0062
core   0: 0x800015c4 (0x0080036f) jal     t1, pc + 0x8
core   0: 3 0x800015c4 (0x0080036f) x 6 0x800015c8
core   0: 0x800015cc (0x020000ef) jal     pc + 0x20
core   0: 3 0x800015cc (0x020000ef) x 1 0x800015d0
core   0: 0x800015ec (0xffdff0ef) jal     pc - 0x4
core   0: 3 0x800015ec (0xffdff0ef) x 1 0x800015f0
core   0: 0x800015e8 (0xffdff3ef) jal     t2, pc - 0x4
core   0: 3 0x800015e8 (0xffdff3ef) x 7 0x800015ec
core   0: 0x800015e4 (0xffdff0ef) jal     pc - 0x4
core   0: 3 0x800015e4 (0xffdff0ef) x 1 0x800015e8
core   0: 0x800015e0 (0x0140036f) jal     t1, pc + 0x14
core   0: 3 0x800015e0 (0x0140036f) x 6 0x800015e4
core   0: 0x800015f4 (0x00400bef) jal     s7, pc + 0x4
core   0: 3 0x800015f4 (0x00400bef) x23 0x800015f8
core   0: 0x800015f8 (0x004000ef) jal     pc + 0x4
core   0: 3 0x800015f8 (0x004000ef) x 1 0x800015fc
core   0: 0x800015fc (0x014000ef) jal     pc + 0x14
core   0: 3 0x800015fc (0x014000ef) x 1 0x80001600
core   0: 0x80001610 (0xff1ff0ef) jal     pc - 0x10
core   0: 3 0x80001610 (0xff1ff0ef) x 1 0x80001614
core   0: 0x80001600 (0x004000ef) jal     pc + 0x4
core   0: 3 0x80001600 (0x004000ef) x 1 0x80001604
core   0: 0x80001604 (0xfedff36f) jal     t1, pc - 0x14
core   0: 3 0x80001604 (0xfedff36f) x 6 0x80001608
core   0: 0x800015f0 (0xfe1ff0ef) jal     pc - 0x20
core   0: 3 0x800015f0 (0xfe1ff0ef) x 1 0x800015f4
core   0: 0x800015d0 (0xff9ff36f) jal     t1, pc - 0x8
core   0: 3 0x800015d0 (0xff9ff36f) x 6 0x800015d4
core   0: 0x800015c8 (0x0400096f) jal     s2, pc + 0x40
core   0: 3 0x800015c8 (0x0400096f) x18 0x800015cc
core   0: 0x80001608 (0x0140036f) jal     t1, pc + 0x14
core   0: 3 0x80001608 (0x0140036f) x 6 0x8000160c
core   0: 0x8000161c (0xfb9ff66f) jal     a2, pc - 0x48
core   0: 3 0x8000161c (0xfb9ff66f) x12 0x80001620
core   0: 0x800015d4 (0x044000ef) jal     pc + 0x44
core   0: 3 0x800015d4 (0x044000ef) x 1 0x800015d8
core   0: 0x80001618 (0xff5ff36f) jal     t1, pc - 0xc
core   0: 3 0x80001618 (0xff5ff36f) x 6 0x8000161c
core   0: 0x8000160c (0x00800eef) jal     t4, pc + 0x8
core   0: 3 0x8000160c (0x00800eef) x29 0x80001610
core   0: 0x80001614 (0xfc5ffd6f) jal     s10, pc - 0x3c
core   0: 3 0x80001614 (0xfc5ffd6f) x26 0x80001618
core   0: 0x800015d8 (0x0040036f) jal     t1, pc + 0x4
core   0: 3 0x800015d8 (0x0040036f) x 6 0x800015dc
core   0: 0x800015dc (0x044000ef) jal     pc + 0x44
core   0: 3 0x800015dc (0x044000ef) x 1 0x800015e0
core   0: 0x80001620 (0x0000100f) fence.i
core   0: 3 0x80001620 (0x0000100f)
core   0: 0x80001624 (0x00011497) auipc   s1, 0x11
core   0: 3 0x80001624 (0x00011497) x 9 0x80012624
core   0: 0x80001628 (0xb4a48493) addi    s1, s1, -1206
core   0: 3 0x80001628 (0xb4a48493) x 9 0x8001216e
core   0: 0x8000162c (0x0cc48f83) lb      t6, 204(s1)
core   0: 3 0x8000162c (0x0cc48f83) x31 0xfffffff1 mem 0x8001223a
core   0: 0x80001630 (0x41be8a33) sub     s4, t4, s11
core   0: 3 0x80001630 (0x41be8a33) x20 0x80001585
core   0: 0x80001634 (0x0264a603) lw      a2, 38(s1)
core   0: 3 0x80001634 (0x0264a603) x12 0x4c4d4e4f mem 0x80012194
core   0: 0x80001638 (0x0054af23) sw      t0, 30(s1)
core   0: 3 0x80001638 (0x0054af23) mem 0x8001218c 0x0000005d
core   0: 0x8000163c (0x403b85b3) sub     a1, s7, gp
core   0: 3 0x8000163c (0x403b85b3) x11 0xd3526749
core   0: 0x80001640 (0x0ff0000f) fence   iorw,iorw
core   0: 3 0x80001640 (0x0ff0000f)
core   0: 0x80001644 (0xfdc4a123) sw      t3, -62(s1)
core   0: 3 0x80001644 (0xfdc4a123) mem 0x80012130 0x0000006c
core   0: 0x80001648 (0x0187b6b3) sltu    a3, a5, s8
core   0: 3 0x80001648 (0x0187b6b3) x13 0x00000000
core   0: 0x8000164c (0xf074cc03) lbu     s8, -249(s1)
core   0: 3 0x8000164c (0xf074cc03) x24 0x0000002e mem 0x80012075
core   0: 0x80001650 (0x41575433) sra     s0, a4, s5
core   0: 3 0x80001650 (0x41575433) x 8 0xffffffff
core   0: 0x80001654 (0x0075d8b3) srl     a7, a1, t2
core   0: 3 0x80001654 (0x0075d8b3) x17 0x000d3526
core   0: 0x80001658 (0x3af9dd17) auipc   s10, 0x3af9d
core   0: 3 0x80001658 (0x3af9dd17) x26 0xbaf9e658
core   0: 0x8000165c (0x0ff0000f) fence   iorw,iorw
core   0: 3 0x8000165c (0x0ff0000f)
core   0: 0x80001660 (0xf9d49923) sh      t4, -110(s1)
core   0: 3 0x80001660 (0xf9d49923) mem 0x80012100 0x1610
core   0: 0x80001664 (0x0000100f) fence.i
core   0: 3 0x80001664 (0x0000100f)
core   0: 0x80001668 (0x0194c003) lbu     zero, 25(s1)
core   0: 3 0x80001668 (0x0194c003) mem 0x80012187
core   0: 0x8000166c (0x40365033) sra     zero, a2, gp
core   0: 3 0x8000166c (0x40365033)
core   0: 0x80001670 (0x057482a3) sb      s7, 69(s1)
core   0: 3 0x80001670 (0x057482a3) mem 0x800121b3 0xf8
core   0: 0x80001674 (0x013b92b3) sll     t0, s7, s3
core   0: 3 0x80001674 (0x013b92b3) x 5 0x80000000
core   0: 0x80001678 (0xf65487a3) sb      t0, -145(s1)
core   0: 3 0x80001678 (0xf65487a3) mem 0x800120dd 0x0
core   0: 0x8000167c (0x0166ef33) or      t5, a3, s6
core   0: 3 0x8000167c (0x0166ef33) x30 0x80027e64
core   0: 0x80001680 (0xfd548a03) lb      s4, -43(s1)
core   0: 3 0x80001680 (0xfd548a03) x20 0xfffffff8 mem 0x80012143
core   0: 0x80001684 (0xfce4d803) lhu     a6, -50(s1)
core   0: 3 0x80001684 (0xfce4d803) x16 0x0000f6f7 mem 0x8001213c
core   0: 0x80001688 (0xf1748883) lb      a7, -233(s1)
core   0: 3 0x80001688 (0xf1748883) x17 0x0000003e mem 0x80012085
core   0: 0x8000168c (0x019e2633) slt     a2, t3, s9
core   0: 3 0x8000168c (0x019e2633) x12 0x00000000
core   0: 0x80001690 (0x00f9b5b3) sltu    a1, s3, a5
core   0: 3 0x80001690 (0x00f9b5b3) x11 0x00000001
core   0: 0x80001694 (0x031480a3) sb      a7, 33(s1)
core   0: 3 0x80001694 (0x031480a3) mem 0x8001218f 0x3e
core   0: 0x80001698 (0x01f90fb3) add     t6, s2, t6
core   0: 3 0x80001698 (0x01f90fb3) x31 0x800015bd
core   0: 0x8000169c (0x82668937) lui     s2, 0x82668
core   0: 3 0x8000169c (0x82668937) x18 0x82668000
core   0: 0x800016a0 (0x01a4dd83) lhu     s11, 26(s1)
core   0: 3 0x800016a0 (0x01a4dd83) x27 0x00004243 mem 0x80012188
core   0: 0x800016a4 (0x41e08cb3) sub     s9, ra, t5
core   0: 3 0x800016a4 (0x41e08cb3) x25 0xfffd977c
core   0: 0x800016a8 (0x404f03b3) sub     t2, t5, tp
core   0: 3 0x800016a8 (0x404f03b3) x 7 0xffffc180
core   0: 0x800016ac (0x07348b23) sb      s3, 118(s1)
core   0: 3 0x800016ac (0x07348b23) mem 0x800121e4 0x9c
core   0: 0x800016b0 (0xff700493) li      s1, -9
core   0: 3 0x800016b0 (0xff700493) x 9 0xfffffff7
core   0: 0x800016b4 (0x01fe5393) srli    t2, t3, 31
core   0: 3 0x800016b4 (0x01fe5393) x 7 0x00000000
core   0: 0x800016b8 (0xff800e93) li      t4, -8
core   0: 3 0x800016b8 (0xff800e93) x29 0xfffffff8
core   0: 0x800016bc (0x017f0733) add     a4, t5, s7
core   0: 3 0x800016bc (0x017f0733) x14 0x0002945c
core   0: 0x800016c0 (0x80f04893) xori    a7, zero, -2033
core   0: 3 0x800016c0 (0x80f04893) x17 0xfffff80f
core   0: 0x800016c4 (0xf9ea3793) sltiu   a5, s4, -98
core   0: 3 0x800016c4 (0xf9ea3793) x15 0x00000000
core   0: 0x800016c8 (0xe09a0d93) addi    s11, s4, -503
core   0: 3 0x800016c8 (0xe09a0d93) x27 0xfffffe01
core   0: 0x800016cc (0xbab52a13) slti    s4, a0, -1109
core   0: 3 0x800016cc (0xbab52a13) x20 0x00000001
core   0: 0x800016d0 (0x00a48493) addi    s1, s1, 10
core   0: 3 0x800016d0 (0x00a48493) x 9 0x00000001
core   0: 0x800016d4 (0x41bb5db3) sra     s11, s6, s11
core   0: 3 0x800016d4 (0x41bb5db3) x27 0xc0013f32
core   0: 0x800016d8 (0x00c99733) sll     a4, s3, a2
core   0: 3 0x800016d8 (0x00c99733) x14 0xfe64ec9c
core   0: 0x800016dc (0x18f946b7) lui     a3, 0x18f94
core   0: 3 0x800016dc (0x18f946b7) x13 0x18f94000
core   0: 0x800016e0 (0x0181d833) srl     a6, gp, s8
core   0: 3 0x800016e0 (0x0181d833) x16 0x0002b2b6
core   0: 0x800016e4 (0x01d07bb3) and     s7, zero, t4
core   0: 3 0x800016e4 (0x01d07bb3) x23 0x00000000
core   0: 0x800016e8 (0x01c7c2b3) xor     t0, a5, t3
core   0: 3 0x800016e8 (0x01c7c2b3) x 5 0x0000006c
core   0: 0x800016ec (0x01519633) sll     a2, gp, s5
core   0: 3 0x800016ec (0x01519633) x12 0xc0000000
core   0: 0x800016f0 (0x381ee413) ori     s0, t4, 897
core   0: 3 0x800016f0 (0x381ee413) x 8 0xfffffff9
core   0: 0x800016f4 (0xfdd4c8e3) blt     s1, t4, pc - 48
core   0: 3 0x800016f4 (0xfdd4c8e3)
core   0: 0x800016f8 (0x402e5433) sra     s0, t3, sp
core   0: 3 0x800016f8 (0x402e5433) x 8 0x00000000
core   0: 0x800016fc (0x00019117) auipc   sp, 0x19
core   0: 3 0x800016fc (0x00019117) x 2 0x8001a6fc
core   0: 0x80001700 (0xbb210113) addi    sp, sp, -1102
core   0: 3 0x80001700 (0xbb210113) x 2 0x8001a2ae
core   0: 0x80001704 (0xc2cd8313) addi    t1, s11, -980
core   0: 3 0x80001704 (0xc2cd8313) x 6 0xc0013b5e
core   0: 0x80001708 (0x00e72a33) slt     s4, a4, a4
core   0: 3 0x80001708 (0x00e72a33) x20 0x00000000
core   0: 0x8000170c (0x0101c333) xor     t1, gp, a6
core   0: 3 0x8000170c (0x0101c333) x 6 0xacaf1c19
core   0: 0x80001710 (0x19a3c013) xori    zero, t2, 410
core   0: 3 0x80001710 (0x19a3c013)
core   0: 0x80001714 (0x41778633) sub     a2, a5, s7
core   0: 3 0x80001714 (0x41778633) x12 0x00000000
core   0: 0x80001718 (0xc7114503) lbu     a0, -911(sp)
core   0: 3 0x80001718 (0xc7114503) x10 0x000000d4 mem 0x80019f1f
core   0: 0x8000171c (0x37413d97) auipc   s11, 0x37413
core   0: 3 0x8000171c (0x37413d97) x27 0xb741471c
core   0: 0x80001720 (0x002ba2b3) slt     t0, s7, sp
core   0: 3 0x80001720 (0x002ba2b3) x 5 0x00000000
core   0: 0x80001724 (0x019205b3) add     a1, tp, s9
core   0: 3 0x80001724 (0x019205b3) x11 0x80005460
core   0: 0x80001728 (0x55aedf37) lui     t5, 0x55aed
core   0: 3 0x80001728 (0x55aedf37) x30 0x55aed000
core   0: 0x8000172c (0x908ee437) lui     s0, 0x908ee
core   0: 3 0x8000172c (0x908ee437) x 8 0x908ee000
core   0: 0x80001730 (0xfe215703) lhu     a4, -30(sp)
core   0: 3 0x80001730 (0xfe215703) x14 0x00004a4b mem 0x8001a290
core   0: 0x80001734 (0xf48106a3) sb      s0, -179(sp)
core   0: 3 0x80001734 (0xf48106a3) mem 0x8001a1fb 0x0
core   0: 0x80001738 (0x01a97933) and     s2, s2, s10
core   0: 3 0x80001738 (0x01a97933) x18 0x82608000
core   0: 0x8000173c (0x10a58b93) addi    s7, a1, 266
core   0: 3 0x8000173c (0x10a58b93) x23 0x8000556a
core   0: 0x80001740 (0x69c40ab7) lui     s5, 0x69c40
core   0: 3 0x80001740 (0x69c40ab7) x21 0x69c40000
core   0: 0x80001744 (0x96b14503) lbu     a0, -1685(sp)
core   0: 3 0x80001744 (0x96b14503) x10 0x000000d2 mem 0x80019c19
core   0: 0x80001748 (0x87410703) lb      a4, -1932(sp)
core   0: 3 0x80001748 (0x87410703) x14 0xffffffd9 mem 0x80019b22
core   0: 0x8000174c (0xf4314783) lbu     a5, -189(sp)
core   0: 3 0x8000174c (0xf4314783) x15 0x000000aa mem 0x8001a1f1
core   0: 0x80001750 (0x5ef10403) lb      s0, 1519(sp)
core   0: 3 0x80001750 (0x5ef10403) x 8 0x00000056 mem 0x8001a89d
core   0: 0x80001754 (0x0000100f) fence.i
core   0: 3 0x80001754 (0x0000100f)
core   0: 0x80001758 (0x00000013) nop
core   0: 3 0x80001758 (0x00000013)
core   0: 0x8000175c (0x8af10603) lb      a2, -1873(sp)
core   0: 3 0x8000175c (0x8af10603) x12 0x00000016 mem 0x80019b5d
core   0: 0x80001760 (0x0ff0000f) fence   iorw,iorw
core   0: 3 0x80001760 (0x0ff0000f)
core   0: 0x80001764 (0x012c7ab3) and     s5, s8, s2
core   0: 3 0x80001764 (0x012c7ab3) x21 0x00000000
core   0: 0x80001768 (0x8130b813) sltiu   a6, ra, -2029
core   0: 3 0x80001768 (0x8130b813) x16 0x00000001
core   0: 0x8000176c (0x88610483) lb      s1, -1914(sp)
core   0: 3 0x8000176c (0x88610483) x 9 0xffffffef mem 0x80019b34
core   0: 0x80001770 (0x40f182b3) sub     t0, gp, a5
core   0: 3 0x80001770 (0x40f182b3) x 5 0xacadae05
core   0: 0x80001774 (0x015d1793) slli    a5, s10, 21
core   0: 3 0x80001774 (0x015d1793) x15 0xcb000000
core   0: 0x80001778 (0x00b12333) slt     t1, sp, a1
core   0: 3 0x80001778 (0x00b12333) x 6 0x00000000
core   0: 0x8000177c (0xb8a11f03) lh      t5, -1142(sp)
core   0: 3 0x8000177c (0xb8a11f03) x30 0xfffff2f3 mem 0x80019e38
core   0: 0x80001780 (0x019a9a13) slli    s4, s5, 25
core   0: 3 0x80001780 (0x019a9a13) x20 0x00000000
core   0: 0x80001784 (0x0000100f) fence.i
core   0: 3 0x80001784 (0x0000100f)
core   0: 0x80001788 (0x80a10ba3) sb      a0, -2025(sp)
core   0: 3 0x80001788 (0x80a10ba3) mem 0x80019ac5 0xd2
core   0: 0x8000178c (0x01eb1d13) slli    s10, s6, 30
core   0: 3 0x8000178c (0x01eb1d13) x26 0x00000000
core   0: 0x80001790 (0x1b812f23) sw      s8, 446(sp)
core   0: 3 0x80001790 (0x1b812f23) mem 0x8001a46c 0x0000002e
core   0: 0x80001794 (0x28c10303) lb      t1, 652(sp)
core   0: 3 0x80001794 (0x28c10303) x 6 0xfffffff1 mem 0x8001a53a
core   0: 0x80001798 (0x00011697) auipc   a3, 0x11
core   0: 3 0x80001798 (0x00011697) x13 0x80012798
core   0: 0x8000179c (0x63d68693) addi    a3, a3, 1597
core   0: 3 0x8000179c (0x63d68693) x13 0x80012dd5
core   0: 0x800017a0 (0x0106c903) lbu     s2, 16(a3)
core   0: 3 0x800017a0 (0x0106c903) x18 0x0000009e mem 0x80012de5
core   0: 0x800017a4 (0x00db3bb3) sltu    s7, s6, a3
core   0: 3 0x800017a4 (0x00db3bb3) x23 0x00000000
core   0: 0x800017a8 (0x0106c483) lbu     s1, 16(a3)
core   0: 3 0x800017a8 (0x0106c483) x 9 0x0000009e mem 0x80012de5
core   0: 0x800017ac (0x00d68823) sb      a3, 16(a3)
core   0: 3 0x800017ac (0x00d68823) mem 0x80012de5 0xd5
core   0: 0x800017b0 (0x0106c383) lbu     t2, 16(a3)
core   0: 3 0x800017b0 (0x0106c383) x 7 0x000000d5 mem 0x80012de5
core   0: 0x800017b4 (0x011752b3) srl     t0, a4, a7
core   0: 3 0x800017b4 (0x011752b3) x 5 0x0001ffff
core   0: 0x800017b8 (0x01068e83) lb      t4, 16(a3)
core   0: 3 0x800017b8 (0x01068e83) x29 0xffffffd5 mem 0x80012de5
core   0: 0x800017bc (0x01168823) sb      a7, 16(a3)
core   0: 3 0x800017bc (0x01168823) mem 0x80012de5 0xf
core   0: 0x800017c0 (0x0106ca03) lbu     s4, 16(a3)
core   0: 3 0x800017c0 (0x0106ca03) x20 0x0000000f mem 0x80012de5
core   0: 0x800017c4 (0x8014f813) andi    a6, s1, -2047
core   0: 3 0x800017c4 (0x8014f813) x16 0x00000000
core   0: 0x800017c8 (0x00b5df33) srl     t5, a1, a1
core   0: 3 0x800017c8 (0x00b5df33) x30 0x80005460
core   0: 0x800017cc (0x01068503) lb      a0, 16(a3)
core   0: 3 0x800017cc (0x01068503) x10 0x0000000f mem 0x80012de5
core   0: 0x800017d0 (0x00182c33) slt     s8, a6, ra
core   0: 3 0x800017d0 (0x00182c33) x24 0x00000000
core   0: 0x800017d4 (0x0106ca03) lbu     s4, 16(a3)
core   0: 3 0x800017d4 (0x0106ca03) x20 0x0000000f mem 0x80012de5
core   0: 0x800017d8 (0x01068703) lb      a4, 16(a3)
core   0: 3 0x800017d8 (0x01068703) x14 0x0000000f mem 0x80012de5
core   0: 0x800017dc (0x00b68823) sb      a1, 16(a3)
core   0: 3 0x800017dc (0x00b68823) mem 0x80012de5 0x60
core   0: 0x800017e0 (0x01568823) sb      s5, 16(a3)
core   0: 3 0x800017e0 (0x01568823) mem 0x80012de5 0x0
core   0: 0x800017e4 (0x0106cf83) lbu     t6, 16(a3)
core   0: 3 0x800017e4 (0x0106cf83) x31 0x00000000 mem 0x80012de5
core   0: 0x800017e8 (0x0106c883) lbu     a7, 16(a3)
core   0: 3 0x800017e8 (0x0106c883) x17 0x00000000 mem 0x80012de5
core   0: 0x800017ec (0x00468823) sb      tp, 16(a3)
core   0: 3 0x800017ec (0x00468823) mem 0x80012de5 0xe4
core   0: 0x800017f0 (0x01068503) lb      a0, 16(a3)
core   0: 3 0x800017f0 (0x01068503) x10 0xffffffe4 mem 0x80012de5
core   0: 0x800017f4 (0x01268823) sb      s2, 16(a3)
core   0: 3 0x800017f4 (0x01268823) mem 0x80012de5 0x9e
core   0: 0x800017f8 (0x451afc13) andi    s8, s5, 1105
core   0: 3 0x800017f8 (0x451afc13) x24 0x00000000
core   0: 0x800017fc (0x0106c483) lbu     s1, 16(a3)
core   0: 3 0x800017fc (0x0106c483) x 9 0x0000009e mem 0x80012de5
core   0: 0x80001800 (0x0106ca03) lbu     s4, 16(a3)
core   0: 3 0x80001800 (0x0106ca03) x20 0x0000009e mem 0x80012de5
core   0: 0x80001804 (0x01068783) lb      a5, 16(a3)
core   0: 3 0x80001804 (0x01068783) x15 0xffffff9e mem 0x80012de5
core   0: 0x80001808 (0x00011317) auipc   t1, 0x11
core   0: 3 0x80001808 (0x00011317) x 6 0x80012808
core   0: 0x8000180c (0x5ce30313) addi    t1, t1, 1486
core   0: 3 0x8000180c (0x5ce30313) x 6 0x80012dd6
core   0: 0x80001810 (0x00011a97) auipc   s5, 0x11
core   0: 3 0x80001810 (0x00011a97) x21 0x80012810
core   0: 0x80001814 (0xc2da8a93) addi    s5, s5, -979
core   0: 3 0x80001814 (0xc2da8a93) x21 0x8001243d
core   0: 0x80001818 (0xfcf309a3) sb      a5, -45(t1)
core   0: 3 0x80001818 (0xfcf309a3) mem 0x80012da9 0x9e
core   0: 0x8000181c (0x014304a3) sb      s4, 9(t1)
core   0: 3 0x8000181c (0x014304a3) mem 0x80012ddf 0x9e
core   0: 0x80001820 (0x00011497) auipc   s1, 0x11
core   0: 3 0x80001820 (0x00011497) x 9 0x80012820
core   0: 0x80001824 (0xe7a48493) addi    s1, s1, -390
core   0: 3 0x80001824 (0xe7a48493) x 9 0x8001269a
core   0: 0x80001828 (0x00149223) sh      ra, 4(s1)
core   0: 3 0x80001828 (0x00149223) mem 0x8001269e 0x15e0
core   0: 0x8000182c (0x00011397) auipc   t2, 0x11
core   0: 3 0x8000182c (0x00011397) x 7 0x8001282c
core   0: 0x80001830 (0x67538393) addi    t2, t2, 1653
core   0: 3 0x80001830 (0x67538393) x 7 0x80012ea1
core   0: 0x80001834 (0x004487a3) sb      tp, 15(s1)
core   0: 3 0x80001834 (0x004487a3) mem 0x800126a9 0xe4
core   0: 0x80001838 (0xfd430283) lb      t0, -44(t1)
core   0: 3 0x80001838 (0xfd430283) x 5 0x00000061 mem 0x80012daa
core   0: 0x8000183c (0xff830c03) lb      s8, -8(t1)
core   0: 3 0x8000183c (0xff830c03) x24 0xffffff85 mem 0x80012dce
core   0: 0x80001840 (0x038a8d23) sb      s8, 58(s5)
core   0: 3 0x80001840 (0x038a8d23) mem 0x80012477 0x85
core   0: 0x80001844 (0x04a3cf83) lbu     t6, 74(t2)
core   0: 3 0x80001844 (0x04a3cf83) x31 0x000000a0 mem 0x80012eeb
core   0: 0x80001848 (0x00530683) lb      a3, 5(t1)
core   0: 3 0x80001848 (0x00530683) x13 0xffffff90 mem 0x80012ddb
core   0: 0x8000184c (0x00fa8e03) lb      t3, 15(s5)
core   0: 3 0x8000184c (0x00fa8e03) x28 0x00000007 mem 0x8001244c
core   0: 0x80001850 (0xffe4ad03) lw      s10, -2(s1)
core   0: 3 0x80001850 (0xffe4ad03) x26 0x50515253 mem 0x80012698
core   0: 0x80001854 (0x024a8a23) sb      tp, 52(s5)
core   0: 3 0x80001854 (0x024a8a23) mem 0x80012471 0xe4
core   0: 0x80001858 (0x00011b97) auipc   s7, 0x11
core   0: 3 0x80001858 (0x00011b97) x23 0x80012858
core   0: 0x8000185c (0x342b8b93) addi    s7, s7, 834
core   0: 3 0x8000185c (0x342b8b93) x23 0x80012b9a
core   0: 0x80001860 (0xfd3a98a3) sh      s3, -47(s5)
core   0: 3 0x80001860 (0xfd3a98a3) mem 0x8001240e 0xec9c
core   0: 0x80001864 (0xfee35283) lhu     t0, -18(t1)
core   0: 3 0x80001864 (0xfee35283) x 5 0x00007e7f mem 0x80012dc4
core   0: 0x80001868 (0x020ba523) sw      zero, 42(s7)
core   0: 3 0x80001868 (0x020ba523) mem 0x80012bc4 0x00000000
core   0: 0x8000186c (0xfc4b80a3) sb      tp, -63(s7)
core   0: 3 0x8000186c (0xfc4b80a3) mem 0x80012b5b 0xe4
core   0: 0x80001870 (0x01a34d83) lbu     s11, 26(t1)
core   0: 3 0x80001870 (0x01a34d83) x27 0x000000ab mem 0x80012df0
core   0: 0x80001874 (0x0044d183) lhu     gp, 4(s1)
core   0: 3 0x80001874 (0x0044d183) x 3 0x000015e0 mem 0x8001269e
core   0: 0x80001878 (0x007ad783) lhu     a5, 7(s5)
core   0: 3 0x80001878 (0x007ad783) x15 0x0000feff mem 0x80012444
core   0: 0x8000187c (0x01e31003) lh      zero, 30(t1)
core   0: 3 0x8000187c (0x01e31003) mem 0x80012df4
core   0: 0x80001880 (0x00849283) lh      t0, 8(s1)
core   0: 3 0x80001880 (0x00849283) x 5 0x00005859 mem 0x800126a2
core   0: 0x80001884 (0x016ac103) lbu     sp, 22(s5)
core   0: 3 0x80001884 (0x016ac103) x 2 0x00000008 mem 0x80012453
core   0: 0x80001888 (0xfec35f03) lhu     t5, -20(t1)
core   0: 3 0x80001888 (0xfec35f03) x30 0x00007879 mem 0x80012dc2
core   0: 0x8000188c (0x01e48723) sb      t5, 14(s1)
core   0: 3 0x8000188c (0x01e48723) mem 0x800126a8 0x79
core   0: 0x80001890 (0xfc0bc183) lbu     gp, -64(s7)
core   0: 3 0x80001890 (0xfc0bc183) x 3 0x00000011 mem 0x80012b5a
core   0: 0x80001894 (0x008a8583) lb      a1, 8(s5)
core   0: 3 0x80001894 (0x008a8583) x11 0xfffffffe mem 0x80012445
core   0: 0x80001898 (0xf8f38f03) lb      t5, -113(t2)
core   0: 3 0x80001898 (0xf8f38f03) x30 0xffffffeb mem 0x80012e30
core   0: 0x8000189c (0xafb38e23) sb      s11, -1284(t2)
core   0: 3 0x8000189c (0xafb38e23) mem 0x8001299d 0xab
core   0: 0x800018a0 (0x0044d883) lhu     a7, 4(s1)
core   0: 3 0x800018a0 (0x0044d883) x17 0x000015e0 mem 0x8001269e
core   0: 0x800018a4 (0xff1bcf03) lbu     t5, -15(s7)
core   0: 3 0x800018a4 (0xff1bcf03) x30 0x00000040 mem 0x80012b8b
core   0: 0x800018a8 (0xff030da3) sb      a6, -5(t1)
core   0: 3 0x800018a8 (0xff030da3) mem 0x80012dd1 0x0
core   0: 0x800018ac (0x02ea8023) sb      a4, 32(s5)
core   0: 3 0x800018ac (0x02ea8023) mem 0x8001245d 0xf
core   0: 0x800018b0 (0xf4a38f03) lb      t5, -182(t2)
core   0: 3 0x800018b0 (0xf4a38f03) x30 0xffffffa0 mem 0x80012deb
core   0: 0x800018b4 (0x022a8ca3) sb      sp, 57(s5)
core   0: 3 0x800018b4 (0x022a8ca3) mem 0x80012476 0x8
core   0: 0x800018b8 (0xeb33c103) lbu     sp, -333(t2)
core   0: 3 0x800018b8 (0xeb33c103) x 2 0x0000000f mem 0x80012d54
core   0: 0x800018bc (0x003baf23) sw      gp, 30(s7)
core   0: 3 0x800018bc (0x003baf23) mem 0x80012bb8 0x00000011
core   0: 0x800018c0 (0xf403a5a3) sw      zero, -181(t2)
core   0: 3 0x800018c0 (0xf403a5a3) mem 0x80012dec 0x00000000
core   0: 0x800018c4 (0x0001a117) auipc   sp, 0x1a
core   0: 3 0x800018c4 (0x0001a117) x 2 0x8001b8c4
core   0: 0x800018c8 (0x97210113) addi    sp, sp, -1678
core   0: 3 0x800018c8 (0x97210113) x 2 0x8001b236
core   0: 0x800018cc (0x01a2d693) srli    a3, t0, 26
core   0: 3 0x800018cc (0x01a2d693) x13 0x00000000
core   0: 0x800018d0 (0xfad108a3) sb      a3, -79(sp)
core   0: 3 0x800018d0 (0xfad108a3) mem 0x8001b1e7 0x0
core   0: 0x800018d4 (0x06e12683) lw      a3, 110(sp)
core   0: 3 0x800018d4 (0x06e12683) x13 0x5c5d5e5f mem 0x8001b2a4
core   0: 0x800018d8 (0x403552b3) sra     t0, a0, gp
core   0: 3 0x800018d8 (0x403552b3) x 5 0xffffffff
core   0: 0x800018dc (0x0fe0a513) slti    a0, ra, 254
core   0: 3 0x800018dc (0x0fe0a513) x10 0x00000001
core   0: 0x800018e0 (0x04110083) lb      ra, 65(sp)
core   0: 3 0x800018e0 (0x04110083) x 1 0x0000002c mem 0x8001b277
core   0: 0x800018e4 (0x7376f513) andi    a0, a3, 1847
core   0: 3 0x800018e4 (0x7376f513) x10 0x00000617
core   0: 0x800018e8 (0xf9f10183) lb      gp, -97(sp)
core   0: 3 0x800018e8 (0xf9f10183) x 3 0xffffff8e mem 0x8001b1d5
core   0: 0x800018ec (0xf0612503) lw      a0, -250(sp)
core   0: 3 0x800018ec (0xf0612503) x10 0xf4f5f6f7 mem 0x8001b13c
core   0: 0x800018f0 (0xfd415583) lhu     a1, -44(sp)
core   0: 3 0x800018f0 (0xfd415583) x11 0x0000c0c1 mem 0x8001b20a
core   0: 0x800018f4 (0x0000100f) fence.i
core   0: 3 0x800018f4 (0x0000100f)
core   0: 0x800018f8 (0x001515b3) sll     a1, a0, ra
core   0: 3 0x800018f8 (0x001515b3) x11 0x5f6f7000
core   0: 0x800018fc (0x00714503) lbu     a0, 7(sp)
core   0: 3 0x800018fc (0x00714503) x10 0x000000f6 mem 0x8001b23d
core   0: 0x80001900 (0x0000100f) fence.i
core   0: 3 0x80001900 (0x0000100f)
core   0: 0x80001904 (0xfa714503) lbu     a0, -89(sp)
core   0: 3 0x80001904 (0xfa714503) x10 0x00000096 mem 0x8001b1dd
core   0: 0x80001908 (0x0056e5b3) or      a1, a3, t0
core   0: 3 0x80001908 (0x0056e5b3) x11 0xffffffff
core   0: 0x8000190c (0x0036b0b3) sltu    ra, a3, gp
core   0: 3 0x8000190c (0x0036b0b3) x 1 0x00000001
core   0: 0x80001910 (0x005506b3) add     a3, a0, t0
core   0: 3 0x80001910 (0x005506b3) x13 0x00000095
core   0: 0x80001914 (0xf5410503) lb      a0, -172(sp)
core   0: 3 0x80001914 (0xf5410503) x10 0x00000041 mem 0x8001b18a
core   0: 0x80001918 (0x3e95e293) ori     t0, a1, 1001
core   0: 3 0x80001918 (0x3e95e293) x 5 0xffffffff
core   0: 0x8000191c (0xfa710283) lb      t0, -89(sp)
core   0: 3 0x8000191c (0xfa710283) x 5 0xffffff96 mem 0x8001b1dd
core   0: 0x80001920 (0xdfa6c093) xori    ra, a3, -518
core   0: 3 0x80001920 (0xdfa6c093) x 1 0xfffffd6f
core   0: 0x80001924 (0x06510183) lb      gp, 101(sp)
core   0: 3 0x80001924 (0x06510183) x 3 0x00000050 mem 0x8001b29b
core   0: 0x80001928 (0x0050d0b3) srl     ra, ra, t0
core   0: 3 0x80001928 (0x0050d0b3) x 1 0x000003ff
core   0: 0x8000192c (0xf2910503) lb      a0, -215(sp)
core   0: 3 0x8000192c (0xf2910503) x10 0x00000014 mem 0x8001b15f
core   0: 0x80001930 (0x7a56b293) sltiu   t0, a3, 1957
core   0: 3 0x80001930 (0x7a56b293) x 5 0x00000001
core   0: 0x80001934 (0x02410503) lb      a0, 36(sp)
core   0: 3 0x80001934 (0x02410503) x10 0x00000011 mem 0x8001b25a
core   0: 0x80001938 (0x67d53513) sltiu   a0, a0, 1661
core   0: 3 0x80001938 (0x67d53513) x10 0x00000001
core   0: 0x8000193c (0xae328193) addi    gp, t0, -1309
core   0: 3 0x8000193c (0xae328193) x 3 0xfffffae4
core   0: 0x80001940 (0x00d695b3) sll     a1, a3, a3
core   0: 3 0x80001940 (0x00d695b3) x11 0x12a00000
core   0: 0x80001944 (0x40d6d533) sra     a0, a3, a3
core   0: 3 0x80001944 (0x40d6d533) x10 0x00000000
core   0: 0x80001948 (0xfa514683) lbu     a3, -91(sp)
core   0: 3 0x80001948 (0xfa514683) x13 0x00000090 mem 0x8001b1db
core   0: 0x8000194c (0x9de28593) addi    a1, t0, -1570
core   0: 3 0x8000194c (0x9de28593) x11 0xfffff9df
core   0: 0x80001950 (0x32453293) sltiu   t0, a0, 804
core   0: 3 0x80001950 (0x32453293) x 5 0x00000001
core   0: 0x80001954 (0x00d512b3) sll     t0, a0, a3
core   0: 3 0x80001954 (0x00d512b3) x 5 0x00000000
core   0: 0x80001958 (0x0ce11283) lh      t0, 206(sp)
core   0: 3 0x80001958 (0x0ce11283) x 5 0xffffbebf mem 0x8001b304
core   0: 0x8000195c (0xc5728513) addi    a0, t0, -937
core   0: 3 0x8000195c (0xc5728513) x10 0xffffbb16
core   0: 0x80001960 (0x40b2d1b3) sra     gp, t0, a1
core   0: 3 0x80001960 (0x40b2d1b3) x 3 0xffffffff
core   0: 0x80001964 (0x40b2d6b3) sra     a3, t0, a1
core   0: 3 0x80001964 (0x40b2d6b3) x13 0xffffffff
core   0: 0x80001968 (0xf5114503) lbu     a0, -175(sp)
core   0: 3 0x80001968 (0xf5114503) x10 0x0000003c mem 0x8001b187
core   0: 0x8000196c (0x0000100f) fence.i
core   0: 3 0x8000196c (0x0000100f)
core   0: 0x80001970 (0xf4310823) sb      gp, -176(sp)
core   0: 3 0x80001970 (0xf4310823) mem 0x8001b186 0xff
core   0: 0x80001974 (0x0000100f) fence.i
core   0: 3 0x80001974 (0x0000100f)
core   0: 0x80001978 (0xf2a10d23) sb      a0, -198(sp)
core   0: 3 0x80001978 (0xf2a10d23) mem 0x8001b170 0x3c
core   0: 0x8000197c (0xf15fc517) auipc   a0, 0xf15fc
core   0: 3 0x8000197c (0xf15fc517) x10 0x715fd97c
core   0: 0x80001980 (0x4015d533) sra     a0, a1, ra
core   0: 3 0x80001980 (0x4015d533) x10 0xffffffff
core   0: 0x80001984 (0x0f758693) addi    a3, a1, 247
core   0: 3 0x80001984 (0x0f758693) x13 0xfffffad6
core   0: 0x80001988 (0x01c14183) lbu     gp, 28(sp)
core   0: 3 0x80001988 (0x01c14183) x 3 0x00000009 mem 0x8001b252
core   0: 0x8000198c (0x00011117) auipc   sp, 0x11
core   0: 3 0x8000198c (0x00011117) x 2 0x8001298c
core   0: 0x80001990 (0x5fe10113) addi    sp, sp, 1534
core   0: 3 0x80001990 (0x5fe10113) x 2 0x80012f8a
core   0: 0x80001994 (0x00befe33) and     t3, t4, a1
core   0: 3 0x80001994 (0x00befe33) x28 0xfffff9d5
core   0: 0x80001998 (0x01c467b3) or      a5, s0, t3
core   0: 3 0x80001998 (0x01c467b3) x15 0xfffff9d7
core   0: 0x8000199c (0x02c10803) lb      a6, 44(sp)
core   0: 3 0x8000199c (0x02c10803) x16 0x0000006d mem 0x80012fb6
core   0: 0x800019a0 (0x02c15283) lhu     t0, 44(sp)
core   0: 3 0x800019a0 (0x02c15283) x 5 0x00006c6d mem 0x80012fb6
core   0: 0x800019a4 (0x02c14283) lbu     t0, 44(sp)
core   0: 3 0x800019a4 (0x02c14283) x 5 0x0000006d mem 0x80012fb6
core   0: 0x800019a8 (0x02c14283) lbu     t0, 44(sp)
core   0: 3 0x800019a8 (0x02c14283) x 5 0x0000006d mem 0x80012fb6
core   0: 0x800019ac (0x02c15483) lhu     s1, 44(sp)
core   0: 3 0x800019ac (0x02c15483) x 9 0x00006c6d mem 0x80012fb6
core   0: 0x800019b0 (0x007323b3) slt     t2, t1, t2
core   0: 3 0x800019b0 (0x007323b3) x 7 0x00000001
core   0: 0x800019b4 (0xacf38d97) auipc   s11, 0xacf38
core   0: 3 0x800019b4 (0xacf38d97) x27 0x2cf399b4
core   0: 0x800019b8 (0x02110623) sb      ra, 44(sp)
core   0: 3 0x800019b8 (0x02110623) mem 0x80012fb6 0xff
core   0: 0x800019bc (0xcea26493) ori     s1, tp, -790
core   0: 3 0x800019bc (0xcea26493) x 9 0xfffffcee
core   0: 0x800019c0 (0x02c14383) lbu     t2, 44(sp)
core   0: 3 0x800019c0 (0x02c14383) x 7 0x000000ff mem 0x80012fb6
core   0: 0x800019c4 (0x02c14a83) lbu     s5, 44(sp)
core   0: 3 0x800019c4 (0x02c14a83) x21 0x000000ff mem 0x80012fb6
core   0: 0x800019c8 (0x03f11623) sh      t6, 44(sp)
core   0: 3 0x800019c8 (0x03f11623) mem 0x80012fb6 0x00a0
core   0: 0x800019cc (0x02c10c03) lb      s8, 44(sp)
core   0: 3 0x800019cc (0x02c10c03) x24 0xffffffa0 mem 0x80012fb6
core   0: 0x800019d0 (0x02c11683) lh      a3, 44(sp)
core   0: 3 0x800019d0 (0x02c11683) x13 0x000000a0 mem 0x80012fb6
core   0: 0x800019d4 (0x0001ee17) auipc   t3, 0x1e
core   0: 3 0x800019d4 (0x0001ee17) x28 0x8001f9d4
core   0: 0x800019d8 (0x309e0e13) addi    t3, t3, 777
core   0: 3 0x800019d8 (0x309e0e13) x28 0x8001fcdd
core   0: 0x800019dc (0x0001dc17) auipc   s8, 0x1d
core   0: 3 0x800019dc (0x0001dc17) x24 0x8001e9dc
core   0: 0x800019e0 (0xee4c0c13) addi    s8, s8, -284
core   0: 3 0x800019e0 (0xee4c0c13) x24 0x8001e8c0
core   0: 0x800019e4 (0xff5e4483) lbu     s1, -11(t3)
core   0: 3 0x800019e4 (0xff5e4483) x 9 0x00000089 mem 0x8001fcd2
core   0: 0x800019e8 (0x001e0683) lb      a3, 1(t3)
core   0: 3 0x800019e8 (0x001e0683) x13 0xffffff95 mem 0x8001fcde
core   0: 0x800019ec (0xff4c2383) lw      t2, -12(s8)
core   0: 3 0x800019ec (0xff4c2383) x 7 0x6c6d6e6f mem 0x8001e8b4
core   0: 0x800019f0 (0x0001a117) auipc   sp, 0x1a
core   0: 3 0x800019f0 (0x0001a117) x 2 0x8001b9f0
core   0: 0x800019f4 (0x29510113) addi    sp, sp, 661
core   0: 3 0x800019f4 (0x29510113) x 2 0x8001bc85
core   0: 0x800019f8 (0x034c2403) lw      s0, 52(s8)
core   0: 3 0x800019f8 (0x034c2403) x 8 0xacadaeaf mem 0x8001e8f4
core   0: 0x800019fc (0x00016317) auipc   t1, 0x16
core   0: 3 0x800019fc (0x00016317) x 6 0x800179fc
core   0: 0x80001a00 (0x81c30313) addi    t1, t1, -2020
core   0: 3 0x80001a00 (0x81c30313) x 6 0x80017218
core   0: 0x80001a04 (0x3c610b83) lb      s7, 966(sp)
core   0: 3 0x80001a04 (0x3c610b83) x23 0x00000000 mem 0x8001c04b
core   0: 0x80001a08 (0xff432c83) lw      s9, -12(t1)
core   0: 3 0x80001a08 (0xff432c83) x25 0xc4c5c6c7 mem 0x8001720c
core   0: 0x80001a0c (0x006e4403) lbu     s0, 6(t3)
core   0: 3 0x80001a0c (0x006e4403) x 8 0x00000098 mem 0x8001fce3
core   0: 0x80001a10 (0x7d710383) lb      t2, 2007(sp)
core   0: 3 0x80001a10 (0x7d710383) x 7 0x00000017 mem 0x8001c45c
core   0: 0x80001a14 (0xff834b83) lbu     s7, -8(t1)
core   0: 3 0x80001a14 (0xff834b83) x23 0x000000cb mem 0x80017210
core   0: 0x80001a18 (0xa5b11c83) lh      s9, -1445(sp)
core   0: 3 0x80001a18 (0xa5b11c83) x25 0xffff9a9b mem 0x8001b6e0
core   0: 0x80001a1c (0x009c4b83) lbu     s7, 9(s8)
core   0: 3 0x80001a1c (0x009c4b83) x23 0x00000082 mem 0x8001e8c9
core   0: 0x80001a20 (0x01931323) sh      s9, 6(t1)
core   0: 3 0x80001a20 (0x01931323) mem 0x8001721e 0x9a9b
core   0: 0x80001a24 (0x005c02a3) sb      t0, 5(s8)
core   0: 3 0x80001a24 (0x005c02a3) mem 0x8001e8c5 0x6d
core   0: 0x80001a28 (0xff0e4f83) lbu     t6, -16(t3)
core   0: 3 0x80001a28 (0xff0e4f83) x31 0x00000086 mem 0x8001fccd
core   0: 0x80001a2c (0x033c0d23) sb      s3, 58(s8)
core   0: 3 0x80001a2c (0x033c0d23) mem 0x8001e8fa 0x9c
core   0: 0x80001a30 (0xffcc5603) lhu     a2, -4(s8)
core   0: 3 0x80001a30 (0xffcc5603) x12 0x00007677 mem 0x8001e8bc
core   0: 0x80001a34 (0xff4e0d83) lb      s11, -12(t3)
core   0: 3 0x80001a34 (0xff4e0d83) x27 0xffffff8a mem 0x8001fcd1
core   0: 0x80001a38 (0xf2d10483) lb      s1, -211(sp)
core   0: 3 0x80001a38 (0xf2d10483) x 9 0x00000069 mem 0x8001bbb2
core   0: 0x80001a3c (0x01831123) sh      s8, 2(t1)
core   0: 3 0x80001a3c (0x01831123) mem 0x8001721a 0xe8c0
core   0: 0x80001a40 (0x4a915183) lhu     gp, 1193(sp)
core   0: 3 0x80001a40 (0x4a915183) x 3 0x0000e4e5 mem 0x8001c12e
core   0: 0x80001a44 (0x029c0083) lb      ra, 41(s8)
core   0: 3 0x80001a44 (0x029c0083) x 1 0xffffffa2 mem 0x8001e8e9
core   0: 0x80001a48 (0xff934783) lbu     a5, -7(t1)
core   0: 3 0x80001a48 (0xff934783) x15 0x000000ca mem 0x80017211
core   0: 0x80001a4c (0x00012117) auipc   sp, 0x12
core   0: 3 0x80001a4c (0x00012117) x 2 0x80013a4c
core   0: 0x80001a50 (0xa5f10113) addi    sp, sp, -1441
core   0: 3 0x80001a50 (0xa5f10113) x 2 0x800134ab
core   0: 0x80001a54 (0xff715803) lhu     a6, -9(sp)
core   0: 3 0x80001a54 (0xff715803) x16 0x00005859 mem 0x800134a2
core   0: 0x80001a58 (0x00114683) lbu     a3, 1(sp)
core   0: 3 0x80001a58 (0x00114683) x13 0x00000067 mem 0x800134ac
core   0: 0x80001a5c (0x00514903) lbu     s2, 5(sp)
core   0: 3 0x80001a5c (0x00514903) x18 0x0000006b mem 0x800134b0
core   0: 0x80001a60 (0x0064f3b3) and     t2, s1, t1
core   0: 3 0x80001a60 (0x0064f3b3) x 7 0x00000008
core   0: 0x80001a64 (0x019e9913) slli    s2, t4, 25
core   0: 3 0x80001a64 (0x019e9913) x18 0xaa000000
core   0: 0x80001a68 (0x016115a3) sh      s6, 11(sp)
core   0: 3 0x80001a68 (0x016115a3) mem 0x800134b6 0x7e64
core   0: 0x80001a6c (0x0017df13) srli    t5, a5, 1
core   0: 3 0x80001a6c (0x0017df13) x30 0x00000065
core   0: 0x80001a70 (0x01b82d33) slt     s10, a6, s11
core   0: 3 0x80001a70 (0x01b82d33) x26 0x00000000
core   0: 0x80001a74 (0x01439333) sll     t1, t2, s4
core   0: 3 0x80001a74 (0x01439333) x 6 0x00000000
core   0: 0x80001a78 (0xff214303) lbu     t1, -14(sp)
core   0: 3 0x80001a78 (0xff214303) x 6 0x00000056 mem 0x8001349d
core   0: 0x80001a7c (0x5b837b93) andi    s7, t1, 1464
core   0: 3 0x80001a7c (0x5b837b93) x23 0x00000010
core   0: 0x80001a80 (0x00cc2bb3) slt     s7, s8, a2
core   0: 3 0x80001a80 (0x00cc2bb3) x23 0x00000001
core   0: 0x80001a84 (0x003111a3) sh      gp, 3(sp)
core   0: 3 0x80001a84 (0x003111a3) mem 0x800134ae 0xe4e5
core   0: 0x80001a88 (0x011dda13) srli    s4, s11, 17
core   0: 3 0x80001a88 (0x011dda13) x20 0x00007fff
core   0: 0x80001a8c (0x00a10c83) lb      s9, 10(sp)
core   0: 3 0x80001a8c (0x00a10c83) x25 0x0000006e mem 0x800134b5
core   0: 0x80001a90 (0x017ed333) srl     t1, t4, s7
core   0: 3 0x80001a90 (0x017ed333) x 6 0x7fffffea
core   0: 0x80001a94 (0xff410903) lb      s2, -12(sp)
core   0: 3 0x80001a94 (0xff410903) x18 0x00000054 mem 0x8001349f
core   0: 0x80001a98 (0x00310803) lb      a6, 3(sp)
core   0: 3 0x80001a98 (0x00310803) x16 0xffffffe5 mem 0x800134ae
core   0: 0x80001a9c (0x96170a13) addi    s4, a4, -1695
core   0: 3 0x80001a9c (0x96170a13) x20 0xfffff970
core   0: 0x80001aa0 (0x00610a83) lb      s5, 6(sp)
core   0: 3 0x80001aa0 (0x00610a83) x21 0x0000006a mem 0x800134b1
core   0: 0x80001aa4 (0xfff15b83) lhu     s7, -1(sp)
core   0: 3 0x80001aa4 (0xfff15b83) x23 0x00006061 mem 0x800134aa
core   0: 0x80001aa8 (0x00915903) lhu     s2, 9(sp)
core   0: 3 0x80001aa8 (0x00915903) x18 0x00006e6f mem 0x800134b4
core   0: 0x80001aac (0xff814d03) lbu     s10, -8(sp)
core   0: 3 0x80001aac (0xff814d03) x26 0x00000058 mem 0x800134a3
core   0: 0x80001ab0 (0xffd10b23) sb      t4, -10(sp)
core   0: 3 0x80001ab0 (0xffd10b23) mem 0x800134a1 0xd5
core   0: 0x80001ab4 (0x017e2cb3) slt     s9, t3, s7
core   0: 3 0x80001ab4 (0x017e2cb3) x25 0x00000001
core   0: 0x80001ab8 (0x00515183) lhu     gp, 5(sp)
core   0: 3 0x80001ab8 (0x00515183) x 3 0x00006a6b mem 0x800134b0
core   0: 0x80001abc (0x039fbf13) sltiu   t5, t6, 57
core   0: 3 0x80001abc (0x039fbf13) x30 0x00000000
core   0: 0x80001ac0 (0x00e14d83) lbu     s11, 14(sp)
core   0: 3 0x80001ac0 (0x00e14d83) x27 0x00000072 mem 0x800134b9
core   0: 0x80001ac4 (0x01410223) sb      s4, 4(sp)
core   0: 3 0x80001ac4 (0x01410223) mem 0x800134af 0x70
core   0: 0x80001ac8 (0x9aff6293) ori     t0, t5, -1617
core   0: 3 0x80001ac8 (0x9aff6293) x 5 0xfffff9af
core   0: 0x80001acc (0x00c10183) lb      gp, 12(sp)
core   0: 3 0x80001acc (0x00c10183) x 3 0x0000007e mem 0x800134b7
core   0: 0x80001ad0 (0xfe110da3) sb      ra, -5(sp)
core   0: 3 0x80001ad0 (0xfe110da3) mem 0x800134a6 0xa2
core   0: 0x80001ad4 (0x011116a3) sh      a7, 13(sp)
core   0: 3 0x80001ad4 (0x011116a3) mem 0x800134b8 0x15e0
core   0: 0x80001ad8 (0x00eeaa33) slt     s4, t4, a4
core   0: 3 0x80001ad8 (0x00eeaa33) x20 0x00000001
core   0: 0x80001adc (0xfff11883) lh      a7, -1(sp)
core   0: 3 0x80001adc (0xfff11883) x17 0x00006061 mem 0x800134aa
core   0: 0x80001ae0 (0xff010503) lb      a0, -16(sp)
core   0: 3 0x80001ae0 (0xff010503) x10 0x00000050 mem 0x8001349b
core   0: 0x80001ae4 (0x015115a3) sh      s5, 11(sp)
core   0: 3 0x80001ae4 (0x015115a3) mem 0x800134b6 0x006a
core   0: 0x80001ae8 (0xff410783) lb      a5, -12(sp)
core   0: 3 0x80001ae8 (0xff410783) x15 0x00000054 mem 0x8001349f
core   0: 0x80001aec (0x00a10903) lb      s2, 10(sp)
core   0: 3 0x80001aec (0x00a10903) x18 0x0000006e mem 0x800134b5
core   0: 0x80001af0 (0xffc14803) lbu     a6, -4(sp)
core   0: 3 0x80001af0 (0xffc14803) x16 0x0000005c mem 0x800134a7
core   0: 0x80001af4 (0x00000013) nop
core   0: 3 0x80001af4 (0x00000013)
core   0: 0x80001af8 (0x017a0033) add     zero, s4, s7
core   0: 3 0x80001af8 (0x017a0033)
core   0: 0x80001afc (0x404fd033) sra     zero, t6, tp
core   0: 3 0x80001afc (0x404fd033)
core   0: 0x80001b00 (0xffd14183) lbu     gp, -3(sp)
core   0: 3 0x80001b00 (0xffd14183) x 3 0x00000063 mem 0x800134a8
core   0: 0x80001b04 (0xff010183) lb      gp, -16(sp)
core   0: 3 0x80001b04 (0xff010183) x 3 0x00000050 mem 0x8001349b
core   0: 0x80001b08 (0x00014e97) auipc   t4, 0x14
core   0: 3 0x80001b08 (0x00014e97) x29 0x80015b08
core   0: 0x80001b0c (0x0d2e8e93) addi    t4, t4, 210
core   0: 3 0x80001b0c (0x0d2e8e93) x29 0x80015bda
core   0: 0x80001b10 (0x00010297) auipc   t0, 0x10
core   0: 3 0x80001b10 (0x00010297) x 5 0x80011b10
core   0: 0x80001b14 (0x7b428293) addi    t0, t0, 1972
core   0: 3 0x80001b14 (0x7b428293) x 5 0x800122c4
core   0: 0x80001b18 (0x0c7e9a23) sh      t2, 212(t4)
core   0: 3 0x80001b18 (0x0c7e9a23) mem 0x80015cae 0x0008
core   0: 0x80001b1c (0xf4aeaa03) lw      s4, -182(t4)
core   0: 3 0x80001b1c (0xf4aeaa03) x20 0xdcdddedf mem 0x80015b24
core   0: 0x80001b20 (0xf5fe9423) sh      t6, -184(t4)
core   0: 3 0x80001b20 (0xf5fe9423) mem 0x80015b22 0x0086
core   0: 0x80001b24 (0xf5628f83) lb      t6, -170(t0)
core   0: 3 0x80001b24 (0xf5628f83) x31 0xffffffd1 mem 0x8001221a
core   0: 0x80001b28 (0xfa02aa83) lw      s5, -96(t0)
core   0: 3 0x80001b28 (0xfa02aa83) x21 0x1c1d1e1f mem 0x80012264
core   0: 0x80001b2c (0xf372c483) lbu     s1, -201(t0)
core   0: 3 0x80001b2c (0xf372c483) x 9 0x000000b0 mem 0x800121fb
core   0: 0x80001b30 (0x0b928f03) lb      t5, 185(t0)
core   0: 3 0x80001b30 (0x0b928f03) x30 0x00000036 mem 0x8001237d
core   0: 0x80001b34 (0x0982a903) lw      s2, 152(t0)
core   0: 3 0x80001b34 (0x0982a903) x18 0x14151617 mem 0x8001235c
core   0: 0x80001b38 (0x069e86a3) sb      s1, 109(t4)
core   0: 3 0x80001b38 (0x069e86a3) mem 0x80015c47 0xb0
core   0: 0x80001b3c (0x086e9883) lh      a7, 134(t4)
core   0: 3 0x80001b3c (0x086e9883) x17 0x00001a1b mem 0x80015c60
core   0: 0x80001b40 (0x09328b83) lb      s7, 147(t0)
core   0: 3 0x80001b40 (0x09328b83) x23 0x0000000c mem 0x80012357
core   0: 0x80001b44 (0x0c12c703) lbu     a4, 193(t0)
core   0: 3 0x80001b44 (0x0c12c703) x14 0x0000003e mem 0x80012385
core   0: 0x80001b48 (0x08aecf83) lbu     t6, 138(t4)
core   0: 3 0x80001b48 (0x08aecf83) x31 0x0000001f mem 0x80015c64
core   0: 0x80001b4c (0x0dfe8d03) lb      s10, 223(t4)
core   0: 3 0x80001b4c (0x0dfe8d03) x26 0x00000072 mem 0x80015cb9
core   0: 0x80001b50 (0xfc428903) lb      s2, -60(t0)
core   0: 3 0x80001b50 (0xfc428903) x18 0x00000043 mem 0x80012288
core   0: 0x80001b54 (0x0180036f) jal     t1, pc + 0x18
core   0: 3 0x80001b54 (0x0180036f) x 6 0x80001b58
core   0: 0x80001b6c (0x00c000ef) jal     pc + 0xc
core   0: 3 0x80001b6c (0x00c000ef) x 1 0x80001b70
core   0: 0x80001b78 (0x030000ef) jal     pc + 0x30
core   0: 3 0x80001b78 (0x030000ef) x 1 0x80001b7c
core   0: 0x80001ba8 (0xfe5ff0ef) jal     pc - 0x1c
core   0: 3 0x80001ba8 (0xfe5ff0ef) x 1 0x80001bac
core   0: 0x80001b8c (0xfd1ff2ef) jal     t0, pc - 0x30
core   0: 3 0x80001b8c (0xfd1ff2ef) x 5 0x80001b90
core   0: 0x80001b5c (0x050000ef) jal     pc + 0x50
core   0: 3 0x80001b5c (0x050000ef) x 1 0x80001b60
core   0: 0x80001bac (0xfe5ffbef) jal     s7, pc - 0x1c
core   0: 3 0x80001bac (0xfe5ffbef) x23 0x80001bb0
core   0: 0x80001b90 (0xfe5ff36f) jal     t1, pc - 0x1c
core   0: 3 0x80001b90 (0xfe5ff36f) x 6 0x80001b94
core   0: 0x80001b74 (0x02c0076f) jal     a4, pc + 0x2c
core   0: 3 0x80001b74 (0x02c0076f) x14 0x80001b78
core   0: 0x80001ba0 (0xfb9ff0ef) jal     pc - 0x48
core   0: 3 0x80001ba0 (0xfb9ff0ef) x 1 0x80001ba4
core   0: 0x80001b58 (0x00c000ef) jal     pc + 0xc
core   0: 3 0x80001b58 (0x00c000ef) x 1 0x80001b5c
core   0: 0x80001b64 (0x020000ef) jal     pc + 0x20
core   0: 3 0x80001b64 (0x020000ef) x 1 0x80001b68
core   0: 0x80001b84 (0x0100016f) jal     sp, pc + 0x10
core   0: 3 0x80001b84 (0x0100016f) x 2 0x80001b88
core   0: 0x80001b94 (0x01c00f6f) jal     t5, pc + 0x1c
core   0: 3 0x80001b94 (0x01c00f6f) x30 0x80001b98
core   0: 0x80001bb0 (0xfb9ff36f) jal     t1, pc - 0x48
core   0: 3 0x80001bb0 (0xfb9ff36f) x 6 0x80001bb4
core   0: 0x80001b68 (0x034000ef) jal     pc + 0x34
core   0: 3 0x80001b68 (0x034000ef) x 1 0x80001b6c
core   0: 0x80001b9c (0xfe1ffd6f) jal     s10, pc - 0x20
core   0: 3 0x80001b9c (0xfe1ffd6f) x26 0x80001ba0
core   0: 0x80001b7c (0xff5ff0ef) jal     pc - 0xc
core   0: 3 0x80001b7c (0xff5ff0ef) x 1 0x80001b80
core   0: 0x80001b70 (0x0280036f) jal     t1, pc + 0x28
core   0: 3 0x80001b70 (0x0280036f) x 6 0x80001b74
core   0: 0x80001b98 (0xff1ff0ef) jal     pc - 0x10
core   0: 3 0x80001b98 (0xff1ff0ef) x 1 0x80001b9c
core   0: 0x80001b88 (0x01c000ef) jal     pc + 0x1c
core   0: 3 0x80001b88 (0x01c000ef) x 1 0x80001b8c
core   0: 0x80001ba4 (0xfddff36f) jal     t1, pc - 0x24
core   0: 3 0x80001ba4 (0xfddff36f) x 6 0x80001ba8
core   0: 0x80001b80 (0xfe1ff0ef) jal     pc - 0x20
core   0: 3 0x80001b80 (0xfe1ff0ef) x 1 0x80001b84
core   0: 0x80001b60 (0x054000ef) jal     pc + 0x54
core   0: 3 0x80001b60 (0x054000ef) x 1 0x80001b64
core   0: 0x80001bb4 (0x0000100f) fence.i
core   0: 3 0x80001bb4 (0x0000100f)
core   0: 0x80001bb8 (0x0001d517) auipc   a0, 0x1d
core   0: 3 0x80001bb8 (0x0001d517) x10 0x8001ebb8
core   0: 0x80001bbc (0xcd850513) addi    a0, a0, -808
core   0: 3 0x80001bbc (0xcd850513) x10 0x8001e890
core   0: 0x80001bc0 (0x23851d03) lh      s10, 568(a0)
core   0: 3 0x80001bc0 (0x23851d03) x26 0xffff8283 mem 0x8001eac8
core   0: 0x80001bc4 (0x0001fd97) auipc   s11, 0x1f
core   0: 3 0x80001bc4 (0x0001fd97) x27 0x80020bc4
core   0: 0x80001bc8 (0xc42d8d93) addi    s11, s11, -958
core   0: 3 0x80001bc8 (0xc42d8d93) x27 0x80020806
core   0: 0x80001bcc (0x0001ce97) auipc   t4, 0x1c
core   0: 3 0x80001bcc (0x0001ce97) x29 0x8001dbcc
core   0: 0x80001bd0 (0x3e5e8e93) addi    t4, t4, 997
core   0: 3 0x80001bd0 (0x3e5e8e93) x29 0x8001dfb1
core   0: 0x80001bd4 (0x102506a3) sb      sp, 269(a0)
core   0: 3 0x80001bd4 (0x102506a3) mem 0x8001e99d 0x88
core   0: 0x80001bd8 (0x01ae8823) sb      s10, 16(t4)
core   0: 3 0x80001bd8 (0x01ae8823) mem 0x8001dfc1 0x83
core   0: 0x80001bdc (0x96ad8583) lb      a1, -1686(s11)
core   0: 3 0x80001bdc (0x96ad8583) x11 0x0000002b mem 0x80020170
core   0: 0x80001be0 (0x003ec703) lbu     a4, 3(t4)
core   0: 3 0x80001be0 (0x003ec703) x14 0x0000006f mem 0x8001dfb4
core   0: 0x80001be4 (0x018ea7a3) sw      s8, 15(t4)
core   0: 3 0x80001be4 (0x018ea7a3) mem 0x8001dfc0 0x8001e8c0
core   0: 0x80001be8 (0x97550b23) sb      s5, -1674(a0)
core   0: 3 0x80001be8 (0x97550b23) mem 0x8001e206 0x1f
core   0: 0x80001bec (0xff4ec803) lbu     a6, -12(t4)
core   0: 3 0x80001bec (0xff4ec803) x16 0x0000005e mem 0x8001dfa5
core   0: 0x80001bf0 (0x16251b83) lh      s7, 354(a0)
core   0: 3 0x80001bf0 (0x16251b83) x23 0xffffa8a9 mem 0x8001e9f2
core   0: 0x80001bf4 (0x00012297) auipc   t0, 0x12
core   0: 3 0x80001bf4 (0x00012297) x 5 0x80013bf4
core   0: 0x80001bf8 (0xdf528293) addi    t0, t0, -523
core   0: 3 0x80001bf8 (0xdf528293) x 5 0x800139e9
core   0: 0x80001bfc (0x979dc403) lbu     s0, -1671(s11)
core   0: 3 0x80001bfc (0x979dc403) x 8 0x00000034 mem 0x8002017f
core   0: 0x80001c00 (0xffa28683) lb      a3, -6(t0)
core   0: 3 0x80001c00 (0xffa28683) x13 0xffffff98 mem 0x800139e3
core   0: 0x80001c04 (0xaea51483) lh      s1, -1302(a0)
core   0: 3 0x80001c04 (0xaea51483) x 9 0x00003031 mem 0x8001e37a
core   0: 0x80001c08 (0x01be96a3) sh      s11, 13(t4)
core   0: 3 0x80001c08 (0x01be96a3) mem 0x8001dfbe 0x0806
core   0: 0x80001c0c (0xffeecf83) lbu     t6, -2(t4)
core   0: 3 0x80001c0c (0xffeecf83) x31 0x00000064 mem 0x8001dfaf
core   0: 0x80001c10 (0x5d3d8da3) sb      s3, 1499(s11)
core   0: 3 0x80001c10 (0x5d3d8da3) mem 0x80020de1 0x9c
core   0: 0x80001c14 (0x00d29703) lh      a4, 13(t0)
core   0: 3 0x80001c14 (0x00d29703) x14 0xffffacad mem 0x800139f6
core   0: 0x80001c18 (0xe87d8f83) lb      t6, -377(s11)
core   0: 3 0x80001c18 (0xe87d8f83) x31 0x00000046 mem 0x8002068d
core   0: 0x80001c1c (0xe4250183) lb      gp, -446(a0)
core   0: 3 0x80001c1c (0xe4250183) x 3 0xffffff89 mem 0x8001e6d2
core   0: 0x80001c20 (0xff3eaa03) lw      s4, -13(t4)
core   0: 3 0x80001c20 (0xff3eaa03) x20 0x5c5d5e5f mem 0x8001dfa4
core   0: 0x80001c24 (0x00128623) sb      ra, 12(t0)
core   0: 3 0x80001c24 (0x00128623) mem 0x800139f5 0x64
core   0: 0x80001c28 (0xff7e9d03) lh      s10, -9(t4)
core   0: 3 0x80001c28 (0xff7e9d03) x26 0x00006263 mem 0x8001dfa8
core   0: 0x80001c2c (0xe73d8a83) lb      s5, -397(s11)
core   0: 3 0x80001c2c (0xe73d8a83) x21 0x00000032 mem 0x80020679
core   0: 0x80001c30 (0x0102c903) lbu     s2, 16(t0)
core   0: 3 0x80001c30 (0x0102c903) x18 0x000000b2 mem 0x800139f9
core   0: 0x80001c34 (0x013e8623) sb      s3, 12(t4)
core   0: 3 0x80001c34 (0x013e8623) mem 0x8001dfbd 0x9c
core   0: 0x80001c38 (0x00e28683) lb      a3, 14(t0)
core   0: 3 0x80001c38 (0x00e28683) x13 0xffffffac mem 0x800139f7
core   0: 0x80001c3c (0x22c52023) sw      a2, 544(a0)
core   0: 3 0x80001c3c (0x22c52023) mem 0x8001eab0 0x00007677
core   0: 0x80001c40 (0xbd7dc003) lbu     zero, -1065(s11)
core   0: 3 0x80001c40 (0xbd7dc003) mem 0x800203dd
core   0: 0x80001c44 (0x14350c83) lb      s9, 323(a0)
core   0: 3 0x80001c44 (0x14350c83) x25 0xffffff88 mem 0x8001e9d3
core   0: 0x80001c48 (0x00014697) auipc   a3, 0x14
core   0: 3 0x80001c48 (0x00014697) x13 0x80015c48
core   0: 0x80001c4c (0xabd68693) addi    a3, a3, -1347
core   0: 3 0x80001c4c (0xabd68693) x13 0x80015705
core   0: 0x80001c50 (0x00f6d283) lhu     t0, 15(a3)
core   0: 3 0x80001c50 (0x00f6d283) x 5 0x0000cecf mem 0x80015714
core   0: 0x80001c54 (0x0926cb83) lbu     s7, 146(a3)
core   0: 3 0x80001c54 (0x0926cb83) x23 0x0000004c mem 0x80015797
core   0: 0x80001c58 (0xf9769ca3) sh      s7, -103(a3)
core   0: 3 0x80001c58 (0xf9769ca3) mem 0x8001569e 0x004c
core   0: 0x80001c5c (0xf8668ca3) sb      t1, -103(a3)
core   0: 3 0x80001c5c (0xf8668ca3) mem 0x8001569e 0xa8
core   0: 0x80001c60 (0xf8869ca3) sh      s0, -103(a3)
core   0: 3 0x80001c60 (0xf8869ca3) mem 0x8001569e 0x0034
core   0: 0x80001c64 (0xf9969d83) lh      s11, -103(a3)
core   0: 3 0x80001c64 (0xf9969d83) x27 0x00000034 mem 0x8001569e
core   0: 0x80001c68 (0xfd16d483) lhu     s1, -47(a3)
core   0: 3 0x80001c68 (0xfd16d483) x 9 0x00008c8d mem 0x800156d6
core   0: 0x80001c6c (0xfd169a03) lh      s4, -47(a3)
core   0: 3 0x80001c6c (0xfd169a03) x20 0xffff8c8d mem 0x800156d6
core   0: 0x80001c70 (0x0165d393) srli    t2, a1, 22
core   0: 3 0x80001c70 (0x0165d393) x 7 0x00000000
core   0: 0x80001c74 (0xfde688a3) sb      t5, -47(a3)
core   0: 3 0x80001c74 (0xfde688a3) mem 0x800156d6 0x98
core   0: 0x80001c78 (0x0000100f) fence.i
core   0: 3 0x80001c78 (0x0000100f)
core   0: 0x80001c7c (0x0036f0b3) and     ra, a3, gp
core   0: 3 0x80001c7c (0x0036f0b3) x 1 0x80015701
core   0: 0x80001c80 (0x07568ea3) sb      s5, 125(a3)
core   0: 3 0x80001c80 (0x07568ea3) mem 0x80015782 0x32
core   0: 0x80001c84 (0x06468ea3) sb      tp, 125(a3)
core   0: 3 0x80001c84 (0x06468ea3) mem 0x80015782 0xe4
core   0: 0x80001c88 (0x06369ea3) sh      gp, 125(a3)
core   0: 3 0x80001c88 (0x06369ea3) mem 0x80015782 0xff89
core   0: 0x80001c8c (0x07d68e03) lb      t3, 125(a3)
core   0: 3 0x80001c8c (0x07d68e03) x28 0xffffff89 mem 0x80015782
core   0: 0x80001c90 (0x07d6d603) lhu     a2, 125(a3)
core   0: 3 0x80001c90 (0x07d6d603) x12 0x0000ff89 mem 0x80015782
core   0: 0x80001c94 (0x07d69883) lh      a7, 125(a3)
core   0: 3 0x80001c94 (0x07d69883) x17 0xffffff89 mem 0x80015782
core   0: 0x80001c98 (0x0656c283) lbu     t0, 101(a3)
core   0: 3 0x80001c98 (0x0656c283) x 5 0x00000021 mem 0x8001576a
core   0: 0x80001c9c (0xfd76dd83) lhu     s11, -41(a3)
core   0: 3 0x80001c9c (0xfd76dd83) x27 0x00009697 mem 0x800156dc
core   0: 0x80001ca0 (0x0127dd93) srli    s11, a5, 18
core   0: 3 0x80001ca0 (0x0127dd93) x27 0x00000000
core   0: 0x80001ca4 (0x90a56013) ori     zero, a0, -1782
core   0: 3 0x80001ca4 (0x90a56013)
core   0: 0x80001ca8 (0x0ae6c883) lbu     a7, 174(a3)
core   0: 3 0x80001ca8 (0x0ae6c883) x17 0x00000068 mem 0x800157b3
core   0: 0x80001cac (0x0ae6c803) lbu     a6, 174(a3)
core   0: 3 0x80001cac (0x0ae6c803) x16 0x00000068 mem 0x800157b3
core   0: 0x80001cb0 (0x00021117) auipc   sp, 0x21
core   0: 3 0x80001cb0 (0x00021117) x 2 0x80022cb0
core   0: 0x80001cb4 (0x03d10113) addi    sp, sp, 61
core   0: 3 0x80001cb4 (0x03d10113) x 2 0x80022ced
core   0: 0x80001cb8 (0x01510223) sb      s5, 4(sp)
core   0: 3 0x80001cb8 (0x01510223) mem 0x80022cf1 0x32
core   0: 0x80001cbc (0xff712503) lw      a0, -9(sp)
core   0: 3 0x80001cbc (0xff712503) x10 0x9c9d9e9f mem 0x80022ce4
core   0: 0x80001cc0 (0x00b228b3) slt     a7, tp, a1
core   0: 3 0x80001cc0 (0x00b228b3) x17 0x00000001
core   0: 0x80001cc4 (0xffb14783) lbu     a5, -5(sp)
core   0: 3 0x80001cc4 (0xffb14783) x15 0x000000a3 mem 0x80022ce8
core   0: 0x80001cc8 (0x01ff5cb3) srl     s9, t5, t6
core   0: 3 0x80001cc8 (0x01ff5cb3) x25 0x0200006e
core   0: 0x80001ccc (0xff711da3) sh      s7, -5(sp)
core   0: 3 0x80001ccc (0xff711da3) mem 0x80022ce8 0x004c
core   0: 0x80001cd0 (0xffb12d03) lw      s10, -5(sp)
core   0: 3 0x80001cd0 (0xffb12d03) x26 0xa0a1004c mem 0x80022ce8
core   0: 0x80001cd4 (0xffb12a03) lw      s4, -5(sp)
core   0: 3 0x80001cd4 (0xffb12a03) x20 0xa0a1004c mem 0x80022ce8
core   0: 0x80001cd8 (0x00312183) lw      gp, 3(sp)
core   0: 3 0x80001cd8 (0x00312183) x 3 0xa8a932ab mem 0x80022cf0
core   0: 0x80001cdc (0x00311883) lh      a7, 3(sp)
core   0: 3 0x80001cdc (0x00311883) x17 0x000032ab mem 0x80022cf0
core   0: 0x80001ce0 (0x017111a3) sh      s7, 3(sp)
core   0: 3 0x80001ce0 (0x017111a3) mem 0x80022cf0 0x004c
core   0: 0x80001ce4 (0x00312283) lw      t0, 3(sp)
core   0: 3 0x80001ce4 (0x00312283) x 5 0xa8a9004c mem 0x80022cf0
core   0: 0x80001ce8 (0x01a121a3) sw      s10, 3(sp)
core   0: 3 0x80001ce8 (0x01a121a3) mem 0x80022cf0 0xa0a1004c
core   0: 0x80001cec (0x00a00193) li      gp, 10
core   0: 3 0x80001cec (0x00a00193) x 3 0x0000000a
core   0: 0x80001cf0 (0xfef00e93) li      t4, -17
core   0: 3 0x80001cf0 (0xfef00e93) x29 0xffffffef
core   0: 0x80001cf4 (0x010eb133) sltu    sp, t4, a6
core   0: 3 0x80001cf4 (0x010eb133) x 2 0x00000000
core   0: 0x80001cf8 (0x00a246b3) xor     a3, tp, a0
core   0: 3 0x80001cf8 (0x00a246b3) x13 0x1c9f227b
core   0: 0x80001cfc (0xff618193) addi    gp, gp, -10
core   0: 3 0x80001cfc (0xff618193) x 3 0x00000000
core   0: 0x80001d00 (0x00a00413) li      s0, 10
core   0: 3 0x80001d00 (0x00a00413) x 8 0x0000000a
core   0: 0x80001d04 (0x00700c13) li      s8, 7
core   0: 3 0x80001d04 (0x00700c13) x24 0x00000007
core   0: 0x80001d08 (0x31671717) auipc   a4, 0x31671
core   0: 3 0x80001d08 (0x31671717) x14 0xb1672d08
core   0: 0x80001d0c (0xffd40413) addi    s0, s0, -3
core   0: 3 0x80001d0c (0xffd40413) x 8 0x00000007
core   0: 0x80001d10 (0xff847ce3) bgeu    s0, s8, pc - 8
core   0: 3 0x80001d10 (0xff847ce3)
core   0: 0x80001d08 (0x31671717) auipc   a4, 0x31671
core   0: 3 0x80001d08 (0x31671717) x14 0xb1672d08
core   0: 0x80001d0c (0xffd40413) addi    s0, s0, -3
core   0: 3 0x80001d0c (0xffd40413) x 8 0x00000004
core   0: 0x80001d10 (0xff847ce3) bgeu    s0, s8, pc - 8
core   0: 3 0x80001d10 (0xff847ce3)
core   0: 0x80001d14 (0xffd1d0e3) bge     gp, t4, pc - 32
core   0: 3 0x80001d14 (0xffd1d0e3)
core   0: 0x80001cf4 (0x010eb133) sltu    sp, t4, a6
core   0: 3 0x80001cf4 (0x010eb133) x 2 0x00000000
core   0: 0x80001cf8 (0x00a246b3) xor     a3, tp, a0
core   0: 3 0x80001cf8 (0x00a246b3) x13 0x1c9f227b
core   0: 0x80001cfc (0xff618193) addi    gp, gp, -10
core   0: 3 0x80001cfc (0xff618193) x 3 0xfffffff6
core   0: 0x80001d00 (0x00a00413) li      s0, 10
core   0: 3 0x80001d00 (0x00a00413) x 8 0x0000000a
core   0: 0x80001d04 (0x00700c13) li      s8, 7
core   0: 3 0x80001d04 (0x00700c13) x24 0x00000007
core   0: 0x80001d08 (0x31671717) auipc   a4, 0x31671
core   0: 3 0x80001d08 (0x31671717) x14 0xb1672d08
core   0: 0x80001d0c (0xffd40413) addi    s0, s0, -3
core   0: 3 0x80001d0c (0xffd40413) x 8 0x00000007
core   0: 0x80001d10 (0xff847ce3) bgeu    s0, s8, pc - 8
core   0: 3 0x80001d10 (0xff847ce3)
core   0: 0x80001d08 (0x31671717) auipc   a4, 0x31671
core   0: 3 0x80001d08 (0x31671717) x14 0xb1672d08
core   0: 0x80001d0c (0xffd40413) addi    s0, s0, -3
core   0: 3 0x80001d0c (0xffd40413) x 8 0x00000004
core   0: 0x80001d10 (0xff847ce3) bgeu    s0, s8, pc - 8
core   0: 3 0x80001d10 (0xff847ce3)
core   0: 0x80001d14 (0xffd1d0e3) bge     gp, t4, pc - 32
core   0: 3 0x80001d14 (0xffd1d0e3)
core   0: 0x80001cf4 (0x010eb133) sltu    sp, t4, a6
core   0: 3 0x80001cf4 (0x010eb133) x 2 0x00000000
core   0: 0x80001cf8 (0x00a246b3) xor     a3, tp, a0
core   0: 3 0x80001cf8 (0x00a246b3) x13 0x1c9f227b
core   0: 0x80001cfc (0xff618193) addi    gp, gp, -10
core   0: 3 0x80001cfc (0xff618193) x 3 0xffffffec
core   0: 0x80001d00 (0x00a00413) li      s0, 10
core   0: 3 0x80001d00 (0x00a00413) x 8 0x0000000a
core   0: 0x80001d04 (0x00700c13) li      s8, 7
core   0: 3 0x80001d04 (0x00700c13) x24 0x00000007
core   0: 0x80001d08 (0x31671717) auipc   a4, 0x31671
core   0: 3 0x80001d08 (0x31671717) x14 0xb1672d08
core   0: 0x80001d0c (0xffd40413) addi    s0, s0, -3
core   0: 3 0x80001d0c (0xffd40413) x 8 0x00000007
core   0: 0x80001d10 (0xff847ce3) bgeu    s0, s8, pc - 8
core   0: 3 0x80001d10 (0xff847ce3)
core   0: 0x80001d08 (0x31671717) auipc   a4, 0x31671
core   0: 3 0x80001d08 (0x31671717) x14 0xb1672d08
core   0: 0x80001d0c (0xffd40413) addi    s0, s0, -3
core   0: 3 0x80001d0c (0xffd40413) x 8 0x00000004
core   0: 0x80001d10 (0xff847ce3) bgeu    s0, s8, pc - 8
core   0: 3 0x80001d10 (0xff847ce3)
core   0: 0x80001d14 (0xffd1d0e3) bge     gp, t4, pc - 32
core   0: 3 0x80001d14 (0xffd1d0e3)
core   0: 0x80001d18 (0x01497833) and     a6, s2, s4
core   0: 3 0x80001d18 (0x01497833) x16 0x00000000
core   0: 0x80001d1c (0xffa00493) li      s1, -6
core   0: 3 0x80001d1c (0xffa00493) x 9 0xfffffffa
core   0: 0x80001d20 (0x01ca75b3) and     a1, s4, t3
core   0: 3 0x80001d20 (0x01ca75b3) x11 0xa0a10008
core   0: 0x80001d24 (0xfec00293) li      t0, -20
core   0: 3 0x80001d24 (0xfec00293) x 5 0xffffffec
core   0: 0x80001d28 (0xd2a86713) ori     a4, a6, -726
core   0: 3 0x80001d28 (0xd2a86713) x14 0xfffffd2a
core   0: 0x80001d2c (0x0075ae33) slt     t3, a1, t2
core   0: 3 0x80001d2c (0x0075ae33) x28 0x00000001
core   0: 0x80001d30 (0x01a04633) xor     a2, zero, s10
core   0: 3 0x80001d30 (0x01a04633) x12 0xa0a1004c
core   0: 0x80001d34 (0xff948493) addi    s1, s1, -7
core   0: 3 0x80001d34 (0xff948493) x 9 0xfffffff3
core   0: 0x80001d38 (0x0000100f) fence.i
core   0: 3 0x80001d38 (0x0000100f)
core   0: 0x80001d3c (0x41ccdd13) srai    s10, s9, 28
core   0: 3 0x80001d3c (0x41ccdd13) x26 0x00000000
core   0: 0x80001d40 (0x00a00813) li      a6, 10
core   0: 3 0x80001d40 (0x00a00813) x16 0x0000000a
core   0: 0x80001d44 (0x4ea2b093) sltiu   ra, t0, 1258
core   0: 3 0x80001d44 (0x4ea2b093) x 1 0x00000000
core   0: 0x80001d48 (0x01100d93) li      s11, 17
core   0: 3 0x80001d48 (0x01100d93) x27 0x00000011
core   0: 0x80001d4c (0x00000013) nop
core   0: 3 0x80001d4c (0x00000013)
core   0: 0x80001d50 (0x408bdf33) sra     t5, s7, s0
core   0: 3 0x80001d50 (0x408bdf33) x30 0x00000004
core   0: 0x80001d54 (0x00e1f033) and     zero, gp, a4
core   0: 3 0x80001d54 (0x00e1f033)
core   0: 0x80001d58 (0x004effb3) and     t6, t4, tp
core   0: 3 0x80001d58 (0x004effb3) x31 0x8002bce4
core   0: 0x80001d5c (0x00177533) and     a0, a4, ra
core   0: 3 0x80001d5c (0x00177533) x10 0x00000000
core   0: 0x80001d60 (0x01bd0033) add     zero, s10, s11
core   0: 3 0x80001d60 (0x01bd0033)
core   0: 0x80001d64 (0x00a80813) addi    a6, a6, 10
core   0: 3 0x80001d64 (0x00a80813) x16 0x00000014
core   0: 0x80001d68 (0x00000013) nop
core   0: 3 0x80001d68 (0x00000013)
core   0: 0x80001d6c (0x131eaf13) slti    t5, t4, 305
core   0: 3 0x80001d6c (0x131eaf13) x30 0x00000001
core   0: 0x80001d70 (0xffb864e3) bltu    a6, s11, pc - 24
core   0: 3 0x80001d70 (0xffb864e3)
core   0: 0x80001d74 (0x01cad8b3) srl     a7, s5, t3
core   0: 3 0x80001d74 (0x01cad8b3) x17 0x00000019
core   0: 0x80001d78 (0xfa54dae3) bge     s1, t0, pc - 76
core   0: 3 0x80001d78 (0xfa54dae3)
core   0: 0x80001d2c (0x0075ae33) slt     t3, a1, t2
core   0: 3 0x80001d2c (0x0075ae33) x28 0x00000001
core   0: 0x80001d30 (0x01a04633) xor     a2, zero, s10
core   0: 3 0x80001d30 (0x01a04633) x12 0x00000000
core   0: 0x80001d34 (0xff948493) addi    s1, s1, -7
core   0: 3 0x80001d34 (0xff948493) x 9 0xffffffec
core   0: 0x80001d38 (0x0000100f) fence.i
core   0: 3 0x80001d38 (0x0000100f)
core   0: 0x80001d3c (0x41ccdd13) srai    s10, s9, 28
core   0: 3 0x80001d3c (0x41ccdd13) x26 0x00000000
core   0: 0x80001d40 (0x00a00813) li      a6, 10
core   0: 3 0x80001d40 (0x00a00813) x16 0x0000000a
core   0: 0x80001d44 (0x4ea2b093) sltiu   ra, t0, 1258
core   0: 3 0x80001d44 (0x4ea2b093) x 1 0x00000000
core   0: 0x80001d48 (0x01100d93) li      s11, 17
core   0: 3 0x80001d48 (0x01100d93) x27 0x00000011
core   0: 0x80001d4c (0x00000013) nop
core   0: 3 0x80001d4c (0x00000013)
core   0: 0x80001d50 (0x408bdf33) sra     t5, s7, s0
core   0: 3 0x80001d50 (0x408bdf33) x30 0x00000004
core   0: 0x80001d54 (0x00e1f033) and     zero, gp, a4
core   0: 3 0x80001d54 (0x00e1f033)
core   0: 0x80001d58 (0x004effb3) and     t6, t4, tp
core   0: 3 0x80001d58 (0x004effb3) x31 0x8002bce4
core   0: 0x80001d5c (0x00177533) and     a0, a4, ra
core   0: 3 0x80001d5c (0x00177533) x10 0x00000000
core   0: 0x80001d60 (0x01bd0033) add     zero, s10, s11
core   0: 3 0x80001d60 (0x01bd0033)
core   0: 0x80001d64 (0x00a80813) addi    a6, a6, 10
core   0: 3 0x80001d64 (0x00a80813) x16 0x00000014
core   0: 0x80001d68 (0x00000013) nop
core   0: 3 0x80001d68 (0x00000013)
core   0: 0x80001d6c (0x131eaf13) slti    t5, t4, 305
core   0: 3 0x80001d6c (0x131eaf13) x30 0x00000001
core   0: 0x80001d70 (0xffb864e3) bltu    a6, s11, pc - 24
core   0: 3 0x80001d70 (0xffb864e3)
core   0: 0x80001d74 (0x01cad8b3) srl     a7, s5, t3
core   0: 3 0x80001d74 (0x01cad8b3) x17 0x00000019
core   0: 0x80001d78 (0xfa54dae3) bge     s1, t0, pc - 76
core   0: 3 0x80001d78 (0xfa54dae3)
core   0: 0x80001d2c (0x0075ae33) slt     t3, a1, t2
core   0: 3 0x80001d2c (0x0075ae33) x28 0x00000001
core   0: 0x80001d30 (0x01a04633) xor     a2, zero, s10
core   0: 3 0x80001d30 (0x01a04633) x12 0x00000000
core   0: 0x80001d34 (0xff948493) addi    s1, s1, -7
core   0: 3 0x80001d34 (0xff948493) x 9 0xffffffe5
core   0: 0x80001d38 (0x0000100f) fence.i
core   0: 3 0x80001d38 (0x0000100f)
core   0: 0x80001d3c (0x41ccdd13) srai    s10, s9, 28
core   0: 3 0x80001d3c (0x41ccdd13) x26 0x00000000
core   0: 0x80001d40 (0x00a00813) li      a6, 10
core   0: 3 0x80001d40 (0x00a00813) x16 0x0000000a
core   0: 0x80001d44 (0x4ea2b093) sltiu   ra, t0, 1258
core   0: 3 0x80001d44 (0x4ea2b093) x 1 0x00000000
core   0: 0x80001d48 (0x01100d93) li      s11, 17
core   0: 3 0x80001d48 (0x01100d93) x27 0x00000011
core   0: 0x80001d4c (0x00000013) nop
core   0: 3 0x80001d4c (0x00000013)
core   0: 0x80001d50 (0x408bdf33) sra     t5, s7, s0
core   0: 3 0x80001d50 (0x408bdf33) x30 0x00000004
core   0: 0x80001d54 (0x00e1f033) and     zero, gp, a4
core   0: 3 0x80001d54 (0x00e1f033)
core   0: 0x80001d58 (0x004effb3) and     t6, t4, tp
core   0: 3 0x80001d58 (0x004effb3) x31 0x8002bce4
core   0: 0x80001d5c (0x00177533) and     a0, a4, ra
core   0: 3 0x80001d5c (0x00177533) x10 0x00000000
core   0: 0x80001d60 (0x01bd0033) add     zero, s10, s11
core   0: 3 0x80001d60 (0x01bd0033)
core   0: 0x80001d64 (0x00a80813) addi    a6, a6, 10
core   0: 3 0x80001d64 (0x00a80813) x16 0x00000014
core   0: 0x80001d68 (0x00000013) nop
core   0: 3 0x80001d68 (0x00000013)
core   0: 0x80001d6c (0x131eaf13) slti    t5, t4, 305
core   0: 3 0x80001d6c (0x131eaf13) x30 0x00000001
core   0: 0x80001d70 (0xffb864e3) bltu    a6, s11, pc - 24
core   0: 3 0x80001d70 (0xffb864e3)
core   0: 0x80001d74 (0x01cad8b3) srl     a7, s5, t3
core   0: 3 0x80001d74 (0x01cad8b3) x17 0x00000019
core   0: 0x80001d78 (0xfa54dae3) bge     s1, t0, pc - 76
core   0: 3 0x80001d78 (0xfa54dae3)
core   0: 0x80001d7c (0x015a1533) sll     a0, s4, s5
core   0: 3 0x80001d7c (0x015a1533) x10 0x01300000
core   0: 0x80001d80 (0x00018e97) auipc   t4, 0x18
core   0: 3 0x80001d80 (0x00018e97) x29 0x80019d80
core   0: 0x80001d84 (0x460e8e93) addi    t4, t4, 1120
core   0: 3 0x80001d84 (0x460e8e93) x29 0x8001a1e0
core   0: 0x80001d88 (0x0001ef97) auipc   t6, 0x1e
core   0: 3 0x80001d88 (0x0001ef97) x31 0x8001fd88
core   0: 0x80001d8c (0x1a8f8f93) addi    t6, t6, 424
core   0: 3 0x80001d8c (0x1a8f8f93) x31 0x8001ff30
core   0: 0x80001d90 (0x0001de17) auipc   t3, 0x1d
core   0: 3 0x80001d90 (0x0001de17) x28 0x8001ed90
core   0: 0x80001d94 (0x091e0e13) addi    t3, t3, 145
core   0: 3 0x80001d94 (0x091e0e13) x28 0x8001ee21
core   0: 0x80001d98 (0xfd3e0703) lb      a4, -45(t3)
core   0: 3 0x80001d98 (0xfd3e0703) x14 0xffffffaf mem 0x8001edf4
core   0: 0x80001d9c (0x00014d97) auipc   s11, 0x14
core   0: 3 0x80001d9c (0x00014d97) x27 0x80015d9c
core   0: 0x80001da0 (0xe12d8d93) addi    s11, s11, -494
core   0: 3 0x80001da0 (0xe12d8d93) x27 0x80015bae
core   0: 0x80001da4 (0xffffcb83) lbu     s7, -1(t6)
core   0: 3 0x80001da4 (0xffffcb83) x23 0x000000e4 mem 0x8001ff2f
core   0: 0x80001da8 (0xdfae9f23) sh      s10, -514(t4)
core   0: 3 0x80001da8 (0xdfae9f23) mem 0x80019fde 0x0000
core   0: 0x80001dac (0xff6f88a3) sb      s6, -15(t6)
core   0: 3 0x80001dac (0xff6f88a3) mem 0x8001ff21 0x64
core   0: 0x80001db0 (0x01de8f03) lb      t5, 29(t4)
core   0: 3 0x80001db0 (0x01de8f03) x30 0xffffffb6 mem 0x8001a1fd
core   0: 0x80001db4 (0xfebf8fa3) sb      a1, -1(t6)
core   0: 3 0x80001db4 (0xfebf8fa3) mem 0x8001ff2f 0x8
core   0: 0x80001db8 (0x005e0523) sb      t0, 10(t3)
core   0: 3 0x80001db8 (0x005e0523) mem 0x8001ee2b 0xec
core   0: 0x80001dbc (0xffcf9303) lh      t1, -4(t6)
core   0: 3 0x80001dbc (0xffcf9303) x 6 0xffffe6e7 mem 0x8001ff2c
core   0: 0x80001dc0 (0x0001f617) auipc   a2, 0x1f
core   0: 3 0x80001dc0 (0x0001f617) x12 0x80020dc0
core   0: 0x80001dc4 (0xd9d60613) addi    a2, a2, -611
core   0: 3 0x80001dc4 (0xd9d60613) x12 0x80020b5d
core   0: 0x80001dc8 (0x012d8823) sb      s2, 16(s11)
core   0: 3 0x80001dc8 (0x012d8823) mem 0x80015bbe 0xb2
core   0: 0x80001dcc (0xfcddc403) lbu     s0, -51(s11)
core   0: 3 0x80001dcc (0xfcddc403) x 8 0x00000030 mem 0x80015b7b
core   0: 0x80001dd0 (0x017f85a3) sb      s7, 11(t6)
core   0: 3 0x80001dd0 (0x017f85a3) mem 0x8001ff3b 0xe4
core   0: 0x80001dd4 (0x028600a3) sb      s0, 33(a2)
core   0: 3 0x80001dd4 (0x028600a3) mem 0x80020b7e 0x30
core   0: 0x80001dd8 (0x7dce88a3) sb      t3, 2001(t4)
core   0: 3 0x80001dd8 (0x7dce88a3) mem 0x8001a9b1 0x21
core   0: 0x80001ddc (0xfd3dc583) lbu     a1, -45(s11)
core   0: 3 0x80001ddc (0xfd3dc583) x11 0x0000003a mem 0x80015b81
core   0: 0x80001de0 (0xff7e14a3) sh      s7, -23(t3)
core   0: 3 0x80001de0 (0xff7e14a3) mem 0x8001ee0a 0x00e4
core   0: 0x80001de4 (0x024d8703) lb      a4, 36(s11)
core   0: 3 0x80001de4 (0x024d8703) x14 0xffffff89 mem 0x80015bd2
core   0: 0x80001de8 (0xffe60b23) sb      t5, -10(a2)
core   0: 3 0x80001de8 (0xffe60b23) mem 0x80020b53 0xb6
core   0: 0x80001dec (0xff3f8823) sb      s3, -16(t6)
core   0: 3 0x80001dec (0xff3f8823) mem 0x8001ff20 0x9c
core   0: 0x80001df0 (0x000e4403) lbu     s0, 0(t3)
core   0: 3 0x80001df0 (0x000e4403) x 8 0x000000da mem 0x8001ee21
core   0: 0x80001df4 (0x567ec583) lbu     a1, 1383(t4)
core   0: 3 0x80001df4 (0x567ec583) x11 0x000000fc mem 0x8001a747
core   0: 0x80001df8 (0x01561a03) lh      s4, 21(a2)
core   0: 3 0x80001df8 (0x01561a03) x20 0x00002829 mem 0x80020b72
core   0: 0x80001dfc (0x003e2083) lw      ra, 3(t3)
core   0: 3 0x80001dfc (0x003e2083) x 1 0xdcdddedf mem 0x8001ee24
core   0: 0x80001e00 (0xfebdc883) lbu     a7, -21(s11)
core   0: 3 0x80001e00 (0xfebdc883) x17 0x00000052 mem 0x80015b99
core   0: 0x80001e04 (0x00164683) lbu     a3, 1(a2)
core   0: 3 0x80001e04 (0x00164683) x13 0x00000015 mem 0x80020b5e
core   0: 0x80001e08 (0x019d8703) lb      a4, 25(s11)
core   0: 3 0x80001e08 (0x019d8703) x14 0x0000007c mem 0x80015bc7
core   0: 0x80001e0c (0x01ce4683) lbu     a3, 28(t3)
core   0: 3 0x80001e0c (0x01ce4683) x13 0x000000f6 mem 0x8001ee3d
core   0: 0x80001e10 (0xff660723) sb      s6, -18(a2)
core   0: 3 0x80001e10 (0xff660723) mem 0x80020b4b 0x64
core   0: 0x80001e14 (0xfe2f8b23) sb      sp, -10(t6)
core   0: 3 0x80001e14 (0xfe2f8b23) mem 0x8001ff26 0x0
core   0: 0x80001e18 (0x014e0c83) lb      s9, 20(t3)
core   0: 3 0x80001e18 (0x014e0c83) x25 0xffffffee mem 0x8001ee35
core   0: 0x80001e1c (0xdf3e8e23) sb      s3, -516(t4)
core   0: 3 0x80001e1c (0xdf3e8e23) mem 0x80019fdc 0x9c
core   0: 0x80001e20 (0x010f82a3) sb      a6, 5(t6)
core   0: 3 0x80001e20 (0x010f82a3) mem 0x8001ff35 0x14
core   0: 0x80001e24 (0x005d80a3) sb      t0, 1(s11)
core   0: 3 0x80001e24 (0x005d80a3) mem 0x80015baf 0xec
core   0: 0x80001e28 (0x00011a17) auipc   s4, 0x11
core   0: 3 0x80001e28 (0x00011a17) x20 0x80012e28
core   0: 0x80001e2c (0xae3a0a13) addi    s4, s4, -1309
core   0: 3 0x80001e2c (0xae3a0a13) x20 0x8001290b
core   0: 0x80001e30 (0x00014817) auipc   a6, 0x14
core   0: 3 0x80001e30 (0x00014817) x16 0x80015e30
core   0: 0x80001e34 (0xfe380813) addi    a6, a6, -29
core   0: 3 0x80001e34 (0xfe380813) x16 0x80015e13
core   0: 0x80001e38 (0x03380e83) lb      t4, 51(a6)
core   0: 3 0x80001e38 (0x03380e83) x29 0xfffffffd mem 0x80015e46
core   0: 0x80001e3c (0x0c7a0523) sb      t2, 202(s4)
core   0: 3 0x80001e3c (0x0c7a0523) mem 0x800129d5 0x0
core   0: 0x80001e40 (0xfa2a4703) lbu     a4, -94(s4)
core   0: 3 0x80001e40 (0xfa2a4703) x14 0x00000066 mem 0x800128ad
core   0: 0x80001e44 (0x03680b83) lb      s7, 54(a6)
core   0: 3 0x80001e44 (0x03680b83) x23 0x00000002 mem 0x80015e49
core   0: 0x80001e48 (0x074a4f03) lbu     t5, 116(s4)
core   0: 3 0x80001e48 (0x074a4f03) x30 0x00000034 mem 0x8001297f
core   0: 0x80001e4c (0xfea84003) lbu     zero, -22(a6)
core   0: 3 0x80001e4c (0xfea84003) mem 0x80015dfd
core   0: 0x80001e50 (0x02ba1ba3) sh      a1, 55(s4)
core   0: 3 0x80001e50 (0x02ba1ba3) mem 0x80012942 0x00fc
core   0: 0x80001e54 (0xfd784883) lbu     a7, -41(a6)
core   0: 3 0x80001e54 (0xfd784883) x17 0x000000a1 mem 0x80015dea
core   0: 0x80001e58 (0x01aa0523) sb      s10, 10(s4)
core   0: 3 0x80001e58 (0x01aa0523) mem 0x80012915 0x0
core   0: 0x80001e5c (0x0a9a11a3) sh      s1, 163(s4)
core   0: 3 0x80001e5c (0x0a9a11a3) mem 0x800129ae 0xffe5
core   0: 0x80001e60 (0xff5a00a3) sb      s5, -31(s4)
core   0: 3 0x80001e60 (0xff5a00a3) mem 0x800128ec 0x32
core   0: 0x80001e64 (0x006a0e23) sb      t1, 28(s4)
core   0: 3 0x80001e64 (0x006a0e23) mem 0x80012927 0xe7
core   0: 0x80001e68 (0xfdb82ea3) sw      s11, -35(a6)
core   0: 3 0x80001e68 (0xfdb82ea3) mem 0x80015df0 0x80015bae
core   0: 0x80001e6c (0x080a0703) lb      a4, 128(s4)
core   0: 3 0x80001e6c (0x080a0703) x14 0x00000040 mem 0x8001298b
core   0: 0x80001e70 (0x02585603) lhu     a2, 37(a6)
core   0: 3 0x80001e70 (0x02585603) x12 0x0000f2f3 mem 0x80015e38
core   0: 0x80001e74 (0xfd980923) sb      s9, -46(a6)
core   0: 3 0x80001e74 (0xfd980923) mem 0x80015de5 0xee
core   0: 0x80001e78 (0x0001ca97) auipc   s5, 0x1c
core   0: 3 0x80001e78 (0x0001ca97) x21 0x8001de78
core   0: 0x80001e7c (0xcdaa8a93) addi    s5, s5, -806
core   0: 3 0x80001e7c (0xcdaa8a93) x21 0x8001db52
core   0: 0x80001e80 (0x00014d97) auipc   s11, 0x14
core   0: 3 0x80001e80 (0x00014d97) x27 0x80015e80
core   0: 0x80001e84 (0xa58d8d93) addi    s11, s11, -1448
core   0: 3 0x80001e84 (0xa58d8d93) x27 0x800158d8
core   0: 0x80001e88 (0xfc5a8f83) lb      t6, -59(s5)
core   0: 3 0x80001e88 (0xfc5a8f83) x31 0xffffffcc mem 0x8001db17
core   0: 0x80001e8c (0x0001c597) auipc   a1, 0x1c
core   0: 3 0x80001e8c (0x0001c597) x11 0x8001de8c
core   0: 0x80001e90 (0x47258593) addi    a1, a1, 1138
core   0: 3 0x80001e90 (0x47258593) x11 0x8001e2fe
core   0: 0x80001e94 (0x0001a497) auipc   s1, 0x1a
core   0: 3 0x80001e94 (0x0001a497) x 9 0x8001be94
core   0: 0x80001e98 (0x64048493) addi    s1, s1, 1600
core   0: 3 0x80001e98 (0x64048493) x 9 0x8001c4d4
core   0: 0x80001e9c (0x033aa323) sw      s3, 38(s5)
core   0: 3 0x80001e9c (0x033aa323) mem 0x8001db78 0xfe64ec9c
core   0: 0x80001ea0 (0x09d48603) lb      a2, 157(s1)
core   0: 3 0x80001ea0 (0x09d48603) x12 0x0000002a mem 0x8001c571
core   0: 0x80001ea4 (0x00014c17) auipc   s8, 0x14
core   0: 3 0x80001ea4 (0x00014c17) x24 0x80015ea4
core   0: 0x80001ea8 (0x2b3c0c13) addi    s8, s8, 691
core   0: 3 0x80001ea8 (0x2b3c0c13) x24 0x80016157
core   0: 0x80001eac (0xfe458fa3) sb      tp, -1(a1)
core   0: 3 0x80001eac (0xfe458fa3) mem 0x8001e2fd 0xe4
core   0: 0x80001eb0 (0x07bc0e23) sb      s11, 124(s8)
core   0: 3 0x80001eb0 (0x07bc0e23) mem 0x800161d3 0xd8
core   0: 0x80001eb4 (0x01ca9883) lh      a7, 28(s5)
core   0: 3 0x80001eb4 (0x01ca9883) x17 0x00002425 mem 0x8001db6e
core   0: 0x80001eb8 (0xff3d8fa3) sb      s3, -1(s11)
core   0: 3 0x80001eb8 (0xff3d8fa3) mem 0x800158d7 0x9c
core   0: 0x80001ebc (0x0e64a023) sw      t1, 224(s1)
core   0: 3 0x80001ebc (0x0e64a023) mem 0x8001c5b4 0xffffe6e7
core   0: 0x80001ec0 (0x07c4d303) lhu     t1, 124(s1)
core   0: 3 0x80001ec0 (0x07c4d303) x 6 0x00000a0b mem 0x8001c550
core   0: 0x80001ec4 (0xff558fa3) sb      s5, -1(a1)
core   0: 3 0x80001ec4 (0xff558fa3) mem 0x8001e2fd 0x52
core   0: 0x80001ec8 (0x00bc0b23) sb      a1, 22(s8)
core   0: 3 0x80001ec8 (0x00bc0b23) mem 0x8001616d 0xfe
core   0: 0x80001ecc (0x019a9423) sh      s9, 8(s5)
core   0: 3 0x80001ecc (0x019a9423) mem 0x8001db5a 0xffee
core   0: 0x80001ed0 (0xf5bc4883) lbu     a7, -165(s8)
core   0: 3 0x80001ed0 (0xf5bc4883) x17 0x00000069 mem 0x800160b2
core   0: 0x80001ed4 (0xfe5a8903) lb      s2, -27(s5)
core   0: 3 0x80001ed4 (0xfe5a8903) x18 0xffffffec mem 0x8001db37
core   0: 0x80001ed8 (0x088c4403) lbu     s0, 136(s8)
core   0: 3 0x80001ed8 (0x088c4403) x 8 0x00000094 mem 0x800161df
core   0: 0x80001edc (0xfdda8823) sb      t4, -48(s5)
core   0: 3 0x80001edc (0xfdda8823) mem 0x8001db22 0xfd
core   0: 0x80001ee0 (0x001484a3) sb      ra, 9(s1)
core   0: 3 0x80001ee0 (0x001484a3) mem 0x8001c4dd 0xdf
core   0: 0x80001ee4 (0x050c0503) lb      a0, 80(s8)
core   0: 3 0x80001ee4 (0x050c0503) x10 0x0000005c mem 0x800161a7
core   0: 0x80001ee8 (0xff6d9003) lh      zero, -10(s11)
core   0: 3 0x80001ee8 (0xff6d9003) mem 0x800158ce
core   0: 0x80001eec (0x078c0683) lb      a3, 120(s8)
core   0: 3 0x80001eec (0x078c0683) x13 0xffffff84 mem 0x800161cf
core   0: 0x80001ef0 (0xfd7ac183) lbu     gp, -41(s5)
core   0: 3 0x80001ef0 (0xfd7ac183) x 3 0x000000e2 mem 0x8001db29
core   0: 0x80001ef4 (0xff2d8783) lb      a5, -14(s11)
core   0: 3 0x80001ef4 (0xff2d8783) x15 0xffffff81 mem 0x800158ca
core   0: 0x80001ef8 (0x0574cf03) lbu     t5, 87(s1)
core   0: 3 0x80001ef8 (0x0574cf03) x30 0x000000e0 mem 0x8001c52b
core   0: 0x80001efc (0x00858f83) lb      t6, 8(a1)
core   0: 3 0x80001efc (0x00858f83) x31 0xffffffbd mem 0x8001e306
core   0: 0x80001f00 (0x00cdab83) lw      s7, 12(s11)
core   0: 3 0x80001f00 (0x00cdab83) x23 0x9c9d9e9f mem 0x800158e4
core   0: 0x80001f04 (0x0cec4503) lbu     a0, 206(s8)
core   0: 3 0x80001f04 (0x0cec4503) x10 0x000000de mem 0x80016225
core   0: 0x80001f08 (0xf81c2e03) lw      t3, -127(s8)
core   0: 3 0x80001f08 (0xf81c2e03) x28 0x90919293 mem 0x800160d8
core   0: 0x80001f0c (0xff9dc103) lbu     sp, -7(s11)
core   0: 3 0x80001f0c (0xff9dc103) x 2 0x0000008a mem 0x800158d1
core   0: 0x80001f10 (0x012582a3) sb      s2, 5(a1)
core   0: 3 0x80001f10 (0x012582a3) mem 0x8001e303 0xec
core   0: 0x80001f14 (0xff1d8d03) lb      s10, -15(s11)
core   0: 3 0x80001f14 (0xff1d8d03) x26 0xffffff82 mem 0x800158c9
core   0: 0x80001f18 (0x0d648aa3) sb      s6, 213(s1)
core   0: 3 0x80001f18 (0x0d648aa3) mem 0x8001c5a9 0x64
core   0: 0x80001f1c (0xfef58e23) sb      a5, -4(a1)
core   0: 3 0x80001f1c (0xfef58e23) mem 0x8001e2fa 0x81
core   0: 0x80001f20 (0x02ac0423) sb      a0, 40(s8)
core   0: 3 0x80001f20 (0x02ac0423) mem 0x8001617f 0xde
core   0: 0x80001f24 (0xff2d88a3) sb      s2, -15(s11)
core   0: 3 0x80001f24 (0xff2d88a3) mem 0x800158c9 0xec
core   0: 0x80001f28 (0xf22c4003) lbu     zero, -222(s8)
core   0: 3 0x80001f28 (0xf22c4003) mem 0x80016079
core   0: 0x80001f2c (0x008dd603) lhu     a2, 8(s11)
core   0: 3 0x80001f2c (0x008dd603) x12 0x00009a9b mem 0x800158e0
core   0: 0x80001f30 (0x0e448fa3) sb      tp, 255(s1)
core   0: 3 0x80001f30 (0x0e448fa3) mem 0x8001c5d3 0xe4
core   0: 0x80001f34 (0x00358f83) lb      t6, 3(a1)
core   0: 3 0x80001f34 (0x00358f83) x31 0xffffffba mem 0x8001e301
core   0: 0x80001f38 (0xfe8ad883) lhu     a7, -24(s5)
core   0: 3 0x80001f38 (0xfe8ad883) x17 0x0000f0f1 mem 0x8001db3a
core   0: 0x80001f3c (0x00cdac83) lw      s9, 12(s11)
core   0: 3 0x80001f3c (0x00cdac83) x25 0x9c9d9e9f mem 0x800158e4
core   0: 0x80001f40 (0x00010817) auipc   a6, 0x10
core   0: 3 0x80001f40 (0x00010817) x16 0x80011f40
core   0: 0x80001f44 (0x4b680813) addi    a6, a6, 1206
core   0: 3 0x80001f44 (0x4b680813) x16 0x800123f6
core   0: 0x80001f48 (0x00011417) auipc   s0, 0x11
core   0: 3 0x80001f48 (0x00011417) x 8 0x80012f48
core   0: 0x80001f4c (0x9e940413) addi    s0, s0, -1559
core   0: 3 0x80001f4c (0x9e940413) x 8 0x80012931
core   0: 0x80001f50 (0x00010c97) auipc   s9, 0x10
core   0: 3 0x80001f50 (0x00010c97) x25 0x80011f50
core   0: 0x80001f54 (0x4a3c8c93) addi    s9, s9, 1187
core   0: 3 0x80001f54 (0x4a3c8c93) x25 0x800123f3
core   0: 0x80001f58 (0x1e1ccf83) lbu     t6, 481(s9)
core   0: 3 0x80001f58 (0x1e1ccf83) x31 0x0000008f mem 0x800125d4
core   0: 0x80001f5c (0x0c980003) lb      zero, 201(a6)
core   0: 3 0x80001f5c (0x0c980003) mem 0x800124bf
core   0: 0x80001f60 (0x08a44783) lbu     a5, 138(s0)
core   0: 3 0x80001f60 (0x08a44783) x15 0x00000070 mem 0x800129bb
core   0: 0x80001f64 (0xfd9421a3) sw      s9, -61(s0)
core   0: 3 0x80001f64 (0xfd9421a3) mem 0x800128f4 0x800123f3
core   0: 0x80001f68 (0x0e3804a3) sb      gp, 233(a6)
core   0: 3 0x80001f68 (0x0e3804a3) mem 0x800124df 0xe2
core   0: 0x80001f6c (0xd56c8c23) sb      s6, -680(s9)
core   0: 3 0x80001f6c (0xd56c8c23) mem 0x8001214b 0x64
core   0: 0x80001f70 (0xfa545f83) lhu     t6, -91(s0)
core   0: 3 0x80001f70 (0xfa545f83) x31 0x00008c8d mem 0x800128d6
core   0: 0x80001f74 (0xff140ea3) sb      a7, -3(s0)
core   0: 3 0x80001f74 (0xff140ea3) mem 0x8001292e 0xf1
core   0: 0x80001f78 (0x046c8603) lb      a2, 70(s9)
core   0: 3 0x80001f78 (0x046c8603) x12 0xfffffff2 mem 0x80012439
core   0: 0x80001f7c (0xfad807a3) sb      a3, -81(a6)
core   0: 3 0x80001f7c (0xfad807a3) mem 0x800123a5 0x84
core   0: 0x80001f80 (0x00944583) lbu     a1, 9(s0)
core   0: 3 0x80001f80 (0x00944583) x11 0x000000f1 mem 0x8001293a
core   0: 0x80001f84 (0x36ec8423) sb      a4, 872(s9)
core   0: 3 0x80001f84 (0x36ec8423) mem 0x8001275b 0x40
core   0: 0x80001f88 (0xfaf805a3) sb      a5, -85(a6)
core   0: 3 0x80001f88 (0xfaf805a3) mem 0x800123a1 0x70
core   0: 0x80001f8c (0x09740023) sb      s7, 128(s0)
core   0: 3 0x80001f8c (0x09740023) mem 0x800129b1 0x9f
core   0: 0x80001f90 (0x02ccc603) lbu     a2, 44(s9)
core   0: 3 0x80001f90 (0x02ccc603) x12 0x000000d4 mem 0x8001241f
core   0: 0x80001f94 (0x04244583) lbu     a1, 66(s0)
core   0: 3 0x80001f94 (0x04244583) x11 0x00000028 mem 0x80012973
core   0: 0x80001f98 (0xffe84a83) lbu     s5, -2(a6)
core   0: 3 0x80001f98 (0xffe84a83) x21 0x000000af mem 0x800123f4
core   0: 0x80001f9c (0xfe4803a3) sb      tp, -25(a6)
core   0: 3 0x80001f9c (0xfe4803a3) mem 0x800123dd 0xe4
core   0: 0x80001fa0 (0xde3c87a3) sb      gp, -529(s9)
core   0: 3 0x80001fa0 (0xde3c87a3) mem 0x800121e2 0xe2
core   0: 0x80001fa4 (0x67eca2a3) sw      t5, 1637(s9)
core   0: 3 0x80001fa4 (0x67eca2a3) mem 0x80012a58 0x000000e0
core   0: 0x80001fa8 (0x0b541683) lh      a3, 181(s0)
core   0: 3 0x80001fa8 (0x0b541683) x13 0xffff9c9d mem 0x800129e6
core   0: 0x80001fac (0x2e2c8823) sb      sp, 752(s9)
core   0: 3 0x80001fac (0x2e2c8823) mem 0x800126e3 0x8a
core   0: 0x80001fb0 (0x04f84383) lbu     t2, 79(a6)
core   0: 3 0x80001fb0 (0x04f84383) x 7 0x000000fe mem 0x80012445
core   0: 0x80001fb4 (0xf8085f83) lhu     t6, -128(a6)
core   0: 3 0x80001fb4 (0xf8085f83) x31 0x00002c2d mem 0x80012376
core   0: 0x80001fb8 (0x00011a17) auipc   s4, 0x11
core   0: 3 0x80001fb8 (0x00011a17) x20 0x80012fb8
core   0: 0x80001fbc (0xc16a0a13) addi    s4, s4, -1002
core   0: 3 0x80001fbc (0xc16a0a13) x20 0x80012bce
core   0: 0x80001fc0 (0x0ff0000f) fence   iorw,iorw
core   0: 3 0x80001fc0 (0x0ff0000f)
core   0: 0x80001fc4 (0xff1a0803) lb      a6, -15(s4)
core   0: 3 0x80001fc4 (0xff1a0803) x16 0x00000074 mem 0x80012bbf
core   0: 0x80001fc8 (0xff4a1803) lh      a6, -12(s4)
core   0: 3 0x80001fc8 (0xff4a1803) x16 0x00007879 mem 0x80012bc2
core   0: 0x80001fcc (0xffaa1a23) sh      s10, -12(s4)
core   0: 3 0x80001fcc (0xffaa1a23) mem 0x80012bc2 0xff82
core   0: 0x80001fd0 (0xffaa5903) lhu     s2, -6(s4)
core   0: 3 0x80001fd0 (0xffaa5903) x18 0x00008283 mem 0x80012bc8
core   0: 0x80001fd4 (0xffaa1f83) lh      t6, -6(s4)
core   0: 3 0x80001fd4 (0xffaa1f83) x31 0xffff8283 mem 0x80012bc8
core   0: 0x80001fd8 (0xffaa2303) lw      t1, -6(s4)
core   0: 3 0x80001fd8 (0xffaa2303) x 6 0x80818283 mem 0x80012bc8
core   0: 0x80001fdc (0x005a0103) lb      sp, 5(s4)
core   0: 3 0x80001fdc (0x005a0103) x 2 0xffffff88 mem 0x80012bd3
core   0: 0x80001fe0 (0x01ca1423) sh      t3, 8(s4)
core   0: 3 0x80001fe0 (0x01ca1423) mem 0x80012bd6 0x9293
core   0: 0x80001fe4 (0x008a4d03) lbu     s10, 8(s4)
core   0: 3 0x80001fe4 (0x008a4d03) x26 0x00000093 mem 0x80012bd6
core   0: 0x80001fe8 (0xff3a4b83) lbu     s7, -13(s4)
core   0: 3 0x80001fe8 (0xff3a4b83) x23 0x0000007a mem 0x80012bc1
core   0: 0x80001fec (0xff3a0903) lb      s2, -13(s4)
core   0: 3 0x80001fec (0xff3a0903) x18 0x0000007a mem 0x80012bc1
core   0: 0x80001ff0 (0xfe7a09a3) sb      t2, -13(s4)
core   0: 3 0x80001ff0 (0xfe7a09a3) mem 0x80012bc1 0xfe
core   0: 0x80001ff4 (0xff3a0783) lb      a5, -13(s4)
core   0: 3 0x80001ff4 (0xff3a0783) x15 0xfffffffe mem 0x80012bc1
core   0: 0x80001ff8 (0xff3a09a3) sb      s3, -13(s4)
core   0: 3 0x80001ff8 (0xff3a09a3) mem 0x80012bc1 0x9c
core   0: 0x80001ffc (0xfe7a09a3) sb      t2, -13(s4)
core   0: 3 0x80001ffc (0xfe7a09a3) mem 0x80012bc1 0xfe
core   0: 0x80002000 (0x00830633) add     a2, t1, s0
core   0: 3 0x80002000 (0x00830633) x12 0x0082abb4
core   0: 0x80002004 (0xffaa09a3) sb      s10, -13(s4)
core   0: 3 0x80002004 (0xffaa09a3) mem 0x80012bc1 0x93
core   0: 0x80002008 (0x01aa0733) add     a4, s4, s10
core   0: 3 0x80002008 (0x01aa0733) x14 0x80012c61
core   0: 0x8000200c (0xff3a0b83) lb      s7, -13(s4)
core   0: 3 0x8000200c (0xff3a0b83) x23 0xffffff93 mem 0x80012bc1
core   0: 0x80002010 (0xff3a0d83) lb      s11, -13(s4)
core   0: 3 0x80002010 (0xff3a0d83) x27 0xffffff93 mem 0x80012bc1
core   0: 0x80002014 (0x00017c17) auipc   s8, 0x17
core   0: 3 0x80002014 (0x00017c17) x24 0x80019014
core   0: 0x80002018 (0x666c0c13) addi    s8, s8, 1638
core   0: 3 0x80002018 (0x666c0c13) x24 0x8001967a
core   0: 0x8000201c (0x01dc0d23) sb      t4, 26(s8)
core   0: 3 0x8000201c (0x01dc0d23) mem 0x80019694 0xfd
core   0: 0x80002020 (0x00011097) auipc   ra, 0x11
core   0: 3 0x80002020 (0x00011097) x 1 0x80013020
core   0: 0x80002024 (0xedc08093) addi    ra, ra, -292
core   0: 3 0x80002024 (0xedc08093) x 1 0x80012efc
core   0: 0x80002028 (0x0a7c0103) lb      sp, 167(s8)
core   0: 3 0x80002028 (0x0a7c0103) x 2 0xffffffda mem 0x80019721
core   0: 0x8000202c (0xfe708ea3) sb      t2, -3(ra)
core   0: 3 0x8000202c (0xfe708ea3) mem 0x80012ef9 0xfe
core   0: 0x80002030 (0x028c0403) lb      s0, 40(s8)
core   0: 3 0x80002030 (0x028c0403) x 8 0x00000059 mem 0x800196a2
core   0: 0x80002034 (0x035c0403) lb      s0, 53(s8)
core   0: 3 0x80002034 (0x035c0403) x 8 0x00000064 mem 0x800196af
core   0: 0x80002038 (0x032c0303) lb      t1, 50(s8)
core   0: 3 0x80002038 (0x032c0303) x 6 0x00000067 mem 0x800196ac
core   0: 0x8000203c (0xf0d08ba3) sb      a3, -233(ra)
core   0: 3 0x8000203c (0xf0d08ba3) mem 0x80012e13 0x9d
core   0: 0x80002040 (0xfc708703) lb      a4, -57(ra)
core   0: 3 0x80002040 (0xfc708703) x14 0x00000078 mem 0x80012ec3
core   0: 0x80002044 (0x0afc4583) lbu     a1, 175(s8)
core   0: 3 0x80002044 (0x0afc4583) x11 0x000000e2 mem 0x80019729
core   0: 0x80002048 (0x056c4d83) lbu     s11, 86(s8)
core   0: 3 0x80002048 (0x056c4d83) x27 0x0000008b mem 0x800196d0
core   0: 0x8000204c (0xf2b080a3) sb      a1, -223(ra)
core   0: 3 0x8000204c (0xf2b080a3) mem 0x80012e1d 0xe2
core   0: 0x80002050 (0xf570c703) lbu     a4, -169(ra)
core   0: 3 0x80002050 (0xf570c703) x14 0x00000008 mem 0x80012e53
core   0: 0x80002054 (0x0830a023) sw      gp, 128(ra)
core   0: 3 0x80002054 (0x0830a023) mem 0x80012f7c 0x000000e2
core   0: 0x80002058 (0x0001ce17) auipc   t3, 0x1c
core   0: 3 0x80002058 (0x0001ce17) x28 0x8001e058
core   0: 0x8000205c (0x7e1e0e13) addi    t3, t3, 2017
core   0: 3 0x8000205c (0x7e1e0e13) x28 0x8001e839
core   0: 0x80002060 (0x0001bc17) auipc   s8, 0x1b
core   0: 3 0x80002060 (0x0001bc17) x24 0x8001d060
core   0: 0x80002064 (0xf70c0c13) addi    s8, s8, -144
core   0: 3 0x80002064 (0xf70c0c13) x24 0x8001cfd0
core   0: 0x80002068 (0x000e04a3) sb      zero, 9(t3)
core   0: 3 0x80002068 (0x000e04a3) mem 0x8001e842 0x0
core   0: 0x8000206c (0x006e0f03) lb      t5, 6(t3)
core   0: 3 0x8000206c (0x006e0f03) x30 0xfffffff4 mem 0x8001e83f
core   0: 0x80002070 (0xffbe4303) lbu     t1, -5(t3)
core   0: 3 0x80002070 (0xffbe4303) x 6 0x000000ef mem 0x8001e834
core   0: 0x80002074 (0xfdac1d03) lh      s10, -38(s8)
core   0: 3 0x80002074 (0xfdac1d03) x26 0x00006061 mem 0x8001cfaa
core   0: 0x80002078 (0xffae0703) lb      a4, -6(t3)
core   0: 3 0x80002078 (0xffae0703) x14 0xffffffe8 mem 0x8001e833
core   0: 0x8000207c (0xffbc4583) lbu     a1, -5(s8)
core   0: 3 0x8000207c (0xffbc4583) x11 0x00000080 mem 0x8001cfcb
core   0: 0x80002080 (0x018e25a3) sw      s8, 11(t3)
core   0: 3 0x80002080 (0x018e25a3) mem 0x8001e844 0x8001cfd0
core   0: 0x80002084 (0x03dc4883) lbu     a7, 61(s8)
core   0: 3 0x80002084 (0x03dc4883) x17 0x000000c6 mem 0x8001d00d
core   0: 0x80002088 (0xfd8c4d83) lbu     s11, -40(s8)
core   0: 3 0x80002088 (0xfd8c4d83) x27 0x00000063 mem 0x8001cfa8
core   0: 0x8000208c (0xffbe0a23) sb      s11, -12(t3)
core   0: 3 0x8000208c (0xffbe0a23) mem 0x8001e82d 0x63
core   0: 0x80002090 (0xff4c1e83) lh      t4, -12(s8)
core   0: 3 0x80002090 (0xff4c1e83) x29 0x00007e7f mem 0x8001cfc4
core   0: 0x80002094 (0xfe2e1ca3) sh      sp, -7(t3)
core   0: 3 0x80002094 (0xfe2e1ca3) mem 0x8001e832 0xffda
core   0: 0x80002098 (0xff2c0523) sb      s2, -22(s8)
core   0: 3 0x80002098 (0xff2c0523) mem 0x8001cfba 0x7a
core   0: 0x8000209c (0xffde09a3) sb      t4, -13(t3)
core   0: 3 0x8000209c (0xffde09a3) mem 0x8001e82c 0x7f
core   0: 0x800020a0 (0x012e16a3) sh      s2, 13(t3)
core   0: 3 0x800020a0 (0x012e16a3) mem 0x8001e846 0x007a
core   0: 0x800020a4 (0xff0c2823) sw      a6, -16(s8)
core   0: 3 0x800020a4 (0xff0c2823) mem 0x8001cfc0 0x00007879
core   0: 0x800020a8 (0xff8c07a3) sb      s8, -17(s8)
core   0: 3 0x800020a8 (0xff8c07a3) mem 0x8001cfbf 0xd0
core   0: 0x800020ac (0x01c0036f) jal     t1, pc + 0x1c
core   0: 3 0x800020ac (0x01c0036f) x 6 0x800020b0
core   0: 0x800020c8 (0xff1ffd6f) jal     s10, pc - 0x10
core   0: 3 0x800020c8 (0xff1ffd6f) x26 0x800020cc
core   0: 0x800020b8 (0x01800def) jal     s11, pc + 0x18
core   0: 3 0x800020b8 (0x01800def) x27 0x800020bc
core   0: 0x800020d0 (0xfe1ff0ef) jal     pc - 0x20
core   0: 3 0x800020d0 (0xfe1ff0ef) x 1 0x800020d4
core   0: 0x800020b0 (0x004000ef) jal     pc + 0x4
core   0: 3 0x800020b0 (0x004000ef) x 1 0x800020b4
core   0: 0x800020b4 (0x0200036f) jal     t1, pc + 0x20
core   0: 3 0x800020b4 (0x0200036f) x 6 0x800020b8
core   0: 0x800020d4 (0xff9ff0ef) jal     pc - 0x8
core   0: 3 0x800020d4 (0xff9ff0ef) x 1 0x800020d8
core   0: 0x800020cc (0x014005ef) jal     a1, pc + 0x14
core   0: 3 0x800020cc (0x014005ef) x11 0x800020d0
core   0: 0x800020e0 (0xfe5ff0ef) jal     pc - 0x1c
core   0: 3 0x800020e0 (0xfe5ff0ef) x 1 0x800020e4
core   0: 0x800020c4 (0x024000ef) jal     pc + 0x24
core   0: 3 0x800020c4 (0x024000ef) x 1 0x800020c8
core   0: 0x800020e8 (0xfd5ff36f) jal     t1, pc - 0x2c
core   0: 3 0x800020e8 (0xfd5ff36f) x 6 0x800020ec
core   0: 0x800020bc (0x030001ef) jal     gp, pc + 0x30
core   0: 3 0x800020bc (0x030001ef) x 3 0x800020c0
core   0: 0x800020ec (0xff1ff0ef) jal     pc - 0x10
core   0: 3 0x800020ec (0xff1ff0ef) x 1 0x800020f0
core   0: 0x800020dc (0x008000ef) jal     pc + 0x8
core   0: 3 0x800020dc (0x008000ef) x 1 0x800020e0
core   0: 0x800020e4 (0xfddff0ef) jal     pc - 0x24
core   0: 3 0x800020e4 (0xfddff0ef) x 1 0x800020e8
core   0: 0x800020c0 (0x0300036f) jal     t1, pc + 0x30
core   0: 3 0x800020c0 (0x0300036f) x 6 0x800020c4
core   0: 0x800020f0 (0xfe9ff0ef) jal     pc - 0x18
core   0: 3 0x800020f0 (0xfe9ff0ef) x 1 0x800020f4
core   0: 0x800020d8 (0x01c007ef) jal     a5, pc + 0x1c
core   0: 3 0x800020d8 (0x01c007ef) x15 0x800020dc
core   0: 0x800020f4 (0x00000013) nop
core   0: 3 0x800020f4 (0x00000013)
core   0: 0x800020f8 (0x00011e97) auipc   t4, 0x11
core   0: 3 0x800020f8 (0x00011e97) x29 0x800130f8
core   0: 0x800020fc (0xc07e8e93) addi    t4, t4, -1017
core   0: 3 0x800020fc (0xc07e8e93) x29 0x80012cff
core   0: 0x80002100 (0x0001d697) auipc   a3, 0x1d
core   0: 3 0x80002100 (0x0001d697) x13 0x8001f100
core   0: 0x80002104 (0xd6568693) addi    a3, a3, -667
core   0: 3 0x80002104 (0xd6568693) x13 0x8001ee65
core   0: 0x80002108 (0xfce6ca83) lbu     s5, -50(a3)
core   0: 3 0x80002108 (0xfce6ca83) x21 0x000000e8 mem 0x8001ee33
core   0: 0x8000210c (0x031e8783) lb      a5, 49(t4)
core   0: 3 0x8000210c (0x031e8783) x15 0xffffffeb mem 0x80012d30
core   0: 0x80002110 (0xfe1e8823) sb      ra, -16(t4)
core   0: 3 0x80002110 (0xfe1e8823) mem 0x80012cef 0xf4
core   0: 0x80002114 (0x0346c183) lbu     gp, 52(a3)
core   0: 3 0x80002114 (0x0346c183) x 3 0x00000052 mem 0x8001ee99
core   0: 0x80002118 (0x00ee8523) sb      a4, 10(t4)
core   0: 3 0x80002118 (0x00ee8523) mem 0x80012d09 0xe8
core   0: 0x8000211c (0xfde68423) sb      t5, -56(a3)
core   0: 3 0x8000211c (0xfde68423) mem 0x8001ee2d 0xf4
core   0: 0x80002120 (0xfd6e9da3) sh      s6, -37(t4)
core   0: 3 0x80002120 (0xfd6e9da3) mem 0x80012cda 0x7e64
core   0: 0x80002124 (0x03ae8f23) sb      s10, 62(t4)
core   0: 3 0x80002124 (0x03ae8f23) mem 0x80012d3d 0xcc
core   0: 0x80002128 (0xff76dd83) lhu     s11, -9(a3)
core   0: 3 0x80002128 (0xff76dd83) x27 0x00001617 mem 0x8001ee5c
core   0: 0x8000212c (0x00b6d703) lhu     a4, 11(a3)
core   0: 3 0x8000212c (0x00b6d703) x14 0x00002a2b mem 0x8001ee70
core   0: 0x80002130 (0xff168723) sb      a7, -18(a3)
core   0: 3 0x80002130 (0xff168723) mem 0x8001ee53 0xc6
core   0: 0x80002134 (0x02fe8d23) sb      a5, 58(t4)
core   0: 3 0x80002134 (0x02fe8d23) mem 0x80012d39 0xeb
core   0: 0x80002138 (0xff3e9703) lh      a4, -13(t4)
core   0: 3 0x80002138 (0xff3e9703) x14 0xffffa8a9 mem 0x80012cf2
core   0: 0x8000213c (0xfed68f23) sb      a3, -2(a3)
core   0: 3 0x8000213c (0xfed68f23) mem 0x8001ee63 0x65
core   0: 0x80002140 (0x052e8023) sb      s2, 64(t4)
core   0: 3 0x80002140 (0x052e8023) mem 0x80012d3f 0x7a
core   0: 0x80002144 (0xfd969183) lh      gp, -39(a3)
core   0: 3 0x80002144 (0xfd969183) x 3 0xfffff4f5 mem 0x8001ee3e
core   0: 0x80002148 (0xfd9e97a3) sh      s9, -49(t4)
core   0: 3 0x80002148 (0xfd9e97a3) mem 0x80012cce 0x23f3
core   0: 0x8000214c (0xff86c003) lbu     zero, -8(a3)
core   0: 3 0x8000214c (0xff86c003) mem 0x8001ee5d
core   0: 0x80002150 (0x00010e17) auipc   t3, 0x10
core   0: 3 0x80002150 (0x00010e17) x28 0x80012150
core   0: 0x80002154 (0x322e0e13) addi    t3, t3, 802
core   0: 3 0x80002154 (0x322e0e13) x28 0x80012472
core   0: 0x80002158 (0x00010e97) auipc   t4, 0x10
core   0: 3 0x80002158 (0x00010e97) x29 0x80012158
core   0: 0x8000215c (0x312e8e93) addi    t4, t4, 786
core   0: 3 0x8000215c (0x312e8e93) x29 0x8001246a
core   0: 0x80002160 (0x00010097) auipc   ra, 0x10
core   0: 3 0x80002160 (0x00010097) x 1 0x80012160
core   0: 0x80002164 (0x46408093) addi    ra, ra, 1124
core   0: 3 0x80002164 (0x46408093) x 1 0x800125c4
core   0: 0x80002168 (0xfec08783) lb      a5, -20(ra)
core   0: 3 0x80002168 (0xfec08783) x15 0x0000006b mem 0x800125b0
core   0: 0x8000216c (0x03ee8ea3) sb      t5, 61(t4)
core   0: 3 0x8000216c (0x03ee8ea3) mem 0x800124a7 0xf4
core   0: 0x80002170 (0x0140dd83) lhu     s11, 20(ra)
core   0: 3 0x80002170 (0x0140dd83) x27 0x00009293 mem 0x800125d8
core   0: 0x80002174 (0xfefe4303) lbu     t1, -17(t3)
core   0: 3 0x80002174 (0xfefe4303) x 6 0x0000001a mem 0x80012461
core   0: 0x80002178 (0x040e0383) lb      t2, 64(t3)
core   0: 3 0x80002178 (0x040e0383) x 7 0x00000069 mem 0x800124b2
core   0: 0x8000217c (0xff1e0523) sb      a7, -22(t3)
core   0: 3 0x8000217c (0xff1e0523) mem 0x8001245c 0xc6
core   0: 0x80002180 (0x039e9223) sh      s9, 36(t4)
core   0: 3 0x80002180 (0x039e9223) mem 0x8001248e 0x23f3
core   0: 0x80002184 (0xfd50c903) lbu     s2, -43(ra)
core   0: 3 0x80002184 (0xfd50c903) x18 0x00000052 mem 0x80012599
core   0: 0x80002188 (0xff1e8883) lb      a7, -15(t4)
core   0: 3 0x80002188 (0xff1e8883) x17 0x00000010 mem 0x8001245b
core   0: 0x8000218c (0x017e0c23) sb      s7, 24(t3)
core   0: 3 0x8000218c (0x017e0c23) mem 0x8001248a 0x93
core   0: 0x80002190 (0xfc5ec603) lbu     a2, -59(t4)
core   0: 3 0x80002190 (0xfc5ec603) x12 0x000000e4 mem 0x8001242f
core   0: 0x80002194 (0x00b08d83) lb      s11, 11(ra)
core   0: 3 0x80002194 (0x00b08d83) x27 0xffffff84 mem 0x800125cf
core   0: 0x80002198 (0x033e8003) lb      zero, 51(t4)
core   0: 3 0x80002198 (0x033e8003) mem 0x8001249d
core   0: 0x8000219c (0xff1e0303) lb      t1, -15(t3)
core   0: 3 0x8000219c (0xff1e0303) x 6 0x00000018 mem 0x80012463
core   0: 0x800021a0 (0x03e0c883) lbu     a7, 62(ra)
core   0: 3 0x800021a0 (0x03e0c883) x17 0x000000b9 mem 0x80012602
core   0: 0x800021a4 (0x01e082a3) sb      t5, 5(ra)
core   0: 3 0x800021a4 (0x01e082a3) mem 0x800125c9 0xf4
core   0: 0x800021a8 (0x014ed303) lhu     t1, 20(t4)
core   0: 3 0x800021a8 (0x014ed303) x 6 0x00003435 mem 0x8001247e
core   0: 0x800021ac (0xff9ec283) lbu     t0, -7(t4)
core   0: 3 0x800021ac (0xff9ec283) x 5 0x00000018 mem 0x80012463
core   0: 0x800021b0 (0xfffe8ba3) sb      t6, -9(t4)
core   0: 3 0x800021b0 (0xfffe8ba3) mem 0x80012461 0x83
core   0: 0x800021b4 (0xfe90cc83) lbu     s9, -23(ra)
core   0: 3 0x800021b4 (0xfe90cc83) x25 0x00000066 mem 0x800125ad
core   0: 0x800021b8 (0x0001c117) auipc   sp, 0x1c
core   0: 3 0x800021b8 (0x0001c117) x 2 0x8001e1b8
core   0: 0x800021bc (0x00510113) addi    sp, sp, 5
core   0: 3 0x800021bc (0x00510113) x 2 0x8001e1bd
core   0: 0x800021c0 (0x011d4e33) xor     t3, s10, a7
core   0: 3 0x800021c0 (0x011d4e33) x28 0x80002075
core   0: 0x800021c4 (0x0ff0000f) fence   iorw,iorw
core   0: 3 0x800021c4 (0x0ff0000f)
core   0: 0x800021c8 (0x40ded813) srai    a6, t4, 13
core   0: 3 0x800021c8 (0x40ded813) x16 0xfffc0009
core   0: 0x800021cc (0xfb514783) lbu     a5, -75(sp)
core   0: 3 0x800021cc (0xfb514783) x15 0x00000029 mem 0x8001e172
core   0: 0x800021d0 (0x01f3cd33) xor     s10, t2, t6
core   0: 3 0x800021d0 (0x01f3cd33) x26 0xffff82ea
core   0: 0x800021d4 (0x0051e633) or      a2, gp, t0
core   0: 3 0x800021d4 (0x0051e633) x12 0xfffff4fd
core   0: 0x800021d8 (0xf2914403) lbu     s0, -215(sp)
core   0: 3 0x800021d8 (0xf2914403) x 8 0x0000009d mem 0x8001e0e6
core   0: 0x800021dc (0x4099d4b3) sra     s1, s3, s1
core   0: 3 0x800021dc (0x4099d4b3) x 9 0xffffffe6
core   0: 0x800021e0 (0xfc911603) lh      a2, -55(sp)
core   0: 3 0x800021e0 (0xfc911603) x12 0x00003c3d mem 0x8001e186
core   0: 0x800021e4 (0x00d397b3) sll     a5, t2, a3
core   0: 3 0x800021e4 (0x00d397b3) x15 0x00000d20
core   0: 0x800021e8 (0x0a714603) lbu     a2, 167(sp)
core   0: 3 0x800021e8 (0x0a714603) x12 0x0000001f mem 0x8001e264
core   0: 0x800021ec (0x0044f1b3) and     gp, s1, tp
core   0: 3 0x800021ec (0x0044f1b3) x 3 0x8002bce4
core   0: 0x800021f0 (0x0a114003) lbu     zero, 161(sp)
core   0: 3 0x800021f0 (0x0a114003) mem 0x8001e25e
core   0: 0x800021f4 (0x40fe5733) sra     a4, t3, a5
core   0: 3 0x800021f4 (0x40fe5733) x14 0x80002075
core   0: 0x800021f8 (0x00e7c4b3) xor     s1, a5, a4
core   0: 3 0x800021f8 (0x00e7c4b3) x 9 0x80002d55
core   0: 0x800021fc (0x06110ea3) sb      ra, 125(sp)
core   0: 3 0x800021fc (0x06110ea3) mem 0x8001e23a 0xc4
core   0: 0x80002200 (0x40865633) sra     a2, a2, s0
core   0: 3 0x80002200 (0x40865633) x12 0x00000000
core   0: 0x80002204 (0xd2843393) sltiu   t2, s0, -728
core   0: 3 0x80002204 (0xd2843393) x 7 0x00000001
core   0: 0x80002208 (0x02f12da3) sw      a5, 59(sp)
core   0: 3 0x80002208 (0x02f12da3) mem 0x8001e1f8 0x00000d20
core   0: 0x8000220c (0x02f14703) lbu     a4, 47(sp)
core   0: 3 0x8000220c (0x02f14703) x14 0x000000a7 mem 0x8001e1ec
core   0: 0x80002210 (0xfd510723) sb      s5, -50(sp)
core   0: 3 0x80002210 (0xfd510723) mem 0x8001e18b 0xe8
core   0: 0x80002214 (0xdf363897) auipc   a7, 0xdf363
core   0: 3 0x80002214 (0xdf363897) x17 0x5f365214
core   0: 0x80002218 (0x00dd51b3) srl     gp, s10, a3
core   0: 3 0x80002218 (0x00dd51b3) x 3 0x07fffc17
core   0: 0x8000221c (0x02111a83) lh      s5, 33(sp)
core   0: 3 0x8000221c (0x02111a83) x21 0xffff9495 mem 0x8001e1de
core   0: 0x80002220 (0x0d814883) lbu     a7, 216(sp)
core   0: 3 0x80002220 (0x0d814883) x17 0x0000004e mem 0x8001e295
core   0: 0x80002224 (0xf4f15603) lhu     a2, -177(sp)
core   0: 3 0x80002224 (0xf4f15603) x12 0x0000c6c7 mem 0x8001e10c
core   0: 0x80002228 (0x41acd933) sra     s2, s9, s10
core   0: 3 0x80002228 (0x41acd933) x18 0x00000000
core   0: 0x8000222c (0x00a07533) and     a0, zero, a0
core   0: 3 0x8000222c (0x00a07533) x10 0x00000000
core   0: 0x80002230 (0x0b614703) lbu     a4, 182(sp)
core   0: 3 0x80002230 (0x0b614703) x14 0x00000028 mem 0x8001e273
core   0: 0x80002234 (0x00000013) nop
core   0: 3 0x80002234 (0x00000013)
core   0: 0x80002238 (0x01691533) sll     a0, s2, s6
core   0: 3 0x80002238 (0x01691533) x10 0x00000000
core   0: 0x8000223c (0xf0414283) lbu     t0, -252(sp)
core   0: 3 0x8000223c (0xf0414283) x 5 0x0000007a mem 0x8001e0c1
core   0: 0x80002240 (0xed86ff13) andi    t5, a3, -296
core   0: 3 0x80002240 (0xed86ff13) x30 0x8001ee40
core   0: 0x80002244 (0x06b14a03) lbu     s4, 107(sp)
core   0: 3 0x80002244 (0x06b14a03) x20 0x000000e3 mem 0x8001e228
core   0: 0x80002248 (0x0a510a83) lb      s5, 165(sp)
core   0: 3 0x80002248 (0x0a510a83) x21 0x0000005a mem 0x8001e262
core   0: 0x8000224c (0x0ff0000f) fence   iorw,iorw
core   0: 3 0x8000224c (0x0ff0000f)
core   0: 0x80002250 (0x01312283) lw      t0, 19(sp)
core   0: 3 0x80002250 (0x01312283) x 5 0x88898a8b mem 0x8001e1d0
core   0: 0x80002254 (0x40f78c33) sub     s8, a5, a5
core   0: 3 0x80002254 (0x40f78c33) x24 0x00000000
core   0: 0x80002258 (0x0d312a03) lw      s4, 211(sp)
core   0: 3 0x80002258 (0x0d312a03) x20 0x48494a4b mem 0x8001e290
core   0: 0x8000225c (0x00131933) sll     s2, t1, ra
core   0: 3 0x8000225c (0x00131933) x18 0x00034350
core   0: 0x80002260 (0x011c05b3) add     a1, s8, a7
core   0: 3 0x80002260 (0x011c05b3) x11 0x0000004e
core   0: 0x80002264 (0xf3214d83) lbu     s11, -206(sp)
core   0: 3 0x80002264 (0xf3214d83) x27 0x000000a4 mem 0x8001e0ef
core   0: 0x80002268 (0xfcb105a3) sb      a1, -53(sp)
core   0: 3 0x80002268 (0xfcb105a3) mem 0x8001e188 0x4e
core   0: 0x8000226c (0x76742d17) auipc   s10, 0x76742
core   0: 3 0x8000226c (0x76742d17) x26 0xf674426c
core   0: 0x80002270 (0xfd715703) lhu     a4, -41(sp)
core   0: 3 0x80002270 (0xfd715703) x14 0x00004e4f mem 0x8001e194
core   0: 0x80002274 (0x015b3633) sltu    a2, s6, s5
core   0: 3 0x80002274 (0x015b3633) x12 0x00000000
core   0: 0x80002278 (0x0ff10703) lb      a4, 255(sp)
core   0: 3 0x80002278 (0x0ff10703) x14 0x00000077 mem 0x8001e2bc
core   0: 0x8000227c (0x01901d93) slli    s11, zero, 25
core   0: 3 0x8000227c (0x01901d93) x27 0x00000000
core   0: 0x80002280 (0xfb412da3) sw      s4, -69(sp)
core   0: 3 0x80002280 (0xfb412da3) mem 0x8001e178 0x48494a4b
core   0: 0x80002284 (0x02c10e03) lb      t3, 44(sp)
core   0: 3 0x80002284 (0x02c10e03) x28 0xffffffa2 mem 0x8001e1e9
core   0: 0x80002288 (0x0000100f) fence.i
core   0: 3 0x80002288 (0x0000100f)
core   0: 0x8000228c (0x02110e03) lb      t3, 33(sp)
core   0: 3 0x8000228c (0x02110e03) x28 0xffffff95 mem 0x8001e1de
core   0: 0x80002290 (0xfc310923) sb      gp, -46(sp)
core   0: 3 0x80002290 (0xfc310923) mem 0x8001e18f 0x17
core   0: 0x80002294 (0xfdf12a83) lw      s5, -33(sp)
core   0: 3 0x80002294 (0xfdf12a83) x21 0x54555657 mem 0x8001e19c
core   0: 0x80002298 (0x00010897) auipc   a7, 0x10
core   0: 3 0x80002298 (0x00010897) x17 0x80012298
core   0: 0x8000229c (0xf2188893) addi    a7, a7, -223
core   0: 3 0x8000229c (0xf2188893) x17 0x800121b9
core   0: 0x800022a0 (0x00b59fb3) sll     t6, a1, a1
core   0: 3 0x800022a0 (0x00b59fb3) x31 0x00138000
core   0: 0x800022a4 (0x5278ada3) sw      t2, 1339(a7)
core   0: 3 0x800022a4 (0x5278ada3) mem 0x800126f4 0x00000001
core   0: 0x800022a8 (0x53b8ca03) lbu     s4, 1339(a7)
core   0: 3 0x800022a8 (0x53b8ca03) x20 0x00000001 mem 0x800126f4
core   0: 0x800022ac (0x53b8cd83) lbu     s11, 1339(a7)
core   0: 3 0x800022ac (0x53b8cd83) x27 0x00000001 mem 0x800126f4
core   0: 0x800022b0 (0x53b8a083) lw      ra, 1339(a7)
core   0: 3 0x800022b0 (0x53b8a083) x 1 0x00000001 mem 0x800126f4
core   0: 0x800022b4 (0x53b8aa83) lw      s5, 1339(a7)
core   0: 3 0x800022b4 (0x53b8aa83) x21 0x00000001 mem 0x800126f4
core   0: 0x800022b8 (0x0038b933) sltu    s2, a7, gp
core   0: 3 0x800022b8 (0x0038b933) x18 0x00000000
core   0: 0x800022bc (0x001a5f13) srli    t5, s4, 1
core   0: 3 0x800022bc (0x001a5f13) x30 0x00000000
core   0: 0x800022c0 (0x53b8da83) lhu     s5, 1339(a7)
core   0: 3 0x800022c0 (0x53b8da83) x21 0x00000001 mem 0x800126f4
core   0: 0x800022c4 (0x53988da3) sb      s9, 1339(a7)
core   0: 3 0x800022c4 (0x53988da3) mem 0x800126f4 0x66
core   0: 0x800022c8 (0x53b8a383) lw      t2, 1339(a7)
core   0: 3 0x800022c8 (0x53b8a383) x 7 0x00000066 mem 0x800126f4
core   0: 0x800022cc (0x011d7ab3) and     s5, s10, a7
core   0: 3 0x800022cc (0x011d7ab3) x21 0x80000028
core   0: 0x800022d0 (0x53b8ac03) lw      s8, 1339(a7)
core   0: 3 0x800022d0 (0x53b8ac03) x24 0x00000066 mem 0x800126f4
core   0: 0x800022d4 (0xee588723) sb      t0, -274(a7)
core   0: 3 0x800022d4 (0xee588723) mem 0x800120a7 0x8b
core   0: 0x800022d8 (0x24d36297) auipc   t0, 0x24d36
core   0: 3 0x800022d8 (0x24d36297) x 5 0xa4d382d8
core   0: 0x800022dc (0xeee88183) lb      gp, -274(a7)
core   0: 3 0x800022dc (0xeee88183) x 3 0xffffff8b mem 0x800120a7
core   0: 0x800022e0 (0xeee8c303) lbu     t1, -274(a7)
core   0: 3 0x800022e0 (0xeee8c303) x 6 0x0000008b mem 0x800120a7
core   0: 0x800022e4 (0xeee88303) lb      t1, -274(a7)
core   0: 3 0x800022e4 (0xeee88303) x 6 0xffffff8b mem 0x800120a7
core   0: 0x800022e8 (0x00000013) nop
core   0: 3 0x800022e8 (0x00000013)
core   0: 0x800022ec (0xee888723) sb      s0, -274(a7)
core   0: 3 0x800022ec (0xee888723) mem 0x800120a7 0x9d
core   0: 0x800022f0 (0xeee8cf83) lbu     t6, -274(a7)
core   0: 3 0x800022f0 (0xeee8cf83) x31 0x0000009d mem 0x800120a7
core   0: 0x800022f4 (0x00011f17) auipc   t5, 0x11
core   0: 3 0x800022f4 (0x00011f17) x30 0x800132f4
core   0: 0x800022f8 (0xb70f0f13) addi    t5, t5, -1168
core   0: 3 0x800022f8 (0xb70f0f13) x30 0x80012e64
core   0: 0x800022fc (0x00eb9633) sll     a2, s7, a4
core   0: 3 0x800022fc (0x00eb9633) x12 0xc9800000
core   0: 0x80002300 (0x00ea8d33) add     s10, s5, a4
core   0: 3 0x80002300 (0x00ea8d33) x26 0x8000009f
core   0: 0x80002304 (0x00eebdb3) sltu    s11, t4, a4
core   0: 3 0x80002304 (0x00eebdb3) x27 0x00000000
core   0: 0x80002308 (0xffff0783) lb      a5, -1(t5)
core   0: 3 0x80002308 (0xffff0783) x15 0x00000018 mem 0x80012e63
core   0: 0x8000230c (0x016f1423) sh      s6, 8(t5)
core   0: 3 0x8000230c (0x016f1423) mem 0x80012e6c 0x7e64
core   0: 0x80002310 (0xff1f4c03) lbu     s8, -15(t5)
core   0: 3 0x80002310 (0xff1f4c03) x24 0x0000000e mem 0x80012e55
core   0: 0x80002314 (0x011d58b3) srl     a7, s10, a7
core   0: 3 0x80002314 (0x011d58b3) x17 0x00000040
core   0: 0x80002318 (0xfe7f09a3) sb      t2, -13(t5)
core   0: 3 0x80002318 (0xfe7f09a3) mem 0x80012e57 0x66
core   0: 0x8000231c (0xff0f0923) sb      a6, -14(t5)
core   0: 3 0x8000231c (0xff0f0923) mem 0x80012e56 0x9
core   0: 0x80002320 (0x405e5933) sra     s2, t3, t0
core   0: 3 0x80002320 (0x405e5933) x18 0xffffffff
core   0: 0x80002324 (0xfc19acb7) lui     s9, 0xfc19a
core   0: 3 0x80002324 (0xfc19acb7) x25 0xfc19a000
core   0: 0x80002328 (0xffff0f83) lb      t6, -1(t5)
core   0: 3 0x80002328 (0xffff0f83) x31 0x00000018 mem 0x80012e63
core   0: 0x8000232c (0x0117d393) srli    t2, a5, 17
core   0: 3 0x8000232c (0x0117d393) x 7 0x00000000
core   0: 0x80002330 (0x00e71833) sll     a6, a4, a4
core   0: 3 0x80002330 (0x00e71833) x16 0x3b800000
core   0: 0x80002334 (0xfeef0d23) sb      a4, -6(t5)
core   0: 3 0x80002334 (0xfeef0d23) mem 0x80012e5e 0x77
core   0: 0x80002338 (0x004bacb3) slt     s9, s7, tp
core   0: 3 0x80002338 (0x004bacb3) x25 0x00000000
core   0: 0x8000233c (0xc127ea93) ori     s5, a5, -1006
core   0: 3 0x8000233c (0xc127ea93) x21 0xfffffc1a
core   0: 0x80002340 (0x008f0b83) lb      s7, 8(t5)
core   0: 3 0x80002340 (0x008f0b83) x23 0x00000064 mem 0x80012e6c
core   0: 0x80002344 (0x00ba1533) sll     a0, s4, a1
core   0: 3 0x80002344 (0x00ba1533) x10 0x00004000
core   0: 0x80002348 (0xd54e7093) andi    ra, t3, -684
core   0: 3 0x80002348 (0xd54e7093) x 1 0xfffffd14
core   0: 0x8000234c (0x004401b3) add     gp, s0, tp
core   0: 3 0x8000234c (0x004401b3) x 3 0x8002bd81
core   0: 0x80002350 (0x0ff0000f) fence   iorw,iorw
core   0: 3 0x80002350 (0x0ff0000f)
core   0: 0x80002354 (0x008f4083) lbu     ra, 8(t5)
core   0: 3 0x80002354 (0x008f4083) x 1 0x00000064 mem 0x80012e6c
core   0: 0x80002358 (0x013f1223) sh      s3, 4(t5)
core   0: 3 0x80002358 (0x013f1223) mem 0x80012e68 0xec9c
core   0: 0x8000235c (0x01b74ab3) xor     s5, a4, s11
core   0: 3 0x8000235c (0x01b74ab3) x21 0x00000077
core   0: 0x80002360 (0x007f4703) lbu     a4, 7(t5)
core   0: 3 0x80002360 (0x007f4703) x14 0x00000020 mem 0x80012e6b
core   0: 0x80002364 (0xff3f4f83) lbu     t6, -13(t5)
core   0: 3 0x80002364 (0xff3f4f83) x31 0x00000066 mem 0x80012e57
core   0: 0x80002368 (0x002f2533) slt     a0, t5, sp
core   0: 3 0x80002368 (0x002f2533) x10 0x00000001
core   0: 0x8000236c (0x0022d693) srli    a3, t0, 2
core   0: 3 0x8000236c (0x0022d693) x13 0x2934e0b6
core   0: 0x80002370 (0x018f1523) sh      s8, 10(t5)
core   0: 3 0x80002370 (0x018f1523) mem 0x80012e6e 0x000e
core   0: 0x80002374 (0x006f5583) lhu     a1, 6(t5)
core   0: 3 0x80002374 (0x006f5583) x11 0x00002021 mem 0x80012e6a
core   0: 0x80002378 (0x012f1723) sh      s2, 14(t5)
core   0: 3 0x80002378 (0x012f1723) mem 0x80012e72 0xffff
core   0: 0x8000237c (0x01ba08b3) add     a7, s4, s11
core   0: 3 0x8000237c (0x01ba08b3) x17 0x00000001
core   0: 0x80002380 (0x0062d393) srli    t2, t0, 6
core   0: 3 0x80002380 (0x0062d393) x 7 0x02934e0b
core   0: 0x80002384 (0xff0f2783) lw      a5, -16(t5)
core   0: 3 0x80002384 (0xff0f2783) x15 0x66090e0f mem 0x80012e54
core   0: 0x80002388 (0x00df0c83) lb      s9, 13(t5)
core   0: 3 0x80002388 (0x00df0c83) x25 0x0000002a mem 0x80012e71
core   0: 0x8000238c (0x004f03a3) sb      tp, 7(t5)
core   0: 3 0x8000238c (0x004f03a3) mem 0x80012e6b 0xe4
core   0: 0x80002390 (0x0103ddb3) srl     s11, t2, a6
core   0: 3 0x80002390 (0x0103ddb3) x27 0x02934e0b
core   0: 0x80002394 (0xfedf1d23) sh      a3, -6(t5)
core   0: 3 0x80002394 (0xfedf1d23) mem 0x80012e5e 0xe0b6
core   0: 0x80002398 (0xff2f1083) lh      ra, -14(t5)
core   0: 3 0x80002398 (0xff2f1083) x 1 0x00006609 mem 0x80012e56
core   0: 0x8000239c (0x40be5133) sra     sp, t3, a1
core   0: 3 0x8000239c (0x40be5133) x 2 0xffffffca
core   0: 0x800023a0 (0xc11e6293) ori     t0, t3, -1007
core   0: 3 0x800023a0 (0xc11e6293) x 5 0xffffff95
core   0: 0x800023a4 (0xb3f367b7) lui     a5, 0xb3f36
core   0: 3 0x800023a4 (0xb3f367b7) x15 0xb3f36000
core   0: 0x800023a8 (0x381e0293) addi    t0, t3, 897
core   0: 3 0x800023a8 (0x381e0293) x 5 0x00000316
core   0: 0x800023ac (0x005d83b3) add     t2, s11, t0
core   0: 3 0x800023ac (0x005d83b3) x 7 0x02935121
core   0: 0x800023b0 (0xfe1f0ea3) sb      ra, -3(t5)
core   0: 3 0x800023b0 (0xfe1f0ea3) mem 0x80012e61 0x9
core   0: 0x800023b4 (0xff600713) li      a4, -10
core   0: 3 0x800023b4 (0xff600713) x14 0xfffffff6
core   0: 0x800023b8 (0x00b00813) li      a6, 11
core   0: 3 0x800023b8 (0x00b00813) x16 0x0000000b
core   0: 0x800023bc (0x00948533) add     a0, s1, s1
core   0: 3 0x800023bc (0x00948533) x10 0x00005aaa
core   0: 0x800023c0 (0x4167d593) srai    a1, a5, 22
core   0: 3 0x800023c0 (0x4167d593) x11 0xfffffecf
core   0: 0x800023c4 (0x00a70713) addi    a4, a4, 10
core   0: 3 0x800023c4 (0x00a70713) x14 0x00000000
core   0: 0x800023c8 (0x00600613) li      a2, 6
core   0: 3 0x800023c8 (0x00600613) x12 0x00000006
core   0: 0x800023cc (0x41615ab3) sra     s5, sp, s6
core   0: 3 0x800023cc (0x41615ab3) x21 0xfffffffc
core   0: 0x800023d0 (0x00900f93) li      t6, 9
core   0: 3 0x800023d0 (0x00900f93) x31 0x00000009
core   0: 0x800023d4 (0x557c6f13) ori     t5, s8, 1367
core   0: 3 0x800023d4 (0x557c6f13) x30 0x0000055f
core   0: 0x800023d8 (0xcc420113) addi    sp, tp, -828
core   0: 3 0x800023d8 (0xcc420113) x 2 0x8002b9a8
core   0: 0x800023dc (0x01168c33) add     s8, a3, a7
core   0: 3 0x800023dc (0x01168c33) x24 0x2934e0b7
core   0: 0x800023e0 (0x00860613) addi    a2, a2, 8
core   0: 3 0x800023e0 (0x00860613) x12 0x0000000e
core   0: 0x800023e4 (0xde2f6193) ori     gp, t5, -542
core   0: 3 0x800023e4 (0xde2f6193) x 3 0xfffffdff
core   0: 0x800023e8 (0xfff66ae3) bltu    a2, t6, pc - 12
core   0: 3 0x800023e8 (0xfff66ae3)
core   0: 0x800023ec (0x0e3c3c13) sltiu   s8, s8, 227
core   0: 3 0x800023ec (0x0e3c3c13) x24 0x00000000
core   0: 0x800023f0 (0xfd0766e3) bltu    a4, a6, pc - 52
core   0: 3 0x800023f0 (0xfd0766e3)
core   0: 0x800023bc (0x00948533) add     a0, s1, s1
core   0: 3 0x800023bc (0x00948533) x10 0x00005aaa
core   0: 0x800023c0 (0x4167d593) srai    a1, a5, 22
core   0: 3 0x800023c0 (0x4167d593) x11 0xfffffecf
core   0: 0x800023c4 (0x00a70713) addi    a4, a4, 10
core   0: 3 0x800023c4 (0x00a70713) x14 0x0000000a
core   0: 0x800023c8 (0x00600613) li      a2, 6
core   0: 3 0x800023c8 (0x00600613) x12 0x00000006
core   0: 0x800023cc (0x41615ab3) sra     s5, sp, s6
core   0: 3 0x800023cc (0x41615ab3) x21 0xf8002b9a
core   0: 0x800023d0 (0x00900f93) li      t6, 9
core   0: 3 0x800023d0 (0x00900f93) x31 0x00000009
core   0: 0x800023d4 (0x557c6f13) ori     t5, s8, 1367
core   0: 3 0x800023d4 (0x557c6f13) x30 0x00000557
core   0: 0x800023d8 (0xcc420113) addi    sp, tp, -828
core   0: 3 0x800023d8 (0xcc420113) x 2 0x8002b9a8
core   0: 0x800023dc (0x01168c33) add     s8, a3, a7
core   0: 3 0x800023dc (0x01168c33) x24 0x2934e0b7
core   0: 0x800023e0 (0x00860613) addi    a2, a2, 8
core   0: 3 0x800023e0 (0x00860613) x12 0x0000000e
core   0: 0x800023e4 (0xde2f6193) ori     gp, t5, -542
core   0: 3 0x800023e4 (0xde2f6193) x 3 0xfffffdf7
core   0: 0x800023e8 (0xfff66ae3) bltu    a2, t6, pc - 12
core   0: 3 0x800023e8 (0xfff66ae3)
core   0: 0x800023ec (0x0e3c3c13) sltiu   s8, s8, 227
core   0: 3 0x800023ec (0x0e3c3c13) x24 0x00000000
core   0: 0x800023f0 (0xfd0766e3) bltu    a4, a6, pc - 52
core   0: 3 0x800023f0 (0xfd0766e3)
core   0: 0x800023bc (0x00948533) add     a0, s1, s1
core   0: 3 0x800023bc (0x00948533) x10 0x00005aaa
core   0: 0x800023c0 (0x4167d593) srai    a1, a5, 22
core   0: 3 0x800023c0 (0x4167d593) x11 0xfffffecf
core   0: 0x800023c4 (0x00a70713) addi    a4, a4, 10
core   0: 3 0x800023c4 (0x00a70713) x14 0x00000014
core   0: 0x800023c8 (0x00600613) li      a2, 6
core   0: 3 0x800023c8 (0x00600613) x12 0x00000006
core   0: 0x800023cc (0x41615ab3) sra     s5, sp, s6
core   0: 3 0x800023cc (0x41615ab3) x21 0xf8002b9a
core   0: 0x800023d0 (0x00900f93) li      t6, 9
core   0: 3 0x800023d0 (0x00900f93) x31 0x00000009
core   0: 0x800023d4 (0x557c6f13) ori     t5, s8, 1367
core   0: 3 0x800023d4 (0x557c6f13) x30 0x00000557
core   0: 0x800023d8 (0xcc420113) addi    sp, tp, -828
core   0: 3 0x800023d8 (0xcc420113) x 2 0x8002b9a8
core   0: 0x800023dc (0x01168c33) add     s8, a3, a7
core   0: 3 0x800023dc (0x01168c33) x24 0x2934e0b7
core   0: 0x800023e0 (0x00860613) addi    a2, a2, 8
core   0: 3 0x800023e0 (0x00860613) x12 0x0000000e
core   0: 0x800023e4 (0xde2f6193) ori     gp, t5, -542
core   0: 3 0x800023e4 (0xde2f6193) x 3 0xfffffdf7
core   0: 0x800023e8 (0xfff66ae3) bltu    a2, t6, pc - 12
core   0: 3 0x800023e8 (0xfff66ae3)
core   0: 0x800023ec (0x0e3c3c13) sltiu   s8, s8, 227
core   0: 3 0x800023ec (0x0e3c3c13) x24 0x00000000
core   0: 0x800023f0 (0xfd0766e3) bltu    a4, a6, pc - 52
core   0: 3 0x800023f0 (0xfd0766e3)
core   0: 0x800023f4 (0x58811f17) auipc   t5, 0x58811
core   0: 3 0x800023f4 (0x58811f17) x30 0xd88133f4
core   0: 0x800023f8 (0x00010797) auipc   a5, 0x10
core   0: 3 0x800023f8 (0x00010797) x15 0x800123f8
core   0: 0x800023fc (0x42a78793) addi    a5, a5, 1066
core   0: 3 0x800023fc (0x42a78793) x15 0x80012822
core   0: 0x80002400 (0x01047833) and     a6, s0, a6
core   0: 3 0x80002400 (0x01047833) x16 0x00000009
core   0: 0x80002404 (0xfef78d03) lb      s10, -17(a5)
core   0: 3 0x80002404 (0xfef78d03) x26 0xffffffca mem 0x80012811
core   0: 0x80002408 (0xfef78403) lb      s0, -17(a5)
core   0: 3 0x80002408 (0xfef78403) x 8 0xffffffca mem 0x80012811
core   0: 0x8000240c (0xff5787a3) sb      s5, -17(a5)
core   0: 3 0x8000240c (0xff5787a3) mem 0x80012811 0x9a
core   0: 0x80002410 (0xfef78883) lb      a7, -17(a5)
core   0: 3 0x80002410 (0xfef78883) x17 0xffffff9a mem 0x80012811
core   0: 0x80002414 (0xff2787a3) sb      s2, -17(a5)
core   0: 3 0x80002414 (0xff2787a3) mem 0x80012811 0xff
core   0: 0x80002418 (0xfef78883) lb      a7, -17(a5)
core   0: 3 0x80002418 (0xfef78883) x17 0xffffffff mem 0x80012811
core   0: 0x8000241c (0xfef78603) lb      a2, -17(a5)
core   0: 3 0x8000241c (0xfef78603) x12 0xffffffff mem 0x80012811
core   0: 0x80002420 (0xfe8787a3) sb      s0, -17(a5)
core   0: 3 0x80002420 (0xfe8787a3) mem 0x80012811 0xca
core   0: 0x80002424 (0xfef78a03) lb      s4, -17(a5)
core   0: 3 0x80002424 (0xfef78a03) x20 0xffffffca mem 0x80012811
core   0: 0x80002428 (0xfef78603) lb      a2, -17(a5)
core   0: 3 0x80002428 (0xfef78603) x12 0xffffffca mem 0x80012811
core   0: 0x8000242c (0xfeb787a3) sb      a1, -17(a5)
core   0: 3 0x8000242c (0xfeb787a3) mem 0x80012811 0xcf
core   0: 0x80002430 (0xfe6787a3) sb      t1, -17(a5)
core   0: 3 0x80002430 (0xfe6787a3) mem 0x80012811 0x8b
core   0: 0x80002434 (0xff0787a3) sb      a6, -17(a5)
core   0: 3 0x80002434 (0xff0787a3) mem 0x80012811 0x9
core   0: 0x80002438 (0xfef7c183) lbu     gp, -17(a5)
core   0: 3 0x80002438 (0xfef7c183) x 3 0x00000009 mem 0x80012811
core   0: 0x8000243c (0xfef7c903) lbu     s2, -17(a5)
core   0: 3 0x8000243c (0xfef7c903) x18 0x00000009 mem 0x80012811
core   0: 0x80002440 (0xfef7cf83) lbu     t6, -17(a5)
core   0: 3 0x80002440 (0xfef7cf83) x31 0x00000009 mem 0x80012811
core   0: 0x80002444 (0x00016a17) auipc   s4, 0x16
core   0: 3 0x80002444 (0x00016a17) x20 0x80018444
core   0: 0x80002448 (0xf60a0a13) addi    s4, s4, -160
core   0: 3 0x80002448 (0xf60a0a13) x20 0x800183a4
core   0: 0x8000244c (0x00010a97) auipc   s5, 0x10
core   0: 3 0x8000244c (0x00010a97) x21 0x8001244c
core   0: 0x80002450 (0x79ca8a93) addi    s5, s5, 1948
core   0: 3 0x80002450 (0x79ca8a93) x21 0x80012be8
core   0: 0x80002454 (0xff7a9f23) sh      s7, -2(s5)
core   0: 3 0x80002454 (0xff7a9f23) mem 0x80012be6 0x0064
core   0: 0x80002458 (0xf47a0703) lb      a4, -185(s4)
core   0: 3 0x80002458 (0xf47a0703) x14 0xffffffa0 mem 0x800182eb
core   0: 0x8000245c (0x0eea1003) lh      zero, 238(s4)
core   0: 3 0x8000245c (0x0eea1003) mem 0x80018492
core   0: 0x80002460 (0x0fea0083) lb      ra, 254(s4)
core   0: 3 0x80002460 (0x0fea0083) x 1 0x00000059 mem 0x800184a2
core   0: 0x80002464 (0x009a8403) lb      s0, 9(s5)
core   0: 3 0x80002464 (0x009a8403) x 8 0xffffffaa mem 0x80012bf1
core   0: 0x80002468 (0x019a0da3) sb      s9, 27(s4)
core   0: 3 0x80002468 (0x019a0da3) mem 0x800183bf 0x2a
core   0: 0x8000246c (0x088a0503) lb      a0, 136(s4)
core   0: 3 0x8000246c (0x088a0503) x10 0xffffffe7 mem 0x8001842c
core   0: 0x80002470 (0xfe8a0e03) lb      t3, -24(s4)
core   0: 3 0x80002470 (0xfe8a0e03) x28 0x00000047 mem 0x8001838c
core   0: 0x80002474 (0x010aa503) lw      a0, 16(s5)
core   0: 3 0x80002474 (0x010aa503) x10 0xb0b1b2b3 mem 0x80012bf8
core   0: 0x80002478 (0x046a4583) lbu     a1, 70(s4)
core   0: 3 0x80002478 (0x046a4583) x11 0x000000a1 mem 0x800183ea
core   0: 0x8000247c (0xfeba9d23) sh      a1, -6(s5)
core   0: 3 0x8000247c (0xfeba9d23) mem 0x80012be2 0x00a1
core   0: 0x80002480 (0x031a0403) lb      s0, 49(s4)
core   0: 3 0x80002480 (0x031a0403) x 8 0xffffff8e mem 0x800183d5
core   0: 0x80002484 (0xfe5a9823) sh      t0, -16(s5)
core   0: 3 0x80002484 (0xfe5a9823) mem 0x80012bd8 0x0316
core   0: 0x80002488 (0xff6a8a23) sb      s6, -12(s5)
core   0: 3 0x80002488 (0xff6a8a23) mem 0x80012bdc 0x64
core   0: 0x8000248c (0x05da4d83) lbu     s11, 93(s4)
core   0: 3 0x8000248c (0x05da4d83) x27 0x000000ba mem 0x80018401
core   0: 0x80002490 (0x00eac183) lbu     gp, 14(s5)
core   0: 3 0x80002490 (0x00eac183) x 3 0x000000ad mem 0x80012bf6
core   0: 0x80002494 (0x0180036f) jal     t1, pc + 0x18
core   0: 3 0x80002494 (0x0180036f) x 6 0x80002498
core   0: 0x800024ac (0x03800def) jal     s11, pc + 0x38
core   0: 3 0x800024ac (0x03800def) x27 0x800024b0
core   0: 0x800024e4 (0xfe9ff0ef) jal     pc - 0x18
core   0: 3 0x800024e4 (0xfe9ff0ef) x 1 0x800024e8
core   0: 0x800024cc (0xff1ff1ef) jal     gp, pc - 0x10
core   0: 3 0x800024cc (0xff1ff1ef) x 3 0x800024d0
core   0: 0x800024bc (0x0340036f) jal     t1, pc + 0x34
core   0: 3 0x800024bc (0x0340036f) x 6 0x800024c0
core   0: 0x800024f0 (0xff1ff0ef) jal     pc - 0x10
core   0: 3 0x800024f0 (0xff1ff0ef) x 1 0x800024f4
core   0: 0x800024e0 (0xfe9ff36f) jal     t1, pc - 0x18
core   0: 3 0x800024e0 (0xfe9ff36f) x 6 0x800024e4
core   0: 0x800024c8 (0x0080016f) jal     sp, pc + 0x8
core   0: 3 0x800024c8 (0x0080016f) x 2 0x800024cc
core   0: 0x800024d0 (0x01c000ef) jal     pc + 0x1c
core   0: 3 0x800024d0 (0x01c000ef) x 1 0x800024d4
core   0: 0x800024ec (0x01c000ef) jal     pc + 0x1c
core   0: 3 0x800024ec (0x01c000ef) x 1 0x800024f0
core   0: 0x80002508 (0xfe1ff36f) jal     t1, pc - 0x20
core   0: 3 0x80002508 (0xfe1ff36f) x 6 0x8000250c
core   0: 0x800024e8 (0xfddff0ef) jal     pc - 0x24
core   0: 3 0x800024e8 (0xfddff0ef) x 1 0x800024ec
core   0: 0x800024c4 (0xffdff2ef) jal     t0, pc - 0x4
core   0: 3 0x800024c4 (0xffdff2ef) x 5 0x800024c8
core   0: 0x800024c0 (0x014000ef) jal     pc + 0x14
core   0: 3 0x800024c0 (0x014000ef) x 1 0x800024c4
core   0: 0x800024d4 (0x02c0036f) jal     t1, pc + 0x2c
core   0: 3 0x800024d4 (0x02c0036f) x 6 0x800024d8
core   0: 0x80002500 (0xfa1ff0ef) jal     pc - 0x60
core   0: 3 0x80002500 (0xfa1ff0ef) x 1 0x80002504
core   0: 0x800024a0 (0x004000ef) jal     pc + 0x4
core   0: 3 0x800024a0 (0x004000ef) x 1 0x800024a4
core   0: 0x800024a4 (0x004000ef) jal     pc + 0x4
core   0: 3 0x800024a4 (0x004000ef) x 1 0x800024a8
core   0: 0x800024a8 (0x008000ef) jal     pc + 0x8
core   0: 3 0x800024a8 (0x008000ef) x 1 0x800024ac
core   0: 0x800024b0 (0x004000ef) jal     pc + 0x4
core   0: 3 0x800024b0 (0x004000ef) x 1 0x800024b4
core   0: 0x800024b4 (0xfe5ff76f) jal     a4, pc - 0x1c
core   0: 3 0x800024b4 (0xfe5ff76f) x14 0x800024b8
core   0: 0x80002498 (0x05c003ef) jal     t2, pc + 0x5c
core   0: 3 0x80002498 (0x05c003ef) x 7 0x8000249c
core   0: 0x800024f4 (0xfe9ff0ef) jal     pc - 0x18
core   0: 3 0x800024f4 (0xfe9ff0ef) x 1 0x800024f8
core   0: 0x800024dc (0x0200036f) jal     t1, pc + 0x20
core   0: 3 0x800024dc (0x0200036f) x 6 0x800024e0
core   0: 0x800024fc (0x008000ef) jal     pc + 0x8
core   0: 3 0x800024fc (0x008000ef) x 1 0x80002500
core   0: 0x80002504 (0xff5ff0ef) jal     pc - 0xc
core   0: 3 0x80002504 (0xff5ff0ef) x 1 0x80002508
core   0: 0x800024f8 (0xfc1ff16f) jal     sp, pc - 0x40
core   0: 3 0x800024f8 (0xfc1ff16f) x 2 0x800024fc
core   0: 0x800024b8 (0xfe5ff0ef) jal     pc - 0x1c
core   0: 3 0x800024b8 (0xfe5ff0ef) x 1 0x800024bc
core   0: 0x8000249c (0x03c0056f) jal     a0, pc + 0x3c
core   0: 3 0x8000249c (0x03c0056f) x10 0x800024a0
core   0: 0x800024d8 (0x034000ef) jal     pc + 0x34
core   0: 3 0x800024d8 (0x034000ef) x 1 0x800024dc
core   0: 0x8000250c (0x00400c6f) jal     s8, pc + 0x4
core   0: 3 0x8000250c (0x00400c6f) x24 0x80002510
core   0: 0x80002510 (0x01173f33) sltu    t5, a4, a7
core   0: 3 0x80002510 (0x01173f33) x30 0x00000001
core   0: 0x80002514 (0x00010f97) auipc   t6, 0x10
core   0: 3 0x80002514 (0x00010f97) x31 0x80012514
core   0: 0x80002518 (0xfc8f8f93) addi    t6, t6, -56
core   0: 3 0x80002518 (0xfc8f8f93) x31 0x800124dc
core   0: 0x8000251c (0x00010697) auipc   a3, 0x10
core   0: 3 0x8000251c (0x00010697) x13 0x8001251c
core   0: 0x80002520 (0x1e068693) addi    a3, a3, 480
core   0: 3 0x80002520 (0x1e068693) x13 0x800126fc
core   0: 0x80002524 (0x00011397) auipc   t2, 0x11
core   0: 3 0x80002524 (0x00011397) x 7 0x80013524
core   0: 0x80002528 (0x91738393) addi    t2, t2, -1769
core   0: 3 0x80002528 (0x91738393) x 7 0x80012e3b
core   0: 0x8000252c (0xff438d23) sb      s4, -6(t2)
core   0: 3 0x8000252c (0xff438d23) mem 0x80012e35 0xa4
core   0: 0x80002530 (0xff7fae23) sw      s7, -4(t6)
core   0: 3 0x80002530 (0xff7fae23) mem 0x800124d8 0x00000064
core   0: 0x80002534 (0x00010317) auipc   t1, 0x10
core   0: 3 0x80002534 (0x00010317) x 6 0x80012534
core   0: 0x80002538 (0xd0430313) addi    t1, t1, -764
core   0: 3 0x80002538 (0xd0430313) x 6 0x80012238
core   0: 0x8000253c (0xffd30903) lb      s2, -3(t1)
core   0: 3 0x8000253c (0xffd30903) x18 0xffffffee mem 0x80012235
core   0: 0x80002540 (0xff168603) lb      a2, -15(a3)
core   0: 3 0x80002540 (0xff168603) x12 0xffffffa6 mem 0x800126ed
core   0: 0x80002544 (0xff235783) lhu     a5, -14(t1)
core   0: 3 0x80002544 (0xff235783) x15 0x0000e0e1 mem 0x8001222a
core   0: 0x80002548 (0xff9f8903) lb      s2, -7(t6)
core   0: 3 0x80002548 (0xff9f8903) x18 0xffffff8e mem 0x800124d5
core   0: 0x8000254c (0x019f9823) sh      s9, 16(t6)
core   0: 3 0x8000254c (0x019f9823) mem 0x800124ec 0x002a
core   0: 0x80002550 (0xff669883) lh      a7, -10(a3)
core   0: 3 0x80002550 (0xff669883) x17 0xffffa8a9 mem 0x800126f2
core   0: 0x80002554 (0x00530f03) lb      t5, 5(t1)
core   0: 3 0x80002554 (0x00530f03) x30 0xfffffff6 mem 0x8001223d
core   0: 0x80002558 (0xff638e83) lb      t4, -10(t2)
core   0: 3 0x80002558 (0xff638e83) x29 0xffffffea mem 0x80012e31
core   0: 0x8000255c (0xffbfc503) lbu     a0, -5(t6)
core   0: 3 0x8000255c (0xffbfc503) x10 0x0000008c mem 0x800124d7
core   0: 0x80002560 (0x013683a3) sb      s3, 7(a3)
core   0: 3 0x80002560 (0x013683a3) mem 0x80012703 0x9c
core   0: 0x80002564 (0xfed31823) sh      a3, -16(t1)
core   0: 3 0x80002564 (0xfed31823) mem 0x80012228 0x26fc
core   0: 0x80002568 (0x01038183) lb      gp, 16(t2)
core   0: 3 0x80002568 (0x01038183) x 3 0x00000000 mem 0x80012e4b
core   0: 0x8000256c (0x035f9f23) sh      s5, 62(t6)
core   0: 3 0x8000256c (0x035f9f23) mem 0x8001251a 0x2be8
core   0: 0x80002570 (0x02df8aa3) sb      a3, 53(t6)
core   0: 3 0x80002570 (0x02df8aa3) mem 0x80012511 0xfc
core   0: 0x80002574 (0x00838523) sb      s0, 10(t2)
core   0: 3 0x80002574 (0x00838523) mem 0x80012e45 0x8e
core   0: 0x80002578 (0x00168283) lb      t0, 1(a3)
core   0: 3 0x80002578 (0x00168283) x 5 0xffffffb6 mem 0x800126fd
core   0: 0x8000257c (0xfdff8d23) sb      t6, -38(t6)
core   0: 3 0x8000257c (0xfdff8d23) mem 0x800124b6 0xdc
core   0: 0x80002580 (0x00f68903) lb      s2, 15(a3)
core   0: 3 0x80002580 (0x00f68903) x18 0xffffffc0 mem 0x8001270b
core   0: 0x80002584 (0xfc4f9123) sh      tp, -62(t6)
core   0: 3 0x80002584 (0xfc4f9123) mem 0x8001249e 0xbce4
core   0: 0x80002588 (0xff03cf03) lbu     t5, -16(t2)
core   0: 3 0x80002588 (0xff03cf03) x30 0x000000e0 mem 0x80012e2b
core   0: 0x8000258c (0x00068483) lb      s1, 0(a3)
core   0: 3 0x8000258c (0x00068483) x 9 0xffffffb7 mem 0x800126fc
core   0: 0x80002590 (0xfccf9d83) lh      s11, -52(t6)
core   0: 3 0x80002590 (0xfccf9d83) x27 0x00006263 mem 0x800124a8
core   0: 0x80002594 (0xfe838e23) sb      s0, -4(t2)
core   0: 3 0x80002594 (0xfe838e23) mem 0x80012e37 0x8e
core   0: 0x80002598 (0x0006d283) lhu     t0, 0(a3)
core   0: 3 0x80002598 (0x0006d283) x 5 0x0000b6b7 mem 0x800126fc
core   0: 0x8000259c (0x00d30e83) lb      t4, 13(t1)
core   0: 3 0x8000259c (0x00d30e83) x29 0xfffffffe mem 0x80012245
core   0: 0x800025a0 (0xffe68183) lb      gp, -2(a3)
core   0: 3 0x800025a0 (0xffe68183) x 3 0xfffffff2 mem 0x800126fa
core   0: 0x800025a4 (0x00f3df03) lhu     t5, 15(t2)
core   0: 3 0x800025a4 (0x00f3df03) x30 0x00000001 mem 0x80012e4a
core   0: 0x800025a8 (0xfeffa623) sw      a5, -20(t6)
core   0: 3 0x800025a8 (0xfeffa623) mem 0x800124c8 0x0000e0e1
core   0: 0x800025ac (0x00020117) auipc   sp, 0x20
core   0: 3 0x800025ac (0x00020117) x 2 0x800225ac
core   0: 0x800025b0 (0xe7a10113) addi    sp, sp, -390
core   0: 3 0x800025b0 (0xe7a10113) x 2 0x80022426
core   0: 0x800025b4 (0xcf911523) sh      s9, -790(sp)
core   0: 3 0x800025b4 (0xcf911523) mem 0x80022110 0x002a
core   0: 0x800025b8 (0xcea12003) lw      zero, -790(sp)
core   0: 3 0x800025b8 (0xcea12003) mem 0x80022110
core   0: 0x800025bc (0xcea14503) lbu     a0, -790(sp)
core   0: 3 0x800025bc (0xcea14503) x10 0x0000002a mem 0x80022110
core   0: 0x800025c0 (0xcea12783) lw      a5, -790(sp)
core   0: 3 0x800025c0 (0xcea12783) x15 0xc8c9002a mem 0x80022110
core   0: 0x800025c4 (0xcea11183) lh      gp, -790(sp)
core   0: 3 0x800025c4 (0xcea11183) x 3 0x0000002a mem 0x80022110
core   0: 0x800025c8 (0xcea15083) lhu     ra, -790(sp)
core   0: 3 0x800025c8 (0xcea15083) x 1 0x0000002a mem 0x80022110
core   0: 0x800025cc (0xbbeb7b93) andi    s7, s6, -1090
core   0: 3 0x800025cc (0xbbeb7b93) x23 0x80027a24
core   0: 0x800025d0 (0xcea14c83) lbu     s9, -790(sp)
core   0: 3 0x800025d0 (0xcea14c83) x25 0x0000002a mem 0x80022110
core   0: 0x800025d4 (0xcea15d83) lhu     s11, -790(sp)
core   0: 3 0x800025d4 (0xcea15d83) x27 0x0000002a mem 0x80022110
core   0: 0x800025d8 (0xce112523) sw      ra, -790(sp)
core   0: 3 0x800025d8 (0xce112523) mem 0x80022110 0x0000002a
core   0: 0x800025dc (0xcea10f83) lb      t6, -790(sp)
core   0: 3 0x800025dc (0xcea10f83) x31 0x0000002a mem 0x80022110
core   0: 0x800025e0 (0x01451613) slli    a2, a0, 20
core   0: 3 0x800025e0 (0x01451613) x12 0x02a00000
core   0: 0x800025e4 (0xcea10183) lb      gp, -790(sp)
core   0: 3 0x800025e4 (0xcea10183) x 3 0x0000002a mem 0x80022110
core   0: 0x800025e8 (0xcea15803) lhu     a6, -790(sp)
core   0: 3 0x800025e8 (0xcea15803) x16 0x0000002a mem 0x80022110
core   0: 0x800025ec (0xcea11783) lh      a5, -790(sp)
core   0: 3 0x800025ec (0xcea11783) x15 0x0000002a mem 0x80022110
core   0: 0x800025f0 (0xce312523) sw      gp, -790(sp)
core   0: 3 0x800025f0 (0xce312523) mem 0x80022110 0x0000002a
core   0: 0x800025f4 (0xcea14b83) lbu     s7, -790(sp)
core   0: 3 0x800025f4 (0xcea14b83) x23 0x0000002a mem 0x80022110
core   0: 0x800025f8 (0xcea14903) lbu     s2, -790(sp)
core   0: 3 0x800025f8 (0xcea14903) x18 0x0000002a mem 0x80022110
core   0: 0x800025fc (0xcea12583) lw      a1, -790(sp)
core   0: 3 0x800025fc (0xcea12583) x11 0x0000002a mem 0x80022110
core   0: 0x80002600 (0x00011697) auipc   a3, 0x11
core   0: 3 0x80002600 (0x00011697) x13 0x80013600
core   0: 0x80002604 (0x8d468693) addi    a3, a3, -1836
core   0: 3 0x80002604 (0x8d468693) x13 0x80012ed4
core   0: 0x80002608 (0xd1869703) lh      a4, -744(a3)
core   0: 3 0x80002608 (0xd1869703) x14 0xffffa6a7 mem 0x80012bec
core   0: 0x8000260c (0x5aba63b7) lui     t2, 0x5aba6
core   0: 3 0x8000260c (0x5aba63b7) x 7 0x5aba6000
core   0: 0x80002610 (0xcb469c83) lh      s9, -844(a3)
core   0: 3 0x80002610 (0xcb469c83) x25 0x00004243 mem 0x80012b88
core   0: 0x80002614 (0x393cfc93) andi    s9, s9, 915
core   0: 3 0x80002614 (0x393cfc93) x25 0x00000203
core   0: 0x80002618 (0x4032dc93) srai    s9, t0, 3
core   0: 3 0x80002618 (0x4032dc93) x25 0x000016d6
core   0: 0x8000261c (0x81f680a3) sb      t6, -2047(a3)
core   0: 3 0x8000261c (0x81f680a3) mem 0x800126d5 0x2a
core   0: 0x80002620 (0xab969123) sh      s9, -1374(a3)
core   0: 3 0x80002620 (0xab969123) mem 0x80012976 0x16d6
core   0: 0x80002624 (0x0073b733) sltu    a4, t2, t2
core   0: 3 0x80002624 (0x0073b733) x14 0x00000000
core   0: 0x80002628 (0x40ecd733) sra     a4, s9, a4
core   0: 3 0x80002628 (0x40ecd733) x14 0x000016d6
core   0: 0x8000262c (0xbf86d383) lhu     t2, -1032(a3)
core   0: 3 0x8000262c (0xbf86d383) x 7 0x00000187 mem 0x80012acc
core   0: 0x80002630 (0x00000013) nop
core   0: 3 0x80002630 (0x00000013)
core   0: 0x80002634 (0xd116c283) lbu     t0, -751(a3)
core   0: 3 0x80002634 (0xd116c283) x 5 0x0000009e mem 0x80012be5
core   0: 0x80002638 (0xc4d68703) lb      a4, -947(a3)
core   0: 3 0x80002638 (0xc4d68703) x14 0xffffffda mem 0x80012b21
core   0: 0x8000263c (0x9412f713) andi    a4, t0, -1727
core   0: 3 0x8000263c (0x9412f713) x14 0x00000000
core   0: 0x80002640 (0xd3c6dc83) lhu     s9, -708(a3)
core   0: 3 0x80002640 (0xd3c6dc83) x25 0x0000cacb mem 0x80012c10
core   0: 0x80002644 (0x0ee6a023) sw      a4, 224(a3)
core   0: 3 0x80002644 (0x0ee6a023) mem 0x80012fb4 0x00000000
core   0: 0x80002648 (0xd1d6ae23) sw      t4, -740(a3)
core   0: 3 0x80002648 (0xd1d6ae23) mem 0x80012bf0 0xfffffffe
core   0: 0x8000264c (0x2205dcb7) lui     s9, 0x2205d
core   0: 3 0x8000264c (0x2205dcb7) x25 0x2205d000
core   0: 0x80002650 (0x12368383) lb      t2, 291(a3)
core   0: 3 0x80002650 (0x12368383) x 7 0xffffffac mem 0x80012ff7
core   0: 0x80002654 (0xe65684a3) sb      t0, -407(a3)
core   0: 3 0x80002654 (0xe65684a3) mem 0x80012d3d 0x9e
core   0: 0x80002658 (0x0013dc93) srli    s9, t2, 1
core   0: 3 0x80002658 (0x0013dc93) x25 0x7fffffd6
core   0: 0x8000265c (0x8206dc83) lhu     s9, -2016(a3)
core   0: 3 0x8000265c (0x8206dc83) x25 0x00000066 mem 0x800126f4
core   0: 0x80002660 (0x0ff0000f) fence   iorw,iorw
core   0: 3 0x80002660 (0x0ff0000f)
core   0: 0x80002664 (0xa05687a3) sb      t0, -1521(a3)
core   0: 3 0x80002664 (0xa05687a3) mem 0x800128e3 0x9e
core   0: 0x80002668 (0xf0968703) lb      a4, -247(a3)
core   0: 3 0x80002668 (0xf0968703) x14 0xffffff96 mem 0x80012ddd
core   0: 0x8000266c (0x8c46c703) lbu     a4, -1852(a3)
core   0: 3 0x8000266c (0x8c46c703) x14 0x00000053 mem 0x80012798
core   0: 0x80002670 (0x08768da3) sb      t2, 155(a3)
core   0: 3 0x80002670 (0x08768da3) mem 0x80012f6f 0xac
core   0: 0x80002674 (0x81c6c283) lbu     t0, -2020(a3)
core   0: 3 0x80002674 (0x81c6c283) x 5 0x000000ab mem 0x800126f0
core   0: 0x80002678 (0x68272c93) slti    s9, a4, 1666
core   0: 3 0x80002678 (0x68272c93) x25 0x00000001
core   0: 0x8000267c (0x0000100f) fence.i
core   0: 3 0x8000267c (0x0000100f)
core   0: 0x80002680 (0xa236c383) lbu     t2, -1501(a3)
core   0: 3 0x80002680 (0xa236c383) x 7 0x00000080 mem 0x800128f7
core   0: 0x80002684 (0x0ff0000f) fence   iorw,iorw
core   0: 3 0x80002684 (0x0ff0000f)
core   0: 0x80002688 (0xe7d686a3) sb      t4, -403(a3)
core   0: 3 0x80002688 (0xe7d686a3) mem 0x80012d41 0xfe
core   0: 0x8000268c (0xe94caf93) slti    t6, s9, -364
core   0: 3 0x8000268c (0xe94caf93) x31 0x00000000
core   0: 0x80002690 (0x01a3de93) srli    t4, t2, 26
core   0: 3 0x80002690 (0x01a3de93) x29 0x00000000
core   0: 0x80002694 (0x3a63ce93) xori    t4, t2, 934
core   0: 3 0x80002694 (0x3a63ce93) x29 0x00000326
core   0: 0x80002698 (0x007cc733) xor     a4, s9, t2
core   0: 3 0x80002698 (0x007cc733) x14 0x00000081
core   0: 0x8000269c (0x71476713) ori     a4, a4, 1812
core   0: 3 0x8000269c (0x71476713) x14 0x00000795
core   0: 0x800026a0 (0xba5685a3) sb      t0, -1109(a3)
core   0: 3 0x800026a0 (0xba5685a3) mem 0x80012a7f 0xab
core   0: 0x800026a4 (0x00e3fcb3) and     s9, t2, a4
core   0: 3 0x800026a4 (0x00e3fcb3) x25 0x00000080
core   0: 0x800026a8 (0x419cd713) srai    a4, s9, 25
core   0: 3 0x800026a8 (0x419cd713) x14 0x00000000
core   0: 0x800026ac (0xd3a6c703) lbu     a4, -710(a3)
core   0: 3 0x800026ac (0xd3a6c703) x14 0x000000c5 mem 0x80012c0e
core   0: 0x800026b0 (0x01d6c283) lbu     t0, 29(a3)
core   0: 3 0x800026b0 (0x01d6c283) x 5 0x000000aa mem 0x80012ef1
core   0: 0x800026b4 (0xf1f68283) lb      t0, -225(a3)
core   0: 3 0x800026b4 (0xf1f68283) x 5 0xffffffa8 mem 0x80012df3
core   0: 0x800026b8 (0x00010c17) auipc   s8, 0x10
core   0: 3 0x800026b8 (0x00010c17) x24 0x800126b8
core   0: 0x800026bc (0x761c0c13) addi    s8, s8, 1889
core   0: 3 0x800026bc (0x761c0c13) x24 0x80012e19
core   0: 0x800026c0 (0x00010897) auipc   a7, 0x10
core   0: 3 0x800026c0 (0x00010897) x17 0x800126c0
core   0: 0x800026c4 (0x24688893) addi    a7, a7, 582
core   0: 3 0x800026c4 (0x24688893) x17 0x80012906
core   0: 0x800026c8 (0x01cc06a3) sb      t3, 13(s8)
core   0: 3 0x800026c8 (0x01cc06a3) mem 0x80012e26 0x47
core   0: 0x800026cc (0x00010717) auipc   a4, 0x10
core   0: 3 0x800026cc (0x00010717) x14 0x800126cc
core   0: 0x800026d0 (0xecb70713) addi    a4, a4, -309
core   0: 3 0x800026d0 (0xecb70713) x14 0x80012597
core   0: 0x800026d4 (0x00b71603) lh      a2, 11(a4)
core   0: 3 0x800026d4 (0x00b71603) x12 0x00005859 mem 0x800125a2
core   0: 0x800026d8 (0x00011197) auipc   gp, 0x11
core   0: 3 0x800026d8 (0x00011197) x 3 0x800136d8
core   0: 0x800026dc (0x82f18193) addi    gp, gp, -2001
core   0: 3 0x800026dc (0x82f18193) x 3 0x80012f07
core   0: 0x800026e0 (0x03a1c903) lbu     s2, 58(gp)
core   0: 3 0x800026e0 (0x03a1c903) x18 0x000000fa mem 0x80012f41
core   0: 0x800026e4 (0xff618e83) lb      t4, -10(gp)
core   0: 3 0x800026e4 (0xff618e83) x29 0xffffffb6 mem 0x80012efd
core   0: 0x800026e8 (0xff374483) lbu     s1, -13(a4)
core   0: 3 0x800026e8 (0xff374483) x 9 0x00000041 mem 0x8001258a
core   0: 0x800026ec (0xfe1c5103) lhu     sp, -31(s8)
core   0: 3 0x800026ec (0xfe1c5103) x 2 0x0000b0b1 mem 0x80012dfa
core   0: 0x800026f0 (0xf1388923) sb      s3, -238(a7)
core   0: 3 0x800026f0 (0xf1388923) mem 0x80012818 0x9c
core   0: 0x800026f4 (0x00270303) lb      t1, 2(a4)
core   0: 3 0x800026f4 (0x00270303) x 6 0x00000052 mem 0x80012599
core   0: 0x800026f8 (0xfff18123) sb      t6, -30(gp)
core   0: 3 0x800026f8 (0xfff18123) mem 0x80012ee9 0x0
core   0: 0x800026fc (0x011705a3) sb      a7, 11(a4)
core   0: 3 0x800026fc (0x011705a3) mem 0x800125a2 0x6
core   0: 0x80002700 (0x005c1a03) lh      s4, 5(s8)
core   0: 3 0x80002700 (0x005c1a03) x20 0xffffd4d5 mem 0x80012e1e
core   0: 0x80002704 (0xf3f89a23) sh      t6, -204(a7)
core   0: 3 0x80002704 (0xf3f89a23) mem 0x8001283a 0x0000
core   0: 0x80002708 (0xfdf1d903) lhu     s2, -33(gp)
core   0: 3 0x80002708 (0xfdf1d903) x18 0x00009c9d mem 0x80012ee6
core   0: 0x8000270c (0xff670d83) lb      s11, -10(a4)
core   0: 3 0x8000270c (0xff670d83) x27 0x00000046 mem 0x8001258d
core   0: 0x80002710 (0xfeac0e83) lb      t4, -22(s8)
core   0: 3 0x80002710 (0xfeac0e83) x29 0xffffffb8 mem 0x80012e03
core   0: 0x80002714 (0xfdbc5583) lhu     a1, -37(s8)
core   0: 3 0x80002714 (0xfdbc5583) x11 0x0000aeaf mem 0x80012df4
core   0: 0x80002718 (0x00518c83) lb      s9, 5(gp)
core   0: 3 0x80002718 (0x00518c83) x25 0xffffffc7 mem 0x80012f0c
core   0: 0x8000271c (0xffb70da3) sb      s11, -5(a4)
core   0: 3 0x8000271c (0xffb70da3) mem 0x80012592 0x46
core   0: 0x80002720 (0x02089583) lh      a1, 32(a7)
core   0: 3 0x80002720 (0x02089583) x11 0xffffe7dd mem 0x80012926
core   0: 0x80002724 (0xfe470923) sb      tp, -14(a4)
core   0: 3 0x80002724 (0xfe470923) mem 0x80012589 0xe4
core   0: 0x80002728 (0x01918723) sb      s9, 14(gp)
core   0: 3 0x80002728 (0x01918723) mem 0x80012f15 0xc7
core   0: 0x8000272c (0x00d1cd83) lbu     s11, 13(gp)
core   0: 3 0x8000272c (0x00d1cd83) x27 0x000000cf mem 0x80012f14
core   0: 0x80002730 (0x00670603) lb      a2, 6(a4)
core   0: 3 0x80002730 (0x00670603) x12 0x00000056 mem 0x8001259d
core   0: 0x80002734 (0xfd8c4d83) lbu     s11, -40(s8)
core   0: 3 0x80002734 (0xfd8c4d83) x27 0x000000aa mem 0x80012df1
core   0: 0x80002738 (0xfc88d003) lhu     zero, -56(a7)
core   0: 3 0x80002738 (0xfc88d003) mem 0x800128ce
core   0: 0x8000273c (0xff31d903) lhu     s2, -13(gp)
core   0: 3 0x8000273c (0xff31d903) x18 0x0000b0b1 mem 0x80012efa
core   0: 0x80002740 (0xfee8a923) sw      a4, -14(a7)
core   0: 3 0x80002740 (0xfee8a923) mem 0x800128f8 0x80012597
core   0: 0x80002744 (0x00018e17) auipc   t3, 0x18
core   0: 3 0x80002744 (0x00018e17) x28 0x8001a744
core   0: 0x80002748 (0x6f0e0e13) addi    t3, t3, 1776
core   0: 3 0x80002748 (0x6f0e0e13) x28 0x8001ae34
core   0: 0x8000274c (0x0001a297) auipc   t0, 0x1a
core   0: 3 0x8000274c (0x0001a297) x 5 0x8001c74c
core   0: 0x80002750 (0x62328293) addi    t0, t0, 1571
core   0: 3 0x80002750 (0x62328293) x 5 0x8001cd6f
core   0: 0x80002754 (0x001e4683) lbu     a3, 1(t3)
core   0: 3 0x80002754 (0x001e4683) x13 0x000000ee mem 0x8001ae35
core   0: 0x80002758 (0x00019497) auipc   s1, 0x19
core   0: 3 0x80002758 (0x00019497) x 9 0x8001b758
core   0: 0x8000275c (0x0e548493) addi    s1, s1, 229
core   0: 3 0x8000275c (0x0e548493) x 9 0x8001b83d
core   0: 0x80002760 (0x00ee0523) sb      a4, 10(t3)
core   0: 3 0x80002760 (0x00ee0523) mem 0x8001ae3e 0x97
core   0: 0x80002764 (0x00048623) sb      zero, 12(s1)
core   0: 3 0x80002764 (0x00048623) mem 0x8001b849 0x0
core   0: 0x80002768 (0xffd29083) lh      ra, -3(t0)
core   0: 3 0x80002768 (0xffd29083) x 1 0x00002627 mem 0x8001cd6c
core   0: 0x8000276c (0xff228aa3) sb      s2, -11(t0)
core   0: 3 0x8000276c (0xff228aa3) mem 0x8001cd64 0xb1
core   0: 0x80002770 (0x01248523) sb      s2, 10(s1)
core   0: 3 0x80002770 (0x01248523) mem 0x8001b847 0xb1
core   0: 0x80002774 (0x0014d683) lhu     a3, 1(s1)
core   0: 3 0x80002774 (0x0014d683) x13 0x0000f4f5 mem 0x8001b83e
core   0: 0x80002778 (0xffce2a03) lw      s4, -4(t3)
core   0: 3 0x80002778 (0xffce2a03) x20 0xe8e9eaeb mem 0x8001ae30
core   0: 0x8000277c (0x011494a3) sh      a7, 9(s1)
core   0: 3 0x8000277c (0x011494a3) mem 0x8001b846 0x2906
core   0: 0x80002780 (0xff8e1923) sh      s8, -14(t3)
core   0: 3 0x80002780 (0xff8e1923) mem 0x8001ae26 0x2e19
core   0: 0x80002784 (0x0102c783) lbu     a5, 16(t0)
core   0: 3 0x80002784 (0x0102c783) x15 0x00000034 mem 0x8001cd7f
core   0: 0x80002788 (0xfe328fa3) sb      gp, -1(t0)
core   0: 3 0x80002788 (0xfe328fa3) mem 0x8001cd6e 0x7
core   0: 0x8000278c (0x000e5703) lhu     a4, 0(t3)
core   0: 3 0x8000278c (0x000e5703) x14 0x0000eeef mem 0x8001ae34
core   0: 0x80002790 (0xfef4ada3) sw      a5, -5(s1)
core   0: 3 0x80002790 (0xfef4ada3) mem 0x8001b838 0x00000034
core   0: 0x80002794 (0x00b4d803) lhu     a6, 11(s1)
core   0: 3 0x80002794 (0x00b4d803) x16 0x00000003 mem 0x8001b848
core   0: 0x80002798 (0x0082c783) lbu     a5, 8(t0)
core   0: 3 0x80002798 (0x0082c783) x15 0x0000002c mem 0x8001cd77
core   0: 0x8000279c (0x00228223) sb      sp, 4(t0)
core   0: 3 0x8000279c (0x00228223) mem 0x8001cd73 0xb1
core   0: 0x800027a0 (0x00010617) auipc   a2, 0x10
core   0: 3 0x800027a0 (0x00010617) x12 0x800127a0
core   0: 0x800027a4 (0xcff60613) addi    a2, a2, -769
core   0: 3 0x800027a4 (0xcff60613) x12 0x8001249f
core   0: 0x800027a8 (0x0000100f) fence.i
core   0: 3 0x800027a8 (0x0000100f)
core   0: 0x800027ac (0x0b7600a3) sb      s7, 161(a2)
core   0: 3 0x800027ac (0x0b7600a3) mem 0x80012540 0x2a
core   0: 0x800027b0 (0x014c35b3) sltu    a1, s8, s4
core   0: 3 0x800027b0 (0x014c35b3) x11 0x00000001
core   0: 0x800027b4 (0x03658b93) addi    s7, a1, 54
core   0: 3 0x800027b4 (0x03658b93) x23 0x00000037
core   0: 0x800027b8 (0x01660703) lb      a4, 22(a2)
core   0: 3 0x800027b8 (0x01660703) x14 0x0000006e mem 0x800124b5
core   0: 0x800027bc (0x015a1713) slli    a4, s4, 21
core   0: 3 0x800027bc (0x015a1713) x14 0x5d600000
core   0: 0x800027c0 (0xfc365703) lhu     a4, -61(a2)
core   0: 3 0x800027c0 (0xfc365703) x14 0x00001819 mem 0x80012462
core   0: 0x800027c4 (0x0e365c03) lhu     s8, 227(a2)
core   0: 3 0x800027c4 (0x0e365c03) x24 0x00003839 mem 0x80012582
core   0: 0x800027c8 (0x01860d23) sb      s8, 26(a2)
core   0: 3 0x800027c8 (0x01860d23) mem 0x800124b9 0x39
core   0: 0x800027cc (0xb3fbbc13) sltiu   s8, s7, -1217
core   0: 3 0x800027cc (0xb3fbbc13) x24 0x00000001
core   0: 0x800027d0 (0x23936737) lui     a4, 0x23936
core   0: 3 0x800027d0 (0x23936737) x14 0x23936000
core   0: 0x800027d4 (0x02b65703) lhu     a4, 43(a2)
core   0: 3 0x800027d4 (0x02b65703) x14 0x00000000 mem 0x800124ca
core   0: 0x800027d8 (0x0c560b83) lb      s7, 197(a2)
core   0: 3 0x800027d8 (0x0c560b83) x23 0x0000001f mem 0x80012564
core   0: 0x800027dc (0x01736bb3) or      s7, t1, s7
core   0: 3 0x800027dc (0x01736bb3) x23 0x0000005f
core   0: 0x800027e0 (0x0ff0000f) fence   iorw,iorw
core   0: 3 0x800027e0 (0x0ff0000f)
core   0: 0x800027e4 (0x01871bb3) sll     s7, a4, s8
core   0: 3 0x800027e4 (0x01871bb3) x23 0x00000000
core   0: 0x800027e8 (0x00000013) nop
core   0: 3 0x800027e8 (0x00000013)
core   0: 0x800027ec (0x0ff0000f) fence   iorw,iorw
core   0: 3 0x800027ec (0x0ff0000f)
core   0: 0x800027f0 (0xf9562c03) lw      s8, -107(a2)
core   0: 3 0x800027f0 (0xf9562c03) x24 0xecedeeef mem 0x80012434
core   0: 0x800027f4 (0x100bba13) sltiu   s4, s7, 256
core   0: 3 0x800027f4 (0x100bba13) x20 0x00000001
core   0: 0x800027f8 (0x04e624a3) sw      a4, 73(a2)
core   0: 3 0x800027f8 (0x04e624a3) mem 0x800124e8 0x00000000
core   0: 0x800027fc (0x014c6733) or      a4, s8, s4
core   0: 3 0x800027fc (0x014c6733) x14 0xecedeeef
core   0: 0x80002800 (0xe15c2a13) slti    s4, s8, -491
core   0: 3 0x80002800 (0xe15c2a13) x20 0x00000001
core   0: 0x80002804 (0x0000100f) fence.i
core   0: 3 0x80002804 (0x0000100f)
core   0: 0x80002808 (0x00ea5bb3) srl     s7, s4, a4
core   0: 3 0x80002808 (0x00ea5bb3) x23 0x00000000
core   0: 0x8000280c (0xfb7612a3) sh      s7, -91(a2)
core   0: 3 0x8000280c (0xfb7612a3) mem 0x80012444 0x0000
core   0: 0x80002810 (0xf7a64303) lbu     t1, -134(a2)
core   0: 3 0x80002810 (0xf7a64303) x 6 0x000000d2 mem 0x80012419
core   0: 0x80002814 (0x0185c5b3) xor     a1, a1, s8
core   0: 3 0x80002814 (0x0185c5b3) x11 0xecedeeee
core   0: 0x80002818 (0xf8e60a03) lb      s4, -114(a2)
core   0: 3 0x80002818 (0xf8e60a03) x20 0xffffffe6 mem 0x8001242d
core   0: 0x8000281c (0xfe660b23) sb      t1, -10(a2)
core   0: 3 0x8000281c (0xfe660b23) mem 0x80012495 0xd2
core   0: 0x80002820 (0x06660823) sb      t1, 112(a2)
core   0: 3 0x80002820 (0x06660823) mem 0x8001250f 0xd2
core   0: 0x80002824 (0x0000100f) fence.i
core   0: 3 0x80002824 (0x0000100f)
core   0: 0x80002828 (0x206bb713) sltiu   a4, s7, 518
core   0: 3 0x80002828 (0x206bb713) x14 0x00000001
core   0: 0x8000282c (0xf6b602a3) sb      a1, -155(a2)
core   0: 3 0x8000282c (0xf6b602a3) mem 0x80012404 0xee
core   0: 0x80002830 (0x03160703) lb      a4, 49(a2)
core   0: 3 0x80002830 (0x03160703) x14 0xffffff8b mem 0x800124d0
core   0: 0x80002834 (0x018b9c33) sll     s8, s7, s8
core   0: 3 0x80002834 (0x018b9c33) x24 0x00000000
core   0: 0x80002838 (0x0000100f) fence.i
core   0: 3 0x80002838 (0x0000100f)
core   0: 0x8000283c (0xfe165703) lhu     a4, -31(a2)
core   0: 3 0x8000283c (0xfe165703) x14 0x00003a3b mem 0x80012480
core   0: 0x80002840 (0x07860b23) sb      s8, 118(a2)
core   0: 3 0x80002840 (0x07860b23) mem 0x80012515 0x0
core   0: 0x80002844 (0x00b620a3) sw      a1, 1(a2)
core   0: 3 0x80002844 (0x00b620a3) mem 0x800124a0 0xecedeeee
core   0: 0x80002848 (0x04b61c03) lh      s8, 75(a2)
core   0: 3 0x80002848 (0x04b61c03) x24 0x00000000 mem 0x800124ea
core   0: 0x8000284c (0xfa561b83) lh      s7, -91(a2)
core   0: 3 0x8000284c (0xfa561b83) x23 0x00000000 mem 0x80012444
core   0: 0x80002850 (0xf0b62ca3) sw      a1, -231(a2)
core   0: 3 0x80002850 (0xf0b62ca3) mem 0x800123b8 0xecedeeee
core   0: 0x80002854 (0x00b365b3) or      a1, t1, a1
core   0: 3 0x80002854 (0x00b365b3) x11 0xecedeefe
core   0: 0x80002858 (0xed8c0c13) addi    s8, s8, -296
core   0: 3 0x80002858 (0xed8c0c13) x24 0xfffffed8
core   0: 0x8000285c (0x01960703) lb      a4, 25(a2)
core   0: 3 0x8000285c (0x01960703) x14 0x00000073 mem 0x800124b8
core   0: 0x80002860 (0x0dd61583) lh      a1, 221(a2)
core   0: 3 0x80002860 (0x0dd61583) x11 0x00003637 mem 0x8001257c
core   0: 0x80002864 (0xc6d87c17) auipc   s8, 0xc6d87
core   0: 3 0x80002864 (0xc6d87c17) x24 0x46d89864
core   0: 0x80002868 (0xf8760703) lb      a4, -121(a2)
core   0: 3 0x80002868 (0xf8760703) x14 0xffffffdd mem 0x80012426
core   0: 0x8000286c (0x09760523) sb      s7, 138(a2)
core   0: 3 0x8000286c (0x09760523) mem 0x80012529 0x0
core   0: 0x80002870 (0xcd5a3a13) sltiu   s4, s4, -811
core   0: 3 0x80002870 (0xcd5a3a13) x20 0x00000000
core   0: 0x80002874 (0x40e585b3) sub     a1, a1, a4
core   0: 3 0x80002874 (0x40e585b3) x11 0x0000365a
core   0: 0x80002878 (0x40f5dc13) srai    s8, a1, 15
core   0: 3 0x80002878 (0x40f5dc13) x24 0x00000000
core   0: 0x8000287c (0xf5460c03) lb      s8, -172(a2)
core   0: 3 0x8000287c (0xf5460c03) x24 0xffffffa8 mem 0x800123f3
core   0: 0x80002880 (0x0ff0000f) fence   iorw,iorw
core   0: 3 0x80002880 (0x0ff0000f)
core   0: 0x80002884 (0x01833c33) sltu    s8, t1, s8
core   0: 3 0x80002884 (0x01833c33) x24 0x00000001
core   0: 0x80002888 (0x0fa60703) lb      a4, 250(a2)
core   0: 3 0x80002888 (0x0fa60703) x14 0x00000052 mem 0x80012599
core   0: 0x8000288c (0x0b460623) sb      s4, 172(a2)
core   0: 3 0x8000288c (0x0b460623) mem 0x8001254b 0x0
core   0: 0x80002890 (0x00010c97) auipc   s9, 0x10
core   0: 3 0x80002890 (0x00010c97) x25 0x80012890
core   0: 0x80002894 (0x161c8c93) addi    s9, s9, 353
core   0: 3 0x80002894 (0x161c8c93) x25 0x800129f1
core   0: 0x80002898 (0xf4dea593) slti    a1, t4, -179
core   0: 3 0x80002898 (0xf4dea593) x11 0x00000000
core   0: 0x8000289c (0x013324b3) slt     s1, t1, s3
core   0: 3 0x8000289c (0x013324b3) x 9 0x00000000
core   0: 0x800028a0 (0x00000013) nop
core   0: 3 0x800028a0 (0x00000013)
core   0: 0x800028a4 (0x3346e513) ori     a0, a3, 820
core   0: 3 0x800028a4 (0x3346e513) x10 0x0000f7f5
core   0: 0x800028a8 (0x392c8f83) lb      t6, 914(s9)
core   0: 3 0x800028a8 (0x392c8f83) x31 0x00000038 mem 0x80012d83
core   0: 0x800028ac (0x0000100f) fence.i
core   0: 3 0x800028ac (0x0000100f)
core   0: 0x800028b0 (0x0000100f) fence.i
core   0: 3 0x800028b0 (0x0000100f)
core   0: 0x800028b4 (0x9aec8c23) sb      a4, -1608(s9)
core   0: 3 0x800028b4 (0x9aec8c23) mem 0x800123a9 0x52
core   0: 0x800028b8 (0x0ff0000f) fence   iorw,iorw
core   0: 3 0x800028b8 (0x0ff0000f)
core   0: 0x800028bc (0x000dee33) or      t3, s11, zero
core   0: 3 0x800028bc (0x000dee33) x28 0x000000aa
core   0: 0x800028c0 (0x41985d33) sra     s10, a6, s9
core   0: 3 0x800028c0 (0x41985d33) x26 0x00000000
core   0: 0x800028c4 (0xc92c8d83) lb      s11, -878(s9)
core   0: 3 0x800028c4 (0xc92c8d83) x27 0x00000038 mem 0x80012683
core   0: 0x800028c8 (0xe05bb613) sltiu   a2, s7, -507
core   0: 3 0x800028c8 (0xe05bb613) x12 0x00000001
core   0: 0x800028cc (0x4ff06a93) ori     s5, zero, 1279
core   0: 3 0x800028cc (0x4ff06a93) x21 0x000004ff
core   0: 0x800028d0 (0x018b00b3) add     ra, s6, s8
core   0: 3 0x800028d0 (0x018b00b3) x 1 0x80027e65
core   0: 0x800028d4 (0x162c8f23) sb      sp, 382(s9)
core   0: 3 0x800028d4 (0x162c8f23) mem 0x80012b6f 0xb1
core   0: 0x800028d8 (0xf6ea4913) xori    s2, s4, -146
core   0: 3 0x800028d8 (0xf6ea4913) x18 0xffffff6e
core   0: 0x800028dc (0x00bd4c33) xor     s8, s10, a1
core   0: 3 0x800028dc (0x00bd4c33) x24 0x00000000
core   0: 0x800028e0 (0x0ff0000f) fence   iorw,iorw
core   0: 3 0x800028e0 (0x0ff0000f)
core   0: 0x800028e4 (0xef0c92a3) sh      a6, -283(s9)
core   0: 3 0x800028e4 (0xef0c92a3) mem 0x800128d6 0x0003
core   0: 0x800028e8 (0x40d0d433) sra     s0, ra, a3
core   0: 3 0x800028e8 (0x40d0d433) x 8 0xfffffc00
core   0: 0x800028ec (0xf12c8c23) sb      s2, -232(s9)
core   0: 3 0x800028ec (0xf12c8c23) mem 0x80012909 0x6e
core   0: 0x800028f0 (0x2f9c9003) lh      zero, 761(s9)
core   0: 3 0x800028f0 (0x2f9c9003) mem 0x80012cea
core   0: 0x800028f4 (0x00000013) nop
core   0: 3 0x800028f4 (0x00000013)
core   0: 0x800028f8 (0x51cc82a3) sb      t3, 1285(s9)
core   0: 3 0x800028f8 (0x51cc82a3) mem 0x80012ef6 0xaa
core   0: 0x800028fc (0x8002bd93) sltiu   s11, t0, -2048
core   0: 3 0x800028fc (0x8002bd93) x27 0x00000001
core   0: 0x80002900 (0x52ec8a83) lb      s5, 1326(s9)
core   0: 3 0x80002900 (0x52ec8a83) x21 0xffffffd4 mem 0x80012f1f
core   0: 0x80002904 (0x0072a5b3) slt     a1, t0, t2
core   0: 3 0x80002904 (0x0072a5b3) x11 0x00000001
core   0: 0x80002908 (0xf18ccf03) lbu     t5, -232(s9)
core   0: 3 0x80002908 (0xf18ccf03) x30 0x0000006e mem 0x80012909
core   0: 0x8000290c (0x0001a817) auipc   a6, 0x1a
core   0: 3 0x8000290c (0x0001a817) x16 0x8001c90c
core   0: 0x80002910 (0x8db80813) addi    a6, a6, -1829
core   0: 3 0x80002910 (0x8db80813) x16 0x8001c1e7
core   0: 0x80002914 (0x00010797) auipc   a5, 0x10
core   0: 3 0x80002914 (0x00010797) x15 0x80012914
core   0: 0x80002918 (0x8f878793) addi    a5, a5, -1800
core   0: 3 0x80002918 (0x8f878793) x15 0x8001220c
core   0: 0x8000291c (0xfa87c603) lbu     a2, -88(a5)
core   0: 3 0x8000291c (0xfa87c603) x12 0x0000006f mem 0x800121b4
core   0: 0x80002920 (0xfc880ba3) sb      s0, -41(a6)
core   0: 3 0x80002920 (0xfc880ba3) mem 0x8001c1be 0x0
core   0: 0x80002924 (0xffe84683) lbu     a3, -2(a6)
core   0: 3 0x80002924 (0xffe84683) x13 0x0000009e mem 0x8001c1e5
core   0: 0x80002928 (0x00d78323) sb      a3, 6(a5)
core   0: 3 0x80002928 (0x00d78323) mem 0x80012212 0x9e
core   0: 0x8000292c (0x01f80303) lb      t1, 31(a6)
core   0: 3 0x8000292c (0x01f80303) x 6 0xffffffbd mem 0x8001c206
core   0: 0x80002930 (0x00084083) lbu     ra, 0(a6)
core   0: 3 0x80002930 (0x00084083) x 1 0x0000009c mem 0x8001c1e7
core   0: 0x80002934 (0x0b178903) lb      s2, 177(a5)
core   0: 3 0x80002934 (0x0b178903) x18 0x00000076 mem 0x800122bd
core   0: 0x80002938 (0x0e878fa3) sb      s0, 255(a5)
core   0: 3 0x80002938 (0x0e878fa3) mem 0x8001230b 0x0
core   0: 0x8000293c (0xf4778ea3) sb      t2, -163(a5)
core   0: 3 0x8000293c (0xf4778ea3) mem 0x80012169 0x80
core   0: 0x80002940 (0xfc880e23) sb      s0, -36(a6)
core   0: 3 0x80002940 (0xfc880e23) mem 0x8001c1c3 0x0
core   0: 0x80002944 (0x0887ab83) lw      s7, 136(a5)
core   0: 3 0x80002944 (0x0887ab83) x23 0x4c4d4e4f mem 0x80012294
core   0: 0x80002948 (0x00e80903) lb      s2, 14(a6)
core   0: 3 0x80002948 (0x00e80903) x18 0xffffffae mem 0x8001c1f5
core   0: 0x8000294c (0x10979023) sh      s1, 256(a5)
core   0: 3 0x8000294c (0x10979023) mem 0x8001230c 0x0000
core   0: 0x80002950 (0x00c0036f) jal     t1, pc + 0xc
core   0: 3 0x80002950 (0x00c0036f) x 6 0x80002954
core   0: 0x8000295c (0x0280096f) jal     s2, pc + 0x28
core   0: 3 0x8000295c (0x0280096f) x18 0x80002960
core   0: 0x80002984 (0xff1ff0ef) jal     pc - 0x10
core   0: 3 0x80002984 (0xff1ff0ef) x 1 0x80002988
core   0: 0x80002974 (0xfe1ffbef) jal     s7, pc - 0x20
core   0: 3 0x80002974 (0xfe1ffbef) x23 0x80002978
core   0: 0x80002954 (0x0140036f) jal     t1, pc + 0x14
core   0: 3 0x80002954 (0x0140036f) x 6 0x80002958
core   0: 0x80002968 (0x040000ef) jal     pc + 0x40
core   0: 3 0x80002968 (0x040000ef) x 1 0x8000296c
core   0: 0x800029a8 (0xfd1ff76f) jal     a4, pc - 0x30
core   0: 3 0x800029a8 (0xfd1ff76f) x14 0x800029ac
core   0: 0x80002978 (0x01400bef) jal     s7, pc + 0x14
core   0: 3 0x80002978 (0x01400bef) x23 0x8000297c
core   0: 0x8000298c (0x014000ef) jal     pc + 0x14
core   0: 3 0x8000298c (0x014000ef) x 1 0x80002990
core   0: 0x800029a0 (0xfddfffef) jal     t6, pc - 0x24
core   0: 3 0x800029a0 (0xfddfffef) x31 0x800029a4
core   0: 0x8000297c (0x0300036f) jal     t1, pc + 0x30
core   0: 3 0x8000297c (0x0300036f) x 6 0x80002980
core   0: 0x800029ac (0xfb5ff0ef) jal     pc - 0x4c
core   0: 3 0x800029ac (0xfb5ff0ef) x 1 0x800029b0
core   0: 0x80002960 (0x038000ef) jal     pc + 0x38
core   0: 3 0x80002960 (0x038000ef) x 1 0x80002964
core   0: 0x80002998 (0xfd9ff0ef) jal     pc - 0x28
core   0: 3 0x80002998 (0xfd9ff0ef) x 1 0x8000299c
core   0: 0x80002970 (0x02c000ef) jal     pc + 0x2c
core   0: 3 0x80002970 (0x02c000ef) x 1 0x80002974
core   0: 0x8000299c (0xfbdff0ef) jal     pc - 0x44
core   0: 3 0x8000299c (0xfbdff0ef) x 1 0x800029a0
core   0: 0x80002958 (0x00c000ef) jal     pc + 0xc
core   0: 3 0x80002958 (0x00c000ef) x 1 0x8000295c
core   0: 0x80002964 (0x024001ef) jal     gp, pc + 0x24
core   0: 3 0x80002964 (0x024001ef) x 3 0x80002968
core   0: 0x80002988 (0x008000ef) jal     pc + 0x8
core   0: 3 0x80002988 (0x008000ef) x 1 0x8000298c
core   0: 0x80002990 (0xfddff2ef) jal     t0, pc - 0x24
core   0: 3 0x80002990 (0xfddff2ef) x 5 0x80002994
core   0: 0x8000296c (0x028000ef) jal     pc + 0x28
core   0: 3 0x8000296c (0x028000ef) x 1 0x80002970
core   0: 0x80002994 (0xfedffa6f) jal     s4, pc - 0x14
core   0: 3 0x80002994 (0xfedffa6f) x20 0x80002998
core   0: 0x80002980 (0x0240046f) jal     s0, pc + 0x24
core   0: 3 0x80002980 (0x0240046f) x 8 0x80002984
core   0: 0x800029a4 (0x00c000ef) jal     pc + 0xc
core   0: 3 0x800029a4 (0x00c000ef) x 1 0x800029a8
core   0: 0x800029b0 (0x00e95513) srli    a0, s2, 14
core   0: 3 0x800029b0 (0x00e95513) x10 0x00020000
core   0: 0x800029b4 (0x0001bd17) auipc   s10, 0x1b
core   0: 3 0x800029b4 (0x0001bd17) x26 0x8001d9b4
core   0: 0x800029b8 (0x350d0d13) addi    s10, s10, 848
core   0: 3 0x800029b8 (0x350d0d13) x26 0x8001dd04
core   0: 0x800029bc (0xfcfd0383) lb      t2, -49(s10)
core   0: 3 0x800029bc (0xfcfd0383) x 7 0xffffff88 mem 0x8001dcd3
core   0: 0x800029c0 (0x00018c17) auipc   s8, 0x18
core   0: 3 0x800029c0 (0x00018c17) x24 0x8001a9c0
core   0: 0x800029c4 (0xe2cc0c13) addi    s8, s8, -468
core   0: 3 0x800029c4 (0xe2cc0c13) x24 0x8001a7ec
core   0: 0x800029c8 (0xfe6d1323) sh      t1, -26(s10)
core   0: 3 0x800029c8 (0xfe6d1323) mem 0x8001dcea 0x2980
core   0: 0x800029cc (0xfffd0683) lb      a3, -1(s10)
core   0: 3 0x800029cc (0xfffd0683) x13 0xffffffb8 mem 0x8001dd03
core   0: 0x800029d0 (0xff1c4a83) lbu     s5, -15(s8)
core   0: 3 0x800029d0 (0xff1c4a83) x21 0x00000096 mem 0x8001a7dd
core   0: 0x800029d4 (0xfdac4783) lbu     a5, -38(s8)
core   0: 3 0x800029d4 (0xfdac4783) x15 0x0000007d mem 0x8001a7c6
core   0: 0x800029d8 (0xfe2d0423) sb      sp, -24(s10)
core   0: 3 0x800029d8 (0xfe2d0423) mem 0x8001dcec 0xb1
core   0: 0x800029dc (0xfc5c4a83) lbu     s5, -59(s8)
core   0: 3 0x800029dc (0xfc5c4a83) x21 0x0000006a mem 0x8001a7b1
core   0: 0x800029e0 (0x036d0823) sb      s6, 48(s10)
core   0: 3 0x800029e0 (0x036d0823) mem 0x8001dd34 0x64
core   0: 0x800029e4 (0xffbd0303) lb      t1, -5(s10)
core   0: 3 0x800029e4 (0xffbd0303) x 6 0xffffffb4 mem 0x8001dcff
core   0: 0x800029e8 (0xfd0d06a3) sb      a6, -51(s10)
core   0: 3 0x800029e8 (0xfd0d06a3) mem 0x8001dcd1 0xe7
core   0: 0x800029ec (0xfdac4383) lbu     t2, -38(s8)
core   0: 3 0x800029ec (0xfdac4383) x 7 0x0000007d mem 0x8001a7c6
core   0: 0x800029f0 (0xfcfd0183) lb      gp, -49(s10)
core   0: 3 0x800029f0 (0xfcfd0183) x 3 0xffffff88 mem 0x8001dcd3
core   0: 0x800029f4 (0xff1c4883) lbu     a7, -15(s8)
core   0: 3 0x800029f4 (0xff1c4883) x17 0x00000096 mem 0x8001a7dd
core   0: 0x800029f8 (0x00010c17) auipc   s8, 0x10
core   0: 3 0x800029f8 (0x00010c17) x24 0x800129f8
core   0: 0x800029fc (0xe67c0c13) addi    s8, s8, -409
core   0: 3 0x800029fc (0xe67c0c13) x24 0x8001285f
core   0: 0x80002a00 (0x00019d97) auipc   s11, 0x19
core   0: 3 0x80002a00 (0x00019d97) x27 0x8001ba00
core   0: 0x80002a04 (0x929d8d93) addi    s11, s11, -1751
core   0: 3 0x80002a04 (0x929d8d93) x27 0x8001b329
core   0: 0x80002a08 (0xcf5d9903) lh      s2, -779(s11)
core   0: 3 0x80002a08 (0xcf5d9903) x18 0xffffd4d5 mem 0x8001b01e
core   0: 0x80002a0c (0x027c1583) lh      a1, 39(s8)
core   0: 3 0x80002a0c (0x027c1583) x11 0x00003c3d mem 0x80012886
core   0: 0x80002a10 (0x020c0f83) lb      t6, 32(s8)
core   0: 3 0x80002a10 (0x020c0f83) x31 0x00000034 mem 0x8001287f
core   0: 0x80002a14 (0x021c2ca3) sw      ra, 57(s8)
core   0: 3 0x80002a14 (0x021c2ca3) mem 0x80012898 0x800029a8
core   0: 0x80002a18 (0xfe0c0b83) lb      s7, -32(s8)
core   0: 3 0x80002a18 (0xfe0c0b83) x23 0xfffffff4 mem 0x8001283f
core   0: 0x80002a1c (0x6d2d8003) lb      zero, 1746(s11)
core   0: 3 0x80002a1c (0x6d2d8003) mem 0x8001b9fb
core   0: 0x80002a20 (0x366dc103) lbu     sp, 870(s11)
core   0: 3 0x80002a20 (0x366dc103) x 2 0x00000044 mem 0x8001b68f
core   0: 0x80002a24 (0xed6d8e23) sb      s6, -292(s11)
core   0: 3 0x80002a24 (0xed6d8e23) mem 0x8001b205 0x64
core   0: 0x80002a28 (0x028c0623) sb      s0, 44(s8)
core   0: 3 0x80002a28 (0x028c0623) mem 0x8001288b 0x84
core   0: 0x80002a2c (0xffdc1ea3) sh      t4, -3(s8)
core   0: 3 0x80002a2c (0xffdc1ea3) mem 0x8001285c 0xffb8
core   0: 0x80002a30 (0x6f7d8c23) sb      s7, 1784(s11)
core   0: 3 0x80002a30 (0x6f7d8c23) mem 0x8001ba21 0xf4
core   0: 0x80002a34 (0x029c0d23) sb      s1, 58(s8)
core   0: 3 0x80002a34 (0x029c0d23) mem 0x80012899 0x0
core   0: 0x80002a38 (0xce7da883) lw      a7, -793(s11)
core   0: 3 0x80002a38 (0xce7da883) x17 0xc8c9cacb mem 0x8001b010
core   0: 0x80002a3c (0x0001f897) auipc   a7, 0x1f
core   0: 3 0x80002a3c (0x0001f897) x17 0x80021a3c
core   0: 0x80002a40 (0x17d88893) addi    a7, a7, 381
core   0: 3 0x80002a40 (0x17d88893) x17 0x80021bb9
core   0: 0x80002a44 (0xfa688323) sb      t1, -90(a7)
core   0: 3 0x80002a44 (0xfa688323) mem 0x80021b5f 0xb4
core   0: 0x80002a48 (0x010897a3) sh      a6, 15(a7)
core   0: 3 0x80002a48 (0x010897a3) mem 0x80021bc8 0xc1e7
core   0: 0x80002a4c (0x034897a3) sh      s4, 47(a7)
core   0: 3 0x80002a4c (0x034897a3) mem 0x80021be8 0x2998
core   0: 0x80002a50 (0xf9589583) lh      a1, -107(a7)
core   0: 3 0x80002a50 (0xf9589583) x11 0x00000405 mem 0x80021b4e
core   0: 0x80002a54 (0x00010397) auipc   t2, 0x10
core   0: 3 0x80002a54 (0x00010397) x 7 0x80012a54
core   0: 0x80002a58 (0x43538393) addi    t2, t2, 1077
core   0: 3 0x80002a58 (0x43538393) x 7 0x80012e89
core   0: 0x80002a5c (0xffa38e83) lb      t4, -6(t2)
core   0: 3 0x80002a5c (0xffa38e83) x29 0x00000038 mem 0x80012e83
core   0: 0x80002a60 (0x00c8a5a3) sw      a2, 11(a7)
core   0: 3 0x80002a60 (0x00c8a5a3) mem 0x80021bc4 0x0000006f
core   0: 0x80002a64 (0xffa38903) lb      s2, -6(t2)
core   0: 3 0x80002a64 (0xffa38903) x18 0x00000038 mem 0x80012e83
core   0: 0x80002a68 (0xff739f83) lh      t6, -9(t2)
core   0: 3 0x80002a68 (0xff739f83) x31 0x00003a3b mem 0x80012e80
core   0: 0x80002a6c (0xfc98c303) lbu     t1, -55(a7)
core   0: 3 0x80002a6c (0xfc98c303) x 6 0x00000039 mem 0x80021b82
core   0: 0x80002a70 (0x01d38d23) sb      t4, 26(t2)
core   0: 3 0x80002a70 (0x01d38d23) mem 0x80012ea3 0x38
core   0: 0x80002a74 (0xff53c903) lbu     s2, -11(t2)
core   0: 3 0x80002a74 (0xff53c903) x18 0x00000035 mem 0x80012e7e
core   0: 0x80002a78 (0x0e488923) sb      tp, 242(a7)
core   0: 3 0x80002a78 (0x0e488923) mem 0x80021cab 0xe4
core   0: 0x80002a7c (0x00438723) sb      tp, 14(t2)
core   0: 3 0x80002a7c (0x00438723) mem 0x80012e97 0xe4
core   0: 0x80002a80 (0x0003c903) lbu     s2, 0(t2)
core   0: 3 0x80002a80 (0x0003c903) x18 0x00000042 mem 0x80012e89
core   0: 0x80002a84 (0xf6c88703) lb      a4, -148(a7)
core   0: 3 0x80002a84 (0xf6c88703) x14 0xffffffde mem 0x80021b25
core   0: 0x80002a88 (0x0d788c03) lb      s8, 215(a7)
core   0: 3 0x80002a88 (0x0d788c03) x24 0x0000004b mem 0x80021c90
core   0: 0x80002a8c (0xf658dd83) lhu     s11, -155(a7)
core   0: 3 0x80002a8c (0xf658dd83) x27 0x0000d4d5 mem 0x80021b1e
core   0: 0x80002a90 (0x00a38903) lb      s2, 10(t2)
core   0: 3 0x80002a90 (0x00a38903) x18 0x00000048 mem 0x80012e93
core   0: 0x80002a94 (0x00010897) auipc   a7, 0x10
core   0: 3 0x80002a94 (0x00010897) x17 0x80012a94
core   0: 0x80002a98 (0x37b88893) addi    a7, a7, 891
core   0: 3 0x80002a98 (0x37b88893) x17 0x80012e0f
core   0: 0x80002a9c (0xff58c403) lbu     s0, -11(a7)
core   0: 3 0x80002a9c (0xff58c403) x 8 0x000000bf mem 0x80012e04
core   0: 0x80002aa0 (0x00010b97) auipc   s7, 0x10
core   0: 3 0x80002aa0 (0x00010b97) x23 0x80012aa0
core   0: 0x80002aa4 (0x246b8b93) addi    s7, s7, 582
core   0: 3 0x80002aa4 (0x246b8b93) x23 0x80012ce6
core   0: 0x80002aa8 (0x00010e17) auipc   t3, 0x10
core   0: 3 0x80002aa8 (0x00010e17) x28 0x80012aa8
core   0: 0x80002aac (0xfd0e0e13) addi    t3, t3, -48
core   0: 3 0x80002aac (0xfd0e0e13) x28 0x80012a78
core   0: 0x80002ab0 (0x010b8c03) lb      s8, 16(s7)
core   0: 3 0x80002ab0 (0x010b8c03) x24 0xffffffad mem 0x80012cf6
core   0: 0x80002ab4 (0x0f7e0603) lb      a2, 247(t3)
core   0: 3 0x80002ab4 (0x0f7e0603) x12 0xffffffb1 mem 0x80012b6f
core   0: 0x80002ab8 (0x0078da03) lhu     s4, 7(a7)
core   0: 3 0x80002ab8 (0x0078da03) x20 0x0000cccd mem 0x80012e16
core   0: 0x80002abc (0x01888423) sb      s8, 8(a7)
core   0: 3 0x80002abc (0x01888423) mem 0x80012e17 0xad
core   0: 0x80002ac0 (0xfdbe4603) lbu     a2, -37(t3)
core   0: 3 0x80002ac0 (0xfdbe4603) x12 0x00000008 mem 0x80012a53
core   0: 0x80002ac4 (0xff888d23) sb      s8, -6(a7)
core   0: 3 0x80002ac4 (0xff888d23) mem 0x80012e09 0xad
core   0: 0x80002ac8 (0x027b8c23) sb      t2, 56(s7)
core   0: 3 0x80002ac8 (0x027b8c23) mem 0x80012d1e 0x89
core   0: 0x80002acc (0xf89e1e23) sh      s1, -100(t3)
core   0: 3 0x80002acc (0xf89e1e23) mem 0x80012a14 0x0000
core   0: 0x80002ad0 (0x010b9483) lh      s1, 16(s7)
core   0: 3 0x80002ad0 (0x010b9483) x 9 0xffffacad mem 0x80012cf6
core   0: 0x80002ad4 (0x025e4d03) lbu     s10, 37(t3)
core   0: 3 0x80002ad4 (0x025e4d03) x26 0x00000056 mem 0x80012a9d
core   0: 0x80002ad8 (0x0048cc03) lbu     s8, 4(a7)
core   0: 3 0x80002ad8 (0x0048cc03) x24 0x0000009d mem 0x80012e13
core   0: 0x80002adc (0x03fb82a3) sb      t6, 37(s7)
core   0: 3 0x80002adc (0x03fb82a3) mem 0x80012d0b 0x3b
core   0: 0x80002ae0 (0x012b8ea3) sb      s2, 29(s7)
core   0: 3 0x80002ae0 (0x012b8ea3) mem 0x80012d03 0x48
core   0: 0x80002ae4 (0x090e1c23) sh      a6, 152(t3)
core   0: 3 0x80002ae4 (0x090e1c23) mem 0x80012b10 0xc1e7
core   0: 0x80002ae8 (0xff888f83) lb      t6, -8(a7)
core   0: 3 0x80002ae8 (0xff888f83) x31 0xffffffbc mem 0x80012e07
core   0: 0x80002aec (0x00dbcd03) lbu     s10, 13(s7)
core   0: 3 0x80002aec (0x00dbcd03) x26 0x000000a8 mem 0x80012cf3
core   0: 0x80002af0 (0x00688a83) lb      s5, 6(a7)
core   0: 3 0x80002af0 (0x00688a83) x21 0xffffffce mem 0x80012e15
core   0: 0x80002af4 (0x0a5e1523) sh      t0, 170(t3)
core   0: 3 0x80002af4 (0x0a5e1523) mem 0x80012b22 0x2994
core   0: 0x80002af8 (0x02fb8583) lb      a1, 47(s7)
core   0: 3 0x80002af8 (0x02fb8583) x11 0xffffffce mem 0x80012d15
core   0: 0x80002afc (0xf8be1323) sh      a1, -122(t3)
core   0: 3 0x80002afc (0xf8be1323) mem 0x800129fe 0xffce
core   0: 0x80002b00 (0x0001fc97) auipc   s9, 0x1f
core   0: 3 0x80002b00 (0x0001fc97) x25 0x80021b00
core   0: 0x80002b04 (0xf2ec8c93) addi    s9, s9, -210
core   0: 3 0x80002b04 (0xf2ec8c93) x25 0x80021a2e
core   0: 0x80002b08 (0x00010917) auipc   s2, 0x10
core   0: 3 0x80002b08 (0x00010917) x18 0x80012b08
core   0: 0x80002b0c (0x2ec90913) addi    s2, s2, 748
core   0: 3 0x80002b0c (0x2ec90913) x18 0x80012df4
core   0: 0x80002b10 (0x031c8f83) lb      t6, 49(s9)
core   0: 3 0x80002b10 (0x031c8f83) x31 0x00000014 mem 0x80021a5f
core   0: 0x80002b14 (0xfe1c9123) sh      ra, -30(s9)
core   0: 3 0x80002b14 (0xfe1c9123) mem 0x80021a10 0x29a8
core   0: 0x80002b18 (0x0e190e23) sb      ra, 252(s2)
core   0: 3 0x80002b18 (0x0e190e23) mem 0x80012ef0 0xa8
core   0: 0x80002b1c (0x08b90b83) lb      s7, 139(s2)
core   0: 3 0x80002b1c (0x08b90b83) x23 0x00000034 mem 0x80012e7f
core   0: 0x80002b20 (0x005c8a83) lb      s5, 5(s9)
core   0: 3 0x80002b20 (0x005c8a83) x21 0xffffffe8 mem 0x80021a33
core   0: 0x80002b24 (0x022c8323) sb      sp, 38(s9)
core   0: 3 0x80002b24 (0x022c8323) mem 0x80021a54 0x44
core   0: 0x80002b28 (0x06d92823) sw      a3, 112(s2)
core   0: 3 0x80002b28 (0x06d92823) mem 0x80012e64 0xffffffb8
core   0: 0x80002b2c (0xf7d94483) lbu     s1, -131(s2)
core   0: 3 0x80002b2c (0xf7d94483) x 9 0x0000002a mem 0x80012d71
core   0: 0x80002b30 (0x03491b23) sh      s4, 54(s2)
core   0: 3 0x80002b30 (0x03491b23) mem 0x80012e2a 0xcccd
core   0: 0x80002b34 (0xffe90423) sb      t5, -24(s2)
core   0: 3 0x80002b34 (0xffe90423) mem 0x80012ddc 0x6e
core   0: 0x80002b38 (0x00eca923) sw      a4, 18(s9)
core   0: 3 0x80002b38 (0x00eca923) mem 0x80021a40 0xffffffde
core   0: 0x80002b3c (0xfab92023) sw      a1, -96(s2)
core   0: 3 0x80002b3c (0xfab92023) mem 0x80012d94 0xffffffce
core   0: 0x80002b40 (0x02b905a3) sb      a1, 43(s2)
core   0: 3 0x80002b40 (0x02b905a3) mem 0x80012e1f 0xce
core   0: 0x80002b44 (0xf6b94503) lbu     a0, -149(s2)
core   0: 3 0x80002b44 (0xf6b94503) x10 0x00000014 mem 0x80012d5f
core   0: 0x80002b48 (0xf2b904a3) sb      a1, -215(s2)
core   0: 3 0x80002b48 (0xf2b904a3) mem 0x80012d1d 0xce
core   0: 0x80002b4c (0xfd5c9723) sh      s5, -50(s9)
core   0: 3 0x80002b4c (0xfd5c9723) mem 0x800219fc 0xffe8
core   0: 0x80002b50 (0x00010517) auipc   a0, 0x10
core   0: 3 0x80002b50 (0x00010517) x10 0x80012b50
core   0: 0x80002b54 (0x20e50513) addi    a0, a0, 526
core   0: 3 0x80002b54 (0x20e50513) x10 0x80012d5e
core   0: 0x80002b58 (0x02950d03) lb      s10, 41(a0)
core   0: 3 0x80002b58 (0x02950d03) x26 0x0000003c mem 0x80012d87
core   0: 0x80002b5c (0xe9dbbb93) sltiu   s7, s7, -355
core   0: 3 0x80002b5c (0xe9dbbb93) x23 0x00000001
core   0: 0x80002b60 (0xff550e83) lb      t4, -11(a0)
core   0: 3 0x80002b60 (0xff550e83) x29 0x00000008 mem 0x80012d53
core   0: 0x80002b64 (0xff850aa3) sb      s8, -11(a0)
core   0: 3 0x80002b64 (0xff850aa3) mem 0x80012d53 0x9d
core   0: 0x80002b68 (0x01c39f33) sll     t5, t2, t3
core   0: 3 0x80002b68 (0x01c39f33) x30 0x89000000
core   0: 0x80002b6c (0x01450f23) sb      s4, 30(a0)
core   0: 3 0x80002b6c (0x01450f23) mem 0x80012d7c 0xcd
core   0: 0x80002b70 (0x028504a3) sb      s0, 41(a0)
core   0: 3 0x80002b70 (0x028504a3) mem 0x80012d87 0xbf
core   0: 0x80002b74 (0x00762833) slt     a6, a2, t2
core   0: 3 0x80002b74 (0x00762833) x16 0x00000000
core   0: 0x80002b78 (0x417b8833) sub     a6, s7, s7
core   0: 3 0x80002b78 (0x417b8833) x16 0x00000000
core   0: 0x80002b7c (0xfd850723) sb      s8, -50(a0)
core   0: 3 0x80002b7c (0xfd850723) mem 0x80012d2c 0x9d
core   0: 0x80002b80 (0xfc852723) sw      s0, -50(a0)
core   0: 3 0x80002b80 (0xfc852723) mem 0x80012d2c 0x000000bf
core   0: 0x80002b84 (0xfc0af093) andi    ra, s5, -64
core   0: 3 0x80002b84 (0xfc0af093) x 1 0xffffffc0
core   0: 0x80002b88 (0xfce54803) lbu     a6, -50(a0)
core   0: 3 0x80002b88 (0xfce54803) x16 0x000000bf mem 0x80012d2c
core   0: 0x80002b8c (0xfce50a83) lb      s5, -50(a0)
core   0: 3 0x80002b8c (0xfce50a83) x21 0xffffffbf mem 0x80012d2c
core   0: 0x80002b90 (0x0140e0b3) or      ra, ra, s4
core   0: 3 0x80002b90 (0x0140e0b3) x 1 0xffffffcd
core   0: 0x80002b94 (0xfce52683) lw      a3, -50(a0)
core   0: 3 0x80002b94 (0xfce52683) x13 0x000000bf mem 0x80012d2c
core   0: 0x80002b98 (0x03851103) lh      sp, 56(a0)
core   0: 3 0x80002b98 (0x03851103) x 2 0xffffffff mem 0x80012d96
core   0: 0x80002b9c (0xfc954f83) lbu     t6, -55(a0)
core   0: 3 0x80002b9c (0xfc954f83) x31 0x000000dc mem 0x80012d27
core   0: 0x80002ba0 (0xfc950e83) lb      t4, -55(a0)
core   0: 3 0x80002ba0 (0xfc950e83) x29 0xffffffdc mem 0x80012d27
core   0: 0x80002ba4 (0xff055483) lhu     s1, -16(a0)
core   0: 3 0x80002ba4 (0xff055483) x 9 0x00000405 mem 0x80012d4e
core   0: 0x80002ba8 (0x03351d23) sh      s3, 58(a0)
core   0: 3 0x80002ba8 (0x03351d23) mem 0x80012d98 0xec9c
core   0: 0x80002bac (0xfe451683) lh      a3, -28(a0)
core   0: 3 0x80002bac (0xfe451683) x13 0xfffff8f9 mem 0x80012d42
core   0: 0x80002bb0 (0x01651c03) lh      s8, 22(a0)
core   0: 3 0x80002bb0 (0x01651c03) x24 0x00002e2f mem 0x80012d74
core   0: 0x80002bb4 (0x01d506a3) sb      t4, 13(a0)
core   0: 3 0x80002bb4 (0x01d506a3) mem 0x80012d6b 0xdc
core   0: 0x80002bb8 (0x00d50003) lb      zero, 13(a0)
core   0: 3 0x80002bb8 (0x00d50003) mem 0x80012d6b
core   0: 0x80002bbc (0xfcc51c83) lh      s9, -52(a0)
core   0: 3 0x80002bbc (0xfcc51c83) x25 0xffffe0e1 mem 0x80012d2a
core   0: 0x80002bc0 (0x00016117) auipc   sp, 0x16
core   0: 3 0x80002bc0 (0x00016117) x 2 0x80018bc0
core   0: 0x80002bc4 (0xad210113) addi    sp, sp, -1326
core   0: 3 0x80002bc4 (0xad210113) x 2 0x80018692
core   0: 0x80002bc8 (0x41c7d593) srai    a1, a5, 28
core   0: 3 0x80002bc8 (0x41c7d593) x11 0x00000000
core   0: 0x80002bcc (0x01411a23) sh      s4, 20(sp)
core   0: 3 0x80002bcc (0x01411a23) mem 0x800186a6 0xcccd
core   0: 0x80002bd0 (0x00410a23) sb      tp, 20(sp)
core   0: 3 0x80002bd0 (0x00410a23) mem 0x800186a6 0xe4
core   0: 0x80002bd4 (0x01610a23) sb      s6, 20(sp)
core   0: 3 0x80002bd4 (0x01610a23) mem 0x800186a6 0x64
core   0: 0x80002bd8 (0x016fabb3) slt     s7, t6, s6
core   0: 3 0x80002bd8 (0x016fabb3) x23 0x00000000
core   0: 0x80002bdc (0x01993a33) sltu    s4, s2, s9
core   0: 3 0x80002bdc (0x01993a33) x20 0x00000001
core   0: 0x80002be0 (0x01415603) lhu     a2, 20(sp)
core   0: 3 0x80002be0 (0x01415603) x12 0x0000cc64 mem 0x800186a6
core   0: 0x80002be4 (0x01410603) lb      a2, 20(sp)
core   0: 3 0x80002be4 (0x01410603) x12 0x00000064 mem 0x800186a6
core   0: 0x80002be8 (0x00510a23) sb      t0, 20(sp)
core   0: 3 0x80002be8 (0x00510a23) mem 0x800186a6 0x94
core   0: 0x80002bec (0x01414903) lbu     s2, 20(sp)
core   0: 3 0x80002bec (0x01414903) x18 0x00000094 mem 0x800186a6
core   0: 0x80002bf0 (0x01410a23) sb      s4, 20(sp)
core   0: 3 0x80002bf0 (0x01410a23) mem 0x800186a6 0x1
core   0: 0x80002bf4 (0x01c11a23) sh      t3, 20(sp)
core   0: 3 0x80002bf4 (0x01c11a23) mem 0x800186a6 0x2a78
core   0: 0x80002bf8 (0xfd611323) sh      s6, -58(sp)
core   0: 3 0x80002bf8 (0xfd611323) mem 0x80018658 0x7e64
core   0: 0x80002bfc (0xfc611083) lh      ra, -58(sp)
core   0: 3 0x80002bfc (0xfc611083) x 1 0x00007e64 mem 0x80018658
core   0: 0x80002c00 (0xfc614e03) lbu     t3, -58(sp)
core   0: 3 0x80002c00 (0xfc614e03) x28 0x00000064 mem 0x80018658
core   0: 0x80002c04 (0x02410da3) sb      tp, 59(sp)
core   0: 3 0x80002c04 (0x02410da3) mem 0x800186cd 0xe4
core   0: 0x80002c08 (0x03b14783) lbu     a5, 59(sp)
core   0: 3 0x80002c08 (0x03b14783) x15 0x000000e4 mem 0x800186cd
core   0: 0x80002c0c (0xfdf105a3) sb      t6, -53(sp)
core   0: 3 0x80002c0c (0xfdf105a3) mem 0x8001865d 0xdc
core   0: 0x80002c10 (0x40638f33) sub     t5, t2, t1
core   0: 3 0x80002c10 (0x40638f33) x30 0x80012e50
core   0: 0x80002c14 (0x01f108a3) sb      t6, 17(sp)
core   0: 3 0x80002c14 (0x01f108a3) mem 0x800186a3 0xdc
core   0: 0x80002c18 (0xfd214303) lbu     t1, -46(sp)
core   0: 3 0x80002c18 (0xfd214303) x 6 0x0000001f mem 0x80018664
core   0: 0x80002c1c (0x00018117) auipc   sp, 0x18
core   0: 3 0x80002c1c (0x00018117) x 2 0x8001ac1c
core   0: 0x80002c20 (0x81d10113) addi    sp, sp, -2019
core   0: 3 0x80002c20 (0x81d10113) x 2 0x8001a439
core   0: 0x80002c24 (0x00018197) auipc   gp, 0x18
core   0: 3 0x80002c24 (0x00018197) x 3 0x8001ac24
core   0: 0x80002c28 (0x90e18193) addi    gp, gp, -1778
core   0: 3 0x80002c28 (0x90e18193) x 3 0x8001a532
core   0: 0x80002c2c (0xf3118503) lb      a0, -207(gp)
core   0: 3 0x80002c2c (0xf3118503) x10 0x00000018 mem 0x8001a463
core   0: 0x80002c30 (0xffd15483) lhu     s1, -3(sp)
core   0: 3 0x80002c30 (0xffd15483) x 9 0x0000eced mem 0x8001a436
core   0: 0x80002c34 (0xf701d403) lhu     s0, -144(gp)
core   0: 3 0x80002c34 (0xf701d403) x 8 0x00005859 mem 0x8001a4a2
core   0: 0x80002c38 (0x00012797) auipc   a5, 0x12
core   0: 3 0x80002c38 (0x00012797) x15 0x80014c38
core   0: 0x80002c3c (0xeb078793) addi    a5, a5, -336
core   0: 3 0x80002c3c (0xeb078793) x15 0x80014ae8
core   0: 0x80002c40 (0x9cd78023) sb      a3, -1600(a5)
core   0: 3 0x80002c40 (0x9cd78023) mem 0x800144a8 0xf9
core   0: 0x80002c44 (0x0001b317) auipc   t1, 0x1b
core   0: 3 0x80002c44 (0x0001b317) x 6 0x8001dc44
core   0: 0x80002c48 (0xc5a30313) addi    t1, t1, -934
core   0: 3 0x80002c48 (0xc5a30313) x 6 0x8001d89e
core   0: 0x80002c4c (0xfc210523) sb      sp, -54(sp)
core   0: 3 0x80002c4c (0xfc210523) mem 0x8001a403 0x39
core   0: 0x80002c50 (0x012186a3) sb      s2, 13(gp)
core   0: 3 0x80002c50 (0x012186a3) mem 0x8001a53f 0x94
core   0: 0x80002c54 (0x00c10923) sb      a2, 18(sp)
core   0: 3 0x80002c54 (0x00c10923) mem 0x8001a44b 0x64
core   0: 0x80002c58 (0x0c131123) sh      ra, 194(t1)
core   0: 3 0x80002c58 (0x0c131123) mem 0x8001d960 0x7e64
core   0: 0x80002c5c (0xfc11c283) lbu     t0, -63(gp)
core   0: 3 0x80002c5c (0xfc11c283) x 5 0x000000a8 mem 0x8001a4f3
core   0: 0x80002c60 (0x0ad32f23) sw      a3, 190(t1)
core   0: 3 0x80002c60 (0x0ad32f23) mem 0x8001d95c 0xfffff8f9
core   0: 0x80002c64 (0xfdf11883) lh      a7, -33(sp)
core   0: 3 0x80002c64 (0xfdf11883) x17 0xffffd2d3 mem 0x8001a418
core   0: 0x80002c68 (0x00814283) lbu     t0, 8(sp)
core   0: 3 0x80002c68 (0x00814283) x 5 0x000000fa mem 0x8001a441
core   0: 0x80002c6c (0xf9a1d883) lhu     a7, -102(gp)
core   0: 3 0x80002c6c (0xf9a1d883) x17 0x00008687 mem 0x8001a4cc
core   0: 0x80002c70 (0xe4578f03) lb      t5, -443(a5)
core   0: 3 0x80002c70 (0xe4578f03) x30 0xffffffe6 mem 0x8001492d
core   0: 0x80002c74 (0x0311c403) lbu     s0, 49(gp)
core   0: 3 0x80002c74 (0x0311c403) x 8 0x00000018 mem 0x8001a563
core   0: 0x80002c78 (0x00110c23) sb      ra, 24(sp)
core   0: 3 0x80002c78 (0x00110c23) mem 0x8001a451 0x64
core   0: 0x80002c7c (0x03e32383) lw      t2, 62(t1)
core   0: 3 0x80002c7c (0x03e32383) x 7 0x94959697 mem 0x8001d8dc
core   0: 0x80002c80 (0x03e14403) lbu     s0, 62(sp)
core   0: 3 0x80002c80 (0x03e14403) x 8 0x0000002c mem 0x8001a477
core   0: 0x80002c84 (0x0ee7c283) lbu     t0, 238(a5)
core   0: 3 0x80002c84 (0x0ee7c283) x 5 0x0000008d mem 0x80014bd6
core   0: 0x80002c88 (0x03910503) lb      a0, 57(sp)
core   0: 3 0x80002c88 (0x03910503) x10 0x00000029 mem 0x8001a472
core   0: 0x80002c8c (0x00010f83) lb      t6, 0(sp)
core   0: 3 0x80002c8c (0x00010f83) x31 0xfffffff2 mem 0x8001a439
core   0: 0x80002c90 (0xf2219f83) lh      t6, -222(gp)
core   0: 3 0x80002c90 (0xf2219f83) x31 0x00000e0f mem 0x8001a454
core   0: 0x80002c94 (0xffc30383) lb      t2, -4(t1)
core   0: 3 0x80002c94 (0xffc30383) x 7 0x00000051 mem 0x8001d89a
core   0: 0x80002c98 (0xfc814003) lbu     zero, -56(sp)
core   0: 3 0x80002c98 (0xfc814003) mem 0x8001a401
core   0: 0x80002c9c (0xcca7a423) sw      a0, -824(a5)
core   0: 3 0x80002c9c (0xcca7a423) mem 0x800147b0 0x00000029
core   0: 0x80002ca0 (0xfb631923) sh      s6, -78(t1)
core   0: 3 0x80002ca0 (0xfb631923) mem 0x8001d850 0x7e64
core   0: 0x80002ca4 (0xf4a32e83) lw      t4, -182(t1)
core   0: 3 0x80002ca4 (0xf4a32e83) x29 0xa0a1a2a3 mem 0x8001d7e8
core   0: 0x80002ca8 (0xb867c903) lbu     s2, -1146(a5)
core   0: 3 0x80002ca8 (0xb867c903) x18 0x00000025 mem 0x8001466e
core   0: 0x80002cac (0xf85185a3) sb      t0, -117(gp)
core   0: 3 0x80002cac (0xf85185a3) mem 0x8001a4bd 0x8d
core   0: 0x80002cb0 (0x0001af17) auipc   t5, 0x1a
core   0: 3 0x80002cb0 (0x0001af17) x30 0x8001ccb0
core   0: 0x80002cb4 (0x47ff0f13) addi    t5, t5, 1151
core   0: 3 0x80002cb4 (0x47ff0f13) x30 0x8001d12f
core   0: 0x80002cb8 (0x00018a97) auipc   s5, 0x18
core   0: 3 0x80002cb8 (0x00018a97) x21 0x8001acb8
core   0: 0x80002cbc (0xe18a8a93) addi    s5, s5, -488
core   0: 3 0x80002cbc (0xe18a8a93) x21 0x8001aad0
core   0: 0x80002cc0 (0x002a9a03) lh      s4, 2(s5)
core   0: 3 0x80002cc0 (0x002a9a03) x20 0xffff8889 mem 0x8001aad2
core   0: 0x80002cc4 (0x01df2803) lw      a6, 29(t5)
core   0: 3 0x80002cc4 (0x01df2803) x16 0x04050607 mem 0x8001d14c
core   0: 0x80002cc8 (0x037a8483) lb      s1, 55(s5)
core   0: 3 0x80002cc8 (0x037a8483) x 9 0xffffffbc mem 0x8001ab07
core   0: 0x80002ccc (0x00aacc83) lbu     s9, 10(s5)
core   0: 3 0x80002ccc (0x00aacc83) x25 0x00000091 mem 0x8001aada
core   0: 0x80002cd0 (0xfc3f0d23) sb      gp, -38(t5)
core   0: 3 0x80002cd0 (0xfc3f0d23) mem 0x8001d109 0x32
core   0: 0x80002cd4 (0xfdba8fa3) sb      s11, -33(s5)
core   0: 3 0x80002cd4 (0xfdba8fa3) mem 0x8001aaaf 0xd5
core   0: 0x80002cd8 (0x03cf0623) sb      t3, 44(t5)
core   0: 3 0x80002cd8 (0x03cf0623) mem 0x8001d15b 0x64
core   0: 0x80002cdc (0x012f4b83) lbu     s7, 18(t5)
core   0: 3 0x80002cdc (0x012f4b83) x23 0x000000fa mem 0x8001d141
core   0: 0x80002ce0 (0xff4a8fa3) sb      s4, -1(s5)
core   0: 3 0x80002ce0 (0xff4a8fa3) mem 0x8001aacf 0x89
core   0: 0x80002ce4 (0x037f5f83) lhu     t6, 55(t5)
core   0: 3 0x80002ce4 (0x037f5f83) x31 0x00001c1d mem 0x8001d166
core   0: 0x80002ce8 (0xfdeadd03) lhu     s10, -34(s5)
core   0: 3 0x80002ce8 (0xfdeadd03) x26 0x0000d565 mem 0x8001aaae
core   0: 0x80002cec (0xff9f15a3) sh      s9, -21(t5)
core   0: 3 0x80002cec (0xff9f15a3) mem 0x8001d11a 0x0091
core   0: 0x80002cf0 (0x019f4103) lbu     sp, 25(t5)
core   0: 3 0x80002cf0 (0x019f4103) x 2 0x00000003 mem 0x8001d148
core   0: 0x80002cf4 (0x00aa8403) lb      s0, 10(s5)
core   0: 3 0x80002cf4 (0x00aa8403) x 8 0xffffff91 mem 0x8001aada
core   0: 0x80002cf8 (0xfcff4c03) lbu     s8, -49(t5)
core   0: 3 0x80002cf8 (0xfcff4c03) x24 0x000000b5 mem 0x8001d0fe
core   0: 0x80002cfc (0x019a8c83) lb      s9, 25(s5)
core   0: 3 0x80002cfc (0x019a8c83) x25 0xffffffa2 mem 0x8001aae9
core   0: 0x80002d00 (0x00300793) li      a5, 3
core   0: 3 0x80002d00 (0x00300793) x15 0x00000003
core   0: 0x80002d04 (0xfee00e93) li      t4, -18
core   0: 3 0x80002d04 (0xfee00e93) x29 0xffffffee
core   0: 0x80002d08 (0x30bd2f13) slti    t5, s10, 779
core   0: 3 0x80002d08 (0x30bd2f13) x30 0x00000000
core   0: 0x80002d0c (0x01689c93) slli    s9, a7, 22
core   0: 3 0x80002d0c (0x01689c93) x25 0xa1c00000
core   0: 0x80002d10 (0xffd78793) addi    a5, a5, -3
core   0: 3 0x80002d10 (0xffd78793) x15 0x00000000
core   0: 0x80002d14 (0xffd00713) li      a4, -3
core   0: 3 0x80002d14 (0xffd00713) x14 0xfffffffd
core   0: 0x80002d18 (0x526c5137) lui     sp, 0x526c5
core   0: 3 0x80002d18 (0x526c5137) x 2 0x526c5000
core   0: 0x80002d1c (0x00400193) li      gp, 4
core   0: 3 0x80002d1c (0x00400193) x 3 0x00000004
core   0: 0x80002d20 (0x1488fa13) andi    s4, a7, 328
core   0: 3 0x80002d20 (0x1488fa13) x20 0x00000000
core   0: 0x80002d24 (0x00000013) nop
core   0: 3 0x80002d24 (0x00000013)
core   0: 0x80002d28 (0x00170713) addi    a4, a4, 1
core   0: 3 0x80002d28 (0x00170713) x14 0xfffffffe
core   0: 0x80002d2c (0x40a9d313) srai    t1, s3, 10
core   0: 3 0x80002d2c (0x40a9d313) x 6 0xffff993b
core   0: 0x80002d30 (0xfe3768e3) bltu    a4, gp, pc - 16
core   0: 3 0x80002d30 (0xfe3768e3)
core   0: 0x80002d34 (0x00f2c8b3) xor     a7, t0, a5
core   0: 3 0x80002d34 (0x00f2c8b3) x17 0x0000008d
core   0: 0x80002d38 (0xfdd788e3) beq     a5, t4, pc - 48
core   0: 3 0x80002d38 (0xfdd788e3)
core   0: 0x80002d3c (0x0178f933) and     s2, a7, s7
core   0: 3 0x80002d3c (0x0178f933) x18 0x00000088
core   0: 0x80002d40 (0x00016f17) auipc   t5, 0x16
core   0: 3 0x80002d40 (0x00016f17) x30 0x80018d40
core   0: 0x80002d44 (0xee6f0f13) addi    t5, t5, -282
core   0: 3 0x80002d44 (0xee6f0f13) x30 0x80018c26
core   0: 0x80002d48 (0x5a3a42b7) lui     t0, 0x5a3a4
core   0: 3 0x80002d48 (0x5a3a42b7) x 5 0x5a3a4000
core   0: 0x80002d4c (0x593f4783) lbu     a5, 1427(t5)
core   0: 3 0x80002d4c (0x593f4783) x15 0x00000072 mem 0x800191b9
core   0: 0x80002d50 (0x60df4b83) lbu     s7, 1549(t5)
core   0: 3 0x80002d50 (0x60df4b83) x23 0x000000e8 mem 0x80019233
core   0: 0x80002d54 (0x099f0e03) lb      t3, 153(t5)
core   0: 3 0x80002d54 (0x099f0e03) x28 0x00000074 mem 0x80018cbf
core   0: 0x80002d58 (0x9faf0e23) sb      s10, -1540(t5)
core   0: 3 0x80002d58 (0x9faf0e23) mem 0x80018622 0x65
core   0: 0x80002d5c (0xad9f1223) sh      s9, -1340(t5)
core   0: 3 0x80002d5c (0xad9f1223) mem 0x800186ea 0x0000
core   0: 0x80002d60 (0x35ff0ca3) sb      t6, 857(t5)
core   0: 3 0x80002d60 (0x35ff0ca3) mem 0x80018f7f 0x1d
core   0: 0x80002d64 (0x5c4f4303) lbu     t1, 1476(t5)
core   0: 3 0x80002d64 (0x5c4f4303) x 6 0x000000a1 mem 0x800191ea
core   0: 0x80002d68 (0x2e7f0da3) sb      t2, 763(t5)
core   0: 3 0x80002d68 (0x2e7f0da3) mem 0x80018f21 0x51
core   0: 0x80002d6c (0x251f0a83) lb      s5, 593(t5)
core   0: 3 0x80002d6c (0x251f0a83) x21 0x0000002c mem 0x80018e77
core   0: 0x80002d70 (0x251f0d03) lb      s10, 593(t5)
core   0: 3 0x80002d70 (0x251f0d03) x26 0x0000002c mem 0x80018e77
core   0: 0x80002d74 (0x251f0d83) lb      s11, 593(t5)
core   0: 3 0x80002d74 (0x251f0d83) x27 0x0000002c mem 0x80018e77
core   0: 0x80002d78 (0x618f4603) lbu     a2, 1560(t5)
core   0: 3 0x80002d78 (0x618f4603) x12 0x000000f5 mem 0x8001923e
core   0: 0x80002d7c (0x049f0e03) lb      t3, 73(t5)
core   0: 3 0x80002d7c (0x049f0e03) x28 0x00000024 mem 0x80018c6f
core   0: 0x80002d80 (0x18af4b83) lbu     s7, 394(t5)
core   0: 3 0x80002d80 (0x18af4b83) x23 0x0000006b mem 0x80018db0
core   0: 0x80002d84 (0x940f4683) lbu     a3, -1728(t5)
core   0: 3 0x80002d84 (0x940f4683) x13 0x0000001d mem 0x80018566
core   0: 0x80002d88 (0x45bf03a3) sb      s11, 1095(t5)
core   0: 3 0x80002d88 (0x45bf03a3) mem 0x8001906d 0x2c
core   0: 0x80002d8c (0x447f4e83) lbu     t4, 1095(t5)
core   0: 3 0x80002d8c (0x447f4e83) x29 0x0000002c mem 0x8001906d
core   0: 0x80002d90 (0xc46f1a83) lh      s5, -954(t5)
core   0: 3 0x80002d90 (0xc46f1a83) x21 0x00002627 mem 0x8001886c
core   0: 0x80002d94 (0x239f4283) lbu     t0, 569(t5)
core   0: 3 0x80002d94 (0x239f4283) x 5 0x00000014 mem 0x80018e5f
core   0: 0x80002d98 (0x0000fa17) auipc   s4, 0xf
core   0: 3 0x80002d98 (0x0000fa17) x20 0x80011d98
core   0: 0x80002d9c (0x5efa0a13) addi    s4, s4, 1519
core   0: 3 0x80002d9c (0x5efa0a13) x20 0x80012387
core   0: 0x80002da0 (0x00010897) auipc   a7, 0x10
core   0: 3 0x80002da0 (0x00010897) x17 0x80012da0
core   0: 0x80002da4 (0x50b88893) addi    a7, a7, 1291
core   0: 3 0x80002da4 (0x50b88893) x17 0x800132ab
core   0: 0x80002da8 (0xff88cd03) lbu     s10, -8(a7)
core   0: 3 0x80002da8 (0xff88cd03) x26 0x00000058 mem 0x800132a3
core   0: 0x80002dac (0x02ca0b83) lb      s7, 44(s4)
core   0: 3 0x80002dac (0x02ca0b83) x23 0x00000068 mem 0x800123b3
core   0: 0x80002db0 (0x00f8cc83) lbu     s9, 15(a7)
core   0: 3 0x80002db0 (0x00f8cc83) x25 0x00000071 mem 0x800132ba
core   0: 0x80002db4 (0x025a4b83) lbu     s7, 37(s4)
core   0: 3 0x80002db4 (0x025a4b83) x23 0x00000067 mem 0x800123ac
core   0: 0x80002db8 (0xff389503) lh      a0, -13(a7)
core   0: 3 0x80002db8 (0xff389503) x10 0x00005455 mem 0x8001329e
core   0: 0x80002dbc (0xfcfa0223) sb      a5, -60(s4)
core   0: 3 0x80002dbc (0xfcfa0223) mem 0x8001234b 0x72
core   0: 0x80002dc0 (0x0108cd83) lbu     s11, 16(a7)
core   0: 3 0x80002dc0 (0x0108cd83) x27 0x00000070 mem 0x800132bb
core   0: 0x80002dc4 (0xff888283) lb      t0, -8(a7)
core   0: 3 0x80002dc4 (0xff888283) x 5 0x00000058 mem 0x800132a3
core   0: 0x80002dc8 (0xff38cf03) lbu     t5, -13(a7)
core   0: 3 0x80002dc8 (0xff38cf03) x30 0x00000055 mem 0x8001329e
core   0: 0x80002dcc (0x00c8cc83) lbu     s9, 12(a7)
core   0: 3 0x80002dcc (0x00c8cc83) x25 0x0000006c mem 0x800132b7
core   0: 0x80002dd0 (0xfd3a0483) lb      s1, -45(s4)
core   0: 3 0x80002dd0 (0xfd3a0483) x 9 0xfffffffa mem 0x8001235a
core   0: 0x80002dd4 (0x021a4083) lbu     ra, 33(s4)
core   0: 3 0x80002dd4 (0x021a4083) x 1 0x00000063 mem 0x800123a8
core   0: 0x80002dd8 (0x00a88f83) lb      t6, 10(a7)
core   0: 3 0x80002dd8 (0x00a88f83) x31 0x0000006e mem 0x800132b5
core   0: 0x80002ddc (0xffd8ce03) lbu     t3, -3(a7)
core   0: 3 0x80002ddc (0xffd8ce03) x28 0x00000063 mem 0x800132a8
core   0: 0x80002de0 (0x0200036f) jal     t1, pc + 0x20
core   0: 3 0x80002de0 (0x0200036f) x 6 0x80002de4
core   0: 0x80002e00 (0x02c000ef) jal     pc + 0x2c
core   0: 3 0x80002e00 (0x02c000ef) x 1 0x80002e04
core   0: 0x80002e2c (0xfe5ff0ef) jal     pc - 0x1c
core   0: 3 0x80002e2c (0xfe5ff0ef) x 1 0x80002e30
core   0: 0x80002e10 (0x00c0036f) jal     t1, pc + 0xc
core   0: 3 0x80002e10 (0x00c0036f) x 6 0x80002e14
core   0: 0x80002e1c (0xfe1ff0ef) jal     pc - 0x20
core   0: 3 0x80002e1c (0xfe1ff0ef) x 1 0x80002e20
core   0: 0x80002dfc (0xffdff0ef) jal     pc - 0x4
core   0: 3 0x80002dfc (0xffdff0ef) x 1 0x80002e00
core   0: 0x80002df8 (0x0200066f) jal     a2, pc + 0x20
core   0: 3 0x80002df8 (0x0200066f) x12 0x80002dfc
core   0: 0x80002e18 (0xfedff0ef) jal     pc - 0x14
core   0: 3 0x80002e18 (0xfedff0ef) x 1 0x80002e1c
core   0: 0x80002e04 (0x004001ef) jal     gp, pc + 0x4
core   0: 3 0x80002e04 (0x004001ef) x 3 0x80002e08
core   0: 0x80002e08 (0xfe5ff36f) jal     t1, pc - 0x1c
core   0: 3 0x80002e08 (0xfe5ff36f) x 6 0x80002e0c
core   0: 0x80002dec (0x0480036f) jal     t1, pc + 0x48
core   0: 3 0x80002dec (0x0480036f) x 6 0x80002df0
core   0: 0x80002e34 (0xff1ff0ef) jal     pc - 0x10
core   0: 3 0x80002e34 (0xff1ff0ef) x 1 0x80002e38
core   0: 0x80002e24 (0xfd1ff36f) jal     t1, pc - 0x30
core   0: 3 0x80002e24 (0xfd1ff36f) x 6 0x80002e28
core   0: 0x80002df4 (0xffdff16f) jal     sp, pc - 0x4
core   0: 3 0x80002df4 (0xffdff16f) x 2 0x80002df8
core   0: 0x80002df0 (0x030000ef) jal     pc + 0x30
core   0: 3 0x80002df0 (0x030000ef) x 1 0x80002df4
core   0: 0x80002e20 (0xfc5ff0ef) jal     pc - 0x3c
core   0: 3 0x80002e20 (0xfc5ff0ef) x 1 0x80002e24
core   0: 0x80002de4 (0x004000ef) jal     pc + 0x4
core   0: 3 0x80002de4 (0x004000ef) x 1 0x80002de8
core   0: 0x80002de8 (0x048000ef) jal     pc + 0x48
core   0: 3 0x80002de8 (0x048000ef) x 1 0x80002dec
core   0: 0x80002e30 (0xff9ffd6f) jal     s10, pc - 0x8
core   0: 3 0x80002e30 (0xff9ffd6f) x26 0x80002e34
core   0: 0x80002e28 (0xfedff0ef) jal     pc - 0x14
core   0: 3 0x80002e28 (0xfedff0ef) x 1 0x80002e2c
core   0: 0x80002e14 (0xff9ff0ef) jal     pc - 0x8
core   0: 3 0x80002e14 (0xff9ff0ef) x 1 0x80002e18
core   0: 0x80002e0c (0x02c000ef) jal     pc + 0x2c
core   0: 3 0x80002e0c (0x02c000ef) x 1 0x80002e10
core   0: 0x80002e38 (0x35068c93) addi    s9, a3, 848
core   0: 3 0x80002e38 (0x35068c93) x25 0x0000036d
core   0: 0x80002e3c (0x0340036f) jal     t1, pc + 0x34
core   0: 3 0x80002e3c (0x0340036f) x 6 0x80002e40
core   0: 0x80002e70 (0xff5ff1ef) jal     gp, pc - 0xc
core   0: 3 0x80002e70 (0xff5ff1ef) x 3 0x80002e74
core   0: 0x80002e64 (0xfddff0ef) jal     pc - 0x24
core   0: 3 0x80002e64 (0xfddff0ef) x 1 0x80002e68
core   0: 0x80002e40 (0x028000ef) jal     pc + 0x28
core   0: 3 0x80002e40 (0x028000ef) x 1 0x80002e44
core   0: 0x80002e68 (0xff1ff0ef) jal     pc - 0x10
core   0: 3 0x80002e68 (0xff1ff0ef) x 1 0x80002e6c
core   0: 0x80002e58 (0xff1ff0ef) jal     pc - 0x10
core   0: 3 0x80002e58 (0xff1ff0ef) x 1 0x80002e5c
core   0: 0x80002e48 (0x004000ef) jal     pc + 0x4
core   0: 3 0x80002e48 (0x004000ef) x 1 0x80002e4c
core   0: 0x80002e4c (0x010000ef) jal     pc + 0x10
core   0: 3 0x80002e4c (0x010000ef) x 1 0x80002e50
core   0: 0x80002e5c (0xff9ff0ef) jal     pc - 0x8
core   0: 3 0x80002e5c (0xff9ff0ef) x 1 0x80002e60
core   0: 0x80002e54 (0xffdff1ef) jal     gp, pc - 0x4
core   0: 3 0x80002e54 (0xffdff1ef) x 3 0x80002e58
core   0: 0x80002e50 (0x010000ef) jal     pc + 0x10
core   0: 3 0x80002e50 (0x010000ef) x 1 0x80002e54
core   0: 0x80002e60 (0x00c000ef) jal     pc + 0xc
core   0: 3 0x80002e60 (0x00c000ef) x 1 0x80002e64
core   0: 0x80002e6c (0xfd9ff4ef) jal     s1, pc - 0x28
core   0: 3 0x80002e6c (0xfd9ff4ef) x 9 0x80002e70
core   0: 0x80002e44 (0x0300016f) jal     sp, pc + 0x30
core   0: 3 0x80002e44 (0x0300016f) x 2 0x80002e48
core   0: 0x80002e74 (0x006d26b3) slt     a3, s10, t1
core   0: 3 0x80002e74 (0x006d26b3) x13 0x00000001
core   0: 0x80002e78 (0x0000f617) auipc   a2, 0xf
core   0: 3 0x80002e78 (0x0000f617) x12 0x80011e78
core   0: 0x80002e7c (0x53e60613) addi    a2, a2, 1342
core   0: 3 0x80002e7c (0x53e60613) x12 0x800123b6
core   0: 0x80002e80 (0xfdc65c83) lhu     s9, -36(a2)
core   0: 3 0x80002e80 (0xfdc65c83) x25 0x00004849 mem 0x80012392
core   0: 0x80002e84 (0x00019c17) auipc   s8, 0x19
core   0: 3 0x80002e84 (0x00019c17) x24 0x8001be84
core   0: 0x80002e88 (0x0a9c0c13) addi    s8, s8, 169
core   0: 3 0x80002e88 (0x0a9c0c13) x24 0x8001bf2d
core   0: 0x80002e8c (0x00060623) sb      zero, 12(a2)
core   0: 3 0x80002e8c (0x00060623) mem 0x800123c2 0x0
core   0: 0x80002e90 (0x02861d83) lh      s11, 40(a2)
core   0: 3 0x80002e90 (0x02861d83) x27 0xffff9495 mem 0x800123de
core   0: 0x80002e94 (0xfd4c0b23) sb      s4, -42(s8)
core   0: 3 0x80002e94 (0xfd4c0b23) mem 0x8001bf03 0x87
core   0: 0x80002e98 (0xfc1c1f83) lh      t6, -63(s8)
core   0: 3 0x80002e98 (0xfc1c1f83) x31 0xffffa4a5 mem 0x8001beee
core   0: 0x80002e9c (0xfd7c5003) lhu     zero, -41(s8)
core   0: 3 0x80002e9c (0xfd7c5003) mem 0x8001bf04
core   0: 0x80002ea0 (0xfe161b23) sh      ra, -10(a2)
core   0: 3 0x80002ea0 (0xfe161b23) mem 0x800123ac 0x2e64
core   0: 0x80002ea4 (0x008c0903) lb      s2, 8(s8)
core   0: 3 0x80002ea4 (0x008c0903) x18 0xffffffee mem 0x8001bf35
core   0: 0x80002ea8 (0xfe7c0023) sb      t2, -32(s8)
core   0: 3 0x80002ea8 (0xfe7c0023) mem 0x8001bf0d 0x51
core   0: 0x80002eac (0xff5c5e83) lhu     t4, -11(s8)
core   0: 3 0x80002eac (0xff5c5e83) x29 0x0000d8d9 mem 0x8001bf22
core   0: 0x80002eb0 (0xff764e03) lbu     t3, -9(a2)
core   0: 3 0x80002eb0 (0xff764e03) x28 0x0000002e mem 0x800123ad
core   0: 0x80002eb4 (0xff9c0423) sb      s9, -24(s8)
core   0: 3 0x80002eb4 (0xff9c0423) mem 0x8001bf15 0x49
core   0: 0x80002eb8 (0x03161723) sh      a7, 46(a2)
core   0: 3 0x80002eb8 (0x03161723) mem 0x800123e4 0x32ab
core   0: 0x80002ebc (0x02260683) lb      a3, 34(a2)
core   0: 3 0x80002ebc (0x02260683) x13 0xffffff93 mem 0x800123d8
core   0: 0x80002ec0 (0x029c0183) lb      gp, 41(s8)
core   0: 3 0x80002ec0 (0x029c0183) x 3 0x0000000d mem 0x8001bf56
core   0: 0x80002ec4 (0xfee60ca3) sb      a4, -7(a2)
core   0: 3 0x80002ec4 (0xfee60ca3) mem 0x800123af 0xfe
core   0: 0x80002ec8 (0x001c0883) lb      a7, 1(s8)
core   0: 3 0x80002ec8 (0x001c0883) x17 0xffffffe5 mem 0x8001bf2e
core   0: 0x80002ecc (0x00010497) auipc   s1, 0x10
core   0: 3 0x80002ecc (0x00010497) x 9 0x80012ecc
core   0: 0x80002ed0 (0xeb148493) addi    s1, s1, -335
core   0: 3 0x80002ed0 (0xeb148493) x 9 0x80012d7d
core   0: 0x80002ed4 (0x02748623) sb      t2, 44(s1)
core   0: 3 0x80002ed4 (0x02748623) mem 0x80012da9 0x51
core   0: 0x80002ed8 (0x02648703) lb      a4, 38(s1)
core   0: 3 0x80002ed8 (0x02648703) x14 0x00000058 mem 0x80012da3
core   0: 0x80002edc (0xbcd1e093) ori     ra, gp, -1075
core   0: 3 0x80002edc (0xbcd1e093) x 1 0xfffffbcd
core   0: 0x80002ee0 (0x01948123) sb      s9, 2(s1)
core   0: 3 0x80002ee0 (0x01948123) mem 0x80012d7f 0x49
core   0: 0x80002ee4 (0x03a48303) lb      t1, 58(s1)
core   0: 3 0x80002ee4 (0x03a48303) x 6 0x0000006c mem 0x80012db7
core   0: 0x80002ee8 (0xfca48d03) lb      s10, -54(s1)
core   0: 3 0x80002ee8 (0xfca48d03) x26 0xfffffffc mem 0x80012d47
core   0: 0x80002eec (0x001f33b3) sltu    t2, t5, ra
core   0: 3 0x80002eec (0x001f33b3) x 7 0x00000001
core   0: 0x80002ef0 (0x0004cd83) lbu     s11, 0(s1)
core   0: 3 0x80002ef0 (0x0004cd83) x27 0x00000036 mem 0x80012d7d
core   0: 0x80002ef4 (0x02248a23) sb      sp, 52(s1)
core   0: 3 0x80002ef4 (0x02248a23) mem 0x80012db1 0x48
core   0: 0x80002ef8 (0x18b57717) auipc   a4, 0x18b57
core   0: 3 0x80002ef8 (0x18b57717) x14 0x98b59ef8
core   0: 0x80002efc (0xfda48023) sb      s10, -64(s1)
core   0: 3 0x80002efc (0xfda48023) mem 0x80012d3d 0xfc
core   0: 0x80002f00 (0x41d45a13) srai    s4, s0, 29
core   0: 3 0x80002f00 (0x41d45a13) x20 0xffffffff
core   0: 0x80002f04 (0x0254d403) lhu     s0, 37(s1)
core   0: 3 0x80002f04 (0x0254d403) x 8 0x00005859 mem 0x80012da2
core   0: 0x80002f08 (0x41f10eb3) sub     t4, sp, t6
core   0: 3 0x80002f08 (0x41f10eb3) x29 0x800089a3
core   0: 0x80002f0c (0x96693793) sltiu   a5, s2, -1690
core   0: 3 0x80002f0c (0x96693793) x15 0x00000000
core   0: 0x80002f10 (0x0ff0000f) fence   iorw,iorw
core   0: 3 0x80002f10 (0x0ff0000f)
core   0: 0x80002f14 (0xfd348c23) sb      s3, -40(s1)
core   0: 3 0x80002f14 (0xfd348c23) mem 0x80012d55 0x9c
core   0: 0x80002f18 (0xa37412b7) lui     t0, 0xa3741
core   0: 3 0x80002f18 (0xa37412b7) x 5 0xa3741000
core   0: 0x80002f1c (0xfc44c103) lbu     sp, -60(s1)
core   0: 3 0x80002f1c (0xfc44c103) x 2 0x000000fe mem 0x80012d41
core   0: 0x80002f20 (0xfd648f23) sb      s6, -34(s1)
core   0: 3 0x80002f20 (0xfd648f23) mem 0x80012d5b 0x64
core   0: 0x80002f24 (0xfd14dc03) lhu     s8, -47(s1)
core   0: 3 0x80002f24 (0xfd14dc03) x24 0x00000405 mem 0x80012d4e
core   0: 0x80002f28 (0x01148f03) lb      t5, 17(s1)
core   0: 3 0x80002f28 (0x01148f03) x30 0x00000045 mem 0x80012d8e
core   0: 0x80002f2c (0x012cf733) and     a4, s9, s2
core   0: 3 0x80002f2c (0x012cf733) x14 0x00004848
core   0: 0x80002f30 (0x400d8a33) sub     s4, s11, zero
core   0: 3 0x80002f30 (0x400d8a33) x20 0x00000036
core   0: 0x80002f34 (0x0000100f) fence.i
core   0: 3 0x80002f34 (0x0000100f)
core   0: 0x80002f38 (0x02f48283) lb      t0, 47(s1)
core   0: 3 0x80002f38 (0x02f48283) x 5 0x00000067 mem 0x80012dac
core   0: 0x80002f3c (0x0ff0000f) fence   iorw,iorw
core   0: 3 0x80002f3c (0x0ff0000f)
core   0: 0x80002f40 (0xfcb48523) sb      a1, -54(s1)
core   0: 3 0x80002f40 (0xfcb48523) mem 0x80012d47 0x0
core   0: 0x80002f44 (0xfef4c903) lbu     s2, -17(s1)
core   0: 3 0x80002f44 (0xfef4c903) x18 0x00000027 mem 0x80012d6c
core   0: 0x80002f48 (0x025484a3) sb      t0, 41(s1)
core   0: 3 0x80002f48 (0x025484a3) mem 0x80012da6 0x67
core   0: 0x80002f4c (0x035490a3) sh      s5, 33(s1)
core   0: 3 0x80002f4c (0x035490a3) mem 0x80012d9e 0x2627
core   0: 0x80002f50 (0x02148583) lb      a1, 33(s1)
core   0: 3 0x80002f50 (0x02148583) x11 0x00000027 mem 0x80012d9e
core   0: 0x80002f54 (0x015a81b3) add     gp, s5, s5
core   0: 3 0x80002f54 (0x015a81b3) x 3 0x00004c4e
core   0: 0x80002f58 (0xfc74c603) lbu     a2, -57(s1)
core   0: 3 0x80002f58 (0xfc74c603) x12 0x000000ff mem 0x80012d44
core   0: 0x80002f5c (0x40c0d293) srai    t0, ra, 12
core   0: 3 0x80002f5c (0x40c0d293) x 5 0xffffffff
core   0: 0x80002f60 (0x02848e83) lb      t4, 40(s1)
core   0: 3 0x80002f60 (0x02848e83) x29 0x0000005e mem 0x80012da5
core   0: 0x80002f64 (0xfc648723) sb      t1, -50(s1)
core   0: 3 0x80002f64 (0xfc648723) mem 0x80012d4b 0x6c
core   0: 0x80002f68 (0x00dfe633) or      a2, t6, a3
core   0: 3 0x80002f68 (0x00dfe633) x12 0xffffffb7
core   0: 0x80002f6c (0x04719017) auipc   zero, 0x4719
core   0: 3 0x80002f6c (0x04719017)
core   0: 0x80002f70 (0x0154f0b3) and     ra, s1, s5
core   0: 3 0x80002f70 (0x0154f0b3) x 1 0x00002425
core   0: 0x80002f74 (0x4082dc13) srai    s8, t0, 8
core   0: 3 0x80002f74 (0x4082dc13) x24 0xffffffff
core   0: 0x80002f78 (0x00e633b3) sltu    t2, a2, a4
core   0: 3 0x80002f78 (0x00e633b3) x 7 0x00000000
core   0: 0x80002f7c (0x0344cf03) lbu     t5, 52(s1)
core   0: 3 0x80002f7c (0x0344cf03) x30 0x00000048 mem 0x80012db1
core   0: 0x80002f80 (0x0264c783) lbu     a5, 38(s1)
core   0: 3 0x80002f80 (0x0264c783) x15 0x00000058 mem 0x80012da3
core   0: 0x80002f84 (0xf4a27d17) auipc   s10, 0xf4a27
core   0: 3 0x80002f84 (0xf4a27d17) x26 0x74a29f84
core   0: 0x80002f88 (0xfd448183) lb      gp, -44(s1)
core   0: 3 0x80002f88 (0xfd448183) x 3 0x0000000a mem 0x80012d51
core   0: 0x80002f8c (0x00627833) and     a6, tp, t1
core   0: 3 0x80002f8c (0x00627833) x16 0x00000064
core   0: 0x80002f90 (0x01eee5b3) or      a1, t4, t5
core   0: 3 0x80002f90 (0x01eee5b3) x11 0x0000005e
core   0: 0x80002f94 (0x01ee9793) slli    a5, t4, 30
core   0: 3 0x80002f94 (0x01ee9793) x15 0x80000000
core   0: 0x80002f98 (0x0034ac03) lw      s8, 3(s1)
core   0: 3 0x80002f98 (0x0034ac03) x24 0x38393a3b mem 0x80012d80
core   0: 0x80002f9c (0xffd00193) li      gp, -3
core   0: 3 0x80002f9c (0xffd00193) x 3 0xfffffffd
core   0: 0x80002fa0 (0x2593bb93) sltiu   s7, t2, 601
core   0: 3 0x80002fa0 (0x2593bb93) x23 0x00000001
core   0: 0x80002fa4 (0xb94a1bb7) lui     s7, 0xb94a1
core   0: 3 0x80002fa4 (0xb94a1bb7) x23 0xb94a1000
core   0: 0x80002fa8 (0x414c0ab3) sub     s5, s8, s4
core   0: 3 0x80002fa8 (0x414c0ab3) x21 0x38393a05
core   0: 0x80002fac (0x00c00d93) li      s11, 12
core   0: 3 0x80002fac (0x00c00d93) x27 0x0000000c
core   0: 0x80002fb0 (0x17032637) lui     a2, 0x17032
core   0: 3 0x80002fb0 (0x17032637) x12 0x17032000
core   0: 0x80002fb4 (0x0128b6b3) sltu    a3, a7, s2
core   0: 3 0x80002fb4 (0x0128b6b3) x13 0x00000000
core   0: 0x80002fb8 (0x0e89f913) andi    s2, s3, 232
core   0: 3 0x80002fb8 (0x0e89f913) x18 0x00000088
core   0: 0x80002fbc (0xd63d3613) sltiu   a2, s10, -669
core   0: 3 0x80002fbc (0xd63d3613) x12 0x00000001
core   0: 0x80002fc0 (0x00a18193) addi    gp, gp, 10
core   0: 3 0x80002fc0 (0x00a18193) x 3 0x00000007
core   0: 0x80002fc4 (0x01da7933) and     s2, s4, t4
core   0: 3 0x80002fc4 (0x01da7933) x18 0x00000016
core   0: 0x80002fc8 (0x7fc4f913) andi    s2, s1, 2044
core   0: 3 0x80002fc8 (0x7fc4f913) x18 0x0000057c
core   0: 0x80002fcc (0x01189933) sll     s2, a7, a7
core   0: 3 0x80002fcc (0x01189933) x18 0xfffffca0
core   0: 0x80002fd0 (0x01e29eb3) sll     t4, t0, t5
core   0: 3 0x80002fd0 (0x01e29eb3) x29 0xffffff00
core   0: 0x80002fd4 (0x00d877b3) and     a5, a6, a3
core   0: 3 0x80002fd4 (0x00d877b3) x15 0x00000000
core   0: 0x80002fd8 (0xffb1e0e3) bltu    gp, s11, pc - 32
core   0: 3 0x80002fd8 (0xffb1e0e3)
core   0: 0x80002fb8 (0x0e89f913) andi    s2, s3, 232
core   0: 3 0x80002fb8 (0x0e89f913) x18 0x00000088
core   0: 0x80002fbc (0xd63d3613) sltiu   a2, s10, -669
core   0: 3 0x80002fbc (0xd63d3613) x12 0x00000001
core   0: 0x80002fc0 (0x00a18193) addi    gp, gp, 10
core   0: 3 0x80002fc0 (0x00a18193) x 3 0x00000011
core   0: 0x80002fc4 (0x01da7933) and     s2, s4, t4
core   0: 3 0x80002fc4 (0x01da7933) x18 0x00000000
core   0: 0x80002fc8 (0x7fc4f913) andi    s2, s1, 2044
core   0: 3 0x80002fc8 (0x7fc4f913) x18 0x0000057c
core   0: 0x80002fcc (0x01189933) sll     s2, a7, a7
core   0: 3 0x80002fcc (0x01189933) x18 0xfffffca0
core   0: 0x80002fd0 (0x01e29eb3) sll     t4, t0, t5
core   0: 3 0x80002fd0 (0x01e29eb3) x29 0xffffff00
core   0: 0x80002fd4 (0x00d877b3) and     a5, a6, a3
core   0: 3 0x80002fd4 (0x00d877b3) x15 0x00000000
core   0: 0x80002fd8 (0xffb1e0e3) bltu    gp, s11, pc - 32
core   0: 3 0x80002fd8 (0xffb1e0e3)
core   0: 0x80002fdc (0x0125f4b3) and     s1, a1, s2
core   0: 3 0x80002fdc (0x0125f4b3) x 9 0x00000000
core   0: 0x80002fe0 (0x0000f117) auipc   sp, 0xf
core   0: 3 0x80002fe0 (0x0000f117) x 2 0x80011fe0
core   0: 0x80002fe4 (0x56b10113) addi    sp, sp, 1387
core   0: 3 0x80002fe4 (0x56b10113) x 2 0x8001254b
core   0: 0x80002fe8 (0x0de10c03) lb      s8, 222(sp)
core   0: 3 0x80002fe8 (0x0de10c03) x24 0xffffffe2 mem 0x80012629
core   0: 0x80002fec (0xf3b10923) sb      s11, -206(sp)
core   0: 3 0x80002fec (0xf3b10923) mem 0x8001247d 0xc
core   0: 0x80002ff0 (0xf4c14e83) lbu     t4, -180(sp)
core   0: 3 0x80002ff0 (0xf4c14e83) x29 0x0000004c mem 0x80012497
core   0: 0x80002ff4 (0x00cd9013) slli    zero, s11, 12
core   0: 3 0x80002ff4 (0x00cd9013)
core   0: 0x80002ff8 (0x417e50b3) sra     ra, t3, s7
core   0: 3 0x80002ff8 (0x417e50b3) x 1 0x0000002e
core   0: 0x80002ffc (0x01ae7d33) and     s10, t3, s10
core   0: 3 0x80002ffc (0x01ae7d33) x26 0x00000004
core   0: 0x80003000 (0x0080b3b3) sltu    t2, ra, s0
core   0: 3 0x80003000 (0x0080b3b3) x 7 0x00000001
core   0: 0x80003004 (0xfc6106a3) sb      t1, -51(sp)
core   0: 3 0x80003004 (0xfc6106a3) mem 0x80012518 0x6c
core   0: 0x80003008 (0xf4e11fa3) sh      a4, -161(sp)
core   0: 3 0x80003008 (0xf4e11fa3) mem 0x800124aa 0x4848
core   0: 0x8000300c (0x06510083) lb      ra, 101(sp)
core   0: 3 0x8000300c (0x06510083) x 1 0x0000006b mem 0x800125b0
core   0: 0x80003010 (0x41355c13) srai    s8, a0, 19
core   0: 3 0x80003010 (0x41355c13) x24 0x00000000
core   0: 0x80003014 (0x00000013) nop
core   0: 3 0x80003014 (0x00000013)
core   0: 0x80003018 (0x00ccd7b3) srl     a5, s9, a2
core   0: 3 0x80003018 (0x00ccd7b3) x15 0x00002424
core   0: 0x8000301c (0x0000100f) fence.i
core   0: 3 0x8000301c (0x0000100f)
core   0: 0x80003020 (0x07f15d03) lhu     s10, 127(sp)
core   0: 3 0x80003020 (0x07f15d03) x26 0x00008081 mem 0x800125ca
core   0: 0x80003024 (0xf2614683) lbu     a3, -218(sp)
core   0: 3 0x80003024 (0xf2614683) x13 0x000000e4 mem 0x80012471
core   0: 0x80003028 (0xbd24ed93) ori     s11, s1, -1070
core   0: 3 0x80003028 (0xbd24ed93) x27 0xfffffbd2
core   0: 0x8000302c (0xf8410503) lb      a0, -124(sp)
core   0: 3 0x8000302c (0xf8410503) x10 0xffffff84 mem 0x800124cf
core   0: 0x80003030 (0x00000013) nop
core   0: 3 0x80003030 (0x00000013)
core   0: 0x80003034 (0x016f4333) xor     t1, t5, s6
core   0: 3 0x80003034 (0x016f4333) x 6 0x80027e2c
core   0: 0x80003038 (0x0bf14003) lbu     zero, 191(sp)
core   0: 3 0x80003038 (0x0bf14003) mem 0x8001260a
core   0: 0x8000303c (0x401581b3) sub     gp, a1, ra
core   0: 3 0x8000303c (0x401581b3) x 3 0xfffffff3
core   0: 0x80003040 (0xfd1126a3) sw      a7, -51(sp)
core   0: 3 0x80003040 (0xfd1126a3) mem 0x80012518 0xffffffe5
core   0: 0x80003044 (0x03c10623) sb      t3, 44(sp)
core   0: 3 0x80003044 (0x03c10623) mem 0x80012577 0x2e
core   0: 0x80003048 (0x09e1f293) andi    t0, gp, 158
core   0: 3 0x80003048 (0x09e1f293) x 5 0x00000092
core   0: 0x8000304c (0xddb00a13) li      s4, -549
core   0: 3 0x8000304c (0xddb00a13) x20 0xfffffddb
core   0: 0x80003050 (0xb07ccb93) xori    s7, s9, -1273
core   0: 3 0x80003050 (0xb07ccb93) x23 0xffffb34e
core   0: 0x80003054 (0x0a512e83) lw      t4, 165(sp)
core   0: 3 0x80003054 (0x0a512e83) x29 0xa8a9aaab mem 0x800125f0
core   0: 0x80003058 (0x04b15803) lhu     a6, 75(sp)
core   0: 3 0x80003058 (0x04b15803) x16 0x00004c4d mem 0x80012596
core   0: 0x8000305c (0x00dee933) or      s2, t4, a3
core   0: 3 0x8000305c (0x00dee933) x18 0xa8a9aaef
core   0: 0x80003060 (0x00000013) nop
core   0: 3 0x80003060 (0x00000013)
core   0: 0x80003064 (0x0ee10da3) sb      a4, 251(sp)
core   0: 3 0x80003064 (0x0ee10da3) mem 0x80012646 0x48
core   0: 0x80003068 (0x00000013) nop
core   0: 3 0x80003068 (0x00000013)
core   0: 0x8000306c (0xf3a11ba3) sh      s10, -201(sp)
core   0: 3 0x8000306c (0xf3a11ba3) mem 0x80012482 0x8081
core   0: 0x80003070 (0x009128a3) sw      s1, 17(sp)
core   0: 3 0x80003070 (0x009128a3) mem 0x8001255c 0x00000000
core   0: 0x80003074 (0x0180036f) jal     t1, pc + 0x18
core   0: 3 0x80003074 (0x0180036f) x 6 0x80003078
core   0: 0x8000308c (0xfedff16f) jal     sp, pc - 0x14
core   0: 3 0x8000308c (0xfedff16f) x 2 0x80003090
core   0: 0x80003078 (0x04800cef) jal     s9, pc + 0x48
core   0: 3 0x80003078 (0x04800cef) x25 0x8000307c
core   0: 0x800030c0 (0xfc5ff0ef) jal     pc - 0x3c
core   0: 3 0x800030c0 (0xfc5ff0ef) x 1 0x800030c4
core   0: 0x80003084 (0xff9ff0ef) jal     pc - 0x8
core   0: 3 0x80003084 (0xff9ff0ef) x 1 0x80003088
core   0: 0x8000307c (0x04c0066f) jal     a2, pc + 0x4c
core   0: 3 0x8000307c (0x04c0066f) x12 0x80003080
core   0: 0x800030c8 (0xfcdff36f) jal     t1, pc - 0x34
core   0: 3 0x800030c8 (0xfcdff36f) x 6 0x800030cc
core   0: 0x80003094 (0x00c001ef) jal     gp, pc + 0xc
core   0: 3 0x80003094 (0x00c001ef) x 3 0x80003098
core   0: 0x800030a0 (0x0080036f) jal     t1, pc + 0x8
core   0: 3 0x800030a0 (0x0080036f) x 6 0x800030a4
core   0: 0x800030a8 (0xfe1ff7ef) jal     a5, pc - 0x20
core   0: 3 0x800030a8 (0xfe1ff7ef) x15 0x800030ac
core   0: 0x80003088 (0xff9ff2ef) jal     t0, pc - 0x8
core   0: 3 0x80003088 (0xff9ff2ef) x 5 0x8000308c
core   0: 0x80003080 (0x034000ef) jal     pc + 0x34
core   0: 3 0x80003080 (0x034000ef) x 1 0x80003084
core   0: 0x800030b4 (0xff9ff0ef) jal     pc - 0x8
core   0: 3 0x800030b4 (0xff9ff0ef) x 1 0x800030b8
core   0: 0x800030ac (0xfe5ff0ef) jal     pc - 0x1c
core   0: 3 0x800030ac (0xfe5ff0ef) x 1 0x800030b0
core   0: 0x80003090 (0x0140036f) jal     t1, pc + 0x14
core   0: 3 0x80003090 (0x0140036f) x 6 0x80003094
core   0: 0x800030a4 (0x020000ef) jal     pc + 0x20
core   0: 3 0x800030a4 (0x020000ef) x 1 0x800030a8
core   0: 0x800030c4 (0xfd9ff36f) jal     t1, pc - 0x28
core   0: 3 0x800030c4 (0xfd9ff36f) x 6 0x800030c8
core   0: 0x8000309c (0xffdff0ef) jal     pc - 0x4
core   0: 3 0x8000309c (0xffdff0ef) x 1 0x800030a0
core   0: 0x80003098 (0x0200036f) jal     t1, pc + 0x20
core   0: 3 0x80003098 (0x0200036f) x 6 0x8000309c
core   0: 0x800030b8 (0x0040036f) jal     t1, pc + 0x4
core   0: 3 0x800030b8 (0x0040036f) x 6 0x800030bc
core   0: 0x800030bc (0xff5ff36f) jal     t1, pc - 0xc
core   0: 3 0x800030bc (0xff5ff36f) x 6 0x800030c0
core   0: 0x800030b0 (0x01c0036f) jal     t1, pc + 0x1c
core   0: 3 0x800030b0 (0x01c0036f) x 6 0x800030b4
core   0: 0x800030cc (0xdddf1537) lui     a0, 0xdddf1
core   0: 3 0x800030cc (0xdddf1537) x10 0xdddf1000
core   0: 0x800030d0 (0x0001bc97) auipc   s9, 0x1b
core   0: 3 0x800030d0 (0x0001bc97) x25 0x8001e0d0
core   0: 0x800030d4 (0x2fec8c93) addi    s9, s9, 766
core   0: 3 0x800030d4 (0x2fec8c93) x25 0x8001e3ce
core   0: 0x800030d8 (0xfd1cab23) sw      a7, -42(s9)
core   0: 3 0x800030d8 (0xfd1cab23) mem 0x8001e3a4 0xffffffe5
core   0: 0x800030dc (0x0001bd97) auipc   s11, 0x1b
core   0: 3 0x800030dc (0x0001bd97) x27 0x8001e0dc
core   0: 0x800030e0 (0xd63d8d93) addi    s11, s11, -669
core   0: 3 0x800030e0 (0xd63d8d93) x27 0x8001de3f
core   0: 0x800030e4 (0xff9c9023) sh      s9, -32(s9)
core   0: 3 0x800030e4 (0xff9c9023) mem 0x8001e3ae 0xe3ce
core   0: 0x800030e8 (0x00014c17) auipc   s8, 0x14
core   0: 3 0x800030e8 (0x00014c17) x24 0x800170e8
core   0: 0x800030ec (0x695c0c13) addi    s8, s8, 1685
core   0: 3 0x800030ec (0x695c0c13) x24 0x8001777d
core   0: 0x800030f0 (0x010c4383) lbu     t2, 16(s8)
core   0: 3 0x800030f0 (0x010c4383) x 7 0x00000046 mem 0x8001778d
core   0: 0x800030f4 (0x006c0623) sb      t1, 12(s8)
core   0: 3 0x800030f4 (0x006c0623) mem 0x80017789 0xb4
core   0: 0x800030f8 (0x020c8da3) sb      zero, 59(s9)
core   0: 3 0x800030f8 (0x020c8da3) mem 0x8001e409 0x0
core   0: 0x800030fc (0x010dc303) lbu     t1, 16(s11)
core   0: 3 0x800030fc (0x010dc303) x 6 0x00000004 mem 0x8001de4f
core   0: 0x80003100 (0x002ccd03) lbu     s10, 2(s9)
core   0: 3 0x80003100 (0x002ccd03) x26 0x0000008b mem 0x8001e3d0
core   0: 0x80003104 (0x0001da17) auipc   s4, 0x1d
core   0: 3 0x80003104 (0x0001da17) x20 0x80020104
core   0: 0x80003108 (0xc67a0a13) addi    s4, s4, -921
core   0: 3 0x80003108 (0xc67a0a13) x20 0x8001fd6b
core   0: 0x8000310c (0xff0d8ca3) sb      a6, -7(s11)
core   0: 3 0x8000310c (0xff0d8ca3) mem 0x8001de38 0x4d
core   0: 0x80003110 (0xfdccc283) lbu     t0, -36(s9)
core   0: 3 0x80003110 (0xfdccc283) x 5 0x00000061 mem 0x8001e3aa
core   0: 0x80003114 (0xfeba1b83) lh      s7, -21(s4)
core   0: 3 0x80003114 (0xfeba1b83) x23 0x00000c0d mem 0x8001fd56
core   0: 0x80003118 (0xff5a1f83) lh      t6, -11(s4)
core   0: 3 0x80003118 (0xff5a1f83) x31 0x00001a1b mem 0x8001fd60
core   0: 0x8000311c (0x013c0723) sb      s3, 14(s8)
core   0: 3 0x8000311c (0x013c0723) mem 0x8001778b 0x9c
core   0: 0x80003120 (0x018a1fa3) sh      s8, 31(s4)
core   0: 3 0x80003120 (0x018a1fa3) mem 0x8001fd8a 0x777d
core   0: 0x80003124 (0xff1cc883) lbu     a7, -15(s9)
core   0: 3 0x80003124 (0xff1cc883) x17 0x00000074 mem 0x8001e3bf
core   0: 0x80003128 (0x00ed8a83) lb      s5, 14(s11)
core   0: 3 0x80003128 (0x00ed8a83) x21 0x00000006 mem 0x8001de4d
core   0: 0x8000312c (0xfd9a0823) sb      s9, -48(s4)
core   0: 3 0x8000312c (0xfd9a0823) mem 0x8001fd3b 0xce
core   0: 0x80003130 (0xffccdf03) lhu     t5, -4(s9)
core   0: 3 0x80003130 (0xffccdf03) x30 0x00008081 mem 0x8001e3ca
core   0: 0x80003134 (0xff4d8883) lb      a7, -12(s11)
core   0: 3 0x80003134 (0xff4d8883) x17 0xffffffe8 mem 0x8001de33
core   0: 0x80003138 (0x013d86a3) sb      s3, 13(s11)
core   0: 3 0x80003138 (0x013d86a3) mem 0x8001de4c 0x9c
core   0: 0x8000313c (0x001da883) lw      a7, 1(s11)
core   0: 3 0x8000313c (0x001da883) x17 0xf8f9fafb mem 0x8001de40
core   0: 0x80003140 (0xff5a0e83) lb      t4, -11(s4)
core   0: 3 0x80003140 (0xff5a0e83) x29 0x0000001b mem 0x8001fd60
core   0: 0x80003144 (0x01cccf83) lbu     t6, 28(s9)
core   0: 3 0x80003144 (0x01cccf83) x31 0x000000a1 mem 0x8001e3ea
core   0: 0x80003148 (0x019a13a3) sh      s9, 7(s4)
core   0: 3 0x80003148 (0x019a13a3) mem 0x8001fd72 0xe3ce
core   0: 0x8000314c (0xffbc9423) sh      s11, -24(s9)
core   0: 3 0x8000314c (0xffbc9423) mem 0x8001e3b6 0xde3f
core   0: 0x80003150 (0x01ada6a3) sw      s10, 13(s11)
core   0: 3 0x80003150 (0x01ada6a3) mem 0x8001de4c 0x0000008b
core   0: 0x80003154 (0x022a4303) lbu     t1, 34(s4)
core   0: 3 0x80003154 (0x022a4303) x 6 0x00000046 mem 0x8001fd8d
core   0: 0x80003158 (0x00ec07a3) sb      a4, 15(s8)
core   0: 3 0x80003158 (0x00ec07a3) mem 0x8001778c 0x48
core   0: 0x8000315c (0x009d9283) lh      t0, 9(s11)
core   0: 3 0x8000315c (0x009d9283) x 5 0x00000203 mem 0x8001de48
core   0: 0x80003160 (0xfe0c9f83) lh      t6, -32(s9)
core   0: 3 0x80003160 (0xfe0c9f83) x31 0xffffe3ce mem 0x8001e3ae
core   0: 0x80003164 (0xfc7a4783) lbu     a5, -57(s4)
core   0: 3 0x80003164 (0xfc7a4783) x15 0x000000e9 mem 0x8001fd32
core   0: 0x80003168 (0x002c4303) lbu     t1, 2(s8)
core   0: 3 0x80003168 (0x002c4303) x 6 0x00000034 mem 0x8001777f
core   0: 0x8000316c (0x03ea0e03) lb      t3, 62(s4)
core   0: 3 0x8000316c (0x03ea0e03) x28 0x00000062 mem 0x8001fda9
core   0: 0x80003170 (0xff1d9f83) lh      t6, -15(s11)
core   0: 3 0x80003170 (0xff1d9f83) x31 0xffffeaeb mem 0x8001de30
core   0: 0x80003174 (0x0380036f) jal     t1, pc + 0x38
core   0: 3 0x80003174 (0x0380036f) x 6 0x80003178
core   0: 0x800031ac (0xfd5ff16f) jal     sp, pc - 0x2c
core   0: 3 0x800031ac (0xfd5ff16f) x 2 0x800031b0
core   0: 0x80003180 (0x030000ef) jal     pc + 0x30
core   0: 3 0x80003180 (0x030000ef) x 1 0x80003184
core   0: 0x800031b0 (0x03400bef) jal     s7, pc + 0x34
core   0: 3 0x800031b0 (0x03400bef) x23 0x800031b4
core   0: 0x800031e4 (0xfb1ff0ef) jal     pc - 0x50
core   0: 3 0x800031e4 (0xfb1ff0ef) x 1 0x800031e8
core   0: 0x80003194 (0x024000ef) jal     pc + 0x24
core   0: 3 0x80003194 (0x024000ef) x 1 0x80003198
core   0: 0x800031b8 (0x01c00d6f) jal     s10, pc + 0x1c
core   0: 3 0x800031b8 (0x01c00d6f) x26 0x800031bc
core   0: 0x800031d4 (0xfb9ff66f) jal     a2, pc - 0x48
core   0: 3 0x800031d4 (0xfb9ff66f) x12 0x800031d8
core   0: 0x8000318c (0x05400f6f) jal     t5, pc + 0x54
core   0: 3 0x8000318c (0x05400f6f) x30 0x80003190
core   0: 0x800031e0 (0xfbdff0ef) jal     pc - 0x44
core   0: 3 0x800031e0 (0xfbdff0ef) x 1 0x800031e4
core   0: 0x8000319c (0x00c0036f) jal     t1, pc + 0xc
core   0: 3 0x8000319c (0x00c0036f) x 6 0x800031a0
core   0: 0x800031a8 (0x014000ef) jal     pc + 0x14
core   0: 3 0x800031a8 (0x014000ef) x 1 0x800031ac
core   0: 0x800031bc (0xfc1ff0ef) jal     pc - 0x40
core   0: 3 0x800031bc (0xfc1ff0ef) x 1 0x800031c0
core   0: 0x8000317c (0x01c002ef) jal     t0, pc + 0x1c
core   0: 3 0x8000317c (0x01c002ef) x 5 0x80003180
core   0: 0x80003198 (0x00c0036f) jal     t1, pc + 0xc
core   0: 3 0x80003198 (0x00c0036f) x 6 0x8000319c
core   0: 0x800031a4 (0x02800d6f) jal     s10, pc + 0x28
core   0: 3 0x800031a4 (0x02800d6f) x26 0x800031a8
core   0: 0x800031cc (0x01000bef) jal     s7, pc + 0x10
core   0: 3 0x800031cc (0x01000bef) x23 0x800031d0
core   0: 0x800031dc (0xfb5ff0ef) jal     pc - 0x4c
core   0: 3 0x800031dc (0xfb5ff0ef) x 1 0x800031e0
core   0: 0x80003190 (0xfe9ff0ef) jal     pc - 0x18
core   0: 3 0x80003190 (0xfe9ff0ef) x 1 0x80003194
core   0: 0x80003178 (0x010000ef) jal     pc + 0x10
core   0: 3 0x80003178 (0x010000ef) x 1 0x8000317c
core   0: 0x80003188 (0x0600036f) jal     t1, pc + 0x60
core   0: 3 0x80003188 (0x0600036f) x 6 0x8000318c
core   0: 0x800031e8 (0xfcdff36f) jal     t1, pc - 0x34
core   0: 3 0x800031e8 (0xfcdff36f) x 6 0x800031ec
core   0: 0x800031b4 (0xfd1ff0ef) jal     pc - 0x30
core   0: 3 0x800031b4 (0xfd1ff0ef) x 1 0x800031b8
core   0: 0x80003184 (0x04c00fef) jal     t6, pc + 0x4c
core   0: 3 0x80003184 (0x04c00fef) x31 0x80003188
core   0: 0x800031d0 (0xff9ff66f) jal     a2, pc - 0x8
core   0: 3 0x800031d0 (0xff9ff66f) x12 0x800031d4
core   0: 0x800031c8 (0xfd9ff76f) jal     a4, pc - 0x28
core   0: 3 0x800031c8 (0xfd9ff76f) x14 0x800031cc
core   0: 0x800031a0 (0x038000ef) jal     pc + 0x38
core   0: 3 0x800031a0 (0x038000ef) x 1 0x800031a4
core   0: 0x800031d8 (0xfedffe6f) jal     t3, pc - 0x14
core   0: 3 0x800031d8 (0xfedffe6f) x28 0x800031dc
core   0: 0x800031c4 (0xffdff0ef) jal     pc - 0x4
core   0: 3 0x800031c4 (0xffdff0ef) x 1 0x800031c8
core   0: 0x800031c0 (0x02c000ef) jal     pc + 0x2c
core   0: 3 0x800031c0 (0x02c000ef) x 1 0x800031c4
core   0: 0x800031ec (0x0ff0000f) fence   iorw,iorw
core   0: 3 0x800031ec (0x0ff0000f)
core   0: 0x800031f0 (0x00017117) auipc   sp, 0x17
core   0: 3 0x800031f0 (0x00017117) x 2 0x8001a1f0
core   0: 0x800031f4 (0x6ad10113) addi    sp, sp, 1709
core   0: 3 0x800031f4 (0x6ad10113) x 2 0x8001a89d
core   0: 0x800031f8 (0x0c210b83) lb      s7, 194(sp)
core   0: 3 0x800031f8 (0x0c210b83) x23 0x00000014 mem 0x8001a95f
core   0: 0x800031fc (0x0c214903) lbu     s2, 194(sp)
core   0: 3 0x800031fc (0x0c214903) x18 0x00000014 mem 0x8001a95f
core   0: 0x80003200 (0x0c214083) lbu     ra, 194(sp)
core   0: 3 0x80003200 (0x0c214083) x 1 0x00000014 mem 0x8001a95f
core   0: 0x80003204 (0x41ff03b3) sub     t2, t5, t6
core   0: 3 0x80003204 (0x41ff03b3) x 7 0x00000008
core   0: 0x80003208 (0x0d810123) sb      s8, 194(sp)
core   0: 3 0x80003208 (0x0d810123) mem 0x8001a95f 0x7d
core   0: 0x8000320c (0xfd911f83) lh      t6, -39(sp)
core   0: 3 0x8000320c (0xfd911f83) x31 0x00002c2d mem 0x8001a876
core   0: 0x80003210 (0xfd915583) lhu     a1, -39(sp)
core   0: 3 0x80003210 (0xfd915583) x11 0x00002c2d mem 0x8001a876
core   0: 0x80003214 (0xfd911a03) lh      s4, -39(sp)
core   0: 3 0x80003214 (0xfd911a03) x20 0x00002c2d mem 0x8001a876
core   0: 0x80003218 (0xfd910483) lb      s1, -39(sp)
core   0: 3 0x80003218 (0xfd910483) x 9 0x0000002d mem 0x8001a876
core   0: 0x8000321c (0xfd911283) lh      t0, -39(sp)
core   0: 3 0x8000321c (0xfd911283) x 5 0x00002c2d mem 0x8001a876
core   0: 0x80003220 (0xfd914083) lbu     ra, -39(sp)
core   0: 3 0x80003220 (0xfd914083) x 1 0x0000002d mem 0x8001a876
core   0: 0x80003224 (0xfd914b83) lbu     s7, -39(sp)
core   0: 3 0x80003224 (0xfd914b83) x23 0x0000002d mem 0x8001a876
core   0: 0x80003228 (0x00010097) auipc   ra, 0x10
core   0: 3 0x80003228 (0x00010097) x 1 0x80013228
core   0: 0x8000322c (0xcd608093) addi    ra, ra, -810
core   0: 3 0x8000322c (0xcd608093) x 1 0x80012efe
core   0: 0x80003230 (0x84209183) lh      gp, -1982(ra)
core   0: 3 0x80003230 (0x84209183) x 3 0xfffffafb mem 0x80012740
core   0: 0x80003234 (0xabd08f03) lb      t5, -1347(ra)
core   0: 3 0x80003234 (0xabd08f03) x30 0x00000070 mem 0x800129bb
core   0: 0x80003238 (0x0fe0a783) lw      a5, 254(ra)
core   0: 3 0x80003238 (0x0fe0a783) x15 0xb4b5b6b7 mem 0x80012ffc
core   0: 0x8000323c (0x007ffeb3) and     t4, t6, t2
core   0: 3 0x8000323c (0x007ffeb3) x29 0x00000008
core   0: 0x80003240 (0x01fb5813) srli    a6, s6, 31
core   0: 3 0x80003240 (0x01fb5813) x16 0x00000001
core   0: 0x80003244 (0x55f14793) xori    a5, sp, 1375
core   0: 3 0x80003244 (0x55f14793) x15 0x8001adc2
core   0: 0x80003248 (0xb0008923) sb      zero, -1262(ra)
core   0: 3 0x80003248 (0xb0008923) mem 0x80012a10 0x0
core   0: 0x8000324c (0xee5089a3) sb      t0, -269(ra)
core   0: 3 0x8000324c (0xee5089a3) mem 0x80012df1 0x2d
core   0: 0x80003250 (0xebb0cf03) lbu     t5, -325(ra)
core   0: 3 0x80003250 (0xebb0cf03) x30 0x00000072 mem 0x80012db9
core   0: 0x80003254 (0xc7708323) sb      s7, -922(ra)
core   0: 3 0x80003254 (0xc7708323) mem 0x80012b64 0x2d
core   0: 0x80003258 (0xc660d383) lhu     t2, -922(ra)
core   0: 3 0x80003258 (0xc660d383) x 7 0x00001e2d mem 0x80012b64
core   0: 0x8000325c (0x81409a03) lh      s4, -2028(ra)
core   0: 3 0x8000325c (0x81409a03) x20 0xffffc8c9 mem 0x80012712
core   0: 0x80003260 (0xead0c583) lbu     a1, -339(ra)
core   0: 3 0x80003260 (0xead0c583) x11 0x00000060 mem 0x80012dab
core   0: 0x80003264 (0xeaf086a3) sb      a5, -339(ra)
core   0: 3 0x80003264 (0xeaf086a3) mem 0x80012dab 0xc2
core   0: 0x80003268 (0xa7e0d883) lhu     a7, -1410(ra)
core   0: 3 0x80003268 (0xa7e0d883) x17 0x00003637 mem 0x8001297c
core   0: 0x8000326c (0xb070c903) lbu     s2, -1273(ra)
core   0: 3 0x8000326c (0xb070c903) x18 0x000000be mem 0x80012a05
core   0: 0x80003270 (0x0240036f) jal     t1, pc + 0x24
core   0: 3 0x80003270 (0x0240036f) x 6 0x80003274
core   0: 0x80003294 (0xfe9ff0ef) jal     pc - 0x18
core   0: 3 0x80003294 (0xfe9ff0ef) x 1 0x80003298
core   0: 0x8000327c (0x00c0036f) jal     t1, pc + 0xc
core   0: 3 0x8000327c (0x00c0036f) x 6 0x80003280
core   0: 0x80003288 (0x014006ef) jal     a3, pc + 0x14
core   0: 3 0x80003288 (0x014006ef) x13 0x8000328c
core   0: 0x8000329c (0xff5ff3ef) jal     t2, pc - 0xc
core   0: 3 0x8000329c (0xff5ff3ef) x 7 0x800032a0
core   0: 0x80003290 (0x0200036f) jal     t1, pc + 0x20
core   0: 3 0x80003290 (0x0200036f) x 6 0x80003294
core   0: 0x800032b0 (0xfddff0ef) jal     pc - 0x24
core   0: 3 0x800032b0 (0xfddff0ef) x 1 0x800032b4
core   0: 0x8000328c (0x020000ef) jal     pc + 0x20
core   0: 3 0x8000328c (0x020000ef) x 1 0x80003290
core   0: 0x800032ac (0xfd9ff2ef) jal     t0, pc - 0x28
core   0: 3 0x800032ac (0xfd9ff2ef) x 5 0x800032b0
core   0: 0x80003284 (0xffdff36f) jal     t1, pc - 0x4
core   0: 3 0x80003284 (0xffdff36f) x 6 0x80003288
core   0: 0x80003280 (0xff5ff36f) jal     t1, pc - 0xc
core   0: 3 0x80003280 (0xff5ff36f) x 6 0x80003284
core   0: 0x80003274 (0x02c000ef) jal     pc + 0x2c
core   0: 3 0x80003274 (0x02c000ef) x 1 0x80003278
core   0: 0x800032a0 (0x0080036f) jal     t1, pc + 0x8
core   0: 3 0x800032a0 (0x0080036f) x 6 0x800032a4
core   0: 0x800032a8 (0xffdff0ef) jal     pc - 0x4
core   0: 3 0x800032a8 (0xffdff0ef) x 1 0x800032ac
core   0: 0x800032a4 (0xfd5ff0ef) jal     pc - 0x2c
core   0: 3 0x800032a4 (0xfd5ff0ef) x 1 0x800032a8
core   0: 0x80003278 (0x0200066f) jal     a2, pc + 0x20
core   0: 3 0x80003278 (0x0200066f) x12 0x8000327c
core   0: 0x80003298 (0x01c00eef) jal     t4, pc + 0x1c
core   0: 3 0x80003298 (0x01c00eef) x29 0x8000329c
core   0: 0x800032b4 (0x00e98333) add     t1, s3, a4
core   0: 3 0x800032b4 (0x00e98333) x 6 0x7e651e68
core   0: 0x800032b8 (0x00017117) auipc   sp, 0x17
core   0: 3 0x800032b8 (0x00017117) x 2 0x8001a2b8
core   0: 0x800032bc (0x1c210113) addi    sp, sp, 450
core   0: 3 0x800032bc (0x1c210113) x 2 0x8001a47a
core   0: 0x800032c0 (0x8e610aa3) sb      t1, -1803(sp)
core   0: 3 0x800032c0 (0x8e610aa3) mem 0x80019d6f 0x68
core   0: 0x800032c4 (0x49ffe813) ori     a6, t6, 1183
core   0: 3 0x800032c4 (0x49ffe813) x16 0x00002cbf
core   0: 0x800032c8 (0x186eff93) andi    t6, t4, 390
core   0: 3 0x800032c8 (0x186eff93) x31 0x00000084
core   0: 0x800032cc (0xb3b10283) lb      t0, -1221(sp)
core   0: 3 0x800032cc (0xb3b10283) x 5 0x0000006e mem 0x80019fb5
core   0: 0x800032d0 (0xad310f03) lb      t5, -1325(sp)
core   0: 3 0x800032d0 (0xad310f03) x30 0x00000006 mem 0x80019f4d
core   0: 0x800032d4 (0x34c11a03) lh      s4, 844(sp)
core   0: 3 0x800032d4 (0x34c11a03) x20 0x00007c7d mem 0x8001a7c6
core   0: 0x800032d8 (0x9f210423) sb      s2, -1560(sp)
core   0: 3 0x800032d8 (0x9f210423) mem 0x80019e62 0xbe
core   0: 0x800032dc (0x98a10fa3) sb      a0, -1633(sp)
core   0: 3 0x800032dc (0x98a10fa3) mem 0x80019e19 0x0
core   0: 0x800032e0 (0x7dd00d13) li      s10, 2013
core   0: 3 0x800032e0 (0x7dd00d13) x26 0x000007dd
core   0: 0x800032e4 (0x7eb10c23) sb      a1, 2040(sp)
core   0: 3 0x800032e4 (0x7eb10c23) mem 0x8001ac72 0x60
core   0: 0x800032e8 (0x02310b83) lb      s7, 35(sp)
core   0: 3 0x800032e8 (0x02310b83) x23 0x00000056 mem 0x8001a49d
core   0: 0x800032ec (0x7ea88f93) addi    t6, a7, 2026
core   0: 3 0x800032ec (0x7ea88f93) x31 0x00003e21
core   0: 0x800032f0 (0x2e024f13) xori    t5, tp, 736
core   0: 3 0x800032f0 (0x2e024f13) x30 0x8002be04
core   0: 0x800032f4 (0xd8015183) lhu     gp, -640(sp)
core   0: 3 0x800032f4 (0xd8015183) x 3 0x000000b1 mem 0x8001a1fa
core   0: 0x800032f8 (0xbdffa193) slti    gp, t6, -1057
core   0: 3 0x800032f8 (0xbdffa193) x 3 0x00000000
core   0: 0x800032fc (0xfd314303) lbu     t1, -45(sp)
core   0: 3 0x800032fc (0xfd314303) x 6 0x00000006 mem 0x8001a44d
core   0: 0x80003300 (0x0000100f) fence.i
core   0: 3 0x80003300 (0x0000100f)
core   0: 0x80003304 (0xc6d14303) lbu     t1, -915(sp)
core   0: 3 0x80003304 (0xc6d14303) x 6 0x0000009c mem 0x8001a0e7
core   0: 0x80003308 (0x76514903) lbu     s2, 1893(sp)
core   0: 3 0x80003308 (0x76514903) x18 0x00000094 mem 0x8001abdf
core   0: 0x8000330c (0x4f910883) lb      a7, 1273(sp)
core   0: 3 0x8000330c (0x4f910883) x17 0x00000028 mem 0x8001a973
core   0: 0x80003310 (0xd1215903) lhu     s2, -750(sp)
core   0: 3 0x80003310 (0xd1215903) x18 0x00004647 mem 0x8001a18c
core   0: 0x80003314 (0xc2d14c83) lbu     s9, -979(sp)
core   0: 3 0x80003314 (0xc2d14c83) x25 0x0000005c mem 0x8001a0a7
core   0: 0x80003318 (0x18e10ba3) sb      a4, 407(sp)
core   0: 3 0x80003318 (0x18e10ba3) mem 0x8001a611 0xcc
core   0: 0x8000331c (0x41698033) sub     zero, s3, s6
core   0: 3 0x8000331c (0x41698033)
core   0: 0x80003320 (0x49314b83) lbu     s7, 1171(sp)
core   0: 3 0x80003320 (0x49314b83) x23 0x000000c6 mem 0x8001a90d
core   0: 0x80003324 (0xc5810a23) sb      s8, -940(sp)
core   0: 3 0x80003324 (0xc5810a23) mem 0x8001a0ce 0x7d
core   0: 0x80003328 (0x35510e03) lb      t3, 853(sp)
core   0: 3 0x80003328 (0x35510e03) x28 0xffffff84 mem 0x8001a7cf
core   0: 0x8000332c (0x0a414603) lbu     a2, 164(sp)
core   0: 3 0x8000332c (0x0a414603) x12 0x000000d5 mem 0x8001a51e
core   0: 0x80003330 (0x00000013) nop
core   0: 3 0x80003330 (0x00000013)
core   0: 0x80003334 (0x01439693) slli    a3, t2, 20
core   0: 3 0x80003334 (0x01439693) x13 0x2a000000
core   0: 0x80003338 (0xd0d10883) lb      a7, -755(sp)
core   0: 3 0x80003338 (0xd0d10883) x17 0x0000003c mem 0x8001a187
core   0: 0x8000333c (0x01fa1f33) sll     t5, s4, t6
core   0: 3 0x8000333c (0x01fa1f33) x30 0x0000f8fa
core   0: 0x80003340 (0x00240eb3) add     t4, s0, sp
core   0: 3 0x80003340 (0x00240eb3) x29 0x8001fcd3
core   0: 0x80003344 (0x00691f33) sll     t5, s2, t1
core   0: 3 0x80003344 (0x00691f33) x30 0x70000000
core   0: 0x80003348 (0x00647433) and     s0, s0, t1
core   0: 3 0x80003348 (0x00647433) x 8 0x00000018
core   0: 0x8000334c (0x01d0fc33) and     s8, ra, t4
core   0: 3 0x8000334c (0x01d0fc33) x24 0x80003080
core   0: 0x80003350 (0x75914703) lbu     a4, 1881(sp)
core   0: 3 0x80003350 (0x75914703) x14 0x00000088 mem 0x8001abd3
core   0: 0x80003354 (0x6ae14d83) lbu     s11, 1710(sp)
core   0: 3 0x80003354 (0x6ae14d83) x27 0x000000e3 mem 0x8001ab28
core   0: 0x80003358 (0x0000100f) fence.i
core   0: 3 0x80003358 (0x0000100f)
core   0: 0x8000335c (0x6d3fa393) slti    t2, t6, 1747
core   0: 3 0x8000335c (0x6d3fa393) x 7 0x00000000
core   0: 0x80003360 (0x6a9107a3) sb      s1, 1711(sp)
core   0: 3 0x80003360 (0x6a9107a3) mem 0x8001ab29 0x2d
core   0: 0x80003364 (0x404a88b3) sub     a7, s5, tp
core   0: 3 0x80003364 (0x404a88b3) x17 0x7ffd4322
core   0: 0x80003368 (0x00000013) nop
core   0: 3 0x80003368 (0x00000013)
core   0: 0x8000336c (0xe56108a3) sb      s6, -431(sp)
core   0: 3 0x8000336c (0xe56108a3) mem 0x8001a2cb 0x64
core   0: 0x80003370 (0x01ad51b3) srl     gp, s10, s10
core   0: 3 0x80003370 (0x01ad51b3) x 3 0x00000000
core   0: 0x80003374 (0x40cd4db7) lui     s11, 0x40cd4
core   0: 3 0x80003374 (0x40cd4db7) x27 0x40cd4000
core   0: 0x80003378 (0x7c626413) ori     s0, tp, 1990
core   0: 3 0x80003378 (0x7c626413) x 8 0x8002bfe6
core   0: 0x8000337c (0x0ee00a13) li      s4, 238
core   0: 3 0x8000337c (0x0ee00a13) x20 0x000000ee
core   0: 0x80003380 (0xd8218413) addi    s0, gp, -638
core   0: 3 0x80003380 (0xd8218413) x 8 0xfffffd82
core   0: 0x80003384 (0x7838c613) xori    a2, a7, 1923
core   0: 3 0x80003384 (0x7838c613) x12 0x7ffd44a1
core   0: 0x80003388 (0x0135a933) slt     s2, a1, s3
core   0: 3 0x80003388 (0x0135a933) x18 0x00000000
core   0: 0x8000338c (0x87210e23) sb      s2, -1924(sp)
core   0: 3 0x8000338c (0x87210e23) mem 0x80019cf6 0x0
core   0: 0x80003390 (0x5bd33493) sltiu   s1, t1, 1469
core   0: 3 0x80003390 (0x5bd33493) x 9 0x00000001
core   0: 0x80003394 (0x31914903) lbu     s2, 793(sp)
core   0: 3 0x80003394 (0x31914903) x18 0x00000048 mem 0x8001a793
core   0: 0x80003398 (0x9c011903) lh      s2, -1600(sp)
core   0: 3 0x80003398 (0x9c011903) x18 0xfffff0f1 mem 0x80019e3a
core   0: 0x8000339c (0x0000100f) fence.i
core   0: 3 0x8000339c (0x0000100f)
core   0: 0x800033a0 (0x0008d4b3) srl     s1, a7, zero
core   0: 3 0x800033a0 (0x0008d4b3) x 9 0x7ffd4322
core   0: 0x800033a4 (0xe27a7f37) lui     t5, 0xe27a7
core   0: 3 0x800033a4 (0xe27a7f37) x30 0xe27a7000
core   0: 0x800033a8 (0x46d14303) lbu     t1, 1133(sp)
core   0: 3 0x800033a8 (0x46d14303) x 6 0x0000009c mem 0x8001a8e7
core   0: 0x800033ac (0x0000f117) auipc   sp, 0xf
core   0: 3 0x800033ac (0x0000f117) x 2 0x800123ac
core   0: 0x800033b0 (0x05810113) addi    sp, sp, 88
core   0: 3 0x800033b0 (0x05810113) x 2 0x80012404
core   0: 0x800033b4 (0xfe010ca3) sb      zero, -7(sp)
core   0: 3 0x800033b4 (0xfe010ca3) mem 0x800123fd 0x0
core   0: 0x800033b8 (0x00c11503) lh      a0, 12(sp)
core   0: 3 0x800033b8 (0x00c11503) x10 0xffffcacb mem 0x80012410
core   0: 0x800033bc (0x91f90913) addi    s2, s2, -1761
core   0: 3 0x800033bc (0x91f90913) x18 0xffffea10
core   0: 0x800033c0 (0x00279513) slli    a0, a5, 2
core   0: 3 0x800033c0 (0x00279513) x10 0x0006b708
core   0: 0x800033c4 (0xffc15783) lhu     a5, -4(sp)
core   0: 3 0x800033c4 (0xffc15783) x15 0x0000babb mem 0x80012400
core   0: 0x800033c8 (0x00c11503) lh      a0, 12(sp)
core   0: 3 0x800033c8 (0x00c11503) x10 0xffffcacb mem 0x80012410
core   0: 0x800033cc (0x00c106a3) sb      a2, 13(sp)
core   0: 3 0x800033cc (0x00c106a3) mem 0x80012411 0xa1
core   0: 0x800033d0 (0x00a10083) lb      ra, 10(sp)
core   0: 3 0x800033d0 (0x00a10083) x 1 0xffffff9c mem 0x8001240e
core   0: 0x800033d4 (0x00595513) srli    a0, s2, 5
core   0: 3 0x800033d4 (0x00595513) x10 0x07ffff50
core   0: 0x800033d8 (0x40d0d793) srai    a5, ra, 13
core   0: 3 0x800033d8 (0x40d0d793) x15 0xffffffff
core   0: 0x800033dc (0x00d14003) lbu     zero, 13(sp)
core   0: 3 0x800033dc (0x00d14003) mem 0x80012411
core   0: 0x800033e0 (0x00d10083) lb      ra, 13(sp)
core   0: 3 0x800033e0 (0x00d10083) x 1 0xffffffa1 mem 0x80012411
core   0: 0x800033e4 (0x1e862513) slti    a0, a2, 488
core   0: 3 0x800033e4 (0x1e862513) x10 0x00000000
core   0: 0x800033e8 (0x001930b3) sltu    ra, s2, ra
core   0: 3 0x800033e8 (0x001930b3) x 1 0x00000001
core   0: 0x800033ec (0xeef94913) xori    s2, s2, -273
core   0: 3 0x800033ec (0xeef94913) x18 0x000014ff
core   0: 0x800033f0 (0x01263933) sltu    s2, a2, s2
core   0: 3 0x800033f0 (0x01263933) x18 0x00000000
core   0: 0x800033f4 (0x0000100f) fence.i
core   0: 3 0x800033f4 (0x0000100f)
core   0: 0x800033f8 (0x000947b3) xor     a5, s2, zero
core   0: 3 0x800033f8 (0x000947b3) x15 0x00000000
core   0: 0x800033fc (0xff114083) lbu     ra, -15(sp)
core   0: 3 0x800033fc (0xff114083) x 1 0x000000ae mem 0x800123f5
core   0: 0x80003400 (0xff210ba3) sb      s2, -9(sp)
core   0: 3 0x80003400 (0xff210ba3) mem 0x800123fb 0x0
core   0: 0x80003404 (0x2ea96097) auipc   ra, 0x2ea96
core   0: 3 0x80003404 (0x2ea96097) x 1 0xaea99404
core   0: 0x80003408 (0x00f104a3) sb      a5, 9(sp)
core   0: 3 0x80003408 (0x00f104a3) mem 0x8001240d 0x0
core   0: 0x8000340c (0x8757f093) andi    ra, a5, -1931
core   0: 3 0x8000340c (0x8757f093) x 1 0x00000000
core   0: 0x80003410 (0x40a55793) srai    a5, a0, 10
core   0: 3 0x80003410 (0x40a55793) x15 0x00000000
core   0: 0x80003414 (0xe430a613) slti    a2, ra, -445
core   0: 3 0x80003414 (0xe430a613) x12 0x00000000
core   0: 0x80003418 (0x00f0c0b3) xor     ra, ra, a5
core   0: 3 0x80003418 (0x00f0c0b3) x 1 0x00000000
core   0: 0x8000341c (0xff510603) lb      a2, -11(sp)
core   0: 3 0x8000341c (0xff510603) x12 0xffffffb2 mem 0x800123f9
core   0: 0x80003420 (0xee290093) addi    ra, s2, -286
core   0: 3 0x80003420 (0xee290093) x 1 0xfffffee2
core   0: 0x80003424 (0x01262533) slt     a0, a2, s2
core   0: 3 0x80003424 (0x01262533) x10 0x00000001
core   0: 0x80003428 (0xfef11c23) sh      a5, -8(sp)
core   0: 3 0x80003428 (0xfef11c23) mem 0x800123fc 0x0000
core   0: 0x8000342c (0x012104a3) sb      s2, 9(sp)
core   0: 3 0x8000342c (0x012104a3) mem 0x8001240d 0x0
core   0: 0x80003430 (0x0ff0000f) fence   iorw,iorw
core   0: 3 0x80003430 (0x0ff0000f)
core   0: 0x80003434 (0xffb14603) lbu     a2, -5(sp)
core   0: 3 0x80003434 (0xffb14603) x12 0x000000b4 mem 0x800123ff
core   0: 0x80003438 (0x00000013) nop
core   0: 3 0x80003438 (0x00000013)
core   0: 0x8000343c (0x40f900b3) sub     ra, s2, a5
core   0: 3 0x8000343c (0x40f900b3) x 1 0x00000000
core   0: 0x80003440 (0xff714903) lbu     s2, -9(sp)
core   0: 3 0x80003440 (0xff714903) x18 0x00000000 mem 0x800123fb
core   0: 0x80003444 (0xff215003) lhu     zero, -14(sp)
core   0: 3 0x80003444 (0xff215003) mem 0x800123f6
core   0: 0x80003448 (0x00005793) srli    a5, zero, 0
core   0: 3 0x80003448 (0x00005793) x15 0x00000000
core   0: 0x8000344c (0x41205633) sra     a2, zero, s2
core   0: 3 0x8000344c (0x41205633) x12 0x00000000
core   0: 0x80003450 (0xff014783) lbu     a5, -16(sp)
core   0: 3 0x80003450 (0xff014783) x15 0x000000af mem 0x800123f4
core   0: 0x80003454 (0x01c09093) slli    ra, ra, 28
core   0: 3 0x80003454 (0x01c09093) x 1 0x00000000
core   0: 0x80003458 (0xff210f23) sb      s2, -2(sp)
core   0: 3 0x80003458 (0xff210f23) mem 0x80012402 0x0
core   0: 0x8000345c (0xfe012e23) sw      zero, -4(sp)
core   0: 3 0x8000345c (0xfe012e23) mem 0x80012400 0x00000000
core   0: 0x80003460 (0xfe111f23) sh      ra, -2(sp)
core   0: 3 0x80003460 (0xfe111f23) mem 0x80012402 0x0000
core   0: 0x80003464 (0x78f92513) slti    a0, s2, 1935
core   0: 3 0x80003464 (0x78f92513) x10 0x00000001
core   0: 0x80003468 (0x5091b017) auipc   zero, 0x5091b
core   0: 3 0x80003468 (0x5091b017)
core   0: 0x8000346c (0x1f80c913) xori    s2, ra, 504
core   0: 3 0x8000346c (0x1f80c913) x18 0x000001f8
core   0: 0x80003470 (0x00010423) sb      zero, 8(sp)
core   0: 3 0x80003470 (0x00010423) mem 0x8001240c 0x0
core   0: 0x80003474 (0x01e79093) slli    ra, a5, 30
core   0: 3 0x80003474 (0x01e79093) x 1 0xc0000000
core   0: 0x80003478 (0x00e55913) srli    s2, a0, 14
core   0: 3 0x80003478 (0x00e55913) x18 0x00000000
core   0: 0x8000347c (0x00078933) add     s2, a5, zero
core   0: 3 0x8000347c (0x00078933) x18 0x000000af
core   0: 0x80003480 (0xffb10783) lb      a5, -5(sp)
core   0: 3 0x80003480 (0xffb10783) x15 0xffffffb4 mem 0x800123ff
core   0: 0x80003484 (0x401787b3) sub     a5, a5, ra
core   0: 3 0x80003484 (0x401787b3) x15 0x3fffffb4
core   0: 0x80003488 (0xff114003) lbu     zero, -15(sp)
core   0: 3 0x80003488 (0xff114003) mem 0x800123f5
core   0: 0x8000348c (0x0001bb97) auipc   s7, 0x1b
core   0: 3 0x8000348c (0x0001bb97) x23 0x8001e48c
core   0: 0x80003490 (0xdb4b8b93) addi    s7, s7, -588
core   0: 3 0x80003490 (0xdb4b8b93) x23 0x8001e240
core   0: 0x80003494 (0x0004da93) srli    s5, s1, 0
core   0: 3 0x80003494 (0x0004da93) x21 0x7ffd4322
core   0: 0x80003498 (0x009b8123) sb      s1, 2(s7)
core   0: 3 0x80003498 (0x009b8123) mem 0x8001e242 0x22
core   0: 0x8000349c (0xb3a4e293) ori     t0, s1, -1222
core   0: 3 0x8000349c (0xb3a4e293) x 5 0xfffffb3a
core   0: 0x800034a0 (0xff8b9a03) lh      s4, -8(s7)
core   0: 3 0x800034a0 (0xff8b9a03) x20 0xfffff2f3 mem 0x8001e238
core   0: 0x800034a4 (0x6503c313) xori    t1, t2, 1616
core   0: 3 0x800034a4 (0x6503c313) x 6 0x00000650
core   0: 0x800034a8 (0xfebb8c23) sb      a1, -8(s7)
core   0: 3 0x800034a8 (0xfebb8c23) mem 0x8001e238 0x60
core   0: 0x800034ac (0xff7bca03) lbu     s4, -9(s7)
core   0: 3 0x800034ac (0xff7bca03) x20 0x000000ec mem 0x8001e237
core   0: 0x800034b0 (0xff7bc303) lbu     t1, -9(s7)
core   0: 3 0x800034b0 (0xff7bc303) x 6 0x000000ec mem 0x8001e237
core   0: 0x800034b4 (0x017537b3) sltu    a5, a0, s7
core   0: 3 0x800034b4 (0x017537b3) x15 0x00000001
core   0: 0x800034b8 (0xff7b8883) lb      a7, -9(s7)
core   0: 3 0x800034b8 (0xff7b8883) x17 0xffffffec mem 0x8001e237
core   0: 0x800034bc (0x011b86a3) sb      a7, 13(s7)
core   0: 3 0x800034bc (0x011b86a3) mem 0x8001e24d 0xec
core   0: 0x800034c0 (0x00cb80a3) sb      a2, 1(s7)
core   0: 3 0x800034c0 (0x00cb80a3) mem 0x8001e241 0x0
core   0: 0x800034c4 (0x00000013) nop
core   0: 3 0x800034c4 (0x00000013)
core   0: 0x800034c8 (0x007ba623) sw      t2, 12(s7)
core   0: 3 0x800034c8 (0x007ba623) mem 0x8001e24c 0x00000000
core   0: 0x800034cc (0xfffb8703) lb      a4, -1(s7)
core   0: 3 0x800034cc (0xfffb8703) x14 0xfffffff4 mem 0x8001e23f
core   0: 0x800034d0 (0xfffbc003) lbu     zero, -1(s7)
core   0: 3 0x800034d0 (0xfffbc003) mem 0x8001e23f
core   0: 0x800034d4 (0x00dbcc03) lbu     s8, 13(s7)
core   0: 3 0x800034d4 (0x00dbcc03) x24 0x00000000 mem 0x8001e24d
core   0: 0x800034d8 (0x9d190193) addi    gp, s2, -1583
core   0: 3 0x800034d8 (0x9d190193) x 3 0xfffffa80
core   0: 0x800034dc (0x00ad3fb3) sltu    t6, s10, a0
core   0: 3 0x800034dc (0x00ad3fb3) x31 0x00000000
core   0: 0x800034e0 (0x001b8583) lb      a1, 1(s7)
core   0: 3 0x800034e0 (0x001b8583) x11 0x00000000 mem 0x8001e241
core   0: 0x800034e4 (0x001b8e83) lb      t4, 1(s7)
core   0: 3 0x800034e4 (0x001b8e83) x29 0x00000000 mem 0x8001e241
core   0: 0x800034e8 (0x001b8e83) lb      t4, 1(s7)
core   0: 3 0x800034e8 (0x001b8e83) x29 0x00000000 mem 0x8001e241
core   0: 0x800034ec (0xffbb8a03) lb      s4, -5(s7)
core   0: 3 0x800034ec (0xffbb8a03) x20 0xfffffff0 mem 0x8001e23b
core   0: 0x800034f0 (0xffbb8503) lb      a0, -5(s7)
core   0: 3 0x800034f0 (0xffbb8503) x10 0xfffffff0 mem 0x8001e23b
core   0: 0x800034f4 (0x004b8223) sb      tp, 4(s7)
core   0: 3 0x800034f4 (0x004b8223) mem 0x8001e244 0xe4
core   0: 0x800034f8 (0x004b8403) lb      s0, 4(s7)
core   0: 3 0x800034f8 (0x004b8403) x 8 0xffffffe4 mem 0x8001e244
core   0: 0x800034fc (0x004b8c03) lb      s8, 4(s7)
core   0: 3 0x800034fc (0x004b8c03) x24 0xffffffe4 mem 0x8001e244
core   0: 0x80003500 (0x00300613) li      a2, 3
core   0: 3 0x80003500 (0x00300613) x12 0x00000003
core   0: 0x80003504 (0x25c22193) slti    gp, tp, 604
core   0: 3 0x80003504 (0x25c22193) x 3 0x00000001
core   0: 0x80003508 (0xfff00d13) li      s10, -1
core   0: 3 0x80003508 (0xfff00d13) x26 0xffffffff
core   0: 0x8000350c (0x0039f4b3) and     s1, s3, gp
core   0: 3 0x8000350c (0x0039f4b3) x 9 0x00000000
core   0: 0x80003510 (0x01a9aeb3) slt     t4, s3, s10
core   0: 3 0x80003510 (0x01a9aeb3) x29 0x00000001
core   0: 0x80003514 (0x00000013) nop
core   0: 3 0x80003514 (0x00000013)
core   0: 0x80003518 (0xff960613) addi    a2, a2, -7
core   0: 3 0x80003518 (0xff960613) x12 0xfffffffc
core   0: 0x8000351c (0x009dc2b3) xor     t0, s11, s1
core   0: 3 0x8000351c (0x009dc2b3) x 5 0x40cd4000
core   0: 0x80003520 (0xffc00793) li      a5, -4
core   0: 3 0x80003520 (0xffc00793) x15 0xfffffffc
core   0: 0x80003524 (0x01eb5a93) srli    s5, s6, 30
core   0: 3 0x80003524 (0x01eb5a93) x21 0x00000002
core   0: 0x80003528 (0x00100693) li      a3, 1
core   0: 3 0x80003528 (0x00100693) x13 0x00000001
core   0: 0x8000352c (0x01acf833) and     a6, s9, s10
core   0: 3 0x8000352c (0x01acf833) x16 0x0000005c
core   0: 0x80003530 (0x00b242b3) xor     t0, tp, a1
core   0: 3 0x80003530 (0x00b242b3) x 5 0x8002bce4
core   0: 0x80003534 (0x00178793) addi    a5, a5, 1
core   0: 3 0x80003534 (0x00178793) x15 0xfffffffd
core   0: 0x80003538 (0xc7c14e93) xori    t4, sp, -900
core   0: 3 0x80003538 (0xc7c14e93) x29 0x7ffed878
core   0: 0x8000353c (0xfed7cae3) blt     a5, a3, pc - 12
core   0: 3 0x8000353c (0xfed7cae3)
core   0: 0x80003530 (0x00b242b3) xor     t0, tp, a1
core   0: 3 0x80003530 (0x00b242b3) x 5 0x8002bce4
core   0: 0x80003534 (0x00178793) addi    a5, a5, 1
core   0: 3 0x80003534 (0x00178793) x15 0xfffffffe
core   0: 0x80003538 (0xc7c14e93) xori    t4, sp, -900
core   0: 3 0x80003538 (0xc7c14e93) x29 0x7ffed878
core   0: 0x8000353c (0xfed7cae3) blt     a5, a3, pc - 12
core   0: 3 0x8000353c (0xfed7cae3)
core   0: 0x80003530 (0x00b242b3) xor     t0, tp, a1
core   0: 3 0x80003530 (0x00b242b3) x 5 0x8002bce4
core   0: 0x80003534 (0x00178793) addi    a5, a5, 1
core   0: 3 0x80003534 (0x00178793) x15 0xffffffff
core   0: 0x80003538 (0xc7c14e93) xori    t4, sp, -900
core   0: 3 0x80003538 (0xc7c14e93) x29 0x7ffed878
core   0: 0x8000353c (0xfed7cae3) blt     a5, a3, pc - 12
core   0: 3 0x8000353c (0xfed7cae3)
core   0: 0x80003530 (0x00b242b3) xor     t0, tp, a1
core   0: 3 0x80003530 (0x00b242b3) x 5 0x8002bce4
core   0: 0x80003534 (0x00178793) addi    a5, a5, 1
core   0: 3 0x80003534 (0x00178793) x15 0x00000000
core   0: 0x80003538 (0xc7c14e93) xori    t4, sp, -900
core   0: 3 0x80003538 (0xc7c14e93) x29 0x7ffed878
core   0: 0x8000353c (0xfed7cae3) blt     a5, a3, pc - 12
core   0: 3 0x8000353c (0xfed7cae3)
core   0: 0x80003530 (0x00b242b3) xor     t0, tp, a1
core   0: 3 0x80003530 (0x00b242b3) x 5 0x8002bce4
core   0: 0x80003534 (0x00178793) addi    a5, a5, 1
core   0: 3 0x80003534 (0x00178793) x15 0x00000001
core   0: 0x80003538 (0xc7c14e93) xori    t4, sp, -900
core   0: 3 0x80003538 (0xc7c14e93) x29 0x7ffed878
core   0: 0x8000353c (0xfed7cae3) blt     a5, a3, pc - 12
core   0: 3 0x8000353c (0xfed7cae3)
core   0: 0x80003540 (0xfda658e3) bge     a2, s10, pc - 48
core   0: 3 0x80003540 (0xfda658e3)
core   0: 0x80003544 (0xb14bbf93) sltiu   t6, s7, -1260
core   0: 3 0x80003544 (0xb14bbf93) x31 0x00000001
core   0: 0x80003548 (0x0300036f) jal     t1, pc + 0x30
core   0: 3 0x80003548 (0x0300036f) x 6 0x8000354c
core   0: 0x80003578 (0xfddff16f) jal     sp, pc - 0x24
core   0: 3 0x80003578 (0xfddff16f) x 2 0x8000357c
core   0: 0x80003554 (0x0540096f) jal     s2, pc + 0x54
core   0: 3 0x80003554 (0x0540096f) x18 0x80003558
core   0: 0x800035a8 (0xfa5ff36f) jal     t1, pc - 0x5c
core   0: 3 0x800035a8 (0xfa5ff36f) x 6 0x800035ac
core   0: 0x8000354c (0x058000ef) jal     pc + 0x58
core   0: 3 0x8000354c (0x058000ef) x 1 0x80003550
core   0: 0x800035a4 (0xfe1ff0ef) jal     pc - 0x20
core   0: 3 0x800035a4 (0xfe1ff0ef) x 1 0x800035a8
core   0: 0x80003584 (0x00c000ef) jal     pc + 0xc
core   0: 3 0x80003584 (0x00c000ef) x 1 0x80003588
core   0: 0x80003590 (0xff1ff0ef) jal     pc - 0x10
core   0: 3 0x80003590 (0xff1ff0ef) x 1 0x80003594
core   0: 0x80003580 (0xfedff4ef) jal     s1, pc - 0x14
core   0: 3 0x80003580 (0xfedff4ef) x 9 0x80003584
core   0: 0x8000356c (0x0300036f) jal     t1, pc + 0x30
core   0: 3 0x8000356c (0x0300036f) x 6 0x80003570
core   0: 0x8000359c (0xff9ff36f) jal     t1, pc - 0x8
core   0: 3 0x8000359c (0xff9ff36f) x 6 0x800035a0
core   0: 0x80003594 (0xfcdff0ef) jal     pc - 0x34
core   0: 3 0x80003594 (0xfcdff0ef) x 1 0x80003598
core   0: 0x80003560 (0x02c000ef) jal     pc + 0x2c
core   0: 3 0x80003560 (0x02c000ef) x 1 0x80003564
core   0: 0x8000358c (0xff1ff6ef) jal     a3, pc - 0x10
core   0: 3 0x8000358c (0xff1ff6ef) x13 0x80003590
core   0: 0x8000357c (0x01c000ef) jal     pc + 0x1c
core   0: 3 0x8000357c (0x01c000ef) x 1 0x80003580
core   0: 0x80003598 (0xfb9ffaef) jal     s5, pc - 0x48
core   0: 3 0x80003598 (0xfb9ffaef) x21 0x8000359c
core   0: 0x80003550 (0x05000e6f) jal     t3, pc + 0x50
core   0: 3 0x80003550 (0x05000e6f) x28 0x80003554
core   0: 0x800035a0 (0xfb9ffd6f) jal     s10, pc - 0x48
core   0: 3 0x800035a0 (0xfb9ffd6f) x26 0x800035a4
core   0: 0x80003558 (0x01c000ef) jal     pc + 0x1c
core   0: 3 0x80003558 (0x01c000ef) x 1 0x8000355c
core   0: 0x80003574 (0xff5ff36f) jal     t1, pc - 0xc
core   0: 3 0x80003574 (0xff5ff36f) x 6 0x80003578
core   0: 0x80003568 (0x020001ef) jal     gp, pc + 0x20
core   0: 3 0x80003568 (0x020001ef) x 3 0x8000356c
core   0: 0x80003588 (0xfd5ff0ef) jal     pc - 0x2c
core   0: 3 0x80003588 (0xfd5ff0ef) x 1 0x8000358c
core   0: 0x8000355c (0x008000ef) jal     pc + 0x8
core   0: 3 0x8000355c (0x008000ef) x 1 0x80003560
core   0: 0x80003564 (0x04c000ef) jal     pc + 0x4c
core   0: 3 0x80003564 (0x04c000ef) x 1 0x80003568
core   0: 0x800035b0 (0xffdff0ef) jal     pc - 0x4
core   0: 3 0x800035b0 (0xffdff0ef) x 1 0x800035b4
core   0: 0x800035ac (0xfc5ff0ef) jal     pc - 0x3c
core   0: 3 0x800035ac (0xfc5ff0ef) x 1 0x800035b0
core   0: 0x80003570 (0x0440036f) jal     t1, pc + 0x44
core   0: 3 0x80003570 (0x0440036f) x 6 0x80003574
core   0: 0x800035b4 (0xefad7037) lui     zero, 0xefad7
core   0: 3 0x800035b4 (0xefad7037)
core   0: 0x800035b8 (0x00014117) auipc   sp, 0x14
core   0: 3 0x800035b8 (0x00014117) x 2 0x800175b8
core   0: 0x800035bc (0x75710113) addi    sp, sp, 1879
core   0: 3 0x800035bc (0x75710113) x 2 0x80017d0f
core   0: 0x800035c0 (0xffd10023) sb      t4, -32(sp)
core   0: 3 0x800035c0 (0xffd10023) mem 0x80017cef 0x78
core   0: 0x800035c4 (0xfba10883) lb      a7, -70(sp)
core   0: 3 0x800035c4 (0xfba10883) x17 0xffffff82 mem 0x80017cc9
core   0: 0x800035c8 (0x08711b83) lh      s7, 135(sp)
core   0: 3 0x800035c8 (0x08711b83) x23 0x00004c4d mem 0x80017d96
core   0: 0x800035cc (0xf0610c03) lb      s8, -250(sp)
core   0: 3 0x800035cc (0xf0610c03) x24 0xffffffce mem 0x80017c15
core   0: 0x800035d0 (0x007cd693) srli    a3, s9, 7
core   0: 3 0x800035d0 (0x007cd693) x13 0x00000000
core   0: 0x800035d4 (0x012fc933) xor     s2, t6, s2
core   0: 3 0x800035d4 (0x012fc933) x18 0x80003559
core   0: 0x800035d8 (0x01611ea3) sh      s6, 29(sp)
core   0: 3 0x800035d8 (0x01611ea3) mem 0x80017d2c 0x7e64
core   0: 0x800035dc (0x0118ebb3) or      s7, a7, a7
core   0: 3 0x800035dc (0x0118ebb3) x23 0xffffff82
core   0: 0x800035e0 (0x00000013) nop
core   0: 3 0x800035e0 (0x00000013)
core   0: 0x800035e4 (0x00141493) slli    s1, s0, 1
core   0: 3 0x800035e4 (0x00141493) x 9 0xffffffc8
core   0: 0x800035e8 (0x94497913) andi    s2, s2, -1724
core   0: 3 0x800035e8 (0x94497913) x18 0x80003140
core   0: 0x800035ec (0xf4314e03) lbu     t3, -189(sp)
core   0: 3 0x800035ec (0xf4314e03) x28 0x00000009 mem 0x80017c52
core   0: 0x800035f0 (0x01421193) slli    gp, tp, 20
core   0: 3 0x800035f0 (0x01421193) x 3 0xce400000
core   0: 0x800035f4 (0x0f500913) li      s2, 245
core   0: 3 0x800035f4 (0x0f500913) x18 0x000000f5
core   0: 0x800035f8 (0x01635633) srl     a2, t1, s6
core   0: 3 0x800035f8 (0x01635633) x12 0x08000357
core   0: 0x800035fc (0x05214d03) lbu     s10, 82(sp)
core   0: 3 0x800035fc (0x05214d03) x26 0x0000001a mem 0x80017d61
core   0: 0x80003600 (0xf9514a83) lbu     s5, -107(sp)
core   0: 3 0x80003600 (0xf9514a83) x21 0x0000005f mem 0x80017ca4
core   0: 0x80003604 (0x0c3107a3) sb      gp, 207(sp)
core   0: 3 0x80003604 (0x0c3107a3) mem 0x80017dde 0x0
core   0: 0x80003608 (0xf7610503) lb      a0, -138(sp)
core   0: 3 0x80003608 (0xf7610503) x10 0x0000003e mem 0x80017c85
core   0: 0x8000360c (0x07a10603) lb      a2, 122(sp)
core   0: 3 0x8000360c (0x07a10603) x12 0x00000042 mem 0x80017d89
core   0: 0x80003610 (0x04814003) lbu     zero, 72(sp)
core   0: 3 0x80003610 (0x04814003) mem 0x80017d57
core   0: 0x80003614 (0x00331793) slli    a5, t1, 3
core   0: 3 0x80003614 (0x00331793) x15 0x0001aba0
core   0: 0x80003618 (0xf4a11fa3) sh      a0, -161(sp)
core   0: 3 0x80003618 (0xf4a11fa3) mem 0x80017c6e 0x003e
core   0: 0x8000361c (0xf9f14383) lbu     t2, -97(sp)
core   0: 3 0x8000361c (0xf9f14383) x 7 0x00000065 mem 0x80017cae
core   0: 0x80003620 (0x0c411aa3) sh      tp, 213(sp)
core   0: 3 0x80003620 (0x0c411aa3) mem 0x80017de4 0xbce4
core   0: 0x80003624 (0x00000013) nop
core   0: 3 0x80003624 (0x00000013)
core   0: 0x80003628 (0xff114603) lbu     a2, -15(sp)
core   0: 3 0x80003628 (0xff114603) x12 0x000000bb mem 0x80017d00
core   0: 0x8000362c (0xc1323d93) sltiu   s11, tp, -1005
core   0: 3 0x8000362c (0xc1323d93) x27 0x00000001
core   0: 0x80003630 (0xfed11683) lh      a3, -19(sp)
core   0: 3 0x80003630 (0xfed11683) x13 0xffffb6b7 mem 0x80017cfc
core   0: 0x80003634 (0xf4414583) lbu     a1, -188(sp)
core   0: 3 0x80003634 (0xf4414583) x11 0x00000008 mem 0x80017c53
core   0: 0x80003638 (0xfb910c23) sb      s9, -72(sp)
core   0: 3 0x80003638 (0xfb910c23) mem 0x80017cc7 0x5c
core   0: 0x8000363c (0x0000100f) fence.i
core   0: 3 0x8000363c (0x0000100f)
core   0: 0x80003640 (0x03210603) lb      a2, 50(sp)
core   0: 3 0x80003640 (0x03210603) x12 0xfffffffa mem 0x80017d41
core   0: 0x80003644 (0xff611ba3) sh      s6, -9(sp)
core   0: 3 0x80003644 (0xff611ba3) mem 0x80017d06 0x7e64
core   0: 0x80003648 (0xffc00513) li      a0, -4
core   0: 3 0x80003648 (0xffc00513) x10 0xfffffffc
core   0: 0x8000364c (0x00000013) nop
core   0: 3 0x8000364c (0x00000013)
core   0: 0x80003650 (0x001b6833) or      a6, s6, ra
core   0: 3 0x80003650 (0x001b6833) x16 0x80027ff4
core   0: 0x80003654 (0x07604313) xori    t1, zero, 118
core   0: 3 0x80003654 (0x07604313) x 6 0x00000076
core   0: 0x80003658 (0xff000893) li      a7, -16
core   0: 3 0x80003658 (0xff000893) x17 0xfffffff0
core   0: 0x8000365c (0x0000100f) fence.i
core   0: 3 0x8000365c (0x0000100f)
core   0: 0x80003660 (0xdae05817) auipc   a6, 0xdae05
core   0: 3 0x80003660 (0xdae05817) x16 0x5ae08660
core   0: 0x80003664 (0x2deffd17) auipc   s10, 0x2deff
core   0: 3 0x80003664 (0x2deffd17) x26 0xadf02664
core   0: 0x80003668 (0x0000100f) fence.i
core   0: 3 0x80003668 (0x0000100f)
core   0: 0x8000366c (0x004b5613) srli    a2, s6, 4
core   0: 3 0x8000366c (0x004b5613) x12 0x080027e6
core   0: 0x80003670 (0x40035a13) srai    s4, t1, 0
core   0: 3 0x80003670 (0x40035a13) x20 0x00000076
core   0: 0x80003674 (0x0ff0000f) fence   iorw,iorw
core   0: 3 0x80003674 (0x0ff0000f)
core   0: 0x80003678 (0x6aade2b7) lui     t0, 0x6aade
core   0: 3 0x80003678 (0x6aade2b7) x 5 0x6aade000
core   0: 0x8000367c (0x404adfb3) sra     t6, s5, tp
core   0: 3 0x8000367c (0x404adfb3) x31 0x00000005
core   0: 0x80003680 (0x00be43b3) xor     t2, t3, a1
core   0: 3 0x80003680 (0x00be43b3) x 7 0x00000001
core   0: 0x80003684 (0x40f8d133) sra     sp, a7, a5
core   0: 3 0x80003684 (0x40f8d133) x 2 0xfffffff0
core   0: 0x80003688 (0x017e02b3) add     t0, t3, s7
core   0: 3 0x80003688 (0x017e02b3) x 5 0xffffff8b
core   0: 0x8000368c (0x4771c013) xori    zero, gp, 1143
core   0: 3 0x8000368c (0x4771c013)
core   0: 0x80003690 (0xffa50513) addi    a0, a0, -6
core   0: 3 0x80003690 (0xffa50513) x10 0xfffffff6
core   0: 0x80003694 (0xa82e4613) xori    a2, t3, -1406
core   0: 3 0x80003694 (0xa82e4613) x12 0xfffffa8b
core   0: 0x80003698 (0xd3bdec13) ori     s8, s11, -709
core   0: 3 0x80003698 (0xd3bdec13) x24 0xfffffd3b
core   0: 0x8000369c (0x7a2ea093) slti    ra, t4, 1954
core   0: 3 0x8000369c (0x7a2ea093) x 1 0x00000000
core   0: 0x800036a0 (0x07cdf393) andi    t2, s11, 124
core   0: 3 0x800036a0 (0x07cdf393) x 7 0x00000000
core   0: 0x800036a4 (0x40dbd293) srai    t0, s7, 13
core   0: 3 0x800036a4 (0x40dbd293) x 5 0xffffffff
core   0: 0x800036a8 (0x4091ddb3) sra     s11, gp, s1
core   0: 3 0x800036a8 (0x4091ddb3) x27 0xffce4000
core   0: 0x800036ac (0xba4cb393) sltiu   t2, s9, -1116
core   0: 3 0x800036ac (0xba4cb393) x 7 0x00000001
core   0: 0x800036b0 (0xfb1518e3) bne     a0, a7, pc - 80
core   0: 3 0x800036b0 (0xfb1518e3)
core   0: 0x80003660 (0xdae05817) auipc   a6, 0xdae05
core   0: 3 0x80003660 (0xdae05817) x16 0x5ae08660
core   0: 0x80003664 (0x2deffd17) auipc   s10, 0x2deff
core   0: 3 0x80003664 (0x2deffd17) x26 0xadf02664
core   0: 0x80003668 (0x0000100f) fence.i
core   0: 3 0x80003668 (0x0000100f)
core   0: 0x8000366c (0x004b5613) srli    a2, s6, 4
core   0: 3 0x8000366c (0x004b5613) x12 0x080027e6
core   0: 0x80003670 (0x40035a13) srai    s4, t1, 0
core   0: 3 0x80003670 (0x40035a13) x20 0x00000076
core   0: 0x80003674 (0x0ff0000f) fence   iorw,iorw
core   0: 3 0x80003674 (0x0ff0000f)
core   0: 0x80003678 (0x6aade2b7) lui     t0, 0x6aade
core   0: 3 0x80003678 (0x6aade2b7) x 5 0x6aade000
core   0: 0x8000367c (0x404adfb3) sra     t6, s5, tp
core   0: 3 0x8000367c (0x404adfb3) x31 0x00000005
core   0: 0x80003680 (0x00be43b3) xor     t2, t3, a1
core   0: 3 0x80003680 (0x00be43b3) x 7 0x00000001
core   0: 0x80003684 (0x40f8d133) sra     sp, a7, a5
core   0: 3 0x80003684 (0x40f8d133) x 2 0xfffffff0
core   0: 0x80003688 (0x017e02b3) add     t0, t3, s7
core   0: 3 0x80003688 (0x017e02b3) x 5 0xffffff8b
core   0: 0x8000368c (0x4771c013) xori    zero, gp, 1143
core   0: 3 0x8000368c (0x4771c013)
core   0: 0x80003690 (0xffa50513) addi    a0, a0, -6
core   0: 3 0x80003690 (0xffa50513) x10 0xfffffff0
core   0: 0x80003694 (0xa82e4613) xori    a2, t3, -1406
core   0: 3 0x80003694 (0xa82e4613) x12 0xfffffa8b
core   0: 0x80003698 (0xd3bdec13) ori     s8, s11, -709
core   0: 3 0x80003698 (0xd3bdec13) x24 0xfffffd3b
core   0: 0x8000369c (0x7a2ea093) slti    ra, t4, 1954
core   0: 3 0x8000369c (0x7a2ea093) x 1 0x00000000
core   0: 0x800036a0 (0x07cdf393) andi    t2, s11, 124
core   0: 3 0x800036a0 (0x07cdf393) x 7 0x00000000
core   0: 0x800036a4 (0x40dbd293) srai    t0, s7, 13
core   0: 3 0x800036a4 (0x40dbd293) x 5 0xffffffff
core   0: 0x800036a8 (0x4091ddb3) sra     s11, gp, s1
core   0: 3 0x800036a8 (0x4091ddb3) x27 0xffce4000
core   0: 0x800036ac (0xba4cb393) sltiu   t2, s9, -1116
core   0: 3 0x800036ac (0xba4cb393) x 7 0x00000001
core   0: 0x800036b0 (0xfb1518e3) bne     a0, a7, pc - 80
core   0: 3 0x800036b0 (0xfb1518e3)
core   0: 0x800036b4 (0x001f1193) slli    gp, t5, 1
core   0: 3 0x800036b4 (0x001f1193) x 3 0xc4f4e000
core   0: 0x800036b8 (0x0000f817) auipc   a6, 0xf
core   0: 3 0x800036b8 (0x0000f817) x16 0x800126b8
core   0: 0x800036bc (0x00580813) addi    a6, a6, 5
core   0: 3 0x800036bc (0x00580813) x16 0x800126bd
core   0: 0x800036c0 (0xaaa80aa3) sb      a0, -1355(a6)
core   0: 3 0x800036c0 (0xaaa80aa3) mem 0x80012172 0xf0
core   0: 0x800036c4 (0x011cbc33) sltu    s8, s9, a7
core   0: 3 0x800036c4 (0x011cbc33) x24 0x00000001
core   0: 0x800036c8 (0x10680103) lb      sp, 262(a6)
core   0: 3 0x800036c8 (0x10680103) x 2 0x00000078 mem 0x800127c3
core   0: 0x800036cc (0xf6280f23) sb      sp, -130(a6)
core   0: 3 0x800036cc (0xf6280f23) mem 0x8001263b 0x78
core   0: 0x800036d0 (0x66584503) lbu     a0, 1637(a6)
core   0: 3 0x800036d0 (0x66584503) x10 0x000000d9 mem 0x80012d22
core   0: 0x800036d4 (0x2d180f23) sb      a7, 734(a6)
core   0: 3 0x800036d4 (0x2d180f23) mem 0x8001299b 0xf0
core   0: 0x800036d8 (0x9fd85103) lhu     sp, -1539(a6)
core   0: 3 0x800036d8 (0x9fd85103) x 2 0x00007071 mem 0x800120ba
core   0: 0x800036dc (0x28c80883) lb      a7, 652(a6)
core   0: 3 0x800036dc (0x28c80883) x17 0x00000002 mem 0x80012949
core   0: 0x800036e0 (0x014c9513) slli    a0, s9, 20
core   0: 3 0x800036e0 (0x014c9513) x10 0x05c00000
core   0: 0x800036e4 (0xdfc80c03) lb      s8, -516(a6)
core   0: 3 0x800036e4 (0xdfc80c03) x24 0x00000039 mem 0x800124b9
core   0: 0x800036e8 (0x0000100f) fence.i
core   0: 3 0x800036e8 (0x0000100f)
core   0: 0x800036ec (0x00000013) nop
core   0: 3 0x800036ec (0x00000013)
core   0: 0x800036f0 (0x018c0c33) add     s8, s8, s8
core   0: 3 0x800036f0 (0x018c0c33) x24 0x00000072
core   0: 0x800036f4 (0x34280d23) sb      sp, 858(a6)
core   0: 3 0x800036f4 (0x34280d23) mem 0x80012a17 0x71
core   0: 0x800036f8 (0x08480503) lb      a0, 132(a6)
core   0: 3 0x800036f8 (0x08480503) x10 0xfffffffa mem 0x80012741
core   0: 0x800036fc (0x77880823) sb      s8, 1904(a6)
core   0: 3 0x800036fc (0x77880823) mem 0x80012e2d 0x72
core   0: 0x80003700 (0x00000013) nop
core   0: 3 0x80003700 (0x00000013)
core   0: 0x80003704 (0x0b880503) lb      a0, 184(a6)
core   0: 3 0x80003704 (0x0b880503) x10 0x0000002e mem 0x80012775
core   0: 0x80003708 (0xba585503) lhu     a0, -1115(a6)
core   0: 3 0x80003708 (0xba585503) x10 0x00001819 mem 0x80012262
core   0: 0x8000370c (0xf2280883) lb      a7, -222(a6)
core   0: 3 0x8000370c (0xf2280883) x17 0xffffff94 mem 0x800125df
core   0: 0x80003710 (0x00d17133) and     sp, sp, a3
core   0: 3 0x80003710 (0x00d17133) x 2 0x00003031
core   0: 0x80003714 (0x018ce533) or      a0, s9, s8
core   0: 3 0x80003714 (0x018ce533) x10 0x0000007e
core   0: 0x80003718 (0xe11814a3) sh      a7, -503(a6)
core   0: 3 0x80003718 (0xe11814a3) mem 0x800124c6 0xff94
core   0: 0x8000371c (0x5ea1a517) auipc   a0, 0x5ea1a
core   0: 3 0x8000371c (0x5ea1a517) x10 0xdea1d71c
core   0: 0x80003720 (0x3ac84883) lbu     a7, 940(a6)
core   0: 3 0x80003720 (0x3ac84883) x17 0x00000022 mem 0x80012a69
core   0: 0x80003724 (0xffa80103) lb      sp, -6(a6)
core   0: 3 0x80003724 (0xffa80103) x 2 0x0000006c mem 0x800126b7
core   0: 0x80003728 (0xb6856513) ori     a0, a0, -1176
core   0: 3 0x80003728 (0xb6856513) x10 0xffffff7c
core   0: 0x8000372c (0x61d85c03) lhu     s8, 1565(a6)
core   0: 3 0x8000372c (0x61d85c03) x24 0x00007e64 mem 0x80012cda
core   0: 0x80003730 (0x41110cb3) sub     s9, sp, a7
core   0: 3 0x80003730 (0x41110cb3) x25 0x0000004a
core   0: 0x80003734 (0x00000013) nop
core   0: 3 0x80003734 (0x00000013)
core   0: 0x80003738 (0x06581c83) lh      s9, 101(a6)
core   0: 3 0x80003738 (0x06581c83) x25 0xffffd8d9 mem 0x80012722
core   0: 0x8000373c (0x082818a3) sh      sp, 145(a6)
core   0: 3 0x8000373c (0x082818a3) mem 0x8001274e 0x006c
core   0: 0x80003740 (0x28284c03) lbu     s8, 642(a6)
core   0: 3 0x80003740 (0x28284c03) x24 0x000000f4 mem 0x8001293f
core   0: 0x80003744 (0x6f9827a3) sw      s9, 1775(a6)
core   0: 3 0x80003744 (0x6f9827a3) mem 0x80012dac 0xffffd8d9
core   0: 0x80003748 (0x00d6b8b3) sltu    a7, a3, a3
core   0: 3 0x80003748 (0x00d6b8b3) x17 0x00000000
core   0: 0x8000374c (0xa7880a23) sb      s8, -1420(a6)
core   0: 3 0x8000374c (0xa7880a23) mem 0x80012131 0xf4
core   0: 0x80003750 (0xdf184103) lbu     sp, -527(a6)
core   0: 3 0x80003750 (0xdf184103) x 2 0x00000065 mem 0x800124ae
core   0: 0x80003754 (0x01915513) srli    a0, sp, 25
core   0: 3 0x80003754 (0x01915513) x10 0x00000000
core   0: 0x80003758 (0x55185883) lhu     a7, 1361(a6)
core   0: 3 0x80003758 (0x55185883) x17 0x000000c5 mem 0x80012c0e
core   0: 0x8000375c (0x23a80503) lb      a0, 570(a6)
core   0: 3 0x8000375c (0x23a80503) x10 0xffffff80 mem 0x800128f7
core   0: 0x80003760 (0x4a084503) lbu     a0, 1184(a6)
core   0: 3 0x80003760 (0x4a084503) x10 0x00000016 mem 0x80012b5d
core   0: 0x80003764 (0xff800b93) li      s7, -8
core   0: 3 0x80003764 (0xff800b93) x23 0xfffffff8
core   0: 0x80003768 (0x6dceaf93) slti    t6, t4, 1756
core   0: 3 0x80003768 (0x6dceaf93) x31 0x00000000
core   0: 0x8000376c (0x006654b3) srl     s1, a2, t1
core   0: 3 0x8000376c (0x006654b3) x 9 0x000003ff
core   0: 0x80003770 (0x00bf71b3) and     gp, t5, a1
core   0: 3 0x80003770 (0x00bf71b3) x 3 0x00000000
core   0: 0x80003774 (0x01a16933) or      s2, sp, s10
core   0: 3 0x80003774 (0x01a16933) x18 0xadf02665
core   0: 0x80003778 (0x002e2e33) slt     t3, t3, sp
core   0: 3 0x80003778 (0x002e2e33) x28 0x00000001
core   0: 0x8000377c (0x00600613) li      a2, 6
core   0: 3 0x8000377c (0x00600613) x12 0x00000006
core   0: 0x80003780 (0x002deeb3) or      t4, s11, sp
core   0: 3 0x80003780 (0x002deeb3) x29 0xffce4065
core   0: 0x80003784 (0x41035ab3) sra     s5, t1, a6
core   0: 3 0x80003784 (0x41035ab3) x21 0x00000000
core   0: 0x80003788 (0xae95b313) sltiu   t1, a1, -1303
core   0: 3 0x80003788 (0xae95b313) x 6 0x00000001
core   0: 0x8000378c (0x06644a93) xori    s5, s0, 102
core   0: 3 0x8000378c (0x06644a93) x21 0xffffff82
core   0: 0x80003790 (0x01e9c5b3) xor     a1, s3, t5
core   0: 3 0x80003790 (0x01e9c5b3) x11 0x1c1e9c9c
core   0: 0x80003794 (0x41a5dcb3) sra     s9, a1, s10
core   0: 3 0x80003794 (0x41a5dcb3) x25 0x01c1e9c9
core   0: 0x80003798 (0x00801293) slli    t0, zero, 8
core   0: 3 0x80003798 (0x00801293) x 5 0x00000000
core   0: 0x8000379c (0x41ea83b3) sub     t2, s5, t5
core   0: 3 0x8000379c (0x41ea83b3) x 7 0x1d858f82
core   0: 0x800037a0 (0x007b8b93) addi    s7, s7, 7
core   0: 3 0x800037a0 (0x007b8b93) x23 0xffffffff
core   0: 0x800037a4 (0x2a907e93) andi    t4, zero, 681
core   0: 3 0x800037a4 (0x2a907e93) x29 0x00000000
core   0: 0x800037a8 (0x006928b3) slt     a7, s2, t1
core   0: 3 0x800037a8 (0x006928b3) x17 0x00000001
core   0: 0x800037ac (0x4055de13) srai    t3, a1, 5
core   0: 3 0x800037ac (0x4055de13) x28 0x00e0f4e4
core   0: 0x800037b0 (0xfccb88e3) beq     s7, a2, pc - 48
core   0: 3 0x800037b0 (0xfccb88e3)
core   0: 0x800037b4 (0x4965a917) auipc   s2, 0x4965a
core   0: 3 0x800037b4 (0x4965a917) x18 0xc965d7b4
core   0: 0x800037b8 (0x0001f317) auipc   t1, 0x1f
core   0: 3 0x800037b8 (0x0001f317) x 6 0x800227b8
core   0: 0x800037bc (0x01830313) addi    t1, t1, 24
core   0: 3 0x800037bc (0x01830313) x 6 0x800227d0
core   0: 0x800037c0 (0x00018517) auipc   a0, 0x18
core   0: 3 0x800037c0 (0x00018517) x10 0x8001b7c0
core   0: 0x800037c4 (0x11950513) addi    a0, a0, 281
core   0: 3 0x800037c4 (0x11950513) x10 0x8001b8d9
core   0: 0x800037c8 (0x54d34c83) lbu     s9, 1357(t1)
core   0: 3 0x800037c8 (0x54d34c83) x25 0x000000d6 mem 0x80022d1d
core   0: 0x800037cc (0xd6b31f23) sh      a1, -642(t1)
core   0: 3 0x800037cc (0xd6b31f23) mem 0x8002254e 0x9c9c
core   0: 0x800037d0 (0x03654b83) lbu     s7, 54(a0)
core   0: 3 0x800037d0 (0x03654b83) x23 0x000000c4 mem 0x8001b90f
core   0: 0x800037d4 (0x7f231e83) lh      t4, 2034(t1)
core   0: 3 0x800037d4 (0x7f231e83) x29 0x00007879 mem 0x80022fc2
core   0: 0x800037d8 (0x0a0511a3) sh      zero, 163(a0)
core   0: 3 0x800037d8 (0x0a0511a3) mem 0x8001b97c 0x0000
core   0: 0x800037dc (0x96130803) lb      a6, -1695(t1)
core   0: 3 0x800037dc (0x96130803) x16 0xffffffea mem 0x80022131
core   0: 0x800037e0 (0x0db30103) lb      sp, 219(t1)
core   0: 3 0x800037e0 (0x0db30103) x 2 0x00000060 mem 0x800228ab
core   0: 0x800037e4 (0x34035183) lhu     gp, 832(t1)
core   0: 3 0x800037e4 (0x34035183) x 3 0x0000cacb mem 0x80022b10
core   0: 0x800037e8 (0x06550823) sb      t0, 112(a0)
core   0: 3 0x800037e8 (0x06550823) mem 0x8001b949 0x0
core   0: 0x800037ec (0x02654d83) lbu     s11, 38(a0)
core   0: 3 0x800037ec (0x02654d83) x27 0x000000b4 mem 0x8001b8ff
core   0: 0x800037f0 (0x21332423) sw      s3, 520(t1)
core   0: 3 0x800037f0 (0x21332423) mem 0x800229d8 0xfe64ec9c
core   0: 0x800037f4 (0x3de34903) lbu     s2, 990(t1)
core   0: 3 0x800037f4 (0x3de34903) x18 0x00000065 mem 0x80022bae
core   0: 0x800037f8 (0x03254183) lbu     gp, 50(a0)
core   0: 3 0x800037f8 (0x03254183) x 3 0x000000c0 mem 0x8001b90b
core   0: 0x800037fc (0x01150623) sb      a7, 12(a0)
core   0: 3 0x800037fc (0x01150623) mem 0x8001b8e5 0x1
core   0: 0x80003800 (0x6c631d03) lh      s10, 1734(t1)
core   0: 3 0x80003800 (0x6c631d03) x26 0x00004c4d mem 0x80022e96
core   0: 0x80003804 (0x802302a3) sb      sp, -2043(t1)
core   0: 3 0x80003804 (0x802302a3) mem 0x80021fd5 0x60
core   0: 0x80003808 (0xfc650923) sb      t1, -46(a0)
core   0: 3 0x80003808 (0xfc650923) mem 0x8001b8ab 0xd0
core   0: 0x8000380c (0x0000f117) auipc   sp, 0xf
core   0: 3 0x8000380c (0x0000f117) x 2 0x8001280c
core   0: 0x80003810 (0xd8f10113) addi    sp, sp, -625
core   0: 3 0x80003810 (0xd8f10113) x 2 0x8001259b
core   0: 0x80003814 (0xe8c1cf13) xori    t5, gp, -372
core   0: 3 0x80003814 (0xe8c1cf13) x30 0xfffffe4c
core   0: 0x80003818 (0xffe12ea3) sw      t5, -3(sp)
core   0: 3 0x80003818 (0xffe12ea3) mem 0x80012598 0xfffffe4c
core   0: 0x8000381c (0xe8977493) andi    s1, a4, -375
core   0: 3 0x8000381c (0xe8977493) x 9 0xfffffe80
core   0: 0x80003820 (0x00c1ba33) sltu    s4, gp, a2
core   0: 3 0x80003820 (0x00c1ba33) x20 0x00000000
core   0: 0x80003824 (0x00310483) lb      s1, 3(sp)
core   0: 3 0x80003824 (0x00310483) x 9 0x00000055 mem 0x8001259e
core   0: 0x80003828 (0x41775f13) srai    t5, a4, 23
core   0: 3 0x80003828 (0x41775f13) x30 0xffffffff
core   0: 0x8000382c (0x00e484b3) add     s1, s1, a4
core   0: 3 0x8000382c (0x00e484b3) x 9 0x00000049
core   0: 0x80003830 (0xff810f03) lb      t5, -8(sp)
core   0: 3 0x80003830 (0xff810f03) x30 0x00000048 mem 0x80012593
core   0: 0x80003834 (0x00e14f03) lbu     t5, 14(sp)
core   0: 3 0x80003834 (0x00e14f03) x30 0x00000062 mem 0x800125a9
core   0: 0x80003838 (0xff315483) lhu     s1, -13(sp)
core   0: 3 0x80003838 (0xff315483) x 9 0x00004445 mem 0x8001258e
core   0: 0x8000383c (0x00e491b3) sll     gp, s1, a4
core   0: 3 0x8000383c (0x00e491b3) x 3 0x44500000
core   0: 0x80003840 (0xfe3119a3) sh      gp, -13(sp)
core   0: 3 0x80003840 (0xfe3119a3) mem 0x8001258e 0x0000
core   0: 0x80003844 (0xffb15a03) lhu     s4, -5(sp)
core   0: 3 0x80003844 (0xffb15a03) x20 0x00004c4d mem 0x80012596
core   0: 0x80003848 (0x00310a03) lb      s4, 3(sp)
core   0: 3 0x80003848 (0x00310a03) x20 0x00000055 mem 0x8001259e
core   0: 0x8000384c (0x01e1f633) and     a2, gp, t5
core   0: 3 0x8000384c (0x01e1f633) x12 0x00000000
core   0: 0x80003850 (0xfe311da3) sh      gp, -5(sp)
core   0: 3 0x80003850 (0xfe311da3) mem 0x80012596 0x0000
core   0: 0x80003854 (0xff610703) lb      a4, -10(sp)
core   0: 3 0x80003854 (0xff610703) x14 0x0000004a mem 0x80012591
core   0: 0x80003858 (0x00c72f33) slt     t5, a4, a2
core   0: 3 0x80003858 (0x00c72f33) x30 0x00000000
core   0: 0x8000385c (0x00000013) nop
core   0: 3 0x8000385c (0x00000013)
core   0: 0x80003860 (0x01ea51b3) srl     gp, s4, t5
core   0: 3 0x80003860 (0x01ea51b3) x 3 0x00000055
core   0: 0x80003864 (0x41e65a33) sra     s4, a2, t5
core   0: 3 0x80003864 (0x41e65a33) x20 0x00000000
core   0: 0x80003868 (0x003a1f33) sll     t5, s4, gp
core   0: 3 0x80003868 (0x003a1f33) x30 0x00000000
core   0: 0x8000386c (0xffd14483) lbu     s1, -3(sp)
core   0: 3 0x8000386c (0xffd14483) x 9 0x0000004c mem 0x80012598
core   0: 0x80003870 (0xffb11a03) lh      s4, -5(sp)
core   0: 3 0x80003870 (0xffb11a03) x20 0x00000000 mem 0x80012596
core   0: 0x80003874 (0x014611b3) sll     gp, a2, s4
core   0: 3 0x80003874 (0x014611b3) x 3 0x00000000
core   0: 0x80003878 (0xfe910ca3) sb      s1, -7(sp)
core   0: 3 0x80003878 (0xfe910ca3) mem 0x80012594 0x4c
core   0: 0x8000387c (0x00974733) xor     a4, a4, s1
core   0: 3 0x8000387c (0x00974733) x14 0x00000006
core   0: 0x80003880 (0x00410603) lb      a2, 4(sp)
core   0: 3 0x80003880 (0x00410603) x12 0x00000054 mem 0x8001259f
core   0: 0x80003884 (0x3c214637) lui     a2, 0x3c214
core   0: 3 0x80003884 (0x3c214637) x12 0x3c214000
core   0: 0x80003888 (0xffb15a03) lhu     s4, -5(sp)
core   0: 3 0x80003888 (0xffb15a03) x20 0x00000000 mem 0x80012596
core   0: 0x8000388c (0xe01a2493) slti    s1, s4, -511
core   0: 3 0x8000388c (0xe01a2493) x 9 0x00000000
core   0: 0x80003890 (0xb0948613) addi    a2, s1, -1271
core   0: 3 0x80003890 (0xb0948613) x12 0xfffffb09
core   0: 0x80003894 (0x00b11a03) lh      s4, 11(sp)
core   0: 3 0x80003894 (0x00b11a03) x20 0x00005c5d mem 0x800125a6
core   0: 0x80003898 (0xff110f03) lb      t5, -15(sp)
core   0: 3 0x80003898 (0xff110f03) x30 0x00000047 mem 0x8001258c
core   0: 0x8000389c (0x00900613) li      a2, 9
core   0: 3 0x8000389c (0x00900613) x12 0x00000009
core   0: 0x800038a0 (0x00000013) nop
core   0: 3 0x800038a0 (0x00000013)
core   0: 0x800038a4 (0x40f50eb3) sub     t4, a0, a5
core   0: 3 0x800038a4 (0x40f50eb3) x29 0x80000d39
core   0: 0x800038a8 (0xf10fce17) auipc   t3, 0xf10fc
core   0: 3 0x800038a8 (0xf10fce17) x28 0x710ff8a8
core   0: 0x800038ac (0xd19ae413) ori     s0, s5, -743
core   0: 3 0x800038ac (0xd19ae413) x 8 0xffffff9b
core   0: 0x800038b0 (0x01af2933) slt     s2, t5, s10
core   0: 3 0x800038b0 (0x01af2933) x18 0x00000001
core   0: 0x800038b4 (0x4ec87017) auipc   zero, 0x4ec87
core   0: 3 0x800038b4 (0x4ec87017)
core   0: 0x800038b8 (0x639afe13) andi    t3, s5, 1593
core   0: 3 0x800038b8 (0x639afe13) x28 0x00000600
core   0: 0x800038bc (0x00d69933) sll     s2, a3, a3
core   0: 3 0x800038bc (0x00d69933) x18 0x5b800000
core   0: 0x800038c0 (0x00c8a3b3) slt     t2, a7, a2
core   0: 3 0x800038c0 (0x00c8a3b3) x 7 0x00000001
core   0: 0x800038c4 (0x0000100f) fence.i
core   0: 3 0x800038c4 (0x0000100f)
core   0: 0x800038c8 (0x0ff0000f) fence   iorw,iorw
core   0: 3 0x800038c8 (0x0ff0000f)
core   0: 0x800038cc (0x00300c93) li      s9, 3
core   0: 3 0x800038cc (0x00300c93) x25 0x00000003
core   0: 0x800038d0 (0x79cf8d93) addi    s11, t6, 1948
core   0: 3 0x800038d0 (0x79cf8d93) x27 0x0000079c
core   0: 0x800038d4 (0x40f42513) slti    a0, s0, 1039
core   0: 3 0x800038d4 (0x40f42513) x10 0x00000001
core   0: 0x800038d8 (0x0000100f) fence.i
core   0: 3 0x800038d8 (0x0000100f)
core   0: 0x800038dc (0x00cddc13) srli    s8, s11, 12
core   0: 3 0x800038dc (0x00cddc13) x24 0x00000000
core   0: 0x800038e0 (0xbdd22813) slti    a6, tp, -1059
core   0: 3 0x800038e0 (0xbdd22813) x16 0x00000001
core   0: 0x800038e4 (0x0000100f) fence.i
core   0: 3 0x800038e4 (0x0000100f)
core   0: 0x800038e8 (0x41e65ab3) sra     s5, a2, t5
core   0: 3 0x800038e8 (0x41e65ab3) x21 0x00000000
core   0: 0x800038ec (0xffe60613) addi    a2, a2, -2
core   0: 3 0x800038ec (0xffe60613) x12 0x00000007
core   0: 0x800038f0 (0x41625f93) srai    t6, tp, 22
core   0: 3 0x800038f0 (0x41625f93) x31 0xfffffe00
core   0: 0x800038f4 (0x00aa1733) sll     a4, s4, a0
core   0: 3 0x800038f4 (0x00aa1733) x14 0x0000b8ba
core   0: 0x800038f8 (0x00000013) nop
core   0: 3 0x800038f8 (0x00000013)
core   0: 0x800038fc (0x99ebf593) andi    a1, s7, -1634
core   0: 3 0x800038fc (0x99ebf593) x11 0x00000084
core   0: 0x80003900 (0x00d43db3) sltu    s11, s0, a3
core   0: 3 0x80003900 (0x00d43db3) x27 0x00000000
core   0: 0x80003904 (0xfd960ee3) beq     a2, s9, pc - 36
core   0: 3 0x80003904 (0xfd960ee3)
core   0: 0x80003908 (0xe7776793) ori     a5, a4, -393
core   0: 3 0x80003908 (0xe7776793) x15 0xfffffeff
core   0: 0x8000390c (0x0001dc17) auipc   s8, 0x1d
core   0: 3 0x8000390c (0x0001dc17) x24 0x8002090c
core   0: 0x80003910 (0x889c0c13) addi    s8, s8, -1911
core   0: 3 0x80003910 (0x889c0c13) x24 0x80020195
core   0: 0x80003914 (0x007c1d03) lh      s10, 7(s8)
core   0: 3 0x80003914 (0x007c1d03) x26 0x00005657 mem 0x8002019c
core   0: 0x80003918 (0x1b316293) ori     t0, sp, 435
core   0: 3 0x80003918 (0x1b316293) x 5 0x800125bb
core   0: 0x8000391c (0x00a0bf33) sltu    t5, ra, a0
core   0: 3 0x8000391c (0x00a0bf33) x30 0x00000001
core   0: 0x80003920 (0x00000013) nop
core   0: 3 0x80003920 (0x00000013)
core   0: 0x80003924 (0x018c0623) sb      s8, 12(s8)
core   0: 3 0x80003924 (0x018c0623) mem 0x800201a1 0x95
core   0: 0x80003928 (0xffec0503) lb      a0, -2(s8)
core   0: 3 0x80003928 (0xffec0503) x10 0x00000048 mem 0x80020193
core   0: 0x8000392c (0xff0c4603) lbu     a2, -16(s8)
core   0: 3 0x8000392c (0xff0c4603) x12 0x0000003e mem 0x80020185
core   0: 0x80003930 (0xffbc5783) lhu     a5, -5(s8)
core   0: 3 0x80003930 (0xffbc5783) x15 0x00004a4b mem 0x80020190
core   0: 0x80003934 (0xff4c4483) lbu     s1, -12(s8)
core   0: 3 0x80003934 (0xff4c4483) x 9 0x00000042 mem 0x80020189
core   0: 0x80003938 (0x000c0e03) lb      t3, 0(s8)
core   0: 3 0x80003938 (0x000c0e03) x28 0x0000004e mem 0x80020195
core   0: 0x8000393c (0xff7c5f83) lhu     t6, -9(s8)
core   0: 3 0x8000393c (0xff7c5f83) x31 0x00004647 mem 0x8002018c
core   0: 0x80003940 (0xfedc0b23) sb      a3, -10(s8)
core   0: 3 0x80003940 (0xfedc0b23) mem 0x8002018b 0xb7
core   0: 0x80003944 (0x00cc27a3) sw      a2, 15(s8)
core   0: 3 0x80003944 (0x00cc27a3) mem 0x800201a4 0x0000003e
core   0: 0x80003948 (0x402a5c93) srai    s9, s4, 2
core   0: 3 0x80003948 (0x402a5c93) x25 0x00001717
core   0: 0x8000394c (0xff0c4903) lbu     s2, -16(s8)
core   0: 3 0x8000394c (0xff0c4903) x18 0x0000003e mem 0x80020185
core   0: 0x80003950 (0xff5c1683) lh      a3, -11(s8)
core   0: 3 0x80003950 (0xff5c1683) x13 0xffffb741 mem 0x8002018a
core   0: 0x80003954 (0x00dc00a3) sb      a3, 1(s8)
core   0: 3 0x80003954 (0x00dc00a3) mem 0x80020196 0x41
core   0: 0x80003958 (0xf0868013) addi    zero, a3, -248
core   0: 3 0x80003958 (0xf0868013)
core   0: 0x8000395c (0x00dc0a03) lb      s4, 13(s8)
core   0: 3 0x8000395c (0x00dc0a03) x20 0x00000059 mem 0x800201a2
core   0: 0x80003960 (0xff2c4703) lbu     a4, -14(s8)
core   0: 3 0x80003960 (0xff2c4703) x14 0x0000003c mem 0x80020187
core   0: 0x80003964 (0xd0f90593) addi    a1, s2, -753
core   0: 3 0x80003964 (0xd0f90593) x11 0xfffffd4d
core   0: 0x80003968 (0x01c55293) srli    t0, a0, 28
core   0: 3 0x80003968 (0x01c55293) x 5 0x00000000
core   0: 0x8000396c (0x002c4e03) lbu     t3, 2(s8)
core   0: 3 0x8000396c (0x002c4e03) x28 0x0000004c mem 0x80020197
core   0: 0x80003970 (0xfebc1ca3) sh      a1, -7(s8)
core   0: 3 0x80003970 (0xfebc1ca3) mem 0x8002018e 0xfd4d
core   0: 0x80003974 (0xffac0ca3) sb      s10, -7(s8)
core   0: 3 0x80003974 (0xffac0ca3) mem 0x8002018e 0x57
core   0: 0x80003978 (0xff9c4283) lbu     t0, -7(s8)
core   0: 3 0x80003978 (0xff9c4283) x 5 0x00000057 mem 0x8002018e
core   0: 0x8000397c (0x000c0c83) lb      s9, 0(s8)
core   0: 3 0x8000397c (0x000c0c83) x25 0x0000004e mem 0x80020195
core   0: 0x80003980 (0x0000f797) auipc   a5, 0xf
core   0: 3 0x80003980 (0x0000f797) x15 0x80012980
core   0: 0x80003984 (0x55e78793) addi    a5, a5, 1374
core   0: 3 0x80003984 (0x55e78793) x15 0x80012ede
core   0: 0x80003988 (0xd8276717) auipc   a4, 0xd8276
core   0: 3 0x80003988 (0xd8276717) x14 0x58279988
core   0: 0x8000398c (0x0ff0000f) fence   iorw,iorw
core   0: 3 0x8000398c (0x0ff0000f)
core   0: 0x80003990 (0x01ef60b3) or      ra, t5, t5
core   0: 3 0x80003990 (0x01ef60b3) x 1 0x00000001
core   0: 0x80003994 (0x0017cf03) lbu     t5, 1(a5)
core   0: 3 0x80003994 (0x0017cf03) x30 0x00000094 mem 0x80012edf
core   0: 0x80003998 (0x02a7a523) sw      a0, 42(a5)
core   0: 3 0x80003998 (0x02a7a523) mem 0x80012f08 0x00000048
core   0: 0x8000399c (0x0117c083) lbu     ra, 17(a5)
core   0: 3 0x8000399c (0x0117c083) x 1 0x000000a4 mem 0x80012eef
core   0: 0x800039a0 (0xfde78ba3) sb      t5, -41(a5)
core   0: 3 0x800039a0 (0xfde78ba3) mem 0x80012eb5 0x94
core   0: 0x800039a4 (0x011f5093) srli    ra, t5, 17
core   0: 3 0x800039a4 (0x011f5093) x 1 0x00000000
core   0: 0x800039a8 (0xfc178923) sb      ra, -46(a5)
core   0: 3 0x800039a8 (0xfc178923) mem 0x80012eb0 0x0
core   0: 0x800039ac (0x0267a703) lw      a4, 38(a5)
core   0: 3 0x800039ac (0x0267a703) x14 0xbcbdbebf mem 0x80012f04
core   0: 0x800039b0 (0x0000100f) fence.i
core   0: 3 0x800039b0 (0x0000100f)
core   0: 0x800039b4 (0x00aabab3) sltu    s5, s5, a0
core   0: 3 0x800039b4 (0x00aabab3) x21 0x00000001
core   0: 0x800039b8 (0x70e0c093) xori    ra, ra, 1806
core   0: 3 0x800039b8 (0x70e0c093) x 1 0x0000070e
core   0: 0x800039bc (0x9ae26537) lui     a0, 0x9ae26
core   0: 3 0x800039bc (0x9ae26537) x10 0x9ae26000
core   0: 0x800039c0 (0x763f0513) addi    a0, t5, 1891
core   0: 3 0x800039c0 (0x763f0513) x10 0x000007f7
core   0: 0x800039c4 (0x00000013) nop
core   0: 3 0x800039c4 (0x00000013)
core   0: 0x800039c8 (0x41f55093) srai    ra, a0, 31
core   0: 3 0x800039c8 (0x41f55093) x 1 0x00000000
core   0: 0x800039cc (0x41508533) sub     a0, ra, s5
core   0: 3 0x800039cc (0x41508533) x10 0xffffffff
core   0: 0x800039d0 (0x0037c083) lbu     ra, 3(a5)
core   0: 3 0x800039d0 (0x0037c083) x 1 0x0000009a mem 0x80012ee1
core   0: 0x800039d4 (0x00e71733) sll     a4, a4, a4
core   0: 3 0x800039d4 (0x00e71733) x14 0x80000000
core   0: 0x800039d8 (0x015aaab3) slt     s5, s5, s5
core   0: 3 0x800039d8 (0x015aaab3) x21 0x00000000
core   0: 0x800039dc (0xfdc7ca83) lbu     s5, -36(a5)
core   0: 3 0x800039dc (0xfdc7ca83) x21 0x00000071 mem 0x80012eba
core   0: 0x800039e0 (0x41bae093) ori     ra, s5, 1051
core   0: 3 0x800039e0 (0x41bae093) x 1 0x0000047b
core   0: 0x800039e4 (0xdab2ea93) ori     s5, t0, -597
core   0: 3 0x800039e4 (0xdab2ea93) x21 0xfffffdff
core   0: 0x800039e8 (0x01c55293) srli    t0, a0, 28
core   0: 3 0x800039e8 (0x01c55293) x 5 0x0000000f
core   0: 0x800039ec (0x00978a83) lb      s5, 9(a5)
core   0: 3 0x800039ec (0x00978a83) x21 0xffffff9c mem 0x80012ee7
core   0: 0x800039f0 (0x01556733) or      a4, a0, s5
core   0: 3 0x800039f0 (0x01556733) x14 0xffffffff
core   0: 0x800039f4 (0xffe79423) sh      t5, -24(a5)
core   0: 3 0x800039f4 (0xffe79423) mem 0x80012ec6 0x0094
core   0: 0x800039f8 (0xfe5789a3) sb      t0, -13(a5)
core   0: 3 0x800039f8 (0xfe5789a3) mem 0x80012ed1 0xf
core   0: 0x800039fc (0x03878083) lb      ra, 56(a5)
core   0: 3 0x800039fc (0x03878083) x 1 0xffffffcd mem 0x80012f16
core   0: 0x80003a00 (0x0012e733) or      a4, t0, ra
core   0: 3 0x80003a00 (0x0012e733) x14 0xffffffcf
core   0: 0x80003a04 (0x0000100f) fence.i
core   0: 3 0x80003a04 (0x0000100f)
core   0: 0x80003a08 (0x001f4533) xor     a0, t5, ra
core   0: 3 0x80003a08 (0x001f4533) x10 0xffffff59
core   0: 0x80003a0c (0x00aa8f33) add     t5, s5, a0
core   0: 3 0x80003a0c (0x00aa8f33) x30 0xfffffef5
core   0: 0x80003a10 (0x6432e293) ori     t0, t0, 1603
core   0: 3 0x80003a10 (0x6432e293) x 5 0x0000064f
core   0: 0x80003a14 (0x40550ab3) sub     s5, a0, t0
core   0: 3 0x80003a14 (0x40550ab3) x21 0xfffff90a
core   0: 0x80003a18 (0x00aa8f33) add     t5, s5, a0
core   0: 3 0x80003a18 (0x00aa8f33) x30 0xfffff863
core   0: 0x80003a1c (0x0152aab3) slt     s5, t0, s5
core   0: 3 0x80003a1c (0x0152aab3) x21 0x00000000
core   0: 0x80003a20 (0x01055713) srli    a4, a0, 16
core   0: 3 0x80003a20 (0x01055713) x14 0x0000ffff
core   0: 0x80003a24 (0xffe78703) lb      a4, -2(a5)
core   0: 3 0x80003a24 (0xffe78703) x14 0xffffff97 mem 0x80012edc
core   0: 0x80003a28 (0xffa00713) li      a4, -6
core   0: 3 0x80003a28 (0xffa00713) x14 0xfffffffa
core   0: 0x80003a2c (0x00300413) li      s0, 3
core   0: 3 0x80003a2c (0x00300413) x 8 0x00000003
core   0: 0x80003a30 (0x02711117) auipc   sp, 0x2711
core   0: 3 0x80003a30 (0x02711117) x 2 0x82714a30
core   0: 0x80003a34 (0x00770713) addi    a4, a4, 7
core   0: 3 0x80003a34 (0x00770713) x14 0x00000001
core   0: 0x80003a38 (0xffa00613) li      a2, -6
core   0: 3 0x80003a38 (0xffa00613) x12 0xfffffffa
core   0: 0x80003a3c (0xdb666813) ori     a6, a2, -586
core   0: 3 0x80003a3c (0xdb666813) x16 0xfffffffe
core   0: 0x80003a40 (0x00800793) li      a5, 8
core   0: 3 0x80003a40 (0x00800793) x15 0x00000008
core   0: 0x80003a44 (0xced64513) xori    a0, a2, -787
core   0: 3 0x80003a44 (0xced64513) x10 0x00000317
core   0: 0x80003a48 (0x00160613) addi    a2, a2, 1
core   0: 3 0x80003a48 (0x00160613) x12 0xfffffffb
core   0: 0x80003a4c (0xfef60ce3) beq     a2, a5, pc - 8
core   0: 3 0x80003a4c (0xfef60ce3)
core   0: 0x80003a50 (0xfe8760e3) bltu    a4, s0, pc - 32
core   0: 3 0x80003a50 (0xfe8760e3)
core   0: 0x80003a30 (0x02711117) auipc   sp, 0x2711
core   0: 3 0x80003a30 (0x02711117) x 2 0x82714a30
core   0: 0x80003a34 (0x00770713) addi    a4, a4, 7
core   0: 3 0x80003a34 (0x00770713) x14 0x00000008
core   0: 0x80003a38 (0xffa00613) li      a2, -6
core   0: 3 0x80003a38 (0xffa00613) x12 0xfffffffa
core   0: 0x80003a3c (0xdb666813) ori     a6, a2, -586
core   0: 3 0x80003a3c (0xdb666813) x16 0xfffffffe
core   0: 0x80003a40 (0x00800793) li      a5, 8
core   0: 3 0x80003a40 (0x00800793) x15 0x00000008
core   0: 0x80003a44 (0xced64513) xori    a0, a2, -787
core   0: 3 0x80003a44 (0xced64513) x10 0x00000317
core   0: 0x80003a48 (0x00160613) addi    a2, a2, 1
core   0: 3 0x80003a48 (0x00160613) x12 0xfffffffb
core   0: 0x80003a4c (0xfef60ce3) beq     a2, a5, pc - 8
core   0: 3 0x80003a4c (0xfef60ce3)
core   0: 0x80003a50 (0xfe8760e3) bltu    a4, s0, pc - 32
core   0: 3 0x80003a50 (0xfe8760e3)
core   0: 0x80003a54 (0x00000013) nop
core   0: 3 0x80003a54 (0x00000013)
core   0: 0x80003a58 (0x0000f117) auipc   sp, 0xf
core   0: 3 0x80003a58 (0x0000f117) x 2 0x80012a58
core   0: 0x80003a5c (0xf1410113) addi    sp, sp, -236
core   0: 3 0x80003a5c (0xf1410113) x 2 0x8001296c
core   0: 0x80003a60 (0x005181b3) add     gp, gp, t0
core   0: 3 0x80003a60 (0x005181b3) x 3 0x0000064f
core   0: 0x80003a64 (0x4c510183) lb      gp, 1221(sp)
core   0: 3 0x80003a64 (0x4c510183) x 3 0xffffffea mem 0x80012e31
core   0: 0x80003a68 (0x2e511f23) sh      t0, 766(sp)
core   0: 3 0x80003a68 (0x2e511f23) mem 0x80012c6a 0x064f
core   0: 0x80003a6c (0x80d44197) auipc   gp, 0x80d44
core   0: 3 0x80003a6c (0x80d44197) x 3 0x00d47a6c
core   0: 0x80003a70 (0x00dbe433) or      s0, s7, a3
core   0: 3 0x80003a70 (0x00dbe433) x 8 0xffffb7c5
core   0: 0x80003a74 (0x223108a3) sb      gp, 561(sp)
core   0: 3 0x80003a74 (0x223108a3) mem 0x80012b9d 0x6c
core   0: 0x80003a78 (0x27510183) lb      gp, 629(sp)
core   0: 3 0x80003a78 (0x27510183) x 3 0xffffff9a mem 0x80012be1
core   0: 0x80003a7c (0x1a311623) sh      gp, 428(sp)
core   0: 3 0x80003a7c (0x1a311623) mem 0x80012b18 0xff9a
core   0: 0x80003a80 (0x86015683) lhu     a3, -1952(sp)
core   0: 3 0x80003a80 (0x86015683) x13 0x00008687 mem 0x800121cc
core   0: 0x80003a84 (0xc0f10183) lb      gp, -1009(sp)
core   0: 3 0x80003a84 (0xc0f10183) x 3 0x00000030 mem 0x8001257b
core   0: 0x80003a88 (0x9c811623) sh      s0, -1588(sp)
core   0: 3 0x80003a88 (0x9c811623) mem 0x80012338 0xb7c5
core   0: 0x80003a8c (0x0c0a51b7) lui     gp, 0xc0a5
core   0: 3 0x80003a8c (0x0c0a51b7) x 3 0x0c0a5000
core   0: 0x80003a90 (0x00c65613) srli    a2, a2, 12
core   0: 3 0x80003a90 (0x00c65613) x12 0x000fffff
core   0: 0x80003a94 (0x50811223) sh      s0, 1284(sp)
core   0: 3 0x80003a94 (0x50811223) mem 0x80012e70 0xb7c5
core   0: 0x80003a98 (0x45460293) addi    t0, a2, 1108
core   0: 3 0x80003a98 (0x45460293) x 5 0x00100453
core   0: 0x80003a9c (0x37411283) lh      t0, 884(sp)
core   0: 3 0x80003a9c (0x37411283) x 5 0xffff9a9b mem 0x80012ce0
core   0: 0x80003aa0 (0x83710183) lb      gp, -1993(sp)
core   0: 3 0x80003aa0 (0x83710183) x 3 0x00000001 mem 0x800121a3
core   0: 0x80003aa4 (0x6d7103a3) sb      s7, 1735(sp)
core   0: 3 0x80003aa4 (0x6d7103a3) mem 0x80013033 0xc4
core   0: 0x80003aa8 (0x0000100f) fence.i
core   0: 3 0x80003aa8 (0x0000100f)
core   0: 0x80003aac (0x00528bb3) add     s7, t0, t0
core   0: 3 0x80003aac (0x00528bb3) x23 0xffff3536
core   0: 0x80003ab0 (0x0000100f) fence.i
core   0: 3 0x80003ab0 (0x0000100f)
core   0: 0x80003ab4 (0xbc992617) auipc   a2, 0xbc992
core   0: 3 0x80003ab4 (0xbc992617) x12 0x3c995ab4
core   0: 0x80003ab8 (0x10412b83) lw      s7, 260(sp)
core   0: 3 0x80003ab8 (0x10412b83) x23 0x28292a2b mem 0x80012a70
core   0: 0x80003abc (0x30d11423) sh      a3, 776(sp)
core   0: 3 0x80003abc (0x30d11423) mem 0x80012c74 0x8687
core   0: 0x80003ac0 (0x22914603) lbu     a2, 553(sp)
core   0: 3 0x80003ac0 (0x22914603) x12 0x0000004e mem 0x80012b95
core   0: 0x80003ac4 (0x0000100f) fence.i
core   0: 3 0x80003ac4 (0x0000100f)
core   0: 0x80003ac8 (0x00dbb633) sltu    a2, s7, a3
core   0: 3 0x80003ac8 (0x00dbb633) x12 0x00000000
core   0: 0x80003acc (0xb4446193) ori     gp, s0, -1212
core   0: 3 0x80003acc (0xb4446193) x 3 0xffffffc5
core   0: 0x80003ad0 (0xf1f10183) lb      gp, -225(sp)
core   0: 3 0x80003ad0 (0xf1f10183) x 3 0xffffff84 mem 0x8001288b
core   0: 0x80003ad4 (0x005be6b3) or      a3, s7, t0
core   0: 3 0x80003ad4 (0x005be6b3) x13 0xffffbabb
core   0: 0x80003ad8 (0x86c11b83) lh      s7, -1940(sp)
core   0: 3 0x80003ad8 (0x86c11b83) x23 0xffff9293 mem 0x800121d8
core   0: 0x80003adc (0x60c10ba3) sb      a2, 1559(sp)
core   0: 3 0x80003adc (0x60c10ba3) mem 0x80012f83 0x0
core   0: 0x80003ae0 (0xbc967613) andi    a2, a2, -1079
core   0: 3 0x80003ae0 (0xbc967613) x12 0x00000000
core   0: 0x80003ae4 (0x89bbf613) andi    a2, s7, -1893
core   0: 3 0x80003ae4 (0x89bbf613) x12 0xffff9093
core   0: 0x80003ae8 (0xd9b14183) lbu     gp, -613(sp)
core   0: 3 0x80003ae8 (0xd9b14183) x 3 0x00000000 mem 0x80012707
core   0: 0x80003aec (0x008421b3) slt     gp, s0, s0
core   0: 3 0x80003aec (0x008421b3) x 3 0x00000000
core   0: 0x80003af0 (0x47714683) lbu     a3, 1143(sp)
core   0: 3 0x80003af0 (0x47714683) x13 0x00000098 mem 0x80012de3
core   0: 0x80003af4 (0xbed10e23) sb      a3, -1028(sp)
core   0: 3 0x80003af4 (0xbed10e23) mem 0x80012568 0x98
core   0: 0x80003af8 (0x92510da3) sb      t0, -1733(sp)
core   0: 3 0x80003af8 (0x92510da3) mem 0x800122a7 0x9b
core   0: 0x80003afc (0xd9710183) lb      gp, -617(sp)
core   0: 3 0x80003afc (0xd9710183) x 3 0xffffff9c mem 0x80012703
core   0: 0x80003b00 (0x4176d433) sra     s0, a3, s7
core   0: 3 0x80003b00 (0x4176d433) x 8 0x00000000
core   0: 0x80003b04 (0x17615b83) lhu     s7, 374(sp)
core   0: 3 0x80003b04 (0x17615b83) x23 0x00009899 mem 0x80012ae2
core   0: 0x80003b08 (0x29766293) ori     t0, a2, 663
core   0: 3 0x80003b08 (0x29766293) x 5 0xffff9297
core   0: 0x80003b0c (0x00d44bb3) xor     s7, s0, a3
core   0: 3 0x80003b0c (0x00d44bb3) x23 0x00000098
core   0: 0x80003b10 (0x45e10683) lb      a3, 1118(sp)
core   0: 3 0x80003b10 (0x45e10683) x13 0xffffff81 mem 0x80012dca
core   0: 0x80003b14 (0x59710fa3) sb      s7, 1439(sp)
core   0: 3 0x80003b14 (0x59710fa3) mem 0x80012f0b 0x98
core   0: 0x80003b18 (0x0000fb97) auipc   s7, 0xf
core   0: 3 0x80003b18 (0x0000fb97) x23 0x80012b18
core   0: 0x80003b1c (0xca6b8b93) addi    s7, s7, -858
core   0: 3 0x80003b1c (0xca6b8b93) x23 0x800127be
core   0: 0x80003b20 (0xf7fb8283) lb      t0, -129(s7)
core   0: 3 0x80003b20 (0xf7fb8283) x 5 0xfffffff6 mem 0x8001273d
core   0: 0x80003b24 (0x010166b3) or      a3, sp, a6
core   0: 3 0x80003b24 (0x010166b3) x13 0xfffffffe
core   0: 0x80003b28 (0xf15bc103) lbu     sp, -235(s7)
core   0: 3 0x80003b28 (0xf15bc103) x 2 0x00000088 mem 0x800126d3
core   0: 0x80003b2c (0x00000013) nop
core   0: 3 0x80003b2c (0x00000013)
core   0: 0x80003b30 (0xf05bad23) sw      t0, -230(s7)
core   0: 3 0x80003b30 (0xf05bad23) mem 0x800126d8 0xfffffff6
core   0: 0x80003b34 (0x0016d813) srli    a6, a3, 1
core   0: 3 0x80003b34 (0x0016d813) x16 0x7fffffff
core   0: 0x80003b38 (0x895a5117) auipc   sp, 0x895a5
core   0: 3 0x80003b38 (0x895a5117) x 2 0x095a8b38
core   0: 0x80003b3c (0x00d11113) slli    sp, sp, 13
core   0: 3 0x80003b3c (0x00d11113) x 2 0x51670000
core   0: 0x80003b40 (0x0ff0000f) fence   iorw,iorw
core   0: 3 0x80003b40 (0x0ff0000f)
core   0: 0x80003b44 (0x0e0bc803) lbu     a6, 224(s7)
core   0: 3 0x80003b44 (0x0e0bc803) x16 0x00000055 mem 0x8001289e
core   0: 0x80003b48 (0xf98bd283) lhu     t0, -104(s7)
core   0: 3 0x80003b48 (0xf98bd283) x 5 0x00000c0d mem 0x80012756
core   0: 0x80003b4c (0xfedbc283) lbu     t0, -19(s7)
core   0: 3 0x80003b4c (0xfedbc283) x 5 0x00000060 mem 0x800127ab
core   0: 0x80003b50 (0x0102e2b3) or      t0, t0, a6
core   0: 3 0x80003b50 (0x0102e2b3) x 5 0x00000075
core   0: 0x80003b54 (0xf16ba103) lw      sp, -234(s7)
core   0: 3 0x80003b54 (0xf16ba103) x 2 0x8c8d2a8f mem 0x800126d4
core   0: 0x80003b58 (0x000b8ba3) sb      zero, 23(s7)
core   0: 3 0x80003b58 (0x000b8ba3) mem 0x800127d5 0x0
core   0: 0x80003b5c (0x06db8103) lb      sp, 109(s7)
core   0: 3 0x80003b5c (0x06db8103) x 2 0xffffffe0 mem 0x8001282b
core   0: 0x80003b60 (0xfc0b8123) sb      zero, -62(s7)
core   0: 3 0x80003b60 (0xfc0b8123) mem 0x80012780 0x0
core   0: 0x80003b64 (0x01069a13) slli    s4, a3, 16
core   0: 3 0x80003b64 (0x01069a13) x20 0xfffe0000
core   0: 0x80003b68 (0x04fbc103) lbu     sp, 79(s7)
core   0: 3 0x80003b68 (0x04fbc103) x 2 0x000000c6 mem 0x8001280d
core   0: 0x80003b6c (0x6d6f5137) lui     sp, 0x6d6f5
core   0: 3 0x80003b6c (0x6d6f5137) x 2 0x6d6f5000
core   0: 0x80003b70 (0xf25b9023) sh      t0, -224(s7)
core   0: 3 0x80003b70 (0xf25b9023) mem 0x800126de 0x0075
core   0: 0x80003b74 (0x000166b3) or      a3, sp, zero
core   0: 3 0x80003b74 (0x000166b3) x13 0x6d6f5000
core   0: 0x80003b78 (0xf70b84a3) sb      a6, -151(s7)
core   0: 3 0x80003b78 (0xf70b84a3) mem 0x80012727 0x55
core   0: 0x80003b7c (0x4cc6e693) ori     a3, a3, 1228
core   0: 3 0x80003b7c (0x4cc6e693) x13 0x6d6f54cc
core   0: 0x80003b80 (0xf2bb8103) lb      sp, -213(s7)
core   0: 3 0x80003b80 (0xf2bb8103) x 2 0xffffffa2 mem 0x800126e9
core   0: 0x80003b84 (0x40285133) sra     sp, a6, sp
core   0: 3 0x80003b84 (0x40285133) x 2 0x00000015
core   0: 0x80003b88 (0xf56b9103) lh      sp, -170(s7)
core   0: 3 0x80003b88 (0xf56b9103) x 2 0xffffcecf mem 0x80012714
core   0: 0x80003b8c (0x00d826b3) slt     a3, a6, a3
core   0: 3 0x80003b8c (0x00d826b3) x13 0x00000001
core   0: 0x80003b90 (0x0f6b8683) lb      a3, 246(s7)
core   0: 3 0x80003b90 (0x0f6b8683) x13 0x0000006f mem 0x800128b4
core   0: 0x80003b94 (0xfd0b8683) lb      a3, -48(s7)
core   0: 3 0x80003b94 (0xfd0b8683) x13 0x00000045 mem 0x8001278e
core   0: 0x80003b98 (0xf45b8323) sb      t0, -186(s7)
core   0: 3 0x80003b98 (0xf45b8323) mem 0x80012704 0x75
core   0: 0x80003b9c (0x0f4b8003) lb      zero, 244(s7)
core   0: 3 0x80003b9c (0x0f4b8003) mem 0x800128b2
core   0: 0x80003ba0 (0x00013f17) auipc   t5, 0x13
core   0: 3 0x80003ba0 (0x00013f17) x30 0x80016ba0
core   0: 0x80003ba4 (0x913f0f13) addi    t5, t5, -1773
core   0: 3 0x80003ba4 (0x913f0f13) x30 0x800164b3
core   0: 0x80003ba8 (0xdbdf1f83) lh      t6, -579(t5)
core   0: 3 0x80003ba8 (0xdbdf1f83) x31 0x00002a2b mem 0x80016270
core   0: 0x80003bac (0x21ef4003) lbu     zero, 542(t5)
core   0: 3 0x80003bac (0x21ef4003) mem 0x800166d1
core   0: 0x80003bb0 (0x5d13a713) slti    a4, t2, 1489
core   0: 3 0x80003bb0 (0x5d13a713) x14 0x00000001
core   0: 0x80003bb4 (0x21ef4f83) lbu     t6, 542(t5)
core   0: 3 0x80003bb4 (0x21ef4f83) x31 0x0000008a mem 0x800166d1
core   0: 0x80003bb8 (0x990f0f83) lb      t6, -1648(t5)
core   0: 3 0x80003bb8 (0x990f0f83) x31 0xfffffff8 mem 0x80015e43
core   0: 0x80003bbc (0x4118d6b3) sra     a3, a7, a7
core   0: 3 0x80003bbc (0x4118d6b3) x13 0x00000000
core   0: 0x80003bc0 (0x71ef4b83) lbu     s7, 1822(t5)
core   0: 3 0x80003bc0 (0x71ef4b83) x23 0x0000008a mem 0x80016bd1
core   0: 0x80003bc4 (0x00da2033) slt     zero, s4, a3
core   0: 3 0x80003bc4 (0x00da2033)
core   0: 0x80003bc8 (0x71ef4103) lbu     sp, 1822(t5)
core   0: 3 0x80003bc8 (0x71ef4103) x 2 0x0000008a mem 0x80016bd1
core   0: 0x80003bcc (0x4132ddb3) sra     s11, t0, s3
core   0: 3 0x80003bcc (0x4132ddb3) x27 0x00000000
core   0: 0x80003bd0 (0x633f5783) lhu     a5, 1587(t5)
core   0: 3 0x80003bd0 (0x633f5783) x15 0x00009c9d mem 0x80016ae6
core   0: 0x80003bd4 (0x16df1a83) lh      s5, 365(t5)
core   0: 3 0x80003bd4 (0x16df1a83) x21 0xffffdadb mem 0x80016620
core   0: 0x80003bd8 (0xa2df0603) lb      a2, -1491(t5)
core   0: 3 0x80003bd8 (0xa2df0603) x12 0xffffff9b mem 0x80015ee0
core   0: 0x80003bdc (0xa20f06a3) sb      zero, -1491(t5)
core   0: 3 0x80003bdc (0xa20f06a3) mem 0x80015ee0 0x0
core   0: 0x80003be0 (0xa25f26a3) sw      t0, -1491(t5)
core   0: 3 0x80003be0 (0xa25f26a3) mem 0x80015ee0 0x00000075
core   0: 0x80003be4 (0xa2df5f83) lhu     t6, -1491(t5)
core   0: 3 0x80003be4 (0xa2df5f83) x31 0x00000075 mem 0x80015ee0
core   0: 0x80003be8 (0xa2df4883) lbu     a7, -1491(t5)
core   0: 3 0x80003be8 (0xa2df4883) x17 0x00000075 mem 0x80015ee0
core   0: 0x80003bec (0x0180036f) jal     t1, pc + 0x18
core   0: 3 0x80003bec (0x0180036f) x 6 0x80003bf0
core   0: 0x80003c04 (0xff5ff0ef) jal     pc - 0xc
core   0: 3 0x80003c04 (0xff5ff0ef) x 1 0x80003c08
core   0: 0x80003bf8 (0x014001ef) jal     gp, pc + 0x14
core   0: 3 0x80003bf8 (0x014001ef) x 3 0x80003bfc
core   0: 0x80003c0c (0xff5ff0ef) jal     pc - 0xc
core   0: 3 0x80003c0c (0xff5ff0ef) x 1 0x80003c10
core   0: 0x80003c00 (0x03400d6f) jal     s10, pc + 0x34
core   0: 3 0x80003c00 (0x03400d6f) x26 0x80003c04
core   0: 0x80003c34 (0xff9ff36f) jal     t1, pc - 0x8
core   0: 3 0x80003c34 (0xff9ff36f) x 6 0x80003c38
core   0: 0x80003c2c (0xff1ff0ef) jal     pc - 0x10
core   0: 3 0x80003c2c (0xff1ff0ef) x 1 0x80003c30
core   0: 0x80003c1c (0x008000ef) jal     pc + 0x8
core   0: 3 0x80003c1c (0x008000ef) x 1 0x80003c20
core   0: 0x80003c24 (0x004000ef) jal     pc + 0x4
core   0: 3 0x80003c24 (0x004000ef) x 1 0x80003c28
core   0: 0x80003c28 (0x008000ef) jal     pc + 0x8
core   0: 3 0x80003c28 (0x008000ef) x 1 0x80003c2c
core   0: 0x80003c30 (0xfe9ff36f) jal     t1, pc - 0x18
core   0: 3 0x80003c30 (0xfe9ff36f) x 6 0x80003c34
core   0: 0x80003c18 (0x0240036f) jal     t1, pc + 0x24
core   0: 3 0x80003c18 (0x0240036f) x 6 0x80003c1c
core   0: 0x80003c3c (0xffdff86f) jal     a6, pc - 0x4
core   0: 3 0x80003c3c (0xffdff86f) x16 0x80003c40
core   0: 0x80003c38 (0xfc5ff0ef) jal     pc - 0x3c
core   0: 3 0x80003c38 (0xfc5ff0ef) x 1 0x80003c3c
core   0: 0x80003bfc (0x024000ef) jal     pc + 0x24
core   0: 3 0x80003bfc (0x024000ef) x 1 0x80003c00
core   0: 0x80003c20 (0xfe9ff0ef) jal     pc - 0x18
core   0: 3 0x80003c20 (0xfe9ff0ef) x 1 0x80003c24
core   0: 0x80003c08 (0x008000ef) jal     pc + 0x8
core   0: 3 0x80003c08 (0x008000ef) x 1 0x80003c0c
core   0: 0x80003c10 (0xfe5ff8ef) jal     a7, pc - 0x1c
core   0: 3 0x80003c10 (0xfe5ff8ef) x17 0x80003c14
core   0: 0x80003bf4 (0xffdff0ef) jal     pc - 0x4
core   0: 3 0x80003bf4 (0xffdff0ef) x 1 0x80003bf8
core   0: 0x80003bf0 (0x0240036f) jal     t1, pc + 0x24
core   0: 3 0x80003bf0 (0x0240036f) x 6 0x80003bf4
core   0: 0x80003c14 (0x02c000ef) jal     pc + 0x2c
core   0: 3 0x80003c14 (0x02c000ef) x 1 0x80003c18
core   0: 0x80003c40 (0x95eee017) auipc   zero, 0x95eee
core   0: 3 0x80003c40 (0x95eee017)
core   0: 0x80003c44 (0x0000fe97) auipc   t4, 0xf
core   0: 3 0x80003c44 (0x0000fe97) x29 0x80012c44
core   0: 0x80003c48 (0x8c8e8e93) addi    t4, t4, -1848
core   0: 3 0x80003c48 (0x8c8e8e93) x29 0x8001250c
core   0: 0x80003c4c (0x378e6193) ori     gp, t3, 888
core   0: 3 0x80003c4c (0x378e6193) x 3 0x0000037c
core   0: 0x80003c50 (0x05dec183) lbu     gp, 93(t4)
core   0: 3 0x80003c50 (0x05dec183) x 3 0x00000022 mem 0x80012569
core   0: 0x80003c54 (0x03de8183) lb      gp, 61(t4)
core   0: 3 0x80003c54 (0x03de8183) x 3 0x00000002 mem 0x80012549
core   0: 0x80003c58 (0x0c7ec603) lbu     a2, 199(t4)
core   0: 3 0x80003c58 (0x0c7ec603) x12 0x00000088 mem 0x800125d3
core   0: 0x80003c5c (0x0c3e80a3) sb      gp, 193(t4)
core   0: 3 0x80003c5c (0x0c3e80a3) mem 0x800125cd 0x2
core   0: 0x80003c60 (0x00e75733) srl     a4, a4, a4
core   0: 3 0x80003c60 (0x00e75733) x14 0x00000000
core   0: 0x80003c64 (0x0ff0000f) fence   iorw,iorw
core   0: 3 0x80003c64 (0x0ff0000f)
core   0: 0x80003c68 (0xffcea023) sw      t3, -32(t4)
core   0: 3 0x80003c68 (0xffcea023) mem 0x800124ec 0x0000004c
core   0: 0x80003c6c (0x03d21637) lui     a2, 0x3d21
core   0: 3 0x80003c6c (0x03d21637) x12 0x03d21000
core   0: 0x80003c70 (0xa5642717) auipc   a4, 0xa5642
core   0: 3 0x80003c70 (0xa5642717) x14 0x25645c70
core   0: 0x80003c74 (0x940b5c97) auipc   s9, 0x940b5
core   0: 3 0x80003c74 (0x940b5c97) x25 0x140b8c74
core   0: 0x80003c78 (0xfb6ece03) lbu     t3, -74(t4)
core   0: 3 0x80003c78 (0xfb6ece03) x28 0x00000079 mem 0x800124c2
core   0: 0x80003c7c (0xfd9e8923) sb      s9, -46(t4)
core   0: 3 0x80003c7c (0xfd9e8923) mem 0x800124de 0x74
core   0: 0x80003c80 (0xf09e8703) lb      a4, -247(t4)
core   0: 3 0x80003c80 (0xf09e8703) x14 0xffffffce mem 0x80012415
core   0: 0x80003c84 (0x0b7ece03) lbu     t3, 183(t4)
core   0: 3 0x80003c84 (0x0b7ece03) x28 0x00000078 mem 0x800125c3
core   0: 0x80003c88 (0xb59081b7) lui     gp, 0xb5908
core   0: 3 0x80003c88 (0xb59081b7) x 3 0xb5908000
core   0: 0x80003c8c (0x48bb9e37) lui     t3, 0x48bb9
core   0: 3 0x80003c8c (0x48bb9e37) x28 0x48bb9000
core   0: 0x80003c90 (0xd421c713) xori    a4, gp, -702
core   0: 3 0x80003c90 (0xd421c713) x14 0x4a6f7d42
core   0: 0x80003c94 (0xf70ec603) lbu     a2, -144(t4)
core   0: 3 0x80003c94 (0xf70ec603) x12 0x00000037 mem 0x8001247c
core   0: 0x80003c98 (0x02ee8e03) lb      t3, 46(t4)
core   0: 3 0x80003c98 (0x02ee8e03) x28 0xfffffff1 mem 0x8001253a
core   0: 0x80003c9c (0x0000100f) fence.i
core   0: 3 0x80003c9c (0x0000100f)
core   0: 0x80003ca0 (0xf6ce81a3) sb      a2, -157(t4)
core   0: 3 0x80003ca0 (0xf6ce81a3) mem 0x8001246f 0x37
core   0: 0x80003ca4 (0xe45abcb7) lui     s9, 0xe45ab
core   0: 3 0x80003ca4 (0xe45abcb7) x25 0xe45ab000
core   0: 0x80003ca8 (0x00ac9193) slli    gp, s9, 10
core   0: 3 0x80003ca8 (0x00ac9193) x 3 0x6ac00000
core   0: 0x80003cac (0x0c2ed183) lhu     gp, 194(t4)
core   0: 3 0x80003cac (0x0c2ed183) x 3 0x00008485 mem 0x800125ce
core   0: 0x80003cb0 (0x007e8c83) lb      s9, 7(t4)
core   0: 3 0x80003cb0 (0x007e8c83) x25 0xffffffc8 mem 0x80012513
core   0: 0x80003cb4 (0x0f9ecc83) lbu     s9, 249(t4)
core   0: 3 0x80003cb4 (0x0f9ecc83) x25 0x000000be mem 0x80012605
core   0: 0x80003cb8 (0x0c7ecc83) lbu     s9, 199(t4)
core   0: 3 0x80003cb8 (0x0c7ecc83) x25 0x00000088 mem 0x800125d3
core   0: 0x80003cbc (0x0191d733) srl     a4, gp, s9
core   0: 3 0x80003cbc (0x0191d733) x14 0x00000084
core   0: 0x80003cc0 (0x0000100f) fence.i
core   0: 3 0x80003cc0 (0x0000100f)
core   0: 0x80003cc4 (0x00c70433) add     s0, a4, a2
core   0: 3 0x80003cc4 (0x00c70433) x 8 0x000000bb
core   0: 0x80003cc8 (0x77f91417) auipc   s0, 0x77f91
core   0: 3 0x80003cc8 (0x77f91417) x 8 0xf7f94cc8
core   0: 0x80003ccc (0x0000100f) fence.i
core   0: 3 0x80003ccc (0x0000100f)
core   0: 0x80003cd0 (0x0000100f) fence.i
core   0: 3 0x80003cd0 (0x0000100f)
core   0: 0x80003cd4 (0x015e5413) srli    s0, t3, 21
core   0: 3 0x80003cd4 (0x015e5413) x 8 0x000007ff
core   0: 0x80003cd8 (0x011ec703) lbu     a4, 17(t4)
core   0: 3 0x80003cd8 (0x011ec703) x14 0x000000d6 mem 0x8001251d
core   0: 0x80003cdc (0x0151d193) srli    gp, gp, 21
core   0: 3 0x80003cdc (0x0151d193) x 3 0x00000000
core   0: 0x80003ce0 (0xf101ec93) ori     s9, gp, -240
core   0: 3 0x80003ce0 (0xf101ec93) x25 0xffffff10
core   0: 0x80003ce4 (0xff9ece03) lbu     t3, -7(t4)
core   0: 3 0x80003ce4 (0xff9ece03) x28 0x000000be mem 0x80012505
core   0: 0x80003ce8 (0xf5fec183) lbu     gp, -161(t4)
core   0: 3 0x80003ce8 (0xf5fec183) x 3 0x00000020 mem 0x8001246b
core   0: 0x80003cec (0x01b63197) auipc   gp, 0x1b63
core   0: 3 0x80003cec (0x01b63197) x 3 0x81b66cec
core   0: 0x80003cf0 (0x419e0cb3) sub     s9, t3, s9
core   0: 3 0x80003cf0 (0x419e0cb3) x25 0x000001ae
core   0: 0x80003cf4 (0x0081e1b3) or      gp, gp, s0
core   0: 3 0x80003cf4 (0x0081e1b3) x 3 0x81b66fff
core   0: 0x80003cf8 (0xf08e8183) lb      gp, -248(t4)
core   0: 3 0x80003cf8 (0xf08e8183) x 3 0xffffffcf mem 0x80012414
core   0: 0x80003cfc (0x0000100f) fence.i
core   0: 3 0x80003cfc (0x0000100f)
core   0: 0x80003d00 (0x02ce8323) sb      a2, 38(t4)
core   0: 3 0x80003d00 (0x02ce8323) mem 0x80012532 0x37
core   0: 0x80003d04 (0x00015497) auipc   s1, 0x15
core   0: 3 0x80003d04 (0x00015497) x 9 0x80018d04
core   0: 0x80003d08 (0xf2048493) addi    s1, s1, -224
core   0: 3 0x80003d08 (0xf2048493) x 9 0x80018c24
core   0: 0x80003d0c (0x00014817) auipc   a6, 0x14
core   0: 3 0x80003d0c (0x00014817) x16 0x80017d0c
core   0: 0x80003d10 (0x8f580813) addi    a6, a6, -1803
core   0: 3 0x80003d10 (0x8f580813) x16 0x80017601
core   0: 0x80003d14 (0x09684a03) lbu     s4, 150(a6)
core   0: 3 0x80003d14 (0x09684a03) x20 0x0000004c mem 0x80017697
core   0: 0x80003d18 (0x00011917) auipc   s2, 0x11
core   0: 3 0x80003d18 (0x00011917) x18 0x80014d18
core   0: 0x80003d1c (0xe7d90913) addi    s2, s2, -387
core   0: 3 0x80003d1c (0xe7d90913) x18 0x80014b95
core   0: 0x80003d20 (0xf304ca03) lbu     s4, -208(s1)
core   0: 3 0x80003d20 (0xf304ca03) x20 0x0000000f mem 0x80018b54
core   0: 0x80003d24 (0x00494303) lbu     t1, 4(s2)
core   0: 3 0x80003d24 (0x00494303) x 6 0x00000052 mem 0x80014b99
core   0: 0x80003d28 (0x0f9485a3) sb      s9, 235(s1)
core   0: 3 0x80003d28 (0x0f9485a3) mem 0x80018d0f 0xae
core   0: 0x80003d2c (0x01b817a3) sh      s11, 15(a6)
core   0: 3 0x80003d2c (0x01b817a3) mem 0x80017610 0x0000
core   0: 0x80003d30 (0x015901a3) sb      s5, 3(s2)
core   0: 3 0x80003d30 (0x015901a3) mem 0x80014b98 0xdb
core   0: 0x80003d34 (0x07a825a3) sw      s10, 107(a6)
core   0: 3 0x80003d34 (0x07a825a3) mem 0x8001766c 0x80003c04
core   0: 0x80003d38 (0x0c548fa3) sb      t0, 223(s1)
core   0: 3 0x80003d38 (0x0c548fa3) mem 0x80018d03 0x75
core   0: 0x80003d3c (0x0dd48a03) lb      s4, 221(s1)
core   0: 3 0x80003d3c (0x0dd48a03) x20 0xffffffba mem 0x80018d01
core   0: 0x80003d40 (0xff290e83) lb      t4, -14(s2)
core   0: 3 0x80003d40 (0xff290e83) x29 0x0000003c mem 0x80014b87
core   0: 0x80003d44 (0x002900a3) sb      sp, 1(s2)
core   0: 3 0x80003d44 (0x002900a3) mem 0x80014b96 0x8a
core   0: 0x80003d48 (0x0a985a03) lhu     s4, 169(a6)
core   0: 3 0x80003d48 (0x0a985a03) x20 0x00006061 mem 0x800176aa
core   0: 0x80003d4c (0xffb84103) lbu     sp, -5(a6)
core   0: 3 0x80003d4c (0xffb84103) x 2 0x000000b7 mem 0x800175fc
core   0: 0x80003d50 (0x0b380823) sb      s3, 176(a6)
core   0: 3 0x80003d50 (0x0b380823) mem 0x800176b1 0x9c
core   0: 0x80003d54 (0xf6f48a03) lb      s4, -145(s1)
core   0: 3 0x80003d54 (0xf6f48a03) x20 0x00000048 mem 0x80018b93
core   0: 0x80003d58 (0x00290103) lb      sp, 2(s2)
core   0: 3 0x80003d58 (0x00290103) x 2 0x0000004c mem 0x80014b97
core   0: 0x80003d5c (0x01090583) lb      a1, 16(s2)
core   0: 3 0x80003d5c (0x01090583) x11 0x0000005e mem 0x80014ba5
core   0: 0x80003d60 (0x00013317) auipc   t1, 0x13
core   0: 3 0x80003d60 (0x00013317) x 6 0x80016d60
core   0: 0x80003d64 (0x34030313) addi    t1, t1, 832
core   0: 3 0x80003d64 (0x34030313) x 6 0x800170a0
core   0: 0x80003d68 (0xbe334803) lbu     a6, -1053(t1)
core   0: 3 0x80003d68 (0xbe334803) x16 0x00000038 mem 0x80016c83
core   0: 0x80003d6c (0x0000fa17) auipc   s4, 0xf
core   0: 3 0x80003d6c (0x0000fa17) x20 0x80012d6c
core   0: 0x80003d70 (0xa70a0a13) addi    s4, s4, -1424
core   0: 3 0x80003d70 (0xa70a0a13) x20 0x800127dc
core   0: 0x80003d74 (0x12034e83) lbu     t4, 288(t1)
core   0: 3 0x80003d74 (0x12034e83) x29 0x0000007b mem 0x800171c0
core   0: 0x80003d78 (0x80530ca3) sb      t0, -2023(t1)
core   0: 3 0x80003d78 (0x80530ca3) mem 0x800168b9 0x75
core   0: 0x80003d7c (0xf5ca0003) lb      zero, -164(s4)
core   0: 3 0x80003d7c (0xf5ca0003) mem 0x80012738
core   0: 0x80003d80 (0x012a05a3) sb      s2, 11(s4)
core   0: 3 0x80003d80 (0x012a05a3) mem 0x800127e7 0x95
core   0: 0x80003d84 (0x071a0483) lb      s1, 113(s4)
core   0: 3 0x80003d84 (0x071a0483) x 9 0x00000006 mem 0x8001284d
core   0: 0x80003d88 (0x0a1a0aa3) sb      ra, 181(s4)
core   0: 3 0x80003d88 (0x0a1a0aa3) mem 0x80012891 0x18
core   0: 0x80003d8c (0xffa34903) lbu     s2, -6(t1)
core   0: 3 0x80003d8c (0xffa34903) x18 0x00000051 mem 0x8001709a
core   0: 0x80003d90 (0xfb2a0483) lb      s1, -78(s4)
core   0: 3 0x80003d90 (0xfb2a0483) x 9 0x00000045 mem 0x8001278e
core   0: 0x80003d94 (0xf76a5903) lhu     s2, -138(s4)
core   0: 3 0x80003d94 (0xf76a5903) x18 0x00000809 mem 0x80012752
core   0: 0x80003d98 (0xfc530603) lb      a2, -59(t1)
core   0: 3 0x80003d98 (0xfc530603) x12 0x0000001e mem 0x80017065
core   0: 0x80003d9c (0xc7435d83) lhu     s11, -908(t1)
core   0: 3 0x80003d9c (0xc7435d83) x27 0x0000cecf mem 0x80016d14
core   0: 0x80003da0 (0x040a07a3) sb      zero, 79(s4)
core   0: 3 0x80003da0 (0x040a07a3) mem 0x8001282b 0x0
core   0: 0x80003da4 (0x00330a83) lb      s5, 3(t1)
core   0: 3 0x80003da4 (0x00330a83) x21 0x00000058 mem 0x800170a3
core   0: 0x80003da8 (0x0000fa97) auipc   s5, 0xf
core   0: 3 0x80003da8 (0x0000fa97) x21 0x80012da8
core   0: 0x80003dac (0xafda8a93) addi    s5, s5, -1283
core   0: 3 0x80003dac (0xafda8a93) x21 0x800128a5
core   0: 0x80003db0 (0x004ac683) lbu     a3, 4(s5)
core   0: 3 0x80003db0 (0x004ac683) x13 0x00000062 mem 0x800128a9
core   0: 0x80003db4 (0x00017f17) auipc   t5, 0x17
core   0: 3 0x80003db4 (0x00017f17) x30 0x8001adb4
core   0: 0x80003db8 (0x175f0f13) addi    t5, t5, 373
core   0: 3 0x80003db8 (0x175f0f13) x30 0x8001af29
core   0: 0x80003dbc (0xffff2303) lw      t1, -1(t5)
core   0: 3 0x80003dbc (0xffff2303) x 6 0xe0e1e2e3 mem 0x8001af28
core   0: 0x80003dc0 (0xffaf0b83) lb      s7, -6(t5)
core   0: 3 0x80003dc0 (0xffaf0b83) x23 0xffffffd8 mem 0x8001af23
core   0: 0x80003dc4 (0xff3f1283) lh      t0, -13(t5)
core   0: 3 0x80003dc4 (0xff3f1283) x 5 0xffffd6d7 mem 0x8001af1c
core   0: 0x80003dc8 (0x002f4083) lbu     ra, 2(t5)
core   0: 3 0x80003dc8 (0x002f4083) x 1 0x000000e0 mem 0x8001af2b
core   0: 0x80003dcc (0x00da96a3) sh      a3, 13(s5)
core   0: 3 0x80003dcc (0x00da96a3) mem 0x800128b2 0x0062
core   0: 0x80003dd0 (0x039ad803) lhu     a6, 57(s5)
core   0: 3 0x80003dd0 (0x039ad803) x16 0x00009495 mem 0x800128de
core   0: 0x80003dd4 (0xffef0583) lb      a1, -2(t5)
core   0: 3 0x80003dd4 (0xffef0583) x11 0xffffffdc mem 0x8001af27
core   0: 0x80003dd8 (0xfedf0823) sb      a3, -16(t5)
core   0: 3 0x80003dd8 (0xfedf0823) mem 0x8001af19 0x62
core   0: 0x80003ddc (0xffaa8a03) lb      s4, -6(s5)
core   0: 3 0x80003ddc (0xffaa8a03) x20 0x00000054 mem 0x8001289f
core   0: 0x80003de0 (0x010ac783) lbu     a5, 16(s5)
core   0: 3 0x80003de0 (0x010ac783) x15 0x0000006e mem 0x800128b5
core   0: 0x80003de4 (0x003f1703) lh      a4, 3(t5)
core   0: 3 0x80003de4 (0x003f1703) x14 0xffffe6e7 mem 0x8001af2c
core   0: 0x80003de8 (0x0000ec97) auipc   s9, 0xe
core   0: 3 0x80003de8 (0x0000ec97) x25 0x80011de8
core   0: 0x80003dec (0x4f3c8c93) addi    s9, s9, 1267
core   0: 3 0x80003dec (0x4f3c8c93) x25 0x800122db
core   0: 0x80003df0 (0xfecc88a3) sb      a2, -15(s9)
core   0: 3 0x80003df0 (0xfecc88a3) mem 0x800122cc 0x1e
core   0: 0x80003df4 (0x412953b3) sra     t2, s2, s2
core   0: 3 0x80003df4 (0x412953b3) x 7 0x00000004
core   0: 0x80003df8 (0x00c96933) or      s2, s2, a2
core   0: 3 0x80003df8 (0x00c96933) x18 0x0000081f
core   0: 0x80003dfc (0x01297933) and     s2, s2, s2
core   0: 3 0x80003dfc (0x01297933) x18 0x0000081f
core   0: 0x80003e00 (0x00b5d933) srl     s2, a1, a1
core   0: 3 0x80003e00 (0x00b5d933) x18 0x0000000f
core   0: 0x80003e04 (0x037c8383) lb      t2, 55(s9)
core   0: 3 0x80003e04 (0x037c8383) x 7 0xffffffc9 mem 0x80012312
core   0: 0x80003e08 (0x00b533b3) sltu    t2, a0, a1
core   0: 3 0x80003e08 (0x00b533b3) x 7 0x00000001
core   0: 0x80003e0c (0x027c9fa3) sh      t2, 63(s9)
core   0: 3 0x80003e0c (0x027c9fa3) mem 0x8001231a 0x0001
core   0: 0x80003e10 (0x00000013) nop
core   0: 3 0x80003e10 (0x00000013)
core   0: 0x80003e14 (0x019cd583) lhu     a1, 25(s9)
core   0: 3 0x80003e14 (0x019cd583) x11 0x0000aeaf mem 0x800122f4
core   0: 0x80003e18 (0x00bc8283) lb      t0, 11(s9)
core   0: 3 0x80003e18 (0x00bc8283) x 5 0xffffff9d mem 0x800122e6
core   0: 0x80003e1c (0x00565533) srl     a0, a2, t0
core   0: 3 0x80003e1c (0x00565533) x10 0x00000000
core   0: 0x80003e20 (0x00bc88a3) sb      a1, 17(s9)
core   0: 3 0x80003e20 (0x00bc88a3) mem 0x800122ec 0xaf
core   0: 0x80003e24 (0xffac8383) lb      t2, -6(s9)
core   0: 3 0x80003e24 (0xffac8383) x 7 0xffffff8e mem 0x800122d5
core   0: 0x80003e28 (0x010cc603) lbu     a2, 16(s9)
core   0: 3 0x80003e28 (0x010cc603) x12 0x000000a0 mem 0x800122eb
core   0: 0x80003e2c (0xfc2cc583) lbu     a1, -62(s9)
core   0: 3 0x80003e2c (0xfc2cc583) x11 0x00000056 mem 0x8001229d
core   0: 0x80003e30 (0x005c8323) sb      t0, 6(s9)
core   0: 3 0x80003e30 (0x005c8323) mem 0x800122e1 0x9d
core   0: 0x80003e34 (0x00a2c5b3) xor     a1, t0, a0
core   0: 3 0x80003e34 (0x00a2c5b3) x11 0xffffff9d
core   0: 0x80003e38 (0xfecc8223) sb      a2, -28(s9)
core   0: 3 0x80003e38 (0xfecc8223) mem 0x800122bf 0xa0
core   0: 0x80003e3c (0x02ecc283) lbu     t0, 46(s9)
core   0: 3 0x80003e3c (0x02ecc283) x 5 0x000000c2 mem 0x80012309
core   0: 0x80003e40 (0x01139913) slli    s2, t2, 17
core   0: 3 0x80003e40 (0x01139913) x18 0xff1c0000
core   0: 0x80003e44 (0x0000100f) fence.i
core   0: 3 0x80003e44 (0x0000100f)
core   0: 0x80003e48 (0x40595533) sra     a0, s2, t0
core   0: 3 0x80003e48 (0x40595533) x10 0xffc70000
core   0: 0x80003e4c (0x40c582b3) sub     t0, a1, a2
core   0: 3 0x80003e4c (0x40c582b3) x 5 0xfffffefd
core   0: 0x80003e50 (0xfe3cd283) lhu     t0, -29(s9)
core   0: 3 0x80003e50 (0xfe3cd283) x 5 0x0000a075 mem 0x800122be
core   0: 0x80003e54 (0xfd5c8583) lb      a1, -43(s9)
core   0: 3 0x80003e54 (0xfd5c8583) x11 0x0000006b mem 0x800122b0
core   0: 0x80003e58 (0x024cc603) lbu     a2, 36(s9)
core   0: 3 0x80003e58 (0x024cc603) x12 0x00000080 mem 0x800122ff
core   0: 0x80003e5c (0x0ff0000f) fence   iorw,iorw
core   0: 3 0x80003e5c (0x0ff0000f)
core   0: 0x80003e60 (0x02bca2a3) sw      a1, 37(s9)
core   0: 3 0x80003e60 (0x02bca2a3) mem 0x80012300 0x0000006b
core   0: 0x80003e64 (0xaf52f613) andi    a2, t0, -1291
core   0: 3 0x80003e64 (0xaf52f613) x12 0x0000a075
core   0: 0x80003e68 (0x002c8283) lb      t0, 2(s9)
core   0: 3 0x80003e68 (0x002c8283) x 5 0xffffff96 mem 0x800122dd
core   0: 0x80003e6c (0xfc2cc603) lbu     a2, -62(s9)
core   0: 3 0x80003e6c (0xfc2cc603) x12 0x00000056 mem 0x8001229d
core   0: 0x80003e70 (0xff8cc283) lbu     t0, -8(s9)
core   0: 3 0x80003e70 (0xff8cc283) x 5 0x00000088 mem 0x800122d3
core   0: 0x80003e74 (0x0052f933) and     s2, t0, t0
core   0: 3 0x80003e74 (0x0052f933) x18 0x00000088
core   0: 0x80003e78 (0x412553b3) sra     t2, a0, s2
core   0: 3 0x80003e78 (0x412553b3) x 7 0xffffc700
core   0: 0x80003e7c (0x00763633) sltu    a2, a2, t2
core   0: 3 0x80003e7c (0x00763633) x12 0x00000001
core   0: 0x80003e80 (0x00b90633) add     a2, s2, a1
core   0: 3 0x80003e80 (0x00b90633) x12 0x000000f3
core   0: 0x80003e84 (0xfc7cd583) lhu     a1, -57(s9)
core   0: 3 0x80003e84 (0xfc7cd583) x11 0x00005859 mem 0x800122a2
core   0: 0x80003e88 (0x00759633) sll     a2, a1, t2
core   0: 3 0x80003e88 (0x00759633) x12 0x00005859
core   0: 0x80003e8c (0x0000100f) fence.i
core   0: 3 0x80003e8c (0x0000100f)
core   0: 0x80003e90 (0x02bc8b23) sb      a1, 54(s9)
core   0: 3 0x80003e90 (0x02bc8b23) mem 0x80012311 0x59
core   0: 0x80003e94 (0x0001b117) auipc   sp, 0x1b
core   0: 3 0x80003e94 (0x0001b117) x 2 0x8001ee94
core   0: 0x80003e98 (0x93910113) addi    sp, sp, -1735
core   0: 3 0x80003e98 (0x93910113) x 2 0x8001e7cd
core   0: 0x80003e9c (0x0000100f) fence.i
core   0: 3 0x80003e9c (0x0000100f)
core   0: 0x80003ea0 (0xff9108a3) sb      s9, -15(sp)
core   0: 3 0x80003ea0 (0xff9108a3) mem 0x8001e7be 0xdb
core   0: 0x80003ea4 (0x8c1df393) andi    t2, s11, -1855
core   0: 3 0x80003ea4 (0x8c1df393) x 7 0x0000c8c1
core   0: 0x80003ea8 (0xf2511e83) lh      t4, -219(sp)
core   0: 3 0x80003ea8 (0xf2511e83) x29 0xffffa8a9 mem 0x8001e6f2
core   0: 0x80003eac (0xfbd107a3) sb      t4, -81(sp)
core   0: 3 0x80003eac (0xfbd107a3) mem 0x8001e77c 0xa9
core   0: 0x80003eb0 (0xf9210d03) lb      s10, -110(sp)
core   0: 3 0x80003eb0 (0xf9210d03) x26 0x00000014 mem 0x8001e75f
core   0: 0x80003eb4 (0xb273c693) xori    a3, t2, -1241
core   0: 3 0x80003eb4 (0xb273c693) x13 0xffff33e6
core   0: 0x80003eb8 (0x01a3ad33) slt     s10, t2, s10
core   0: 3 0x80003eb8 (0x01a3ad33) x26 0x00000000
core   0: 0x80003ebc (0x00000013) nop
core   0: 3 0x80003ebc (0x00000013)
core   0: 0x80003ec0 (0x34ecfd13) andi    s10, s9, 846
core   0: 3 0x80003ec0 (0x34ecfd13) x26 0x0000024a
core   0: 0x80003ec4 (0x09414c83) lbu     s9, 148(sp)
core   0: 3 0x80003ec4 (0x09414c83) x25 0x0000001a mem 0x8001e861
core   0: 0x80003ec8 (0xf3814383) lbu     t2, -200(sp)
core   0: 3 0x80003ec8 (0xf3814383) x 7 0x000000be mem 0x8001e705
core   0: 0x80003ecc (0x01a6c3b3) xor     t2, a3, s10
core   0: 3 0x80003ecc (0x01a6c3b3) x 7 0xffff31ac
core   0: 0x80003ed0 (0x0ae14d03) lbu     s10, 174(sp)
core   0: 3 0x80003ed0 (0x0ae14d03) x26 0x00000030 mem 0x8001e87b
core   0: 0x80003ed4 (0x05b12383) lw      t2, 91(sp)
core   0: 3 0x80003ed4 (0x05b12383) x 7 0xe0e1e2e3 mem 0x8001e828
core   0: 0x80003ed8 (0xf5b11ba3) sh      s11, -169(sp)
core   0: 3 0x80003ed8 (0xf5b11ba3) mem 0x8001e724 0xcecf
core   0: 0x80003edc (0x09910423) sb      s9, 136(sp)
core   0: 3 0x80003edc (0x09910423) mem 0x8001e855 0x1a
core   0: 0x80003ee0 (0x01a6ecb3) or      s9, a3, s10
core   0: 3 0x80003ee0 (0x01a6ecb3) x25 0xffff33f6
core   0: 0x80003ee4 (0x019ded33) or      s10, s11, s9
core   0: 3 0x80003ee4 (0x019ded33) x26 0xffffffff
core   0: 0x80003ee8 (0xf8210683) lb      a3, -126(sp)
core   0: 3 0x80003ee8 (0xf8210683) x13 0x00000004 mem 0x8001e74f
core   0: 0x80003eec (0x0153dd13) srli    s10, t2, 21
core   0: 3 0x80003eec (0x0153dd13) x26 0x00000707
core   0: 0x80003ef0 (0x01b3cd33) xor     s10, t2, s11
core   0: 3 0x80003ef0 (0x01b3cd33) x26 0xe0e12c2c
core   0: 0x80003ef4 (0x01ad6eb3) or      t4, s10, s10
core   0: 3 0x80003ef4 (0x01ad6eb3) x29 0xe0e12c2c
core   0: 0x80003ef8 (0xf7f50d17) auipc   s10, 0xf7f50
core   0: 3 0x80003ef8 (0xf7f50d17) x26 0x77f53ef8
core   0: 0x80003efc (0xfb214383) lbu     t2, -78(sp)
core   0: 3 0x80003efc (0xfb214383) x 7 0x00000034 mem 0x8001e77f
core   0: 0x80003f00 (0xfa710ba3) sb      t2, -73(sp)
core   0: 3 0x80003f00 (0xfa710ba3) mem 0x8001e784 0x34
core   0: 0x80003f04 (0x01dd63b3) or      t2, s10, t4
core   0: 3 0x80003f04 (0x01dd63b3) x 7 0xf7f53efc
core   0: 0x80003f08 (0x06014383) lbu     t2, 96(sp)
core   0: 3 0x80003f08 (0x06014383) x 7 0x00000063 mem 0x8001e82d
core   0: 0x80003f0c (0x01b69393) slli    t2, a3, 27
core   0: 3 0x80003f0c (0x01b69393) x 7 0x20000000
core   0: 0x80003f10 (0xf8515383) lhu     t2, -123(sp)
core   0: 3 0x80003f10 (0xf8515383) x 7 0x00000809 mem 0x8001e752
core   0: 0x80003f14 (0x08b14c83) lbu     s9, 139(sp)
core   0: 3 0x80003f14 (0x08b14c83) x25 0x00000013 mem 0x8001e858
core   0: 0x80003f18 (0x019edd33) srl     s10, t4, s9
core   0: 3 0x80003f18 (0x019edd33) x26 0x00001c1c
core   0: 0x80003f1c (0x0c515d03) lhu     s10, 197(sp)
core   0: 3 0x80003f1c (0x0c515d03) x26 0x00004849 mem 0x8001e892
core   0: 0x80003f20 (0x00dd4d33) xor     s10, s10, a3
core   0: 3 0x80003f20 (0x00dd4d33) x26 0x0000484d
core   0: 0x80003f24 (0xff312d03) lw      s10, -13(sp)
core   0: 3 0x80003f24 (0xff312d03) x26 0x78797a7b mem 0x8001e7c0
core   0: 0x80003f28 (0x09514e83) lbu     t4, 149(sp)
core   0: 3 0x80003f28 (0x09514e83) x29 0x00000019 mem 0x8001e862
core   0: 0x80003f2c (0x007d5d93) srli    s11, s10, 7
core   0: 3 0x80003f2c (0x007d5d93) x27 0x00f0f2f4
core   0: 0x80003f30 (0x07a10023) sb      s10, 96(sp)
core   0: 3 0x80003f30 (0x07a10023) mem 0x8001e82d 0x7b
core   0: 0x80003f34 (0x01b3edb3) or      s11, t2, s11
core   0: 3 0x80003f34 (0x01b3edb3) x27 0x00f0fafd
core   0: 0x80003f38 (0xd13ead13) slti    s10, t4, -749
core   0: 3 0x80003f38 (0xd13ead13) x26 0x00000000
core   0: 0x80003f3c (0x3f0fec97) auipc   s9, 0x3f0fe
core   0: 3 0x80003f3c (0x3f0fec97) x25 0xbf101f3c
core   0: 0x80003f40 (0xfad15383) lhu     t2, -83(sp)
core   0: 3 0x80003f40 (0xfad15383) x 7 0x00003031 mem 0x8001e77a
core   0: 0x80003f44 (0x00dd23b3) slt     t2, s10, a3
core   0: 3 0x80003f44 (0x00dd23b3) x 7 0x00000001
core   0: 0x80003f48 (0xf6d10923) sb      a3, -142(sp)
core   0: 3 0x80003f48 (0xf6d10923) mem 0x8001e73f 0x4
core   0: 0x80003f4c (0xf6410683) lb      a3, -156(sp)
core   0: 3 0x80003f4c (0xf6410683) x13 0xffffffea mem 0x8001e731
core   0: 0x80003f50 (0xfc010d03) lb      s10, -64(sp)
core   0: 3 0x80003f50 (0xfc010d03) x26 0x00000046 mem 0x8001e78d
core   0: 0x80003f54 (0xce9ea393) slti    t2, t4, -791
core   0: 3 0x80003f54 (0xce9ea393) x 7 0x00000000
core   0: 0x80003f58 (0xf67117a3) sh      t2, -145(sp)
core   0: 3 0x80003f58 (0xf67117a3) mem 0x8001e73c 0x0000
core   0: 0x80003f5c (0xf3b10383) lb      t2, -197(sp)
core   0: 3 0x80003f5c (0xf3b10383) x 7 0xffffffc3 mem 0x8001e708
core   0: 0x80003f60 (0x0b414d03) lbu     s10, 180(sp)
core   0: 3 0x80003f60 (0x0b414d03) x26 0x0000003a mem 0x8001e881
core   0: 0x80003f64 (0x0d315383) lhu     t2, 211(sp)
core   0: 3 0x80003f64 (0x0d315383) x 7 0x00005a5b mem 0x8001e8a0
core   0: 0x80003f68 (0x0480036f) jal     t1, pc + 0x48
core   0: 3 0x80003f68 (0x0480036f) x 6 0x80003f6c
core   0: 0x80003fb0 (0x014000ef) jal     pc + 0x14
core   0: 3 0x80003fb0 (0x014000ef) x 1 0x80003fb4
core   0: 0x80003fc4 (0xfadff0ef) jal     pc - 0x54
core   0: 3 0x80003fc4 (0xfadff0ef) x 1 0x80003fc8
core   0: 0x80003f70 (0x03c000ef) jal     pc + 0x3c
core   0: 3 0x80003f70 (0x03c000ef) x 1 0x80003f74
core   0: 0x80003fac (0xfcdff36f) jal     t1, pc - 0x34
core   0: 3 0x80003fac (0xfcdff36f) x 6 0x80003fb0
core   0: 0x80003f78 (0xff5ff6ef) jal     a3, pc - 0xc
core   0: 3 0x80003f78 (0xff5ff6ef) x13 0x80003f7c
core   0: 0x80003f6c (0x05c0036f) jal     t1, pc + 0x5c
core   0: 3 0x80003f6c (0x05c0036f) x 6 0x80003f70
core   0: 0x80003fc8 (0xfddff0ef) jal     pc - 0x24
core   0: 3 0x80003fc8 (0xfddff0ef) x 1 0x80003fcc
core   0: 0x80003fa4 (0xff5ff0ef) jal     pc - 0xc
core   0: 3 0x80003fa4 (0xff5ff0ef) x 1 0x80003fa8
core   0: 0x80003f98 (0x004004ef) jal     s1, pc + 0x4
core   0: 3 0x80003f98 (0x004004ef) x 9 0x80003f9c
core   0: 0x80003f9c (0x004000ef) jal     pc + 0x4
core   0: 3 0x80003f9c (0x004000ef) x 1 0x80003fa0
core   0: 0x80003fa0 (0xfedff36f) jal     t1, pc - 0x14
core   0: 3 0x80003fa0 (0xfedff36f) x 6 0x80003fa4
core   0: 0x80003f8c (0x008000ef) jal     pc + 0x8
core   0: 3 0x80003f8c (0x008000ef) x 1 0x80003f90
core   0: 0x80003f94 (0x024000ef) jal     pc + 0x24
core   0: 3 0x80003f94 (0x024000ef) x 1 0x80003f98
core   0: 0x80003fb8 (0xff1ff36f) jal     t1, pc - 0x10
core   0: 3 0x80003fb8 (0xff1ff36f) x 6 0x80003fbc
core   0: 0x80003fa8 (0x014000ef) jal     pc + 0x14
core   0: 3 0x80003fa8 (0x014000ef) x 1 0x80003fac
core   0: 0x80003fbc (0xfb9ff0ef) jal     pc - 0x48
core   0: 3 0x80003fbc (0xfb9ff0ef) x 1 0x80003fc0
core   0: 0x80003f74 (0x014003ef) jal     t2, pc + 0x14
core   0: 3 0x80003f74 (0x014003ef) x 7 0x80003f78
core   0: 0x80003f88 (0xffdff0ef) jal     pc - 0x4
core   0: 3 0x80003f88 (0xffdff0ef) x 1 0x80003f8c
core   0: 0x80003f84 (0xff9ff1ef) jal     gp, pc - 0x8
core   0: 3 0x80003f84 (0xff9ff1ef) x 3 0x80003f88
core   0: 0x80003f7c (0x014000ef) jal     pc + 0x14
core   0: 3 0x80003f7c (0x014000ef) x 1 0x80003f80
core   0: 0x80003f90 (0x024000ef) jal     pc + 0x24
core   0: 3 0x80003f90 (0x024000ef) x 1 0x80003f94
core   0: 0x80003fb4 (0xfcdff96f) jal     s2, pc - 0x34
core   0: 3 0x80003fb4 (0xfcdff96f) x18 0x80003fb8
core   0: 0x80003f80 (0x0400056f) jal     a0, pc + 0x40
core   0: 3 0x80003f80 (0x0400056f) x10 0x80003f84
core   0: 0x80003fc0 (0x00c001ef) jal     gp, pc + 0xc
core   0: 3 0x80003fc0 (0x00c001ef) x 3 0x80003fc4
core   0: 0x80003fcc (0x7bb7aa13) slti    s4, a5, 1979
core   0: 3 0x80003fcc (0x7bb7aa13) x20 0x00000001
core   0: 0x80003fd0 (0x05c0036f) jal     t1, pc + 0x5c
core   0: 3 0x80003fd0 (0x05c0036f) x 6 0x80003fd4
core   0: 0x8000402c (0xfc5ff36f) jal     t1, pc - 0x3c
core   0: 3 0x8000402c (0xfc5ff36f) x 6 0x80004030
core   0: 0x80003ff0 (0x008008ef) jal     a7, pc + 0x8
core   0: 3 0x80003ff0 (0x008008ef) x17 0x80003ff4
core   0: 0x80003ff8 (0xfe9ff0ef) jal     pc - 0x18
core   0: 3 0x80003ff8 (0xfe9ff0ef) x 1 0x80003ffc
core   0: 0x80003fe0 (0x05c0016f) jal     sp, pc + 0x5c
core   0: 3 0x80003fe0 (0x05c0016f) x 2 0x80003fe4
core   0: 0x8000403c (0xfb1ff0ef) jal     pc - 0x50
core   0: 3 0x8000403c (0xfb1ff0ef) x 1 0x80004040
core   0: 0x80003fec (0xfedff0ef) jal     pc - 0x14
core   0: 3 0x80003fec (0xfedff0ef) x 1 0x80003ff0
core   0: 0x80003fd8 (0x060000ef) jal     pc + 0x60
core   0: 3 0x80003fd8 (0x060000ef) x 1 0x80003fdc
core   0: 0x80004038 (0xfc9ff36f) jal     t1, pc - 0x38
core   0: 3 0x80004038 (0xfc9ff36f) x 6 0x8000403c
core   0: 0x80004000 (0xffdff0ef) jal     pc - 0x4
core   0: 3 0x80004000 (0xffdff0ef) x 1 0x80004004
core   0: 0x80003ffc (0x0340036f) jal     t1, pc + 0x34
core   0: 3 0x80003ffc (0x0340036f) x 6 0x80004000
core   0: 0x80004030 (0xfd5ff0ef) jal     pc - 0x2c
core   0: 3 0x80004030 (0xfd5ff0ef) x 1 0x80004034
core   0: 0x80004004 (0x030000ef) jal     pc + 0x30
core   0: 3 0x80004004 (0x030000ef) x 1 0x80004008
core   0: 0x80004034 (0xff1ff0ef) jal     pc - 0x10
core   0: 3 0x80004034 (0xff1ff0ef) x 1 0x80004038
core   0: 0x80004024 (0xfedff0ef) jal     pc - 0x14
core   0: 3 0x80004024 (0xfedff0ef) x 1 0x80004028
core   0: 0x80004010 (0x030000ef) jal     pc + 0x30
core   0: 3 0x80004010 (0x030000ef) x 1 0x80004014
core   0: 0x80004040 (0xfcdff0ef) jal     pc - 0x34
core   0: 3 0x80004040 (0xfcdff0ef) x 1 0x80004044
core   0: 0x8000400c (0xfc9ff0ef) jal     pc - 0x38
core   0: 3 0x8000400c (0xfc9ff0ef) x 1 0x80004010
core   0: 0x80003fd4 (0x020000ef) jal     pc + 0x20
core   0: 3 0x80003fd4 (0x020000ef) x 1 0x80003fd8
core   0: 0x80003ff4 (0x01400eef) jal     t4, pc + 0x14
core   0: 3 0x80003ff4 (0x01400eef) x29 0x80003ff8
core   0: 0x80004008 (0xfd5ff56f) jal     a0, pc - 0x2c
core   0: 3 0x80004008 (0xfd5ff56f) x10 0x8000400c
core   0: 0x80003fdc (0x0400036f) jal     t1, pc + 0x40
core   0: 3 0x80003fdc (0x0400036f) x 6 0x80003fe0
core   0: 0x8000401c (0x004000ef) jal     pc + 0x4
core   0: 3 0x8000401c (0x004000ef) x 1 0x80004020
core   0: 0x80004020 (0xfc9ff0ef) jal     pc - 0x38
core   0: 3 0x80004020 (0xfc9ff0ef) x 1 0x80004024
core   0: 0x80003fe8 (0x040000ef) jal     pc + 0x40
core   0: 3 0x80003fe8 (0x040000ef) x 1 0x80003fec
core   0: 0x80004028 (0xfbdff0ef) jal     pc - 0x44
core   0: 3 0x80004028 (0xfbdff0ef) x 1 0x8000402c
core   0: 0x80003fe4 (0x03400d6f) jal     s10, pc + 0x34
core   0: 3 0x80003fe4 (0x03400d6f) x26 0x80003fe8
core   0: 0x80004018 (0xffdff36f) jal     t1, pc - 0x4
core   0: 3 0x80004018 (0xffdff36f) x 6 0x8000401c
core   0: 0x80004014 (0x030000ef) jal     pc + 0x30
core   0: 3 0x80004014 (0x030000ef) x 1 0x80004018
core   0: 0x80004044 (0x741fccb7) lui     s9, 0x741fc
core   0: 3 0x80004044 (0x741fccb7) x25 0x741fc000
core   0: 0x80004048 (0x00016f17) auipc   t5, 0x16
core   0: 3 0x80004048 (0x00016f17) x30 0x8001a048
core   0: 0x8000404c (0x821f0f13) addi    t5, t5, -2015
core   0: 3 0x8000404c (0x821f0f13) x30 0x80019869
core   0: 0x80004050 (0xfabf0e03) lb      t3, -85(t5)
core   0: 3 0x80004050 (0xfabf0e03) x28 0xffffffcf mem 0x80019814
core   0: 0x80004054 (0xfd4f4e03) lbu     t3, -44(t5)
core   0: 3 0x80004054 (0xfd4f4e03) x28 0x000000f6 mem 0x8001983d
core   0: 0x80004058 (0x41945593) srai    a1, s0, 25
core   0: 3 0x80004058 (0x41945593) x11 0x00000000
core   0: 0x8000405c (0xfdff5a03) lhu     s4, -33(t5)
core   0: 3 0x8000405c (0xfdff5a03) x20 0x00000203 mem 0x80019848
core   0: 0x80004060 (0x00f5a7b3) slt     a5, a1, a5
core   0: 3 0x80004060 (0x00f5a7b3) x15 0x00000001
core   0: 0x80004064 (0x00000013) nop
core   0: 3 0x80004064 (0x00000013)
core   0: 0x80004068 (0x00fe1a33) sll     s4, t3, a5
core   0: 3 0x80004068 (0x00fe1a33) x20 0x000001ec
core   0: 0x8000406c (0x1a07e593) ori     a1, a5, 416
core   0: 3 0x8000406c (0x1a07e593) x11 0x000001a1
core   0: 0x80004070 (0x0f6f0a03) lb      s4, 246(t5)
core   0: 3 0x80004070 (0x0f6f0a03) x20 0x00000014 mem 0x8001995f
core   0: 0x80004074 (0x7bae3e13) sltiu   t3, t3, 1978
core   0: 3 0x80004074 (0x7bae3e13) x28 0x00000001
core   0: 0x80004078 (0xf4ff0623) sb      a5, -180(t5)
core   0: 3 0x80004078 (0xf4ff0623) mem 0x800197b5 0x1
core   0: 0x8000407c (0x0d6f0783) lb      a5, 214(t5)
core   0: 3 0x8000407c (0x0d6f0783) x15 0xfffffff4 mem 0x8001993f
core   0: 0x80004080 (0xfaef0223) sb      a4, -92(t5)
core   0: 3 0x80004080 (0xfaef0223) mem 0x8001980d 0xe7
core   0: 0x80004084 (0xf4ff1ba3) sh      a5, -169(t5)
core   0: 3 0x80004084 (0xf4ff1ba3) mem 0x800197c0 0xfff4
core   0: 0x80004088 (0x094f0783) lb      a5, 148(t5)
core   0: 3 0x80004088 (0x094f0783) x15 0xffffffb6 mem 0x800198fd
core   0: 0x8000408c (0x0aef0323) sb      a4, 166(t5)
core   0: 3 0x8000408c (0x0aef0323) mem 0x8001990f 0xe7
core   0: 0x80004090 (0x08ff08a3) sb      a5, 145(t5)
core   0: 3 0x80004090 (0x08ff08a3) mem 0x800198fa 0xb6
core   0: 0x80004094 (0xfabf27a3) sw      a1, -81(t5)
core   0: 3 0x80004094 (0xfabf27a3) mem 0x80019818 0x000001a1
core   0: 0x80004098 (0x014a1e33) sll     t3, s4, s4
core   0: 3 0x80004098 (0x014a1e33) x28 0x01400000
core   0: 0x8000409c (0x01c5f433) and     s0, a1, t3
core   0: 3 0x8000409c (0x01c5f433) x 8 0x00000000
core   0: 0x800040a0 (0x08bf5403) lhu     s0, 139(t5)
core   0: 3 0x800040a0 (0x08bf5403) x 8 0x0000aeaf mem 0x800198f4
core   0: 0x800040a4 (0xd8c7be13) sltiu   t3, a5, -628
core   0: 3 0x800040a4 (0xd8c7be13) x28 0x00000000
core   0: 0x800040a8 (0x25cf27b7) lui     a5, 0x25cf2
core   0: 3 0x800040a8 (0x25cf27b7) x15 0x25cf2000
core   0: 0x800040ac (0xf0ef27a3) sw      a4, -241(t5)
core   0: 3 0x800040ac (0xf0ef27a3) mem 0x80019778 0xffffe6e7
core   0: 0x800040b0 (0xde440a13) addi    s4, s0, -540
core   0: 3 0x800040b0 (0xde440a13) x20 0x0000ac93
core   0: 0x800040b4 (0xf41f4583) lbu     a1, -191(t5)
core   0: 3 0x800040b4 (0xf41f4583) x11 0x00000061 mem 0x800197aa
core   0: 0x800040b8 (0x0085f733) and     a4, a1, s0
core   0: 3 0x800040b8 (0x0085f733) x14 0x00000021
core   0: 0x800040bc (0x014e7733) and     a4, t3, s4
core   0: 3 0x800040bc (0x014e7733) x14 0x00000000
core   0: 0x800040c0 (0x01c40e33) add     t3, s0, t3
core   0: 3 0x800040c0 (0x01c40e33) x28 0x0000aeaf
core   0: 0x800040c4 (0x01ce5a33) srl     s4, t3, t3
core   0: 3 0x800040c4 (0x01ce5a33) x20 0x00000001
core   0: 0x800040c8 (0x02bf0023) sb      a1, 32(t5)
core   0: 3 0x800040c8 (0x02bf0023) mem 0x80019889 0x61
core   0: 0x800040cc (0x00af4e03) lbu     t3, 10(t5)
core   0: 3 0x800040cc (0x00af4e03) x28 0x00000028 mem 0x80019873
core   0: 0x800040d0 (0xfd5f0703) lb      a4, -43(t5)
core   0: 3 0x800040d0 (0xfd5f0703) x14 0xfffffff5 mem 0x8001983e
core   0: 0x800040d4 (0xf01f0583) lb      a1, -255(t5)
core   0: 3 0x800040d4 (0xf01f0583) x11 0x00000021 mem 0x8001976a
core   0: 0x800040d8 (0x00017717) auipc   a4, 0x17
core   0: 3 0x800040d8 (0x00017717) x14 0x8001b0d8
core   0: 0x800040dc (0xfdf70713) addi    a4, a4, -33
core   0: 3 0x800040dc (0xfdf70713) x14 0x8001b0b7
core   0: 0x800040e0 (0x0001d697) auipc   a3, 0x1d
core   0: 3 0x800040e0 (0x0001d697) x13 0x800210e0
core   0: 0x800040e4 (0x2ce68693) addi    a3, a3, 718
core   0: 3 0x800040e4 (0x2ce68693) x13 0x800213ae
core   0: 0x800040e8 (0x00015917) auipc   s2, 0x15
core   0: 3 0x800040e8 (0x00015917) x18 0x800190e8
core   0: 0x800040ec (0xdf490913) addi    s2, s2, -524
core   0: 3 0x800040ec (0xdf490913) x18 0x80018edc
core   0: 0x800040f0 (0xff371303) lh      t1, -13(a4)
core   0: 3 0x800040f0 (0xff371303) x 6 0x00006061 mem 0x8001b0aa
core   0: 0x800040f4 (0xfe76a923) sw      t2, -14(a3)
core   0: 3 0x800040f4 (0xfe76a923) mem 0x800213a0 0x80003f78
core   0: 0x800040f8 (0x03a6da83) lhu     s5, 58(a3)
core   0: 3 0x800040f8 (0x03a6da83) x21 0x0000a2a3 mem 0x800213e8
core   0: 0x800040fc (0x02f684a3) sb      a5, 41(a3)
core   0: 3 0x800040fc (0x02f684a3) mem 0x800213d7 0x0
core   0: 0x80004100 (0x010702a3) sb      a6, 5(a4)
core   0: 3 0x80004100 (0x010702a3) mem 0x8001b0bc 0x95
core   0: 0x80004104 (0x00491303) lh      t1, 4(s2)
core   0: 3 0x80004104 (0x00491303) x 6 0xffff9a9b mem 0x80018ee0
core   0: 0x80004108 (0xff891403) lh      s0, -8(s2)
core   0: 3 0x80004108 (0xff891403) x 8 0xffff8e8f mem 0x80018ed4
core   0: 0x8000410c (0xff175f03) lhu     t5, -15(a4)
core   0: 3 0x8000410c (0xff175f03) x30 0x00006263 mem 0x8001b0a8
core   0: 0x80004110 (0xfd3683a3) sb      s3, -57(a3)
core   0: 3 0x80004110 (0xfd3683a3) mem 0x80021375 0x9c
core   0: 0x80004114 (0xfe76c103) lbu     sp, -25(a3)
core   0: 3 0x80004114 (0xfe76c103) x 2 0x0000004e mem 0x80021395
core   0: 0x80004118 (0xffc90003) lb      zero, -4(s2)
core   0: 3 0x80004118 (0xffc90003) mem 0x80018ed8
core   0: 0x8000411c (0xfc1688a3) sb      ra, -47(a3)
core   0: 3 0x8000411c (0xfc1688a3) mem 0x8002137f 0x18
core   0: 0x80004120 (0xffb94403) lbu     s0, -5(s2)
core   0: 3 0x80004120 (0xffb94403) x 8 0x0000008c mem 0x80018ed7
core   0: 0x80004124 (0x00268da3) sb      sp, 27(a3)
core   0: 3 0x80004124 (0x00268da3) mem 0x800213c9 0x4e
core   0: 0x80004128 (0x00670a03) lb      s4, 6(a4)
core   0: 3 0x80004128 (0x00670a03) x20 0x00000076 mem 0x8001b0bd
core   0: 0x8000412c (0xffe91d03) lh      s10, -2(s2)
core   0: 3 0x8000412c (0xffe91d03) x26 0xffff9091 mem 0x80018eda
core   0: 0x80004130 (0x01a91323) sh      s10, 6(s2)
core   0: 3 0x80004130 (0x01a91323) mem 0x80018ee2 0x9091
core   0: 0x80004134 (0x00a70f03) lb      t5, 10(a4)
core   0: 3 0x80004134 (0x00a70f03) x30 0x0000007a mem 0x8001b0c1
core   0: 0x80004138 (0x012902a3) sb      s2, 5(s2)
core   0: 3 0x80004138 (0x012902a3) mem 0x80018ee1 0xdc
core   0: 0x8000413c (0xfcc69823) sh      a2, -48(a3)
core   0: 3 0x8000413c (0xfcc69823) mem 0x8002137e 0x5859
core   0: 0x80004140 (0xffe74483) lbu     s1, -2(a4)
core   0: 3 0x80004140 (0xffe74483) x 9 0x0000006e mem 0x8001b0b5
core   0: 0x80004144 (0xfdb68603) lb      a2, -37(a3)
core   0: 3 0x80004144 (0xfdb68603) x12 0x00000042 mem 0x80021389
core   0: 0x80004148 (0x03668f03) lb      t5, 54(a3)
core   0: 3 0x80004148 (0x03668f03) x30 0xffffff9f mem 0x800213e4
core   0: 0x8000414c (0x00011297) auipc   t0, 0x11
core   0: 3 0x8000414c (0x00011297) x 5 0x8001514c
core   0: 0x80004150 (0xefe28293) addi    t0, t0, -258
core   0: 3 0x80004150 (0xefe28293) x 5 0x8001504a
core   0: 0x80004154 (0x0b62ca83) lbu     s5, 182(t0)
core   0: 3 0x80004154 (0x0b62ca83) x21 0x000000bb mem 0x80015100
core   0: 0x80004158 (0x0000e397) auipc   t2, 0xe
core   0: 3 0x80004158 (0x0000e397) x 7 0x80012158
core   0: 0x8000415c (0x54b38393) addi    t2, t2, 1355
core   0: 3 0x8000415c (0x54b38393) x 7 0x800126a3
core   0: 0x80004160 (0x0c338323) sb      gp, 198(t2)
core   0: 3 0x80004160 (0x0c338323) mem 0x80012769 0xc4
core   0: 0x80004164 (0xf6c2d083) lhu     ra, -148(t0)
core   0: 3 0x80004164 (0xf6c2d083) x 1 0x00006c6d mem 0x80014fb6
core   0: 0x80004168 (0xfc53a083) lw      ra, -59(t2)
core   0: 3 0x80004168 (0xfc53a083) x 1 0x20212223 mem 0x80012668
core   0: 0x8000416c (0xfb72ad23) sw      s7, -70(t0)
core   0: 3 0x8000416c (0xfb72ad23) mem 0x80015004 0xffffffd8
core   0: 0x80004170 (0xf1c3c403) lbu     s0, -228(t2)
core   0: 3 0x80004170 (0xf1c3c403) x 8 0x00000074 mem 0x800125bf
core   0: 0x80004174 (0x01229323) sh      s2, 6(t0)
core   0: 3 0x80004174 (0x01229323) mem 0x80015050 0x8edc
core   0: 0x80004178 (0xfa63cd83) lbu     s11, -90(t2)
core   0: 3 0x80004178 (0xfa63cd83) x27 0x00000002 mem 0x80012649
core   0: 0x8000417c (0xf252c503) lbu     a0, -219(t0)
core   0: 3 0x8000417c (0xf252c503) x10 0x00000024 mem 0x80014f6f
core   0: 0x80004180 (0x0ea2af03) lw      t5, 234(t0)
core   0: 3 0x80004180 (0x0ea2af03) x30 0xecedeeef mem 0x80015134
core   0: 0x80004184 (0x00338703) lb      a4, 3(t2)
core   0: 3 0x80004184 (0x00338703) x14 0x0000005d mem 0x800126a6
core   0: 0x80004188 (0xff538423) sb      s5, -24(t2)
core   0: 3 0x80004188 (0xff538423) mem 0x8001268b 0xbb
core   0: 0x8000418c (0x04638a23) sb      t1, 84(t2)
core   0: 3 0x8000418c (0x04638a23) mem 0x800126f7 0x9b
core   0: 0x80004190 (0x0ae391a3) sh      a4, 163(t2)
core   0: 3 0x80004190 (0x0ae391a3) mem 0x80012746 0x005d
core   0: 0x80004194 (0xf6328e03) lb      t3, -157(t0)
core   0: 3 0x80004194 (0xf6328e03) x28 0x00000066 mem 0x80014fad
core   0: 0x80004198 (0x0923cd83) lbu     s11, 146(t2)
core   0: 3 0x80004198 (0x0923cd83) x27 0x000000ee mem 0x80012735
core   0: 0x8000419c (0xf363ca83) lbu     s5, -202(t2)
core   0: 3 0x8000419c (0xf363ca83) x21 0x00000092 mem 0x800125d9
core   0: 0x800041a0 (0x09d28323) sb      t4, 134(t0)
core   0: 3 0x800041a0 (0x09d28323) mem 0x800150d0 0xf8
core   0: 0x800041a4 (0x00600713) li      a4, 6
core   0: 3 0x800041a4 (0x00600713) x14 0x00000006
core   0: 0x800041a8 (0x01283533) sltu    a0, a6, s2
core   0: 3 0x800041a8 (0x01283533) x10 0x00000001
core   0: 0x800041ac (0x0000100f) fence.i
core   0: 3 0x800041ac (0x0000100f)
core   0: 0x800041b0 (0x01fae1b3) or      gp, s5, t6
core   0: 3 0x800041b0 (0x01fae1b3) x 3 0x000000f7
core   0: 0x800041b4 (0x00681693) slli    a3, a6, 6
core   0: 3 0x800041b4 (0x00681693) x13 0x00252540
core   0: 0x800041b8 (0x007e36b3) sltu    a3, t3, t2
core   0: 3 0x800041b8 (0x007e36b3) x13 0x00000001
core   0: 0x800041bc (0x00ab9513) slli    a0, s7, 10
core   0: 3 0x800041bc (0x00ab9513) x10 0xffff6000
core   0: 0x800041c0 (0xffc00f13) li      t5, -4
core   0: 3 0x800041c0 (0xffc00f13) x30 0xfffffffc
core   0: 0x800041c4 (0x00269193) slli    gp, a3, 2
core   0: 3 0x800041c4 (0x00269193) x 3 0x00000004
core   0: 0x800041c8 (0x0000100f) fence.i
core   0: 3 0x800041c8 (0x0000100f)
core   0: 0x800041cc (0x01b72613) slti    a2, a4, 27
core   0: 3 0x800041cc (0x01b72613) x12 0x00000001
core   0: 0x800041d0 (0xffb70713) addi    a4, a4, -5
core   0: 3 0x800041d0 (0xffb70713) x14 0x00000001
core   0: 0x800041d4 (0x00955933) srl     s2, a0, s1
core   0: 3 0x800041d4 (0x00955933) x18 0x0003fffd
core   0: 0x800041d8 (0x40f30db3) sub     s11, t1, a5
core   0: 3 0x800041d8 (0x40f30db3) x27 0xda307a9b
core   0: 0x800041dc (0x00355d93) srli    s11, a0, 3
core   0: 3 0x800041dc (0x00355d93) x27 0x1fffec00
core   0: 0x800041e0 (0x00002db3) slt     s11, zero, zero
core   0: 3 0x800041e0 (0x00002db3) x27 0x00000000
core   0: 0x800041e4 (0x79a53a93) sltiu   s5, a0, 1946
core   0: 3 0x800041e4 (0x79a53a93) x21 0x00000000
core   0: 0x800041e8 (0x01335293) srli    t0, t1, 19
core   0: 3 0x800041e8 (0x01335293) x 5 0x00001fff
core   0: 0x800041ec (0x6b412093) slti    ra, sp, 1716
core   0: 3 0x800041ec (0x6b412093) x 1 0x00000001
core   0: 0x800041f0 (0x0ff0000f) fence   iorw,iorw
core   0: 3 0x800041f0 (0x0ff0000f)
core   0: 0x800041f4 (0x4122d293) srai    t0, t0, 18
core   0: 3 0x800041f4 (0x4122d293) x 5 0x00000000
core   0: 0x800041f8 (0x412207b3) sub     a5, tp, s2
core   0: 3 0x800041f8 (0x412207b3) x15 0x7ffebce7
core   0: 0x800041fc (0x8d900693) li      a3, -1831
core   0: 3 0x800041fc (0x8d900693) x13 0xfffff8d9
core   0: 0x80004200 (0x018f5613) srli    a2, t5, 24
core   0: 3 0x80004200 (0x018f5613) x12 0x000000ff
core   0: 0x80004204 (0x00b06db3) or      s11, zero, a1
core   0: 3 0x80004204 (0x00b06db3) x27 0x00000021
core   0: 0x80004208 (0xfde712e3) bne     a4, t5, pc - 60
core   0: 3 0x80004208 (0xfde712e3)
core   0: 0x800041cc (0x01b72613) slti    a2, a4, 27
core   0: 3 0x800041cc (0x01b72613) x12 0x00000001
core   0: 0x800041d0 (0xffb70713) addi    a4, a4, -5
core   0: 3 0x800041d0 (0xffb70713) x14 0xfffffffc
core   0: 0x800041d4 (0x00955933) srl     s2, a0, s1
core   0: 3 0x800041d4 (0x00955933) x18 0x0003fffd
core   0: 0x800041d8 (0x40f30db3) sub     s11, t1, a5
core   0: 3 0x800041d8 (0x40f30db3) x27 0x8000ddb4
core   0: 0x800041dc (0x00355d93) srli    s11, a0, 3
core   0: 3 0x800041dc (0x00355d93) x27 0x1fffec00
core   0: 0x800041e0 (0x00002db3) slt     s11, zero, zero
core   0: 3 0x800041e0 (0x00002db3) x27 0x00000000
core   0: 0x800041e4 (0x79a53a93) sltiu   s5, a0, 1946
core   0: 3 0x800041e4 (0x79a53a93) x21 0x00000000
core   0: 0x800041e8 (0x01335293) srli    t0, t1, 19
core   0: 3 0x800041e8 (0x01335293) x 5 0x00001fff
core   0: 0x800041ec (0x6b412093) slti    ra, sp, 1716
core   0: 3 0x800041ec (0x6b412093) x 1 0x00000001
core   0: 0x800041f0 (0x0ff0000f) fence   iorw,iorw
core   0: 3 0x800041f0 (0x0ff0000f)
core   0: 0x800041f4 (0x4122d293) srai    t0, t0, 18
core   0: 3 0x800041f4 (0x4122d293) x 5 0x00000000
core   0: 0x800041f8 (0x412207b3) sub     a5, tp, s2
core   0: 3 0x800041f8 (0x412207b3) x15 0x7ffebce7
core   0: 0x800041fc (0x8d900693) li      a3, -1831
core   0: 3 0x800041fc (0x8d900693) x13 0xfffff8d9
core   0: 0x80004200 (0x018f5613) srli    a2, t5, 24
core   0: 3 0x80004200 (0x018f5613) x12 0x000000ff
core   0: 0x80004204 (0x00b06db3) or      s11, zero, a1
core   0: 3 0x80004204 (0x00b06db3) x27 0x00000021
core   0: 0x80004208 (0xfde712e3) bne     a4, t5, pc - 60
core   0: 3 0x80004208 (0xfde712e3)
core   0: 0x8000420c (0x00000013) nop
core   0: 3 0x8000420c (0x00000013)
core   0: 0x80004210 (0x0000ef17) auipc   t5, 0xe
core   0: 3 0x80004210 (0x0000ef17) x30 0x80012210
core   0: 0x80004214 (0xfeff0f13) addi    t5, t5, -17
core   0: 3 0x80004214 (0xfeff0f13) x30 0x800121ff
core   0: 0x80004218 (0x3605ce13) xori    t3, a1, 864
core   0: 3 0x80004218 (0x3605ce13) x28 0x00000341
core   0: 0x8000421c (0x434f0b83) lb      s7, 1076(t5)
core   0: 3 0x8000421c (0x434f0b83) x23 0xffffffe8 mem 0x80012633
core   0: 0x80004220 (0x40b5de33) sra     t3, a1, a1
core   0: 3 0x80004220 (0x40b5de33) x28 0x00000010
core   0: 0x80004224 (0x01cbdfb3) srl     t6, s7, t3
core   0: 3 0x80004224 (0x01cbdfb3) x31 0x0000ffff
core   0: 0x80004228 (0x07dfb5b7) lui     a1, 0x7dfb
core   0: 3 0x80004228 (0x07dfb5b7) x11 0x07dfb000
core   0: 0x8000422c (0xf6cf0583) lb      a1, -148(t5)
core   0: 3 0x8000422c (0xf6cf0583) x11 0x00000020 mem 0x8001216b
core   0: 0x80004230 (0x2e5e4f93) xori    t6, t3, 741
core   0: 3 0x80004230 (0x2e5e4f93) x31 0x000002f5
core   0: 0x80004234 (0x4fff0123) sb      t6, 1250(t5)
core   0: 3 0x80004234 (0x4fff0123) mem 0x800126e1 0xf5
core   0: 0x80004238 (0x05cf0023) sb      t3, 64(t5)
core   0: 3 0x80004238 (0x05cf0023) mem 0x8001223f 0x10
core   0: 0x8000423c (0x878c0c13) addi    s8, s8, -1928
core   0: 3 0x8000423c (0x878c0c13) x24 0x8001fa0d
core   0: 0x80004240 (0x41c5d5b3) sra     a1, a1, t3
core   0: 3 0x80004240 (0x41c5d5b3) x11 0x00000000
core   0: 0x80004244 (0x019dde13) srli    t3, s11, 25
core   0: 3 0x80004244 (0x019dde13) x28 0x00000000
core   0: 0x80004248 (0x33cf0e03) lb      t3, 828(t5)
core   0: 3 0x80004248 (0x33cf0e03) x28 0xfffffff0 mem 0x8001253b
core   0: 0x8000424c (0x01cbb5b3) sltu    a1, s7, t3
core   0: 3 0x8000424c (0x01cbb5b3) x11 0x00000001
core   0: 0x80004250 (0x01f5fc33) and     s8, a1, t6
core   0: 3 0x80004250 (0x01f5fc33) x24 0x00000001
core   0: 0x80004254 (0x1ed97597) auipc   a1, 0x1ed97
core   0: 3 0x80004254 (0x1ed97597) x11 0x9ed9b254
core   0: 0x80004258 (0x537f0e23) sb      s7, 1340(t5)
core   0: 3 0x80004258 (0x537f0e23) mem 0x8001273b 0xe8
core   0: 0x8000425c (0x2d4f4f83) lbu     t6, 724(t5)
core   0: 3 0x8000425c (0x2d4f4f83) x31 0x00000088 mem 0x800124d3
core   0: 0x80004260 (0x01ce0e33) add     t3, t3, t3
core   0: 3 0x80004260 (0x01ce0e33) x28 0xffffffe0
core   0: 0x80004264 (0x3a1dec13) ori     s8, s11, 929
core   0: 3 0x80004264 (0x3a1dec13) x24 0x000003a1
core   0: 0x80004268 (0xec6f4b83) lbu     s7, -314(t5)
core   0: 3 0x80004268 (0xec6f4b83) x23 0x0000007e mem 0x800120c5
core   0: 0x8000426c (0x33bf03a3) sb      s11, 807(t5)
core   0: 3 0x8000426c (0x33bf03a3) mem 0x80012526 0x21
core   0: 0x80004270 (0x174f4583) lbu     a1, 372(t5)
core   0: 3 0x80004270 (0x174f4583) x11 0x00000028 mem 0x80012373
core   0: 0x80004274 (0x6c6f0f83) lb      t6, 1734(t5)
core   0: 3 0x80004274 (0x6c6f0f83) x31 0x0000007e mem 0x800128c5
core   0: 0x80004278 (0x71bf5583) lhu     a1, 1819(t5)
core   0: 3 0x80004278 (0x71bf5583) x11 0x0000d0d1 mem 0x8001291a
core   0: 0x8000427c (0x01c5bfb3) sltu    t6, a1, t3
core   0: 3 0x8000427c (0x01c5bfb3) x31 0x00000001
core   0: 0x80004280 (0x2111f597) auipc   a1, 0x2111f
core   0: 3 0x80004280 (0x2111f597) x11 0xa1123280
core   0: 0x80004284 (0x48ef4d83) lbu     s11, 1166(t5)
core   0: 3 0x80004284 (0x48ef4d83) x27 0x00000046 mem 0x8001268d
core   0: 0x80004288 (0x01eb9b93) slli    s7, s7, 30
core   0: 3 0x80004288 (0x01eb9b93) x23 0x80000000
core   0: 0x8000428c (0xfc2be593) ori     a1, s7, -62
core   0: 3 0x8000428c (0xfc2be593) x11 0xffffffc2
core   0: 0x80004290 (0x41bc7e13) andi    t3, s8, 1051
core   0: 3 0x80004290 (0x41bc7e13) x28 0x00000001
core   0: 0x80004294 (0x55ff0a23) sb      t6, 1364(t5)
core   0: 3 0x80004294 (0x55ff0a23) mem 0x80012753 0x1
core   0: 0x80004298 (0x786f4f83) lbu     t6, 1926(t5)
core   0: 3 0x80004298 (0x786f4f83) x31 0x0000003e mem 0x80012985
core   0: 0x8000429c (0x01cfde33) srl     t3, t6, t3
core   0: 3 0x8000429c (0x01cfde33) x28 0x0000001f
core   0: 0x800042a0 (0x049f4583) lbu     a1, 73(t5)
core   0: 3 0x800042a0 (0x049f4583) x11 0x00000003 mem 0x80012248
core   0: 0x800042a4 (0x437f0f23) sb      s7, 1086(t5)
core   0: 3 0x800042a4 (0x437f0f23) mem 0x8001263d 0x0
core   0: 0x800042a8 (0x00700893) li      a7, 7
core   0: 3 0x800042a8 (0x00700893) x17 0x00000007
core   0: 0x800042ac (0x00000013) nop
core   0: 3 0x800042ac (0x00000013)
core   0: 0x800042b0 (0x00600a93) li      s5, 6
core   0: 3 0x800042b0 (0x00600a93) x21 0x00000006
core   0: 0x800042b4 (0x0000100f) fence.i
core   0: 3 0x800042b4 (0x0000100f)
core   0: 0x800042b8 (0x17a5aa13) slti    s4, a1, 378
core   0: 3 0x800042b8 (0x17a5aa13) x20 0x00000001
core   0: 0x800042bc (0xffb88893) addi    a7, a7, -5
core   0: 3 0x800042bc (0xffb88893) x17 0x00000002
core   0: 0x800042c0 (0x00528933) add     s2, t0, t0
core   0: 3 0x800042c0 (0x00528933) x18 0x00000000
core   0: 0x800042c4 (0x0068aa33) slt     s4, a7, t1
core   0: 3 0x800042c4 (0x0068aa33) x20 0x00000000
core   0: 0x800042c8 (0x00900e13) li      t3, 9
core   0: 3 0x800042c8 (0x00900e13) x28 0x00000009
core   0: 0x800042cc (0x00800f13) li      t5, 8
core   0: 3 0x800042cc (0x00800f13) x30 0x00000008
core   0: 0x800042d0 (0xbaa74913) xori    s2, a4, -1110
core   0: 3 0x800042d0 (0xbaa74913) x18 0x00000456
core   0: 0x800042d4 (0x01af6633) or      a2, t5, s10
core   0: 3 0x800042d4 (0x01af6633) x12 0xffff9099
core   0: 0x800042d8 (0xffae0e13) addi    t3, t3, -6
core   0: 3 0x800042d8 (0xffae0e13) x28 0x00000003
core   0: 0x800042dc (0x2414aa17) auipc   s4, 0x2414a
core   0: 3 0x800042dc (0x2414aa17) x20 0xa414e2dc
core   0: 0x800042e0 (0xffee7ae3) bgeu    t3, t5, pc - 12
core   0: 3 0x800042e0 (0xffee7ae3)
core   0: 0x800042e4 (0x00428733) add     a4, t0, tp
core   0: 3 0x800042e4 (0x00428733) x14 0x8002bce4
core   0: 0x800042e8 (0x0079d1b3) srl     gp, s3, t2
core   0: 3 0x800042e8 (0x0079d1b3) x 3 0x1fcc9d93
core   0: 0x800042ec (0x40b85c93) srai    s9, a6, 11
core   0: 3 0x800042ec (0x40b85c93) x25 0x00000012
core   0: 0x800042f0 (0xfd58f4e3) bgeu    a7, s5, pc - 56
core   0: 3 0x800042f0 (0xfd58f4e3)
core   0: 0x800042f4 (0x01115593) srli    a1, sp, 17
core   0: 3 0x800042f4 (0x01115593) x11 0x00000000
core   0: 0x800042f8 (0x0000e117) auipc   sp, 0xe
core   0: 3 0x800042f8 (0x0000e117) x 2 0x800122f8
core   0: 0x800042fc (0x0cb10113) addi    sp, sp, 203
core   0: 3 0x800042fc (0x0cb10113) x 2 0x800123c3
core   0: 0x80004300 (0x00511083) lh      ra, 5(sp)
core   0: 3 0x80004300 (0x00511083) x 1 0xffff8283 mem 0x800123c8
core   0: 0x80004304 (0x411e8fb3) sub     t6, t4, a7
core   0: 3 0x80004304 (0x411e8fb3) x31 0x80003ff6
core   0: 0x80004308 (0xffb11b83) lh      s7, -5(sp)
core   0: 3 0x80004308 (0xffb11b83) x23 0x00007475 mem 0x800123be
core   0: 0x8000430c (0xff814f83) lbu     t6, -8(sp)
core   0: 3 0x8000430c (0xff814f83) x31 0x000000ec mem 0x800123bb
core   0: 0x80004310 (0x00610083) lb      ra, 6(sp)
core   0: 3 0x80004310 (0x00610083) x 1 0xffffff82 mem 0x800123c9
core   0: 0x80004314 (0x01110623) sb      a7, 12(sp)
core   0: 3 0x80004314 (0x01110623) mem 0x800123cf 0x2
core   0: 0x80004318 (0x402fd093) srai    ra, t6, 2
core   0: 3 0x80004318 (0x402fd093) x 1 0x0000003b
core   0: 0x8000431c (0x01d890b3) sll     ra, a7, t4
core   0: 3 0x8000431c (0x01d890b3) x 1 0x02000000
core   0: 0x80004320 (0xfe110b23) sb      ra, -10(sp)
core   0: 3 0x80004320 (0xfe110b23) mem 0x800123b9 0x0
core   0: 0x80004324 (0x00110223) sb      ra, 4(sp)
core   0: 3 0x80004324 (0x00110223) mem 0x800123c7 0x0
core   0: 0x80004328 (0xffc10883) lb      a7, -4(sp)
core   0: 3 0x80004328 (0xffc10883) x17 0x00000074 mem 0x800123bf
core   0: 0x8000432c (0x01165633) srl     a2, a2, a7
core   0: 3 0x8000432c (0x01165633) x12 0x00000fff
core   0: 0x80004330 (0x01110223) sb      a7, 4(sp)
core   0: 3 0x80004330 (0x01110223) mem 0x800123c7 0x74
core   0: 0x80004334 (0x01d08fb3) add     t6, ra, t4
core   0: 3 0x80004334 (0x01d08fb3) x31 0x82003ff8
core   0: 0x80004338 (0x00000013) nop
core   0: 3 0x80004338 (0x00000013)
core   0: 0x8000433c (0xff014b83) lbu     s7, -16(sp)
core   0: 3 0x8000433c (0xff014b83) x23 0x00000068 mem 0x800123b3
core   0: 0x80004340 (0x00c60633) add     a2, a2, a2
core   0: 3 0x80004340 (0x00c60633) x12 0x00001ffe
core   0: 0x80004344 (0x35d51bb7) lui     s7, 0x35d51
core   0: 3 0x80004344 (0x35d51bb7) x23 0x35d51000
core   0: 0x80004348 (0xffa10e83) lb      t4, -6(sp)
core   0: 3 0x80004348 (0xffa10e83) x29 0x00000076 mem 0x800123bd
core   0: 0x8000434c (0x01010603) lb      a2, 16(sp)
core   0: 3 0x8000434c (0x01010603) x12 0xffffff88 mem 0x800123d3
core   0: 0x80004350 (0xfff10ca3) sb      t6, -7(sp)
core   0: 3 0x80004350 (0xfff10ca3) mem 0x800123bc 0xf8
core   0: 0x80004354 (0x011638b3) sltu    a7, a2, a7
core   0: 3 0x80004354 (0x011638b3) x17 0x00000000
core   0: 0x80004358 (0xffc10883) lb      a7, -4(sp)
core   0: 3 0x80004358 (0xffc10883) x17 0x00000074 mem 0x800123bf
core   0: 0x8000435c (0x00710883) lb      a7, 7(sp)
core   0: 3 0x8000435c (0x00710883) x17 0xffffff81 mem 0x800123ca
core   0: 0x80004360 (0xffd11fa3) sh      t4, -1(sp)
core   0: 3 0x80004360 (0xffd11fa3) mem 0x800123c2 0x0076
core   0: 0x80004364 (0x0170a633) slt     a2, ra, s7
core   0: 3 0x80004364 (0x0170a633) x12 0x00000001
core   0: 0x80004368 (0x001101a3) sb      ra, 3(sp)
core   0: 3 0x80004368 (0x001101a3) mem 0x800123c6 0x0
core   0: 0x8000436c (0xffa14083) lbu     ra, -6(sp)
core   0: 3 0x8000436c (0xffa14083) x 1 0x00000076 mem 0x800123bd
core   0: 0x80004370 (0x01f09893) slli    a7, ra, 31
core   0: 3 0x80004370 (0x01f09893) x17 0x00000000
core   0: 0x80004374 (0x00110603) lb      a2, 1(sp)
core   0: 3 0x80004374 (0x00110603) x12 0x0000007f mem 0x800123c4
core   0: 0x80004378 (0x5aa67e93) andi    t4, a2, 1450
core   0: 3 0x80004378 (0x5aa67e93) x29 0x0000002a
core   0: 0x8000437c (0xff614083) lbu     ra, -10(sp)
core   0: 3 0x8000437c (0xff614083) x 1 0x00000000 mem 0x800123b9
core   0: 0x80004380 (0xd2b66093) ori     ra, a2, -725
core   0: 3 0x80004380 (0xd2b66093) x 1 0xfffffd7f
core   0: 0x80004384 (0x01fbb8b3) sltu    a7, s7, t6
core   0: 3 0x80004384 (0x01fbb8b3) x17 0x00000001
core   0: 0x80004388 (0x00310e83) lb      t4, 3(sp)
core   0: 3 0x80004388 (0x00310e83) x29 0x00000000 mem 0x800123c6
core   0: 0x8000438c (0xfff11603) lh      a2, -1(sp)
core   0: 3 0x8000438c (0xfff11603) x12 0x00000076 mem 0x800123c2
core   0: 0x80004390 (0xfec119a3) sh      a2, -13(sp)
core   0: 3 0x80004390 (0xfec119a3) mem 0x800123b6 0x0076
core   0: 0x80004394 (0xff311e83) lh      t4, -13(sp)
core   0: 3 0x80004394 (0xff311e83) x29 0x00000076 mem 0x800123b6
core   0: 0x80004398 (0xff711603) lh      a2, -9(sp)
core   0: 3 0x80004398 (0xff711603) x12 0xffffeced mem 0x800123ba
core   0: 0x8000439c (0x00000013) nop
core   0: 3 0x8000439c (0x00000013)
core   0: 0x800043a0 (0x4050d613) srai    a2, ra, 5
core   0: 3 0x800043a0 (0x4050d613) x12 0xffffffeb
core   0: 0x800043a4 (0x41f650b3) sra     ra, a2, t6
core   0: 3 0x800043a4 (0x41f650b3) x 1 0xffffffff
core   0: 0x800043a8 (0x00915083) lhu     ra, 9(sp)
core   0: 3 0x800043a8 (0x00915083) x 1 0x00008687 mem 0x800123cc
core   0: 0x800043ac (0x06fc8eb7) lui     t4, 0x6fc8
core   0: 3 0x800043ac (0x06fc8eb7) x29 0x06fc8000
core   0: 0x800043b0 (0x01f124a3) sw      t6, 9(sp)
core   0: 3 0x800043b0 (0x01f124a3) mem 0x800123cc 0x82003ff8
core   0: 0x800043b4 (0xd31fe093) ori     ra, t6, -719
core   0: 3 0x800043b4 (0xd31fe093) x 1 0xfffffff9
core   0: 0x800043b8 (0x01710223) sb      s7, 4(sp)
core   0: 3 0x800043b8 (0x01710223) mem 0x800123c7 0x0
core   0: 0x800043bc (0x00915b83) lhu     s7, 9(sp)
core   0: 3 0x800043bc (0x00915b83) x23 0x00003ff8 mem 0x800123cc
core   0: 0x800043c0 (0x00c10723) sb      a2, 14(sp)
core   0: 3 0x800043c0 (0x00c10723) mem 0x800123d1 0xeb
core   0: 0x800043c4 (0x00c0036f) jal     t1, pc + 0xc
core   0: 3 0x800043c4 (0x00c0036f) x 6 0x800043c8
core   0: 0x800043d0 (0x024000ef) jal     pc + 0x24
core   0: 3 0x800043d0 (0x024000ef) x 1 0x800043d4
core   0: 0x800043f4 (0xfe1ff36f) jal     t1, pc - 0x20
core   0: 3 0x800043f4 (0xfe1ff36f) x 6 0x800043f8
core   0: 0x800043d4 (0xff5ff0ef) jal     pc - 0xc
core   0: 3 0x800043d4 (0xff5ff0ef) x 1 0x800043d8
core   0: 0x800043c8 (0x014002ef) jal     t0, pc + 0x14
core   0: 3 0x800043c8 (0x014002ef) x 5 0x800043cc
core   0: 0x800043dc (0x010002ef) jal     t0, pc + 0x10
core   0: 3 0x800043dc (0x010002ef) x 5 0x800043e0
core   0: 0x800043ec (0xffdff16f) jal     sp, pc - 0x4
core   0: 3 0x800043ec (0xffdff16f) x 2 0x800043f0
core   0: 0x800043e8 (0xff1ff0ef) jal     pc - 0x10
core   0: 3 0x800043e8 (0xff1ff0ef) x 1 0x800043ec
core   0: 0x800043d8 (0xff5ff0ef) jal     pc - 0xc
core   0: 3 0x800043d8 (0xff5ff0ef) x 1 0x800043dc
core   0: 0x800043cc (0x014000ef) jal     pc + 0x14
core   0: 3 0x800043cc (0x014000ef) x 1 0x800043d0
core   0: 0x800043e0 (0x004000ef) jal     pc + 0x4
core   0: 3 0x800043e0 (0x004000ef) x 1 0x800043e4
core   0: 0x800043e4 (0x014000ef) jal     pc + 0x14
core   0: 3 0x800043e4 (0x014000ef) x 1 0x800043e8
core   0: 0x800043f8 (0xff9ff5ef) jal     a1, pc - 0x8
core   0: 3 0x800043f8 (0xff9ff5ef) x11 0x800043fc
core   0: 0x800043f0 (0x00c001ef) jal     gp, pc + 0xc
core   0: 3 0x800043f0 (0x00c001ef) x 3 0x800043f4
core   0: 0x800043fc (0x00a67333) and     t1, a2, a0
core   0: 3 0x800043fc (0x00a67333) x 6 0xffff6000
core   0: 0x80004400 (0x00018f17) auipc   t5, 0x18
core   0: 3 0x80004400 (0x00018f17) x30 0x8001c400
core   0: 0x80004404 (0xf8df0f13) addi    t5, t5, -115
core   0: 3 0x80004404 (0xf8df0f13) x30 0x8001c38d
core   0: 0x80004408 (0x414f4783) lbu     a5, 1044(t5)
core   0: 3 0x80004408 (0x414f4783) x15 0x0000005a mem 0x8001c7a1
core   0: 0x8000440c (0x0000ee97) auipc   t4, 0xe
core   0: 3 0x8000440c (0x0000ee97) x29 0x8001240c
core   0: 0x80004410 (0xe8de8e93) addi    t4, t4, -371
core   0: 3 0x80004410 (0xe8de8e93) x29 0x80012299
core   0: 0x80004414 (0xf40e8483) lb      s1, -192(t4)
core   0: 3 0x80004414 (0xf40e8483) x 9 0xffffff92 mem 0x800121d9
core   0: 0x80004418 (0x730f0023) sb      a6, 1824(t5)
core   0: 3 0x80004418 (0x730f0023) mem 0x8001caad 0x95
core   0: 0x8000441c (0xc96f0723) sb      s6, -882(t5)
core   0: 3 0x8000441c (0xc96f0723) mem 0x8001c01b 0x64
core   0: 0x80004420 (0xfd7e8d03) lb      s10, -41(t4)
core   0: 3 0x80004420 (0xfd7e8d03) x26 0x0000002b mem 0x80012270
core   0: 0x80004424 (0xfdaecb83) lbu     s7, -38(t4)
core   0: 3 0x80004424 (0xfdaecb83) x23 0x00000028 mem 0x80012273
core   0: 0x80004428 (0x56ef0783) lb      a5, 1390(t5)
core   0: 3 0x80004428 (0x56ef0783) x15 0xffffffb0 mem 0x8001c8fb
core   0: 0x8000442c (0x050e8d83) lb      s11, 80(t4)
core   0: 3 0x8000442c (0x050e8d83) x27 0xffffffa2 mem 0x800122e9
core   0: 0x80004430 (0x9f1f5f83) lhu     t6, -1551(t5)
core   0: 3 0x80004430 (0x9f1f5f83) x31 0x00003435 mem 0x8001bd7e
core   0: 0x80004434 (0xfd3e98a3) sh      s3, -47(t4)
core   0: 3 0x80004434 (0xfd3e98a3) mem 0x8001226a 0xec9c
core   0: 0x80004438 (0x0000ee97) auipc   t4, 0xe
core   0: 3 0x80004438 (0x0000ee97) x29 0x80012438
core   0: 0x8000443c (0x725e8e93) addi    t4, t4, 1829
core   0: 3 0x8000443c (0x725e8e93) x29 0x80012b5d
core   0: 0x80004440 (0x01c0d3b3) srl     t2, ra, t3
core   0: 3 0x80004440 (0x01c0d3b3) x 7 0x1000087d
core   0: 0x80004444 (0x07f78b93) addi    s7, a5, 127
core   0: 3 0x80004444 (0x07f78b93) x23 0x0000002f
core   0: 0x80004448 (0x0e0ec303) lbu     t1, 224(t4)
core   0: 3 0x80004448 (0x0e0ec303) x 6 0x000000f6 mem 0x80012c3d
core   0: 0x8000444c (0x003b4333) xor     t1, s6, gp
core   0: 3 0x8000444c (0x003b4333) x 6 0x00023d90
core   0: 0x80004450 (0x8c0d0b93) addi    s7, s10, -1856
core   0: 3 0x80004450 (0x8c0d0b93) x23 0xfffff8eb
core   0: 0x80004454 (0x01959733) sll     a4, a1, s9
core   0: 3 0x80004454 (0x01959733) x14 0x0ff00000
core   0: 0x80004458 (0x41e3da33) sra     s4, t2, t5
core   0: 3 0x80004458 (0x41e3da33) x20 0x00008000
core   0: 0x8000445c (0xf10e8d83) lb      s11, -240(t4)
core   0: 3 0x8000445c (0xf10e8d83) x27 0x00000026 mem 0x80012a6d
core   0: 0x80004460 (0x06cec703) lbu     a4, 108(t4)
core   0: 3 0x80004460 (0x06cec703) x14 0x00000082 mem 0x80012bc9
core   0: 0x80004464 (0xf4fe8583) lb      a1, -177(t4)
core   0: 3 0x80004464 (0xf4fe8583) x11 0x00000067 mem 0x80012aac
core   0: 0x80004468 (0xbbaaa493) slti    s1, s5, -1094
core   0: 3 0x80004468 (0xbbaaa493) x 9 0x00000000
core   0: 0x8000446c (0x0c1ed003) lhu     zero, 193(t4)
core   0: 3 0x8000446c (0x0c1ed003) mem 0x80012c1e
core   0: 0x80004470 (0xf2aecf83) lbu     t6, -214(t4)
core   0: 3 0x80004470 (0xf2aecf83) x31 0x0000003c mem 0x80012a87
core   0: 0x80004474 (0xfe2e8603) lb      a2, -30(t4)
core   0: 3 0x80004474 (0xfe2e8603) x12 0xfffffff4 mem 0x80012b3f
core   0: 0x80004478 (0xcf282593) slti    a1, a6, -782
core   0: 3 0x80004478 (0xcf282593) x11 0x00000000
core   0: 0x8000447c (0x7f966393) ori     t2, a2, 2041
core   0: 3 0x8000447c (0x7f966393) x 7 0xfffffffd
core   0: 0x80004480 (0xfb5e8583) lb      a1, -75(t4)
core   0: 3 0x80004480 (0xfb5e8583) x11 0xffffffc9 mem 0x80012b12
core   0: 0x80004484 (0xf40ecf83) lbu     t6, -192(t4)
core   0: 3 0x80004484 (0xf40ecf83) x31 0x00000056 mem 0x80012a9d
core   0: 0x80004488 (0xf61e9003) lh      zero, -159(t4)
core   0: 3 0x80004488 (0xf61e9003) mem 0x80012abe
core   0: 0x8000448c (0x06be9f83) lh      t6, 107(t4)
core   0: 3 0x8000448c (0x06be9f83) x31 0xffff8283 mem 0x80012bc8
core   0: 0x80004490 (0x00aa5333) srl     t1, s4, a0
core   0: 3 0x80004490 (0x00aa5333) x 6 0x00008000
core   0: 0x80004494 (0x01389d33) sll     s10, a7, s3
core   0: 3 0x80004494 (0x01389d33) x26 0x10000000
core   0: 0x80004498 (0x40a68db3) sub     s11, a3, a0
core   0: 3 0x80004498 (0x40a68db3) x27 0x000098d9
core   0: 0x8000449c (0xdb1c6013) ori     zero, s8, -591
core   0: 3 0x8000449c (0xdb1c6013)
core   0: 0x800044a0 (0x01a2da33) srl     s4, t0, s10
core   0: 3 0x800044a0 (0x01a2da33) x20 0x800043e0
core   0: 0x800044a4 (0x00000013) nop
core   0: 3 0x800044a4 (0x00000013)
core   0: 0x800044a8 (0xf03ec683) lbu     a3, -253(t4)
core   0: 3 0x800044a8 (0xf03ec683) x13 0x0000001b mem 0x80012a60
core   0: 0x800044ac (0x0000e117) auipc   sp, 0xe
core   0: 3 0x800044ac (0x0000e117) x 2 0x800124ac
core   0: 0x800044b0 (0xbf010113) addi    sp, sp, -1040
core   0: 3 0x800044b0 (0xbf010113) x 2 0x8001209c
core   0: 0x800044b4 (0x0cc10723) sb      a2, 206(sp)
core   0: 3 0x800044b4 (0x0cc10723) mem 0x8001216a 0xf4
core   0: 0x800044b8 (0xfac10ea3) sb      a2, -67(sp)
core   0: 3 0x800044b8 (0xfac10ea3) mem 0x80012059 0xf4
core   0: 0x800044bc (0x07710683) lb      a3, 119(sp)
core   0: 3 0x800044bc (0x07710683) x13 0xffffffc8 mem 0x80012113
core   0: 0x800044c0 (0x06110ba3) sb      ra, 119(sp)
core   0: 3 0x800044c0 (0x06110ba3) mem 0x80012113 0xe8
core   0: 0x800044c4 (0x04510523) sb      t0, 74(sp)
core   0: 3 0x800044c4 (0x04510523) mem 0x800120e6 0xe0
core   0: 0x800044c8 (0x00914a03) lbu     s4, 9(sp)
core   0: 3 0x800044c8 (0x00914a03) x20 0x0000005e mem 0x800120a5
core   0: 0x800044cc (0x06710a03) lb      s4, 103(sp)
core   0: 3 0x800044cc (0x06710a03) x20 0xffffffb8 mem 0x80012103
core   0: 0x800044d0 (0x03b10003) lb      zero, 59(sp)
core   0: 3 0x800044d0 (0x03b10003) mem 0x800120d7
core   0: 0x800044d4 (0x03b14c83) lbu     s9, 59(sp)
core   0: 3 0x800044d4 (0x03b14c83) x25 0x0000008c mem 0x800120d7
core   0: 0x800044d8 (0x00dbd0b3) srl     ra, s7, a3
core   0: 3 0x800044d8 (0x00dbd0b3) x 1 0x00fffff8
core   0: 0x800044dc (0xfca10683) lb      a3, -54(sp)
core   0: 3 0x800044dc (0xfca10683) x13 0x0000001d mem 0x80012066
core   0: 0x800044e0 (0x00013117) auipc   sp, 0x13
core   0: 3 0x800044e0 (0x00013117) x 2 0x800174e0
core   0: 0x800044e4 (0x33410113) addi    sp, sp, 820
core   0: 3 0x800044e4 (0x33410113) x 2 0x80017814
core   0: 0x800044e8 (0x0000e297) auipc   t0, 0xe
core   0: 3 0x800044e8 (0x0000e297) x 5 0x800124e8
core   0: 0x800044ec (0xfca28293) addi    t0, t0, -54
core   0: 3 0x800044ec (0xfca28293) x 5 0x800124b2
core   0: 0x800044f0 (0xf2412023) sw      tp, -224(sp)
core   0: 3 0x800044f0 (0xf2412023) mem 0x80017734 0x8002bce4
core   0: 0x800044f4 (0xf8429883) lh      a7, -124(t0)
core   0: 3 0x800044f4 (0xf8429883) x17 0xffffeced mem 0x80012436
core   0: 0x800044f8 (0x0cc10723) sb      a2, 206(sp)
core   0: 3 0x800044f8 (0x0cc10723) mem 0x800178e2 0xf4
core   0: 0x800044fc (0x07710003) lb      zero, 119(sp)
core   0: 3 0x800044fc (0x07710003) mem 0x8001788b
core   0: 0x80004500 (0xfb128783) lb      a5, -79(t0)
core   0: 3 0x80004500 (0xfb128783) x15 0x00000018 mem 0x80012463
core   0: 0x80004504 (0xf1114a03) lbu     s4, -239(sp)
core   0: 3 0x80004504 (0xf1114a03) x20 0x000000de mem 0x80017725
core   0: 0x80004508 (0x0ae10483) lb      s1, 174(sp)
core   0: 3 0x80004508 (0x0ae10483) x 9 0x00000079 mem 0x800178c2
core   0: 0x8000450c (0x04e28023) sb      a4, 64(t0)
core   0: 3 0x8000450c (0x04e28023) mem 0x800124f2 0x82
core   0: 0x80004510 (0xfeb28323) sb      a1, -26(t0)
core   0: 3 0x80004510 (0xfeb28323) mem 0x80012498 0xc9
core   0: 0x80004514 (0x0df14903) lbu     s2, 223(sp)
core   0: 3 0x80004514 (0x0df14903) x18 0x000000a8 mem 0x800178f3
core   0: 0x80004518 (0xf0d28d03) lb      s10, -243(t0)
core   0: 3 0x80004518 (0xf0d28d03) x26 0x00000074 mem 0x800123bf
core   0: 0x8000451c (0x02114a03) lbu     s4, 33(sp)
core   0: 3 0x8000451c (0x02114a03) x20 0x000000ee mem 0x80017835
core   0: 0x80004520 (0xf8e2a703) lw      a4, -114(t0)
core   0: 3 0x80004520 (0xf8e2a703) x14 0xf8f9fafb mem 0x80012440
core   0: 0x80004524 (0x0080036f) jal     t1, pc + 0x8
core   0: 3 0x80004524 (0x0080036f) x 6 0x80004528
core   0: 0x8000452c (0x01c0036f) jal     t1, pc + 0x1c
core   0: 3 0x8000452c (0x01c0036f) x 6 0x80004530
core   0: 0x80004548 (0xffdff0ef) jal     pc - 0x4
core   0: 3 0x80004548 (0xffdff0ef) x 1 0x8000454c
core   0: 0x80004544 (0xff5ff0ef) jal     pc - 0xc
core   0: 3 0x80004544 (0xff5ff0ef) x 1 0x80004548
core   0: 0x80004538 (0x004000ef) jal     pc + 0x4
core   0: 3 0x80004538 (0x004000ef) x 1 0x8000453c
core   0: 0x8000453c (0x01c00a6f) jal     s4, pc + 0x1c
core   0: 3 0x8000453c (0x01c00a6f) x20 0x80004540
core   0: 0x80004558 (0xfd1ff0ef) jal     pc - 0x30
core   0: 3 0x80004558 (0xfd1ff0ef) x 1 0x8000455c
core   0: 0x80004528 (0x00c000ef) jal     pc + 0xc
core   0: 3 0x80004528 (0x00c000ef) x 1 0x8000452c
core   0: 0x80004534 (0x01c000ef) jal     pc + 0x1c
core   0: 3 0x80004534 (0x01c000ef) x 1 0x80004538
core   0: 0x80004550 (0xffdff0ef) jal     pc - 0x4
core   0: 3 0x80004550 (0xffdff0ef) x 1 0x80004554
core   0: 0x8000454c (0x0080036f) jal     t1, pc + 0x8
core   0: 3 0x8000454c (0x0080036f) x 6 0x80004550
core   0: 0x80004554 (0xfedffa6f) jal     s4, pc - 0x14
core   0: 3 0x80004554 (0xfedffa6f) x20 0x80004558
core   0: 0x80004540 (0xff1ff0ef) jal     pc - 0x10
core   0: 3 0x80004540 (0xff1ff0ef) x 1 0x80004544
core   0: 0x80004530 (0x02c000ef) jal     pc + 0x2c
core   0: 3 0x80004530 (0x02c000ef) x 1 0x80004534
core   0: 0x8000455c (0x01ab5333) srl     t1, s6, s10
core   0: 3 0x8000455c (0x01ab5333) x 6 0x00000800
core   0: 0x80004560 (0x0001d117) auipc   sp, 0x1d
core   0: 3 0x80004560 (0x0001d117) x 2 0x80021560
core   0: 0x80004564 (0x61610113) addi    sp, sp, 1558
core   0: 3 0x80004564 (0x61610113) x 2 0x80021b76
core   0: 0x80004568 (0x41c8d413) srai    s0, a7, 28
core   0: 3 0x80004568 (0x41c8d413) x 8 0xffffffff
core   0: 0x8000456c (0x01f14803) lbu     a6, 31(sp)
core   0: 3 0x8000456c (0x01f14803) x16 0x0000004e mem 0x80021b95
core   0: 0x80004570 (0x01f10d03) lb      s10, 31(sp)
core   0: 3 0x80004570 (0x01f10d03) x26 0x0000004e mem 0x80021b95
core   0: 0x80004574 (0x01f10703) lb      a4, 31(sp)
core   0: 3 0x80004574 (0x01f10703) x14 0x0000004e mem 0x80021b95
core   0: 0x80004578 (0x01f10303) lb      t1, 31(sp)
core   0: 3 0x80004578 (0x01f10303) x 6 0x0000004e mem 0x80021b95
core   0: 0x8000457c (0x01f14b83) lbu     s7, 31(sp)
core   0: 3 0x8000457c (0x01f14b83) x23 0x0000004e mem 0x80021b95
core   0: 0x80004580 (0x01f10e03) lb      t3, 31(sp)
core   0: 3 0x80004580 (0x01f10e03) x28 0x0000004e mem 0x80021b95
core   0: 0x80004584 (0xc65c2393) slti    t2, s8, -923
core   0: 3 0x80004584 (0xc65c2393) x 7 0x00000000
core   0: 0x80004588 (0x01f10d83) lb      s11, 31(sp)
core   0: 3 0x80004588 (0x01f10d83) x27 0x0000004e mem 0x80021b95
core   0: 0x8000458c (0xbb38b893) sltiu   a7, a7, -1101
core   0: 3 0x8000458c (0xbb38b893) x17 0x00000001
core   0: 0x80004590 (0x01f10583) lb      a1, 31(sp)
core   0: 3 0x80004590 (0x01f10583) x11 0x0000004e mem 0x80021b95
core   0: 0x80004594 (0x01f10d03) lb      s10, 31(sp)
core   0: 3 0x80004594 (0x01f10d03) x26 0x0000004e mem 0x80021b95
core   0: 0x80004598 (0x00010fa3) sb      zero, 31(sp)
core   0: 3 0x80004598 (0x00010fa3) mem 0x80021b95 0x0
core   0: 0x8000459c (0x00ffdc13) srli    s8, t6, 15
core   0: 3 0x8000459c (0x00ffdc13) x24 0x0001ffff
core   0: 0x800045a0 (0x00110fa3) sb      ra, 31(sp)
core   0: 3 0x800045a0 (0x00110fa3) mem 0x80021b95 0x34
core   0: 0x800045a4 (0x00b802b3) add     t0, a6, a1
core   0: 3 0x800045a4 (0x00b802b3) x 5 0x0000009c
core   0: 0x800045a8 (0x01f14a83) lbu     s5, 31(sp)
core   0: 3 0x800045a8 (0x01f14a83) x21 0x00000034 mem 0x80021b95
core   0: 0x800045ac (0x00f10fa3) sb      a5, 31(sp)
core   0: 3 0x800045ac (0x00f10fa3) mem 0x80021b95 0x18
core   0: 0x800045b0 (0x00e10fa3) sb      a4, 31(sp)
core   0: 3 0x800045b0 (0x00e10fa3) mem 0x80021b95 0x4e
core   0: 0x800045b4 (0x01411483) lh      s1, 20(sp)
core   0: 3 0x800045b4 (0x01411483) x 9 0x00004041 mem 0x80021b8a
core   0: 0x800045b8 (0x41078d33) sub     s10, a5, a6
core   0: 3 0x800045b8 (0x41078d33) x26 0xffffffca
core   0: 0x800045bc (0xfcd10f83) lb      t6, -51(sp)
core   0: 3 0x800045bc (0xfcd10f83) x31 0xfffffff8 mem 0x80021b43
core   0: 0x800045c0 (0x02e12c83) lw      s9, 46(sp)
core   0: 3 0x800045c0 (0x02e12c83) x25 0x5c5d5e5f mem 0x80021ba4
core   0: 0x800045c4 (0x0000e917) auipc   s2, 0xe
core   0: 3 0x800045c4 (0x0000e917) x18 0x800125c4
core   0: 0x800045c8 (0x0e890913) addi    s2, s2, 232
core   0: 3 0x800045c8 (0x0e890913) x18 0x800126ac
core   0: 0x800045cc (0xb605cbb7) lui     s7, 0xb605c
core   0: 3 0x800045cc (0xb605cbb7) x23 0xb605c000
core   0: 0x800045d0 (0xfcf91123) sh      a5, -62(s2)
core   0: 3 0x800045d0 (0xfcf91123) mem 0x8001266e 0x0018
core   0: 0x800045d4 (0x01c92b83) lw      s7, 28(s2)
core   0: 3 0x800045d4 (0x01c92b83) x23 0x80818283 mem 0x800126c8
core   0: 0x800045d8 (0x0000100f) fence.i
core   0: 3 0x800045d8 (0x0000100f)
core   0: 0x800045dc (0x017bb433) sltu    s0, s7, s7
core   0: 3 0x800045dc (0x017bb433) x 8 0x00000000
core   0: 0x800045e0 (0xfe990403) lb      s0, -23(s2)
core   0: 3 0x800045e0 (0xfe990403) x 8 0x0000004e mem 0x80012695
core   0: 0x800045e4 (0xff994783) lbu     a5, -7(s2)
core   0: 3 0x800045e4 (0xff994783) x15 0x0000005e mem 0x800126a5
core   0: 0x800045e8 (0x40605b93) srai    s7, zero, 6
core   0: 3 0x800045e8 (0x40605b93) x23 0x00000000
core   0: 0x800045ec (0x008017b3) sll     a5, zero, s0
core   0: 3 0x800045ec (0x008017b3) x15 0x00000000
core   0: 0x800045f0 (0x00f17733) and     a4, sp, a5
core   0: 3 0x800045f0 (0x00f17733) x14 0x00000000
core   0: 0x800045f4 (0x00e10133) add     sp, sp, a4
core   0: 3 0x800045f4 (0x00e10133) x 2 0x80021b76
core   0: 0x800045f8 (0x017b8433) add     s0, s7, s7
core   0: 3 0x800045f8 (0x017b8433) x 8 0x00000000
core   0: 0x800045fc (0xfe2900a3) sb      sp, -31(s2)
core   0: 3 0x800045fc (0xfe2900a3) mem 0x8001268d 0x76
core   0: 0x80004600 (0x4bc77413) andi    s0, a4, 1212
core   0: 3 0x80004600 (0x4bc77413) x 8 0x00000000
core   0: 0x80004604 (0xfd390003) lb      zero, -45(s2)
core   0: 3 0x80004604 (0xfd390003) mem 0x8001267f
core   0: 0x80004608 (0x00ebebb3) or      s7, s7, a4
core   0: 3 0x80004608 (0x00ebebb3) x23 0x00000000
core   0: 0x8000460c (0x00990703) lb      a4, 9(s2)
core   0: 3 0x8000460c (0x00990703) x14 0x0000006e mem 0x800126b5
core   0: 0x80004610 (0xfcf90223) sb      a5, -60(s2)
core   0: 3 0x80004610 (0xfcf90223) mem 0x80012670 0x0
core   0: 0x80004614 (0x00e91003) lh      zero, 14(s2)
core   0: 3 0x80004614 (0x00e91003) mem 0x800126ba
core   0: 0x80004618 (0xfe890023) sb      s0, -32(s2)
core   0: 3 0x80004618 (0xfe890023) mem 0x8001268c 0x0
core   0: 0x8000461c (0x00e04033) xor     zero, zero, a4
core   0: 3 0x8000461c (0x00e04033)
core   0: 0x80004620 (0x00e7f033) and     zero, a5, a4
core   0: 3 0x80004620 (0x00e7f033)
core   0: 0x80004624 (0x1ce00713) li      a4, 462
core   0: 3 0x80004624 (0x1ce00713) x14 0x000001ce
core   0: 0x80004628 (0x0000100f) fence.i
core   0: 3 0x80004628 (0x0000100f)
core   0: 0x8000462c (0x000bd033) srl     zero, s7, zero
core   0: 3 0x8000462c (0x000bd033)
core   0: 0x80004630 (0x0ff0000f) fence   iorw,iorw
core   0: 3 0x80004630 (0x0ff0000f)
core   0: 0x80004634 (0x00290023) sb      sp, 0(s2)
core   0: 3 0x80004634 (0x00290023) mem 0x800126ac 0x76
core   0: 0x80004638 (0x0000e817) auipc   a6, 0xe
core   0: 3 0x80004638 (0x0000e817) x16 0x80012638
core   0: 0x8000463c (0xe3080813) addi    a6, a6, -464
core   0: 3 0x8000463c (0xe3080813) x16 0x80012468
core   0: 0x80004640 (0x0000e117) auipc   sp, 0xe
core   0: 3 0x80004640 (0x0000e117) x 2 0x80012640
core   0: 0x80004644 (0x3bb10113) addi    sp, sp, 955
core   0: 3 0x80004644 (0x3bb10113) x 2 0x800129fb
core   0: 0x80004648 (0xffb84603) lbu     a2, -5(a6)
core   0: 3 0x80004648 (0xffb84603) x12 0x00000018 mem 0x80012463
core   0: 0x8000464c (0xfd610603) lb      a2, -42(sp)
core   0: 3 0x8000464c (0xfd610603) x12 0xffffff8a mem 0x800129d1
core   0: 0x80004650 (0xff110e23) sb      a7, -4(sp)
core   0: 3 0x80004650 (0xff110e23) mem 0x800129f7 0x1
core   0: 0x80004654 (0x00311283) lh      t0, 3(sp)
core   0: 3 0x80004654 (0x00311283) x 5 0xffffffce mem 0x800129fe
core   0: 0x80004658 (0x02010903) lb      s2, 32(sp)
core   0: 3 0x80004658 (0x02010903) x18 0xffffffd0 mem 0x80012a1b
core   0: 0x8000465c (0x0000e717) auipc   a4, 0xe
core   0: 3 0x8000465c (0x0000e717) x14 0x8001265c
core   0: 0x80004660 (0x21270713) addi    a4, a4, 530
core   0: 3 0x80004660 (0x21270713) x14 0x8001286e
core   0: 0x80004664 (0x02c705a3) sb      a2, 43(a4)
core   0: 3 0x80004664 (0x02c705a3) mem 0x80012899 0x8a
core   0: 0x80004668 (0x02612ea3) sw      t1, 61(sp)
core   0: 3 0x80004668 (0x02612ea3) mem 0x80012a38 0x0000004e
core   0: 0x8000466c (0x02370e23) sb      gp, 60(a4)
core   0: 3 0x8000466c (0x02370e23) mem 0x800128aa 0xf4
core   0: 0x80004670 (0xff484e03) lbu     t3, -12(a6)
core   0: 3 0x80004670 (0xff484e03) x28 0x000000c6 mem 0x8001245c
core   0: 0x80004674 (0xfec10e83) lb      t4, -20(sp)
core   0: 3 0x80004674 (0xfec10e83) x29 0xffffff9c mem 0x800129e7
core   0: 0x80004678 (0x03f80383) lb      t2, 63(a6)
core   0: 3 0x80004678 (0x03f80383) x 7 0xfffffff4 mem 0x800124a7
core   0: 0x8000467c (0x01414e83) lbu     t4, 20(sp)
core   0: 3 0x8000467c (0x01414e83) x29 0x000000c4 mem 0x80012a0f
core   0: 0x80004680 (0xfe0800a3) sb      zero, -31(a6)
core   0: 3 0x80004680 (0xfe0800a3) mem 0x80012449 0x0
core   0: 0x80004684 (0xfda10303) lb      t1, -38(sp)
core   0: 3 0x80004684 (0xfda10303) x 6 0x00000000 mem 0x800129d5
core   0: 0x80004688 (0x03c71503) lh      a0, 60(a4)
core   0: 3 0x80004688 (0x03c71503) x10 0x000060f4 mem 0x800128aa
core   0: 0x8000468c (0xfe081603) lh      a2, -32(a6)
core   0: 3 0x8000468c (0xfe081603) x12 0x00000003 mem 0x80012448
core   0: 0x80004690 (0x01115083) lhu     ra, 17(sp)
core   0: 3 0x80004690 (0x01115083) x 1 0x0000c6c7 mem 0x80012a0c
core   0: 0x80004694 (0xfcc81503) lh      a0, -52(a6)
core   0: 3 0x80004694 (0xfcc81503) x10 0xffffeeef mem 0x80012434
core   0: 0x80004698 (0x03b10d03) lb      s10, 59(sp)
core   0: 3 0x80004698 (0x03b10d03) x26 0xffffffed mem 0x80012a36
core   0: 0x8000469c (0xffd74d03) lbu     s10, -3(a4)
core   0: 3 0x8000469c (0xffd74d03) x26 0x00000020 mem 0x8001286b
core   0: 0x800046a0 (0xfe974a03) lbu     s4, -23(a4)
core   0: 3 0x800046a0 (0xfe974a03) x20 0x0000000c mem 0x80012857
core   0: 0x800046a4 (0xfe780403) lb      s0, -25(a6)
core   0: 3 0x800046a4 (0xfe780403) x 8 0x00000004 mem 0x8001244f
core   0: 0x800046a8 (0x01c70f03) lb      t5, 28(a4)
core   0: 3 0x800046a8 (0x01c70f03) x30 0x00000041 mem 0x8001288a
core   0: 0x800046ac (0x02485e03) lhu     t3, 36(a6)
core   0: 3 0x800046ac (0x02485e03) x28 0x00004647 mem 0x8001248c
core   0: 0x800046b0 (0xfed74903) lbu     s2, -19(a4)
core   0: 3 0x800046b0 (0xfed74903) x18 0x00000010 mem 0x8001285b
core   0: 0x800046b4 (0xfe771423) sh      t2, -24(a4)
core   0: 3 0x800046b4 (0xfe771423) mem 0x80012856 0xfff4
core   0: 0x800046b8 (0xfdd70123) sb      t4, -62(a4)
core   0: 3 0x800046b8 (0xfdd70123) mem 0x80012830 0xc4
core   0: 0x800046bc (0x02474783) lbu     a5, 36(a4)
core   0: 3 0x800046bc (0x02474783) x15 0x00000049 mem 0x80012892
core   0: 0x800046c0 (0x00d80c83) lb      s9, 13(a6)
core   0: 3 0x800046c0 (0x00d80c83) x25 0x0000002e mem 0x80012475
core   0: 0x800046c4 (0x00010197) auipc   gp, 0x10
core   0: 3 0x800046c4 (0x00010197) x 3 0x800146c4
core   0: 0x800046c8 (0xaf418193) addi    gp, gp, -1292
core   0: 3 0x800046c8 (0xaf418193) x 3 0x800141b8
core   0: 0x800046cc (0x00010e17) auipc   t3, 0x10
core   0: 3 0x800046cc (0x00010e17) x28 0x800146cc
core   0: 0x800046d0 (0xa24e0e13) addi    t3, t3, -1500
core   0: 3 0x800046d0 (0xa24e0e13) x28 0x800140f0
core   0: 0x800046d4 (0xfa618fa3) sb      t1, -65(gp)
core   0: 3 0x800046d4 (0xfa618fa3) mem 0x80014177 0x0
core   0: 0x800046d8 (0xff01d903) lhu     s2, -16(gp)
core   0: 3 0x800046d8 (0xff01d903) x18 0x00006263 mem 0x800141a8
core   0: 0x800046dc (0xfd31c683) lbu     a3, -45(gp)
core   0: 3 0x800046dc (0xfd31c683) x13 0x00000040 mem 0x8001418b
core   0: 0x800046e0 (0xfdfe0a23) sb      t6, -44(t3)
core   0: 3 0x800046e0 (0xfdfe0a23) mem 0x800140c4 0xf8
core   0: 0x800046e4 (0xfeb18f03) lb      t5, -21(gp)
core   0: 3 0x800046e4 (0xfeb18f03) x30 0x00000058 mem 0x800141a3
core   0: 0x800046e8 (0x01218ca3) sb      s2, 25(gp)
core   0: 3 0x800046e8 (0x01218ca3) mem 0x800141d1 0x63
core   0: 0x800046ec (0xfe7e0523) sb      t2, -22(t3)
core   0: 3 0x800046ec (0xfe7e0523) mem 0x800140da 0xf4
core   0: 0x800046f0 (0x006e4383) lbu     t2, 6(t3)
core   0: 3 0x800046f0 (0x006e4383) x 7 0x000000ad mem 0x800140f6
core   0: 0x800046f4 (0xfdae5f03) lhu     t5, -38(t3)
core   0: 3 0x800046f4 (0xfdae5f03) x30 0x00008081 mem 0x800140ca
core   0: 0x800046f8 (0x0f11c003) lbu     zero, 241(gp)
core   0: 3 0x800046f8 (0x0f11c003) mem 0x800142a9
core   0: 0x800046fc (0x001e0303) lb      t1, 1(t3)
core   0: 3 0x800046fc (0x001e0303) x 6 0xffffffaa mem 0x800140f1
core   0: 0x80004700 (0x02f1c703) lbu     a4, 47(gp)
core   0: 3 0x80004700 (0x02f1c703) x14 0x0000009c mem 0x800141e7
core   0: 0x80004704 (0x02ae5f03) lhu     t5, 42(t3)
core   0: 3 0x80004704 (0x02ae5f03) x30 0x0000d0d1 mem 0x8001411a
core   0: 0x80004708 (0xfab1a023) sw      a1, -96(gp)
core   0: 3 0x80004708 (0xfab1a023) mem 0x80014158 0x0000004e
core   0: 0x8000470c (0x00900f13) li      t5, 9
core   0: 3 0x8000470c (0x00900f13) x30 0x00000009
core   0: 0x80004710 (0x00400713) li      a4, 4
core   0: 3 0x80004710 (0x00400713) x14 0x00000004
core   0: 0x80004714 (0x00334bb3) xor     s7, t1, gp
core   0: 3 0x80004714 (0x00334bb3) x23 0x7ffebe12
core   0: 0x80004718 (0xffef0f13) addi    t5, t5, -2
core   0: 3 0x80004718 (0xffef0f13) x30 0x00000007
core   0: 0x8000471c (0xffc00613) li      a2, -4
core   0: 3 0x8000471c (0xffc00613) x12 0xfffffffc
core   0: 0x80004720 (0x00500393) li      t2, 5
core   0: 3 0x80004720 (0x00500393) x 7 0x00000005
core   0: 0x80004724 (0x01a46d33) or      s10, s0, s10
core   0: 3 0x80004724 (0x01a46d33) x26 0x00000024
core   0: 0x80004728 (0x00360613) addi    a2, a2, 3
core   0: 3 0x80004728 (0x00360613) x12 0xffffffff
core   0: 0x8000472c (0xfe761ce3) bne     a2, t2, pc - 8
core   0: 3 0x8000472c (0xfe761ce3)
core   0: 0x80004724 (0x01a46d33) or      s10, s0, s10
core   0: 3 0x80004724 (0x01a46d33) x26 0x00000024
core   0: 0x80004728 (0x00360613) addi    a2, a2, 3
core   0: 3 0x80004728 (0x00360613) x12 0x00000002
core   0: 0x8000472c (0xfe761ce3) bne     a2, t2, pc - 8
core   0: 3 0x8000472c (0xfe761ce3)
core   0: 0x80004724 (0x01a46d33) or      s10, s0, s10
core   0: 3 0x80004724 (0x01a46d33) x26 0x00000024
core   0: 0x80004728 (0x00360613) addi    a2, a2, 3
core   0: 3 0x80004728 (0x00360613) x12 0x00000005
core   0: 0x8000472c (0xfe761ce3) bne     a2, t2, pc - 8
core   0: 3 0x8000472c (0xfe761ce3)
core   0: 0x80004730 (0xfeef72e3) bgeu    t5, a4, pc - 28
core   0: 3 0x80004730 (0xfeef72e3)
core   0: 0x80004714 (0x00334bb3) xor     s7, t1, gp
core   0: 3 0x80004714 (0x00334bb3) x23 0x7ffebe12
core   0: 0x80004718 (0xffef0f13) addi    t5, t5, -2
core   0: 3 0x80004718 (0xffef0f13) x30 0x00000005
core   0: 0x8000471c (0xffc00613) li      a2, -4
core   0: 3 0x8000471c (0xffc00613) x12 0xfffffffc
core   0: 0x80004720 (0x00500393) li      t2, 5
core   0: 3 0x80004720 (0x00500393) x 7 0x00000005
core   0: 0x80004724 (0x01a46d33) or      s10, s0, s10
core   0: 3 0x80004724 (0x01a46d33) x26 0x00000024
core   0: 0x80004728 (0x00360613) addi    a2, a2, 3
core   0: 3 0x80004728 (0x00360613) x12 0xffffffff
core   0: 0x8000472c (0xfe761ce3) bne     a2, t2, pc - 8
core   0: 3 0x8000472c (0xfe761ce3)
core   0: 0x80004724 (0x01a46d33) or      s10, s0, s10
core   0: 3 0x80004724 (0x01a46d33) x26 0x00000024
core   0: 0x80004728 (0x00360613) addi    a2, a2, 3
core   0: 3 0x80004728 (0x00360613) x12 0x00000002
core   0: 0x8000472c (0xfe761ce3) bne     a2, t2, pc - 8
core   0: 3 0x8000472c (0xfe761ce3)
core   0: 0x80004724 (0x01a46d33) or      s10, s0, s10
core   0: 3 0x80004724 (0x01a46d33) x26 0x00000024
core   0: 0x80004728 (0x00360613) addi    a2, a2, 3
core   0: 3 0x80004728 (0x00360613) x12 0x00000005
core   0: 0x8000472c (0xfe761ce3) bne     a2, t2, pc - 8
core   0: 3 0x8000472c (0xfe761ce3)
core   0: 0x80004730 (0xfeef72e3) bgeu    t5, a4, pc - 28
core   0: 3 0x80004730 (0xfeef72e3)
core   0: 0x80004714 (0x00334bb3) xor     s7, t1, gp
core   0: 3 0x80004714 (0x00334bb3) x23 0x7ffebe12
core   0: 0x80004718 (0xffef0f13) addi    t5, t5, -2
core   0: 3 0x80004718 (0xffef0f13) x30 0x00000003
core   0: 0x8000471c (0xffc00613) li      a2, -4
core   0: 3 0x8000471c (0xffc00613) x12 0xfffffffc
core   0: 0x80004720 (0x00500393) li      t2, 5
core   0: 3 0x80004720 (0x00500393) x 7 0x00000005
core   0: 0x80004724 (0x01a46d33) or      s10, s0, s10
core   0: 3 0x80004724 (0x01a46d33) x26 0x00000024
core   0: 0x80004728 (0x00360613) addi    a2, a2, 3
core   0: 3 0x80004728 (0x00360613) x12 0xffffffff
core   0: 0x8000472c (0xfe761ce3) bne     a2, t2, pc - 8
core   0: 3 0x8000472c (0xfe761ce3)
core   0: 0x80004724 (0x01a46d33) or      s10, s0, s10
core   0: 3 0x80004724 (0x01a46d33) x26 0x00000024
core   0: 0x80004728 (0x00360613) addi    a2, a2, 3
core   0: 3 0x80004728 (0x00360613) x12 0x00000002
core   0: 0x8000472c (0xfe761ce3) bne     a2, t2, pc - 8
core   0: 3 0x8000472c (0xfe761ce3)
core   0: 0x80004724 (0x01a46d33) or      s10, s0, s10
core   0: 3 0x80004724 (0x01a46d33) x26 0x00000024
core   0: 0x80004728 (0x00360613) addi    a2, a2, 3
core   0: 3 0x80004728 (0x00360613) x12 0x00000005
core   0: 0x8000472c (0xfe761ce3) bne     a2, t2, pc - 8
core   0: 3 0x8000472c (0xfe761ce3)
core   0: 0x80004730 (0xfeef72e3) bgeu    t5, a4, pc - 28
core   0: 3 0x80004730 (0xfeef72e3)
core   0: 0x80004734 (0x00000013) nop
core   0: 3 0x80004734 (0x00000013)
core   0: 0x80004738 (0x0000ff97) auipc   t6, 0xf
core   0: 3 0x80004738 (0x0000ff97) x31 0x80013738
core   0: 0x8000473c (0xccff8f93) addi    t6, t6, -817
core   0: 3 0x8000473c (0xccff8f93) x31 0x80013407
core   0: 0x80004740 (0x45cf8883) lb      a7, 1116(t6)
core   0: 3 0x80004740 (0x45cf8883) x17 0x00000018 mem 0x80013863
core   0: 0x80004744 (0x4e5faf03) lw      t5, 1253(t6)
core   0: 3 0x80004744 (0x4e5faf03) x30 0xa4a5a6a7 mem 0x800138ec
core   0: 0x80004748 (0x4e5fc503) lbu     a0, 1253(t6)
core   0: 3 0x80004748 (0x4e5fc503) x10 0x000000a7 mem 0x800138ec
core   0: 0x8000474c (0xd44fc803) lbu     a6, -700(t6)
core   0: 3 0x8000474c (0xd44fc803) x16 0x00000000 mem 0x8001314b
core   0: 0x80004750 (0x57ffa2a3) sw      t6, 1381(t6)
core   0: 3 0x80004750 (0x57ffa2a3) mem 0x8001396c 0x80013407
core   0: 0x80004754 (0x561f82a3) sb      ra, 1381(t6)
core   0: 3 0x80004754 (0x561f82a3) mem 0x8001396c 0xc7
core   0: 0x80004758 (0xd35fc883) lbu     a7, -715(t6)
core   0: 3 0x80004758 (0xd35fc883) x17 0x000000f7 mem 0x8001313c
core   0: 0x8000475c (0xd38faaa3) sw      s8, -715(t6)
core   0: 3 0x8000475c (0xd38faaa3) mem 0x8001313c 0x0001ffff
core   0: 0x80004760 (0xc76fc883) lbu     a7, -906(t6)
core   0: 3 0x80004760 (0xc76fc883) x17 0x00000036 mem 0x8001307d
core   0: 0x80004764 (0xc76f8703) lb      a4, -906(t6)
core   0: 3 0x80004764 (0xc76f8703) x14 0x00000036 mem 0x8001307d
core   0: 0x80004768 (0xc78f8b23) sb      s8, -906(t6)
core   0: 3 0x80004768 (0xc78f8b23) mem 0x8001307d 0xff
core   0: 0x8000476c (0x24efc303) lbu     t1, 590(t6)
core   0: 3 0x8000476c (0x24efc303) x 6 0x0000000e mem 0x80013655
core   0: 0x80004770 (0xd0ffd483) lhu     s1, -753(t6)
core   0: 3 0x80004770 (0xd0ffd483) x 9 0x0000cccd mem 0x80013116
core   0: 0x80004774 (0xc9077093) andi    ra, a4, -880
core   0: 3 0x80004774 (0xc9077093) x 1 0x00000010
core   0: 0x80004778 (0xdf5f8303) lb      t1, -523(t6)
core   0: 3 0x80004778 (0xdf5f8303) x 6 0xffffffb7 mem 0x800131fc
core   0: 0x8000477c (0x0f7fcc83) lbu     s9, 247(t6)
core   0: 3 0x8000477c (0x0f7fcc83) x25 0x000000b5 mem 0x800134fe
core   0: 0x80004780 (0xd33b6513) ori     a0, s6, -717
core   0: 3 0x80004780 (0xd33b6513) x10 0xffffff77
core   0: 0x80004784 (0x01b3cf33) xor     t5, t2, s11
core   0: 3 0x80004784 (0x01b3cf33) x30 0x0000004b
core   0: 0x80004788 (0x6f1fda83) lhu     s5, 1777(t6)
core   0: 3 0x80004788 (0x6f1fda83) x21 0x0000b2b3 mem 0x80013af8
core   0: 0x8000478c (0x009d4933) xor     s2, s10, s1
core   0: 3 0x8000478c (0x009d4933) x18 0x0000cce9
core   0: 0x80004790 (0x400dd933) sra     s2, s11, zero
core   0: 3 0x80004790 (0x400dd933) x18 0x0000004e
core   0: 0x80004794 (0x003c88b3) add     a7, s9, gp
core   0: 3 0x80004794 (0x003c88b3) x17 0x8001426d
core   0: 0x80004798 (0x6f1fd183) lhu     gp, 1777(t6)
core   0: 3 0x80004798 (0x6f1fd183) x 3 0x0000b2b3 mem 0x80013af8
core   0: 0x8000479c (0xda8fc503) lbu     a0, -600(t6)
core   0: 3 0x8000479c (0xda8fc503) x10 0x00000064 mem 0x800131af
core   0: 0x800047a0 (0x0000ef97) auipc   t6, 0xe
core   0: 3 0x800047a0 (0x0000ef97) x31 0x800127a0
core   0: 0x800047a4 (0x1ddf8f93) addi    t6, t6, 477
core   0: 3 0x800047a4 (0x1ddf8f93) x31 0x8001297d
core   0: 0x800047a8 (0x0001c417) auipc   s0, 0x1c
core   0: 3 0x800047a8 (0x0001c417) x 8 0x800207a8
core   0: 0x800047ac (0xa6940413) addi    s0, s0, -1431
core   0: 3 0x800047ac (0xa6940413) x 8 0x80020211
core   0: 0x800047b0 (0x2fb44903) lbu     s2, 763(s0)
core   0: 3 0x800047b0 (0x2fb44903) x18 0x000000c7 mem 0x8002050c
core   0: 0x800047b4 (0x00bfc603) lbu     a2, 11(t6)
core   0: 3 0x800047b4 (0x00bfc603) x12 0x00000043 mem 0x80012988
core   0: 0x800047b8 (0x06440823) sb      tp, 112(s0)
core   0: 3 0x800047b8 (0x06440823) mem 0x80020281 0xe4
core   0: 0x800047bc (0x000f8323) sb      zero, 6(t6)
core   0: 3 0x800047bc (0x000f8323) mem 0x80012983 0x0
core   0: 0x800047c0 (0xc4b40623) sb      a1, -948(s0)
core   0: 3 0x800047c0 (0xc4b40623) mem 0x8001fe5d 0x4e
core   0: 0x800047c4 (0x005f8123) sb      t0, 2(t6)
core   0: 3 0x800047c4 (0x005f8123) mem 0x8001297f 0xce
core   0: 0x800047c8 (0x62140c23) sb      ra, 1592(s0)
core   0: 3 0x800047c8 (0x62140c23) mem 0x80020849 0x10
core   0: 0x800047cc (0xb2244c03) lbu     s8, -1246(s0)
core   0: 3 0x800047cc (0xb2244c03) x24 0x000000e8 mem 0x8001fd33
core   0: 0x800047d0 (0x002f8783) lb      a5, 2(t6)
core   0: 3 0x800047d0 (0x002f8783) x15 0xffffffce mem 0x8001297f
core   0: 0x800047d4 (0xff8f8c83) lb      s9, -8(t6)
core   0: 3 0x800047d4 (0xff8f8c83) x25 0x0000002e mem 0x80012975
core   0: 0x800047d8 (0x83a44a83) lbu     s5, -1990(s0)
core   0: 3 0x800047d8 (0x83a44a83) x21 0x00000000 mem 0x8001fa4b
core   0: 0x800047dc (0x00ef8a03) lb      s4, 14(t6)
core   0: 3 0x800047dc (0x00ef8a03) x20 0x00000040 mem 0x8001298b
core   0: 0x800047e0 (0x002f8183) lb      gp, 2(t6)
core   0: 3 0x800047e0 (0x002f8183) x 3 0xffffffce mem 0x8001297f
core   0: 0x800047e4 (0x7bc40923) sb      t3, 1970(s0)
core   0: 3 0x800047e4 (0x7bc40923) mem 0x800209c3 0xf0
core   0: 0x800047e8 (0x69742283) lw      t0, 1687(s0)
core   0: 3 0x800047e8 (0x69742283) x 5 0x60616263 mem 0x800208a8
core   0: 0x800047ec (0xffdf8923) sb      t4, -14(t6)
core   0: 3 0x800047ec (0xffdf8923) mem 0x8001296f 0xc4
core   0: 0x800047f0 (0xff1f8b23) sb      a7, -10(t6)
core   0: 3 0x800047f0 (0xff1f8b23) mem 0x80012973 0x6d
core   0: 0x800047f4 (0x68541783) lh      a5, 1669(s0)
core   0: 3 0x800047f4 (0x68541783) x15 0x00004c4d mem 0x80020896
core   0: 0x800047f8 (0xd9240703) lb      a4, -622(s0)
core   0: 3 0x800047f8 (0xd9240703) x14 0x00000058 mem 0x8001ffa3
core   0: 0x800047fc (0x00af8883) lb      a7, 10(t6)
core   0: 3 0x800047fc (0x00af8883) x17 0x0000003c mem 0x80012987
core   0: 0x80004800 (0x0080036f) jal     t1, pc + 0x8
core   0: 3 0x80004800 (0x0080036f) x 6 0x80004804
core   0: 0x80004808 (0x020000ef) jal     pc + 0x20
core   0: 3 0x80004808 (0x020000ef) x 1 0x8000480c
core   0: 0x80004828 (0x024000ef) jal     pc + 0x24
core   0: 3 0x80004828 (0x024000ef) x 1 0x8000482c
core   0: 0x8000484c (0xfc9ff36f) jal     t1, pc - 0x38
core   0: 3 0x8000484c (0xfc9ff36f) x 6 0x80004850
core   0: 0x80004814 (0x020000ef) jal     pc + 0x20
core   0: 3 0x80004814 (0x020000ef) x 1 0x80004818
core   0: 0x80004834 (0xfe5ff0ef) jal     pc - 0x1c
core   0: 3 0x80004834 (0xfe5ff0ef) x 1 0x80004838
core   0: 0x80004818 (0x008000ef) jal     pc + 0x8
core   0: 3 0x80004818 (0x008000ef) x 1 0x8000481c
core   0: 0x80004820 (0x030000ef) jal     pc + 0x30
core   0: 3 0x80004820 (0x030000ef) x 1 0x80004824
core   0: 0x80004850 (0xfe9ff5ef) jal     a1, pc - 0x18
core   0: 3 0x80004850 (0xfe9ff5ef) x11 0x80004854
core   0: 0x80004838 (0x0280036f) jal     t1, pc + 0x28
core   0: 3 0x80004838 (0x0280036f) x 6 0x8000483c
core   0: 0x80004860 (0xfadffeef) jal     t4, pc - 0x54
core   0: 3 0x80004860 (0xfadffeef) x29 0x80004864
core   0: 0x8000480c (0x04c0036f) jal     t1, pc + 0x4c
core   0: 3 0x8000480c (0x04c0036f) x 6 0x80004810
core   0: 0x80004858 (0xfe9ff0ef) jal     pc - 0x18
core   0: 3 0x80004858 (0xfe9ff0ef) x 1 0x8000485c
core   0: 0x80004840 (0xfd1ff0ef) jal     pc - 0x30
core   0: 3 0x80004840 (0xfd1ff0ef) x 1 0x80004844
core   0: 0x80004810 (0x044007ef) jal     a5, pc + 0x44
core   0: 3 0x80004810 (0x044007ef) x15 0x80004814
core   0: 0x80004854 (0xff5ff0ef) jal     pc - 0xc
core   0: 3 0x80004854 (0xff5ff0ef) x 1 0x80004858
core   0: 0x80004848 (0xfe5ff0ef) jal     pc - 0x1c
core   0: 3 0x80004848 (0xfe5ff0ef) x 1 0x8000484c
core   0: 0x8000482c (0xff1ffc6f) jal     s8, pc - 0x10
core   0: 3 0x8000482c (0xff1ffc6f) x24 0x80004830
core   0: 0x8000481c (0x01400cef) jal     s9, pc + 0x14
core   0: 3 0x8000481c (0x01400cef) x25 0x80004820
core   0: 0x80004830 (0x014000ef) jal     pc + 0x14
core   0: 3 0x80004830 (0x014000ef) x 1 0x80004834
core   0: 0x80004844 (0xfe1ff0ef) jal     pc - 0x20
core   0: 3 0x80004844 (0xfe1ff0ef) x 1 0x80004848
core   0: 0x80004824 (0xfe1ff0ef) jal     pc - 0x20
core   0: 3 0x80004824 (0xfe1ff0ef) x 1 0x80004828
core   0: 0x80004804 (0x0380076f) jal     a4, pc + 0x38
core   0: 3 0x80004804 (0x0380076f) x14 0x80004808
core   0: 0x8000483c (0x028000ef) jal     pc + 0x28
core   0: 3 0x8000483c (0x028000ef) x 1 0x80004840
core   0: 0x80004864 (0xff9ff0ef) jal     pc - 0x8
core   0: 3 0x80004864 (0xff9ff0ef) x 1 0x80004868
core   0: 0x8000485c (0x00c001ef) jal     gp, pc + 0xc
core   0: 3 0x8000485c (0x00c001ef) x 3 0x80004860
core   0: 0x80004868 (0x00000013) nop
core   0: 3 0x80004868 (0x00000013)
core   0: 0x8000486c (0x00019917) auipc   s2, 0x19
core   0: 3 0x8000486c (0x00019917) x18 0x8001d86c
core   0: 0x80004870 (0x56b90913) addi    s2, s2, 1387
core   0: 3 0x80004870 (0x56b90913) x18 0x8001ddd7
core   0: 0x80004874 (0x0000e617) auipc   a2, 0xe
core   0: 3 0x80004874 (0x0000e617) x12 0x80012874
core   0: 0x80004878 (0x70960613) addi    a2, a2, 1801
core   0: 3 0x80004878 (0x70960613) x12 0x80012f7d
core   0: 0x8000487c (0x23a94d03) lbu     s10, 570(s2)
core   0: 3 0x8000487c (0x23a94d03) x26 0x000000ca mem 0x8001e011
core   0: 0x80004880 (0x04c60623) sb      a2, 76(a2)
core   0: 3 0x80004880 (0x04c60623) mem 0x80012fc9 0x7d
core   0: 0x80004884 (0x98760f23) sb      t2, -1634(a2)
core   0: 3 0x80004884 (0x98760f23) mem 0x8001291b 0x5
core   0: 0x80004888 (0x9ba64703) lbu     a4, -1606(a2)
core   0: 3 0x80004888 (0x9ba64703) x14 0x000000ec mem 0x80012937
core   0: 0x8000488c (0x55494883) lbu     a7, 1364(s2)
core   0: 3 0x8000488c (0x55494883) x17 0x000000e0 mem 0x8001e32b
core   0: 0x80004890 (0xd0694003) lbu     zero, -762(s2)
core   0: 3 0x80004890 (0xd0694003) mem 0x8001dadd
core   0: 0x80004894 (0xc7f904a3) sb      t6, -919(s2)
core   0: 3 0x80004894 (0xc7f904a3) mem 0x8001da40 0x7d
core   0: 0x80004898 (0x53690c83) lb      s9, 1334(s2)
core   0: 3 0x80004898 (0x53690c83) x25 0xffffffc6 mem 0x8001e30d
core   0: 0x8000489c (0x00765b83) lhu     s7, 7(a2)
core   0: 3 0x8000489c (0x00765b83) x23 0x00003e3f mem 0x80012f84
core   0: 0x800048a0 (0x0b894b83) lbu     s7, 184(s2)
core   0: 3 0x800048a0 (0x0b894b83) x23 0x00000044 mem 0x8001de8f
core   0: 0x800048a4 (0xeb464883) lbu     a7, -332(a2)
core   0: 3 0x800048a4 (0xeb464883) x17 0x000000ea mem 0x80012e31
core   0: 0x800048a8 (0xcb494c83) lbu     s9, -844(s2)
core   0: 3 0x800048a8 (0xcb494c83) x25 0x00000040 mem 0x8001da8b
core   0: 0x800048ac (0x00017297) auipc   t0, 0x17
core   0: 3 0x800048ac (0x00017297) x 5 0x8001b8ac
core   0: 0x800048b0 (0x35828293) addi    t0, t0, 856
core   0: 3 0x800048b0 (0x35828293) x 5 0x8001bc04
core   0: 0x800048b4 (0x0000e617) auipc   a2, 0xe
core   0: 3 0x800048b4 (0x0000e617) x12 0x800128b4
core   0: 0x800048b8 (0x9c960613) addi    a2, a2, -1591
core   0: 3 0x800048b8 (0x9c960613) x12 0x8001227d
core   0: 0x800048bc (0x01b28da3) sb      s11, 27(t0)
core   0: 3 0x800048bc (0x01b28da3) mem 0x8001bc1f 0x4e
core   0: 0x800048c0 (0xffb28103) lb      sp, -5(t0)
core   0: 3 0x800048c0 (0xffb28103) x 2 0xffffffb4 mem 0x8001bbff
core   0: 0x800048c4 (0x49960ca3) sb      s9, 1177(a2)
core   0: 3 0x800048c4 (0x49960ca3) mem 0x80012716 0x40
core   0: 0x800048c8 (0x02229e23) sh      sp, 60(t0)
core   0: 3 0x800048c8 (0x02229e23) mem 0x8001bc40 0xffb4
core   0: 0x800048cc (0xff42a023) sw      s4, -32(t0)
core   0: 3 0x800048cc (0xff42a023) mem 0x8001bbe4 0x00000040
core   0: 0x800048d0 (0x3d164d03) lbu     s10, 977(a2)
core   0: 3 0x800048d0 (0x3d164d03) x26 0x00000005 mem 0x8001264e
core   0: 0x800048d4 (0xff62cb83) lbu     s7, -10(t0)
core   0: 3 0x800048d4 (0xff62cb83) x23 0x000000b1 mem 0x8001bbfa
core   0: 0x800048d8 (0x02d281a3) sb      a3, 35(t0)
core   0: 3 0x800048d8 (0x02d281a3) mem 0x8001bc27 0x40
core   0: 0x800048dc (0x00c2ad83) lw      s11, 12(t0)
core   0: 3 0x800048dc (0x00c2ad83) x27 0xc8c9cacb mem 0x8001bc10
core   0: 0x800048e0 (0xf6160083) lb      ra, -159(a2)
core   0: 3 0x800048e0 (0xf6160083) x 1 0xffffff95 mem 0x800121de
core   0: 0x800048e4 (0x00628583) lb      a1, 6(t0)
core   0: 3 0x800048e4 (0x00628583) x11 0xffffffc1 mem 0x8001bc0a
core   0: 0x800048e8 (0xfe028aa3) sb      zero, -11(t0)
core   0: 3 0x800048e8 (0xfe028aa3) mem 0x8001bbf9 0x0
core   0: 0x800048ec (0x4f860ba3) sb      s8, 1271(a2)
core   0: 3 0x800048ec (0x4f860ba3) mem 0x80012774 0x30
core   0: 0x800048f0 (0x03e28783) lb      a5, 62(t0)
core   0: 3 0x800048f0 (0x03e28783) x15 0xfffffff9 mem 0x8001bc42
core   0: 0x800048f4 (0x47360c23) sb      s3, 1144(a2)
core   0: 3 0x800048f4 (0x47360c23) mem 0x800126f5 0x9c
core   0: 0x800048f8 (0x0000e117) auipc   sp, 0xe
core   0: 3 0x800048f8 (0x0000e117) x 2 0x800128f8
core   0: 0x800048fc (0x04c10113) addi    sp, sp, 76
core   0: 3 0x800048fc (0x04c10113) x 2 0x80012944
core   0: 0x80004900 (0x4c7b8013) addi    zero, s7, 1223
core   0: 3 0x80004900 (0x4c7b8013)
core   0: 0x80004904 (0x6d114b83) lbu     s7, 1745(sp)
core   0: 3 0x80004904 (0x6d114b83) x23 0x000000ce mem 0x80013015
core   0: 0x80004908 (0x36540013) addi    zero, s0, 869
core   0: 3 0x80004908 (0x36540013)
core   0: 0x8000490c (0x3fe15783) lhu     a5, 1022(sp)
core   0: 3 0x8000490c (0x3fe15783) x15 0x0000f8f9 mem 0x80012d42
core   0: 0x80004910 (0xce853493) sltiu   s1, a0, -792
core   0: 3 0x80004910 (0xce853493) x 9 0x00000001
core   0: 0x80004914 (0x56414b83) lbu     s7, 1380(sp)
core   0: 3 0x80004914 (0x56414b83) x23 0x00000063 mem 0x80012ea8
core   0: 0x80004918 (0xa9f10b83) lb      s7, -1377(sp)
core   0: 3 0x80004918 (0xa9f10b83) x23 0xffffff98 mem 0x800123e3
core   0: 0x8000491c (0x41748bb3) sub     s7, s1, s7
core   0: 3 0x8000491c (0x41748bb3) x23 0x00000069
core   0: 0x80004920 (0xae010223) sb      zero, -1308(sp)
core   0: 3 0x80004920 (0xae010223) mem 0x80012428 0x0
core   0: 0x80004924 (0xf4a11003) lh      zero, -182(sp)
core   0: 3 0x80004924 (0xf4a11003) mem 0x8001288e
core   0: 0x80004928 (0x27e10b83) lb      s7, 638(sp)
core   0: 3 0x80004928 (0x27e10b83) x23 0xffffff82 mem 0x80012bc2
core   0: 0x8000492c (0x41748533) sub     a0, s1, s7
core   0: 3 0x8000492c (0x41748533) x10 0x0000007f
core   0: 0x80004930 (0x61253013) sltiu   zero, a0, 1554
core   0: 3 0x80004930 (0x61253013)
core   0: 0x80004934 (0x01005513) srli    a0, zero, 16
core   0: 3 0x80004934 (0x01005513) x10 0x00000000
core   0: 0x80004938 (0xfb257513) andi    a0, a0, -78
core   0: 3 0x80004938 (0xfb257513) x10 0x00000000
core   0: 0x8000493c (0x0177d7b3) srl     a5, a5, s7
core   0: 3 0x8000493c (0x0177d7b3) x15 0x00003e3e
core   0: 0x80004940 (0x01e49513) slli    a0, s1, 30
core   0: 3 0x80004940 (0x01e49513) x10 0x40000000
core   0: 0x80004944 (0xfe9bc013) xori    zero, s7, -23
core   0: 3 0x80004944 (0xfe9bc013)
core   0: 0x80004948 (0xbad14003) lbu     zero, -1107(sp)
core   0: 3 0x80004948 (0xbad14003) mem 0x800124f1
core   0: 0x8000494c (0x08214783) lbu     a5, 130(sp)
core   0: 3 0x8000494c (0x08214783) x15 0x0000007d mem 0x800129c6
core   0: 0x80004950 (0x50314003) lbu     zero, 1283(sp)
core   0: 3 0x80004950 (0x50314003) mem 0x80012e47
core   0: 0x80004954 (0x6cd56013) ori     zero, a0, 1741
core   0: 3 0x80004954 (0x6cd56013)
core   0: 0x80004958 (0x6e359497) auipc   s1, 0x6e359
core   0: 3 0x80004958 (0x6e359497) x 9 0xee35d958
core   0: 0x8000495c (0xcf67f493) andi    s1, a5, -778
core   0: 3 0x8000495c (0xcf67f493) x 9 0x00000074
core   0: 0x80004960 (0x3351d417) auipc   s0, 0x3351d
core   0: 3 0x80004960 (0x3351d417) x 8 0xb3521960
core   0: 0x80004964 (0x62c56b93) ori     s7, a0, 1580
core   0: 3 0x80004964 (0x62c56b93) x23 0x4000062c
core   0: 0x80004968 (0x00abb7b3) sltu    a5, s7, a0
core   0: 3 0x80004968 (0x00abb7b3) x15 0x00000000
core   0: 0x8000496c (0x4174db93) srai    s7, s1, 23
core   0: 3 0x8000496c (0x4174db93) x23 0x00000000
core   0: 0x80004970 (0xa9710023) sb      s7, -1408(sp)
core   0: 3 0x80004970 (0xa9710023) mem 0x800123c4 0x0
core   0: 0x80004974 (0x2be14403) lbu     s0, 702(sp)
core   0: 3 0x80004974 (0x2be14403) x 8 0x000000b9 mem 0x80012c02
core   0: 0x80004978 (0xd2110403) lb      s0, -735(sp)
core   0: 3 0x80004978 (0xd2110403) x 8 0x0000001e mem 0x80012665
core   0: 0x8000497c (0x40b4d013) srai    zero, s1, 11
core   0: 3 0x8000497c (0x40b4d013)
core   0: 0x80004980 (0x00fb8bb3) add     s7, s7, a5
core   0: 3 0x80004980 (0x00fb8bb3) x23 0x00000000
core   0: 0x80004984 (0xe0302493) slti    s1, zero, -509
core   0: 3 0x80004984 (0xe0302493) x 9 0x00000000
core   0: 0x80004988 (0x003bd493) srli    s1, s7, 3
core   0: 3 0x80004988 (0x003bd493) x 9 0x00000000
core   0: 0x8000498c (0x5ae11483) lh      s1, 1454(sp)
core   0: 3 0x8000498c (0x5ae11483) x 9 0xffffa8a9 mem 0x80012ef2
core   0: 0x80004990 (0x10f14003) lbu     zero, 271(sp)
core   0: 3 0x80004990 (0x10f14003) mem 0x80012a53
core   0: 0x80004994 (0x06814403) lbu     s0, 104(sp)
core   0: 3 0x80004994 (0x06814403) x 8 0x00000067 mem 0x800129ac
core   0: 0x80004998 (0x3e514403) lbu     s0, 997(sp)
core   0: 3 0x80004998 (0x3e514403) x 8 0x000000e2 mem 0x80012d29
core   0: 0x8000499c (0x18812e23) sw      s0, 412(sp)
core   0: 3 0x8000499c (0x18812e23) mem 0x80012ae0 0x000000e2
core   0: 0x800049a0 (0x0004ebb3) or      s7, s1, zero
core   0: 3 0x800049a0 (0x0004ebb3) x23 0xffffa8a9
core   0: 0x800049a4 (0x1d990417) auipc   s0, 0x1d990
core   0: 3 0x800049a4 (0x1d990417) x 8 0x9d9949a4
core   0: 0x800049a8 (0x00f4f7b3) and     a5, s1, a5
core   0: 3 0x800049a8 (0x00f4f7b3) x15 0x00000000
core   0: 0x800049ac (0x82f105a3) sb      a5, -2005(sp)
core   0: 3 0x800049ac (0x82f105a3) mem 0x8001216f 0x0
core   0: 0x800049b0 (0x049101a3) sb      s1, 67(sp)
core   0: 3 0x800049b0 (0x049101a3) mem 0x80012987 0xa9
core   0: 0x800049b4 (0x00a7b033) sltu    zero, a5, a0
core   0: 3 0x800049b4 (0x00a7b033)
core   0: 0x800049b8 (0x00000013) nop
core   0: 3 0x800049b8 (0x00000013)
core   0: 0x800049bc (0x40ab8433) sub     s0, s7, a0
core   0: 3 0x800049bc (0x40ab8433) x 8 0xbfffa8a9
core   0: 0x800049c0 (0x43d14b83) lbu     s7, 1085(sp)
core   0: 3 0x800049c0 (0x43d14b83) x23 0x0000003a mem 0x80012d81
core   0: 0x800049c4 (0x0000e117) auipc   sp, 0xe
core   0: 3 0x800049c4 (0x0000e117) x 2 0x800129c4
core   0: 0x800049c8 (0x33710113) addi    sp, sp, 823
core   0: 3 0x800049c8 (0x33710113) x 2 0x80012cfb
core   0: 0x800049cc (0xe9cd1db7) lui     s11, 0xe9cd1
core   0: 3 0x800049cc (0xe9cd1db7) x27 0xe9cd1000
core   0: 0x800049d0 (0x000b2433) slt     s0, s6, zero
core   0: 3 0x800049d0 (0x000b2433) x 8 0x00000001
core   0: 0x800049d4 (0x012cdd33) srl     s10, s9, s2
core   0: 3 0x800049d4 (0x012cdd33) x26 0x00000000
core   0: 0x800049d8 (0xfeb14b83) lbu     s7, -21(sp)
core   0: 3 0x800049d8 (0xfeb14b83) x23 0x0000009d mem 0x80012ce6
core   0: 0x800049dc (0x6abb8913) addi    s2, s7, 1707
core   0: 3 0x800049dc (0x6abb8913) x18 0x00000748
core   0: 0x800049e0 (0x00000013) nop
core   0: 3 0x800049e0 (0x00000013)
core   0: 0x800049e4 (0xfd112483) lw      s1, -47(sp)
core   0: 3 0x800049e4 (0xfd112483) x 9 0x23f38687 mem 0x80012ccc
core   0: 0x800049e8 (0xff114003) lbu     zero, -15(sp)
core   0: 3 0x800049e8 (0xff114003) mem 0x80012cec
core   0: 0x800049ec (0x0ff0000f) fence   iorw,iorw
core   0: 3 0x800049ec (0x0ff0000f)
core   0: 0x800049f0 (0xdddfee13) ori     t3, t6, -547
core   0: 3 0x800049f0 (0xdddfee13) x28 0xfffffdfd
core   0: 0x800049f4 (0x4038d633) sra     a2, a7, gp
core   0: 3 0x800049f4 (0x4038d633) x12 0x000000ea
core   0: 0x800049f8 (0x8f584013) xori    zero, a6, -1803
core   0: 3 0x800049f8 (0x8f584013)
core   0: 0x800049fc (0x74787513) andi    a0, a6, 1863
core   0: 3 0x800049fc (0x74787513) x10 0x00000000
core   0: 0x80004a00 (0xfd210da3) sb      s2, -37(sp)
core   0: 3 0x80004a00 (0xfd210da3) mem 0x80012cd6 0x48
core   0: 0x80004a04 (0x03312aa3) sw      s3, 53(sp)
core   0: 3 0x80004a04 (0x03312aa3) mem 0x80012d30 0xfe64ec9c
core   0: 0x80004a08 (0x0000100f) fence.i
core   0: 3 0x80004a08 (0x0000100f)
core   0: 0x80004a0c (0x01f43e33) sltu    t3, s0, t6
core   0: 3 0x80004a0c (0x01f43e33) x28 0x00000001
core   0: 0x80004a10 (0x0101cdb3) xor     s11, gp, a6
core   0: 3 0x80004a10 (0x0101cdb3) x27 0x80004860
core   0: 0x80004a14 (0x01148633) add     a2, s1, a7
core   0: 3 0x80004a14 (0x01148633) x12 0x23f38771
core   0: 0x80004a18 (0xfdc14083) lbu     ra, -36(sp)
core   0: 3 0x80004a18 (0xfdc14083) x 1 0x0000008c mem 0x80012cd7
core   0: 0x80004a1c (0x00214483) lbu     s1, 2(sp)
core   0: 3 0x80004a1c (0x00214483) x 9 0x000000b6 mem 0x80012cfd
core   0: 0x80004a20 (0x40d95013) srai    zero, s2, 13
core   0: 3 0x80004a20 (0x40d95013)
core   0: 0x80004a24 (0x02010503) lb      a0, 32(sp)
core   0: 3 0x80004a24 (0x02010503) x10 0xffffffd0 mem 0x80012d1b
core   0: 0x80004a28 (0xe6d19937) lui     s2, 0xe6d19
core   0: 3 0x80004a28 (0xe6d19937) x18 0xe6d19000
core   0: 0x80004a2c (0x00814383) lbu     t2, 8(sp)
core   0: 3 0x80004a2c (0x00814383) x 7 0x00000048 mem 0x80012d03
core   0: 0x80004a30 (0x015c0a33) add     s4, s8, s5
core   0: 3 0x80004a30 (0x015c0a33) x20 0x80004830
core   0: 0x80004a34 (0xfc111803) lh      a6, -63(sp)
core   0: 3 0x80004a34 (0xfc111803) x16 0x00007677 mem 0x80012cbc
core   0: 0x80004a38 (0x1db2ae37) lui     t3, 0x1db2a
core   0: 3 0x80004a38 (0x1db2ae37) x28 0x1db2a000
core   0: 0x80004a3c (0xff014603) lbu     a2, -16(sp)
core   0: 3 0x80004a3c (0xff014603) x12 0x000000a0 mem 0x80012ceb
core   0: 0x80004a40 (0x02b15b83) lhu     s7, 43(sp)
core   0: 3 0x80004a40 (0x02b15b83) x23 0x0000dcdd mem 0x80012d26
core   0: 0x80004a44 (0xa182d797) auipc   a5, 0xa182d
core   0: 3 0x80004a44 (0xa182d797) x15 0x21831a44
core   0: 0x80004a48 (0x01312ca3) sw      s3, 25(sp)
core   0: 3 0x80004a48 (0x01312ca3) mem 0x80012d14 0xfe64ec9c
core   0: 0x80004a4c (0x03912f83) lw      t6, 57(sp)
core   0: 3 0x80004a4c (0x03912f83) x31 0xecedeeef mem 0x80012d34
core   0: 0x80004a50 (0xfe410a83) lb      s5, -28(sp)
core   0: 3 0x80004a50 (0xfe410a83) x21 0xffffff94 mem 0x80012cdf
core   0: 0x80004a54 (0x077ca293) slti    t0, s9, 119
core   0: 3 0x80004a54 (0x077ca293) x 5 0x00000001
core   0: 0x80004a58 (0x00b7da93) srli    s5, a5, 11
core   0: 3 0x80004a58 (0x00b7da93) x21 0x00043063
core   0: 0x80004a5c (0xfe211ea3) sh      sp, -3(sp)
core   0: 3 0x80004a5c (0xfe211ea3) mem 0x80012cf8 0x2cfb
core   0: 0x80004a60 (0x449c3313) sltiu   t1, s8, 1097
core   0: 3 0x80004a60 (0x449c3313) x 6 0x00000000
core   0: 0x80004a64 (0x485da893) slti    a7, s11, 1157
core   0: 3 0x80004a64 (0x485da893) x17 0x00000001
core   0: 0x80004a68 (0x01810323) sb      s8, 6(sp)
core   0: 3 0x80004a68 (0x01810323) mem 0x80012d01 0x30
core   0: 0x80004a6c (0x0146ddb3) srl     s11, a3, s4
core   0: 3 0x80004a6c (0x0146ddb3) x27 0x00000000
core   0: 0x80004a70 (0xfdd12a83) lw      s5, -35(sp)
core   0: 3 0x80004a70 (0xfdd12a83) x21 0x7e649293 mem 0x80012cd8
core   0: 0x80004a74 (0x011a9933) sll     s2, s5, a7
core   0: 3 0x80004a74 (0x011a9933) x18 0xfcc92526
core   0: 0x80004a78 (0x01204033) xor     zero, zero, s2
core   0: 3 0x80004a78 (0x01204033)
core   0: 0x80004a7c (0xfe114b83) lbu     s7, -31(sp)
core   0: 3 0x80004a7c (0xfe114b83) x23 0x00000097 mem 0x80012cdc
core   0: 0x80004a80 (0x00dc9513) slli    a0, s9, 13
core   0: 3 0x80004a80 (0x00dc9513) x10 0x00080000
core   0: 0x80004a84 (0x017fc7b3) xor     a5, t6, s7
core   0: 3 0x80004a84 (0x017fc7b3) x15 0xecedee78
core   0: 0x80004a88 (0xd2df6f93) ori     t6, t5, -723
core   0: 3 0x80004a88 (0xd2df6f93) x31 0xfffffd6f
core   0: 0x80004a8c (0xfdb10183) lb      gp, -37(sp)
core   0: 3 0x80004a8c (0xfdb10183) x 3 0x00000048 mem 0x80012cd6
core   0: 0x80004a90 (0xfc715303) lhu     t1, -57(sp)
core   0: 3 0x80004a90 (0xfc715303) x 6 0x00007879 mem 0x80012cc2
core   0: 0x80004a94 (0x0000100f) fence.i
core   0: 3 0x80004a94 (0x0000100f)
core   0: 0x80004a98 (0x03610083) lb      ra, 54(sp)
core   0: 3 0x80004a98 (0x03610083) x 1 0xffffffec mem 0x80012d31
core   0: 0x80004a9c (0x00f126a3) sw      a5, 13(sp)
core   0: 3 0x80004a9c (0x00f126a3) mem 0x80012d08 0xecedee78
core   0: 0x80004aa0 (0x00013917) auipc   s2, 0x13
core   0: 3 0x80004aa0 (0x00013917) x18 0x80017aa0
core   0: 0x80004aa4 (0x78390913) addi    s2, s2, 1923
core   0: 3 0x80004aa4 (0x78390913) x18 0x80018223
core   0: 0x80004aa8 (0x0000e297) auipc   t0, 0xe
core   0: 3 0x80004aa8 (0x0000e297) x 5 0x80012aa8
core   0: 0x80004aac (0x4e228293) addi    t0, t0, 1250
core   0: 3 0x80004aac (0x4e228293) x 5 0x80012f8a
core   0: 0x80004ab0 (0x0082d303) lhu     t1, 8(t0)
core   0: 3 0x80004ab0 (0x0082d303) x 6 0x00004849 mem 0x80012f92
core   0: 0x80004ab4 (0x0d694c83) lbu     s9, 214(s2)
core   0: 3 0x80004ab4 (0x0d694c83) x25 0x000000b2 mem 0x800182f9
core   0: 0x80004ab8 (0x0052c583) lbu     a1, 5(t0)
core   0: 3 0x80004ab8 (0x0052c583) x11 0x00000044 mem 0x80012f8f
core   0: 0x80004abc (0x0c390f83) lb      t6, 195(s2)
core   0: 3 0x80004abc (0x0c390f83) x31 0xffffff9d mem 0x800182e6
core   0: 0x80004ac0 (0x03528aa3) sb      s5, 53(t0)
core   0: 3 0x80004ac0 (0x03528aa3) mem 0x80012fbf 0x93
core   0: 0x80004ac4 (0x00529323) sh      t0, 6(t0)
core   0: 3 0x80004ac4 (0x00529323) mem 0x80012f90 0x2f8a
core   0: 0x80004ac8 (0xf5890d03) lb      s10, -168(s2)
core   0: 3 0x80004ac8 (0xf5890d03) x26 0x00000030 mem 0x8001817b
core   0: 0x80004acc (0x05328023) sb      s3, 64(t0)
core   0: 3 0x80004acc (0x05328023) mem 0x80012fca 0x9c
core   0: 0x80004ad0 (0x00129a23) sh      ra, 20(t0)
core   0: 3 0x80004ad0 (0x00129a23) mem 0x80012f9e 0xffec
core   0: 0x80004ad4 (0x0cb94883) lbu     a7, 203(s2)
core   0: 3 0x80004ad4 (0x0cb94883) x17 0x000000a5 mem 0x800182ee
core   0: 0x80004ad8 (0xfe72c603) lbu     a2, -25(t0)
core   0: 3 0x80004ad8 (0xfe72c603) x12 0x0000002a mem 0x80012f71
core   0: 0x80004adc (0xff62cd83) lbu     s11, -10(t0)
core   0: 3 0x80004adc (0xff62cd83) x27 0x0000003b mem 0x80012f80
core   0: 0x80004ae0 (0xf9a917a3) sh      s10, -113(s2)
core   0: 3 0x80004ae0 (0xf9a917a3) mem 0x800181b2 0x0030
core   0: 0x80004ae4 (0xf5390c23) sb      s3, -168(s2)
core   0: 3 0x80004ae4 (0xf5390c23) mem 0x8001817b 0x9c
core   0: 0x80004ae8 (0x02794383) lbu     t2, 39(s2)
core   0: 3 0x80004ae8 (0x02794383) x 7 0x00000001 mem 0x8001824a
core   0: 0x80004aec (0xfc428083) lb      ra, -60(t0)
core   0: 3 0x80004aec (0xfc428083) x 1 0x00000005 mem 0x80012f4e
core   0: 0x80004af0 (0xf9f94303) lbu     t1, -97(s2)
core   0: 3 0x80004af0 (0xf9f94303) x 6 0x00000079 mem 0x800181c2
core   0: 0x80004af4 (0x00017117) auipc   sp, 0x17
core   0: 3 0x80004af4 (0x00017117) x 2 0x8001baf4
core   0: 0x80004af8 (0xe5f10113) addi    sp, sp, -417
core   0: 3 0x80004af8 (0xe5f10113) x 2 0x8001b953
core   0: 0x80004afc (0xff610e83) lb      t4, -10(sp)
core   0: 3 0x80004afc (0xff610e83) x29 0x00000000 mem 0x8001b949
core   0: 0x80004b00 (0x01d124a3) sw      t4, 9(sp)
core   0: 3 0x80004b00 (0x01d124a3) mem 0x8001b95c 0x00000000
core   0: 0x80004b04 (0xb322e913) ori     s2, t0, -1230
core   0: 3 0x80004b04 (0xb322e913) x18 0xffffffba
core   0: 0x80004b08 (0xffc14c83) lbu     s9, -4(sp)
core   0: 3 0x80004b08 (0xffc14c83) x25 0x00000004 mem 0x8001b94f
core   0: 0x80004b0c (0xfee10c23) sb      a4, -8(sp)
core   0: 3 0x80004b0c (0xfee10c23) mem 0x8001b94b 0xec
core   0: 0x80004b10 (0xffc14903) lbu     s2, -4(sp)
core   0: 3 0x80004b10 (0xffc14903) x18 0x00000004 mem 0x8001b94f
core   0: 0x80004b14 (0x0000100f) fence.i
core   0: 3 0x80004b14 (0x0000100f)
core   0: 0x80004b18 (0x0ff0000f) fence   iorw,iorw
core   0: 3 0x80004b18 (0x0ff0000f)
core   0: 0x80004b1c (0xff210923) sb      s2, -14(sp)
core   0: 3 0x80004b1c (0xff210923) mem 0x8001b945 0x4
core   0: 0x80004b20 (0xffe14703) lbu     a4, -2(sp)
core   0: 3 0x80004b20 (0xffe14703) x14 0x0000000a mem 0x8001b951
core   0: 0x80004b24 (0x0002c2b3) xor     t0, t0, zero
core   0: 3 0x80004b24 (0x0002c2b3) x 5 0x80012f8a
core   0: 0x80004b28 (0x4a106293) ori     t0, zero, 1185
core   0: 3 0x80004b28 (0x4a106293) x 5 0x000004a1
core   0: 0x80004b2c (0x00912283) lw      t0, 9(sp)
core   0: 3 0x80004b2c (0x00912283) x 5 0x00000000 mem 0x8001b95c
core   0: 0x80004b30 (0xff514003) lbu     zero, -11(sp)
core   0: 3 0x80004b30 (0xff514003) mem 0x8001b948
core   0: 0x80004b34 (0x8262e293) ori     t0, t0, -2010
core   0: 3 0x80004b34 (0x8262e293) x 5 0xfffff826
core   0: 0x80004b38 (0x00f29913) slli    s2, t0, 15
core   0: 3 0x80004b38 (0x00f29913) x18 0xfc130000
core   0: 0x80004b3c (0x000eacb3) slt     s9, t4, zero
core   0: 3 0x80004b3c (0x000eacb3) x25 0x00000000
core   0: 0x80004b40 (0xffd11c83) lh      s9, -3(sp)
core   0: 3 0x80004b40 (0xffd11c83) x25 0x00000a0b mem 0x8001b950
core   0: 0x80004b44 (0x41d282b3) sub     t0, t0, t4
core   0: 3 0x80004b44 (0x41d282b3) x 5 0xfffff826
core   0: 0x80004b48 (0x0000100f) fence.i
core   0: 3 0x80004b48 (0x0000100f)
core   0: 0x80004b4c (0x00e97733) and     a4, s2, a4
core   0: 3 0x80004b4c (0x00e97733) x14 0x00000000
core   0: 0x80004b50 (0xff810903) lb      s2, -8(sp)
core   0: 3 0x80004b50 (0xff810903) x18 0xffffffec mem 0x8001b94b
core   0: 0x80004b54 (0x61f28013) addi    zero, t0, 1567
core   0: 3 0x80004b54 (0x61f28013)
core   0: 0x80004b58 (0xffb14903) lbu     s2, -5(sp)
core   0: 3 0x80004b58 (0xffb14903) x18 0x00000005 mem 0x8001b94e
core   0: 0x80004b5c (0x0ff0000f) fence   iorw,iorw
core   0: 3 0x80004b5c (0x0ff0000f)
core   0: 0x80004b60 (0x00e72733) slt     a4, a4, a4
core   0: 3 0x80004b60 (0x00e72733) x14 0x00000000
core   0: 0x80004b64 (0x00f29e93) slli    t4, t0, 15
core   0: 3 0x80004b64 (0x00f29e93) x29 0xfc130000
core   0: 0x80004b68 (0x3d403c93) sltiu   s9, zero, 980
core   0: 3 0x80004b68 (0x3d403c93) x25 0x00000001
core   0: 0x80004b6c (0x00710703) lb      a4, 7(sp)
core   0: 3 0x80004b6c (0x00710703) x14 0x00000011 mem 0x8001b95a
core   0: 0x80004b70 (0xff314c83) lbu     s9, -13(sp)
core   0: 3 0x80004b70 (0xff314c83) x25 0x000000fd mem 0x8001b946
core   0: 0x80004b74 (0x91602293) slti    t0, zero, -1770
core   0: 3 0x80004b74 (0x91602293) x 5 0x00000000
core   0: 0x80004b78 (0x019cd2b3) srl     t0, s9, s9
core   0: 3 0x80004b78 (0x019cd2b3) x 5 0x00000000
core   0: 0x80004b7c (0xffb10c83) lb      s9, -5(sp)
core   0: 3 0x80004b7c (0xffb10c83) x25 0x00000005 mem 0x8001b94e
core   0: 0x80004b80 (0xffa14c83) lbu     s9, -6(sp)
core   0: 3 0x80004b80 (0xffa14c83) x25 0x00000006 mem 0x8001b94d
core   0: 0x80004b84 (0xd96c8713) addi    a4, s9, -618
core   0: 3 0x80004b84 (0xd96c8713) x14 0xfffffd9c
core   0: 0x80004b88 (0x00112e83) lw      t4, 1(sp)
core   0: 3 0x80004b88 (0x00112e83) x29 0x0c0d0e0f mem 0x8001b954
core   0: 0x80004b8c (0xff214e83) lbu     t4, -14(sp)
core   0: 3 0x80004b8c (0xff214e83) x29 0x00000004 mem 0x8001b945
core   0: 0x80004b90 (0xff700513) li      a0, -9
core   0: 3 0x80004b90 (0xff700513) x10 0xfffffff7
core   0: 0x80004b94 (0x006a66b3) or      a3, s4, t1
core   0: 3 0x80004b94 (0x006a66b3) x13 0x80004879
core   0: 0x80004b98 (0x00c00793) li      a5, 12
core   0: 3 0x80004b98 (0x00c00793) x15 0x0000000c
core   0: 0x80004b9c (0x0000100f) fence.i
core   0: 3 0x80004b9c (0x0000100f)
core   0: 0x80004ba0 (0x012d35b3) sltu    a1, s10, s2
core   0: 3 0x80004ba0 (0x012d35b3) x11 0x00000000
core   0: 0x80004ba4 (0x00000013) nop
core   0: 3 0x80004ba4 (0x00000013)
core   0: 0x80004ba8 (0x00950513) addi    a0, a0, 9
core   0: 3 0x80004ba8 (0x00950513) x10 0x00000000
core   0: 0x80004bac (0x008c6033) or      zero, s8, s0
core   0: 3 0x80004bac (0x008c6033)
core   0: 0x80004bb0 (0x01351d33) sll     s10, a0, s3
core   0: 3 0x80004bb0 (0x01351d33) x26 0x00000000
core   0: 0x80004bb4 (0x00600293) li      t0, 6
core   0: 3 0x80004bb4 (0x00600293) x 5 0x00000006
core   0: 0x80004bb8 (0x0000100f) fence.i
core   0: 3 0x80004bb8 (0x0000100f)
core   0: 0x80004bbc (0x00000013) nop
core   0: 3 0x80004bbc (0x00000013)
core   0: 0x80004bc0 (0xfff00493) li      s1, -1
core   0: 3 0x80004bc0 (0xfff00493) x 9 0xffffffff
core   0: 0x80004bc4 (0x408f80b3) sub     ra, t6, s0
core   0: 3 0x80004bc4 (0x408f80b3) x 1 0xffffff9c
core   0: 0x80004bc8 (0x00000013) nop
core   0: 3 0x80004bc8 (0x00000013)
core   0: 0x80004bcc (0xfff28293) addi    t0, t0, -1
core   0: 3 0x80004bcc (0xfff28293) x 5 0x00000005
core   0: 0x80004bd0 (0xfe929ce3) bne     t0, s1, pc - 8
core   0: 3 0x80004bd0 (0xfe929ce3)
core   0: 0x80004bc8 (0x00000013) nop
core   0: 3 0x80004bc8 (0x00000013)
core   0: 0x80004bcc (0xfff28293) addi    t0, t0, -1
core   0: 3 0x80004bcc (0xfff28293) x 5 0x00000004
core   0: 0x80004bd0 (0xfe929ce3) bne     t0, s1, pc - 8
core   0: 3 0x80004bd0 (0xfe929ce3)
core   0: 0x80004bc8 (0x00000013) nop
core   0: 3 0x80004bc8 (0x00000013)
core   0: 0x80004bcc (0xfff28293) addi    t0, t0, -1
core   0: 3 0x80004bcc (0xfff28293) x 5 0x00000003
core   0: 0x80004bd0 (0xfe929ce3) bne     t0, s1, pc - 8
core   0: 3 0x80004bd0 (0xfe929ce3)
core   0: 0x80004bc8 (0x00000013) nop
core   0: 3 0x80004bc8 (0x00000013)
core   0: 0x80004bcc (0xfff28293) addi    t0, t0, -1
core   0: 3 0x80004bcc (0xfff28293) x 5 0x00000002
core   0: 0x80004bd0 (0xfe929ce3) bne     t0, s1, pc - 8
core   0: 3 0x80004bd0 (0xfe929ce3)
core   0: 0x80004bc8 (0x00000013) nop
core   0: 3 0x80004bc8 (0x00000013)
core   0: 0x80004bcc (0xfff28293) addi    t0, t0, -1
core   0: 3 0x80004bcc (0xfff28293) x 5 0x00000001
core   0: 0x80004bd0 (0xfe929ce3) bne     t0, s1, pc - 8
core   0: 3 0x80004bd0 (0xfe929ce3)
core   0: 0x80004bc8 (0x00000013) nop
core   0: 3 0x80004bc8 (0x00000013)
core   0: 0x80004bcc (0xfff28293) addi    t0, t0, -1
core   0: 3 0x80004bcc (0xfff28293) x 5 0x00000000
core   0: 0x80004bd0 (0xfe929ce3) bne     t0, s1, pc - 8
core   0: 3 0x80004bd0 (0xfe929ce3)
core   0: 0x80004bc8 (0x00000013) nop
core   0: 3 0x80004bc8 (0x00000013)
core   0: 0x80004bcc (0xfff28293) addi    t0, t0, -1
core   0: 3 0x80004bcc (0xfff28293) x 5 0xffffffff
core   0: 0x80004bd0 (0xfe929ce3) bne     t0, s1, pc - 8
core   0: 3 0x80004bd0 (0xfe929ce3)
core   0: 0x80004bd4 (0x408b5a13) srai    s4, s6, 8
core   0: 3 0x80004bd4 (0x408b5a13) x20 0xff80027e
core   0: 0x80004bd8 (0x01398ab3) add     s5, s3, s3
core   0: 3 0x80004bd8 (0x01398ab3) x21 0xfcc9d938
core   0: 0x80004bdc (0x0094cab3) xor     s5, s1, s1
core   0: 3 0x80004bdc (0x0094cab3) x21 0x00000000
core   0: 0x80004be0 (0x00c240b3) xor     ra, tp, a2
core   0: 3 0x80004be0 (0x00c240b3) x 1 0x8002bcce
core   0: 0x80004be4 (0xf28b6b93) ori     s7, s6, -216
core   0: 3 0x80004be4 (0xf28b6b93) x23 0xffffff6c
core   0: 0x80004be8 (0xfaf54ee3) blt     a0, a5, pc - 68
core   0: 3 0x80004be8 (0xfaf54ee3)
core   0: 0x80004ba4 (0x00000013) nop
core   0: 3 0x80004ba4 (0x00000013)
core   0: 0x80004ba8 (0x00950513) addi    a0, a0, 9
core   0: 3 0x80004ba8 (0x00950513) x10 0x00000009
core   0: 0x80004bac (0x008c6033) or      zero, s8, s0
core   0: 3 0x80004bac (0x008c6033)
core   0: 0x80004bb0 (0x01351d33) sll     s10, a0, s3
core   0: 3 0x80004bb0 (0x01351d33) x26 0x90000000
core   0: 0x80004bb4 (0x00600293) li      t0, 6
core   0: 3 0x80004bb4 (0x00600293) x 5 0x00000006
core   0: 0x80004bb8 (0x0000100f) fence.i
core   0: 3 0x80004bb8 (0x0000100f)
core   0: 0x80004bbc (0x00000013) nop
core   0: 3 0x80004bbc (0x00000013)
core   0: 0x80004bc0 (0xfff00493) li      s1, -1
core   0: 3 0x80004bc0 (0xfff00493) x 9 0xffffffff
core   0: 0x80004bc4 (0x408f80b3) sub     ra, t6, s0
core   0: 3 0x80004bc4 (0x408f80b3) x 1 0xffffff9c
core   0: 0x80004bc8 (0x00000013) nop
core   0: 3 0x80004bc8 (0x00000013)
core   0: 0x80004bcc (0xfff28293) addi    t0, t0, -1
core   0: 3 0x80004bcc (0xfff28293) x 5 0x00000005
core   0: 0x80004bd0 (0xfe929ce3) bne     t0, s1, pc - 8
core   0: 3 0x80004bd0 (0xfe929ce3)
core   0: 0x80004bc8 (0x00000013) nop
core   0: 3 0x80004bc8 (0x00000013)
core   0: 0x80004bcc (0xfff28293) addi    t0, t0, -1
core   0: 3 0x80004bcc (0xfff28293) x 5 0x00000004
core   0: 0x80004bd0 (0xfe929ce3) bne     t0, s1, pc - 8
core   0: 3 0x80004bd0 (0xfe929ce3)
core   0: 0x80004bc8 (0x00000013) nop
core   0: 3 0x80004bc8 (0x00000013)
core   0: 0x80004bcc (0xfff28293) addi    t0, t0, -1
core   0: 3 0x80004bcc (0xfff28293) x 5 0x00000003
core   0: 0x80004bd0 (0xfe929ce3) bne     t0, s1, pc - 8
core   0: 3 0x80004bd0 (0xfe929ce3)
core   0: 0x80004bc8 (0x00000013) nop
core   0: 3 0x80004bc8 (0x00000013)
core   0: 0x80004bcc (0xfff28293) addi    t0, t0, -1
core   0: 3 0x80004bcc (0xfff28293) x 5 0x00000002
core   0: 0x80004bd0 (0xfe929ce3) bne     t0, s1, pc - 8
core   0: 3 0x80004bd0 (0xfe929ce3)
core   0: 0x80004bc8 (0x00000013) nop
core   0: 3 0x80004bc8 (0x00000013)
core   0: 0x80004bcc (0xfff28293) addi    t0, t0, -1
core   0: 3 0x80004bcc (0xfff28293) x 5 0x00000001
core   0: 0x80004bd0 (0xfe929ce3) bne     t0, s1, pc - 8
core   0: 3 0x80004bd0 (0xfe929ce3)
core   0: 0x80004bc8 (0x00000013) nop
core   0: 3 0x80004bc8 (0x00000013)
core   0: 0x80004bcc (0xfff28293) addi    t0, t0, -1
core   0: 3 0x80004bcc (0xfff28293) x 5 0x00000000
core   0: 0x80004bd0 (0xfe929ce3) bne     t0, s1, pc - 8
core   0: 3 0x80004bd0 (0xfe929ce3)
core   0: 0x80004bc8 (0x00000013) nop
core   0: 3 0x80004bc8 (0x00000013)
core   0: 0x80004bcc (0xfff28293) addi    t0, t0, -1
core   0: 3 0x80004bcc (0xfff28293) x 5 0xffffffff
core   0: 0x80004bd0 (0xfe929ce3) bne     t0, s1, pc - 8
core   0: 3 0x80004bd0 (0xfe929ce3)
core   0: 0x80004bd4 (0x408b5a13) srai    s4, s6, 8
core   0: 3 0x80004bd4 (0x408b5a13) x20 0xff80027e
core   0: 0x80004bd8 (0x01398ab3) add     s5, s3, s3
core   0: 3 0x80004bd8 (0x01398ab3) x21 0xfcc9d938
core   0: 0x80004bdc (0x0094cab3) xor     s5, s1, s1
core   0: 3 0x80004bdc (0x0094cab3) x21 0x00000000
core   0: 0x80004be0 (0x00c240b3) xor     ra, tp, a2
core   0: 3 0x80004be0 (0x00c240b3) x 1 0x8002bcce
core   0: 0x80004be4 (0xf28b6b93) ori     s7, s6, -216
core   0: 3 0x80004be4 (0xf28b6b93) x23 0xffffff6c
core   0: 0x80004be8 (0xfaf54ee3) blt     a0, a5, pc - 68
core   0: 3 0x80004be8 (0xfaf54ee3)
core   0: 0x80004ba4 (0x00000013) nop
core   0: 3 0x80004ba4 (0x00000013)
core   0: 0x80004ba8 (0x00950513) addi    a0, a0, 9
core   0: 3 0x80004ba8 (0x00950513) x10 0x00000012
core   0: 0x80004bac (0x008c6033) or      zero, s8, s0
core   0: 3 0x80004bac (0x008c6033)
core   0: 0x80004bb0 (0x01351d33) sll     s10, a0, s3
core   0: 3 0x80004bb0 (0x01351d33) x26 0x20000000
core   0: 0x80004bb4 (0x00600293) li      t0, 6
core   0: 3 0x80004bb4 (0x00600293) x 5 0x00000006
core   0: 0x80004bb8 (0x0000100f) fence.i
core   0: 3 0x80004bb8 (0x0000100f)
core   0: 0x80004bbc (0x00000013) nop
core   0: 3 0x80004bbc (0x00000013)
core   0: 0x80004bc0 (0xfff00493) li      s1, -1
core   0: 3 0x80004bc0 (0xfff00493) x 9 0xffffffff
core   0: 0x80004bc4 (0x408f80b3) sub     ra, t6, s0
core   0: 3 0x80004bc4 (0x408f80b3) x 1 0xffffff9c
core   0: 0x80004bc8 (0x00000013) nop
core   0: 3 0x80004bc8 (0x00000013)
core   0: 0x80004bcc (0xfff28293) addi    t0, t0, -1
core   0: 3 0x80004bcc (0xfff28293) x 5 0x00000005
core   0: 0x80004bd0 (0xfe929ce3) bne     t0, s1, pc - 8
core   0: 3 0x80004bd0 (0xfe929ce3)
core   0: 0x80004bc8 (0x00000013) nop
core   0: 3 0x80004bc8 (0x00000013)
core   0: 0x80004bcc (0xfff28293) addi    t0, t0, -1
core   0: 3 0x80004bcc (0xfff28293) x 5 0x00000004
core   0: 0x80004bd0 (0xfe929ce3) bne     t0, s1, pc - 8
core   0: 3 0x80004bd0 (0xfe929ce3)
core   0: 0x80004bc8 (0x00000013) nop
core   0: 3 0x80004bc8 (0x00000013)
core   0: 0x80004bcc (0xfff28293) addi    t0, t0, -1
core   0: 3 0x80004bcc (0xfff28293) x 5 0x00000003
core   0: 0x80004bd0 (0xfe929ce3) bne     t0, s1, pc - 8
core   0: 3 0x80004bd0 (0xfe929ce3)
core   0: 0x80004bc8 (0x00000013) nop
core   0: 3 0x80004bc8 (0x00000013)
core   0: 0x80004bcc (0xfff28293) addi    t0, t0, -1
core   0: 3 0x80004bcc (0xfff28293) x 5 0x00000002
core   0: 0x80004bd0 (0xfe929ce3) bne     t0, s1, pc - 8
core   0: 3 0x80004bd0 (0xfe929ce3)
core   0: 0x80004bc8 (0x00000013) nop
core   0: 3 0x80004bc8 (0x00000013)
core   0: 0x80004bcc (0xfff28293) addi    t0, t0, -1
core   0: 3 0x80004bcc (0xfff28293) x 5 0x00000001
core   0: 0x80004bd0 (0xfe929ce3) bne     t0, s1, pc - 8
core   0: 3 0x80004bd0 (0xfe929ce3)
core   0: 0x80004bc8 (0x00000013) nop
core   0: 3 0x80004bc8 (0x00000013)
core   0: 0x80004bcc (0xfff28293) addi    t0, t0, -1
core   0: 3 0x80004bcc (0xfff28293) x 5 0x00000000
core   0: 0x80004bd0 (0xfe929ce3) bne     t0, s1, pc - 8
core   0: 3 0x80004bd0 (0xfe929ce3)
core   0: 0x80004bc8 (0x00000013) nop
core   0: 3 0x80004bc8 (0x00000013)
core   0: 0x80004bcc (0xfff28293) addi    t0, t0, -1
core   0: 3 0x80004bcc (0xfff28293) x 5 0xffffffff
core   0: 0x80004bd0 (0xfe929ce3) bne     t0, s1, pc - 8
core   0: 3 0x80004bd0 (0xfe929ce3)
core   0: 0x80004bd4 (0x408b5a13) srai    s4, s6, 8
core   0: 3 0x80004bd4 (0x408b5a13) x20 0xff80027e
core   0: 0x80004bd8 (0x01398ab3) add     s5, s3, s3
core   0: 3 0x80004bd8 (0x01398ab3) x21 0xfcc9d938
core   0: 0x80004bdc (0x0094cab3) xor     s5, s1, s1
core   0: 3 0x80004bdc (0x0094cab3) x21 0x00000000
core   0: 0x80004be0 (0x00c240b3) xor     ra, tp, a2
core   0: 3 0x80004be0 (0x00c240b3) x 1 0x8002bcce
core   0: 0x80004be4 (0xf28b6b93) ori     s7, s6, -216
core   0: 3 0x80004be4 (0xf28b6b93) x23 0xffffff6c
core   0: 0x80004be8 (0xfaf54ee3) blt     a0, a5, pc - 68
core   0: 3 0x80004be8 (0xfaf54ee3)
core   0: 0x80004bec (0xa53bfc93) andi    s9, s7, -1453
core   0: 3 0x80004bec (0xa53bfc93) x25 0xfffffa40
core   0: 0x80004bf0 (0x00015897) auipc   a7, 0x15
core   0: 3 0x80004bf0 (0x00015897) x17 0x80019bf0
core   0: 0x80004bf4 (0xa7188893) addi    a7, a7, -1423
core   0: 3 0x80004bf4 (0xa7188893) x17 0x80019661
core   0: 0x80004bf8 (0x40c5d193) srai    gp, a1, 12
core   0: 3 0x80004bf8 (0x40c5d193) x 3 0x00000000
core   0: 0x80004bfc (0x01857133) and     sp, a0, s8
core   0: 3 0x80004bfc (0x01857133) x 2 0x00000010
core   0: 0x80004c00 (0x418e5db3) sra     s11, t3, s8
core   0: 3 0x80004c00 (0x418e5db3) x27 0x00001db2
core   0: 0x80004c04 (0x009894a3) sh      s1, 9(a7)
core   0: 3 0x80004c04 (0x009894a3) mem 0x8001966a 0xffff
core   0: 0x80004c08 (0xfd38ac03) lw      s8, -45(a7)
core   0: 3 0x80004c08 (0xfd38ac03) x24 0xecedeeef mem 0x80019634
core   0: 0x80004c0c (0xfeb88483) lb      s1, -21(a7)
core   0: 3 0x80004c0c (0xfeb88483) x 9 0x00000007 mem 0x8001964c
core   0: 0x80004c10 (0x03789903) lh      s2, 55(a7)
core   0: 3 0x80004c10 (0x03789903) x18 0x00005253 mem 0x80019698
core   0: 0x80004c14 (0x004585b3) add     a1, a1, tp
core   0: 3 0x80004c14 (0x004585b3) x11 0x8002bce4
core   0: 0x80004c18 (0x0000100f) fence.i
core   0: 3 0x80004c18 (0x0000100f)
core   0: 0x80004c1c (0xfd188523) sb      a7, -54(a7)
core   0: 3 0x80004c1c (0xfd188523) mem 0x8001962b 0x61
core   0: 0x80004c20 (0x01288f23) sb      s2, 30(a7)
core   0: 3 0x80004c20 (0x01288f23) mem 0x8001967f 0x53
core   0: 0x80004c24 (0xfc28ca83) lbu     s5, -62(a7)
core   0: 3 0x80004c24 (0xfc28ca83) x21 0x000000d8 mem 0x80019623
core   0: 0x80004c28 (0x00688803) lb      a6, 6(a7)
core   0: 3 0x80004c28 (0x00688803) x16 0x0000001c mem 0x80019667
core   0: 0x80004c2c (0x00b8a403) lw      s0, 11(a7)
core   0: 3 0x80004c2c (0x00b8a403) x 8 0x24252627 mem 0x8001966c
core   0: 0x80004c30 (0xff88cc03) lbu     s8, -8(a7)
core   0: 3 0x80004c30 (0xff88cc03) x24 0x00000012 mem 0x80019659
core   0: 0x80004c34 (0x015882a3) sb      s5, 5(a7)
core   0: 3 0x80004c34 (0x015882a3) mem 0x80019666 0xd8
core   0: 0x80004c38 (0x00488923) sb      tp, 18(a7)
core   0: 3 0x80004c38 (0x00488923) mem 0x80019673 0xe4
core   0: 0x80004c3c (0x01e2e333) or      t1, t0, t5
core   0: 3 0x80004c3c (0x01e2e333) x 6 0xffffffff
core   0: 0x80004c40 (0x0046e933) or      s2, a3, tp
core   0: 3 0x80004c40 (0x0046e933) x18 0x8002fcfd
core   0: 0x80004c44 (0x419bdf33) sra     t5, s7, s9
core   0: 3 0x80004c44 (0x419bdf33) x30 0xffffff6c
core   0: 0x80004c48 (0x00988023) sb      s1, 0(a7)
core   0: 3 0x80004c48 (0x00988023) mem 0x80019661 0x7
core   0: 0x80004c4c (0x01b69933) sll     s2, a3, s11
core   0: 3 0x80004c4c (0x01b69933) x18 0x21e40000
core   0: 0x80004c50 (0x02589a03) lh      s4, 37(a7)
core   0: 3 0x80004c50 (0x02589a03) x20 0x00003c3d mem 0x80019686
core   0: 0x80004c54 (0xfce88323) sb      a4, -58(a7)
core   0: 3 0x80004c54 (0xfce88323) mem 0x80019627 0x9c
core   0: 0x80004c58 (0x03f887a3) sb      t6, 47(a7)
core   0: 3 0x80004c58 (0x03f887a3) mem 0x80019690 0x9d
core   0: 0x80004c5c (0x00088503) lb      a0, 0(a7)
core   0: 3 0x80004c5c (0x00088503) x10 0x00000007 mem 0x80019661
core   0: 0x80004c60 (0x03788923) sb      s7, 50(a7)
core   0: 3 0x80004c60 (0x03788923) mem 0x80019693 0x6c
core   0: 0x80004c64 (0xff48a1a3) sw      s4, -29(a7)
core   0: 3 0x80004c64 (0xff48a1a3) mem 0x80019644 0x00003c3d
core   0: 0x80004c68 (0xebccff13) andi    t5, s9, -324
core   0: 3 0x80004c68 (0xebccff13) x30 0xfffffa00
core   0: 0x80004c6c (0x2421b313) sltiu   t1, gp, 578
core   0: 3 0x80004c6c (0x2421b313) x 6 0x00000001
core   0: 0x80004c70 (0xff688c23) sb      s6, -8(a7)
core   0: 3 0x80004c70 (0xff688c23) mem 0x80019659 0x64
core   0: 0x80004c74 (0x009b1f33) sll     t5, s6, s1
core   0: 3 0x80004c74 (0x009b1f33) x30 0x013f3200
core   0: 0x80004c78 (0xfc888383) lb      t2, -56(a7)
core   0: 3 0x80004c78 (0xfc888383) x 7 0xffffffe2 mem 0x80019629
core   0: 0x80004c7c (0x0000100f) fence.i
core   0: 3 0x80004c7c (0x0000100f)
core   0: 0x80004c80 (0x0184ddb3) srl     s11, s1, s8
core   0: 3 0x80004c80 (0x0184ddb3) x27 0x00000000
core   0: 0x80004c84 (0x41f3d693) srai    a3, t2, 31
core   0: 3 0x80004c84 (0x41f3d693) x13 0xffffffff
core   0: 0x80004c88 (0x0ff0000f) fence   iorw,iorw
core   0: 3 0x80004c88 (0x0ff0000f)
core   0: 0x80004c8c (0x4165dcb3) sra     s9, a1, s6
core   0: 3 0x80004c8c (0x4165dcb3) x25 0xf8002bce
core   0: 0x80004c90 (0x01572fb3) slt     t6, a4, s5
core   0: 3 0x80004c90 (0x01572fb3) x31 0x00000001
core   0: 0x80004c94 (0xdd488297) auipc   t0, 0xdd488
core   0: 3 0x80004c94 (0xdd488297) x 5 0x5d48cc94
core   0: 0x80004c98 (0x00bed3b3) srl     t2, t4, a1
core   0: 3 0x80004c98 (0x00bed3b3) x 7 0x00000000
core   0: 0x80004c9c (0x8c7fa013) slti    zero, t6, -1849
core   0: 3 0x80004c9c (0x8c7fa013)
core   0: 0x80004ca0 (0xdcd80913) addi    s2, a6, -563
core   0: 3 0x80004ca0 (0xdcd80913) x18 0xfffffde9
core   0: 0x80004ca4 (0x002a9d33) sll     s10, s5, sp
core   0: 3 0x80004ca4 (0x002a9d33) x26 0x00d80000
core   0: 0x80004ca8 (0x013c12b3) sll     t0, s8, s3
core   0: 3 0x80004ca8 (0x013c12b3) x 5 0x20000000
core   0: 0x80004cac (0x00188103) lb      sp, 1(a7)
core   0: 3 0x80004cac (0x00188103) x 2 0x00000019 mem 0x80019662
core   0: 0x80004cb0 (0xfe18d083) lhu     ra, -31(a7)
core   0: 3 0x80004cb0 (0xfe18d083) x 1 0x0000f8f9 mem 0x80019642
core   0: 0x80004cb4 (0x0580036f) jal     t1, pc + 0x58
core   0: 3 0x80004cb4 (0x0580036f) x 6 0x80004cb8
core   0: 0x80004d0c (0xfd5ff0ef) jal     pc - 0x2c
core   0: 3 0x80004d0c (0xfd5ff0ef) x 1 0x80004d10
core   0: 0x80004ce0 (0x024002ef) jal     t0, pc + 0x24
core   0: 3 0x80004ce0 (0x024002ef) x 5 0x80004ce4
core   0: 0x80004d04 (0x014000ef) jal     pc + 0x14
core   0: 3 0x80004d04 (0x014000ef) x 1 0x80004d08
core   0: 0x80004d18 (0x00c000ef) jal     pc + 0xc
core   0: 3 0x80004d18 (0x00c000ef) x 1 0x80004d1c
core   0: 0x80004d24 (0xfc5ff36f) jal     t1, pc - 0x3c
core   0: 3 0x80004d24 (0xfc5ff36f) x 6 0x80004d28
core   0: 0x80004ce8 (0xfddff36f) jal     t1, pc - 0x24
core   0: 3 0x80004ce8 (0xfddff36f) x 6 0x80004cec
core   0: 0x80004cc4 (0xff9ff36f) jal     t1, pc - 0x8
core   0: 3 0x80004cc4 (0xff9ff36f) x 6 0x80004cc8
core   0: 0x80004cbc (0x0340016f) jal     sp, pc + 0x34
core   0: 3 0x80004cbc (0x0340016f) x 2 0x80004cc0
core   0: 0x80004cf0 (0xfddff56f) jal     a0, pc - 0x24
core   0: 3 0x80004cf0 (0xfddff56f) x10 0x80004cf4
core   0: 0x80004ccc (0x0200086f) jal     a6, pc + 0x20
core   0: 3 0x80004ccc (0x0200086f) x16 0x80004cd0
core   0: 0x80004cec (0x010000ef) jal     pc + 0x10
core   0: 3 0x80004cec (0x010000ef) x 1 0x80004cf0
core   0: 0x80004cfc (0xfe1ff0ef) jal     pc - 0x20
core   0: 3 0x80004cfc (0xfe1ff0ef) x 1 0x80004d00
core   0: 0x80004cdc (0xfe5ffdef) jal     s11, pc - 0x1c
core   0: 3 0x80004cdc (0xfe5ffdef) x27 0x80004ce0
core   0: 0x80004cc0 (0x054000ef) jal     pc + 0x54
core   0: 3 0x80004cc0 (0x054000ef) x 1 0x80004cc4
core   0: 0x80004d14 (0xff5ff36f) jal     t1, pc - 0xc
core   0: 3 0x80004d14 (0xff5ff36f) x 6 0x80004d18
core   0: 0x80004d08 (0xfddff36f) jal     t1, pc - 0x24
core   0: 3 0x80004d08 (0xfddff36f) x 6 0x80004d0c
core   0: 0x80004ce4 (0x010000ef) jal     pc + 0x10
core   0: 3 0x80004ce4 (0x010000ef) x 1 0x80004ce8
core   0: 0x80004cf4 (0xfe1ff0ef) jal     pc - 0x20
core   0: 3 0x80004cf4 (0xfe1ff0ef) x 1 0x80004cf8
core   0: 0x80004cd4 (0x048000ef) jal     pc + 0x48
core   0: 3 0x80004cd4 (0x048000ef) x 1 0x80004cd8
core   0: 0x80004d1c (0xfb5ff0ef) jal     pc - 0x4c
core   0: 3 0x80004d1c (0xfb5ff0ef) x 1 0x80004d20
core   0: 0x80004cd0 (0xff9ff0ef) jal     pc - 0x8
core   0: 3 0x80004cd0 (0xff9ff0ef) x 1 0x80004cd4
core   0: 0x80004cc8 (0x030000ef) jal     pc + 0x30
core   0: 3 0x80004cc8 (0x030000ef) x 1 0x80004ccc
core   0: 0x80004cf8 (0x0280036f) jal     t1, pc + 0x28
core   0: 3 0x80004cf8 (0x0280036f) x 6 0x80004cfc
core   0: 0x80004d20 (0xff1ff0ef) jal     pc - 0x10
core   0: 3 0x80004d20 (0xff1ff0ef) x 1 0x80004d24
core   0: 0x80004d10 (0xfc9ff0ef) jal     pc - 0x38
core   0: 3 0x80004d10 (0xfc9ff0ef) x 1 0x80004d14
core   0: 0x80004cd8 (0xfe1ff0ef) jal     pc - 0x20
core   0: 3 0x80004cd8 (0xfe1ff0ef) x 1 0x80004cdc
core   0: 0x80004cb8 (0x048001ef) jal     gp, pc + 0x48
core   0: 3 0x80004cb8 (0x048001ef) x 3 0x80004cbc
core   0: 0x80004d00 (0x028008ef) jal     a7, pc + 0x28
core   0: 3 0x80004d00 (0x028008ef) x17 0x80004d04
core   0: 0x80004d28 (0x0121dc33) srl     s8, gp, s2
core   0: 3 0x80004d28 (0x0121dc33) x24 0x00400026
core   0: 0x80004d2c (0x0000d817) auipc   a6, 0xd
core   0: 3 0x80004d2c (0x0000d817) x16 0x80011d2c
core   0: 0x80004d30 (0x78d80813) addi    a6, a6, 1933
core   0: 3 0x80004d30 (0x78d80813) x16 0x800124b9
core   0: 0x80004d34 (0x00880a03) lb      s4, 8(a6)
core   0: 3 0x80004d34 (0x00880a03) x20 0x0000007a mem 0x800124c1
core   0: 0x80004d38 (0xfff81783) lh      a5, -1(a6)
core   0: 3 0x80004d38 (0xfff81783) x15 0x00003973 mem 0x800124b8
core   0: 0x80004d3c (0xfe381fa3) sh      gp, -1(a6)
core   0: 3 0x80004d3c (0xfe381fa3) mem 0x800124b8 0x4cbc
core   0: 0x80004d40 (0xff884683) lbu     a3, -8(a6)
core   0: 3 0x80004d40 (0xff884683) x13 0x0000006a mem 0x800124b1
core   0: 0x80004d44 (0xff184b83) lbu     s7, -15(a6)
core   0: 3 0x80004d44 (0xff184b83) x23 0x00000048 mem 0x800124aa
core   0: 0x80004d48 (0xffd84483) lbu     s1, -3(a6)
core   0: 3 0x80004d48 (0xffd84483) x 9 0x000000dc mem 0x800124b6
core   0: 0x80004d4c (0x42064f13) xori    t5, a2, 1056
core   0: 3 0x80004d4c (0x42064f13) x30 0x0000040a
core   0: 0x80004d50 (0x01c060b3) or      ra, zero, t3
core   0: 3 0x80004d50 (0x01c060b3) x 1 0x1db2a000
core   0: 0x80004d54 (0xff284a83) lbu     s5, -14(a6)
core   0: 3 0x80004d54 (0xff284a83) x21 0x00000048 mem 0x800124ab
core   0: 0x80004d58 (0xfe280923) sb      sp, -14(a6)
core   0: 3 0x80004d58 (0xfe280923) mem 0x800124ab 0xc0
core   0: 0x80004d5c (0xffa80d03) lb      s10, -6(a6)
core   0: 3 0x80004d5c (0xffa80d03) x26 0x00000068 mem 0x800124b3
core   0: 0x80004d60 (0x2e720613) addi    a2, tp, 743
core   0: 3 0x80004d60 (0x2e720613) x12 0x8002bfcb
core   0: 0x80004d64 (0x17416913) ori     s2, sp, 372
core   0: 3 0x80004d64 (0x17416913) x18 0x80004df4
core   0: 0x80004d68 (0xff784483) lbu     s1, -9(a6)
core   0: 3 0x80004d68 (0xff784483) x 9 0x0000006b mem 0x800124b0
core   0: 0x80004d6c (0xff181103) lh      sp, -15(a6)
core   0: 3 0x80004d6c (0xff181103) x 2 0xffffc048 mem 0x800124aa
core   0: 0x80004d70 (0x65383393) sltiu   t2, a6, 1619
core   0: 3 0x80004d70 (0x65383393) x 7 0x00000000
core   0: 0x80004d74 (0x000827a3) sw      zero, 15(a6)
core   0: 3 0x80004d74 (0x000827a3) mem 0x800124c8 0x00000000
core   0: 0x80004d78 (0x00f85003) lhu     zero, 15(a6)
core   0: 3 0x80004d78 (0x00f85003) mem 0x800124c8
core   0: 0x80004d7c (0x00f84303) lbu     t1, 15(a6)
core   0: 3 0x80004d7c (0x00f84303) x 6 0x00000000 mem 0x800124c8
core   0: 0x80004d80 (0x00785283) lhu     t0, 7(a6)
core   0: 3 0x80004d80 (0x00785283) x 5 0x00007a7b mem 0x800124c0
core   0: 0x80004d84 (0x01080383) lb      t2, 16(a6)
core   0: 3 0x80004d84 (0x01080383) x 7 0x00000000 mem 0x800124c9
core   0: 0x80004d88 (0xff480003) lb      zero, -12(a6)
core   0: 3 0x80004d88 (0xff480003) mem 0x800124ad
core   0: 0x80004d8c (0x0000e897) auipc   a7, 0xe
core   0: 3 0x80004d8c (0x0000e897) x17 0x80012d8c
core   0: 0x80004d90 (0xdba88893) addi    a7, a7, -582
core   0: 3 0x80004d90 (0xdba88893) x17 0x80012b46
core   0: 0x80004d94 (0x00015097) auipc   ra, 0x15
core   0: 3 0x80004d94 (0x00015097) x 1 0x80019d94
core   0: 0x80004d98 (0xd8908093) addi    ra, ra, -631
core   0: 3 0x80004d98 (0xd8908093) x 1 0x80019b1d
core   0: 0x80004d9c (0xfff88a23) sb      t6, -12(a7)
core   0: 3 0x80004d9c (0xfff88a23) mem 0x80012b3a 0x1
core   0: 0x80004da0 (0x21c08c83) lb      s9, 540(ra)
core   0: 3 0x80004da0 (0x21c08c83) x25 0xfffffff2 mem 0x80019d39
core   0: 0x80004da4 (0xffb88803) lb      a6, -5(a7)
core   0: 3 0x80004da4 (0xffb88803) x16 0xfffffffa mem 0x80012b41
core   0: 0x80004da8 (0xfed88fa3) sb      a3, -1(a7)
core   0: 3 0x80004da8 (0xfed88fa3) mem 0x80012b45 0x6a
core   0: 0x80004dac (0x9650d683) lhu     a3, -1691(ra)
core   0: 3 0x80004dac (0x9650d683) x13 0x00003839 mem 0x80019482
core   0: 0x80004db0 (0x61808603) lb      a2, 1560(ra)
core   0: 3 0x80004db0 (0x61808603) x12 0xffffffee mem 0x8001a135
core   0: 0x80004db4 (0x0068cd03) lbu     s10, 6(a7)
core   0: 3 0x80004db4 (0x0068cd03) x26 0x00000007 mem 0x80012b4c
core   0: 0x80004db8 (0xff58c583) lbu     a1, -11(a7)
core   0: 3 0x80004db8 (0xff58c583) x11 0x000000f0 mem 0x80012b3b
core   0: 0x80004dbc (0xfe509783) lh      a5, -27(ra)
core   0: 3 0x80004dbc (0xfe509783) x15 0xffffb8b9 mem 0x80019b02
core   0: 0x80004dc0 (0x00f88283) lb      t0, 15(a7)
core   0: 3 0x80004dc0 (0x00f88283) x 5 0x0000000e mem 0x80012b55
core   0: 0x80004dc4 (0x00b88b83) lb      s7, 11(a7)
core   0: 3 0x80004dc4 (0x00b88b83) x23 0x0000000a mem 0x80012b51
core   0: 0x80004dc8 (0x0108c583) lbu     a1, 16(a7)
core   0: 3 0x80004dc8 (0x0108c583) x11 0x0000000d mem 0x80012b56
core   0: 0x80004dcc (0x0da093a3) sh      s10, 199(ra)
core   0: 3 0x80004dcc (0x0da093a3) mem 0x80019be4 0x0007
core   0: 0x80004dd0 (0x00588d83) lb      s11, 5(a7)
core   0: 3 0x80004dd0 (0x00588d83) x27 0x00000000 mem 0x80012b4b
core   0: 0x80004dd4 (0x0038ca83) lbu     s5, 3(a7)
core   0: 3 0x80004dd4 (0x0038ca83) x21 0x00000002 mem 0x80012b49
core   0: 0x80004dd8 (0x0000e117) auipc   sp, 0xe
core   0: 3 0x80004dd8 (0x0000e117) x 2 0x80012dd8
core   0: 0x80004ddc (0x97810113) addi    sp, sp, -1672
core   0: 3 0x80004ddc (0x97810113) x 2 0x80012750
core   0: 0x80004de0 (0x018c9693) slli    a3, s9, 24
core   0: 3 0x80004de0 (0x018c9693) x13 0xf2000000
core   0: 0x80004de4 (0x0abb3817) auipc   a6, 0xabb3
core   0: 3 0x80004de4 (0x0abb3817) x16 0x8abb7de4
core   0: 0x80004de8 (0x7a8da0b7) lui     ra, 0x7a8da
core   0: 3 0x80004de8 (0x7a8da0b7) x 1 0x7a8da000
core   0: 0x80004dec (0x00013933) sltu    s2, sp, zero
core   0: 3 0x80004dec (0x00013933) x18 0x00000000
core   0: 0x80004df0 (0x41dd5c33) sra     s8, s10, t4
core   0: 3 0x80004df0 (0x41dd5c33) x24 0x00000000
core   0: 0x80004df4 (0x315ba693) slti    a3, s7, 789
core   0: 3 0x80004df4 (0x315ba693) x13 0x00000001
core   0: 0x80004df8 (0xd6b10903) lb      s2, -661(sp)
core   0: 3 0x80004df8 (0xd6b10903) x18 0x00000070 mem 0x800124bb
core   0: 0x80004dfc (0x01f854b3) srl     s1, a6, t6
core   0: 3 0x80004dfc (0x01f854b3) x 9 0x455dbef2
core   0: 0x80004e00 (0x01181c33) sll     s8, a6, a7
core   0: 3 0x80004e00 (0x01181c33) x24 0xaedf7900
core   0: 0x80004e04 (0xad910903) lb      s2, -1319(sp)
core   0: 3 0x80004e04 (0xad910903) x18 0x00000026 mem 0x80012229
core   0: 0x80004e08 (0x53a15c03) lhu     s8, 1338(sp)
core   0: 3 0x80004e08 (0x53a15c03) x24 0x00004041 mem 0x80012c8a
core   0: 0x80004e0c (0x41725633) sra     a2, tp, s7
core   0: 3 0x80004e0c (0x41725633) x12 0xffe000af
core   0: 0x80004e10 (0xebb27393) andi    t2, tp, -325
core   0: 3 0x80004e10 (0xebb27393) x 7 0x8002bca0
core   0: 0x80004e14 (0x0ff0000f) fence   iorw,iorw
core   0: 3 0x80004e14 (0x0ff0000f)
core   0: 0x80004e18 (0x01a1b6b3) sltu    a3, gp, s10
core   0: 3 0x80004e18 (0x01a1b6b3) x13 0x00000000
core   0: 0x80004e1c (0xe5f10d83) lb      s11, -417(sp)
core   0: 3 0x80004e1c (0xe5f10d83) x27 0x00000064 mem 0x800125af
core   0: 0x80004e20 (0xeb415383) lhu     t2, -332(sp)
core   0: 3 0x80004e20 (0xeb415383) x 7 0x0000bebf mem 0x80012604
core   0: 0x80004e24 (0x00c710b3) sll     ra, a4, a2
core   0: 3 0x80004e24 (0x00c710b3) x 1 0xfece0000
core   0: 0x80004e28 (0x41d60cb3) sub     s9, a2, t4
core   0: 3 0x80004e28 (0x41d60cb3) x25 0xffe000ab
core   0: 0x80004e2c (0x00210c33) add     s8, sp, sp
core   0: 3 0x80004e2c (0x00210c33) x24 0x00024ea0
core   0: 0x80004e30 (0x40b357b3) sra     a5, t1, a1
core   0: 3 0x80004e30 (0x40b357b3) x15 0x00000000
core   0: 0x80004e34 (0x4009df93) srai    t6, s3, 0
core   0: 3 0x80004e34 (0x4009df93) x31 0xfe64ec9c
core   0: 0x80004e38 (0x23412623) sw      s4, 556(sp)
core   0: 3 0x80004e38 (0x23412623) mem 0x8001297c 0x0000007a
core   0: 0x80004e3c (0x13811d23) sh      s8, 314(sp)
core   0: 3 0x80004e3c (0x13811d23) mem 0x8001288a 0x4ea0
core   0: 0x80004e40 (0x1b4cfb93) andi    s7, s9, 436
core   0: 3 0x80004e40 (0x1b4cfb93) x23 0x000000a0
core   0: 0x80004e44 (0x08f104a3) sb      a5, 137(sp)
core   0: 3 0x80004e44 (0x08f104a3) mem 0x800127d9 0x0
core   0: 0x80004e48 (0x22811723) sh      s0, 558(sp)
core   0: 3 0x80004e48 (0x22811723) mem 0x8001297e 0x2627
core   0: 0x80004e4c (0x408855b3) sra     a1, a6, s0
core   0: 3 0x80004e4c (0x408855b3) x11 0xff1576fb
core   0: 0x80004e50 (0xf3d10603) lb      a2, -195(sp)
core   0: 3 0x80004e50 (0xf3d10603) x12 0x00000076 mem 0x8001268d
core   0: 0x80004e54 (0xdb314d03) lbu     s10, -589(sp)
core   0: 3 0x80004e54 (0xdb314d03) x26 0x000000b8 mem 0x80012503
core   0: 0x80004e58 (0xd55be037) lui     zero, 0xd55be
core   0: 3 0x80004e58 (0xd55be037)
core   0: 0x80004e5c (0x2fd10903) lb      s2, 765(sp)
core   0: 3 0x80004e5c (0x2fd10903) x18 0x00000006 mem 0x80012a4d
core   0: 0x80004e60 (0x17412623) sw      s4, 364(sp)
core   0: 3 0x80004e60 (0x17412623) mem 0x800128bc 0x0000007a
core   0: 0x80004e64 (0x0154cd33) xor     s10, s1, s5
core   0: 3 0x80004e64 (0x0154cd33) x26 0x455dbef0
core   0: 0x80004e68 (0x64810883) lb      a7, 1608(sp)
core   0: 3 0x80004e68 (0x64810883) x17 0xffffff9c mem 0x80012d98
core   0: 0x80004e6c (0x00017c17) auipc   s8, 0x17
core   0: 3 0x80004e6c (0x00017c17) x24 0x8001be6c
core   0: 0x80004e70 (0x231c0c13) addi    s8, s8, 561
core   0: 3 0x80004e70 (0x231c0c13) x24 0x8001c09d
core   0: 0x80004e74 (0x0c0c0923) sb      zero, 210(s8)
core   0: 3 0x80004e74 (0x0c0c0923) mem 0x8001c16f 0x0
core   0: 0x80004e78 (0x0c3c4003) lbu     zero, 195(s8)
core   0: 3 0x80004e78 (0x0c3c4003) mem 0x8001c160
core   0: 0x80004e7c (0x037c4603) lbu     a2, 55(s8)
core   0: 3 0x80004e7c (0x037c4603) x12 0x0000008f mem 0x8001c0d4
core   0: 0x80004e80 (0x018b4e33) xor     t3, s6, s8
core   0: 3 0x80004e80 (0x018b4e33) x28 0x0003bef9
core   0: 0x80004e84 (0xabef9197) auipc   gp, 0xabef9
core   0: 3 0x80004e84 (0xabef9197) x 3 0x2befde84
core   0: 0x80004e88 (0x03bc2ba3) sw      s11, 55(s8)
core   0: 3 0x80004e88 (0x03bc2ba3) mem 0x8001c0d4 0x00000064
core   0: 0x80004e8c (0x033c1ba3) sh      s3, 55(s8)
core   0: 3 0x80004e8c (0x033c1ba3) mem 0x8001c0d4 0xec9c
core   0: 0x80004e90 (0x02dc1ba3) sh      a3, 55(s8)
core   0: 3 0x80004e90 (0x02dc1ba3) mem 0x8001c0d4 0x0000
core   0: 0x80004e94 (0xfbcc05a3) sb      t3, -85(s8)
core   0: 3 0x80004e94 (0xfbcc05a3) mem 0x8001c048 0xf9
core   0: 0x80004e98 (0xfabc2483) lw      s1, -85(s8)
core   0: 3 0x80004e98 (0xfabc2483) x 9 0x000102f9 mem 0x8001c048
core   0: 0x80004e9c (0x0bdc15a3) sh      t4, 171(s8)
core   0: 3 0x80004e9c (0x0bdc15a3) mem 0x8001c148 0x0004
core   0: 0x80004ea0 (0xfe6c0703) lb      a4, -26(s8)
core   0: 3 0x80004ea0 (0xfe6c0703) x14 0x00000038 mem 0x8001c083
core   0: 0x80004ea4 (0x0000d417) auipc   s0, 0xd
core   0: 3 0x80004ea4 (0x0000d417) x 8 0x80011ea4
core   0: 0x80004ea8 (0x1cd40413) addi    s0, s0, 461
core   0: 3 0x80004ea8 (0x1cd40413) x 8 0x80012071
core   0: 0x80004eac (0x0000ec17) auipc   s8, 0xe
core   0: 3 0x80004eac (0x0000ec17) x24 0x80012eac
core   0: 0x80004eb0 (0xa49c0c13) addi    s8, s8, -1463
core   0: 3 0x80004eb0 (0xa49c0c13) x24 0x800128f5
core   0: 0x80004eb4 (0xfeac1ea3) sh      a0, -3(s8)
core   0: 3 0x80004eb4 (0xfeac1ea3) mem 0x800128f2 0x4cf4
core   0: 0x80004eb8 (0x02244283) lbu     t0, 34(s0)
core   0: 3 0x80004eb8 (0x02244283) x 5 0x00000048 mem 0x80012093
core   0: 0x80004ebc (0x0000de17) auipc   t3, 0xd
core   0: 3 0x80004ebc (0x0000de17) x28 0x80011ebc
core   0: 0x80004ec0 (0x7b2e0e13) addi    t3, t3, 1970
core   0: 3 0x80004ec0 (0x7b2e0e13) x28 0x8001266e
core   0: 0x80004ec4 (0xff6c4f03) lbu     t5, -10(s8)
core   0: 3 0x80004ec4 (0xff6c4f03) x30 0x000000a0 mem 0x800128eb
core   0: 0x80004ec8 (0x0000eb97) auipc   s7, 0xe
core   0: 3 0x80004ec8 (0x0000eb97) x23 0x80012ec8
core   0: 0x80004ecc (0xda4b8b93) addi    s7, s7, -604
core   0: 3 0x80004ecc (0xda4b8b93) x23 0x80012c6c
core   0: 0x80004ed0 (0xff0e5603) lhu     a2, -16(t3)
core   0: 3 0x80004ed0 (0xff0e5603) x12 0x00001415 mem 0x8001265e
core   0: 0x80004ed4 (0xfe6c0823) sb      t1, -16(s8)
core   0: 3 0x80004ed4 (0xfe6c0823) mem 0x800128e5 0x0
core   0: 0x80004ed8 (0x02140223) sb      ra, 36(s0)
core   0: 3 0x80004ed8 (0x02140223) mem 0x80012095 0x0
core   0: 0x80004edc (0x081b8183) lb      gp, 129(s7)
core   0: 3 0x80004edc (0x081b8183) x 3 0xffffffa6 mem 0x80012ced
core   0: 0x80004ee0 (0x00ae03a3) sb      a0, 7(t3)
core   0: 3 0x80004ee0 (0x00ae03a3) mem 0x80012675 0xf4
core   0: 0x80004ee4 (0xff1c4d03) lbu     s10, -15(s8)
core   0: 3 0x80004ee4 (0xff1c4d03) x26 0x0000009d mem 0x800128e6
core   0: 0x80004ee8 (0x03d402a3) sb      t4, 37(s0)
core   0: 3 0x80004ee8 (0x03d402a3) mem 0x80012096 0x4
core   0: 0x80004eec (0x03040703) lb      a4, 48(s0)
core   0: 3 0x80004eec (0x03040703) x14 0x0000005a mem 0x800120a1
core   0: 0x80004ef0 (0xff5e0903) lb      s2, -11(t3)
core   0: 3 0x80004ef0 (0xff5e0903) x18 0x00000018 mem 0x80012663
core   0: 0x80004ef4 (0xfe4c0fa3) sb      tp, -1(s8)
core   0: 3 0x80004ef4 (0xfe4c0fa3) mem 0x800128f4 0xe4
core   0: 0x80004ef8 (0x008e05a3) sb      s0, 11(t3)
core   0: 3 0x80004ef8 (0x008e05a3) mem 0x80012679 0x71
core   0: 0x80004efc (0xd75bc603) lbu     a2, -651(s7)
core   0: 3 0x80004efc (0xd75bc603) x12 0x0000009a mem 0x800129e1
core   0: 0x80004f00 (0x01e40303) lb      t1, 30(s0)
core   0: 3 0x80004f00 (0x01e40303) x 6 0x00000044 mem 0x8001208f
core   0: 0x80004f04 (0x004c4f03) lbu     t5, 4(s8)
core   0: 3 0x80004f04 (0x004c4f03) x30 0x00000025 mem 0x800128f9
core   0: 0x80004f08 (0x01540783) lb      a5, 21(s0)
core   0: 3 0x80004f08 (0x01540783) x15 0x0000003d mem 0x80012086
core   0: 0x80004f0c (0xc9ab9883) lh      a7, -870(s7)
core   0: 3 0x80004f0c (0xc9ab9883) x17 0xffffbcbd mem 0x80012906
core   0: 0x80004f10 (0xfeb40e23) sb      a1, -4(s0)
core   0: 3 0x80004f10 (0xfeb40e23) mem 0x8001206d 0xfb
core   0: 0x80004f14 (0xfe4c1aa3) sh      tp, -11(s8)
core   0: 3 0x80004f14 (0xfe4c1aa3) mem 0x800128ea 0xbce4
core   0: 0x80004f18 (0x136b9723) sh      s6, 302(s7)
core   0: 3 0x80004f18 (0x136b9723) mem 0x80012d9a 0x7e64
core   0: 0x80004f1c (0x013e05a3) sb      s3, 11(t3)
core   0: 3 0x80004f1c (0x013e05a3) mem 0x80012679 0x9c
core   0: 0x80004f20 (0x005c07a3) sb      t0, 15(s8)
core   0: 3 0x80004f20 (0x005c07a3) mem 0x80012904 0x48
core   0: 0x80004f24 (0xb92b9c83) lh      s9, -1134(s7)
core   0: 3 0x80004f24 (0xb92b9c83) x25 0xffffb4b5 mem 0x800127fe
core   0: 0x80004f28 (0x00016797) auipc   a5, 0x16
core   0: 3 0x80004f28 (0x00016797) x15 0x8001af28
core   0: 0x80004f2c (0x2c678793) addi    a5, a5, 710
core   0: 3 0x80004f2c (0x2c678793) x15 0x8001b1ee
core   0: 0x80004f30 (0x06b78083) lb      ra, 107(a5)
core   0: 3 0x80004f30 (0x06b78083) x 1 0x00000012 mem 0x8001b259
core   0: 0x80004f34 (0xfec78583) lb      a1, -20(a5)
core   0: 3 0x80004f34 (0xfec78583) x11 0xffffff91 mem 0x8001b1da
core   0: 0x80004f38 (0xf537cc03) lbu     s8, -173(a5)
core   0: 3 0x80004f38 (0xf537cc03) x24 0x000000fa mem 0x8001b141
core   0: 0x80004f3c (0x44606117) auipc   sp, 0x44606
core   0: 3 0x80004f3c (0x44606117) x 2 0xc460af3c
core   0: 0x80004f40 (0x0f578183) lb      gp, 245(a5)
core   0: 3 0x80004f40 (0x0f578183) x 3 0xffffff98 mem 0x8001b2e3
core   0: 0x80004f44 (0xff17c183) lbu     gp, -15(a5)
core   0: 3 0x80004f44 (0xff17c183) x 3 0x00000094 mem 0x8001b1df
core   0: 0x80004f48 (0xfed78e83) lb      t4, -19(a5)
core   0: 3 0x80004f48 (0xfed78e83) x29 0xffffff90 mem 0x8001b1db
core   0: 0x80004f4c (0xfea7ad23) sw      a0, -6(a5)
core   0: 3 0x80004f4c (0xfea7ad23) mem 0x8001b1e8 0x80004cf4
core   0: 0x80004f50 (0x41ddd113) srai    sp, s11, 29
core   0: 3 0x80004f50 (0x41ddd113) x 2 0x00000000
core   0: 0x80004f54 (0xf937c503) lbu     a0, -109(a5)
core   0: 3 0x80004f54 (0xf937c503) x10 0x0000003a mem 0x8001b181
core   0: 0x80004f58 (0xf157c603) lbu     a2, -235(a5)
core   0: 3 0x80004f58 (0xf157c603) x12 0x000000b8 mem 0x8001b103
core   0: 0x80004f5c (0x0144f033) and     zero, s1, s4
core   0: 3 0x80004f5c (0x0144f033)
core   0: 0x80004f60 (0x0c878ca3) sb      s0, 217(a5)
core   0: 3 0x80004f60 (0x0c878ca3) mem 0x8001b2c7 0x71
core   0: 0x80004f64 (0xfe478da3) sb      tp, -5(a5)
core   0: 3 0x80004f64 (0xfe478da3) mem 0x8001b1e9 0xe4
core   0: 0x80004f68 (0x01ee4cb3) xor     s9, t3, t5
core   0: 3 0x80004f68 (0x01ee4cb3) x25 0x8001264b
core   0: 0x80004f6c (0x8780ab93) slti    s7, ra, -1928
core   0: 3 0x80004f6c (0x8780ab93) x23 0x00000000
core   0: 0x80004f70 (0x01d19f13) slli    t5, gp, 29
core   0: 3 0x80004f70 (0x01d19f13) x30 0x80000000
core   0: 0x80004f74 (0x01cef333) and     t1, t4, t3
core   0: 3 0x80004f74 (0x01cef333) x 6 0x80012600
core   0: 0x80004f78 (0x42abd3b7) lui     t2, 0x42abd
core   0: 3 0x80004f78 (0x42abd3b7) x 7 0x42abd000
core   0: 0x80004f7c (0x0d679d83) lh      s11, 214(a5)
core   0: 3 0x80004f7c (0x0d679d83) x27 0x00007e7f mem 0x8001b2c4
core   0: 0x80004f80 (0x5dc16e13) ori     t3, sp, 1500
core   0: 3 0x80004f80 (0x5dc16e13) x28 0x000005dc
core   0: 0x80004f84 (0x00baf6b3) and     a3, s5, a1
core   0: 3 0x80004f84 (0x00baf6b3) x13 0x00000000
core   0: 0x80004f88 (0xf127cd83) lbu     s11, -238(a5)
core   0: 3 0x80004f88 (0xf127cd83) x27 0x000000bb mem 0x8001b100
core   0: 0x80004f8c (0x0091d293) srli    t0, gp, 9
core   0: 3 0x80004f8c (0x0091d293) x 5 0x00000000
core   0: 0x80004f90 (0x41db8033) sub     zero, s7, t4
core   0: 3 0x80004f90 (0x41db8033)
core   0: 0x80004f94 (0xfc27a083) lw      ra, -62(a5)
core   0: 3 0x80004f94 (0xfc27a083) x 1 0x68696a6b mem 0x8001b1b0
core   0: 0x80004f98 (0xa3c99397) auipc   t2, 0xa3c99
core   0: 3 0x80004f98 (0xa3c99397) x 7 0x23c9df98
core   0: 0x80004f9c (0xfa678083) lb      ra, -90(a5)
core   0: 3 0x80004f9c (0xfa678083) x 1 0x0000004f mem 0x8001b194
core   0: 0x80004fa0 (0x448a2493) slti    s1, s4, 1096
core   0: 3 0x80004fa0 (0x448a2493) x 9 0x00000001
core   0: 0x80004fa4 (0xf4879003) lh      zero, -184(a5)
core   0: 3 0x80004fa4 (0xf4879003) mem 0x8001b136
core   0: 0x80004fa8 (0x0000100f) fence.i
core   0: 3 0x80004fa8 (0x0000100f)
core   0: 0x80004fac (0x01f74733) xor     a4, a4, t6
core   0: 3 0x80004fac (0x01f74733) x14 0xfe64ecc6
core   0: 0x80004fb0 (0x33cc9c17) auipc   s8, 0x33cc9
core   0: 3 0x80004fb0 (0x33cc9c17) x24 0xb3ccdfb0
core   0: 0x80004fb4 (0x0827aa03) lw      s4, 130(a5)
core   0: 3 0x80004fb4 (0x0827aa03) x20 0x00f02a2b mem 0x8001b270
core   0: 0x80004fb8 (0x41bcba93) sltiu   s5, s9, 1051
core   0: 3 0x80004fb8 (0x41bcba93) x21 0x00000000
core   0: 0x80004fbc (0x0a879003) lh      zero, 168(a5)
core   0: 3 0x80004fbc (0x0a879003) mem 0x8001b296
core   0: 0x80004fc0 (0xf2278523) sb      sp, -214(a5)
core   0: 3 0x80004fc0 (0xf2278523) mem 0x8001b118 0x0
core   0: 0x80004fc4 (0x40a95593) srai    a1, s2, 10
core   0: 3 0x80004fc4 (0x40a95593) x11 0x00000000
core   0: 0x80004fc8 (0x0095c5b3) xor     a1, a1, s1
core   0: 3 0x80004fc8 (0x0095c5b3) x11 0x00000001
core   0: 0x80004fcc (0x0def0f17) auipc   t5, 0xdef0
core   0: 3 0x80004fcc (0x0def0f17) x30 0x8def4fcc
core   0: 0x80004fd0 (0x008152b3) srl     t0, sp, s0
core   0: 3 0x80004fd0 (0x008152b3) x 5 0x00000000
core   0: 0x80004fd4 (0xf7e7c583) lbu     a1, -130(a5)
core   0: 3 0x80004fd4 (0xf7e7c583) x11 0x00000027 mem 0x8001b16c
core   0: 0x80004fd8 (0xfda78523) sb      s10, -54(a5)
core   0: 3 0x80004fd8 (0xfda78523) mem 0x8001b1b8 0x9d
core   0: 0x80004fdc (0xf4b78303) lb      t1, -181(a5)
core   0: 3 0x80004fdc (0xf4b78303) x 6 0xfffffff2 mem 0x8001b139
core   0: 0x80004fe0 (0xb0132293) slti    t0, t1, -1279
core   0: 3 0x80004fe0 (0xb0132293) x 5 0x00000000
core   0: 0x80004fe4 (0x419dd713) srai    a4, s11, 25
core   0: 3 0x80004fe4 (0x419dd713) x14 0x00000000
core   0: 0x80004fe8 (0x41638c33) sub     s8, t2, s6
core   0: 3 0x80004fe8 (0x41638c33) x24 0xa3c76134
core   0: 0x80004fec (0x0ff0000f) fence   iorw,iorw
core   0: 3 0x80004fec (0x0ff0000f)
core   0: 0x80004ff0 (0x0d178503) lb      a0, 209(a5)
core   0: 3 0x80004ff0 (0x0d178503) x10 0x00000074 mem 0x8001b2bf
core   0: 0x80004ff4 (0x0000e117) auipc   sp, 0xe
core   0: 3 0x80004ff4 (0x0000e117) x 2 0x80012ff4
core   0: 0x80004ff8 (0x9a010113) addi    sp, sp, -1632
core   0: 3 0x80004ff8 (0x9a010113) x 2 0x80012994
core   0: 0x80004ffc (0xff914703) lbu     a4, -7(sp)
core   0: 3 0x80004ffc (0xff914703) x14 0x00000046 mem 0x8001298d
core   0: 0x80005000 (0x13e97313) andi    t1, s2, 318
core   0: 3 0x80005000 (0x13e97313) x 6 0x00000018
core   0: 0x80005004 (0xff210ca3) sb      s2, -7(sp)
core   0: 3 0x80005004 (0xff210ca3) mem 0x8001298d 0x18
core   0: 0x80005008 (0x00012583) lw      a1, 0(sp)
core   0: 3 0x80005008 (0x00012583) x11 0x4c4d4e4f mem 0x80012994
core   0: 0x8000500c (0xffc10ca3) sb      t3, -7(sp)
core   0: 3 0x8000500c (0xffc10ca3) mem 0x8001298d 0xdc
core   0: 0x80005010 (0x00e106a3) sb      a4, 13(sp)
core   0: 3 0x80005010 (0x00e106a3) mem 0x800129a1 0x46
core   0: 0x80005014 (0x674e0e13) addi    t3, t3, 1652
core   0: 3 0x80005014 (0x674e0e13) x28 0x00000c50
core   0: 0x80005018 (0x4145df93) srai    t6, a1, 20
core   0: 3 0x80005018 (0x4145df93) x31 0x000004c4
core   0: 0x8000501c (0x41c90e33) sub     t3, s2, t3
core   0: 3 0x8000501c (0x41c90e33) x28 0xfffff3c8
core   0: 0x80005020 (0x00a10e03) lb      t3, 10(sp)
core   0: 3 0x80005020 (0x00a10e03) x28 0x00000055 mem 0x8001299e
core   0: 0x80005024 (0xaa5c45b7) lui     a1, 0xaa5c4
core   0: 3 0x80005024 (0xaa5c45b7) x11 0xaa5c4000
core   0: 0x80005028 (0x01f36fb3) or      t6, t1, t6
core   0: 3 0x80005028 (0x01f36fb3) x31 0x000004dc
core   0: 0x8000502c (0x0ff0000f) fence   iorw,iorw
core   0: 3 0x8000502c (0x0ff0000f)
core   0: 0x80005030 (0x01f5ee33) or      t3, a1, t6
core   0: 3 0x80005030 (0x01f5ee33) x28 0xaa5c44dc
core   0: 0x80005034 (0x40e58333) sub     t1, a1, a4
core   0: 3 0x80005034 (0x40e58333) x 6 0xaa5c3fba
core   0: 0x80005038 (0xb15e3313) sltiu   t1, t3, -1259
core   0: 3 0x80005038 (0xb15e3313) x 6 0x00000001
core   0: 0x8000503c (0xffd14e03) lbu     t3, -3(sp)
core   0: 3 0x8000503c (0xffd14e03) x28 0x0000004a mem 0x80012991
core   0: 0x80005040 (0xff314303) lbu     t1, -13(sp)
core   0: 3 0x80005040 (0xff314303) x 6 0x000000a9 mem 0x80012987
core   0: 0x80005044 (0x0ff0000f) fence   iorw,iorw
core   0: 3 0x80005044 (0x0ff0000f)
core   0: 0x80005048 (0x00610723) sb      t1, 14(sp)
core   0: 3 0x80005048 (0x00610723) mem 0x800129a2 0xa9
core   0: 0x8000504c (0x01ce1593) slli    a1, t3, 28
core   0: 3 0x8000504c (0x01ce1593) x11 0xa0000000
core   0: 0x80005050 (0x88992913) slti    s2, s2, -1911
core   0: 3 0x80005050 (0x88992913) x18 0x00000000
core   0: 0x80005054 (0xffe14703) lbu     a4, -2(sp)
core   0: 3 0x80005054 (0xffe14703) x14 0x00000049 mem 0x80012992
core   0: 0x80005058 (0xffc12303) lw      t1, -4(sp)
core   0: 3 0x80005058 (0xffc12303) x 6 0x48494a4b mem 0x80012990
core   0: 0x8000505c (0x00b14e03) lbu     t3, 11(sp)
core   0: 3 0x8000505c (0x00b14e03) x28 0x0000003b mem 0x8001299f
core   0: 0x80005060 (0x5d451e37) lui     t3, 0x5d451
core   0: 3 0x80005060 (0x5d451e37) x28 0x5d451000
core   0: 0x80005064 (0xffb10e03) lb      t3, -5(sp)
core   0: 3 0x80005064 (0xffb10e03) x28 0x00000044 mem 0x8001298f
core   0: 0x80005068 (0x006e0933) add     s2, t3, t1
core   0: 3 0x80005068 (0x006e0933) x18 0x48494a8f
core   0: 0x8000506c (0xffc10303) lb      t1, -4(sp)
core   0: 3 0x8000506c (0xffc10303) x 6 0x0000004b mem 0x80012990
core   0: 0x80005070 (0x0000100f) fence.i
core   0: 3 0x80005070 (0x0000100f)
core   0: 0x80005074 (0xff314583) lbu     a1, -13(sp)
core   0: 3 0x80005074 (0xff314583) x11 0x000000a9 mem 0x80012987
core   0: 0x80005078 (0xd3c5a593) slti    a1, a1, -708
core   0: 3 0x80005078 (0xd3c5a593) x11 0x00000000
core   0: 0x8000507c (0x0a2e7713) andi    a4, t3, 162
core   0: 3 0x8000507c (0x0a2e7713) x14 0x00000000
core   0: 0x80005080 (0xfe610fa3) sb      t1, -1(sp)
core   0: 3 0x80005080 (0xfe610fa3) mem 0x80012993 0x4b
core   0: 0x80005084 (0x01fe2933) slt     s2, t3, t6
core   0: 3 0x80005084 (0x01fe2933) x18 0x00000001
core   0: 0x80005088 (0x41f355b3) sra     a1, t1, t6
core   0: 3 0x80005088 (0x41f355b3) x11 0x00000000
core   0: 0x8000508c (0x00e5efb3) or      t6, a1, a4
core   0: 3 0x8000508c (0x00e5efb3) x31 0x00000000
core   0: 0x80005090 (0x01fe6933) or      s2, t3, t6
core   0: 3 0x80005090 (0x01fe6933) x18 0x00000044
core   0: 0x80005094 (0xfff10ca3) sb      t6, -7(sp)
core   0: 3 0x80005094 (0xfff10ca3) mem 0x8001298d 0x0
core   0: 0x80005098 (0xff314f83) lbu     t6, -13(sp)
core   0: 3 0x80005098 (0xff314f83) x31 0x000000a9 mem 0x80012987
core   0: 0x8000509c (0xa1376e13) ori     t3, a4, -1517
core   0: 3 0x8000509c (0xa1376e13) x28 0xfffffa13
core   0: 0x800050a0 (0xff615e03) lhu     t3, -10(sp)
core   0: 3 0x800050a0 (0xff615e03) x28 0x00004041 mem 0x8001298a
core   0: 0x800050a4 (0x01f10623) sb      t6, 12(sp)
core   0: 3 0x800050a4 (0x01f10623) mem 0x800129a0 0xa9
core   0: 0x800050a8 (0x41895913) srai    s2, s2, 24
core   0: 3 0x800050a8 (0x41895913) x18 0x00000000
core   0: 0x800050ac (0x2a776937) lui     s2, 0x2a776
core   0: 3 0x800050ac (0x2a776937) x18 0x2a776000
core   0: 0x800050b0 (0x0125f733) and     a4, a1, s2
core   0: 3 0x800050b0 (0x0125f733) x14 0x00000000
core   0: 0x800050b4 (0x00114f83) lbu     t6, 1(sp)
core   0: 3 0x800050b4 (0x00114f83) x31 0x0000004e mem 0x80012995
core   0: 0x800050b8 (0x175e7e13) andi    t3, t3, 373
core   0: 3 0x800050b8 (0x175e7e13) x28 0x00000041
core   0: 0x800050bc (0x00310583) lb      a1, 3(sp)
core   0: 3 0x800050bc (0x00310583) x11 0x0000004c mem 0x80012997
core   0: 0x800050c0 (0xffb10903) lb      s2, -5(sp)
core   0: 3 0x800050c0 (0xffb10903) x18 0x00000044 mem 0x8001298f
core   0: 0x800050c4 (0x00b12223) sw      a1, 4(sp)
core   0: 3 0x800050c4 (0x00b12223) mem 0x80012998 0x0000004c
core   0: 0x800050c8 (0xfe610923) sb      t1, -14(sp)
core   0: 3 0x800050c8 (0xfe610923) mem 0x80012986 0x4b
core   0: 0x800050cc (0xff910583) lb      a1, -7(sp)
core   0: 3 0x800050cc (0xff910583) x11 0x00000000 mem 0x8001298d
core   0: 0x800050d0 (0xff015583) lhu     a1, -16(sp)
core   0: 3 0x800050d0 (0xff015583) x11 0x00003e3f mem 0x80012984
core   0: 0x800050d4 (0x00b10f83) lb      t6, 11(sp)
core   0: 3 0x800050d4 (0x00b10f83) x31 0x0000003b mem 0x8001299f
core   0: 0x800050d8 (0x41295e33) sra     t3, s2, s2
core   0: 3 0x800050d8 (0x41295e33) x28 0x00000004
core   0: 0x800050dc (0xe4233f93) sltiu   t6, t1, -446
core   0: 3 0x800050dc (0xe4233f93) x31 0x00000001
core   0: 0x800050e0 (0xff210aa3) sb      s2, -11(sp)
core   0: 3 0x800050e0 (0xff210aa3) mem 0x80012989 0x44
core   0: 0x800050e4 (0x01f34933) xor     s2, t1, t6
core   0: 3 0x800050e4 (0x01f34933) x18 0x0000004a
core   0: 0x800050e8 (0x00110583) lb      a1, 1(sp)
core   0: 3 0x800050e8 (0x00110583) x11 0x0000004e mem 0x80012995
core   0: 0x800050ec (0x0000f297) auipc   t0, 0xf
core   0: 3 0x800050ec (0x0000f297) x 5 0x800140ec
core   0: 0x800050f0 (0x0a028293) addi    t0, t0, 160
core   0: 3 0x800050f0 (0x0a028293) x 5 0x8001418c
core   0: 0x800050f4 (0x003284a3) sb      gp, 9(t0)
core   0: 3 0x800050f4 (0x003284a3) mem 0x80014195 0x94
core   0: 0x800050f8 (0x00928803) lb      a6, 9(t0)
core   0: 3 0x800050f8 (0x00928803) x16 0xffffff94 mem 0x80014195
core   0: 0x800050fc (0x00928603) lb      a2, 9(t0)
core   0: 3 0x800050fc (0x00928603) x12 0xffffff94 mem 0x80014195
core   0: 0x80005100 (0x0092c583) lbu     a1, 9(t0)
core   0: 3 0x80005100 (0x0092c583) x11 0x00000094 mem 0x80014195
core   0: 0x80005104 (0x0000100f) fence.i
core   0: 3 0x80005104 (0x0000100f)
core   0: 0x80005108 (0x00928a83) lb      s5, 9(t0)
core   0: 3 0x80005108 (0x00928a83) x21 0xffffff94 mem 0x80014195
core   0: 0x8000510c (0xa09e3513) sltiu   a0, t3, -1527
core   0: 3 0x8000510c (0xa09e3513) x10 0x00000001
core   0: 0x80005110 (0x01a284a3) sb      s10, 9(t0)
core   0: 3 0x80005110 (0x01a284a3) mem 0x80014195 0x9d
core   0: 0x80005114 (0x02a2de83) lhu     t4, 42(t0)
core   0: 3 0x80005114 (0x02a2de83) x29 0x00006c6d mem 0x800141b6
core   0: 0x80005118 (0x41730eb3) sub     t4, t1, s7
core   0: 3 0x80005118 (0x41730eb3) x29 0x0000004b
core   0: 0x8000511c (0x02a29b83) lh      s7, 42(t0)
core   0: 3 0x8000511c (0x02a29b83) x23 0x00006c6d mem 0x800141b6
core   0: 0x80005120 (0x02e28523) sb      a4, 42(t0)
core   0: 3 0x80005120 (0x02e28523) mem 0x800141b6 0x0
core   0: 0x80005124 (0x05428ca3) sb      s4, 89(t0)
core   0: 3 0x80005124 (0x05428ca3) mem 0x800141e5 0x2b
core   0: 0x80005128 (0x947acc93) xori    s9, s5, -1721
core   0: 3 0x80005128 (0x947acc93) x25 0x000006d3
core   0: 0x8000512c (0x0712c183) lbu     gp, 113(t0)
core   0: 3 0x8000512c (0x0712c183) x 3 0x000000b6 mem 0x800141fd
core   0: 0x80005130 (0x005e9693) slli    a3, t4, 5
core   0: 3 0x80005130 (0x005e9693) x13 0x00000960
core   0: 0x80005134 (0x97e7f913) andi    s2, a5, -1666
core   0: 3 0x80005134 (0x97e7f913) x18 0x8001b16e
core   0: 0x80005138 (0x40f1d3b3) sra     t2, gp, a5
core   0: 3 0x80005138 (0x40f1d3b3) x 7 0x00000000
core   0: 0x8000513c (0x07128a83) lb      s5, 113(t0)
core   0: 3 0x8000513c (0x07128a83) x21 0xffffffb6 mem 0x800141fd
core   0: 0x80005140 (0x0001d117) auipc   sp, 0x1d
core   0: 3 0x80005140 (0x0001d117) x 2 0x80022140
core   0: 0x80005144 (0x31e10113) addi    sp, sp, 798
core   0: 3 0x80005144 (0x31e10113) x 2 0x8002245e
core   0: 0x80005148 (0xf4e2ff13) andi    t5, t0, -178
core   0: 3 0x80005148 (0xf4e2ff13) x30 0x8001410c
core   0: 0x8000514c (0x01e83bb3) sltu    s7, a6, t5
core   0: 3 0x8000514c (0x01e83bb3) x23 0x00000000
core   0: 0x80005150 (0xffe10d23) sb      t5, -6(sp)
core   0: 3 0x80005150 (0xffe10d23) mem 0x80022458 0xc
core   0: 0x80005154 (0xff314283) lbu     t0, -13(sp)
core   0: 3 0x80005154 (0xff314283) x 5 0x0000000a mem 0x80022451
core   0: 0x80005158 (0x017f2f33) slt     t5, t5, s7
core   0: 3 0x80005158 (0x017f2f33) x30 0x00000001
core   0: 0x8000515c (0x00b29813) slli    a6, t0, 11
core   0: 3 0x8000515c (0x00b29813) x16 0x00005000
core   0: 0x80005160 (0xff911c23) sh      s9, -8(sp)
core   0: 3 0x80005160 (0xff911c23) mem 0x80022456 0x06d3
core   0: 0x80005164 (0x01eb8cb3) add     s9, s7, t5
core   0: 3 0x80005164 (0x01eb8cb3) x25 0x00000001
core   0: 0x80005168 (0xff910f03) lb      t5, -7(sp)
core   0: 3 0x80005168 (0xff910f03) x30 0x00000006 mem 0x80022457
core   0: 0x8000516c (0xf9f56837) lui     a6, 0xf9f56
core   0: 3 0x8000516c (0xf9f56837) x16 0xf9f56000
core   0: 0x80005170 (0x0000100f) fence.i
core   0: 3 0x80005170 (0x0000100f)
core   0: 0x80005174 (0x00529f33) sll     t5, t0, t0
core   0: 3 0x80005174 (0x00529f33) x30 0x00002800
core   0: 0x80005178 (0x010802b3) add     t0, a6, a6
core   0: 3 0x80005178 (0x010802b3) x 5 0xf3eac000
core   0: 0x8000517c (0x00811b83) lh      s7, 8(sp)
core   0: 3 0x8000517c (0x00811b83) x23 0x00001c1d mem 0x80022466
core   0: 0x80005180 (0x01ecdf33) srl     t5, s9, t5
core   0: 3 0x80005180 (0x01ecdf33) x30 0x00000001
core   0: 0x80005184 (0x01011823) sh      a6, 16(sp)
core   0: 3 0x80005184 (0x01011823) mem 0x8002246e 0x6000
core   0: 0x80005188 (0x01011803) lh      a6, 16(sp)
core   0: 3 0x80005188 (0x01011803) x16 0x00006000 mem 0x8002246e
core   0: 0x8000518c (0xff215f03) lhu     t5, -14(sp)
core   0: 3 0x8000518c (0xff215f03) x30 0x00000a0b mem 0x80022450
core   0: 0x80005190 (0x01014283) lbu     t0, 16(sp)
core   0: 3 0x80005190 (0x01014283) x 5 0x00000000 mem 0x8002246e
core   0: 0x80005194 (0x00fcd7b3) srl     a5, s9, a5
core   0: 3 0x80005194 (0x00fcd7b3) x15 0x00000000
core   0: 0x80005198 (0xff411b83) lh      s7, -12(sp)
core   0: 3 0x80005198 (0xff411b83) x23 0x00000809 mem 0x80022452
core   0: 0x8000519c (0x01ecd2b3) srl     t0, s9, t5
core   0: 3 0x8000519c (0x01ecd2b3) x 5 0x00000000
core   0: 0x800051a0 (0xff514c83) lbu     s9, -11(sp)
core   0: 3 0x800051a0 (0xff514c83) x25 0x00000008 mem 0x80022453
core   0: 0x800051a4 (0x00614283) lbu     t0, 6(sp)
core   0: 3 0x800051a4 (0x00614283) x 5 0x0000001f mem 0x80022464
core   0: 0x800051a8 (0xff314f03) lbu     t5, -13(sp)
core   0: 3 0x800051a8 (0xff314f03) x30 0x0000000a mem 0x80022451
core   0: 0x800051ac (0xc66ca813) slti    a6, s9, -922
core   0: 3 0x800051ac (0xc66ca813) x16 0x00000000
core   0: 0x800051b0 (0x01e2e833) or      a6, t0, t5
core   0: 3 0x800051b0 (0x01e2e833) x16 0x0000001f
core   0: 0x800051b4 (0x01e29f33) sll     t5, t0, t5
core   0: 3 0x800051b4 (0x01e29f33) x30 0x00007c00
core   0: 0x800051b8 (0x01ef77b3) and     a5, t5, t5
core   0: 3 0x800051b8 (0x01ef77b3) x15 0x00007c00
core   0: 0x800051bc (0x00714803) lbu     a6, 7(sp)
core   0: 3 0x800051bc (0x00714803) x16 0x0000001e mem 0x80022465
core   0: 0x800051c0 (0xffe11923) sh      t5, -14(sp)
core   0: 3 0x800051c0 (0xffe11923) mem 0x80022450 0x7c00
core   0: 0x800051c4 (0xdef417b7) lui     a5, 0xdef41
core   0: 3 0x800051c4 (0xdef417b7) x15 0xdef41000
core   0: 0x800051c8 (0x019106a3) sb      s9, 13(sp)
core   0: 3 0x800051c8 (0x019106a3) mem 0x8002246b 0x8
core   0: 0x800051cc (0x2e22fb93) andi    s7, t0, 738
core   0: 3 0x800051cc (0x2e22fb93) x23 0x00000002
core   0: 0x800051d0 (0x41e857b3) sra     a5, a6, t5
core   0: 3 0x800051d0 (0x41e857b3) x15 0x0000001e
core   0: 0x800051d4 (0x00810b83) lb      s7, 8(sp)
core   0: 3 0x800051d4 (0x00810b83) x23 0x0000001d mem 0x80022466
core   0: 0x800051d8 (0x0197bf33) sltu    t5, a5, s9
core   0: 3 0x800051d8 (0x0197bf33) x30 0x00000000
core   0: 0x800051dc (0x00000013) nop
core   0: 3 0x800051dc (0x00000013)
core   0: 0x800051e0 (0x00014803) lbu     a6, 0(sp)
core   0: 3 0x800051e0 (0x00014803) x16 0x00000015 mem 0x8002245e
core   0: 0x800051e4 (0x0000da17) auipc   s4, 0xd
core   0: 3 0x800051e4 (0x0000da17) x20 0x800121e4
core   0: 0x800051e8 (0x584a0a13) addi    s4, s4, 1412
core   0: 3 0x800051e8 (0x584a0a13) x20 0x80012768
core   0: 0x800051ec (0x015120b3) slt     ra, sp, s5
core   0: 3 0x800051ec (0x015120b3) x 1 0x00000001
core   0: 0x800051f0 (0x41bbd533) sra     a0, s7, s11
core   0: 3 0x800051f0 (0x41bbd533) x10 0x00000000
core   0: 0x800051f4 (0xff1a4703) lbu     a4, -15(s4)
core   0: 3 0x800051f4 (0xff1a4703) x14 0x00000012 mem 0x80012759
core   0: 0x800051f8 (0xf20a4d83) lbu     s11, -224(s4)
core   0: 3 0x800051f8 (0xf20a4d83) x27 0x00000043 mem 0x80012688
core   0: 0x800051fc (0xf1fa4003) lbu     zero, -225(s4)
core   0: 3 0x800051fc (0xf1fa4003) mem 0x80012687
core   0: 0x80005200 (0xf1fa0b83) lb      s7, -225(s4)
core   0: 3 0x80005200 (0xf1fa0b83) x23 0x0000003c mem 0x80012687
core   0: 0x80005204 (0x0000100f) fence.i
core   0: 3 0x80005204 (0x0000100f)
core   0: 0x80005208 (0xf1fa4f83) lbu     t6, -225(s4)
core   0: 3 0x80005208 (0xf1fa4f83) x31 0x0000003c mem 0x80012687
core   0: 0x8000520c (0xf13a0fa3) sb      s3, -225(s4)
core   0: 3 0x8000520c (0xf13a0fa3) mem 0x80012687 0x9c
core   0: 0x80005210 (0x00a11bb3) sll     s7, sp, a0
core   0: 3 0x80005210 (0x00a11bb3) x23 0x8002245e
core   0: 0x80005214 (0x071a4183) lbu     gp, 113(s4)
core   0: 3 0x80005214 (0x071a4183) x 3 0x00000000 mem 0x800127d9
core   0: 0x80005218 (0xf94a07a3) sb      s4, -113(s4)
core   0: 3 0x80005218 (0xf94a07a3) mem 0x800126f7 0x68
core   0: 0x8000521c (0x04ba0fa3) sb      a1, 95(s4)
core   0: 3 0x8000521c (0x04ba0fa3) mem 0x800127c7 0x94
core   0: 0x80005220 (0xf28a5183) lhu     gp, -216(s4)
core   0: 3 0x80005220 (0xf28a5183) x 3 0x00004a4b mem 0x80012690
core   0: 0x80005224 (0x0daa0803) lb      a6, 218(s4)
core   0: 3 0x80005224 (0x0daa0803) x16 0xfffffff9 mem 0x80012842
core   0: 0x80005228 (0xffe00713) li      a4, -2
core   0: 3 0x80005228 (0xffe00713) x14 0xfffffffe
core   0: 0x8000522c (0x017e5f13) srli    t5, t3, 23
core   0: 3 0x8000522c (0x017e5f13) x30 0x00000000
core   0: 0x80005230 (0xe7f68413) addi    s0, a3, -385
core   0: 3 0x80005230 (0xe7f68413) x 8 0x000007df
core   0: 0x80005234 (0x00e00113) li      sp, 14
core   0: 3 0x80005234 (0x00e00113) x 2 0x0000000e
core   0: 0x80005238 (0x00adbe33) sltu    t3, s11, a0
core   0: 3 0x80005238 (0x00adbe33) x28 0x00000000
core   0: 0x8000523c (0x00a96cb3) or      s9, s2, a0
core   0: 3 0x8000523c (0x00a96cb3) x25 0x8001b16e
core   0: 0x80005240 (0x59497f93) andi    t6, s2, 1428
core   0: 3 0x80005240 (0x59497f93) x31 0x00000104
core   0: 0x80005244 (0x00670713) addi    a4, a4, 6
core   0: 3 0x80005244 (0x00670713) x14 0x00000004
core   0: 0x80005248 (0x00000013) nop
core   0: 3 0x80005248 (0x00000013)
core   0: 0x8000524c (0x411a0933) sub     s2, s4, a7
core   0: 3 0x8000524c (0x411a0933) x18 0x80016aab
core   0: 0x80005250 (0x403f53b3) sra     t2, t5, gp
core   0: 3 0x80005250 (0x403f53b3) x 7 0x00000000
core   0: 0x80005254 (0xfe2764e3) bltu    a4, sp, pc - 24
core   0: 3 0x80005254 (0xfe2764e3)
core   0: 0x8000523c (0x00a96cb3) or      s9, s2, a0
core   0: 3 0x8000523c (0x00a96cb3) x25 0x80016aab
core   0: 0x80005240 (0x59497f93) andi    t6, s2, 1428
core   0: 3 0x80005240 (0x59497f93) x31 0x00000080
core   0: 0x80005244 (0x00670713) addi    a4, a4, 6
core   0: 3 0x80005244 (0x00670713) x14 0x0000000a
core   0: 0x80005248 (0x00000013) nop
core   0: 3 0x80005248 (0x00000013)
core   0: 0x8000524c (0x411a0933) sub     s2, s4, a7
core   0: 3 0x8000524c (0x411a0933) x18 0x80016aab
core   0: 0x80005250 (0x403f53b3) sra     t2, t5, gp
core   0: 3 0x80005250 (0x403f53b3) x 7 0x00000000
core   0: 0x80005254 (0xfe2764e3) bltu    a4, sp, pc - 24
core   0: 3 0x80005254 (0xfe2764e3)
core   0: 0x8000523c (0x00a96cb3) or      s9, s2, a0
core   0: 3 0x8000523c (0x00a96cb3) x25 0x80016aab
core   0: 0x80005240 (0x59497f93) andi    t6, s2, 1428
core   0: 3 0x80005240 (0x59497f93) x31 0x00000080
core   0: 0x80005244 (0x00670713) addi    a4, a4, 6
core   0: 3 0x80005244 (0x00670713) x14 0x00000010
core   0: 0x80005248 (0x00000013) nop
core   0: 3 0x80005248 (0x00000013)
core   0: 0x8000524c (0x411a0933) sub     s2, s4, a7
core   0: 3 0x8000524c (0x411a0933) x18 0x80016aab
core   0: 0x80005250 (0x403f53b3) sra     t2, t5, gp
core   0: 3 0x80005250 (0x403f53b3) x 7 0x00000000
core   0: 0x80005254 (0xfe2764e3) bltu    a4, sp, pc - 24
core   0: 3 0x80005254 (0xfe2764e3)
core   0: 0x80005258 (0x4086da33) sra     s4, a3, s0
core   0: 3 0x80005258 (0x4086da33) x20 0x00000000
core   0: 0x8000525c (0x00012117) auipc   sp, 0x12
core   0: 3 0x8000525c (0x00012117) x 2 0x8001725c
core   0: 0x80005260 (0x06610113) addi    sp, sp, 102
core   0: 3 0x80005260 (0x06610113) x 2 0x800172c2
core   0: 0x80005264 (0x00000013) nop
core   0: 3 0x80005264 (0x00000013)
core   0: 0x80005268 (0x11c14a83) lbu     s5, 284(sp)
core   0: 3 0x80005268 (0x11c14a83) x21 0x00000095 mem 0x800173de
core   0: 0x8000526c (0x00c940b3) xor     ra, s2, a2
core   0: 3 0x8000526c (0x00c940b3) x 1 0x7ffe953f
core   0: 0x80005270 (0x9eb10403) lb      s0, -1557(sp)
core   0: 3 0x80005270 (0x9eb10403) x 8 0x00000066 mem 0x80016cad
core   0: 0x80005274 (0x00232bb3) slt     s7, t1, sp
core   0: 3 0x80005274 (0x00232bb3) x23 0x00000000
core   0: 0x80005278 (0x00096fb3) or      t6, s2, zero
core   0: 3 0x80005278 (0x00096fb3) x31 0x80016aab
core   0: 0x8000527c (0xe25a2313) slti    t1, s4, -475
core   0: 3 0x8000527c (0xe25a2313) x 6 0x00000000
core   0: 0x80005280 (0x1d5b6793) ori     a5, s6, 469
core   0: 3 0x80005280 (0x1d5b6793) x15 0x80027ff5
core   0: 0x80005284 (0x66611a03) lh      s4, 1638(sp)
core   0: 3 0x80005284 (0x66611a03) x20 0xffffe2e3 mem 0x80017928
core   0: 0x80005288 (0xb24cac93) slti    s9, s9, -1244
core   0: 3 0x80005288 (0xb24cac93) x25 0x00000001
core   0: 0x8000528c (0x2c2103a3) sb      sp, 711(sp)
core   0: 3 0x8000528c (0x2c2103a3) mem 0x80017589 0xc2
core   0: 0x80005290 (0x01b70c33) add     s8, a4, s11
core   0: 3 0x80005290 (0x01b70c33) x24 0x00000053
core   0: 0x80005294 (0x71c11d03) lh      s10, 1820(sp)
core   0: 3 0x80005294 (0x71c11d03) x26 0xffff9495 mem 0x800179de
core   0: 0x80005298 (0x018ae6b3) or      a3, s5, s8
core   0: 3 0x80005298 (0x018ae6b3) x13 0x000000d7
core   0: 0x8000529c (0x00a97433) and     s0, s2, a0
core   0: 3 0x8000529c (0x00a97433) x 8 0x00000000
core   0: 0x800052a0 (0x2c1b8413) addi    s0, s7, 705
core   0: 3 0x800052a0 (0x2c1b8413) x 8 0x000002c1
core   0: 0x800052a4 (0x0f37a493) slti    s1, a5, 243
core   0: 3 0x800052a4 (0x0f37a493) x 9 0x00000001
core   0: 0x800052a8 (0x008790b3) sll     ra, a5, s0
core   0: 3 0x800052a8 (0x008790b3) x 1 0x0004ffea
core   0: 0x800052ac (0x0d310703) lb      a4, 211(sp)
core   0: 3 0x800052ac (0x0d310703) x14 0x0000004e mem 0x80017395
core   0: 0x800052b0 (0x4c210b83) lb      s7, 1218(sp)
core   0: 3 0x800052b0 (0x4c210b83) x23 0x0000003f mem 0x80017784
core   0: 0x800052b4 (0x00714003) lbu     zero, 7(sp)
core   0: 3 0x800052b4 (0x00714003) mem 0x800172c9
core   0: 0x800052b8 (0xe6914c83) lbu     s9, -407(sp)
core   0: 3 0x800052b8 (0xe6914c83) x25 0x000000e0 mem 0x8001712b
core   0: 0x800052bc (0x57911623) sh      s9, 1388(sp)
core   0: 3 0x800052bc (0x57911623) mem 0x8001782e 0x00e0
core   0: 0x800052c0 (0x0bf103a3) sb      t6, 167(sp)
core   0: 3 0x800052c0 (0x0bf103a3) mem 0x80017369 0xab
core   0: 0x800052c4 (0x58910a23) sb      s1, 1428(sp)
core   0: 3 0x800052c4 (0x58910a23) mem 0x80017856 0x1
core   0: 0x800052c8 (0xb55dfe13) andi    t3, s11, -1195
core   0: 3 0x800052c8 (0xb55dfe13) x28 0x00000041
core   0: 0x800052cc (0x40bd81b3) sub     gp, s11, a1
core   0: 3 0x800052cc (0x40bd81b3) x 3 0xffffffaf
core   0: 0x800052d0 (0xe4a12e03) lw      t3, -438(sp)
core   0: 3 0x800052d0 (0xe4a12e03) x28 0xc4c5c6c7 mem 0x8001710c
core   0: 0x800052d4 (0x39110b83) lb      s7, 913(sp)
core   0: 3 0x800052d4 (0x39110b83) x23 0x00000008 mem 0x80017653
core   0: 0x800052d8 (0x5a814d03) lbu     s10, 1448(sp)
core   0: 3 0x800052d8 (0x5a814d03) x26 0x00000021 mem 0x8001786a
core   0: 0x800052dc (0x5b815d83) lhu     s11, 1464(sp)
core   0: 3 0x800052dc (0x5b815d83) x27 0x00003031 mem 0x8001787a
core   0: 0x800052e0 (0x413385b3) sub     a1, t2, s3
core   0: 3 0x800052e0 (0x413385b3) x11 0x019b1364
core   0: 0x800052e4 (0xb9294f13) xori    t5, s2, -1134
core   0: 3 0x800052e4 (0xb9294f13) x30 0x7ffe9139
core   0: 0x800052e8 (0x008eda33) srl     s4, t4, s0
core   0: 3 0x800052e8 (0x008eda33) x20 0x00000025
core   0: 0x800052ec (0xc8903793) sltiu   a5, zero, -887
core   0: 3 0x800052ec (0xc8903793) x15 0x00000001
core   0: 0x800052f0 (0xf7f10ea3) sb      t6, -131(sp)
core   0: 3 0x800052f0 (0xf7f10ea3) mem 0x8001723f 0xab
core   0: 0x800052f4 (0x2106e913) ori     s2, a3, 528
core   0: 3 0x800052f4 (0x2106e913) x18 0x000002d7
core   0: 0x800052f8 (0x9a910ca3) sb      s1, -1607(sp)
core   0: 3 0x800052f8 (0x9a910ca3) mem 0x80016c7b 0x1
core   0: 0x800052fc (0x01988a33) add     s4, a7, s9
core   0: 3 0x800052fc (0x01988a33) x20 0xffffbd9d
core   0: 0x80005300 (0x01edd693) srli    a3, s11, 30
core   0: 3 0x80005300 (0x01edd693) x13 0x00000000
core   0: 0x80005304 (0x9b910483) lb      s1, -1607(sp)
core   0: 3 0x80005304 (0x9b910483) x 9 0x00000001 mem 0x80016c7b
core   0: 0x80005308 (0xafe15883) lhu     a7, -1282(sp)
core   0: 3 0x80005308 (0xafe15883) x17 0x00007a7b mem 0x80016dc0
core   0: 0x8000530c (0x00815283) lhu     t0, 8(sp)
core   0: 3 0x8000530c (0x00815283) x 5 0x00008081 mem 0x800172ca
core   0: 0x80005310 (0xcfd14003) lbu     zero, -771(sp)
core   0: 3 0x80005310 (0xcfd14003) mem 0x80016fbf
core   0: 0x80005314 (0x40905333) sra     t1, zero, s1
core   0: 3 0x80005314 (0x40905333) x 6 0x00000000
core   0: 0x80005318 (0x15f105a3) sb      t6, 331(sp)
core   0: 3 0x80005318 (0x15f105a3) mem 0x8001740d 0xab
core   0: 0x8000531c (0x76311623) sh      gp, 1900(sp)
core   0: 3 0x8000531c (0x76311623) mem 0x80017a2e 0xffaf
core   0: 0x80005320 (0x01a5e2b3) or      t0, a1, s10
core   0: 3 0x80005320 (0x01a5e2b3) x 5 0x019b1365
core   0: 0x80005324 (0x84510a03) lb      s4, -1979(sp)
core   0: 3 0x80005324 (0x84510a03) x20 0xffffffbc mem 0x80016b07
core   0: 0x80005328 (0x67110b83) lb      s7, 1649(sp)
core   0: 3 0x80005328 (0x67110b83) x23 0xffffffe8 mem 0x80017933
core   0: 0x8000532c (0x00f79713) slli    a4, a5, 15
core   0: 3 0x8000532c (0x00f79713) x14 0x00008000
core   0: 0x80005330 (0x93010aa3) sb      a6, -1739(sp)
core   0: 3 0x80005330 (0x93010aa3) mem 0x80016bf7 0xf9
core   0: 0x80005334 (0x0001ae97) auipc   t4, 0x1a
core   0: 3 0x80005334 (0x0001ae97) x29 0x8001f334
core   0: 0x80005338 (0x3bfe8e93) addi    t4, t4, 959
core   0: 3 0x80005338 (0x3bfe8e93) x29 0x8001f6f3
core   0: 0x8000533c (0x021e9a03) lh      s4, 33(t4)
core   0: 3 0x8000533c (0x021e9a03) x20 0xffffcecf mem 0x8001f714
core   0: 0x80005340 (0x0000e817) auipc   a6, 0xe
core   0: 3 0x80005340 (0x0000e817) x16 0x80013340
core   0: 0x80005344 (0x9b480813) addi    a6, a6, -1612
core   0: 3 0x80005344 (0x9b480813) x16 0x80012cf4
core   0: 0x80005348 (0x03de91a3) sh      t4, 35(t4)
core   0: 3 0x80005348 (0x03de91a3) mem 0x8001f716 0xf6f3
core   0: 0x8000534c (0x22281123) sh      sp, 546(a6)
core   0: 3 0x8000534c (0x22281123) mem 0x80012f16 0x72c2
core   0: 0x80005350 (0xe3180783) lb      a5, -463(a6)
core   0: 3 0x80005350 (0xe3180783) x15 0xffffffde mem 0x80012b25
core   0: 0x80005354 (0x03dec403) lbu     s0, 61(t4)
core   0: 3 0x80005354 (0x03dec403) x 8 0x000000eb mem 0x8001f730
core   0: 0x80005358 (0x2d882623) sw      s8, 716(a6)
core   0: 3 0x80005358 (0x2d882623) mem 0x80012fc0 0x00000053
core   0: 0x8000535c (0xfe2e8c83) lb      s9, -30(t4)
core   0: 3 0x8000535c (0xfe2e8c83) x25 0xffffff8e mem 0x8001f6d5
core   0: 0x80005360 (0xafb804a3) sb      s11, -1303(a6)
core   0: 3 0x80005360 (0xafb804a3) mem 0x800127dd 0x31
core   0: 0x80005364 (0xfede8023) sb      a3, -32(t4)
core   0: 3 0x80005364 (0xfede8023) mem 0x8001f6d3 0x0
core   0: 0x80005368 (0xa6080f03) lb      t5, -1440(a6)
core   0: 3 0x80005368 (0xa6080f03) x30 0x0000000f mem 0x80012754
core   0: 0x8000536c (0xd43801a3) sb      gp, -701(a6)
core   0: 3 0x8000536c (0xd43801a3) mem 0x80012a37 0xaf
core   0: 0x80005370 (0x02ae8003) lb      zero, 42(t4)
core   0: 3 0x80005370 (0x02ae8003) mem 0x8001f71d
core   0: 0x80005374 (0xfe7e98a3) sh      t2, -15(t4)
core   0: 3 0x80005374 (0xfe7e98a3) mem 0x8001f6e4 0x0000
core   0: 0x80005378 (0x18a82623) sw      a0, 396(a6)
core   0: 3 0x80005378 (0x18a82623) mem 0x80012e80 0x00000000
core   0: 0x8000537c (0x32980583) lb      a1, 809(a6)
core   0: 3 0x8000537c (0x32980583) x11 0xffffffd6 mem 0x8001301d
core   0: 0x80005380 (0x00011117) auipc   sp, 0x11
core   0: 3 0x80005380 (0x00011117) x 2 0x80016380
core   0: 0x80005384 (0x52b10113) addi    sp, sp, 1323
core   0: 3 0x80005384 (0x52b10113) x 2 0x800168ab
core   0: 0x80005388 (0xd8010a23) sb      zero, -620(sp)
core   0: 3 0x80005388 (0xd8010a23) mem 0x8001663f 0x0
core   0: 0x8000538c (0xaed10d83) lb      s11, -1299(sp)
core   0: 3 0x8000538c (0xaed10d83) x27 0x00000053 mem 0x80016398
core   0: 0x80005390 (0x17514d83) lbu     s11, 373(sp)
core   0: 3 0x80005390 (0x17514d83) x27 0x000000db mem 0x80016a20
core   0: 0x80005394 (0x63912003) lw      zero, 1593(sp)
core   0: 3 0x80005394 (0x63912003) mem 0x80016ee4
core   0: 0x80005398 (0x402e5513) srai    a0, t3, 2
core   0: 3 0x80005398 (0x402e5513) x10 0xf13171b1
core   0: 0x8000539c (0x03c10e03) lb      t3, 60(sp)
core   0: 3 0x8000539c (0x03c10e03) x28 0xffffff9c mem 0x800168e7
core   0: 0x800053a0 (0x01293db3) sltu    s11, s2, s2
core   0: 3 0x800053a0 (0x01293db3) x27 0x00000000
core   0: 0x800053a4 (0x102e0513) addi    a0, t3, 258
core   0: 3 0x800053a4 (0x102e0513) x10 0x0000009e
core   0: 0x800053a8 (0x00000013) nop
core   0: 3 0x800053a8 (0x00000013)
core   0: 0x800053ac (0x04711903) lh      s2, 71(sp)
core   0: 3 0x800053ac (0x04711903) x18 0xffffa8a9 mem 0x800168f2
core   0: 0x800053b0 (0xcd504913) xori    s2, zero, -811
core   0: 3 0x800053b0 (0xcd504913) x18 0xfffffcd5
core   0: 0x800053b4 (0xe4810003) lb      zero, -440(sp)
core   0: 3 0x800053b4 (0xe4810003) mem 0x800166f3
core   0: 0x800053b8 (0x6f211da3) sh      s2, 1787(sp)
core   0: 3 0x800053b8 (0x6f211da3) mem 0x80016fa6 0xfcd5
core   0: 0x800053bc (0xf4010b23) sb      zero, -170(sp)
core   0: 3 0x800053bc (0xf4010b23) mem 0x80016801 0x0
core   0: 0x800053c0 (0x175e0d93) addi    s11, t3, 373
core   0: 3 0x800053c0 (0x175e0d93) x27 0x00000111
core   0: 0x800053c4 (0x00000013) nop
core   0: 3 0x800053c4 (0x00000013)
core   0: 0x800053c8 (0xe4c10023) sb      a2, -448(sp)
core   0: 3 0x800053c8 (0xe4c10023) mem 0x800166eb 0x94
core   0: 0x800053cc (0xf7915e03) lhu     t3, -135(sp)
core   0: 3 0x800053cc (0xf7915e03) x28 0x0000dedf mem 0x80016824
core   0: 0x800053d0 (0x00150e13) addi    t3, a0, 1
core   0: 3 0x800053d0 (0x00150e13) x28 0x0000009f
core   0: 0x800053d4 (0xf5d10d83) lb      s11, -163(sp)
core   0: 3 0x800053d4 (0xf5d10d83) x27 0xffffffc3 mem 0x80016808
core   0: 0x800053d8 (0xc4614d83) lbu     s11, -954(sp)
core   0: 3 0x800053d8 (0xc4614d83) x27 0x000000aa mem 0x800164f1
core   0: 0x800053dc (0xc7b103a3) sb      s11, -921(sp)
core   0: 3 0x800053dc (0xc7b103a3) mem 0x80016512 0xaa
core   0: 0x800053e0 (0x8c010003) lb      zero, -1856(sp)
core   0: 3 0x800053e0 (0x8c010003) mem 0x8001616b
core   0: 0x800053e4 (0xf9010903) lb      s2, -112(sp)
core   0: 3 0x800053e4 (0xf9010903) x18 0xfffffff0 mem 0x8001683b
core   0: 0x800053e8 (0x9ca14e03) lbu     t3, -1590(sp)
core   0: 3 0x800053e8 (0x9ca14e03) x28 0x0000002e mem 0x80016275
core   0: 0x800053ec (0x01290e33) add     t3, s2, s2
core   0: 3 0x800053ec (0x01290e33) x28 0xffffffe0
core   0: 0x800053f0 (0x9d112003) lw      zero, -1583(sp)
core   0: 3 0x800053f0 (0x9d112003) mem 0x8001627c
core   0: 0x800053f4 (0xe1810003) lb      zero, -488(sp)
core   0: 3 0x800053f4 (0xe1810003) mem 0x800166c3
core   0: 0x800053f8 (0x88c107a3) sb      a2, -1905(sp)
core   0: 3 0x800053f8 (0x88c107a3) mem 0x8001613a 0x94
core   0: 0x800053fc (0x00a63e33) sltu    t3, a2, a0
core   0: 3 0x800053fc (0x00a63e33) x28 0x00000000
core   0: 0x80005400 (0x1c714903) lbu     s2, 455(sp)
core   0: 3 0x80005400 (0x1c714903) x18 0x00000029 mem 0x80016a72
core   0: 0x80005404 (0x12112e03) lw      t3, 289(sp)
core   0: 3 0x80005404 (0x12112e03) x28 0x84857301 mem 0x800169cc
core   0: 0x80005408 (0xd3c10523) sb      t3, -726(sp)
core   0: 3 0x80005408 (0xd3c10523) mem 0x800165d5 0x1
core   0: 0x8000540c (0x01ce1e33) sll     t3, t3, t3
core   0: 3 0x8000540c (0x01ce1e33) x28 0x090ae602
core   0: 0x80005410 (0x00004533) xor     a0, zero, zero
core   0: 3 0x80005410 (0x00004533) x10 0x00000000
core   0: 0x80005414 (0xaf808037) lui     zero, 0xaf808
core   0: 3 0x80005414 (0xaf808037)
core   0: 0x80005418 (0xda9a9017) auipc   zero, 0xda9a9
core   0: 3 0x80005418 (0xda9a9017)
core   0: 0x8000541c (0xc0010903) lb      s2, -1024(sp)
core   0: 3 0x8000541c (0xc0010903) x18 0x00000060 mem 0x800164ab
core   0: 0x80005420 (0x00a00413) li      s0, 10
core   0: 3 0x80005420 (0x00a00413) x 8 0x0000000a
core   0: 0x80005424 (0x014a5c93) srli    s9, s4, 20
core   0: 3 0x80005424 (0x014a5c93) x25 0x00000fff
core   0: 0x80005428 (0x719e9037) lui     zero, 0x719e9
core   0: 3 0x80005428 (0x719e9037)
core   0: 0x8000542c (0xfcf83d97) auipc   s11, 0xfcf83
core   0: 3 0x8000542c (0xfcf83d97) x27 0x7cf8842c
core   0: 0x80005430 (0x596acd37) lui     s10, 0x596ac
core   0: 3 0x80005430 (0x596acd37) x26 0x596ac000
core   0: 0x80005434 (0xfb9be393) ori     t2, s7, -71
core   0: 3 0x80005434 (0xfb9be393) x 7 0xfffffff9
core   0: 0x80005438 (0x0ff0000f) fence   iorw,iorw
core   0: 3 0x80005438 (0x0ff0000f)
core   0: 0x8000543c (0x0000100f) fence.i
core   0: 3 0x8000543c (0x0000100f)
core   0: 0x80005440 (0x00600893) li      a7, 6
core   0: 3 0x80005440 (0x00600893) x17 0x00000006
core   0: 0x80005444 (0x00000013) nop
core   0: 3 0x80005444 (0x00000013)
core   0: 0x80005448 (0x40440333) sub     t1, s0, tp
core   0: 3 0x80005448 (0x40440333) x 6 0x7ffd4326
core   0: 0x8000544c (0x40418d33) sub     s10, gp, tp
core   0: 3 0x8000544c (0x40418d33) x26 0x7ffd42cb
core   0: 0x80005450 (0x019830b3) sltu    ra, a6, s9
core   0: 3 0x80005450 (0x019830b3) x 1 0x00000000
core   0: 0x80005454 (0x00e99b93) slli    s7, s3, 14
core   0: 3 0x80005454 (0x00e99b93) x23 0x3b270000
core   0: 0x80005458 (0x010a9d33) sll     s10, s5, a6
core   0: 3 0x80005458 (0x010a9d33) x26 0x09500000
core   0: 0x8000545c (0x41790533) sub     a0, s2, s7
core   0: 3 0x8000545c (0x41790533) x10 0xc4d90060
core   0: 0x80005460 (0x8dc67693) andi    a3, a2, -1828
core   0: 3 0x80005460 (0x8dc67693) x13 0xfffff894
core   0: 0x80005464 (0x40360cb3) sub     s9, a2, gp
core   0: 3 0x80005464 (0x40360cb3) x25 0xffffffe5
core   0: 0x80005468 (0xffb40413) addi    s0, s0, -5
core   0: 3 0x80005468 (0xffb40413) x 8 0x00000005
core   0: 0x8000546c (0x26d1e693) ori     a3, gp, 621
core   0: 3 0x8000546c (0x26d1e693) x13 0xffffffef
core   0: 0x80005470 (0x24603093) sltiu   ra, zero, 582
core   0: 3 0x80005470 (0x24603093) x 1 0x00000001
core   0: 0x80005474 (0x00ccd613) srli    a2, s9, 12
core   0: 3 0x80005474 (0x00ccd613) x12 0x000fffff
core   0: 0x80005478 (0x00cf7133) and     sp, t5, a2
core   0: 3 0x80005478 (0x00cf7133) x 2 0x0000000f
core   0: 0x8000547c (0xb7e7b493) sltiu   s1, a5, -1154
core   0: 3 0x8000547c (0xb7e7b493) x 9 0x00000000
core   0: 0x80005480 (0xa77f2f93) slti    t6, t5, -1417
core   0: 3 0x80005480 (0xa77f2f93) x31 0x00000000
core   0: 0x80005484 (0x01899633) sll     a2, s3, s8
core   0: 3 0x80005484 (0x01899633) x12 0x64e00000
core   0: 0x80005488 (0x00332333) slt     t1, t1, gp
core   0: 3 0x80005488 (0x00332333) x 6 0x00000000
core   0: 0x8000548c (0xfb147ce3) bgeu    s0, a7, pc - 72
core   0: 3 0x8000548c (0xfb147ce3)
core   0: 0x80005490 (0x007ad313) srli    t1, s5, 7
core   0: 3 0x80005490 (0x007ad313) x 6 0x00000001
core   0: 0x80005494 (0x00a00513) li      a0, 10
core   0: 3 0x80005494 (0x00a00513) x10 0x0000000a
core   0: 0x80005498 (0x00000493) li      s1, 0
core   0: 3 0x80005498 (0x00000493) x 9 0x00000000
core   0: 0x8000549c (0xae7b3093) sltiu   ra, s6, -1305
core   0: 3 0x8000549c (0xae7b3093) x 1 0x00000001
core   0: 0x800054a0 (0x40075717) auipc   a4, 0x40075
core   0: 3 0x800054a0 (0x40075717) x14 0xc007a4a0
core   0: 0x800054a4 (0xda050f93) addi    t6, a0, -608
core   0: 3 0x800054a4 (0xda050f93) x31 0xfffffdaa
core   0: 0x800054a8 (0xffe50513) addi    a0, a0, -2
core   0: 3 0x800054a8 (0xffe50513) x10 0x00000008
core   0: 0x800054ac (0x01ceda93) srli    s5, t4, 28
core   0: 3 0x800054ac (0x01ceda93) x21 0x00000008
core   0: 0x800054b0 (0x008c5133) srl     sp, s8, s0
core   0: 3 0x800054b0 (0x008c5133) x 2 0x00000002
core   0: 0x800054b4 (0xfe9506e3) beq     a0, s1, pc - 20
core   0: 3 0x800054b4 (0xfe9506e3)
core   0: 0x800054b8 (0x5d50e917) auipc   s2, 0x5d50e
core   0: 3 0x800054b8 (0x5d50e917) x18 0xdd5134b8
core   0: 0x800054bc (0x0000d117) auipc   sp, 0xd
core   0: 3 0x800054bc (0x0000d117) x 2 0x800124bc
core   0: 0x800054c0 (0x3ed10113) addi    sp, sp, 1005
core   0: 3 0x800054c0 (0x3ed10113) x 2 0x800128a9
core   0: 0x800054c4 (0x0071e833) or      a6, gp, t2
core   0: 3 0x800054c4 (0x0071e833) x16 0xffffffff
core   0: 0x800054c8 (0x4b03d837) lui     a6, 0x4b03d
core   0: 3 0x800054c8 (0x4b03d837) x16 0x4b03d000
core   0: 0x800054cc (0x16d3a193) slti    gp, t2, 365
core   0: 3 0x800054cc (0x16d3a193) x 3 0x00000001
core   0: 0x800054d0 (0x018c1033) sll     zero, s8, s8
core   0: 3 0x800054d0 (0x018c1033)
core   0: 0x800054d4 (0x00710803) lb      a6, 7(sp)
core   0: 3 0x800054d4 (0x00710803) x16 0x0000006b mem 0x800128b0
core   0: 0x800054d8 (0x00ec4733) xor     a4, s8, a4
core   0: 3 0x800054d8 (0x00ec4733) x14 0xc007a4f3
core   0: 0x800054dc (0x010c7733) and     a4, s8, a6
core   0: 3 0x800054dc (0x010c7733) x14 0x00000043
core   0: 0x800054e0 (0x6eb82013) slti    zero, a6, 1771
core   0: 3 0x800054e0 (0x6eb82013)
core   0: 0x800054e4 (0x00fc5c13) srli    s8, s8, 15
core   0: 3 0x800054e4 (0x00fc5c13) x24 0x00000000
core   0: 0x800054e8 (0x0003b3b3) sltu    t2, t2, zero
core   0: 3 0x800054e8 (0x0003b3b3) x 7 0x00000000
core   0: 0x800054ec (0xff514703) lbu     a4, -11(sp)
core   0: 3 0x800054ec (0xff514703) x14 0x00000055 mem 0x8001289e
core   0: 0x800054f0 (0xae83f013) andi    zero, t2, -1304
core   0: 3 0x800054f0 (0xae83f013)
core   0: 0x800054f4 (0x00f14003) lbu     zero, 15(sp)
core   0: 3 0x800054f4 (0x00f14003) mem 0x800128b8
core   0: 0x800054f8 (0x007031b3) snez    gp, t2
core   0: 3 0x800054f8 (0x007031b3) x 3 0x00000000
core   0: 0x800054fc (0x00000013) nop
core   0: 3 0x800054fc (0x00000013)
core   0: 0x80005500 (0xaa2b0737) lui     a4, 0xaa2b0
core   0: 3 0x80005500 (0xaa2b0737) x14 0xaa2b0000
core   0: 0x80005504 (0xff814003) lbu     zero, -8(sp)
core   0: 3 0x80005504 (0xff814003) mem 0x800128a1
core   0: 0x80005508 (0x3c574c13) xori    s8, a4, 965
core   0: 3 0x80005508 (0x3c574c13) x24 0xaa2b03c5
core   0: 0x8000550c (0xffc10183) lb      gp, -4(sp)
core   0: 3 0x8000550c (0xffc10183) x 3 0x0000005e mem 0x800128a5
core   0: 0x80005510 (0x003741b3) xor     gp, a4, gp
core   0: 3 0x80005510 (0x003741b3) x 3 0xaa2b005e
core   0: 0x80005514 (0xff410c03) lb      s8, -12(sp)
core   0: 3 0x80005514 (0xff410c03) x24 0x00000056 mem 0x8001289d
core   0: 0x80005518 (0x00114c03) lbu     s8, 1(sp)
core   0: 3 0x80005518 (0x00114c03) x24 0x000000f4 mem 0x800128aa
core   0: 0x8000551c (0xfe712da3) sw      t2, -5(sp)
core   0: 3 0x8000551c (0xfe712da3) mem 0x800128a4 0x00000000
core   0: 0x80005520 (0xff014183) lbu     gp, -16(sp)
core   0: 3 0x80005520 (0xff014183) x 3 0x0000008a mem 0x80012899
core   0: 0x80005524 (0x00210383) lb      t2, 2(sp)
core   0: 3 0x80005524 (0x00210383) x 7 0x00000060 mem 0x800128ab
core   0: 0x80005528 (0xff312003) lw      zero, -13(sp)
core   0: 3 0x80005528 (0xff312003) mem 0x8001289c
core   0: 0x8000552c (0xffa14703) lbu     a4, -6(sp)
core   0: 3 0x8000552c (0xffa14703) x14 0x00000058 mem 0x800128a3
core   0: 0x80005530 (0x41c05393) srai    t2, zero, 28
core   0: 3 0x80005530 (0x41c05393) x 7 0x00000000
core   0: 0x80005534 (0x32377813) andi    a6, a4, 803
core   0: 3 0x80005534 (0x32377813) x16 0x00000000
core   0: 0x80005538 (0x00000013) nop
core   0: 3 0x80005538 (0x00000013)
core   0: 0x8000553c (0xfe012da3) sw      zero, -5(sp)
core   0: 3 0x8000553c (0xfe012da3) mem 0x800128a4 0x00000000
core   0: 0x80005540 (0xc93c6713) ori     a4, s8, -877
core   0: 3 0x80005540 (0xc93c6713) x14 0xfffffcf7
core   0: 0x80005544 (0x003c5033) srl     zero, s8, gp
core   0: 3 0x80005544 (0x003c5033)
core   0: 0x80005548 (0x310cb717) auipc   a4, 0x310cb
core   0: 3 0x80005548 (0x310cb717) x14 0xb10d0548
core   0: 0x8000554c (0x003102a3) sb      gp, 5(sp)
core   0: 3 0x8000554c (0x003102a3) mem 0x800128ae 0x8a
core   0: 0x80005550 (0x0000100f) fence.i
core   0: 3 0x80005550 (0x0000100f)
core   0: 0x80005554 (0x00010723) sb      zero, 14(sp)
core   0: 3 0x80005554 (0x00010723) mem 0x800128b7 0x0
core   0: 0x80005558 (0x003723b3) slt     t2, a4, gp
core   0: 3 0x80005558 (0x003723b3) x 7 0x00000001
core   0: 0x8000555c (0x00810183) lb      gp, 8(sp)
core   0: 3 0x8000555c (0x00810183) x 3 0x0000006a mem 0x800128b1
core   0: 0x80005560 (0xff915383) lhu     t2, -7(sp)
core   0: 3 0x80005560 (0xff915383) x 7 0x00005859 mem 0x800128a2
core   0: 0x80005564 (0x00016317) auipc   t1, 0x16
core   0: 3 0x80005564 (0x00016317) x 6 0x8001b564
core   0: 0x80005568 (0x5fe30313) addi    t1, t1, 1534
core   0: 3 0x80005568 (0x5fe30313) x 6 0x8001bb62
core   0: 0x8000556c (0x07235c03) lhu     s8, 114(t1)
core   0: 3 0x8000556c (0x07235c03) x24 0x00008e8f mem 0x8001bbd4
core   0: 0x80005570 (0x2f97aa93) slti    s5, a5, 761
core   0: 3 0x80005570 (0x2f97aa93) x21 0x00000001
core   0: 0x80005574 (0x44235b83) lhu     s7, 1090(t1)
core   0: 3 0x80005574 (0x44235b83) x23 0x00005e5f mem 0x8001bfa4
core   0: 0x80005578 (0x0107afb3) slt     t6, a5, a6
core   0: 3 0x80005578 (0x0107afb3) x31 0x00000001
core   0: 0x8000557c (0xe297cc93) xori    s9, a5, -471
core   0: 3 0x8000557c (0xe297cc93) x25 0x000001f7
core   0: 0x80005580 (0x9c431b23) sh      tp, -1578(t1)
core   0: 3 0x80005580 (0x9c431b23) mem 0x8001b538 0xbce4
core   0: 0x80005584 (0xe9835603) lhu     a2, -360(t1)
core   0: 3 0x80005584 (0xe9835603) x12 0x0000b0b1 mem 0x8001b9fa
core   0: 0x80005588 (0x743c7c13) andi    s8, s8, 1859
core   0: 3 0x80005588 (0x743c7c13) x24 0x00000603
core   0: 0x8000558c (0xa15302a3) sb      s5, -1531(t1)
core   0: 3 0x8000558c (0xa15302a3) mem 0x8001b567 0x1
core   0: 0x80005590 (0xc1f30003) lb      zero, -993(t1)
core   0: 3 0x80005590 (0xc1f30003) mem 0x8001b781
core   0: 0x80005594 (0x832300a3) sb      s2, -2015(t1)
core   0: 3 0x80005594 (0x832300a3) mem 0x8001b383 0xb8
core   0: 0x80005598 (0x42530d23) sb      t0, 1082(t1)
core   0: 3 0x80005598 (0x42530d23) mem 0x8001bf9c 0x65
core   0: 0x8000559c (0xde230223) sb      sp, -540(t1)
core   0: 3 0x8000559c (0xde230223) mem 0x8001b946 0xa9
core   0: 0x800055a0 (0x76232903) lw      s2, 1890(t1)
core   0: 3 0x800055a0 (0x76232903) x18 0x7c7d7e7f mem 0x8001c2c4
core   0: 0x800055a4 (0x8bf34d83) lbu     s11, -1857(t1)
core   0: 3 0x800055a4 (0x8bf34d83) x27 0x000000da mem 0x8001b421
core   0: 0x800055a8 (0x4b230f83) lb      t6, 1202(t1)
core   0: 3 0x800055a8 (0x4b230f83) x31 0xffffffcf mem 0x8001c014
core   0: 0x800055ac (0x56d30e83) lb      t4, 1389(t1)
core   0: 3 0x800055ac (0x56d30e83) x29 0xffffff84 mem 0x8001c0cf
core   0: 0x800055b0 (0x53b34703) lbu     a4, 1339(t1)
core   0: 3 0x800055b0 (0x53b34703) x14 0x00000056 mem 0x8001c09d
core   0: 0x800055b4 (0x0062e833) or      a6, t0, t1
core   0: 3 0x800055b4 (0x0062e833) x16 0x819bbb67
core   0: 0x800055b8 (0xa8f30903) lb      s2, -1393(t1)
core   0: 3 0x800055b8 (0xa8f30903) x18 0xffffffaa mem 0x8001b5f1
core   0: 0x800055bc (0x410fd933) sra     s2, t6, a6
core   0: 3 0x800055bc (0x410fd933) x18 0xffffffff
core   0: 0x800055c0 (0xb4a35d83) lhu     s11, -1206(t1)
core   0: 3 0x800055c0 (0xb4a35d83) x27 0x00006667 mem 0x8001b6ac
core   0: 0x800055c4 (0x51030503) lb      a0, 1296(t1)
core   0: 3 0x800055c4 (0x51030503) x10 0x00000029 mem 0x8001c072
core   0: 0x800055c8 (0x02030703) lb      a4, 32(t1)
core   0: 3 0x800055c8 (0x02030703) x14 0x00000039 mem 0x8001bb82
core   0: 0x800055cc (0x80830a23) sb      s0, -2028(t1)
core   0: 3 0x800055cc (0x80830a23) mem 0x8001b376 0x5
core   0: 0x800055d0 (0x22330803) lb      a6, 547(t1)
core   0: 3 0x800055d0 (0x22330803) x16 0x0000003e mem 0x8001bd85
core   0: 0x800055d4 (0x12430aa3) sb      tp, 309(t1)
core   0: 3 0x800055d4 (0x12430aa3) mem 0x8001bc97 0xe4
core   0: 0x800055d8 (0xc44300a3) sb      tp, -959(t1)
core   0: 3 0x800055d8 (0xc44300a3) mem 0x8001b7a3 0xe4
core   0: 0x800055dc (0x0ff0000f) fence   iorw,iorw
core   0: 3 0x800055dc (0x0ff0000f)
core   0: 0x800055e0 (0xfde35c83) lhu     s9, -34(t1)
core   0: 3 0x800055e0 (0xfde35c83) x25 0x0000fafb mem 0x8001bb40
core   0: 0x800055e4 (0x013cc0b3) xor     ra, s9, s3
core   0: 3 0x800055e4 (0x013cc0b3) x 1 0xfe641667
core   0: 0x800055e8 (0xaa1fa293) slti    t0, t6, -1375
core   0: 3 0x800055e8 (0xaa1fa293) x 5 0x00000000
core   0: 0x800055ec (0x67261b97) auipc   s7, 0x67261
core   0: 3 0x800055ec (0x67261b97) x23 0xe72665ec
core   0: 0x800055f0 (0x400500b3) sub     ra, a0, zero
core   0: 3 0x800055f0 (0x400500b3) x 1 0x00000029
core   0: 0x800055f4 (0x8c930c83) lb      s9, -1847(t1)
core   0: 3 0x800055f4 (0x8c930c83) x25 0xffffffe0 mem 0x8001b42b
core   0: 0x800055f8 (0x49d32723) sw      t4, 1166(t1)
core   0: 3 0x800055f8 (0x49d32723) mem 0x8001bff0 0xffffff84
core   0: 0x800055fc (0x0001da33) srl     s4, gp, zero
core   0: 3 0x800055fc (0x0001da33) x20 0x0000006a
core   0: 0x80005600 (0xbbb30d83) lb      s11, -1093(t1)
core   0: 3 0x80005600 (0xbbb30d83) x27 0xffffffd6 mem 0x8001b71d
core   0: 0x80005604 (0xd3e31f83) lh      t6, -706(t1)
core   0: 3 0x80005604 (0xd3e31f83) x31 0x00005a5b mem 0x8001b8a0
core   0: 0x80005608 (0x16534383) lbu     t2, 357(t1)
core   0: 3 0x80005608 (0x16534383) x 7 0x0000007c mem 0x8001bcc7
core   0: 0x8000560c (0x3e834e03) lbu     t3, 1000(t1)
core   0: 3 0x8000560c (0x3e834e03) x28 0x00000001 mem 0x8001bf4a
core   0: 0x80005610 (0x414f5f13) srai    t5, t5, 20
core   0: 3 0x80005610 (0x414f5f13) x30 0x00000000
core   0: 0x80005614 (0xeaa32e83) lw      t4, -342(t1)
core   0: 3 0x80005614 (0xeaa32e83) x29 0xc4c5c6c7 mem 0x8001ba0c
core   0: 0x80005618 (0x0180036f) jal     t1, pc + 0x18
core   0: 3 0x80005618 (0x0180036f) x 6 0x8000561c
core   0: 0x80005630 (0x004000ef) jal     pc + 0x4
core   0: 3 0x80005630 (0x004000ef) x 1 0x80005634
core   0: 0x80005634 (0x01c0036f) jal     t1, pc + 0x1c
core   0: 3 0x80005634 (0x01c0036f) x 6 0x80005638
core   0: 0x80005650 (0xff5ff56f) jal     a0, pc - 0xc
core   0: 3 0x80005650 (0xff5ff56f) x10 0x80005654
core   0: 0x80005644 (0x008000ef) jal     pc + 0x8
core   0: 3 0x80005644 (0x008000ef) x 1 0x80005648
core   0: 0x8000564c (0xfddff7ef) jal     a5, pc - 0x24
core   0: 3 0x8000564c (0xfddff7ef) x15 0x80005650
core   0: 0x80005628 (0x02000fef) jal     t6, pc + 0x20
core   0: 3 0x80005628 (0x02000fef) x31 0x8000562c
core   0: 0x80005648 (0xfd9ff36f) jal     t1, pc - 0x28
core   0: 3 0x80005648 (0xfd9ff36f) x 6 0x8000564c
core   0: 0x80005620 (0x00c000ef) jal     pc + 0xc
core   0: 3 0x80005620 (0x00c000ef) x 1 0x80005624
core   0: 0x8000562c (0x01400aef) jal     s5, pc + 0x14
core   0: 3 0x8000562c (0x01400aef) x21 0x80005630
core   0: 0x80005640 (0xffdff0ef) jal     pc - 0x4
core   0: 3 0x80005640 (0xffdff0ef) x 1 0x80005644
core   0: 0x8000563c (0x01c000ef) jal     pc + 0x1c
core   0: 3 0x8000563c (0x01c000ef) x 1 0x80005640
core   0: 0x80005658 (0xfe1ff0ef) jal     pc - 0x20
core   0: 3 0x80005658 (0xfe1ff0ef) x 1 0x8000565c
core   0: 0x80005638 (0xfedffcef) jal     s9, pc - 0x14
core   0: 3 0x80005638 (0xfedffcef) x25 0x8000563c
core   0: 0x80005624 (0x030000ef) jal     pc + 0x30
core   0: 3 0x80005624 (0x030000ef) x 1 0x80005628
core   0: 0x80005654 (0xfc9ff0ef) jal     pc - 0x38
core   0: 3 0x80005654 (0xfc9ff0ef) x 1 0x80005658
core   0: 0x8000561c (0x040000ef) jal     pc + 0x40
core   0: 3 0x8000561c (0x040000ef) x 1 0x80005620
core   0: 0x8000565c (0x40140133) sub     sp, s0, ra
core   0: 3 0x8000565c (0x40140133) x 2 0x7fffa9e5
core   0: 0x80005660 (0x0000d297) auipc   t0, 0xd
core   0: 3 0x80005660 (0x0000d297) x 5 0x80012660
core   0: 0x80005664 (0x63528293) addi    t0, t0, 1589
core   0: 3 0x80005664 (0x63528293) x 5 0x80012c95
core   0: 0x80005668 (0x4087d433) sra     s0, a5, s0
core   0: 3 0x80005668 (0x4087d433) x 8 0xfc0002b2
core   0: 0x8000566c (0x40585813) srai    a6, a6, 5
core   0: 3 0x8000566c (0x40585813) x16 0x00000001
core   0: 0x80005670 (0x00b19813) slli    a6, gp, 11
core   0: 3 0x80005670 (0x00b19813) x16 0x00035000
core   0: 0x80005674 (0x0ff0000f) fence   iorw,iorw
core   0: 3 0x80005674 (0x0ff0000f)
core   0: 0x80005678 (0x0ff0000f) fence   iorw,iorw
core   0: 3 0x80005678 (0x0ff0000f)
core   0: 0x8000567c (0x00842c33) slt     s8, s0, s0
core   0: 3 0x8000567c (0x00842c33) x24 0x00000000
core   0: 0x80005680 (0x01828123) sb      s8, 2(t0)
core   0: 3 0x80005680 (0x01828123) mem 0x80012c97 0x0
core   0: 0x80005684 (0x00885833) srl     a6, a6, s0
core   0: 3 0x80005684 (0x00885833) x16 0x00000000
core   0: 0x80005688 (0x00828223) sb      s0, 4(t0)
core   0: 3 0x80005688 (0x00828223) mem 0x80012c99 0xb2
core   0: 0x8000568c (0xff028183) lb      gp, -16(t0)
core   0: 3 0x8000568c (0xff028183) x 3 0x0000003e mem 0x80012c85
core   0: 0x80005690 (0x0ff0000f) fence   iorw,iorw
core   0: 3 0x80005690 (0x0ff0000f)
core   0: 0x80005694 (0x4101d813) srai    a6, gp, 16
core   0: 3 0x80005694 (0x4101d813) x16 0x00000000
core   0: 0x80005698 (0xff628403) lb      s0, -10(t0)
core   0: 3 0x80005698 (0xff628403) x 8 0x00000040 mem 0x80012c8b
core   0: 0x8000569c (0x1e640793) addi    a5, s0, 486
core   0: 3 0x8000569c (0x1e640793) x15 0x00000226
core   0: 0x800056a0 (0xff028ca3) sb      a6, -7(t0)
core   0: 3 0x800056a0 (0xff028ca3) mem 0x80012c8e 0x0
core   0: 0x800056a4 (0x0000100f) fence.i
core   0: 3 0x800056a4 (0x0000100f)
core   0: 0x800056a8 (0x00728783) lb      a5, 7(t0)
core   0: 3 0x800056a8 (0x00728783) x15 0x00000057 mem 0x80012c9c
core   0: 0x800056ac (0xfff2d683) lhu     a3, -1(t0)
core   0: 3 0x800056ac (0xfff2d683) x13 0x00004e4f mem 0x80012c94
core   0: 0x800056b0 (0xff829fa3) sh      s8, -1(t0)
core   0: 3 0x800056b0 (0xff829fa3) mem 0x80012c94 0x0000
core   0: 0x800056b4 (0x00419193) slli    gp, gp, 4
core   0: 3 0x800056b4 (0x00419193) x 3 0x000003e0
core   0: 0x800056b8 (0x00f29183) lh      gp, 15(t0)
core   0: 3 0x800056b8 (0x00f29183) x 3 0x00005e5f mem 0x80012ca4
core   0: 0x800056bc (0x2e943c13) sltiu   s8, s0, 745
core   0: 3 0x800056bc (0x2e943c13) x24 0x00000001
core   0: 0x800056c0 (0xfef28d23) sb      a5, -6(t0)
core   0: 3 0x800056c0 (0xfef28d23) mem 0x80012c8f 0x57
core   0: 0x800056c4 (0xff700c93) li      s9, -9
core   0: 3 0x800056c4 (0xff700c93) x25 0xfffffff7
core   0: 0x800056c8 (0x41178497) auipc   s1, 0x41178
core   0: 3 0x800056c8 (0x41178497) x 9 0xc117d6c8
core   0: 0x800056cc (0xfee00c13) li      s8, -18
core   0: 3 0x800056cc (0xfee00c13) x24 0xffffffee
core   0: 0x800056d0 (0x01031733) sll     a4, t1, a6
core   0: 3 0x800056d0 (0x01031733) x14 0x8000564c
core   0: 0x800056d4 (0x40a05793) srai    a5, zero, 10
core   0: 3 0x800056d4 (0x40a05793) x15 0x00000000
core   0: 0x800056d8 (0x7738e793) ori     a5, a7, 1907
core   0: 3 0x800056d8 (0x7738e793) x15 0x00000777
core   0: 0x800056dc (0x01ba2933) slt     s2, s4, s11
core   0: 3 0x800056dc (0x01ba2933) x18 0x00000000
core   0: 0x800056e0 (0x0ff0000f) fence   iorw,iorw
core   0: 3 0x800056e0 (0x0ff0000f)
core   0: 0x800056e4 (0x0000100f) fence.i
core   0: 3 0x800056e4 (0x0000100f)
core   0: 0x800056e8 (0x0198ddb3) srl     s11, a7, s9
core   0: 3 0x800056e8 (0x0198ddb3) x27 0x00000000
core   0: 0x800056ec (0x00000013) nop
core   0: 3 0x800056ec (0x00000013)
core   0: 0x800056f0 (0x092b3413) sltiu   s0, s6, 146
core   0: 3 0x800056f0 (0x092b3413) x 8 0x00000000
core   0: 0x800056f4 (0x41098db3) sub     s11, s3, a6
core   0: 3 0x800056f4 (0x41098db3) x27 0xfe64ec9c
core   0: 0x800056f8 (0xa3a8e913) ori     s2, a7, -1478
core   0: 3 0x800056f8 (0xa3a8e913) x18 0xfffffa3e
core   0: 0x800056fc (0x01e192b3) sll     t0, gp, t5
core   0: 3 0x800056fc (0x01e192b3) x 5 0x00005e5f
core   0: 0x80005700 (0x0176d4b3) srl     s1, a3, s7
core   0: 3 0x80005700 (0x0176d4b3) x 9 0x00000004
core   0: 0x80005704 (0x0158d5b3) srl     a1, a7, s5
core   0: 3 0x80005704 (0x0158d5b3) x11 0x00000000
core   0: 0x80005708 (0x41a75d93) srai    s11, a4, 26
core   0: 3 0x80005708 (0x41a75d93) x27 0xffffffe0
core   0: 0x8000570c (0x01aea633) slt     a2, t4, s10
core   0: 3 0x8000570c (0x01aea633) x12 0x00000001
core   0: 0x80005710 (0x0000100f) fence.i
core   0: 3 0x80005710 (0x0000100f)
core   0: 0x80005714 (0x0000100f) fence.i
core   0: 3 0x80005714 (0x0000100f)
core   0: 0x80005718 (0xffdc8c93) addi    s9, s9, -3
core   0: 3 0x80005718 (0xffdc8c93) x25 0xfffffff4
core   0: 0x8000571c (0x5e637a13) andi    s4, t1, 1510
core   0: 3 0x8000571c (0x5e637a13) x20 0x00000444
core   0: 0x80005720 (0x40155d93) srai    s11, a0, 1
core   0: 3 0x80005720 (0x40155d93) x27 0xc0002b2a
core   0: 0x80005724 (0x00be9093) slli    ra, t4, 11
core   0: 3 0x80005724 (0x00be9093) x 1 0x2e363800
core   0: 0x80005728 (0x9b58b793) sltiu   a5, a7, -1611
core   0: 3 0x80005728 (0x9b58b793) x15 0x00000001
core   0: 0x8000572c (0x047f6e13) ori     t3, t5, 71
core   0: 3 0x8000572c (0x047f6e13) x28 0x00000047
core   0: 0x80005730 (0xfd8c94e3) bne     s9, s8, pc - 56
core   0: 3 0x80005730 (0xfd8c94e3)
core   0: 0x800056f8 (0xa3a8e913) ori     s2, a7, -1478
core   0: 3 0x800056f8 (0xa3a8e913) x18 0xfffffa3e
core   0: 0x800056fc (0x01e192b3) sll     t0, gp, t5
core   0: 3 0x800056fc (0x01e192b3) x 5 0x00005e5f
core   0: 0x80005700 (0x0176d4b3) srl     s1, a3, s7
core   0: 3 0x80005700 (0x0176d4b3) x 9 0x00000004
core   0: 0x80005704 (0x0158d5b3) srl     a1, a7, s5
core   0: 3 0x80005704 (0x0158d5b3) x11 0x00000000
core   0: 0x80005708 (0x41a75d93) srai    s11, a4, 26
core   0: 3 0x80005708 (0x41a75d93) x27 0xffffffe0
core   0: 0x8000570c (0x01aea633) slt     a2, t4, s10
core   0: 3 0x8000570c (0x01aea633) x12 0x00000001
core   0: 0x80005710 (0x0000100f) fence.i
core   0: 3 0x80005710 (0x0000100f)
core   0: 0x80005714 (0x0000100f) fence.i
core   0: 3 0x80005714 (0x0000100f)
core   0: 0x80005718 (0xffdc8c93) addi    s9, s9, -3
core   0: 3 0x80005718 (0xffdc8c93) x25 0xfffffff1
core   0: 0x8000571c (0x5e637a13) andi    s4, t1, 1510
core   0: 3 0x8000571c (0x5e637a13) x20 0x00000444
core   0: 0x80005720 (0x40155d93) srai    s11, a0, 1
core   0: 3 0x80005720 (0x40155d93) x27 0xc0002b2a
core   0: 0x80005724 (0x00be9093) slli    ra, t4, 11
core   0: 3 0x80005724 (0x00be9093) x 1 0x2e363800
core   0: 0x80005728 (0x9b58b793) sltiu   a5, a7, -1611
core   0: 3 0x80005728 (0x9b58b793) x15 0x00000001
core   0: 0x8000572c (0x047f6e13) ori     t3, t5, 71
core   0: 3 0x8000572c (0x047f6e13) x28 0x00000047
core   0: 0x80005730 (0xfd8c94e3) bne     s9, s8, pc - 56
core   0: 3 0x80005730 (0xfd8c94e3)
core   0: 0x800056f8 (0xa3a8e913) ori     s2, a7, -1478
core   0: 3 0x800056f8 (0xa3a8e913) x18 0xfffffa3e
core   0: 0x800056fc (0x01e192b3) sll     t0, gp, t5
core   0: 3 0x800056fc (0x01e192b3) x 5 0x00005e5f
core   0: 0x80005700 (0x0176d4b3) srl     s1, a3, s7
core   0: 3 0x80005700 (0x0176d4b3) x 9 0x00000004
core   0: 0x80005704 (0x0158d5b3) srl     a1, a7, s5
core   0: 3 0x80005704 (0x0158d5b3) x11 0x00000000
core   0: 0x80005708 (0x41a75d93) srai    s11, a4, 26
core   0: 3 0x80005708 (0x41a75d93) x27 0xffffffe0
core   0: 0x8000570c (0x01aea633) slt     a2, t4, s10
core   0: 3 0x8000570c (0x01aea633) x12 0x00000001
core   0: 0x80005710 (0x0000100f) fence.i
core   0: 3 0x80005710 (0x0000100f)
core   0: 0x80005714 (0x0000100f) fence.i
core   0: 3 0x80005714 (0x0000100f)
core   0: 0x80005718 (0xffdc8c93) addi    s9, s9, -3
core   0: 3 0x80005718 (0xffdc8c93) x25 0xffffffee
core   0: 0x8000571c (0x5e637a13) andi    s4, t1, 1510
core   0: 3 0x8000571c (0x5e637a13) x20 0x00000444
core   0: 0x80005720 (0x40155d93) srai    s11, a0, 1
core   0: 3 0x80005720 (0x40155d93) x27 0xc0002b2a
core   0: 0x80005724 (0x00be9093) slli    ra, t4, 11
core   0: 3 0x80005724 (0x00be9093) x 1 0x2e363800
core   0: 0x80005728 (0x9b58b793) sltiu   a5, a7, -1611
core   0: 3 0x80005728 (0x9b58b793) x15 0x00000001
core   0: 0x8000572c (0x047f6e13) ori     t3, t5, 71
core   0: 3 0x8000572c (0x047f6e13) x28 0x00000047
core   0: 0x80005730 (0xfd8c94e3) bne     s9, s8, pc - 56
core   0: 3 0x80005730 (0xfd8c94e3)
core   0: 0x80005734 (0x41b1dd13) srai    s10, gp, 27
core   0: 3 0x80005734 (0x41b1dd13) x26 0x00000000
core   0: 0x80005738 (0xffd00893) li      a7, -3
core   0: 3 0x80005738 (0xffd00893) x17 0xfffffffd
core   0: 0x8000573c (0x00688833) add     a6, a7, t1
core   0: 3 0x8000573c (0x00688833) x16 0x80005649
core   0: 0x80005740 (0x407cdfb3) sra     t6, s9, t2
core   0: 3 0x80005740 (0x407cdfb3) x31 0xffffffff
core   0: 0x80005744 (0x005fccb3) xor     s9, t6, t0
core   0: 3 0x80005744 (0x005fccb3) x25 0xffffa1a0
core   0: 0x80005748 (0xd1afc797) auipc   a5, 0xd1afc
core   0: 3 0x80005748 (0xd1afc797) x15 0x51b01748
core   0: 0x8000574c (0x15a0ff13) andi    t5, ra, 346
core   0: 3 0x8000574c (0x15a0ff13) x30 0x00000000
core   0: 0x80005750 (0x0157b1b3) sltu    gp, a5, s5
core   0: 3 0x80005750 (0x0157b1b3) x 3 0x00000001
core   0: 0x80005754 (0x019fe7b3) or      a5, t6, s9
core   0: 3 0x80005754 (0x019fe7b3) x15 0xffffffff
core   0: 0x80005758 (0x01400c13) li      s8, 20
core   0: 3 0x80005758 (0x01400c13) x24 0x00000014
core   0: 0x8000575c (0x011b1f13) slli    t5, s6, 17
core   0: 3 0x8000575c (0x011b1f13) x30 0xfcc80000
core   0: 0x80005760 (0x00521f93) slli    t6, tp, 5
core   0: 3 0x80005760 (0x00521f93) x31 0x00579c80
core   0: 0x80005764 (0x01f2c6b3) xor     a3, t0, t6
core   0: 3 0x80005764 (0x01f2c6b3) x13 0x0057c2df
core   0: 0x80005768 (0x0000100f) fence.i
core   0: 3 0x80005768 (0x0000100f)
core   0: 0x8000576c (0x00229833) sll     a6, t0, sp
core   0: 3 0x8000576c (0x00229833) x16 0x000bcbe0
core   0: 0x80005770 (0x00188893) addi    a7, a7, 1
core   0: 3 0x80005770 (0x00188893) x17 0xfffffffe
core   0: 0x80005774 (0x0060f2b3) and     t0, ra, t1
core   0: 3 0x80005774 (0x0060f2b3) x 5 0x00001000
core   0: 0x80005778 (0x0ff0000f) fence   iorw,iorw
core   0: 3 0x80005778 (0x0ff0000f)
core   0: 0x8000577c (0x0ff0000f) fence   iorw,iorw
core   0: 3 0x8000577c (0x0ff0000f)
core   0: 0x80005780 (0xf2787e17) auipc   t3, 0xf2787
core   0: 3 0x80005780 (0xf2787e17) x28 0x7278c780
core   0: 0x80005784 (0x00000013) nop
core   0: 3 0x80005784 (0x00000013)
core   0: 0x80005788 (0xfd888ee3) beq     a7, s8, pc - 36
core   0: 3 0x80005788 (0xfd888ee3)
core   0: 0x8000578c (0x0000100f) fence.i
core   0: 3 0x8000578c (0x0000100f)
core   0: 0x80005790 (0x01cd7463) bgeu    s10, t3, pc + 8
core   0: 3 0x80005790 (0x01cd7463)
core   0: 0x80005794 (0x52e14337) lui     t1, 0x52e14
core   0: 3 0x80005794 (0x52e14337) x 6 0x52e14000
core   0: 0x80005798 (0x05ec8663) beq     s9, t5, pc + 76
core   0: 3 0x80005798 (0x05ec8663)
core   0: 0x8000579c (0x0180d593) srli    a1, ra, 24
core   0: 3 0x8000579c (0x0180d593) x11 0x0000002e
core   0: 0x800057a0 (0x73a2c493) xori    s1, t0, 1850
core   0: 3 0x800057a0 (0x73a2c493) x 9 0x0000173a
core   0: 0x800057a4 (0x00e4e033) or      zero, s1, a4
core   0: 3 0x800057a4 (0x00e4e033)
core   0: 0x800057a8 (0x40de0033) sub     zero, t3, a3
core   0: 3 0x800057a8 (0x40de0033)
core   0: 0x800057ac (0x02bcc063) blt     s9, a1, pc + 32
core   0: 3 0x800057ac (0x02bcc063)
core   0: 0x800057cc (0x0000100f) fence.i
core   0: 3 0x800057cc (0x0000100f)
core   0: 0x800057d0 (0x83632813) slti    a6, t1, -1994
core   0: 3 0x800057d0 (0x83632813) x16 0x00000000
core   0: 0x800057d4 (0xb2622f37) lui     t5, 0xb2622
core   0: 3 0x800057d4 (0xb2622f37) x30 0xb2622000
core   0: 0x800057d8 (0x40a08db3) sub     s11, ra, a0
core   0: 3 0x800057d8 (0x40a08db3) x27 0xae35e1ac
core   0: 0x800057dc (0x40da8133) sub     sp, s5, a3
core   0: 3 0x800057dc (0x40da8133) x 2 0x7fa89351
core   0: 0x800057e0 (0x3c1385b7) lui     a1, 0x3c138
core   0: 3 0x800057e0 (0x3c1385b7) x11 0x3c138000
core   0: 0x800057e4 (0x01143333) sltu    t1, s0, a7
core   0: 3 0x800057e4 (0x01143333) x 6 0x00000001
core   0: 0x800057e8 (0x0ff0000f) fence   iorw,iorw
core   0: 3 0x800057e8 (0x0ff0000f)
core   0: 0x800057ec (0x996a0c93) addi    s9, s4, -1642
core   0: 3 0x800057ec (0x996a0c93) x25 0xfffffdda
core   0: 0x800057f0 (0x0ff0000f) fence   iorw,iorw
core   0: 3 0x800057f0 (0x0ff0000f)
core   0: 0x800057f4 (0x017a3733) sltu    a4, s4, s7
core   0: 3 0x800057f4 (0x017a3733) x14 0x00000001
core   0: 0x800057f8 (0x01065f33) srl     t5, a2, a6
core   0: 3 0x800057f8 (0x01065f33) x30 0x00000001
core   0: 0x800057fc (0x5feaed13) ori     s10, s5, 1534
core   0: 3 0x800057fc (0x5feaed13) x26 0x800057fe
core   0: 0x80005800 (0x41ad80b3) sub     ra, s11, s10
core   0: 3 0x80005800 (0x41ad80b3) x 1 0x2e3589ae
core   0: 0x80005804 (0x0109d663) bge     s3, a6, pc + 12
core   0: 3 0x80005804 (0x0109d663)
core   0: 0x80005808 (0x0092e733) or      a4, t0, s1
core   0: 3 0x80005808 (0x0092e733) x14 0x0000173a
core   0: 0x8000580c (0x05048263) beq     s1, a6, pc + 68
core   0: 3 0x8000580c (0x05048263)
core   0: 0x80005810 (0x4077deb3) sra     t4, a5, t2
core   0: 3 0x80005810 (0x4077deb3) x29 0xffffffff
core   0: 0x80005814 (0x05edf663) bgeu    s11, t5, pc + 76
core   0: 3 0x80005814 (0x05edf663)
core   0: 0x80005860 (0x41cf5593) srai    a1, t5, 28
core   0: 3 0x80005860 (0x41cf5593) x11 0x00000000
core   0: 0x80005864 (0x00ad1e93) slli    t4, s10, 10
core   0: 3 0x80005864 (0x00ad1e93) x29 0x015ff800
core   0: 0x80005868 (0x001b7463) bgeu    s6, ra, pc + 8
core   0: 3 0x80005868 (0x001b7463)
core   0: 0x80005870 (0x00000013) nop
core   0: 3 0x80005870 (0x00000013)
core   0: 0x80005874 (0x00000013) nop
core   0: 3 0x80005874 (0x00000013)
core   0: 0x80005878 (0x00751333) sll     t1, a0, t2
core   0: 3 0x80005878 (0x00751333) x 6 0x40000000
core   0: 0x8000587c (0x011a4533) xor     a0, s4, a7
core   0: 3 0x8000587c (0x011a4533) x10 0xfffffbba
core   0: 0x80005880 (0x00d75313) srli    t1, a4, 13
core   0: 3 0x80005880 (0x00d75313) x 6 0x00000000
core   0: 0x80005884 (0x5f4b6693) ori     a3, s6, 1524
core   0: 3 0x80005884 (0x5f4b6693) x13 0x80027ff4
core   0: 0x80005888 (0x01833533) sltu    a0, t1, s8
core   0: 3 0x80005888 (0x01833533) x10 0x00000001
core   0: 0x8000588c (0x04275863) bge     a4, sp, pc + 80
core   0: 3 0x8000588c (0x04275863)
core   0: 0x80005890 (0x032f3e13) sltiu   t3, t5, 50
core   0: 3 0x80005890 (0x032f3e13) x28 0x00000001
core   0: 0x80005894 (0x01b9b1b3) sltu    gp, s3, s11
core   0: 3 0x80005894 (0x01b9b1b3) x 3 0x00000000
core   0: 0x80005898 (0x0000100f) fence.i
core   0: 3 0x80005898 (0x0000100f)
core   0: 0x8000589c (0x01bc8463) beq     s9, s11, pc + 8
core   0: 3 0x8000589c (0x01bc8463)
core   0: 0x800058a0 (0x39162937) lui     s2, 0x39162
core   0: 3 0x800058a0 (0x39162937) x18 0x39162000
core   0: 0x800058a4 (0x0000100f) fence.i
core   0: 3 0x800058a4 (0x0000100f)
core   0: 0x800058a8 (0x3d61f913) andi    s2, gp, 982
core   0: 3 0x800058a8 (0x3d61f913) x18 0x00000000
core   0: 0x800058ac (0x005128b3) slt     a7, sp, t0
core   0: 3 0x800058ac (0x005128b3) x17 0x00000000
core   0: 0x800058b0 (0x93e1cc37) lui     s8, 0x93e1c
core   0: 3 0x800058b0 (0x93e1cc37) x24 0x93e1c000
core   0: 0x800058b4 (0x05967063) bgeu    a2, s9, pc + 64
core   0: 3 0x800058b4 (0x05967063)
core   0: 0x800058b8 (0x00b7e333) or      t1, a5, a1
core   0: 3 0x800058b8 (0x00b7e333) x 6 0xffffffff
core   0: 0x800058bc (0x00227733) and     a4, tp, sp
core   0: 3 0x800058bc (0x00227733) x14 0x00009040
core   0: 0x800058c0 (0x4090d913) srai    s2, ra, 9
core   0: 3 0x800058c0 (0x4090d913) x18 0x00171ac4
core   0: 0x800058c4 (0x02b60663) beq     a2, a1, pc + 44
core   0: 3 0x800058c4 (0x02b60663)
core   0: 0x800058c8 (0x418cd313) srai    t1, s9, 24
core   0: 3 0x800058c8 (0x418cd313) x 6 0xffffffff
core   0: 0x800058cc (0x8535c193) xori    gp, a1, -1965
core   0: 3 0x800058cc (0x8535c193) x 3 0xfffff853
core   0: 0x800058d0 (0x01aed1b3) srl     gp, t4, s10
core   0: 3 0x800058d0 (0x01aed1b3) x 3 0x00000000
core   0: 0x800058d4 (0xfd8fe413) ori     s0, t6, -40
core   0: 3 0x800058d4 (0xfd8fe413) x 8 0xffffffd8
core   0: 0x800058d8 (0x4163dd13) srai    s10, t2, 22
core   0: 3 0x800058d8 (0x4163dd13) x26 0x00000000
core   0: 0x800058dc (0x41fa5793) srai    a5, s4, 31
core   0: 3 0x800058dc (0x41fa5793) x15 0x00000000
core   0: 0x800058e0 (0x00000013) nop
core   0: 3 0x800058e0 (0x00000013)
core   0: 0x800058e4 (0x01da9ab3) sll     s5, s5, t4
core   0: 3 0x800058e4 (0x01da9ab3) x21 0x80005630
core   0: 0x800058e8 (0x01556e63) bltu    a0, s5, pc + 28
core   0: 3 0x800058e8 (0x01556e63)
core   0: 0x80005904 (0x414f0533) sub     a0, t5, s4
core   0: 3 0x80005904 (0x414f0533) x10 0xfffffbbd
core   0: 0x80005908 (0x01b796b3) sll     a3, a5, s11
core   0: 3 0x80005908 (0x01b796b3) x13 0x00000000
core   0: 0x8000590c (0x413fd8b3) sra     a7, t6, s3
core   0: 3 0x8000590c (0x413fd8b3) x17 0x00000000
core   0: 0x80005910 (0x00081413) slli    s0, a6, 0
core   0: 3 0x80005910 (0x00081413) x 8 0x00000000
core   0: 0x80005914 (0xfec5aa37) lui     s4, 0xfec5a
core   0: 3 0x80005914 (0xfec5aa37) x20 0xfec5a000
core   0: 0x80005918 (0xab080813) addi    a6, a6, -1360
core   0: 3 0x80005918 (0xab080813) x16 0xfffffab0
core   0: 0x8000591c (0x41b253b3) sra     t2, tp, s11
core   0: 3 0x8000591c (0x41b253b3) x 7 0xfff8002b
core   0: 0x80005920 (0x02ad7263) bgeu    s10, a0, pc + 36
core   0: 3 0x80005920 (0x02ad7263)
core   0: 0x80005924 (0x007fd0b3) srl     ra, t6, t2
core   0: 3 0x80005924 (0x007fd0b3) x 1 0x00000af3
core   0: 0x80005928 (0x02da8063) beq     s5, a3, pc + 32
core   0: 3 0x80005928 (0x02da8063)
core   0: 0x8000592c (0x005a0133) add     sp, s4, t0
core   0: 3 0x8000592c (0x005a0133) x 2 0xfec5b000
core   0: 0x80005930 (0x0107a833) slt     a6, a5, a6
core   0: 3 0x80005930 (0x0107a833) x16 0x00000000
core   0: 0x80005934 (0x01600eb3) add     t4, zero, s6
core   0: 3 0x80005934 (0x01600eb3) x29 0x80027e64
core   0: 0x80005938 (0x05d76063) bltu    a4, t4, pc + 64
core   0: 3 0x80005938 (0x05d76063)
core   0: 0x80005978 (0x048b6463) bltu    s6, s0, pc + 72
core   0: 3 0x80005978 (0x048b6463)
core   0: 0x8000597c (0x4a247713) andi    a4, s0, 1186
core   0: 3 0x8000597c (0x4a247713) x14 0x00000000
core   0: 0x80005980 (0x00572cb3) slt     s9, a4, t0
core   0: 3 0x80005980 (0x00572cb3) x25 0x00000001
core   0: 0x80005984 (0x44327513) andi    a0, tp, 1091
core   0: 3 0x80005984 (0x44327513) x10 0x00000440
core   0: 0x80005988 (0x00000013) nop
core   0: 3 0x80005988 (0x00000013)
core   0: 0x8000598c (0x0000100f) fence.i
core   0: 3 0x8000598c (0x0000100f)
core   0: 0x80005990 (0x9f820313) addi    t1, tp, -1544
core   0: 3 0x80005990 (0x9f820313) x 6 0x8002b6dc
core   0: 0x80005994 (0x93fe8b93) addi    s7, t4, -1729
core   0: 3 0x80005994 (0x93fe8b93) x23 0x800277a3
core   0: 0x80005998 (0x40f0d413) srai    s0, ra, 15
core   0: 3 0x80005998 (0x40f0d413) x 8 0x00000000
core   0: 0x8000599c (0x00828663) beq     t0, s0, pc + 12
core   0: 3 0x8000599c (0x00828663)
core   0: 0x800059a0 (0x01ae7833) and     a6, t3, s10
core   0: 3 0x800059a0 (0x01ae7833) x16 0x00000000
core   0: 0x800059a4 (0x00000013) nop
core   0: 3 0x800059a4 (0x00000013)
core   0: 0x800059a8 (0x0196be33) sltu    t3, a3, s9
core   0: 3 0x800059a8 (0x0196be33) x28 0x00000001
core   0: 0x800059ac (0x96142613) slti    a2, s0, -1695
core   0: 3 0x800059ac (0x96142613) x12 0x00000000
core   0: 0x800059b0 (0x00271a63) bne     a4, sp, pc + 20
core   0: 3 0x800059b0 (0x00271a63)
core   0: 0x800059c4 (0x0ff0000f) fence   iorw,iorw
core   0: 3 0x800059c4 (0x0ff0000f)
core   0: 0x800059c8 (0x004dbfb3) sltu    t6, s11, tp
core   0: 3 0x800059c8 (0x004dbfb3) x31 0x00000000
core   0: 0x800059cc (0x562ace93) xori    t4, s5, 1378
core   0: 3 0x800059cc (0x562ace93) x29 0x80005352
core   0: 0x800059d0 (0x00d34c33) xor     s8, t1, a3
core   0: 3 0x800059d0 (0x00d34c33) x24 0x8002b6dc
core   0: 0x800059d4 (0x49450693) addi    a3, a0, 1172
core   0: 3 0x800059d4 (0x49450693) x13 0x000008d4
core   0: 0x800059d8 (0x0095fab3) and     s5, a1, s1
core   0: 3 0x800059d8 (0x0095fab3) x21 0x00000000
core   0: 0x800059dc (0x89757113) andi    sp, a0, -1897
core   0: 3 0x800059dc (0x89757113) x 2 0x00000000
core   0: 0x800059e0 (0x01de7463) bgeu    t3, t4, pc + 8
core   0: 3 0x800059e0 (0x01de7463)
core   0: 0x800059e4 (0x01db1463) bne     s6, t4, pc + 8
core   0: 3 0x800059e4 (0x01db1463)
core   0: 0x800059ec (0x04e87463) bgeu    a6, a4, pc + 72
core   0: 3 0x800059ec (0x04e87463)
core   0: 0x80005a34 (0x013986b3) add     a3, s3, s3
core   0: 3 0x80005a34 (0x013986b3) x13 0xfcc9d938
core   0: 0x80005a38 (0x00a15a33) srl     s4, sp, a0
core   0: 3 0x80005a38 (0x00a15a33) x20 0x00000000
core   0: 0x80005a3c (0x005551b3) srl     gp, a0, t0
core   0: 3 0x80005a3c (0x005551b3) x 3 0x00000440
core   0: 0x80005a40 (0x05cc7463) bgeu    s8, t3, pc + 72
core   0: 3 0x80005a40 (0x05cc7463)
core   0: 0x80005a88 (0x01d01193) slli    gp, zero, 29
core   0: 3 0x80005a88 (0x01d01193) x 3 0x00000000
core   0: 0x80005a8c (0x01188033) add     zero, a7, a7
core   0: 3 0x80005a8c (0x01188033)
core   0: 0x80005a90 (0x041b1063) bne     s6, ra, pc + 64
core   0: 3 0x80005a90 (0x041b1063)
core   0: 0x80005ad0 (0xac284c93) xori    s9, a6, -1342
core   0: 3 0x80005ad0 (0xac284c93) x25 0xfffffac2
core   0: 0x80005ad4 (0xeb964893) xori    a7, a2, -327
core   0: 3 0x80005ad4 (0xeb964893) x17 0xfffffeb9
core   0: 0x80005ad8 (0x40485113) srai    sp, a6, 4
core   0: 3 0x80005ad8 (0x40485113) x 2 0x00000000
core   0: 0x80005adc (0x41f75c13) srai    s8, a4, 31
core   0: 3 0x80005adc (0x41f75c13) x24 0x00000000
core   0: 0x80005ae0 (0x00108833) add     a6, ra, ra
core   0: 3 0x80005ae0 (0x00108833) x16 0x000015e6
core   0: 0x80005ae4 (0x01a59733) sll     a4, a1, s10
core   0: 3 0x80005ae4 (0x01a59733) x14 0x00000000
core   0: 0x80005ae8 (0x09338a93) addi    s5, t2, 147
core   0: 3 0x80005ae8 (0x09338a93) x21 0xfff800be
core   0: 0x80005aec (0x01ed38b3) sltu    a7, s10, t5
core   0: 3 0x80005aec (0x01ed38b3) x17 0x00000001
core   0: 0x80005af0 (0x00779eb3) sll     t4, a5, t2
core   0: 3 0x80005af0 (0x00779eb3) x29 0x00000000
core   0: 0x80005af4 (0x00ea7a33) and     s4, s4, a4
core   0: 3 0x80005af4 (0x00ea7a33) x20 0x00000000
core   0: 0x80005af8 (0x0000100f) fence.i
core   0: 3 0x80005af8 (0x0000100f)
core   0: 0x80005afc (0x015f1333) sll     t1, t5, s5
core   0: 3 0x80005afc (0x015f1333) x 6 0x40000000
core   0: 0x80005b00 (0x01c65663) bge     a2, t3, pc + 12
core   0: 3 0x80005b00 (0x01c65663)
core   0: 0x80005b04 (0x01274eb3) xor     t4, a4, s2
core   0: 3 0x80005b04 (0x01274eb3) x29 0x00171ac4
core   0: 0x80005b08 (0x01c37133) and     sp, t1, t3
core   0: 3 0x80005b08 (0x01c37133) x 2 0x00000000
core   0: 0x80005b0c (0x18298d13) addi    s10, s3, 386
core   0: 3 0x80005b0c (0x18298d13) x26 0xfe64ee1e
core   0: 0x80005b10 (0x41540bb3) sub     s7, s0, s5
core   0: 3 0x80005b10 (0x41540bb3) x23 0x0007ff42
core   0: 0x80005b14 (0x0ff0000f) fence   iorw,iorw
core   0: 3 0x80005b14 (0x0ff0000f)
core   0: 0x80005b18 (0xe9d28a93) addi    s5, t0, -355
core   0: 3 0x80005b18 (0xe9d28a93) x21 0x00000e9d
core   0: 0x80005b1c (0x00a45c33) srl     s8, s0, a0
core   0: 3 0x80005b1c (0x00a45c33) x24 0x00000000
core   0: 0x80005b20 (0x00d6ffb3) and     t6, a3, a3
core   0: 3 0x80005b20 (0x00d6ffb3) x31 0xfcc9d938
core   0: 0x80005b24 (0x4ee9a293) slti    t0, s3, 1262
core   0: 3 0x80005b24 (0x4ee9a293) x 5 0x00000001
core   0: 0x80005b28 (0x01c97133) and     sp, s2, t3
core   0: 3 0x80005b28 (0x01c97133) x 2 0x00000000
core   0: 0x80005b2c (0x00000013) nop
core   0: 3 0x80005b2c (0x00000013)
core   0: 0x80005b30 (0x01954bb3) xor     s7, a0, s9
core   0: 3 0x80005b30 (0x01954bb3) x23 0xfffffe82
core   0: 0x80005b34 (0xb1dfad13) slti    s10, t6, -1251
core   0: 3 0x80005b34 (0xb1dfad13) x26 0x00000001
core   0: 0x80005b38 (0x0130bfb3) sltu    t6, ra, s3
core   0: 3 0x80005b38 (0x0130bfb3) x31 0x00000001
core   0: 0x80005b3c (0xc313f313) andi    t1, t2, -975
core   0: 3 0x80005b3c (0xc313f313) x 6 0xfff80021
core   0: 0x80005b40 (0x00485013) srli    zero, a6, 4
core   0: 3 0x80005b40 (0x00485013)
core   0: 0x80005b44 (0x0ff0000f) fence   iorw,iorw
core   0: 3 0x80005b44 (0x0ff0000f)
core   0: 0x80005b48 (0x8c18c193) xori    gp, a7, -1855
core   0: 3 0x80005b48 (0x8c18c193) x 3 0xfffff8c0
core   0: 0x80005b4c (0x74353293) sltiu   t0, a0, 1859
core   0: 3 0x80005b4c (0x74353293) x 5 0x00000001
core   0: 0x80005b50 (0x009bf033) and     zero, s7, s1
core   0: 3 0x80005b50 (0x009bf033)
core   0: 0x80005b54 (0x00fadd93) srli    s11, s5, 15
core   0: 3 0x80005b54 (0x00fadd93) x27 0x00000000
core   0: 0x80005b58 (0xb88e2593) slti    a1, t3, -1144
core   0: 3 0x80005b58 (0xb88e2593) x11 0x00000000
core   0: 0x80005b5c (0x034c9263) bne     s9, s4, pc + 36
core   0: 3 0x80005b5c (0x034c9263)
core   0: 0x80005b80 (0x00ab9eb3) sll     t4, s7, a0
core   0: 3 0x80005b80 (0x00ab9eb3) x29 0xfffffe82
core   0: 0x80005b84 (0x0064d463) bge     s1, t1, pc + 8
core   0: 3 0x80005b84 (0x0064d463)
core   0: 0x80005b8c (0x01076a33) or      s4, a4, a6
core   0: 3 0x80005b8c (0x01076a33) x20 0x000015e6
core   0: 0x80005b90 (0x40585eb3) sra     t4, a6, t0
core   0: 3 0x80005b90 (0x40585eb3) x29 0x00000af3
core   0: 0x80005b94 (0x00000013) nop
core   0: 3 0x80005b94 (0x00000013)
core   0: 0x80005b98 (0x00bdefb3) or      t6, s11, a1
core   0: 3 0x80005b98 (0x00bdefb3) x31 0x00000000
core   0: 0x80005b9c (0x9a372013) slti    zero, a4, -1629
core   0: 3 0x80005b9c (0x9a372013)
core   0: 0x80005ba0 (0x41095913) srai    s2, s2, 16
core   0: 3 0x80005ba0 (0x41095913) x18 0x00000017
core   0: 0x80005ba4 (0xc2b78c13) addi    s8, a5, -981
core   0: 3 0x80005ba4 (0xc2b78c13) x24 0xfffffc2b
core   0: 0x80005ba8 (0x04647463) bgeu    s0, t1, pc + 72
core   0: 3 0x80005ba8 (0x04647463)
core   0: 0x80005bac (0xb8a27c93) andi    s9, tp, -1142
core   0: 3 0x80005bac (0xb8a27c93) x25 0x8002b880
core   0: 0x80005bb0 (0x01335c93) srli    s9, t1, 19
core   0: 3 0x80005bb0 (0x01335c93) x25 0x00001fff
core   0: 0x80005bb4 (0x01e66463) bltu    a2, t5, pc + 8
core   0: 3 0x80005bb4 (0x01e66463)
core   0: 0x80005bbc (0x017ae463) bltu    s5, s7, pc + 8
core   0: 3 0x80005bbc (0x017ae463)
core   0: 0x80005bc4 (0x04208663) beq     ra, sp, pc + 76
core   0: 3 0x80005bc4 (0x04208663)
core   0: 0x80005bc8 (0x00000013) nop
core   0: 3 0x80005bc8 (0x00000013)
core   0: 0x80005bcc (0x014fd6b3) srl     a3, t6, s4
core   0: 3 0x80005bcc (0x014fd6b3) x13 0x00000000
core   0: 0x80005bd0 (0x00108db3) add     s11, ra, ra
core   0: 3 0x80005bd0 (0x00108db3) x27 0x000015e6
core   0: 0x80005bd4 (0xe8d90193) addi    gp, s2, -371
core   0: 3 0x80005bd4 (0xe8d90193) x 3 0xfffffea4
core   0: 0x80005bd8 (0x017eeeb3) or      t4, t4, s7
core   0: 3 0x80005bd8 (0x017eeeb3) x29 0xfffffef3
core   0: 0x80005bdc (0x0174d8b3) srl     a7, s1, s7
core   0: 3 0x80005bdc (0x0174d8b3) x17 0x000005ce
core   0: 0x80005be0 (0xade14c93) xori    s9, sp, -1314
core   0: 3 0x80005be0 (0xade14c93) x25 0xfffffade
core   0: 0x80005be4 (0x03784063) blt     a6, s7, pc + 32
core   0: 3 0x80005be4 (0x03784063)
core   0: 0x80005be8 (0x04bbe863) bltu    s7, a1, pc + 80
core   0: 3 0x80005be8 (0x04bbe863)
core   0: 0x80005bec (0x00000013) nop
core   0: 3 0x80005bec (0x00000013)
core   0: 0x80005bf0 (0x01eb9463) bne     s7, t5, pc + 8
core   0: 3 0x80005bf0 (0x01eb9463)
core   0: 0x80005bf8 (0x66a6e413) ori     s0, a3, 1642
core   0: 3 0x80005bf8 (0x66a6e413) x 8 0x0000066a
core   0: 0x80005bfc (0x00000013) nop
core   0: 3 0x80005bfc (0x00000013)
core   0: 0x80005c00 (0x00128e63) beq     t0, ra, pc + 28
core   0: 3 0x80005c00 (0x00128e63)
core   0: 0x80005c04 (0x052a8663) beq     s5, s2, pc + 76
core   0: 3 0x80005c04 (0x052a8663)
core   0: 0x80005c08 (0x4044dcb3) sra     s9, s1, tp
core   0: 3 0x80005c08 (0x4044dcb3) x25 0x00000173
core   0: 0x80005c0c (0x01079293) slli    t0, a5, 16
core   0: 3 0x80005c0c (0x01079293) x 5 0x00000000
core   0: 0x80005c10 (0xab1f6813) ori     a6, t5, -1359
core   0: 3 0x80005c10 (0xab1f6813) x16 0xfffffab1
core   0: 0x80005c14 (0x01ef17b3) sll     a5, t5, t5
core   0: 3 0x80005c14 (0x01ef17b3) x15 0x00000002
core   0: 0x80005c18 (0x88a4eb93) ori     s7, s1, -1910
core   0: 3 0x80005c18 (0x88a4eb93) x23 0xffffffba
core   0: 0x80005c1c (0x417bd8b3) sra     a7, s7, s7
core   0: 3 0x80005c1c (0x417bd8b3) x17 0xffffffff
core   0: 0x80005c20 (0x4043da13) srai    s4, t2, 4
core   0: 3 0x80005c20 (0x4043da13) x20 0xffff8002
core   0: 0x80005c24 (0x00000013) nop
core   0: 3 0x80005c24 (0x00000013)
core   0: 0x80005c28 (0x00155493) srli    s1, a0, 1
core   0: 3 0x80005c28 (0x00155493) x 9 0x00000220
core   0: 0x80005c2c (0x01e66033) or      zero, a2, t5
core   0: 3 0x80005c2c (0x01e66033)
core   0: 0x80005c30 (0x0153deb3) srl     t4, t2, s5
core   0: 3 0x80005c30 (0x0153deb3) x29 0x00000007
core   0: 0x80005c34 (0x403c81b3) sub     gp, s9, gp
core   0: 3 0x80005c34 (0x403c81b3) x 3 0x000002cf
core   0: 0x80005c38 (0x40e608b3) sub     a7, a2, a4
core   0: 3 0x80005c38 (0x40e608b3) x17 0x00000000
core   0: 0x80005c3c (0x012dd593) srli    a1, s11, 18
core   0: 3 0x80005c3c (0x012dd593) x11 0x00000000
core   0: 0x80005c40 (0x3b002293) slti    t0, zero, 944
core   0: 3 0x80005c40 (0x3b002293) x 5 0x00000001
core   0: 0x80005c44 (0x527a8013) addi    zero, s5, 1319
core   0: 3 0x80005c44 (0x527a8013)
core   0: 0x80005c48 (0x93937013) andi    zero, t1, -1735
core   0: 3 0x80005c48 (0x93937013)
core   0: 0x80005c4c (0x00c35913) srli    s2, t1, 12
core   0: 3 0x80005c4c (0x00c35913) x18 0x000fff80
core   0: 0x80005c50 (0x9e190813) addi    a6, s2, -1567
core   0: 3 0x80005c50 (0x9e190813) x16 0x000ff961
core   0: 0x80005c54 (0x018c8db3) add     s11, s9, s8
core   0: 3 0x80005c54 (0x018c8db3) x27 0xfffffd9e
core   0: 0x80005c58 (0x01509bb3) sll     s7, ra, s5
core   0: 3 0x80005c58 (0x01509bb3) x23 0x60000000
core   0: 0x80005c5c (0x40b203b3) sub     t2, tp, a1
core   0: 3 0x80005c5c (0x40b203b3) x 7 0x8002bce4
core   0: 0x80005c60 (0x00d99f13) slli    t5, s3, 13
core   0: 3 0x80005c60 (0x00d99f13) x30 0x9d938000
core   0: 0x80005c64 (0x5feafd13) andi    s10, s5, 1534
core   0: 3 0x80005c64 (0x5feafd13) x26 0x0000049c
core   0: 0x80005c68 (0x0006d733) srl     a4, a3, zero
core   0: 3 0x80005c68 (0x0006d733) x14 0x00000000
core   0: 0x80005c6c (0x102b2113) slti    sp, s6, 258
core   0: 3 0x80005c6c (0x102b2113) x 2 0x00000001
core   0: 0x80005c70 (0x0568e063) bltu    a7, s6, pc + 64
core   0: 3 0x80005c70 (0x0568e063)
core   0: 0x80005cb0 (0x10efa793) slti    a5, t6, 270
core   0: 3 0x80005cb0 (0x10efa793) x15 0x00000001
core   0: 0x80005cb4 (0x99ac7b93) andi    s7, s8, -1638
core   0: 3 0x80005cb4 (0x99ac7b93) x23 0xfffff80a
core   0: 0x80005cb8 (0x01c712b3) sll     t0, a4, t3
core   0: 3 0x80005cb8 (0x01c712b3) x 5 0x00000000
core   0: 0x80005cbc (0x41515e33) sra     t3, sp, s5
core   0: 3 0x80005cbc (0x41515e33) x28 0x00000000
core   0: 0x80005cc0 (0x000c01b3) add     gp, s8, zero
core   0: 3 0x80005cc0 (0x000c01b3) x 3 0xfffffc2b
core   0: 0x80005cc4 (0x017c51b3) srl     gp, s8, s7
core   0: 3 0x80005cc4 (0x017c51b3) x 3 0x003fffff
core   0: 0x80005cc8 (0x9a5a8593) addi    a1, s5, -1627
core   0: 3 0x80005cc8 (0x9a5a8593) x11 0x00000842
core   0: 0x80005ccc (0x2b447713) andi    a4, s0, 692
core   0: 3 0x80005ccc (0x2b447713) x14 0x00000220
core   0: 0x80005cd0 (0xb167ef93) ori     t6, a5, -1258
core   0: 3 0x80005cd0 (0xb167ef93) x31 0xfffffb17
core   0: 0x80005cd4 (0x01995fb3) srl     t6, s2, s9
core   0: 3 0x80005cd4 (0x01995fb3) x31 0x00000001
core   0: 0x80005cd8 (0x89743593) sltiu   a1, s0, -1897
core   0: 3 0x80005cd8 (0x89743593) x11 0x00000001
core   0: 0x80005cdc (0x0000100f) fence.i
core   0: 3 0x80005cdc (0x0000100f)
core   0: 0x80005ce0 (0x00ded613) srli    a2, t4, 13
core   0: 3 0x80005ce0 (0x00ded613) x12 0x00000000
core   0: 0x80005ce4 (0x04bf1663) bne     t5, a1, pc + 76
core   0: 3 0x80005ce4 (0x04bf1663)
core   0: 0x80005d30 (0x00505313) srli    t1, zero, 5
core   0: 3 0x80005d30 (0x00505313) x 6 0x00000000
core   0: 0x80005d34 (0x00000013) nop
core   0: 3 0x80005d34 (0x00000013)
core   0: 0x80005d38 (0x01c5eab3) or      s5, a1, t3
core   0: 3 0x80005d38 (0x01c5eab3) x21 0x00000001
core   0: 0x80005d3c (0x01a182b3) add     t0, gp, s10
core   0: 3 0x80005d3c (0x01a182b3) x 5 0x0040049b
core   0: 0x80005d40 (0x026ce063) bltu    s9, t1, pc + 32
core   0: 3 0x80005d40 (0x026ce063)
core   0: 0x80005d44 (0x01e612b3) sll     t0, a2, t5
core   0: 3 0x80005d44 (0x01e612b3) x 5 0x00000000
core   0: 0x80005d48 (0x409e5a13) srai    s4, t3, 9
core   0: 3 0x80005d48 (0x409e5a13) x20 0x00000000
core   0: 0x80005d4c (0x7070c893) xori    a7, ra, 1799
core   0: 3 0x80005d4c (0x7070c893) x17 0x00000df4
core   0: 0x80005d50 (0x40b383b3) sub     t2, t2, a1
core   0: 3 0x80005d50 (0x40b383b3) x 7 0x8002bce3
core   0: 0x80005d54 (0x0000100f) fence.i
core   0: 3 0x80005d54 (0x0000100f)
core   0: 0x80005d58 (0xe4a47313) andi    t1, s0, -438
core   0: 3 0x80005d58 (0xe4a47313) x 6 0x0000064a
core   0: 0x80005d5c (0x02320063) beq     tp, gp, pc + 32
core   0: 3 0x80005d5c (0x02320063)
core   0: 0x80005d60 (0x04d3d463) bge     t2, a3, pc + 72
core   0: 3 0x80005d60 (0x04d3d463)
core   0: 0x80005d64 (0x41f00033) sub     zero, zero, t6
core   0: 3 0x80005d64 (0x41f00033)
core   0: 0x80005d68 (0x0000100f) fence.i
core   0: 3 0x80005d68 (0x0000100f)
core   0: 0x80005d6c (0x01e59493) slli    s1, a1, 30
core   0: 3 0x80005d6c (0x01e59493) x 9 0x40000000
core   0: 0x80005d70 (0x0181e463) bltu    gp, s8, pc + 8
core   0: 3 0x80005d70 (0x0181e463)
core   0: 0x80005d78 (0x945e7813) andi    a6, t3, -1723
core   0: 3 0x80005d78 (0x945e7813) x16 0x00000000
core   0: 0x80005d7c (0x40ab82b3) sub     t0, s7, a0
core   0: 3 0x80005d7c (0x40ab82b3) x 5 0xfffff3ca
core   0: 0x80005d80 (0xb6924f93) xori    t6, tp, -1175
core   0: 3 0x80005d80 (0xb6924f93) x31 0x7ffd478d
core   0: 0x80005d84 (0x67018b93) addi    s7, gp, 1648
core   0: 3 0x80005d84 (0x67018b93) x23 0x0040066f
core   0: 0x80005d88 (0x03f51263) bne     a0, t6, pc + 36
core   0: 3 0x80005d88 (0x03f51263)
core   0: 0x80005dac (0x01f18f33) add     t5, gp, t6
core   0: 3 0x80005dac (0x01f18f33) x30 0x803d478c
core   0: 0x80005db0 (0x40455113) srai    sp, a0, 4
core   0: 3 0x80005db0 (0x40455113) x 2 0x00000044
core   0: 0x80005db4 (0x00000013) nop
core   0: 3 0x80005db4 (0x00000013)
core   0: 0x80005db8 (0xdc6d8113) addi    sp, s11, -570
core   0: 3 0x80005db8 (0xdc6d8113) x 2 0xfffffb64
core   0: 0x80005dbc (0x0ff0000f) fence   iorw,iorw
core   0: 3 0x80005dbc (0x0ff0000f)
core   0: 0x80005dc0 (0x0ff0000f) fence   iorw,iorw
core   0: 3 0x80005dc0 (0x0ff0000f)
core   0: 0x80005dc4 (0x25274e93) xori    t4, a4, 594
core   0: 3 0x80005dc4 (0x25274e93) x29 0x00000072
core   0: 0x80005dc8 (0x007a1613) slli    a2, s4, 7
core   0: 3 0x80005dc8 (0x007a1613) x12 0x00000000
core   0: 0x80005dcc (0xf0827513) andi    a0, tp, -248
core   0: 3 0x80005dcc (0xf0827513) x10 0x8002bc00
core   0: 0x80005dd0 (0x0aa20263) beq     tp, a0, pc + 164
core   0: 3 0x80005dd0 (0x0aa20263)
core   0: 0x80005dd4 (0x07ea7a63) bgeu    s4, t5, pc + 116
core   0: 3 0x80005dd4 (0x07ea7a63)
core   0: 0x80005dd8 (0x012dda63) bge     s11, s2, pc + 20
core   0: 3 0x80005dd8 (0x012dda63)
core   0: 0x80005ddc (0x0ff0000f) fence   iorw,iorw
core   0: 3 0x80005ddc (0x0ff0000f)
core   0: 0x80005de0 (0x0020beb3) sltu    t4, ra, sp
core   0: 3 0x80005de0 (0x0020beb3) x29 0x00000001
core   0: 0x80005de4 (0x46e6e193) ori     gp, a3, 1134
core   0: 3 0x80005de4 (0x46e6e193) x 3 0x0000046e
core   0: 0x80005de8 (0x0ff0000f) fence   iorw,iorw
core   0: 3 0x80005de8 (0x0ff0000f)
core   0: 0x80005dec (0x0000100f) fence.i
core   0: 3 0x80005dec (0x0000100f)
core   0: 0x80005df0 (0x00c0036f) jal     t1, pc + 0xc
core   0: 3 0x80005df0 (0x00c0036f) x 6 0x80005df4
core   0: 0x80005dfc (0x024000ef) jal     pc + 0x24
core   0: 3 0x80005dfc (0x024000ef) x 1 0x80005e00
core   0: 0x80005e20 (0xff5ff36f) jal     t1, pc - 0xc
core   0: 3 0x80005e20 (0xff5ff36f) x 6 0x80005e24
core   0: 0x80005e14 (0x02c000ef) jal     pc + 0x2c
core   0: 3 0x80005e14 (0x02c000ef) x 1 0x80005e18
core   0: 0x80005e40 (0xfc9ff36f) jal     t1, pc - 0x38
core   0: 3 0x80005e40 (0xfc9ff36f) x 6 0x80005e44
core   0: 0x80005e08 (0xff9ff1ef) jal     gp, pc - 0x8
core   0: 3 0x80005e08 (0xff9ff1ef) x 3 0x80005e0c
core   0: 0x80005e00 (0x01c000ef) jal     pc + 0x1c
core   0: 3 0x80005e00 (0x01c000ef) x 1 0x80005e04
core   0: 0x80005e1c (0xfe9ff36f) jal     t1, pc - 0x18
core   0: 3 0x80005e1c (0xfe9ff36f) x 6 0x80005e20
core   0: 0x80005e04 (0x014000ef) jal     pc + 0x14
core   0: 3 0x80005e04 (0x014000ef) x 1 0x80005e08
core   0: 0x80005e18 (0x014000ef) jal     pc + 0x14
core   0: 3 0x80005e18 (0x014000ef) x 1 0x80005e1c
core   0: 0x80005e2c (0x004000ef) jal     pc + 0x4
core   0: 3 0x80005e2c (0x004000ef) x 1 0x80005e30
core   0: 0x80005e30 (0xff9ff0ef) jal     pc - 0x8
core   0: 3 0x80005e30 (0xff9ff0ef) x 1 0x80005e34
core   0: 0x80005e28 (0xfe9ff0ef) jal     pc - 0x18
core   0: 3 0x80005e28 (0xfe9ff0ef) x 1 0x80005e2c
core   0: 0x80005e10 (0x028006ef) jal     a3, pc + 0x28
core   0: 3 0x80005e10 (0x028006ef) x13 0x80005e14
core   0: 0x80005e38 (0xfbdff3ef) jal     t2, pc - 0x44
core   0: 3 0x80005e38 (0xfbdff3ef) x 7 0x80005e3c
core   0: 0x80005df4 (0x048000ef) jal     pc + 0x48
core   0: 3 0x80005df4 (0x048000ef) x 1 0x80005df8
core   0: 0x80005e3c (0xfd1ff0ef) jal     pc - 0x30
core   0: 3 0x80005e3c (0xfd1ff0ef) x 1 0x80005e40
core   0: 0x80005e0c (0x028000ef) jal     pc + 0x28
core   0: 3 0x80005e0c (0x028000ef) x 1 0x80005e10
core   0: 0x80005e34 (0xfc5ffe6f) jal     t3, pc - 0x3c
core   0: 3 0x80005e34 (0xfc5ffe6f) x28 0x80005e38
core   0: 0x80005df8 (0x02c000ef) jal     pc + 0x2c
core   0: 3 0x80005df8 (0x02c000ef) x 1 0x80005dfc
core   0: 0x80005e24 (0x020000ef) jal     pc + 0x20
core   0: 3 0x80005e24 (0x020000ef) x 1 0x80005e28
core   0: 0x80005e44 (0x0079d313) srli    t1, s3, 7
core   0: 3 0x80005e44 (0x0079d313) x 6 0x01fcc9d9
core   0: 0x80005e48 (0x018ec733) xor     a4, t4, s8
core   0: 3 0x80005e48 (0x018ec733) x14 0xfffffc2a
core   0: 0x80005e4c (0x41605b93) srai    s7, zero, 22
core   0: 3 0x80005e4c (0x41605b93) x23 0x00000000
core   0: 0x80005e50 (0x44b60f93) addi    t6, a2, 1099
core   0: 3 0x80005e50 (0x44b60f93) x31 0x0000044b
core   0: 0x80005e54 (0x00a2f463) bgeu    t0, a0, pc + 8
core   0: 3 0x80005e54 (0x00a2f463)
core   0: 0x80005e5c (0x008b9913) slli    s2, s7, 8
core   0: 3 0x80005e5c (0x008b9913) x18 0x00000000
core   0: 0x80005e60 (0x00bbd0b3) srl     ra, s7, a1
core   0: 3 0x80005e60 (0x00bbd0b3) x 1 0x00000000
core   0: 0x80005e64 (0x01625093) srli    ra, tp, 22
core   0: 3 0x80005e64 (0x01625093) x 1 0x00000200
core   0: 0x80005e68 (0x017b5733) srl     a4, s6, s7
core   0: 3 0x80005e68 (0x017b5733) x14 0x80027e64
core   0: 0x80005e6c (0xa80b8e93) addi    t4, s7, -1408
core   0: 3 0x80005e6c (0xa80b8e93) x29 0xfffffa80
core   0: 0x80005e70 (0x011debb3) or      s7, s11, a7
core   0: 3 0x80005e70 (0x011debb3) x23 0xfffffdfe
core   0: 0x80005e74 (0x5c948013) addi    zero, s1, 1481
core   0: 3 0x80005e74 (0x5c948013)
core   0: 0x80005e78 (0x00472333) slt     t1, a4, tp
core   0: 3 0x80005e78 (0x00472333) x 6 0x00000001
core   0: 0x80005e7c (0x0ff0000f) fence   iorw,iorw
core   0: 3 0x80005e7c (0x0ff0000f)
core   0: 0x80005e80 (0x003341b3) xor     gp, t1, gp
core   0: 3 0x80005e80 (0x003341b3) x 3 0x80005e0d
core   0: 0x80005e84 (0x416bdf33) sra     t5, s7, s6
core   0: 3 0x80005e84 (0x416bdf33) x30 0xffffffdf
core   0: 0x80005e88 (0x41f957b3) sra     a5, s2, t6
core   0: 3 0x80005e88 (0x41f957b3) x15 0x00000000
core   0: 0x80005e8c (0x009501b3) add     gp, a0, s1
core   0: 3 0x80005e8c (0x009501b3) x 3 0xc002bc00
core   0: 0x80005e90 (0x0023e7b3) or      a5, t2, sp
core   0: 3 0x80005e90 (0x0023e7b3) x15 0xffffff7c
core   0: 0x80005e94 (0xe7d0e513) ori     a0, ra, -387
core   0: 3 0x80005e94 (0xe7d0e513) x10 0xfffffe7d
core   0: 0x80005e98 (0x00659533) sll     a0, a1, t1
core   0: 3 0x80005e98 (0x00659533) x10 0x00000002
core   0: 0x80005e9c (0x00025663) bgez    tp, pc + 12
core   0: 3 0x80005e9c (0x00025663)
core   0: 0x80005ea0 (0x01afd313) srli    t1, t6, 26
core   0: 3 0x80005ea0 (0x01afd313) x 6 0x00000000
core   0: 0x80005ea4 (0x4167d113) srai    sp, a5, 22
core   0: 3 0x80005ea4 (0x4167d113) x 2 0xffffffff
core   0: 0x80005ea8 (0x01f952b3) srl     t0, s2, t6
core   0: 3 0x80005ea8 (0x01f952b3) x 5 0x00000000
core   0: 0x80005eac (0x40408a33) sub     s4, ra, tp
core   0: 3 0x80005eac (0x40408a33) x20 0x7ffd451c
core   0: 0x80005eb0 (0xd3b8fd93) andi    s11, a7, -709
core   0: 3 0x80005eb0 (0xd3b8fd93) x27 0x00000d30
core   0: 0x80005eb4 (0x04d25663) bge     tp, a3, pc + 76
core   0: 3 0x80005eb4 (0x04d25663)
core   0: 0x80005f00 (0x11b2ed13) ori     s10, t0, 283
core   0: 3 0x80005f00 (0x11b2ed13) x26 0x0000011b
core   0: 0x80005f04 (0x4b5a1337) lui     t1, 0x4b5a1
core   0: 3 0x80005f04 (0x4b5a1337) x 6 0x4b5a1000
core   0: 0x80005f08 (0x05c71463) bne     a4, t3, pc + 72
core   0: 3 0x80005f08 (0x05c71463)
core   0: 0x80005f50 (0x5f948f93) addi    t6, s1, 1529
core   0: 3 0x80005f50 (0x5f948f93) x31 0x400005f9
core   0: 0x80005f54 (0x014776b3) and     a3, a4, s4
core   0: 3 0x80005f54 (0x014776b3) x13 0x00004404
core   0: 0x80005f58 (0xf7b57e13) andi    t3, a0, -133
core   0: 3 0x80005f58 (0xf7b57e13) x28 0x00000002
core   0: 0x80005f5c (0x007ef863) bgeu    t4, t2, pc + 16
core   0: 3 0x80005f5c (0x007ef863)
core   0: 0x80005f6c (0x9dd0b513) sltiu   a0, ra, -1571
core   0: 3 0x80005f6c (0x9dd0b513) x10 0x00000001
core   0: 0x80005f70 (0x009078b3) and     a7, zero, s1
core   0: 3 0x80005f70 (0x009078b3) x17 0x00000000
core   0: 0x80005f74 (0xc1782793) slti    a5, a6, -1001
core   0: 3 0x80005f74 (0xc1782793) x15 0x00000000
core   0: 0x80005f78 (0x00e51e13) slli    t3, a0, 14
core   0: 3 0x80005f78 (0x00e51e13) x28 0x00004000
core   0: 0x80005f7c (0x04549063) bne     s1, t0, pc + 64
core   0: 3 0x80005f7c (0x04549063)
core   0: 0x80005fbc (0x0ff0000f) fence   iorw,iorw
core   0: 3 0x80005fbc (0x0ff0000f)
core   0: 0x80005fc0 (0x2f18e113) ori     sp, a7, 753
core   0: 3 0x80005fc0 (0x2f18e113) x 2 0x000002f1
core   0: 0x80005fc4 (0xa667b293) sltiu   t0, a5, -1434
core   0: 3 0x80005fc4 (0xa667b293) x 5 0x00000001
core   0: 0x80005fc8 (0x04831063) bne     t1, s0, pc + 64
core   0: 3 0x80005fc8 (0x04831063)
core   0: 0x80006008 (0x00e81093) slli    ra, a6, 14
core   0: 3 0x80006008 (0x00e81093) x 1 0x00000000
core   0: 0x8000600c (0x00e695b3) sll     a1, a3, a4
core   0: 3 0x8000600c (0x00e695b3) x11 0x00044040
core   0: 0x80006010 (0x402ad633) sra     a2, s5, sp
core   0: 3 0x80006010 (0x402ad633) x12 0x00000000
core   0: 0x80006014 (0x01d0e463) bltu    ra, t4, pc + 8
core   0: 3 0x80006014 (0x01d0e463)
core   0: 0x8000601c (0x62ebc193) xori    gp, s7, 1582
core   0: 3 0x8000601c (0x62ebc193) x 3 0xfffffbd0
core   0: 0x80006020 (0x01101393) slli    t2, zero, 17
core   0: 3 0x80006020 (0x01101393) x 7 0x00000000
core   0: 0x80006024 (0x015dea63) bltu    s11, s5, pc + 20
core   0: 3 0x80006024 (0x015dea63)
core   0: 0x80006028 (0x0000100f) fence.i
core   0: 3 0x80006028 (0x0000100f)
core   0: 0x8000602c (0x0014d013) srli    zero, s1, 1
core   0: 3 0x8000602c (0x0014d013)
core   0: 0x80006030 (0x00aac2b3) xor     t0, s5, a0
core   0: 3 0x80006030 (0x00aac2b3) x 5 0x00000000
core   0: 0x80006034 (0x00952a33) slt     s4, a0, s1
core   0: 3 0x80006034 (0x00952a33) x20 0x00000001
core   0: 0x80006038 (0x008f5713) srli    a4, t5, 8
core   0: 3 0x80006038 (0x008f5713) x14 0x00ffffff
core   0: 0x8000603c (0x0108d633) srl     a2, a7, a6
core   0: 3 0x8000603c (0x0108d633) x12 0x00000000
core   0: 0x80006040 (0x05605463) bge     zero, s6, pc + 72
core   0: 3 0x80006040 (0x05605463)
core   0: 0x80006088 (0x012ed793) srli    a5, t4, 18
core   0: 3 0x80006088 (0x012ed793) x15 0x00003fff
core   0: 0x8000608c (0x01955933) srl     s2, a0, s9
core   0: 3 0x8000608c (0x01955933) x18 0x00000000
core   0: 0x80006090 (0x05669663) bne     a3, s6, pc + 76
core   0: 3 0x80006090 (0x05669663)
core   0: 0x800060dc (0x4f4c32b7) lui     t0, 0x4f4c3
core   0: 3 0x800060dc (0x4f4c32b7) x 5 0x4f4c3000
core   0: 0x800060e0 (0x41abde13) srai    t3, s7, 26
core   0: 3 0x800060e0 (0x41abde13) x28 0xffffffff
core   0: 0x800060e4 (0x629d3493) sltiu   s1, s10, 1577
core   0: 3 0x800060e4 (0x629d3493) x 9 0x00000001
core   0: 0x800060e8 (0x867b0613) addi    a2, s6, -1945
core   0: 3 0x800060e8 (0x867b0613) x12 0x800276cb
core   0: 0x800060ec (0xe5a9f493) andi    s1, s3, -422
core   0: 3 0x800060ec (0xe5a9f493) x 9 0xfe64ec18
core   0: 0x800060f0 (0x013de6b3) or      a3, s11, s3
core   0: 3 0x800060f0 (0x013de6b3) x13 0xfe64edbc
core   0: 0x800060f4 (0x0000100f) fence.i
core   0: 3 0x800060f4 (0x0000100f)
core   0: 0x800060f8 (0x013c3133) sltu    sp, s8, s3
core   0: 3 0x800060f8 (0x013c3133) x 2 0x00000000
core   0: 0x800060fc (0x0000100f) fence.i
core   0: 3 0x800060fc (0x0000100f)
core   0: 0x80006100 (0x0501fab7) lui     s5, 0x501f
core   0: 3 0x80006100 (0x0501fab7) x21 0x0501f000
core   0: 0x80006104 (0x04165863) bge     a2, ra, pc + 80
core   0: 3 0x80006104 (0x04165863)
core   0: 0x80006108 (0x0183c633) xor     a2, t2, s8
core   0: 3 0x80006108 (0x0183c633) x12 0xfffffc2b
core   0: 0x8000610c (0x4027d933) sra     s2, a5, sp
core   0: 3 0x8000610c (0x4027d933) x18 0x00003fff
core   0: 0x80006110 (0xde414893) xori    a7, sp, -540
core   0: 3 0x80006110 (0xde414893) x17 0xfffffde4
core   0: 0x80006114 (0x00d9fe63) bgeu    s3, a3, pc + 28
core   0: 3 0x80006114 (0x00d9fe63)
core   0: 0x80006118 (0x04345463) bge     s0, gp, pc + 72
core   0: 3 0x80006118 (0x04345463)
core   0: 0x80006160 (0x4058dcb3) sra     s9, a7, t0
core   0: 3 0x80006160 (0x4058dcb3) x25 0xfffffde4
core   0: 0x80006164 (0x4a206893) ori     a7, zero, 1186
core   0: 3 0x80006164 (0x4a206893) x17 0x000004a2
core   0: 0x80006168 (0x01794f33) xor     t5, s2, s7
core   0: 3 0x80006168 (0x01794f33) x30 0xffffc201
core   0: 0x8000616c (0x84026c93) ori     s9, tp, -1984
core   0: 3 0x8000616c (0x84026c93) x25 0xfffffce4
core   0: 0x80006170 (0x4ee7cc93) xori    s9, a5, 1262
core   0: 3 0x80006170 (0x4ee7cc93) x25 0x00003b11
core   0: 0x80006174 (0x01c25e63) bge     tp, t3, pc + 28
core   0: 3 0x80006174 (0x01c25e63)
core   0: 0x80006178 (0x3eaaa4b7) lui     s1, 0x3eaaa
core   0: 3 0x80006178 (0x3eaaa4b7) x 9 0x3eaaa000
core   0: 0x8000617c (0x05964063) blt     a2, s9, pc + 64
core   0: 3 0x8000617c (0x05964063)
core   0: 0x800061bc (0x0190f7b3) and     a5, ra, s9
core   0: 3 0x800061bc (0x0190f7b3) x15 0x00000000
core   0: 0x800061c0 (0x00000013) nop
core   0: 3 0x800061c0 (0x00000013)
core   0: 0x800061c4 (0x348fb393) sltiu   t2, t6, 840
core   0: 3 0x800061c4 (0x348fb393) x 7 0x00000000
core   0: 0x800061c8 (0x015b0933) add     s2, s6, s5
core   0: 3 0x800061c8 (0x015b0933) x18 0x85046e64
core   0: 0x800061cc (0x012b0bb3) add     s7, s6, s2
core   0: 3 0x800061cc (0x012b0bb3) x23 0x0506ecc8
core   0: 0x800061d0 (0x40ee5d93) srai    s11, t3, 14
core   0: 3 0x800061d0 (0x40ee5d93) x27 0xffffffff
core   0: 0x800061d4 (0x0000100f) fence.i
core   0: 3 0x800061d4 (0x0000100f)
core   0: 0x800061d8 (0x0082f633) and     a2, t0, s0
core   0: 3 0x800061d8 (0x0082f633) x12 0x00000000
core   0: 0x800061dc (0x419ed513) srai    a0, t4, 25
core   0: 3 0x800061dc (0x419ed513) x10 0xffffffff
core   0: 0x800061e0 (0x00000013) nop
core   0: 3 0x800061e0 (0x00000013)
core   0: 0x800061e4 (0x4053da13) srai    s4, t2, 5
core   0: 3 0x800061e4 (0x4053da13) x20 0x00000000
core   0: 0x800061e8 (0x00383833) sltu    a6, a6, gp
core   0: 3 0x800061e8 (0x00383833) x16 0x00000001
core   0: 0x800061ec (0xaa177493) andi    s1, a4, -1375
core   0: 3 0x800061ec (0xaa177493) x 9 0x00fffaa1
core   0: 0x800061f0 (0xa5c82893) slti    a7, a6, -1444
core   0: 3 0x800061f0 (0xa5c82893) x17 0x00000000
core   0: 0x800061f4 (0x01bafbb3) and     s7, s5, s11
core   0: 3 0x800061f4 (0x01bafbb3) x23 0x0501f000
core   0: 0x800061f8 (0x01773ab3) sltu    s5, a4, s7
core   0: 3 0x800061f8 (0x01773ab3) x21 0x00000001
core   0: 0x800061fc (0x414d8e33) sub     t3, s11, s4
core   0: 3 0x800061fc (0x414d8e33) x28 0xffffffff
core   0: 0x80006200 (0x5d6ce693) ori     a3, s9, 1494
core   0: 3 0x80006200 (0x5d6ce693) x13 0x00003fd7
core   0: 0x80006204 (0x05abd263) bge     s7, s10, pc + 68
core   0: 3 0x80006204 (0x05abd263)
core   0: 0x80006248 (0x01b81613) slli    a2, a6, 27
core   0: 3 0x80006248 (0x01b81613) x12 0x08000000
core   0: 0x8000624c (0x01d7d013) srli    zero, a5, 29
core   0: 3 0x8000624c (0x01d7d013)
core   0: 0x80006250 (0x0ff0000f) fence   iorw,iorw
core   0: 3 0x80006250 (0x0ff0000f)
core   0: 0x80006254 (0x479a07b7) lui     a5, 0x479a0
core   0: 3 0x80006254 (0x479a07b7) x15 0x479a0000
core   0: 0x80006258 (0x0000100f) fence.i
core   0: 3 0x80006258 (0x0000100f)
core   0: 0x8000625c (0xc7a9b593) sltiu   a1, s3, -902
core   0: 3 0x8000625c (0xc7a9b593) x11 0x00000001
core   0: 0x80006260 (0x033a8a63) beq     s5, s3, pc + 52
core   0: 3 0x80006260 (0x033a8a63)
core   0: 0x80006264 (0xd37b8937) lui     s2, 0xd37b8
core   0: 3 0x80006264 (0xd37b8937) x18 0xd37b8000
core   0: 0x80006268 (0x01b35633) srl     a2, t1, s11
core   0: 3 0x80006268 (0x01b35633) x12 0x00000000
core   0: 0x8000626c (0x01a76463) bltu    a4, s10, pc + 8
core   0: 3 0x8000626c (0x01a76463)
core   0: 0x80006270 (0x0ff0000f) fence   iorw,iorw
core   0: 3 0x80006270 (0x0ff0000f)
core   0: 0x80006274 (0x008526b3) slt     a3, a0, s0
core   0: 3 0x80006274 (0x008526b3) x13 0x00000001
core   0: 0x80006278 (0x0000100f) fence.i
core   0: 3 0x80006278 (0x0000100f)
core   0: 0x8000627c (0x00b90463) beq     s2, a1, pc + 8
core   0: 3 0x8000627c (0x00b90463)
core   0: 0x80006280 (0x414cd1b3) sra     gp, s9, s4
core   0: 3 0x80006280 (0x414cd1b3) x 3 0x00003b11
core   0: 0x80006284 (0x019f20b3) slt     ra, t5, s9
core   0: 3 0x80006284 (0x019f20b3) x 1 0x00000001
core   0: 0x80006288 (0x0ff0000f) fence   iorw,iorw
core   0: 3 0x80006288 (0x0ff0000f)
core   0: 0x8000628c (0x0393c663) blt     t2, s9, pc + 44
core   0: 3 0x8000628c (0x0393c663)
core   0: 0x800062b8 (0x02831263) bne     t1, s0, pc + 36
core   0: 3 0x800062b8 (0x02831263)
core   0: 0x800062dc (0x506e7713) andi    a4, t3, 1286
core   0: 3 0x800062dc (0x506e7713) x14 0x00000506
core   0: 0x800062e0 (0x51656313) ori     t1, a0, 1302
core   0: 3 0x800062e0 (0x51656313) x 6 0xffffffff
core   0: 0x800062e4 (0x1ecb9097) auipc   ra, 0x1ecb9
core   0: 3 0x800062e4 (0x1ecb9097) x 1 0x9ecbf2e4
core   0: 0x800062e8 (0x9c9ee513) ori     a0, t4, -1591
core   0: 3 0x800062e8 (0x9c9ee513) x10 0xfffffbc9
core   0: 0x800062ec (0x01f05793) srli    a5, zero, 31
core   0: 3 0x800062ec (0x01f05793) x15 0x00000000
core   0: 0x800062f0 (0x010c81b3) add     gp, s9, a6
core   0: 3 0x800062f0 (0x010c81b3) x 3 0x00003b12
core   0: 0x800062f4 (0x00cb17b3) sll     a5, s6, a2
core   0: 3 0x800062f4 (0x00cb17b3) x15 0x80027e64
core   0: 0x800062f8 (0x0084f333) and     t1, s1, s0
core   0: 3 0x800062f8 (0x0084f333) x 6 0x00000220
core   0: 0x800062fc (0x40405313) srai    t1, zero, 4
core   0: 3 0x800062fc (0x40405313) x 6 0x00000000
core   0: 0x80006300 (0x01e6feb3) and     t4, a3, t5
core   0: 3 0x80006300 (0x01e6feb3) x29 0x00000001
core   0: 0x80006304 (0x00bd5693) srli    a3, s10, 11
core   0: 3 0x80006304 (0x00bd5693) x13 0x00000000
core   0: 0x80006308 (0x013fbe33) sltu    t3, t6, s3
core   0: 3 0x80006308 (0x013fbe33) x28 0x00000001
core   0: 0x8000630c (0x00000013) nop
core   0: 3 0x8000630c (0x00000013)
core   0: 0x80006310 (0x05a81463) bne     a6, s10, pc + 72
core   0: 3 0x80006310 (0x05a81463)
core   0: 0x80006358 (0x0000100f) fence.i
core   0: 3 0x80006358 (0x0000100f)
core   0: 0x8000635c (0x01049293) slli    t0, s1, 16
core   0: 3 0x8000635c (0x01049293) x 5 0xfaa10000
core   0: 0x80006360 (0x415ed313) srai    t1, t4, 21
core   0: 3 0x80006360 (0x415ed313) x 6 0x00000000
core   0: 0x80006364 (0x31f3bf97) auipc   t6, 0x31f3b
core   0: 3 0x80006364 (0x31f3bf97) x31 0xb1f41364
core   0: 0x80006368 (0xd55a3593) sltiu   a1, s4, -683
core   0: 3 0x80006368 (0xd55a3593) x11 0x00000001
core   0: 0x8000636c (0x065a0e63) beq     s4, t0, pc + 124
core   0: 3 0x8000636c (0x065a0e63)
core   0: 0x80006370 (0x0113f463) bgeu    t2, a7, pc + 8
core   0: 3 0x80006370 (0x0113f463)
core   0: 0x80006378 (0x01dc9a93) slli    s5, s9, 29
core   0: 3 0x80006378 (0x01dc9a93) x21 0x20000000
core   0: 0x8000637c (0x07da7263) bgeu    s4, t4, pc + 100
core   0: 3 0x8000637c (0x07da7263)
core   0: 0x80006380 (0x00100693) li      a3, 1
core   0: 3 0x80006380 (0x00100693) x13 0x00000001
core   0: 0x80006384 (0x00200e13) li      t3, 2
core   0: 3 0x80006384 (0x00200e13) x28 0x00000002
core   0: 0x80006388 (0x40e88a33) sub     s4, a7, a4
core   0: 3 0x80006388 (0x40e88a33) x20 0xfffffafa
core   0: 0x8000638c (0x00868693) addi    a3, a3, 8
core   0: 3 0x8000638c (0x00868693) x13 0x00000009
core   0: 0x80006390 (0x01197fb3) and     t6, s2, a7
core   0: 3 0x80006390 (0x01197fb3) x31 0x00000000
core   0: 0x80006394 (0x412251b3) sra     gp, tp, s2
core   0: 3 0x80006394 (0x412251b3) x 3 0x8002bce4
core   0: 0x80006398 (0xffe00513) li      a0, -2
core   0: 3 0x80006398 (0xffe00513) x10 0xfffffffe
core   0: 0x8000639c (0x0000100f) fence.i
core   0: 3 0x8000639c (0x0000100f)
core   0: 0x800063a0 (0x00100d93) li      s11, 1
core   0: 3 0x800063a0 (0x00100d93) x27 0x00000001
core   0: 0x800063a4 (0xcb76ca13) xori    s4, a3, -841
core   0: 3 0x800063a4 (0xcb76ca13) x20 0xfffffcbe
core   0: 0x800063a8 (0x0ff0000f) fence   iorw,iorw
core   0: 3 0x800063a8 (0x0ff0000f)
core   0: 0x800063ac (0x891eb7b7) lui     a5, 0x891eb
core   0: 3 0x800063ac (0x891eb7b7) x15 0x891eb000
core   0: 0x800063b0 (0x41f051b3) sra     gp, zero, t6
core   0: 3 0x800063b0 (0x41f051b3) x 3 0x00000000
core   0: 0x800063b4 (0x00a50513) addi    a0, a0, 10
core   0: 3 0x800063b4 (0x00a50513) x10 0x00000008
core   0: 0x800063b8 (0xff10aa13) slti    s4, ra, -15
core   0: 3 0x800063b8 (0xff10aa13) x20 0x00000001
core   0: 0x800063bc (0xffb548e3) blt     a0, s11, pc - 16
core   0: 3 0x800063bc (0xffb548e3)
core   0: 0x800063c0 (0xfdc6c4e3) blt     a3, t3, pc - 56
core   0: 3 0x800063c0 (0xfdc6c4e3)
core   0: 0x800063c4 (0x40b68833) sub     a6, a3, a1
core   0: 3 0x800063c4 (0x40b68833) x16 0x00000008
core   0: 0x800063c8 (0x400604b3) sub     s1, a2, zero
core   0: 3 0x800063c8 (0x400604b3) x 9 0x00000000
core   0: 0x800063cc (0x8125b693) sltiu   a3, a1, -2030
core   0: 3 0x800063cc (0x8125b693) x13 0x00000001
core   0: 0x800063d0 (0x005ff8b3) and     a7, t6, t0
core   0: 3 0x800063d0 (0x005ff8b3) x17 0x00000000
core   0: 0x800063d4 (0x017b7663) bgeu    s6, s7, pc + 12
core   0: 3 0x800063d4 (0x017b7663)
core   0: 0x800063e0 (0x04469663) bne     a3, tp, pc + 76
core   0: 3 0x800063e0 (0x04469663)
core   0: 0x8000642c (0x01021fb3) sll     t6, tp, a6
core   0: 3 0x8000642c (0x01021fb3) x31 0x02bce400
core   0: 0x80006430 (0x46b0a817) auipc   a6, 0x46b0a
core   0: 3 0x80006430 (0x46b0a817) x16 0xc6b10430
core   0: 0x80006434 (0x4052dc33) sra     s8, t0, t0
core   0: 3 0x80006434 (0x4052dc33) x24 0xfaa10000
core   0: 0x80006438 (0xc798cf93) xori    t6, a7, -903
core   0: 3 0x80006438 (0xc798cf93) x31 0xfffffc79
core   0: 0x8000643c (0x0000100f) fence.i
core   0: 3 0x8000643c (0x0000100f)
core   0: 0x80006440 (0x12222e93) slti    t4, tp, 290
core   0: 3 0x80006440 (0x12222e93) x29 0x00000001
core   0: 0x80006444 (0x00b640b3) xor     ra, a2, a1
core   0: 3 0x80006444 (0x00b640b3) x 1 0x00000001
core   0: 0x80006448 (0x00b07333) and     t1, zero, a1
core   0: 3 0x80006448 (0x00b07333) x 6 0x00000000
core   0: 0x8000644c (0x9ea98613) addi    a2, s3, -1558
core   0: 3 0x8000644c (0x9ea98613) x12 0xfe64e686
core   0: 0x80006450 (0x04766663) bltu    a2, t2, pc + 76
core   0: 3 0x80006450 (0x04766663)
core   0: 0x80006454 (0x01c08833) add     a6, ra, t3
core   0: 3 0x80006454 (0x01c08833) x16 0x00000003
core   0: 0x80006458 (0x016f5793) srli    a5, t5, 22
core   0: 3 0x80006458 (0x016f5793) x15 0x000003ff
core   0: 0x8000645c (0x4091dd93) srai    s11, gp, 9
core   0: 3 0x8000645c (0x4091dd93) x27 0x00000000
core   0: 0x80006460 (0x51a20c37) lui     s8, 0x51a20
core   0: 3 0x80006460 (0x51a20c37) x24 0x51a20000
core   0: 0x80006464 (0x007f7e63) bgeu    t5, t2, pc + 28
core   0: 3 0x80006464 (0x007f7e63)
core   0: 0x80006480 (0xf5363b93) sltiu   s7, a2, -173
core   0: 3 0x80006480 (0xf5363b93) x23 0x00000001
core   0: 0x80006484 (0x00810ab3) add     s5, sp, s0
core   0: 3 0x80006484 (0x00810ab3) x21 0x0000066a
core   0: 0x80006488 (0x005a38b3) sltu    a7, s4, t0
core   0: 3 0x80006488 (0x005a38b3) x17 0x00000001
core   0: 0x8000648c (0x00eed463) bge     t4, a4, pc + 8
core   0: 3 0x8000648c (0x00eed463)
core   0: 0x80006490 (0x006de663) bltu    s11, t1, pc + 12
core   0: 3 0x80006490 (0x006de663)
core   0: 0x80006494 (0x05320463) beq     tp, s3, pc + 72
core   0: 3 0x80006494 (0x05320463)
core   0: 0x80006498 (0xa813c913) xori    s2, t2, -1407
core   0: 3 0x80006498 (0xa813c913) x18 0xfffffa81
core   0: 0x8000649c (0x502f31b7) lui     gp, 0x502f3
core   0: 3 0x8000649c (0x502f31b7) x 3 0x502f3000
core   0: 0x800064a0 (0x00486a33) or      s4, a6, tp
core   0: 3 0x800064a0 (0x00486a33) x20 0x8002bce7
core   0: 0x800064a4 (0x0000100f) fence.i
core   0: 3 0x800064a4 (0x0000100f)
core   0: 0x800064a8 (0x6c2af017) auipc   zero, 0x6c2af
core   0: 3 0x800064a8 (0x6c2af017)
core   0: 0x800064ac (0x63cb4293) xori    t0, s6, 1596
core   0: 3 0x800064ac (0x63cb4293) x 5 0x80027858
core   0: 0x800064b0 (0x011a55b3) srl     a1, s4, a7
core   0: 3 0x800064b0 (0x011a55b3) x11 0x40015e73
core   0: 0x800064b4 (0x0515d063) bge     a1, a7, pc + 64
core   0: 3 0x800064b4 (0x0515d063)
core   0: 0x800064f4 (0x002bd7b3) srl     a5, s7, sp
core   0: 3 0x800064f4 (0x002bd7b3) x15 0x00000001
core   0: 0x800064f8 (0x00085933) srl     s2, a6, zero
core   0: 3 0x800064f8 (0x00085933) x18 0x00000003
core   0: 0x800064fc (0x0000100f) fence.i
core   0: 3 0x800064fc (0x0000100f)
core   0: 0x80006500 (0x0000100f) fence.i
core   0: 3 0x80006500 (0x0000100f)
core   0: 0x80006504 (0x023c8063) beq     s9, gp, pc + 32
core   0: 3 0x80006504 (0x023c8063)
core   0: 0x80006508 (0x0000100f) fence.i
core   0: 3 0x80006508 (0x0000100f)
core   0: 0x8000650c (0x0435c463) blt     a1, gp, pc + 72
core   0: 3 0x8000650c (0x0435c463)
core   0: 0x80006554 (0x008b1a63) bne     s6, s0, pc + 20
core   0: 3 0x80006554 (0x008b1a63)
core   0: 0x80006568 (0x0018efb3) or      t6, a7, ra
core   0: 3 0x80006568 (0x0018efb3) x31 0x00000001
core   0: 0x8000656c (0xb2bee413) ori     s0, t4, -1237
core   0: 3 0x8000656c (0xb2bee413) x 8 0xfffffb2b
core   0: 0x80006570 (0x0ff0000f) fence   iorw,iorw
core   0: 3 0x80006570 (0x0ff0000f)
core   0: 0x80006574 (0x0000100f) fence.i
core   0: 3 0x80006574 (0x0000100f)
core   0: 0x80006578 (0x006c8463) beq     s9, t1, pc + 8
core   0: 3 0x80006578 (0x006c8463)
core   0: 0x8000657c (0x009712b3) sll     t0, a4, s1
core   0: 3 0x8000657c (0x009712b3) x 5 0x00000506
core   0: 0x80006580 (0x00000013) nop
core   0: 3 0x80006580 (0x00000013)
core   0: 0x80006584 (0x01ed9493) slli    s1, s11, 30
core   0: 3 0x80006584 (0x01ed9493) x 9 0x00000000
core   0: 0x80006588 (0x01949f93) slli    t6, s1, 25
core   0: 3 0x80006588 (0x01949f93) x31 0x00000000
core   0: 0x8000658c (0xf4466293) ori     t0, a2, -188
core   0: 3 0x8000658c (0xf4466293) x 5 0xffffffc6
core   0: 0x80006590 (0x0ae06663) bltu    zero, a4, pc + 172
core   0: 3 0x80006590 (0x0ae06663)
core   0: 0x8000663c (0x1ece6593) ori     a1, t3, 492
core   0: 3 0x8000663c (0x1ece6593) x11 0x000001ee
core   0: 0x80006640 (0x01d365b3) or      a1, t1, t4
core   0: 3 0x80006640 (0x01d365b3) x11 0x00000001
core   0: 0x80006644 (0x00363c33) sltu    s8, a2, gp
core   0: 3 0x80006644 (0x00363c33) x24 0x00000000
core   0: 0x80006648 (0x01dc7833) and     a6, s8, t4
core   0: 3 0x80006648 (0x01dc7833) x16 0x00000000
core   0: 0x8000664c (0x006b0c33) add     s8, s6, t1
core   0: 3 0x8000664c (0x006b0c33) x24 0x80027e64
core   0: 0x80006650 (0x0000100f) fence.i
core   0: 3 0x80006650 (0x0000100f)
core   0: 0x80006654 (0x412584b3) sub     s1, a1, s2
core   0: 3 0x80006654 (0x412584b3) x 9 0xfffffffe
core   0: 0x80006658 (0x0120c463) blt     ra, s2, pc + 8
core   0: 3 0x80006658 (0x0120c463)
core   0: 0x80006660 (0x91edc013) xori    zero, s11, -1762
core   0: 3 0x80006660 (0x91edc013)
core   0: 0x80006664 (0xdb0c2313) slti    t1, s8, -592
core   0: 3 0x80006664 (0xdb0c2313) x 6 0x00000001
core   0: 0x80006668 (0x0111f463) bgeu    gp, a7, pc + 8
core   0: 3 0x80006668 (0x0111f463)
core   0: 0x80006670 (0x006f9113) slli    sp, t6, 6
core   0: 3 0x80006670 (0x006f9113) x 2 0x00000000
core   0: 0x80006674 (0x47d2b537) lui     a0, 0x47d2b
core   0: 3 0x80006674 (0x47d2b537) x10 0x47d2b000
core   0: 0x80006678 (0x006468b3) or      a7, s0, t1
core   0: 3 0x80006678 (0x006468b3) x17 0xfffffb2b
core   0: 0x8000667c (0x02239263) bne     t2, sp, pc + 36
core   0: 3 0x8000667c (0x02239263)
core   0: 0x80006680 (0x00161193) slli    gp, a2, 1
core   0: 3 0x80006680 (0x00161193) x 3 0xfcc9cd0c
core   0: 0x80006684 (0x00b6a633) slt     a2, a3, a1
core   0: 3 0x80006684 (0x00b6a633) x12 0x00000000
core   0: 0x80006688 (0x00532a33) slt     s4, t1, t0
core   0: 3 0x80006688 (0x00532a33) x20 0x00000000
core   0: 0x8000668c (0x002f9893) slli    a7, t6, 2
core   0: 3 0x8000668c (0x002f9893) x17 0x00000000
core   0: 0x80006690 (0x039d8663) beq     s11, s9, pc + 44
core   0: 3 0x80006690 (0x039d8663)
core   0: 0x80006694 (0x013a7463) bgeu    s4, s3, pc + 8
core   0: 3 0x80006694 (0x013a7463)
core   0: 0x80006698 (0x006b5513) srli    a0, s6, 6
core   0: 3 0x80006698 (0x006b5513) x10 0x020009f9
core   0: 0x8000669c (0x01c42eb3) slt     t4, s0, t3
core   0: 3 0x8000669c (0x01c42eb3) x29 0x00000001
core   0: 0x800066a0 (0xabf6aa93) slti    s5, a3, -1345
core   0: 3 0x800066a0 (0xabf6aa93) x21 0x00000000
core   0: 0x800066a4 (0x01c68bb3) add     s7, a3, t3
core   0: 3 0x800066a4 (0x01c68bb3) x23 0x00000003
core   0: 0x800066a8 (0x97931917) auipc   s2, 0x97931
core   0: 3 0x800066a8 (0x97931917) x18 0x179376a8
core   0: 0x800066ac (0x0000100f) fence.i
core   0: 3 0x800066ac (0x0000100f)
core   0: 0x800066b0 (0x0ff0000f) fence   iorw,iorw
core   0: 3 0x800066b0 (0x0ff0000f)
core   0: 0x800066b4 (0x0073dc13) srli    s8, t2, 7
core   0: 3 0x800066b4 (0x0073dc13) x24 0x00000000
core   0: 0x800066b8 (0x0ff0000f) fence   iorw,iorw
core   0: 3 0x800066b8 (0x0ff0000f)
core   0: 0x800066bc (0x00d89093) slli    ra, a7, 13
core   0: 3 0x800066bc (0x00d89093) x 1 0x00000000
core   0: 0x800066c0 (0x00000013) nop
core   0: 3 0x800066c0 (0x00000013)
core   0: 0x800066c4 (0x00e6d293) srli    t0, a3, 14
core   0: 3 0x800066c4 (0x00e6d293) x 5 0x00000000
core   0: 0x800066c8 (0xe9a93a97) auipc   s5, 0xe9a93
core   0: 3 0x800066c8 (0xe9a93a97) x21 0x69a996c8
core   0: 0x800066cc (0x03e49063) bne     s1, t5, pc + 32
core   0: 3 0x800066cc (0x03e49063)
core   0: 0x800066ec (0xab0fbd13) sltiu   s10, t6, -1360
core   0: 3 0x800066ec (0xab0fbd13) x26 0x00000001
core   0: 0x800066f0 (0xb9719837) lui     a6, 0xb9719
core   0: 3 0x800066f0 (0xb9719837) x16 0xb9719000
core   0: 0x800066f4 (0x003d1633) sll     a2, s10, gp
core   0: 3 0x800066f4 (0x003d1633) x12 0x00001000
core   0: 0x800066f8 (0x40e18733) sub     a4, gp, a4
core   0: 3 0x800066f8 (0x40e18733) x14 0xfcc9c806
core   0: 0x800066fc (0x00000013) nop
core   0: 3 0x800066fc (0x00000013)
core   0: 0x80006700 (0x02ac7263) bgeu    s8, a0, pc + 36
core   0: 3 0x80006700 (0x02ac7263)
core   0: 0x80006704 (0xb9542f93) slti    t6, s0, -1131
core   0: 3 0x80006704 (0xb9542f93) x31 0x00000001
core   0: 0x80006708 (0x0a695663) bge     s2, t1, pc + 172
core   0: 3 0x80006708 (0x0a695663)
core   0: 0x800067b4 (0x00e2d133) srl     sp, t0, a4
core   0: 3 0x800067b4 (0x00e2d133) x 2 0x00000000
core   0: 0x800067b8 (0x01872bb3) slt     s7, a4, s8
core   0: 3 0x800067b8 (0x01872bb3) x23 0x00000001
core   0: 0x800067bc (0x00000013) nop
core   0: 3 0x800067bc (0x00000013)
core   0: 0x800067c0 (0x00de51b3) srl     gp, t3, a3
core   0: 3 0x800067c0 (0x00de51b3) x 3 0x00000001
core   0: 0x800067c4 (0x00011a17) auipc   s4, 0x11
core   0: 3 0x800067c4 (0x00011a17) x20 0x800177c4
core   0: 0x800067c8 (0xfe4a0a13) addi    s4, s4, -28
core   0: 3 0x800067c8 (0xfe4a0a13) x20 0x800177a8
core   0: 0x800067cc (0x0000c917) auipc   s2, 0xc
core   0: 3 0x800067cc (0x0000c917) x18 0x800127cc
core   0: 0x800067d0 (0x7e490913) addi    s2, s2, 2020
core   0: 3 0x800067d0 (0x7e490913) x18 0x80012fb0
core   0: 0x800067d4 (0xfc7a0c03) lb      s8, -57(s4)
core   0: 3 0x800067d4 (0xfc7a0c03) x24 0x00000024 mem 0x8001776f
core   0: 0x800067d8 (0x009a4803) lbu     a6, 9(s4)
core   0: 3 0x800067d8 (0x009a4803) x16 0x0000006a mem 0x800177b1
core   0: 0x800067dc (0xfeaa1523) sh      a0, -22(s4)
core   0: 3 0x800067dc (0xfeaa1523) mem 0x80017792 0x09f9
core   0: 0x800067e0 (0x032a0183) lb      gp, 50(s4)
core   0: 3 0x800067e0 (0x032a0183) x 3 0xffffff91 mem 0x800177da
core   0: 0x800067e4 (0x00495a83) lhu     s5, 4(s2)
core   0: 3 0x800067e4 (0x00495a83) x21 0x00000000 mem 0x80012fb4
core   0: 0x800067e8 (0xfe8a5e03) lhu     t3, -24(s4)
core   0: 3 0x800067e8 (0xfe8a5e03) x28 0x00004a4b mem 0x80017790
core   0: 0x800067ec (0xff690503) lb      a0, -10(s2)
core   0: 3 0x800067ec (0xff690503) x10 0x0000005d mem 0x80012fa6
core   0: 0x800067f0 (0xfcca0703) lb      a4, -52(s4)
core   0: 3 0x800067f0 (0xfcca0703) x14 0x0000002f mem 0x80017774
core   0: 0x800067f4 (0xfbc91003) lh      zero, -68(s2)
core   0: 3 0x800067f4 (0xfbc91003) mem 0x80012f6c
core   0: 0x800067f8 (0x00ca0c03) lb      s8, 12(s4)
core   0: 3 0x800067f8 (0x00ca0c03) x24 0x0000006f mem 0x800177b4
core   0: 0x800067fc (0x009a08a3) sb      s1, 17(s4)
core   0: 3 0x800067fc (0x009a08a3) mem 0x800177b9 0xfe
core   0: 0x80006800 (0x05894883) lbu     a7, 88(s2)
core   0: 3 0x80006800 (0x05894883) x17 0x000000c3 mem 0x80013008
core   0: 0x80006804 (0xf3b90883) lb      a7, -197(s2)
core   0: 3 0x80006804 (0xf3b90883) x17 0xffffffa0 mem 0x80012eeb
core   0: 0x80006808 (0x01205f33) srl     t5, zero, s2
core   0: 3 0x80006808 (0x01205f33) x30 0x00000000
core   0: 0x8000680c (0x013d9293) slli    t0, s11, 19
core   0: 3 0x8000680c (0x013d9293) x 5 0x00000000
core   0: 0x80006810 (0x96c18313) addi    t1, gp, -1684
core   0: 3 0x80006810 (0x96c18313) x 6 0xfffff8fd
core   0: 0x80006814 (0x008737b3) sltu    a5, a4, s0
core   0: 3 0x80006814 (0x008737b3) x15 0x00000001
core   0: 0x80006818 (0x00869a93) slli    s5, a3, 8
core   0: 3 0x80006818 (0x00869a93) x21 0x00000100
core   0: 0x8000681c (0x19402413) slti    s0, zero, 404
core   0: 3 0x8000681c (0x19402413) x 8 0x00000001
core   0: 0x80006820 (0x00325633) srl     a2, tp, gp
core   0: 3 0x80006820 (0x00325633) x12 0x00004001
core   0: 0x80006824 (0x001ea3b3) slt     t2, t4, ra
core   0: 3 0x80006824 (0x001ea3b3) x 7 0x00000000
core   0: 0x80006828 (0x64bbab93) slti    s7, s7, 1611
core   0: 3 0x80006828 (0x64bbab93) x23 0x00000001
core   0: 0x8000682c (0x0705f613) andi    a2, a1, 112
core   0: 3 0x8000682c (0x0705f613) x12 0x00000000
core   0: 0x80006830 (0x0ff0000f) fence   iorw,iorw
core   0: 3 0x80006830 (0x0ff0000f)
core   0: 0x80006834 (0x99497593) andi    a1, s2, -1644
core   0: 3 0x80006834 (0x99497593) x11 0x80012990
core   0: 0x80006838 (0x00000013) nop
core   0: 3 0x80006838 (0x00000013)
core   0: 0x8000683c (0xc0f22797) auipc   a5, 0xc0f22
core   0: 3 0x8000683c (0xc0f22797) x15 0x40f2883c
core   0: 0x80006840 (0x201ba293) slti    t0, s7, 513
core   0: 3 0x80006840 (0x201ba293) x 5 0x00000001
core   0: 0x80006844 (0x4094d3b3) sra     t2, s1, s1
core   0: 3 0x80006844 (0x4094d3b3) x 7 0xffffffff
core   0: 0x80006848 (0x0140036f) jal     t1, pc + 0x14
core   0: 3 0x80006848 (0x0140036f) x 6 0x8000684c
core   0: 0x8000685c (0x00c00f6f) jal     t5, pc + 0xc
core   0: 3 0x8000685c (0x00c00f6f) x30 0x80006860
core   0: 0x80006868 (0x024000ef) jal     pc + 0x24
core   0: 3 0x80006868 (0x024000ef) x 1 0x8000686c
core   0: 0x8000688c (0xfc5ff36f) jal     t1, pc - 0x3c
core   0: 3 0x8000688c (0xfc5ff36f) x 6 0x80006890
core   0: 0x80006850 (0x0140036f) jal     t1, pc + 0x14
core   0: 3 0x80006850 (0x0140036f) x 6 0x80006854
core   0: 0x80006864 (0x0080036f) jal     t1, pc + 0x8
core   0: 3 0x80006864 (0x0080036f) x 6 0x80006868
core   0: 0x8000686c (0x004000ef) jal     pc + 0x4
core   0: 3 0x8000686c (0x004000ef) x 1 0x80006870
core   0: 0x80006870 (0x004000ef) jal     pc + 0x4
core   0: 3 0x80006870 (0x004000ef) x 1 0x80006874
core   0: 0x80006874 (0x0080036f) jal     t1, pc + 0x8
core   0: 3 0x80006874 (0x0080036f) x 6 0x80006878
core   0: 0x8000687c (0xfd9ff0ef) jal     pc - 0x28
core   0: 3 0x8000687c (0xfd9ff0ef) x 1 0x80006880
core   0: 0x80006854 (0x0240036f) jal     t1, pc + 0x24
core   0: 3 0x80006854 (0x0240036f) x 6 0x80006858
core   0: 0x80006878 (0xfe9ff36f) jal     t1, pc - 0x18
core   0: 3 0x80006878 (0xfe9ff36f) x 6 0x8000687c
core   0: 0x80006860 (0x0200016f) jal     sp, pc + 0x20
core   0: 3 0x80006860 (0x0200016f) x 2 0x80006864
core   0: 0x80006880 (0xfd9ff0ef) jal     pc - 0x28
core   0: 3 0x80006880 (0xfd9ff0ef) x 1 0x80006884
core   0: 0x80006858 (0x0380036f) jal     t1, pc + 0x38
core   0: 3 0x80006858 (0x0380036f) x 6 0x8000685c
core   0: 0x80006890 (0xfbdff36f) jal     t1, pc - 0x44
core   0: 3 0x80006890 (0xfbdff36f) x 6 0x80006894
core   0: 0x8000684c (0x0380096f) jal     s2, pc + 0x38
core   0: 3 0x8000684c (0x0380096f) x18 0x80006850
core   0: 0x80006884 (0x004000ef) jal     pc + 0x4
core   0: 3 0x80006884 (0x004000ef) x 1 0x80006888
core   0: 0x80006888 (0x00c000ef) jal     pc + 0xc
core   0: 3 0x80006888 (0x00c000ef) x 1 0x8000688c
core   0: 0x80006894 (0x006dd313) srli    t1, s11, 6
core   0: 3 0x80006894 (0x006dd313) x 6 0x00000000
core   0: 0x80006898 (0x7ee5c517) auipc   a0, 0x7ee5c
core   0: 3 0x80006898 (0x7ee5c517) x10 0xfee62898
core   0: 0x8000689c (0x6c80e313) ori     t1, ra, 1736
core   0: 3 0x8000689c (0x6c80e313) x 6 0x80006ecc
core   0: 0x800068a0 (0x01710f33) add     t5, sp, s7
core   0: 3 0x800068a0 (0x01710f33) x30 0x80006865
core   0: 0x800068a4 (0x59303793) sltiu   a5, zero, 1427
core   0: 3 0x800068a4 (0x59303793) x15 0x00000001
core   0: 0x800068a8 (0x01b6a0b3) slt     ra, a3, s11
core   0: 3 0x800068a8 (0x01b6a0b3) x 1 0x00000000
core   0: 0x800068ac (0x01327e63) bgeu    tp, s3, pc + 28
core   0: 3 0x800068ac (0x01327e63)
core   0: 0x800068b0 (0x66567a93) andi    s5, a2, 1637
core   0: 3 0x800068b0 (0x66567a93) x21 0x00000000
core   0: 0x800068b4 (0x01cf8633) add     a2, t6, t3
core   0: 3 0x800068b4 (0x01cf8633) x12 0x00004a4c
core   0: 0x800068b8 (0x007c7eb3) and     t4, s8, t2
core   0: 3 0x800068b8 (0x007c7eb3) x29 0x0000006f
core   0: 0x800068bc (0x00a94a33) xor     s4, s2, a0
core   0: 3 0x800068bc (0x00a94a33) x20 0x7ee640c8
core   0: 0x800068c0 (0x00de4633) xor     a2, t3, a3
core   0: 3 0x800068c0 (0x00de4633) x12 0x00004a4a
core   0: 0x800068c4 (0xffe2bc93) sltiu   s9, t0, -2
core   0: 3 0x800068c4 (0xffe2bc93) x25 0x00000001
core   0: 0x800068c8 (0x40fcddb3) sra     s11, s9, a5
core   0: 3 0x800068c8 (0x40fcddb3) x27 0x00000000
core   0: 0x800068cc (0x05766663) bltu    a2, s7, pc + 76
core   0: 3 0x800068cc (0x05766663)
core   0: 0x800068d0 (0x61aff013) andi    zero, t6, 1562
core   0: 3 0x800068d0 (0x61aff013)
core   0: 0x800068d4 (0x946a2593) slti    a1, s4, -1722
core   0: 3 0x800068d4 (0x946a2593) x11 0x00000000
core   0: 0x800068d8 (0x00792733) slt     a4, s2, t2
core   0: 3 0x800068d8 (0x00792733) x14 0x00000001
core   0: 0x800068dc (0x04e08063) beq     ra, a4, pc + 64
core   0: 3 0x800068dc (0x04e08063)
core   0: 0x800068e0 (0x00000013) nop
core   0: 3 0x800068e0 (0x00000013)
core   0: 0x800068e4 (0x00e312b3) sll     t0, t1, a4
core   0: 3 0x800068e4 (0x00e312b3) x 5 0x0000dd98
core   0: 0x800068e8 (0xb03c6793) ori     a5, s8, -1277
core   0: 3 0x800068e8 (0xb03c6793) x15 0xfffffb6f
core   0: 0x800068ec (0x016ee933) or      s2, t4, s6
core   0: 3 0x800068ec (0x016ee933) x18 0x80027e6f
core   0: 0x800068f0 (0xf778b737) lui     a4, 0xf778b
core   0: 3 0x800068f0 (0xf778b737) x14 0xf778b000
core   0: 0x800068f4 (0x0ff0000f) fence   iorw,iorw
core   0: 3 0x800068f4 (0x0ff0000f)
core   0: 0x800068f8 (0x4e32e693) ori     a3, t0, 1251
core   0: 3 0x800068f8 (0x4e32e693) x13 0x0000ddfb
core   0: 0x800068fc (0x818aca93) xori    s5, s5, -2024
core   0: 3 0x800068fc (0x818aca93) x21 0xfffff818
core   0: 0x80006900 (0xa392c313) xori    t1, t0, -1479
core   0: 3 0x80006900 (0xa392c313) x 6 0xffff27a1
core   0: 0x80006904 (0x01d1b633) sltu    a2, gp, t4
core   0: 3 0x80006904 (0x01d1b633) x12 0x00000000
core   0: 0x80006908 (0x0ff0000f) fence   iorw,iorw
core   0: 3 0x80006908 (0x0ff0000f)
core   0: 0x8000690c (0x007ce3b3) or      t2, s9, t2
core   0: 3 0x8000690c (0x007ce3b3) x 7 0xffffffff
core   0: 0x80006910 (0x00c1d193) srli    gp, gp, 12
core   0: 3 0x80006910 (0x00c1d193) x 3 0x000fffff
core   0: 0x80006914 (0x018768b3) or      a7, a4, s8
core   0: 3 0x80006914 (0x018768b3) x17 0xf778b06f
core   0: 0x80006918 (0x2e0e13b7) lui     t2, 0x2e0e1
core   0: 3 0x80006918 (0x2e0e13b7) x 7 0x2e0e1000
core   0: 0x8000691c (0x01e394b3) sll     s1, t2, t5
core   0: 3 0x8000691c (0x01e394b3) x 9 0xc1c20000
core   0: 0x80006920 (0x0000100f) fence.i
core   0: 3 0x80006920 (0x0000100f)
core   0: 0x80006924 (0x05f39863) bne     t2, t6, pc + 80
core   0: 3 0x80006924 (0x05f39863)
core   0: 0x80006974 (0xec86e0b7) lui     ra, 0xec86e
core   0: 3 0x80006974 (0xec86e0b7) x 1 0xec86e000
core   0: 0x80006978 (0x54c0b393) sltiu   t2, ra, 1356
core   0: 3 0x80006978 (0x54c0b393) x 7 0x00000000
core   0: 0x8000697c (0x00dfb633) sltu    a2, t6, a3
core   0: 3 0x8000697c (0x00dfb633) x12 0x00000001
core   0: 0x80006980 (0x02828263) beq     t0, s0, pc + 36
core   0: 3 0x80006980 (0x02828263)
core   0: 0x80006984 (0x019efbb3) and     s7, t4, s9
core   0: 3 0x80006984 (0x019efbb3) x23 0x00000001
core   0: 0x80006988 (0x35300a37) lui     s4, 0x35300
core   0: 3 0x80006988 (0x35300a37) x20 0x35300000
core   0: 0x8000698c (0xaae3ec17) auipc   s8, 0xaae3e
core   0: 3 0x8000698c (0xaae3ec17) x24 0x2ae4498c
core   0: 0x80006990 (0x00000013) nop
core   0: 3 0x80006990 (0x00000013)
core   0: 0x80006994 (0x00ccbe33) sltu    t3, s9, a2
core   0: 3 0x80006994 (0x00ccbe33) x28 0x00000000
core   0: 0x80006998 (0x03307a63) bgeu    zero, s3, pc + 52
core   0: 3 0x80006998 (0x03307a63)
core   0: 0x8000699c (0x00f57fb3) and     t6, a0, a5
core   0: 3 0x8000699c (0x00f57fb3) x31 0xfee62808
core   0: 0x800069a0 (0x208e3793) sltiu   a5, t3, 520
core   0: 3 0x800069a0 (0x208e3793) x15 0x00000001
core   0: 0x800069a4 (0x013d2933) slt     s2, s10, s3
core   0: 3 0x800069a4 (0x013d2933) x18 0x00000000
core   0: 0x800069a8 (0x4056d113) srai    sp, a3, 5
core   0: 3 0x800069a8 (0x4056d113) x 2 0x000006ef
core   0: 0x800069ac (0x00000013) nop
core   0: 3 0x800069ac (0x00000013)
core   0: 0x800069b0 (0x402c8d33) sub     s10, s9, sp
core   0: 3 0x800069b0 (0x402c8d33) x26 0xfffff912
core   0: 0x800069b4 (0x003bb433) sltu    s0, s7, gp
core   0: 3 0x800069b4 (0x003bb433) x 8 0x00000001
core   0: 0x800069b8 (0x01942fb3) slt     t6, s0, s9
core   0: 3 0x800069b8 (0x01942fb3) x31 0x00000000
core   0: 0x800069bc (0x01921f13) slli    t5, tp, 25
core   0: 3 0x800069bc (0x01921f13) x30 0xc8000000
core   0: 0x800069c0 (0x01c78533) add     a0, a5, t3
core   0: 3 0x800069c0 (0x01c78533) x10 0x00000001
core   0: 0x800069c4 (0x007f9193) slli    gp, t6, 7
core   0: 3 0x800069c4 (0x007f9193) x 3 0x00000000
core   0: 0x800069c8 (0x417f5393) srai    t2, t5, 23
core   0: 3 0x800069c8 (0x417f5393) x 7 0xffffff90
core   0: 0x800069cc (0x41da5d33) sra     s10, s4, t4
core   0: 3 0x800069cc (0x41da5d33) x26 0x00006a60
core   0: 0x800069d0 (0x0593c463) blt     t2, s9, pc + 72
core   0: 3 0x800069d0 (0x0593c463)
core   0: 0x80006a18 (0x7a0a8913) addi    s2, s5, 1952
core   0: 3 0x80006a18 (0x7a0a8913) x18 0xffffffb8
core   0: 0x80006a1c (0x00000013) nop
core   0: 3 0x80006a1c (0x00000013)
core   0: 0x80006a20 (0x01779863) bne     a5, s7, pc + 16
core   0: 3 0x80006a20 (0x01779863)
core   0: 0x80006a24 (0x0568e263) bltu    a7, s6, pc + 68
core   0: 3 0x80006a24 (0x0568e263)
core   0: 0x80006a28 (0xfc68b537) lui     a0, 0xfc68b
core   0: 3 0x80006a28 (0xfc68b537) x10 0xfc68b000
core   0: 0x80006a2c (0x01aace63) blt     s5, s10, pc + 28
core   0: 3 0x80006a2c (0x01aace63)
core   0: 0x80006a48 (0x010c0833) add     a6, s8, a6
core   0: 3 0x80006a48 (0x010c0833) x16 0x2ae449f6
core   0: 0x80006a4c (0x400e51b3) sra     gp, t3, zero
core   0: 3 0x80006a4c (0x400e51b3) x 3 0x00000000
core   0: 0x80006a50 (0x021af263) bgeu    s5, ra, pc + 36
core   0: 3 0x80006a50 (0x021af263)
core   0: 0x80006a74 (0x00000013) nop
core   0: 3 0x80006a74 (0x00000013)
core   0: 0x80006a78 (0x0000100f) fence.i
core   0: 3 0x80006a78 (0x0000100f)
core   0: 0x80006a7c (0x00dda6b3) slt     a3, s11, a3
core   0: 3 0x80006a7c (0x00dda6b3) x13 0x00000001
core   0: 0x80006a80 (0xdd136e93) ori     t4, t1, -559
core   0: 3 0x80006a80 (0xdd136e93) x29 0xfffffff1
core   0: 0x80006a84 (0x0042d663) bge     t0, tp, pc + 12
core   0: 3 0x80006a84 (0x0042d663)
core   0: 0x80006a90 (0x00189833) sll     a6, a7, ra
core   0: 3 0x80006a90 (0x00189833) x16 0xf778b06f
core   0: 0x80006a94 (0x0000100f) fence.i
core   0: 3 0x80006a94 (0x0000100f)
core   0: 0x80006a98 (0x04dd4663) blt     s10, a3, pc + 76
core   0: 3 0x80006a98 (0x04dd4663)
core   0: 0x80006a9c (0x02231063) bne     t1, sp, pc + 32
core   0: 3 0x80006a9c (0x02231063)
core   0: 0x80006abc (0x0d966793) ori     a5, a2, 217
core   0: 3 0x80006abc (0x0d966793) x15 0x000000d9
core   0: 0x80006ac0 (0x0126ecb3) or      s9, a3, s2
core   0: 3 0x80006ac0 (0x0126ecb3) x25 0xffffffb9
core   0: 0x80006ac4 (0x0000100f) fence.i
core   0: 3 0x80006ac4 (0x0000100f)
core   0: 0x80006ac8 (0x0581f463) bgeu    gp, s8, pc + 72
core   0: 3 0x80006ac8 (0x0581f463)
core   0: 0x80006acc (0x04f14663) blt     sp, a5, pc + 76
core   0: 3 0x80006acc (0x04f14663)
core   0: 0x80006ad0 (0x40098ab3) sub     s5, s3, zero
core   0: 3 0x80006ad0 (0x40098ab3) x21 0xfe64ec9c
core   0: 0x80006ad4 (0x017e4ab3) xor     s5, t3, s7
core   0: 3 0x80006ad4 (0x017e4ab3) x21 0x00000001
core   0: 0x80006ad8 (0xc3f8c713) xori    a4, a7, -961
core   0: 3 0x80006ad8 (0xc3f8c713) x14 0x08874c50
core   0: 0x80006adc (0x4098dbb3) sra     s7, a7, s1
core   0: 3 0x80006adc (0x4098dbb3) x23 0xf778b06f
core   0: 0x80006ae0 (0x0039dd13) srli    s10, s3, 3
core   0: 3 0x80006ae0 (0x0039dd13) x26 0x1fcc9d93
core   0: 0x80006ae4 (0xc9b72e93) slti    t4, a4, -869
core   0: 3 0x80006ae4 (0xc9b72e93) x29 0x00000000
core   0: 0x80006ae8 (0x0009e1b3) or      gp, s3, zero
core   0: 3 0x80006ae8 (0x0009e1b3) x 3 0xfe64ec9c
core   0: 0x80006aec (0x8657ce17) auipc   t3, 0x8657c
core   0: 3 0x80006aec (0x8657ce17) x28 0x06582aec
core   0: 0x80006af0 (0x9220a793) slti    a5, ra, -1758
core   0: 3 0x80006af0 (0x9220a793) x15 0x00000001
core   0: 0x80006af4 (0x00fc9613) slli    a2, s9, 15
core   0: 3 0x80006af4 (0x00fc9613) x12 0xffdc8000
core   0: 0x80006af8 (0x40e88733) sub     a4, a7, a4
core   0: 3 0x80006af8 (0x40e88733) x14 0xeef1641f
core   0: 0x80006afc (0x01648463) beq     s1, s6, pc + 8
core   0: 3 0x80006afc (0x01648463)
core   0: 0x80006b00 (0x9fc97d13) andi    s10, s2, -1540
core   0: 3 0x80006b00 (0x9fc97d13) x26 0xfffff9b8
core   0: 0x80006b04 (0x67b3d537) lui     a0, 0x67b3d
core   0: 3 0x80006b04 (0x67b3d537) x10 0x67b3d000
core   0: 0x80006b08 (0x000ecf33) xor     t5, t4, zero
core   0: 3 0x80006b08 (0x000ecf33) x30 0x00000000
core   0: 0x80006b0c (0x012dda63) bge     s11, s2, pc + 20
core   0: 3 0x80006b0c (0x012dda63)
core   0: 0x80006b20 (0x0043a0b3) slt     ra, t2, tp
core   0: 3 0x80006b20 (0x0043a0b3) x 1 0x00000000
core   0: 0x80006b24 (0x40c2d113) srai    sp, t0, 12
core   0: 3 0x80006b24 (0x40c2d113) x 2 0x0000000d
core   0: 0x80006b28 (0x40d15433) sra     s0, sp, a3
core   0: 3 0x80006b28 (0x40d15433) x 8 0x00000006
core   0: 0x80006b2c (0x044fd863) bge     t6, tp, pc + 80
core   0: 3 0x80006b2c (0x044fd863)
core   0: 0x80006b7c (0x40ab0bb3) sub     s7, s6, a0
core   0: 3 0x80006b7c (0x40ab0bb3) x23 0x184eae64
core   0: 0x80006b80 (0x00a06e63) bltu    zero, a0, pc + 28
core   0: 3 0x80006b80 (0x00a06e63)
core   0: 0x80006b9c (0x0136d293) srli    t0, a3, 19
core   0: 3 0x80006b9c (0x0136d293) x 5 0x00000000
core   0: 0x80006ba0 (0x037e0063) beq     t3, s7, pc + 32
core   0: 3 0x80006ba0 (0x037e0063)
core   0: 0x80006ba4 (0x05afd063) bge     t6, s10, pc + 64
core   0: 3 0x80006ba4 (0x05afd063)
core   0: 0x80006be4 (0xb2298597) auipc   a1, 0xb2298
core   0: 3 0x80006be4 (0xb2298597) x11 0x3229ebe4
core   0: 0x80006be8 (0x0072cd33) xor     s10, t0, t2
core   0: 3 0x80006be8 (0x0072cd33) x26 0xffffff90
core   0: 0x80006bec (0xc0a6c793) xori    a5, a3, -1014
core   0: 3 0x80006bec (0xc0a6c793) x15 0xfffffc0b
core   0: 0x80006bf0 (0x0ff0000f) fence   iorw,iorw
core   0: 3 0x80006bf0 (0x0ff0000f)
core   0: 0x80006bf4 (0xf5788513) addi    a0, a7, -169
core   0: 3 0x80006bf4 (0xf5788513) x10 0xf778afc6
core   0: 0x80006bf8 (0x00437433) and     s0, t1, tp
core   0: 3 0x80006bf8 (0x00437433) x 8 0x800224a0
core   0: 0x80006bfc (0xd439c893) xori    a7, s3, -701
core   0: 3 0x80006bfc (0xd439c893) x17 0x019b11df
core   0: 0x80006c00 (0x014ca7b3) slt     a5, s9, s4
core   0: 3 0x80006c00 (0x014ca7b3) x15 0x00000001
core   0: 0x80006c04 (0x01042e33) slt     t3, s0, a6
core   0: 3 0x80006c04 (0x01042e33) x28 0x00000001
core   0: 0x80006c08 (0x013d6463) bltu    s10, s3, pc + 8
core   0: 3 0x80006c08 (0x013d6463)
core   0: 0x80006c0c (0x0065ce63) blt     a1, t1, pc + 28
core   0: 3 0x80006c0c (0x0065ce63)
core   0: 0x80006c10 (0x00bf9f13) slli    t5, t6, 11
core   0: 3 0x80006c10 (0x00bf9f13) x30 0x00000000
core   0: 0x80006c14 (0x40a3d293) srai    t0, t2, 10
core   0: 3 0x80006c14 (0x40a3d293) x 5 0xffffffff
core   0: 0x80006c18 (0x018168b3) or      a7, sp, s8
core   0: 3 0x80006c18 (0x018168b3) x17 0x2ae4498d
core   0: 0x80006c1c (0x012534b3) sltu    s1, a0, s2
core   0: 3 0x80006c1c (0x012534b3) x 9 0x00000001
core   0: 0x80006c20 (0xb9df87b7) lui     a5, 0xb9df8
core   0: 3 0x80006c20 (0xb9df87b7) x15 0xb9df8000
core   0: 0x80006c24 (0x012ed813) srli    a6, t4, 18
core   0: 3 0x80006c24 (0x012ed813) x16 0x00000000
core   0: 0x80006c28 (0x73f87193) andi    gp, a6, 1855
core   0: 3 0x80006c28 (0x73f87193) x 3 0x00000000
core   0: 0x80006c2c (0x04f10063) beq     sp, a5, pc + 64
core   0: 3 0x80006c2c (0x04f10063)
core   0: 0x80006c30 (0x41d5d393) srai    t2, a1, 29
core   0: 3 0x80006c30 (0x41d5d393) x 7 0x00000001
core   0: 0x80006c34 (0x46a5e913) ori     s2, a1, 1130
core   0: 3 0x80006c34 (0x46a5e913) x18 0x3229efee
core   0: 0x80006c38 (0x01746433) or      s0, s0, s7
core   0: 3 0x80006c38 (0x01746433) x 8 0x984eaee4
core   0: 0x80006c3c (0x0098fe63) bgeu    a7, s1, pc + 28
core   0: 3 0x80006c3c (0x0098fe63)
core   0: 0x80006c58 (0x68b4f513) andi    a0, s1, 1675
core   0: 3 0x80006c58 (0x68b4f513) x10 0x00000001
core   0: 0x80006c5c (0x40f0d6b3) sra     a3, ra, a5
core   0: 3 0x80006c5c (0x40f0d6b3) x13 0x00000000
core   0: 0x80006c60 (0x2b89eb93) ori     s7, s3, 696
core   0: 3 0x80006c60 (0x2b89eb93) x23 0xfe64eebc
core   0: 0x80006c64 (0x05707463) bgeu    zero, s7, pc + 72
core   0: 3 0x80006c64 (0x05707463)
core   0: 0x80006c68 (0x018bb2b3) sltu    t0, s7, s8
core   0: 3 0x80006c68 (0x018bb2b3) x 5 0x00000000
core   0: 0x80006c6c (0x00351ab3) sll     s5, a0, gp
core   0: 3 0x80006c6c (0x00351ab3) x21 0x00000001
core   0: 0x80006c70 (0x03374263) blt     a4, s3, pc + 36
core   0: 3 0x80006c70 (0x03374263)
core   0: 0x80006c94 (0x01b14933) xor     s2, sp, s11
core   0: 3 0x80006c94 (0x01b14933) x18 0x0000000d
core   0: 0x80006c98 (0x00000013) nop
core   0: 3 0x80006c98 (0x00000013)
core   0: 0x80006c9c (0x03fa0263) beq     s4, t6, pc + 36
core   0: 3 0x80006c9c (0x03fa0263)
core   0: 0x80006ca0 (0x0431e513) ori     a0, gp, 67
core   0: 3 0x80006ca0 (0x0431e513) x10 0x00000043
core   0: 0x80006ca4 (0x0ff0000f) fence   iorw,iorw
core   0: 3 0x80006ca4 (0x0ff0000f)
core   0: 0x80006ca8 (0x71664313) xori    t1, a2, 1814
core   0: 3 0x80006ca8 (0x71664313) x 6 0xffdc8716
core   0: 0x80006cac (0x0168d0b3) srl     ra, a7, s6
core   0: 3 0x80006cac (0x0168d0b3) x 1 0x02ae4498
core   0: 0x80006cb0 (0x30f60c13) addi    s8, a2, 783
core   0: 3 0x80006cb0 (0x30f60c13) x24 0xffdc830f
core   0: 0x80006cb4 (0x00b0a633) slt     a2, ra, a1
core   0: 3 0x80006cb4 (0x00b0a633) x12 0x00000001
core   0: 0x80006cb8 (0x013e9593) slli    a1, t4, 19
core   0: 3 0x80006cb8 (0x013e9593) x11 0x00000000
core   0: 0x80006cbc (0xdc10a293) slti    t0, ra, -575
core   0: 3 0x80006cbc (0xdc10a293) x 5 0x00000000
core   0: 0x80006cc0 (0x00d15ab3) srl     s5, sp, a3
core   0: 3 0x80006cc0 (0x00d15ab3) x21 0x0000000d
core   0: 0x80006cc4 (0x00000013) nop
core   0: 3 0x80006cc4 (0x00000013)
core   0: 0x80006cc8 (0x00000013) nop
core   0: 3 0x80006cc8 (0x00000013)
core   0: 0x80006ccc (0x2cec0f93) addi    t6, s8, 718
core   0: 3 0x80006ccc (0x2cec0f93) x31 0xffdc85dd
core   0: 0x80006cd0 (0x412fdc13) srai    s8, t6, 18
core   0: 3 0x80006cd0 (0x412fdc13) x24 0xfffffff7
core   0: 0x80006cd4 (0x01c983b3) add     t2, s3, t3
core   0: 3 0x80006cd4 (0x01c983b3) x 7 0xfe64ec9d
core   0: 0x80006cd8 (0x0000100f) fence.i
core   0: 3 0x80006cd8 (0x0000100f)
core   0: 0x80006cdc (0x00e4a933) slt     s2, s1, a4
core   0: 3 0x80006cdc (0x00e4a933) x18 0x00000000
core   0: 0x80006ce0 (0x554fb893) sltiu   a7, t6, 1364
core   0: 3 0x80006ce0 (0x554fb893) x17 0x00000000
core   0: 0x80006ce4 (0x002933b3) sltu    t2, s2, sp
core   0: 3 0x80006ce4 (0x002933b3) x 7 0x00000001
core   0: 0x80006ce8 (0x00979f13) slli    t5, a5, 9
core   0: 3 0x80006ce8 (0x00979f13) x30 0xbf000000
core   0: 0x80006cec (0xf84daf13) slti    t5, s11, -124
core   0: 3 0x80006cec (0xf84daf13) x30 0x00000000
core   0: 0x80006cf0 (0x2c27fa13) andi    s4, a5, 706
core   0: 3 0x80006cf0 (0x2c27fa13) x20 0x00000000
core   0: 0x80006cf4 (0x051e0463) beq     t3, a7, pc + 72
core   0: 3 0x80006cf4 (0x051e0463)
core   0: 0x80006cf8 (0xd2f0ff13) andi    t5, ra, -721
core   0: 3 0x80006cf8 (0xd2f0ff13) x30 0x02ae4408
core   0: 0x80006cfc (0x02394263) blt     s2, gp, pc + 36
core   0: 3 0x80006cfc (0x02394263)
core   0: 0x80006d00 (0x0240fa63) bgeu    ra, tp, pc + 52
core   0: 3 0x80006d00 (0x0240fa63)
core   0: 0x80006d04 (0x01543db3) sltu    s11, s0, s5
core   0: 3 0x80006d04 (0x01543db3) x27 0x00000000
core   0: 0x80006d08 (0x0038abb3) slt     s7, a7, gp
core   0: 3 0x80006d08 (0x0038abb3) x23 0x00000000
core   0: 0x80006d0c (0x04ac7263) bgeu    s8, a0, pc + 68
core   0: 3 0x80006d0c (0x04ac7263)
core   0: 0x80006d50 (0x00fc91b3) sll     gp, s9, a5
core   0: 3 0x80006d50 (0x00fc91b3) x 3 0xffffffb9
core   0: 0x80006d54 (0x0468e863) bltu    a7, t1, pc + 80
core   0: 3 0x80006d54 (0x0468e863)
core   0: 0x80006da4 (0x418c5293) srai    t0, s8, 24
core   0: 3 0x80006da4 (0x418c5293) x 5 0xffffffff
core   0: 0x80006da8 (0x00377033) and     zero, a4, gp
core   0: 3 0x80006da8 (0x00377033)
core   0: 0x80006dac (0x05251663) bne     a0, s2, pc + 76
core   0: 3 0x80006dac (0x05251663)
core   0: 0x80006df8 (0x0ff0000f) fence   iorw,iorw
core   0: 3 0x80006df8 (0x0ff0000f)
core   0: 0x80006dfc (0x00f65013) srli    zero, a2, 15
core   0: 3 0x80006dfc (0x00f65013)
core   0: 0x80006e00 (0x00791d93) slli    s11, s2, 7
core   0: 3 0x80006e00 (0x00791d93) x27 0x00000000
core   0: 0x80006e04 (0xa0eefa13) andi    s4, t4, -1522
core   0: 3 0x80006e04 (0xa0eefa13) x20 0x00000000
core   0: 0x80006e08 (0x0194ea33) or      s4, s1, s9
core   0: 3 0x80006e08 (0x0194ea33) x20 0xffffffb9
core   0: 0x80006e0c (0xfc21c313) xori    t1, gp, -62
core   0: 3 0x80006e0c (0xfc21c313) x 6 0x0000007b
core   0: 0x80006e10 (0x02534063) blt     t1, t0, pc + 32
core   0: 3 0x80006e10 (0x02534063)
core   0: 0x80006e14 (0x00eec663) blt     t4, a4, pc + 12
core   0: 3 0x80006e14 (0x00eec663)
core   0: 0x80006e18 (0x014e5013) srli    zero, t3, 20
core   0: 3 0x80006e18 (0x014e5013)
core   0: 0x80006e1c (0xe7110397) auipc   t2, 0xe7110
core   0: 3 0x80006e1c (0xe7110397) x 7 0x67116e1c
core   0: 0x80006e20 (0x282b3c93) sltiu   s9, s6, 642
core   0: 3 0x80006e20 (0x282b3c93) x25 0x00000000
core   0: 0x80006e24 (0x8c1f3593) sltiu   a1, t5, -1855
core   0: 3 0x80006e24 (0x8c1f3593) x11 0x00000001
core   0: 0x80006e28 (0x0c5b8c93) addi    s9, s7, 197
core   0: 3 0x80006e28 (0x0c5b8c93) x25 0x000000c5
core   0: 0x80006e2c (0x01287a63) bgeu    a6, s2, pc + 20
core   0: 3 0x80006e2c (0x01287a63)
core   0: 0x80006e40 (0x016cc633) xor     a2, s9, s6
core   0: 3 0x80006e40 (0x016cc633) x12 0x80027ea1
core   0: 0x80006e44 (0x45070617) auipc   a2, 0x45070
core   0: 3 0x80006e44 (0x45070617) x12 0xc5076e44
core   0: 0x80006e48 (0x0000100f) fence.i
core   0: 3 0x80006e48 (0x0000100f)
core   0: 0x80006e4c (0x016bf133) and     sp, s7, s6
core   0: 3 0x80006e4c (0x016bf133) x 2 0x00000000
core   0: 0x80006e50 (0x0033d5b3) srl     a1, t2, gp
core   0: 3 0x80006e50 (0x0033d5b3) x11 0x00000033
core   0: 0x80006e54 (0x0500d063) bge     ra, a6, pc + 64
core   0: 3 0x80006e54 (0x0500d063)
core   0: 0x80006e94 (0x9d7a2913) slti    s2, s4, -1577
core   0: 3 0x80006e94 (0x9d7a2913) x18 0x00000000
core   0: 0x80006e98 (0x0ff0000f) fence   iorw,iorw
core   0: 3 0x80006e98 (0x0ff0000f)
core   0: 0x80006e9c (0x0179da93) srli    s5, s3, 23
core   0: 3 0x80006e9c (0x0179da93) x21 0x000001fc
core   0: 0x80006ea0 (0x415485b3) sub     a1, s1, s5
core   0: 3 0x80006ea0 (0x415485b3) x11 0xfffffe05
core   0: 0x80006ea4 (0x6d0cb913) sltiu   s2, s9, 1744
core   0: 3 0x80006ea4 (0x6d0cb913) x18 0x00000001
core   0: 0x80006ea8 (0x6e4c4513) xori    a0, s8, 1764
core   0: 3 0x80006ea8 (0x6e4c4513) x10 0xfffff913
core   0: 0x80006eac (0x04697463) bgeu    s2, t1, pc + 72
core   0: 3 0x80006eac (0x04697463)
core   0: 0x80006eb0 (0x00000013) nop
core   0: 3 0x80006eb0 (0x00000013)
core   0: 0x80006eb4 (0x41445633) sra     a2, s0, s4
core   0: 3 0x80006eb4 (0x41445633) x12 0xffffffcc
core   0: 0x80006eb8 (0x5f306393) ori     t2, zero, 1523
core   0: 3 0x80006eb8 (0x5f306393) x 7 0x000005f3
core   0: 0x80006ebc (0x2137f613) andi    a2, a5, 531
core   0: 3 0x80006ebc (0x2137f613) x12 0x00000000
core   0: 0x80006ec0 (0x4191dd33) sra     s10, gp, s9
core   0: 3 0x80006ec0 (0x4191dd33) x26 0xfffffffd
core   0: 0x80006ec4 (0x035c8a63) beq     s9, s5, pc + 52
core   0: 3 0x80006ec4 (0x035c8a63)
core   0: 0x80006ec8 (0x03c05663) bge     zero, t3, pc + 44
core   0: 3 0x80006ec8 (0x03c05663)
core   0: 0x80006ecc (0x00015e93) srli    t4, sp, 0
core   0: 3 0x80006ecc (0x00015e93) x29 0x00000000
core   0: 0x80006ed0 (0xc070e913) ori     s2, ra, -1017
core   0: 3 0x80006ed0 (0xc070e913) x18 0xfffffc9f
core   0: 0x80006ed4 (0x01b7b433) sltu    s0, a5, s11
core   0: 3 0x80006ed4 (0x01b7b433) x 8 0x00000000
core   0: 0x80006ed8 (0x33820eb7) lui     t4, 0x33820
core   0: 3 0x80006ed8 (0x33820eb7) x29 0x33820000
core   0: 0x80006edc (0x54daf293) andi    t0, s5, 1357
core   0: 3 0x80006edc (0x54daf293) x 5 0x0000014c
core   0: 0x80006ee0 (0x01140463) beq     s0, a7, pc + 8
core   0: 3 0x80006ee0 (0x01140463)
core   0: 0x80006ee8 (0x4158da33) sra     s4, a7, s5
core   0: 3 0x80006ee8 (0x4158da33) x20 0x00000000
core   0: 0x80006eec (0xd4555f37) lui     t5, 0xd4555
core   0: 3 0x80006eec (0xd4555f37) x30 0xd4555000
core   0: 0x80006ef0 (0x40ae80b3) sub     ra, t4, a0
core   0: 3 0x80006ef0 (0x40ae80b3) x 1 0x338206ed
core   0: 0x80006ef4 (0x000e3333) sltu    t1, t3, zero
core   0: 3 0x80006ef4 (0x000e3333) x 6 0x00000000
core   0: 0x80006ef8 (0x005be663) bltu    s7, t0, pc + 12
core   0: 3 0x80006ef8 (0x005be663)
core   0: 0x80006f04 (0x016d9793) slli    a5, s11, 22
core   0: 3 0x80006f04 (0x016d9793) x15 0x00000000
core   0: 0x80006f08 (0x5c529017) auipc   zero, 0x5c529
core   0: 3 0x80006f08 (0x5c529017)
core   0: 0x80006f0c (0x000a9a33) sll     s4, s5, zero
core   0: 3 0x80006f0c (0x000a9a33) x20 0x000001fc
core   0: 0x80006f10 (0x01aab433) sltu    s0, s5, s10
core   0: 3 0x80006f10 (0x01aab433) x 8 0x00000001
core   0: 0x80006f14 (0x005da033) slt     zero, s11, t0
core   0: 3 0x80006f14 (0x005da033)
core   0: 0x80006f18 (0x00c8b8b3) sltu    a7, a7, a2
core   0: 3 0x80006f18 (0x00c8b8b3) x17 0x00000000
core   0: 0x80006f1c (0x00b714b3) sll     s1, a4, a1
core   0: 3 0x80006f1c (0x00b714b3) x 9 0xde2c83e0
core   0: 0x80006f20 (0x01c85593) srli    a1, a6, 28
core   0: 3 0x80006f20 (0x01c85593) x11 0x00000000
core   0: 0x80006f24 (0x01c6a0b3) slt     ra, a3, t3
core   0: 3 0x80006f24 (0x01c6a0b3) x 1 0x00000001
core   0: 0x80006f28 (0x5c70c817) auipc   a6, 0x5c70c
core   0: 3 0x80006f28 (0x5c70c817) x16 0xdc712f28
core   0: 0x80006f2c (0x00df1e93) slli    t4, t5, 13
core   0: 3 0x80006f2c (0x00df1e93) x29 0xaa000000
core   0: 0x80006f30 (0x405cd6b3) sra     a3, s9, t0
core   0: 3 0x80006f30 (0x405cd6b3) x13 0x00000000
core   0: 0x80006f34 (0x0000100f) fence.i
core   0: 3 0x80006f34 (0x0000100f)
core   0: 0x80006f38 (0x237aad93) slti    s11, s5, 567
core   0: 3 0x80006f38 (0x237aad93) x27 0x00000001
core   0: 0x80006f3c (0x0f5bb897) auipc   a7, 0xf5bb
core   0: 3 0x80006f3c (0x0f5bb897) x17 0x8f5c1f3c
core   0: 0x80006f40 (0x40890cb3) sub     s9, s2, s0
core   0: 3 0x80006f40 (0x40890cb3) x25 0xfffffc9e
core   0: 0x80006f44 (0x4149d013) srai    zero, s3, 20
core   0: 3 0x80006f44 (0x4149d013)
core   0: 0x80006f48 (0x0000100f) fence.i
core   0: 3 0x80006f48 (0x0000100f)
core   0: 0x80006f4c (0x2e7bb513) sltiu   a0, s7, 743
core   0: 3 0x80006f4c (0x2e7bb513) x10 0x00000001
core   0: 0x80006f50 (0x03984263) blt     a6, s9, pc + 36
core   0: 3 0x80006f50 (0x03984263)
core   0: 0x80006f74 (0x016ddf33) srl     t5, s11, s6
core   0: 3 0x80006f74 (0x016ddf33) x30 0x00000000
core   0: 0x80006f78 (0x40b10033) sub     zero, sp, a1
core   0: 3 0x80006f78 (0x40b10033)
core   0: 0x80006f7c (0x41aad293) srai    t0, s5, 26
core   0: 3 0x80006f7c (0x41aad293) x 5 0x00000000
core   0: 0x80006f80 (0xc375a393) slti    t2, a1, -969
core   0: 3 0x80006f80 (0xc375a393) x 7 0x00000000
core   0: 0x80006f84 (0x020fe263) bltu    t6, zero, pc + 36
core   0: 3 0x80006f84 (0x020fe263)
core   0: 0x80006f88 (0x00221613) slli    a2, tp, 2
core   0: 3 0x80006f88 (0x00221613) x12 0x000af390
core   0: 0x80006f8c (0x4f9ccf13) xori    t5, s9, 1273
core   0: 3 0x80006f8c (0x4f9ccf13) x30 0xfffff867
core   0: 0x80006f90 (0x4196d733) sra     a4, a3, s9
core   0: 3 0x80006f90 (0x4196d733) x14 0x00000000
core   0: 0x80006f94 (0x01d5b733) sltu    a4, a1, t4
core   0: 3 0x80006f94 (0x01d5b733) x14 0x00000001
core   0: 0x80006f98 (0xd0177113) andi    sp, a4, -767
core   0: 3 0x80006f98 (0xd0177113) x 2 0x00000001
core   0: 0x80006f9c (0xf69dec13) ori     s8, s11, -151
core   0: 3 0x80006f9c (0xf69dec13) x24 0xffffff69
core   0: 0x80006fa0 (0x039f4063) blt     t5, s9, pc + 32
core   0: 3 0x80006fa0 (0x039f4063)
core   0: 0x80006fc0 (0x0000100f) fence.i
core   0: 3 0x80006fc0 (0x0000100f)
core   0: 0x80006fc4 (0x01f4a1b3) slt     gp, s1, t6
core   0: 3 0x80006fc4 (0x01f4a1b3) x 3 0x00000001
core   0: 0x80006fc8 (0x010cfeb3) and     t4, s9, a6
core   0: 3 0x80006fc8 (0x010cfeb3) x29 0xdc712c08
core   0: 0x80006fcc (0x01eeb4b3) sltu    s1, t4, t5
core   0: 3 0x80006fcc (0x01eeb4b3) x 9 0x00000001
core   0: 0x80006fd0 (0x0ff0000f) fence   iorw,iorw
core   0: 3 0x80006fd0 (0x0ff0000f)
core   0: 0x80006fd4 (0x40e1d0b3) sra     ra, gp, a4
core   0: 3 0x80006fd4 (0x40e1d0b3) x 1 0x00000000
core   0: 0x80006fd8 (0x0000100f) fence.i
core   0: 3 0x80006fd8 (0x0000100f)
core   0: 0x80006fdc (0x66688e13) addi    t3, a7, 1638
core   0: 3 0x80006fdc (0x66688e13) x28 0x8f5c25a2
core   0: 0x80006fe0 (0x05775463) bge     a4, s7, pc + 72
core   0: 3 0x80006fe0 (0x05775463)
core   0: 0x80007028 (0xbd97cc13) xori    s8, a5, -1063
core   0: 3 0x80007028 (0xbd97cc13) x24 0xfffffbd9
core   0: 0x8000702c (0x3681e613) ori     a2, gp, 872
core   0: 3 0x8000702c (0x3681e613) x12 0x00000369
core   0: 0x80007030 (0x41f78f33) sub     t5, a5, t6
core   0: 3 0x80007030 (0x41f78f33) x30 0x00237a23
core   0: 0x80007034 (0x405c5f33) sra     t5, s8, t0
core   0: 3 0x80007034 (0x405c5f33) x30 0xfffffbd9
core   0: 0x80007038 (0x00000013) nop
core   0: 3 0x80007038 (0x00000013)
core   0: 0x8000703c (0x0dec8b93) addi    s7, s9, 222
core   0: 3 0x8000703c (0x0dec8b93) x23 0xfffffd7c
core   0: 0x80007040 (0x034e9263) bne     t4, s4, pc + 36
core   0: 3 0x80007040 (0x034e9263)
core   0: 0x80007064 (0x6e0fc713) xori    a4, t6, 1760
core   0: 3 0x80007064 (0x6e0fc713) x14 0xffdc833d
core   0: 0x80007068 (0x40df8933) sub     s2, t6, a3
core   0: 3 0x80007068 (0x40df8933) x18 0xffdc85dd
core   0: 0x8000706c (0x765efa13) andi    s4, t4, 1893
core   0: 3 0x8000706c (0x765efa13) x20 0x00000400
core   0: 0x80007070 (0x01524db3) xor     s11, tp, s5
core   0: 3 0x80007070 (0x01524db3) x27 0x8002bd18
core   0: 0x80007074 (0x00f04463) blt     zero, a5, pc + 8
core   0: 3 0x80007074 (0x00f04463)
core   0: 0x80007078 (0x0ff0000f) fence   iorw,iorw
core   0: 3 0x80007078 (0x0ff0000f)
core   0: 0x8000707c (0x00000013) nop
core   0: 3 0x8000707c (0x00000013)
core   0: 0x80007080 (0x018e5013) srli    zero, t3, 24
core   0: 3 0x80007080 (0x018e5013)
core   0: 0x80007084 (0x6039fb93) andi    s7, s3, 1539
core   0: 3 0x80007084 (0x6039fb93) x23 0x00000400
core   0: 0x80007088 (0xfdadbc13) sltiu   s8, s11, -38
core   0: 3 0x80007088 (0xfdadbc13) x24 0x00000001
core   0: 0x8000708c (0x00a922b3) slt     t0, s2, a0
core   0: 3 0x8000708c (0x00a922b3) x 5 0x00000001
core   0: 0x80007090 (0x006c5333) srl     t1, s8, t1
core   0: 3 0x80007090 (0x006c5333) x 6 0x00000001
core   0: 0x80007094 (0x41bd0d33) sub     s10, s10, s11
core   0: 3 0x80007094 (0x41bd0d33) x26 0x7ffd42e5
core   0: 0x80007098 (0x01181663) bne     a6, a7, pc + 12
core   0: 3 0x80007098 (0x01181663)
core   0: 0x800070a4 (0x012fd463) bge     t6, s2, pc + 8
core   0: 3 0x800070a4 (0x012fd463)
core   0: 0x800070ac (0x0000100f) fence.i
core   0: 3 0x800070ac (0x0000100f)
core   0: 0x800070b0 (0xe715a193) slti    gp, a1, -399
core   0: 3 0x800070b0 (0xe715a193) x 3 0x00000000
core   0: 0x800070b4 (0x0548e263) bltu    a7, s4, pc + 68
core   0: 3 0x800070b4 (0x0548e263)
core   0: 0x800070b8 (0xb627adb7) lui     s11, 0xb627a
core   0: 3 0x800070b8 (0xb627adb7) x27 0xb627a000
core   0: 0x800070bc (0x00fd4eb3) xor     t4, s10, a5
core   0: 3 0x800070bc (0x00fd4eb3) x29 0x7ffd42e5
core   0: 0x800070c0 (0x7449f693) andi    a3, s3, 1860
core   0: 3 0x800070c0 (0x7449f693) x13 0x00000404
core   0: 0x800070c4 (0x34956c13) ori     s8, a0, 841
core   0: 3 0x800070c4 (0x34956c13) x24 0x00000349
core   0: 0x800070c8 (0x01ef5db3) srl     s11, t5, t5
core   0: 3 0x800070c8 (0x01ef5db3) x27 0x0000007f
core   0: 0x800070cc (0x006b7e63) bgeu    s6, t1, pc + 28
core   0: 3 0x800070cc (0x006b7e63)
core   0: 0x800070e8 (0x00990f33) add     t5, s2, s1
core   0: 3 0x800070e8 (0x00990f33) x30 0xffdc85de
core   0: 0x800070ec (0x000270b3) and     ra, tp, zero
core   0: 3 0x800070ec (0x000270b3) x 1 0x00000000
core   0: 0x800070f0 (0x89c02a13) slti    s4, zero, -1892
core   0: 3 0x800070f0 (0x89c02a13) x20 0x00000000
core   0: 0x800070f4 (0x642cabb7) lui     s7, 0x642ca
core   0: 3 0x800070f4 (0x642cabb7) x23 0x642ca000
core   0: 0x800070f8 (0x0555e663) bltu    a1, s5, pc + 76
core   0: 3 0x800070f8 (0x0555e663)
core   0: 0x80007144 (0x04104663) blt     zero, ra, pc + 76
core   0: 3 0x80007144 (0x04104663)
core   0: 0x80007148 (0x011ce463) bltu    s9, a7, pc + 8
core   0: 3 0x80007148 (0x011ce463)
core   0: 0x8000714c (0x005e9d93) slli    s11, t4, 5
core   0: 3 0x8000714c (0x005e9d93) x27 0xffa85ca0
core   0: 0x80007150 (0x001a7bb3) and     s7, s4, ra
core   0: 3 0x80007150 (0x001a7bb3) x23 0x00000000
core   0: 0x80007154 (0x00584e63) blt     a6, t0, pc + 28
core   0: 3 0x80007154 (0x00584e63)
core   0: 0x80007170 (0x0000100f) fence.i
core   0: 3 0x80007170 (0x0000100f)
core   0: 0x80007174 (0x02f48663) beq     s1, a5, pc + 44
core   0: 3 0x80007174 (0x02f48663)
core   0: 0x80007178 (0x0000100f) fence.i
core   0: 3 0x80007178 (0x0000100f)
core   0: 0x8000717c (0x40c45a13) srai    s4, s0, 12
core   0: 3 0x8000717c (0x40c45a13) x20 0x00000000
core   0: 0x80007180 (0x0236c263) blt     a3, gp, pc + 36
core   0: 3 0x80007180 (0x0236c263)
core   0: 0x80007184 (0x003a44b3) xor     s1, s4, gp
core   0: 3 0x80007184 (0x003a44b3) x 9 0x00000000
core   0: 0x80007188 (0x00f6f7b3) and     a5, a3, a5
core   0: 3 0x80007188 (0x00f6f7b3) x15 0x00000000
core   0: 0x8000718c (0x0053f663) bgeu    t2, t0, pc + 12
core   0: 3 0x8000718c (0x0053f663)
core   0: 0x80007190 (0x00d04db3) xor     s11, zero, a3
core   0: 3 0x80007190 (0x00d04db3) x27 0x00000404
core   0: 0x80007194 (0x383d9f17) auipc   t5, 0x383d9
core   0: 3 0x80007194 (0x383d9f17) x30 0xb83e0194
core   0: 0x80007198 (0x41c35a33) sra     s4, t1, t3
core   0: 3 0x80007198 (0x41c35a33) x20 0x00000000
core   0: 0x8000719c (0x0ff0000f) fence   iorw,iorw
core   0: 3 0x8000719c (0x0ff0000f)
core   0: 0x800071a0 (0x027f7263) bgeu    t5, t2, pc + 36
core   0: 3 0x800071a0 (0x027f7263)
core   0: 0x800071c4 (0x71458a37) lui     s4, 0x71458
core   0: 3 0x800071c4 (0x71458a37) x20 0x71458000
core   0: 0x800071c8 (0x00967f33) and     t5, a2, s1
core   0: 3 0x800071c8 (0x00967f33) x30 0x00000000
core   0: 0x800071cc (0x30ec0e13) addi    t3, s8, 782
core   0: 3 0x800071cc (0x30ec0e13) x28 0x00000657
core   0: 0x800071d0 (0x404058b3) sra     a7, zero, tp
core   0: 3 0x800071d0 (0x404058b3) x17 0x00000000
core   0: 0x800071d4 (0x01fcbd33) sltu    s10, s9, t6
core   0: 3 0x800071d4 (0x01fcbd33) x26 0x00000000
core   0: 0x800071d8 (0x00000013) nop
core   0: 3 0x800071d8 (0x00000013)
core   0: 0x800071dc (0x410fd013) srai    zero, t6, 16
core   0: 3 0x800071dc (0x410fd013)
core   0: 0x800071e0 (0xc20e0917) auipc   s2, 0xc20e0
core   0: 3 0x800071e0 (0xc20e0917) x18 0x420e71e0
core   0: 0x800071e4 (0x04cfd063) bge     t6, a2, pc + 64
core   0: 3 0x800071e4 (0x04cfd063)
core   0: 0x800071e8 (0x41678133) sub     sp, a5, s6
core   0: 3 0x800071e8 (0x41678133) x 2 0x7ffd819c
core   0: 0x800071ec (0x40aa0f33) sub     t5, s4, a0
core   0: 3 0x800071ec (0x40aa0f33) x30 0x71457fff
core   0: 0x800071f0 (0x0ff0000f) fence   iorw,iorw
core   0: 3 0x800071f0 (0x0ff0000f)
core   0: 0x800071f4 (0x01cde733) or      a4, s11, t3
core   0: 3 0x800071f4 (0x01cde733) x14 0x00000657
core   0: 0x800071f8 (0x005565b3) or      a1, a0, t0
core   0: 3 0x800071f8 (0x005565b3) x11 0x00000001
core   0: 0x800071fc (0x009ac1b3) xor     gp, s5, s1
core   0: 3 0x800071fc (0x009ac1b3) x 3 0x000001fc
core   0: 0x80007200 (0x595f8113) addi    sp, t6, 1429
core   0: 3 0x80007200 (0x595f8113) x 2 0xffdc8b72
core   0: 0x80007204 (0x01ec06b3) add     a3, s8, t5
core   0: 3 0x80007204 (0x01ec06b3) x13 0x71458348
core   0: 0x80007208 (0x004b2a33) slt     s4, s6, tp
core   0: 3 0x80007208 (0x004b2a33) x20 0x00000001
core   0: 0x8000720c (0x057fe063) bltu    t6, s7, pc + 64
core   0: 3 0x8000720c (0x057fe063)
core   0: 0x80007210 (0x0ff0000f) fence   iorw,iorw
core   0: 3 0x80007210 (0x0ff0000f)
core   0: 0x80007214 (0x05e79463) bne     a5, t5, pc + 72
core   0: 3 0x80007214 (0x05e79463)
core   0: 0x8000725c (0x01f6a933) slt     s2, a3, t6
core   0: 3 0x8000725c (0x01f6a933) x18 0x00000000
core   0: 0x80007260 (0x00c1c463) blt     gp, a2, pc + 8
core   0: 3 0x80007260 (0x00c1c463)
core   0: 0x80007268 (0x41bf05b3) sub     a1, t5, s11
core   0: 3 0x80007268 (0x41bf05b3) x11 0x71457bfb
core   0: 0x8000726c (0x026dc263) blt     s11, t1, pc + 36
core   0: 3 0x8000726c (0x026dc263)
core   0: 0x80007270 (0xcb18ad93) slti    s11, a7, -847
core   0: 3 0x80007270 (0xcb18ad93) x27 0x00000000
core   0: 0x80007274 (0x031ac263) blt     s5, a7, pc + 36
core   0: 3 0x80007274 (0x031ac263)
core   0: 0x80007278 (0x4085df93) srai    t6, a1, 8
core   0: 3 0x80007278 (0x4085df93) x31 0x0071457b
core   0: 0x8000727c (0xe447e613) ori     a2, a5, -444
core   0: 3 0x8000727c (0xe447e613) x12 0xfffffe44
core   0: 0x80007280 (0x318fa293) slti    t0, t6, 792
core   0: 3 0x80007280 (0x318fa293) x 5 0x00000000
core   0: 0x80007284 (0x00242f33) slt     t5, s0, sp
core   0: 3 0x80007284 (0x00242f33) x30 0x00000000
core   0: 0x80007288 (0x00007433) and     s0, zero, zero
core   0: 3 0x80007288 (0x00007433) x 8 0x00000000
core   0: 0x8000728c (0x05064463) blt     a2, a6, pc + 72
core   0: 3 0x8000728c (0x05064463)
core   0: 0x80007290 (0x418edb93) srai    s7, t4, 24
core   0: 3 0x80007290 (0x418edb93) x23 0x0000007f
core   0: 0x80007294 (0x00457e63) bgeu    a0, tp, pc + 28
core   0: 3 0x80007294 (0x00457e63)
core   0: 0x80007298 (0x55bb2413) slti    s0, s6, 1371
core   0: 3 0x80007298 (0x55bb2413) x 8 0x00000001
core   0: 0x8000729c (0x412a5c13) srai    s8, s4, 18
core   0: 3 0x8000729c (0x412a5c13) x24 0x00000000
core   0: 0x800072a0 (0x01560ab3) add     s5, a2, s5
core   0: 3 0x800072a0 (0x01560ab3) x21 0x00000040
core   0: 0x800072a4 (0x7bb43e17) auipc   t3, 0x7bb43
core   0: 3 0x800072a4 (0x7bb43e17) x28 0xfbb4a2a4
core   0: 0x800072a8 (0xb0ac3293) sltiu   t0, s8, -1270
core   0: 3 0x800072a8 (0xb0ac3293) x 5 0x00000001
core   0: 0x800072ac (0x80f32a93) slti    s5, t1, -2033
core   0: 3 0x800072ac (0x80f32a93) x21 0x00000000
core   0: 0x800072b0 (0x00235463) bge     t1, sp, pc + 8
core   0: 3 0x800072b0 (0x00235463)
core   0: 0x800072b8 (0x017f1013) slli    zero, t5, 23
core   0: 3 0x800072b8 (0x017f1013)
core   0: 0x800072bc (0x41c356b3) sra     a3, t1, t3
core   0: 3 0x800072bc (0x41c356b3) x13 0x00000000
core   0: 0x800072c0 (0x01b25863) bge     tp, s11, pc + 16
core   0: 3 0x800072c0 (0x01b25863)
core   0: 0x800072c4 (0x019fb7b3) sltu    a5, t6, s9
core   0: 3 0x800072c4 (0x019fb7b3) x15 0x00000001
core   0: 0x800072c8 (0x701c2e13) slti    t3, s8, 1793
core   0: 3 0x800072c8 (0x701c2e13) x28 0x00000001
core   0: 0x800072cc (0x02bbc063) blt     s7, a1, pc + 32
core   0: 3 0x800072cc (0x02bbc063)
core   0: 0x800072ec (0x01dc85b3) add     a1, s9, t4
core   0: 3 0x800072ec (0x01dc85b3) x11 0x7ffd3f83
core   0: 0x800072f0 (0x05d49863) bne     s1, t4, pc + 80
core   0: 3 0x800072f0 (0x05d49863)
core   0: 0x80007340 (0x011bc4b3) xor     s1, s7, a7
core   0: 3 0x80007340 (0x011bc4b3) x 9 0x0000007f
core   0: 0x80007344 (0x01a86033) or      zero, a6, s10
core   0: 3 0x80007344 (0x01a86033)
core   0: 0x80007348 (0x013f0a63) beq     t5, s3, pc + 20
core   0: 3 0x80007348 (0x013f0a63)
core   0: 0x8000734c (0xf7e6e393) ori     t2, a3, -130
core   0: 3 0x8000734c (0xf7e6e393) x 7 0xffffff7e
core   0: 0x80007350 (0x01e9de63) bge     s3, t5, pc + 28
core   0: 3 0x80007350 (0x01e9de63)
core   0: 0x80007354 (0x0ff0000f) fence   iorw,iorw
core   0: 3 0x80007354 (0x0ff0000f)
core   0: 0x80007358 (0x02ea9263) bne     s5, a4, pc + 36
core   0: 3 0x80007358 (0x02ea9263)
core   0: 0x8000737c (0x549bf093) andi    ra, s7, 1353
core   0: 3 0x8000737c (0x549bf093) x 1 0x00000049
core   0: 0x80007380 (0x01816733) or      a4, sp, s8
core   0: 3 0x80007380 (0x01816733) x14 0xffdc8b72
core   0: 0x80007384 (0x41360eb3) sub     t4, a2, s3
core   0: 3 0x80007384 (0x41360eb3) x29 0x019b11a8
core   0: 0x80007388 (0x40665593) srai    a1, a2, 6
core   0: 3 0x80007388 (0x40665593) x11 0xfffffff9
core   0: 0x8000738c (0x01df2eb3) slt     t4, t5, t4
core   0: 3 0x8000738c (0x01df2eb3) x29 0x00000001
core   0: 0x80007390 (0x00000013) nop
core   0: 3 0x80007390 (0x00000013)
core   0: 0x80007394 (0x01c70463) beq     a4, t3, pc + 8
core   0: 3 0x80007394 (0x01c70463)
core   0: 0x80007398 (0x00b3f463) bgeu    t2, a1, pc + 8
core   0: 3 0x80007398 (0x00b3f463)
core   0: 0x8000739c (0x40eb5c93) srai    s9, s6, 14
core   0: 3 0x8000739c (0x40eb5c93) x25 0xfffe0009
core   0: 0x800073a0 (0x783e0193) addi    gp, t3, 1923
core   0: 3 0x800073a0 (0x783e0193) x 3 0x00000784
core   0: 0x800073a4 (0x5385b193) sltiu   gp, a1, 1336
core   0: 3 0x800073a4 (0x5385b193) x 3 0x00000000
core   0: 0x800073a8 (0x00baaf33) slt     t5, s5, a1
core   0: 3 0x800073a8 (0x00baaf33) x30 0x00000000
core   0: 0x800073ac (0x01c50a33) add     s4, a0, t3
core   0: 3 0x800073ac (0x01c50a33) x20 0x00000002
core   0: 0x800073b0 (0x36014a13) xori    s4, sp, 864
core   0: 3 0x800073b0 (0x36014a13) x20 0xffdc8812
core   0: 0x800073b4 (0x759551b7) lui     gp, 0x75955
core   0: 3 0x800073b4 (0x759551b7) x 3 0x75955000
core   0: 0x800073b8 (0x00177e63) bgeu    a4, ra, pc + 28
core   0: 3 0x800073b8 (0x00177e63)
core   0: 0x800073d4 (0x77c30313) addi    t1, t1, 1916
core   0: 3 0x800073d4 (0x77c30313) x 6 0x0000077d
core   0: 0x800073d8 (0x413c5313) srai    t1, s8, 19
core   0: 3 0x800073d8 (0x413c5313) x 6 0x00000000
core   0: 0x800073dc (0x00a428b3) slt     a7, s0, a0
core   0: 3 0x800073dc (0x00a428b3) x17 0x00000000
core   0: 0x800073e0 (0x41db5693) srai    a3, s6, 29
core   0: 3 0x800073e0 (0x41db5693) x13 0xfffffffc
core   0: 0x800073e4 (0x00bb1393) slli    t2, s6, 11
core   0: 3 0x800073e4 (0x00bb1393) x 7 0x13f32000
core   0: 0x800073e8 (0x0021beb3) sltu    t4, gp, sp
core   0: 3 0x800073e8 (0x0021beb3) x29 0x00000001
core   0: 0x800073ec (0x05a41063) bne     s0, s10, pc + 64
core   0: 3 0x800073ec (0x05a41063)
core   0: 0x8000742c (0x012f67b3) or      a5, t5, s2
core   0: 3 0x8000742c (0x012f67b3) x15 0x00000000
core   0: 0x80007430 (0xbb6d7693) andi    a3, s10, -1098
core   0: 3 0x80007430 (0xbb6d7693) x13 0x00000000
core   0: 0x80007434 (0x00000013) nop
core   0: 3 0x80007434 (0x00000013)
core   0: 0x80007438 (0x01a41733) sll     a4, s0, s10
core   0: 3 0x80007438 (0x01a41733) x14 0x00000001
core   0: 0x8000743c (0x00ec5313) srli    t1, s8, 14
core   0: 3 0x8000743c (0x00ec5313) x 6 0x00000000
core   0: 0x80007440 (0x0134a2b3) slt     t0, s1, s3
core   0: 3 0x80007440 (0x0134a2b3) x 5 0x00000000
core   0: 0x80007444 (0x0b396a93) ori     s5, s2, 179
core   0: 3 0x80007444 (0x0b396a93) x21 0x000000b3
core   0: 0x80007448 (0x0000100f) fence.i
core   0: 3 0x80007448 (0x0000100f)
core   0: 0x8000744c (0x04f45463) bge     s0, a5, pc + 72
core   0: 3 0x8000744c (0x04f45463)
core   0: 0x80007494 (0x0000100f) fence.i
core   0: 3 0x80007494 (0x0000100f)
core   0: 0x80007498 (0x00b8d863) bge     a7, a1, pc + 16
core   0: 3 0x80007498 (0x00b8d863)
core   0: 0x800074a8 (0xe769e713) ori     a4, s3, -394
core   0: 3 0x800074a8 (0xe769e713) x14 0xfffffefe
core   0: 0x800074ac (0x6ddefb93) andi    s7, t4, 1757
core   0: 3 0x800074ac (0x6ddefb93) x23 0x00000001
core   0: 0x800074b0 (0xd5adbc97) auipc   s9, 0xd5adb
core   0: 3 0x800074b0 (0xd5adbc97) x25 0x55ae24b0
core   0: 0x800074b4 (0x6fb50d17) auipc   s10, 0x6fb50
core   0: 3 0x800074b4 (0x6fb50d17) x26 0xefb574b4
core   0: 0x800074b8 (0x006d44b3) xor     s1, s10, t1
core   0: 3 0x800074b8 (0x006d44b3) x 9 0xefb574b4
core   0: 0x800074bc (0x048e1663) bne     t3, s0, pc + 76
core   0: 3 0x800074bc (0x048e1663)
core   0: 0x800074c0 (0x01250133) add     sp, a0, s2
core   0: 3 0x800074c0 (0x01250133) x 2 0x00000001
core   0: 0x800074c4 (0x02455063) bge     a0, tp, pc + 32
core   0: 3 0x800074c4 (0x02455063)
core   0: 0x800074e4 (0x413387b3) sub     a5, t2, s3
core   0: 3 0x800074e4 (0x413387b3) x15 0x158e3364
core   0: 0x800074e8 (0x0058f7b3) and     a5, a7, t0
core   0: 3 0x800074e8 (0x0058f7b3) x15 0x00000000
core   0: 0x800074ec (0x018b9e13) slli    t3, s7, 24
core   0: 3 0x800074ec (0x018b9e13) x28 0x01000000
core   0: 0x800074f0 (0x72dafa93) andi    s5, s5, 1837
core   0: 3 0x800074f0 (0x72dafa93) x21 0x00000021
core   0: 0x800074f4 (0x02187a63) bgeu    a6, ra, pc + 52
core   0: 3 0x800074f4 (0x02187a63)
core   0: 0x80007528 (0x00ccafb3) slt     t6, s9, a2
core   0: 3 0x80007528 (0x00ccafb3) x31 0x00000000
core   0: 0x8000752c (0x405b8ab3) sub     s5, s7, t0
core   0: 3 0x8000752c (0x405b8ab3) x21 0x00000001
core   0: 0x80007530 (0x0067fbb3) and     s7, a5, t1
core   0: 3 0x80007530 (0x0067fbb3) x23 0x00000000
core   0: 0x80007534 (0x031d7063) bgeu    s10, a7, pc + 32
core   0: 3 0x80007534 (0x031d7063)
core   0: 0x80007554 (0x54662e13) slti    t3, a2, 1350
core   0: 3 0x80007554 (0x54662e13) x28 0x00000001
core   0: 0x80007558 (0x1287a293) slti    t0, a5, 296
core   0: 3 0x80007558 (0x1287a293) x 5 0x00000001
core   0: 0x8000755c (0x00000013) nop
core   0: 3 0x8000755c (0x00000013)
core   0: 0x80007560 (0x88c7e813) ori     a6, a5, -1908
core   0: 3 0x80007560 (0x88c7e813) x16 0xfffff88c
core   0: 0x80007564 (0x00b07933) and     s2, zero, a1
core   0: 3 0x80007564 (0x00b07933) x18 0x00000000
core   0: 0x80007568 (0x00351e63) bne     a0, gp, pc + 28
core   0: 3 0x80007568 (0x00351e63)
core   0: 0x80007584 (0xeec99717) auipc   a4, 0xeec99
core   0: 3 0x80007584 (0xeec99717) x14 0x6eca0584
core   0: 0x80007588 (0x00a3c733) xor     a4, t2, a0
core   0: 3 0x80007588 (0x00a3c733) x14 0x13f32001
core   0: 0x8000758c (0x01789863) bne     a7, s7, pc + 16
core   0: 3 0x8000758c (0x01789863)
core   0: 0x80007590 (0x010e5a13) srli    s4, t3, 16
core   0: 3 0x80007590 (0x010e5a13) x20 0x00000000
core   0: 0x80007594 (0x01602eb3) slt     t4, zero, s6
core   0: 3 0x80007594 (0x01602eb3) x29 0x00000000
core   0: 0x80007598 (0x05428663) beq     t0, s4, pc + 76
core   0: 3 0x80007598 (0x05428663)
core   0: 0x8000759c (0x005b94b3) sll     s1, s7, t0
core   0: 3 0x8000759c (0x005b94b3) x 9 0x00000000
core   0: 0x800075a0 (0x046a0663) beq     s4, t1, pc + 76
core   0: 3 0x800075a0 (0x046a0663)
core   0: 0x800075ec (0x01ff7fb3) and     t6, t5, t6
core   0: 3 0x800075ec (0x01ff7fb3) x31 0x00000000
core   0: 0x800075f0 (0x390e2b93) slti    s7, t3, 912
core   0: 3 0x800075f0 (0x390e2b93) x23 0x00000001
core   0: 0x800075f4 (0xc5290513) addi    a0, s2, -942
core   0: 3 0x800075f4 (0xc5290513) x10 0xfffffc52
core   0: 0x800075f8 (0x822ef113) andi    sp, t4, -2014
core   0: 3 0x800075f8 (0x822ef113) x 2 0x00000000
core   0: 0x800075fc (0x05319663) bne     gp, s3, pc + 76
core   0: 3 0x800075fc (0x05319663)
core   0: 0x80007648 (0x009b5333) srl     t1, s6, s1
core   0: 3 0x80007648 (0x009b5333) x 6 0x80027e64
core   0: 0x8000764c (0x03780263) beq     a6, s7, pc + 36
core   0: 3 0x8000764c (0x03780263)
core   0: 0x80007650 (0x0000100f) fence.i
core   0: 3 0x80007650 (0x0000100f)
core   0: 0x80007654 (0x01a5ce63) blt     a1, s10, pc + 28
core   0: 3 0x80007654 (0x01a5ce63)
core   0: 0x80007658 (0x411307b3) sub     a5, t1, a7
core   0: 3 0x80007658 (0x411307b3) x15 0x80027e64
core   0: 0x8000765c (0x0000100f) fence.i
core   0: 3 0x8000765c (0x0000100f)
core   0: 0x80007660 (0xe431bf93) sltiu   t6, gp, -445
core   0: 3 0x80007660 (0xe431bf93) x31 0x00000001
core   0: 0x80007664 (0x008c9f33) sll     t5, s9, s0
core   0: 3 0x80007664 (0x008c9f33) x30 0xab5c4960
core   0: 0x80007668 (0x00cc5733) srl     a4, s8, a2
core   0: 3 0x80007668 (0x00cc5733) x14 0x00000000
core   0: 0x8000766c (0x01589513) slli    a0, a7, 21
core   0: 3 0x8000766c (0x01589513) x10 0x00000000
core   0: 0x80007670 (0x0ff0000f) fence   iorw,iorw
core   0: 3 0x80007670 (0x0ff0000f)
core   0: 0x80007674 (0x00a838b3) sltu    a7, a6, a0
core   0: 3 0x80007674 (0x00a838b3) x17 0x00000000
core   0: 0x80007678 (0xd944cd97) auipc   s11, 0xd944c
core   0: 3 0x80007678 (0xd944cd97) x27 0x59453678
core   0: 0x8000767c (0x003360b3) or      ra, t1, gp
core   0: 3 0x8000767c (0x003360b3) x 1 0xf5977e64
core   0: 0x80007680 (0x05e61463) bne     a2, t5, pc + 72
core   0: 3 0x80007680 (0x05e61463)
core   0: 0x800076c8 (0x40360c33) sub     s8, a2, gp
core   0: 3 0x800076c8 (0x40360c33) x24 0x8a6aae44
core   0: 0x800076cc (0x04204463) blt     zero, sp, pc + 72
core   0: 3 0x800076cc (0x04204463)
core   0: 0x800076d0 (0x004a21b3) slt     gp, s4, tp
core   0: 3 0x800076d0 (0x004a21b3) x 3 0x00000000
core   0: 0x800076d4 (0x00c94463) blt     s2, a2, pc + 8
core   0: 3 0x800076d4 (0x00c94463)
core   0: 0x800076d8 (0x9cc47013) andi    zero, s0, -1588
core   0: 3 0x800076d8 (0x9cc47013)
core   0: 0x800076dc (0x08809a63) bne     ra, s0, pc + 148
core   0: 3 0x800076dc (0x08809a63)
core   0: 0x80007770 (0x01a68033) add     zero, a3, s10
core   0: 3 0x80007770 (0x01a68033)
core   0: 0x80007774 (0x7e97b293) sltiu   t0, a5, 2025
core   0: 3 0x80007774 (0x7e97b293) x 5 0x00000000
core   0: 0x80007778 (0x0f5fa1b7) lui     gp, 0xf5fa
core   0: 3 0x80007778 (0x0f5fa1b7) x 3 0x0f5fa000
core   0: 0x8000777c (0x00b384b3) add     s1, t2, a1
core   0: 3 0x8000777c (0x00b384b3) x 9 0x13f31ff9
core   0: 0x80007780 (0x0000100f) fence.i
core   0: 3 0x80007780 (0x0000100f)
core   0: 0x80007784 (0x018fba33) sltu    s4, t6, s8
core   0: 3 0x80007784 (0x018fba33) x20 0x00000001
core   0: 0x80007788 (0x00649c13) slli    s8, s1, 6
core   0: 3 0x80007788 (0x00649c13) x24 0xfcc7fe40
core   0: 0x8000778c (0x00ba9c93) slli    s9, s5, 11
core   0: 3 0x8000778c (0x00ba9c93) x25 0x00000800
core   0: 0x80007790 (0x01607a63) bgeu    zero, s6, pc + 20
core   0: 3 0x80007790 (0x01607a63)
core   0: 0x80007794 (0x012f6463) bltu    t5, s2, pc + 8
core   0: 3 0x80007794 (0x012f6463)
core   0: 0x80007798 (0x03be8263) beq     t4, s11, pc + 36
core   0: 3 0x80007798 (0x03be8263)
core   0: 0x8000779c (0x00f95663) bge     s2, a5, pc + 12
core   0: 3 0x8000779c (0x00f95663)
core   0: 0x800077a8 (0x4e2b76b7) lui     a3, 0x4e2b7
core   0: 3 0x800077a8 (0x4e2b76b7) x13 0x4e2b7000
core   0: 0x800077ac (0x007d81b3) add     gp, s11, t2
core   0: 3 0x800077ac (0x007d81b3) x 3 0x6d385678
core   0: 0x800077b0 (0x40ac5533) sra     a0, s8, a0
core   0: 3 0x800077b0 (0x40ac5533) x10 0xfcc7fe40
core   0: 0x800077b4 (0x00e29e63) bne     t0, a4, pc + 28
core   0: 3 0x800077b4 (0x00e29e63)
core   0: 0x800077b8 (0x01d84463) blt     a6, t4, pc + 8
core   0: 3 0x800077b8 (0x01d84463)
core   0: 0x800077c0 (0x00afb533) sltu    a0, t6, a0
core   0: 3 0x800077c0 (0x00afb533) x10 0x00000001
core   0: 0x800077c4 (0x02c56063) bltu    a0, a2, pc + 32
core   0: 3 0x800077c4 (0x02c56063)
core   0: 0x800077e4 (0x0ff0000f) fence   iorw,iorw
core   0: 3 0x800077e4 (0x0ff0000f)
core   0: 0x800077e8 (0x01405f93) srli    t6, zero, 20
core   0: 3 0x800077e8 (0x01405f93) x31 0x00000000
core   0: 0x800077ec (0x002cffb3) and     t6, s9, sp
core   0: 3 0x800077ec (0x002cffb3) x31 0x00000000
core   0: 0x800077f0 (0x017d45b3) xor     a1, s10, s7
core   0: 3 0x800077f0 (0x017d45b3) x11 0xefb574b5
core   0: 0x800077f4 (0x0000100f) fence.i
core   0: 3 0x800077f4 (0x0000100f)
core   0: 0x800077f8 (0xcac5c693) xori    a3, a1, -852
core   0: 3 0x800077f8 (0xcac5c693) x13 0x104a8819
core   0: 0x800077fc (0x00e1cc33) xor     s8, gp, a4
core   0: 3 0x800077fc (0x00e1cc33) x24 0x6d385678
core   0: 0x80007800 (0x027dd263) bge     s11, t2, pc + 36
core   0: 3 0x80007800 (0x027dd263)
core   0: 0x80007824 (0x038de263) bltu    s11, s8, pc + 36
core   0: 3 0x80007824 (0x038de263)
core   0: 0x80007848 (0x05ef6463) bltu    t5, t5, pc + 72
core   0: 3 0x80007848 (0x05ef6463)
core   0: 0x8000784c (0x00a8c733) xor     a4, a7, a0
core   0: 3 0x8000784c (0x00a8c733) x14 0x00000001
core   0: 0x80007850 (0x019801b3) add     gp, a6, s9
core   0: 3 0x80007850 (0x019801b3) x 3 0x0000008c
core   0: 0x80007854 (0x00b89413) slli    s0, a7, 11
core   0: 3 0x80007854 (0x00b89413) x 8 0x00000000
core   0: 0x80007858 (0x05fe6663) bltu    t3, t6, pc + 76
core   0: 3 0x80007858 (0x05fe6663)
core   0: 0x8000785c (0x01783833) sltu    a6, a6, s7
core   0: 3 0x8000785c (0x01783833) x16 0x00000000
core   0: 0x80007860 (0x006c1913) slli    s2, s8, 6
core   0: 3 0x80007860 (0x006c1913) x18 0x4e159e00
core   0: 0x80007864 (0x41a9d1b3) sra     gp, s3, s10
core   0: 3 0x80007864 (0x41a9d1b3) x 3 0xffffffe6
core   0: 0x80007868 (0x00bfc0b3) xor     ra, t6, a1
core   0: 3 0x80007868 (0x00bfc0b3) x 1 0xefb574b5
core   0: 0x8000786c (0x04225663) bge     tp, sp, pc + 76
core   0: 3 0x8000786c (0x04225663)
core   0: 0x80007870 (0x010ded33) or      s10, s11, a6
core   0: 3 0x80007870 (0x010ded33) x26 0x59453678
core   0: 0x80007874 (0xb9ff2513) slti    a0, t5, -1121
core   0: 3 0x80007874 (0xb9ff2513) x10 0x00000001
core   0: 0x80007878 (0x00bcdcb3) srl     s9, s9, a1
core   0: 3 0x80007878 (0x00bcdcb3) x25 0x00000000
core   0: 0x8000787c (0x00e17e63) bgeu    sp, a4, pc + 28
core   0: 3 0x8000787c (0x00e17e63)
core   0: 0x80007880 (0x0105b533) sltu    a0, a1, a6
core   0: 3 0x80007880 (0x0105b533) x10 0x00000000
core   0: 0x80007884 (0xb287b597) auipc   a1, 0xb287b
core   0: 3 0x80007884 (0xb287b597) x11 0x32882884
core   0: 0x80007888 (0x01d25f33) srl     t5, tp, t4
core   0: 3 0x80007888 (0x01d25f33) x30 0x8002bce4
core   0: 0x8000788c (0x40325493) srai    s1, tp, 3
core   0: 3 0x8000788c (0x40325493) x 9 0xf000579c
core   0: 0x80007890 (0x04360063) beq     a2, gp, pc + 64
core   0: 3 0x80007890 (0x04360063)
core   0: 0x80007894 (0x4cc2fd93) andi    s11, t0, 1228
core   0: 3 0x80007894 (0x4cc2fd93) x27 0x00000000
core   0: 0x80007898 (0x00000013) nop
core   0: 3 0x80007898 (0x00000013)
core   0: 0x8000789c (0x0b12a713) slti    a4, t0, 177
core   0: 3 0x8000789c (0x0b12a713) x14 0x00000001
core   0: 0x800078a0 (0x01579463) bne     a5, s5, pc + 8
core   0: 3 0x800078a0 (0x01579463)
core   0: 0x800078a8 (0x803a7c93) andi    s9, s4, -2045
core   0: 3 0x800078a8 (0x803a7c93) x25 0x00000001
core   0: 0x800078ac (0x006dda33) srl     s4, s11, t1
core   0: 3 0x800078ac (0x006dda33) x20 0x00000000
core   0: 0x800078b0 (0x006bee33) or      t3, s7, t1
core   0: 3 0x800078b0 (0x006bee33) x28 0x80027e65
core   0: 0x800078b4 (0x00000013) nop
core   0: 3 0x800078b4 (0x00000013)
core   0: 0x800078b8 (0x03d45663) bge     s0, t4, pc + 44
core   0: 3 0x800078b8 (0x03d45663)
core   0: 0x800078e4 (0x01cfc863) blt     t6, t3, pc + 16
core   0: 3 0x800078e4 (0x01cfc863)
core   0: 0x800078e8 (0x07a6ce63) blt     a3, s10, pc + 124
core   0: 3 0x800078e8 (0x07a6ce63)
core   0: 0x80007964 (0xacb7ec93) ori     s9, a5, -1333
core   0: 3 0x80007964 (0xacb7ec93) x25 0xfffffeef
core   0: 0x80007968 (0x40fe5ab3) sra     s5, t3, a5
core   0: 3 0x80007968 (0x40fe5ab3) x21 0xf80027e6
core   0: 0x8000796c (0xad36eb93) ori     s7, a3, -1325
core   0: 3 0x8000796c (0xad36eb93) x23 0xfffffadb
core   0: 0x80007970 (0x04830463) beq     t1, s0, pc + 72
core   0: 3 0x80007970 (0x04830463)
core   0: 0x80007974 (0x41035cb3) sra     s9, t1, a6
core   0: 3 0x80007974 (0x41035cb3) x25 0x80027e64
core   0: 0x80007978 (0x011c7a33) and     s4, s8, a7
core   0: 3 0x80007978 (0x011c7a33) x20 0x00000000
core   0: 0x8000797c (0x0003de33) srl     t3, t2, zero
core   0: 3 0x8000797c (0x0003de33) x28 0x13f32000
core   0: 0x80007980 (0x01d6ea63) bltu    a3, t4, pc + 20
core   0: 3 0x80007980 (0x01d6ea63)
core   0: 0x80007984 (0x1c6d0593) addi    a1, s10, 454
core   0: 3 0x80007984 (0x1c6d0593) x11 0x5945383e
core   0: 0x80007988 (0x40c9d613) srai    a2, s3, 12
core   0: 3 0x80007988 (0x40c9d613) x12 0xffffe64e
core   0: 0x8000798c (0x00000013) nop
core   0: 3 0x8000798c (0x00000013)
core   0: 0x80007990 (0x2cf28793) addi    a5, t0, 719
core   0: 3 0x80007990 (0x2cf28793) x15 0x000002cf
core   0: 0x80007994 (0x5ed5aa93) slti    s5, a1, 1517
core   0: 3 0x80007994 (0x5ed5aa93) x21 0x00000000
core   0: 0x80007998 (0x0020e663) bltu    ra, sp, pc + 12
core   0: 3 0x80007998 (0x0020e663)
core   0: 0x8000799c (0xc6489d37) lui     s10, 0xc6489
core   0: 3 0x8000799c (0xc6489d37) x26 0xc6489000
core   0: 0x800079a0 (0x002f9a13) slli    s4, t6, 2
core   0: 3 0x800079a0 (0x002f9a13) x20 0x00000000
core   0: 0x800079a4 (0x0575e463) bltu    a1, s7, pc + 72
core   0: 3 0x800079a4 (0x0575e463)
core   0: 0x800079ec (0x41985393) srai    t2, a6, 25
core   0: 3 0x800079ec (0x41985393) x 7 0x00000000
core   0: 0x800079f0 (0x00d15413) srli    s0, sp, 13
core   0: 3 0x800079f0 (0x00d15413) x 8 0x00000000
core   0: 0x800079f4 (0x00756463) bltu    a0, t2, pc + 8
core   0: 3 0x800079f4 (0x00756463)
core   0: 0x800079f8 (0x004f3eb3) sltu    t4, t5, tp
core   0: 3 0x800079f8 (0x004f3eb3) x29 0x00000000
core   0: 0x800079fc (0xd56ad8b7) lui     a7, 0xd56ad
core   0: 3 0x800079fc (0xd56ad8b7) x17 0xd56ad000
core   0: 0x80007a00 (0x00c3fab3) and     s5, t2, a2
core   0: 3 0x80007a00 (0x00c3fab3) x21 0x00000000
core   0: 0x80007a04 (0x04191463) bne     s2, ra, pc + 72
core   0: 3 0x80007a04 (0x04191463)
core   0: 0x80007a4c (0x0158f933) and     s2, a7, s5
core   0: 3 0x80007a4c (0x0158f933) x18 0x00000000
core   0: 0x80007a50 (0xe901ec93) ori     s9, gp, -368
core   0: 3 0x80007a50 (0xe901ec93) x25 0xfffffff6
core   0: 0x80007a54 (0x01053933) sltu    s2, a0, a6
core   0: 3 0x80007a54 (0x01053933) x18 0x00000000
core   0: 0x80007a58 (0x004a3833) sltu    a6, s4, tp
core   0: 3 0x80007a58 (0x004a3833) x16 0x00000001
core   0: 0x80007a5c (0x2e078d93) addi    s11, a5, 736
core   0: 3 0x80007a5c (0x2e078d93) x27 0x000005af
core   0: 0x80007a60 (0x04f64063) blt     a2, a5, pc + 64
core   0: 3 0x80007a60 (0x04f64063)
core   0: 0x80007aa0 (0x23f48713) addi    a4, s1, 575
core   0: 3 0x80007aa0 (0x23f48713) x14 0xf00059db
core   0: 0x80007aa4 (0x05256663) bltu    a0, s2, pc + 76
core   0: 3 0x80007aa4 (0x05256663)
core   0: 0x80007aa8 (0x014f6bb3) or      s7, t5, s4
core   0: 3 0x80007aa8 (0x014f6bb3) x23 0x8002bce4
core   0: 0x80007aac (0x0016bab3) sltu    s5, a3, ra
core   0: 3 0x80007aac (0x0016bab3) x21 0x00000001
core   0: 0x80007ab0 (0x41f85593) srai    a1, a6, 31
core   0: 3 0x80007ab0 (0x41f85593) x11 0x00000000
core   0: 0x80007ab4 (0x0ff0000f) fence   iorw,iorw
core   0: 3 0x80007ab4 (0x0ff0000f)
core   0: 0x80007ab8 (0x17b84393) xori    t2, a6, 379
core   0: 3 0x80007ab8 (0x17b84393) x 7 0x0000017a
core   0: 0x80007abc (0x01af6863) bltu    t5, s10, pc + 16
core   0: 3 0x80007abc (0x01af6863)
core   0: 0x80007acc (0x05f80663) beq     a6, t6, pc + 76
core   0: 3 0x80007acc (0x05f80663)
core   0: 0x80007ad0 (0x021bc263) blt     s7, ra, pc + 36
core   0: 3 0x80007ad0 (0x021bc263)
core   0: 0x80007af4 (0x00d2f463) bgeu    t0, a3, pc + 8
core   0: 3 0x80007af4 (0x00d2f463)
core   0: 0x80007af8 (0xdc5f7793) andi    a5, t5, -571
core   0: 3 0x80007af8 (0xdc5f7793) x15 0x8002bcc4
core   0: 0x80007afc (0x000def33) or      t5, s11, zero
core   0: 3 0x80007afc (0x000def33) x30 0x000005af
core   0: 0x80007b00 (0xd86e5eb7) lui     t4, 0xd86e5
core   0: 3 0x80007b00 (0xd86e5eb7) x29 0xd86e5000
core   0: 0x80007b04 (0x01d4d663) bge     s1, t4, pc + 12
core   0: 3 0x80007b04 (0x01d4d663)
core   0: 0x80007b10 (0x045bc263) blt     s7, t0, pc + 68
core   0: 3 0x80007b10 (0x045bc263)
core   0: 0x80007b54 (0x01ac6a63) bltu    s8, s10, pc + 20
core   0: 3 0x80007b54 (0x01ac6a63)
core   0: 0x80007b68 (0x85bce613) ori     a2, s9, -1957
core   0: 3 0x80007b68 (0x85bce613) x12 0xffffffff
core   0: 0x80007b6c (0x40910133) sub     sp, sp, s1
core   0: 3 0x80007b6c (0x40910133) x 2 0x0fffa864
core   0: 0x80007b70 (0x000ccab3) xor     s5, s9, zero
core   0: 3 0x80007b70 (0x000ccab3) x21 0xfffffff6
core   0: 0x80007b74 (0x3e0384b7) lui     s1, 0x3e038
core   0: 3 0x80007b74 (0x3e0384b7) x 9 0x3e038000
core   0: 0x80007b78 (0x011e35b3) sltu    a1, t3, a7
core   0: 3 0x80007b78 (0x011e35b3) x11 0x00000001
core   0: 0x80007b7c (0x00eb0d33) add     s10, s6, a4
core   0: 3 0x80007b7c (0x00eb0d33) x26 0x7002d83f
core   0: 0x80007b80 (0x0157d193) srli    gp, a5, 21
core   0: 3 0x80007b80 (0x0157d193) x 3 0x00000400
core   0: 0x80007b84 (0x7d35f317) auipc   t1, 0x7d35f
core   0: 3 0x80007b84 (0x7d35f317) x 6 0xfd366b84
core   0: 0x80007b88 (0x41a15e93) srai    t4, sp, 26
core   0: 3 0x80007b88 (0x41a15e93) x29 0x00000003
core   0: 0x80007b8c (0xfe3ec913) xori    s2, t4, -29
core   0: 3 0x80007b8c (0xfe3ec913) x18 0xffffffe0
core   0: 0x80007b90 (0xef852293) slti    t0, a0, -264
core   0: 3 0x80007b90 (0xef852293) x 5 0x00000000
core   0: 0x80007b94 (0x058d8663) beq     s11, s8, pc + 76
core   0: 3 0x80007b94 (0x058d8663)
core   0: 0x80007b98 (0x039d6263) bltu    s10, s9, pc + 36
core   0: 3 0x80007b98 (0x039d6263)
core   0: 0x80007bbc (0x4024d393) srai    t2, s1, 2
core   0: 3 0x80007bbc (0x4024d393) x 7 0x0f80e000
core   0: 0x80007bc0 (0x6dabe313) ori     t1, s7, 1754
core   0: 3 0x80007bc0 (0x6dabe313) x 6 0x8002befe
core   0: 0x80007bc4 (0x017de463) bltu    s11, s7, pc + 8
core   0: 3 0x80007bc4 (0x017de463)
core   0: 0x80007bcc (0x017d96b3) sll     a3, s11, s7
core   0: 3 0x80007bcc (0x017d96b3) x13 0x00005af0
core   0: 0x80007bd0 (0x41addf13) srai    t5, s11, 26
core   0: 3 0x80007bd0 (0x41addf13) x30 0x00000000
core   0: 0x80007bd4 (0xff23a413) slti    s0, t2, -14
core   0: 3 0x80007bd4 (0xff23a413) x 8 0x00000000
core   0: 0x80007bd8 (0x41e4d893) srai    a7, s1, 30
core   0: 3 0x80007bd8 (0x41e4d893) x17 0x00000000
core   0: 0x80007bdc (0x00000013) nop
core   0: 3 0x80007bdc (0x00000013)
core   0: 0x80007be0 (0x13c36913) ori     s2, t1, 316
core   0: 3 0x80007be0 (0x13c36913) x18 0x8002bffe
core   0: 0x80007be4 (0x034fe663) bltu    t6, s4, pc + 44
core   0: 3 0x80007be4 (0x034fe663)
core   0: 0x80007be8 (0x41df5d33) sra     s10, t5, t4
core   0: 3 0x80007be8 (0x41df5d33) x26 0x00000000
core   0: 0x80007bec (0x03bf9263) bne     t6, s11, pc + 36
core   0: 3 0x80007bec (0x03bf9263)
core   0: 0x80007c10 (0x41acd813) srai    a6, s9, 26
core   0: 3 0x80007c10 (0x41acd813) x16 0xffffffff
core   0: 0x80007c14 (0xd8c5f793) andi    a5, a1, -628
core   0: 3 0x80007c14 (0xd8c5f793) x15 0x00000000
core   0: 0x80007c18 (0x85712013) slti    zero, sp, -1961
core   0: 3 0x80007c18 (0x85712013)
core   0: 0x80007c1c (0x00b70f33) add     t5, a4, a1
core   0: 3 0x80007c1c (0x00b70f33) x30 0xf00059dc
core   0: 0x80007c20 (0x50a897b7) lui     a5, 0x50a89
core   0: 3 0x80007c20 (0x50a897b7) x15 0x50a89000
core   0: 0x80007c24 (0x01f65e33) srl     t3, a2, t6
core   0: 3 0x80007c24 (0x01f65e33) x28 0xffffffff
core   0: 0x80007c28 (0x008fdfb3) srl     t6, t6, s0
core   0: 3 0x80007c28 (0x008fdfb3) x31 0x00000000
core   0: 0x80007c2c (0x01617f33) and     t5, sp, s6
core   0: 3 0x80007c2c (0x01617f33) x30 0x00022864
core   0: 0x80007c30 (0x03a26793) ori     a5, tp, 58
core   0: 3 0x80007c30 (0x03a26793) x15 0x8002bcfe
core   0: 0x80007c34 (0x9e21f313) andi    t1, gp, -1566
core   0: 3 0x80007c34 (0x9e21f313) x 6 0x00000000
core   0: 0x80007c38 (0x00e4cdb3) xor     s11, s1, a4
core   0: 3 0x80007c38 (0x00e4cdb3) x27 0xce03d9db
core   0: 0x80007c3c (0xdd520313) addi    t1, tp, -555
core   0: 3 0x80007c3c (0xdd520313) x 6 0x8002bab9
core   0: 0x80007c40 (0x0180dfb3) srl     t6, ra, s8
core   0: 3 0x80007c40 (0x0180dfb3) x31 0x000000ef
core   0: 0x80007c44 (0x01888cb3) add     s9, a7, s8
core   0: 3 0x80007c44 (0x01888cb3) x25 0x6d385678
core   0: 0x80007c48 (0x60e2e393) ori     t2, t0, 1550
core   0: 3 0x80007c48 (0x60e2e393) x 7 0x0000060e
core   0: 0x80007c4c (0x0000100f) fence.i
core   0: 3 0x80007c4c (0x0000100f)
core   0: 0x80007c50 (0x01b58863) beq     a1, s11, pc + 16
core   0: 3 0x80007c50 (0x01b58863)
core   0: 0x80007c54 (0x03fb7063) bgeu    s6, t6, pc + 32
core   0: 3 0x80007c54 (0x03fb7063)
core   0: 0x80007c74 (0x00000013) nop
core   0: 3 0x80007c74 (0x00000013)
core   0: 0x80007c78 (0x013c7333) and     t1, s8, s3
core   0: 3 0x80007c78 (0x013c7333) x 6 0x6c204418
core   0: 0x80007c7c (0xcf59b013) sltiu   zero, s3, -779
core   0: 3 0x80007c7c (0xcf59b013)
core   0: 0x80007c80 (0x00550463) beq     a0, t0, pc + 8
core   0: 3 0x80007c80 (0x00550463)
core   0: 0x80007c88 (0x0ff0000f) fence   iorw,iorw
core   0: 3 0x80007c88 (0x0ff0000f)
core   0: 0x80007c8c (0x002ba1b3) slt     gp, s7, sp
core   0: 3 0x80007c8c (0x002ba1b3) x 3 0x00000001
core   0: 0x80007c90 (0x02cfc063) blt     t6, a2, pc + 32
core   0: 3 0x80007c90 (0x02cfc063)
core   0: 0x80007c94 (0x00e14d33) xor     s10, sp, a4
core   0: 3 0x80007c94 (0x00e14d33) x26 0xfffff1bf
core   0: 0x80007c98 (0x6e993313) sltiu   t1, s2, 1769
core   0: 3 0x80007c98 (0x6e993313) x 6 0x00000000
core   0: 0x80007c9c (0x00daec33) or      s8, s5, a3
core   0: 3 0x80007c9c (0x00daec33) x24 0xfffffff6
core   0: 0x80007ca0 (0x013b3933) sltu    s2, s6, s3
core   0: 3 0x80007ca0 (0x013b3933) x18 0x00000001
core   0: 0x80007ca4 (0x00012bb3) slt     s7, sp, zero
core   0: 3 0x80007ca4 (0x00012bb3) x23 0x00000000
core   0: 0x80007ca8 (0x405450b3) sra     ra, s0, t0
core   0: 3 0x80007ca8 (0x405450b3) x 1 0x00000000
core   0: 0x80007cac (0xe264e693) ori     a3, s1, -474
core   0: 3 0x80007cac (0xe264e693) x13 0xfffffe26
core   0: 0x80007cb0 (0x00664533) xor     a0, a2, t1
core   0: 3 0x80007cb0 (0x00664533) x10 0xffffffff
core   0: 0x80007cb4 (0x01e167b3) or      a5, sp, t5
core   0: 3 0x80007cb4 (0x01e167b3) x15 0x0fffa864
core   0: 0x80007cb8 (0x01b7f7b3) and     a5, a5, s11
core   0: 3 0x80007cb8 (0x01b7f7b3) x15 0x0e038840
core   0: 0x80007cbc (0x011d5a33) srl     s4, s10, a7
core   0: 3 0x80007cbc (0x011d5a33) x20 0xfffff1bf
core   0: 0x80007cc0 (0x0126d793) srli    a5, a3, 18
core   0: 3 0x80007cc0 (0x0126d793) x15 0x00003fff
core   0: 0x80007cc4 (0x04e8f063) bgeu    a7, a4, pc + 64
core   0: 3 0x80007cc4 (0x04e8f063)
core   0: 0x80007cc8 (0x0101da63) bge     gp, a6, pc + 20
core   0: 3 0x80007cc8 (0x0101da63)
core   0: 0x80007cdc (0xac8a6913) ori     s2, s4, -1336
core   0: 3 0x80007cdc (0xac8a6913) x18 0xfffffbff
core   0: 0x80007ce0 (0x011168b3) or      a7, sp, a7
core   0: 3 0x80007ce0 (0x011168b3) x17 0x0fffa864
core   0: 0x80007ce4 (0x0056d733) srl     a4, a3, t0
core   0: 3 0x80007ce4 (0x0056d733) x14 0xfffffe26
core   0: 0x80007ce8 (0x0000100f) fence.i
core   0: 3 0x80007ce8 (0x0000100f)
core   0: 0x80007cec (0x01c59033) sll     zero, a1, t3
core   0: 3 0x80007cec (0x01c59033)
core   0: 0x80007cf0 (0x0a8ff063) bgeu    t6, s0, pc + 160
core   0: 3 0x80007cf0 (0x0a8ff063)
core   0: 0x80007d90 (0x00c36533) or      a0, t1, a2
core   0: 3 0x80007d90 (0x00c36533) x10 0xffffffff
core   0: 0x80007d94 (0x01e3de63) bge     t2, t5, pc + 28
core   0: 3 0x80007d94 (0x01e3de63)
core   0: 0x80007d98 (0x0000100f) fence.i
core   0: 3 0x80007d98 (0x0000100f)
core   0: 0x80007d9c (0x004e0c33) add     s8, t3, tp
core   0: 3 0x80007d9c (0x004e0c33) x24 0x8002bce3
core   0: 0x80007da0 (0x005bdd33) srl     s10, s7, t0
core   0: 3 0x80007da0 (0x005bdd33) x26 0x00000000
core   0: 0x80007da4 (0x0ff0000f) fence   iorw,iorw
core   0: 3 0x80007da4 (0x0ff0000f)
core   0: 0x80007da8 (0x28706f13) ori     t5, zero, 647
core   0: 3 0x80007da8 (0x28706f13) x30 0x00000287
core   0: 0x80007dac (0x00a79193) slli    gp, a5, 10
core   0: 3 0x80007dac (0x00a79193) x 3 0x00fffc00
core   0: 0x80007db0 (0x02bfc263) blt     t6, a1, pc + 36
core   0: 3 0x80007db0 (0x02bfc263)
core   0: 0x80007db4 (0x019e7db3) and     s11, t3, s9
core   0: 3 0x80007db4 (0x019e7db3) x27 0x6d385678
core   0: 0x80007db8 (0x879c0e37) lui     t3, 0x879c0
core   0: 3 0x80007db8 (0x879c0e37) x28 0x879c0000
core   0: 0x80007dbc (0x01056ab3) or      s5, a0, a6
core   0: 3 0x80007dbc (0x01056ab3) x21 0xffffffff
core   0: 0x80007dc0 (0xe1004e13) xori    t3, zero, -496
core   0: 3 0x80007dc0 (0xe1004e13) x28 0xfffffe10
core   0: 0x80007dc4 (0xf11cf313) andi    t1, s9, -239
core   0: 3 0x80007dc4 (0xf11cf313) x 6 0x6d385610
core   0: 0x80007dc8 (0x92707093) andi    ra, zero, -1753
core   0: 3 0x80007dc8 (0x92707093) x 1 0x00000000
core   0: 0x80007dcc (0x000fce63) bltz    t6, pc + 28
core   0: 3 0x80007dcc (0x000fce63)
core   0: 0x80007dd0 (0x00000013) nop
core   0: 3 0x80007dd0 (0x00000013)
core   0: 0x80007dd4 (0x005638b3) sltu    a7, a2, t0
core   0: 3 0x80007dd4 (0x005638b3) x17 0x00000000
core   0: 0x80007dd8 (0x00000013) nop
core   0: 3 0x80007dd8 (0x00000013)
core   0: 0x80007ddc (0xb6465e17) auipc   t3, 0xb6465
core   0: 3 0x80007ddc (0xb6465e17) x28 0x3646cddc
core   0: 0x80007de0 (0x04118663) beq     gp, ra, pc + 76
core   0: 3 0x80007de0 (0x04118663)
core   0: 0x80007de4 (0x0ff0000f) fence   iorw,iorw
core   0: 3 0x80007de4 (0x0ff0000f)
core   0: 0x80007de8 (0x403a5bb3) sra     s7, s4, gp
core   0: 3 0x80007de8 (0x403a5bb3) x23 0xfffff1bf
core   0: 0x80007dec (0x05264463) blt     a2, s2, pc + 72
core   0: 3 0x80007dec (0x05264463)
core   0: 0x80007df0 (0x013be133) or      sp, s7, s3
core   0: 3 0x80007df0 (0x013be133) x 2 0xfffffdbf
core   0: 0x80007df4 (0x9dc96793) ori     a5, s2, -1572
core   0: 3 0x80007df4 (0x9dc96793) x15 0xfffffbff
core   0: 0x80007df8 (0x00000013) nop
core   0: 3 0x80007df8 (0x00000013)
core   0: 0x80007dfc (0x05648663) beq     s1, s6, pc + 76
core   0: 3 0x80007dfc (0x05648663)
core   0: 0x80007e00 (0x012a44b3) xor     s1, s4, s2
core   0: 3 0x80007e00 (0x012a44b3) x 9 0x00000a40
core   0: 0x80007e04 (0x41a0d893) srai    a7, ra, 26
core   0: 3 0x80007e04 (0x41a0d893) x17 0x00000000
core   0: 0x80007e08 (0x051e9263) bne     t4, a7, pc + 68
core   0: 3 0x80007e08 (0x051e9263)
core   0: 0x80007e4c (0x0ff0000f) fence   iorw,iorw
core   0: 3 0x80007e4c (0x0ff0000f)
core   0: 0x80007e50 (0x008e5db3) srl     s11, t3, s0
core   0: 3 0x80007e50 (0x008e5db3) x27 0x3646cddc
core   0: 0x80007e54 (0x01af8663) beq     t6, s10, pc + 12
core   0: 3 0x80007e54 (0x01af8663)
core   0: 0x80007e58 (0x4eb4eb93) ori     s7, s1, 1259
core   0: 3 0x80007e58 (0x4eb4eb93) x23 0x00000eeb
core   0: 0x80007e5c (0xbc91e793) ori     a5, gp, -1079
core   0: 3 0x80007e5c (0xbc91e793) x15 0xffffffc9
core   0: 0x80007e60 (0x406a8a33) sub     s4, s5, t1
core   0: 3 0x80007e60 (0x406a8a33) x20 0x92c7a9ef
core   0: 0x80007e64 (0x41c20833) sub     a6, tp, t3
core   0: 3 0x80007e64 (0x41c20833) x16 0x49bbef08
core   0: 0x80007e68 (0x0096df33) srl     t5, a3, s1
core   0: 3 0x80007e68 (0x0096df33) x30 0xfffffe26
core   0: 0x80007e6c (0x0143dd93) srli    s11, t2, 20
core   0: 3 0x80007e6c (0x0143dd93) x27 0x00000000
core   0: 0x80007e70 (0x01b3b033) sltu    zero, t2, s11
core   0: 3 0x80007e70 (0x01b3b033)
core   0: 0x80007e74 (0x419ed393) srai    t2, t4, 25
core   0: 3 0x80007e74 (0x419ed393) x 7 0x00000000
core   0: 0x80007e78 (0x01535463) bge     t1, s5, pc + 8
core   0: 3 0x80007e78 (0x01535463)
core   0: 0x80007e80 (0x007931b3) sltu    gp, s2, t2
core   0: 3 0x80007e80 (0x007931b3) x 3 0x00000000
core   0: 0x80007e84 (0x01f8beb3) sltu    t4, a7, t6
core   0: 3 0x80007e84 (0x01f8beb3) x29 0x00000001
core   0: 0x80007e88 (0x0115a0b3) slt     ra, a1, a7
core   0: 3 0x80007e88 (0x0115a0b3) x 1 0x00000000
core   0: 0x80007e8c (0x0ff0000f) fence   iorw,iorw
core   0: 3 0x80007e8c (0x0ff0000f)
core   0: 0x80007e90 (0x000fa6b3) slt     a3, t6, zero
core   0: 3 0x80007e90 (0x000fa6b3) x13 0x00000000
core   0: 0x80007e94 (0xdef4b513) sltiu   a0, s1, -529
core   0: 3 0x80007e94 (0xdef4b513) x10 0x00000001
core   0: 0x80007e98 (0x01d69893) slli    a7, a3, 29
core   0: 3 0x80007e98 (0x01d69893) x17 0x00000000
core   0: 0x80007e9c (0x41730ab3) sub     s5, t1, s7
core   0: 3 0x80007e9c (0x41730ab3) x21 0x6d384725
core   0: 0x80007ea0 (0x0064cbb3) xor     s7, s1, t1
core   0: 3 0x80007ea0 (0x0064cbb3) x23 0x6d385c50
core   0: 0x80007ea4 (0x0406f263) bgeu    a3, zero, pc + 68
core   0: 3 0x80007ea4 (0x0406f263)
core   0: 0x80007ee8 (0x11c46093) ori     ra, s0, 284
core   0: 3 0x80007ee8 (0x11c46093) x 1 0x0000011c
core   0: 0x80007eec (0x01671fb3) sll     t6, a4, s6
core   0: 3 0x80007eec (0x01671fb3) x31 0xffffe260
core   0: 0x80007ef0 (0x08149063) bne     s1, ra, pc + 128
core   0: 3 0x80007ef0 (0x08149063)
core   0: 0x80007f70 (0x5e717c93) andi    s9, sp, 1511
core   0: 3 0x80007f70 (0x5e717c93) x25 0x000005a7
core   0: 0x80007f74 (0x00d09393) slli    t2, ra, 13
core   0: 3 0x80007f74 (0x00d09393) x 7 0x00238000
core   0: 0x80007f78 (0x012dd5b3) srl     a1, s11, s2
core   0: 3 0x80007f78 (0x012dd5b3) x11 0x00000000
core   0: 0x80007f7c (0x01d98663) beq     s3, t4, pc + 12
core   0: 3 0x80007f7c (0x01d98663)
core   0: 0x80007f80 (0x40d35db3) sra     s11, t1, a3
core   0: 3 0x80007f80 (0x40d35db3) x27 0x6d385610
core   0: 0x80007f84 (0x007f7733) and     a4, t5, t2
core   0: 3 0x80007f84 (0x007f7733) x14 0x00238000
core   0: 0x80007f88 (0x41335633) sra     a2, t1, s3
core   0: 3 0x80007f88 (0x41335633) x12 0x00000006
core   0: 0x80007f8c (0x05508663) beq     ra, s5, pc + 76
core   0: 3 0x80007f8c (0x05508663)
core   0: 0x80007f90 (0x01cd96b3) sll     a3, s11, t3
core   0: 3 0x80007f90 (0x01cd96b3) x13 0x00000000
core   0: 0x80007f94 (0x04bb7663) bgeu    s6, a1, pc + 76
core   0: 3 0x80007f94 (0x04bb7663)
core   0: 0x80007fe0 (0x357f0013) addi    zero, t5, 855
core   0: 3 0x80007fe0 (0x357f0013)
core   0: 0x80007fe4 (0x0100bab3) sltu    s5, ra, a6
core   0: 3 0x80007fe4 (0x0100bab3) x21 0x00000001
core   0: 0x80007fe8 (0x03aee263) bltu    t4, s10, pc + 36
core   0: 3 0x80007fe8 (0x03aee263)
core   0: 0x80007fec (0x0000100f) fence.i
core   0: 3 0x80007fec (0x0000100f)
core   0: 0x80007ff0 (0x000dc433) xor     s0, s11, zero
core   0: 3 0x80007ff0 (0x000dc433) x 8 0x6d385610
core   0: 0x80007ff4 (0x00081313) slli    t1, a6, 0
core   0: 3 0x80007ff4 (0x00081313) x 6 0x49bbef08
core   0: 0x80007ff8 (0x680a8f17) auipc   t5, 0x680a8
core   0: 3 0x80007ff8 (0x680a8f17) x30 0xe80afff8
core   0: 0x80007ffc (0x2e9f3e93) sltiu   t4, t5, 745
core   0: 3 0x80007ffc (0x2e9f3e93) x29 0x00000000
core   0: 0x80008000 (0x41dc81b3) sub     gp, s9, t4
core   0: 3 0x80008000 (0x41dc81b3) x 3 0x000005a7
core   0: 0x80008004 (0x00000013) nop
core   0: 3 0x80008004 (0x00000013)
core   0: 0x80008008 (0x3de7ac97) auipc   s9, 0x3de7a
core   0: 3 0x80008008 (0x3de7ac97) x25 0xbde82008
core   0: 0x8000800c (0x01a62c33) slt     s8, a2, s10
core   0: 3 0x8000800c (0x01a62c33) x24 0x00000000
core   0: 0x80008010 (0x00872c33) slt     s8, a4, s0
core   0: 3 0x80008010 (0x00872c33) x24 0x00000001
core   0: 0x80008014 (0xf11a8a93) addi    s5, s5, -239
core   0: 3 0x80008014 (0xf11a8a93) x21 0xffffff12
core   0: 0x80008018 (0x84359517) auipc   a0, 0x84359
core   0: 3 0x80008018 (0x84359517) x10 0x04361018
core   0: 0x8000801c (0x00b455b3) srl     a1, s0, a1
core   0: 3 0x8000801c (0x00b455b3) x11 0x6d385610
core   0: 0x80008020 (0x00950093) addi    ra, a0, 9
core   0: 3 0x80008020 (0x00950093) x 1 0x04361021
core   0: 0x80008024 (0x366e3193) sltiu   gp, t3, 870
core   0: 3 0x80008024 (0x366e3193) x 3 0x00000000
core   0: 0x80008028 (0x42708f93) addi    t6, ra, 1063
core   0: 3 0x80008028 (0x42708f93) x31 0x04361448
core   0: 0x8000802c (0x01909633) sll     a2, ra, s9
core   0: 3 0x8000802c (0x01909633) x12 0x36102100
core   0: 0x80008030 (0x56dd2a13) slti    s4, s10, 1389
core   0: 3 0x80008030 (0x56dd2a13) x20 0x00000001
core   0: 0x80008034 (0x41735933) sra     s2, t1, s7
core   0: 3 0x80008034 (0x41735933) x18 0x000049bb
core   0: 0x80008038 (0xf5b32313) slti    t1, t1, -165
core   0: 3 0x80008038 (0xf5b32313) x 6 0x00000000
core   0: 0x8000803c (0x61853117) auipc   sp, 0x61853
core   0: 3 0x8000803c (0x61853117) x 2 0xe185b03c
core   0: 0x80008040 (0x404c01b3) sub     gp, s8, tp
core   0: 3 0x80008040 (0x404c01b3) x 3 0x7ffd431d
core   0: 0x80008044 (0x6509c193) xori    gp, s3, 1616
core   0: 3 0x80008044 (0x6509c193) x 3 0xfe64eacc
core   0: 0x80008048 (0x00000013) nop
core   0: 3 0x80008048 (0x00000013)
core   0: 0x8000804c (0x9c4c2313) slti    t1, s8, -1596
core   0: 3 0x8000804c (0x9c4c2313) x 6 0x00000000
core   0: 0x80008050 (0x4cdc8493) addi    s1, s9, 1229
core   0: 3 0x80008050 (0x4cdc8493) x 9 0xbde824d5
core   0: 0x80008054 (0xe7dae393) ori     t2, s5, -387
core   0: 3 0x80008054 (0xe7dae393) x 7 0xffffff7f
core   0: 0x80008058 (0x020d0063) beqz    s10, pc + 32
core   0: 3 0x80008058 (0x020d0063)
core   0: 0x80008078 (0x41945a13) srai    s4, s0, 25
core   0: 3 0x80008078 (0x41945a13) x20 0x00000036
core   0: 0x8000807c (0x41e15113) srai    sp, sp, 30
core   0: 3 0x8000807c (0x41e15113) x 2 0xffffffff
core   0: 0x80008080 (0x474c8413) addi    s0, s9, 1140
core   0: 3 0x80008080 (0x474c8413) x 8 0xbde8247c
core   0: 0x80008084 (0x0033e463) bltu    t2, gp, pc + 8
core   0: 3 0x80008084 (0x0033e463)
core   0: 0x80008088 (0x05c524b7) lui     s1, 0x5c52
core   0: 3 0x80008088 (0x05c524b7) x 9 0x05c52000
core   0: 0x8000808c (0x79447793) andi    a5, s0, 1940
core   0: 3 0x8000808c (0x79447793) x15 0x00000414
core   0: 0x80008090 (0x01db9e93) slli    t4, s7, 29
core   0: 3 0x80008090 (0x01db9e93) x29 0x00000000
core   0: 0x80008094 (0x2f770337) lui     t1, 0x2f770
core   0: 3 0x80008094 (0x2f770337) x 6 0x2f770000
core   0: 0x80008098 (0x009f9913) slli    s2, t6, 9
core   0: 3 0x80008098 (0x009f9913) x18 0x6c289000
core   0: 0x8000809c (0x017ed013) srli    zero, t4, 23
core   0: 3 0x8000809c (0x017ed013)
core   0: 0x800080a0 (0x01171113) slli    sp, a4, 17
core   0: 3 0x800080a0 (0x01171113) x 2 0x00000000
core   0: 0x800080a4 (0x01777133) and     sp, a4, s7
core   0: 3 0x800080a4 (0x01777133) x 2 0x00200000
core   0: 0x800080a8 (0x41f7da33) sra     s4, a5, t6
core   0: 3 0x800080a8 (0x41f7da33) x20 0x00000004
core   0: 0x800080ac (0x418f5033) sra     zero, t5, s8
core   0: 3 0x800080ac (0x418f5033)
core   0: 0x800080b0 (0x00000013) nop
core   0: 3 0x800080b0 (0x00000013)
core   0: 0x800080b4 (0x01c51e13) slli    t3, a0, 28
core   0: 3 0x800080b4 (0x01c51e13) x28 0x80000000
core   0: 0x800080b8 (0x00000013) nop
core   0: 3 0x800080b8 (0x00000013)
core   0: 0x800080bc (0x0141f463) bgeu    gp, s4, pc + 8
core   0: 3 0x800080bc (0x0141f463)
core   0: 0x800080c4 (0x059e8063) beq     t4, s9, pc + 64
core   0: 3 0x800080c4 (0x059e8063)
core   0: 0x800080c8 (0x002b8863) beq     s7, sp, pc + 16
core   0: 3 0x800080c8 (0x002b8863)
core   0: 0x800080cc (0x002d0463) beq     s10, sp, pc + 8
core   0: 3 0x800080cc (0x002d0463)
core   0: 0x800080d0 (0x01215fb3) srl     t6, sp, s2
core   0: 3 0x800080d0 (0x01215fb3) x31 0x00200000
core   0: 0x800080d4 (0x012fd193) srli    gp, t6, 18
core   0: 3 0x800080d4 (0x012fd193) x 3 0x00000008
core   0: 0x800080d8 (0x01499f13) slli    t5, s3, 20
core   0: 3 0x800080d8 (0x01499f13) x30 0xc9c00000
core   0: 0x800080dc (0xf02ace13) xori    t3, s5, -254
core   0: 3 0x800080dc (0xf02ace13) x28 0x00000010
core   0: 0x800080e0 (0x03690263) beq     s2, s6, pc + 36
core   0: 3 0x800080e0 (0x03690263)
core   0: 0x800080e4 (0x04977463) bgeu    a4, s1, pc + 72
core   0: 3 0x800080e4 (0x04977463)
core   0: 0x800080e8 (0x0018f463) bgeu    a7, ra, pc + 8
core   0: 3 0x800080e8 (0x0018f463)
core   0: 0x800080ec (0x006d2e33) slt     t3, s10, t1
core   0: 3 0x800080ec (0x006d2e33) x28 0x00000001
core   0: 0x800080f0 (0x0000de63) bgez    ra, pc + 28
core   0: 3 0x800080f0 (0x0000de63)
core   0: 0x8000810c (0x00000013) nop
core   0: 3 0x8000810c (0x00000013)
core   0: 0x80008110 (0x00aa1313) slli    t1, s4, 10
core   0: 3 0x80008110 (0x00aa1313) x 6 0x00001000
core   0: 0x80008114 (0x0000100f) fence.i
core   0: 3 0x80008114 (0x0000100f)
core   0: 0x80008118 (0x41e9d433) sra     s0, s3, t5
core   0: 3 0x80008118 (0x41e9d433) x 8 0xfe64ec9c
core   0: 0x8000811c (0x00929cb3) sll     s9, t0, s1
core   0: 3 0x8000811c (0x00929cb3) x25 0x00000000
core   0: 0x80008120 (0x01613f33) sltu    t5, sp, s6
core   0: 3 0x80008120 (0x01613f33) x30 0x00000001
core   0: 0x80008124 (0x4005db93) srai    s7, a1, 0
core   0: 3 0x80008124 (0x4005db93) x23 0x6d385610
core   0: 0x80008128 (0x003e1133) sll     sp, t3, gp
core   0: 3 0x80008128 (0x003e1133) x 2 0x00000100
core   0: 0x8000812c (0x01b0c033) xor     zero, ra, s11
core   0: 3 0x8000812c (0x01b0c033)
core   0: 0x80008130 (0x00d64933) xor     s2, a2, a3
core   0: 3 0x80008130 (0x00d64933) x18 0x36102100
core   0: 0x80008134 (0xa967ba13) sltiu   s4, a5, -1386
core   0: 3 0x80008134 (0xa967ba13) x20 0x00000001
core   0: 0x80008138 (0x41935bb3) sra     s7, t1, s9
core   0: 3 0x80008138 (0x41935bb3) x23 0x00001000
core   0: 0x8000813c (0xe585e293) ori     t0, a1, -424
core   0: 3 0x8000813c (0xe585e293) x 5 0xfffffe58
core   0: 0x80008140 (0x005f8e63) beq     t6, t0, pc + 28
core   0: 3 0x80008140 (0x005f8e63)
core   0: 0x80008144 (0x00000013) nop
core   0: 3 0x80008144 (0x00000013)
core   0: 0x80008148 (0x418cd113) srai    sp, s9, 24
core   0: 3 0x80008148 (0x418cd113) x 2 0x00000000
core   0: 0x8000814c (0x009377b3) and     a5, t1, s1
core   0: 3 0x8000814c (0x009377b3) x15 0x00000000
core   0: 0x80008150 (0x023ad263) bge     s5, gp, pc + 36
core   0: 3 0x80008150 (0x023ad263)
core   0: 0x80008154 (0xa2e42893) slti    a7, s0, -1490
core   0: 3 0x80008154 (0xa2e42893) x17 0x00000001
core   0: 0x80008158 (0x4906de97) auipc   t4, 0x4906d
core   0: 3 0x80008158 (0x4906de97) x29 0xc9075158
core   0: 0x8000815c (0xc6cc8093) addi    ra, s9, -916
core   0: 3 0x8000815c (0xc6cc8093) x 1 0xfffffc6c
core   0: 0x80008160 (0x00841b93) slli    s7, s0, 8
core   0: 3 0x80008160 (0x00841b93) x23 0x64ec9c00
core   0: 0x80008164 (0x7c8cf593) andi    a1, s9, 1992
core   0: 3 0x80008164 (0x7c8cf593) x11 0x00000000
core   0: 0x80008168 (0x40295593) srai    a1, s2, 2
core   0: 3 0x80008168 (0x40295593) x11 0x0d840840
core   0: 0x8000816c (0x41a45a33) sra     s4, s0, s10
core   0: 3 0x8000816c (0x41a45a33) x20 0xfe64ec9c
core   0: 0x80008170 (0x03aae263) bltu    s5, s10, pc + 36
core   0: 3 0x80008170 (0x03aae263)
core   0: 0x80008174 (0xb58c02b7) lui     t0, 0xb58c0
core   0: 3 0x80008174 (0xb58c02b7) x 5 0xb58c0000
core   0: 0x80008178 (0x0143e663) bltu    t2, s4, pc + 12
core   0: 3 0x80008178 (0x0143e663)
core   0: 0x8000817c (0x0ff0000f) fence   iorw,iorw
core   0: 3 0x8000817c (0x0ff0000f)
core   0: 0x80008180 (0x01ae5533) srl     a0, t3, s10
core   0: 3 0x80008180 (0x01ae5533) x10 0x00000001
core   0: 0x80008184 (0x00000013) nop
core   0: 3 0x80008184 (0x00000013)
core   0: 0x80008188 (0x00000013) nop
core   0: 3 0x80008188 (0x00000013)
core   0: 0x8000818c (0x40a5d4b3) sra     s1, a1, a0
core   0: 3 0x8000818c (0x40a5d4b3) x 9 0x06c20420
core   0: 0x80008190 (0x00df9f13) slli    t5, t6, 13
core   0: 3 0x80008190 (0x00df9f13) x30 0x00000000
core   0: 0x80008194 (0x39d96e17) auipc   t3, 0x39d96
core   0: 3 0x80008194 (0x39d96e17) x28 0xb9d9e194
core   0: 0x80008198 (0x00019897) auipc   a7, 0x19
core   0: 3 0x80008198 (0x00019897) x17 0x80021198
core   0: 0x8000819c (0xbfd88893) addi    a7, a7, -1027
core   0: 3 0x8000819c (0xbfd88893) x17 0x80020d95
core   0: 0x800081a0 (0x62688e83) lb      t4, 1574(a7)
core   0: 3 0x800081a0 (0x62688e83) x29 0x00000070 mem 0x800213bb
core   0: 0x800081a4 (0x01d96eb3) or      t4, s2, t4
core   0: 3 0x800081a4 (0x01d96eb3) x29 0x36102170
core   0: 0x800081a8 (0x40b00eb3) sub     t4, zero, a1
core   0: 3 0x800081a8 (0x40b00eb3) x29 0xf27bf7c0
core   0: 0x800081ac (0x4eb88aa3) sb      a1, 1269(a7)
core   0: 3 0x800081ac (0x4eb88aa3) mem 0x8002128a 0x40
core   0: 0x800081b0 (0x012edeb3) srl     t4, t4, s2
core   0: 3 0x800081b0 (0x012edeb3) x29 0xf27bf7c0
core   0: 0x800081b4 (0x60b07413) andi    s0, zero, 1547
core   0: 3 0x800081b4 (0x60b07413) x 8 0x00000000
core   0: 0x800081b8 (0x41ded933) sra     s2, t4, t4
core   0: 3 0x800081b8 (0x41ded933) x18 0xf27bf7c0
core   0: 0x800081bc (0xb2139037) lui     zero, 0xb2139
core   0: 3 0x800081bc (0xb2139037)
core   0: 0x800081c0 (0x50888003) lb      zero, 1288(a7)
core   0: 3 0x800081c0 (0x50888003) mem 0x8002129d
core   0: 0x800081c4 (0x000eb5b3) sltu    a1, t4, zero
core   0: 3 0x800081c4 (0x000eb5b3) x11 0x00000000
core   0: 0x800081c8 (0xd2eeb413) sltiu   s0, t4, -722
core   0: 3 0x800081c8 (0xd2eeb413) x 8 0x00000001
core   0: 0x800081cc (0xf658de83) lhu     t4, -155(a7)
core   0: 3 0x800081cc (0xf658de83) x29 0x0000b0b1 mem 0x80020cfa
core   0: 0x800081d0 (0xfc888323) sb      s0, -58(a7)
core   0: 3 0x800081d0 (0xfc888323) mem 0x80020d5b 0x1
core   0: 0x800081d4 (0xe8388f23) sb      gp, -354(a7)
core   0: 3 0x800081d4 (0xe8388f23) mem 0x80020c33 0x8
core   0: 0x800081d8 (0x88a88e83) lb      t4, -1910(a7)
core   0: 3 0x800081d8 (0x88a88e83) x29 0xffffffd4 mem 0x8002061f
core   0: 0x800081dc (0x2c088ca3) sb      zero, 729(a7)
core   0: 3 0x800081dc (0x2c088ca3) mem 0x8002106e 0x0
core   0: 0x800081e0 (0x82688403) lb      s0, -2010(a7)
core   0: 3 0x800081e0 (0x82688403) x 8 0x00000070 mem 0x800205bb
core   0: 0x800081e4 (0xd908c003) lbu     zero, -624(a7)
core   0: 3 0x800081e4 (0xd908c003) mem 0x80020b25
core   0: 0x800081e8 (0x4125d433) sra     s0, a1, s2
core   0: 3 0x800081e8 (0x4125d433) x 8 0x00000000
core   0: 0x800081ec (0xd6c8c903) lbu     s2, -660(a7)
core   0: 3 0x800081ec (0xd6c8c903) x18 0x000000ba mem 0x80020b01
core   0: 0x800081f0 (0x000e9593) slli    a1, t4, 0
core   0: 3 0x800081f0 (0x000e9593) x11 0xffffffd4
core   0: 0x800081f4 (0x8c38de83) lhu     t4, -1853(a7)
core   0: 3 0x800081f4 (0x8c38de83) x29 0x00001213 mem 0x80020658
core   0: 0x800081f8 (0x5fd88ea3) sb      t4, 1533(a7)
core   0: 3 0x800081f8 (0x5fd88ea3) mem 0x80021392 0x13
core   0: 0x800081fc (0x9dd88403) lb      s0, -1571(a7)
core   0: 3 0x800081fc (0x9dd88403) x 8 0x00000029 mem 0x80020772
core   0: 0x80008200 (0x4081d933) sra     s2, gp, s0
core   0: 3 0x80008200 (0x4081d933) x18 0x00000000
core   0: 0x80008204 (0xaa888a23) sb      s0, -1356(a7)
core   0: 3 0x80008204 (0xaa888a23) mem 0x80020849 0x29
core   0: 0x80008208 (0xdc088403) lb      s0, -576(a7)
core   0: 3 0x80008208 (0xdc088403) x 8 0x0000000e mem 0x80020b55
core   0: 0x8000820c (0x0125a933) slt     s2, a1, s2
core   0: 3 0x8000820c (0x0125a933) x18 0x00000001
core   0: 0x80008210 (0x41295433) sra     s0, s2, s2
core   0: 3 0x80008210 (0x41295433) x 8 0x00000000
core   0: 0x80008214 (0x012025b3) slt     a1, zero, s2
core   0: 3 0x80008214 (0x012025b3) x11 0x00000001
core   0: 0x80008218 (0x42800413) li      s0, 1064
core   0: 3 0x80008218 (0x42800413) x 8 0x00000428
core   0: 0x8000821c (0x94488403) lb      s0, -1724(a7)
core   0: 3 0x8000821c (0x94488403) x 8 0xffffff92 mem 0x800206d9
core   0: 0x80008220 (0x0000100f) fence.i
core   0: 3 0x80008220 (0x0000100f)
core   0: 0x80008224 (0xa1c88583) lb      a1, -1508(a7)
core   0: 3 0x80008224 (0xa1c88583) x11 0x0000006a mem 0x800207b1
core   0: 0x80008228 (0xf0888ba3) sb      s0, -233(a7)
core   0: 3 0x80008228 (0xf0888ba3) mem 0x80020cac 0x92
core   0: 0x8000822c (0x0c3895a3) sh      gp, 203(a7)
core   0: 3 0x8000822c (0x0c3895a3) mem 0x80020e60 0x0008
core   0: 0x80008230 (0xc4388423) sb      gp, -952(a7)
core   0: 3 0x80008230 (0xc4388423) mem 0x800209dd 0x8
core   0: 0x80008234 (0x008220b3) slt     ra, tp, s0
core   0: 3 0x80008234 (0x008220b3) x 1 0x00000001
core   0: 0x80008238 (0x0041de63) bge     gp, tp, pc + 28
core   0: 3 0x80008238 (0x0041de63)
core   0: 0x80008254 (0x04498263) beq     s3, tp, pc + 68
core   0: 3 0x80008254 (0x04498263)
core   0: 0x80008258 (0x00bcbd33) sltu    s10, s9, a1
core   0: 3 0x80008258 (0x00bcbd33) x26 0x00000001
core   0: 0x8000825c (0x01ba2133) slt     sp, s4, s11
core   0: 3 0x8000825c (0x01ba2133) x 2 0x00000001
core   0: 0x80008260 (0x000f4fb3) xor     t6, t5, zero
core   0: 3 0x80008260 (0x000f4fb3) x31 0x00000000
core   0: 0x80008264 (0x014b8a33) add     s4, s7, s4
core   0: 3 0x80008264 (0x014b8a33) x20 0x6351889c
core   0: 0x80008268 (0x00f6a4b3) slt     s1, a3, a5
core   0: 3 0x80008268 (0x00f6a4b3) x 9 0x00000000
core   0: 0x8000826c (0x0087e463) bltu    a5, s0, pc + 8
core   0: 3 0x8000826c (0x0087e463)
core   0: 0x80008274 (0x034c7a63) bgeu    s8, s4, pc + 52
core   0: 3 0x80008274 (0x034c7a63)
core   0: 0x80008278 (0x41b706b3) sub     a3, a4, s11
core   0: 3 0x80008278 (0x41b706b3) x13 0x92eb29f0
core   0: 0x8000827c (0x00000013) nop
core   0: 3 0x8000827c (0x00000013)
core   0: 0x80008280 (0x0043e593) ori     a1, t2, 4
core   0: 3 0x80008280 (0x0043e593) x11 0xffffff7f
core   0: 0x80008284 (0x0130f533) and     a0, ra, s3
core   0: 3 0x80008284 (0x0130f533) x10 0x00000000
core   0: 0x80008288 (0x04237663) bgeu    t1, sp, pc + 76
core   0: 3 0x80008288 (0x04237663)
core   0: 0x800082d4 (0x01ad01b3) add     gp, s10, s10
core   0: 3 0x800082d4 (0x01ad01b3) x 3 0x00000002
core   0: 0x800082d8 (0x009bdc33) srl     s8, s7, s1
core   0: 3 0x800082d8 (0x009bdc33) x24 0x64ec9c00
core   0: 0x800082dc (0x40ced733) sra     a4, t4, a2
core   0: 3 0x800082dc (0x40ced733) x14 0x00001213
core   0: 0x800082e0 (0xc3f73b93) sltiu   s7, a4, -961
core   0: 3 0x800082e0 (0xc3f73b93) x23 0x00000001
core   0: 0x800082e4 (0x04296463) bltu    s2, sp, pc + 72
core   0: 3 0x800082e4 (0x04296463)
core   0: 0x800082e8 (0xf4686813) ori     a6, a6, -186
core   0: 3 0x800082e8 (0xf4686813) x16 0xffffff4e
core   0: 0x800082ec (0x400d5e13) srai    t3, s10, 0
core   0: 3 0x800082ec (0x400d5e13) x28 0x00000001
core   0: 0x800082f0 (0xeec76337) lui     t1, 0xeec76
core   0: 3 0x800082f0 (0xeec76337) x 6 0xeec76000
core   0: 0x800082f4 (0x40948db3) sub     s11, s1, s1
core   0: 3 0x800082f4 (0x40948db3) x27 0x00000000
core   0: 0x800082f8 (0x00395633) srl     a2, s2, gp
core   0: 3 0x800082f8 (0x00395633) x12 0x00000000
core   0: 0x800082fc (0x035d0663) beq     s10, s5, pc + 44
core   0: 3 0x800082fc (0x035d0663)
core   0: 0x80008300 (0x0072e663) bltu    t0, t2, pc + 12
core   0: 3 0x80008300 (0x0072e663)
core   0: 0x8000830c (0x0009d813) srli    a6, s3, 0
core   0: 3 0x8000830c (0x0009d813) x16 0xfe64ec9c
core   0: 0x80008310 (0x000bd833) srl     a6, s7, zero
core   0: 3 0x80008310 (0x000bd833) x16 0x00000001
core   0: 0x80008314 (0x057e0463) beq     t3, s7, pc + 72
core   0: 3 0x80008314 (0x057e0463)
core   0: 0x8000835c (0x41e30833) sub     a6, t1, t5
core   0: 3 0x8000835c (0x41e30833) x16 0xeec76000
core   0: 0x80008360 (0x04fae063) bltu    s5, a5, pc + 64
core   0: 3 0x80008360 (0x04fae063)
core   0: 0x80008364 (0x05421463) bne     tp, s4, pc + 72
core   0: 3 0x80008364 (0x05421463)
core   0: 0x800083ac (0x0095d293) srli    t0, a1, 9
core   0: 3 0x800083ac (0x0095d293) x 5 0x007fffff
core   0: 0x800083b0 (0x0ff0000f) fence   iorw,iorw
core   0: 3 0x800083b0 (0x0ff0000f)
core   0: 0x800083b4 (0x00b6e333) or      t1, a3, a1
core   0: 3 0x800083b4 (0x00b6e333) x 6 0xffffffff
core   0: 0x800083b8 (0x00e8e0b3) or      ra, a7, a4
core   0: 3 0x800083b8 (0x00e8e0b3) x 1 0x80021f97
core   0: 0x800083bc (0xfc5fac13) slti    s8, t6, -59
core   0: 3 0x800083bc (0xfc5fac13) x24 0x00000000
core   0: 0x800083c0 (0x00b91313) slli    t1, s2, 11
core   0: 3 0x800083c0 (0x00b91313) x 6 0x00000800
core   0: 0x800083c4 (0x4133d193) srai    gp, t2, 19
core   0: 3 0x800083c4 (0x4133d193) x 3 0xffffffff
core   0: 0x800083c8 (0x01535863) bge     t1, s5, pc + 16
core   0: 3 0x800083c8 (0x01535863)
core   0: 0x800083d8 (0x00463bb3) sltu    s7, a2, tp
core   0: 3 0x800083d8 (0x00463bb3) x23 0x00000001
core   0: 0x800083dc (0x411e8d33) sub     s10, t4, a7
core   0: 3 0x800083dc (0x411e8d33) x26 0x7ffe047e
core   0: 0x800083e0 (0x0007a5b3) slt     a1, a5, zero
core   0: 3 0x800083e0 (0x0007a5b3) x11 0x00000000
core   0: 0x800083e4 (0x0031d733) srl     a4, gp, gp
core   0: 3 0x800083e4 (0x0031d733) x14 0x00000001
core   0: 0x800083e8 (0x05375463) bge     a4, s3, pc + 72
core   0: 3 0x800083e8 (0x05375463)
core   0: 0x80008430 (0x131ee013) ori     zero, t4, 305
core   0: 3 0x80008430 (0x131ee013)
core   0: 0x80008434 (0x0000100f) fence.i
core   0: 3 0x80008434 (0x0000100f)
core   0: 0x80008438 (0x41d5d913) srai    s2, a1, 29
core   0: 3 0x80008438 (0x41d5d913) x18 0x00000000
core   0: 0x8000843c (0x00541a33) sll     s4, s0, t0
core   0: 3 0x8000843c (0x00541a33) x20 0x00000000
core   0: 0x80008440 (0x00349693) slli    a3, s1, 3
core   0: 3 0x80008440 (0x00349693) x13 0x00000000
core   0: 0x80008444 (0x00a1d613) srli    a2, gp, 10
core   0: 3 0x80008444 (0x00a1d613) x12 0x003fffff
core   0: 0x80008448 (0x40408f33) sub     t5, ra, tp
core   0: 3 0x80008448 (0x40408f33) x30 0xffff62b3
core   0: 0x8000844c (0x01e79693) slli    a3, a5, 30
core   0: 3 0x8000844c (0x01e79693) x13 0x00000000
core   0: 0x80008450 (0x00379413) slli    s0, a5, 3
core   0: 3 0x80008450 (0x00379413) x 8 0x00000000
core   0: 0x80008454 (0x00836433) or      s0, t1, s0
core   0: 3 0x80008454 (0x00836433) x 8 0x00000800
core   0: 0x80008458 (0x41445513) srai    a0, s0, 20
core   0: 3 0x80008458 (0x41445513) x10 0x00000000
core   0: 0x8000845c (0x8823b193) sltiu   gp, t2, -1918
core   0: 3 0x8000845c (0x8823b193) x 3 0x00000000
core   0: 0x80008460 (0x003b7463) bgeu    s6, gp, pc + 8
core   0: 3 0x80008460 (0x003b7463)
core   0: 0x80008468 (0x001c7e63) bgeu    s8, ra, pc + 28
core   0: 3 0x80008468 (0x001c7e63)
core   0: 0x8000846c (0x00748e63) beq     s1, t2, pc + 28
core   0: 3 0x8000846c (0x00748e63)
core   0: 0x80008470 (0x7d515eb7) lui     t4, 0x7d515
core   0: 3 0x80008470 (0x7d515eb7) x29 0x7d515000
core   0: 0x80008474 (0x416c5a93) srai    s5, s8, 22
core   0: 3 0x80008474 (0x416c5a93) x21 0x00000000
core   0: 0x80008478 (0x00bb5533) srl     a0, s6, a1
core   0: 3 0x80008478 (0x00bb5533) x10 0x80027e64
core   0: 0x8000847c (0x002cd713) srli    a4, s9, 2
core   0: 3 0x8000847c (0x002cd713) x14 0x00000000
core   0: 0x80008480 (0x00b42ab3) slt     s5, s0, a1
core   0: 3 0x80008480 (0x00b42ab3) x21 0x00000000
core   0: 0x80008484 (0x01b29a33) sll     s4, t0, s11
core   0: 3 0x80008484 (0x01b29a33) x20 0x007fffff
core   0: 0x80008488 (0xd9994693) xori    a3, s2, -615
core   0: 3 0x80008488 (0xd9994693) x13 0xfffffd99
core   0: 0x8000848c (0x87246593) ori     a1, s0, -1934
core   0: 3 0x8000848c (0x87246593) x11 0xfffff872
core   0: 0x80008490 (0x14818193) addi    gp, gp, 328
core   0: 3 0x80008490 (0x14818193) x 3 0x00000148
core   0: 0x80008494 (0x0000100f) fence.i
core   0: 3 0x80008494 (0x0000100f)
core   0: 0x80008498 (0x00ee2ab3) slt     s5, t3, a4
core   0: 3 0x80008498 (0x00ee2ab3) x21 0x00000000
core   0: 0x8000849c (0x00000013) nop
core   0: 3 0x8000849c (0x00000013)
core   0: 0x800084a0 (0x03191063) bne     s2, a7, pc + 32
core   0: 3 0x800084a0 (0x03191063)
core   0: 0x800084c0 (0x0186ea33) or      s4, a3, s8
core   0: 3 0x800084c0 (0x0186ea33) x20 0xfffffd99
core   0: 0x800084c4 (0x00ee0663) beq     t3, a4, pc + 12
core   0: 3 0x800084c4 (0x00ee0663)
core   0: 0x800084c8 (0x03037263) bgeu    t1, a6, pc + 36
core   0: 3 0x800084c8 (0x03037263)
core   0: 0x800084cc (0x04e15663) bge     sp, a4, pc + 76
core   0: 3 0x800084cc (0x04e15663)
core   0: 0x80008518 (0x63636693) ori     a3, t1, 1590
core   0: 3 0x80008518 (0x63636693) x13 0x00000e36
core   0: 0x8000851c (0xf4f40d93) addi    s11, s0, -177
core   0: 3 0x8000851c (0xf4f40d93) x27 0x0000074f
core   0: 0x80008520 (0x00db42b3) xor     t0, s6, a3
core   0: 3 0x80008520 (0x00db42b3) x 5 0x80027052
core   0: 0x80008524 (0x317be493) ori     s1, s7, 791
core   0: 3 0x80008524 (0x317be493) x 9 0x00000317
core   0: 0x80008528 (0x017653b3) srl     t2, a2, s7
core   0: 3 0x80008528 (0x017653b3) x 7 0x001fffff
core   0: 0x8000852c (0x002e9a93) slli    s5, t4, 2
core   0: 3 0x8000852c (0x002e9a93) x21 0xf5454000
core   0: 0x80008530 (0x06991063) bne     s2, s1, pc + 96
core   0: 3 0x80008530 (0x06991063)
core   0: 0x80008590 (0x013c56b3) srl     a3, s8, s3
core   0: 3 0x80008590 (0x013c56b3) x13 0x00000000
core   0: 0x80008594 (0x05b8e463) bltu    a7, s11, pc + 72
core   0: 3 0x80008594 (0x05b8e463)
core   0: 0x80008598 (0x001af663) bgeu    s5, ra, pc + 12
core   0: 3 0x80008598 (0x001af663)
core   0: 0x800085a4 (0xf2a04a93) xori    s5, zero, -214
core   0: 3 0x800085a4 (0xf2a04a93) x21 0xffffff2a
core   0: 0x800085a8 (0x0000100f) fence.i
core   0: 3 0x800085a8 (0x0000100f)
core   0: 0x800085ac (0x00416cb3) or      s9, sp, tp
core   0: 3 0x800085ac (0x00416cb3) x25 0x8002bce5
core   0: 0x800085b0 (0x00ded463) bge     t4, a3, pc + 8
core   0: 3 0x800085b0 (0x00ded463)
core   0: 0x800085b8 (0x01a78333) add     t1, a5, s10
core   0: 3 0x800085b8 (0x01a78333) x 6 0x7ffe047e
core   0: 0x800085bc (0x01ebad33) slt     s10, s7, t5
core   0: 3 0x800085bc (0x01ebad33) x26 0x00000000
core   0: 0x800085c0 (0xb4683c37) lui     s8, 0xb4683
core   0: 3 0x800085c0 (0xb4683c37) x24 0xb4683000
core   0: 0x800085c4 (0x001f3533) sltu    a0, t5, ra
core   0: 3 0x800085c4 (0x001f3533) x10 0x00000000
core   0: 0x800085c8 (0x05c0c663) blt     ra, t3, pc + 76
core   0: 3 0x800085c8 (0x05c0c663)
core   0: 0x80008614 (0x5ed9ea93) ori     s5, s3, 1517
core   0: 3 0x80008614 (0x5ed9ea93) x21 0xfe64edfd
core   0: 0x80008618 (0x004992b3) sll     t0, s3, tp
core   0: 3 0x80008618 (0x004992b3) x 5 0xe64ec9c0
core   0: 0x8000861c (0x01981893) slli    a7, a6, 25
core   0: 3 0x8000861c (0x01981893) x17 0x00000000
core   0: 0x80008620 (0x015235b3) sltu    a1, tp, s5
core   0: 3 0x80008620 (0x015235b3) x11 0x00000001
core   0: 0x80008624 (0x00000013) nop
core   0: 3 0x80008624 (0x00000013)
core   0: 0x80008628 (0x5f2fe013) ori     zero, t6, 1522
core   0: 3 0x80008628 (0x5f2fe013)
core   0: 0x8000862c (0x0bd20e63) beq     tp, t4, pc + 188
core   0: 3 0x8000862c (0x0bd20e63)
core   0: 0x80008630 (0x0b618a63) beq     gp, s6, pc + 180
core   0: 3 0x80008630 (0x0b618a63)
core   0: 0x80008634 (0x40fa0f33) sub     t5, s4, a5
core   0: 3 0x80008634 (0x40fa0f33) x30 0xfffffd99
core   0: 0x80008638 (0x20808597) auipc   a1, 0x20808
core   0: 3 0x80008638 (0x20808597) x11 0xa0810638
core   0: 0x8000863c (0x0a7d0293) addi    t0, s10, 167
core   0: 3 0x8000863c (0x0a7d0293) x 5 0x000000a7
core   0: 0x80008640 (0x00aad193) srli    gp, s5, 10
core   0: 3 0x80008640 (0x00aad193) x 3 0x003f993b
core   0: 0x80008644 (0x01c71a63) bne     a4, t3, pc + 20
core   0: 3 0x80008644 (0x01c71a63)
core   0: 0x80008658 (0x00e2f463) bgeu    t0, a4, pc + 8
core   0: 3 0x80008658 (0x00e2f463)
core   0: 0x80008660 (0x0016b533) sltu    a0, a3, ra
core   0: 3 0x80008660 (0x0016b533) x10 0x00000001
core   0: 0x80008664 (0x00000013) nop
core   0: 3 0x80008664 (0x00000013)
core   0: 0x80008668 (0x00a03a33) snez    s4, a0
core   0: 3 0x80008668 (0x00a03a33) x20 0x00000001
core   0: 0x8000866c (0x00e168b3) or      a7, sp, a4
core   0: 3 0x8000866c (0x00e168b3) x17 0x00000001
core   0: 0x80008670 (0x0380036f) jal     t1, pc + 0x38
core   0: 3 0x80008670 (0x0380036f) x 6 0x80008674
core   0: 0x800086a8 (0x0200036f) jal     t1, pc + 0x20
core   0: 3 0x800086a8 (0x0200036f) x 6 0x800086ac
core   0: 0x800086c8 (0x008000ef) jal     pc + 0x8
core   0: 3 0x800086c8 (0x008000ef) x 1 0x800086cc
core   0: 0x800086d0 (0xfadff0ef) jal     pc - 0x54
core   0: 3 0x800086d0 (0xfadff0ef) x 1 0x800086d4
core   0: 0x8000867c (0x00c000ef) jal     pc + 0xc
core   0: 3 0x8000867c (0x00c000ef) x 1 0x80008680
core   0: 0x80008688 (0x0300036f) jal     t1, pc + 0x30
core   0: 3 0x80008688 (0x0300036f) x 6 0x8000868c
core   0: 0x800086b8 (0xfe9ff1ef) jal     gp, pc - 0x18
core   0: 3 0x800086b8 (0xfe9ff1ef) x 3 0x800086bc
core   0: 0x800086a0 (0x0040036f) jal     t1, pc + 0x4
core   0: 3 0x800086a0 (0x0040036f) x 6 0x800086a4
core   0: 0x800086a4 (0xfe1ff0ef) jal     pc - 0x20
core   0: 3 0x800086a4 (0xfe1ff0ef) x 1 0x800086a8
core   0: 0x80008684 (0x058000ef) jal     pc + 0x58
core   0: 3 0x80008684 (0x058000ef) x 1 0x80008688
core   0: 0x800086dc (0xf9dff0ef) jal     pc - 0x64
core   0: 3 0x800086dc (0xf9dff0ef) x 1 0x800086e0
core   0: 0x80008678 (0x0440096f) jal     s2, pc + 0x44
core   0: 3 0x80008678 (0x0440096f) x18 0x8000867c
core   0: 0x800086bc (0x004000ef) jal     pc + 0x4
core   0: 3 0x800086bc (0x004000ef) x 1 0x800086c0
core   0: 0x800086c0 (0xfd1ff0ef) jal     pc - 0x30
core   0: 3 0x800086c0 (0xfd1ff0ef) x 1 0x800086c4
core   0: 0x80008690 (0x0480036f) jal     t1, pc + 0x48
core   0: 3 0x80008690 (0x0480036f) x 6 0x80008694
core   0: 0x800086d8 (0xfa9ff0ef) jal     pc - 0x58
core   0: 3 0x800086d8 (0xfa9ff0ef) x 1 0x800086dc
core   0: 0x80008680 (0x044000ef) jal     pc + 0x44
core   0: 3 0x80008680 (0x044000ef) x 1 0x80008684
core   0: 0x800086c4 (0xfd5ff36f) jal     t1, pc - 0x2c
core   0: 3 0x800086c4 (0xfd5ff36f) x 6 0x800086c8
core   0: 0x80008698 (0x034000ef) jal     pc + 0x34
core   0: 3 0x80008698 (0x034000ef) x 1 0x8000869c
core   0: 0x800086cc (0xfe9ff0ef) jal     pc - 0x18
core   0: 3 0x800086cc (0xfe9ff0ef) x 1 0x800086d0
core   0: 0x800086b4 (0xff9ff2ef) jal     t0, pc - 0x8
core   0: 3 0x800086b4 (0xff9ff2ef) x 5 0x800086b8
core   0: 0x800086ac (0x02800cef) jal     s9, pc + 0x28
core   0: 3 0x800086ac (0x02800cef) x25 0x800086b0
core   0: 0x800086d4 (0xfa1ff0ef) jal     pc - 0x60
core   0: 3 0x800086d4 (0xfa1ff0ef) x 1 0x800086d8
core   0: 0x80008674 (0x020000ef) jal     pc + 0x20
core   0: 3 0x80008674 (0x020000ef) x 1 0x80008678
core   0: 0x80008694 (0x008000ef) jal     pc + 0x8
core   0: 3 0x80008694 (0x008000ef) x 1 0x80008698
core   0: 0x8000869c (0x0140036f) jal     t1, pc + 0x14
core   0: 3 0x8000869c (0x0140036f) x 6 0x800086a0
core   0: 0x800086b0 (0xfddff0ef) jal     pc - 0x24
core   0: 3 0x800086b0 (0xfddff0ef) x 1 0x800086b4
core   0: 0x8000868c (0x054001ef) jal     gp, pc + 0x54
core   0: 3 0x8000868c (0x054001ef) x 3 0x80008690
core   0: 0x800086e0 (0x40328db3) sub     s11, t0, gp
core   0: 3 0x800086e0 (0x40328db3) x27 0x00000028
core   0: 0x800086e4 (0x007e8c33) add     s8, t4, t2
core   0: 3 0x800086e4 (0x007e8c33) x24 0x7d714fff
core   0: 0x800086e8 (0x01b5e863) bltu    a1, s11, pc + 16
core   0: 3 0x800086e8 (0x01b5e863)
core   0: 0x800086ec (0x01a025b3) slt     a1, zero, s10
core   0: 3 0x800086ec (0x01a025b3) x11 0x00000000
core   0: 0x800086f0 (0x00000013) nop
core   0: 3 0x800086f0 (0x00000013)
core   0: 0x800086f4 (0x8bae4e97) auipc   t4, 0x8bae4
core   0: 3 0x800086f4 (0x8bae4e97) x29 0x0baec6f4
core   0: 0x800086f8 (0x017c2eb3) slt     t4, s8, s7
core   0: 3 0x800086f8 (0x017c2eb3) x29 0x00000000
core   0: 0x800086fc (0x00438463) beq     t2, tp, pc + 8
core   0: 3 0x800086fc (0x00438463)
core   0: 0x80008700 (0x01955093) srli    ra, a0, 25
core   0: 3 0x80008700 (0x01955093) x 1 0x00000000
core   0: 0x80008704 (0x00760c33) add     s8, a2, t2
core   0: 3 0x80008704 (0x00760c33) x24 0x005ffffe
core   0: 0x80008708 (0xbdf536b7) lui     a3, 0xbdf53
core   0: 3 0x80008708 (0xbdf536b7) x13 0xbdf53000
core   0: 0x8000870c (0xdf453713) sltiu   a4, a0, -524
core   0: 3 0x8000870c (0xdf453713) x14 0x00000001
core   0: 0x80008710 (0x0087de13) srli    t3, a5, 8
core   0: 3 0x80008710 (0x0087de13) x28 0x00000000
core   0: 0x80008714 (0x00000013) nop
core   0: 3 0x80008714 (0x00000013)
core   0: 0x80008718 (0x00ccf633) and     a2, s9, a2
core   0: 3 0x80008718 (0x00ccf633) x12 0x000086b0
core   0: 0x8000871c (0x1e303393) sltiu   t2, zero, 483
core   0: 3 0x8000871c (0x1e303393) x 7 0x00000001
core   0: 0x80008720 (0xb2be0913) addi    s2, t3, -1237
core   0: 3 0x80008720 (0xb2be0913) x18 0xfffffb2b
core   0: 0x80008724 (0x00857e63) bgeu    a0, s0, pc + 28
core   0: 3 0x80008724 (0x00857e63)
core   0: 0x80008728 (0x00519c93) slli    s9, gp, 5
core   0: 3 0x80008728 (0x00519c93) x25 0x0010d200
core   0: 0x8000872c (0x0b070663) beq     a4, a6, pc + 172
core   0: 3 0x8000872c (0x0b070663)
core   0: 0x80008730 (0x00908c93) addi    s9, ra, 9
core   0: 3 0x80008730 (0x00908c93) x25 0x00000009
core   0: 0x80008734 (0x6d1e0613) addi    a2, t3, 1745
core   0: 3 0x80008734 (0x6d1e0613) x12 0x000006d1
core   0: 0x80008738 (0x0000100f) fence.i
core   0: 3 0x80008738 (0x0000100f)
core   0: 0x8000873c (0x00f07d33) and     s10, zero, a5
core   0: 3 0x8000873c (0x00f07d33) x26 0x00000000
core   0: 0x80008740 (0x00474a33) xor     s4, a4, tp
core   0: 3 0x80008740 (0x00474a33) x20 0x8002bce5
core   0: 0x80008744 (0x9a417e93) andi    t4, sp, -1628
core   0: 3 0x80008744 (0x9a417e93) x29 0x00000000
core   0: 0x80008748 (0x0000a117) auipc   sp, 0xa
core   0: 3 0x80008748 (0x0000a117) x 2 0x80012748
core   0: 0x8000874c (0xe8910113) addi    sp, sp, -375
core   0: 3 0x8000874c (0xe8910113) x 2 0x800125d1
core   0: 0x80008750 (0x015ab333) sltu    t1, s5, s5
core   0: 3 0x80008750 (0x015ab333) x 6 0x00000000
core   0: 0x80008754 (0xfd712903) lw      s2, -41(sp)
core   0: 3 0x80008754 (0xfd712903) x18 0x60616263 mem 0x800125a8
core   0: 0x80008758 (0x00307a33) and     s4, zero, gp
core   0: 3 0x80008758 (0x00307a33) x20 0x00000000
core   0: 0x8000875c (0xfe610a83) lb      s5, -26(sp)
core   0: 3 0x8000875c (0xfe610a83) x21 0x0000006c mem 0x800125b7
core   0: 0x80008760 (0x01b67a33) and     s4, a2, s11
core   0: 3 0x80008760 (0x01b67a33) x20 0x00000000
core   0: 0x80008764 (0x03310423) sb      s3, 40(sp)
core   0: 3 0x80008764 (0x03310423) mem 0x800125f9 0x9c
core   0: 0x80008768 (0x2f652e13) slti    t3, a0, 758
core   0: 3 0x80008768 (0x2f652e13) x28 0x00000001
core   0: 0x8000876c (0x02810c23) sb      s0, 56(sp)
core   0: 3 0x8000876c (0x02810c23) mem 0x80012609 0x0
core   0: 0x80008770 (0x0efb7c93) andi    s9, s6, 239
core   0: 3 0x80008770 (0x0efb7c93) x25 0x00000064
core   0: 0x80008774 (0x4e91bc93) sltiu   s9, gp, 1257
core   0: 3 0x80008774 (0x4e91bc93) x25 0x00000000
core   0: 0x80008778 (0x038112a3) sh      s8, 37(sp)
core   0: 3 0x80008778 (0x038112a3) mem 0x800125f6 0xfffe
core   0: 0x8000877c (0x4101dab3) sra     s5, gp, a6
core   0: 3 0x8000877c (0x4101dab3) x21 0x80008690
core   0: 0x80008780 (0xfee10283) lb      t0, -18(sp)
core   0: 3 0x80008780 (0xfee10283) x 5 0x00000074 mem 0x800125bf
core   0: 0x80008784 (0xff610903) lb      s2, -10(sp)
core   0: 3 0x80008784 (0xff610903) x18 0x0000007c mem 0x800125c7
core   0: 0x80008788 (0x03e10683) lb      a3, 62(sp)
core   0: 3 0x80008788 (0x03e10683) x13 0xffffffc4 mem 0x8001260f
core   0: 0x8000878c (0xff315503) lhu     a0, -13(sp)
core   0: 3 0x8000878c (0xff315503) x10 0x00007e7f mem 0x800125c4
core   0: 0x80008790 (0x03010e23) sb      a6, 60(sp)
core   0: 3 0x80008790 (0x03010e23) mem 0x8001260d 0x0
core   0: 0x80008794 (0xfd014f03) lbu     t5, -48(sp)
core   0: 3 0x80008794 (0xfd014f03) x30 0x0000005a mem 0x800125a1
core   0: 0x80008798 (0x02d14583) lbu     a1, 45(sp)
core   0: 3 0x80008798 (0x02d14583) x11 0x000000b5 mem 0x800125fe
core   0: 0x8000879c (0x01120eb3) add     t4, tp, a7
core   0: 3 0x8000879c (0x01120eb3) x29 0x8002bce5
core   0: 0x800087a0 (0xfde10b83) lb      s7, -34(sp)
core   0: 3 0x800087a0 (0xfde10b83) x23 0x00000064 mem 0x800125af
core   0: 0x800087a4 (0x01cf1893) slli    a7, t5, 28
core   0: 3 0x800087a4 (0x01cf1893) x17 0xa0000000
core   0: 0x800087a8 (0xfd614e83) lbu     t4, -42(sp)
core   0: 3 0x800087a8 (0xfd614e83) x29 0x0000005c mem 0x800125a7
core   0: 0x800087ac (0xfd014e03) lbu     t3, -48(sp)
core   0: 3 0x800087ac (0xfd014e03) x28 0x0000005a mem 0x800125a1
core   0: 0x800087b0 (0xfd214403) lbu     s0, -46(sp)
core   0: 3 0x800087b0 (0xfd214403) x 8 0x00000058 mem 0x800125a3
core   0: 0x800087b4 (0xfe310ea3) sb      gp, -3(sp)
core   0: 3 0x800087b4 (0xfe310ea3) mem 0x800125ce 0x90
core   0: 0x800087b8 (0x00963933) sltu    s2, a2, s1
core   0: 3 0x800087b8 (0x00963933) x18 0x00000000
core   0: 0x800087bc (0x400ddd93) srai    s11, s11, 0
core   0: 3 0x800087bc (0x400ddd93) x27 0x00000028
core   0: 0x800087c0 (0x01e10c83) lb      s9, 30(sp)
core   0: 3 0x800087c0 (0x01e10c83) x25 0xffffffa4 mem 0x800125ef
core   0: 0x800087c4 (0x01841a13) slli    s4, s0, 24
core   0: 3 0x800087c4 (0x01841a13) x20 0x58000000
core   0: 0x800087c8 (0x34f8edb7) lui     s11, 0x34f8e
core   0: 3 0x800087c8 (0x34f8edb7) x27 0x34f8e000
core   0: 0x800087cc (0x02c10783) lb      a5, 44(sp)
core   0: 3 0x800087cc (0x02c10783) x15 0xffffffb6 mem 0x800125fd
core   0: 0x800087d0 (0x002a9663) bne     s5, sp, pc + 12
core   0: 3 0x800087d0 (0x002a9663)
core   0: 0x800087dc (0x005b9693) slli    a3, s7, 5
core   0: 3 0x800087dc (0x005b9693) x13 0x00000c80
core   0: 0x800087e0 (0x00a79513) slli    a0, a5, 10
core   0: 3 0x800087e0 (0x00a79513) x10 0xfffed800
core   0: 0x800087e4 (0x00000013) nop
core   0: 3 0x800087e4 (0x00000013)
core   0: 0x800087e8 (0x30ccfb93) andi    s7, s9, 780
core   0: 3 0x800087e8 (0x30ccfb93) x23 0x00000304
core   0: 0x800087ec (0x0000100f) fence.i
core   0: 3 0x800087ec (0x0000100f)
core   0: 0x800087f0 (0x01e2dbb3) srl     s7, t0, t5
core   0: 3 0x800087f0 (0x01e2dbb3) x23 0x00000000
core   0: 0x800087f4 (0x0059c1b3) xor     gp, s3, t0
core   0: 3 0x800087f4 (0x0059c1b3) x 3 0xfe64ece8
core   0: 0x800087f8 (0x4184dbb3) sra     s7, s1, s8
core   0: 3 0x800087f8 (0x4184dbb3) x23 0x00000000
core   0: 0x800087fc (0x0ff0000f) fence   iorw,iorw
core   0: 3 0x800087fc (0x0ff0000f)
core   0: 0x80008800 (0x00711cb3) sll     s9, sp, t2
core   0: 3 0x80008800 (0x00711cb3) x25 0x00024ba2
core   0: 0x80008804 (0x0ce76c63) bltu    a4, a4, pc + 216
core   0: 3 0x80008804 (0x0ce76c63)
core   0: 0x80008808 (0x00e49193) slli    gp, s1, 14
core   0: 3 0x80008808 (0x00e49193) x 3 0x00c5c000
core   0: 0x8000880c (0x6d522913) slti    s2, tp, 1749
core   0: 3 0x8000880c (0x6d522913) x18 0x00000001
core   0: 0x80008810 (0x00d39d13) slli    s10, t2, 13
core   0: 3 0x80008810 (0x00d39d13) x26 0x00002000
core   0: 0x80008814 (0x0075d7b3) srl     a5, a1, t2
core   0: 3 0x80008814 (0x0075d7b3) x15 0x0000005a
core   0: 0x80008818 (0x004add93) srli    s11, s5, 4
core   0: 3 0x80008818 (0x004add93) x27 0x08000869
core   0: 0x8000881c (0x0000de97) auipc   t4, 0xd
core   0: 3 0x8000881c (0x0000de97) x29 0x8001581c
core   0: 0x80008820 (0x0c8e8e93) addi    t4, t4, 200
core   0: 3 0x80008820 (0x0c8e8e93) x29 0x800158e4
core   0: 0x80008824 (0x296ed803) lhu     a6, 662(t4)
core   0: 3 0x80008824 (0x296ed803) x16 0x00003031 mem 0x80015b7a
core   0: 0x80008828 (0x0ff0000f) fence   iorw,iorw
core   0: 3 0x80008828 (0x0ff0000f)
core   0: 0x8000882c (0xceca6813) ori     a6, s4, -788
core   0: 3 0x8000882c (0xceca6813) x16 0xfffffcec
core   0: 0x80008830 (0x24ee8ba3) sb      a4, 599(t4)
core   0: 3 0x80008830 (0x24ee8ba3) mem 0x80015b3b 0x1
core   0: 0x80008834 (0x907e82a3) sb      t2, -1787(t4)
core   0: 3 0x80008834 (0x907e82a3) mem 0x800151e9 0x1
core   0: 0x80008838 (0x0b4e8ea3) sb      s4, 189(t4)
core   0: 3 0x80008838 (0x0b4e8ea3) mem 0x800159a1 0x0
core   0: 0x8000883c (0xed7ffd97) auipc   s11, 0xed7ff
core   0: 3 0x8000883c (0xed7ffd97) x27 0x6d80783c
core   0: 0x80008840 (0xbe473193) sltiu   gp, a4, -1052
core   0: 3 0x80008840 (0xbe473193) x 3 0x00000001
core   0: 0x80008844 (0xbfbe84a3) sb      s11, -1047(t4)
core   0: 3 0x80008844 (0xbfbe84a3) mem 0x800154cd 0x3c
core   0: 0x80008848 (0x0000100f) fence.i
core   0: 3 0x80008848 (0x0000100f)
core   0: 0x8000884c (0x6ba91797) auipc   a5, 0x6ba91
core   0: 3 0x8000884c (0x6ba91797) x15 0xeba9984c
core   0: 0x80008850 (0x518e9083) lh      ra, 1304(t4)
core   0: 3 0x80008850 (0x518e9083) x 1 0xffffb6b7 mem 0x80015dfc
core   0: 0x80008854 (0x00e4e933) or      s2, s1, a4
core   0: 3 0x80008854 (0x00e4e933) x18 0x00000317
core   0: 0x80008858 (0x487e8123) sb      t2, 1154(t4)
core   0: 3 0x80008858 (0x487e8123) mem 0x80015d66 0x1
core   0: 0x8000885c (0x00d6a2b3) slt     t0, a3, a3
core   0: 3 0x8000885c (0x00d6a2b3) x 5 0x00000000
core   0: 0x80008860 (0x078e9e03) lh      t3, 120(t4)
core   0: 3 0x80008860 (0x078e9e03) x28 0x00001617 mem 0x8001595c
core   0: 0x80008864 (0xc8be8083) lb      ra, -885(t4)
core   0: 3 0x80008864 (0xc8be8083) x 1 0x00000024 mem 0x8001556f
core   0: 0x80008868 (0x536ecc83) lbu     s9, 1334(t4)
core   0: 3 0x80008868 (0x536ecc83) x25 0x000000d1 mem 0x80015e1a
core   0: 0x8000886c (0x26ddf613) andi    a2, s11, 621
core   0: 3 0x8000886c (0x26ddf613) x12 0x0000002c
core   0: 0x80008870 (0x00000013) nop
core   0: 3 0x80008870 (0x00000013)
core   0: 0x80008874 (0xc23eb113) sltiu   sp, t4, -989
core   0: 3 0x80008874 (0xc23eb113) x 2 0x00000001
core   0: 0x80008878 (0xfc6e89a3) sb      t1, -45(t4)
core   0: 3 0x80008878 (0xfc6e89a3) mem 0x800158b7 0x0
core   0: 0x8000887c (0x70bec803) lbu     a6, 1803(t4)
core   0: 3 0x8000887c (0x70bec803) x16 0x000000a4 mem 0x80015fef
core   0: 0x80008880 (0xec6c7613) andi    a2, s8, -314
core   0: 3 0x80008880 (0xec6c7613) x12 0x005ffec6
core   0: 0x80008884 (0x00000013) nop
core   0: 3 0x80008884 (0x00000013)
core   0: 0x80008888 (0x41645d33) sra     s10, s0, s6
core   0: 3 0x80008888 (0x41645d33) x26 0x00000005
core   0: 0x8000888c (0x0efe9223) sh      a5, 228(t4)
core   0: 3 0x8000888c (0x0efe9223) mem 0x800159c8 0x984c
core   0: 0x80008890 (0x41c25e13) srai    t3, tp, 28
core   0: 3 0x80008890 (0x41c25e13) x28 0xfffffff8
core   0: 0x80008894 (0x00686333) or      t1, a6, t1
core   0: 3 0x80008894 (0x00686333) x 6 0x000000a4
core   0: 0x80008898 (0x7aee89a3) sb      a4, 1971(t4)
core   0: 3 0x80008898 (0x7aee89a3) mem 0x80016097 0x1
core   0: 0x8000889c (0x00000013) nop
core   0: 3 0x8000889c (0x00000013)
core   0: 0x800088a0 (0x01c65a13) srli    s4, a2, 28
core   0: 3 0x800088a0 (0x01c65a13) x20 0x00000000
core   0: 0x800088a4 (0x40f655b3) sra     a1, a2, a5
core   0: 3 0x800088a4 (0x40f655b3) x11 0x000005ff
core   0: 0x800088a8 (0xdbbec383) lbu     t2, -581(t4)
core   0: 3 0x800088a8 (0xdbbec383) x 7 0x00000000 mem 0x8001569f
core   0: 0x800088ac (0x41c55033) sra     zero, a0, t3
core   0: 3 0x800088ac (0x41c55033)
core   0: 0x800088b0 (0x223e8c03) lb      s8, 547(t4)
core   0: 3 0x800088b0 (0x223e8c03) x24 0xffffffbc mem 0x80015b07
core   0: 0x800088b4 (0xdf5e8e03) lb      t3, -523(t4)
core   0: 3 0x800088b4 (0xdf5e8e03) x28 0xffffff92 mem 0x800156d9
core   0: 0x800088b8 (0x0000100f) fence.i
core   0: 3 0x800088b8 (0x0000100f)
core   0: 0x800088bc (0x07ee8a03) lb      s4, 126(t4)
core   0: 3 0x800088bc (0x07ee8a03) x20 0x00000019 mem 0x80015962
core   0: 0x800088c0 (0x0b0e80a3) sb      a6, 161(t4)
core   0: 3 0x800088c0 (0x0b0e80a3) mem 0x80015985 0xa4
core   0: 0x800088c4 (0xf6aed303) lhu     t1, -150(t4)
core   0: 3 0x800088c4 (0xf6aed303) x 6 0x00000405 mem 0x8001584e
core   0: 0x800088c8 (0x019bb5b3) sltu    a1, s7, s9
core   0: 3 0x800088c8 (0x019bb5b3) x11 0x00000001
core   0: 0x800088cc (0xb43ec803) lbu     a6, -1213(t4)
core   0: 3 0x800088cc (0xb43ec803) x16 0x000000dc mem 0x80015427
core   0: 0x800088d0 (0xef4e8423) sb      s4, -280(t4)
core   0: 3 0x800088d0 (0xef4e8423) mem 0x800157cc 0x19
core   0: 0x800088d4 (0xf54eaa23) sw      s4, -172(t4)
core   0: 3 0x800088d4 (0xf54eaa23) mem 0x80015838 0x00000019
core   0: 0x800088d8 (0x008c1433) sll     s0, s8, s0
core   0: 3 0x800088d8 (0x008c1433) x 8 0xbc000000
core   0: 0x800088dc (0x0083a533) slt     a0, t2, s0
core   0: 3 0x800088dc (0x0083a533) x10 0x00000000
core   0: 0x800088e0 (0x52e41f37) lui     t5, 0x52e41
core   0: 3 0x800088e0 (0x52e41f37) x30 0x52e41000
core   0: 0x800088e4 (0x018d9a33) sll     s4, s11, s8
core   0: 3 0x800088e4 (0x018d9a33) x20 0xc0000000
core   0: 0x800088e8 (0x412f0e33) sub     t3, t5, s2
core   0: 3 0x800088e8 (0x412f0e33) x28 0x52e40ce9
core   0: 0x800088ec (0x00000013) nop
core   0: 3 0x800088ec (0x00000013)
core   0: 0x800088f0 (0x0ff0000f) fence   iorw,iorw
core   0: 3 0x800088f0 (0x0ff0000f)
core   0: 0x800088f4 (0x7161ee37) lui     t3, 0x7161e
core   0: 3 0x800088f4 (0x7161ee37) x28 0x7161e000
core   0: 0x800088f8 (0x00c51533) sll     a0, a0, a2
core   0: 3 0x800088f8 (0x00c51533) x10 0x00000000
core   0: 0x800088fc (0x00000013) nop
core   0: 3 0x800088fc (0x00000013)
core   0: 0x80008900 (0x001833b3) sltu    t2, a6, ra
core   0: 3 0x80008900 (0x001833b3) x 7 0x00000000
core   0: 0x80008904 (0x05edd663) bge     s11, t5, pc + 76
core   0: 3 0x80008904 (0x05edd663)
core   0: 0x80008950 (0x016660b3) or      ra, a2, s6
core   0: 3 0x80008950 (0x016660b3) x 1 0x805ffee6
core   0: 0x80008954 (0x63aaba13) sltiu   s4, s5, 1594
core   0: 3 0x80008954 (0x63aaba13) x20 0x00000000
core   0: 0x80008958 (0x010c6bb3) or      s7, s8, a6
core   0: 3 0x80008958 (0x010c6bb3) x23 0xfffffffc
core   0: 0x8000895c (0x03835263) bge     t1, s8, pc + 36
core   0: 3 0x8000895c (0x03835263)
core   0: 0x80008980 (0x048a1463) bne     s4, s0, pc + 72
core   0: 3 0x80008980 (0x048a1463)
core   0: 0x800089c8 (0xaf4a4693) xori    a3, s4, -1292
core   0: 3 0x800089c8 (0xaf4a4693) x13 0xfffffaf4
core   0: 0x800089cc (0x59c03b97) auipc   s7, 0x59c03
core   0: 3 0x800089cc (0x59c03b97) x23 0xd9c0b9cc
core   0: 0x800089d0 (0x02114063) blt     sp, ra, pc + 32
core   0: 3 0x800089d0 (0x02114063)
core   0: 0x800089d4 (0x61e94193) xori    gp, s2, 1566
core   0: 3 0x800089d4 (0x61e94193) x 3 0x00000509
core   0: 0x800089d8 (0x0000100f) fence.i
core   0: 3 0x800089d8 (0x0000100f)
core   0: 0x800089dc (0x41dfde13) srai    t3, t6, 29
core   0: 3 0x800089dc (0x41dfde13) x28 0x00000000
core   0: 0x800089e0 (0x00c0ea33) or      s4, ra, a2
core   0: 3 0x800089e0 (0x00c0ea33) x20 0x805ffee6
core   0: 0x800089e4 (0x013cd0b3) srl     ra, s9, s3
core   0: 3 0x800089e4 (0x013cd0b3) x 1 0x00000000
core   0: 0x800089e8 (0x5b66b193) sltiu   gp, a3, 1462
core   0: 3 0x800089e8 (0x5b66b193) x 3 0x00000000
core   0: 0x800089ec (0x54b02f13) slti    t5, zero, 1355
core   0: 3 0x800089ec (0x54b02f13) x30 0x00000001
core   0: 0x800089f0 (0x40f50733) sub     a4, a0, a5
core   0: 3 0x800089f0 (0x40f50733) x14 0x145667b4
core   0: 0x800089f4 (0x01c15f13) srli    t5, sp, 28
core   0: 3 0x800089f4 (0x01c15f13) x30 0x00000000
core   0: 0x800089f8 (0x05a57863) bgeu    a0, s10, pc + 80
core   0: 3 0x800089f8 (0x05a57863)
core   0: 0x800089fc (0xf28ee293) ori     t0, t4, -216
core   0: 3 0x800089fc (0xf28ee293) x 5 0xffffffec
core   0: 0x80008a00 (0x4051d1b3) sra     gp, gp, t0
core   0: 3 0x80008a00 (0x4051d1b3) x 3 0x00000000
core   0: 0x80008a04 (0x0ff0000f) fence   iorw,iorw
core   0: 3 0x80008a04 (0x0ff0000f)
core   0: 0x80008a08 (0x00000013) nop
core   0: 3 0x80008a08 (0x00000013)
core   0: 0x80008a0c (0xa00296b7) lui     a3, 0xa0029
core   0: 3 0x80008a0c (0xa00296b7) x13 0xa0029000
core   0: 0x80008a10 (0x4412c193) xori    gp, t0, 1089
core   0: 3 0x80008a10 (0x4412c193) x 3 0xfffffbad
core   0: 0x80008a14 (0x01d9ec33) or      s8, s3, t4
core   0: 3 0x80008a14 (0x01d9ec33) x24 0xfe65fcfc
core   0: 0x80008a18 (0x030d8063) beq     s11, a6, pc + 32
core   0: 3 0x80008a18 (0x030d8063)
core   0: 0x80008a1c (0x03dde617) auipc   a2, 0x3dde
core   0: 3 0x80008a1c (0x03dde617) x12 0x83de6a1c
core   0: 0x80008a20 (0x04e11663) bne     sp, a4, pc + 76
core   0: 3 0x80008a20 (0x04e11663)
core   0: 0x80008a6c (0x01b602b3) add     t0, a2, s11
core   0: 3 0x80008a6c (0x01b602b3) x 5 0xf15ee258
core   0: 0x80008a70 (0x410b5433) sra     s0, s6, a6
core   0: 3 0x80008a70 (0x410b5433) x 8 0xfffffff8
core   0: 0x80008a74 (0x40f85693) srai    a3, a6, 15
core   0: 3 0x80008a74 (0x40f85693) x13 0x00000000
core   0: 0x80008a78 (0x0ff0000f) fence   iorw,iorw
core   0: 3 0x80008a78 (0x0ff0000f)
core   0: 0x80008a7c (0x0352d263) bge     t0, s5, pc + 36
core   0: 3 0x80008a7c (0x0352d263)
core   0: 0x80008aa0 (0x4029dc13) srai    s8, s3, 2
core   0: 3 0x80008aa0 (0x4029dc13) x24 0xff993b27
core   0: 0x80008aa4 (0x40cddcb3) sra     s9, s11, a2
core   0: 3 0x80008aa4 (0x40cddcb3) x25 0x00000006
core   0: 0x80008aa8 (0x40d9ea13) ori     s4, s3, 1037
core   0: 3 0x80008aa8 (0x40d9ea13) x20 0xfe64ec9d
core   0: 0x80008aac (0x0014e333) or      t1, s1, ra
core   0: 3 0x80008aac (0x0014e333) x 6 0x00000317
core   0: 0x80008ab0 (0x417c07b3) sub     a5, s8, s7
core   0: 3 0x80008ab0 (0x417c07b3) x15 0x25d8815b
core   0: 0x80008ab4 (0x01ada433) slt     s0, s11, s10
core   0: 3 0x80008ab4 (0x01ada433) x 8 0x00000000
core   0: 0x80008ab8 (0x01a1d093) srli    ra, gp, 26
core   0: 3 0x80008ab8 (0x01a1d093) x 1 0x0000003f
core   0: 0x80008abc (0xd46be793) ori     a5, s7, -698
core   0: 3 0x80008abc (0xd46be793) x15 0xfffffdce
core   0: 0x80008ac0 (0x01f95fb3) srl     t6, s2, t6
core   0: 3 0x80008ac0 (0x01f95fb3) x31 0x00000317
core   0: 0x80008ac4 (0x41775a33) sra     s4, a4, s7
core   0: 3 0x80008ac4 (0x41775a33) x20 0x00014566
core   0: 0x80008ac8 (0x00000013) nop
core   0: 3 0x80008ac8 (0x00000013)
core   0: 0x80008acc (0x6c692717) auipc   a4, 0x6c692
core   0: 3 0x80008acc (0x6c692717) x14 0xec69aacc
core   0: 0x80008ad0 (0x01129463) bne     t0, a7, pc + 8
core   0: 3 0x80008ad0 (0x01129463)
core   0: 0x80008ad8 (0xeb823a93) sltiu   s5, tp, -328
core   0: 3 0x80008ad8 (0xeb823a93) x21 0x00000001
core   0: 0x80008adc (0x01021db3) sll     s11, tp, a6
core   0: 3 0x80008adc (0x01021db3) x27 0x40000000
core   0: 0x80008ae0 (0x04f5c863) blt     a1, a5, pc + 80
core   0: 3 0x80008ae0 (0x04f5c863)
core   0: 0x80008ae4 (0x01365eb3) srl     t4, a2, s3
core   0: 3 0x80008ae4 (0x01365eb3) x29 0x00000008
core   0: 0x80008ae8 (0x016f4733) xor     a4, t5, s6
core   0: 3 0x80008ae8 (0x016f4733) x14 0x80027e64
core   0: 0x80008aec (0xb931e617) auipc   a2, 0xb931e
core   0: 3 0x80008aec (0xb931e617) x12 0x39326aec
core   0: 0x80008af0 (0x6acda713) slti    a4, s11, 1708
core   0: 3 0x80008af0 (0x6acda713) x14 0x00000000
core   0: 0x80008af4 (0x40a58d33) sub     s10, a1, a0
core   0: 3 0x80008af4 (0x40a58d33) x26 0x00000001
core   0: 0x80008af8 (0x010b3eb3) sltu    t4, s6, a6
core   0: 3 0x80008af8 (0x010b3eb3) x29 0x00000000
core   0: 0x80008afc (0x40a55313) srai    t1, a0, 10
core   0: 3 0x80008afc (0x40a55313) x 6 0x00000000
core   0: 0x80008b00 (0x0103a433) slt     s0, t2, a6
core   0: 3 0x80008b00 (0x0103a433) x 8 0x00000001
core   0: 0x80008b04 (0x0052f663) bgeu    t0, t0, pc + 12
core   0: 3 0x80008b04 (0x0052f663)
core   0: 0x80008b10 (0x9065fe13) andi    t3, a1, -1786
core   0: 3 0x80008b10 (0x9065fe13) x28 0x00000000
core   0: 0x80008b14 (0x408b5333) sra     t1, s6, s0
core   0: 3 0x80008b14 (0x408b5333) x 6 0xc0013f32
core   0: 0x80008b18 (0x00f1ebb3) or      s7, gp, a5
core   0: 3 0x80008b18 (0x00f1ebb3) x23 0xffffffef
core   0: 0x80008b1c (0xa9667c13) andi    s8, a2, -1386
core   0: 3 0x80008b1c (0xa9667c13) x24 0x39326a84
core   0: 0x80008b20 (0x41a40133) sub     sp, s0, s10
core   0: 3 0x80008b20 (0x41a40133) x 2 0x00000000
core   0: 0x80008b24 (0x00356a63) bltu    a0, gp, pc + 20
core   0: 3 0x80008b24 (0x00356a63)
core   0: 0x80008b38 (0x01b4dd13) srli    s10, s1, 27
core   0: 3 0x80008b38 (0x01b4dd13) x26 0x00000000
core   0: 0x80008b3c (0x016bf733) and     a4, s7, s6
core   0: 3 0x80008b3c (0x016bf733) x14 0x80027e64
core   0: 0x80008b40 (0x00000013) nop
core   0: 3 0x80008b40 (0x00000013)
core   0: 0x80008b44 (0xb90fe913) ori     s2, t6, -1136
core   0: 3 0x80008b44 (0xb90fe913) x18 0xfffffb97
core   0: 0x80008b48 (0xb7df4317) auipc   t1, 0xb7df4
core   0: 3 0x80008b48 (0xb7df4317) x 6 0x37dfcb48
core   0: 0x80008b4c (0x413b5813) srai    a6, s6, 19
core   0: 3 0x80008b4c (0x413b5813) x16 0xfffff000
core   0: 0x80008b50 (0x03c50063) beq     a0, t3, pc + 32
core   0: 3 0x80008b50 (0x03c50063)
core   0: 0x80008b70 (0x010d5cb3) srl     s9, s10, a6
core   0: 3 0x80008b70 (0x010d5cb3) x25 0x00000000
core   0: 0x80008b74 (0xc0afe313) ori     t1, t6, -1014
core   0: 3 0x80008b74 (0xc0afe313) x 6 0xffffff1f
core   0: 0x80008b78 (0x00000013) nop
core   0: 3 0x80008b78 (0x00000013)
core   0: 0x80008b7c (0x00af16b3) sll     a3, t5, a0
core   0: 3 0x80008b7c (0x00af16b3) x13 0x00000000
core   0: 0x80008b80 (0x01f05613) srli    a2, zero, 31
core   0: 3 0x80008b80 (0x01f05613) x12 0x00000000
core   0: 0x80008b84 (0x001b54b3) srl     s1, s6, ra
core   0: 3 0x80008b84 (0x001b54b3) x 9 0x00000001
core   0: 0x80008b88 (0xc67ac293) xori    t0, s5, -921
core   0: 3 0x80008b88 (0xc67ac293) x 5 0xfffffc66
core   0: 0x80008b8c (0x40f2d093) srai    ra, t0, 15
core   0: 3 0x80008b8c (0x40f2d093) x 1 0xffffffff
core   0: 0x80008b90 (0x00121e33) sll     t3, tp, ra
core   0: 3 0x80008b90 (0x00121e33) x28 0x00000000
core   0: 0x80008b94 (0xd558af37) lui     t5, 0xd558a
core   0: 3 0x80008b94 (0xd558af37) x30 0xd558a000
core   0: 0x80008b98 (0x0072e863) bltu    t0, t2, pc + 16
core   0: 3 0x80008b98 (0x0072e863)
core   0: 0x80008b9c (0x8bd74b97) auipc   s7, 0x8bd74
core   0: 3 0x80008b9c (0x8bd74b97) x23 0x0bd7cb9c
core   0: 0x80008ba0 (0x01fd0cb3) add     s9, s10, t6
core   0: 3 0x80008ba0 (0x01fd0cb3) x25 0x00000317
core   0: 0x80008ba4 (0xf08a3293) sltiu   t0, s4, -248
core   0: 3 0x80008ba4 (0xf08a3293) x 5 0x00000001
core   0: 0x80008ba8 (0x0ff0000f) fence   iorw,iorw
core   0: 3 0x80008ba8 (0x0ff0000f)
core   0: 0x80008bac (0x41dfde93) srai    t4, t6, 29
core   0: 3 0x80008bac (0x41dfde93) x29 0x00000000
core   0: 0x80008bb0 (0x0105e533) or      a0, a1, a6
core   0: 3 0x80008bb0 (0x0105e533) x10 0xfffff001
core   0: 0x80008bb4 (0x00000013) nop
core   0: 3 0x80008bb4 (0x00000013)
core   0: 0x80008bb8 (0x409301b3) sub     gp, t1, s1
core   0: 3 0x80008bb8 (0x409301b3) x 3 0xffffff1e
core   0: 0x80008bbc (0x0000100f) fence.i
core   0: 3 0x80008bbc (0x0000100f)
core   0: 0x80008bc0 (0x017f7e63) bgeu    t5, s7, pc + 28
core   0: 3 0x80008bc0 (0x017f7e63)
core   0: 0x80008bdc (0x05707263) bgeu    zero, s7, pc + 68
core   0: 3 0x80008bdc (0x05707263)
core   0: 0x80008be0 (0x0373c393) xori    t2, t2, 55
core   0: 3 0x80008be0 (0x0373c393) x 7 0x00000037
core   0: 0x80008be4 (0xa284a797) auipc   a5, 0xa284a
core   0: 3 0x80008be4 (0xa284a797) x15 0x22852be4
core   0: 0x80008be8 (0x3b20aa93) slti    s5, ra, 946
core   0: 3 0x80008be8 (0x3b20aa93) x21 0x00000001
core   0: 0x80008bec (0xe2567cb7) lui     s9, 0xe2567
core   0: 3 0x80008bec (0xe2567cb7) x25 0xe2567000
core   0: 0x80008bf0 (0x012a4463) blt     s4, s2, pc + 8
core   0: 3 0x80008bf0 (0x012a4463)
core   0: 0x80008bf4 (0xeefa7293) andi    t0, s4, -273
core   0: 3 0x80008bf4 (0xeefa7293) x 5 0x00014466
core   0: 0x80008bf8 (0x00a452b3) srl     t0, s0, a0
core   0: 3 0x80008bf8 (0x00a452b3) x 5 0x00000000
core   0: 0x80008bfc (0x41bbd6b3) sra     a3, s7, s11
core   0: 3 0x80008bfc (0x41bbd6b3) x13 0x0bd7cb9c
core   0: 0x80008c00 (0x03085263) bge     a6, a6, pc + 36
core   0: 3 0x80008c00 (0x03085263)
core   0: 0x80008c24 (0x40d35a33) sra     s4, t1, a3
core   0: 3 0x80008c24 (0x40d35a33) x20 0xffffffff
core   0: 0x80008c28 (0x042af663) bgeu    s5, sp, pc + 76
core   0: 3 0x80008c28 (0x042af663)
core   0: 0x80008c74 (0x031b4263) blt     s6, a7, pc + 36
core   0: 3 0x80008c74 (0x031b4263)
core   0: 0x80008c98 (0x01124f33) xor     t5, tp, a7
core   0: 3 0x80008c98 (0x01124f33) x30 0x2002bce4
core   0: 0x80008c9c (0x31d2a113) slti    sp, t0, 797
core   0: 3 0x80008c9c (0x31d2a113) x 2 0x00000001
core   0: 0x80008ca0 (0x5d288913) addi    s2, a7, 1490
core   0: 3 0x80008ca0 (0x5d288913) x18 0xa00005d2
core   0: 0x80008ca4 (0x0000100f) fence.i
core   0: 3 0x80008ca4 (0x0000100f)
core   0: 0x80008ca8 (0x00000013) nop
core   0: 3 0x80008ca8 (0x00000013)
core   0: 0x80008cac (0x09ab5f17) auipc   t5, 0x9ab5
core   0: 3 0x80008cac (0x09ab5f17) x30 0x89abdcac
core   0: 0x80008cb0 (0x00f45033) srl     zero, s0, a5
core   0: 3 0x80008cb0 (0x00f45033)
core   0: 0x80008cb4 (0x00000013) nop
core   0: 3 0x80008cb4 (0x00000013)
core   0: 0x80008cb8 (0x04017063) bgeu    sp, zero, pc + 64
core   0: 3 0x80008cb8 (0x04017063)
core   0: 0x80008cf8 (0x01255463) bge     a0, s2, pc + 8
core   0: 3 0x80008cf8 (0x01255463)
core   0: 0x80008d00 (0x010501b3) add     gp, a0, a6
core   0: 3 0x80008d00 (0x010501b3) x 3 0xffffe001
core   0: 0x80008d04 (0x01d2d613) srli    a2, t0, 29
core   0: 3 0x80008d04 (0x01d2d613) x12 0x00000000
core   0: 0x80008d08 (0x08d1f093) andi    ra, gp, 141
core   0: 3 0x80008d08 (0x08d1f093) x 1 0x00000001
core   0: 0x80008d0c (0x00aa1813) slli    a6, s4, 10
core   0: 3 0x80008d0c (0x00aa1813) x16 0xfffffc00
core   0: 0x80008d10 (0x0ff0000f) fence   iorw,iorw
core   0: 3 0x80008d10 (0x0ff0000f)
core   0: 0x80008d14 (0x042d0663) beq     s10, sp, pc + 76
core   0: 3 0x80008d14 (0x042d0663)
core   0: 0x80008d18 (0x01e9f533) and     a0, s3, t5
core   0: 3 0x80008d18 (0x01e9f533) x10 0x8820cc8c
core   0: 0x80008d1c (0x043c8463) beq     s9, gp, pc + 72
core   0: 3 0x80008d1c (0x043c8463)
core   0: 0x80008d20 (0x00526663) bltu    tp, t0, pc + 12
core   0: 3 0x80008d20 (0x00526663)
core   0: 0x80008d24 (0x00082fb3) slt     t6, a6, zero
core   0: 3 0x80008d24 (0x00082fb3) x31 0x00000001
core   0: 0x80008d28 (0x00c1d463) bge     gp, a2, pc + 8
core   0: 3 0x80008d28 (0x00c1d463)
core   0: 0x80008d2c (0x9806b493) sltiu   s1, a3, -1664
core   0: 3 0x80008d2c (0x9806b493) x 9 0x00000001
core   0: 0x80008d30 (0x0000100f) fence.i
core   0: 3 0x80008d30 (0x0000100f)
core   0: 0x80008d34 (0x009ff533) and     a0, t6, s1
core   0: 3 0x80008d34 (0x009ff533) x10 0x00000001
core   0: 0x80008d38 (0x40e85f93) srai    t6, a6, 14
core   0: 3 0x80008d38 (0x40e85f93) x31 0xffffffff
core   0: 0x80008d3c (0x4fdbef93) ori     t6, s7, 1277
core   0: 3 0x80008d3c (0x4fdbef93) x31 0x0bd7cffd
core   0: 0x80008d40 (0x0000100f) fence.i
core   0: 3 0x80008d40 (0x0000100f)
core   0: 0x80008d44 (0x0157bcb3) sltu    s9, a5, s5
core   0: 3 0x80008d44 (0x0157bcb3) x25 0x00000000
core   0: 0x80008d48 (0x44f6e937) lui     s2, 0x44f6e
core   0: 3 0x80008d48 (0x44f6e937) x18 0x44f6e000
core   0: 0x80008d4c (0x01b15b93) srli    s7, sp, 27
core   0: 3 0x80008d4c (0x01b15b93) x23 0x00000000
core   0: 0x80008d50 (0x2b872d93) slti    s11, a4, 696
core   0: 3 0x80008d50 (0x2b872d93) x27 0x00000001
core   0: 0x80008d54 (0x41d001b3) sub     gp, zero, t4
core   0: 3 0x80008d54 (0x41d001b3) x 3 0x00000000
core   0: 0x80008d58 (0x40bc2f93) slti    t6, s8, 1035
core   0: 3 0x80008d58 (0x40bc2f93) x31 0x00000000
core   0: 0x80008d5c (0x18b8fe13) andi    t3, a7, 395
core   0: 3 0x80008d5c (0x18b8fe13) x28 0x00000000
core   0: 0x80008d60 (0x02f61663) bne     a2, a5, pc + 44
core   0: 3 0x80008d60 (0x02f61663)
core   0: 0x80008d8c (0x0006bd33) sltu    s10, a3, zero
core   0: 3 0x80008d8c (0x0006bd33) x26 0x00000000
core   0: 0x80008d90 (0x00000013) nop
core   0: 3 0x80008d90 (0x00000013)
core   0: 0x80008d94 (0x000b4db3) xor     s11, s6, zero
core   0: 3 0x80008d94 (0x000b4db3) x27 0x80027e64
core   0: 0x80008d98 (0x01c6d593) srli    a1, a3, 28
core   0: 3 0x80008d98 (0x01c6d593) x11 0x00000000
core   0: 0x80008d9c (0x00125613) srli    a2, tp, 1
core   0: 3 0x80008d9c (0x00125613) x12 0x40015e72
core   0: 0x80008da0 (0x01e936b3) sltu    a3, s2, t5
core   0: 3 0x80008da0 (0x01e936b3) x13 0x00000001
core   0: 0x80008da4 (0xfd9bc293) xori    t0, s7, -39
core   0: 3 0x80008da4 (0xfd9bc293) x 5 0xffffffd9
core   0: 0x80008da8 (0x00f29e13) slli    t3, t0, 15
core   0: 3 0x80008da8 (0x00f29e13) x28 0xffec8000
core   0: 0x80008dac (0x29888a13) addi    s4, a7, 664
core   0: 3 0x80008dac (0x29888a13) x20 0xa0000298
core   0: 0x80008db0 (0x00fd5393) srli    t2, s10, 15
core   0: 3 0x80008db0 (0x00fd5393) x 7 0x00000000
core   0: 0x80008db4 (0x05360463) beq     a2, s3, pc + 72
core   0: 3 0x80008db4 (0x05360463)
core   0: 0x80008db8 (0x05ae5063) bge     t3, s10, pc + 64
core   0: 3 0x80008db8 (0x05ae5063)
core   0: 0x80008dbc (0x053b9863) bne     s7, s3, pc + 80
core   0: 3 0x80008dbc (0x053b9863)
core   0: 0x80008e0c (0xe8426393) ori     t2, tp, -380
core   0: 3 0x80008e0c (0xe8426393) x 7 0xfffffee4
core   0: 0x80008e10 (0x0000100f) fence.i
core   0: 3 0x80008e10 (0x0000100f)
core   0: 0x80008e14 (0xb9667893) andi    a7, a2, -1130
core   0: 3 0x80008e14 (0xb9667893) x17 0x40015a12
core   0: 0x80008e18 (0x02ad0e93) addi    t4, s10, 42
core   0: 3 0x80008e18 (0x02ad0e93) x29 0x0000002a
core   0: 0x80008e1c (0x01b19393) slli    t2, gp, 27
core   0: 3 0x80008e1c (0x01b19393) x 7 0x00000000
core   0: 0x80008e20 (0x01c2f5b3) and     a1, t0, t3
core   0: 3 0x80008e20 (0x01c2f5b3) x11 0xffec8000
core   0: 0x80008e24 (0xd0d33093) sltiu   ra, t1, -755
core   0: 3 0x80008e24 (0xd0d33093) x 1 0x00000000
core   0: 0x80008e28 (0x01a70463) beq     a4, s10, pc + 8
core   0: 3 0x80008e28 (0x01a70463)
core   0: 0x80008e2c (0x0094af33) slt     t5, s1, s1
core   0: 3 0x80008e2c (0x0094af33) x30 0x00000000
core   0: 0x80008e30 (0x00a49a33) sll     s4, s1, a0
core   0: 3 0x80008e30 (0x00a49a33) x20 0x00000002
core   0: 0x80008e34 (0x0000100f) fence.i
core   0: 3 0x80008e34 (0x0000100f)
core   0: 0x80008e38 (0x00ef5393) srli    t2, t5, 14
core   0: 3 0x80008e38 (0x00ef5393) x 7 0x00000000
core   0: 0x80008e3c (0x01a34bb3) xor     s7, t1, s10
core   0: 3 0x80008e3c (0x01a34bb3) x23 0xffffff1f
core   0: 0x80008e40 (0x0088a1b3) slt     gp, a7, s0
core   0: 3 0x80008e40 (0x0088a1b3) x 3 0x00000000
core   0: 0x80008e44 (0xe4a03793) sltiu   a5, zero, -438
core   0: 3 0x80008e44 (0xe4a03793) x15 0x00000001
core   0: 0x80008e48 (0x02745a63) bge     s0, t2, pc + 52
core   0: 3 0x80008e48 (0x02745a63)
core   0: 0x80008e7c (0x41b582b3) sub     t0, a1, s11
core   0: 3 0x80008e7c (0x41b582b3) x 5 0x7fea019c
core   0: 0x80008e80 (0x01ceb033) sltu    zero, t4, t3
core   0: 3 0x80008e80 (0x01ceb033)
core   0: 0x80008e84 (0x01401513) slli    a0, zero, 20
core   0: 3 0x80008e84 (0x01401513) x10 0x00000000
core   0: 0x80008e88 (0xb5fcf493) andi    s1, s9, -1185
core   0: 3 0x80008e88 (0xb5fcf493) x 9 0x00000000
core   0: 0x80008e8c (0xb4deae13) slti    t3, t4, -1203
core   0: 3 0x80008e8c (0xb4deae13) x28 0x00000000
core   0: 0x80008e90 (0x01706663) bltu    zero, s7, pc + 12
core   0: 3 0x80008e90 (0x01706663)
core   0: 0x80008e9c (0x00a6da63) bge     a3, a0, pc + 20
core   0: 3 0x80008e9c (0x00a6da63)
core   0: 0x80008eb0 (0x036d5063) bge     s10, s6, pc + 32
core   0: 3 0x80008eb0 (0x036d5063)
core   0: 0x80008ed0 (0x01df67b3) or      a5, t5, t4
core   0: 3 0x80008ed0 (0x01df67b3) x15 0x0000002a
core   0: 0x80008ed4 (0x022f3013) sltiu   zero, t5, 34
core   0: 3 0x80008ed4 (0x022f3013)
core   0: 0x80008ed8 (0x01fbc6b3) xor     a3, s7, t6
core   0: 3 0x80008ed8 (0x01fbc6b3) x13 0xffffff1f
core   0: 0x80008edc (0x13a72f13) slti    t5, a4, 314
core   0: 3 0x80008edc (0x13a72f13) x30 0x00000001
core   0: 0x80008ee0 (0x01f2ac33) slt     s8, t0, t6
core   0: 3 0x80008ee0 (0x01f2ac33) x24 0x00000000
core   0: 0x80008ee4 (0x56b1b713) sltiu   a4, gp, 1387
core   0: 3 0x80008ee4 (0x56b1b713) x14 0x00000001
core   0: 0x80008ee8 (0x54da6c13) ori     s8, s4, 1357
core   0: 3 0x80008ee8 (0x54da6c13) x24 0x0000054f
core   0: 0x80008eec (0x00084cb3) xor     s9, a6, zero
core   0: 3 0x80008eec (0x00084cb3) x25 0xfffffc00
core   0: 0x80008ef0 (0x004bde63) bge     s7, tp, pc + 28
core   0: 3 0x80008ef0 (0x004bde63)
core   0: 0x80008f0c (0x007be863) bltu    s7, t2, pc + 16
core   0: 3 0x80008f0c (0x007be863)
core   0: 0x80008f10 (0x40085833) sra     a6, a6, zero
core   0: 3 0x80008f10 (0x40085833) x16 0xfffffc00
core   0: 0x80008f14 (0xed326693) ori     a3, tp, -301
core   0: 3 0x80008f14 (0xed326693) x13 0xfffffef7
core   0: 0x80008f18 (0x29101c97) auipc   s9, 0x29101
core   0: 3 0x80008f18 (0x29101c97) x25 0xa9109f18
core   0: 0x80008f1c (0x017c7833) and     a6, s8, s7
core   0: 3 0x80008f1c (0x017c7833) x16 0x0000050f
core   0: 0x80008f20 (0x00000013) nop
core   0: 3 0x80008f20 (0x00000013)
core   0: 0x80008f24 (0x01c71bb3) sll     s7, a4, t3
core   0: 3 0x80008f24 (0x01c71bb3) x23 0x00000001
core   0: 0x80008f28 (0x02947263) bgeu    s0, s1, pc + 36
core   0: 3 0x80008f28 (0x02947263)
core   0: 0x80008f4c (0x310d7113) andi    sp, s10, 784
core   0: 3 0x80008f4c (0x310d7113) x 2 0x00000000
core   0: 0x80008f50 (0x0150bf33) sltu    t5, ra, s5
core   0: 3 0x80008f50 (0x0150bf33) x30 0x00000001
core   0: 0x80008f54 (0x0ff0000f) fence   iorw,iorw
core   0: 3 0x80008f54 (0x0ff0000f)
core   0: 0x80008f58 (0x00878463) beq     a5, s0, pc + 8
core   0: 3 0x80008f58 (0x00878463)
core   0: 0x80008f5c (0x001bc133) xor     sp, s7, ra
core   0: 3 0x80008f5c (0x001bc133) x 2 0x00000001
core   0: 0x80008f60 (0x01170333) add     t1, a4, a7
core   0: 3 0x80008f60 (0x01170333) x 6 0x40015a13
core   0: 0x80008f64 (0x00fb98b3) sll     a7, s7, a5
core   0: 3 0x80008f64 (0x00fb98b3) x17 0x00000400
core   0: 0x80008f68 (0x0174dbb3) srl     s7, s1, s7
core   0: 3 0x80008f68 (0x0174dbb3) x23 0x00000000
core   0: 0x80008f6c (0xdbe88693) addi    a3, a7, -578
core   0: 3 0x80008f6c (0xdbe88693) x13 0x000001be
core   0: 0x80008f70 (0x01873933) sltu    s2, a4, s8
core   0: 3 0x80008f70 (0x01873933) x18 0x00000001
core   0: 0x80008f74 (0x005ec463) blt     t4, t0, pc + 8
core   0: 3 0x80008f74 (0x005ec463)
core   0: 0x80008f7c (0x00b01c13) slli    s8, zero, 11
core   0: 3 0x80008f7c (0x00b01c13) x24 0x00000000
core   0: 0x80008f80 (0x016cba33) sltu    s4, s9, s6
core   0: 3 0x80008f80 (0x016cba33) x20 0x00000000
core   0: 0x80008f84 (0x000c12b3) sll     t0, s8, zero
core   0: 3 0x80008f84 (0x000c12b3) x 5 0x00000000
core   0: 0x80008f88 (0x00efd613) srli    a2, t6, 14
core   0: 3 0x80008f88 (0x00efd613) x12 0x00000000
core   0: 0x80008f8c (0x00636c33) or      s8, t1, t1
core   0: 3 0x80008f8c (0x00636c33) x24 0x40015a13
core   0: 0x80008f90 (0x65cfaf93) slti    t6, t6, 1628
core   0: 3 0x80008f90 (0x65cfaf93) x31 0x00000001
core   0: 0x80008f94 (0x00511a93) slli    s5, sp, 5
core   0: 3 0x80008f94 (0x00511a93) x21 0x00000020
core   0: 0x80008f98 (0x00006317) auipc   t1, 0x6
core   0: 3 0x80008f98 (0x00006317) x 6 0x8000ef98
core   0: 0x80008f9c (0xc5830313) addi    t1, t1, -936
core   0: 3 0x80008f9c (0xc5830313) x 6 0x8000ebf0
core   0: 0x80008fa0 (0x4207bd93) sltiu   s11, a5, 1056
core   0: 3 0x80008fa0 (0x4207bd93) x27 0x00000001
core   0: 0x80008fa4 (0x017406b3) add     a3, s0, s7
core   0: 3 0x80008fa4 (0x017406b3) x13 0x00000001
core   0: 0x80008fa8 (0x01b8eab3) or      s5, a7, s11
core   0: 3 0x80008fa8 (0x01b8eab3) x21 0x00000401
core   0: 0x80008fac (0xc1e30313) addi    t1, t1, -994
core   0: 3 0x80008fac (0xc1e30313) x 6 0x8000e80e
core   0: 0x80008fb0 (0x40e78fb3) sub     t6, a5, a4
core   0: 3 0x80008fb0 (0x40e78fb3) x31 0x00000029
core   0: 0x80008fb4 (0x1f1fb893) sltiu   a7, t6, 497
core   0: 3 0x80008fb4 (0x1f1fb893) x17 0x00000001
core   0: 0x80008fb8 (0x3e230367) jalr    t1, t1, 994
core   0: 3 0x80008fb8 (0x3e230367) x 6 0x80008fbc
core   0: 0x8000ebf0 (0x018c8663) beq     s9, s8, pc + 12
core   0: 3 0x8000ebf0 (0x018c8663)
core   0: 0x8000ebf4 (0xe50c3a93) sltiu   s5, s8, -432
core   0: 3 0x8000ebf4 (0xe50c3a93) x21 0x00000001
core   0: 0x8000ebf8 (0x3e773893) sltiu   a7, a4, 999
core   0: 3 0x8000ebf8 (0x3e773893) x17 0x00000001
core   0: 0x8000ebfc (0xfd8b0b13) addi    s6, s6, -40
core   0: 3 0x8000ebfc (0xfd8b0b13) x22 0x80027e3c
core   0: 0x8000ec00 (0x40f1de33) sra     t3, gp, a5
core   0: 3 0x8000ec00 (0x40f1de33) x28 0x00000000
core   0: 0x8000ec04 (0x006b2223) sw      t1, 4(s6)
core   0: 3 0x8000ec04 (0x006b2223) mem 0x80027e40 0x80008fbc
core   0: 0x8000ec08 (0x406d83b3) sub     t2, s11, t1
core   0: 3 0x8000ec08 (0x406d83b3) x 7 0x7fff7045
core   0: 0x8000ec0c (0x00004d17) auipc   s10, 0x4
core   0: 3 0x8000ec0c (0x00004d17) x26 0x80012c0c
core   0: 0x8000ec10 (0x97fd0d13) addi    s10, s10, -1665
core   0: 3 0x8000ec10 (0x97fd0d13) x26 0x8001258b
core   0: 0x8000ec14 (0xfe8d0d23) sb      s0, -6(s10)
core   0: 3 0x8000ec14 (0xfe8d0d23) mem 0x80012585 0x1
core   0: 0x8000ec18 (0x00911db3) sll     s11, sp, s1
core   0: 3 0x8000ec18 (0x00911db3) x27 0x00000001
core   0: 0x8000ec1c (0xa826c113) xori    sp, a3, -1406
core   0: 3 0x8000ec1c (0xa826c113) x 2 0xfffffa83
core   0: 0x8000ec20 (0x0ff0000f) fence   iorw,iorw
core   0: 3 0x8000ec20 (0x0ff0000f)
core   0: 0x8000ec24 (0xff4d0d83) lb      s11, -12(s10)
core   0: 3 0x8000ec24 (0xff4d0d83) x27 0x00000034 mem 0x8001257f
core   0: 0x8000ec28 (0xfe9d0f23) sb      s1, -2(s10)
core   0: 3 0x8000ec28 (0xfe9d0f23) mem 0x80012589 0x0
core   0: 0x8000ec2c (0x00cd4483) lbu     s1, 12(s10)
core   0: 3 0x8000ec2c (0x00cd4483) x 9 0x00000000 mem 0x80012597
core   0: 0x8000ec30 (0xfedd0923) sb      a3, -14(s10)
core   0: 3 0x8000ec30 (0xfedd0923) mem 0x8001257d 0x1
core   0: 0x8000ec34 (0x008d0123) sb      s0, 2(s10)
core   0: 3 0x8000ec34 (0x008d0123) mem 0x8001258d 0x1
core   0: 0x8000ec38 (0x00816db3) or      s11, sp, s0
core   0: 3 0x8000ec38 (0x00816db3) x27 0xfffffa83
core   0: 0x8000ec3c (0xfe2d0aa3) sb      sp, -11(s10)
core   0: 3 0x8000ec3c (0xfe2d0aa3) mem 0x80012580 0x83
core   0: 0x8000ec40 (0x40915733) sra     a4, sp, s1
core   0: 3 0x8000ec40 (0x40915733) x14 0xfffffa83
core   0: 0x8000ec44 (0xff5d2683) lw      a3, -11(s10)
core   0: 3 0x8000ec44 (0xff5d2683) x13 0x38393a83 mem 0x80012580
core   0: 0x8000ec48 (0x4084d133) sra     sp, s1, s0
core   0: 3 0x8000ec48 (0x4084d133) x 2 0x00000000
core   0: 0x8000ec4c (0x0f844113) xori    sp, s0, 248
core   0: 3 0x8000ec4c (0x0f844113) x 2 0x000000f9
core   0: 0x8000ec50 (0x41b156b3) sra     a3, sp, s11
core   0: 3 0x8000ec50 (0x41b156b3) x13 0x0000001f
core   0: 0x8000ec54 (0xffed4703) lbu     a4, -2(s10)
core   0: 3 0x8000ec54 (0xffed4703) x14 0x00000000 mem 0x80012589
core   0: 0x8000ec58 (0xff7d5403) lhu     s0, -9(s10)
core   0: 3 0x8000ec58 (0xff7d5403) x 8 0x00003839 mem 0x80012582
core   0: 0x8000ec5c (0x41875713) srai    a4, a4, 24
core   0: 3 0x8000ec5c (0x41875713) x14 0x00000000
core   0: 0x8000ec60 (0x002d0223) sb      sp, 4(s10)
core   0: 3 0x8000ec60 (0x002d0223) mem 0x8001258f 0xf9
core   0: 0x8000ec64 (0x00972133) slt     sp, a4, s1
core   0: 3 0x8000ec64 (0x00972133) x 2 0x00000000
core   0: 0x8000ec68 (0x009d5d83) lhu     s11, 9(s10)
core   0: 3 0x8000ec68 (0x009d5d83) x27 0x00004e4c mem 0x80012594
core   0: 0x8000ec6c (0x009d5d83) lhu     s11, 9(s10)
core   0: 3 0x8000ec6c (0x009d5d83) x27 0x00004e4c mem 0x80012594
core   0: 0x8000ec70 (0x00010497) auipc   s1, 0x10
core   0: 3 0x8000ec70 (0x00010497) x 9 0x8001ec70
core   0: 0x8000ec74 (0x0b548493) addi    s1, s1, 181
core   0: 3 0x8000ec74 (0x0b548493) x 9 0x8001ed25
core   0: 0x8000ec78 (0x0944c183) lbu     gp, 148(s1)
core   0: 3 0x8000ec78 (0x0944c183) x 3 0x00000072 mem 0x8001edb9
core   0: 0x8000ec7c (0xfe648723) sb      t1, -18(s1)
core   0: 3 0x8000ec7c (0xfe648723) mem 0x8001ed13 0xbc
core   0: 0x8000ec80 (0x00004097) auipc   ra, 0x4
core   0: 3 0x8000ec80 (0x00004097) x 1 0x80012c80
core   0: 0x8000ec84 (0xc9f08093) addi    ra, ra, -865
core   0: 3 0x8000ec84 (0xc9f08093) x 1 0x8001291f
core   0: 0x8000ec88 (0xfa648683) lb      a3, -90(s1)
core   0: 3 0x8000ec88 (0xfa648683) x13 0xffffff80 mem 0x8001eccb
core   0: 0x8000ec8c (0x0004cf83) lbu     t6, 0(s1)
core   0: 3 0x8000ec8c (0x0004cf83) x31 0x000000de mem 0x8001ed25
core   0: 0x8000ec90 (0x03a0a8a3) sw      s10, 49(ra)
core   0: 3 0x8000ec90 (0x03a0a8a3) mem 0x80012950 0x8001258b
core   0: 0x8000ec94 (0x01f4cb83) lbu     s7, 31(s1)
core   0: 3 0x8000ec94 (0x01f4cb83) x23 0x000000ff mem 0x8001ed44
core   0: 0x8000ec98 (0xfc0097a3) sh      zero, -49(ra)
core   0: 3 0x8000ec98 (0xfc0097a3) mem 0x800128ee 0x0000
core   0: 0x8000ec9c (0xf1448783) lb      a5, -236(s1)
core   0: 3 0x8000ec9c (0xf1448783) x15 0xfffffff2 mem 0x8001ec39
core   0: 0x8000eca0 (0xff508823) sb      s5, -16(ra)
core   0: 3 0x8000eca0 (0xff508823) mem 0x8001290f 0x1
core   0: 0x8000eca4 (0x08949403) lh      s0, 137(s1)
core   0: 3 0x8000eca4 (0x08949403) x 8 0x00006465 mem 0x8001edae
core   0: 0x8000eca8 (0x0a948423) sb      s1, 168(s1)
core   0: 3 0x8000eca8 (0x0a948423) mem 0x8001edcd 0x25
core   0: 0x8000ecac (0xfef09603) lh      a2, -17(ra)
core   0: 3 0x8000ecac (0xfef09603) x12 0x000001c5 mem 0x8001290e
core   0: 0x8000ecb0 (0x0eb4da83) lhu     s5, 235(s1)
core   0: 3 0x8000ecb0 (0x0eb4da83) x21 0x0000cacb mem 0x8001ee10
core   0: 0x8000ecb4 (0xf0d48283) lb      t0, -243(s1)
core   0: 3 0x8000ecb4 (0xf0d48283) x 5 0xffffffe9 mem 0x8001ec32
core   0: 0x8000ecb8 (0x00708523) sb      t2, 10(ra)
core   0: 3 0x8000ecb8 (0x00708523) mem 0x80012929 0x45
core   0: 0x8000ecbc (0x01c0036f) jal     t1, pc + 0x1c
core   0: 3 0x8000ecbc (0x01c0036f) x 6 0x8000ecc0
core   0: 0x8000ecd8 (0xffdff0ef) jal     pc - 0x4
core   0: 3 0x8000ecd8 (0xffdff0ef) x 1 0x8000ecdc
core   0: 0x8000ecd4 (0xfedff36f) jal     t1, pc - 0x14
core   0: 3 0x8000ecd4 (0xfedff36f) x 6 0x8000ecd8
core   0: 0x8000ecc0 (0x01000e6f) jal     t3, pc + 0x10
core   0: 3 0x8000ecc0 (0x01000e6f) x28 0x8000ecc4
core   0: 0x8000ecd0 (0x01400d6f) jal     s10, pc + 0x14
core   0: 3 0x8000ecd0 (0x01400d6f) x26 0x8000ecd4
core   0: 0x8000ece4 (0xffdff0ef) jal     pc - 0x4
core   0: 3 0x8000ece4 (0xffdff0ef) x 1 0x8000ece8
core   0: 0x8000ece0 (0xfe5ff0ef) jal     pc - 0x1c
core   0: 3 0x8000ece0 (0xfe5ff0ef) x 1 0x8000ece4
core   0: 0x8000ecc4 (0x004004ef) jal     s1, pc + 0x4
core   0: 3 0x8000ecc4 (0x004004ef) x 9 0x8000ecc8
core   0: 0x8000ecc8 (0x004002ef) jal     t0, pc + 0x4
core   0: 3 0x8000ecc8 (0x004002ef) x 5 0x8000eccc
core   0: 0x8000eccc (0x010000ef) jal     pc + 0x10
core   0: 3 0x8000eccc (0x010000ef) x 1 0x8000ecd0
core   0: 0x8000ecdc (0x00c000ef) jal     pc + 0xc
core   0: 3 0x8000ecdc (0x00c000ef) x 1 0x8000ece0
core   0: 0x8000ece8 (0xedeba513) slti    a0, s7, -290
core   0: 3 0x8000ece8 (0xedeba513) x10 0x00000000
core   0: 0x8000ecec (0x00009197) auipc   gp, 0x9
core   0: 3 0x8000ecec (0x00009197) x 3 0x80017cec
core   0: 0x8000ecf0 (0x23b18193) addi    gp, gp, 571
core   0: 3 0x8000ecf0 (0x23b18193) x 3 0x80017f27
core   0: 0x8000ecf4 (0xfdf1da83) lhu     s5, -33(gp)
core   0: 3 0x8000ecf4 (0xfdf1da83) x21 0x0000bcbd mem 0x80017f06
core   0: 0x8000ecf8 (0x007842b3) xor     t0, a6, t2
core   0: 3 0x8000ecf8 (0x007842b3) x 5 0x7fff754a
core   0: 0x8000ecfc (0x00b1de83) lhu     t4, 11(gp)
core   0: 3 0x8000ecfc (0x00b1de83) x29 0x0000e8e9 mem 0x80017f32
core   0: 0x8000ed00 (0x0077adb3) slt     s11, a5, t2
core   0: 3 0x8000ed00 (0x0077adb3) x27 0x00000001
core   0: 0x8000ed04 (0x005875b3) and     a1, a6, t0
core   0: 3 0x8000ed04 (0x005875b3) x11 0x0000050a
core   0: 0x8000ed08 (0x03a18f83) lb      t6, 58(gp)
core   0: 3 0x8000ed08 (0x03a18f83) x31 0x0000001a mem 0x80017f61
core   0: 0x8000ed0c (0xfca1c603) lbu     a2, -54(gp)
core   0: 3 0x8000ed0c (0xfca1c603) x12 0x000000aa mem 0x80017ef1
core   0: 0x8000ed10 (0xfd21c703) lbu     a4, -46(gp)
core   0: 3 0x8000ed10 (0xfd21c703) x14 0x000000b2 mem 0x80017ef9
core   0: 0x8000ed14 (0x01919403) lh      s0, 25(gp)
core   0: 3 0x8000ed14 (0x01919403) x 8 0xfffffafb mem 0x80017f40
core   0: 0x8000ed18 (0xfec1ce03) lbu     t3, -20(gp)
core   0: 3 0x8000ed18 (0xfec1ce03) x28 0x000000c8 mem 0x80017f13
core   0: 0x8000ed1c (0x0060b133) sltu    sp, ra, t1
core   0: 3 0x8000ed1c (0x0060b133) x 2 0x00000000
core   0: 0x8000ed20 (0x01c1c283) lbu     t0, 28(gp)
core   0: 3 0x8000ed20 (0x01c1c283) x 5 0x000000f8 mem 0x80017f43
core   0: 0x8000ed24 (0x0211a703) lw      a4, 33(gp)
core   0: 3 0x8000ed24 (0x0211a703) x14 0x00010203 mem 0x80017f48
core   0: 0x8000ed28 (0x0241c703) lbu     a4, 36(gp)
core   0: 3 0x8000ed28 (0x0241c703) x14 0x00000000 mem 0x80017f4b
core   0: 0x8000ed2c (0x02f1da03) lhu     s4, 47(gp)
core   0: 3 0x8000ed2c (0x02f1da03) x20 0x00000c0d mem 0x80017f56
core   0: 0x8000ed30 (0x00000013) nop
core   0: 3 0x8000ed30 (0x00000013)
core   0: 0x8000ed34 (0xc9979d17) auipc   s10, 0xc9979
core   0: 3 0x8000ed34 (0xc9979d17) x26 0x49987d34
core   0: 0x8000ed38 (0x49387d93) andi    s11, a6, 1171
core   0: 3 0x8000ed38 (0x49387d93) x27 0x00000403
core   0: 0x8000ed3c (0xd1f42f93) slti    t6, s0, -737
core   0: 3 0x8000ed3c (0xd1f42f93) x31 0x00000001
core   0: 0x8000ed40 (0x02918a23) sb      s1, 52(gp)
core   0: 3 0x8000ed40 (0x02918a23) mem 0x80017f5b 0xc8
core   0: 0x8000ed44 (0xd5ffcd37) lui     s10, 0xd5ffc
core   0: 3 0x8000ed44 (0xd5ffcd37) x26 0xd5ffc000
core   0: 0x8000ed48 (0xfcf18da3) sb      a5, -37(gp)
core   0: 3 0x8000ed48 (0xfcf18da3) mem 0x80017f02 0xf2
core   0: 0x8000ed4c (0x00bf38b3) sltu    a7, t5, a1
core   0: 3 0x8000ed4c (0x00bf38b3) x17 0x00000001
core   0: 0x8000ed50 (0x00c0dbb3) srl     s7, ra, a2
core   0: 3 0x8000ed50 (0x00c0dbb3) x23 0x0020003b
core   0: 0x8000ed54 (0x008198a3) sh      s0, 17(gp)
core   0: 3 0x8000ed54 (0x008198a3) mem 0x80017f38 0xfafb
core   0: 0x8000ed58 (0x00e18803) lb      a6, 14(gp)
core   0: 3 0x8000ed58 (0x00e18803) x16 0xffffffee mem 0x80017f35
core   0: 0x8000ed5c (0x0031d103) lhu     sp, 3(gp)
core   0: 3 0x8000ed5c (0x0031d103) x 2 0x0000e0e1 mem 0x80017f2a
core   0: 0x8000ed60 (0x00000013) nop
core   0: 3 0x8000ed60 (0x00000013)
core   0: 0x8000ed64 (0x00000013) nop
core   0: 3 0x8000ed64 (0x00000013)
core   0: 0x8000ed68 (0xfed19783) lh      a5, -19(gp)
core   0: 3 0x8000ed68 (0xfed19783) x15 0xffffcecf mem 0x80017f14
core   0: 0x8000ed6c (0x03918523) sb      s9, 42(gp)
core   0: 3 0x8000ed6c (0x03918523) mem 0x80017f51 0x18
core   0: 0x8000ed70 (0x011845b3) xor     a1, a6, a7
core   0: 3 0x8000ed70 (0x011845b3) x11 0xffffffef
core   0: 0x8000ed74 (0x03118003) lb      zero, 49(gp)
core   0: 3 0x8000ed74 (0x03118003) mem 0x80017f58
core   0: 0x8000ed78 (0xf761f313) andi    t1, gp, -138
core   0: 3 0x8000ed78 (0xf761f313) x 6 0x80017f26
core   0: 0x8000ed7c (0x005a3d33) sltu    s10, s4, t0
core   0: 3 0x8000ed7c (0x005a3d33) x26 0x00000000
core   0: 0x8000ed80 (0xfea1aaa3) sw      a0, -11(gp)
core   0: 3 0x8000ed80 (0xfea1aaa3) mem 0x80017f1c 0x00000000
core   0: 0x8000ed84 (0x0ff0000f) fence   iorw,iorw
core   0: 3 0x8000ed84 (0x0ff0000f)
core   0: 0x8000ed88 (0xfc318223) sb      gp, -60(gp)
core   0: 3 0x8000ed88 (0xfc318223) mem 0x80017eeb 0x27
core   0: 0x8000ed8c (0xfea1cc83) lbu     s9, -22(gp)
core   0: 3 0x8000ed8c (0xfea1cc83) x25 0x000000ca mem 0x80017f11
core   0: 0x8000ed90 (0x0331d103) lhu     sp, 51(gp)
core   0: 3 0x8000ed90 (0x0331d103) x 2 0x0000c811 mem 0x80017f5a
core   0: 0x8000ed94 (0x0000100f) fence.i
core   0: 3 0x8000ed94 (0x0000100f)
core   0: 0x8000ed98 (0x0ff0000f) fence   iorw,iorw
core   0: 3 0x8000ed98 (0x0ff0000f)
core   0: 0x8000ed9c (0xfeb18703) lb      a4, -21(gp)
core   0: 3 0x8000ed9c (0xfeb18703) x14 0xffffffc9 mem 0x80017f12
core   0: 0x8000eda0 (0x9b932293) slti    t0, t1, -1607
core   0: 3 0x8000eda0 (0x9b932293) x 5 0x00000001
core   0: 0x8000eda4 (0x0211d303) lhu     t1, 33(gp)
core   0: 3 0x8000eda4 (0x0211d303) x 6 0x00000203 mem 0x80017f48
core   0: 0x8000eda8 (0xfe618083) lb      ra, -26(gp)
core   0: 3 0x8000eda8 (0xfe618083) x 1 0xffffffc6 mem 0x80017f0d
core   0: 0x8000edac (0x00174433) xor     s0, a4, ra
core   0: 3 0x8000edac (0x00174433) x 8 0x0000000f
core   0: 0x8000edb0 (0x01519103) lh      sp, 21(gp)
core   0: 3 0x8000edb0 (0x01519103) x 2 0xfffff6f7 mem 0x80017f3c
core   0: 0x8000edb4 (0x00130633) add     a2, t1, ra
core   0: 3 0x8000edb4 (0x00130633) x12 0x000001c9
core   0: 0x8000edb8 (0x00b7b3b3) sltu    t2, a5, a1
core   0: 3 0x8000edb8 (0x00b7b3b3) x 7 0x00000001
core   0: 0x8000edbc (0x32711fb7) lui     t6, 0x32711
core   0: 3 0x8000edbc (0x32711fb7) x31 0x32711000
core   0: 0x8000edc0 (0x02718a83) lb      s5, 39(gp)
core   0: 3 0x8000edc0 (0x02718a83) x21 0x00000005 mem 0x80017f4e
core   0: 0x8000edc4 (0x0ff0000f) fence   iorw,iorw
core   0: 3 0x8000edc4 (0x0ff0000f)
core   0: 0x8000edc8 (0x1652f413) andi    s0, t0, 357
core   0: 3 0x8000edc8 (0x1652f413) x 8 0x00000001
core   0: 0x8000edcc (0xfff18223) sb      t6, -28(gp)
core   0: 3 0x8000edcc (0xfff18223) mem 0x80017f0b 0x0
core   0: 0x8000edd0 (0x0000b197) auipc   gp, 0xb
core   0: 3 0x8000edd0 (0x0000b197) x 3 0x80019dd0
core   0: 0x8000edd4 (0x34718193) addi    gp, gp, 839
core   0: 3 0x8000edd4 (0x34718193) x 3 0x8001a117
core   0: 0x8000edd8 (0x001a5713) srli    a4, s4, 1
core   0: 3 0x8000edd8 (0x001a5713) x14 0x00000606
core   0: 0x8000eddc (0xff51ae83) lw      t4, -11(gp)
core   0: 3 0x8000eddc (0xff51ae83) x29 0xc4c5c6c7 mem 0x8001a10c
core   0: 0x8000ede0 (0x00fe0ab3) add     s5, t3, a5
core   0: 3 0x8000ede0 (0x00fe0ab3) x21 0xffffcf97
core   0: 0x8000ede4 (0x00cb8533) add     a0, s7, a2
core   0: 3 0x8000ede4 (0x00cb8533) x10 0x00200204
core   0: 0x8000ede8 (0xff419aa3) sh      s4, -11(gp)
core   0: 3 0x8000ede8 (0xff419aa3) mem 0x8001a10c 0x0c0d
core   0: 0x8000edec (0xff518e83) lb      t4, -11(gp)
core   0: 3 0x8000edec (0xff518e83) x29 0x0000000d mem 0x8001a10c
core   0: 0x8000edf0 (0x00518623) sb      t0, 12(gp)
core   0: 3 0x8000edf0 (0x00518623) mem 0x8001a123 0x1
core   0: 0x8000edf4 (0xffc18ba3) sb      t3, -9(gp)
core   0: 3 0x8000edf4 (0xffc18ba3) mem 0x8001a10e 0xc8
core   0: 0x8000edf8 (0xff718783) lb      a5, -9(gp)
core   0: 3 0x8000edf8 (0xff718783) x15 0xffffffc8 mem 0x8001a10e
core   0: 0x8000edfc (0xff719d83) lh      s11, -9(gp)
core   0: 3 0x8000edfc (0xff719d83) x27 0xffffc4c8 mem 0x8001a10e
core   0: 0x8000ee00 (0xff71d103) lhu     sp, -9(gp)
core   0: 3 0x8000ee00 (0xff71d103) x 2 0x0000c4c8 mem 0x8001a10e
core   0: 0x8000ee04 (0xffb1c403) lbu     s0, -5(gp)
core   0: 3 0x8000ee04 (0xffb1c403) x 8 0x000000c9 mem 0x8001a112
core   0: 0x8000ee08 (0xffb1c083) lbu     ra, -5(gp)
core   0: 3 0x8000ee08 (0xffb1c083) x 1 0x000000c9 mem 0x8001a112
core   0: 0x8000ee0c (0xffd18da3) sb      t4, -5(gp)
core   0: 3 0x8000ee0c (0xffd18da3) mem 0x8001a112 0xd
core   0: 0x8000ee10 (0x676f2793) slti    a5, t5, 1654
core   0: 3 0x8000ee10 (0x676f2793) x15 0x00000001
core   0: 0x8000ee14 (0xffb18c83) lb      s9, -5(gp)
core   0: 3 0x8000ee14 (0xffb18c83) x25 0x0000000d mem 0x8001a112
core   0: 0x8000ee18 (0xffc1c903) lbu     s2, -4(gp)
core   0: 3 0x8000ee18 (0xffc1c903) x18 0x000000c8 mem 0x8001a113
core   0: 0x8000ee1c (0xffc18703) lb      a4, -4(gp)
core   0: 3 0x8000ee1c (0xffc18703) x14 0xffffffc8 mem 0x8001a113
core   0: 0x8000ee20 (0x00b90c33) add     s8, s2, a1
core   0: 3 0x8000ee20 (0x00b90c33) x24 0x000000b7
core   0: 0x8000ee24 (0x00518703) lb      a4, 5(gp)
core   0: 3 0x8000ee24 (0x00518703) x14 0xffffffd7 mem 0x8001a11c
core   0: 0x8000ee28 (0x012182a3) sb      s2, 5(gp)
core   0: 3 0x8000ee28 (0x012182a3) mem 0x8001a11c 0xc8
core   0: 0x8000ee2c (0x01e192a3) sh      t5, 5(gp)
core   0: 3 0x8000ee2c (0x01e192a3) mem 0x8001a11c 0x0001
core   0: 0x8000ee30 (0x00119e13) slli    t3, gp, 1
core   0: 3 0x8000ee30 (0x00119e13) x28 0x0003422e
core   0: 0x8000ee34 (0x016182a3) sb      s6, 5(gp)
core   0: 3 0x8000ee34 (0x016182a3) mem 0x8001a11c 0x3c
core   0: 0x8000ee38 (0x0ff53e93) sltiu   t4, a0, 255
core   0: 3 0x8000ee38 (0x0ff53e93) x29 0x00000000
core   0: 0x8000ee3c (0xffa1c103) lbu     sp, -6(gp)
core   0: 3 0x8000ee3c (0xffa1c103) x 2 0x000000ca mem 0x8001a111
core   0: 0x8000ee40 (0x0000ad97) auipc   s11, 0xa
core   0: 3 0x8000ee40 (0x0000ad97) x27 0x80018e40
core   0: 0x8000ee44 (0x87fd8d93) addi    s11, s11, -1921
core   0: 3 0x8000ee44 (0x87fd8d93) x27 0x800186bf
core   0: 0x8000ee48 (0x00012b97) auipc   s7, 0x12
core   0: 3 0x8000ee48 (0x00012b97) x23 0x80020e48
core   0: 0x8000ee4c (0xe9cb8b93) addi    s7, s7, -356
core   0: 3 0x8000ee4c (0xe9cb8b93) x23 0x80020ce4
core   0: 0x8000ee50 (0x0000ea97) auipc   s5, 0xe
core   0: 3 0x8000ee50 (0x0000ea97) x21 0x8001ce50
core   0: 0x8000ee54 (0x3cfa8a93) addi    s5, s5, 975
core   0: 3 0x8000ee54 (0x3cfa8a93) x21 0x8001d21f
core   0: 0x8000ee58 (0x0f4b8623) sb      s4, 236(s7)
core   0: 3 0x8000ee58 (0x0f4b8623) mem 0x80020dd0 0xd
core   0: 0x8000ee5c (0x0c6d8823) sb      t1, 208(s11)
core   0: 3 0x8000ee5c (0x0c6d8823) mem 0x8001878f 0x3
core   0: 0x8000ee60 (0xff7b9f23) sh      s7, -2(s7)
core   0: 3 0x8000ee60 (0xff7b9f23) mem 0x80020ce2 0x0ce4
core   0: 0x8000ee64 (0x025a8023) sb      t0, 32(s5)
core   0: 3 0x8000ee64 (0x025a8023) mem 0x8001d23f 0x1
core   0: 0x8000ee68 (0xfe0ba003) lw      zero, -32(s7)
core   0: 3 0x8000ee68 (0xfe0ba003) mem 0x80020cc4
core   0: 0x8000ee6c (0x872d8303) lb      t1, -1934(s11)
core   0: 3 0x8000ee6c (0x872d8303) x 6 0xffffffea mem 0x80017f31
core   0: 0x8000ee70 (0x0d0bdc03) lhu     s8, 208(s7)
core   0: 3 0x8000ee70 (0x0d0bdc03) x24 0x00006e6f mem 0x80020db4
core   0: 0x8000ee74 (0xffda8403) lb      s0, -3(s5)
core   0: 3 0x8000ee74 (0xffda8403) x 8 0xffffffd7 mem 0x8001d21c
core   0: 0x8000ee78 (0xb3ad8c23) sb      s10, -1224(s11)
core   0: 3 0x8000ee78 (0xb3ad8c23) mem 0x800181f7 0x0
core   0: 0x8000ee7c (0x0eab9123) sh      a0, 226(s7)
core   0: 3 0x8000ee7c (0x0eab9123) mem 0x80020dc6 0x0204
core   0: 0x8000ee80 (0xfd0a8883) lb      a7, -48(s5)
core   0: 3 0x8000ee80 (0xfd0a8883) x17 0xffffffa4 mem 0x8001d1ef
core   0: 0x8000ee84 (0xf1eb9d03) lh      s10, -226(s7)
core   0: 3 0x8000ee84 (0xf1eb9d03) x26 0xffffb8b9 mem 0x80020c02
core   0: 0x8000ee88 (0x016ace83) lbu     t4, 22(s5)
core   0: 3 0x8000ee88 (0x016ace83) x29 0x000000ee mem 0x8001d235
core   0: 0x8000ee8c (0x858daea3) sw      s8, -1955(s11)
core   0: 3 0x8000ee8c (0x858daea3) mem 0x80017f1c 0x00006e6f
core   0: 0x8000ee90 (0x007bc883) lbu     a7, 7(s7)
core   0: 3 0x8000ee90 (0x007bc883) x17 0x000000a0 mem 0x80020ceb
core   0: 0x8000ee94 (0xe10dca03) lbu     s4, -496(s11)
core   0: 3 0x8000ee94 (0xe10dca03) x20 0x00000084 mem 0x800184cf
core   0: 0x8000ee98 (0xf5eb86a3) sb      t5, -179(s7)
core   0: 3 0x8000ee98 (0xf5eb86a3) mem 0x80020c31 0x1
core   0: 0x8000ee9c (0xfd9a96a3) sh      s9, -51(s5)
core   0: 3 0x8000ee9c (0xfd9a96a3) mem 0x8001d1ec 0x000d
core   0: 0x8000eea0 (0xff4ac883) lbu     a7, -12(s5)
core   0: 3 0x8000eea0 (0xff4ac883) x17 0x000000c8 mem 0x8001d213
core   0: 0x8000eea4 (0x00a00e93) li      t4, 10
core   0: 3 0x8000eea4 (0x00a00e93) x29 0x0000000a
core   0: 0x8000eea8 (0x401cdfb3) sra     t6, s9, ra
core   0: 3 0x8000eea8 (0x401cdfb3) x31 0x00000000
core   0: 0x8000eeac (0x01ae5313) srli    t1, t3, 26
core   0: 3 0x8000eeac (0x01ae5313) x 6 0x00000000
core   0: 0x8000eeb0 (0x5540a097) auipc   ra, 0x5540a
core   0: 3 0x8000eeb0 (0x5540a097) x 1 0xd5418eb0
core   0: 0x8000eeb4 (0x00000013) nop
core   0: 3 0x8000eeb4 (0x00000013)
core   0: 0x8000eeb8 (0x0072acb3) slt     s9, t0, t2
core   0: 3 0x8000eeb8 (0x0072acb3) x25 0x00000000
core   0: 0x8000eebc (0x00a00693) li      a3, 10
core   0: 3 0x8000eebc (0x00a00693) x13 0x0000000a
core   0: 0x8000eec0 (0x211c1e37) lui     t3, 0x211c1
core   0: 3 0x8000eec0 (0x211c1e37) x28 0x211c1000
core   0: 0x8000eec4 (0x00291413) slli    s0, s2, 2
core   0: 3 0x8000eec4 (0x00291413) x 8 0x00000320
core   0: 0x8000eec8 (0x001df0b3) and     ra, s11, ra
core   0: 3 0x8000eec8 (0x001df0b3) x 1 0x800186b0
core   0: 0x8000eecc (0x01ee2733) slt     a4, t3, t5
core   0: 3 0x8000eecc (0x01ee2733) x14 0x00000000
core   0: 0x8000eed0 (0x01e91bb3) sll     s7, s2, t5
core   0: 3 0x8000eed0 (0x01e91bb3) x23 0x00000190
core   0: 0x8000eed4 (0x2a2a4793) xori    a5, s4, 674
core   0: 3 0x8000eed4 (0x2a2a4793) x15 0x00000226
core   0: 0x8000eed8 (0xbf45ba13) sltiu   s4, a1, -1036
core   0: 3 0x8000eed8 (0xbf45ba13) x20 0x00000000
core   0: 0x8000eedc (0x40ad5fb3) sra     t6, s10, a0
core   0: 3 0x8000eedc (0x40ad5fb3) x31 0xfffffb8b
core   0: 0x8000eee0 (0x01ad9e33) sll     t3, s11, s10
core   0: 3 0x8000eee0 (0x01ad9e33) x28 0x7e000000
core   0: 0x8000eee4 (0x00cedd33) srl     s10, t4, a2
core   0: 3 0x8000eee4 (0x00cedd33) x26 0x00000000
core   0: 0x8000eee8 (0x010ee533) or      a0, t4, a6
core   0: 3 0x8000eee8 (0x010ee533) x10 0xffffffee
core   0: 0x8000eeec (0x00ae4533) xor     a0, t3, a0
core   0: 3 0x8000eeec (0x00ae4533) x10 0x81ffffee
core   0: 0x8000eef0 (0x1837ca13) xori    s4, a5, 387
core   0: 3 0x8000eef0 (0x1837ca13) x20 0x000003a5
core   0: 0x8000eef4 (0x6ed6a793) slti    a5, a3, 1773
core   0: 3 0x8000eef4 (0x6ed6a793) x15 0x00000001
core   0: 0x8000eef8 (0x0000100f) fence.i
core   0: 3 0x8000eef8 (0x0000100f)
core   0: 0x8000eefc (0xff8e8e93) addi    t4, t4, -8
core   0: 3 0x8000eefc (0xff8e8e93) x29 0x00000002
core   0: 0x8000ef00 (0x0163f033) and     zero, t2, s6
core   0: 3 0x8000ef00 (0x0163f033)
core   0: 0x8000ef04 (0xfedef2e3) bgeu    t4, a3, pc - 28
core   0: 3 0x8000ef04 (0xfedef2e3)
core   0: 0x8000ef08 (0x402885b3) sub     a1, a7, sp
core   0: 3 0x8000ef08 (0x402885b3) x11 0xfffffffe
core   0: 0x8000ef0c (0x41bf52b3) sra     t0, t5, s11
core   0: 3 0x8000ef0c (0x41bf52b3) x 5 0x00000000
core   0: 0x8000ef10 (0x01e9e663) bltu    s3, t5, pc + 12
core   0: 3 0x8000ef10 (0x01e9e663)
core   0: 0x8000ef14 (0x0000100f) fence.i
core   0: 3 0x8000ef14 (0x0000100f)
core   0: 0x8000ef18 (0x0d242393) slti    t2, s0, 210
core   0: 3 0x8000ef18 (0x0d242393) x 7 0x00000000
core   0: 0x8000ef1c (0x0ff0000f) fence   iorw,iorw
core   0: 3 0x8000ef1c (0x0ff0000f)
core   0: 0x8000ef20 (0x00894eb3) xor     t4, s2, s0
core   0: 3 0x8000ef20 (0x00894eb3) x29 0x000003e8
core   0: 0x8000ef24 (0xea07c593) xori    a1, a5, -352
core   0: 3 0x8000ef24 (0xea07c593) x11 0xfffffea1
core   0: 0x8000ef28 (0x3d837013) andi    zero, t1, 984
core   0: 3 0x8000ef28 (0x3d837013)
core   0: 0x8000ef2c (0x0000100f) fence.i
core   0: 3 0x8000ef2c (0x0000100f)
core   0: 0x8000ef30 (0x40ca5d93) srai    s11, s4, 12
core   0: 3 0x8000ef30 (0x40ca5d93) x27 0x00000000
core   0: 0x8000ef34 (0x05cff663) bgeu    t6, t3, pc + 76
core   0: 3 0x8000ef34 (0x05cff663)
core   0: 0x8000ef80 (0xe34d2913) slti    s2, s10, -460
core   0: 3 0x8000ef80 (0xe34d2913) x18 0x00000000
core   0: 0x8000ef84 (0xefc43d93) sltiu   s11, s0, -260
core   0: 3 0x8000ef84 (0xefc43d93) x27 0x00000001
core   0: 0x8000ef88 (0x41ded493) srai    s1, t4, 29
core   0: 3 0x8000ef88 (0x41ded493) x 9 0x00000000
core   0: 0x8000ef8c (0x598d7d13) andi    s10, s10, 1432
core   0: 3 0x8000ef8c (0x598d7d13) x26 0x00000000
core   0: 0x8000ef90 (0x0041b8b3) sltu    a7, gp, tp
core   0: 3 0x8000ef90 (0x0041b8b3) x17 0x00000001
core   0: 0x8000ef94 (0x00285833) srl     a6, a6, sp
core   0: 3 0x8000ef94 (0x00285833) x16 0x003fffff
core   0: 0x8000ef98 (0x0104d633) srl     a2, s1, a6
core   0: 3 0x8000ef98 (0x0104d633) x12 0x00000000
core   0: 0x8000ef9c (0x69cde413) ori     s0, s11, 1692
core   0: 3 0x8000ef9c (0x69cde413) x 8 0x0000069d
core   0: 0x8000efa0 (0x017f46b3) xor     a3, t5, s7
core   0: 3 0x8000efa0 (0x017f46b3) x13 0x00000191
core   0: 0x8000efa4 (0x0074d533) srl     a0, s1, t2
core   0: 3 0x8000efa4 (0x0074d533) x10 0x00000000
core   0: 0x8000efa8 (0x01686c63) bltu    a6, s6, pc + 24
core   0: 3 0x8000efa8 (0x01686c63)
core   0: 0x8000efc0 (0x4176d313) srai    t1, a3, 23
core   0: 3 0x8000efc0 (0x4176d313) x 6 0x00000000
core   0: 0x8000efc4 (0x5732ee13) ori     t3, t0, 1395
core   0: 3 0x8000efc4 (0x5732ee13) x28 0x00000573
core   0: 0x8000efc8 (0x00c3e1b3) or      gp, t2, a2
core   0: 3 0x8000efc8 (0x00c3e1b3) x 3 0x00000000
core   0: 0x8000efcc (0x4231c093) xori    ra, gp, 1059
core   0: 3 0x8000efcc (0x4231c093) x 1 0x00000423
core   0: 0x8000efd0 (0x0153d133) srl     sp, t2, s5
core   0: 3 0x8000efd0 (0x0153d133) x 2 0x00000000
core   0: 0x8000efd4 (0x01302e33) slt     t3, zero, s3
core   0: 3 0x8000efd4 (0x01302e33) x28 0x00000000
core   0: 0x8000efd8 (0x01de5e93) srli    t4, t3, 29
core   0: 3 0x8000efd8 (0x01de5e93) x29 0x00000000
core   0: 0x8000efdc (0x0ff0000f) fence   iorw,iorw
core   0: 3 0x8000efdc (0x0ff0000f)
core   0: 0x8000efe0 (0x40b28833) sub     a6, t0, a1
core   0: 3 0x8000efe0 (0x40b28833) x16 0x0000015f
core   0: 0x8000efe4 (0xa3405ab7) lui     s5, 0xa3405
core   0: 3 0x8000efe4 (0xa3405ab7) x21 0xa3405000
core   0: 0x8000efe8 (0x0031bfb3) sltu    t6, gp, gp
core   0: 3 0x8000efe8 (0x0031bfb3) x31 0x00000000
core   0: 0x8000efec (0x01807e33) and     t3, zero, s8
core   0: 3 0x8000efec (0x01807e33) x28 0x00000000
core   0: 0x8000eff0 (0x11178493) addi    s1, a5, 273
core   0: 3 0x8000eff0 (0x11178493) x 9 0x00000112
core   0: 0x8000eff4 (0x0176dd93) srli    s11, a3, 23
core   0: 3 0x8000eff4 (0x0176dd93) x27 0x00000000
core   0: 0x8000eff8 (0x00000013) nop
core   0: 3 0x8000eff8 (0x00000013)
core   0: 0x8000effc (0x005f2f33) slt     t5, t5, t0
core   0: 3 0x8000effc (0x005f2f33) x30 0x00000000
core   0: 0x8000f000 (0x75d4f393) andi    t2, s1, 1885
core   0: 3 0x8000f000 (0x75d4f393) x 7 0x00000110
core   0: 0x8000f004 (0x00f39c93) slli    s9, t2, 15
core   0: 3 0x8000f004 (0x00f39c93) x25 0x00880000
core   0: 0x8000f008 (0x013bdc33) srl     s8, s7, s3
core   0: 3 0x8000f008 (0x013bdc33) x24 0x00000000
core   0: 0x8000f00c (0x04319463) bne     gp, gp, pc + 72
core   0: 3 0x8000f00c (0x04319463)
core   0: 0x8000f010 (0x01bd08b3) add     a7, s10, s11
core   0: 3 0x8000f010 (0x01bd08b3) x17 0x00000000
core   0: 0x8000f014 (0x41975693) srai    a3, a4, 25
core   0: 3 0x8000f014 (0x41975693) x13 0x00000000
core   0: 0x8000f018 (0x408ed2b3) sra     t0, t4, s0
core   0: 3 0x8000f018 (0x408ed2b3) x 5 0x00000000
core   0: 0x8000f01c (0x00ee9463) bne     t4, a4, pc + 8
core   0: 3 0x8000f01c (0x00ee9463)
core   0: 0x8000f020 (0x007c9cb3) sll     s9, s9, t2
core   0: 3 0x8000f020 (0x007c9cb3) x25 0x00000000
core   0: 0x8000f024 (0x00000013) nop
core   0: 3 0x8000f024 (0x00000013)
core   0: 0x8000f028 (0x41390cb3) sub     s9, s2, s3
core   0: 3 0x8000f028 (0x41390cb3) x25 0x019b1364
core   0: 0x8000f02c (0x01fd5e63) bge     s10, t6, pc + 28
core   0: 3 0x8000f02c (0x01fd5e63)
core   0: 0x8000f048 (0x0138f933) and     s2, a7, s3
core   0: 3 0x8000f048 (0x0138f933) x18 0x00000000
core   0: 0x8000f04c (0x01b82e33) slt     t3, a6, s11
core   0: 3 0x8000f04c (0x01b82e33) x28 0x00000000
core   0: 0x8000f050 (0x4162d0b3) sra     ra, t0, s6
core   0: 3 0x8000f050 (0x4162d0b3) x 1 0x00000000
core   0: 0x8000f054 (0x006e75b3) and     a1, t3, t1
core   0: 3 0x8000f054 (0x006e75b3) x11 0x00000000
core   0: 0x8000f058 (0x47550c13) addi    s8, a0, 1141
core   0: 3 0x8000f058 (0x47550c13) x24 0x00000475
core   0: 0x8000f05c (0x00109613) slli    a2, ra, 1
core   0: 3 0x8000f05c (0x00109613) x12 0x00000000
core   0: 0x8000f060 (0xe184cd93) xori    s11, s1, -488
core   0: 3 0x8000f060 (0xe184cd93) x27 0xffffff0a
core   0: 0x8000f064 (0x00f256b3) srl     a3, tp, a5
core   0: 3 0x8000f064 (0x00f256b3) x13 0x40015e72
core   0: 0x8000f068 (0x0ff0000f) fence   iorw,iorw
core   0: 3 0x8000f068 (0x0ff0000f)
core   0: 0x8000f06c (0x886a3093) sltiu   ra, s4, -1914
core   0: 3 0x8000f06c (0x886a3093) x 1 0x00000001
core   0: 0x8000f070 (0x040e0063) beqz    t3, pc + 64
core   0: 3 0x8000f070 (0x040e0063)
core   0: 0x8000f0b0 (0x0ff0000f) fence   iorw,iorw
core   0: 3 0x8000f0b0 (0x0ff0000f)
core   0: 0x8000f0b4 (0x25278893) addi    a7, a5, 594
core   0: 3 0x8000f0b4 (0x25278893) x17 0x00000253
core   0: 0x8000f0b8 (0xc74fa513) slti    a0, t6, -908
core   0: 3 0x8000f0b8 (0xc74fa513) x10 0x00000000
core   0: 0x8000f0bc (0x40c5df13) srai    t5, a1, 12
core   0: 3 0x8000f0bc (0x40c5df13) x30 0x00000000
core   0: 0x8000f0c0 (0x01c61263) bne     a2, t3, pc + 4
core   0: 3 0x8000f0c0 (0x01c61263)
core   0: 0x8000f0c4 (0x925a8393) addi    t2, s5, -1755
core   0: 3 0x8000f0c4 (0x925a8393) x 7 0xa3404925
core   0: 0x8000f0c8 (0x0000100f) fence.i
core   0: 3 0x8000f0c8 (0x0000100f)
core   0: 0x8000f0cc (0xaee34a93) xori    s5, t1, -1298
core   0: 3 0x8000f0cc (0xaee34a93) x21 0xfffffaee
core   0: 0x8000f0d0 (0x401656b3) sra     a3, a2, ra
core   0: 3 0x8000f0d0 (0x401656b3) x13 0x00000000
core   0: 0x8000f0d4 (0x00000013) nop
core   0: 3 0x8000f0d4 (0x00000013)
core   0: 0x8000f0d8 (0x40d6dfb3) sra     t6, a3, a3
core   0: 3 0x8000f0d8 (0x40d6dfb3) x31 0x00000000
core   0: 0x8000f0dc (0xfd8c0693) addi    a3, s8, -40
core   0: 3 0x8000f0dc (0xfd8c0693) x13 0x0000044d
core   0: 0x8000f0e0 (0x8d6be7b7) lui     a5, 0x8d6be
core   0: 3 0x8000f0e0 (0x8d6be7b7) x15 0x8d6be000
core   0: 0x8000f0e4 (0x00595b93) srli    s7, s2, 5
core   0: 3 0x8000f0e4 (0x00595b93) x23 0x00000000
core   0: 0x8000f0e8 (0x04874263) blt     a4, s0, pc + 68
core   0: 3 0x8000f0e8 (0x04874263)
core   0: 0x8000f12c (0x0176c0b3) xor     ra, a3, s7
core   0: 3 0x8000f12c (0x0176c0b3) x 1 0x0000044d
core   0: 0x8000f130 (0xafce7893) andi    a7, t3, -1284
core   0: 3 0x8000f130 (0xafce7893) x17 0x00000000
core   0: 0x8000f134 (0x024d0a63) beq     s10, tp, pc + 52
core   0: 3 0x8000f134 (0x024d0a63)
core   0: 0x8000f138 (0x00c8e293) ori     t0, a7, 12
core   0: 3 0x8000f138 (0x00c8e293) x 5 0x0000000c
core   0: 0x8000f13c (0x00b21033) sll     zero, tp, a1
core   0: 3 0x8000f13c (0x00b21033)
core   0: 0x8000f140 (0x035bcc63) blt     s7, s5, pc + 56
core   0: 3 0x8000f140 (0x035bcc63)
core   0: 0x8000f144 (0x01fc8c33) add     s8, s9, t6
core   0: 3 0x8000f144 (0x01fc8c33) x24 0x019b1364
core   0: 0x8000f148 (0x412ed533) sra     a0, t4, s2
core   0: 3 0x8000f148 (0x412ed533) x10 0x00000000
core   0: 0x8000f14c (0x0a3eae13) slti    t3, t4, 163
core   0: 3 0x8000f14c (0x0a3eae13) x28 0x00000001
core   0: 0x8000f150 (0x0087d897) auipc   a7, 0x87d
core   0: 3 0x8000f150 (0x0087d897) x17 0x8088c150
core   0: 0x8000f154 (0x53255f97) auipc   t6, 0x53255
core   0: 3 0x8000f154 (0x53255f97) x31 0xd3264154
core   0: 0x8000f158 (0x0cb62f93) slti    t6, a2, 203
core   0: 3 0x8000f158 (0x0cb62f93) x31 0x00000001
core   0: 0x8000f15c (0x029f7863) bgeu    t5, s1, pc + 48
core   0: 3 0x8000f15c (0x029f7863)
core   0: 0x8000f160 (0x3342e393) ori     t2, t0, 820
core   0: 3 0x8000f160 (0x3342e393) x 7 0x0000033c
core   0: 0x8000f164 (0x2a90df37) lui     t5, 0x2a90d
core   0: 3 0x8000f164 (0x2a90df37) x30 0x2a90d000
core   0: 0x8000f168 (0x40a75133) sra     sp, a4, a0
core   0: 3 0x8000f168 (0x40a75133) x 2 0x00000000
core   0: 0x8000f16c (0x002ad533) srl     a0, s5, sp
core   0: 3 0x8000f16c (0x002ad533) x10 0xfffffaee
core   0: 0x8000f170 (0x00f9f8b3) and     a7, s3, a5
core   0: 3 0x8000f170 (0x00f9f8b3) x17 0x8c60e000
core   0: 0x8000f174 (0x00fbe463) bltu    s7, a5, pc + 8
core   0: 3 0x8000f174 (0x00fbe463)
core   0: 0x8000f17c (0xc32bc113) xori    sp, s7, -974
core   0: 3 0x8000f17c (0xc32bc113) x 2 0xfffffc32
core   0: 0x8000f180 (0x4036d693) srai    a3, a3, 3
core   0: 3 0x8000f180 (0x4036d693) x13 0x00000089
core   0: 0x8000f184 (0x019a9393) slli    t2, s5, 25
core   0: 3 0x8000f184 (0x019a9393) x 7 0xdc000000
core   0: 0x8000f188 (0x9060f1b7) lui     gp, 0x9060f
core   0: 3 0x8000f188 (0x9060f1b7) x 3 0x9060f000
core   0: 0x8000f18c (0x0000100f) fence.i
core   0: 3 0x8000f18c (0x0000100f)
core   0: 0x8000f190 (0x408fda33) sra     s4, t6, s0
core   0: 3 0x8000f190 (0x408fda33) x20 0x00000000
core   0: 0x8000f194 (0xf226b913) sltiu   s2, a3, -222
core   0: 3 0x8000f194 (0xf226b913) x18 0x00000001
core   0: 0x8000f198 (0x12077793) andi    a5, a4, 288
core   0: 3 0x8000f198 (0x12077793) x15 0x00000000
core   0: 0x8000f19c (0x014a6133) or      sp, s4, s4
core   0: 3 0x8000f19c (0x014a6133) x 2 0x00000000
core   0: 0x8000f1a0 (0x01582833) slt     a6, a6, s5
core   0: 3 0x8000f1a0 (0x01582833) x16 0x00000000
core   0: 0x8000f1a4 (0x01539593) slli    a1, t2, 21
core   0: 3 0x8000f1a4 (0x01539593) x11 0x00000000
core   0: 0x8000f1a8 (0x64824713) xori    a4, tp, 1608
core   0: 3 0x8000f1a8 (0x64824713) x14 0x8002baac
core   0: 0x8000f1ac (0x008f3733) sltu    a4, t5, s0
core   0: 3 0x8000f1ac (0x008f3733) x14 0x00000000
core   0: 0x8000f1b0 (0x28691897) auipc   a7, 0x28691
core   0: 3 0x8000f1b0 (0x28691897) x17 0xa86a01b0
core   0: 0x8000f1b4 (0x03c08463) beq     ra, t3, pc + 40
core   0: 3 0x8000f1b4 (0x03c08463)
core   0: 0x8000f1b8 (0x01029fb3) sll     t6, t0, a6
core   0: 3 0x8000f1b8 (0x01029fb3) x31 0x0000000c
core   0: 0x8000f1bc (0x01de2c33) slt     s8, t3, t4
core   0: 3 0x8000f1bc (0x01de2c33) x24 0x00000000
core   0: 0x8000f1c0 (0x3c5c4693) xori    a3, s8, 965
core   0: 3 0x8000f1c0 (0x3c5c4693) x13 0x000003c5
core   0: 0x8000f1c4 (0x00651ab3) sll     s5, a0, t1
core   0: 3 0x8000f1c4 (0x00651ab3) x21 0xfffffaee
core   0: 0x8000f1c8 (0x0ff0000f) fence   iorw,iorw
core   0: 3 0x8000f1c8 (0x0ff0000f)
core   0: 0x8000f1cc (0x0c908293) addi    t0, ra, 201
core   0: 3 0x8000f1cc (0x0c908293) x 5 0x00000516
core   0: 0x8000f1d0 (0x0054cfb3) xor     t6, s1, t0
core   0: 3 0x8000f1d0 (0x0054cfb3) x31 0x00000404
core   0: 0x8000f1d4 (0x0333f263) bgeu    t2, s3, pc + 36
core   0: 3 0x8000f1d4 (0x0333f263)
core   0: 0x8000f1d8 (0xf8434313) xori    t1, t1, -124
core   0: 3 0x8000f1d8 (0xf8434313) x 6 0xffffff84
core   0: 0x8000f1dc (0x02114663) blt     sp, ra, pc + 44
core   0: 3 0x8000f1dc (0x02114663)
core   0: 0x8000f208 (0x05940463) beq     s0, s9, pc + 72
core   0: 3 0x8000f208 (0x05940463)
core   0: 0x8000f20c (0x4046d613) srai    a2, a3, 4
core   0: 3 0x8000f20c (0x4046d613) x12 0x0000003c
core   0: 0x8000f210 (0x4020d413) srai    s0, ra, 2
core   0: 3 0x8000f210 (0x4020d413) x 8 0x00000113
core   0: 0x8000f214 (0xdf627913) andi    s2, tp, -522
core   0: 3 0x8000f214 (0xdf627913) x18 0x8002bce4
core   0: 0x8000f218 (0xd31e8193) addi    gp, t4, -719
core   0: 3 0x8000f218 (0xd31e8193) x 3 0xfffffd31
core   0: 0x8000f21c (0x55f7f313) andi    t1, a5, 1375
core   0: 3 0x8000f21c (0x55f7f313) x 6 0x00000000
core   0: 0x8000f220 (0x01315193) srli    gp, sp, 19
core   0: 3 0x8000f220 (0x01315193) x 3 0x00000000
core   0: 0x8000f224 (0x0000100f) fence.i
core   0: 3 0x8000f224 (0x0000100f)
core   0: 0x8000f228 (0x0063e8b3) or      a7, t2, t1
core   0: 3 0x8000f228 (0x0063e8b3) x17 0xdc000000
core   0: 0x8000f22c (0x0ff0000f) fence   iorw,iorw
core   0: 3 0x8000f22c (0x0ff0000f)
core   0: 0x8000f230 (0x40f25db3) sra     s11, tp, a5
core   0: 3 0x8000f230 (0x40f25db3) x27 0x8002bce4
core   0: 0x8000f234 (0x04e9d463) bge     s3, a4, pc + 72
core   0: 3 0x8000f234 (0x04e9d463)
core   0: 0x8000f238 (0x00000013) nop
core   0: 3 0x8000f238 (0x00000013)
core   0: 0x8000f23c (0x006ad733) srl     a4, s5, t1
core   0: 3 0x8000f23c (0x006ad733) x14 0xfffffaee
core   0: 0x8000f240 (0x41d68433) sub     s0, a3, t4
core   0: 3 0x8000f240 (0x41d68433) x 8 0x000003c5
core   0: 0x8000f244 (0x4adf4593) xori    a1, t5, 1197
core   0: 3 0x8000f244 (0x4adf4593) x11 0x2a90d4ad
core   0: 0x8000f248 (0x01720333) add     t1, tp, s7
core   0: 3 0x8000f248 (0x01720333) x 6 0x8002bce4
core   0: 0x8000f24c (0x00000013) nop
core   0: 3 0x8000f24c (0x00000013)
core   0: 0x8000f250 (0x01bd9133) sll     sp, s11, s11
core   0: 3 0x8000f250 (0x01bd9133) x 2 0x002bce40
core   0: 0x8000f254 (0x014a1613) slli    a2, s4, 20
core   0: 3 0x8000f254 (0x014a1613) x12 0x00000000
core   0: 0x8000f258 (0xb7e6a293) slti    t0, a3, -1154
core   0: 3 0x8000f258 (0xb7e6a293) x 5 0x00000000
core   0: 0x8000f25c (0x01a85893) srli    a7, a6, 26
core   0: 3 0x8000f25c (0x01a85893) x17 0x00000000
core   0: 0x8000f260 (0x4192de33) sra     t3, t0, s9
core   0: 3 0x8000f260 (0x4192de33) x28 0x00000000
core   0: 0x8000f264 (0x01d4e4b3) or      s1, s1, t4
core   0: 3 0x8000f264 (0x01d4e4b3) x 9 0x00000112
core   0: 0x8000f268 (0x0000100f) fence.i
core   0: 3 0x8000f268 (0x0000100f)
core   0: 0x8000f26c (0xe104bf93) sltiu   t6, s1, -496
core   0: 3 0x8000f26c (0xe104bf93) x31 0x00000001
core   0: 0x8000f270 (0x034e7c63) bgeu    t3, s4, pc + 56
core   0: 3 0x8000f270 (0x034e7c63)
core   0: 0x8000f2a8 (0x00125663) bge     tp, ra, pc + 12
core   0: 3 0x8000f2a8 (0x00125663)
core   0: 0x8000f2ac (0x009fc7b3) xor     a5, t6, s1
core   0: 3 0x8000f2ac (0x009fc7b3) x15 0x00000113
core   0: 0x8000f2b0 (0x031df463) bgeu    s11, a7, pc + 40
core   0: 3 0x8000f2b0 (0x031df463)
core   0: 0x8000f2d8 (0x00f60033) add     zero, a2, a5
core   0: 3 0x8000f2d8 (0x00f60033)
core   0: 0x8000f2dc (0x012a8463) beq     s5, s2, pc + 8
core   0: 3 0x8000f2dc (0x012a8463)
core   0: 0x8000f2e0 (0x006f8a33) add     s4, t6, t1
core   0: 3 0x8000f2e0 (0x006f8a33) x20 0x8002bce5
core   0: 0x8000f2e4 (0x03f1f463) bgeu    gp, t6, pc + 40
core   0: 3 0x8000f2e4 (0x03f1f463)
core   0: 0x8000f2e8 (0x408cd313) srai    t1, s9, 8
core   0: 3 0x8000f2e8 (0x408cd313) x 6 0x00019b13
core   0: 0x8000f2ec (0x0050e333) or      t1, ra, t0
core   0: 3 0x8000f2ec (0x0050e333) x 6 0x0000044d
core   0: 0x8000f2f0 (0xfb092b93) slti    s7, s2, -80
core   0: 3 0x8000f2f0 (0xfb092b93) x23 0x00000001
core   0: 0x8000f2f4 (0x0527d663) bge     a5, s2, pc + 76
core   0: 3 0x8000f2f4 (0x0527d663)
core   0: 0x8000f340 (0x03db1c63) bne     s6, t4, pc + 56
core   0: 3 0x8000f340 (0x03db1c63)
core   0: 0x8000f378 (0x399b5737) lui     a4, 0x399b5
core   0: 3 0x8000f378 (0x399b5737) x14 0x399b5000
core   0: 0x8000f37c (0x0131af33) slt     t5, gp, s3
core   0: 3 0x8000f37c (0x0131af33) x30 0x00000000
core   0: 0x8000f380 (0x04628263) beq     t0, t1, pc + 68
core   0: 3 0x8000f380 (0x04628263)
core   0: 0x8000f384 (0x119b0e13) addi    t3, s6, 281
core   0: 3 0x8000f384 (0x119b0e13) x28 0x80027f55
core   0: 0x8000f388 (0x10d97397) auipc   t2, 0x10d97
core   0: 3 0x8000f388 (0x10d97397) x 7 0x90da6388
core   0: 0x8000f38c (0xe9ce0893) addi    a7, t3, -356
core   0: 3 0x8000f38c (0xe9ce0893) x17 0x80027df1
core   0: 0x8000f390 (0x1751ae13) slti    t3, gp, 373
core   0: 3 0x8000f390 (0x1751ae13) x28 0x00000001
core   0: 0x8000f394 (0x0000100f) fence.i
core   0: 3 0x8000f394 (0x0000100f)
core   0: 0x8000f398 (0x00ef9813) slli    a6, t6, 14
core   0: 3 0x8000f398 (0x00ef9813) x16 0x00004000
core   0: 0x8000f39c (0x0ff0000f) fence   iorw,iorw
core   0: 3 0x8000f39c (0x0ff0000f)
core   0: 0x8000f3a0 (0x21597a13) andi    s4, s2, 533
core   0: 3 0x8000f3a0 (0x21597a13) x20 0x00000004
core   0: 0x8000f3a4 (0x49964913) xori    s2, a2, 1177
core   0: 3 0x8000f3a4 (0x49964913) x18 0x00000499
core   0: 0x8000f3a8 (0x2bc240b7) lui     ra, 0x2bc24
core   0: 3 0x8000f3a8 (0x2bc240b7) x 1 0x2bc24000
core   0: 0x8000f3ac (0x00076033) or      zero, a4, zero
core   0: 3 0x8000f3ac (0x00076033)
core   0: 0x8000f3b0 (0x00c79fb3) sll     t6, a5, a2
core   0: 3 0x8000f3b0 (0x00c79fb3) x31 0x00000113
core   0: 0x8000f3b4 (0x013427b3) slt     a5, s0, s3
core   0: 3 0x8000f3b4 (0x013427b3) x15 0x00000000
core   0: 0x8000f3b8 (0x00ab4263) blt     s6, a0, pc + 4
core   0: 3 0x8000f3b8 (0x00ab4263)
core   0: 0x8000f3bc (0x018d6333) or      t1, s10, s8
core   0: 3 0x8000f3bc (0x018d6333) x 6 0x00000000
core   0: 0x8000f3c0 (0x0313f263) bgeu    t2, a7, pc + 36
core   0: 3 0x8000f3c0 (0x0313f263)
core   0: 0x8000f3e4 (0x0ff0000f) fence   iorw,iorw
core   0: 3 0x8000f3e4 (0x0ff0000f)
core   0: 0x8000f3e8 (0x006a45b3) xor     a1, s4, t1
core   0: 3 0x8000f3e8 (0x006a45b3) x11 0x00000004
core   0: 0x8000f3ec (0x001d06b3) add     a3, s10, ra
core   0: 3 0x8000f3ec (0x001d06b3) x13 0x2bc24000
core   0: 0x8000f3f0 (0x01419013) slli    zero, gp, 20
core   0: 3 0x8000f3f0 (0x01419013)
core   0: 0x8000f3f4 (0x73d0f013) andi    zero, ra, 1853
core   0: 3 0x8000f3f4 (0x73d0f013)
core   0: 0x8000f3f8 (0xcf4d5b97) auipc   s7, 0xcf4d5
core   0: 3 0x8000f3f8 (0xcf4d5b97) x23 0x4f4e43f8
core   0: 0x8000f3fc (0x410f5d93) srai    s11, t5, 16
core   0: 3 0x8000f3fc (0x410f5d93) x27 0x00000000
core   0: 0x8000f400 (0x2db4ca93) xori    s5, s1, 731
core   0: 3 0x8000f400 (0x2db4ca93) x21 0x000003c9
core   0: 0x8000f404 (0x001a0463) beq     s4, ra, pc + 8
core   0: 3 0x8000f404 (0x001a0463)
core   0: 0x8000f408 (0x014a8c33) add     s8, s5, s4
core   0: 3 0x8000f408 (0x014a8c33) x24 0x000003cd
core   0: 0x8000f40c (0xf6bc6b93) ori     s7, s8, -149
core   0: 3 0x8000f40c (0xf6bc6b93) x23 0xffffffef
core   0: 0x8000f410 (0x89ad6f93) ori     t6, s10, -1894
core   0: 3 0x8000f410 (0x89ad6f93) x31 0xfffff89a
core   0: 0x8000f414 (0x005dedb3) or      s11, s11, t0
core   0: 3 0x8000f414 (0x005dedb3) x27 0x00000000
core   0: 0x8000f418 (0xa8c47513) andi    a0, s0, -1396
core   0: 3 0x8000f418 (0xa8c47513) x10 0x00000284
core   0: 0x8000f41c (0x065ef313) andi    t1, t4, 101
core   0: 3 0x8000f41c (0x065ef313) x 6 0x00000000
core   0: 0x8000f420 (0xba5bf793) andi    a5, s7, -1115
core   0: 3 0x8000f420 (0xba5bf793) x15 0xfffffba5
core   0: 0x8000f424 (0x000c0db3) add     s11, s8, zero
core   0: 3 0x8000f424 (0x000c0db3) x27 0x000003cd
core   0: 0x8000f428 (0xb1417693) andi    a3, sp, -1260
core   0: 3 0x8000f428 (0xb1417693) x13 0x002bca00
core   0: 0x8000f42c (0x00fa0833) add     a6, s4, a5
core   0: 3 0x8000f42c (0x00fa0833) x16 0xfffffba9
core   0: 0x8000f430 (0xc6cff297) auipc   t0, 0xc6cff
core   0: 3 0x8000f430 (0xc6cff297) x 5 0x46d0e430
core   0: 0x8000f434 (0x01684c63) blt     a6, s6, pc + 24
core   0: 3 0x8000f434 (0x01684c63)
core   0: 0x8000f438 (0x01fea1b3) slt     gp, t4, t6
core   0: 3 0x8000f438 (0x01fea1b3) x 3 0x00000000
core   0: 0x8000f43c (0x417a0db3) sub     s11, s4, s7
core   0: 3 0x8000f43c (0x417a0db3) x27 0x00000015
core   0: 0x8000f440 (0x6628ba13) sltiu   s4, a7, 1634
core   0: 3 0x8000f440 (0x6628ba13) x20 0x00000000
core   0: 0x8000f444 (0x01d5e533) or      a0, a1, t4
core   0: 3 0x8000f444 (0x01d5e533) x10 0x00000004
core   0: 0x8000f448 (0x03567c63) bgeu    a2, s5, pc + 56
core   0: 3 0x8000f448 (0x03567c63)
core   0: 0x8000f44c (0x019e7663) bgeu    t3, s9, pc + 12
core   0: 3 0x8000f44c (0x019e7663)
core   0: 0x8000f450 (0x41ff0933) sub     s2, t5, t6
core   0: 3 0x8000f450 (0x41ff0933) x18 0x00000766
core   0: 0x8000f454 (0x01212eb3) slt     t4, sp, s2
core   0: 3 0x8000f454 (0x01212eb3) x29 0x00000000
core   0: 0x8000f458 (0x40355ab3) sra     s5, a0, gp
core   0: 3 0x8000f458 (0x40355ab3) x21 0x00000004
core   0: 0x8000f45c (0x01f01663) bne     zero, t6, pc + 12
core   0: 3 0x8000f45c (0x01f01663)
core   0: 0x8000f468 (0x03f21463) bne     tp, t6, pc + 40
core   0: 3 0x8000f468 (0x03f21463)
core   0: 0x8000f490 (0x0000100f) fence.i
core   0: 3 0x8000f490 (0x0000100f)
core   0: 0x8000f494 (0x0446f663) bgeu    a3, tp, pc + 76
core   0: 3 0x8000f494 (0x0446f663)
core   0: 0x8000f498 (0x40575733) sra     a4, a4, t0
core   0: 3 0x8000f498 (0x40575733) x14 0x0000399b
core   0: 0x8000f49c (0x01a86f33) or      t5, a6, s10
core   0: 3 0x8000f49c (0x01a86f33) x30 0xfffffba9
core   0: 0x8000f4a0 (0x035ef863) bgeu    t4, s5, pc + 48
core   0: 3 0x8000f4a0 (0x035ef863)
core   0: 0x8000f4a4 (0xd6af6013) ori     zero, t5, -662
core   0: 3 0x8000f4a4 (0xd6af6013)
core   0: 0x8000f4a8 (0xad8f3093) sltiu   ra, t5, -1320
core   0: 3 0x8000f4a8 (0xad8f3093) x 1 0x00000000
core   0: 0x8000f4ac (0x0000100f) fence.i
core   0: 3 0x8000f4ac (0x0000100f)
core   0: 0x8000f4b0 (0x0152adb3) slt     s11, t0, s5
core   0: 3 0x8000f4b0 (0x0152adb3) x27 0x00000000
core   0: 0x8000f4b4 (0x00875463) bge     a4, s0, pc + 8
core   0: 3 0x8000f4b4 (0x00875463)
core   0: 0x8000f4bc (0x4033c493) xori    s1, t2, 1027
core   0: 3 0x8000f4bc (0x4033c493) x 9 0x90da678b
core   0: 0x8000f4c0 (0xe5774113) xori    sp, a4, -425
core   0: 3 0x8000f4c0 (0xe5774113) x 2 0xffffc7cc
core   0: 0x8000f4c4 (0x00f05633) srl     a2, zero, a5
core   0: 3 0x8000f4c4 (0x00f05633) x12 0x00000000
core   0: 0x8000f4c8 (0x003e4863) blt     t3, gp, pc + 16
core   0: 3 0x8000f4c8 (0x003e4863)
core   0: 0x8000f4cc (0x3ce1b793) sltiu   a5, gp, 974
core   0: 3 0x8000f4cc (0x3ce1b793) x15 0x00000001
core   0: 0x8000f4d0 (0x1d4fb893) sltiu   a7, t6, 468
core   0: 3 0x8000f4d0 (0x1d4fb893) x17 0x00000000
core   0: 0x8000f4d4 (0x014d1a33) sll     s4, s10, s4
core   0: 3 0x8000f4d4 (0x014d1a33) x20 0x00000000
core   0: 0x8000f4d8 (0x4034d833) sra     a6, s1, gp
core   0: 3 0x8000f4d8 (0x4034d833) x16 0x90da678b
core   0: 0x8000f4dc (0x01b77d33) and     s10, a4, s11
core   0: 3 0x8000f4dc (0x01b77d33) x26 0x00000000
core   0: 0x8000f4e0 (0x0021da33) srl     s4, gp, sp
core   0: 3 0x8000f4e0 (0x0021da33) x20 0x00000000
core   0: 0x8000f4e4 (0x0ff0000f) fence   iorw,iorw
core   0: 3 0x8000f4e4 (0x0ff0000f)
core   0: 0x8000f4e8 (0x002c8533) add     a0, s9, sp
core   0: 3 0x8000f4e8 (0x002c8533) x10 0x019adb30
core   0: 0x8000f4ec (0x010f5333) srl     t1, t5, a6
core   0: 3 0x8000f4ec (0x010f5333) x 6 0x001fffff
core   0: 0x8000f4f0 (0x0000100f) fence.i
core   0: 3 0x8000f4f0 (0x0000100f)
core   0: 0x8000f4f4 (0x00945463) bge     s0, s1, pc + 8
core   0: 3 0x8000f4f4 (0x00945463)
core   0: 0x8000f4fc (0xab6bb8b7) lui     a7, 0xab6bb
core   0: 3 0x8000f4fc (0xab6bb8b7) x17 0xab6bb000
core   0: 0x8000f500 (0x00000013) nop
core   0: 3 0x8000f500 (0x00000013)
core   0: 0x8000f504 (0x1f95f193) andi    gp, a1, 505
core   0: 3 0x8000f504 (0x1f95f193) x 3 0x00000000
core   0: 0x8000f508 (0x01b6d933) srl     s2, a3, s11
core   0: 3 0x8000f508 (0x01b6d933) x18 0x002bca00
core   0: 0x8000f50c (0x04198063) beq     s3, ra, pc + 64
core   0: 3 0x8000f50c (0x04198063)
core   0: 0x8000f510 (0x41a708b3) sub     a7, a4, s10
core   0: 3 0x8000f510 (0x41a708b3) x17 0x0000399b
core   0: 0x8000f514 (0x00b09f93) slli    t6, ra, 11
core   0: 3 0x8000f514 (0x00b09f93) x31 0x00000000
core   0: 0x8000f518 (0x01511e13) slli    t3, sp, 21
core   0: 3 0x8000f518 (0x01511e13) x28 0xf9800000
core   0: 0x8000f51c (0x403388b3) sub     a7, t2, gp
core   0: 3 0x8000f51c (0x403388b3) x17 0x90da6388
core   0: 0x8000f520 (0x0000100f) fence.i
core   0: 3 0x8000f520 (0x0000100f)
core   0: 0x8000f524 (0x03e30e63) beq     t1, t5, pc + 60
core   0: 3 0x8000f524 (0x03e30e63)
core   0: 0x8000f528 (0x4dad8913) addi    s2, s11, 1242
core   0: 3 0x8000f528 (0x4dad8913) x18 0x000004da
core   0: 0x8000f52c (0xfcca2093) slti    ra, s4, -52
core   0: 3 0x8000f52c (0xfcca2093) x 1 0x00000000
core   0: 0x8000f530 (0x00e06533) or      a0, zero, a4
core   0: 3 0x8000f530 (0x00e06533) x10 0x0000399b
core   0: 0x8000f534 (0x00000013) nop
core   0: 3 0x8000f534 (0x00000013)
core   0: 0x8000f538 (0x0000100f) fence.i
core   0: 3 0x8000f538 (0x0000100f)
core   0: 0x8000f53c (0x022f9a63) bne     t6, sp, pc + 52
core   0: 3 0x8000f53c (0x022f9a63)
core   0: 0x8000f570 (0x7db8cd13) xori    s10, a7, 2011
core   0: 3 0x8000f570 (0x7db8cd13) x26 0x90da6453
core   0: 0x8000f574 (0xebf86193) ori     gp, a6, -321
core   0: 3 0x8000f574 (0xebf86193) x 3 0xffffffbf
core   0: 0x8000f578 (0x02966c63) bltu    a2, s1, pc + 56
core   0: 3 0x8000f578 (0x02966c63)
core   0: 0x8000f5b0 (0x41f28f33) sub     t5, t0, t6
core   0: 3 0x8000f5b0 (0x41f28f33) x30 0x46d0e430
core   0: 0x8000f5b4 (0x0097dc33) srl     s8, a5, s1
core   0: 3 0x8000f5b4 (0x0097dc33) x24 0x00000000
core   0: 0x8000f5b8 (0x01246033) or      zero, s0, s2
core   0: 3 0x8000f5b8 (0x01246033)
core   0: 0x8000f5bc (0x00956ab3) or      s5, a0, s1
core   0: 3 0x8000f5bc (0x00956ab3) x21 0x90da7f9b
core   0: 0x8000f5c0 (0x00000013) nop
core   0: 3 0x8000f5c0 (0x00000013)
core   0: 0x8000f5c4 (0x40130d33) sub     s10, t1, ra
core   0: 3 0x8000f5c4 (0x40130d33) x26 0x001fffff
core   0: 0x8000f5c8 (0xf2410e13) addi    t3, sp, -220
core   0: 3 0x8000f5c8 (0xf2410e13) x28 0xffffc6f0
core   0: 0x8000f5cc (0x00000013) nop
core   0: 3 0x8000f5cc (0x00000013)
core   0: 0x8000f5d0 (0x00479933) sll     s2, a5, tp
core   0: 3 0x8000f5d0 (0x00479933) x18 0x00000010
core   0: 0x8000f5d4 (0x011cdcb3) srl     s9, s9, a7
core   0: 3 0x8000f5d4 (0x011cdcb3) x25 0x00019b13
core   0: 0x8000f5d8 (0x013bd793) srli    a5, s7, 19
core   0: 3 0x8000f5d8 (0x013bd793) x15 0x00001fff
core   0: 0x8000f5dc (0x01a026b3) slt     a3, zero, s10
core   0: 3 0x8000f5dc (0x01a026b3) x13 0x00000001
core   0: 0x8000f5e0 (0x01fa44b3) xor     s1, s4, t6
core   0: 3 0x8000f5e0 (0x01fa44b3) x 9 0x00000000
core   0: 0x8000f5e4 (0x00cf9eb3) sll     t4, t6, a2
core   0: 3 0x8000f5e4 (0x00cf9eb3) x29 0x00000000
core   0: 0x8000f5e8 (0x41355413) srai    s0, a0, 19
core   0: 3 0x8000f5e8 (0x41355413) x 8 0x00000000
core   0: 0x8000f5ec (0x01d39413) slli    s0, t2, 29
core   0: 3 0x8000f5ec (0x01d39413) x 8 0x00000000
core   0: 0x8000f5f0 (0x004ec733) xor     a4, t4, tp
core   0: 3 0x8000f5f0 (0x004ec733) x14 0x8002bce4
core   0: 0x8000f5f4 (0x00000013) nop
core   0: 3 0x8000f5f4 (0x00000013)
core   0: 0x8000f5f8 (0x00471d93) slli    s11, a4, 4
core   0: 3 0x8000f5f8 (0x00471d93) x27 0x002bce40
core   0: 0x8000f5fc (0x00e4f263) bgeu    s1, a4, pc + 4
core   0: 3 0x8000f5fc (0x00e4f263)
core   0: 0x8000f600 (0x9cf0d137) lui     sp, 0x9cf0d
core   0: 3 0x8000f600 (0x9cf0d137) x 2 0x9cf0d000
core   0: 0x8000f604 (0x003350b3) srl     ra, t1, gp
core   0: 3 0x8000f604 (0x003350b3) x 1 0x00000000
core   0: 0x8000f608 (0x0037dab3) srl     s5, a5, gp
core   0: 3 0x8000f608 (0x0037dab3) x21 0x00000000
core   0: 0x8000f60c (0x004b2303) lw      t1, 4(s6)
core   0: 3 0x8000f60c (0x004b2303) x 6 0x80008fbc mem 0x80027e40
core   0: 0x8000f610 (0x41025533) sra     a0, tp, a6
core   0: 3 0x8000f610 (0x41025533) x10 0xfff00057
core   0: 0x8000f614 (0x41305293) srai    t0, zero, 19
core   0: 3 0x8000f614 (0x41305293) x 5 0x00000000
core   0: 0x8000f618 (0xad0dc093) xori    ra, s11, -1328
core   0: 3 0x8000f618 (0xad0dc093) x 1 0xffd43490
core   0: 0x8000f61c (0x028b0b13) addi    s6, s6, 40
core   0: 3 0x8000f61c (0x028b0b13) x22 0x80027e64
core   0: 0x8000f620 (0x0063bcb3) sltu    s9, t2, t1
core   0: 3 0x8000f620 (0x0063bcb3) x25 0x00000000
core   0: 0x8000f624 (0x00030a13) mv      s4, t1
core   0: 3 0x8000f624 (0x00030a13) x20 0x80008fbc
core   0: 0x8000f628 (0x000a0a67) jalr    s4, s4, 0
core   0: 3 0x8000f628 (0x000a0a67) x20 0x8000f62c
core   0: 0x80008fbc (0x9cb6f793) andi    a5, a3, -1589
core   0: 3 0x80008fbc (0x9cb6f793) x15 0x00000001
core   0: 0x80008fc0 (0x01895e13) srli    t3, s2, 24
core   0: 3 0x80008fc0 (0x01895e13) x28 0x00000000
core   0: 0x80008fc4 (0x00460a33) add     s4, a2, tp
core   0: 3 0x80008fc4 (0x00460a33) x20 0x8002bce4
core   0: 0x80008fc8 (0x01274633) xor     a2, a4, s2
core   0: 3 0x80008fc8 (0x01274633) x12 0x8002bcf4
core   0: 0x80008fcc (0xe0988e13) addi    t3, a7, -503
core   0: 3 0x80008fcc (0xe0988e13) x28 0x90da6191
core   0: 0x80008fd0 (0x02d08063) beq     ra, a3, pc + 32
core   0: 3 0x80008fd0 (0x02d08063)
core   0: 0x80008fd4 (0x00204c33) xor     s8, zero, sp
core   0: 3 0x80008fd4 (0x00204c33) x24 0x9cf0d000
core   0: 0x80008fd8 (0xa9f3a913) slti    s2, t2, -1377
core   0: 3 0x80008fd8 (0xa9f3a913) x18 0x00000001
core   0: 0x80008fdc (0xf1852193) slti    gp, a0, -232
core   0: 3 0x80008fdc (0xf1852193) x 3 0x00000001
core   0: 0x80008fe0 (0x405f5613) srai    a2, t5, 5
core   0: 3 0x80008fe0 (0x405f5613) x12 0x02368721
core   0: 0x80008fe4 (0x00000013) nop
core   0: 3 0x80008fe4 (0x00000013)
core   0: 0x80008fe8 (0x00137e63) bgeu    t1, ra, pc + 28
core   0: 3 0x80008fe8 (0x00137e63)
core   0: 0x80008fec (0xa22b9537) lui     a0, 0xa22b9
core   0: 3 0x80008fec (0xa22b9537) x10 0xa22b9000
core   0: 0x80008ff0 (0x40a2d8b3) sra     a7, t0, a0
core   0: 3 0x80008ff0 (0x40a2d8b3) x17 0x00000000
core   0: 0x80008ff4 (0x13369397) auipc   t2, 0x13369
core   0: 3 0x80008ff4 (0x13369397) x 7 0x93371ff4
core   0: 0x80008ff8 (0x0000100f) fence.i
core   0: 3 0x80008ff8 (0x0000100f)
core   0: 0x80008ffc (0x00bd4733) xor     a4, s10, a1
core   0: 3 0x80008ffc (0x00bd4733) x14 0x001ffffb
core   0: 0x80009000 (0x0014d113) srli    sp, s1, 1
core   0: 3 0x80009000 (0x0014d113) x 2 0x00000000
core   0: 0x80009004 (0x0ff0000f) fence   iorw,iorw
core   0: 3 0x80009004 (0x0ff0000f)
core   0: 0x80009008 (0x01af7733) and     a4, t5, s10
core   0: 3 0x80009008 (0x01af7733) x14 0x0010e430
core   0: 0x8000900c (0xa4f36493) ori     s1, t1, -1457
core   0: 3 0x8000900c (0xa4f36493) x 9 0xffffffff
core   0: 0x80009010 (0x40f05eb3) sra     t4, zero, a5
core   0: 3 0x80009010 (0x40f05eb3) x29 0x00000000
core   0: 0x80009014 (0x00b74333) xor     t1, a4, a1
core   0: 3 0x80009014 (0x00b74333) x 6 0x0010e434
core   0: 0x80009018 (0x5f306513) ori     a0, zero, 1523
core   0: 3 0x80009018 (0x5f306513) x10 0x000005f3
core   0: 0x8000901c (0x02637263) bgeu    t1, t1, pc + 36
core   0: 3 0x8000901c (0x02637263)
core   0: 0x80009040 (0x5a650c93) addi    s9, a0, 1446
core   0: 3 0x80009040 (0x5a650c93) x25 0x00000b99
core   0: 0x80009044 (0x00f68133) add     sp, a3, a5
core   0: 3 0x80009044 (0x00f68133) x 2 0x00000002
core   0: 0x80009048 (0x00cd7333) and     t1, s10, a2
core   0: 3 0x80009048 (0x00cd7333) x 6 0x00168721
core   0: 0x8000904c (0x04ff5463) bge     t5, a5, pc + 72
core   0: 3 0x8000904c (0x04ff5463)
core   0: 0x80009094 (0x019c47b3) xor     a5, s8, s9
core   0: 3 0x80009094 (0x019c47b3) x15 0x9cf0db99
core   0: 0x80009098 (0x17bbf393) andi    t2, s7, 379
core   0: 3 0x80009098 (0x17bbf393) x 7 0x0000016b
core   0: 0x8000909c (0x019072b3) and     t0, zero, s9
core   0: 3 0x8000909c (0x019072b3) x 5 0x00000000
core   0: 0x800090a0 (0x41e28133) sub     sp, t0, t5
core   0: 3 0x800090a0 (0x41e28133) x 2 0xb92f1bd0
core   0: 0x800090a4 (0x0ff0000f) fence   iorw,iorw
core   0: 3 0x800090a4 (0x0ff0000f)
core   0: 0x800090a8 (0x01a9ce33) xor     t3, s3, s10
core   0: 3 0x800090a8 (0x01a9ce33) x28 0xfe7b1363
core   0: 0x800090ac (0x402ed6b3) sra     a3, t4, sp
core   0: 3 0x800090ac (0x402ed6b3) x13 0x00000000
core   0: 0x800090b0 (0x00000013) nop
core   0: 3 0x800090b0 (0x00000013)
core   0: 0x800090b4 (0x00ab1133) sll     sp, s6, a0
core   0: 3 0x800090b4 (0x00ab1133) x 2 0xf3200000
core   0: 0x800090b8 (0x0000100f) fence.i
core   0: 3 0x800090b8 (0x0000100f)
core   0: 0x800090bc (0x0ff0000f) fence   iorw,iorw
core   0: 3 0x800090bc (0x0ff0000f)
core   0: 0x800090c0 (0x0489c063) blt     s3, s0, pc + 64
core   0: 3 0x800090c0 (0x0489c063)
core   0: 0x80009100 (0x419453b3) sra     t2, s0, s9
core   0: 3 0x80009100 (0x419453b3) x 7 0x00000000
core   0: 0x80009104 (0x0ff0000f) fence   iorw,iorw
core   0: 3 0x80009104 (0x0ff0000f)
core   0: 0x80009108 (0x015c8463) beq     s9, s5, pc + 8
core   0: 3 0x80009108 (0x015c8463)
core   0: 0x8000910c (0x00daae33) slt     t3, s5, a3
core   0: 3 0x8000910c (0x00daae33) x28 0x00000000
core   0: 0x80009110 (0x41f0dbb3) sra     s7, ra, t6
core   0: 3 0x80009110 (0x41f0dbb3) x23 0xffd43490
core   0: 0x80009114 (0x0021ee63) bltu    gp, sp, pc + 28
core   0: 3 0x80009114 (0x0021ee63)
core   0: 0x80009130 (0x00815633) srl     a2, sp, s0
core   0: 3 0x80009130 (0x00815633) x12 0xf3200000
core   0: 0x80009134 (0x410f5013) srai    zero, t5, 16
core   0: 3 0x80009134 (0x410f5013)
core   0: 0x80009138 (0x0000100f) fence.i
core   0: 3 0x80009138 (0x0000100f)
core   0: 0x8000913c (0x026a7063) bgeu    s4, t1, pc + 32
core   0: 3 0x8000913c (0x026a7063)
core   0: 0x8000915c (0x006cb5b3) sltu    a1, s9, t1
core   0: 3 0x8000915c (0x006cb5b3) x11 0x00000001
core   0: 0x80009160 (0x0000100f) fence.i
core   0: 3 0x80009160 (0x0000100f)
core   0: 0x80009164 (0x41da87b3) sub     a5, s5, t4
core   0: 3 0x80009164 (0x41da87b3) x15 0x00000000
core   0: 0x80009168 (0x356a5717) auipc   a4, 0x356a5
core   0: 3 0x80009168 (0x356a5717) x14 0xb56ae168
core   0: 0x8000916c (0x000e0e63) beqz    t3, pc + 28
core   0: 3 0x8000916c (0x000e0e63)
core   0: 0x80009188 (0x01478663) beq     a5, s4, pc + 12
core   0: 3 0x80009188 (0x01478663)
core   0: 0x8000918c (0x00000013) nop
core   0: 3 0x8000918c (0x00000013)
core   0: 0x80009190 (0x0ff0000f) fence   iorw,iorw
core   0: 3 0x80009190 (0x0ff0000f)
core   0: 0x80009194 (0x047cd063) bge     s9, t2, pc + 64
core   0: 3 0x80009194 (0x047cd063)
core   0: 0x800091d4 (0x04c09263) bne     ra, a2, pc + 68
core   0: 3 0x800091d4 (0x04c09263)
core   0: 0x80009218 (0x00799e13) slli    t3, s3, 7
core   0: 3 0x80009218 (0x00799e13) x28 0x32764e00
core   0: 0x8000921c (0x03415a63) bge     sp, s4, pc + 52
core   0: 3 0x8000921c (0x03415a63)
core   0: 0x80009250 (0x054c6463) bltu    s8, s4, pc + 72
core   0: 3 0x80009250 (0x054c6463)
core   0: 0x80009254 (0x0184cc33) xor     s8, s1, s8
core   0: 3 0x80009254 (0x0184cc33) x24 0x630f2fff
core   0: 0x80009258 (0xb7c08293) addi    t0, ra, -1156
core   0: 3 0x80009258 (0xb7c08293) x 5 0xffd4300c
core   0: 0x8000925c (0x0b42d263) bge     t0, s4, pc + 164
core   0: 3 0x8000925c (0x0b42d263)
core   0: 0x80009300 (0x6287a513) slti    a0, a5, 1576
core   0: 3 0x80009300 (0x6287a513) x10 0x00000001
core   0: 0x80009304 (0x0000100f) fence.i
core   0: 3 0x80009304 (0x0000100f)
core   0: 0x80009308 (0x0021bdb3) sltu    s11, gp, sp
core   0: 3 0x80009308 (0x0021bdb3) x27 0x00000001
core   0: 0x8000930c (0x14402f93) slti    t6, zero, 324
core   0: 3 0x8000930c (0x14402f93) x31 0x00000001
core   0: 0x80009310 (0x9545ca97) auipc   s5, 0x9545c
core   0: 3 0x80009310 (0x9545ca97) x21 0x15465310
core   0: 0x80009314 (0x00fcacb3) slt     s9, s9, a5
core   0: 3 0x80009314 (0x00fcacb3) x25 0x00000000
core   0: 0x80009318 (0x00531eb3) sll     t4, t1, t0
core   0: 3 0x80009318 (0x00531eb3) x29 0x68721000
core   0: 0x8000931c (0xcebccf13) xori    t5, s9, -789
core   0: 3 0x8000931c (0xcebccf13) x30 0xfffffceb
core   0: 0x80009320 (0x0000100f) fence.i
core   0: 3 0x80009320 (0x0000100f)
core   0: 0x80009324 (0x01085333) srl     t1, a6, a6
core   0: 3 0x80009324 (0x01085333) x 6 0x00121b4c
core   0: 0x80009328 (0x4dc4f093) andi    ra, s1, 1244
core   0: 3 0x80009328 (0x4dc4f093) x 1 0x000004dc
core   0: 0x8000932c (0x00000013) nop
core   0: 3 0x8000932c (0x00000013)
core   0: 0x80009330 (0x014537b3) sltu    a5, a0, s4
core   0: 3 0x80009330 (0x014537b3) x15 0x00000001
core   0: 0x80009334 (0x01fc5f33) srl     t5, s8, t6
core   0: 3 0x80009334 (0x01fc5f33) x30 0x318797ff
core   0: 0x80009338 (0x01544133) xor     sp, s0, s5
core   0: 3 0x80009338 (0x01544133) x 2 0x15465310
core   0: 0x8000933c (0x010b1463) bne     s6, a6, pc + 8
core   0: 3 0x8000933c (0x010b1463)
core   0: 0x80009344 (0x01dd7633) and     a2, s10, t4
core   0: 3 0x80009344 (0x01dd7633) x12 0x00121000
core   0: 0x80009348 (0x0185b633) sltu    a2, a1, s8
core   0: 3 0x80009348 (0x0185b633) x12 0x00000001
core   0: 0x8000934c (0x01434463) blt     t1, s4, pc + 8
core   0: 3 0x8000934c (0x01434463)
core   0: 0x80009350 (0x010dc333) xor     t1, s11, a6
core   0: 3 0x80009350 (0x010dc333) x 6 0x90da678a
core   0: 0x80009354 (0x00ce3433) sltu    s0, t3, a2
core   0: 3 0x80009354 (0x00ce3433) x 8 0x00000000
core   0: 0x80009358 (0x007e8c33) add     s8, t4, t2
core   0: 3 0x80009358 (0x007e8c33) x24 0x68721000
core   0: 0x8000935c (0x00cc3a37) lui     s4, 0xcc3
core   0: 3 0x8000935c (0x00cc3a37) x20 0x00cc3000
core   0: 0x80009360 (0x019a1c13) slli    s8, s4, 25
core   0: 3 0x80009360 (0x019a1c13) x24 0x00000000
core   0: 0x80009364 (0x00741813) slli    a6, s0, 7
core   0: 3 0x80009364 (0x00741813) x16 0x00000000
core   0: 0x80009368 (0xe5a40193) addi    gp, s0, -422
core   0: 3 0x80009368 (0xe5a40193) x 3 0xfffffe5a
core   0: 0x8000936c (0xbaa52313) slti    t1, a0, -1110
core   0: 3 0x8000936c (0xbaa52313) x 6 0x00000000
core   0: 0x80009370 (0x0165eeb3) or      t4, a1, s6
core   0: 3 0x80009370 (0x0165eeb3) x29 0x80027e65
core   0: 0x80009374 (0x00377463) bgeu    a4, gp, pc + 8
core   0: 3 0x80009374 (0x00377463)
core   0: 0x80009378 (0x406e58b3) sra     a7, t3, t1
core   0: 3 0x80009378 (0x406e58b3) x17 0x32764e00
core   0: 0x8000937c (0x03b89063) bne     a7, s11, pc + 32
core   0: 3 0x8000937c (0x03b89063)
core   0: 0x8000939c (0x00384863) blt     a6, gp, pc + 16
core   0: 3 0x8000939c (0x00384863)
core   0: 0x800093a0 (0x682fc613) xori    a2, t6, 1666
core   0: 3 0x800093a0 (0x682fc613) x12 0x00000683
core   0: 0x800093a4 (0xe8b6c693) xori    a3, a3, -373
core   0: 3 0x800093a4 (0xe8b6c693) x13 0xfffffe8b
core   0: 0x800093a8 (0x404d0db3) sub     s11, s10, tp
core   0: 3 0x800093a8 (0x404d0db3) x27 0x801d431b
core   0: 0x800093ac (0x030b1263) bne     s6, a6, pc + 36
core   0: 3 0x800093ac (0x030b1263)
core   0: 0x800093d0 (0x00439663) bne     t2, tp, pc + 12
core   0: 3 0x800093d0 (0x00439663)
core   0: 0x800093dc (0x04507063) bgeu    zero, t0, pc + 64
core   0: 3 0x800093dc (0x04507063)
core   0: 0x800093e0 (0x000c6ab3) or      s5, s8, zero
core   0: 3 0x800093e0 (0x000c6ab3) x21 0x00000000
core   0: 0x800093e4 (0x01a851b3) srl     gp, a6, s10
core   0: 3 0x800093e4 (0x01a851b3) x 3 0x00000000
core   0: 0x800093e8 (0x01ed0a63) beq     s10, t5, pc + 20
core   0: 3 0x800093e8 (0x01ed0a63)
core   0: 0x800093ec (0x963b4597) auipc   a1, 0x963b4
core   0: 3 0x800093ec (0x963b4597) x11 0x163bd3ec
core   0: 0x800093f0 (0x41f7de13) srai    t3, a5, 31
core   0: 3 0x800093f0 (0x41f7de13) x28 0x00000000
core   0: 0x800093f4 (0x0f89a517) auipc   a0, 0xf89a
core   0: 3 0x800093f4 (0x0f89a517) x10 0x8f8a33f4
core   0: 0x800093f8 (0xec718c13) addi    s8, gp, -313
core   0: 3 0x800093f8 (0xec718c13) x24 0xfffffec7
core   0: 0x800093fc (0x006cce33) xor     t3, s9, t1
core   0: 3 0x800093fc (0x006cce33) x28 0x00000000
core   0: 0x80009400 (0x67873613) sltiu   a2, a4, 1656
core   0: 3 0x80009400 (0x67873613) x12 0x00000000
core   0: 0x80009404 (0x00000013) nop
core   0: 3 0x80009404 (0x00000013)
core   0: 0x80009408 (0xbdcb3bb7) lui     s7, 0xbdcb3
core   0: 3 0x80009408 (0xbdcb3bb7) x23 0xbdcb3000
core   0: 0x8000940c (0x0024ed13) ori     s10, s1, 2
core   0: 3 0x8000940c (0x0024ed13) x26 0xffffffff
core   0: 0x80009410 (0x01409333) sll     t1, ra, s4
core   0: 3 0x80009410 (0x01409333) x 6 0x000004dc
core   0: 0x80009414 (0x0d2e4c63) blt     t3, s2, pc + 216
core   0: 3 0x80009414 (0x0d2e4c63)
core   0: 0x800094ec (0x015b6e63) bltu    s6, s5, pc + 28
core   0: 3 0x800094ec (0x015b6e63)
core   0: 0x800094f0 (0x6be4e413) ori     s0, s1, 1726
core   0: 3 0x800094f0 (0x6be4e413) x 8 0xffffffff
core   0: 0x800094f4 (0x024b9663) bne     s7, tp, pc + 44
core   0: 3 0x800094f4 (0x024b9663)
core   0: 0x80009520 (0x5d58b913) sltiu   s2, a7, 1493
core   0: 3 0x80009520 (0x5d58b913) x18 0x00000000
core   0: 0x80009524 (0x406a04b3) sub     s1, s4, t1
core   0: 3 0x80009524 (0x406a04b3) x 9 0x00cc2b24
core   0: 0x80009528 (0x00000013) nop
core   0: 3 0x80009528 (0x00000013)
core   0: 0x8000952c (0x00496933) or      s2, s2, tp
core   0: 3 0x8000952c (0x00496933) x18 0x8002bce4
core   0: 0x80009530 (0x00afb433) sltu    s0, t6, a0
core   0: 3 0x80009530 (0x00afb433) x 8 0x00000001
core   0: 0x80009534 (0x00000013) nop
core   0: 3 0x80009534 (0x00000013)
core   0: 0x80009538 (0x014b5c33) srl     s8, s6, s4
core   0: 3 0x80009538 (0x014b5c33) x24 0x80027e64
core   0: 0x8000953c (0x063e9863) bne     t4, gp, pc + 112
core   0: 3 0x8000953c (0x063e9863)
core   0: 0x800095ac (0x3e710193) addi    gp, sp, 999
core   0: 3 0x800095ac (0x3e710193) x 3 0x154656f7
core   0: 0x800095b0 (0x00000013) nop
core   0: 3 0x800095b0 (0x00000013)
core   0: 0x800095b4 (0x0212c263) blt     t0, ra, pc + 36
core   0: 3 0x800095b4 (0x0212c263)
core   0: 0x800095d8 (0x0000100f) fence.i
core   0: 3 0x800095d8 (0x0000100f)
core   0: 0x800095dc (0xe91a6413) ori     s0, s4, -367
core   0: 3 0x800095dc (0xe91a6413) x 8 0xfffffe91
core   0: 0x800095e0 (0x01596db3) or      s11, s2, s5
core   0: 3 0x800095e0 (0x01596db3) x27 0x8002bce4
core   0: 0x800095e4 (0x015b6e63) bltu    s6, s5, pc + 28
core   0: 3 0x800095e4 (0x015b6e63)
core   0: 0x800095e8 (0x40335893) srai    a7, t1, 3
core   0: 3 0x800095e8 (0x40335893) x17 0x0000009b
core   0: 0x800095ec (0x00891713) slli    a4, s2, 8
core   0: 3 0x800095ec (0x00891713) x14 0x02bce400
core   0: 0x800095f0 (0x414cde13) srai    t3, s9, 20
core   0: 3 0x800095f0 (0x414cde13) x28 0x00000000
core   0: 0x800095f4 (0x010880b3) add     ra, a7, a6
core   0: 3 0x800095f4 (0x010880b3) x 1 0x0000009b
core   0: 0x800095f8 (0x01f19113) slli    sp, gp, 31
core   0: 3 0x800095f8 (0x01f19113) x 2 0x80000000
core   0: 0x800095fc (0x789c7193) andi    gp, s8, 1929
core   0: 3 0x800095fc (0x789c7193) x 3 0x00000600
core   0: 0x80009600 (0x117ef463) bgeu    t4, s7, pc + 264
core   0: 3 0x80009600 (0x117ef463)
core   0: 0x80009604 (0x777a6c93) ori     s9, s4, 1911
core   0: 3 0x80009604 (0x777a6c93) x25 0x00cc3777
core   0: 0x80009608 (0x00cfe533) or      a0, t6, a2
core   0: 3 0x80009608 (0x00cfe533) x10 0x00000001
core   0: 0x8000960c (0x01c16db3) or      s11, sp, t3
core   0: 3 0x8000960c (0x01c16db3) x27 0x80000000
core   0: 0x80009610 (0x008772b3) and     t0, a4, s0
core   0: 3 0x80009610 (0x008772b3) x 5 0x02bce400
core   0: 0x80009614 (0x00000013) nop
core   0: 3 0x80009614 (0x00000013)
core   0: 0x80009618 (0x00ff40b3) xor     ra, t5, a5
core   0: 3 0x80009618 (0x00ff40b3) x 1 0x318797fe
core   0: 0x8000961c (0x0000100f) fence.i
core   0: 3 0x8000961c (0x0000100f)
core   0: 0x80009620 (0x9ba44793) xori    a5, s0, -1606
core   0: 3 0x80009620 (0x9ba44793) x15 0x0000072b
core   0: 0x80009624 (0x11709463) bne     ra, s7, pc + 264
core   0: 3 0x80009624 (0x11709463)
core   0: 0x8000972c (0x0062e133) or      sp, t0, t1
core   0: 3 0x8000972c (0x0062e133) x 2 0x02bce4dc
core   0: 0x80009730 (0x73a77d97) auipc   s11, 0x73a77
core   0: 3 0x80009730 (0x73a77d97) x27 0xf3a80730
core   0: 0x80009734 (0x01005093) srli    ra, zero, 16
core   0: 3 0x80009734 (0x01005093) x 1 0x00000000
core   0: 0x80009738 (0x002ec533) xor     a0, t4, sp
core   0: 3 0x80009738 (0x002ec533) x10 0x82be9ab9
core   0: 0x8000973c (0x00ad9633) sll     a2, s11, a0
core   0: 3 0x8000973c (0x00ad9633) x12 0x60000000
core   0: 0x80009740 (0x009163b3) or      t2, sp, s1
core   0: 3 0x80009740 (0x009163b3) x 7 0x02fceffc
core   0: 0x80009744 (0x00d5e433) or      s0, a1, a3
core   0: 3 0x80009744 (0x00d5e433) x 8 0xffffffef
core   0: 0x80009748 (0x409001b3) sub     gp, zero, s1
core   0: 3 0x80009748 (0x409001b3) x 3 0xff33d4dc
core   0: 0x8000974c (0x00d72333) slt     t1, a4, a3
core   0: 3 0x8000974c (0x00d72333) x 6 0x00000000
core   0: 0x80009750 (0x01410c33) add     s8, sp, s4
core   0: 3 0x80009750 (0x01410c33) x24 0x038914dc
core   0: 0x80009754 (0x41565db3) sra     s11, a2, s5
core   0: 3 0x80009754 (0x41565db3) x27 0x60000000
core   0: 0x80009758 (0x00091e13) slli    t3, s2, 0
core   0: 3 0x80009758 (0x00091e13) x28 0x8002bce4
core   0: 0x8000975c (0x0ff0000f) fence   iorw,iorw
core   0: 3 0x8000975c (0x0ff0000f)
core   0: 0x80009760 (0x0648b493) sltiu   s1, a7, 100
core   0: 3 0x80009760 (0x0648b493) x 9 0x00000000
core   0: 0x80009764 (0x00557863) bgeu    a0, t0, pc + 16
core   0: 3 0x80009764 (0x00557863)
core   0: 0x80009774 (0x3b8ca593) slti    a1, s9, 952
core   0: 3 0x80009774 (0x3b8ca593) x11 0x00000000
core   0: 0x80009778 (0x0100c463) blt     ra, a6, pc + 8
core   0: 3 0x80009778 (0x0100c463)
core   0: 0x8000977c (0x00000013) nop
core   0: 3 0x8000977c (0x00000013)
core   0: 0x80009780 (0x04635663) bge     t1, t1, pc + 76
core   0: 3 0x80009780 (0x04635663)
core   0: 0x800097cc (0x0ff0000f) fence   iorw,iorw
core   0: 3 0x800097cc (0x0ff0000f)
core   0: 0x800097d0 (0x014ca6b3) slt     a3, s9, s4
core   0: 3 0x800097d0 (0x014ca6b3) x13 0x00000000
core   0: 0x800097d4 (0x0000100f) fence.i
core   0: 3 0x800097d4 (0x0000100f)
core   0: 0x800097d8 (0x0569f663) bgeu    s3, s6, pc + 76
core   0: 3 0x800097d8 (0x0569f663)
core   0: 0x80009824 (0x011fd113) srli    sp, t6, 17
core   0: 3 0x80009824 (0x011fd113) x 2 0x00000000
core   0: 0x80009828 (0xb2d5f613) andi    a2, a1, -1235
core   0: 3 0x80009828 (0xb2d5f613) x12 0x00000000
core   0: 0x8000982c (0x04add463) bge     s11, a0, pc + 72
core   0: 3 0x8000982c (0x04add463)
core   0: 0x80009874 (0x40f15093) srai    ra, sp, 15
core   0: 3 0x80009874 (0x40f15093) x 1 0x00000000
core   0: 0x80009878 (0x0922ce63) blt     t0, s2, pc + 156
core   0: 3 0x80009878 (0x0922ce63)
core   0: 0x8000987c (0x4dfb6113) ori     sp, s6, 1247
core   0: 3 0x8000987c (0x4dfb6113) x 2 0x80027eff
core   0: 0x80009880 (0xf4fde813) ori     a6, s11, -177
core   0: 3 0x80009880 (0xf4fde813) x16 0xffffff4f
core   0: 0x80009884 (0x00a0ea33) or      s4, ra, a0
core   0: 3 0x80009884 (0x00a0ea33) x20 0x82be9ab9
core   0: 0x80009888 (0xbbe46893) ori     a7, s0, -1090
core   0: 3 0x80009888 (0xbbe46893) x17 0xffffffff
core   0: 0x8000988c (0xbe4c8413) addi    s0, s9, -1052
core   0: 3 0x8000988c (0xbe4c8413) x 8 0x00cc335b
core   0: 0x80009890 (0x08d47063) bgeu    s0, a3, pc + 128
core   0: 3 0x80009890 (0x08d47063)
core   0: 0x80009910 (0x013f7db3) and     s11, t5, s3
core   0: 3 0x80009910 (0x013f7db3) x27 0x3004849c
core   0: 0x80009914 (0x009a4e33) xor     t3, s4, s1
core   0: 3 0x80009914 (0x009a4e33) x28 0x82be9ab9
core   0: 0x80009918 (0x005b9c93) slli    s9, s7, 5
core   0: 3 0x80009918 (0x005b9c93) x25 0xb9660000
core   0: 0x8000991c (0x01d79813) slli    a6, a5, 29
core   0: 3 0x8000991c (0x01d79813) x16 0x60000000
core   0: 0x80009920 (0x017a8333) add     t1, s5, s7
core   0: 3 0x80009920 (0x017a8333) x 6 0xbdcb3000
core   0: 0x80009924 (0x007628b3) slt     a7, a2, t2
core   0: 3 0x80009924 (0x007628b3) x17 0x00000001
core   0: 0x80009928 (0x0ff0000f) fence   iorw,iorw
core   0: 3 0x80009928 (0x0ff0000f)
core   0: 0x8000992c (0x4befe513) ori     a0, t6, 1214
core   0: 3 0x8000992c (0x4befe513) x10 0x000004bf
core   0: 0x80009930 (0x25c08613) addi    a2, ra, 604
core   0: 3 0x80009930 (0x25c08613) x12 0x0000025c
core   0: 0x80009934 (0xfb61f113) andi    sp, gp, -74
core   0: 3 0x80009934 (0xfb61f113) x 2 0xff33d494
core   0: 0x80009938 (0x0026fa33) and     s4, a3, sp
core   0: 3 0x80009938 (0x0026fa33) x20 0x00000000
core   0: 0x8000993c (0x010bce63) blt     s7, a6, pc + 28
core   0: 3 0x8000993c (0x010bce63)
core   0: 0x80009958 (0x4057f193) andi    gp, a5, 1029
core   0: 3 0x80009958 (0x4057f193) x 3 0x00000401
core   0: 0x8000995c (0x0ff0000f) fence   iorw,iorw
core   0: 3 0x8000995c (0x0ff0000f)
core   0: 0x80009960 (0x011987b3) add     a5, s3, a7
core   0: 3 0x80009960 (0x011987b3) x15 0xfe64ec9d
core   0: 0x80009964 (0x60702093) slti    ra, zero, 1543
core   0: 3 0x80009964 (0x60702093) x 1 0x00000001
core   0: 0x80009968 (0x0000100f) fence.i
core   0: 3 0x80009968 (0x0000100f)
core   0: 0x8000996c (0x009ec463) blt     t4, s1, pc + 8
core   0: 3 0x8000996c (0x009ec463)
core   0: 0x80009974 (0xb690ca93) xori    s5, ra, -1175
core   0: 3 0x80009974 (0xb690ca93) x21 0xfffffb68
core   0: 0x80009978 (0x41b05113) srai    sp, zero, 27
core   0: 3 0x80009978 (0x41b05113) x 2 0x00000000
core   0: 0x8000997c (0x0f499863) bne     s3, s4, pc + 240
core   0: 3 0x8000997c (0x0f499863)
core   0: 0x80009a6c (0x015c5bb3) srl     s7, s8, s5
core   0: 3 0x80009a6c (0x015c5bb3) x23 0x00038914
core   0: 0x80009a70 (0x59400f93) li      t6, 1428
core   0: 3 0x80009a70 (0x59400f93) x31 0x00000594
core   0: 0x80009a74 (0x01507f33) and     t5, zero, s5
core   0: 3 0x80009a74 (0x01507f33) x30 0x00000000
core   0: 0x80009a78 (0x5e1f4f13) xori    t5, t5, 1505
core   0: 3 0x80009a78 (0x5e1f4f13) x30 0x000005e1
core   0: 0x80009a7c (0x419c0fb3) sub     t6, s8, s9
core   0: 3 0x80009a7c (0x419c0fb3) x31 0x4a2314dc
core   0: 0x80009a80 (0x00000013) nop
core   0: 3 0x80009a80 (0x00000013)
core   0: 0x80009a84 (0x006cd433) srl     s0, s9, t1
core   0: 3 0x80009a84 (0x006cd433) x 8 0xb9660000
core   0: 0x80009a88 (0x0526d863) bge     a3, s2, pc + 80
core   0: 3 0x80009a88 (0x0526d863)
core   0: 0x80009ad8 (0x01c9f933) and     s2, s3, t3
core   0: 3 0x80009ad8 (0x01c9f933) x18 0x82248898
core   0: 0x80009adc (0x0125d333) srl     t1, a1, s2
core   0: 3 0x80009adc (0x0125d333) x 6 0x00000000
core   0: 0x80009ae0 (0x41428e33) sub     t3, t0, s4
core   0: 3 0x80009ae0 (0x41428e33) x28 0x02bce400
core   0: 0x80009ae4 (0x01fbe7b3) or      a5, s7, t6
core   0: 3 0x80009ae4 (0x01fbe7b3) x15 0x4a239ddc
core   0: 0x80009ae8 (0x015557b3) srl     a5, a0, s5
core   0: 3 0x80009ae8 (0x015557b3) x15 0x00000004
core   0: 0x80009aec (0xb5483593) sltiu   a1, a6, -1196
core   0: 3 0x80009aec (0xb5483593) x11 0x00000001
core   0: 0x80009af0 (0x3df51ab7) lui     s5, 0x3df51
core   0: 3 0x80009af0 (0x3df51ab7) x21 0x3df51000
core   0: 0x80009af4 (0x40150e33) sub     t3, a0, ra
core   0: 3 0x80009af4 (0x40150e33) x28 0x000004be
core   0: 0x80009af8 (0x0ff0000f) fence   iorw,iorw
core   0: 3 0x80009af8 (0x0ff0000f)
core   0: 0x80009afc (0xc1fa6a13) ori     s4, s4, -993
core   0: 3 0x80009afc (0xc1fa6a13) x20 0xfffffc1f
core   0: 0x80009b00 (0x7d306b93) ori     s7, zero, 2003
core   0: 3 0x80009b00 (0x7d306b93) x23 0x000007d3
core   0: 0x80009b04 (0xcec8fa13) andi    s4, a7, -788
core   0: 3 0x80009b04 (0xcec8fa13) x20 0x00000000
core   0: 0x80009b08 (0x417d5193) srai    gp, s10, 23
core   0: 3 0x80009b08 (0x417d5193) x 3 0xffffffff
core   0: 0x80009b0c (0x00000013) nop
core   0: 3 0x80009b0c (0x00000013)
core   0: 0x80009b10 (0x00eebeb3) sltu    t4, t4, a4
core   0: 3 0x80009b10 (0x00eebeb3) x29 0x00000000
core   0: 0x80009b14 (0x018f02b3) add     t0, t5, s8
core   0: 3 0x80009b14 (0x018f02b3) x 5 0x03891abd
core   0: 0x80009b18 (0x419e0633) sub     a2, t3, s9
core   0: 3 0x80009b18 (0x419e0633) x12 0x469a04be
core   0: 0x80009b1c (0x06efa313) slti    t1, t6, 110
core   0: 3 0x80009b1c (0x06efa313) x 6 0x00000000
core   0: 0x80009b20 (0x02ea1a63) bne     s4, a4, pc + 52
core   0: 3 0x80009b20 (0x02ea1a63)
core   0: 0x80009b54 (0x0ff0000f) fence   iorw,iorw
core   0: 3 0x80009b54 (0x0ff0000f)
core   0: 0x80009b58 (0x05c98663) beq     s3, t3, pc + 76
core   0: 3 0x80009b58 (0x05c98663)
core   0: 0x80009b5c (0xa1986517) auipc   a0, 0xa1986
core   0: 3 0x80009b5c (0xa1986517) x10 0x2198fb5c
core   0: 0x80009b60 (0x000ac533) xor     a0, s5, zero
core   0: 3 0x80009b60 (0x000ac533) x10 0x3df51000
core   0: 0x80009b64 (0x01d57bb3) and     s7, a0, t4
core   0: 3 0x80009b64 (0x01d57bb3) x23 0x00000000
core   0: 0x80009b68 (0xff1ec593) xori    a1, t4, -15
core   0: 3 0x80009b68 (0xff1ec593) x11 0xfffffff1
core   0: 0x80009b6c (0x053e0463) beq     t3, s3, pc + 72
core   0: 3 0x80009b6c (0x053e0463)
core   0: 0x80009b70 (0x05fa4663) blt     s4, t6, pc + 76
core   0: 3 0x80009b70 (0x05fa4663)
core   0: 0x80009bbc (0x00e46c33) or      s8, s0, a4
core   0: 3 0x80009bbc (0x00e46c33) x24 0xbbfee400
core   0: 0x80009bc0 (0x0000100f) fence.i
core   0: 3 0x80009bc0 (0x0000100f)
core   0: 0x80009bc4 (0x0000100f) fence.i
core   0: 3 0x80009bc4 (0x0000100f)
core   0: 0x80009bc8 (0xde54be93) sltiu   t4, s1, -539
core   0: 3 0x80009bc8 (0xde54be93) x29 0x00000001
core   0: 0x80009bcc (0xddb0e913) ori     s2, ra, -549
core   0: 3 0x80009bcc (0xddb0e913) x18 0xfffffddb
core   0: 0x80009bd0 (0x01a31393) slli    t2, t1, 26
core   0: 3 0x80009bd0 (0x01a31393) x 7 0x00000000
core   0: 0x80009bd4 (0x009ccbb3) xor     s7, s9, s1
core   0: 3 0x80009bd4 (0x009ccbb3) x23 0xb9660000
core   0: 0x80009bd8 (0x37554a17) auipc   s4, 0x37554
core   0: 3 0x80009bd8 (0x37554a17) x20 0xb755dbd8
core   0: 0x80009bdc (0xbf0fba13) sltiu   s4, t6, -1040
core   0: 3 0x80009bdc (0xbf0fba13) x20 0x00000001
core   0: 0x80009be0 (0x00911713) slli    a4, sp, 9
core   0: 3 0x80009be0 (0x00911713) x14 0x00000000
core   0: 0x80009be4 (0x01739493) slli    s1, t2, 23
core   0: 3 0x80009be4 (0x01739493) x 9 0x00000000
core   0: 0x80009be8 (0xfbd1b513) sltiu   a0, gp, -67
core   0: 3 0x80009be8 (0xfbd1b513) x10 0x00000000
core   0: 0x80009bec (0x00b24bb3) xor     s7, tp, a1
core   0: 3 0x80009bec (0x00b24bb3) x23 0x7ffd4315
core   0: 0x80009bf0 (0x55b9e613) ori     a2, s3, 1371
core   0: 3 0x80009bf0 (0x55b9e613) x12 0xfe64eddf
core   0: 0x80009bf4 (0x03b64263) blt     a2, s11, pc + 36
core   0: 3 0x80009bf4 (0x03b64263)
core   0: 0x80009c18 (0x0053d7b3) srl     a5, t2, t0
core   0: 3 0x80009c18 (0x0053d7b3) x15 0x00000000
core   0: 0x80009c1c (0x00000013) nop
core   0: 3 0x80009c1c (0x00000013)
core   0: 0x80009c20 (0x00b7aa33) slt     s4, a5, a1
core   0: 3 0x80009c20 (0x00b7aa33) x20 0x00000000
core   0: 0x80009c24 (0x014b1113) slli    sp, s6, 20
core   0: 3 0x80009c24 (0x014b1113) x 2 0xe6400000
core   0: 0x80009c28 (0x00dcdab3) srl     s5, s9, a3
core   0: 3 0x80009c28 (0x00dcdab3) x21 0xb9660000
core   0: 0x80009c2c (0x04d21063) bne     tp, a3, pc + 64
core   0: 3 0x80009c2c (0x04d21063)
core   0: 0x80009c6c (0x0202e263) bltu    t0, zero, pc + 36
core   0: 3 0x80009c6c (0x0202e263)
core   0: 0x80009c70 (0x00662433) slt     s0, a2, t1
core   0: 3 0x80009c70 (0x00662433) x 8 0x00000001
core   0: 0x80009c74 (0x01d673b3) and     t2, a2, t4
core   0: 3 0x80009c74 (0x01d673b3) x 7 0x00000001
core   0: 0x80009c78 (0x00399f33) sll     t5, s3, gp
core   0: 3 0x80009c78 (0x00399f33) x30 0x00000000
core   0: 0x80009c7c (0x411c81b3) sub     gp, s9, a7
core   0: 3 0x80009c7c (0x411c81b3) x 3 0xb965ffff
core   0: 0x80009c80 (0x01f6bc33) sltu    s8, a3, t6
core   0: 3 0x80009c80 (0x01f6bc33) x24 0x00000001
core   0: 0x80009c84 (0x0176fe33) and     t3, a3, s7
core   0: 3 0x80009c84 (0x0176fe33) x28 0x00000000
core   0: 0x80009c88 (0x05ec7263) bgeu    s8, t5, pc + 68
core   0: 3 0x80009c88 (0x05ec7263)
core   0: 0x80009ccc (0x011fda33) srl     s4, t6, a7
core   0: 3 0x80009ccc (0x011fda33) x20 0x25118a6e
core   0: 0x80009cd0 (0x0162bf33) sltu    t5, t0, s6
core   0: 3 0x80009cd0 (0x0162bf33) x30 0x00000001
core   0: 0x80009cd4 (0x00f09433) sll     s0, ra, a5
core   0: 3 0x80009cd4 (0x00f09433) x 8 0x00000001
core   0: 0x80009cd8 (0xf081fd93) andi    s11, gp, -248
core   0: 3 0x80009cd8 (0xf081fd93) x27 0xb965ff08
core   0: 0x80009cdc (0x00000013) nop
core   0: 3 0x80009cdc (0x00000013)
core   0: 0x80009ce0 (0x00b97333) and     t1, s2, a1
core   0: 3 0x80009ce0 (0x00b97333) x 6 0xfffffdd1
core   0: 0x80009ce4 (0x0ff0000f) fence   iorw,iorw
core   0: 3 0x80009ce4 (0x0ff0000f)
core   0: 0x80009ce8 (0x266ab293) sltiu   t0, s5, 614
core   0: 3 0x80009ce8 (0x266ab293) x 5 0x00000000
core   0: 0x80009cec (0x01d5a7b3) slt     a5, a1, t4
core   0: 3 0x80009cec (0x01d5a7b3) x15 0x00000001
core   0: 0x80009cf0 (0x197c0863) beq     s8, s7, pc + 400
core   0: 3 0x80009cf0 (0x197c0863)
core   0: 0x80009cf4 (0x014904b3) add     s1, s2, s4
core   0: 3 0x80009cf4 (0x014904b3) x 9 0x25118849
core   0: 0x80009cf8 (0x00009c97) auipc   s9, 0x9
core   0: 3 0x80009cf8 (0x00009c97) x25 0x80012cf8
core   0: 0x80009cfc (0x111c8c93) addi    s9, s9, 273
core   0: 3 0x80009cfc (0x111c8c93) x25 0x80012e09
core   0: 0x80009d00 (0x00009a97) auipc   s5, 0x9
core   0: 3 0x80009d00 (0x00009a97) x21 0x80012d00
core   0: 0x80009d04 (0x85fa8a93) addi    s5, s5, -1953
core   0: 3 0x80009d04 (0x85fa8a93) x21 0x8001255f
core   0: 0x80009d08 (0x00009297) auipc   t0, 0x9
core   0: 3 0x80009d08 (0x00009297) x 5 0x80012d08
core   0: 0x80009d0c (0xbda28293) addi    t0, t0, -1062
core   0: 3 0x80009d0c (0xbda28293) x 5 0x800128e2
core   0: 0x80009d10 (0x00f28403) lb      s0, 15(t0)
core   0: 3 0x80009d10 (0x00f28403) x 8 0xffffffaa mem 0x800128f1
core   0: 0x80009d14 (0x00009117) auipc   sp, 0x9
core   0: 3 0x80009d14 (0x00009117) x 2 0x80012d14
core   0: 0x80009d18 (0xb1e10113) addi    sp, sp, -1250
core   0: 3 0x80009d18 (0xb1e10113) x 2 0x80012832
core   0: 0x80009d1c (0x035c80a3) sb      s5, 33(s9)
core   0: 3 0x80009d1c (0x035c80a3) mem 0x80012e2a 0x5f
core   0: 0x80009d20 (0x00009817) auipc   a6, 0x9
core   0: 3 0x80009d20 (0x00009817) x16 0x80012d20
core   0: 0x80009d24 (0xc8380813) addi    a6, a6, -893
core   0: 3 0x80009d24 (0xc8380813) x16 0x800129a3
core   0: 0x80009d28 (0x08ba9403) lh      s0, 139(s5)
core   0: 3 0x80009d28 (0x08ba9403) x 8 0xffffa0a1 mem 0x800125ea
core   0: 0x80009d2c (0xfcd80f23) sb      a3, -34(a6)
core   0: 3 0x80009d2c (0xfcd80f23) mem 0x80012981 0x0
core   0: 0x80009d30 (0xf08a8b83) lb      s7, -248(s5)
core   0: 3 0x80009d30 (0xf08a8b83) x23 0x0000001c mem 0x80012467
core   0: 0x80009d34 (0xfd680da3) sb      s6, -37(a6)
core   0: 3 0x80009d34 (0xfd680da3) mem 0x8001297e 0x64
core   0: 0x80009d38 (0x00c2d883) lhu     a7, 12(t0)
core   0: 3 0x80009d38 (0x00c2d883) x17 0x00000000 mem 0x800128ee
core   0: 0x80009d3c (0xfecac483) lbu     s1, -20(s5)
core   0: 3 0x80009d3c (0xfecac483) x 9 0x00000000 mem 0x8001254b
core   0: 0x80009d40 (0x3db100a3) sb      s11, 961(sp)
core   0: 3 0x80009d40 (0x3db100a3) mem 0x80012bf3 0x8
core   0: 0x80009d44 (0xd1e109a3) sb      t5, -749(sp)
core   0: 3 0x80009d44 (0xd1e109a3) mem 0x80012545 0x1
core   0: 0x80009d48 (0xffba9aa3) sh      s11, -11(s5)
core   0: 3 0x80009d48 (0xffba9aa3) mem 0x80012554 0xff08
core   0: 0x80009d4c (0x02a809a3) sb      a0, 51(a6)
core   0: 3 0x80009d4c (0x02a809a3) mem 0x800129d6 0x0
core   0: 0x80009d50 (0xf77a89a3) sb      s7, -141(s5)
core   0: 3 0x80009d50 (0xf77a89a3) mem 0x800124d2 0x1c
core   0: 0x80009d54 (0x00128e83) lb      t4, 1(t0)
core   0: 3 0x80009d54 (0x00128e83) x29 0xffffff9e mem 0x800128e3
core   0: 0x80009d58 (0xfe484e03) lbu     t3, -28(a6)
core   0: 3 0x80009d58 (0xfe484e03) x28 0x000000a9 mem 0x80012987
core   0: 0x80009d5c (0xbdb11323) sh      s11, -1082(sp)
core   0: 3 0x80009d5c (0xbdb11323) mem 0x800123f8 0xff08
core   0: 0x80009d60 (0xfff2ca03) lbu     s4, -1(t0)
core   0: 3 0x80009d60 (0xfff2ca03) x20 0x0000009a mem 0x800128e1
core   0: 0x80009d64 (0xfcda8e23) sb      a3, -36(s5)
core   0: 3 0x80009d64 (0xfcda8e23) mem 0x8001253b 0x0
core   0: 0x80009d68 (0x2e114403) lbu     s0, 737(sp)
core   0: 3 0x80009d68 (0x2e114403) x 8 0x000000c8 mem 0x80012b13
core   0: 0x80009d6c (0x015c8c03) lb      s8, 21(s9)
core   0: 3 0x80009d6c (0x015c8c03) x24 0xffffffd5 mem 0x80012e1e
core   0: 0x80009d70 (0x01b80003) lb      zero, 27(a6)
core   0: 3 0x80009d70 (0x01b80003) mem 0x800129be
core   0: 0x80009d74 (0x005c9a03) lh      s4, 5(s9)
core   0: 3 0x80009d74 (0x005c9a03) x20 0xffffc4c5 mem 0x80012e0e
core   0: 0x80009d78 (0x00328a03) lb      s4, 3(t0)
core   0: 3 0x80009d78 (0x00328a03) x20 0x00000000 mem 0x800128e5
core   0: 0x80009d7c (0x0b410da3) sb      s4, 187(sp)
core   0: 3 0x80009d7c (0x0b410da3) mem 0x800128ed 0x0
core   0: 0x80009d80 (0xff12c683) lbu     a3, -15(t0)
core   0: 3 0x80009d80 (0xff12c683) x13 0x00000088 mem 0x800128d3
core   0: 0x80009d84 (0x00c2c483) lbu     s1, 12(t0)
core   0: 3 0x80009d84 (0x00c2c483) x 9 0x00000000 mem 0x800128ee
core   0: 0x80009d88 (0xfe385303) lhu     t1, -29(a6)
core   0: 3 0x80009d88 (0xfe385303) x 6 0x0000a94b mem 0x80012986
core   0: 0x80009d8c (0xfdd81703) lh      a4, -35(a6)
core   0: 3 0x80009d8c (0xfdd81703) x14 0x0000003b mem 0x80012980
core   0: 0x80009d90 (0xfc6c8883) lb      a7, -58(s9)
core   0: 3 0x80009d90 (0xfc6c8883) x17 0xffffff84 mem 0x80012dcf
core   0: 0x80009d94 (0x0022c783) lbu     a5, 2(t0)
core   0: 3 0x80009d94 (0x0022c783) x15 0x0000009f mem 0x800128e4
core   0: 0x80009d98 (0x00880f03) lb      t5, 8(a6)
core   0: 3 0x80009d98 (0x00880f03) x30 0x00000060 mem 0x800129ab
core   0: 0x80009d9c (0xb4310aa3) sb      gp, -1195(sp)
core   0: 3 0x80009d9c (0xb4310aa3) mem 0x80012387 0xff
core   0: 0x80009da0 (0xff228b23) sb      s2, -10(t0)
core   0: 3 0x80009da0 (0xff228b23) mem 0x800128d8 0xdb
core   0: 0x80009da4 (0xa7d10ba3) sb      t4, -1417(sp)
core   0: 3 0x80009da4 (0xa7d10ba3) mem 0x800122a9 0x9e
core   0: 0x80009da8 (0x13811d03) lh      s10, 312(sp)
core   0: 3 0x80009da8 (0x13811d03) x26 0x00002021 mem 0x8001296a
core   0: 0x80009dac (0xad914883) lbu     a7, -1319(sp)
core   0: 3 0x80009dac (0xad914883) x17 0x00000000 mem 0x8001230b
core   0: 0x80009db0 (0xfd7c9ca3) sh      s7, -39(s9)
core   0: 3 0x80009db0 (0xfd7c9ca3) mem 0x80012de2 0x001c
core   0: 0x80009db4 (0x00584b83) lbu     s7, 5(a6)
core   0: 3 0x80009db4 (0x00584b83) x23 0x00000063 mem 0x800129a8
core   0: 0x80009db8 (0x066a8a03) lb      s4, 102(s5)
core   0: 3 0x80009db8 (0x066a8a03) x20 0x0000007e mem 0x800125c5
core   0: 0x80009dbc (0x02680583) lb      a1, 38(a6)
core   0: 3 0x80009dbc (0x02680583) x11 0xffffff82 mem 0x800129c9
core   0: 0x80009dc0 (0x1419b693) sltiu   a3, s3, 321
core   0: 3 0x80009dc0 (0x1419b693) x13 0x00000000
core   0: 0x80009dc4 (0x00000013) nop
core   0: 3 0x80009dc4 (0x00000013)
core   0: 0x80009dc8 (0x00b2d7b3) srl     a5, t0, a1
core   0: 3 0x80009dc8 (0x00b2d7b3) x15 0x20004a38
core   0: 0x80009dcc (0x0d13c663) blt     t2, a7, pc + 204
core   0: 3 0x80009dcc (0x0d13c663)
core   0: 0x80009dd0 (0x40bdd3b3) sra     t2, s11, a1
core   0: 3 0x80009dd0 (0x40bdd3b3) x 7 0xee597fc2
core   0: 0x80009dd4 (0xfff00593) li      a1, -1
core   0: 3 0x80009dd4 (0xfff00593) x11 0xffffffff
core   0: 0x80009dd8 (0x017dcbb3) xor     s7, s11, s7
core   0: 3 0x80009dd8 (0x017dcbb3) x23 0xb965ff6b
core   0: 0x80009ddc (0xf0e58b93) addi    s7, a1, -242
core   0: 3 0x80009ddc (0xf0e58b93) x23 0xffffff0d
core   0: 0x80009de0 (0x00600493) li      s1, 6
core   0: 3 0x80009de0 (0x00600493) x 9 0x00000006
core   0: 0x80009de4 (0x015d1f13) slli    t5, s10, 21
core   0: 3 0x80009de4 (0x015d1f13) x30 0x04200000
core   0: 0x80009de8 (0x00412433) slt     s0, sp, tp
core   0: 3 0x80009de8 (0x00412433) x 8 0x00000001
core   0: 0x80009dec (0xf30a6017) auipc   zero, 0xf30a6
core   0: 3 0x80009dec (0xf30a6017)
core   0: 0x80009df0 (0x00258593) addi    a1, a1, 2
core   0: 3 0x80009df0 (0x00258593) x11 0x00000001
core   0: 0x80009df4 (0x00688933) add     s2, a7, t1
core   0: 3 0x80009df4 (0x00688933) x18 0x0000a94b
core   0: 0x80009df8 (0x004c16b3) sll     a3, s8, tp
core   0: 3 0x80009df8 (0x004c16b3) x13 0xfffffd50
core   0: 0x80009dfc (0x00ef6833) or      a6, t5, a4
core   0: 3 0x80009dfc (0x00ef6833) x16 0x0420003b
core   0: 0x80009e00 (0x24faed13) ori     s10, s5, 591
core   0: 3 0x80009e00 (0x24faed13) x26 0x8001275f
core   0: 0x80009e04 (0x4c9f8d93) addi    s11, t6, 1225
core   0: 3 0x80009e04 (0x4c9f8d93) x27 0x4a2319a5
core   0: 0x80009e08 (0x01893933) sltu    s2, s2, s8
core   0: 3 0x80009e08 (0x01893933) x18 0x00000001
core   0: 0x80009e0c (0x68fef417) auipc   s0, 0x68fef
core   0: 3 0x80009e0c (0x68fef417) x 8 0xe8ff8e0c
core   0: 0x80009e10 (0x009a5413) srli    s0, s4, 9
core   0: 3 0x80009e10 (0x009a5413) x 8 0x00000000
core   0: 0x80009e14 (0x00500513) li      a0, 5
core   0: 3 0x80009e14 (0x00500513) x10 0x00000005
core   0: 0x80009e18 (0x00b00f93) li      t6, 11
core   0: 3 0x80009e18 (0x00b00f93) x31 0x0000000b
core   0: 0x80009e1c (0x010f8d33) add     s10, t6, a6
core   0: 3 0x80009e1c (0x010f8d33) x26 0x04200046
core   0: 0x80009e20 (0x00c982b3) add     t0, s3, a2
core   0: 3 0x80009e20 (0x00c982b3) x 5 0xfcc9da7b
core   0: 0x80009e24 (0xe2764113) xori    sp, a2, -473
core   0: 3 0x80009e24 (0xe2764113) x 2 0x019b13f8
core   0: 0x80009e28 (0x0068dbb3) srl     s7, a7, t1
core   0: 3 0x80009e28 (0x0068dbb3) x23 0x00000000
core   0: 0x80009e2c (0x00f586b3) add     a3, a1, a5
core   0: 3 0x80009e2c (0x00f586b3) x13 0x20004a39
core   0: 0x80009e30 (0xe2234393) xori    t2, t1, -478
core   0: 3 0x80009e30 (0xe2234393) x 7 0xffff5769
core   0: 0x80009e34 (0x007cb133) sltu    sp, s9, t2
core   0: 3 0x80009e34 (0x007cb133) x 2 0x00000001
core   0: 0x80009e38 (0x00950513) addi    a0, a0, 9
core   0: 3 0x80009e38 (0x00950513) x10 0x0000000e
core   0: 0x80009e3c (0x3a5451b7) lui     gp, 0x3a545
core   0: 3 0x80009e3c (0x3a5451b7) x 3 0x3a545000
core   0: 0x80009e40 (0x00ef1cb3) sll     s9, t5, a4
core   0: 3 0x80009e40 (0x00ef1cb3) x25 0x00000000
core   0: 0x80009e44 (0x0001e0b3) or      ra, gp, zero
core   0: 3 0x80009e44 (0x0001e0b3) x 1 0x3a545000
core   0: 0x80009e48 (0xfdf56ee3) bltu    a0, t6, pc - 36
core   0: 3 0x80009e48 (0xfdf56ee3)
core   0: 0x80009e4c (0xfa95c0e3) blt     a1, s1, pc - 96
core   0: 3 0x80009e4c (0xfa95c0e3)
core   0: 0x80009dec (0xf30a6017) auipc   zero, 0xf30a6
core   0: 3 0x80009dec (0xf30a6017)
core   0: 0x80009df0 (0x00258593) addi    a1, a1, 2
core   0: 3 0x80009df0 (0x00258593) x11 0x00000003
core   0: 0x80009df4 (0x00688933) add     s2, a7, t1
core   0: 3 0x80009df4 (0x00688933) x18 0x0000a94b
core   0: 0x80009df8 (0x004c16b3) sll     a3, s8, tp
core   0: 3 0x80009df8 (0x004c16b3) x13 0xfffffd50
core   0: 0x80009dfc (0x00ef6833) or      a6, t5, a4
core   0: 3 0x80009dfc (0x00ef6833) x16 0x0420003b
core   0: 0x80009e00 (0x24faed13) ori     s10, s5, 591
core   0: 3 0x80009e00 (0x24faed13) x26 0x8001275f
core   0: 0x80009e04 (0x4c9f8d93) addi    s11, t6, 1225
core   0: 3 0x80009e04 (0x4c9f8d93) x27 0x000004d4
core   0: 0x80009e08 (0x01893933) sltu    s2, s2, s8
core   0: 3 0x80009e08 (0x01893933) x18 0x00000001
core   0: 0x80009e0c (0x68fef417) auipc   s0, 0x68fef
core   0: 3 0x80009e0c (0x68fef417) x 8 0xe8ff8e0c
core   0: 0x80009e10 (0x009a5413) srli    s0, s4, 9
core   0: 3 0x80009e10 (0x009a5413) x 8 0x00000000
core   0: 0x80009e14 (0x00500513) li      a0, 5
core   0: 3 0x80009e14 (0x00500513) x10 0x00000005
core   0: 0x80009e18 (0x00b00f93) li      t6, 11
core   0: 3 0x80009e18 (0x00b00f93) x31 0x0000000b
core   0: 0x80009e1c (0x010f8d33) add     s10, t6, a6
core   0: 3 0x80009e1c (0x010f8d33) x26 0x04200046
core   0: 0x80009e20 (0x00c982b3) add     t0, s3, a2
core   0: 3 0x80009e20 (0x00c982b3) x 5 0xfcc9da7b
core   0: 0x80009e24 (0xe2764113) xori    sp, a2, -473
core   0: 3 0x80009e24 (0xe2764113) x 2 0x019b13f8
core   0: 0x80009e28 (0x0068dbb3) srl     s7, a7, t1
core   0: 3 0x80009e28 (0x0068dbb3) x23 0x00000000
core   0: 0x80009e2c (0x00f586b3) add     a3, a1, a5
core   0: 3 0x80009e2c (0x00f586b3) x13 0x20004a3b
core   0: 0x80009e30 (0xe2234393) xori    t2, t1, -478
core   0: 3 0x80009e30 (0xe2234393) x 7 0xffff5769
core   0: 0x80009e34 (0x007cb133) sltu    sp, s9, t2
core   0: 3 0x80009e34 (0x007cb133) x 2 0x00000001
core   0: 0x80009e38 (0x00950513) addi    a0, a0, 9
core   0: 3 0x80009e38 (0x00950513) x10 0x0000000e
core   0: 0x80009e3c (0x3a5451b7) lui     gp, 0x3a545
core   0: 3 0x80009e3c (0x3a5451b7) x 3 0x3a545000
core   0: 0x80009e40 (0x00ef1cb3) sll     s9, t5, a4
core   0: 3 0x80009e40 (0x00ef1cb3) x25 0x00000000
core   0: 0x80009e44 (0x0001e0b3) or      ra, gp, zero
core   0: 3 0x80009e44 (0x0001e0b3) x 1 0x3a545000
core   0: 0x80009e48 (0xfdf56ee3) bltu    a0, t6, pc - 36
core   0: 3 0x80009e48 (0xfdf56ee3)
core   0: 0x80009e4c (0xfa95c0e3) blt     a1, s1, pc - 96
core   0: 3 0x80009e4c (0xfa95c0e3)
core   0: 0x80009dec (0xf30a6017) auipc   zero, 0xf30a6
core   0: 3 0x80009dec (0xf30a6017)
core   0: 0x80009df0 (0x00258593) addi    a1, a1, 2
core   0: 3 0x80009df0 (0x00258593) x11 0x00000005
core   0: 0x80009df4 (0x00688933) add     s2, a7, t1
core   0: 3 0x80009df4 (0x00688933) x18 0x0000a94b
core   0: 0x80009df8 (0x004c16b3) sll     a3, s8, tp
core   0: 3 0x80009df8 (0x004c16b3) x13 0xfffffd50
core   0: 0x80009dfc (0x00ef6833) or      a6, t5, a4
core   0: 3 0x80009dfc (0x00ef6833) x16 0x0420003b
core   0: 0x80009e00 (0x24faed13) ori     s10, s5, 591
core   0: 3 0x80009e00 (0x24faed13) x26 0x8001275f
core   0: 0x80009e04 (0x4c9f8d93) addi    s11, t6, 1225
core   0: 3 0x80009e04 (0x4c9f8d93) x27 0x000004d4
core   0: 0x80009e08 (0x01893933) sltu    s2, s2, s8
core   0: 3 0x80009e08 (0x01893933) x18 0x00000001
core   0: 0x80009e0c (0x68fef417) auipc   s0, 0x68fef
core   0: 3 0x80009e0c (0x68fef417) x 8 0xe8ff8e0c
core   0: 0x80009e10 (0x009a5413) srli    s0, s4, 9
core   0: 3 0x80009e10 (0x009a5413) x 8 0x00000000
core   0: 0x80009e14 (0x00500513) li      a0, 5
core   0: 3 0x80009e14 (0x00500513) x10 0x00000005
core   0: 0x80009e18 (0x00b00f93) li      t6, 11
core   0: 3 0x80009e18 (0x00b00f93) x31 0x0000000b
core   0: 0x80009e1c (0x010f8d33) add     s10, t6, a6
core   0: 3 0x80009e1c (0x010f8d33) x26 0x04200046
core   0: 0x80009e20 (0x00c982b3) add     t0, s3, a2
core   0: 3 0x80009e20 (0x00c982b3) x 5 0xfcc9da7b
core   0: 0x80009e24 (0xe2764113) xori    sp, a2, -473
core   0: 3 0x80009e24 (0xe2764113) x 2 0x019b13f8
core   0: 0x80009e28 (0x0068dbb3) srl     s7, a7, t1
core   0: 3 0x80009e28 (0x0068dbb3) x23 0x00000000
core   0: 0x80009e2c (0x00f586b3) add     a3, a1, a5
core   0: 3 0x80009e2c (0x00f586b3) x13 0x20004a3d
core   0: 0x80009e30 (0xe2234393) xori    t2, t1, -478
core   0: 3 0x80009e30 (0xe2234393) x 7 0xffff5769
core   0: 0x80009e34 (0x007cb133) sltu    sp, s9, t2
core   0: 3 0x80009e34 (0x007cb133) x 2 0x00000001
core   0: 0x80009e38 (0x00950513) addi    a0, a0, 9
core   0: 3 0x80009e38 (0x00950513) x10 0x0000000e
core   0: 0x80009e3c (0x3a5451b7) lui     gp, 0x3a545
core   0: 3 0x80009e3c (0x3a5451b7) x 3 0x3a545000
core   0: 0x80009e40 (0x00ef1cb3) sll     s9, t5, a4
core   0: 3 0x80009e40 (0x00ef1cb3) x25 0x00000000
core   0: 0x80009e44 (0x0001e0b3) or      ra, gp, zero
core   0: 3 0x80009e44 (0x0001e0b3) x 1 0x3a545000
core   0: 0x80009e48 (0xfdf56ee3) bltu    a0, t6, pc - 36
core   0: 3 0x80009e48 (0xfdf56ee3)
core   0: 0x80009e4c (0xfa95c0e3) blt     a1, s1, pc - 96
core   0: 3 0x80009e4c (0xfa95c0e3)
core   0: 0x80009dec (0xf30a6017) auipc   zero, 0xf30a6
core   0: 3 0x80009dec (0xf30a6017)
core   0: 0x80009df0 (0x00258593) addi    a1, a1, 2
core   0: 3 0x80009df0 (0x00258593) x11 0x00000007
core   0: 0x80009df4 (0x00688933) add     s2, a7, t1
core   0: 3 0x80009df4 (0x00688933) x18 0x0000a94b
core   0: 0x80009df8 (0x004c16b3) sll     a3, s8, tp
core   0: 3 0x80009df8 (0x004c16b3) x13 0xfffffd50
core   0: 0x80009dfc (0x00ef6833) or      a6, t5, a4
core   0: 3 0x80009dfc (0x00ef6833) x16 0x0420003b
core   0: 0x80009e00 (0x24faed13) ori     s10, s5, 591
core   0: 3 0x80009e00 (0x24faed13) x26 0x8001275f
core   0: 0x80009e04 (0x4c9f8d93) addi    s11, t6, 1225
core   0: 3 0x80009e04 (0x4c9f8d93) x27 0x000004d4
core   0: 0x80009e08 (0x01893933) sltu    s2, s2, s8
core   0: 3 0x80009e08 (0x01893933) x18 0x00000001
core   0: 0x80009e0c (0x68fef417) auipc   s0, 0x68fef
core   0: 3 0x80009e0c (0x68fef417) x 8 0xe8ff8e0c
core   0: 0x80009e10 (0x009a5413) srli    s0, s4, 9
core   0: 3 0x80009e10 (0x009a5413) x 8 0x00000000
core   0: 0x80009e14 (0x00500513) li      a0, 5
core   0: 3 0x80009e14 (0x00500513) x10 0x00000005
core   0: 0x80009e18 (0x00b00f93) li      t6, 11
core   0: 3 0x80009e18 (0x00b00f93) x31 0x0000000b
core   0: 0x80009e1c (0x010f8d33) add     s10, t6, a6
core   0: 3 0x80009e1c (0x010f8d33) x26 0x04200046
core   0: 0x80009e20 (0x00c982b3) add     t0, s3, a2
core   0: 3 0x80009e20 (0x00c982b3) x 5 0xfcc9da7b
core   0: 0x80009e24 (0xe2764113) xori    sp, a2, -473
core   0: 3 0x80009e24 (0xe2764113) x 2 0x019b13f8
core   0: 0x80009e28 (0x0068dbb3) srl     s7, a7, t1
core   0: 3 0x80009e28 (0x0068dbb3) x23 0x00000000
core   0: 0x80009e2c (0x00f586b3) add     a3, a1, a5
core   0: 3 0x80009e2c (0x00f586b3) x13 0x20004a3f
core   0: 0x80009e30 (0xe2234393) xori    t2, t1, -478
core   0: 3 0x80009e30 (0xe2234393) x 7 0xffff5769
core   0: 0x80009e34 (0x007cb133) sltu    sp, s9, t2
core   0: 3 0x80009e34 (0x007cb133) x 2 0x00000001
core   0: 0x80009e38 (0x00950513) addi    a0, a0, 9
core   0: 3 0x80009e38 (0x00950513) x10 0x0000000e
core   0: 0x80009e3c (0x3a5451b7) lui     gp, 0x3a545
core   0: 3 0x80009e3c (0x3a5451b7) x 3 0x3a545000
core   0: 0x80009e40 (0x00ef1cb3) sll     s9, t5, a4
core   0: 3 0x80009e40 (0x00ef1cb3) x25 0x00000000
core   0: 0x80009e44 (0x0001e0b3) or      ra, gp, zero
core   0: 3 0x80009e44 (0x0001e0b3) x 1 0x3a545000
core   0: 0x80009e48 (0xfdf56ee3) bltu    a0, t6, pc - 36
core   0: 3 0x80009e48 (0xfdf56ee3)
core   0: 0x80009e4c (0xfa95c0e3) blt     a1, s1, pc - 96
core   0: 3 0x80009e4c (0xfa95c0e3)
core   0: 0x80009e50 (0x00000013) nop
core   0: 3 0x80009e50 (0x00000013)
core   0: 0x80009e54 (0x015c3633) sltu    a2, s8, s5
core   0: 3 0x80009e54 (0x015c3633) x12 0x00000000
core   0: 0x80009e58 (0x03b29263) bne     t0, s11, pc + 36
core   0: 3 0x80009e58 (0x03b29263)
core   0: 0x80009e7c (0x00734863) blt     t1, t2, pc + 16
core   0: 3 0x80009e7c (0x00734863)
core   0: 0x80009e80 (0x26123013) sltiu   zero, tp, 609
core   0: 3 0x80009e80 (0x26123013)
core   0: 0x80009e84 (0x00b2d6b3) srl     a3, t0, a1
core   0: 3 0x80009e84 (0x00b2d6b3) x13 0x01f993b4
core   0: 0x80009e88 (0x6ce3b693) sltiu   a3, t2, 1742
core   0: 3 0x80009e88 (0x6ce3b693) x13 0x00000000
core   0: 0x80009e8c (0xf1976a13) ori     s4, a4, -231
core   0: 3 0x80009e8c (0xf1976a13) x20 0xffffff3b
core   0: 0x80009e90 (0x0000100f) fence.i
core   0: 3 0x80009e90 (0x0000100f)
core   0: 0x80009e94 (0x46afe493) ori     s1, t6, 1130
core   0: 3 0x80009e94 (0x46afe493) x 9 0x0000046b
core   0: 0x80009e98 (0x005a9463) bne     s5, t0, pc + 8
core   0: 3 0x80009e98 (0x005a9463)
core   0: 0x80009ea0 (0x00000013) nop
core   0: 3 0x80009ea0 (0x00000013)
core   0: 0x80009ea4 (0x011af463) bgeu    s5, a7, pc + 8
core   0: 3 0x80009ea4 (0x011af463)
core   0: 0x80009eac (0x6cc5c313) xori    t1, a1, 1740
core   0: 3 0x80009eac (0x6cc5c313) x 6 0x000006cb
core   0: 0x80009eb0 (0x50ac6713) ori     a4, s8, 1290
core   0: 3 0x80009eb0 (0x50ac6713) x14 0xffffffdf
core   0: 0x80009eb4 (0x005d7d33) and     s10, s10, t0
core   0: 3 0x80009eb4 (0x005d7d33) x26 0x04000042
core   0: 0x80009eb8 (0x01273f33) sltu    t5, a4, s2
core   0: 3 0x80009eb8 (0x01273f33) x30 0x00000000
core   0: 0x80009ebc (0x0ff0000f) fence   iorw,iorw
core   0: 3 0x80009ebc (0x0ff0000f)
core   0: 0x80009ec0 (0x017ffd33) and     s10, t6, s7
core   0: 3 0x80009ec0 (0x017ffd33) x26 0x00000000
core   0: 0x80009ec4 (0x40c05493) srai    s1, zero, 12
core   0: 3 0x80009ec4 (0x40c05493) x 9 0x00000000
core   0: 0x80009ec8 (0x05616063) bltu    sp, s6, pc + 64
core   0: 3 0x80009ec8 (0x05616063)
core   0: 0x80009f08 (0x00874033) xor     zero, a4, s0
core   0: 3 0x80009f08 (0x00874033)
core   0: 0x80009f0c (0x72e55b97) auipc   s7, 0x72e55
core   0: 3 0x80009f0c (0x72e55b97) x23 0xf2e5ef0c
core   0: 0x80009f10 (0x01bfa2b3) slt     t0, t6, s11
core   0: 3 0x80009f10 (0x01bfa2b3) x 5 0x00000001
core   0: 0x80009f14 (0x004b9c33) sll     s8, s7, tp
core   0: 3 0x80009f14 (0x004b9c33) x24 0x2e5ef0c0
core   0: 0x80009f18 (0x018ae463) bltu    s5, s8, pc + 8
core   0: 3 0x80009f18 (0x018ae463)
core   0: 0x80009f1c (0x007f9663) bne     t6, t2, pc + 12
core   0: 3 0x80009f1c (0x007f9663)
core   0: 0x80009f28 (0x40f6dfb3) sra     t6, a3, a5
core   0: 3 0x80009f28 (0x40f6dfb3) x31 0x00000000
core   0: 0x80009f2c (0x382f0c13) addi    s8, t5, 898
core   0: 3 0x80009f2c (0x382f0c13) x24 0x00000382
core   0: 0x80009f30 (0x00000013) nop
core   0: 3 0x80009f30 (0x00000013)
core   0: 0x80009f34 (0x02be6a63) bltu    t3, a1, pc + 52
core   0: 3 0x80009f34 (0x02be6a63)
core   0: 0x80009f38 (0x0000100f) fence.i
core   0: 3 0x80009f38 (0x0000100f)
core   0: 0x80009f3c (0x01e75313) srli    t1, a4, 30
core   0: 3 0x80009f3c (0x01e75313) x 6 0x00000003
core   0: 0x80009f40 (0xfb5a8913) addi    s2, s5, -75
core   0: 3 0x80009f40 (0xfb5a8913) x18 0x80012514
core   0: 0x80009f44 (0x41610033) sub     zero, sp, s6
core   0: 3 0x80009f44 (0x41610033)
core   0: 0x80009f48 (0x010621b3) slt     gp, a2, a6
core   0: 3 0x80009f48 (0x010621b3) x 3 0x00000001
core   0: 0x80009f4c (0x0089c463) blt     s3, s0, pc + 8
core   0: 3 0x80009f4c (0x0089c463)
core   0: 0x80009f54 (0x03dc9263) bne     s9, t4, pc + 36
core   0: 3 0x80009f54 (0x03dc9263)
core   0: 0x80009f78 (0x0000100f) fence.i
core   0: 3 0x80009f78 (0x0000100f)
core   0: 0x80009f7c (0x0016cbb3) xor     s7, a3, ra
core   0: 3 0x80009f7c (0x0016cbb3) x23 0x3a545000
core   0: 0x80009f80 (0x014308b3) add     a7, t1, s4
core   0: 3 0x80009f80 (0x014308b3) x17 0xffffff3e
core   0: 0x80009f84 (0xab9ac093) xori    ra, s5, -1351
core   0: 3 0x80009f84 (0xab9ac093) x 1 0x7ffedfe6
core   0: 0x80009f88 (0x00000013) nop
core   0: 3 0x80009f88 (0x00000013)
core   0: 0x80009f8c (0x00202ab3) slt     s5, zero, sp
core   0: 3 0x80009f8c (0x00202ab3) x21 0x00000001
core   0: 0x80009f90 (0x015e7433) and     s0, t3, s5
core   0: 3 0x80009f90 (0x015e7433) x 8 0x00000001
core   0: 0x80009f94 (0x03ccf263) bgeu    s9, t3, pc + 36
core   0: 3 0x80009f94 (0x03ccf263)
core   0: 0x80009f98 (0x00050eb3) add     t4, a0, zero
core   0: 3 0x80009f98 (0x00050eb3) x29 0x0000000e
core   0: 0x80009f9c (0x01de9c13) slli    s8, t4, 29
core   0: 3 0x80009f9c (0x01de9c13) x24 0xc0000000
core   0: 0x80009fa0 (0x4110d4b3) sra     s1, ra, a7
core   0: 3 0x80009fa0 (0x4110d4b3) x 9 0x00000001
core   0: 0x80009fa4 (0x003e25b3) slt     a1, t3, gp
core   0: 3 0x80009fa4 (0x003e25b3) x11 0x00000000
core   0: 0x80009fa8 (0x018e0e63) beq     t3, s8, pc + 28
core   0: 3 0x80009fa8 (0x018e0e63)
core   0: 0x80009fac (0xc9473f93) sltiu   t6, a4, -876
core   0: 3 0x80009fac (0xc9473f93) x31 0x00000000
core   0: 0x80009fb0 (0xda960a13) addi    s4, a2, -599
core   0: 3 0x80009fb0 (0xda960a13) x20 0xfffffda9
core   0: 0x80009fb4 (0x57694713) xori    a4, s2, 1398
core   0: 3 0x80009fb4 (0x57694713) x14 0x80012062
core   0: 0x80009fb8 (0x04d76063) bltu    a4, a3, pc + 64
core   0: 3 0x80009fb8 (0x04d76063)
core   0: 0x80009fbc (0x01b7ca63) blt     a5, s11, pc + 20
core   0: 3 0x80009fbc (0x01b7ca63)
core   0: 0x80009fc0 (0x003ed3b3) srl     t2, t4, gp
core   0: 3 0x80009fc0 (0x003ed3b3) x 7 0x00000007
core   0: 0x80009fc4 (0x00b83f33) sltu    t5, a6, a1
core   0: 3 0x80009fc4 (0x00b83f33) x30 0x00000000
core   0: 0x80009fc8 (0x01e23933) sltu    s2, tp, t5
core   0: 3 0x80009fc8 (0x01e23933) x18 0x00000000
core   0: 0x80009fcc (0x0164a3b3) slt     t2, s1, s6
core   0: 3 0x80009fcc (0x0164a3b3) x 7 0x00000000
core   0: 0x80009fd0 (0x0151a133) slt     sp, gp, s5
core   0: 3 0x80009fd0 (0x0151a133) x 2 0x00000000
core   0: 0x80009fd4 (0xa007fa97) auipc   s5, 0xa007f
core   0: 3 0x80009fd4 (0xa007fa97) x21 0x20088fd4
core   0: 0x80009fd8 (0x04c5e263) bltu    a1, a2, pc + 68
core   0: 3 0x80009fd8 (0x04c5e263)
core   0: 0x80009fdc (0x0334d263) bge     s1, s3, pc + 36
core   0: 3 0x80009fdc (0x0334d263)
core   0: 0x8000a000 (0x013f7033) and     zero, t5, s3
core   0: 3 0x8000a000 (0x013f7033)
core   0: 0x8000a004 (0x40fad3b3) sra     t2, s5, a5
core   0: 3 0x8000a004 (0x40fad3b3) x 7 0x00000020
core   0: 0x8000a008 (0x40120433) sub     s0, tp, ra
core   0: 3 0x8000a008 (0x40120433) x 8 0x0003dcfe
core   0: 0x8000a00c (0x02fd1663) bne     s10, a5, pc + 44
core   0: 3 0x8000a00c (0x02fd1663)
core   0: 0x8000a038 (0xdecebf93) sltiu   t6, t4, -532
core   0: 3 0x8000a038 (0xdecebf93) x31 0x00000001
core   0: 0x8000a03c (0x40af0e33) sub     t3, t5, a0
core   0: 3 0x8000a03c (0x40af0e33) x28 0xfffffff2
core   0: 0x8000a040 (0x04081463) bnez    a6, pc + 72
core   0: 3 0x8000a040 (0x04081463)
core   0: 0x8000a088 (0xe1d5fab7) lui     s5, 0xe1d5f
core   0: 3 0x8000a088 (0xe1d5fab7) x21 0xe1d5f000
core   0: 0x8000a08c (0x0dff4313) xori    t1, t5, 223
core   0: 3 0x8000a08c (0x0dff4313) x 6 0x000000df
core   0: 0x8000a090 (0x00988293) addi    t0, a7, 9
core   0: 3 0x8000a090 (0x00988293) x 5 0xffffff47
core   0: 0x8000a094 (0x00a31d13) slli    s10, t1, 10
core   0: 3 0x8000a094 (0x00a31d13) x26 0x00037c00
core   0: 0x8000a098 (0x0175c133) xor     sp, a1, s7
core   0: 3 0x8000a098 (0x0175c133) x 2 0x3a545000
core   0: 0x8000a09c (0x00dcf2b3) and     t0, s9, a3
core   0: 3 0x8000a09c (0x00dcf2b3) x 5 0x00000000
core   0: 0x8000a0a0 (0x00020463) beqz    tp, pc + 8
core   0: 3 0x8000a0a0 (0x00020463)
core   0: 0x8000a0a4 (0x0ff0000f) fence   iorw,iorw
core   0: 3 0x8000a0a4 (0x0ff0000f)
core   0: 0x8000a0a8 (0x048a6463) bltu    s4, s0, pc + 72
core   0: 3 0x8000a0a8 (0x048a6463)
core   0: 0x8000a0ac (0x00cc5933) srl     s2, s8, a2
core   0: 3 0x8000a0ac (0x00cc5933) x18 0xc0000000
core   0: 0x8000a0b0 (0x013b9463) bne     s7, s3, pc + 8
core   0: 3 0x8000a0b0 (0x013b9463)
core   0: 0x8000a0b8 (0x05d66263) bltu    a2, t4, pc + 68
core   0: 3 0x8000a0b8 (0x05d66263)
core   0: 0x8000a0fc (0x1d7c7c13) andi    s8, s8, 471
core   0: 3 0x8000a0fc (0x1d7c7c13) x24 0x00000000
core   0: 0x8000a100 (0xd437ad97) auipc   s11, 0xd437a
core   0: 3 0x8000a100 (0xd437ad97) x27 0x54384100
core   0: 0x8000a104 (0x0000100f) fence.i
core   0: 3 0x8000a104 (0x0000100f)
core   0: 0x8000a108 (0x1818a893) slti    a7, a7, 385
core   0: 3 0x8000a108 (0x1818a893) x17 0x00000001
core   0: 0x8000a10c (0x12756863) bltu    a0, t2, pc + 304
core   0: 3 0x8000a10c (0x12756863)
core   0: 0x8000a23c (0x40da5333) sra     t1, s4, a3
core   0: 3 0x8000a23c (0x40da5333) x 6 0xfffffda9
core   0: 0x8000a240 (0x00d97863) bgeu    s2, a3, pc + 16
core   0: 3 0x8000a240 (0x00d97863)
core   0: 0x8000a250 (0x01afe633) or      a2, t6, s10
core   0: 3 0x8000a250 (0x01afe633) x12 0x00037c01
core   0: 0x8000a254 (0x354e9117) auipc   sp, 0x354e9
core   0: 3 0x8000a254 (0x354e9117) x 2 0xb54f3254
core   0: 0x8000a258 (0x00781d93) slli    s11, a6, 7
core   0: 3 0x8000a258 (0x00781d93) x27 0x10001d80
core   0: 0x8000a25c (0x0cf39a63) bne     t2, a5, pc + 212
core   0: 3 0x8000a25c (0x0cf39a63)
core   0: 0x8000a330 (0x004f43b3) xor     t2, t5, tp
core   0: 3 0x8000a330 (0x004f43b3) x 7 0x8002bce4
core   0: 0x8000a334 (0x01cfd733) srl     a4, t6, t3
core   0: 3 0x8000a334 (0x01cfd733) x14 0x00000000
core   0: 0x8000a338 (0x4085d1b3) sra     gp, a1, s0
core   0: 3 0x8000a338 (0x4085d1b3) x 3 0x00000000
core   0: 0x8000a33c (0x05826663) bltu    tp, s8, pc + 76
core   0: 3 0x8000a33c (0x05826663)
core   0: 0x8000a340 (0x018c81b3) add     gp, s9, s8
core   0: 3 0x8000a340 (0x018c81b3) x 3 0x00000000
core   0: 0x8000a344 (0x0000100f) fence.i
core   0: 3 0x8000a344 (0x0000100f)
core   0: 0x8000a348 (0x0079dd13) srli    s10, s3, 7
core   0: 3 0x8000a348 (0x0079dd13) x26 0x01fcc9d9
core   0: 0x8000a34c (0x00641463) bne     s0, t1, pc + 8
core   0: 3 0x8000a34c (0x00641463)
core   0: 0x8000a354 (0x01909913) slli    s2, ra, 25
core   0: 3 0x8000a354 (0x01909913) x18 0xcc000000
core   0: 0x8000a358 (0xb1783e13) sltiu   t3, a6, -1257
core   0: 3 0x8000a358 (0xb1783e13) x28 0x00000001
core   0: 0x8000a35c (0x001628b3) slt     a7, a2, ra
core   0: 3 0x8000a35c (0x001628b3) x17 0x00000001
core   0: 0x8000a360 (0x40c65593) srai    a1, a2, 12
core   0: 3 0x8000a360 (0x40c65593) x11 0x00000037
core   0: 0x8000a364 (0xdd0d8593) addi    a1, s11, -560
core   0: 3 0x8000a364 (0xdd0d8593) x11 0x10001b50
core   0: 0x8000a368 (0x00dd1533) sll     a0, s10, a3
core   0: 3 0x8000a368 (0x00dd1533) x10 0x01fcc9d9
core   0: 0x8000a36c (0x5ff23693) sltiu   a3, tp, 1535
core   0: 3 0x8000a36c (0x5ff23693) x13 0x00000000
core   0: 0x8000a370 (0x01a143b3) xor     t2, sp, s10
core   0: 3 0x8000a370 (0x01a143b3) x 7 0xb4b3fb8d
core   0: 0x8000a374 (0x00c5ce63) blt     a1, a2, pc + 28
core   0: 3 0x8000a374 (0x00c5ce63)
core   0: 0x8000a378 (0x41b504b3) sub     s1, a0, s11
core   0: 3 0x8000a378 (0x41b504b3) x 9 0xf1fcac59
core   0: 0x8000a37c (0x01940a33) add     s4, s0, s9
core   0: 3 0x8000a37c (0x01940a33) x20 0x0003dcfe
core   0: 0x8000a380 (0x01c65813) srli    a6, a2, 28
core   0: 3 0x8000a380 (0x01c65813) x16 0x00000000
core   0: 0x8000a384 (0xcbaaf793) andi    a5, s5, -838
core   0: 3 0x8000a384 (0xcbaaf793) x15 0xe1d5f000
core   0: 0x8000a388 (0x7c256793) ori     a5, a0, 1986
core   0: 3 0x8000a388 (0x7c256793) x15 0x01fccfdb
core   0: 0x8000a38c (0x7e034d13) xori    s10, t1, 2016
core   0: 3 0x8000a38c (0x7e034d13) x26 0xfffffa49
core   0: 0x8000a390 (0xcfd2c893) xori    a7, t0, -771
core   0: 3 0x8000a390 (0xcfd2c893) x17 0xfffffcfd
core   0: 0x8000a394 (0x41285593) srai    a1, a6, 18
core   0: 3 0x8000a394 (0x41285593) x11 0x00000000
core   0: 0x8000a398 (0x9e556337) lui     t1, 0x9e556
core   0: 3 0x8000a398 (0x9e556337) x 6 0x9e556000
core   0: 0x8000a39c (0x445f4a13) xori    s4, t5, 1093
core   0: 3 0x8000a39c (0x445f4a13) x20 0x00000445
core   0: 0x8000a3a0 (0xf1844493) xori    s1, s0, -232
core   0: 3 0x8000a3a0 (0xf1844493) x 9 0xfffc23e6
core   0: 0x8000a3a4 (0x00449b93) slli    s7, s1, 4
core   0: 3 0x8000a3a4 (0x00449b93) x23 0xffc23e60
core   0: 0x8000a3a8 (0xc0a2d2b7) lui     t0, 0xc0a2d
core   0: 3 0x8000a3a8 (0xc0a2d2b7) x 5 0xc0a2d000
core   0: 0x8000a3ac (0x014a9e63) bne     s5, s4, pc + 28
core   0: 3 0x8000a3ac (0x014a9e63)
core   0: 0x8000a3c8 (0x6bab0d93) addi    s11, s6, 1722
core   0: 3 0x8000a3c8 (0x6bab0d93) x27 0x8002851e
core   0: 0x8000a3cc (0x01a0d463) bge     ra, s10, pc + 8
core   0: 3 0x8000a3cc (0x01a0d463)
core   0: 0x8000a3d4 (0xa45d2593) slti    a1, s10, -1467
core   0: 3 0x8000a3d4 (0xa45d2593) x11 0x00000000
core   0: 0x8000a3d8 (0xbe2d0513) addi    a0, s10, -1054
core   0: 3 0x8000a3d8 (0xbe2d0513) x10 0xfffff62b
core   0: 0x8000a3dc (0x8bd9f913) andi    s2, s3, -1859
core   0: 3 0x8000a3dc (0x8bd9f913) x18 0xfe64e89c
core   0: 0x8000a3e0 (0x006e4833) xor     a6, t3, t1
core   0: 3 0x8000a3e0 (0x006e4833) x16 0x9e556001
core   0: 0x8000a3e4 (0x41905293) srai    t0, zero, 25
core   0: 3 0x8000a3e4 (0x41905293) x 5 0x00000000
core   0: 0x8000a3e8 (0x03ee9063) bne     t4, t5, pc + 32
core   0: 3 0x8000a3e8 (0x03ee9063)
core   0: 0x8000a408 (0x41a55193) srai    gp, a0, 26
core   0: 3 0x8000a408 (0x41a55193) x 3 0xffffffff
core   0: 0x8000a40c (0x019bdc33) srl     s8, s7, s9
core   0: 3 0x8000a40c (0x019bdc33) x24 0xffc23e60
core   0: 0x8000a410 (0x00d2e0b3) or      ra, t0, a3
core   0: 3 0x8000a410 (0x00d2e0b3) x 1 0x00000000
core   0: 0x8000a414 (0x19460f97) auipc   t6, 0x19460
core   0: 3 0x8000a414 (0x19460f97) x31 0x9946a414
core   0: 0x8000a418 (0xe4654513) xori    a0, a0, -442
core   0: 3 0x8000a418 (0xe4654513) x10 0x0000086d
core   0: 0x8000a41c (0x049c8463) beq     s9, s1, pc + 72
core   0: 3 0x8000a41c (0x049c8463)
core   0: 0x8000a420 (0x01b9bcb3) sltu    s9, s3, s11
core   0: 3 0x8000a420 (0x01b9bcb3) x25 0x00000000
core   0: 0x8000a424 (0x046ec663) blt     t4, t1, pc + 76
core   0: 3 0x8000a424 (0x046ec663)
core   0: 0x8000a428 (0x7f59a013) slti    zero, s3, 2037
core   0: 3 0x8000a428 (0x7f59a013)
core   0: 0x8000a42c (0x01a4a333) slt     t1, s1, s10
core   0: 3 0x8000a42c (0x01a4a333) x 6 0x00000001
core   0: 0x8000a430 (0x013c1a13) slli    s4, s8, 19
core   0: 3 0x8000a430 (0x013c1a13) x20 0xf3000000
core   0: 0x8000a434 (0x01ed7633) and     a2, s10, t5
core   0: 3 0x8000a434 (0x01ed7633) x12 0x00000000
core   0: 0x8000a438 (0x00f5b333) sltu    t1, a1, a5
core   0: 3 0x8000a438 (0x00f5b333) x 6 0x00000001
core   0: 0x8000a43c (0x009801b3) add     gp, a6, s1
core   0: 3 0x8000a43c (0x009801b3) x 3 0x9e5183e7
core   0: 0x8000a440 (0x00e1c7b3) xor     a5, gp, a4
core   0: 3 0x8000a440 (0x00e1c7b3) x15 0x9e5183e7
core   0: 0x8000a444 (0x00335e63) bge     t1, gp, pc + 28
core   0: 3 0x8000a444 (0x00335e63)
core   0: 0x8000a460 (0x02726263) bltu    tp, t2, pc + 36
core   0: 3 0x8000a460 (0x02726263)
core   0: 0x8000a484 (0x00e97463) bgeu    s2, a4, pc + 8
core   0: 3 0x8000a484 (0x00e97463)
core   0: 0x8000a48c (0x00000013) nop
core   0: 3 0x8000a48c (0x00000013)
core   0: 0x8000a490 (0x0057f663) bgeu    a5, t0, pc + 12
core   0: 3 0x8000a490 (0x0057f663)
core   0: 0x8000a49c (0x40c606b3) sub     a3, a2, a2
core   0: 3 0x8000a49c (0x40c606b3) x13 0x00000000
core   0: 0x8000a4a0 (0x1b918317) auipc   t1, 0x1b918
core   0: 3 0x8000a4a0 (0x1b918317) x 6 0x9b9224a0
core   0: 0x8000a4a4 (0xd8d7ee13) ori     t3, a5, -627
core   0: 3 0x8000a4a4 (0xd8d7ee13) x28 0xffffffef
core   0: 0x8000a4a8 (0x00b491b3) sll     gp, s1, a1
core   0: 3 0x8000a4a8 (0x00b491b3) x 3 0xfffc23e6
core   0: 0x8000a4ac (0x01ae5533) srl     a0, t3, s10
core   0: 3 0x8000a4ac (0x01ae5533) x10 0x007fffff
core   0: 0x8000a4b0 (0x41755b93) srai    s7, a0, 23
core   0: 3 0x8000a4b0 (0x41755b93) x23 0x00000000
core   0: 0x8000a4b4 (0x013f84b3) add     s1, t6, s3
core   0: 3 0x8000a4b4 (0x013f84b3) x 9 0x97ab90b0
core   0: 0x8000a4b8 (0x05b31663) bne     t1, s11, pc + 76
core   0: 3 0x8000a4b8 (0x05b31663)
core   0: 0x8000a504 (0x00000013) nop
core   0: 3 0x8000a504 (0x00000013)
core   0: 0x8000a508 (0xce0e5d17) auipc   s10, 0xce0e5
core   0: 3 0x8000a508 (0xce0e5d17) x26 0x4e0ef508
core   0: 0x8000a50c (0x00b1d8b3) srl     a7, gp, a1
core   0: 3 0x8000a50c (0x00b1d8b3) x17 0xfffc23e6
core   0: 0x8000a510 (0x40ea8433) sub     s0, s5, a4
core   0: 3 0x8000a510 (0x40ea8433) x 8 0xe1d5f000
core   0: 0x8000a514 (0x00846833) or      a6, s0, s0
core   0: 3 0x8000a514 (0x00846833) x16 0xe1d5f000
core   0: 0x8000a518 (0x002bb033) sltu    zero, s7, sp
core   0: 3 0x8000a518 (0x002bb033)
core   0: 0x8000a51c (0x01f897b3) sll     a5, a7, t6
core   0: 3 0x8000a51c (0x01f897b3) x15 0x3e600000
core   0: 0x8000a520 (0x00ff1463) bne     t5, a5, pc + 8
core   0: 3 0x8000a520 (0x00ff1463)
core   0: 0x8000a528 (0x0000100f) fence.i
core   0: 3 0x8000a528 (0x0000100f)
core   0: 0x8000a52c (0xae1c4313) xori    t1, s8, -1311
core   0: 3 0x8000a52c (0xae1c4313) x 6 0x003dc481
core   0: 0x8000a530 (0x732863b7) lui     t2, 0x73286
core   0: 3 0x8000a530 (0x732863b7) x 7 0x73286000
core   0: 0x8000a534 (0x93165737) lui     a4, 0x93165
core   0: 3 0x8000a534 (0x93165737) x14 0x93165000
core   0: 0x8000a538 (0x41ab5b93) srai    s7, s6, 26
core   0: 3 0x8000a538 (0x41ab5b93) x23 0xffffffe0
core   0: 0x8000a53c (0x03d57063) bgeu    a0, t4, pc + 32
core   0: 3 0x8000a53c (0x03d57063)
core   0: 0x8000a55c (0xa662f313) andi    t1, t0, -1434
core   0: 3 0x8000a55c (0xa662f313) x 6 0x00000000
core   0: 0x8000a560 (0x032afa63) bgeu    s5, s2, pc + 52
core   0: 3 0x8000a560 (0x032afa63)
core   0: 0x8000a564 (0x0000100f) fence.i
core   0: 3 0x8000a564 (0x0000100f)
core   0: 0x8000a568 (0x41b45913) srai    s2, s0, 27
core   0: 3 0x8000a568 (0x41b45913) x18 0xfffffffc
core   0: 0x8000a56c (0x01ccd463) bge     s9, t3, pc + 8
core   0: 3 0x8000a56c (0x01ccd463)
core   0: 0x8000a574 (0x03665263) bge     a2, s6, pc + 36
core   0: 3 0x8000a574 (0x03665263)
core   0: 0x8000a598 (0x414252b3) sra     t0, tp, s4
core   0: 3 0x8000a598 (0x414252b3) x 5 0x8002bce4
core   0: 0x8000a59c (0x01d71663) bne     a4, t4, pc + 12
core   0: 3 0x8000a59c (0x01d71663)
core   0: 0x8000a5a8 (0x40c6d113) srai    sp, a3, 12
core   0: 3 0x8000a5a8 (0x40c6d113) x 2 0x00000000
core   0: 0x8000a5ac (0x0159a4b3) slt     s1, s3, s5
core   0: 3 0x8000a5ac (0x0159a4b3) x 9 0x00000000
core   0: 0x8000a5b0 (0x00b18ab3) add     s5, gp, a1
core   0: 3 0x8000a5b0 (0x00b18ab3) x21 0xfffc23e6
core   0: 0x8000a5b4 (0x2eaec6b7) lui     a3, 0x2eaec
core   0: 3 0x8000a5b4 (0x2eaec6b7) x13 0x2eaec000
core   0: 0x8000a5b8 (0xf6934393) xori    t2, t1, -151
core   0: 3 0x8000a5b8 (0xf6934393) x 7 0xffffff69
core   0: 0x8000a5bc (0x00839e93) slli    t4, t2, 8
core   0: 3 0x8000a5bc (0x00839e93) x29 0xffff6900
core   0: 0x8000a5c0 (0x019105b3) add     a1, sp, s9
core   0: 3 0x8000a5c0 (0x019105b3) x11 0x00000000
core   0: 0x8000a5c4 (0x2bc17737) lui     a4, 0x2bc17
core   0: 3 0x8000a5c4 (0x2bc17737) x14 0x2bc17000
core   0: 0x8000a5c8 (0x2beb4713) xori    a4, s6, 702
core   0: 3 0x8000a5c8 (0x2beb4713) x14 0x80027cda
core   0: 0x8000a5cc (0x40c25f33) sra     t5, tp, a2
core   0: 3 0x8000a5cc (0x40c25f33) x30 0x8002bce4
core   0: 0x8000a5d0 (0x40ac5f13) srai    t5, s8, 10
core   0: 3 0x8000a5d0 (0x40ac5f13) x30 0xfffff08f
core   0: 0x8000a5d4 (0x0ff0000f) fence   iorw,iorw
core   0: 3 0x8000a5d4 (0x0ff0000f)
core   0: 0x8000a5d8 (0x6364f637) lui     a2, 0x6364f
core   0: 3 0x8000a5d8 (0x6364f637) x12 0x6364f000
core   0: 0x8000a5dc (0x414e0e33) sub     t3, t3, s4
core   0: 3 0x8000a5dc (0x414e0e33) x28 0x0cffffef
core   0: 0x8000a5e0 (0x010b9e63) bne     s7, a6, pc + 28
core   0: 3 0x8000a5e0 (0x010b9e63)
core   0: 0x8000a5fc (0x00856433) or      s0, a0, s0
core   0: 3 0x8000a5fc (0x00856433) x 8 0xe1ffffff
core   0: 0x8000a600 (0x04f9f063) bgeu    s3, a5, pc + 64
core   0: 3 0x8000a600 (0x04f9f063)
core   0: 0x8000a640 (0x00fa8eb3) add     t4, s5, a5
core   0: 3 0x8000a640 (0x00fa8eb3) x29 0x3e5c23e6
core   0: 0x8000a644 (0x40b95833) sra     a6, s2, a1
core   0: 3 0x8000a644 (0x40b95833) x16 0xfffffffc
core   0: 0x8000a648 (0x05556263) bltu    a0, s5, pc + 68
core   0: 3 0x8000a648 (0x05556263)
core   0: 0x8000a68c (0x4bd5bb93) sltiu   s7, a1, 1213
core   0: 3 0x8000a68c (0x4bd5bb93) x23 0x00000001
core   0: 0x8000a690 (0x7b7b2393) slti    t2, s6, 1975
core   0: 3 0x8000a690 (0x7b7b2393) x 7 0x00000001
core   0: 0x8000a694 (0xc3e83793) sltiu   a5, a6, -962
core   0: 3 0x8000a694 (0xc3e83793) x15 0x00000000
core   0: 0x8000a698 (0x00c9bd33) sltu    s10, s3, a2
core   0: 3 0x8000a698 (0x00c9bd33) x26 0x00000000
core   0: 0x8000a69c (0x00a25463) bge     tp, a0, pc + 8
core   0: 3 0x8000a69c (0x00a25463)
core   0: 0x8000a6a0 (0x591efa13) andi    s4, t4, 1425
core   0: 3 0x8000a6a0 (0x591efa13) x20 0x00000180
core   0: 0x8000a6a4 (0x0000100f) fence.i
core   0: 3 0x8000a6a4 (0x0000100f)
core   0: 0x8000a6a8 (0x7fc6bdb7) lui     s11, 0x7fc6b
core   0: 3 0x8000a6a8 (0x7fc6bdb7) x27 0x7fc6b000
core   0: 0x8000a6ac (0x2bbd8a13) addi    s4, s11, 699
core   0: 3 0x8000a6ac (0x2bbd8a13) x20 0x7fc6b2bb
core   0: 0x8000a6b0 (0x01573733) sltu    a4, a4, s5
core   0: 3 0x8000a6b0 (0x01573733) x14 0x00000001
core   0: 0x8000a6b4 (0x22e17793) andi    a5, sp, 558
core   0: 3 0x8000a6b4 (0x22e17793) x15 0x00000000
core   0: 0x8000a6b8 (0x0000100f) fence.i
core   0: 3 0x8000a6b8 (0x0000100f)
core   0: 0x8000a6bc (0xe19d6393) ori     t2, s10, -487
core   0: 3 0x8000a6bc (0xe19d6393) x 7 0xfffffe19
core   0: 0x8000a6c0 (0x01e31933) sll     s2, t1, t5
core   0: 3 0x8000a6c0 (0x01e31933) x18 0x00000000
core   0: 0x8000a6c4 (0x40568f33) sub     t5, a3, t0
core   0: 3 0x8000a6c4 (0x40568f33) x30 0xaeac031c
core   0: 0x8000a6c8 (0x0000100f) fence.i
core   0: 3 0x8000a6c8 (0x0000100f)
core   0: 0x8000a6cc (0x1ce5fc13) andi    s8, a1, 462
core   0: 3 0x8000a6cc (0x1ce5fc13) x24 0x00000000
core   0: 0x8000a6d0 (0x41a05a93) srai    s5, zero, 26
core   0: 3 0x8000a6d0 (0x41a05a93) x21 0x00000000
core   0: 0x8000a6d4 (0x00b92833) slt     a6, s2, a1
core   0: 3 0x8000a6d4 (0x00b92833) x16 0x00000000
core   0: 0x8000a6d8 (0x63d1de17) auipc   t3, 0x63d1d
core   0: 3 0x8000a6d8 (0x63d1de17) x28 0xe3d276d8
core   0: 0x8000a6dc (0x00e22733) slt     a4, tp, a4
core   0: 3 0x8000a6dc (0x00e22733) x14 0x00000001
core   0: 0x8000a6e0 (0xced84813) xori    a6, a6, -787
core   0: 3 0x8000a6e0 (0xced84813) x16 0xfffffced
core   0: 0x8000a6e4 (0x00fcc8b3) xor     a7, s9, a5
core   0: 3 0x8000a6e4 (0x00fcc8b3) x17 0x00000000
core   0: 0x8000a6e8 (0x00000013) nop
core   0: 3 0x8000a6e8 (0x00000013)
core   0: 0x8000a6ec (0x01db5293) srli    t0, s6, 29
core   0: 3 0x8000a6ec (0x01db5293) x 5 0x00000004
core   0: 0x8000a6f0 (0x3b0ea593) slti    a1, t4, 944
core   0: 3 0x8000a6f0 (0x3b0ea593) x11 0x00000000
core   0: 0x8000a6f4 (0x013eee63) bltu    t4, s3, pc + 28
core   0: 3 0x8000a6f4 (0x013eee63)
core   0: 0x8000a710 (0x1028c793) xori    a5, a7, 258
core   0: 3 0x8000a710 (0x1028c793) x15 0x00000102
core   0: 0x8000a714 (0x925b3337) lui     t1, 0x925b3
core   0: 3 0x8000a714 (0x925b3337) x 6 0x925b3000
core   0: 0x8000a718 (0x0148d313) srli    t1, a7, 20
core   0: 3 0x8000a718 (0x0148d313) x 6 0x00000000
core   0: 0x8000a71c (0x01889033) sll     zero, a7, s8
core   0: 3 0x8000a71c (0x01889033)
core   0: 0x8000a720 (0x40e58f33) sub     t5, a1, a4
core   0: 3 0x8000a720 (0x40e58f33) x30 0xffffffff
core   0: 0x8000a724 (0x0ff0000f) fence   iorw,iorw
core   0: 3 0x8000a724 (0x0ff0000f)
core   0: 0x8000a728 (0x01635293) srli    t0, t1, 22
core   0: 3 0x8000a728 (0x01635293) x 5 0x00000000
core   0: 0x8000a72c (0x017dc333) xor     t1, s11, s7
core   0: 3 0x8000a72c (0x017dc333) x 6 0x7fc6b001
core   0: 0x8000a730 (0x70947c93) andi    s9, s0, 1801
core   0: 3 0x8000a730 (0x70947c93) x25 0x00000709
core   0: 0x8000a734 (0x97641117) auipc   sp, 0x97641
core   0: 3 0x8000a734 (0x97641117) x 2 0x1764b734
core   0: 0x8000a738 (0x3f368113) addi    sp, a3, 1011
core   0: 3 0x8000a738 (0x3f368113) x 2 0x2eaec3f3
core   0: 0x8000a73c (0x008f3f33) sltu    t5, t5, s0
core   0: 3 0x8000a73c (0x008f3f33) x30 0x00000000
core   0: 0x8000a740 (0x2318a913) slti    s2, a7, 561
core   0: 3 0x8000a740 (0x2318a913) x18 0x00000001
core   0: 0x8000a744 (0x18513513) sltiu   a0, sp, 389
core   0: 3 0x8000a744 (0x18513513) x10 0x00000000
core   0: 0x8000a748 (0x6373a313) slti    t1, t2, 1591
core   0: 3 0x8000a748 (0x6373a313) x 6 0x00000001
core   0: 0x8000a74c (0x04dc4463) blt     s8, a3, pc + 72
core   0: 3 0x8000a74c (0x04dc4463)
core   0: 0x8000a794 (0x00427463) bgeu    tp, tp, pc + 8
core   0: 3 0x8000a794 (0x00427463)
core   0: 0x8000a79c (0x9aa3adb7) lui     s11, 0x9aa3a
core   0: 3 0x8000a79c (0x9aa3adb7) x27 0x9aa3a000
core   0: 0x8000a7a0 (0x057a4063) blt     s4, s7, pc + 64
core   0: 3 0x8000a7a0 (0x057a4063)
core   0: 0x8000a7a4 (0xbf913393) sltiu   t2, sp, -1031
core   0: 3 0x8000a7a4 (0xbf913393) x 7 0x00000001
core   0: 0x8000a7a8 (0x7dd34e13) xori    t3, t1, 2013
core   0: 3 0x8000a7a8 (0x7dd34e13) x28 0x000007dc
core   0: 0x8000a7ac (0x35c36313) ori     t1, t1, 860
core   0: 3 0x8000a7ac (0x35c36313) x 6 0x0000035d
core   0: 0x8000a7b0 (0x00dd8db3) add     s11, s11, a3
core   0: 3 0x8000a7b0 (0x00dd8db3) x27 0xc9526000
core   0: 0x8000a7b4 (0x041f5863) bge     t5, ra, pc + 80
core   0: 3 0x8000a7b4 (0x041f5863)
core   0: 0x8000a804 (0x0115d493) srli    s1, a1, 17
core   0: 3 0x8000a804 (0x0115d493) x 9 0x00000000
core   0: 0x8000a808 (0x01cfccb3) xor     s9, t6, t3
core   0: 3 0x8000a808 (0x01cfccb3) x25 0x9946a3c8
core   0: 0x8000a80c (0x83668e13) addi    t3, a3, -1994
core   0: 3 0x8000a80c (0x83668e13) x28 0x2eaeb836
core   0: 0x8000a810 (0xacf0fe93) andi    t4, ra, -1329
core   0: 3 0x8000a810 (0xacf0fe93) x29 0x00000000
core   0: 0x8000a814 (0x05e1c263) blt     gp, t5, pc + 68
core   0: 3 0x8000a814 (0x05e1c263)
core   0: 0x8000a858 (0x0000100f) fence.i
core   0: 3 0x8000a858 (0x0000100f)
core   0: 0x8000a85c (0x019980b3) add     ra, s3, s9
core   0: 3 0x8000a85c (0x019980b3) x 1 0x97ab9064
core   0: 0x8000a860 (0x019d3033) sltu    zero, s10, s9
core   0: 3 0x8000a860 (0x019d3033)
core   0: 0x8000a864 (0x00736d33) or      s10, t1, t2
core   0: 3 0x8000a864 (0x00736d33) x26 0x0000035d
core   0: 0x8000a868 (0x5f1afd93) andi    s11, s5, 1521
core   0: 3 0x8000a868 (0x5f1afd93) x27 0x00000000
core   0: 0x8000a86c (0xaf4a0d13) addi    s10, s4, -1292
core   0: 3 0x8000a86c (0xaf4a0d13) x26 0x7fc6adaf
core   0: 0x8000a870 (0x02a04a63) blt     zero, a0, pc + 52
core   0: 3 0x8000a870 (0x02a04a63)
core   0: 0x8000a874 (0x01d394b3) sll     s1, t2, t4
core   0: 3 0x8000a874 (0x01d394b3) x 9 0x00000001
core   0: 0x8000a878 (0x003a8333) add     t1, s5, gp
core   0: 3 0x8000a878 (0x003a8333) x 6 0xfffc23e6
core   0: 0x8000a87c (0x01019a63) bne     gp, a6, pc + 20
core   0: 3 0x8000a87c (0x01019a63)
core   0: 0x8000a890 (0x00000013) nop
core   0: 3 0x8000a890 (0x00000013)
core   0: 0x8000a894 (0x41a8de13) srai    t3, a7, 26
core   0: 3 0x8000a894 (0x41a8de13) x28 0x00000000
core   0: 0x8000a898 (0x019a1713) slli    a4, s4, 25
core   0: 3 0x8000a898 (0x019a1713) x14 0x76000000
core   0: 0x8000a89c (0xee491a37) lui     s4, 0xee491
core   0: 3 0x8000a89c (0xee491a37) x20 0xee491000
core   0: 0x8000a8a0 (0x00cf31b3) sltu    gp, t5, a2
core   0: 3 0x8000a8a0 (0x00cf31b3) x 3 0x00000001
core   0: 0x8000a8a4 (0x01259bb3) sll     s7, a1, s2
core   0: 3 0x8000a8a4 (0x01259bb3) x23 0x00000000
core   0: 0x8000a8a8 (0x4b623437) lui     s0, 0x4b623
core   0: 3 0x8000a8a8 (0x4b623437) x 8 0x4b623000
core   0: 0x8000a8ac (0xd4864913) xori    s2, a2, -696
core   0: 3 0x8000a8ac (0xd4864913) x18 0x9c9b0d48
core   0: 0x8000a8b0 (0x01289d13) slli    s10, a7, 18
core   0: 3 0x8000a8b0 (0x01289d13) x26 0x00000000
core   0: 0x8000a8b4 (0x01f1f663) bgeu    gp, t6, pc + 12
core   0: 3 0x8000a8b4 (0x01f1f663)
core   0: 0x8000a8b8 (0x917c3093) sltiu   ra, s8, -1769
core   0: 3 0x8000a8b8 (0x917c3093) x 1 0x00000001
core   0: 0x8000a8bc (0x0006a3b3) slt     t2, a3, zero
core   0: 3 0x8000a8bc (0x0006a3b3) x 7 0x00000000
core   0: 0x8000a8c0 (0x3c337193) andi    gp, t1, 963
core   0: 3 0x8000a8c0 (0x3c337193) x 3 0x000003c2
core   0: 0x8000a8c4 (0x05a91463) bne     s2, s10, pc + 72
core   0: 3 0x8000a8c4 (0x05a91463)
core   0: 0x8000a90c (0x016bd633) srl     a2, s7, s6
core   0: 3 0x8000a90c (0x016bd633) x12 0x00000000
core   0: 0x8000a910 (0x017fd693) srli    a3, t6, 23
core   0: 3 0x8000a910 (0x017fd693) x13 0x00000132
core   0: 0x8000a914 (0x01067033) and     zero, a2, a6
core   0: 3 0x8000a914 (0x01067033)
core   0: 0x8000a918 (0x99d53a13) sltiu   s4, a0, -1635
core   0: 3 0x8000a918 (0x99d53a13) x20 0x00000001
core   0: 0x8000a91c (0x32f5ed13) ori     s10, a1, 815
core   0: 3 0x8000a91c (0x32f5ed13) x26 0x0000032f
core   0: 0x8000a920 (0x8d9d0e13) addi    t3, s10, -1831
core   0: 3 0x8000a920 (0x8d9d0e13) x28 0xfffffc08
core   0: 0x8000a924 (0xab4fe113) ori     sp, t6, -1356
core   0: 3 0x8000a924 (0xab4fe113) x 2 0xfffffeb4
core   0: 0x8000a928 (0x00254db3) xor     s11, a0, sp
core   0: 3 0x8000a928 (0x00254db3) x27 0xfffffeb4
core   0: 0x8000a92c (0x01862033) slt     zero, a2, s8
core   0: 3 0x8000a92c (0x01862033)
core   0: 0x8000a930 (0x012f0933) add     s2, t5, s2
core   0: 3 0x8000a930 (0x012f0933) x18 0x9c9b0d48
core   0: 0x8000a934 (0x416a5d33) sra     s10, s4, s6
core   0: 3 0x8000a934 (0x416a5d33) x26 0x00000000
core   0: 0x8000a938 (0xb79ae193) ori     gp, s5, -1159
core   0: 3 0x8000a938 (0xb79ae193) x 3 0xfffffb79
core   0: 0x8000a93c (0x004aea33) or      s4, s5, tp
core   0: 3 0x8000a93c (0x004aea33) x20 0x8002bce4
core   0: 0x8000a940 (0x00de5013) srli    zero, t3, 13
core   0: 3 0x8000a940 (0x00de5013)
core   0: 0x8000a944 (0x41475033) sra     zero, a4, s4
core   0: 3 0x8000a944 (0x41475033)
core   0: 0x8000a948 (0x02864263) blt     a2, s0, pc + 36
core   0: 3 0x8000a948 (0x02864263)
core   0: 0x8000a96c (0x019f6e63) bltu    t5, s9, pc + 28
core   0: 3 0x8000a96c (0x019f6e63)
core   0: 0x8000a988 (0x01ac8c33) add     s8, s9, s10
core   0: 3 0x8000a988 (0x01ac8c33) x24 0x9946a3c8
core   0: 0x8000a98c (0x00dd7a33) and     s4, s10, a3
core   0: 3 0x8000a98c (0x00dd7a33) x20 0x00000000
core   0: 0x8000a990 (0x0074d663) bge     s1, t2, pc + 12
core   0: 3 0x8000a990 (0x0074d663)
core   0: 0x8000a99c (0x0013d333) srl     t1, t2, ra
core   0: 3 0x8000a99c (0x0013d333) x 6 0x00000000
core   0: 0x8000a9a0 (0x00b05663) bge     zero, a1, pc + 12
core   0: 3 0x8000a9a0 (0x00b05663)
core   0: 0x8000a9ac (0x413555b3) sra     a1, a0, s3
core   0: 3 0x8000a9ac (0x413555b3) x11 0x00000000
core   0: 0x8000a9b0 (0x3d646013) ori     zero, s0, 982
core   0: 3 0x8000a9b0 (0x3d646013)
core   0: 0x8000a9b4 (0x026bd663) bge     s7, t1, pc + 44
core   0: 3 0x8000a9b4 (0x026bd663)
core   0: 0x8000a9e0 (0x0144bd33) sltu    s10, s1, s4
core   0: 3 0x8000a9e0 (0x0144bd33) x26 0x00000000
core   0: 0x8000a9e4 (0x41a45cb3) sra     s9, s0, s10
core   0: 3 0x8000a9e4 (0x41a45cb3) x25 0x4b623000
core   0: 0x8000a9e8 (0x401b5b93) srai    s7, s6, 1
core   0: 3 0x8000a9e8 (0x401b5b93) x23 0xc0013f32
core   0: 0x8000a9ec (0x04ffc863) blt     t6, a5, pc + 80
core   0: 3 0x8000a9ec (0x04ffc863)
core   0: 0x8000aa3c (0x40845533) sra     a0, s0, s0
core   0: 3 0x8000aa3c (0x40845533) x10 0x4b623000
core   0: 0x8000aa40 (0x01cb7733) and     a4, s6, t3
core   0: 3 0x8000aa40 (0x01cb7733) x14 0x80027c00
core   0: 0x8000aa44 (0x00006197) auipc   gp, 0x6
core   0: 3 0x8000aa44 (0x00006197) x 3 0x80010a44
core   0: 0x8000aa48 (0x92418193) addi    gp, gp, -1756
core   0: 3 0x8000aa48 (0x92418193) x 3 0x80010368
core   0: 0x8000aa4c (0xb1f4f393) andi    t2, s1, -1249
core   0: 3 0x8000aa4c (0xb1f4f393) x 7 0x00000001
core   0: 0x8000aa50 (0x0000100f) fence.i
core   0: 3 0x8000aa50 (0x0000100f)
core   0: 0x8000aa54 (0x00000013) nop
core   0: 3 0x8000aa54 (0x00000013)
core   0: 0x8000aa58 (0x01b168b3) or      a7, sp, s11
core   0: 3 0x8000aa58 (0x01b168b3) x17 0xfffffeb4
core   0: 0x8000aa5c (0xe2e18193) addi    gp, gp, -466
core   0: 3 0x8000aa5c (0xe2e18193) x 3 0x80010196
core   0: 0x8000aa60 (0x0000100f) fence.i
core   0: 3 0x8000aa60 (0x0000100f)
core   0: 0x8000aa64 (0xbd393813) sltiu   a6, s2, -1069
core   0: 3 0x8000aa64 (0xbd393813) x16 0x00000001
core   0: 0x8000aa68 (0x0157d833) srl     a6, a5, s5
core   0: 3 0x8000aa68 (0x0157d833) x16 0x00000102
core   0: 0x8000aa6c (0x1d218367) jalr    t1, gp, 466
core   0: 3 0x8000aa6c (0x1d218367) x 6 0x8000aa70
core   0: 0x80010368 (0x00d35a13) srli    s4, t1, 13
core   0: 3 0x80010368 (0x00d35a13) x20 0x00040005
core   0: 0x8001036c (0x0000100f) fence.i
core   0: 3 0x8001036c (0x0000100f)
core   0: 0x80010370 (0x01aed263) bge     t4, s10, pc + 4
core   0: 3 0x80010370 (0x01aed263)
core   0: 0x80010374 (0xfc0b0b13) addi    s6, s6, -64
core   0: 3 0x80010374 (0xfc0b0b13) x22 0x80027e24
core   0: 0x80010378 (0x41830833) sub     a6, t1, s8
core   0: 3 0x80010378 (0x41830833) x16 0xe6ba06a8
core   0: 0x8001037c (0x3e72ed13) ori     s10, t0, 999
core   0: 3 0x8001037c (0x3e72ed13) x26 0x000003e7
core   0: 0x80010380 (0x006b2223) sw      t1, 4(s6)
core   0: 3 0x80010380 (0x006b2223) mem 0x80027e28 0x8000aa70
core   0: 0x80010384 (0x40d5d133) sra     sp, a1, a3
core   0: 3 0x80010384 (0x40d5d133) x 2 0x00000000
core   0: 0x80010388 (0x00000013) nop
core   0: 3 0x80010388 (0x00000013)
core   0: 0x8001038c (0x411205b3) sub     a1, tp, a7
core   0: 3 0x8001038c (0x411205b3) x11 0x8002be30
core   0: 0x80010390 (0x4155dc93) srai    s9, a1, 21
core   0: 3 0x80010390 (0x4155dc93) x25 0xfffffc00
core   0: 0x80010394 (0x00002117) auipc   sp, 0x2
core   0: 3 0x80010394 (0x00002117) x 2 0x80012394
core   0: 0x80010398 (0x0e010113) addi    sp, sp, 224
core   0: 3 0x80010398 (0x0e010113) x 2 0x80012474
core   0: 0x8001039c (0x00829433) sll     s0, t0, s0
core   0: 3 0x8001039c (0x00829433) x 8 0x00000000
core   0: 0x800103a0 (0x00fa8bb3) add     s7, s5, a5
core   0: 3 0x800103a0 (0x00fa8bb3) x23 0x00000102
core   0: 0x800103a4 (0x2ef10fa3) sb      a5, 767(sp)
core   0: 3 0x800103a4 (0x2ef10fa3) mem 0x80012773 0x2
core   0: 0x800103a8 (0x40890433) sub     s0, s2, s0
core   0: 3 0x800103a8 (0x40890433) x 8 0x9c9b0d48
core   0: 0x800103ac (0x0052aab3) slt     s5, t0, t0
core   0: 3 0x800103ac (0x0052aab3) x21 0x00000000
core   0: 0x800103b0 (0x5b7104a3) sb      s7, 1449(sp)
core   0: 3 0x800103b0 (0x5b7104a3) mem 0x80012a1d 0x2
core   0: 0x800103b4 (0x36810ba3) sb      s0, 887(sp)
core   0: 3 0x800103b4 (0x36810ba3) mem 0x800127eb 0x48
core   0: 0x800103b8 (0x30f105a3) sb      a5, 779(sp)
core   0: 3 0x800103b8 (0x30f105a3) mem 0x8001277f 0x2
core   0: 0x800103bc (0x9fdbb913) sltiu   s2, s7, -1539
core   0: 3 0x800103bc (0x9fdbb913) x18 0x00000001
core   0: 0x800103c0 (0x0cf109a3) sb      a5, 211(sp)
core   0: 3 0x800103c0 (0x0cf109a3) mem 0x80012547 0x2
core   0: 0x800103c4 (0x00e41913) slli    s2, s0, 14
core   0: 3 0x800103c4 (0x00e41913) x18 0xc3520000
core   0: 0x800103c8 (0x00f45913) srli    s2, s0, 15
core   0: 3 0x800103c8 (0x00f45913) x18 0x00013936
core   0: 0x800103cc (0x012be933) or      s2, s7, s2
core   0: 3 0x800103cc (0x012be933) x18 0x00013936
core   0: 0x800103d0 (0x4d412783) lw      a5, 1236(sp)
core   0: 3 0x800103d0 (0x4d412783) x15 0x00010203 mem 0x80012948
core   0: 0x800103d4 (0xf9815403) lhu     s0, -104(sp)
core   0: 3 0x800103d4 (0xf9815403) x 8 0x00000000 mem 0x8001240c
core   0: 0x800103d8 (0x49210523) sb      s2, 1162(sp)
core   0: 3 0x800103d8 (0x49210523) mem 0x800128fe 0x36
core   0: 0x800103dc (0x25510da3) sb      s5, 603(sp)
core   0: 3 0x800103dc (0x25510da3) mem 0x800126cf 0x0
core   0: 0x800103e0 (0x4e810723) sb      s0, 1262(sp)
core   0: 3 0x800103e0 (0x4e810723) mem 0x80012962 0x0
core   0: 0x800103e4 (0xa2f97293) andi    t0, s2, -1489
core   0: 3 0x800103e4 (0xa2f97293) x 5 0x00013826
core   0: 0x800103e8 (0x33815903) lhu     s2, 824(sp)
core   0: 3 0x800103e8 (0x33815903) x18 0x00006667 mem 0x800127ac
core   0: 0x800103ec (0xf3011403) lh      s0, -208(sp)
core   0: 3 0x800103ec (0xf3011403) x 8 0xffff845f mem 0x800123a4
core   0: 0x800103f0 (0x34714903) lbu     s2, 839(sp)
core   0: 3 0x800103f0 (0x34714903) x18 0x00000070 mem 0x800127bb
core   0: 0x800103f4 (0x0ff0000f) fence   iorw,iorw
core   0: 3 0x800103f4 (0x0ff0000f)
core   0: 0x800103f8 (0x6b210f23) sb      s2, 1726(sp)
core   0: 3 0x800103f8 (0x6b210f23) mem 0x80012b32 0x70
core   0: 0x800103fc (0x017bb7b3) sltu    a5, s7, s7
core   0: 3 0x800103fc (0x017bb7b3) x15 0x00000000
core   0: 0x80010400 (0xca144793) xori    a5, s0, -863
core   0: 3 0x80010400 (0xca144793) x15 0x000078fe
core   0: 0x80010404 (0x5a710b83) lb      s7, 1447(sp)
core   0: 3 0x80010404 (0x5a710b83) x23 0xffffffd0 mem 0x80012a1b
core   0: 0x80010408 (0x13614783) lbu     a5, 310(sp)
core   0: 3 0x80010408 (0x13614783) x15 0x00000061 mem 0x800125aa
core   0: 0x8001040c (0x00002117) auipc   sp, 0x2
core   0: 3 0x8001040c (0x00002117) x 2 0x8001240c
core   0: 0x80010410 (0x5d210113) addi    sp, sp, 1490
core   0: 3 0x80010410 (0x5d210113) x 2 0x800129de
core   0: 0x80010414 (0x413f8f33) sub     t5, t6, s3
core   0: 3 0x80010414 (0x413f8f33) x30 0x9ae1b778
core   0: 0x80010418 (0xff310d03) lb      s10, -13(sp)
core   0: 3 0x80010418 (0xff310d03) x26 0xffffff8a mem 0x800129d1
core   0: 0x8001041c (0x41485d33) sra     s10, a6, s4
core   0: 3 0x8001041c (0x41485d33) x26 0xff35d035
core   0: 0x80010420 (0x01031f33) sll     t5, t1, a6
core   0: 3 0x80010420 (0x01031f33) x30 0x00aa7000
core   0: 0x80010424 (0x226a2a93) slti    s5, s4, 550
core   0: 3 0x80010424 (0x226a2a93) x21 0x00000000
core   0: 0x80010428 (0x019101a3) sb      s9, 3(sp)
core   0: 3 0x80010428 (0x019101a3) mem 0x800129e1 0x0
core   0: 0x8001042c (0x00e106a3) sb      a4, 13(sp)
core   0: 3 0x8001042c (0x00e106a3) mem 0x800129eb 0x0
core   0: 0x80010430 (0xe8de2e93) slti    t4, t3, -371
core   0: 3 0x80010430 (0xe8de2e93) x29 0x00000001
core   0: 0x80010434 (0xffd10c03) lb      s8, -3(sp)
core   0: 3 0x80010434 (0xffd10c03) x24 0xffffff90 mem 0x800129db
core   0: 0x80010438 (0x128f0a17) auipc   s4, 0x128f0
core   0: 3 0x80010438 (0x128f0a17) x20 0x92900438
core   0: 0x8001043c (0x2589f893) andi    a7, s3, 600
core   0: 3 0x8001043c (0x2589f893) x17 0x00000018
core   0: 0x80010440 (0x00ecbdb3) sltu    s11, s9, a4
core   0: 3 0x80010440 (0x00ecbdb3) x27 0x00000000
core   0: 0x80010444 (0x0079cdb3) xor     s11, s3, t2
core   0: 3 0x80010444 (0x0079cdb3) x27 0xfe64ec9d
core   0: 0x80010448 (0xe6f1f493) andi    s1, gp, -401
core   0: 3 0x80010448 (0xe6f1f493) x 9 0x80010006
core   0: 0x8001044c (0x415e5713) srai    a4, t3, 21
core   0: 3 0x8001044c (0x415e5713) x14 0xffffffff
core   0: 0x80010450 (0x012b5933) srl     s2, s6, s2
core   0: 3 0x80010450 (0x012b5933) x18 0x00008002
core   0: 0x80010454 (0x41f45813) srai    a6, s0, 31
core   0: 3 0x80010454 (0x41f45813) x16 0xffffffff
core   0: 0x80010458 (0x66657a13) andi    s4, a0, 1638
core   0: 3 0x80010458 (0x66657a13) x20 0x00000000
core   0: 0x8001045c (0x019300b3) add     ra, t1, s9
core   0: 3 0x8001045c (0x019300b3) x 1 0x8000a670
core   0: 0x80010460 (0xffe14303) lbu     t1, -2(sp)
core   0: 3 0x80010460 (0xffe14303) x 6 0x00000097 mem 0x800129dc
core   0: 0x80010464 (0x001cc5b3) xor     a1, s9, ra
core   0: 3 0x80010464 (0x001cc5b3) x11 0x7fff5a70
core   0: 0x80010468 (0x00310303) lb      t1, 3(sp)
core   0: 3 0x80010468 (0x00310303) x 6 0x00000000 mem 0x800129e1
core   0: 0x8001046c (0x01eed0b3) srl     ra, t4, t5
core   0: 3 0x8001046c (0x01eed0b3) x 1 0x00000001
core   0: 0x80010470 (0x3b7ea293) slti    t0, t4, 951
core   0: 3 0x80010470 (0x3b7ea293) x 5 0x00000001
core   0: 0x80010474 (0xcce1ef93) ori     t6, gp, -818
core   0: 3 0x80010474 (0xcce1ef93) x31 0xfffffdde
core   0: 0x80010478 (0xff710e83) lb      t4, -9(sp)
core   0: 3 0x80010478 (0xff710e83) x29 0x00000000 mem 0x800129d5
core   0: 0x8001047c (0x00685a13) srli    s4, a6, 6
core   0: 3 0x8001047c (0x00685a13) x20 0x03ffffff
core   0: 0x80010480 (0x00000013) nop
core   0: 3 0x80010480 (0x00000013)
core   0: 0x80010484 (0x00b10883) lb      a7, 11(sp)
core   0: 3 0x80010484 (0x00b10883) x17 0xffffffa2 mem 0x800129e9
core   0: 0x80010488 (0x0064a4b3) slt     s1, s1, t1
core   0: 3 0x80010488 (0x0064a4b3) x 9 0x00000001
core   0: 0x8001048c (0x000a9633) sll     a2, s5, zero
core   0: 3 0x8001048c (0x000a9633) x12 0x00000000
core   0: 0x80010490 (0xffc10a23) sb      t3, -12(sp)
core   0: 3 0x80010490 (0xffc10a23) mem 0x800129d2 0x8
core   0: 0x80010494 (0x006968b3) or      a7, s2, t1
core   0: 3 0x80010494 (0x006968b3) x17 0x00008002
core   0: 0x80010498 (0x007ba2b3) slt     t0, s7, t2
core   0: 3 0x80010498 (0x007ba2b3) x 5 0x00000001
core   0: 0x8001049c (0x01a11823) sh      s10, 16(sp)
core   0: 3 0x8001049c (0x01a11823) mem 0x800129ee 0xd035
core   0: 0x800104a0 (0xff415603) lhu     a2, -12(sp)
core   0: 3 0x800104a0 (0xff415603) x12 0x00008808 mem 0x800129d2
core   0: 0x800104a4 (0x00a00793) li      a5, 10
core   0: 3 0x800104a4 (0x00a00793) x15 0x0000000a
core   0: 0x800104a8 (0x32a82393) slti    t2, a6, 810
core   0: 3 0x800104a8 (0x32a82393) x 7 0x00000001
core   0: 0x800104ac (0x720ba813) slti    a6, s7, 1824
core   0: 3 0x800104ac (0x720ba813) x16 0x00000001
core   0: 0x800104b0 (0xe7077f13) andi    t5, a4, -400
core   0: 3 0x800104b0 (0xe7077f13) x30 0xfffffe70
core   0: 0x800104b4 (0x70f572b7) lui     t0, 0x70f57
core   0: 3 0x800104b4 (0x70f572b7) x 5 0x70f57000
core   0: 0x800104b8 (0x41c75b93) srai    s7, a4, 28
core   0: 3 0x800104b8 (0x41c75b93) x23 0xffffffff
core   0: 0x800104bc (0x0ff0000f) fence   iorw,iorw
core   0: 3 0x800104bc (0x0ff0000f)
core   0: 0x800104c0 (0xec5aeb93) ori     s7, s5, -315
core   0: 3 0x800104c0 (0xec5aeb93) x23 0xfffffec5
core   0: 0x800104c4 (0x00000013) nop
core   0: 3 0x800104c4 (0x00000013)
core   0: 0x800104c8 (0x405880b3) sub     ra, a7, t0
core   0: 3 0x800104c8 (0x405880b3) x 1 0x8f0b1002
core   0: 0x800104cc (0x00600613) li      a2, 6
core   0: 3 0x800104cc (0x00600613) x12 0x00000006
core   0: 0x800104d0 (0x00000013) nop
core   0: 3 0x800104d0 (0x00000013)
core   0: 0x800104d4 (0x012ed513) srli    a0, t4, 18
core   0: 3 0x800104d4 (0x012ed513) x10 0x00000000
core   0: 0x800104d8 (0x00b942b3) xor     t0, s2, a1
core   0: 3 0x800104d8 (0x00b942b3) x 5 0x7fffda72
core   0: 0x800104dc (0x00228933) add     s2, t0, sp
core   0: 3 0x800104dc (0x00228933) x18 0x00010450
core   0: 0x800104e0 (0x7cb1f393) andi    t2, gp, 1995
core   0: 3 0x800104e0 (0x7cb1f393) x 7 0x00000182
core   0: 0x800104e4 (0x0000100f) fence.i
core   0: 3 0x800104e4 (0x0000100f)
core   0: 0x800104e8 (0x013d2433) slt     s0, s10, s3
core   0: 3 0x800104e8 (0x013d2433) x 8 0x00000000
core   0: 0x800104ec (0x001b4ab3) xor     s5, s6, ra
core   0: 3 0x800104ec (0x001b4ab3) x21 0x0f096e26
core   0: 0x800104f0 (0xf8ce4293) xori    t0, t3, -116
core   0: 3 0x800104f0 (0xf8ce4293) x 5 0x00000384
core   0: 0x800104f4 (0x01526db3) or      s11, tp, s5
core   0: 3 0x800104f4 (0x01526db3) x27 0x8f0bfee6
core   0: 0x800104f8 (0x0175af33) slt     t5, a1, s7
core   0: 3 0x800104f8 (0x0175af33) x30 0x00000000
core   0: 0x800104fc (0x01ce00b3) add     ra, t3, t3
core   0: 3 0x800104fc (0x01ce00b3) x 1 0xfffff810
core   0: 0x80010500 (0x41965693) srai    a3, a2, 25
core   0: 3 0x80010500 (0x41965693) x13 0x00000000
core   0: 0x80010504 (0xffb78793) addi    a5, a5, -5
core   0: 3 0x80010504 (0xffb78793) x15 0x00000005
core   0: 0x80010508 (0x0045e033) or      zero, a1, tp
core   0: 3 0x80010508 (0x0045e033)
core   0: 0x8001050c (0x002500b3) add     ra, a0, sp
core   0: 3 0x8001050c (0x002500b3) x 1 0x800129de
core   0: 0x80010510 (0x006b3cb3) sltu    s9, s6, t1
core   0: 3 0x80010510 (0x006b3cb3) x25 0x00000000
core   0: 0x80010514 (0xfcc7f4e3) bgeu    a5, a2, pc - 56
core   0: 3 0x80010514 (0xfcc7f4e3)
core   0: 0x80010518 (0x00000013) nop
core   0: 3 0x80010518 (0x00000013)
core   0: 0x8001051c (0x00010197) auipc   gp, 0x10
core   0: 3 0x8001051c (0x00010197) x 3 0x8002051c
core   0: 0x80010520 (0xb5218193) addi    gp, gp, -1198
core   0: 3 0x80010520 (0xb5218193) x 3 0x8002006e
core   0: 0x80010524 (0x00003497) auipc   s1, 0x3
core   0: 3 0x80010524 (0x00003497) x 9 0x80013524
core   0: 0x80010528 (0x93b48493) addi    s1, s1, -1733
core   0: 3 0x80010528 (0x93b48493) x 9 0x80012e5f
core   0: 0x8001052c (0xfe118a83) lb      s5, -31(gp)
core   0: 3 0x8001052c (0xfe118a83) x21 0x00000004 mem 0x8002004f
core   0: 0x80010530 (0x0ae189a3) sb      a4, 179(gp)
core   0: 3 0x80010530 (0x0ae189a3) mem 0x80020121 0xff
core   0: 0x80010534 (0xf4518b83) lb      s7, -187(gp)
core   0: 3 0x80010534 (0xf4518b83) x23 0x00000068 mem 0x8001ffb3
core   0: 0x80010538 (0xe3c48223) sb      t3, -476(s1)
core   0: 3 0x80010538 (0xe3c48223) mem 0x80012c83 0x8
core   0: 0x8001053c (0x9f94d683) lhu     a3, -1543(s1)
core   0: 3 0x8001053c (0x9f94d683) x13 0x00001213 mem 0x80012858
core   0: 0x80010540 (0x05d1cf83) lbu     t6, 93(gp)
core   0: 3 0x80010540 (0x05d1cf83) x31 0x00000080 mem 0x800200cb
core   0: 0x80010544 (0x8a54a783) lw      a5, -1883(s1)
core   0: 3 0x80010544 (0x8a54a783) x15 0x0001be75 mem 0x80012704
core   0: 0x80010548 (0x01c48f83) lb      t6, 28(s1)
core   0: 3 0x80010548 (0x01c48f83) x31 0x00000030 mem 0x80012e7b
core   0: 0x8001054c (0x0df189a3) sb      t6, 211(gp)
core   0: 3 0x8001054c (0x0df189a3) mem 0x80020141 0x30
core   0: 0x80010550 (0xbf549aa3) sh      s5, -1035(s1)
core   0: 3 0x80010550 (0xbf549aa3) mem 0x80012a54 0x0004
core   0: 0x80010554 (0xf301c603) lbu     a2, -208(gp)
core   0: 3 0x80010554 (0xf301c603) x12 0x00000055 mem 0x8001ff9e
core   0: 0x80010558 (0x92e4cc83) lbu     s9, -1746(s1)
core   0: 3 0x80010558 (0x92e4cc83) x25 0x00000046 mem 0x8001278d
core   0: 0x8001055c (0x0bc1cc83) lbu     s9, 188(gp)
core   0: 3 0x8001055c (0x0bc1cc83) x25 0x00000057 mem 0x8002012a
core   0: 0x80010560 (0x09718803) lb      a6, 151(gp)
core   0: 3 0x80010560 (0x09718803) x16 0xffffffbe mem 0x80020105
core   0: 0x80010564 (0xfc24c583) lbu     a1, -62(s1)
core   0: 3 0x80010564 (0xfc24c583) x11 0x000000da mem 0x80012e21
core   0: 0x80010568 (0xf5c19923) sh      t3, -174(gp)
core   0: 3 0x80010568 (0xf5c19923) mem 0x8001ffc0 0xfc08
core   0: 0x8001056c (0x9fe48803) lb      a6, -1538(s1)
core   0: 3 0x8001056c (0x9fe48803) x16 0xffffffff mem 0x8001285d
core   0: 0x80010570 (0xfd61dd03) lhu     s10, -42(gp)
core   0: 3 0x80010570 (0xfd61dd03) x26 0x0000feff mem 0x80020044
core   0: 0x80010574 (0xa8e485a3) sb      a4, -1397(s1)
core   0: 3 0x80010574 (0xa8e485a3) mem 0x800128ea 0xff
core   0: 0x80010578 (0x00012697) auipc   a3, 0x12
core   0: 3 0x80010578 (0x00012697) x13 0x80022578
core   0: 0x8001057c (0xee968693) addi    a3, a3, -279
core   0: 3 0x8001057c (0xee968693) x13 0x80022461
core   0: 0x80010580 (0x00002c97) auipc   s9, 0x2
core   0: 3 0x80010580 (0x00002c97) x25 0x80012580
core   0: 0x80010584 (0x451c8c93) addi    s9, s9, 1105
core   0: 3 0x80010584 (0x451c8c93) x25 0x800129d1
core   0: 0x80010588 (0x02869ea3) sh      s0, 61(a3)
core   0: 3 0x80010588 (0x02869ea3) mem 0x8002249e 0x0000
core   0: 0x8001058c (0x00a697a3) sh      a0, 15(a3)
core   0: 3 0x8001058c (0x00a697a3) mem 0x80022470 0x0000
core   0: 0x80010590 (0x03ac8483) lb      s1, 58(s9)
core   0: 3 0x80010590 (0x03ac8483) x 9 0xffffffc0 mem 0x80012a0b
core   0: 0x80010594 (0xfdc68103) lb      sp, -36(a3)
core   0: 3 0x80010594 (0xfdc68103) x 2 0xfffffff6 mem 0x8002243d
core   0: 0x80010598 (0xffac8b23) sb      s10, -10(s9)
core   0: 3 0x80010598 (0xffac8b23) mem 0x800129c7 0xff
core   0: 0x8001059c (0xfd0c8723) sb      a6, -50(s9)
core   0: 3 0x8001059c (0xfd0c8723) mem 0x8001299f 0xff
core   0: 0x800105a0 (0x0066c583) lbu     a1, 6(a3)
core   0: 3 0x800105a0 (0x0066c583) x11 0x0000001c mem 0x80022467
core   0: 0x800105a4 (0x010c8883) lb      a7, 16(s9)
core   0: 3 0x800105a4 (0x010c8883) x17 0x00000000 mem 0x800129e1
core   0: 0x800105a8 (0xfefc9183) lh      gp, -17(s9)
core   0: 3 0x800105a8 (0xfefc9183) x 3 0x00007a7b mem 0x800129c0
core   0: 0x800105ac (0xff86c883) lbu     a7, -8(a3)
core   0: 3 0x800105ac (0xff86c883) x17 0x00000012 mem 0x80022459
core   0: 0x800105b0 (0x004c8f83) lb      t6, 4(s9)
core   0: 3 0x800105b0 (0x004c8f83) x31 0x00000000 mem 0x800129d5
core   0: 0x800105b4 (0xfd368783) lb      a5, -45(a3)
core   0: 3 0x800105b4 (0xfd368783) x15 0xffffffef mem 0x80022434
core   0: 0x800105b8 (0x0056d583) lhu     a1, 5(a3)
core   0: 3 0x800105b8 (0x0056d583) x11 0x00001c1d mem 0x80022466
core   0: 0x800105bc (0xfdec8903) lb      s2, -34(s9)
core   0: 3 0x800105bc (0xfdec8903) x18 0xffffffff mem 0x800129af
core   0: 0x800105c0 (0xff068c23) sb      a6, -8(a3)
core   0: 3 0x800105c0 (0xff068c23) mem 0x80022459 0xff
core   0: 0x800105c4 (0x00dc8783) lb      a5, 13(s9)
core   0: 3 0x800105c4 (0x00dc8783) x15 0xffffff95 mem 0x800129de
core   0: 0x800105c8 (0x01e68323) sb      t5, 6(a3)
core   0: 3 0x800105c8 (0x01e68323) mem 0x80022467 0x0
core   0: 0x800105cc (0xff86ca83) lbu     s5, -8(a3)
core   0: 3 0x800105cc (0xff86ca83) x21 0x000000ff mem 0x80022459
core   0: 0x800105d0 (0x0340036f) jal     t1, pc + 0x34
core   0: 3 0x800105d0 (0x0340036f) x 6 0x800105d4
core   0: 0x80010604 (0xfddff0ef) jal     pc - 0x24
core   0: 3 0x80010604 (0xfddff0ef) x 1 0x80010608
core   0: 0x800105e0 (0xffdff0ef) jal     pc - 0x4
core   0: 3 0x800105e0 (0xffdff0ef) x 1 0x800105e4
core   0: 0x800105dc (0x01c000ef) jal     pc + 0x1c
core   0: 3 0x800105dc (0x01c000ef) x 1 0x800105e0
core   0: 0x800105f8 (0x0040036f) jal     t1, pc + 0x4
core   0: 3 0x800105f8 (0x0040036f) x 6 0x800105fc
core   0: 0x800105fc (0x00c001ef) jal     gp, pc + 0xc
core   0: 3 0x800105fc (0x00c001ef) x 3 0x80010600
core   0: 0x80010608 (0xfe1ff36f) jal     t1, pc - 0x20
core   0: 3 0x80010608 (0xfe1ff36f) x 6 0x8001060c
core   0: 0x800105e8 (0xfedff2ef) jal     t0, pc - 0x14
core   0: 3 0x800105e8 (0xfedff2ef) x 5 0x800105ec
core   0: 0x800105d4 (0x018000ef) jal     pc + 0x18
core   0: 3 0x800105d4 (0x018000ef) x 1 0x800105d8
core   0: 0x800105ec (0xff9ff2ef) jal     t0, pc - 0x8
core   0: 3 0x800105ec (0xff9ff2ef) x 5 0x800105f0
core   0: 0x800105e4 (0x02c000ef) jal     pc + 0x2c
core   0: 3 0x800105e4 (0x02c000ef) x 1 0x800105e8
core   0: 0x80010610 (0xfe5ff0ef) jal     pc - 0x1c
core   0: 3 0x80010610 (0xfe5ff0ef) x 1 0x80010614
core   0: 0x800105f4 (0xfe5ff0ef) jal     pc - 0x1c
core   0: 3 0x800105f4 (0xfe5ff0ef) x 1 0x800105f8
core   0: 0x800105d8 (0x034000ef) jal     pc + 0x34
core   0: 3 0x800105d8 (0x034000ef) x 1 0x800105dc
core   0: 0x8001060c (0xff5ff7ef) jal     a5, pc - 0xc
core   0: 3 0x8001060c (0xff5ff7ef) x15 0x80010610
core   0: 0x80010600 (0xff1ff36f) jal     t1, pc - 0x10
core   0: 3 0x80010600 (0xff1ff36f) x 6 0x80010604
core   0: 0x800105f0 (0x0240036f) jal     t1, pc + 0x24
core   0: 3 0x800105f0 (0x0240036f) x 6 0x800105f4
core   0: 0x80010614 (0x01c70c33) add     s8, a4, t3
core   0: 3 0x80010614 (0x01c70c33) x24 0xfffffc07
core   0: 0x80010618 (0x00009717) auipc   a4, 0x9
core   0: 3 0x80010618 (0x00009717) x14 0x80019618
core   0: 0x8001061c (0x31570713) addi    a4, a4, 789
core   0: 3 0x8001061c (0x31570713) x14 0x8001992d
core   0: 0x80010620 (0x02074003) lbu     zero, 32(a4)
core   0: 3 0x80010620 (0x02074003) mem 0x8001994d
core   0: 0x80010624 (0x0032b1b3) sltu    gp, t0, gp
core   0: 3 0x80010624 (0x0032b1b3) x 3 0x00000001
core   0: 0x80010628 (0x40500033) sub     zero, zero, t0
core   0: 3 0x80010628 (0x40500033)
core   0: 0x8001062c (0x01bfd793) srli    a5, t6, 27
core   0: 3 0x8001062c (0x01bfd793) x15 0x00000000
core   0: 0x80010630 (0xff970003) lb      zero, -7(a4)
core   0: 3 0x80010630 (0xff970003) mem 0x80019926
core   0: 0x80010634 (0x40505013) srai    zero, zero, 5
core   0: 3 0x80010634 (0x40505013)
core   0: 0x80010638 (0xff970783) lb      a5, -7(a4)
core   0: 3 0x80010638 (0xff970783) x15 0xffffffdd mem 0x80019926
core   0: 0x8001063c (0x00674003) lbu     zero, 6(a4)
core   0: 3 0x8001063c (0x00674003) mem 0x80019933
core   0: 0x80010640 (0xffe74783) lbu     a5, -2(a4)
core   0: 3 0x80010640 (0xffe74783) x15 0x000000e0 mem 0x8001992b
core   0: 0x80010644 (0x03f70f23) sb      t6, 62(a4)
core   0: 3 0x80010644 (0x03f70f23) mem 0x8001996b 0x0
core   0: 0x80010648 (0xfc270903) lb      s2, -62(a4)
core   0: 3 0x80010648 (0xfc270903) x18 0xffffffa4 mem 0x800198ef
core   0: 0x8001064c (0xa5c18193) addi    gp, gp, -1444
core   0: 3 0x8001064c (0xa5c18193) x 3 0xfffffa5d
core   0: 0x80010650 (0x02370b23) sb      gp, 54(a4)
core   0: 3 0x80010650 (0x02370b23) mem 0x80019963 0x5d
core   0: 0x80010654 (0x00572ba3) sw      t0, 23(a4)
core   0: 3 0x80010654 (0x00572ba3) mem 0x80019944 0x800105f0
core   0: 0x80010658 (0x03c74783) lbu     a5, 60(a4)
core   0: 3 0x80010658 (0x03c74783) x15 0x00000022 mem 0x80019969
core   0: 0x8001065c (0x01c70183) lb      gp, 28(a4)
core   0: 3 0x8001065c (0x01c70183) x 3 0x00000000 mem 0x80019949
core   0: 0x80010660 (0x1642e913) ori     s2, t0, 356
core   0: 3 0x80010660 (0x1642e913) x18 0x800105f4
core   0: 0x80010664 (0xfeb72903) lw      s2, -21(a4)
core   0: 3 0x80010664 (0xfeb72903) x18 0xd0d1d2d3 mem 0x80019918
core   0: 0x80010668 (0x82600913) li      s2, -2010
core   0: 3 0x80010668 (0x82600913) x18 0xfffff826
core   0: 0x8001066c (0x63b1f013) andi    zero, gp, 1595
core   0: 3 0x8001066c (0x63b1f013)
core   0: 0x80010670 (0x00f791b3) sll     gp, a5, a5
core   0: 3 0x80010670 (0x00f791b3) x 3 0x00000088
core   0: 0x80010674 (0x03375183) lhu     gp, 51(a4)
core   0: 3 0x80010674 (0x03375183) x 3 0x00001a1b mem 0x80019960
core   0: 0x80010678 (0x3c2fc293) xori    t0, t6, 962
core   0: 3 0x80010678 (0x3c2fc293) x 5 0x000003c2
core   0: 0x8001067c (0x4057d7b3) sra     a5, a5, t0
core   0: 3 0x8001067c (0x4057d7b3) x15 0x00000008
core   0: 0x80010680 (0x03470283) lb      t0, 52(a4)
core   0: 3 0x80010680 (0x03470283) x 5 0x0000001a mem 0x80019961
core   0: 0x80010684 (0x012fe7b3) or      a5, t6, s2
core   0: 3 0x80010684 (0x012fe7b3) x15 0xfffff826
core   0: 0x80010688 (0xfe0707a3) sb      zero, -17(a4)
core   0: 3 0x80010688 (0xfe0707a3) mem 0x8001991c 0x0
core   0: 0x8001068c (0x02d75183) lhu     gp, 45(a4)
core   0: 3 0x8001068c (0x02d75183) x 3 0x00001011 mem 0x8001995a
core   0: 0x80010690 (0x19f90793) addi    a5, s2, 415
core   0: 3 0x80010690 (0x19f90793) x15 0xfffff9c5
core   0: 0x80010694 (0x023716a3) sh      gp, 45(a4)
core   0: 3 0x80010694 (0x023716a3) mem 0x8001995a 0x1011
core   0: 0x80010698 (0x04070783) lb      a5, 64(a4)
core   0: 3 0x80010698 (0x04070783) x15 0x00000026 mem 0x8001996d
core   0: 0x8001069c (0x00691793) slli    a5, s2, 6
core   0: 3 0x8001069c (0x00691793) x15 0xfffe0980
core   0: 0x800106a0 (0x01274183) lbu     gp, 18(a4)
core   0: 3 0x800106a0 (0x01274183) x 3 0x000000f4 mem 0x8001993f
core   0: 0x800106a4 (0xfe3718a3) sh      gp, -15(a4)
core   0: 3 0x800106a4 (0xfe3718a3) mem 0x8001991e 0x00f4
core   0: 0x800106a8 (0x0040036f) jal     t1, pc + 0x4
core   0: 3 0x800106a8 (0x0040036f) x 6 0x800106ac
core   0: 0x800106ac (0x038006ef) jal     a3, pc + 0x38
core   0: 3 0x800106ac (0x038006ef) x13 0x800106b0
core   0: 0x800106e4 (0x008000ef) jal     pc + 0x8
core   0: 3 0x800106e4 (0x008000ef) x 1 0x800106e8
core   0: 0x800106ec (0xfd5ff46f) jal     s0, pc - 0x2c
core   0: 3 0x800106ec (0xfd5ff46f) x 8 0x800106f0
core   0: 0x800106c0 (0x03c000ef) jal     pc + 0x3c
core   0: 3 0x800106c0 (0x03c000ef) x 1 0x800106c4
core   0: 0x800106fc (0x008000ef) jal     pc + 0x8
core   0: 3 0x800106fc (0x008000ef) x 1 0x80010700
core   0: 0x80010704 (0xfddffd6f) jal     s10, pc - 0x24
core   0: 3 0x80010704 (0xfddffd6f) x26 0x80010708
core   0: 0x800106e0 (0xfddff0ef) jal     pc - 0x24
core   0: 3 0x800106e0 (0xfddff0ef) x 1 0x800106e4
core   0: 0x800106bc (0x02c000ef) jal     pc + 0x2c
core   0: 3 0x800106bc (0x02c000ef) x 1 0x800106c0
core   0: 0x800106e8 (0xfe5ff0ef) jal     pc - 0x1c
core   0: 3 0x800106e8 (0xfe5ff0ef) x 1 0x800106ec
core   0: 0x800106cc (0x0340086f) jal     a6, pc + 0x34
core   0: 3 0x800106cc (0x0340086f) x16 0x800106d0
core   0: 0x80010700 (0xff9ff0ef) jal     pc - 0x8
core   0: 3 0x80010700 (0xff9ff0ef) x 1 0x80010704
core   0: 0x800106f8 (0xffdff0ef) jal     pc - 0x4
core   0: 3 0x800106f8 (0xffdff0ef) x 1 0x800106fc
core   0: 0x800106f4 (0xfddffd6f) jal     s10, pc - 0x24
core   0: 3 0x800106f4 (0xfddffd6f) x26 0x800106f8
core   0: 0x800106d0 (0xff9ff0ef) jal     pc - 0x8
core   0: 3 0x800106d0 (0xff9ff0ef) x 1 0x800106d4
core   0: 0x800106c8 (0xffdff36f) jal     t1, pc - 0x4
core   0: 3 0x800106c8 (0xffdff36f) x 6 0x800106cc
core   0: 0x800106c4 (0x0180036f) jal     t1, pc + 0x18
core   0: 3 0x800106c4 (0x0180036f) x 6 0x800106c8
core   0: 0x800106dc (0xfd5ff0ef) jal     pc - 0x2c
core   0: 3 0x800106dc (0xfd5ff0ef) x 1 0x800106e0
core   0: 0x800106b0 (0x0400046f) jal     s0, pc + 0x40
core   0: 3 0x800106b0 (0x0400046f) x 8 0x800106b4
core   0: 0x800106f0 (0xfe9ff2ef) jal     t0, pc - 0x18
core   0: 3 0x800106f0 (0xfe9ff2ef) x 5 0x800106f4
core   0: 0x800106d8 (0xffdff0ef) jal     pc - 0x4
core   0: 3 0x800106d8 (0xffdff0ef) x 1 0x800106dc
core   0: 0x800106d4 (0xfe1ff0ef) jal     pc - 0x20
core   0: 3 0x800106d4 (0xfe1ff0ef) x 1 0x800106d8
core   0: 0x800106b4 (0x0040016f) jal     sp, pc + 0x4
core   0: 3 0x800106b4 (0x0040016f) x 2 0x800106b8
core   0: 0x800106b8 (0x050000ef) jal     pc + 0x50
core   0: 3 0x800106b8 (0x050000ef) x 1 0x800106bc
core   0: 0x80010708 (0x7e387e13) andi    t3, a6, 2019
core   0: 3 0x80010708 (0x7e387e13) x28 0x000006c0
core   0: 0x8001070c (0x00002f17) auipc   t5, 0x2
core   0: 3 0x8001070c (0x00002f17) x30 0x8001270c
core   0: 0x80010710 (0xeb8f0f13) addi    t5, t5, -328
core   0: 3 0x80010710 (0xeb8f0f13) x30 0x800125c4
core   0: 0x80010714 (0x00002c97) auipc   s9, 0x2
core   0: 3 0x80010714 (0x00002c97) x25 0x80012714
core   0: 0x80010718 (0xe6dc8c93) addi    s9, s9, -403
core   0: 3 0x80010718 (0xe6dc8c93) x25 0x80012581
core   0: 0x8001071c (0x0c8f0d23) sb      s0, 218(t5)
core   0: 3 0x8001071c (0x0c8f0d23) mem 0x8001269e 0xb4
core   0: 0x80010720 (0x755f0403) lb      s0, 1877(t5)
core   0: 3 0x80010720 (0x755f0403) x 8 0xffffffd2 mem 0x80012d19
core   0: 0x80010724 (0x0c4cc703) lbu     a4, 196(s9)
core   0: 3 0x80010724 (0x0c4cc703) x14 0x00000044 mem 0x80012645
core   0: 0x80010728 (0x347f2223) sw      t2, 836(t5)
core   0: 3 0x80010728 (0x347f2223) mem 0x80012908 0x00000182
core   0: 0x8001072c (0x665f4303) lbu     t1, 1637(t5)
core   0: 3 0x8001072c (0x665f4303) x 6 0x000000e2 mem 0x80012c29
core   0: 0x80010730 (0xf55ccd83) lbu     s11, -171(s9)
core   0: 3 0x80010730 (0xf55ccd83) x27 0x0000008d mem 0x800124d6
core   0: 0x80010734 (0x02fcd903) lhu     s2, 47(s9)
core   0: 3 0x80010734 (0x02fcd903) x18 0x00006a6b mem 0x800125b0
core   0: 0x80010738 (0xd27f1123) sh      t2, -734(t5)
core   0: 3 0x80010738 (0xd27f1123) mem 0x800122e6 0x0182
core   0: 0x8001073c (0x0c4ccd83) lbu     s11, 196(s9)
core   0: 3 0x8001073c (0x0c4ccd83) x27 0x00000044 mem 0x80012645
core   0: 0x80010740 (0x53cf2d03) lw      s10, 1340(t5)
core   0: 3 0x80010740 (0x53cf2d03) x26 0xb8b9babb mem 0x80012b00
core   0: 0x80010744 (0x0ecf4883) lbu     a7, 236(t5)
core   0: 3 0x80010744 (0x0ecf4883) x17 0x0000006b mem 0x800126b0
core   0: 0x80010748 (0x05cc8503) lb      a0, 92(s9)
core   0: 3 0x80010748 (0x05cc8503) x10 0xffffff96 mem 0x800125dd
core   0: 0x8001074c (0x00002f97) auipc   t6, 0x2
core   0: 3 0x8001074c (0x00002f97) x31 0x8001274c
core   0: 0x80010750 (0x917f8f93) addi    t6, t6, -1769
core   0: 3 0x80010750 (0x917f8f93) x31 0x80012063
core   0: 0x80010754 (0xff2fc883) lbu     a7, -14(t6)
core   0: 3 0x80010754 (0xff2fc883) x17 0x0000000e mem 0x80012055
core   0: 0x80010758 (0x404b5133) sra     sp, s6, tp
core   0: 3 0x80010758 (0x404b5133) x 2 0xf80027e2
core   0: 0x8001075c (0x0024ebb3) or      s7, s1, sp
core   0: 3 0x8001075c (0x0024ebb3) x23 0xffffffe2
core   0: 0x80010760 (0x017f53b3) srl     t2, t5, s7
core   0: 3 0x80010760 (0x017f53b3) x 7 0x20004971
core   0: 0x80010764 (0x418cd033) sra     zero, s9, s8
core   0: 3 0x80010764 (0x418cd033)
core   0: 0x80010768 (0xcedef093) andi    ra, t4, -787
core   0: 3 0x80010768 (0xcedef093) x 1 0x00000000
core   0: 0x8001076c (0x005cd833) srl     a6, s9, t0
core   0: 3 0x8001076c (0x005cd833) x16 0x00000800
core   0: 0x80010770 (0x0ff0000f) fence   iorw,iorw
core   0: 3 0x80010770 (0x0ff0000f)
core   0: 0x80010774 (0x00b8bc33) sltu    s8, a7, a1
core   0: 3 0x80010774 (0x00b8bc33) x24 0x00000001
core   0: 0x80010778 (0x009f8323) sb      s1, 6(t6)
core   0: 3 0x80010778 (0x009f8323) mem 0x80012069 0xc0
core   0: 0x8001077c (0x01df8423) sb      t4, 8(t6)
core   0: 3 0x8001077c (0x01df8423) mem 0x8001206b 0x0
core   0: 0x80010780 (0xff8f8783) lb      a5, -8(t6)
core   0: 3 0x80010780 (0xff8f8783) x15 0x00000010 mem 0x8001205b
core   0: 0x80010784 (0xffbf8e83) lb      t4, -5(t6)
core   0: 3 0x80010784 (0xffbf8e83) x29 0x00000015 mem 0x8001205e
core   0: 0x80010788 (0x72f720b7) lui     ra, 0x72f72
core   0: 3 0x80010788 (0x72f720b7) x 1 0x72f72000
core   0: 0x8001078c (0x40620f33) sub     t5, tp, t1
core   0: 3 0x8001078c (0x40620f33) x30 0x8002bc02
core   0: 0x80010790 (0xffafc583) lbu     a1, -6(t6)
core   0: 3 0x80010790 (0xffafc583) x11 0x00000016 mem 0x8001205d
core   0: 0x80010794 (0x004fc903) lbu     s2, 4(t6)
core   0: 3 0x80010794 (0x004fc903) x18 0x0000001c mem 0x80012067
core   0: 0x80010798 (0xffef8083) lb      ra, -2(t6)
core   0: 3 0x80010798 (0xffef8083) x 1 0x0000001a mem 0x80012061
core   0: 0x8001079c (0xfebfa8a3) sw      a1, -15(t6)
core   0: 3 0x8001079c (0xfebfa8a3) mem 0x80012054 0x00000016
core   0: 0x800107a0 (0x013f96a3) sh      s3, 13(t6)
core   0: 3 0x800107a0 (0x013f96a3) mem 0x80012070 0xec9c
core   0: 0x800107a4 (0xc4d080b7) lui     ra, 0xc4d08
core   0: 3 0x800107a4 (0xc4d080b7) x 1 0xc4d08000
core   0: 0x800107a8 (0xa6ad7c13) andi    s8, s10, -1430
core   0: 3 0x800107a8 (0xa6ad7c13) x24 0xb8b9ba2a
core   0: 0x800107ac (0x0113b5b3) sltu    a1, t2, a7
core   0: 3 0x800107ac (0x0113b5b3) x11 0x00000000
core   0: 0x800107b0 (0x0104d313) srli    t1, s1, 16
core   0: 3 0x800107b0 (0x0104d313) x 6 0x0000ffff
core   0: 0x800107b4 (0xc5f23d97) auipc   s11, 0xc5f23
core   0: 3 0x800107b4 (0xc5f23d97) x27 0x45f337b4
core   0: 0x800107b8 (0x0161ea33) or      s4, gp, s6
core   0: 3 0x800107b8 (0x0161ea33) x20 0x80027ef4
core   0: 0x800107bc (0x46874013) xori    zero, a4, 1128
core   0: 3 0x800107bc (0x46874013)
core   0: 0x800107c0 (0xff3fdc83) lhu     s9, -13(t6)
core   0: 3 0x800107c0 (0xff3fdc83) x25 0x00000000 mem 0x80012056
core   0: 0x800107c4 (0x01e79b93) slli    s7, a5, 30
core   0: 3 0x800107c4 (0x01e79b93) x23 0x00000000
core   0: 0x800107c8 (0x0ff0000f) fence   iorw,iorw
core   0: 3 0x800107c8 (0x0ff0000f)
core   0: 0x800107cc (0x54816d13) ori     s10, sp, 1352
core   0: 3 0x800107cc (0x54816d13) x26 0xf80027ea
core   0: 0x800107d0 (0xfeef8823) sb      a4, -16(t6)
core   0: 3 0x800107d0 (0xfeef8823) mem 0x80012053 0x44
core   0: 0x800107d4 (0x01ef90a3) sh      t5, 1(t6)
core   0: 3 0x800107d4 (0x01ef90a3) mem 0x80012064 0xbc02
core   0: 0x800107d8 (0x01d23bb3) sltu    s7, tp, t4
core   0: 3 0x800107d8 (0x01d23bb3) x23 0x00000000
core   0: 0x800107dc (0x409b5cb3) sra     s9, s6, s1
core   0: 3 0x800107dc (0x409b5cb3) x25 0x80027e24
core   0: 0x800107e0 (0x006a8533) add     a0, s5, t1
core   0: 3 0x800107e0 (0x006a8533) x10 0x000100fe
core   0: 0x800107e4 (0xfedf9fa3) sh      a3, -1(t6)
core   0: 3 0x800107e4 (0xfedf9fa3) mem 0x80012062 0x06b0
core   0: 0x800107e8 (0x009fd283) lhu     t0, 9(t6)
core   0: 3 0x800107e8 (0x009fd283) x 5 0x0000fb27 mem 0x8001206c
core   0: 0x800107ec (0x01730e33) add     t3, t1, s7
core   0: 3 0x800107ec (0x01730e33) x28 0x0000ffff
core   0: 0x800107f0 (0x00000013) nop
core   0: 3 0x800107f0 (0x00000013)
core   0: 0x800107f4 (0xbe980913) addi    s2, a6, -1047
core   0: 3 0x800107f4 (0xbe980913) x18 0x000003e9
core   0: 0x800107f8 (0x008f8323) sb      s0, 6(t6)
core   0: 3 0x800107f8 (0x008f8323) mem 0x80012069 0xd2
core   0: 0x800107fc (0x00002d97) auipc   s11, 0x2
core   0: 3 0x800107fc (0x00002d97) x27 0x800127fc
core   0: 0x80010800 (0xdefd8d93) addi    s11, s11, -529
core   0: 3 0x80010800 (0xdefd8d93) x27 0x800125eb
core   0: 0x80010804 (0xfced8c83) lb      s9, -50(s11)
core   0: 3 0x80010804 (0xfced8c83) x25 0x00000072 mem 0x800125b9
core   0: 0x80010808 (0x025dd103) lhu     sp, 37(s11)
core   0: 3 0x80010808 (0x025dd103) x 2 0x0000cacb mem 0x80012610
core   0: 0x8001080c (0x0178dfb3) srl     t6, a7, s7
core   0: 3 0x8001080c (0x0178dfb3) x31 0x0000000e
core   0: 0x80010810 (0x014be8b3) or      a7, s7, s4
core   0: 3 0x80010810 (0x014be8b3) x17 0x80027ef4
core   0: 0x80010814 (0xfc8dc683) lbu     a3, -56(s11)
core   0: 3 0x80010814 (0xfc8dc683) x13 0x00000068 mem 0x800125b3
core   0: 0x80010818 (0xfc8d8783) lb      a5, -56(s11)
core   0: 3 0x80010818 (0xfc8d8783) x15 0x00000068 mem 0x800125b3
core   0: 0x8001081c (0xfc8dc883) lbu     a7, -56(s11)
core   0: 3 0x8001081c (0xfc8dc883) x17 0x00000068 mem 0x800125b3
core   0: 0x80010820 (0xfdbdce83) lbu     t4, -37(s11)
core   0: 3 0x80010820 (0xfdbdce83) x29 0x0000007d mem 0x800125c6
core   0: 0x80010824 (0x403080b3) sub     ra, ra, gp
core   0: 3 0x80010824 (0x403080b3) x 1 0xc4d07f0c
core   0: 0x80010828 (0xfd3d8f83) lb      t6, -45(s11)
core   0: 3 0x80010828 (0xfd3d8f83) x31 0x00000075 mem 0x800125be
core   0: 0x8001082c (0xfdad9ea3) sh      s10, -35(s11)
core   0: 3 0x8001082c (0xfdad9ea3) mem 0x800125c8 0x27ea
core   0: 0x80010830 (0xfdddc903) lbu     s2, -35(s11)
core   0: 3 0x80010830 (0xfdddc903) x18 0x000000ea mem 0x800125c8
core   0: 0x80010834 (0xfddd9803) lh      a6, -35(s11)
core   0: 3 0x80010834 (0xfddd9803) x16 0x000027ea mem 0x800125c8
core   0: 0x80010838 (0xfe4dc003) lbu     zero, -28(s11)
core   0: 3 0x80010838 (0xfe4dc003) mem 0x800125cf
core   0: 0x8001083c (0x00002a97) auipc   s5, 0x2
core   0: 3 0x8001083c (0x00002a97) x21 0x8001283c
core   0: 0x80010840 (0xae4a8a93) addi    s5, s5, -1308
core   0: 3 0x80010840 (0xae4a8a93) x21 0x80012320
core   0: 0x80010844 (0x00002f17) auipc   t5, 0x2
core   0: 3 0x80010844 (0x00002f17) x30 0x80012844
core   0: 0x80010848 (0xda4f0f13) addi    t5, t5, -604
core   0: 3 0x80010848 (0xda4f0f13) x30 0x800125e8
core   0: 0x8001084c (0x00002517) auipc   a0, 0x2
core   0: 3 0x8001084c (0x00002517) x10 0x8001284c
core   0: 0x80010850 (0xa9550513) addi    a0, a0, -1387
core   0: 3 0x80010850 (0xa9550513) x10 0x800122e1
core   0: 0x80010854 (0x03e512a3) sh      t5, 37(a0)
core   0: 3 0x80010854 (0x03e512a3) mem 0x80012306 0x25e8
core   0: 0x80010858 (0x0f9f0483) lb      s1, 249(t5)
core   0: 3 0x80010858 (0x0f9f0483) x 9 0xfffffff5 mem 0x800126e1
core   0: 0x8001085c (0x00002e17) auipc   t3, 0x2
core   0: 3 0x8001085c (0x00002e17) x28 0x8001285c
core   0: 0x80010860 (0xb33e0e13) addi    t3, t3, -1229
core   0: 3 0x80010860 (0xb33e0e13) x28 0x8001238f
core   0: 0x80010864 (0x089508a3) sb      s1, 145(a0)
core   0: 3 0x80010864 (0x089508a3) mem 0x80012372 0xf5
core   0: 0x80010868 (0xff050403) lb      s0, -16(a0)
core   0: 3 0x80010868 (0xff050403) x 8 0xffffff8a mem 0x800122d1
core   0: 0x8001086c (0xfdbe07a3) sb      s11, -49(t3)
core   0: 3 0x8001086c (0xfdbe07a3) mem 0x8001235e 0xeb
core   0: 0x80010870 (0x07f50ba3) sb      t6, 119(a0)
core   0: 3 0x80010870 (0x07f50ba3) mem 0x80012358 0x75
core   0: 0x80010874 (0x007a9a23) sh      t2, 20(s5)
core   0: 3 0x80010874 (0x007a9a23) mem 0x80012334 0x4971
core   0: 0x80010878 (0xf5df0303) lb      t1, -163(t5)
core   0: 3 0x80010878 (0xf5df0303) x 6 0x00000001 mem 0x80012545
core   0: 0x8001087c (0xfd2e0c03) lb      s8, -46(t3)
core   0: 3 0x8001087c (0xfd2e0c03) x24 0x0000001a mem 0x80012361
core   0: 0x80010880 (0xf67f0c03) lb      s8, -153(t5)
core   0: 3 0x80010880 (0xf67f0c03) x24 0x00000004 mem 0x8001254f
core   0: 0x80010884 (0x00ce4103) lbu     sp, 12(t3)
core   0: 3 0x80010884 (0x00ce4103) x 2 0x00000050 mem 0x8001239b
core   0: 0x80010888 (0x0e7f0ba3) sb      t2, 247(t5)
core   0: 3 0x80010888 (0x0e7f0ba3) mem 0x800126df 0x71
core   0: 0x8001088c (0x0da50b83) lb      s7, 218(a0)
core   0: 3 0x8001088c (0x0da50b83) x23 0xffffffec mem 0x800123bb
core   0: 0x80010890 (0xfd7a86a3) sb      s7, -51(s5)
core   0: 3 0x80010890 (0xfd7a86a3) mem 0x800122ed 0xec
core   0: 0x80010894 (0x05850803) lb      a6, 88(a0)
core   0: 3 0x80010894 (0x05850803) x16 0xffffffb7 mem 0x80012339
core   0: 0x80010898 (0xff1e0883) lb      a7, -15(t3)
core   0: 3 0x80010898 (0xff1e0883) x17 0x0000003b mem 0x80012380
core   0: 0x8001089c (0x029503a3) sb      s1, 39(a0)
core   0: 3 0x8001089c (0x029503a3) mem 0x80012308 0xf5
core   0: 0x800108a0 (0x09bf4b83) lbu     s7, 155(t5)
core   0: 3 0x800108a0 (0x09bf4b83) x23 0x00000038 mem 0x80012683
core   0: 0x800108a4 (0x0c6508a3) sb      t1, 209(a0)
core   0: 3 0x800108a4 (0x0c6508a3) mem 0x800123b2 0x1
core   0: 0x800108a8 (0x02ee4003) lbu     zero, 46(t3)
core   0: 3 0x800108a8 (0x02ee4003) mem 0x800123bd
core   0: 0x800108ac (0x07955d03) lhu     s10, 121(a0)
core   0: 3 0x800108ac (0x07955d03) x26 0x0000fffa mem 0x8001235a
core   0: 0x800108b0 (0xfeca87a3) sb      a2, -17(s5)
core   0: 3 0x800108b0 (0xfeca87a3) mem 0x8001230f 0x55
core   0: 0x800108b4 (0x0a8f5d83) lhu     s11, 168(t5)
core   0: 3 0x800108b4 (0x0a8f5d83) x27 0x00004a4b mem 0x80012690
core   0: 0x800108b8 (0xf25f0a23) sb      t0, -204(t5)
core   0: 3 0x800108b8 (0xf25f0a23) mem 0x8001251c 0x27
core   0: 0x800108bc (0x06050783) lb      a5, 96(a0)
core   0: 3 0x800108bc (0x06050783) x15 0xfffffffa mem 0x80012341
core   0: 0x800108c0 (0x026a9e83) lh      t4, 38(s5)
core   0: 3 0x800108c0 (0x026a9e83) x29 0xfffffcfd mem 0x80012346
core   0: 0x800108c4 (0xfc6a8183) lb      gp, -58(s5)
core   0: 3 0x800108c4 (0xfc6a8183) x 3 0xffffff82 mem 0x800122e6
core   0: 0x800108c8 (0x01289e33) sll     t3, a7, s2
core   0: 3 0x800108c8 (0x01289e33) x28 0x0000ec00
core   0: 0x800108cc (0x01b314b3) sll     s1, t1, s11
core   0: 3 0x800108cc (0x01b314b3) x 9 0x00000800
core   0: 0x800108d0 (0x0ff0000f) fence   iorw,iorw
core   0: 3 0x800108d0 (0x0ff0000f)
core   0: 0x800108d4 (0x03c26863) bltu    tp, t3, pc + 48
core   0: 3 0x800108d4 (0x03c26863)
core   0: 0x800108d8 (0x41228033) sub     zero, t0, s2
core   0: 3 0x800108d8 (0x41228033)
core   0: 0x800108dc (0x01097e63) bgeu    s2, a6, pc + 28
core   0: 3 0x800108dc (0x01097e63)
core   0: 0x800108e0 (0x14744c93) xori    s9, s0, 327
core   0: 3 0x800108e0 (0x14744c93) x25 0xfffffecd
core   0: 0x800108e4 (0x8dd2e913) ori     s2, t0, -1827
core   0: 3 0x800108e4 (0x8dd2e913) x18 0xfffffbff
core   0: 0x800108e8 (0x1d57f113) andi    sp, a5, 469
core   0: 3 0x800108e8 (0x1d57f113) x 2 0x000001d0
core   0: 0x800108ec (0xd07f4013) xori    zero, t5, -761
core   0: 3 0x800108ec (0xd07f4013)
core   0: 0x800108f0 (0x010fec63) bltu    t6, a6, pc + 24
core   0: 3 0x800108f0 (0x010fec63)
core   0: 0x80010908 (0x59820c13) addi    s8, tp, 1432
core   0: 3 0x80010908 (0x59820c13) x24 0x8002c27c
core   0: 0x8001090c (0x4136d313) srai    t1, a3, 19
core   0: 3 0x8001090c (0x4136d313) x 6 0x00000000
core   0: 0x80010910 (0x052dd463) bge     s11, s2, pc + 72
core   0: 3 0x80010910 (0x052dd463)
core   0: 0x80010958 (0x00909e33) sll     t3, ra, s1
core   0: 3 0x80010958 (0x00909e33) x28 0xc4d07f0c
core   0: 0x8001095c (0x41140bb3) sub     s7, s0, a7
core   0: 3 0x8001095c (0x41140bb3) x23 0xffffff4f
core   0: 0x80010960 (0xe969f493) andi    s1, s3, -362
core   0: 3 0x80010960 (0xe969f493) x 9 0xfe64ec94
core   0: 0x80010964 (0x41c6dc93) srai    s9, a3, 28
core   0: 3 0x80010964 (0x41c6dc93) x25 0x00000000
core   0: 0x80010968 (0x11a5cf93) xori    t6, a1, 282
core   0: 3 0x80010968 (0x11a5cf93) x31 0x0000011a
core   0: 0x8001096c (0x00c97c33) and     s8, s2, a2
core   0: 3 0x8001096c (0x00c97c33) x24 0x00000055
core   0: 0x80010970 (0x8ddc0eb7) lui     t4, 0x8ddc0
core   0: 3 0x80010970 (0x8ddc0eb7) x29 0x8ddc0000
core   0: 0x80010974 (0x006f2333) slt     t1, t5, t1
core   0: 3 0x80010974 (0x006f2333) x 6 0x00000001
core   0: 0x80010978 (0x1ffb6813) ori     a6, s6, 511
core   0: 3 0x80010978 (0x1ffb6813) x16 0x80027fff
core   0: 0x8001097c (0x01ff72b3) and     t0, t5, t6
core   0: 3 0x8001097c (0x01ff72b3) x 5 0x00000108
core   0: 0x80010980 (0x63c34f13) xori    t5, t1, 1596
core   0: 3 0x80010980 (0x63c34f13) x30 0x0000063d
core   0: 0x80010984 (0xac943193) sltiu   gp, s0, -1335
core   0: 3 0x80010984 (0xac943193) x 3 0x00000000
core   0: 0x80010988 (0x01fde633) or      a2, s11, t6
core   0: 3 0x80010988 (0x01fde633) x12 0x00004b5b
core   0: 0x8001098c (0x00045eb3) srl     t4, s0, zero
core   0: 3 0x8001098c (0x00045eb3) x29 0xffffff8a
core   0: 0x80010990 (0x087ea493) slti    s1, t4, 135
core   0: 3 0x80010990 (0x087ea493) x 9 0x00000001
core   0: 0x80010994 (0x015d7033) and     zero, s10, s5
core   0: 3 0x80010994 (0x015d7033)
core   0: 0x80010998 (0x917f3d13) sltiu   s10, t5, -1769
core   0: 3 0x80010998 (0x917f3d13) x26 0x00000001
core   0: 0x8001099c (0x014dcbb3) xor     s7, s11, s4
core   0: 3 0x8001099c (0x014dcbb3) x23 0x800234bf
core   0: 0x800109a0 (0x03979263) bne     a5, s9, pc + 36
core   0: 3 0x800109a0 (0x03979263)
core   0: 0x800109c4 (0x1c94cd93) xori    s11, s1, 457
core   0: 3 0x800109c4 (0x1c94cd93) x27 0x000001c8
core   0: 0x800109c8 (0x037dd463) bge     s11, s7, pc + 40
core   0: 3 0x800109c8 (0x037dd463)
core   0: 0x800109f0 (0x013001b3) add     gp, zero, s3
core   0: 3 0x800109f0 (0x013001b3) x 3 0xfe64ec9c
core   0: 0x800109f4 (0x00209d33) sll     s10, ra, sp
core   0: 3 0x800109f4 (0x00209d33) x26 0x7f0c0000
core   0: 0x800109f8 (0xba04ba13) sltiu   s4, s1, -1120
core   0: 3 0x800109f8 (0xba04ba13) x20 0x00000001
core   0: 0x800109fc (0x26f332b7) lui     t0, 0x26f33
core   0: 3 0x800109fc (0x26f332b7) x 5 0x26f33000
core   0: 0x80010a00 (0x0ff0000f) fence   iorw,iorw
core   0: 3 0x80010a00 (0x0ff0000f)
core   0: 0x80010a04 (0x0000100f) fence.i
core   0: 3 0x80010a04 (0x0000100f)
core   0: 0x80010a08 (0x0022d393) srli    t2, t0, 2
core   0: 3 0x80010a08 (0x0022d393) x 7 0x09bccc00
core   0: 0x80010a0c (0x01440663) beq     s0, s4, pc + 12
core   0: 3 0x80010a0c (0x01440663)
core   0: 0x80010a10 (0x0026cf33) xor     t5, a3, sp
core   0: 3 0x80010a10 (0x0026cf33) x30 0x000001b8
core   0: 0x80010a14 (0x839f3f13) sltiu   t5, t5, -1991
core   0: 3 0x80010a14 (0x839f3f13) x30 0x00000001
core   0: 0x80010a18 (0x408d88b3) sub     a7, s11, s0
core   0: 3 0x80010a18 (0x408d88b3) x17 0x0000023e
core   0: 0x80010a1c (0x41c96693) ori     a3, s2, 1052
core   0: 3 0x80010a1c (0x41c96693) x13 0xffffffff
core   0: 0x80010a20 (0x403fda13) srai    s4, t6, 3
core   0: 3 0x80010a20 (0x403fda13) x20 0x00000023
core   0: 0x80010a24 (0x01f18eb3) add     t4, gp, t6
core   0: 3 0x80010a24 (0x01f18eb3) x29 0xfe64edb6
core   0: 0x80010a28 (0x01a23333) sltu    t1, tp, s10
core   0: 3 0x80010a28 (0x01a23333) x 6 0x00000000
core   0: 0x80010a2c (0x40ccd513) srai    a0, s9, 12
core   0: 3 0x80010a2c (0x40ccd513) x10 0x00000000
core   0: 0x80010a30 (0x0024d5b3) srl     a1, s1, sp
core   0: 3 0x80010a30 (0x0024d5b3) x11 0x00000000
core   0: 0x80010a34 (0x01a75c63) bge     a4, s10, pc + 24
core   0: 3 0x80010a34 (0x01a75c63)
core   0: 0x80010a38 (0x041a9863) bne     s5, ra, pc + 80
core   0: 3 0x80010a38 (0x041a9863)
core   0: 0x80010a88 (0x52a38493) addi    s1, t2, 1322
core   0: 3 0x80010a88 (0x52a38493) x 9 0x09bcd12a
core   0: 0x80010a8c (0x017220b3) slt     ra, tp, s7
core   0: 3 0x80010a8c (0x017220b3) x 1 0x00000000
core   0: 0x80010a90 (0xbf816a13) ori     s4, sp, -1032
core   0: 3 0x80010a90 (0xbf816a13) x20 0xfffffbf8
core   0: 0x80010a94 (0x3365ef13) ori     t5, a1, 822
core   0: 3 0x80010a94 (0x3365ef13) x30 0x00000336
core   0: 0x80010a98 (0x02120863) beq     tp, ra, pc + 48
core   0: 3 0x80010a98 (0x02120863)
core   0: 0x80010a9c (0x00176db3) or      s11, a4, ra
core   0: 3 0x80010a9c (0x00176db3) x27 0x00000044
core   0: 0x80010aa0 (0x0046f5b3) and     a1, a3, tp
core   0: 3 0x80010aa0 (0x0046f5b3) x11 0x8002bce4
core   0: 0x80010aa4 (0x00e51b93) slli    s7, a0, 14
core   0: 3 0x80010aa4 (0x00e51b93) x23 0x00000000
core   0: 0x80010aa8 (0x00b9beb3) sltu    t4, s3, a1
core   0: 3 0x80010aa8 (0x00b9beb3) x29 0x00000000
core   0: 0x80010aac (0x00cc1333) sll     t1, s8, a2
core   0: 3 0x80010aac (0x00cc1333) x 6 0xa8000000
core   0: 0x80010ab0 (0x02161463) bne     a2, ra, pc + 40
core   0: 3 0x80010ab0 (0x02161463)
core   0: 0x80010ad8 (0x012418b3) sll     a7, s0, s2
core   0: 3 0x80010ad8 (0x012418b3) x17 0x00000000
core   0: 0x80010adc (0x0000100f) fence.i
core   0: 3 0x80010adc (0x0000100f)
core   0: 0x80010ae0 (0x009a02b3) add     t0, s4, s1
core   0: 3 0x80010ae0 (0x009a02b3) x 5 0x09bccd22
core   0: 0x80010ae4 (0x0176f663) bgeu    a3, s7, pc + 12
core   0: 3 0x80010ae4 (0x0176f663)
core   0: 0x80010af0 (0x02286663) bltu    a6, sp, pc + 44
core   0: 3 0x80010af0 (0x02286663)
core   0: 0x80010af4 (0x0000f433) and     s0, ra, zero
core   0: 3 0x80010af4 (0x0000f433) x 8 0x00000000
core   0: 0x80010af8 (0x66df6f13) ori     t5, t5, 1645
core   0: 3 0x80010af8 (0x66df6f13) x30 0x0000077f
core   0: 0x80010afc (0x0ff0000f) fence   iorw,iorw
core   0: 3 0x80010afc (0x0ff0000f)
core   0: 0x80010b00 (0x00c2cf33) xor     t5, t0, a2
core   0: 3 0x80010b00 (0x00c2cf33) x30 0x09bc8679
core   0: 0x80010b04 (0x02f61863) bne     a2, a5, pc + 48
core   0: 3 0x80010b04 (0x02f61863)
core   0: 0x80010b34 (0x0000100f) fence.i
core   0: 3 0x80010b34 (0x0000100f)
core   0: 0x80010b38 (0x02fa6e63) bltu    s4, a5, pc + 60
core   0: 3 0x80010b38 (0x02fa6e63)
core   0: 0x80010b74 (0x02c4e463) bltu    s1, a2, pc + 40
core   0: 3 0x80010b74 (0x02c4e463)
core   0: 0x80010b78 (0x00ad0933) add     s2, s10, a0
core   0: 3 0x80010b78 (0x00ad0933) x18 0x7f0c0000
core   0: 0x80010b7c (0x0007cf33) xor     t5, a5, zero
core   0: 3 0x80010b7c (0x0007cf33) x30 0xfffffffa
core   0: 0x80010b80 (0xe2b94b93) xori    s7, s2, -469
core   0: 3 0x80010b80 (0xe2b94b93) x23 0x80f3fe2b
core   0: 0x80010b84 (0x00000013) nop
core   0: 3 0x80010b84 (0x00000013)
core   0: 0x80010b88 (0x00000013) nop
core   0: 3 0x80010b88 (0x00000013)
core   0: 0x80010b8c (0x8c99e093) ori     ra, s3, -1847
core   0: 3 0x80010b8c (0x8c99e093) x 1 0xfffffcdd
core   0: 0x80010b90 (0x01072533) slt     a0, a4, a6
core   0: 3 0x80010b90 (0x01072533) x10 0x00000000
core   0: 0x80010b94 (0x016aea33) or      s4, s5, s6
core   0: 3 0x80010b94 (0x016aea33) x20 0x80037f24
core   0: 0x80010b98 (0x00000013) nop
core   0: 3 0x80010b98 (0x00000013)
core   0: 0x80010b9c (0x0ff0000f) fence   iorw,iorw
core   0: 3 0x80010b9c (0x0ff0000f)
core   0: 0x80010ba0 (0x40d8df93) srai    t6, a7, 13
core   0: 3 0x80010ba0 (0x40d8df93) x31 0x00000000
core   0: 0x80010ba4 (0x003e3433) sltu    s0, t3, gp
core   0: 3 0x80010ba4 (0x003e3433) x 8 0x00000001
core   0: 0x80010ba8 (0x00be5b93) srli    s7, t3, 11
core   0: 3 0x80010ba8 (0x00be5b93) x23 0x00189a0f
core   0: 0x80010bac (0x8ddb2d13) slti    s10, s6, -1827
core   0: 3 0x80010bac (0x8ddb2d13) x26 0x00000001
core   0: 0x80010bb0 (0x000a3e33) sltu    t3, s4, zero
core   0: 3 0x80010bb0 (0x000a3e33) x28 0x00000000
core   0: 0x80010bb4 (0xc6933413) sltiu   s0, t1, -919
core   0: 3 0x80010bb4 (0xc6933413) x 8 0x00000001
core   0: 0x80010bb8 (0x09da9417) auipc   s0, 0x9da9
core   0: 3 0x80010bb8 (0x09da9417) x 8 0x89db9bb8
core   0: 0x80010bbc (0x0490f463) bgeu    ra, s1, pc + 72
core   0: 3 0x80010bbc (0x0490f463)
core   0: 0x80010c04 (0x05084c63) blt     a6, a6, pc + 88
core   0: 3 0x80010c04 (0x05084c63)
core   0: 0x80010c08 (0x00000013) nop
core   0: 3 0x80010c08 (0x00000013)
core   0: 0x80010c0c (0x0000100f) fence.i
core   0: 3 0x80010c0c (0x0000100f)
core   0: 0x80010c10 (0x0000100f) fence.i
core   0: 3 0x80010c10 (0x0000100f)
core   0: 0x80010c14 (0x00bacd33) xor     s10, s5, a1
core   0: 3 0x80010c14 (0x00bacd33) x26 0x00039fc4
core   0: 0x80010c18 (0x019e8533) add     a0, t4, s9
core   0: 3 0x80010c18 (0x019e8533) x10 0x00000000
core   0: 0x80010c1c (0x06d85463) bge     a6, a3, pc + 104
core   0: 3 0x80010c1c (0x06d85463)
core   0: 0x80010c20 (0x00008c17) auipc   s8, 0x8
core   0: 3 0x80010c20 (0x00008c17) x24 0x80018c20
core   0: 0x80010c24 (0x2ecc0c13) addi    s8, s8, 748
core   0: 3 0x80010c24 (0x2ecc0c13) x24 0x80018f0c
core   0: 0x80010c28 (0xf4cc4d83) lbu     s11, -180(s8)
core   0: 3 0x80010c28 (0xf4cc4d83) x27 0x00000013 mem 0x80018e58
core   0: 0x80010c2c (0xf06c0ca3) sb      t1, -231(s8)
core   0: 3 0x80010c2c (0xf06c0ca3) mem 0x80018e25 0x0
core   0: 0x80010c30 (0xf19c4e83) lbu     t4, -231(s8)
core   0: 3 0x80010c30 (0xf19c4e83) x29 0x00000000 mem 0x80018e25
core   0: 0x80010c34 (0x011a4133) xor     sp, s4, a7
core   0: 3 0x80010c34 (0x011a4133) x 2 0x80037f24
core   0: 0x80010c38 (0x0ff0000f) fence   iorw,iorw
core   0: 3 0x80010c38 (0x0ff0000f)
core   0: 0x80010c3c (0xf19c4f03) lbu     t5, -231(s8)
core   0: 3 0x80010c3c (0xf19c4f03) x30 0x00000000 mem 0x80018e25
core   0: 0x80010c40 (0xf19c4b83) lbu     s7, -231(s8)
core   0: 3 0x80010c40 (0xf19c4b83) x23 0x00000000 mem 0x80018e25
core   0: 0x80010c44 (0xf19c4a83) lbu     s5, -231(s8)
core   0: 3 0x80010c44 (0xf19c4a83) x21 0x00000000 mem 0x80018e25
core   0: 0x80010c48 (0xf19c4d83) lbu     s11, -231(s8)
core   0: 3 0x80010c48 (0xf19c4d83) x27 0x00000000 mem 0x80018e25
core   0: 0x80010c4c (0xf19c0583) lb      a1, -231(s8)
core   0: 3 0x80010c4c (0xf19c0583) x11 0x00000000 mem 0x80018e25
core   0: 0x80010c50 (0x0028ca33) xor     s4, a7, sp
core   0: 3 0x80010c50 (0x0028ca33) x20 0x80037f24
core   0: 0x80010c54 (0xf19c4483) lbu     s1, -231(s8)
core   0: 3 0x80010c54 (0xf19c4483) x 9 0x00000000 mem 0x80018e25
core   0: 0x80010c58 (0xf19c0383) lb      t2, -231(s8)
core   0: 3 0x80010c58 (0xf19c0383) x 7 0x00000000 mem 0x80018e25
core   0: 0x80010c5c (0x01abdab3) srl     s5, s7, s10
core   0: 3 0x80010c5c (0x01abdab3) x21 0x00000000
core   0: 0x80010c60 (0x0000100f) fence.i
core   0: 3 0x80010c60 (0x0000100f)
core   0: 0x80010c64 (0x01109663) bne     ra, a7, pc + 12
core   0: 3 0x80010c64 (0x01109663)
core   0: 0x80010c70 (0xc49af513) andi    a0, s5, -951
core   0: 3 0x80010c70 (0xc49af513) x10 0x00000000
core   0: 0x80010c74 (0x01bc6e63) bltu    s8, s11, pc + 28
core   0: 3 0x80010c74 (0x01bc6e63)
core   0: 0x80010c78 (0x01e7c533) xor     a0, a5, t5
core   0: 3 0x80010c78 (0x01e7c533) x10 0xfffffffa
core   0: 0x80010c7c (0x02f24463) blt     tp, a5, pc + 40
core   0: 3 0x80010c7c (0x02f24463)
core   0: 0x80010ca4 (0x011bfbb3) and     s7, s7, a7
core   0: 3 0x80010ca4 (0x011bfbb3) x23 0x00000000
core   0: 0x80010ca8 (0x00fc1193) slli    gp, s8, 15
core   0: 3 0x80010ca8 (0x00fc1193) x 3 0xc7860000
core   0: 0x80010cac (0x0000100f) fence.i
core   0: 3 0x80010cac (0x0000100f)
core   0: 0x80010cb0 (0x0000100f) fence.i
core   0: 3 0x80010cb0 (0x0000100f)
core   0: 0x80010cb4 (0x00000013) nop
core   0: 3 0x80010cb4 (0x00000013)
core   0: 0x80010cb8 (0x03796463) bltu    s2, s7, pc + 40
core   0: 3 0x80010cb8 (0x03796463)
core   0: 0x80010cbc (0xdfde6193) ori     gp, t3, -515
core   0: 3 0x80010cbc (0xdfde6193) x 3 0xfffffdfd
core   0: 0x80010cc0 (0x04f26063) bltu    tp, a5, pc + 64
core   0: 3 0x80010cc0 (0x04f26063)
core   0: 0x80010d00 (0x0142c2b3) xor     t0, t0, s4
core   0: 3 0x80010d00 (0x0142c2b3) x 5 0x89bfb206
core   0: 0x80010d04 (0x024d4463) blt     s10, tp, pc + 40
core   0: 3 0x80010d04 (0x024d4463)
core   0: 0x80010d08 (0x01c51813) slli    a6, a0, 28
core   0: 3 0x80010d08 (0x01c51813) x16 0xa0000000
core   0: 0x80010d0c (0x0111d7b3) srl     a5, gp, a7
core   0: 3 0x80010d0c (0x0111d7b3) x15 0xfffffdfd
core   0: 0x80010d10 (0x00fbf733) and     a4, s7, a5
core   0: 3 0x80010d10 (0x00fbf733) x14 0x00000000
core   0: 0x80010d14 (0x001ec8b3) xor     a7, t4, ra
core   0: 3 0x80010d14 (0x001ec8b3) x17 0xfffffcdd
core   0: 0x80010d18 (0x0908a013) slti    zero, a7, 144
core   0: 3 0x80010d18 (0x0908a013)
core   0: 0x80010d1c (0x010ae833) or      a6, s5, a6
core   0: 3 0x80010d1c (0x010ae833) x16 0xa0000000
core   0: 0x80010d20 (0xf1fbaa93) slti    s5, s7, -225
core   0: 3 0x80010d20 (0xf1fbaa93) x21 0x00000000
core   0: 0x80010d24 (0x042f0063) beq     t5, sp, pc + 64
core   0: 3 0x80010d24 (0x042f0063)
core   0: 0x80010d28 (0x01ac7633) and     a2, s8, s10
core   0: 3 0x80010d28 (0x01ac7633) x12 0x00018f04
core   0: 0x80010d2c (0x02c97863) bgeu    s2, a2, pc + 48
core   0: 3 0x80010d2c (0x02c97863)
core   0: 0x80010d5c (0x0516ee63) bltu    a3, a7, pc + 92
core   0: 3 0x80010d5c (0x0516ee63)
core   0: 0x80010d60 (0x01aa3bb3) sltu    s7, s4, s10
core   0: 3 0x80010d60 (0x01aa3bb3) x23 0x00000000
core   0: 0x80010d64 (0x057cf863) bgeu    s9, s7, pc + 80
core   0: 3 0x80010d64 (0x057cf863)
core   0: 0x80010db4 (0xc92c8693) addi    a3, s9, -878
core   0: 3 0x80010db4 (0xc92c8693) x13 0xfffffc92
core   0: 0x80010db8 (0x002e1033) sll     zero, t3, sp
core   0: 3 0x80010db8 (0x002e1033)
core   0: 0x80010dbc (0x041d6863) bltu    s10, ra, pc + 80
core   0: 3 0x80010dbc (0x041d6863)
core   0: 0x80010e0c (0x018af733) and     a4, s5, s8
core   0: 3 0x80010e0c (0x018af733) x14 0x00000000
core   0: 0x80010e10 (0x1311a893) slti    a7, gp, 305
core   0: 3 0x80010e10 (0x1311a893) x17 0x00000001
core   0: 0x80010e14 (0x6b6d8293) addi    t0, s11, 1718
core   0: 3 0x80010e14 (0x6b6d8293) x 5 0x000006b6
core   0: 0x80010e18 (0x00c56c33) or      s8, a0, a2
core   0: 3 0x80010e18 (0x00c56c33) x24 0xfffffffe
core   0: 0x80010e1c (0x03827e63) bgeu    tp, s8, pc + 60
core   0: 3 0x80010e1c (0x03827e63)
core   0: 0x80010e20 (0x00000013) nop
core   0: 3 0x80010e20 (0x00000013)
core   0: 0x80010e24 (0x40c888b3) sub     a7, a7, a2
core   0: 3 0x80010e24 (0x40c888b3) x17 0xfffe70fd
core   0: 0x80010e28 (0xea4f8f93) addi    t6, t6, -348
core   0: 3 0x80010e28 (0xea4f8f93) x31 0xfffffea4
core   0: 0x80010e2c (0xfc58bf13) sltiu   t5, a7, -59
core   0: 3 0x80010e2c (0xfc58bf13) x30 0x00000001
core   0: 0x80010e30 (0xe4fa8c93) addi    s9, s5, -433
core   0: 3 0x80010e30 (0xe4fa8c93) x25 0xfffffe4f
core   0: 0x80010e34 (0xd9ca6c93) ori     s9, s4, -612
core   0: 3 0x80010e34 (0xd9ca6c93) x25 0xffffffbc
core   0: 0x80010e38 (0x010e6433) or      s0, t3, a6
core   0: 3 0x80010e38 (0x010e6433) x 8 0xa0000000
core   0: 0x80010e3c (0x02001463) bnez    zero, pc + 40
core   0: 3 0x80010e3c (0x02001463)
core   0: 0x80010e40 (0xcf16ff13) andi    t5, a3, -783
core   0: 3 0x80010e40 (0xcf16ff13) x30 0xfffffc90
core   0: 0x80010e44 (0x010f48b3) xor     a7, t5, a6
core   0: 3 0x80010e44 (0x010f48b3) x17 0x5ffffc90
core   0: 0x80010e48 (0x739ec037) lui     zero, 0x739ec
core   0: 3 0x80010e48 (0x739ec037)
core   0: 0x80010e4c (0x018832b3) sltu    t0, a6, s8
core   0: 3 0x80010e4c (0x018832b3) x 5 0x00000001
core   0: 0x80010e50 (0xd888ee93) ori     t4, a7, -632
core   0: 3 0x80010e50 (0xd888ee93) x29 0xfffffd98
core   0: 0x80010e54 (0xecab7493) andi    s1, s6, -310
core   0: 3 0x80010e54 (0xecab7493) x 9 0x80027e00
core   0: 0x80010e58 (0xdc72ecb7) lui     s9, 0xdc72e
core   0: 3 0x80010e58 (0xdc72ecb7) x25 0xdc72e000
core   0: 0x80010e5c (0x4177d133) sra     sp, a5, s7
core   0: 3 0x80010e5c (0x4177d133) x 2 0xfffffdfd
core   0: 0x80010e60 (0x000a5433) srl     s0, s4, zero
core   0: 3 0x80010e60 (0x000a5433) x 8 0x80037f24
core   0: 0x80010e64 (0x0000100f) fence.i
core   0: 3 0x80010e64 (0x0000100f)
core   0: 0x80010e68 (0x00695393) srli    t2, s2, 6
core   0: 3 0x80010e68 (0x00695393) x 7 0x01fc3000
core   0: 0x80010e6c (0x01214733) xor     a4, sp, s2
core   0: 3 0x80010e6c (0x01214733) x14 0x80f3fdfd
core   0: 0x80010e70 (0x00ea6863) bltu    s4, a4, pc + 16
core   0: 3 0x80010e70 (0x00ea6863)
core   0: 0x80010e80 (0x28cba397) auipc   t2, 0x28cba
core   0: 3 0x80010e80 (0x28cba397) x 7 0xa8ccae80
core   0: 0x80010e84 (0x00000013) nop
core   0: 3 0x80010e84 (0x00000013)
core   0: 0x80010e88 (0x000e3f33) sltu    t5, t3, zero
core   0: 3 0x80010e88 (0x000e3f33) x30 0x00000000
core   0: 0x80010e8c (0x41fc5d33) sra     s10, s8, t6
core   0: 3 0x80010e8c (0x41fc5d33) x26 0xffffffff
core   0: 0x80010e90 (0x206b6f93) ori     t6, s6, 518
core   0: 3 0x80010e90 (0x206b6f93) x31 0x80027e26
core   0: 0x80010e94 (0x00e43e33) sltu    t3, s0, a4
core   0: 3 0x80010e94 (0x00e43e33) x28 0x00000001
core   0: 0x80010e98 (0x00000013) nop
core   0: 3 0x80010e98 (0x00000013)
core   0: 0x80010e9c (0x40d85033) sra     zero, a6, a3
core   0: 3 0x80010e9c (0x40d85033)
core   0: 0x80010ea0 (0x41eddbb3) sra     s7, s11, t5
core   0: 3 0x80010ea0 (0x41eddbb3) x23 0x00000000
core   0: 0x80010ea4 (0x02ebf663) bgeu    s7, a4, pc + 44
core   0: 3 0x80010ea4 (0x02ebf663)
core   0: 0x80010ea8 (0x4120dc93) srai    s9, ra, 18
core   0: 3 0x80010ea8 (0x4120dc93) x25 0xffffffff
core   0: 0x80010eac (0x01df2833) slt     a6, t5, t4
core   0: 3 0x80010eac (0x01df2833) x16 0x00000000
core   0: 0x80010eb0 (0x00cc0f33) add     t5, s8, a2
core   0: 3 0x80010eb0 (0x00cc0f33) x30 0x00018f02
core   0: 0x80010eb4 (0x40f60a33) sub     s4, a2, a5
core   0: 3 0x80010eb4 (0x40f60a33) x20 0x00019107
core   0: 0x80010eb8 (0xe0843813) sltiu   a6, s0, -504
core   0: 3 0x80010eb8 (0xe0843813) x16 0x00000001
core   0: 0x80010ebc (0x40dbdd33) sra     s10, s7, a3
core   0: 3 0x80010ebc (0x40dbdd33) x26 0x00000000
core   0: 0x80010ec0 (0x00e1be33) sltu    t3, gp, a4
core   0: 3 0x80010ec0 (0x00e1be33) x28 0x00000000
core   0: 0x80010ec4 (0x00bfbf33) sltu    t5, t6, a1
core   0: 3 0x80010ec4 (0x00bfbf33) x30 0x00000000
core   0: 0x80010ec8 (0x8eed83b7) lui     t2, 0x8eed8
core   0: 3 0x80010ec8 (0x8eed83b7) x 7 0x8eed8000
core   0: 0x80010ecc (0x0ff0000f) fence   iorw,iorw
core   0: 3 0x80010ecc (0x0ff0000f)
core   0: 0x80010ed0 (0x15fcff13) andi    t5, s9, 351
core   0: 3 0x80010ed0 (0x15fcff13) x30 0x0000015f
core   0: 0x80010ed4 (0x00e806b3) add     a3, a6, a4
core   0: 3 0x80010ed4 (0x00e806b3) x13 0x80f3fdfe
core   0: 0x80010ed8 (0x014e1e33) sll     t3, t3, s4
core   0: 3 0x80010ed8 (0x014e1e33) x28 0x00000000
core   0: 0x80010edc (0x79094093) xori    ra, s2, 1936
core   0: 3 0x80010edc (0x79094093) x 1 0x7f0c0790
core   0: 0x80010ee0 (0x00c4f033) and     zero, s1, a2
core   0: 3 0x80010ee0 (0x00c4f033)
core   0: 0x80010ee4 (0x00139db3) sll     s11, t2, ra
core   0: 3 0x80010ee4 (0x00139db3) x27 0x80000000
core   0: 0x80010ee8 (0x40030bb3) sub     s7, t1, zero
core   0: 3 0x80010ee8 (0x40030bb3) x23 0xa8000000
core   0: 0x80010eec (0x00881a13) slli    s4, a6, 8
core   0: 3 0x80010eec (0x00881a13) x20 0x00000100
core   0: 0x80010ef0 (0x0000100f) fence.i
core   0: 3 0x80010ef0 (0x0000100f)
core   0: 0x80010ef4 (0x03738a63) beq     t2, s7, pc + 52
core   0: 3 0x80010ef4 (0x03738a63)
core   0: 0x80010ef8 (0x0176ce63) blt     a3, s7, pc + 28
core   0: 3 0x80010ef8 (0x0176ce63)
core   0: 0x80010f14 (0xe5ad0a93) addi    s5, s10, -422
core   0: 3 0x80010f14 (0xe5ad0a93) x21 0xfffffe5a
core   0: 0x80010f18 (0xa89aa613) slti    a2, s5, -1399
core   0: 3 0x80010f18 (0xa89aa613) x12 0x00000000
core   0: 0x80010f1c (0x011c96b3) sll     a3, s9, a7
core   0: 3 0x80010f1c (0x011c96b3) x13 0xffff0000
core   0: 0x80010f20 (0x0000100f) fence.i
core   0: 3 0x80010f20 (0x0000100f)
core   0: 0x80010f24 (0x01f1bfb3) sltu    t6, gp, t6
core   0: 3 0x80010f24 (0x01f1bfb3) x31 0x00000000
core   0: 0x80010f28 (0x03cb9063) bne     s7, t3, pc + 32
core   0: 3 0x80010f28 (0x03cb9063)
core   0: 0x80010f48 (0x00000013) nop
core   0: 3 0x80010f48 (0x00000013)
core   0: 0x80010f4c (0x00759b93) slli    s7, a1, 7
core   0: 3 0x80010f4c (0x00759b93) x23 0x00000000
core   0: 0x80010f50 (0xc5e1e317) auipc   t1, 0xc5e1e
core   0: 3 0x80010f50 (0xc5e1e317) x 6 0x45e2ef50
core   0: 0x80010f54 (0xfe4f2793) slti    a5, t5, -28
core   0: 3 0x80010f54 (0xfe4f2793) x15 0x00000000
core   0: 0x80010f58 (0x0ff0000f) fence   iorw,iorw
core   0: 3 0x80010f58 (0x0ff0000f)
core   0: 0x80010f5c (0x004bdbb3) srl     s7, s7, tp
core   0: 3 0x80010f5c (0x004bdbb3) x23 0x00000000
core   0: 0x80010f60 (0x05a7c063) blt     a5, s10, pc + 64
core   0: 3 0x80010f60 (0x05a7c063)
core   0: 0x80010f64 (0x00025193) srli    gp, tp, 0
core   0: 3 0x80010f64 (0x00025193) x 3 0x8002bce4
core   0: 0x80010f68 (0x0097fe63) bgeu    a5, s1, pc + 28
core   0: 3 0x80010f68 (0x0097fe63)
core   0: 0x80010f6c (0x00741493) slli    s1, s0, 7
core   0: 3 0x80010f6c (0x00741493) x 9 0x01bf9200
core   0: 0x80010f70 (0x41d80333) sub     t1, a6, t4
core   0: 3 0x80010f70 (0x41d80333) x 6 0x00000269
core   0: 0x80010f74 (0x00691333) sll     t1, s2, t1
core   0: 3 0x80010f74 (0x00691333) x 6 0x18000000
core   0: 0x80010f78 (0x02a34863) blt     t1, a0, pc + 48
core   0: 3 0x80010f78 (0x02a34863)
core   0: 0x80010f7c (0x00359033) sll     zero, a1, gp
core   0: 3 0x80010f7c (0x00359033)
core   0: 0x80010f80 (0xcd5c7493) andi    s1, s8, -811
core   0: 3 0x80010f80 (0xcd5c7493) x 9 0xfffffcd4
core   0: 0x80010f84 (0x0ff0000f) fence   iorw,iorw
core   0: 3 0x80010f84 (0x0ff0000f)
core   0: 0x80010f88 (0x00a86933) or      s2, a6, a0
core   0: 3 0x80010f88 (0x00a86933) x18 0xfffffffb
core   0: 0x80010f8c (0x4153d833) sra     a6, t2, s5
core   0: 3 0x80010f8c (0x4153d833) x16 0xffffffe3
core   0: 0x80010f90 (0x0000100f) fence.i
core   0: 3 0x80010f90 (0x0000100f)
core   0: 0x80010f94 (0x46f1ba93) sltiu   s5, gp, 1135
core   0: 3 0x80010f94 (0x46f1ba93) x21 0x00000000
core   0: 0x80010f98 (0x0019be33) sltu    t3, s3, ra
core   0: 3 0x80010f98 (0x0019be33) x28 0x00000000
core   0: 0x80010f9c (0x04438063) beq     t2, tp, pc + 64
core   0: 3 0x80010f9c (0x04438063)
core   0: 0x80010fa0 (0xe38dcb93) xori    s7, s11, -456
core   0: 3 0x80010fa0 (0xe38dcb93) x23 0x7ffffe38
core   0: 0x80010fa4 (0x00000013) nop
core   0: 3 0x80010fa4 (0x00000013)
core   0: 0x80010fa8 (0x41f95eb3) sra     t4, s2, t6
core   0: 3 0x80010fa8 (0x41f95eb3) x29 0xfffffffb
core   0: 0x80010fac (0x892a7f17) auipc   t5, 0x892a7
core   0: 3 0x80010fac (0x892a7f17) x30 0x092b7fac
core   0: 0x80010fb0 (0x01c35c63) bge     t1, t3, pc + 24
core   0: 3 0x80010fb0 (0x01c35c63)
core   0: 0x80010fc8 (0x0ff0000f) fence   iorw,iorw
core   0: 3 0x80010fc8 (0x0ff0000f)
core   0: 0x80010fcc (0x01c09e13) slli    t3, ra, 28
core   0: 3 0x80010fcc (0x01c09e13) x28 0x00000000
core   0: 0x80010fd0 (0x01439133) sll     sp, t2, s4
core   0: 3 0x80010fd0 (0x01439133) x 2 0x8eed8000
core   0: 0x80010fd4 (0x00000013) nop
core   0: 3 0x80010fd4 (0x00000013)
core   0: 0x80010fd8 (0xf30df093) andi    ra, s11, -208
core   0: 3 0x80010fd8 (0xf30df093) x 1 0x80000000
core   0: 0x80010fdc (0x00adb133) sltu    sp, s11, a0
core   0: 3 0x80010fdc (0x00adb133) x 2 0x00000001
core   0: 0x80010fe0 (0x01d4ff33) and     t5, s1, t4
core   0: 3 0x80010fe0 (0x01d4ff33) x30 0xfffffcd0
core   0: 0x80010fe4 (0x01a20fb3) add     t6, tp, s10
core   0: 3 0x80010fe4 (0x01a20fb3) x31 0x8002bce4
core   0: 0x80010fe8 (0x60e2fd13) andi    s10, t0, 1550
core   0: 3 0x80010fe8 (0x60e2fd13) x26 0x00000000
core   0: 0x80010fec (0x002a0fb3) add     t6, s4, sp
core   0: 3 0x80010fec (0x002a0fb3) x31 0x00000101
core   0: 0x80010ff0 (0x009fb5b3) sltu    a1, t6, s1
core   0: 3 0x80010ff0 (0x009fb5b3) x11 0x00000001
core   0: 0x80010ff4 (0x02417463) bgeu    sp, tp, pc + 40
core   0: 3 0x80010ff4 (0x02417463)
core   0: 0x80010ff8 (0x006ff933) and     s2, t6, t1
core   0: 3 0x80010ff8 (0x006ff933) x18 0x00000000
core   0: 0x80010ffc (0x0181c663) blt     gp, s8, pc + 12
core   0: 3 0x80010ffc (0x0181c663)
core   0: 0x80011008 (0x01d27663) bgeu    tp, t4, pc + 12
core   0: 3 0x80011008 (0x01d27663)
core   0: 0x8001100c (0x01ec9c13) slli    s8, s9, 30
core   0: 3 0x8001100c (0x01ec9c13) x24 0xc0000000
core   0: 0x80011010 (0x00196eb3) or      t4, s2, ra
core   0: 3 0x80011010 (0x00196eb3) x29 0x80000000
core   0: 0x80011014 (0x0ff0000f) fence   iorw,iorw
core   0: 3 0x80011014 (0x0ff0000f)
core   0: 0x80011018 (0x7371eb93) ori     s7, gp, 1847
core   0: 3 0x80011018 (0x7371eb93) x23 0x8002bff7
core   0: 0x8001101c (0x016fe3b3) or      t2, t6, s6
core   0: 3 0x8001101c (0x016fe3b3) x 7 0x80027f25
core   0: 0x80011020 (0x82a632b7) lui     t0, 0x82a63
core   0: 3 0x80011020 (0x82a632b7) x 5 0x82a63000
core   0: 0x80011024 (0x01f71933) sll     s2, a4, t6
core   0: 3 0x80011024 (0x01f71933) x18 0x01e7fbfa
core   0: 0x80011028 (0x40e4d493) srai    s1, s1, 14
core   0: 3 0x80011028 (0x40e4d493) x 9 0xffffffff
core   0: 0x8001102c (0x023d8463) beq     s11, gp, pc + 40
core   0: 3 0x8001102c (0x023d8463)
core   0: 0x80011030 (0x41545f33) sra     t5, s0, s5
core   0: 3 0x80011030 (0x41545f33) x30 0x80037f24
core   0: 0x80011034 (0x00000013) nop
core   0: 3 0x80011034 (0x00000013)
core   0: 0x80011038 (0x00a87133) and     sp, a6, a0
core   0: 3 0x80011038 (0x00a87133) x 2 0xffffffe2
core   0: 0x8001103c (0x001355b3) srl     a1, t1, ra
core   0: 3 0x8001103c (0x001355b3) x11 0x18000000
core   0: 0x80011040 (0x01a45c63) bge     s0, s10, pc + 24
core   0: 3 0x80011040 (0x01a45c63)
core   0: 0x80011044 (0xf824f1b7) lui     gp, 0xf824f
core   0: 3 0x80011044 (0xf824f1b7) x 3 0xf824f000
core   0: 0x80011048 (0xb0638013) addi    zero, t2, -1274
core   0: 3 0x80011048 (0xb0638013)
core   0: 0x8001104c (0x574ca137) lui     sp, 0x574ca
core   0: 3 0x8001104c (0x574ca137) x 2 0x574ca000
core   0: 0x80011050 (0x01491733) sll     a4, s2, s4
core   0: 3 0x80011050 (0x01491733) x14 0x01e7fbfa
core   0: 0x80011054 (0x057a9863) bne     s5, s7, pc + 80
core   0: 3 0x80011054 (0x057a9863)
core   0: 0x800110a4 (0x01f9c8b3) xor     a7, s3, t6
core   0: 3 0x800110a4 (0x01f9c8b3) x17 0xfe64ed9d
core   0: 0x800110a8 (0xd56a0017) auipc   zero, 0xd56a0
core   0: 3 0x800110a8 (0xd56a0017)
core   0: 0x800110ac (0x0041bfb3) sltu    t6, gp, tp
core   0: 3 0x800110ac (0x0041bfb3) x31 0x00000000
core   0: 0x800110b0 (0x01179e63) bne     a5, a7, pc + 28
core   0: 3 0x800110b0 (0x01179e63)
core   0: 0x800110cc (0x07f27063) bgeu    tp, t6, pc + 96
core   0: 3 0x800110cc (0x07f27063)
core   0: 0x8001112c (0x885f6f93) ori     t6, t5, -1915
core   0: 3 0x8001112c (0x885f6f93) x31 0xffffffa5
core   0: 0x80011130 (0x008a0bb3) add     s7, s4, s0
core   0: 3 0x80011130 (0x008a0bb3) x23 0x80038024
core   0: 0x80011134 (0xdf25fdb7) lui     s11, 0xdf25f
core   0: 3 0x80011134 (0xdf25fdb7) x27 0xdf25f000
core   0: 0x80011138 (0x00000013) nop
core   0: 3 0x80011138 (0x00000013)
core   0: 0x8001113c (0x0000100f) fence.i
core   0: 3 0x8001113c (0x0000100f)
core   0: 0x80011140 (0xccb30393) addi    t2, t1, -821
core   0: 3 0x80011140 (0xccb30393) x 7 0x17fffccb
core   0: 0x80011144 (0x00cb4663) blt     s6, a2, pc + 12
core   0: 3 0x80011144 (0x00cb4663)
core   0: 0x80011150 (0x0ff0000f) fence   iorw,iorw
core   0: 3 0x80011150 (0x0ff0000f)
core   0: 0x80011154 (0x8a89ef13) ori     t5, s3, -1880
core   0: 3 0x80011154 (0x8a89ef13) x30 0xfffffcbc
core   0: 0x80011158 (0x02448463) beq     s1, tp, pc + 40
core   0: 3 0x80011158 (0x02448463)
core   0: 0x8001115c (0x58b3b737) lui     a4, 0x58b3b
core   0: 3 0x8001115c (0x58b3b737) x14 0x58b3b000
core   0: 0x80011160 (0x0f93b837) lui     a6, 0xf93b
core   0: 3 0x80011160 (0x0f93b837) x16 0x0f93b000
core   0: 0x80011164 (0x00d8da13) srli    s4, a7, 13
core   0: 3 0x80011164 (0x00d8da13) x20 0x0007f327
core   0: 0x80011168 (0x01290bb3) add     s7, s2, s2
core   0: 3 0x80011168 (0x01290bb3) x23 0x03cff7f4
core   0: 0x8001116c (0xe1c02e93) slti    t4, zero, -484
core   0: 3 0x8001116c (0xe1c02e93) x29 0x00000000
core   0: 0x80011170 (0x01219663) bne     gp, s2, pc + 12
core   0: 3 0x80011170 (0x01219663)
core   0: 0x8001117c (0x0ff0000f) fence   iorw,iorw
core   0: 3 0x8001117c (0x0ff0000f)
core   0: 0x80011180 (0x013c1a13) slli    s4, s8, 19
core   0: 3 0x80011180 (0x013c1a13) x20 0x00000000
core   0: 0x80011184 (0x00339863) bne     t2, gp, pc + 16
core   0: 3 0x80011184 (0x00339863)
core   0: 0x80011194 (0x418c5613) srai    a2, s8, 24
core   0: 3 0x80011194 (0x418c5613) x12 0xffffffc0
core   0: 0x80011198 (0x01cef863) bgeu    t4, t3, pc + 16
core   0: 3 0x80011198 (0x01cef863)
core   0: 0x800111a8 (0x04187863) bgeu    a6, ra, pc + 80
core   0: 3 0x800111a8 (0x04187863)
core   0: 0x800111ac (0x0154f263) bgeu    s1, s5, pc + 4
core   0: 3 0x800111ac (0x0154f263)
core   0: 0x800111b0 (0x98930c93) addi    s9, t1, -1655
core   0: 3 0x800111b0 (0x98930c93) x25 0x17fff989
core   0: 0x800111b4 (0x0000100f) fence.i
core   0: 3 0x800111b4 (0x0000100f)
core   0: 0x800111b8 (0x017e9e33) sll     t3, t4, s7
core   0: 3 0x800111b8 (0x017e9e33) x28 0x00000000
core   0: 0x800111bc (0x01061d13) slli    s10, a2, 16
core   0: 3 0x800111bc (0x01061d13) x26 0xffc00000
core   0: 0x800111c0 (0x0004e933) or      s2, s1, zero
core   0: 3 0x800111c0 (0x0004e933) x18 0xffffffff
core   0: 0x800111c4 (0x4c1e64b7) lui     s1, 0x4c1e6
core   0: 3 0x800111c4 (0x4c1e64b7) x 9 0x4c1e6000
core   0: 0x800111c8 (0x02280463) beq     a6, sp, pc + 40
core   0: 3 0x800111c8 (0x02280463)
core   0: 0x800111cc (0xfc180713) addi    a4, a6, -63
core   0: 3 0x800111cc (0xfc180713) x14 0x0f93afc1
core   0: 0x800111d0 (0xac68c113) xori    sp, a7, -1338
core   0: 3 0x800111d0 (0xac68c113) x 2 0x019b175b
core   0: 0x800111d4 (0x8f6500b7) lui     ra, 0x8f650
core   0: 3 0x800111d4 (0x8f6500b7) x 1 0x8f650000
core   0: 0x800111d8 (0x01424eb3) xor     t4, tp, s4
core   0: 3 0x800111d8 (0x01424eb3) x29 0x8002bce4
core   0: 0x800111dc (0x0251f463) bgeu    gp, t0, pc + 40
core   0: 3 0x800111dc (0x0251f463)
core   0: 0x80011204 (0xe78fbe97) auipc   t4, 0xe78fb
core   0: 3 0x80011204 (0xe78fbe97) x29 0x6790c204
core   0: 0x80011208 (0x412a8533) sub     a0, s5, s2
core   0: 3 0x80011208 (0x412a8533) x10 0x00000001
core   0: 0x8001120c (0x409850b3) sra     ra, a6, s1
core   0: 3 0x8001120c (0x409850b3) x 1 0x0f93b000
core   0: 0x80011210 (0x00b1ccb3) xor     s9, gp, a1
core   0: 3 0x80011210 (0x00b1ccb3) x25 0xe024f000
core   0: 0x80011214 (0x79a0c013) xori    zero, ra, 1946
core   0: 3 0x80011214 (0x79a0c013)
core   0: 0x80011218 (0xa3247d93) andi    s11, s0, -1486
core   0: 3 0x80011218 (0xa3247d93) x27 0x80037a20
core   0: 0x8001121c (0x0000100f) fence.i
core   0: 3 0x8001121c (0x0000100f)
core   0: 0x80011220 (0x00f75333) srl     t1, a4, a5
core   0: 3 0x80011220 (0x00f75333) x 6 0x0f93afc1
core   0: 0x80011224 (0xe543ddb7) lui     s11, 0xe543d
core   0: 3 0x80011224 (0xe543ddb7) x27 0xe543d000
core   0: 0x80011228 (0x00a7f2b3) and     t0, a5, a0
core   0: 3 0x80011228 (0x00a7f2b3) x 5 0x00000000
core   0: 0x8001122c (0x0057b3b3) sltu    t2, a5, t0
core   0: 3 0x8001122c (0x0057b3b3) x 7 0x00000000
core   0: 0x80011230 (0x047c1063) bne     s8, t2, pc + 64
core   0: 3 0x80011230 (0x047c1063)
core   0: 0x80011270 (0x00fdcc63) blt     s11, a5, pc + 24
core   0: 3 0x80011270 (0x00fdcc63)
core   0: 0x80011288 (0x2d5f3013) sltiu   zero, t5, 725
core   0: 3 0x80011288 (0x2d5f3013)
core   0: 0x8001128c (0x009b4d33) xor     s10, s6, s1
core   0: 3 0x8001128c (0x009b4d33) x26 0xcc1c1e24
core   0: 0x80011290 (0x43178197) auipc   gp, 0x43178
core   0: 3 0x80011290 (0x43178197) x 3 0xc3189290
core   0: 0x80011294 (0x00388fb3) add     t6, a7, gp
core   0: 3 0x80011294 (0x00388fb3) x31 0xc17d802d
core   0: 0x80011298 (0x03fe9063) bne     t4, t6, pc + 32
core   0: 3 0x80011298 (0x03fe9063)
core   0: 0x800112b8 (0x0000100f) fence.i
core   0: 3 0x800112b8 (0x0000100f)
core   0: 0x800112bc (0x3efc4713) xori    a4, s8, 1007
core   0: 3 0x800112bc (0x3efc4713) x14 0xc00003ef
core   0: 0x800112c0 (0x02967e63) bgeu    a2, s1, pc + 60
core   0: 3 0x800112c0 (0x02967e63)
core   0: 0x800112fc (0x4139d593) srai    a1, s3, 19
core   0: 3 0x800112fc (0x4139d593) x11 0xffffffcc
core   0: 0x80011300 (0x00000013) nop
core   0: 3 0x80011300 (0x00000013)
core   0: 0x80011304 (0x00240e63) beq     s0, sp, pc + 28
core   0: 3 0x80011304 (0x00240e63)
core   0: 0x80011308 (0x01e2c0b3) xor     ra, t0, t5
core   0: 3 0x80011308 (0x01e2c0b3) x 1 0xfffffcbc
core   0: 0x8001130c (0x410d5f93) srai    t6, s10, 16
core   0: 3 0x8001130c (0x410d5f93) x31 0xffffcc1c
core   0: 0x80011310 (0x668af813) andi    a6, s5, 1640
core   0: 3 0x80011310 (0x668af813) x16 0x00000000
core   0: 0x80011314 (0x5367af93) slti    t6, a5, 1334
core   0: 3 0x80011314 (0x5367af93) x31 0x00000001
core   0: 0x80011318 (0x0023ce63) blt     t2, sp, pc + 28
core   0: 3 0x80011318 (0x0023ce63)
core   0: 0x80011334 (0x2f0f9437) lui     s0, 0x2f0f9
core   0: 3 0x80011334 (0x2f0f9437) x 8 0x2f0f9000
core   0: 0x80011338 (0x0000100f) fence.i
core   0: 3 0x80011338 (0x0000100f)
core   0: 0x8001133c (0x0000100f) fence.i
core   0: 3 0x8001133c (0x0000100f)
core   0: 0x80011340 (0x907e7a93) andi    s5, t3, -1785
core   0: 3 0x80011340 (0x907e7a93) x21 0x00000000
core   0: 0x80011344 (0x027a8463) beq     s5, t2, pc + 40
core   0: 3 0x80011344 (0x027a8463)
core   0: 0x8001136c (0x7fb12e13) slti    t3, sp, 2043
core   0: 3 0x8001136c (0x7fb12e13) x28 0x00000000
core   0: 0x80011370 (0x03e46463) bltu    s0, t5, pc + 40
core   0: 3 0x80011370 (0x03e46463)
core   0: 0x80011398 (0x01151a13) slli    s4, a0, 17
core   0: 3 0x80011398 (0x01151a13) x20 0x00020000
core   0: 0x8001139c (0xffd00393) li      t2, -3
core   0: 3 0x8001139c (0xffd00393) x 7 0xfffffffd
core   0: 0x800113a0 (0x003107b3) add     a5, sp, gp
core   0: 3 0x800113a0 (0x003107b3) x15 0xc4b3a9eb
core   0: 0x800113a4 (0xdf9a1a97) auipc   s5, 0xdf9a1
core   0: 3 0x800113a4 (0xdf9a1a97) x21 0x5f9b23a4
core   0: 0x800113a8 (0x00300e93) li      t4, 3
core   0: 3 0x800113a8 (0x00300e93) x29 0x00000003
core   0: 0x800113ac (0x0dfb0893) addi    a7, s6, 223
core   0: 3 0x800113ac (0x0dfb0893) x17 0x80027f03
core   0: 0x800113b0 (0x0126d933) srl     s2, a3, s2
core   0: 3 0x800113b0 (0x0126d933) x18 0x00000001
core   0: 0x800113b4 (0x7253e293) ori     t0, t2, 1829
core   0: 3 0x800113b4 (0x7253e293) x 5 0xfffffffd
core   0: 0x800113b8 (0xc9ac4f13) xori    t5, s8, -870
core   0: 3 0x800113b8 (0xc9ac4f13) x30 0x3ffffc9a
core   0: 0x800113bc (0x00338393) addi    t2, t2, 3
core   0: 3 0x800113bc (0x00338393) x 7 0x00000000
core   0: 0x800113c0 (0x00800413) li      s0, 8
core   0: 3 0x800113c0 (0x00800413) x 8 0x00000008
core   0: 0x800113c4 (0xf0dcd337) lui     t1, 0xf0dcd
core   0: 3 0x800113c4 (0xf0dcd337) x 6 0xf0dcd000
core   0: 0x800113c8 (0x006dacb3) slt     s9, s11, t1
core   0: 3 0x800113c8 (0x006dacb3) x25 0x00000001
core   0: 0x800113cc (0x417edbb3) sra     s7, t4, s7
core   0: 3 0x800113cc (0x417edbb3) x23 0x00000000
core   0: 0x800113d0 (0x00b59093) slli    ra, a1, 11
core   0: 3 0x800113d0 (0x00b59093) x 1 0xfffe6000
core   0: 0x800113d4 (0x01300a13) li      s4, 19
core   0: 3 0x800113d4 (0x01300a13) x20 0x00000013
core   0: 0x800113d8 (0x41f75933) sra     s2, a4, t6
core   0: 3 0x800113d8 (0x41f75933) x18 0xe00001f7
core   0: 0x800113dc (0x4d500193) li      gp, 1237
core   0: 3 0x800113dc (0x4d500193) x 3 0x000004d5
core   0: 0x800113e0 (0x017ce4b3) or      s1, s9, s7
core   0: 3 0x800113e0 (0x017ce4b3) x 9 0x00000001
core   0: 0x800113e4 (0x00140413) addi    s0, s0, 1
core   0: 3 0x800113e4 (0x00140413) x 8 0x00000009
core   0: 0x800113e8 (0x5ec6a013) slti    zero, a3, 1516
core   0: 3 0x800113e8 (0x5ec6a013)
core   0: 0x800113ec (0x00845933) srl     s2, s0, s0
core   0: 3 0x800113ec (0x00845933) x18 0x00000000
core   0: 0x800113f0 (0x93da4c93) xori    s9, s4, -1731
core   0: 3 0x800113f0 (0x93da4c93) x25 0xfffff92e
core   0: 0x800113f4 (0xff4406e3) beq     s0, s4, pc - 20
core   0: 3 0x800113f4 (0xff4406e3)
core   0: 0x800113f8 (0xb6785717) auipc   a4, 0xb6785
core   0: 3 0x800113f8 (0xb6785717) x14 0x367963f8
core   0: 0x800113fc (0xfbd3ece3) bltu    t2, t4, pc - 72
core   0: 3 0x800113fc (0xfbd3ece3)
core   0: 0x800113b4 (0x7253e293) ori     t0, t2, 1829
core   0: 3 0x800113b4 (0x7253e293) x 5 0x00000725
core   0: 0x800113b8 (0xc9ac4f13) xori    t5, s8, -870
core   0: 3 0x800113b8 (0xc9ac4f13) x30 0x3ffffc9a
core   0: 0x800113bc (0x00338393) addi    t2, t2, 3
core   0: 3 0x800113bc (0x00338393) x 7 0x00000003
core   0: 0x800113c0 (0x00800413) li      s0, 8
core   0: 3 0x800113c0 (0x00800413) x 8 0x00000008
core   0: 0x800113c4 (0xf0dcd337) lui     t1, 0xf0dcd
core   0: 3 0x800113c4 (0xf0dcd337) x 6 0xf0dcd000
core   0: 0x800113c8 (0x006dacb3) slt     s9, s11, t1
core   0: 3 0x800113c8 (0x006dacb3) x25 0x00000001
core   0: 0x800113cc (0x417edbb3) sra     s7, t4, s7
core   0: 3 0x800113cc (0x417edbb3) x23 0x00000003
core   0: 0x800113d0 (0x00b59093) slli    ra, a1, 11
core   0: 3 0x800113d0 (0x00b59093) x 1 0xfffe6000
core   0: 0x800113d4 (0x01300a13) li      s4, 19
core   0: 3 0x800113d4 (0x01300a13) x20 0x00000013
core   0: 0x800113d8 (0x41f75933) sra     s2, a4, t6
core   0: 3 0x800113d8 (0x41f75933) x18 0x1b3cb1fc
core   0: 0x800113dc (0x4d500193) li      gp, 1237
core   0: 3 0x800113dc (0x4d500193) x 3 0x000004d5
core   0: 0x800113e0 (0x017ce4b3) or      s1, s9, s7
core   0: 3 0x800113e0 (0x017ce4b3) x 9 0x00000003
core   0: 0x800113e4 (0x00140413) addi    s0, s0, 1
core   0: 3 0x800113e4 (0x00140413) x 8 0x00000009
core   0: 0x800113e8 (0x5ec6a013) slti    zero, a3, 1516
core   0: 3 0x800113e8 (0x5ec6a013)
core   0: 0x800113ec (0x00845933) srl     s2, s0, s0
core   0: 3 0x800113ec (0x00845933) x18 0x00000000
core   0: 0x800113f0 (0x93da4c93) xori    s9, s4, -1731
core   0: 3 0x800113f0 (0x93da4c93) x25 0xfffff92e
core   0: 0x800113f4 (0xff4406e3) beq     s0, s4, pc - 20
core   0: 3 0x800113f4 (0xff4406e3)
core   0: 0x800113f8 (0xb6785717) auipc   a4, 0xb6785
core   0: 3 0x800113f8 (0xb6785717) x14 0x367963f8
core   0: 0x800113fc (0xfbd3ece3) bltu    t2, t4, pc - 72
core   0: 3 0x800113fc (0xfbd3ece3)
core   0: 0x80011400 (0xed822517) auipc   a0, 0xed822
core   0: 3 0x80011400 (0xed822517) x10 0x6d833400
core   0: 0x80011404 (0x01069c63) bne     a3, a6, pc + 24
core   0: 3 0x80011404 (0x01069c63)
core   0: 0x8001141c (0xf62d8693) addi    a3, s11, -158
core   0: 3 0x8001141c (0xf62d8693) x13 0xe543cf62
core   0: 0x80011420 (0x9e538a13) addi    s4, t2, -1563
core   0: 3 0x80011420 (0x9e538a13) x20 0xfffff9e8
core   0: 0x80011424 (0x00bf1eb3) sll     t4, t5, a1
core   0: 3 0x80011424 (0x00bf1eb3) x29 0xffc9a000
core   0: 0x80011428 (0xf61bc893) xori    a7, s7, -159
core   0: 3 0x80011428 (0xf61bc893) x17 0xffffff62
core   0: 0x8001142c (0xbf4b2013) slti    zero, s6, -1036
core   0: 3 0x8001142c (0xbf4b2013)
core   0: 0x80011430 (0x6bd96693) ori     a3, s2, 1725
core   0: 3 0x80011430 (0x6bd96693) x13 0x000006bd
core   0: 0x80011434 (0x00000013) nop
core   0: 3 0x80011434 (0x00000013)
core   0: 0x80011438 (0x00566533) or      a0, a2, t0
core   0: 3 0x80011438 (0x00566533) x10 0xffffffe5
core   0: 0x8001143c (0xad2d0a13) addi    s4, s10, -1326
core   0: 3 0x8001143c (0xad2d0a13) x20 0xcc1c18f6
core   0: 0x80011440 (0x01a11fb3) sll     t6, sp, s10
core   0: 3 0x80011440 (0x01a11fb3) x31 0x19b175b0
core   0: 0x80011444 (0x01058033) add     zero, a1, a6
core   0: 3 0x80011444 (0x01058033)
core   0: 0x80011448 (0x00e070b3) and     ra, zero, a4
core   0: 3 0x80011448 (0x00e070b3) x 1 0x00000000
core   0: 0x8001144c (0x02f5f463) bgeu    a1, a5, pc + 40
core   0: 3 0x8001144c (0x02f5f463)
core   0: 0x80011474 (0xfae16393) ori     t2, sp, -82
core   0: 3 0x80011474 (0xfae16393) x 7 0xffffffff
core   0: 0x80011478 (0x00e59393) slli    t2, a1, 14
core   0: 3 0x80011478 (0x00e59393) x 7 0xfff30000
core   0: 0x8001147c (0x01bdee63) bltu    s11, s11, pc + 28
core   0: 3 0x8001147c (0x01bdee63)
core   0: 0x80011480 (0x014155b3) srl     a1, sp, s4
core   0: 3 0x80011480 (0x014155b3) x11 0x00000006
core   0: 0x80011484 (0x6514ef97) auipc   t6, 0x6514e
core   0: 3 0x80011484 (0x6514ef97) x31 0xe515f484
core   0: 0x80011488 (0x0141a933) slt     s2, gp, s4
core   0: 3 0x80011488 (0x0141a933) x18 0x00000000
core   0: 0x8001148c (0x01f5e4b3) or      s1, a1, t6
core   0: 3 0x8001148c (0x01f5e4b3) x 9 0xe515f486
core   0: 0x80011490 (0x05b6f063) bgeu    a3, s11, pc + 64
core   0: 3 0x80011490 (0x05b6f063)
core   0: 0x80011494 (0x01799113) slli    sp, s3, 23
core   0: 3 0x80011494 (0x01799113) x 2 0x4e000000
core   0: 0x80011498 (0x00000013) nop
core   0: 3 0x80011498 (0x00000013)
core   0: 0x8001149c (0x00ababb3) slt     s7, s7, a0
core   0: 3 0x8001149c (0x00ababb3) x23 0x00000000
core   0: 0x800114a0 (0x05496463) bltu    s2, s4, pc + 72
core   0: 3 0x800114a0 (0x05496463)
core   0: 0x800114e8 (0x0000100f) fence.i
core   0: 3 0x800114e8 (0x0000100f)
core   0: 0x800114ec (0x41ba5193) srai    gp, s4, 27
core   0: 3 0x800114ec (0x41ba5193) x 3 0xfffffff9
core   0: 0x800114f0 (0x01320c63) beq     tp, s3, pc + 24
core   0: 3 0x800114f0 (0x01320c63)
core   0: 0x800114f4 (0x0088d193) srli    gp, a7, 8
core   0: 3 0x800114f4 (0x0088d193) x 3 0x00ffffff
core   0: 0x800114f8 (0x0017ec63) bltu    a5, ra, pc + 24
core   0: 3 0x800114f8 (0x0017ec63)
core   0: 0x800114fc (0x6e3fab93) slti    s7, t6, 1763
core   0: 3 0x800114fc (0x6e3fab93) x23 0x00000001
core   0: 0x80011500 (0x0ff0000f) fence   iorw,iorw
core   0: 3 0x80011500 (0x0ff0000f)
core   0: 0x80011504 (0x01e52433) slt     s0, a0, t5
core   0: 3 0x80011504 (0x01e52433) x 8 0x00000001
core   0: 0x80011508 (0x02d9c463) blt     s3, a3, pc + 40
core   0: 3 0x80011508 (0x02d9c463)
core   0: 0x80011530 (0x6f046b93) ori     s7, s0, 1776
core   0: 3 0x80011530 (0x6f046b93) x23 0x000006f1
core   0: 0x80011534 (0x0213ca63) blt     t2, ra, pc + 52
core   0: 3 0x80011534 (0x0213ca63)
core   0: 0x80011568 (0x00000013) nop
core   0: 3 0x80011568 (0x00000013)
core   0: 0x8001156c (0x1a17e117) auipc   sp, 0x1a17e
core   0: 3 0x8001156c (0x1a17e117) x 2 0x9a18f56c
core   0: 0x80011570 (0x004b2303) lw      t1, 4(s6)
core   0: 3 0x80011570 (0x004b2303) x 6 0x8000aa70 mem 0x80027e28
core   0: 0x80011574 (0x003f3093) sltiu   ra, t5, 3
core   0: 3 0x80011574 (0x003f3093) x 1 0x00000000
core   0: 0x80011578 (0x01226bb3) or      s7, tp, s2
core   0: 3 0x80011578 (0x01226bb3) x23 0x8002bce4
core   0: 0x8001157c (0x0077ee33) or      t3, a5, t2
core   0: 3 0x8001157c (0x0077ee33) x28 0xfff3a9eb
core   0: 0x80011580 (0x018022b3) slt     t0, zero, s8
core   0: 3 0x80011580 (0x018022b3) x 5 0x00000000
core   0: 0x80011584 (0x040b0b13) addi    s6, s6, 64
core   0: 3 0x80011584 (0x040b0b13) x22 0x80027e64
core   0: 0x80011588 (0x014284b3) add     s1, t0, s4
core   0: 3 0x80011588 (0x014284b3) x 9 0xcc1c18f6
core   0: 0x8001158c (0x00ab1cb3) sll     s9, s6, a0
core   0: 3 0x8001158c (0x00ab1cb3) x25 0x004fcc80
core   0: 0x80011590 (0x401250b3) sra     ra, tp, ra
core   0: 3 0x80011590 (0x401250b3) x 1 0x8002bce4
core   0: 0x80011594 (0x00030693) mv      a3, t1
core   0: 3 0x80011594 (0x00030693) x13 0x8000aa70
core   0: 0x80011598 (0x000686e7) jalr    a3, a3, 0
core   0: 3 0x80011598 (0x000686e7) x13 0x8001159c
core   0: 0x8000aa70 (0x40f50733) sub     a4, a0, a5
core   0: 3 0x8000aa70 (0x40f50733) x14 0x3b4c55fa
core   0: 0x8000aa74 (0x00d2ddb3) srl     s11, t0, a3
core   0: 3 0x8000aa74 (0x00d2ddb3) x27 0x00000000
core   0: 0x8000aa78 (0x40625f33) sra     t5, tp, t1
core   0: 3 0x8000aa78 (0x40625f33) x30 0xffff8002
core   0: 0x8000aa7c (0x0124d393) srli    t2, s1, 18
core   0: 3 0x8000aa7c (0x0124d393) x 7 0x00003307
core   0: 0x8000aa80 (0xfe0bf113) andi    sp, s7, -32
core   0: 3 0x8000aa80 (0xfe0bf113) x 2 0x8002bce0
core   0: 0x8000aa84 (0x00840633) add     a2, s0, s0
core   0: 3 0x8000aa84 (0x00840633) x12 0x00000002
core   0: 0x8000aa88 (0x0137a933) slt     s2, a5, s3
core   0: 3 0x8000aa88 (0x0137a933) x18 0x00000001
core   0: 0x8000aa8c (0xf89e3c13) sltiu   s8, t3, -119
core   0: 3 0x8000aa8c (0xf89e3c13) x24 0x00000001
core   0: 0x8000aa90 (0xc53bb893) sltiu   a7, s7, -941
core   0: 3 0x8000aa90 (0xc53bb893) x17 0x00000001
core   0: 0x8000aa94 (0x01219463) bne     gp, s2, pc + 8
core   0: 3 0x8000aa94 (0x01219463)
core   0: 0x8000aa9c (0x053e9463) bne     t4, s3, pc + 72
core   0: 3 0x8000aa9c (0x053e9463)
core   0: 0x8000aae4 (0x0000100f) fence.i
core   0: 3 0x8000aae4 (0x0000100f)
core   0: 0x8000aae8 (0x00e61fb3) sll     t6, a2, a4
core   0: 3 0x8000aae8 (0x00e61fb3) x31 0x08000000
core   0: 0x8000aaec (0xa9c73eb7) lui     t4, 0xa9c73
core   0: 3 0x8000aaec (0xa9c73eb7) x29 0xa9c73000
core   0: 0x8000aaf0 (0x68ae2013) slti    zero, t3, 1674
core   0: 3 0x8000aaf0 (0x68ae2013)
core   0: 0x8000aaf4 (0x017c9693) slli    a3, s9, 23
core   0: 3 0x8000aaf4 (0x017c9693) x13 0x40000000
core   0: 0x8000aaf8 (0x0000100f) fence.i
core   0: 3 0x8000aaf8 (0x0000100f)
core   0: 0x8000aafc (0x04224663) blt     tp, sp, pc + 76
core   0: 3 0x8000aafc (0x04224663)
core   0: 0x8000ab00 (0x05956f13) ori     t5, a0, 89
core   0: 3 0x8000ab00 (0x05956f13) x30 0xfffffffd
core   0: 0x8000ab04 (0x0487d663) bge     a5, s0, pc + 76
core   0: 3 0x8000ab04 (0x0487d663)
core   0: 0x8000ab08 (0x002c1393) slli    t2, s8, 2
core   0: 3 0x8000ab08 (0x002c1393) x 7 0x00000004
core   0: 0x8000ab0c (0x0ff0000f) fence   iorw,iorw
core   0: 3 0x8000ab0c (0x0ff0000f)
core   0: 0x8000ab10 (0x9ce2f493) andi    s1, t0, -1586
core   0: 3 0x8000ab10 (0x9ce2f493) x 9 0x00000000
core   0: 0x8000ab14 (0x37e5bc13) sltiu   s8, a1, 894
core   0: 3 0x8000ab14 (0x37e5bc13) x24 0x00000001
core   0: 0x8000ab18 (0x0ff0000f) fence   iorw,iorw
core   0: 3 0x8000ab18 (0x0ff0000f)
core   0: 0x8000ab1c (0x04800063) beq     zero, s0, pc + 64
core   0: 3 0x8000ab1c (0x04800063)
core   0: 0x8000ab20 (0x01ebf863) bgeu    s7, t5, pc + 16
core   0: 3 0x8000ab20 (0x01ebf863)
core   0: 0x8000ab24 (0x007293b3) sll     t2, t0, t2
core   0: 3 0x8000ab24 (0x007293b3) x 7 0x00000000
core   0: 0x8000ab28 (0x0ff0000f) fence   iorw,iorw
core   0: 3 0x8000ab28 (0x0ff0000f)
core   0: 0x8000ab2c (0x1043fd93) andi    s11, t2, 260
core   0: 3 0x8000ab2c (0x1043fd93) x27 0x00000000
core   0: 0x8000ab30 (0x41aa55b3) sra     a1, s4, s10
core   0: 3 0x8000ab30 (0x41aa55b3) x11 0xfcc1c18f
core   0: 0x8000ab34 (0x018e2cb3) slt     s9, t3, s8
core   0: 3 0x8000ab34 (0x018e2cb3) x25 0x00000001
core   0: 0x8000ab38 (0x00d97033) and     zero, s2, a3
core   0: 3 0x8000ab38 (0x00d97033)
core   0: 0x8000ab3c (0xb4a10c37) lui     s8, 0xb4a10
core   0: 3 0x8000ab3c (0xb4a10c37) x24 0xb4a10000
core   0: 0x8000ab40 (0xfe636393) ori     t2, t1, -26
core   0: 3 0x8000ab40 (0xfe636393) x 7 0xfffffff6
core   0: 0x8000ab44 (0x02cada63) bge     s5, a2, pc + 52
core   0: 3 0x8000ab44 (0x02cada63)
core   0: 0x8000ab78 (0x00c87533) and     a0, a6, a2
core   0: 3 0x8000ab78 (0x00c87533) x10 0x00000000
core   0: 0x8000ab7c (0xdb8c3393) sltiu   t2, s8, -584
core   0: 3 0x8000ab7c (0xdb8c3393) x 7 0x00000001
core   0: 0x8000ab80 (0x00edda33) srl     s4, s11, a4
core   0: 3 0x8000ab80 (0x00edda33) x20 0x00000000
core   0: 0x8000ab84 (0x016da4b3) slt     s1, s11, s6
core   0: 3 0x8000ab84 (0x016da4b3) x 9 0x00000000
core   0: 0x8000ab88 (0x4b72df17) auipc   t5, 0x4b72d
core   0: 3 0x8000ab88 (0x4b72df17) x30 0xcb737b88
core   0: 0x8000ab8c (0x0006d1b3) srl     gp, a3, zero
core   0: 3 0x8000ab8c (0x0006d1b3) x 3 0x40000000
core   0: 0x8000ab90 (0x00075e93) srli    t4, a4, 0
core   0: 3 0x8000ab90 (0x00075e93) x29 0x3b4c55fa
core   0: 0x8000ab94 (0x01e4a333) slt     t1, s1, t5
core   0: 3 0x8000ab94 (0x01e4a333) x 6 0x00000000
core   0: 0x8000ab98 (0x0354e263) bltu    s1, s5, pc + 36
core   0: 3 0x8000ab98 (0x0354e263)
core   0: 0x8000abbc (0xbc146897) auipc   a7, 0xbc146
core   0: 3 0x8000abbc (0xbc146897) x17 0x3c150bbc
core   0: 0x8000abc0 (0x0007d613) srli    a2, a5, 0
core   0: 3 0x8000abc0 (0x0007d613) x12 0xc4b3a9eb
core   0: 0x8000abc4 (0x00000013) nop
core   0: 3 0x8000abc4 (0x00000013)
core   0: 0x8000abc8 (0x0ff0000f) fence   iorw,iorw
core   0: 3 0x8000abc8 (0x0ff0000f)
core   0: 0x8000abcc (0x00000013) nop
core   0: 3 0x8000abcc (0x00000013)
core   0: 0x8000abd0 (0x20a1a193) slti    gp, gp, 522
core   0: 3 0x8000abd0 (0x20a1a193) x 3 0x00000000
core   0: 0x8000abd4 (0x57f5f313) andi    t1, a1, 1407
core   0: 3 0x8000abd4 (0x57f5f313) x 6 0x0000010f
core   0: 0x8000abd8 (0x8fe0bc13) sltiu   s8, ra, -1794
core   0: 3 0x8000abd8 (0x8fe0bc13) x24 0x00000001
core   0: 0x8000abdc (0x0033f463) bgeu    t2, gp, pc + 8
core   0: 3 0x8000abdc (0x0033f463)
core   0: 0x8000abe4 (0xe3d1b117) auipc   sp, 0xe3d1b
core   0: 3 0x8000abe4 (0xe3d1b117) x 2 0x63d25be4
core   0: 0x8000abe8 (0xaabc0b93) addi    s7, s8, -1365
core   0: 3 0x8000abe8 (0xaabc0b93) x23 0xfffffaac
core   0: 0x8000abec (0x41f706b3) sub     a3, a4, t6
core   0: 3 0x8000abec (0x41f706b3) x13 0x334c55fa
core   0: 0x8000abf0 (0x046b7463) bgeu    s6, t1, pc + 72
core   0: 3 0x8000abf0 (0x046b7463)
core   0: 0x8000ac38 (0x00935493) srli    s1, t1, 9
core   0: 3 0x8000ac38 (0x00935493) x 9 0x00000000
core   0: 0x8000ac3c (0x0000100f) fence.i
core   0: 3 0x8000ac3c (0x0000100f)
core   0: 0x8000ac40 (0x41d35393) srai    t2, t1, 29
core   0: 3 0x8000ac40 (0x41d35393) x 7 0x00000000
core   0: 0x8000ac44 (0x10629063) bne     t0, t1, pc + 256
core   0: 3 0x8000ac44 (0x10629063)
core   0: 0x8000ad44 (0x494ccc13) xori    s8, s9, 1172
core   0: 3 0x8000ad44 (0x494ccc13) x24 0x00000495
core   0: 0x8000ad48 (0x00000013) nop
core   0: 3 0x8000ad48 (0x00000013)
core   0: 0x8000ad4c (0x0000100f) fence.i
core   0: 3 0x8000ad4c (0x0000100f)
core   0: 0x8000ad50 (0x012e9197) auipc   gp, 0x12e9
core   0: 3 0x8000ad50 (0x012e9197) x 3 0x812f3d50
core   0: 0x8000ad54 (0x0180cbb3) xor     s7, ra, s8
core   0: 3 0x8000ad54 (0x0180cbb3) x23 0x8002b871
core   0: 0x8000ad58 (0xfb39cc93) xori    s9, s3, -77
core   0: 3 0x8000ad58 (0xfb39cc93) x25 0x019b132f
core   0: 0x8000ad5c (0x6cab7837) lui     a6, 0x6cab7
core   0: 3 0x8000ad5c (0x6cab7837) x16 0x6cab7000
core   0: 0x8000ad60 (0xc15ea537) lui     a0, 0xc15ea
core   0: 3 0x8000ad60 (0xc15ea537) x10 0xc15ea000
core   0: 0x8000ad64 (0x055c5663) bge     s8, s5, pc + 76
core   0: 3 0x8000ad64 (0x055c5663)
core   0: 0x8000ad68 (0xcf04cfb7) lui     t6, 0xcf04c
core   0: 3 0x8000ad68 (0xcf04cfb7) x31 0xcf04c000
core   0: 0x8000ad6c (0x056dd063) bge     s11, s6, pc + 64
core   0: 3 0x8000ad6c (0x056dd063)
core   0: 0x8000adac (0xd06aec93) ori     s9, s5, -762
core   0: 3 0x8000adac (0xd06aec93) x25 0xffffffa6
core   0: 0x8000adb0 (0x4184d433) sra     s0, s1, s8
core   0: 3 0x8000adb0 (0x4184d433) x 8 0x00000000
core   0: 0x8000adb4 (0x0150da93) srli    s5, ra, 21
core   0: 3 0x8000adb4 (0x0150da93) x21 0x00000400
core   0: 0x8000adb8 (0x0000100f) fence.i
core   0: 3 0x8000adb8 (0x0000100f)
core   0: 0x8000adbc (0x001e9663) bne     t4, ra, pc + 12
core   0: 3 0x8000adbc (0x001e9663)
core   0: 0x8000adc8 (0x01d7d813) srli    a6, a5, 29
core   0: 3 0x8000adc8 (0x01d7d813) x16 0x00000006
core   0: 0x8000adcc (0x9d7e4a97) auipc   s5, 0x9d7e4
core   0: 3 0x8000adcc (0x9d7e4a97) x21 0x1d7eedcc
core   0: 0x8000add0 (0x8d837693) andi    a3, t1, -1832
core   0: 3 0x8000add0 (0x8d837693) x13 0x00000008
core   0: 0x8000add4 (0x0ff0000f) fence   iorw,iorw
core   0: 3 0x8000add4 (0x0ff0000f)
core   0: 0x8000add8 (0x06052693) slti    a3, a0, 96
core   0: 3 0x8000add8 (0x06052693) x13 0x00000001
core   0: 0x8000addc (0xb28f7813) andi    a6, t5, -1240
core   0: 3 0x8000addc (0xb28f7813) x16 0xcb737b08
core   0: 0x8000ade0 (0x0ff0000f) fence   iorw,iorw
core   0: 3 0x8000ade0 (0x0ff0000f)
core   0: 0x8000ade4 (0x0180d463) bge     ra, s8, pc + 8
core   0: 3 0x8000ade4 (0x0180d463)
core   0: 0x8000ade8 (0x40805393) srai    t2, zero, 8
core   0: 3 0x8000ade8 (0x40805393) x 7 0x00000000
core   0: 0x8000adec (0x590d8d13) addi    s10, s11, 1424
core   0: 3 0x8000adec (0x590d8d13) x26 0x00000590
core   0: 0x8000adf0 (0x32994493) xori    s1, s2, 809
core   0: 3 0x8000adf0 (0x32994493) x 9 0x00000328
core   0: 0x8000adf4 (0xd2b30d13) addi    s10, t1, -725
core   0: 3 0x8000adf4 (0xd2b30d13) x26 0xfffffe3a
core   0: 0x8000adf8 (0x01b99ab3) sll     s5, s3, s11
core   0: 3 0x8000adf8 (0x01b99ab3) x21 0xfe64ec9c
core   0: 0x8000adfc (0x02068263) beqz    a3, pc + 36
core   0: 3 0x8000adfc (0x02068263)
core   0: 0x8000ae00 (0x744ee393) ori     t2, t4, 1860
core   0: 3 0x8000ae00 (0x744ee393) x 7 0x3b4c57fe
core   0: 0x8000ae04 (0x011e9ab3) sll     s5, t4, a7
core   0: 3 0x8000ae04 (0x011e9ab3) x21 0xa0000000
core   0: 0x8000ae08 (0x0000100f) fence.i
core   0: 3 0x8000ae08 (0x0000100f)
core   0: 0x8000ae0c (0x0ff0000f) fence   iorw,iorw
core   0: 3 0x8000ae0c (0x0ff0000f)
core   0: 0x8000ae10 (0x005ba033) slt     zero, s7, t0
core   0: 3 0x8000ae10 (0x005ba033)
core   0: 0x8000ae14 (0x0074d0b3) srl     ra, s1, t2
core   0: 3 0x8000ae14 (0x0074d0b3) x 1 0x00000000
core   0: 0x8000ae18 (0x7062aa13) slti    s4, t0, 1798
core   0: 3 0x8000ae18 (0x7062aa13) x20 0x00000001
core   0: 0x8000ae1c (0x007f6cb3) or      s9, t5, t2
core   0: 3 0x8000ae1c (0x007f6cb3) x25 0xfb7f7ffe
core   0: 0x8000ae20 (0x02db9063) bne     s7, a3, pc + 32
core   0: 3 0x8000ae20 (0x02db9063)
core   0: 0x8000ae40 (0xbac2a917) auipc   s2, 0xbac2a
core   0: 3 0x8000ae40 (0xbac2a917) x18 0x3ac34e40
core   0: 0x8000ae44 (0x0183d463) bge     t2, s8, pc + 8
core   0: 3 0x8000ae44 (0x0183d463)
core   0: 0x8000ae4c (0x1ed54bb7) lui     s7, 0x1ed54
core   0: 3 0x8000ae4c (0x1ed54bb7) x23 0x1ed54000
core   0: 0x8000ae50 (0x659661b7) lui     gp, 0x65966
core   0: 3 0x8000ae50 (0x659661b7) x 3 0x65966000
core   0: 0x8000ae54 (0x00accf33) xor     t5, s9, a0
core   0: 3 0x8000ae54 (0x00accf33) x30 0x3a21dffe
core   0: 0x8000ae58 (0x01931f13) slli    t5, t1, 25
core   0: 3 0x8000ae58 (0x01931f13) x30 0x1e000000
core   0: 0x8000ae5c (0x00d10fb3) add     t6, sp, a3
core   0: 3 0x8000ae5c (0x00d10fb3) x31 0x63d25be5
core   0: 0x8000ae60 (0x8d9b0313) addi    t1, s6, -1831
core   0: 3 0x8000ae60 (0x8d9b0313) x 6 0x8002773d
core   0: 0x8000ae64 (0x2f2b8017) auipc   zero, 0x2f2b8
core   0: 3 0x8000ae64 (0x2f2b8017)
core   0: 0x8000ae68 (0x406354b3) sra     s1, t1, t1
core   0: 3 0x8000ae68 (0x406354b3) x 9 0xfffffffc
core   0: 0x8000ae6c (0x02ab0263) beq     s6, a0, pc + 36
core   0: 3 0x8000ae6c (0x02ab0263)
core   0: 0x8000ae70 (0x0117f463) bgeu    a5, a7, pc + 8
core   0: 3 0x8000ae70 (0x0117f463)
core   0: 0x8000ae78 (0x0180fe63) bgeu    ra, s8, pc + 28
core   0: 3 0x8000ae78 (0x0180fe63)
core   0: 0x8000ae7c (0x41d40db3) sub     s11, s0, t4
core   0: 3 0x8000ae7c (0x41d40db3) x27 0xc4b3aa06
core   0: 0x8000ae80 (0x009c74b3) and     s1, s8, s1
core   0: 3 0x8000ae80 (0x009c74b3) x 9 0x00000494
core   0: 0x8000ae84 (0x08691663) bne     s2, t1, pc + 140
core   0: 3 0x8000ae84 (0x08691663)
core   0: 0x8000af10 (0x4185d5b3) sra     a1, a1, s8
core   0: 3 0x8000af10 (0x4185d5b3) x11 0xffffffe6
core   0: 0x8000af14 (0x009898b3) sll     a7, a7, s1
core   0: 3 0x8000af14 (0x009898b3) x17 0xbbc00000
core   0: 0x8000af18 (0x03225663) bge     tp, s2, pc + 44
core   0: 3 0x8000af18 (0x03225663)
core   0: 0x8000af1c (0x4133deb3) sra     t4, t2, s3
core   0: 3 0x8000af1c (0x4133deb3) x29 0x00000003
core   0: 0x8000af20 (0x02091263) bnez    s2, pc + 36
core   0: 3 0x8000af20 (0x02091263)
core   0: 0x8000af44 (0x0022bcb3) sltu    s9, t0, sp
core   0: 3 0x8000af44 (0x0022bcb3) x25 0x00000001
core   0: 0x8000af48 (0x0000100f) fence.i
core   0: 3 0x8000af48 (0x0000100f)
core   0: 0x8000af4c (0xc7372e93) slti    t4, a4, -909
core   0: 3 0x8000af4c (0xc7372e93) x29 0x00000000
core   0: 0x8000af50 (0x00000013) nop
core   0: 3 0x8000af50 (0x00000013)
core   0: 0x8000af54 (0x00939e33) sll     t3, t2, s1
core   0: 3 0x8000af54 (0x00939e33) x28 0x7fe00000
core   0: 0x8000af58 (0x009a0eb3) add     t4, s4, s1
core   0: 3 0x8000af58 (0x009a0eb3) x29 0x00000495
core   0: 0x8000af5c (0x01c9cc33) xor     s8, s3, t3
core   0: 3 0x8000af5c (0x01c9cc33) x24 0x8184ec9c
core   0: 0x8000af60 (0x019f41b3) xor     gp, t5, s9
core   0: 3 0x8000af60 (0x019f41b3) x 3 0x1e000001
core   0: 0x8000af64 (0x00735733) srl     a4, t1, t2
core   0: 3 0x8000af64 (0x00735733) x14 0x00000002
core   0: 0x8000af68 (0xd243be93) sltiu   t4, t2, -732
core   0: 3 0x8000af68 (0xd243be93) x29 0x00000001
core   0: 0x8000af6c (0x404eda13) srai    s4, t4, 4
core   0: 3 0x8000af6c (0x404eda13) x20 0x00000000
core   0: 0x8000af70 (0x59e7a093) slti    ra, a5, 1438
core   0: 3 0x8000af70 (0x59e7a093) x 1 0x00000001
core   0: 0x8000af74 (0x15f33f97) auipc   t6, 0x15f33
core   0: 3 0x8000af74 (0x15f33f97) x31 0x95f3df74
core   0: 0x8000af78 (0x002ad893) srli    a7, s5, 2
core   0: 3 0x8000af78 (0x002ad893) x17 0x28000000
core   0: 0x8000af7c (0x7b5b4b93) xori    s7, s6, 1973
core   0: 3 0x8000af7c (0x7b5b4b93) x23 0x800279d1
core   0: 0x8000af80 (0x0ff0000f) fence   iorw,iorw
core   0: 3 0x8000af80 (0x0ff0000f)
core   0: 0x8000af84 (0x01719f33) sll     t5, gp, s7
core   0: 3 0x8000af84 (0x01719f33) x30 0x00020000
core   0: 0x8000af88 (0x015d80b3) add     ra, s11, s5
core   0: 3 0x8000af88 (0x015d80b3) x 1 0x64b3aa06
core   0: 0x8000af8c (0x0196bab3) sltu    s5, a3, s9
core   0: 3 0x8000af8c (0x0196bab3) x21 0x00000000
core   0: 0x8000af90 (0x5086b613) sltiu   a2, a3, 1288
core   0: 3 0x8000af90 (0x5086b613) x12 0x00000001
core   0: 0x8000af94 (0x040af863) bgeu    s5, zero, pc + 80
core   0: 3 0x8000af94 (0x040af863)
core   0: 0x8000afe4 (0x28e08d93) addi    s11, ra, 654
core   0: 3 0x8000afe4 (0x28e08d93) x27 0x64b3ac94
core   0: 0x8000afe8 (0xe5194e13) xori    t3, s2, -431
core   0: 3 0x8000afe8 (0xe5194e13) x28 0xc53cb011
core   0: 0x8000afec (0x414a5093) srai    ra, s4, 20
core   0: 3 0x8000afec (0x414a5093) x 1 0x00000000
core   0: 0x8000aff0 (0x0ff0000f) fence   iorw,iorw
core   0: 3 0x8000aff0 (0x0ff0000f)
core   0: 0x8000aff4 (0x004d3333) sltu    t1, s10, tp
core   0: 3 0x8000aff4 (0x004d3333) x 6 0x00000000
core   0: 0x8000aff8 (0x8e0a7313) andi    t1, s4, -1824
core   0: 3 0x8000aff8 (0x8e0a7313) x 6 0x00000000
core   0: 0x8000affc (0x544b1e97) auipc   t4, 0x544b1
core   0: 3 0x8000affc (0x544b1e97) x29 0xd44bbffc
core   0: 0x8000b000 (0x01d1d413) srli    s0, gp, 29
core   0: 3 0x8000b000 (0x01d1d413) x 8 0x00000000
core   0: 0x8000b004 (0x0ff0000f) fence   iorw,iorw
core   0: 3 0x8000b004 (0x0ff0000f)
core   0: 0x8000b008 (0x0448d063) bge     a7, tp, pc + 64
core   0: 3 0x8000b008 (0x0448d063)
core   0: 0x8000b048 (0x01061463) bne     a2, a6, pc + 8
core   0: 3 0x8000b048 (0x01061463)
core   0: 0x8000b050 (0x00b34a33) xor     s4, t1, a1
core   0: 3 0x8000b050 (0x00b34a33) x20 0xffffffe6
core   0: 0x8000b054 (0x723c7b93) andi    s7, s8, 1827
core   0: 3 0x8000b054 (0x723c7b93) x23 0x00000400
core   0: 0x8000b058 (0x03215663) bge     sp, s2, pc + 44
core   0: 3 0x8000b058 (0x03215663)
core   0: 0x8000b084 (0x0ff0000f) fence   iorw,iorw
core   0: 3 0x8000b084 (0x0ff0000f)
core   0: 0x8000b088 (0x04fc7463) bgeu    s8, a5, pc + 72
core   0: 3 0x8000b088 (0x04fc7463)
core   0: 0x8000b08c (0x00fd9033) sll     zero, s11, a5
core   0: 3 0x8000b08c (0x00fd9033)
core   0: 0x8000b090 (0x05b1f263) bgeu    gp, s11, pc + 68
core   0: 3 0x8000b090 (0x05b1f263)
core   0: 0x8000b094 (0xc1152013) slti    zero, a0, -1007
core   0: 3 0x8000b094 (0xc1152013)
core   0: 0x8000b098 (0xc6622d37) lui     s10, 0xc6622
core   0: 3 0x8000b098 (0xc6622d37) x26 0xc6622000
core   0: 0x8000b09c (0x011e9f33) sll     t5, t4, a7
core   0: 3 0x8000b09c (0x011e9f33) x30 0xd44bbffc
core   0: 0x8000b0a0 (0x001e1cb3) sll     s9, t3, ra
core   0: 3 0x8000b0a0 (0x001e1cb3) x25 0xc53cb011
core   0: 0x8000b0a4 (0xb4926d93) ori     s11, tp, -1207
core   0: 3 0x8000b0a4 (0xb4926d93) x27 0xffffffed
core   0: 0x8000b0a8 (0x00aa9593) slli    a1, s5, 10
core   0: 3 0x8000b0a8 (0x00aa9593) x11 0x00000000
core   0: 0x8000b0ac (0x00000013) nop
core   0: 3 0x8000b0ac (0x00000013)
core   0: 0x8000b0b0 (0x056a5463) bge     s4, s6, pc + 72
core   0: 3 0x8000b0b0 (0x056a5463)
core   0: 0x8000b0f8 (0x01122bb3) slt     s7, tp, a7
core   0: 3 0x8000b0f8 (0x01122bb3) x23 0x00000001
core   0: 0x8000b0fc (0x2dcd0113) addi    sp, s10, 732
core   0: 3 0x8000b0fc (0x2dcd0113) x 2 0xc66222dc
core   0: 0x8000b100 (0x00585813) srli    a6, a6, 5
core   0: 3 0x8000b100 (0x00585813) x16 0x065b9bd8
core   0: 0x8000b104 (0x007656b3) srl     a3, a2, t2
core   0: 3 0x8000b104 (0x007656b3) x13 0x00000000
core   0: 0x8000b108 (0x0089f7b3) and     a5, s3, s0
core   0: 3 0x8000b108 (0x0089f7b3) x15 0x00000000
core   0: 0x8000b10c (0x01634733) xor     a4, t1, s6
core   0: 3 0x8000b10c (0x01634733) x14 0x80027e64
core   0: 0x8000b110 (0x00944733) xor     a4, s0, s1
core   0: 3 0x8000b110 (0x00944733) x14 0x00000494
core   0: 0x8000b114 (0x432f3e93) sltiu   t4, t5, 1074
core   0: 3 0x8000b114 (0x432f3e93) x29 0x00000000
core   0: 0x8000b118 (0x0000100f) fence.i
core   0: 3 0x8000b118 (0x0000100f)
core   0: 0x8000b11c (0x0000100f) fence.i
core   0: 3 0x8000b11c (0x0000100f)
core   0: 0x8000b120 (0x00004863) bltz    zero, pc + 16
core   0: 3 0x8000b120 (0x00004863)
core   0: 0x8000b124 (0x8a977c13) andi    s8, a4, -1879
core   0: 3 0x8000b124 (0x8a977c13) x24 0x00000080
core   0: 0x8000b128 (0x405887b3) sub     a5, a7, t0
core   0: 3 0x8000b128 (0x405887b3) x15 0x28000000
core   0: 0x8000b12c (0x00819f13) slli    t5, gp, 8
core   0: 3 0x8000b12c (0x00819f13) x30 0x00000100
core   0: 0x8000b130 (0x00db4433) xor     s0, s6, a3
core   0: 3 0x8000b130 (0x00db4433) x 8 0x80027e64
core   0: 0x8000b134 (0x762f3f93) sltiu   t6, t5, 1890
core   0: 3 0x8000b134 (0x762f3f93) x31 0x00000001
core   0: 0x8000b138 (0x00e8fe63) bgeu    a7, a4, pc + 28
core   0: 3 0x8000b138 (0x00e8fe63)
core   0: 0x8000b154 (0x9e5a7b93) andi    s7, s4, -1563
core   0: 3 0x8000b154 (0x9e5a7b93) x23 0xfffff9e4
core   0: 0x8000b158 (0x260cb713) sltiu   a4, s9, 608
core   0: 3 0x8000b158 (0x260cb713) x14 0x00000000
core   0: 0x8000b15c (0x417f0633) sub     a2, t5, s7
core   0: 3 0x8000b15c (0x417f0633) x12 0x0000071c
core   0: 0x8000b160 (0x01e3b433) sltu    s0, t2, t5
core   0: 3 0x8000b160 (0x01e3b433) x 8 0x00000000
core   0: 0x8000b164 (0x00000013) nop
core   0: 3 0x8000b164 (0x00000013)
core   0: 0x8000b168 (0x01aedf13) srli    t5, t4, 26
core   0: 3 0x8000b168 (0x01aedf13) x30 0x00000000
core   0: 0x8000b16c (0x0011ff33) and     t5, gp, ra
core   0: 3 0x8000b16c (0x0011ff33) x30 0x00000000
core   0: 0x8000b170 (0x9c7a9317) auipc   t1, 0x9c7a9
core   0: 3 0x8000b170 (0x9c7a9317) x 6 0x1c7b4170
core   0: 0x8000b174 (0x99bc4d93) xori    s11, s8, -1637
core   0: 3 0x8000b174 (0x99bc4d93) x27 0xfffff91b
core   0: 0x8000b178 (0x003d78b3) and     a7, s10, gp
core   0: 3 0x8000b178 (0x003d78b3) x17 0x06000000
core   0: 0x8000b17c (0x01782bb3) slt     s7, a6, s7
core   0: 3 0x8000b17c (0x01782bb3) x23 0x00000000
core   0: 0x8000b180 (0xbcf0e093) ori     ra, ra, -1073
core   0: 3 0x8000b180 (0xbcf0e093) x 1 0xfffffbcf
core   0: 0x8000b184 (0x02d05263) bge     zero, a3, pc + 36
core   0: 3 0x8000b184 (0x02d05263)
core   0: 0x8000b1a8 (0x0ff0000f) fence   iorw,iorw
core   0: 3 0x8000b1a8 (0x0ff0000f)
core   0: 0x8000b1ac (0x409ad893) srai    a7, s5, 9
core   0: 3 0x8000b1ac (0x409ad893) x17 0x00000000
core   0: 0x8000b1b0 (0x40c2ddb3) sra     s11, t0, a2
core   0: 3 0x8000b1b0 (0x40c2ddb3) x27 0x00000000
core   0: 0x8000b1b4 (0x00000013) nop
core   0: 3 0x8000b1b4 (0x00000013)
core   0: 0x8000b1b8 (0x40b78933) sub     s2, a5, a1
core   0: 3 0x8000b1b8 (0x40b78933) x18 0x28000000
core   0: 0x8000b1bc (0x01d28d33) add     s10, t0, t4
core   0: 3 0x8000b1bc (0x01d28d33) x26 0x00000000
core   0: 0x8000b1c0 (0x41ee5d33) sra     s10, t3, t5
core   0: 3 0x8000b1c0 (0x41ee5d33) x26 0xc53cb011
core   0: 0x8000b1c4 (0x71c5e513) ori     a0, a1, 1820
core   0: 3 0x8000b1c4 (0x71c5e513) x10 0x0000071c
core   0: 0x8000b1c8 (0x0ff0000f) fence   iorw,iorw
core   0: 3 0x8000b1c8 (0x0ff0000f)
core   0: 0x8000b1cc (0x0047c463) blt     a5, tp, pc + 8
core   0: 3 0x8000b1cc (0x0047c463)
core   0: 0x8000b1d0 (0x048d8663) beq     s11, s0, pc + 76
core   0: 3 0x8000b1d0 (0x048d8663)
core   0: 0x8000b21c (0x01069c93) slli    s9, a3, 16
core   0: 3 0x8000b21c (0x01069c93) x25 0x00000000
core   0: 0x8000b220 (0x0b294793) xori    a5, s2, 178
core   0: 3 0x8000b220 (0x0b294793) x15 0x280000b2
core   0: 0x8000b224 (0x003820b3) slt     ra, a6, gp
core   0: 3 0x8000b224 (0x003820b3) x 1 0x00000001
core   0: 0x8000b228 (0x406c85b3) sub     a1, s9, t1
core   0: 3 0x8000b228 (0x406c85b3) x11 0xe384be90
core   0: 0x8000b22c (0x41a2d833) sra     a6, t0, s10
core   0: 3 0x8000b22c (0x41a2d833) x16 0x00000000
core   0: 0x8000b230 (0x42abcf93) xori    t6, s7, 1066
core   0: 3 0x8000b230 (0x42abcf93) x31 0x0000042a
core   0: 0x8000b234 (0x01327333) and     t1, tp, s3
core   0: 3 0x8000b234 (0x01327333) x 6 0x8000ac84
core   0: 0x8000b238 (0x00000013) nop
core   0: 3 0x8000b238 (0x00000013)
core   0: 0x8000b23c (0xaf013a13) sltiu   s4, sp, -1296
core   0: 3 0x8000b23c (0xaf013a13) x20 0x00000001
core   0: 0x8000b240 (0x00f1c5b3) xor     a1, gp, a5
core   0: 3 0x8000b240 (0x00f1c5b3) x11 0x360000b3
core   0: 0x8000b244 (0x4149da33) sra     s4, s3, s4
core   0: 3 0x8000b244 (0x4149da33) x20 0xff32764e
core   0: 0x8000b248 (0xea35ef93) ori     t6, a1, -349
core   0: 3 0x8000b248 (0xea35ef93) x31 0xfffffeb3
core   0: 0x8000b24c (0xa6333a13) sltiu   s4, t1, -1437
core   0: 3 0x8000b24c (0xa6333a13) x20 0x00000001
core   0: 0x8000b250 (0x41c0d713) srai    a4, ra, 28
core   0: 3 0x8000b250 (0x41c0d713) x14 0x00000000
core   0: 0x8000b254 (0x01c27ab3) and     s5, tp, t3
core   0: 3 0x8000b254 (0x01c27ab3) x21 0x8000b000
core   0: 0x8000b258 (0x03677263) bgeu    a4, s6, pc + 36
core   0: 3 0x8000b258 (0x03677263)
core   0: 0x8000b25c (0x0ff0000f) fence   iorw,iorw
core   0: 3 0x8000b25c (0x0ff0000f)
core   0: 0x8000b260 (0x009ab833) sltu    a6, s5, s1
core   0: 3 0x8000b260 (0x009ab833) x16 0x00000000
core   0: 0x8000b264 (0x016c0333) add     t1, s8, s6
core   0: 3 0x8000b264 (0x016c0333) x 6 0x80027ee4
core   0: 0x8000b268 (0x019d1493) slli    s1, s10, 25
core   0: 3 0x8000b268 (0x019d1493) x 9 0x22000000
core   0: 0x8000b26c (0x001b6463) bltu    s6, ra, pc + 8
core   0: 3 0x8000b26c (0x001b6463)
core   0: 0x8000b270 (0x013bf6b3) and     a3, s7, s3
core   0: 3 0x8000b270 (0x013bf6b3) x13 0x00000000
core   0: 0x8000b274 (0x417dda33) sra     s4, s11, s7
core   0: 3 0x8000b274 (0x417dda33) x20 0x00000000
core   0: 0x8000b278 (0x00000013) nop
core   0: 3 0x8000b278 (0x00000013)
core   0: 0x8000b27c (0x404fd7b3) sra     a5, t6, tp
core   0: 3 0x8000b27c (0x404fd7b3) x15 0xffffffeb
core   0: 0x8000b280 (0x0051ebb3) or      s7, gp, t0
core   0: 3 0x8000b280 (0x0051ebb3) x23 0x1e000001
core   0: 0x8000b284 (0x01879c93) slli    s9, a5, 24
core   0: 3 0x8000b284 (0x01879c93) x25 0xeb000000
core   0: 0x8000b288 (0x04814463) blt     sp, s0, pc + 72
core   0: 3 0x8000b288 (0x04814463)
core   0: 0x8000b2d0 (0x01e1b4b3) sltu    s1, gp, t5
core   0: 3 0x8000b2d0 (0x01e1b4b3) x 9 0x00000000
core   0: 0x8000b2d4 (0x145e2013) slti    zero, t3, 325
core   0: 3 0x8000b2d4 (0x145e2013)
core   0: 0x8000b2d8 (0x0000100f) fence.i
core   0: 3 0x8000b2d8 (0x0000100f)
core   0: 0x8000b2dc (0x4cb06f13) ori     t5, zero, 1227
core   0: 3 0x8000b2dc (0x4cb06f13) x30 0x000004cb
core   0: 0x8000b2e0 (0x405e02b3) sub     t0, t3, t0
core   0: 3 0x8000b2e0 (0x405e02b3) x 5 0xc53cb011
core   0: 0x8000b2e4 (0x015558b3) srl     a7, a0, s5
core   0: 3 0x8000b2e4 (0x015558b3) x17 0x0000071c
core   0: 0x8000b2e8 (0x0089ca63) blt     s3, s0, pc + 20
core   0: 3 0x8000b2e8 (0x0089ca63)
core   0: 0x8000b2fc (0x00c39793) slli    a5, t2, 12
core   0: 3 0x8000b2fc (0x00c39793) x15 0xc57fe000
core   0: 0x8000b300 (0x41485c33) sra     s8, a6, s4
core   0: 3 0x8000b300 (0x41485c33) x24 0x00000000
core   0: 0x8000b304 (0x40a23c93) sltiu   s9, tp, 1034
core   0: 3 0x8000b304 (0x40a23c93) x25 0x00000000
core   0: 0x8000b308 (0x0017b2b3) sltu    t0, a5, ra
core   0: 3 0x8000b308 (0x0017b2b3) x 5 0x00000000
core   0: 0x8000b30c (0x01629863) bne     t0, s6, pc + 16
core   0: 3 0x8000b30c (0x01629863)
core   0: 0x8000b31c (0x01b15cb3) srl     s9, sp, s11
core   0: 3 0x8000b31c (0x01b15cb3) x25 0xc66222dc
core   0: 0x8000b320 (0xc9836013) ori     zero, t1, -872
core   0: 3 0x8000b320 (0xc9836013)
core   0: 0x8000b324 (0x69bc6d93) ori     s11, s8, 1691
core   0: 3 0x8000b324 (0x69bc6d93) x27 0x0000069b
core   0: 0x8000b328 (0x6c25e597) auipc   a1, 0x6c25e
core   0: 3 0x8000b328 (0x6c25e597) x11 0xec269328
core   0: 0x8000b32c (0x00c74e63) blt     a4, a2, pc + 28
core   0: 3 0x8000b32c (0x00c74e63)
core   0: 0x8000b348 (0xf3b87893) andi    a7, a6, -197
core   0: 3 0x8000b348 (0xf3b87893) x17 0x00000000
core   0: 0x8000b34c (0x052e7863) bgeu    t3, s2, pc + 80
core   0: 3 0x8000b34c (0x052e7863)
core   0: 0x8000b39c (0x71f3b337) lui     t1, 0x71f3b
core   0: 3 0x8000b39c (0x71f3b337) x 6 0x71f3b000
core   0: 0x8000b3a0 (0x417bd6b3) sra     a3, s7, s7
core   0: 3 0x8000b3a0 (0x417bd6b3) x13 0x0f000000
core   0: 0x8000b3a4 (0x000d4db3) xor     s11, s10, zero
core   0: 3 0x8000b3a4 (0x000d4db3) x27 0xc53cb011
core   0: 0x8000b3a8 (0xa9137117) auipc   sp, 0xa9137
core   0: 3 0x8000b3a8 (0xa9137117) x 2 0x291423a8
core   0: 0x8000b3ac (0x011df833) and     a6, s11, a7
core   0: 3 0x8000b3ac (0x011df833) x16 0x00000000
core   0: 0x8000b3b0 (0x4116df93) srai    t6, a3, 17
core   0: 3 0x8000b3b0 (0x4116df93) x31 0x00000780
core   0: 0x8000b3b4 (0x00000013) nop
core   0: 3 0x8000b3b4 (0x00000013)
core   0: 0x8000b3b8 (0x01554cb3) xor     s9, a0, s5
core   0: 3 0x8000b3b8 (0x01554cb3) x25 0x8000b71c
core   0: 0x8000b3bc (0x008e31b3) sltu    gp, t3, s0
core   0: 3 0x8000b3bc (0x008e31b3) x 3 0x00000000
core   0: 0x8000b3c0 (0x03a5d663) bge     a1, s10, pc + 44
core   0: 3 0x8000b3c0 (0x03a5d663)
core   0: 0x8000b3ec (0x8d862c13) slti    s8, a2, -1832
core   0: 3 0x8000b3ec (0x8d862c13) x24 0x00000000
core   0: 0x8000b3f0 (0x75b78313) addi    t1, a5, 1883
core   0: 3 0x8000b3f0 (0x75b78313) x 6 0xc57fe75b
core   0: 0x8000b3f4 (0x01a7c933) xor     s2, a5, s10
core   0: 3 0x8000b3f4 (0x01a7c933) x18 0x00435011
core   0: 0x8000b3f8 (0x4004d0b3) sra     ra, s1, zero
core   0: 3 0x8000b3f8 (0x4004d0b3) x 1 0x00000000
core   0: 0x8000b3fc (0x00fe5c33) srl     s8, t3, a5
core   0: 3 0x8000b3fc (0x00fe5c33) x24 0xc53cb011
core   0: 0x8000b400 (0x0000100f) fence.i
core   0: 3 0x8000b400 (0x0000100f)
core   0: 0x8000b404 (0x56a7a117) auipc   sp, 0x56a7a
core   0: 3 0x8000b404 (0x56a7a117) x 2 0xd6a85404
core   0: 0x8000b408 (0xd1958f93) addi    t6, a1, -743
core   0: 3 0x8000b408 (0xd1958f93) x31 0xec269041
core   0: 0x8000b40c (0x00e48eb3) add     t4, s1, a4
core   0: 3 0x8000b40c (0x00e48eb3) x29 0x00000000
core   0: 0x8000b410 (0x0000100f) fence.i
core   0: 3 0x8000b410 (0x0000100f)
core   0: 0x8000b414 (0xa141af13) slti    t5, gp, -1516
core   0: 3 0x8000b414 (0xa141af13) x30 0x00000000
core   0: 0x8000b418 (0xf702cf93) xori    t6, t0, -144
core   0: 3 0x8000b418 (0xf702cf93) x31 0xffffff70
core   0: 0x8000b41c (0x0057b033) sltu    zero, a5, t0
core   0: 3 0x8000b41c (0x0057b033)
core   0: 0x8000b420 (0x02800a63) beq     zero, s0, pc + 52
core   0: 3 0x8000b420 (0x02800a63)
core   0: 0x8000b454 (0xa80abc93) sltiu   s9, s5, -1408
core   0: 3 0x8000b454 (0xa80abc93) x25 0x00000001
core   0: 0x8000b458 (0x280ff937) lui     s2, 0x280ff
core   0: 3 0x8000b458 (0x280ff937) x18 0x280ff000
core   0: 0x8000b45c (0xfbef6693) ori     a3, t5, -66
core   0: 3 0x8000b45c (0xfbef6693) x13 0xffffffbe
core   0: 0x8000b460 (0x00157863) bgeu    a0, ra, pc + 16
core   0: 3 0x8000b460 (0x00157863)
core   0: 0x8000b470 (0x005c2fb3) slt     t6, s8, t0
core   0: 3 0x8000b470 (0x005c2fb3) x31 0x00000001
core   0: 0x8000b474 (0x016be933) or      s2, s7, s6
core   0: 3 0x8000b474 (0x016be933) x18 0x9e027e65
core   0: 0x8000b478 (0x01a95393) srli    t2, s2, 26
core   0: 3 0x8000b478 (0x01a95393) x 7 0x00000027
core   0: 0x8000b47c (0x000d21b3) slt     gp, s10, zero
core   0: 3 0x8000b47c (0x000d21b3) x 3 0x00000001
core   0: 0x8000b480 (0x01101e63) bne     zero, a7, pc + 28
core   0: 3 0x8000b480 (0x01101e63)
core   0: 0x8000b484 (0x0000100f) fence.i
core   0: 3 0x8000b484 (0x0000100f)
core   0: 0x8000b488 (0x01035f13) srli    t5, t1, 16
core   0: 3 0x8000b488 (0x01035f13) x30 0x0000c57f
core   0: 0x8000b48c (0xd5352413) slti    s0, a0, -685
core   0: 3 0x8000b48c (0xd5352413) x 8 0x00000000
core   0: 0x8000b490 (0x01e0ff33) and     t5, ra, t5
core   0: 3 0x8000b490 (0x01e0ff33) x30 0x00000000
core   0: 0x8000b494 (0x0755fd93) andi    s11, a1, 117
core   0: 3 0x8000b494 (0x0755fd93) x27 0x00000020
core   0: 0x8000b498 (0x004851b3) srl     gp, a6, tp
core   0: 3 0x8000b498 (0x004851b3) x 3 0x00000000
core   0: 0x8000b49c (0x41e604b3) sub     s1, a2, t5
core   0: 3 0x8000b49c (0x41e604b3) x 9 0x0000071c
core   0: 0x8000b4a0 (0x00fc0033) add     zero, s8, a5
core   0: 3 0x8000b4a0 (0x00fc0033)
core   0: 0x8000b4a4 (0x02bce263) bltu    s9, a1, pc + 36
core   0: 3 0x8000b4a4 (0x02bce263)
core   0: 0x8000b4c8 (0x0ff0000f) fence   iorw,iorw
core   0: 3 0x8000b4c8 (0x0ff0000f)
core   0: 0x8000b4cc (0x90dd7037) lui     zero, 0x90dd7
core   0: 3 0x8000b4cc (0x90dd7037)
core   0: 0x8000b4d0 (0x41a05d93) srai    s11, zero, 26
core   0: 3 0x8000b4d0 (0x41a05d93) x27 0x00000000
core   0: 0x8000b4d4 (0x40c05713) srai    a4, zero, 12
core   0: 3 0x8000b4d4 (0x40c05713) x14 0x00000000
core   0: 0x8000b4d8 (0x0056ce33) xor     t3, a3, t0
core   0: 3 0x8000b4d8 (0x0056ce33) x28 0xffffffbe
core   0: 0x8000b4dc (0x01865033) srl     zero, a2, s8
core   0: 3 0x8000b4dc (0x01865033)
core   0: 0x8000b4e0 (0x00441013) slli    zero, s0, 4
core   0: 3 0x8000b4e0 (0x00441013)
core   0: 0x8000b4e4 (0x0000100f) fence.i
core   0: 3 0x8000b4e4 (0x0000100f)
core   0: 0x8000b4e8 (0x0018a833) slt     a6, a7, ra
core   0: 3 0x8000b4e8 (0x0018a833) x16 0x00000000
core   0: 0x8000b4ec (0x0000100f) fence.i
core   0: 3 0x8000b4ec (0x0000100f)
core   0: 0x8000b4f0 (0xc48e8a13) addi    s4, t4, -952
core   0: 3 0x8000b4f0 (0xc48e8a13) x20 0xfffffc48
core   0: 0x8000b4f4 (0x7a797393) andi    t2, s2, 1959
core   0: 3 0x8000b4f4 (0x7a797393) x 7 0x00000625
core   0: 0x8000b4f8 (0x00b26bb3) or      s7, tp, a1
core   0: 3 0x8000b4f8 (0x00b26bb3) x23 0xec26bfec
core   0: 0x8000b4fc (0x418f86b3) sub     a3, t6, s8
core   0: 3 0x8000b4fc (0x418f86b3) x13 0x3ac34ff0
core   0: 0x8000b500 (0x00825463) bge     tp, s0, pc + 8
core   0: 3 0x8000b500 (0x00825463)
core   0: 0x8000b504 (0xd0bb3297) auipc   t0, 0xd0bb3
core   0: 3 0x8000b504 (0xd0bb3297) x 5 0x50bbe504
core   0: 0x8000b508 (0x02d78a63) beq     a5, a3, pc + 52
core   0: 3 0x8000b508 (0x02d78a63)
core   0: 0x8000b50c (0x05036663) bltu    t1, a6, pc + 76
core   0: 3 0x8000b50c (0x05036663)
core   0: 0x8000b510 (0x409808b3) sub     a7, a6, s1
core   0: 3 0x8000b510 (0x409808b3) x17 0xfffff8e4
core   0: 0x8000b514 (0x54d2f013) andi    zero, t0, 1357
core   0: 3 0x8000b514 (0x54d2f013)
core   0: 0x8000b518 (0x05bbc063) blt     s7, s11, pc + 64
core   0: 3 0x8000b518 (0x05bbc063)
core   0: 0x8000b558 (0x03118063) beq     gp, a7, pc + 32
core   0: 3 0x8000b558 (0x03118063)
core   0: 0x8000b55c (0x0ff0000f) fence   iorw,iorw
core   0: 3 0x8000b55c (0x0ff0000f)
core   0: 0x8000b560 (0xac81f493) andi    s1, gp, -1336
core   0: 3 0x8000b560 (0xac81f493) x 9 0x00000000
core   0: 0x8000b564 (0x91086eb7) lui     t4, 0x91086
core   0: 3 0x8000b564 (0x91086eb7) x29 0x91086000
core   0: 0x8000b568 (0x01e10033) add     zero, sp, t5
core   0: 3 0x8000b568 (0x01e10033)
core   0: 0x8000b56c (0x00a3c463) blt     t2, a0, pc + 8
core   0: 3 0x8000b56c (0x00a3c463)
core   0: 0x8000b574 (0x11a17a63) bgeu    sp, s10, pc + 276
core   0: 3 0x8000b574 (0x11a17a63)
core   0: 0x8000b688 (0x4fff5397) auipc   t2, 0x4fff5
core   0: 3 0x8000b688 (0x4fff5397) x 7 0xd0000688
core   0: 0x8000b68c (0x0000100f) fence.i
core   0: 3 0x8000b68c (0x0000100f)
core   0: 0x8000b690 (0x016ad5b3) srl     a1, s5, s6
core   0: 3 0x8000b690 (0x016ad5b3) x11 0x08000b00
core   0: 0x8000b694 (0x115c4c93) xori    s9, s8, 277
core   0: 3 0x8000b694 (0x115c4c93) x25 0xc53cb104
core   0: 0x8000b698 (0x010e7eb3) and     t4, t3, a6
core   0: 3 0x8000b698 (0x010e7eb3) x29 0x00000000
core   0: 0x8000b69c (0x04690663) beq     s2, t1, pc + 76
core   0: 3 0x8000b69c (0x04690663)
core   0: 0x8000b6a0 (0x01db1733) sll     a4, s6, t4
core   0: 3 0x8000b6a0 (0x01db1733) x14 0x80027e64
core   0: 0x8000b6a4 (0x0c11ca93) xori    s5, gp, 193
core   0: 3 0x8000b6a4 (0x0c11ca93) x21 0x000000c1
core   0: 0x8000b6a8 (0x014ce0b3) or      ra, s9, s4
core   0: 3 0x8000b6a8 (0x014ce0b3) x 1 0xfffffd4c
core   0: 0x8000b6ac (0x008e1893) slli    a7, t3, 8
core   0: 3 0x8000b6ac (0x008e1893) x17 0xffffbe00
core   0: 0x8000b6b0 (0x009c9593) slli    a1, s9, 9
core   0: 3 0x8000b6b0 (0x009c9593) x11 0x79620800
core   0: 0x8000b6b4 (0x01bf7f33) and     t5, t5, s11
core   0: 3 0x8000b6b4 (0x01bf7f33) x30 0x00000000
core   0: 0x8000b6b8 (0x41848933) sub     s2, s1, s8
core   0: 3 0x8000b6b8 (0x41848933) x18 0x3ac34fef
core   0: 0x8000b6bc (0xd0667393) andi    t2, a2, -762
core   0: 3 0x8000b6bc (0xd0667393) x 7 0x00000504
core   0: 0x8000b6c0 (0xa5d21f37) lui     t5, 0xa5d21
core   0: 3 0x8000b6c0 (0xa5d21f37) x30 0xa5d21000
core   0: 0x8000b6c4 (0x01e7e0b3) or      ra, a5, t5
core   0: 3 0x8000b6c4 (0x01e7e0b3) x 1 0xe5fff000
core   0: 0x8000b6c8 (0x002fc433) xor     s0, t6, sp
core   0: 3 0x8000b6c8 (0x002fc433) x 8 0xd6a85405
core   0: 0x8000b6cc (0x393e4b97) auipc   s7, 0x393e4
core   0: 3 0x8000b6cc (0x393e4b97) x23 0xb93ef6cc
core   0: 0x8000b6d0 (0x01a43933) sltu    s2, s0, s10
core   0: 3 0x8000b6d0 (0x01a43933) x18 0x00000000
core   0: 0x8000b6d4 (0x0ff0000f) fence   iorw,iorw
core   0: 3 0x8000b6d4 (0x0ff0000f)
core   0: 0x8000b6d8 (0x20960793) addi    a5, a2, 521
core   0: 3 0x8000b6d8 (0x20960793) x15 0x00000925
core   0: 0x8000b6dc (0x0021c663) blt     gp, sp, pc + 12
core   0: 3 0x8000b6dc (0x0021c663)
core   0: 0x8000b6e0 (0x41778eb3) sub     t4, a5, s7
core   0: 3 0x8000b6e0 (0x41778eb3) x29 0x46c11259
core   0: 0x8000b6e4 (0x0153fe63) bgeu    t2, s5, pc + 28
core   0: 3 0x8000b6e4 (0x0153fe63)
core   0: 0x8000b700 (0xee8c8037) lui     zero, 0xee8c8
core   0: 3 0x8000b700 (0xee8c8037)
core   0: 0x8000b704 (0x02e46663) bltu    s0, a4, pc + 44
core   0: 3 0x8000b704 (0x02e46663)
core   0: 0x8000b708 (0xb23d0b93) addi    s7, s10, -1245
core   0: 3 0x8000b708 (0xb23d0b93) x23 0xc53cab34
core   0: 0x8000b70c (0x02ca8913) addi    s2, s5, 44
core   0: 3 0x8000b70c (0x02ca8913) x18 0x000000ed
core   0: 0x8000b710 (0x05956863) bltu    a0, s9, pc + 80
core   0: 3 0x8000b710 (0x05956863)
core   0: 0x8000b760 (0x0173a833) slt     a6, t2, s7
core   0: 3 0x8000b760 (0x0173a833) x16 0x00000000
core   0: 0x8000b764 (0x1af52737) lui     a4, 0x1af52
core   0: 3 0x8000b764 (0x1af52737) x14 0x1af52000
core   0: 0x8000b768 (0x00a3e463) bltu    t2, a0, pc + 8
core   0: 3 0x8000b768 (0x00a3e463)
core   0: 0x8000b770 (0x004d25b3) slt     a1, s10, tp
core   0: 3 0x8000b770 (0x004d25b3) x11 0x00000000
core   0: 0x8000b774 (0x01e18133) add     sp, gp, t5
core   0: 3 0x8000b774 (0x01e18133) x 2 0xa5d21000
core   0: 0x8000b778 (0x405a52b3) sra     t0, s4, t0
core   0: 3 0x8000b778 (0x405a52b3) x 5 0xffffffc4
core   0: 0x8000b77c (0x00125493) srli    s1, tp, 1
core   0: 3 0x8000b77c (0x00125493) x 9 0x40015e72
core   0: 0x8000b780 (0x23658737) lui     a4, 0x23658
core   0: 3 0x8000b780 (0x23658737) x14 0x23658000
core   0: 0x8000b784 (0x4016d333) sra     t1, a3, ra
core   0: 3 0x8000b784 (0x4016d333) x 6 0x3ac34ff0
core   0: 0x8000b788 (0x00015a33) srl     s4, sp, zero
core   0: 3 0x8000b788 (0x00015a33) x20 0xa5d21000
core   0: 0x8000b78c (0x5d4a6613) ori     a2, s4, 1492
core   0: 3 0x8000b78c (0x5d4a6613) x12 0xa5d215d4
core   0: 0x8000b790 (0x01dede63) bge     t4, t4, pc + 28
core   0: 3 0x8000b790 (0x01dede63)
core   0: 0x8000b7ac (0x014386b3) add     a3, t2, s4
core   0: 3 0x8000b7ac (0x014386b3) x13 0xa5d21504
core   0: 0x8000b7b0 (0x00603db3) snez    s11, t1
core   0: 3 0x8000b7b0 (0x00603db3) x27 0x00000001
core   0: 0x8000b7b4 (0x0000100f) fence.i
core   0: 3 0x8000b7b4 (0x0000100f)
core   0: 0x8000b7b8 (0x6c1b5437) lui     s0, 0x6c1b5
core   0: 3 0x8000b7b8 (0x6c1b5437) x 8 0x6c1b5000
core   0: 0x8000b7bc (0x0ff0000f) fence   iorw,iorw
core   0: 3 0x8000b7bc (0x0ff0000f)
core   0: 0x8000b7c0 (0x01b8a633) slt     a2, a7, s11
core   0: 3 0x8000b7c0 (0x01b8a633) x12 0x00000001
core   0: 0x8000b7c4 (0x1f2c3e13) sltiu   t3, s8, 498
core   0: 3 0x8000b7c4 (0x1f2c3e13) x28 0x00000000
core   0: 0x8000b7c8 (0x00000013) nop
core   0: 3 0x8000b7c8 (0x00000013)
core   0: 0x8000b7cc (0x01b3d0b3) srl     ra, t2, s11
core   0: 3 0x8000b7cc (0x01b3d0b3) x 1 0x00000282
core   0: 0x8000b7d0 (0x01459f13) slli    t5, a1, 20
core   0: 3 0x8000b7d0 (0x01459f13) x30 0x00000000
core   0: 0x8000b7d4 (0x3a9eb893) sltiu   a7, t4, 937
core   0: 3 0x8000b7d4 (0x3a9eb893) x17 0x00000000
core   0: 0x8000b7d8 (0x01b90f33) add     t5, s2, s11
core   0: 3 0x8000b7d8 (0x01b90f33) x30 0x000000ee
core   0: 0x8000b7dc (0x018e9a13) slli    s4, t4, 24
core   0: 3 0x8000b7dc (0x018e9a13) x20 0x59000000
core   0: 0x8000b7e0 (0x41695493) srai    s1, s2, 22
core   0: 3 0x8000b7e0 (0x41695493) x 9 0x00000000
core   0: 0x8000b7e4 (0x414c5893) srai    a7, s8, 20
core   0: 3 0x8000b7e4 (0x414c5893) x17 0xfffffc53
core   0: 0x8000b7e8 (0x003b2933) slt     s2, s6, gp
core   0: 3 0x8000b7e8 (0x003b2933) x18 0x00000001
core   0: 0x8000b7ec (0xa921cf93) xori    t6, gp, -1390
core   0: 3 0x8000b7ec (0xa921cf93) x31 0xfffffa92
core   0: 0x8000b7f0 (0x00955733) srl     a4, a0, s1
core   0: 3 0x8000b7f0 (0x00955733) x14 0x0000071c
core   0: 0x8000b7f4 (0xadc40c93) addi    s9, s0, -1316
core   0: 3 0x8000b7f4 (0xadc40c93) x25 0x6c1b4adc
core   0: 0x8000b7f8 (0x05bb0063) beq     s6, s11, pc + 64
core   0: 3 0x8000b7f8 (0x05bb0063)
core   0: 0x8000b7fc (0x41115113) srai    sp, sp, 17
core   0: 3 0x8000b7fc (0x41115113) x 2 0xffffd2e9
core   0: 0x8000b800 (0x0000100f) fence.i
core   0: 3 0x8000b800 (0x0000100f)
core   0: 0x8000b804 (0x01f39d33) sll     s10, t2, t6
core   0: 3 0x8000b804 (0x01f39d33) x26 0x14100000
core   0: 0x8000b808 (0x0097f463) bgeu    a5, s1, pc + 8
core   0: 3 0x8000b808 (0x0097f463)
core   0: 0x8000b810 (0x008a5f13) srli    t5, s4, 8
core   0: 3 0x8000b810 (0x008a5f13) x30 0x00590000
core   0: 0x8000b814 (0x00e03833) snez    a6, a4
core   0: 3 0x8000b814 (0x00e03833) x16 0x00000001
core   0: 0x8000b818 (0x40e9dab3) sra     s5, s3, a4
core   0: 3 0x8000b818 (0x40e9dab3) x21 0xffffffff
core   0: 0x8000b81c (0x05044663) blt     s0, a6, pc + 76
core   0: 3 0x8000b81c (0x05044663)
core   0: 0x8000b820 (0x003bd333) srl     t1, s7, gp
core   0: 3 0x8000b820 (0x003bd333) x 6 0xc53cab34
core   0: 0x8000b824 (0x02bec263) blt     t4, a1, pc + 36
core   0: 3 0x8000b824 (0x02bec263)
core   0: 0x8000b828 (0x3e36a737) lui     a4, 0x3e36a
core   0: 3 0x8000b828 (0x3e36a737) x14 0x3e36a000
core   0: 0x8000b82c (0x01a84db3) xor     s11, a6, s10
core   0: 3 0x8000b82c (0x01a84db3) x27 0x14100001
core   0: 0x8000b830 (0x025e7263) bgeu    t3, t0, pc + 36
core   0: 3 0x8000b830 (0x025e7263)
core   0: 0x8000b834 (0x00d64463) blt     a2, a3, pc + 8
core   0: 3 0x8000b834 (0x00d64463)
core   0: 0x8000b838 (0x01106cb3) or      s9, zero, a7
core   0: 3 0x8000b838 (0x01106cb3) x25 0xfffffc53
core   0: 0x8000b83c (0x00d6f433) and     s0, a3, a3
core   0: 3 0x8000b83c (0x00d6f433) x 8 0xa5d21504
core   0: 0x8000b840 (0xd7eedf37) lui     t5, 0xd7eed
core   0: 3 0x8000b840 (0xd7eedf37) x30 0xd7eed000
core   0: 0x8000b844 (0x002c9db3) sll     s11, s9, sp
core   0: 3 0x8000b844 (0x002c9db3) x27 0xfff8a600
core   0: 0x8000b848 (0x00a29793) slli    a5, t0, 10
core   0: 3 0x8000b848 (0x00a29793) x15 0xffff1000
core   0: 0x8000b84c (0xd50ee813) ori     a6, t4, -688
core   0: 3 0x8000b84c (0xd50ee813) x16 0xffffff59
core   0: 0x8000b850 (0x4d1c3913) sltiu   s2, s8, 1233
core   0: 3 0x8000b850 (0x4d1c3913) x18 0x00000000
core   0: 0x8000b854 (0x05d5f063) bgeu    a1, t4, pc + 64
core   0: 3 0x8000b854 (0x05d5f063)
core   0: 0x8000b858 (0x01d04333) xor     t1, zero, t4
core   0: 3 0x8000b858 (0x01d04333) x 6 0x46c11259
core   0: 0x8000b85c (0x02219063) bne     gp, sp, pc + 32
core   0: 3 0x8000b85c (0x02219063)
core   0: 0x8000b87c (0xdf13c713) xori    a4, t2, -527
core   0: 3 0x8000b87c (0xdf13c713) x14 0xfffff8f5
core   0: 0x8000b880 (0x41235613) srai    a2, t1, 18
core   0: 3 0x8000b880 (0x41235613) x12 0x000011b0
core   0: 0x8000b884 (0x556a5597) auipc   a1, 0x556a5
core   0: 3 0x8000b884 (0x556a5597) x11 0xd56b0884
core   0: 0x8000b888 (0xf823b113) sltiu   sp, t2, -126
core   0: 3 0x8000b888 (0xf823b113) x 2 0x00000001
core   0: 0x8000b88c (0x040e0663) beqz    t3, pc + 76
core   0: 3 0x8000b88c (0x040e0663)
core   0: 0x8000b8d8 (0x409f8bb3) sub     s7, t6, s1
core   0: 3 0x8000b8d8 (0x409f8bb3) x23 0xfffffa92
core   0: 0x8000b8dc (0x04127463) bgeu    tp, ra, pc + 72
core   0: 3 0x8000b8dc (0x04127463)
core   0: 0x8000b924 (0x4072de13) srai    t3, t0, 7
core   0: 3 0x8000b924 (0x4072de13) x28 0xffffffff
core   0: 0x8000b928 (0xb3d18317) auipc   t1, 0xb3d18
core   0: 3 0x8000b928 (0xb3d18317) x 6 0x33d23928
core   0: 0x8000b92c (0x4883e013) ori     zero, t2, 1160
core   0: 3 0x8000b92c (0x4883e013)
core   0: 0x8000b930 (0x00a3bd33) sltu    s10, t2, a0
core   0: 3 0x8000b930 (0x00a3bd33) x26 0x00000001
core   0: 0x8000b934 (0x1aa98693) addi    a3, s3, 426
core   0: 3 0x8000b934 (0x1aa98693) x13 0xfe64ee46
core   0: 0x8000b938 (0x015b0fb3) add     t6, s6, s5
core   0: 3 0x8000b938 (0x015b0fb3) x31 0x80027e63
core   0: 0x8000b93c (0x01e15393) srli    t2, sp, 30
core   0: 3 0x8000b93c (0x01e15393) x 7 0x00000000
core   0: 0x8000b940 (0x8f42ff13) andi    t5, t0, -1804
core   0: 3 0x8000b940 (0x8f42ff13) x30 0xfffff8c4
core   0: 0x8000b944 (0x40e65a33) sra     s4, a2, a4
core   0: 3 0x8000b944 (0x40e65a33) x20 0x00000000
core   0: 0x8000b948 (0x00f3d433) srl     s0, t2, a5
core   0: 3 0x8000b948 (0x00f3d433) x 8 0x00000000
core   0: 0x8000b94c (0x01d45e93) srli    t4, s0, 29
core   0: 3 0x8000b94c (0x01d45e93) x29 0x00000000
core   0: 0x8000b950 (0x0155e463) bltu    a1, s5, pc + 8
core   0: 3 0x8000b950 (0x0155e463)
core   0: 0x8000b958 (0x0000100f) fence.i
core   0: 3 0x8000b958 (0x0000100f)
core   0: 0x8000b95c (0x301477b7) lui     a5, 0x30147
core   0: 3 0x8000b95c (0x301477b7) x15 0x30147000
core   0: 0x8000b960 (0x0ff0000f) fence   iorw,iorw
core   0: 3 0x8000b960 (0x0ff0000f)
core   0: 0x8000b964 (0x00f10c33) add     s8, sp, a5
core   0: 3 0x8000b964 (0x00f10c33) x24 0x30147001
core   0: 0x8000b968 (0x005f9313) slli    t1, t6, 5
core   0: 3 0x8000b968 (0x005f9313) x 6 0x004fcc60
core   0: 0x8000b96c (0x41e6d413) srai    s0, a3, 30
core   0: 3 0x8000b96c (0x41e6d413) x 8 0xffffffff
core   0: 0x8000b970 (0x01b4ee33) or      t3, s1, s11
core   0: 3 0x8000b970 (0x01b4ee33) x28 0xfff8a600
core   0: 0x8000b974 (0x0ff0000f) fence   iorw,iorw
core   0: 3 0x8000b974 (0x0ff0000f)
core   0: 0x8000b978 (0x007a1733) sll     a4, s4, t2
core   0: 3 0x8000b978 (0x007a1733) x14 0x00000000
core   0: 0x8000b97c (0x00f39f33) sll     t5, t2, a5
core   0: 3 0x8000b97c (0x00f39f33) x30 0x00000000
core   0: 0x8000b980 (0x5c74f293) andi    t0, s1, 1479
core   0: 3 0x8000b980 (0x5c74f293) x 5 0x00000000
core   0: 0x8000b984 (0x00c9dcb3) srl     s9, s3, a2
core   0: 3 0x8000b984 (0x00c9dcb3) x25 0x0000fe64
core   0: 0x8000b988 (0xc4163713) sltiu   a4, a2, -959
core   0: 3 0x8000b988 (0xc4163713) x14 0x00000001
core   0: 0x8000b98c (0x00885a93) srli    s5, a6, 8
core   0: 3 0x8000b98c (0x00885a93) x21 0x00ffffff
core   0: 0x8000b990 (0x00a166b3) or      a3, sp, a0
core   0: 3 0x8000b990 (0x00a166b3) x13 0x0000071d
core   0: 0x8000b994 (0x00d6f033) and     zero, a3, a3
core   0: 3 0x8000b994 (0x00d6f033)
core   0: 0x8000b998 (0x01d8f663) bgeu    a7, t4, pc + 12
core   0: 3 0x8000b998 (0x01d8f663)
core   0: 0x8000b9a4 (0x01ddf663) bgeu    s11, t4, pc + 12
core   0: 3 0x8000b9a4 (0x01ddf663)
core   0: 0x8000b9b0 (0x6f1d6593) ori     a1, s10, 1777
core   0: 3 0x8000b9b0 (0x6f1d6593) x11 0x000006f1
core   0: 0x8000b9b4 (0x009d1ab3) sll     s5, s10, s1
core   0: 3 0x8000b9b4 (0x009d1ab3) x21 0x00000001
core   0: 0x8000b9b8 (0x00c6d5b3) srl     a1, a3, a2
core   0: 3 0x8000b9b8 (0x00c6d5b3) x11 0x00000000
core   0: 0x8000b9bc (0x03a04263) blt     zero, s10, pc + 36
core   0: 3 0x8000b9bc (0x03a04263)
core   0: 0x8000b9e0 (0x021a9a63) bne     s5, ra, pc + 52
core   0: 3 0x8000b9e0 (0x021a9a63)
core   0: 0x8000ba14 (0x003350b3) srl     ra, t1, gp
core   0: 3 0x8000ba14 (0x003350b3) x 1 0x004fcc60
core   0: 0x8000ba18 (0x01c23033) sltu    zero, tp, t3
core   0: 3 0x8000ba18 (0x01c23033)
core   0: 0x8000ba1c (0x0ff0000f) fence   iorw,iorw
core   0: 3 0x8000ba1c (0x0ff0000f)
core   0: 0x8000ba20 (0xc9af1717) auipc   a4, 0xc9af1
core   0: 3 0x8000ba20 (0xc9af1717) x14 0x49afca20
core   0: 0x8000ba24 (0x0011eeb3) or      t4, gp, ra
core   0: 3 0x8000ba24 (0x0011eeb3) x29 0x004fcc60
core   0: 0x8000ba28 (0x2fa8cfb7) lui     t6, 0x2fa8c
core   0: 3 0x8000ba28 (0x2fa8cfb7) x31 0x2fa8c000
core   0: 0x8000ba2c (0x00000013) nop
core   0: 3 0x8000ba2c (0x00000013)
core   0: 0x8000ba30 (0x05b09863) bne     ra, s11, pc + 80
core   0: 3 0x8000ba30 (0x05b09863)
core   0: 0x8000ba80 (0x0046ce63) blt     a3, tp, pc + 28
core   0: 3 0x8000ba80 (0x0046ce63)
core   0: 0x8000ba84 (0x050a4463) blt     s4, a6, pc + 72
core   0: 3 0x8000ba84 (0x050a4463)
core   0: 0x8000ba88 (0x0ff0000f) fence   iorw,iorw
core   0: 3 0x8000ba88 (0x0ff0000f)
core   0: 0x8000ba8c (0x007e16b3) sll     a3, t3, t2
core   0: 3 0x8000ba8c (0x007e16b3) x13 0xfff8a600
core   0: 0x8000ba90 (0x01b36463) bltu    t1, s11, pc + 8
core   0: 3 0x8000ba90 (0x01b36463)
core   0: 0x8000ba98 (0x01594db3) xor     s11, s2, s5
core   0: 3 0x8000ba98 (0x01594db3) x27 0x00000001
core   0: 0x8000ba9c (0xd65ed6b7) lui     a3, 0xd65ed
core   0: 3 0x8000ba9c (0xd65ed6b7) x13 0xd65ed000
core   0: 0x8000baa0 (0x4d988e93) addi    t4, a7, 1241
core   0: 3 0x8000baa0 (0x4d988e93) x29 0x0000012c
core   0: 0x8000baa4 (0xed647a13) andi    s4, s0, -298
core   0: 3 0x8000baa4 (0xed647a13) x20 0xfffffed6
core   0: 0x8000baa8 (0x00c49493) slli    s1, s1, 12
core   0: 3 0x8000baa8 (0x00c49493) x 9 0x00000000
core   0: 0x8000baac (0x00999f13) slli    t5, s3, 9
core   0: 3 0x8000baac (0x00999f13) x30 0xc9d93800
core   0: 0x8000bab0 (0x4ecee593) ori     a1, t4, 1260
core   0: 3 0x8000bab0 (0x4ecee593) x11 0x000005ec
core   0: 0x8000bab4 (0x0174ca33) xor     s4, s1, s7
core   0: 3 0x8000bab4 (0x0174ca33) x20 0xfffffa92
core   0: 0x8000bab8 (0x00000013) nop
core   0: 3 0x8000bab8 (0x00000013)
core   0: 0x8000babc (0x87fcbc93) sltiu   s9, s9, -1921
core   0: 3 0x8000babc (0x87fcbc93) x25 0x00000001
core   0: 0x8000bac0 (0x46843013) sltiu   zero, s0, 1128
core   0: 3 0x8000bac0 (0x46843013)
core   0: 0x8000bac4 (0x01f3b633) sltu    a2, t2, t6
core   0: 3 0x8000bac4 (0x01f3b633) x12 0x00000001
core   0: 0x8000bac8 (0x03800063) beq     zero, s8, pc + 32
core   0: 3 0x8000bac8 (0x03800063)
core   0: 0x8000bacc (0x0000100f) fence.i
core   0: 3 0x8000bacc (0x0000100f)
core   0: 0x8000bad0 (0x1fe0ed93) ori     s11, ra, 510
core   0: 3 0x8000bad0 (0x1fe0ed93) x27 0x004fcdfe
core   0: 0x8000bad4 (0x00519ab3) sll     s5, gp, t0
core   0: 3 0x8000bad4 (0x00519ab3) x21 0x00000000
core   0: 0x8000bad8 (0x03ef7263) bgeu    t5, t5, pc + 36
core   0: 3 0x8000bad8 (0x03ef7263)
core   0: 0x8000bafc (0x01456c33) or      s8, a0, s4
core   0: 3 0x8000bafc (0x01456c33) x24 0xffffff9e
core   0: 0x8000bb00 (0x3389e413) ori     s0, s3, 824
core   0: 3 0x8000bb00 (0x3389e413) x 8 0xfe64efbc
core   0: 0x8000bb04 (0x00d8e0b3) or      ra, a7, a3
core   0: 3 0x8000bb04 (0x00d8e0b3) x 1 0xfffffc53
core   0: 0x8000bb08 (0x01b10a33) add     s4, sp, s11
core   0: 3 0x8000bb08 (0x01b10a33) x20 0x004fcdff
core   0: 0x8000bb0c (0x00607a33) and     s4, zero, t1
core   0: 3 0x8000bb0c (0x00607a33) x20 0x00000000
core   0: 0x8000bb10 (0x015c5663) bge     s8, s5, pc + 12
core   0: 3 0x8000bb10 (0x015c5663)
core   0: 0x8000bb14 (0x009ee733) or      a4, t4, s1
core   0: 3 0x8000bb14 (0x009ee733) x14 0x0000012c
core   0: 0x8000bb18 (0x02f07063) bgeu    zero, a5, pc + 32
core   0: 3 0x8000bb18 (0x02f07063)
core   0: 0x8000bb1c (0x005d0f33) add     t5, s10, t0
core   0: 3 0x8000bb1c (0x005d0f33) x30 0x00000001
core   0: 0x8000bb20 (0xdf1ab713) sltiu   a4, s5, -527
core   0: 3 0x8000bb20 (0xdf1ab713) x14 0x00000001
core   0: 0x8000bb24 (0x0ff0000f) fence   iorw,iorw
core   0: 3 0x8000bb24 (0x0ff0000f)
core   0: 0x8000bb28 (0x5fc9af13) slti    t5, s3, 1532
core   0: 3 0x8000bb28 (0x5fc9af13) x30 0x00000001
core   0: 0x8000bb2c (0x054a5663) bge     s4, s4, pc + 76
core   0: 3 0x8000bb2c (0x054a5663)
core   0: 0x8000bb78 (0x0158b1b3) sltu    gp, a7, s5
core   0: 3 0x8000bb78 (0x0158b1b3) x 3 0x00000000
core   0: 0x8000bb7c (0x16a77d13) andi    s10, a4, 362
core   0: 3 0x8000bb7c (0x16a77d13) x26 0x00000000
core   0: 0x8000bb80 (0x43286913) ori     s2, a6, 1074
core   0: 3 0x8000bb80 (0x43286913) x18 0xffffff7b
core   0: 0x8000bb84 (0x40445333) sra     t1, s0, tp
core   0: 3 0x8000bb84 (0x40445333) x 6 0xffe64efb
core   0: 0x8000bb88 (0x40518db3) sub     s11, gp, t0
core   0: 3 0x8000bb88 (0x40518db3) x27 0x00000000
core   0: 0x8000bb8c (0x6c5f2393) slti    t2, t5, 1733
core   0: 3 0x8000bb8c (0x6c5f2393) x 7 0x00000001
core   0: 0x8000bb90 (0x00abbcb3) sltu    s9, s7, a0
core   0: 3 0x8000bb90 (0x00abbcb3) x25 0x00000000
core   0: 0x8000bb94 (0x9624a913) slti    s2, s1, -1694
core   0: 3 0x8000bb94 (0x9624a913) x18 0x00000000
core   0: 0x8000bb98 (0x00893eb3) sltu    t4, s2, s0
core   0: 3 0x8000bb98 (0x00893eb3) x29 0x00000001
core   0: 0x8000bb9c (0x0ff0000f) fence   iorw,iorw
core   0: 3 0x8000bb9c (0x0ff0000f)
core   0: 0x8000bba0 (0xc015b513) sltiu   a0, a1, -1023
core   0: 3 0x8000bba0 (0xc015b513) x10 0x00000001
core   0: 0x8000bba4 (0x015a2033) slt     zero, s4, s5
core   0: 3 0x8000bba4 (0x015a2033)
core   0: 0x8000bba8 (0x019c8a63) beq     s9, s9, pc + 20
core   0: 3 0x8000bba8 (0x019c8a63)
core   0: 0x8000bbbc (0x00eeb833) sltu    a6, t4, a4
core   0: 3 0x8000bbbc (0x00eeb833) x16 0x00000000
core   0: 0x8000bbc0 (0x40b88133) sub     sp, a7, a1
core   0: 3 0x8000bbc0 (0x40b88133) x 2 0xfffff667
core   0: 0x8000bbc4 (0xf31e6717) auipc   a4, 0xf31e6
core   0: 3 0x8000bbc4 (0xf31e6717) x14 0x731f1bc4
core   0: 0x8000bbc8 (0xf1a16d93) ori     s11, sp, -230
core   0: 3 0x8000bbc8 (0xf1a16d93) x27 0xffffff7f
core   0: 0x8000bbcc (0x01f48ab3) add     s5, s1, t6
core   0: 3 0x8000bbcc (0x01f48ab3) x21 0x2fa8c000
core   0: 0x8000bbd0 (0x40e5dc13) srai    s8, a1, 14
core   0: 3 0x8000bbd0 (0x40e5dc13) x24 0x00000000
core   0: 0x8000bbd4 (0x016a4e63) blt     s4, s6, pc + 28
core   0: 3 0x8000bbd4 (0x016a4e63)
core   0: 0x8000bbd8 (0x00e5d333) srl     t1, a1, a4
core   0: 3 0x8000bbd8 (0x00e5d333) x 6 0x0000005e
core   0: 0x8000bbdc (0x002bbcb3) sltu    s9, s7, sp
core   0: 3 0x8000bbdc (0x002bbcb3) x25 0x00000000
core   0: 0x8000bbe0 (0x41b85c33) sra     s8, a6, s11
core   0: 3 0x8000bbe0 (0x41b85c33) x24 0x00000000
core   0: 0x8000bbe4 (0x8be07897) auipc   a7, 0x8be07
core   0: 3 0x8000bbe4 (0x8be07897) x17 0x0be12be4
core   0: 0x8000bbe8 (0xa14a0813) addi    a6, s4, -1516
core   0: 3 0x8000bbe8 (0xa14a0813) x16 0xfffffa14
core   0: 0x8000bbec (0x9cf2f093) andi    ra, t0, -1585
core   0: 3 0x8000bbec (0x9cf2f093) x 1 0x00000000
core   0: 0x8000bbf0 (0x0ff0000f) fence   iorw,iorw
core   0: 3 0x8000bbf0 (0x0ff0000f)
core   0: 0x8000bbf4 (0x56dfca93) xori    s5, t6, 1389
core   0: 3 0x8000bbf4 (0x56dfca93) x21 0x2fa8c56d
core   0: 0x8000bbf8 (0xc8ad6837) lui     a6, 0xc8ad6
core   0: 3 0x8000bbf8 (0xc8ad6837) x16 0xc8ad6000
core   0: 0x8000bbfc (0xadb75617) auipc   a2, 0xadb75
core   0: 3 0x8000bbfc (0xadb75617) x12 0x2db80bfc
core   0: 0x8000bc00 (0x01b38a33) add     s4, t2, s11
core   0: 3 0x8000bc00 (0x01b38a33) x20 0xffffff80
core   0: 0x8000bc04 (0x02f34263) blt     t1, a5, pc + 36
core   0: 3 0x8000bc04 (0x02f34263)
core   0: 0x8000bc28 (0x46cf3713) sltiu   a4, t5, 1132
core   0: 3 0x8000bc28 (0x46cf3713) x14 0x00000001
core   0: 0x8000bc2c (0x04f3e693) ori     a3, t2, 79
core   0: 3 0x8000bc2c (0x04f3e693) x13 0x0000004f
core   0: 0x8000bc30 (0x40c25493) srai    s1, tp, 12
core   0: 3 0x8000bc30 (0x40c25493) x 9 0xfff8002b
core   0: 0x8000bc34 (0xc8c6a393) slti    t2, a3, -884
core   0: 3 0x8000bc34 (0xc8c6a393) x 7 0x00000000
core   0: 0x8000bc38 (0x932bf713) andi    a4, s7, -1742
core   0: 3 0x8000bc38 (0x932bf713) x14 0xfffff812
core   0: 0x8000bc3c (0x01608633) add     a2, ra, s6
core   0: 3 0x8000bc3c (0x01608633) x12 0x80027e64
core   0: 0x8000bc40 (0x00f2d133) srl     sp, t0, a5
core   0: 3 0x8000bc40 (0x00f2d133) x 2 0x00000000
core   0: 0x8000bc44 (0x01b85c13) srli    s8, a6, 27
core   0: 3 0x8000bc44 (0x01b85c13) x24 0x00000019
core   0: 0x8000bc48 (0x00a5bc33) sltu    s8, a1, a0
core   0: 3 0x8000bc48 (0x00a5bc33) x24 0x00000000
core   0: 0x8000bc4c (0x40cadfb3) sra     t6, s5, a2
core   0: 3 0x8000bc4c (0x40cadfb3) x31 0x02fa8c56
core   0: 0x8000bc50 (0x007f6463) bltu    t5, t2, pc + 8
core   0: 3 0x8000bc50 (0x007f6463)
core   0: 0x8000bc54 (0x40fddbb3) sra     s7, s11, a5
core   0: 3 0x8000bc54 (0x40fddbb3) x23 0xffffff7f
core   0: 0x8000bc58 (0x14053893) sltiu   a7, a0, 320
core   0: 3 0x8000bc58 (0x14053893) x17 0x00000001
core   0: 0x8000bc5c (0x41ced193) srai    gp, t4, 28
core   0: 3 0x8000bc5c (0x41ced193) x 3 0x00000000
core   0: 0x8000bc60 (0x0554c463) blt     s1, s5, pc + 72
core   0: 3 0x8000bc60 (0x0554c463)
core   0: 0x8000bca8 (0x09a38f93) addi    t6, t2, 154
core   0: 3 0x8000bca8 (0x09a38f93) x31 0x0000009a
core   0: 0x8000bcac (0x03354063) blt     a0, s3, pc + 32
core   0: 3 0x8000bcac (0x03354063)
core   0: 0x8000bcb0 (0x007e4e63) blt     t3, t2, pc + 28
core   0: 3 0x8000bcb0 (0x007e4e63)
core   0: 0x8000bccc (0x02c9ca63) blt     s3, a2, pc + 52
core   0: 3 0x8000bccc (0x02c9ca63)
core   0: 0x8000bcd0 (0x006ba733) slt     a4, s7, t1
core   0: 3 0x8000bcd0 (0x006ba733) x14 0x00000001
core   0: 0x8000bcd4 (0x1a997613) andi    a2, s2, 425
core   0: 3 0x8000bcd4 (0x1a997613) x12 0x00000000
core   0: 0x8000bcd8 (0x006ccdb3) xor     s11, s9, t1
core   0: 3 0x8000bcd8 (0x006ccdb3) x27 0x0000005e
core   0: 0x8000bcdc (0x01ba75b3) and     a1, s4, s11
core   0: 3 0x8000bcdc (0x01ba75b3) x11 0x00000000
core   0: 0x8000bce0 (0x0ff0000f) fence   iorw,iorw
core   0: 3 0x8000bce0 (0x0ff0000f)
core   0: 0x8000bce4 (0x03e86663) bltu    a6, t5, pc + 44
core   0: 3 0x8000bce4 (0x03e86663)
core   0: 0x8000bce8 (0x0000100f) fence.i
core   0: 3 0x8000bce8 (0x0000100f)
core   0: 0x8000bcec (0xf2be15b7) lui     a1, 0xf2be1
core   0: 3 0x8000bcec (0xf2be15b7) x11 0xf2be1000
core   0: 0x8000bcf0 (0x05728063) beq     t0, s7, pc + 64
core   0: 3 0x8000bcf0 (0x05728063)
core   0: 0x8000bcf4 (0x00589463) bne     a7, t0, pc + 8
core   0: 3 0x8000bcf4 (0x00589463)
core   0: 0x8000bcfc (0x01d35e63) bge     t1, t4, pc + 28
core   0: 3 0x8000bcfc (0x01d35e63)
core   0: 0x8000bd18 (0x010bb633) sltu    a2, s7, a6
core   0: 3 0x8000bd18 (0x010bb633) x12 0x00000000
core   0: 0x8000bd1c (0x0735b793) sltiu   a5, a1, 115
core   0: 3 0x8000bd1c (0x0735b793) x15 0x00000000
core   0: 0x8000bd20 (0x03151263) bne     a0, a7, pc + 36
core   0: 3 0x8000bd20 (0x03151263)
core   0: 0x8000bd24 (0x00e4c663) blt     s1, a4, pc + 12
core   0: 3 0x8000bd24 (0x00e4c663)
core   0: 0x8000bd30 (0x01e2da63) bge     t0, t5, pc + 20
core   0: 3 0x8000bd30 (0x01e2da63)
core   0: 0x8000bd34 (0x0095cd33) xor     s10, a1, s1
core   0: 3 0x8000bd34 (0x0095cd33) x26 0x0d46102b
core   0: 0x8000bd38 (0x0ff0000f) fence   iorw,iorw
core   0: 3 0x8000bd38 (0x0ff0000f)
core   0: 0x8000bd3c (0x0000100f) fence.i
core   0: 3 0x8000bd3c (0x0000100f)
core   0: 0x8000bd40 (0x2c773e13) sltiu   t3, a4, 711
core   0: 3 0x8000bd40 (0x2c773e13) x28 0x00000001
core   0: 0x8000bd44 (0x04d74663) blt     a4, a3, pc + 76
core   0: 3 0x8000bd44 (0x04d74663)
core   0: 0x8000bd90 (0x501abb93) sltiu   s7, s5, 1281
core   0: 3 0x8000bd90 (0x501abb93) x23 0x00000000
core   0: 0x8000bd94 (0x01f40663) beq     s0, t6, pc + 12
core   0: 3 0x8000bd94 (0x01f40663)
core   0: 0x8000bd98 (0x0ff0000f) fence   iorw,iorw
core   0: 3 0x8000bd98 (0x0ff0000f)
core   0: 0x8000bd9c (0x00000013) nop
core   0: 3 0x8000bd9c (0x00000013)
core   0: 0x8000bda0 (0x012287b3) add     a5, t0, s2
core   0: 3 0x8000bda0 (0x012287b3) x15 0x00000000
core   0: 0x8000bda4 (0x00000013) nop
core   0: 3 0x8000bda4 (0x00000013)
core   0: 0x8000bda8 (0xd8400a13) li      s4, -636
core   0: 3 0x8000bda8 (0xd8400a13) x20 0xfffffd84
core   0: 0x8000bdac (0x03e64263) blt     a2, t5, pc + 36
core   0: 3 0x8000bdac (0x03e64263)
core   0: 0x8000bdd0 (0x013d6933) or      s2, s10, s3
core   0: 3 0x8000bdd0 (0x013d6933) x18 0xff66fcbf
core   0: 0x8000bdd4 (0xc3954917) auipc   s2, 0xc3954
core   0: 3 0x8000bdd4 (0xc3954917) x18 0x4395fdd4
core   0: 0x8000bdd8 (0x6edd0793) addi    a5, s10, 1773
core   0: 3 0x8000bdd8 (0x6edd0793) x15 0x0d461718
core   0: 0x8000bddc (0x00700863) beq     zero, t2, pc + 16
core   0: 3 0x8000bddc (0x00700863)
core   0: 0x8000bdec (0x004490b3) sll     ra, s1, tp
core   0: 3 0x8000bdec (0x004490b3) x 1 0xff8002b0
core   0: 0x8000bdf0 (0xff92e137) lui     sp, 0xff92e
core   0: 3 0x8000bdf0 (0xff92e137) x 2 0xff92e000
core   0: 0x8000bdf4 (0x49b5f913) andi    s2, a1, 1179
core   0: 3 0x8000bdf4 (0x49b5f913) x18 0x00000000
core   0: 0x8000bdf8 (0x00a61db3) sll     s11, a2, a0
core   0: 3 0x8000bdf8 (0x00a61db3) x27 0x00000000
core   0: 0x8000bdfc (0x05e30663) beq     t1, t5, pc + 76
core   0: 3 0x8000bdfc (0x05e30663)
core   0: 0x8000be00 (0x005f52b3) srl     t0, t5, t0
core   0: 3 0x8000be00 (0x005f52b3) x 5 0x00000001
core   0: 0x8000be04 (0x05fd1863) bne     s10, t6, pc + 80
core   0: 3 0x8000be04 (0x05fd1863)
core   0: 0x8000be54 (0x00ed9c13) slli    s8, s11, 14
core   0: 3 0x8000be54 (0x00ed9c13) x24 0x00000000
core   0: 0x8000be58 (0x016ebc33) sltu    s8, t4, s6
core   0: 3 0x8000be58 (0x016ebc33) x24 0x00000001
core   0: 0x8000be5c (0x01fcd313) srli    t1, s9, 31
core   0: 3 0x8000be5c (0x01fcd313) x 6 0x00000000
core   0: 0x8000be60 (0x00d31d93) slli    s11, t1, 13
core   0: 3 0x8000be60 (0x00d31d93) x27 0x00000000
core   0: 0x8000be64 (0x02399063) bne     s3, gp, pc + 32
core   0: 3 0x8000be64 (0x02399063)
core   0: 0x8000be84 (0x00dd1893) slli    a7, s10, 13
core   0: 3 0x8000be84 (0x00dd1893) x17 0xc2056000
core   0: 0x8000be88 (0x00c51eb3) sll     t4, a0, a2
core   0: 3 0x8000be88 (0x00c51eb3) x29 0x00000001
core   0: 0x8000be8c (0x01f59463) bne     a1, t6, pc + 8
core   0: 3 0x8000be8c (0x01f59463)
core   0: 0x8000be94 (0x00cf1eb3) sll     t4, t5, a2
core   0: 3 0x8000be94 (0x00cf1eb3) x29 0x00000001
core   0: 0x8000be98 (0x05878663) beq     a5, s8, pc + 76
core   0: 3 0x8000be98 (0x05878663)
core   0: 0x8000be9c (0x2e24bd13) sltiu   s10, s1, 738
core   0: 3 0x8000be9c (0x2e24bd13) x26 0x00000000
core   0: 0x8000bea0 (0x000fd633) srl     a2, t6, zero
core   0: 3 0x8000bea0 (0x000fd633) x12 0x0000009a
core   0: 0x8000bea4 (0xe0120613) addi    a2, tp, -511
core   0: 3 0x8000bea4 (0xe0120613) x12 0x8002bae5
core   0: 0x8000bea8 (0x40930c33) sub     s8, t1, s1
core   0: 3 0x8000bea8 (0x40930c33) x24 0x0007ffd5
core   0: 0x8000beac (0x00000013) nop
core   0: 3 0x8000beac (0x00000013)
core   0: 0x8000beb0 (0x0000100f) fence.i
core   0: 3 0x8000beb0 (0x0000100f)
core   0: 0x8000beb4 (0x01536663) bltu    t1, s5, pc + 12
core   0: 3 0x8000beb4 (0x01536663)
core   0: 0x8000bec0 (0x01d2ea33) or      s4, t0, t4
core   0: 3 0x8000bec0 (0x01d2ea33) x20 0x00000001
core   0: 0x8000bec4 (0x48bb3293) sltiu   t0, s6, 1163
core   0: 3 0x8000bec4 (0x48bb3293) x 5 0x00000000
core   0: 0x8000bec8 (0x00a54463) blt     a0, a0, pc + 8
core   0: 3 0x8000bec8 (0x00a54463)
core   0: 0x8000becc (0xaa83bc17) auipc   s8, 0xaa83b
core   0: 3 0x8000becc (0xaa83bc17) x24 0x2a846ecc
core   0: 0x8000bed0 (0x0000100f) fence.i
core   0: 3 0x8000bed0 (0x0000100f)
core   0: 0x8000bed4 (0xb6730b93) addi    s7, t1, -1177
core   0: 3 0x8000bed4 (0xb6730b93) x23 0xfffffb67
core   0: 0x8000bed8 (0xa9804c13) xori    s8, zero, -1384
core   0: 3 0x8000bed8 (0xa9804c13) x24 0xfffffa98
core   0: 0x8000bedc (0x001ac0b3) xor     ra, s5, ra
core   0: 3 0x8000bedc (0x001ac0b3) x 1 0xd028c7dd
core   0: 0x8000bee0 (0x0ff0000f) fence   iorw,iorw
core   0: 3 0x8000bee0 (0x0ff0000f)
core   0: 0x8000bee4 (0x04fff063) bgeu    t6, a5, pc + 64
core   0: 3 0x8000bee4 (0x04fff063)
core   0: 0x8000bee8 (0xa5570893) addi    a7, a4, -1451
core   0: 3 0x8000bee8 (0xa5570893) x17 0xfffffa56
core   0: 0x8000beec (0x000157b3) srl     a5, sp, zero
core   0: 3 0x8000beec (0x000157b3) x15 0xff92e000
core   0: 0x8000bef0 (0x7a750193) addi    gp, a0, 1959
core   0: 3 0x8000bef0 (0x7a750193) x 3 0x000007a8
core   0: 0x8000bef4 (0x00fc9e93) slli    t4, s9, 15
core   0: 3 0x8000bef4 (0x00fc9e93) x29 0x00000000
core   0: 0x8000bef8 (0x05e69063) bne     a3, t5, pc + 64
core   0: 3 0x8000bef8 (0x05e69063)
core   0: 0x8000bf38 (0x00c85e93) srli    t4, a6, 12
core   0: 3 0x8000bf38 (0x00c85e93) x29 0x000c8ad6
core   0: 0x8000bf3c (0x368b0613) addi    a2, s6, 872
core   0: 3 0x8000bf3c (0x368b0613) x12 0x800281cc
core   0: 0x8000bf40 (0x0ff0000f) fence   iorw,iorw
core   0: 3 0x8000bf40 (0x0ff0000f)
core   0: 0x8000bf44 (0xf422a613) slti    a2, t0, -190
core   0: 3 0x8000bf44 (0xf422a613) x12 0x00000000
core   0: 0x8000bf48 (0xf702c793) xori    a5, t0, -144
core   0: 3 0x8000bf48 (0xf702c793) x15 0xffffff70
core   0: 0x8000bf4c (0x00000013) nop
core   0: 3 0x8000bf4c (0x00000013)
core   0: 0x8000bf50 (0x003bee63) bltu    s7, gp, pc + 28
core   0: 3 0x8000bf50 (0x003bee63)
core   0: 0x8000bf54 (0x40cc8fb3) sub     t6, s9, a2
core   0: 3 0x8000bf54 (0x40cc8fb3) x31 0x00000000
core   0: 0x8000bf58 (0x016b9cb3) sll     s9, s7, s6
core   0: 3 0x8000bf58 (0x016b9cb3) x25 0xffffb670
core   0: 0x8000bf5c (0x0028d6b3) srl     a3, a7, sp
core   0: 3 0x8000bf5c (0x0028d6b3) x13 0xfffffa56
core   0: 0x8000bf60 (0x04180263) beq     a6, ra, pc + 68
core   0: 3 0x8000bf60 (0x04180263)
core   0: 0x8000bf64 (0x6abe6db7) lui     s11, 0x6abe6
core   0: 3 0x8000bf64 (0x6abe6db7) x27 0x6abe6000
core   0: 0x8000bf68 (0x02638263) beq     t2, t1, pc + 36
core   0: 3 0x8000bf68 (0x02638263)
core   0: 0x8000bf8c (0x00dbc463) blt     s7, a3, pc + 8
core   0: 3 0x8000bf8c (0x00dbc463)
core   0: 0x8000bf90 (0x013c7f33) and     t5, s8, s3
core   0: 3 0x8000bf90 (0x013c7f33) x30 0xfe64e898
core   0: 0x8000bf94 (0x0122c8b3) xor     a7, t0, s2
core   0: 3 0x8000bf94 (0x0122c8b3) x17 0x00000000
core   0: 0x8000bf98 (0x01bb9013) slli    zero, s7, 27
core   0: 3 0x8000bf98 (0x01bb9013)
core   0: 0x8000bf9c (0x01687ab3) and     s5, a6, s6
core   0: 3 0x8000bf9c (0x01687ab3) x21 0x80006000
core   0: 0x8000bfa0 (0x00707cb3) and     s9, zero, t2
core   0: 3 0x8000bfa0 (0x00707cb3) x25 0x00000000
core   0: 0x8000bfa4 (0x018fb633) sltu    a2, t6, s8
core   0: 3 0x8000bfa4 (0x018fb633) x12 0x00000001
core   0: 0x8000bfa8 (0x023bc263) blt     s7, gp, pc + 36
core   0: 3 0x8000bfa8 (0x023bc263)
core   0: 0x8000bfcc (0x0090d693) srli    a3, ra, 9
core   0: 3 0x8000bfcc (0x0090d693) x13 0x00681463
core   0: 0x8000bfd0 (0x4145f697) auipc   a3, 0x4145f
core   0: 3 0x8000bfd0 (0x4145f697) x13 0xc146afd0
core   0: 0x8000bfd4 (0xdd68ef13) ori     t5, a7, -554
core   0: 3 0x8000bfd4 (0xdd68ef13) x30 0xfffffdd6
core   0: 0x8000bfd8 (0x00a34033) xor     zero, t1, a0
core   0: 3 0x8000bfd8 (0x00a34033)
core   0: 0x8000bfdc (0x9cf1ab93) slti    s7, gp, -1585
core   0: 3 0x8000bfdc (0x9cf1ab93) x23 0x00000000
core   0: 0x8000bfe0 (0x019f9d33) sll     s10, t6, s9
core   0: 3 0x8000bfe0 (0x019f9d33) x26 0x00000000
core   0: 0x8000bfe4 (0xab912013) slti    zero, sp, -1351
core   0: 3 0x8000bfe4 (0xab912013)
core   0: 0x8000bfe8 (0x418bd013) srai    zero, s7, 24
core   0: 3 0x8000bfe8 (0x418bd013)
core   0: 0x8000bfec (0x014de463) bltu    s11, s4, pc + 8
core   0: 3 0x8000bfec (0x014de463)
core   0: 0x8000bff0 (0x407bd713) srai    a4, s7, 7
core   0: 3 0x8000bff0 (0x407bd713) x14 0x00000000
core   0: 0x8000bff4 (0x00fe5463) bge     t3, a5, pc + 8
core   0: 3 0x8000bff4 (0x00fe5463)
core   0: 0x8000bffc (0x01aef463) bgeu    t4, s10, pc + 8
core   0: 3 0x8000bffc (0x01aef463)
core   0: 0x8000c004 (0x0ff0000f) fence   iorw,iorw
core   0: 3 0x8000c004 (0x0ff0000f)
core   0: 0x8000c008 (0x41c4d0b3) sra     ra, s1, t3
core   0: 3 0x8000c008 (0x41c4d0b3) x 1 0xfffc0015
core   0: 0x8000c00c (0xc7e78613) addi    a2, a5, -898
core   0: 3 0x8000c00c (0xc7e78613) x12 0xfffffbee
core   0: 0x8000c010 (0x009f91b3) sll     gp, t6, s1
core   0: 3 0x8000c010 (0x009f91b3) x 3 0x00000000
core   0: 0x8000c014 (0x02e11663) bne     sp, a4, pc + 44
core   0: 3 0x8000c014 (0x02e11663)
core   0: 0x8000c040 (0x6b2e2193) slti    gp, t3, 1714
core   0: 3 0x8000c040 (0x6b2e2193) x 3 0x00000001
core   0: 0x8000c044 (0x417a0a33) sub     s4, s4, s7
core   0: 3 0x8000c044 (0x417a0a33) x20 0x00000001
core   0: 0x8000c048 (0x00638533) add     a0, t2, t1
core   0: 3 0x8000c048 (0x00638533) x10 0x00000000
core   0: 0x8000c04c (0x00641e63) bne     s0, t1, pc + 28
core   0: 3 0x8000c04c (0x00641e63)
core   0: 0x8000c068 (0x02580063) beq     a6, t0, pc + 32
core   0: 3 0x8000c068 (0x02580063)
core   0: 0x8000c06c (0xf9151eb7) lui     t4, 0xf9151
core   0: 3 0x8000c06c (0xf9151eb7) x29 0xf9151000
core   0: 0x8000c070 (0x464c1037) lui     zero, 0x464c1
core   0: 3 0x8000c070 (0x464c1037)
core   0: 0x8000c074 (0xe1339a17) auipc   s4, 0xe1339
core   0: 3 0x8000c074 (0xe1339a17) x20 0x61345074
core   0: 0x8000c078 (0x01ef9433) sll     s0, t6, t5
core   0: 3 0x8000c078 (0x01ef9433) x 8 0x00000000
core   0: 0x8000c07c (0x0153f663) bgeu    t2, s5, pc + 12
core   0: 3 0x8000c07c (0x0153f663)
core   0: 0x8000c080 (0x016a4e63) blt     s4, s6, pc + 28
core   0: 3 0x8000c080 (0x016a4e63)
core   0: 0x8000c084 (0xa82d3717) auipc   a4, 0xa82d3
core   0: 3 0x8000c084 (0xa82d3717) x14 0x282df084
core   0: 0x8000c088 (0xae8af393) andi    t2, s5, -1304
core   0: 3 0x8000c088 (0xae8af393) x 7 0x80006000
core   0: 0x8000c08c (0x02c55263) bge     a0, a2, pc + 36
core   0: 3 0x8000c08c (0x02c55263)
core   0: 0x8000c0b0 (0x41ad5913) srai    s2, s10, 26
core   0: 3 0x8000c0b0 (0x41ad5913) x18 0x00000000
core   0: 0x8000c0b4 (0x9608c037) lui     zero, 0x9608c
core   0: 3 0x8000c0b4 (0x9608c037)
core   0: 0x8000c0b8 (0x0000100f) fence.i
core   0: 3 0x8000c0b8 (0x0000100f)
core   0: 0x8000c0bc (0x014730b3) sltu    ra, a4, s4
core   0: 3 0x8000c0bc (0x014730b3) x 1 0x00000001
core   0: 0x8000c0c0 (0x00f5ea33) or      s4, a1, a5
core   0: 3 0x8000c0c0 (0x00f5ea33) x20 0xffffff70
core   0: 0x8000c0c4 (0x00e41d33) sll     s10, s0, a4
core   0: 3 0x8000c0c4 (0x00e41d33) x26 0x00000000
core   0: 0x8000c0c8 (0x45c06a93) ori     s5, zero, 1116
core   0: 3 0x8000c0c8 (0x45c06a93) x21 0x0000045c
core   0: 0x8000c0cc (0x0000100f) fence.i
core   0: 3 0x8000c0cc (0x0000100f)
core   0: 0x8000c0d0 (0x01f84533) xor     a0, a6, t6
core   0: 3 0x8000c0d0 (0x01f84533) x10 0xc8ad6000
core   0: 0x8000c0d4 (0x41440433) sub     s0, s0, s4
core   0: 3 0x8000c0d4 (0x41440433) x 8 0x00000090
core   0: 0x8000c0d8 (0x01185413) srli    s0, a6, 17
core   0: 3 0x8000c0d8 (0x01185413) x 8 0x00006456
core   0: 0x8000c0dc (0x0ff0000f) fence   iorw,iorw
core   0: 3 0x8000c0dc (0x0ff0000f)
core   0: 0x8000c0e0 (0x03c44063) blt     s0, t3, pc + 32
core   0: 3 0x8000c0e0 (0x03c44063)
core   0: 0x8000c0e4 (0x0000100f) fence.i
core   0: 3 0x8000c0e4 (0x0000100f)
core   0: 0x8000c0e8 (0x00e81913) slli    s2, a6, 14
core   0: 3 0x8000c0e8 (0x00e81913) x18 0x58000000
core   0: 0x8000c0ec (0x02b9f263) bgeu    s3, a1, pc + 36
core   0: 3 0x8000c0ec (0x02b9f263)
core   0: 0x8000c110 (0x04440463) beq     s0, tp, pc + 72
core   0: 3 0x8000c110 (0x04440463)
core   0: 0x8000c114 (0x41910c33) sub     s8, sp, s9
core   0: 3 0x8000c114 (0x41910c33) x24 0xff92e000
core   0: 0x8000c118 (0x40a85ab3) sra     s5, a6, a0
core   0: 3 0x8000c118 (0x40a85ab3) x21 0xc8ad6000
core   0: 0x8000c11c (0x0ff0000f) fence   iorw,iorw
core   0: 3 0x8000c11c (0x0ff0000f)
core   0: 0x8000c120 (0x49ea3b93) sltiu   s7, s4, 1182
core   0: 3 0x8000c120 (0x49ea3b93) x23 0x00000000
core   0: 0x8000c124 (0x404fdf13) srai    t5, t6, 4
core   0: 3 0x8000c124 (0x404fdf13) x30 0x00000000
core   0: 0x8000c128 (0xf8b6a893) slti    a7, a3, -117
core   0: 3 0x8000c128 (0xf8b6a893) x17 0x00000001
core   0: 0x8000c12c (0x00426463) bltu    tp, tp, pc + 8
core   0: 3 0x8000c12c (0x00426463)
core   0: 0x8000c130 (0x00000013) nop
core   0: 3 0x8000c130 (0x00000013)
core   0: 0x8000c134 (0x0ff0000f) fence   iorw,iorw
core   0: 3 0x8000c134 (0x0ff0000f)
core   0: 0x8000c138 (0x75822913) slti    s2, tp, 1880
core   0: 3 0x8000c138 (0x75822913) x18 0x00000001
core   0: 0x8000c13c (0x05a78063) beq     a5, s10, pc + 64
core   0: 3 0x8000c13c (0x05a78063)
core   0: 0x8000c140 (0x001eda13) srli    s4, t4, 1
core   0: 3 0x8000c140 (0x001eda13) x20 0x7c8a8800
core   0: 0x8000c144 (0x0000100f) fence.i
core   0: 3 0x8000c144 (0x0000100f)
core   0: 0x8000c148 (0x0117a8b3) slt     a7, a5, a7
core   0: 3 0x8000c148 (0x0117a8b3) x17 0x00000001
core   0: 0x8000c14c (0x013d8133) add     sp, s11, s3
core   0: 3 0x8000c14c (0x013d8133) x 2 0x69234c9c
core   0: 0x8000c150 (0x01ef0a63) beq     t5, t5, pc + 20
core   0: 3 0x8000c150 (0x01ef0a63)
core   0: 0x8000c164 (0x002e5433) srl     s0, t3, sp
core   0: 3 0x8000c164 (0x002e5433) x 8 0x00000000
core   0: 0x8000c168 (0x0563c263) blt     t2, s6, pc + 68
core   0: 3 0x8000c168 (0x0563c263)
core   0: 0x8000c1ac (0x00b07033) and     zero, zero, a1
core   0: 3 0x8000c1ac (0x00b07033)
core   0: 0x8000c1b0 (0x0431e663) bltu    gp, gp, pc + 76
core   0: 3 0x8000c1b0 (0x0431e663)
core   0: 0x8000c1b4 (0x4badae37) lui     t3, 0x4bada
core   0: 3 0x8000c1b4 (0x4badae37) x28 0x4bada000
core   0: 0x8000c1b8 (0x01f55633) srl     a2, a0, t6
core   0: 3 0x8000c1b8 (0x01f55633) x12 0xc8ad6000
core   0: 0x8000c1bc (0x39d13d13) sltiu   s10, sp, 925
core   0: 3 0x8000c1bc (0x39d13d13) x26 0x00000000
core   0: 0x8000c1c0 (0x0ff0000f) fence   iorw,iorw
core   0: 3 0x8000c1c0 (0x0ff0000f)
core   0: 0x8000c1c4 (0x00000013) nop
core   0: 3 0x8000c1c4 (0x00000013)
core   0: 0x8000c1c8 (0x0000100f) fence.i
core   0: 3 0x8000c1c8 (0x0000100f)
core   0: 0x8000c1cc (0x002d83b3) add     t2, s11, sp
core   0: 3 0x8000c1cc (0x002d83b3) x 7 0xd3e1ac9c
core   0: 0x8000c1d0 (0x005f5463) bge     t5, t0, pc + 8
core   0: 3 0x8000c1d0 (0x005f5463)
core   0: 0x8000c1d8 (0x41b95f33) sra     t5, s2, s11
core   0: 3 0x8000c1d8 (0x41b95f33) x30 0x00000001
core   0: 0x8000c1dc (0x41980a33) sub     s4, a6, s9
core   0: 3 0x8000c1dc (0x41980a33) x20 0xc8ad6000
core   0: 0x8000c1e0 (0x0396c263) blt     a3, s9, pc + 36
core   0: 3 0x8000c1e0 (0x0396c263)
core   0: 0x8000c204 (0xf73fc413) xori    s0, t6, -141
core   0: 3 0x8000c204 (0xf73fc413) x 8 0xffffff73
core   0: 0x8000c208 (0x000ada33) srl     s4, s5, zero
core   0: 3 0x8000c208 (0x000ada33) x20 0xc8ad6000
core   0: 0x8000c20c (0x01165313) srli    t1, a2, 17
core   0: 3 0x8000c20c (0x01165313) x 6 0x00006456
core   0: 0x8000c210 (0x4019d633) sra     a2, s3, ra
core   0: 3 0x8000c210 (0x4019d633) x12 0xff32764e
core   0: 0x8000c214 (0x00000013) nop
core   0: 3 0x8000c214 (0x00000013)
core   0: 0x8000c218 (0x053c1063) bne     s8, s3, pc + 64
core   0: 3 0x8000c218 (0x053c1063)
core   0: 0x8000c258 (0x0000100f) fence.i
core   0: 3 0x8000c258 (0x0000100f)
core   0: 0x8000c25c (0xf4f4a393) slti    t2, s1, -177
core   0: 3 0x8000c25c (0xf4f4a393) x 7 0x00000001
core   0: 0x8000c260 (0x013ea133) slt     sp, t4, s3
core   0: 3 0x8000c260 (0x013ea133) x 2 0x00000001
core   0: 0x8000c264 (0x0000100f) fence.i
core   0: 3 0x8000c264 (0x0000100f)
core   0: 0x8000c268 (0x0098b933) sltu    s2, a7, s1
core   0: 3 0x8000c268 (0x0098b933) x18 0x00000001
core   0: 0x8000c26c (0x0190adb3) slt     s11, ra, s9
core   0: 3 0x8000c26c (0x0190adb3) x27 0x00000000
core   0: 0x8000c270 (0x00000013) nop
core   0: 3 0x8000c270 (0x00000013)
core   0: 0x8000c274 (0x407955b3) sra     a1, s2, t2
core   0: 3 0x8000c274 (0x407955b3) x11 0x00000000
core   0: 0x8000c278 (0x00179e33) sll     t3, a5, ra
core   0: 3 0x8000c278 (0x00179e33) x28 0xfffffee0
core   0: 0x8000c27c (0x407f5393) srai    t2, t5, 7
core   0: 3 0x8000c27c (0x407f5393) x 7 0x00000000
core   0: 0x8000c280 (0x239f78b7) lui     a7, 0x239f7
core   0: 3 0x8000c280 (0x239f78b7) x17 0x239f7000
core   0: 0x8000c284 (0x010457b3) srl     a5, s0, a6
core   0: 3 0x8000c284 (0x010457b3) x15 0xffffff73
core   0: 0x8000c288 (0x00133c33) sltu    s8, t1, ra
core   0: 3 0x8000c288 (0x00133c33) x24 0x00000000
core   0: 0x8000c28c (0x0101f8b3) and     a7, gp, a6
core   0: 3 0x8000c28c (0x0101f8b3) x17 0x00000000
core   0: 0x8000c290 (0x9bc7e537) lui     a0, 0x9bc7e
core   0: 3 0x8000c290 (0x9bc7e537) x10 0x9bc7e000
core   0: 0x8000c294 (0x01829c93) slli    s9, t0, 24
core   0: 3 0x8000c294 (0x01829c93) x25 0x00000000
core   0: 0x8000c298 (0x01ad8463) beq     s11, s10, pc + 8
core   0: 3 0x8000c298 (0x01ad8463)
core   0: 0x8000c2a0 (0x0126e733) or      a4, a3, s2
core   0: 3 0x8000c2a0 (0x0126e733) x14 0xc146afd1
core   0: 0x8000c2a4 (0x011dc663) blt     s11, a7, pc + 12
core   0: 3 0x8000c2a4 (0x011dc663)
core   0: 0x8000c2a8 (0x00dd9463) bne     s11, a3, pc + 8
core   0: 3 0x8000c2a8 (0x00dd9463)
core   0: 0x8000c2b0 (0x00f60e63) beq     a2, a5, pc + 28
core   0: 3 0x8000c2b0 (0x00f60e63)
core   0: 0x8000c2b4 (0x054f4063) blt     t5, s4, pc + 64
core   0: 3 0x8000c2b4 (0x054f4063)
core   0: 0x8000c2b8 (0x44777f93) andi    t6, a4, 1095
core   0: 3 0x8000c2b8 (0x44777f93) x31 0x00000441
core   0: 0x8000c2bc (0xb05cb497) auipc   s1, 0xb05cb
core   0: 3 0x8000c2bc (0xb05cb497) x 9 0x305d72bc
core   0: 0x8000c2c0 (0x00b4b433) sltu    s0, s1, a1
core   0: 3 0x8000c2c0 (0x00b4b433) x 8 0x00000000
core   0: 0x8000c2c4 (0x00000013) nop
core   0: 3 0x8000c2c4 (0x00000013)
core   0: 0x8000c2c8 (0x01bd5513) srli    a0, s10, 27
core   0: 3 0x8000c2c8 (0x01bd5513) x10 0x00000000
core   0: 0x8000c2cc (0xdf496597) auipc   a1, 0xdf496
core   0: 3 0x8000c2cc (0xdf496597) x11 0x5f4a22cc
core   0: 0x8000c2d0 (0x00296a33) or      s4, s2, sp
core   0: 3 0x8000c2d0 (0x00296a33) x20 0x00000001
core   0: 0x8000c2d4 (0x411405b3) sub     a1, s0, a7
core   0: 3 0x8000c2d4 (0x411405b3) x11 0x00000000
core   0: 0x8000c2d8 (0x002c9e63) bne     s9, sp, pc + 28
core   0: 3 0x8000c2d8 (0x002c9e63)
core   0: 0x8000c2f4 (0x160fe737) lui     a4, 0x160fe
core   0: 3 0x8000c2f4 (0x160fe737) x14 0x160fe000
core   0: 0x8000c2f8 (0x00ea0863) beq     s4, a4, pc + 16
core   0: 3 0x8000c2f8 (0x00ea0863)
core   0: 0x8000c2fc (0x00894333) xor     t1, s2, s0
core   0: 3 0x8000c2fc (0x00894333) x 6 0x00000001
core   0: 0x8000c300 (0x263b7a13) andi    s4, s6, 611
core   0: 3 0x8000c300 (0x263b7a13) x20 0x00000260
core   0: 0x8000c304 (0x0000100f) fence.i
core   0: 3 0x8000c304 (0x0000100f)
core   0: 0x8000c308 (0x0086ea63) bltu    a3, s0, pc + 20
core   0: 3 0x8000c308 (0x0086ea63)
core   0: 0x8000c30c (0x60daee93) ori     t4, s5, 1549
core   0: 3 0x8000c30c (0x60daee93) x29 0xc8ad660d
core   0: 0x8000c310 (0x00493ab3) sltu    s5, s2, tp
core   0: 3 0x8000c310 (0x00493ab3) x21 0x00000001
core   0: 0x8000c314 (0x260cb937) lui     s2, 0x260cb
core   0: 3 0x8000c314 (0x260cb937) x18 0x260cb000
core   0: 0x8000c318 (0x00ddbbb3) sltu    s7, s11, a3
core   0: 3 0x8000c318 (0x00ddbbb3) x23 0x00000001
core   0: 0x8000c31c (0x00a7d463) bge     a5, a0, pc + 8
core   0: 3 0x8000c31c (0x00a7d463)
core   0: 0x8000c320 (0xb413c093) xori    ra, t2, -1215
core   0: 3 0x8000c320 (0xb413c093) x 1 0xfffffb41
core   0: 0x8000c324 (0x0986cf13) xori    t5, a3, 152
core   0: 3 0x8000c324 (0x0986cf13) x30 0xc146af48
core   0: 0x8000c328 (0x00d2ce63) blt     t0, a3, pc + 28
core   0: 3 0x8000c328 (0x00d2ce63)
core   0: 0x8000c32c (0x0ff0000f) fence   iorw,iorw
core   0: 3 0x8000c32c (0x0ff0000f)
core   0: 0x8000c330 (0x0120db93) srli    s7, ra, 18
core   0: 3 0x8000c330 (0x0120db93) x23 0x00003fff
core   0: 0x8000c334 (0x00000013) nop
core   0: 3 0x8000c334 (0x00000013)
core   0: 0x8000c338 (0x015792b3) sll     t0, a5, s5
core   0: 3 0x8000c338 (0x015792b3) x 5 0xfffffee6
core   0: 0x8000c33c (0x0000100f) fence.i
core   0: 3 0x8000c33c (0x0000100f)
core   0: 0x8000c340 (0x003404b3) add     s1, s0, gp
core   0: 3 0x8000c340 (0x003404b3) x 9 0x00000001
core   0: 0x8000c344 (0x0ff0000f) fence   iorw,iorw
core   0: 3 0x8000c344 (0x0ff0000f)
core   0: 0x8000c348 (0xdaf50a93) addi    s5, a0, -593
core   0: 3 0x8000c348 (0xdaf50a93) x21 0xfffffdaf
core   0: 0x8000c34c (0x01295513) srli    a0, s2, 18
core   0: 3 0x8000c34c (0x01295513) x10 0x00000983
core   0: 0x8000c350 (0x00560833) add     a6, a2, t0
core   0: 3 0x8000c350 (0x00560833) x16 0xff327534
core   0: 0x8000c354 (0x00b585b3) add     a1, a1, a1
core   0: 3 0x8000c354 (0x00b585b3) x11 0x00000000
core   0: 0x8000c358 (0x05bff663) bgeu    t6, s11, pc + 76
core   0: 3 0x8000c358 (0x05bff663)
core   0: 0x8000c3a4 (0x05588463) beq     a7, s5, pc + 72
core   0: 3 0x8000c3a4 (0x05588463)
core   0: 0x8000c3a8 (0x0124adb3) slt     s11, s1, s2
core   0: 3 0x8000c3a8 (0x0124adb3) x27 0x00000001
core   0: 0x8000c3ac (0x13f9b893) sltiu   a7, s3, 319
core   0: 3 0x8000c3ac (0x13f9b893) x17 0x00000000
core   0: 0x8000c3b0 (0x411b80b3) sub     ra, s7, a7
core   0: 3 0x8000c3b0 (0x411b80b3) x 1 0x00003fff
core   0: 0x8000c3b4 (0x81a46d93) ori     s11, s0, -2022
core   0: 3 0x8000c3b4 (0x81a46d93) x27 0xfffff81a
core   0: 0x8000c3b8 (0x01455593) srli    a1, a0, 20
core   0: 3 0x8000c3b8 (0x01455593) x11 0x00000000
core   0: 0x8000c3bc (0x0121fd33) and     s10, gp, s2
core   0: 3 0x8000c3bc (0x0121fd33) x26 0x00000000
core   0: 0x8000c3c0 (0x02cb6a63) bltu    s6, a2, pc + 52
core   0: 3 0x8000c3c0 (0x02cb6a63)
core   0: 0x8000c3f4 (0x0cb39263) bne     t2, a1, pc + 196
core   0: 3 0x8000c3f4 (0x0cb39263)
core   0: 0x8000c3f8 (0x01fba833) slt     a6, s7, t6
core   0: 3 0x8000c3f8 (0x01fba833) x16 0x00000000
core   0: 0x8000c3fc (0x0ed98a63) beq     s3, a3, pc + 244
core   0: 3 0x8000c3fc (0x0ed98a63)
core   0: 0x8000c400 (0x01135193) srli    gp, t1, 17
core   0: 3 0x8000c400 (0x01135193) x 3 0x00000000
core   0: 0x8000c404 (0x0ff0000f) fence   iorw,iorw
core   0: 3 0x8000c404 (0x0ff0000f)
core   0: 0x8000c408 (0x00000013) nop
core   0: 3 0x8000c408 (0x00000013)
core   0: 0x8000c40c (0x0c4c7463) bgeu    s8, tp, pc + 200
core   0: 3 0x8000c40c (0x0c4c7463)
core   0: 0x8000c410 (0x8864b893) sltiu   a7, s1, -1914
core   0: 3 0x8000c410 (0x8864b893) x17 0x00000001
core   0: 0x8000c414 (0x00007c17) auipc   s8, 0x7
core   0: 3 0x8000c414 (0x00007c17) x24 0x80013414
core   0: 0x8000c418 (0x327c0c13) addi    s8, s8, 807
core   0: 3 0x8000c418 (0x327c0c13) x24 0x8001373b
core   0: 0x8000c41c (0x095c1483) lh      s1, 149(s8)
core   0: 3 0x8000c41c (0x095c1483) x 9 0xffff8a8b mem 0x800137d0
core   0: 0x8000c420 (0x04ec0c23) sb      a4, 88(s8)
core   0: 3 0x8000c420 (0x04ec0c23) mem 0x80013793 0x0
core   0: 0x8000c424 (0xde3cfe93) andi    t4, s9, -541
core   0: 3 0x8000c424 (0xde3cfe93) x29 0x00000000
core   0: 0x8000c428 (0x095c4403) lbu     s0, 149(s8)
core   0: 3 0x8000c428 (0x095c4403) x 8 0x0000008b mem 0x800137d0
core   0: 0x8000c42c (0xe17f9917) auipc   s2, 0xe17f9
core   0: 3 0x8000c42c (0xe17f9917) x18 0x6180542c
core   0: 0x8000c430 (0x0000100f) fence.i
core   0: 3 0x8000c430 (0x0000100f)
core   0: 0x8000c434 (0x40275933) sra     s2, a4, sp
core   0: 3 0x8000c434 (0x40275933) x18 0x0b07f000
core   0: 0x8000c438 (0x00dce733) or      a4, s9, a3
core   0: 3 0x8000c438 (0x00dce733) x14 0xc146afd0
core   0: 0x8000c43c (0x039c1a03) lh      s4, 57(s8)
core   0: 3 0x8000c43c (0x039c1a03) x20 0x00002e2f mem 0x80013774
core   0: 0x8000c440 (0x0135dd33) srl     s10, a1, s3
core   0: 3 0x8000c440 (0x0135dd33) x26 0x00000000
core   0: 0x8000c444 (0xfc9c1a83) lh      s5, -55(s8)
core   0: 3 0x8000c444 (0xfc9c1a83) x21 0xffffbebf mem 0x80013704
core   0: 0x8000c448 (0x85b2c413) xori    s0, t0, -1957
core   0: 3 0x8000c448 (0x85b2c413) x 8 0x000006bd
core   0: 0x8000c44c (0x019270b3) and     ra, tp, s9
core   0: 3 0x8000c44c (0x019270b3) x 1 0x00000000
core   0: 0x8000c450 (0xf4cc4483) lbu     s1, -180(s8)
core   0: 3 0x8000c450 (0xf4cc4483) x 9 0x0000003c mem 0x80013687
core   0: 0x8000c454 (0x0ff0000f) fence   iorw,iorw
core   0: 3 0x8000c454 (0x0ff0000f)
core   0: 0x8000c458 (0x019553b3) srl     t2, a0, s9
core   0: 3 0x8000c458 (0x019553b3) x 7 0x00000983
core   0: 0x8000c45c (0x10fc2193) slti    gp, s8, 271
core   0: 3 0x8000c45c (0x10fc2193) x 3 0x00000001
core   0: 0x8000c460 (0x019d66b3) or      a3, s10, s9
core   0: 3 0x8000c460 (0x019d66b3) x13 0x00000000
core   0: 0x8000c464 (0x6837fb93) andi    s7, a5, 1667
core   0: 3 0x8000c464 (0x6837fb93) x23 0x00000603
core   0: 0x8000c468 (0x0021e3b3) or      t2, gp, sp
core   0: 3 0x8000c468 (0x0021e3b3) x 7 0x00000001
core   0: 0x8000c46c (0x01ec40b3) xor     ra, s8, t5
core   0: 3 0x8000c46c (0x01ec40b3) x 1 0x41479873
core   0: 0x8000c470 (0x002c0183) lb      gp, 2(s8)
core   0: 3 0x8000c470 (0x002c0183) x 3 0xfffffff6 mem 0x8001373d
core   0: 0x8000c474 (0x00f4c3b3) xor     t2, s1, a5
core   0: 3 0x8000c474 (0x00f4c3b3) x 7 0xffffff4f
core   0: 0x8000c478 (0x00f32eb3) slt     t4, t1, a5
core   0: 3 0x8000c478 (0x00f32eb3) x29 0x00000000
core   0: 0x8000c47c (0x00efacb3) slt     s9, t6, a4
core   0: 3 0x8000c47c (0x00efacb3) x25 0x00000000
core   0: 0x8000c480 (0x41add5b3) sra     a1, s11, s10
core   0: 3 0x8000c480 (0x41add5b3) x11 0xfffff81a
core   0: 0x8000c484 (0x0000100f) fence.i
core   0: 3 0x8000c484 (0x0000100f)
core   0: 0x8000c488 (0x40ae0f33) sub     t5, t3, a0
core   0: 3 0x8000c488 (0x40ae0f33) x30 0xfffff55d
core   0: 0x8000c48c (0x0ff0000f) fence   iorw,iorw
core   0: 3 0x8000c48c (0x0ff0000f)
core   0: 0x8000c490 (0xf96c4803) lbu     a6, -106(s8)
core   0: 3 0x8000c490 (0xf96c4803) x16 0x0000008a mem 0x800136d1
core   0: 0x8000c494 (0x01d2f033) and     zero, t0, t4
core   0: 3 0x8000c494 (0x01d2f033)
core   0: 0x8000c498 (0x3ce9a913) slti    s2, s3, 974
core   0: 3 0x8000c498 (0x3ce9a913) x18 0x00000001
core   0: 0x8000c49c (0xf8dc0f23) sb      a3, -98(s8)
core   0: 3 0x8000c49c (0xf8dc0f23) mem 0x800136d9 0x0
core   0: 0x8000c4a0 (0x0e8c4283) lbu     t0, 232(s8)
core   0: 3 0x8000c4a0 (0x0e8c4283) x 5 0x000000d8 mem 0x80013823
core   0: 0x8000c4a4 (0x001110b3) sll     ra, sp, ra
core   0: 3 0x8000c4a4 (0x001110b3) x 1 0x00080000
core   0: 0x8000c4a8 (0xf0bc5583) lhu     a1, -245(s8)
core   0: 3 0x8000c4a8 (0xf0bc5583) x11 0x0000fcfd mem 0x80013646
core   0: 0x8000c4ac (0x0ff0000f) fence   iorw,iorw
core   0: 3 0x8000c4ac (0x0ff0000f)
core   0: 0x8000c4b0 (0x007a0133) add     sp, s4, t2
core   0: 3 0x8000c4b0 (0x007a0133) x 2 0x00002d7e
core   0: 0x8000c4b4 (0x0d6c0a03) lb      s4, 214(s8)
core   0: 3 0x8000c4b4 (0x0d6c0a03) x20 0xffffffca mem 0x80013811
core   0: 0x8000c4b8 (0x04429463) bne     t0, tp, pc + 72
core   0: 3 0x8000c4b8 (0x04429463)
core   0: 0x8000c500 (0x3d35bb93) sltiu   s7, a1, 979
core   0: 3 0x8000c500 (0x3d35bb93) x23 0x00000000
core   0: 0x8000c504 (0x00000013) nop
core   0: 3 0x8000c504 (0x00000013)
core   0: 0x8000c508 (0x01767c33) and     s8, a2, s7
core   0: 3 0x8000c508 (0x01767c33) x24 0x00000000
core   0: 0x8000c50c (0x00f87663) bgeu    a6, a5, pc + 12
core   0: 3 0x8000c50c (0x00f87663)
core   0: 0x8000c510 (0x00f1c4b3) xor     s1, gp, a5
core   0: 3 0x8000c510 (0x00f1c4b3) x 9 0x00000085
core   0: 0x8000c514 (0x40fc57b3) sra     a5, s8, a5
core   0: 3 0x8000c514 (0x40fc57b3) x15 0x00000000
core   0: 0x8000c518 (0x05c5e463) bltu    a1, t3, pc + 72
core   0: 3 0x8000c518 (0x05c5e463)
core   0: 0x8000c560 (0x8b667d13) andi    s10, a2, -1866
core   0: 3 0x8000c560 (0x8b667d13) x26 0xff327006
core   0: 0x8000c564 (0x029c4263) blt     s8, s1, pc + 36
core   0: 3 0x8000c564 (0x029c4263)
core   0: 0x8000c588 (0x00535933) srl     s2, t1, t0
core   0: 3 0x8000c588 (0x00535933) x18 0x00000000
core   0: 0x8000c58c (0x419402b3) sub     t0, s0, s9
core   0: 3 0x8000c58c (0x419402b3) x 5 0x000006bd
core   0: 0x8000c590 (0x00059463) bnez    a1, pc + 8
core   0: 3 0x8000c590 (0x00059463)
core   0: 0x8000c598 (0xe60d8d97) auipc   s11, 0xe60d8
core   0: 3 0x8000c598 (0xe60d8d97) x27 0x660e4598
core   0: 0x8000c59c (0x5b2bb713) sltiu   a4, s7, 1458
core   0: 3 0x8000c59c (0x5b2bb713) x14 0x00000001
core   0: 0x8000c5a0 (0x00031393) slli    t2, t1, 0
core   0: 3 0x8000c5a0 (0x00031393) x 7 0x00000001
core   0: 0x8000c5a4 (0x00f551b3) srl     gp, a0, a5
core   0: 3 0x8000c5a4 (0x00f551b3) x 3 0x00000983
core   0: 0x8000c5a8 (0x00a5dbb3) srl     s7, a1, a0
core   0: 3 0x8000c5a8 (0x00a5dbb3) x23 0x00001f9f
core   0: 0x8000c5ac (0x787b4a13) xori    s4, s6, 1927
core   0: 3 0x8000c5ac (0x787b4a13) x20 0x800279e3
core   0: 0x8000c5b0 (0xb8636093) ori     ra, t1, -1146
core   0: 3 0x8000c5b0 (0xb8636093) x 1 0xfffffb87
core   0: 0x8000c5b4 (0x41b5d793) srai    a5, a1, 27
core   0: 3 0x8000c5b4 (0x41b5d793) x15 0x00000000
core   0: 0x8000c5b8 (0x006a14b3) sll     s1, s4, t1
core   0: 3 0x8000c5b8 (0x006a14b3) x 9 0x0004f3c6
core   0: 0x8000c5bc (0x00000013) nop
core   0: 3 0x8000c5bc (0x00000013)
core   0: 0x8000c5c0 (0x7fef4713) xori    a4, t5, 2046
core   0: 3 0x8000c5c0 (0x7fef4713) x14 0xfffff2a3
core   0: 0x8000c5c4 (0x0465e063) bltu    a1, t1, pc + 64
core   0: 3 0x8000c5c4 (0x0465e063)
core   0: 0x8000c5c8 (0x0000100f) fence.i
core   0: 3 0x8000c5c8 (0x0000100f)
core   0: 0x8000c5cc (0x008f7c33) and     s8, t5, s0
core   0: 3 0x8000c5cc (0x008f7c33) x24 0x0000041d
core   0: 0x8000c5d0 (0x01eb6bb3) or      s7, s6, t5
core   0: 3 0x8000c5d0 (0x01eb6bb3) x23 0xffffff7d
core   0: 0x8000c5d4 (0x0072ea63) bltu    t0, t2, pc + 20
core   0: 3 0x8000c5d4 (0x0072ea63)
core   0: 0x8000c5d8 (0x00345a93) srli    s5, s0, 3
core   0: 3 0x8000c5d8 (0x00345a93) x21 0x000000d7
core   0: 0x8000c5dc (0x40b95833) sra     a6, s2, a1
core   0: 3 0x8000c5dc (0x40b95833) x16 0x00000000
core   0: 0x8000c5e0 (0x00782333) slt     t1, a6, t2
core   0: 3 0x8000c5e0 (0x00782333) x 6 0x00000001
core   0: 0x8000c5e4 (0xdeace893) ori     a7, s9, -534
core   0: 3 0x8000c5e4 (0xdeace893) x17 0xfffffdea
core   0: 0x8000c5e8 (0x02324063) blt     tp, gp, pc + 32
core   0: 3 0x8000c5e8 (0x02324063)
core   0: 0x8000c608 (0xc7990813) addi    a6, s2, -903
core   0: 3 0x8000c608 (0xc7990813) x16 0xfffffc79
core   0: 0x8000c60c (0x017cca33) xor     s4, s9, s7
core   0: 3 0x8000c60c (0x017cca33) x20 0xffffff7d
core   0: 0x8000c610 (0x00c0af33) slt     t5, ra, a2
core   0: 3 0x8000c610 (0x00c0af33) x30 0x00000000
core   0: 0x8000c614 (0x6fd96f93) ori     t6, s2, 1789
core   0: 3 0x8000c614 (0x6fd96f93) x31 0x000006fd
core   0: 0x8000c618 (0x00b10033) add     zero, sp, a1
core   0: 3 0x8000c618 (0x00b10033)
core   0: 0x8000c61c (0x00205813) srli    a6, zero, 2
core   0: 3 0x8000c61c (0x00205813) x16 0x00000000
core   0: 0x8000c620 (0x80fa7d93) andi    s11, s4, -2033
core   0: 3 0x8000c620 (0x80fa7d93) x27 0xfffff80d
core   0: 0x8000c624 (0xe49c3113) sltiu   sp, s8, -439
core   0: 3 0x8000c624 (0xe49c3113) x 2 0x00000001
core   0: 0x8000c628 (0x01bd9e63) bne     s11, s11, pc + 28
core   0: 3 0x8000c628 (0x01bd9e63)
core   0: 0x8000c62c (0x02b4c037) lui     zero, 0x2b4c
core   0: 3 0x8000c62c (0x02b4c037)
core   0: 0x8000c630 (0x014e8463) beq     t4, s4, pc + 8
core   0: 3 0x8000c630 (0x014e8463)
core   0: 0x8000c634 (0x01757733) and     a4, a0, s7
core   0: 3 0x8000c634 (0x01757733) x14 0x00000901
core   0: 0x8000c638 (0x0449f463) bgeu    s3, tp, pc + 72
core   0: 3 0x8000c638 (0x0449f463)
core   0: 0x8000c680 (0x00000013) nop
core   0: 3 0x8000c680 (0x00000013)
core   0: 0x8000c684 (0x01079bb3) sll     s7, a5, a6
core   0: 3 0x8000c684 (0x01079bb3) x23 0x00000000
core   0: 0x8000c688 (0x873e2d93) slti    s11, t3, -1933
core   0: 3 0x8000c688 (0x873e2d93) x27 0x00000000
core   0: 0x8000c68c (0x041d1663) bne     s10, ra, pc + 76
core   0: 3 0x8000c68c (0x041d1663)
core   0: 0x8000c6d8 (0x01768333) add     t1, a3, s7
core   0: 3 0x8000c6d8 (0x01768333) x 6 0x00000000
core   0: 0x8000c6dc (0x0fd8b793) sltiu   a5, a7, 253
core   0: 3 0x8000c6dc (0x0fd8b793) x15 0x00000000
core   0: 0x8000c6e0 (0xfc43c317) auipc   t1, 0xfc43c
core   0: 3 0x8000c6e0 (0xfc43c317) x 6 0x7c4486e0
core   0: 0x8000c6e4 (0x0149c133) xor     sp, s3, s4
core   0: 3 0x8000c6e4 (0x0149c133) x 2 0x019b13e1
core   0: 0x8000c6e8 (0x04544063) blt     s0, t0, pc + 64
core   0: 3 0x8000c6e8 (0x04544063)
core   0: 0x8000c6ec (0x0ff0000f) fence   iorw,iorw
core   0: 3 0x8000c6ec (0x0ff0000f)
core   0: 0x8000c6f0 (0x00000013) nop
core   0: 3 0x8000c6f0 (0x00000013)
core   0: 0x8000c6f4 (0x016e46b3) xor     a3, t3, s6
core   0: 3 0x8000c6f4 (0x016e46b3) x13 0x7ffd8084
core   0: 0x8000c6f8 (0xa1696313) ori     t1, s2, -1514
core   0: 3 0x8000c6f8 (0xa1696313) x 6 0xfffffa16
core   0: 0x8000c6fc (0x00e185b3) add     a1, gp, a4
core   0: 3 0x8000c6fc (0x00e185b3) x11 0x00001284
core   0: 0x8000c700 (0x13194813) xori    a6, s2, 305
core   0: 3 0x8000c700 (0x13194813) x16 0x00000131
core   0: 0x8000c704 (0x386a7a13) andi    s4, s4, 902
core   0: 3 0x8000c704 (0x386a7a13) x20 0x00000304
core   0: 0x8000c708 (0x00531ab3) sll     s5, t1, t0
core   0: 3 0x8000c708 (0x00531ab3) x21 0xc0000000
core   0: 0x8000c70c (0x039cd063) bge     s9, s9, pc + 32
core   0: 3 0x8000c70c (0x039cd063)
core   0: 0x8000c72c (0x01b80663) beq     a6, s11, pc + 12
core   0: 3 0x8000c72c (0x01b80663)
core   0: 0x8000c730 (0x05a38663) beq     t2, s10, pc + 76
core   0: 3 0x8000c730 (0x05a38663)
core   0: 0x8000c734 (0x41530eb3) sub     t4, t1, s5
core   0: 3 0x8000c734 (0x41530eb3) x29 0x3ffffa16
core   0: 0x8000c738 (0x402783b3) sub     t2, a5, sp
core   0: 3 0x8000c738 (0x402783b3) x 7 0xfe64ec1f
core   0: 0x8000c73c (0x02fe1a63) bne     t3, a5, pc + 52
core   0: 3 0x8000c73c (0x02fe1a63)
core   0: 0x8000c770 (0x01ed0933) add     s2, s10, t5
core   0: 3 0x8000c770 (0x01ed0933) x18 0xff327006
core   0: 0x8000c774 (0x003beab3) or      s5, s7, gp
core   0: 3 0x8000c774 (0x003beab3) x21 0x00000983
core   0: 0x8000c778 (0x41460a33) sub     s4, a2, s4
core   0: 3 0x8000c778 (0x41460a33) x20 0xff32734a
core   0: 0x8000c77c (0x003aa0b3) slt     ra, s5, gp
core   0: 3 0x8000c77c (0x003aa0b3) x 1 0x00000000
core   0: 0x8000c780 (0x5cf76793) ori     a5, a4, 1487
core   0: 3 0x8000c780 (0x5cf76793) x15 0x00000dcf
core   0: 0x8000c784 (0x04a6e463) bltu    a3, a0, pc + 72
core   0: 3 0x8000c784 (0x04a6e463)
core   0: 0x8000c788 (0x00787e63) bgeu    a6, t2, pc + 28
core   0: 3 0x8000c788 (0x00787e63)
core   0: 0x8000c78c (0x00464933) xor     s2, a2, tp
core   0: 3 0x8000c78c (0x00464933) x18 0x7f30caaa
core   0: 0x8000c790 (0x01289c13) slli    s8, a7, 18
core   0: 3 0x8000c790 (0x01289c13) x24 0xf7a80000
core   0: 0x8000c794 (0x40ea4913) xori    s2, s4, 1038
core   0: 3 0x8000c794 (0x40ea4913) x18 0xff327744
core   0: 0x8000c798 (0x056c4463) blt     s8, s6, pc + 72
core   0: 3 0x8000c798 (0x056c4463)
core   0: 0x8000c79c (0x5f4dca37) lui     s4, 0x5f4dc
core   0: 3 0x8000c79c (0x5f4dca37) x20 0x5f4dc000
core   0: 0x8000c7a0 (0x00a95e63) bge     s2, a0, pc + 28
core   0: 3 0x8000c7a0 (0x00a95e63)
core   0: 0x8000c7a4 (0x004cd863) bge     s9, tp, pc + 16
core   0: 3 0x8000c7a4 (0x004cd863)
core   0: 0x8000c7b4 (0x00025e33) srl     t3, tp, zero
core   0: 3 0x8000c7b4 (0x00025e33) x28 0x8002bce4
core   0: 0x8000c7b8 (0x00a90033) add     zero, s2, a0
core   0: 3 0x8000c7b8 (0x00a90033)
core   0: 0x8000c7bc (0x41415c13) srai    s8, sp, 20
core   0: 3 0x8000c7bc (0x41415c13) x24 0x00000019
core   0: 0x8000c7c0 (0x01937463) bgeu    t1, s9, pc + 8
core   0: 3 0x8000c7c0 (0x01937463)
core   0: 0x8000c7c8 (0x0ff0000f) fence   iorw,iorw
core   0: 3 0x8000c7c8 (0x0ff0000f)
core   0: 0x8000c7cc (0x01c54833) xor     a6, a0, t3
core   0: 3 0x8000c7cc (0x01c54833) x16 0x8002b567
core   0: 0x8000c7d0 (0xe09cc293) xori    t0, s9, -503
core   0: 3 0x8000c7d0 (0xe09cc293) x 5 0xfffffe09
core   0: 0x8000c7d4 (0x00eb1f33) sll     t5, s6, a4
core   0: 3 0x8000c7d4 (0x00eb1f33) x30 0x0004fcc8
core   0: 0x8000c7d8 (0x0000100f) fence.i
core   0: 3 0x8000c7d8 (0x0000100f)
core   0: 0x8000c7dc (0x000fe333) or      t1, t6, zero
core   0: 3 0x8000c7dc (0x000fe333) x 6 0x000006fd
core   0: 0x8000c7e0 (0x01015663) bge     sp, a6, pc + 12
core   0: 3 0x8000c7e0 (0x01015663)
core   0: 0x8000c7ec (0x00d4fe33) and     t3, s1, a3
core   0: 3 0x8000c7ec (0x00d4fe33) x28 0x00048084
core   0: 0x8000c7f0 (0x4079d393) srai    t2, s3, 7
core   0: 3 0x8000c7f0 (0x4079d393) x 7 0xfffcc9d9
core   0: 0x8000c7f4 (0x00aa9d33) sll     s10, s5, a0
core   0: 3 0x8000c7f4 (0x00aa9d33) x26 0x00004c18
core   0: 0x8000c7f8 (0x95997f93) andi    t6, s2, -1703
core   0: 3 0x8000c7f8 (0x95997f93) x31 0xff327140
core   0: 0x8000c7fc (0x00e9d333) srl     t1, s3, a4
core   0: 3 0x8000c7fc (0x00e9d333) x 6 0x7f32764e
core   0: 0x8000c800 (0x16cac437) lui     s0, 0x16cac
core   0: 3 0x8000c800 (0x16cac437) x 8 0x16cac000
core   0: 0x8000c804 (0x00bd5633) srl     a2, s10, a1
core   0: 3 0x8000c804 (0x00bd5633) x12 0x000004c1
core   0: 0x8000c808 (0x0ff0000f) fence   iorw,iorw
core   0: 3 0x8000c808 (0x0ff0000f)
core   0: 0x8000c80c (0x64aa3e13) sltiu   t3, s4, 1610
core   0: 3 0x8000c80c (0x64aa3e13) x28 0x00000000
core   0: 0x8000c810 (0x04974393) xori    t2, a4, 73
core   0: 3 0x8000c810 (0x04974393) x 7 0x00000948
core   0: 0x8000c814 (0x00599c13) slli    s8, s3, 5
core   0: 3 0x8000c814 (0x00599c13) x24 0xcc9d9380
core   0: 0x8000c818 (0xc2f7fb93) andi    s7, a5, -977
core   0: 3 0x8000c818 (0xc2f7fb93) x23 0x00000c0f
core   0: 0x8000c81c (0x01c18d33) add     s10, gp, t3
core   0: 3 0x8000c81c (0x01c18d33) x26 0x00000983
core   0: 0x8000c820 (0x01053133) sltu    sp, a0, a6
core   0: 3 0x8000c820 (0x01053133) x 2 0x00000001
core   0: 0x8000c824 (0x01699493) slli    s1, s3, 22
core   0: 3 0x8000c824 (0x01699493) x 9 0x27000000
core   0: 0x8000c828 (0x01782133) slt     sp, a6, s7
core   0: 3 0x8000c828 (0x01782133) x 2 0x00000001
core   0: 0x8000c82c (0x0169ee63) bltu    s3, s6, pc + 28
core   0: 3 0x8000c82c (0x0169ee63)
core   0: 0x8000c830 (0x0000100f) fence.i
core   0: 3 0x8000c830 (0x0000100f)
core   0: 0x8000c834 (0x0000100f) fence.i
core   0: 3 0x8000c834 (0x0000100f)
core   0: 0x8000c838 (0x41755a13) srai    s4, a0, 23
core   0: 3 0x8000c838 (0x41755a13) x20 0x00000000
core   0: 0x8000c83c (0x01104cb3) xor     s9, zero, a7
core   0: 3 0x8000c83c (0x01104cb3) x25 0xfffffdea
core   0: 0x8000c840 (0x0ff0000f) fence   iorw,iorw
core   0: 3 0x8000c840 (0x0ff0000f)
core   0: 0x8000c844 (0x74874f13) xori    t5, a4, 1864
core   0: 3 0x8000c844 (0x74874f13) x30 0x00000e49
core   0: 0x8000c848 (0x00ebda13) srli    s4, s7, 14
core   0: 3 0x8000c848 (0x00ebda13) x20 0x00000000
core   0: 0x8000c84c (0x014d6a33) or      s4, s10, s4
core   0: 3 0x8000c84c (0x014d6a33) x20 0x00000983
core   0: 0x8000c850 (0x0197f1b3) and     gp, a5, s9
core   0: 3 0x8000c850 (0x0197f1b3) x 3 0x00000dca
core   0: 0x8000c854 (0x0ff0000f) fence   iorw,iorw
core   0: 3 0x8000c854 (0x0ff0000f)
core   0: 0x8000c858 (0x41b2ddb3) sra     s11, t0, s11
core   0: 3 0x8000c858 (0x41b2ddb3) x27 0xfffffe09
core   0: 0x8000c85c (0x893fb893) sltiu   a7, t6, -1901
core   0: 3 0x8000c85c (0x893fb893) x17 0x00000001
core   0: 0x8000c860 (0x05532393) slti    t2, t1, 85
core   0: 3 0x8000c860 (0x05532393) x 7 0x00000000
core   0: 0x8000c864 (0x00a94f33) xor     t5, s2, a0
core   0: 3 0x8000c864 (0x00a94f33) x30 0xff327ec7
core   0: 0x8000c868 (0x012a0333) add     t1, s4, s2
core   0: 3 0x8000c868 (0x012a0333) x 6 0xff3280c7
core   0: 0x8000c86c (0x000c56b3) srl     a3, s8, zero
core   0: 3 0x8000c86c (0x000c56b3) x13 0xcc9d9380
core   0: 0x8000c870 (0x019062b3) or      t0, zero, s9
core   0: 3 0x8000c870 (0x019062b3) x 5 0xfffffdea
core   0: 0x8000c874 (0x02dbf263) bgeu    s7, a3, pc + 36
core   0: 3 0x8000c874 (0x02dbf263)
core   0: 0x8000c878 (0x00994463) blt     s2, s1, pc + 8
core   0: 3 0x8000c878 (0x00994463)
core   0: 0x8000c880 (0x4095d493) srai    s1, a1, 9
core   0: 3 0x8000c880 (0x4095d493) x 9 0x00000009
core   0: 0x8000c884 (0x0ff0000f) fence   iorw,iorw
core   0: 3 0x8000c884 (0x0ff0000f)
core   0: 0x8000c888 (0x15024f37) lui     t5, 0x15024
core   0: 3 0x8000c888 (0x15024f37) x30 0x15024000
core   0: 0x8000c88c (0x01eeffb3) and     t6, t4, t5
core   0: 3 0x8000c88c (0x01eeffb3) x31 0x15024000
core   0: 0x8000c890 (0x72140793) addi    a5, s0, 1825
core   0: 3 0x8000c890 (0x72140793) x15 0x16cac721
core   0: 0x8000c894 (0x002058b3) srl     a7, zero, sp
core   0: 3 0x8000c894 (0x002058b3) x17 0x00000000
core   0: 0x8000c898 (0xa6218293) addi    t0, gp, -1438
core   0: 3 0x8000c898 (0xa6218293) x 5 0x0000082c
core   0: 0x8000c89c (0x00000013) nop
core   0: 3 0x8000c89c (0x00000013)
core   0: 0x8000c8a0 (0x009a00b3) add     ra, s4, s1
core   0: 3 0x8000c8a0 (0x009a00b3) x 1 0x0000098c
core   0: 0x8000c8a4 (0x05b0c463) blt     ra, s11, pc + 72
core   0: 3 0x8000c8a4 (0x05b0c463)
core   0: 0x8000c8a8 (0x00286863) bltu    a6, sp, pc + 16
core   0: 3 0x8000c8a8 (0x00286863)
core   0: 0x8000c8ac (0x01daa833) slt     a6, s5, t4
core   0: 3 0x8000c8ac (0x01daa833) x16 0x00000001
core   0: 0x8000c8b0 (0x43b83813) sltiu   a6, a6, 1083
core   0: 3 0x8000c8b0 (0x43b83813) x16 0x00000001
core   0: 0x8000c8b4 (0x8d5e3013) sltiu   zero, t3, -1835
core   0: 3 0x8000c8b4 (0x8d5e3013)
core   0: 0x8000c8b8 (0x00c0fd33) and     s10, ra, a2
core   0: 3 0x8000c8b8 (0x00c0fd33) x26 0x00000080
core   0: 0x8000c8bc (0x000008b3) add     a7, zero, zero
core   0: 3 0x8000c8bc (0x000008b3) x17 0x00000000
core   0: 0x8000c8c0 (0x00d137b3) sltu    a5, sp, a3
core   0: 3 0x8000c8c0 (0x00d137b3) x15 0x00000001
core   0: 0x8000c8c4 (0x002761b3) or      gp, a4, sp
core   0: 3 0x8000c8c4 (0x002761b3) x 3 0x00000901
core   0: 0x8000c8c8 (0x05936663) bltu    t1, s9, pc + 76
core   0: 3 0x8000c8c8 (0x05936663)
core   0: 0x8000c914 (0x869c4813) xori    a6, s8, -1943
core   0: 3 0x8000c914 (0x869c4813) x16 0x33626be9
core   0: 0x8000c918 (0x40acdc33) sra     s8, s9, a0
core   0: 3 0x8000c918 (0x40acdc33) x24 0xffffffbd
core   0: 0x8000c91c (0x412f8bb3) sub     s7, t6, s2
core   0: 3 0x8000c91c (0x412f8bb3) x23 0x15cfc8bc
core   0: 0x8000c920 (0x0028b933) sltu    s2, a7, sp
core   0: 3 0x8000c920 (0x0028b933) x18 0x00000001
core   0: 0x8000c924 (0x001c5333) srl     t1, s8, ra
core   0: 3 0x8000c924 (0x001c5333) x 6 0x000fffff
core   0: 0x8000c928 (0x00000013) nop
core   0: 3 0x8000c928 (0x00000013)
core   0: 0x8000c92c (0x0000100f) fence.i
core   0: 3 0x8000c92c (0x0000100f)
core   0: 0x8000c930 (0x4001d793) srai    a5, gp, 0
core   0: 3 0x8000c930 (0x4001d793) x15 0x00000901
core   0: 0x8000c934 (0x0094d693) srli    a3, s1, 9
core   0: 3 0x8000c934 (0x0094d693) x13 0x00000000
core   0: 0x8000c938 (0x00a671b3) and     gp, a2, a0
core   0: 3 0x8000c938 (0x00a671b3) x 3 0x00000081
core   0: 0x8000c93c (0x4fc1ba13) sltiu   s4, gp, 1276
core   0: 3 0x8000c93c (0x4fc1ba13) x20 0x00000001
core   0: 0x8000c940 (0x0347e663) bltu    a5, s4, pc + 44
core   0: 3 0x8000c940 (0x0347e663)
core   0: 0x8000c944 (0x054f4063) blt     t5, s4, pc + 64
core   0: 3 0x8000c944 (0x054f4063)
core   0: 0x8000c948 (0xb4117593) andi    a1, sp, -1215
core   0: 3 0x8000c948 (0xb4117593) x11 0x00000001
core   0: 0x8000c94c (0x01396eb3) or      t4, s2, s3
core   0: 3 0x8000c94c (0x01396eb3) x29 0xfe64ec9d
core   0: 0x8000c950 (0x0155d633) srl     a2, a1, s5
core   0: 3 0x8000c950 (0x0155d633) x12 0x00000000
core   0: 0x8000c954 (0x402e5933) sra     s2, t3, sp
core   0: 3 0x8000c954 (0x402e5933) x18 0x00000000
core   0: 0x8000c958 (0x00af81b3) add     gp, t6, a0
core   0: 3 0x8000c958 (0x00af81b3) x 3 0x15024983
core   0: 0x8000c95c (0x010de333) or      t1, s11, a6
core   0: 3 0x8000c95c (0x010de333) x 6 0xffffffe9
core   0: 0x8000c960 (0x00d22133) slt     sp, tp, a3
core   0: 3 0x8000c960 (0x00d22133) x 2 0x00000001
core   0: 0x8000c964 (0x015533b3) sltu    t2, a0, s5
core   0: 3 0x8000c964 (0x015533b3) x 7 0x00000000
core   0: 0x8000c968 (0x4190d493) srai    s1, ra, 25
core   0: 3 0x8000c968 (0x4190d493) x 9 0x00000000
core   0: 0x8000c96c (0x00612db3) slt     s11, sp, t1
core   0: 3 0x8000c96c (0x00612db3) x27 0x00000000
core   0: 0x8000c970 (0x001176b3) and     a3, sp, ra
core   0: 3 0x8000c970 (0x001176b3) x13 0x00000000
core   0: 0x8000c974 (0x05896463) bltu    s2, s8, pc + 72
core   0: 3 0x8000c974 (0x05896463)
core   0: 0x8000c9bc (0x00fda8b3) slt     a7, s11, a5
core   0: 3 0x8000c9bc (0x00fda8b3) x17 0x00000001
core   0: 0x8000c9c0 (0x084d7117) auipc   sp, 0x84d7
core   0: 3 0x8000c9c0 (0x084d7117) x 2 0x884e39c0
core   0: 0x8000c9c4 (0x21792513) slti    a0, s2, 535
core   0: 3 0x8000c9c4 (0x21792513) x10 0x00000001
core   0: 0x8000c9c8 (0x01cd7463) bgeu    s10, t3, pc + 8
core   0: 3 0x8000c9c8 (0x01cd7463)
core   0: 0x8000c9d0 (0xe4306e13) ori     t3, zero, -445
core   0: 3 0x8000c9d0 (0xe4306e13) x28 0xfffffe43
core   0: 0x8000c9d4 (0xaa5d6693) ori     a3, s10, -1371
core   0: 3 0x8000c9d4 (0xaa5d6693) x13 0xfffffaa5
core   0: 0x8000c9d8 (0x01824133) xor     sp, tp, s8
core   0: 3 0x8000c9d8 (0x01824133) x 2 0x7ffd4359
core   0: 0x8000c9dc (0x04268463) beq     a3, sp, pc + 72
core   0: 3 0x8000c9dc (0x04268463)
core   0: 0x8000c9e0 (0x03c3e063) bltu    t2, t3, pc + 32
core   0: 3 0x8000c9e0 (0x03c3e063)
core   0: 0x8000ca00 (0x40055313) srai    t1, a0, 0
core   0: 3 0x8000ca00 (0x40055313) x 6 0x00000001
core   0: 0x8000ca04 (0x009722b3) slt     t0, a4, s1
core   0: 3 0x8000ca04 (0x009722b3) x 5 0x00000000
core   0: 0x8000ca08 (0xff28b893) sltiu   a7, a7, -14
core   0: 3 0x8000ca08 (0xff28b893) x17 0x00000001
core   0: 0x8000ca0c (0x417a81b3) sub     gp, s5, s7
core   0: 3 0x8000ca0c (0x417a81b3) x 3 0xea3040c7
core   0: 0x8000ca10 (0x0050d463) bge     ra, t0, pc + 8
core   0: 3 0x8000ca10 (0x0050d463)
core   0: 0x8000ca18 (0x0000100f) fence.i
core   0: 3 0x8000ca18 (0x0000100f)
core   0: 0x8000ca1c (0x52f8c593) xori    a1, a7, 1327
core   0: 3 0x8000ca1c (0x52f8c593) x11 0x0000052e
core   0: 0x8000ca20 (0x03ddc263) blt     s11, t4, pc + 36
core   0: 3 0x8000ca20 (0x03ddc263)
core   0: 0x8000ca24 (0x011cee33) or      t3, s9, a7
core   0: 3 0x8000ca24 (0x011cee33) x28 0xfffffdeb
core   0: 0x8000ca28 (0x01a4b633) sltu    a2, s1, s10
core   0: 3 0x8000ca28 (0x01a4b633) x12 0x00000001
core   0: 0x8000ca2c (0x015d5933) srl     s2, s10, s5
core   0: 3 0x8000ca2c (0x015d5933) x18 0x00000010
core   0: 0x8000ca30 (0x0085d663) bge     a1, s0, pc + 12
core   0: 3 0x8000ca30 (0x0085d663)
core   0: 0x8000ca34 (0x40db5813) srai    a6, s6, 13
core   0: 3 0x8000ca34 (0x40db5813) x16 0xfffc0013
core   0: 0x8000ca38 (0x0d4ff063) bgeu    t6, s4, pc + 192
core   0: 3 0x8000ca38 (0x0d4ff063)
core   0: 0x8000caf8 (0x010f1463) bne     t5, a6, pc + 8
core   0: 3 0x8000caf8 (0x010f1463)
core   0: 0x8000cb00 (0x408a57b3) sra     a5, s4, s0
core   0: 3 0x8000cb00 (0x408a57b3) x15 0x00000001
core   0: 0x8000cb04 (0x01ead033) srl     zero, s5, t5
core   0: 3 0x8000cb04 (0x01ead033)
core   0: 0x8000cb08 (0x112a8a63) beq     s5, s2, pc + 276
core   0: 3 0x8000cb08 (0x112a8a63)
core   0: 0x8000cb0c (0x8a71f513) andi    a0, gp, -1881
core   0: 3 0x8000cb0c (0x8a71f513) x10 0xea304087
core   0: 0x8000cb10 (0x40945d33) sra     s10, s0, s1
core   0: 3 0x8000cb10 (0x40945d33) x26 0x16cac000
core   0: 0x8000cb14 (0x0145d313) srli    t1, a1, 20
core   0: 3 0x8000cb14 (0x0145d313) x 6 0x00000000
core   0: 0x8000cb18 (0x100e5463) bgez    t3, pc + 264
core   0: 3 0x8000cb18 (0x100e5463)
core   0: 0x8000cb1c (0x00fbec33) or      s8, s7, a5
core   0: 3 0x8000cb1c (0x00fbec33) x24 0x15cfc8bd
core   0: 0x8000cb20 (0x0000e617) auipc   a2, 0xe
core   0: 3 0x8000cb20 (0x0000e617) x12 0x8001ab20
core   0: 0x8000cb24 (0x82660613) addi    a2, a2, -2010
core   0: 3 0x8000cb24 (0x82660613) x12 0x8001a346
core   0: 0x8000cb28 (0x00009d17) auipc   s10, 0x9
core   0: 3 0x8000cb28 (0x00009d17) x26 0x80015b28
core   0: 0x8000cb2c (0x3fcd0d13) addi    s10, s10, 1020
core   0: 3 0x8000cb2c (0x3fcd0d13) x26 0x80015f24
core   0: 0x8000cb30 (0x0000c797) auipc   a5, 0xc
core   0: 3 0x8000cb30 (0x0000c797) x15 0x80018b30
core   0: 0x8000cb34 (0x70578793) addi    a5, a5, 1797
core   0: 3 0x8000cb34 (0x70578793) x15 0x80019235
core   0: 0x8000cb38 (0x0000ae17) auipc   t3, 0xa
core   0: 3 0x8000cb38 (0x0000ae17) x28 0x80016b38
core   0: 0x8000cb3c (0xa94e0e13) addi    t3, t3, -1388
core   0: 3 0x8000cb3c (0xa94e0e13) x28 0x800165cc
core   0: 0x8000cb40 (0x00678883) lb      a7, 6(a5)
core   0: 3 0x8000cb40 (0x00678883) x17 0xfffffff0 mem 0x8001923b
core   0: 0x8000cb44 (0x7f9d4d83) lbu     s11, 2041(s10)
core   0: 3 0x8000cb44 (0x7f9d4d83) x27 0x000000d6 mem 0x8001671d
core   0: 0x8000cb48 (0x00d60803) lb      a6, 13(a2)
core   0: 3 0x8000cb48 (0x00d60803) x16 0x00000008 mem 0x8001a353
core   0: 0x8000cb4c (0x00013597) auipc   a1, 0x13
core   0: 3 0x8000cb4c (0x00013597) x11 0x8001fb4c
core   0: 0x8000cb50 (0x31958593) addi    a1, a1, 793
core   0: 3 0x8000cb50 (0x31958593) x11 0x8001fe65
core   0: 0x8000cb54 (0xffde0483) lb      s1, -3(t3)
core   0: 3 0x8000cb54 (0xffde0483) x 9 0xffffff82 mem 0x800165c9
core   0: 0x8000cb58 (0xfe4783a3) sb      tp, -25(a5)
core   0: 3 0x8000cb58 (0xfe4783a3) mem 0x8001921c 0xe4
core   0: 0x8000cb5c (0xffe58703) lb      a4, -2(a1)
core   0: 3 0x8000cb5c (0xffe58703) x14 0x00000018 mem 0x8001fe63
core   0: 0x8000cb60 (0x00065183) lhu     gp, 0(a2)
core   0: 3 0x8000cb60 (0x00065183) x 3 0x0000fcfd mem 0x8001a346
core   0: 0x8000cb64 (0xff0e0883) lb      a7, -16(t3)
core   0: 3 0x8000cb64 (0xff0e0883) x17 0x00000077 mem 0x800165bc
core   0: 0x8000cb68 (0x853d4683) lbu     a3, -1965(s10)
core   0: 3 0x8000cb68 (0x853d4683) x13 0x0000002c mem 0x80015777
core   0: 0x8000cb6c (0x00d60883) lb      a7, 13(a2)
core   0: 3 0x8000cb6c (0x00d60883) x17 0x00000008 mem 0x8001a353
core   0: 0x8000cb70 (0xffce0923) sb      t3, -14(t3)
core   0: 3 0x8000cb70 (0xffce0923) mem 0x800165be 0xcc
core   0: 0x8000cb74 (0xfe960ea3) sb      s1, -3(a2)
core   0: 3 0x8000cb74 (0xfe960ea3) mem 0x8001a343 0x82
core   0: 0x8000cb78 (0xff55c483) lbu     s1, -11(a1)
core   0: 3 0x8000cb78 (0xff55c483) x 9 0x00000011 mem 0x8001fe5a
core   0: 0x8000cb7c (0xff960103) lb      sp, -7(a2)
core   0: 3 0x8000cb7c (0xff960103) x 2 0xfffffff4 mem 0x8001a33f
core   0: 0x8000cb80 (0xfefe0ca3) sb      a5, -7(t3)
core   0: 3 0x8000cb80 (0xfefe0ca3) mem 0x800165c5 0x35
core   0: 0x8000cb84 (0xc77d4103) lbu     sp, -905(s10)
core   0: 3 0x8000cb84 (0xc77d4103) x 2 0x00000050 mem 0x80015b9b
core   0: 0x8000cb88 (0x00360883) lb      a7, 3(a2)
core   0: 3 0x8000cb88 (0x00360883) x17 0x00000002 mem 0x8001a349
core   0: 0x8000cb8c (0xd93d4b83) lbu     s7, -621(s10)
core   0: 3 0x8000cb8c (0xd93d4b83) x23 0x0000006c mem 0x80015cb7
core   0: 0x8000cb90 (0xfd678883) lb      a7, -42(a5)
core   0: 3 0x8000cb90 (0xfd678883) x17 0xffffffc0 mem 0x8001920b
core   0: 0x8000cb94 (0x48dd0423) sb      a3, 1160(s10)
core   0: 3 0x8000cb94 (0x48dd0423) mem 0x800163ac 0x2c
core   0: 0x8000cb98 (0xfff59c03) lh      s8, -1(a1)
core   0: 3 0x8000cb98 (0xfff59c03) x24 0x00001e1f mem 0x8001fe64
core   0: 0x8000cb9c (0x1c0d2f03) lw      t5, 448(s10)
core   0: 3 0x8000cb9c (0x1c0d2f03) x30 0x9c9d9e9f mem 0x800160e4
core   0: 0x8000cba0 (0xfdd78e23) sb      t4, -36(a5)
core   0: 3 0x8000cba0 (0xfdd78e23) mem 0x80019211 0x9d
core   0: 0x8000cba4 (0x00558c83) lb      s9, 5(a1)
core   0: 3 0x8000cba4 (0x00558c83) x25 0x00000021 mem 0x8001fe6a
core   0: 0x8000cba8 (0x56fd0a03) lb      s4, 1391(s10)
core   0: 3 0x8000cba8 (0x56fd0a03) x20 0x00000048 mem 0x80016493
core   0: 0x8000cbac (0x00960903) lb      s2, 9(a2)
core   0: 3 0x8000cbac (0x00960903) x18 0x00000004 mem 0x8001a34f
core   0: 0x8000cbb0 (0x02a78403) lb      s0, 42(a5)
core   0: 3 0x8000cbb0 (0x02a78403) x 8 0x00000014 mem 0x8001925f
core   0: 0x8000cbb4 (0xff058283) lb      t0, -16(a1)
core   0: 3 0x8000cbb4 (0xff058283) x 5 0x0000000e mem 0x8001fe55
core   0: 0x8000cbb8 (0x004e4283) lbu     t0, 4(t3)
core   0: 3 0x8000cbb8 (0x004e4283) x 5 0x0000008b mem 0x800165d0
core   0: 0x8000cbbc (0x00159e83) lh      t4, 1(a1)
core   0: 3 0x8000cbbc (0x00159e83) x29 0x00001c1d mem 0x8001fe66
core   0: 0x8000cbc0 (0xff458923) sb      s4, -14(a1)
core   0: 3 0x8000cbc0 (0xff458923) mem 0x8001fe57 0x48
core   0: 0x8000cbc4 (0x27bd0d83) lb      s11, 635(s10)
core   0: 3 0x8000cbc4 (0x27bd0d83) x27 0x00000054 mem 0x8001619f
core   0: 0x8000cbc8 (0xfd478223) sb      s4, -60(a5)
core   0: 3 0x8000cbc8 (0xfd478223) mem 0x800191f9 0x48
core   0: 0x8000cbcc (0x0035af03) lw      t5, 3(a1)
core   0: 3 0x8000cbcc (0x0035af03) x30 0x20212223 mem 0x8001fe68
core   0: 0x8000cbd0 (0xfcc799a3) sh      a2, -45(a5)
core   0: 3 0x8000cbd0 (0xfcc799a3) mem 0x80019208 0xa346
core   0: 0x8000cbd4 (0xffc5c683) lbu     a3, -4(a1)
core   0: 3 0x8000cbd4 (0xffc5c683) x13 0x0000001a mem 0x8001fe61
core   0: 0x8000cbd8 (0x00d60903) lb      s2, 13(a2)
core   0: 3 0x8000cbd8 (0x00d60903) x18 0x00000008 mem 0x8001a353
core   0: 0x8000cbdc (0x00de4b83) lbu     s7, 13(t3)
core   0: 3 0x8000cbdc (0x00de4b83) x23 0x00000092 mem 0x800165d9
core   0: 0x8000cbe0 (0x1d0d1a23) sh      a6, 468(s10)
core   0: 3 0x8000cbe0 (0x1d0d1a23) mem 0x800160f8 0x0008
core   0: 0x8000cbe4 (0xdd2d1883) lh      a7, -558(s10)
core   0: 3 0x8000cbe4 (0xdd2d1883) x17 0xffffacad mem 0x80015cf6
core   0: 0x8000cbe8 (0xff3e1b23) sh      s3, -10(t3)
core   0: 3 0x8000cbe8 (0xff3e1b23) mem 0x800165c2 0xec9c
core   0: 0x8000cbec (0x00360003) lb      zero, 3(a2)
core   0: 3 0x8000cbec (0x00360003) mem 0x8001a349
core   0: 0x8000cbf0 (0x0095d383) lhu     t2, 9(a1)
core   0: 3 0x8000cbf0 (0x0095d383) x 7 0x00002425 mem 0x8001fe6e
core   0: 0x8000cbf4 (0x000a1e13) slli    t3, s4, 0
core   0: 3 0x8000cbf4 (0x000a1e13) x28 0x00000048
core   0: 0x8000cbf8 (0x01fe7f33) and     t5, t3, t6
core   0: 3 0x8000cbf8 (0x01fe7f33) x30 0x00000000
core   0: 0x8000cbfc (0x007a9e63) bne     s5, t2, pc + 28
core   0: 3 0x8000cbfc (0x007a9e63)
core   0: 0x8000cc18 (0x0016e833) or      a6, a3, ra
core   0: 3 0x8000cc18 (0x0016e833) x16 0x0000099e
core   0: 0x8000cc1c (0x01fb9463) bne     s7, t6, pc + 8
core   0: 3 0x8000cc1c (0x01fb9463)
core   0: 0x8000cc24 (0x86df3593) sltiu   a1, t5, -1939
core   0: 3 0x8000cc24 (0x86df3593) x11 0x00000001
core   0: 0x8000cc28 (0x00418a33) add     s4, gp, tp
core   0: 3 0x8000cc28 (0x00418a33) x20 0x8003b9e1
core   0: 0x8000cc2c (0x013e77b3) and     a5, t3, s3
core   0: 3 0x8000cc2c (0x013e77b3) x15 0x00000008
core   0: 0x8000cc30 (0xc5286a13) ori     s4, a6, -942
core   0: 3 0x8000cc30 (0xc5286a13) x20 0xfffffdde
core   0: 0x8000cc34 (0x0073c633) xor     a2, t2, t2
core   0: 3 0x8000cc34 (0x0073c633) x12 0x00000000
core   0: 0x8000cc38 (0x40255d93) srai    s11, a0, 2
core   0: 3 0x8000cc38 (0x40255d93) x27 0xfa8c1021
core   0: 0x8000cc3c (0x03a5f063) bgeu    a1, s10, pc + 32
core   0: 3 0x8000cc3c (0x03a5f063)
core   0: 0x8000cc40 (0x00f35c93) srli    s9, t1, 15
core   0: 3 0x8000cc40 (0x00f35c93) x25 0x00000000
core   0: 0x8000cc44 (0x0ff0000f) fence   iorw,iorw
core   0: 3 0x8000cc44 (0x0ff0000f)
core   0: 0x8000cc48 (0x0ff0000f) fence   iorw,iorw
core   0: 3 0x8000cc48 (0x0ff0000f)
core   0: 0x8000cc4c (0x012cff33) and     t5, s9, s2
core   0: 3 0x8000cc4c (0x012cff33) x30 0x00000000
core   0: 0x8000cc50 (0x05f1e263) bltu    gp, t6, pc + 68
core   0: 3 0x8000cc50 (0x05f1e263)
core   0: 0x8000cc94 (0x01b85fb3) srl     t6, a6, s11
core   0: 3 0x8000cc94 (0x01b85fb3) x31 0x000004cf
core   0: 0x8000cc98 (0x0ff0000f) fence   iorw,iorw
core   0: 3 0x8000cc98 (0x0ff0000f)
core   0: 0x8000cc9c (0x00592733) slt     a4, s2, t0
core   0: 3 0x8000cc9c (0x00592733) x14 0x00000001
core   0: 0x8000cca0 (0x0025d613) srli    a2, a1, 2
core   0: 3 0x8000cca0 (0x0025d613) x12 0x00000000
core   0: 0x8000cca4 (0xe4a88c93) addi    s9, a7, -438
core   0: 3 0x8000cca4 (0xe4a88c93) x25 0xffffaaf7
core   0: 0x8000cca8 (0x59823a13) sltiu   s4, tp, 1432
core   0: 3 0x8000cca8 (0x59823a13) x20 0x00000000
core   0: 0x8000ccac (0xa1f8ee13) ori     t3, a7, -1505
core   0: 3 0x8000ccac (0xa1f8ee13) x28 0xfffffebf
core   0: 0x8000ccb0 (0x006a7533) and     a0, s4, t1
core   0: 3 0x8000ccb0 (0x006a7533) x10 0x00000000
core   0: 0x8000ccb4 (0x00005693) srli    a3, zero, 0
core   0: 3 0x8000ccb4 (0x00005693) x13 0x00000000
core   0: 0x8000ccb8 (0x00ab66b3) or      a3, s6, a0
core   0: 3 0x8000ccb8 (0x00ab66b3) x13 0x80027e64
core   0: 0x8000ccbc (0x00e8ee63) bltu    a7, a4, pc + 28
core   0: 3 0x8000ccbc (0x00e8ee63)
core   0: 0x8000ccc0 (0x00645413) srli    s0, s0, 6
core   0: 3 0x8000ccc0 (0x00645413) x 8 0x00000000
core   0: 0x8000ccc4 (0x9f232913) slti    s2, t1, -1550
core   0: 3 0x8000ccc4 (0x9f232913) x18 0x00000000
core   0: 0x8000ccc8 (0x41618e33) sub     t3, gp, s6
core   0: 3 0x8000ccc8 (0x41618e33) x28 0x7ffe7e99
core   0: 0x8000cccc (0x010513b3) sll     t2, a0, a6
core   0: 3 0x8000cccc (0x010513b3) x 7 0x00000000
core   0: 0x8000ccd0 (0x04898463) beq     s3, s0, pc + 72
core   0: 3 0x8000ccd0 (0x04898463)
core   0: 0x8000ccd4 (0x039b9a17) auipc   s4, 0x39b9
core   0: 3 0x8000ccd4 (0x039b9a17) x20 0x839c5cd4
core   0: 0x8000ccd8 (0xae2d3293) sltiu   t0, s10, -1310
core   0: 3 0x8000ccd8 (0xae2d3293) x 5 0x00000001
core   0: 0x8000ccdc (0x00dd0d33) add     s10, s10, a3
core   0: 3 0x8000ccdc (0x00dd0d33) x26 0x0003dd88
core   0: 0x8000cce0 (0x00acea33) or      s4, s9, a0
core   0: 3 0x8000cce0 (0x00acea33) x20 0xffffaaf7
core   0: 0x8000cce4 (0x00000013) nop
core   0: 3 0x8000cce4 (0x00000013)
core   0: 0x8000cce8 (0x00d99fb3) sll     t6, s3, a3
core   0: 3 0x8000cce8 (0x00d99fb3) x31 0xe64ec9c0
core   0: 0x8000ccec (0x004c01b3) add     gp, s8, tp
core   0: 3 0x8000ccec (0x004c01b3) x 3 0x8002db03
core   0: 0x8000ccf0 (0x3eb0a713) slti    a4, ra, 1003
core   0: 3 0x8000ccf0 (0x3eb0a713) x14 0x00000000
core   0: 0x8000ccf4 (0x01931c13) slli    s8, t1, 25
core   0: 3 0x8000ccf4 (0x01931c13) x24 0x00000000
core   0: 0x8000ccf8 (0x0000100f) fence.i
core   0: 3 0x8000ccf8 (0x0000100f)
core   0: 0x8000ccfc (0x05920663) beq     tp, s9, pc + 76
core   0: 3 0x8000ccfc (0x05920663)
core   0: 0x8000cd00 (0x0ff0000f) fence   iorw,iorw
core   0: 3 0x8000cd00 (0x0ff0000f)
core   0: 0x8000cd04 (0x7d54c493) xori    s1, s1, 2005
core   0: 3 0x8000cd04 (0x7d54c493) x 9 0x000007c4
core   0: 0x8000cd08 (0x4e8d3313) sltiu   t1, s10, 1256
core   0: 3 0x8000cd08 (0x4e8d3313) x 6 0x00000000
core   0: 0x8000cd0c (0x00ecddb3) srl     s11, s9, a4
core   0: 3 0x8000cd0c (0x00ecddb3) x27 0xffffaaf7
core   0: 0x8000cd10 (0x03836a63) bltu    t1, s8, pc + 52
core   0: 3 0x8000cd10 (0x03836a63)
core   0: 0x8000cd14 (0x013c6663) bltu    s8, s3, pc + 12
core   0: 3 0x8000cd14 (0x013c6663)
core   0: 0x8000cd20 (0x00fea3b3) slt     t2, t4, a5
core   0: 3 0x8000cd20 (0x00fea3b3) x 7 0x00000000
core   0: 0x8000cd24 (0x02cb7263) bgeu    s6, a2, pc + 36
core   0: 3 0x8000cd24 (0x02cb7263)
core   0: 0x8000cd48 (0x01765e63) bge     a2, s7, pc + 28
core   0: 3 0x8000cd48 (0x01765e63)
core   0: 0x8000cd4c (0x00431e63) bne     t1, tp, pc + 28
core   0: 3 0x8000cd4c (0x00431e63)
core   0: 0x8000cd68 (0x01c537b3) sltu    a5, a0, t3
core   0: 3 0x8000cd68 (0x01c537b3) x15 0x00000001
core   0: 0x8000cd6c (0x013f62b3) or      t0, t5, s3
core   0: 3 0x8000cd6c (0x013f62b3) x 5 0xfe64ec9c
core   0: 0x8000cd70 (0x02fbe663) bltu    s7, a5, pc + 44
core   0: 3 0x8000cd70 (0x02fbe663)
core   0: 0x8000cd74 (0x0138eab3) or      s5, a7, s3
core   0: 3 0x8000cd74 (0x0138eab3) x21 0xffffecbd
core   0: 0x8000cd78 (0x018b9a63) bne     s7, s8, pc + 20
core   0: 3 0x8000cd78 (0x018b9a63)
core   0: 0x8000cd8c (0x012e02b3) add     t0, t3, s2
core   0: 3 0x8000cd8c (0x012e02b3) x 5 0x7ffe7e99
core   0: 0x8000cd90 (0xfd44a297) auipc   t0, 0xfd44a
core   0: 3 0x8000cd90 (0xfd44a297) x 5 0x7d456d90
core   0: 0x8000cd94 (0x04bc6863) bltu    s8, a1, pc + 80
core   0: 3 0x8000cd94 (0x04bc6863)
core   0: 0x8000cde4 (0x5cd9ff13) andi    t5, s3, 1485
core   0: 3 0x8000cde4 (0x5cd9ff13) x30 0x0000048c
core   0: 0x8000cde8 (0x15bc6b97) auipc   s7, 0x15bc6
core   0: 3 0x8000cde8 (0x15bc6b97) x23 0x95bd2de8
core   0: 0x8000cdec (0x01b19eb3) sll     t4, gp, s11
core   0: 3 0x8000cdec (0x01b19eb3) x29 0x81800000
core   0: 0x8000cdf0 (0x00e45793) srli    a5, s0, 14
core   0: 3 0x8000cdf0 (0x00e45793) x15 0x00000000
core   0: 0x8000cdf4 (0x002091b3) sll     gp, ra, sp
core   0: 3 0x8000cdf4 (0x002091b3) x 3 0x098c0000
core   0: 0x8000cdf8 (0xefb34613) xori    a2, t1, -261
core   0: 3 0x8000cdf8 (0xefb34613) x12 0xfffffefb
core   0: 0x8000cdfc (0x57ebca13) xori    s4, s7, 1406
core   0: 3 0x8000cdfc (0x57ebca13) x20 0x95bd2896
core   0: 0x8000ce00 (0x032bc263) blt     s7, s2, pc + 36
core   0: 3 0x8000ce00 (0x032bc263)
core   0: 0x8000ce24 (0x09d0ca63) blt     ra, t4, pc + 148
core   0: 3 0x8000ce24 (0x09d0ca63)
core   0: 0x8000ce28 (0x01825033) srl     zero, tp, s8
core   0: 3 0x8000ce28 (0x01825033)
core   0: 0x8000ce2c (0x01d197b3) sll     a5, gp, t4
core   0: 3 0x8000ce2c (0x01d197b3) x15 0x098c0000
core   0: 0x8000ce30 (0x0ff0000f) fence   iorw,iorw
core   0: 3 0x8000ce30 (0x0ff0000f)
core   0: 0x8000ce34 (0x00fa9933) sll     s2, s5, a5
core   0: 3 0x8000ce34 (0x00fa9933) x18 0xffffecbd
core   0: 0x8000ce38 (0x00ff0e13) addi    t3, t5, 15
core   0: 3 0x8000ce38 (0x00ff0e13) x28 0x0000049b
core   0: 0x8000ce3c (0x000aa0b3) slt     ra, s5, zero
core   0: 3 0x8000ce3c (0x000aa0b3) x 1 0x00000001
core   0: 0x8000ce40 (0x066a5663) bge     s4, t1, pc + 108
core   0: 3 0x8000ce40 (0x066a5663)
core   0: 0x8000ce44 (0x4012da13) srai    s4, t0, 1
core   0: 3 0x8000ce44 (0x4012da13) x20 0x3ea2b6c8
core   0: 0x8000ce48 (0x00a76133) or      sp, a4, a0
core   0: 3 0x8000ce48 (0x00a76133) x 2 0x00000000
core   0: 0x8000ce4c (0x01a71e13) slli    t3, a4, 26
core   0: 3 0x8000ce4c (0x01a71e13) x28 0x00000000
core   0: 0x8000ce50 (0x00005917) auipc   s2, 0x5
core   0: 3 0x8000ce50 (0x00005917) x18 0x80011e50
core   0: 0x8000ce54 (0x6df90913) addi    s2, s2, 1759
core   0: 3 0x8000ce54 (0x6df90913) x18 0x8001252f
core   0: 0x8000ce58 (0x03a90a83) lb      s5, 58(s2)
core   0: 3 0x8000ce58 (0x03a90a83) x21 0x00000022 mem 0x80012569
core   0: 0x8000ce5c (0x00013297) auipc   t0, 0x13
core   0: 3 0x8000ce5c (0x00013297) x 5 0x8001fe5c
core   0: 0x8000ce60 (0x29128293) addi    t0, t0, 657
core   0: 3 0x8000ce60 (0x29128293) x 5 0x800200ed
core   0: 0x8000ce64 (0x02795403) lhu     s0, 39(s2)
core   0: 3 0x8000ce64 (0x02795403) x 8 0x00000c0d mem 0x80012556
core   0: 0x8000ce68 (0xffc924a3) sw      t3, -23(s2)
core   0: 3 0x8000ce68 (0xffc924a3) mem 0x80012518 0x00000000
core   0: 0x8000ce6c (0x0dd290a3) sh      t4, 193(t0)
core   0: 3 0x8000ce6c (0x0dd290a3) mem 0x800201ae 0x0000
core   0: 0x8000ce70 (0x000900a3) sb      zero, 1(s2)
core   0: 3 0x8000ce70 (0x000900a3) mem 0x80012530 0x0
core   0: 0x8000ce74 (0x03890b83) lb      s7, 56(s2)
core   0: 3 0x8000ce74 (0x03890b83) x23 0x0000001c mem 0x80012567
core   0: 0x8000ce78 (0x05e28323) sb      t5, 70(t0)
core   0: 3 0x8000ce78 (0x05e28323) mem 0x80020133 0x8c
core   0: 0x8000ce7c (0x00a28ea3) sb      a0, 29(t0)
core   0: 3 0x8000ce7c (0x00a28ea3) mem 0x8002010a 0x0
core   0: 0x8000ce80 (0x00a295a3) sh      a0, 11(t0)
core   0: 3 0x8000ce80 (0x00a295a3) mem 0x800200f8 0x0000
core   0: 0x8000ce84 (0x03390023) sb      s3, 32(s2)
core   0: 3 0x8000ce84 (0x03390023) mem 0x8001254f 0x9c
core   0: 0x8000ce88 (0xf582cc03) lbu     s8, -168(t0)
core   0: 3 0x8000ce88 (0xf582cc03) x24 0x000000fe mem 0x80020045
core   0: 0x8000ce8c (0x03b94c03) lbu     s8, 59(s2)
core   0: 3 0x8000ce8c (0x03b94c03) x24 0x00000021 mem 0x8001256a
core   0: 0x8000ce90 (0xfee94703) lbu     a4, -18(s2)
core   0: 3 0x8000ce90 (0xfee94703) x14 0x000000d6 mem 0x8001251d
core   0: 0x8000ce94 (0x0db29ba3) sh      s11, 215(t0)
core   0: 3 0x8000ce94 (0x0db29ba3) mem 0x800201c4 0xaaf7
core   0: 0x8000ce98 (0x009117b3) sll     a5, sp, s1
core   0: 3 0x8000ce98 (0x009117b3) x15 0x00000000
core   0: 0x8000ce9c (0x01531933) sll     s2, t1, s5
core   0: 3 0x8000ce9c (0x01531933) x18 0x00000000
core   0: 0x8000cea0 (0x015944b3) xor     s1, s2, s5
core   0: 3 0x8000cea0 (0x015944b3) x 9 0x00000022
core   0: 0x8000cea4 (0x00116bb3) or      s7, sp, ra
core   0: 3 0x8000cea4 (0x00116bb3) x23 0x00000001
core   0: 0x8000cea8 (0x00000013) nop
core   0: 3 0x8000cea8 (0x00000013)
core   0: 0x8000ceac (0x04e40263) beq     s0, a4, pc + 68
core   0: 3 0x8000ceac (0x04e40263)
core   0: 0x8000ceb0 (0x01b86463) bltu    a6, s11, pc + 8
core   0: 3 0x8000ceb0 (0x01b86463)
core   0: 0x8000ceb8 (0x40e18eb3) sub     t4, gp, a4
core   0: 3 0x8000ceb8 (0x40e18eb3) x29 0x098bff2a
core   0: 0x8000cebc (0x0f42b017) auipc   zero, 0xf42b
core   0: 3 0x8000cebc (0x0f42b017)
core   0: 0x8000cec0 (0x0288c063) blt     a7, s0, pc + 32
core   0: 3 0x8000cec0 (0x0288c063)
core   0: 0x8000cee0 (0x0ff0000f) fence   iorw,iorw
core   0: 3 0x8000cee0 (0x0ff0000f)
core   0: 0x8000cee4 (0x00bf9333) sll     t1, t6, a1
core   0: 3 0x8000cee4 (0x00bf9333) x 6 0xcc9d9380
core   0: 0x8000cee8 (0x003b1bb3) sll     s7, s6, gp
core   0: 3 0x8000cee8 (0x003b1bb3) x23 0x80027e64
core   0: 0x8000ceec (0x01f32cb3) slt     s9, t1, t6
core   0: 3 0x8000ceec (0x01f32cb3) x25 0x00000001
core   0: 0x8000cef0 (0x00000013) nop
core   0: 3 0x8000cef0 (0x00000013)
core   0: 0x8000cef4 (0x00c8ee33) or      t3, a7, a2
core   0: 3 0x8000cef4 (0x00c8ee33) x28 0xfffffeff
core   0: 0x8000cef8 (0x01e05663) bge     zero, t5, pc + 12
core   0: 3 0x8000cef8 (0x01e05663)
core   0: 0x8000cefc (0x0b2d9263) bne     s11, s2, pc + 164
core   0: 3 0x8000cefc (0x0b2d9263)
core   0: 0x8000cfa0 (0x007430b3) sltu    ra, s0, t2
core   0: 3 0x8000cfa0 (0x007430b3) x 1 0x00000000
core   0: 0x8000cfa4 (0x0108e3b3) or      t2, a7, a6
core   0: 3 0x8000cfa4 (0x0108e3b3) x 7 0xffffadbf
core   0: 0x8000cfa8 (0x00d41633) sll     a2, s0, a3
core   0: 3 0x8000cfa8 (0x00d41633) x12 0x0000c0d0
core   0: 0x8000cfac (0x00000013) nop
core   0: 3 0x8000cfac (0x00000013)
core   0: 0x8000cfb0 (0x014e2db3) slt     s11, t3, s4
core   0: 3 0x8000cfb0 (0x014e2db3) x27 0x00000001
core   0: 0x8000cfb4 (0x4098d633) sra     a2, a7, s1
core   0: 3 0x8000cfb4 (0x4098d633) x12 0xffffeb2b
core   0: 0x8000cfb8 (0x41d70c33) sub     s8, a4, t4
core   0: 3 0x8000cfb8 (0x41d70c33) x24 0xf67401ac
core   0: 0x8000cfbc (0x4155dc13) srai    s8, a1, 21
core   0: 3 0x8000cfbc (0x4155dc13) x24 0x00000000
core   0: 0x8000cfc0 (0x21e54f13) xori    t5, a0, 542
core   0: 3 0x8000cfc0 (0x21e54f13) x30 0x0000021e
core   0: 0x8000cfc4 (0x001b3db3) sltu    s11, s6, ra
core   0: 3 0x8000cfc4 (0x001b3db3) x27 0x00000000
core   0: 0x8000cfc8 (0x008a8333) add     t1, s5, s0
core   0: 3 0x8000cfc8 (0x008a8333) x 6 0x00000c2f
core   0: 0x8000cfcc (0x001a1f13) slli    t5, s4, 1
core   0: 3 0x8000cfcc (0x001a1f13) x30 0x7d456d90
core   0: 0x8000cfd0 (0x412c0333) sub     t1, s8, s2
core   0: 3 0x8000cfd0 (0x412c0333) x 6 0x00000000
core   0: 0x8000cfd4 (0x00000013) nop
core   0: 3 0x8000cfd4 (0x00000013)
core   0: 0x8000cfd8 (0x0000100f) fence.i
core   0: 3 0x8000cfd8 (0x0000100f)
core   0: 0x8000cfdc (0xa2256f13) ori     t5, a0, -1502
core   0: 3 0x8000cfdc (0xa2256f13) x30 0xfffffa22
core   0: 0x8000cfe0 (0x0000100f) fence.i
core   0: 3 0x8000cfe0 (0x0000100f)
core   0: 0x8000cfe4 (0x62c12a13) slti    s4, sp, 1580
core   0: 3 0x8000cfe4 (0x62c12a13) x20 0x00000001
core   0: 0x8000cfe8 (0xdd59a097) auipc   ra, 0xdd59a
core   0: 3 0x8000cfe8 (0xdd59a097) x 1 0x5d5a6fe8
core   0: 0x8000cfec (0x553fb193) sltiu   gp, t6, 1363
core   0: 3 0x8000cfec (0x553fb193) x 3 0x00000000
core   0: 0x8000cff0 (0x4056d1b3) sra     gp, a3, t0
core   0: 3 0x8000cff0 (0x4056d1b3) x 3 0xfffc0013
core   0: 0x8000cff4 (0x0ff0000f) fence   iorw,iorw
core   0: 3 0x8000cff4 (0x0ff0000f)
core   0: 0x8000cff8 (0x4085d5b3) sra     a1, a1, s0
core   0: 3 0x8000cff8 (0x4085d5b3) x11 0x00000000
core   0: 0x8000cffc (0x01e1fa33) and     s4, gp, t5
core   0: 3 0x8000cffc (0x01e1fa33) x20 0xfffc0002
core   0: 0x8000d000 (0x00ba5a93) srli    s5, s4, 11
core   0: 3 0x8000d000 (0x00ba5a93) x21 0x001fff80
core   0: 0x8000d004 (0x052df463) bgeu    s11, s2, pc + 72
core   0: 3 0x8000d004 (0x052df463)
core   0: 0x8000d04c (0x04de7663) bgeu    t3, a3, pc + 76
core   0: 3 0x8000d04c (0x04de7663)
core   0: 0x8000d098 (0x6225dfb7) lui     t6, 0x6225d
core   0: 3 0x8000d098 (0x6225dfb7) x31 0x6225d000
core   0: 0x8000d09c (0x00a16463) bltu    sp, a0, pc + 8
core   0: 3 0x8000d09c (0x00a16463)
core   0: 0x8000d0a0 (0xd097ac13) slti    s8, a5, -759
core   0: 3 0x8000d0a0 (0xd097ac13) x24 0x00000000
core   0: 0x8000d0a4 (0x4142d913) srai    s2, t0, 20
core   0: 3 0x8000d0a4 (0x4142d913) x18 0xfffff800
core   0: 0x8000d0a8 (0x150fb917) auipc   s2, 0x150fb
core   0: 3 0x8000d0a8 (0x150fb917) x18 0x951080a8
core   0: 0x8000d0ac (0x00416e33) or      t3, sp, tp
core   0: 3 0x8000d0ac (0x00416e33) x28 0x8002bce4
core   0: 0x8000d0b0 (0x407b02b3) sub     t0, s6, t2
core   0: 3 0x8000d0b0 (0x407b02b3) x 5 0x8002d0a5
core   0: 0x8000d0b4 (0x418458b3) sra     a7, s0, s8
core   0: 3 0x8000d0b4 (0x418458b3) x17 0x00000c0d
core   0: 0x8000d0b8 (0x0ff0000f) fence   iorw,iorw
core   0: 3 0x8000d0b8 (0x0ff0000f)
core   0: 0x8000d0bc (0x01fb45b3) xor     a1, s6, t6
core   0: 3 0x8000d0bc (0x01fb45b3) x11 0xe227ae64
core   0: 0x8000d0c0 (0x412d8cb3) sub     s9, s11, s2
core   0: 3 0x8000d0c0 (0x412d8cb3) x25 0x6aef7f58
core   0: 0x8000d0c4 (0x0a0fe713) ori     a4, t6, 160
core   0: 3 0x8000d0c4 (0x0a0fe713) x14 0x6225d0a0
core   0: 0x8000d0c8 (0x01314033) xor     zero, sp, s3
core   0: 3 0x8000d0c8 (0x01314033)
core   0: 0x8000d0cc (0x8142ad13) slti    s10, t0, -2028
core   0: 3 0x8000d0cc (0x8142ad13) x26 0x00000001
core   0: 0x8000d0d0 (0x00acf463) bgeu    s9, a0, pc + 8
core   0: 3 0x8000d0d0 (0x00acf463)
core   0: 0x8000d0d8 (0x02248263) beq     s1, sp, pc + 36
core   0: 3 0x8000d0d8 (0x02248263)
core   0: 0x8000d0dc (0x14db7c13) andi    s8, s6, 333
core   0: 3 0x8000d0dc (0x14db7c13) x24 0x00000044
core   0: 0x8000d0e0 (0x01cf6bb3) or      s7, t5, t3
core   0: 3 0x8000d0e0 (0x01cf6bb3) x23 0xfffffee6
core   0: 0x8000d0e4 (0x008e03b3) add     t2, t3, s0
core   0: 3 0x8000d0e4 (0x008e03b3) x 7 0x8002c8f1
core   0: 0x8000d0e8 (0xcb3c0d93) addi    s11, s8, -845
core   0: 3 0x8000d0e8 (0xcb3c0d93) x27 0xfffffcf7
core   0: 0x8000d0ec (0xab34d117) auipc   sp, 0xab34d
core   0: 3 0x8000d0ec (0xab34d117) x 2 0x2b35a0ec
core   0: 0x8000d0f0 (0x009aceb3) xor     t4, s5, s1
core   0: 3 0x8000d0f0 (0x009aceb3) x29 0x001fffa2
core   0: 0x8000d0f4 (0x4057d4b3) sra     s1, a5, t0
core   0: 3 0x8000d0f4 (0x4057d4b3) x 9 0x00000000
core   0: 0x8000d0f8 (0xee037b93) andi    s7, t1, -288
core   0: 3 0x8000d0f8 (0xee037b93) x23 0x00000000
core   0: 0x8000d0fc (0x0154c463) blt     s1, s5, pc + 8
core   0: 3 0x8000d0fc (0x0154c463)
core   0: 0x8000d104 (0x40a0d7b3) sra     a5, ra, a0
core   0: 3 0x8000d104 (0x40a0d7b3) x15 0x5d5a6fe8
core   0: 0x8000d108 (0x00706fb3) or      t6, zero, t2
core   0: 3 0x8000d108 (0x00706fb3) x31 0x8002c8f1
core   0: 0x8000d10c (0xe74d2293) slti    t0, s10, -396
core   0: 3 0x8000d10c (0xe74d2293) x 5 0x00000000
core   0: 0x8000d110 (0x03e21263) bne     tp, t5, pc + 36
core   0: 3 0x8000d110 (0x03e21263)
core   0: 0x8000d134 (0x04196463) bltu    s2, ra, pc + 72
core   0: 3 0x8000d134 (0x04196463)
core   0: 0x8000d138 (0x00b2df33) srl     t5, t0, a1
core   0: 3 0x8000d138 (0x00b2df33) x30 0x00000000
core   0: 0x8000d13c (0x00000013) nop
core   0: 3 0x8000d13c (0x00000013)
core   0: 0x8000d140 (0x41715293) srai    t0, sp, 23
core   0: 3 0x8000d140 (0x41715293) x 5 0x00000056
core   0: 0x8000d144 (0x0000100f) fence.i
core   0: 3 0x8000d144 (0x0000100f)
core   0: 0x8000d148 (0xb120ecb7) lui     s9, 0xb120e
core   0: 3 0x8000d148 (0xb120ecb7) x25 0xb120e000
core   0: 0x8000d14c (0x010ae933) or      s2, s5, a6
core   0: 3 0x8000d14c (0x010ae933) x18 0x001fff9e
core   0: 0x8000d150 (0x77efae93) slti    t4, t6, 1918
core   0: 3 0x8000d150 (0x77efae93) x29 0x00000001
core   0: 0x8000d154 (0x40aad333) sra     t1, s5, a0
core   0: 3 0x8000d154 (0x40aad333) x 6 0x001fff80
core   0: 0x8000d158 (0x400cdc93) srai    s9, s9, 0
core   0: 3 0x8000d158 (0x400cdc93) x25 0xb120e000
core   0: 0x8000d15c (0x00157663) bgeu    a0, ra, pc + 12
core   0: 3 0x8000d15c (0x00157663)
core   0: 0x8000d160 (0x00f0d5b3) srl     a1, ra, a5
core   0: 3 0x8000d160 (0x00f0d5b3) x11 0x005d5a6f
core   0: 0x8000d164 (0xb5482913) slti    s2, a6, -1196
core   0: 3 0x8000d164 (0xb5482913) x18 0x00000000
core   0: 0x8000d168 (0x00000013) nop
core   0: 3 0x8000d168 (0x00000013)
core   0: 0x8000d16c (0x00f785b3) add     a1, a5, a5
core   0: 3 0x8000d16c (0x00f785b3) x11 0xbab4dfd0
core   0: 0x8000d170 (0x01757733) and     a4, a0, s7
core   0: 3 0x8000d170 (0x01757733) x14 0x00000000
core   0: 0x8000d174 (0x01104fb3) xor     t6, zero, a7
core   0: 3 0x8000d174 (0x01104fb3) x31 0x00000c0d
core   0: 0x8000d178 (0x40bfdcb3) sra     s9, t6, a1
core   0: 3 0x8000d178 (0x40bfdcb3) x25 0x00000000
core   0: 0x8000d17c (0x01efce63) blt     t6, t5, pc + 28
core   0: 3 0x8000d17c (0x01efce63)
core   0: 0x8000d180 (0x40c6da93) srai    s5, a3, 12
core   0: 3 0x8000d180 (0x40c6da93) x21 0xfff80027
core   0: 0x8000d184 (0x376d8013) addi    zero, s11, 886
core   0: 3 0x8000d184 (0x376d8013)
core   0: 0x8000d188 (0x03cbe063) bltu    s7, t3, pc + 32
core   0: 3 0x8000d188 (0x03cbe063)
core   0: 0x8000d1a8 (0x2d51a313) slti    t1, gp, 725
core   0: 3 0x8000d1a8 (0x2d51a313) x 6 0x00000001
core   0: 0x8000d1ac (0x40d18d33) sub     s10, gp, a3
core   0: 3 0x8000d1ac (0x40d18d33) x26 0x7ff981af
core   0: 0x8000d1b0 (0x0480d063) bge     ra, s0, pc + 64
core   0: 3 0x8000d1b0 (0x0480d063)
core   0: 0x8000d1f0 (0x4159dc13) srai    s8, s3, 21
core   0: 3 0x8000d1f0 (0x4159dc13) x24 0xfffffff3
core   0: 0x8000d1f4 (0x0ff0000f) fence   iorw,iorw
core   0: 3 0x8000d1f4 (0x0ff0000f)
core   0: 0x8000d1f8 (0xaac70293) addi    t0, a4, -1364
core   0: 3 0x8000d1f8 (0xaac70293) x 5 0xfffffaac
core   0: 0x8000d1fc (0x0ff0000f) fence   iorw,iorw
core   0: 3 0x8000d1fc (0x0ff0000f)
core   0: 0x8000d200 (0x0423c663) blt     t2, sp, pc + 76
core   0: 3 0x8000d200 (0x0423c663)
core   0: 0x8000d24c (0x00f35593) srli    a1, t1, 15
core   0: 3 0x8000d24c (0x00f35593) x11 0x00000000
core   0: 0x8000d250 (0x0ff0000f) fence   iorw,iorw
core   0: 3 0x8000d250 (0x0ff0000f)
core   0: 0x8000d254 (0x8e9aa613) slti    a2, s5, -1815
core   0: 3 0x8000d254 (0x8e9aa613) x12 0x00000001
core   0: 0x8000d258 (0x59204013) xori    zero, zero, 1426
core   0: 3 0x8000d258 (0x59204013)
core   0: 0x8000d25c (0xad933713) sltiu   a4, t1, -1319
core   0: 3 0x8000d25c (0xad933713) x14 0x00000001
core   0: 0x8000d260 (0x01b6d033) srl     zero, a3, s11
core   0: 3 0x8000d260 (0x01b6d033)
core   0: 0x8000d264 (0x0ff0000f) fence   iorw,iorw
core   0: 3 0x8000d264 (0x0ff0000f)
core   0: 0x8000d268 (0x89cde793) ori     a5, s11, -1892
core   0: 3 0x8000d268 (0x89cde793) x15 0xfffffcff
core   0: 0x8000d26c (0x0ea60093) addi    ra, a2, 234
core   0: 3 0x8000d26c (0x0ea60093) x 1 0x000000eb
core   0: 0x8000d270 (0x01b521b3) slt     gp, a0, s11
core   0: 3 0x8000d270 (0x01b521b3) x 3 0x00000000
core   0: 0x8000d274 (0x0157aeb3) slt     t4, a5, s5
core   0: 3 0x8000d274 (0x0157aeb3) x29 0x00000000
core   0: 0x8000d278 (0xee5baa13) slti    s4, s7, -283
core   0: 3 0x8000d278 (0xee5baa13) x20 0x00000000
core   0: 0x8000d27c (0x2f5f9d17) auipc   s10, 0x2f5f9
core   0: 3 0x8000d27c (0x2f5f9d17) x26 0xaf60627c
core   0: 0x8000d280 (0x416ad513) srai    a0, s5, 22
core   0: 3 0x8000d280 (0x416ad513) x10 0xffffffff
core   0: 0x8000d284 (0x41755193) srai    gp, a0, 23
core   0: 3 0x8000d284 (0x41755193) x 3 0xffffffff
core   0: 0x8000d288 (0x40ff57b3) sra     a5, t5, a5
core   0: 3 0x8000d288 (0x40ff57b3) x15 0x00000000
core   0: 0x8000d28c (0x0ff0000f) fence   iorw,iorw
core   0: 3 0x8000d28c (0x0ff0000f)
core   0: 0x8000d290 (0x00000013) nop
core   0: 3 0x8000d290 (0x00000013)
core   0: 0x8000d294 (0x0ff0000f) fence   iorw,iorw
core   0: 3 0x8000d294 (0x0ff0000f)
core   0: 0x8000d298 (0x005de463) bltu    s11, t0, pc + 8
core   0: 3 0x8000d298 (0x005de463)
core   0: 0x8000d29c (0xe60beb93) ori     s7, s7, -416
core   0: 3 0x8000d29c (0xe60beb93) x23 0xfffffe60
core   0: 0x8000d2a0 (0x00000013) nop
core   0: 3 0x8000d2a0 (0x00000013)
core   0: 0x8000d2a4 (0x0189a4b3) slt     s1, s3, s8
core   0: 3 0x8000d2a4 (0x0189a4b3) x 9 0x00000001
core   0: 0x8000d2a8 (0x00fbd463) bge     s7, a5, pc + 8
core   0: 3 0x8000d2a8 (0x00fbd463)
core   0: 0x8000d2ac (0x00960663) beq     a2, s1, pc + 12
core   0: 3 0x8000d2ac (0x00960663)
core   0: 0x8000d2b8 (0x00bdf8b3) and     a7, s11, a1
core   0: 3 0x8000d2b8 (0x00bdf8b3) x17 0x00000000
core   0: 0x8000d2bc (0x015fe933) or      s2, t6, s5
core   0: 3 0x8000d2bc (0x015fe933) x18 0xfff80c2f
core   0: 0x8000d2c0 (0x6fabac37) lui     s8, 0x6faba
core   0: 3 0x8000d2c0 (0x6fabac37) x24 0x6faba000
core   0: 0x8000d2c4 (0x028a6063) bltu    s4, s0, pc + 32
core   0: 3 0x8000d2c4 (0x028a6063)
core   0: 0x8000d2e4 (0x40a1da93) srai    s5, gp, 10
core   0: 3 0x8000d2e4 (0x40a1da93) x21 0xffffffff
core   0: 0x8000d2e8 (0x00bc5db3) srl     s11, s8, a1
core   0: 3 0x8000d2e8 (0x00bc5db3) x27 0x6faba000
core   0: 0x8000d2ec (0x0ff0000f) fence   iorw,iorw
core   0: 3 0x8000d2ec (0x0ff0000f)
core   0: 0x8000d2f0 (0xcd1c7a13) andi    s4, s8, -815
core   0: 3 0x8000d2f0 (0xcd1c7a13) x20 0x6faba000
core   0: 0x8000d2f4 (0x01af61b3) or      gp, t5, s10
core   0: 3 0x8000d2f4 (0x01af61b3) x 3 0xaf60627c
core   0: 0x8000d2f8 (0x41a55f13) srai    t5, a0, 26
core   0: 3 0x8000d2f8 (0x41a55f13) x30 0xffffffff
core   0: 0x8000d2fc (0x007a2c33) slt     s8, s4, t2
core   0: 3 0x8000d2fc (0x007a2c33) x24 0x00000000
core   0: 0x8000d300 (0x04aa8663) beq     s5, a0, pc + 76
core   0: 3 0x8000d300 (0x04aa8663)
core   0: 0x8000d34c (0x01537a33) and     s4, t1, s5
core   0: 3 0x8000d34c (0x01537a33) x20 0x00000001
core   0: 0x8000d350 (0x01f25e63) bge     tp, t6, pc + 28
core   0: 3 0x8000d350 (0x01f25e63)
core   0: 0x8000d354 (0x5010ec13) ori     s8, ra, 1281
core   0: 3 0x8000d354 (0x5010ec13) x24 0x000005eb
core   0: 0x8000d358 (0x0000100f) fence.i
core   0: 3 0x8000d358 (0x0000100f)
core   0: 0x8000d35c (0x0ff0000f) fence   iorw,iorw
core   0: 3 0x8000d35c (0x0ff0000f)
core   0: 0x8000d360 (0x01216eb3) or      t4, sp, s2
core   0: 3 0x8000d360 (0x01216eb3) x29 0xfffdacef
core   0: 0x8000d364 (0x029cf663) bgeu    s9, s1, pc + 44
core   0: 3 0x8000d364 (0x029cf663)
core   0: 0x8000d368 (0x04bbd463) bge     s7, a1, pc + 72
core   0: 3 0x8000d368 (0x04bbd463)
core   0: 0x8000d36c (0xd7dafdb7) lui     s11, 0xd7daf
core   0: 3 0x8000d36c (0xd7dafdb7) x27 0xd7daf000
core   0: 0x8000d370 (0xfc4a31b7) lui     gp, 0xfc4a3
core   0: 3 0x8000d370 (0xfc4a31b7) x 3 0xfc4a3000
core   0: 0x8000d374 (0x013c1313) slli    t1, s8, 19
core   0: 3 0x8000d374 (0x013c1313) x 6 0x2f580000
core   0: 0x8000d378 (0x0ff0000f) fence   iorw,iorw
core   0: 3 0x8000d378 (0x0ff0000f)
core   0: 0x8000d37c (0x01c35193) srli    gp, t1, 28
core   0: 3 0x8000d37c (0x01c35193) x 3 0x00000002
core   0: 0x8000d380 (0x05c2e863) bltu    t0, t3, pc + 80
core   0: 3 0x8000d380 (0x05c2e863)
core   0: 0x8000d384 (0x48656f13) ori     t5, a0, 1158
core   0: 3 0x8000d384 (0x48656f13) x30 0xffffffff
core   0: 0x8000d388 (0x00559113) slli    sp, a1, 5
core   0: 3 0x8000d388 (0x00559113) x 2 0x00000000
core   0: 0x8000d38c (0x2fae4717) auipc   a4, 0x2fae4
core   0: 3 0x8000d38c (0x2fae4717) x14 0xafaf138c
core   0: 0x8000d390 (0x003644b3) xor     s1, a2, gp
core   0: 3 0x8000d390 (0x003644b3) x 9 0x00000003
core   0: 0x8000d394 (0x40e5d833) sra     a6, a1, a4
core   0: 3 0x8000d394 (0x40e5d833) x16 0x00000000
core   0: 0x8000d398 (0x01889533) sll     a0, a7, s8
core   0: 3 0x8000d398 (0x01889533) x10 0x00000000
core   0: 0x8000d39c (0x4168d413) srai    s0, a7, 22
core   0: 3 0x8000d39c (0x4168d413) x 8 0x00000000
core   0: 0x8000d3a0 (0x0148de93) srli    t4, a7, 20
core   0: 3 0x8000d3a0 (0x0148de93) x29 0x00000000
core   0: 0x8000d3a4 (0x403f5e13) srai    t3, t5, 3
core   0: 3 0x8000d3a4 (0x403f5e13) x28 0xffffffff
core   0: 0x8000d3a8 (0xcb222793) slti    a5, tp, -846
core   0: 3 0x8000d3a8 (0xcb222793) x15 0x00000001
core   0: 0x8000d3ac (0x0000100f) fence.i
core   0: 3 0x8000d3ac (0x0000100f)
core   0: 0x8000d3b0 (0x00310d33) add     s10, sp, gp
core   0: 3 0x8000d3b0 (0x00310d33) x26 0x00000002
core   0: 0x8000d3b4 (0x41040bb3) sub     s7, s0, a6
core   0: 3 0x8000d3b4 (0x41040bb3) x23 0x00000000
core   0: 0x8000d3b8 (0xe3118593) addi    a1, gp, -463
core   0: 3 0x8000d3b8 (0xe3118593) x11 0xfffffe33
core   0: 0x8000d3bc (0x01751d93) slli    s11, a0, 23
core   0: 3 0x8000d3bc (0x01751d93) x27 0x00000000
core   0: 0x8000d3c0 (0x0015dcb3) srl     s9, a1, ra
core   0: 3 0x8000d3c0 (0x0015dcb3) x25 0x001fffff
core   0: 0x8000d3c4 (0x01677463) bgeu    a4, s6, pc + 8
core   0: 3 0x8000d3c4 (0x01677463)
core   0: 0x8000d3cc (0x40790933) sub     s2, s2, t2
core   0: 3 0x8000d3cc (0x40790933) x18 0x7ff5433e
core   0: 0x8000d3d0 (0x00c9e863) bltu    s3, a2, pc + 16
core   0: 3 0x8000d3d0 (0x00c9e863)
core   0: 0x8000d3d4 (0x01a78e63) beq     a5, s10, pc + 28
core   0: 3 0x8000d3d4 (0x01a78e63)
core   0: 0x8000d3d8 (0x01e7ffb3) and     t6, a5, t5
core   0: 3 0x8000d3d8 (0x01e7ffb3) x31 0x00000001
core   0: 0x8000d3dc (0x89177f37) lui     t5, 0x89177
core   0: 3 0x8000d3dc (0x89177f37) x30 0x89177000
core   0: 0x8000d3e0 (0x01d3b797) auipc   a5, 0x1d3b
core   0: 3 0x8000d3e0 (0x01d3b797) x15 0x81d483e0
core   0: 0x8000d3e4 (0x401f85b3) sub     a1, t6, ra
core   0: 3 0x8000d3e4 (0x401f85b3) x11 0xffffff16
core   0: 0x8000d3e8 (0x55036e13) ori     t3, t1, 1360
core   0: 3 0x8000d3e8 (0x55036e13) x28 0x2f580550
core   0: 0x8000d3ec (0x00000013) nop
core   0: 3 0x8000d3ec (0x00000013)
core   0: 0x8000d3f0 (0x40625d93) srai    s11, tp, 6
core   0: 3 0x8000d3f0 (0x40625d93) x27 0xfe000af3
core   0: 0x8000d3f4 (0x407d0033) sub     zero, s10, t2
core   0: 3 0x8000d3f4 (0x407d0033)
core   0: 0x8000d3f8 (0x07f0fa63) bgeu    ra, t6, pc + 116
core   0: 3 0x8000d3f8 (0x07f0fa63)
core   0: 0x8000d46c (0x03a20263) beq     tp, s10, pc + 36
core   0: 3 0x8000d46c (0x03a20263)
core   0: 0x8000d470 (0x00124033) xor     zero, tp, ra
core   0: 3 0x8000d470 (0x00124033)
core   0: 0x8000d474 (0x1e67a293) slti    t0, a5, 486
core   0: 3 0x8000d474 (0x1e67a293) x 5 0x00000001
core   0: 0x8000d478 (0x05bde463) bltu    s11, s11, pc + 72
core   0: 3 0x8000d478 (0x05bde463)
core   0: 0x8000d47c (0x00a69d13) slli    s10, a3, 10
core   0: 3 0x8000d47c (0x00a69d13) x26 0x09f99000
core   0: 0x8000d480 (0x012c3633) sltu    a2, s8, s2
core   0: 3 0x8000d480 (0x012c3633) x12 0x00000001
core   0: 0x8000d484 (0x00624433) xor     s0, tp, t1
core   0: 3 0x8000d484 (0x00624433) x 8 0xaf5abce4
core   0: 0x8000d488 (0x00f0b033) sltu    zero, ra, a5
core   0: 3 0x8000d488 (0x00f0b033)
core   0: 0x8000d48c (0x00619c33) sll     s8, gp, t1
core   0: 3 0x8000d48c (0x00619c33) x24 0x00000002
core   0: 0x8000d490 (0x0fe7bd17) auipc   s10, 0xfe7b
core   0: 3 0x8000d490 (0x0fe7bd17) x26 0x8fe88490
core   0: 0x8000d494 (0x05abe463) bltu    s7, s10, pc + 72
core   0: 3 0x8000d494 (0x05abe463)
core   0: 0x8000d4dc (0x40ab5733) sra     a4, s6, a0
core   0: 3 0x8000d4dc (0x40ab5733) x14 0x80027e64
core   0: 0x8000d4e0 (0x01d01813) slli    a6, zero, 29
core   0: 3 0x8000d4e0 (0x01d01813) x16 0x00000000
core   0: 0x8000d4e4 (0x03047063) bgeu    s0, a6, pc + 32
core   0: 3 0x8000d4e4 (0x03047063)
core   0: 0x8000d504 (0x015ee663) bltu    t4, s5, pc + 12
core   0: 3 0x8000d504 (0x015ee663)
core   0: 0x8000d510 (0x008fc2b3) xor     t0, t6, s0
core   0: 3 0x8000d510 (0x008fc2b3) x 5 0xaf5abce5
core   0: 0x8000d514 (0x0000100f) fence.i
core   0: 3 0x8000d514 (0x0000100f)
core   0: 0x8000d518 (0x00c06db3) or      s11, zero, a2
core   0: 3 0x8000d518 (0x00c06db3) x27 0x00000001
core   0: 0x8000d51c (0x00000013) nop
core   0: 3 0x8000d51c (0x00000013)
core   0: 0x8000d520 (0x03f67193) andi    gp, a2, 63
core   0: 3 0x8000d520 (0x03f67193) x 3 0x00000001
core   0: 0x8000d524 (0x042fd663) bge     t6, sp, pc + 76
core   0: 3 0x8000d524 (0x042fd663)
core   0: 0x8000d570 (0x9c004c13) xori    s8, zero, -1600
core   0: 3 0x8000d570 (0x9c004c13) x24 0xfffff9c0
core   0: 0x8000d574 (0x00f2ee33) or      t3, t0, a5
core   0: 3 0x8000d574 (0x00f2ee33) x28 0xafdebfe5
core   0: 0x8000d578 (0x8176e393) ori     t2, a3, -2025
core   0: 3 0x8000d578 (0x8176e393) x 7 0xfffffe77
core   0: 0x8000d57c (0xa16d3413) sltiu   s0, s10, -1514
core   0: 3 0x8000d57c (0xa16d3413) x 8 0x00000001
core   0: 0x8000d580 (0x03698263) beq     s3, s6, pc + 36
core   0: 3 0x8000d580 (0x03698263)
core   0: 0x8000d584 (0x01ef86b3) add     a3, t6, t5
core   0: 3 0x8000d584 (0x01ef86b3) x13 0x89177001
core   0: 0x8000d588 (0xc7d3ef13) ori     t5, t2, -899
core   0: 3 0x8000d588 (0xc7d3ef13) x30 0xfffffe7f
core   0: 0x8000d58c (0xcea68813) addi    a6, a3, -790
core   0: 3 0x8000d58c (0xcea68813) x16 0x89176ceb
core   0: 0x8000d590 (0xe4dba693) slti    a3, s7, -435
core   0: 3 0x8000d590 (0xe4dba693) x13 0x00000000
core   0: 0x8000d594 (0x001c16b3) sll     a3, s8, ra
core   0: 3 0x8000d594 (0x001c16b3) x13 0xffce0000
core   0: 0x8000d598 (0x004ed633) srl     a2, t4, tp
core   0: 3 0x8000d598 (0x004ed633) x12 0x00000000
core   0: 0x8000d59c (0x0064fcb3) and     s9, s1, t1
core   0: 3 0x8000d59c (0x0064fcb3) x25 0x00000000
core   0: 0x8000d5a0 (0x50fda013) slti    zero, s11, 1295
core   0: 3 0x8000d5a0 (0x50fda013)
core   0: 0x8000d5a4 (0x03a0f063) bgeu    ra, s10, pc + 32
core   0: 3 0x8000d5a4 (0x03a0f063)
core   0: 0x8000d5a8 (0x00391e63) bne     s2, gp, pc + 28
core   0: 3 0x8000d5a8 (0x00391e63)
core   0: 0x8000d5c4 (0x00077463) bgeu    a4, zero, pc + 8
core   0: 3 0x8000d5c4 (0x00077463)
core   0: 0x8000d5cc (0x01e793b3) sll     t2, a5, t5
core   0: 3 0x8000d5cc (0x01e793b3) x 7 0x00000000
core   0: 0x8000d5d0 (0x0b713093) sltiu   ra, sp, 183
core   0: 3 0x8000d5d0 (0x0b713093) x 1 0x00000001
core   0: 0x8000d5d4 (0xfa548e13) addi    t3, s1, -91
core   0: 3 0x8000d5d4 (0xfa548e13) x28 0xffffffa8
core   0: 0x8000d5d8 (0x01b158b3) srl     a7, sp, s11
core   0: 3 0x8000d5d8 (0x01b158b3) x17 0x00000000
core   0: 0x8000d5dc (0xbcdf8013) addi    zero, t6, -1075
core   0: 3 0x8000d5dc (0xbcdf8013)
core   0: 0x8000d5e0 (0x0053f333) and     t1, t2, t0
core   0: 3 0x8000d5e0 (0x0053f333) x 6 0x00000000
core   0: 0x8000d5e4 (0x0177ee63) bltu    a5, s7, pc + 28
core   0: 3 0x8000d5e4 (0x0177ee63)
core   0: 0x8000d5e8 (0x016fbd33) sltu    s10, t6, s6
core   0: 3 0x8000d5e8 (0x016fbd33) x26 0x00000001
core   0: 0x8000d5ec (0x00d7d633) srl     a2, a5, a3
core   0: 3 0x8000d5ec (0x00d7d633) x12 0x81d483e0
core   0: 0x8000d5f0 (0x00000013) nop
core   0: 3 0x8000d5f0 (0x00000013)
core   0: 0x8000d5f4 (0x00d8f863) bgeu    a7, a3, pc + 16
core   0: 3 0x8000d5f4 (0x00d8f863)
core   0: 0x8000d5f8 (0x41970d33) sub     s10, a4, s9
core   0: 3 0x8000d5f8 (0x41970d33) x26 0x80027e64
core   0: 0x8000d5fc (0x0049ffb3) and     t6, s3, tp
core   0: 3 0x8000d5fc (0x0049ffb3) x31 0x8000ac84
core   0: 0x8000d600 (0x01bb1793) slli    a5, s6, 27
core   0: 3 0x8000d600 (0x01bb1793) x15 0x20000000
core   0: 0x8000d604 (0x00000013) nop
core   0: 3 0x8000d604 (0x00000013)
core   0: 0x8000d608 (0x05807263) bgeu    zero, s8, pc + 68
core   0: 3 0x8000d608 (0x05807263)
core   0: 0x8000d60c (0x00efc6b3) xor     a3, t6, a4
core   0: 3 0x8000d60c (0x00efc6b3) x13 0x0002d2e0
core   0: 0x8000d610 (0xcd54c613) xori    a2, s1, -811
core   0: 3 0x8000d610 (0xcd54c613) x12 0xfffffcd6
core   0: 0x8000d614 (0x00398663) beq     s3, gp, pc + 12
core   0: 3 0x8000d614 (0x00398663)
core   0: 0x8000d618 (0x01bee463) bltu    t4, s11, pc + 8
core   0: 3 0x8000d618 (0x01bee463)
core   0: 0x8000d620 (0x005a0633) add     a2, s4, t0
core   0: 3 0x8000d620 (0x005a0633) x12 0xaf5abce6
core   0: 0x8000d624 (0x012a6497) auipc   s1, 0x12a6
core   0: 3 0x8000d624 (0x012a6497) x 9 0x812b3624
core   0: 0x8000d628 (0xeeca0313) addi    t1, s4, -276
core   0: 3 0x8000d628 (0xeeca0313) x 6 0xfffffeed
core   0: 0x8000d62c (0x57ee4e93) xori    t4, t3, 1406
core   0: 3 0x8000d62c (0x57ee4e93) x29 0xfffffad6
core   0: 0x8000d630 (0x00e9d2b3) srl     t0, s3, a4
core   0: 3 0x8000d630 (0x00e9d2b3) x 5 0x0fe64ec9
core   0: 0x8000d634 (0x403a5fb3) sra     t6, s4, gp
core   0: 3 0x8000d634 (0x403a5fb3) x31 0x00000000
core   0: 0x8000d638 (0x0123a8b3) slt     a7, t2, s2
core   0: 3 0x8000d638 (0x0123a8b3) x17 0x00000001
core   0: 0x8000d63c (0x02fec263) blt     t4, a5, pc + 36
core   0: 3 0x8000d63c (0x02fec263)
core   0: 0x8000d660 (0x00000013) nop
core   0: 3 0x8000d660 (0x00000013)
core   0: 0x8000d664 (0x01974a63) blt     a4, s9, pc + 20
core   0: 3 0x8000d664 (0x01974a63)
core   0: 0x8000d678 (0x00ddd613) srli    a2, s11, 13
core   0: 3 0x8000d678 (0x00ddd613) x12 0x00000000
core   0: 0x8000d67c (0x0c30f813) andi    a6, ra, 195
core   0: 3 0x8000d67c (0x0c30f813) x16 0x00000001
core   0: 0x8000d680 (0x01d39e33) sll     t3, t2, t4
core   0: 3 0x8000d680 (0x01d39e33) x28 0x00000000
core   0: 0x8000d684 (0x01dfa433) slt     s0, t6, t4
core   0: 3 0x8000d684 (0x01dfa433) x 8 0x00000000
core   0: 0x8000d688 (0xd8e42893) slti    a7, s0, -626
core   0: 3 0x8000d688 (0xd8e42893) x17 0x00000000
core   0: 0x8000d68c (0x6fb7fa13) andi    s4, a5, 1787
core   0: 3 0x8000d68c (0x6fb7fa13) x20 0x00000000
core   0: 0x8000d690 (0x0ff0000f) fence   iorw,iorw
core   0: 3 0x8000d690 (0x0ff0000f)
core   0: 0x8000d694 (0x016e2133) slt     sp, t3, s6
core   0: 3 0x8000d694 (0x016e2133) x 2 0x00000000
core   0: 0x8000d698 (0x008f8e63) beq     t6, s0, pc + 28
core   0: 3 0x8000d698 (0x008f8e63)
core   0: 0x8000d6b4 (0x0000100f) fence.i
core   0: 3 0x8000d6b4 (0x0000100f)
core   0: 0x8000d6b8 (0x00e935b3) sltu    a1, s2, a4
core   0: 3 0x8000d6b8 (0x00e935b3) x11 0x00000001
core   0: 0x8000d6bc (0x0160d613) srli    a2, ra, 22
core   0: 3 0x8000d6bc (0x0160d613) x12 0x00000000
core   0: 0x8000d6c0 (0x00500d13) li      s10, 5
core   0: 3 0x8000d6c0 (0x00500d13) x26 0x00000005
core   0: 0x8000d6c4 (0x00000013) nop
core   0: 3 0x8000d6c4 (0x00000013)
core   0: 0x8000d6c8 (0x01403db3) snez    s11, s4
core   0: 3 0x8000d6c8 (0x01403db3) x27 0x00000000
core   0: 0x8000d6cc (0xff000c13) li      s8, -16
core   0: 3 0x8000d6cc (0xff000c13) x24 0xfffffff0
core   0: 0x8000d6d0 (0x3f573f97) auipc   t6, 0x3f573
core   0: 3 0x8000d6d0 (0x3f573f97) x31 0xbf5806d0
core   0: 0x8000d6d4 (0x002eacb3) slt     s9, t4, sp
core   0: 3 0x8000d6d4 (0x002eacb3) x25 0x00000001
core   0: 0x8000d6d8 (0xff9d0d13) addi    s10, s10, -7
core   0: 3 0x8000d6d8 (0xff9d0d13) x26 0xfffffffe
core   0: 0x8000d6dc (0xff800593) li      a1, -8
core   0: 3 0x8000d6dc (0xff800593) x11 0xfffffff8
core   0: 0x8000d6e0 (0xd70e41b7) lui     gp, 0xd70e4
core   0: 3 0x8000d6e0 (0xd70e41b7) x 3 0xd70e4000
core   0: 0x8000d6e4 (0xff200e13) li      t3, -14
core   0: 3 0x8000d6e4 (0xff200e13) x28 0xfffffff2
core   0: 0x8000d6e8 (0x00000013) nop
core   0: 3 0x8000d6e8 (0x00000013)
core   0: 0x8000d6ec (0xffa58593) addi    a1, a1, -6
core   0: 3 0x8000d6ec (0xffa58593) x11 0xfffffff2
core   0: 0x8000d6f0 (0x0000100f) fence.i
core   0: 3 0x8000d6f0 (0x0000100f)
core   0: 0x8000d6f4 (0xffc58ae3) beq     a1, t3, pc - 12
core   0: 3 0x8000d6f4 (0xffc58ae3)
core   0: 0x8000d6e8 (0x00000013) nop
core   0: 3 0x8000d6e8 (0x00000013)
core   0: 0x8000d6ec (0xffa58593) addi    a1, a1, -6
core   0: 3 0x8000d6ec (0xffa58593) x11 0xffffffec
core   0: 0x8000d6f0 (0x0000100f) fence.i
core   0: 3 0x8000d6f0 (0x0000100f)
core   0: 0x8000d6f4 (0xffc58ae3) beq     a1, t3, pc - 12
core   0: 3 0x8000d6f4 (0xffc58ae3)
core   0: 0x8000d6f8 (0x00000013) nop
core   0: 3 0x8000d6f8 (0x00000013)
core   0: 0x8000d6fc (0x17149bb7) lui     s7, 0x17149
core   0: 3 0x8000d6fc (0x17149bb7) x23 0x17149000
core   0: 0x8000d700 (0xfd8d08e3) beq     s10, s8, pc - 48
core   0: 3 0x8000d700 (0xfd8d08e3)
core   0: 0x8000d704 (0x01bcdf13) srli    t5, s9, 27
core   0: 3 0x8000d704 (0x01bcdf13) x30 0x00000000
core   0: 0x8000d708 (0x01932633) slt     a2, t1, s9
core   0: 3 0x8000d708 (0x01932633) x12 0x00000001
core   0: 0x8000d70c (0x016b1c13) slli    s8, s6, 22
core   0: 3 0x8000d70c (0x016b1c13) x24 0x99000000
core   0: 0x8000d710 (0x015881b3) add     gp, a7, s5
core   0: 3 0x8000d710 (0x015881b3) x 3 0xffffffff
core   0: 0x8000d714 (0x23306113) ori     sp, zero, 563
core   0: 3 0x8000d714 (0x23306113) x 2 0x00000233
core   0: 0x8000d718 (0x00c5e6b3) or      a3, a1, a2
core   0: 3 0x8000d718 (0x00c5e6b3) x13 0xffffffed
core   0: 0x8000d71c (0x012bea33) or      s4, s7, s2
core   0: 3 0x8000d71c (0x012bea33) x20 0x7ff5d33e
core   0: 0x8000d720 (0x00a91193) slli    gp, s2, 10
core   0: 3 0x8000d720 (0x00a91193) x 3 0xd50cf800
core   0: 0x8000d724 (0x0ff0000f) fence   iorw,iorw
core   0: 3 0x8000d724 (0x0ff0000f)
core   0: 0x8000d728 (0x0107a2b3) slt     t0, a5, a6
core   0: 3 0x8000d728 (0x0107a2b3) x 5 0x00000000
core   0: 0x8000d72c (0x99fd4097) auipc   ra, 0x99fd4
core   0: 3 0x8000d72c (0x99fd4097) x 1 0x19fe172c
core   0: 0x8000d730 (0x0000100f) fence.i
core   0: 3 0x8000d730 (0x0000100f)
core   0: 0x8000d734 (0x01c05863) bge     zero, t3, pc + 16
core   0: 3 0x8000d734 (0x01c05863)
core   0: 0x8000d744 (0x00681b93) slli    s7, a6, 6
core   0: 3 0x8000d744 (0x00681b93) x23 0x00000040
core   0: 0x8000d748 (0xbe84c413) xori    s0, s1, -1048
core   0: 3 0x8000d748 (0xbe84c413) x 8 0x7ed4cdcc
core   0: 0x8000d74c (0x01f44eb3) xor     t4, s0, t6
core   0: 3 0x8000d74c (0x01f44eb3) x29 0xc18ccb1c
core   0: 0x8000d750 (0x01178eb3) add     t4, a5, a7
core   0: 3 0x8000d750 (0x01178eb3) x29 0x20000000
core   0: 0x8000d754 (0xe0068013) addi    zero, a3, -512
core   0: 3 0x8000d754 (0xe0068013)
core   0: 0x8000d758 (0x672cb493) sltiu   s1, s9, 1650
core   0: 3 0x8000d758 (0x672cb493) x 9 0x00000001
core   0: 0x8000d75c (0x015cca33) xor     s4, s9, s5
core   0: 3 0x8000d75c (0x015cca33) x20 0xfffffffe
core   0: 0x8000d760 (0x00000013) nop
core   0: 3 0x8000d760 (0x00000013)
core   0: 0x8000d764 (0x012e9193) slli    gp, t4, 18
core   0: 3 0x8000d764 (0x012e9193) x 3 0x00000000
core   0: 0x8000d768 (0x01699013) slli    zero, s3, 22
core   0: 3 0x8000d768 (0x01699013)
core   0: 0x8000d76c (0x0236a913) slti    s2, a3, 35
core   0: 3 0x8000d76c (0x0236a913) x18 0x00000001
core   0: 0x8000d770 (0x01320463) beq     tp, s3, pc + 8
core   0: 3 0x8000d770 (0x01320463)
core   0: 0x8000d774 (0x00289193) slli    gp, a7, 2
core   0: 3 0x8000d774 (0x00289193) x 3 0x00000000
core   0: 0x8000d778 (0x016758b3) srl     a7, a4, s6
core   0: 3 0x8000d778 (0x016758b3) x17 0x080027e6
core   0: 0x8000d77c (0x46e72d13) slti    s10, a4, 1134
core   0: 3 0x8000d77c (0x46e72d13) x26 0x00000001
core   0: 0x8000d780 (0x01ad70b3) and     ra, s10, s10
core   0: 3 0x8000d780 (0x01ad70b3) x 1 0x00000001
core   0: 0x8000d784 (0x04431063) bne     t1, tp, pc + 64
core   0: 3 0x8000d784 (0x04431063)
core   0: 0x8000d7c4 (0xeb57e793) ori     a5, a5, -331
core   0: 3 0x8000d7c4 (0xeb57e793) x15 0xfffffeb5
core   0: 0x8000d7c8 (0x41905a13) srai    s4, zero, 25
core   0: 3 0x8000d7c8 (0x41905a13) x20 0x00000000
core   0: 0x8000d7cc (0x029e8a63) beq     t4, s1, pc + 52
core   0: 3 0x8000d7cc (0x029e8a63)
core   0: 0x8000d7d0 (0x00c0ffb3) and     t6, ra, a2
core   0: 3 0x8000d7d0 (0x00c0ffb3) x31 0x00000001
core   0: 0x8000d7d4 (0x034d1263) bne     s10, s4, pc + 36
core   0: 3 0x8000d7d4 (0x034d1263)
core   0: 0x8000d7f8 (0x054a9063) bne     s5, s4, pc + 64
core   0: 3 0x8000d7f8 (0x054a9063)
core   0: 0x8000d838 (0xf2033793) sltiu   a5, t1, -224
core   0: 3 0x8000d838 (0xf2033793) x15 0x00000001
core   0: 0x8000d83c (0x0062ccb3) xor     s9, t0, t1
core   0: 3 0x8000d83c (0x0062ccb3) x25 0xfffffeed
core   0: 0x8000d840 (0xf3caee93) ori     t4, s5, -196
core   0: 3 0x8000d840 (0xf3caee93) x29 0xffffffff
core   0: 0x8000d844 (0x01eda3b3) slt     t2, s11, t5
core   0: 3 0x8000d844 (0x01eda3b3) x 7 0x00000000
core   0: 0x8000d848 (0x00455a13) srli    s4, a0, 4
core   0: 3 0x8000d848 (0x00455a13) x20 0x00000000
core   0: 0x8000d84c (0x41748eb3) sub     t4, s1, s7
core   0: 3 0x8000d84c (0x41748eb3) x29 0xffffffc1
core   0: 0x8000d850 (0xe964f917) auipc   s2, 0xe964f
core   0: 3 0x8000d850 (0xe964f917) x18 0x6965c850
core   0: 0x8000d854 (0x0051f463) bgeu    gp, t0, pc + 8
core   0: 3 0x8000d854 (0x0051f463)
core   0: 0x8000d85c (0x63b83337) lui     t1, 0x63b83
core   0: 3 0x8000d85c (0x63b83337) x 6 0x63b83000
core   0: 0x8000d860 (0xc883e337) lui     t1, 0xc883e
core   0: 3 0x8000d860 (0xc883e337) x 6 0xc883e000
core   0: 0x8000d864 (0x0000100f) fence.i
core   0: 3 0x8000d864 (0x0000100f)
core   0: 0x8000d868 (0xaf36ed93) ori     s11, a3, -1293
core   0: 3 0x8000d868 (0xaf36ed93) x27 0xffffffff
core   0: 0x8000d86c (0x050d6863) bltu    s10, a6, pc + 80
core   0: 3 0x8000d86c (0x050d6863)
core   0: 0x8000d870 (0x01342433) slt     s0, s0, s3
core   0: 3 0x8000d870 (0x01342433) x 8 0x00000000
core   0: 0x8000d874 (0xa7ddf093) andi    ra, s11, -1411
core   0: 3 0x8000d874 (0xa7ddf093) x 1 0xfffffa7d
core   0: 0x8000d878 (0x012c0633) add     a2, s8, s2
core   0: 3 0x8000d878 (0x012c0633) x12 0x0265c850
core   0: 0x8000d87c (0x020a5263) bgez    s4, pc + 36
core   0: 3 0x8000d87c (0x020a5263)
core   0: 0x8000d8a0 (0x011b7e63) bgeu    s6, a7, pc + 28
core   0: 3 0x8000d8a0 (0x011b7e63)
core   0: 0x8000d8bc (0x41ec5d93) srai    s11, s8, 30
core   0: 3 0x8000d8bc (0x41ec5d93) x27 0xfffffffe
core   0: 0x8000d8c0 (0x0ff0000f) fence   iorw,iorw
core   0: 3 0x8000d8c0 (0x0ff0000f)
core   0: 0x8000d8c4 (0x41b458b3) sra     a7, s0, s11
core   0: 3 0x8000d8c4 (0x41b458b3) x17 0x00000000
core   0: 0x8000d8c8 (0x01de1613) slli    a2, t3, 29
core   0: 3 0x8000d8c8 (0x01de1613) x12 0x40000000
core   0: 0x8000d8cc (0x01b6f433) and     s0, a3, s11
core   0: 3 0x8000d8cc (0x01b6f433) x 8 0xffffffec
core   0: 0x8000d8d0 (0x01fbf8b3) and     a7, s7, t6
core   0: 3 0x8000d8d0 (0x01fbf8b3) x17 0x00000000
core   0: 0x8000d8d4 (0x00040733) add     a4, s0, zero
core   0: 3 0x8000d8d4 (0x00040733) x14 0xffffffec
core   0: 0x8000d8d8 (0x0001f433) and     s0, gp, zero
core   0: 3 0x8000d8d8 (0x0001f433) x 8 0x00000000
core   0: 0x8000d8dc (0xc03a3613) sltiu   a2, s4, -1021
core   0: 3 0x8000d8dc (0xc03a3613) x12 0x00000001
core   0: 0x8000d8e0 (0x018f7a63) bgeu    t5, s8, pc + 20
core   0: 3 0x8000d8e0 (0x018f7a63)
core   0: 0x8000d8e4 (0x50ac3f93) sltiu   t6, s8, 1290
core   0: 3 0x8000d8e4 (0x50ac3f93) x31 0x00000000
core   0: 0x8000d8e8 (0x42f8c297) auipc   t0, 0x42f8c
core   0: 3 0x8000d8e8 (0x42f8c297) x 5 0xc2f998e8
core   0: 0x8000d8ec (0x00bb5893) srli    a7, s6, 11
core   0: 3 0x8000d8ec (0x00bb5893) x17 0x0010004f
core   0: 0x8000d8f0 (0xa090b297) auipc   t0, 0xa090b
core   0: 3 0x8000d8f0 (0xa090b297) x 5 0x209188f0
core   0: 0x8000d8f4 (0x7de4cf93) xori    t6, s1, 2014
core   0: 3 0x8000d8f4 (0x7de4cf93) x31 0x000007df
core   0: 0x8000d8f8 (0x0ff0000f) fence   iorw,iorw
core   0: 3 0x8000d8f8 (0x0ff0000f)
core   0: 0x8000d8fc (0x0104d193) srli    gp, s1, 16
core   0: 3 0x8000d8fc (0x0104d193) x 3 0x00000000
core   0: 0x8000d900 (0x0ff0000f) fence   iorw,iorw
core   0: 3 0x8000d900 (0x0ff0000f)
core   0: 0x8000d904 (0x028c4263) blt     s8, s0, pc + 36
core   0: 3 0x8000d904 (0x028c4263)
core   0: 0x8000d928 (0x01bacab3) xor     s5, s5, s11
core   0: 3 0x8000d928 (0x01bacab3) x21 0x00000001
core   0: 0x8000d92c (0x0be00463) beq     zero, t5, pc + 168
core   0: 3 0x8000d92c (0x0be00463)
core   0: 0x8000d9d4 (0x5cde0013) addi    zero, t3, 1485
core   0: 3 0x8000d9d4 (0x5cde0013)
core   0: 0x8000d9d8 (0x00000013) nop
core   0: 3 0x8000d9d8 (0x00000013)
core   0: 0x8000d9dc (0x01c7f663) bgeu    a5, t3, pc + 12
core   0: 3 0x8000d9dc (0x01c7f663)
core   0: 0x8000d9e0 (0x01d31833) sll     a6, t1, t4
core   0: 3 0x8000d9e0 (0x01d31833) x16 0x9107c000
core   0: 0x8000d9e4 (0x499cff93) andi    t6, s9, 1177
core   0: 3 0x8000d9e4 (0x499cff93) x31 0x00000489
core   0: 0x8000d9e8 (0x651c8c97) auipc   s9, 0x651c8
core   0: 3 0x8000d9e8 (0x651c8c97) x25 0xe51d59e8
core   0: 0x8000d9ec (0x00000013) nop
core   0: 3 0x8000d9ec (0x00000013)
core   0: 0x8000d9f0 (0x01bfee63) bltu    t6, s11, pc + 28
core   0: 3 0x8000d9f0 (0x01bfee63)
core   0: 0x8000da0c (0x99bb2093) slti    ra, s6, -1637
core   0: 3 0x8000da0c (0x99bb2093) x 1 0x00000001
core   0: 0x8000da10 (0x05724063) blt     tp, s7, pc + 64
core   0: 3 0x8000da10 (0x05724063)
core   0: 0x8000da50 (0x01eaf3b3) and     t2, s5, t5
core   0: 3 0x8000da50 (0x01eaf3b3) x 7 0x00000000
core   0: 0x8000da54 (0x49337693) andi    a3, t1, 1171
core   0: 3 0x8000da54 (0x49337693) x13 0x00000000
core   0: 0x8000da58 (0x006648b3) xor     a7, a2, t1
core   0: 3 0x8000da58 (0x006648b3) x17 0xc883e001
core   0: 0x8000da5c (0x41608db3) sub     s11, ra, s6
core   0: 3 0x8000da5c (0x41608db3) x27 0x7ffd819d
core   0: 0x8000da60 (0x01e20933) add     s2, tp, t5
core   0: 3 0x8000da60 (0x01e20933) x18 0x8002bce4
core   0: 0x8000da64 (0xa4273013) sltiu   zero, a4, -1470
core   0: 3 0x8000da64 (0xa4273013)
core   0: 0x8000da68 (0x0ff0000f) fence   iorw,iorw
core   0: 3 0x8000da68 (0x0ff0000f)
core   0: 0x8000da6c (0x41f3deb3) sra     t4, t2, t6
core   0: 3 0x8000da6c (0x41f3deb3) x29 0x00000000
core   0: 0x8000da70 (0x01a51133) sll     sp, a0, s10
core   0: 3 0x8000da70 (0x01a51133) x 2 0x00000000
core   0: 0x8000da74 (0x00691d93) slli    s11, s2, 6
core   0: 3 0x8000da74 (0x00691d93) x27 0x00af3900
core   0: 0x8000da78 (0x019ddc33) srl     s8, s11, s9
core   0: 3 0x8000da78 (0x019ddc33) x24 0x0000af39
core   0: 0x8000da7c (0x01da1463) bne     s4, t4, pc + 8
core   0: 3 0x8000da7c (0x01da1463)
core   0: 0x8000da80 (0x0730c793) xori    a5, ra, 115
core   0: 3 0x8000da80 (0x0730c793) x15 0x00000072
core   0: 0x8000da84 (0x002cd613) srli    a2, s9, 2
core   0: 3 0x8000da84 (0x002cd613) x12 0x3947567a
core   0: 0x8000da88 (0x019e4463) blt     t3, s9, pc + 8
core   0: 3 0x8000da88 (0x019e4463)
core   0: 0x8000da8c (0x13b1c413) xori    s0, gp, 315
core   0: 3 0x8000da8c (0x13b1c413) x 8 0x0000013b
core   0: 0x8000da90 (0x01398633) add     a2, s3, s3
core   0: 3 0x8000da90 (0x01398633) x12 0xfcc9d938
core   0: 0x8000da94 (0xa3212593) slti    a1, sp, -1486
core   0: 3 0x8000da94 (0xa3212593) x11 0x00000000
core   0: 0x8000da98 (0xbdd0eeb7) lui     t4, 0xbdd0e
core   0: 3 0x8000da98 (0xbdd0eeb7) x29 0xbdd0e000
core   0: 0x8000da9c (0x01fcd093) srli    ra, s9, 31
core   0: 3 0x8000da9c (0x01fcd093) x 1 0x00000001
core   0: 0x8000daa0 (0x01bef0b3) and     ra, t4, s11
core   0: 3 0x8000daa0 (0x01bef0b3) x 1 0x00802000
core   0: 0x8000daa4 (0x976a2337) lui     t1, 0x976a2
core   0: 3 0x8000daa4 (0x976a2337) x 6 0x976a2000
core   0: 0x8000daa8 (0x0055a7b3) slt     a5, a1, t0
core   0: 3 0x8000daa8 (0x0055a7b3) x15 0x00000001
core   0: 0x8000daac (0x04c97463) bgeu    s2, a2, pc + 72
core   0: 3 0x8000daac (0x04c97463)
core   0: 0x8000dab0 (0x00000013) nop
core   0: 3 0x8000dab0 (0x00000013)
core   0: 0x8000dab4 (0x20b9fa93) andi    s5, s3, 523
core   0: 3 0x8000dab4 (0x20b9fa93) x21 0x00000008
core   0: 0x8000dab8 (0x001976b3) and     a3, s2, ra
core   0: 3 0x8000dab8 (0x001976b3) x13 0x00002000
core   0: 0x8000dabc (0xb6bca013) slti    zero, s9, -1173
core   0: 3 0x8000dabc (0xb6bca013)
core   0: 0x8000dac0 (0x01eb54b3) srl     s1, s6, t5
core   0: 3 0x8000dac0 (0x01eb54b3) x 9 0x80027e64
core   0: 0x8000dac4 (0xc2607c13) andi    s8, zero, -986
core   0: 3 0x8000dac4 (0xc2607c13) x24 0x00000000
core   0: 0x8000dac8 (0xa6523a93) sltiu   s5, tp, -1435
core   0: 3 0x8000dac8 (0xa6523a93) x21 0x00000001
core   0: 0x8000dacc (0x00f251b3) srl     gp, tp, a5
core   0: 3 0x8000dacc (0x00f251b3) x 3 0x40015e72
core   0: 0x8000dad0 (0x03e0e063) bltu    ra, t5, pc + 32
core   0: 3 0x8000dad0 (0x03e0e063)
core   0: 0x8000dad4 (0x0ff0000f) fence   iorw,iorw
core   0: 3 0x8000dad4 (0x0ff0000f)
core   0: 0x8000dad8 (0x02c77263) bgeu    a4, a2, pc + 36
core   0: 3 0x8000dad8 (0x02c77263)
core   0: 0x8000dafc (0x01bff5b3) and     a1, t6, s11
core   0: 3 0x8000dafc (0x01bff5b3) x11 0x00000000
core   0: 0x8000db00 (0x2ad3fc97) auipc   s9, 0x2ad3f
core   0: 3 0x8000db00 (0x2ad3fc97) x25 0xaad4cb00
core   0: 0x8000db04 (0x07476a63) bltu    a4, s4, pc + 116
core   0: 3 0x8000db04 (0x07476a63)
core   0: 0x8000db08 (0x01fdb3b3) sltu    t2, s11, t6
core   0: 3 0x8000db08 (0x01fdb3b3) x 7 0x00000000
core   0: 0x8000db0c (0x0116da63) bge     a3, a7, pc + 20
core   0: 3 0x8000db0c (0x0116da63)
core   0: 0x8000db20 (0x01e860b3) or      ra, a6, t5
core   0: 3 0x8000db20 (0x01e860b3) x 1 0x9107c000
core   0: 0x8000db24 (0x00ac7533) and     a0, s8, a0
core   0: 3 0x8000db24 (0x00ac7533) x10 0x00000000
core   0: 0x8000db28 (0x00012597) auipc   a1, 0x12
core   0: 3 0x8000db28 (0x00012597) x11 0x8001fb28
core   0: 0x8000db2c (0xb9458593) addi    a1, a1, -1132
core   0: 3 0x8000db2c (0xb9458593) x11 0x8001f6bc
core   0: 0x8000db30 (0xfe05a603) lw      a2, -32(a1)
core   0: 3 0x8000db30 (0xfe05a603) x12 0x54555657 mem 0x8001f69c
core   0: 0x8000db34 (0x00005d17) auipc   s10, 0x5
core   0: 3 0x8000db34 (0x00005d17) x26 0x80012b34
core   0: 0x8000db38 (0x0c7d0d13) addi    s10, s10, 199
core   0: 3 0x8000db38 (0x0c7d0d13) x26 0x80012bfb
core   0: 0x8000db3c (0xfe95c383) lbu     t2, -23(a1)
core   0: 3 0x8000db3c (0xfe95c383) x 7 0x0000005e mem 0x8001f6a5
core   0: 0x8000db40 (0xb28d24a3) sw      s0, -1239(s10)
core   0: 3 0x8000db40 (0xb28d24a3) mem 0x80012724 0x0000013b
core   0: 0x8000db44 (0xfe458ca3) sb      tp, -7(a1)
core   0: 3 0x8000db44 (0xfe458ca3) mem 0x8001f6b5 0xe4
core   0: 0x8000db48 (0xfc458a03) lb      s4, -60(a1)
core   0: 3 0x8000db48 (0xfc458a03) x20 0x0000003b mem 0x8001f680
core   0: 0x8000db4c (0x23ed0323) sb      t5, 550(s10)
core   0: 3 0x8000db4c (0x23ed0323) mem 0x80012e21 0x0
core   0: 0x8000db50 (0xfdb58803) lb      a6, -37(a1)
core   0: 3 0x8000db50 (0xfdb58803) x16 0x0000004c mem 0x8001f697
core   0: 0x8000db54 (0xfdd58183) lb      gp, -35(a1)
core   0: 3 0x8000db54 (0xfdd58183) x 3 0x00000052 mem 0x8001f699
core   0: 0x8000db58 (0x176d15a3) sh      s6, 363(s10)
core   0: 3 0x8000db58 (0x176d15a3) mem 0x80012d66 0x7e64
core   0: 0x8000db5c (0xfe358d23) sb      gp, -6(a1)
core   0: 3 0x8000db5c (0xfe358d23) mem 0x8001f6b6 0x52
core   0: 0x8000db60 (0x3a5d2103) lw      sp, 933(s10)
core   0: 3 0x8000db60 (0x3a5d2103) x 2 0x58595a5b mem 0x80012fa0
core   0: 0x8000db64 (0xf02d4f03) lbu     t5, -254(s10)
core   0: 3 0x8000db64 (0xf02d4f03) x30 0x000000b6 mem 0x80012afd
core   0: 0x8000db68 (0x01158103) lb      sp, 17(a1)
core   0: 3 0x8000db68 (0x01158103) x 2 0xffffff86 mem 0x8001f6cd
core   0: 0x8000db6c (0x00158a03) lb      s4, 1(a1)
core   0: 3 0x8000db6c (0x00158a03) x20 0x00000076 mem 0x8001f6bd
core   0: 0x8000db70 (0x01758aa3) sb      s7, 21(a1)
core   0: 3 0x8000db70 (0x01758aa3) mem 0x8001f6d1 0x40
core   0: 0x8000db74 (0xdbbd0183) lb      gp, -581(s10)
core   0: 3 0x8000db74 (0xdbbd0183) x 3 0x0000006d mem 0x800129b6
core   0: 0x8000db78 (0x409f0eb3) sub     t4, t5, s1
core   0: 3 0x8000db78 (0x409f0eb3) x29 0x7ffd8252
core   0: 0x8000db7c (0x00000013) nop
core   0: 3 0x8000db7c (0x00000013)
core   0: 0x8000db80 (0x4112d333) sra     t1, t0, a7
core   0: 3 0x8000db80 (0x4112d333) x 6 0x1048c478
core   0: 0x8000db84 (0x00e602b3) add     t0, a2, a4
core   0: 3 0x8000db84 (0x00e602b3) x 5 0x54555643
core   0: 0x8000db88 (0x01e6ffb7) lui     t6, 0x1e6f
core   0: 3 0x8000db88 (0x01e6ffb7) x31 0x01e6f000
core   0: 0x8000db8c (0x2821cb93) xori    s7, gp, 642
core   0: 3 0x8000db8c (0x2821cb93) x23 0x000002ef
core   0: 0x8000db90 (0x01c9b733) sltu    a4, s3, t3
core   0: 3 0x8000db90 (0x01c9b733) x14 0x00000001
core   0: 0x8000db94 (0x007f1613) slli    a2, t5, 7
core   0: 3 0x8000db94 (0x007f1613) x12 0x00005b00
core   0: 0x8000db98 (0x01934633) xor     a2, t1, s9
core   0: 3 0x8000db98 (0x01934633) x12 0xba9c0f78
core   0: 0x8000db9c (0x002e8a33) add     s4, t4, sp
core   0: 3 0x8000db9c (0x002e8a33) x20 0x7ffd81d8
core   0: 0x8000dba0 (0x346cc1b7) lui     gp, 0x346cc
core   0: 3 0x8000dba0 (0x346cc1b7) x 3 0x346cc000
core   0: 0x8000dba4 (0x01e8fe63) bgeu    a7, t5, pc + 28
core   0: 3 0x8000dba4 (0x01e8fe63)
core   0: 0x8000dbc0 (0x05c07663) bgeu    zero, t3, pc + 76
core   0: 3 0x8000dbc0 (0x05c07663)
core   0: 0x8000dbc4 (0x8b85fd13) andi    s10, a1, -1864
core   0: 3 0x8000dbc4 (0x8b85fd13) x26 0x8001f0b8
core   0: 0x8000dbc8 (0x2bcfef93) ori     t6, t6, 700
core   0: 3 0x8000dbc8 (0x2bcfef93) x31 0x01e6f2bc
core   0: 0x8000dbcc (0x00000013) nop
core   0: 3 0x8000dbcc (0x00000013)
core   0: 0x8000dbd0 (0xa6a9b593) sltiu   a1, s3, -1430
core   0: 3 0x8000dbd0 (0xa6a9b593) x11 0x00000001
core   0: 0x8000dbd4 (0x99693093) sltiu   ra, s2, -1642
core   0: 3 0x8000dbd4 (0x99693093) x 1 0x00000001
core   0: 0x8000dbd8 (0x045b1263) bne     s6, t0, pc + 68
core   0: 3 0x8000dbd8 (0x045b1263)
core   0: 0x8000dc1c (0x40badc13) srai    s8, s5, 11
core   0: 3 0x8000dc1c (0x40badc13) x24 0x00000000
core   0: 0x8000dc20 (0x90417393) andi    t2, sp, -1788
core   0: 3 0x8000dc20 (0x90417393) x 7 0xfffff904
core   0: 0x8000dc24 (0x13232d93) slti    s11, t1, 306
core   0: 3 0x8000dc24 (0x13232d93) x27 0x00000000
core   0: 0x8000dc28 (0x003a9a33) sll     s4, s5, gp
core   0: 3 0x8000dc28 (0x003a9a33) x20 0x00000001
core   0: 0x8000dc2c (0x00789463) bne     a7, t2, pc + 8
core   0: 3 0x8000dc2c (0x00789463)
core   0: 0x8000dc34 (0x00f4e933) or      s2, s1, a5
core   0: 3 0x8000dc34 (0x00f4e933) x18 0x80027e65
core   0: 0x8000dc38 (0x41565ab3) sra     s5, a2, s5
core   0: 3 0x8000dc38 (0x41565ab3) x21 0xdd4e07bc
core   0: 0x8000dc3c (0x004c0eb3) add     t4, s8, tp
core   0: 3 0x8000dc3c (0x004c0eb3) x29 0x8002bce4
core   0: 0x8000dc40 (0x0ff0000f) fence   iorw,iorw
core   0: 3 0x8000dc40 (0x0ff0000f)
core   0: 0x8000dc44 (0x04565663) bge     a2, t0, pc + 76
core   0: 3 0x8000dc44 (0x04565663)
core   0: 0x8000dc48 (0xc636fd93) andi    s11, a3, -925
core   0: 3 0x8000dc48 (0xc636fd93) x27 0x00002000
core   0: 0x8000dc4c (0x007c58b3) srl     a7, s8, t2
core   0: 3 0x8000dc4c (0x007c58b3) x17 0x00000000
core   0: 0x8000dc50 (0x5cf7b613) sltiu   a2, a5, 1487
core   0: 3 0x8000dc50 (0x5cf7b613) x12 0x00000001
core   0: 0x8000dc54 (0x00b4c663) blt     s1, a1, pc + 12
core   0: 3 0x8000dc54 (0x00b4c663)
core   0: 0x8000dc60 (0x6294cb93) xori    s7, s1, 1577
core   0: 3 0x8000dc60 (0x6294cb93) x23 0x8002784d
core   0: 0x8000dc64 (0x1926cf13) xori    t5, a3, 402
core   0: 3 0x8000dc64 (0x1926cf13) x30 0x00002192
core   0: 0x8000dc68 (0x01aa7c33) and     s8, s4, s10
core   0: 3 0x8000dc68 (0x01aa7c33) x24 0x00000000
core   0: 0x8000dc6c (0x009eba33) sltu    s4, t4, s1
core   0: 3 0x8000dc6c (0x009eba33) x20 0x00000000
core   0: 0x8000dc70 (0x01d8d933) srl     s2, a7, t4
core   0: 3 0x8000dc70 (0x01d8d933) x18 0x00000000
core   0: 0x8000dc74 (0x03156663) bltu    a0, a7, pc + 44
core   0: 3 0x8000dc74 (0x03156663)
core   0: 0x8000dc78 (0x411b56b3) sra     a3, s6, a7
core   0: 3 0x8000dc78 (0x411b56b3) x13 0x80027e64
core   0: 0x8000dc7c (0x26243e37) lui     t3, 0x26243
core   0: 3 0x8000dc7c (0x26243e37) x28 0x26243000
core   0: 0x8000dc80 (0x038d2913) slti    s2, s10, 56
core   0: 3 0x8000dc80 (0x038d2913) x18 0x00000001
core   0: 0x8000dc84 (0x0582e063) bltu    t0, s8, pc + 64
core   0: 3 0x8000dc84 (0x0582e063)
core   0: 0x8000dc88 (0x04c84063) blt     a6, a2, pc + 64
core   0: 3 0x8000dc88 (0x04c84063)
core   0: 0x8000dc8c (0x4b1a0d13) addi    s10, s4, 1201
core   0: 3 0x8000dc8c (0x4b1a0d13) x26 0x000004b1
core   0: 0x8000dc90 (0x054fe463) bltu    t6, s4, pc + 72
core   0: 3 0x8000dc90 (0x054fe463)
core   0: 0x8000dc94 (0x03fa4263) blt     s4, t6, pc + 36
core   0: 3 0x8000dc94 (0x03fa4263)
core   0: 0x8000dcb8 (0x016886b3) add     a3, a7, s6
core   0: 3 0x8000dcb8 (0x016886b3) x13 0x80027e64
core   0: 0x8000dcbc (0x002efe63) bgeu    t4, sp, pc + 28
core   0: 3 0x8000dcbc (0x002efe63)
core   0: 0x8000dcc0 (0x0000100f) fence.i
core   0: 3 0x8000dcc0 (0x0000100f)
core   0: 0x8000dcc4 (0x9b4be013) ori     zero, s7, -1612
core   0: 3 0x8000dcc4 (0x9b4be013)
core   0: 0x8000dcc8 (0x0ff0000f) fence   iorw,iorw
core   0: 3 0x8000dcc8 (0x0ff0000f)
core   0: 0x8000dccc (0x41fe0ab3) sub     s5, t3, t6
core   0: 3 0x8000dccc (0x41fe0ab3) x21 0x243d3d44
core   0: 0x8000dcd0 (0x00893bb3) sltu    s7, s2, s0
core   0: 3 0x8000dcd0 (0x00893bb3) x23 0x00000001
core   0: 0x8000dcd4 (0x4248e113) ori     sp, a7, 1060
core   0: 3 0x8000dcd4 (0x4248e113) x 2 0x00000424
core   0: 0x8000dcd8 (0x002492b3) sll     t0, s1, sp
core   0: 3 0x8000dcd8 (0x002492b3) x 5 0x0027e640
core   0: 0x8000dcdc (0x0116d133) srl     sp, a3, a7
core   0: 3 0x8000dcdc (0x0116d133) x 2 0x80027e64
core   0: 0x8000dce0 (0x214a9bb7) lui     s7, 0x214a9
core   0: 3 0x8000dce0 (0x214a9bb7) x23 0x214a9000
core   0: 0x8000dce4 (0x0cedbd13) sltiu   s10, s11, 206
core   0: 3 0x8000dce4 (0x0cedbd13) x26 0x00000000
core   0: 0x8000dce8 (0x0370c263) blt     ra, s7, pc + 36
core   0: 3 0x8000dce8 (0x0370c263)
core   0: 0x8000dd0c (0x0ff0000f) fence   iorw,iorw
core   0: 3 0x8000dd0c (0x0ff0000f)
core   0: 0x8000dd10 (0x00a89293) slli    t0, a7, 10
core   0: 3 0x8000dd10 (0x00a89293) x 5 0x00000000
core   0: 0x8000dd14 (0x9da1c393) xori    t2, gp, -1574
core   0: 3 0x8000dd14 (0x9da1c393) x 7 0xcb9339da
core   0: 0x8000dd18 (0x05801463) bne     zero, s8, pc + 72
core   0: 3 0x8000dd18 (0x05801463)
core   0: 0x8000dd1c (0x419f5633) sra     a2, t5, s9
core   0: 3 0x8000dd1c (0x419f5633) x12 0x00002192
core   0: 0x8000dd20 (0xf4e83837) lui     a6, 0xf4e83
core   0: 3 0x8000dd20 (0xf4e83837) x16 0xf4e83000
core   0: 0x8000dd24 (0x0000100f) fence.i
core   0: 3 0x8000dd24 (0x0000100f)
core   0: 0x8000dd28 (0x0ff0000f) fence   iorw,iorw
core   0: 3 0x8000dd28 (0x0ff0000f)
core   0: 0x8000dd2c (0x03e37413) andi    s0, t1, 62
core   0: 3 0x8000dd2c (0x03e37413) x 8 0x00000038
core   0: 0x8000dd30 (0x01baf463) bgeu    s5, s11, pc + 8
core   0: 3 0x8000dd30 (0x01baf463)
core   0: 0x8000dd38 (0x01d0de63) bge     ra, t4, pc + 28
core   0: 3 0x8000dd38 (0x01d0de63)
core   0: 0x8000dd54 (0x00000013) nop
core   0: 3 0x8000dd54 (0x00000013)
core   0: 0x8000dd58 (0x66795197) auipc   gp, 0x66795
core   0: 3 0x8000dd58 (0x66795197) x 3 0xe67a2d58
core   0: 0x8000dd5c (0x009e9f93) slli    t6, t4, 9
core   0: 3 0x8000dd5c (0x009e9f93) x31 0x0579c800
core   0: 0x8000dd60 (0x006582b3) add     t0, a1, t1
core   0: 3 0x8000dd60 (0x006582b3) x 5 0x1048c479
core   0: 0x8000dd64 (0x046e9463) bne     t4, t1, pc + 72
core   0: 3 0x8000dd64 (0x046e9463)
core   0: 0x8000ddac (0x409b5433) sra     s0, s6, s1
core   0: 3 0x8000ddac (0x409b5433) x 8 0xf80027e6
core   0: 0x8000ddb0 (0x40aedb93) srai    s7, t4, 10
core   0: 3 0x8000ddb0 (0x40aedb93) x23 0xffe000af
core   0: 0x8000ddb4 (0x01fa2733) slt     a4, s4, t6
core   0: 3 0x8000ddb4 (0x01fa2733) x14 0x00000001
core   0: 0x8000ddb8 (0x02978263) beq     a5, s1, pc + 36
core   0: 3 0x8000ddb8 (0x02978263)
core   0: 0x8000ddbc (0x0ff0000f) fence   iorw,iorw
core   0: 3 0x8000ddbc (0x0ff0000f)
core   0: 0x8000ddc0 (0x40a70933) sub     s2, a4, a0
core   0: 3 0x8000ddc0 (0x40a70933) x18 0x00000001
core   0: 0x8000ddc4 (0x40b007b3) sub     a5, zero, a1
core   0: 3 0x8000ddc4 (0x40b007b3) x15 0xffffffff
core   0: 0x8000ddc8 (0x00a15cb3) srl     s9, sp, a0
core   0: 3 0x8000ddc8 (0x00a15cb3) x25 0x80027e64
core   0: 0x8000ddcc (0x6aea7e13) andi    t3, s4, 1710
core   0: 3 0x8000ddcc (0x6aea7e13) x28 0x00000000
core   0: 0x8000ddd0 (0xd8840e93) addi    t4, s0, -632
core   0: 3 0x8000ddd0 (0xd8840e93) x29 0xf800256e
core   0: 0x8000ddd4 (0x02c55663) bge     a0, a2, pc + 44
core   0: 3 0x8000ddd4 (0x02c55663)
core   0: 0x8000ddd8 (0x0000100f) fence.i
core   0: 3 0x8000ddd8 (0x0000100f)
core   0: 0x8000dddc (0x00d48663) beq     s1, a3, pc + 12
core   0: 3 0x8000dddc (0x00d48663)
core   0: 0x8000dde8 (0x001f1293) slli    t0, t5, 1
core   0: 3 0x8000dde8 (0x001f1293) x 5 0x00004324
core   0: 0x8000ddec (0x01f3eab3) or      s5, t2, t6
core   0: 3 0x8000ddec (0x01f3eab3) x21 0xcffbf9da
core   0: 0x8000ddf0 (0x00110a33) add     s4, sp, ra
core   0: 3 0x8000ddf0 (0x00110a33) x20 0x80027e65
core   0: 0x8000ddf4 (0x0ff0000f) fence   iorw,iorw
core   0: 3 0x8000ddf4 (0x0ff0000f)
core   0: 0x8000ddf8 (0x8a2eca93) xori    s5, t4, -1886
core   0: 3 0x8000ddf8 (0x8a2eca93) x21 0x07ffddcc
core   0: 0x8000ddfc (0x4100d193) srai    gp, ra, 16
core   0: 3 0x8000ddfc (0x4100d193) x 3 0x00000000
core   0: 0x8000de00 (0x0287c063) blt     a5, s0, pc + 32
core   0: 3 0x8000de00 (0x0287c063)
core   0: 0x8000de04 (0xb3718f13) addi    t5, gp, -1225
core   0: 3 0x8000de04 (0xb3718f13) x30 0xfffffb37
core   0: 0x8000de08 (0x00369db3) sll     s11, a3, gp
core   0: 3 0x8000de08 (0x00369db3) x27 0x80027e64
core   0: 0x8000de0c (0x405c84b3) sub     s1, s9, t0
core   0: 3 0x8000de0c (0x405c84b3) x 9 0x80023b40
core   0: 0x8000de10 (0x00000013) nop
core   0: 3 0x8000de10 (0x00000013)
core   0: 0x8000de14 (0x00855593) srli    a1, a0, 8
core   0: 3 0x8000de14 (0x00855593) x11 0x00000000
core   0: 0x8000de18 (0x0405c663) bltz    a1, pc + 76
core   0: 3 0x8000de18 (0x0405c663)
core   0: 0x8000de1c (0x01011193) slli    gp, sp, 16
core   0: 3 0x8000de1c (0x01011193) x 3 0x7e640000
core   0: 0x8000de20 (0x00ebe863) bltu    s7, a4, pc + 16
core   0: 3 0x8000de20 (0x00ebe863)
core   0: 0x8000de24 (0x00232133) slt     sp, t1, sp
core   0: 3 0x8000de24 (0x00232133) x 2 0x00000000
core   0: 0x8000de28 (0x00e632b3) sltu    t0, a2, a4
core   0: 3 0x8000de28 (0x00e632b3) x 5 0x00000000
core   0: 0x8000de2c (0xd9e9ec13) ori     s8, s3, -610
core   0: 3 0x8000de2c (0xd9e9ec13) x24 0xfffffd9e
core   0: 0x8000de30 (0x0172f6b3) and     a3, t0, s7
core   0: 3 0x8000de30 (0x0172f6b3) x13 0x00000000
core   0: 0x8000de34 (0xc420f1b7) lui     gp, 0xc420f
core   0: 3 0x8000de34 (0xc420f1b7) x 3 0xc420f000
core   0: 0x8000de38 (0x005cd463) bge     s9, t0, pc + 8
core   0: 3 0x8000de38 (0x005cd463)
core   0: 0x8000de3c (0x40720633) sub     a2, tp, t2
core   0: 3 0x8000de3c (0x40720633) x12 0xb46f830a
core   0: 0x8000de40 (0x0000100f) fence.i
core   0: 3 0x8000de40 (0x0000100f)
core   0: 0x8000de44 (0x476a0613) addi    a2, s4, 1142
core   0: 3 0x8000de44 (0x476a0613) x12 0x800282db
core   0: 0x8000de48 (0x17868a17) auipc   s4, 0x17868
core   0: 3 0x8000de48 (0x17868a17) x20 0x97875e48
core   0: 0x8000de4c (0x415cd593) srai    a1, s9, 21
core   0: 3 0x8000de4c (0x415cd593) x11 0xfffffc00
core   0: 0x8000de50 (0x40ed5933) sra     s2, s10, a4
core   0: 3 0x8000de50 (0x40ed5933) x18 0x00000000
core   0: 0x8000de54 (0x217cc913) xori    s2, s9, 535
core   0: 3 0x8000de54 (0x217cc913) x18 0x80027c73
core   0: 0x8000de58 (0xd60b5bb7) lui     s7, 0xd60b5
core   0: 3 0x8000de58 (0xd60b5bb7) x23 0xd60b5000
core   0: 0x8000de5c (0x51ab3913) sltiu   s2, s6, 1306
core   0: 3 0x8000de5c (0x51ab3913) x18 0x00000000
core   0: 0x8000de60 (0x05eef863) bgeu    t4, t5, pc + 80
core   0: 3 0x8000de60 (0x05eef863)
core   0: 0x8000de64 (0x01f09413) slli    s0, ra, 31
core   0: 3 0x8000de64 (0x01f09413) x 8 0x80000000
core   0: 0x8000de68 (0x004fde33) srl     t3, t6, tp
core   0: 3 0x8000de68 (0x004fde33) x28 0x00579c80
core   0: 0x8000de6c (0x0181a2b3) slt     t0, gp, s8
core   0: 3 0x8000de6c (0x0181a2b3) x 5 0x00000001
core   0: 0x8000de70 (0x89aa0313) addi    t1, s4, -1894
core   0: 3 0x8000de70 (0x89aa0313) x 6 0x978756e2
core   0: 0x8000de74 (0x0033c463) blt     t2, gp, pc + 8
core   0: 3 0x8000de74 (0x0033c463)
core   0: 0x8000de78 (0x3abe8793) addi    a5, t4, 939
core   0: 3 0x8000de78 (0x3abe8793) x15 0xf8002919
core   0: 0x8000de7c (0x9b4cec13) ori     s8, s9, -1612
core   0: 3 0x8000de7c (0x9b4cec13) x24 0xfffffff4
core   0: 0x8000de80 (0x01929e13) slli    t3, t0, 25
core   0: 3 0x8000de80 (0x01929e13) x28 0x02000000
core   0: 0x8000de84 (0x045bf663) bgeu    s7, t0, pc + 76
core   0: 3 0x8000de84 (0x045bf663)
core   0: 0x8000ded0 (0x02bc9263) bne     s9, a1, pc + 36
core   0: 3 0x8000ded0 (0x02bc9263)
core   0: 0x8000def4 (0x00671f13) slli    t5, a4, 6
core   0: 3 0x8000def4 (0x00671f13) x30 0x00000040
core   0: 0x8000def8 (0x00000013) nop
core   0: 3 0x8000def8 (0x00000013)
core   0: 0x8000defc (0x0ff0000f) fence   iorw,iorw
core   0: 3 0x8000defc (0x0ff0000f)
core   0: 0x8000df00 (0x51f8a613) slti    a2, a7, 1311
core   0: 3 0x8000df00 (0x51f8a613) x12 0x00000001
core   0: 0x8000df04 (0x00000013) nop
core   0: 3 0x8000df04 (0x00000013)
core   0: 0x8000df08 (0x100e6113) ori     sp, t3, 256
core   0: 3 0x8000df08 (0x100e6113) x 2 0x02000100
core   0: 0x8000df0c (0x3bbb2493) slti    s1, s6, 955
core   0: 3 0x8000df0c (0x3bbb2493) x 9 0x00000001
core   0: 0x8000df10 (0x016383b3) add     t2, t2, s6
core   0: 3 0x8000df10 (0x016383b3) x 7 0x4b95b83e
core   0: 0x8000df14 (0x492781b7) lui     gp, 0x49278
core   0: 3 0x8000df14 (0x492781b7) x 3 0x49278000
core   0: 0x8000df18 (0x75ebb893) sltiu   a7, s7, 1886
core   0: 3 0x8000df18 (0x75ebb893) x17 0x00000000
core   0: 0x8000df1c (0x00b79793) slli    a5, a5, 11
core   0: 3 0x8000df1c (0x00b79793) x15 0x0148c800
core   0: 0x8000df20 (0x414e54b3) sra     s1, t3, s4
core   0: 3 0x8000df20 (0x414e54b3) x 9 0x00020000
core   0: 0x8000df24 (0x538eb613) sltiu   a2, t4, 1336
core   0: 3 0x8000df24 (0x538eb613) x12 0x00000000
core   0: 0x8000df28 (0x00decfb3) xor     t6, t4, a3
core   0: 3 0x8000df28 (0x00decfb3) x31 0xf800256e
core   0: 0x8000df2c (0x01ade863) bltu    s11, s10, pc + 16
core   0: 3 0x8000df2c (0x01ade863)
core   0: 0x8000df30 (0x016b5eb3) srl     t4, s6, s6
core   0: 3 0x8000df30 (0x016b5eb3) x29 0x080027e6
core   0: 0x8000df34 (0x00000013) nop
core   0: 3 0x8000df34 (0x00000013)
core   0: 0x8000df38 (0xbf9a1837) lui     a6, 0xbf9a1
core   0: 3 0x8000df38 (0xbf9a1837) x16 0xbf9a1000
core   0: 0x8000df3c (0x00886ab3) or      s5, a6, s0
core   0: 3 0x8000df3c (0x00886ab3) x21 0xbf9a1000
core   0: 0x8000df40 (0x00000013) nop
core   0: 3 0x8000df40 (0x00000013)
core   0: 0x8000df44 (0x00471613) slli    a2, a4, 4
core   0: 3 0x8000df44 (0x00471613) x12 0x00000010
core   0: 0x8000df48 (0x02999063) bne     s3, s1, pc + 32
core   0: 3 0x8000df48 (0x02999063)
core   0: 0x8000df68 (0x48c6a813) slti    a6, a3, 1164
core   0: 3 0x8000df68 (0x48c6a813) x16 0x00000001
core   0: 0x8000df6c (0x00aa6033) or      zero, s4, a0
core   0: 3 0x8000df6c (0x00aa6033)
core   0: 0x8000df70 (0x00aa26b3) slt     a3, s4, a0
core   0: 3 0x8000df70 (0x00aa26b3) x13 0x00000001
core   0: 0x8000df74 (0x0ff0000f) fence   iorw,iorw
core   0: 3 0x8000df74 (0x0ff0000f)
core   0: 0x8000df78 (0x0161ad33) slt     s10, gp, s6
core   0: 3 0x8000df78 (0x0161ad33) x26 0x00000000
core   0: 0x8000df7c (0x13a3c513) xori    a0, t2, 314
core   0: 3 0x8000df7c (0x13a3c513) x10 0x4b95b904
core   0: 0x8000df80 (0x0068dd13) srli    s10, a7, 6
core   0: 3 0x8000df80 (0x0068dd13) x26 0x00000000
core   0: 0x8000df84 (0x2dfad317) auipc   t1, 0x2dfad
core   0: 3 0x8000df84 (0x2dfad317) x 6 0xadfbaf84
core   0: 0x8000df88 (0x017a6e33) or      t3, s4, s7
core   0: 3 0x8000df88 (0x017a6e33) x28 0xd78f5e48
core   0: 0x8000df8c (0xa9747e13) andi    t3, s0, -1385
core   0: 3 0x8000df8c (0xa9747e13) x28 0x80000000
core   0: 0x8000df90 (0x55f13313) sltiu   t1, sp, 1375
core   0: 3 0x8000df90 (0x55f13313) x 6 0x00000000
core   0: 0x8000df94 (0x011b9013) slli    zero, s7, 17
core   0: 3 0x8000df94 (0x011b9013)
core   0: 0x8000df98 (0x00360333) add     t1, a2, gp
core   0: 3 0x8000df98 (0x00360333) x 6 0x49278010
core   0: 0x8000df9c (0xa4c83d93) sltiu   s11, a6, -1460
core   0: 3 0x8000df9c (0xa4c83d93) x27 0x00000001
core   0: 0x8000dfa0 (0x05134863) blt     t1, a7, pc + 80
core   0: 3 0x8000dfa0 (0x05134863)
core   0: 0x8000dfa4 (0x410a8833) sub     a6, s5, a6
core   0: 3 0x8000dfa4 (0x410a8833) x16 0xbf9a0fff
core   0: 0x8000dfa8 (0x007f1c13) slli    s8, t5, 7
core   0: 3 0x8000dfa8 (0x007f1c13) x24 0x00002000
core   0: 0x8000dfac (0xc8ba6613) ori     a2, s4, -885
core   0: 3 0x8000dfac (0xc8ba6613) x12 0xfffffecb
core   0: 0x8000dfb0 (0x00000013) nop
core   0: 3 0x8000dfb0 (0x00000013)
core   0: 0x8000dfb4 (0x81deba13) sltiu   s4, t4, -2019
core   0: 3 0x8000dfb4 (0x81deba13) x20 0x00000001
core   0: 0x8000dfb8 (0x04aa9463) bne     s5, a0, pc + 72
core   0: 3 0x8000dfb8 (0x04aa9463)
core   0: 0x8000e000 (0x03d27663) bgeu    tp, t4, pc + 44
core   0: 3 0x8000e000 (0x03d27663)
core   0: 0x8000e02c (0x0129d293) srli    t0, s3, 18
core   0: 3 0x8000e02c (0x0129d293) x 5 0x00003f99
core   0: 0x8000e030 (0x00130933) add     s2, t1, ra
core   0: 3 0x8000e030 (0x00130933) x18 0x49278011
core   0: 0x8000e034 (0x24629297) auipc   t0, 0x24629
core   0: 3 0x8000e034 (0x24629297) x 5 0xa4637034
core   0: 0x8000e038 (0x01ddf8b3) and     a7, s11, t4
core   0: 3 0x8000e038 (0x01ddf8b3) x17 0x00000000
core   0: 0x8000e03c (0x40205bb3) sra     s7, zero, sp
core   0: 3 0x8000e03c (0x40205bb3) x23 0x00000000
core   0: 0x8000e040 (0x011d0e63) beq     s10, a7, pc + 28
core   0: 3 0x8000e040 (0x011d0e63)
core   0: 0x8000e05c (0x01511463) bne     sp, s5, pc + 8
core   0: 3 0x8000e05c (0x01511463)
core   0: 0x8000e064 (0x406a5833) sra     a6, s4, t1
core   0: 3 0x8000e064 (0x406a5833) x16 0x00000000
core   0: 0x8000e068 (0x0271e063) bltu    gp, t2, pc + 32
core   0: 3 0x8000e068 (0x0271e063)
core   0: 0x8000e088 (0x05505263) bge     zero, s5, pc + 68
core   0: 3 0x8000e088 (0x05505263)
core   0: 0x8000e0cc (0x05480663) beq     a6, s4, pc + 76
core   0: 3 0x8000e0cc (0x05480663)
core   0: 0x8000e0d0 (0x017962b3) or      t0, s2, s7
core   0: 3 0x8000e0d0 (0x017962b3) x 5 0x49278011
core   0: 0x8000e0d4 (0x878fcc13) xori    s8, t6, -1928
core   0: 3 0x8000e0d4 (0x878fcc13) x24 0x07ffdd16
core   0: 0x8000e0d8 (0x0075e933) or      s2, a1, t2
core   0: 3 0x8000e0d8 (0x0075e933) x18 0xfffffc3e
core   0: 0x8000e0dc (0x01ae8733) add     a4, t4, s10
core   0: 3 0x8000e0dc (0x01ae8733) x14 0x080027e6
core   0: 0x8000e0e0 (0x00681433) sll     s0, a6, t1
core   0: 3 0x8000e0e0 (0x00681433) x 8 0x00000000
core   0: 0x8000e0e4 (0x0176e463) bltu    a3, s7, pc + 8
core   0: 3 0x8000e0e4 (0x0176e463)
core   0: 0x8000e0e8 (0x40725513) srai    a0, tp, 7
core   0: 3 0x8000e0e8 (0x40725513) x10 0xff000579
core   0: 0x8000e0ec (0xaaca4313) xori    t1, s4, -1364
core   0: 3 0x8000e0ec (0xaaca4313) x 6 0xfffffaad
core   0: 0x8000e0f0 (0x0024c133) xor     sp, s1, sp
core   0: 3 0x8000e0f0 (0x0024c133) x 2 0x02020100
core   0: 0x8000e0f4 (0x3e4ec713) xori    a4, t4, 996
core   0: 3 0x8000e0f4 (0x3e4ec713) x14 0x08002402
core   0: 0x8000e0f8 (0x57694837) lui     a6, 0x57694
core   0: 3 0x8000e0f8 (0x57694837) x16 0x57694000
core   0: 0x8000e0fc (0x015b7463) bgeu    s6, s5, pc + 8
core   0: 3 0x8000e0fc (0x015b7463)
core   0: 0x8000e100 (0x00ca1393) slli    t2, s4, 12
core   0: 3 0x8000e100 (0x00ca1393) x 7 0x00001000
core   0: 0x8000e104 (0x63097013) andi    zero, s2, 1584
core   0: 3 0x8000e104 (0x63097013)
core   0: 0x8000e108 (0xddf83913) sltiu   s2, a6, -545
core   0: 3 0x8000e108 (0xddf83913) x18 0x00000001
core   0: 0x8000e10c (0xd66e3f13) sltiu   t5, t3, -666
core   0: 3 0x8000e10c (0xd66e3f13) x30 0x00000001
core   0: 0x8000e110 (0x012e5133) srl     sp, t3, s2
core   0: 3 0x8000e110 (0x012e5133) x 2 0x40000000
core   0: 0x8000e114 (0x0000100f) fence.i
core   0: 3 0x8000e114 (0x0000100f)
core   0: 0x8000e118 (0x00000013) nop
core   0: 3 0x8000e118 (0x00000013)
core   0: 0x8000e11c (0x017276b3) and     a3, tp, s7
core   0: 3 0x8000e11c (0x017276b3) x13 0x00000000
core   0: 0x8000e120 (0x042a1063) bne     s4, sp, pc + 64
core   0: 3 0x8000e120 (0x042a1063)
core   0: 0x8000e160 (0x00c02bb3) slt     s7, zero, a2
core   0: 3 0x8000e160 (0x00c02bb3) x23 0x00000000
core   0: 0x8000e164 (0x00000013) nop
core   0: 3 0x8000e164 (0x00000013)
core   0: 0x8000e168 (0x00bce0b3) or      ra, s9, a1
core   0: 3 0x8000e168 (0x00bce0b3) x 1 0xfffffe64
core   0: 0x8000e16c (0x40e854b3) sra     s1, a6, a4
core   0: 3 0x8000e16c (0x40e854b3) x 9 0x15da5000
core   0: 0x8000e170 (0x04a08663) beq     ra, a0, pc + 76
core   0: 3 0x8000e170 (0x04a08663)
core   0: 0x8000e174 (0x0ff0000f) fence   iorw,iorw
core   0: 3 0x8000e174 (0x0ff0000f)
core   0: 0x8000e178 (0xeb2b8913) addi    s2, s7, -334
core   0: 3 0x8000e178 (0xeb2b8913) x18 0xfffffeb2
core   0: 0x8000e17c (0x00269d13) slli    s10, a3, 2
core   0: 3 0x8000e17c (0x00269d13) x26 0x00000000
core   0: 0x8000e180 (0x012b7db3) and     s11, s6, s2
core   0: 3 0x8000e180 (0x012b7db3) x27 0x80027e20
core   0: 0x8000e184 (0x4257ba13) sltiu   s4, a5, 1061
core   0: 3 0x8000e184 (0x4257ba13) x20 0x00000000
core   0: 0x8000e188 (0x00f5f433) and     s0, a1, a5
core   0: 3 0x8000e188 (0x00f5f433) x 8 0x0148c800
core   0: 0x8000e18c (0x41885713) srai    a4, a6, 24
core   0: 3 0x8000e18c (0x41885713) x14 0x00000057
core   0: 0x8000e190 (0x804f0e93) addi    t4, t5, -2044
core   0: 3 0x8000e190 (0x804f0e93) x29 0xfffff805
core   0: 0x8000e194 (0xa16e3e13) sltiu   t3, t3, -1514
core   0: 3 0x8000e194 (0xa16e3e13) x28 0x00000001
core   0: 0x8000e198 (0x019546b3) xor     a3, a0, s9
core   0: 3 0x8000e198 (0x019546b3) x13 0x7f027b1d
core   0: 0x8000e19c (0xe9b56693) ori     a3, a0, -357
core   0: 3 0x8000e19c (0xe9b56693) x13 0xfffffffb
core   0: 0x8000e1a0 (0x00c79093) slli    ra, a5, 12
core   0: 3 0x8000e1a0 (0x00c79093) x 1 0x8c800000
core   0: 0x8000e1a4 (0x0128f463) bgeu    a7, s2, pc + 8
core   0: 3 0x8000e1a4 (0x0128f463)
core   0: 0x8000e1a8 (0x41e9d393) srai    t2, s3, 30
core   0: 3 0x8000e1a8 (0x41e9d393) x 7 0xffffffff
core   0: 0x8000e1ac (0x41a5d113) srai    sp, a1, 26
core   0: 3 0x8000e1ac (0x41a5d113) x 2 0xffffffff
core   0: 0x8000e1b0 (0x01d7f1b3) and     gp, a5, t4
core   0: 3 0x8000e1b0 (0x01d7f1b3) x 3 0x0148c800
core   0: 0x8000e1b4 (0x0046e4b3) or      s1, a3, tp
core   0: 3 0x8000e1b4 (0x0046e4b3) x 9 0xffffffff
core   0: 0x8000e1b8 (0x03acf263) bgeu    s9, s10, pc + 36
core   0: 3 0x8000e1b8 (0x03acf263)
core   0: 0x8000e1dc (0x040cc463) bltz    s9, pc + 72
core   0: 3 0x8000e1dc (0x040cc463)
core   0: 0x8000e224 (0x40ced533) sra     a0, t4, a2
core   0: 3 0x8000e224 (0x40ced533) x10 0xffffffff
core   0: 0x8000e228 (0xbcae6093) ori     ra, t3, -1078
core   0: 3 0x8000e228 (0xbcae6093) x 1 0xfffffbcb
core   0: 0x8000e22c (0x045a6663) bltu    s4, t0, pc + 76
core   0: 3 0x8000e22c (0x045a6663)
core   0: 0x8000e278 (0x41e0d693) srai    a3, ra, 30
core   0: 3 0x8000e278 (0x41e0d693) x13 0xffffffff
core   0: 0x8000e27c (0x01102c33) slt     s8, zero, a7
core   0: 3 0x8000e27c (0x01102c33) x24 0x00000000
core   0: 0x8000e280 (0x0f9abe13) sltiu   t3, s5, 249
core   0: 3 0x8000e280 (0x0f9abe13) x28 0x00000000
core   0: 0x8000e284 (0x01f4d7b3) srl     a5, s1, t6
core   0: 3 0x8000e284 (0x01f4d7b3) x15 0x0003ffff
core   0: 0x8000e288 (0x05d85463) bge     a6, t4, pc + 72
core   0: 3 0x8000e288 (0x05d85463)
core   0: 0x8000e2d0 (0x00000013) nop
core   0: 3 0x8000e2d0 (0x00000013)
core   0: 0x8000e2d4 (0x0596c863) blt     a3, s9, pc + 80
core   0: 3 0x8000e2d4 (0x0596c863)
core   0: 0x8000e2d8 (0x32216193) ori     gp, sp, 802
core   0: 3 0x8000e2d8 (0x32216193) x 3 0xffffffff
core   0: 0x8000e2dc (0xc8527813) andi    a6, tp, -891
core   0: 3 0x8000e2dc (0xc8527813) x16 0x8002bc84
core   0: 0x8000e2e0 (0x134dd517) auipc   a0, 0x134dd
core   0: 3 0x8000e2e0 (0x134dd517) x10 0x934eb2e0
core   0: 0x8000e2e4 (0x01b60663) beq     a2, s11, pc + 12
core   0: 3 0x8000e2e4 (0x01b60663)
core   0: 0x8000e2e8 (0x4148d513) srai    a0, a7, 20
core   0: 3 0x8000e2e8 (0x4148d513) x10 0x00000000
core   0: 0x8000e2ec (0x00e7aab3) slt     s5, a5, a4
core   0: 3 0x8000e2ec (0x00e7aab3) x21 0x00000000
core   0: 0x8000e2f0 (0x5aa6a8b7) lui     a7, 0x5aa6a
core   0: 3 0x8000e2f0 (0x5aa6a8b7) x17 0x5aa6a000
core   0: 0x8000e2f4 (0x41355913) srai    s2, a0, 19
core   0: 3 0x8000e2f4 (0x41355913) x18 0x00000000
core   0: 0x8000e2f8 (0x76df0137) lui     sp, 0x76df0
core   0: 3 0x8000e2f8 (0x76df0137) x 2 0x76df0000
core   0: 0x8000e2fc (0x01c3f463) bgeu    t2, t3, pc + 8
core   0: 3 0x8000e2fc (0x01c3f463)
core   0: 0x8000e304 (0x41e8de93) srai    t4, a7, 30
core   0: 3 0x8000e304 (0x41e8de93) x29 0x00000001
core   0: 0x8000e308 (0xac832893) slti    a7, t1, -1336
core   0: 3 0x8000e308 (0xac832893) x17 0x00000001
core   0: 0x8000e30c (0xc03d6f13) ori     t5, s10, -1021
core   0: 3 0x8000e30c (0xc03d6f13) x30 0xfffffc03
core   0: 0x8000e310 (0x0ff0000f) fence   iorw,iorw
core   0: 3 0x8000e310 (0x0ff0000f)
core   0: 0x8000e314 (0x417adf93) srai    t6, s5, 23
core   0: 3 0x8000e314 (0x417adf93) x31 0x00000000
core   0: 0x8000e318 (0x00000013) nop
core   0: 3 0x8000e318 (0x00000013)
core   0: 0x8000e31c (0x00aab2b3) sltu    t0, s5, a0
core   0: 3 0x8000e31c (0x00aab2b3) x 5 0x00000000
core   0: 0x8000e320 (0xebca8113) addi    sp, s5, -324
core   0: 3 0x8000e320 (0xebca8113) x 2 0xfffffebc
core   0: 0x8000e324 (0x00ec0bb3) add     s7, s8, a4
core   0: 3 0x8000e324 (0x00ec0bb3) x23 0x00000057
core   0: 0x8000e328 (0x03adc663) blt     s11, s10, pc + 44
core   0: 3 0x8000e328 (0x03adc663)
core   0: 0x8000e354 (0x40fb0ab3) sub     s5, s6, a5
core   0: 3 0x8000e354 (0x40fb0ab3) x21 0x7ffe7e65
core   0: 0x8000e358 (0x1c55a313) slti    t1, a1, 453
core   0: 3 0x8000e358 (0x1c55a313) x 6 0x00000001
core   0: 0x8000e35c (0x63cb0a37) lui     s4, 0x63cb0
core   0: 3 0x8000e35c (0x63cb0a37) x20 0x63cb0000
core   0: 0x8000e360 (0x00000013) nop
core   0: 3 0x8000e360 (0x00000013)
core   0: 0x8000e364 (0x01b013b3) sll     t2, zero, s11
core   0: 3 0x8000e364 (0x01b013b3) x 7 0x00000000
core   0: 0x8000e368 (0x068e0113) addi    sp, t3, 104
core   0: 3 0x8000e368 (0x068e0113) x 2 0x00000068
core   0: 0x8000e36c (0xdc372917) auipc   s2, 0xdc372
core   0: 3 0x8000e36c (0xdc372917) x18 0x5c38036c
core   0: 0x8000e370 (0x03b1d263) bge     gp, s11, pc + 36
core   0: 3 0x8000e370 (0x03b1d263)
core   0: 0x8000e394 (0xeca1bf93) sltiu   t6, gp, -310
core   0: 3 0x8000e394 (0xeca1bf93) x31 0x00000000
core   0: 0x8000e398 (0x0ff0000f) fence   iorw,iorw
core   0: 3 0x8000e398 (0x0ff0000f)
core   0: 0x8000e39c (0x41f75c33) sra     s8, a4, t6
core   0: 3 0x8000e39c (0x41f75c33) x24 0x00000057
core   0: 0x8000e3a0 (0x0015d493) srli    s1, a1, 1
core   0: 3 0x8000e3a0 (0x0015d493) x 9 0x7ffffe00
core   0: 0x8000e3a4 (0xd36e0193) addi    gp, t3, -714
core   0: 3 0x8000e3a4 (0xd36e0193) x 3 0xfffffd36
core   0: 0x8000e3a8 (0x0ff0000f) fence   iorw,iorw
core   0: 3 0x8000e3a8 (0x0ff0000f)
core   0: 0x8000e3ac (0x16838013) addi    zero, t2, 360
core   0: 3 0x8000e3ac (0x16838013)
core   0: 0x8000e3b0 (0x29753713) sltiu   a4, a0, 663
core   0: 3 0x8000e3b0 (0x29753713) x14 0x00000001
core   0: 0x8000e3b4 (0x00b854b3) srl     s1, a6, a1
core   0: 3 0x8000e3b4 (0x00b854b3) x 9 0x8002bc84
core   0: 0x8000e3b8 (0x00408ab3) add     s5, ra, tp
core   0: 3 0x8000e3b8 (0x00408ab3) x21 0x8002b8af
core   0: 0x8000e3bc (0x0000100f) fence.i
core   0: 3 0x8000e3bc (0x0000100f)
core   0: 0x8000e3c0 (0x0000100f) fence.i
core   0: 3 0x8000e3c0 (0x0000100f)
core   0: 0x8000e3c4 (0x28be1d37) lui     s10, 0x28be1
core   0: 3 0x8000e3c4 (0x28be1d37) x26 0x28be1000
core   0: 0x8000e3c8 (0x05e00463) beq     zero, t5, pc + 72
core   0: 3 0x8000e3c8 (0x05e00463)
core   0: 0x8000e3cc (0x00670663) beq     a4, t1, pc + 12
core   0: 3 0x8000e3cc (0x00670663)
core   0: 0x8000e3d8 (0x04428263) beq     t0, tp, pc + 68
core   0: 3 0x8000e3d8 (0x04428263)
core   0: 0x8000e3dc (0x003c5893) srli    a7, s8, 3
core   0: 3 0x8000e3dc (0x003c5893) x17 0x0000000a
core   0: 0x8000e3e0 (0x0168e733) or      a4, a7, s6
core   0: 3 0x8000e3e0 (0x0168e733) x14 0x80027e6e
core   0: 0x8000e3e4 (0x0000100f) fence.i
core   0: 3 0x8000e3e4 (0x0000100f)
core   0: 0x8000e3e8 (0x41398633) sub     a2, s3, s3
core   0: 3 0x8000e3e8 (0x41398633) x12 0x00000000
core   0: 0x8000e3ec (0x1bfb2513) slti    a0, s6, 447
core   0: 3 0x8000e3ec (0x1bfb2513) x10 0x00000001
core   0: 0x8000e3f0 (0x01dfbd33) sltu    s10, t6, t4
core   0: 3 0x8000e3f0 (0x01dfbd33) x26 0x00000001
core   0: 0x8000e3f4 (0x0062bab3) sltu    s5, t0, t1
core   0: 3 0x8000e3f4 (0x0062bab3) x21 0x00000001
core   0: 0x8000e3f8 (0x01b556b3) srl     a3, a0, s11
core   0: 3 0x8000e3f8 (0x01b556b3) x13 0x00000001
core   0: 0x8000e3fc (0x00000013) nop
core   0: 3 0x8000e3fc (0x00000013)
core   0: 0x8000e400 (0x0000100f) fence.i
core   0: 3 0x8000e400 (0x0000100f)
core   0: 0x8000e404 (0x00e0dd33) srl     s10, ra, a4
core   0: 3 0x8000e404 (0x00e0dd33) x26 0x0003ffff
core   0: 0x8000e408 (0x00e51a93) slli    s5, a0, 14
core   0: 3 0x8000e408 (0x00e51a93) x21 0x00004000
core   0: 0x8000e40c (0x0135a733) slt     a4, a1, s3
core   0: 3 0x8000e40c (0x0135a733) x14 0x00000000
core   0: 0x8000e410 (0xa289be93) sltiu   t4, s3, -1496
core   0: 3 0x8000e410 (0xa289be93) x29 0x00000001
core   0: 0x8000e414 (0x05fae663) bltu    s5, t6, pc + 76
core   0: 3 0x8000e414 (0x05fae663)
core   0: 0x8000e418 (0x00267cb3) and     s9, a2, sp
core   0: 3 0x8000e418 (0x00267cb3) x25 0x00000000
core   0: 0x8000e41c (0x02307063) bgeu    zero, gp, pc + 32
core   0: 3 0x8000e41c (0x02307063)
core   0: 0x8000e420 (0x0000100f) fence.i
core   0: 3 0x8000e420 (0x0000100f)
core   0: 0x8000e424 (0xd1988617) auipc   a2, 0xd1988
core   0: 3 0x8000e424 (0xd1988617) x12 0x51996424
core   0: 0x8000e428 (0x00c25413) srli    s0, tp, 12
core   0: 3 0x8000e428 (0x00c25413) x 8 0x0008002b
core   0: 0x8000e42c (0x00000013) nop
core   0: 3 0x8000e42c (0x00000013)
core   0: 0x8000e430 (0xbded5317) auipc   t1, 0xbded5
core   0: 3 0x8000e430 (0xbded5317) x 6 0x3dee3430
core   0: 0x8000e434 (0x41b6da13) srai    s4, a3, 27
core   0: 3 0x8000e434 (0x41b6da13) x20 0x00000000
core   0: 0x8000e438 (0x04956063) bltu    a0, s1, pc + 64
core   0: 3 0x8000e438 (0x04956063)
core   0: 0x8000e478 (0x01701813) slli    a6, zero, 23
core   0: 3 0x8000e478 (0x01701813) x16 0x00000000
core   0: 0x8000e47c (0x038cd263) bge     s9, s8, pc + 36
core   0: 3 0x8000e47c (0x038cd263)
core   0: 0x8000e480 (0x6f1fc313) xori    t1, t6, 1777
core   0: 3 0x8000e480 (0x6f1fc313) x 6 0x000006f1
core   0: 0x8000e484 (0x00000013) nop
core   0: 3 0x8000e484 (0x00000013)
core   0: 0x8000e488 (0x01bad333) srl     t1, s5, s11
core   0: 3 0x8000e488 (0x01bad333) x 6 0x00004000
core   0: 0x8000e48c (0x3a8aee93) ori     t4, s5, 936
core   0: 3 0x8000e48c (0x3a8aee93) x29 0x000043a8
core   0: 0x8000e490 (0x00920bb3) add     s7, tp, s1
core   0: 3 0x8000e490 (0x00920bb3) x23 0x00057968
core   0: 0x8000e494 (0x19670a93) addi    s5, a4, 406
core   0: 3 0x8000e494 (0x19670a93) x21 0x00000196
core   0: 0x8000e498 (0x0a16c863) blt     a3, ra, pc + 176
core   0: 3 0x8000e498 (0x0a16c863)
core   0: 0x8000e49c (0x41900a33) sub     s4, zero, s9
core   0: 3 0x8000e49c (0x41900a33) x20 0x00000000
core   0: 0x8000e4a0 (0x40cfd133) sra     sp, t6, a2
core   0: 3 0x8000e4a0 (0x40cfd133) x 2 0x00000000
core   0: 0x8000e4a4 (0x017432b3) sltu    t0, s0, s7
core   0: 3 0x8000e4a4 (0x017432b3) x 5 0x00000000
core   0: 0x8000e4a8 (0x000980b3) add     ra, s3, zero
core   0: 3 0x8000e4a8 (0x000980b3) x 1 0xfe64ec9c
core   0: 0x8000e4ac (0x0f74e063) bltu    s1, s7, pc + 224
core   0: 3 0x8000e4ac (0x0f74e063)
core   0: 0x8000e4b0 (0x00004117) auipc   sp, 0x4
core   0: 3 0x8000e4b0 (0x00004117) x 2 0x800124b0
core   0: 0x8000e4b4 (0x4aa10113) addi    sp, sp, 1194
core   0: 3 0x8000e4b4 (0x4aa10113) x 2 0x8001295a
core   0: 0x8000e4b8 (0x4140da33) sra     s4, ra, s4
core   0: 3 0x8000e4b8 (0x4140da33) x20 0xfe64ec9c
core   0: 0x8000e4bc (0x0000100f) fence.i
core   0: 3 0x8000e4bc (0x0000100f)
core   0: 0x8000e4c0 (0xffc10b83) lb      s7, -4(sp)
core   0: 3 0x8000e4c0 (0xffc10b83) x23 0x0000000d mem 0x80012956
core   0: 0x8000e4c4 (0x00914b83) lbu     s7, 9(sp)
core   0: 3 0x8000e4c4 (0x00914b83) x23 0x000000ef mem 0x80012963
core   0: 0x8000e4c8 (0xff614b83) lbu     s7, -10(sp)
core   0: 3 0x8000e4c8 (0xff614b83) x23 0x0000008b mem 0x80012950
core   0: 0x8000e4cc (0x00d0d613) srli    a2, ra, 13
core   0: 3 0x8000e4cc (0x00d0d613) x12 0x0007f327
core   0: 0x8000e4d0 (0x00410083) lb      ra, 4(sp)
core   0: 3 0x8000e4d0 (0x00410083) x 1 0x00000000 mem 0x8001295e
core   0: 0x8000e4d4 (0x414600b3) sub     ra, a2, s4
core   0: 3 0x8000e4d4 (0x414600b3) x 1 0x01a3068b
core   0: 0x8000e4d8 (0xff411f23) sh      s4, -2(sp)
core   0: 3 0x8000e4d8 (0xff411f23) mem 0x80012958 0xec9c
core   0: 0x8000e4dc (0x00a14a03) lbu     s4, 10(sp)
core   0: 3 0x8000e4dc (0x00a14a03) x20 0x0000001f mem 0x80012964
core   0: 0x8000e4e0 (0x00811a03) lh      s4, 8(sp)
core   0: 3 0x8000e4e0 (0x00811a03) x20 0xffffef00 mem 0x80012962
core   0: 0x8000e4e4 (0x00a11083) lh      ra, 10(sp)
core   0: 3 0x8000e4e4 (0x00a11083) x 1 0x00001e1f mem 0x80012964
core   0: 0x8000e4e8 (0x0ff0000f) fence   iorw,iorw
core   0: 3 0x8000e4e8 (0x0ff0000f)
core   0: 0x8000e4ec (0x00e09693) slli    a3, ra, 14
core   0: 3 0x8000e4ec (0x00e09693) x13 0x0787c000
core   0: 0x8000e4f0 (0x00d10023) sb      a3, 0(sp)
core   0: 3 0x8000e4f0 (0x00d10023) mem 0x8001295a 0x0
core   0: 0x8000e4f4 (0x00c330b3) sltu    ra, t1, a2
core   0: 3 0x8000e4f4 (0x00c330b3) x 1 0x00000001
core   0: 0x8000e4f8 (0x0000100f) fence.i
core   0: 3 0x8000e4f8 (0x0000100f)
core   0: 0x8000e4fc (0x00c09093) slli    ra, ra, 12
core   0: 3 0x8000e4fc (0x00c09093) x 1 0x00001000
core   0: 0x8000e500 (0x0060f0b3) and     ra, ra, t1
core   0: 3 0x8000e500 (0x0060f0b3) x 1 0x00000000
core   0: 0x8000e504 (0x00e61093) slli    ra, a2, 14
core   0: 3 0x8000e504 (0x00e61093) x 1 0xfcc9c000
core   0: 0x8000e508 (0x00d11123) sh      a3, 2(sp)
core   0: 3 0x8000e508 (0x00d11123) mem 0x8001295c 0xc000
core   0: 0x8000e50c (0x40c0d6b3) sra     a3, ra, a2
core   0: 3 0x8000e50c (0x40c0d6b3) x13 0xfff99380
core   0: 0x8000e510 (0x417a56b3) sra     a3, s4, s7
core   0: 3 0x8000e510 (0x417a56b3) x13 0xfffffffd
core   0: 0x8000e514 (0xfed11f23) sh      a3, -2(sp)
core   0: 3 0x8000e514 (0xfed11f23) mem 0x80012958 0xfffd
core   0: 0x8000e518 (0x00000013) nop
core   0: 3 0x8000e518 (0x00000013)
core   0: 0x8000e51c (0x00110083) lb      ra, 1(sp)
core   0: 3 0x8000e51c (0x00110083) x 1 0x00000010 mem 0x8001295b
core   0: 0x8000e520 (0x0ff0000f) fence   iorw,iorw
core   0: 3 0x8000e520 (0x0ff0000f)
core   0: 0x8000e524 (0xff815b83) lhu     s7, -8(sp)
core   0: 3 0x8000e524 (0xff815b83) x23 0x00008001 mem 0x80012952
core   0: 0x8000e528 (0x69b87617) auipc   a2, 0x69b87
core   0: 3 0x8000e528 (0x69b87617) x12 0xe9b95528
core   0: 0x8000e52c (0x01460333) add     t1, a2, s4
core   0: 3 0x8000e52c (0x01460333) x 6 0xe9b94428
core   0: 0x8000e530 (0x006a0633) add     a2, s4, t1
core   0: 3 0x8000e530 (0x006a0633) x12 0xe9b93328
core   0: 0x8000e534 (0x406b86b3) sub     a3, s7, t1
core   0: 3 0x8000e534 (0x406b86b3) x13 0x16473bd9
core   0: 0x8000e538 (0x0000100f) fence.i
core   0: 3 0x8000e538 (0x0000100f)
core   0: 0x8000e53c (0x00169333) sll     t1, a3, ra
core   0: 3 0x8000e53c (0x00169333) x 6 0x3bd90000
core   0: 0x8000e540 (0x01711623) sh      s7, 12(sp)
core   0: 3 0x8000e540 (0x01711623) mem 0x80012966 0x8001
core   0: 0x8000e544 (0x029b0063) beq     s6, s1, pc + 32
core   0: 3 0x8000e544 (0x029b0063)
core   0: 0x8000e548 (0x006ef0b3) and     ra, t4, t1
core   0: 3 0x8000e548 (0x006ef0b3) x 1 0x00000000
core   0: 0x8000e54c (0x004d9033) sll     zero, s11, tp
core   0: 3 0x8000e54c (0x004d9033)
core   0: 0x8000e550 (0xc6740d13) addi    s10, s0, -921
core   0: 3 0x8000e550 (0xc6740d13) x26 0x0007fc92
core   0: 0x8000e554 (0x9e156893) ori     a7, a0, -1567
core   0: 3 0x8000e554 (0x9e156893) x17 0xfffff9e1
core   0: 0x8000e558 (0x404fd033) sra     zero, t6, tp
core   0: 3 0x8000e558 (0x404fd033)
core   0: 0x8000e55c (0xff190913) addi    s2, s2, -15
core   0: 3 0x8000e55c (0xff190913) x18 0x5c38035d
core   0: 0x8000e560 (0x83946397) auipc   t2, 0x83946
core   0: 3 0x8000e560 (0x83946397) x 7 0x03954560
core   0: 0x8000e564 (0x01371e33) sll     t3, a4, s3
core   0: 3 0x8000e564 (0x01371e33) x28 0x00000000
core   0: 0x8000e568 (0x04caca17) auipc   s4, 0x4cac
core   0: 3 0x8000e568 (0x04caca17) x20 0x84cba568
core   0: 0x8000e56c (0x01ac8cb3) add     s9, s9, s10
core   0: 3 0x8000e56c (0x01ac8cb3) x25 0x0007fc92
core   0: 0x8000e570 (0x2f873e17) auipc   t3, 0x2f873
core   0: 3 0x8000e570 (0x2f873e17) x28 0xaf881570
core   0: 0x8000e574 (0x86617c93) andi    s9, sp, -1946
core   0: 3 0x8000e574 (0x86617c93) x25 0x80012842
core   0: 0x8000e578 (0x00b9ee63) bltu    s3, a1, pc + 28
core   0: 3 0x8000e578 (0x00b9ee63)
core   0: 0x8000e594 (0x02c71263) bne     a4, a2, pc + 36
core   0: 3 0x8000e594 (0x02c71263)
core   0: 0x8000e5b8 (0x0079bd33) sltu    s10, s3, t2
core   0: 3 0x8000e5b8 (0x0079bd33) x26 0x00000000
core   0: 0x8000e5bc (0x01456a63) bltu    a0, s4, pc + 20
core   0: 3 0x8000e5bc (0x01456a63)
core   0: 0x8000e5d0 (0x0329f263) bgeu    s3, s2, pc + 36
core   0: 3 0x8000e5d0 (0x0329f263)
core   0: 0x8000e5f4 (0x018548b3) xor     a7, a0, s8
core   0: 3 0x8000e5f4 (0x018548b3) x17 0x00000056
core   0: 0x8000e5f8 (0x01cce663) bltu    s9, t3, pc + 12
core   0: 3 0x8000e5f8 (0x01cce663)
core   0: 0x8000e604 (0x00000013) nop
core   0: 3 0x8000e604 (0x00000013)
core   0: 0x8000e608 (0xd22e4d93) xori    s11, t3, -734
core   0: 3 0x8000e608 (0xd22e4d93) x27 0x5077e852
core   0: 0x8000e60c (0x88fa3917) auipc   s2, 0x88fa3
core   0: 3 0x8000e60c (0x88fa3917) x18 0x08fb160c
core   0: 0x8000e610 (0x0124d913) srli    s2, s1, 18
core   0: 3 0x8000e610 (0x0124d913) x18 0x00002000
core   0: 0x8000e614 (0x4d6a1fb7) lui     t6, 0x4d6a1
core   0: 3 0x8000e614 (0x4d6a1fb7) x31 0x4d6a1000
core   0: 0x8000e618 (0x015d9913) slli    s2, s11, 21
core   0: 3 0x8000e618 (0x015d9913) x18 0x0a400000
core   0: 0x8000e61c (0x014b26b3) slt     a3, s6, s4
core   0: 3 0x8000e61c (0x014b26b3) x13 0x00000001
core   0: 0x8000e620 (0x05c26463) bltu    tp, t3, pc + 72
core   0: 3 0x8000e620 (0x05c26463)
core   0: 0x8000e668 (0x40338cb3) sub     s9, t2, gp
core   0: 3 0x8000e668 (0x40338cb3) x25 0x0395482a
core   0: 0x8000e66c (0x4105df13) srai    t5, a1, 16
core   0: 3 0x8000e66c (0x4105df13) x30 0xffffffff
core   0: 0x8000e670 (0xc2577a13) andi    s4, a4, -987
core   0: 3 0x8000e670 (0xc2577a13) x20 0x00000000
core   0: 0x8000e674 (0x03d06263) bltu    zero, t4, pc + 36
core   0: 3 0x8000e674 (0x03d06263)
core   0: 0x8000e698 (0x01dadc13) srli    s8, s5, 29
core   0: 3 0x8000e698 (0x01dadc13) x24 0x00000000
core   0: 0x8000e69c (0x00082633) slt     a2, a6, zero
core   0: 3 0x8000e69c (0x00082633) x12 0x00000000
core   0: 0x8000e6a0 (0x0ff0000f) fence   iorw,iorw
core   0: 3 0x8000e6a0 (0x0ff0000f)
core   0: 0x8000e6a4 (0x007d5eb3) srl     t4, s10, t2
core   0: 3 0x8000e6a4 (0x007d5eb3) x29 0x00000000
core   0: 0x8000e6a8 (0xc5cab093) sltiu   ra, s5, -932
core   0: 3 0x8000e6a8 (0xc5cab093) x 1 0x00000001
core   0: 0x8000e6ac (0x406a01b3) sub     gp, s4, t1
core   0: 3 0x8000e6ac (0x406a01b3) x 3 0xc4270000
core   0: 0x8000e6b0 (0xb6768113) addi    sp, a3, -1177
core   0: 3 0x8000e6b0 (0xb6768113) x 2 0xfffffb68
core   0: 0x8000e6b4 (0x40eb8733) sub     a4, s7, a4
core   0: 3 0x8000e6b4 (0x40eb8733) x14 0x00008001
core   0: 0x8000e6b8 (0x01a18fb3) add     t6, gp, s10
core   0: 3 0x8000e6b8 (0x01a18fb3) x31 0xc4270000
core   0: 0x8000e6bc (0x2bf44d13) xori    s10, s0, 703
core   0: 3 0x8000e6bc (0x2bf44d13) x26 0x00080294
core   0: 0x8000e6c0 (0x016076b3) and     a3, zero, s6
core   0: 3 0x8000e6c0 (0x016076b3) x13 0x00000000
core   0: 0x8000e6c4 (0x55810813) addi    a6, sp, 1368
core   0: 3 0x8000e6c4 (0x55810813) x16 0x000000c0
core   0: 0x8000e6c8 (0xfa398713) addi    a4, s3, -93
core   0: 3 0x8000e6c8 (0xfa398713) x14 0xfe64ec3f
core   0: 0x8000e6cc (0x01315463) bge     sp, s3, pc + 8
core   0: 3 0x8000e6cc (0x01315463)
core   0: 0x8000e6d4 (0x0231ea63) bltu    gp, gp, pc + 52
core   0: 3 0x8000e6d4 (0x0231ea63)
core   0: 0x8000e6d8 (0x00df2833) slt     a6, t5, a3
core   0: 3 0x8000e6d8 (0x00df2833) x16 0x00000001
core   0: 0x8000e6dc (0x05ac1063) bne     s8, s10, pc + 64
core   0: 3 0x8000e6dc (0x05ac1063)
core   0: 0x8000e71c (0x0024d933) srl     s2, s1, sp
core   0: 3 0x8000e71c (0x0024d933) x18 0x008002bc
core   0: 0x8000e720 (0x40ef5933) sra     s2, t5, a4
core   0: 3 0x8000e720 (0x40ef5933) x18 0xffffffff
core   0: 0x8000e724 (0x032af263) bgeu    s5, s2, pc + 36
core   0: 3 0x8000e724 (0x032af263)
core   0: 0x8000e728 (0x418ed4b3) sra     s1, t4, s8
core   0: 3 0x8000e728 (0x418ed4b3) x 9 0x00000000
core   0: 0x8000e72c (0xbd94f393) andi    t2, s1, -1063
core   0: 3 0x8000e72c (0xbd94f393) x 7 0x00000000
core   0: 0x8000e730 (0x00000013) nop
core   0: 3 0x8000e730 (0x00000013)
core   0: 0x8000e734 (0x0110d433) srl     s0, ra, a7
core   0: 3 0x8000e734 (0x0110d433) x 8 0x00000000
core   0: 0x8000e738 (0x008a7e63) bgeu    s4, s0, pc + 28
core   0: 3 0x8000e738 (0x008a7e63)
core   0: 0x8000e754 (0x00211413) slli    s0, sp, 2
core   0: 3 0x8000e754 (0x00211413) x 8 0xffffeda0
core   0: 0x8000e758 (0xd85f7493) andi    s1, t5, -635
core   0: 3 0x8000e758 (0xd85f7493) x 9 0xfffffd85
core   0: 0x8000e75c (0x42bc0693) addi    a3, s8, 1067
core   0: 3 0x8000e75c (0x42bc0693) x13 0x0000042b
core   0: 0x8000e760 (0xb9570513) addi    a0, a4, -1131
core   0: 3 0x8000e760 (0xb9570513) x10 0xfe64e7d4
core   0: 0x8000e764 (0x01248633) add     a2, s1, s2
core   0: 3 0x8000e764 (0x01248633) x12 0xfffffd84
core   0: 0x8000e768 (0x03e8e063) bltu    a7, t5, pc + 32
core   0: 3 0x8000e768 (0x03e8e063)
core   0: 0x8000e788 (0x052ae863) bltu    s5, s2, pc + 80
core   0: 3 0x8000e788 (0x052ae863)
core   0: 0x8000e7d8 (0x41938fb3) sub     t6, t2, s9
core   0: 3 0x8000e7d8 (0x41938fb3) x31 0xfc6ab7d6
core   0: 0x8000e7dc (0x0000100f) fence.i
core   0: 3 0x8000e7dc (0x0000100f)
core   0: 0x8000e7e0 (0x69002d93) slti    s11, zero, 1680
core   0: 3 0x8000e7e0 (0x69002d93) x27 0x00000001
core   0: 0x8000e7e4 (0xfac11d97) auipc   s11, 0xfac11
core   0: 3 0x8000e7e4 (0xfac11d97) x27 0x7ac1f7e4
core   0: 0x8000e7e8 (0x76ba2713) slti    a4, s4, 1899
core   0: 3 0x8000e7e8 (0x76ba2713) x14 0x00000001
core   0: 0x8000e7ec (0x403e00b3) sub     ra, t3, gp
core   0: 3 0x8000e7ec (0x403e00b3) x 1 0xeb611570
core   0: 0x8000e7f0 (0x018e9c33) sll     s8, t4, s8
core   0: 3 0x8000e7f0 (0x018e9c33) x24 0x00000000
core   0: 0x8000e7f4 (0x00657bb3) and     s7, a0, t1
core   0: 3 0x8000e7f4 (0x00657bb3) x23 0x3a400000
core   0: 0x8000e7f8 (0x0028aeb3) slt     t4, a7, sp
core   0: 3 0x8000e7f8 (0x0028aeb3) x29 0x00000000
core   0: 0x8000e7fc (0x01ca12b3) sll     t0, s4, t3
core   0: 3 0x8000e7fc (0x01ca12b3) x 5 0x00000000
core   0: 0x8000e800 (0x00cff333) and     t1, t6, a2
core   0: 3 0x8000e800 (0x00cff333) x 6 0xfc6ab584
core   0: 0x8000e804 (0xbe27ac93) slti    s9, a5, -1054
core   0: 3 0x8000e804 (0xbe27ac93) x25 0x00000000
core   0: 0x8000e808 (0x013a6133) or      sp, s4, s3
core   0: 3 0x8000e808 (0x013a6133) x 2 0xfe64ec9c
core   0: 0x8000e80c (0x04a54663) blt     a0, a0, pc + 76
core   0: 3 0x8000e80c (0x04a54663)
core   0: 0x8000e810 (0x0ff0000f) fence   iorw,iorw
core   0: 3 0x8000e810 (0x0ff0000f)
core   0: 0x8000e814 (0x05515063) bge     sp, s5, pc + 64
core   0: 3 0x8000e814 (0x05515063)
core   0: 0x8000e818 (0x416fda33) sra     s4, t6, s6
core   0: 3 0x8000e818 (0x416fda33) x20 0xffc6ab7d
core   0: 0x8000e81c (0x0ff0000f) fence   iorw,iorw
core   0: 3 0x8000e81c (0x0ff0000f)
core   0: 0x8000e820 (0x85424517) auipc   a0, 0x85424
core   0: 3 0x8000e820 (0x85424517) x10 0x05432820
core   0: 0x8000e824 (0x0080a7b3) slt     a5, ra, s0
core   0: 3 0x8000e824 (0x0080a7b3) x15 0x00000001
core   0: 0x8000e828 (0x9f3c4893) xori    a7, s8, -1549
core   0: 3 0x8000e828 (0x9f3c4893) x17 0xfffff9f3
core   0: 0x8000e82c (0x00d87ab3) and     s5, a6, a3
core   0: 3 0x8000e82c (0x00d87ab3) x21 0x00000001
core   0: 0x8000e830 (0x05967463) bgeu    a2, s9, pc + 72
core   0: 3 0x8000e830 (0x05967463)
core   0: 0x8000e878 (0x012a58b3) srl     a7, s4, s2
core   0: 3 0x8000e878 (0x012a58b3) x17 0x00000001
core   0: 0x8000e87c (0xd7863413) sltiu   s0, a2, -648
core   0: 3 0x8000e87c (0xd7863413) x 8 0x00000000
core   0: 0x8000e880 (0x0078d193) srli    gp, a7, 7
core   0: 3 0x8000e880 (0x0078d193) x 3 0x00000000
core   0: 0x8000e884 (0x41b0d613) srai    a2, ra, 27
core   0: 3 0x8000e884 (0x41b0d613) x12 0xfffffffd
core   0: 0x8000e888 (0x4e708313) addi    t1, ra, 1255
core   0: 3 0x8000e888 (0x4e708313) x 6 0xeb611a57
core   0: 0x8000e88c (0x41ef5fb3) sra     t6, t5, t5
core   0: 3 0x8000e88c (0x41ef5fb3) x31 0xffffffff
core   0: 0x8000e890 (0x00000013) nop
core   0: 3 0x8000e890 (0x00000013)
core   0: 0x8000e894 (0x008afc33) and     s8, s5, s0
core   0: 3 0x8000e894 (0x008afc33) x24 0x00000000
core   0: 0x8000e898 (0x186ec893) xori    a7, t4, 390
core   0: 3 0x8000e898 (0x186ec893) x17 0x00000186
core   0: 0x8000e89c (0x41cc8d33) sub     s10, s9, t3
core   0: 3 0x8000e89c (0x41cc8d33) x26 0x5077ea90
core   0: 0x8000e8a0 (0x01238533) add     a0, t2, s2
core   0: 3 0x8000e8a0 (0x01238533) x10 0xffffffff
core   0: 0x8000e8a4 (0x01580333) add     t1, a6, s5
core   0: 3 0x8000e8a4 (0x01580333) x 6 0x00000002
core   0: 0x8000e8a8 (0x003cd663) bge     s9, gp, pc + 12
core   0: 3 0x8000e8a8 (0x003cd663)
core   0: 0x8000e8b4 (0x0000100f) fence.i
core   0: 3 0x8000e8b4 (0x0000100f)
core   0: 0x8000e8b8 (0x0055a5b3) slt     a1, a1, t0
core   0: 3 0x8000e8b8 (0x0055a5b3) x11 0x00000001
core   0: 0x8000e8bc (0x0000100f) fence.i
core   0: 3 0x8000e8bc (0x0000100f)
core   0: 0x8000e8c0 (0x01d21463) bne     tp, t4, pc + 8
core   0: 3 0x8000e8c0 (0x01d21463)
core   0: 0x8000e8c8 (0x60a9a513) slti    a0, s3, 1546
core   0: 3 0x8000e8c8 (0x60a9a513) x10 0x00000001
core   0: 0x8000e8cc (0x4080d8b3) sra     a7, ra, s0
core   0: 3 0x8000e8cc (0x4080d8b3) x17 0xeb611570
core   0: 0x8000e8d0 (0x0493f663) bgeu    t2, s1, pc + 76
core   0: 3 0x8000e8d0 (0x0493f663)
core   0: 0x8000e8d4 (0x04c2f063) bgeu    t0, a2, pc + 64
core   0: 3 0x8000e8d4 (0x04c2f063)
core   0: 0x8000e8d8 (0x40240e33) sub     t3, s0, sp
core   0: 3 0x8000e8d8 (0x40240e33) x28 0x019b1364
core   0: 0x8000e8dc (0xc5dad597) auipc   a1, 0xc5dad
core   0: 3 0x8000e8dc (0xc5dad597) x11 0x45dbb8dc
core   0: 0x8000e8e0 (0x40eadf13) srai    t5, s5, 14
core   0: 3 0x8000e8e0 (0x40eadf13) x30 0x00000000
core   0: 0x8000e8e4 (0x018efdb3) and     s11, t4, s8
core   0: 3 0x8000e8e4 (0x018efdb3) x27 0x00000000
core   0: 0x8000e8e8 (0x003bf463) bgeu    s7, gp, pc + 8
core   0: 3 0x8000e8e8 (0x003bf463)
core   0: 0x8000e8f0 (0x71498813) addi    a6, s3, 1812
core   0: 3 0x8000e8f0 (0x71498813) x16 0xfe64f3b0
core   0: 0x8000e8f4 (0x03da6663) bltu    s4, t4, pc + 44
core   0: 3 0x8000e8f4 (0x03da6663)
core   0: 0x8000e8f8 (0x0176edb3) or      s11, a3, s7
core   0: 3 0x8000e8f8 (0x0176edb3) x27 0x3a40042b
core   0: 0x8000e8fc (0x027dca63) blt     s11, t2, pc + 52
core   0: 3 0x8000e8fc (0x027dca63)
core   0: 0x8000e900 (0x00ba16b3) sll     a3, s4, a1
core   0: 3 0x8000e900 (0x00ba16b3) x13 0xd0000000
core   0: 0x8000e904 (0x01cf95b3) sll     a1, t6, t3
core   0: 3 0x8000e904 (0x01cf95b3) x11 0xfffffff0
core   0: 0x8000e908 (0x020f9263) bnez    t6, pc + 36
core   0: 3 0x8000e908 (0x020f9263)
core   0: 0x8000e92c (0x01d6ceb3) xor     t4, a3, t4
core   0: 3 0x8000e92c (0x01d6ceb3) x29 0xd0000000
core   0: 0x8000e930 (0x0027d313) srli    t1, a5, 2
core   0: 3 0x8000e930 (0x0027d313) x 6 0x00000000
core   0: 0x8000e934 (0x03d8a093) slti    ra, a7, 61
core   0: 3 0x8000e934 (0x03d8a093) x 1 0x00000001
core   0: 0x8000e938 (0x586071b7) lui     gp, 0x58607
core   0: 3 0x8000e938 (0x586071b7) x 3 0x58607000
core   0: 0x8000e93c (0x00315593) srli    a1, sp, 3
core   0: 3 0x8000e93c (0x00315593) x11 0x1fcc9d93
core   0: 0x8000e940 (0x404d8eb3) sub     t4, s11, tp
core   0: 3 0x8000e940 (0x404d8eb3) x29 0xba3d4747
core   0: 0x8000e944 (0x017d9e93) slli    t4, s11, 23
core   0: 3 0x8000e944 (0x017d9e93) x29 0x15800000
core   0: 0x8000e948 (0x0bac0663) beq     s8, s10, pc + 172
core   0: 3 0x8000e948 (0x0bac0663)
core   0: 0x8000e94c (0x0ff0000f) fence   iorw,iorw
core   0: 3 0x8000e94c (0x0ff0000f)
core   0: 0x8000e950 (0x96c83d93) sltiu   s11, a6, -1684
core   0: 3 0x8000e950 (0x96c83d93) x27 0x00000001
core   0: 0x8000e954 (0x00000013) nop
core   0: 3 0x8000e954 (0x00000013)
core   0: 0x8000e958 (0x0000100f) fence.i
core   0: 3 0x8000e958 (0x0000100f)
core   0: 0x8000e95c (0x00a20e33) add     t3, tp, a0
core   0: 3 0x8000e95c (0x00a20e33) x28 0x8002bce5
core   0: 0x8000e960 (0x0000100f) fence.i
core   0: 3 0x8000e960 (0x0000100f)
core   0: 0x8000e964 (0x00f33d33) sltu    s10, t1, a5
core   0: 3 0x8000e964 (0x00f33d33) x26 0x00000001
core   0: 0x8000e968 (0x780e6e13) ori     t3, t3, 1920
core   0: 3 0x8000e968 (0x780e6e13) x28 0x8002bfe5
core   0: 0x8000e96c (0xe0770c13) addi    s8, a4, -505
core   0: 3 0x8000e96c (0xe0770c13) x24 0xfffffe08
core   0: 0x8000e970 (0x01c81b93) slli    s7, a6, 28
core   0: 3 0x8000e970 (0x01c81b93) x23 0x00000000
core   0: 0x8000e974 (0x5ca8ab93) slti    s7, a7, 1482
core   0: 3 0x8000e974 (0x5ca8ab93) x23 0x00000001
core   0: 0x8000e978 (0xf18c4b97) auipc   s7, 0xf18c4
core   0: 3 0x8000e978 (0xf18c4b97) x23 0x718d2978
core   0: 0x8000e97c (0x00000013) nop
core   0: 3 0x8000e97c (0x00000013)
core   0: 0x8000e980 (0x65cb3513) sltiu   a0, s6, 1628
core   0: 3 0x8000e980 (0x65cb3513) x10 0x00000000
core   0: 0x8000e984 (0x14d08113) addi    sp, ra, 333
core   0: 3 0x8000e984 (0x14d08113) x 2 0x0000014e
core   0: 0x8000e988 (0x005ae6b3) or      a3, s5, t0
core   0: 3 0x8000e988 (0x005ae6b3) x13 0x00000001
core   0: 0x8000e98c (0x0acd7263) bgeu    s10, a2, pc + 164
core   0: 3 0x8000e98c (0x0acd7263)
core   0: 0x8000e990 (0x01f5abb3) slt     s7, a1, t6
core   0: 3 0x8000e990 (0x01f5abb3) x23 0x00000000
core   0: 0x8000e994 (0x00013717) auipc   a4, 0x13
core   0: 3 0x8000e994 (0x00013717) x14 0x80021994
core   0: 0x8000e998 (0x81d70713) addi    a4, a4, -2019
core   0: 3 0x8000e998 (0x81d70713) x14 0x800211b1
core   0: 0x8000e99c (0x00010817) auipc   a6, 0x10
core   0: 3 0x8000e99c (0x00010817) x16 0x8001e99c
core   0: 0x8000e9a0 (0xeac80813) addi    a6, a6, -340
core   0: 3 0x8000e9a0 (0xeac80813) x16 0x8001e848
core   0: 0x8000e9a4 (0x006801a3) sb      t1, 3(a6)
core   0: 3 0x8000e9a4 (0x006801a3) mem 0x8001e84b 0x0
core   0: 0x8000e9a8 (0x0a6704a3) sb      t1, 169(a4)
core   0: 3 0x8000e9a8 (0x0a6704a3) mem 0x8002125a 0x0
core   0: 0x8000e9ac (0xfe885f83) lhu     t6, -24(a6)
core   0: 3 0x8000e9ac (0xfe885f83) x31 0x0000eaeb mem 0x8001e830
core   0: 0x8000e9b0 (0x0ee70303) lb      t1, 238(a4)
core   0: 3 0x8000e9b0 (0x0ee70303) x 6 0x00000054 mem 0x8002129f
core   0: 0x8000e9b4 (0xff080883) lb      a7, -16(a6)
core   0: 3 0x8000e9b4 (0xff080883) x17 0xfffffff3 mem 0x8001e838
core   0: 0x8000e9b8 (0x02f80fa3) sb      a5, 63(a6)
core   0: 3 0x8000e9b8 (0x02f80fa3) mem 0x8001e887 0x1
core   0: 0x8000e9bc (0x03570383) lb      t2, 53(a4)
core   0: 3 0x8000e9bc (0x03570383) x 7 0xffffff9d mem 0x800211e6
core   0: 0x8000e9c0 (0x00d74a83) lbu     s5, 13(a4)
core   0: 3 0x8000e9c0 (0x00d74a83) x21 0x00000075 mem 0x800211be
core   0: 0x8000e9c4 (0x02c80283) lb      t0, 44(a6)
core   0: 3 0x8000e9c4 (0x02c80283) x 5 0x0000002f mem 0x8001e874
core   0: 0x8000e9c8 (0xfd984f83) lbu     t6, -39(a6)
core   0: 3 0x8000e9c8 (0xfd984f83) x31 0x000000da mem 0x8001e821
core   0: 0x8000e9cc (0x08b75583) lhu     a1, 139(a4)
core   0: 3 0x8000e9cc (0x08b75583) x11 0x0000f6f7 mem 0x8002123c
core   0: 0x8000e9d0 (0x01784603) lbu     a2, 23(a6)
core   0: 3 0x8000e9d0 (0x01784603) x12 0x00000014 mem 0x8001e85f
core   0: 0x8000e9d4 (0x08470603) lb      a2, 132(a4)
core   0: 3 0x8000e9d4 (0x08470603) x12 0xffffffee mem 0x80021235
core   0: 0x8000e9d8 (0xfe180723) sb      ra, -18(a6)
core   0: 3 0x8000e9d8 (0xfe180723) mem 0x8001e836 0x1
core   0: 0x8000e9dc (0x02b80a83) lb      s5, 43(a6)
core   0: 3 0x8000e9dc (0x02b80a83) x21 0x00000028 mem 0x8001e873
core   0: 0x8000e9e0 (0xfe881123) sh      s0, -30(a6)
core   0: 3 0x8000e9e0 (0xfe881123) mem 0x8001e82a 0x0000
core   0: 0x8000e9e4 (0x0f870403) lb      s0, 248(a4)
core   0: 3 0x8000e9e4 (0x0f870403) x 8 0x00000062 mem 0x800212a9
core   0: 0x8000e9e8 (0xf4772183) lw      gp, -185(a4)
core   0: 3 0x8000e9e8 (0xf4772183) x 3 0xb0b1b2b3 mem 0x800210f8
core   0: 0x8000e9ec (0x0b270303) lb      t1, 178(a4)
core   0: 3 0x8000e9ec (0x0b270303) x 6 0x00000018 mem 0x80021263
core   0: 0x8000e9f0 (0x08870313) addi    t1, a4, 136
core   0: 3 0x8000e9f0 (0x08870313) x 6 0x80021239
core   0: 0x8000e9f4 (0x00d7f8b3) and     a7, a5, a3
core   0: 3 0x8000e9f4 (0x00d7f8b3) x17 0x00000001
core   0: 0x8000e9f8 (0x0183d893) srli    a7, t2, 24
core   0: 3 0x8000e9f8 (0x0183d893) x17 0x000000ff
core   0: 0x8000e9fc (0x9b8ab1b7) lui     gp, 0x9b8ab
core   0: 3 0x8000e9fc (0x9b8ab1b7) x 3 0x9b8ab000
core   0: 0x8000ea00 (0x012d75b3) and     a1, s10, s2
core   0: 3 0x8000ea00 (0x012d75b3) x11 0x00000001
core   0: 0x8000ea04 (0x002d1e63) bne     s10, sp, pc + 28
core   0: 3 0x8000ea04 (0x002d1e63)
core   0: 0x8000ea20 (0x00000013) nop
core   0: 3 0x8000ea20 (0x00000013)
core   0: 0x8000ea24 (0x6a514697) auipc   a3, 0x6a514
core   0: 3 0x8000ea24 (0x6a514697) x13 0xea522a24
core   0: 0x8000ea28 (0x0154d193) srli    gp, s1, 21
core   0: 3 0x8000ea28 (0x0154d193) x 3 0x000007ff
core   0: 0x8000ea2c (0x0158b0b3) sltu    ra, a7, s5
core   0: 3 0x8000ea2c (0x0158b0b3) x 1 0x00000000
core   0: 0x8000ea30 (0x011a0533) add     a0, s4, a7
core   0: 3 0x8000ea30 (0x011a0533) x10 0xffc6ac7c
core   0: 0x8000ea34 (0x01881463) bne     a6, s8, pc + 8
core   0: 3 0x8000ea34 (0x01881463)
core   0: 0x8000ea3c (0x0000100f) fence.i
core   0: 3 0x8000ea3c (0x0000100f)
core   0: 0x8000ea40 (0x004a1933) sll     s2, s4, tp
core   0: 3 0x8000ea40 (0x004a1933) x18 0xfc6ab7d0
core   0: 0x8000ea44 (0x013df8b3) and     a7, s11, s3
core   0: 3 0x8000ea44 (0x013df8b3) x17 0x00000000
core   0: 0x8000ea48 (0x01979413) slli    s0, a5, 25
core   0: 3 0x8000ea48 (0x01979413) x 8 0x02000000
core   0: 0x8000ea4c (0x00000013) nop
core   0: 3 0x8000ea4c (0x00000013)
core   0: 0x8000ea50 (0x00f85fb3) srl     t6, a6, a5
core   0: 3 0x8000ea50 (0x00f85fb3) x31 0x4000f424
core   0: 0x8000ea54 (0x01511bb3) sll     s7, sp, s5
core   0: 3 0x8000ea54 (0x01511bb3) x23 0x00014e00
core   0: 0x8000ea58 (0xee663f13) sltiu   t5, a2, -282
core   0: 3 0x8000ea58 (0xee663f13) x30 0x00000000
core   0: 0x8000ea5c (0x00000013) nop
core   0: 3 0x8000ea5c (0x00000013)
core   0: 0x8000ea60 (0x00dbdf93) srli    t6, s7, 13
core   0: 3 0x8000ea60 (0x00dbdf93) x31 0x0000000a
core   0: 0x8000ea64 (0x29f64293) xori    t0, a2, 671
core   0: 3 0x8000ea64 (0x29f64293) x 5 0xfffffd71
core   0: 0x8000ea68 (0x00bab2b3) sltu    t0, s5, a1
core   0: 3 0x8000ea68 (0x00bab2b3) x 5 0x00000000
core   0: 0x8000ea6c (0x0ff0000f) fence   iorw,iorw
core   0: 3 0x8000ea6c (0x0ff0000f)
core   0: 0x8000ea70 (0x20658493) addi    s1, a1, 518
core   0: 3 0x8000ea70 (0x20658493) x 9 0x00000207
core   0: 0x8000ea74 (0x400fd193) srai    gp, t6, 0
core   0: 3 0x8000ea74 (0x400fd193) x 3 0x0000000a
core   0: 0x8000ea78 (0x0000100f) fence.i
core   0: 3 0x8000ea78 (0x0000100f)
core   0: 0x8000ea7c (0x0000100f) fence.i
core   0: 3 0x8000ea7c (0x0000100f)
core   0: 0x8000ea80 (0x004cd463) bge     s9, tp, pc + 8
core   0: 3 0x8000ea80 (0x004cd463)
core   0: 0x8000ea88 (0x0350d263) bge     ra, s5, pc + 36
core   0: 3 0x8000ea88 (0x0350d263)
core   0: 0x8000ea8c (0x05a98463) beq     s3, s10, pc + 72
core   0: 3 0x8000ea8c (0x05a98463)
core   0: 0x8000ea90 (0x0567e063) bltu    a5, s6, pc + 64
core   0: 3 0x8000ea90 (0x0567e063)
core   0: 0x8000ead0 (0x419dda33) sra     s4, s11, s9
core   0: 3 0x8000ead0 (0x419dda33) x20 0x00000001
core   0: 0x8000ead4 (0x00000013) nop
core   0: 3 0x8000ead4 (0x00000013)
core   0: 0x8000ead8 (0x01979493) slli    s1, a5, 25
core   0: 3 0x8000ead8 (0x01979493) x 9 0x02000000
core   0: 0x8000eadc (0x2cf6c637) lui     a2, 0x2cf6c
core   0: 3 0x8000eadc (0x2cf6c637) x12 0x2cf6c000
core   0: 0x8000eae0 (0x00846863) bltu    s0, s0, pc + 16
core   0: 3 0x8000eae0 (0x00846863)
core   0: 0x8000eae4 (0x012dd3b3) srl     t2, s11, s2
core   0: 3 0x8000eae4 (0x012dd3b3) x 7 0x00000000
core   0: 0x8000eae8 (0x9b447117) auipc   sp, 0x9b447
core   0: 3 0x8000eae8 (0x9b447117) x 2 0x1b455ae8
core   0: 0x8000eaec (0x00fc5e33) srl     t3, s8, a5
core   0: 3 0x8000eaec (0x00fc5e33) x28 0x7fffff04
core   0: 0x8000eaf0 (0x0082b533) sltu    a0, t0, s0
core   0: 3 0x8000eaf0 (0x0082b533) x10 0x00000001
core   0: 0x8000eaf4 (0x0000100f) fence.i
core   0: 3 0x8000eaf4 (0x0000100f)
core   0: 0x8000eaf8 (0xe917f593) andi    a1, a5, -367
core   0: 3 0x8000eaf8 (0xe917f593) x11 0x00000001
core   0: 0x8000eafc (0x00ce9e63) bne     t4, a2, pc + 28
core   0: 3 0x8000eafc (0x00ce9e63)
core   0: 0x8000eb18 (0x00000013) nop
core   0: 3 0x8000eb18 (0x00000013)
core   0: 0x8000eb1c (0x00000013) nop
core   0: 3 0x8000eb1c (0x00000013)
core   0: 0x8000eb20 (0x0084d6b3) srl     a3, s1, s0
core   0: 3 0x8000eb20 (0x0084d6b3) x13 0x02000000
core   0: 0x8000eb24 (0x0ff0000f) fence   iorw,iorw
core   0: 3 0x8000eb24 (0x0ff0000f)
core   0: 0x8000eb28 (0x06ec1663) bne     s8, a4, pc + 108
core   0: 3 0x8000eb28 (0x06ec1663)
core   0: 0x8000eb94 (0x4025ddb3) sra     s11, a1, sp
core   0: 3 0x8000eb94 (0x4025ddb3) x27 0x00000000
core   0: 0x8000eb98 (0x05a7e063) bltu    a5, s10, pc + 64
core   0: 3 0x8000eb98 (0x05a7e063)
core   0: 0x8000eb9c (0xa5373c93) sltiu   s9, a4, -1453
core   0: 3 0x8000eb9c (0xa5373c93) x25 0x00000001
core   0: 0x8000eba0 (0x0145a733) slt     a4, a1, s4
core   0: 3 0x8000eba0 (0x0145a733) x14 0x00000000
core   0: 0x8000eba4 (0x00505d93) srli    s11, zero, 5
core   0: 3 0x8000eba4 (0x00505d93) x27 0x00000000
core   0: 0x8000eba8 (0xaa576c93) ori     s9, a4, -1371
core   0: 3 0x8000eba8 (0xaa576c93) x25 0xfffffaa5
core   0: 0x8000ebac (0x4127dd13) srai    s10, a5, 18
core   0: 3 0x8000ebac (0x4127dd13) x26 0x00000000
core   0: 0x8000ebb0 (0x008cd293) srli    t0, s9, 8
core   0: 3 0x8000ebb0 (0x008cd293) x 5 0x00fffffa
core   0: 0x8000ebb4 (0x02bd8263) beq     s11, a1, pc + 36
core   0: 3 0x8000ebb4 (0x02bd8263)
core   0: 0x8000ebb8 (0x4097d3b3) sra     t2, a5, s1
core   0: 3 0x8000ebb8 (0x4097d3b3) x 7 0x00000001
core   0: 0x8000ebbc (0x00fe3d33) sltu    s10, t3, a5
core   0: 3 0x8000ebbc (0x00fe3d33) x26 0x00000000
core   0: 0x8000ebc0 (0x40598033) sub     zero, s3, t0
core   0: 3 0x8000ebc0 (0x40598033)
core   0: 0x8000ebc4 (0x01c05bb3) srl     s7, zero, t3
core   0: 3 0x8000ebc4 (0x01c05bb3) x23 0x00000000
core   0: 0x8000ebc8 (0x0035b1b3) sltu    gp, a1, gp
core   0: 3 0x8000ebc8 (0x0035b1b3) x 3 0x00000001
core   0: 0x8000ebcc (0x012cdc93) srli    s9, s9, 18
core   0: 3 0x8000ebcc (0x012cdc93) x25 0x00003fff
core   0: 0x8000ebd0 (0x5fcb7297) auipc   t0, 0x5fcb7
core   0: 3 0x8000ebd0 (0x5fcb7297) x 5 0xdfcc5bd0
core   0: 0x8000ebd4 (0x6585a897) auipc   a7, 0x6585a
core   0: 3 0x8000ebd4 (0x6585a897) x17 0xe5868bd4
core   0: 0x8000ebd8 (0x5a15a413) slti    s0, a1, 1441
core   0: 3 0x8000ebd8 (0x5a15a413) x 8 0x00000001
core   0: 0x8000ebdc (0x00000997) auipc   s3, 0x0
core   0: 3 0x8000ebdc (0x00000997) x19 0x8000ebdc
core   0: 0x8000ebe0 (0x00c98993) addi    s3, s3, 12
core   0: 3 0x8000ebe0 (0x00c98993) x19 0x8000ebe8
core   0: 0x8000ebe4 (0x00098067) jr      s3
core   0: 3 0x8000ebe4 (0x00098067)
core   0: 0x8000ebe8 (0x00100193) li      gp, 1
core   0: 3 0x8000ebe8 (0x00100193) x 3 0x00000001
core   0: 0x8000ebec (0x00000073) ecall
core   0: exception trap_machine_ecall, epc 0x8000ebec
core   0: >>>>  mtvec_handler
core   0: 0x800115ac (0xffc20213) addi    tp, tp, -4
core   0: 3 0x800115ac (0xffc20213) x 4 0x8002bce0
core   0: 0x800115b0 (0x01622023) sw      s6, 0(tp)
core   0: 3 0x800115b0 (0x01622023) mem 0x8002bce0 0x80027e64
core   0: 0x800115b4 (0x00020b33) add     s6, tp, zero
core   0: 3 0x800115b4 (0x00020b33) x22 0x8002bce0
core   0: 0x800115b8 (0xf80b0b13) addi    s6, s6, -128
core   0: 3 0x800115b8 (0xf80b0b13) x22 0x8002bc60
core   0: 0x800115bc (0x001b2223) sw      ra, 4(s6)
core   0: 3 0x800115bc (0x001b2223) mem 0x8002bc64 0x00000000
core   0: 0x800115c0 (0x002b2423) sw      sp, 8(s6)
core   0: 3 0x800115c0 (0x002b2423) mem 0x8002bc68 0x1b455ae8
core   0: 0x800115c4 (0x003b2623) sw      gp, 12(s6)
core   0: 3 0x800115c4 (0x003b2623) mem 0x8002bc6c 0x00000001
core   0: 0x800115c8 (0x004b2823) sw      tp, 16(s6)
core   0: 3 0x800115c8 (0x004b2823) mem 0x8002bc70 0x8002bce0
core   0: 0x800115cc (0x005b2a23) sw      t0, 20(s6)
core   0: 3 0x800115cc (0x005b2a23) mem 0x8002bc74 0xdfcc5bd0
core   0: 0x800115d0 (0x006b2c23) sw      t1, 24(s6)
core   0: 3 0x800115d0 (0x006b2c23) mem 0x8002bc78 0x80021239
core   0: 0x800115d4 (0x007b2e23) sw      t2, 28(s6)
core   0: 3 0x800115d4 (0x007b2e23) mem 0x8002bc7c 0x00000001
core   0: 0x800115d8 (0x028b2023) sw      s0, 32(s6)
core   0: 3 0x800115d8 (0x028b2023) mem 0x8002bc80 0x00000001
core   0: 0x800115dc (0x029b2223) sw      s1, 36(s6)
core   0: 3 0x800115dc (0x029b2223) mem 0x8002bc84 0x02000000
core   0: 0x800115e0 (0x02ab2423) sw      a0, 40(s6)
core   0: 3 0x800115e0 (0x02ab2423) mem 0x8002bc88 0x00000001
core   0: 0x800115e4 (0x02bb2623) sw      a1, 44(s6)
core   0: 3 0x800115e4 (0x02bb2623) mem 0x8002bc8c 0x00000001
core   0: 0x800115e8 (0x02cb2823) sw      a2, 48(s6)
core   0: 3 0x800115e8 (0x02cb2823) mem 0x8002bc90 0x2cf6c000
core   0: 0x800115ec (0x02db2a23) sw      a3, 52(s6)
core   0: 3 0x800115ec (0x02db2a23) mem 0x8002bc94 0x02000000
core   0: 0x800115f0 (0x02eb2c23) sw      a4, 56(s6)
core   0: 3 0x800115f0 (0x02eb2c23) mem 0x8002bc98 0x00000000
core   0: 0x800115f4 (0x02fb2e23) sw      a5, 60(s6)
core   0: 3 0x800115f4 (0x02fb2e23) mem 0x8002bc9c 0x00000001
core   0: 0x800115f8 (0x050b2023) sw      a6, 64(s6)
core   0: 3 0x800115f8 (0x050b2023) mem 0x8002bca0 0x8001e848
core   0: 0x800115fc (0x051b2223) sw      a7, 68(s6)
core   0: 3 0x800115fc (0x051b2223) mem 0x8002bca4 0xe5868bd4
core   0: 0x80011600 (0x052b2423) sw      s2, 72(s6)
core   0: 3 0x80011600 (0x052b2423) mem 0x8002bca8 0xfc6ab7d0
core   0: 0x80011604 (0x053b2623) sw      s3, 76(s6)
core   0: 3 0x80011604 (0x053b2623) mem 0x8002bcac 0x8000ebe8
core   0: 0x80011608 (0x054b2823) sw      s4, 80(s6)
core   0: 3 0x80011608 (0x054b2823) mem 0x8002bcb0 0x00000001
core   0: 0x8001160c (0x055b2a23) sw      s5, 84(s6)
core   0: 3 0x8001160c (0x055b2a23) mem 0x8002bcb4 0x00000028
core   0: 0x80011610 (0x056b2c23) sw      s6, 88(s6)
core   0: 3 0x80011610 (0x056b2c23) mem 0x8002bcb8 0x8002bc60
core   0: 0x80011614 (0x057b2e23) sw      s7, 92(s6)
core   0: 3 0x80011614 (0x057b2e23) mem 0x8002bcbc 0x00000000
core   0: 0x80011618 (0x078b2023) sw      s8, 96(s6)
core   0: 3 0x80011618 (0x078b2023) mem 0x8002bcc0 0xfffffe08
core   0: 0x8001161c (0x079b2223) sw      s9, 100(s6)
core   0: 3 0x8001161c (0x079b2223) mem 0x8002bcc4 0x00003fff
core   0: 0x80011620 (0x07ab2423) sw      s10, 104(s6)
core   0: 3 0x80011620 (0x07ab2423) mem 0x8002bcc8 0x00000000
core   0: 0x80011624 (0x07bb2623) sw      s11, 108(s6)
core   0: 3 0x80011624 (0x07bb2623) mem 0x8002bccc 0x00000000
core   0: 0x80011628 (0x07cb2823) sw      t3, 112(s6)
core   0: 3 0x80011628 (0x07cb2823) mem 0x8002bcd0 0x7fffff04
core   0: 0x8001162c (0x07db2a23) sw      t4, 116(s6)
core   0: 3 0x8001162c (0x07db2a23) mem 0x8002bcd4 0x15800000
core   0: 0x80011630 (0x07eb2c23) sw      t5, 120(s6)
core   0: 3 0x80011630 (0x07eb2c23) mem 0x8002bcd8 0x00000000
core   0: 0x80011634 (0x07fb2e23) sw      t6, 124(s6)
core   0: 3 0x80011634 (0x07fb2e23) mem 0x8002bcdc 0x0000000a
core   0: 0x80011638 (0x000b0233) add     tp, s6, zero
core   0: 3 0x80011638 (0x000b0233) x 4 0x8002bc60
core   0: 0x8001163c (0x30002cf3) csrr    s9, mstatus
core   0: 3 0x8001163c (0x30002cf3) x25 0x00001800
core   0: 0x80011640 (0x34202cf3) csrr    s9, mcause
core   0: 3 0x80011640 (0x34202cf3) x25 0x0000000b
core   0: 0x80011644 (0x01fcdc93) srli    s9, s9, 31
core   0: 3 0x80011644 (0x01fcdc93) x25 0x00000000
core   0: 0x80011648 (0x400c9463) bnez    s9, pc + 1032
core   0: 3 0x80011648 (0x400c9463)
core   0: 0x8001164c (0x34102cf3) csrr    s9, mepc
core   0: 3 0x8001164c (0x34102cf3) x25 0x8000ebec
core   0: 0x80011650 (0x34202cf3) csrr    s9, mcause
core   0: 3 0x80011650 (0x34202cf3) x25 0x0000000b
core   0: 0x80011654 (0x00300d13) li      s10, 3
core   0: 3 0x80011654 (0x00300d13) x26 0x00000003
core   0: 0x80011658 (0x2bac8a63) beq     s9, s10, pc + 692
core   0: 3 0x80011658 (0x2bac8a63)
core   0: 0x8001165c (0x00800d13) li      s10, 8
core   0: 3 0x8001165c (0x00800d13) x26 0x00000008
core   0: 0x80011660 (0x05ac8e63) beq     s9, s10, pc + 92
core   0: 3 0x80011660 (0x05ac8e63)
core   0: 0x80011664 (0x00900d13) li      s10, 9
core   0: 3 0x80011664 (0x00900d13) x26 0x00000009
core   0: 0x80011668 (0x05ac8a63) beq     s9, s10, pc + 84
core   0: 3 0x80011668 (0x05ac8a63)
core   0: 0x8001166c (0x00b00d13) li      s10, 11
core   0: 3 0x8001166c (0x00b00d13) x26 0x0000000b
core   0: 0x80011670 (0x05ac8663) beq     s9, s10, pc + 76
core   0: 3 0x80011670 (0x05ac8663)
core   0: 0x800116bc (0xfffefc97) auipc   s9, 0xfffef
core   0: 3 0x800116bc (0xfffefc97) x25 0x800006bc
core   0: 0x800116c0 (0x944c8c93) addi    s9, s9, -1724
core   0: 3 0x800116c0 (0x944c8c93) x25 0x80000000
core   0: 0x800116c4 (0x000ca023) sw      zero, 0(s9)
core   0: 3 0x800116c4 (0x000ca023) mem 0x80000000 0x00000000
core   0: 0x800116c8 (0x001ca223) sw      ra, 4(s9)
core   0: 3 0x800116c8 (0x001ca223) mem 0x80000004 0x00000000
core   0: 0x800116cc (0x002ca423) sw      sp, 8(s9)
core   0: 3 0x800116cc (0x002ca423) mem 0x80000008 0x1b455ae8
core   0: 0x800116d0 (0x003ca623) sw      gp, 12(s9)
core   0: 3 0x800116d0 (0x003ca623) mem 0x8000000c 0x00000001
core   0: 0x800116d4 (0x004ca823) sw      tp, 16(s9)
core   0: 3 0x800116d4 (0x004ca823) mem 0x80000010 0x8002bc60
core   0: 0x800116d8 (0x005caa23) sw      t0, 20(s9)
core   0: 3 0x800116d8 (0x005caa23) mem 0x80000014 0xdfcc5bd0
core   0: 0x800116dc (0x006cac23) sw      t1, 24(s9)
core   0: 3 0x800116dc (0x006cac23) mem 0x80000018 0x80021239
core   0: 0x800116e0 (0x007cae23) sw      t2, 28(s9)
core   0: 3 0x800116e0 (0x007cae23) mem 0x8000001c 0x00000001
core   0: 0x800116e4 (0x028ca023) sw      s0, 32(s9)
core   0: 3 0x800116e4 (0x028ca023) mem 0x80000020 0x00000001
core   0: 0x800116e8 (0x029ca223) sw      s1, 36(s9)
core   0: 3 0x800116e8 (0x029ca223) mem 0x80000024 0x02000000
core   0: 0x800116ec (0x02aca423) sw      a0, 40(s9)
core   0: 3 0x800116ec (0x02aca423) mem 0x80000028 0x00000001
core   0: 0x800116f0 (0x02bca623) sw      a1, 44(s9)
core   0: 3 0x800116f0 (0x02bca623) mem 0x8000002c 0x00000001
core   0: 0x800116f4 (0x02cca823) sw      a2, 48(s9)
core   0: 3 0x800116f4 (0x02cca823) mem 0x80000030 0x2cf6c000
core   0: 0x800116f8 (0x02dcaa23) sw      a3, 52(s9)
core   0: 3 0x800116f8 (0x02dcaa23) mem 0x80000034 0x02000000
core   0: 0x800116fc (0x02ecac23) sw      a4, 56(s9)
core   0: 3 0x800116fc (0x02ecac23) mem 0x80000038 0x00000000
core   0: 0x80011700 (0x02fcae23) sw      a5, 60(s9)
core   0: 3 0x80011700 (0x02fcae23) mem 0x8000003c 0x00000001
core   0: 0x80011704 (0x050ca023) sw      a6, 64(s9)
core   0: 3 0x80011704 (0x050ca023) mem 0x80000040 0x8001e848
core   0: 0x80011708 (0x051ca223) sw      a7, 68(s9)
core   0: 3 0x80011708 (0x051ca223) mem 0x80000044 0xe5868bd4
core   0: 0x8001170c (0x052ca423) sw      s2, 72(s9)
core   0: 3 0x8001170c (0x052ca423) mem 0x80000048 0xfc6ab7d0
core   0: 0x80011710 (0x053ca623) sw      s3, 76(s9)
core   0: 3 0x80011710 (0x053ca623) mem 0x8000004c 0x8000ebe8
core   0: 0x80011714 (0x054ca823) sw      s4, 80(s9)
core   0: 3 0x80011714 (0x054ca823) mem 0x80000050 0x00000001
core   0: 0x80011718 (0x055caa23) sw      s5, 84(s9)
core   0: 3 0x80011718 (0x055caa23) mem 0x80000054 0x00000028
core   0: 0x8001171c (0x056cac23) sw      s6, 88(s9)
core   0: 3 0x8001171c (0x056cac23) mem 0x80000058 0x8002bc60
core   0: 0x80011720 (0x057cae23) sw      s7, 92(s9)
core   0: 3 0x80011720 (0x057cae23) mem 0x8000005c 0x00000000
core   0: 0x80011724 (0x078ca023) sw      s8, 96(s9)
core   0: 3 0x80011724 (0x078ca023) mem 0x80000060 0xfffffe08
core   0: 0x80011728 (0x079ca223) sw      s9, 100(s9)
core   0: 3 0x80011728 (0x079ca223) mem 0x80000064 0x80000000
core   0: 0x8001172c (0x07aca423) sw      s10, 104(s9)
core   0: 3 0x8001172c (0x07aca423) mem 0x80000068 0x0000000b
core   0: 0x80011730 (0x07bca623) sw      s11, 108(s9)
core   0: 3 0x80011730 (0x07bca623) mem 0x8000006c 0x00000000
core   0: 0x80011734 (0x07cca823) sw      t3, 112(s9)
core   0: 3 0x80011734 (0x07cca823) mem 0x80000070 0x7fffff04
core   0: 0x80011738 (0x07dcaa23) sw      t4, 116(s9)
core   0: 3 0x80011738 (0x07dcaa23) mem 0x80000074 0x15800000
core   0: 0x8001173c (0x07ecac23) sw      t5, 120(s9)
core   0: 3 0x8001173c (0x07ecac23) mem 0x80000078 0x00000000
core   0: 0x80011740 (0x07fcae23) sw      t6, 124(s9)
core   0: 3 0x80011740 (0x07fcae23) mem 0x8000007c 0x0000000a
core   0: 0x80011744 (0x00000997) auipc   s3, 0x0
core   0: 3 0x80011744 (0x00000997) x19 0x80011744
core   0: 0x80011748 (0xe5898993) addi    s3, s3, -424
core   0: 3 0x80011748 (0xe5898993) x19 0x8001159c
core   0: 0x8001174c (0x00098067) jr      s3
core   0: 3 0x8001174c (0x00098067)
core   0: 0x8001159c (0x00001f17) auipc   t5, 0x1
core   0: 3 0x8001159c (0x00001f17) x30 0x8001259c
core   0: 0x800115a0 (0xa63f2223) sw      gp, -1436(t5)
core   0: 3 0x800115a0 (0xa63f2223) mem 0x80012000 0x00000001
core   0: 0x800115a4 (0xff9ff06f) j       pc - 0x8
core   0: 3 0x800115a4 (0xff9ff06f)
core   0: 0x8001159c (0x00001f17) auipc   t5, 0x1
core   0: 3 0x8001159c (0x00001f17) x30 0x8001259c
core   0: 0x800115a0 (0xa63f2223) sw      gp, -1436(t5)
core   0: 3 0x800115a0 (0xa63f2223) mem 0x80012000 0x00000001
core   0: 0x800115a4 (0xff9ff06f) j       pc - 0x8
core   0: 3 0x800115a4 (0xff9ff06f)
core   0: 0x8001159c (0x00001f17) auipc   t5, 0x1
core   0: 3 0x8001159c (0x00001f17) x30 0x8001259c
core   0: 0x800115a0 (0xa63f2223) sw      gp, -1436(t5)
core   0: 3 0x800115a0 (0xa63f2223) mem 0x80012000 0x00000001
core   0: 0x800115a4 (0xff9ff06f) j       pc - 0x8
core   0: 3 0x800115a4 (0xff9ff06f)
core   0: 0x8001159c (0x00001f17) auipc   t5, 0x1
core   0: 3 0x8001159c (0x00001f17) x30 0x8001259c
core   0: 0x800115a0 (0xa63f2223) sw      gp, -1436(t5)
core   0: 3 0x800115a0 (0xa63f2223) mem 0x80012000 0x00000001
core   0: 0x800115a4 (0xff9ff06f) j       pc - 0x8
core   0: 3 0x800115a4 (0xff9ff06f)
core   0: 0x8001159c (0x00001f17) auipc   t5, 0x1
core   0: 3 0x8001159c (0x00001f17) x30 0x8001259c
core   0: 0x800115a0 (0xa63f2223) sw      gp, -1436(t5)
core   0: 3 0x800115a0 (0xa63f2223) mem 0x80012000 0x00000001
core   0: 0x800115a4 (0xff9ff06f) j       pc - 0x8
core   0: 3 0x800115a4 (0xff9ff06f)
core   0: 0x8001159c (0x00001f17) auipc   t5, 0x1
core   0: 3 0x8001159c (0x00001f17) x30 0x8001259c
core   0: 0x800115a0 (0xa63f2223) sw      gp, -1436(t5)
core   0: 3 0x800115a0 (0xa63f2223) mem 0x80012000 0x00000001
core   0: 0x800115a4 (0xff9ff06f) j       pc - 0x8
core   0: 3 0x800115a4 (0xff9ff06f)
core   0: 0x8001159c (0x00001f17) auipc   t5, 0x1
core   0: 3 0x8001159c (0x00001f17) x30 0x8001259c
core   0: 0x800115a0 (0xa63f2223) sw      gp, -1436(t5)
core   0: 3 0x800115a0 (0xa63f2223) mem 0x80012000 0x00000001
core   0: 0x800115a4 (0xff9ff06f) j       pc - 0x8
core   0: 3 0x800115a4 (0xff9ff06f)
core   0: 0x8001159c (0x00001f17) auipc   t5, 0x1
core   0: 3 0x8001159c (0x00001f17) x30 0x8001259c
core   0: 0x800115a0 (0xa63f2223) sw      gp, -1436(t5)
core   0: 3 0x800115a0 (0xa63f2223) mem 0x80012000 0x00000001
core   0: 0x800115a4 (0xff9ff06f) j       pc - 0x8
core   0: 3 0x800115a4 (0xff9ff06f)
core   0: 0x8001159c (0x00001f17) auipc   t5, 0x1
core   0: 3 0x8001159c (0x00001f17) x30 0x8001259c
core   0: 0x800115a0 (0xa63f2223) sw      gp, -1436(t5)
core   0: 3 0x800115a0 (0xa63f2223) mem 0x80012000 0x00000001
core   0: 0x800115a4 (0xff9ff06f) j       pc - 0x8
core   0: 3 0x800115a4 (0xff9ff06f)
core   0: 0x8001159c (0x00001f17) auipc   t5, 0x1
core   0: 3 0x8001159c (0x00001f17) x30 0x8001259c
core   0: 0x800115a0 (0xa63f2223) sw      gp, -1436(t5)
core   0: 3 0x800115a0 (0xa63f2223) mem 0x80012000 0x00000001
core   0: 0x800115a4 (0xff9ff06f) j       pc - 0x8
core   0: 3 0x800115a4 (0xff9ff06f)
core   0: 0x8001159c (0x00001f17) auipc   t5, 0x1
core   0: 3 0x8001159c (0x00001f17) x30 0x8001259c
core   0: 0x800115a0 (0xa63f2223) sw      gp, -1436(t5)
core   0: 3 0x800115a0 (0xa63f2223) mem 0x80012000 0x00000001
core   0: 0x800115a4 (0xff9ff06f) j       pc - 0x8
core   0: 3 0x800115a4 (0xff9ff06f)
core   0: 0x8001159c (0x00001f17) auipc   t5, 0x1
core   0: 3 0x8001159c (0x00001f17) x30 0x8001259c
core   0: 0x800115a0 (0xa63f2223) sw      gp, -1436(t5)
core   0: 3 0x800115a0 (0xa63f2223) mem 0x80012000 0x00000001
core   0: 0x800115a4 (0xff9ff06f) j       pc - 0x8
core   0: 3 0x800115a4 (0xff9ff06f)
core   0: 0x8001159c (0x00001f17) auipc   t5, 0x1
core   0: 3 0x8001159c (0x00001f17) x30 0x8001259c
core   0: 0x800115a0 (0xa63f2223) sw      gp, -1436(t5)
core   0: 3 0x800115a0 (0xa63f2223) mem 0x80012000 0x00000001
core   0: 0x800115a4 (0xff9ff06f) j       pc - 0x8
core   0: 3 0x800115a4 (0xff9ff06f)
core   0: 0x8001159c (0x00001f17) auipc   t5, 0x1
core   0: 3 0x8001159c (0x00001f17) x30 0x8001259c
core   0: 0x800115a0 (0xa63f2223) sw      gp, -1436(t5)
core   0: 3 0x800115a0 (0xa63f2223) mem 0x80012000 0x00000001
core   0: 0x800115a4 (0xff9ff06f) j       pc - 0x8
core   0: 3 0x800115a4 (0xff9ff06f)
core   0: 0x8001159c (0x00001f17) auipc   t5, 0x1
core   0: 3 0x8001159c (0x00001f17) x30 0x8001259c
core   0: 0x800115a0 (0xa63f2223) sw      gp, -1436(t5)
core   0: 3 0x800115a0 (0xa63f2223) mem 0x80012000 0x00000001
core   0: 0x800115a4 (0xff9ff06f) j       pc - 0x8
core   0: 3 0x800115a4 (0xff9ff06f)
core   0: 0x8001159c (0x00001f17) auipc   t5, 0x1
core   0: 3 0x8001159c (0x00001f17) x30 0x8001259c
core   0: 0x800115a0 (0xa63f2223) sw      gp, -1436(t5)
core   0: 3 0x800115a0 (0xa63f2223) mem 0x80012000 0x00000001
core   0: 0x800115a4 (0xff9ff06f) j       pc - 0x8
core   0: 3 0x800115a4 (0xff9ff06f)
core   0: 0x8001159c (0x00001f17) auipc   t5, 0x1
core   0: 3 0x8001159c (0x00001f17) x30 0x8001259c
core   0: 0x800115a0 (0xa63f2223) sw      gp, -1436(t5)
core   0: 3 0x800115a0 (0xa63f2223) mem 0x80012000 0x00000001
core   0: 0x800115a4 (0xff9ff06f) j       pc - 0x8
core   0: 3 0x800115a4 (0xff9ff06f)
core   0: 0x8001159c (0x00001f17) auipc   t5, 0x1
core   0: 3 0x8001159c (0x00001f17) x30 0x8001259c
core   0: 0x800115a0 (0xa63f2223) sw      gp, -1436(t5)
core   0: 3 0x800115a0 (0xa63f2223) mem 0x80012000 0x00000001
core   0: 0x800115a4 (0xff9ff06f) j       pc - 0x8
core   0: 3 0x800115a4 (0xff9ff06f)
core   0: 0x8001159c (0x00001f17) auipc   t5, 0x1
core   0: 3 0x8001159c (0x00001f17) x30 0x8001259c
core   0: 0x800115a0 (0xa63f2223) sw      gp, -1436(t5)
core   0: 3 0x800115a0 (0xa63f2223) mem 0x80012000 0x00000001
core   0: 0x800115a4 (0xff9ff06f) j       pc - 0x8
core   0: 3 0x800115a4 (0xff9ff06f)
core   0: 0x8001159c (0x00001f17) auipc   t5, 0x1
core   0: 3 0x8001159c (0x00001f17) x30 0x8001259c
core   0: 0x800115a0 (0xa63f2223) sw      gp, -1436(t5)
core   0: 3 0x800115a0 (0xa63f2223) mem 0x80012000 0x00000001
core   0: 0x800115a4 (0xff9ff06f) j       pc - 0x8
core   0: 3 0x800115a4 (0xff9ff06f)
core   0: 0x8001159c (0x00001f17) auipc   t5, 0x1
core   0: 3 0x8001159c (0x00001f17) x30 0x8001259c
core   0: 0x800115a0 (0xa63f2223) sw      gp, -1436(t5)
core   0: 3 0x800115a0 (0xa63f2223) mem 0x80012000 0x00000001
core   0: 0x800115a4 (0xff9ff06f) j       pc - 0x8
core   0: 3 0x800115a4 (0xff9ff06f)
core   0: 0x8001159c (0x00001f17) auipc   t5, 0x1
core   0: 3 0x8001159c (0x00001f17) x30 0x8001259c
core   0: 0x800115a0 (0xa63f2223) sw      gp, -1436(t5)
core   0: 3 0x800115a0 (0xa63f2223) mem 0x80012000 0x00000001
core   0: 0x800115a4 (0xff9ff06f) j       pc - 0x8
core   0: 3 0x800115a4 (0xff9ff06f)
core   0: 0x8001159c (0x00001f17) auipc   t5, 0x1
core   0: 3 0x8001159c (0x00001f17) x30 0x8001259c
core   0: 0x800115a0 (0xa63f2223) sw      gp, -1436(t5)
core   0: 3 0x800115a0 (0xa63f2223) mem 0x80012000 0x00000001
core   0: 0x800115a4 (0xff9ff06f) j       pc - 0x8
core   0: 3 0x800115a4 (0xff9ff06f)
core   0: 0x8001159c (0x00001f17) auipc   t5, 0x1
core   0: 3 0x8001159c (0x00001f17) x30 0x8001259c
core   0: 0x800115a0 (0xa63f2223) sw      gp, -1436(t5)
core   0: 3 0x800115a0 (0xa63f2223) mem 0x80012000 0x00000001
core   0: 0x800115a4 (0xff9ff06f) j       pc - 0x8
core   0: 3 0x800115a4 (0xff9ff06f)
core   0: 0x8001159c (0x00001f17) auipc   t5, 0x1
core   0: 3 0x8001159c (0x00001f17) x30 0x8001259c
core   0: 0x800115a0 (0xa63f2223) sw      gp, -1436(t5)
core   0: 3 0x800115a0 (0xa63f2223) mem 0x80012000 0x00000001
core   0: 0x800115a4 (0xff9ff06f) j       pc - 0x8
core   0: 3 0x800115a4 (0xff9ff06f)
core   0: 0x8001159c (0x00001f17) auipc   t5, 0x1
core   0: 3 0x8001159c (0x00001f17) x30 0x8001259c
core   0: 0x800115a0 (0xa63f2223) sw      gp, -1436(t5)
core   0: 3 0x800115a0 (0xa63f2223) mem 0x80012000 0x00000001
core   0: 0x800115a4 (0xff9ff06f) j       pc - 0x8
core   0: 3 0x800115a4 (0xff9ff06f)
core   0: 0x8001159c (0x00001f17) auipc   t5, 0x1
core   0: 3 0x8001159c (0x00001f17) x30 0x8001259c
core   0: 0x800115a0 (0xa63f2223) sw      gp, -1436(t5)
core   0: 3 0x800115a0 (0xa63f2223) mem 0x80012000 0x00000001
core   0: 0x800115a4 (0xff9ff06f) j       pc - 0x8
core   0: 3 0x800115a4 (0xff9ff06f)
core   0: 0x8001159c (0x00001f17) auipc   t5, 0x1
core   0: 3 0x8001159c (0x00001f17) x30 0x8001259c
core   0: 0x800115a0 (0xa63f2223) sw      gp, -1436(t5)
core   0: 3 0x800115a0 (0xa63f2223) mem 0x80012000 0x00000001
core   0: 0x800115a4 (0xff9ff06f) j       pc - 0x8
core   0: 3 0x800115a4 (0xff9ff06f)
core   0: 0x8001159c (0x00001f17) auipc   t5, 0x1
core   0: 3 0x8001159c (0x00001f17) x30 0x8001259c
core   0: 0x800115a0 (0xa63f2223) sw      gp, -1436(t5)
core   0: 3 0x800115a0 (0xa63f2223) mem 0x80012000 0x00000001
core   0: 0x800115a4 (0xff9ff06f) j       pc - 0x8
core   0: 3 0x800115a4 (0xff9ff06f)
core   0: 0x8001159c (0x00001f17) auipc   t5, 0x1
core   0: 3 0x8001159c (0x00001f17) x30 0x8001259c
core   0: 0x800115a0 (0xa63f2223) sw      gp, -1436(t5)
core   0: 3 0x800115a0 (0xa63f2223) mem 0x80012000 0x00000001
core   0: 0x800115a4 (0xff9ff06f) j       pc - 0x8
core   0: 3 0x800115a4 (0xff9ff06f)
core   0: 0x8001159c (0x00001f17) auipc   t5, 0x1
core   0: 3 0x8001159c (0x00001f17) x30 0x8001259c
core   0: 0x800115a0 (0xa63f2223) sw      gp, -1436(t5)
core   0: 3 0x800115a0 (0xa63f2223) mem 0x80012000 0x00000001
core   0: 0x800115a4 (0xff9ff06f) j       pc - 0x8
core   0: 3 0x800115a4 (0xff9ff06f)
core   0: 0x8001159c (0x00001f17) auipc   t5, 0x1
core   0: 3 0x8001159c (0x00001f17) x30 0x8001259c
core   0: 0x800115a0 (0xa63f2223) sw      gp, -1436(t5)
core   0: 3 0x800115a0 (0xa63f2223) mem 0x80012000 0x00000001
core   0: 0x800115a4 (0xff9ff06f) j       pc - 0x8
core   0: 3 0x800115a4 (0xff9ff06f)
core   0: 0x8001159c (0x00001f17) auipc   t5, 0x1
core   0: 3 0x8001159c (0x00001f17) x30 0x8001259c
core   0: 0x800115a0 (0xa63f2223) sw      gp, -1436(t5)
core   0: 3 0x800115a0 (0xa63f2223) mem 0x80012000 0x00000001
core   0: 0x800115a4 (0xff9ff06f) j       pc - 0x8
core   0: 3 0x800115a4 (0xff9ff06f)
core   0: 0x8001159c (0x00001f17) auipc   t5, 0x1
core   0: 3 0x8001159c (0x00001f17) x30 0x8001259c
core   0: 0x800115a0 (0xa63f2223) sw      gp, -1436(t5)
core   0: 3 0x800115a0 (0xa63f2223) mem 0x80012000 0x00000001
core   0: 0x800115a4 (0xff9ff06f) j       pc - 0x8
core   0: 3 0x800115a4 (0xff9ff06f)
core   0: 0x8001159c (0x00001f17) auipc   t5, 0x1
core   0: 3 0x8001159c (0x00001f17) x30 0x8001259c
core   0: 0x800115a0 (0xa63f2223) sw      gp, -1436(t5)
core   0: 3 0x800115a0 (0xa63f2223) mem 0x80012000 0x00000001
core   0: 0x800115a4 (0xff9ff06f) j       pc - 0x8
core   0: 3 0x800115a4 (0xff9ff06f)
core   0: 0x8001159c (0x00001f17) auipc   t5, 0x1
core   0: 3 0x8001159c (0x00001f17) x30 0x8001259c
core   0: 0x800115a0 (0xa63f2223) sw      gp, -1436(t5)
core   0: 3 0x800115a0 (0xa63f2223) mem 0x80012000 0x00000001
core   0: 0x800115a4 (0xff9ff06f) j       pc - 0x8
core   0: 3 0x800115a4 (0xff9ff06f)
core   0: 0x8001159c (0x00001f17) auipc   t5, 0x1
core   0: 3 0x8001159c (0x00001f17) x30 0x8001259c
core   0: 0x800115a0 (0xa63f2223) sw      gp, -1436(t5)
core   0: 3 0x800115a0 (0xa63f2223) mem 0x80012000 0x00000001
core   0: 0x800115a4 (0xff9ff06f) j       pc - 0x8
core   0: 3 0x800115a4 (0xff9ff06f)
core   0: 0x8001159c (0x00001f17) auipc   t5, 0x1
core   0: 3 0x8001159c (0x00001f17) x30 0x8001259c
core   0: 0x800115a0 (0xa63f2223) sw      gp, -1436(t5)
core   0: 3 0x800115a0 (0xa63f2223) mem 0x80012000 0x00000001
core   0: 0x800115a4 (0xff9ff06f) j       pc - 0x8
core   0: 3 0x800115a4 (0xff9ff06f)
core   0: 0x8001159c (0x00001f17) auipc   t5, 0x1
core   0: 3 0x8001159c (0x00001f17) x30 0x8001259c
core   0: 0x800115a0 (0xa63f2223) sw      gp, -1436(t5)
core   0: 3 0x800115a0 (0xa63f2223) mem 0x80012000 0x00000001
core   0: 0x800115a4 (0xff9ff06f) j       pc - 0x8
core   0: 3 0x800115a4 (0xff9ff06f)
core   0: 0x8001159c (0x00001f17) auipc   t5, 0x1
core   0: 3 0x8001159c (0x00001f17) x30 0x8001259c
core   0: 0x800115a0 (0xa63f2223) sw      gp, -1436(t5)
core   0: 3 0x800115a0 (0xa63f2223) mem 0x80012000 0x00000001
core   0: 0x800115a4 (0xff9ff06f) j       pc - 0x8
core   0: 3 0x800115a4 (0xff9ff06f)
core   0: 0x8001159c (0x00001f17) auipc   t5, 0x1
core   0: 3 0x8001159c (0x00001f17) x30 0x8001259c
core   0: 0x800115a0 (0xa63f2223) sw      gp, -1436(t5)
core   0: 3 0x800115a0 (0xa63f2223) mem 0x80012000 0x00000001
core   0: 0x800115a4 (0xff9ff06f) j       pc - 0x8
core   0: 3 0x800115a4 (0xff9ff06f)
core   0: 0x8001159c (0x00001f17) auipc   t5, 0x1
core   0: 3 0x8001159c (0x00001f17) x30 0x8001259c
core   0: 0x800115a0 (0xa63f2223) sw      gp, -1436(t5)
core   0: 3 0x800115a0 (0xa63f2223) mem 0x80012000 0x00000001
core   0: 0x800115a4 (0xff9ff06f) j       pc - 0x8
core   0: 3 0x800115a4 (0xff9ff06f)
core   0: 0x8001159c (0x00001f17) auipc   t5, 0x1
core   0: 3 0x8001159c (0x00001f17) x30 0x8001259c
core   0: 0x800115a0 (0xa63f2223) sw      gp, -1436(t5)
core   0: 3 0x800115a0 (0xa63f2223) mem 0x80012000 0x00000001
core   0: 0x800115a4 (0xff9ff06f) j       pc - 0x8
core   0: 3 0x800115a4 (0xff9ff06f)
core   0: 0x8001159c (0x00001f17) auipc   t5, 0x1
core   0: 3 0x8001159c (0x00001f17) x30 0x8001259c
core   0: 0x800115a0 (0xa63f2223) sw      gp, -1436(t5)
core   0: 3 0x800115a0 (0xa63f2223) mem 0x80012000 0x00000001
core   0: 0x800115a4 (0xff9ff06f) j       pc - 0x8
core   0: 3 0x800115a4 (0xff9ff06f)
core   0: 0x8001159c (0x00001f17) auipc   t5, 0x1
core   0: 3 0x8001159c (0x00001f17) x30 0x8001259c
core   0: 0x800115a0 (0xa63f2223) sw      gp, -1436(t5)
core   0: 3 0x800115a0 (0xa63f2223) mem 0x80012000 0x00000001
core   0: 0x800115a4 (0xff9ff06f) j       pc - 0x8
core   0: 3 0x800115a4 (0xff9ff06f)
core   0: 0x8001159c (0x00001f17) auipc   t5, 0x1
core   0: 3 0x8001159c (0x00001f17) x30 0x8001259c
core   0: 0x800115a0 (0xa63f2223) sw      gp, -1436(t5)
core   0: 3 0x800115a0 (0xa63f2223) mem 0x80012000 0x00000001
core   0: 0x800115a4 (0xff9ff06f) j       pc - 0x8
core   0: 3 0x800115a4 (0xff9ff06f)
core   0: 0x8001159c (0x00001f17) auipc   t5, 0x1
core   0: 3 0x8001159c (0x00001f17) x30 0x8001259c
core   0: 0x800115a0 (0xa63f2223) sw      gp, -1436(t5)
core   0: 3 0x800115a0 (0xa63f2223) mem 0x80012000 0x00000001
core   0: 0x800115a4 (0xff9ff06f) j       pc - 0x8
core   0: 3 0x800115a4 (0xff9ff06f)
core   0: 0x8001159c (0x00001f17) auipc   t5, 0x1
core   0: 3 0x8001159c (0x00001f17) x30 0x8001259c
core   0: 0x800115a0 (0xa63f2223) sw      gp, -1436(t5)
core   0: 3 0x800115a0 (0xa63f2223) mem 0x80012000 0x00000001
core   0: 0x800115a4 (0xff9ff06f) j       pc - 0x8
core   0: 3 0x800115a4 (0xff9ff06f)
core   0: 0x8001159c (0x00001f17) auipc   t5, 0x1
core   0: 3 0x8001159c (0x00001f17) x30 0x8001259c
core   0: 0x800115a0 (0xa63f2223) sw      gp, -1436(t5)
core   0: 3 0x800115a0 (0xa63f2223) mem 0x80012000 0x00000001
core   0: 0x800115a4 (0xff9ff06f) j       pc - 0x8
core   0: 3 0x800115a4 (0xff9ff06f)
core   0: 0x8001159c (0x00001f17) auipc   t5, 0x1
core   0: 3 0x8001159c (0x00001f17) x30 0x8001259c
core   0: 0x800115a0 (0xa63f2223) sw      gp, -1436(t5)
core   0: 3 0x800115a0 (0xa63f2223) mem 0x80012000 0x00000001
core   0: 0x800115a4 (0xff9ff06f) j       pc - 0x8
core   0: 3 0x800115a4 (0xff9ff06f)
core   0: 0x8001159c (0x00001f17) auipc   t5, 0x1
core   0: 3 0x8001159c (0x00001f17) x30 0x8001259c
core   0: 0x800115a0 (0xa63f2223) sw      gp, -1436(t5)
core   0: 3 0x800115a0 (0xa63f2223) mem 0x80012000 0x00000001
core   0: 0x800115a4 (0xff9ff06f) j       pc - 0x8
core   0: 3 0x800115a4 (0xff9ff06f)
core   0: 0x8001159c (0x00001f17) auipc   t5, 0x1
core   0: 3 0x8001159c (0x00001f17) x30 0x8001259c
core   0: 0x800115a0 (0xa63f2223) sw      gp, -1436(t5)
core   0: 3 0x800115a0 (0xa63f2223) mem 0x80012000 0x00000001
core   0: 0x800115a4 (0xff9ff06f) j       pc - 0x8
core   0: 3 0x800115a4 (0xff9ff06f)
core   0: 0x8001159c (0x00001f17) auipc   t5, 0x1
core   0: 3 0x8001159c (0x00001f17) x30 0x8001259c
core   0: 0x800115a0 (0xa63f2223) sw      gp, -1436(t5)
core   0: 3 0x800115a0 (0xa63f2223) mem 0x80012000 0x00000001
core   0: 0x800115a4 (0xff9ff06f) j       pc - 0x8
core   0: 3 0x800115a4 (0xff9ff06f)
core   0: 0x8001159c (0x00001f17) auipc   t5, 0x1
core   0: 3 0x8001159c (0x00001f17) x30 0x8001259c
core   0: 0x800115a0 (0xa63f2223) sw      gp, -1436(t5)
core   0: 3 0x800115a0 (0xa63f2223) mem 0x80012000 0x00000001
core   0: 0x800115a4 (0xff9ff06f) j       pc - 0x8
core   0: 3 0x800115a4 (0xff9ff06f)
core   0: 0x8001159c (0x00001f17) auipc   t5, 0x1
core   0: 3 0x8001159c (0x00001f17) x30 0x8001259c
core   0: 0x800115a0 (0xa63f2223) sw      gp, -1436(t5)
core   0: 3 0x800115a0 (0xa63f2223) mem 0x80012000 0x00000001
core   0: 0x800115a4 (0xff9ff06f) j       pc - 0x8
core   0: 3 0x800115a4 (0xff9ff06f)
core   0: 0x8001159c (0x00001f17) auipc   t5, 0x1
core   0: 3 0x8001159c (0x00001f17) x30 0x8001259c
core   0: 0x800115a0 (0xa63f2223) sw      gp, -1436(t5)
core   0: 3 0x800115a0 (0xa63f2223) mem 0x80012000 0x00000001
core   0: 0x800115a4 (0xff9ff06f) j       pc - 0x8
core   0: 3 0x800115a4 (0xff9ff06f)
core   0: 0x8001159c (0x00001f17) auipc   t5, 0x1
core   0: 3 0x8001159c (0x00001f17) x30 0x8001259c
core   0: 0x800115a0 (0xa63f2223) sw      gp, -1436(t5)
core   0: 3 0x800115a0 (0xa63f2223) mem 0x80012000 0x00000001
core   0: 0x800115a4 (0xff9ff06f) j       pc - 0x8
core   0: 3 0x800115a4 (0xff9ff06f)
core   0: 0x8001159c (0x00001f17) auipc   t5, 0x1
core   0: 3 0x8001159c (0x00001f17) x30 0x8001259c
core   0: 0x800115a0 (0xa63f2223) sw      gp, -1436(t5)
core   0: 3 0x800115a0 (0xa63f2223) mem 0x80012000 0x00000001
core   0: 0x800115a4 (0xff9ff06f) j       pc - 0x8
core   0: 3 0x800115a4 (0xff9ff06f)
core   0: 0x8001159c (0x00001f17) auipc   t5, 0x1
core   0: 3 0x8001159c (0x00001f17) x30 0x8001259c
core   0: 0x800115a0 (0xa63f2223) sw      gp, -1436(t5)
core   0: 3 0x800115a0 (0xa63f2223) mem 0x80012000 0x00000001
core   0: 0x800115a4 (0xff9ff06f) j       pc - 0x8
core   0: 3 0x800115a4 (0xff9ff06f)
core   0: 0x8001159c (0x00001f17) auipc   t5, 0x1
core   0: 3 0x8001159c (0x00001f17) x30 0x8001259c
core   0: 0x800115a0 (0xa63f2223) sw      gp, -1436(t5)
core   0: 3 0x800115a0 (0xa63f2223) mem 0x80012000 0x00000001
core   0: 0x800115a4 (0xff9ff06f) j       pc - 0x8
core   0: 3 0x800115a4 (0xff9ff06f)
core   0: 0x8001159c (0x00001f17) auipc   t5, 0x1
core   0: 3 0x8001159c (0x00001f17) x30 0x8001259c
core   0: 0x800115a0 (0xa63f2223) sw      gp, -1436(t5)
core   0: 3 0x800115a0 (0xa63f2223) mem 0x80012000 0x00000001
core   0: 0x800115a4 (0xff9ff06f) j       pc - 0x8
core   0: 3 0x800115a4 (0xff9ff06f)
core   0: 0x8001159c (0x00001f17) auipc   t5, 0x1
core   0: 3 0x8001159c (0x00001f17) x30 0x8001259c
core   0: 0x800115a0 (0xa63f2223) sw      gp, -1436(t5)
core   0: 3 0x800115a0 (0xa63f2223) mem 0x80012000 0x00000001
core   0: 0x800115a4 (0xff9ff06f) j       pc - 0x8
core   0: 3 0x800115a4 (0xff9ff06f)
core   0: 0x8001159c (0x00001f17) auipc   t5, 0x1
core   0: 3 0x8001159c (0x00001f17) x30 0x8001259c
core   0: 0x800115a0 (0xa63f2223) sw      gp, -1436(t5)
core   0: 3 0x800115a0 (0xa63f2223) mem 0x80012000 0x00000001
core   0: 0x800115a4 (0xff9ff06f) j       pc - 0x8
core   0: 3 0x800115a4 (0xff9ff06f)
core   0: 0x8001159c (0x00001f17) auipc   t5, 0x1
core   0: 3 0x8001159c (0x00001f17) x30 0x8001259c
core   0: 0x800115a0 (0xa63f2223) sw      gp, -1436(t5)
core   0: 3 0x800115a0 (0xa63f2223) mem 0x80012000 0x00000001
core   0: 0x800115a4 (0xff9ff06f) j       pc - 0x8
core   0: 3 0x800115a4 (0xff9ff06f)
core   0: 0x8001159c (0x00001f17) auipc   t5, 0x1
core   0: 3 0x8001159c (0x00001f17) x30 0x8001259c
core   0: 0x800115a0 (0xa63f2223) sw      gp, -1436(t5)
core   0: 3 0x800115a0 (0xa63f2223) mem 0x80012000 0x00000001
core   0: 0x800115a4 (0xff9ff06f) j       pc - 0x8
core   0: 3 0x800115a4 (0xff9ff06f)
core   0: 0x8001159c (0x00001f17) auipc   t5, 0x1
core   0: 3 0x8001159c (0x00001f17) x30 0x8001259c
core   0: 0x800115a0 (0xa63f2223) sw      gp, -1436(t5)
core   0: 3 0x800115a0 (0xa63f2223) mem 0x80012000 0x00000001
core   0: 0x800115a4 (0xff9ff06f) j       pc - 0x8
core   0: 3 0x800115a4 (0xff9ff06f)
core   0: 0x8001159c (0x00001f17) auipc   t5, 0x1
core   0: 3 0x8001159c (0x00001f17) x30 0x8001259c
core   0: 0x800115a0 (0xa63f2223) sw      gp, -1436(t5)
core   0: 3 0x800115a0 (0xa63f2223) mem 0x80012000 0x00000001
core   0: 0x800115a4 (0xff9ff06f) j       pc - 0x8
core   0: 3 0x800115a4 (0xff9ff06f)
core   0: 0x8001159c (0x00001f17) auipc   t5, 0x1
core   0: 3 0x8001159c (0x00001f17) x30 0x8001259c
core   0: 0x800115a0 (0xa63f2223) sw      gp, -1436(t5)
core   0: 3 0x800115a0 (0xa63f2223) mem 0x80012000 0x00000001
core   0: 0x800115a4 (0xff9ff06f) j       pc - 0x8
core   0: 3 0x800115a4 (0xff9ff06f)
core   0: 0x8001159c (0x00001f17) auipc   t5, 0x1
core   0: 3 0x8001159c (0x00001f17) x30 0x8001259c
core   0: 0x800115a0 (0xa63f2223) sw      gp, -1436(t5)
core   0: 3 0x800115a0 (0xa63f2223) mem 0x80012000 0x00000001
core   0: 0x800115a4 (0xff9ff06f) j       pc - 0x8
core   0: 3 0x800115a4 (0xff9ff06f)
core   0: 0x8001159c (0x00001f17) auipc   t5, 0x1
core   0: 3 0x8001159c (0x00001f17) x30 0x8001259c
core   0: 0x800115a0 (0xa63f2223) sw      gp, -1436(t5)
core   0: 3 0x800115a0 (0xa63f2223) mem 0x80012000 0x00000001
core   0: 0x800115a4 (0xff9ff06f) j       pc - 0x8
core   0: 3 0x800115a4 (0xff9ff06f)
core   0: 0x8001159c (0x00001f17) auipc   t5, 0x1
core   0: 3 0x8001159c (0x00001f17) x30 0x8001259c
core   0: 0x800115a0 (0xa63f2223) sw      gp, -1436(t5)
core   0: 3 0x800115a0 (0xa63f2223) mem 0x80012000 0x00000001
core   0: 0x800115a4 (0xff9ff06f) j       pc - 0x8
core   0: 3 0x800115a4 (0xff9ff06f)
core   0: 0x8001159c (0x00001f17) auipc   t5, 0x1
core   0: 3 0x8001159c (0x00001f17) x30 0x8001259c
core   0: 0x800115a0 (0xa63f2223) sw      gp, -1436(t5)
core   0: 3 0x800115a0 (0xa63f2223) mem 0x80012000 0x00000001
core   0: 0x800115a4 (0xff9ff06f) j       pc - 0x8
core   0: 3 0x800115a4 (0xff9ff06f)
core   0: 0x8001159c (0x00001f17) auipc   t5, 0x1
core   0: 3 0x8001159c (0x00001f17) x30 0x8001259c
core   0: 0x800115a0 (0xa63f2223) sw      gp, -1436(t5)
core   0: 3 0x800115a0 (0xa63f2223) mem 0x80012000 0x00000001
core   0: 0x800115a4 (0xff9ff06f) j       pc - 0x8
core   0: 3 0x800115a4 (0xff9ff06f)
core   0: 0x8001159c (0x00001f17) auipc   t5, 0x1
core   0: 3 0x8001159c (0x00001f17) x30 0x8001259c
core   0: 0x800115a0 (0xa63f2223) sw      gp, -1436(t5)
core   0: 3 0x800115a0 (0xa63f2223) mem 0x80012000 0x00000001
core   0: 0x800115a4 (0xff9ff06f) j       pc - 0x8
core   0: 3 0x800115a4 (0xff9ff06f)
core   0: 0x8001159c (0x00001f17) auipc   t5, 0x1
core   0: 3 0x8001159c (0x00001f17) x30 0x8001259c
core   0: 0x800115a0 (0xa63f2223) sw      gp, -1436(t5)
core   0: 3 0x800115a0 (0xa63f2223) mem 0x80012000 0x00000001
core   0: 0x800115a4 (0xff9ff06f) j       pc - 0x8
core   0: 3 0x800115a4 (0xff9ff06f)
core   0: 0x8001159c (0x00001f17) auipc   t5, 0x1
core   0: 3 0x8001159c (0x00001f17) x30 0x8001259c
core   0: 0x800115a0 (0xa63f2223) sw      gp, -1436(t5)
core   0: 3 0x800115a0 (0xa63f2223) mem 0x80012000 0x00000001
core   0: 0x800115a4 (0xff9ff06f) j       pc - 0x8
core   0: 3 0x800115a4 (0xff9ff06f)
core   0: 0x8001159c (0x00001f17) auipc   t5, 0x1
core   0: 3 0x8001159c (0x00001f17) x30 0x8001259c
core   0: 0x800115a0 (0xa63f2223) sw      gp, -1436(t5)
core   0: 3 0x800115a0 (0xa63f2223) mem 0x80012000 0x00000001
core   0: 0x800115a4 (0xff9ff06f) j       pc - 0x8
core   0: 3 0x800115a4 (0xff9ff06f)
core   0: 0x8001159c (0x00001f17) auipc   t5, 0x1
core   0: 3 0x8001159c (0x00001f17) x30 0x8001259c
core   0: 0x800115a0 (0xa63f2223) sw      gp, -1436(t5)
core   0: 3 0x800115a0 (0xa63f2223) mem 0x80012000 0x00000001
core   0: 0x800115a4 (0xff9ff06f) j       pc - 0x8
core   0: 3 0x800115a4 (0xff9ff06f)
core   0: 0x8001159c (0x00001f17) auipc   t5, 0x1
core   0: 3 0x8001159c (0x00001f17) x30 0x8001259c
core   0: 0x800115a0 (0xa63f2223) sw      gp, -1436(t5)
core   0: 3 0x800115a0 (0xa63f2223) mem 0x80012000 0x00000001
core   0: 0x800115a4 (0xff9ff06f) j       pc - 0x8
core   0: 3 0x800115a4 (0xff9ff06f)
core   0: 0x8001159c (0x00001f17) auipc   t5, 0x1
core   0: 3 0x8001159c (0x00001f17) x30 0x8001259c
core   0: 0x800115a0 (0xa63f2223) sw      gp, -1436(t5)
core   0: 3 0x800115a0 (0xa63f2223) mem 0x80012000 0x00000001
core   0: 0x800115a4 (0xff9ff06f) j       pc - 0x8
core   0: 3 0x800115a4 (0xff9ff06f)
core   0: 0x8001159c (0x00001f17) auipc   t5, 0x1
core   0: 3 0x8001159c (0x00001f17) x30 0x8001259c
core   0: 0x800115a0 (0xa63f2223) sw      gp, -1436(t5)
core   0: 3 0x800115a0 (0xa63f2223) mem 0x80012000 0x00000001
core   0: 0x800115a4 (0xff9ff06f) j       pc - 0x8
core   0: 3 0x800115a4 (0xff9ff06f)
core   0: 0x8001159c (0x00001f17) auipc   t5, 0x1
core   0: 3 0x8001159c (0x00001f17) x30 0x8001259c
core   0: 0x800115a0 (0xa63f2223) sw      gp, -1436(t5)
core   0: 3 0x800115a0 (0xa63f2223) mem 0x80012000 0x00000001
core   0: 0x800115a4 (0xff9ff06f) j       pc - 0x8
core   0: 3 0x800115a4 (0xff9ff06f)
core   0: 0x8001159c (0x00001f17) auipc   t5, 0x1
core   0: 3 0x8001159c (0x00001f17) x30 0x8001259c
core   0: 0x800115a0 (0xa63f2223) sw      gp, -1436(t5)
core   0: 3 0x800115a0 (0xa63f2223) mem 0x80012000 0x00000001
core   0: 0x800115a4 (0xff9ff06f) j       pc - 0x8
core   0: 3 0x800115a4 (0xff9ff06f)
core   0: 0x8001159c (0x00001f17) auipc   t5, 0x1
core   0: 3 0x8001159c (0x00001f17) x30 0x8001259c
core   0: 0x800115a0 (0xa63f2223) sw      gp, -1436(t5)
core   0: 3 0x800115a0 (0xa63f2223) mem 0x80012000 0x00000001
core   0: 0x800115a4 (0xff9ff06f) j       pc - 0x8
core   0: 3 0x800115a4 (0xff9ff06f)
core   0: 0x8001159c (0x00001f17) auipc   t5, 0x1
core   0: 3 0x8001159c (0x00001f17) x30 0x8001259c
core   0: 0x800115a0 (0xa63f2223) sw      gp, -1436(t5)
core   0: 3 0x800115a0 (0xa63f2223) mem 0x80012000 0x00000001
core   0: 0x800115a4 (0xff9ff06f) j       pc - 0x8
core   0: 3 0x800115a4 (0xff9ff06f)
core   0: 0x8001159c (0x00001f17) auipc   t5, 0x1
core   0: 3 0x8001159c (0x00001f17) x30 0x8001259c
core   0: 0x800115a0 (0xa63f2223) sw      gp, -1436(t5)
core   0: 3 0x800115a0 (0xa63f2223) mem 0x80012000 0x00000001
core   0: 0x800115a4 (0xff9ff06f) j       pc - 0x8
core   0: 3 0x800115a4 (0xff9ff06f)
core   0: 0x8001159c (0x00001f17) auipc   t5, 0x1
core   0: 3 0x8001159c (0x00001f17) x30 0x8001259c
core   0: 0x800115a0 (0xa63f2223) sw      gp, -1436(t5)
core   0: 3 0x800115a0 (0xa63f2223) mem 0x80012000 0x00000001
core   0: 0x800115a4 (0xff9ff06f) j       pc - 0x8
core   0: 3 0x800115a4 (0xff9ff06f)
core   0: 0x8001159c (0x00001f17) auipc   t5, 0x1
core   0: 3 0x8001159c (0x00001f17) x30 0x8001259c
core   0: 0x800115a0 (0xa63f2223) sw      gp, -1436(t5)
core   0: 3 0x800115a0 (0xa63f2223) mem 0x80012000 0x00000001
core   0: 0x800115a4 (0xff9ff06f) j       pc - 0x8
core   0: 3 0x800115a4 (0xff9ff06f)
core   0: 0x8001159c (0x00001f17) auipc   t5, 0x1
core   0: 3 0x8001159c (0x00001f17) x30 0x8001259c
core   0: 0x800115a0 (0xa63f2223) sw      gp, -1436(t5)
core   0: 3 0x800115a0 (0xa63f2223) mem 0x80012000 0x00000001
core   0: 0x800115a4 (0xff9ff06f) j       pc - 0x8
core   0: 3 0x800115a4 (0xff9ff06f)
core   0: 0x8001159c (0x00001f17) auipc   t5, 0x1
core   0: 3 0x8001159c (0x00001f17) x30 0x8001259c
core   0: 0x800115a0 (0xa63f2223) sw      gp, -1436(t5)
core   0: 3 0x800115a0 (0xa63f2223) mem 0x80012000 0x00000001
core   0: 0x800115a4 (0xff9ff06f) j       pc - 0x8
core   0: 3 0x800115a4 (0xff9ff06f)
core   0: 0x8001159c (0x00001f17) auipc   t5, 0x1
core   0: 3 0x8001159c (0x00001f17) x30 0x8001259c
core   0: 0x800115a0 (0xa63f2223) sw      gp, -1436(t5)
core   0: 3 0x800115a0 (0xa63f2223) mem 0x80012000 0x00000001
core   0: 0x800115a4 (0xff9ff06f) j       pc - 0x8
core   0: 3 0x800115a4 (0xff9ff06f)
core   0: 0x8001159c (0x00001f17) auipc   t5, 0x1
core   0: 3 0x8001159c (0x00001f17) x30 0x8001259c
core   0: 0x800115a0 (0xa63f2223) sw      gp, -1436(t5)
core   0: 3 0x800115a0 (0xa63f2223) mem 0x80012000 0x00000001
core   0: 0x800115a4 (0xff9ff06f) j       pc - 0x8
core   0: 3 0x800115a4 (0xff9ff06f)
core   0: 0x8001159c (0x00001f17) auipc   t5, 0x1
core   0: 3 0x8001159c (0x00001f17) x30 0x8001259c
core   0: 0x800115a0 (0xa63f2223) sw      gp, -1436(t5)
core   0: 3 0x800115a0 (0xa63f2223) mem 0x80012000 0x00000001
core   0: 0x800115a4 (0xff9ff06f) j       pc - 0x8
core   0: 3 0x800115a4 (0xff9ff06f)
core   0: 0x8001159c (0x00001f17) auipc   t5, 0x1
core   0: 3 0x8001159c (0x00001f17) x30 0x8001259c
core   0: 0x800115a0 (0xa63f2223) sw      gp, -1436(t5)
core   0: 3 0x800115a0 (0xa63f2223) mem 0x80012000 0x00000001
core   0: 0x800115a4 (0xff9ff06f) j       pc - 0x8
core   0: 3 0x800115a4 (0xff9ff06f)
core   0: 0x8001159c (0x00001f17) auipc   t5, 0x1
core   0: 3 0x8001159c (0x00001f17) x30 0x8001259c
core   0: 0x800115a0 (0xa63f2223) sw      gp, -1436(t5)
core   0: 3 0x800115a0 (0xa63f2223) mem 0x80012000 0x00000001
core   0: 0x800115a4 (0xff9ff06f) j       pc - 0x8
core   0: 3 0x800115a4 (0xff9ff06f)
core   0: 0x8001159c (0x00001f17) auipc   t5, 0x1
core   0: 3 0x8001159c (0x00001f17) x30 0x8001259c
core   0: 0x800115a0 (0xa63f2223) sw      gp, -1436(t5)
core   0: 3 0x800115a0 (0xa63f2223) mem 0x80012000 0x00000001
core   0: 0x800115a4 (0xff9ff06f) j       pc - 0x8
core   0: 3 0x800115a4 (0xff9ff06f)
core   0: 0x8001159c (0x00001f17) auipc   t5, 0x1
core   0: 3 0x8001159c (0x00001f17) x30 0x8001259c
core   0: 0x800115a0 (0xa63f2223) sw      gp, -1436(t5)
core   0: 3 0x800115a0 (0xa63f2223) mem 0x80012000 0x00000001
core   0: 0x800115a4 (0xff9ff06f) j       pc - 0x8
core   0: 3 0x800115a4 (0xff9ff06f)
core   0: 0x8001159c (0x00001f17) auipc   t5, 0x1
core   0: 3 0x8001159c (0x00001f17) x30 0x8001259c
core   0: 0x800115a0 (0xa63f2223) sw      gp, -1436(t5)
core   0: 3 0x800115a0 (0xa63f2223) mem 0x80012000 0x00000001
core   0: 0x800115a4 (0xff9ff06f) j       pc - 0x8
core   0: 3 0x800115a4 (0xff9ff06f)
core   0: 0x8001159c (0x00001f17) auipc   t5, 0x1
core   0: 3 0x8001159c (0x00001f17) x30 0x8001259c
core   0: 0x800115a0 (0xa63f2223) sw      gp, -1436(t5)
core   0: 3 0x800115a0 (0xa63f2223) mem 0x80012000 0x00000001
core   0: 0x800115a4 (0xff9ff06f) j       pc - 0x8
core   0: 3 0x800115a4 (0xff9ff06f)
core   0: 0x8001159c (0x00001f17) auipc   t5, 0x1
core   0: 3 0x8001159c (0x00001f17) x30 0x8001259c
core   0: 0x800115a0 (0xa63f2223) sw      gp, -1436(t5)
core   0: 3 0x800115a0 (0xa63f2223) mem 0x80012000 0x00000001
core   0: 0x800115a4 (0xff9ff06f) j       pc - 0x8
core   0: 3 0x800115a4 (0xff9ff06f)
core   0: 0x8001159c (0x00001f17) auipc   t5, 0x1
core   0: 3 0x8001159c (0x00001f17) x30 0x8001259c
core   0: 0x800115a0 (0xa63f2223) sw      gp, -1436(t5)
core   0: 3 0x800115a0 (0xa63f2223) mem 0x80012000 0x00000001
core   0: 0x800115a4 (0xff9ff06f) j       pc - 0x8
core   0: 3 0x800115a4 (0xff9ff06f)
core   0: 0x8001159c (0x00001f17) auipc   t5, 0x1
core   0: 3 0x8001159c (0x00001f17) x30 0x8001259c
core   0: 0x800115a0 (0xa63f2223) sw      gp, -1436(t5)
core   0: 3 0x800115a0 (0xa63f2223) mem 0x80012000 0x00000001
core   0: 0x800115a4 (0xff9ff06f) j       pc - 0x8
core   0: 3 0x800115a4 (0xff9ff06f)
core   0: 0x8001159c (0x00001f17) auipc   t5, 0x1
core   0: 3 0x8001159c (0x00001f17) x30 0x8001259c
core   0: 0x800115a0 (0xa63f2223) sw      gp, -1436(t5)
core   0: 3 0x800115a0 (0xa63f2223) mem 0x80012000 0x00000001
core   0: 0x800115a4 (0xff9ff06f) j       pc - 0x8
core   0: 3 0x800115a4 (0xff9ff06f)
core   0: 0x8001159c (0x00001f17) auipc   t5, 0x1
core   0: 3 0x8001159c (0x00001f17) x30 0x8001259c
core   0: 0x800115a0 (0xa63f2223) sw      gp, -1436(t5)
core   0: 3 0x800115a0 (0xa63f2223) mem 0x80012000 0x00000001
core   0: 0x800115a4 (0xff9ff06f) j       pc - 0x8
core   0: 3 0x800115a4 (0xff9ff06f)
core   0: 0x8001159c (0x00001f17) auipc   t5, 0x1
core   0: 3 0x8001159c (0x00001f17) x30 0x8001259c
core   0: 0x800115a0 (0xa63f2223) sw      gp, -1436(t5)
core   0: 3 0x800115a0 (0xa63f2223) mem 0x80012000 0x00000001
core   0: 0x800115a4 (0xff9ff06f) j       pc - 0x8
core   0: 3 0x800115a4 (0xff9ff06f)
core   0: 0x8001159c (0x00001f17) auipc   t5, 0x1
core   0: 3 0x8001159c (0x00001f17) x30 0x8001259c
core   0: 0x800115a0 (0xa63f2223) sw      gp, -1436(t5)
core   0: 3 0x800115a0 (0xa63f2223) mem 0x80012000 0x00000001
core   0: 0x800115a4 (0xff9ff06f) j       pc - 0x8
core   0: 3 0x800115a4 (0xff9ff06f)
core   0: 0x8001159c (0x00001f17) auipc   t5, 0x1
core   0: 3 0x8001159c (0x00001f17) x30 0x8001259c
core   0: 0x800115a0 (0xa63f2223) sw      gp, -1436(t5)
core   0: 3 0x800115a0 (0xa63f2223) mem 0x80012000 0x00000001
core   0: 0x800115a4 (0xff9ff06f) j       pc - 0x8
core   0: 3 0x800115a4 (0xff9ff06f)
core   0: 0x8001159c (0x00001f17) auipc   t5, 0x1
core   0: 3 0x8001159c (0x00001f17) x30 0x8001259c
core   0: 0x800115a0 (0xa63f2223) sw      gp, -1436(t5)
core   0: 3 0x800115a0 (0xa63f2223) mem 0x80012000 0x00000001
core   0: 0x800115a4 (0xff9ff06f) j       pc - 0x8
core   0: 3 0x800115a4 (0xff9ff06f)
core   0: 0x8001159c (0x00001f17) auipc   t5, 0x1
core   0: 3 0x8001159c (0x00001f17) x30 0x8001259c
core   0: 0x800115a0 (0xa63f2223) sw      gp, -1436(t5)
core   0: 3 0x800115a0 (0xa63f2223) mem 0x80012000 0x00000001
core   0: 0x800115a4 (0xff9ff06f) j       pc - 0x8
core   0: 3 0x800115a4 (0xff9ff06f)
core   0: 0x8001159c (0x00001f17) auipc   t5, 0x1
core   0: 3 0x8001159c (0x00001f17) x30 0x8001259c
core   0: 0x800115a0 (0xa63f2223) sw      gp, -1436(t5)
core   0: 3 0x800115a0 (0xa63f2223) mem 0x80012000 0x00000001
core   0: 0x800115a4 (0xff9ff06f) j       pc - 0x8
core   0: 3 0x800115a4 (0xff9ff06f)
core   0: 0x8001159c (0x00001f17) auipc   t5, 0x1
core   0: 3 0x8001159c (0x00001f17) x30 0x8001259c
core   0: 0x800115a0 (0xa63f2223) sw      gp, -1436(t5)
core   0: 3 0x800115a0 (0xa63f2223) mem 0x80012000 0x00000001
core   0: 0x800115a4 (0xff9ff06f) j       pc - 0x8
core   0: 3 0x800115a4 (0xff9ff06f)
core   0: 0x8001159c (0x00001f17) auipc   t5, 0x1
core   0: 3 0x8001159c (0x00001f17) x30 0x8001259c
core   0: 0x800115a0 (0xa63f2223) sw      gp, -1436(t5)
core   0: 3 0x800115a0 (0xa63f2223) mem 0x80012000 0x00000001
core   0: 0x800115a4 (0xff9ff06f) j       pc - 0x8
core   0: 3 0x800115a4 (0xff9ff06f)
core   0: 0x8001159c (0x00001f17) auipc   t5, 0x1
core   0: 3 0x8001159c (0x00001f17) x30 0x8001259c
core   0: 0x800115a0 (0xa63f2223) sw      gp, -1436(t5)
core   0: 3 0x800115a0 (0xa63f2223) mem 0x80012000 0x00000001
core   0: 0x800115a4 (0xff9ff06f) j       pc - 0x8
core   0: 3 0x800115a4 (0xff9ff06f)
core   0: 0x8001159c (0x00001f17) auipc   t5, 0x1
core   0: 3 0x8001159c (0x00001f17) x30 0x8001259c
core   0: 0x800115a0 (0xa63f2223) sw      gp, -1436(t5)
core   0: 3 0x800115a0 (0xa63f2223) mem 0x80012000 0x00000001
core   0: 0x800115a4 (0xff9ff06f) j       pc - 0x8
core   0: 3 0x800115a4 (0xff9ff06f)
core   0: 0x8001159c (0x00001f17) auipc   t5, 0x1
core   0: 3 0x8001159c (0x00001f17) x30 0x8001259c
core   0: 0x800115a0 (0xa63f2223) sw      gp, -1436(t5)
core   0: 3 0x800115a0 (0xa63f2223) mem 0x80012000 0x00000001
core   0: 0x800115a4 (0xff9ff06f) j       pc - 0x8
core   0: 3 0x800115a4 (0xff9ff06f)
core   0: 0x8001159c (0x00001f17) auipc   t5, 0x1
core   0: 3 0x8001159c (0x00001f17) x30 0x8001259c
core   0: 0x800115a0 (0xa63f2223) sw      gp, -1436(t5)
core   0: 3 0x800115a0 (0xa63f2223) mem 0x80012000 0x00000001
core   0: 0x800115a4 (0xff9ff06f) j       pc - 0x8
core   0: 3 0x800115a4 (0xff9ff06f)
core   0: 0x8001159c (0x00001f17) auipc   t5, 0x1
core   0: 3 0x8001159c (0x00001f17) x30 0x8001259c
core   0: 0x800115a0 (0xa63f2223) sw      gp, -1436(t5)
core   0: 3 0x800115a0 (0xa63f2223) mem 0x80012000 0x00000001
core   0: 0x800115a4 (0xff9ff06f) j       pc - 0x8
core   0: 3 0x800115a4 (0xff9ff06f)
core   0: 0x8001159c (0x00001f17) auipc   t5, 0x1
core   0: 3 0x8001159c (0x00001f17) x30 0x8001259c
core   0: 0x800115a0 (0xa63f2223) sw      gp, -1436(t5)
core   0: 3 0x800115a0 (0xa63f2223) mem 0x80012000 0x00000001
core   0: 0x800115a4 (0xff9ff06f) j       pc - 0x8
core   0: 3 0x800115a4 (0xff9ff06f)
core   0: 0x8001159c (0x00001f17) auipc   t5, 0x1
core   0: 3 0x8001159c (0x00001f17) x30 0x8001259c
core   0: 0x800115a0 (0xa63f2223) sw      gp, -1436(t5)
core   0: 3 0x800115a0 (0xa63f2223) mem 0x80012000 0x00000001
core   0: 0x800115a4 (0xff9ff06f) j       pc - 0x8
core   0: 3 0x800115a4 (0xff9ff06f)
core   0: 0x8001159c (0x00001f17) auipc   t5, 0x1
core   0: 3 0x8001159c (0x00001f17) x30 0x8001259c
core   0: 0x800115a0 (0xa63f2223) sw      gp, -1436(t5)
core   0: 3 0x800115a0 (0xa63f2223) mem 0x80012000 0x00000001
core   0: 0x800115a4 (0xff9ff06f) j       pc - 0x8
core   0: 3 0x800115a4 (0xff9ff06f)
core   0: 0x8001159c (0x00001f17) auipc   t5, 0x1
core   0: 3 0x8001159c (0x00001f17) x30 0x8001259c
core   0: 0x800115a0 (0xa63f2223) sw      gp, -1436(t5)
core   0: 3 0x800115a0 (0xa63f2223) mem 0x80012000 0x00000001
core   0: 0x800115a4 (0xff9ff06f) j       pc - 0x8
core   0: 3 0x800115a4 (0xff9ff06f)
core   0: 0x8001159c (0x00001f17) auipc   t5, 0x1
core   0: 3 0x8001159c (0x00001f17) x30 0x8001259c
core   0: 0x800115a0 (0xa63f2223) sw      gp, -1436(t5)
core   0: 3 0x800115a0 (0xa63f2223) mem 0x80012000 0x00000001
core   0: 0x800115a4 (0xff9ff06f) j       pc - 0x8
core   0: 3 0x800115a4 (0xff9ff06f)
core   0: 0x8001159c (0x00001f17) auipc   t5, 0x1
core   0: 3 0x8001159c (0x00001f17) x30 0x8001259c
core   0: 0x800115a0 (0xa63f2223) sw      gp, -1436(t5)
core   0: 3 0x800115a0 (0xa63f2223) mem 0x80012000 0x00000001
core   0: 0x800115a4 (0xff9ff06f) j       pc - 0x8
core   0: 3 0x800115a4 (0xff9ff06f)
core   0: 0x8001159c (0x00001f17) auipc   t5, 0x1
core   0: 3 0x8001159c (0x00001f17) x30 0x8001259c
core   0: 0x800115a0 (0xa63f2223) sw      gp, -1436(t5)
core   0: 3 0x800115a0 (0xa63f2223) mem 0x80012000 0x00000001
core   0: 0x800115a4 (0xff9ff06f) j       pc - 0x8
core   0: 3 0x800115a4 (0xff9ff06f)
core   0: 0x8001159c (0x00001f17) auipc   t5, 0x1
core   0: 3 0x8001159c (0x00001f17) x30 0x8001259c
core   0: 0x800115a0 (0xa63f2223) sw      gp, -1436(t5)
core   0: 3 0x800115a0 (0xa63f2223) mem 0x80012000 0x00000001
core   0: 0x800115a4 (0xff9ff06f) j       pc - 0x8
core   0: 3 0x800115a4 (0xff9ff06f)
core   0: 0x8001159c (0x00001f17) auipc   t5, 0x1
core   0: 3 0x8001159c (0x00001f17) x30 0x8001259c
core   0: 0x800115a0 (0xa63f2223) sw      gp, -1436(t5)
core   0: 3 0x800115a0 (0xa63f2223) mem 0x80012000 0x00000001
core   0: 0x800115a4 (0xff9ff06f) j       pc - 0x8
core   0: 3 0x800115a4 (0xff9ff06f)
core   0: 0x8001159c (0x00001f17) auipc   t5, 0x1
core   0: 3 0x8001159c (0x00001f17) x30 0x8001259c
core   0: 0x800115a0 (0xa63f2223) sw      gp, -1436(t5)
core   0: 3 0x800115a0 (0xa63f2223) mem 0x80012000 0x00000001
core   0: 0x800115a4 (0xff9ff06f) j       pc - 0x8
core   0: 3 0x800115a4 (0xff9ff06f)
core   0: 0x8001159c (0x00001f17) auipc   t5, 0x1
core   0: 3 0x8001159c (0x00001f17) x30 0x8001259c
core   0: 0x800115a0 (0xa63f2223) sw      gp, -1436(t5)
core   0: 3 0x800115a0 (0xa63f2223) mem 0x80012000 0x00000001
core   0: 0x800115a4 (0xff9ff06f) j       pc - 0x8
core   0: 3 0x800115a4 (0xff9ff06f)
core   0: 0x8001159c (0x00001f17) auipc   t5, 0x1
core   0: 3 0x8001159c (0x00001f17) x30 0x8001259c
core   0: 0x800115a0 (0xa63f2223) sw      gp, -1436(t5)
core   0: 3 0x800115a0 (0xa63f2223) mem 0x80012000 0x00000001
core   0: 0x800115a4 (0xff9ff06f) j       pc - 0x8
core   0: 3 0x800115a4 (0xff9ff06f)
core   0: 0x8001159c (0x00001f17) auipc   t5, 0x1
core   0: 3 0x8001159c (0x00001f17) x30 0x8001259c
core   0: 0x800115a0 (0xa63f2223) sw      gp, -1436(t5)
core   0: 3 0x800115a0 (0xa63f2223) mem 0x80012000 0x00000001
core   0: 0x800115a4 (0xff9ff06f) j       pc - 0x8
core   0: 3 0x800115a4 (0xff9ff06f)
core   0: 0x8001159c (0x00001f17) auipc   t5, 0x1
core   0: 3 0x8001159c (0x00001f17) x30 0x8001259c
core   0: 0x800115a0 (0xa63f2223) sw      gp, -1436(t5)
core   0: 3 0x800115a0 (0xa63f2223) mem 0x80012000 0x00000001
core   0: 0x800115a4 (0xff9ff06f) j       pc - 0x8
core   0: 3 0x800115a4 (0xff9ff06f)
core   0: 0x8001159c (0x00001f17) auipc   t5, 0x1
core   0: 3 0x8001159c (0x00001f17) x30 0x8001259c
core   0: 0x800115a0 (0xa63f2223) sw      gp, -1436(t5)
core   0: 3 0x800115a0 (0xa63f2223) mem 0x80012000 0x00000001
core   0: 0x800115a4 (0xff9ff06f) j       pc - 0x8
core   0: 3 0x800115a4 (0xff9ff06f)
core   0: 0x8001159c (0x00001f17) auipc   t5, 0x1
core   0: 3 0x8001159c (0x00001f17) x30 0x8001259c
core   0: 0x800115a0 (0xa63f2223) sw      gp, -1436(t5)
core   0: 3 0x800115a0 (0xa63f2223) mem 0x80012000 0x00000001
core   0: 0x800115a4 (0xff9ff06f) j       pc - 0x8
core   0: 3 0x800115a4 (0xff9ff06f)
core   0: 0x8001159c (0x00001f17) auipc   t5, 0x1
core   0: 3 0x8001159c (0x00001f17) x30 0x8001259c
core   0: 0x800115a0 (0xa63f2223) sw      gp, -1436(t5)
core   0: 3 0x800115a0 (0xa63f2223) mem 0x80012000 0x00000001
core   0: 0x800115a4 (0xff9ff06f) j       pc - 0x8
core   0: 3 0x800115a4 (0xff9ff06f)
core   0: 0x8001159c (0x00001f17) auipc   t5, 0x1
core   0: 3 0x8001159c (0x00001f17) x30 0x8001259c
core   0: 0x800115a0 (0xa63f2223) sw      gp, -1436(t5)
core   0: 3 0x800115a0 (0xa63f2223) mem 0x80012000 0x00000001
core   0: 0x800115a4 (0xff9ff06f) j       pc - 0x8
core   0: 3 0x800115a4 (0xff9ff06f)
core   0: 0x8001159c (0x00001f17) auipc   t5, 0x1
core   0: 3 0x8001159c (0x00001f17) x30 0x8001259c
core   0: 0x800115a0 (0xa63f2223) sw      gp, -1436(t5)
core   0: 3 0x800115a0 (0xa63f2223) mem 0x80012000 0x00000001
core   0: 0x800115a4 (0xff9ff06f) j       pc - 0x8
core   0: 3 0x800115a4 (0xff9ff06f)
core   0: 0x8001159c (0x00001f17) auipc   t5, 0x1
core   0: 3 0x8001159c (0x00001f17) x30 0x8001259c
core   0: 0x800115a0 (0xa63f2223) sw      gp, -1436(t5)
core   0: 3 0x800115a0 (0xa63f2223) mem 0x80012000 0x00000001
core   0: 0x800115a4 (0xff9ff06f) j       pc - 0x8
core   0: 3 0x800115a4 (0xff9ff06f)
core   0: 0x8001159c (0x00001f17) auipc   t5, 0x1
core   0: 3 0x8001159c (0x00001f17) x30 0x8001259c
core   0: 0x800115a0 (0xa63f2223) sw      gp, -1436(t5)
core   0: 3 0x800115a0 (0xa63f2223) mem 0x80012000 0x00000001
core   0: 0x800115a4 (0xff9ff06f) j       pc - 0x8
core   0: 3 0x800115a4 (0xff9ff06f)
core   0: 0x8001159c (0x00001f17) auipc   t5, 0x1
core   0: 3 0x8001159c (0x00001f17) x30 0x8001259c
core   0: 0x800115a0 (0xa63f2223) sw      gp, -1436(t5)
core   0: 3 0x800115a0 (0xa63f2223) mem 0x80012000 0x00000001
core   0: 0x800115a4 (0xff9ff06f) j       pc - 0x8
core   0: 3 0x800115a4 (0xff9ff06f)
core   0: 0x8001159c (0x00001f17) auipc   t5, 0x1
core   0: 3 0x8001159c (0x00001f17) x30 0x8001259c
core   0: 0x800115a0 (0xa63f2223) sw      gp, -1436(t5)
core   0: 3 0x800115a0 (0xa63f2223) mem 0x80012000 0x00000001
core   0: 0x800115a4 (0xff9ff06f) j       pc - 0x8
core   0: 3 0x800115a4 (0xff9ff06f)
core   0: 0x8001159c (0x00001f17) auipc   t5, 0x1
core   0: 3 0x8001159c (0x00001f17) x30 0x8001259c
core   0: 0x800115a0 (0xa63f2223) sw      gp, -1436(t5)
core   0: 3 0x800115a0 (0xa63f2223) mem 0x80012000 0x00000001
core   0: 0x800115a4 (0xff9ff06f) j       pc - 0x8
core   0: 3 0x800115a4 (0xff9ff06f)
core   0: 0x8001159c (0x00001f17) auipc   t5, 0x1
core   0: 3 0x8001159c (0x00001f17) x30 0x8001259c
core   0: 0x800115a0 (0xa63f2223) sw      gp, -1436(t5)
core   0: 3 0x800115a0 (0xa63f2223) mem 0x80012000 0x00000001
core   0: 0x800115a4 (0xff9ff06f) j       pc - 0x8
core   0: 3 0x800115a4 (0xff9ff06f)
core   0: 0x8001159c (0x00001f17) auipc   t5, 0x1
core   0: 3 0x8001159c (0x00001f17) x30 0x8001259c
core   0: 0x800115a0 (0xa63f2223) sw      gp, -1436(t5)
core   0: 3 0x800115a0 (0xa63f2223) mem 0x80012000 0x00000001
core   0: 0x800115a4 (0xff9ff06f) j       pc - 0x8
core   0: 3 0x800115a4 (0xff9ff06f)
core   0: 0x8001159c (0x00001f17) auipc   t5, 0x1
core   0: 3 0x8001159c (0x00001f17) x30 0x8001259c
core   0: 0x800115a0 (0xa63f2223) sw      gp, -1436(t5)
core   0: 3 0x800115a0 (0xa63f2223) mem 0x80012000 0x00000001
core   0: 0x800115a4 (0xff9ff06f) j       pc - 0x8
core   0: 3 0x800115a4 (0xff9ff06f)
core   0: 0x8001159c (0x00001f17) auipc   t5, 0x1
core   0: 3 0x8001159c (0x00001f17) x30 0x8001259c
core   0: 0x800115a0 (0xa63f2223) sw      gp, -1436(t5)
core   0: 3 0x800115a0 (0xa63f2223) mem 0x80012000 0x00000001
core   0: 0x800115a4 (0xff9ff06f) j       pc - 0x8
core   0: 3 0x800115a4 (0xff9ff06f)
core   0: 0x8001159c (0x00001f17) auipc   t5, 0x1
core   0: 3 0x8001159c (0x00001f17) x30 0x8001259c
core   0: 0x800115a0 (0xa63f2223) sw      gp, -1436(t5)
core   0: 3 0x800115a0 (0xa63f2223) mem 0x80012000 0x00000001
core   0: 0x800115a4 (0xff9ff06f) j       pc - 0x8
core   0: 3 0x800115a4 (0xff9ff06f)
core   0: 0x8001159c (0x00001f17) auipc   t5, 0x1
core   0: 3 0x8001159c (0x00001f17) x30 0x8001259c
core   0: 0x800115a0 (0xa63f2223) sw      gp, -1436(t5)
core   0: 3 0x800115a0 (0xa63f2223) mem 0x80012000 0x00000001
core   0: 0x800115a4 (0xff9ff06f) j       pc - 0x8
core   0: 3 0x800115a4 (0xff9ff06f)
core   0: 0x8001159c (0x00001f17) auipc   t5, 0x1
core   0: 3 0x8001159c (0x00001f17) x30 0x8001259c
core   0: 0x800115a0 (0xa63f2223) sw      gp, -1436(t5)
core   0: 3 0x800115a0 (0xa63f2223) mem 0x80012000 0x00000001
core   0: 0x800115a4 (0xff9ff06f) j       pc - 0x8
core   0: 3 0x800115a4 (0xff9ff06f)
core   0: 0x8001159c (0x00001f17) auipc   t5, 0x1
core   0: 3 0x8001159c (0x00001f17) x30 0x8001259c
core   0: 0x800115a0 (0xa63f2223) sw      gp, -1436(t5)
core   0: 3 0x800115a0 (0xa63f2223) mem 0x80012000 0x00000001
core   0: 0x800115a4 (0xff9ff06f) j       pc - 0x8
core   0: 3 0x800115a4 (0xff9ff06f)
core   0: 0x8001159c (0x00001f17) auipc   t5, 0x1
core   0: 3 0x8001159c (0x00001f17) x30 0x8001259c
core   0: 0x800115a0 (0xa63f2223) sw      gp, -1436(t5)
core   0: 3 0x800115a0 (0xa63f2223) mem 0x80012000 0x00000001
core   0: 0x800115a4 (0xff9ff06f) j       pc - 0x8
core   0: 3 0x800115a4 (0xff9ff06f)
core   0: 0x8001159c (0x00001f17) auipc   t5, 0x1
core   0: 3 0x8001159c (0x00001f17) x30 0x8001259c
core   0: 0x800115a0 (0xa63f2223) sw      gp, -1436(t5)
core   0: 3 0x800115a0 (0xa63f2223) mem 0x80012000 0x00000001
core   0: 0x800115a4 (0xff9ff06f) j       pc - 0x8
core   0: 3 0x800115a4 (0xff9ff06f)
core   0: 0x8001159c (0x00001f17) auipc   t5, 0x1
core   0: 3 0x8001159c (0x00001f17) x30 0x8001259c
core   0: 0x800115a0 (0xa63f2223) sw      gp, -1436(t5)
core   0: 3 0x800115a0 (0xa63f2223) mem 0x80012000 0x00000001
core   0: 0x800115a4 (0xff9ff06f) j       pc - 0x8
core   0: 3 0x800115a4 (0xff9ff06f)
core   0: 0x8001159c (0x00001f17) auipc   t5, 0x1
core   0: 3 0x8001159c (0x00001f17) x30 0x8001259c
core   0: 0x800115a0 (0xa63f2223) sw      gp, -1436(t5)
core   0: 3 0x800115a0 (0xa63f2223) mem 0x80012000 0x00000001
core   0: 0x800115a4 (0xff9ff06f) j       pc - 0x8
core   0: 3 0x800115a4 (0xff9ff06f)
core   0: 0x8001159c (0x00001f17) auipc   t5, 0x1
core   0: 3 0x8001159c (0x00001f17) x30 0x8001259c
core   0: 0x800115a0 (0xa63f2223) sw      gp, -1436(t5)
core   0: 3 0x800115a0 (0xa63f2223) mem 0x80012000 0x00000001
core   0: 0x800115a4 (0xff9ff06f) j       pc - 0x8
core   0: 3 0x800115a4 (0xff9ff06f)
core   0: 0x8001159c (0x00001f17) auipc   t5, 0x1
core   0: 3 0x8001159c (0x00001f17) x30 0x8001259c
core   0: 0x800115a0 (0xa63f2223) sw      gp, -1436(t5)
core   0: 3 0x800115a0 (0xa63f2223) mem 0x80012000 0x00000001
core   0: 0x800115a4 (0xff9ff06f) j       pc - 0x8
core   0: 3 0x800115a4 (0xff9ff06f)
core   0: 0x8001159c (0x00001f17) auipc   t5, 0x1
core   0: 3 0x8001159c (0x00001f17) x30 0x8001259c
core   0: 0x800115a0 (0xa63f2223) sw      gp, -1436(t5)
core   0: 3 0x800115a0 (0xa63f2223) mem 0x80012000 0x00000001
core   0: 0x800115a4 (0xff9ff06f) j       pc - 0x8
core   0: 3 0x800115a4 (0xff9ff06f)
core   0: 0x8001159c (0x00001f17) auipc   t5, 0x1
core   0: 3 0x8001159c (0x00001f17) x30 0x8001259c
core   0: 0x800115a0 (0xa63f2223) sw      gp, -1436(t5)
core   0: 3 0x800115a0 (0xa63f2223) mem 0x80012000 0x00000001
core   0: 0x800115a4 (0xff9ff06f) j       pc - 0x8
core   0: 3 0x800115a4 (0xff9ff06f)
core   0: 0x8001159c (0x00001f17) auipc   t5, 0x1
core   0: 3 0x8001159c (0x00001f17) x30 0x8001259c
core   0: 0x800115a0 (0xa63f2223) sw      gp, -1436(t5)
core   0: 3 0x800115a0 (0xa63f2223) mem 0x80012000 0x00000001
core   0: 0x800115a4 (0xff9ff06f) j       pc - 0x8
core   0: 3 0x800115a4 (0xff9ff06f)
core   0: 0x8001159c (0x00001f17) auipc   t5, 0x1
core   0: 3 0x8001159c (0x00001f17) x30 0x8001259c
core   0: 0x800115a0 (0xa63f2223) sw      gp, -1436(t5)
core   0: 3 0x800115a0 (0xa63f2223) mem 0x80012000 0x00000001
core   0: 0x800115a4 (0xff9ff06f) j       pc - 0x8
core   0: 3 0x800115a4 (0xff9ff06f)
core   0: 0x8001159c (0x00001f17) auipc   t5, 0x1
core   0: 3 0x8001159c (0x00001f17) x30 0x8001259c
core   0: 0x800115a0 (0xa63f2223) sw      gp, -1436(t5)
core   0: 3 0x800115a0 (0xa63f2223) mem 0x80012000 0x00000001
core   0: 0x800115a4 (0xff9ff06f) j       pc - 0x8
core   0: 3 0x800115a4 (0xff9ff06f)
core   0: 0x8001159c (0x00001f17) auipc   t5, 0x1
core   0: 3 0x8001159c (0x00001f17) x30 0x8001259c
core   0: 0x800115a0 (0xa63f2223) sw      gp, -1436(t5)
core   0: 3 0x800115a0 (0xa63f2223) mem 0x80012000 0x00000001
core   0: 0x800115a4 (0xff9ff06f) j       pc - 0x8
core   0: 3 0x800115a4 (0xff9ff06f)
core   0: 0x8001159c (0x00001f17) auipc   t5, 0x1
core   0: 3 0x8001159c (0x00001f17) x30 0x8001259c
core   0: 0x800115a0 (0xa63f2223) sw      gp, -1436(t5)
core   0: 3 0x800115a0 (0xa63f2223) mem 0x80012000 0x00000001
core   0: 0x800115a4 (0xff9ff06f) j       pc - 0x8
core   0: 3 0x800115a4 (0xff9ff06f)
core   0: 0x8001159c (0x00001f17) auipc   t5, 0x1
core   0: 3 0x8001159c (0x00001f17) x30 0x8001259c
core   0: 0x800115a0 (0xa63f2223) sw      gp, -1436(t5)
core   0: 3 0x800115a0 (0xa63f2223) mem 0x80012000 0x00000001
core   0: 0x800115a4 (0xff9ff06f) j       pc - 0x8
core   0: 3 0x800115a4 (0xff9ff06f)
core   0: 0x8001159c (0x00001f17) auipc   t5, 0x1
core   0: 3 0x8001159c (0x00001f17) x30 0x8001259c
core   0: 0x800115a0 (0xa63f2223) sw      gp, -1436(t5)
core   0: 3 0x800115a0 (0xa63f2223) mem 0x80012000 0x00000001
core   0: 0x800115a4 (0xff9ff06f) j       pc - 0x8
core   0: 3 0x800115a4 (0xff9ff06f)
core   0: 0x8001159c (0x00001f17) auipc   t5, 0x1
core   0: 3 0x8001159c (0x00001f17) x30 0x8001259c
core   0: 0x800115a0 (0xa63f2223) sw      gp, -1436(t5)
core   0: 3 0x800115a0 (0xa63f2223) mem 0x80012000 0x00000001
core   0: 0x800115a4 (0xff9ff06f) j       pc - 0x8
core   0: 3 0x800115a4 (0xff9ff06f)
core   0: 0x8001159c (0x00001f17) auipc   t5, 0x1
core   0: 3 0x8001159c (0x00001f17) x30 0x8001259c
core   0: 0x800115a0 (0xa63f2223) sw      gp, -1436(t5)
core   0: 3 0x800115a0 (0xa63f2223) mem 0x80012000 0x00000001
core   0: 0x800115a4 (0xff9ff06f) j       pc - 0x8
core   0: 3 0x800115a4 (0xff9ff06f)
core   0: 0x8001159c (0x00001f17) auipc   t5, 0x1
core   0: 3 0x8001159c (0x00001f17) x30 0x8001259c
core   0: 0x800115a0 (0xa63f2223) sw      gp, -1436(t5)
core   0: 3 0x800115a0 (0xa63f2223) mem 0x80012000 0x00000001
core   0: 0x800115a4 (0xff9ff06f) j       pc - 0x8
core   0: 3 0x800115a4 (0xff9ff06f)
core   0: 0x8001159c (0x00001f17) auipc   t5, 0x1
core   0: 3 0x8001159c (0x00001f17) x30 0x8001259c
core   0: 0x800115a0 (0xa63f2223) sw      gp, -1436(t5)
core   0: 3 0x800115a0 (0xa63f2223) mem 0x80012000 0x00000001
core   0: 0x800115a4 (0xff9ff06f) j       pc - 0x8
core   0: 3 0x800115a4 (0xff9ff06f)
core   0: 0x8001159c (0x00001f17) auipc   t5, 0x1
core   0: 3 0x8001159c (0x00001f17) x30 0x8001259c
core   0: 0x800115a0 (0xa63f2223) sw      gp, -1436(t5)
core   0: 3 0x800115a0 (0xa63f2223) mem 0x80012000 0x00000001
core   0: 0x800115a4 (0xff9ff06f) j       pc - 0x8
core   0: 3 0x800115a4 (0xff9ff06f)
core   0: 0x8001159c (0x00001f17) auipc   t5, 0x1
core   0: 3 0x8001159c (0x00001f17) x30 0x8001259c
core   0: 0x800115a0 (0xa63f2223) sw      gp, -1436(t5)
core   0: 3 0x800115a0 (0xa63f2223) mem 0x80012000 0x00000001
core   0: 0x800115a4 (0xff9ff06f) j       pc - 0x8
core   0: 3 0x800115a4 (0xff9ff06f)
core   0: 0x8001159c (0x00001f17) auipc   t5, 0x1
core   0: 3 0x8001159c (0x00001f17) x30 0x8001259c
core   0: 0x800115a0 (0xa63f2223) sw      gp, -1436(t5)
core   0: 3 0x800115a0 (0xa63f2223) mem 0x80012000 0x00000001
core   0: 0x800115a4 (0xff9ff06f) j       pc - 0x8
core   0: 3 0x800115a4 (0xff9ff06f)
core   0: 0x8001159c (0x00001f17) auipc   t5, 0x1
core   0: 3 0x8001159c (0x00001f17) x30 0x8001259c
core   0: 0x800115a0 (0xa63f2223) sw      gp, -1436(t5)
core   0: 3 0x800115a0 (0xa63f2223) mem 0x80012000 0x00000001
core   0: 0x800115a4 (0xff9ff06f) j       pc - 0x8
core   0: 3 0x800115a4 (0xff9ff06f)
core   0: 0x8001159c (0x00001f17) auipc   t5, 0x1
core   0: 3 0x8001159c (0x00001f17) x30 0x8001259c
core   0: 0x800115a0 (0xa63f2223) sw      gp, -1436(t5)
core   0: 3 0x800115a0 (0xa63f2223) mem 0x80012000 0x00000001
core   0: 0x800115a4 (0xff9ff06f) j       pc - 0x8
core   0: 3 0x800115a4 (0xff9ff06f)
core   0: 0x8001159c (0x00001f17) auipc   t5, 0x1
core   0: 3 0x8001159c (0x00001f17) x30 0x8001259c
core   0: 0x800115a0 (0xa63f2223) sw      gp, -1436(t5)
core   0: 3 0x800115a0 (0xa63f2223) mem 0x80012000 0x00000001
core   0: 0x800115a4 (0xff9ff06f) j       pc - 0x8
core   0: 3 0x800115a4 (0xff9ff06f)
core   0: 0x8001159c (0x00001f17) auipc   t5, 0x1
core   0: 3 0x8001159c (0x00001f17) x30 0x8001259c
core   0: 0x800115a0 (0xa63f2223) sw      gp, -1436(t5)
core   0: 3 0x800115a0 (0xa63f2223) mem 0x80012000 0x00000001
core   0: 0x800115a4 (0xff9ff06f) j       pc - 0x8
core   0: 3 0x800115a4 (0xff9ff06f)
core   0: 0x8001159c (0x00001f17) auipc   t5, 0x1
core   0: 3 0x8001159c (0x00001f17) x30 0x8001259c
core   0: 0x800115a0 (0xa63f2223) sw      gp, -1436(t5)
core   0: 3 0x800115a0 (0xa63f2223) mem 0x80012000 0x00000001
core   0: 0x800115a4 (0xff9ff06f) j       pc - 0x8
core   0: 3 0x800115a4 (0xff9ff06f)
core   0: 0x8001159c (0x00001f17) auipc   t5, 0x1
core   0: 3 0x8001159c (0x00001f17) x30 0x8001259c
core   0: 0x800115a0 (0xa63f2223) sw      gp, -1436(t5)
core   0: 3 0x800115a0 (0xa63f2223) mem 0x80012000 0x00000001
core   0: 0x800115a4 (0xff9ff06f) j       pc - 0x8
core   0: 3 0x800115a4 (0xff9ff06f)
core   0: 0x8001159c (0x00001f17) auipc   t5, 0x1
core   0: 3 0x8001159c (0x00001f17) x30 0x8001259c
core   0: 0x800115a0 (0xa63f2223) sw      gp, -1436(t5)
core   0: 3 0x800115a0 (0xa63f2223) mem 0x80012000 0x00000001
core   0: 0x800115a4 (0xff9ff06f) j       pc - 0x8
core   0: 3 0x800115a4 (0xff9ff06f)
core   0: 0x8001159c (0x00001f17) auipc   t5, 0x1
core   0: 3 0x8001159c (0x00001f17) x30 0x8001259c
core   0: 0x800115a0 (0xa63f2223) sw      gp, -1436(t5)
core   0: 3 0x800115a0 (0xa63f2223) mem 0x80012000 0x00000001
core   0: 0x800115a4 (0xff9ff06f) j       pc - 0x8
core   0: 3 0x800115a4 (0xff9ff06f)
core   0: 0x8001159c (0x00001f17) auipc   t5, 0x1
core   0: 3 0x8001159c (0x00001f17) x30 0x8001259c
core   0: 0x800115a0 (0xa63f2223) sw      gp, -1436(t5)
core   0: 3 0x800115a0 (0xa63f2223) mem 0x80012000 0x00000001
core   0: 0x800115a4 (0xff9ff06f) j       pc - 0x8
core   0: 3 0x800115a4 (0xff9ff06f)
core   0: 0x8001159c (0x00001f17) auipc   t5, 0x1
core   0: 3 0x8001159c (0x00001f17) x30 0x8001259c
core   0: 0x800115a0 (0xa63f2223) sw      gp, -1436(t5)
core   0: 3 0x800115a0 (0xa63f2223) mem 0x80012000 0x00000001
core   0: 0x800115a4 (0xff9ff06f) j       pc - 0x8
core   0: 3 0x800115a4 (0xff9ff06f)
core   0: 0x8001159c (0x00001f17) auipc   t5, 0x1
core   0: 3 0x8001159c (0x00001f17) x30 0x8001259c
core   0: 0x800115a0 (0xa63f2223) sw      gp, -1436(t5)
core   0: 3 0x800115a0 (0xa63f2223) mem 0x80012000 0x00000001
core   0: 0x800115a4 (0xff9ff06f) j       pc - 0x8
core   0: 3 0x800115a4 (0xff9ff06f)
core   0: 0x8001159c (0x00001f17) auipc   t5, 0x1
core   0: 3 0x8001159c (0x00001f17) x30 0x8001259c
core   0: 0x800115a0 (0xa63f2223) sw      gp, -1436(t5)
core   0: 3 0x800115a0 (0xa63f2223) mem 0x80012000 0x00000001
core   0: 0x800115a4 (0xff9ff06f) j       pc - 0x8
core   0: 3 0x800115a4 (0xff9ff06f)
core   0: 0x8001159c (0x00001f17) auipc   t5, 0x1
core   0: 3 0x8001159c (0x00001f17) x30 0x8001259c
core   0: 0x800115a0 (0xa63f2223) sw      gp, -1436(t5)
core   0: 3 0x800115a0 (0xa63f2223) mem 0x80012000 0x00000001
core   0: 0x800115a4 (0xff9ff06f) j       pc - 0x8
core   0: 3 0x800115a4 (0xff9ff06f)
core   0: 0x8001159c (0x00001f17) auipc   t5, 0x1
core   0: 3 0x8001159c (0x00001f17) x30 0x8001259c
core   0: 0x800115a0 (0xa63f2223) sw      gp, -1436(t5)
core   0: 3 0x800115a0 (0xa63f2223) mem 0x80012000 0x00000001
core   0: 0x800115a4 (0xff9ff06f) j       pc - 0x8
core   0: 3 0x800115a4 (0xff9ff06f)
core   0: 0x8001159c (0x00001f17) auipc   t5, 0x1
core   0: 3 0x8001159c (0x00001f17) x30 0x8001259c
core   0: 0x800115a0 (0xa63f2223) sw      gp, -1436(t5)
core   0: 3 0x800115a0 (0xa63f2223) mem 0x80012000 0x00000001
core   0: 0x800115a4 (0xff9ff06f) j       pc - 0x8
core   0: 3 0x800115a4 (0xff9ff06f)
core   0: 0x8001159c (0x00001f17) auipc   t5, 0x1
core   0: 3 0x8001159c (0x00001f17) x30 0x8001259c
core   0: 0x800115a0 (0xa63f2223) sw      gp, -1436(t5)
core   0: 3 0x800115a0 (0xa63f2223) mem 0x80012000 0x00000001
core   0: 0x800115a4 (0xff9ff06f) j       pc - 0x8
core   0: 3 0x800115a4 (0xff9ff06f)
core   0: 0x8001159c (0x00001f17) auipc   t5, 0x1
core   0: 3 0x8001159c (0x00001f17) x30 0x8001259c
core   0: 0x800115a0 (0xa63f2223) sw      gp, -1436(t5)
core   0: 3 0x800115a0 (0xa63f2223) mem 0x80012000 0x00000001
core   0: 0x800115a4 (0xff9ff06f) j       pc - 0x8
core   0: 3 0x800115a4 (0xff9ff06f)
core   0: 0x8001159c (0x00001f17) auipc   t5, 0x1
core   0: 3 0x8001159c (0x00001f17) x30 0x8001259c
core   0: 0x800115a0 (0xa63f2223) sw      gp, -1436(t5)
core   0: 3 0x800115a0 (0xa63f2223) mem 0x80012000 0x00000001
core   0: 0x800115a4 (0xff9ff06f) j       pc - 0x8
core   0: 3 0x800115a4 (0xff9ff06f)
core   0: 0x8001159c (0x00001f17) auipc   t5, 0x1
core   0: 3 0x8001159c (0x00001f17) x30 0x8001259c
core   0: 0x800115a0 (0xa63f2223) sw      gp, -1436(t5)
core   0: 3 0x800115a0 (0xa63f2223) mem 0x80012000 0x00000001
core   0: 0x800115a4 (0xff9ff06f) j       pc - 0x8
core   0: 3 0x800115a4 (0xff9ff06f)
core   0: 0x8001159c (0x00001f17) auipc   t5, 0x1
core   0: 3 0x8001159c (0x00001f17) x30 0x8001259c
core   0: 0x800115a0 (0xa63f2223) sw      gp, -1436(t5)
core   0: 3 0x800115a0 (0xa63f2223) mem 0x80012000 0x00000001
core   0: 0x800115a4 (0xff9ff06f) j       pc - 0x8
core   0: 3 0x800115a4 (0xff9ff06f)
core   0: 0x8001159c (0x00001f17) auipc   t5, 0x1
core   0: 3 0x8001159c (0x00001f17) x30 0x8001259c
core   0: 0x800115a0 (0xa63f2223) sw      gp, -1436(t5)
core   0: 3 0x800115a0 (0xa63f2223) mem 0x80012000 0x00000001
core   0: 0x800115a4 (0xff9ff06f) j       pc - 0x8
core   0: 3 0x800115a4 (0xff9ff06f)
core   0: 0x8001159c (0x00001f17) auipc   t5, 0x1
core   0: 3 0x8001159c (0x00001f17) x30 0x8001259c
core   0: 0x800115a0 (0xa63f2223) sw      gp, -1436(t5)
core   0: 3 0x800115a0 (0xa63f2223) mem 0x80012000 0x00000001
core   0: 0x800115a4 (0xff9ff06f) j       pc - 0x8
core   0: 3 0x800115a4 (0xff9ff06f)
core   0: 0x8001159c (0x00001f17) auipc   t5, 0x1
core   0: 3 0x8001159c (0x00001f17) x30 0x8001259c
core   0: 0x800115a0 (0xa63f2223) sw      gp, -1436(t5)
core   0: 3 0x800115a0 (0xa63f2223) mem 0x80012000 0x00000001
core   0: 0x800115a4 (0xff9ff06f) j       pc - 0x8
core   0: 3 0x800115a4 (0xff9ff06f)
core   0: 0x8001159c (0x00001f17) auipc   t5, 0x1
core   0: 3 0x8001159c (0x00001f17) x30 0x8001259c
core   0: 0x800115a0 (0xa63f2223) sw      gp, -1436(t5)
core   0: 3 0x800115a0 (0xa63f2223) mem 0x80012000 0x00000001
core   0: 0x800115a4 (0xff9ff06f) j       pc - 0x8
core   0: 3 0x800115a4 (0xff9ff06f)
core   0: 0x8001159c (0x00001f17) auipc   t5, 0x1
core   0: 3 0x8001159c (0x00001f17) x30 0x8001259c
core   0: 0x800115a0 (0xa63f2223) sw      gp, -1436(t5)
core   0: 3 0x800115a0 (0xa63f2223) mem 0x80012000 0x00000001
core   0: 0x800115a4 (0xff9ff06f) j       pc - 0x8
core   0: 3 0x800115a4 (0xff9ff06f)
core   0: 0x8001159c (0x00001f17) auipc   t5, 0x1
core   0: 3 0x8001159c (0x00001f17) x30 0x8001259c
core   0: 0x800115a0 (0xa63f2223) sw      gp, -1436(t5)
core   0: 3 0x800115a0 (0xa63f2223) mem 0x80012000 0x00000001
core   0: 0x800115a4 (0xff9ff06f) j       pc - 0x8
core   0: 3 0x800115a4 (0xff9ff06f)
core   0: 0x8001159c (0x00001f17) auipc   t5, 0x1
core   0: 3 0x8001159c (0x00001f17) x30 0x8001259c
core   0: 0x800115a0 (0xa63f2223) sw      gp, -1436(t5)
core   0: 3 0x800115a0 (0xa63f2223) mem 0x80012000 0x00000001
core   0: 0x800115a4 (0xff9ff06f) j       pc - 0x8
core   0: 3 0x800115a4 (0xff9ff06f)
core   0: 0x8001159c (0x00001f17) auipc   t5, 0x1
core   0: 3 0x8001159c (0x00001f17) x30 0x8001259c
core   0: 0x800115a0 (0xa63f2223) sw      gp, -1436(t5)
core   0: 3 0x800115a0 (0xa63f2223) mem 0x80012000 0x00000001
core   0: 0x800115a4 (0xff9ff06f) j       pc - 0x8
core   0: 3 0x800115a4 (0xff9ff06f)
core   0: 0x8001159c (0x00001f17) auipc   t5, 0x1
core   0: 3 0x8001159c (0x00001f17) x30 0x8001259c
core   0: 0x800115a0 (0xa63f2223) sw      gp, -1436(t5)
core   0: 3 0x800115a0 (0xa63f2223) mem 0x80012000 0x00000001
core   0: 0x800115a4 (0xff9ff06f) j       pc - 0x8
core   0: 3 0x800115a4 (0xff9ff06f)
core   0: 0x8001159c (0x00001f17) auipc   t5, 0x1
core   0: 3 0x8001159c (0x00001f17) x30 0x8001259c
core   0: 0x800115a0 (0xa63f2223) sw      gp, -1436(t5)
core   0: 3 0x800115a0 (0xa63f2223) mem 0x80012000 0x00000001
core   0: 0x800115a4 (0xff9ff06f) j       pc - 0x8
core   0: 3 0x800115a4 (0xff9ff06f)
core   0: 0x8001159c (0x00001f17) auipc   t5, 0x1
core   0: 3 0x8001159c (0x00001f17) x30 0x8001259c
core   0: 0x800115a0 (0xa63f2223) sw      gp, -1436(t5)
core   0: 3 0x800115a0 (0xa63f2223) mem 0x80012000 0x00000001
core   0: 0x800115a4 (0xff9ff06f) j       pc - 0x8
core   0: 3 0x800115a4 (0xff9ff06f)
core   0: 0x8001159c (0x00001f17) auipc   t5, 0x1
core   0: 3 0x8001159c (0x00001f17) x30 0x8001259c
core   0: 0x800115a0 (0xa63f2223) sw      gp, -1436(t5)
core   0: 3 0x800115a0 (0xa63f2223) mem 0x80012000 0x00000001
core   0: 0x800115a4 (0xff9ff06f) j       pc - 0x8
core   0: 3 0x800115a4 (0xff9ff06f)
core   0: 0x8001159c (0x00001f17) auipc   t5, 0x1
core   0: 3 0x8001159c (0x00001f17) x30 0x8001259c
core   0: 0x800115a0 (0xa63f2223) sw      gp, -1436(t5)
core   0: 3 0x800115a0 (0xa63f2223) mem 0x80012000 0x00000001
core   0: 0x800115a4 (0xff9ff06f) j       pc - 0x8
core   0: 3 0x800115a4 (0xff9ff06f)
core   0: 0x8001159c (0x00001f17) auipc   t5, 0x1
core   0: 3 0x8001159c (0x00001f17) x30 0x8001259c
core   0: 0x800115a0 (0xa63f2223) sw      gp, -1436(t5)
core   0: 3 0x800115a0 (0xa63f2223) mem 0x80012000 0x00000001
core   0: 0x800115a4 (0xff9ff06f) j       pc - 0x8
core   0: 3 0x800115a4 (0xff9ff06f)
core   0: 0x8001159c (0x00001f17) auipc   t5, 0x1
core   0: 3 0x8001159c (0x00001f17) x30 0x8001259c
core   0: 0x800115a0 (0xa63f2223) sw      gp, -1436(t5)
core   0: 3 0x800115a0 (0xa63f2223) mem 0x80012000 0x00000001
core   0: 0x800115a4 (0xff9ff06f) j       pc - 0x8
core   0: 3 0x800115a4 (0xff9ff06f)
core   0: 0x8001159c (0x00001f17) auipc   t5, 0x1
core   0: 3 0x8001159c (0x00001f17) x30 0x8001259c
core   0: 0x800115a0 (0xa63f2223) sw      gp, -1436(t5)
core   0: 3 0x800115a0 (0xa63f2223) mem 0x80012000 0x00000001
core   0: 0x800115a4 (0xff9ff06f) j       pc - 0x8
core   0: 3 0x800115a4 (0xff9ff06f)
core   0: 0x8001159c (0x00001f17) auipc   t5, 0x1
core   0: 3 0x8001159c (0x00001f17) x30 0x8001259c
core   0: 0x800115a0 (0xa63f2223) sw      gp, -1436(t5)
core   0: 3 0x800115a0 (0xa63f2223) mem 0x80012000 0x00000001
core   0: 0x800115a4 (0xff9ff06f) j       pc - 0x8
core   0: 3 0x800115a4 (0xff9ff06f)
core   0: 0x8001159c (0x00001f17) auipc   t5, 0x1
core   0: 3 0x8001159c (0x00001f17) x30 0x8001259c
core   0: 0x800115a0 (0xa63f2223) sw      gp, -1436(t5)
core   0: 3 0x800115a0 (0xa63f2223) mem 0x80012000 0x00000001
core   0: 0x800115a4 (0xff9ff06f) j       pc - 0x8
core   0: 3 0x800115a4 (0xff9ff06f)
core   0: 0x8001159c (0x00001f17) auipc   t5, 0x1
core   0: 3 0x8001159c (0x00001f17) x30 0x8001259c
core   0: 0x800115a0 (0xa63f2223) sw      gp, -1436(t5)
core   0: 3 0x800115a0 (0xa63f2223) mem 0x80012000 0x00000001
core   0: 0x800115a4 (0xff9ff06f) j       pc - 0x8
core   0: 3 0x800115a4 (0xff9ff06f)
core   0: 0x8001159c (0x00001f17) auipc   t5, 0x1
core   0: 3 0x8001159c (0x00001f17) x30 0x8001259c
core   0: 0x800115a0 (0xa63f2223) sw      gp, -1436(t5)
core   0: 3 0x800115a0 (0xa63f2223) mem 0x80012000 0x00000001
core   0: 0x800115a4 (0xff9ff06f) j       pc - 0x8
core   0: 3 0x800115a4 (0xff9ff06f)
core   0: 0x8001159c (0x00001f17) auipc   t5, 0x1
core   0: 3 0x8001159c (0x00001f17) x30 0x8001259c
core   0: 0x800115a0 (0xa63f2223) sw      gp, -1436(t5)
core   0: 3 0x800115a0 (0xa63f2223) mem 0x80012000 0x00000001
core   0: 0x800115a4 (0xff9ff06f) j       pc - 0x8
core   0: 3 0x800115a4 (0xff9ff06f)
core   0: 0x8001159c (0x00001f17) auipc   t5, 0x1
core   0: 3 0x8001159c (0x00001f17) x30 0x8001259c
core   0: 0x800115a0 (0xa63f2223) sw      gp, -1436(t5)
core   0: 3 0x800115a0 (0xa63f2223) mem 0x80012000 0x00000001
core   0: 0x800115a4 (0xff9ff06f) j       pc - 0x8
core   0: 3 0x800115a4 (0xff9ff06f)
core   0: 0x8001159c (0x00001f17) auipc   t5, 0x1
core   0: 3 0x8001159c (0x00001f17) x30 0x8001259c
core   0: 0x800115a0 (0xa63f2223) sw      gp, -1436(t5)
core   0: 3 0x800115a0 (0xa63f2223) mem 0x80012000 0x00000001
core   0: 0x800115a4 (0xff9ff06f) j       pc - 0x8
core   0: 3 0x800115a4 (0xff9ff06f)
core   0: 0x8001159c (0x00001f17) auipc   t5, 0x1
core   0: 3 0x8001159c (0x00001f17) x30 0x8001259c
core   0: 0x800115a0 (0xa63f2223) sw      gp, -1436(t5)
core   0: 3 0x800115a0 (0xa63f2223) mem 0x80012000 0x00000001
core   0: 0x800115a4 (0xff9ff06f) j       pc - 0x8
core   0: 3 0x800115a4 (0xff9ff06f)
core   0: 0x8001159c (0x00001f17) auipc   t5, 0x1
core   0: 3 0x8001159c (0x00001f17) x30 0x8001259c
core   0: 0x800115a0 (0xa63f2223) sw      gp, -1436(t5)
core   0: 3 0x800115a0 (0xa63f2223) mem 0x80012000 0x00000001
core   0: 0x800115a4 (0xff9ff06f) j       pc - 0x8
core   0: 3 0x800115a4 (0xff9ff06f)
core   0: 0x8001159c (0x00001f17) auipc   t5, 0x1
core   0: 3 0x8001159c (0x00001f17) x30 0x8001259c
core   0: 0x800115a0 (0xa63f2223) sw      gp, -1436(t5)
core   0: 3 0x800115a0 (0xa63f2223) mem 0x80012000 0x00000001
core   0: 0x800115a4 (0xff9ff06f) j       pc - 0x8
core   0: 3 0x800115a4 (0xff9ff06f)
core   0: 0x8001159c (0x00001f17) auipc   t5, 0x1
core   0: 3 0x8001159c (0x00001f17) x30 0x8001259c
core   0: 0x800115a0 (0xa63f2223) sw      gp, -1436(t5)
core   0: 3 0x800115a0 (0xa63f2223) mem 0x80012000 0x00000001
core   0: 0x800115a4 (0xff9ff06f) j       pc - 0x8
core   0: 3 0x800115a4 (0xff9ff06f)
core   0: 0x8001159c (0x00001f17) auipc   t5, 0x1
core   0: 3 0x8001159c (0x00001f17) x30 0x8001259c
core   0: 0x800115a0 (0xa63f2223) sw      gp, -1436(t5)
core   0: 3 0x800115a0 (0xa63f2223) mem 0x80012000 0x00000001
core   0: 0x800115a4 (0xff9ff06f) j       pc - 0x8
core   0: 3 0x800115a4 (0xff9ff06f)
core   0: 0x8001159c (0x00001f17) auipc   t5, 0x1
core   0: 3 0x8001159c (0x00001f17) x30 0x8001259c
core   0: 0x800115a0 (0xa63f2223) sw      gp, -1436(t5)
core   0: 3 0x800115a0 (0xa63f2223) mem 0x80012000 0x00000001
core   0: 0x800115a4 (0xff9ff06f) j       pc - 0x8
core   0: 3 0x800115a4 (0xff9ff06f)
core   0: 0x8001159c (0x00001f17) auipc   t5, 0x1
core   0: 3 0x8001159c (0x00001f17) x30 0x8001259c
core   0: 0x800115a0 (0xa63f2223) sw      gp, -1436(t5)
core   0: 3 0x800115a0 (0xa63f2223) mem 0x80012000 0x00000001
core   0: 0x800115a4 (0xff9ff06f) j       pc - 0x8
core   0: 3 0x800115a4 (0xff9ff06f)
core   0: 0x8001159c (0x00001f17) auipc   t5, 0x1
core   0: 3 0x8001159c (0x00001f17) x30 0x8001259c
core   0: 0x800115a0 (0xa63f2223) sw      gp, -1436(t5)
core   0: 3 0x800115a0 (0xa63f2223) mem 0x80012000 0x00000001
core   0: 0x800115a4 (0xff9ff06f) j       pc - 0x8
core   0: 3 0x800115a4 (0xff9ff06f)
core   0: 0x8001159c (0x00001f17) auipc   t5, 0x1
core   0: 3 0x8001159c (0x00001f17) x30 0x8001259c
core   0: 0x800115a0 (0xa63f2223) sw      gp, -1436(t5)
core   0: 3 0x800115a0 (0xa63f2223) mem 0x80012000 0x00000001
core   0: 0x800115a4 (0xff9ff06f) j       pc - 0x8
core   0: 3 0x800115a4 (0xff9ff06f)
core   0: 0x8001159c (0x00001f17) auipc   t5, 0x1
core   0: 3 0x8001159c (0x00001f17) x30 0x8001259c
core   0: 0x800115a0 (0xa63f2223) sw      gp, -1436(t5)
core   0: 3 0x800115a0 (0xa63f2223) mem 0x80012000 0x00000001
core   0: 0x800115a4 (0xff9ff06f) j       pc - 0x8
core   0: 3 0x800115a4 (0xff9ff06f)
core   0: 0x8001159c (0x00001f17) auipc   t5, 0x1
core   0: 3 0x8001159c (0x00001f17) x30 0x8001259c
core   0: 0x800115a0 (0xa63f2223) sw      gp, -1436(t5)
core   0: 3 0x800115a0 (0xa63f2223) mem 0x80012000 0x00000001
core   0: 0x800115a4 (0xff9ff06f) j       pc - 0x8
core   0: 3 0x800115a4 (0xff9ff06f)
core   0: 0x8001159c (0x00001f17) auipc   t5, 0x1
core   0: 3 0x8001159c (0x00001f17) x30 0x8001259c
core   0: 0x800115a0 (0xa63f2223) sw      gp, -1436(t5)
core   0: 3 0x800115a0 (0xa63f2223) mem 0x80012000 0x00000001
core   0: 0x800115a4 (0xff9ff06f) j       pc - 0x8
core   0: 3 0x800115a4 (0xff9ff06f)
core   0: 0x8001159c (0x00001f17) auipc   t5, 0x1
core   0: 3 0x8001159c (0x00001f17) x30 0x8001259c
core   0: 0x800115a0 (0xa63f2223) sw      gp, -1436(t5)
core   0: 3 0x800115a0 (0xa63f2223) mem 0x80012000 0x00000001
core   0: 0x800115a4 (0xff9ff06f) j       pc - 0x8
core   0: 3 0x800115a4 (0xff9ff06f)
core   0: 0x8001159c (0x00001f17) auipc   t5, 0x1
core   0: 3 0x8001159c (0x00001f17) x30 0x8001259c
core   0: 0x800115a0 (0xa63f2223) sw      gp, -1436(t5)
core   0: 3 0x800115a0 (0xa63f2223) mem 0x80012000 0x00000001
core   0: 0x800115a4 (0xff9ff06f) j       pc - 0x8
core   0: 3 0x800115a4 (0xff9ff06f)
core   0: 0x8001159c (0x00001f17) auipc   t5, 0x1
core   0: 3 0x8001159c (0x00001f17) x30 0x8001259c
core   0: 0x800115a0 (0xa63f2223) sw      gp, -1436(t5)
core   0: 3 0x800115a0 (0xa63f2223) mem 0x80012000 0x00000001
core   0: 0x800115a4 (0xff9ff06f) j       pc - 0x8
core   0: 3 0x800115a4 (0xff9ff06f)
core   0: 0x8001159c (0x00001f17) auipc   t5, 0x1
core   0: 3 0x8001159c (0x00001f17) x30 0x8001259c
core   0: 0x800115a0 (0xa63f2223) sw      gp, -1436(t5)
core   0: 3 0x800115a0 (0xa63f2223) mem 0x80012000 0x00000001
core   0: 0x800115a4 (0xff9ff06f) j       pc - 0x8
core   0: 3 0x800115a4 (0xff9ff06f)
core   0: 0x8001159c (0x00001f17) auipc   t5, 0x1
core   0: 3 0x8001159c (0x00001f17) x30 0x8001259c
core   0: 0x800115a0 (0xa63f2223) sw      gp, -1436(t5)
core   0: 3 0x800115a0 (0xa63f2223) mem 0x80012000 0x00000001
core   0: 0x800115a4 (0xff9ff06f) j       pc - 0x8
core   0: 3 0x800115a4 (0xff9ff06f)
core   0: 0x8001159c (0x00001f17) auipc   t5, 0x1
core   0: 3 0x8001159c (0x00001f17) x30 0x8001259c
core   0: 0x800115a0 (0xa63f2223) sw      gp, -1436(t5)
core   0: 3 0x800115a0 (0xa63f2223) mem 0x80012000 0x00000001
core   0: 0x800115a4 (0xff9ff06f) j       pc - 0x8
core   0: 3 0x800115a4 (0xff9ff06f)
core   0: 0x8001159c (0x00001f17) auipc   t5, 0x1
core   0: 3 0x8001159c (0x00001f17) x30 0x8001259c
core   0: 0x800115a0 (0xa63f2223) sw      gp, -1436(t5)
core   0: 3 0x800115a0 (0xa63f2223) mem 0x80012000 0x00000001
core   0: 0x800115a4 (0xff9ff06f) j       pc - 0x8
core   0: 3 0x800115a4 (0xff9ff06f)
core   0: 0x8001159c (0x00001f17) auipc   t5, 0x1
core   0: 3 0x8001159c (0x00001f17) x30 0x8001259c
core   0: 0x800115a0 (0xa63f2223) sw      gp, -1436(t5)
core   0: 3 0x800115a0 (0xa63f2223) mem 0x80012000 0x00000001
core   0: 0x800115a4 (0xff9ff06f) j       pc - 0x8
core   0: 3 0x800115a4 (0xff9ff06f)
core   0: 0x8001159c (0x00001f17) auipc   t5, 0x1
core   0: 3 0x8001159c (0x00001f17) x30 0x8001259c
core   0: 0x800115a0 (0xa63f2223) sw      gp, -1436(t5)
core   0: 3 0x800115a0 (0xa63f2223) mem 0x80012000 0x00000001
core   0: 0x800115a4 (0xff9ff06f) j       pc - 0x8
core   0: 3 0x800115a4 (0xff9ff06f)
core   0: 0x8001159c (0x00001f17) auipc   t5, 0x1
core   0: 3 0x8001159c (0x00001f17) x30 0x8001259c
core   0: 0x800115a0 (0xa63f2223) sw      gp, -1436(t5)
core   0: 3 0x800115a0 (0xa63f2223) mem 0x80012000 0x00000001
core   0: 0x800115a4 (0xff9ff06f) j       pc - 0x8
core   0: 3 0x800115a4 (0xff9ff06f)
core   0: 0x8001159c (0x00001f17) auipc   t5, 0x1
core   0: 3 0x8001159c (0x00001f17) x30 0x8001259c
core   0: 0x800115a0 (0xa63f2223) sw      gp, -1436(t5)
core   0: 3 0x800115a0 (0xa63f2223) mem 0x80012000 0x00000001
core   0: 0x800115a4 (0xff9ff06f) j       pc - 0x8
core   0: 3 0x800115a4 (0xff9ff06f)
core   0: 0x8001159c (0x00001f17) auipc   t5, 0x1
core   0: 3 0x8001159c (0x00001f17) x30 0x8001259c
core   0: 0x800115a0 (0xa63f2223) sw      gp, -1436(t5)
core   0: 3 0x800115a0 (0xa63f2223) mem 0x80012000 0x00000001
core   0: 0x800115a4 (0xff9ff06f) j       pc - 0x8
core   0: 3 0x800115a4 (0xff9ff06f)
core   0: 0x8001159c (0x00001f17) auipc   t5, 0x1
core   0: 3 0x8001159c (0x00001f17) x30 0x8001259c
core   0: 0x800115a0 (0xa63f2223) sw      gp, -1436(t5)
core   0: 3 0x800115a0 (0xa63f2223) mem 0x80012000 0x00000001
core   0: 0x800115a4 (0xff9ff06f) j       pc - 0x8
core   0: 3 0x800115a4 (0xff9ff06f)
core   0: 0x8001159c (0x00001f17) auipc   t5, 0x1
core   0: 3 0x8001159c (0x00001f17) x30 0x8001259c
core   0: 0x800115a0 (0xa63f2223) sw      gp, -1436(t5)
core   0: 3 0x800115a0 (0xa63f2223) mem 0x80012000 0x00000001
core   0: 0x800115a4 (0xff9ff06f) j       pc - 0x8
core   0: 3 0x800115a4 (0xff9ff06f)
core   0: 0x8001159c (0x00001f17) auipc   t5, 0x1
core   0: 3 0x8001159c (0x00001f17) x30 0x8001259c
core   0: 0x800115a0 (0xa63f2223) sw      gp, -1436(t5)
core   0: 3 0x800115a0 (0xa63f2223) mem 0x80012000 0x00000001
core   0: 0x800115a4 (0xff9ff06f) j       pc - 0x8
core   0: 3 0x800115a4 (0xff9ff06f)
core   0: 0x8001159c (0x00001f17) auipc   t5, 0x1
core   0: 3 0x8001159c (0x00001f17) x30 0x8001259c
core   0: 0x800115a0 (0xa63f2223) sw      gp, -1436(t5)
core   0: 3 0x800115a0 (0xa63f2223) mem 0x80012000 0x00000001
core   0: 0x800115a4 (0xff9ff06f) j       pc - 0x8
core   0: 3 0x800115a4 (0xff9ff06f)
core   0: 0x8001159c (0x00001f17) auipc   t5, 0x1
core   0: 3 0x8001159c (0x00001f17) x30 0x8001259c
core   0: 0x800115a0 (0xa63f2223) sw      gp, -1436(t5)
core   0: 3 0x800115a0 (0xa63f2223) mem 0x80012000 0x00000001
core   0: 0x800115a4 (0xff9ff06f) j       pc - 0x8
core   0: 3 0x800115a4 (0xff9ff06f)
core   0: 0x8001159c (0x00001f17) auipc   t5, 0x1
core   0: 3 0x8001159c (0x00001f17) x30 0x8001259c
core   0: 0x800115a0 (0xa63f2223) sw      gp, -1436(t5)
core   0: 3 0x800115a0 (0xa63f2223) mem 0x80012000 0x00000001
core   0: 0x800115a4 (0xff9ff06f) j       pc - 0x8
core   0: 3 0x800115a4 (0xff9ff06f)
core   0: 0x8001159c (0x00001f17) auipc   t5, 0x1
core   0: 3 0x8001159c (0x00001f17) x30 0x8001259c
core   0: 0x800115a0 (0xa63f2223) sw      gp, -1436(t5)
core   0: 3 0x800115a0 (0xa63f2223) mem 0x80012000 0x00000001
core   0: 0x800115a4 (0xff9ff06f) j       pc - 0x8
core   0: 3 0x800115a4 (0xff9ff06f)
core   0: 0x8001159c (0x00001f17) auipc   t5, 0x1
core   0: 3 0x8001159c (0x00001f17) x30 0x8001259c
core   0: 0x800115a0 (0xa63f2223) sw      gp, -1436(t5)
core   0: 3 0x800115a0 (0xa63f2223) mem 0x80012000 0x00000001
core   0: 0x800115a4 (0xff9ff06f) j       pc - 0x8
core   0: 3 0x800115a4 (0xff9ff06f)
core   0: 0x8001159c (0x00001f17) auipc   t5, 0x1
core   0: 3 0x8001159c (0x00001f17) x30 0x8001259c
core   0: 0x800115a0 (0xa63f2223) sw      gp, -1436(t5)
core   0: 3 0x800115a0 (0xa63f2223) mem 0x80012000 0x00000001
core   0: 0x800115a4 (0xff9ff06f) j       pc - 0x8
core   0: 3 0x800115a4 (0xff9ff06f)
core   0: 0x8001159c (0x00001f17) auipc   t5, 0x1
core   0: 3 0x8001159c (0x00001f17) x30 0x8001259c
core   0: 0x800115a0 (0xa63f2223) sw      gp, -1436(t5)
core   0: 3 0x800115a0 (0xa63f2223) mem 0x80012000 0x00000001
core   0: 0x800115a4 (0xff9ff06f) j       pc - 0x8
core   0: 3 0x800115a4 (0xff9ff06f)
core   0: 0x8001159c (0x00001f17) auipc   t5, 0x1
core   0: 3 0x8001159c (0x00001f17) x30 0x8001259c
core   0: 0x800115a0 (0xa63f2223) sw      gp, -1436(t5)
core   0: 3 0x800115a0 (0xa63f2223) mem 0x80012000 0x00000001
core   0: 0x800115a4 (0xff9ff06f) j       pc - 0x8
core   0: 3 0x800115a4 (0xff9ff06f)
core   0: 0x8001159c (0x00001f17) auipc   t5, 0x1
core   0: 3 0x8001159c (0x00001f17) x30 0x8001259c
core   0: 0x800115a0 (0xa63f2223) sw      gp, -1436(t5)
core   0: 3 0x800115a0 (0xa63f2223) mem 0x80012000 0x00000001
core   0: 0x800115a4 (0xff9ff06f) j       pc - 0x8
core   0: 3 0x800115a4 (0xff9ff06f)
core   0: 0x8001159c (0x00001f17) auipc   t5, 0x1
core   0: 3 0x8001159c (0x00001f17) x30 0x8001259c
core   0: 0x800115a0 (0xa63f2223) sw      gp, -1436(t5)
core   0: 3 0x800115a0 (0xa63f2223) mem 0x80012000 0x00000001
core   0: 0x800115a4 (0xff9ff06f) j       pc - 0x8
core   0: 3 0x800115a4 (0xff9ff06f)
core   0: 0x8001159c (0x00001f17) auipc   t5, 0x1
core   0: 3 0x8001159c (0x00001f17) x30 0x8001259c
core   0: 0x800115a0 (0xa63f2223) sw      gp, -1436(t5)
core   0: 3 0x800115a0 (0xa63f2223) mem 0x80012000 0x00000001
core   0: 0x800115a4 (0xff9ff06f) j       pc - 0x8
core   0: 3 0x800115a4 (0xff9ff06f)
core   0: 0x8001159c (0x00001f17) auipc   t5, 0x1
core   0: 3 0x8001159c (0x00001f17) x30 0x8001259c
core   0: 0x800115a0 (0xa63f2223) sw      gp, -1436(t5)
core   0: 3 0x800115a0 (0xa63f2223) mem 0x80012000 0x00000001
core   0: 0x800115a4 (0xff9ff06f) j       pc - 0x8
core   0: 3 0x800115a4 (0xff9ff06f)
core   0: 0x8001159c (0x00001f17) auipc   t5, 0x1
core   0: 3 0x8001159c (0x00001f17) x30 0x8001259c
core   0: 0x800115a0 (0xa63f2223) sw      gp, -1436(t5)
core   0: 3 0x800115a0 (0xa63f2223) mem 0x80012000 0x00000001
core   0: 0x800115a4 (0xff9ff06f) j       pc - 0x8
core   0: 3 0x800115a4 (0xff9ff06f)
core   0: 0x8001159c (0x00001f17) auipc   t5, 0x1
core   0: 3 0x8001159c (0x00001f17) x30 0x8001259c
core   0: 0x800115a0 (0xa63f2223) sw      gp, -1436(t5)
core   0: 3 0x800115a0 (0xa63f2223) mem 0x80012000 0x00000001
core   0: 0x800115a4 (0xff9ff06f) j       pc - 0x8
core   0: 3 0x800115a4 (0xff9ff06f)
core   0: 0x8001159c (0x00001f17) auipc   t5, 0x1
core   0: 3 0x8001159c (0x00001f17) x30 0x8001259c
core   0: 0x800115a0 (0xa63f2223) sw      gp, -1436(t5)
core   0: 3 0x800115a0 (0xa63f2223) mem 0x80012000 0x00000001
core   0: 0x800115a4 (0xff9ff06f) j       pc - 0x8
core   0: 3 0x800115a4 (0xff9ff06f)
core   0: 0x8001159c (0x00001f17) auipc   t5, 0x1
core   0: 3 0x8001159c (0x00001f17) x30 0x8001259c
core   0: 0x800115a0 (0xa63f2223) sw      gp, -1436(t5)
core   0: 3 0x800115a0 (0xa63f2223) mem 0x80012000 0x00000001
core   0: 0x800115a4 (0xff9ff06f) j       pc - 0x8
core   0: 3 0x800115a4 (0xff9ff06f)
core   0: 0x8001159c (0x00001f17) auipc   t5, 0x1
core   0: 3 0x8001159c (0x00001f17) x30 0x8001259c
core   0: 0x800115a0 (0xa63f2223) sw      gp, -1436(t5)
core   0: 3 0x800115a0 (0xa63f2223) mem 0x80012000 0x00000001
core   0: 0x800115a4 (0xff9ff06f) j       pc - 0x8
core   0: 3 0x800115a4 (0xff9ff06f)
core   0: 0x8001159c (0x00001f17) auipc   t5, 0x1
core   0: 3 0x8001159c (0x00001f17) x30 0x8001259c
core   0: 0x800115a0 (0xa63f2223) sw      gp, -1436(t5)
core   0: 3 0x800115a0 (0xa63f2223) mem 0x80012000 0x00000001
core   0: 0x800115a4 (0xff9ff06f) j       pc - 0x8
core   0: 3 0x800115a4 (0xff9ff06f)
core   0: 0x8001159c (0x00001f17) auipc   t5, 0x1
core   0: 3 0x8001159c (0x00001f17) x30 0x8001259c
core   0: 0x800115a0 (0xa63f2223) sw      gp, -1436(t5)
core   0: 3 0x800115a0 (0xa63f2223) mem 0x80012000 0x00000001
core   0: 0x800115a4 (0xff9ff06f) j       pc - 0x8
core   0: 3 0x800115a4 (0xff9ff06f)
core   0: 0x8001159c (0x00001f17) auipc   t5, 0x1
core   0: 3 0x8001159c (0x00001f17) x30 0x8001259c
core   0: 0x800115a0 (0xa63f2223) sw      gp, -1436(t5)
core   0: 3 0x800115a0 (0xa63f2223) mem 0x80012000 0x00000001
core   0: 0x800115a4 (0xff9ff06f) j       pc - 0x8
core   0: 3 0x800115a4 (0xff9ff06f)
core   0: 0x8001159c (0x00001f17) auipc   t5, 0x1
core   0: 3 0x8001159c (0x00001f17) x30 0x8001259c
core   0: 0x800115a0 (0xa63f2223) sw      gp, -1436(t5)
core   0: 3 0x800115a0 (0xa63f2223) mem 0x80012000 0x00000001
core   0: 0x800115a4 (0xff9ff06f) j       pc - 0x8
core   0: 3 0x800115a4 (0xff9ff06f)
core   0: 0x8001159c (0x00001f17) auipc   t5, 0x1
core   0: 3 0x8001159c (0x00001f17) x30 0x8001259c
core   0: 0x800115a0 (0xa63f2223) sw      gp, -1436(t5)
core   0: 3 0x800115a0 (0xa63f2223) mem 0x80012000 0x00000001
core   0: 0x800115a4 (0xff9ff06f) j       pc - 0x8
core   0: 3 0x800115a4 (0xff9ff06f)
core   0: 0x8001159c (0x00001f17) auipc   t5, 0x1
core   0: 3 0x8001159c (0x00001f17) x30 0x8001259c
core   0: 0x800115a0 (0xa63f2223) sw      gp, -1436(t5)
core   0: 3 0x800115a0 (0xa63f2223) mem 0x80012000 0x00000001
core   0: 0x800115a4 (0xff9ff06f) j       pc - 0x8
core   0: 3 0x800115a4 (0xff9ff06f)
core   0: 0x8001159c (0x00001f17) auipc   t5, 0x1
core   0: 3 0x8001159c (0x00001f17) x30 0x8001259c
core   0: 0x800115a0 (0xa63f2223) sw      gp, -1436(t5)
core   0: 3 0x800115a0 (0xa63f2223) mem 0x80012000 0x00000001
core   0: 0x800115a4 (0xff9ff06f) j       pc - 0x8
core   0: 3 0x800115a4 (0xff9ff06f)
core   0: 0x8001159c (0x00001f17) auipc   t5, 0x1
core   0: 3 0x8001159c (0x00001f17) x30 0x8001259c
core   0: 0x800115a0 (0xa63f2223) sw      gp, -1436(t5)
core   0: 3 0x800115a0 (0xa63f2223) mem 0x80012000 0x00000001
core   0: 0x800115a4 (0xff9ff06f) j       pc - 0x8
core   0: 3 0x800115a4 (0xff9ff06f)
core   0: 0x8001159c (0x00001f17) auipc   t5, 0x1
core   0: 3 0x8001159c (0x00001f17) x30 0x8001259c
core   0: 0x800115a0 (0xa63f2223) sw      gp, -1436(t5)
core   0: 3 0x800115a0 (0xa63f2223) mem 0x80012000 0x00000001
core   0: 0x800115a4 (0xff9ff06f) j       pc - 0x8
core   0: 3 0x800115a4 (0xff9ff06f)
core   0: 0x8001159c (0x00001f17) auipc   t5, 0x1
core   0: 3 0x8001159c (0x00001f17) x30 0x8001259c
core   0: 0x800115a0 (0xa63f2223) sw      gp, -1436(t5)
core   0: 3 0x800115a0 (0xa63f2223) mem 0x80012000 0x00000001
core   0: 0x800115a4 (0xff9ff06f) j       pc - 0x8
core   0: 3 0x800115a4 (0xff9ff06f)
core   0: 0x8001159c (0x00001f17) auipc   t5, 0x1
core   0: 3 0x8001159c (0x00001f17) x30 0x8001259c
core   0: 0x800115a0 (0xa63f2223) sw      gp, -1436(t5)
core   0: 3 0x800115a0 (0xa63f2223) mem 0x80012000 0x00000001
core   0: 0x800115a4 (0xff9ff06f) j       pc - 0x8
core   0: 3 0x800115a4 (0xff9ff06f)
core   0: 0x8001159c (0x00001f17) auipc   t5, 0x1
core   0: 3 0x8001159c (0x00001f17) x30 0x8001259c
core   0: 0x800115a0 (0xa63f2223) sw      gp, -1436(t5)
core   0: 3 0x800115a0 (0xa63f2223) mem 0x80012000 0x00000001
core   0: 0x800115a4 (0xff9ff06f) j       pc - 0x8
core   0: 3 0x800115a4 (0xff9ff06f)
core   0: 0x8001159c (0x00001f17) auipc   t5, 0x1
core   0: 3 0x8001159c (0x00001f17) x30 0x8001259c
core   0: 0x800115a0 (0xa63f2223) sw      gp, -1436(t5)
core   0: 3 0x800115a0 (0xa63f2223) mem 0x80012000 0x00000001
core   0: 0x800115a4 (0xff9ff06f) j       pc - 0x8
core   0: 3 0x800115a4 (0xff9ff06f)
core   0: 0x8001159c (0x00001f17) auipc   t5, 0x1
core   0: 3 0x8001159c (0x00001f17) x30 0x8001259c
core   0: 0x800115a0 (0xa63f2223) sw      gp, -1436(t5)
core   0: 3 0x800115a0 (0xa63f2223) mem 0x80012000 0x00000001
core   0: 0x800115a4 (0xff9ff06f) j       pc - 0x8
core   0: 3 0x800115a4 (0xff9ff06f)
core   0: 0x8001159c (0x00001f17) auipc   t5, 0x1
core   0: 3 0x8001159c (0x00001f17) x30 0x8001259c
core   0: 0x800115a0 (0xa63f2223) sw      gp, -1436(t5)
core   0: 3 0x800115a0 (0xa63f2223) mem 0x80012000 0x00000001
core   0: 0x800115a4 (0xff9ff06f) j       pc - 0x8
core   0: 3 0x800115a4 (0xff9ff06f)
core   0: 0x8001159c (0x00001f17) auipc   t5, 0x1
core   0: 3 0x8001159c (0x00001f17) x30 0x8001259c
core   0: 0x800115a0 (0xa63f2223) sw      gp, -1436(t5)
core   0: 3 0x800115a0 (0xa63f2223) mem 0x80012000 0x00000001
core   0: 0x800115a4 (0xff9ff06f) j       pc - 0x8
core   0: 3 0x800115a4 (0xff9ff06f)
core   0: 0x8001159c (0x00001f17) auipc   t5, 0x1
core   0: 3 0x8001159c (0x00001f17) x30 0x8001259c
core   0: 0x800115a0 (0xa63f2223) sw      gp, -1436(t5)
core   0: 3 0x800115a0 (0xa63f2223) mem 0x80012000 0x00000001
core   0: 0x800115a4 (0xff9ff06f) j       pc - 0x8
core   0: 3 0x800115a4 (0xff9ff06f)
core   0: 0x8001159c (0x00001f17) auipc   t5, 0x1
core   0: 3 0x8001159c (0x00001f17) x30 0x8001259c
core   0: 0x800115a0 (0xa63f2223) sw      gp, -1436(t5)
core   0: 3 0x800115a0 (0xa63f2223) mem 0x80012000 0x00000001
core   0: 0x800115a4 (0xff9ff06f) j       pc - 0x8
core   0: 3 0x800115a4 (0xff9ff06f)
core   0: 0x8001159c (0x00001f17) auipc   t5, 0x1
core   0: 3 0x8001159c (0x00001f17) x30 0x8001259c
core   0: 0x800115a0 (0xa63f2223) sw      gp, -1436(t5)
core   0: 3 0x800115a0 (0xa63f2223) mem 0x80012000 0x00000001
core   0: 0x800115a4 (0xff9ff06f) j       pc - 0x8
core   0: 3 0x800115a4 (0xff9ff06f)
core   0: 0x8001159c (0x00001f17) auipc   t5, 0x1
core   0: 3 0x8001159c (0x00001f17) x30 0x8001259c
core   0: 0x800115a0 (0xa63f2223) sw      gp, -1436(t5)
core   0: 3 0x800115a0 (0xa63f2223) mem 0x80012000 0x00000001
core   0: 0x800115a4 (0xff9ff06f) j       pc - 0x8
core   0: 3 0x800115a4 (0xff9ff06f)
core   0: 0x8001159c (0x00001f17) auipc   t5, 0x1
core   0: 3 0x8001159c (0x00001f17) x30 0x8001259c
core   0: 0x800115a0 (0xa63f2223) sw      gp, -1436(t5)
core   0: 3 0x800115a0 (0xa63f2223) mem 0x80012000 0x00000001
core   0: 0x800115a4 (0xff9ff06f) j       pc - 0x8
core   0: 3 0x800115a4 (0xff9ff06f)
core   0: 0x8001159c (0x00001f17) auipc   t5, 0x1
core   0: 3 0x8001159c (0x00001f17) x30 0x8001259c
core   0: 0x800115a0 (0xa63f2223) sw      gp, -1436(t5)
core   0: 3 0x800115a0 (0xa63f2223) mem 0x80012000 0x00000001
core   0: 0x800115a4 (0xff9ff06f) j       pc - 0x8
core   0: 3 0x800115a4 (0xff9ff06f)
core   0: 0x8001159c (0x00001f17) auipc   t5, 0x1
core   0: 3 0x8001159c (0x00001f17) x30 0x8001259c
core   0: 0x800115a0 (0xa63f2223) sw      gp, -1436(t5)
core   0: 3 0x800115a0 (0xa63f2223) mem 0x80012000 0x00000001
core   0: 0x800115a4 (0xff9ff06f) j       pc - 0x8
core   0: 3 0x800115a4 (0xff9ff06f)
core   0: 0x8001159c (0x00001f17) auipc   t5, 0x1
core   0: 3 0x8001159c (0x00001f17) x30 0x8001259c
core   0: 0x800115a0 (0xa63f2223) sw      gp, -1436(t5)
core   0: 3 0x800115a0 (0xa63f2223) mem 0x80012000 0x00000001
core   0: 0x800115a4 (0xff9ff06f) j       pc - 0x8
core   0: 3 0x800115a4 (0xff9ff06f)
core   0: 0x8001159c (0x00001f17) auipc   t5, 0x1
core   0: 3 0x8001159c (0x00001f17) x30 0x8001259c
core   0: 0x800115a0 (0xa63f2223) sw      gp, -1436(t5)
core   0: 3 0x800115a0 (0xa63f2223) mem 0x80012000 0x00000001
core   0: 0x800115a4 (0xff9ff06f) j       pc - 0x8
core   0: 3 0x800115a4 (0xff9ff06f)
core   0: 0x8001159c (0x00001f17) auipc   t5, 0x1
core   0: 3 0x8001159c (0x00001f17) x30 0x8001259c
core   0: 0x800115a0 (0xa63f2223) sw      gp, -1436(t5)
core   0: 3 0x800115a0 (0xa63f2223) mem 0x80012000 0x00000001
core   0: 0x800115a4 (0xff9ff06f) j       pc - 0x8
core   0: 3 0x800115a4 (0xff9ff06f)
core   0: 0x8001159c (0x00001f17) auipc   t5, 0x1
core   0: 3 0x8001159c (0x00001f17) x30 0x8001259c
core   0: 0x800115a0 (0xa63f2223) sw      gp, -1436(t5)
core   0: 3 0x800115a0 (0xa63f2223) mem 0x80012000 0x00000001
core   0: 0x800115a4 (0xff9ff06f) j       pc - 0x8
core   0: 3 0x800115a4 (0xff9ff06f)
core   0: 0x8001159c (0x00001f17) auipc   t5, 0x1
core   0: 3 0x8001159c (0x00001f17) x30 0x8001259c
core   0: 0x800115a0 (0xa63f2223) sw      gp, -1436(t5)
core   0: 3 0x800115a0 (0xa63f2223) mem 0x80012000 0x00000001
core   0: 0x800115a4 (0xff9ff06f) j       pc - 0x8
core   0: 3 0x800115a4 (0xff9ff06f)
core   0: 0x8001159c (0x00001f17) auipc   t5, 0x1
core   0: 3 0x8001159c (0x00001f17) x30 0x8001259c
core   0: 0x800115a0 (0xa63f2223) sw      gp, -1436(t5)
core   0: 3 0x800115a0 (0xa63f2223) mem 0x80012000 0x00000001
core   0: 0x800115a4 (0xff9ff06f) j       pc - 0x8
core   0: 3 0x800115a4 (0xff9ff06f)
core   0: 0x8001159c (0x00001f17) auipc   t5, 0x1
core   0: 3 0x8001159c (0x00001f17) x30 0x8001259c
core   0: 0x800115a0 (0xa63f2223) sw      gp, -1436(t5)
core   0: 3 0x800115a0 (0xa63f2223) mem 0x80012000 0x00000001
core   0: 0x800115a4 (0xff9ff06f) j       pc - 0x8
core   0: 3 0x800115a4 (0xff9ff06f)
core   0: 0x8001159c (0x00001f17) auipc   t5, 0x1
core   0: 3 0x8001159c (0x00001f17) x30 0x8001259c
core   0: 0x800115a0 (0xa63f2223) sw      gp, -1436(t5)
core   0: 3 0x800115a0 (0xa63f2223) mem 0x80012000 0x00000001
core   0: 0x800115a4 (0xff9ff06f) j       pc - 0x8
core   0: 3 0x800115a4 (0xff9ff06f)
core   0: 0x8001159c (0x00001f17) auipc   t5, 0x1
core   0: 3 0x8001159c (0x00001f17) x30 0x8001259c
core   0: 0x800115a0 (0xa63f2223) sw      gp, -1436(t5)
core   0: 3 0x800115a0 (0xa63f2223) mem 0x80012000 0x00000001
core   0: 0x800115a4 (0xff9ff06f) j       pc - 0x8
core   0: 3 0x800115a4 (0xff9ff06f)
core   0: 0x8001159c (0x00001f17) auipc   t5, 0x1
core   0: 3 0x8001159c (0x00001f17) x30 0x8001259c
core   0: 0x800115a0 (0xa63f2223) sw      gp, -1436(t5)
core   0: 3 0x800115a0 (0xa63f2223) mem 0x80012000 0x00000001
core   0: 0x800115a4 (0xff9ff06f) j       pc - 0x8
core   0: 3 0x800115a4 (0xff9ff06f)
core   0: 0x8001159c (0x00001f17) auipc   t5, 0x1
core   0: 3 0x8001159c (0x00001f17) x30 0x8001259c
core   0: 0x800115a0 (0xa63f2223) sw      gp, -1436(t5)
core   0: 3 0x800115a0 (0xa63f2223) mem 0x80012000 0x00000001
core   0: 0x800115a4 (0xff9ff06f) j       pc - 0x8
core   0: 3 0x800115a4 (0xff9ff06f)
core   0: 0x8001159c (0x00001f17) auipc   t5, 0x1
core   0: 3 0x8001159c (0x00001f17) x30 0x8001259c
core   0: 0x800115a0 (0xa63f2223) sw      gp, -1436(t5)
core   0: 3 0x800115a0 (0xa63f2223) mem 0x80012000 0x00000001
core   0: 0x800115a4 (0xff9ff06f) j       pc - 0x8
core   0: 3 0x800115a4 (0xff9ff06f)
core   0: 0x8001159c (0x00001f17) auipc   t5, 0x1
core   0: 3 0x8001159c (0x00001f17) x30 0x8001259c
core   0: 0x800115a0 (0xa63f2223) sw      gp, -1436(t5)
core   0: 3 0x800115a0 (0xa63f2223) mem 0x80012000 0x00000001
core   0: 0x800115a4 (0xff9ff06f) j       pc - 0x8
core   0: 3 0x800115a4 (0xff9ff06f)
core   0: 0x8001159c (0x00001f17) auipc   t5, 0x1
core   0: 3 0x8001159c (0x00001f17) x30 0x8001259c
core   0: 0x800115a0 (0xa63f2223) sw      gp, -1436(t5)
core   0: 3 0x800115a0 (0xa63f2223) mem 0x80012000 0x00000001
core   0: 0x800115a4 (0xff9ff06f) j       pc - 0x8
core   0: 3 0x800115a4 (0xff9ff06f)
core   0: 0x8001159c (0x00001f17) auipc   t5, 0x1
core   0: 3 0x8001159c (0x00001f17) x30 0x8001259c
core   0: 0x800115a0 (0xa63f2223) sw      gp, -1436(t5)
core   0: 3 0x800115a0 (0xa63f2223) mem 0x80012000 0x00000001
core   0: 0x800115a4 (0xff9ff06f) j       pc - 0x8
core   0: 3 0x800115a4 (0xff9ff06f)
core   0: 0x8001159c (0x00001f17) auipc   t5, 0x1
core   0: 3 0x8001159c (0x00001f17) x30 0x8001259c
core   0: 0x800115a0 (0xa63f2223) sw      gp, -1436(t5)
core   0: 3 0x800115a0 (0xa63f2223) mem 0x80012000 0x00000001
core   0: 0x800115a4 (0xff9ff06f) j       pc - 0x8
core   0: 3 0x800115a4 (0xff9ff06f)
core   0: 0x8001159c (0x00001f17) auipc   t5, 0x1
core   0: 3 0x8001159c (0x00001f17) x30 0x8001259c
core   0: 0x800115a0 (0xa63f2223) sw      gp, -1436(t5)
core   0: 3 0x800115a0 (0xa63f2223) mem 0x80012000 0x00000001
core   0: 0x800115a4 (0xff9ff06f) j       pc - 0x8
core   0: 3 0x800115a4 (0xff9ff06f)
core   0: 0x8001159c (0x00001f17) auipc   t5, 0x1
core   0: 3 0x8001159c (0x00001f17) x30 0x8001259c
core   0: 0x800115a0 (0xa63f2223) sw      gp, -1436(t5)
core   0: 3 0x800115a0 (0xa63f2223) mem 0x80012000 0x00000001
core   0: 0x800115a4 (0xff9ff06f) j       pc - 0x8
core   0: 3 0x800115a4 (0xff9ff06f)
core   0: 0x8001159c (0x00001f17) auipc   t5, 0x1
core   0: 3 0x8001159c (0x00001f17) x30 0x8001259c
core   0: 0x800115a0 (0xa63f2223) sw      gp, -1436(t5)
core   0: 3 0x800115a0 (0xa63f2223) mem 0x80012000 0x00000001
core   0: 0x800115a4 (0xff9ff06f) j       pc - 0x8
core   0: 3 0x800115a4 (0xff9ff06f)
core   0: 0x8001159c (0x00001f17) auipc   t5, 0x1
core   0: 3 0x8001159c (0x00001f17) x30 0x8001259c
core   0: 0x800115a0 (0xa63f2223) sw      gp, -1436(t5)
core   0: 3 0x800115a0 (0xa63f2223) mem 0x80012000 0x00000001
core   0: 0x800115a4 (0xff9ff06f) j       pc - 0x8
core   0: 3 0x800115a4 (0xff9ff06f)
core   0: 0x8001159c (0x00001f17) auipc   t5, 0x1
core   0: 3 0x8001159c (0x00001f17) x30 0x8001259c
core   0: 0x800115a0 (0xa63f2223) sw      gp, -1436(t5)
core   0: 3 0x800115a0 (0xa63f2223) mem 0x80012000 0x00000001
core   0: 0x800115a4 (0xff9ff06f) j       pc - 0x8
core   0: 3 0x800115a4 (0xff9ff06f)
core   0: 0x8001159c (0x00001f17) auipc   t5, 0x1
core   0: 3 0x8001159c (0x00001f17) x30 0x8001259c
core   0: 0x800115a0 (0xa63f2223) sw      gp, -1436(t5)
core   0: 3 0x800115a0 (0xa63f2223) mem 0x80012000 0x00000001
core   0: 0x800115a4 (0xff9ff06f) j       pc - 0x8
core   0: 3 0x800115a4 (0xff9ff06f)
core   0: 0x8001159c (0x00001f17) auipc   t5, 0x1
core   0: 3 0x8001159c (0x00001f17) x30 0x8001259c
core   0: 0x800115a0 (0xa63f2223) sw      gp, -1436(t5)
core   0: 3 0x800115a0 (0xa63f2223) mem 0x80012000 0x00000001
core   0: 0x800115a4 (0xff9ff06f) j       pc - 0x8
core   0: 3 0x800115a4 (0xff9ff06f)
core   0: 0x8001159c (0x00001f17) auipc   t5, 0x1
core   0: 3 0x8001159c (0x00001f17) x30 0x8001259c
core   0: 0x800115a0 (0xa63f2223) sw      gp, -1436(t5)
core   0: 3 0x800115a0 (0xa63f2223) mem 0x80012000 0x00000001
core   0: 0x800115a4 (0xff9ff06f) j       pc - 0x8
core   0: 3 0x800115a4 (0xff9ff06f)
core   0: 0x8001159c (0x00001f17) auipc   t5, 0x1
core   0: 3 0x8001159c (0x00001f17) x30 0x8001259c
core   0: 0x800115a0 (0xa63f2223) sw      gp, -1436(t5)
core   0: 3 0x800115a0 (0xa63f2223) mem 0x80012000 0x00000001
core   0: 0x800115a4 (0xff9ff06f) j       pc - 0x8
core   0: 3 0x800115a4 (0xff9ff06f)
core   0: 0x8001159c (0x00001f17) auipc   t5, 0x1
core   0: 3 0x8001159c (0x00001f17) x30 0x8001259c
core   0: 0x800115a0 (0xa63f2223) sw      gp, -1436(t5)
core   0: 3 0x800115a0 (0xa63f2223) mem 0x80012000 0x00000001
core   0: 0x800115a4 (0xff9ff06f) j       pc - 0x8
core   0: 3 0x800115a4 (0xff9ff06f)
core   0: 0x8001159c (0x00001f17) auipc   t5, 0x1
core   0: 3 0x8001159c (0x00001f17) x30 0x8001259c
core   0: 0x800115a0 (0xa63f2223) sw      gp, -1436(t5)
core   0: 3 0x800115a0 (0xa63f2223) mem 0x80012000 0x00000001
core   0: 0x800115a4 (0xff9ff06f) j       pc - 0x8
core   0: 3 0x800115a4 (0xff9ff06f)
core   0: 0x8001159c (0x00001f17) auipc   t5, 0x1
core   0: 3 0x8001159c (0x00001f17) x30 0x8001259c
core   0: 0x800115a0 (0xa63f2223) sw      gp, -1436(t5)
core   0: 3 0x800115a0 (0xa63f2223) mem 0x80012000 0x00000001
core   0: 0x800115a4 (0xff9ff06f) j       pc - 0x8
core   0: 3 0x800115a4 (0xff9ff06f)
core   0: 0x8001159c (0x00001f17) auipc   t5, 0x1
core   0: 3 0x8001159c (0x00001f17) x30 0x8001259c
core   0: 0x800115a0 (0xa63f2223) sw      gp, -1436(t5)
core   0: 3 0x800115a0 (0xa63f2223) mem 0x80012000 0x00000001
core   0: 0x800115a4 (0xff9ff06f) j       pc - 0x8
core   0: 3 0x800115a4 (0xff9ff06f)
core   0: 0x8001159c (0x00001f17) auipc   t5, 0x1
core   0: 3 0x8001159c (0x00001f17) x30 0x8001259c
core   0: 0x800115a0 (0xa63f2223) sw      gp, -1436(t5)
core   0: 3 0x800115a0 (0xa63f2223) mem 0x80012000 0x00000001
core   0: 0x800115a4 (0xff9ff06f) j       pc - 0x8
core   0: 3 0x800115a4 (0xff9ff06f)
core   0: 0x8001159c (0x00001f17) auipc   t5, 0x1
core   0: 3 0x8001159c (0x00001f17) x30 0x8001259c
core   0: 0x800115a0 (0xa63f2223) sw      gp, -1436(t5)
core   0: 3 0x800115a0 (0xa63f2223) mem 0x80012000 0x00000001
core   0: 0x800115a4 (0xff9ff06f) j       pc - 0x8
core   0: 3 0x800115a4 (0xff9ff06f)
core   0: 0x8001159c (0x00001f17) auipc   t5, 0x1
core   0: 3 0x8001159c (0x00001f17) x30 0x8001259c
core   0: 0x800115a0 (0xa63f2223) sw      gp, -1436(t5)
core   0: 3 0x800115a0 (0xa63f2223) mem 0x80012000 0x00000001
core   0: 0x800115a4 (0xff9ff06f) j       pc - 0x8
core   0: 3 0x800115a4 (0xff9ff06f)
core   0: 0x8001159c (0x00001f17) auipc   t5, 0x1
core   0: 3 0x8001159c (0x00001f17) x30 0x8001259c
core   0: 0x800115a0 (0xa63f2223) sw      gp, -1436(t5)
core   0: 3 0x800115a0 (0xa63f2223) mem 0x80012000 0x00000001
core   0: 0x800115a4 (0xff9ff06f) j       pc - 0x8
core   0: 3 0x800115a4 (0xff9ff06f)
core   0: 0x8001159c (0x00001f17) auipc   t5, 0x1
core   0: 3 0x8001159c (0x00001f17) x30 0x8001259c
core   0: 0x800115a0 (0xa63f2223) sw      gp, -1436(t5)
core   0: 3 0x800115a0 (0xa63f2223) mem 0x80012000 0x00000001
core   0: 0x800115a4 (0xff9ff06f) j       pc - 0x8
core   0: 3 0x800115a4 (0xff9ff06f)
core   0: 0x8001159c (0x00001f17) auipc   t5, 0x1
core   0: 3 0x8001159c (0x00001f17) x30 0x8001259c
core   0: 0x800115a0 (0xa63f2223) sw      gp, -1436(t5)
core   0: 3 0x800115a0 (0xa63f2223) mem 0x80012000 0x00000001
core   0: 0x800115a4 (0xff9ff06f) j       pc - 0x8
core   0: 3 0x800115a4 (0xff9ff06f)
core   0: 0x8001159c (0x00001f17) auipc   t5, 0x1
core   0: 3 0x8001159c (0x00001f17) x30 0x8001259c
core   0: 0x800115a0 (0xa63f2223) sw      gp, -1436(t5)
core   0: 3 0x800115a0 (0xa63f2223) mem 0x80012000 0x00000001
core   0: 0x800115a4 (0xff9ff06f) j       pc - 0x8
core   0: 3 0x800115a4 (0xff9ff06f)
core   0: 0x8001159c (0x00001f17) auipc   t5, 0x1
core   0: 3 0x8001159c (0x00001f17) x30 0x8001259c
core   0: 0x800115a0 (0xa63f2223) sw      gp, -1436(t5)
core   0: 3 0x800115a0 (0xa63f2223) mem 0x80012000 0x00000001
core   0: 0x800115a4 (0xff9ff06f) j       pc - 0x8
core   0: 3 0x800115a4 (0xff9ff06f)
core   0: 0x8001159c (0x00001f17) auipc   t5, 0x1
core   0: 3 0x8001159c (0x00001f17) x30 0x8001259c
core   0: 0x800115a0 (0xa63f2223) sw      gp, -1436(t5)
core   0: 3 0x800115a0 (0xa63f2223) mem 0x80012000 0x00000001
core   0: 0x800115a4 (0xff9ff06f) j       pc - 0x8
core   0: 3 0x800115a4 (0xff9ff06f)
core   0: 0x8001159c (0x00001f17) auipc   t5, 0x1
core   0: 3 0x8001159c (0x00001f17) x30 0x8001259c
core   0: 0x800115a0 (0xa63f2223) sw      gp, -1436(t5)
core   0: 3 0x800115a0 (0xa63f2223) mem 0x80012000 0x00000001
core   0: 0x800115a4 (0xff9ff06f) j       pc - 0x8
core   0: 3 0x800115a4 (0xff9ff06f)
core   0: 0x8001159c (0x00001f17) auipc   t5, 0x1
core   0: 3 0x8001159c (0x00001f17) x30 0x8001259c
core   0: 0x800115a0 (0xa63f2223) sw      gp, -1436(t5)
core   0: 3 0x800115a0 (0xa63f2223) mem 0x80012000 0x00000001
core   0: 0x800115a4 (0xff9ff06f) j       pc - 0x8
core   0: 3 0x800115a4 (0xff9ff06f)
core   0: 0x8001159c (0x00001f17) auipc   t5, 0x1
core   0: 3 0x8001159c (0x00001f17) x30 0x8001259c
core   0: 0x800115a0 (0xa63f2223) sw      gp, -1436(t5)
core   0: 3 0x800115a0 (0xa63f2223) mem 0x80012000 0x00000001
core   0: 0x800115a4 (0xff9ff06f) j       pc - 0x8
core   0: 3 0x800115a4 (0xff9ff06f)
core   0: 0x8001159c (0x00001f17) auipc   t5, 0x1
core   0: 3 0x8001159c (0x00001f17) x30 0x8001259c
core   0: 0x800115a0 (0xa63f2223) sw      gp, -1436(t5)
core   0: 3 0x800115a0 (0xa63f2223) mem 0x80012000 0x00000001
core   0: 0x800115a4 (0xff9ff06f) j       pc - 0x8
core   0: 3 0x800115a4 (0xff9ff06f)
core   0: 0x8001159c (0x00001f17) auipc   t5, 0x1
core   0: 3 0x8001159c (0x00001f17) x30 0x8001259c
core   0: 0x800115a0 (0xa63f2223) sw      gp, -1436(t5)
core   0: 3 0x800115a0 (0xa63f2223) mem 0x80012000 0x00000001
core   0: 0x800115a4 (0xff9ff06f) j       pc - 0x8
core   0: 3 0x800115a4 (0xff9ff06f)
core   0: 0x8001159c (0x00001f17) auipc   t5, 0x1
core   0: 3 0x8001159c (0x00001f17) x30 0x8001259c
core   0: 0x800115a0 (0xa63f2223) sw      gp, -1436(t5)
core   0: 3 0x800115a0 (0xa63f2223) mem 0x80012000 0x00000001
core   0: 0x800115a4 (0xff9ff06f) j       pc - 0x8
core   0: 3 0x800115a4 (0xff9ff06f)
core   0: 0x8001159c (0x00001f17) auipc   t5, 0x1
core   0: 3 0x8001159c (0x00001f17) x30 0x8001259c
core   0: 0x800115a0 (0xa63f2223) sw      gp, -1436(t5)
core   0: 3 0x800115a0 (0xa63f2223) mem 0x80012000 0x00000001
core   0: 0x800115a4 (0xff9ff06f) j       pc - 0x8
core   0: 3 0x800115a4 (0xff9ff06f)
core   0: 0x8001159c (0x00001f17) auipc   t5, 0x1
core   0: 3 0x8001159c (0x00001f17) x30 0x8001259c
core   0: 0x800115a0 (0xa63f2223) sw      gp, -1436(t5)
core   0: 3 0x800115a0 (0xa63f2223) mem 0x80012000 0x00000001
core   0: 0x800115a4 (0xff9ff06f) j       pc - 0x8
core   0: 3 0x800115a4 (0xff9ff06f)
core   0: 0x8001159c (0x00001f17) auipc   t5, 0x1
core   0: 3 0x8001159c (0x00001f17) x30 0x8001259c
core   0: 0x800115a0 (0xa63f2223) sw      gp, -1436(t5)
core   0: 3 0x800115a0 (0xa63f2223) mem 0x80012000 0x00000001
core   0: 0x800115a4 (0xff9ff06f) j       pc - 0x8
core   0: 3 0x800115a4 (0xff9ff06f)
core   0: 0x8001159c (0x00001f17) auipc   t5, 0x1
core   0: 3 0x8001159c (0x00001f17) x30 0x8001259c
core   0: 0x800115a0 (0xa63f2223) sw      gp, -1436(t5)
core   0: 3 0x800115a0 (0xa63f2223) mem 0x80012000 0x00000001
core   0: 0x800115a4 (0xff9ff06f) j       pc - 0x8
core   0: 3 0x800115a4 (0xff9ff06f)
core   0: 0x8001159c (0x00001f17) auipc   t5, 0x1
core   0: 3 0x8001159c (0x00001f17) x30 0x8001259c
core   0: 0x800115a0 (0xa63f2223) sw      gp, -1436(t5)
core   0: 3 0x800115a0 (0xa63f2223) mem 0x80012000 0x00000001
core   0: 0x800115a4 (0xff9ff06f) j       pc - 0x8
core   0: 3 0x800115a4 (0xff9ff06f)
core   0: 0x8001159c (0x00001f17) auipc   t5, 0x1
core   0: 3 0x8001159c (0x00001f17) x30 0x8001259c
core   0: 0x800115a0 (0xa63f2223) sw      gp, -1436(t5)
core   0: 3 0x800115a0 (0xa63f2223) mem 0x80012000 0x00000001
core   0: 0x800115a4 (0xff9ff06f) j       pc - 0x8
core   0: 3 0x800115a4 (0xff9ff06f)
core   0: 0x8001159c (0x00001f17) auipc   t5, 0x1
core   0: 3 0x8001159c (0x00001f17) x30 0x8001259c
core   0: 0x800115a0 (0xa63f2223) sw      gp, -1436(t5)
core   0: 3 0x800115a0 (0xa63f2223) mem 0x80012000 0x00000001
core   0: 0x800115a4 (0xff9ff06f) j       pc - 0x8
core   0: 3 0x800115a4 (0xff9ff06f)
core   0: 0x8001159c (0x00001f17) auipc   t5, 0x1
core   0: 3 0x8001159c (0x00001f17) x30 0x8001259c
core   0: 0x800115a0 (0xa63f2223) sw      gp, -1436(t5)
core   0: 3 0x800115a0 (0xa63f2223) mem 0x80012000 0x00000001
core   0: 0x800115a4 (0xff9ff06f) j       pc - 0x8
core   0: 3 0x800115a4 (0xff9ff06f)
core   0: 0x8001159c (0x00001f17) auipc   t5, 0x1
core   0: 3 0x8001159c (0x00001f17) x30 0x8001259c
core   0: 0x800115a0 (0xa63f2223) sw      gp, -1436(t5)
core   0: 3 0x800115a0 (0xa63f2223) mem 0x80012000 0x00000001
core   0: 0x800115a4 (0xff9ff06f) j       pc - 0x8
core   0: 3 0x800115a4 (0xff9ff06f)
core   0: 0x8001159c (0x00001f17) auipc   t5, 0x1
core   0: 3 0x8001159c (0x00001f17) x30 0x8001259c
core   0: 0x800115a0 (0xa63f2223) sw      gp, -1436(t5)
core   0: 3 0x800115a0 (0xa63f2223) mem 0x80012000 0x00000001
core   0: 0x800115a4 (0xff9ff06f) j       pc - 0x8
core   0: 3 0x800115a4 (0xff9ff06f)
core   0: 0x8001159c (0x00001f17) auipc   t5, 0x1
core   0: 3 0x8001159c (0x00001f17) x30 0x8001259c
core   0: 0x800115a0 (0xa63f2223) sw      gp, -1436(t5)
core   0: 3 0x800115a0 (0xa63f2223) mem 0x80012000 0x00000001
core   0: 0x800115a4 (0xff9ff06f) j       pc - 0x8
core   0: 3 0x800115a4 (0xff9ff06f)
core   0: 0x8001159c (0x00001f17) auipc   t5, 0x1
core   0: 3 0x8001159c (0x00001f17) x30 0x8001259c
core   0: 0x800115a0 (0xa63f2223) sw      gp, -1436(t5)
core   0: 3 0x800115a0 (0xa63f2223) mem 0x80012000 0x00000001
core   0: 0x800115a4 (0xff9ff06f) j       pc - 0x8
core   0: 3 0x800115a4 (0xff9ff06f)
core   0: 0x8001159c (0x00001f17) auipc   t5, 0x1
core   0: 3 0x8001159c (0x00001f17) x30 0x8001259c
core   0: 0x800115a0 (0xa63f2223) sw      gp, -1436(t5)
core   0: 3 0x800115a0 (0xa63f2223) mem 0x80012000 0x00000001
core   0: 0x800115a4 (0xff9ff06f) j       pc - 0x8
core   0: 3 0x800115a4 (0xff9ff06f)
core   0: 0x8001159c (0x00001f17) auipc   t5, 0x1
core   0: 3 0x8001159c (0x00001f17) x30 0x8001259c
core   0: 0x800115a0 (0xa63f2223) sw      gp, -1436(t5)
core   0: 3 0x800115a0 (0xa63f2223) mem 0x80012000 0x00000001
core   0: 0x800115a4 (0xff9ff06f) j       pc - 0x8
core   0: 3 0x800115a4 (0xff9ff06f)
core   0: 0x8001159c (0x00001f17) auipc   t5, 0x1
core   0: 3 0x8001159c (0x00001f17) x30 0x8001259c
core   0: 0x800115a0 (0xa63f2223) sw      gp, -1436(t5)
core   0: 3 0x800115a0 (0xa63f2223) mem 0x80012000 0x00000001
core   0: 0x800115a4 (0xff9ff06f) j       pc - 0x8
core   0: 3 0x800115a4 (0xff9ff06f)
core   0: 0x8001159c (0x00001f17) auipc   t5, 0x1
core   0: 3 0x8001159c (0x00001f17) x30 0x8001259c
core   0: 0x800115a0 (0xa63f2223) sw      gp, -1436(t5)
core   0: 3 0x800115a0 (0xa63f2223) mem 0x80012000 0x00000001
core   0: 0x800115a4 (0xff9ff06f) j       pc - 0x8
core   0: 3 0x800115a4 (0xff9ff06f)
core   0: 0x8001159c (0x00001f17) auipc   t5, 0x1
core   0: 3 0x8001159c (0x00001f17) x30 0x8001259c
core   0: 0x800115a0 (0xa63f2223) sw      gp, -1436(t5)
core   0: 3 0x800115a0 (0xa63f2223) mem 0x80012000 0x00000001
core   0: 0x800115a4 (0xff9ff06f) j       pc - 0x8
core   0: 3 0x800115a4 (0xff9ff06f)
core   0: 0x8001159c (0x00001f17) auipc   t5, 0x1
core   0: 3 0x8001159c (0x00001f17) x30 0x8001259c
core   0: 0x800115a0 (0xa63f2223) sw      gp, -1436(t5)
core   0: 3 0x800115a0 (0xa63f2223) mem 0x80012000 0x00000001
core   0: 0x800115a4 (0xff9ff06f) j       pc - 0x8
core   0: 3 0x800115a4 (0xff9ff06f)
core   0: 0x8001159c (0x00001f17) auipc   t5, 0x1
core   0: 3 0x8001159c (0x00001f17) x30 0x8001259c
core   0: 0x800115a0 (0xa63f2223) sw      gp, -1436(t5)
core   0: 3 0x800115a0 (0xa63f2223) mem 0x80012000 0x00000001
core   0: 0x800115a4 (0xff9ff06f) j       pc - 0x8
core   0: 3 0x800115a4 (0xff9ff06f)
core   0: 0x8001159c (0x00001f17) auipc   t5, 0x1
core   0: 3 0x8001159c (0x00001f17) x30 0x8001259c
core   0: 0x800115a0 (0xa63f2223) sw      gp, -1436(t5)
core   0: 3 0x800115a0 (0xa63f2223) mem 0x80012000 0x00000001
core   0: 0x800115a4 (0xff9ff06f) j       pc - 0x8
core   0: 3 0x800115a4 (0xff9ff06f)
core   0: 0x8001159c (0x00001f17) auipc   t5, 0x1
core   0: 3 0x8001159c (0x00001f17) x30 0x8001259c
core   0: 0x800115a0 (0xa63f2223) sw      gp, -1436(t5)
core   0: 3 0x800115a0 (0xa63f2223) mem 0x80012000 0x00000001
core   0: 0x800115a4 (0xff9ff06f) j       pc - 0x8
core   0: 3 0x800115a4 (0xff9ff06f)
core   0: 0x8001159c (0x00001f17) auipc   t5, 0x1
core   0: 3 0x8001159c (0x00001f17) x30 0x8001259c
core   0: 0x800115a0 (0xa63f2223) sw      gp, -1436(t5)
core   0: 3 0x800115a0 (0xa63f2223) mem 0x80012000 0x00000001
core   0: 0x800115a4 (0xff9ff06f) j       pc - 0x8
core   0: 3 0x800115a4 (0xff9ff06f)
core   0: 0x8001159c (0x00001f17) auipc   t5, 0x1
core   0: 3 0x8001159c (0x00001f17) x30 0x8001259c
core   0: 0x800115a0 (0xa63f2223) sw      gp, -1436(t5)
core   0: 3 0x800115a0 (0xa63f2223) mem 0x80012000 0x00000001
core   0: 0x800115a4 (0xff9ff06f) j       pc - 0x8
core   0: 3 0x800115a4 (0xff9ff06f)
core   0: 0x8001159c (0x00001f17) auipc   t5, 0x1
core   0: 3 0x8001159c (0x00001f17) x30 0x8001259c
core   0: 0x800115a0 (0xa63f2223) sw      gp, -1436(t5)
core   0: 3 0x800115a0 (0xa63f2223) mem 0x80012000 0x00000001
core   0: 0x800115a4 (0xff9ff06f) j       pc - 0x8
core   0: 3 0x800115a4 (0xff9ff06f)
core   0: 0x8001159c (0x00001f17) auipc   t5, 0x1
core   0: 3 0x8001159c (0x00001f17) x30 0x8001259c
core   0: 0x800115a0 (0xa63f2223) sw      gp, -1436(t5)
core   0: 3 0x800115a0 (0xa63f2223) mem 0x80012000 0x00000001
core   0: 0x800115a4 (0xff9ff06f) j       pc - 0x8
core   0: 3 0x800115a4 (0xff9ff06f)
core   0: 0x8001159c (0x00001f17) auipc   t5, 0x1
core   0: 3 0x8001159c (0x00001f17) x30 0x8001259c
core   0: 0x800115a0 (0xa63f2223) sw      gp, -1436(t5)
core   0: 3 0x800115a0 (0xa63f2223) mem 0x80012000 0x00000001
core   0: 0x800115a4 (0xff9ff06f) j       pc - 0x8
core   0: 3 0x800115a4 (0xff9ff06f)
core   0: 0x8001159c (0x00001f17) auipc   t5, 0x1
core   0: 3 0x8001159c (0x00001f17) x30 0x8001259c
core   0: 0x800115a0 (0xa63f2223) sw      gp, -1436(t5)
core   0: 3 0x800115a0 (0xa63f2223) mem 0x80012000 0x00000001
core   0: 0x800115a4 (0xff9ff06f) j       pc - 0x8
core   0: 3 0x800115a4 (0xff9ff06f)
core   0: 0x8001159c (0x00001f17) auipc   t5, 0x1
core   0: 3 0x8001159c (0x00001f17) x30 0x8001259c
core   0: 0x800115a0 (0xa63f2223) sw      gp, -1436(t5)
core   0: 3 0x800115a0 (0xa63f2223) mem 0x80012000 0x00000001
core   0: 0x800115a4 (0xff9ff06f) j       pc - 0x8
core   0: 3 0x800115a4 (0xff9ff06f)
core   0: 0x8001159c (0x00001f17) auipc   t5, 0x1
core   0: 3 0x8001159c (0x00001f17) x30 0x8001259c
core   0: 0x800115a0 (0xa63f2223) sw      gp, -1436(t5)
core   0: 3 0x800115a0 (0xa63f2223) mem 0x80012000 0x00000001
core   0: 0x800115a4 (0xff9ff06f) j       pc - 0x8
core   0: 3 0x800115a4 (0xff9ff06f)
core   0: 0x8001159c (0x00001f17) auipc   t5, 0x1
core   0: 3 0x8001159c (0x00001f17) x30 0x8001259c
core   0: 0x800115a0 (0xa63f2223) sw      gp, -1436(t5)
core   0: 3 0x800115a0 (0xa63f2223) mem 0x80012000 0x00000001
core   0: 0x800115a4 (0xff9ff06f) j       pc - 0x8
core   0: 3 0x800115a4 (0xff9ff06f)
core   0: 0x8001159c (0x00001f17) auipc   t5, 0x1
core   0: 3 0x8001159c (0x00001f17) x30 0x8001259c
core   0: 0x800115a0 (0xa63f2223) sw      gp, -1436(t5)
core   0: 3 0x800115a0 (0xa63f2223) mem 0x80012000 0x00000001
core   0: 0x800115a4 (0xff9ff06f) j       pc - 0x8
core   0: 3 0x800115a4 (0xff9ff06f)
core   0: 0x8001159c (0x00001f17) auipc   t5, 0x1
core   0: 3 0x8001159c (0x00001f17) x30 0x8001259c
core   0: 0x800115a0 (0xa63f2223) sw      gp, -1436(t5)
core   0: 3 0x800115a0 (0xa63f2223) mem 0x80012000 0x00000001
core   0: 0x800115a4 (0xff9ff06f) j       pc - 0x8
core   0: 3 0x800115a4 (0xff9ff06f)
core   0: 0x8001159c (0x00001f17) auipc   t5, 0x1
core   0: 3 0x8001159c (0x00001f17) x30 0x8001259c
core   0: 0x800115a0 (0xa63f2223) sw      gp, -1436(t5)
core   0: 3 0x800115a0 (0xa63f2223) mem 0x80012000 0x00000001
core   0: 0x800115a4 (0xff9ff06f) j       pc - 0x8
core   0: 3 0x800115a4 (0xff9ff06f)
core   0: 0x8001159c (0x00001f17) auipc   t5, 0x1
core   0: 3 0x8001159c (0x00001f17) x30 0x8001259c
core   0: 0x800115a0 (0xa63f2223) sw      gp, -1436(t5)
core   0: 3 0x800115a0 (0xa63f2223) mem 0x80012000 0x00000001
core   0: 0x800115a4 (0xff9ff06f) j       pc - 0x8
core   0: 3 0x800115a4 (0xff9ff06f)
core   0: 0x8001159c (0x00001f17) auipc   t5, 0x1
core   0: 3 0x8001159c (0x00001f17) x30 0x8001259c
core   0: 0x800115a0 (0xa63f2223) sw      gp, -1436(t5)
core   0: 3 0x800115a0 (0xa63f2223) mem 0x80012000 0x00000001
core   0: 0x800115a4 (0xff9ff06f) j       pc - 0x8
core   0: 3 0x800115a4 (0xff9ff06f)
core   0: 0x8001159c (0x00001f17) auipc   t5, 0x1
core   0: 3 0x8001159c (0x00001f17) x30 0x8001259c
core   0: 0x800115a0 (0xa63f2223) sw      gp, -1436(t5)
core   0: 3 0x800115a0 (0xa63f2223) mem 0x80012000 0x00000001
core   0: 0x800115a4 (0xff9ff06f) j       pc - 0x8
core   0: 3 0x800115a4 (0xff9ff06f)
core   0: 0x8001159c (0x00001f17) auipc   t5, 0x1
core   0: 3 0x8001159c (0x00001f17) x30 0x8001259c
core   0: 0x800115a0 (0xa63f2223) sw      gp, -1436(t5)
core   0: 3 0x800115a0 (0xa63f2223) mem 0x80012000 0x00000001
core   0: 0x800115a4 (0xff9ff06f) j       pc - 0x8
core   0: 3 0x800115a4 (0xff9ff06f)
core   0: 0x8001159c (0x00001f17) auipc   t5, 0x1
core   0: 3 0x8001159c (0x00001f17) x30 0x8001259c
core   0: 0x800115a0 (0xa63f2223) sw      gp, -1436(t5)
core   0: 3 0x800115a0 (0xa63f2223) mem 0x80012000 0x00000001
core   0: 0x800115a4 (0xff9ff06f) j       pc - 0x8
core   0: 3 0x800115a4 (0xff9ff06f)
core   0: 0x8001159c (0x00001f17) auipc   t5, 0x1
core   0: 3 0x8001159c (0x00001f17) x30 0x8001259c
core   0: 0x800115a0 (0xa63f2223) sw      gp, -1436(t5)
core   0: 3 0x800115a0 (0xa63f2223) mem 0x80012000 0x00000001
core   0: 0x800115a4 (0xff9ff06f) j       pc - 0x8
core   0: 3 0x800115a4 (0xff9ff06f)
core   0: 0x8001159c (0x00001f17) auipc   t5, 0x1
core   0: 3 0x8001159c (0x00001f17) x30 0x8001259c
core   0: 0x800115a0 (0xa63f2223) sw      gp, -1436(t5)
core   0: 3 0x800115a0 (0xa63f2223) mem 0x80012000 0x00000001
core   0: 0x800115a4 (0xff9ff06f) j       pc - 0x8
core   0: 3 0x800115a4 (0xff9ff06f)
core   0: 0x8001159c (0x00001f17) auipc   t5, 0x1
core   0: 3 0x8001159c (0x00001f17) x30 0x8001259c
core   0: 0x800115a0 (0xa63f2223) sw      gp, -1436(t5)
core   0: 3 0x800115a0 (0xa63f2223) mem 0x80012000 0x00000001
core   0: 0x800115a4 (0xff9ff06f) j       pc - 0x8
core   0: 3 0x800115a4 (0xff9ff06f)
core   0: 0x8001159c (0x00001f17) auipc   t5, 0x1
core   0: 3 0x8001159c (0x00001f17) x30 0x8001259c
core   0: 0x800115a0 (0xa63f2223) sw      gp, -1436(t5)
core   0: 3 0x800115a0 (0xa63f2223) mem 0x80012000 0x00000001
core   0: 0x800115a4 (0xff9ff06f) j       pc - 0x8
core   0: 3 0x800115a4 (0xff9ff06f)
core   0: 0x8001159c (0x00001f17) auipc   t5, 0x1
core   0: 3 0x8001159c (0x00001f17) x30 0x8001259c
core   0: 0x800115a0 (0xa63f2223) sw      gp, -1436(t5)
core   0: 3 0x800115a0 (0xa63f2223) mem 0x80012000 0x00000001
core   0: 0x800115a4 (0xff9ff06f) j       pc - 0x8
core   0: 3 0x800115a4 (0xff9ff06f)
core   0: 0x8001159c (0x00001f17) auipc   t5, 0x1
core   0: 3 0x8001159c (0x00001f17) x30 0x8001259c
core   0: 0x800115a0 (0xa63f2223) sw      gp, -1436(t5)
core   0: 3 0x800115a0 (0xa63f2223) mem 0x80012000 0x00000001
core   0: 0x800115a4 (0xff9ff06f) j       pc - 0x8
core   0: 3 0x800115a4 (0xff9ff06f)
core   0: 0x8001159c (0x00001f17) auipc   t5, 0x1
core   0: 3 0x8001159c (0x00001f17) x30 0x8001259c
core   0: 0x800115a0 (0xa63f2223) sw      gp, -1436(t5)
core   0: 3 0x800115a0 (0xa63f2223) mem 0x80012000 0x00000001
core   0: 0x800115a4 (0xff9ff06f) j       pc - 0x8
core   0: 3 0x800115a4 (0xff9ff06f)
core   0: 0x8001159c (0x00001f17) auipc   t5, 0x1
core   0: 3 0x8001159c (0x00001f17) x30 0x8001259c
core   0: 0x800115a0 (0xa63f2223) sw      gp, -1436(t5)
core   0: 3 0x800115a0 (0xa63f2223) mem 0x80012000 0x00000001
core   0: 0x800115a4 (0xff9ff06f) j       pc - 0x8
core   0: 3 0x800115a4 (0xff9ff06f)
core   0: 0x8001159c (0x00001f17) auipc   t5, 0x1
core   0: 3 0x8001159c (0x00001f17) x30 0x8001259c
core   0: 0x800115a0 (0xa63f2223) sw      gp, -1436(t5)
core   0: 3 0x800115a0 (0xa63f2223) mem 0x80012000 0x00000001
core   0: 0x800115a4 (0xff9ff06f) j       pc - 0x8
core   0: 3 0x800115a4 (0xff9ff06f)
core   0: 0x8001159c (0x00001f17) auipc   t5, 0x1
core   0: 3 0x8001159c (0x00001f17) x30 0x8001259c
core   0: 0x800115a0 (0xa63f2223) sw      gp, -1436(t5)
core   0: 3 0x800115a0 (0xa63f2223) mem 0x80012000 0x00000001
core   0: 0x800115a4 (0xff9ff06f) j       pc - 0x8
core   0: 3 0x800115a4 (0xff9ff06f)
core   0: 0x8001159c (0x00001f17) auipc   t5, 0x1
core   0: 3 0x8001159c (0x00001f17) x30 0x8001259c
core   0: 0x800115a0 (0xa63f2223) sw      gp, -1436(t5)
core   0: 3 0x800115a0 (0xa63f2223) mem 0x80012000 0x00000001
core   0: 0x800115a4 (0xff9ff06f) j       pc - 0x8
core   0: 3 0x800115a4 (0xff9ff06f)
core   0: 0x8001159c (0x00001f17) auipc   t5, 0x1
core   0: 3 0x8001159c (0x00001f17) x30 0x8001259c
core   0: 0x800115a0 (0xa63f2223) sw      gp, -1436(t5)
core   0: 3 0x800115a0 (0xa63f2223) mem 0x80012000 0x00000001
core   0: 0x800115a4 (0xff9ff06f) j       pc - 0x8
core   0: 3 0x800115a4 (0xff9ff06f)
core   0: 0x8001159c (0x00001f17) auipc   t5, 0x1
core   0: 3 0x8001159c (0x00001f17) x30 0x8001259c
core   0: 0x800115a0 (0xa63f2223) sw      gp, -1436(t5)
core   0: 3 0x800115a0 (0xa63f2223) mem 0x80012000 0x00000001
core   0: 0x800115a4 (0xff9ff06f) j       pc - 0x8
core   0: 3 0x800115a4 (0xff9ff06f)
core   0: 0x8001159c (0x00001f17) auipc   t5, 0x1
core   0: 3 0x8001159c (0x00001f17) x30 0x8001259c
core   0: 0x800115a0 (0xa63f2223) sw      gp, -1436(t5)
core   0: 3 0x800115a0 (0xa63f2223) mem 0x80012000 0x00000001
core   0: 0x800115a4 (0xff9ff06f) j       pc - 0x8
core   0: 3 0x800115a4 (0xff9ff06f)
core   0: 0x8001159c (0x00001f17) auipc   t5, 0x1
core   0: 3 0x8001159c (0x00001f17) x30 0x8001259c
core   0: 0x800115a0 (0xa63f2223) sw      gp, -1436(t5)
core   0: 3 0x800115a0 (0xa63f2223) mem 0x80012000 0x00000001
core   0: 0x800115a4 (0xff9ff06f) j       pc - 0x8
core   0: 3 0x800115a4 (0xff9ff06f)
core   0: 0x8001159c (0x00001f17) auipc   t5, 0x1
core   0: 3 0x8001159c (0x00001f17) x30 0x8001259c
core   0: 0x800115a0 (0xa63f2223) sw      gp, -1436(t5)
core   0: 3 0x800115a0 (0xa63f2223) mem 0x80012000 0x00000001
core   0: 0x800115a4 (0xff9ff06f) j       pc - 0x8
core   0: 3 0x800115a4 (0xff9ff06f)
core   0: 0x8001159c (0x00001f17) auipc   t5, 0x1
core   0: 3 0x8001159c (0x00001f17) x30 0x8001259c
core   0: 0x800115a0 (0xa63f2223) sw      gp, -1436(t5)
core   0: 3 0x800115a0 (0xa63f2223) mem 0x80012000 0x00000001
core   0: 0x800115a4 (0xff9ff06f) j       pc - 0x8
core   0: 3 0x800115a4 (0xff9ff06f)
core   0: 0x8001159c (0x00001f17) auipc   t5, 0x1
core   0: 3 0x8001159c (0x00001f17) x30 0x8001259c
core   0: 0x800115a0 (0xa63f2223) sw      gp, -1436(t5)
core   0: 3 0x800115a0 (0xa63f2223) mem 0x80012000 0x00000001
core   0: 0x800115a4 (0xff9ff06f) j       pc - 0x8
core   0: 3 0x800115a4 (0xff9ff06f)
core   0: 0x8001159c (0x00001f17) auipc   t5, 0x1
core   0: 3 0x8001159c (0x00001f17) x30 0x8001259c
core   0: 0x800115a0 (0xa63f2223) sw      gp, -1436(t5)
core   0: 3 0x800115a0 (0xa63f2223) mem 0x80012000 0x00000001
core   0: 0x800115a4 (0xff9ff06f) j       pc - 0x8
core   0: 3 0x800115a4 (0xff9ff06f)
core   0: 0x8001159c (0x00001f17) auipc   t5, 0x1
core   0: 3 0x8001159c (0x00001f17) x30 0x8001259c
core   0: 0x800115a0 (0xa63f2223) sw      gp, -1436(t5)
core   0: 3 0x800115a0 (0xa63f2223) mem 0x80012000 0x00000001
core   0: 0x800115a4 (0xff9ff06f) j       pc - 0x8
core   0: 3 0x800115a4 (0xff9ff06f)
core   0: 0x8001159c (0x00001f17) auipc   t5, 0x1
core   0: 3 0x8001159c (0x00001f17) x30 0x8001259c
core   0: 0x800115a0 (0xa63f2223) sw      gp, -1436(t5)
core   0: 3 0x800115a0 (0xa63f2223) mem 0x80012000 0x00000001
core   0: 0x800115a4 (0xff9ff06f) j       pc - 0x8
core   0: 3 0x800115a4 (0xff9ff06f)
core   0: 0x8001159c (0x00001f17) auipc   t5, 0x1
core   0: 3 0x8001159c (0x00001f17) x30 0x8001259c
core   0: 0x800115a0 (0xa63f2223) sw      gp, -1436(t5)
core   0: 3 0x800115a0 (0xa63f2223) mem 0x80012000 0x00000001
core   0: 0x800115a4 (0xff9ff06f) j       pc - 0x8
core   0: 3 0x800115a4 (0xff9ff06f)
core   0: 0x8001159c (0x00001f17) auipc   t5, 0x1
core   0: 3 0x8001159c (0x00001f17) x30 0x8001259c
core   0: 0x800115a0 (0xa63f2223) sw      gp, -1436(t5)
core   0: 3 0x800115a0 (0xa63f2223) mem 0x80012000 0x00000001
core   0: 0x800115a4 (0xff9ff06f) j       pc - 0x8
core   0: 3 0x800115a4 (0xff9ff06f)
core   0: 0x8001159c (0x00001f17) auipc   t5, 0x1
core   0: 3 0x8001159c (0x00001f17) x30 0x8001259c
core   0: 0x800115a0 (0xa63f2223) sw      gp, -1436(t5)
core   0: 3 0x800115a0 (0xa63f2223) mem 0x80012000 0x00000001
core   0: 0x800115a4 (0xff9ff06f) j       pc - 0x8
core   0: 3 0x800115a4 (0xff9ff06f)
core   0: 0x8001159c (0x00001f17) auipc   t5, 0x1
core   0: 3 0x8001159c (0x00001f17) x30 0x8001259c
core   0: 0x800115a0 (0xa63f2223) sw      gp, -1436(t5)
core   0: 3 0x800115a0 (0xa63f2223) mem 0x80012000 0x00000001
core   0: 0x800115a4 (0xff9ff06f) j       pc - 0x8
core   0: 3 0x800115a4 (0xff9ff06f)
core   0: 0x8001159c (0x00001f17) auipc   t5, 0x1
core   0: 3 0x8001159c (0x00001f17) x30 0x8001259c
core   0: 0x800115a0 (0xa63f2223) sw      gp, -1436(t5)
core   0: 3 0x800115a0 (0xa63f2223) mem 0x80012000 0x00000001
core   0: 0x800115a4 (0xff9ff06f) j       pc - 0x8
core   0: 3 0x800115a4 (0xff9ff06f)
core   0: 0x8001159c (0x00001f17) auipc   t5, 0x1
core   0: 3 0x8001159c (0x00001f17) x30 0x8001259c
core   0: 0x800115a0 (0xa63f2223) sw      gp, -1436(t5)
core   0: 3 0x800115a0 (0xa63f2223) mem 0x80012000 0x00000001
core   0: 0x800115a4 (0xff9ff06f) j       pc - 0x8
core   0: 3 0x800115a4 (0xff9ff06f)
core   0: 0x8001159c (0x00001f17) auipc   t5, 0x1
core   0: 3 0x8001159c (0x00001f17) x30 0x8001259c
core   0: 0x800115a0 (0xa63f2223) sw      gp, -1436(t5)
core   0: 3 0x800115a0 (0xa63f2223) mem 0x80012000 0x00000001
core   0: 0x800115a4 (0xff9ff06f) j       pc - 0x8
core   0: 3 0x800115a4 (0xff9ff06f)
core   0: 0x8001159c (0x00001f17) auipc   t5, 0x1
core   0: 3 0x8001159c (0x00001f17) x30 0x8001259c
core   0: 0x800115a0 (0xa63f2223) sw      gp, -1436(t5)
core   0: 3 0x800115a0 (0xa63f2223) mem 0x80012000 0x00000001
core   0: 0x800115a4 (0xff9ff06f) j       pc - 0x8
core   0: 3 0x800115a4 (0xff9ff06f)
core   0: 0x8001159c (0x00001f17) auipc   t5, 0x1
core   0: 3 0x8001159c (0x00001f17) x30 0x8001259c
core   0: 0x800115a0 (0xa63f2223) sw      gp, -1436(t5)
core   0: 3 0x800115a0 (0xa63f2223) mem 0x80012000 0x00000001
core   0: 0x800115a4 (0xff9ff06f) j       pc - 0x8
core   0: 3 0x800115a4 (0xff9ff06f)
core   0: 0x8001159c (0x00001f17) auipc   t5, 0x1
core   0: 3 0x8001159c (0x00001f17) x30 0x8001259c
core   0: 0x800115a0 (0xa63f2223) sw      gp, -1436(t5)
core   0: 3 0x800115a0 (0xa63f2223) mem 0x80012000 0x00000001
core   0: 0x800115a4 (0xff9ff06f) j       pc - 0x8
core   0: 3 0x800115a4 (0xff9ff06f)
core   0: 0x8001159c (0x00001f17) auipc   t5, 0x1
core   0: 3 0x8001159c (0x00001f17) x30 0x8001259c
core   0: 0x800115a0 (0xa63f2223) sw      gp, -1436(t5)
core   0: 3 0x800115a0 (0xa63f2223) mem 0x80012000 0x00000001
core   0: 0x800115a4 (0xff9ff06f) j       pc - 0x8
core   0: 3 0x800115a4 (0xff9ff06f)
core   0: 0x8001159c (0x00001f17) auipc   t5, 0x1
core   0: 3 0x8001159c (0x00001f17) x30 0x8001259c
core   0: 0x800115a0 (0xa63f2223) sw      gp, -1436(t5)
core   0: 3 0x800115a0 (0xa63f2223) mem 0x80012000 0x00000001
core   0: 0x800115a4 (0xff9ff06f) j       pc - 0x8
core   0: 3 0x800115a4 (0xff9ff06f)
core   0: 0x8001159c (0x00001f17) auipc   t5, 0x1
core   0: 3 0x8001159c (0x00001f17) x30 0x8001259c
core   0: 0x800115a0 (0xa63f2223) sw      gp, -1436(t5)
core   0: 3 0x800115a0 (0xa63f2223) mem 0x80012000 0x00000001
core   0: 0x800115a4 (0xff9ff06f) j       pc - 0x8
core   0: 3 0x800115a4 (0xff9ff06f)
core   0: 0x8001159c (0x00001f17) auipc   t5, 0x1
core   0: 3 0x8001159c (0x00001f17) x30 0x8001259c
core   0: 0x800115a0 (0xa63f2223) sw      gp, -1436(t5)
core   0: 3 0x800115a0 (0xa63f2223) mem 0x80012000 0x00000001
core   0: 0x800115a4 (0xff9ff06f) j       pc - 0x8
core   0: 3 0x800115a4 (0xff9ff06f)
core   0: 0x8001159c (0x00001f17) auipc   t5, 0x1
core   0: 3 0x8001159c (0x00001f17) x30 0x8001259c
core   0: 0x800115a0 (0xa63f2223) sw      gp, -1436(t5)
core   0: 3 0x800115a0 (0xa63f2223) mem 0x80012000 0x00000001
core   0: 0x800115a4 (0xff9ff06f) j       pc - 0x8
core   0: 3 0x800115a4 (0xff9ff06f)
core   0: 0x8001159c (0x00001f17) auipc   t5, 0x1
core   0: 3 0x8001159c (0x00001f17) x30 0x8001259c
core   0: 0x800115a0 (0xa63f2223) sw      gp, -1436(t5)
core   0: 3 0x800115a0 (0xa63f2223) mem 0x80012000 0x00000001
core   0: 0x800115a4 (0xff9ff06f) j       pc - 0x8
core   0: 3 0x800115a4 (0xff9ff06f)
core   0: 0x8001159c (0x00001f17) auipc   t5, 0x1
core   0: 3 0x8001159c (0x00001f17) x30 0x8001259c
core   0: 0x800115a0 (0xa63f2223) sw      gp, -1436(t5)
core   0: 3 0x800115a0 (0xa63f2223) mem 0x80012000 0x00000001
core   0: 0x800115a4 (0xff9ff06f) j       pc - 0x8
core   0: 3 0x800115a4 (0xff9ff06f)
core   0: 0x8001159c (0x00001f17) auipc   t5, 0x1
core   0: 3 0x8001159c (0x00001f17) x30 0x8001259c
core   0: 0x800115a0 (0xa63f2223) sw      gp, -1436(t5)
core   0: 3 0x800115a0 (0xa63f2223) mem 0x80012000 0x00000001
core   0: 0x800115a4 (0xff9ff06f) j       pc - 0x8
core   0: 3 0x800115a4 (0xff9ff06f)
core   0: 0x8001159c (0x00001f17) auipc   t5, 0x1
core   0: 3 0x8001159c (0x00001f17) x30 0x8001259c
core   0: 0x800115a0 (0xa63f2223) sw      gp, -1436(t5)
core   0: 3 0x800115a0 (0xa63f2223) mem 0x80012000 0x00000001
core   0: 0x800115a4 (0xff9ff06f) j       pc - 0x8
core   0: 3 0x800115a4 (0xff9ff06f)
core   0: 0x8001159c (0x00001f17) auipc   t5, 0x1
core   0: 3 0x8001159c (0x00001f17) x30 0x8001259c
core   0: 0x800115a0 (0xa63f2223) sw      gp, -1436(t5)
core   0: 3 0x800115a0 (0xa63f2223) mem 0x80012000 0x00000001
core   0: 0x800115a4 (0xff9ff06f) j       pc - 0x8
core   0: 3 0x800115a4 (0xff9ff06f)
core   0: 0x8001159c (0x00001f17) auipc   t5, 0x1
core   0: 3 0x8001159c (0x00001f17) x30 0x8001259c
core   0: 0x800115a0 (0xa63f2223) sw      gp, -1436(t5)
core   0: 3 0x800115a0 (0xa63f2223) mem 0x80012000 0x00000001
core   0: 0x800115a4 (0xff9ff06f) j       pc - 0x8
core   0: 3 0x800115a4 (0xff9ff06f)
core   0: 0x8001159c (0x00001f17) auipc   t5, 0x1
core   0: 3 0x8001159c (0x00001f17) x30 0x8001259c
core   0: 0x800115a0 (0xa63f2223) sw      gp, -1436(t5)
core   0: 3 0x800115a0 (0xa63f2223) mem 0x80012000 0x00000001
core   0: 0x800115a4 (0xff9ff06f) j       pc - 0x8
core   0: 3 0x800115a4 (0xff9ff06f)
core   0: 0x8001159c (0x00001f17) auipc   t5, 0x1
core   0: 3 0x8001159c (0x00001f17) x30 0x8001259c
core   0: 0x800115a0 (0xa63f2223) sw      gp, -1436(t5)
core   0: 3 0x800115a0 (0xa63f2223) mem 0x80012000 0x00000001
core   0: 0x800115a4 (0xff9ff06f) j       pc - 0x8
core   0: 3 0x800115a4 (0xff9ff06f)
core   0: 0x8001159c (0x00001f17) auipc   t5, 0x1
core   0: 3 0x8001159c (0x00001f17) x30 0x8001259c
core   0: 0x800115a0 (0xa63f2223) sw      gp, -1436(t5)
core   0: 3 0x800115a0 (0xa63f2223) mem 0x80012000 0x00000001
core   0: 0x800115a4 (0xff9ff06f) j       pc - 0x8
core   0: 3 0x800115a4 (0xff9ff06f)
core   0: 0x8001159c (0x00001f17) auipc   t5, 0x1
core   0: 3 0x8001159c (0x00001f17) x30 0x8001259c
core   0: 0x800115a0 (0xa63f2223) sw      gp, -1436(t5)
core   0: 3 0x800115a0 (0xa63f2223) mem 0x80012000 0x00000001
core   0: 0x800115a4 (0xff9ff06f) j       pc - 0x8
core   0: 3 0x800115a4 (0xff9ff06f)
core   0: 0x8001159c (0x00001f17) auipc   t5, 0x1
core   0: 3 0x8001159c (0x00001f17) x30 0x8001259c
core   0: 0x800115a0 (0xa63f2223) sw      gp, -1436(t5)
core   0: 3 0x800115a0 (0xa63f2223) mem 0x80012000 0x00000001
core   0: 0x800115a4 (0xff9ff06f) j       pc - 0x8
core   0: 3 0x800115a4 (0xff9ff06f)
core   0: 0x8001159c (0x00001f17) auipc   t5, 0x1
core   0: 3 0x8001159c (0x00001f17) x30 0x8001259c
core   0: 0x800115a0 (0xa63f2223) sw      gp, -1436(t5)
core   0: 3 0x800115a0 (0xa63f2223) mem 0x80012000 0x00000001
core   0: 0x800115a4 (0xff9ff06f) j       pc - 0x8
core   0: 3 0x800115a4 (0xff9ff06f)
core   0: 0x8001159c (0x00001f17) auipc   t5, 0x1
core   0: 3 0x8001159c (0x00001f17) x30 0x8001259c
core   0: 0x800115a0 (0xa63f2223) sw      gp, -1436(t5)
core   0: 3 0x800115a0 (0xa63f2223) mem 0x80012000 0x00000001
core   0: 0x800115a4 (0xff9ff06f) j       pc - 0x8
core   0: 3 0x800115a4 (0xff9ff06f)
core   0: 0x8001159c (0x00001f17) auipc   t5, 0x1
core   0: 3 0x8001159c (0x00001f17) x30 0x8001259c
core   0: 0x800115a0 (0xa63f2223) sw      gp, -1436(t5)
core   0: 3 0x800115a0 (0xa63f2223) mem 0x80012000 0x00000001
core   0: 0x800115a4 (0xff9ff06f) j       pc - 0x8
core   0: 3 0x800115a4 (0xff9ff06f)
core   0: 0x8001159c (0x00001f17) auipc   t5, 0x1
core   0: 3 0x8001159c (0x00001f17) x30 0x8001259c
core   0: 0x800115a0 (0xa63f2223) sw      gp, -1436(t5)
core   0: 3 0x800115a0 (0xa63f2223) mem 0x80012000 0x00000001
core   0: 0x800115a4 (0xff9ff06f) j       pc - 0x8
core   0: 3 0x800115a4 (0xff9ff06f)
core   0: 0x8001159c (0x00001f17) auipc   t5, 0x1
core   0: 3 0x8001159c (0x00001f17) x30 0x8001259c
core   0: 0x800115a0 (0xa63f2223) sw      gp, -1436(t5)
core   0: 3 0x800115a0 (0xa63f2223) mem 0x80012000 0x00000001
core   0: 0x800115a4 (0xff9ff06f) j       pc - 0x8
core   0: 3 0x800115a4 (0xff9ff06f)
core   0: 0x8001159c (0x00001f17) auipc   t5, 0x1
core   0: 3 0x8001159c (0x00001f17) x30 0x8001259c
core   0: 0x800115a0 (0xa63f2223) sw      gp, -1436(t5)
core   0: 3 0x800115a0 (0xa63f2223) mem 0x80012000 0x00000001
core   0: 0x800115a4 (0xff9ff06f) j       pc - 0x8
core   0: 3 0x800115a4 (0xff9ff06f)
core   0: 0x8001159c (0x00001f17) auipc   t5, 0x1
core   0: 3 0x8001159c (0x00001f17) x30 0x8001259c
core   0: 0x800115a0 (0xa63f2223) sw      gp, -1436(t5)
core   0: 3 0x800115a0 (0xa63f2223) mem 0x80012000 0x00000001
core   0: 0x800115a4 (0xff9ff06f) j       pc - 0x8
core   0: 3 0x800115a4 (0xff9ff06f)
core   0: 0x8001159c (0x00001f17) auipc   t5, 0x1
core   0: 3 0x8001159c (0x00001f17) x30 0x8001259c
core   0: 0x800115a0 (0xa63f2223) sw      gp, -1436(t5)
core   0: 3 0x800115a0 (0xa63f2223) mem 0x80012000 0x00000001
core   0: 0x800115a4 (0xff9ff06f) j       pc - 0x8
core   0: 3 0x800115a4 (0xff9ff06f)
core   0: 0x8001159c (0x00001f17) auipc   t5, 0x1
core   0: 3 0x8001159c (0x00001f17) x30 0x8001259c
core   0: 0x800115a0 (0xa63f2223) sw      gp, -1436(t5)
core   0: 3 0x800115a0 (0xa63f2223) mem 0x80012000 0x00000001
core   0: 0x800115a4 (0xff9ff06f) j       pc - 0x8
core   0: 3 0x800115a4 (0xff9ff06f)
core   0: 0x8001159c (0x00001f17) auipc   t5, 0x1
core   0: 3 0x8001159c (0x00001f17) x30 0x8001259c
core   0: 0x800115a0 (0xa63f2223) sw      gp, -1436(t5)
core   0: 3 0x800115a0 (0xa63f2223) mem 0x80012000 0x00000001
core   0: 0x800115a4 (0xff9ff06f) j       pc - 0x8
core   0: 3 0x800115a4 (0xff9ff06f)
core   0: 0x8001159c (0x00001f17) auipc   t5, 0x1
core   0: 3 0x8001159c (0x00001f17) x30 0x8001259c
core   0: 0x800115a0 (0xa63f2223) sw      gp, -1436(t5)
core   0: 3 0x800115a0 (0xa63f2223) mem 0x80012000 0x00000001
core   0: 0x800115a4 (0xff9ff06f) j       pc - 0x8
core   0: 3 0x800115a4 (0xff9ff06f)
core   0: 0x8001159c (0x00001f17) auipc   t5, 0x1
core   0: 3 0x8001159c (0x00001f17) x30 0x8001259c
core   0: 0x800115a0 (0xa63f2223) sw      gp, -1436(t5)
core   0: 3 0x800115a0 (0xa63f2223) mem 0x80012000 0x00000001
core   0: 0x800115a4 (0xff9ff06f) j       pc - 0x8
core   0: 3 0x800115a4 (0xff9ff06f)
core   0: 0x8001159c (0x00001f17) auipc   t5, 0x1
core   0: 3 0x8001159c (0x00001f17) x30 0x8001259c
core   0: 0x800115a0 (0xa63f2223) sw      gp, -1436(t5)
core   0: 3 0x800115a0 (0xa63f2223) mem 0x80012000 0x00000001
core   0: 0x800115a4 (0xff9ff06f) j       pc - 0x8
core   0: 3 0x800115a4 (0xff9ff06f)
core   0: 0x8001159c (0x00001f17) auipc   t5, 0x1
core   0: 3 0x8001159c (0x00001f17) x30 0x8001259c
core   0: 0x800115a0 (0xa63f2223) sw      gp, -1436(t5)
core   0: 3 0x800115a0 (0xa63f2223) mem 0x80012000 0x00000001
core   0: 0x800115a4 (0xff9ff06f) j       pc - 0x8
core   0: 3 0x800115a4 (0xff9ff06f)
core   0: 0x8001159c (0x00001f17) auipc   t5, 0x1
core   0: 3 0x8001159c (0x00001f17) x30 0x8001259c
core   0: 0x800115a0 (0xa63f2223) sw      gp, -1436(t5)
core   0: 3 0x800115a0 (0xa63f2223) mem 0x80012000 0x00000001
core   0: 0x800115a4 (0xff9ff06f) j       pc - 0x8
core   0: 3 0x800115a4 (0xff9ff06f)
core   0: 0x8001159c (0x00001f17) auipc   t5, 0x1
core   0: 3 0x8001159c (0x00001f17) x30 0x8001259c
core   0: 0x800115a0 (0xa63f2223) sw      gp, -1436(t5)
core   0: 3 0x800115a0 (0xa63f2223) mem 0x80012000 0x00000001
core   0: 0x800115a4 (0xff9ff06f) j       pc - 0x8
core   0: 3 0x800115a4 (0xff9ff06f)
core   0: 0x8001159c (0x00001f17) auipc   t5, 0x1
core   0: 3 0x8001159c (0x00001f17) x30 0x8001259c
core   0: 0x800115a0 (0xa63f2223) sw      gp, -1436(t5)
core   0: 3 0x800115a0 (0xa63f2223) mem 0x80012000 0x00000001
core   0: 0x800115a4 (0xff9ff06f) j       pc - 0x8
core   0: 3 0x800115a4 (0xff9ff06f)
core   0: 0x8001159c (0x00001f17) auipc   t5, 0x1
core   0: 3 0x8001159c (0x00001f17) x30 0x8001259c
core   0: 0x800115a0 (0xa63f2223) sw      gp, -1436(t5)
core   0: 3 0x800115a0 (0xa63f2223) mem 0x80012000 0x00000001
core   0: 0x800115a4 (0xff9ff06f) j       pc - 0x8
core   0: 3 0x800115a4 (0xff9ff06f)
core   0: 0x8001159c (0x00001f17) auipc   t5, 0x1
core   0: 3 0x8001159c (0x00001f17) x30 0x8001259c
core   0: 0x800115a0 (0xa63f2223) sw      gp, -1436(t5)
core   0: 3 0x800115a0 (0xa63f2223) mem 0x80012000 0x00000001
core   0: 0x800115a4 (0xff9ff06f) j       pc - 0x8
core   0: 3 0x800115a4 (0xff9ff06f)
core   0: 0x8001159c (0x00001f17) auipc   t5, 0x1
core   0: 3 0x8001159c (0x00001f17) x30 0x8001259c
core   0: 0x800115a0 (0xa63f2223) sw      gp, -1436(t5)
core   0: 3 0x800115a0 (0xa63f2223) mem 0x80012000 0x00000001
core   0: 0x800115a4 (0xff9ff06f) j       pc - 0x8
core   0: 3 0x800115a4 (0xff9ff06f)
core   0: 0x8001159c (0x00001f17) auipc   t5, 0x1
core   0: 3 0x8001159c (0x00001f17) x30 0x8001259c
core   0: 0x800115a0 (0xa63f2223) sw      gp, -1436(t5)
core   0: 3 0x800115a0 (0xa63f2223) mem 0x80012000 0x00000001
core   0: 0x800115a4 (0xff9ff06f) j       pc - 0x8
core   0: 3 0x800115a4 (0xff9ff06f)
core   0: 0x8001159c (0x00001f17) auipc   t5, 0x1
core   0: 3 0x8001159c (0x00001f17) x30 0x8001259c
core   0: 0x800115a0 (0xa63f2223) sw      gp, -1436(t5)
core   0: 3 0x800115a0 (0xa63f2223) mem 0x80012000 0x00000001
core   0: 0x800115a4 (0xff9ff06f) j       pc - 0x8
core   0: 3 0x800115a4 (0xff9ff06f)
core   0: 0x8001159c (0x00001f17) auipc   t5, 0x1
core   0: 3 0x8001159c (0x00001f17) x30 0x8001259c
core   0: 0x800115a0 (0xa63f2223) sw      gp, -1436(t5)
core   0: 3 0x800115a0 (0xa63f2223) mem 0x80012000 0x00000001
core   0: 0x800115a4 (0xff9ff06f) j       pc - 0x8
core   0: 3 0x800115a4 (0xff9ff06f)
core   0: 0x8001159c (0x00001f17) auipc   t5, 0x1
core   0: 3 0x8001159c (0x00001f17) x30 0x8001259c
core   0: 0x800115a0 (0xa63f2223) sw      gp, -1436(t5)
core   0: 3 0x800115a0 (0xa63f2223) mem 0x80012000 0x00000001
core   0: 0x800115a4 (0xff9ff06f) j       pc - 0x8
core   0: 3 0x800115a4 (0xff9ff06f)
core   0: 0x8001159c (0x00001f17) auipc   t5, 0x1
core   0: 3 0x8001159c (0x00001f17) x30 0x8001259c
core   0: 0x800115a0 (0xa63f2223) sw      gp, -1436(t5)
core   0: 3 0x800115a0 (0xa63f2223) mem 0x80012000 0x00000001
core   0: 0x800115a4 (0xff9ff06f) j       pc - 0x8
core   0: 3 0x800115a4 (0xff9ff06f)
core   0: 0x8001159c (0x00001f17) auipc   t5, 0x1
core   0: 3 0x8001159c (0x00001f17) x30 0x8001259c
core   0: 0x800115a0 (0xa63f2223) sw      gp, -1436(t5)
core   0: 3 0x800115a0 (0xa63f2223) mem 0x80012000 0x00000001
core   0: 0x800115a4 (0xff9ff06f) j       pc - 0x8
core   0: 3 0x800115a4 (0xff9ff06f)
core   0: 0x8001159c (0x00001f17) auipc   t5, 0x1
core   0: 3 0x8001159c (0x00001f17) x30 0x8001259c
core   0: 0x800115a0 (0xa63f2223) sw      gp, -1436(t5)
core   0: 3 0x800115a0 (0xa63f2223) mem 0x80012000 0x00000001
core   0: 0x800115a4 (0xff9ff06f) j       pc - 0x8
core   0: 3 0x800115a4 (0xff9ff06f)
core   0: 0x8001159c (0x00001f17) auipc   t5, 0x1
core   0: 3 0x8001159c (0x00001f17) x30 0x8001259c
core   0: 0x800115a0 (0xa63f2223) sw      gp, -1436(t5)
core   0: 3 0x800115a0 (0xa63f2223) mem 0x80012000 0x00000001
core   0: 0x800115a4 (0xff9ff06f) j       pc - 0x8
core   0: 3 0x800115a4 (0xff9ff06f)
core   0: 0x8001159c (0x00001f17) auipc   t5, 0x1
core   0: 3 0x8001159c (0x00001f17) x30 0x8001259c
core   0: 0x800115a0 (0xa63f2223) sw      gp, -1436(t5)
core   0: 3 0x800115a0 (0xa63f2223) mem 0x80012000 0x00000001
core   0: 0x800115a4 (0xff9ff06f) j       pc - 0x8
core   0: 3 0x800115a4 (0xff9ff06f)
core   0: 0x8001159c (0x00001f17) auipc   t5, 0x1
core   0: 3 0x8001159c (0x00001f17) x30 0x8001259c
core   0: 0x800115a0 (0xa63f2223) sw      gp, -1436(t5)
core   0: 3 0x800115a0 (0xa63f2223) mem 0x80012000 0x00000001
core   0: 0x800115a4 (0xff9ff06f) j       pc - 0x8
core   0: 3 0x800115a4 (0xff9ff06f)
core   0: 0x8001159c (0x00001f17) auipc   t5, 0x1
core   0: 3 0x8001159c (0x00001f17) x30 0x8001259c
core   0: 0x800115a0 (0xa63f2223) sw      gp, -1436(t5)
core   0: 3 0x800115a0 (0xa63f2223) mem 0x80012000 0x00000001
core   0: 0x800115a4 (0xff9ff06f) j       pc - 0x8
core   0: 3 0x800115a4 (0xff9ff06f)
core   0: 0x8001159c (0x00001f17) auipc   t5, 0x1
core   0: 3 0x8001159c (0x00001f17) x30 0x8001259c
core   0: 0x800115a0 (0xa63f2223) sw      gp, -1436(t5)
core   0: 3 0x800115a0 (0xa63f2223) mem 0x80012000 0x00000001
core   0: 0x800115a4 (0xff9ff06f) j       pc - 0x8
core   0: 3 0x800115a4 (0xff9ff06f)
core   0: 0x8001159c (0x00001f17) auipc   t5, 0x1
core   0: 3 0x8001159c (0x00001f17) x30 0x8001259c
core   0: 0x800115a0 (0xa63f2223) sw      gp, -1436(t5)
core   0: 3 0x800115a0 (0xa63f2223) mem 0x80012000 0x00000001
core   0: 0x800115a4 (0xff9ff06f) j       pc - 0x8
core   0: 3 0x800115a4 (0xff9ff06f)
core   0: 0x8001159c (0x00001f17) auipc   t5, 0x1
core   0: 3 0x8001159c (0x00001f17) x30 0x8001259c
core   0: 0x800115a0 (0xa63f2223) sw      gp, -1436(t5)
core   0: 3 0x800115a0 (0xa63f2223) mem 0x80012000 0x00000001
core   0: 0x800115a4 (0xff9ff06f) j       pc - 0x8
core   0: 3 0x800115a4 (0xff9ff06f)
core   0: 0x8001159c (0x00001f17) auipc   t5, 0x1
core   0: 3 0x8001159c (0x00001f17) x30 0x8001259c
core   0: 0x800115a0 (0xa63f2223) sw      gp, -1436(t5)
core   0: 3 0x800115a0 (0xa63f2223) mem 0x80012000 0x00000001
core   0: 0x800115a4 (0xff9ff06f) j       pc - 0x8
core   0: 3 0x800115a4 (0xff9ff06f)
core   0: 0x8001159c (0x00001f17) auipc   t5, 0x1
core   0: 3 0x8001159c (0x00001f17) x30 0x8001259c
core   0: 0x800115a0 (0xa63f2223) sw      gp, -1436(t5)
core   0: 3 0x800115a0 (0xa63f2223) mem 0x80012000 0x00000001
core   0: 0x800115a4 (0xff9ff06f) j       pc - 0x8
core   0: 3 0x800115a4 (0xff9ff06f)
core   0: 0x8001159c (0x00001f17) auipc   t5, 0x1
core   0: 3 0x8001159c (0x00001f17) x30 0x8001259c
core   0: 0x800115a0 (0xa63f2223) sw      gp, -1436(t5)
core   0: 3 0x800115a0 (0xa63f2223) mem 0x80012000 0x00000001
core   0: 0x800115a4 (0xff9ff06f) j       pc - 0x8
core   0: 3 0x800115a4 (0xff9ff06f)
core   0: 0x8001159c (0x00001f17) auipc   t5, 0x1
core   0: 3 0x8001159c (0x00001f17) x30 0x8001259c
core   0: 0x800115a0 (0xa63f2223) sw      gp, -1436(t5)
core   0: 3 0x800115a0 (0xa63f2223) mem 0x80012000 0x00000001
core   0: 0x800115a4 (0xff9ff06f) j       pc - 0x8
core   0: 3 0x800115a4 (0xff9ff06f)
core   0: 0x8001159c (0x00001f17) auipc   t5, 0x1
core   0: 3 0x8001159c (0x00001f17) x30 0x8001259c
core   0: 0x800115a0 (0xa63f2223) sw      gp, -1436(t5)
core   0: 3 0x800115a0 (0xa63f2223) mem 0x80012000 0x00000001
core   0: 0x800115a4 (0xff9ff06f) j       pc - 0x8
core   0: 3 0x800115a4 (0xff9ff06f)
core   0: 0x8001159c (0x00001f17) auipc   t5, 0x1
core   0: 3 0x8001159c (0x00001f17) x30 0x8001259c
core   0: 0x800115a0 (0xa63f2223) sw      gp, -1436(t5)
core   0: 3 0x800115a0 (0xa63f2223) mem 0x80012000 0x00000001
core   0: 0x800115a4 (0xff9ff06f) j       pc - 0x8
core   0: 3 0x800115a4 (0xff9ff06f)
core   0: 0x8001159c (0x00001f17) auipc   t5, 0x1
core   0: 3 0x8001159c (0x00001f17) x30 0x8001259c
core   0: 0x800115a0 (0xa63f2223) sw      gp, -1436(t5)
core   0: 3 0x800115a0 (0xa63f2223) mem 0x80012000 0x00000001
core   0: 0x800115a4 (0xff9ff06f) j       pc - 0x8
core   0: 3 0x800115a4 (0xff9ff06f)
core   0: 0x8001159c (0x00001f17) auipc   t5, 0x1
core   0: 3 0x8001159c (0x00001f17) x30 0x8001259c
core   0: 0x800115a0 (0xa63f2223) sw      gp, -1436(t5)
core   0: 3 0x800115a0 (0xa63f2223) mem 0x80012000 0x00000001
core   0: 0x800115a4 (0xff9ff06f) j       pc - 0x8
core   0: 3 0x800115a4 (0xff9ff06f)
core   0: 0x8001159c (0x00001f17) auipc   t5, 0x1
core   0: 3 0x8001159c (0x00001f17) x30 0x8001259c
core   0: 0x800115a0 (0xa63f2223) sw      gp, -1436(t5)
core   0: 3 0x800115a0 (0xa63f2223) mem 0x80012000 0x00000001
core   0: 0x800115a4 (0xff9ff06f) j       pc - 0x8
core   0: 3 0x800115a4 (0xff9ff06f)
core   0: 0x8001159c (0x00001f17) auipc   t5, 0x1
core   0: 3 0x8001159c (0x00001f17) x30 0x8001259c
core   0: 0x800115a0 (0xa63f2223) sw      gp, -1436(t5)
core   0: 3 0x800115a0 (0xa63f2223) mem 0x80012000 0x00000001
core   0: 0x800115a4 (0xff9ff06f) j       pc - 0x8
core   0: 3 0x800115a4 (0xff9ff06f)
core   0: 0x8001159c (0x00001f17) auipc   t5, 0x1
core   0: 3 0x8001159c (0x00001f17) x30 0x8001259c
core   0: 0x800115a0 (0xa63f2223) sw      gp, -1436(t5)
core   0: 3 0x800115a0 (0xa63f2223) mem 0x80012000 0x00000001
core   0: 0x800115a4 (0xff9ff06f) j       pc - 0x8
core   0: 3 0x800115a4 (0xff9ff06f)
core   0: 0x8001159c (0x00001f17) auipc   t5, 0x1
core   0: 3 0x8001159c (0x00001f17) x30 0x8001259c
core   0: 0x800115a0 (0xa63f2223) sw      gp, -1436(t5)
core   0: 3 0x800115a0 (0xa63f2223) mem 0x80012000 0x00000001
core   0: 0x800115a4 (0xff9ff06f) j       pc - 0x8
core   0: 3 0x800115a4 (0xff9ff06f)
core   0: 0x8001159c (0x00001f17) auipc   t5, 0x1
core   0: 3 0x8001159c (0x00001f17) x30 0x8001259c
core   0: 0x800115a0 (0xa63f2223) sw      gp, -1436(t5)
core   0: 3 0x800115a0 (0xa63f2223) mem 0x80012000 0x00000001
core   0: 0x800115a4 (0xff9ff06f) j       pc - 0x8
core   0: 3 0x800115a4 (0xff9ff06f)
core   0: 0x8001159c (0x00001f17) auipc   t5, 0x1
core   0: 3 0x8001159c (0x00001f17) x30 0x8001259c
core   0: 0x800115a0 (0xa63f2223) sw      gp, -1436(t5)
core   0: 3 0x800115a0 (0xa63f2223) mem 0x80012000 0x00000001
core   0: 0x800115a4 (0xff9ff06f) j       pc - 0x8
core   0: 3 0x800115a4 (0xff9ff06f)
core   0: 0x8001159c (0x00001f17) auipc   t5, 0x1
core   0: 3 0x8001159c (0x00001f17) x30 0x8001259c
core   0: 0x800115a0 (0xa63f2223) sw      gp, -1436(t5)
core   0: 3 0x800115a0 (0xa63f2223) mem 0x80012000 0x00000001
core   0: 0x800115a4 (0xff9ff06f) j       pc - 0x8
core   0: 3 0x800115a4 (0xff9ff06f)
core   0: 0x8001159c (0x00001f17) auipc   t5, 0x1
core   0: 3 0x8001159c (0x00001f17) x30 0x8001259c
core   0: 0x800115a0 (0xa63f2223) sw      gp, -1436(t5)
core   0: 3 0x800115a0 (0xa63f2223) mem 0x80012000 0x00000001
core   0: 0x800115a4 (0xff9ff06f) j       pc - 0x8
core   0: 3 0x800115a4 (0xff9ff06f)
core   0: 0x8001159c (0x00001f17) auipc   t5, 0x1
core   0: 3 0x8001159c (0x00001f17) x30 0x8001259c
core   0: 0x800115a0 (0xa63f2223) sw      gp, -1436(t5)
core   0: 3 0x800115a0 (0xa63f2223) mem 0x80012000 0x00000001
core   0: 0x800115a4 (0xff9ff06f) j       pc - 0x8
core   0: 3 0x800115a4 (0xff9ff06f)
core   0: 0x8001159c (0x00001f17) auipc   t5, 0x1
core   0: 3 0x8001159c (0x00001f17) x30 0x8001259c
core   0: 0x800115a0 (0xa63f2223) sw      gp, -1436(t5)
core   0: 3 0x800115a0 (0xa63f2223) mem 0x80012000 0x00000001
core   0: 0x800115a4 (0xff9ff06f) j       pc - 0x8
core   0: 3 0x800115a4 (0xff9ff06f)
core   0: 0x8001159c (0x00001f17) auipc   t5, 0x1
core   0: 3 0x8001159c (0x00001f17) x30 0x8001259c
core   0: 0x800115a0 (0xa63f2223) sw      gp, -1436(t5)
core   0: 3 0x800115a0 (0xa63f2223) mem 0x80012000 0x00000001
core   0: 0x800115a4 (0xff9ff06f) j       pc - 0x8
core   0: 3 0x800115a4 (0xff9ff06f)
core   0: 0x8001159c (0x00001f17) auipc   t5, 0x1
core   0: 3 0x8001159c (0x00001f17) x30 0x8001259c
core   0: 0x800115a0 (0xa63f2223) sw      gp, -1436(t5)
core   0: 3 0x800115a0 (0xa63f2223) mem 0x80012000 0x00000001
core   0: 0x800115a4 (0xff9ff06f) j       pc - 0x8
core   0: 3 0x800115a4 (0xff9ff06f)
core   0: 0x8001159c (0x00001f17) auipc   t5, 0x1
core   0: 3 0x8001159c (0x00001f17) x30 0x8001259c
core   0: 0x800115a0 (0xa63f2223) sw      gp, -1436(t5)
core   0: 3 0x800115a0 (0xa63f2223) mem 0x80012000 0x00000001
core   0: 0x800115a4 (0xff9ff06f) j       pc - 0x8
core   0: 3 0x800115a4 (0xff9ff06f)
core   0: 0x8001159c (0x00001f17) auipc   t5, 0x1
core   0: 3 0x8001159c (0x00001f17) x30 0x8001259c
core   0: 0x800115a0 (0xa63f2223) sw      gp, -1436(t5)
core   0: 3 0x800115a0 (0xa63f2223) mem 0x80012000 0x00000001
core   0: 0x800115a4 (0xff9ff06f) j       pc - 0x8
core   0: 3 0x800115a4 (0xff9ff06f)
core   0: 0x8001159c (0x00001f17) auipc   t5, 0x1
core   0: 3 0x8001159c (0x00001f17) x30 0x8001259c
core   0: 0x800115a0 (0xa63f2223) sw      gp, -1436(t5)
core   0: 3 0x800115a0 (0xa63f2223) mem 0x80012000 0x00000001
core   0: 0x800115a4 (0xff9ff06f) j       pc - 0x8
core   0: 3 0x800115a4 (0xff9ff06f)
core   0: 0x8001159c (0x00001f17) auipc   t5, 0x1
core   0: 3 0x8001159c (0x00001f17) x30 0x8001259c
core   0: 0x800115a0 (0xa63f2223) sw      gp, -1436(t5)
core   0: 3 0x800115a0 (0xa63f2223) mem 0x80012000 0x00000001
core   0: 0x800115a4 (0xff9ff06f) j       pc - 0x8
core   0: 3 0x800115a4 (0xff9ff06f)
core   0: 0x8001159c (0x00001f17) auipc   t5, 0x1
core   0: 3 0x8001159c (0x00001f17) x30 0x8001259c
core   0: 0x800115a0 (0xa63f2223) sw      gp, -1436(t5)
core   0: 3 0x800115a0 (0xa63f2223) mem 0x80012000 0x00000001
core   0: 0x800115a4 (0xff9ff06f) j       pc - 0x8
core   0: 3 0x800115a4 (0xff9ff06f)
core   0: 0x8001159c (0x00001f17) auipc   t5, 0x1
core   0: 3 0x8001159c (0x00001f17) x30 0x8001259c
core   0: 0x800115a0 (0xa63f2223) sw      gp, -1436(t5)
core   0: 3 0x800115a0 (0xa63f2223) mem 0x80012000 0x00000001
core   0: 0x800115a4 (0xff9ff06f) j       pc - 0x8
core   0: 3 0x800115a4 (0xff9ff06f)
core   0: 0x8001159c (0x00001f17) auipc   t5, 0x1
core   0: 3 0x8001159c (0x00001f17) x30 0x8001259c
core   0: 0x800115a0 (0xa63f2223) sw      gp, -1436(t5)
core   0: 3 0x800115a0 (0xa63f2223) mem 0x80012000 0x00000001
core   0: 0x800115a4 (0xff9ff06f) j       pc - 0x8
core   0: 3 0x800115a4 (0xff9ff06f)
core   0: 0x8001159c (0x00001f17) auipc   t5, 0x1
core   0: 3 0x8001159c (0x00001f17) x30 0x8001259c
core   0: 0x800115a0 (0xa63f2223) sw      gp, -1436(t5)
core   0: 3 0x800115a0 (0xa63f2223) mem 0x80012000 0x00000001
core   0: 0x800115a4 (0xff9ff06f) j       pc - 0x8
core   0: 3 0x800115a4 (0xff9ff06f)
core   0: 0x8001159c (0x00001f17) auipc   t5, 0x1
core   0: 3 0x8001159c (0x00001f17) x30 0x8001259c
core   0: 0x800115a0 (0xa63f2223) sw      gp, -1436(t5)
core   0: 3 0x800115a0 (0xa63f2223) mem 0x80012000 0x00000001
core   0: 0x800115a4 (0xff9ff06f) j       pc - 0x8
core   0: 3 0x800115a4 (0xff9ff06f)
core   0: 0x8001159c (0x00001f17) auipc   t5, 0x1
core   0: 3 0x8001159c (0x00001f17) x30 0x8001259c
core   0: 0x800115a0 (0xa63f2223) sw      gp, -1436(t5)
core   0: 3 0x800115a0 (0xa63f2223) mem 0x80012000 0x00000001
core   0: 0x800115a4 (0xff9ff06f) j       pc - 0x8
core   0: 3 0x800115a4 (0xff9ff06f)
core   0: 0x8001159c (0x00001f17) auipc   t5, 0x1
core   0: 3 0x8001159c (0x00001f17) x30 0x8001259c
core   0: 0x800115a0 (0xa63f2223) sw      gp, -1436(t5)
core   0: 3 0x800115a0 (0xa63f2223) mem 0x80012000 0x00000001
core   0: 0x800115a4 (0xff9ff06f) j       pc - 0x8
core   0: 3 0x800115a4 (0xff9ff06f)
core   0: 0x8001159c (0x00001f17) auipc   t5, 0x1
core   0: 3 0x8001159c (0x00001f17) x30 0x8001259c
core   0: 0x800115a0 (0xa63f2223) sw      gp, -1436(t5)
core   0: 3 0x800115a0 (0xa63f2223) mem 0x80012000 0x00000001
core   0: 0x800115a4 (0xff9ff06f) j       pc - 0x8
core   0: 3 0x800115a4 (0xff9ff06f)
core   0: 0x8001159c (0x00001f17) auipc   t5, 0x1
core   0: 3 0x8001159c (0x00001f17) x30 0x8001259c
core   0: 0x800115a0 (0xa63f2223) sw      gp, -1436(t5)
core   0: 3 0x800115a0 (0xa63f2223) mem 0x80012000 0x00000001
core   0: 0x800115a4 (0xff9ff06f) j       pc - 0x8
core   0: 3 0x800115a4 (0xff9ff06f)
core   0: 0x8001159c (0x00001f17) auipc   t5, 0x1
core   0: 3 0x8001159c (0x00001f17) x30 0x8001259c
core   0: 0x800115a0 (0xa63f2223) sw      gp, -1436(t5)
core   0: 3 0x800115a0 (0xa63f2223) mem 0x80012000 0x00000001
core   0: 0x800115a4 (0xff9ff06f) j       pc - 0x8
core   0: 3 0x800115a4 (0xff9ff06f)
core   0: 0x8001159c (0x00001f17) auipc   t5, 0x1
core   0: 3 0x8001159c (0x00001f17) x30 0x8001259c
core   0: 0x800115a0 (0xa63f2223) sw      gp, -1436(t5)
core   0: 3 0x800115a0 (0xa63f2223) mem 0x80012000 0x00000001
core   0: 0x800115a4 (0xff9ff06f) j       pc - 0x8
core   0: 3 0x800115a4 (0xff9ff06f)
core   0: 0x8001159c (0x00001f17) auipc   t5, 0x1
core   0: 3 0x8001159c (0x00001f17) x30 0x8001259c
core   0: 0x800115a0 (0xa63f2223) sw      gp, -1436(t5)
core   0: 3 0x800115a0 (0xa63f2223) mem 0x80012000 0x00000001
core   0: 0x800115a4 (0xff9ff06f) j       pc - 0x8
core   0: 3 0x800115a4 (0xff9ff06f)
core   0: 0x8001159c (0x00001f17) auipc   t5, 0x1
core   0: 3 0x8001159c (0x00001f17) x30 0x8001259c
core   0: 0x800115a0 (0xa63f2223) sw      gp, -1436(t5)
core   0: 3 0x800115a0 (0xa63f2223) mem 0x80012000 0x00000001
core   0: 0x800115a4 (0xff9ff06f) j       pc - 0x8
core   0: 3 0x800115a4 (0xff9ff06f)
core   0: 0x8001159c (0x00001f17) auipc   t5, 0x1
core   0: 3 0x8001159c (0x00001f17) x30 0x8001259c
core   0: 0x800115a0 (0xa63f2223) sw      gp, -1436(t5)
core   0: 3 0x800115a0 (0xa63f2223) mem 0x80012000 0x00000001
core   0: 0x800115a4 (0xff9ff06f) j       pc - 0x8
core   0: 3 0x800115a4 (0xff9ff06f)
core   0: 0x8001159c (0x00001f17) auipc   t5, 0x1
core   0: 3 0x8001159c (0x00001f17) x30 0x8001259c
core   0: 0x800115a0 (0xa63f2223) sw      gp, -1436(t5)
core   0: 3 0x800115a0 (0xa63f2223) mem 0x80012000 0x00000001
core   0: 0x800115a4 (0xff9ff06f) j       pc - 0x8
core   0: 3 0x800115a4 (0xff9ff06f)
core   0: 0x8001159c (0x00001f17) auipc   t5, 0x1
core   0: 3 0x8001159c (0x00001f17) x30 0x8001259c
core   0: 0x800115a0 (0xa63f2223) sw      gp, -1436(t5)
core   0: 3 0x800115a0 (0xa63f2223) mem 0x80012000 0x00000001
core   0: 0x800115a4 (0xff9ff06f) j       pc - 0x8
core   0: 3 0x800115a4 (0xff9ff06f)
core   0: 0x8001159c (0x00001f17) auipc   t5, 0x1
core   0: 3 0x8001159c (0x00001f17) x30 0x8001259c
core   0: 0x800115a0 (0xa63f2223) sw      gp, -1436(t5)
core   0: 3 0x800115a0 (0xa63f2223) mem 0x80012000 0x00000001
core   0: 0x800115a4 (0xff9ff06f) j       pc - 0x8
core   0: 3 0x800115a4 (0xff9ff06f)
core   0: 0x8001159c (0x00001f17) auipc   t5, 0x1
core   0: 3 0x8001159c (0x00001f17) x30 0x8001259c
core   0: 0x800115a0 (0xa63f2223) sw      gp, -1436(t5)
core   0: 3 0x800115a0 (0xa63f2223) mem 0x80012000 0x00000001
core   0: 0x800115a4 (0xff9ff06f) j       pc - 0x8
core   0: 3 0x800115a4 (0xff9ff06f)
core   0: 0x8001159c (0x00001f17) auipc   t5, 0x1
core   0: 3 0x8001159c (0x00001f17) x30 0x8001259c
core   0: 0x800115a0 (0xa63f2223) sw      gp, -1436(t5)
core   0: 3 0x800115a0 (0xa63f2223) mem 0x80012000 0x00000001
core   0: 0x800115a4 (0xff9ff06f) j       pc - 0x8
core   0: 3 0x800115a4 (0xff9ff06f)
core   0: 0x8001159c (0x00001f17) auipc   t5, 0x1
core   0: 3 0x8001159c (0x00001f17) x30 0x8001259c
core   0: 0x800115a0 (0xa63f2223) sw      gp, -1436(t5)
core   0: 3 0x800115a0 (0xa63f2223) mem 0x80012000 0x00000001
core   0: 0x800115a4 (0xff9ff06f) j       pc - 0x8
core   0: 3 0x800115a4 (0xff9ff06f)
core   0: 0x8001159c (0x00001f17) auipc   t5, 0x1
core   0: 3 0x8001159c (0x00001f17) x30 0x8001259c
core   0: 0x800115a0 (0xa63f2223) sw      gp, -1436(t5)
core   0: 3 0x800115a0 (0xa63f2223) mem 0x80012000 0x00000001
core   0: 0x800115a4 (0xff9ff06f) j       pc - 0x8
core   0: 3 0x800115a4 (0xff9ff06f)
core   0: 0x8001159c (0x00001f17) auipc   t5, 0x1
core   0: 3 0x8001159c (0x00001f17) x30 0x8001259c
core   0: 0x800115a0 (0xa63f2223) sw      gp, -1436(t5)
core   0: 3 0x800115a0 (0xa63f2223) mem 0x80012000 0x00000001
core   0: 0x800115a4 (0xff9ff06f) j       pc - 0x8
core   0: 3 0x800115a4 (0xff9ff06f)
core   0: 0x8001159c (0x00001f17) auipc   t5, 0x1
core   0: 3 0x8001159c (0x00001f17) x30 0x8001259c
core   0: 0x800115a0 (0xa63f2223) sw      gp, -1436(t5)
core   0: 3 0x800115a0 (0xa63f2223) mem 0x80012000 0x00000001
core   0: 0x800115a4 (0xff9ff06f) j       pc - 0x8
core   0: 3 0x800115a4 (0xff9ff06f)
core   0: 0x8001159c (0x00001f17) auipc   t5, 0x1
core   0: 3 0x8001159c (0x00001f17) x30 0x8001259c
core   0: 0x800115a0 (0xa63f2223) sw      gp, -1436(t5)
core   0: 3 0x800115a0 (0xa63f2223) mem 0x80012000 0x00000001
core   0: 0x800115a4 (0xff9ff06f) j       pc - 0x8
core   0: 3 0x800115a4 (0xff9ff06f)
core   0: 0x8001159c (0x00001f17) auipc   t5, 0x1
core   0: 3 0x8001159c (0x00001f17) x30 0x8001259c
core   0: 0x800115a0 (0xa63f2223) sw      gp, -1436(t5)
core   0: 3 0x800115a0 (0xa63f2223) mem 0x80012000 0x00000001
core   0: 0x800115a4 (0xff9ff06f) j       pc - 0x8
core   0: 3 0x800115a4 (0xff9ff06f)
core   0: 0x8001159c (0x00001f17) auipc   t5, 0x1
core   0: 3 0x8001159c (0x00001f17) x30 0x8001259c
core   0: 0x800115a0 (0xa63f2223) sw      gp, -1436(t5)
core   0: 3 0x800115a0 (0xa63f2223) mem 0x80012000 0x00000001
core   0: 0x800115a4 (0xff9ff06f) j       pc - 0x8
core   0: 3 0x800115a4 (0xff9ff06f)
core   0: 0x8001159c (0x00001f17) auipc   t5, 0x1
core   0: 3 0x8001159c (0x00001f17) x30 0x8001259c
core   0: 0x800115a0 (0xa63f2223) sw      gp, -1436(t5)
core   0: 3 0x800115a0 (0xa63f2223) mem 0x80012000 0x00000001
core   0: 0x800115a4 (0xff9ff06f) j       pc - 0x8
core   0: 3 0x800115a4 (0xff9ff06f)
core   0: 0x8001159c (0x00001f17) auipc   t5, 0x1
core   0: 3 0x8001159c (0x00001f17) x30 0x8001259c
core   0: 0x800115a0 (0xa63f2223) sw      gp, -1436(t5)
core   0: 3 0x800115a0 (0xa63f2223) mem 0x80012000 0x00000001
core   0: 0x800115a4 (0xff9ff06f) j       pc - 0x8
core   0: 3 0x800115a4 (0xff9ff06f)
core   0: 0x8001159c (0x00001f17) auipc   t5, 0x1
core   0: 3 0x8001159c (0x00001f17) x30 0x8001259c
core   0: 0x800115a0 (0xa63f2223) sw      gp, -1436(t5)
core   0: 3 0x800115a0 (0xa63f2223) mem 0x80012000 0x00000001
core   0: 0x800115a4 (0xff9ff06f) j       pc - 0x8
core   0: 3 0x800115a4 (0xff9ff06f)
core   0: 0x8001159c (0x00001f17) auipc   t5, 0x1
core   0: 3 0x8001159c (0x00001f17) x30 0x8001259c
core   0: 0x800115a0 (0xa63f2223) sw      gp, -1436(t5)
core   0: 3 0x800115a0 (0xa63f2223) mem 0x80012000 0x00000001
core   0: 0x800115a4 (0xff9ff06f) j       pc - 0x8
core   0: 3 0x800115a4 (0xff9ff06f)
core   0: 0x8001159c (0x00001f17) auipc   t5, 0x1
core   0: 3 0x8001159c (0x00001f17) x30 0x8001259c
core   0: 0x800115a0 (0xa63f2223) sw      gp, -1436(t5)
core   0: 3 0x800115a0 (0xa63f2223) mem 0x80012000 0x00000001
core   0: 0x800115a4 (0xff9ff06f) j       pc - 0x8
core   0: 3 0x800115a4 (0xff9ff06f)
core   0: 0x8001159c (0x00001f17) auipc   t5, 0x1
core   0: 3 0x8001159c (0x00001f17) x30 0x8001259c
core   0: 0x800115a0 (0xa63f2223) sw      gp, -1436(t5)
core   0: 3 0x800115a0 (0xa63f2223) mem 0x80012000 0x00000001
core   0: 0x800115a4 (0xff9ff06f) j       pc - 0x8
core   0: 3 0x800115a4 (0xff9ff06f)
core   0: 0x8001159c (0x00001f17) auipc   t5, 0x1
core   0: 3 0x8001159c (0x00001f17) x30 0x8001259c
core   0: 0x800115a0 (0xa63f2223) sw      gp, -1436(t5)
core   0: 3 0x800115a0 (0xa63f2223) mem 0x80012000 0x00000001
core   0: 0x800115a4 (0xff9ff06f) j       pc - 0x8
core   0: 3 0x800115a4 (0xff9ff06f)
core   0: 0x8001159c (0x00001f17) auipc   t5, 0x1
core   0: 3 0x8001159c (0x00001f17) x30 0x8001259c
core   0: 0x800115a0 (0xa63f2223) sw      gp, -1436(t5)
core   0: 3 0x800115a0 (0xa63f2223) mem 0x80012000 0x00000001
core   0: 0x800115a4 (0xff9ff06f) j       pc - 0x8
core   0: 3 0x800115a4 (0xff9ff06f)
core   0: 0x8001159c (0x00001f17) auipc   t5, 0x1
core   0: 3 0x8001159c (0x00001f17) x30 0x8001259c
core   0: 0x800115a0 (0xa63f2223) sw      gp, -1436(t5)
core   0: 3 0x800115a0 (0xa63f2223) mem 0x80012000 0x00000001
core   0: 0x800115a4 (0xff9ff06f) j       pc - 0x8
core   0: 3 0x800115a4 (0xff9ff06f)
core   0: 0x8001159c (0x00001f17) auipc   t5, 0x1
core   0: 3 0x8001159c (0x00001f17) x30 0x8001259c
core   0: 0x800115a0 (0xa63f2223) sw      gp, -1436(t5)
core   0: 3 0x800115a0 (0xa63f2223) mem 0x80012000 0x00000001
core   0: 0x800115a4 (0xff9ff06f) j       pc - 0x8
core   0: 3 0x800115a4 (0xff9ff06f)
core   0: 0x8001159c (0x00001f17) auipc   t5, 0x1
core   0: 3 0x8001159c (0x00001f17) x30 0x8001259c
core   0: 0x800115a0 (0xa63f2223) sw      gp, -1436(t5)
core   0: 3 0x800115a0 (0xa63f2223) mem 0x80012000 0x00000001
core   0: 0x800115a4 (0xff9ff06f) j       pc - 0x8
core   0: 3 0x800115a4 (0xff9ff06f)
core   0: 0x8001159c (0x00001f17) auipc   t5, 0x1
core   0: 3 0x8001159c (0x00001f17) x30 0x8001259c
core   0: 0x800115a0 (0xa63f2223) sw      gp, -1436(t5)
core   0: 3 0x800115a0 (0xa63f2223) mem 0x80012000 0x00000001
core   0: 0x800115a4 (0xff9ff06f) j       pc - 0x8
core   0: 3 0x800115a4 (0xff9ff06f)
core   0: 0x8001159c (0x00001f17) auipc   t5, 0x1
core   0: 3 0x8001159c (0x00001f17) x30 0x8001259c
core   0: 0x800115a0 (0xa63f2223) sw      gp, -1436(t5)
core   0: 3 0x800115a0 (0xa63f2223) mem 0x80012000 0x00000001
core   0: 0x800115a4 (0xff9ff06f) j       pc - 0x8
core   0: 3 0x800115a4 (0xff9ff06f)
core   0: 0x8001159c (0x00001f17) auipc   t5, 0x1
core   0: 3 0x8001159c (0x00001f17) x30 0x8001259c
core   0: 0x800115a0 (0xa63f2223) sw      gp, -1436(t5)
core   0: 3 0x800115a0 (0xa63f2223) mem 0x80012000 0x00000001
core   0: 0x800115a4 (0xff9ff06f) j       pc - 0x8
core   0: 3 0x800115a4 (0xff9ff06f)
core   0: 0x8001159c (0x00001f17) auipc   t5, 0x1
core   0: 3 0x8001159c (0x00001f17) x30 0x8001259c
core   0: 0x800115a0 (0xa63f2223) sw      gp, -1436(t5)
core   0: 3 0x800115a0 (0xa63f2223) mem 0x80012000 0x00000001
core   0: 0x800115a4 (0xff9ff06f) j       pc - 0x8
core   0: 3 0x800115a4 (0xff9ff06f)
core   0: 0x8001159c (0x00001f17) auipc   t5, 0x1
core   0: 3 0x8001159c (0x00001f17) x30 0x8001259c
core   0: 0x800115a0 (0xa63f2223) sw      gp, -1436(t5)
core   0: 3 0x800115a0 (0xa63f2223) mem 0x80012000 0x00000001
core   0: 0x800115a4 (0xff9ff06f) j       pc - 0x8
core   0: 3 0x800115a4 (0xff9ff06f)
core   0: 0x8001159c (0x00001f17) auipc   t5, 0x1
core   0: 3 0x8001159c (0x00001f17) x30 0x8001259c
core   0: 0x800115a0 (0xa63f2223) sw      gp, -1436(t5)
core   0: 3 0x800115a0 (0xa63f2223) mem 0x80012000 0x00000001
core   0: 0x800115a4 (0xff9ff06f) j       pc - 0x8
core   0: 3 0x800115a4 (0xff9ff06f)
core   0: 0x8001159c (0x00001f17) auipc   t5, 0x1
core   0: 3 0x8001159c (0x00001f17) x30 0x8001259c
core   0: 0x800115a0 (0xa63f2223) sw      gp, -1436(t5)
core   0: 3 0x800115a0 (0xa63f2223) mem 0x80012000 0x00000001
core   0: 0x800115a4 (0xff9ff06f) j       pc - 0x8
core   0: 3 0x800115a4 (0xff9ff06f)
core   0: 0x8001159c (0x00001f17) auipc   t5, 0x1
core   0: 3 0x8001159c (0x00001f17) x30 0x8001259c
core   0: 0x800115a0 (0xa63f2223) sw      gp, -1436(t5)
core   0: 3 0x800115a0 (0xa63f2223) mem 0x80012000 0x00000001
core   0: 0x800115a4 (0xff9ff06f) j       pc - 0x8
core   0: 3 0x800115a4 (0xff9ff06f)
core   0: 0x8001159c (0x00001f17) auipc   t5, 0x1
core   0: 3 0x8001159c (0x00001f17) x30 0x8001259c
core   0: 0x800115a0 (0xa63f2223) sw      gp, -1436(t5)
core   0: 3 0x800115a0 (0xa63f2223) mem 0x80012000 0x00000001
core   0: 0x800115a4 (0xff9ff06f) j       pc - 0x8
core   0: 3 0x800115a4 (0xff9ff06f)
core   0: 0x8001159c (0x00001f17) auipc   t5, 0x1
core   0: 3 0x8001159c (0x00001f17) x30 0x8001259c
core   0: 0x800115a0 (0xa63f2223) sw      gp, -1436(t5)
core   0: 3 0x800115a0 (0xa63f2223) mem 0x80012000 0x00000001
core   0: 0x800115a4 (0xff9ff06f) j       pc - 0x8
core   0: 3 0x800115a4 (0xff9ff06f)
core   0: 0x8001159c (0x00001f17) auipc   t5, 0x1
core   0: 3 0x8001159c (0x00001f17) x30 0x8001259c
core   0: 0x800115a0 (0xa63f2223) sw      gp, -1436(t5)
core   0: 3 0x800115a0 (0xa63f2223) mem 0x80012000 0x00000001
core   0: 0x800115a4 (0xff9ff06f) j       pc - 0x8
core   0: 3 0x800115a4 (0xff9ff06f)
core   0: 0x8001159c (0x00001f17) auipc   t5, 0x1
core   0: 3 0x8001159c (0x00001f17) x30 0x8001259c
core   0: 0x800115a0 (0xa63f2223) sw      gp, -1436(t5)
core   0: 3 0x800115a0 (0xa63f2223) mem 0x80012000 0x00000001
core   0: 0x800115a4 (0xff9ff06f) j       pc - 0x8
core   0: 3 0x800115a4 (0xff9ff06f)
core   0: 0x8001159c (0x00001f17) auipc   t5, 0x1
core   0: 3 0x8001159c (0x00001f17) x30 0x8001259c
core   0: 0x800115a0 (0xa63f2223) sw      gp, -1436(t5)
core   0: 3 0x800115a0 (0xa63f2223) mem 0x80012000 0x00000001
core   0: 0x800115a4 (0xff9ff06f) j       pc - 0x8
core   0: 3 0x800115a4 (0xff9ff06f)
core   0: 0x8001159c (0x00001f17) auipc   t5, 0x1
core   0: 3 0x8001159c (0x00001f17) x30 0x8001259c
core   0: 0x800115a0 (0xa63f2223) sw      gp, -1436(t5)
core   0: 3 0x800115a0 (0xa63f2223) mem 0x80012000 0x00000001
core   0: 0x800115a4 (0xff9ff06f) j       pc - 0x8
core   0: 3 0x800115a4 (0xff9ff06f)
core   0: 0x8001159c (0x00001f17) auipc   t5, 0x1
core   0: 3 0x8001159c (0x00001f17) x30 0x8001259c
core   0: 0x800115a0 (0xa63f2223) sw      gp, -1436(t5)
core   0: 3 0x800115a0 (0xa63f2223) mem 0x80012000 0x00000001
core   0: 0x800115a4 (0xff9ff06f) j       pc - 0x8
core   0: 3 0x800115a4 (0xff9ff06f)
core   0: 0x8001159c (0x00001f17) auipc   t5, 0x1
core   0: 3 0x8001159c (0x00001f17) x30 0x8001259c
core   0: 0x800115a0 (0xa63f2223) sw      gp, -1436(t5)
core   0: 3 0x800115a0 (0xa63f2223) mem 0x80012000 0x00000001
core   0: 0x800115a4 (0xff9ff06f) j       pc - 0x8
core   0: 3 0x800115a4 (0xff9ff06f)
core   0: 0x8001159c (0x00001f17) auipc   t5, 0x1
core   0: 3 0x8001159c (0x00001f17) x30 0x8001259c
core   0: 0x800115a0 (0xa63f2223) sw      gp, -1436(t5)
core   0: 3 0x800115a0 (0xa63f2223) mem 0x80012000 0x00000001
core   0: 0x800115a4 (0xff9ff06f) j       pc - 0x8
core   0: 3 0x800115a4 (0xff9ff06f)
core   0: 0x8001159c (0x00001f17) auipc   t5, 0x1
core   0: 3 0x8001159c (0x00001f17) x30 0x8001259c
core   0: 0x800115a0 (0xa63f2223) sw      gp, -1436(t5)
core   0: 3 0x800115a0 (0xa63f2223) mem 0x80012000 0x00000001
core   0: 0x800115a4 (0xff9ff06f) j       pc - 0x8
core   0: 3 0x800115a4 (0xff9ff06f)
core   0: 0x8001159c (0x00001f17) auipc   t5, 0x1
core   0: 3 0x8001159c (0x00001f17) x30 0x8001259c
core   0: 0x800115a0 (0xa63f2223) sw      gp, -1436(t5)
core   0: 3 0x800115a0 (0xa63f2223) mem 0x80012000 0x00000001
core   0: 0x800115a4 (0xff9ff06f) j       pc - 0x8
core   0: 3 0x800115a4 (0xff9ff06f)
core   0: 0x8001159c (0x00001f17) auipc   t5, 0x1
core   0: 3 0x8001159c (0x00001f17) x30 0x8001259c
core   0: 0x800115a0 (0xa63f2223) sw      gp, -1436(t5)
core   0: 3 0x800115a0 (0xa63f2223) mem 0x80012000 0x00000001
core   0: 0x800115a4 (0xff9ff06f) j       pc - 0x8
core   0: 3 0x800115a4 (0xff9ff06f)
core   0: 0x8001159c (0x00001f17) auipc   t5, 0x1
core   0: 3 0x8001159c (0x00001f17) x30 0x8001259c
core   0: 0x800115a0 (0xa63f2223) sw      gp, -1436(t5)
core   0: 3 0x800115a0 (0xa63f2223) mem 0x80012000 0x00000001
core   0: 0x800115a4 (0xff9ff06f) j       pc - 0x8
core   0: 3 0x800115a4 (0xff9ff06f)
core   0: 0x8001159c (0x00001f17) auipc   t5, 0x1
core   0: 3 0x8001159c (0x00001f17) x30 0x8001259c
core   0: 0x800115a0 (0xa63f2223) sw      gp, -1436(t5)
core   0: 3 0x800115a0 (0xa63f2223) mem 0x80012000 0x00000001
core   0: 0x800115a4 (0xff9ff06f) j       pc - 0x8
core   0: 3 0x800115a4 (0xff9ff06f)
core   0: 0x8001159c (0x00001f17) auipc   t5, 0x1
core   0: 3 0x8001159c (0x00001f17) x30 0x8001259c
core   0: 0x800115a0 (0xa63f2223) sw      gp, -1436(t5)
core   0: 3 0x800115a0 (0xa63f2223) mem 0x80012000 0x00000001
core   0: 0x800115a4 (0xff9ff06f) j       pc - 0x8
core   0: 3 0x800115a4 (0xff9ff06f)
core   0: 0x8001159c (0x00001f17) auipc   t5, 0x1
core   0: 3 0x8001159c (0x00001f17) x30 0x8001259c
core   0: 0x800115a0 (0xa63f2223) sw      gp, -1436(t5)
core   0: 3 0x800115a0 (0xa63f2223) mem 0x80012000 0x00000001
core   0: 0x800115a4 (0xff9ff06f) j       pc - 0x8
core   0: 3 0x800115a4 (0xff9ff06f)
core   0: 0x8001159c (0x00001f17) auipc   t5, 0x1
core   0: 3 0x8001159c (0x00001f17) x30 0x8001259c
core   0: 0x800115a0 (0xa63f2223) sw      gp, -1436(t5)
core   0: 3 0x800115a0 (0xa63f2223) mem 0x80012000 0x00000001
core   0: 0x800115a4 (0xff9ff06f) j       pc - 0x8
core   0: 3 0x800115a4 (0xff9ff06f)
core   0: 0x8001159c (0x00001f17) auipc   t5, 0x1
core   0: 3 0x8001159c (0x00001f17) x30 0x8001259c
core   0: 0x800115a0 (0xa63f2223) sw      gp, -1436(t5)
core   0: 3 0x800115a0 (0xa63f2223) mem 0x80012000 0x00000001
core   0: 0x800115a4 (0xff9ff06f) j       pc - 0x8
core   0: 3 0x800115a4 (0xff9ff06f)
core   0: 0x8001159c (0x00001f17) auipc   t5, 0x1
core   0: 3 0x8001159c (0x00001f17) x30 0x8001259c
core   0: 0x800115a0 (0xa63f2223) sw      gp, -1436(t5)
core   0: 3 0x800115a0 (0xa63f2223) mem 0x80012000 0x00000001
core   0: 0x800115a4 (0xff9ff06f) j       pc - 0x8
core   0: 3 0x800115a4 (0xff9ff06f)
core   0: 0x8001159c (0x00001f17) auipc   t5, 0x1
core   0: 3 0x8001159c (0x00001f17) x30 0x8001259c
core   0: 0x800115a0 (0xa63f2223) sw      gp, -1436(t5)
core   0: 3 0x800115a0 (0xa63f2223) mem 0x80012000 0x00000001
core   0: 0x800115a4 (0xff9ff06f) j       pc - 0x8
core   0: 3 0x800115a4 (0xff9ff06f)
core   0: 0x8001159c (0x00001f17) auipc   t5, 0x1
core   0: 3 0x8001159c (0x00001f17) x30 0x8001259c
core   0: 0x800115a0 (0xa63f2223) sw      gp, -1436(t5)
core   0: 3 0x800115a0 (0xa63f2223) mem 0x80012000 0x00000001
core   0: 0x800115a4 (0xff9ff06f) j       pc - 0x8
core   0: 3 0x800115a4 (0xff9ff06f)
core   0: 0x8001159c (0x00001f17) auipc   t5, 0x1
core   0: 3 0x8001159c (0x00001f17) x30 0x8001259c
core   0: 0x800115a0 (0xa63f2223) sw      gp, -1436(t5)
core   0: 3 0x800115a0 (0xa63f2223) mem 0x80012000 0x00000001
core   0: 0x800115a4 (0xff9ff06f) j       pc - 0x8
core   0: 3 0x800115a4 (0xff9ff06f)
core   0: 0x8001159c (0x00001f17) auipc   t5, 0x1
core   0: 3 0x8001159c (0x00001f17) x30 0x8001259c
core   0: 0x800115a0 (0xa63f2223) sw      gp, -1436(t5)
core   0: 3 0x800115a0 (0xa63f2223) mem 0x80012000 0x00000001
core   0: 0x800115a4 (0xff9ff06f) j       pc - 0x8
core   0: 3 0x800115a4 (0xff9ff06f)
core   0: 0x8001159c (0x00001f17) auipc   t5, 0x1
core   0: 3 0x8001159c (0x00001f17) x30 0x8001259c
core   0: 0x800115a0 (0xa63f2223) sw      gp, -1436(t5)
core   0: 3 0x800115a0 (0xa63f2223) mem 0x80012000 0x00000001
core   0: 0x800115a4 (0xff9ff06f) j       pc - 0x8
core   0: 3 0x800115a4 (0xff9ff06f)
core   0: 0x8001159c (0x00001f17) auipc   t5, 0x1
core   0: 3 0x8001159c (0x00001f17) x30 0x8001259c
core   0: 0x800115a0 (0xa63f2223) sw      gp, -1436(t5)
core   0: 3 0x800115a0 (0xa63f2223) mem 0x80012000 0x00000001
core   0: 0x800115a4 (0xff9ff06f) j       pc - 0x8
core   0: 3 0x800115a4 (0xff9ff06f)
core   0: 0x8001159c (0x00001f17) auipc   t5, 0x1
core   0: 3 0x8001159c (0x00001f17) x30 0x8001259c
core   0: 0x800115a0 (0xa63f2223) sw      gp, -1436(t5)
core   0: 3 0x800115a0 (0xa63f2223) mem 0x80012000 0x00000001
core   0: 0x800115a4 (0xff9ff06f) j       pc - 0x8
core   0: 3 0x800115a4 (0xff9ff06f)
core   0: 0x8001159c (0x00001f17) auipc   t5, 0x1
core   0: 3 0x8001159c (0x00001f17) x30 0x8001259c
core   0: 0x800115a0 (0xa63f2223) sw      gp, -1436(t5)
core   0: 3 0x800115a0 (0xa63f2223) mem 0x80012000 0x00000001
core   0: 0x800115a4 (0xff9ff06f) j       pc - 0x8
core   0: 3 0x800115a4 (0xff9ff06f)
core   0: 0x8001159c (0x00001f17) auipc   t5, 0x1
core   0: 3 0x8001159c (0x00001f17) x30 0x8001259c
core   0: 0x800115a0 (0xa63f2223) sw      gp, -1436(t5)
core   0: 3 0x800115a0 (0xa63f2223) mem 0x80012000 0x00000001
core   0: 0x800115a4 (0xff9ff06f) j       pc - 0x8
core   0: 3 0x800115a4 (0xff9ff06f)
core   0: 0x8001159c (0x00001f17) auipc   t5, 0x1
core   0: 3 0x8001159c (0x00001f17) x30 0x8001259c
core   0: 0x800115a0 (0xa63f2223) sw      gp, -1436(t5)
core   0: 3 0x800115a0 (0xa63f2223) mem 0x80012000 0x00000001
core   0: 0x800115a4 (0xff9ff06f) j       pc - 0x8
core   0: 3 0x800115a4 (0xff9ff06f)
core   0: 0x8001159c (0x00001f17) auipc   t5, 0x1
core   0: 3 0x8001159c (0x00001f17) x30 0x8001259c
core   0: 0x800115a0 (0xa63f2223) sw      gp, -1436(t5)
core   0: 3 0x800115a0 (0xa63f2223) mem 0x80012000 0x00000001
core   0: 0x800115a4 (0xff9ff06f) j       pc - 0x8
core   0: 3 0x800115a4 (0xff9ff06f)
core   0: 0x8001159c (0x00001f17) auipc   t5, 0x1
core   0: 3 0x8001159c (0x00001f17) x30 0x8001259c
core   0: 0x800115a0 (0xa63f2223) sw      gp, -1436(t5)
core   0: 3 0x800115a0 (0xa63f2223) mem 0x80012000 0x00000001
core   0: 0x800115a4 (0xff9ff06f) j       pc - 0x8
core   0: 3 0x800115a4 (0xff9ff06f)
core   0: 0x8001159c (0x00001f17) auipc   t5, 0x1
core   0: 3 0x8001159c (0x00001f17) x30 0x8001259c
core   0: 0x800115a0 (0xa63f2223) sw      gp, -1436(t5)
core   0: 3 0x800115a0 (0xa63f2223) mem 0x80012000 0x00000001
core   0: 0x800115a4 (0xff9ff06f) j       pc - 0x8
core   0: 3 0x800115a4 (0xff9ff06f)
core   0: 0x8001159c (0x00001f17) auipc   t5, 0x1
core   0: 3 0x8001159c (0x00001f17) x30 0x8001259c
core   0: 0x800115a0 (0xa63f2223) sw      gp, -1436(t5)
core   0: 3 0x800115a0 (0xa63f2223) mem 0x80012000 0x00000001
core   0: 0x800115a4 (0xff9ff06f) j       pc - 0x8
core   0: 3 0x800115a4 (0xff9ff06f)
core   0: 0x8001159c (0x00001f17) auipc   t5, 0x1
core   0: 3 0x8001159c (0x00001f17) x30 0x8001259c
core   0: 0x800115a0 (0xa63f2223) sw      gp, -1436(t5)
core   0: 3 0x800115a0 (0xa63f2223) mem 0x80012000 0x00000001
core   0: 0x800115a4 (0xff9ff06f) j       pc - 0x8
core   0: 3 0x800115a4 (0xff9ff06f)
core   0: 0x8001159c (0x00001f17) auipc   t5, 0x1
core   0: 3 0x8001159c (0x00001f17) x30 0x8001259c
core   0: 0x800115a0 (0xa63f2223) sw      gp, -1436(t5)
core   0: 3 0x800115a0 (0xa63f2223) mem 0x80012000 0x00000001
core   0: 0x800115a4 (0xff9ff06f) j       pc - 0x8
core   0: 3 0x800115a4 (0xff9ff06f)
core   0: 0x8001159c (0x00001f17) auipc   t5, 0x1
core   0: 3 0x8001159c (0x00001f17) x30 0x8001259c
core   0: 0x800115a0 (0xa63f2223) sw      gp, -1436(t5)
core   0: 3 0x800115a0 (0xa63f2223) mem 0x80012000 0x00000001
core   0: 0x800115a4 (0xff9ff06f) j       pc - 0x8
core   0: 3 0x800115a4 (0xff9ff06f)
core   0: 0x8001159c (0x00001f17) auipc   t5, 0x1
core   0: 3 0x8001159c (0x00001f17) x30 0x8001259c
core   0: 0x800115a0 (0xa63f2223) sw      gp, -1436(t5)
core   0: 3 0x800115a0 (0xa63f2223) mem 0x80012000 0x00000001
core   0: 0x800115a4 (0xff9ff06f) j       pc - 0x8
core   0: 3 0x800115a4 (0xff9ff06f)
core   0: 0x8001159c (0x00001f17) auipc   t5, 0x1
core   0: 3 0x8001159c (0x00001f17) x30 0x8001259c
core   0: 0x800115a0 (0xa63f2223) sw      gp, -1436(t5)
core   0: 3 0x800115a0 (0xa63f2223) mem 0x80012000 0x00000001
core   0: 0x800115a4 (0xff9ff06f) j       pc - 0x8
core   0: 3 0x800115a4 (0xff9ff06f)
core   0: 0x8001159c (0x00001f17) auipc   t5, 0x1
core   0: 3 0x8001159c (0x00001f17) x30 0x8001259c
core   0: 0x800115a0 (0xa63f2223) sw      gp, -1436(t5)
core   0: 3 0x800115a0 (0xa63f2223) mem 0x80012000 0x00000001
core   0: 0x800115a4 (0xff9ff06f) j       pc - 0x8
core   0: 3 0x800115a4 (0xff9ff06f)
core   0: 0x8001159c (0x00001f17) auipc   t5, 0x1
core   0: 3 0x8001159c (0x00001f17) x30 0x8001259c
core   0: 0x800115a0 (0xa63f2223) sw      gp, -1436(t5)
core   0: 3 0x800115a0 (0xa63f2223) mem 0x80012000 0x00000001
core   0: 0x800115a4 (0xff9ff06f) j       pc - 0x8
core   0: 3 0x800115a4 (0xff9ff06f)
core   0: 0x8001159c (0x00001f17) auipc   t5, 0x1
core   0: 3 0x8001159c (0x00001f17) x30 0x8001259c
core   0: 0x800115a0 (0xa63f2223) sw      gp, -1436(t5)
core   0: 3 0x800115a0 (0xa63f2223) mem 0x80012000 0x00000001
core   0: 0x800115a4 (0xff9ff06f) j       pc - 0x8
core   0: 3 0x800115a4 (0xff9ff06f)
core   0: 0x8001159c (0x00001f17) auipc   t5, 0x1
core   0: 3 0x8001159c (0x00001f17) x30 0x8001259c
core   0: 0x800115a0 (0xa63f2223) sw      gp, -1436(t5)
core   0: 3 0x800115a0 (0xa63f2223) mem 0x80012000 0x00000001
core   0: 0x800115a4 (0xff9ff06f) j       pc - 0x8
core   0: 3 0x800115a4 (0xff9ff06f)
core   0: 0x8001159c (0x00001f17) auipc   t5, 0x1
core   0: 3 0x8001159c (0x00001f17) x30 0x8001259c
core   0: 0x800115a0 (0xa63f2223) sw      gp, -1436(t5)
core   0: 3 0x800115a0 (0xa63f2223) mem 0x80012000 0x00000001
core   0: 0x800115a4 (0xff9ff06f) j       pc - 0x8
core   0: 3 0x800115a4 (0xff9ff06f)
core   0: 0x8001159c (0x00001f17) auipc   t5, 0x1
core   0: 3 0x8001159c (0x00001f17) x30 0x8001259c
core   0: 0x800115a0 (0xa63f2223) sw      gp, -1436(t5)
core   0: 3 0x800115a0 (0xa63f2223) mem 0x80012000 0x00000001
core   0: 0x800115a4 (0xff9ff06f) j       pc - 0x8
core   0: 3 0x800115a4 (0xff9ff06f)
core   0: 0x8001159c (0x00001f17) auipc   t5, 0x1
core   0: 3 0x8001159c (0x00001f17) x30 0x8001259c
core   0: 0x800115a0 (0xa63f2223) sw      gp, -1436(t5)
core   0: 3 0x800115a0 (0xa63f2223) mem 0x80012000 0x00000001
core   0: 0x800115a4 (0xff9ff06f) j       pc - 0x8
core   0: 3 0x800115a4 (0xff9ff06f)
core   0: 0x8001159c (0x00001f17) auipc   t5, 0x1
core   0: 3 0x8001159c (0x00001f17) x30 0x8001259c
core   0: 0x800115a0 (0xa63f2223) sw      gp, -1436(t5)
core   0: 3 0x800115a0 (0xa63f2223) mem 0x80012000 0x00000001
core   0: 0x800115a4 (0xff9ff06f) j       pc - 0x8
core   0: 3 0x800115a4 (0xff9ff06f)
core   0: 0x8001159c (0x00001f17) auipc   t5, 0x1
core   0: 3 0x8001159c (0x00001f17) x30 0x8001259c
core   0: 0x800115a0 (0xa63f2223) sw      gp, -1436(t5)
core   0: 3 0x800115a0 (0xa63f2223) mem 0x80012000 0x00000001
core   0: 0x800115a4 (0xff9ff06f) j       pc - 0x8
core   0: 3 0x800115a4 (0xff9ff06f)
core   0: 0x8001159c (0x00001f17) auipc   t5, 0x1
core   0: 3 0x8001159c (0x00001f17) x30 0x8001259c
core   0: 0x800115a0 (0xa63f2223) sw      gp, -1436(t5)
core   0: 3 0x800115a0 (0xa63f2223) mem 0x80012000 0x00000001
core   0: 0x800115a4 (0xff9ff06f) j       pc - 0x8
core   0: 3 0x800115a4 (0xff9ff06f)
core   0: 0x8001159c (0x00001f17) auipc   t5, 0x1
core   0: 3 0x8001159c (0x00001f17) x30 0x8001259c
core   0: 0x800115a0 (0xa63f2223) sw      gp, -1436(t5)
core   0: 3 0x800115a0 (0xa63f2223) mem 0x80012000 0x00000001
core   0: 0x800115a4 (0xff9ff06f) j       pc - 0x8
core   0: 3 0x800115a4 (0xff9ff06f)
core   0: 0x8001159c (0x00001f17) auipc   t5, 0x1
core   0: 3 0x8001159c (0x00001f17) x30 0x8001259c
core   0: 0x800115a0 (0xa63f2223) sw      gp, -1436(t5)
core   0: 3 0x800115a0 (0xa63f2223) mem 0x80012000 0x00000001
core   0: 0x800115a4 (0xff9ff06f) j       pc - 0x8
core   0: 3 0x800115a4 (0xff9ff06f)
core   0: 0x8001159c (0x00001f17) auipc   t5, 0x1
core   0: 3 0x8001159c (0x00001f17) x30 0x8001259c
core   0: 0x800115a0 (0xa63f2223) sw      gp, -1436(t5)
core   0: 3 0x800115a0 (0xa63f2223) mem 0x80012000 0x00000001
core   0: 0x800115a4 (0xff9ff06f) j       pc - 0x8
core   0: 3 0x800115a4 (0xff9ff06f)
core   0: 0x8001159c (0x00001f17) auipc   t5, 0x1
core   0: 3 0x8001159c (0x00001f17) x30 0x8001259c
core   0: 0x800115a0 (0xa63f2223) sw      gp, -1436(t5)
core   0: 3 0x800115a0 (0xa63f2223) mem 0x80012000 0x00000001
core   0: 0x800115a4 (0xff9ff06f) j       pc - 0x8
core   0: 3 0x800115a4 (0xff9ff06f)
core   0: 0x8001159c (0x00001f17) auipc   t5, 0x1
core   0: 3 0x8001159c (0x00001f17) x30 0x8001259c
core   0: 0x800115a0 (0xa63f2223) sw      gp, -1436(t5)
core   0: 3 0x800115a0 (0xa63f2223) mem 0x80012000 0x00000001
core   0: 0x800115a4 (0xff9ff06f) j       pc - 0x8
core   0: 3 0x800115a4 (0xff9ff06f)
core   0: 0x8001159c (0x00001f17) auipc   t5, 0x1
core   0: 3 0x8001159c (0x00001f17) x30 0x8001259c
core   0: 0x800115a0 (0xa63f2223) sw      gp, -1436(t5)
core   0: 3 0x800115a0 (0xa63f2223) mem 0x80012000 0x00000001
core   0: 0x800115a4 (0xff9ff06f) j       pc - 0x8
core   0: 3 0x800115a4 (0xff9ff06f)
core   0: 0x8001159c (0x00001f17) auipc   t5, 0x1
core   0: 3 0x8001159c (0x00001f17) x30 0x8001259c
core   0: 0x800115a0 (0xa63f2223) sw      gp, -1436(t5)
core   0: 3 0x800115a0 (0xa63f2223) mem 0x80012000 0x00000001
core   0: 0x800115a4 (0xff9ff06f) j       pc - 0x8
core   0: 3 0x800115a4 (0xff9ff06f)
core   0: 0x8001159c (0x00001f17) auipc   t5, 0x1
core   0: 3 0x8001159c (0x00001f17) x30 0x8001259c
core   0: 0x800115a0 (0xa63f2223) sw      gp, -1436(t5)
core   0: 3 0x800115a0 (0xa63f2223) mem 0x80012000 0x00000001
core   0: 0x800115a4 (0xff9ff06f) j       pc - 0x8
core   0: 3 0x800115a4 (0xff9ff06f)
core   0: 0x8001159c (0x00001f17) auipc   t5, 0x1
core   0: 3 0x8001159c (0x00001f17) x30 0x8001259c
core   0: 0x800115a0 (0xa63f2223) sw      gp, -1436(t5)
core   0: 3 0x800115a0 (0xa63f2223) mem 0x80012000 0x00000001
core   0: 0x800115a4 (0xff9ff06f) j       pc - 0x8
core   0: 3 0x800115a4 (0xff9ff06f)
core   0: 0x8001159c (0x00001f17) auipc   t5, 0x1
core   0: 3 0x8001159c (0x00001f17) x30 0x8001259c
core   0: 0x800115a0 (0xa63f2223) sw      gp, -1436(t5)
core   0: 3 0x800115a0 (0xa63f2223) mem 0x80012000 0x00000001
core   0: 0x800115a4 (0xff9ff06f) j       pc - 0x8
core   0: 3 0x800115a4 (0xff9ff06f)
core   0: 0x8001159c (0x00001f17) auipc   t5, 0x1
core   0: 3 0x8001159c (0x00001f17) x30 0x8001259c
core   0: 0x800115a0 (0xa63f2223) sw      gp, -1436(t5)
core   0: 3 0x800115a0 (0xa63f2223) mem 0x80012000 0x00000001
core   0: 0x800115a4 (0xff9ff06f) j       pc - 0x8
core   0: 3 0x800115a4 (0xff9ff06f)
core   0: 0x8001159c (0x00001f17) auipc   t5, 0x1
core   0: 3 0x8001159c (0x00001f17) x30 0x8001259c
core   0: 0x800115a0 (0xa63f2223) sw      gp, -1436(t5)
core   0: 3 0x800115a0 (0xa63f2223) mem 0x80012000 0x00000001
core   0: 0x800115a4 (0xff9ff06f) j       pc - 0x8
core   0: 3 0x800115a4 (0xff9ff06f)
core   0: 0x8001159c (0x00001f17) auipc   t5, 0x1
core   0: 3 0x8001159c (0x00001f17) x30 0x8001259c
core   0: 0x800115a0 (0xa63f2223) sw      gp, -1436(t5)
core   0: 3 0x800115a0 (0xa63f2223) mem 0x80012000 0x00000001
core   0: 0x800115a4 (0xff9ff06f) j       pc - 0x8
core   0: 3 0x800115a4 (0xff9ff06f)
core   0: 0x8001159c (0x00001f17) auipc   t5, 0x1
core   0: 3 0x8001159c (0x00001f17) x30 0x8001259c
core   0: 0x800115a0 (0xa63f2223) sw      gp, -1436(t5)
core   0: 3 0x800115a0 (0xa63f2223) mem 0x80012000 0x00000001
core   0: 0x800115a4 (0xff9ff06f) j       pc - 0x8
core   0: 3 0x800115a4 (0xff9ff06f)
core   0: 0x8001159c (0x00001f17) auipc   t5, 0x1
core   0: 3 0x8001159c (0x00001f17) x30 0x8001259c
core   0: 0x800115a0 (0xa63f2223) sw      gp, -1436(t5)
core   0: 3 0x800115a0 (0xa63f2223) mem 0x80012000 0x00000001
core   0: 0x800115a4 (0xff9ff06f) j       pc - 0x8
core   0: 3 0x800115a4 (0xff9ff06f)
core   0: 0x8001159c (0x00001f17) auipc   t5, 0x1
core   0: 3 0x8001159c (0x00001f17) x30 0x8001259c
core   0: 0x800115a0 (0xa63f2223) sw      gp, -1436(t5)
core   0: 3 0x800115a0 (0xa63f2223) mem 0x80012000 0x00000001
core   0: 0x800115a4 (0xff9ff06f) j       pc - 0x8
core   0: 3 0x800115a4 (0xff9ff06f)
core   0: 0x8001159c (0x00001f17) auipc   t5, 0x1
core   0: 3 0x8001159c (0x00001f17) x30 0x8001259c
core   0: 0x800115a0 (0xa63f2223) sw      gp, -1436(t5)
core   0: 3 0x800115a0 (0xa63f2223) mem 0x80012000 0x00000001
core   0: 0x800115a4 (0xff9ff06f) j       pc - 0x8
core   0: 3 0x800115a4 (0xff9ff06f)
core   0: 0x8001159c (0x00001f17) auipc   t5, 0x1
core   0: 3 0x8001159c (0x00001f17) x30 0x8001259c
core   0: 0x800115a0 (0xa63f2223) sw      gp, -1436(t5)
core   0: 3 0x800115a0 (0xa63f2223) mem 0x80012000 0x00000001
core   0: 0x800115a4 (0xff9ff06f) j       pc - 0x8
core   0: 3 0x800115a4 (0xff9ff06f)
core   0: 0x8001159c (0x00001f17) auipc   t5, 0x1
core   0: 3 0x8001159c (0x00001f17) x30 0x8001259c
core   0: 0x800115a0 (0xa63f2223) sw      gp, -1436(t5)
core   0: 3 0x800115a0 (0xa63f2223) mem 0x80012000 0x00000001
core   0: 0x800115a4 (0xff9ff06f) j       pc - 0x8
core   0: 3 0x800115a4 (0xff9ff06f)
core   0: 0x8001159c (0x00001f17) auipc   t5, 0x1
core   0: 3 0x8001159c (0x00001f17) x30 0x8001259c
core   0: 0x800115a0 (0xa63f2223) sw      gp, -1436(t5)
core   0: 3 0x800115a0 (0xa63f2223) mem 0x80012000 0x00000001
core   0: 0x800115a4 (0xff9ff06f) j       pc - 0x8
core   0: 3 0x800115a4 (0xff9ff06f)
core   0: 0x8001159c (0x00001f17) auipc   t5, 0x1
core   0: 3 0x8001159c (0x00001f17) x30 0x8001259c
core   0: 0x800115a0 (0xa63f2223) sw      gp, -1436(t5)
core   0: 3 0x800115a0 (0xa63f2223) mem 0x80012000 0x00000001
core   0: 0x800115a4 (0xff9ff06f) j       pc - 0x8
core   0: 3 0x800115a4 (0xff9ff06f)
core   0: 0x8001159c (0x00001f17) auipc   t5, 0x1
core   0: 3 0x8001159c (0x00001f17) x30 0x8001259c
core   0: 0x800115a0 (0xa63f2223) sw      gp, -1436(t5)
core   0: 3 0x800115a0 (0xa63f2223) mem 0x80012000 0x00000001
core   0: 0x800115a4 (0xff9ff06f) j       pc - 0x8
core   0: 3 0x800115a4 (0xff9ff06f)
core   0: 0x8001159c (0x00001f17) auipc   t5, 0x1
core   0: 3 0x8001159c (0x00001f17) x30 0x8001259c
core   0: 0x800115a0 (0xa63f2223) sw      gp, -1436(t5)
core   0: 3 0x800115a0 (0xa63f2223) mem 0x80012000 0x00000001
core   0: 0x800115a4 (0xff9ff06f) j       pc - 0x8
core   0: 3 0x800115a4 (0xff9ff06f)
core   0: 0x8001159c (0x00001f17) auipc   t5, 0x1
core   0: 3 0x8001159c (0x00001f17) x30 0x8001259c
core   0: 0x800115a0 (0xa63f2223) sw      gp, -1436(t5)
core   0: 3 0x800115a0 (0xa63f2223) mem 0x80012000 0x00000001
core   0: 0x800115a4 (0xff9ff06f) j       pc - 0x8
core   0: 3 0x800115a4 (0xff9ff06f)
core   0: 0x8001159c (0x00001f17) auipc   t5, 0x1
core   0: 3 0x8001159c (0x00001f17) x30 0x8001259c
core   0: 0x800115a0 (0xa63f2223) sw      gp, -1436(t5)
core   0: 3 0x800115a0 (0xa63f2223) mem 0x80012000 0x00000001
core   0: 0x800115a4 (0xff9ff06f) j       pc - 0x8
core   0: 3 0x800115a4 (0xff9ff06f)
core   0: 0x8001159c (0x00001f17) auipc   t5, 0x1
core   0: 3 0x8001159c (0x00001f17) x30 0x8001259c
core   0: 0x800115a0 (0xa63f2223) sw      gp, -1436(t5)
core   0: 3 0x800115a0 (0xa63f2223) mem 0x80012000 0x00000001
core   0: 0x800115a4 (0xff9ff06f) j       pc - 0x8
core   0: 3 0x800115a4 (0xff9ff06f)
core   0: 0x8001159c (0x00001f17) auipc   t5, 0x1
core   0: 3 0x8001159c (0x00001f17) x30 0x8001259c
core   0: 0x800115a0 (0xa63f2223) sw      gp, -1436(t5)
core   0: 3 0x800115a0 (0xa63f2223) mem 0x80012000 0x00000001
core   0: 0x800115a4 (0xff9ff06f) j       pc - 0x8
core   0: 3 0x800115a4 (0xff9ff06f)
core   0: 0x8001159c (0x00001f17) auipc   t5, 0x1
core   0: 3 0x8001159c (0x00001f17) x30 0x8001259c
core   0: 0x800115a0 (0xa63f2223) sw      gp, -1436(t5)
core   0: 3 0x800115a0 (0xa63f2223) mem 0x80012000 0x00000001
core   0: 0x800115a4 (0xff9ff06f) j       pc - 0x8
core   0: 3 0x800115a4 (0xff9ff06f)
core   0: 0x8001159c (0x00001f17) auipc   t5, 0x1
core   0: 3 0x8001159c (0x00001f17) x30 0x8001259c
core   0: 0x800115a0 (0xa63f2223) sw      gp, -1436(t5)
core   0: 3 0x800115a0 (0xa63f2223) mem 0x80012000 0x00000001
core   0: 0x800115a4 (0xff9ff06f) j       pc - 0x8
core   0: 3 0x800115a4 (0xff9ff06f)
core   0: 0x8001159c (0x00001f17) auipc   t5, 0x1
core   0: 3 0x8001159c (0x00001f17) x30 0x8001259c
core   0: 0x800115a0 (0xa63f2223) sw      gp, -1436(t5)
core   0: 3 0x800115a0 (0xa63f2223) mem 0x80012000 0x00000001
core   0: 0x800115a4 (0xff9ff06f) j       pc - 0x8
core   0: 3 0x800115a4 (0xff9ff06f)
core   0: 0x8001159c (0x00001f17) auipc   t5, 0x1
core   0: 3 0x8001159c (0x00001f17) x30 0x8001259c
core   0: 0x800115a0 (0xa63f2223) sw      gp, -1436(t5)
core   0: 3 0x800115a0 (0xa63f2223) mem 0x80012000 0x00000001
core   0: 0x800115a4 (0xff9ff06f) j       pc - 0x8
core   0: 3 0x800115a4 (0xff9ff06f)
core   0: 0x8001159c (0x00001f17) auipc   t5, 0x1
core   0: 3 0x8001159c (0x00001f17) x30 0x8001259c
core   0: 0x800115a0 (0xa63f2223) sw      gp, -1436(t5)
core   0: 3 0x800115a0 (0xa63f2223) mem 0x80012000 0x00000001
core   0: 0x800115a4 (0xff9ff06f) j       pc - 0x8
core   0: 3 0x800115a4 (0xff9ff06f)
core   0: 0x8001159c (0x00001f17) auipc   t5, 0x1
core   0: 3 0x8001159c (0x00001f17) x30 0x8001259c
core   0: 0x800115a0 (0xa63f2223) sw      gp, -1436(t5)
core   0: 3 0x800115a0 (0xa63f2223) mem 0x80012000 0x00000001
core   0: 0x800115a4 (0xff9ff06f) j       pc - 0x8
core   0: 3 0x800115a4 (0xff9ff06f)
core   0: 0x8001159c (0x00001f17) auipc   t5, 0x1
core   0: 3 0x8001159c (0x00001f17) x30 0x8001259c
core   0: 0x800115a0 (0xa63f2223) sw      gp, -1436(t5)
core   0: 3 0x800115a0 (0xa63f2223) mem 0x80012000 0x00000001
core   0: 0x800115a4 (0xff9ff06f) j       pc - 0x8
core   0: 3 0x800115a4 (0xff9ff06f)
core   0: 0x8001159c (0x00001f17) auipc   t5, 0x1
core   0: 3 0x8001159c (0x00001f17) x30 0x8001259c
core   0: 0x800115a0 (0xa63f2223) sw      gp, -1436(t5)
core   0: 3 0x800115a0 (0xa63f2223) mem 0x80012000 0x00000001
core   0: 0x800115a4 (0xff9ff06f) j       pc - 0x8
core   0: 3 0x800115a4 (0xff9ff06f)
core   0: 0x8001159c (0x00001f17) auipc   t5, 0x1
core   0: 3 0x8001159c (0x00001f17) x30 0x8001259c
core   0: 0x800115a0 (0xa63f2223) sw      gp, -1436(t5)
core   0: 3 0x800115a0 (0xa63f2223) mem 0x80012000 0x00000001
core   0: 0x800115a4 (0xff9ff06f) j       pc - 0x8
core   0: 3 0x800115a4 (0xff9ff06f)
core   0: 0x8001159c (0x00001f17) auipc   t5, 0x1
core   0: 3 0x8001159c (0x00001f17) x30 0x8001259c
core   0: 0x800115a0 (0xa63f2223) sw      gp, -1436(t5)
core   0: 3 0x800115a0 (0xa63f2223) mem 0x80012000 0x00000001
core   0: 0x800115a4 (0xff9ff06f) j       pc - 0x8
core   0: 3 0x800115a4 (0xff9ff06f)
core   0: 0x8001159c (0x00001f17) auipc   t5, 0x1
core   0: 3 0x8001159c (0x00001f17) x30 0x8001259c
core   0: 0x800115a0 (0xa63f2223) sw      gp, -1436(t5)
core   0: 3 0x800115a0 (0xa63f2223) mem 0x80012000 0x00000001
core   0: 0x800115a4 (0xff9ff06f) j       pc - 0x8
core   0: 3 0x800115a4 (0xff9ff06f)
core   0: 0x8001159c (0x00001f17) auipc   t5, 0x1
core   0: 3 0x8001159c (0x00001f17) x30 0x8001259c
core   0: 0x800115a0 (0xa63f2223) sw      gp, -1436(t5)
core   0: 3 0x800115a0 (0xa63f2223) mem 0x80012000 0x00000001
core   0: 0x800115a4 (0xff9ff06f) j       pc - 0x8
core   0: 3 0x800115a4 (0xff9ff06f)
core   0: 0x8001159c (0x00001f17) auipc   t5, 0x1
core   0: 3 0x8001159c (0x00001f17) x30 0x8001259c
core   0: 0x800115a0 (0xa63f2223) sw      gp, -1436(t5)
core   0: 3 0x800115a0 (0xa63f2223) mem 0x80012000 0x00000001
core   0: 0x800115a4 (0xff9ff06f) j       pc - 0x8
core   0: 3 0x800115a4 (0xff9ff06f)
core   0: 0x8001159c (0x00001f17) auipc   t5, 0x1
core   0: 3 0x8001159c (0x00001f17) x30 0x8001259c
core   0: 0x800115a0 (0xa63f2223) sw      gp, -1436(t5)
core   0: 3 0x800115a0 (0xa63f2223) mem 0x80012000 0x00000001
core   0: 0x800115a4 (0xff9ff06f) j       pc - 0x8
core   0: 3 0x800115a4 (0xff9ff06f)
core   0: 0x8001159c (0x00001f17) auipc   t5, 0x1
core   0: 3 0x8001159c (0x00001f17) x30 0x8001259c
core   0: 0x800115a0 (0xa63f2223) sw      gp, -1436(t5)
core   0: 3 0x800115a0 (0xa63f2223) mem 0x80012000 0x00000001
core   0: 0x800115a4 (0xff9ff06f) j       pc - 0x8
core   0: 3 0x800115a4 (0xff9ff06f)
core   0: 0x8001159c (0x00001f17) auipc   t5, 0x1
core   0: 3 0x8001159c (0x00001f17) x30 0x8001259c
core   0: 0x800115a0 (0xa63f2223) sw      gp, -1436(t5)
core   0: 3 0x800115a0 (0xa63f2223) mem 0x80012000 0x00000001
core   0: 0x800115a4 (0xff9ff06f) j       pc - 0x8
core   0: 3 0x800115a4 (0xff9ff06f)
core   0: 0x8001159c (0x00001f17) auipc   t5, 0x1
core   0: 3 0x8001159c (0x00001f17) x30 0x8001259c
core   0: 0x800115a0 (0xa63f2223) sw      gp, -1436(t5)
core   0: 3 0x800115a0 (0xa63f2223) mem 0x80012000 0x00000001
core   0: 0x800115a4 (0xff9ff06f) j       pc - 0x8
core   0: 3 0x800115a4 (0xff9ff06f)
core   0: 0x8001159c (0x00001f17) auipc   t5, 0x1
core   0: 3 0x8001159c (0x00001f17) x30 0x8001259c
core   0: 0x800115a0 (0xa63f2223) sw      gp, -1436(t5)
core   0: 3 0x800115a0 (0xa63f2223) mem 0x80012000 0x00000001
core   0: 0x800115a4 (0xff9ff06f) j       pc - 0x8
core   0: 3 0x800115a4 (0xff9ff06f)
core   0: 0x8001159c (0x00001f17) auipc   t5, 0x1
core   0: 3 0x8001159c (0x00001f17) x30 0x8001259c
core   0: 0x800115a0 (0xa63f2223) sw      gp, -1436(t5)
core   0: 3 0x800115a0 (0xa63f2223) mem 0x80012000 0x00000001
core   0: 0x800115a4 (0xff9ff06f) j       pc - 0x8
core   0: 3 0x800115a4 (0xff9ff06f)
core   0: 0x8001159c (0x00001f17) auipc   t5, 0x1
core   0: 3 0x8001159c (0x00001f17) x30 0x8001259c
core   0: 0x800115a0 (0xa63f2223) sw      gp, -1436(t5)
core   0: 3 0x800115a0 (0xa63f2223) mem 0x80012000 0x00000001
core   0: 0x800115a4 (0xff9ff06f) j       pc - 0x8
core   0: 3 0x800115a4 (0xff9ff06f)
core   0: 0x8001159c (0x00001f17) auipc   t5, 0x1
core   0: 3 0x8001159c (0x00001f17) x30 0x8001259c
core   0: 0x800115a0 (0xa63f2223) sw      gp, -1436(t5)
core   0: 3 0x800115a0 (0xa63f2223) mem 0x80012000 0x00000001
core   0: 0x800115a4 (0xff9ff06f) j       pc - 0x8
core   0: 3 0x800115a4 (0xff9ff06f)
core   0: 0x8001159c (0x00001f17) auipc   t5, 0x1
core   0: 3 0x8001159c (0x00001f17) x30 0x8001259c
core   0: 0x800115a0 (0xa63f2223) sw      gp, -1436(t5)
core   0: 3 0x800115a0 (0xa63f2223) mem 0x80012000 0x00000001
core   0: 0x800115a4 (0xff9ff06f) j       pc - 0x8
core   0: 3 0x800115a4 (0xff9ff06f)
core   0: 0x8001159c (0x00001f17) auipc   t5, 0x1
core   0: 3 0x8001159c (0x00001f17) x30 0x8001259c
core   0: 0x800115a0 (0xa63f2223) sw      gp, -1436(t5)
core   0: 3 0x800115a0 (0xa63f2223) mem 0x80012000 0x00000001
core   0: 0x800115a4 (0xff9ff06f) j       pc - 0x8
core   0: 3 0x800115a4 (0xff9ff06f)
core   0: 0x8001159c (0x00001f17) auipc   t5, 0x1
core   0: 3 0x8001159c (0x00001f17) x30 0x8001259c
core   0: 0x800115a0 (0xa63f2223) sw      gp, -1436(t5)
core   0: 3 0x800115a0 (0xa63f2223) mem 0x80012000 0x00000001
core   0: 0x800115a4 (0xff9ff06f) j       pc - 0x8
core   0: 3 0x800115a4 (0xff9ff06f)
core   0: 0x8001159c (0x00001f17) auipc   t5, 0x1
core   0: 3 0x8001159c (0x00001f17) x30 0x8001259c
core   0: 0x800115a0 (0xa63f2223) sw      gp, -1436(t5)
core   0: 3 0x800115a0 (0xa63f2223) mem 0x80012000 0x00000001
core   0: 0x800115a4 (0xff9ff06f) j       pc - 0x8
core   0: 3 0x800115a4 (0xff9ff06f)
core   0: 0x8001159c (0x00001f17) auipc   t5, 0x1
core   0: 3 0x8001159c (0x00001f17) x30 0x8001259c
core   0: 0x800115a0 (0xa63f2223) sw      gp, -1436(t5)
core   0: 3 0x800115a0 (0xa63f2223) mem 0x80012000 0x00000001
core   0: 0x800115a4 (0xff9ff06f) j       pc - 0x8
core   0: 3 0x800115a4 (0xff9ff06f)
core   0: 0x8001159c (0x00001f17) auipc   t5, 0x1
core   0: 3 0x8001159c (0x00001f17) x30 0x8001259c
core   0: 0x800115a0 (0xa63f2223) sw      gp, -1436(t5)
core   0: 3 0x800115a0 (0xa63f2223) mem 0x80012000 0x00000001
core   0: 0x800115a4 (0xff9ff06f) j       pc - 0x8
core   0: 3 0x800115a4 (0xff9ff06f)
core   0: 0x8001159c (0x00001f17) auipc   t5, 0x1
core   0: 3 0x8001159c (0x00001f17) x30 0x8001259c
core   0: 0x800115a0 (0xa63f2223) sw      gp, -1436(t5)
core   0: 3 0x800115a0 (0xa63f2223) mem 0x80012000 0x00000001
core   0: 0x800115a4 (0xff9ff06f) j       pc - 0x8
core   0: 3 0x800115a4 (0xff9ff06f)
core   0: 0x8001159c (0x00001f17) auipc   t5, 0x1
core   0: 3 0x8001159c (0x00001f17) x30 0x8001259c
core   0: 0x800115a0 (0xa63f2223) sw      gp, -1436(t5)
core   0: 3 0x800115a0 (0xa63f2223) mem 0x80012000 0x00000001
core   0: 0x800115a4 (0xff9ff06f) j       pc - 0x8
core   0: 3 0x800115a4 (0xff9ff06f)
core   0: 0x8001159c (0x00001f17) auipc   t5, 0x1
core   0: 3 0x8001159c (0x00001f17) x30 0x8001259c
core   0: 0x800115a0 (0xa63f2223) sw      gp, -1436(t5)
core   0: 3 0x800115a0 (0xa63f2223) mem 0x80012000 0x00000001
core   0: 0x800115a4 (0xff9ff06f) j       pc - 0x8
core   0: 3 0x800115a4 (0xff9ff06f)
core   0: 0x8001159c (0x00001f17) auipc   t5, 0x1
core   0: 3 0x8001159c (0x00001f17) x30 0x8001259c
core   0: 0x800115a0 (0xa63f2223) sw      gp, -1436(t5)
core   0: 3 0x800115a0 (0xa63f2223) mem 0x80012000 0x00000001
core   0: 0x800115a4 (0xff9ff06f) j       pc - 0x8
core   0: 3 0x800115a4 (0xff9ff06f)
core   0: 0x8001159c (0x00001f17) auipc   t5, 0x1
core   0: 3 0x8001159c (0x00001f17) x30 0x8001259c
core   0: 0x800115a0 (0xa63f2223) sw      gp, -1436(t5)
core   0: 3 0x800115a0 (0xa63f2223) mem 0x80012000 0x00000001
core   0: 0x800115a4 (0xff9ff06f) j       pc - 0x8
core   0: 3 0x800115a4 (0xff9ff06f)
core   0: 0x8001159c (0x00001f17) auipc   t5, 0x1
core   0: 3 0x8001159c (0x00001f17) x30 0x8001259c
core   0: 0x800115a0 (0xa63f2223) sw      gp, -1436(t5)
core   0: 3 0x800115a0 (0xa63f2223) mem 0x80012000 0x00000001
core   0: 0x800115a4 (0xff9ff06f) j       pc - 0x8
core   0: 3 0x800115a4 (0xff9ff06f)
core   0: 0x8001159c (0x00001f17) auipc   t5, 0x1
core   0: 3 0x8001159c (0x00001f17) x30 0x8001259c
core   0: 0x800115a0 (0xa63f2223) sw      gp, -1436(t5)
core   0: 3 0x800115a0 (0xa63f2223) mem 0x80012000 0x00000001
core   0: 0x800115a4 (0xff9ff06f) j       pc - 0x8
core   0: 3 0x800115a4 (0xff9ff06f)
core   0: 0x8001159c (0x00001f17) auipc   t5, 0x1
core   0: 3 0x8001159c (0x00001f17) x30 0x8001259c
core   0: 0x800115a0 (0xa63f2223) sw      gp, -1436(t5)
core   0: 3 0x800115a0 (0xa63f2223) mem 0x80012000 0x00000001
core   0: 0x800115a4 (0xff9ff06f) j       pc - 0x8
core   0: 3 0x800115a4 (0xff9ff06f)
core   0: 0x8001159c (0x00001f17) auipc   t5, 0x1
core   0: 3 0x8001159c (0x00001f17) x30 0x8001259c
core   0: 0x800115a0 (0xa63f2223) sw      gp, -1436(t5)
core   0: 3 0x800115a0 (0xa63f2223) mem 0x80012000 0x00000001
core   0: 0x800115a4 (0xff9ff06f) j       pc - 0x8
core   0: 3 0x800115a4 (0xff9ff06f)
core   0: 0x8001159c (0x00001f17) auipc   t5, 0x1
core   0: 3 0x8001159c (0x00001f17) x30 0x8001259c
core   0: 0x800115a0 (0xa63f2223) sw      gp, -1436(t5)
core   0: 3 0x800115a0 (0xa63f2223) mem 0x80012000 0x00000001
core   0: 0x800115a4 (0xff9ff06f) j       pc - 0x8
core   0: 3 0x800115a4 (0xff9ff06f)
core   0: 0x8001159c (0x00001f17) auipc   t5, 0x1
core   0: 3 0x8001159c (0x00001f17) x30 0x8001259c
core   0: 0x800115a0 (0xa63f2223) sw      gp, -1436(t5)
core   0: 3 0x800115a0 (0xa63f2223) mem 0x80012000 0x00000001
core   0: 0x800115a4 (0xff9ff06f) j       pc - 0x8
core   0: 3 0x800115a4 (0xff9ff06f)
core   0: 0x8001159c (0x00001f17) auipc   t5, 0x1
core   0: 3 0x8001159c (0x00001f17) x30 0x8001259c
core   0: 0x800115a0 (0xa63f2223) sw      gp, -1436(t5)
core   0: 3 0x800115a0 (0xa63f2223) mem 0x80012000 0x00000001
core   0: 0x800115a4 (0xff9ff06f) j       pc - 0x8
core   0: 3 0x800115a4 (0xff9ff06f)
core   0: 0x8001159c (0x00001f17) auipc   t5, 0x1
core   0: 3 0x8001159c (0x00001f17) x30 0x8001259c
core   0: 0x800115a0 (0xa63f2223) sw      gp, -1436(t5)
core   0: 3 0x800115a0 (0xa63f2223) mem 0x80012000 0x00000001
core   0: 0x800115a4 (0xff9ff06f) j       pc - 0x8
core   0: 3 0x800115a4 (0xff9ff06f)
core   0: 0x8001159c (0x00001f17) auipc   t5, 0x1
core   0: 3 0x8001159c (0x00001f17) x30 0x8001259c
core   0: 0x800115a0 (0xa63f2223) sw      gp, -1436(t5)
core   0: 3 0x800115a0 (0xa63f2223) mem 0x80012000 0x00000001
core   0: 0x800115a4 (0xff9ff06f) j       pc - 0x8
core   0: 3 0x800115a4 (0xff9ff06f)
core   0: 0x8001159c (0x00001f17) auipc   t5, 0x1
core   0: 3 0x8001159c (0x00001f17) x30 0x8001259c
core   0: 0x800115a0 (0xa63f2223) sw      gp, -1436(t5)
core   0: 3 0x800115a0 (0xa63f2223) mem 0x80012000 0x00000001
core   0: 0x800115a4 (0xff9ff06f) j       pc - 0x8
core   0: 3 0x800115a4 (0xff9ff06f)
core   0: 0x8001159c (0x00001f17) auipc   t5, 0x1
core   0: 3 0x8001159c (0x00001f17) x30 0x8001259c
core   0: 0x800115a0 (0xa63f2223) sw      gp, -1436(t5)
core   0: 3 0x800115a0 (0xa63f2223) mem 0x80012000 0x00000001
core   0: 0x800115a4 (0xff9ff06f) j       pc - 0x8
core   0: 3 0x800115a4 (0xff9ff06f)
core   0: 0x8001159c (0x00001f17) auipc   t5, 0x1
core   0: 3 0x8001159c (0x00001f17) x30 0x8001259c
core   0: 0x800115a0 (0xa63f2223) sw      gp, -1436(t5)
core   0: 3 0x800115a0 (0xa63f2223) mem 0x80012000 0x00000001
core   0: 0x800115a4 (0xff9ff06f) j       pc - 0x8
core   0: 3 0x800115a4 (0xff9ff06f)
core   0: 0x8001159c (0x00001f17) auipc   t5, 0x1
core   0: 3 0x8001159c (0x00001f17) x30 0x8001259c
core   0: 0x800115a0 (0xa63f2223) sw      gp, -1436(t5)
core   0: 3 0x800115a0 (0xa63f2223) mem 0x80012000 0x00000001
core   0: 0x800115a4 (0xff9ff06f) j       pc - 0x8
core   0: 3 0x800115a4 (0xff9ff06f)
core   0: 0x8001159c (0x00001f17) auipc   t5, 0x1
core   0: 3 0x8001159c (0x00001f17) x30 0x8001259c
core   0: 0x800115a0 (0xa63f2223) sw      gp, -1436(t5)
core   0: 3 0x800115a0 (0xa63f2223) mem 0x80012000 0x00000001
core   0: 0x800115a4 (0xff9ff06f) j       pc - 0x8
core   0: 3 0x800115a4 (0xff9ff06f)
core   0: 0x8001159c (0x00001f17) auipc   t5, 0x1
core   0: 3 0x8001159c (0x00001f17) x30 0x8001259c
core   0: 0x800115a0 (0xa63f2223) sw      gp, -1436(t5)
core   0: 3 0x800115a0 (0xa63f2223) mem 0x80012000 0x00000001
core   0: 0x800115a4 (0xff9ff06f) j       pc - 0x8
core   0: 3 0x800115a4 (0xff9ff06f)
core   0: 0x8001159c (0x00001f17) auipc   t5, 0x1
core   0: 3 0x8001159c (0x00001f17) x30 0x8001259c
core   0: 0x800115a0 (0xa63f2223) sw      gp, -1436(t5)
core   0: 3 0x800115a0 (0xa63f2223) mem 0x80012000 0x00000001
core   0: 0x800115a4 (0xff9ff06f) j       pc - 0x8
core   0: 3 0x800115a4 (0xff9ff06f)
core   0: 0x8001159c (0x00001f17) auipc   t5, 0x1
core   0: 3 0x8001159c (0x00001f17) x30 0x8001259c
core   0: 0x800115a0 (0xa63f2223) sw      gp, -1436(t5)
core   0: 3 0x800115a0 (0xa63f2223) mem 0x80012000 0x00000001
core   0: 0x800115a4 (0xff9ff06f) j       pc - 0x8
core   0: 3 0x800115a4 (0xff9ff06f)
core   0: 0x8001159c (0x00001f17) auipc   t5, 0x1
core   0: 3 0x8001159c (0x00001f17) x30 0x8001259c
core   0: 0x800115a0 (0xa63f2223) sw      gp, -1436(t5)
core   0: 3 0x800115a0 (0xa63f2223) mem 0x80012000 0x00000001
core   0: 0x800115a4 (0xff9ff06f) j       pc - 0x8
core   0: 3 0x800115a4 (0xff9ff06f)
core   0: 0x8001159c (0x00001f17) auipc   t5, 0x1
core   0: 3 0x8001159c (0x00001f17) x30 0x8001259c
core   0: 0x800115a0 (0xa63f2223) sw      gp, -1436(t5)
core   0: 3 0x800115a0 (0xa63f2223) mem 0x80012000 0x00000001
core   0: 0x800115a4 (0xff9ff06f) j       pc - 0x8
core   0: 3 0x800115a4 (0xff9ff06f)
core   0: 0x8001159c (0x00001f17) auipc   t5, 0x1
core   0: 3 0x8001159c (0x00001f17) x30 0x8001259c
core   0: 0x800115a0 (0xa63f2223) sw      gp, -1436(t5)
core   0: 3 0x800115a0 (0xa63f2223) mem 0x80012000 0x00000001
core   0: 0x800115a4 (0xff9ff06f) j       pc - 0x8
core   0: 3 0x800115a4 (0xff9ff06f)
core   0: 0x8001159c (0x00001f17) auipc   t5, 0x1
core   0: 3 0x8001159c (0x00001f17) x30 0x8001259c
core   0: 0x800115a0 (0xa63f2223) sw      gp, -1436(t5)
core   0: 3 0x800115a0 (0xa63f2223) mem 0x80012000 0x00000001
core   0: 0x800115a4 (0xff9ff06f) j       pc - 0x8
core   0: 3 0x800115a4 (0xff9ff06f)
core   0: 0x8001159c (0x00001f17) auipc   t5, 0x1
core   0: 3 0x8001159c (0x00001f17) x30 0x8001259c
core   0: 0x800115a0 (0xa63f2223) sw      gp, -1436(t5)
core   0: 3 0x800115a0 (0xa63f2223) mem 0x80012000 0x00000001
core   0: 0x800115a4 (0xff9ff06f) j       pc - 0x8
core   0: 3 0x800115a4 (0xff9ff06f)
core   0: 0x8001159c (0x00001f17) auipc   t5, 0x1
core   0: 3 0x8001159c (0x00001f17) x30 0x8001259c
core   0: 0x800115a0 (0xa63f2223) sw      gp, -1436(t5)
core   0: 3 0x800115a0 (0xa63f2223) mem 0x80012000 0x00000001
core   0: 0x800115a4 (0xff9ff06f) j       pc - 0x8
core   0: 3 0x800115a4 (0xff9ff06f)
core   0: 0x8001159c (0x00001f17) auipc   t5, 0x1
core   0: 3 0x8001159c (0x00001f17) x30 0x8001259c
core   0: 0x800115a0 (0xa63f2223) sw      gp, -1436(t5)
core   0: 3 0x800115a0 (0xa63f2223) mem 0x80012000 0x00000001
core   0: 0x800115a4 (0xff9ff06f) j       pc - 0x8
core   0: 3 0x800115a4 (0xff9ff06f)
core   0: 0x8001159c (0x00001f17) auipc   t5, 0x1
core   0: 3 0x8001159c (0x00001f17) x30 0x8001259c
core   0: 0x800115a0 (0xa63f2223) sw      gp, -1436(t5)
core   0: 3 0x800115a0 (0xa63f2223) mem 0x80012000 0x00000001
core   0: 0x800115a4 (0xff9ff06f) j       pc - 0x8
core   0: 3 0x800115a4 (0xff9ff06f)
core   0: 0x8001159c (0x00001f17) auipc   t5, 0x1
core   0: 3 0x8001159c (0x00001f17) x30 0x8001259c
core   0: 0x800115a0 (0xa63f2223) sw      gp, -1436(t5)
core   0: 3 0x800115a0 (0xa63f2223) mem 0x80012000 0x00000001
core   0: 0x800115a4 (0xff9ff06f) j       pc - 0x8
core   0: 3 0x800115a4 (0xff9ff06f)
core   0: 0x8001159c (0x00001f17) auipc   t5, 0x1
core   0: 3 0x8001159c (0x00001f17) x30 0x8001259c
core   0: 0x800115a0 (0xa63f2223) sw      gp, -1436(t5)
core   0: 3 0x800115a0 (0xa63f2223) mem 0x80012000 0x00000001
core   0: 0x800115a4 (0xff9ff06f) j       pc - 0x8
core   0: 3 0x800115a4 (0xff9ff06f)
core   0: 0x8001159c (0x00001f17) auipc   t5, 0x1
core   0: 3 0x8001159c (0x00001f17) x30 0x8001259c
core   0: 0x800115a0 (0xa63f2223) sw      gp, -1436(t5)
core   0: 3 0x800115a0 (0xa63f2223) mem 0x80012000 0x00000001
core   0: 0x800115a4 (0xff9ff06f) j       pc - 0x8
core   0: 3 0x800115a4 (0xff9ff06f)
core   0: 0x8001159c (0x00001f17) auipc   t5, 0x1
core   0: 3 0x8001159c (0x00001f17) x30 0x8001259c
core   0: 0x800115a0 (0xa63f2223) sw      gp, -1436(t5)
core   0: 3 0x800115a0 (0xa63f2223) mem 0x80012000 0x00000001
core   0: 0x800115a4 (0xff9ff06f) j       pc - 0x8
core   0: 3 0x800115a4 (0xff9ff06f)
core   0: 0x8001159c (0x00001f17) auipc   t5, 0x1
core   0: 3 0x8001159c (0x00001f17) x30 0x8001259c
core   0: 0x800115a0 (0xa63f2223) sw      gp, -1436(t5)
core   0: 3 0x800115a0 (0xa63f2223) mem 0x80012000 0x00000001
core   0: 0x800115a4 (0xff9ff06f) j       pc - 0x8
core   0: 3 0x800115a4 (0xff9ff06f)
core   0: 0x8001159c (0x00001f17) auipc   t5, 0x1
core   0: 3 0x8001159c (0x00001f17) x30 0x8001259c
core   0: 0x800115a0 (0xa63f2223) sw      gp, -1436(t5)
core   0: 3 0x800115a0 (0xa63f2223) mem 0x80012000 0x00000001
core   0: 0x800115a4 (0xff9ff06f) j       pc - 0x8
core   0: 3 0x800115a4 (0xff9ff06f)
core   0: 0x8001159c (0x00001f17) auipc   t5, 0x1
core   0: 3 0x8001159c (0x00001f17) x30 0x8001259c
core   0: 0x800115a0 (0xa63f2223) sw      gp, -1436(t5)
core   0: 3 0x800115a0 (0xa63f2223) mem 0x80012000 0x00000001
core   0: 0x800115a4 (0xff9ff06f) j       pc - 0x8
core   0: 3 0x800115a4 (0xff9ff06f)
core   0: 0x8001159c (0x00001f17) auipc   t5, 0x1
core   0: 3 0x8001159c (0x00001f17) x30 0x8001259c
core   0: 0x800115a0 (0xa63f2223) sw      gp, -1436(t5)
core   0: 3 0x800115a0 (0xa63f2223) mem 0x80012000 0x00000001
core   0: 0x800115a4 (0xff9ff06f) j       pc - 0x8
core   0: 3 0x800115a4 (0xff9ff06f)
core   0: 0x8001159c (0x00001f17) auipc   t5, 0x1
core   0: 3 0x8001159c (0x00001f17) x30 0x8001259c
core   0: 0x800115a0 (0xa63f2223) sw      gp, -1436(t5)
core   0: 3 0x800115a0 (0xa63f2223) mem 0x80012000 0x00000001
core   0: 0x800115a4 (0xff9ff06f) j       pc - 0x8
core   0: 3 0x800115a4 (0xff9ff06f)
core   0: 0x8001159c (0x00001f17) auipc   t5, 0x1
core   0: 3 0x8001159c (0x00001f17) x30 0x8001259c
core   0: 0x800115a0 (0xa63f2223) sw      gp, -1436(t5)
core   0: 3 0x800115a0 (0xa63f2223) mem 0x80012000 0x00000001
core   0: 0x800115a4 (0xff9ff06f) j       pc - 0x8
core   0: 3 0x800115a4 (0xff9ff06f)
core   0: 0x8001159c (0x00001f17) auipc   t5, 0x1
core   0: 3 0x8001159c (0x00001f17) x30 0x8001259c
core   0: 0x800115a0 (0xa63f2223) sw      gp, -1436(t5)
core   0: 3 0x800115a0 (0xa63f2223) mem 0x80012000 0x00000001
core   0: 0x800115a4 (0xff9ff06f) j       pc - 0x8
core   0: 3 0x800115a4 (0xff9ff06f)
core   0: 0x8001159c (0x00001f17) auipc   t5, 0x1
core   0: 3 0x8001159c (0x00001f17) x30 0x8001259c
core   0: 0x800115a0 (0xa63f2223) sw      gp, -1436(t5)
core   0: 3 0x800115a0 (0xa63f2223) mem 0x80012000 0x00000001
core   0: 0x800115a4 (0xff9ff06f) j       pc - 0x8
core   0: 3 0x800115a4 (0xff9ff06f)
core   0: 0x8001159c (0x00001f17) auipc   t5, 0x1
core   0: 3 0x8001159c (0x00001f17) x30 0x8001259c
core   0: 0x800115a0 (0xa63f2223) sw      gp, -1436(t5)
core   0: 3 0x800115a0 (0xa63f2223) mem 0x80012000 0x00000001
core   0: 0x800115a4 (0xff9ff06f) j       pc - 0x8
core   0: 3 0x800115a4 (0xff9ff06f)
core   0: 0x8001159c (0x00001f17) auipc   t5, 0x1
core   0: 3 0x8001159c (0x00001f17) x30 0x8001259c
core   0: 0x800115a0 (0xa63f2223) sw      gp, -1436(t5)
core   0: 3 0x800115a0 (0xa63f2223) mem 0x80012000 0x00000001
core   0: 0x800115a4 (0xff9ff06f) j       pc - 0x8
core   0: 3 0x800115a4 (0xff9ff06f)
core   0: 0x8001159c (0x00001f17) auipc   t5, 0x1
core   0: 3 0x8001159c (0x00001f17) x30 0x8001259c
core   0: 0x800115a0 (0xa63f2223) sw      gp, -1436(t5)
core   0: 3 0x800115a0 (0xa63f2223) mem 0x80012000 0x00000001
core   0: 0x800115a4 (0xff9ff06f) j       pc - 0x8
core   0: 3 0x800115a4 (0xff9ff06f)
core   0: 0x8001159c (0x00001f17) auipc   t5, 0x1
core   0: 3 0x8001159c (0x00001f17) x30 0x8001259c
core   0: 0x800115a0 (0xa63f2223) sw      gp, -1436(t5)
core   0: 3 0x800115a0 (0xa63f2223) mem 0x80012000 0x00000001
core   0: 0x800115a4 (0xff9ff06f) j       pc - 0x8
core   0: 3 0x800115a4 (0xff9ff06f)
core   0: 0x8001159c (0x00001f17) auipc   t5, 0x1
core   0: 3 0x8001159c (0x00001f17) x30 0x8001259c
core   0: 0x800115a0 (0xa63f2223) sw      gp, -1436(t5)
core   0: 3 0x800115a0 (0xa63f2223) mem 0x80012000 0x00000001
core   0: 0x800115a4 (0xff9ff06f) j       pc - 0x8
core   0: 3 0x800115a4 (0xff9ff06f)
core   0: 0x8001159c (0x00001f17) auipc   t5, 0x1
core   0: 3 0x8001159c (0x00001f17) x30 0x8001259c
core   0: 0x800115a0 (0xa63f2223) sw      gp, -1436(t5)
core   0: 3 0x800115a0 (0xa63f2223) mem 0x80012000 0x00000001
core   0: 0x800115a4 (0xff9ff06f) j       pc - 0x8
core   0: 3 0x800115a4 (0xff9ff06f)
core   0: 0x8001159c (0x00001f17) auipc   t5, 0x1
core   0: 3 0x8001159c (0x00001f17) x30 0x8001259c
core   0: 0x800115a0 (0xa63f2223) sw      gp, -1436(t5)
core   0: 3 0x800115a0 (0xa63f2223) mem 0x80012000 0x00000001
core   0: 0x800115a4 (0xff9ff06f) j       pc - 0x8
core   0: 3 0x800115a4 (0xff9ff06f)
core   0: 0x8001159c (0x00001f17) auipc   t5, 0x1
core   0: 3 0x8001159c (0x00001f17) x30 0x8001259c
core   0: 0x800115a0 (0xa63f2223) sw      gp, -1436(t5)
core   0: 3 0x800115a0 (0xa63f2223) mem 0x80012000 0x00000001
core   0: 0x800115a4 (0xff9ff06f) j       pc - 0x8
core   0: 3 0x800115a4 (0xff9ff06f)
core   0: 0x8001159c (0x00001f17) auipc   t5, 0x1
core   0: 3 0x8001159c (0x00001f17) x30 0x8001259c
core   0: 0x800115a0 (0xa63f2223) sw      gp, -1436(t5)
core   0: 3 0x800115a0 (0xa63f2223) mem 0x80012000 0x00000001
core   0: 0x800115a4 (0xff9ff06f) j       pc - 0x8
core   0: 3 0x800115a4 (0xff9ff06f)
core   0: 0x8001159c (0x00001f17) auipc   t5, 0x1
core   0: 3 0x8001159c (0x00001f17) x30 0x8001259c
core   0: 0x800115a0 (0xa63f2223) sw      gp, -1436(t5)
core   0: 3 0x800115a0 (0xa63f2223) mem 0x80012000 0x00000001
core   0: 0x800115a4 (0xff9ff06f) j       pc - 0x8
core   0: 3 0x800115a4 (0xff9ff06f)
core   0: 0x8001159c (0x00001f17) auipc   t5, 0x1
core   0: 3 0x8001159c (0x00001f17) x30 0x8001259c
core   0: 0x800115a0 (0xa63f2223) sw      gp, -1436(t5)
core   0: 3 0x800115a0 (0xa63f2223) mem 0x80012000 0x00000001
core   0: 0x800115a4 (0xff9ff06f) j       pc - 0x8
core   0: 3 0x800115a4 (0xff9ff06f)
core   0: 0x8001159c (0x00001f17) auipc   t5, 0x1
core   0: 3 0x8001159c (0x00001f17) x30 0x8001259c
core   0: 0x800115a0 (0xa63f2223) sw      gp, -1436(t5)
core   0: 3 0x800115a0 (0xa63f2223) mem 0x80012000 0x00000001
core   0: 0x800115a4 (0xff9ff06f) j       pc - 0x8
core   0: 3 0x800115a4 (0xff9ff06f)
core   0: 0x8001159c (0x00001f17) auipc   t5, 0x1
core   0: 3 0x8001159c (0x00001f17) x30 0x8001259c
core   0: 0x800115a0 (0xa63f2223) sw      gp, -1436(t5)
core   0: 3 0x800115a0 (0xa63f2223) mem 0x80012000 0x00000001
core   0: 0x800115a4 (0xff9ff06f) j       pc - 0x8
core   0: 3 0x800115a4 (0xff9ff06f)
core   0: 0x8001159c (0x00001f17) auipc   t5, 0x1
core   0: 3 0x8001159c (0x00001f17) x30 0x8001259c
core   0: 0x800115a0 (0xa63f2223) sw      gp, -1436(t5)
core   0: 3 0x800115a0 (0xa63f2223) mem 0x80012000 0x00000001
core   0: 0x800115a4 (0xff9ff06f) j       pc - 0x8
core   0: 3 0x800115a4 (0xff9ff06f)
core   0: 0x8001159c (0x00001f17) auipc   t5, 0x1
core   0: 3 0x8001159c (0x00001f17) x30 0x8001259c
core   0: 0x800115a0 (0xa63f2223) sw      gp, -1436(t5)
core   0: 3 0x800115a0 (0xa63f2223) mem 0x80012000 0x00000001
core   0: 0x800115a4 (0xff9ff06f) j       pc - 0x8
core   0: 3 0x800115a4 (0xff9ff06f)
core   0: 0x8001159c (0x00001f17) auipc   t5, 0x1
core   0: 3 0x8001159c (0x00001f17) x30 0x8001259c
core   0: 0x800115a0 (0xa63f2223) sw      gp, -1436(t5)
core   0: 3 0x800115a0 (0xa63f2223) mem 0x80012000 0x00000001
core   0: 0x800115a4 (0xff9ff06f) j       pc - 0x8
core   0: 3 0x800115a4 (0xff9ff06f)
core   0: 0x8001159c (0x00001f17) auipc   t5, 0x1
core   0: 3 0x8001159c (0x00001f17) x30 0x8001259c
core   0: 0x800115a0 (0xa63f2223) sw      gp, -1436(t5)
core   0: 3 0x800115a0 (0xa63f2223) mem 0x80012000 0x00000001
core   0: 0x800115a4 (0xff9ff06f) j       pc - 0x8
core   0: 3 0x800115a4 (0xff9ff06f)
core   0: 0x8001159c (0x00001f17) auipc   t5, 0x1
core   0: 3 0x8001159c (0x00001f17) x30 0x8001259c
core   0: 0x800115a0 (0xa63f2223) sw      gp, -1436(t5)
core   0: 3 0x800115a0 (0xa63f2223) mem 0x80012000 0x00000001
core   0: 0x800115a4 (0xff9ff06f) j       pc - 0x8
core   0: 3 0x800115a4 (0xff9ff06f)
core   0: 0x8001159c (0x00001f17) auipc   t5, 0x1
core   0: 3 0x8001159c (0x00001f17) x30 0x8001259c
core   0: 0x800115a0 (0xa63f2223) sw      gp, -1436(t5)
core   0: 3 0x800115a0 (0xa63f2223) mem 0x80012000 0x00000001
core   0: 0x800115a4 (0xff9ff06f) j       pc - 0x8
core   0: 3 0x800115a4 (0xff9ff06f)
core   0: 0x8001159c (0x00001f17) auipc   t5, 0x1
core   0: 3 0x8001159c (0x00001f17) x30 0x8001259c
core   0: 0x800115a0 (0xa63f2223) sw      gp, -1436(t5)
core   0: 3 0x800115a0 (0xa63f2223) mem 0x80012000 0x00000001
core   0: 0x800115a4 (0xff9ff06f) j       pc - 0x8
core   0: 3 0x800115a4 (0xff9ff06f)
core   0: 0x8001159c (0x00001f17) auipc   t5, 0x1
core   0: 3 0x8001159c (0x00001f17) x30 0x8001259c
core   0: 0x800115a0 (0xa63f2223) sw      gp, -1436(t5)
core   0: 3 0x800115a0 (0xa63f2223) mem 0x80012000 0x00000001
core   0: 0x800115a4 (0xff9ff06f) j       pc - 0x8
core   0: 3 0x800115a4 (0xff9ff06f)
core   0: 0x8001159c (0x00001f17) auipc   t5, 0x1
core   0: 3 0x8001159c (0x00001f17) x30 0x8001259c
core   0: 0x800115a0 (0xa63f2223) sw      gp, -1436(t5)
core   0: 3 0x800115a0 (0xa63f2223) mem 0x80012000 0x00000001
core   0: 0x800115a4 (0xff9ff06f) j       pc - 0x8
core   0: 3 0x800115a4 (0xff9ff06f)
core   0: 0x8001159c (0x00001f17) auipc   t5, 0x1
core   0: 3 0x8001159c (0x00001f17) x30 0x8001259c
core   0: 0x800115a0 (0xa63f2223) sw      gp, -1436(t5)
core   0: 3 0x800115a0 (0xa63f2223) mem 0x80012000 0x00000001
core   0: 0x800115a4 (0xff9ff06f) j       pc - 0x8
core   0: 3 0x800115a4 (0xff9ff06f)
core   0: 0x8001159c (0x00001f17) auipc   t5, 0x1
core   0: 3 0x8001159c (0x00001f17) x30 0x8001259c
core   0: 0x800115a0 (0xa63f2223) sw      gp, -1436(t5)
core   0: 3 0x800115a0 (0xa63f2223) mem 0x80012000 0x00000001
core   0: 0x800115a4 (0xff9ff06f) j       pc - 0x8
core   0: 3 0x800115a4 (0xff9ff06f)
core   0: 0x8001159c (0x00001f17) auipc   t5, 0x1
core   0: 3 0x8001159c (0x00001f17) x30 0x8001259c
core   0: 0x800115a0 (0xa63f2223) sw      gp, -1436(t5)
core   0: 3 0x800115a0 (0xa63f2223) mem 0x80012000 0x00000001
core   0: 0x800115a4 (0xff9ff06f) j       pc - 0x8
core   0: 3 0x800115a4 (0xff9ff06f)
core   0: 0x8001159c (0x00001f17) auipc   t5, 0x1
core   0: 3 0x8001159c (0x00001f17) x30 0x8001259c
core   0: 0x800115a0 (0xa63f2223) sw      gp, -1436(t5)
core   0: 3 0x800115a0 (0xa63f2223) mem 0x80012000 0x00000001
core   0: 0x800115a4 (0xff9ff06f) j       pc - 0x8
core   0: 3 0x800115a4 (0xff9ff06f)
core   0: 0x8001159c (0x00001f17) auipc   t5, 0x1
core   0: 3 0x8001159c (0x00001f17) x30 0x8001259c
core   0: 0x800115a0 (0xa63f2223) sw      gp, -1436(t5)
core   0: 3 0x800115a0 (0xa63f2223) mem 0x80012000 0x00000001
core   0: 0x800115a4 (0xff9ff06f) j       pc - 0x8
core   0: 3 0x800115a4 (0xff9ff06f)
core   0: 0x8001159c (0x00001f17) auipc   t5, 0x1
core   0: 3 0x8001159c (0x00001f17) x30 0x8001259c
core   0: 0x800115a0 (0xa63f2223) sw      gp, -1436(t5)
core   0: 3 0x800115a0 (0xa63f2223) mem 0x80012000 0x00000001
core   0: 0x800115a4 (0xff9ff06f) j       pc - 0x8
core   0: 3 0x800115a4 (0xff9ff06f)
core   0: 0x8001159c (0x00001f17) auipc   t5, 0x1
core   0: 3 0x8001159c (0x00001f17) x30 0x8001259c
core   0: 0x800115a0 (0xa63f2223) sw      gp, -1436(t5)
core   0: 3 0x800115a0 (0xa63f2223) mem 0x80012000 0x00000001
core   0: 0x800115a4 (0xff9ff06f) j       pc - 0x8
core   0: 3 0x800115a4 (0xff9ff06f)
core   0: 0x8001159c (0x00001f17) auipc   t5, 0x1
core   0: 3 0x8001159c (0x00001f17) x30 0x8001259c
core   0: 0x800115a0 (0xa63f2223) sw      gp, -1436(t5)
core   0: 3 0x800115a0 (0xa63f2223) mem 0x80012000 0x00000001
core   0: 0x800115a4 (0xff9ff06f) j       pc - 0x8
core   0: 3 0x800115a4 (0xff9ff06f)
core   0: 0x8001159c (0x00001f17) auipc   t5, 0x1
core   0: 3 0x8001159c (0x00001f17) x30 0x8001259c
core   0: 0x800115a0 (0xa63f2223) sw      gp, -1436(t5)
core   0: 3 0x800115a0 (0xa63f2223) mem 0x80012000 0x00000001
core   0: 0x800115a4 (0xff9ff06f) j       pc - 0x8
core   0: 3 0x800115a4 (0xff9ff06f)
core   0: 0x8001159c (0x00001f17) auipc   t5, 0x1
core   0: 3 0x8001159c (0x00001f17) x30 0x8001259c
core   0: 0x800115a0 (0xa63f2223) sw      gp, -1436(t5)
core   0: 3 0x800115a0 (0xa63f2223) mem 0x80012000 0x00000001
core   0: 0x800115a4 (0xff9ff06f) j       pc - 0x8
core   0: 3 0x800115a4 (0xff9ff06f)
core   0: 0x8001159c (0x00001f17) auipc   t5, 0x1
core   0: 3 0x8001159c (0x00001f17) x30 0x8001259c
core   0: 0x800115a0 (0xa63f2223) sw      gp, -1436(t5)
core   0: 3 0x800115a0 (0xa63f2223) mem 0x80012000 0x00000001
core   0: 0x800115a4 (0xff9ff06f) j       pc - 0x8
core   0: 3 0x800115a4 (0xff9ff06f)
core   0: 0x8001159c (0x00001f17) auipc   t5, 0x1
core   0: 3 0x8001159c (0x00001f17) x30 0x8001259c
core   0: 0x800115a0 (0xa63f2223) sw      gp, -1436(t5)
core   0: 3 0x800115a0 (0xa63f2223) mem 0x80012000 0x00000001
core   0: 0x800115a4 (0xff9ff06f) j       pc - 0x8
core   0: 3 0x800115a4 (0xff9ff06f)
core   0: 0x8001159c (0x00001f17) auipc   t5, 0x1
core   0: 3 0x8001159c (0x00001f17) x30 0x8001259c
core   0: 0x800115a0 (0xa63f2223) sw      gp, -1436(t5)
core   0: 3 0x800115a0 (0xa63f2223) mem 0x80012000 0x00000001
core   0: 0x800115a4 (0xff9ff06f) j       pc - 0x8
core   0: 3 0x800115a4 (0xff9ff06f)
core   0: 0x8001159c (0x00001f17) auipc   t5, 0x1
core   0: 3 0x8001159c (0x00001f17) x30 0x8001259c
core   0: 0x800115a0 (0xa63f2223) sw      gp, -1436(t5)
core   0: 3 0x800115a0 (0xa63f2223) mem 0x80012000 0x00000001
core   0: 0x800115a4 (0xff9ff06f) j       pc - 0x8
core   0: 3 0x800115a4 (0xff9ff06f)
core   0: 0x8001159c (0x00001f17) auipc   t5, 0x1
core   0: 3 0x8001159c (0x00001f17) x30 0x8001259c
core   0: 0x800115a0 (0xa63f2223) sw      gp, -1436(t5)
core   0: 3 0x800115a0 (0xa63f2223) mem 0x80012000 0x00000001
core   0: 0x800115a4 (0xff9ff06f) j       pc - 0x8
core   0: 3 0x800115a4 (0xff9ff06f)
core   0: 0x8001159c (0x00001f17) auipc   t5, 0x1
core   0: 3 0x8001159c (0x00001f17) x30 0x8001259c
core   0: 0x800115a0 (0xa63f2223) sw      gp, -1436(t5)
core   0: 3 0x800115a0 (0xa63f2223) mem 0x80012000 0x00000001
core   0: 0x800115a4 (0xff9ff06f) j       pc - 0x8
core   0: 3 0x800115a4 (0xff9ff06f)
core   0: 0x8001159c (0x00001f17) auipc   t5, 0x1
core   0: 3 0x8001159c (0x00001f17) x30 0x8001259c
core   0: 0x800115a0 (0xa63f2223) sw      gp, -1436(t5)
core   0: 3 0x800115a0 (0xa63f2223) mem 0x80012000 0x00000001
core   0: 0x800115a4 (0xff9ff06f) j       pc - 0x8
core   0: 3 0x800115a4 (0xff9ff06f)
core   0: 0x8001159c (0x00001f17) auipc   t5, 0x1
core   0: 3 0x8001159c (0x00001f17) x30 0x8001259c
core   0: 0x800115a0 (0xa63f2223) sw      gp, -1436(t5)
core   0: 3 0x800115a0 (0xa63f2223) mem 0x80012000 0x00000001
core   0: 0x800115a4 (0xff9ff06f) j       pc - 0x8
core   0: 3 0x800115a4 (0xff9ff06f)
core   0: 0x8001159c (0x00001f17) auipc   t5, 0x1
core   0: 3 0x8001159c (0x00001f17) x30 0x8001259c
core   0: 0x800115a0 (0xa63f2223) sw      gp, -1436(t5)
core   0: 3 0x800115a0 (0xa63f2223) mem 0x80012000 0x00000001
core   0: 0x800115a4 (0xff9ff06f) j       pc - 0x8
core   0: 3 0x800115a4 (0xff9ff06f)
core   0: 0x8001159c (0x00001f17) auipc   t5, 0x1
core   0: 3 0x8001159c (0x00001f17) x30 0x8001259c
core   0: 0x800115a0 (0xa63f2223) sw      gp, -1436(t5)
core   0: 3 0x800115a0 (0xa63f2223) mem 0x80012000 0x00000001
core   0: 0x800115a4 (0xff9ff06f) j       pc - 0x8
core   0: 3 0x800115a4 (0xff9ff06f)
core   0: 0x8001159c (0x00001f17) auipc   t5, 0x1
core   0: 3 0x8001159c (0x00001f17) x30 0x8001259c
core   0: 0x800115a0 (0xa63f2223) sw      gp, -1436(t5)
core   0: 3 0x800115a0 (0xa63f2223) mem 0x80012000 0x00000001
core   0: 0x800115a4 (0xff9ff06f) j       pc - 0x8
core   0: 3 0x800115a4 (0xff9ff06f)
core   0: 0x8001159c (0x00001f17) auipc   t5, 0x1
core   0: 3 0x8001159c (0x00001f17) x30 0x8001259c
core   0: 0x800115a0 (0xa63f2223) sw      gp, -1436(t5)
core   0: 3 0x800115a0 (0xa63f2223) mem 0x80012000 0x00000001
core   0: 0x800115a4 (0xff9ff06f) j       pc - 0x8
core   0: 3 0x800115a4 (0xff9ff06f)
core   0: 0x8001159c (0x00001f17) auipc   t5, 0x1
core   0: 3 0x8001159c (0x00001f17) x30 0x8001259c
core   0: 0x800115a0 (0xa63f2223) sw      gp, -1436(t5)
core   0: 3 0x800115a0 (0xa63f2223) mem 0x80012000 0x00000001
core   0: 0x800115a4 (0xff9ff06f) j       pc - 0x8
core   0: 3 0x800115a4 (0xff9ff06f)
core   0: 0x8001159c (0x00001f17) auipc   t5, 0x1
core   0: 3 0x8001159c (0x00001f17) x30 0x8001259c
core   0: 0x800115a0 (0xa63f2223) sw      gp, -1436(t5)
core   0: 3 0x800115a0 (0xa63f2223) mem 0x80012000 0x00000001
core   0: 0x800115a4 (0xff9ff06f) j       pc - 0x8
core   0: 3 0x800115a4 (0xff9ff06f)
core   0: 0x8001159c (0x00001f17) auipc   t5, 0x1
core   0: 3 0x8001159c (0x00001f17) x30 0x8001259c
core   0: 0x800115a0 (0xa63f2223) sw      gp, -1436(t5)
core   0: 3 0x800115a0 (0xa63f2223) mem 0x80012000 0x00000001
core   0: 0x800115a4 (0xff9ff06f) j       pc - 0x8
core   0: 3 0x800115a4 (0xff9ff06f)
core   0: 0x8001159c (0x00001f17) auipc   t5, 0x1
core   0: 3 0x8001159c (0x00001f17) x30 0x8001259c
core   0: 0x800115a0 (0xa63f2223) sw      gp, -1436(t5)
core   0: 3 0x800115a0 (0xa63f2223) mem 0x80012000 0x00000001
core   0: 0x800115a4 (0xff9ff06f) j       pc - 0x8
core   0: 3 0x800115a4 (0xff9ff06f)
core   0: 0x8001159c (0x00001f17) auipc   t5, 0x1
core   0: 3 0x8001159c (0x00001f17) x30 0x8001259c
core   0: 0x800115a0 (0xa63f2223) sw      gp, -1436(t5)
core   0: 3 0x800115a0 (0xa63f2223) mem 0x80012000 0x00000001
core   0: 0x800115a4 (0xff9ff06f) j       pc - 0x8
core   0: 3 0x800115a4 (0xff9ff06f)
core   0: 0x8001159c (0x00001f17) auipc   t5, 0x1
core   0: 3 0x8001159c (0x00001f17) x30 0x8001259c
core   0: 0x800115a0 (0xa63f2223) sw      gp, -1436(t5)
core   0: 3 0x800115a0 (0xa63f2223) mem 0x80012000 0x00000001
core   0: 0x800115a4 (0xff9ff06f) j       pc - 0x8
core   0: 3 0x800115a4 (0xff9ff06f)
core   0: 0x8001159c (0x00001f17) auipc   t5, 0x1
core   0: 3 0x8001159c (0x00001f17) x30 0x8001259c
core   0: 0x800115a0 (0xa63f2223) sw      gp, -1436(t5)
core   0: 3 0x800115a0 (0xa63f2223) mem 0x80012000 0x00000001
core   0: 0x800115a4 (0xff9ff06f) j       pc - 0x8
core   0: 3 0x800115a4 (0xff9ff06f)
core   0: 0x8001159c (0x00001f17) auipc   t5, 0x1
core   0: 3 0x8001159c (0x00001f17) x30 0x8001259c
core   0: 0x800115a0 (0xa63f2223) sw      gp, -1436(t5)
core   0: 3 0x800115a0 (0xa63f2223) mem 0x80012000 0x00000001
core   0: 0x800115a4 (0xff9ff06f) j       pc - 0x8
core   0: 3 0x800115a4 (0xff9ff06f)
core   0: 0x8001159c (0x00001f17) auipc   t5, 0x1
core   0: 3 0x8001159c (0x00001f17) x30 0x8001259c
core   0: 0x800115a0 (0xa63f2223) sw      gp, -1436(t5)
core   0: 3 0x800115a0 (0xa63f2223) mem 0x80012000 0x00000001
core   0: 0x800115a4 (0xff9ff06f) j       pc - 0x8
core   0: 3 0x800115a4 (0xff9ff06f)
core   0: 0x8001159c (0x00001f17) auipc   t5, 0x1
core   0: 3 0x8001159c (0x00001f17) x30 0x8001259c
core   0: 0x800115a0 (0xa63f2223) sw      gp, -1436(t5)
core   0: 3 0x800115a0 (0xa63f2223) mem 0x80012000 0x00000001
core   0: 0x800115a4 (0xff9ff06f) j       pc - 0x8
core   0: 3 0x800115a4 (0xff9ff06f)
core   0: 0x8001159c (0x00001f17) auipc   t5, 0x1
core   0: 3 0x8001159c (0x00001f17) x30 0x8001259c
core   0: 0x800115a0 (0xa63f2223) sw      gp, -1436(t5)
core   0: 3 0x800115a0 (0xa63f2223) mem 0x80012000 0x00000001
core   0: 0x800115a4 (0xff9ff06f) j       pc - 0x8
core   0: 3 0x800115a4 (0xff9ff06f)
core   0: 0x8001159c (0x00001f17) auipc   t5, 0x1
core   0: 3 0x8001159c (0x00001f17) x30 0x8001259c
core   0: 0x800115a0 (0xa63f2223) sw      gp, -1436(t5)
core   0: 3 0x800115a0 (0xa63f2223) mem 0x80012000 0x00000001
core   0: 0x800115a4 (0xff9ff06f) j       pc - 0x8
core   0: 3 0x800115a4 (0xff9ff06f)
core   0: 0x8001159c (0x00001f17) auipc   t5, 0x1
core   0: 3 0x8001159c (0x00001f17) x30 0x8001259c
core   0: 0x800115a0 (0xa63f2223) sw      gp, -1436(t5)
core   0: 3 0x800115a0 (0xa63f2223) mem 0x80012000 0x00000001
core   0: 0x800115a4 (0xff9ff06f) j       pc - 0x8
core   0: 3 0x800115a4 (0xff9ff06f)
core   0: 0x8001159c (0x00001f17) auipc   t5, 0x1
core   0: 3 0x8001159c (0x00001f17) x30 0x8001259c
core   0: 0x800115a0 (0xa63f2223) sw      gp, -1436(t5)
core   0: 3 0x800115a0 (0xa63f2223) mem 0x80012000 0x00000001
core   0: 0x800115a4 (0xff9ff06f) j       pc - 0x8
core   0: 3 0x800115a4 (0xff9ff06f)
core   0: 0x8001159c (0x00001f17) auipc   t5, 0x1
core   0: 3 0x8001159c (0x00001f17) x30 0x8001259c
core   0: 0x800115a0 (0xa63f2223) sw      gp, -1436(t5)
core   0: 3 0x800115a0 (0xa63f2223) mem 0x80012000 0x00000001
core   0: 0x800115a4 (0xff9ff06f) j       pc - 0x8
core   0: 3 0x800115a4 (0xff9ff06f)
core   0: 0x8001159c (0x00001f17) auipc   t5, 0x1
core   0: 3 0x8001159c (0x00001f17) x30 0x8001259c
core   0: 0x800115a0 (0xa63f2223) sw      gp, -1436(t5)
core   0: 3 0x800115a0 (0xa63f2223) mem 0x80012000 0x00000001
core   0: 0x800115a4 (0xff9ff06f) j       pc - 0x8
core   0: 3 0x800115a4 (0xff9ff06f)
core   0: 0x8001159c (0x00001f17) auipc   t5, 0x1
core   0: 3 0x8001159c (0x00001f17) x30 0x8001259c
core   0: 0x800115a0 (0xa63f2223) sw      gp, -1436(t5)
core   0: 3 0x800115a0 (0xa63f2223) mem 0x80012000 0x00000001
core   0: 0x800115a4 (0xff9ff06f) j       pc - 0x8
core   0: 3 0x800115a4 (0xff9ff06f)
core   0: 0x8001159c (0x00001f17) auipc   t5, 0x1
core   0: 3 0x8001159c (0x00001f17) x30 0x8001259c
core   0: 0x800115a0 (0xa63f2223) sw      gp, -1436(t5)
core   0: 3 0x800115a0 (0xa63f2223) mem 0x80012000 0x00000001
core   0: 0x800115a4 (0xff9ff06f) j       pc - 0x8
core   0: 3 0x800115a4 (0xff9ff06f)
core   0: 0x8001159c (0x00001f17) auipc   t5, 0x1
core   0: 3 0x8001159c (0x00001f17) x30 0x8001259c
core   0: 0x800115a0 (0xa63f2223) sw      gp, -1436(t5)
core   0: 3 0x800115a0 (0xa63f2223) mem 0x80012000 0x00000001
core   0: 0x800115a4 (0xff9ff06f) j       pc - 0x8
core   0: 3 0x800115a4 (0xff9ff06f)
core   0: 0x8001159c (0x00001f17) auipc   t5, 0x1
core   0: 3 0x8001159c (0x00001f17) x30 0x8001259c
core   0: 0x800115a0 (0xa63f2223) sw      gp, -1436(t5)
core   0: 3 0x800115a0 (0xa63f2223) mem 0x80012000 0x00000001
core   0: 0x800115a4 (0xff9ff06f) j       pc - 0x8
core   0: 3 0x800115a4 (0xff9ff06f)
core   0: 0x8001159c (0x00001f17) auipc   t5, 0x1
core   0: 3 0x8001159c (0x00001f17) x30 0x8001259c
core   0: 0x800115a0 (0xa63f2223) sw      gp, -1436(t5)
core   0: 3 0x800115a0 (0xa63f2223) mem 0x80012000 0x00000001
core   0: 0x800115a4 (0xff9ff06f) j       pc - 0x8
core   0: 3 0x800115a4 (0xff9ff06f)
core   0: 0x8001159c (0x00001f17) auipc   t5, 0x1
core   0: 3 0x8001159c (0x00001f17) x30 0x8001259c
core   0: 0x800115a0 (0xa63f2223) sw      gp, -1436(t5)
core   0: 3 0x800115a0 (0xa63f2223) mem 0x80012000 0x00000001
core   0: 0x800115a4 (0xff9ff06f) j       pc - 0x8
core   0: 3 0x800115a4 (0xff9ff06f)
core   0: 0x8001159c (0x00001f17) auipc   t5, 0x1
core   0: 3 0x8001159c (0x00001f17) x30 0x8001259c
core   0: 0x800115a0 (0xa63f2223) sw      gp, -1436(t5)
core   0: 3 0x800115a0 (0xa63f2223) mem 0x80012000 0x00000001
core   0: 0x800115a4 (0xff9ff06f) j       pc - 0x8
core   0: 3 0x800115a4 (0xff9ff06f)
core   0: 0x8001159c (0x00001f17) auipc   t5, 0x1
core   0: 3 0x8001159c (0x00001f17) x30 0x8001259c
core   0: 0x800115a0 (0xa63f2223) sw      gp, -1436(t5)
core   0: 3 0x800115a0 (0xa63f2223) mem 0x80012000 0x00000001
core   0: 0x800115a4 (0xff9ff06f) j       pc - 0x8
core   0: 3 0x800115a4 (0xff9ff06f)
core   0: 0x8001159c (0x00001f17) auipc   t5, 0x1
core   0: 3 0x8001159c (0x00001f17) x30 0x8001259c
core   0: 0x800115a0 (0xa63f2223) sw      gp, -1436(t5)
core   0: 3 0x800115a0 (0xa63f2223) mem 0x80012000 0x00000001
core   0: 0x800115a4 (0xff9ff06f) j       pc - 0x8
core   0: 3 0x800115a4 (0xff9ff06f)
core   0: 0x8001159c (0x00001f17) auipc   t5, 0x1
core   0: 3 0x8001159c (0x00001f17) x30 0x8001259c
core   0: 0x800115a0 (0xa63f2223) sw      gp, -1436(t5)
core   0: 3 0x800115a0 (0xa63f2223) mem 0x80012000 0x00000001
core   0: 0x800115a4 (0xff9ff06f) j       pc - 0x8
core   0: 3 0x800115a4 (0xff9ff06f)
core   0: 0x8001159c (0x00001f17) auipc   t5, 0x1
core   0: 3 0x8001159c (0x00001f17) x30 0x8001259c
core   0: 0x800115a0 (0xa63f2223) sw      gp, -1436(t5)
core   0: 3 0x800115a0 (0xa63f2223) mem 0x80012000 0x00000001
core   0: 0x800115a4 (0xff9ff06f) j       pc - 0x8
core   0: 3 0x800115a4 (0xff9ff06f)
core   0: 0x8001159c (0x00001f17) auipc   t5, 0x1
core   0: 3 0x8001159c (0x00001f17) x30 0x8001259c
core   0: 0x800115a0 (0xa63f2223) sw      gp, -1436(t5)
core   0: 3 0x800115a0 (0xa63f2223) mem 0x80012000 0x00000001
core   0: 0x800115a4 (0xff9ff06f) j       pc - 0x8
core   0: 3 0x800115a4 (0xff9ff06f)
core   0: 0x8001159c (0x00001f17) auipc   t5, 0x1
core   0: 3 0x8001159c (0x00001f17) x30 0x8001259c
core   0: 0x800115a0 (0xa63f2223) sw      gp, -1436(t5)
core   0: 3 0x800115a0 (0xa63f2223) mem 0x80012000 0x00000001
core   0: 0x800115a4 (0xff9ff06f) j       pc - 0x8
core   0: 3 0x800115a4 (0xff9ff06f)
core   0: 0x8001159c (0x00001f17) auipc   t5, 0x1
core   0: 3 0x8001159c (0x00001f17) x30 0x8001259c
core   0: 0x800115a0 (0xa63f2223) sw      gp, -1436(t5)
core   0: 3 0x800115a0 (0xa63f2223) mem 0x80012000 0x00000001
core   0: 0x800115a4 (0xff9ff06f) j       pc - 0x8
core   0: 3 0x800115a4 (0xff9ff06f)
core   0: 0x8001159c (0x00001f17) auipc   t5, 0x1
core   0: 3 0x8001159c (0x00001f17) x30 0x8001259c
core   0: 0x800115a0 (0xa63f2223) sw      gp, -1436(t5)
core   0: 3 0x800115a0 (0xa63f2223) mem 0x80012000 0x00000001
core   0: 0x800115a4 (0xff9ff06f) j       pc - 0x8
core   0: 3 0x800115a4 (0xff9ff06f)
core   0: 0x8001159c (0x00001f17) auipc   t5, 0x1
core   0: 3 0x8001159c (0x00001f17) x30 0x8001259c
core   0: 0x800115a0 (0xa63f2223) sw      gp, -1436(t5)
core   0: 3 0x800115a0 (0xa63f2223) mem 0x80012000 0x00000001
core   0: 0x800115a4 (0xff9ff06f) j       pc - 0x8
core   0: 3 0x800115a4 (0xff9ff06f)
core   0: 0x8001159c (0x00001f17) auipc   t5, 0x1
core   0: 3 0x8001159c (0x00001f17) x30 0x8001259c
core   0: 0x800115a0 (0xa63f2223) sw      gp, -1436(t5)
core   0: 3 0x800115a0 (0xa63f2223) mem 0x80012000 0x00000001
core   0: 0x800115a4 (0xff9ff06f) j       pc - 0x8
core   0: 3 0x800115a4 (0xff9ff06f)
core   0: 0x8001159c (0x00001f17) auipc   t5, 0x1
core   0: 3 0x8001159c (0x00001f17) x30 0x8001259c
core   0: 0x800115a0 (0xa63f2223) sw      gp, -1436(t5)
core   0: 3 0x800115a0 (0xa63f2223) mem 0x80012000 0x00000001
core   0: 0x800115a4 (0xff9ff06f) j       pc - 0x8
core   0: 3 0x800115a4 (0xff9ff06f)
core   0: 0x8001159c (0x00001f17) auipc   t5, 0x1
core   0: 3 0x8001159c (0x00001f17) x30 0x8001259c
core   0: 0x800115a0 (0xa63f2223) sw      gp, -1436(t5)
core   0: 3 0x800115a0 (0xa63f2223) mem 0x80012000 0x00000001
core   0: 0x800115a4 (0xff9ff06f) j       pc - 0x8
core   0: 3 0x800115a4 (0xff9ff06f)
core   0: 0x8001159c (0x00001f17) auipc   t5, 0x1
core   0: 3 0x8001159c (0x00001f17) x30 0x8001259c
core   0: 0x800115a0 (0xa63f2223) sw      gp, -1436(t5)
core   0: 3 0x800115a0 (0xa63f2223) mem 0x80012000 0x00000001
core   0: 0x800115a4 (0xff9ff06f) j       pc - 0x8
core   0: 3 0x800115a4 (0xff9ff06f)
core   0: 0x8001159c (0x00001f17) auipc   t5, 0x1
core   0: 3 0x8001159c (0x00001f17) x30 0x8001259c
core   0: 0x800115a0 (0xa63f2223) sw      gp, -1436(t5)
core   0: 3 0x800115a0 (0xa63f2223) mem 0x80012000 0x00000001
core   0: 0x800115a4 (0xff9ff06f) j       pc - 0x8
core   0: 3 0x800115a4 (0xff9ff06f)
core   0: 0x8001159c (0x00001f17) auipc   t5, 0x1
core   0: 3 0x8001159c (0x00001f17) x30 0x8001259c
core   0: 0x800115a0 (0xa63f2223) sw      gp, -1436(t5)
core   0: 3 0x800115a0 (0xa63f2223) mem 0x80012000 0x00000001
core   0: 0x800115a4 (0xff9ff06f) j       pc - 0x8
core   0: 3 0x800115a4 (0xff9ff06f)
core   0: 0x8001159c (0x00001f17) auipc   t5, 0x1
core   0: 3 0x8001159c (0x00001f17) x30 0x8001259c
core   0: 0x800115a0 (0xa63f2223) sw      gp, -1436(t5)
core   0: 3 0x800115a0 (0xa63f2223) mem 0x80012000 0x00000001
core   0: 0x800115a4 (0xff9ff06f) j       pc - 0x8
core   0: 3 0x800115a4 (0xff9ff06f)
core   0: 0x8001159c (0x00001f17) auipc   t5, 0x1
core   0: 3 0x8001159c (0x00001f17) x30 0x8001259c
core   0: 0x800115a0 (0xa63f2223) sw      gp, -1436(t5)
core   0: 3 0x800115a0 (0xa63f2223) mem 0x80012000 0x00000001
core   0: 0x800115a4 (0xff9ff06f) j       pc - 0x8
core   0: 3 0x800115a4 (0xff9ff06f)
core   0: 0x8001159c (0x00001f17) auipc   t5, 0x1
core   0: 3 0x8001159c (0x00001f17) x30 0x8001259c
core   0: 0x800115a0 (0xa63f2223) sw      gp, -1436(t5)
core   0: 3 0x800115a0 (0xa63f2223) mem 0x80012000 0x00000001
core   0: 0x800115a4 (0xff9ff06f) j       pc - 0x8
core   0: 3 0x800115a4 (0xff9ff06f)
core   0: 0x8001159c (0x00001f17) auipc   t5, 0x1
core   0: 3 0x8001159c (0x00001f17) x30 0x8001259c
core   0: 0x800115a0 (0xa63f2223) sw      gp, -1436(t5)
core   0: 3 0x800115a0 (0xa63f2223) mem 0x80012000 0x00000001
core   0: 0x800115a4 (0xff9ff06f) j       pc - 0x8
core   0: 3 0x800115a4 (0xff9ff06f)
core   0: 0x8001159c (0x00001f17) auipc   t5, 0x1
core   0: 3 0x8001159c (0x00001f17) x30 0x8001259c
core   0: 0x800115a0 (0xa63f2223) sw      gp, -1436(t5)
core   0: 3 0x800115a0 (0xa63f2223) mem 0x80012000 0x00000001
core   0: 0x800115a4 (0xff9ff06f) j       pc - 0x8
core   0: 3 0x800115a4 (0xff9ff06f)
core   0: 0x8001159c (0x00001f17) auipc   t5, 0x1
core   0: 3 0x8001159c (0x00001f17) x30 0x8001259c
core   0: 0x800115a0 (0xa63f2223) sw      gp, -1436(t5)
core   0: 3 0x800115a0 (0xa63f2223) mem 0x80012000 0x00000001
core   0: 0x800115a4 (0xff9ff06f) j       pc - 0x8
core   0: 3 0x800115a4 (0xff9ff06f)
core   0: 0x8001159c (0x00001f17) auipc   t5, 0x1
core   0: 3 0x8001159c (0x00001f17) x30 0x8001259c
core   0: 0x800115a0 (0xa63f2223) sw      gp, -1436(t5)
core   0: 3 0x800115a0 (0xa63f2223) mem 0x80012000 0x00000001
core   0: 0x800115a4 (0xff9ff06f) j       pc - 0x8
core   0: 3 0x800115a4 (0xff9ff06f)
core   0: 0x8001159c (0x00001f17) auipc   t5, 0x1
core   0: 3 0x8001159c (0x00001f17) x30 0x8001259c
core   0: 0x800115a0 (0xa63f2223) sw      gp, -1436(t5)
core   0: 3 0x800115a0 (0xa63f2223) mem 0x80012000 0x00000001
core   0: 0x800115a4 (0xff9ff06f) j       pc - 0x8
core   0: 3 0x800115a4 (0xff9ff06f)
core   0: 0x8001159c (0x00001f17) auipc   t5, 0x1
core   0: 3 0x8001159c (0x00001f17) x30 0x8001259c
core   0: 0x800115a0 (0xa63f2223) sw      gp, -1436(t5)
core   0: 3 0x800115a0 (0xa63f2223) mem 0x80012000 0x00000001
core   0: 0x800115a4 (0xff9ff06f) j       pc - 0x8
core   0: 3 0x800115a4 (0xff9ff06f)
core   0: 0x8001159c (0x00001f17) auipc   t5, 0x1
core   0: 3 0x8001159c (0x00001f17) x30 0x8001259c
core   0: 0x800115a0 (0xa63f2223) sw      gp, -1436(t5)
core   0: 3 0x800115a0 (0xa63f2223) mem 0x80012000 0x00000001
core   0: 0x800115a4 (0xff9ff06f) j       pc - 0x8
core   0: 3 0x800115a4 (0xff9ff06f)
core   0: 0x8001159c (0x00001f17) auipc   t5, 0x1
core   0: 3 0x8001159c (0x00001f17) x30 0x8001259c
core   0: 0x800115a0 (0xa63f2223) sw      gp, -1436(t5)
core   0: 3 0x800115a0 (0xa63f2223) mem 0x80012000 0x00000001
core   0: 0x800115a4 (0xff9ff06f) j       pc - 0x8
core   0: 3 0x800115a4 (0xff9ff06f)
core   0: 0x8001159c (0x00001f17) auipc   t5, 0x1
core   0: 3 0x8001159c (0x00001f17) x30 0x8001259c
core   0: 0x800115a0 (0xa63f2223) sw      gp, -1436(t5)
core   0: 3 0x800115a0 (0xa63f2223) mem 0x80012000 0x00000001
core   0: 0x800115a4 (0xff9ff06f) j       pc - 0x8
core   0: 3 0x800115a4 (0xff9ff06f)
core   0: 0x8001159c (0x00001f17) auipc   t5, 0x1
core   0: 3 0x8001159c (0x00001f17) x30 0x8001259c
core   0: 0x800115a0 (0xa63f2223) sw      gp, -1436(t5)
core   0: 3 0x800115a0 (0xa63f2223) mem 0x80012000 0x00000001
core   0: 0x800115a4 (0xff9ff06f) j       pc - 0x8
core   0: 3 0x800115a4 (0xff9ff06f)
core   0: 0x8001159c (0x00001f17) auipc   t5, 0x1
core   0: 3 0x8001159c (0x00001f17) x30 0x8001259c
core   0: 0x800115a0 (0xa63f2223) sw      gp, -1436(t5)
core   0: 3 0x800115a0 (0xa63f2223) mem 0x80012000 0x00000001
core   0: 0x800115a4 (0xff9ff06f) j       pc - 0x8
core   0: 3 0x800115a4 (0xff9ff06f)
core   0: 0x8001159c (0x00001f17) auipc   t5, 0x1
core   0: 3 0x8001159c (0x00001f17) x30 0x8001259c
core   0: 0x800115a0 (0xa63f2223) sw      gp, -1436(t5)
core   0: 3 0x800115a0 (0xa63f2223) mem 0x80012000 0x00000001
core   0: 0x800115a4 (0xff9ff06f) j       pc - 0x8
core   0: 3 0x800115a4 (0xff9ff06f)
core   0: 0x8001159c (0x00001f17) auipc   t5, 0x1
core   0: 3 0x8001159c (0x00001f17) x30 0x8001259c
core   0: 0x800115a0 (0xa63f2223) sw      gp, -1436(t5)
core   0: 3 0x800115a0 (0xa63f2223) mem 0x80012000 0x00000001
core   0: 0x800115a4 (0xff9ff06f) j       pc - 0x8
core   0: 3 0x800115a4 (0xff9ff06f)
core   0: 0x8001159c (0x00001f17) auipc   t5, 0x1
core   0: 3 0x8001159c (0x00001f17) x30 0x8001259c
core   0: 0x800115a0 (0xa63f2223) sw      gp, -1436(t5)
core   0: 3 0x800115a0 (0xa63f2223) mem 0x80012000 0x00000001
core   0: 0x800115a4 (0xff9ff06f) j       pc - 0x8
core   0: 3 0x800115a4 (0xff9ff06f)
core   0: 0x8001159c (0x00001f17) auipc   t5, 0x1
core   0: 3 0x8001159c (0x00001f17) x30 0x8001259c
core   0: 0x800115a0 (0xa63f2223) sw      gp, -1436(t5)
core   0: 3 0x800115a0 (0xa63f2223) mem 0x80012000 0x00000001
core   0: 0x800115a4 (0xff9ff06f) j       pc - 0x8
core   0: 3 0x800115a4 (0xff9ff06f)
core   0: 0x8001159c (0x00001f17) auipc   t5, 0x1
core   0: 3 0x8001159c (0x00001f17) x30 0x8001259c
core   0: 0x800115a0 (0xa63f2223) sw      gp, -1436(t5)
core   0: 3 0x800115a0 (0xa63f2223) mem 0x80012000 0x00000001
core   0: 0x800115a4 (0xff9ff06f) j       pc - 0x8
core   0: 3 0x800115a4 (0xff9ff06f)
core   0: 0x8001159c (0x00001f17) auipc   t5, 0x1
core   0: 3 0x8001159c (0x00001f17) x30 0x8001259c
core   0: 0x800115a0 (0xa63f2223) sw      gp, -1436(t5)
core   0: 3 0x800115a0 (0xa63f2223) mem 0x80012000 0x00000001
core   0: 0x800115a4 (0xff9ff06f) j       pc - 0x8
core   0: 3 0x800115a4 (0xff9ff06f)
core   0: 0x8001159c (0x00001f17) auipc   t5, 0x1
core   0: 3 0x8001159c (0x00001f17) x30 0x8001259c
core   0: 0x800115a0 (0xa63f2223) sw      gp, -1436(t5)
core   0: 3 0x800115a0 (0xa63f2223) mem 0x80012000 0x00000001
core   0: 0x800115a4 (0xff9ff06f) j       pc - 0x8
core   0: 3 0x800115a4 (0xff9ff06f)
core   0: 0x8001159c (0x00001f17) auipc   t5, 0x1
core   0: 3 0x8001159c (0x00001f17) x30 0x8001259c
core   0: 0x800115a0 (0xa63f2223) sw      gp, -1436(t5)
core   0: 3 0x800115a0 (0xa63f2223) mem 0x80012000 0x00000001
core   0: 0x800115a4 (0xff9ff06f) j       pc - 0x8
core   0: 3 0x800115a4 (0xff9ff06f)
core   0: 0x8001159c (0x00001f17) auipc   t5, 0x1
core   0: 3 0x8001159c (0x00001f17) x30 0x8001259c
core   0: 0x800115a0 (0xa63f2223) sw      gp, -1436(t5)
core   0: 3 0x800115a0 (0xa63f2223) mem 0x80012000 0x00000001
core   0: 0x800115a4 (0xff9ff06f) j       pc - 0x8
core   0: 3 0x800115a4 (0xff9ff06f)
core   0: 0x8001159c (0x00001f17) auipc   t5, 0x1
core   0: 3 0x8001159c (0x00001f17) x30 0x8001259c
core   0: 0x800115a0 (0xa63f2223) sw      gp, -1436(t5)
core   0: 3 0x800115a0 (0xa63f2223) mem 0x80012000 0x00000001
core   0: 0x800115a4 (0xff9ff06f) j       pc - 0x8
core   0: 3 0x800115a4 (0xff9ff06f)
core   0: 0x8001159c (0x00001f17) auipc   t5, 0x1
core   0: 3 0x8001159c (0x00001f17) x30 0x8001259c
core   0: 0x800115a0 (0xa63f2223) sw      gp, -1436(t5)
core   0: 3 0x800115a0 (0xa63f2223) mem 0x80012000 0x00000001
core   0: 0x800115a4 (0xff9ff06f) j       pc - 0x8
core   0: 3 0x800115a4 (0xff9ff06f)
core   0: 0x8001159c (0x00001f17) auipc   t5, 0x1
core   0: 3 0x8001159c (0x00001f17) x30 0x8001259c
core   0: 0x800115a0 (0xa63f2223) sw      gp, -1436(t5)
core   0: 3 0x800115a0 (0xa63f2223) mem 0x80012000 0x00000001
core   0: 0x800115a4 (0xff9ff06f) j       pc - 0x8
core   0: 3 0x800115a4 (0xff9ff06f)
core   0: 0x8001159c (0x00001f17) auipc   t5, 0x1
core   0: 3 0x8001159c (0x00001f17) x30 0x8001259c
core   0: 0x800115a0 (0xa63f2223) sw      gp, -1436(t5)
core   0: 3 0x800115a0 (0xa63f2223) mem 0x80012000 0x00000001
core   0: 0x800115a4 (0xff9ff06f) j       pc - 0x8
core   0: 3 0x800115a4 (0xff9ff06f)
core   0: 0x8001159c (0x00001f17) auipc   t5, 0x1
core   0: 3 0x8001159c (0x00001f17) x30 0x8001259c
core   0: 0x800115a0 (0xa63f2223) sw      gp, -1436(t5)
core   0: 3 0x800115a0 (0xa63f2223) mem 0x80012000 0x00000001
core   0: 0x800115a4 (0xff9ff06f) j       pc - 0x8
core   0: 3 0x800115a4 (0xff9ff06f)
core   0: 0x8001159c (0x00001f17) auipc   t5, 0x1
core   0: 3 0x8001159c (0x00001f17) x30 0x8001259c
core   0: 0x800115a0 (0xa63f2223) sw      gp, -1436(t5)
core   0: 3 0x800115a0 (0xa63f2223) mem 0x80012000 0x00000001
core   0: 0x800115a4 (0xff9ff06f) j       pc - 0x8
core   0: 3 0x800115a4 (0xff9ff06f)
core   0: 0x8001159c (0x00001f17) auipc   t5, 0x1
core   0: 3 0x8001159c (0x00001f17) x30 0x8001259c
core   0: 0x800115a0 (0xa63f2223) sw      gp, -1436(t5)
core   0: 3 0x800115a0 (0xa63f2223) mem 0x80012000 0x00000001
core   0: 0x800115a4 (0xff9ff06f) j       pc - 0x8
core   0: 3 0x800115a4 (0xff9ff06f)
core   0: 0x8001159c (0x00001f17) auipc   t5, 0x1
core   0: 3 0x8001159c (0x00001f17) x30 0x8001259c
core   0: 0x800115a0 (0xa63f2223) sw      gp, -1436(t5)
core   0: 3 0x800115a0 (0xa63f2223) mem 0x80012000 0x00000001
core   0: 0x800115a4 (0xff9ff06f) j       pc - 0x8
core   0: 3 0x800115a4 (0xff9ff06f)
core   0: 0x8001159c (0x00001f17) auipc   t5, 0x1
core   0: 3 0x8001159c (0x00001f17) x30 0x8001259c
core   0: 0x800115a0 (0xa63f2223) sw      gp, -1436(t5)
core   0: 3 0x800115a0 (0xa63f2223) mem 0x80012000 0x00000001
core   0: 0x800115a4 (0xff9ff06f) j       pc - 0x8
core   0: 3 0x800115a4 (0xff9ff06f)
core   0: 0x8001159c (0x00001f17) auipc   t5, 0x1
core   0: 3 0x8001159c (0x00001f17) x30 0x8001259c
core   0: 0x800115a0 (0xa63f2223) sw      gp, -1436(t5)
core   0: 3 0x800115a0 (0xa63f2223) mem 0x80012000 0x00000001
core   0: 0x800115a4 (0xff9ff06f) j       pc - 0x8
core   0: 3 0x800115a4 (0xff9ff06f)
core   0: 0x8001159c (0x00001f17) auipc   t5, 0x1
core   0: 3 0x8001159c (0x00001f17) x30 0x8001259c
core   0: 0x800115a0 (0xa63f2223) sw      gp, -1436(t5)
core   0: 3 0x800115a0 (0xa63f2223) mem 0x80012000 0x00000001
core   0: 0x800115a4 (0xff9ff06f) j       pc - 0x8
core   0: 3 0x800115a4 (0xff9ff06f)
core   0: 0x8001159c (0x00001f17) auipc   t5, 0x1
core   0: 3 0x8001159c (0x00001f17) x30 0x8001259c
core   0: 0x800115a0 (0xa63f2223) sw      gp, -1436(t5)
core   0: 3 0x800115a0 (0xa63f2223) mem 0x80012000 0x00000001
core   0: 0x800115a4 (0xff9ff06f) j       pc - 0x8
core   0: 3 0x800115a4 (0xff9ff06f)
core   0: 0x8001159c (0x00001f17) auipc   t5, 0x1
core   0: 3 0x8001159c (0x00001f17) x30 0x8001259c
core   0: 0x800115a0 (0xa63f2223) sw      gp, -1436(t5)
core   0: 3 0x800115a0 (0xa63f2223) mem 0x80012000 0x00000001
core   0: 0x800115a4 (0xff9ff06f) j       pc - 0x8
core   0: 3 0x800115a4 (0xff9ff06f)
core   0: 0x8001159c (0x00001f17) auipc   t5, 0x1
core   0: 3 0x8001159c (0x00001f17) x30 0x8001259c
core   0: 0x800115a0 (0xa63f2223) sw      gp, -1436(t5)
core   0: 3 0x800115a0 (0xa63f2223) mem 0x80012000 0x00000001
core   0: 0x800115a4 (0xff9ff06f) j       pc - 0x8
core   0: 3 0x800115a4 (0xff9ff06f)
core   0: 0x8001159c (0x00001f17) auipc   t5, 0x1
core   0: 3 0x8001159c (0x00001f17) x30 0x8001259c
core   0: 0x800115a0 (0xa63f2223) sw      gp, -1436(t5)
core   0: 3 0x800115a0 (0xa63f2223) mem 0x80012000 0x00000001
core   0: 0x800115a4 (0xff9ff06f) j       pc - 0x8
core   0: 3 0x800115a4 (0xff9ff06f)
core   0: 0x8001159c (0x00001f17) auipc   t5, 0x1
core   0: 3 0x8001159c (0x00001f17) x30 0x8001259c
core   0: 0x800115a0 (0xa63f2223) sw      gp, -1436(t5)
core   0: 3 0x800115a0 (0xa63f2223) mem 0x80012000 0x00000001
core   0: 0x800115a4 (0xff9ff06f) j       pc - 0x8
core   0: 3 0x800115a4 (0xff9ff06f)
core   0: 0x8001159c (0x00001f17) auipc   t5, 0x1
core   0: 3 0x8001159c (0x00001f17) x30 0x8001259c
core   0: 0x800115a0 (0xa63f2223) sw      gp, -1436(t5)
core   0: 3 0x800115a0 (0xa63f2223) mem 0x80012000 0x00000001
core   0: 0x800115a4 (0xff9ff06f) j       pc - 0x8
core   0: 3 0x800115a4 (0xff9ff06f)
core   0: 0x8001159c (0x00001f17) auipc   t5, 0x1
core   0: 3 0x8001159c (0x00001f17) x30 0x8001259c
core   0: 0x800115a0 (0xa63f2223) sw      gp, -1436(t5)
core   0: 3 0x800115a0 (0xa63f2223) mem 0x80012000 0x00000001
core   0: 0x800115a4 (0xff9ff06f) j       pc - 0x8
core   0: 3 0x800115a4 (0xff9ff06f)
core   0: 0x8001159c (0x00001f17) auipc   t5, 0x1
core   0: 3 0x8001159c (0x00001f17) x30 0x8001259c
core   0: 0x800115a0 (0xa63f2223) sw      gp, -1436(t5)
core   0: 3 0x800115a0 (0xa63f2223) mem 0x80012000 0x00000001
core   0: 0x800115a4 (0xff9ff06f) j       pc - 0x8
core   0: 3 0x800115a4 (0xff9ff06f)
core   0: 0x8001159c (0x00001f17) auipc   t5, 0x1
core   0: 3 0x8001159c (0x00001f17) x30 0x8001259c
core   0: 0x800115a0 (0xa63f2223) sw      gp, -1436(t5)
core   0: 3 0x800115a0 (0xa63f2223) mem 0x80012000 0x00000001
core   0: 0x800115a4 (0xff9ff06f) j       pc - 0x8
core   0: 3 0x800115a4 (0xff9ff06f)
core   0: 0x8001159c (0x00001f17) auipc   t5, 0x1
core   0: 3 0x8001159c (0x00001f17) x30 0x8001259c
core   0: 0x800115a0 (0xa63f2223) sw      gp, -1436(t5)
core   0: 3 0x800115a0 (0xa63f2223) mem 0x80012000 0x00000001
core   0: 0x800115a4 (0xff9ff06f) j       pc - 0x8
core   0: 3 0x800115a4 (0xff9ff06f)
core   0: 0x8001159c (0x00001f17) auipc   t5, 0x1
core   0: 3 0x8001159c (0x00001f17) x30 0x8001259c
core   0: 0x800115a0 (0xa63f2223) sw      gp, -1436(t5)
core   0: 3 0x800115a0 (0xa63f2223) mem 0x80012000 0x00000001
core   0: 0x800115a4 (0xff9ff06f) j       pc - 0x8
core   0: 3 0x800115a4 (0xff9ff06f)
core   0: 0x8001159c (0x00001f17) auipc   t5, 0x1
core   0: 3 0x8001159c (0x00001f17) x30 0x8001259c
core   0: 0x800115a0 (0xa63f2223) sw      gp, -1436(t5)
core   0: 3 0x800115a0 (0xa63f2223) mem 0x80012000 0x00000001
core   0: 0x800115a4 (0xff9ff06f) j       pc - 0x8
core   0: 3 0x800115a4 (0xff9ff06f)
core   0: 0x8001159c (0x00001f17) auipc   t5, 0x1
core   0: 3 0x8001159c (0x00001f17) x30 0x8001259c
core   0: 0x800115a0 (0xa63f2223) sw      gp, -1436(t5)
core   0: 3 0x800115a0 (0xa63f2223) mem 0x80012000 0x00000001
core   0: 0x800115a4 (0xff9ff06f) j       pc - 0x8
core   0: 3 0x800115a4 (0xff9ff06f)
core   0: 0x8001159c (0x00001f17) auipc   t5, 0x1
core   0: 3 0x8001159c (0x00001f17) x30 0x8001259c
core   0: 0x800115a0 (0xa63f2223) sw      gp, -1436(t5)
core   0: 3 0x800115a0 (0xa63f2223) mem 0x80012000 0x00000001
core   0: 0x800115a4 (0xff9ff06f) j       pc - 0x8
core   0: 3 0x800115a4 (0xff9ff06f)
core   0: 0x8001159c (0x00001f17) auipc   t5, 0x1
core   0: 3 0x8001159c (0x00001f17) x30 0x8001259c
core   0: 0x800115a0 (0xa63f2223) sw      gp, -1436(t5)
core   0: 3 0x800115a0 (0xa63f2223) mem 0x80012000 0x00000001
core   0: 0x800115a4 (0xff9ff06f) j       pc - 0x8
core   0: 3 0x800115a4 (0xff9ff06f)
core   0: 0x8001159c (0x00001f17) auipc   t5, 0x1
core   0: 3 0x8001159c (0x00001f17) x30 0x8001259c
core   0: 0x800115a0 (0xa63f2223) sw      gp, -1436(t5)
core   0: 3 0x800115a0 (0xa63f2223) mem 0x80012000 0x00000001
core   0: 0x800115a4 (0xff9ff06f) j       pc - 0x8
core   0: 3 0x800115a4 (0xff9ff06f)
core   0: 0x8001159c (0x00001f17) auipc   t5, 0x1
core   0: 3 0x8001159c (0x00001f17) x30 0x8001259c
core   0: 0x800115a0 (0xa63f2223) sw      gp, -1436(t5)
core   0: 3 0x800115a0 (0xa63f2223) mem 0x80012000 0x00000001
core   0: 0x800115a4 (0xff9ff06f) j       pc - 0x8
core   0: 3 0x800115a4 (0xff9ff06f)
core   0: 0x8001159c (0x00001f17) auipc   t5, 0x1
core   0: 3 0x8001159c (0x00001f17) x30 0x8001259c
core   0: 0x800115a0 (0xa63f2223) sw      gp, -1436(t5)
core   0: 3 0x800115a0 (0xa63f2223) mem 0x80012000 0x00000001
core   0: 0x800115a4 (0xff9ff06f) j       pc - 0x8
core   0: 3 0x800115a4 (0xff9ff06f)
core   0: 0x8001159c (0x00001f17) auipc   t5, 0x1
core   0: 3 0x8001159c (0x00001f17) x30 0x8001259c
core   0: 0x800115a0 (0xa63f2223) sw      gp, -1436(t5)
core   0: 3 0x800115a0 (0xa63f2223) mem 0x80012000 0x00000001
core   0: 0x800115a4 (0xff9ff06f) j       pc - 0x8
core   0: 3 0x800115a4 (0xff9ff06f)
core   0: 0x8001159c (0x00001f17) auipc   t5, 0x1
core   0: 3 0x8001159c (0x00001f17) x30 0x8001259c
core   0: 0x800115a0 (0xa63f2223) sw      gp, -1436(t5)
core   0: 3 0x800115a0 (0xa63f2223) mem 0x80012000 0x00000001
core   0: 0x800115a4 (0xff9ff06f) j       pc - 0x8
core   0: 3 0x800115a4 (0xff9ff06f)
core   0: 0x8001159c (0x00001f17) auipc   t5, 0x1
core   0: 3 0x8001159c (0x00001f17) x30 0x8001259c
core   0: 0x800115a0 (0xa63f2223) sw      gp, -1436(t5)
core   0: 3 0x800115a0 (0xa63f2223) mem 0x80012000 0x00000001
core   0: 0x800115a4 (0xff9ff06f) j       pc - 0x8
core   0: 3 0x800115a4 (0xff9ff06f)
core   0: 0x8001159c (0x00001f17) auipc   t5, 0x1
core   0: 3 0x8001159c (0x00001f17) x30 0x8001259c
core   0: 0x800115a0 (0xa63f2223) sw      gp, -1436(t5)
core   0: 3 0x800115a0 (0xa63f2223) mem 0x80012000 0x00000001
core   0: 0x800115a4 (0xff9ff06f) j       pc - 0x8
core   0: 3 0x800115a4 (0xff9ff06f)
core   0: 0x8001159c (0x00001f17) auipc   t5, 0x1
core   0: 3 0x8001159c (0x00001f17) x30 0x8001259c
core   0: 0x800115a0 (0xa63f2223) sw      gp, -1436(t5)
core   0: 3 0x800115a0 (0xa63f2223) mem 0x80012000 0x00000001
core   0: 0x800115a4 (0xff9ff06f) j       pc - 0x8
core   0: 3 0x800115a4 (0xff9ff06f)
core   0: 0x8001159c (0x00001f17) auipc   t5, 0x1
core   0: 3 0x8001159c (0x00001f17) x30 0x8001259c
core   0: 0x800115a0 (0xa63f2223) sw      gp, -1436(t5)
core   0: 3 0x800115a0 (0xa63f2223) mem 0x80012000 0x00000001
core   0: 0x800115a4 (0xff9ff06f) j       pc - 0x8
core   0: 3 0x800115a4 (0xff9ff06f)
core   0: 0x8001159c (0x00001f17) auipc   t5, 0x1
core   0: 3 0x8001159c (0x00001f17) x30 0x8001259c
core   0: 0x800115a0 (0xa63f2223) sw      gp, -1436(t5)
core   0: 3 0x800115a0 (0xa63f2223) mem 0x80012000 0x00000001
core   0: 0x800115a4 (0xff9ff06f) j       pc - 0x8
core   0: 3 0x800115a4 (0xff9ff06f)
core   0: 0x8001159c (0x00001f17) auipc   t5, 0x1
core   0: 3 0x8001159c (0x00001f17) x30 0x8001259c
core   0: 0x800115a0 (0xa63f2223) sw      gp, -1436(t5)
core   0: 3 0x800115a0 (0xa63f2223) mem 0x80012000 0x00000001
core   0: 0x800115a4 (0xff9ff06f) j       pc - 0x8
core   0: 3 0x800115a4 (0xff9ff06f)
core   0: 0x8001159c (0x00001f17) auipc   t5, 0x1
core   0: 3 0x8001159c (0x00001f17) x30 0x8001259c
core   0: 0x800115a0 (0xa63f2223) sw      gp, -1436(t5)
core   0: 3 0x800115a0 (0xa63f2223) mem 0x80012000 0x00000001
core   0: 0x800115a4 (0xff9ff06f) j       pc - 0x8
core   0: 3 0x800115a4 (0xff9ff06f)
core   0: 0x8001159c (0x00001f17) auipc   t5, 0x1
core   0: 3 0x8001159c (0x00001f17) x30 0x8001259c
core   0: 0x800115a0 (0xa63f2223) sw      gp, -1436(t5)
core   0: 3 0x800115a0 (0xa63f2223) mem 0x80012000 0x00000001
core   0: 0x800115a4 (0xff9ff06f) j       pc - 0x8
core   0: 3 0x800115a4 (0xff9ff06f)
core   0: 0x8001159c (0x00001f17) auipc   t5, 0x1
core   0: 3 0x8001159c (0x00001f17) x30 0x8001259c
core   0: 0x800115a0 (0xa63f2223) sw      gp, -1436(t5)
core   0: 3 0x800115a0 (0xa63f2223) mem 0x80012000 0x00000001
core   0: 0x800115a4 (0xff9ff06f) j       pc - 0x8
core   0: 3 0x800115a4 (0xff9ff06f)
core   0: 0x8001159c (0x00001f17) auipc   t5, 0x1
core   0: 3 0x8001159c (0x00001f17) x30 0x8001259c
core   0: 0x800115a0 (0xa63f2223) sw      gp, -1436(t5)
core   0: 3 0x800115a0 (0xa63f2223) mem 0x80012000 0x00000001
core   0: 0x800115a4 (0xff9ff06f) j       pc - 0x8
core   0: 3 0x800115a4 (0xff9ff06f)
core   0: 0x8001159c (0x00001f17) auipc   t5, 0x1
core   0: 3 0x8001159c (0x00001f17) x30 0x8001259c
core   0: 0x800115a0 (0xa63f2223) sw      gp, -1436(t5)
core   0: 3 0x800115a0 (0xa63f2223) mem 0x80012000 0x00000001
core   0: 0x800115a4 (0xff9ff06f) j       pc - 0x8
core   0: 3 0x800115a4 (0xff9ff06f)
core   0: 0x8001159c (0x00001f17) auipc   t5, 0x1
core   0: 3 0x8001159c (0x00001f17) x30 0x8001259c
core   0: 0x800115a0 (0xa63f2223) sw      gp, -1436(t5)
core   0: 3 0x800115a0 (0xa63f2223) mem 0x80012000 0x00000001
core   0: 0x800115a4 (0xff9ff06f) j       pc - 0x8
core   0: 3 0x800115a4 (0xff9ff06f)
core   0: 0x8001159c (0x00001f17) auipc   t5, 0x1
core   0: 3 0x8001159c (0x00001f17) x30 0x8001259c
core   0: 0x800115a0 (0xa63f2223) sw      gp, -1436(t5)
core   0: 3 0x800115a0 (0xa63f2223) mem 0x80012000 0x00000001
core   0: 0x800115a4 (0xff9ff06f) j       pc - 0x8
core   0: 3 0x800115a4 (0xff9ff06f)
core   0: 0x8001159c (0x00001f17) auipc   t5, 0x1
core   0: 3 0x8001159c (0x00001f17) x30 0x8001259c
core   0: 0x800115a0 (0xa63f2223) sw      gp, -1436(t5)
core   0: 3 0x800115a0 (0xa63f2223) mem 0x80012000 0x00000001
core   0: 0x800115a4 (0xff9ff06f) j       pc - 0x8
core   0: 3 0x800115a4 (0xff9ff06f)
core   0: 0x8001159c (0x00001f17) auipc   t5, 0x1
core   0: 3 0x8001159c (0x00001f17) x30 0x8001259c
core   0: 0x800115a0 (0xa63f2223) sw      gp, -1436(t5)
core   0: 3 0x800115a0 (0xa63f2223) mem 0x80012000 0x00000001
core   0: 0x800115a4 (0xff9ff06f) j       pc - 0x8
core   0: 3 0x800115a4 (0xff9ff06f)
core   0: 0x8001159c (0x00001f17) auipc   t5, 0x1
core   0: 3 0x8001159c (0x00001f17) x30 0x8001259c
core   0: 0x800115a0 (0xa63f2223) sw      gp, -1436(t5)
core   0: 3 0x800115a0 (0xa63f2223) mem 0x80012000 0x00000001
core   0: 0x800115a4 (0xff9ff06f) j       pc - 0x8
core   0: 3 0x800115a4 (0xff9ff06f)
core   0: 0x8001159c (0x00001f17) auipc   t5, 0x1
core   0: 3 0x8001159c (0x00001f17) x30 0x8001259c
core   0: 0x800115a0 (0xa63f2223) sw      gp, -1436(t5)
core   0: 3 0x800115a0 (0xa63f2223) mem 0x80012000 0x00000001
core   0: 0x800115a4 (0xff9ff06f) j       pc - 0x8
core   0: 3 0x800115a4 (0xff9ff06f)
core   0: 0x8001159c (0x00001f17) auipc   t5, 0x1
core   0: 3 0x8001159c (0x00001f17) x30 0x8001259c
core   0: 0x800115a0 (0xa63f2223) sw      gp, -1436(t5)
core   0: 3 0x800115a0 (0xa63f2223) mem 0x80012000 0x00000001
core   0: 0x800115a4 (0xff9ff06f) j       pc - 0x8
core   0: 3 0x800115a4 (0xff9ff06f)
core   0: 0x8001159c (0x00001f17) auipc   t5, 0x1
core   0: 3 0x8001159c (0x00001f17) x30 0x8001259c
core   0: 0x800115a0 (0xa63f2223) sw      gp, -1436(t5)
core   0: 3 0x800115a0 (0xa63f2223) mem 0x80012000 0x00000001
core   0: 0x800115a4 (0xff9ff06f) j       pc - 0x8
core   0: 3 0x800115a4 (0xff9ff06f)
core   0: 0x8001159c (0x00001f17) auipc   t5, 0x1
core   0: 3 0x8001159c (0x00001f17) x30 0x8001259c
core   0: 0x800115a0 (0xa63f2223) sw      gp, -1436(t5)
core   0: 3 0x800115a0 (0xa63f2223) mem 0x80012000 0x00000001
core   0: 0x800115a4 (0xff9ff06f) j       pc - 0x8
core   0: 3 0x800115a4 (0xff9ff06f)
core   0: 0x8001159c (0x00001f17) auipc   t5, 0x1
core   0: 3 0x8001159c (0x00001f17) x30 0x8001259c
core   0: 0x800115a0 (0xa63f2223) sw      gp, -1436(t5)
core   0: 3 0x800115a0 (0xa63f2223) mem 0x80012000 0x00000001
core   0: 0x800115a4 (0xff9ff06f) j       pc - 0x8
core   0: 3 0x800115a4 (0xff9ff06f)
core   0: 0x8001159c (0x00001f17) auipc   t5, 0x1
core   0: 3 0x8001159c (0x00001f17) x30 0x8001259c
core   0: 0x800115a0 (0xa63f2223) sw      gp, -1436(t5)
core   0: 3 0x800115a0 (0xa63f2223) mem 0x80012000 0x00000001
core   0: 0x800115a4 (0xff9ff06f) j       pc - 0x8
core   0: 3 0x800115a4 (0xff9ff06f)
core   0: 0x8001159c (0x00001f17) auipc   t5, 0x1
core   0: 3 0x8001159c (0x00001f17) x30 0x8001259c
core   0: 0x800115a0 (0xa63f2223) sw      gp, -1436(t5)
core   0: 3 0x800115a0 (0xa63f2223) mem 0x80012000 0x00000001
core   0: 0x800115a4 (0xff9ff06f) j       pc - 0x8
core   0: 3 0x800115a4 (0xff9ff06f)
core   0: 0x8001159c (0x00001f17) auipc   t5, 0x1
core   0: 3 0x8001159c (0x00001f17) x30 0x8001259c
core   0: 0x800115a0 (0xa63f2223) sw      gp, -1436(t5)
core   0: 3 0x800115a0 (0xa63f2223) mem 0x80012000 0x00000001
core   0: 0x800115a4 (0xff9ff06f) j       pc - 0x8
core   0: 3 0x800115a4 (0xff9ff06f)
core   0: 0x8001159c (0x00001f17) auipc   t5, 0x1
core   0: 3 0x8001159c (0x00001f17) x30 0x8001259c
core   0: 0x800115a0 (0xa63f2223) sw      gp, -1436(t5)
core   0: 3 0x800115a0 (0xa63f2223) mem 0x80012000 0x00000001
core   0: 0x800115a4 (0xff9ff06f) j       pc - 0x8
core   0: 3 0x800115a4 (0xff9ff06f)
core   0: 0x8001159c (0x00001f17) auipc   t5, 0x1
core   0: 3 0x8001159c (0x00001f17) x30 0x8001259c
core   0: 0x800115a0 (0xa63f2223) sw      gp, -1436(t5)
core   0: 3 0x800115a0 (0xa63f2223) mem 0x80012000 0x00000001
core   0: 0x800115a4 (0xff9ff06f) j       pc - 0x8
core   0: 3 0x800115a4 (0xff9ff06f)
core   0: 0x8001159c (0x00001f17) auipc   t5, 0x1
core   0: 3 0x8001159c (0x00001f17) x30 0x8001259c
core   0: 0x800115a0 (0xa63f2223) sw      gp, -1436(t5)
core   0: 3 0x800115a0 (0xa63f2223) mem 0x80012000 0x00000001
core   0: 0x800115a4 (0xff9ff06f) j       pc - 0x8
core   0: 3 0x800115a4 (0xff9ff06f)
core   0: 0x8001159c (0x00001f17) auipc   t5, 0x1
core   0: 3 0x8001159c (0x00001f17) x30 0x8001259c
core   0: 0x800115a0 (0xa63f2223) sw      gp, -1436(t5)
core   0: 3 0x800115a0 (0xa63f2223) mem 0x80012000 0x00000001
core   0: 0x800115a4 (0xff9ff06f) j       pc - 0x8
core   0: 3 0x800115a4 (0xff9ff06f)
core   0: 0x8001159c (0x00001f17) auipc   t5, 0x1
core   0: 3 0x8001159c (0x00001f17) x30 0x8001259c
core   0: 0x800115a0 (0xa63f2223) sw      gp, -1436(t5)
core   0: 3 0x800115a0 (0xa63f2223) mem 0x80012000 0x00000001
core   0: 0x800115a4 (0xff9ff06f) j       pc - 0x8
core   0: 3 0x800115a4 (0xff9ff06f)
core   0: 0x8001159c (0x00001f17) auipc   t5, 0x1
core   0: 3 0x8001159c (0x00001f17) x30 0x8001259c
core   0: 0x800115a0 (0xa63f2223) sw      gp, -1436(t5)
core   0: 3 0x800115a0 (0xa63f2223) mem 0x80012000 0x00000001
core   0: 0x800115a4 (0xff9ff06f) j       pc - 0x8
core   0: 3 0x800115a4 (0xff9ff06f)
core   0: 0x8001159c (0x00001f17) auipc   t5, 0x1
core   0: 3 0x8001159c (0x00001f17) x30 0x8001259c
core   0: 0x800115a0 (0xa63f2223) sw      gp, -1436(t5)
core   0: 3 0x800115a0 (0xa63f2223) mem 0x80012000 0x00000001
core   0: 0x800115a4 (0xff9ff06f) j       pc - 0x8
core   0: 3 0x800115a4 (0xff9ff06f)
core   0: 0x8001159c (0x00001f17) auipc   t5, 0x1
core   0: 3 0x8001159c (0x00001f17) x30 0x8001259c
core   0: 0x800115a0 (0xa63f2223) sw      gp, -1436(t5)
core   0: 3 0x800115a0 (0xa63f2223) mem 0x80012000 0x00000001
core   0: 0x800115a4 (0xff9ff06f) j       pc - 0x8
core   0: 3 0x800115a4 (0xff9ff06f)
core   0: 0x8001159c (0x00001f17) auipc   t5, 0x1
core   0: 3 0x8001159c (0x00001f17) x30 0x8001259c
core   0: 0x800115a0 (0xa63f2223) sw      gp, -1436(t5)
core   0: 3 0x800115a0 (0xa63f2223) mem 0x80012000 0x00000001
core   0: 0x800115a4 (0xff9ff06f) j       pc - 0x8
core   0: 3 0x800115a4 (0xff9ff06f)
core   0: 0x8001159c (0x00001f17) auipc   t5, 0x1
core   0: 3 0x8001159c (0x00001f17) x30 0x8001259c
core   0: 0x800115a0 (0xa63f2223) sw      gp, -1436(t5)
core   0: 3 0x800115a0 (0xa63f2223) mem 0x80012000 0x00000001
core   0: 0x800115a4 (0xff9ff06f) j       pc - 0x8
core   0: 3 0x800115a4 (0xff9ff06f)
core   0: 0x8001159c (0x00001f17) auipc   t5, 0x1
core   0: 3 0x8001159c (0x00001f17) x30 0x8001259c
core   0: 0x800115a0 (0xa63f2223) sw      gp, -1436(t5)
core   0: 3 0x800115a0 (0xa63f2223) mem 0x80012000 0x00000001
core   0: 0x800115a4 (0xff9ff06f) j       pc - 0x8
core   0: 3 0x800115a4 (0xff9ff06f)
core   0: 0x8001159c (0x00001f17) auipc   t5, 0x1
core   0: 3 0x8001159c (0x00001f17) x30 0x8001259c
core   0: 0x800115a0 (0xa63f2223) sw      gp, -1436(t5)
core   0: 3 0x800115a0 (0xa63f2223) mem 0x80012000 0x00000001
core   0: 0x800115a4 (0xff9ff06f) j       pc - 0x8
core   0: 3 0x800115a4 (0xff9ff06f)
core   0: 0x8001159c (0x00001f17) auipc   t5, 0x1
core   0: 3 0x8001159c (0x00001f17) x30 0x8001259c
core   0: 0x800115a0 (0xa63f2223) sw      gp, -1436(t5)
core   0: 3 0x800115a0 (0xa63f2223) mem 0x80012000 0x00000001
core   0: 0x800115a4 (0xff9ff06f) j       pc - 0x8
core   0: 3 0x800115a4 (0xff9ff06f)
core   0: 0x8001159c (0x00001f17) auipc   t5, 0x1
core   0: 3 0x8001159c (0x00001f17) x30 0x8001259c
core   0: 0x800115a0 (0xa63f2223) sw      gp, -1436(t5)
core   0: 3 0x800115a0 (0xa63f2223) mem 0x80012000 0x00000001
core   0: 0x800115a4 (0xff9ff06f) j       pc - 0x8
core   0: 3 0x800115a4 (0xff9ff06f)
core   0: 0x8001159c (0x00001f17) auipc   t5, 0x1
core   0: 3 0x8001159c (0x00001f17) x30 0x8001259c
core   0: 0x800115a0 (0xa63f2223) sw      gp, -1436(t5)
core   0: 3 0x800115a0 (0xa63f2223) mem 0x80012000 0x00000001
core   0: 0x800115a4 (0xff9ff06f) j       pc - 0x8
core   0: 3 0x800115a4 (0xff9ff06f)
core   0: 0x8001159c (0x00001f17) auipc   t5, 0x1
core   0: 3 0x8001159c (0x00001f17) x30 0x8001259c
core   0: 0x800115a0 (0xa63f2223) sw      gp, -1436(t5)
core   0: 3 0x800115a0 (0xa63f2223) mem 0x80012000 0x00000001
core   0: 0x800115a4 (0xff9ff06f) j       pc - 0x8
core   0: 3 0x800115a4 (0xff9ff06f)
core   0: 0x8001159c (0x00001f17) auipc   t5, 0x1
core   0: 3 0x8001159c (0x00001f17) x30 0x8001259c
core   0: 0x800115a0 (0xa63f2223) sw      gp, -1436(t5)
core   0: 3 0x800115a0 (0xa63f2223) mem 0x80012000 0x00000001
core   0: 0x800115a4 (0xff9ff06f) j       pc - 0x8
core   0: 3 0x800115a4 (0xff9ff06f)
core   0: 0x8001159c (0x00001f17) auipc   t5, 0x1
core   0: 3 0x8001159c (0x00001f17) x30 0x8001259c
core   0: 0x800115a0 (0xa63f2223) sw      gp, -1436(t5)
core   0: 3 0x800115a0 (0xa63f2223) mem 0x80012000 0x00000001
core   0: 0x800115a4 (0xff9ff06f) j       pc - 0x8
core   0: 3 0x800115a4 (0xff9ff06f)
core   0: 0x8001159c (0x00001f17) auipc   t5, 0x1
core   0: 3 0x8001159c (0x00001f17) x30 0x8001259c
core   0: 0x800115a0 (0xa63f2223) sw      gp, -1436(t5)
core   0: 3 0x800115a0 (0xa63f2223) mem 0x80012000 0x00000001
core   0: 0x800115a4 (0xff9ff06f) j       pc - 0x8
core   0: 3 0x800115a4 (0xff9ff06f)
core   0: 0x8001159c (0x00001f17) auipc   t5, 0x1
core   0: 3 0x8001159c (0x00001f17) x30 0x8001259c
core   0: 0x800115a0 (0xa63f2223) sw      gp, -1436(t5)
core   0: 3 0x800115a0 (0xa63f2223) mem 0x80012000 0x00000001
core   0: 0x800115a4 (0xff9ff06f) j       pc - 0x8
core   0: 3 0x800115a4 (0xff9ff06f)
core   0: 0x8001159c (0x00001f17) auipc   t5, 0x1
core   0: 3 0x8001159c (0x00001f17) x30 0x8001259c
core   0: 0x800115a0 (0xa63f2223) sw      gp, -1436(t5)
core   0: 3 0x800115a0 (0xa63f2223) mem 0x80012000 0x00000001
core   0: 0x800115a4 (0xff9ff06f) j       pc - 0x8
core   0: 3 0x800115a4 (0xff9ff06f)
core   0: 0x8001159c (0x00001f17) auipc   t5, 0x1
core   0: 3 0x8001159c (0x00001f17) x30 0x8001259c
core   0: 0x800115a0 (0xa63f2223) sw      gp, -1436(t5)
core   0: 3 0x800115a0 (0xa63f2223) mem 0x80012000 0x00000001
core   0: 0x800115a4 (0xff9ff06f) j       pc - 0x8
core   0: 3 0x800115a4 (0xff9ff06f)
core   0: 0x8001159c (0x00001f17) auipc   t5, 0x1
core   0: 3 0x8001159c (0x00001f17) x30 0x8001259c
core   0: 0x800115a0 (0xa63f2223) sw      gp, -1436(t5)
core   0: 3 0x800115a0 (0xa63f2223) mem 0x80012000 0x00000001
core   0: 0x800115a4 (0xff9ff06f) j       pc - 0x8
core   0: 3 0x800115a4 (0xff9ff06f)
core   0: 0x8001159c (0x00001f17) auipc   t5, 0x1
core   0: 3 0x8001159c (0x00001f17) x30 0x8001259c
core   0: 0x800115a0 (0xa63f2223) sw      gp, -1436(t5)
core   0: 3 0x800115a0 (0xa63f2223) mem 0x80012000 0x00000001
core   0: 0x800115a4 (0xff9ff06f) j       pc - 0x8
core   0: 3 0x800115a4 (0xff9ff06f)
core   0: 0x8001159c (0x00001f17) auipc   t5, 0x1
core   0: 3 0x8001159c (0x00001f17) x30 0x8001259c
core   0: 0x800115a0 (0xa63f2223) sw      gp, -1436(t5)
core   0: 3 0x800115a0 (0xa63f2223) mem 0x80012000 0x00000001
core   0: 0x800115a4 (0xff9ff06f) j       pc - 0x8
core   0: 3 0x800115a4 (0xff9ff06f)
core   0: 0x8001159c (0x00001f17) auipc   t5, 0x1
core   0: 3 0x8001159c (0x00001f17) x30 0x8001259c
core   0: 0x800115a0 (0xa63f2223) sw      gp, -1436(t5)
core   0: 3 0x800115a0 (0xa63f2223) mem 0x80012000 0x00000001
core   0: 0x800115a4 (0xff9ff06f) j       pc - 0x8
core   0: 3 0x800115a4 (0xff9ff06f)
core   0: 0x8001159c (0x00001f17) auipc   t5, 0x1
core   0: 3 0x8001159c (0x00001f17) x30 0x8001259c
core   0: 0x800115a0 (0xa63f2223) sw      gp, -1436(t5)
core   0: 3 0x800115a0 (0xa63f2223) mem 0x80012000 0x00000001
core   0: 0x800115a4 (0xff9ff06f) j       pc - 0x8
core   0: 3 0x800115a4 (0xff9ff06f)
core   0: 0x8001159c (0x00001f17) auipc   t5, 0x1
core   0: 3 0x8001159c (0x00001f17) x30 0x8001259c
core   0: 0x800115a0 (0xa63f2223) sw      gp, -1436(t5)
core   0: 3 0x800115a0 (0xa63f2223) mem 0x80012000 0x00000001
core   0: 0x800115a4 (0xff9ff06f) j       pc - 0x8
core   0: 3 0x800115a4 (0xff9ff06f)
core   0: 0x8001159c (0x00001f17) auipc   t5, 0x1
core   0: 3 0x8001159c (0x00001f17) x30 0x8001259c
core   0: 0x800115a0 (0xa63f2223) sw      gp, -1436(t5)
core   0: 3 0x800115a0 (0xa63f2223) mem 0x80012000 0x00000001
core   0: 0x800115a4 (0xff9ff06f) j       pc - 0x8
core   0: 3 0x800115a4 (0xff9ff06f)
core   0: 0x8001159c (0x00001f17) auipc   t5, 0x1
core   0: 3 0x8001159c (0x00001f17) x30 0x8001259c
core   0: 0x800115a0 (0xa63f2223) sw      gp, -1436(t5)
core   0: 3 0x800115a0 (0xa63f2223) mem 0x80012000 0x00000001
core   0: 0x800115a4 (0xff9ff06f) j       pc - 0x8
core   0: 3 0x800115a4 (0xff9ff06f)
core   0: 0x8001159c (0x00001f17) auipc   t5, 0x1
core   0: 3 0x8001159c (0x00001f17) x30 0x8001259c
core   0: 0x800115a0 (0xa63f2223) sw      gp, -1436(t5)
core   0: 3 0x800115a0 (0xa63f2223) mem 0x80012000 0x00000001
core   0: 0x800115a4 (0xff9ff06f) j       pc - 0x8
core   0: 3 0x800115a4 (0xff9ff06f)
core   0: 0x8001159c (0x00001f17) auipc   t5, 0x1
core   0: 3 0x8001159c (0x00001f17) x30 0x8001259c
core   0: 0x800115a0 (0xa63f2223) sw      gp, -1436(t5)
core   0: 3 0x800115a0 (0xa63f2223) mem 0x80012000 0x00000001
core   0: 0x800115a4 (0xff9ff06f) j       pc - 0x8
core   0: 3 0x800115a4 (0xff9ff06f)
core   0: 0x8001159c (0x00001f17) auipc   t5, 0x1
core   0: 3 0x8001159c (0x00001f17) x30 0x8001259c
core   0: 0x800115a0 (0xa63f2223) sw      gp, -1436(t5)
core   0: 3 0x800115a0 (0xa63f2223) mem 0x80012000 0x00000001
core   0: 0x800115a4 (0xff9ff06f) j       pc - 0x8
core   0: 3 0x800115a4 (0xff9ff06f)
core   0: 0x8001159c (0x00001f17) auipc   t5, 0x1
core   0: 3 0x8001159c (0x00001f17) x30 0x8001259c
core   0: 0x800115a0 (0xa63f2223) sw      gp, -1436(t5)
core   0: 3 0x800115a0 (0xa63f2223) mem 0x80012000 0x00000001
core   0: 0x800115a4 (0xff9ff06f) j       pc - 0x8
core   0: 3 0x800115a4 (0xff9ff06f)
core   0: 0x8001159c (0x00001f17) auipc   t5, 0x1
core   0: 3 0x8001159c (0x00001f17) x30 0x8001259c
core   0: 0x800115a0 (0xa63f2223) sw      gp, -1436(t5)
core   0: 3 0x800115a0 (0xa63f2223) mem 0x80012000 0x00000001
core   0: 0x800115a4 (0xff9ff06f) j       pc - 0x8
core   0: 3 0x800115a4 (0xff9ff06f)
core   0: 0x8001159c (0x00001f17) auipc   t5, 0x1
core   0: 3 0x8001159c (0x00001f17) x30 0x8001259c
core   0: 0x800115a0 (0xa63f2223) sw      gp, -1436(t5)
core   0: 3 0x800115a0 (0xa63f2223) mem 0x80012000 0x00000001
core   0: 0x800115a4 (0xff9ff06f) j       pc - 0x8
core   0: 3 0x800115a4 (0xff9ff06f)
core   0: 0x8001159c (0x00001f17) auipc   t5, 0x1
core   0: 3 0x8001159c (0x00001f17) x30 0x8001259c
core   0: 0x800115a0 (0xa63f2223) sw      gp, -1436(t5)
core   0: 3 0x800115a0 (0xa63f2223) mem 0x80012000 0x00000001
core   0: 0x800115a4 (0xff9ff06f) j       pc - 0x8
core   0: 3 0x800115a4 (0xff9ff06f)
core   0: 0x8001159c (0x00001f17) auipc   t5, 0x1
core   0: 3 0x8001159c (0x00001f17) x30 0x8001259c
core   0: 0x800115a0 (0xa63f2223) sw      gp, -1436(t5)
core   0: 3 0x800115a0 (0xa63f2223) mem 0x80012000 0x00000001
core   0: 0x800115a4 (0xff9ff06f) j       pc - 0x8
core   0: 3 0x800115a4 (0xff9ff06f)
core   0: 0x8001159c (0x00001f17) auipc   t5, 0x1
core   0: 3 0x8001159c (0x00001f17) x30 0x8001259c
core   0: 0x800115a0 (0xa63f2223) sw      gp, -1436(t5)
core   0: 3 0x800115a0 (0xa63f2223) mem 0x80012000 0x00000001
core   0: 0x800115a4 (0xff9ff06f) j       pc - 0x8
core   0: 3 0x800115a4 (0xff9ff06f)
core   0: 0x8001159c (0x00001f17) auipc   t5, 0x1
core   0: 3 0x8001159c (0x00001f17) x30 0x8001259c
core   0: 0x800115a0 (0xa63f2223) sw      gp, -1436(t5)
core   0: 3 0x800115a0 (0xa63f2223) mem 0x80012000 0x00000001
core   0: 0x800115a4 (0xff9ff06f) j       pc - 0x8
core   0: 3 0x800115a4 (0xff9ff06f)
core   0: 0x8001159c (0x00001f17) auipc   t5, 0x1
core   0: 3 0x8001159c (0x00001f17) x30 0x8001259c
core   0: 0x800115a0 (0xa63f2223) sw      gp, -1436(t5)
core   0: 3 0x800115a0 (0xa63f2223) mem 0x80012000 0x00000001
core   0: 0x800115a4 (0xff9ff06f) j       pc - 0x8
core   0: 3 0x800115a4 (0xff9ff06f)
core   0: 0x8001159c (0x00001f17) auipc   t5, 0x1
core   0: 3 0x8001159c (0x00001f17) x30 0x8001259c
core   0: 0x800115a0 (0xa63f2223) sw      gp, -1436(t5)
core   0: 3 0x800115a0 (0xa63f2223) mem 0x80012000 0x00000001
core   0: 0x800115a4 (0xff9ff06f) j       pc - 0x8
core   0: 3 0x800115a4 (0xff9ff06f)
core   0: 0x8001159c (0x00001f17) auipc   t5, 0x1
core   0: 3 0x8001159c (0x00001f17) x30 0x8001259c
core   0: 0x800115a0 (0xa63f2223) sw      gp, -1436(t5)
core   0: 3 0x800115a0 (0xa63f2223) mem 0x80012000 0x00000001
core   0: 0x800115a4 (0xff9ff06f) j       pc - 0x8
core   0: 3 0x800115a4 (0xff9ff06f)
core   0: 0x8001159c (0x00001f17) auipc   t5, 0x1
core   0: 3 0x8001159c (0x00001f17) x30 0x8001259c
core   0: 0x800115a0 (0xa63f2223) sw      gp, -1436(t5)
core   0: 3 0x800115a0 (0xa63f2223) mem 0x80012000 0x00000001
core   0: 0x800115a4 (0xff9ff06f) j       pc - 0x8
core   0: 3 0x800115a4 (0xff9ff06f)
core   0: 0x8001159c (0x00001f17) auipc   t5, 0x1
core   0: 3 0x8001159c (0x00001f17) x30 0x8001259c
core   0: 0x800115a0 (0xa63f2223) sw      gp, -1436(t5)
core   0: 3 0x800115a0 (0xa63f2223) mem 0x80012000 0x00000001
core   0: 0x800115a4 (0xff9ff06f) j       pc - 0x8
core   0: 3 0x800115a4 (0xff9ff06f)
core   0: 0x8001159c (0x00001f17) auipc   t5, 0x1
core   0: 3 0x8001159c (0x00001f17) x30 0x8001259c
core   0: 0x800115a0 (0xa63f2223) sw      gp, -1436(t5)
core   0: 3 0x800115a0 (0xa63f2223) mem 0x80012000 0x00000001
core   0: 0x800115a4 (0xff9ff06f) j       pc - 0x8
core   0: 3 0x800115a4 (0xff9ff06f)
core   0: 0x8001159c (0x00001f17) auipc   t5, 0x1
core   0: 3 0x8001159c (0x00001f17) x30 0x8001259c
core   0: 0x800115a0 (0xa63f2223) sw      gp, -1436(t5)
core   0: 3 0x800115a0 (0xa63f2223) mem 0x80012000 0x00000001
core   0: 0x800115a4 (0xff9ff06f) j       pc - 0x8
core   0: 3 0x800115a4 (0xff9ff06f)
core   0: 0x8001159c (0x00001f17) auipc   t5, 0x1
core   0: 3 0x8001159c (0x00001f17) x30 0x8001259c
core   0: 0x800115a0 (0xa63f2223) sw      gp, -1436(t5)
core   0: 3 0x800115a0 (0xa63f2223) mem 0x80012000 0x00000001
core   0: 0x800115a4 (0xff9ff06f) j       pc - 0x8
core   0: 3 0x800115a4 (0xff9ff06f)
core   0: 0x8001159c (0x00001f17) auipc   t5, 0x1
core   0: 3 0x8001159c (0x00001f17) x30 0x8001259c
core   0: 0x800115a0 (0xa63f2223) sw      gp, -1436(t5)
core   0: 3 0x800115a0 (0xa63f2223) mem 0x80012000 0x00000001
core   0: 0x800115a4 (0xff9ff06f) j       pc - 0x8
core   0: 3 0x800115a4 (0xff9ff06f)
core   0: 0x8001159c (0x00001f17) auipc   t5, 0x1
core   0: 3 0x8001159c (0x00001f17) x30 0x8001259c
core   0: 0x800115a0 (0xa63f2223) sw      gp, -1436(t5)
core   0: 3 0x800115a0 (0xa63f2223) mem 0x80012000 0x00000001
core   0: 0x800115a4 (0xff9ff06f) j       pc - 0x8
core   0: 3 0x800115a4 (0xff9ff06f)
core   0: 0x8001159c (0x00001f17) auipc   t5, 0x1
core   0: 3 0x8001159c (0x00001f17) x30 0x8001259c
core   0: 0x800115a0 (0xa63f2223) sw      gp, -1436(t5)
core   0: 3 0x800115a0 (0xa63f2223) mem 0x80012000 0x00000001
core   0: 0x800115a4 (0xff9ff06f) j       pc - 0x8
core   0: 3 0x800115a4 (0xff9ff06f)
core   0: 0x8001159c (0x00001f17) auipc   t5, 0x1
core   0: 3 0x8001159c (0x00001f17) x30 0x8001259c
core   0: 0x800115a0 (0xa63f2223) sw      gp, -1436(t5)
core   0: 3 0x800115a0 (0xa63f2223) mem 0x80012000 0x00000001
core   0: 0x800115a4 (0xff9ff06f) j       pc - 0x8
core   0: 3 0x800115a4 (0xff9ff06f)
core   0: 0x8001159c (0x00001f17) auipc   t5, 0x1
core   0: 3 0x8001159c (0x00001f17) x30 0x8001259c
core   0: 0x800115a0 (0xa63f2223) sw      gp, -1436(t5)
core   0: 3 0x800115a0 (0xa63f2223) mem 0x80012000 0x00000001
core   0: 0x800115a4 (0xff9ff06f) j       pc - 0x8
core   0: 3 0x800115a4 (0xff9ff06f)
core   0: 0x8001159c (0x00001f17) auipc   t5, 0x1
core   0: 3 0x8001159c (0x00001f17) x30 0x8001259c
core   0: 0x800115a0 (0xa63f2223) sw      gp, -1436(t5)
core   0: 3 0x800115a0 (0xa63f2223) mem 0x80012000 0x00000001
core   0: 0x800115a4 (0xff9ff06f) j       pc - 0x8
core   0: 3 0x800115a4 (0xff9ff06f)
core   0: 0x8001159c (0x00001f17) auipc   t5, 0x1
core   0: 3 0x8001159c (0x00001f17) x30 0x8001259c
core   0: 0x800115a0 (0xa63f2223) sw      gp, -1436(t5)
core   0: 3 0x800115a0 (0xa63f2223) mem 0x80012000 0x00000001
core   0: 0x800115a4 (0xff9ff06f) j       pc - 0x8
core   0: 3 0x800115a4 (0xff9ff06f)
core   0: 0x8001159c (0x00001f17) auipc   t5, 0x1
core   0: 3 0x8001159c (0x00001f17) x30 0x8001259c
core   0: 0x800115a0 (0xa63f2223) sw      gp, -1436(t5)
core   0: 3 0x800115a0 (0xa63f2223) mem 0x80012000 0x00000001
core   0: 0x800115a4 (0xff9ff06f) j       pc - 0x8
core   0: 3 0x800115a4 (0xff9ff06f)
core   0: 0x8001159c (0x00001f17) auipc   t5, 0x1
core   0: 3 0x8001159c (0x00001f17) x30 0x8001259c
core   0: 0x800115a0 (0xa63f2223) sw      gp, -1436(t5)
core   0: 3 0x800115a0 (0xa63f2223) mem 0x80012000 0x00000001
core   0: 0x800115a4 (0xff9ff06f) j       pc - 0x8
core   0: 3 0x800115a4 (0xff9ff06f)
core   0: 0x8001159c (0x00001f17) auipc   t5, 0x1
core   0: 3 0x8001159c (0x00001f17) x30 0x8001259c
core   0: 0x800115a0 (0xa63f2223) sw      gp, -1436(t5)
core   0: 3 0x800115a0 (0xa63f2223) mem 0x80012000 0x00000001
core   0: 0x800115a4 (0xff9ff06f) j       pc - 0x8
core   0: 3 0x800115a4 (0xff9ff06f)
core   0: 0x8001159c (0x00001f17) auipc   t5, 0x1
core   0: 3 0x8001159c (0x00001f17) x30 0x8001259c
core   0: 0x800115a0 (0xa63f2223) sw      gp, -1436(t5)
core   0: 3 0x800115a0 (0xa63f2223) mem 0x80012000 0x00000001
core   0: 0x800115a4 (0xff9ff06f) j       pc - 0x8
core   0: 3 0x800115a4 (0xff9ff06f)
core   0: 0x8001159c (0x00001f17) auipc   t5, 0x1
core   0: 3 0x8001159c (0x00001f17) x30 0x8001259c
core   0: 0x800115a0 (0xa63f2223) sw      gp, -1436(t5)
core   0: 3 0x800115a0 (0xa63f2223) mem 0x80012000 0x00000001
core   0: 0x800115a4 (0xff9ff06f) j       pc - 0x8
core   0: 3 0x800115a4 (0xff9ff06f)
core   0: 0x8001159c (0x00001f17) auipc   t5, 0x1
core   0: 3 0x8001159c (0x00001f17) x30 0x8001259c
core   0: 0x800115a0 (0xa63f2223) sw      gp, -1436(t5)
core   0: 3 0x800115a0 (0xa63f2223) mem 0x80012000 0x00000001
core   0: 0x800115a4 (0xff9ff06f) j       pc - 0x8
core   0: 3 0x800115a4 (0xff9ff06f)
core   0: 0x8001159c (0x00001f17) auipc   t5, 0x1
core   0: 3 0x8001159c (0x00001f17) x30 0x8001259c
core   0: 0x800115a0 (0xa63f2223) sw      gp, -1436(t5)
core   0: 3 0x800115a0 (0xa63f2223) mem 0x80012000 0x00000001
core   0: 0x800115a4 (0xff9ff06f) j       pc - 0x8
core   0: 3 0x800115a4 (0xff9ff06f)
core   0: 0x8001159c (0x00001f17) auipc   t5, 0x1
core   0: 3 0x8001159c (0x00001f17) x30 0x8001259c
core   0: 0x800115a0 (0xa63f2223) sw      gp, -1436(t5)
core   0: 3 0x800115a0 (0xa63f2223) mem 0x80012000 0x00000001
core   0: 0x800115a4 (0xff9ff06f) j       pc - 0x8
core   0: 3 0x800115a4 (0xff9ff06f)
core   0: 0x8001159c (0x00001f17) auipc   t5, 0x1
core   0: 3 0x8001159c (0x00001f17) x30 0x8001259c
core   0: 0x800115a0 (0xa63f2223) sw      gp, -1436(t5)
core   0: 3 0x800115a0 (0xa63f2223) mem 0x80012000 0x00000001
core   0: 0x800115a4 (0xff9ff06f) j       pc - 0x8
core   0: 3 0x800115a4 (0xff9ff06f)
core   0: 0x8001159c (0x00001f17) auipc   t5, 0x1
core   0: 3 0x8001159c (0x00001f17) x30 0x8001259c
core   0: 0x800115a0 (0xa63f2223) sw      gp, -1436(t5)
core   0: 3 0x800115a0 (0xa63f2223) mem 0x80012000 0x00000001
core   0: 0x800115a4 (0xff9ff06f) j       pc - 0x8
core   0: 3 0x800115a4 (0xff9ff06f)
core   0: 0x8001159c (0x00001f17) auipc   t5, 0x1
core   0: 3 0x8001159c (0x00001f17) x30 0x8001259c
core   0: 0x800115a0 (0xa63f2223) sw      gp, -1436(t5)
core   0: 3 0x800115a0 (0xa63f2223) mem 0x80012000 0x00000001
core   0: 0x800115a4 (0xff9ff06f) j       pc - 0x8
core   0: 3 0x800115a4 (0xff9ff06f)
core   0: 0x8001159c (0x00001f17) auipc   t5, 0x1
core   0: 3 0x8001159c (0x00001f17) x30 0x8001259c
core   0: 0x800115a0 (0xa63f2223) sw      gp, -1436(t5)
core   0: 3 0x800115a0 (0xa63f2223) mem 0x80012000 0x00000001
core   0: 0x800115a4 (0xff9ff06f) j       pc - 0x8
core   0: 3 0x800115a4 (0xff9ff06f)
core   0: 0x8001159c (0x00001f17) auipc   t5, 0x1
core   0: 3 0x8001159c (0x00001f17) x30 0x8001259c
core   0: 0x800115a0 (0xa63f2223) sw      gp, -1436(t5)
core   0: 3 0x800115a0 (0xa63f2223) mem 0x80012000 0x00000001
core   0: 0x800115a4 (0xff9ff06f) j       pc - 0x8
core   0: 3 0x800115a4 (0xff9ff06f)
core   0: 0x8001159c (0x00001f17) auipc   t5, 0x1
core   0: 3 0x8001159c (0x00001f17) x30 0x8001259c
core   0: 0x800115a0 (0xa63f2223) sw      gp, -1436(t5)
core   0: 3 0x800115a0 (0xa63f2223) mem 0x80012000 0x00000001
core   0: 0x800115a4 (0xff9ff06f) j       pc - 0x8
core   0: 3 0x800115a4 (0xff9ff06f)
core   0: 0x8001159c (0x00001f17) auipc   t5, 0x1
core   0: 3 0x8001159c (0x00001f17) x30 0x8001259c
core   0: 0x800115a0 (0xa63f2223) sw      gp, -1436(t5)
core   0: 3 0x800115a0 (0xa63f2223) mem 0x80012000 0x00000001
core   0: 0x800115a4 (0xff9ff06f) j       pc - 0x8
core   0: 3 0x800115a4 (0xff9ff06f)
core   0: 0x8001159c (0x00001f17) auipc   t5, 0x1
core   0: 3 0x8001159c (0x00001f17) x30 0x8001259c
core   0: 0x800115a0 (0xa63f2223) sw      gp, -1436(t5)
core   0: 3 0x800115a0 (0xa63f2223) mem 0x80012000 0x00000001
core   0: 0x800115a4 (0xff9ff06f) j       pc - 0x8
core   0: 3 0x800115a4 (0xff9ff06f)
core   0: 0x8001159c (0x00001f17) auipc   t5, 0x1
core   0: 3 0x8001159c (0x00001f17) x30 0x8001259c
core   0: 0x800115a0 (0xa63f2223) sw      gp, -1436(t5)
core   0: 3 0x800115a0 (0xa63f2223) mem 0x80012000 0x00000001
core   0: 0x800115a4 (0xff9ff06f) j       pc - 0x8
core   0: 3 0x800115a4 (0xff9ff06f)
core   0: 0x8001159c (0x00001f17) auipc   t5, 0x1
core   0: 3 0x8001159c (0x00001f17) x30 0x8001259c
core   0: 0x800115a0 (0xa63f2223) sw      gp, -1436(t5)
core   0: 3 0x800115a0 (0xa63f2223) mem 0x80012000 0x00000001
core   0: 0x800115a4 (0xff9ff06f) j       pc - 0x8
core   0: 3 0x800115a4 (0xff9ff06f)
core   0: 0x8001159c (0x00001f17) auipc   t5, 0x1
core   0: 3 0x8001159c (0x00001f17) x30 0x8001259c
core   0: 0x800115a0 (0xa63f2223) sw      gp, -1436(t5)
core   0: 3 0x800115a0 (0xa63f2223) mem 0x80012000 0x00000001
core   0: 0x800115a4 (0xff9ff06f) j       pc - 0x8
core   0: 3 0x800115a4 (0xff9ff06f)
core   0: 0x8001159c (0x00001f17) auipc   t5, 0x1
core   0: 3 0x8001159c (0x00001f17) x30 0x8001259c
core   0: 0x800115a0 (0xa63f2223) sw      gp, -1436(t5)
core   0: 3 0x800115a0 (0xa63f2223) mem 0x80012000 0x00000001
core   0: 0x800115a4 (0xff9ff06f) j       pc - 0x8
core   0: 3 0x800115a4 (0xff9ff06f)
core   0: 0x8001159c (0x00001f17) auipc   t5, 0x1
core   0: 3 0x8001159c (0x00001f17) x30 0x8001259c
core   0: 0x800115a0 (0xa63f2223) sw      gp, -1436(t5)
core   0: 3 0x800115a0 (0xa63f2223) mem 0x80012000 0x00000001
core   0: 0x800115a4 (0xff9ff06f) j       pc - 0x8
core   0: 3 0x800115a4 (0xff9ff06f)
core   0: 0x8001159c (0x00001f17) auipc   t5, 0x1
core   0: 3 0x8001159c (0x00001f17) x30 0x8001259c
core   0: 0x800115a0 (0xa63f2223) sw      gp, -1436(t5)
core   0: 3 0x800115a0 (0xa63f2223) mem 0x80012000 0x00000001
core   0: 0x800115a4 (0xff9ff06f) j       pc - 0x8
core   0: 3 0x800115a4 (0xff9ff06f)
core   0: 0x8001159c (0x00001f17) auipc   t5, 0x1
core   0: 3 0x8001159c (0x00001f17) x30 0x8001259c
core   0: 0x800115a0 (0xa63f2223) sw      gp, -1436(t5)
core   0: 3 0x800115a0 (0xa63f2223) mem 0x80012000 0x00000001
core   0: 0x800115a4 (0xff9ff06f) j       pc - 0x8
core   0: 3 0x800115a4 (0xff9ff06f)
core   0: 0x8001159c (0x00001f17) auipc   t5, 0x1
core   0: 3 0x8001159c (0x00001f17) x30 0x8001259c
core   0: 0x800115a0 (0xa63f2223) sw      gp, -1436(t5)
core   0: 3 0x800115a0 (0xa63f2223) mem 0x80012000 0x00000001
core   0: 0x800115a4 (0xff9ff06f) j       pc - 0x8
core   0: 3 0x800115a4 (0xff9ff06f)
core   0: 0x8001159c (0x00001f17) auipc   t5, 0x1
core   0: 3 0x8001159c (0x00001f17) x30 0x8001259c
core   0: 0x800115a0 (0xa63f2223) sw      gp, -1436(t5)
core   0: 3 0x800115a0 (0xa63f2223) mem 0x80012000 0x00000001
core   0: 0x800115a4 (0xff9ff06f) j       pc - 0x8
core   0: 3 0x800115a4 (0xff9ff06f)
core   0: 0x8001159c (0x00001f17) auipc   t5, 0x1
core   0: 3 0x8001159c (0x00001f17) x30 0x8001259c
core   0: 0x800115a0 (0xa63f2223) sw      gp, -1436(t5)
core   0: 3 0x800115a0 (0xa63f2223) mem 0x80012000 0x00000001
core   0: 0x800115a4 (0xff9ff06f) j       pc - 0x8
core   0: 3 0x800115a4 (0xff9ff06f)
core   0: 0x8001159c (0x00001f17) auipc   t5, 0x1
core   0: 3 0x8001159c (0x00001f17) x30 0x8001259c
core   0: 0x800115a0 (0xa63f2223) sw      gp, -1436(t5)
core   0: 3 0x800115a0 (0xa63f2223) mem 0x80012000 0x00000001
core   0: 0x800115a4 (0xff9ff06f) j       pc - 0x8
core   0: 3 0x800115a4 (0xff9ff06f)
core   0: 0x8001159c (0x00001f17) auipc   t5, 0x1
core   0: 3 0x8001159c (0x00001f17) x30 0x8001259c
core   0: 0x800115a0 (0xa63f2223) sw      gp, -1436(t5)
core   0: 3 0x800115a0 (0xa63f2223) mem 0x80012000 0x00000001
core   0: 0x800115a4 (0xff9ff06f) j       pc - 0x8
core   0: 3 0x800115a4 (0xff9ff06f)
core   0: 0x8001159c (0x00001f17) auipc   t5, 0x1
core   0: 3 0x8001159c (0x00001f17) x30 0x8001259c
core   0: 0x800115a0 (0xa63f2223) sw      gp, -1436(t5)
core   0: 3 0x800115a0 (0xa63f2223) mem 0x80012000 0x00000001
core   0: 0x800115a4 (0xff9ff06f) j       pc - 0x8
core   0: 3 0x800115a4 (0xff9ff06f)
core   0: 0x8001159c (0x00001f17) auipc   t5, 0x1
core   0: 3 0x8001159c (0x00001f17) x30 0x8001259c
core   0: 0x800115a0 (0xa63f2223) sw      gp, -1436(t5)
core   0: 3 0x800115a0 (0xa63f2223) mem 0x80012000 0x00000001
core   0: 0x800115a4 (0xff9ff06f) j       pc - 0x8
core   0: 3 0x800115a4 (0xff9ff06f)
core   0: 0x8001159c (0x00001f17) auipc   t5, 0x1
core   0: 3 0x8001159c (0x00001f17) x30 0x8001259c
core   0: 0x800115a0 (0xa63f2223) sw      gp, -1436(t5)
core   0: 3 0x800115a0 (0xa63f2223) mem 0x80012000 0x00000001
core   0: 0x800115a4 (0xff9ff06f) j       pc - 0x8
core   0: 3 0x800115a4 (0xff9ff06f)
core   0: 0x8001159c (0x00001f17) auipc   t5, 0x1
core   0: 3 0x8001159c (0x00001f17) x30 0x8001259c
core   0: 0x800115a0 (0xa63f2223) sw      gp, -1436(t5)
core   0: 3 0x800115a0 (0xa63f2223) mem 0x80012000 0x00000001
core   0: 0x800115a4 (0xff9ff06f) j       pc - 0x8
core   0: 3 0x800115a4 (0xff9ff06f)
core   0: 0x8001159c (0x00001f17) auipc   t5, 0x1
core   0: 3 0x8001159c (0x00001f17) x30 0x8001259c
core   0: 0x800115a0 (0xa63f2223) sw      gp, -1436(t5)
core   0: 3 0x800115a0 (0xa63f2223) mem 0x80012000 0x00000001
core   0: 0x800115a4 (0xff9ff06f) j       pc - 0x8
core   0: 3 0x800115a4 (0xff9ff06f)
core   0: 0x8001159c (0x00001f17) auipc   t5, 0x1
core   0: 3 0x8001159c (0x00001f17) x30 0x8001259c
core   0: 0x800115a0 (0xa63f2223) sw      gp, -1436(t5)
core   0: 3 0x800115a0 (0xa63f2223) mem 0x80012000 0x00000001
core   0: 0x800115a4 (0xff9ff06f) j       pc - 0x8
core   0: 3 0x800115a4 (0xff9ff06f)
core   0: 0x8001159c (0x00001f17) auipc   t5, 0x1
core   0: 3 0x8001159c (0x00001f17) x30 0x8001259c
core   0: 0x800115a0 (0xa63f2223) sw      gp, -1436(t5)
core   0: 3 0x800115a0 (0xa63f2223) mem 0x80012000 0x00000001
core   0: 0x800115a4 (0xff9ff06f) j       pc - 0x8
core   0: 3 0x800115a4 (0xff9ff06f)
core   0: 0x8001159c (0x00001f17) auipc   t5, 0x1
core   0: 3 0x8001159c (0x00001f17) x30 0x8001259c
core   0: 0x800115a0 (0xa63f2223) sw      gp, -1436(t5)
core   0: 3 0x800115a0 (0xa63f2223) mem 0x80012000 0x00000001
core   0: 0x800115a4 (0xff9ff06f) j       pc - 0x8
core   0: 3 0x800115a4 (0xff9ff06f)
core   0: 0x8001159c (0x00001f17) auipc   t5, 0x1
core   0: 3 0x8001159c (0x00001f17) x30 0x8001259c
core   0: 0x800115a0 (0xa63f2223) sw      gp, -1436(t5)
core   0: 3 0x800115a0 (0xa63f2223) mem 0x80012000 0x00000001
core   0: 0x800115a4 (0xff9ff06f) j       pc - 0x8
core   0: 3 0x800115a4 (0xff9ff06f)
core   0: 0x8001159c (0x00001f17) auipc   t5, 0x1
core   0: 3 0x8001159c (0x00001f17) x30 0x8001259c
core   0: 0x800115a0 (0xa63f2223) sw      gp, -1436(t5)
core   0: 3 0x800115a0 (0xa63f2223) mem 0x80012000 0x00000001
core   0: 0x800115a4 (0xff9ff06f) j       pc - 0x8
core   0: 3 0x800115a4 (0xff9ff06f)
core   0: 0x8001159c (0x00001f17) auipc   t5, 0x1
core   0: 3 0x8001159c (0x00001f17) x30 0x8001259c
core   0: 0x800115a0 (0xa63f2223) sw      gp, -1436(t5)
core   0: 3 0x800115a0 (0xa63f2223) mem 0x80012000 0x00000001
core   0: 0x800115a4 (0xff9ff06f) j       pc - 0x8
core   0: 3 0x800115a4 (0xff9ff06f)
core   0: 0x8001159c (0x00001f17) auipc   t5, 0x1
core   0: 3 0x8001159c (0x00001f17) x30 0x8001259c
core   0: 0x800115a0 (0xa63f2223) sw      gp, -1436(t5)
core   0: 3 0x800115a0 (0xa63f2223) mem 0x80012000 0x00000001
core   0: 0x800115a4 (0xff9ff06f) j       pc - 0x8
core   0: 3 0x800115a4 (0xff9ff06f)
core   0: 0x8001159c (0x00001f17) auipc   t5, 0x1
core   0: 3 0x8001159c (0x00001f17) x30 0x8001259c
core   0: 0x800115a0 (0xa63f2223) sw      gp, -1436(t5)
core   0: 3 0x800115a0 (0xa63f2223) mem 0x80012000 0x00000001
core   0: 0x800115a4 (0xff9ff06f) j       pc - 0x8
core   0: 3 0x800115a4 (0xff9ff06f)
core   0: 0x8001159c (0x00001f17) auipc   t5, 0x1
core   0: 3 0x8001159c (0x00001f17) x30 0x8001259c
core   0: 0x800115a0 (0xa63f2223) sw      gp, -1436(t5)
core   0: 3 0x800115a0 (0xa63f2223) mem 0x80012000 0x00000001
core   0: 0x800115a4 (0xff9ff06f) j       pc - 0x8
core   0: 3 0x800115a4 (0xff9ff06f)
core   0: 0x8001159c (0x00001f17) auipc   t5, 0x1
core   0: 3 0x8001159c (0x00001f17) x30 0x8001259c
core   0: 0x800115a0 (0xa63f2223) sw      gp, -1436(t5)
core   0: 3 0x800115a0 (0xa63f2223) mem 0x80012000 0x00000001
core   0: 0x800115a4 (0xff9ff06f) j       pc - 0x8
core   0: 3 0x800115a4 (0xff9ff06f)
core   0: 0x8001159c (0x00001f17) auipc   t5, 0x1
core   0: 3 0x8001159c (0x00001f17) x30 0x8001259c
core   0: 0x800115a0 (0xa63f2223) sw      gp, -1436(t5)
core   0: 3 0x800115a0 (0xa63f2223) mem 0x80012000 0x00000001
core   0: 0x800115a4 (0xff9ff06f) j       pc - 0x8
core   0: 3 0x800115a4 (0xff9ff06f)
core   0: 0x8001159c (0x00001f17) auipc   t5, 0x1
core   0: 3 0x8001159c (0x00001f17) x30 0x8001259c
core   0: 0x800115a0 (0xa63f2223) sw      gp, -1436(t5)
core   0: 3 0x800115a0 (0xa63f2223) mem 0x80012000 0x00000001
core   0: 0x800115a4 (0xff9ff06f) j       pc - 0x8
core   0: 3 0x800115a4 (0xff9ff06f)
core   0: 0x8001159c (0x00001f17) auipc   t5, 0x1
core   0: 3 0x8001159c (0x00001f17) x30 0x8001259c
core   0: 0x800115a0 (0xa63f2223) sw      gp, -1436(t5)
core   0: 3 0x800115a0 (0xa63f2223) mem 0x80012000 0x00000001
core   0: 0x800115a4 (0xff9ff06f) j       pc - 0x8
core   0: 3 0x800115a4 (0xff9ff06f)
core   0: 0x8001159c (0x00001f17) auipc   t5, 0x1
core   0: 3 0x8001159c (0x00001f17) x30 0x8001259c
core   0: 0x800115a0 (0xa63f2223) sw      gp, -1436(t5)
core   0: 3 0x800115a0 (0xa63f2223) mem 0x80012000 0x00000001
core   0: 0x800115a4 (0xff9ff06f) j       pc - 0x8
core   0: 3 0x800115a4 (0xff9ff06f)
core   0: 0x8001159c (0x00001f17) auipc   t5, 0x1
core   0: 3 0x8001159c (0x00001f17) x30 0x8001259c
core   0: 0x800115a0 (0xa63f2223) sw      gp, -1436(t5)
core   0: 3 0x800115a0 (0xa63f2223) mem 0x80012000 0x00000001
core   0: 0x800115a4 (0xff9ff06f) j       pc - 0x8
core   0: 3 0x800115a4 (0xff9ff06f)
core   0: 0x8001159c (0x00001f17) auipc   t5, 0x1
core   0: 3 0x8001159c (0x00001f17) x30 0x8001259c
core   0: 0x800115a0 (0xa63f2223) sw      gp, -1436(t5)
core   0: 3 0x800115a0 (0xa63f2223) mem 0x80012000 0x00000001
core   0: 0x800115a4 (0xff9ff06f) j       pc - 0x8
core   0: 3 0x800115a4 (0xff9ff06f)
core   0: 0x8001159c (0x00001f17) auipc   t5, 0x1
core   0: 3 0x8001159c (0x00001f17) x30 0x8001259c
core   0: 0x800115a0 (0xa63f2223) sw      gp, -1436(t5)
core   0: 3 0x800115a0 (0xa63f2223) mem 0x80012000 0x00000001
core   0: 0x800115a4 (0xff9ff06f) j       pc - 0x8
core   0: 3 0x800115a4 (0xff9ff06f)
core   0: 0x8001159c (0x00001f17) auipc   t5, 0x1
core   0: 3 0x8001159c (0x00001f17) x30 0x8001259c
core   0: 0x800115a0 (0xa63f2223) sw      gp, -1436(t5)
core   0: 3 0x800115a0 (0xa63f2223) mem 0x80012000 0x00000001
core   0: 0x800115a4 (0xff9ff06f) j       pc - 0x8
core   0: 3 0x800115a4 (0xff9ff06f)
core   0: 0x8001159c (0x00001f17) auipc   t5, 0x1
core   0: 3 0x8001159c (0x00001f17) x30 0x8001259c
core   0: 0x800115a0 (0xa63f2223) sw      gp, -1436(t5)
core   0: 3 0x800115a0 (0xa63f2223) mem 0x80012000 0x00000001
core   0: 0x800115a4 (0xff9ff06f) j       pc - 0x8
core   0: 3 0x800115a4 (0xff9ff06f)
core   0: 0x8001159c (0x00001f17) auipc   t5, 0x1
core   0: 3 0x8001159c (0x00001f17) x30 0x8001259c
core   0: 0x800115a0 (0xa63f2223) sw      gp, -1436(t5)
core   0: 3 0x800115a0 (0xa63f2223) mem 0x80012000 0x00000001
core   0: 0x800115a4 (0xff9ff06f) j       pc - 0x8
core   0: 3 0x800115a4 (0xff9ff06f)
core   0: 0x8001159c (0x00001f17) auipc   t5, 0x1
core   0: 3 0x8001159c (0x00001f17) x30 0x8001259c
core   0: 0x800115a0 (0xa63f2223) sw      gp, -1436(t5)
core   0: 3 0x800115a0 (0xa63f2223) mem 0x80012000 0x00000001
core   0: 0x800115a4 (0xff9ff06f) j       pc - 0x8
core   0: 3 0x800115a4 (0xff9ff06f)
core   0: 0x8001159c (0x00001f17) auipc   t5, 0x1
core   0: 3 0x8001159c (0x00001f17) x30 0x8001259c
core   0: 0x800115a0 (0xa63f2223) sw      gp, -1436(t5)
core   0: 3 0x800115a0 (0xa63f2223) mem 0x80012000 0x00000001
core   0: 0x800115a4 (0xff9ff06f) j       pc - 0x8
core   0: 3 0x800115a4 (0xff9ff06f)
core   0: 0x8001159c (0x00001f17) auipc   t5, 0x1
core   0: 3 0x8001159c (0x00001f17) x30 0x8001259c
core   0: 0x800115a0 (0xa63f2223) sw      gp, -1436(t5)
core   0: 3 0x800115a0 (0xa63f2223) mem 0x80012000 0x00000001
core   0: 0x800115a4 (0xff9ff06f) j       pc - 0x8
core   0: 3 0x800115a4 (0xff9ff06f)
core   0: 0x8001159c (0x00001f17) auipc   t5, 0x1
core   0: 3 0x8001159c (0x00001f17) x30 0x8001259c
core   0: 0x800115a0 (0xa63f2223) sw      gp, -1436(t5)
core   0: 3 0x800115a0 (0xa63f2223) mem 0x80012000 0x00000001
core   0: 0x800115a4 (0xff9ff06f) j       pc - 0x8
core   0: 3 0x800115a4 (0xff9ff06f)
core   0: 0x8001159c (0x00001f17) auipc   t5, 0x1
core   0: 3 0x8001159c (0x00001f17) x30 0x8001259c
core   0: 0x800115a0 (0xa63f2223) sw      gp, -1436(t5)
core   0: 3 0x800115a0 (0xa63f2223) mem 0x80012000 0x00000001
core   0: 0x800115a4 (0xff9ff06f) j       pc - 0x8
core   0: 3 0x800115a4 (0xff9ff06f)
core   0: 0x8001159c (0x00001f17) auipc   t5, 0x1
core   0: 3 0x8001159c (0x00001f17) x30 0x8001259c
core   0: 0x800115a0 (0xa63f2223) sw      gp, -1436(t5)
core   0: 3 0x800115a0 (0xa63f2223) mem 0x80012000 0x00000001
core   0: 0x800115a4 (0xff9ff06f) j       pc - 0x8
core   0: 3 0x800115a4 (0xff9ff06f)
core   0: 0x8001159c (0x00001f17) auipc   t5, 0x1
core   0: 3 0x8001159c (0x00001f17) x30 0x8001259c
core   0: 0x800115a0 (0xa63f2223) sw      gp, -1436(t5)
core   0: 3 0x800115a0 (0xa63f2223) mem 0x80012000 0x00000001
core   0: 0x800115a4 (0xff9ff06f) j       pc - 0x8
core   0: 3 0x800115a4 (0xff9ff06f)
core   0: 0x8001159c (0x00001f17) auipc   t5, 0x1
core   0: 3 0x8001159c (0x00001f17) x30 0x8001259c
core   0: 0x800115a0 (0xa63f2223) sw      gp, -1436(t5)
core   0: 3 0x800115a0 (0xa63f2223) mem 0x80012000 0x00000001
core   0: 0x800115a4 (0xff9ff06f) j       pc - 0x8
core   0: 3 0x800115a4 (0xff9ff06f)
core   0: 0x8001159c (0x00001f17) auipc   t5, 0x1
core   0: 3 0x8001159c (0x00001f17) x30 0x8001259c
core   0: 0x800115a0 (0xa63f2223) sw      gp, -1436(t5)
core   0: 3 0x800115a0 (0xa63f2223) mem 0x80012000 0x00000001
core   0: 0x800115a4 (0xff9ff06f) j       pc - 0x8
core   0: 3 0x800115a4 (0xff9ff06f)
core   0: 0x8001159c (0x00001f17) auipc   t5, 0x1
core   0: 3 0x8001159c (0x00001f17) x30 0x8001259c
core   0: 0x800115a0 (0xa63f2223) sw      gp, -1436(t5)
core   0: 3 0x800115a0 (0xa63f2223) mem 0x80012000 0x00000001
core   0: 0x800115a4 (0xff9ff06f) j       pc - 0x8
core   0: 3 0x800115a4 (0xff9ff06f)
core   0: 0x8001159c (0x00001f17) auipc   t5, 0x1
core   0: 3 0x8001159c (0x00001f17) x30 0x8001259c
core   0: 0x800115a0 (0xa63f2223) sw      gp, -1436(t5)
core   0: 3 0x800115a0 (0xa63f2223) mem 0x80012000 0x00000001
core   0: 0x800115a4 (0xff9ff06f) j       pc - 0x8
core   0: 3 0x800115a4 (0xff9ff06f)
core   0: 0x8001159c (0x00001f17) auipc   t5, 0x1
core   0: 3 0x8001159c (0x00001f17) x30 0x8001259c
core   0: 0x800115a0 (0xa63f2223) sw      gp, -1436(t5)
core   0: 3 0x800115a0 (0xa63f2223) mem 0x80012000 0x00000001
core   0: 0x800115a4 (0xff9ff06f) j       pc - 0x8
core   0: 3 0x800115a4 (0xff9ff06f)
core   0: 0x8001159c (0x00001f17) auipc   t5, 0x1
core   0: 3 0x8001159c (0x00001f17) x30 0x8001259c
core   0: 0x800115a0 (0xa63f2223) sw      gp, -1436(t5)
core   0: 3 0x800115a0 (0xa63f2223) mem 0x80012000 0x00000001
core   0: 0x800115a4 (0xff9ff06f) j       pc - 0x8
core   0: 3 0x800115a4 (0xff9ff06f)
core   0: 0x8001159c (0x00001f17) auipc   t5, 0x1
core   0: 3 0x8001159c (0x00001f17) x30 0x8001259c
core   0: 0x800115a0 (0xa63f2223) sw      gp, -1436(t5)
core   0: 3 0x800115a0 (0xa63f2223) mem 0x80012000 0x00000001
core   0: 0x800115a4 (0xff9ff06f) j       pc - 0x8
core   0: 3 0x800115a4 (0xff9ff06f)
core   0: 0x8001159c (0x00001f17) auipc   t5, 0x1
core   0: 3 0x8001159c (0x00001f17) x30 0x8001259c
core   0: 0x800115a0 (0xa63f2223) sw      gp, -1436(t5)
core   0: 3 0x800115a0 (0xa63f2223) mem 0x80012000 0x00000001
core   0: 0x800115a4 (0xff9ff06f) j       pc - 0x8
core   0: 3 0x800115a4 (0xff9ff06f)
core   0: 0x8001159c (0x00001f17) auipc   t5, 0x1
core   0: 3 0x8001159c (0x00001f17) x30 0x8001259c
core   0: 0x800115a0 (0xa63f2223) sw      gp, -1436(t5)
core   0: 3 0x800115a0 (0xa63f2223) mem 0x80012000 0x00000001
core   0: 0x800115a4 (0xff9ff06f) j       pc - 0x8
core   0: 3 0x800115a4 (0xff9ff06f)
core   0: 0x8001159c (0x00001f17) auipc   t5, 0x1
core   0: 3 0x8001159c (0x00001f17) x30 0x8001259c
core   0: 0x800115a0 (0xa63f2223) sw      gp, -1436(t5)
core   0: 3 0x800115a0 (0xa63f2223) mem 0x80012000 0x00000001
core   0: 0x800115a4 (0xff9ff06f) j       pc - 0x8
core   0: 3 0x800115a4 (0xff9ff06f)
core   0: 0x8001159c (0x00001f17) auipc   t5, 0x1
core   0: 3 0x8001159c (0x00001f17) x30 0x8001259c
core   0: 0x800115a0 (0xa63f2223) sw      gp, -1436(t5)
core   0: 3 0x800115a0 (0xa63f2223) mem 0x80012000 0x00000001
core   0: 0x800115a4 (0xff9ff06f) j       pc - 0x8
core   0: 3 0x800115a4 (0xff9ff06f)
core   0: 0x8001159c (0x00001f17) auipc   t5, 0x1
core   0: 3 0x8001159c (0x00001f17) x30 0x8001259c
core   0: 0x800115a0 (0xa63f2223) sw      gp, -1436(t5)
core   0: 3 0x800115a0 (0xa63f2223) mem 0x80012000 0x00000001
core   0: 0x800115a4 (0xff9ff06f) j       pc - 0x8
core   0: 3 0x800115a4 (0xff9ff06f)
core   0: 0x8001159c (0x00001f17) auipc   t5, 0x1
core   0: 3 0x8001159c (0x00001f17) x30 0x8001259c
core   0: 0x800115a0 (0xa63f2223) sw      gp, -1436(t5)
core   0: 3 0x800115a0 (0xa63f2223) mem 0x80012000 0x00000001
core   0: 0x800115a4 (0xff9ff06f) j       pc - 0x8
core   0: 3 0x800115a4 (0xff9ff06f)
core   0: 0x8001159c (0x00001f17) auipc   t5, 0x1
core   0: 3 0x8001159c (0x00001f17) x30 0x8001259c
core   0: 0x800115a0 (0xa63f2223) sw      gp, -1436(t5)
core   0: 3 0x800115a0 (0xa63f2223) mem 0x80012000 0x00000001
core   0: 0x800115a4 (0xff9ff06f) j       pc - 0x8
core   0: 3 0x800115a4 (0xff9ff06f)
core   0: 0x8001159c (0x00001f17) auipc   t5, 0x1
core   0: 3 0x8001159c (0x00001f17) x30 0x8001259c
core   0: 0x800115a0 (0xa63f2223) sw      gp, -1436(t5)
core   0: 3 0x800115a0 (0xa63f2223) mem 0x80012000 0x00000001
core   0: 0x800115a4 (0xff9ff06f) j       pc - 0x8
core   0: 3 0x800115a4 (0xff9ff06f)
core   0: 0x8001159c (0x00001f17) auipc   t5, 0x1
core   0: 3 0x8001159c (0x00001f17) x30 0x8001259c
core   0: 0x800115a0 (0xa63f2223) sw      gp, -1436(t5)
core   0: 3 0x800115a0 (0xa63f2223) mem 0x80012000 0x00000001
core   0: 0x800115a4 (0xff9ff06f) j       pc - 0x8
core   0: 3 0x800115a4 (0xff9ff06f)
core   0: 0x8001159c (0x00001f17) auipc   t5, 0x1
core   0: 3 0x8001159c (0x00001f17) x30 0x8001259c
core   0: 0x800115a0 (0xa63f2223) sw      gp, -1436(t5)
core   0: 3 0x800115a0 (0xa63f2223) mem 0x80012000 0x00000001
core   0: 0x800115a4 (0xff9ff06f) j       pc - 0x8
core   0: 3 0x800115a4 (0xff9ff06f)
core   0: 0x8001159c (0x00001f17) auipc   t5, 0x1
core   0: 3 0x8001159c (0x00001f17) x30 0x8001259c
core   0: 0x800115a0 (0xa63f2223) sw      gp, -1436(t5)
core   0: 3 0x800115a0 (0xa63f2223) mem 0x80012000 0x00000001
core   0: 0x800115a4 (0xff9ff06f) j       pc - 0x8
core   0: 3 0x800115a4 (0xff9ff06f)
core   0: 0x8001159c (0x00001f17) auipc   t5, 0x1
core   0: 3 0x8001159c (0x00001f17) x30 0x8001259c
core   0: 0x800115a0 (0xa63f2223) sw      gp, -1436(t5)
core   0: 3 0x800115a0 (0xa63f2223) mem 0x80012000 0x00000001
core   0: 0x800115a4 (0xff9ff06f) j       pc - 0x8
core   0: 3 0x800115a4 (0xff9ff06f)
core   0: 0x8001159c (0x00001f17) auipc   t5, 0x1
core   0: 3 0x8001159c (0x00001f17) x30 0x8001259c
core   0: 0x800115a0 (0xa63f2223) sw      gp, -1436(t5)
core   0: 3 0x800115a0 (0xa63f2223) mem 0x80012000 0x00000001
core   0: 0x800115a4 (0xff9ff06f) j       pc - 0x8
core   0: 3 0x800115a4 (0xff9ff06f)
core   0: 0x8001159c (0x00001f17) auipc   t5, 0x1
core   0: 3 0x8001159c (0x00001f17) x30 0x8001259c
core   0: 0x800115a0 (0xa63f2223) sw      gp, -1436(t5)
core   0: 3 0x800115a0 (0xa63f2223) mem 0x80012000 0x00000001
core   0: 0x800115a4 (0xff9ff06f) j       pc - 0x8
core   0: 3 0x800115a4 (0xff9ff06f)
core   0: 0x8001159c (0x00001f17) auipc   t5, 0x1
core   0: 3 0x8001159c (0x00001f17) x30 0x8001259c
core   0: 0x800115a0 (0xa63f2223) sw      gp, -1436(t5)
core   0: 3 0x800115a0 (0xa63f2223) mem 0x80012000 0x00000001
core   0: 0x800115a4 (0xff9ff06f) j       pc - 0x8
core   0: 3 0x800115a4 (0xff9ff06f)
core   0: 0x8001159c (0x00001f17) auipc   t5, 0x1
core   0: 3 0x8001159c (0x00001f17) x30 0x8001259c
core   0: 0x800115a0 (0xa63f2223) sw      gp, -1436(t5)
core   0: 3 0x800115a0 (0xa63f2223) mem 0x80012000 0x00000001
core   0: 0x800115a4 (0xff9ff06f) j       pc - 0x8
core   0: 3 0x800115a4 (0xff9ff06f)
core   0: 0x8001159c (0x00001f17) auipc   t5, 0x1
core   0: 3 0x8001159c (0x00001f17) x30 0x8001259c
core   0: 0x800115a0 (0xa63f2223) sw      gp, -1436(t5)
core   0: 3 0x800115a0 (0xa63f2223) mem 0x80012000 0x00000001
core   0: 0x800115a4 (0xff9ff06f) j       pc - 0x8
core   0: 3 0x800115a4 (0xff9ff06f)
core   0: 0x8001159c (0x00001f17) auipc   t5, 0x1
core   0: 3 0x8001159c (0x00001f17) x30 0x8001259c
core   0: 0x800115a0 (0xa63f2223) sw      gp, -1436(t5)
core   0: 3 0x800115a0 (0xa63f2223) mem 0x80012000 0x00000001
core   0: 0x800115a4 (0xff9ff06f) j       pc - 0x8
core   0: 3 0x800115a4 (0xff9ff06f)
core   0: 0x8001159c (0x00001f17) auipc   t5, 0x1
core   0: 3 0x8001159c (0x00001f17) x30 0x8001259c
core   0: 0x800115a0 (0xa63f2223) sw      gp, -1436(t5)
core   0: 3 0x800115a0 (0xa63f2223) mem 0x80012000 0x00000001
core   0: 0x800115a4 (0xff9ff06f) j       pc - 0x8
core   0: 3 0x800115a4 (0xff9ff06f)
core   0: 0x8001159c (0x00001f17) auipc   t5, 0x1
core   0: 3 0x8001159c (0x00001f17) x30 0x8001259c
core   0: 0x800115a0 (0xa63f2223) sw      gp, -1436(t5)
core   0: 3 0x800115a0 (0xa63f2223) mem 0x80012000 0x00000001
core   0: 0x800115a4 (0xff9ff06f) j       pc - 0x8
core   0: 3 0x800115a4 (0xff9ff06f)
core   0: 0x8001159c (0x00001f17) auipc   t5, 0x1
core   0: 3 0x8001159c (0x00001f17) x30 0x8001259c
core   0: 0x800115a0 (0xa63f2223) sw      gp, -1436(t5)
core   0: 3 0x800115a0 (0xa63f2223) mem 0x80012000 0x00000001
core   0: 0x800115a4 (0xff9ff06f) j       pc - 0x8
core   0: 3 0x800115a4 (0xff9ff06f)
core   0: 0x8001159c (0x00001f17) auipc   t5, 0x1
core   0: 3 0x8001159c (0x00001f17) x30 0x8001259c
core   0: 0x800115a0 (0xa63f2223) sw      gp, -1436(t5)
core   0: 3 0x800115a0 (0xa63f2223) mem 0x80012000 0x00000001
core   0: 0x800115a4 (0xff9ff06f) j       pc - 0x8
core   0: 3 0x800115a4 (0xff9ff06f)
core   0: 0x8001159c (0x00001f17) auipc   t5, 0x1
core   0: 3 0x8001159c (0x00001f17) x30 0x8001259c
core   0: 0x800115a0 (0xa63f2223) sw      gp, -1436(t5)
core   0: 3 0x800115a0 (0xa63f2223) mem 0x80012000 0x00000001
core   0: 0x800115a4 (0xff9ff06f) j       pc - 0x8
core   0: 3 0x800115a4 (0xff9ff06f)
core   0: 0x8001159c (0x00001f17) auipc   t5, 0x1
core   0: 3 0x8001159c (0x00001f17) x30 0x8001259c
core   0: 0x800115a0 (0xa63f2223) sw      gp, -1436(t5)
core   0: 3 0x800115a0 (0xa63f2223) mem 0x80012000 0x00000001
core   0: 0x800115a4 (0xff9ff06f) j       pc - 0x8
core   0: 3 0x800115a4 (0xff9ff06f)
core   0: 0x8001159c (0x00001f17) auipc   t5, 0x1
core   0: 3 0x8001159c (0x00001f17) x30 0x8001259c
core   0: 0x800115a0 (0xa63f2223) sw      gp, -1436(t5)
core   0: 3 0x800115a0 (0xa63f2223) mem 0x80012000 0x00000001
core   0: 0x800115a4 (0xff9ff06f) j       pc - 0x8
core   0: 3 0x800115a4 (0xff9ff06f)
core   0: 0x8001159c (0x00001f17) auipc   t5, 0x1
core   0: 3 0x8001159c (0x00001f17) x30 0x8001259c
core   0: 0x800115a0 (0xa63f2223) sw      gp, -1436(t5)
core   0: 3 0x800115a0 (0xa63f2223) mem 0x80012000 0x00000001
core   0: 0x800115a4 (0xff9ff06f) j       pc - 0x8
core   0: 3 0x800115a4 (0xff9ff06f)
core   0: 0x8001159c (0x00001f17) auipc   t5, 0x1
core   0: 3 0x8001159c (0x00001f17) x30 0x8001259c
core   0: 0x800115a0 (0xa63f2223) sw      gp, -1436(t5)
core   0: 3 0x800115a0 (0xa63f2223) mem 0x80012000 0x00000001
core   0: 0x800115a4 (0xff9ff06f) j       pc - 0x8
core   0: 3 0x800115a4 (0xff9ff06f)
core   0: 0x8001159c (0x00001f17) auipc   t5, 0x1
core   0: 3 0x8001159c (0x00001f17) x30 0x8001259c
core   0: 0x800115a0 (0xa63f2223) sw      gp, -1436(t5)
core   0: 3 0x800115a0 (0xa63f2223) mem 0x80012000 0x00000001
core   0: 0x800115a4 (0xff9ff06f) j       pc - 0x8
core   0: 3 0x800115a4 (0xff9ff06f)
core   0: 0x8001159c (0x00001f17) auipc   t5, 0x1
core   0: 3 0x8001159c (0x00001f17) x30 0x8001259c
core   0: 0x800115a0 (0xa63f2223) sw      gp, -1436(t5)
core   0: 3 0x800115a0 (0xa63f2223) mem 0x80012000 0x00000001
core   0: 0x800115a4 (0xff9ff06f) j       pc - 0x8
core   0: 3 0x800115a4 (0xff9ff06f)
core   0: 0x8001159c (0x00001f17) auipc   t5, 0x1
core   0: 3 0x8001159c (0x00001f17) x30 0x8001259c
core   0: 0x800115a0 (0xa63f2223) sw      gp, -1436(t5)
core   0: 3 0x800115a0 (0xa63f2223) mem 0x80012000 0x00000001
core   0: 0x800115a4 (0xff9ff06f) j       pc - 0x8
core   0: 3 0x800115a4 (0xff9ff06f)
core   0: 0x8001159c (0x00001f17) auipc   t5, 0x1
core   0: 3 0x8001159c (0x00001f17) x30 0x8001259c
core   0: 0x800115a0 (0xa63f2223) sw      gp, -1436(t5)
core   0: 3 0x800115a0 (0xa63f2223) mem 0x80012000 0x00000001
core   0: 0x800115a4 (0xff9ff06f) j       pc - 0x8
core   0: 3 0x800115a4 (0xff9ff06f)
core   0: 0x8001159c (0x00001f17) auipc   t5, 0x1
core   0: 3 0x8001159c (0x00001f17) x30 0x8001259c
core   0: 0x800115a0 (0xa63f2223) sw      gp, -1436(t5)
core   0: 3 0x800115a0 (0xa63f2223) mem 0x80012000 0x00000001
core   0: 0x800115a4 (0xff9ff06f) j       pc - 0x8
core   0: 3 0x800115a4 (0xff9ff06f)
core   0: 0x8001159c (0x00001f17) auipc   t5, 0x1
core   0: 3 0x8001159c (0x00001f17) x30 0x8001259c
core   0: 0x800115a0 (0xa63f2223) sw      gp, -1436(t5)
core   0: 3 0x800115a0 (0xa63f2223) mem 0x80012000 0x00000001
core   0: 0x800115a4 (0xff9ff06f) j       pc - 0x8
core   0: 3 0x800115a4 (0xff9ff06f)
core   0: 0x8001159c (0x00001f17) auipc   t5, 0x1
core   0: 3 0x8001159c (0x00001f17) x30 0x8001259c
core   0: 0x800115a0 (0xa63f2223) sw      gp, -1436(t5)
core   0: 3 0x800115a0 (0xa63f2223) mem 0x80012000 0x00000001
core   0: 0x800115a4 (0xff9ff06f) j       pc - 0x8
core   0: 3 0x800115a4 (0xff9ff06f)
core   0: 0x8001159c (0x00001f17) auipc   t5, 0x1
core   0: 3 0x8001159c (0x00001f17) x30 0x8001259c
core   0: 0x800115a0 (0xa63f2223) sw      gp, -1436(t5)
core   0: 3 0x800115a0 (0xa63f2223) mem 0x80012000 0x00000001
core   0: 0x800115a4 (0xff9ff06f) j       pc - 0x8
core   0: 3 0x800115a4 (0xff9ff06f)
core   0: 0x8001159c (0x00001f17) auipc   t5, 0x1
core   0: 3 0x8001159c (0x00001f17) x30 0x8001259c
core   0: 0x800115a0 (0xa63f2223) sw      gp, -1436(t5)
core   0: 3 0x800115a0 (0xa63f2223) mem 0x80012000 0x00000001
core   0: 0x800115a4 (0xff9ff06f) j       pc - 0x8
core   0: 3 0x800115a4 (0xff9ff06f)
core   0: 0x8001159c (0x00001f17) auipc   t5, 0x1
core   0: 3 0x8001159c (0x00001f17) x30 0x8001259c
core   0: 0x800115a0 (0xa63f2223) sw      gp, -1436(t5)
core   0: 3 0x800115a0 (0xa63f2223) mem 0x80012000 0x00000001
core   0: 0x800115a4 (0xff9ff06f) j       pc - 0x8
core   0: 3 0x800115a4 (0xff9ff06f)
core   0: 0x8001159c (0x00001f17) auipc   t5, 0x1
core   0: 3 0x8001159c (0x00001f17) x30 0x8001259c
core   0: 0x800115a0 (0xa63f2223) sw      gp, -1436(t5)
core   0: 3 0x800115a0 (0xa63f2223) mem 0x80012000 0x00000001
core   0: 0x800115a4 (0xff9ff06f) j       pc - 0x8
core   0: 3 0x800115a4 (0xff9ff06f)
core   0: 0x8001159c (0x00001f17) auipc   t5, 0x1
core   0: 3 0x8001159c (0x00001f17) x30 0x8001259c
core   0: 0x800115a0 (0xa63f2223) sw      gp, -1436(t5)
core   0: 3 0x800115a0 (0xa63f2223) mem 0x80012000 0x00000001
core   0: 0x800115a4 (0xff9ff06f) j       pc - 0x8
core   0: 3 0x800115a4 (0xff9ff06f)
core   0: 0x8001159c (0x00001f17) auipc   t5, 0x1
core   0: 3 0x8001159c (0x00001f17) x30 0x8001259c
core   0: 0x800115a0 (0xa63f2223) sw      gp, -1436(t5)
core   0: 3 0x800115a0 (0xa63f2223) mem 0x80012000 0x00000001
core   0: 0x800115a4 (0xff9ff06f) j       pc - 0x8
core   0: 3 0x800115a4 (0xff9ff06f)
core   0: 0x8001159c (0x00001f17) auipc   t5, 0x1
core   0: 3 0x8001159c (0x00001f17) x30 0x8001259c
core   0: 0x800115a0 (0xa63f2223) sw      gp, -1436(t5)
core   0: 3 0x800115a0 (0xa63f2223) mem 0x80012000 0x00000001
core   0: 0x800115a4 (0xff9ff06f) j       pc - 0x8
core   0: 3 0x800115a4 (0xff9ff06f)
core   0: 0x8001159c (0x00001f17) auipc   t5, 0x1
core   0: 3 0x8001159c (0x00001f17) x30 0x8001259c
core   0: 0x800115a0 (0xa63f2223) sw      gp, -1436(t5)
core   0: 3 0x800115a0 (0xa63f2223) mem 0x80012000 0x00000001
core   0: 0x800115a4 (0xff9ff06f) j       pc - 0x8
core   0: 3 0x800115a4 (0xff9ff06f)
core   0: 0x8001159c (0x00001f17) auipc   t5, 0x1
core   0: 3 0x8001159c (0x00001f17) x30 0x8001259c
core   0: 0x800115a0 (0xa63f2223) sw      gp, -1436(t5)
core   0: 3 0x800115a0 (0xa63f2223) mem 0x80012000 0x00000001
core   0: 0x800115a4 (0xff9ff06f) j       pc - 0x8
core   0: 3 0x800115a4 (0xff9ff06f)
core   0: 0x8001159c (0x00001f17) auipc   t5, 0x1
core   0: 3 0x8001159c (0x00001f17) x30 0x8001259c
core   0: 0x800115a0 (0xa63f2223) sw      gp, -1436(t5)
core   0: 3 0x800115a0 (0xa63f2223) mem 0x80012000 0x00000001
core   0: 0x800115a4 (0xff9ff06f) j       pc - 0x8
core   0: 3 0x800115a4 (0xff9ff06f)
core   0: 0x8001159c (0x00001f17) auipc   t5, 0x1
core   0: 3 0x8001159c (0x00001f17) x30 0x8001259c
core   0: 0x800115a0 (0xa63f2223) sw      gp, -1436(t5)
core   0: 3 0x800115a0 (0xa63f2223) mem 0x80012000 0x00000001
core   0: 0x800115a4 (0xff9ff06f) j       pc - 0x8
core   0: 3 0x800115a4 (0xff9ff06f)
core   0: 0x8001159c (0x00001f17) auipc   t5, 0x1
core   0: 3 0x8001159c (0x00001f17) x30 0x8001259c
core   0: 0x800115a0 (0xa63f2223) sw      gp, -1436(t5)
core   0: 3 0x800115a0 (0xa63f2223) mem 0x80012000 0x00000001
core   0: 0x800115a4 (0xff9ff06f) j       pc - 0x8
core   0: 3 0x800115a4 (0xff9ff06f)
core   0: 0x8001159c (0x00001f17) auipc   t5, 0x1
core   0: 3 0x8001159c (0x00001f17) x30 0x8001259c
core   0: 0x800115a0 (0xa63f2223) sw      gp, -1436(t5)
core   0: 3 0x800115a0 (0xa63f2223) mem 0x80012000 0x00000001
core   0: 0x800115a4 (0xff9ff06f) j       pc - 0x8
core   0: 3 0x800115a4 (0xff9ff06f)
core   0: 0x8001159c (0x00001f17) auipc   t5, 0x1
core   0: 3 0x8001159c (0x00001f17) x30 0x8001259c
core   0: 0x800115a0 (0xa63f2223) sw      gp, -1436(t5)
core   0: 3 0x800115a0 (0xa63f2223) mem 0x80012000 0x00000001
core   0: 0x800115a4 (0xff9ff06f) j       pc - 0x8
core   0: 3 0x800115a4 (0xff9ff06f)
core   0: 0x8001159c (0x00001f17) auipc   t5, 0x1
core   0: 3 0x8001159c (0x00001f17) x30 0x8001259c
core   0: 0x800115a0 (0xa63f2223) sw      gp, -1436(t5)
core   0: 3 0x800115a0 (0xa63f2223) mem 0x80012000 0x00000001
core   0: 0x800115a4 (0xff9ff06f) j       pc - 0x8
core   0: 3 0x800115a4 (0xff9ff06f)
core   0: 0x8001159c (0x00001f17) auipc   t5, 0x1
core   0: 3 0x8001159c (0x00001f17) x30 0x8001259c
core   0: 0x800115a0 (0xa63f2223) sw      gp, -1436(t5)
core   0: 3 0x800115a0 (0xa63f2223) mem 0x80012000 0x00000001
core   0: 0x800115a4 (0xff9ff06f) j       pc - 0x8
core   0: 3 0x800115a4 (0xff9ff06f)
core   0: 0x8001159c (0x00001f17) auipc   t5, 0x1
core   0: 3 0x8001159c (0x00001f17) x30 0x8001259c
core   0: 0x800115a0 (0xa63f2223) sw      gp, -1436(t5)
core   0: 3 0x800115a0 (0xa63f2223) mem 0x80012000 0x00000001
core   0: 0x800115a4 (0xff9ff06f) j       pc - 0x8
core   0: 3 0x800115a4 (0xff9ff06f)
core   0: 0x8001159c (0x00001f17) auipc   t5, 0x1
core   0: 3 0x8001159c (0x00001f17) x30 0x8001259c
core   0: 0x800115a0 (0xa63f2223) sw      gp, -1436(t5)
core   0: 3 0x800115a0 (0xa63f2223) mem 0x80012000 0x00000001
core   0: 0x800115a4 (0xff9ff06f) j       pc - 0x8
core   0: 3 0x800115a4 (0xff9ff06f)
core   0: 0x8001159c (0x00001f17) auipc   t5, 0x1
core   0: 3 0x8001159c (0x00001f17) x30 0x8001259c
core   0: 0x800115a0 (0xa63f2223) sw      gp, -1436(t5)
core   0: 3 0x800115a0 (0xa63f2223) mem 0x80012000 0x00000001
core   0: 0x800115a4 (0xff9ff06f) j       pc - 0x8
core   0: 3 0x800115a4 (0xff9ff06f)
core   0: 0x8001159c (0x00001f17) auipc   t5, 0x1
core   0: 3 0x8001159c (0x00001f17) x30 0x8001259c
core   0: 0x800115a0 (0xa63f2223) sw      gp, -1436(t5)
core   0: 3 0x800115a0 (0xa63f2223) mem 0x80012000 0x00000001
core   0: 0x800115a4 (0xff9ff06f) j       pc - 0x8
core   0: 3 0x800115a4 (0xff9ff06f)
core   0: 0x8001159c (0x00001f17) auipc   t5, 0x1
core   0: 3 0x8001159c (0x00001f17) x30 0x8001259c
core   0: 0x800115a0 (0xa63f2223) sw      gp, -1436(t5)
core   0: 3 0x800115a0 (0xa63f2223) mem 0x80012000 0x00000001
core   0: 0x800115a4 (0xff9ff06f) j       pc - 0x8
core   0: 3 0x800115a4 (0xff9ff06f)
core   0: 0x8001159c (0x00001f17) auipc   t5, 0x1
core   0: 3 0x8001159c (0x00001f17) x30 0x8001259c
core   0: 0x800115a0 (0xa63f2223) sw      gp, -1436(t5)
core   0: 3 0x800115a0 (0xa63f2223) mem 0x80012000 0x00000001
core   0: 0x800115a4 (0xff9ff06f) j       pc - 0x8
core   0: 3 0x800115a4 (0xff9ff06f)
core   0: 0x8001159c (0x00001f17) auipc   t5, 0x1
core   0: 3 0x8001159c (0x00001f17) x30 0x8001259c
core   0: 0x800115a0 (0xa63f2223) sw      gp, -1436(t5)
core   0: 3 0x800115a0 (0xa63f2223) mem 0x80012000 0x00000001
core   0: 0x800115a4 (0xff9ff06f) j       pc - 0x8
core   0: 3 0x800115a4 (0xff9ff06f)
core   0: 0x8001159c (0x00001f17) auipc   t5, 0x1
core   0: 3 0x8001159c (0x00001f17) x30 0x8001259c
core   0: 0x800115a0 (0xa63f2223) sw      gp, -1436(t5)
core   0: 3 0x800115a0 (0xa63f2223) mem 0x80012000 0x00000001
core   0: 0x800115a4 (0xff9ff06f) j       pc - 0x8
core   0: 3 0x800115a4 (0xff9ff06f)
core   0: 0x8001159c (0x00001f17) auipc   t5, 0x1
core   0: 3 0x8001159c (0x00001f17) x30 0x8001259c
core   0: 0x800115a0 (0xa63f2223) sw      gp, -1436(t5)
core   0: 3 0x800115a0 (0xa63f2223) mem 0x80012000 0x00000001
core   0: 0x800115a4 (0xff9ff06f) j       pc - 0x8
core   0: 3 0x800115a4 (0xff9ff06f)
core   0: 0x8001159c (0x00001f17) auipc   t5, 0x1
core   0: 3 0x8001159c (0x00001f17) x30 0x8001259c
core   0: 0x800115a0 (0xa63f2223) sw      gp, -1436(t5)
core   0: 3 0x800115a0 (0xa63f2223) mem 0x80012000 0x00000001
core   0: 0x800115a4 (0xff9ff06f) j       pc - 0x8
core   0: 3 0x800115a4 (0xff9ff06f)
core   0: 0x8001159c (0x00001f17) auipc   t5, 0x1
core   0: 3 0x8001159c (0x00001f17) x30 0x8001259c
core   0: 0x800115a0 (0xa63f2223) sw      gp, -1436(t5)
core   0: 3 0x800115a0 (0xa63f2223) mem 0x80012000 0x00000001
core   0: 0x800115a4 (0xff9ff06f) j       pc - 0x8
core   0: 3 0x800115a4 (0xff9ff06f)
core   0: 0x8001159c (0x00001f17) auipc   t5, 0x1
core   0: 3 0x8001159c (0x00001f17) x30 0x8001259c
core   0: 0x800115a0 (0xa63f2223) sw      gp, -1436(t5)
core   0: 3 0x800115a0 (0xa63f2223) mem 0x80012000 0x00000001
core   0: 0x800115a4 (0xff9ff06f) j       pc - 0x8
core   0: 3 0x800115a4 (0xff9ff06f)
core   0: 0x8001159c (0x00001f17) auipc   t5, 0x1
core   0: 3 0x8001159c (0x00001f17) x30 0x8001259c
core   0: 0x800115a0 (0xa63f2223) sw      gp, -1436(t5)
core   0: 3 0x800115a0 (0xa63f2223) mem 0x80012000 0x00000001
core   0: 0x800115a4 (0xff9ff06f) j       pc - 0x8
core   0: 3 0x800115a4 (0xff9ff06f)
core   0: 0x8001159c (0x00001f17) auipc   t5, 0x1
core   0: 3 0x8001159c (0x00001f17) x30 0x8001259c
core   0: 0x800115a0 (0xa63f2223) sw      gp, -1436(t5)
core   0: 3 0x800115a0 (0xa63f2223) mem 0x80012000 0x00000001
core   0: 0x800115a4 (0xff9ff06f) j       pc - 0x8
core   0: 3 0x800115a4 (0xff9ff06f)
core   0: 0x8001159c (0x00001f17) auipc   t5, 0x1
core   0: 3 0x8001159c (0x00001f17) x30 0x8001259c
core   0: 0x800115a0 (0xa63f2223) sw      gp, -1436(t5)
core   0: 3 0x800115a0 (0xa63f2223) mem 0x80012000 0x00000001
core   0: 0x800115a4 (0xff9ff06f) j       pc - 0x8
core   0: 3 0x800115a4 (0xff9ff06f)
core   0: 0x8001159c (0x00001f17) auipc   t5, 0x1
core   0: 3 0x8001159c (0x00001f17) x30 0x8001259c
core   0: 0x800115a0 (0xa63f2223) sw      gp, -1436(t5)
core   0: 3 0x800115a0 (0xa63f2223) mem 0x80012000 0x00000001
core   0: 0x800115a4 (0xff9ff06f) j       pc - 0x8
core   0: 3 0x800115a4 (0xff9ff06f)
core   0: 0x8001159c (0x00001f17) auipc   t5, 0x1
core   0: 3 0x8001159c (0x00001f17) x30 0x8001259c
core   0: 0x800115a0 (0xa63f2223) sw      gp, -1436(t5)
core   0: 3 0x800115a0 (0xa63f2223) mem 0x80012000 0x00000001
core   0: 0x800115a4 (0xff9ff06f) j       pc - 0x8
core   0: 3 0x800115a4 (0xff9ff06f)
core   0: 0x8001159c (0x00001f17) auipc   t5, 0x1
core   0: 3 0x8001159c (0x00001f17) x30 0x8001259c
core   0: 0x800115a0 (0xa63f2223) sw      gp, -1436(t5)
core   0: 3 0x800115a0 (0xa63f2223) mem 0x80012000 0x00000001
core   0: 0x800115a4 (0xff9ff06f) j       pc - 0x8
core   0: 3 0x800115a4 (0xff9ff06f)
core   0: 0x8001159c (0x00001f17) auipc   t5, 0x1
core   0: 3 0x8001159c (0x00001f17) x30 0x8001259c
core   0: 0x800115a0 (0xa63f2223) sw      gp, -1436(t5)
core   0: 3 0x800115a0 (0xa63f2223) mem 0x80012000 0x00000001
core   0: 0x800115a4 (0xff9ff06f) j       pc - 0x8
core   0: 3 0x800115a4 (0xff9ff06f)
core   0: 0x8001159c (0x00001f17) auipc   t5, 0x1
core   0: 3 0x8001159c (0x00001f17) x30 0x8001259c
core   0: 0x800115a0 (0xa63f2223) sw      gp, -1436(t5)
core   0: 3 0x800115a0 (0xa63f2223) mem 0x80012000 0x00000001
core   0: 0x800115a4 (0xff9ff06f) j       pc - 0x8
core   0: 3 0x800115a4 (0xff9ff06f)
core   0: 0x8001159c (0x00001f17) auipc   t5, 0x1
core   0: 3 0x8001159c (0x00001f17) x30 0x8001259c
core   0: 0x800115a0 (0xa63f2223) sw      gp, -1436(t5)
core   0: 3 0x800115a0 (0xa63f2223) mem 0x80012000 0x00000001
core   0: 0x800115a4 (0xff9ff06f) j       pc - 0x8
core   0: 3 0x800115a4 (0xff9ff06f)
core   0: 0x8001159c (0x00001f17) auipc   t5, 0x1
core   0: 3 0x8001159c (0x00001f17) x30 0x8001259c
core   0: 0x800115a0 (0xa63f2223) sw      gp, -1436(t5)
core   0: 3 0x800115a0 (0xa63f2223) mem 0x80012000 0x00000001
core   0: 0x800115a4 (0xff9ff06f) j       pc - 0x8
core   0: 3 0x800115a4 (0xff9ff06f)
core   0: 0x8001159c (0x00001f17) auipc   t5, 0x1
core   0: 3 0x8001159c (0x00001f17) x30 0x8001259c
core   0: 0x800115a0 (0xa63f2223) sw      gp, -1436(t5)
core   0: 3 0x800115a0 (0xa63f2223) mem 0x80012000 0x00000001
core   0: 0x800115a4 (0xff9ff06f) j       pc - 0x8
core   0: 3 0x800115a4 (0xff9ff06f)
core   0: 0x8001159c (0x00001f17) auipc   t5, 0x1
core   0: 3 0x8001159c (0x00001f17) x30 0x8001259c
core   0: 0x800115a0 (0xa63f2223) sw      gp, -1436(t5)
core   0: 3 0x800115a0 (0xa63f2223) mem 0x80012000 0x00000001
core   0: 0x800115a4 (0xff9ff06f) j       pc - 0x8
core   0: 3 0x800115a4 (0xff9ff06f)
core   0: 0x8001159c (0x00001f17) auipc   t5, 0x1
core   0: 3 0x8001159c (0x00001f17) x30 0x8001259c
core   0: 0x800115a0 (0xa63f2223) sw      gp, -1436(t5)
core   0: 3 0x800115a0 (0xa63f2223) mem 0x80012000 0x00000001
core   0: 0x800115a4 (0xff9ff06f) j       pc - 0x8
core   0: 3 0x800115a4 (0xff9ff06f)
core   0: 0x8001159c (0x00001f17) auipc   t5, 0x1
core   0: 3 0x8001159c (0x00001f17) x30 0x8001259c
core   0: 0x800115a0 (0xa63f2223) sw      gp, -1436(t5)
core   0: 3 0x800115a0 (0xa63f2223) mem 0x80012000 0x00000001
core   0: 0x800115a4 (0xff9ff06f) j       pc - 0x8
core   0: 3 0x800115a4 (0xff9ff06f)
core   0: 0x8001159c (0x00001f17) auipc   t5, 0x1
core   0: 3 0x8001159c (0x00001f17) x30 0x8001259c
core   0: 0x800115a0 (0xa63f2223) sw      gp, -1436(t5)
core   0: 3 0x800115a0 (0xa63f2223) mem 0x80012000 0x00000001
core   0: 0x800115a4 (0xff9ff06f) j       pc - 0x8
core   0: 3 0x800115a4 (0xff9ff06f)
core   0: 0x8001159c (0x00001f17) auipc   t5, 0x1
core   0: 3 0x8001159c (0x00001f17) x30 0x8001259c
core   0: 0x800115a0 (0xa63f2223) sw      gp, -1436(t5)
core   0: 3 0x800115a0 (0xa63f2223) mem 0x80012000 0x00000001
core   0: 0x800115a4 (0xff9ff06f) j       pc - 0x8
core   0: 3 0x800115a4 (0xff9ff06f)
core   0: 0x8001159c (0x00001f17) auipc   t5, 0x1
core   0: 3 0x8001159c (0x00001f17) x30 0x8001259c
core   0: 0x800115a0 (0xa63f2223) sw      gp, -1436(t5)
core   0: 3 0x800115a0 (0xa63f2223) mem 0x80012000 0x00000001
core   0: 0x800115a4 (0xff9ff06f) j       pc - 0x8
core   0: 3 0x800115a4 (0xff9ff06f)
core   0: 0x8001159c (0x00001f17) auipc   t5, 0x1
core   0: 3 0x8001159c (0x00001f17) x30 0x8001259c
core   0: 0x800115a0 (0xa63f2223) sw      gp, -1436(t5)
core   0: 3 0x800115a0 (0xa63f2223) mem 0x80012000 0x00000001
core   0: 0x800115a4 (0xff9ff06f) j       pc - 0x8
core   0: 3 0x800115a4 (0xff9ff06f)
core   0: 0x8001159c (0x00001f17) auipc   t5, 0x1
core   0: 3 0x8001159c (0x00001f17) x30 0x8001259c
core   0: 0x800115a0 (0xa63f2223) sw      gp, -1436(t5)
core   0: 3 0x800115a0 (0xa63f2223) mem 0x80012000 0x00000001
core   0: 0x800115a4 (0xff9ff06f) j       pc - 0x8
core   0: 3 0x800115a4 (0xff9ff06f)
core   0: 0x8001159c (0x00001f17) auipc   t5, 0x1
core   0: 3 0x8001159c (0x00001f17) x30 0x8001259c
core   0: 0x800115a0 (0xa63f2223) sw      gp, -1436(t5)
core   0: 3 0x800115a0 (0xa63f2223) mem 0x80012000 0x00000001
core   0: 0x800115a4 (0xff9ff06f) j       pc - 0x8
core   0: 3 0x800115a4 (0xff9ff06f)
core   0: 0x8001159c (0x00001f17) auipc   t5, 0x1
core   0: 3 0x8001159c (0x00001f17) x30 0x8001259c
core   0: 0x800115a0 (0xa63f2223) sw      gp, -1436(t5)
core   0: 3 0x800115a0 (0xa63f2223) mem 0x80012000 0x00000001
core   0: 0x800115a4 (0xff9ff06f) j       pc - 0x8
core   0: 3 0x800115a4 (0xff9ff06f)
core   0: 0x8001159c (0x00001f17) auipc   t5, 0x1
core   0: 3 0x8001159c (0x00001f17) x30 0x8001259c
core   0: 0x800115a0 (0xa63f2223) sw      gp, -1436(t5)
core   0: 3 0x800115a0 (0xa63f2223) mem 0x80012000 0x00000001
core   0: 0x800115a4 (0xff9ff06f) j       pc - 0x8
core   0: 3 0x800115a4 (0xff9ff06f)
core   0: 0x8001159c (0x00001f17) auipc   t5, 0x1
core   0: 3 0x8001159c (0x00001f17) x30 0x8001259c
core   0: 0x800115a0 (0xa63f2223) sw      gp, -1436(t5)
core   0: 3 0x800115a0 (0xa63f2223) mem 0x80012000 0x00000001
core   0: 0x800115a4 (0xff9ff06f) j       pc - 0x8
core   0: 3 0x800115a4 (0xff9ff06f)
core   0: 0x8001159c (0x00001f17) auipc   t5, 0x1
core   0: 3 0x8001159c (0x00001f17) x30 0x8001259c
core   0: 0x800115a0 (0xa63f2223) sw      gp, -1436(t5)
core   0: 3 0x800115a0 (0xa63f2223) mem 0x80012000 0x00000001
core   0: 0x800115a4 (0xff9ff06f) j       pc - 0x8
core   0: 3 0x800115a4 (0xff9ff06f)
core   0: 0x8001159c (0x00001f17) auipc   t5, 0x1
core   0: 3 0x8001159c (0x00001f17) x30 0x8001259c
core   0: 0x800115a0 (0xa63f2223) sw      gp, -1436(t5)
core   0: 3 0x800115a0 (0xa63f2223) mem 0x80012000 0x00000001
core   0: 0x800115a4 (0xff9ff06f) j       pc - 0x8
core   0: 3 0x800115a4 (0xff9ff06f)
core   0: 0x8001159c (0x00001f17) auipc   t5, 0x1
core   0: 3 0x8001159c (0x00001f17) x30 0x8001259c
core   0: 0x800115a0 (0xa63f2223) sw      gp, -1436(t5)
core   0: 3 0x800115a0 (0xa63f2223) mem 0x80012000 0x00000001
core   0: 0x800115a4 (0xff9ff06f) j       pc - 0x8
core   0: 3 0x800115a4 (0xff9ff06f)
core   0: 0x8001159c (0x00001f17) auipc   t5, 0x1
core   0: 3 0x8001159c (0x00001f17) x30 0x8001259c
core   0: 0x800115a0 (0xa63f2223) sw      gp, -1436(t5)
core   0: 3 0x800115a0 (0xa63f2223) mem 0x80012000 0x00000001
core   0: 0x800115a4 (0xff9ff06f) j       pc - 0x8
core   0: 3 0x800115a4 (0xff9ff06f)
core   0: 0x8001159c (0x00001f17) auipc   t5, 0x1
core   0: 3 0x8001159c (0x00001f17) x30 0x8001259c
core   0: 0x800115a0 (0xa63f2223) sw      gp, -1436(t5)
core   0: 3 0x800115a0 (0xa63f2223) mem 0x80012000 0x00000001
core   0: 0x800115a4 (0xff9ff06f) j       pc - 0x8
core   0: 3 0x800115a4 (0xff9ff06f)
core   0: 0x8001159c (0x00001f17) auipc   t5, 0x1
core   0: 3 0x8001159c (0x00001f17) x30 0x8001259c
core   0: 0x800115a0 (0xa63f2223) sw      gp, -1436(t5)
core   0: 3 0x800115a0 (0xa63f2223) mem 0x80012000 0x00000001
core   0: 0x800115a4 (0xff9ff06f) j       pc - 0x8
core   0: 3 0x800115a4 (0xff9ff06f)
core   0: 0x8001159c (0x00001f17) auipc   t5, 0x1
core   0: 3 0x8001159c (0x00001f17) x30 0x8001259c
core   0: 0x800115a0 (0xa63f2223) sw      gp, -1436(t5)
core   0: 3 0x800115a0 (0xa63f2223) mem 0x80012000 0x00000001
core   0: 0x800115a4 (0xff9ff06f) j       pc - 0x8
core   0: 3 0x800115a4 (0xff9ff06f)
core   0: 0x8001159c (0x00001f17) auipc   t5, 0x1
core   0: 3 0x8001159c (0x00001f17) x30 0x8001259c
core   0: 0x800115a0 (0xa63f2223) sw      gp, -1436(t5)
core   0: 3 0x800115a0 (0xa63f2223) mem 0x80012000 0x00000001
core   0: 0x800115a4 (0xff9ff06f) j       pc - 0x8
core   0: 3 0x800115a4 (0xff9ff06f)
core   0: 0x8001159c (0x00001f17) auipc   t5, 0x1
core   0: 3 0x8001159c (0x00001f17) x30 0x8001259c
core   0: 0x800115a0 (0xa63f2223) sw      gp, -1436(t5)
core   0: 3 0x800115a0 (0xa63f2223) mem 0x80012000 0x00000001
core   0: 0x800115a4 (0xff9ff06f) j       pc - 0x8
core   0: 3 0x800115a4 (0xff9ff06f)
core   0: 0x8001159c (0x00001f17) auipc   t5, 0x1
core   0: 3 0x8001159c (0x00001f17) x30 0x8001259c
core   0: 0x800115a0 (0xa63f2223) sw      gp, -1436(t5)
core   0: 3 0x800115a0 (0xa63f2223) mem 0x80012000 0x00000001
core   0: 0x800115a4 (0xff9ff06f) j       pc - 0x8
core   0: 3 0x800115a4 (0xff9ff06f)
core   0: 0x8001159c (0x00001f17) auipc   t5, 0x1
core   0: 3 0x8001159c (0x00001f17) x30 0x8001259c
core   0: 0x800115a0 (0xa63f2223) sw      gp, -1436(t5)
core   0: 3 0x800115a0 (0xa63f2223) mem 0x80012000 0x00000001
core   0: 0x800115a4 (0xff9ff06f) j       pc - 0x8
core   0: 3 0x800115a4 (0xff9ff06f)
core   0: 0x8001159c (0x00001f17) auipc   t5, 0x1
core   0: 3 0x8001159c (0x00001f17) x30 0x8001259c
core   0: 0x800115a0 (0xa63f2223) sw      gp, -1436(t5)
core   0: 3 0x800115a0 (0xa63f2223) mem 0x80012000 0x00000001
core   0: 0x800115a4 (0xff9ff06f) j       pc - 0x8
core   0: 3 0x800115a4 (0xff9ff06f)
core   0: 0x8001159c (0x00001f17) auipc   t5, 0x1
core   0: 3 0x8001159c (0x00001f17) x30 0x8001259c
core   0: 0x800115a0 (0xa63f2223) sw      gp, -1436(t5)
core   0: 3 0x800115a0 (0xa63f2223) mem 0x80012000 0x00000001
core   0: 0x800115a4 (0xff9ff06f) j       pc - 0x8
core   0: 3 0x800115a4 (0xff9ff06f)
core   0: 0x8001159c (0x00001f17) auipc   t5, 0x1
core   0: 3 0x8001159c (0x00001f17) x30 0x8001259c
core   0: 0x800115a0 (0xa63f2223) sw      gp, -1436(t5)
core   0: 3 0x800115a0 (0xa63f2223) mem 0x80012000 0x00000001
core   0: 0x800115a4 (0xff9ff06f) j       pc - 0x8
core   0: 3 0x800115a4 (0xff9ff06f)
core   0: 0x8001159c (0x00001f17) auipc   t5, 0x1
core   0: 3 0x8001159c (0x00001f17) x30 0x8001259c
core   0: 0x800115a0 (0xa63f2223) sw      gp, -1436(t5)
core   0: 3 0x800115a0 (0xa63f2223) mem 0x80012000 0x00000001
core   0: 0x800115a4 (0xff9ff06f) j       pc - 0x8
core   0: 3 0x800115a4 (0xff9ff06f)
core   0: 0x8001159c (0x00001f17) auipc   t5, 0x1
core   0: 3 0x8001159c (0x00001f17) x30 0x8001259c
core   0: 0x800115a0 (0xa63f2223) sw      gp, -1436(t5)
core   0: 3 0x800115a0 (0xa63f2223) mem 0x80012000 0x00000001
core   0: 0x800115a4 (0xff9ff06f) j       pc - 0x8
core   0: 3 0x800115a4 (0xff9ff06f)
core   0: 0x8001159c (0x00001f17) auipc   t5, 0x1
core   0: 3 0x8001159c (0x00001f17) x30 0x8001259c
core   0: 0x800115a0 (0xa63f2223) sw      gp, -1436(t5)
core   0: 3 0x800115a0 (0xa63f2223) mem 0x80012000 0x00000001
core   0: 0x800115a4 (0xff9ff06f) j       pc - 0x8
core   0: 3 0x800115a4 (0xff9ff06f)
core   0: 0x8001159c (0x00001f17) auipc   t5, 0x1
core   0: 3 0x8001159c (0x00001f17) x30 0x8001259c
core   0: 0x800115a0 (0xa63f2223) sw      gp, -1436(t5)
core   0: 3 0x800115a0 (0xa63f2223) mem 0x80012000 0x00000001
core   0: 0x800115a4 (0xff9ff06f) j       pc - 0x8
core   0: 3 0x800115a4 (0xff9ff06f)
core   0: 0x8001159c (0x00001f17) auipc   t5, 0x1
core   0: 3 0x8001159c (0x00001f17) x30 0x8001259c
core   0: 0x800115a0 (0xa63f2223) sw      gp, -1436(t5)
core   0: 3 0x800115a0 (0xa63f2223) mem 0x80012000 0x00000001
core   0: 0x800115a4 (0xff9ff06f) j       pc - 0x8
core   0: 3 0x800115a4 (0xff9ff06f)
core   0: 0x8001159c (0x00001f17) auipc   t5, 0x1
core   0: 3 0x8001159c (0x00001f17) x30 0x8001259c
core   0: 0x800115a0 (0xa63f2223) sw      gp, -1436(t5)
core   0: 3 0x800115a0 (0xa63f2223) mem 0x80012000 0x00000001
core   0: 0x800115a4 (0xff9ff06f) j       pc - 0x8
core   0: 3 0x800115a4 (0xff9ff06f)
core   0: 0x8001159c (0x00001f17) auipc   t5, 0x1
core   0: 3 0x8001159c (0x00001f17) x30 0x8001259c
core   0: 0x800115a0 (0xa63f2223) sw      gp, -1436(t5)
core   0: 3 0x800115a0 (0xa63f2223) mem 0x80012000 0x00000001
core   0: 0x800115a4 (0xff9ff06f) j       pc - 0x8
core   0: 3 0x800115a4 (0xff9ff06f)
core   0: 0x8001159c (0x00001f17) auipc   t5, 0x1
core   0: 3 0x8001159c (0x00001f17) x30 0x8001259c
core   0: 0x800115a0 (0xa63f2223) sw      gp, -1436(t5)
core   0: 3 0x800115a0 (0xa63f2223) mem 0x80012000 0x00000001
core   0: 0x800115a4 (0xff9ff06f) j       pc - 0x8
core   0: 3 0x800115a4 (0xff9ff06f)
core   0: 0x8001159c (0x00001f17) auipc   t5, 0x1
core   0: 3 0x8001159c (0x00001f17) x30 0x8001259c
core   0: 0x800115a0 (0xa63f2223) sw      gp, -1436(t5)
core   0: 3 0x800115a0 (0xa63f2223) mem 0x80012000 0x00000001
core   0: 0x800115a4 (0xff9ff06f) j       pc - 0x8
core   0: 3 0x800115a4 (0xff9ff06f)
core   0: 0x8001159c (0x00001f17) auipc   t5, 0x1
core   0: 3 0x8001159c (0x00001f17) x30 0x8001259c
core   0: 0x800115a0 (0xa63f2223) sw      gp, -1436(t5)
core   0: 3 0x800115a0 (0xa63f2223) mem 0x80012000 0x00000001
core   0: 0x800115a4 (0xff9ff06f) j       pc - 0x8
core   0: 3 0x800115a4 (0xff9ff06f)
core   0: 0x8001159c (0x00001f17) auipc   t5, 0x1
core   0: 3 0x8001159c (0x00001f17) x30 0x8001259c
core   0: 0x800115a0 (0xa63f2223) sw      gp, -1436(t5)
core   0: 3 0x800115a0 (0xa63f2223) mem 0x80012000 0x00000001
core   0: 0x800115a4 (0xff9ff06f) j       pc - 0x8
core   0: 3 0x800115a4 (0xff9ff06f)
core   0: 0x8001159c (0x00001f17) auipc   t5, 0x1
core   0: 3 0x8001159c (0x00001f17) x30 0x8001259c
core   0: 0x800115a0 (0xa63f2223) sw      gp, -1436(t5)
core   0: 3 0x800115a0 (0xa63f2223) mem 0x80012000 0x00000001
core   0: 0x800115a4 (0xff9ff06f) j       pc - 0x8
core   0: 3 0x800115a4 (0xff9ff06f)
core   0: 0x8001159c (0x00001f17) auipc   t5, 0x1
core   0: 3 0x8001159c (0x00001f17) x30 0x8001259c
core   0: 0x800115a0 (0xa63f2223) sw      gp, -1436(t5)
core   0: 3 0x800115a0 (0xa63f2223) mem 0x80012000 0x00000001
core   0: 0x800115a4 (0xff9ff06f) j       pc - 0x8
core   0: 3 0x800115a4 (0xff9ff06f)
core   0: 0x8001159c (0x00001f17) auipc   t5, 0x1
core   0: 3 0x8001159c (0x00001f17) x30 0x8001259c
core   0: 0x800115a0 (0xa63f2223) sw      gp, -1436(t5)
core   0: 3 0x800115a0 (0xa63f2223) mem 0x80012000 0x00000001
core   0: 0x800115a4 (0xff9ff06f) j       pc - 0x8
core   0: 3 0x800115a4 (0xff9ff06f)
core   0: 0x8001159c (0x00001f17) auipc   t5, 0x1
core   0: 3 0x8001159c (0x00001f17) x30 0x8001259c
core   0: 0x800115a0 (0xa63f2223) sw      gp, -1436(t5)
core   0: 3 0x800115a0 (0xa63f2223) mem 0x80012000 0x00000001
core   0: 0x800115a4 (0xff9ff06f) j       pc - 0x8
core   0: 3 0x800115a4 (0xff9ff06f)
core   0: 0x8001159c (0x00001f17) auipc   t5, 0x1
core   0: 3 0x8001159c (0x00001f17) x30 0x8001259c
core   0: 0x800115a0 (0xa63f2223) sw      gp, -1436(t5)
core   0: 3 0x800115a0 (0xa63f2223) mem 0x80012000 0x00000001
core   0: 0x800115a4 (0xff9ff06f) j       pc - 0x8
core   0: 3 0x800115a4 (0xff9ff06f)
core   0: 0x8001159c (0x00001f17) auipc   t5, 0x1
core   0: 3 0x8001159c (0x00001f17) x30 0x8001259c
core   0: 0x800115a0 (0xa63f2223) sw      gp, -1436(t5)
core   0: 3 0x800115a0 (0xa63f2223) mem 0x80012000 0x00000001
core   0: 0x800115a4 (0xff9ff06f) j       pc - 0x8
core   0: 3 0x800115a4 (0xff9ff06f)
core   0: 0x8001159c (0x00001f17) auipc   t5, 0x1
core   0: 3 0x8001159c (0x00001f17) x30 0x8001259c
core   0: 0x800115a0 (0xa63f2223) sw      gp, -1436(t5)
core   0: 3 0x800115a0 (0xa63f2223) mem 0x80012000 0x00000001
core   0: 0x800115a4 (0xff9ff06f) j       pc - 0x8
core   0: 3 0x800115a4 (0xff9ff06f)
core   0: 0x8001159c (0x00001f17) auipc   t5, 0x1
core   0: 3 0x8001159c (0x00001f17) x30 0x8001259c
core   0: 0x800115a0 (0xa63f2223) sw      gp, -1436(t5)
core   0: 3 0x800115a0 (0xa63f2223) mem 0x80012000 0x00000001
core   0: 0x800115a4 (0xff9ff06f) j       pc - 0x8
core   0: 3 0x800115a4 (0xff9ff06f)
core   0: 0x8001159c (0x00001f17) auipc   t5, 0x1
core   0: 3 0x8001159c (0x00001f17) x30 0x8001259c
core   0: 0x800115a0 (0xa63f2223) sw      gp, -1436(t5)
core   0: 3 0x800115a0 (0xa63f2223) mem 0x80012000 0x00000001
core   0: 0x800115a4 (0xff9ff06f) j       pc - 0x8
core   0: 3 0x800115a4 (0xff9ff06f)
core   0: 0x8001159c (0x00001f17) auipc   t5, 0x1
core   0: 3 0x8001159c (0x00001f17) x30 0x8001259c
core   0: 0x800115a0 (0xa63f2223) sw      gp, -1436(t5)
core   0: 3 0x800115a0 (0xa63f2223) mem 0x80012000 0x00000001
core   0: 0x800115a4 (0xff9ff06f) j       pc - 0x8
core   0: 3 0x800115a4 (0xff9ff06f)
core   0: 0x8001159c (0x00001f17) auipc   t5, 0x1
core   0: 3 0x8001159c (0x00001f17) x30 0x8001259c
core   0: 0x800115a0 (0xa63f2223) sw      gp, -1436(t5)
core   0: 3 0x800115a0 (0xa63f2223) mem 0x80012000 0x00000001
core   0: 0x800115a4 (0xff9ff06f) j       pc - 0x8
core   0: 3 0x800115a4 (0xff9ff06f)
core   0: 0x8001159c (0x00001f17) auipc   t5, 0x1
core   0: 3 0x8001159c (0x00001f17) x30 0x8001259c
core   0: 0x800115a0 (0xa63f2223) sw      gp, -1436(t5)
core   0: 3 0x800115a0 (0xa63f2223) mem 0x80012000 0x00000001
core   0: 0x800115a4 (0xff9ff06f) j       pc - 0x8
core   0: 3 0x800115a4 (0xff9ff06f)
core   0: 0x8001159c (0x00001f17) auipc   t5, 0x1
core   0: 3 0x8001159c (0x00001f17) x30 0x8001259c
core   0: 0x800115a0 (0xa63f2223) sw      gp, -1436(t5)
core   0: 3 0x800115a0 (0xa63f2223) mem 0x80012000 0x00000001
core   0: 0x800115a4 (0xff9ff06f) j       pc - 0x8
core   0: 3 0x800115a4 (0xff9ff06f)
core   0: 0x8001159c (0x00001f17) auipc   t5, 0x1
core   0: 3 0x8001159c (0x00001f17) x30 0x8001259c
core   0: 0x800115a0 (0xa63f2223) sw      gp, -1436(t5)
core   0: 3 0x800115a0 (0xa63f2223) mem 0x80012000 0x00000001
core   0: 0x800115a4 (0xff9ff06f) j       pc - 0x8
core   0: 3 0x800115a4 (0xff9ff06f)
core   0: 0x8001159c (0x00001f17) auipc   t5, 0x1
core   0: 3 0x8001159c (0x00001f17) x30 0x8001259c
core   0: 0x800115a0 (0xa63f2223) sw      gp, -1436(t5)
core   0: 3 0x800115a0 (0xa63f2223) mem 0x80012000 0x00000001
core   0: 0x800115a4 (0xff9ff06f) j       pc - 0x8
core   0: 3 0x800115a4 (0xff9ff06f)
core   0: 0x8001159c (0x00001f17) auipc   t5, 0x1
core   0: 3 0x8001159c (0x00001f17) x30 0x8001259c
core   0: 0x800115a0 (0xa63f2223) sw      gp, -1436(t5)
core   0: 3 0x800115a0 (0xa63f2223) mem 0x80012000 0x00000001
core   0: 0x800115a4 (0xff9ff06f) j       pc - 0x8
core   0: 3 0x800115a4 (0xff9ff06f)
core   0: 0x8001159c (0x00001f17) auipc   t5, 0x1
core   0: 3 0x8001159c (0x00001f17) x30 0x8001259c
core   0: 0x800115a0 (0xa63f2223) sw      gp, -1436(t5)
core   0: 3 0x800115a0 (0xa63f2223) mem 0x80012000 0x00000001
core   0: 0x800115a4 (0xff9ff06f) j       pc - 0x8
core   0: 3 0x800115a4 (0xff9ff06f)
core   0: 0x8001159c (0x00001f17) auipc   t5, 0x1
core   0: 3 0x8001159c (0x00001f17) x30 0x8001259c
core   0: 0x800115a0 (0xa63f2223) sw      gp, -1436(t5)
core   0: 3 0x800115a0 (0xa63f2223) mem 0x80012000 0x00000001
core   0: 0x800115a4 (0xff9ff06f) j       pc - 0x8
core   0: 3 0x800115a4 (0xff9ff06f)
core   0: 0x8001159c (0x00001f17) auipc   t5, 0x1
core   0: 3 0x8001159c (0x00001f17) x30 0x8001259c
core   0: 0x800115a0 (0xa63f2223) sw      gp, -1436(t5)
core   0: 3 0x800115a0 (0xa63f2223) mem 0x80012000 0x00000001
core   0: 0x800115a4 (0xff9ff06f) j       pc - 0x8
core   0: 3 0x800115a4 (0xff9ff06f)
core   0: 0x8001159c (0x00001f17) auipc   t5, 0x1
core   0: 3 0x8001159c (0x00001f17) x30 0x8001259c
core   0: 0x800115a0 (0xa63f2223) sw      gp, -1436(t5)
core   0: 3 0x800115a0 (0xa63f2223) mem 0x80012000 0x00000001
core   0: 0x800115a4 (0xff9ff06f) j       pc - 0x8
core   0: 3 0x800115a4 (0xff9ff06f)
core   0: 0x8001159c (0x00001f17) auipc   t5, 0x1
core   0: 3 0x8001159c (0x00001f17) x30 0x8001259c
core   0: 0x800115a0 (0xa63f2223) sw      gp, -1436(t5)
core   0: 3 0x800115a0 (0xa63f2223) mem 0x80012000 0x00000001
core   0: 0x800115a4 (0xff9ff06f) j       pc - 0x8
core   0: 3 0x800115a4 (0xff9ff06f)
core   0: 0x8001159c (0x00001f17) auipc   t5, 0x1
core   0: 3 0x8001159c (0x00001f17) x30 0x8001259c
core   0: 0x800115a0 (0xa63f2223) sw      gp, -1436(t5)
core   0: 3 0x800115a0 (0xa63f2223) mem 0x80012000 0x00000001
core   0: 0x800115a4 (0xff9ff06f) j       pc - 0x8
core   0: 3 0x800115a4 (0xff9ff06f)
core   0: 0x8001159c (0x00001f17) auipc   t5, 0x1
core   0: 3 0x8001159c (0x00001f17) x30 0x8001259c
core   0: 0x800115a0 (0xa63f2223) sw      gp, -1436(t5)
core   0: 3 0x800115a0 (0xa63f2223) mem 0x80012000 0x00000001
core   0: 0x800115a4 (0xff9ff06f) j       pc - 0x8
core   0: 3 0x800115a4 (0xff9ff06f)
core   0: 0x8001159c (0x00001f17) auipc   t5, 0x1
core   0: 3 0x8001159c (0x00001f17) x30 0x8001259c
core   0: 0x800115a0 (0xa63f2223) sw      gp, -1436(t5)
core   0: 3 0x800115a0 (0xa63f2223) mem 0x80012000 0x00000001
core   0: 0x800115a4 (0xff9ff06f) j       pc - 0x8
core   0: 3 0x800115a4 (0xff9ff06f)
core   0: 0x8001159c (0x00001f17) auipc   t5, 0x1
core   0: 3 0x8001159c (0x00001f17) x30 0x8001259c
core   0: 0x800115a0 (0xa63f2223) sw      gp, -1436(t5)
core   0: 3 0x800115a0 (0xa63f2223) mem 0x80012000 0x00000001
core   0: 0x800115a4 (0xff9ff06f) j       pc - 0x8
core   0: 3 0x800115a4 (0xff9ff06f)
core   0: 0x8001159c (0x00001f17) auipc   t5, 0x1
core   0: 3 0x8001159c (0x00001f17) x30 0x8001259c
core   0: 0x800115a0 (0xa63f2223) sw      gp, -1436(t5)
core   0: 3 0x800115a0 (0xa63f2223) mem 0x80012000 0x00000001
core   0: 0x800115a4 (0xff9ff06f) j       pc - 0x8
core   0: 3 0x800115a4 (0xff9ff06f)
core   0: 0x8001159c (0x00001f17) auipc   t5, 0x1
core   0: 3 0x8001159c (0x00001f17) x30 0x8001259c
core   0: 0x800115a0 (0xa63f2223) sw      gp, -1436(t5)
core   0: 3 0x800115a0 (0xa63f2223) mem 0x80012000 0x00000001
core   0: 0x800115a4 (0xff9ff06f) j       pc - 0x8
core   0: 3 0x800115a4 (0xff9ff06f)
core   0: 0x8001159c (0x00001f17) auipc   t5, 0x1
core   0: 3 0x8001159c (0x00001f17) x30 0x8001259c
core   0: 0x800115a0 (0xa63f2223) sw      gp, -1436(t5)
core   0: 3 0x800115a0 (0xa63f2223) mem 0x80012000 0x00000001
core   0: 0x800115a4 (0xff9ff06f) j       pc - 0x8
core   0: 3 0x800115a4 (0xff9ff06f)
core   0: 0x8001159c (0x00001f17) auipc   t5, 0x1
core   0: 3 0x8001159c (0x00001f17) x30 0x8001259c
core   0: 0x800115a0 (0xa63f2223) sw      gp, -1436(t5)
core   0: 3 0x800115a0 (0xa63f2223) mem 0x80012000 0x00000001
core   0: 0x800115a4 (0xff9ff06f) j       pc - 0x8
core   0: 3 0x800115a4 (0xff9ff06f)
core   0: 0x8001159c (0x00001f17) auipc   t5, 0x1
core   0: 3 0x8001159c (0x00001f17) x30 0x8001259c
core   0: 0x800115a0 (0xa63f2223) sw      gp, -1436(t5)
core   0: 3 0x800115a0 (0xa63f2223) mem 0x80012000 0x00000001
core   0: 0x800115a4 (0xff9ff06f) j       pc - 0x8
core   0: 3 0x800115a4 (0xff9ff06f)
core   0: 0x8001159c (0x00001f17) auipc   t5, 0x1
core   0: 3 0x8001159c (0x00001f17) x30 0x8001259c
core   0: 0x800115a0 (0xa63f2223) sw      gp, -1436(t5)
core   0: 3 0x800115a0 (0xa63f2223) mem 0x80012000 0x00000001
core   0: 0x800115a4 (0xff9ff06f) j       pc - 0x8
core   0: 3 0x800115a4 (0xff9ff06f)
core   0: 0x8001159c (0x00001f17) auipc   t5, 0x1
core   0: 3 0x8001159c (0x00001f17) x30 0x8001259c
core   0: 0x800115a0 (0xa63f2223) sw      gp, -1436(t5)
core   0: 3 0x800115a0 (0xa63f2223) mem 0x80012000 0x00000001
core   0: 0x800115a4 (0xff9ff06f) j       pc - 0x8
core   0: 3 0x800115a4 (0xff9ff06f)
core   0: 0x8001159c (0x00001f17) auipc   t5, 0x1
core   0: 3 0x8001159c (0x00001f17) x30 0x8001259c
core   0: 0x800115a0 (0xa63f2223) sw      gp, -1436(t5)
core   0: 3 0x800115a0 (0xa63f2223) mem 0x80012000 0x00000001
core   0: 0x800115a4 (0xff9ff06f) j       pc - 0x8
core   0: 3 0x800115a4 (0xff9ff06f)
core   0: 0x8001159c (0x00001f17) auipc   t5, 0x1
core   0: 3 0x8001159c (0x00001f17) x30 0x8001259c
core   0: 0x800115a0 (0xa63f2223) sw      gp, -1436(t5)
core   0: 3 0x800115a0 (0xa63f2223) mem 0x80012000 0x00000001
core   0: 0x800115a4 (0xff9ff06f) j       pc - 0x8
core   0: 3 0x800115a4 (0xff9ff06f)
core   0: 0x8001159c (0x00001f17) auipc   t5, 0x1
core   0: 3 0x8001159c (0x00001f17) x30 0x8001259c
core   0: 0x800115a0 (0xa63f2223) sw      gp, -1436(t5)
core   0: 3 0x800115a0 (0xa63f2223) mem 0x80012000 0x00000001
core   0: 0x800115a4 (0xff9ff06f) j       pc - 0x8
core   0: 3 0x800115a4 (0xff9ff06f)
core   0: 0x8001159c (0x00001f17) auipc   t5, 0x1
core   0: 3 0x8001159c (0x00001f17) x30 0x8001259c
core   0: 0x800115a0 (0xa63f2223) sw      gp, -1436(t5)
core   0: 3 0x800115a0 (0xa63f2223) mem 0x80012000 0x00000001
core   0: 0x800115a4 (0xff9ff06f) j       pc - 0x8
core   0: 3 0x800115a4 (0xff9ff06f)
core   0: 0x8001159c (0x00001f17) auipc   t5, 0x1
core   0: 3 0x8001159c (0x00001f17) x30 0x8001259c
core   0: 0x800115a0 (0xa63f2223) sw      gp, -1436(t5)
core   0: 3 0x800115a0 (0xa63f2223) mem 0x80012000 0x00000001
core   0: 0x800115a4 (0xff9ff06f) j       pc - 0x8
core   0: 3 0x800115a4 (0xff9ff06f)
core   0: 0x8001159c (0x00001f17) auipc   t5, 0x1
core   0: 3 0x8001159c (0x00001f17) x30 0x8001259c
core   0: 0x800115a0 (0xa63f2223) sw      gp, -1436(t5)
core   0: 3 0x800115a0 (0xa63f2223) mem 0x80012000 0x00000001
core   0: 0x800115a4 (0xff9ff06f) j       pc - 0x8
core   0: 3 0x800115a4 (0xff9ff06f)
core   0: 0x8001159c (0x00001f17) auipc   t5, 0x1
core   0: 3 0x8001159c (0x00001f17) x30 0x8001259c
core   0: 0x800115a0 (0xa63f2223) sw      gp, -1436(t5)
core   0: 3 0x800115a0 (0xa63f2223) mem 0x80012000 0x00000001
core   0: 0x800115a4 (0xff9ff06f) j       pc - 0x8
core   0: 3 0x800115a4 (0xff9ff06f)
core   0: 0x8001159c (0x00001f17) auipc   t5, 0x1
core   0: 3 0x8001159c (0x00001f17) x30 0x8001259c
core   0: 0x800115a0 (0xa63f2223) sw      gp, -1436(t5)
core   0: 3 0x800115a0 (0xa63f2223) mem 0x80012000 0x00000001
core   0: 0x800115a4 (0xff9ff06f) j       pc - 0x8
core   0: 3 0x800115a4 (0xff9ff06f)
core   0: 0x8001159c (0x00001f17) auipc   t5, 0x1
core   0: 3 0x8001159c (0x00001f17) x30 0x8001259c
core   0: 0x800115a0 (0xa63f2223) sw      gp, -1436(t5)
core   0: 3 0x800115a0 (0xa63f2223) mem 0x80012000 0x00000001
core   0: 0x800115a4 (0xff9ff06f) j       pc - 0x8
core   0: 3 0x800115a4 (0xff9ff06f)
core   0: 0x8001159c (0x00001f17) auipc   t5, 0x1
core   0: 3 0x8001159c (0x00001f17) x30 0x8001259c
core   0: 0x800115a0 (0xa63f2223) sw      gp, -1436(t5)
core   0: 3 0x800115a0 (0xa63f2223) mem 0x80012000 0x00000001
core   0: 0x800115a4 (0xff9ff06f) j       pc - 0x8
core   0: 3 0x800115a4 (0xff9ff06f)
core   0: 0x8001159c (0x00001f17) auipc   t5, 0x1
core   0: 3 0x8001159c (0x00001f17) x30 0x8001259c
core   0: 0x800115a0 (0xa63f2223) sw      gp, -1436(t5)
core   0: 3 0x800115a0 (0xa63f2223) mem 0x80012000 0x00000001
core   0: 0x800115a4 (0xff9ff06f) j       pc - 0x8
core   0: 3 0x800115a4 (0xff9ff06f)
core   0: 0x8001159c (0x00001f17) auipc   t5, 0x1
core   0: 3 0x8001159c (0x00001f17) x30 0x8001259c
core   0: 0x800115a0 (0xa63f2223) sw      gp, -1436(t5)
core   0: 3 0x800115a0 (0xa63f2223) mem 0x80012000 0x00000001
core   0: 0x800115a4 (0xff9ff06f) j       pc - 0x8
core   0: 3 0x800115a4 (0xff9ff06f)
core   0: 0x8001159c (0x00001f17) auipc   t5, 0x1
core   0: 3 0x8001159c (0x00001f17) x30 0x8001259c
core   0: 0x800115a0 (0xa63f2223) sw      gp, -1436(t5)
core   0: 3 0x800115a0 (0xa63f2223) mem 0x80012000 0x00000001
core   0: 0x800115a4 (0xff9ff06f) j       pc - 0x8
core   0: 3 0x800115a4 (0xff9ff06f)
core   0: 0x8001159c (0x00001f17) auipc   t5, 0x1
core   0: 3 0x8001159c (0x00001f17) x30 0x8001259c
core   0: 0x800115a0 (0xa63f2223) sw      gp, -1436(t5)
core   0: 3 0x800115a0 (0xa63f2223) mem 0x80012000 0x00000001
core   0: 0x800115a4 (0xff9ff06f) j       pc - 0x8
core   0: 3 0x800115a4 (0xff9ff06f)
core   0: 0x8001159c (0x00001f17) auipc   t5, 0x1
core   0: 3 0x8001159c (0x00001f17) x30 0x8001259c
core   0: 0x800115a0 (0xa63f2223) sw      gp, -1436(t5)
core   0: 3 0x800115a0 (0xa63f2223) mem 0x80012000 0x00000001
core   0: 0x800115a4 (0xff9ff06f) j       pc - 0x8
core   0: 3 0x800115a4 (0xff9ff06f)
core   0: 0x8001159c (0x00001f17) auipc   t5, 0x1
core   0: 3 0x8001159c (0x00001f17) x30 0x8001259c
core   0: 0x800115a0 (0xa63f2223) sw      gp, -1436(t5)
core   0: 3 0x800115a0 (0xa63f2223) mem 0x80012000 0x00000001
core   0: 0x800115a4 (0xff9ff06f) j       pc - 0x8
core   0: 3 0x800115a4 (0xff9ff06f)
core   0: 0x8001159c (0x00001f17) auipc   t5, 0x1
core   0: 3 0x8001159c (0x00001f17) x30 0x8001259c
core   0: 0x800115a0 (0xa63f2223) sw      gp, -1436(t5)
core   0: 3 0x800115a0 (0xa63f2223) mem 0x80012000 0x00000001
core   0: 0x800115a4 (0xff9ff06f) j       pc - 0x8
core   0: 3 0x800115a4 (0xff9ff06f)
core   0: 0x8001159c (0x00001f17) auipc   t5, 0x1
core   0: 3 0x8001159c (0x00001f17) x30 0x8001259c
core   0: 0x800115a0 (0xa63f2223) sw      gp, -1436(t5)
core   0: 3 0x800115a0 (0xa63f2223) mem 0x80012000 0x00000001
core   0: 0x800115a4 (0xff9ff06f) j       pc - 0x8
core   0: 3 0x800115a4 (0xff9ff06f)
core   0: 0x8001159c (0x00001f17) auipc   t5, 0x1
core   0: 3 0x8001159c (0x00001f17) x30 0x8001259c
core   0: 0x800115a0 (0xa63f2223) sw      gp, -1436(t5)
core   0: 3 0x800115a0 (0xa63f2223) mem 0x80012000 0x00000001
core   0: 0x800115a4 (0xff9ff06f) j       pc - 0x8
core   0: 3 0x800115a4 (0xff9ff06f)
core   0: 0x8001159c (0x00001f17) auipc   t5, 0x1
core   0: 3 0x8001159c (0x00001f17) x30 0x8001259c
core   0: 0x800115a0 (0xa63f2223) sw      gp, -1436(t5)
core   0: 3 0x800115a0 (0xa63f2223) mem 0x80012000 0x00000001
core   0: 0x800115a4 (0xff9ff06f) j       pc - 0x8
core   0: 3 0x800115a4 (0xff9ff06f)
core   0: 0x8001159c (0x00001f17) auipc   t5, 0x1
core   0: 3 0x8001159c (0x00001f17) x30 0x8001259c
core   0: 0x800115a0 (0xa63f2223) sw      gp, -1436(t5)
core   0: 3 0x800115a0 (0xa63f2223) mem 0x80012000 0x00000001
core   0: 0x800115a4 (0xff9ff06f) j       pc - 0x8
core   0: 3 0x800115a4 (0xff9ff06f)
core   0: 0x8001159c (0x00001f17) auipc   t5, 0x1
core   0: 3 0x8001159c (0x00001f17) x30 0x8001259c
core   0: 0x800115a0 (0xa63f2223) sw      gp, -1436(t5)
core   0: 3 0x800115a0 (0xa63f2223) mem 0x80012000 0x00000001
core   0: 0x800115a4 (0xff9ff06f) j       pc - 0x8
core   0: 3 0x800115a4 (0xff9ff06f)
core   0: 0x8001159c (0x00001f17) auipc   t5, 0x1
core   0: 3 0x8001159c (0x00001f17) x30 0x8001259c
core   0: 0x800115a0 (0xa63f2223) sw      gp, -1436(t5)
core   0: 3 0x800115a0 (0xa63f2223) mem 0x80012000 0x00000001
core   0: 0x800115a4 (0xff9ff06f) j       pc - 0x8
core   0: 3 0x800115a4 (0xff9ff06f)
core   0: 0x8001159c (0x00001f17) auipc   t5, 0x1
core   0: 3 0x8001159c (0x00001f17) x30 0x8001259c
core   0: 0x800115a0 (0xa63f2223) sw      gp, -1436(t5)
core   0: 3 0x800115a0 (0xa63f2223) mem 0x80012000 0x00000001
core   0: 0x800115a4 (0xff9ff06f) j       pc - 0x8
core   0: 3 0x800115a4 (0xff9ff06f)
core   0: 0x8001159c (0x00001f17) auipc   t5, 0x1
core   0: 3 0x8001159c (0x00001f17) x30 0x8001259c
core   0: 0x800115a0 (0xa63f2223) sw      gp, -1436(t5)
core   0: 3 0x800115a0 (0xa63f2223) mem 0x80012000 0x00000001
core   0: 0x800115a4 (0xff9ff06f) j       pc - 0x8
core   0: 3 0x800115a4 (0xff9ff06f)
core   0: 0x8001159c (0x00001f17) auipc   t5, 0x1
core   0: 3 0x8001159c (0x00001f17) x30 0x8001259c
core   0: 0x800115a0 (0xa63f2223) sw      gp, -1436(t5)
core   0: 3 0x800115a0 (0xa63f2223) mem 0x80012000 0x00000001
core   0: 0x800115a4 (0xff9ff06f) j       pc - 0x8
core   0: 3 0x800115a4 (0xff9ff06f)
core   0: 0x8001159c (0x00001f17) auipc   t5, 0x1
core   0: 3 0x8001159c (0x00001f17) x30 0x8001259c
core   0: 0x800115a0 (0xa63f2223) sw      gp, -1436(t5)
core   0: 3 0x800115a0 (0xa63f2223) mem 0x80012000 0x00000001
core   0: 0x800115a4 (0xff9ff06f) j       pc - 0x8
core   0: 3 0x800115a4 (0xff9ff06f)
core   0: 0x8001159c (0x00001f17) auipc   t5, 0x1
core   0: 3 0x8001159c (0x00001f17) x30 0x8001259c
core   0: 0x800115a0 (0xa63f2223) sw      gp, -1436(t5)
core   0: 3 0x800115a0 (0xa63f2223) mem 0x80012000 0x00000001
core   0: 0x800115a4 (0xff9ff06f) j       pc - 0x8
core   0: 3 0x800115a4 (0xff9ff06f)
core   0: 0x8001159c (0x00001f17) auipc   t5, 0x1
core   0: 3 0x8001159c (0x00001f17) x30 0x8001259c
core   0: 0x800115a0 (0xa63f2223) sw      gp, -1436(t5)
core   0: 3 0x800115a0 (0xa63f2223) mem 0x80012000 0x00000001
core   0: 0x800115a4 (0xff9ff06f) j       pc - 0x8
core   0: 3 0x800115a4 (0xff9ff06f)
core   0: 0x8001159c (0x00001f17) auipc   t5, 0x1
core   0: 3 0x8001159c (0x00001f17) x30 0x8001259c
core   0: 0x800115a0 (0xa63f2223) sw      gp, -1436(t5)
core   0: 3 0x800115a0 (0xa63f2223) mem 0x80012000 0x00000001
core   0: 0x800115a4 (0xff9ff06f) j       pc - 0x8
core   0: 3 0x800115a4 (0xff9ff06f)
core   0: 0x8001159c (0x00001f17) auipc   t5, 0x1
core   0: 3 0x8001159c (0x00001f17) x30 0x8001259c
core   0: 0x800115a0 (0xa63f2223) sw      gp, -1436(t5)
core   0: 3 0x800115a0 (0xa63f2223) mem 0x80012000 0x00000001
core   0: 0x800115a4 (0xff9ff06f) j       pc - 0x8
core   0: 3 0x800115a4 (0xff9ff06f)
core   0: 0x8001159c (0x00001f17) auipc   t5, 0x1
core   0: 3 0x8001159c (0x00001f17) x30 0x8001259c
core   0: 0x800115a0 (0xa63f2223) sw      gp, -1436(t5)
core   0: 3 0x800115a0 (0xa63f2223) mem 0x80012000 0x00000001
core   0: 0x800115a4 (0xff9ff06f) j       pc - 0x8
core   0: 3 0x800115a4 (0xff9ff06f)
core   0: 0x8001159c (0x00001f17) auipc   t5, 0x1
core   0: 3 0x8001159c (0x00001f17) x30 0x8001259c
core   0: 0x800115a0 (0xa63f2223) sw      gp, -1436(t5)
core   0: 3 0x800115a0 (0xa63f2223) mem 0x80012000 0x00000001
core   0: 0x800115a4 (0xff9ff06f) j       pc - 0x8
core   0: 3 0x800115a4 (0xff9ff06f)
core   0: 0x8001159c (0x00001f17) auipc   t5, 0x1
core   0: 3 0x8001159c (0x00001f17) x30 0x8001259c
core   0: 0x800115a0 (0xa63f2223) sw      gp, -1436(t5)
core   0: 3 0x800115a0 (0xa63f2223) mem 0x80012000 0x00000001
core   0: 0x800115a4 (0xff9ff06f) j       pc - 0x8
core   0: 3 0x800115a4 (0xff9ff06f)
core   0: 0x8001159c (0x00001f17) auipc   t5, 0x1
core   0: 3 0x8001159c (0x00001f17) x30 0x8001259c
core   0: 0x800115a0 (0xa63f2223) sw      gp, -1436(t5)
core   0: 3 0x800115a0 (0xa63f2223) mem 0x80012000 0x00000001
core   0: 0x800115a4 (0xff9ff06f) j       pc - 0x8
core   0: 3 0x800115a4 (0xff9ff06f)
core   0: 0x8001159c (0x00001f17) auipc   t5, 0x1
core   0: 3 0x8001159c (0x00001f17) x30 0x8001259c
core   0: 0x800115a0 (0xa63f2223) sw      gp, -1436(t5)
core   0: 3 0x800115a0 (0xa63f2223) mem 0x80012000 0x00000001
core   0: 0x800115a4 (0xff9ff06f) j       pc - 0x8
core   0: 3 0x800115a4 (0xff9ff06f)
core   0: 0x8001159c (0x00001f17) auipc   t5, 0x1
core   0: 3 0x8001159c (0x00001f17) x30 0x8001259c
core   0: 0x800115a0 (0xa63f2223) sw      gp, -1436(t5)
core   0: 3 0x800115a0 (0xa63f2223) mem 0x80012000 0x00000001
core   0: 0x800115a4 (0xff9ff06f) j       pc - 0x8
core   0: 3 0x800115a4 (0xff9ff06f)
core   0: 0x8001159c (0x00001f17) auipc   t5, 0x1
core   0: 3 0x8001159c (0x00001f17) x30 0x8001259c
core   0: 0x800115a0 (0xa63f2223) sw      gp, -1436(t5)
core   0: 3 0x800115a0 (0xa63f2223) mem 0x80012000 0x00000001
core   0: 0x800115a4 (0xff9ff06f) j       pc - 0x8
core   0: 3 0x800115a4 (0xff9ff06f)
core   0: 0x8001159c (0x00001f17) auipc   t5, 0x1
core   0: 3 0x8001159c (0x00001f17) x30 0x8001259c
core   0: 0x800115a0 (0xa63f2223) sw      gp, -1436(t5)
core   0: 3 0x800115a0 (0xa63f2223) mem 0x80012000 0x00000001
core   0: 0x800115a4 (0xff9ff06f) j       pc - 0x8
core   0: 3 0x800115a4 (0xff9ff06f)
core   0: 0x8001159c (0x00001f17) auipc   t5, 0x1
core   0: 3 0x8001159c (0x00001f17) x30 0x8001259c
core   0: 0x800115a0 (0xa63f2223) sw      gp, -1436(t5)
core   0: 3 0x800115a0 (0xa63f2223) mem 0x80012000 0x00000001
core   0: 0x800115a4 (0xff9ff06f) j       pc - 0x8
core   0: 3 0x800115a4 (0xff9ff06f)
core   0: 0x8001159c (0x00001f17) auipc   t5, 0x1
core   0: 3 0x8001159c (0x00001f17) x30 0x8001259c
core   0: 0x800115a0 (0xa63f2223) sw      gp, -1436(t5)
core   0: 3 0x800115a0 (0xa63f2223) mem 0x80012000 0x00000001
core   0: 0x800115a4 (0xff9ff06f) j       pc - 0x8
core   0: 3 0x800115a4 (0xff9ff06f)
core   0: 0x8001159c (0x00001f17) auipc   t5, 0x1
core   0: 3 0x8001159c (0x00001f17) x30 0x8001259c
core   0: 0x800115a0 (0xa63f2223) sw      gp, -1436(t5)
core   0: 3 0x800115a0 (0xa63f2223) mem 0x80012000 0x00000001
core   0: 0x800115a4 (0xff9ff06f) j       pc - 0x8
core   0: 3 0x800115a4 (0xff9ff06f)
core   0: 0x8001159c (0x00001f17) auipc   t5, 0x1
core   0: 3 0x8001159c (0x00001f17) x30 0x8001259c
core   0: 0x800115a0 (0xa63f2223) sw      gp, -1436(t5)
core   0: 3 0x800115a0 (0xa63f2223) mem 0x80012000 0x00000001
core   0: 0x800115a4 (0xff9ff06f) j       pc - 0x8
core   0: 3 0x800115a4 (0xff9ff06f)
core   0: 0x8001159c (0x00001f17) auipc   t5, 0x1
core   0: 3 0x8001159c (0x00001f17) x30 0x8001259c
core   0: 0x800115a0 (0xa63f2223) sw      gp, -1436(t5)
core   0: 3 0x800115a0 (0xa63f2223) mem 0x80012000 0x00000001
core   0: 0x800115a4 (0xff9ff06f) j       pc - 0x8
core   0: 3 0x800115a4 (0xff9ff06f)
core   0: 0x8001159c (0x00001f17) auipc   t5, 0x1
core   0: 3 0x8001159c (0x00001f17) x30 0x8001259c
core   0: 0x800115a0 (0xa63f2223) sw      gp, -1436(t5)
core   0: 3 0x800115a0 (0xa63f2223) mem 0x80012000 0x00000001
core   0: 0x800115a4 (0xff9ff06f) j       pc - 0x8
core   0: 3 0x800115a4 (0xff9ff06f)
core   0: 0x8001159c (0x00001f17) auipc   t5, 0x1
core   0: 3 0x8001159c (0x00001f17) x30 0x8001259c
core   0: 0x800115a0 (0xa63f2223) sw      gp, -1436(t5)
core   0: 3 0x800115a0 (0xa63f2223) mem 0x80012000 0x00000001
core   0: 0x800115a4 (0xff9ff06f) j       pc - 0x8
core   0: 3 0x800115a4 (0xff9ff06f)
core   0: 0x8001159c (0x00001f17) auipc   t5, 0x1
core   0: 3 0x8001159c (0x00001f17) x30 0x8001259c
core   0: 0x800115a0 (0xa63f2223) sw      gp, -1436(t5)
core   0: 3 0x800115a0 (0xa63f2223) mem 0x80012000 0x00000001
core   0: 0x800115a4 (0xff9ff06f) j       pc - 0x8
core   0: 3 0x800115a4 (0xff9ff06f)
core   0: 0x8001159c (0x00001f17) auipc   t5, 0x1
core   0: 3 0x8001159c (0x00001f17) x30 0x8001259c
core   0: 0x800115a0 (0xa63f2223) sw      gp, -1436(t5)
core   0: 3 0x800115a0 (0xa63f2223) mem 0x80012000 0x00000001
core   0: 0x800115a4 (0xff9ff06f) j       pc - 0x8
core   0: 3 0x800115a4 (0xff9ff06f)
core   0: 0x8001159c (0x00001f17) auipc   t5, 0x1
core   0: 3 0x8001159c (0x00001f17) x30 0x8001259c
core   0: 0x800115a0 (0xa63f2223) sw      gp, -1436(t5)
core   0: 3 0x800115a0 (0xa63f2223) mem 0x80012000 0x00000001
core   0: 0x800115a4 (0xff9ff06f) j       pc - 0x8
core   0: 3 0x800115a4 (0xff9ff06f)
core   0: 0x8001159c (0x00001f17) auipc   t5, 0x1
core   0: 3 0x8001159c (0x00001f17) x30 0x8001259c
core   0: 0x800115a0 (0xa63f2223) sw      gp, -1436(t5)
core   0: 3 0x800115a0 (0xa63f2223) mem 0x80012000 0x00000001
core   0: 0x800115a4 (0xff9ff06f) j       pc - 0x8
core   0: 3 0x800115a4 (0xff9ff06f)
core   0: 0x8001159c (0x00001f17) auipc   t5, 0x1
core   0: 3 0x8001159c (0x00001f17) x30 0x8001259c
core   0: 0x800115a0 (0xa63f2223) sw      gp, -1436(t5)
core   0: 3 0x800115a0 (0xa63f2223) mem 0x80012000 0x00000001
core   0: 0x800115a4 (0xff9ff06f) j       pc - 0x8
core   0: 3 0x800115a4 (0xff9ff06f)
core   0: 0x8001159c (0x00001f17) auipc   t5, 0x1
core   0: 3 0x8001159c (0x00001f17) x30 0x8001259c
core   0: 0x800115a0 (0xa63f2223) sw      gp, -1436(t5)
core   0: 3 0x800115a0 (0xa63f2223) mem 0x80012000 0x00000001
core   0: 0x800115a4 (0xff9ff06f) j       pc - 0x8
core   0: 3 0x800115a4 (0xff9ff06f)
core   0: 0x8001159c (0x00001f17) auipc   t5, 0x1
core   0: 3 0x8001159c (0x00001f17) x30 0x8001259c
core   0: 0x800115a0 (0xa63f2223) sw      gp, -1436(t5)
core   0: 3 0x800115a0 (0xa63f2223) mem 0x80012000 0x00000001
core   0: 0x800115a4 (0xff9ff06f) j       pc - 0x8
core   0: 3 0x800115a4 (0xff9ff06f)
core   0: 0x8001159c (0x00001f17) auipc   t5, 0x1
core   0: 3 0x8001159c (0x00001f17) x30 0x8001259c
core   0: 0x800115a0 (0xa63f2223) sw      gp, -1436(t5)
core   0: 3 0x800115a0 (0xa63f2223) mem 0x80012000 0x00000001
core   0: 0x800115a4 (0xff9ff06f) j       pc - 0x8
core   0: 3 0x800115a4 (0xff9ff06f)
core   0: 0x8001159c (0x00001f17) auipc   t5, 0x1
core   0: 3 0x8001159c (0x00001f17) x30 0x8001259c
core   0: 0x800115a0 (0xa63f2223) sw      gp, -1436(t5)
core   0: 3 0x800115a0 (0xa63f2223) mem 0x80012000 0x00000001
core   0: 0x800115a4 (0xff9ff06f) j       pc - 0x8
core   0: 3 0x800115a4 (0xff9ff06f)
core   0: 0x8001159c (0x00001f17) auipc   t5, 0x1
core   0: 3 0x8001159c (0x00001f17) x30 0x8001259c
core   0: 0x800115a0 (0xa63f2223) sw      gp, -1436(t5)
core   0: 3 0x800115a0 (0xa63f2223) mem 0x80012000 0x00000001
core   0: 0x800115a4 (0xff9ff06f) j       pc - 0x8
core   0: 3 0x800115a4 (0xff9ff06f)
core   0: 0x8001159c (0x00001f17) auipc   t5, 0x1
core   0: 3 0x8001159c (0x00001f17) x30 0x8001259c
core   0: 0x800115a0 (0xa63f2223) sw      gp, -1436(t5)
core   0: 3 0x800115a0 (0xa63f2223) mem 0x80012000 0x00000001
core   0: 0x800115a4 (0xff9ff06f) j       pc - 0x8
core   0: 3 0x800115a4 (0xff9ff06f)
core   0: 0x8001159c (0x00001f17) auipc   t5, 0x1
core   0: 3 0x8001159c (0x00001f17) x30 0x8001259c
core   0: 0x800115a0 (0xa63f2223) sw      gp, -1436(t5)
core   0: 3 0x800115a0 (0xa63f2223) mem 0x80012000 0x00000001
core   0: 0x800115a4 (0xff9ff06f) j       pc - 0x8
core   0: 3 0x800115a4 (0xff9ff06f)
core   0: 0x8001159c (0x00001f17) auipc   t5, 0x1
core   0: 3 0x8001159c (0x00001f17) x30 0x8001259c
core   0: 0x800115a0 (0xa63f2223) sw      gp, -1436(t5)
core   0: 3 0x800115a0 (0xa63f2223) mem 0x80012000 0x00000001
core   0: 0x800115a4 (0xff9ff06f) j       pc - 0x8
core   0: 3 0x800115a4 (0xff9ff06f)
core   0: 0x8001159c (0x00001f17) auipc   t5, 0x1
core   0: 3 0x8001159c (0x00001f17) x30 0x8001259c
core   0: 0x800115a0 (0xa63f2223) sw      gp, -1436(t5)
core   0: 3 0x800115a0 (0xa63f2223) mem 0x80012000 0x00000001
core   0: 0x800115a4 (0xff9ff06f) j       pc - 0x8
core   0: 3 0x800115a4 (0xff9ff06f)
core   0: 0x8001159c (0x00001f17) auipc   t5, 0x1
core   0: 3 0x8001159c (0x00001f17) x30 0x8001259c
core   0: 0x800115a0 (0xa63f2223) sw      gp, -1436(t5)
core   0: 3 0x800115a0 (0xa63f2223) mem 0x80012000 0x00000001
core   0: 0x800115a4 (0xff9ff06f) j       pc - 0x8
core   0: 3 0x800115a4 (0xff9ff06f)
core   0: 0x8001159c (0x00001f17) auipc   t5, 0x1
core   0: 3 0x8001159c (0x00001f17) x30 0x8001259c
core   0: 0x800115a0 (0xa63f2223) sw      gp, -1436(t5)
core   0: 3 0x800115a0 (0xa63f2223) mem 0x80012000 0x00000001
core   0: 0x800115a4 (0xff9ff06f) j       pc - 0x8
core   0: 3 0x800115a4 (0xff9ff06f)
core   0: 0x8001159c (0x00001f17) auipc   t5, 0x1
core   0: 3 0x8001159c (0x00001f17) x30 0x8001259c
core   0: 0x800115a0 (0xa63f2223) sw      gp, -1436(t5)
core   0: 3 0x800115a0 (0xa63f2223) mem 0x80012000 0x00000001
core   0: 0x800115a4 (0xff9ff06f) j       pc - 0x8
core   0: 3 0x800115a4 (0xff9ff06f)
core   0: 0x8001159c (0x00001f17) auipc   t5, 0x1
core   0: 3 0x8001159c (0x00001f17) x30 0x8001259c
core   0: 0x800115a0 (0xa63f2223) sw      gp, -1436(t5)
core   0: 3 0x800115a0 (0xa63f2223) mem 0x80012000 0x00000001
core   0: 0x800115a4 (0xff9ff06f) j       pc - 0x8
core   0: 3 0x800115a4 (0xff9ff06f)
core   0: 0x8001159c (0x00001f17) auipc   t5, 0x1
core   0: 3 0x8001159c (0x00001f17) x30 0x8001259c
core   0: 0x800115a0 (0xa63f2223) sw      gp, -1436(t5)
core   0: 3 0x800115a0 (0xa63f2223) mem 0x80012000 0x00000001
core   0: 0x800115a4 (0xff9ff06f) j       pc - 0x8
core   0: 3 0x800115a4 (0xff9ff06f)
core   0: 0x8001159c (0x00001f17) auipc   t5, 0x1
core   0: 3 0x8001159c (0x00001f17) x30 0x8001259c
core   0: 0x800115a0 (0xa63f2223) sw      gp, -1436(t5)
core   0: 3 0x800115a0 (0xa63f2223) mem 0x80012000 0x00000001
core   0: 0x800115a4 (0xff9ff06f) j       pc - 0x8
core   0: 3 0x800115a4 (0xff9ff06f)
core   0: 0x8001159c (0x00001f17) auipc   t5, 0x1
core   0: 3 0x8001159c (0x00001f17) x30 0x8001259c
core   0: 0x800115a0 (0xa63f2223) sw      gp, -1436(t5)
core   0: 3 0x800115a0 (0xa63f2223) mem 0x80012000 0x00000001
core   0: 0x800115a4 (0xff9ff06f) j       pc - 0x8
core   0: 3 0x800115a4 (0xff9ff06f)
core   0: 0x8001159c (0x00001f17) auipc   t5, 0x1
core   0: 3 0x8001159c (0x00001f17) x30 0x8001259c
core   0: 0x800115a0 (0xa63f2223) sw      gp, -1436(t5)
core   0: 3 0x800115a0 (0xa63f2223) mem 0x80012000 0x00000001
core   0: 0x800115a4 (0xff9ff06f) j       pc - 0x8
core   0: 3 0x800115a4 (0xff9ff06f)
core   0: 0x8001159c (0x00001f17) auipc   t5, 0x1
core   0: 3 0x8001159c (0x00001f17) x30 0x8001259c
core   0: 0x800115a0 (0xa63f2223) sw      gp, -1436(t5)
core   0: 3 0x800115a0 (0xa63f2223) mem 0x80012000 0x00000001
core   0: 0x800115a4 (0xff9ff06f) j       pc - 0x8
core   0: 3 0x800115a4 (0xff9ff06f)
core   0: 0x8001159c (0x00001f17) auipc   t5, 0x1
core   0: 3 0x8001159c (0x00001f17) x30 0x8001259c
core   0: 0x800115a0 (0xa63f2223) sw      gp, -1436(t5)
core   0: 3 0x800115a0 (0xa63f2223) mem 0x80012000 0x00000001
core   0: 0x800115a4 (0xff9ff06f) j       pc - 0x8
core   0: 3 0x800115a4 (0xff9ff06f)
core   0: 0x8001159c (0x00001f17) auipc   t5, 0x1
core   0: 3 0x8001159c (0x00001f17) x30 0x8001259c
core   0: 0x800115a0 (0xa63f2223) sw      gp, -1436(t5)
core   0: 3 0x800115a0 (0xa63f2223) mem 0x80012000 0x00000001
core   0: 0x800115a4 (0xff9ff06f) j       pc - 0x8
core   0: 3 0x800115a4 (0xff9ff06f)
core   0: 0x8001159c (0x00001f17) auipc   t5, 0x1
core   0: 3 0x8001159c (0x00001f17) x30 0x8001259c
core   0: 0x800115a0 (0xa63f2223) sw      gp, -1436(t5)
core   0: 3 0x800115a0 (0xa63f2223) mem 0x80012000 0x00000001
core   0: 0x800115a4 (0xff9ff06f) j       pc - 0x8
core   0: 3 0x800115a4 (0xff9ff06f)
core   0: 0x8001159c (0x00001f17) auipc   t5, 0x1
core   0: 3 0x8001159c (0x00001f17) x30 0x8001259c
core   0: 0x800115a0 (0xa63f2223) sw      gp, -1436(t5)
core   0: 3 0x800115a0 (0xa63f2223) mem 0x80012000 0x00000001
core   0: 0x800115a4 (0xff9ff06f) j       pc - 0x8
core   0: 3 0x800115a4 (0xff9ff06f)
core   0: 0x8001159c (0x00001f17) auipc   t5, 0x1
core   0: 3 0x8001159c (0x00001f17) x30 0x8001259c
core   0: 0x800115a0 (0xa63f2223) sw      gp, -1436(t5)
core   0: 3 0x800115a0 (0xa63f2223) mem 0x80012000 0x00000001
core   0: 0x800115a4 (0xff9ff06f) j       pc - 0x8
core   0: 3 0x800115a4 (0xff9ff06f)
core   0: 0x8001159c (0x00001f17) auipc   t5, 0x1
core   0: 3 0x8001159c (0x00001f17) x30 0x8001259c
core   0: 0x800115a0 (0xa63f2223) sw      gp, -1436(t5)
core   0: 3 0x800115a0 (0xa63f2223) mem 0x80012000 0x00000001
core   0: 0x800115a4 (0xff9ff06f) j       pc - 0x8
core   0: 3 0x800115a4 (0xff9ff06f)
core   0: 0x8001159c (0x00001f17) auipc   t5, 0x1
core   0: 3 0x8001159c (0x00001f17) x30 0x8001259c
core   0: 0x800115a0 (0xa63f2223) sw      gp, -1436(t5)
core   0: 3 0x800115a0 (0xa63f2223) mem 0x80012000 0x00000001
core   0: 0x800115a4 (0xff9ff06f) j       pc - 0x8
core   0: 3 0x800115a4 (0xff9ff06f)
core   0: 0x8001159c (0x00001f17) auipc   t5, 0x1
core   0: 3 0x8001159c (0x00001f17) x30 0x8001259c
core   0: 0x800115a0 (0xa63f2223) sw      gp, -1436(t5)
core   0: 3 0x800115a0 (0xa63f2223) mem 0x80012000 0x00000001
core   0: 0x800115a4 (0xff9ff06f) j       pc - 0x8
core   0: 3 0x800115a4 (0xff9ff06f)
core   0: 0x8001159c (0x00001f17) auipc   t5, 0x1
core   0: 3 0x8001159c (0x00001f17) x30 0x8001259c
core   0: 0x800115a0 (0xa63f2223) sw      gp, -1436(t5)
core   0: 3 0x800115a0 (0xa63f2223) mem 0x80012000 0x00000001
core   0: 0x800115a4 (0xff9ff06f) j       pc - 0x8
core   0: 3 0x800115a4 (0xff9ff06f)
core   0: 0x8001159c (0x00001f17) auipc   t5, 0x1
core   0: 3 0x8001159c (0x00001f17) x30 0x8001259c
core   0: 0x800115a0 (0xa63f2223) sw      gp, -1436(t5)
core   0: 3 0x800115a0 (0xa63f2223) mem 0x80012000 0x00000001
core   0: 0x800115a4 (0xff9ff06f) j       pc - 0x8
core   0: 3 0x800115a4 (0xff9ff06f)
core   0: 0x8001159c (0x00001f17) auipc   t5, 0x1
core   0: 3 0x8001159c (0x00001f17) x30 0x8001259c
core   0: 0x800115a0 (0xa63f2223) sw      gp, -1436(t5)
core   0: 3 0x800115a0 (0xa63f2223) mem 0x80012000 0x00000001
core   0: 0x800115a4 (0xff9ff06f) j       pc - 0x8
core   0: 3 0x800115a4 (0xff9ff06f)
core   0: 0x8001159c (0x00001f17) auipc   t5, 0x1
core   0: 3 0x8001159c (0x00001f17) x30 0x8001259c
core   0: 0x800115a0 (0xa63f2223) sw      gp, -1436(t5)
core   0: 3 0x800115a0 (0xa63f2223) mem 0x80012000 0x00000001
core   0: 0x800115a4 (0xff9ff06f) j       pc - 0x8
core   0: 3 0x800115a4 (0xff9ff06f)
core   0: 0x8001159c (0x00001f17) auipc   t5, 0x1
core   0: 3 0x8001159c (0x00001f17) x30 0x8001259c
core   0: 0x800115a0 (0xa63f2223) sw      gp, -1436(t5)
core   0: 3 0x800115a0 (0xa63f2223) mem 0x80012000 0x00000001
core   0: 0x800115a4 (0xff9ff06f) j       pc - 0x8
core   0: 3 0x800115a4 (0xff9ff06f)
core   0: 0x8001159c (0x00001f17) auipc   t5, 0x1
core   0: 3 0x8001159c (0x00001f17) x30 0x8001259c
core   0: 0x800115a0 (0xa63f2223) sw      gp, -1436(t5)
core   0: 3 0x800115a0 (0xa63f2223) mem 0x80012000 0x00000001
core   0: 0x800115a4 (0xff9ff06f) j       pc - 0x8
core   0: 3 0x800115a4 (0xff9ff06f)
core   0: 0x8001159c (0x00001f17) auipc   t5, 0x1
core   0: 3 0x8001159c (0x00001f17) x30 0x8001259c
core   0: 0x800115a0 (0xa63f2223) sw      gp, -1436(t5)
core   0: 3 0x800115a0 (0xa63f2223) mem 0x80012000 0x00000001
core   0: 0x800115a4 (0xff9ff06f) j       pc - 0x8
core   0: 3 0x800115a4 (0xff9ff06f)
core   0: 0x8001159c (0x00001f17) auipc   t5, 0x1
core   0: 3 0x8001159c (0x00001f17) x30 0x8001259c
core   0: 0x800115a0 (0xa63f2223) sw      gp, -1436(t5)
core   0: 3 0x800115a0 (0xa63f2223) mem 0x80012000 0x00000001
core   0: 0x800115a4 (0xff9ff06f) j       pc - 0x8
core   0: 3 0x800115a4 (0xff9ff06f)
core   0: 0x8001159c (0x00001f17) auipc   t5, 0x1
core   0: 3 0x8001159c (0x00001f17) x30 0x8001259c
core   0: 0x800115a0 (0xa63f2223) sw      gp, -1436(t5)
core   0: 3 0x800115a0 (0xa63f2223) mem 0x80012000 0x00000001
core   0: 0x800115a4 (0xff9ff06f) j       pc - 0x8
core   0: 3 0x800115a4 (0xff9ff06f)
core   0: 0x8001159c (0x00001f17) auipc   t5, 0x1
core   0: 3 0x8001159c (0x00001f17) x30 0x8001259c
core   0: 0x800115a0 (0xa63f2223) sw      gp, -1436(t5)
core   0: 3 0x800115a0 (0xa63f2223) mem 0x80012000 0x00000001
core   0: 0x800115a4 (0xff9ff06f) j       pc - 0x8
core   0: 3 0x800115a4 (0xff9ff06f)
core   0: 0x8001159c (0x00001f17) auipc   t5, 0x1
core   0: 3 0x8001159c (0x00001f17) x30 0x8001259c
core   0: 0x800115a0 (0xa63f2223) sw      gp, -1436(t5)
core   0: 3 0x800115a0 (0xa63f2223) mem 0x80012000 0x00000001
core   0: 0x800115a4 (0xff9ff06f) j       pc - 0x8
core   0: 3 0x800115a4 (0xff9ff06f)
core   0: 0x8001159c (0x00001f17) auipc   t5, 0x1
core   0: 3 0x8001159c (0x00001f17) x30 0x8001259c
core   0: 0x800115a0 (0xa63f2223) sw      gp, -1436(t5)
core   0: 3 0x800115a0 (0xa63f2223) mem 0x80012000 0x00000001
core   0: 0x800115a4 (0xff9ff06f) j       pc - 0x8
core   0: 3 0x800115a4 (0xff9ff06f)
core   0: 0x8001159c (0x00001f17) auipc   t5, 0x1
core   0: 3 0x8001159c (0x00001f17) x30 0x8001259c
core   0: 0x800115a0 (0xa63f2223) sw      gp, -1436(t5)
core   0: 3 0x800115a0 (0xa63f2223) mem 0x80012000 0x00000001
core   0: 0x800115a4 (0xff9ff06f) j       pc - 0x8
core   0: 3 0x800115a4 (0xff9ff06f)
core   0: 0x8001159c (0x00001f17) auipc   t5, 0x1
core   0: 3 0x8001159c (0x00001f17) x30 0x8001259c
core   0: 0x800115a0 (0xa63f2223) sw      gp, -1436(t5)
core   0: 3 0x800115a0 (0xa63f2223) mem 0x80012000 0x00000001
core   0: 0x800115a4 (0xff9ff06f) j       pc - 0x8
core   0: 3 0x800115a4 (0xff9ff06f)
core   0: 0x8001159c (0x00001f17) auipc   t5, 0x1
core   0: 3 0x8001159c (0x00001f17) x30 0x8001259c
core   0: 0x800115a0 (0xa63f2223) sw      gp, -1436(t5)
core   0: 3 0x800115a0 (0xa63f2223) mem 0x80012000 0x00000001
core   0: 0x800115a4 (0xff9ff06f) j       pc - 0x8
core   0: 3 0x800115a4 (0xff9ff06f)
core   0: 0x8001159c (0x00001f17) auipc   t5, 0x1
core   0: 3 0x8001159c (0x00001f17) x30 0x8001259c
core   0: 0x800115a0 (0xa63f2223) sw      gp, -1436(t5)
core   0: 3 0x800115a0 (0xa63f2223) mem 0x80012000 0x00000001
core   0: 0x800115a4 (0xff9ff06f) j       pc - 0x8
core   0: 3 0x800115a4 (0xff9ff06f)
core   0: 0x8001159c (0x00001f17) auipc   t5, 0x1
core   0: 3 0x8001159c (0x00001f17) x30 0x8001259c
core   0: 0x800115a0 (0xa63f2223) sw      gp, -1436(t5)
core   0: 3 0x800115a0 (0xa63f2223) mem 0x80012000 0x00000001
core   0: 0x800115a4 (0xff9ff06f) j       pc - 0x8
core   0: 3 0x800115a4 (0xff9ff06f)
core   0: 0x8001159c (0x00001f17) auipc   t5, 0x1
core   0: 3 0x8001159c (0x00001f17) x30 0x8001259c
core   0: 0x800115a0 (0xa63f2223) sw      gp, -1436(t5)
core   0: 3 0x800115a0 (0xa63f2223) mem 0x80012000 0x00000001
core   0: 0x800115a4 (0xff9ff06f) j       pc - 0x8
core   0: 3 0x800115a4 (0xff9ff06f)
core   0: 0x8001159c (0x00001f17) auipc   t5, 0x1
core   0: 3 0x8001159c (0x00001f17) x30 0x8001259c
core   0: 0x800115a0 (0xa63f2223) sw      gp, -1436(t5)
core   0: 3 0x800115a0 (0xa63f2223) mem 0x80012000 0x00000001
core   0: 0x800115a4 (0xff9ff06f) j       pc - 0x8
core   0: 3 0x800115a4 (0xff9ff06f)
core   0: 0x8001159c (0x00001f17) auipc   t5, 0x1
core   0: 3 0x8001159c (0x00001f17) x30 0x8001259c
core   0: 0x800115a0 (0xa63f2223) sw      gp, -1436(t5)
core   0: 3 0x800115a0 (0xa63f2223) mem 0x80012000 0x00000001
core   0: 0x800115a4 (0xff9ff06f) j       pc - 0x8
core   0: 3 0x800115a4 (0xff9ff06f)
core   0: 0x8001159c (0x00001f17) auipc   t5, 0x1
core   0: 3 0x8001159c (0x00001f17) x30 0x8001259c
core   0: 0x800115a0 (0xa63f2223) sw      gp, -1436(t5)
core   0: 3 0x800115a0 (0xa63f2223) mem 0x80012000 0x00000001
core   0: 0x800115a4 (0xff9ff06f) j       pc - 0x8
core   0: 3 0x800115a4 (0xff9ff06f)
core   0: 0x8001159c (0x00001f17) auipc   t5, 0x1
core   0: 3 0x8001159c (0x00001f17) x30 0x8001259c
core   0: 0x800115a0 (0xa63f2223) sw      gp, -1436(t5)
core   0: 3 0x800115a0 (0xa63f2223) mem 0x80012000 0x00000001
core   0: 0x800115a4 (0xff9ff06f) j       pc - 0x8
core   0: 3 0x800115a4 (0xff9ff06f)
core   0: 0x8001159c (0x00001f17) auipc   t5, 0x1
core   0: 3 0x8001159c (0x00001f17) x30 0x8001259c
core   0: 0x800115a0 (0xa63f2223) sw      gp, -1436(t5)
core   0: 3 0x800115a0 (0xa63f2223) mem 0x80012000 0x00000001
core   0: 0x800115a4 (0xff9ff06f) j       pc - 0x8
core   0: 3 0x800115a4 (0xff9ff06f)
core   0: 0x8001159c (0x00001f17) auipc   t5, 0x1
core   0: 3 0x8001159c (0x00001f17) x30 0x8001259c
core   0: 0x800115a0 (0xa63f2223) sw      gp, -1436(t5)
core   0: 3 0x800115a0 (0xa63f2223) mem 0x80012000 0x00000001
core   0: 0x800115a4 (0xff9ff06f) j       pc - 0x8
core   0: 3 0x800115a4 (0xff9ff06f)
core   0: 0x8001159c (0x00001f17) auipc   t5, 0x1
core   0: 3 0x8001159c (0x00001f17) x30 0x8001259c
core   0: 0x800115a0 (0xa63f2223) sw      gp, -1436(t5)
core   0: 3 0x800115a0 (0xa63f2223) mem 0x80012000 0x00000001
core   0: 0x800115a4 (0xff9ff06f) j       pc - 0x8
core   0: 3 0x800115a4 (0xff9ff06f)
core   0: 0x8001159c (0x00001f17) auipc   t5, 0x1
core   0: 3 0x8001159c (0x00001f17) x30 0x8001259c
core   0: 0x800115a0 (0xa63f2223) sw      gp, -1436(t5)
core   0: 3 0x800115a0 (0xa63f2223) mem 0x80012000 0x00000001
core   0: 0x800115a4 (0xff9ff06f) j       pc - 0x8
core   0: 3 0x800115a4 (0xff9ff06f)
core   0: 0x8001159c (0x00001f17) auipc   t5, 0x1
core   0: 3 0x8001159c (0x00001f17) x30 0x8001259c
core   0: 0x800115a0 (0xa63f2223) sw      gp, -1436(t5)
core   0: 3 0x800115a0 (0xa63f2223) mem 0x80012000 0x00000001
core   0: 0x800115a4 (0xff9ff06f) j       pc - 0x8
core   0: 3 0x800115a4 (0xff9ff06f)
core   0: 0x8001159c (0x00001f17) auipc   t5, 0x1
core   0: 3 0x8001159c (0x00001f17) x30 0x8001259c
core   0: 0x800115a0 (0xa63f2223) sw      gp, -1436(t5)
core   0: 3 0x800115a0 (0xa63f2223) mem 0x80012000 0x00000001
core   0: 0x800115a4 (0xff9ff06f) j       pc - 0x8
core   0: 3 0x800115a4 (0xff9ff06f)
core   0: 0x8001159c (0x00001f17) auipc   t5, 0x1
core   0: 3 0x8001159c (0x00001f17) x30 0x8001259c
core   0: 0x800115a0 (0xa63f2223) sw      gp, -1436(t5)
core   0: 3 0x800115a0 (0xa63f2223) mem 0x80012000 0x00000001
core   0: 0x800115a4 (0xff9ff06f) j       pc - 0x8
core   0: 3 0x800115a4 (0xff9ff06f)
core   0: 0x8001159c (0x00001f17) auipc   t5, 0x1
core   0: 3 0x8001159c (0x00001f17) x30 0x8001259c
core   0: 0x800115a0 (0xa63f2223) sw      gp, -1436(t5)
core   0: 3 0x800115a0 (0xa63f2223) mem 0x80012000 0x00000001
core   0: 0x800115a4 (0xff9ff06f) j       pc - 0x8
core   0: 3 0x800115a4 (0xff9ff06f)
core   0: 0x8001159c (0x00001f17) auipc   t5, 0x1
core   0: 3 0x8001159c (0x00001f17) x30 0x8001259c
core   0: 0x800115a0 (0xa63f2223) sw      gp, -1436(t5)
core   0: 3 0x800115a0 (0xa63f2223) mem 0x80012000 0x00000001
core   0: 0x800115a4 (0xff9ff06f) j       pc - 0x8
core   0: 3 0x800115a4 (0xff9ff06f)
core   0: 0x8001159c (0x00001f17) auipc   t5, 0x1
core   0: 3 0x8001159c (0x00001f17) x30 0x8001259c
core   0: 0x800115a0 (0xa63f2223) sw      gp, -1436(t5)
core   0: 3 0x800115a0 (0xa63f2223) mem 0x80012000 0x00000001
core   0: 0x800115a4 (0xff9ff06f) j       pc - 0x8
core   0: 3 0x800115a4 (0xff9ff06f)
core   0: 0x8001159c (0x00001f17) auipc   t5, 0x1
core   0: 3 0x8001159c (0x00001f17) x30 0x8001259c
core   0: 0x800115a0 (0xa63f2223) sw      gp, -1436(t5)
core   0: 3 0x800115a0 (0xa63f2223) mem 0x80012000 0x00000001
core   0: 0x800115a4 (0xff9ff06f) j       pc - 0x8
core   0: 3 0x800115a4 (0xff9ff06f)
core   0: 0x8001159c (0x00001f17) auipc   t5, 0x1
core   0: 3 0x8001159c (0x00001f17) x30 0x8001259c
core   0: 0x800115a0 (0xa63f2223) sw      gp, -1436(t5)
core   0: 3 0x800115a0 (0xa63f2223) mem 0x80012000 0x00000001
core   0: 0x800115a4 (0xff9ff06f) j       pc - 0x8
core   0: 3 0x800115a4 (0xff9ff06f)
core   0: 0x8001159c (0x00001f17) auipc   t5, 0x1
core   0: 3 0x8001159c (0x00001f17) x30 0x8001259c
core   0: 0x800115a0 (0xa63f2223) sw      gp, -1436(t5)
core   0: 3 0x800115a0 (0xa63f2223) mem 0x80012000 0x00000001
core   0: 0x800115a4 (0xff9ff06f) j       pc - 0x8
core   0: 3 0x800115a4 (0xff9ff06f)
core   0: 0x8001159c (0x00001f17) auipc   t5, 0x1
core   0: 3 0x8001159c (0x00001f17) x30 0x8001259c
core   0: 0x800115a0 (0xa63f2223) sw      gp, -1436(t5)
core   0: 3 0x800115a0 (0xa63f2223) mem 0x80012000 0x00000001
core   0: 0x800115a4 (0xff9ff06f) j       pc - 0x8
core   0: 3 0x800115a4 (0xff9ff06f)
core   0: 0x8001159c (0x00001f17) auipc   t5, 0x1
core   0: 3 0x8001159c (0x00001f17) x30 0x8001259c
core   0: 0x800115a0 (0xa63f2223) sw      gp, -1436(t5)
core   0: 3 0x800115a0 (0xa63f2223) mem 0x80012000 0x00000001
core   0: 0x800115a4 (0xff9ff06f) j       pc - 0x8
core   0: 3 0x800115a4 (0xff9ff06f)
core   0: 0x8001159c (0x00001f17) auipc   t5, 0x1
core   0: 3 0x8001159c (0x00001f17) x30 0x8001259c
core   0: 0x800115a0 (0xa63f2223) sw      gp, -1436(t5)
core   0: 3 0x800115a0 (0xa63f2223) mem 0x80012000 0x00000001
core   0: 0x800115a4 (0xff9ff06f) j       pc - 0x8
core   0: 3 0x800115a4 (0xff9ff06f)
core   0: 0x8001159c (0x00001f17) auipc   t5, 0x1
core   0: 3 0x8001159c (0x00001f17) x30 0x8001259c
core   0: 0x800115a0 (0xa63f2223) sw      gp, -1436(t5)
core   0: 3 0x800115a0 (0xa63f2223) mem 0x80012000 0x00000001
core   0: 0x800115a4 (0xff9ff06f) j       pc - 0x8
core   0: 3 0x800115a4 (0xff9ff06f)
core   0: 0x8001159c (0x00001f17) auipc   t5, 0x1
core   0: 3 0x8001159c (0x00001f17) x30 0x8001259c
core   0: 0x800115a0 (0xa63f2223) sw      gp, -1436(t5)
core   0: 3 0x800115a0 (0xa63f2223) mem 0x80012000 0x00000001
core   0: 0x800115a4 (0xff9ff06f) j       pc - 0x8
core   0: 3 0x800115a4 (0xff9ff06f)
core   0: 0x8001159c (0x00001f17) auipc   t5, 0x1
core   0: 3 0x8001159c (0x00001f17) x30 0x8001259c
core   0: 0x800115a0 (0xa63f2223) sw      gp, -1436(t5)
core   0: 3 0x800115a0 (0xa63f2223) mem 0x80012000 0x00000001
core   0: 0x800115a4 (0xff9ff06f) j       pc - 0x8
core   0: 3 0x800115a4 (0xff9ff06f)
core   0: 0x8001159c (0x00001f17) auipc   t5, 0x1
core   0: 3 0x8001159c (0x00001f17) x30 0x8001259c
core   0: 0x800115a0 (0xa63f2223) sw      gp, -1436(t5)
core   0: 3 0x800115a0 (0xa63f2223) mem 0x80012000 0x00000001
core   0: 0x800115a4 (0xff9ff06f) j       pc - 0x8
core   0: 3 0x800115a4 (0xff9ff06f)
core   0: 0x8001159c (0x00001f17) auipc   t5, 0x1
core   0: 3 0x8001159c (0x00001f17) x30 0x8001259c
core   0: 0x800115a0 (0xa63f2223) sw      gp, -1436(t5)
core   0: 3 0x800115a0 (0xa63f2223) mem 0x80012000 0x00000001
core   0: 0x800115a4 (0xff9ff06f) j       pc - 0x8
core   0: 3 0x800115a4 (0xff9ff06f)
core   0: 0x8001159c (0x00001f17) auipc   t5, 0x1
core   0: 3 0x8001159c (0x00001f17) x30 0x8001259c
core   0: 0x800115a0 (0xa63f2223) sw      gp, -1436(t5)
core   0: 3 0x800115a0 (0xa63f2223) mem 0x80012000 0x00000001
core   0: 0x800115a4 (0xff9ff06f) j       pc - 0x8
core   0: 3 0x800115a4 (0xff9ff06f)
core   0: 0x8001159c (0x00001f17) auipc   t5, 0x1
core   0: 3 0x8001159c (0x00001f17) x30 0x8001259c
core   0: 0x800115a0 (0xa63f2223) sw      gp, -1436(t5)
core   0: 3 0x800115a0 (0xa63f2223) mem 0x80012000 0x00000001
core   0: 0x800115a4 (0xff9ff06f) j       pc - 0x8
core   0: 3 0x800115a4 (0xff9ff06f)
core   0: 0x8001159c (0x00001f17) auipc   t5, 0x1
core   0: 3 0x8001159c (0x00001f17) x30 0x8001259c
core   0: 0x800115a0 (0xa63f2223) sw      gp, -1436(t5)
core   0: 3 0x800115a0 (0xa63f2223) mem 0x80012000 0x00000001
core   0: 0x800115a4 (0xff9ff06f) j       pc - 0x8
core   0: 3 0x800115a4 (0xff9ff06f)
core   0: 0x8001159c (0x00001f17) auipc   t5, 0x1
core   0: 3 0x8001159c (0x00001f17) x30 0x8001259c
core   0: 0x800115a0 (0xa63f2223) sw      gp, -1436(t5)
core   0: 3 0x800115a0 (0xa63f2223) mem 0x80012000 0x00000001
core   0: 0x800115a4 (0xff9ff06f) j       pc - 0x8
core   0: 3 0x800115a4 (0xff9ff06f)
core   0: 0x8001159c (0x00001f17) auipc   t5, 0x1
core   0: 3 0x8001159c (0x00001f17) x30 0x8001259c
core   0: 0x800115a0 (0xa63f2223) sw      gp, -1436(t5)
core   0: 3 0x800115a0 (0xa63f2223) mem 0x80012000 0x00000001
core   0: 0x800115a4 (0xff9ff06f) j       pc - 0x8
core   0: 3 0x800115a4 (0xff9ff06f)
core   0: 0x8001159c (0x00001f17) auipc   t5, 0x1
core   0: 3 0x8001159c (0x00001f17) x30 0x8001259c
core   0: 0x800115a0 (0xa63f2223) sw      gp, -1436(t5)
core   0: 3 0x800115a0 (0xa63f2223) mem 0x80012000 0x00000001
core   0: 0x800115a4 (0xff9ff06f) j       pc - 0x8
core   0: 3 0x800115a4 (0xff9ff06f)
core   0: 0x8001159c (0x00001f17) auipc   t5, 0x1
core   0: 3 0x8001159c (0x00001f17) x30 0x8001259c
core   0: 0x800115a0 (0xa63f2223) sw      gp, -1436(t5)
core   0: 3 0x800115a0 (0xa63f2223) mem 0x80012000 0x00000001
core   0: 0x800115a4 (0xff9ff06f) j       pc - 0x8
core   0: 3 0x800115a4 (0xff9ff06f)
core   0: 0x8001159c (0x00001f17) auipc   t5, 0x1
core   0: 3 0x8001159c (0x00001f17) x30 0x8001259c
core   0: 0x800115a0 (0xa63f2223) sw      gp, -1436(t5)
core   0: 3 0x800115a0 (0xa63f2223) mem 0x80012000 0x00000001
core   0: 0x800115a4 (0xff9ff06f) j       pc - 0x8
core   0: 3 0x800115a4 (0xff9ff06f)
core   0: 0x8001159c (0x00001f17) auipc   t5, 0x1
core   0: 3 0x8001159c (0x00001f17) x30 0x8001259c
core   0: 0x800115a0 (0xa63f2223) sw      gp, -1436(t5)
core   0: 3 0x800115a0 (0xa63f2223) mem 0x80012000 0x00000001
core   0: 0x800115a4 (0xff9ff06f) j       pc - 0x8
core   0: 3 0x800115a4 (0xff9ff06f)
core   0: 0x8001159c (0x00001f17) auipc   t5, 0x1
core   0: 3 0x8001159c (0x00001f17) x30 0x8001259c
core   0: 0x800115a0 (0xa63f2223) sw      gp, -1436(t5)
core   0: 3 0x800115a0 (0xa63f2223) mem 0x80012000 0x00000001
core   0: 0x800115a4 (0xff9ff06f) j       pc - 0x8
core   0: 3 0x800115a4 (0xff9ff06f)
core   0: 0x8001159c (0x00001f17) auipc   t5, 0x1
core   0: 3 0x8001159c (0x00001f17) x30 0x8001259c
core   0: 0x800115a0 (0xa63f2223) sw      gp, -1436(t5)
core   0: 3 0x800115a0 (0xa63f2223) mem 0x80012000 0x00000001
core   0: 0x800115a4 (0xff9ff06f) j       pc - 0x8
core   0: 3 0x800115a4 (0xff9ff06f)
core   0: 0x8001159c (0x00001f17) auipc   t5, 0x1
core   0: 3 0x8001159c (0x00001f17) x30 0x8001259c
core   0: 0x800115a0 (0xa63f2223) sw      gp, -1436(t5)
core   0: 3 0x800115a0 (0xa63f2223) mem 0x80012000 0x00000001
core   0: 0x800115a4 (0xff9ff06f) j       pc - 0x8
core   0: 3 0x800115a4 (0xff9ff06f)
core   0: 0x8001159c (0x00001f17) auipc   t5, 0x1
core   0: 3 0x8001159c (0x00001f17) x30 0x8001259c
core   0: 0x800115a0 (0xa63f2223) sw      gp, -1436(t5)
core   0: 3 0x800115a0 (0xa63f2223) mem 0x80012000 0x00000001
core   0: 0x800115a4 (0xff9ff06f) j       pc - 0x8
core   0: 3 0x800115a4 (0xff9ff06f)
core   0: 0x8001159c (0x00001f17) auipc   t5, 0x1
core   0: 3 0x8001159c (0x00001f17) x30 0x8001259c
core   0: 0x800115a0 (0xa63f2223) sw      gp, -1436(t5)
core   0: 3 0x800115a0 (0xa63f2223) mem 0x80012000 0x00000001
core   0: 0x800115a4 (0xff9ff06f) j       pc - 0x8
core   0: 3 0x800115a4 (0xff9ff06f)
core   0: 0x8001159c (0x00001f17) auipc   t5, 0x1
core   0: 3 0x8001159c (0x00001f17) x30 0x8001259c
core   0: 0x800115a0 (0xa63f2223) sw      gp, -1436(t5)
core   0: 3 0x800115a0 (0xa63f2223) mem 0x80012000 0x00000001
core   0: 0x800115a4 (0xff9ff06f) j       pc - 0x8
core   0: 3 0x800115a4 (0xff9ff06f)
core   0: 0x8001159c (0x00001f17) auipc   t5, 0x1
core   0: 3 0x8001159c (0x00001f17) x30 0x8001259c
core   0: 0x800115a0 (0xa63f2223) sw      gp, -1436(t5)
core   0: 3 0x800115a0 (0xa63f2223) mem 0x80012000 0x00000001
core   0: 0x800115a4 (0xff9ff06f) j       pc - 0x8
core   0: 3 0x800115a4 (0xff9ff06f)
core   0: 0x8001159c (0x00001f17) auipc   t5, 0x1
core   0: 3 0x8001159c (0x00001f17) x30 0x8001259c
core   0: 0x800115a0 (0xa63f2223) sw      gp, -1436(t5)
core   0: 3 0x800115a0 (0xa63f2223) mem 0x80012000 0x00000001
core   0: 0x800115a4 (0xff9ff06f) j       pc - 0x8
core   0: 3 0x800115a4 (0xff9ff06f)
core   0: 0x8001159c (0x00001f17) auipc   t5, 0x1
core   0: 3 0x8001159c (0x00001f17) x30 0x8001259c
core   0: 0x800115a0 (0xa63f2223) sw      gp, -1436(t5)
core   0: 3 0x800115a0 (0xa63f2223) mem 0x80012000 0x00000001
core   0: 0x800115a4 (0xff9ff06f) j       pc - 0x8
core   0: 3 0x800115a4 (0xff9ff06f)
core   0: 0x8001159c (0x00001f17) auipc   t5, 0x1
core   0: 3 0x8001159c (0x00001f17) x30 0x8001259c
core   0: 0x800115a0 (0xa63f2223) sw      gp, -1436(t5)
core   0: 3 0x800115a0 (0xa63f2223) mem 0x80012000 0x00000001
core   0: 0x800115a4 (0xff9ff06f) j       pc - 0x8
core   0: 3 0x800115a4 (0xff9ff06f)
core   0: 0x8001159c (0x00001f17) auipc   t5, 0x1
core   0: 3 0x8001159c (0x00001f17) x30 0x8001259c
core   0: 0x800115a0 (0xa63f2223) sw      gp, -1436(t5)
core   0: 3 0x800115a0 (0xa63f2223) mem 0x80012000 0x00000001
core   0: 0x800115a4 (0xff9ff06f) j       pc - 0x8
core   0: 3 0x800115a4 (0xff9ff06f)
core   0: 0x8001159c (0x00001f17) auipc   t5, 0x1
core   0: 3 0x8001159c (0x00001f17) x30 0x8001259c
core   0: 0x800115a0 (0xa63f2223) sw      gp, -1436(t5)
core   0: 3 0x800115a0 (0xa63f2223) mem 0x80012000 0x00000001
core   0: 0x800115a4 (0xff9ff06f) j       pc - 0x8
core   0: 3 0x800115a4 (0xff9ff06f)
core   0: 0x8001159c (0x00001f17) auipc   t5, 0x1
core   0: 3 0x8001159c (0x00001f17) x30 0x8001259c
core   0: 0x800115a0 (0xa63f2223) sw      gp, -1436(t5)
core   0: 3 0x800115a0 (0xa63f2223) mem 0x80012000 0x00000001
core   0: 0x800115a4 (0xff9ff06f) j       pc - 0x8
core   0: 3 0x800115a4 (0xff9ff06f)
core   0: 0x8001159c (0x00001f17) auipc   t5, 0x1
core   0: 3 0x8001159c (0x00001f17) x30 0x8001259c
core   0: 0x800115a0 (0xa63f2223) sw      gp, -1436(t5)
core   0: 3 0x800115a0 (0xa63f2223) mem 0x80012000 0x00000001
core   0: 0x800115a4 (0xff9ff06f) j       pc - 0x8
core   0: 3 0x800115a4 (0xff9ff06f)
core   0: 0x8001159c (0x00001f17) auipc   t5, 0x1
core   0: 3 0x8001159c (0x00001f17) x30 0x8001259c
core   0: 0x800115a0 (0xa63f2223) sw      gp, -1436(t5)
core   0: 3 0x800115a0 (0xa63f2223) mem 0x80012000 0x00000001
core   0: 0x800115a4 (0xff9ff06f) j       pc - 0x8
core   0: 3 0x800115a4 (0xff9ff06f)
core   0: 0x8001159c (0x00001f17) auipc   t5, 0x1
core   0: 3 0x8001159c (0x00001f17) x30 0x8001259c
core   0: 0x800115a0 (0xa63f2223) sw      gp, -1436(t5)
core   0: 3 0x800115a0 (0xa63f2223) mem 0x80012000 0x00000001
core   0: 0x800115a4 (0xff9ff06f) j       pc - 0x8
core   0: 3 0x800115a4 (0xff9ff06f)
core   0: 0x8001159c (0x00001f17) auipc   t5, 0x1
core   0: 3 0x8001159c (0x00001f17) x30 0x8001259c
core   0: 0x800115a0 (0xa63f2223) sw      gp, -1436(t5)
core   0: 3 0x800115a0 (0xa63f2223) mem 0x80012000 0x00000001
core   0: 0x800115a4 (0xff9ff06f) j       pc - 0x8
core   0: 3 0x800115a4 (0xff9ff06f)
core   0: 0x8001159c (0x00001f17) auipc   t5, 0x1
core   0: 3 0x8001159c (0x00001f17) x30 0x8001259c
core   0: 0x800115a0 (0xa63f2223) sw      gp, -1436(t5)
core   0: 3 0x800115a0 (0xa63f2223) mem 0x80012000 0x00000001
core   0: 0x800115a4 (0xff9ff06f) j       pc - 0x8
core   0: 3 0x800115a4 (0xff9ff06f)
core   0: 0x8001159c (0x00001f17) auipc   t5, 0x1
core   0: 3 0x8001159c (0x00001f17) x30 0x8001259c
core   0: 0x800115a0 (0xa63f2223) sw      gp, -1436(t5)
core   0: 3 0x800115a0 (0xa63f2223) mem 0x80012000 0x00000001
core   0: 0x800115a4 (0xff9ff06f) j       pc - 0x8
core   0: 3 0x800115a4 (0xff9ff06f)
core   0: 0x8001159c (0x00001f17) auipc   t5, 0x1
core   0: 3 0x8001159c (0x00001f17) x30 0x8001259c
core   0: 0x800115a0 (0xa63f2223) sw      gp, -1436(t5)
core   0: 3 0x800115a0 (0xa63f2223) mem 0x80012000 0x00000001
core   0: 0x800115a4 (0xff9ff06f) j       pc - 0x8
core   0: 3 0x800115a4 (0xff9ff06f)
core   0: 0x8001159c (0x00001f17) auipc   t5, 0x1
core   0: 3 0x8001159c (0x00001f17) x30 0x8001259c
core   0: 0x800115a0 (0xa63f2223) sw      gp, -1436(t5)
core   0: 3 0x800115a0 (0xa63f2223) mem 0x80012000 0x00000001
core   0: 0x800115a4 (0xff9ff06f) j       pc - 0x8
core   0: 3 0x800115a4 (0xff9ff06f)
core   0: 0x8001159c (0x00001f17) auipc   t5, 0x1
core   0: 3 0x8001159c (0x00001f17) x30 0x8001259c
core   0: 0x800115a0 (0xa63f2223) sw      gp, -1436(t5)
core   0: 3 0x800115a0 (0xa63f2223) mem 0x80012000 0x00000001
core   0: 0x800115a4 (0xff9ff06f) j       pc - 0x8
core   0: 3 0x800115a4 (0xff9ff06f)
core   0: 0x8001159c (0x00001f17) auipc   t5, 0x1
core   0: 3 0x8001159c (0x00001f17) x30 0x8001259c
core   0: 0x800115a0 (0xa63f2223) sw      gp, -1436(t5)
core   0: 3 0x800115a0 (0xa63f2223) mem 0x80012000 0x00000001
core   0: 0x800115a4 (0xff9ff06f) j       pc - 0x8
core   0: 3 0x800115a4 (0xff9ff06f)
core   0: 0x8001159c (0x00001f17) auipc   t5, 0x1
core   0: 3 0x8001159c (0x00001f17) x30 0x8001259c
core   0: 0x800115a0 (0xa63f2223) sw      gp, -1436(t5)
core   0: 3 0x800115a0 (0xa63f2223) mem 0x80012000 0x00000001
core   0: 0x800115a4 (0xff9ff06f) j       pc - 0x8
core   0: 3 0x800115a4 (0xff9ff06f)
core   0: 0x8001159c (0x00001f17) auipc   t5, 0x1
core   0: 3 0x8001159c (0x00001f17) x30 0x8001259c
core   0: 0x800115a0 (0xa63f2223) sw      gp, -1436(t5)
core   0: 3 0x800115a0 (0xa63f2223) mem 0x80012000 0x00000001
core   0: 0x800115a4 (0xff9ff06f) j       pc - 0x8
core   0: 3 0x800115a4 (0xff9ff06f)
core   0: 0x8001159c (0x00001f17) auipc   t5, 0x1
core   0: 3 0x8001159c (0x00001f17) x30 0x8001259c
core   0: 0x800115a0 (0xa63f2223) sw      gp, -1436(t5)
core   0: 3 0x800115a0 (0xa63f2223) mem 0x80012000 0x00000001
core   0: 0x800115a4 (0xff9ff06f) j       pc - 0x8
core   0: 3 0x800115a4 (0xff9ff06f)
core   0: 0x8001159c (0x00001f17) auipc   t5, 0x1
core   0: 3 0x8001159c (0x00001f17) x30 0x8001259c
core   0: 0x800115a0 (0xa63f2223) sw      gp, -1436(t5)
core   0: 3 0x800115a0 (0xa63f2223) mem 0x80012000 0x00000001
core   0: 0x800115a4 (0xff9ff06f) j       pc - 0x8
core   0: 3 0x800115a4 (0xff9ff06f)
core   0: 0x8001159c (0x00001f17) auipc   t5, 0x1
core   0: 3 0x8001159c (0x00001f17) x30 0x8001259c
core   0: 0x800115a0 (0xa63f2223) sw      gp, -1436(t5)
core   0: 3 0x800115a0 (0xa63f2223) mem 0x80012000 0x00000001
core   0: 0x800115a4 (0xff9ff06f) j       pc - 0x8
core   0: 3 0x800115a4 (0xff9ff06f)
core   0: 0x8001159c (0x00001f17) auipc   t5, 0x1
core   0: 3 0x8001159c (0x00001f17) x30 0x8001259c
core   0: 0x800115a0 (0xa63f2223) sw      gp, -1436(t5)
core   0: 3 0x800115a0 (0xa63f2223) mem 0x80012000 0x00000001
core   0: 0x800115a4 (0xff9ff06f) j       pc - 0x8
core   0: 3 0x800115a4 (0xff9ff06f)
core   0: 0x8001159c (0x00001f17) auipc   t5, 0x1
core   0: 3 0x8001159c (0x00001f17) x30 0x8001259c
core   0: 0x800115a0 (0xa63f2223) sw      gp, -1436(t5)
core   0: 3 0x800115a0 (0xa63f2223) mem 0x80012000 0x00000001
core   0: 0x800115a4 (0xff9ff06f) j       pc - 0x8
core   0: 3 0x800115a4 (0xff9ff06f)
core   0: 0x8001159c (0x00001f17) auipc   t5, 0x1
core   0: 3 0x8001159c (0x00001f17) x30 0x8001259c
core   0: 0x800115a0 (0xa63f2223) sw      gp, -1436(t5)
core   0: 3 0x800115a0 (0xa63f2223) mem 0x80012000 0x00000001
core   0: 0x800115a4 (0xff9ff06f) j       pc - 0x8
core   0: 3 0x800115a4 (0xff9ff06f)
core   0: 0x8001159c (0x00001f17) auipc   t5, 0x1
core   0: 3 0x8001159c (0x00001f17) x30 0x8001259c
core   0: 0x800115a0 (0xa63f2223) sw      gp, -1436(t5)
core   0: 3 0x800115a0 (0xa63f2223) mem 0x80012000 0x00000001
core   0: 0x800115a4 (0xff9ff06f) j       pc - 0x8
core   0: 3 0x800115a4 (0xff9ff06f)
core   0: 0x8001159c (0x00001f17) auipc   t5, 0x1
core   0: 3 0x8001159c (0x00001f17) x30 0x8001259c
core   0: 0x800115a0 (0xa63f2223) sw      gp, -1436(t5)
core   0: 3 0x800115a0 (0xa63f2223) mem 0x80012000 0x00000001
core   0: 0x800115a4 (0xff9ff06f) j       pc - 0x8
core   0: 3 0x800115a4 (0xff9ff06f)
core   0: 0x8001159c (0x00001f17) auipc   t5, 0x1
core   0: 3 0x8001159c (0x00001f17) x30 0x8001259c
core   0: 0x800115a0 (0xa63f2223) sw      gp, -1436(t5)
core   0: 3 0x800115a0 (0xa63f2223) mem 0x80012000 0x00000001
core   0: 0x800115a4 (0xff9ff06f) j       pc - 0x8
core   0: 3 0x800115a4 (0xff9ff06f)
core   0: 0x8001159c (0x00001f17) auipc   t5, 0x1
core   0: 3 0x8001159c (0x00001f17) x30 0x8001259c
core   0: 0x800115a0 (0xa63f2223) sw      gp, -1436(t5)
core   0: 3 0x800115a0 (0xa63f2223) mem 0x80012000 0x00000001
core   0: 0x800115a4 (0xff9ff06f) j       pc - 0x8
core   0: 3 0x800115a4 (0xff9ff06f)
core   0: 0x8001159c (0x00001f17) auipc   t5, 0x1
core   0: 3 0x8001159c (0x00001f17) x30 0x8001259c
core   0: 0x800115a0 (0xa63f2223) sw      gp, -1436(t5)
core   0: 3 0x800115a0 (0xa63f2223) mem 0x80012000 0x00000001
core   0: 0x800115a4 (0xff9ff06f) j       pc - 0x8
core   0: 3 0x800115a4 (0xff9ff06f)
core   0: 0x8001159c (0x00001f17) auipc   t5, 0x1
core   0: 3 0x8001159c (0x00001f17) x30 0x8001259c
core   0: 0x800115a0 (0xa63f2223) sw      gp, -1436(t5)
core   0: 3 0x800115a0 (0xa63f2223) mem 0x80012000 0x00000001
core   0: 0x800115a4 (0xff9ff06f) j       pc - 0x8
core   0: 3 0x800115a4 (0xff9ff06f)
core   0: 0x8001159c (0x00001f17) auipc   t5, 0x1
core   0: 3 0x8001159c (0x00001f17) x30 0x8001259c
core   0: 0x800115a0 (0xa63f2223) sw      gp, -1436(t5)
core   0: 3 0x800115a0 (0xa63f2223) mem 0x80012000 0x00000001
core   0: 0x800115a4 (0xff9ff06f) j       pc - 0x8
core   0: 3 0x800115a4 (0xff9ff06f)
core   0: 0x8001159c (0x00001f17) auipc   t5, 0x1
core   0: 3 0x8001159c (0x00001f17) x30 0x8001259c
core   0: 0x800115a0 (0xa63f2223) sw      gp, -1436(t5)
core   0: 3 0x800115a0 (0xa63f2223) mem 0x80012000 0x00000001
core   0: 0x800115a4 (0xff9ff06f) j       pc - 0x8
core   0: 3 0x800115a4 (0xff9ff06f)
core   0: 0x8001159c (0x00001f17) auipc   t5, 0x1
core   0: 3 0x8001159c (0x00001f17) x30 0x8001259c
core   0: 0x800115a0 (0xa63f2223) sw      gp, -1436(t5)
core   0: 3 0x800115a0 (0xa63f2223) mem 0x80012000 0x00000001
core   0: 0x800115a4 (0xff9ff06f) j       pc - 0x8
core   0: 3 0x800115a4 (0xff9ff06f)
core   0: 0x8001159c (0x00001f17) auipc   t5, 0x1
core   0: 3 0x8001159c (0x00001f17) x30 0x8001259c
core   0: 0x800115a0 (0xa63f2223) sw      gp, -1436(t5)
core   0: 3 0x800115a0 (0xa63f2223) mem 0x80012000 0x00000001
core   0: 0x800115a4 (0xff9ff06f) j       pc - 0x8
core   0: 3 0x800115a4 (0xff9ff06f)
core   0: 0x8001159c (0x00001f17) auipc   t5, 0x1
core   0: 3 0x8001159c (0x00001f17) x30 0x8001259c
core   0: 0x800115a0 (0xa63f2223) sw      gp, -1436(t5)
core   0: 3 0x800115a0 (0xa63f2223) mem 0x80012000 0x00000001
core   0: 0x800115a4 (0xff9ff06f) j       pc - 0x8
core   0: 3 0x800115a4 (0xff9ff06f)
core   0: 0x8001159c (0x00001f17) auipc   t5, 0x1
core   0: 3 0x8001159c (0x00001f17) x30 0x8001259c
core   0: 0x800115a0 (0xa63f2223) sw      gp, -1436(t5)
core   0: 3 0x800115a0 (0xa63f2223) mem 0x80012000 0x00000001
core   0: 0x800115a4 (0xff9ff06f) j       pc - 0x8
core   0: 3 0x800115a4 (0xff9ff06f)
core   0: 0x8001159c (0x00001f17) auipc   t5, 0x1
core   0: 3 0x8001159c (0x00001f17) x30 0x8001259c
core   0: 0x800115a0 (0xa63f2223) sw      gp, -1436(t5)
core   0: 3 0x800115a0 (0xa63f2223) mem 0x80012000 0x00000001
core   0: 0x800115a4 (0xff9ff06f) j       pc - 0x8
core   0: 3 0x800115a4 (0xff9ff06f)
core   0: 0x8001159c (0x00001f17) auipc   t5, 0x1
core   0: 3 0x8001159c (0x00001f17) x30 0x8001259c
core   0: 0x800115a0 (0xa63f2223) sw      gp, -1436(t5)
core   0: 3 0x800115a0 (0xa63f2223) mem 0x80012000 0x00000001
core   0: 0x800115a4 (0xff9ff06f) j       pc - 0x8
core   0: 3 0x800115a4 (0xff9ff06f)
core   0: 0x8001159c (0x00001f17) auipc   t5, 0x1
core   0: 3 0x8001159c (0x00001f17) x30 0x8001259c
core   0: 0x800115a0 (0xa63f2223) sw      gp, -1436(t5)
core   0: 3 0x800115a0 (0xa63f2223) mem 0x80012000 0x00000001
core   0: 0x800115a4 (0xff9ff06f) j       pc - 0x8
core   0: 3 0x800115a4 (0xff9ff06f)
core   0: 0x8001159c (0x00001f17) auipc   t5, 0x1
core   0: 3 0x8001159c (0x00001f17) x30 0x8001259c
core   0: 0x800115a0 (0xa63f2223) sw      gp, -1436(t5)
core   0: 3 0x800115a0 (0xa63f2223) mem 0x80012000 0x00000001
core   0: 0x800115a4 (0xff9ff06f) j       pc - 0x8
core   0: 3 0x800115a4 (0xff9ff06f)
core   0: 0x8001159c (0x00001f17) auipc   t5, 0x1
core   0: 3 0x8001159c (0x00001f17) x30 0x8001259c
core   0: 0x800115a0 (0xa63f2223) sw      gp, -1436(t5)
core   0: 3 0x800115a0 (0xa63f2223) mem 0x80012000 0x00000001
core   0: 0x800115a4 (0xff9ff06f) j       pc - 0x8
core   0: 3 0x800115a4 (0xff9ff06f)
core   0: 0x8001159c (0x00001f17) auipc   t5, 0x1
core   0: 3 0x8001159c (0x00001f17) x30 0x8001259c
core   0: 0x800115a0 (0xa63f2223) sw      gp, -1436(t5)
core   0: 3 0x800115a0 (0xa63f2223) mem 0x80012000 0x00000001
core   0: 0x800115a4 (0xff9ff06f) j       pc - 0x8
core   0: 3 0x800115a4 (0xff9ff06f)
core   0: 0x8001159c (0x00001f17) auipc   t5, 0x1
core   0: 3 0x8001159c (0x00001f17) x30 0x8001259c
core   0: 0x800115a0 (0xa63f2223) sw      gp, -1436(t5)
core   0: 3 0x800115a0 (0xa63f2223) mem 0x80012000 0x00000001
core   0: 0x800115a4 (0xff9ff06f) j       pc - 0x8
core   0: 3 0x800115a4 (0xff9ff06f)
core   0: 0x8001159c (0x00001f17) auipc   t5, 0x1
core   0: 3 0x8001159c (0x00001f17) x30 0x8001259c
core   0: 0x800115a0 (0xa63f2223) sw      gp, -1436(t5)
core   0: 3 0x800115a0 (0xa63f2223) mem 0x80012000 0x00000001
core   0: 0x800115a4 (0xff9ff06f) j       pc - 0x8
core   0: 3 0x800115a4 (0xff9ff06f)
core   0: 0x8001159c (0x00001f17) auipc   t5, 0x1
core   0: 3 0x8001159c (0x00001f17) x30 0x8001259c
core   0: 0x800115a0 (0xa63f2223) sw      gp, -1436(t5)
core   0: 3 0x800115a0 (0xa63f2223) mem 0x80012000 0x00000001
core   0: 0x800115a4 (0xff9ff06f) j       pc - 0x8
core   0: 3 0x800115a4 (0xff9ff06f)
core   0: 0x8001159c (0x00001f17) auipc   t5, 0x1
core   0: 3 0x8001159c (0x00001f17) x30 0x8001259c
core   0: 0x800115a0 (0xa63f2223) sw      gp, -1436(t5)
core   0: 3 0x800115a0 (0xa63f2223) mem 0x80012000 0x00000001
core   0: 0x800115a4 (0xff9ff06f) j       pc - 0x8
core   0: 3 0x800115a4 (0xff9ff06f)
core   0: 0x8001159c (0x00001f17) auipc   t5, 0x1
core   0: 3 0x8001159c (0x00001f17) x30 0x8001259c
core   0: 0x800115a0 (0xa63f2223) sw      gp, -1436(t5)
core   0: 3 0x800115a0 (0xa63f2223) mem 0x80012000 0x00000001
core   0: 0x800115a4 (0xff9ff06f) j       pc - 0x8
core   0: 3 0x800115a4 (0xff9ff06f)
core   0: 0x8001159c (0x00001f17) auipc   t5, 0x1
core   0: 3 0x8001159c (0x00001f17) x30 0x8001259c
core   0: 0x800115a0 (0xa63f2223) sw      gp, -1436(t5)
core   0: 3 0x800115a0 (0xa63f2223) mem 0x80012000 0x00000001
core   0: 0x800115a4 (0xff9ff06f) j       pc - 0x8
core   0: 3 0x800115a4 (0xff9ff06f)
core   0: 0x8001159c (0x00001f17) auipc   t5, 0x1
core   0: 3 0x8001159c (0x00001f17) x30 0x8001259c
core   0: 0x800115a0 (0xa63f2223) sw      gp, -1436(t5)
core   0: 3 0x800115a0 (0xa63f2223) mem 0x80012000 0x00000001
core   0: 0x800115a4 (0xff9ff06f) j       pc - 0x8
core   0: 3 0x800115a4 (0xff9ff06f)
core   0: 0x8001159c (0x00001f17) auipc   t5, 0x1
core   0: 3 0x8001159c (0x00001f17) x30 0x8001259c
core   0: 0x800115a0 (0xa63f2223) sw      gp, -1436(t5)
core   0: 3 0x800115a0 (0xa63f2223) mem 0x80012000 0x00000001
core   0: 0x800115a4 (0xff9ff06f) j       pc - 0x8
core   0: 3 0x800115a4 (0xff9ff06f)
core   0: 0x8001159c (0x00001f17) auipc   t5, 0x1
core   0: 3 0x8001159c (0x00001f17) x30 0x8001259c
core   0: 0x800115a0 (0xa63f2223) sw      gp, -1436(t5)
core   0: 3 0x800115a0 (0xa63f2223) mem 0x80012000 0x00000001
core   0: 0x800115a4 (0xff9ff06f) j       pc - 0x8
core   0: 3 0x800115a4 (0xff9ff06f)
core   0: 0x8001159c (0x00001f17) auipc   t5, 0x1
core   0: 3 0x8001159c (0x00001f17) x30 0x8001259c
core   0: 0x800115a0 (0xa63f2223) sw      gp, -1436(t5)
core   0: 3 0x800115a0 (0xa63f2223) mem 0x80012000 0x00000001
core   0: 0x800115a4 (0xff9ff06f) j       pc - 0x8
core   0: 3 0x800115a4 (0xff9ff06f)
core   0: 0x8001159c (0x00001f17) auipc   t5, 0x1
core   0: 3 0x8001159c (0x00001f17) x30 0x8001259c
core   0: 0x800115a0 (0xa63f2223) sw      gp, -1436(t5)
core   0: 3 0x800115a0 (0xa63f2223) mem 0x80012000 0x00000001
core   0: 0x800115a4 (0xff9ff06f) j       pc - 0x8
core   0: 3 0x800115a4 (0xff9ff06f)
core   0: 0x8001159c (0x00001f17) auipc   t5, 0x1
core   0: 3 0x8001159c (0x00001f17) x30 0x8001259c
core   0: 0x800115a0 (0xa63f2223) sw      gp, -1436(t5)
core   0: 3 0x800115a0 (0xa63f2223) mem 0x80012000 0x00000001
core   0: 0x800115a4 (0xff9ff06f) j       pc - 0x8
core   0: 3 0x800115a4 (0xff9ff06f)
core   0: 0x8001159c (0x00001f17) auipc   t5, 0x1
core   0: 3 0x8001159c (0x00001f17) x30 0x8001259c
core   0: 0x800115a0 (0xa63f2223) sw      gp, -1436(t5)
core   0: 3 0x800115a0 (0xa63f2223) mem 0x80012000 0x00000001
core   0: 0x800115a4 (0xff9ff06f) j       pc - 0x8
core   0: 3 0x800115a4 (0xff9ff06f)
core   0: 0x8001159c (0x00001f17) auipc   t5, 0x1
core   0: 3 0x8001159c (0x00001f17) x30 0x8001259c
core   0: 0x800115a0 (0xa63f2223) sw      gp, -1436(t5)
core   0: 3 0x800115a0 (0xa63f2223) mem 0x80012000 0x00000001
core   0: 0x800115a4 (0xff9ff06f) j       pc - 0x8
core   0: 3 0x800115a4 (0xff9ff06f)
core   0: 0x8001159c (0x00001f17) auipc   t5, 0x1
core   0: 3 0x8001159c (0x00001f17) x30 0x8001259c
core   0: 0x800115a0 (0xa63f2223) sw      gp, -1436(t5)
core   0: 3 0x800115a0 (0xa63f2223) mem 0x80012000 0x00000001
core   0: 0x800115a4 (0xff9ff06f) j       pc - 0x8
core   0: 3 0x800115a4 (0xff9ff06f)
core   0: 0x8001159c (0x00001f17) auipc   t5, 0x1
core   0: 3 0x8001159c (0x00001f17) x30 0x8001259c
core   0: 0x800115a0 (0xa63f2223) sw      gp, -1436(t5)
core   0: 3 0x800115a0 (0xa63f2223) mem 0x80012000 0x00000001
core   0: 0x800115a4 (0xff9ff06f) j       pc - 0x8
core   0: 3 0x800115a4 (0xff9ff06f)
core   0: 0x8001159c (0x00001f17) auipc   t5, 0x1
core   0: 3 0x8001159c (0x00001f17) x30 0x8001259c
core   0: 0x800115a0 (0xa63f2223) sw      gp, -1436(t5)
core   0: 3 0x800115a0 (0xa63f2223) mem 0x80012000 0x00000001
core   0: 0x800115a4 (0xff9ff06f) j       pc - 0x8
core   0: 3 0x800115a4 (0xff9ff06f)
core   0: 0x8001159c (0x00001f17) auipc   t5, 0x1
core   0: 3 0x8001159c (0x00001f17) x30 0x8001259c
core   0: 0x800115a0 (0xa63f2223) sw      gp, -1436(t5)
core   0: 3 0x800115a0 (0xa63f2223) mem 0x80012000 0x00000001
core   0: 0x800115a4 (0xff9ff06f) j       pc - 0x8
core   0: 3 0x800115a4 (0xff9ff06f)
core   0: 0x8001159c (0x00001f17) auipc   t5, 0x1
core   0: 3 0x8001159c (0x00001f17) x30 0x8001259c
core   0: 0x800115a0 (0xa63f2223) sw      gp, -1436(t5)
core   0: 3 0x800115a0 (0xa63f2223) mem 0x80012000 0x00000001
core   0: 0x800115a4 (0xff9ff06f) j       pc - 0x8
core   0: 3 0x800115a4 (0xff9ff06f)
core   0: 0x8001159c (0x00001f17) auipc   t5, 0x1
core   0: 3 0x8001159c (0x00001f17) x30 0x8001259c
core   0: 0x800115a0 (0xa63f2223) sw      gp, -1436(t5)
core   0: 3 0x800115a0 (0xa63f2223) mem 0x80012000 0x00000001
core   0: 0x800115a4 (0xff9ff06f) j       pc - 0x8
core   0: 3 0x800115a4 (0xff9ff06f)
core   0: 0x8001159c (0x00001f17) auipc   t5, 0x1
core   0: 3 0x8001159c (0x00001f17) x30 0x8001259c
core   0: 0x800115a0 (0xa63f2223) sw      gp, -1436(t5)
core   0: 3 0x800115a0 (0xa63f2223) mem 0x80012000 0x00000001
core   0: 0x800115a4 (0xff9ff06f) j       pc - 0x8
core   0: 3 0x800115a4 (0xff9ff06f)
core   0: 0x8001159c (0x00001f17) auipc   t5, 0x1
core   0: 3 0x8001159c (0x00001f17) x30 0x8001259c
core   0: 0x800115a0 (0xa63f2223) sw      gp, -1436(t5)
core   0: 3 0x800115a0 (0xa63f2223) mem 0x80012000 0x00000001
core   0: 0x800115a4 (0xff9ff06f) j       pc - 0x8
core   0: 3 0x800115a4 (0xff9ff06f)
core   0: 0x8001159c (0x00001f17) auipc   t5, 0x1
core   0: 3 0x8001159c (0x00001f17) x30 0x8001259c
core   0: 0x800115a0 (0xa63f2223) sw      gp, -1436(t5)
core   0: 3 0x800115a0 (0xa63f2223) mem 0x80012000 0x00000001
core   0: 0x800115a4 (0xff9ff06f) j       pc - 0x8
core   0: 3 0x800115a4 (0xff9ff06f)
core   0: 0x8001159c (0x00001f17) auipc   t5, 0x1
core   0: 3 0x8001159c (0x00001f17) x30 0x8001259c
core   0: 0x800115a0 (0xa63f2223) sw      gp, -1436(t5)
core   0: 3 0x800115a0 (0xa63f2223) mem 0x80012000 0x00000001
core   0: 0x800115a4 (0xff9ff06f) j       pc - 0x8
core   0: 3 0x800115a4 (0xff9ff06f)
core   0: 0x8001159c (0x00001f17) auipc   t5, 0x1
core   0: 3 0x8001159c (0x00001f17) x30 0x8001259c
core   0: 0x800115a0 (0xa63f2223) sw      gp, -1436(t5)
core   0: 3 0x800115a0 (0xa63f2223) mem 0x80012000 0x00000001
core   0: 0x800115a4 (0xff9ff06f) j       pc - 0x8
core   0: 3 0x800115a4 (0xff9ff06f)
core   0: 0x8001159c (0x00001f17) auipc   t5, 0x1
core   0: 3 0x8001159c (0x00001f17) x30 0x8001259c
core   0: 0x800115a0 (0xa63f2223) sw      gp, -1436(t5)
core   0: 3 0x800115a0 (0xa63f2223) mem 0x80012000 0x00000001
core   0: 0x800115a4 (0xff9ff06f) j       pc - 0x8
core   0: 3 0x800115a4 (0xff9ff06f)
core   0: 0x8001159c (0x00001f17) auipc   t5, 0x1
core   0: 3 0x8001159c (0x00001f17) x30 0x8001259c
core   0: 0x800115a0 (0xa63f2223) sw      gp, -1436(t5)
core   0: 3 0x800115a0 (0xa63f2223) mem 0x80012000 0x00000001
core   0: 0x800115a4 (0xff9ff06f) j       pc - 0x8
core   0: 3 0x800115a4 (0xff9ff06f)
core   0: 0x8001159c (0x00001f17) auipc   t5, 0x1
core   0: 3 0x8001159c (0x00001f17) x30 0x8001259c
core   0: 0x800115a0 (0xa63f2223) sw      gp, -1436(t5)
core   0: 3 0x800115a0 (0xa63f2223) mem 0x80012000 0x00000001
core   0: 0x800115a4 (0xff9ff06f) j       pc - 0x8
core   0: 3 0x800115a4 (0xff9ff06f)
core   0: 0x8001159c (0x00001f17) auipc   t5, 0x1
core   0: 3 0x8001159c (0x00001f17) x30 0x8001259c
core   0: 0x800115a0 (0xa63f2223) sw      gp, -1436(t5)
core   0: 3 0x800115a0 (0xa63f2223) mem 0x80012000 0x00000001
core   0: 0x800115a4 (0xff9ff06f) j       pc - 0x8
core   0: 3 0x800115a4 (0xff9ff06f)
core   0: 0x8001159c (0x00001f17) auipc   t5, 0x1
core   0: 3 0x8001159c (0x00001f17) x30 0x8001259c
core   0: 0x800115a0 (0xa63f2223) sw      gp, -1436(t5)
core   0: 3 0x800115a0 (0xa63f2223) mem 0x80012000 0x00000001
core   0: 0x800115a4 (0xff9ff06f) j       pc - 0x8
core   0: 3 0x800115a4 (0xff9ff06f)
core   0: 0x8001159c (0x00001f17) auipc   t5, 0x1
core   0: 3 0x8001159c (0x00001f17) x30 0x8001259c
core   0: 0x800115a0 (0xa63f2223) sw      gp, -1436(t5)
core   0: 3 0x800115a0 (0xa63f2223) mem 0x80012000 0x00000001
core   0: 0x800115a4 (0xff9ff06f) j       pc - 0x8
core   0: 3 0x800115a4 (0xff9ff06f)
core   0: 0x8001159c (0x00001f17) auipc   t5, 0x1
core   0: 3 0x8001159c (0x00001f17) x30 0x8001259c
core   0: 0x800115a0 (0xa63f2223) sw      gp, -1436(t5)
core   0: 3 0x800115a0 (0xa63f2223) mem 0x80012000 0x00000001
core   0: 0x800115a4 (0xff9ff06f) j       pc - 0x8
core   0: 3 0x800115a4 (0xff9ff06f)
core   0: 0x8001159c (0x00001f17) auipc   t5, 0x1
core   0: 3 0x8001159c (0x00001f17) x30 0x8001259c
core   0: 0x800115a0 (0xa63f2223) sw      gp, -1436(t5)
core   0: 3 0x800115a0 (0xa63f2223) mem 0x80012000 0x00000001
core   0: 0x800115a4 (0xff9ff06f) j       pc - 0x8
core   0: 3 0x800115a4 (0xff9ff06f)
core   0: 0x8001159c (0x00001f17) auipc   t5, 0x1
core   0: 3 0x8001159c (0x00001f17) x30 0x8001259c
core   0: 0x800115a0 (0xa63f2223) sw      gp, -1436(t5)
core   0: 3 0x800115a0 (0xa63f2223) mem 0x80012000 0x00000001
core   0: 0x800115a4 (0xff9ff06f) j       pc - 0x8
core   0: 3 0x800115a4 (0xff9ff06f)
core   0: 0x8001159c (0x00001f17) auipc   t5, 0x1
core   0: 3 0x8001159c (0x00001f17) x30 0x8001259c
core   0: 0x800115a0 (0xa63f2223) sw      gp, -1436(t5)
core   0: 3 0x800115a0 (0xa63f2223) mem 0x80012000 0x00000001
core   0: 0x800115a4 (0xff9ff06f) j       pc - 0x8
core   0: 3 0x800115a4 (0xff9ff06f)
core   0: 0x8001159c (0x00001f17) auipc   t5, 0x1
core   0: 3 0x8001159c (0x00001f17) x30 0x8001259c
core   0: 0x800115a0 (0xa63f2223) sw      gp, -1436(t5)
core   0: 3 0x800115a0 (0xa63f2223) mem 0x80012000 0x00000001
core   0: 0x800115a4 (0xff9ff06f) j       pc - 0x8
core   0: 3 0x800115a4 (0xff9ff06f)
core   0: 0x8001159c (0x00001f17) auipc   t5, 0x1
core   0: 3 0x8001159c (0x00001f17) x30 0x8001259c
core   0: 0x800115a0 (0xa63f2223) sw      gp, -1436(t5)
core   0: 3 0x800115a0 (0xa63f2223) mem 0x80012000 0x00000001
core   0: 0x800115a4 (0xff9ff06f) j       pc - 0x8
core   0: 3 0x800115a4 (0xff9ff06f)
core   0: 0x8001159c (0x00001f17) auipc   t5, 0x1
core   0: 3 0x8001159c (0x00001f17) x30 0x8001259c
core   0: 0x800115a0 (0xa63f2223) sw      gp, -1436(t5)
core   0: 3 0x800115a0 (0xa63f2223) mem 0x80012000 0x00000001
core   0: 0x800115a4 (0xff9ff06f) j       pc - 0x8
core   0: 3 0x800115a4 (0xff9ff06f)
core   0: 0x8001159c (0x00001f17) auipc   t5, 0x1
core   0: 3 0x8001159c (0x00001f17) x30 0x8001259c
core   0: 0x800115a0 (0xa63f2223) sw      gp, -1436(t5)
core   0: 3 0x800115a0 (0xa63f2223) mem 0x80012000 0x00000001
core   0: 0x800115a4 (0xff9ff06f) j       pc - 0x8
core   0: 3 0x800115a4 (0xff9ff06f)
core   0: 0x8001159c (0x00001f17) auipc   t5, 0x1
core   0: 3 0x8001159c (0x00001f17) x30 0x8001259c
core   0: 0x800115a0 (0xa63f2223) sw      gp, -1436(t5)
core   0: 3 0x800115a0 (0xa63f2223) mem 0x80012000 0x00000001
core   0: 0x800115a4 (0xff9ff06f) j       pc - 0x8
core   0: 3 0x800115a4 (0xff9ff06f)
core   0: 0x8001159c (0x00001f17) auipc   t5, 0x1
core   0: 3 0x8001159c (0x00001f17) x30 0x8001259c
core   0: 0x800115a0 (0xa63f2223) sw      gp, -1436(t5)
core   0: 3 0x800115a0 (0xa63f2223) mem 0x80012000 0x00000001
core   0: 0x800115a4 (0xff9ff06f) j       pc - 0x8
core   0: 3 0x800115a4 (0xff9ff06f)
core   0: 0x8001159c (0x00001f17) auipc   t5, 0x1
core   0: 3 0x8001159c (0x00001f17) x30 0x8001259c
core   0: 0x800115a0 (0xa63f2223) sw      gp, -1436(t5)
core   0: 3 0x800115a0 (0xa63f2223) mem 0x80012000 0x00000001
core   0: 0x800115a4 (0xff9ff06f) j       pc - 0x8
core   0: 3 0x800115a4 (0xff9ff06f)
core   0: 0x8001159c (0x00001f17) auipc   t5, 0x1
core   0: 3 0x8001159c (0x00001f17) x30 0x8001259c
core   0: 0x800115a0 (0xa63f2223) sw      gp, -1436(t5)
core   0: 3 0x800115a0 (0xa63f2223) mem 0x80012000 0x00000001
core   0: 0x800115a4 (0xff9ff06f) j       pc - 0x8
core   0: 3 0x800115a4 (0xff9ff06f)
core   0: 0x8001159c (0x00001f17) auipc   t5, 0x1
core   0: 3 0x8001159c (0x00001f17) x30 0x8001259c
core   0: 0x800115a0 (0xa63f2223) sw      gp, -1436(t5)
core   0: 3 0x800115a0 (0xa63f2223) mem 0x80012000 0x00000001
core   0: 0x800115a4 (0xff9ff06f) j       pc - 0x8
core   0: 3 0x800115a4 (0xff9ff06f)
core   0: 0x8001159c (0x00001f17) auipc   t5, 0x1
core   0: 3 0x8001159c (0x00001f17) x30 0x8001259c
core   0: 0x800115a0 (0xa63f2223) sw      gp, -1436(t5)
core   0: 3 0x800115a0 (0xa63f2223) mem 0x80012000 0x00000001
core   0: 0x800115a4 (0xff9ff06f) j       pc - 0x8
core   0: 3 0x800115a4 (0xff9ff06f)
core   0: 0x8001159c (0x00001f17) auipc   t5, 0x1
core   0: 3 0x8001159c (0x00001f17) x30 0x8001259c
core   0: 0x800115a0 (0xa63f2223) sw      gp, -1436(t5)
core   0: 3 0x800115a0 (0xa63f2223) mem 0x80012000 0x00000001
core   0: 0x800115a4 (0xff9ff06f) j       pc - 0x8
core   0: 3 0x800115a4 (0xff9ff06f)
core   0: 0x8001159c (0x00001f17) auipc   t5, 0x1
core   0: 3 0x8001159c (0x00001f17) x30 0x8001259c
core   0: 0x800115a0 (0xa63f2223) sw      gp, -1436(t5)
core   0: 3 0x800115a0 (0xa63f2223) mem 0x80012000 0x00000001
core   0: 0x800115a4 (0xff9ff06f) j       pc - 0x8
core   0: 3 0x800115a4 (0xff9ff06f)
core   0: 0x8001159c (0x00001f17) auipc   t5, 0x1
core   0: 3 0x8001159c (0x00001f17) x30 0x8001259c
core   0: 0x800115a0 (0xa63f2223) sw      gp, -1436(t5)
core   0: 3 0x800115a0 (0xa63f2223) mem 0x80012000 0x00000001
core   0: 0x800115a4 (0xff9ff06f) j       pc - 0x8
core   0: 3 0x800115a4 (0xff9ff06f)
core   0: 0x8001159c (0x00001f17) auipc   t5, 0x1
core   0: 3 0x8001159c (0x00001f17) x30 0x8001259c
core   0: 0x800115a0 (0xa63f2223) sw      gp, -1436(t5)
core   0: 3 0x800115a0 (0xa63f2223) mem 0x80012000 0x00000001
core   0: 0x800115a4 (0xff9ff06f) j       pc - 0x8
core   0: 3 0x800115a4 (0xff9ff06f)
core   0: 0x8001159c (0x00001f17) auipc   t5, 0x1
core   0: 3 0x8001159c (0x00001f17) x30 0x8001259c
core   0: 0x800115a0 (0xa63f2223) sw      gp, -1436(t5)
core   0: 3 0x800115a0 (0xa63f2223) mem 0x80012000 0x00000001
core   0: 0x800115a4 (0xff9ff06f) j       pc - 0x8
core   0: 3 0x800115a4 (0xff9ff06f)
core   0: 0x8001159c (0x00001f17) auipc   t5, 0x1
core   0: 3 0x8001159c (0x00001f17) x30 0x8001259c
core   0: 0x800115a0 (0xa63f2223) sw      gp, -1436(t5)
core   0: 3 0x800115a0 (0xa63f2223) mem 0x80012000 0x00000001
core   0: 0x800115a4 (0xff9ff06f) j       pc - 0x8
core   0: 3 0x800115a4 (0xff9ff06f)
core   0: 0x8001159c (0x00001f17) auipc   t5, 0x1
core   0: 3 0x8001159c (0x00001f17) x30 0x8001259c
core   0: 0x800115a0 (0xa63f2223) sw      gp, -1436(t5)
core   0: 3 0x800115a0 (0xa63f2223) mem 0x80012000 0x00000001
core   0: 0x800115a4 (0xff9ff06f) j       pc - 0x8
core   0: 3 0x800115a4 (0xff9ff06f)
core   0: 0x8001159c (0x00001f17) auipc   t5, 0x1
core   0: 3 0x8001159c (0x00001f17) x30 0x8001259c
core   0: 0x800115a0 (0xa63f2223) sw      gp, -1436(t5)
core   0: 3 0x800115a0 (0xa63f2223) mem 0x80012000 0x00000001
core   0: 0x800115a4 (0xff9ff06f) j       pc - 0x8
core   0: 3 0x800115a4 (0xff9ff06f)
core   0: 0x8001159c (0x00001f17) auipc   t5, 0x1
core   0: 3 0x8001159c (0x00001f17) x30 0x8001259c
core   0: 0x800115a0 (0xa63f2223) sw      gp, -1436(t5)
core   0: 3 0x800115a0 (0xa63f2223) mem 0x80012000 0x00000001
core   0: 0x800115a4 (0xff9ff06f) j       pc - 0x8
core   0: 3 0x800115a4 (0xff9ff06f)
core   0: 0x8001159c (0x00001f17) auipc   t5, 0x1
core   0: 3 0x8001159c (0x00001f17) x30 0x8001259c
core   0: 0x800115a0 (0xa63f2223) sw      gp, -1436(t5)
core   0: 3 0x800115a0 (0xa63f2223) mem 0x80012000 0x00000001
core   0: 0x800115a4 (0xff9ff06f) j       pc - 0x8
core   0: 3 0x800115a4 (0xff9ff06f)
core   0: 0x8001159c (0x00001f17) auipc   t5, 0x1
core   0: 3 0x8001159c (0x00001f17) x30 0x8001259c
core   0: 0x800115a0 (0xa63f2223) sw      gp, -1436(t5)
core   0: 3 0x800115a0 (0xa63f2223) mem 0x80012000 0x00000001
core   0: 0x800115a4 (0xff9ff06f) j       pc - 0x8
core   0: 3 0x800115a4 (0xff9ff06f)
core   0: 0x8001159c (0x00001f17) auipc   t5, 0x1
core   0: 3 0x8001159c (0x00001f17) x30 0x8001259c
core   0: 0x800115a0 (0xa63f2223) sw      gp, -1436(t5)
core   0: 3 0x800115a0 (0xa63f2223) mem 0x80012000 0x00000001
core   0: 0x800115a4 (0xff9ff06f) j       pc - 0x8
core   0: 3 0x800115a4 (0xff9ff06f)
core   0: 0x8001159c (0x00001f17) auipc   t5, 0x1
core   0: 3 0x8001159c (0x00001f17) x30 0x8001259c
core   0: 0x800115a0 (0xa63f2223) sw      gp, -1436(t5)
core   0: 3 0x800115a0 (0xa63f2223) mem 0x80012000 0x00000001
core   0: 0x800115a4 (0xff9ff06f) j       pc - 0x8
core   0: 3 0x800115a4 (0xff9ff06f)
core   0: 0x8001159c (0x00001f17) auipc   t5, 0x1
core   0: 3 0x8001159c (0x00001f17) x30 0x8001259c
core   0: 0x800115a0 (0xa63f2223) sw      gp, -1436(t5)
core   0: 3 0x800115a0 (0xa63f2223) mem 0x80012000 0x00000001
core   0: 0x800115a4 (0xff9ff06f) j       pc - 0x8
core   0: 3 0x800115a4 (0xff9ff06f)
core   0: 0x8001159c (0x00001f17) auipc   t5, 0x1
core   0: 3 0x8001159c (0x00001f17) x30 0x8001259c
core   0: 0x800115a0 (0xa63f2223) sw      gp, -1436(t5)
core   0: 3 0x800115a0 (0xa63f2223) mem 0x80012000 0x00000001
core   0: 0x800115a4 (0xff9ff06f) j       pc - 0x8
core   0: 3 0x800115a4 (0xff9ff06f)
core   0: 0x8001159c (0x00001f17) auipc   t5, 0x1
core   0: 3 0x8001159c (0x00001f17) x30 0x8001259c
core   0: 0x800115a0 (0xa63f2223) sw      gp, -1436(t5)
core   0: 3 0x800115a0 (0xa63f2223) mem 0x80012000 0x00000001
core   0: 0x800115a4 (0xff9ff06f) j       pc - 0x8
core   0: 3 0x800115a4 (0xff9ff06f)
core   0: 0x8001159c (0x00001f17) auipc   t5, 0x1
core   0: 3 0x8001159c (0x00001f17) x30 0x8001259c
core   0: 0x800115a0 (0xa63f2223) sw      gp, -1436(t5)
core   0: 3 0x800115a0 (0xa63f2223) mem 0x80012000 0x00000001
core   0: 0x800115a4 (0xff9ff06f) j       pc - 0x8
core   0: 3 0x800115a4 (0xff9ff06f)
core   0: 0x8001159c (0x00001f17) auipc   t5, 0x1
core   0: 3 0x8001159c (0x00001f17) x30 0x8001259c
core   0: 0x800115a0 (0xa63f2223) sw      gp, -1436(t5)
core   0: 3 0x800115a0 (0xa63f2223) mem 0x80012000 0x00000001
core   0: 0x800115a4 (0xff9ff06f) j       pc - 0x8
core   0: 3 0x800115a4 (0xff9ff06f)
core   0: 0x8001159c (0x00001f17) auipc   t5, 0x1
core   0: 3 0x8001159c (0x00001f17) x30 0x8001259c
core   0: 0x800115a0 (0xa63f2223) sw      gp, -1436(t5)
core   0: 3 0x800115a0 (0xa63f2223) mem 0x80012000 0x00000001
core   0: 0x800115a4 (0xff9ff06f) j       pc - 0x8
core   0: 3 0x800115a4 (0xff9ff06f)
core   0: 0x8001159c (0x00001f17) auipc   t5, 0x1
core   0: 3 0x8001159c (0x00001f17) x30 0x8001259c
core   0: 0x800115a0 (0xa63f2223) sw      gp, -1436(t5)
core   0: 3 0x800115a0 (0xa63f2223) mem 0x80012000 0x00000001
core   0: 0x800115a4 (0xff9ff06f) j       pc - 0x8
core   0: 3 0x800115a4 (0xff9ff06f)
core   0: 0x8001159c (0x00001f17) auipc   t5, 0x1
core   0: 3 0x8001159c (0x00001f17) x30 0x8001259c
core   0: 0x800115a0 (0xa63f2223) sw      gp, -1436(t5)
core   0: 3 0x800115a0 (0xa63f2223) mem 0x80012000 0x00000001
core   0: 0x800115a4 (0xff9ff06f) j       pc - 0x8
core   0: 3 0x800115a4 (0xff9ff06f)
core   0: 0x8001159c (0x00001f17) auipc   t5, 0x1
core   0: 3 0x8001159c (0x00001f17) x30 0x8001259c
core   0: 0x800115a0 (0xa63f2223) sw      gp, -1436(t5)
core   0: 3 0x800115a0 (0xa63f2223) mem 0x80012000 0x00000001
core   0: 0x800115a4 (0xff9ff06f) j       pc - 0x8
core   0: 3 0x800115a4 (0xff9ff06f)
core   0: 0x8001159c (0x00001f17) auipc   t5, 0x1
core   0: 3 0x8001159c (0x00001f17) x30 0x8001259c
core   0: 0x800115a0 (0xa63f2223) sw      gp, -1436(t5)
core   0: 3 0x800115a0 (0xa63f2223) mem 0x80012000 0x00000001
core   0: 0x800115a4 (0xff9ff06f) j       pc - 0x8
core   0: 3 0x800115a4 (0xff9ff06f)
core   0: 0x8001159c (0x00001f17) auipc   t5, 0x1
core   0: 3 0x8001159c (0x00001f17) x30 0x8001259c
core   0: 0x800115a0 (0xa63f2223) sw      gp, -1436(t5)
core   0: 3 0x800115a0 (0xa63f2223) mem 0x80012000 0x00000001
core   0: 0x800115a4 (0xff9ff06f) j       pc - 0x8
core   0: 3 0x800115a4 (0xff9ff06f)
core   0: 0x8001159c (0x00001f17) auipc   t5, 0x1
core   0: 3 0x8001159c (0x00001f17) x30 0x8001259c
core   0: 0x800115a0 (0xa63f2223) sw      gp, -1436(t5)
core   0: 3 0x800115a0 (0xa63f2223) mem 0x80012000 0x00000001
core   0: 0x800115a4 (0xff9ff06f) j       pc - 0x8
core   0: 3 0x800115a4 (0xff9ff06f)
core   0: 0x8001159c (0x00001f17) auipc   t5, 0x1
core   0: 3 0x8001159c (0x00001f17) x30 0x8001259c
core   0: 0x800115a0 (0xa63f2223) sw      gp, -1436(t5)
core   0: 3 0x800115a0 (0xa63f2223) mem 0x80012000 0x00000001
core   0: 0x800115a4 (0xff9ff06f) j       pc - 0x8
core   0: 3 0x800115a4 (0xff9ff06f)
core   0: 0x8001159c (0x00001f17) auipc   t5, 0x1
core   0: 3 0x8001159c (0x00001f17) x30 0x8001259c
core   0: 0x800115a0 (0xa63f2223) sw      gp, -1436(t5)
core   0: 3 0x800115a0 (0xa63f2223) mem 0x80012000 0x00000001
core   0: 0x800115a4 (0xff9ff06f) j       pc - 0x8
core   0: 3 0x800115a4 (0xff9ff06f)
core   0: 0x8001159c (0x00001f17) auipc   t5, 0x1
core   0: 3 0x8001159c (0x00001f17) x30 0x8001259c
core   0: 0x800115a0 (0xa63f2223) sw      gp, -1436(t5)
core   0: 3 0x800115a0 (0xa63f2223) mem 0x80012000 0x00000001
core   0: 0x800115a4 (0xff9ff06f) j       pc - 0x8
core   0: 3 0x800115a4 (0xff9ff06f)
core   0: 0x8001159c (0x00001f17) auipc   t5, 0x1
core   0: 3 0x8001159c (0x00001f17) x30 0x8001259c
core   0: 0x800115a0 (0xa63f2223) sw      gp, -1436(t5)
core   0: 3 0x800115a0 (0xa63f2223) mem 0x80012000 0x00000001
core   0: 0x800115a4 (0xff9ff06f) j       pc - 0x8
core   0: 3 0x800115a4 (0xff9ff06f)
core   0: 0x8001159c (0x00001f17) auipc   t5, 0x1
core   0: 3 0x8001159c (0x00001f17) x30 0x8001259c
core   0: 0x800115a0 (0xa63f2223) sw      gp, -1436(t5)
core   0: 3 0x800115a0 (0xa63f2223) mem 0x80012000 0x00000001
core   0: 0x800115a4 (0xff9ff06f) j       pc - 0x8
core   0: 3 0x800115a4 (0xff9ff06f)
core   0: 0x8001159c (0x00001f17) auipc   t5, 0x1
core   0: 3 0x8001159c (0x00001f17) x30 0x8001259c
core   0: 0x800115a0 (0xa63f2223) sw      gp, -1436(t5)
core   0: 3 0x800115a0 (0xa63f2223) mem 0x80012000 0x00000001
core   0: 0x800115a4 (0xff9ff06f) j       pc - 0x8
core   0: 3 0x800115a4 (0xff9ff06f)
core   0: 0x8001159c (0x00001f17) auipc   t5, 0x1
core   0: 3 0x8001159c (0x00001f17) x30 0x8001259c
core   0: 0x800115a0 (0xa63f2223) sw      gp, -1436(t5)
core   0: 3 0x800115a0 (0xa63f2223) mem 0x80012000 0x00000001
core   0: 0x800115a4 (0xff9ff06f) j       pc - 0x8
core   0: 3 0x800115a4 (0xff9ff06f)
core   0: 0x8001159c (0x00001f17) auipc   t5, 0x1
core   0: 3 0x8001159c (0x00001f17) x30 0x8001259c
core   0: 0x800115a0 (0xa63f2223) sw      gp, -1436(t5)
core   0: 3 0x800115a0 (0xa63f2223) mem 0x80012000 0x00000001
core   0: 0x800115a4 (0xff9ff06f) j       pc - 0x8
core   0: 3 0x800115a4 (0xff9ff06f)
core   0: 0x8001159c (0x00001f17) auipc   t5, 0x1
core   0: 3 0x8001159c (0x00001f17) x30 0x8001259c
core   0: 0x800115a0 (0xa63f2223) sw      gp, -1436(t5)
core   0: 3 0x800115a0 (0xa63f2223) mem 0x80012000 0x00000001
core   0: 0x800115a4 (0xff9ff06f) j       pc - 0x8
core   0: 3 0x800115a4 (0xff9ff06f)
core   0: 0x8001159c (0x00001f17) auipc   t5, 0x1
core   0: 3 0x8001159c (0x00001f17) x30 0x8001259c
core   0: 0x800115a0 (0xa63f2223) sw      gp, -1436(t5)
core   0: 3 0x800115a0 (0xa63f2223) mem 0x80012000 0x00000001
core   0: 0x800115a4 (0xff9ff06f) j       pc - 0x8
core   0: 3 0x800115a4 (0xff9ff06f)
core   0: 0x8001159c (0x00001f17) auipc   t5, 0x1
core   0: 3 0x8001159c (0x00001f17) x30 0x8001259c
core   0: 0x800115a0 (0xa63f2223) sw      gp, -1436(t5)
core   0: 3 0x800115a0 (0xa63f2223) mem 0x80012000 0x00000001
core   0: 0x800115a4 (0xff9ff06f) j       pc - 0x8
core   0: 3 0x800115a4 (0xff9ff06f)
core   0: 0x8001159c (0x00001f17) auipc   t5, 0x1
core   0: 3 0x8001159c (0x00001f17) x30 0x8001259c
core   0: 0x800115a0 (0xa63f2223) sw      gp, -1436(t5)
core   0: 3 0x800115a0 (0xa63f2223) mem 0x80012000 0x00000001
core   0: 0x800115a4 (0xff9ff06f) j       pc - 0x8
core   0: 3 0x800115a4 (0xff9ff06f)
core   0: 0x8001159c (0x00001f17) auipc   t5, 0x1
core   0: 3 0x8001159c (0x00001f17) x30 0x8001259c
core   0: 0x800115a0 (0xa63f2223) sw      gp, -1436(t5)
core   0: 3 0x800115a0 (0xa63f2223) mem 0x80012000 0x00000001
core   0: 0x800115a4 (0xff9ff06f) j       pc - 0x8
core   0: 3 0x800115a4 (0xff9ff06f)
core   0: 0x8001159c (0x00001f17) auipc   t5, 0x1
core   0: 3 0x8001159c (0x00001f17) x30 0x8001259c
core   0: 0x800115a0 (0xa63f2223) sw      gp, -1436(t5)
core   0: 3 0x800115a0 (0xa63f2223) mem 0x80012000 0x00000001
core   0: 0x800115a4 (0xff9ff06f) j       pc - 0x8
core   0: 3 0x800115a4 (0xff9ff06f)
core   0: 0x8001159c (0x00001f17) auipc   t5, 0x1
core   0: 3 0x8001159c (0x00001f17) x30 0x8001259c
core   0: 0x800115a0 (0xa63f2223) sw      gp, -1436(t5)
core   0: 3 0x800115a0 (0xa63f2223) mem 0x80012000 0x00000001
core   0: 0x800115a4 (0xff9ff06f) j       pc - 0x8
core   0: 3 0x800115a4 (0xff9ff06f)
core   0: 0x8001159c (0x00001f17) auipc   t5, 0x1
core   0: 3 0x8001159c (0x00001f17) x30 0x8001259c
core   0: 0x800115a0 (0xa63f2223) sw      gp, -1436(t5)
core   0: 3 0x800115a0 (0xa63f2223) mem 0x80012000 0x00000001
core   0: 0x800115a4 (0xff9ff06f) j       pc - 0x8
core   0: 3 0x800115a4 (0xff9ff06f)
core   0: 0x8001159c (0x00001f17) auipc   t5, 0x1
core   0: 3 0x8001159c (0x00001f17) x30 0x8001259c
core   0: 0x800115a0 (0xa63f2223) sw      gp, -1436(t5)
core   0: 3 0x800115a0 (0xa63f2223) mem 0x80012000 0x00000001
core   0: 0x800115a4 (0xff9ff06f) j       pc - 0x8
core   0: 3 0x800115a4 (0xff9ff06f)
core   0: 0x8001159c (0x00001f17) auipc   t5, 0x1
core   0: 3 0x8001159c (0x00001f17) x30 0x8001259c
core   0: 0x800115a0 (0xa63f2223) sw      gp, -1436(t5)
core   0: 3 0x800115a0 (0xa63f2223) mem 0x80012000 0x00000001
core   0: 0x800115a4 (0xff9ff06f) j       pc - 0x8
core   0: 3 0x800115a4 (0xff9ff06f)
core   0: 0x8001159c (0x00001f17) auipc   t5, 0x1
core   0: 3 0x8001159c (0x00001f17) x30 0x8001259c
core   0: 0x800115a0 (0xa63f2223) sw      gp, -1436(t5)
core   0: 3 0x800115a0 (0xa63f2223) mem 0x80012000 0x00000001
core   0: 0x800115a4 (0xff9ff06f) j       pc - 0x8
core   0: 3 0x800115a4 (0xff9ff06f)
core   0: 0x8001159c (0x00001f17) auipc   t5, 0x1
core   0: 3 0x8001159c (0x00001f17) x30 0x8001259c
core   0: 0x800115a0 (0xa63f2223) sw      gp, -1436(t5)
core   0: 3 0x800115a0 (0xa63f2223) mem 0x80012000 0x00000001
core   0: 0x800115a4 (0xff9ff06f) j       pc - 0x8
core   0: 3 0x800115a4 (0xff9ff06f)
core   0: 0x8001159c (0x00001f17) auipc   t5, 0x1
core   0: 3 0x8001159c (0x00001f17) x30 0x8001259c
core   0: 0x800115a0 (0xa63f2223) sw      gp, -1436(t5)
core   0: 3 0x800115a0 (0xa63f2223) mem 0x80012000 0x00000001
core   0: 0x800115a4 (0xff9ff06f) j       pc - 0x8
core   0: 3 0x800115a4 (0xff9ff06f)
core   0: 0x8001159c (0x00001f17) auipc   t5, 0x1
core   0: 3 0x8001159c (0x00001f17) x30 0x8001259c
core   0: 0x800115a0 (0xa63f2223) sw      gp, -1436(t5)
core   0: 3 0x800115a0 (0xa63f2223) mem 0x80012000 0x00000001
core   0: 0x800115a4 (0xff9ff06f) j       pc - 0x8
core   0: 3 0x800115a4 (0xff9ff06f)
core   0: 0x8001159c (0x00001f17) auipc   t5, 0x1
core   0: 3 0x8001159c (0x00001f17) x30 0x8001259c
core   0: 0x800115a0 (0xa63f2223) sw      gp, -1436(t5)
core   0: 3 0x800115a0 (0xa63f2223) mem 0x80012000 0x00000001
core   0: 0x800115a4 (0xff9ff06f) j       pc - 0x8
core   0: 3 0x800115a4 (0xff9ff06f)
core   0: 0x8001159c (0x00001f17) auipc   t5, 0x1
core   0: 3 0x8001159c (0x00001f17) x30 0x8001259c
core   0: 0x800115a0 (0xa63f2223) sw      gp, -1436(t5)
core   0: 3 0x800115a0 (0xa63f2223) mem 0x80012000 0x00000001
core   0: 0x800115a4 (0xff9ff06f) j       pc - 0x8
core   0: 3 0x800115a4 (0xff9ff06f)
core   0: 0x8001159c (0x00001f17) auipc   t5, 0x1
core   0: 3 0x8001159c (0x00001f17) x30 0x8001259c
core   0: 0x800115a0 (0xa63f2223) sw      gp, -1436(t5)
core   0: 3 0x800115a0 (0xa63f2223) mem 0x80012000 0x00000001
core   0: 0x800115a4 (0xff9ff06f) j       pc - 0x8
core   0: 3 0x800115a4 (0xff9ff06f)
core   0: 0x8001159c (0x00001f17) auipc   t5, 0x1
core   0: 3 0x8001159c (0x00001f17) x30 0x8001259c
core   0: 0x800115a0 (0xa63f2223) sw      gp, -1436(t5)
core   0: 3 0x800115a0 (0xa63f2223) mem 0x80012000 0x00000001
core   0: 0x800115a4 (0xff9ff06f) j       pc - 0x8
core   0: 3 0x800115a4 (0xff9ff06f)
core   0: 0x8001159c (0x00001f17) auipc   t5, 0x1
core   0: 3 0x8001159c (0x00001f17) x30 0x8001259c
core   0: 0x800115a0 (0xa63f2223) sw      gp, -1436(t5)
core   0: 3 0x800115a0 (0xa63f2223) mem 0x80012000 0x00000001
core   0: 0x800115a4 (0xff9ff06f) j       pc - 0x8
core   0: 3 0x800115a4 (0xff9ff06f)
core   0: 0x8001159c (0x00001f17) auipc   t5, 0x1
core   0: 3 0x8001159c (0x00001f17) x30 0x8001259c
core   0: 0x800115a0 (0xa63f2223) sw      gp, -1436(t5)
core   0: 3 0x800115a0 (0xa63f2223) mem 0x80012000 0x00000001
core   0: 0x800115a4 (0xff9ff06f) j       pc - 0x8
core   0: 3 0x800115a4 (0xff9ff06f)
core   0: 0x8001159c (0x00001f17) auipc   t5, 0x1
core   0: 3 0x8001159c (0x00001f17) x30 0x8001259c
core   0: 0x800115a0 (0xa63f2223) sw      gp, -1436(t5)
core   0: 3 0x800115a0 (0xa63f2223) mem 0x80012000 0x00000001
core   0: 0x800115a4 (0xff9ff06f) j       pc - 0x8
core   0: 3 0x800115a4 (0xff9ff06f)
core   0: 0x8001159c (0x00001f17) auipc   t5, 0x1
core   0: 3 0x8001159c (0x00001f17) x30 0x8001259c
core   0: 0x800115a0 (0xa63f2223) sw      gp, -1436(t5)
core   0: 3 0x800115a0 (0xa63f2223) mem 0x80012000 0x00000001
core   0: 0x800115a4 (0xff9ff06f) j       pc - 0x8
core   0: 3 0x800115a4 (0xff9ff06f)
core   0: 0x8001159c (0x00001f17) auipc   t5, 0x1
core   0: 3 0x8001159c (0x00001f17) x30 0x8001259c
core   0: 0x800115a0 (0xa63f2223) sw      gp, -1436(t5)
core   0: 3 0x800115a0 (0xa63f2223) mem 0x80012000 0x00000001
core   0: 0x800115a4 (0xff9ff06f) j       pc - 0x8
core   0: 3 0x800115a4 (0xff9ff06f)
core   0: 0x8001159c (0x00001f17) auipc   t5, 0x1
core   0: 3 0x8001159c (0x00001f17) x30 0x8001259c
core   0: 0x800115a0 (0xa63f2223) sw      gp, -1436(t5)
core   0: 3 0x800115a0 (0xa63f2223) mem 0x80012000 0x00000001
core   0: 0x800115a4 (0xff9ff06f) j       pc - 0x8
core   0: 3 0x800115a4 (0xff9ff06f)
core   0: 0x8001159c (0x00001f17) auipc   t5, 0x1
core   0: 3 0x8001159c (0x00001f17) x30 0x8001259c
core   0: 0x800115a0 (0xa63f2223) sw      gp, -1436(t5)
core   0: 3 0x800115a0 (0xa63f2223) mem 0x80012000 0x00000001
core   0: 0x800115a4 (0xff9ff06f) j       pc - 0x8
core   0: 3 0x800115a4 (0xff9ff06f)
core   0: 0x8001159c (0x00001f17) auipc   t5, 0x1
core   0: 3 0x8001159c (0x00001f17) x30 0x8001259c
core   0: 0x800115a0 (0xa63f2223) sw      gp, -1436(t5)
core   0: 3 0x800115a0 (0xa63f2223) mem 0x80012000 0x00000001
core   0: 0x800115a4 (0xff9ff06f) j       pc - 0x8
core   0: 3 0x800115a4 (0xff9ff06f)
core   0: 0x8001159c (0x00001f17) auipc   t5, 0x1
core   0: 3 0x8001159c (0x00001f17) x30 0x8001259c
core   0: 0x800115a0 (0xa63f2223) sw      gp, -1436(t5)
core   0: 3 0x800115a0 (0xa63f2223) mem 0x80012000 0x00000001
core   0: 0x800115a4 (0xff9ff06f) j       pc - 0x8
core   0: 3 0x800115a4 (0xff9ff06f)
core   0: 0x8001159c (0x00001f17) auipc   t5, 0x1
core   0: 3 0x8001159c (0x00001f17) x30 0x8001259c
core   0: 0x800115a0 (0xa63f2223) sw      gp, -1436(t5)
core   0: 3 0x800115a0 (0xa63f2223) mem 0x80012000 0x00000001
core   0: 0x800115a4 (0xff9ff06f) j       pc - 0x8
core   0: 3 0x800115a4 (0xff9ff06f)
core   0: 0x8001159c (0x00001f17) auipc   t5, 0x1
core   0: 3 0x8001159c (0x00001f17) x30 0x8001259c
core   0: 0x800115a0 (0xa63f2223) sw      gp, -1436(t5)
core   0: 3 0x800115a0 (0xa63f2223) mem 0x80012000 0x00000001
core   0: 0x800115a4 (0xff9ff06f) j       pc - 0x8
core   0: 3 0x800115a4 (0xff9ff06f)
core   0: 0x8001159c (0x00001f17) auipc   t5, 0x1
core   0: 3 0x8001159c (0x00001f17) x30 0x8001259c
core   0: 0x800115a0 (0xa63f2223) sw      gp, -1436(t5)
core   0: 3 0x800115a0 (0xa63f2223) mem 0x80012000 0x00000001
core   0: 0x800115a4 (0xff9ff06f) j       pc - 0x8
core   0: 3 0x800115a4 (0xff9ff06f)
core   0: 0x8001159c (0x00001f17) auipc   t5, 0x1
core   0: 3 0x8001159c (0x00001f17) x30 0x8001259c
core   0: 0x800115a0 (0xa63f2223) sw      gp, -1436(t5)
core   0: 3 0x800115a0 (0xa63f2223) mem 0x80012000 0x00000001
core   0: 0x800115a4 (0xff9ff06f) j       pc - 0x8
core   0: 3 0x800115a4 (0xff9ff06f)
core   0: 0x8001159c (0x00001f17) auipc   t5, 0x1
core   0: 3 0x8001159c (0x00001f17) x30 0x8001259c
core   0: 0x800115a0 (0xa63f2223) sw      gp, -1436(t5)
core   0: 3 0x800115a0 (0xa63f2223) mem 0x80012000 0x00000001
core   0: 0x800115a4 (0xff9ff06f) j       pc - 0x8
core   0: 3 0x800115a4 (0xff9ff06f)
core   0: 0x8001159c (0x00001f17) auipc   t5, 0x1
core   0: 3 0x8001159c (0x00001f17) x30 0x8001259c
core   0: 0x800115a0 (0xa63f2223) sw      gp, -1436(t5)
core   0: 3 0x800115a0 (0xa63f2223) mem 0x80012000 0x00000001
core   0: 0x800115a4 (0xff9ff06f) j       pc - 0x8
core   0: 3 0x800115a4 (0xff9ff06f)
core   0: 0x8001159c (0x00001f17) auipc   t5, 0x1
core   0: 3 0x8001159c (0x00001f17) x30 0x8001259c
core   0: 0x800115a0 (0xa63f2223) sw      gp, -1436(t5)
core   0: 3 0x800115a0 (0xa63f2223) mem 0x80012000 0x00000001
core   0: 0x800115a4 (0xff9ff06f) j       pc - 0x8
core   0: 3 0x800115a4 (0xff9ff06f)
core   0: 0x8001159c (0x00001f17) auipc   t5, 0x1
core   0: 3 0x8001159c (0x00001f17) x30 0x8001259c
core   0: 0x800115a0 (0xa63f2223) sw      gp, -1436(t5)
core   0: 3 0x800115a0 (0xa63f2223) mem 0x80012000 0x00000001
core   0: 0x800115a4 (0xff9ff06f) j       pc - 0x8
core   0: 3 0x800115a4 (0xff9ff06f)
core   0: 0x8001159c (0x00001f17) auipc   t5, 0x1
core   0: 3 0x8001159c (0x00001f17) x30 0x8001259c
core   0: 0x800115a0 (0xa63f2223) sw      gp, -1436(t5)
core   0: 3 0x800115a0 (0xa63f2223) mem 0x80012000 0x00000001
core   0: 0x800115a4 (0xff9ff06f) j       pc - 0x8
core   0: 3 0x800115a4 (0xff9ff06f)
core   0: 0x8001159c (0x00001f17) auipc   t5, 0x1
core   0: 3 0x8001159c (0x00001f17) x30 0x8001259c
core   0: 0x800115a0 (0xa63f2223) sw      gp, -1436(t5)
core   0: 3 0x800115a0 (0xa63f2223) mem 0x80012000 0x00000001
core   0: 0x800115a4 (0xff9ff06f) j       pc - 0x8
core   0: 3 0x800115a4 (0xff9ff06f)
core   0: 0x8001159c (0x00001f17) auipc   t5, 0x1
core   0: 3 0x8001159c (0x00001f17) x30 0x8001259c
core   0: 0x800115a0 (0xa63f2223) sw      gp, -1436(t5)
core   0: 3 0x800115a0 (0xa63f2223) mem 0x80012000 0x00000001
core   0: 0x800115a4 (0xff9ff06f) j       pc - 0x8
core   0: 3 0x800115a4 (0xff9ff06f)
core   0: 0x8001159c (0x00001f17) auipc   t5, 0x1
core   0: 3 0x8001159c (0x00001f17) x30 0x8001259c
core   0: 0x800115a0 (0xa63f2223) sw      gp, -1436(t5)
core   0: 3 0x800115a0 (0xa63f2223) mem 0x80012000 0x00000001
core   0: 0x800115a4 (0xff9ff06f) j       pc - 0x8
core   0: 3 0x800115a4 (0xff9ff06f)
core   0: 0x8001159c (0x00001f17) auipc   t5, 0x1
core   0: 3 0x8001159c (0x00001f17) x30 0x8001259c
core   0: 0x800115a0 (0xa63f2223) sw      gp, -1436(t5)
core   0: 3 0x800115a0 (0xa63f2223) mem 0x80012000 0x00000001
core   0: 0x800115a4 (0xff9ff06f) j       pc - 0x8
core   0: 3 0x800115a4 (0xff9ff06f)
core   0: 0x8001159c (0x00001f17) auipc   t5, 0x1
core   0: 3 0x8001159c (0x00001f17) x30 0x8001259c
core   0: 0x800115a0 (0xa63f2223) sw      gp, -1436(t5)
core   0: 3 0x800115a0 (0xa63f2223) mem 0x80012000 0x00000001
core   0: 0x800115a4 (0xff9ff06f) j       pc - 0x8
core   0: 3 0x800115a4 (0xff9ff06f)
core   0: 0x8001159c (0x00001f17) auipc   t5, 0x1
core   0: 3 0x8001159c (0x00001f17) x30 0x8001259c
core   0: 0x800115a0 (0xa63f2223) sw      gp, -1436(t5)
core   0: 3 0x800115a0 (0xa63f2223) mem 0x80012000 0x00000001
core   0: 0x800115a4 (0xff9ff06f) j       pc - 0x8
core   0: 3 0x800115a4 (0xff9ff06f)
core   0: 0x8001159c (0x00001f17) auipc   t5, 0x1
core   0: 3 0x8001159c (0x00001f17) x30 0x8001259c
core   0: 0x800115a0 (0xa63f2223) sw      gp, -1436(t5)
core   0: 3 0x800115a0 (0xa63f2223) mem 0x80012000 0x00000001
core   0: 0x800115a4 (0xff9ff06f) j       pc - 0x8
core   0: 3 0x800115a4 (0xff9ff06f)
core   0: 0x8001159c (0x00001f17) auipc   t5, 0x1
core   0: 3 0x8001159c (0x00001f17) x30 0x8001259c
core   0: 0x800115a0 (0xa63f2223) sw      gp, -1436(t5)
core   0: 3 0x800115a0 (0xa63f2223) mem 0x80012000 0x00000001
core   0: 0x800115a4 (0xff9ff06f) j       pc - 0x8
core   0: 3 0x800115a4 (0xff9ff06f)
core   0: 0x8001159c (0x00001f17) auipc   t5, 0x1
core   0: 3 0x8001159c (0x00001f17) x30 0x8001259c
core   0: 0x800115a0 (0xa63f2223) sw      gp, -1436(t5)
core   0: 3 0x800115a0 (0xa63f2223) mem 0x80012000 0x00000001
core   0: 0x800115a4 (0xff9ff06f) j       pc - 0x8
core   0: 3 0x800115a4 (0xff9ff06f)
core   0: 0x8001159c (0x00001f17) auipc   t5, 0x1
core   0: 3 0x8001159c (0x00001f17) x30 0x8001259c
core   0: 0x800115a0 (0xa63f2223) sw      gp, -1436(t5)
core   0: 3 0x800115a0 (0xa63f2223) mem 0x80012000 0x00000001
core   0: 0x800115a4 (0xff9ff06f) j       pc - 0x8
core   0: 3 0x800115a4 (0xff9ff06f)
core   0: 0x8001159c (0x00001f17) auipc   t5, 0x1
core   0: 3 0x8001159c (0x00001f17) x30 0x8001259c
core   0: 0x800115a0 (0xa63f2223) sw      gp, -1436(t5)
core   0: 3 0x800115a0 (0xa63f2223) mem 0x80012000 0x00000001
core   0: 0x800115a4 (0xff9ff06f) j       pc - 0x8
core   0: 3 0x800115a4 (0xff9ff06f)
core   0: 0x8001159c (0x00001f17) auipc   t5, 0x1
core   0: 3 0x8001159c (0x00001f17) x30 0x8001259c
core   0: 0x800115a0 (0xa63f2223) sw      gp, -1436(t5)
core   0: 3 0x800115a0 (0xa63f2223) mem 0x80012000 0x00000001
core   0: 0x800115a4 (0xff9ff06f) j       pc - 0x8
core   0: 3 0x800115a4 (0xff9ff06f)
core   0: 0x8001159c (0x00001f17) auipc   t5, 0x1
core   0: 3 0x8001159c (0x00001f17) x30 0x8001259c
core   0: 0x800115a0 (0xa63f2223) sw      gp, -1436(t5)
core   0: 3 0x800115a0 (0xa63f2223) mem 0x80012000 0x00000001
core   0: 0x800115a4 (0xff9ff06f) j       pc - 0x8
core   0: 3 0x800115a4 (0xff9ff06f)
core   0: 0x8001159c (0x00001f17) auipc   t5, 0x1
core   0: 3 0x8001159c (0x00001f17) x30 0x8001259c
core   0: 0x800115a0 (0xa63f2223) sw      gp, -1436(t5)
core   0: 3 0x800115a0 (0xa63f2223) mem 0x80012000 0x00000001
core   0: 0x800115a4 (0xff9ff06f) j       pc - 0x8
core   0: 3 0x800115a4 (0xff9ff06f)
core   0: 0x8001159c (0x00001f17) auipc   t5, 0x1
core   0: 3 0x8001159c (0x00001f17) x30 0x8001259c
core   0: 0x800115a0 (0xa63f2223) sw      gp, -1436(t5)
core   0: 3 0x800115a0 (0xa63f2223) mem 0x80012000 0x00000001
core   0: 0x800115a4 (0xff9ff06f) j       pc - 0x8
core   0: 3 0x800115a4 (0xff9ff06f)
core   0: 0x8001159c (0x00001f17) auipc   t5, 0x1
core   0: 3 0x8001159c (0x00001f17) x30 0x8001259c
core   0: 0x800115a0 (0xa63f2223) sw      gp, -1436(t5)
core   0: 3 0x800115a0 (0xa63f2223) mem 0x80012000 0x00000001
core   0: 0x800115a4 (0xff9ff06f) j       pc - 0x8
core   0: 3 0x800115a4 (0xff9ff06f)
core   0: 0x8001159c (0x00001f17) auipc   t5, 0x1
core   0: 3 0x8001159c (0x00001f17) x30 0x8001259c
core   0: 0x800115a0 (0xa63f2223) sw      gp, -1436(t5)
core   0: 3 0x800115a0 (0xa63f2223) mem 0x80012000 0x00000001
core   0: 0x800115a4 (0xff9ff06f) j       pc - 0x8
core   0: 3 0x800115a4 (0xff9ff06f)
core   0: 0x8001159c (0x00001f17) auipc   t5, 0x1
core   0: 3 0x8001159c (0x00001f17) x30 0x8001259c
core   0: 0x800115a0 (0xa63f2223) sw      gp, -1436(t5)
core   0: 3 0x800115a0 (0xa63f2223) mem 0x80012000 0x00000001
core   0: 0x800115a4 (0xff9ff06f) j       pc - 0x8
core   0: 3 0x800115a4 (0xff9ff06f)
core   0: 0x8001159c (0x00001f17) auipc   t5, 0x1
core   0: 3 0x8001159c (0x00001f17) x30 0x8001259c
core   0: 0x800115a0 (0xa63f2223) sw      gp, -1436(t5)
core   0: 3 0x800115a0 (0xa63f2223) mem 0x80012000 0x00000001
core   0: 0x800115a4 (0xff9ff06f) j       pc - 0x8
core   0: 3 0x800115a4 (0xff9ff06f)
core   0: 0x8001159c (0x00001f17) auipc   t5, 0x1
core   0: 3 0x8001159c (0x00001f17) x30 0x8001259c
core   0: 0x800115a0 (0xa63f2223) sw      gp, -1436(t5)
core   0: 3 0x800115a0 (0xa63f2223) mem 0x80012000 0x00000001
core   0: 0x800115a4 (0xff9ff06f) j       pc - 0x8
core   0: 3 0x800115a4 (0xff9ff06f)
core   0: 0x8001159c (0x00001f17) auipc   t5, 0x1
core   0: 3 0x8001159c (0x00001f17) x30 0x8001259c
core   0: 0x800115a0 (0xa63f2223) sw      gp, -1436(t5)
core   0: 3 0x800115a0 (0xa63f2223) mem 0x80012000 0x00000001
core   0: 0x800115a4 (0xff9ff06f) j       pc - 0x8
core   0: 3 0x800115a4 (0xff9ff06f)
core   0: 0x8001159c (0x00001f17) auipc   t5, 0x1
core   0: 3 0x8001159c (0x00001f17) x30 0x8001259c
core   0: 0x800115a0 (0xa63f2223) sw      gp, -1436(t5)
core   0: 3 0x800115a0 (0xa63f2223) mem 0x80012000 0x00000001
core   0: 0x800115a4 (0xff9ff06f) j       pc - 0x8
core   0: 3 0x800115a4 (0xff9ff06f)
core   0: 0x8001159c (0x00001f17) auipc   t5, 0x1
core   0: 3 0x8001159c (0x00001f17) x30 0x8001259c
core   0: 0x800115a0 (0xa63f2223) sw      gp, -1436(t5)
core   0: 3 0x800115a0 (0xa63f2223) mem 0x80012000 0x00000001
core   0: 0x800115a4 (0xff9ff06f) j       pc - 0x8
core   0: 3 0x800115a4 (0xff9ff06f)
core   0: 0x8001159c (0x00001f17) auipc   t5, 0x1
core   0: 3 0x8001159c (0x00001f17) x30 0x8001259c
core   0: 0x800115a0 (0xa63f2223) sw      gp, -1436(t5)
core   0: 3 0x800115a0 (0xa63f2223) mem 0x80012000 0x00000001
core   0: 0x800115a4 (0xff9ff06f) j       pc - 0x8
core   0: 3 0x800115a4 (0xff9ff06f)
core   0: 0x8001159c (0x00001f17) auipc   t5, 0x1
core   0: 3 0x8001159c (0x00001f17) x30 0x8001259c
core   0: 0x800115a0 (0xa63f2223) sw      gp, -1436(t5)
core   0: 3 0x800115a0 (0xa63f2223) mem 0x80012000 0x00000001
core   0: 0x800115a4 (0xff9ff06f) j       pc - 0x8
core   0: 3 0x800115a4 (0xff9ff06f)
core   0: 0x8001159c (0x00001f17) auipc   t5, 0x1
core   0: 3 0x8001159c (0x00001f17) x30 0x8001259c
core   0: 0x800115a0 (0xa63f2223) sw      gp, -1436(t5)
core   0: 3 0x800115a0 (0xa63f2223) mem 0x80012000 0x00000001
core   0: 0x800115a4 (0xff9ff06f) j       pc - 0x8
core   0: 3 0x800115a4 (0xff9ff06f)
core   0: 0x8001159c (0x00001f17) auipc   t5, 0x1
core   0: 3 0x8001159c (0x00001f17) x30 0x8001259c
core   0: 0x800115a0 (0xa63f2223) sw      gp, -1436(t5)
core   0: 3 0x800115a0 (0xa63f2223) mem 0x80012000 0x00000001
core   0: 0x800115a4 (0xff9ff06f) j       pc - 0x8
core   0: 3 0x800115a4 (0xff9ff06f)
core   0: 0x8001159c (0x00001f17) auipc   t5, 0x1
core   0: 3 0x8001159c (0x00001f17) x30 0x8001259c
core   0: 0x800115a0 (0xa63f2223) sw      gp, -1436(t5)
core   0: 3 0x800115a0 (0xa63f2223) mem 0x80012000 0x00000001
core   0: 0x800115a4 (0xff9ff06f) j       pc - 0x8
core   0: 3 0x800115a4 (0xff9ff06f)
core   0: 0x8001159c (0x00001f17) auipc   t5, 0x1
core   0: 3 0x8001159c (0x00001f17) x30 0x8001259c
core   0: 0x800115a0 (0xa63f2223) sw      gp, -1436(t5)
core   0: 3 0x800115a0 (0xa63f2223) mem 0x80012000 0x00000001
core   0: 0x800115a4 (0xff9ff06f) j       pc - 0x8
core   0: 3 0x800115a4 (0xff9ff06f)
core   0: 0x8001159c (0x00001f17) auipc   t5, 0x1
core   0: 3 0x8001159c (0x00001f17) x30 0x8001259c
core   0: 0x800115a0 (0xa63f2223) sw      gp, -1436(t5)
core   0: 3 0x800115a0 (0xa63f2223) mem 0x80012000 0x00000001
core   0: 0x800115a4 (0xff9ff06f) j       pc - 0x8
core   0: 3 0x800115a4 (0xff9ff06f)
core   0: 0x8001159c (0x00001f17) auipc   t5, 0x1
core   0: 3 0x8001159c (0x00001f17) x30 0x8001259c
core   0: 0x800115a0 (0xa63f2223) sw      gp, -1436(t5)
core   0: 3 0x800115a0 (0xa63f2223) mem 0x80012000 0x00000001
core   0: 0x800115a4 (0xff9ff06f) j       pc - 0x8
core   0: 3 0x800115a4 (0xff9ff06f)
core   0: 0x8001159c (0x00001f17) auipc   t5, 0x1
core   0: 3 0x8001159c (0x00001f17) x30 0x8001259c
core   0: 0x800115a0 (0xa63f2223) sw      gp, -1436(t5)
core   0: 3 0x800115a0 (0xa63f2223) mem 0x80012000 0x00000001
core   0: 0x800115a4 (0xff9ff06f) j       pc - 0x8
core   0: 3 0x800115a4 (0xff9ff06f)
core   0: 0x8001159c (0x00001f17) auipc   t5, 0x1
core   0: 3 0x8001159c (0x00001f17) x30 0x8001259c
core   0: 0x800115a0 (0xa63f2223) sw      gp, -1436(t5)
core   0: 3 0x800115a0 (0xa63f2223) mem 0x80012000 0x00000001
core   0: 0x800115a4 (0xff9ff06f) j       pc - 0x8
core   0: 3 0x800115a4 (0xff9ff06f)
core   0: 0x8001159c (0x00001f17) auipc   t5, 0x1
core   0: 3 0x8001159c (0x00001f17) x30 0x8001259c
core   0: 0x800115a0 (0xa63f2223) sw      gp, -1436(t5)
core   0: 3 0x800115a0 (0xa63f2223) mem 0x80012000 0x00000001
core   0: 0x800115a4 (0xff9ff06f) j       pc - 0x8
core   0: 3 0x800115a4 (0xff9ff06f)
core   0: 0x8001159c (0x00001f17) auipc   t5, 0x1
core   0: 3 0x8001159c (0x00001f17) x30 0x8001259c
core   0: 0x800115a0 (0xa63f2223) sw      gp, -1436(t5)
core   0: 3 0x800115a0 (0xa63f2223) mem 0x80012000 0x00000001
core   0: 0x800115a4 (0xff9ff06f) j       pc - 0x8
core   0: 3 0x800115a4 (0xff9ff06f)
core   0: 0x8001159c (0x00001f17) auipc   t5, 0x1
core   0: 3 0x8001159c (0x00001f17) x30 0x8001259c
core   0: 0x800115a0 (0xa63f2223) sw      gp, -1436(t5)
core   0: 3 0x800115a0 (0xa63f2223) mem 0x80012000 0x00000001
core   0: 0x800115a4 (0xff9ff06f) j       pc - 0x8
core   0: 3 0x800115a4 (0xff9ff06f)
core   0: 0x8001159c (0x00001f17) auipc   t5, 0x1
core   0: 3 0x8001159c (0x00001f17) x30 0x8001259c
core   0: 0x800115a0 (0xa63f2223) sw      gp, -1436(t5)
core   0: 3 0x800115a0 (0xa63f2223) mem 0x80012000 0x00000001
core   0: 0x800115a4 (0xff9ff06f) j       pc - 0x8
core   0: 3 0x800115a4 (0xff9ff06f)
core   0: 0x8001159c (0x00001f17) auipc   t5, 0x1
core   0: 3 0x8001159c (0x00001f17) x30 0x8001259c
core   0: 0x800115a0 (0xa63f2223) sw      gp, -1436(t5)
core   0: 3 0x800115a0 (0xa63f2223) mem 0x80012000 0x00000001
core   0: 0x800115a4 (0xff9ff06f) j       pc - 0x8
core   0: 3 0x800115a4 (0xff9ff06f)
core   0: 0x8001159c (0x00001f17) auipc   t5, 0x1
core   0: 3 0x8001159c (0x00001f17) x30 0x8001259c
core   0: 0x800115a0 (0xa63f2223) sw      gp, -1436(t5)
core   0: 3 0x800115a0 (0xa63f2223) mem 0x80012000 0x00000001
core   0: 0x800115a4 (0xff9ff06f) j       pc - 0x8
core   0: 3 0x800115a4 (0xff9ff06f)
core   0: 0x8001159c (0x00001f17) auipc   t5, 0x1
core   0: 3 0x8001159c (0x00001f17) x30 0x8001259c
core   0: 0x800115a0 (0xa63f2223) sw      gp, -1436(t5)
core   0: 3 0x800115a0 (0xa63f2223) mem 0x80012000 0x00000001
core   0: 0x800115a4 (0xff9ff06f) j       pc - 0x8
core   0: 3 0x800115a4 (0xff9ff06f)
core   0: 0x8001159c (0x00001f17) auipc   t5, 0x1
core   0: 3 0x8001159c (0x00001f17) x30 0x8001259c
core   0: 0x800115a0 (0xa63f2223) sw      gp, -1436(t5)
core   0: 3 0x800115a0 (0xa63f2223) mem 0x80012000 0x00000001
core   0: 0x800115a4 (0xff9ff06f) j       pc - 0x8
core   0: 3 0x800115a4 (0xff9ff06f)
core   0: 0x8001159c (0x00001f17) auipc   t5, 0x1
core   0: 3 0x8001159c (0x00001f17) x30 0x8001259c
core   0: 0x800115a0 (0xa63f2223) sw      gp, -1436(t5)
core   0: 3 0x800115a0 (0xa63f2223) mem 0x80012000 0x00000001
core   0: 0x800115a4 (0xff9ff06f) j       pc - 0x8
core   0: 3 0x800115a4 (0xff9ff06f)
core   0: 0x8001159c (0x00001f17) auipc   t5, 0x1
core   0: 3 0x8001159c (0x00001f17) x30 0x8001259c
core   0: 0x800115a0 (0xa63f2223) sw      gp, -1436(t5)
core   0: 3 0x800115a0 (0xa63f2223) mem 0x80012000 0x00000001
core   0: 0x800115a4 (0xff9ff06f) j       pc - 0x8
core   0: 3 0x800115a4 (0xff9ff06f)
core   0: 0x8001159c (0x00001f17) auipc   t5, 0x1
core   0: 3 0x8001159c (0x00001f17) x30 0x8001259c
core   0: 0x800115a0 (0xa63f2223) sw      gp, -1436(t5)
core   0: 3 0x800115a0 (0xa63f2223) mem 0x80012000 0x00000001
core   0: 0x800115a4 (0xff9ff06f) j       pc - 0x8
core   0: 3 0x800115a4 (0xff9ff06f)
core   0: 0x8001159c (0x00001f17) auipc   t5, 0x1
core   0: 3 0x8001159c (0x00001f17) x30 0x8001259c
core   0: 0x800115a0 (0xa63f2223) sw      gp, -1436(t5)
core   0: 3 0x800115a0 (0xa63f2223) mem 0x80012000 0x00000001
core   0: 0x800115a4 (0xff9ff06f) j       pc - 0x8
core   0: 3 0x800115a4 (0xff9ff06f)
core   0: 0x8001159c (0x00001f17) auipc   t5, 0x1
core   0: 3 0x8001159c (0x00001f17) x30 0x8001259c
core   0: 0x800115a0 (0xa63f2223) sw      gp, -1436(t5)
core   0: 3 0x800115a0 (0xa63f2223) mem 0x80012000 0x00000001
core   0: 0x800115a4 (0xff9ff06f) j       pc - 0x8
core   0: 3 0x800115a4 (0xff9ff06f)
core   0: 0x8001159c (0x00001f17) auipc   t5, 0x1
core   0: 3 0x8001159c (0x00001f17) x30 0x8001259c
core   0: 0x800115a0 (0xa63f2223) sw      gp, -1436(t5)
core   0: 3 0x800115a0 (0xa63f2223) mem 0x80012000 0x00000001
core   0: 0x800115a4 (0xff9ff06f) j       pc - 0x8
core   0: 3 0x800115a4 (0xff9ff06f)
core   0: 0x8001159c (0x00001f17) auipc   t5, 0x1
core   0: 3 0x8001159c (0x00001f17) x30 0x8001259c
core   0: 0x800115a0 (0xa63f2223) sw      gp, -1436(t5)
core   0: 3 0x800115a0 (0xa63f2223) mem 0x80012000 0x00000001
core   0: 0x800115a4 (0xff9ff06f) j       pc - 0x8
core   0: 3 0x800115a4 (0xff9ff06f)
core   0: 0x8001159c (0x00001f17) auipc   t5, 0x1
core   0: 3 0x8001159c (0x00001f17) x30 0x8001259c
core   0: 0x800115a0 (0xa63f2223) sw      gp, -1436(t5)
core   0: 3 0x800115a0 (0xa63f2223) mem 0x80012000 0x00000001
core   0: 0x800115a4 (0xff9ff06f) j       pc - 0x8
core   0: 3 0x800115a4 (0xff9ff06f)
core   0: 0x8001159c (0x00001f17) auipc   t5, 0x1
core   0: 3 0x8001159c (0x00001f17) x30 0x8001259c
core   0: 0x800115a0 (0xa63f2223) sw      gp, -1436(t5)
core   0: 3 0x800115a0 (0xa63f2223) mem 0x80012000 0x00000001
core   0: 0x800115a4 (0xff9ff06f) j       pc - 0x8
core   0: 3 0x800115a4 (0xff9ff06f)
core   0: 0x8001159c (0x00001f17) auipc   t5, 0x1
core   0: 3 0x8001159c (0x00001f17) x30 0x8001259c
core   0: 0x800115a0 (0xa63f2223) sw      gp, -1436(t5)
core   0: 3 0x800115a0 (0xa63f2223) mem 0x80012000 0x00000001
core   0: 0x800115a4 (0xff9ff06f) j       pc - 0x8
core   0: 3 0x800115a4 (0xff9ff06f)
core   0: 0x8001159c (0x00001f17) auipc   t5, 0x1
core   0: 3 0x8001159c (0x00001f17) x30 0x8001259c
core   0: 0x800115a0 (0xa63f2223) sw      gp, -1436(t5)
core   0: 3 0x800115a0 (0xa63f2223) mem 0x80012000 0x00000001
core   0: 0x800115a4 (0xff9ff06f) j       pc - 0x8
core   0: 3 0x800115a4 (0xff9ff06f)
core   0: 0x8001159c (0x00001f17) auipc   t5, 0x1
core   0: 3 0x8001159c (0x00001f17) x30 0x8001259c
core   0: 0x800115a0 (0xa63f2223) sw      gp, -1436(t5)
core   0: 3 0x800115a0 (0xa63f2223) mem 0x80012000 0x00000001
core   0: 0x800115a4 (0xff9ff06f) j       pc - 0x8
core   0: 3 0x800115a4 (0xff9ff06f)
core   0: 0x8001159c (0x00001f17) auipc   t5, 0x1
core   0: 3 0x8001159c (0x00001f17) x30 0x8001259c
core   0: 0x800115a0 (0xa63f2223) sw      gp, -1436(t5)
core   0: 3 0x800115a0 (0xa63f2223) mem 0x80012000 0x00000001
core   0: 0x800115a4 (0xff9ff06f) j       pc - 0x8
core   0: 3 0x800115a4 (0xff9ff06f)
core   0: 0x8001159c (0x00001f17) auipc   t5, 0x1
core   0: 3 0x8001159c (0x00001f17) x30 0x8001259c
core   0: 0x800115a0 (0xa63f2223) sw      gp, -1436(t5)
core   0: 3 0x800115a0 (0xa63f2223) mem 0x80012000 0x00000001
core   0: 0x800115a4 (0xff9ff06f) j       pc - 0x8
core   0: 3 0x800115a4 (0xff9ff06f)
core   0: 0x8001159c (0x00001f17) auipc   t5, 0x1
core   0: 3 0x8001159c (0x00001f17) x30 0x8001259c
core   0: 0x800115a0 (0xa63f2223) sw      gp, -1436(t5)
core   0: 3 0x800115a0 (0xa63f2223) mem 0x80012000 0x00000001
core   0: 0x800115a4 (0xff9ff06f) j       pc - 0x8
core   0: 3 0x800115a4 (0xff9ff06f)
core   0: 0x8001159c (0x00001f17) auipc   t5, 0x1
core   0: 3 0x8001159c (0x00001f17) x30 0x8001259c
core   0: 0x800115a0 (0xa63f2223) sw      gp, -1436(t5)
core   0: 3 0x800115a0 (0xa63f2223) mem 0x80012000 0x00000001
core   0: 0x800115a4 (0xff9ff06f) j       pc - 0x8
core   0: 3 0x800115a4 (0xff9ff06f)
core   0: 0x8001159c (0x00001f17) auipc   t5, 0x1
core   0: 3 0x8001159c (0x00001f17) x30 0x8001259c
core   0: 0x800115a0 (0xa63f2223) sw      gp, -1436(t5)
core   0: 3 0x800115a0 (0xa63f2223) mem 0x80012000 0x00000001
core   0: 0x800115a4 (0xff9ff06f) j       pc - 0x8
core   0: 3 0x800115a4 (0xff9ff06f)
core   0: 0x8001159c (0x00001f17) auipc   t5, 0x1
core   0: 3 0x8001159c (0x00001f17) x30 0x8001259c
core   0: 0x800115a0 (0xa63f2223) sw      gp, -1436(t5)
core   0: 3 0x800115a0 (0xa63f2223) mem 0x80012000 0x00000001
core   0: 0x800115a4 (0xff9ff06f) j       pc - 0x8
core   0: 3 0x800115a4 (0xff9ff06f)
core   0: 0x8001159c (0x00001f17) auipc   t5, 0x1
core   0: 3 0x8001159c (0x00001f17) x30 0x8001259c
core   0: 0x800115a0 (0xa63f2223) sw      gp, -1436(t5)
core   0: 3 0x800115a0 (0xa63f2223) mem 0x80012000 0x00000001
core   0: 0x800115a4 (0xff9ff06f) j       pc - 0x8
core   0: 3 0x800115a4 (0xff9ff06f)
core   0: 0x8001159c (0x00001f17) auipc   t5, 0x1
core   0: 3 0x8001159c (0x00001f17) x30 0x8001259c
core   0: 0x800115a0 (0xa63f2223) sw      gp, -1436(t5)
core   0: 3 0x800115a0 (0xa63f2223) mem 0x80012000 0x00000001
core   0: 0x800115a4 (0xff9ff06f) j       pc - 0x8
core   0: 3 0x800115a4 (0xff9ff06f)
core   0: 0x8001159c (0x00001f17) auipc   t5, 0x1
core   0: 3 0x8001159c (0x00001f17) x30 0x8001259c
core   0: 0x800115a0 (0xa63f2223) sw      gp, -1436(t5)
core   0: 3 0x800115a0 (0xa63f2223) mem 0x80012000 0x00000001
core   0: 0x800115a4 (0xff9ff06f) j       pc - 0x8
core   0: 3 0x800115a4 (0xff9ff06f)
core   0: 0x8001159c (0x00001f17) auipc   t5, 0x1
core   0: 3 0x8001159c (0x00001f17) x30 0x8001259c
core   0: 0x800115a0 (0xa63f2223) sw      gp, -1436(t5)
core   0: 3 0x800115a0 (0xa63f2223) mem 0x80012000 0x00000001
core   0: 0x800115a4 (0xff9ff06f) j       pc - 0x8
core   0: 3 0x800115a4 (0xff9ff06f)
core   0: 0x8001159c (0x00001f17) auipc   t5, 0x1
core   0: 3 0x8001159c (0x00001f17) x30 0x8001259c
core   0: 0x800115a0 (0xa63f2223) sw      gp, -1436(t5)
core   0: 3 0x800115a0 (0xa63f2223) mem 0x80012000 0x00000001
core   0: 0x800115a4 (0xff9ff06f) j       pc - 0x8
core   0: 3 0x800115a4 (0xff9ff06f)
core   0: 0x8001159c (0x00001f17) auipc   t5, 0x1
core   0: 3 0x8001159c (0x00001f17) x30 0x8001259c
core   0: 0x800115a0 (0xa63f2223) sw      gp, -1436(t5)
core   0: 3 0x800115a0 (0xa63f2223) mem 0x80012000 0x00000001
core   0: 0x800115a4 (0xff9ff06f) j       pc - 0x8
core   0: 3 0x800115a4 (0xff9ff06f)
core   0: 0x8001159c (0x00001f17) auipc   t5, 0x1
core   0: 3 0x8001159c (0x00001f17) x30 0x8001259c
core   0: 0x800115a0 (0xa63f2223) sw      gp, -1436(t5)
core   0: 3 0x800115a0 (0xa63f2223) mem 0x80012000 0x00000001
core   0: 0x800115a4 (0xff9ff06f) j       pc - 0x8
core   0: 3 0x800115a4 (0xff9ff06f)
core   0: 0x8001159c (0x00001f17) auipc   t5, 0x1
core   0: 3 0x8001159c (0x00001f17) x30 0x8001259c
core   0: 0x800115a0 (0xa63f2223) sw      gp, -1436(t5)
core   0: 3 0x800115a0 (0xa63f2223) mem 0x80012000 0x00000001
core   0: 0x800115a4 (0xff9ff06f) j       pc - 0x8
core   0: 3 0x800115a4 (0xff9ff06f)
core   0: 0x8001159c (0x00001f17) auipc   t5, 0x1
core   0: 3 0x8001159c (0x00001f17) x30 0x8001259c
core   0: 0x800115a0 (0xa63f2223) sw      gp, -1436(t5)
core   0: 3 0x800115a0 (0xa63f2223) mem 0x80012000 0x00000001
core   0: 0x800115a4 (0xff9ff06f) j       pc - 0x8
core   0: 3 0x800115a4 (0xff9ff06f)
core   0: 0x8001159c (0x00001f17) auipc   t5, 0x1
core   0: 3 0x8001159c (0x00001f17) x30 0x8001259c
core   0: 0x800115a0 (0xa63f2223) sw      gp, -1436(t5)
core   0: 3 0x800115a0 (0xa63f2223) mem 0x80012000 0x00000001
core   0: 0x800115a4 (0xff9ff06f) j       pc - 0x8
core   0: 3 0x800115a4 (0xff9ff06f)
core   0: 0x8001159c (0x00001f17) auipc   t5, 0x1
core   0: 3 0x8001159c (0x00001f17) x30 0x8001259c
core   0: 0x800115a0 (0xa63f2223) sw      gp, -1436(t5)
core   0: 3 0x800115a0 (0xa63f2223) mem 0x80012000 0x00000001
core   0: 0x800115a4 (0xff9ff06f) j       pc - 0x8
core   0: 3 0x800115a4 (0xff9ff06f)
core   0: 0x8001159c (0x00001f17) auipc   t5, 0x1
core   0: 3 0x8001159c (0x00001f17) x30 0x8001259c
core   0: 0x800115a0 (0xa63f2223) sw      gp, -1436(t5)
core   0: 3 0x800115a0 (0xa63f2223) mem 0x80012000 0x00000001
core   0: 0x800115a4 (0xff9ff06f) j       pc - 0x8
core   0: 3 0x800115a4 (0xff9ff06f)
core   0: 0x8001159c (0x00001f17) auipc   t5, 0x1
core   0: 3 0x8001159c (0x00001f17) x30 0x8001259c
core   0: 0x800115a0 (0xa63f2223) sw      gp, -1436(t5)
core   0: 3 0x800115a0 (0xa63f2223) mem 0x80012000 0x00000001
core   0: 0x800115a4 (0xff9ff06f) j       pc - 0x8
core   0: 3 0x800115a4 (0xff9ff06f)
core   0: 0x8001159c (0x00001f17) auipc   t5, 0x1
core   0: 3 0x8001159c (0x00001f17) x30 0x8001259c
core   0: 0x800115a0 (0xa63f2223) sw      gp, -1436(t5)
core   0: 3 0x800115a0 (0xa63f2223) mem 0x80012000 0x00000001
core   0: 0x800115a4 (0xff9ff06f) j       pc - 0x8
core   0: 3 0x800115a4 (0xff9ff06f)
core   0: 0x8001159c (0x00001f17) auipc   t5, 0x1
core   0: 3 0x8001159c (0x00001f17) x30 0x8001259c
core   0: 0x800115a0 (0xa63f2223) sw      gp, -1436(t5)
core   0: 3 0x800115a0 (0xa63f2223) mem 0x80012000 0x00000001
core   0: 0x800115a4 (0xff9ff06f) j       pc - 0x8
core   0: 3 0x800115a4 (0xff9ff06f)
core   0: 0x8001159c (0x00001f17) auipc   t5, 0x1
core   0: 3 0x8001159c (0x00001f17) x30 0x8001259c
core   0: 0x800115a0 (0xa63f2223) sw      gp, -1436(t5)
core   0: 3 0x800115a0 (0xa63f2223) mem 0x80012000 0x00000001
core   0: 0x800115a4 (0xff9ff06f) j       pc - 0x8
core   0: 3 0x800115a4 (0xff9ff06f)
core   0: 0x8001159c (0x00001f17) auipc   t5, 0x1
core   0: 3 0x8001159c (0x00001f17) x30 0x8001259c
core   0: 0x800115a0 (0xa63f2223) sw      gp, -1436(t5)
core   0: 3 0x800115a0 (0xa63f2223) mem 0x80012000 0x00000001
core   0: 0x800115a4 (0xff9ff06f) j       pc - 0x8
core   0: 3 0x800115a4 (0xff9ff06f)
core   0: 0x8001159c (0x00001f17) auipc   t5, 0x1
core   0: 3 0x8001159c (0x00001f17) x30 0x8001259c
core   0: 0x800115a0 (0xa63f2223) sw      gp, -1436(t5)
core   0: 3 0x800115a0 (0xa63f2223) mem 0x80012000 0x00000001
core   0: 0x800115a4 (0xff9ff06f) j       pc - 0x8
core   0: 3 0x800115a4 (0xff9ff06f)
core   0: 0x8001159c (0x00001f17) auipc   t5, 0x1
core   0: 3 0x8001159c (0x00001f17) x30 0x8001259c
core   0: 0x800115a0 (0xa63f2223) sw      gp, -1436(t5)
core   0: 3 0x800115a0 (0xa63f2223) mem 0x80012000 0x00000001
core   0: 0x800115a4 (0xff9ff06f) j       pc - 0x8
core   0: 3 0x800115a4 (0xff9ff06f)
core   0: 0x8001159c (0x00001f17) auipc   t5, 0x1
core   0: 3 0x8001159c (0x00001f17) x30 0x8001259c
core   0: 0x800115a0 (0xa63f2223) sw      gp, -1436(t5)
core   0: 3 0x800115a0 (0xa63f2223) mem 0x80012000 0x00000001
core   0: 0x800115a4 (0xff9ff06f) j       pc - 0x8
core   0: 3 0x800115a4 (0xff9ff06f)
core   0: 0x8001159c (0x00001f17) auipc   t5, 0x1
core   0: 3 0x8001159c (0x00001f17) x30 0x8001259c
core   0: 0x800115a0 (0xa63f2223) sw      gp, -1436(t5)
core   0: 3 0x800115a0 (0xa63f2223) mem 0x80012000 0x00000001
core   0: 0x800115a4 (0xff9ff06f) j       pc - 0x8
core   0: 3 0x800115a4 (0xff9ff06f)
core   0: 0x8001159c (0x00001f17) auipc   t5, 0x1
core   0: 3 0x8001159c (0x00001f17) x30 0x8001259c
core   0: 0x800115a0 (0xa63f2223) sw      gp, -1436(t5)
core   0: 3 0x800115a0 (0xa63f2223) mem 0x80012000 0x00000001
core   0: 0x800115a4 (0xff9ff06f) j       pc - 0x8
core   0: 3 0x800115a4 (0xff9ff06f)
core   0: 0x8001159c (0x00001f17) auipc   t5, 0x1
core   0: 3 0x8001159c (0x00001f17) x30 0x8001259c
core   0: 0x800115a0 (0xa63f2223) sw      gp, -1436(t5)
core   0: 3 0x800115a0 (0xa63f2223) mem 0x80012000 0x00000001
core   0: 0x800115a4 (0xff9ff06f) j       pc - 0x8
core   0: 3 0x800115a4 (0xff9ff06f)
core   0: 0x8001159c (0x00001f17) auipc   t5, 0x1
core   0: 3 0x8001159c (0x00001f17) x30 0x8001259c
core   0: 0x800115a0 (0xa63f2223) sw      gp, -1436(t5)
core   0: 3 0x800115a0 (0xa63f2223) mem 0x80012000 0x00000001
core   0: 0x800115a4 (0xff9ff06f) j       pc - 0x8
core   0: 3 0x800115a4 (0xff9ff06f)
core   0: 0x8001159c (0x00001f17) auipc   t5, 0x1
core   0: 3 0x8001159c (0x00001f17) x30 0x8001259c
core   0: 0x800115a0 (0xa63f2223) sw      gp, -1436(t5)
core   0: 3 0x800115a0 (0xa63f2223) mem 0x80012000 0x00000001
core   0: 0x800115a4 (0xff9ff06f) j       pc - 0x8
core   0: 3 0x800115a4 (0xff9ff06f)
core   0: 0x8001159c (0x00001f17) auipc   t5, 0x1
core   0: 3 0x8001159c (0x00001f17) x30 0x8001259c
core   0: 0x800115a0 (0xa63f2223) sw      gp, -1436(t5)
core   0: 3 0x800115a0 (0xa63f2223) mem 0x80012000 0x00000001
core   0: 0x800115a4 (0xff9ff06f) j       pc - 0x8
core   0: 3 0x800115a4 (0xff9ff06f)
core   0: 0x8001159c (0x00001f17) auipc   t5, 0x1
core   0: 3 0x8001159c (0x00001f17) x30 0x8001259c
core   0: 0x800115a0 (0xa63f2223) sw      gp, -1436(t5)
core   0: 3 0x800115a0 (0xa63f2223) mem 0x80012000 0x00000001
core   0: 0x800115a4 (0xff9ff06f) j       pc - 0x8
core   0: 3 0x800115a4 (0xff9ff06f)
core   0: 0x8001159c (0x00001f17) auipc   t5, 0x1
core   0: 3 0x8001159c (0x00001f17) x30 0x8001259c
core   0: 0x800115a0 (0xa63f2223) sw      gp, -1436(t5)
core   0: 3 0x800115a0 (0xa63f2223) mem 0x80012000 0x00000001
core   0: 0x800115a4 (0xff9ff06f) j       pc - 0x8
core   0: 3 0x800115a4 (0xff9ff06f)
core   0: 0x8001159c (0x00001f17) auipc   t5, 0x1
core   0: 3 0x8001159c (0x00001f17) x30 0x8001259c
core   0: 0x800115a0 (0xa63f2223) sw      gp, -1436(t5)
core   0: 3 0x800115a0 (0xa63f2223) mem 0x80012000 0x00000001
core   0: 0x800115a4 (0xff9ff06f) j       pc - 0x8
core   0: 3 0x800115a4 (0xff9ff06f)
core   0: 0x8001159c (0x00001f17) auipc   t5, 0x1
core   0: 3 0x8001159c (0x00001f17) x30 0x8001259c
core   0: 0x800115a0 (0xa63f2223) sw      gp, -1436(t5)
core   0: 3 0x800115a0 (0xa63f2223) mem 0x80012000 0x00000001
core   0: 0x800115a4 (0xff9ff06f) j       pc - 0x8
core   0: 3 0x800115a4 (0xff9ff06f)
core   0: 0x8001159c (0x00001f17) auipc   t5, 0x1
core   0: 3 0x8001159c (0x00001f17) x30 0x8001259c
core   0: 0x800115a0 (0xa63f2223) sw      gp, -1436(t5)
core   0: 3 0x800115a0 (0xa63f2223) mem 0x80012000 0x00000001
core   0: 0x800115a4 (0xff9ff06f) j       pc - 0x8
core   0: 3 0x800115a4 (0xff9ff06f)
core   0: 0x8001159c (0x00001f17) auipc   t5, 0x1
core   0: 3 0x8001159c (0x00001f17) x30 0x8001259c
core   0: 0x800115a0 (0xa63f2223) sw      gp, -1436(t5)
core   0: 3 0x800115a0 (0xa63f2223) mem 0x80012000 0x00000001
core   0: 0x800115a4 (0xff9ff06f) j       pc - 0x8
core   0: 3 0x800115a4 (0xff9ff06f)
core   0: 0x8001159c (0x00001f17) auipc   t5, 0x1
core   0: 3 0x8001159c (0x00001f17) x30 0x8001259c
core   0: 0x800115a0 (0xa63f2223) sw      gp, -1436(t5)
core   0: 3 0x800115a0 (0xa63f2223) mem 0x80012000 0x00000001
core   0: 0x800115a4 (0xff9ff06f) j       pc - 0x8
core   0: 3 0x800115a4 (0xff9ff06f)
core   0: 0x8001159c (0x00001f17) auipc   t5, 0x1
core   0: 3 0x8001159c (0x00001f17) x30 0x8001259c
core   0: 0x800115a0 (0xa63f2223) sw      gp, -1436(t5)
core   0: 3 0x800115a0 (0xa63f2223) mem 0x80012000 0x00000001
core   0: 0x800115a4 (0xff9ff06f) j       pc - 0x8
core   0: 3 0x800115a4 (0xff9ff06f)
core   0: 0x8001159c (0x00001f17) auipc   t5, 0x1
core   0: 3 0x8001159c (0x00001f17) x30 0x8001259c
core   0: 0x800115a0 (0xa63f2223) sw      gp, -1436(t5)
core   0: 3 0x800115a0 (0xa63f2223) mem 0x80012000 0x00000001
core   0: 0x800115a4 (0xff9ff06f) j       pc - 0x8
core   0: 3 0x800115a4 (0xff9ff06f)
core   0: 0x8001159c (0x00001f17) auipc   t5, 0x1
core   0: 3 0x8001159c (0x00001f17) x30 0x8001259c
core   0: 0x800115a0 (0xa63f2223) sw      gp, -1436(t5)
core   0: 3 0x800115a0 (0xa63f2223) mem 0x80012000 0x00000001
core   0: 0x800115a4 (0xff9ff06f) j       pc - 0x8
core   0: 3 0x800115a4 (0xff9ff06f)
core   0: 0x8001159c (0x00001f17) auipc   t5, 0x1
core   0: 3 0x8001159c (0x00001f17) x30 0x8001259c
core   0: 0x800115a0 (0xa63f2223) sw      gp, -1436(t5)
core   0: 3 0x800115a0 (0xa63f2223) mem 0x80012000 0x00000001
core   0: 0x800115a4 (0xff9ff06f) j       pc - 0x8
core   0: 3 0x800115a4 (0xff9ff06f)
core   0: 0x8001159c (0x00001f17) auipc   t5, 0x1
core   0: 3 0x8001159c (0x00001f17) x30 0x8001259c
core   0: 0x800115a0 (0xa63f2223) sw      gp, -1436(t5)
core   0: 3 0x800115a0 (0xa63f2223) mem 0x80012000 0x00000001
core   0: 0x800115a4 (0xff9ff06f) j       pc - 0x8
core   0: 3 0x800115a4 (0xff9ff06f)
core   0: 0x8001159c (0x00001f17) auipc   t5, 0x1
core   0: 3 0x8001159c (0x00001f17) x30 0x8001259c
core   0: 0x800115a0 (0xa63f2223) sw      gp, -1436(t5)
core   0: 3 0x800115a0 (0xa63f2223) mem 0x80012000 0x00000001
core   0: 0x800115a4 (0xff9ff06f) j       pc - 0x8
core   0: 3 0x800115a4 (0xff9ff06f)
core   0: 0x8001159c (0x00001f17) auipc   t5, 0x1
core   0: 3 0x8001159c (0x00001f17) x30 0x8001259c
core   0: 0x800115a0 (0xa63f2223) sw      gp, -1436(t5)
core   0: 3 0x800115a0 (0xa63f2223) mem 0x80012000 0x00000001
core   0: 0x800115a4 (0xff9ff06f) j       pc - 0x8
core   0: 3 0x800115a4 (0xff9ff06f)
core   0: 0x8001159c (0x00001f17) auipc   t5, 0x1
core   0: 3 0x8001159c (0x00001f17) x30 0x8001259c
core   0: 0x800115a0 (0xa63f2223) sw      gp, -1436(t5)
core   0: 3 0x800115a0 (0xa63f2223) mem 0x80012000 0x00000001
core   0: 0x800115a4 (0xff9ff06f) j       pc - 0x8
core   0: 3 0x800115a4 (0xff9ff06f)
core   0: 0x8001159c (0x00001f17) auipc   t5, 0x1
core   0: 3 0x8001159c (0x00001f17) x30 0x8001259c
core   0: 0x800115a0 (0xa63f2223) sw      gp, -1436(t5)
core   0: 3 0x800115a0 (0xa63f2223) mem 0x80012000 0x00000001
core   0: 0x800115a4 (0xff9ff06f) j       pc - 0x8
core   0: 3 0x800115a4 (0xff9ff06f)
core   0: 0x8001159c (0x00001f17) auipc   t5, 0x1
core   0: 3 0x8001159c (0x00001f17) x30 0x8001259c
core   0: 0x800115a0 (0xa63f2223) sw      gp, -1436(t5)
core   0: 3 0x800115a0 (0xa63f2223) mem 0x80012000 0x00000001
core   0: 0x800115a4 (0xff9ff06f) j       pc - 0x8
core   0: 3 0x800115a4 (0xff9ff06f)
core   0: 0x8001159c (0x00001f17) auipc   t5, 0x1
core   0: 3 0x8001159c (0x00001f17) x30 0x8001259c
core   0: 0x800115a0 (0xa63f2223) sw      gp, -1436(t5)
core   0: 3 0x800115a0 (0xa63f2223) mem 0x80012000 0x00000001
core   0: 0x800115a4 (0xff9ff06f) j       pc - 0x8
core   0: 3 0x800115a4 (0xff9ff06f)
core   0: 0x8001159c (0x00001f17) auipc   t5, 0x1
core   0: 3 0x8001159c (0x00001f17) x30 0x8001259c
core   0: 0x800115a0 (0xa63f2223) sw      gp, -1436(t5)
core   0: 3 0x800115a0 (0xa63f2223) mem 0x80012000 0x00000001
core   0: 0x800115a4 (0xff9ff06f) j       pc - 0x8
core   0: 3 0x800115a4 (0xff9ff06f)
core   0: 0x8001159c (0x00001f17) auipc   t5, 0x1
core   0: 3 0x8001159c (0x00001f17) x30 0x8001259c
core   0: 0x800115a0 (0xa63f2223) sw      gp, -1436(t5)
core   0: 3 0x800115a0 (0xa63f2223) mem 0x80012000 0x00000001
core   0: 0x800115a4 (0xff9ff06f) j       pc - 0x8
core   0: 3 0x800115a4 (0xff9ff06f)
core   0: 0x8001159c (0x00001f17) auipc   t5, 0x1
core   0: 3 0x8001159c (0x00001f17) x30 0x8001259c
core   0: 0x800115a0 (0xa63f2223) sw      gp, -1436(t5)
core   0: 3 0x800115a0 (0xa63f2223) mem 0x80012000 0x00000001
core   0: 0x800115a4 (0xff9ff06f) j       pc - 0x8
core   0: 3 0x800115a4 (0xff9ff06f)
core   0: 0x8001159c (0x00001f17) auipc   t5, 0x1
core   0: 3 0x8001159c (0x00001f17) x30 0x8001259c
core   0: 0x800115a0 (0xa63f2223) sw      gp, -1436(t5)
core   0: 3 0x800115a0 (0xa63f2223) mem 0x80012000 0x00000001
core   0: 0x800115a4 (0xff9ff06f) j       pc - 0x8
core   0: 3 0x800115a4 (0xff9ff06f)
core   0: 0x8001159c (0x00001f17) auipc   t5, 0x1
core   0: 3 0x8001159c (0x00001f17) x30 0x8001259c
core   0: 0x800115a0 (0xa63f2223) sw      gp, -1436(t5)
core   0: 3 0x800115a0 (0xa63f2223) mem 0x80012000 0x00000001
core   0: 0x800115a4 (0xff9ff06f) j       pc - 0x8
core   0: 3 0x800115a4 (0xff9ff06f)
core   0: 0x8001159c (0x00001f17) auipc   t5, 0x1
core   0: 3 0x8001159c (0x00001f17) x30 0x8001259c
core   0: 0x800115a0 (0xa63f2223) sw      gp, -1436(t5)
core   0: 3 0x800115a0 (0xa63f2223) mem 0x80012000 0x00000001
core   0: 0x800115a4 (0xff9ff06f) j       pc - 0x8
core   0: 3 0x800115a4 (0xff9ff06f)
core   0: 0x8001159c (0x00001f17) auipc   t5, 0x1
core   0: 3 0x8001159c (0x00001f17) x30 0x8001259c
core   0: 0x800115a0 (0xa63f2223) sw      gp, -1436(t5)
core   0: 3 0x800115a0 (0xa63f2223) mem 0x80012000 0x00000001
core   0: 0x800115a4 (0xff9ff06f) j       pc - 0x8
core   0: 3 0x800115a4 (0xff9ff06f)
core   0: 0x8001159c (0x00001f17) auipc   t5, 0x1
core   0: 3 0x8001159c (0x00001f17) x30 0x8001259c
core   0: 0x800115a0 (0xa63f2223) sw      gp, -1436(t5)
core   0: 3 0x800115a0 (0xa63f2223) mem 0x80012000 0x00000001
core   0: 0x800115a4 (0xff9ff06f) j       pc - 0x8
core   0: 3 0x800115a4 (0xff9ff06f)
core   0: 0x8001159c (0x00001f17) auipc   t5, 0x1
core   0: 3 0x8001159c (0x00001f17) x30 0x8001259c
core   0: 0x800115a0 (0xa63f2223) sw      gp, -1436(t5)
core   0: 3 0x800115a0 (0xa63f2223) mem 0x80012000 0x00000001
core   0: 0x800115a4 (0xff9ff06f) j       pc - 0x8
core   0: 3 0x800115a4 (0xff9ff06f)
core   0: 0x8001159c (0x00001f17) auipc   t5, 0x1
core   0: 3 0x8001159c (0x00001f17) x30 0x8001259c
core   0: 0x800115a0 (0xa63f2223) sw      gp, -1436(t5)
core   0: 3 0x800115a0 (0xa63f2223) mem 0x80012000 0x00000001
core   0: 0x800115a4 (0xff9ff06f) j       pc - 0x8
core   0: 3 0x800115a4 (0xff9ff06f)
core   0: 0x8001159c (0x00001f17) auipc   t5, 0x1
core   0: 3 0x8001159c (0x00001f17) x30 0x8001259c
core   0: 0x800115a0 (0xa63f2223) sw      gp, -1436(t5)
core   0: 3 0x800115a0 (0xa63f2223) mem 0x80012000 0x00000001
core   0: 0x800115a4 (0xff9ff06f) j       pc - 0x8
core   0: 3 0x800115a4 (0xff9ff06f)
core   0: 0x8001159c (0x00001f17) auipc   t5, 0x1
core   0: 3 0x8001159c (0x00001f17) x30 0x8001259c
core   0: 0x800115a0 (0xa63f2223) sw      gp, -1436(t5)
core   0: 3 0x800115a0 (0xa63f2223) mem 0x80012000 0x00000001
core   0: 0x800115a4 (0xff9ff06f) j       pc - 0x8
core   0: 3 0x800115a4 (0xff9ff06f)
core   0: 0x8001159c (0x00001f17) auipc   t5, 0x1
core   0: 3 0x8001159c (0x00001f17) x30 0x8001259c
core   0: 0x800115a0 (0xa63f2223) sw      gp, -1436(t5)
core   0: 3 0x800115a0 (0xa63f2223) mem 0x80012000 0x00000001
core   0: 0x800115a4 (0xff9ff06f) j       pc - 0x8
core   0: 3 0x800115a4 (0xff9ff06f)
core   0: 0x8001159c (0x00001f17) auipc   t5, 0x1
core   0: 3 0x8001159c (0x00001f17) x30 0x8001259c
core   0: 0x800115a0 (0xa63f2223) sw      gp, -1436(t5)
core   0: 3 0x800115a0 (0xa63f2223) mem 0x80012000 0x00000001
core   0: 0x800115a4 (0xff9ff06f) j       pc - 0x8
core   0: 3 0x800115a4 (0xff9ff06f)
core   0: 0x8001159c (0x00001f17) auipc   t5, 0x1
core   0: 3 0x8001159c (0x00001f17) x30 0x8001259c
core   0: 0x800115a0 (0xa63f2223) sw      gp, -1436(t5)
core   0: 3 0x800115a0 (0xa63f2223) mem 0x80012000 0x00000001
core   0: 0x800115a4 (0xff9ff06f) j       pc - 0x8
core   0: 3 0x800115a4 (0xff9ff06f)
core   0: 0x8001159c (0x00001f17) auipc   t5, 0x1
core   0: 3 0x8001159c (0x00001f17) x30 0x8001259c
core   0: 0x800115a0 (0xa63f2223) sw      gp, -1436(t5)
core   0: 3 0x800115a0 (0xa63f2223) mem 0x80012000 0x00000001
core   0: 0x800115a4 (0xff9ff06f) j       pc - 0x8
core   0: 3 0x800115a4 (0xff9ff06f)
core   0: 0x8001159c (0x00001f17) auipc   t5, 0x1
core   0: 3 0x8001159c (0x00001f17) x30 0x8001259c
core   0: 0x800115a0 (0xa63f2223) sw      gp, -1436(t5)
core   0: 3 0x800115a0 (0xa63f2223) mem 0x80012000 0x00000001
core   0: 0x800115a4 (0xff9ff06f) j       pc - 0x8
core   0: 3 0x800115a4 (0xff9ff06f)
core   0: 0x8001159c (0x00001f17) auipc   t5, 0x1
core   0: 3 0x8001159c (0x00001f17) x30 0x8001259c
core   0: 0x800115a0 (0xa63f2223) sw      gp, -1436(t5)
core   0: 3 0x800115a0 (0xa63f2223) mem 0x80012000 0x00000001
core   0: 0x800115a4 (0xff9ff06f) j       pc - 0x8
core   0: 3 0x800115a4 (0xff9ff06f)
core   0: 0x8001159c (0x00001f17) auipc   t5, 0x1
core   0: 3 0x8001159c (0x00001f17) x30 0x8001259c
core   0: 0x800115a0 (0xa63f2223) sw      gp, -1436(t5)
core   0: 3 0x800115a0 (0xa63f2223) mem 0x80012000 0x00000001
core   0: 0x800115a4 (0xff9ff06f) j       pc - 0x8
core   0: 3 0x800115a4 (0xff9ff06f)
core   0: 0x8001159c (0x00001f17) auipc   t5, 0x1
core   0: 3 0x8001159c (0x00001f17) x30 0x8001259c
core   0: 0x800115a0 (0xa63f2223) sw      gp, -1436(t5)
core   0: 3 0x800115a0 (0xa63f2223) mem 0x80012000 0x00000001
core   0: 0x800115a4 (0xff9ff06f) j       pc - 0x8
core   0: 3 0x800115a4 (0xff9ff06f)
core   0: 0x8001159c (0x00001f17) auipc   t5, 0x1
core   0: 3 0x8001159c (0x00001f17) x30 0x8001259c
core   0: 0x800115a0 (0xa63f2223) sw      gp, -1436(t5)
core   0: 3 0x800115a0 (0xa63f2223) mem 0x80012000 0x00000001
core   0: 0x800115a4 (0xff9ff06f) j       pc - 0x8
core   0: 3 0x800115a4 (0xff9ff06f)
core   0: 0x8001159c (0x00001f17) auipc   t5, 0x1
core   0: 3 0x8001159c (0x00001f17) x30 0x8001259c
core   0: 0x800115a0 (0xa63f2223) sw      gp, -1436(t5)
core   0: 3 0x800115a0 (0xa63f2223) mem 0x80012000 0x00000001
core   0: 0x800115a4 (0xff9ff06f) j       pc - 0x8
core   0: 3 0x800115a4 (0xff9ff06f)
core   0: 0x8001159c (0x00001f17) auipc   t5, 0x1
core   0: 3 0x8001159c (0x00001f17) x30 0x8001259c
core   0: 0x800115a0 (0xa63f2223) sw      gp, -1436(t5)
core   0: 3 0x800115a0 (0xa63f2223) mem 0x80012000 0x00000001
core   0: 0x800115a4 (0xff9ff06f) j       pc - 0x8
core   0: 3 0x800115a4 (0xff9ff06f)
core   0: 0x8001159c (0x00001f17) auipc   t5, 0x1
core   0: 3 0x8001159c (0x00001f17) x30 0x8001259c
core   0: 0x800115a0 (0xa63f2223) sw      gp, -1436(t5)
core   0: 3 0x800115a0 (0xa63f2223) mem 0x80012000 0x00000001
core   0: 0x800115a4 (0xff9ff06f) j       pc - 0x8
core   0: 3 0x800115a4 (0xff9ff06f)
core   0: 0x8001159c (0x00001f17) auipc   t5, 0x1
core   0: 3 0x8001159c (0x00001f17) x30 0x8001259c
core   0: 0x800115a0 (0xa63f2223) sw      gp, -1436(t5)
core   0: 3 0x800115a0 (0xa63f2223) mem 0x80012000 0x00000001
core   0: 0x800115a4 (0xff9ff06f) j       pc - 0x8
core   0: 3 0x800115a4 (0xff9ff06f)
core   0: 0x8001159c (0x00001f17) auipc   t5, 0x1
core   0: 3 0x8001159c (0x00001f17) x30 0x8001259c
core   0: 0x800115a0 (0xa63f2223) sw      gp, -1436(t5)
core   0: 3 0x800115a0 (0xa63f2223) mem 0x80012000 0x00000001
core   0: 0x800115a4 (0xff9ff06f) j       pc - 0x8
core   0: 3 0x800115a4 (0xff9ff06f)
core   0: 0x8001159c (0x00001f17) auipc   t5, 0x1
core   0: 3 0x8001159c (0x00001f17) x30 0x8001259c
core   0: 0x800115a0 (0xa63f2223) sw      gp, -1436(t5)
core   0: 3 0x800115a0 (0xa63f2223) mem 0x80012000 0x00000001
core   0: 0x800115a4 (0xff9ff06f) j       pc - 0x8
core   0: 3 0x800115a4 (0xff9ff06f)
core   0: 0x8001159c (0x00001f17) auipc   t5, 0x1
core   0: 3 0x8001159c (0x00001f17) x30 0x8001259c
core   0: 0x800115a0 (0xa63f2223) sw      gp, -1436(t5)
core   0: 3 0x800115a0 (0xa63f2223) mem 0x80012000 0x00000001
core   0: 0x800115a4 (0xff9ff06f) j       pc - 0x8
core   0: 3 0x800115a4 (0xff9ff06f)
core   0: 0x8001159c (0x00001f17) auipc   t5, 0x1
core   0: 3 0x8001159c (0x00001f17) x30 0x8001259c
core   0: 0x800115a0 (0xa63f2223) sw      gp, -1436(t5)
core   0: 3 0x800115a0 (0xa63f2223) mem 0x80012000 0x00000001
core   0: 0x800115a4 (0xff9ff06f) j       pc - 0x8
core   0: 3 0x800115a4 (0xff9ff06f)
core   0: 0x8001159c (0x00001f17) auipc   t5, 0x1
core   0: 3 0x8001159c (0x00001f17) x30 0x8001259c
core   0: 0x800115a0 (0xa63f2223) sw      gp, -1436(t5)
core   0: 3 0x800115a0 (0xa63f2223) mem 0x80012000 0x00000001
core   0: 0x800115a4 (0xff9ff06f) j       pc - 0x8
core   0: 3 0x800115a4 (0xff9ff06f)
core   0: 0x8001159c (0x00001f17) auipc   t5, 0x1
core   0: 3 0x8001159c (0x00001f17) x30 0x8001259c
core   0: 0x800115a0 (0xa63f2223) sw      gp, -1436(t5)
core   0: 3 0x800115a0 (0xa63f2223) mem 0x80012000 0x00000001
core   0: 0x800115a4 (0xff9ff06f) j       pc - 0x8
core   0: 3 0x800115a4 (0xff9ff06f)
core   0: 0x8001159c (0x00001f17) auipc   t5, 0x1
core   0: 3 0x8001159c (0x00001f17) x30 0x8001259c
core   0: 0x800115a0 (0xa63f2223) sw      gp, -1436(t5)
core   0: 3 0x800115a0 (0xa63f2223) mem 0x80012000 0x00000001
core   0: 0x800115a4 (0xff9ff06f) j       pc - 0x8
core   0: 3 0x800115a4 (0xff9ff06f)
core   0: 0x8001159c (0x00001f17) auipc   t5, 0x1
core   0: 3 0x8001159c (0x00001f17) x30 0x8001259c
core   0: 0x800115a0 (0xa63f2223) sw      gp, -1436(t5)
core   0: 3 0x800115a0 (0xa63f2223) mem 0x80012000 0x00000001
core   0: 0x800115a4 (0xff9ff06f) j       pc - 0x8
core   0: 3 0x800115a4 (0xff9ff06f)
core   0: 0x8001159c (0x00001f17) auipc   t5, 0x1
core   0: 3 0x8001159c (0x00001f17) x30 0x8001259c
core   0: 0x800115a0 (0xa63f2223) sw      gp, -1436(t5)
core   0: 3 0x800115a0 (0xa63f2223) mem 0x80012000 0x00000001
core   0: 0x800115a4 (0xff9ff06f) j       pc - 0x8
core   0: 3 0x800115a4 (0xff9ff06f)
core   0: 0x8001159c (0x00001f17) auipc   t5, 0x1
core   0: 3 0x8001159c (0x00001f17) x30 0x8001259c
core   0: 0x800115a0 (0xa63f2223) sw      gp, -1436(t5)
core   0: 3 0x800115a0 (0xa63f2223) mem 0x80012000 0x00000001
core   0: 0x800115a4 (0xff9ff06f) j       pc - 0x8
core   0: 3 0x800115a4 (0xff9ff06f)
core   0: 0x8001159c (0x00001f17) auipc   t5, 0x1
core   0: 3 0x8001159c (0x00001f17) x30 0x8001259c
core   0: 0x800115a0 (0xa63f2223) sw      gp, -1436(t5)
core   0: 3 0x800115a0 (0xa63f2223) mem 0x80012000 0x00000001
core   0: 0x800115a4 (0xff9ff06f) j       pc - 0x8
core   0: 3 0x800115a4 (0xff9ff06f)
core   0: 0x8001159c (0x00001f17) auipc   t5, 0x1
core   0: 3 0x8001159c (0x00001f17) x30 0x8001259c
core   0: 0x800115a0 (0xa63f2223) sw      gp, -1436(t5)
core   0: 3 0x800115a0 (0xa63f2223) mem 0x80012000 0x00000001
core   0: 0x800115a4 (0xff9ff06f) j       pc - 0x8
core   0: 3 0x800115a4 (0xff9ff06f)
core   0: 0x8001159c (0x00001f17) auipc   t5, 0x1
core   0: 3 0x8001159c (0x00001f17) x30 0x8001259c
core   0: 0x800115a0 (0xa63f2223) sw      gp, -1436(t5)
core   0: 3 0x800115a0 (0xa63f2223) mem 0x80012000 0x00000001
core   0: 0x800115a4 (0xff9ff06f) j       pc - 0x8
core   0: 3 0x800115a4 (0xff9ff06f)
core   0: 0x8001159c (0x00001f17) auipc   t5, 0x1
core   0: 3 0x8001159c (0x00001f17) x30 0x8001259c
core   0: 0x800115a0 (0xa63f2223) sw      gp, -1436(t5)
core   0: 3 0x800115a0 (0xa63f2223) mem 0x80012000 0x00000001
core   0: 0x800115a4 (0xff9ff06f) j       pc - 0x8
core   0: 3 0x800115a4 (0xff9ff06f)
core   0: 0x8001159c (0x00001f17) auipc   t5, 0x1
core   0: 3 0x8001159c (0x00001f17) x30 0x8001259c
core   0: 0x800115a0 (0xa63f2223) sw      gp, -1436(t5)
core   0: 3 0x800115a0 (0xa63f2223) mem 0x80012000 0x00000001
core   0: 0x800115a4 (0xff9ff06f) j       pc - 0x8
core   0: 3 0x800115a4 (0xff9ff06f)
core   0: 0x8001159c (0x00001f17) auipc   t5, 0x1
core   0: 3 0x8001159c (0x00001f17) x30 0x8001259c
core   0: 0x800115a0 (0xa63f2223) sw      gp, -1436(t5)
core   0: 3 0x800115a0 (0xa63f2223) mem 0x80012000 0x00000001
core   0: 0x800115a4 (0xff9ff06f) j       pc - 0x8
core   0: 3 0x800115a4 (0xff9ff06f)
core   0: 0x8001159c (0x00001f17) auipc   t5, 0x1
core   0: 3 0x8001159c (0x00001f17) x30 0x8001259c
core   0: 0x800115a0 (0xa63f2223) sw      gp, -1436(t5)
core   0: 3 0x800115a0 (0xa63f2223) mem 0x80012000 0x00000001
core   0: 0x800115a4 (0xff9ff06f) j       pc - 0x8
core   0: 3 0x800115a4 (0xff9ff06f)
core   0: 0x8001159c (0x00001f17) auipc   t5, 0x1
core   0: 3 0x8001159c (0x00001f17) x30 0x8001259c
core   0: 0x800115a0 (0xa63f2223) sw      gp, -1436(t5)
core   0: 3 0x800115a0 (0xa63f2223) mem 0x80012000 0x00000001
core   0: 0x800115a4 (0xff9ff06f) j       pc - 0x8
core   0: 3 0x800115a4 (0xff9ff06f)
core   0: 0x8001159c (0x00001f17) auipc   t5, 0x1
core   0: 3 0x8001159c (0x00001f17) x30 0x8001259c
core   0: 0x800115a0 (0xa63f2223) sw      gp, -1436(t5)
core   0: 3 0x800115a0 (0xa63f2223) mem 0x80012000 0x00000001
core   0: 0x800115a4 (0xff9ff06f) j       pc - 0x8
core   0: 3 0x800115a4 (0xff9ff06f)
core   0: 0x8001159c (0x00001f17) auipc   t5, 0x1
core   0: 3 0x8001159c (0x00001f17) x30 0x8001259c
core   0: 0x800115a0 (0xa63f2223) sw      gp, -1436(t5)
core   0: 3 0x800115a0 (0xa63f2223) mem 0x80012000 0x00000001
core   0: 0x800115a4 (0xff9ff06f) j       pc - 0x8
core   0: 3 0x800115a4 (0xff9ff06f)
core   0: 0x8001159c (0x00001f17) auipc   t5, 0x1
core   0: 3 0x8001159c (0x00001f17) x30 0x8001259c
core   0: 0x800115a0 (0xa63f2223) sw      gp, -1436(t5)
core   0: 3 0x800115a0 (0xa63f2223) mem 0x80012000 0x00000001
core   0: 0x800115a4 (0xff9ff06f) j       pc - 0x8
core   0: 3 0x800115a4 (0xff9ff06f)
core   0: 0x8001159c (0x00001f17) auipc   t5, 0x1
core   0: 3 0x8001159c (0x00001f17) x30 0x8001259c
core   0: 0x800115a0 (0xa63f2223) sw      gp, -1436(t5)
core   0: 3 0x800115a0 (0xa63f2223) mem 0x80012000 0x00000001
core   0: 0x800115a4 (0xff9ff06f) j       pc - 0x8
core   0: 3 0x800115a4 (0xff9ff06f)
core   0: 0x8001159c (0x00001f17) auipc   t5, 0x1
core   0: 3 0x8001159c (0x00001f17) x30 0x8001259c
core   0: 0x800115a0 (0xa63f2223) sw      gp, -1436(t5)
core   0: 3 0x800115a0 (0xa63f2223) mem 0x80012000 0x00000001
core   0: 0x800115a4 (0xff9ff06f) j       pc - 0x8
core   0: 3 0x800115a4 (0xff9ff06f)
core   0: 0x8001159c (0x00001f17) auipc   t5, 0x1
core   0: 3 0x8001159c (0x00001f17) x30 0x8001259c
core   0: 0x800115a0 (0xa63f2223) sw      gp, -1436(t5)
core   0: 3 0x800115a0 (0xa63f2223) mem 0x80012000 0x00000001
core   0: 0x800115a4 (0xff9ff06f) j       pc - 0x8
core   0: 3 0x800115a4 (0xff9ff06f)
core   0: 0x8001159c (0x00001f17) auipc   t5, 0x1
core   0: 3 0x8001159c (0x00001f17) x30 0x8001259c
core   0: 0x800115a0 (0xa63f2223) sw      gp, -1436(t5)
core   0: 3 0x800115a0 (0xa63f2223) mem 0x80012000 0x00000001
core   0: 0x800115a4 (0xff9ff06f) j       pc - 0x8
core   0: 3 0x800115a4 (0xff9ff06f)
core   0: 0x8001159c (0x00001f17) auipc   t5, 0x1
core   0: 3 0x8001159c (0x00001f17) x30 0x8001259c
core   0: 0x800115a0 (0xa63f2223) sw      gp, -1436(t5)
core   0: 3 0x800115a0 (0xa63f2223) mem 0x80012000 0x00000001
core   0: 0x800115a4 (0xff9ff06f) j       pc - 0x8
core   0: 3 0x800115a4 (0xff9ff06f)
core   0: 0x8001159c (0x00001f17) auipc   t5, 0x1
core   0: 3 0x8001159c (0x00001f17) x30 0x8001259c
core   0: 0x800115a0 (0xa63f2223) sw      gp, -1436(t5)
core   0: 3 0x800115a0 (0xa63f2223) mem 0x80012000 0x00000001
core   0: 0x800115a4 (0xff9ff06f) j       pc - 0x8
core   0: 3 0x800115a4 (0xff9ff06f)
core   0: 0x8001159c (0x00001f17) auipc   t5, 0x1
core   0: 3 0x8001159c (0x00001f17) x30 0x8001259c
core   0: 0x800115a0 (0xa63f2223) sw      gp, -1436(t5)
core   0: 3 0x800115a0 (0xa63f2223) mem 0x80012000 0x00000001
core   0: 0x800115a4 (0xff9ff06f) j       pc - 0x8
core   0: 3 0x800115a4 (0xff9ff06f)
core   0: 0x8001159c (0x00001f17) auipc   t5, 0x1
core   0: 3 0x8001159c (0x00001f17) x30 0x8001259c
core   0: 0x800115a0 (0xa63f2223) sw      gp, -1436(t5)
core   0: 3 0x800115a0 (0xa63f2223) mem 0x80012000 0x00000001
core   0: 0x800115a4 (0xff9ff06f) j       pc - 0x8
core   0: 3 0x800115a4 (0xff9ff06f)
core   0: 0x8001159c (0x00001f17) auipc   t5, 0x1
core   0: 3 0x8001159c (0x00001f17) x30 0x8001259c
core   0: 0x800115a0 (0xa63f2223) sw      gp, -1436(t5)
core   0: 3 0x800115a0 (0xa63f2223) mem 0x80012000 0x00000001
core   0: 0x800115a4 (0xff9ff06f) j       pc - 0x8
core   0: 3 0x800115a4 (0xff9ff06f)
core   0: 0x8001159c (0x00001f17) auipc   t5, 0x1
core   0: 3 0x8001159c (0x00001f17) x30 0x8001259c
core   0: 0x800115a0 (0xa63f2223) sw      gp, -1436(t5)
core   0: 3 0x800115a0 (0xa63f2223) mem 0x80012000 0x00000001
core   0: 0x800115a4 (0xff9ff06f) j       pc - 0x8
core   0: 3 0x800115a4 (0xff9ff06f)
core   0: 0x8001159c (0x00001f17) auipc   t5, 0x1
core   0: 3 0x8001159c (0x00001f17) x30 0x8001259c
core   0: 0x800115a0 (0xa63f2223) sw      gp, -1436(t5)
core   0: 3 0x800115a0 (0xa63f2223) mem 0x80012000 0x00000001
core   0: 0x800115a4 (0xff9ff06f) j       pc - 0x8
core   0: 3 0x800115a4 (0xff9ff06f)
core   0: 0x8001159c (0x00001f17) auipc   t5, 0x1
core   0: 3 0x8001159c (0x00001f17) x30 0x8001259c
core   0: 0x800115a0 (0xa63f2223) sw      gp, -1436(t5)
core   0: 3 0x800115a0 (0xa63f2223) mem 0x80012000 0x00000001
core   0: 0x800115a4 (0xff9ff06f) j       pc - 0x8
core   0: 3 0x800115a4 (0xff9ff06f)
core   0: 0x8001159c (0x00001f17) auipc   t5, 0x1
core   0: 3 0x8001159c (0x00001f17) x30 0x8001259c
core   0: 0x800115a0 (0xa63f2223) sw      gp, -1436(t5)
core   0: 3 0x800115a0 (0xa63f2223) mem 0x80012000 0x00000001
core   0: 0x800115a4 (0xff9ff06f) j       pc - 0x8
core   0: 3 0x800115a4 (0xff9ff06f)
core   0: 0x8001159c (0x00001f17) auipc   t5, 0x1
core   0: 3 0x8001159c (0x00001f17) x30 0x8001259c
core   0: 0x800115a0 (0xa63f2223) sw      gp, -1436(t5)
core   0: 3 0x800115a0 (0xa63f2223) mem 0x80012000 0x00000001
core   0: 0x800115a4 (0xff9ff06f) j       pc - 0x8
core   0: 3 0x800115a4 (0xff9ff06f)
core   0: 0x8001159c (0x00001f17) auipc   t5, 0x1
core   0: 3 0x8001159c (0x00001f17) x30 0x8001259c
core   0: 0x800115a0 (0xa63f2223) sw      gp, -1436(t5)
core   0: 3 0x800115a0 (0xa63f2223) mem 0x80012000 0x00000001
core   0: 0x800115a4 (0xff9ff06f) j       pc - 0x8
core   0: 3 0x800115a4 (0xff9ff06f)
core   0: 0x8001159c (0x00001f17) auipc   t5, 0x1
core   0: 3 0x8001159c (0x00001f17) x30 0x8001259c
core   0: 0x800115a0 (0xa63f2223) sw      gp, -1436(t5)
core   0: 3 0x800115a0 (0xa63f2223) mem 0x80012000 0x00000001
core   0: 0x800115a4 (0xff9ff06f) j       pc - 0x8
core   0: 3 0x800115a4 (0xff9ff06f)
core   0: 0x8001159c (0x00001f17) auipc   t5, 0x1
core   0: 3 0x8001159c (0x00001f17) x30 0x8001259c
core   0: 0x800115a0 (0xa63f2223) sw      gp, -1436(t5)
core   0: 3 0x800115a0 (0xa63f2223) mem 0x80012000 0x00000001
core   0: 0x800115a4 (0xff9ff06f) j       pc - 0x8
core   0: 3 0x800115a4 (0xff9ff06f)
core   0: 0x8001159c (0x00001f17) auipc   t5, 0x1
core   0: 3 0x8001159c (0x00001f17) x30 0x8001259c
core   0: 0x800115a0 (0xa63f2223) sw      gp, -1436(t5)
core   0: 3 0x800115a0 (0xa63f2223) mem 0x80012000 0x00000001
core   0: 0x800115a4 (0xff9ff06f) j       pc - 0x8
core   0: 3 0x800115a4 (0xff9ff06f)
core   0: 0x8001159c (0x00001f17) auipc   t5, 0x1
core   0: 3 0x8001159c (0x00001f17) x30 0x8001259c
core   0: 0x800115a0 (0xa63f2223) sw      gp, -1436(t5)
core   0: 3 0x800115a0 (0xa63f2223) mem 0x80012000 0x00000001
core   0: 0x800115a4 (0xff9ff06f) j       pc - 0x8
core   0: 3 0x800115a4 (0xff9ff06f)
core   0: 0x8001159c (0x00001f17) auipc   t5, 0x1
core   0: 3 0x8001159c (0x00001f17) x30 0x8001259c
core   0: 0x800115a0 (0xa63f2223) sw      gp, -1436(t5)
core   0: 3 0x800115a0 (0xa63f2223) mem 0x80012000 0x00000001
core   0: 0x800115a4 (0xff9ff06f) j       pc - 0x8
core   0: 3 0x800115a4 (0xff9ff06f)
core   0: 0x8001159c (0x00001f17) auipc   t5, 0x1
core   0: 3 0x8001159c (0x00001f17) x30 0x8001259c
core   0: 0x800115a0 (0xa63f2223) sw      gp, -1436(t5)
core   0: 3 0x800115a0 (0xa63f2223) mem 0x80012000 0x00000001
core   0: 0x800115a4 (0xff9ff06f) j       pc - 0x8
core   0: 3 0x800115a4 (0xff9ff06f)
core   0: 0x8001159c (0x00001f17) auipc   t5, 0x1
core   0: 3 0x8001159c (0x00001f17) x30 0x8001259c
core   0: 0x800115a0 (0xa63f2223) sw      gp, -1436(t5)
core   0: 3 0x800115a0 (0xa63f2223) mem 0x80012000 0x00000001
core   0: 0x800115a4 (0xff9ff06f) j       pc - 0x8
core   0: 3 0x800115a4 (0xff9ff06f)
core   0: 0x8001159c (0x00001f17) auipc   t5, 0x1
core   0: 3 0x8001159c (0x00001f17) x30 0x8001259c
core   0: 0x800115a0 (0xa63f2223) sw      gp, -1436(t5)
core   0: 3 0x800115a0 (0xa63f2223) mem 0x80012000 0x00000001
core   0: 0x800115a4 (0xff9ff06f) j       pc - 0x8
core   0: 3 0x800115a4 (0xff9ff06f)
core   0: 0x8001159c (0x00001f17) auipc   t5, 0x1
core   0: 3 0x8001159c (0x00001f17) x30 0x8001259c
core   0: 0x800115a0 (0xa63f2223) sw      gp, -1436(t5)
core   0: 3 0x800115a0 (0xa63f2223) mem 0x80012000 0x00000001
core   0: 0x800115a4 (0xff9ff06f) j       pc - 0x8
core   0: 3 0x800115a4 (0xff9ff06f)
core   0: 0x8001159c (0x00001f17) auipc   t5, 0x1
core   0: 3 0x8001159c (0x00001f17) x30 0x8001259c
core   0: 0x800115a0 (0xa63f2223) sw      gp, -1436(t5)
core   0: 3 0x800115a0 (0xa63f2223) mem 0x80012000 0x00000001
core   0: 0x800115a4 (0xff9ff06f) j       pc - 0x8
core   0: 3 0x800115a4 (0xff9ff06f)
core   0: 0x8001159c (0x00001f17) auipc   t5, 0x1
core   0: 3 0x8001159c (0x00001f17) x30 0x8001259c
core   0: 0x800115a0 (0xa63f2223) sw      gp, -1436(t5)
core   0: 3 0x800115a0 (0xa63f2223) mem 0x80012000 0x00000001
core   0: 0x800115a4 (0xff9ff06f) j       pc - 0x8
core   0: 3 0x800115a4 (0xff9ff06f)
core   0: 0x8001159c (0x00001f17) auipc   t5, 0x1
core   0: 3 0x8001159c (0x00001f17) x30 0x8001259c
core   0: 0x800115a0 (0xa63f2223) sw      gp, -1436(t5)
core   0: 3 0x800115a0 (0xa63f2223) mem 0x80012000 0x00000001
core   0: 0x800115a4 (0xff9ff06f) j       pc - 0x8
core   0: 3 0x800115a4 (0xff9ff06f)
core   0: 0x8001159c (0x00001f17) auipc   t5, 0x1
core   0: 3 0x8001159c (0x00001f17) x30 0x8001259c
core   0: 0x800115a0 (0xa63f2223) sw      gp, -1436(t5)
core   0: 3 0x800115a0 (0xa63f2223) mem 0x80012000 0x00000001
core   0: 0x800115a4 (0xff9ff06f) j       pc - 0x8
core   0: 3 0x800115a4 (0xff9ff06f)
core   0: 0x8001159c (0x00001f17) auipc   t5, 0x1
core   0: 3 0x8001159c (0x00001f17) x30 0x8001259c
core   0: 0x800115a0 (0xa63f2223) sw      gp, -1436(t5)
core   0: 3 0x800115a0 (0xa63f2223) mem 0x80012000 0x00000001
core   0: 0x800115a4 (0xff9ff06f) j       pc - 0x8
core   0: 3 0x800115a4 (0xff9ff06f)
core   0: 0x8001159c (0x00001f17) auipc   t5, 0x1
core   0: 3 0x8001159c (0x00001f17) x30 0x8001259c
core   0: 0x800115a0 (0xa63f2223) sw      gp, -1436(t5)
core   0: 3 0x800115a0 (0xa63f2223) mem 0x80012000 0x00000001
core   0: 0x800115a4 (0xff9ff06f) j       pc - 0x8
core   0: 3 0x800115a4 (0xff9ff06f)
core   0: 0x8001159c (0x00001f17) auipc   t5, 0x1
core   0: 3 0x8001159c (0x00001f17) x30 0x8001259c
core   0: 0x800115a0 (0xa63f2223) sw      gp, -1436(t5)
core   0: 3 0x800115a0 (0xa63f2223) mem 0x80012000 0x00000001
core   0: 0x800115a4 (0xff9ff06f) j       pc - 0x8
core   0: 3 0x800115a4 (0xff9ff06f)
core   0: 0x8001159c (0x00001f17) auipc   t5, 0x1
core   0: 3 0x8001159c (0x00001f17) x30 0x8001259c
core   0: 0x800115a0 (0xa63f2223) sw      gp, -1436(t5)
core   0: 3 0x800115a0 (0xa63f2223) mem 0x80012000 0x00000001
core   0: 0x800115a4 (0xff9ff06f) j       pc - 0x8
core   0: 3 0x800115a4 (0xff9ff06f)
core   0: 0x8001159c (0x00001f17) auipc   t5, 0x1
core   0: 3 0x8001159c (0x00001f17) x30 0x8001259c
core   0: 0x800115a0 (0xa63f2223) sw      gp, -1436(t5)
core   0: 3 0x800115a0 (0xa63f2223) mem 0x80012000 0x00000001
core   0: 0x800115a4 (0xff9ff06f) j       pc - 0x8
core   0: 3 0x800115a4 (0xff9ff06f)
core   0: 0x8001159c (0x00001f17) auipc   t5, 0x1
core   0: 3 0x8001159c (0x00001f17) x30 0x8001259c
core   0: 0x800115a0 (0xa63f2223) sw      gp, -1436(t5)
core   0: 3 0x800115a0 (0xa63f2223) mem 0x80012000 0x00000001
core   0: 0x800115a4 (0xff9ff06f) j       pc - 0x8
core   0: 3 0x800115a4 (0xff9ff06f)
core   0: 0x8001159c (0x00001f17) auipc   t5, 0x1
core   0: 3 0x8001159c (0x00001f17) x30 0x8001259c
core   0: 0x800115a0 (0xa63f2223) sw      gp, -1436(t5)
core   0: 3 0x800115a0 (0xa63f2223) mem 0x80012000 0x00000001
core   0: 0x800115a4 (0xff9ff06f) j       pc - 0x8
core   0: 3 0x800115a4 (0xff9ff06f)
core   0: 0x8001159c (0x00001f17) auipc   t5, 0x1
core   0: 3 0x8001159c (0x00001f17) x30 0x8001259c
core   0: 0x800115a0 (0xa63f2223) sw      gp, -1436(t5)
core   0: 3 0x800115a0 (0xa63f2223) mem 0x80012000 0x00000001
core   0: 0x800115a4 (0xff9ff06f) j       pc - 0x8
core   0: 3 0x800115a4 (0xff9ff06f)
core   0: 0x8001159c (0x00001f17) auipc   t5, 0x1
core   0: 3 0x8001159c (0x00001f17) x30 0x8001259c
core   0: 0x800115a0 (0xa63f2223) sw      gp, -1436(t5)
core   0: 3 0x800115a0 (0xa63f2223) mem 0x80012000 0x00000001
core   0: 0x800115a4 (0xff9ff06f) j       pc - 0x8
core   0: 3 0x800115a4 (0xff9ff06f)
core   0: 0x8001159c (0x00001f17) auipc   t5, 0x1
core   0: 3 0x8001159c (0x00001f17) x30 0x8001259c
core   0: 0x800115a0 (0xa63f2223) sw      gp, -1436(t5)
core   0: 3 0x800115a0 (0xa63f2223) mem 0x80012000 0x00000001
core   0: 0x800115a4 (0xff9ff06f) j       pc - 0x8
core   0: 3 0x800115a4 (0xff9ff06f)
core   0: 0x8001159c (0x00001f17) auipc   t5, 0x1
core   0: 3 0x8001159c (0x00001f17) x30 0x8001259c
core   0: 0x800115a0 (0xa63f2223) sw      gp, -1436(t5)
core   0: 3 0x800115a0 (0xa63f2223) mem 0x80012000 0x00000001
core   0: 0x800115a4 (0xff9ff06f) j       pc - 0x8
core   0: 3 0x800115a4 (0xff9ff06f)
core   0: 0x8001159c (0x00001f17) auipc   t5, 0x1
core   0: 3 0x8001159c (0x00001f17) x30 0x8001259c
core   0: 0x800115a0 (0xa63f2223) sw      gp, -1436(t5)
core   0: 3 0x800115a0 (0xa63f2223) mem 0x80012000 0x00000001
core   0: 0x800115a4 (0xff9ff06f) j       pc - 0x8
core   0: 3 0x800115a4 (0xff9ff06f)
core   0: 0x8001159c (0x00001f17) auipc   t5, 0x1
core   0: 3 0x8001159c (0x00001f17) x30 0x8001259c
core   0: 0x800115a0 (0xa63f2223) sw      gp, -1436(t5)
core   0: 3 0x800115a0 (0xa63f2223) mem 0x80012000 0x00000001
core   0: 0x800115a4 (0xff9ff06f) j       pc - 0x8
core   0: 3 0x800115a4 (0xff9ff06f)
core   0: 0x8001159c (0x00001f17) auipc   t5, 0x1
core   0: 3 0x8001159c (0x00001f17) x30 0x8001259c
core   0: 0x800115a0 (0xa63f2223) sw      gp, -1436(t5)
core   0: 3 0x800115a0 (0xa63f2223) mem 0x80012000 0x00000001
core   0: 0x800115a4 (0xff9ff06f) j       pc - 0x8
core   0: 3 0x800115a4 (0xff9ff06f)
core   0: 0x8001159c (0x00001f17) auipc   t5, 0x1
core   0: 3 0x8001159c (0x00001f17) x30 0x8001259c
core   0: 0x800115a0 (0xa63f2223) sw      gp, -1436(t5)
core   0: 3 0x800115a0 (0xa63f2223) mem 0x80012000 0x00000001
core   0: 0x800115a4 (0xff9ff06f) j       pc - 0x8
core   0: 3 0x800115a4 (0xff9ff06f)
core   0: 0x8001159c (0x00001f17) auipc   t5, 0x1
core   0: 3 0x8001159c (0x00001f17) x30 0x8001259c
core   0: 0x800115a0 (0xa63f2223) sw      gp, -1436(t5)
core   0: 3 0x800115a0 (0xa63f2223) mem 0x80012000 0x00000001
core   0: 0x800115a4 (0xff9ff06f) j       pc - 0x8
core   0: 3 0x800115a4 (0xff9ff06f)
core   0: 0x8001159c (0x00001f17) auipc   t5, 0x1
core   0: 3 0x8001159c (0x00001f17) x30 0x8001259c
core   0: 0x800115a0 (0xa63f2223) sw      gp, -1436(t5)
core   0: 3 0x800115a0 (0xa63f2223) mem 0x80012000 0x00000001
core   0: 0x800115a4 (0xff9ff06f) j       pc - 0x8
core   0: 3 0x800115a4 (0xff9ff06f)
core   0: 0x8001159c (0x00001f17) auipc   t5, 0x1
core   0: 3 0x8001159c (0x00001f17) x30 0x8001259c
core   0: 0x800115a0 (0xa63f2223) sw      gp, -1436(t5)
core   0: 3 0x800115a0 (0xa63f2223) mem 0x80012000 0x00000001
core   0: 0x800115a4 (0xff9ff06f) j       pc - 0x8
core   0: 3 0x800115a4 (0xff9ff06f)
core   0: 0x8001159c (0x00001f17) auipc   t5, 0x1
core   0: 3 0x8001159c (0x00001f17) x30 0x8001259c
core   0: 0x800115a0 (0xa63f2223) sw      gp, -1436(t5)
core   0: 3 0x800115a0 (0xa63f2223) mem 0x80012000 0x00000001
core   0: 0x800115a4 (0xff9ff06f) j       pc - 0x8
core   0: 3 0x800115a4 (0xff9ff06f)
core   0: 0x8001159c (0x00001f17) auipc   t5, 0x1
core   0: 3 0x8001159c (0x00001f17) x30 0x8001259c
core   0: 0x800115a0 (0xa63f2223) sw      gp, -1436(t5)
core   0: 3 0x800115a0 (0xa63f2223) mem 0x80012000 0x00000001
core   0: 0x800115a4 (0xff9ff06f) j       pc - 0x8
core   0: 3 0x800115a4 (0xff9ff06f)
core   0: 0x8001159c (0x00001f17) auipc   t5, 0x1
core   0: 3 0x8001159c (0x00001f17) x30 0x8001259c
core   0: 0x800115a0 (0xa63f2223) sw      gp, -1436(t5)
core   0: 3 0x800115a0 (0xa63f2223) mem 0x80012000 0x00000001
core   0: 0x800115a4 (0xff9ff06f) j       pc - 0x8
core   0: 3 0x800115a4 (0xff9ff06f)
core   0: 0x8001159c (0x00001f17) auipc   t5, 0x1
core   0: 3 0x8001159c (0x00001f17) x30 0x8001259c
core   0: 0x800115a0 (0xa63f2223) sw      gp, -1436(t5)
core   0: 3 0x800115a0 (0xa63f2223) mem 0x80012000 0x00000001
core   0: 0x800115a4 (0xff9ff06f) j       pc - 0x8
core   0: 3 0x800115a4 (0xff9ff06f)
core   0: 0x8001159c (0x00001f17) auipc   t5, 0x1
core   0: 3 0x8001159c (0x00001f17) x30 0x8001259c
core   0: 0x800115a0 (0xa63f2223) sw      gp, -1436(t5)
core   0: 3 0x800115a0 (0xa63f2223) mem 0x80012000 0x00000001
core   0: 0x800115a4 (0xff9ff06f) j       pc - 0x8
core   0: 3 0x800115a4 (0xff9ff06f)
core   0: 0x8001159c (0x00001f17) auipc   t5, 0x1
core   0: 3 0x8001159c (0x00001f17) x30 0x8001259c
core   0: 0x800115a0 (0xa63f2223) sw      gp, -1436(t5)
core   0: 3 0x800115a0 (0xa63f2223) mem 0x80012000 0x00000001
core   0: 0x800115a4 (0xff9ff06f) j       pc - 0x8
core   0: 3 0x800115a4 (0xff9ff06f)
core   0: 0x8001159c (0x00001f17) auipc   t5, 0x1
core   0: 3 0x8001159c (0x00001f17) x30 0x8001259c
core   0: 0x800115a0 (0xa63f2223) sw      gp, -1436(t5)
core   0: 3 0x800115a0 (0xa63f2223) mem 0x80012000 0x00000001
core   0: 0x800115a4 (0xff9ff06f) j       pc - 0x8
core   0: 3 0x800115a4 (0xff9ff06f)
core   0: 0x8001159c (0x00001f17) auipc   t5, 0x1
core   0: 3 0x8001159c (0x00001f17) x30 0x8001259c
core   0: 0x800115a0 (0xa63f2223) sw      gp, -1436(t5)
core   0: 3 0x800115a0 (0xa63f2223) mem 0x80012000 0x00000001
core   0: 0x800115a4 (0xff9ff06f) j       pc - 0x8
core   0: 3 0x800115a4 (0xff9ff06f)
core   0: 0x8001159c (0x00001f17) auipc   t5, 0x1
core   0: 3 0x8001159c (0x00001f17) x30 0x8001259c
core   0: 0x800115a0 (0xa63f2223) sw      gp, -1436(t5)
core   0: 3 0x800115a0 (0xa63f2223) mem 0x80012000 0x00000001
core   0: 0x800115a4 (0xff9ff06f) j       pc - 0x8
core   0: 3 0x800115a4 (0xff9ff06f)
core   0: 0x8001159c (0x00001f17) auipc   t5, 0x1
core   0: 3 0x8001159c (0x00001f17) x30 0x8001259c
core   0: 0x800115a0 (0xa63f2223) sw      gp, -1436(t5)
core   0: 3 0x800115a0 (0xa63f2223) mem 0x80012000 0x00000001
core   0: 0x800115a4 (0xff9ff06f) j       pc - 0x8
core   0: 3 0x800115a4 (0xff9ff06f)
core   0: 0x8001159c (0x00001f17) auipc   t5, 0x1
core   0: 3 0x8001159c (0x00001f17) x30 0x8001259c
core   0: 0x800115a0 (0xa63f2223) sw      gp, -1436(t5)
core   0: 3 0x800115a0 (0xa63f2223) mem 0x80012000 0x00000001
core   0: 0x800115a4 (0xff9ff06f) j       pc - 0x8
core   0: 3 0x800115a4 (0xff9ff06f)
core   0: 0x8001159c (0x00001f17) auipc   t5, 0x1
core   0: 3 0x8001159c (0x00001f17) x30 0x8001259c
core   0: 0x800115a0 (0xa63f2223) sw      gp, -1436(t5)
core   0: 3 0x800115a0 (0xa63f2223) mem 0x80012000 0x00000001
core   0: 0x800115a4 (0xff9ff06f) j       pc - 0x8
core   0: 3 0x800115a4 (0xff9ff06f)
core   0: 0x8001159c (0x00001f17) auipc   t5, 0x1
core   0: 3 0x8001159c (0x00001f17) x30 0x8001259c
core   0: 0x800115a0 (0xa63f2223) sw      gp, -1436(t5)
core   0: 3 0x800115a0 (0xa63f2223) mem 0x80012000 0x00000001
core   0: 0x800115a4 (0xff9ff06f) j       pc - 0x8
core   0: 3 0x800115a4 (0xff9ff06f)
core   0: 0x8001159c (0x00001f17) auipc   t5, 0x1
core   0: 3 0x8001159c (0x00001f17) x30 0x8001259c
core   0: 0x800115a0 (0xa63f2223) sw      gp, -1436(t5)
core   0: 3 0x800115a0 (0xa63f2223) mem 0x80012000 0x00000001
core   0: 0x800115a4 (0xff9ff06f) j       pc - 0x8
core   0: 3 0x800115a4 (0xff9ff06f)
core   0: 0x8001159c (0x00001f17) auipc   t5, 0x1
core   0: 3 0x8001159c (0x00001f17) x30 0x8001259c
core   0: 0x800115a0 (0xa63f2223) sw      gp, -1436(t5)
core   0: 3 0x800115a0 (0xa63f2223) mem 0x80012000 0x00000001
core   0: 0x800115a4 (0xff9ff06f) j       pc - 0x8
core   0: 3 0x800115a4 (0xff9ff06f)
core   0: 0x8001159c (0x00001f17) auipc   t5, 0x1
core   0: 3 0x8001159c (0x00001f17) x30 0x8001259c
core   0: 0x800115a0 (0xa63f2223) sw      gp, -1436(t5)
core   0: 3 0x800115a0 (0xa63f2223) mem 0x80012000 0x00000001
core   0: 0x800115a4 (0xff9ff06f) j       pc - 0x8
core   0: 3 0x800115a4 (0xff9ff06f)
core   0: 0x8001159c (0x00001f17) auipc   t5, 0x1
core   0: 3 0x8001159c (0x00001f17) x30 0x8001259c
core   0: 0x800115a0 (0xa63f2223) sw      gp, -1436(t5)
core   0: 3 0x800115a0 (0xa63f2223) mem 0x80012000 0x00000001
core   0: 0x800115a4 (0xff9ff06f) j       pc - 0x8
core   0: 3 0x800115a4 (0xff9ff06f)
core   0: 0x8001159c (0x00001f17) auipc   t5, 0x1
core   0: 3 0x8001159c (0x00001f17) x30 0x8001259c
core   0: 0x800115a0 (0xa63f2223) sw      gp, -1436(t5)
core   0: 3 0x800115a0 (0xa63f2223) mem 0x80012000 0x00000001
core   0: 0x800115a4 (0xff9ff06f) j       pc - 0x8
core   0: 3 0x800115a4 (0xff9ff06f)
core   0: 0x8001159c (0x00001f17) auipc   t5, 0x1
core   0: 3 0x8001159c (0x00001f17) x30 0x8001259c
core   0: 0x800115a0 (0xa63f2223) sw      gp, -1436(t5)
core   0: 3 0x800115a0 (0xa63f2223) mem 0x80012000 0x00000001
core   0: 0x800115a4 (0xff9ff06f) j       pc - 0x8
core   0: 3 0x800115a4 (0xff9ff06f)
core   0: 0x8001159c (0x00001f17) auipc   t5, 0x1
core   0: 3 0x8001159c (0x00001f17) x30 0x8001259c
core   0: 0x800115a0 (0xa63f2223) sw      gp, -1436(t5)
core   0: 3 0x800115a0 (0xa63f2223) mem 0x80012000 0x00000001
core   0: 0x800115a4 (0xff9ff06f) j       pc - 0x8
core   0: 3 0x800115a4 (0xff9ff06f)
core   0: 0x8001159c (0x00001f17) auipc   t5, 0x1
core   0: 3 0x8001159c (0x00001f17) x30 0x8001259c
core   0: 0x800115a0 (0xa63f2223) sw      gp, -1436(t5)
core   0: 3 0x800115a0 (0xa63f2223) mem 0x80012000 0x00000001
core   0: 0x800115a4 (0xff9ff06f) j       pc - 0x8
core   0: 3 0x800115a4 (0xff9ff06f)
core   0: 0x8001159c (0x00001f17) auipc   t5, 0x1
core   0: 3 0x8001159c (0x00001f17) x30 0x8001259c
core   0: 0x800115a0 (0xa63f2223) sw      gp, -1436(t5)
core   0: 3 0x800115a0 (0xa63f2223) mem 0x80012000 0x00000001
core   0: 0x800115a4 (0xff9ff06f) j       pc - 0x8
core   0: 3 0x800115a4 (0xff9ff06f)
core   0: 0x8001159c (0x00001f17) auipc   t5, 0x1
core   0: 3 0x8001159c (0x00001f17) x30 0x8001259c
core   0: 0x800115a0 (0xa63f2223) sw      gp, -1436(t5)
core   0: 3 0x800115a0 (0xa63f2223) mem 0x80012000 0x00000001
core   0: 0x800115a4 (0xff9ff06f) j       pc - 0x8
core   0: 3 0x800115a4 (0xff9ff06f)
core   0: 0x8001159c (0x00001f17) auipc   t5, 0x1
core   0: 3 0x8001159c (0x00001f17) x30 0x8001259c
core   0: 0x800115a0 (0xa63f2223) sw      gp, -1436(t5)
core   0: 3 0x800115a0 (0xa63f2223) mem 0x80012000 0x00000001
core   0: 0x800115a4 (0xff9ff06f) j       pc - 0x8
core   0: 3 0x800115a4 (0xff9ff06f)
core   0: 0x8001159c (0x00001f17) auipc   t5, 0x1
core   0: 3 0x8001159c (0x00001f17) x30 0x8001259c
core   0: 0x800115a0 (0xa63f2223) sw      gp, -1436(t5)
core   0: 3 0x800115a0 (0xa63f2223) mem 0x80012000 0x00000001
core   0: 0x800115a4 (0xff9ff06f) j       pc - 0x8
core   0: 3 0x800115a4 (0xff9ff06f)
core   0: 0x8001159c (0x00001f17) auipc   t5, 0x1
core   0: 3 0x8001159c (0x00001f17) x30 0x8001259c
core   0: 0x800115a0 (0xa63f2223) sw      gp, -1436(t5)
core   0: 3 0x800115a0 (0xa63f2223) mem 0x80012000 0x00000001
core   0: 0x800115a4 (0xff9ff06f) j       pc - 0x8
core   0: 3 0x800115a4 (0xff9ff06f)
core   0: 0x8001159c (0x00001f17) auipc   t5, 0x1
core   0: 3 0x8001159c (0x00001f17) x30 0x8001259c
core   0: 0x800115a0 (0xa63f2223) sw      gp, -1436(t5)
core   0: 3 0x800115a0 (0xa63f2223) mem 0x80012000 0x00000001
core   0: 0x800115a4 (0xff9ff06f) j       pc - 0x8
core   0: 3 0x800115a4 (0xff9ff06f)
core   0: 0x8001159c (0x00001f17) auipc   t5, 0x1
core   0: 3 0x8001159c (0x00001f17) x30 0x8001259c
core   0: 0x800115a0 (0xa63f2223) sw      gp, -1436(t5)
core   0: 3 0x800115a0 (0xa63f2223) mem 0x80012000 0x00000001
core   0: 0x800115a4 (0xff9ff06f) j       pc - 0x8
core   0: 3 0x800115a4 (0xff9ff06f)
core   0: 0x8001159c (0x00001f17) auipc   t5, 0x1
core   0: 3 0x8001159c (0x00001f17) x30 0x8001259c
core   0: 0x800115a0 (0xa63f2223) sw      gp, -1436(t5)
core   0: 3 0x800115a0 (0xa63f2223) mem 0x80012000 0x00000001
core   0: 0x800115a4 (0xff9ff06f) j       pc - 0x8
core   0: 3 0x800115a4 (0xff9ff06f)
core   0: 0x8001159c (0x00001f17) auipc   t5, 0x1
core   0: 3 0x8001159c (0x00001f17) x30 0x8001259c
core   0: 0x800115a0 (0xa63f2223) sw      gp, -1436(t5)
core   0: 3 0x800115a0 (0xa63f2223) mem 0x80012000 0x00000001
core   0: 0x800115a4 (0xff9ff06f) j       pc - 0x8
core   0: 3 0x800115a4 (0xff9ff06f)
core   0: 0x8001159c (0x00001f17) auipc   t5, 0x1
core   0: 3 0x8001159c (0x00001f17) x30 0x8001259c
core   0: 0x800115a0 (0xa63f2223) sw      gp, -1436(t5)
core   0: 3 0x800115a0 (0xa63f2223) mem 0x80012000 0x00000001
core   0: 0x800115a4 (0xff9ff06f) j       pc - 0x8
core   0: 3 0x800115a4 (0xff9ff06f)
core   0: 0x8001159c (0x00001f17) auipc   t5, 0x1
core   0: 3 0x8001159c (0x00001f17) x30 0x8001259c
core   0: 0x800115a0 (0xa63f2223) sw      gp, -1436(t5)
core   0: 3 0x800115a0 (0xa63f2223) mem 0x80012000 0x00000001
core   0: 0x800115a4 (0xff9ff06f) j       pc - 0x8
core   0: 3 0x800115a4 (0xff9ff06f)
core   0: 0x8001159c (0x00001f17) auipc   t5, 0x1
core   0: 3 0x8001159c (0x00001f17) x30 0x8001259c
core   0: 0x800115a0 (0xa63f2223) sw      gp, -1436(t5)
core   0: 3 0x800115a0 (0xa63f2223) mem 0x80012000 0x00000001
core   0: 0x800115a4 (0xff9ff06f) j       pc - 0x8
core   0: 3 0x800115a4 (0xff9ff06f)
core   0: 0x8001159c (0x00001f17) auipc   t5, 0x1
core   0: 3 0x8001159c (0x00001f17) x30 0x8001259c
core   0: 0x800115a0 (0xa63f2223) sw      gp, -1436(t5)
core   0: 3 0x800115a0 (0xa63f2223) mem 0x80012000 0x00000001
core   0: 0x800115a4 (0xff9ff06f) j       pc - 0x8
core   0: 3 0x800115a4 (0xff9ff06f)
core   0: 0x8001159c (0x00001f17) auipc   t5, 0x1
core   0: 3 0x8001159c (0x00001f17) x30 0x8001259c
core   0: 0x800115a0 (0xa63f2223) sw      gp, -1436(t5)
core   0: 3 0x800115a0 (0xa63f2223) mem 0x80012000 0x00000001
core   0: 0x800115a4 (0xff9ff06f) j       pc - 0x8
core   0: 3 0x800115a4 (0xff9ff06f)
core   0: 0x8001159c (0x00001f17) auipc   t5, 0x1
core   0: 3 0x8001159c (0x00001f17) x30 0x8001259c
core   0: 0x800115a0 (0xa63f2223) sw      gp, -1436(t5)
core   0: 3 0x800115a0 (0xa63f2223) mem 0x80012000 0x00000001
core   0: 0x800115a4 (0xff9ff06f) j       pc - 0x8
core   0: 3 0x800115a4 (0xff9ff06f)
core   0: 0x8001159c (0x00001f17) auipc   t5, 0x1
core   0: 3 0x8001159c (0x00001f17) x30 0x8001259c
core   0: 0x800115a0 (0xa63f2223) sw      gp, -1436(t5)
core   0: 3 0x800115a0 (0xa63f2223) mem 0x80012000 0x00000001
core   0: 0x800115a4 (0xff9ff06f) j       pc - 0x8
core   0: 3 0x800115a4 (0xff9ff06f)
core   0: 0x8001159c (0x00001f17) auipc   t5, 0x1
core   0: 3 0x8001159c (0x00001f17) x30 0x8001259c
core   0: 0x800115a0 (0xa63f2223) sw      gp, -1436(t5)
core   0: 3 0x800115a0 (0xa63f2223) mem 0x80012000 0x00000001
core   0: 0x800115a4 (0xff9ff06f) j       pc - 0x8
core   0: 3 0x800115a4 (0xff9ff06f)
core   0: 0x8001159c (0x00001f17) auipc   t5, 0x1
core   0: 3 0x8001159c (0x00001f17) x30 0x8001259c
core   0: 0x800115a0 (0xa63f2223) sw      gp, -1436(t5)
core   0: 3 0x800115a0 (0xa63f2223) mem 0x80012000 0x00000001
core   0: 0x800115a4 (0xff9ff06f) j       pc - 0x8
core   0: 3 0x800115a4 (0xff9ff06f)
core   0: 0x8001159c (0x00001f17) auipc   t5, 0x1
core   0: 3 0x8001159c (0x00001f17) x30 0x8001259c
core   0: 0x800115a0 (0xa63f2223) sw      gp, -1436(t5)
core   0: 3 0x800115a0 (0xa63f2223) mem 0x80012000 0x00000001
core   0: 0x800115a4 (0xff9ff06f) j       pc - 0x8
core   0: 3 0x800115a4 (0xff9ff06f)
core   0: 0x8001159c (0x00001f17) auipc   t5, 0x1
core   0: 3 0x8001159c (0x00001f17) x30 0x8001259c
core   0: 0x800115a0 (0xa63f2223) sw      gp, -1436(t5)
core   0: 3 0x800115a0 (0xa63f2223) mem 0x80012000 0x00000001
core   0: 0x800115a4 (0xff9ff06f) j       pc - 0x8
core   0: 3 0x800115a4 (0xff9ff06f)
core   0: 0x8001159c (0x00001f17) auipc   t5, 0x1
core   0: 3 0x8001159c (0x00001f17) x30 0x8001259c
core   0: 0x800115a0 (0xa63f2223) sw      gp, -1436(t5)
core   0: 3 0x800115a0 (0xa63f2223) mem 0x80012000 0x00000001
core   0: 0x800115a4 (0xff9ff06f) j       pc - 0x8
core   0: 3 0x800115a4 (0xff9ff06f)
core   0: 0x8001159c (0x00001f17) auipc   t5, 0x1
core   0: 3 0x8001159c (0x00001f17) x30 0x8001259c
core   0: 0x800115a0 (0xa63f2223) sw      gp, -1436(t5)
core   0: 3 0x800115a0 (0xa63f2223) mem 0x80012000 0x00000001
core   0: 0x800115a4 (0xff9ff06f) j       pc - 0x8
core   0: 3 0x800115a4 (0xff9ff06f)
core   0: 0x8001159c (0x00001f17) auipc   t5, 0x1
core   0: 3 0x8001159c (0x00001f17) x30 0x8001259c
core   0: 0x800115a0 (0xa63f2223) sw      gp, -1436(t5)
core   0: 3 0x800115a0 (0xa63f2223) mem 0x80012000 0x00000001
core   0: 0x800115a4 (0xff9ff06f) j       pc - 0x8
core   0: 3 0x800115a4 (0xff9ff06f)
core   0: 0x8001159c (0x00001f17) auipc   t5, 0x1
core   0: 3 0x8001159c (0x00001f17) x30 0x8001259c
core   0: 0x800115a0 (0xa63f2223) sw      gp, -1436(t5)
core   0: 3 0x800115a0 (0xa63f2223) mem 0x80012000 0x00000001
core   0: 0x800115a4 (0xff9ff06f) j       pc - 0x8
core   0: 3 0x800115a4 (0xff9ff06f)
core   0: 0x8001159c (0x00001f17) auipc   t5, 0x1
core   0: 3 0x8001159c (0x00001f17) x30 0x8001259c
core   0: 0x800115a0 (0xa63f2223) sw      gp, -1436(t5)
core   0: 3 0x800115a0 (0xa63f2223) mem 0x80012000 0x00000001
core   0: 0x800115a4 (0xff9ff06f) j       pc - 0x8
core   0: 3 0x800115a4 (0xff9ff06f)
core   0: 0x8001159c (0x00001f17) auipc   t5, 0x1
core   0: 3 0x8001159c (0x00001f17) x30 0x8001259c
core   0: 0x800115a0 (0xa63f2223) sw      gp, -1436(t5)
core   0: 3 0x800115a0 (0xa63f2223) mem 0x80012000 0x00000001
core   0: 0x800115a4 (0xff9ff06f) j       pc - 0x8
core   0: 3 0x800115a4 (0xff9ff06f)
core   0: 0x8001159c (0x00001f17) auipc   t5, 0x1
core   0: 3 0x8001159c (0x00001f17) x30 0x8001259c
core   0: 0x800115a0 (0xa63f2223) sw      gp, -1436(t5)
core   0: 3 0x800115a0 (0xa63f2223) mem 0x80012000 0x00000001
core   0: 0x800115a4 (0xff9ff06f) j       pc - 0x8
core   0: 3 0x800115a4 (0xff9ff06f)
core   0: 0x8001159c (0x00001f17) auipc   t5, 0x1
core   0: 3 0x8001159c (0x00001f17) x30 0x8001259c
core   0: 0x800115a0 (0xa63f2223) sw      gp, -1436(t5)
core   0: 3 0x800115a0 (0xa63f2223) mem 0x80012000 0x00000001
core   0: 0x800115a4 (0xff9ff06f) j       pc - 0x8
core   0: 3 0x800115a4 (0xff9ff06f)
core   0: 0x8001159c (0x00001f17) auipc   t5, 0x1
core   0: 3 0x8001159c (0x00001f17) x30 0x8001259c
core   0: 0x800115a0 (0xa63f2223) sw      gp, -1436(t5)
core   0: 3 0x800115a0 (0xa63f2223) mem 0x80012000 0x00000001
core   0: 0x800115a4 (0xff9ff06f) j       pc - 0x8
core   0: 3 0x800115a4 (0xff9ff06f)
core   0: 0x8001159c (0x00001f17) auipc   t5, 0x1
core   0: 3 0x8001159c (0x00001f17) x30 0x8001259c
core   0: 0x800115a0 (0xa63f2223) sw      gp, -1436(t5)
core   0: 3 0x800115a0 (0xa63f2223) mem 0x80012000 0x00000001
core   0: 0x800115a4 (0xff9ff06f) j       pc - 0x8
core   0: 3 0x800115a4 (0xff9ff06f)
core   0: 0x8001159c (0x00001f17) auipc   t5, 0x1
core   0: 3 0x8001159c (0x00001f17) x30 0x8001259c
core   0: 0x800115a0 (0xa63f2223) sw      gp, -1436(t5)
core   0: 3 0x800115a0 (0xa63f2223) mem 0x80012000 0x00000001
core   0: 0x800115a4 (0xff9ff06f) j       pc - 0x8
core   0: 3 0x800115a4 (0xff9ff06f)
core   0: 0x8001159c (0x00001f17) auipc   t5, 0x1
core   0: 3 0x8001159c (0x00001f17) x30 0x8001259c
core   0: 0x800115a0 (0xa63f2223) sw      gp, -1436(t5)
core   0: 3 0x800115a0 (0xa63f2223) mem 0x80012000 0x00000001
core   0: 0x800115a4 (0xff9ff06f) j       pc - 0x8
core   0: 3 0x800115a4 (0xff9ff06f)
core   0: 0x8001159c (0x00001f17) auipc   t5, 0x1
core   0: 3 0x8001159c (0x00001f17) x30 0x8001259c
core   0: 0x800115a0 (0xa63f2223) sw      gp, -1436(t5)
core   0: 3 0x800115a0 (0xa63f2223) mem 0x80012000 0x00000001
core   0: 0x800115a4 (0xff9ff06f) j       pc - 0x8
core   0: 3 0x800115a4 (0xff9ff06f)
core   0: 0x8001159c (0x00001f17) auipc   t5, 0x1
core   0: 3 0x8001159c (0x00001f17) x30 0x8001259c
core   0: 0x800115a0 (0xa63f2223) sw      gp, -1436(t5)
core   0: 3 0x800115a0 (0xa63f2223) mem 0x80012000 0x00000001
core   0: 0x800115a4 (0xff9ff06f) j       pc - 0x8
core   0: 3 0x800115a4 (0xff9ff06f)
core   0: 0x8001159c (0x00001f17) auipc   t5, 0x1
core   0: 3 0x8001159c (0x00001f17) x30 0x8001259c
core   0: 0x800115a0 (0xa63f2223) sw      gp, -1436(t5)
core   0: 3 0x800115a0 (0xa63f2223) mem 0x80012000 0x00000001
core   0: 0x800115a4 (0xff9ff06f) j       pc - 0x8
core   0: 3 0x800115a4 (0xff9ff06f)
core   0: 0x8001159c (0x00001f17) auipc   t5, 0x1
core   0: 3 0x8001159c (0x00001f17) x30 0x8001259c
core   0: 0x800115a0 (0xa63f2223) sw      gp, -1436(t5)
core   0: 3 0x800115a0 (0xa63f2223) mem 0x80012000 0x00000001
core   0: 0x800115a4 (0xff9ff06f) j       pc - 0x8
core   0: 3 0x800115a4 (0xff9ff06f)
core   0: 0x8001159c (0x00001f17) auipc   t5, 0x1
core   0: 3 0x8001159c (0x00001f17) x30 0x8001259c
core   0: 0x800115a0 (0xa63f2223) sw      gp, -1436(t5)
core   0: 3 0x800115a0 (0xa63f2223) mem 0x80012000 0x00000001
core   0: 0x800115a4 (0xff9ff06f) j       pc - 0x8
core   0: 3 0x800115a4 (0xff9ff06f)
core   0: 0x8001159c (0x00001f17) auipc   t5, 0x1
core   0: 3 0x8001159c (0x00001f17) x30 0x8001259c
core   0: 0x800115a0 (0xa63f2223) sw      gp, -1436(t5)
core   0: 3 0x800115a0 (0xa63f2223) mem 0x80012000 0x00000001
core   0: 0x800115a4 (0xff9ff06f) j       pc - 0x8
core   0: 3 0x800115a4 (0xff9ff06f)
core   0: 0x8001159c (0x00001f17) auipc   t5, 0x1
core   0: 3 0x8001159c (0x00001f17) x30 0x8001259c
core   0: 0x800115a0 (0xa63f2223) sw      gp, -1436(t5)
core   0: 3 0x800115a0 (0xa63f2223) mem 0x80012000 0x00000001
core   0: 0x800115a4 (0xff9ff06f) j       pc - 0x8
core   0: 3 0x800115a4 (0xff9ff06f)
core   0: 0x8001159c (0x00001f17) auipc   t5, 0x1
core   0: 3 0x8001159c (0x00001f17) x30 0x8001259c
core   0: 0x800115a0 (0xa63f2223) sw      gp, -1436(t5)
core   0: 3 0x800115a0 (0xa63f2223) mem 0x80012000 0x00000001
core   0: 0x800115a4 (0xff9ff06f) j       pc - 0x8
core   0: 3 0x800115a4 (0xff9ff06f)
core   0: 0x8001159c (0x00001f17) auipc   t5, 0x1
core   0: 3 0x8001159c (0x00001f17) x30 0x8001259c
core   0: 0x800115a0 (0xa63f2223) sw      gp, -1436(t5)
core   0: 3 0x800115a0 (0xa63f2223) mem 0x80012000 0x00000001
core   0: 0x800115a4 (0xff9ff06f) j       pc - 0x8
core   0: 3 0x800115a4 (0xff9ff06f)
core   0: 0x8001159c (0x00001f17) auipc   t5, 0x1
core   0: 3 0x8001159c (0x00001f17) x30 0x8001259c
core   0: 0x800115a0 (0xa63f2223) sw      gp, -1436(t5)
core   0: 3 0x800115a0 (0xa63f2223) mem 0x80012000 0x00000001
core   0: 0x800115a4 (0xff9ff06f) j       pc - 0x8
core   0: 3 0x800115a4 (0xff9ff06f)
core   0: 0x8001159c (0x00001f17) auipc   t5, 0x1
core   0: 3 0x8001159c (0x00001f17) x30 0x8001259c
core   0: 0x800115a0 (0xa63f2223) sw      gp, -1436(t5)
core   0: 3 0x800115a0 (0xa63f2223) mem 0x80012000 0x00000001
core   0: 0x800115a4 (0xff9ff06f) j       pc - 0x8
core   0: 3 0x800115a4 (0xff9ff06f)
core   0: 0x8001159c (0x00001f17) auipc   t5, 0x1
core   0: 3 0x8001159c (0x00001f17) x30 0x8001259c
core   0: 0x800115a0 (0xa63f2223) sw      gp, -1436(t5)
core   0: 3 0x800115a0 (0xa63f2223) mem 0x80012000 0x00000001
core   0: 0x800115a4 (0xff9ff06f) j       pc - 0x8
core   0: 3 0x800115a4 (0xff9ff06f)
core   0: 0x8001159c (0x00001f17) auipc   t5, 0x1
core   0: 3 0x8001159c (0x00001f17) x30 0x8001259c
core   0: 0x800115a0 (0xa63f2223) sw      gp, -1436(t5)
core   0: 3 0x800115a0 (0xa63f2223) mem 0x80012000 0x00000001
core   0: 0x800115a4 (0xff9ff06f) j       pc - 0x8
core   0: 3 0x800115a4 (0xff9ff06f)
core   0: 0x8001159c (0x00001f17) auipc   t5, 0x1
core   0: 3 0x8001159c (0x00001f17) x30 0x8001259c
core   0: 0x800115a0 (0xa63f2223) sw      gp, -1436(t5)
core   0: 3 0x800115a0 (0xa63f2223) mem 0x80012000 0x00000001
core   0: 0x800115a4 (0xff9ff06f) j       pc - 0x8
core   0: 3 0x800115a4 (0xff9ff06f)
core   0: 0x8001159c (0x00001f17) auipc   t5, 0x1
core   0: 3 0x8001159c (0x00001f17) x30 0x8001259c
core   0: 0x800115a0 (0xa63f2223) sw      gp, -1436(t5)
core   0: 3 0x800115a0 (0xa63f2223) mem 0x80012000 0x00000001
core   0: 0x800115a4 (0xff9ff06f) j       pc - 0x8
core   0: 3 0x800115a4 (0xff9ff06f)
core   0: 0x8001159c (0x00001f17) auipc   t5, 0x1
core   0: 3 0x8001159c (0x00001f17) x30 0x8001259c
core   0: 0x800115a0 (0xa63f2223) sw      gp, -1436(t5)
core   0: 3 0x800115a0 (0xa63f2223) mem 0x80012000 0x00000001
core   0: 0x800115a4 (0xff9ff06f) j       pc - 0x8
core   0: 3 0x800115a4 (0xff9ff06f)
core   0: 0x8001159c (0x00001f17) auipc   t5, 0x1
core   0: 3 0x8001159c (0x00001f17) x30 0x8001259c
core   0: 0x800115a0 (0xa63f2223) sw      gp, -1436(t5)
core   0: 3 0x800115a0 (0xa63f2223) mem 0x80012000 0x00000001
